using /home/chsu/rvp-workspace/test-64/riscof_work/pdifsumau.b-01.S/ref/Reference-sail_c_simulator.signature for test-signature output.
tohost located at 0x80002000
Running file ref.elf.
ELF Entry @ 0x80000000
begin_signature: 0x80004110
end_signature: 0x800043b0
CSR mstatus <- 0x0000000A00000000 (input: 0x0000000000000000)
mem[X,0x0000000000001000] -> 0x0297
mem[X,0x0000000000001002] -> 0x0000
[0] [M]: 0x0000000000001000 (0x00000297) auipc t0, 0x0
x5 <- 0x0000000000001000

mem[X,0x0000000000001004] -> 0x8593
mem[X,0x0000000000001006] -> 0x0202
[1] [M]: 0x0000000000001004 (0x02028593) addi a1, t0, 0x20
x11 <- 0x0000000000001020

mem[X,0x0000000000001008] -> 0x2573
mem[X,0x000000000000100A] -> 0xF140
[2] [M]: 0x0000000000001008 (0xF1402573) csrrs a0, mhartid, zero
CSR mhartid -> 0x0000000000000000
x10 <- 0x0000000000000000

mem[X,0x000000000000100C] -> 0xB283
mem[X,0x000000000000100E] -> 0x0182
[3] [M]: 0x000000000000100C (0x0182B283) ld t0, 0x18(t0)
mem[R,0x0000000000001018] -> 0x0000000080000000
x5 <- 0x0000000080000000

mem[X,0x0000000000001010] -> 0x8067
mem[X,0x0000000000001012] -> 0x0002
[4] [M]: 0x0000000000001010 (0x00028067) jalr zero, 0x0(t0)

mem[X,0x0000000080000000] -> 0x0837
mem[X,0x0000000080000002] -> 0x7D5C
[5] [M]: 0x0000000080000000 (0x7D5C0837) lui a6, 0x7d5c0
x16 <- 0x000000007D5C0000

mem[X,0x0000000080000004] -> 0x0813
mem[X,0x0000000080000006] -> 0xDDB8
[6] [M]: 0x0000000080000004 (0xDDB80813) addi a6, a6, -0x225
x16 <- 0x000000007D5BFDDB

mem[X,0x0000000080000008] -> 0x1813
mem[X,0x000000008000000A] -> 0x00B8
[7] [M]: 0x0000000080000008 (0x00B81813) slli a6, a6, 0xb
x16 <- 0x000003EADFEED800

mem[X,0x000000008000000C] -> 0x0813
mem[X,0x000000008000000E] -> 0x3EA8
[8] [M]: 0x000000008000000C (0x3EA80813) addi a6, a6, 0x3ea
x16 <- 0x000003EADFEEDBEA

mem[X,0x0000000080000010] -> 0x1813
mem[X,0x0000000080000012] -> 0x00B8
[9] [M]: 0x0000000080000010 (0x00B81813) slli a6, a6, 0xb
x16 <- 0x001F56FF76DF5000

mem[X,0x0000000080000014] -> 0x0813
mem[X,0x0000000080000016] -> 0x6FF8
[10] [M]: 0x0000000080000014 (0x6FF80813) addi a6, a6, 0x6ff
x16 <- 0x001F56FF76DF56FF

mem[X,0x0000000080000018] -> 0x1813
mem[X,0x000000008000001A] -> 0x00A8
[11] [M]: 0x0000000080000018 (0x00A81813) slli a6, a6, 0xa
x16 <- 0x7D5BFDDB7D5BFC00

mem[X,0x000000008000001C] -> 0x0813
mem[X,0x000000008000001E] -> 0x1DB8
[12] [M]: 0x000000008000001C (0x1DB80813) addi a6, a6, 0x1db
x16 <- 0x7D5BFDDB7D5BFDDB

mem[X,0x0000000080000020] -> 0x5893
mem[X,0x0000000080000022] -> 0x0078
[13] [M]: 0x0000000080000020 (0x00785893) srli a7, a6, 0x7
x17 <- 0x00FAB7FBB6FAB7FB

mem[X,0x0000000080000024] -> 0x5793
mem[X,0x0000000080000026] -> 0x0398
[14] [M]: 0x0000000080000024 (0x03985793) srli a5, a6, 0x39
x15 <- 0x000000000000003E

mem[X,0x0000000080000028] -> 0xE8B3
mem[X,0x000000008000002A] -> 0x00F8
[15] [M]: 0x0000000080000028 (0x00F8E8B3) or a7, a7, a5
x17 <- 0x00FAB7FBB6FAB7FF

mem[X,0x000000008000002C] -> 0xD913
mem[X,0x000000008000002E] -> 0x0078
[16] [M]: 0x000000008000002C (0x0078D913) srli s2, a7, 0x7
x18 <- 0x0001F56FF76DF56F

mem[X,0x0000000080000030] -> 0xD793
mem[X,0x0000000080000032] -> 0x0398
[17] [M]: 0x0000000080000030 (0x0398D793) srli a5, a7, 0x39
x15 <- 0x0000000000000000

mem[X,0x0000000080000034] -> 0x6933
mem[X,0x0000000080000036] -> 0x00F9
[18] [M]: 0x0000000080000034 (0x00F96933) or s2, s2, a5
x18 <- 0x0001F56FF76DF56F

mem[X,0x0000000080000038] -> 0x5993
mem[X,0x000000008000003A] -> 0x0079
[19] [M]: 0x0000000080000038 (0x00795993) srli s3, s2, 0x7
x19 <- 0x000003EADFEEDBEA

mem[X,0x000000008000003C] -> 0x5793
mem[X,0x000000008000003E] -> 0x0399
[20] [M]: 0x000000008000003C (0x03995793) srli a5, s2, 0x39
x15 <- 0x0000000000000000

mem[X,0x0000000080000040] -> 0xE9B3
mem[X,0x0000000080000042] -> 0x00F9
[21] [M]: 0x0000000080000040 (0x00F9E9B3) or s3, s3, a5
x19 <- 0x000003EADFEEDBEA

mem[X,0x0000000080000044] -> 0xDA13
mem[X,0x0000000080000046] -> 0x0079
[22] [M]: 0x0000000080000044 (0x0079DA13) srli s4, s3, 0x7
x20 <- 0x00000007D5BFDDB7

mem[X,0x0000000080000048] -> 0xD793
mem[X,0x000000008000004A] -> 0x0399
[23] [M]: 0x0000000080000048 (0x0399D793) srli a5, s3, 0x39
x15 <- 0x0000000000000000

mem[X,0x000000008000004C] -> 0x6A33
mem[X,0x000000008000004E] -> 0x00FA
[24] [M]: 0x000000008000004C (0x00FA6A33) or s4, s4, a5
x20 <- 0x00000007D5BFDDB7

mem[X,0x0000000080000050] -> 0x5A93
mem[X,0x0000000080000052] -> 0x007A
[25] [M]: 0x0000000080000050 (0x007A5A93) srli s5, s4, 0x7
x21 <- 0x000000000FAB7FBB

mem[X,0x0000000080000054] -> 0x5793
mem[X,0x0000000080000056] -> 0x039A
[26] [M]: 0x0000000080000054 (0x039A5793) srli a5, s4, 0x39
x15 <- 0x0000000000000000

mem[X,0x0000000080000058] -> 0xEAB3
mem[X,0x000000008000005A] -> 0x00FA
[27] [M]: 0x0000000080000058 (0x00FAEAB3) or s5, s5, a5
x21 <- 0x000000000FAB7FBB

mem[X,0x000000008000005C] -> 0xDB13
mem[X,0x000000008000005E] -> 0x007A
[28] [M]: 0x000000008000005C (0x007ADB13) srli s6, s5, 0x7
x22 <- 0x00000000001F56FF

mem[X,0x0000000080000060] -> 0xD793
mem[X,0x0000000080000062] -> 0x039A
[29] [M]: 0x0000000080000060 (0x039AD793) srli a5, s5, 0x39
x15 <- 0x0000000000000000

mem[X,0x0000000080000064] -> 0x6B33
mem[X,0x0000000080000066] -> 0x00FB
[30] [M]: 0x0000000080000064 (0x00FB6B33) or s6, s6, a5
x22 <- 0x00000000001F56FF

mem[X,0x0000000080000068] -> 0x5B93
mem[X,0x000000008000006A] -> 0x007B
[31] [M]: 0x0000000080000068 (0x007B5B93) srli s7, s6, 0x7
x23 <- 0x0000000000003EAD

mem[X,0x000000008000006C] -> 0x5793
mem[X,0x000000008000006E] -> 0x039B
[32] [M]: 0x000000008000006C (0x039B5793) srli a5, s6, 0x39
x15 <- 0x0000000000000000

mem[X,0x0000000080000070] -> 0xEBB3
mem[X,0x0000000080000072] -> 0x00FB
[33] [M]: 0x0000000080000070 (0x00FBEBB3) or s7, s7, a5
x23 <- 0x0000000000003EAD

mem[X,0x0000000080000074] -> 0xDC13
mem[X,0x0000000080000076] -> 0x007B
[34] [M]: 0x0000000080000074 (0x007BDC13) srli s8, s7, 0x7
x24 <- 0x000000000000007D

mem[X,0x0000000080000078] -> 0xD793
mem[X,0x000000008000007A] -> 0x039B
[35] [M]: 0x0000000080000078 (0x039BD793) srli a5, s7, 0x39
x15 <- 0x0000000000000000

mem[X,0x000000008000007C] -> 0x6C33
mem[X,0x000000008000007E] -> 0x00FC
[36] [M]: 0x000000008000007C (0x00FC6C33) or s8, s8, a5
x24 <- 0x000000000000007D

mem[X,0x0000000080000080] -> 0x5C93
mem[X,0x0000000080000082] -> 0x007C
[37] [M]: 0x0000000080000080 (0x007C5C93) srli s9, s8, 0x7
x25 <- 0x0000000000000000

mem[X,0x0000000080000084] -> 0x5793
mem[X,0x0000000080000086] -> 0x039C
[38] [M]: 0x0000000080000084 (0x039C5793) srli a5, s8, 0x39
x15 <- 0x0000000000000000

mem[X,0x0000000080000088] -> 0xECB3
mem[X,0x000000008000008A] -> 0x00FC
[39] [M]: 0x0000000080000088 (0x00FCECB3) or s9, s9, a5
x25 <- 0x0000000000000000

mem[X,0x000000008000008C] -> 0xDD13
mem[X,0x000000008000008E] -> 0x007C
[40] [M]: 0x000000008000008C (0x007CDD13) srli s10, s9, 0x7
x26 <- 0x0000000000000000

mem[X,0x0000000080000090] -> 0xD793
mem[X,0x0000000080000092] -> 0x039C
[41] [M]: 0x0000000080000090 (0x039CD793) srli a5, s9, 0x39
x15 <- 0x0000000000000000

mem[X,0x0000000080000094] -> 0x6D33
mem[X,0x0000000080000096] -> 0x00FD
[42] [M]: 0x0000000080000094 (0x00FD6D33) or s10, s10, a5
x26 <- 0x0000000000000000

mem[X,0x0000000080000098] -> 0x5D93
mem[X,0x000000008000009A] -> 0x007D
[43] [M]: 0x0000000080000098 (0x007D5D93) srli s11, s10, 0x7
x27 <- 0x0000000000000000

mem[X,0x000000008000009C] -> 0x5793
mem[X,0x000000008000009E] -> 0x039D
[44] [M]: 0x000000008000009C (0x039D5793) srli a5, s10, 0x39
x15 <- 0x0000000000000000

mem[X,0x00000000800000A0] -> 0xEDB3
mem[X,0x00000000800000A2] -> 0x00FD
[45] [M]: 0x00000000800000A0 (0x00FDEDB3) or s11, s11, a5
x27 <- 0x0000000000000000

mem[X,0x00000000800000A4] -> 0xDE13
mem[X,0x00000000800000A6] -> 0x007D
[46] [M]: 0x00000000800000A4 (0x007DDE13) srli t3, s11, 0x7
x28 <- 0x0000000000000000

mem[X,0x00000000800000A8] -> 0xD793
mem[X,0x00000000800000AA] -> 0x039D
[47] [M]: 0x00000000800000A8 (0x039DD793) srli a5, s11, 0x39
x15 <- 0x0000000000000000

mem[X,0x00000000800000AC] -> 0x6E33
mem[X,0x00000000800000AE] -> 0x00FE
[48] [M]: 0x00000000800000AC (0x00FE6E33) or t3, t3, a5
x28 <- 0x0000000000000000

mem[X,0x00000000800000B0] -> 0x5E93
mem[X,0x00000000800000B2] -> 0x007E
[49] [M]: 0x00000000800000B0 (0x007E5E93) srli t4, t3, 0x7
x29 <- 0x0000000000000000

mem[X,0x00000000800000B4] -> 0x5793
mem[X,0x00000000800000B6] -> 0x039E
[50] [M]: 0x00000000800000B4 (0x039E5793) srli a5, t3, 0x39
x15 <- 0x0000000000000000

mem[X,0x00000000800000B8] -> 0xEEB3
mem[X,0x00000000800000BA] -> 0x00FE
[51] [M]: 0x00000000800000B8 (0x00FEEEB3) or t4, t4, a5
x29 <- 0x0000000000000000

mem[X,0x00000000800000BC] -> 0xDF13
mem[X,0x00000000800000BE] -> 0x007E
[52] [M]: 0x00000000800000BC (0x007EDF13) srli t5, t4, 0x7
x30 <- 0x0000000000000000

mem[X,0x00000000800000C0] -> 0xD793
mem[X,0x00000000800000C2] -> 0x039E
[53] [M]: 0x00000000800000C0 (0x039ED793) srli a5, t4, 0x39
x15 <- 0x0000000000000000

mem[X,0x00000000800000C4] -> 0x6F33
mem[X,0x00000000800000C6] -> 0x00FF
[54] [M]: 0x00000000800000C4 (0x00FF6F33) or t5, t5, a5
x30 <- 0x0000000000000000

mem[X,0x00000000800000C8] -> 0xC0B7
mem[X,0x00000000800000CA] -> 0xFEED
[55] [M]: 0x00000000800000C8 (0xFEEDC0B7) lui ra, -0x1124
x1 <- 0xFFFFFFFFFEEDC000

mem[X,0x00000000800000CC] -> 0x8093
mem[X,0x00000000800000CE] -> 0xEAD0
[56] [M]: 0x00000000800000CC (0xEAD08093) addi ra, ra, -0x153
x1 <- 0xFFFFFFFFFEEDBEAD

mem[X,0x00000000800000D0] -> 0x9093
mem[X,0x00000000800000D2] -> 0x00B0
[57] [M]: 0x00000000800000D0 (0x00B09093) slli ra, ra, 0xb
x1 <- 0xFFFFFFF76DF56800

mem[X,0x00000000800000D4] -> 0x8093
mem[X,0x00000000800000D6] -> 0x7F70
[58] [M]: 0x00000000800000D4 (0x7F708093) addi ra, ra, 0x7f7
x1 <- 0xFFFFFFF76DF56FF7

mem[X,0x00000000800000D8] -> 0x9093
mem[X,0x00000000800000DA] -> 0x00B0
[59] [M]: 0x00000000800000D8 (0x00B09093) slli ra, ra, 0xb
x1 <- 0xFFFFBB6FAB7FB800

mem[X,0x00000000800000DC] -> 0x8093
mem[X,0x00000000800000DE] -> 0x36F0
[60] [M]: 0x00000000800000DC (0x36F08093) addi ra, ra, 0x36f
x1 <- 0xFFFFBB6FAB7FBB6F

mem[X,0x00000000800000E0] -> 0x9093
mem[X,0x00000000800000E2] -> 0x00A0
[61] [M]: 0x00000000800000E0 (0x00A09093) slli ra, ra, 0xa
x1 <- 0xFEEDBEADFEEDBC00

mem[X,0x00000000800000E4] -> 0x8093
mem[X,0x00000000800000E6] -> 0x2AD0
[62] [M]: 0x00000000800000E4 (0x2AD08093) addi ra, ra, 0x2ad
x1 <- 0xFEEDBEADFEEDBEAD

mem[X,0x00000000800000E8] -> 0xD113
mem[X,0x00000000800000EA] -> 0x0070
[63] [M]: 0x00000000800000E8 (0x0070D113) srli sp, ra, 0x7
x2 <- 0x01FDDB7D5BFDDB7D

mem[X,0x00000000800000EC] -> 0xD793
mem[X,0x00000000800000EE] -> 0x0390
[64] [M]: 0x00000000800000EC (0x0390D793) srli a5, ra, 0x39
x15 <- 0x000000000000007F

mem[X,0x00000000800000F0] -> 0x6133
mem[X,0x00000000800000F2] -> 0x00F1
[65] [M]: 0x00000000800000F0 (0x00F16133) or sp, sp, a5
x2 <- 0x01FDDB7D5BFDDB7F

mem[X,0x00000000800000F4] -> 0x5193
mem[X,0x00000000800000F6] -> 0x0071
[66] [M]: 0x00000000800000F4 (0x00715193) srli gp, sp, 0x7
x3 <- 0x0003FBB6FAB7FBB6

mem[X,0x00000000800000F8] -> 0x5793
mem[X,0x00000000800000FA] -> 0x0391
[67] [M]: 0x00000000800000F8 (0x03915793) srli a5, sp, 0x39
x15 <- 0x0000000000000000

mem[X,0x00000000800000FC] -> 0xE1B3
mem[X,0x00000000800000FE] -> 0x00F1
[68] [M]: 0x00000000800000FC (0x00F1E1B3) or gp, gp, a5
x3 <- 0x0003FBB6FAB7FBB6

mem[X,0x0000000080000100] -> 0xD213
mem[X,0x0000000080000102] -> 0x0071
[69] [M]: 0x0000000080000100 (0x0071D213) srli tp, gp, 0x7
x4 <- 0x000007F76DF56FF7

mem[X,0x0000000080000104] -> 0xD793
mem[X,0x0000000080000106] -> 0x0391
[70] [M]: 0x0000000080000104 (0x0391D793) srli a5, gp, 0x39
x15 <- 0x0000000000000000

mem[X,0x0000000080000108] -> 0x6233
mem[X,0x000000008000010A] -> 0x00F2
[71] [M]: 0x0000000080000108 (0x00F26233) or tp, tp, a5
x4 <- 0x000007F76DF56FF7

mem[X,0x000000008000010C] -> 0x5293
mem[X,0x000000008000010E] -> 0x0072
[72] [M]: 0x000000008000010C (0x00725293) srli t0, tp, 0x7
x5 <- 0x0000000FEEDBEADF

mem[X,0x0000000080000110] -> 0x5793
mem[X,0x0000000080000112] -> 0x0392
[73] [M]: 0x0000000080000110 (0x03925793) srli a5, tp, 0x39
x15 <- 0x0000000000000000

mem[X,0x0000000080000114] -> 0xE2B3
mem[X,0x0000000080000116] -> 0x00F2
[74] [M]: 0x0000000080000114 (0x00F2E2B3) or t0, t0, a5
x5 <- 0x0000000FEEDBEADF

mem[X,0x0000000080000118] -> 0xD313
mem[X,0x000000008000011A] -> 0x0072
[75] [M]: 0x0000000080000118 (0x0072D313) srli t1, t0, 0x7
x6 <- 0x000000001FDDB7D5

mem[X,0x000000008000011C] -> 0xD793
mem[X,0x000000008000011E] -> 0x0392
[76] [M]: 0x000000008000011C (0x0392D793) srli a5, t0, 0x39
x15 <- 0x0000000000000000

mem[X,0x0000000080000120] -> 0x6333
mem[X,0x0000000080000122] -> 0x00F3
[77] [M]: 0x0000000080000120 (0x00F36333) or t1, t1, a5
x6 <- 0x000000001FDDB7D5

mem[X,0x0000000080000124] -> 0x5393
mem[X,0x0000000080000126] -> 0x0073
[78] [M]: 0x0000000080000124 (0x00735393) srli t2, t1, 0x7
x7 <- 0x00000000003FBB6F

mem[X,0x0000000080000128] -> 0x5793
mem[X,0x000000008000012A] -> 0x0393
[79] [M]: 0x0000000080000128 (0x03935793) srli a5, t1, 0x39
x15 <- 0x0000000000000000

mem[X,0x000000008000012C] -> 0xE3B3
mem[X,0x000000008000012E] -> 0x00F3
[80] [M]: 0x000000008000012C (0x00F3E3B3) or t2, t2, a5
x7 <- 0x00000000003FBB6F

mem[X,0x0000000080000130] -> 0xD413
mem[X,0x0000000080000132] -> 0x0073
[81] [M]: 0x0000000080000130 (0x0073D413) srli fp, t2, 0x7
x8 <- 0x0000000000007F76

mem[X,0x0000000080000134] -> 0xD793
mem[X,0x0000000080000136] -> 0x0393
[82] [M]: 0x0000000080000134 (0x0393D793) srli a5, t2, 0x39
x15 <- 0x0000000000000000

mem[X,0x0000000080000138] -> 0x6433
mem[X,0x000000008000013A] -> 0x00F4
[83] [M]: 0x0000000080000138 (0x00F46433) or fp, fp, a5
x8 <- 0x0000000000007F76

mem[X,0x000000008000013C] -> 0x5493
mem[X,0x000000008000013E] -> 0x0074
[84] [M]: 0x000000008000013C (0x00745493) srli s1, fp, 0x7
x9 <- 0x00000000000000FE

mem[X,0x0000000080000140] -> 0x5793
mem[X,0x0000000080000142] -> 0x0394
[85] [M]: 0x0000000080000140 (0x03945793) srli a5, fp, 0x39
x15 <- 0x0000000000000000

mem[X,0x0000000080000144] -> 0xE4B3
mem[X,0x0000000080000146] -> 0x00F4
[86] [M]: 0x0000000080000144 (0x00F4E4B3) or s1, s1, a5
x9 <- 0x00000000000000FE

mem[X,0x0000000080000148] -> 0xD513
mem[X,0x000000008000014A] -> 0x0074
[87] [M]: 0x0000000080000148 (0x0074D513) srli a0, s1, 0x7
x10 <- 0x0000000000000001

mem[X,0x000000008000014C] -> 0xD793
mem[X,0x000000008000014E] -> 0x0394
[88] [M]: 0x000000008000014C (0x0394D793) srli a5, s1, 0x39
x15 <- 0x0000000000000000

mem[X,0x0000000080000150] -> 0x6533
mem[X,0x0000000080000152] -> 0x00F5
[89] [M]: 0x0000000080000150 (0x00F56533) or a0, a0, a5
x10 <- 0x0000000000000001

mem[X,0x0000000080000154] -> 0x5593
mem[X,0x0000000080000156] -> 0x0075
[90] [M]: 0x0000000080000154 (0x00755593) srli a1, a0, 0x7
x11 <- 0x0000000000000000

mem[X,0x0000000080000158] -> 0x5793
mem[X,0x000000008000015A] -> 0x0395
[91] [M]: 0x0000000080000158 (0x03955793) srli a5, a0, 0x39
x15 <- 0x0000000000000000

mem[X,0x000000008000015C] -> 0xE5B3
mem[X,0x000000008000015E] -> 0x00F5
[92] [M]: 0x000000008000015C (0x00F5E5B3) or a1, a1, a5
x11 <- 0x0000000000000000

mem[X,0x0000000080000160] -> 0xD613
mem[X,0x0000000080000162] -> 0x0075
[93] [M]: 0x0000000080000160 (0x0075D613) srli a2, a1, 0x7
x12 <- 0x0000000000000000

mem[X,0x0000000080000164] -> 0xD793
mem[X,0x0000000080000166] -> 0x0395
[94] [M]: 0x0000000080000164 (0x0395D793) srli a5, a1, 0x39
x15 <- 0x0000000000000000

mem[X,0x0000000080000168] -> 0x6633
mem[X,0x000000008000016A] -> 0x00F6
[95] [M]: 0x0000000080000168 (0x00F66633) or a2, a2, a5
x12 <- 0x0000000000000000

mem[X,0x000000008000016C] -> 0x5693
mem[X,0x000000008000016E] -> 0x0076
[96] [M]: 0x000000008000016C (0x00765693) srli a3, a2, 0x7
x13 <- 0x0000000000000000

mem[X,0x0000000080000170] -> 0x5793
mem[X,0x0000000080000172] -> 0x0396
[97] [M]: 0x0000000080000170 (0x03965793) srli a5, a2, 0x39
x15 <- 0x0000000000000000

mem[X,0x0000000080000174] -> 0xE6B3
mem[X,0x0000000080000176] -> 0x00F6
[98] [M]: 0x0000000080000174 (0x00F6E6B3) or a3, a3, a5
x13 <- 0x0000000000000000

mem[X,0x0000000080000178] -> 0x0013
mem[X,0x000000008000017A] -> 0x0000
[99] [M]: 0x0000000080000178 (0x00000013) addi zero, zero, 0x0

clint::tick mtime <- 0x0000000000000001
 clint timer pending at mtime 0x0000000000000001
htif::tick 0x0000000000000000
mem[X,0x000000008000017C] -> 0x0013
mem[X,0x000000008000017E] -> 0x0000
[100] [M]: 0x000000008000017C (0x00000013) addi zero, zero, 0x0

mem[X,0x0000000080000180] -> 0x4117
mem[X,0x0000000080000182] -> 0x0000
[101] [M]: 0x0000000080000180 (0x00004117) auipc sp, 0x4
x2 <- 0x0000000080004180

mem[X,0x0000000080000184] -> 0x0113
mem[X,0x0000000080000186] -> 0xF981
[102] [M]: 0x0000000080000184 (0xF9810113) addi sp, sp, -0x68
x2 <- 0x0000000080004118

mem[X,0x0000000080000188] -> 0x0013
mem[X,0x000000008000018A] -> 0x0000
[103] [M]: 0x0000000080000188 (0x00000013) addi zero, zero, 0x0

mem[X,0x000000008000018C] -> 0x0013
mem[X,0x000000008000018E] -> 0x0000
[104] [M]: 0x000000008000018C (0x00000013) addi zero, zero, 0x0

mem[X,0x0000000080000190] -> 0x0013
mem[X,0x0000000080000192] -> 0x0000
[105] [M]: 0x0000000080000190 (0x00000013) addi zero, zero, 0x0

mem[X,0x0000000080000194] -> 0x0013
mem[X,0x0000000080000196] -> 0x0000
[106] [M]: 0x0000000080000194 (0x00000013) addi zero, zero, 0x0

mem[X,0x0000000080000198] -> 0x0013
mem[X,0x000000008000019A] -> 0x0000
[107] [M]: 0x0000000080000198 (0x00000013) addi zero, zero, 0x0

mem[X,0x000000008000019C] -> 0x0013
mem[X,0x000000008000019E] -> 0x0000
[108] [M]: 0x000000008000019C (0x00000013) addi zero, zero, 0x0

mem[X,0x00000000800001A0] -> 0xE337
mem[X,0x00000000800001A2] -> 0xEF7F
[109] [M]: 0x00000000800001A0 (0xEF7FE337) lui t1, -0x10802
x6 <- 0xFFFFFFFFEF7FE000

mem[X,0x00000000800001A4] -> 0x0313
mem[X,0x00000000800001A6] -> 0xF053
[110] [M]: 0x00000000800001A4 (0xF0530313) addi t1, t1, -0xfb
x6 <- 0xFFFFFFFFEF7FDF05

mem[X,0x00000000800001A8] -> 0x1313
mem[X,0x00000000800001AA] -> 0x00B3
[111] [M]: 0x00000000800001A8 (0x00B31313) slli t1, t1, 0xb
x6 <- 0xFFFFFF7BFEF82800

mem[X,0x00000000800001AC] -> 0x0313
mem[X,0x00000000800001AE] -> 0x7B73
[112] [M]: 0x00000000800001AC (0x7B730313) addi t1, t1, 0x7b7
x6 <- 0xFFFFFF7BFEF82FB7

mem[X,0x00000000800001B0] -> 0x1313
mem[X,0x00000000800001B2] -> 0x00B3
[113] [M]: 0x00000000800001B0 (0x00B31313) slli t1, t1, 0xb
x6 <- 0xFFFBDFF7C17DB800

mem[X,0x00000000800001B4] -> 0x0313
mem[X,0x00000000800001B6] -> 0x5AA3
[114] [M]: 0x00000000800001B4 (0x5AA30313) addi t1, t1, 0x5aa
x6 <- 0xFFFBDFF7C17DBDAA

mem[X,0x00000000800001B8] -> 0x1313
mem[X,0x00000000800001BA] -> 0x00A3
[115] [M]: 0x00000000800001B8 (0x00A31313) slli t1, t1, 0xa
x6 <- 0xEF7FDF05F6F6A800

mem[X,0x00000000800001BC] -> 0x0313
mem[X,0x00000000800001BE] -> 0x2803
[116] [M]: 0x00000000800001BC (0x28030313) addi t1, t1, 0x280
x6 <- 0xEF7FDF05F6F6AA80

mem[X,0x00000000800001C0] -> 0x0337
mem[X,0x00000000800001C2] -> 0x01F9
[117] [M]: 0x00000000800001C0 (0x01F90337) lui t1, 0x1f90
x6 <- 0x0000000001F90000

mem[X,0x00000000800001C4] -> 0x0313
mem[X,0x00000000800001C6] -> 0xBFA3
[118] [M]: 0x00000000800001C4 (0xBFA30313) addi t1, t1, -0x406
x6 <- 0x0000000001F8FBFA

mem[X,0x00000000800001C8] -> 0x1313
mem[X,0x00000000800001CA] -> 0x00B3
[119] [M]: 0x00000000800001C8 (0x00B31313) slli t1, t1, 0xb
x6 <- 0x0000000FC7DFD000

mem[X,0x00000000800001CC] -> 0x0313
mem[X,0x00000000800001CE] -> 0x0483
[120] [M]: 0x00000000800001CC (0x04830313) addi t1, t1, 0x48
x6 <- 0x0000000FC7DFD048

mem[X,0x00000000800001D0] -> 0x1313
mem[X,0x00000000800001D2] -> 0x00B3
[121] [M]: 0x00000000800001D0 (0x00B31313) slli t1, t1, 0xb
x6 <- 0x00007E3EFE824000

mem[X,0x00000000800001D4] -> 0x0313
mem[X,0x00000000800001D6] -> 0x27E3
[122] [M]: 0x00000000800001D4 (0x27E30313) addi t1, t1, 0x27e
x6 <- 0x00007E3EFE82427E

mem[X,0x00000000800001D8] -> 0x1313
mem[X,0x00000000800001DA] -> 0x00A3
[123] [M]: 0x00000000800001D8 (0x00A31313) slli t1, t1, 0xa
x6 <- 0x01F8FBFA0909F800

mem[X,0x00000000800001DC] -> 0x0313
mem[X,0x00000000800001DE] -> 0x3BF3
[124] [M]: 0x00000000800001DC (0x3BF30313) addi t1, t1, 0x3bf
x6 <- 0x01F8FBFA0909FBBF

mem[X,0x00000000800001E0] -> 0x133B
mem[X,0x00000000800001E2] -> 0xBC63
[125] [M]: 0x00000000800001E0 (0xBC63133B) pdifsumau.b t1, t1, t1
x6 <- 0x03F1F7F41213F77E

mem[X,0x00000000800001E4] -> 0x3023
mem[X,0x00000000800001E6] -> 0x0061
[126] [M]: 0x00000000800001E4 (0x00613023) sd t1, 0x0(sp)
mem[0x0000000080004118] <- 0x03F1F7F41213F77E

mem[X,0x00000000800001E8] -> 0x0F37
mem[X,0x00000000800001EA] -> 0x090A
[127] [M]: 0x00000000800001E8 (0x090A0F37) lui t5, 0x90a0
x30 <- 0x00000000090A0000

mem[X,0x00000000800001EC] -> 0x0F13
mem[X,0x00000000800001EE] -> 0xEF9F
[128] [M]: 0x00000000800001EC (0xEF9F0F13) addi t5, t5, -0x107
x30 <- 0x000000000909FEF9

mem[X,0x00000000800001F0] -> 0x1F13
mem[X,0x00000000800001F2] -> 0x00BF
[129] [M]: 0x00000000800001F0 (0x00BF1F13) slli t5, t5, 0xb
x30 <- 0x000000484FF7C800

mem[X,0x00000000800001F4] -> 0x0F13
mem[X,0x00000000800001F6] -> 0x037F
[130] [M]: 0x00000000800001F4 (0x037F0F13) addi t5, t5, 0x37
x30 <- 0x000000484FF7C837

mem[X,0x00000000800001F8] -> 0x1F13
mem[X,0x00000000800001FA] -> 0x00BF
[131] [M]: 0x00000000800001F8 (0x00BF1F13) slli t5, t5, 0xb
x30 <- 0x0002427FBE41B800

mem[X,0x00000000800001FC] -> 0x0F13
mem[X,0x00000000800001FE] -> 0x6F0F
[132] [M]: 0x00000000800001FC (0x6F0F0F13) addi t5, t5, 0x6f0
x30 <- 0x0002427FBE41BEF0

mem[X,0x0000000080000200] -> 0x1F13
mem[X,0x0000000080000202] -> 0x00AF
[133] [M]: 0x0000000080000200 (0x00AF1F13) slli t5, t5, 0xa
x30 <- 0x0909FEF906FBC000

mem[X,0x0000000080000204] -> 0x0F13
mem[X,0x0000000080000206] -> 0x0FFF
[134] [M]: 0x0000000080000204 (0x0FFF0F13) addi t5, t5, 0xff
x30 <- 0x0909FEF906FBC0FF

mem[X,0x0000000080000208] -> 0xC1B7
mem[X,0x000000008000020A] -> 0xFDC0
[135] [M]: 0x0000000080000208 (0xFDC0C1B7) lui gp, -0x23f4
x3 <- 0xFFFFFFFFFDC0C000

mem[X,0x000000008000020C] -> 0x8193
mem[X,0x000000008000020E] -> 0xF801
[136] [M]: 0x000000008000020C (0xF8018193) addi gp, gp, -0x80
x3 <- 0xFFFFFFFFFDC0BF80

mem[X,0x0000000080000210] -> 0x9193
mem[X,0x0000000080000212] -> 0x00B1
[137] [M]: 0x0000000080000210 (0x00B19193) slli gp, gp, 0xb
x3 <- 0xFFFFFFEE05FC0000

mem[X,0x0000000080000214] -> 0x8193
mem[X,0x0000000080000216] -> 0x6FA1
[138] [M]: 0x0000000080000214 (0x6FA18193) addi gp, gp, 0x6fa
x3 <- 0xFFFFFFEE05FC06FA

mem[X,0x0000000080000218] -> 0x9193
mem[X,0x000000008000021A] -> 0x00B1
[139] [M]: 0x0000000080000218 (0x00B19193) slli gp, gp, 0xb
x3 <- 0xFFFF702FE037D000

mem[X,0x000000008000021C] -> 0x8193
mem[X,0x000000008000021E] -> 0x54F1
[140] [M]: 0x000000008000021C (0x54F18193) addi gp, gp, 0x54f
x3 <- 0xFFFF702FE037D54F

mem[X,0x0000000080000220] -> 0x9193
mem[X,0x0000000080000222] -> 0x00A1
[141] [M]: 0x0000000080000220 (0x00A19193) slli gp, gp, 0xa
x3 <- 0xFDC0BF80DF553C00

mem[X,0x0000000080000224] -> 0x8193
mem[X,0x0000000080000226] -> 0x3FD1
[142] [M]: 0x0000000080000224 (0x3FD18193) addi gp, gp, 0x3fd
x3 <- 0xFDC0BF80DF553FFD

mem[X,0x0000000080000228] -> 0x1F3B
mem[X,0x000000008000022A] -> 0xBC3F
[143] [M]: 0x0000000080000228 (0xBC3F1F3B) pdifsumau.b t5, t5, gp
x30 <- 0x06CABE79E6510561

mem[X,0x000000008000022C] -> 0x3423
mem[X,0x000000008000022E] -> 0x01E1
[144] [M]: 0x000000008000022C (0x01E13423) sd t5, 0x8(sp)
mem[0x0000000080004120] <- 0x06CABE79E6510561

mem[X,0x0000000080000230] -> 0x05B7
mem[X,0x0000000080000232] -> 0xFF01
[145] [M]: 0x0000000080000230 (0xFF0105B7) lui a1, -0xff0
x11 <- 0xFFFFFFFFFF010000

mem[X,0x0000000080000234] -> 0x8593
mem[X,0x0000000080000236] -> 0x5FD5
[146] [M]: 0x0000000080000234 (0x5FD58593) addi a1, a1, 0x5fd
x11 <- 0xFFFFFFFFFF0105FD

mem[X,0x0000000080000238] -> 0x9593
mem[X,0x000000008000023A] -> 0x00B5
[147] [M]: 0x0000000080000238 (0x00B59593) slli a1, a1, 0xb
x11 <- 0xFFFFFFF8082FE800

mem[X,0x000000008000023C] -> 0x8593
mem[X,0x000000008000023E] -> 0x7B85
[148] [M]: 0x000000008000023C (0x7B858593) addi a1, a1, 0x7b8
x11 <- 0xFFFFFFF8082FEFB8

mem[X,0x0000000080000240] -> 0x9593
mem[X,0x0000000080000242] -> 0x00B5
[149] [M]: 0x0000000080000240 (0x00B59593) slli a1, a1, 0xb
x11 <- 0xFFFFC0417F7DC000

mem[X,0x0000000080000244] -> 0x8593
mem[X,0x0000000080000246] -> 0x1015
[150] [M]: 0x0000000080000244 (0x10158593) addi a1, a1, 0x101
x11 <- 0xFFFFC0417F7DC101

mem[X,0x0000000080000248] -> 0x9593
mem[X,0x000000008000024A] -> 0x00A5
[151] [M]: 0x0000000080000248 (0x00A59593) slli a1, a1, 0xa
x11 <- 0xFF0105FDF7040400

mem[X,0x000000008000024C] -> 0x05B7
mem[X,0x000000008000024E] -> 0x057F
[152] [M]: 0x000000008000024C (0x057F05B7) lui a1, 0x57f0
x11 <- 0x00000000057F0000

mem[X,0x0000000080000250] -> 0x8593
mem[X,0x0000000080000252] -> 0x6EF5
[153] [M]: 0x0000000080000250 (0x6EF58593) addi a1, a1, 0x6ef
x11 <- 0x00000000057F06EF

mem[X,0x0000000080000254] -> 0x9593
mem[X,0x0000000080000256] -> 0x00B5
[154] [M]: 0x0000000080000254 (0x00B59593) slli a1, a1, 0xb
x11 <- 0x0000002BF8377800

mem[X,0x0000000080000258] -> 0x8593
mem[X,0x000000008000025A] -> 0x7EF5
[155] [M]: 0x0000000080000258 (0x7EF58593) addi a1, a1, 0x7ef
x11 <- 0x0000002BF8377FEF

mem[X,0x000000008000025C] -> 0x9593
mem[X,0x000000008000025E] -> 0x00B5
[156] [M]: 0x000000008000025C (0x00B59593) slli a1, a1, 0xb
x11 <- 0x00015FC1BBFF7800

mem[X,0x0000000080000260] -> 0x8593
mem[X,0x0000000080000262] -> 0x6DF5
[157] [M]: 0x0000000080000260 (0x6DF58593) addi a1, a1, 0x6df
x11 <- 0x00015FC1BBFF7EDF

mem[X,0x0000000080000264] -> 0x9593
mem[X,0x0000000080000266] -> 0x00A5
[158] [M]: 0x0000000080000264 (0x00A59593) slli a1, a1, 0xa
x11 <- 0x057F06EFFDFB7C00

mem[X,0x0000000080000268] -> 0x8593
mem[X,0x000000008000026A] -> 0x3015
[159] [M]: 0x0000000080000268 (0x30158593) addi a1, a1, 0x301
x11 <- 0x057F06EFFDFB7F01

mem[X,0x000000008000026C] -> 0x93BB
mem[X,0x000000008000026E] -> 0xBCB5
[160] [M]: 0x000000008000026C (0xBCB593BB) pdifsumau.b t2, a1, a1
x7 <- 0x057F06EFFE3B3A70

mem[X,0x0000000080000270] -> 0x3823
mem[X,0x0000000080000272] -> 0x0071
[161] [M]: 0x0000000080000270 (0x00713823) sd t2, 0x10(sp)
mem[0x0000000080004128] <- 0x057F06EFFE3B3A70

mem[X,0x0000000080000274] -> 0x03B7
mem[X,0x0000000080000276] -> 0x1008
[162] [M]: 0x0000000080000274 (0x100803B7) lui t2, 0x10080
x7 <- 0x0000000010080000

mem[X,0x0000000080000278] -> 0x8393
mem[X,0x000000008000027A] -> 0x83F3
[163] [M]: 0x0000000080000278 (0x83F38393) addi t2, t2, -0x7c1
x7 <- 0x000000001007F83F

mem[X,0x000000008000027C] -> 0x9393
mem[X,0x000000008000027E] -> 0x00B3
[164] [M]: 0x000000008000027C (0x00B39393) slli t2, t2, 0xb
x7 <- 0x000000803FC1F800

mem[X,0x0000000080000280] -> 0x8393
mem[X,0x0000000080000282] -> 0x1063
[165] [M]: 0x0000000080000280 (0x10638393) addi t2, t2, 0x106
x7 <- 0x000000803FC1F906

mem[X,0x0000000080000284] -> 0x9393
mem[X,0x0000000080000286] -> 0x00B3
[166] [M]: 0x0000000080000284 (0x00B39393) slli t2, t2, 0xb
x7 <- 0x000401FE0FC83000

mem[X,0x0000000080000288] -> 0x8393
mem[X,0x000000008000028A] -> 0x0303
[167] [M]: 0x0000000080000288 (0x03038393) addi t2, t2, 0x30
x7 <- 0x000401FE0FC83030

mem[X,0x000000008000028C] -> 0x9393
mem[X,0x000000008000028E] -> 0x00A3
[168] [M]: 0x000000008000028C (0x00A39393) slli t2, t2, 0xa
x7 <- 0x1007F83F20C0C000

mem[X,0x0000000080000290] -> 0x8393
mem[X,0x0000000080000292] -> 0x0013
[169] [M]: 0x0000000080000290 (0x00138393) addi t2, t2, 0x1
x7 <- 0x1007F83F20C0C001

mem[X,0x0000000080000294] -> 0x07B7
mem[X,0x0000000080000296] -> 0xBF02
[170] [M]: 0x0000000080000294 (0xBF0207B7) lui a5, -0x40fe0
x15 <- 0xFFFFFFFFBF020000

mem[X,0x0000000080000298] -> 0x8793
mem[X,0x000000008000029A] -> 0xC057
[171] [M]: 0x0000000080000298 (0xC0578793) addi a5, a5, -0x3fb
x15 <- 0xFFFFFFFFBF01FC05

mem[X,0x000000008000029C] -> 0x9793
mem[X,0x000000008000029E] -> 0x00B7
[172] [M]: 0x000000008000029C (0x00B79793) slli a5, a5, 0xb
x15 <- 0xFFFFFDF80FE02800

mem[X,0x00000000800002A0] -> 0x8793
mem[X,0x00000000800002A2] -> 0x2077
[173] [M]: 0x00000000800002A0 (0x20778793) addi a5, a5, 0x207
x15 <- 0xFFFFFDF80FE02A07

mem[X,0x00000000800002A4] -> 0x9793
mem[X,0x00000000800002A6] -> 0x00B7
[174] [M]: 0x00000000800002A4 (0x00B79793) slli a5, a5, 0xb
x15 <- 0xFFEFC07F01503800

mem[X,0x00000000800002A8] -> 0x8793
mem[X,0x00000000800002AA] -> 0x74F7
[175] [M]: 0x00000000800002A8 (0x74F78793) addi a5, a5, 0x74f
x15 <- 0xFFEFC07F01503F4F

mem[X,0x00000000800002AC] -> 0x9793
mem[X,0x00000000800002AE] -> 0x00A7
[176] [M]: 0x00000000800002AC (0x00A79793) slli a5, a5, 0xa
x15 <- 0xBF01FC0540FD3C00

mem[X,0x00000000800002B0] -> 0x8793
mem[X,0x00000000800002B2] -> 0x3027
[177] [M]: 0x00000000800002B0 (0x30278793) addi a5, a5, 0x302
x15 <- 0xBF01FC0540FD3F02

mem[X,0x00000000800002B4] -> 0x97BB
mem[X,0x00000000800002B6] -> 0xBCF3
[178] [M]: 0x00000000800002B4 (0xBCF397BB) pdifsumau.b a5, t2, a5
x15 <- 0x7E03F80A81FA7FD6

mem[X,0x00000000800002B8] -> 0x3C23
mem[X,0x00000000800002BA] -> 0x00F1
[179] [M]: 0x00000000800002B8 (0x00F13C23) sd a5, 0x18(sp)
mem[0x0000000080004130] <- 0x7E03F80A81FA7FD6

mem[X,0x00000000800002BC] -> 0x51B7
mem[X,0x00000000800002BE] -> 0xFE40
[180] [M]: 0x00000000800002BC (0xFE4051B7) lui gp, -0x1bfb
x3 <- 0xFFFFFFFFFE405000

mem[X,0x00000000800002C0] -> 0x8193
mem[X,0x00000000800002C2] -> 0x5F61
[181] [M]: 0x00000000800002C0 (0x5F618193) addi gp, gp, 0x5f6
x3 <- 0xFFFFFFFFFE4055F6

mem[X,0x00000000800002C4] -> 0x9193
mem[X,0x00000000800002C6] -> 0x00B1
[182] [M]: 0x00000000800002C4 (0x00B19193) slli gp, gp, 0xb
x3 <- 0xFFFFFFF202AFB000

mem[X,0x00000000800002C8] -> 0x8193
mem[X,0x00000000800002CA] -> 0x5F81
[183] [M]: 0x00000000800002C8 (0x5F818193) addi gp, gp, 0x5f8
x3 <- 0xFFFFFFF202AFB5F8

mem[X,0x00000000800002CC] -> 0x9193
mem[X,0x00000000800002CE] -> 0x00B1
[184] [M]: 0x00000000800002CC (0x00B19193) slli gp, gp, 0xb
x3 <- 0xFFFF90157DAFC000

mem[X,0x00000000800002D0] -> 0x8193
mem[X,0x00000000800002D2] -> 0x1021
[185] [M]: 0x00000000800002D0 (0x10218193) addi gp, gp, 0x102
x3 <- 0xFFFF90157DAFC102

mem[X,0x00000000800002D4] -> 0x9193
mem[X,0x00000000800002D6] -> 0x00A1
[186] [M]: 0x00000000800002D4 (0x00A19193) slli gp, gp, 0xa
x3 <- 0xFE4055F6BF040800

mem[X,0x00000000800002D8] -> 0x8193
mem[X,0x00000000800002DA] -> 0x17F1
[187] [M]: 0x00000000800002D8 (0x17F18193) addi gp, gp, 0x17f
x3 <- 0xFE4055F6BF04097F

mem[X,0x00000000800002DC] -> 0x0E37
mem[X,0x00000000800002DE] -> 0x0402
[188] [M]: 0x00000000800002DC (0x04020E37) lui t3, 0x4020
x28 <- 0x0000000004020000

mem[X,0x00000000800002E0] -> 0x0E13
mem[X,0x00000000800002E2] -> 0x6F6E
[189] [M]: 0x00000000800002E0 (0x6F6E0E13) addi t3, t3, 0x6f6
x28 <- 0x00000000040206F6

mem[X,0x00000000800002E4] -> 0x1E13
mem[X,0x00000000800002E6] -> 0x00BE
[190] [M]: 0x00000000800002E4 (0x00BE1E13) slli t3, t3, 0xb
x28 <- 0x000000201037B000

mem[X,0x00000000800002E8] -> 0x0E13
mem[X,0x00000000800002EA] -> 0x206E
[191] [M]: 0x00000000800002E8 (0x206E0E13) addi t3, t3, 0x206
x28 <- 0x000000201037B206

mem[X,0x00000000800002EC] -> 0x1E13
mem[X,0x00000000800002EE] -> 0x00BE
[192] [M]: 0x00000000800002EC (0x00BE1E13) slli t3, t3, 0xb
x28 <- 0x00010081BD903000

mem[X,0x00000000800002F0] -> 0x0E13
mem[X,0x00000000800002F2] -> 0x002E
[193] [M]: 0x00000000800002F0 (0x002E0E13) addi t3, t3, 0x2
x28 <- 0x00010081BD903002

mem[X,0x00000000800002F4] -> 0x1E13
mem[X,0x00000000800002F6] -> 0x00AE
[194] [M]: 0x00000000800002F4 (0x00AE1E13) slli t3, t3, 0xa
x28 <- 0x040206F640C00800

mem[X,0x00000000800002F8] -> 0x0E13
mem[X,0x00000000800002FA] -> 0x001E
[195] [M]: 0x00000000800002F8 (0x001E0E13) addi t3, t3, 0x1
x28 <- 0x040206F640C00801

mem[X,0x00000000800002FC] -> 0x90BB
mem[X,0x00000000800002FE] -> 0xBDC1
[196] [M]: 0x00000000800002FC (0xBDC190BB) pdifsumau.b ra, gp, t3
x1 <- 0x02EFC5A43FADC9EF

mem[X,0x0000000080000300] -> 0x3023
mem[X,0x0000000080000302] -> 0x0211
[197] [M]: 0x0000000080000300 (0x02113023) sd ra, 0x20(sp)
mem[0x0000000080004138] <- 0x02EFC5A43FADC9EF

mem[X,0x0000000080000304] -> 0x09B7
mem[X,0x0000000080000306] -> 0x0707
[198] [M]: 0x0000000080000304 (0x070709B7) lui s3, 0x7070
x19 <- 0x0000000007070000

mem[X,0x0000000080000308] -> 0x8993
mem[X,0x000000008000030A] -> 0x9FF9
[199] [M]: 0x0000000080000308 (0x9FF98993) addi s3, s3, -0x601
x19 <- 0x000000000706F9FF

clint::tick mtime <- 0x0000000000000002
 clint timer pending at mtime 0x0000000000000002
htif::tick 0x0000000000000000
mem[X,0x000000008000030C] -> 0x9993
mem[X,0x000000008000030E] -> 0x00B9
[200] [M]: 0x000000008000030C (0x00B99993) slli s3, s3, 0xb
x19 <- 0x0000003837CFF800

mem[X,0x0000000080000310] -> 0x8993
mem[X,0x0000000080000312] -> 0x7B79
[201] [M]: 0x0000000080000310 (0x7B798993) addi s3, s3, 0x7b7
x19 <- 0x0000003837CFFFB7

mem[X,0x0000000080000314] -> 0x9993
mem[X,0x0000000080000316] -> 0x00B9
[202] [M]: 0x0000000080000314 (0x00B99993) slli s3, s3, 0xb
x19 <- 0x0001C1BE7FFDB800

mem[X,0x0000000080000318] -> 0x8993
mem[X,0x000000008000031A] -> 0x3F79
[203] [M]: 0x0000000080000318 (0x3F798993) addi s3, s3, 0x3f7
x19 <- 0x0001C1BE7FFDBBF7

mem[X,0x000000008000031C] -> 0x9993
mem[X,0x000000008000031E] -> 0x00A9
[204] [M]: 0x000000008000031C (0x00A99993) slli s3, s3, 0xa
x19 <- 0x0706F9FFF6EFDC00

mem[X,0x0000000080000320] -> 0x8993
mem[X,0x0000000080000322] -> 0x3029
[205] [M]: 0x0000000080000320 (0x30298993) addi s3, s3, 0x302
x19 <- 0x0706F9FFF6EFDF02

mem[X,0x0000000080000324] -> 0x1C37
mem[X,0x0000000080000326] -> 0xF6DF
[206] [M]: 0x0000000080000324 (0xF6DF1C37) lui s8, -0x920f
x24 <- 0xFFFFFFFFF6DF1000

mem[X,0x0000000080000328] -> 0x0C13
mem[X,0x000000008000032A] -> 0x9F9C
[207] [M]: 0x0000000080000328 (0x9F9C0C13) addi s8, s8, -0x607
x24 <- 0xFFFFFFFFF6DF09F9

mem[X,0x000000008000032C] -> 0x1C13
mem[X,0x000000008000032E] -> 0x00BC
[208] [M]: 0x000000008000032C (0x00BC1C13) slli s8, s8, 0xb
x24 <- 0xFFFFFFB6F84FC800

mem[X,0x0000000080000330] -> 0x0C13
mem[X,0x0000000080000332] -> 0x02FC
[209] [M]: 0x0000000080000330 (0x02FC0C13) addi s8, s8, 0x2f
x24 <- 0xFFFFFFB6F84FC82F

mem[X,0x0000000080000334] -> 0x1C13
mem[X,0x0000000080000336] -> 0x00BC
[210] [M]: 0x0000000080000334 (0x00BC1C13) slli s8, s8, 0xb
x24 <- 0xFFFDB7C27E417800

mem[X,0x0000000080000338] -> 0x0C13
mem[X,0x000000008000033A] -> 0x67FC
[211] [M]: 0x0000000080000338 (0x67FC0C13) addi s8, s8, 0x67f
x24 <- 0xFFFDB7C27E417E7F

mem[X,0x000000008000033C] -> 0x1C13
mem[X,0x000000008000033E] -> 0x00AC
[212] [M]: 0x000000008000033C (0x00AC1C13) slli s8, s8, 0xa
x24 <- 0xF6DF09F905F9FC00

mem[X,0x0000000080000340] -> 0x0C13
mem[X,0x0000000080000342] -> 0x2F9C
[213] [M]: 0x0000000080000340 (0x2F9C0C13) addi s8, s8, 0x2f9
x24 <- 0xF6DF09F905F9FEF9

mem[X,0x0000000080000344] -> 0x9BBB
mem[X,0x0000000080000346] -> 0xBD89
[214] [M]: 0x0000000080000344 (0xBD899BBB) pdifsumau.b s7, s3, s8
x23 <- 0xF6DF09F905FA4275

mem[X,0x0000000080000348] -> 0x3423
mem[X,0x000000008000034A] -> 0x0371
[215] [M]: 0x0000000080000348 (0x03713423) sd s7, 0x28(sp)
mem[0x0000000080004140] <- 0xF6DF09F905FA4275

mem[X,0x000000008000034C] -> 0x04B7
mem[X,0x000000008000034E] -> 0x05F8
[216] [M]: 0x000000008000034C (0x05F804B7) lui s1, 0x5f80
x9 <- 0x0000000005F80000

mem[X,0x0000000080000350] -> 0x8493
mem[X,0x0000000080000352] -> 0x33F4
[217] [M]: 0x0000000080000350 (0x33F48493) addi s1, s1, 0x33f
x9 <- 0x0000000005F8033F

mem[X,0x0000000080000354] -> 0x9493
mem[X,0x0000000080000356] -> 0x00B4
[218] [M]: 0x0000000080000354 (0x00B49493) slli s1, s1, 0xb
x9 <- 0x0000002FC019F800

mem[X,0x0000000080000358] -> 0x8493
mem[X,0x000000008000035A] -> 0x7C74
[219] [M]: 0x0000000080000358 (0x7C748493) addi s1, s1, 0x7c7
x9 <- 0x0000002FC019FFC7

mem[X,0x000000008000035C] -> 0x9493
mem[X,0x000000008000035E] -> 0x00B4
[220] [M]: 0x000000008000035C (0x00B49493) slli s1, s1, 0xb
x9 <- 0x00017E00CFFE3800

mem[X,0x0000000080000360] -> 0x8493
mem[X,0x0000000080000362] -> 0x3DF4
[221] [M]: 0x0000000080000360 (0x3DF48493) addi s1, s1, 0x3df
x9 <- 0x00017E00CFFE3BDF

mem[X,0x0000000080000364] -> 0x9493
mem[X,0x0000000080000366] -> 0x00A4
[222] [M]: 0x0000000080000364 (0x00A49493) slli s1, s1, 0xa
x9 <- 0x05F8033FF8EF7C00

mem[X,0x0000000080000368] -> 0x8493
mem[X,0x000000008000036A] -> 0x3044
[223] [M]: 0x0000000080000368 (0x30448493) addi s1, s1, 0x304
x9 <- 0x05F8033FF8EF7F04

mem[X,0x000000008000036C] -> 0x0A37
mem[X,0x000000008000036E] -> 0xF921
[224] [M]: 0x000000008000036C (0xF9210A37) lui s4, -0x6df0
x20 <- 0xFFFFFFFFF9210000

mem[X,0x0000000080000370] -> 0x0A13
mem[X,0x0000000080000372] -> 0xD09A
[225] [M]: 0x0000000080000370 (0xD09A0A13) addi s4, s4, -0x2f7
x20 <- 0xFFFFFFFFF920FD09

mem[X,0x0000000080000374] -> 0x1A13
mem[X,0x0000000080000376] -> 0x00BA
[226] [M]: 0x0000000080000374 (0x00BA1A13) slli s4, s4, 0xb
x20 <- 0xFFFFFFC907E84800

mem[X,0x0000000080000378] -> 0x0A13
mem[X,0x000000008000037A] -> 0x087A
[227] [M]: 0x0000000080000378 (0x087A0A13) addi s4, s4, 0x87
x20 <- 0xFFFFFFC907E84887

mem[X,0x000000008000037C] -> 0x1A13
mem[X,0x000000008000037E] -> 0x00BA
[228] [M]: 0x000000008000037C (0x00BA1A13) slli s4, s4, 0xb
x20 <- 0xFFFE483F42443800

mem[X,0x0000000080000380] -> 0x0A13
mem[X,0x0000000080000382] -> 0x6AFA
[229] [M]: 0x0000000080000380 (0x6AFA0A13) addi s4, s4, 0x6af
x20 <- 0xFFFE483F42443EAF

mem[X,0x0000000080000384] -> 0x1A13
mem[X,0x0000000080000386] -> 0x00AA
[230] [M]: 0x0000000080000384 (0x00AA1A13) slli s4, s4, 0xa
x20 <- 0xF920FD0910FABC00

mem[X,0x0000000080000388] -> 0x0A13
mem[X,0x000000008000038A] -> 0x3C0A
[231] [M]: 0x0000000080000388 (0x3C0A0A13) addi s4, s4, 0x3c0
x20 <- 0xF920FD0910FABFC0

mem[X,0x000000008000038C] -> 0x9C3B
mem[X,0x000000008000038E] -> 0xBD44
[232] [M]: 0x000000008000038C (0xBD449C3B) pdifsumau.b s8, s1, s4
x24 <- 0xF000070216F4C3A4

mem[X,0x0000000080000390] -> 0x3823
mem[X,0x0000000080000392] -> 0x0381
[233] [M]: 0x0000000080000390 (0x03813823) sd s8, 0x30(sp)
mem[0x0000000080004148] <- 0xF000070216F4C3A4

mem[X,0x0000000080000394] -> 0x0A37
mem[X,0x0000000080000396] -> 0xBF80
[234] [M]: 0x0000000080000394 (0xBF800A37) lui s4, -0x40800
x20 <- 0xFFFFFFFFBF800000

mem[X,0x0000000080000398] -> 0x0A13
mem[X,0x000000008000039A] -> 0x820A
[235] [M]: 0x0000000080000398 (0x820A0A13) addi s4, s4, -0x7e0
x20 <- 0xFFFFFFFFBF7FF820

mem[X,0x000000008000039C] -> 0x1A13
mem[X,0x000000008000039E] -> 0x00BA
[236] [M]: 0x000000008000039C (0x00BA1A13) slli s4, s4, 0xb
x20 <- 0xFFFFFDFBFFC10000

mem[X,0x00000000800003A0] -> 0x0A13
mem[X,0x00000000800003A2] -> 0x100A
[237] [M]: 0x00000000800003A0 (0x100A0A13) addi s4, s4, 0x100
x20 <- 0xFFFFFDFBFFC10100

mem[X,0x00000000800003A4] -> 0x1A13
mem[X,0x00000000800003A6] -> 0x00BA
[238] [M]: 0x00000000800003A4 (0x00BA1A13) slli s4, s4, 0xb
x20 <- 0xFFEFDFFE08080000

mem[X,0x00000000800003A8] -> 0x0A13
mem[X,0x00000000800003AA] -> 0x404A
[239] [M]: 0x00000000800003A8 (0x404A0A13) addi s4, s4, 0x404
x20 <- 0xFFEFDFFE08080404

mem[X,0x00000000800003AC] -> 0x1A13
mem[X,0x00000000800003AE] -> 0x00AA
[240] [M]: 0x00000000800003AC (0x00AA1A13) slli s4, s4, 0xa
x20 <- 0xBF7FF82020101000

mem[X,0x00000000800003B0] -> 0x0A13
mem[X,0x00000000800003B2] -> 0x008A
[241] [M]: 0x00000000800003B0 (0x008A0A13) addi s4, s4, 0x8
x20 <- 0xBF7FF82020101008

mem[X,0x00000000800003B4] -> 0x0BB7
mem[X,0x00000000800003B6] -> 0x0981
[242] [M]: 0x00000000800003B4 (0x09810BB7) lui s7, 0x9810
x23 <- 0x0000000009810000

mem[X,0x00000000800003B8] -> 0x8B93
mem[X,0x00000000800003BA] -> 0xDEFB
[243] [M]: 0x00000000800003B8 (0xDEFB8B93) addi s7, s7, -0x211
x23 <- 0x000000000980FDEF

mem[X,0x00000000800003BC] -> 0x9B93
mem[X,0x00000000800003BE] -> 0x00BB
[244] [M]: 0x00000000800003BC (0x00BB9B93) slli s7, s7, 0xb
x23 <- 0x0000004C07EF7800

mem[X,0x00000000800003C0] -> 0x8B93
mem[X,0x00000000800003C2] -> 0x082B
[245] [M]: 0x00000000800003C0 (0x082B8B93) addi s7, s7, 0x82
x23 <- 0x0000004C07EF7882

mem[X,0x00000000800003C4] -> 0x9B93
mem[X,0x00000000800003C6] -> 0x00BB
[246] [M]: 0x00000000800003C4 (0x00BB9B93) slli s7, s7, 0xb
x23 <- 0x0002603F7BC41000

mem[X,0x00000000800003C8] -> 0x8B93
mem[X,0x00000000800003CA] -> 0x540B
[247] [M]: 0x00000000800003C8 (0x540B8B93) addi s7, s7, 0x540
x23 <- 0x0002603F7BC41540

mem[X,0x00000000800003CC] -> 0x9B93
mem[X,0x00000000800003CE] -> 0x00AB
[248] [M]: 0x00000000800003CC (0x00AB9B93) slli s7, s7, 0xa
x23 <- 0x0980FDEF10550000

mem[X,0x00000000800003D0] -> 0x8B93
mem[X,0x00000000800003D2] -> 0x1FCB
[249] [M]: 0x00000000800003D0 (0x1FCB8B93) addi s7, s7, 0x1fc
x23 <- 0x0980FDEF105501FC

mem[X,0x00000000800003D4] -> 0x173B
mem[X,0x00000000800003D6] -> 0xBD7A
[250] [M]: 0x00000000800003D4 (0xBD7A173B) pdifsumau.b a4, s4, s7
x14 <- 0x0980FDEF105504DF

mem[X,0x00000000800003D8] -> 0x3C23
mem[X,0x00000000800003DA] -> 0x02E1
[251] [M]: 0x00000000800003D8 (0x02E13C23) sd a4, 0x38(sp)
mem[0x0000000080004150] <- 0x0980FDEF105504DF

mem[X,0x00000000800003DC] -> 0x0CB7
mem[X,0x00000000800003DE] -> 0x8007
[252] [M]: 0x00000000800003DC (0x80070CB7) lui s9, -0x7ff90
x25 <- 0xFFFFFFFF80070000

mem[X,0x00000000800003E0] -> 0x8C93
mem[X,0x00000000800003E2] -> 0x5F8C
[253] [M]: 0x00000000800003E0 (0x5F8C8C93) addi s9, s9, 0x5f8
x25 <- 0xFFFFFFFF800705F8

mem[X,0x00000000800003E4] -> 0x9C93
mem[X,0x00000000800003E6] -> 0x00BC
[254] [M]: 0x00000000800003E4 (0x00BC9C93) slli s9, s9, 0xb
x25 <- 0xFFFFFC00382FC000

mem[X,0x00000000800003E8] -> 0x8C93
mem[X,0x00000000800003EA] -> 0x105C
[255] [M]: 0x00000000800003E8 (0x105C8C93) addi s9, s9, 0x105
x25 <- 0xFFFFFC00382FC105

mem[X,0x00000000800003EC] -> 0x9C93
mem[X,0x00000000800003EE] -> 0x00BC
[256] [M]: 0x00000000800003EC (0x00BC9C93) slli s9, s9, 0xb
x25 <- 0xFFE001C17E082800

mem[X,0x00000000800003F0] -> 0x8C93
mem[X,0x00000000800003F2] -> 0x280C
[257] [M]: 0x00000000800003F0 (0x280C8C93) addi s9, s9, 0x280
x25 <- 0xFFE001C17E082A80

mem[X,0x00000000800003F4] -> 0x9C93
mem[X,0x00000000800003F6] -> 0x00AC
[258] [M]: 0x00000000800003F4 (0x00AC9C93) slli s9, s9, 0xa
x25 <- 0x800705F820AA0000

mem[X,0x00000000800003F8] -> 0x8C93
mem[X,0x00000000800003FA] -> 0x110C
[259] [M]: 0x00000000800003F8 (0x110C8C93) addi s9, s9, 0x110
x25 <- 0x800705F820AA0110

mem[X,0x00000000800003FC] -> 0x1FB7
mem[X,0x00000000800003FE] -> 0x00FD
[260] [M]: 0x00000000800003FC (0x00FD1FB7) lui t6, 0xfd1
x31 <- 0x0000000000FD1000

mem[X,0x0000000080000400] -> 0x8F93
mem[X,0x0000000080000402] -> 0x002F
[261] [M]: 0x0000000080000400 (0x002F8F93) addi t6, t6, 0x2
x31 <- 0x0000000000FD1002

mem[X,0x0000000080000404] -> 0x9F93
mem[X,0x0000000080000406] -> 0x00BF
[262] [M]: 0x0000000080000404 (0x00BF9F93) slli t6, t6, 0xb
x31 <- 0x00000007E8801000

mem[X,0x0000000080000408] -> 0x8F93
mem[X,0x000000008000040A] -> 0x01BF
[263] [M]: 0x0000000080000408 (0x01BF8F93) addi t6, t6, 0x1b
x31 <- 0x00000007E880101B

mem[X,0x000000008000040C] -> 0x9F93
mem[X,0x000000008000040E] -> 0x00BF
[264] [M]: 0x000000008000040C (0x00BF9F93) slli t6, t6, 0xb
x31 <- 0x00003F440080D800

mem[X,0x0000000080000410] -> 0x8F93
mem[X,0x0000000080000412] -> 0x7FEF
[265] [M]: 0x0000000080000410 (0x7FEF8F93) addi t6, t6, 0x7fe
x31 <- 0x00003F440080DFFE

mem[X,0x0000000080000414] -> 0x9F93
mem[X,0x0000000080000416] -> 0x00AF
[266] [M]: 0x0000000080000414 (0x00AF9F93) slli t6, t6, 0xa
x31 <- 0x00FD1002037FF800

mem[X,0x0000000080000418] -> 0x8F93
mem[X,0x000000008000041A] -> 0x0AAF
[267] [M]: 0x0000000080000418 (0x0AAF8F93) addi t6, t6, 0xaa
x31 <- 0x00FD1002037FF8AA

mem[X,0x000000008000041C] -> 0x9ABB
mem[X,0x000000008000041E] -> 0xBDFC
[268] [M]: 0x000000008000041C (0xBDFC9ABB) pdifsumau.b s5, s9, t6
x21 <- 0x00FD1002132B7CB5

mem[X,0x0000000080000420] -> 0x3023
mem[X,0x0000000080000422] -> 0x0551
[269] [M]: 0x0000000080000420 (0x05513023) sd s5, 0x40(sp)
mem[0x0000000080004158] <- 0x00FD1002132B7CB5

mem[X,0x0000000080000424] -> 0x0DB7
mem[X,0x0000000080000426] -> 0x0055
[270] [M]: 0x0000000080000424 (0x00550DB7) lui s11, 0x550
x27 <- 0x0000000000550000

mem[X,0x0000000080000428] -> 0x8D93
mem[X,0x000000008000042A] -> 0x307D
[271] [M]: 0x0000000080000428 (0x307D8D93) addi s11, s11, 0x307
x27 <- 0x0000000000550307

mem[X,0x000000008000042C] -> 0x9D93
mem[X,0x000000008000042E] -> 0x00BD
[272] [M]: 0x000000008000042C (0x00BD9D93) slli s11, s11, 0xb
x27 <- 0x00000002A8183800

mem[X,0x0000000080000430] -> 0x8D93
mem[X,0x0000000080000432] -> 0x027D
[273] [M]: 0x0000000080000430 (0x027D8D93) addi s11, s11, 0x27
x27 <- 0x00000002A8183827

mem[X,0x0000000080000434] -> 0x9D93
mem[X,0x0000000080000436] -> 0x00BD
[274] [M]: 0x0000000080000434 (0x00BD9D93) slli s11, s11, 0xb
x27 <- 0x00001540C1C13800

mem[X,0x0000000080000438] -> 0x8D93
mem[X,0x000000008000043A] -> 0x3C1D
[275] [M]: 0x0000000080000438 (0x3C1D8D93) addi s11, s11, 0x3c1
x27 <- 0x00001540C1C13BC1

mem[X,0x000000008000043C] -> 0x9D93
mem[X,0x000000008000043E] -> 0x00AD
[276] [M]: 0x000000008000043C (0x00AD9D93) slli s11, s11, 0xa
x27 <- 0x0055030704EF0400

mem[X,0x0000000080000440] -> 0x8D93
mem[X,0x0000000080000442] -> 0x020D
[277] [M]: 0x0000000080000440 (0x020D8D93) addi s11, s11, 0x20
x27 <- 0x0055030704EF0420

mem[X,0x0000000080000444] -> 0x04B7
mem[X,0x0000000080000446] -> 0x097F
[278] [M]: 0x0000000080000444 (0x097F04B7) lui s1, 0x97f0
x9 <- 0x00000000097F0000

mem[X,0x0000000080000448] -> 0x8493
mem[X,0x000000008000044A] -> 0x4204
[279] [M]: 0x0000000080000448 (0x42048493) addi s1, s1, 0x420
x9 <- 0x00000000097F0420

mem[X,0x000000008000044C] -> 0x9493
mem[X,0x000000008000044E] -> 0x00B4
[280] [M]: 0x000000008000044C (0x00B49493) slli s1, s1, 0xb
x9 <- 0x0000004BF8210000

mem[X,0x0000000080000450] -> 0x8493
mem[X,0x0000000080000452] -> 0x0084
[281] [M]: 0x0000000080000450 (0x00848493) addi s1, s1, 0x8
x9 <- 0x0000004BF8210008

mem[X,0x0000000080000454] -> 0x9493
mem[X,0x0000000080000456] -> 0x00B4
[282] [M]: 0x0000000080000454 (0x00B49493) slli s1, s1, 0xb
x9 <- 0x00025FC108004000

mem[X,0x0000000080000458] -> 0x8493
mem[X,0x000000008000045A] -> 0x1C14
[283] [M]: 0x0000000080000458 (0x1C148493) addi s1, s1, 0x1c1
x9 <- 0x00025FC1080041C1

mem[X,0x000000008000045C] -> 0x9493
mem[X,0x000000008000045E] -> 0x00A4
[284] [M]: 0x000000008000045C (0x00A49493) slli s1, s1, 0xa
x9 <- 0x097F042001070400

mem[X,0x0000000080000460] -> 0x8493
mem[X,0x0000000080000462] -> 0x3F74
[285] [M]: 0x0000000080000460 (0x3F748493) addi s1, s1, 0x3f7
x9 <- 0x097F0420010707F7

mem[X,0x0000000080000464] -> 0x9B3B
mem[X,0x0000000080000466] -> 0xBC9D
[286] [M]: 0x0000000080000464 (0xBC9D9B3B) pdifsumau.b s6, s11, s1
x22 <- 0x097F042001266108

mem[X,0x0000000080000468] -> 0x3423
mem[X,0x000000008000046A] -> 0x0561
[287] [M]: 0x0000000080000468 (0x05613423) sd s6, 0x48(sp)
mem[0x0000000080004160] <- 0x097F042001266108

mem[X,0x000000008000046C] -> 0x0B37
mem[X,0x000000008000046E] -> 0xC0BF
[288] [M]: 0x000000008000046C (0xC0BF0B37) lui s6, -0x3f410
x22 <- 0xFFFFFFFFC0BF0000

mem[X,0x0000000080000470] -> 0x0B13
mem[X,0x0000000080000472] -> 0x210B
[289] [M]: 0x0000000080000470 (0x210B0B13) addi s6, s6, 0x210
x22 <- 0xFFFFFFFFC0BF0210

mem[X,0x0000000080000474] -> 0x1B13
mem[X,0x0000000080000476] -> 0x00BB
[290] [M]: 0x0000000080000474 (0x00BB1B13) slli s6, s6, 0xb
x22 <- 0xFFFFFE05F8108000

mem[X,0x0000000080000478] -> 0x0B13
mem[X,0x000000008000047A] -> 0x039B
[291] [M]: 0x0000000080000478 (0x039B0B13) addi s6, s6, 0x39
x22 <- 0xFFFFFE05F8108039

mem[X,0x000000008000047C] -> 0x1B13
mem[X,0x000000008000047E] -> 0x00BB
[292] [M]: 0x000000008000047C (0x00BB1B13) slli s6, s6, 0xb
x22 <- 0xFFF02FC08401C800

mem[X,0x0000000080000480] -> 0x0B13
mem[X,0x0000000080000482] -> 0x001B
[293] [M]: 0x0000000080000480 (0x001B0B13) addi s6, s6, 0x1
x22 <- 0xFFF02FC08401C801

mem[X,0x0000000080000484] -> 0x1B13
mem[X,0x0000000080000486] -> 0x00AB
[294] [M]: 0x0000000080000484 (0x00AB1B13) slli s6, s6, 0xa
x22 <- 0xC0BF021007200400

mem[X,0x0000000080000488] -> 0x0B13
mem[X,0x000000008000048A] -> 0x140B
[295] [M]: 0x0000000080000488 (0x140B0B13) addi s6, s6, 0x140
x22 <- 0xC0BF021007200540

mem[X,0x000000008000048C] -> 0x0637
mem[X,0x000000008000048E] -> 0xAA11
[296] [M]: 0x000000008000048C (0xAA110637) lui a2, -0x55ef0
x12 <- 0xFFFFFFFFAA110000

mem[X,0x0000000080000490] -> 0x0613
mem[X,0x0000000080000492] -> 0xEFC6
[297] [M]: 0x0000000080000490 (0xEFC60613) addi a2, a2, -0x104
x12 <- 0xFFFFFFFFAA10FEFC

mem[X,0x0000000080000494] -> 0x1613
mem[X,0x0000000080000496] -> 0x00B6
[298] [M]: 0x0000000080000494 (0x00B61613) slli a2, a2, 0xb
x12 <- 0xFFFFFD5087F7E000

mem[X,0x0000000080000498] -> 0x0613
mem[X,0x000000008000049A] -> 0x0076
[299] [M]: 0x0000000080000498 (0x00760613) addi a2, a2, 0x7
x12 <- 0xFFFFFD5087F7E007

clint::tick mtime <- 0x0000000000000003
 clint timer pending at mtime 0x0000000000000003
htif::tick 0x0000000000000000
mem[X,0x000000008000049C] -> 0x1613
mem[X,0x000000008000049E] -> 0x00B6
[300] [M]: 0x000000008000049C (0x00B61613) slli a2, a2, 0xb
x12 <- 0xFFEA843FBF003800

mem[X,0x00000000800004A0] -> 0x0613
mem[X,0x00000000800004A2] -> 0x67D6
[301] [M]: 0x00000000800004A0 (0x67D60613) addi a2, a2, 0x67d
x12 <- 0xFFEA843FBF003E7D

mem[X,0x00000000800004A4] -> 0x1613
mem[X,0x00000000800004A6] -> 0x00A6
[302] [M]: 0x00000000800004A4 (0x00A61613) slli a2, a2, 0xa
x12 <- 0xAA10FEFC00F9F400

mem[X,0x00000000800004A8] -> 0x0613
mem[X,0x00000000800004AA] -> 0x2FB6
[303] [M]: 0x00000000800004A8 (0x2FB60613) addi a2, a2, 0x2fb
x12 <- 0xAA10FEFC00F9F6FB

mem[X,0x00000000800004AC] -> 0x1DBB
mem[X,0x00000000800004AE] -> 0xBCCB
[304] [M]: 0x00000000800004AC (0xBCCB1DBB) pdifsumau.b s11, s6, a2
x27 <- 0xAA66020305E90054

mem[X,0x00000000800004B0] -> 0x3823
mem[X,0x00000000800004B2] -> 0x05B1
[305] [M]: 0x00000000800004B0 (0x05B13823) sd s11, 0x50(sp)
mem[0x0000000080004168] <- 0xAA66020305E90054

mem[X,0x00000000800004B4] -> 0xF437
mem[X,0x00000000800004B6] -> 0x0705
[306] [M]: 0x00000000800004B4 (0x0705F437) lui fp, 0x705f
x8 <- 0x000000000705F000

mem[X,0x00000000800004B8] -> 0x0413
mem[X,0x00000000800004BA] -> 0x7554
[307] [M]: 0x00000000800004B8 (0x75540413) addi fp, fp, 0x755
x8 <- 0x000000000705F755

mem[X,0x00000000800004BC] -> 0x1413
mem[X,0x00000000800004BE] -> 0x00B4
[308] [M]: 0x00000000800004BC (0x00B41413) slli fp, fp, 0xb
x8 <- 0x000000382FBAA800

mem[X,0x00000000800004C0] -> 0x0413
mem[X,0x00000000800004C2] -> 0x7C94
[309] [M]: 0x00000000800004C0 (0x7C940413) addi fp, fp, 0x7c9
x8 <- 0x000000382FBAAFC9

mem[X,0x00000000800004C4] -> 0x1413
mem[X,0x00000000800004C6] -> 0x00B4
[310] [M]: 0x00000000800004C4 (0x00B41413) slli fp, fp, 0xb
x8 <- 0x0001C17DD57E4800

mem[X,0x00000000800004C8] -> 0x0413
mem[X,0x00000000800004CA] -> 0x0014
[311] [M]: 0x00000000800004C8 (0x00140413) addi fp, fp, 0x1
x8 <- 0x0001C17DD57E4801

mem[X,0x00000000800004CC] -> 0x1413
mem[X,0x00000000800004CE] -> 0x00A4
[312] [M]: 0x00000000800004CC (0x00A41413) slli fp, fp, 0xa
x8 <- 0x0705F755F9200400

mem[X,0x00000000800004D0] -> 0x0413
mem[X,0x00000000800004D2] -> 0x1FE4
[313] [M]: 0x00000000800004D0 (0x1FE40413) addi fp, fp, 0x1fe
x8 <- 0x0705F755F92005FE

mem[X,0x00000000800004D4] -> 0x2AB7
mem[X,0x00000000800004D6] -> 0x20F7
[314] [M]: 0x00000000800004D4 (0x20F72AB7) lui s5, 0x20f72
x21 <- 0x0000000020F72000

mem[X,0x00000000800004D8] -> 0x8A93
mem[X,0x00000000800004DA] -> 0x03FA
[315] [M]: 0x00000000800004D8 (0x03FA8A93) addi s5, s5, 0x3f
x21 <- 0x0000000020F7203F

mem[X,0x00000000800004DC] -> 0x9A93
mem[X,0x00000000800004DE] -> 0x00BA
[316] [M]: 0x00000000800004DC (0x00BA9A93) slli s5, s5, 0xb
x21 <- 0x00000107B901F800

mem[X,0x00000000800004E0] -> 0x8A93
mem[X,0x00000000800004E2] -> 0x77FA
[317] [M]: 0x00000000800004E0 (0x77FA8A93) addi s5, s5, 0x77f
x21 <- 0x00000107B901FF7F

mem[X,0x00000000800004E4] -> 0x9A93
mem[X,0x00000000800004E6] -> 0x00BA
[318] [M]: 0x00000000800004E4 (0x00BA9A93) slli s5, s5, 0xb
x21 <- 0x00083DC80FFBF800

mem[X,0x00000000800004E8] -> 0x8A93
mem[X,0x00000000800004EA] -> 0x3CFA
[319] [M]: 0x00000000800004E8 (0x3CFA8A93) addi s5, s5, 0x3cf
x21 <- 0x00083DC80FFBFBCF

mem[X,0x00000000800004EC] -> 0x9A93
mem[X,0x00000000800004EE] -> 0x00AA
[320] [M]: 0x00000000800004EC (0x00AA9A93) slli s5, s5, 0xa
x21 <- 0x20F7203FEFEF3C00

mem[X,0x00000000800004F0] -> 0x8A93
mem[X,0x00000000800004F2] -> 0x3F9A
[321] [M]: 0x00000000800004F0 (0x3F9A8A93) addi s5, s5, 0x3f9
x21 <- 0x20F7203FEFEF3FF9

mem[X,0x00000000800004F4] -> 0x12BB
mem[X,0x00000000800004F6] -> 0xBD54
[322] [M]: 0x00000000800004F4 (0xBD5412BB) pdifsumau.b t0, fp, s5
x5 <- 0x20F7204FDECB2DE8

mem[X,0x00000000800004F8] -> 0x3C23
mem[X,0x00000000800004FA] -> 0x0451
[323] [M]: 0x00000000800004F8 (0x04513C23) sd t0, 0x58(sp)
mem[0x0000000080004170] <- 0x20F7204FDECB2DE8

mem[X,0x00000000800004FC] -> 0x0637
mem[X,0x00000000800004FE] -> 0xF7E0
[324] [M]: 0x00000000800004FC (0xF7E00637) lui a2, -0x8200
x12 <- 0xFFFFFFFFF7E00000

mem[X,0x0000000080000500] -> 0x0613
mem[X,0x0000000080000502] -> 0xAFD6
[325] [M]: 0x0000000080000500 (0xAFD60613) addi a2, a2, -0x503
x12 <- 0xFFFFFFFFF7DFFAFD

mem[X,0x0000000080000504] -> 0x1613
mem[X,0x0000000080000506] -> 0x00B6
[326] [M]: 0x0000000080000504 (0x00B61613) slli a2, a2, 0xb
x12 <- 0xFFFFFFBEFFD7E800

mem[X,0x0000000080000508] -> 0x0613
mem[X,0x000000008000050A] -> 0x0086
[327] [M]: 0x0000000080000508 (0x00860613) addi a2, a2, 0x8
x12 <- 0xFFFFFFBEFFD7E808

mem[X,0x000000008000050C] -> 0x1613
mem[X,0x000000008000050E] -> 0x00B6
[328] [M]: 0x000000008000050C (0x00B61613) slli a2, a2, 0xb
x12 <- 0xFFFDF7FEBF404000

mem[X,0x0000000080000510] -> 0x0613
mem[X,0x0000000080000512] -> 0x0016
[329] [M]: 0x0000000080000510 (0x00160613) addi a2, a2, 0x1
x12 <- 0xFFFDF7FEBF404001

mem[X,0x0000000080000514] -> 0x1613
mem[X,0x0000000080000516] -> 0x00A6
[330] [M]: 0x0000000080000514 (0x00A61613) slli a2, a2, 0xa
x12 <- 0xF7DFFAFD01000400

mem[X,0x0000000080000518] -> 0x0613
mem[X,0x000000008000051A] -> 0x0FD6
[331] [M]: 0x0000000080000518 (0x0FD60613) addi a2, a2, 0xfd
x12 <- 0xF7DFFAFD010004FD

mem[X,0x000000008000051C] -> 0x1D37
mem[X,0x000000008000051E] -> 0xF6FC
[332] [M]: 0x000000008000051C (0xF6FC1D37) lui s10, -0x903f
x26 <- 0xFFFFFFFFF6FC1000

mem[X,0x0000000080000520] -> 0x0D13
mem[X,0x0000000080000522] -> 0x909D
[333] [M]: 0x0000000080000520 (0x909D0D13) addi s10, s10, -0x6f7
x26 <- 0xFFFFFFFFF6FC0909

mem[X,0x0000000080000524] -> 0x1D13
mem[X,0x0000000080000526] -> 0x00BD
[334] [M]: 0x0000000080000524 (0x00BD1D13) slli s10, s10, 0xb
x26 <- 0xFFFFFFB7E0484800

mem[X,0x0000000080000528] -> 0x0D13
mem[X,0x000000008000052A] -> 0x7DED
[335] [M]: 0x0000000080000528 (0x7DED0D13) addi s10, s10, 0x7de
x26 <- 0xFFFFFFB7E0484FDE

mem[X,0x000000008000052C] -> 0x1D13
mem[X,0x000000008000052E] -> 0x00BD
[336] [M]: 0x000000008000052C (0x00BD1D13) slli s10, s10, 0xb
x26 <- 0xFFFDBF02427EF000

mem[X,0x0000000080000530] -> 0x0D13
mem[X,0x0000000080000532] -> 0x7DFD
[337] [M]: 0x0000000080000530 (0x7DFD0D13) addi s10, s10, 0x7df
x26 <- 0xFFFDBF02427EF7DF

mem[X,0x0000000080000534] -> 0x1D13
mem[X,0x0000000080000536] -> 0x00AD
[338] [M]: 0x0000000080000534 (0x00AD1D13) slli s10, s10, 0xa
x26 <- 0xF6FC0909FBDF7C00

mem[X,0x0000000080000538] -> 0x0D13
mem[X,0x000000008000053A] -> 0x3F9D
[339] [M]: 0x0000000080000538 (0x3F9D0D13) addi s10, s10, 0x3f9
x26 <- 0xF6FC0909FBDF7FF9

mem[X,0x000000008000053C] -> 0x193B
mem[X,0x000000008000053E] -> 0xBDA6
[340] [M]: 0x000000008000053C (0xBDA6193B) pdifsumau.b s2, a2, s10
x18 <- 0xF6FDFE79F34D79C3

mem[X,0x0000000080000540] -> 0x3023
mem[X,0x0000000080000542] -> 0x0721
[341] [M]: 0x0000000080000540 (0x07213023) sd s2, 0x60(sp)
mem[0x0000000080004178] <- 0xF6FDFE79F34D79C3

mem[X,0x0000000080000544] -> 0x0037
mem[X,0x0000000080000546] -> 0x5508
[342] [M]: 0x0000000080000544 (0x55080037) lui zero, 0x55080

mem[X,0x0000000080000548] -> 0x0013
mem[X,0x000000008000054A] -> 0x8FA0
[343] [M]: 0x0000000080000548 (0x8FA00013) addi zero, zero, -0x706

mem[X,0x000000008000054C] -> 0x1013
mem[X,0x000000008000054E] -> 0x00B0
[344] [M]: 0x000000008000054C (0x00B01013) slli zero, zero, 0xb

mem[X,0x0000000080000550] -> 0x0013
mem[X,0x0000000080000552] -> 0x7B60
[345] [M]: 0x0000000080000550 (0x7B600013) addi zero, zero, 0x7b6

mem[X,0x0000000080000554] -> 0x1013
mem[X,0x0000000080000556] -> 0x00B0
[346] [M]: 0x0000000080000554 (0x00B01013) slli zero, zero, 0xb

mem[X,0x0000000080000558] -> 0x0013
mem[X,0x000000008000055A] -> 0x7C10
[347] [M]: 0x0000000080000558 (0x7C100013) addi zero, zero, 0x7c1

mem[X,0x000000008000055C] -> 0x1013
mem[X,0x000000008000055E] -> 0x00A0
[348] [M]: 0x000000008000055C (0x00A01013) slli zero, zero, 0xa

mem[X,0x0000000080000560] -> 0x0013
mem[X,0x0000000080000562] -> 0x0FB0
[349] [M]: 0x0000000080000560 (0x0FB00013) addi zero, zero, 0xfb

mem[X,0x0000000080000564] -> 0x03B7
mem[X,0x0000000080000566] -> 0xF603
[350] [M]: 0x0000000080000564 (0xF60303B7) lui t2, -0x9fd0
x7 <- 0xFFFFFFFFF6030000

mem[X,0x0000000080000568] -> 0x8393
mem[X,0x000000008000056A] -> 0xEFE3
[351] [M]: 0x0000000080000568 (0xEFE38393) addi t2, t2, -0x102
x7 <- 0xFFFFFFFFF602FEFE

mem[X,0x000000008000056C] -> 0x9393
mem[X,0x000000008000056E] -> 0x00B3
[352] [M]: 0x000000008000056C (0x00B39393) slli t2, t2, 0xb
x7 <- 0xFFFFFFB017F7F000

mem[X,0x0000000080000570] -> 0x8393
mem[X,0x0000000080000572] -> 0x7BF3
[353] [M]: 0x0000000080000570 (0x7BF38393) addi t2, t2, 0x7bf
x7 <- 0xFFFFFFB017F7F7BF

mem[X,0x0000000080000574] -> 0x9393
mem[X,0x0000000080000576] -> 0x00B3
[354] [M]: 0x0000000080000574 (0x00B39393) slli t2, t2, 0xb
x7 <- 0xFFFD80BFBFBDF800

mem[X,0x0000000080000578] -> 0x8393
mem[X,0x000000008000057A] -> 0x7403
[355] [M]: 0x0000000080000578 (0x74038393) addi t2, t2, 0x740
x7 <- 0xFFFD80BFBFBDFF40

mem[X,0x000000008000057C] -> 0x9393
mem[X,0x000000008000057E] -> 0x00A3
[356] [M]: 0x000000008000057C (0x00A39393) slli t2, t2, 0xa
x7 <- 0xF602FEFEF7FD0000

mem[X,0x0000000080000580] -> 0x8393
mem[X,0x0000000080000582] -> 0x2013
[357] [M]: 0x0000000080000580 (0x20138393) addi t2, t2, 0x201
x7 <- 0xF602FEFEF7FD0201

mem[X,0x0000000080000584] -> 0x143B
mem[X,0x0000000080000586] -> 0xBC70
[358] [M]: 0x0000000080000584 (0xBC70143B) pdifsumau.b fp, zero, t2
x8 <- 0xFD08F654F11D0CEA

mem[X,0x0000000080000588] -> 0x3423
mem[X,0x000000008000058A] -> 0x0681
[359] [M]: 0x0000000080000588 (0x06813423) sd fp, 0x68(sp)
mem[0x0000000080004180] <- 0xFD08F654F11D0CEA

mem[X,0x000000008000058C] -> 0x02B7
mem[X,0x000000008000058E] -> 0x0803
[360] [M]: 0x000000008000058C (0x080302B7) lui t0, 0x8030
x5 <- 0x0000000008030000

mem[X,0x0000000080000590] -> 0x8293
mem[X,0x0000000080000592] -> 0xCBF2
[361] [M]: 0x0000000080000590 (0xCBF28293) addi t0, t0, -0x341
x5 <- 0x000000000802FCBF

mem[X,0x0000000080000594] -> 0x9293
mem[X,0x0000000080000596] -> 0x00B2
[362] [M]: 0x0000000080000594 (0x00B29293) slli t0, t0, 0xb
x5 <- 0x0000004017E5F800

mem[X,0x0000000080000598] -> 0x8293
mem[X,0x000000008000059A] -> 0x4022
[363] [M]: 0x0000000080000598 (0x40228293) addi t0, t0, 0x402
x5 <- 0x0000004017E5FC02

mem[X,0x000000008000059C] -> 0x9293
mem[X,0x000000008000059E] -> 0x00B2
[364] [M]: 0x000000008000059C (0x00B29293) slli t0, t0, 0xb
x5 <- 0x000200BF2FE01000

mem[X,0x00000000800005A0] -> 0x8293
mem[X,0x00000000800005A2] -> 0x57F2
[365] [M]: 0x00000000800005A0 (0x57F28293) addi t0, t0, 0x57f
x5 <- 0x000200BF2FE0157F

mem[X,0x00000000800005A4] -> 0x9293
mem[X,0x00000000800005A6] -> 0x00A2
[366] [M]: 0x00000000800005A4 (0x00A29293) slli t0, t0, 0xa
x5 <- 0x0802FCBF8055FC00

mem[X,0x00000000800005A8] -> 0x8293
mem[X,0x00000000800005AA] -> 0x3F72
[367] [M]: 0x00000000800005A8 (0x3F728293) addi t0, t0, 0x3f7
x5 <- 0x0802FCBF8055FFF7

mem[X,0x00000000800005AC] -> 0x4437
mem[X,0x00000000800005AE] -> 0xF640
[368] [M]: 0x00000000800005AC (0xF6404437) lui fp, -0x9bfc
x8 <- 0xFFFFFFFFF6404000

mem[X,0x00000000800005B0] -> 0x0413
mem[X,0x00000000800005B2] -> 0xFAA4
[369] [M]: 0x00000000800005B0 (0xFAA40413) addi fp, fp, -0x56
x8 <- 0xFFFFFFFFF6403FAA

mem[X,0x00000000800005B4] -> 0x1413
mem[X,0x00000000800005B6] -> 0x00B4
[370] [M]: 0x00000000800005B4 (0x00B41413) slli fp, fp, 0xb
x8 <- 0xFFFFFFB201FD5000

mem[X,0x00000000800005B8] -> 0x0413
mem[X,0x00000000800005BA] -> 0x0184
[371] [M]: 0x00000000800005B8 (0x01840413) addi fp, fp, 0x18
x8 <- 0xFFFFFFB201FD5018

mem[X,0x00000000800005BC] -> 0x1413
mem[X,0x00000000800005BE] -> 0x00B4
[372] [M]: 0x00000000800005BC (0x00B41413) slli fp, fp, 0xb
x8 <- 0xFFFD900FEA80C000

mem[X,0x00000000800005C0] -> 0x0413
mem[X,0x00000000800005C2] -> 0x13E4
[373] [M]: 0x00000000800005C0 (0x13E40413) addi fp, fp, 0x13e
x8 <- 0xFFFD900FEA80C13E

mem[X,0x00000000800005C4] -> 0x1413
mem[X,0x00000000800005C6] -> 0x00A4
[374] [M]: 0x00000000800005C4 (0x00A41413) slli fp, fp, 0xa
x8 <- 0xF6403FAA0304F800

mem[X,0x00000000800005C8] -> 0x0413
mem[X,0x00000000800005CA] -> 0x3034
[375] [M]: 0x00000000800005C8 (0x30340413) addi fp, fp, 0x303
x8 <- 0xF6403FAA0304FB03

mem[X,0x00000000800005CC] -> 0x983B
mem[X,0x00000000800005CE] -> 0xBC82
[376] [M]: 0x00000000800005CC (0xBC82983B) pdifsumau.b a6, t0, fp
x16 <- 0x739C3D858060FCA2

mem[X,0x00000000800005D0] -> 0x3823
mem[X,0x00000000800005D2] -> 0x0701
[377] [M]: 0x00000000800005D0 (0x07013823) sd a6, 0x70(sp)
mem[0x0000000080004188] <- 0x739C3D858060FCA2

mem[X,0x00000000800005D4] -> 0x0937
mem[X,0x00000000800005D6] -> 0x20FD
[378] [M]: 0x00000000800005D4 (0x20FD0937) lui s2, 0x20fd0
x18 <- 0x0000000020FD0000

mem[X,0x00000000800005D8] -> 0x0913
mem[X,0x00000000800005DA] -> 0x9F99
[379] [M]: 0x00000000800005D8 (0x9F990913) addi s2, s2, -0x607
x18 <- 0x0000000020FCF9F9

mem[X,0x00000000800005DC] -> 0x1913
mem[X,0x00000000800005DE] -> 0x00B9
[380] [M]: 0x00000000800005DC (0x00B91913) slli s2, s2, 0xb
x18 <- 0x00000107E7CFC800

mem[X,0x00000000800005E0] -> 0x0913
mem[X,0x00000000800005E2] -> 0x6079
[381] [M]: 0x00000000800005E0 (0x60790913) addi s2, s2, 0x607
x18 <- 0x00000107E7CFCE07

mem[X,0x00000000800005E4] -> 0x1913
mem[X,0x00000000800005E6] -> 0x00B9
[382] [M]: 0x00000000800005E4 (0x00B91913) slli s2, s2, 0xb
x18 <- 0x00083F3E7E703800

mem[X,0x00000000800005E8] -> 0x0913
mem[X,0x00000000800005EA] -> 0x3FE9
[383] [M]: 0x00000000800005E8 (0x3FE90913) addi s2, s2, 0x3fe
x18 <- 0x00083F3E7E703BFE

mem[X,0x00000000800005EC] -> 0x1913
mem[X,0x00000000800005EE] -> 0x00A9
[384] [M]: 0x00000000800005EC (0x00A91913) slli s2, s2, 0xa
x18 <- 0x20FCF9F9C0EFF800

mem[X,0x00000000800005F0] -> 0x0913
mem[X,0x00000000800005F2] -> 0x2EF9
[385] [M]: 0x00000000800005F0 (0x2EF90913) addi s2, s2, 0x2ef
x18 <- 0x20FCF9F9C0EFFAEF

mem[X,0x00000000800005F4] -> 0x5037
mem[X,0x00000000800005F6] -> 0x06DF
[386] [M]: 0x00000000800005F4 (0x06DF5037) lui zero, 0x6df5

mem[X,0x00000000800005F8] -> 0x0013
mem[X,0x00000000800005FA] -> 0x5020
[387] [M]: 0x00000000800005F8 (0x50200013) addi zero, zero, 0x502

mem[X,0x00000000800005FC] -> 0x1013
mem[X,0x00000000800005FE] -> 0x00B0
[388] [M]: 0x00000000800005FC (0x00B01013) slli zero, zero, 0xb

mem[X,0x0000000080000600] -> 0x0013
mem[X,0x0000000080000602] -> 0x7F70
[389] [M]: 0x0000000080000600 (0x7F700013) addi zero, zero, 0x7f7

mem[X,0x0000000080000604] -> 0x1013
mem[X,0x0000000080000606] -> 0x00B0
[390] [M]: 0x0000000080000604 (0x00B01013) slli zero, zero, 0xb

mem[X,0x0000000080000608] -> 0x0013
mem[X,0x000000008000060A] -> 0x66F0
[391] [M]: 0x0000000080000608 (0x66F00013) addi zero, zero, 0x66f

mem[X,0x000000008000060C] -> 0x1013
mem[X,0x000000008000060E] -> 0x00A0
[392] [M]: 0x000000008000060C (0x00A01013) slli zero, zero, 0xa

mem[X,0x0000000080000610] -> 0x0013
mem[X,0x0000000080000612] -> 0x3F70
[393] [M]: 0x0000000080000610 (0x3F700013) addi zero, zero, 0x3f7

mem[X,0x0000000080000614] -> 0x11BB
mem[X,0x0000000080000616] -> 0xBC09
[394] [M]: 0x0000000080000614 (0xBC0911BB) pdifsumau.b gp, s2, zero
x3 <- 0xFE4055F6BF041025

mem[X,0x0000000080000618] -> 0x3C23
mem[X,0x000000008000061A] -> 0x0631
[395] [M]: 0x0000000080000618 (0x06313C23) sd gp, 0x78(sp)
mem[0x0000000080004190] <- 0xFE4055F6BF041025

mem[X,0x000000008000061C] -> 0x08B7
mem[X,0x000000008000061E] -> 0x0507
[396] [M]: 0x000000008000061C (0x050708B7) lui a7, 0x5070
x17 <- 0x0000000005070000

mem[X,0x0000000080000620] -> 0x8893
mem[X,0x0000000080000622] -> 0x8FE8
[397] [M]: 0x0000000080000620 (0x8FE88893) addi a7, a7, -0x702
x17 <- 0x000000000506F8FE

mem[X,0x0000000080000624] -> 0x9893
mem[X,0x0000000080000626] -> 0x00B8
[398] [M]: 0x0000000080000624 (0x00B89893) slli a7, a7, 0xb
x17 <- 0x0000002837C7F000

mem[X,0x0000000080000628] -> 0x8893
mem[X,0x000000008000062A] -> 0x0238
[399] [M]: 0x0000000080000628 (0x02388893) addi a7, a7, 0x23
x17 <- 0x0000002837C7F023

clint::tick mtime <- 0x0000000000000004
 clint timer pending at mtime 0x0000000000000004
htif::tick 0x0000000000000000
mem[X,0x000000008000062C] -> 0x9893
mem[X,0x000000008000062E] -> 0x00B8
[400] [M]: 0x000000008000062C (0x00B89893) slli a7, a7, 0xb
x17 <- 0x000141BE3F811800

mem[X,0x0000000080000630] -> 0x8893
mem[X,0x0000000080000632] -> 0x7FF8
[401] [M]: 0x0000000080000630 (0x7FF88893) addi a7, a7, 0x7ff
x17 <- 0x000141BE3F811FFF

mem[X,0x0000000080000634] -> 0x9893
mem[X,0x0000000080000636] -> 0x00A8
[402] [M]: 0x0000000080000634 (0x00A89893) slli a7, a7, 0xa
x17 <- 0x0506F8FE047FFC00

mem[X,0x0000000080000638] -> 0x8893
mem[X,0x000000008000063A] -> 0x1DF8
[403] [M]: 0x0000000080000638 (0x1DF88893) addi a7, a7, 0x1df
x17 <- 0x0506F8FE047FFDDF

mem[X,0x000000008000063C] -> 0x5F37
mem[X,0x000000008000063E] -> 0x04C0
[404] [M]: 0x000000008000063C (0x04C05F37) lui t5, 0x4c05
x30 <- 0x0000000004C05000

mem[X,0x0000000080000640] -> 0x0F13
mem[X,0x0000000080000642] -> 0x503F
[405] [M]: 0x0000000080000640 (0x503F0F13) addi t5, t5, 0x503
x30 <- 0x0000000004C05503

mem[X,0x0000000080000644] -> 0x1F13
mem[X,0x0000000080000646] -> 0x00BF
[406] [M]: 0x0000000080000644 (0x00BF1F13) slli t5, t5, 0xb
x30 <- 0x0000002602A81800

mem[X,0x0000000080000648] -> 0x0F13
mem[X,0x000000008000064A] -> 0x5F9F
[407] [M]: 0x0000000080000648 (0x5F9F0F13) addi t5, t5, 0x5f9
x30 <- 0x0000002602A81DF9

mem[X,0x000000008000064C] -> 0x1F13
mem[X,0x000000008000064E] -> 0x00BF
[408] [M]: 0x000000008000064C (0x00BF1F13) slli t5, t5, 0xb
x30 <- 0x0001301540EFC800

mem[X,0x0000000080000650] -> 0x0F13
mem[X,0x0000000080000652] -> 0x7FDF
[409] [M]: 0x0000000080000650 (0x7FDF0F13) addi t5, t5, 0x7fd
x30 <- 0x0001301540EFCFFD

mem[X,0x0000000080000654] -> 0x1F13
mem[X,0x0000000080000656] -> 0x00AF
[410] [M]: 0x0000000080000654 (0x00AF1F13) slli t5, t5, 0xa
x30 <- 0x04C05503BF3FF400

mem[X,0x0000000080000658] -> 0x0F13
mem[X,0x000000008000065A] -> 0x2F9F
[411] [M]: 0x0000000080000658 (0x2F9F0F13) addi t5, t5, 0x2f9
x30 <- 0x04C05503BF3FF6F9

mem[X,0x000000008000065C] -> 0x9A3B
mem[X,0x000000008000065E] -> 0xBDE8
[412] [M]: 0x000000008000065C (0xBDE89A3B) pdifsumau.b s4, a7, t5
x20 <- 0xC4404D23DF500A76

mem[X,0x0000000080000660] -> 0x3023
mem[X,0x0000000080000662] -> 0x0941
[413] [M]: 0x0000000080000660 (0x09413023) sd s4, 0x80(sp)
mem[0x0000000080004198] <- 0xC4404D23DF500A76

mem[X,0x0000000080000664] -> 0x0013
mem[X,0x0000000080000666] -> 0x0000
[414] [M]: 0x0000000080000664 (0x00000013) addi zero, zero, 0x0

mem[X,0x0000000080000668] -> 0x0013
mem[X,0x000000008000066A] -> 0x0000
[415] [M]: 0x0000000080000668 (0x00000013) addi zero, zero, 0x0

mem[X,0x000000008000066C] -> 0x0013
mem[X,0x000000008000066E] -> 0x0000
[416] [M]: 0x000000008000066C (0x00000013) addi zero, zero, 0x0

mem[X,0x0000000080000670] -> 0x0013
mem[X,0x0000000080000672] -> 0x0000
[417] [M]: 0x0000000080000670 (0x00000013) addi zero, zero, 0x0

mem[X,0x0000000080000674] -> 0x0013
mem[X,0x0000000080000676] -> 0x0000
[418] [M]: 0x0000000080000674 (0x00000013) addi zero, zero, 0x0

mem[X,0x0000000080000678] -> 0x0013
mem[X,0x000000008000067A] -> 0x0000
[419] [M]: 0x0000000080000678 (0x00000013) addi zero, zero, 0x0

mem[X,0x000000008000067C] -> 0x0013
mem[X,0x000000008000067E] -> 0x0000
[420] [M]: 0x000000008000067C (0x00000013) addi zero, zero, 0x0

mem[X,0x0000000080000680] -> 0x4197
mem[X,0x0000000080000682] -> 0x0000
[421] [M]: 0x0000000080000680 (0x00004197) auipc gp, 0x4
x3 <- 0x0000000080004680

mem[X,0x0000000080000684] -> 0x8193
mem[X,0x0000000080000686] -> 0xB201
[422] [M]: 0x0000000080000684 (0xB2018193) addi gp, gp, -0x4e0
x3 <- 0x00000000800041A0

mem[X,0x0000000080000688] -> 0x0013
mem[X,0x000000008000068A] -> 0x0000
[423] [M]: 0x0000000080000688 (0x00000013) addi zero, zero, 0x0

mem[X,0x000000008000068C] -> 0x0013
mem[X,0x000000008000068E] -> 0x0000
[424] [M]: 0x000000008000068C (0x00000013) addi zero, zero, 0x0

mem[X,0x0000000080000690] -> 0x0013
mem[X,0x0000000080000692] -> 0x0000
[425] [M]: 0x0000000080000690 (0x00000013) addi zero, zero, 0x0

mem[X,0x0000000080000694] -> 0x0013
mem[X,0x0000000080000696] -> 0x0000
[426] [M]: 0x0000000080000694 (0x00000013) addi zero, zero, 0x0

mem[X,0x0000000080000698] -> 0x0013
mem[X,0x000000008000069A] -> 0x0000
[427] [M]: 0x0000000080000698 (0x00000013) addi zero, zero, 0x0

mem[X,0x000000008000069C] -> 0x0013
mem[X,0x000000008000069E] -> 0x0000
[428] [M]: 0x000000008000069C (0x00000013) addi zero, zero, 0x0

mem[X,0x00000000800006A0] -> 0x8537
mem[X,0x00000000800006A2] -> 0xFBFB
[429] [M]: 0x00000000800006A0 (0xFBFB8537) lui a0, -0x4048
x10 <- 0xFFFFFFFFFBFB8000

mem[X,0x00000000800006A4] -> 0x0513
mem[X,0x00000000800006A6] -> 0xF015
[430] [M]: 0x00000000800006A4 (0xF0150513) addi a0, a0, -0xff
x10 <- 0xFFFFFFFFFBFB7F01

mem[X,0x00000000800006A8] -> 0x1513
mem[X,0x00000000800006AA] -> 0x00B5
[431] [M]: 0x00000000800006A8 (0x00B51513) slli a0, a0, 0xb
x10 <- 0xFFFFFFDFDBF80800

mem[X,0x00000000800006AC] -> 0x0513
mem[X,0x00000000800006AE] -> 0x7B05
[432] [M]: 0x00000000800006AC (0x7B050513) addi a0, a0, 0x7b0
x10 <- 0xFFFFFFDFDBF80FB0

mem[X,0x00000000800006B0] -> 0x1513
mem[X,0x00000000800006B2] -> 0x00B5
[433] [M]: 0x00000000800006B0 (0x00B51513) slli a0, a0, 0xb
x10 <- 0xFFFEFEDFC07D8000

mem[X,0x00000000800006B4] -> 0x0513
mem[X,0x00000000800006B6] -> 0x17D5
[434] [M]: 0x00000000800006B4 (0x17D50513) addi a0, a0, 0x17d
x10 <- 0xFFFEFEDFC07D817D

mem[X,0x00000000800006B8] -> 0x1513
mem[X,0x00000000800006BA] -> 0x00A5
[435] [M]: 0x00000000800006B8 (0x00A51513) slli a0, a0, 0xa
x10 <- 0xFBFB7F01F605F400

mem[X,0x00000000800006BC] -> 0x0513
mem[X,0x00000000800006BE] -> 0x3BF5
[436] [M]: 0x00000000800006BC (0x3BF50513) addi a0, a0, 0x3bf
x10 <- 0xFBFB7F01F605F7BF

mem[X,0x00000000800006C0] -> 0x8237
mem[X,0x00000000800006C2] -> 0xF905
[437] [M]: 0x00000000800006C0 (0xF9058237) lui tp, -0x6fa8
x4 <- 0xFFFFFFFFF9058000

mem[X,0x00000000800006C4] -> 0x0213
mem[X,0x00000000800006C6] -> 0x0F92
[438] [M]: 0x00000000800006C4 (0x0F920213) addi tp, tp, 0xf9
x4 <- 0xFFFFFFFFF90580F9

mem[X,0x00000000800006C8] -> 0x1213
mem[X,0x00000000800006CA] -> 0x00B2
[439] [M]: 0x00000000800006C8 (0x00B21213) slli tp, tp, 0xb
x4 <- 0xFFFFFFC82C07C800

mem[X,0x00000000800006CC] -> 0x0213
mem[X,0x00000000800006CE] -> 0x7F32
[440] [M]: 0x00000000800006CC (0x7F320213) addi tp, tp, 0x7f3
x4 <- 0xFFFFFFC82C07CFF3

mem[X,0x00000000800006D0] -> 0x1213
mem[X,0x00000000800006D2] -> 0x00B2
[441] [M]: 0x00000000800006D0 (0x00B21213) slli tp, tp, 0xb
x4 <- 0xFFFE41603E7F9800

mem[X,0x00000000800006D4] -> 0x0213
mem[X,0x00000000800006D6] -> 0x7EA2
[442] [M]: 0x00000000800006D4 (0x7EA20213) addi tp, tp, 0x7ea
x4 <- 0xFFFE41603E7F9FEA

mem[X,0x00000000800006D8] -> 0x1213
mem[X,0x00000000800006DA] -> 0x00A2
[443] [M]: 0x00000000800006D8 (0x00A21213) slli tp, tp, 0xa
x4 <- 0xF90580F9FE7FA800

mem[X,0x00000000800006DC] -> 0x0213
mem[X,0x00000000800006DE] -> 0x2DF2
[444] [M]: 0x00000000800006DC (0x2DF20213) addi tp, tp, 0x2df
x4 <- 0xF90580F9FE7FAADF

mem[X,0x00000000800006E0] -> 0x1CBB
mem[X,0x00000000800006E2] -> 0xBC45
[445] [M]: 0x00000000800006E0 (0xBC451CBB) pdifsumau.b s9, a0, tp
x25 <- 0x790C86F21F29AECF

mem[X,0x00000000800006E4] -> 0xB023
mem[X,0x00000000800006E6] -> 0x0191
[446] [M]: 0x00000000800006E4 (0x0191B023) sd s9, 0x0(gp)
mem[0x00000000800041A0] <- 0x790C86F21F29AECF

mem[X,0x00000000800006E8] -> 0x8137
mem[X,0x00000000800006EA] -> 0x0608
[447] [M]: 0x00000000800006E8 (0x06088137) lui sp, 0x6088
x2 <- 0x0000000006088000

mem[X,0x00000000800006EC] -> 0x0113
mem[X,0x00000000800006EE] -> 0xF551
[448] [M]: 0x00000000800006EC (0xF5510113) addi sp, sp, -0xab
x2 <- 0x0000000006087F55

mem[X,0x00000000800006F0] -> 0x1113
mem[X,0x00000000800006F2] -> 0x00B1
[449] [M]: 0x00000000800006F0 (0x00B11113) slli sp, sp, 0xb
x2 <- 0x0000003043FAA800

mem[X,0x00000000800006F4] -> 0x0113
mem[X,0x00000000800006F6] -> 0x7B01
[450] [M]: 0x00000000800006F4 (0x7B010113) addi sp, sp, 0x7b0
x2 <- 0x0000003043FAAFB0

mem[X,0x00000000800006F8] -> 0x1113
mem[X,0x00000000800006FA] -> 0x00B1
[451] [M]: 0x00000000800006F8 (0x00B11113) slli sp, sp, 0xb
x2 <- 0x0001821FD57D8000

mem[X,0x00000000800006FC] -> 0x0113
mem[X,0x00000000800006FE] -> 0x0801
[452] [M]: 0x00000000800006FC (0x08010113) addi sp, sp, 0x80
x2 <- 0x0001821FD57D8080

mem[X,0x0000000080000700] -> 0x1113
mem[X,0x0000000080000702] -> 0x00A1
[453] [M]: 0x0000000080000700 (0x00A11113) slli sp, sp, 0xa
x2 <- 0x06087F55F6020000

mem[X,0x0000000080000704] -> 0x0113
mem[X,0x0000000080000706] -> 0x2551
[454] [M]: 0x0000000080000704 (0x25510113) addi sp, sp, 0x255
x2 <- 0x06087F55F6020255

mem[X,0x0000000080000708] -> 0x0837
mem[X,0x000000008000070A] -> 0x06FC
[455] [M]: 0x0000000080000708 (0x06FC0837) lui a6, 0x6fc0
x16 <- 0x0000000006FC0000

mem[X,0x000000008000070C] -> 0x0813
mem[X,0x000000008000070E] -> 0x3048
[456] [M]: 0x000000008000070C (0x30480813) addi a6, a6, 0x304
x16 <- 0x0000000006FC0304

mem[X,0x0000000080000710] -> 0x1813
mem[X,0x0000000080000712] -> 0x00B8
[457] [M]: 0x0000000080000710 (0x00B81813) slli a6, a6, 0xb
x16 <- 0x00000037E0182000

mem[X,0x0000000080000714] -> 0x0813
mem[X,0x0000000080000716] -> 0x0808
[458] [M]: 0x0000000080000714 (0x08080813) addi a6, a6, 0x80
x16 <- 0x00000037E0182080

mem[X,0x0000000080000718] -> 0x1813
mem[X,0x000000008000071A] -> 0x00B8
[459] [M]: 0x0000000080000718 (0x00B81813) slli a6, a6, 0xb
x16 <- 0x0001BF00C1040000

mem[X,0x000000008000071C] -> 0x0813
mem[X,0x000000008000071E] -> 0x1608
[460] [M]: 0x000000008000071C (0x16080813) addi a6, a6, 0x160
x16 <- 0x0001BF00C1040160

mem[X,0x0000000080000720] -> 0x1813
mem[X,0x0000000080000722] -> 0x00A8
[461] [M]: 0x0000000080000720 (0x00A81813) slli a6, a6, 0xa
x16 <- 0x06FC030410058000

mem[X,0x0000000080000724] -> 0x0813
mem[X,0x0000000080000726] -> 0x0088
[462] [M]: 0x0000000080000724 (0x00880813) addi a6, a6, 0x8
x16 <- 0x06FC030410058008

mem[X,0x0000000080000728] -> 0x103B
mem[X,0x000000008000072A] -> 0xBD01
[463] [M]: 0x0000000080000728 (0xBD01103B) pdifsumau.b zero, sp, a6

mem[X,0x000000008000072C] -> 0xB423
mem[X,0x000000008000072E] -> 0x0001
[464] [M]: 0x000000008000072C (0x0001B423) sd zero, 0x8(gp)
mem[0x00000000800041A8] <- 0x0000000000000000

mem[X,0x0000000080000730] -> 0x07B7
mem[X,0x0000000080000732] -> 0xFBFD
[465] [M]: 0x0000000080000730 (0xFBFD07B7) lui a5, -0x4030
x15 <- 0xFFFFFFFFFBFD0000

mem[X,0x0000000080000734] -> 0x8793
mem[X,0x0000000080000736] -> 0x1037
[466] [M]: 0x0000000080000734 (0x10378793) addi a5, a5, 0x103
x15 <- 0xFFFFFFFFFBFD0103

mem[X,0x0000000080000738] -> 0x9793
mem[X,0x000000008000073A] -> 0x00B7
[467] [M]: 0x0000000080000738 (0x00B79793) slli a5, a5, 0xb
x15 <- 0xFFFFFFDFE8081800

mem[X,0x000000008000073C] -> 0x8793
mem[X,0x000000008000073E] -> 0x4007
[468] [M]: 0x000000008000073C (0x40078793) addi a5, a5, 0x400
x15 <- 0xFFFFFFDFE8081C00

mem[X,0x0000000080000740] -> 0x9793
mem[X,0x0000000080000742] -> 0x00B7
[469] [M]: 0x0000000080000740 (0x00B79793) slli a5, a5, 0xb
x15 <- 0xFFFEFF4040E00000

mem[X,0x0000000080000744] -> 0x8793
mem[X,0x0000000080000746] -> 0x1EF7
[470] [M]: 0x0000000080000744 (0x1EF78793) addi a5, a5, 0x1ef
x15 <- 0xFFFEFF4040E001EF

mem[X,0x0000000080000748] -> 0x9793
mem[X,0x000000008000074A] -> 0x00A7
[471] [M]: 0x0000000080000748 (0x00A79793) slli a5, a5, 0xa
x15 <- 0xFBFD01038007BC00

mem[X,0x000000008000074C] -> 0x8793
mem[X,0x000000008000074E] -> 0x3AA7
[472] [M]: 0x000000008000074C (0x3AA78793) addi a5, a5, 0x3aa
x15 <- 0xFBFD01038007BFAA

mem[X,0x0000000080000750] -> 0xF9B7
mem[X,0x0000000080000752] -> 0x7FF9
[473] [M]: 0x0000000080000750 (0x7FF9F9B7) lui s3, 0x7ff9f
x19 <- 0x000000007FF9F000

mem[X,0x0000000080000754] -> 0x8993
mem[X,0x0000000080000756] -> 0xF209
[474] [M]: 0x0000000080000754 (0xF2098993) addi s3, s3, -0xe0
x19 <- 0x000000007FF9EF20

mem[X,0x0000000080000758] -> 0x9993
mem[X,0x000000008000075A] -> 0x00B9
[475] [M]: 0x0000000080000758 (0x00B99993) slli s3, s3, 0xb
x19 <- 0x000003FFCF790000

mem[X,0x000000008000075C] -> 0x8993
mem[X,0x000000008000075E] -> 0x0369
[476] [M]: 0x000000008000075C (0x03698993) addi s3, s3, 0x36
x19 <- 0x000003FFCF790036

mem[X,0x0000000080000760] -> 0x9993
mem[X,0x0000000080000762] -> 0x00B9
[477] [M]: 0x0000000080000760 (0x00B99993) slli s3, s3, 0xb
x19 <- 0x001FFE7BC801B000

mem[X,0x0000000080000764] -> 0x8993
mem[X,0x0000000080000766] -> 0x0009
[478] [M]: 0x0000000080000764 (0x00098993) addi s3, s3, 0x0
x19 <- 0x001FFE7BC801B000

mem[X,0x0000000080000768] -> 0x9993
mem[X,0x000000008000076A] -> 0x00A9
[479] [M]: 0x0000000080000768 (0x00A99993) slli s3, s3, 0xa
x19 <- 0x7FF9EF2006C00000

mem[X,0x000000008000076C] -> 0x8993
mem[X,0x000000008000076E] -> 0x3109
[480] [M]: 0x000000008000076C (0x31098993) addi s3, s3, 0x310
x19 <- 0x7FF9EF2006C00310

mem[X,0x0000000080000770] -> 0x9D3B
mem[X,0x0000000080000772] -> 0xBD37
[481] [M]: 0x0000000080000770 (0xBD379D3B) pdifsumau.b s10, a5, s3
x26 <- 0x76F5F82A029F871D

mem[X,0x0000000080000774] -> 0xB823
mem[X,0x0000000080000776] -> 0x01A1
[482] [M]: 0x0000000080000774 (0x01A1B823) sd s10, 0x10(gp)
mem[0x00000000800041B0] <- 0x76F5F82A029F871D

mem[X,0x0000000080000778] -> 0xE237
mem[X,0x000000008000077A] -> 0xAAFC
[483] [M]: 0x0000000080000778 (0xAAFCE237) lui tp, -0x55032
x4 <- 0xFFFFFFFFAAFCE000

mem[X,0x000000008000077C] -> 0x0213
mem[X,0x000000008000077E] -> 0xF082
[484] [M]: 0x000000008000077C (0xF0820213) addi tp, tp, -0xf8
x4 <- 0xFFFFFFFFAAFCDF08

mem[X,0x0000000080000780] -> 0x1213
mem[X,0x0000000080000782] -> 0x00B2
[485] [M]: 0x0000000080000780 (0x00B21213) slli tp, tp, 0xb
x4 <- 0xFFFFFD57E6F84000

mem[X,0x0000000080000784] -> 0x0213
mem[X,0x0000000080000786] -> 0x0802
[486] [M]: 0x0000000080000784 (0x08020213) addi tp, tp, 0x80
x4 <- 0xFFFFFD57E6F84080

mem[X,0x0000000080000788] -> 0x1213
mem[X,0x000000008000078A] -> 0x00B2
[487] [M]: 0x0000000080000788 (0x00B21213) slli tp, tp, 0xb
x4 <- 0xFFEABF37C2040000

mem[X,0x000000008000078C] -> 0x0213
mem[X,0x000000008000078E] -> 0x4202
[488] [M]: 0x000000008000078C (0x42020213) addi tp, tp, 0x420
x4 <- 0xFFEABF37C2040420

mem[X,0x0000000080000790] -> 0x1213
mem[X,0x0000000080000792] -> 0x00A2
[489] [M]: 0x0000000080000790 (0x00A21213) slli tp, tp, 0xa
x4 <- 0xAAFCDF0810108000

mem[X,0x0000000080000794] -> 0x0213
mem[X,0x0000000080000796] -> 0x0F82
[490] [M]: 0x0000000080000794 (0x0F820213) addi tp, tp, 0xf8
x4 <- 0xAAFCDF08101080F8

mem[X,0x0000000080000798] -> 0x82B7
mem[X,0x000000008000079A] -> 0xFCFA
[491] [M]: 0x0000000080000798 (0xFCFA82B7) lui t0, -0x3058
x5 <- 0xFFFFFFFFFCFA8000

mem[X,0x000000008000079C] -> 0x8293
mem[X,0x000000008000079E] -> 0xFF62
[492] [M]: 0x000000008000079C (0xFF628293) addi t0, t0, -0xa
x5 <- 0xFFFFFFFFFCFA7FF6

mem[X,0x00000000800007A0] -> 0x9293
mem[X,0x00000000800007A2] -> 0x00B2
[493] [M]: 0x00000000800007A0 (0x00B29293) slli t0, t0, 0xb
x5 <- 0xFFFFFFE7D3FFB000

mem[X,0x00000000800007A4] -> 0x8293
mem[X,0x00000000800007A6] -> 0x0172
[494] [M]: 0x00000000800007A4 (0x01728293) addi t0, t0, 0x17
x5 <- 0xFFFFFFE7D3FFB017

mem[X,0x00000000800007A8] -> 0x9293
mem[X,0x00000000800007AA] -> 0x00B2
[495] [M]: 0x00000000800007A8 (0x00B29293) slli t0, t0, 0xb
x5 <- 0xFFFF3E9FFD80B800

mem[X,0x00000000800007AC] -> 0x8293
mem[X,0x00000000800007AE] -> 0x6402
[496] [M]: 0x00000000800007AC (0x64028293) addi t0, t0, 0x640
x5 <- 0xFFFF3E9FFD80BE40

mem[X,0x00000000800007B0] -> 0x9293
mem[X,0x00000000800007B2] -> 0x00A2
[497] [M]: 0x00000000800007B0 (0x00A29293) slli t0, t0, 0xa
x5 <- 0xFCFA7FF602F90000

mem[X,0x00000000800007B4] -> 0x8293
mem[X,0x00000000800007B6] -> 0x0C02
[498] [M]: 0x00000000800007B4 (0x0C028293) addi t0, t0, 0xc0
x5 <- 0xFCFA7FF602F900C0

mem[X,0x00000000800007B8] -> 0x19BB
mem[X,0x00000000800007BA] -> 0xBC52
[499] [M]: 0x00000000800007B8 (0xBC5219BB) pdifsumau.b s3, tp, t0
x19 <- 0x7CF46F1609B90721

clint::tick mtime <- 0x0000000000000005
 clint timer pending at mtime 0x0000000000000005
htif::tick 0x0000000000000000
mem[X,0x00000000800007BC] -> 0xBC23
mem[X,0x00000000800007BE] -> 0x0131
[500] [M]: 0x00000000800007BC (0x0131BC23) sd s3, 0x18(gp)
mem[0x00000000800041B8] <- 0x7CF46F1609B90721

mem[X,0x00000000800007C0] -> 0x0BB7
mem[X,0x00000000800007C2] -> 0x7FDF
[501] [M]: 0x00000000800007C0 (0x7FDF0BB7) lui s7, 0x7fdf0
x23 <- 0x000000007FDF0000

mem[X,0x00000000800007C4] -> 0x8B93
mem[X,0x00000000800007C6] -> 0x3EFB
[502] [M]: 0x00000000800007C4 (0x3EFB8B93) addi s7, s7, 0x3ef
x23 <- 0x000000007FDF03EF

mem[X,0x00000000800007C8] -> 0x9B93
mem[X,0x00000000800007CA] -> 0x00BB
[503] [M]: 0x00000000800007C8 (0x00BB9B93) slli s7, s7, 0xb
x23 <- 0x000003FEF81F7800

mem[X,0x00000000800007CC] -> 0x8B93
mem[X,0x00000000800007CE] -> 0x600B
[504] [M]: 0x00000000800007CC (0x600B8B93) addi s7, s7, 0x600
x23 <- 0x000003FEF81F7E00

mem[X,0x00000000800007D0] -> 0x9B93
mem[X,0x00000000800007D2] -> 0x00BB
[505] [M]: 0x00000000800007D0 (0x00BB9B93) slli s7, s7, 0xb
x23 <- 0x001FF7C0FBF00000

mem[X,0x00000000800007D4] -> 0x8B93
mem[X,0x00000000800007D6] -> 0x200B
[506] [M]: 0x00000000800007D4 (0x200B8B93) addi s7, s7, 0x200
x23 <- 0x001FF7C0FBF00200

mem[X,0x00000000800007D8] -> 0x9B93
mem[X,0x00000000800007DA] -> 0x00AB
[507] [M]: 0x00000000800007D8 (0x00AB9B93) slli s7, s7, 0xa
x23 <- 0x7FDF03EFC0080000

mem[X,0x00000000800007DC] -> 0x8B93
mem[X,0x00000000800007DE] -> 0x080B
[508] [M]: 0x00000000800007DC (0x080B8B93) addi s7, s7, 0x80
x23 <- 0x7FDF03EFC0080080

mem[X,0x00000000800007E0] -> 0x0EB7
mem[X,0x00000000800007E2] -> 0x0104
[509] [M]: 0x00000000800007E0 (0x01040EB7) lui t4, 0x1040
x29 <- 0x0000000001040000

mem[X,0x00000000800007E4] -> 0x8E93
mem[X,0x00000000800007E6] -> 0x509E
[510] [M]: 0x00000000800007E4 (0x509E8E93) addi t4, t4, 0x509
x29 <- 0x0000000001040509

mem[X,0x00000000800007E8] -> 0x9E93
mem[X,0x00000000800007EA] -> 0x00BE
[511] [M]: 0x00000000800007E8 (0x00BE9E93) slli t4, t4, 0xb
x29 <- 0x0000000820284800

mem[X,0x00000000800007EC] -> 0x8E93
mem[X,0x00000000800007EE] -> 0x010E
[512] [M]: 0x00000000800007EC (0x010E8E93) addi t4, t4, 0x10
x29 <- 0x0000000820284810

mem[X,0x00000000800007F0] -> 0x9E93
mem[X,0x00000000800007F2] -> 0x00BE
[513] [M]: 0x00000000800007F0 (0x00BE9E93) slli t4, t4, 0xb
x29 <- 0x0000410142408000

mem[X,0x00000000800007F4] -> 0x8E93
mem[X,0x00000000800007F6] -> 0x0FFE
[514] [M]: 0x00000000800007F4 (0x0FFE8E93) addi t4, t4, 0xff
x29 <- 0x00004101424080FF

mem[X,0x00000000800007F8] -> 0x9E93
mem[X,0x00000000800007FA] -> 0x00AE
[515] [M]: 0x00000000800007F8 (0x00AE9E93) slli t4, t4, 0xa
x29 <- 0x010405090203FC00

mem[X,0x00000000800007FC] -> 0x8E93
mem[X,0x00000000800007FE] -> 0x0F6E
[516] [M]: 0x00000000800007FC (0x0F6E8E93) addi t4, t4, 0xf6
x29 <- 0x010405090203FCF6

mem[X,0x0000000080000800] -> 0x9E3B
mem[X,0x0000000080000802] -> 0xBDDB
[517] [M]: 0x0000000080000800 (0xBDDB9E3B) pdifsumau.b t3, s7, t4
x28 <- 0x05060BFF42C4096D

mem[X,0x0000000080000804] -> 0xB023
mem[X,0x0000000080000806] -> 0x03C1
[518] [M]: 0x0000000080000804 (0x03C1B023) sd t3, 0x20(gp)
mem[0x00000000800041C0] <- 0x05060BFF42C4096D

mem[X,0x0000000080000808] -> 0x0E37
mem[X,0x000000008000080A] -> 0x3F55
[519] [M]: 0x0000000080000808 (0x3F550E37) lui t3, 0x3f550
x28 <- 0x000000003F550000

mem[X,0x000000008000080C] -> 0x0E13
mem[X,0x000000008000080E] -> 0x300E
[520] [M]: 0x000000008000080C (0x300E0E13) addi t3, t3, 0x300
x28 <- 0x000000003F550300

mem[X,0x0000000080000810] -> 0x1E13
mem[X,0x0000000080000812] -> 0x00BE
[521] [M]: 0x0000000080000810 (0x00BE1E13) slli t3, t3, 0xb
x28 <- 0x000001FAA8180000

mem[X,0x0000000080000814] -> 0x0E13
mem[X,0x0000000080000816] -> 0x1F8E
[522] [M]: 0x0000000080000814 (0x1F8E0E13) addi t3, t3, 0x1f8
x28 <- 0x000001FAA81801F8

mem[X,0x0000000080000818] -> 0x1E13
mem[X,0x000000008000081A] -> 0x00BE
[523] [M]: 0x0000000080000818 (0x00BE1E13) slli t3, t3, 0xb
x28 <- 0x000FD540C00FC000

mem[X,0x000000008000081C] -> 0x0E13
mem[X,0x000000008000081E] -> 0x0C2E
[524] [M]: 0x000000008000081C (0x0C2E0E13) addi t3, t3, 0xc2
x28 <- 0x000FD540C00FC0C2

mem[X,0x0000000080000820] -> 0x1E13
mem[X,0x0000000080000822] -> 0x00AE
[525] [M]: 0x0000000080000820 (0x00AE1E13) slli t3, t3, 0xa
x28 <- 0x3F5503003F030800

mem[X,0x0000000080000824] -> 0x0E13
mem[X,0x0000000080000826] -> 0x007E
[526] [M]: 0x0000000080000824 (0x007E0E13) addi t3, t3, 0x7
x28 <- 0x3F5503003F030807

mem[X,0x0000000080000828] -> 0x48B7
mem[X,0x000000008000082A] -> 0x8001
[527] [M]: 0x0000000080000828 (0x800148B7) lui a7, -0x7ffec
x17 <- 0xFFFFFFFF80014000

mem[X,0x000000008000082C] -> 0x8893
mem[X,0x000000008000082E] -> 0xF3F8
[528] [M]: 0x000000008000082C (0xF3F88893) addi a7, a7, -0xc1
x17 <- 0xFFFFFFFF80013F3F

mem[X,0x0000000080000830] -> 0x9893
mem[X,0x0000000080000832] -> 0x00B8
[529] [M]: 0x0000000080000830 (0x00B89893) slli a7, a7, 0xb
x17 <- 0xFFFFFC0009F9F800

mem[X,0x0000000080000834] -> 0x8893
mem[X,0x0000000080000836] -> 0x7D08
[530] [M]: 0x0000000080000834 (0x7D088893) addi a7, a7, 0x7d0
x17 <- 0xFFFFFC0009F9FFD0

mem[X,0x0000000080000838] -> 0x9893
mem[X,0x000000008000083A] -> 0x00B8
[531] [M]: 0x0000000080000838 (0x00B89893) slli a7, a7, 0xb
x17 <- 0xFFE0004FCFFE8000

mem[X,0x000000008000083C] -> 0x8893
mem[X,0x000000008000083E] -> 0x0C48
[532] [M]: 0x000000008000083C (0x0C488893) addi a7, a7, 0xc4
x17 <- 0xFFE0004FCFFE80C4

mem[X,0x0000000080000840] -> 0x9893
mem[X,0x0000000080000842] -> 0x00A8
[533] [M]: 0x0000000080000840 (0x00A89893) slli a7, a7, 0xa
x17 <- 0x80013F3FFA031000

mem[X,0x0000000080000844] -> 0x8893
mem[X,0x0000000080000846] -> 0x0DF8
[534] [M]: 0x0000000080000844 (0x0DF88893) addi a7, a7, 0xdf
x17 <- 0x80013F3FFA0310DF

mem[X,0x0000000080000848] -> 0x1FBB
mem[X,0x000000008000084A] -> 0xBD1E
[535] [M]: 0x0000000080000848 (0xBD1E1FBB) pdifsumau.b t6, t3, a7
x31 <- 0x80FE4F41FD830C34

mem[X,0x000000008000084C] -> 0xB423
mem[X,0x000000008000084E] -> 0x03F1
[536] [M]: 0x000000008000084C (0x03F1B423) sd t6, 0x28(gp)
mem[0x00000000800041C8] <- 0x80FE4F41FD830C34

mem[X,0x0000000080000850] -> 0x0AB7
mem[X,0x0000000080000852] -> 0xFEFF
[537] [M]: 0x0000000080000850 (0xFEFF0AB7) lui s5, -0x1010
x21 <- 0xFFFFFFFFFEFF0000

mem[X,0x0000000080000854] -> 0x8A93
mem[X,0x0000000080000856] -> 0x7FFA
[538] [M]: 0x0000000080000854 (0x7FFA8A93) addi s5, s5, 0x7ff
x21 <- 0xFFFFFFFFFEFF07FF

mem[X,0x0000000080000858] -> 0x9A93
mem[X,0x000000008000085A] -> 0x00BA
[539] [M]: 0x0000000080000858 (0x00BA9A93) slli s5, s5, 0xb
x21 <- 0xFFFFFFF7F83FF800

mem[X,0x000000008000085C] -> 0x8A93
mem[X,0x000000008000085E] -> 0x047A
[540] [M]: 0x000000008000085C (0x047A8A93) addi s5, s5, 0x47
x21 <- 0xFFFFFFF7F83FF847

mem[X,0x0000000080000860] -> 0x9A93
mem[X,0x0000000080000862] -> 0x00BA
[541] [M]: 0x0000000080000860 (0x00BA9A93) slli s5, s5, 0xb
x21 <- 0xFFFFBFC1FFC23800

mem[X,0x0000000080000864] -> 0x8A93
mem[X,0x0000000080000866] -> 0x648A
[542] [M]: 0x0000000080000864 (0x648A8A93) addi s5, s5, 0x648
x21 <- 0xFFFFBFC1FFC23E48

mem[X,0x0000000080000868] -> 0x9A93
mem[X,0x000000008000086A] -> 0x00AA
[543] [M]: 0x0000000080000868 (0x00AA9A93) slli s5, s5, 0xa
x21 <- 0xFEFF07FF08F92000

mem[X,0x000000008000086C] -> 0x8A93
mem[X,0x000000008000086E] -> 0x009A
[544] [M]: 0x000000008000086C (0x009A8A93) addi s5, s5, 0x9
x21 <- 0xFEFF07FF08F92009

mem[X,0x0000000080000870] -> 0x0537
mem[X,0x0000000080000872] -> 0x5502
[545] [M]: 0x0000000080000870 (0x55020537) lui a0, 0x55020
x10 <- 0x0000000055020000

mem[X,0x0000000080000874] -> 0x0513
mem[X,0x0000000080000876] -> 0x1EF5
[546] [M]: 0x0000000080000874 (0x1EF50513) addi a0, a0, 0x1ef
x10 <- 0x00000000550201EF

mem[X,0x0000000080000878] -> 0x1513
mem[X,0x000000008000087A] -> 0x00B5
[547] [M]: 0x0000000080000878 (0x00B51513) slli a0, a0, 0xb
x10 <- 0x000002A8100F7800

mem[X,0x000000008000087C] -> 0x0513
mem[X,0x000000008000087E] -> 0x0285
[548] [M]: 0x000000008000087C (0x02850513) addi a0, a0, 0x28
x10 <- 0x000002A8100F7828

mem[X,0x0000000080000880] -> 0x1513
mem[X,0x0000000080000882] -> 0x00B5
[549] [M]: 0x0000000080000880 (0x00B51513) slli a0, a0, 0xb
x10 <- 0x001540807BC14000

mem[X,0x0000000080000884] -> 0x0513
mem[X,0x0000000080000886] -> 0x1BB5
[550] [M]: 0x0000000080000884 (0x1BB50513) addi a0, a0, 0x1bb
x10 <- 0x001540807BC141BB

mem[X,0x0000000080000888] -> 0x1513
mem[X,0x000000008000088A] -> 0x00A5
[551] [M]: 0x0000000080000888 (0x00A51513) slli a0, a0, 0xa
x10 <- 0x550201EF0506EC00

mem[X,0x000000008000088C] -> 0x0513
mem[X,0x000000008000088E] -> 0x3FC5
[552] [M]: 0x000000008000088C (0x3FC50513) addi a0, a0, 0x3fc
x10 <- 0x550201EF0506EFFC

mem[X,0x0000000080000890] -> 0x9EBB
mem[X,0x0000000080000892] -> 0xBCAA
[553] [M]: 0x0000000080000890 (0xBCAA9EBB) pdifsumau.b t4, s5, a0
x29 <- 0x560606F8070AF166

mem[X,0x0000000080000894] -> 0xB823
mem[X,0x0000000080000896] -> 0x03D1
[554] [M]: 0x0000000080000894 (0x03D1B823) sd t4, 0x30(gp)
mem[0x00000000800041D0] <- 0x560606F8070AF166

mem[X,0x0000000080000898] -> 0xF737
mem[X,0x000000008000089A] -> 0x2010
[555] [M]: 0x0000000080000898 (0x2010F737) lui a4, 0x2010f
x14 <- 0x000000002010F000

mem[X,0x000000008000089C] -> 0x0713
mem[X,0x000000008000089E] -> 0x7AA7
[556] [M]: 0x000000008000089C (0x7AA70713) addi a4, a4, 0x7aa
x14 <- 0x000000002010F7AA

mem[X,0x00000000800008A0] -> 0x1713
mem[X,0x00000000800008A2] -> 0x00B7
[557] [M]: 0x00000000800008A0 (0x00B71713) slli a4, a4, 0xb
x14 <- 0x0000010087BD5000

mem[X,0x00000000800008A4] -> 0x0713
mem[X,0x00000000800008A6] -> 0x7B77
[558] [M]: 0x00000000800008A4 (0x7B770713) addi a4, a4, 0x7b7
x14 <- 0x0000010087BD57B7

mem[X,0x00000000800008A8] -> 0x1713
mem[X,0x00000000800008AA] -> 0x00B7
[559] [M]: 0x00000000800008A8 (0x00B71713) slli a4, a4, 0xb
x14 <- 0x0008043DEABDB800

mem[X,0x00000000800008AC] -> 0x0713
mem[X,0x00000000800008AE] -> 0x7507
[560] [M]: 0x00000000800008AC (0x75070713) addi a4, a4, 0x750
x14 <- 0x0008043DEABDBF50

mem[X,0x00000000800008B0] -> 0x1713
mem[X,0x00000000800008B2] -> 0x00A7
[561] [M]: 0x00000000800008B0 (0x00A71713) slli a4, a4, 0xa
x14 <- 0x2010F7AAF6FD4000

mem[X,0x00000000800008B4] -> 0x0713
mem[X,0x00000000800008B6] -> 0x0557
[562] [M]: 0x00000000800008B4 (0x05570713) addi a4, a4, 0x55
x14 <- 0x2010F7AAF6FD4055

mem[X,0x00000000800008B8] -> 0x16B7
mem[X,0x00000000800008BA] -> 0x0980
[563] [M]: 0x00000000800008B8 (0x098016B7) lui a3, 0x9801
x13 <- 0x0000000009801000

mem[X,0x00000000800008BC] -> 0x8693
mem[X,0x00000000800008BE] -> 0x0F96
[564] [M]: 0x00000000800008BC (0x0F968693) addi a3, a3, 0xf9
x13 <- 0x00000000098010F9

mem[X,0x00000000800008C0] -> 0x9693
mem[X,0x00000000800008C2] -> 0x00B6
[565] [M]: 0x00000000800008C0 (0x00B69693) slli a3, a3, 0xb
x13 <- 0x0000004C0087C800

mem[X,0x00000000800008C4] -> 0x8693
mem[X,0x00000000800008C6] -> 0x7FA6
[566] [M]: 0x00000000800008C4 (0x7FA68693) addi a3, a3, 0x7fa
x13 <- 0x0000004C0087CFFA

mem[X,0x00000000800008C8] -> 0x9693
mem[X,0x00000000800008CA] -> 0x00B6
[567] [M]: 0x00000000800008C8 (0x00B69693) slli a3, a3, 0xb
x13 <- 0x000260043E7FD000

mem[X,0x00000000800008CC] -> 0x8693
mem[X,0x00000000800008CE] -> 0x5426
[568] [M]: 0x00000000800008CC (0x54268693) addi a3, a3, 0x542
x13 <- 0x000260043E7FD542

mem[X,0x00000000800008D0] -> 0x9693
mem[X,0x00000000800008D2] -> 0x00A6
[569] [M]: 0x00000000800008D0 (0x00A69693) slli a3, a3, 0xa
x13 <- 0x098010F9FF550800

mem[X,0x00000000800008D4] -> 0x8693
mem[X,0x00000000800008D6] -> 0x0076
[570] [M]: 0x00000000800008D4 (0x00768693) addi a3, a3, 0x7
x13 <- 0x098010F9FF550807

mem[X,0x00000000800008D8] -> 0x113B
mem[X,0x00000000800008DA] -> 0xBCD7
[571] [M]: 0x00000000800008D8 (0xBCD7113B) pdifsumau.b sp, a4, a3
x2 <- 0x0F88904FF5570D50

mem[X,0x00000000800008DC] -> 0xBC23
mem[X,0x00000000800008DE] -> 0x0221
[572] [M]: 0x00000000800008DC (0x0221BC23) sd sp, 0x38(gp)
mem[0x00000000800041D8] <- 0x0F88904FF5570D50

mem[X,0x00000000800008E0] -> 0x4C37
mem[X,0x00000000800008E2] -> 0x7F01
[573] [M]: 0x00000000800008E0 (0x7F014C37) lui s8, 0x7f014
x24 <- 0x000000007F014000

mem[X,0x00000000800008E4] -> 0x0C13
mem[X,0x00000000800008E6] -> 0xF09C
[574] [M]: 0x00000000800008E4 (0xF09C0C13) addi s8, s8, -0xf7
x24 <- 0x000000007F013F09

mem[X,0x00000000800008E8] -> 0x1C13
mem[X,0x00000000800008EA] -> 0x00BC
[575] [M]: 0x00000000800008E8 (0x00BC1C13) slli s8, s8, 0xb
x24 <- 0x000003F809F84800

mem[X,0x00000000800008EC] -> 0x0C13
mem[X,0x00000000800008EE] -> 0x012C
[576] [M]: 0x00000000800008EC (0x012C0C13) addi s8, s8, 0x12
x24 <- 0x000003F809F84812

mem[X,0x00000000800008F0] -> 0x1C13
mem[X,0x00000000800008F2] -> 0x00BC
[577] [M]: 0x00000000800008F0 (0x00BC1C13) slli s8, s8, 0xb
x24 <- 0x001FC04FC2409000

mem[X,0x00000000800008F4] -> 0x0C13
mem[X,0x00000000800008F6] -> 0x03FC
[578] [M]: 0x00000000800008F4 (0x03FC0C13) addi s8, s8, 0x3f
x24 <- 0x001FC04FC240903F

mem[X,0x00000000800008F8] -> 0x1C13
mem[X,0x00000000800008FA] -> 0x00AC
[579] [M]: 0x00000000800008F8 (0x00AC1C13) slli s8, s8, 0xa
x24 <- 0x7F013F090240FC00

mem[X,0x00000000800008FC] -> 0x0C13
mem[X,0x00000000800008FE] -> 0x220C
[580] [M]: 0x00000000800008FC (0x220C0C13) addi s8, s8, 0x220
x24 <- 0x7F013F090240FE20

mem[X,0x0000000080000900] -> 0xEDB7
mem[X,0x0000000080000902] -> 0xFE03
[581] [M]: 0x0000000080000900 (0xFE03EDB7) lui s11, -0x1fc2
x27 <- 0xFFFFFFFFFE03E000

mem[X,0x0000000080000904] -> 0x8D93
mem[X,0x0000000080000906] -> 0xF08D
[582] [M]: 0x0000000080000904 (0xF08D8D93) addi s11, s11, -0xf8
x27 <- 0xFFFFFFFFFE03DF08

mem[X,0x0000000080000908] -> 0x9D93
mem[X,0x000000008000090A] -> 0x00BD
[583] [M]: 0x0000000080000908 (0x00BD9D93) slli s11, s11, 0xb
x27 <- 0xFFFFFFF01EF84000

mem[X,0x000000008000090C] -> 0x8D93
mem[X,0x000000008000090E] -> 0x200D
[584] [M]: 0x000000008000090C (0x200D8D93) addi s11, s11, 0x200
x27 <- 0xFFFFFFF01EF84200

mem[X,0x0000000080000910] -> 0x9D93
mem[X,0x0000000080000912] -> 0x00BD
[585] [M]: 0x0000000080000910 (0x00BD9D93) slli s11, s11, 0xb
x27 <- 0xFFFF80F7C2100000

mem[X,0x0000000080000914] -> 0x8D93
mem[X,0x0000000080000916] -> 0x201D
[586] [M]: 0x0000000080000914 (0x201D8D93) addi s11, s11, 0x201
x27 <- 0xFFFF80F7C2100201

mem[X,0x0000000080000918] -> 0x9D93
mem[X,0x000000008000091A] -> 0x00AD
[587] [M]: 0x0000000080000918 (0x00AD9D93) slli s11, s11, 0xa
x27 <- 0xFE03DF0840080400

mem[X,0x000000008000091C] -> 0x8D93
mem[X,0x000000008000091E] -> 0x001D
[588] [M]: 0x000000008000091C (0x001D8D93) addi s11, s11, 0x1
x27 <- 0xFE03DF0840080401

mem[X,0x0000000080000920] -> 0x14BB
mem[X,0x0000000080000922] -> 0xBDBC
[589] [M]: 0x0000000080000920 (0xBDBC14BB) pdifsumau.b s1, s8, s11
x9 <- 0x0782E328410F0EA9

mem[X,0x0000000080000924] -> 0xB023
mem[X,0x0000000080000926] -> 0x0491
[590] [M]: 0x0000000080000924 (0x0491B023) sd s1, 0x40(gp)
mem[0x00000000800041E0] <- 0x0782E328410F0EA9

mem[X,0x0000000080000928] -> 0x0FB7
mem[X,0x000000008000092A] -> 0x8002
[591] [M]: 0x0000000080000928 (0x80020FB7) lui t6, -0x7ffe0
x31 <- 0xFFFFFFFF80020000

mem[X,0x000000008000092C] -> 0x8F93
mem[X,0x000000008000092E] -> 0x620F
[592] [M]: 0x000000008000092C (0x620F8F93) addi t6, t6, 0x620
x31 <- 0xFFFFFFFF80020620

mem[X,0x0000000080000930] -> 0x9F93
mem[X,0x0000000080000932] -> 0x00BF
[593] [M]: 0x0000000080000930 (0x00BF9F93) slli t6, t6, 0xb
x31 <- 0xFFFFFC0010310000

mem[X,0x0000000080000934] -> 0x8F93
mem[X,0x0000000080000936] -> 0x7D7F
[594] [M]: 0x0000000080000934 (0x7D7F8F93) addi t6, t6, 0x7d7
x31 <- 0xFFFFFC00103107D7

mem[X,0x0000000080000938] -> 0x9F93
mem[X,0x000000008000093A] -> 0x00BF
[595] [M]: 0x0000000080000938 (0x00BF9F93) slli t6, t6, 0xb
x31 <- 0xFFE00081883EB800

mem[X,0x000000008000093C] -> 0x8F93
mem[X,0x000000008000093E] -> 0x6BEF
[596] [M]: 0x000000008000093C (0x6BEF8F93) addi t6, t6, 0x6be
x31 <- 0xFFE00081883EBEBE

mem[X,0x0000000080000940] -> 0x9F93
mem[X,0x0000000080000942] -> 0x00AF
[597] [M]: 0x0000000080000940 (0x00AF9F93) slli t6, t6, 0xa
x31 <- 0x80020620FAFAF800

mem[X,0x0000000080000944] -> 0x8F93
mem[X,0x0000000080000946] -> 0x3FBF
[598] [M]: 0x0000000080000944 (0x3FBF8F93) addi t6, t6, 0x3fb
x31 <- 0x80020620FAFAFBFB

mem[X,0x0000000080000948] -> 0xF937
mem[X,0x000000008000094A] -> 0x0120
[599] [M]: 0x0000000080000948 (0x0120F937) lui s2, 0x120f
x18 <- 0x000000000120F000

clint::tick mtime <- 0x0000000000000006
 clint timer pending at mtime 0x0000000000000006
htif::tick 0x0000000000000000
mem[X,0x000000008000094C] -> 0x0913
mem[X,0x000000008000094E] -> 0xFFC9
[600] [M]: 0x000000008000094C (0xFFC90913) addi s2, s2, -0x4
x18 <- 0x000000000120EFFC

mem[X,0x0000000080000950] -> 0x1913
mem[X,0x0000000080000952] -> 0x00B9
[601] [M]: 0x0000000080000950 (0x00B91913) slli s2, s2, 0xb
x18 <- 0x00000009077FE000

mem[X,0x0000000080000954] -> 0x0913
mem[X,0x0000000080000956] -> 0x7F09
[602] [M]: 0x0000000080000954 (0x7F090913) addi s2, s2, 0x7f0
x18 <- 0x00000009077FE7F0

mem[X,0x0000000080000958] -> 0x1913
mem[X,0x000000008000095A] -> 0x00B9
[603] [M]: 0x0000000080000958 (0x00B91913) slli s2, s2, 0xb
x18 <- 0x0000483BFF3F8000

mem[X,0x000000008000095C] -> 0x0913
mem[X,0x000000008000095E] -> 0x04F9
[604] [M]: 0x000000008000095C (0x04F90913) addi s2, s2, 0x4f
x18 <- 0x0000483BFF3F804F

mem[X,0x0000000080000960] -> 0x1913
mem[X,0x0000000080000962] -> 0x00A9
[605] [M]: 0x0000000080000960 (0x00A91913) slli s2, s2, 0xa
x18 <- 0x0120EFFCFE013C00

mem[X,0x0000000080000964] -> 0x0913
mem[X,0x0000000080000966] -> 0x3559
[606] [M]: 0x0000000080000964 (0x35590913) addi s2, s2, 0x355
x18 <- 0x0120EFFCFE013F55

mem[X,0x0000000080000968] -> 0x953B
mem[X,0x000000008000096A] -> 0xBD2F
[607] [M]: 0x0000000080000968 (0xBD2F953B) pdifsumau.b a0, t6, s2
x10 <- 0x5622F1EC03083412

mem[X,0x000000008000096C] -> 0xB423
mem[X,0x000000008000096E] -> 0x04A1
[608] [M]: 0x000000008000096C (0x04A1B423) sd a0, 0x48(gp)
mem[0x00000000800041E8] <- 0x5622F1EC03083412

mem[X,0x0000000080000970] -> 0x4837
mem[X,0x0000000080000972] -> 0x027F
[609] [M]: 0x0000000080000970 (0x027F4837) lui a6, 0x27f4
x16 <- 0x00000000027F4000

mem[X,0x0000000080000974] -> 0x0813
mem[X,0x0000000080000976] -> 0xFEF8
[610] [M]: 0x0000000080000974 (0xFEF80813) addi a6, a6, -0x11
x16 <- 0x00000000027F3FEF

mem[X,0x0000000080000978] -> 0x1813
mem[X,0x000000008000097A] -> 0x00B8
[611] [M]: 0x0000000080000978 (0x00B81813) slli a6, a6, 0xb
x16 <- 0x00000013F9FF7800

mem[X,0x000000008000097C] -> 0x0813
mem[X,0x000000008000097E] -> 0x7DF8
[612] [M]: 0x000000008000097C (0x7DF80813) addi a6, a6, 0x7df
x16 <- 0x00000013F9FF7FDF

mem[X,0x0000000080000980] -> 0x1813
mem[X,0x0000000080000982] -> 0x00B8
[613] [M]: 0x0000000080000980 (0x00B81813) slli a6, a6, 0xb
x16 <- 0x00009FCFFBFEF800

mem[X,0x0000000080000984] -> 0x0813
mem[X,0x0000000080000986] -> 0x5BB8
[614] [M]: 0x0000000080000984 (0x5BB80813) addi a6, a6, 0x5bb
x16 <- 0x00009FCFFBFEFDBB

mem[X,0x0000000080000988] -> 0x1813
mem[X,0x000000008000098A] -> 0x00A8
[615] [M]: 0x0000000080000988 (0x00A81813) slli a6, a6, 0xa
x16 <- 0x027F3FEFFBF6EC00

mem[X,0x000000008000098C] -> 0x0813
mem[X,0x000000008000098E] -> 0x3088
[616] [M]: 0x000000008000098C (0x30880813) addi a6, a6, 0x308
x16 <- 0x027F3FEFFBF6EF08

mem[X,0x0000000080000990] -> 0x50B7
mem[X,0x0000000080000992] -> 0xEF40
[617] [M]: 0x0000000080000990 (0xEF4050B7) lui ra, -0x10bfb
x1 <- 0xFFFFFFFFEF405000

mem[X,0x0000000080000994] -> 0x8093
mem[X,0x0000000080000996] -> 0x5F80
[618] [M]: 0x0000000080000994 (0x5F808093) addi ra, ra, 0x5f8
x1 <- 0xFFFFFFFFEF4055F8

mem[X,0x0000000080000998] -> 0x9093
mem[X,0x000000008000099A] -> 0x00B0
[619] [M]: 0x0000000080000998 (0x00B09093) slli ra, ra, 0xb
x1 <- 0xFFFFFF7A02AFC000

mem[X,0x000000008000099C] -> 0x8093
mem[X,0x000000008000099E] -> 0x0470
[620] [M]: 0x000000008000099C (0x04708093) addi ra, ra, 0x47
x1 <- 0xFFFFFF7A02AFC047

mem[X,0x00000000800009A0] -> 0x9093
mem[X,0x00000000800009A2] -> 0x00B0
[621] [M]: 0x00000000800009A0 (0x00B09093) slli ra, ra, 0xb
x1 <- 0xFFFBD0157E023800

mem[X,0x00000000800009A4] -> 0x8093
mem[X,0x00000000800009A6] -> 0x7410
[622] [M]: 0x00000000800009A4 (0x74108093) addi ra, ra, 0x741
x1 <- 0xFFFBD0157E023F41

mem[X,0x00000000800009A8] -> 0x9093
mem[X,0x00000000800009AA] -> 0x00A0
[623] [M]: 0x00000000800009A8 (0x00A09093) slli ra, ra, 0xa
x1 <- 0xEF4055F808FD0400

mem[X,0x00000000800009AC] -> 0x123B
mem[X,0x00000000800009AE] -> 0xBC18
[624] [M]: 0x00000000800009AC (0xBC18123B) pdifsumau.b tp, a6, ra
x4 <- 0x9A3D3500190D8830

mem[X,0x00000000800009B0] -> 0xB823
mem[X,0x00000000800009B2] -> 0x0441
[625] [M]: 0x00000000800009B0 (0x0441B823) sd tp, 0x50(gp)
mem[0x00000000800041F0] <- 0x9A3D3500190D8830

mem[X,0x00000000800009B4] -> 0x0EB7
mem[X,0x00000000800009B6] -> 0x8009
[626] [M]: 0x00000000800009B4 (0x80090EB7) lui t4, -0x7ff70
x29 <- 0xFFFFFFFF80090000

mem[X,0x00000000800009B8] -> 0x8E93
mem[X,0x00000000800009BA] -> 0x7EFE
[627] [M]: 0x00000000800009B8 (0x7EFE8E93) addi t4, t4, 0x7ef
x29 <- 0xFFFFFFFF800907EF

mem[X,0x00000000800009BC] -> 0x9E93
mem[X,0x00000000800009BE] -> 0x00BE
[628] [M]: 0x00000000800009BC (0x00BE9E93) slli t4, t4, 0xb
x29 <- 0xFFFFFC00483F7800

mem[X,0x00000000800009C0] -> 0x8E93
mem[X,0x00000000800009C2] -> 0x5F8E
[629] [M]: 0x00000000800009C0 (0x5F8E8E93) addi t4, t4, 0x5f8
x29 <- 0xFFFFFC00483F7DF8

mem[X,0x00000000800009C4] -> 0x9E93
mem[X,0x00000000800009C6] -> 0x00BE
[630] [M]: 0x00000000800009C4 (0x00BE9E93) slli t4, t4, 0xb
x29 <- 0xFFE00241FBEFC000

mem[X,0x00000000800009C8] -> 0x8E93
mem[X,0x00000000800009CA] -> 0x1D5E
[631] [M]: 0x00000000800009C8 (0x1D5E8E93) addi t4, t4, 0x1d5
x29 <- 0xFFE00241FBEFC1D5

mem[X,0x00000000800009CC] -> 0x9E93
mem[X,0x00000000800009CE] -> 0x00AE
[632] [M]: 0x00000000800009CC (0x00AE9E93) slli t4, t4, 0xa
x29 <- 0x800907EFBF075400

mem[X,0x00000000800009D0] -> 0x8E93
mem[X,0x00000000800009D2] -> 0x102E
[633] [M]: 0x00000000800009D0 (0x102E8E93) addi t4, t4, 0x102
x29 <- 0x800907EFBF075502

mem[X,0x00000000800009D4] -> 0x0CB7
mem[X,0x00000000800009D6] -> 0xF7FF
[634] [M]: 0x00000000800009D4 (0xF7FF0CB7) lui s9, -0x8010
x25 <- 0xFFFFFFFFF7FF0000

mem[X,0x00000000800009D8] -> 0x8C93
mem[X,0x00000000800009DA] -> 0x107C
[635] [M]: 0x00000000800009D8 (0x107C8C93) addi s9, s9, 0x107
x25 <- 0xFFFFFFFFF7FF0107

mem[X,0x00000000800009DC] -> 0x9C93
mem[X,0x00000000800009DE] -> 0x00BC
[636] [M]: 0x00000000800009DC (0x00BC9C93) slli s9, s9, 0xb
x25 <- 0xFFFFFFBFF8083800

mem[X,0x00000000800009E0] -> 0x8C93
mem[X,0x00000000800009E2] -> 0x048C
[637] [M]: 0x00000000800009E0 (0x048C8C93) addi s9, s9, 0x48
x25 <- 0xFFFFFFBFF8083848

mem[X,0x00000000800009E4] -> 0x9C93
mem[X,0x00000000800009E6] -> 0x00BC
[638] [M]: 0x00000000800009E4 (0x00BC9C93) slli s9, s9, 0xb
x25 <- 0xFFFDFFC041C24000

mem[X,0x00000000800009E8] -> 0x8C93
mem[X,0x00000000800009EA] -> 0x1F0C
[639] [M]: 0x00000000800009E8 (0x1F0C8C93) addi s9, s9, 0x1f0
x25 <- 0xFFFDFFC041C241F0

mem[X,0x00000000800009EC] -> 0x9C93
mem[X,0x00000000800009EE] -> 0x00AC
[640] [M]: 0x00000000800009EC (0x00AC9C93) slli s9, s9, 0xa
x25 <- 0xF7FF01070907C000

mem[X,0x00000000800009F0] -> 0x8C93
mem[X,0x00000000800009F2] -> 0x0F7C
[641] [M]: 0x00000000800009F0 (0x0F7C8C93) addi s9, s9, 0xf7
x25 <- 0xF7FF01070907C0F7

mem[X,0x00000000800009F4] -> 0x98BB
mem[X,0x00000000800009F6] -> 0xBD9E
[642] [M]: 0x00000000800009F4 (0xBD9E98BB) pdifsumau.b a7, t4, s9
x17 <- 0x78004047030AD647

mem[X,0x00000000800009F8] -> 0xBC23
mem[X,0x00000000800009FA] -> 0x0511
[643] [M]: 0x00000000800009F8 (0x0511BC23) sd a7, 0x58(gp)
mem[0x00000000800041F8] <- 0x78004047030AD647

mem[X,0x00000000800009FC] -> 0x10B7
mem[X,0x00000000800009FE] -> 0xF8FB
[644] [M]: 0x00000000800009FC (0xF8FB10B7) lui ra, -0x704f
x1 <- 0xFFFFFFFFF8FB1000

mem[X,0x0000000080000A00] -> 0x8093
mem[X,0x0000000080000A02] -> 0x83F0
[645] [M]: 0x0000000080000A00 (0x83F08093) addi ra, ra, -0x7c1
x1 <- 0xFFFFFFFFF8FB083F

mem[X,0x0000000080000A04] -> 0x9093
mem[X,0x0000000080000A06] -> 0x00B0
[646] [M]: 0x0000000080000A04 (0x00B09093) slli ra, ra, 0xb
x1 <- 0xFFFFFFC7D841F800

mem[X,0x0000000080000A08] -> 0x8093
mem[X,0x0000000080000A0A] -> 0x04F0
[647] [M]: 0x0000000080000A08 (0x04F08093) addi ra, ra, 0x4f
x1 <- 0xFFFFFFC7D841F84F

mem[X,0x0000000080000A0C] -> 0x9093
mem[X,0x0000000080000A0E] -> 0x00B0
[648] [M]: 0x0000000080000A0C (0x00B09093) slli ra, ra, 0xb
x1 <- 0xFFFE3EC20FC27800

mem[X,0x0000000080000A10] -> 0x8093
mem[X,0x0000000080000A12] -> 0x7C00
[649] [M]: 0x0000000080000A10 (0x7C008093) addi ra, ra, 0x7c0
x1 <- 0xFFFE3EC20FC27FC0

mem[X,0x0000000080000A14] -> 0x9093
mem[X,0x0000000080000A16] -> 0x00A0
[650] [M]: 0x0000000080000A14 (0x00A09093) slli ra, ra, 0xa
x1 <- 0xF8FB083F09FF0000

mem[X,0x0000000080000A18] -> 0x8093
mem[X,0x0000000080000A1A] -> 0x07F0
[651] [M]: 0x0000000080000A18 (0x07F08093) addi ra, ra, 0x7f
x1 <- 0xF8FB083F09FF007F

mem[X,0x0000000080000A1C] -> 0x0737
mem[X,0x0000000080000A1E] -> 0xEF40
[652] [M]: 0x0000000080000A1C (0xEF400737) lui a4, -0x10c00
x14 <- 0xFFFFFFFFEF400000

mem[X,0x0000000080000A20] -> 0x0713
mem[X,0x0000000080000A22] -> 0xCDF7
[653] [M]: 0x0000000080000A20 (0xCDF70713) addi a4, a4, -0x321
x14 <- 0xFFFFFFFFEF3FFCDF

mem[X,0x0000000080000A24] -> 0x1713
mem[X,0x0000000080000A26] -> 0x00B7
[654] [M]: 0x0000000080000A24 (0x00B71713) slli a4, a4, 0xb
x14 <- 0xFFFFFF79FFE6F800

mem[X,0x0000000080000A28] -> 0x0713
mem[X,0x0000000080000A2A] -> 0x0487
[655] [M]: 0x0000000080000A28 (0x04870713) addi a4, a4, 0x48
x14 <- 0xFFFFFF79FFE6F848

mem[X,0x0000000080000A2C] -> 0x1713
mem[X,0x0000000080000A2E] -> 0x00B7
[656] [M]: 0x0000000080000A2C (0x00B71713) slli a4, a4, 0xb
x14 <- 0xFFFBCFFF37C24000

mem[X,0x0000000080000A30] -> 0x0713
mem[X,0x0000000080000A32] -> 0x0887
[657] [M]: 0x0000000080000A30 (0x08870713) addi a4, a4, 0x88
x14 <- 0xFFFBCFFF37C24088

mem[X,0x0000000080000A34] -> 0x1713
mem[X,0x0000000080000A36] -> 0x00A7
[658] [M]: 0x0000000080000A34 (0x00A71713) slli a4, a4, 0xa
x14 <- 0xEF3FFCDF09022000

mem[X,0x0000000080000A38] -> 0x0713
mem[X,0x0000000080000A3A] -> 0x0407
[659] [M]: 0x0000000080000A38 (0x04070713) addi a4, a4, 0x40
x14 <- 0xEF3FFCDF09022040

mem[X,0x0000000080000A3C] -> 0x96BB
mem[X,0x0000000080000A3E] -> 0xBCE0
[660] [M]: 0x0000000080000A3C (0xBCE096BB) pdifsumau.b a3, ra, a4
x13 <- 0xF8C00DD908572BFC

mem[X,0x0000000080000A40] -> 0xB023
mem[X,0x0000000080000A42] -> 0x06D1
[661] [M]: 0x0000000080000A40 (0x06D1B023) sd a3, 0x60(gp)
mem[0x0000000080004200] <- 0xF8C00DD908572BFC

mem[X,0x0000000080000A44] -> 0x06B7
mem[X,0x0000000080000A46] -> 0xEFFC
[662] [M]: 0x0000000080000A44 (0xEFFC06B7) lui a3, -0x10040
x13 <- 0xFFFFFFFFEFFC0000

mem[X,0x0000000080000A48] -> 0x8693
mem[X,0x0000000080000A4A] -> 0xE016
[663] [M]: 0x0000000080000A48 (0xE0168693) addi a3, a3, -0x1ff
x13 <- 0xFFFFFFFFEFFBFE01

mem[X,0x0000000080000A4C] -> 0x9693
mem[X,0x0000000080000A4E] -> 0x00B6
[664] [M]: 0x0000000080000A4C (0x00B69693) slli a3, a3, 0xb
x13 <- 0xFFFFFF7FDFF00800

mem[X,0x0000000080000A50] -> 0x8693
mem[X,0x0000000080000A52] -> 0x3FF6
[665] [M]: 0x0000000080000A50 (0x3FF68693) addi a3, a3, 0x3ff
x13 <- 0xFFFFFF7FDFF00BFF

mem[X,0x0000000080000A54] -> 0x9693
mem[X,0x0000000080000A56] -> 0x00B6
[666] [M]: 0x0000000080000A54 (0x00B69693) slli a3, a3, 0xb
x13 <- 0xFFFBFEFF805FF800

mem[X,0x0000000080000A58] -> 0x8693
mem[X,0x0000000080000A5A] -> 0x5846
[667] [M]: 0x0000000080000A58 (0x58468693) addi a3, a3, 0x584
x13 <- 0xFFFBFEFF805FFD84

mem[X,0x0000000080000A5C] -> 0x9693
mem[X,0x0000000080000A5E] -> 0x00A6
[668] [M]: 0x0000000080000A5C (0x00A69693) slli a3, a3, 0xa
x13 <- 0xEFFBFE017FF61000

mem[X,0x0000000080000A60] -> 0x8693
mem[X,0x0000000080000A62] -> 0x0FF6
[669] [M]: 0x0000000080000A60 (0x0FF68693) addi a3, a3, 0xff
x13 <- 0xEFFBFE017FF610FF

mem[X,0x0000000080000A64] -> 0xE137
mem[X,0x0000000080000A66] -> 0x3FF9
[670] [M]: 0x0000000080000A64 (0x3FF9E137) lui sp, 0x3ff9e
x2 <- 0x000000003FF9E000

mem[X,0x0000000080000A68] -> 0x0113
mem[X,0x0000000080000A6A] -> 0xFBF1
[671] [M]: 0x0000000080000A68 (0xFBF10113) addi sp, sp, -0x41
x2 <- 0x000000003FF9DFBF

mem[X,0x0000000080000A6C] -> 0x1113
mem[X,0x0000000080000A6E] -> 0x00B1
[672] [M]: 0x0000000080000A6C (0x00B11113) slli sp, sp, 0xb
x2 <- 0x000001FFCEFDF800

mem[X,0x0000000080000A70] -> 0x0113
mem[X,0x0000000080000A72] -> 0x7781
[673] [M]: 0x0000000080000A70 (0x77810113) addi sp, sp, 0x778
x2 <- 0x000001FFCEFDFF78

mem[X,0x0000000080000A74] -> 0x1113
mem[X,0x0000000080000A76] -> 0x00B1
[674] [M]: 0x0000000080000A74 (0x00B11113) slli sp, sp, 0xb
x2 <- 0x000FFE77EFFBC000

mem[X,0x0000000080000A78] -> 0x0113
mem[X,0x0000000080000A7A] -> 0x2301
[675] [M]: 0x0000000080000A78 (0x23010113) addi sp, sp, 0x230
x2 <- 0x000FFE77EFFBC230

mem[X,0x0000000080000A7C] -> 0x1113
mem[X,0x0000000080000A7E] -> 0x00A1
[676] [M]: 0x0000000080000A7C (0x00A11113) slli sp, sp, 0xa
x2 <- 0x3FF9DFBFEF08C000

mem[X,0x0000000080000A80] -> 0x0113
mem[X,0x0000000080000A82] -> 0x0F71
[677] [M]: 0x0000000080000A80 (0x0F710113) addi sp, sp, 0xf7
x2 <- 0x3FF9DFBFEF08C0F7

mem[X,0x0000000080000A84] -> 0x963B
mem[X,0x0000000080000A86] -> 0xBC26
[678] [M]: 0x0000000080000A84 (0xBC26963B) pdifsumau.b a2, a3, sp
x12 <- 0x37D9DABCF008C999

mem[X,0x0000000080000A88] -> 0xB423
mem[X,0x0000000080000A8A] -> 0x06C1
[679] [M]: 0x0000000080000A88 (0x06C1B423) sd a2, 0x68(gp)
mem[0x0000000080004208] <- 0x37D9DABCF008C999

mem[X,0x0000000080000A8C] -> 0xED37
mem[X,0x0000000080000A8E] -> 0x047F
[680] [M]: 0x0000000080000A8C (0x047FED37) lui s10, 0x47fe
x26 <- 0x00000000047FE000

mem[X,0x0000000080000A90] -> 0x0D13
mem[X,0x0000000080000A92] -> 0xF03D
[681] [M]: 0x0000000080000A90 (0xF03D0D13) addi s10, s10, -0xfd
x26 <- 0x00000000047FDF03

mem[X,0x0000000080000A94] -> 0x1D13
mem[X,0x0000000080000A96] -> 0x00BD
[682] [M]: 0x0000000080000A94 (0x00BD1D13) slli s10, s10, 0xb
x26 <- 0x00000023FEF81800

mem[X,0x0000000080000A98] -> 0x0D13
mem[X,0x0000000080000A9A] -> 0x202D
[683] [M]: 0x0000000080000A98 (0x202D0D13) addi s10, s10, 0x202
x26 <- 0x00000023FEF81A02

mem[X,0x0000000080000A9C] -> 0x1D13
mem[X,0x0000000080000A9E] -> 0x00BD
[684] [M]: 0x0000000080000A9C (0x00BD1D13) slli s10, s10, 0xb
x26 <- 0x00011FF7C0D01000

mem[X,0x0000000080000AA0] -> 0x0D13
mem[X,0x0000000080000AA2] -> 0x015D
[685] [M]: 0x0000000080000AA0 (0x015D0D13) addi s10, s10, 0x15
x26 <- 0x00011FF7C0D01015

mem[X,0x0000000080000AA4] -> 0x1D13
mem[X,0x0000000080000AA6] -> 0x00AD
[686] [M]: 0x0000000080000AA4 (0x00AD1D13) slli s10, s10, 0xa
x26 <- 0x047FDF0340405400

mem[X,0x0000000080000AA8] -> 0x0D13
mem[X,0x0000000080000AAA] -> 0x1BFD
[687] [M]: 0x0000000080000AA8 (0x1BFD0D13) addi s10, s10, 0x1bf
x26 <- 0x047FDF03404055BF

mem[X,0x0000000080000AAC] -> 0xCB37
mem[X,0x0000000080000AAE] -> 0x04DF
[688] [M]: 0x0000000080000AAC (0x04DFCB37) lui s6, 0x4dfc
x22 <- 0x0000000004DFC000

mem[X,0x0000000080000AB0] -> 0x0B13
mem[X,0x0000000080000AB2] -> 0x055B
[689] [M]: 0x0000000080000AB0 (0x055B0B13) addi s6, s6, 0x55
x22 <- 0x0000000004DFC055

mem[X,0x0000000080000AB4] -> 0x1B13
mem[X,0x0000000080000AB6] -> 0x00BB
[690] [M]: 0x0000000080000AB4 (0x00BB1B13) slli s6, s6, 0xb
x22 <- 0x00000026FE02A800

mem[X,0x0000000080000AB8] -> 0x0B13
mem[X,0x0000000080000ABA] -> 0x7BDB
[691] [M]: 0x0000000080000AB8 (0x7BDB0B13) addi s6, s6, 0x7bd
x22 <- 0x00000026FE02AFBD

mem[X,0x0000000080000ABC] -> 0x1B13
mem[X,0x0000000080000ABE] -> 0x00BB
[692] [M]: 0x0000000080000ABC (0x00BB1B13) slli s6, s6, 0xb
x22 <- 0x000137F0157DE800

mem[X,0x0000000080000AC0] -> 0x0B13
mem[X,0x0000000080000AC2] -> 0x2BEB
[693] [M]: 0x0000000080000AC0 (0x2BEB0B13) addi s6, s6, 0x2be
x22 <- 0x000137F0157DEABE

mem[X,0x0000000080000AC4] -> 0x1B13
mem[X,0x0000000080000AC6] -> 0x00AB
[694] [M]: 0x0000000080000AC4 (0x00AB1B13) slli s6, s6, 0xa
x22 <- 0x04DFC055F7AAF800

mem[X,0x0000000080000AC8] -> 0x0B13
mem[X,0x0000000080000ACA] -> 0x201B
[695] [M]: 0x0000000080000AC8 (0x201B0B13) addi s6, s6, 0x201
x22 <- 0x04DFC055F7AAFA01

mem[X,0x0000000080000ACC] -> 0x15BB
mem[X,0x0000000080000ACE] -> 0xBD6D
[696] [M]: 0x0000000080000ACC (0xBD6D15BB) pdifsumau.b a1, s10, s6
x11 <- 0x0A5EC745F5A67C57

mem[X,0x0000000080000AD0] -> 0xB823
mem[X,0x0000000080000AD2] -> 0x06B1
[697] [M]: 0x0000000080000AD0 (0x06B1B823) sd a1, 0x70(gp)
mem[0x0000000080004210] <- 0x0A5EC745F5A67C57

mem[X,0x0000000080000AD4] -> 0x0F37
mem[X,0x0000000080000AD6] -> 0x09F8
[698] [M]: 0x0000000080000AD4 (0x09F80F37) lui t5, 0x9f80
x30 <- 0x0000000009F80000

mem[X,0x0000000080000AD8] -> 0x0F13
mem[X,0x0000000080000ADA] -> 0xB03F
[699] [M]: 0x0000000080000AD8 (0xB03F0F13) addi t5, t5, -0x4fd
x30 <- 0x0000000009F7FB03

clint::tick mtime <- 0x0000000000000007
 clint timer pending at mtime 0x0000000000000007
htif::tick 0x0000000000000000
mem[X,0x0000000080000ADC] -> 0x1F13
mem[X,0x0000000080000ADE] -> 0x00BF
[700] [M]: 0x0000000080000ADC (0x00BF1F13) slli t5, t5, 0xb
x30 <- 0x0000004FBFD81800

mem[X,0x0000000080000AE0] -> 0x0F13
mem[X,0x0000000080000AE2] -> 0x6F8F
[701] [M]: 0x0000000080000AE0 (0x6F8F0F13) addi t5, t5, 0x6f8
x30 <- 0x0000004FBFD81EF8

mem[X,0x0000000080000AE4] -> 0x1F13
mem[X,0x0000000080000AE6] -> 0x00BF
[702] [M]: 0x0000000080000AE4 (0x00BF1F13) slli t5, t5, 0xb
x30 <- 0x00027DFEC0F7C000

mem[X,0x0000000080000AE8] -> 0x0F13
mem[X,0x0000000080000AEA] -> 0x43FF
[703] [M]: 0x0000000080000AE8 (0x43FF0F13) addi t5, t5, 0x43f
x30 <- 0x00027DFEC0F7C43F

mem[X,0x0000000080000AEC] -> 0x1F13
mem[X,0x0000000080000AEE] -> 0x00AF
[704] [M]: 0x0000000080000AEC (0x00AF1F13) slli t5, t5, 0xa
x30 <- 0x09F7FB03DF10FC00

mem[X,0x0000000080000AF0] -> 0x0F13
mem[X,0x0000000080000AF2] -> 0x1FAF
[705] [M]: 0x0000000080000AF0 (0x1FAF0F13) addi t5, t5, 0x1fa
x30 <- 0x09F7FB03DF10FDFA

mem[X,0x0000000080000AF4] -> 0x0EB7
mem[X,0x0000000080000AF6] -> 0xF781
[706] [M]: 0x0000000080000AF4 (0xF7810EB7) lui t4, -0x87f0
x29 <- 0xFFFFFFFFF7810000

mem[X,0x0000000080000AF8] -> 0x8E93
mem[X,0x0000000080000AFA] -> 0xFEFE
[707] [M]: 0x0000000080000AF8 (0xFEFE8E93) addi t4, t4, -0x11
x29 <- 0xFFFFFFFFF780FFEF

mem[X,0x0000000080000AFC] -> 0x9E93
mem[X,0x0000000080000AFE] -> 0x00BE
[708] [M]: 0x0000000080000AFC (0x00BE9E93) slli t4, t4, 0xb
x29 <- 0xFFFFFFBC07FF7800

mem[X,0x0000000080000B00] -> 0x8E93
mem[X,0x0000000080000B02] -> 0x00FE
[709] [M]: 0x0000000080000B00 (0x00FE8E93) addi t4, t4, 0xf
x29 <- 0xFFFFFFBC07FF780F

mem[X,0x0000000080000B04] -> 0x9E93
mem[X,0x0000000080000B06] -> 0x00BE
[710] [M]: 0x0000000080000B04 (0x00BE9E93) slli t4, t4, 0xb
x29 <- 0xFFFDE03FFBC07800

mem[X,0x0000000080000B08] -> 0x8E93
mem[X,0x0000000080000B0A] -> 0x608E
[711] [M]: 0x0000000080000B08 (0x608E8E93) addi t4, t4, 0x608
x29 <- 0xFFFDE03FFBC07E08

mem[X,0x0000000080000B0C] -> 0x9E93
mem[X,0x0000000080000B0E] -> 0x00AE
[712] [M]: 0x0000000080000B0C (0x00AE9E93) slli t4, t4, 0xa
x29 <- 0xF780FFEF01F82000

mem[X,0x0000000080000B10] -> 0x8E93
mem[X,0x0000000080000B12] -> 0x0FDE
[713] [M]: 0x0000000080000B10 (0x0FDE8E93) addi t4, t4, 0xfd
x29 <- 0xF780FFEF01F820FD

mem[X,0x0000000080000B14] -> 0x1FBB
mem[X,0x0000000080000B16] -> 0xBDDF
[714] [M]: 0x0000000080000B14 (0xBDDF1FBB) pdifsumau.b t6, t5, t4
x31 <- 0x7783060FFCF321F3

mem[X,0x0000000080000B18] -> 0xBC23
mem[X,0x0000000080000B1A] -> 0x07F1
[715] [M]: 0x0000000080000B18 (0x07F1BC23) sd t6, 0x78(gp)
mem[0x0000000080004218] <- 0x7783060FFCF321F3

mem[X,0x0000000080000B1C] -> 0x0013
mem[X,0x0000000080000B1E] -> 0x0000
[716] [M]: 0x0000000080000B1C (0x00000013) addi zero, zero, 0x0

mem[X,0x0000000080000B20] -> 0x3097
mem[X,0x0000000080000B22] -> 0x0000
[717] [M]: 0x0000000080000B20 (0x00003097) auipc ra, 0x3
x1 <- 0x0000000080003B20

mem[X,0x0000000080000B24] -> 0x8093
mem[X,0x0000000080000B26] -> 0x7000
[718] [M]: 0x0000000080000B24 (0x70008093) addi ra, ra, 0x700
x1 <- 0x0000000080004220

mem[X,0x0000000080000B28] -> 0x0013
mem[X,0x0000000080000B2A] -> 0x0000
[719] [M]: 0x0000000080000B28 (0x00000013) addi zero, zero, 0x0

mem[X,0x0000000080000B2C] -> 0x0013
mem[X,0x0000000080000B2E] -> 0x0000
[720] [M]: 0x0000000080000B2C (0x00000013) addi zero, zero, 0x0

mem[X,0x0000000080000B30] -> 0x0013
mem[X,0x0000000080000B32] -> 0x0000
[721] [M]: 0x0000000080000B30 (0x00000013) addi zero, zero, 0x0

mem[X,0x0000000080000B34] -> 0x0013
mem[X,0x0000000080000B36] -> 0x0000
[722] [M]: 0x0000000080000B34 (0x00000013) addi zero, zero, 0x0

mem[X,0x0000000080000B38] -> 0x0013
mem[X,0x0000000080000B3A] -> 0x0000
[723] [M]: 0x0000000080000B38 (0x00000013) addi zero, zero, 0x0

mem[X,0x0000000080000B3C] -> 0x0013
mem[X,0x0000000080000B3E] -> 0x0000
[724] [M]: 0x0000000080000B3C (0x00000013) addi zero, zero, 0x0

mem[X,0x0000000080000B40] -> 0xCF37
mem[X,0x0000000080000B42] -> 0x04C0
[725] [M]: 0x0000000080000B40 (0x04C0CF37) lui t5, 0x4c0c
x30 <- 0x0000000004C0C000

mem[X,0x0000000080000B44] -> 0x0F13
mem[X,0x0000000080000B46] -> 0x0FCF
[726] [M]: 0x0000000080000B44 (0x0FCF0F13) addi t5, t5, 0xfc
x30 <- 0x0000000004C0C0FC

mem[X,0x0000000080000B48] -> 0x1F13
mem[X,0x0000000080000B4A] -> 0x00BF
[727] [M]: 0x0000000080000B48 (0x00BF1F13) slli t5, t5, 0xb
x30 <- 0x000000260607E000

mem[X,0x0000000080000B4C] -> 0x0F13
mem[X,0x0000000080000B4E] -> 0x082F
[728] [M]: 0x0000000080000B4C (0x082F0F13) addi t5, t5, 0x82
x30 <- 0x000000260607E082

mem[X,0x0000000080000B50] -> 0x1F13
mem[X,0x0000000080000B52] -> 0x00BF
[729] [M]: 0x0000000080000B50 (0x00BF1F13) slli t5, t5, 0xb
x30 <- 0x000130303F041000

mem[X,0x0000000080000B54] -> 0x0F13
mem[X,0x0000000080000B56] -> 0x541F
[730] [M]: 0x0000000080000B54 (0x541F0F13) addi t5, t5, 0x541
x30 <- 0x000130303F041541

mem[X,0x0000000080000B58] -> 0x1F13
mem[X,0x0000000080000B5A] -> 0x00AF
[731] [M]: 0x0000000080000B58 (0x00AF1F13) slli t5, t5, 0xa
x30 <- 0x04C0C0FC10550400

mem[X,0x0000000080000B5C] -> 0x0F13
mem[X,0x0000000080000B5E] -> 0x3FEF
[732] [M]: 0x0000000080000B5C (0x3FEF0F13) addi t5, t5, 0x3fe
x30 <- 0x04C0C0FC105507FE

mem[X,0x0000000080000B60] -> 0x0EB7
mem[X,0x0000000080000B62] -> 0x0104
[733] [M]: 0x0000000080000B60 (0x01040EB7) lui t4, 0x1040
x29 <- 0x0000000001040000

mem[X,0x0000000080000B64] -> 0x8E93
mem[X,0x0000000080000B66] -> 0x0DFE
[734] [M]: 0x0000000080000B64 (0x0DFE8E93) addi t4, t4, 0xdf
x29 <- 0x00000000010400DF

mem[X,0x0000000080000B68] -> 0x9E93
mem[X,0x0000000080000B6A] -> 0x00BE
[735] [M]: 0x0000000080000B68 (0x00BE9E93) slli t4, t4, 0xb
x29 <- 0x000000082006F800

mem[X,0x0000000080000B6C] -> 0x8E93
mem[X,0x0000000080000B6E] -> 0x77FE
[736] [M]: 0x0000000080000B6C (0x77FE8E93) addi t4, t4, 0x77f
x29 <- 0x000000082006FF7F

mem[X,0x0000000080000B70] -> 0x9E93
mem[X,0x0000000080000B72] -> 0x00BE
[737] [M]: 0x0000000080000B70 (0x00BE9E93) slli t4, t4, 0xb
x29 <- 0x0000410037FBF800

mem[X,0x0000000080000B74] -> 0x8E93
mem[X,0x0000000080000B76] -> 0x640E
[738] [M]: 0x0000000080000B74 (0x640E8E93) addi t4, t4, 0x640
x29 <- 0x0000410037FBFE40

mem[X,0x0000000080000B78] -> 0x9E93
mem[X,0x0000000080000B7A] -> 0x00AE
[739] [M]: 0x0000000080000B78 (0x00AE9E93) slli t4, t4, 0xa
x29 <- 0x010400DFEFF90000

mem[X,0x0000000080000B7C] -> 0x8E93
mem[X,0x0000000080000B7E] -> 0x002E
[740] [M]: 0x0000000080000B7C (0x002E8E93) addi t4, t4, 0x2
x29 <- 0x010400DFEFF90002

mem[X,0x0000000080000B80] -> 0x1FBB
mem[X,0x0000000080000B82] -> 0xBDDF
[741] [M]: 0x0000000080000B80 (0xBDDF1FBB) pdifsumau.b t6, t5, t4
x31 <- 0x788706EFECEC2617

mem[X,0x0000000080000B84] -> 0xB023
mem[X,0x0000000080000B86] -> 0x01F0
[742] [M]: 0x0000000080000B84 (0x01F0B023) sd t6, 0x0(ra)
mem[0x0000000080004220] <- 0x788706EFECEC2617

mem[X,0x0000000080000B88] -> 0x0F37
mem[X,0x0000000080000B8A] -> 0xFCDF
[743] [M]: 0x0000000080000B88 (0xFCDF0F37) lui t5, -0x3210
x30 <- 0xFFFFFFFFFCDF0000

mem[X,0x0000000080000B8C] -> 0x0F13
mem[X,0x0000000080000B8E] -> 0x7FBF
[744] [M]: 0x0000000080000B8C (0x7FBF0F13) addi t5, t5, 0x7fb
x30 <- 0xFFFFFFFFFCDF07FB

mem[X,0x0000000080000B90] -> 0x1F13
mem[X,0x0000000080000B92] -> 0x00BF
[745] [M]: 0x0000000080000B90 (0x00BF1F13) slli t5, t5, 0xb
x30 <- 0xFFFFFFE6F83FD800

mem[X,0x0000000080000B94] -> 0x0F13
mem[X,0x0000000080000B96] -> 0x7D0F
[746] [M]: 0x0000000080000B94 (0x7D0F0F13) addi t5, t5, 0x7d0
x30 <- 0xFFFFFFE6F83FDFD0

mem[X,0x0000000080000B98] -> 0x1F13
mem[X,0x0000000080000B9A] -> 0x00BF
[747] [M]: 0x0000000080000B98 (0x00BF1F13) slli t5, t5, 0xb
x30 <- 0xFFFF37C1FEFE8000

mem[X,0x0000000080000B9C] -> 0x0F13
mem[X,0x0000000080000B9E] -> 0x23EF
[748] [M]: 0x0000000080000B9C (0x23EF0F13) addi t5, t5, 0x23e
x30 <- 0xFFFF37C1FEFE823E

mem[X,0x0000000080000BA0] -> 0x1F13
mem[X,0x0000000080000BA2] -> 0x00AF
[749] [M]: 0x0000000080000BA0 (0x00AF1F13) slli t5, t5, 0xa
x30 <- 0xFCDF07FBFA08F800

mem[X,0x0000000080000BA4] -> 0x0F13
mem[X,0x0000000080000BA6] -> 0x009F
[750] [M]: 0x0000000080000BA4 (0x009F0F13) addi t5, t5, 0x9
x30 <- 0xFCDF07FBFA08F809

mem[X,0x0000000080000BA8] -> 0x0EB7
mem[X,0x0000000080000BAA] -> 0xBFFD
[751] [M]: 0x0000000080000BA8 (0xBFFD0EB7) lui t4, -0x40030
x29 <- 0xFFFFFFFFBFFD0000

mem[X,0x0000000080000BAC] -> 0x8E93
mem[X,0x0000000080000BAE] -> 0x203E
[752] [M]: 0x0000000080000BAC (0x203E8E93) addi t4, t4, 0x203
x29 <- 0xFFFFFFFFBFFD0203

mem[X,0x0000000080000BB0] -> 0x9E93
mem[X,0x0000000080000BB2] -> 0x00BE
[753] [M]: 0x0000000080000BB0 (0x00BE9E93) slli t4, t4, 0xb
x29 <- 0xFFFFFDFFE8101800

mem[X,0x0000000080000BB4] -> 0x8E93
mem[X,0x0000000080000BB6] -> 0x100E
[754] [M]: 0x0000000080000BB4 (0x100E8E93) addi t4, t4, 0x100
x29 <- 0xFFFFFDFFE8101900

mem[X,0x0000000080000BB8] -> 0x9E93
mem[X,0x0000000080000BBA] -> 0x00BE
[755] [M]: 0x0000000080000BB8 (0x00BE9E93) slli t4, t4, 0xb
x29 <- 0xFFEFFF4080C80000

mem[X,0x0000000080000BBC] -> 0x8E93
mem[X,0x0000000080000BBE] -> 0x080E
[756] [M]: 0x0000000080000BBC (0x080E8E93) addi t4, t4, 0x80
x29 <- 0xFFEFFF4080C80080

mem[X,0x0000000080000BC0] -> 0x9E93
mem[X,0x0000000080000BC2] -> 0x00AE
[757] [M]: 0x0000000080000BC0 (0x00AE9E93) slli t4, t4, 0xa
x29 <- 0xBFFD020320020000

mem[X,0x0000000080000BC4] -> 0x8E93
mem[X,0x0000000080000BC6] -> 0x009E
[758] [M]: 0x0000000080000BC4 (0x009E8E93) addi t4, t4, 0x9
x29 <- 0xBFFD020320020009

mem[X,0x0000000080000BC8] -> 0x1FBB
mem[X,0x0000000080000BCA] -> 0xBDDF
[759] [M]: 0x0000000080000BC8 (0xBDDF1FBB) pdifsumau.b t6, t5, t4
x31 <- 0x388408F30CEE2950

mem[X,0x0000000080000BCC] -> 0xB423
mem[X,0x0000000080000BCE] -> 0x01F0
[760] [M]: 0x0000000080000BCC (0x01F0B423) sd t6, 0x8(ra)
mem[0x0000000080004228] <- 0x388408F30CEE2950

mem[X,0x0000000080000BD0] -> 0x8F37
mem[X,0x0000000080000BD2] -> 0x0607
[761] [M]: 0x0000000080000BD0 (0x06078F37) lui t5, 0x6078
x30 <- 0x0000000006078000

mem[X,0x0000000080000BD4] -> 0x0F13
mem[X,0x0000000080000BD6] -> 0x009F
[762] [M]: 0x0000000080000BD4 (0x009F0F13) addi t5, t5, 0x9
x30 <- 0x0000000006078009

mem[X,0x0000000080000BD8] -> 0x1F13
mem[X,0x0000000080000BDA] -> 0x00BF
[763] [M]: 0x0000000080000BD8 (0x00BF1F13) slli t5, t5, 0xb
x30 <- 0x000000303C004800

mem[X,0x0000000080000BDC] -> 0x0F13
mem[X,0x0000000080000BDE] -> 0x7B0F
[764] [M]: 0x0000000080000BDC (0x7B0F0F13) addi t5, t5, 0x7b0
x30 <- 0x000000303C004FB0

mem[X,0x0000000080000BE0] -> 0x1F13
mem[X,0x0000000080000BE2] -> 0x00BF
[765] [M]: 0x0000000080000BE0 (0x00BF1F13) slli t5, t5, 0xb
x30 <- 0x000181E0027D8000

mem[X,0x0000000080000BE4] -> 0x0F13
mem[X,0x0000000080000BE6] -> 0x082F
[766] [M]: 0x0000000080000BE4 (0x082F0F13) addi t5, t5, 0x82
x30 <- 0x000181E0027D8082

mem[X,0x0000000080000BE8] -> 0x1F13
mem[X,0x0000000080000BEA] -> 0x00AF
[767] [M]: 0x0000000080000BE8 (0x00AF1F13) slli t5, t5, 0xa
x30 <- 0x06078009F6020800

mem[X,0x0000000080000BEC] -> 0x0F13
mem[X,0x0000000080000BEE] -> 0x13FF
[768] [M]: 0x0000000080000BEC (0x13FF0F13) addi t5, t5, 0x13f
x30 <- 0x06078009F602093F

mem[X,0x0000000080000BF0] -> 0x1EB7
mem[X,0x0000000080000BF2] -> 0xFEF9
[769] [M]: 0x0000000080000BF0 (0xFEF91EB7) lui t4, -0x106f
x29 <- 0xFFFFFFFFFEF91000

mem[X,0x0000000080000BF4] -> 0x8E93
mem[X,0x0000000080000BF6] -> 0x801E
[770] [M]: 0x0000000080000BF4 (0x801E8E93) addi t4, t4, -0x7ff
x29 <- 0xFFFFFFFFFEF90801

mem[X,0x0000000080000BF8] -> 0x9E93
mem[X,0x0000000080000BFA] -> 0x00BE
[771] [M]: 0x0000000080000BF8 (0x00BE9E93) slli t4, t4, 0xb
x29 <- 0xFFFFFFF7C8400800

mem[X,0x0000000080000BFC] -> 0x8E93
mem[X,0x0000000080000BFE] -> 0x7DFE
[772] [M]: 0x0000000080000BFC (0x7DFE8E93) addi t4, t4, 0x7df
x29 <- 0xFFFFFFF7C8400FDF

mem[X,0x0000000080000C00] -> 0x9E93
mem[X,0x0000000080000C02] -> 0x00BE
[773] [M]: 0x0000000080000C00 (0x00BE9E93) slli t4, t4, 0xb
x29 <- 0xFFFFBE42007EF800

mem[X,0x0000000080000C04] -> 0x8E93
mem[X,0x0000000080000C06] -> 0x788E
[774] [M]: 0x0000000080000C04 (0x788E8E93) addi t4, t4, 0x788
x29 <- 0xFFFFBE42007EFF88

mem[X,0x0000000080000C08] -> 0x9E93
mem[X,0x0000000080000C0A] -> 0x00AE
[775] [M]: 0x0000000080000C08 (0x00AE9E93) slli t4, t4, 0xa
x29 <- 0xFEF90801FBFE2000

mem[X,0x0000000080000C0C] -> 0x8E93
mem[X,0x0000000080000C0E] -> 0x008E
[776] [M]: 0x0000000080000C0C (0x008E8E93) addi t4, t4, 0x8
x29 <- 0xFEF90801FBFE2008

mem[X,0x0000000080000C10] -> 0x1FBB
mem[X,0x0000000080000C12] -> 0xBDDF
[777] [M]: 0x0000000080000C10 (0xBDDF1FBB) pdifsumau.b t6, t5, t4
x31 <- 0x377D10F508EC4D11

mem[X,0x0000000080000C14] -> 0xB823
mem[X,0x0000000080000C16] -> 0x01F0
[778] [M]: 0x0000000080000C14 (0x01F0B823) sd t6, 0x10(ra)
mem[0x0000000080004230] <- 0x377D10F508EC4D11

mem[X,0x0000000080000C18] -> 0x0F37
mem[X,0x0000000080000C1A] -> 0x04AA
[779] [M]: 0x0000000080000C18 (0x04AA0F37) lui t5, 0x4aa0
x30 <- 0x0000000004AA0000

mem[X,0x0000000080000C1C] -> 0x0F13
mem[X,0x0000000080000C1E] -> 0x007F
[780] [M]: 0x0000000080000C1C (0x007F0F13) addi t5, t5, 0x7
x30 <- 0x0000000004AA0007

mem[X,0x0000000080000C20] -> 0x1F13
mem[X,0x0000000080000C22] -> 0x00BF
[781] [M]: 0x0000000080000C20 (0x00BF1F13) slli t5, t5, 0xb
x30 <- 0x0000002550003800

mem[X,0x0000000080000C24] -> 0x0F13
mem[X,0x0000000080000C26] -> 0x2AEF
[782] [M]: 0x0000000080000C24 (0x2AEF0F13) addi t5, t5, 0x2ae
x30 <- 0x0000002550003AAE

mem[X,0x0000000080000C28] -> 0x1F13
mem[X,0x0000000080000C2A] -> 0x00BF
[783] [M]: 0x0000000080000C28 (0x00BF1F13) slli t5, t5, 0xb
x30 <- 0x00012A8001D57000

mem[X,0x0000000080000C2C] -> 0x0F13
mem[X,0x0000000080000C2E] -> 0x03EF
[784] [M]: 0x0000000080000C2C (0x03EF0F13) addi t5, t5, 0x3e
x30 <- 0x00012A8001D5703E

mem[X,0x0000000080000C30] -> 0x1F13
mem[X,0x0000000080000C32] -> 0x00AF
[785] [M]: 0x0000000080000C30 (0x00AF1F13) slli t5, t5, 0xa
x30 <- 0x04AA000755C0F800

mem[X,0x0000000080000C34] -> 0x0F13
mem[X,0x0000000080000C36] -> 0x320F
[786] [M]: 0x0000000080000C34 (0x320F0F13) addi t5, t5, 0x320
x30 <- 0x04AA000755C0FB20

mem[X,0x0000000080000C38] -> 0x4EB7
mem[X,0x0000000080000C3A] -> 0x553F
[787] [M]: 0x0000000080000C38 (0x553F4EB7) lui t4, 0x553f4
x29 <- 0x00000000553F4000

mem[X,0x0000000080000C3C] -> 0x8E93
mem[X,0x0000000080000C3E] -> 0x003E
[788] [M]: 0x0000000080000C3C (0x003E8E93) addi t4, t4, 0x3
x29 <- 0x00000000553F4003

mem[X,0x0000000080000C40] -> 0x9E93
mem[X,0x0000000080000C42] -> 0x00BE
[789] [M]: 0x0000000080000C40 (0x00BE9E93) slli t4, t4, 0xb
x29 <- 0x000002A9FA001800

mem[X,0x0000000080000C44] -> 0x8E93
mem[X,0x0000000080000C46] -> 0x7D0E
[790] [M]: 0x0000000080000C44 (0x7D0E8E93) addi t4, t4, 0x7d0
x29 <- 0x000002A9FA001FD0

mem[X,0x0000000080000C48] -> 0x9E93
mem[X,0x0000000080000C4A] -> 0x00BE
[791] [M]: 0x0000000080000C48 (0x00BE9E93) slli t4, t4, 0xb
x29 <- 0x00154FD000FE8000

mem[X,0x0000000080000C4C] -> 0x8E93
mem[X,0x0000000080000C4E] -> 0x241E
[792] [M]: 0x0000000080000C4C (0x241E8E93) addi t4, t4, 0x241
x29 <- 0x00154FD000FE8241

mem[X,0x0000000080000C50] -> 0x9E93
mem[X,0x0000000080000C52] -> 0x00AE
[793] [M]: 0x0000000080000C50 (0x00AE9E93) slli t4, t4, 0xa
x29 <- 0x553F4003FA090400

mem[X,0x0000000080000C54] -> 0x8E93
mem[X,0x0000000080000C56] -> 0x0FFE
[794] [M]: 0x0000000080000C54 (0x0FFE8E93) addi t4, t4, 0xff
x29 <- 0x553F4003FA0904FF

mem[X,0x0000000080000C58] -> 0x1FBB
mem[X,0x0000000080000C5A] -> 0xBDDF
[795] [M]: 0x0000000080000C58 (0xBDDF1FBB) pdifsumau.b t6, t5, t4
x31 <- 0x8CBC50F902F55642

mem[X,0x0000000080000C5C] -> 0xBC23
mem[X,0x0000000080000C5E] -> 0x01F0
[796] [M]: 0x0000000080000C5C (0x01F0BC23) sd t6, 0x18(ra)
mem[0x0000000080004238] <- 0x8CBC50F902F55642

mem[X,0x0000000080000C60] -> 0xBF37
mem[X,0x0000000080000C62] -> 0xBFEF
[797] [M]: 0x0000000080000C60 (0xBFEFBF37) lui t5, -0x40105
x30 <- 0xFFFFFFFFBFEFB000

mem[X,0x0000000080000C64] -> 0x0F13
mem[X,0x0000000080000C66] -> 0xADFF
[798] [M]: 0x0000000080000C64 (0xADFF0F13) addi t5, t5, -0x521
x30 <- 0xFFFFFFFFBFEFAADF

mem[X,0x0000000080000C68] -> 0x1F13
mem[X,0x0000000080000C6A] -> 0x00BF
[799] [M]: 0x0000000080000C68 (0x00BF1F13) slli t5, t5, 0xb
x30 <- 0xFFFFFDFF7D56F800

clint::tick mtime <- 0x0000000000000008
 clint timer pending at mtime 0x0000000000000008
htif::tick 0x0000000000000000
mem[X,0x0000000080000C6C] -> 0x0F13
mem[X,0x0000000080000C6E] -> 0x02FF
[800] [M]: 0x0000000080000C6C (0x02FF0F13) addi t5, t5, 0x2f
x30 <- 0xFFFFFDFF7D56F82F

mem[X,0x0000000080000C70] -> 0x1F13
mem[X,0x0000000080000C72] -> 0x00BF
[801] [M]: 0x0000000080000C70 (0x00BF1F13) slli t5, t5, 0xb
x30 <- 0xFFEFFBEAB7C17800

mem[X,0x0000000080000C74] -> 0x0F13
mem[X,0x0000000080000C76] -> 0x670F
[802] [M]: 0x0000000080000C74 (0x670F0F13) addi t5, t5, 0x670
x30 <- 0xFFEFFBEAB7C17E70

mem[X,0x0000000080000C78] -> 0x1F13
mem[X,0x0000000080000C7A] -> 0x00AF
[803] [M]: 0x0000000080000C78 (0x00AF1F13) slli t5, t5, 0xa
x30 <- 0xBFEFAADF05F9C000

mem[X,0x0000000080000C7C] -> 0x0F13
mem[X,0x0000000080000C7E] -> 0x0FFF
[804] [M]: 0x0000000080000C7C (0x0FFF0F13) addi t5, t5, 0xff
x30 <- 0xBFEFAADF05F9C0FF

mem[X,0x0000000080000C80] -> 0xFEB7
mem[X,0x0000000080000C82] -> 0x05FC
[805] [M]: 0x0000000080000C80 (0x05FCFEB7) lui t4, 0x5fcf
x29 <- 0x0000000005FCF000

mem[X,0x0000000080000C84] -> 0x8E93
mem[X,0x0000000080000C86] -> 0x7F8E
[806] [M]: 0x0000000080000C84 (0x7F8E8E93) addi t4, t4, 0x7f8
x29 <- 0x0000000005FCF7F8

mem[X,0x0000000080000C88] -> 0x9E93
mem[X,0x0000000080000C8A] -> 0x00BE
[807] [M]: 0x0000000080000C88 (0x00BE9E93) slli t4, t4, 0xb
x29 <- 0x0000002FE7BFC000

mem[X,0x0000000080000C8C] -> 0x8E93
mem[X,0x0000000080000C8E] -> 0x2A8E
[808] [M]: 0x0000000080000C8C (0x2A8E8E93) addi t4, t4, 0x2a8
x29 <- 0x0000002FE7BFC2A8

mem[X,0x0000000080000C90] -> 0x9E93
mem[X,0x0000000080000C92] -> 0x00BE
[809] [M]: 0x0000000080000C90 (0x00BE9E93) slli t4, t4, 0xb
x29 <- 0x00017F3DFE154000

mem[X,0x0000000080000C94] -> 0x8E93
mem[X,0x0000000080000C96] -> 0x27FE
[810] [M]: 0x0000000080000C94 (0x27FE8E93) addi t4, t4, 0x27f
x29 <- 0x00017F3DFE15427F

mem[X,0x0000000080000C98] -> 0x9E93
mem[X,0x0000000080000C9A] -> 0x00AE
[811] [M]: 0x0000000080000C98 (0x00AE9E93) slli t4, t4, 0xa
x29 <- 0x05FCF7F85509FC00

mem[X,0x0000000080000C9C] -> 0x8E93
mem[X,0x0000000080000C9E] -> 0x3F6E
[812] [M]: 0x0000000080000C9C (0x3F6E8E93) addi t4, t4, 0x3f6
x29 <- 0x05FCF7F85509FFF6

mem[X,0x0000000080000CA0] -> 0x1FBB
mem[X,0x0000000080000CA2] -> 0xBDDF
[813] [M]: 0x0000000080000CA0 (0xBDDF1FBB) pdifsumau.b t6, t5, t4
x31 <- 0x92B948F157FF58ED

mem[X,0x0000000080000CA4] -> 0xB023
mem[X,0x0000000080000CA6] -> 0x03F0
[814] [M]: 0x0000000080000CA4 (0x03F0B023) sd t6, 0x20(ra)
mem[0x0000000080004240] <- 0x92B948F157FF58ED

mem[X,0x0000000080000CA8] -> 0x0F37
mem[X,0x0000000080000CAA] -> 0xEF07
[815] [M]: 0x0000000080000CA8 (0xEF070F37) lui t5, -0x10f90
x30 <- 0xFFFFFFFFEF070000

mem[X,0x0000000080000CAC] -> 0x0F13
mem[X,0x0000000080000CAE] -> 0xB00F
[816] [M]: 0x0000000080000CAC (0xB00F0F13) addi t5, t5, -0x500
x30 <- 0xFFFFFFFFEF06FB00

mem[X,0x0000000080000CB0] -> 0x1F13
mem[X,0x0000000080000CB2] -> 0x00BF
[817] [M]: 0x0000000080000CB0 (0x00BF1F13) slli t5, t5, 0xb
x30 <- 0xFFFFFF7837D80000

mem[X,0x0000000080000CB4] -> 0x0F13
mem[X,0x0000000080000CB6] -> 0x038F
[818] [M]: 0x0000000080000CB4 (0x038F0F13) addi t5, t5, 0x38
x30 <- 0xFFFFFF7837D80038

mem[X,0x0000000080000CB8] -> 0x1F13
mem[X,0x0000000080000CBA] -> 0x00BF
[819] [M]: 0x0000000080000CB8 (0x00BF1F13) slli t5, t5, 0xb
x30 <- 0xFFFBC1BEC001C000

mem[X,0x0000000080000CBC] -> 0x0F13
mem[X,0x0000000080000CBE] -> 0x1C2F
[820] [M]: 0x0000000080000CBC (0x1C2F0F13) addi t5, t5, 0x1c2
x30 <- 0xFFFBC1BEC001C1C2

mem[X,0x0000000080000CC0] -> 0x1F13
mem[X,0x0000000080000CC2] -> 0x00AF
[821] [M]: 0x0000000080000CC0 (0x00AF1F13) slli t5, t5, 0xa
x30 <- 0xEF06FB0007070800

mem[X,0x0000000080000CC4] -> 0x0F13
mem[X,0x0000000080000CC6] -> 0x120F
[822] [M]: 0x0000000080000CC4 (0x120F0F13) addi t5, t5, 0x120
x30 <- 0xEF06FB0007070920

mem[X,0x0000000080000CC8] -> 0xBEB7
mem[X,0x0000000080000CCA] -> 0xFB7F
[823] [M]: 0x0000000080000CC8 (0xFB7FBEB7) lui t4, -0x4805
x29 <- 0xFFFFFFFFFB7FB000

mem[X,0x0000000080000CCC] -> 0x8E93
mem[X,0x0000000080000CCE] -> 0xA20E
[824] [M]: 0x0000000080000CCC (0xA20E8E93) addi t4, t4, -0x5e0
x29 <- 0xFFFFFFFFFB7FAA20

mem[X,0x0000000080000CD0] -> 0x9E93
mem[X,0x0000000080000CD2] -> 0x00BE
[825] [M]: 0x0000000080000CD0 (0x00BE9E93) slli t4, t4, 0xb
x29 <- 0xFFFFFFDBFD510000

mem[X,0x0000000080000CD4] -> 0x8E93
mem[X,0x0000000080000CD6] -> 0x1FEE
[826] [M]: 0x0000000080000CD4 (0x1FEE8E93) addi t4, t4, 0x1fe
x29 <- 0xFFFFFFDBFD5101FE

mem[X,0x0000000080000CD8] -> 0x9E93
mem[X,0x0000000080000CDA] -> 0x00BE
[827] [M]: 0x0000000080000CD8 (0x00BE9E93) slli t4, t4, 0xb
x29 <- 0xFFFEDFEA880FF000

mem[X,0x0000000080000CDC] -> 0x8E93
mem[X,0x0000000080000CDE] -> 0x7C2E
[828] [M]: 0x0000000080000CDC (0x7C2E8E93) addi t4, t4, 0x7c2
x29 <- 0xFFFEDFEA880FF7C2

mem[X,0x0000000080000CE0] -> 0x9E93
mem[X,0x0000000080000CE2] -> 0x00AE
[829] [M]: 0x0000000080000CE0 (0x00AE9E93) slli t4, t4, 0xa
x29 <- 0xFB7FAA203FDF0800

mem[X,0x0000000080000CE4] -> 0x8E93
mem[X,0x0000000080000CE6] -> 0x0FCE
[830] [M]: 0x0000000080000CE4 (0x0FCE8E93) addi t4, t4, 0xfc
x29 <- 0xFB7FAA203FDF08FC

mem[X,0x0000000080000CE8] -> 0x1FBB
mem[X,0x0000000080000CEA] -> 0xBDDF
[831] [M]: 0x0000000080000CE8 (0xBDDF1FBB) pdifsumau.b t6, t5, t4
x31 <- 0x8E38F31197DE64CC

mem[X,0x0000000080000CEC] -> 0xB423
mem[X,0x0000000080000CEE] -> 0x03F0
[832] [M]: 0x0000000080000CEC (0x03F0B423) sd t6, 0x28(ra)
mem[0x0000000080004248] <- 0x8E38F31197DE64CC

mem[X,0x0000000080000CF0] -> 0xBF37
mem[X,0x0000000080000CF2] -> 0xF8FF
[833] [M]: 0x0000000080000CF0 (0xF8FFBF37) lui t5, -0x7005
x30 <- 0xFFFFFFFFF8FFB000

mem[X,0x0000000080000CF4] -> 0x0F13
mem[X,0x0000000080000CF6] -> 0xA05F
[834] [M]: 0x0000000080000CF4 (0xA05F0F13) addi t5, t5, -0x5fb
x30 <- 0xFFFFFFFFF8FFAA05

mem[X,0x0000000080000CF8] -> 0x1F13
mem[X,0x0000000080000CFA] -> 0x00BF
[835] [M]: 0x0000000080000CF8 (0x00BF1F13) slli t5, t5, 0xb
x30 <- 0xFFFFFFC7FD502800

mem[X,0x0000000080000CFC] -> 0x0F13
mem[X,0x0000000080000CFE] -> 0x7B4F
[836] [M]: 0x0000000080000CFC (0x7B4F0F13) addi t5, t5, 0x7b4
x30 <- 0xFFFFFFC7FD502FB4

mem[X,0x0000000080000D00] -> 0x1F13
mem[X,0x0000000080000D02] -> 0x00BF
[837] [M]: 0x0000000080000D00 (0x00BF1F13) slli t5, t5, 0xb
x30 <- 0xFFFE3FEA817DA000

mem[X,0x0000000080000D04] -> 0x0F13
mem[X,0x0000000080000D06] -> 0x000F
[838] [M]: 0x0000000080000D04 (0x000F0F13) addi t5, t5, 0x0
x30 <- 0xFFFE3FEA817DA000

mem[X,0x0000000080000D08] -> 0x1F13
mem[X,0x0000000080000D0A] -> 0x00AF
[839] [M]: 0x0000000080000D08 (0x00AF1F13) slli t5, t5, 0xa
x30 <- 0xF8FFAA05F6800000

mem[X,0x0000000080000D0C] -> 0x0F13
mem[X,0x0000000080000D0E] -> 0x2BFF
[840] [M]: 0x0000000080000D0C (0x2BFF0F13) addi t5, t5, 0x2bf
x30 <- 0xF8FFAA05F68002BF

mem[X,0x0000000080000D10] -> 0x1EB7
mem[X,0x0000000080000D12] -> 0x4000
[841] [M]: 0x0000000080000D10 (0x40001EB7) lui t4, 0x40001
x29 <- 0x0000000040001000

mem[X,0x0000000080000D14] -> 0x8E93
mem[X,0x0000000080000D16] -> 0x905E
[842] [M]: 0x0000000080000D14 (0x905E8E93) addi t4, t4, -0x6fb
x29 <- 0x0000000040000905

mem[X,0x0000000080000D18] -> 0x9E93
mem[X,0x0000000080000D1A] -> 0x00BE
[843] [M]: 0x0000000080000D18 (0x00BE9E93) slli t4, t4, 0xb
x29 <- 0x0000020000482800

mem[X,0x0000000080000D1C] -> 0x8E93
mem[X,0x0000000080000D1E] -> 0x77FE
[844] [M]: 0x0000000080000D1C (0x77FE8E93) addi t4, t4, 0x77f
x29 <- 0x0000020000482F7F

mem[X,0x0000000080000D20] -> 0x9E93
mem[X,0x0000000080000D22] -> 0x00BE
[845] [M]: 0x0000000080000D20 (0x00BE9E93) slli t4, t4, 0xb
x29 <- 0x00100002417BF800

mem[X,0x0000000080000D24] -> 0x8E93
mem[X,0x0000000080000D26] -> 0x788E
[846] [M]: 0x0000000080000D24 (0x788E8E93) addi t4, t4, 0x788
x29 <- 0x00100002417BFF88

mem[X,0x0000000080000D28] -> 0x9E93
mem[X,0x0000000080000D2A] -> 0x00AE
[847] [M]: 0x0000000080000D28 (0x00AE9E93) slli t4, t4, 0xa
x29 <- 0x40000905EFFE2000

mem[X,0x0000000080000D2C] -> 0x8E93
mem[X,0x0000000080000D2E] -> 0x005E
[848] [M]: 0x0000000080000D2C (0x005E8E93) addi t4, t4, 0x5
x29 <- 0x40000905EFFE2005

mem[X,0x0000000080000D30] -> 0x1FBB
mem[X,0x0000000080000D32] -> 0xBDDF
[849] [M]: 0x0000000080000D30 (0xBDDF1FBB) pdifsumau.b t6, t5, t4
x31 <- 0xCE38FC1787DC8886

mem[X,0x0000000080000D34] -> 0xB823
mem[X,0x0000000080000D36] -> 0x03F0
[850] [M]: 0x0000000080000D34 (0x03F0B823) sd t6, 0x30(ra)
mem[0x0000000080004250] <- 0xCE38FC1787DC8886

mem[X,0x0000000080000D38] -> 0x0F37
mem[X,0x0000000080000D3A] -> 0x05C1
[851] [M]: 0x0000000080000D38 (0x05C10F37) lui t5, 0x5c10
x30 <- 0x0000000005C10000

mem[X,0x0000000080000D3C] -> 0x0F13
mem[X,0x0000000080000D3E] -> 0x855F
[852] [M]: 0x0000000080000D3C (0x855F0F13) addi t5, t5, -0x7ab
x30 <- 0x0000000005C0F855

mem[X,0x0000000080000D40] -> 0x1F13
mem[X,0x0000000080000D42] -> 0x00BF
[853] [M]: 0x0000000080000D40 (0x00BF1F13) slli t5, t5, 0xb
x30 <- 0x0000002E07C2A800

mem[X,0x0000000080000D44] -> 0x0F13
mem[X,0x0000000080000D46] -> 0x018F
[854] [M]: 0x0000000080000D44 (0x018F0F13) addi t5, t5, 0x18
x30 <- 0x0000002E07C2A818

mem[X,0x0000000080000D48] -> 0x1F13
mem[X,0x0000000080000D4A] -> 0x00BF
[855] [M]: 0x0000000080000D48 (0x00BF1F13) slli t5, t5, 0xb
x30 <- 0x0001703E1540C000

mem[X,0x0000000080000D4C] -> 0x0F13
mem[X,0x0000000080000D4E] -> 0x240F
[856] [M]: 0x0000000080000D4C (0x240F0F13) addi t5, t5, 0x240
x30 <- 0x0001703E1540C240

mem[X,0x0000000080000D50] -> 0x1F13
mem[X,0x0000000080000D52] -> 0x00AF
[857] [M]: 0x0000000080000D50 (0x00AF1F13) slli t5, t5, 0xa
x30 <- 0x05C0F85503090000

mem[X,0x0000000080000D54] -> 0x0F13
mem[X,0x0000000080000D56] -> 0x0DFF
[858] [M]: 0x0000000080000D54 (0x0DFF0F13) addi t5, t5, 0xdf
x30 <- 0x05C0F855030900DF

mem[X,0x0000000080000D58] -> 0x1EB7
mem[X,0x0000000080000D5A] -> 0x0408
[859] [M]: 0x0000000080000D58 (0x04081EB7) lui t4, 0x4081
x29 <- 0x0000000004081000

mem[X,0x0000000080000D5C] -> 0x8E93
mem[X,0x0000000080000D5E] -> 0x9FEE
[860] [M]: 0x0000000080000D5C (0x9FEE8E93) addi t4, t4, -0x602
x29 <- 0x00000000040809FE

mem[X,0x0000000080000D60] -> 0x9E93
mem[X,0x0000000080000D62] -> 0x00BE
[861] [M]: 0x0000000080000D60 (0x00BE9E93) slli t4, t4, 0xb
x29 <- 0x00000020404FF000

mem[X,0x0000000080000D64] -> 0x8E93
mem[X,0x0000000080000D66] -> 0x000E
[862] [M]: 0x0000000080000D64 (0x000E8E93) addi t4, t4, 0x0
x29 <- 0x00000020404FF000

mem[X,0x0000000080000D68] -> 0x9E93
mem[X,0x0000000080000D6A] -> 0x00BE
[863] [M]: 0x0000000080000D68 (0x00BE9E93) slli t4, t4, 0xb
x29 <- 0x000102027F800000

mem[X,0x0000000080000D6C] -> 0x8E93
mem[X,0x0000000080000D6E] -> 0x1F7E
[864] [M]: 0x0000000080000D6C (0x1F7E8E93) addi t4, t4, 0x1f7
x29 <- 0x000102027F8001F7

mem[X,0x0000000080000D70] -> 0x9E93
mem[X,0x0000000080000D72] -> 0x00AE
[865] [M]: 0x0000000080000D70 (0x00AE9E93) slli t4, t4, 0xa
x29 <- 0x040809FE0007DC00

mem[X,0x0000000080000D74] -> 0x8E93
mem[X,0x0000000080000D76] -> 0x320E
[866] [M]: 0x0000000080000D74 (0x320E8E93) addi t4, t4, 0x320
x29 <- 0x040809FE0007DF20

mem[X,0x0000000080000D78] -> 0x1FBB
mem[X,0x0000000080000D7A] -> 0xBDDF
[867] [M]: 0x0000000080000D78 (0xBDDF1FBB) pdifsumau.b t6, t5, t4
x31 <- 0xD241061587E46B9A

mem[X,0x0000000080000D7C] -> 0xBC23
mem[X,0x0000000080000D7E] -> 0x03F0
[868] [M]: 0x0000000080000D7C (0x03F0BC23) sd t6, 0x38(ra)
mem[0x0000000080004258] <- 0xD241061587E46B9A

mem[X,0x0000000080000D80] -> 0x0F37
mem[X,0x0000000080000D82] -> 0xAAFD
[869] [M]: 0x0000000080000D80 (0xAAFD0F37) lui t5, -0x55030
x30 <- 0xFFFFFFFFAAFD0000

mem[X,0x0000000080000D84] -> 0x0F13
mem[X,0x0000000080000D86] -> 0xBFDF
[870] [M]: 0x0000000080000D84 (0xBFDF0F13) addi t5, t5, -0x403
x30 <- 0xFFFFFFFFAAFCFBFD

mem[X,0x0000000080000D88] -> 0x1F13
mem[X,0x0000000080000D8A] -> 0x00BF
[871] [M]: 0x0000000080000D88 (0x00BF1F13) slli t5, t5, 0xb
x30 <- 0xFFFFFD57E7DFE800

mem[X,0x0000000080000D8C] -> 0x0F13
mem[X,0x0000000080000D8E] -> 0x030F
[872] [M]: 0x0000000080000D8C (0x030F0F13) addi t5, t5, 0x30
x30 <- 0xFFFFFD57E7DFE830

mem[X,0x0000000080000D90] -> 0x1F13
mem[X,0x0000000080000D92] -> 0x00BF
[873] [M]: 0x0000000080000D90 (0x00BF1F13) slli t5, t5, 0xb
x30 <- 0xFFEABF3EFF418000

mem[X,0x0000000080000D94] -> 0x0F13
mem[X,0x0000000080000D96] -> 0x0BFF
[874] [M]: 0x0000000080000D94 (0x0BFF0F13) addi t5, t5, 0xbf
x30 <- 0xFFEABF3EFF4180BF

mem[X,0x0000000080000D98] -> 0x1F13
mem[X,0x0000000080000D9A] -> 0x00AF
[875] [M]: 0x0000000080000D98 (0x00AF1F13) slli t5, t5, 0xa
x30 <- 0xAAFCFBFD0602FC00

mem[X,0x0000000080000D9C] -> 0x0F13
mem[X,0x0000000080000D9E] -> 0x1F9F
[876] [M]: 0x0000000080000D9C (0x1F9F0F13) addi t5, t5, 0x1f9
x30 <- 0xAAFCFBFD0602FDF9

mem[X,0x0000000080000DA0] -> 0x0EB7
mem[X,0x0000000080000DA2] -> 0xC0FF
[877] [M]: 0x0000000080000DA0 (0xC0FF0EB7) lui t4, -0x3f010
x29 <- 0xFFFFFFFFC0FF0000

mem[X,0x0000000080000DA4] -> 0x8E93
mem[X,0x0000000080000DA6] -> 0xAF9E
[878] [M]: 0x0000000080000DA4 (0xAF9E8E93) addi t4, t4, -0x507
x29 <- 0xFFFFFFFFC0FEFAF9

mem[X,0x0000000080000DA8] -> 0x9E93
mem[X,0x0000000080000DAA] -> 0x00BE
[879] [M]: 0x0000000080000DA8 (0x00BE9E93) slli t4, t4, 0xb
x29 <- 0xFFFFFE07F7D7C800

mem[X,0x0000000080000DAC] -> 0x8E93
mem[X,0x0000000080000DAE] -> 0x402E
[880] [M]: 0x0000000080000DAC (0x402E8E93) addi t4, t4, 0x402
x29 <- 0xFFFFFE07F7D7CC02

mem[X,0x0000000080000DB0] -> 0x9E93
mem[X,0x0000000080000DB2] -> 0x00BE
[881] [M]: 0x0000000080000DB0 (0x00BE9E93) slli t4, t4, 0xb
x29 <- 0xFFF03FBEBE601000

mem[X,0x0000000080000DB4] -> 0x8E93
mem[X,0x0000000080000DB6] -> 0x540E
[882] [M]: 0x0000000080000DB4 (0x540E8E93) addi t4, t4, 0x540
x29 <- 0xFFF03FBEBE601540

mem[X,0x0000000080000DB8] -> 0x9E93
mem[X,0x0000000080000DBA] -> 0x00AE
[883] [M]: 0x0000000080000DB8 (0x00AE9E93) slli t4, t4, 0xa
x29 <- 0xC0FEFAF980550000

mem[X,0x0000000080000DBC] -> 0x8E93
mem[X,0x0000000080000DBE] -> 0x300E
[884] [M]: 0x0000000080000DBC (0x300E8E93) addi t4, t4, 0x300
x29 <- 0xC0FEFAF980550300

mem[X,0x0000000080000DC0] -> 0x1FBB
mem[X,0x0000000080000DC2] -> 0xBDDF
[885] [M]: 0x0000000080000DC0 (0xBDDF1FBB) pdifsumau.b t6, t5, t4
x31 <- 0x9340010F08397177

mem[X,0x0000000080000DC4] -> 0xB023
mem[X,0x0000000080000DC6] -> 0x05F0
[886] [M]: 0x0000000080000DC4 (0x05F0B023) sd t6, 0x40(ra)
mem[0x0000000080004260] <- 0x9340010F08397177

mem[X,0x0000000080000DC8] -> 0xBF37
mem[X,0x0000000080000DCA] -> 0x80C0
[887] [M]: 0x0000000080000DC8 (0x80C0BF37) lui t5, -0x7f3f5
x30 <- 0xFFFFFFFF80C0B000

mem[X,0x0000000080000DCC] -> 0x0F13
mem[X,0x0000000080000DCE] -> 0xAEFF
[888] [M]: 0x0000000080000DCC (0xAEFF0F13) addi t5, t5, -0x511
x30 <- 0xFFFFFFFF80C0AAEF

mem[X,0x0000000080000DD0] -> 0x1F13
mem[X,0x0000000080000DD2] -> 0x00BF
[889] [M]: 0x0000000080000DD0 (0x00BF1F13) slli t5, t5, 0xb
x30 <- 0xFFFFFC0605577800

mem[X,0x0000000080000DD4] -> 0x0F13
mem[X,0x0000000080000DD6] -> 0x005F
[890] [M]: 0x0000000080000DD4 (0x005F0F13) addi t5, t5, 0x5
x30 <- 0xFFFFFC0605577805

mem[X,0x0000000080000DD8] -> 0x1F13
mem[X,0x0000000080000DDA] -> 0x00BF
[891] [M]: 0x0000000080000DD8 (0x00BF1F13) slli t5, t5, 0xb
x30 <- 0xFFE0302ABBC02800

mem[X,0x0000000080000DDC] -> 0x0F13
mem[X,0x0000000080000DDE] -> 0x295F
[892] [M]: 0x0000000080000DDC (0x295F0F13) addi t5, t5, 0x295
x30 <- 0xFFE0302ABBC02A95

mem[X,0x0000000080000DE0] -> 0x1F13
mem[X,0x0000000080000DE2] -> 0x00AF
[893] [M]: 0x0000000080000DE0 (0x00AF1F13) slli t5, t5, 0xa
x30 <- 0x80C0AAEF00AA5400

mem[X,0x0000000080000DE4] -> 0x0F13
mem[X,0x0000000080000DE6] -> 0x1F7F
[894] [M]: 0x0000000080000DE4 (0x1F7F0F13) addi t5, t5, 0x1f7
x30 <- 0x80C0AAEF00AA55F7

mem[X,0x0000000080000DE8] -> 0x0EB7
mem[X,0x0000000080000DEA] -> 0x40FB
[895] [M]: 0x0000000080000DE8 (0x40FB0EB7) lui t4, 0x40fb0
x29 <- 0x0000000040FB0000

mem[X,0x0000000080000DEC] -> 0x8E93
mem[X,0x0000000080000DEE] -> 0x7F8E
[896] [M]: 0x0000000080000DEC (0x7F8E8E93) addi t4, t4, 0x7f8
x29 <- 0x0000000040FB07F8

mem[X,0x0000000080000DF0] -> 0x9E93
mem[X,0x0000000080000DF2] -> 0x00BE
[897] [M]: 0x0000000080000DF0 (0x00BE9E93) slli t4, t4, 0xb
x29 <- 0x00000207D83FC000

mem[X,0x0000000080000DF4] -> 0x8E93
mem[X,0x0000000080000DF6] -> 0x7B1E
[898] [M]: 0x0000000080000DF4 (0x7B1E8E93) addi t4, t4, 0x7b1
x29 <- 0x00000207D83FC7B1

mem[X,0x0000000080000DF8] -> 0x9E93
mem[X,0x0000000080000DFA] -> 0x00BE
[899] [M]: 0x0000000080000DF8 (0x00BE9E93) slli t4, t4, 0xb
x29 <- 0x00103EC1FE3D8800

clint::tick mtime <- 0x0000000000000009
 clint timer pending at mtime 0x0000000000000009
htif::tick 0x0000000000000000
mem[X,0x0000000080000DFC] -> 0x8E93
mem[X,0x0000000080000DFE] -> 0x03BE
[900] [M]: 0x0000000080000DFC (0x03BE8E93) addi t4, t4, 0x3b
x29 <- 0x00103EC1FE3D883B

mem[X,0x0000000080000E00] -> 0x9E93
mem[X,0x0000000080000E02] -> 0x00AE
[901] [M]: 0x0000000080000E00 (0x00AE9E93) slli t4, t4, 0xa
x29 <- 0x40FB07F8F620EC00

mem[X,0x0000000080000E04] -> 0x8E93
mem[X,0x0000000080000E06] -> 0x3EFE
[902] [M]: 0x0000000080000E04 (0x3EFE8E93) addi t4, t4, 0x3ef
x29 <- 0x40FB07F8F620EFEF

mem[X,0x0000000080000E08] -> 0x1FBB
mem[X,0x0000000080000E0A] -> 0xBDDF
[903] [M]: 0x0000000080000E08 (0xBDDF1FBB) pdifsumau.b t6, t5, t4
x31 <- 0xD43B0907FE5A64AF

mem[X,0x0000000080000E0C] -> 0xB423
mem[X,0x0000000080000E0E] -> 0x05F0
[904] [M]: 0x0000000080000E0C (0x05F0B423) sd t6, 0x48(ra)
mem[0x0000000080004268] <- 0xD43B0907FE5A64AF

mem[X,0x0000000080000E10] -> 0x0F37
mem[X,0x0000000080000E12] -> 0xF60A
[905] [M]: 0x0000000080000E10 (0xF60A0F37) lui t5, -0x9f60
x30 <- 0xFFFFFFFFF60A0000

mem[X,0x0000000080000E14] -> 0x0F13
mem[X,0x0000000080000E16] -> 0xBC0F
[906] [M]: 0x0000000080000E14 (0xBC0F0F13) addi t5, t5, -0x440
x30 <- 0xFFFFFFFFF609FBC0

mem[X,0x0000000080000E18] -> 0x1F13
mem[X,0x0000000080000E1A] -> 0x00BF
[907] [M]: 0x0000000080000E18 (0x00BF1F13) slli t5, t5, 0xb
x30 <- 0xFFFFFFB04FDE0000

mem[X,0x0000000080000E1C] -> 0x0F13
mem[X,0x0000000080000E1E] -> 0x7F8F
[908] [M]: 0x0000000080000E1C (0x7F8F0F13) addi t5, t5, 0x7f8
x30 <- 0xFFFFFFB04FDE07F8

mem[X,0x0000000080000E20] -> 0x1F13
mem[X,0x0000000080000E22] -> 0x00BF
[909] [M]: 0x0000000080000E20 (0x00BF1F13) slli t5, t5, 0xb
x30 <- 0xFFFD827EF03FC000

mem[X,0x0000000080000E24] -> 0x0F13
mem[X,0x0000000080000E26] -> 0x277F
[910] [M]: 0x0000000080000E24 (0x277F0F13) addi t5, t5, 0x277
x30 <- 0xFFFD827EF03FC277

mem[X,0x0000000080000E28] -> 0x1F13
mem[X,0x0000000080000E2A] -> 0x00AF
[911] [M]: 0x0000000080000E28 (0x00AF1F13) slli t5, t5, 0xa
x30 <- 0xF609FBC0FF09DC00

mem[X,0x0000000080000E2C] -> 0x0F13
mem[X,0x0000000080000E2E] -> 0x309F
[912] [M]: 0x0000000080000E2C (0x309F0F13) addi t5, t5, 0x309
x30 <- 0xF609FBC0FF09DF09

mem[X,0x0000000080000E30] -> 0x0EB7
mem[X,0x0000000080000E32] -> 0x10F0
[913] [M]: 0x0000000080000E30 (0x10F00EB7) lui t4, 0x10f00
x29 <- 0x0000000010F00000

mem[X,0x0000000080000E34] -> 0x8E93
mem[X,0x0000000080000E36] -> 0xAFEE
[914] [M]: 0x0000000080000E34 (0xAFEE8E93) addi t4, t4, -0x502
x29 <- 0x0000000010EFFAFE

mem[X,0x0000000080000E38] -> 0x9E93
mem[X,0x0000000080000E3A] -> 0x00BE
[915] [M]: 0x0000000080000E38 (0x00BE9E93) slli t4, t4, 0xb
x29 <- 0x000000877FD7F000

mem[X,0x0000000080000E3C] -> 0x8E93
mem[X,0x0000000080000E3E] -> 0x00EE
[916] [M]: 0x0000000080000E3C (0x00EE8E93) addi t4, t4, 0xe
x29 <- 0x000000877FD7F00E

mem[X,0x0000000080000E40] -> 0x9E93
mem[X,0x0000000080000E42] -> 0x00BE
[917] [M]: 0x0000000080000E40 (0x00BE9E93) slli t4, t4, 0xb
x29 <- 0x00043BFEBF807000

mem[X,0x0000000080000E44] -> 0x8E93
mem[X,0x0000000080000E46] -> 0x7FFE
[918] [M]: 0x0000000080000E44 (0x7FFE8E93) addi t4, t4, 0x7ff
x29 <- 0x00043BFEBF8077FF

mem[X,0x0000000080000E48] -> 0x9E93
mem[X,0x0000000080000E4A] -> 0x00AE
[919] [M]: 0x0000000080000E48 (0x00AE9E93) slli t4, t4, 0xa
x29 <- 0x10EFFAFE01DFFC00

mem[X,0x0000000080000E4C] -> 0x8E93
mem[X,0x0000000080000E4E] -> 0x2EFE
[920] [M]: 0x0000000080000E4C (0x2EFE8E93) addi t4, t4, 0x2ef
x29 <- 0x10EFFAFE01DFFEEF

mem[X,0x0000000080000E50] -> 0x1FBB
mem[X,0x0000000080000E52] -> 0xBDDF
[921] [M]: 0x0000000080000E50 (0xBDDF1FBB) pdifsumau.b t6, t5, t4
x31 <- 0xE52B0406003A6882

mem[X,0x0000000080000E54] -> 0xB823
mem[X,0x0000000080000E56] -> 0x05F0
[922] [M]: 0x0000000080000E54 (0x05F0B823) sd t6, 0x50(ra)
mem[0x0000000080004270] <- 0xE52B0406003A6882

mem[X,0x0000000080000E58] -> 0x0F37
mem[X,0x0000000080000E5A] -> 0xF901
[923] [M]: 0x0000000080000E58 (0xF9010F37) lui t5, -0x6ff0
x30 <- 0xFFFFFFFFF9010000

mem[X,0x0000000080000E5C] -> 0x0F13
mem[X,0x0000000080000E5E] -> 0x8FDF
[924] [M]: 0x0000000080000E5C (0x8FDF0F13) addi t5, t5, -0x703
x30 <- 0xFFFFFFFFF900F8FD

mem[X,0x0000000080000E60] -> 0x1F13
mem[X,0x0000000080000E62] -> 0x00BF
[925] [M]: 0x0000000080000E60 (0x00BF1F13) slli t5, t5, 0xb
x30 <- 0xFFFFFFC807C7E800

mem[X,0x0000000080000E64] -> 0x0F13
mem[X,0x0000000080000E66] -> 0x1FCF
[926] [M]: 0x0000000080000E64 (0x1FCF0F13) addi t5, t5, 0x1fc
x30 <- 0xFFFFFFC807C7E9FC

mem[X,0x0000000080000E68] -> 0x1F13
mem[X,0x0000000080000E6A] -> 0x00BF
[927] [M]: 0x0000000080000E68 (0x00BF1F13) slli t5, t5, 0xb
x30 <- 0xFFFE403E3F4FE000

mem[X,0x0000000080000E6C] -> 0x0F13
mem[X,0x0000000080000E6E] -> 0x03DF
[928] [M]: 0x0000000080000E6C (0x03DF0F13) addi t5, t5, 0x3d
x30 <- 0xFFFE403E3F4FE03D

mem[X,0x0000000080000E70] -> 0x1F13
mem[X,0x0000000080000E72] -> 0x00AF
[929] [M]: 0x0000000080000E70 (0x00AF1F13) slli t5, t5, 0xa
x30 <- 0xF900F8FD3F80F400

mem[X,0x0000000080000E74] -> 0x0F13
mem[X,0x0000000080000E76] -> 0x3F9F
[930] [M]: 0x0000000080000E74 (0x3F9F0F13) addi t5, t5, 0x3f9
x30 <- 0xF900F8FD3F80F7F9

mem[X,0x0000000080000E78] -> 0x0EB7
mem[X,0x0000000080000E7A] -> 0x80BF
[931] [M]: 0x0000000080000E78 (0x80BF0EB7) lui t4, -0x7f410
x29 <- 0xFFFFFFFF80BF0000

mem[X,0x0000000080000E7C] -> 0x8E93
mem[X,0x0000000080000E7E] -> 0x6F9E
[932] [M]: 0x0000000080000E7C (0x6F9E8E93) addi t4, t4, 0x6f9
x29 <- 0xFFFFFFFF80BF06F9

mem[X,0x0000000080000E80] -> 0x9E93
mem[X,0x0000000080000E82] -> 0x00BE
[933] [M]: 0x0000000080000E80 (0x00BE9E93) slli t4, t4, 0xb
x29 <- 0xFFFFFC05F837C800

mem[X,0x0000000080000E84] -> 0x8E93
mem[X,0x0000000080000E86] -> 0x7D7E
[934] [M]: 0x0000000080000E84 (0x7D7E8E93) addi t4, t4, 0x7d7
x29 <- 0xFFFFFC05F837CFD7

mem[X,0x0000000080000E88] -> 0x9E93
mem[X,0x0000000080000E8A] -> 0x00BE
[935] [M]: 0x0000000080000E88 (0x00BE9E93) slli t4, t4, 0xb
x29 <- 0xFFE02FC1BE7EB800

mem[X,0x0000000080000E8C] -> 0x8E93
mem[X,0x0000000080000E8E] -> 0x6AAE
[936] [M]: 0x0000000080000E8C (0x6AAE8E93) addi t4, t4, 0x6aa
x29 <- 0xFFE02FC1BE7EBEAA

mem[X,0x0000000080000E90] -> 0x9E93
mem[X,0x0000000080000E92] -> 0x00AE
[937] [M]: 0x0000000080000E90 (0x00AE9E93) slli t4, t4, 0xa
x29 <- 0x80BF06F9FAFAA800

mem[X,0x0000000080000E94] -> 0x8E93
mem[X,0x0000000080000E96] -> 0x2FFE
[938] [M]: 0x0000000080000E94 (0x2FFE8E93) addi t4, t4, 0x2ff
x29 <- 0x80BF06F9FAFAAAFF

mem[X,0x0000000080000E98] -> 0x1FBB
mem[X,0x0000000080000E9A] -> 0xBDDF
[939] [M]: 0x0000000080000E98 (0xBDDF1FBB) pdifsumau.b t6, t5, t4
x31 <- 0x65EA0AFFFB351737

mem[X,0x0000000080000E9C] -> 0xBC23
mem[X,0x0000000080000E9E] -> 0x05F0
[940] [M]: 0x0000000080000E9C (0x05F0BC23) sd t6, 0x58(ra)
mem[0x0000000080004278] <- 0x65EA0AFFFB351737

mem[X,0x0000000080000EA0] -> 0xFF37
mem[X,0x0000000080000EA2] -> 0xFB05
[941] [M]: 0x0000000080000EA0 (0xFB05FF37) lui t5, -0x4fa1
x30 <- 0xFFFFFFFFFB05F000

mem[X,0x0000000080000EA4] -> 0x0F13
mem[X,0x0000000080000EA6] -> 0x6FBF
[942] [M]: 0x0000000080000EA4 (0x6FBF0F13) addi t5, t5, 0x6fb
x30 <- 0xFFFFFFFFFB05F6FB

mem[X,0x0000000080000EA8] -> 0x1F13
mem[X,0x0000000080000EAA] -> 0x00BF
[943] [M]: 0x0000000080000EA8 (0x00BF1F13) slli t5, t5, 0xb
x30 <- 0xFFFFFFD82FB7D800

mem[X,0x0000000080000EAC] -> 0x0F13
mem[X,0x0000000080000EAE] -> 0x7BFF
[944] [M]: 0x0000000080000EAC (0x7BFF0F13) addi t5, t5, 0x7bf
x30 <- 0xFFFFFFD82FB7DFBF

mem[X,0x0000000080000EB0] -> 0x1F13
mem[X,0x0000000080000EB2] -> 0x00BF
[945] [M]: 0x0000000080000EB0 (0x00BF1F13) slli t5, t5, 0xb
x30 <- 0xFFFEC17DBEFDF800

mem[X,0x0000000080000EB4] -> 0x0F13
mem[X,0x0000000080000EB6] -> 0x62AF
[946] [M]: 0x0000000080000EB4 (0x62AF0F13) addi t5, t5, 0x62a
x30 <- 0xFFFEC17DBEFDFE2A

mem[X,0x0000000080000EB8] -> 0x1F13
mem[X,0x0000000080000EBA] -> 0x00AF
[947] [M]: 0x0000000080000EB8 (0x00AF1F13) slli t5, t5, 0xa
x30 <- 0xFB05F6FBF7F8A800

mem[X,0x0000000080000EBC] -> 0x0F13
mem[X,0x0000000080000EBE] -> 0x2F8F
[948] [M]: 0x0000000080000EBC (0x2F8F0F13) addi t5, t5, 0x2f8
x30 <- 0xFB05F6FBF7F8AAF8

mem[X,0x0000000080000EC0] -> 0x0EB7
mem[X,0x0000000080000EC2] -> 0xEF55
[949] [M]: 0x0000000080000EC0 (0xEF550EB7) lui t4, -0x10ab0
x29 <- 0xFFFFFFFFEF550000

mem[X,0x0000000080000EC4] -> 0x8E93
mem[X,0x0000000080000EC6] -> 0x6FDE
[950] [M]: 0x0000000080000EC4 (0x6FDE8E93) addi t4, t4, 0x6fd
x29 <- 0xFFFFFFFFEF5506FD

mem[X,0x0000000080000EC8] -> 0x9E93
mem[X,0x0000000080000ECA] -> 0x00BE
[951] [M]: 0x0000000080000EC8 (0x00BE9E93) slli t4, t4, 0xb
x29 <- 0xFFFFFF7AA837E800

mem[X,0x0000000080000ECC] -> 0x8E93
mem[X,0x0000000080000ECE] -> 0x038E
[952] [M]: 0x0000000080000ECC (0x038E8E93) addi t4, t4, 0x38
x29 <- 0xFFFFFF7AA837E838

mem[X,0x0000000080000ED0] -> 0x9E93
mem[X,0x0000000080000ED2] -> 0x00BE
[953] [M]: 0x0000000080000ED0 (0x00BE9E93) slli t4, t4, 0xb
x29 <- 0xFFFBD541BF41C000

mem[X,0x0000000080000ED4] -> 0x8E93
mem[X,0x0000000080000ED6] -> 0x182E
[954] [M]: 0x0000000080000ED4 (0x182E8E93) addi t4, t4, 0x182
x29 <- 0xFFFBD541BF41C182

mem[X,0x0000000080000ED8] -> 0x9E93
mem[X,0x0000000080000EDA] -> 0x00AE
[955] [M]: 0x0000000080000ED8 (0x00AE9E93) slli t4, t4, 0xa
x29 <- 0xEF5506FD07060800

mem[X,0x0000000080000EDC] -> 0x8E93
mem[X,0x0000000080000EDE] -> 0x180E
[956] [M]: 0x0000000080000EDC (0x180E8E93) addi t4, t4, 0x180
x29 <- 0xEF5506FD07060980

mem[X,0x0000000080000EE0] -> 0x1FBB
mem[X,0x0000000080000EE2] -> 0xBDDF
[957] [M]: 0x0000000080000EE0 (0xBDDF1FBB) pdifsumau.b t6, t5, t4
x31 <- 0x553F11FD023B2500

mem[X,0x0000000080000EE4] -> 0xB023
mem[X,0x0000000080000EE6] -> 0x07F0
[958] [M]: 0x0000000080000EE4 (0x07F0B023) sd t6, 0x60(ra)
mem[0x0000000080004280] <- 0x553F11FD023B2500

mem[X,0x0000000080000EE8] -> 0x0F37
mem[X,0x0000000080000EEA] -> 0xFDFE
[959] [M]: 0x0000000080000EE8 (0xFDFE0F37) lui t5, -0x2020
x30 <- 0xFFFFFFFFFDFE0000

mem[X,0x0000000080000EEC] -> 0x0F13
mem[X,0x0000000080000EEE] -> 0x003F
[960] [M]: 0x0000000080000EEC (0x003F0F13) addi t5, t5, 0x3
x30 <- 0xFFFFFFFFFDFE0003

mem[X,0x0000000080000EF0] -> 0x1F13
mem[X,0x0000000080000EF2] -> 0x00BF
[961] [M]: 0x0000000080000EF0 (0x00BF1F13) slli t5, t5, 0xb
x30 <- 0xFFFFFFEFF0001800

mem[X,0x0000000080000EF4] -> 0x0F13
mem[X,0x0000000080000EF6] -> 0x100F
[962] [M]: 0x0000000080000EF4 (0x100F0F13) addi t5, t5, 0x100
x30 <- 0xFFFFFFEFF0001900

mem[X,0x0000000080000EF8] -> 0x1F13
mem[X,0x0000000080000EFA] -> 0x00BF
[963] [M]: 0x0000000080000EF8 (0x00BF1F13) slli t5, t5, 0xb
x30 <- 0xFFFF7F8000C80000

mem[X,0x0000000080000EFC] -> 0x0F13
mem[X,0x0000000080000EFE] -> 0x040F
[964] [M]: 0x0000000080000EFC (0x040F0F13) addi t5, t5, 0x40
x30 <- 0xFFFF7F8000C80040

mem[X,0x0000000080000F00] -> 0x1F13
mem[X,0x0000000080000F02] -> 0x00AF
[965] [M]: 0x0000000080000F00 (0x00AF1F13) slli t5, t5, 0xa
x30 <- 0xFDFE000320010000

mem[X,0x0000000080000F04] -> 0x0F13
mem[X,0x0000000080000F06] -> 0x1EFF
[966] [M]: 0x0000000080000F04 (0x1EFF0F13) addi t5, t5, 0x1ef
x30 <- 0xFDFE0003200101EF

mem[X,0x0000000080000F08] -> 0x0EB7
mem[X,0x0000000080000F0A] -> 0x08FA
[967] [M]: 0x0000000080000F08 (0x08FA0EB7) lui t4, 0x8fa0
x29 <- 0x0000000008FA0000

mem[X,0x0000000080000F0C] -> 0x8E93
mem[X,0x0000000080000F0E] -> 0xFAAE
[968] [M]: 0x0000000080000F0C (0xFAAE8E93) addi t4, t4, -0x56
x29 <- 0x0000000008F9FFAA

mem[X,0x0000000080000F10] -> 0x9E93
mem[X,0x0000000080000F12] -> 0x00BE
[969] [M]: 0x0000000080000F10 (0x00BE9E93) slli t4, t4, 0xb
x29 <- 0x00000047CFFD5000

mem[X,0x0000000080000F14] -> 0x8E93
mem[X,0x0000000080000F16] -> 0x7F0E
[970] [M]: 0x0000000080000F14 (0x7F0E8E93) addi t4, t4, 0x7f0
x29 <- 0x00000047CFFD57F0

mem[X,0x0000000080000F18] -> 0x9E93
mem[X,0x0000000080000F1A] -> 0x00BE
[971] [M]: 0x0000000080000F18 (0x00BE9E93) slli t4, t4, 0xb
x29 <- 0x00023E7FEABF8000

mem[X,0x0000000080000F1C] -> 0x8E93
mem[X,0x0000000080000F1E] -> 0x115E
[972] [M]: 0x0000000080000F1C (0x115E8E93) addi t4, t4, 0x115
x29 <- 0x00023E7FEABF8115

mem[X,0x0000000080000F20] -> 0x9E93
mem[X,0x0000000080000F22] -> 0x00AE
[973] [M]: 0x0000000080000F20 (0x00AE9E93) slli t4, t4, 0xa
x29 <- 0x08F9FFAAFE045400

mem[X,0x0000000080000F24] -> 0x8E93
mem[X,0x0000000080000F26] -> 0x140E
[974] [M]: 0x0000000080000F24 (0x140E8E93) addi t4, t4, 0x140
x29 <- 0x08F9FFAAFE045540

mem[X,0x0000000080000F28] -> 0x1FBB
mem[X,0x0000000080000F2A] -> 0xBDDF
[975] [M]: 0x0000000080000F28 (0xBDDF1FBB) pdifsumau.b t6, t5, t4
x31 <- 0x5E3911A8003F7EC4

mem[X,0x0000000080000F2C] -> 0xB423
mem[X,0x0000000080000F2E] -> 0x07F0
[976] [M]: 0x0000000080000F2C (0x07F0B423) sd t6, 0x68(ra)
mem[0x0000000080004288] <- 0x5E3911A8003F7EC4

mem[X,0x0000000080000F30] -> 0xFF37
mem[X,0x0000000080000F32] -> 0xC020
[977] [M]: 0x0000000080000F30 (0xC020FF37) lui t5, -0x3fdf1
x30 <- 0xFFFFFFFFC020F000

mem[X,0x0000000080000F34] -> 0x0F13
mem[X,0x0000000080000F36] -> 0x707F
[978] [M]: 0x0000000080000F34 (0x707F0F13) addi t5, t5, 0x707
x30 <- 0xFFFFFFFFC020F707

mem[X,0x0000000080000F38] -> 0x1F13
mem[X,0x0000000080000F3A] -> 0x00BF
[979] [M]: 0x0000000080000F38 (0x00BF1F13) slli t5, t5, 0xb
x30 <- 0xFFFFFE0107B83800

mem[X,0x0000000080000F3C] -> 0x0F13
mem[X,0x0000000080000F3E] -> 0x778F
[980] [M]: 0x0000000080000F3C (0x778F0F13) addi t5, t5, 0x778
x30 <- 0xFFFFFE0107B83F78

mem[X,0x0000000080000F40] -> 0x1F13
mem[X,0x0000000080000F42] -> 0x00BF
[981] [M]: 0x0000000080000F40 (0x00BF1F13) slli t5, t5, 0xb
x30 <- 0xFFF0083DC1FBC000

mem[X,0x0000000080000F44] -> 0x0F13
mem[X,0x0000000080000F46] -> 0x1C0F
[982] [M]: 0x0000000080000F44 (0x1C0F0F13) addi t5, t5, 0x1c0
x30 <- 0xFFF0083DC1FBC1C0

mem[X,0x0000000080000F48] -> 0x1F13
mem[X,0x0000000080000F4A] -> 0x00AF
[983] [M]: 0x0000000080000F48 (0x00AF1F13) slli t5, t5, 0xa
x30 <- 0xC020F707EF070000

mem[X,0x0000000080000F4C] -> 0x0F13
mem[X,0x0000000080000F4E] -> 0x0F7F
[984] [M]: 0x0000000080000F4C (0x0F7F0F13) addi t5, t5, 0xf7
x30 <- 0xC020F707EF0700F7

mem[X,0x0000000080000F50] -> 0x8EB7
mem[X,0x0000000080000F52] -> 0xF9FF
[985] [M]: 0x0000000080000F50 (0xF9FF8EB7) lui t4, -0x6008
x29 <- 0xFFFFFFFFF9FF8000

mem[X,0x0000000080000F54] -> 0x8E93
mem[X,0x0000000080000F56] -> 0x006E
[986] [M]: 0x0000000080000F54 (0x006E8E93) addi t4, t4, 0x6
x29 <- 0xFFFFFFFFF9FF8006

mem[X,0x0000000080000F58] -> 0x9E93
mem[X,0x0000000080000F5A] -> 0x00BE
[987] [M]: 0x0000000080000F58 (0x00BE9E93) slli t4, t4, 0xb
x29 <- 0xFFFFFFCFFC003000

mem[X,0x0000000080000F5C] -> 0x8E93
mem[X,0x0000000080000F5E] -> 0x7F1E
[988] [M]: 0x0000000080000F5C (0x7F1E8E93) addi t4, t4, 0x7f1
x29 <- 0xFFFFFFCFFC0037F1

mem[X,0x0000000080000F60] -> 0x9E93
mem[X,0x0000000080000F62] -> 0x00BE
[989] [M]: 0x0000000080000F60 (0x00BE9E93) slli t4, t4, 0xb
x29 <- 0xFFFE7FE001BF8800

mem[X,0x0000000080000F64] -> 0x8E93
mem[X,0x0000000080000F66] -> 0x001E
[990] [M]: 0x0000000080000F64 (0x001E8E93) addi t4, t4, 0x1
x29 <- 0xFFFE7FE001BF8801

mem[X,0x0000000080000F68] -> 0x9E93
mem[X,0x0000000080000F6A] -> 0x00AE
[991] [M]: 0x0000000080000F68 (0x00AE9E93) slli t4, t4, 0xa
x29 <- 0xF9FF8006FE200400

mem[X,0x0000000080000F6C] -> 0x8E93
mem[X,0x0000000080000F6E] -> 0x3DFE
[992] [M]: 0x0000000080000F6C (0x3DFE8E93) addi t4, t4, 0x3df
x29 <- 0xF9FF8006FE2007DF

mem[X,0x0000000080000F70] -> 0x1FBB
mem[X,0x0000000080000F72] -> 0xBDDF
[993] [M]: 0x0000000080000F70 (0xBDDF1FBB) pdifsumau.b t6, t5, t4
x31 <- 0x583891AEFE5F887A

mem[X,0x0000000080000F74] -> 0xB823
mem[X,0x0000000080000F76] -> 0x07F0
[994] [M]: 0x0000000080000F74 (0x07F0B823) sd t6, 0x70(ra)
mem[0x0000000080004290] <- 0x583891AEFE5F887A

mem[X,0x0000000080000F78] -> 0x5F37
mem[X,0x0000000080000F7A] -> 0x0104
[995] [M]: 0x0000000080000F78 (0x01045F37) lui t5, 0x1045
x30 <- 0x0000000001045000

mem[X,0x0000000080000F7C] -> 0x0F13
mem[X,0x0000000080000F7E] -> 0x5DFF
[996] [M]: 0x0000000080000F7C (0x5DFF0F13) addi t5, t5, 0x5df
x30 <- 0x00000000010455DF

mem[X,0x0000000080000F80] -> 0x1F13
mem[X,0x0000000080000F82] -> 0x00BF
[997] [M]: 0x0000000080000F80 (0x00BF1F13) slli t5, t5, 0xb
x30 <- 0x0000000822AEF800

mem[X,0x0000000080000F84] -> 0x0F13
mem[X,0x0000000080000F86] -> 0x010F
[998] [M]: 0x0000000080000F84 (0x010F0F13) addi t5, t5, 0x10
x30 <- 0x0000000822AEF810

mem[X,0x0000000080000F88] -> 0x1F13
mem[X,0x0000000080000F8A] -> 0x00BF
[999] [M]: 0x0000000080000F88 (0x00BF1F13) slli t5, t5, 0xb
x30 <- 0x0000411577C08000

clint::tick mtime <- 0x000000000000000A
 clint timer pending at mtime 0x000000000000000A
htif::tick 0x0000000000000000
mem[X,0x0000000080000F8C] -> 0x0F13
mem[X,0x0000000080000F8E] -> 0x05FF
[1000] [M]: 0x0000000080000F8C (0x05FF0F13) addi t5, t5, 0x5f
x30 <- 0x0000411577C0805F

mem[X,0x0000000080000F90] -> 0x1F13
mem[X,0x0000000080000F92] -> 0x00AF
[1001] [M]: 0x0000000080000F90 (0x00AF1F13) slli t5, t5, 0xa
x30 <- 0x010455DF02017C00

mem[X,0x0000000080000F94] -> 0x0F13
mem[X,0x0000000080000F96] -> 0x300F
[1002] [M]: 0x0000000080000F94 (0x300F0F13) addi t5, t5, 0x300
x30 <- 0x010455DF02017F00

mem[X,0x0000000080000F98] -> 0x8EB7
mem[X,0x0000000080000F9A] -> 0xFEF7
[1003] [M]: 0x0000000080000F98 (0xFEF78EB7) lui t4, -0x1088
x29 <- 0xFFFFFFFFFEF78000

mem[X,0x0000000080000F9C] -> 0x8E93
mem[X,0x0000000080000F9E] -> 0x0FDE
[1004] [M]: 0x0000000080000F9C (0x0FDE8E93) addi t4, t4, 0xfd
x29 <- 0xFFFFFFFFFEF780FD

mem[X,0x0000000080000FA0] -> 0x9E93
mem[X,0x0000000080000FA2] -> 0x00BE
[1005] [M]: 0x0000000080000FA0 (0x00BE9E93) slli t4, t4, 0xb
x29 <- 0xFFFFFFF7BC07E800

mem[X,0x0000000080000FA4] -> 0x8E93
mem[X,0x0000000080000FA6] -> 0x082E
[1006] [M]: 0x0000000080000FA4 (0x082E8E93) addi t4, t4, 0x82
x29 <- 0xFFFFFFF7BC07E882

mem[X,0x0000000080000FA8] -> 0x9E93
mem[X,0x0000000080000FAA] -> 0x00BE
[1007] [M]: 0x0000000080000FA8 (0x00BE9E93) slli t4, t4, 0xb
x29 <- 0xFFFFBDE03F441000

mem[X,0x0000000080000FAC] -> 0x8E93
mem[X,0x0000000080000FAE] -> 0x02FE
[1008] [M]: 0x0000000080000FAC (0x02FE8E93) addi t4, t4, 0x2f
x29 <- 0xFFFFBDE03F44102F

mem[X,0x0000000080000FB0] -> 0x9E93
mem[X,0x0000000080000FB2] -> 0x00AE
[1009] [M]: 0x0000000080000FB0 (0x00AE9E93) slli t4, t4, 0xa
x29 <- 0xFEF780FD1040BC00

mem[X,0x0000000080000FB4] -> 0x8E93
mem[X,0x0000000080000FB6] -> 0x302E
[1010] [M]: 0x0000000080000FB4 (0x302E8E93) addi t4, t4, 0x302
x29 <- 0xFEF780FD1040BF02

mem[X,0x0000000080000FB8] -> 0x1FBB
mem[X,0x0000000080000FBA] -> 0xBDDF
[1011] [M]: 0x0000000080000FB8 (0xBDDF1FBB) pdifsumau.b t6, t5, t4
x31 <- 0x573012AC0EA04A44

mem[X,0x0000000080000FBC] -> 0xBC23
mem[X,0x0000000080000FBE] -> 0x07F0
[1012] [M]: 0x0000000080000FBC (0x07F0BC23) sd t6, 0x78(ra)
mem[0x0000000080004298] <- 0x573012AC0EA04A44

mem[X,0x0000000080000FC0] -> 0x0F37
mem[X,0x0000000080000FC2] -> 0x4055
[1013] [M]: 0x0000000080000FC0 (0x40550F37) lui t5, 0x40550
x30 <- 0x0000000040550000

mem[X,0x0000000080000FC4] -> 0x0F13
mem[X,0x0000000080000FC6] -> 0x609F
[1014] [M]: 0x0000000080000FC4 (0x609F0F13) addi t5, t5, 0x609
x30 <- 0x0000000040550609

mem[X,0x0000000080000FC8] -> 0x1F13
mem[X,0x0000000080000FCA] -> 0x00BF
[1015] [M]: 0x0000000080000FC8 (0x00BF1F13) slli t5, t5, 0xb
x30 <- 0x00000202A8304800

mem[X,0x0000000080000FCC] -> 0x0F13
mem[X,0x0000000080000FCE] -> 0x400F
[1016] [M]: 0x0000000080000FCC (0x400F0F13) addi t5, t5, 0x400
x30 <- 0x00000202A8304C00

mem[X,0x0000000080000FD0] -> 0x1F13
mem[X,0x0000000080000FD2] -> 0x00BF
[1017] [M]: 0x0000000080000FD0 (0x00BF1F13) slli t5, t5, 0xb
x30 <- 0x0010154182600000

mem[X,0x0000000080000FD4] -> 0x0F13
mem[X,0x0000000080000FD6] -> 0x140F
[1018] [M]: 0x0000000080000FD4 (0x140F0F13) addi t5, t5, 0x140
x30 <- 0x0010154182600140

mem[X,0x0000000080000FD8] -> 0x1F13
mem[X,0x0000000080000FDA] -> 0x00AF
[1019] [M]: 0x0000000080000FD8 (0x00AF1F13) slli t5, t5, 0xa
x30 <- 0x4055060980050000

mem[X,0x0000000080000FDC] -> 0x0F13
mem[X,0x0000000080000FDE] -> 0x204F
[1020] [M]: 0x0000000080000FDC (0x204F0F13) addi t5, t5, 0x204
x30 <- 0x4055060980050204

mem[X,0x0000000080000FE0] -> 0x0EB7
mem[X,0x0000000080000FE2] -> 0xF609
[1021] [M]: 0x0000000080000FE0 (0xF6090EB7) lui t4, -0x9f70
x29 <- 0xFFFFFFFFF6090000

mem[X,0x0000000080000FE4] -> 0x8E93
mem[X,0x0000000080000FE6] -> 0xCF8E
[1022] [M]: 0x0000000080000FE4 (0xCF8E8E93) addi t4, t4, -0x308
x29 <- 0xFFFFFFFFF608FCF8

mem[X,0x0000000080000FE8] -> 0x9E93
mem[X,0x0000000080000FEA] -> 0x00BE
[1023] [M]: 0x0000000080000FE8 (0x00BE9E93) slli t4, t4, 0xb
x29 <- 0xFFFFFFB047E7C000

mem[X,0x0000000080000FEC] -> 0x8E93
mem[X,0x0000000080000FEE] -> 0x7DDE
[1024] [M]: 0x0000000080000FEC (0x7DDE8E93) addi t4, t4, 0x7dd
x29 <- 0xFFFFFFB047E7C7DD

mem[X,0x0000000080000FF0] -> 0x9E93
mem[X,0x0000000080000FF2] -> 0x00BE
[1025] [M]: 0x0000000080000FF0 (0x00BE9E93) slli t4, t4, 0xb
x29 <- 0xFFFD823F3E3EE800

mem[X,0x0000000080000FF4] -> 0x8E93
mem[X,0x0000000080000FF6] -> 0x7C0E
[1026] [M]: 0x0000000080000FF4 (0x7C0E8E93) addi t4, t4, 0x7c0
x29 <- 0xFFFD823F3E3EEFC0

mem[X,0x0000000080000FF8] -> 0x9E93
mem[X,0x0000000080000FFA] -> 0x00AE
[1027] [M]: 0x0000000080000FF8 (0x00AE9E93) slli t4, t4, 0xa
x29 <- 0xF608FCF8FBBF0000

mem[X,0x0000000080000FFC] -> 0x8E93
mem[X,0x0000000080000FFE] -> 0x005E
[1028] [M]: 0x0000000080000FFC (0x005E8E93) addi t4, t4, 0x5
x29 <- 0xF608FCF8FBBF0005

mem[X,0x0000000080001000] -> 0x1FBB
mem[X,0x0000000080001002] -> 0xBDDF
[1029] [M]: 0x0000000080001000 (0xBDDF1FBB) pdifsumau.b t6, t5, t4
x31 <- 0x4D390FA50A5F4E69

mem[X,0x0000000080001004] -> 0xB023
mem[X,0x0000000080001006] -> 0x09F0
[1030] [M]: 0x0000000080001004 (0x09F0B023) sd t6, 0x80(ra)
mem[0x00000000800042A0] <- 0x4D390FA50A5F4E69

mem[X,0x0000000080001008] -> 0xFF37
mem[X,0x000000008000100A] -> 0xDF40
[1031] [M]: 0x0000000080001008 (0xDF40FF37) lui t5, -0x20bf1
x30 <- 0xFFFFFFFFDF40F000

mem[X,0x000000008000100C] -> 0x0F13
mem[X,0x000000008000100E] -> 0x755F
[1032] [M]: 0x000000008000100C (0x755F0F13) addi t5, t5, 0x755
x30 <- 0xFFFFFFFFDF40F755

mem[X,0x0000000080001010] -> 0x1F13
mem[X,0x0000000080001012] -> 0x00BF
[1033] [M]: 0x0000000080001010 (0x00BF1F13) slli t5, t5, 0xb
x30 <- 0xFFFFFEFA07BAA800

mem[X,0x0000000080001014] -> 0x0F13
mem[X,0x0000000080001016] -> 0x7B0F
[1034] [M]: 0x0000000080001014 (0x7B0F0F13) addi t5, t5, 0x7b0
x30 <- 0xFFFFFEFA07BAAFB0

mem[X,0x0000000080001018] -> 0x1F13
mem[X,0x000000008000101A] -> 0x00BF
[1035] [M]: 0x0000000080001018 (0x00BF1F13) slli t5, t5, 0xb
x30 <- 0xFFF7D03DD57D8000

mem[X,0x000000008000101C] -> 0x0F13
mem[X,0x000000008000101E] -> 0x002F
[1036] [M]: 0x000000008000101C (0x002F0F13) addi t5, t5, 0x2
x30 <- 0xFFF7D03DD57D8002

mem[X,0x0000000080001020] -> 0x1F13
mem[X,0x0000000080001022] -> 0x00AF
[1037] [M]: 0x0000000080001020 (0x00AF1F13) slli t5, t5, 0xa
x30 <- 0xDF40F755F6000800

mem[X,0x0000000080001024] -> 0x0F13
mem[X,0x0000000080001026] -> 0x100F
[1038] [M]: 0x0000000080001024 (0x100F0F13) addi t5, t5, 0x100
x30 <- 0xDF40F755F6000900

mem[X,0x0000000080001028] -> 0x8EB7
mem[X,0x000000008000102A] -> 0x3FBF
[1039] [M]: 0x0000000080001028 (0x3FBF8EB7) lui t4, 0x3fbf8
x29 <- 0x000000003FBF8000

mem[X,0x000000008000102C] -> 0x8E93
mem[X,0x000000008000102E] -> 0xF55E
[1040] [M]: 0x000000008000102C (0xF55E8E93) addi t4, t4, -0xab
x29 <- 0x000000003FBF7F55

mem[X,0x0000000080001030] -> 0x9E93
mem[X,0x0000000080001032] -> 0x00BE
[1041] [M]: 0x0000000080001030 (0x00BE9E93) slli t4, t4, 0xb
x29 <- 0x000001FDFBFAA800

mem[X,0x0000000080001034] -> 0x8E93
mem[X,0x0000000080001036] -> 0x7EFE
[1042] [M]: 0x0000000080001034 (0x7EFE8E93) addi t4, t4, 0x7ef
x29 <- 0x000001FDFBFAAFEF

mem[X,0x0000000080001038] -> 0x9E93
mem[X,0x000000008000103A] -> 0x00BE
[1043] [M]: 0x0000000080001038 (0x00BE9E93) slli t4, t4, 0xb
x29 <- 0x000FEFDFD57F7800

mem[X,0x000000008000103C] -> 0x8E93
mem[X,0x000000008000103E] -> 0x601E
[1044] [M]: 0x000000008000103C (0x601E8E93) addi t4, t4, 0x601
x29 <- 0x000FEFDFD57F7E01

mem[X,0x0000000080001040] -> 0x9E93
mem[X,0x0000000080001042] -> 0x00AE
[1045] [M]: 0x0000000080001040 (0x00AE9E93) slli t4, t4, 0xa
x29 <- 0x3FBF7F55FDF80400

mem[X,0x0000000080001044] -> 0x8E93
mem[X,0x0000000080001046] -> 0x1BFE
[1046] [M]: 0x0000000080001044 (0x1BFE8E93) addi t4, t4, 0x1bf
x29 <- 0x3FBF7F55FDF805BF

mem[X,0x0000000080001048] -> 0x1FBB
mem[X,0x000000008000104A] -> 0xBDDF
[1047] [M]: 0x0000000080001048 (0xBDDF1FBB) pdifsumau.b t6, t5, t4
x31 <- 0x8CF88EFB08575781

mem[X,0x000000008000104C] -> 0xB423
mem[X,0x000000008000104E] -> 0x09F0
[1048] [M]: 0x000000008000104C (0x09F0B423) sd t6, 0x88(ra)
mem[0x00000000800042A8] <- 0x8CF88EFB08575781

mem[X,0x0000000080001050] -> 0x0F37
mem[X,0x0000000080001052] -> 0xFAF8
[1049] [M]: 0x0000000080001050 (0xFAF80F37) lui t5, -0x5080
x30 <- 0xFFFFFFFFFAF80000

mem[X,0x0000000080001054] -> 0x0F13
mem[X,0x0000000080001056] -> 0x63FF
[1050] [M]: 0x0000000080001054 (0x63FF0F13) addi t5, t5, 0x63f
x30 <- 0xFFFFFFFFFAF8063F

mem[X,0x0000000080001058] -> 0x1F13
mem[X,0x000000008000105A] -> 0x00BF
[1051] [M]: 0x0000000080001058 (0x00BF1F13) slli t5, t5, 0xb
x30 <- 0xFFFFFFD7C031F800

mem[X,0x000000008000105C] -> 0x0F13
mem[X,0x000000008000105E] -> 0x1FFF
[1052] [M]: 0x000000008000105C (0x1FFF0F13) addi t5, t5, 0x1ff
x30 <- 0xFFFFFFD7C031F9FF

mem[X,0x0000000080001060] -> 0x1F13
mem[X,0x0000000080001062] -> 0x00BF
[1053] [M]: 0x0000000080001060 (0x00BF1F13) slli t5, t5, 0xb
x30 <- 0xFFFEBE018FCFF800

mem[X,0x0000000080001064] -> 0x0F13
mem[X,0x0000000080001066] -> 0x670F
[1054] [M]: 0x0000000080001064 (0x670F0F13) addi t5, t5, 0x670
x30 <- 0xFFFEBE018FCFFE70

mem[X,0x0000000080001068] -> 0x1F13
mem[X,0x000000008000106A] -> 0x00AF
[1055] [M]: 0x0000000080001068 (0x00AF1F13) slli t5, t5, 0xa
x30 <- 0xFAF8063F3FF9C000

mem[X,0x000000008000106C] -> 0x0F13
mem[X,0x000000008000106E] -> 0x0FCF
[1056] [M]: 0x000000008000106C (0x0FCF0F13) addi t5, t5, 0xfc
x30 <- 0xFAF8063F3FF9C0FC

mem[X,0x0000000080001070] -> 0x0EB7
mem[X,0x0000000080001072] -> 0x0501
[1057] [M]: 0x0000000080001070 (0x05010EB7) lui t4, 0x5010
x29 <- 0x0000000005010000

mem[X,0x0000000080001074] -> 0x8E93
mem[X,0x0000000080001076] -> 0xCBFE
[1058] [M]: 0x0000000080001074 (0xCBFE8E93) addi t4, t4, -0x341
x29 <- 0x000000000500FCBF

mem[X,0x0000000080001078] -> 0x9E93
mem[X,0x000000008000107A] -> 0x00BE
[1059] [M]: 0x0000000080001078 (0x00BE9E93) slli t4, t4, 0xb
x29 <- 0x0000002807E5F800

mem[X,0x000000008000107C] -> 0x8E93
mem[X,0x000000008000107E] -> 0x010E
[1060] [M]: 0x000000008000107C (0x010E8E93) addi t4, t4, 0x10
x29 <- 0x0000002807E5F810

mem[X,0x0000000080001080] -> 0x9E93
mem[X,0x0000000080001082] -> 0x00BE
[1061] [M]: 0x0000000080001080 (0x00BE9E93) slli t4, t4, 0xb
x29 <- 0x0001403F2FC08000

mem[X,0x0000000080001084] -> 0x8E93
mem[X,0x0000000080001086] -> 0x141E
[1062] [M]: 0x0000000080001084 (0x141E8E93) addi t4, t4, 0x141
x29 <- 0x0001403F2FC08141

mem[X,0x0000000080001088] -> 0x9E93
mem[X,0x000000008000108A] -> 0x00AE
[1063] [M]: 0x0000000080001088 (0x00AE9E93) slli t4, t4, 0xa
x29 <- 0x0500FCBF02050400

mem[X,0x000000008000108C] -> 0x8E93
mem[X,0x000000008000108E] -> 0x07FE
[1064] [M]: 0x000000008000108C (0x07FE8E93) addi t4, t4, 0x7f
x29 <- 0x0500FCBF0205047F

mem[X,0x0000000080001090] -> 0x1FBB
mem[X,0x0000000080001092] -> 0xBDDF
[1065] [M]: 0x0000000080001090 (0xBDDF1FBB) pdifsumau.b t6, t5, t4
x31 <- 0x91F98BBA0A5C61CD

mem[X,0x0000000080001094] -> 0xB823
mem[X,0x0000000080001096] -> 0x09F0
[1066] [M]: 0x0000000080001094 (0x09F0B823) sd t6, 0x90(ra)
mem[0x00000000800042B0] <- 0x91F98BBA0A5C61CD

mem[X,0x0000000080001098] -> 0x0F37
mem[X,0x000000008000109A] -> 0x0355
[1067] [M]: 0x0000000080001098 (0x03550F37) lui t5, 0x3550
x30 <- 0x0000000003550000

mem[X,0x000000008000109C] -> 0x0F13
mem[X,0x000000008000109E] -> 0x4F7F
[1068] [M]: 0x000000008000109C (0x4F7F0F13) addi t5, t5, 0x4f7
x30 <- 0x00000000035504F7

mem[X,0x00000000800010A0] -> 0x1F13
mem[X,0x00000000800010A2] -> 0x00BF
[1069] [M]: 0x00000000800010A0 (0x00BF1F13) slli t5, t5, 0xb
x30 <- 0x0000001AA827B800

mem[X,0x00000000800010A4] -> 0x0F13
mem[X,0x00000000800010A6] -> 0x039F
[1070] [M]: 0x00000000800010A4 (0x039F0F13) addi t5, t5, 0x39
x30 <- 0x0000001AA827B839

mem[X,0x00000000800010A8] -> 0x1F13
mem[X,0x00000000800010AA] -> 0x00BF
[1071] [M]: 0x00000000800010A8 (0x00BF1F13) slli t5, t5, 0xb
x30 <- 0x0000D5413DC1C800

mem[X,0x00000000800010AC] -> 0x0F13
mem[X,0x00000000800010AE] -> 0x7C2F
[1072] [M]: 0x00000000800010AC (0x7C2F0F13) addi t5, t5, 0x7c2
x30 <- 0x0000D5413DC1CFC2

mem[X,0x00000000800010B0] -> 0x1F13
mem[X,0x00000000800010B2] -> 0x00AF
[1073] [M]: 0x00000000800010B0 (0x00AF1F13) slli t5, t5, 0xa
x30 <- 0x035504F7073F0800

mem[X,0x00000000800010B4] -> 0x0F13
mem[X,0x00000000800010B6] -> 0x0BFF
[1074] [M]: 0x00000000800010B4 (0x0BFF0F13) addi t5, t5, 0xbf
x30 <- 0x035504F7073F08BF

mem[X,0x00000000800010B8] -> 0x0EB7
mem[X,0x00000000800010BA] -> 0x0510
[1075] [M]: 0x00000000800010B8 (0x05100EB7) lui t4, 0x5100
x29 <- 0x0000000005100000

mem[X,0x00000000800010BC] -> 0x8E93
mem[X,0x00000000800010BE] -> 0x420E
[1076] [M]: 0x00000000800010BC (0x420E8E93) addi t4, t4, 0x420
x29 <- 0x0000000005100420

mem[X,0x00000000800010C0] -> 0x9E93
mem[X,0x00000000800010C2] -> 0x00BE
[1077] [M]: 0x00000000800010C0 (0x00BE9E93) slli t4, t4, 0xb
x29 <- 0x0000002880210000

mem[X,0x00000000800010C4] -> 0x8E93
mem[X,0x00000000800010C6] -> 0x7D8E
[1078] [M]: 0x00000000800010C4 (0x7D8E8E93) addi t4, t4, 0x7d8
x29 <- 0x00000028802107D8

mem[X,0x00000000800010C8] -> 0x9E93
mem[X,0x00000000800010CA] -> 0x00BE
[1079] [M]: 0x00000000800010C8 (0x00BE9E93) slli t4, t4, 0xb
x29 <- 0x00014401083EC000

mem[X,0x00000000800010CC] -> 0x8E93
mem[X,0x00000000800010CE] -> 0x07EE
[1080] [M]: 0x00000000800010CC (0x07EE8E93) addi t4, t4, 0x7e
x29 <- 0x00014401083EC07E

mem[X,0x00000000800010D0] -> 0x9E93
mem[X,0x00000000800010D2] -> 0x00AE
[1081] [M]: 0x00000000800010D0 (0x00AE9E93) slli t4, t4, 0xa
x29 <- 0x05100420FB01F800

mem[X,0x00000000800010D4] -> 0x8E93
mem[X,0x00000000800010D6] -> 0x304E
[1082] [M]: 0x00000000800010D4 (0x304E8E93) addi t4, t4, 0x304
x29 <- 0x05100420FB01FB04

mem[X,0x00000000800010D8] -> 0x1FBB
mem[X,0x00000000800010DA] -> 0xBDDF
[1083] [M]: 0x00000000800010D8 (0xBDDF1FBB) pdifsumau.b t6, t5, t4
x31 <- 0x97098FDB055E60CF

mem[X,0x00000000800010DC] -> 0xBC23
mem[X,0x00000000800010DE] -> 0x09F0
[1084] [M]: 0x00000000800010DC (0x09F0BC23) sd t6, 0x98(ra)
mem[0x00000000800042B8] <- 0x97098FDB055E60CF

mem[X,0x00000000800010E0] -> 0x0F37
mem[X,0x00000000800010E2] -> 0xF811
[1085] [M]: 0x00000000800010E0 (0xF8110F37) lui t5, -0x7ef0
x30 <- 0xFFFFFFFFF8110000

mem[X,0x00000000800010E4] -> 0x0F13
mem[X,0x00000000800010E6] -> 0xC20F
[1086] [M]: 0x00000000800010E4 (0xC20F0F13) addi t5, t5, -0x3e0
x30 <- 0xFFFFFFFFF810FC20

mem[X,0x00000000800010E8] -> 0x1F13
mem[X,0x00000000800010EA] -> 0x00BF
[1087] [M]: 0x00000000800010E8 (0x00BF1F13) slli t5, t5, 0xb
x30 <- 0xFFFFFFC087E10000

mem[X,0x00000000800010EC] -> 0x0F13
mem[X,0x00000000800010EE] -> 0x037F
[1088] [M]: 0x00000000800010EC (0x037F0F13) addi t5, t5, 0x37
x30 <- 0xFFFFFFC087E10037

mem[X,0x00000000800010F0] -> 0x1F13
mem[X,0x00000000800010F2] -> 0x00BF
[1089] [M]: 0x00000000800010F0 (0x00BF1F13) slli t5, t5, 0xb
x30 <- 0xFFFE043F0801B800

mem[X,0x00000000800010F4] -> 0x0F13
mem[X,0x00000000800010F6] -> 0x780F
[1090] [M]: 0x00000000800010F4 (0x780F0F13) addi t5, t5, 0x780
x30 <- 0xFFFE043F0801BF80

mem[X,0x00000000800010F8] -> 0x1F13
mem[X,0x00000000800010FA] -> 0x00AF
[1091] [M]: 0x00000000800010F8 (0x00AF1F13) slli t5, t5, 0xa
x30 <- 0xF810FC2006FE0000

mem[X,0x00000000800010FC] -> 0x0F13
mem[X,0x00000000800010FE] -> 0x3DFF
[1092] [M]: 0x00000000800010FC (0x3DFF0F13) addi t5, t5, 0x3df
x30 <- 0xF810FC2006FE03DF

mem[X,0x0000000080001100] -> 0x0EB7
mem[X,0x0000000080001102] -> 0x02AA
[1093] [M]: 0x0000000080001100 (0x02AA0EB7) lui t4, 0x2aa0
x29 <- 0x0000000002AA0000

mem[X,0x0000000080001104] -> 0x8E93
mem[X,0x0000000080001106] -> 0x309E
[1094] [M]: 0x0000000080001104 (0x309E8E93) addi t4, t4, 0x309
x29 <- 0x0000000002AA0309

mem[X,0x0000000080001108] -> 0x9E93
mem[X,0x000000008000110A] -> 0x00BE
[1095] [M]: 0x0000000080001108 (0x00BE9E93) slli t4, t4, 0xb
x29 <- 0x0000001550184800

mem[X,0x000000008000110C] -> 0x8E93
mem[X,0x000000008000110E] -> 0x7B4E
[1096] [M]: 0x000000008000110C (0x7B4E8E93) addi t4, t4, 0x7b4
x29 <- 0x0000001550184FB4

mem[X,0x0000000080001110] -> 0x9E93
mem[X,0x0000000080001112] -> 0x00BE
[1097] [M]: 0x0000000080001110 (0x00BE9E93) slli t4, t4, 0xb
x29 <- 0x0000AA80C27DA000

mem[X,0x0000000080001114] -> 0x8E93
mem[X,0x0000000080001116] -> 0x000E
[1098] [M]: 0x0000000080001114 (0x000E8E93) addi t4, t4, 0x0
x29 <- 0x0000AA80C27DA000

mem[X,0x0000000080001118] -> 0x9E93
mem[X,0x000000008000111A] -> 0x00AE
[1099] [M]: 0x0000000080001118 (0x00AE9E93) slli t4, t4, 0xa
x29 <- 0x02AA0309F6800000

clint::tick mtime <- 0x000000000000000B
 clint timer pending at mtime 0x000000000000000B
htif::tick 0x0000000000000000
mem[X,0x000000008000111C] -> 0x8E93
mem[X,0x000000008000111E] -> 0x140E
[1100] [M]: 0x000000008000111C (0x140E8E93) addi t4, t4, 0x140
x29 <- 0x02AA0309F6800140

mem[X,0x0000000080001120] -> 0x1FBB
mem[X,0x0000000080001122] -> 0xBDDF
[1101] [M]: 0x0000000080001120 (0xBDDF1FBB) pdifsumau.b t6, t5, t4
x31 <- 0x99B392E4FBDE66BE

mem[X,0x0000000080001124] -> 0xB023
mem[X,0x0000000080001126] -> 0x0BF0
[1102] [M]: 0x0000000080001124 (0x0BF0B023) sd t6, 0xa0(ra)
mem[0x00000000800042C0] <- 0x99B392E4FBDE66BE

mem[X,0x0000000080001128] -> 0xEF37
mem[X,0x000000008000112A] -> 0x5508
[1103] [M]: 0x0000000080001128 (0x5508EF37) lui t5, 0x5508e
x30 <- 0x000000005508E000

mem[X,0x000000008000112C] -> 0x0F13
mem[X,0x000000008000112E] -> 0xFFCF
[1104] [M]: 0x000000008000112C (0xFFCF0F13) addi t5, t5, -0x4
x30 <- 0x000000005508DFFC

mem[X,0x0000000080001130] -> 0x1F13
mem[X,0x0000000080001132] -> 0x00BF
[1105] [M]: 0x0000000080001130 (0x00BF1F13) slli t5, t5, 0xb
x30 <- 0x000002A846FFE000

mem[X,0x0000000080001134] -> 0x0F13
mem[X,0x0000000080001136] -> 0x017F
[1106] [M]: 0x0000000080001134 (0x017F0F13) addi t5, t5, 0x17
x30 <- 0x000002A846FFE017

mem[X,0x0000000080001138] -> 0x1F13
mem[X,0x000000008000113A] -> 0x00BF
[1107] [M]: 0x0000000080001138 (0x00BF1F13) slli t5, t5, 0xb
x30 <- 0x00154237FF00B800

mem[X,0x000000008000113C] -> 0x0F13
mem[X,0x000000008000113E] -> 0x7B7F
[1108] [M]: 0x000000008000113C (0x7B7F0F13) addi t5, t5, 0x7b7
x30 <- 0x00154237FF00BFB7

mem[X,0x0000000080001140] -> 0x1F13
mem[X,0x0000000080001142] -> 0x00AF
[1109] [M]: 0x0000000080001140 (0x00AF1F13) slli t5, t5, 0xa
x30 <- 0x5508DFFC02FEDC00

mem[X,0x0000000080001144] -> 0x0F13
mem[X,0x0000000080001146] -> 0x3F7F
[1110] [M]: 0x0000000080001144 (0x3F7F0F13) addi t5, t5, 0x3f7
x30 <- 0x5508DFFC02FEDFF7

mem[X,0x0000000080001148] -> 0x0EB7
mem[X,0x000000008000114A] -> 0xEF41
[1111] [M]: 0x0000000080001148 (0xEF410EB7) lui t4, -0x10bf0
x29 <- 0xFFFFFFFFEF410000

mem[X,0x000000008000114C] -> 0x8E93
mem[X,0x000000008000114E] -> 0xF09E
[1112] [M]: 0x000000008000114C (0xF09E8E93) addi t4, t4, -0xf7
x29 <- 0xFFFFFFFFEF40FF09

mem[X,0x0000000080001150] -> 0x9E93
mem[X,0x0000000080001152] -> 0x00BE
[1113] [M]: 0x0000000080001150 (0x00BE9E93) slli t4, t4, 0xb
x29 <- 0xFFFFFF7A07F84800

mem[X,0x0000000080001154] -> 0x8E93
mem[X,0x0000000080001156] -> 0x010E
[1114] [M]: 0x0000000080001154 (0x010E8E93) addi t4, t4, 0x10
x29 <- 0xFFFFFF7A07F84810

mem[X,0x0000000080001158] -> 0x9E93
mem[X,0x000000008000115A] -> 0x00BE
[1115] [M]: 0x0000000080001158 (0x00BE9E93) slli t4, t4, 0xb
x29 <- 0xFFFBD03FC2408000

mem[X,0x000000008000115C] -> 0x8E93
mem[X,0x000000008000115E] -> 0x02AE
[1116] [M]: 0x000000008000115C (0x02AE8E93) addi t4, t4, 0x2a
x29 <- 0xFFFBD03FC240802A

mem[X,0x0000000080001160] -> 0x9E93
mem[X,0x0000000080001162] -> 0x00AE
[1117] [M]: 0x0000000080001160 (0x00AE9E93) slli t4, t4, 0xa
x29 <- 0xEF40FF090200A800

mem[X,0x0000000080001164] -> 0x8E93
mem[X,0x0000000080001166] -> 0x2FEE
[1118] [M]: 0x0000000080001164 (0x2FEE8E93) addi t4, t4, 0x2fe
x29 <- 0xEF40FF090200AAFE

mem[X,0x0000000080001168] -> 0x1FBB
mem[X,0x000000008000116A] -> 0xBDDF
[1119] [M]: 0x0000000080001168 (0xBDDF1FBB) pdifsumau.b t6, t5, t4
x31 <- 0x88F491EDFDDF14DB

mem[X,0x000000008000116C] -> 0xB423
mem[X,0x000000008000116E] -> 0x0BF0
[1120] [M]: 0x000000008000116C (0x0BF0B423) sd t6, 0xa8(ra)
mem[0x00000000800042C8] <- 0x88F491EDFDDF14DB

mem[X,0x0000000080001170] -> 0x4F37
mem[X,0x0000000080001172] -> 0x09FF
[1121] [M]: 0x0000000080001170 (0x09FF4F37) lui t5, 0x9ff4
x30 <- 0x0000000009FF4000

mem[X,0x0000000080001174] -> 0x0F13
mem[X,0x0000000080001176] -> 0x0AAF
[1122] [M]: 0x0000000080001174 (0x0AAF0F13) addi t5, t5, 0xaa
x30 <- 0x0000000009FF40AA

mem[X,0x0000000080001178] -> 0x1F13
mem[X,0x000000008000117A] -> 0x00BF
[1123] [M]: 0x0000000080001178 (0x00BF1F13) slli t5, t5, 0xb
x30 <- 0x0000004FFA055000

mem[X,0x000000008000117C] -> 0x0F13
mem[X,0x000000008000117E] -> 0x01BF
[1124] [M]: 0x000000008000117C (0x01BF0F13) addi t5, t5, 0x1b
x30 <- 0x0000004FFA05501B

mem[X,0x0000000080001180] -> 0x1F13
mem[X,0x0000000080001182] -> 0x00BF
[1125] [M]: 0x0000000080001180 (0x00BF1F13) slli t5, t5, 0xb
x30 <- 0x00027FD02A80D800

mem[X,0x0000000080001184] -> 0x0F13
mem[X,0x0000000080001186] -> 0x7F7F
[1126] [M]: 0x0000000080001184 (0x7F7F0F13) addi t5, t5, 0x7f7
x30 <- 0x00027FD02A80DFF7

mem[X,0x0000000080001188] -> 0x1F13
mem[X,0x000000008000118A] -> 0x00AF
[1127] [M]: 0x0000000080001188 (0x00AF1F13) slli t5, t5, 0xa
x30 <- 0x09FF40AA037FDC00

mem[X,0x000000008000118C] -> 0x0F13
mem[X,0x000000008000118E] -> 0x3FFF
[1128] [M]: 0x000000008000118C (0x3FFF0F13) addi t5, t5, 0x3ff
x30 <- 0x09FF40AA037FDFFF

mem[X,0x0000000080001190] -> 0x0EB7
mem[X,0x0000000080001192] -> 0xFF81
[1129] [M]: 0x0000000080001190 (0xFF810EB7) lui t4, -0x7f0
x29 <- 0xFFFFFFFFFF810000

mem[X,0x0000000080001194] -> 0x8E93
mem[X,0x0000000080001196] -> 0xF10E
[1130] [M]: 0x0000000080001194 (0xF10E8E93) addi t4, t4, -0xf0
x29 <- 0xFFFFFFFFFF80FF10

mem[X,0x0000000080001198] -> 0x9E93
mem[X,0x000000008000119A] -> 0x00BE
[1131] [M]: 0x0000000080001198 (0x00BE9E93) slli t4, t4, 0xb
x29 <- 0xFFFFFFFC07F88000

mem[X,0x000000008000119C] -> 0x8E93
mem[X,0x000000008000119E] -> 0x407E
[1132] [M]: 0x000000008000119C (0x407E8E93) addi t4, t4, 0x407
x29 <- 0xFFFFFFFC07F88407

mem[X,0x00000000800011A0] -> 0x9E93
mem[X,0x00000000800011A2] -> 0x00BE
[1133] [M]: 0x00000000800011A0 (0x00BE9E93) slli t4, t4, 0xb
x29 <- 0xFFFFE03FC4203800

mem[X,0x00000000800011A4] -> 0x8E93
mem[X,0x00000000800011A6] -> 0x6BEE
[1134] [M]: 0x00000000800011A4 (0x6BEE8E93) addi t4, t4, 0x6be
x29 <- 0xFFFFE03FC4203EBE

mem[X,0x00000000800011A8] -> 0x9E93
mem[X,0x00000000800011AA] -> 0x00AE
[1135] [M]: 0x00000000800011A8 (0x00AE9E93) slli t4, t4, 0xa
x29 <- 0xFF80FF1080FAF800

mem[X,0x00000000800011AC] -> 0x8E93
mem[X,0x00000000800011AE] -> 0x0F9E
[1136] [M]: 0x00000000800011AC (0x0F9E8E93) addi t4, t4, 0xf9
x29 <- 0xFF80FF1080FAF8F9

mem[X,0x00000000800011B0] -> 0x1FBB
mem[X,0x00000000800011B2] -> 0xBDDF
[1137] [M]: 0x00000000800011B0 (0xBDDF1FBB) pdifsumau.b t6, t5, t4
x31 <- 0x887590FE7EDA11B9

mem[X,0x00000000800011B4] -> 0xB823
mem[X,0x00000000800011B6] -> 0x0BF0
[1138] [M]: 0x00000000800011B4 (0x0BF0B823) sd t6, 0xb0(ra)
mem[0x00000000800042D0] <- 0x887590FE7EDA11B9

mem[X,0x00000000800011B8] -> 0x0F37
mem[X,0x00000000800011BA] -> 0xF9FA
[1139] [M]: 0x00000000800011B8 (0xF9FA0F37) lui t5, -0x6060
x30 <- 0xFFFFFFFFF9FA0000

mem[X,0x00000000800011BC] -> 0x0F13
mem[X,0x00000000800011BE] -> 0x609F
[1140] [M]: 0x00000000800011BC (0x609F0F13) addi t5, t5, 0x609
x30 <- 0xFFFFFFFFF9FA0609

mem[X,0x00000000800011C0] -> 0x1F13
mem[X,0x00000000800011C2] -> 0x00BF
[1141] [M]: 0x00000000800011C0 (0x00BF1F13) slli t5, t5, 0xb
x30 <- 0xFFFFFFCFD0304800

mem[X,0x00000000800011C4] -> 0x0F13
mem[X,0x00000000800011C6] -> 0x7CFF
[1142] [M]: 0x00000000800011C4 (0x7CFF0F13) addi t5, t5, 0x7cf
x30 <- 0xFFFFFFCFD0304FCF

mem[X,0x00000000800011C8] -> 0x1F13
mem[X,0x00000000800011CA] -> 0x00BF
[1143] [M]: 0x00000000800011C8 (0x00BF1F13) slli t5, t5, 0xb
x30 <- 0xFFFE7E81827E7800

mem[X,0x00000000800011CC] -> 0x0F13
mem[X,0x00000000800011CE] -> 0x5FFF
[1144] [M]: 0x00000000800011CC (0x5FFF0F13) addi t5, t5, 0x5ff
x30 <- 0xFFFE7E81827E7DFF

mem[X,0x00000000800011D0] -> 0x1F13
mem[X,0x00000000800011D2] -> 0x00AF
[1145] [M]: 0x00000000800011D0 (0x00AF1F13) slli t5, t5, 0xa
x30 <- 0xF9FA0609F9F7FC00

mem[X,0x00000000800011D4] -> 0x0F13
mem[X,0x00000000800011D6] -> 0x1F6F
[1146] [M]: 0x00000000800011D4 (0x1F6F0F13) addi t5, t5, 0x1f6
x30 <- 0xF9FA0609F9F7FDF6

mem[X,0x00000000800011D8] -> 0xCEB7
mem[X,0x00000000800011DA] -> 0x3FFA
[1147] [M]: 0x00000000800011D8 (0x3FFACEB7) lui t4, 0x3ffac
x29 <- 0x000000003FFAC000

mem[X,0x00000000800011DC] -> 0x8E93
mem[X,0x00000000800011DE] -> 0x0AAE
[1148] [M]: 0x00000000800011DC (0x0AAE8E93) addi t4, t4, 0xaa
x29 <- 0x000000003FFAC0AA

mem[X,0x00000000800011E0] -> 0x9E93
mem[X,0x00000000800011E2] -> 0x00BE
[1149] [M]: 0x00000000800011E0 (0x00BE9E93) slli t4, t4, 0xb
x29 <- 0x000001FFD6055000

mem[X,0x00000000800011E4] -> 0x8E93
mem[X,0x00000000800011E6] -> 0x2AFE
[1150] [M]: 0x00000000800011E4 (0x2AFE8E93) addi t4, t4, 0x2af
x29 <- 0x000001FFD60552AF

mem[X,0x00000000800011E8] -> 0x9E93
mem[X,0x00000000800011EA] -> 0x00BE
[1151] [M]: 0x00000000800011E8 (0x00BE9E93) slli t4, t4, 0xb
x29 <- 0x000FFEB02A957800

mem[X,0x00000000800011EC] -> 0x8E93
mem[X,0x00000000800011EE] -> 0x7B7E
[1152] [M]: 0x00000000800011EC (0x7B7E8E93) addi t4, t4, 0x7b7
x29 <- 0x000FFEB02A957FB7

mem[X,0x00000000800011F0] -> 0x9E93
mem[X,0x00000000800011F2] -> 0x00AE
[1153] [M]: 0x00000000800011F0 (0x00AE9E93) slli t4, t4, 0xa
x29 <- 0x3FFAC0AA55FEDC00

mem[X,0x00000000800011F4] -> 0x8E93
mem[X,0x00000000800011F6] -> 0x304E
[1154] [M]: 0x00000000800011F4 (0x304E8E93) addi t4, t4, 0x304
x29 <- 0x3FFAC0AA55FEDF04

mem[X,0x00000000800011F8] -> 0x1FBB
mem[X,0x00000000800011FA] -> 0xBDDF
[1155] [M]: 0x00000000800011F8 (0xBDDF1FBB) pdifsumau.b t6, t5, t4
x31 <- 0xC87051A8D4D8F48D

mem[X,0x00000000800011FC] -> 0xBC23
mem[X,0x00000000800011FE] -> 0x0BF0
[1156] [M]: 0x00000000800011FC (0x0BF0BC23) sd t6, 0xb8(ra)
mem[0x00000000800042D8] <- 0xC87051A8D4D8F48D

mem[X,0x0000000080001200] -> 0x1F37
mem[X,0x0000000080001202] -> 0xFB55
[1157] [M]: 0x0000000080001200 (0xFB551F37) lui t5, -0x4aaf
x30 <- 0xFFFFFFFFFB551000

mem[X,0x0000000080001204] -> 0x0F13
mem[X,0x0000000080001206] -> 0x080F
[1158] [M]: 0x0000000080001204 (0x080F0F13) addi t5, t5, 0x80
x30 <- 0xFFFFFFFFFB551080

mem[X,0x0000000080001208] -> 0x1F13
mem[X,0x000000008000120A] -> 0x00BF
[1159] [M]: 0x0000000080001208 (0x00BF1F13) slli t5, t5, 0xb
x30 <- 0xFFFFFFDAA8840000

mem[X,0x000000008000120C] -> 0x0F13
mem[X,0x000000008000120E] -> 0x2ADF
[1160] [M]: 0x000000008000120C (0x2ADF0F13) addi t5, t5, 0x2ad
x30 <- 0xFFFFFFDAA88402AD

mem[X,0x0000000080001210] -> 0x1F13
mem[X,0x0000000080001212] -> 0x00BF
[1161] [M]: 0x0000000080001210 (0x00BF1F13) slli t5, t5, 0xb
x30 <- 0xFFFED54420156800

mem[X,0x0000000080001214] -> 0x0F13
mem[X,0x0000000080001216] -> 0x7FEF
[1162] [M]: 0x0000000080001214 (0x7FEF0F13) addi t5, t5, 0x7fe
x30 <- 0xFFFED54420156FFE

mem[X,0x0000000080001218] -> 0x1F13
mem[X,0x000000008000121A] -> 0x00AF
[1163] [M]: 0x0000000080001218 (0x00AF1F13) slli t5, t5, 0xa
x30 <- 0xFB55108055BFF800

mem[X,0x000000008000121C] -> 0x0F13
mem[X,0x000000008000121E] -> 0x23FF
[1164] [M]: 0x000000008000121C (0x23FF0F13) addi t5, t5, 0x23f
x30 <- 0xFB55108055BFFA3F

mem[X,0x0000000080001220] -> 0x0EB7
mem[X,0x0000000080001222] -> 0x03AA
[1165] [M]: 0x0000000080001220 (0x03AA0EB7) lui t4, 0x3aa0
x29 <- 0x0000000003AA0000

mem[X,0x0000000080001224] -> 0x8E93
mem[X,0x0000000080001226] -> 0x5FAE
[1166] [M]: 0x0000000080001224 (0x5FAE8E93) addi t4, t4, 0x5fa
x29 <- 0x0000000003AA05FA

mem[X,0x0000000080001228] -> 0x9E93
mem[X,0x000000008000122A] -> 0x00BE
[1167] [M]: 0x0000000080001228 (0x00BE9E93) slli t4, t4, 0xb
x29 <- 0x0000001D502FD000

mem[X,0x000000008000122C] -> 0x8E93
mem[X,0x000000008000122E] -> 0x7B7E
[1168] [M]: 0x000000008000122C (0x7B7E8E93) addi t4, t4, 0x7b7
x29 <- 0x0000001D502FD7B7

mem[X,0x0000000080001230] -> 0x9E93
mem[X,0x0000000080001232] -> 0x00BE
[1169] [M]: 0x0000000080001230 (0x00BE9E93) slli t4, t4, 0xb
x29 <- 0x0000EA817EBDB800

mem[X,0x0000000080001234] -> 0x8E93
mem[X,0x0000000080001236] -> 0x7FEE
[1170] [M]: 0x0000000080001234 (0x7FEE8E93) addi t4, t4, 0x7fe
x29 <- 0x0000EA817EBDBFFE

mem[X,0x0000000080001238] -> 0x9E93
mem[X,0x000000008000123A] -> 0x00AE
[1171] [M]: 0x0000000080001238 (0x00AE9E93) slli t4, t4, 0xa
x29 <- 0x03AA05FAF6FFF800

mem[X,0x000000008000123C] -> 0x8E93
mem[X,0x000000008000123E] -> 0x0EFE
[1172] [M]: 0x000000008000123C (0x0EFE8E93) addi t4, t4, 0xef
x29 <- 0x03AA05FAF6FFF8EF

mem[X,0x0000000080001240] -> 0x1FBB
mem[X,0x0000000080001242] -> 0xBDDF
[1173] [M]: 0x0000000080001240 (0xBDDF1FBB) pdifsumau.b t6, t5, t4
x31 <- 0xCC1A57A3CBD8F0E1

mem[X,0x0000000080001244] -> 0xB023
mem[X,0x0000000080001246] -> 0x0DF0
[1174] [M]: 0x0000000080001244 (0x0DF0B023) sd t6, 0xc0(ra)
mem[0x00000000800042E0] <- 0xCC1A57A3CBD8F0E1

mem[X,0x0000000080001248] -> 0x2F37
mem[X,0x000000008000124A] -> 0xC006
[1175] [M]: 0x0000000080001248 (0xC0062F37) lui t5, -0x3ff9e
x30 <- 0xFFFFFFFFC0062000

mem[X,0x000000008000124C] -> 0x0F13
mem[X,0x000000008000124E] -> 0x0BFF
[1176] [M]: 0x000000008000124C (0x0BFF0F13) addi t5, t5, 0xbf
x30 <- 0xFFFFFFFFC00620BF

mem[X,0x0000000080001250] -> 0x1F13
mem[X,0x0000000080001252] -> 0x00BF
[1177] [M]: 0x0000000080001250 (0x00BF1F13) slli t5, t5, 0xb
x30 <- 0xFFFFFE003105F800

mem[X,0x0000000080001254] -> 0x0F13
mem[X,0x0000000080001256] -> 0x7D8F
[1178] [M]: 0x0000000080001254 (0x7D8F0F13) addi t5, t5, 0x7d8
x30 <- 0xFFFFFE003105FFD8

mem[X,0x0000000080001258] -> 0x1F13
mem[X,0x000000008000125A] -> 0x00BF
[1179] [M]: 0x0000000080001258 (0x00BF1F13) slli t5, t5, 0xb
x30 <- 0xFFF001882FFEC000

mem[X,0x000000008000125C] -> 0x0F13
mem[X,0x000000008000125E] -> 0x141F
[1180] [M]: 0x000000008000125C (0x141F0F13) addi t5, t5, 0x141
x30 <- 0xFFF001882FFEC141

mem[X,0x0000000080001260] -> 0x1F13
mem[X,0x0000000080001262] -> 0x00AF
[1181] [M]: 0x0000000080001260 (0x00AF1F13) slli t5, t5, 0xa
x30 <- 0xC00620BFFB050400

mem[X,0x0000000080001264] -> 0x0F13
mem[X,0x0000000080001266] -> 0x2FBF
[1182] [M]: 0x0000000080001264 (0x2FBF0F13) addi t5, t5, 0x2fb
x30 <- 0xC00620BFFB0506FB

mem[X,0x0000000080001268] -> 0x0EB7
mem[X,0x000000008000126A] -> 0xDFFB
[1183] [M]: 0x0000000080001268 (0xDFFB0EB7) lui t4, -0x20050
x29 <- 0xFFFFFFFFDFFB0000

mem[X,0x000000008000126C] -> 0x8E93
mem[X,0x000000008000126E] -> 0xB80E
[1184] [M]: 0x000000008000126C (0xB80E8E93) addi t4, t4, -0x480
x29 <- 0xFFFFFFFFDFFAFB80

mem[X,0x0000000080001270] -> 0x9E93
mem[X,0x0000000080001272] -> 0x00BE
[1185] [M]: 0x0000000080001270 (0x00BE9E93) slli t4, t4, 0xb
x29 <- 0xFFFFFEFFD7DC0000

mem[X,0x0000000080001274] -> 0x8E93
mem[X,0x0000000080001276] -> 0x778E
[1186] [M]: 0x0000000080001274 (0x778E8E93) addi t4, t4, 0x778
x29 <- 0xFFFFFEFFD7DC0778

mem[X,0x0000000080001278] -> 0x9E93
mem[X,0x000000008000127A] -> 0x00BE
[1187] [M]: 0x0000000080001278 (0x00BE9E93) slli t4, t4, 0xb
x29 <- 0xFFF7FEBEE03BC000

mem[X,0x000000008000127C] -> 0x8E93
mem[X,0x000000008000127E] -> 0x148E
[1188] [M]: 0x000000008000127C (0x148E8E93) addi t4, t4, 0x148
x29 <- 0xFFF7FEBEE03BC148

mem[X,0x0000000080001280] -> 0x9E93
mem[X,0x0000000080001282] -> 0x00AE
[1189] [M]: 0x0000000080001280 (0x00AE9E93) slli t4, t4, 0xa
x29 <- 0xDFFAFB80EF052000

mem[X,0x0000000080001284] -> 0x8E93
mem[X,0x0000000080001286] -> 0x010E
[1190] [M]: 0x0000000080001284 (0x010E8E93) addi t4, t4, 0x10
x29 <- 0xDFFAFB80EF052010

mem[X,0x0000000080001288] -> 0x1FBB
mem[X,0x000000008000128A] -> 0xBDDF
[1191] [M]: 0x0000000080001288 (0xBDDF1FBB) pdifsumau.b t6, t5, t4
x31 <- 0xAC155324BADE142F

mem[X,0x000000008000128C] -> 0xB423
mem[X,0x000000008000128E] -> 0x0DF0
[1192] [M]: 0x000000008000128C (0x0DF0B423) sd t6, 0xc8(ra)
mem[0x00000000800042E8] <- 0xAC155324BADE142F

mem[X,0x0000000080001290] -> 0x0F37
mem[X,0x0000000080001292] -> 0x80FB
[1193] [M]: 0x0000000080001290 (0x80FB0F37) lui t5, -0x7f050
x30 <- 0xFFFFFFFF80FB0000

mem[X,0x0000000080001294] -> 0x0F13
mem[X,0x0000000080001296] -> 0x3F8F
[1194] [M]: 0x0000000080001294 (0x3F8F0F13) addi t5, t5, 0x3f8
x30 <- 0xFFFFFFFF80FB03F8

mem[X,0x0000000080001298] -> 0x1F13
mem[X,0x000000008000129A] -> 0x00BF
[1195] [M]: 0x0000000080001298 (0x00BF1F13) slli t5, t5, 0xb
x30 <- 0xFFFFFC07D81FC000

mem[X,0x000000008000129C] -> 0x0F13
mem[X,0x000000008000129E] -> 0x6F9F
[1196] [M]: 0x000000008000129C (0x6F9F0F13) addi t5, t5, 0x6f9
x30 <- 0xFFFFFC07D81FC6F9

mem[X,0x00000000800012A0] -> 0x1F13
mem[X,0x00000000800012A2] -> 0x00BF
[1197] [M]: 0x00000000800012A0 (0x00BF1F13) slli t5, t5, 0xb
x30 <- 0xFFE03EC0FE37C800

mem[X,0x00000000800012A4] -> 0x0F13
mem[X,0x00000000800012A6] -> 0x03DF
[1198] [M]: 0x00000000800012A4 (0x03DF0F13) addi t5, t5, 0x3d
x30 <- 0xFFE03EC0FE37C83D

mem[X,0x00000000800012A8] -> 0x1F13
mem[X,0x00000000800012AA] -> 0x00AF
[1199] [M]: 0x00000000800012A8 (0x00AF1F13) slli t5, t5, 0xa
x30 <- 0x80FB03F8DF20F400

clint::tick mtime <- 0x000000000000000C
 clint timer pending at mtime 0x000000000000000C
htif::tick 0x0000000000000000
mem[X,0x00000000800012AC] -> 0x0F13
mem[X,0x00000000800012AE] -> 0x380F
[1200] [M]: 0x00000000800012AC (0x380F0F13) addi t5, t5, 0x380
x30 <- 0x80FB03F8DF20F780

mem[X,0x00000000800012B0] -> 0x1EB7
mem[X,0x00000000800012B2] -> 0xAA7F
[1201] [M]: 0x00000000800012B0 (0xAA7F1EB7) lui t4, -0x5580f
x29 <- 0xFFFFFFFFAA7F1000

mem[X,0x00000000800012B4] -> 0x8E93
mem[X,0x00000000800012B6] -> 0x955E
[1202] [M]: 0x00000000800012B4 (0x955E8E93) addi t4, t4, -0x6ab
x29 <- 0xFFFFFFFFAA7F0955

mem[X,0x00000000800012B8] -> 0x9E93
mem[X,0x00000000800012BA] -> 0x00BE
[1203] [M]: 0x00000000800012B8 (0x00BE9E93) slli t4, t4, 0xb
x29 <- 0xFFFFFD53F84AA800

mem[X,0x00000000800012BC] -> 0x8E93
mem[X,0x00000000800012BE] -> 0x557E
[1204] [M]: 0x00000000800012BC (0x557E8E93) addi t4, t4, 0x557
x29 <- 0xFFFFFD53F84AAD57

mem[X,0x00000000800012C0] -> 0x9E93
mem[X,0x00000000800012C2] -> 0x00BE
[1205] [M]: 0x00000000800012C0 (0x00BE9E93) slli t4, t4, 0xb
x29 <- 0xFFEA9FC2556AB800

mem[X,0x00000000800012C4] -> 0x8E93
mem[X,0x00000000800012C6] -> 0x3FFE
[1206] [M]: 0x00000000800012C4 (0x3FFE8E93) addi t4, t4, 0x3ff
x29 <- 0xFFEA9FC2556ABBFF

mem[X,0x00000000800012C8] -> 0x9E93
mem[X,0x00000000800012CA] -> 0x00AE
[1207] [M]: 0x00000000800012C8 (0x00AE9E93) slli t4, t4, 0xa
x29 <- 0xAA7F0955AAEFFC00

mem[X,0x00000000800012CC] -> 0x8E93
mem[X,0x00000000800012CE] -> 0x1C0E
[1208] [M]: 0x00000000800012CC (0x1C0E8E93) addi t4, t4, 0x1c0
x29 <- 0xAA7F0955AAEFFDC0

mem[X,0x00000000800012D0] -> 0x1FBB
mem[X,0x00000000800012D2] -> 0xBDDF
[1209] [M]: 0x00000000800012D0 (0xBDDF1FBB) pdifsumau.b t6, t5, t4
x31 <- 0x56945C7A65CE1488

mem[X,0x00000000800012D4] -> 0xB823
mem[X,0x00000000800012D6] -> 0x0DF0
[1210] [M]: 0x00000000800012D4 (0x0DF0B823) sd t6, 0xd0(ra)
mem[0x00000000800042F0] <- 0x56945C7A65CE1488

mem[X,0x00000000800012D8] -> 0x0F37
mem[X,0x00000000800012DA] -> 0xFABF
[1211] [M]: 0x00000000800012D8 (0xFABF0F37) lui t5, -0x5410
x30 <- 0xFFFFFFFFFABF0000

mem[X,0x00000000800012DC] -> 0x0F13
mem[X,0x00000000800012DE] -> 0x77FF
[1212] [M]: 0x00000000800012DC (0x77FF0F13) addi t5, t5, 0x77f
x30 <- 0xFFFFFFFFFABF077F

mem[X,0x00000000800012E0] -> 0x1F13
mem[X,0x00000000800012E2] -> 0x00BF
[1213] [M]: 0x00000000800012E0 (0x00BF1F13) slli t5, t5, 0xb
x30 <- 0xFFFFFFD5F83BF800

mem[X,0x00000000800012E4] -> 0x0F13
mem[X,0x00000000800012E6] -> 0x7B7F
[1214] [M]: 0x00000000800012E4 (0x7B7F0F13) addi t5, t5, 0x7b7
x30 <- 0xFFFFFFD5F83BFFB7

mem[X,0x00000000800012E8] -> 0x1F13
mem[X,0x00000000800012EA] -> 0x00BF
[1215] [M]: 0x00000000800012E8 (0x00BF1F13) slli t5, t5, 0xb
x30 <- 0xFFFEAFC1DFFDB800

mem[X,0x00000000800012EC] -> 0x0F13
mem[X,0x00000000800012EE] -> 0x581F
[1216] [M]: 0x00000000800012EC (0x581F0F13) addi t5, t5, 0x581
x30 <- 0xFFFEAFC1DFFDBD81

mem[X,0x00000000800012F0] -> 0x1F13
mem[X,0x00000000800012F2] -> 0x00AF
[1217] [M]: 0x00000000800012F0 (0x00AF1F13) slli t5, t5, 0xa
x30 <- 0xFABF077FF6F60400

mem[X,0x00000000800012F4] -> 0x0F13
mem[X,0x00000000800012F6] -> 0x0FAF
[1218] [M]: 0x00000000800012F4 (0x0FAF0F13) addi t5, t5, 0xfa
x30 <- 0xFABF077FF6F604FA

mem[X,0x00000000800012F8] -> 0x0EB7
mem[X,0x00000000800012FA] -> 0xEFF8
[1219] [M]: 0x00000000800012F8 (0xEFF80EB7) lui t4, -0x10080
x29 <- 0xFFFFFFFFEFF80000

mem[X,0x00000000800012FC] -> 0x8E93
mem[X,0x00000000800012FE] -> 0x9BFE
[1220] [M]: 0x00000000800012FC (0x9BFE8E93) addi t4, t4, -0x641
x29 <- 0xFFFFFFFFEFF7F9BF

mem[X,0x0000000080001300] -> 0x9E93
mem[X,0x0000000080001302] -> 0x00BE
[1221] [M]: 0x0000000080001300 (0x00BE9E93) slli t4, t4, 0xb
x29 <- 0xFFFFFF7FBFCDF800

mem[X,0x0000000080001304] -> 0x8E93
mem[X,0x0000000080001306] -> 0x01FE
[1222] [M]: 0x0000000080001304 (0x01FE8E93) addi t4, t4, 0x1f
x29 <- 0xFFFFFF7FBFCDF81F

mem[X,0x0000000080001308] -> 0x9E93
mem[X,0x000000008000130A] -> 0x00BE
[1223] [M]: 0x0000000080001308 (0x00BE9E93) slli t4, t4, 0xb
x29 <- 0xFFFBFDFE6FC0F800

mem[X,0x000000008000130C] -> 0x8E93
mem[X,0x000000008000130E] -> 0x63DE
[1224] [M]: 0x000000008000130C (0x63DE8E93) addi t4, t4, 0x63d
x29 <- 0xFFFBFDFE6FC0FE3D

mem[X,0x0000000080001310] -> 0x9E93
mem[X,0x0000000080001312] -> 0x00AE
[1225] [M]: 0x0000000080001310 (0x00AE9E93) slli t4, t4, 0xa
x29 <- 0xEFF7F9BF03F8F400

mem[X,0x0000000080001314] -> 0x8E93
mem[X,0x0000000080001316] -> 0x3AAE
[1226] [M]: 0x0000000080001314 (0x3AAE8E93) addi t4, t4, 0x3aa
x29 <- 0xEFF7F9BF03F8F7AA

mem[X,0x0000000080001318] -> 0x1FBB
mem[X,0x000000008000131A] -> 0xBDDF
[1227] [M]: 0x0000000080001318 (0xBDDF1FBB) pdifsumau.b t6, t5, t4
x31 <- 0x468C563969C70FDF

mem[X,0x000000008000131C] -> 0xBC23
mem[X,0x000000008000131E] -> 0x0DF0
[1228] [M]: 0x000000008000131C (0x0DF0BC23) sd t6, 0xd8(ra)
mem[0x00000000800042F8] <- 0x468C563969C70FDF

mem[X,0x0000000080001320] -> 0x0F37
mem[X,0x0000000080001322] -> 0x03EF
[1229] [M]: 0x0000000080001320 (0x03EF0F37) lui t5, 0x3ef0
x30 <- 0x0000000003EF0000

mem[X,0x0000000080001324] -> 0x0F13
mem[X,0x0000000080001326] -> 0x204F
[1230] [M]: 0x0000000080001324 (0x204F0F13) addi t5, t5, 0x204
x30 <- 0x0000000003EF0204

mem[X,0x0000000080001328] -> 0x1F13
mem[X,0x000000008000132A] -> 0x00BF
[1231] [M]: 0x0000000080001328 (0x00BF1F13) slli t5, t5, 0xb
x30 <- 0x0000001F78102000

mem[X,0x000000008000132C] -> 0x0F13
mem[X,0x000000008000132E] -> 0x7F0F
[1232] [M]: 0x000000008000132C (0x7F0F0F13) addi t5, t5, 0x7f0
x30 <- 0x0000001F781027F0

mem[X,0x0000000080001330] -> 0x1F13
mem[X,0x0000000080001332] -> 0x00BF
[1233] [M]: 0x0000000080001330 (0x00BF1F13) slli t5, t5, 0xb
x30 <- 0x0000FBC0813F8000

mem[X,0x0000000080001334] -> 0x0F13
mem[X,0x0000000080001336] -> 0x03FF
[1234] [M]: 0x0000000080001334 (0x03FF0F13) addi t5, t5, 0x3f
x30 <- 0x0000FBC0813F803F

mem[X,0x0000000080001338] -> 0x1F13
mem[X,0x000000008000133A] -> 0x00AF
[1235] [M]: 0x0000000080001338 (0x00AF1F13) slli t5, t5, 0xa
x30 <- 0x03EF0204FE00FC00

mem[X,0x000000008000133C] -> 0x0F13
mem[X,0x000000008000133E] -> 0x240F
[1236] [M]: 0x000000008000133C (0x240F0F13) addi t5, t5, 0x240
x30 <- 0x03EF0204FE00FE40

mem[X,0x0000000080001340] -> 0x8EB7
mem[X,0x0000000080001342] -> 0x4002
[1237] [M]: 0x0000000080001340 (0x40028EB7) lui t4, 0x40028
x29 <- 0x0000000040028000

mem[X,0x0000000080001344] -> 0x8E93
mem[X,0x0000000080001346] -> 0xF06E
[1238] [M]: 0x0000000080001344 (0xF06E8E93) addi t4, t4, -0xfa
x29 <- 0x0000000040027F06

mem[X,0x0000000080001348] -> 0x9E93
mem[X,0x000000008000134A] -> 0x00BE
[1239] [M]: 0x0000000080001348 (0x00BE9E93) slli t4, t4, 0xb
x29 <- 0x0000020013F83000

mem[X,0x000000008000134C] -> 0x8E93
mem[X,0x000000008000134E] -> 0x7E8E
[1240] [M]: 0x000000008000134C (0x7E8E8E93) addi t4, t4, 0x7e8
x29 <- 0x0000020013F837E8

mem[X,0x0000000080001350] -> 0x9E93
mem[X,0x0000000080001352] -> 0x00BE
[1241] [M]: 0x0000000080001350 (0x00BE9E93) slli t4, t4, 0xb
x29 <- 0x0010009FC1BF4000

mem[X,0x0000000080001354] -> 0x8E93
mem[X,0x0000000080001356] -> 0x0BFE
[1242] [M]: 0x0000000080001354 (0x0BFE8E93) addi t4, t4, 0xbf
x29 <- 0x0010009FC1BF40BF

mem[X,0x0000000080001358] -> 0x9E93
mem[X,0x000000008000135A] -> 0x00AE
[1243] [M]: 0x0000000080001358 (0x00AE9E93) slli t4, t4, 0xa
x29 <- 0x40027F06FD02FC00

mem[X,0x000000008000135C] -> 0x8E93
mem[X,0x000000008000135E] -> 0x200E
[1244] [M]: 0x000000008000135C (0x200E8E93) addi t4, t4, 0x200
x29 <- 0x40027F06FD02FE00

mem[X,0x0000000080001360] -> 0x1FBB
mem[X,0x0000000080001362] -> 0xBDDF
[1245] [M]: 0x0000000080001360 (0xBDDF1FBB) pdifsumau.b t6, t5, t4
x31 <- 0x868ED54066CA0FCB

mem[X,0x0000000080001364] -> 0xB023
mem[X,0x0000000080001366] -> 0x0FF0
[1246] [M]: 0x0000000080001364 (0x0FF0B023) sd t6, 0xe0(ra)
mem[0x0000000080004300] <- 0x868ED54066CA0FCB

mem[X,0x0000000080001368] -> 0x0F37
mem[X,0x000000008000136A] -> 0x0710
[1247] [M]: 0x0000000080001368 (0x07100F37) lui t5, 0x7100
x30 <- 0x0000000007100000

mem[X,0x000000008000136C] -> 0x0F13
mem[X,0x000000008000136E] -> 0x4FCF
[1248] [M]: 0x000000008000136C (0x4FCF0F13) addi t5, t5, 0x4fc
x30 <- 0x00000000071004FC

mem[X,0x0000000080001370] -> 0x1F13
mem[X,0x0000000080001372] -> 0x00BF
[1249] [M]: 0x0000000080001370 (0x00BF1F13) slli t5, t5, 0xb
x30 <- 0x000000388027E000

mem[X,0x0000000080001374] -> 0x0F13
mem[X,0x0000000080001376] -> 0x7ECF
[1250] [M]: 0x0000000080001374 (0x7ECF0F13) addi t5, t5, 0x7ec
x30 <- 0x000000388027E7EC

mem[X,0x0000000080001378] -> 0x1F13
mem[X,0x000000008000137A] -> 0x00BF
[1251] [M]: 0x0000000080001378 (0x00BF1F13) slli t5, t5, 0xb
x30 <- 0x0001C4013F3F6000

mem[X,0x000000008000137C] -> 0x0F13
mem[X,0x000000008000137E] -> 0x00FF
[1252] [M]: 0x000000008000137C (0x00FF0F13) addi t5, t5, 0xf
x30 <- 0x0001C4013F3F600F

mem[X,0x0000000080001380] -> 0x1F13
mem[X,0x0000000080001382] -> 0x00AF
[1253] [M]: 0x0000000080001380 (0x00AF1F13) slli t5, t5, 0xa
x30 <- 0x071004FCFD803C00

mem[X,0x0000000080001384] -> 0x0F13
mem[X,0x0000000080001386] -> 0x3C0F
[1254] [M]: 0x0000000080001384 (0x3C0F0F13) addi t5, t5, 0x3c0
x30 <- 0x071004FCFD803FC0

mem[X,0x0000000080001388] -> 0x4EB7
mem[X,0x000000008000138A] -> 0x03C0
[1255] [M]: 0x0000000080001388 (0x03C04EB7) lui t4, 0x3c04
x29 <- 0x0000000003C04000

mem[X,0x000000008000138C] -> 0x8E93
mem[X,0x000000008000138E] -> 0xF20E
[1256] [M]: 0x000000008000138C (0xF20E8E93) addi t4, t4, -0xe0
x29 <- 0x0000000003C03F20

mem[X,0x0000000080001390] -> 0x9E93
mem[X,0x0000000080001392] -> 0x00BE
[1257] [M]: 0x0000000080001390 (0x00BE9E93) slli t4, t4, 0xb
x29 <- 0x0000001E01F90000

mem[X,0x0000000080001394] -> 0x8E93
mem[X,0x0000000080001396] -> 0x042E
[1258] [M]: 0x0000000080001394 (0x042E8E93) addi t4, t4, 0x42
x29 <- 0x0000001E01F90042

mem[X,0x0000000080001398] -> 0x9E93
mem[X,0x000000008000139A] -> 0x00BE
[1259] [M]: 0x0000000080001398 (0x00BE9E93) slli t4, t4, 0xb
x29 <- 0x0000F00FC8021000

mem[X,0x000000008000139C] -> 0x8E93
mem[X,0x000000008000139E] -> 0x002E
[1260] [M]: 0x000000008000139C (0x002E8E93) addi t4, t4, 0x2
x29 <- 0x0000F00FC8021002

mem[X,0x00000000800013A0] -> 0x9E93
mem[X,0x00000000800013A2] -> 0x00AE
[1261] [M]: 0x00000000800013A0 (0x00AE9E93) slli t4, t4, 0xa
x29 <- 0x03C03F2008400800

mem[X,0x00000000800013A4] -> 0x8E93
mem[X,0x00000000800013A6] -> 0x002E
[1262] [M]: 0x00000000800013A4 (0x002E8E93) addi t4, t4, 0x2
x29 <- 0x03C03F2008400802

mem[X,0x00000000800013A8] -> 0x1FBB
mem[X,0x00000000800013AA] -> 0xBDDF
[1263] [M]: 0x00000000800013A8 (0xBDDF1FBB) pdifsumau.b t6, t5, t4
x31 <- 0x8A4F14606F0A1BC2

mem[X,0x00000000800013AC] -> 0xB423
mem[X,0x00000000800013AE] -> 0x0FF0
[1264] [M]: 0x00000000800013AC (0x0FF0B423) sd t6, 0xe8(ra)
mem[0x0000000080004308] <- 0x8A4F14606F0A1BC2

mem[X,0x00000000800013B0] -> 0x1F37
mem[X,0x00000000800013B2] -> 0xAA08
[1265] [M]: 0x00000000800013B0 (0xAA081F37) lui t5, -0x55f7f
x30 <- 0xFFFFFFFFAA081000

mem[X,0x00000000800013B4] -> 0x0F13
mem[X,0x00000000800013B6] -> 0x8FFF
[1266] [M]: 0x00000000800013B4 (0x8FFF0F13) addi t5, t5, -0x701
x30 <- 0xFFFFFFFFAA0808FF

mem[X,0x00000000800013B8] -> 0x1F13
mem[X,0x00000000800013BA] -> 0x00BF
[1267] [M]: 0x00000000800013B8 (0x00BF1F13) slli t5, t5, 0xb
x30 <- 0xFFFFFD504047F800

mem[X,0x00000000800013BC] -> 0x0F13
mem[X,0x00000000800013BE] -> 0x551F
[1268] [M]: 0x00000000800013BC (0x551F0F13) addi t5, t5, 0x551
x30 <- 0xFFFFFD504047FD51

mem[X,0x00000000800013C0] -> 0x1F13
mem[X,0x00000000800013C2] -> 0x00BF
[1269] [M]: 0x00000000800013C0 (0x00BF1F13) slli t5, t5, 0xb
x30 <- 0xFFEA82023FEA8800

mem[X,0x00000000800013C4] -> 0x0F13
mem[X,0x00000000800013C6] -> 0x03FF
[1270] [M]: 0x00000000800013C4 (0x03FF0F13) addi t5, t5, 0x3f
x30 <- 0xFFEA82023FEA883F

mem[X,0x00000000800013C8] -> 0x1F13
mem[X,0x00000000800013CA] -> 0x00AF
[1271] [M]: 0x00000000800013C8 (0x00AF1F13) slli t5, t5, 0xa
x30 <- 0xAA0808FFAA20FC00

mem[X,0x00000000800013CC] -> 0x0F13
mem[X,0x00000000800013CE] -> 0x13FF
[1272] [M]: 0x00000000800013CC (0x13FF0F13) addi t5, t5, 0x13f
x30 <- 0xAA0808FFAA20FD3F

mem[X,0x00000000800013D0] -> 0x2EB7
mem[X,0x00000000800013D2] -> 0x3F03
[1273] [M]: 0x00000000800013D0 (0x3F032EB7) lui t4, 0x3f032
x29 <- 0x000000003F032000

mem[X,0x00000000800013D4] -> 0x8E93
mem[X,0x00000000800013D6] -> 0x055E
[1274] [M]: 0x00000000800013D4 (0x055E8E93) addi t4, t4, 0x55
x29 <- 0x000000003F032055

mem[X,0x00000000800013D8] -> 0x9E93
mem[X,0x00000000800013DA] -> 0x00BE
[1275] [M]: 0x00000000800013D8 (0x00BE9E93) slli t4, t4, 0xb
x29 <- 0x000001F81902A800

mem[X,0x00000000800013DC] -> 0x8E93
mem[X,0x00000000800013DE] -> 0x7D8E
[1276] [M]: 0x00000000800013DC (0x7D8E8E93) addi t4, t4, 0x7d8
x29 <- 0x000001F81902AFD8

mem[X,0x00000000800013E0] -> 0x9E93
mem[X,0x00000000800013E2] -> 0x00BE
[1277] [M]: 0x00000000800013E0 (0x00BE9E93) slli t4, t4, 0xb
x29 <- 0x000FC0C8157EC000

mem[X,0x00000000800013E4] -> 0x8E93
mem[X,0x00000000800013E6] -> 0x43EE
[1278] [M]: 0x00000000800013E4 (0x43EE8E93) addi t4, t4, 0x43e
x29 <- 0x000FC0C8157EC43E

mem[X,0x00000000800013E8] -> 0x9E93
mem[X,0x00000000800013EA] -> 0x00AE
[1279] [M]: 0x00000000800013E8 (0x00AE9E93) slli t4, t4, 0xa
x29 <- 0x3F032055FB10F800

mem[X,0x00000000800013EC] -> 0x8E93
mem[X,0x00000000800013EE] -> 0x103E
[1280] [M]: 0x00000000800013EC (0x103E8E93) addi t4, t4, 0x103
x29 <- 0x3F032055FB10F903

mem[X,0x00000000800013F0] -> 0x1FBB
mem[X,0x00000000800013F2] -> 0xBDDF
[1281] [M]: 0x00000000800013F0 (0xBDDF1FBB) pdifsumau.b t6, t5, t4
x31 <- 0xC95234B66A1B1698

mem[X,0x00000000800013F4] -> 0xB823
mem[X,0x00000000800013F6] -> 0x0FF0
[1282] [M]: 0x00000000800013F4 (0x0FF0B823) sd t6, 0xf0(ra)
mem[0x0000000080004310] <- 0xC95234B66A1B1698

mem[X,0x00000000800013F8] -> 0x2F37
mem[X,0x00000000800013FA] -> 0x3FFD
[1283] [M]: 0x00000000800013F8 (0x3FFD2F37) lui t5, 0x3ffd2
x30 <- 0x000000003FFD2000

mem[X,0x00000000800013FC] -> 0x0F13
mem[X,0x00000000800013FE] -> 0x002F
[1284] [M]: 0x00000000800013FC (0x002F0F13) addi t5, t5, 0x2
x30 <- 0x000000003FFD2002

mem[X,0x0000000080001400] -> 0x1F13
mem[X,0x0000000080001402] -> 0x00BF
[1285] [M]: 0x0000000080001400 (0x00BF1F13) slli t5, t5, 0xb
x30 <- 0x000001FFE9001000

mem[X,0x0000000080001404] -> 0x0F13
mem[X,0x0000000080001406] -> 0x020F
[1286] [M]: 0x0000000080001404 (0x020F0F13) addi t5, t5, 0x20
x30 <- 0x000001FFE9001020

mem[X,0x0000000080001408] -> 0x1F13
mem[X,0x000000008000140A] -> 0x00BF
[1287] [M]: 0x0000000080001408 (0x00BF1F13) slli t5, t5, 0xb
x30 <- 0x000FFF4800810000

mem[X,0x000000008000140C] -> 0x0F13
mem[X,0x000000008000140E] -> 0x041F
[1288] [M]: 0x000000008000140C (0x041F0F13) addi t5, t5, 0x41
x30 <- 0x000FFF4800810041

mem[X,0x0000000080001410] -> 0x1F13
mem[X,0x0000000080001412] -> 0x00AF
[1289] [M]: 0x0000000080001410 (0x00AF1F13) slli t5, t5, 0xa
x30 <- 0x3FFD200204010400

mem[X,0x0000000080001414] -> 0x0F13
mem[X,0x0000000080001416] -> 0x205F
[1290] [M]: 0x0000000080001414 (0x205F0F13) addi t5, t5, 0x205
x30 <- 0x3FFD200204010605

mem[X,0x0000000080001418] -> 0xEEB7
mem[X,0x000000008000141A] -> 0xF77F
[1291] [M]: 0x0000000080001418 (0xF77FEEB7) lui t4, -0x8802
x29 <- 0xFFFFFFFFF77FE000

mem[X,0x000000008000141C] -> 0x8E93
mem[X,0x000000008000141E] -> 0xFDFE
[1292] [M]: 0x000000008000141C (0xFDFE8E93) addi t4, t4, -0x21
x29 <- 0xFFFFFFFFF77FDFDF

mem[X,0x0000000080001420] -> 0x9E93
mem[X,0x0000000080001422] -> 0x00BE
[1293] [M]: 0x0000000080001420 (0x00BE9E93) slli t4, t4, 0xb
x29 <- 0xFFFFFFBBFEFEF800

mem[X,0x0000000080001424] -> 0x8E93
mem[X,0x0000000080001426] -> 0x02EE
[1294] [M]: 0x0000000080001424 (0x02EE8E93) addi t4, t4, 0x2e
x29 <- 0xFFFFFFBBFEFEF82E

mem[X,0x0000000080001428] -> 0x9E93
mem[X,0x000000008000142A] -> 0x00BE
[1295] [M]: 0x0000000080001428 (0x00BE9E93) slli t4, t4, 0xb
x29 <- 0xFFFDDFF7F7C17000

mem[X,0x000000008000142C] -> 0x8E93
mem[X,0x000000008000142E] -> 0x000E
[1296] [M]: 0x000000008000142C (0x000E8E93) addi t4, t4, 0x0
x29 <- 0xFFFDDFF7F7C17000

mem[X,0x0000000080001430] -> 0x9E93
mem[X,0x0000000080001432] -> 0x00AE
[1297] [M]: 0x0000000080001430 (0x00AE9E93) slli t4, t4, 0xa
x29 <- 0xF77FDFDF05C00000

mem[X,0x0000000080001434] -> 0x8E93
mem[X,0x0000000080001436] -> 0x3F7E
[1298] [M]: 0x0000000080001434 (0x3F7E8E93) addi t4, t4, 0x3f7
x29 <- 0xF77FDFDF05C003F7

mem[X,0x0000000080001438] -> 0x1FBB
mem[X,0x000000008000143A] -> 0xBDDF
[1299] [M]: 0x0000000080001438 (0xBDDF1FBB) pdifsumau.b t6, t5, t4
x31 <- 0xC0D214956FDB1F16

clint::tick mtime <- 0x000000000000000D
 clint timer pending at mtime 0x000000000000000D
htif::tick 0x0000000000000000
mem[X,0x000000008000143C] -> 0xBC23
mem[X,0x000000008000143E] -> 0x0FF0
[1300] [M]: 0x000000008000143C (0x0FF0BC23) sd t6, 0xf8(ra)
mem[0x0000000080004318] <- 0xC0D214956FDB1F16

mem[X,0x0000000080001440] -> 0x0F37
mem[X,0x0000000080001442] -> 0xC0FE
[1301] [M]: 0x0000000080001440 (0xC0FE0F37) lui t5, -0x3f020
x30 <- 0xFFFFFFFFC0FE0000

mem[X,0x0000000080001444] -> 0x0F13
mem[X,0x0000000080001446] -> 0x806F
[1302] [M]: 0x0000000080001444 (0x806F0F13) addi t5, t5, -0x7fa
x30 <- 0xFFFFFFFFC0FDF806

mem[X,0x0000000080001448] -> 0x1F13
mem[X,0x000000008000144A] -> 0x00BF
[1303] [M]: 0x0000000080001448 (0x00BF1F13) slli t5, t5, 0xb
x30 <- 0xFFFFFE07EFC03000

mem[X,0x000000008000144C] -> 0x0F13
mem[X,0x000000008000144E] -> 0x030F
[1304] [M]: 0x000000008000144C (0x030F0F13) addi t5, t5, 0x30
x30 <- 0xFFFFFE07EFC03030

mem[X,0x0000000080001450] -> 0x1F13
mem[X,0x0000000080001452] -> 0x00BF
[1305] [M]: 0x0000000080001450 (0x00BF1F13) slli t5, t5, 0xb
x30 <- 0xFFF03F7E01818000

mem[X,0x0000000080001454] -> 0x0F13
mem[X,0x0000000080001456] -> 0x1BEF
[1306] [M]: 0x0000000080001454 (0x1BEF0F13) addi t5, t5, 0x1be
x30 <- 0xFFF03F7E018181BE

mem[X,0x0000000080001458] -> 0x1F13
mem[X,0x000000008000145A] -> 0x00AF
[1307] [M]: 0x0000000080001458 (0x00AF1F13) slli t5, t5, 0xa
x30 <- 0xC0FDF8060606F800

mem[X,0x000000008000145C] -> 0x0F13
mem[X,0x000000008000145E] -> 0x200F
[1308] [M]: 0x000000008000145C (0x200F0F13) addi t5, t5, 0x200
x30 <- 0xC0FDF8060606FA00

mem[X,0x0000000080001460] -> 0x0EB7
mem[X,0x0000000080001462] -> 0xBFF7
[1309] [M]: 0x0000000080001460 (0xBFF70EB7) lui t4, -0x40090
x29 <- 0xFFFFFFFFBFF70000

mem[X,0x0000000080001464] -> 0x8E93
mem[X,0x0000000080001466] -> 0xA08E
[1310] [M]: 0x0000000080001464 (0xA08E8E93) addi t4, t4, -0x5f8
x29 <- 0xFFFFFFFFBFF6FA08

mem[X,0x0000000080001468] -> 0x9E93
mem[X,0x000000008000146A] -> 0x00BE
[1311] [M]: 0x0000000080001468 (0x00BE9E93) slli t4, t4, 0xb
x29 <- 0xFFFFFDFFB7D04000

mem[X,0x000000008000146C] -> 0x8E93
mem[X,0x000000008000146E] -> 0x207E
[1312] [M]: 0x000000008000146C (0x207E8E93) addi t4, t4, 0x207
x29 <- 0xFFFFFDFFB7D04207

mem[X,0x0000000080001470] -> 0x9E93
mem[X,0x0000000080001472] -> 0x00BE
[1313] [M]: 0x0000000080001470 (0x00BE9E93) slli t4, t4, 0xb
x29 <- 0xFFEFFDBE82103800

mem[X,0x0000000080001474] -> 0x8E93
mem[X,0x0000000080001476] -> 0x5C2E
[1314] [M]: 0x0000000080001474 (0x5C2E8E93) addi t4, t4, 0x5c2
x29 <- 0xFFEFFDBE82103DC2

mem[X,0x0000000080001478] -> 0x9E93
mem[X,0x000000008000147A] -> 0x00AE
[1315] [M]: 0x0000000080001478 (0x00AE9E93) slli t4, t4, 0xa
x29 <- 0xBFF6FA0840F70800

mem[X,0x000000008000147C] -> 0x8E93
mem[X,0x000000008000147E] -> 0x1BFE
[1316] [M]: 0x000000008000147C (0x1BFE8E93) addi t4, t4, 0x1bf
x29 <- 0xBFF6FA0840F709BF

mem[X,0x0000000080001480] -> 0x1FBB
mem[X,0x0000000080001482] -> 0xBDDF
[1317] [M]: 0x0000000080001480 (0xBDDF1FBB) pdifsumau.b t6, t5, t4
x31 <- 0x80C90E9DB0D22BBC

mem[X,0x0000000080001484] -> 0xB023
mem[X,0x0000000080001486] -> 0x11F0
[1318] [M]: 0x0000000080001484 (0x11F0B023) sd t6, 0x100(ra)
mem[0x0000000080004320] <- 0x80C90E9DB0D22BBC

mem[X,0x0000000080001488] -> 0x1F37
mem[X,0x000000008000148A] -> 0x40F8
[1319] [M]: 0x0000000080001488 (0x40F81F37) lui t5, 0x40f81
x30 <- 0x0000000040F81000

mem[X,0x000000008000148C] -> 0x0F13
mem[X,0x000000008000148E] -> 0x800F
[1320] [M]: 0x000000008000148C (0x800F0F13) addi t5, t5, -0x800
x30 <- 0x0000000040F80800

mem[X,0x0000000080001490] -> 0x1F13
mem[X,0x0000000080001492] -> 0x00BF
[1321] [M]: 0x0000000080001490 (0x00BF1F13) slli t5, t5, 0xb
x30 <- 0x00000207C0400000

mem[X,0x0000000080001494] -> 0x0F13
mem[X,0x0000000080001496] -> 0x087F
[1322] [M]: 0x0000000080001494 (0x087F0F13) addi t5, t5, 0x87
x30 <- 0x00000207C0400087

mem[X,0x0000000080001498] -> 0x1F13
mem[X,0x000000008000149A] -> 0x00BF
[1323] [M]: 0x0000000080001498 (0x00BF1F13) slli t5, t5, 0xb
x30 <- 0x00103E0200043800

mem[X,0x000000008000149C] -> 0x0F13
mem[X,0x000000008000149E] -> 0x780F
[1324] [M]: 0x000000008000149C (0x780F0F13) addi t5, t5, 0x780
x30 <- 0x00103E0200043F80

mem[X,0x00000000800014A0] -> 0x1F13
mem[X,0x00000000800014A2] -> 0x00AF
[1325] [M]: 0x00000000800014A0 (0x00AF1F13) slli t5, t5, 0xa
x30 <- 0x40F8080010FE0000

mem[X,0x00000000800014A4] -> 0x0F13
mem[X,0x00000000800014A6] -> 0x109F
[1326] [M]: 0x00000000800014A4 (0x109F0F13) addi t5, t5, 0x109
x30 <- 0x40F8080010FE0109

mem[X,0x00000000800014A8] -> 0x8EB7
mem[X,0x00000000800014AA] -> 0x80FD
[1327] [M]: 0x00000000800014A8 (0x80FD8EB7) lui t4, -0x7f028
x29 <- 0xFFFFFFFF80FD8000

mem[X,0x00000000800014AC] -> 0x8E93
mem[X,0x00000000800014AE] -> 0xF04E
[1328] [M]: 0x00000000800014AC (0xF04E8E93) addi t4, t4, -0xfc
x29 <- 0xFFFFFFFF80FD7F04

mem[X,0x00000000800014B0] -> 0x9E93
mem[X,0x00000000800014B2] -> 0x00BE
[1329] [M]: 0x00000000800014B0 (0x00BE9E93) slli t4, t4, 0xb
x29 <- 0xFFFFFC07EBF82000

mem[X,0x00000000800014B4] -> 0x8E93
mem[X,0x00000000800014B6] -> 0x3FAE
[1330] [M]: 0x00000000800014B4 (0x3FAE8E93) addi t4, t4, 0x3fa
x29 <- 0xFFFFFC07EBF823FA

mem[X,0x00000000800014B8] -> 0x9E93
mem[X,0x00000000800014BA] -> 0x00BE
[1331] [M]: 0x00000000800014B8 (0x00BE9E93) slli t4, t4, 0xb
x29 <- 0xFFE03F5FC11FD000

mem[X,0x00000000800014BC] -> 0x8E93
mem[X,0x00000000800014BE] -> 0x540E
[1332] [M]: 0x00000000800014BC (0x540E8E93) addi t4, t4, 0x540
x29 <- 0xFFE03F5FC11FD540

mem[X,0x00000000800014C0] -> 0x9E93
mem[X,0x00000000800014C2] -> 0x00AE
[1333] [M]: 0x00000000800014C0 (0x00AE9E93) slli t4, t4, 0xa
x29 <- 0x80FD7F047F550000

mem[X,0x00000000800014C4] -> 0x8E93
mem[X,0x00000000800014C6] -> 0x2FBE
[1334] [M]: 0x00000000800014C4 (0x2FBE8E93) addi t4, t4, 0x2fb
x29 <- 0x80FD7F047F5502FB

mem[X,0x00000000800014C8] -> 0x1FBB
mem[X,0x00000000800014CA] -> 0xBDDF
[1335] [M]: 0x00000000800014C8 (0xBDDF1FBB) pdifsumau.b t6, t5, t4
x31 <- 0x01C68DA230273182

mem[X,0x00000000800014CC] -> 0xB423
mem[X,0x00000000800014CE] -> 0x11F0
[1336] [M]: 0x00000000800014CC (0x11F0B423) sd t6, 0x108(ra)
mem[0x0000000080004328] <- 0x01C68DA230273182

mem[X,0x00000000800014D0] -> 0x0F37
mem[X,0x00000000800014D2] -> 0xFC11
[1337] [M]: 0x00000000800014D0 (0xFC110F37) lui t5, -0x3ef0
x30 <- 0xFFFFFFFFFC110000

mem[X,0x00000000800014D4] -> 0x0F13
mem[X,0x00000000800014D6] -> 0xCFFF
[1338] [M]: 0x00000000800014D4 (0xCFFF0F13) addi t5, t5, -0x301
x30 <- 0xFFFFFFFFFC10FCFF

mem[X,0x00000000800014D8] -> 0x1F13
mem[X,0x00000000800014DA] -> 0x00BF
[1339] [M]: 0x00000000800014D8 (0x00BF1F13) slli t5, t5, 0xb
x30 <- 0xFFFFFFE087E7F800

mem[X,0x00000000800014DC] -> 0x0F13
mem[X,0x00000000800014DE] -> 0x008F
[1340] [M]: 0x00000000800014DC (0x008F0F13) addi t5, t5, 0x8
x30 <- 0xFFFFFFE087E7F808

mem[X,0x00000000800014E0] -> 0x1F13
mem[X,0x00000000800014E2] -> 0x00BF
[1341] [M]: 0x00000000800014E0 (0x00BF1F13) slli t5, t5, 0xb
x30 <- 0xFFFF043F3FC04000

mem[X,0x00000000800014E4] -> 0x0F13
mem[X,0x00000000800014E6] -> 0x0BEF
[1342] [M]: 0x00000000800014E4 (0x0BEF0F13) addi t5, t5, 0xbe
x30 <- 0xFFFF043F3FC040BE

mem[X,0x00000000800014E8] -> 0x1F13
mem[X,0x00000000800014EA] -> 0x00AF
[1343] [M]: 0x00000000800014E8 (0x00AF1F13) slli t5, t5, 0xa
x30 <- 0xFC10FCFF0102F800

mem[X,0x00000000800014EC] -> 0x0F13
mem[X,0x00000000800014EE] -> 0x106F
[1344] [M]: 0x00000000800014EC (0x106F0F13) addi t5, t5, 0x106
x30 <- 0xFC10FCFF0102F906

mem[X,0x00000000800014F0] -> 0x0EB7
mem[X,0x00000000800014F2] -> 0xAAFE
[1345] [M]: 0x00000000800014F0 (0xAAFE0EB7) lui t4, -0x55020
x29 <- 0xFFFFFFFFAAFE0000

mem[X,0x00000000800014F4] -> 0x8E93
mem[X,0x00000000800014F6] -> 0x055E
[1346] [M]: 0x00000000800014F4 (0x055E8E93) addi t4, t4, 0x55
x29 <- 0xFFFFFFFFAAFE0055

mem[X,0x00000000800014F8] -> 0x9E93
mem[X,0x00000000800014FA] -> 0x00BE
[1347] [M]: 0x00000000800014F8 (0x00BE9E93) slli t4, t4, 0xb
x29 <- 0xFFFFFD57F002A800

mem[X,0x00000000800014FC] -> 0x8E93
mem[X,0x00000000800014FE] -> 0x020E
[1348] [M]: 0x00000000800014FC (0x020E8E93) addi t4, t4, 0x20
x29 <- 0xFFFFFD57F002A820

mem[X,0x0000000080001500] -> 0x9E93
mem[X,0x0000000080001502] -> 0x00BE
[1349] [M]: 0x0000000080001500 (0x00BE9E93) slli t4, t4, 0xb
x29 <- 0xFFEABF8015410000

mem[X,0x0000000080001504] -> 0x8E93
mem[X,0x0000000080001506] -> 0x182E
[1350] [M]: 0x0000000080001504 (0x182E8E93) addi t4, t4, 0x182
x29 <- 0xFFEABF8015410182

mem[X,0x0000000080001508] -> 0x9E93
mem[X,0x000000008000150A] -> 0x00AE
[1351] [M]: 0x0000000080001508 (0x00AE9E93) slli t4, t4, 0xa
x29 <- 0xAAFE005504060800

mem[X,0x000000008000150C] -> 0x8E93
mem[X,0x000000008000150E] -> 0x108E
[1352] [M]: 0x000000008000150C (0x108E8E93) addi t4, t4, 0x108
x29 <- 0xAAFE005504060908

mem[X,0x0000000080001510] -> 0x1FBB
mem[X,0x0000000080001512] -> 0xBDDF
[1353] [M]: 0x0000000080001510 (0xBDDF1FBB) pdifsumau.b t6, t5, t4
x31 <- 0xACC48DF7342D3E69

mem[X,0x0000000080001514] -> 0xB823
mem[X,0x0000000080001516] -> 0x11F0
[1354] [M]: 0x0000000080001514 (0x11F0B823) sd t6, 0x110(ra)
mem[0x0000000080004330] <- 0xACC48DF7342D3E69

mem[X,0x0000000080001518] -> 0x0F37
mem[X,0x000000008000151A] -> 0x10FE
[1355] [M]: 0x0000000080001518 (0x10FE0F37) lui t5, 0x10fe0
x30 <- 0x0000000010FE0000

mem[X,0x000000008000151C] -> 0x0F13
mem[X,0x000000008000151E] -> 0xFFEF
[1356] [M]: 0x000000008000151C (0xFFEF0F13) addi t5, t5, -0x2
x30 <- 0x0000000010FDFFFE

mem[X,0x0000000080001520] -> 0x1F13
mem[X,0x0000000080001522] -> 0x00BF
[1357] [M]: 0x0000000080001520 (0x00BF1F13) slli t5, t5, 0xb
x30 <- 0x00000087EFFFF000

mem[X,0x0000000080001524] -> 0x0F13
mem[X,0x0000000080001526] -> 0x00CF
[1358] [M]: 0x0000000080001524 (0x00CF0F13) addi t5, t5, 0xc
x30 <- 0x00000087EFFFF00C

mem[X,0x0000000080001528] -> 0x1F13
mem[X,0x000000008000152A] -> 0x00BF
[1359] [M]: 0x0000000080001528 (0x00BF1F13) slli t5, t5, 0xb
x30 <- 0x00043F7FFF806000

mem[X,0x000000008000152C] -> 0x0F13
mem[X,0x000000008000152E] -> 0x03FF
[1360] [M]: 0x000000008000152C (0x03FF0F13) addi t5, t5, 0x3f
x30 <- 0x00043F7FFF80603F

mem[X,0x0000000080001530] -> 0x1F13
mem[X,0x0000000080001532] -> 0x00AF
[1361] [M]: 0x0000000080001530 (0x00AF1F13) slli t5, t5, 0xa
x30 <- 0x10FDFFFE0180FC00

mem[X,0x0000000080001534] -> 0x0F13
mem[X,0x0000000080001536] -> 0x002F
[1362] [M]: 0x0000000080001534 (0x002F0F13) addi t5, t5, 0x2
x30 <- 0x10FDFFFE0180FC02

mem[X,0x0000000080001538] -> 0x1EB7
mem[X,0x000000008000153A] -> 0xFFF7
[1363] [M]: 0x0000000080001538 (0xFFF71EB7) lui t4, -0x8f
x29 <- 0xFFFFFFFFFFF71000

mem[X,0x000000008000153C] -> 0x8E93
mem[X,0x000000008000153E] -> 0x002E
[1364] [M]: 0x000000008000153C (0x002E8E93) addi t4, t4, 0x2
x29 <- 0xFFFFFFFFFFF71002

mem[X,0x0000000080001540] -> 0x9E93
mem[X,0x0000000080001542] -> 0x00BE
[1365] [M]: 0x0000000080001540 (0x00BE9E93) slli t4, t4, 0xb
x29 <- 0xFFFFFFFFB8801000

mem[X,0x0000000080001544] -> 0x8E93
mem[X,0x0000000080001546] -> 0x027E
[1366] [M]: 0x0000000080001544 (0x027E8E93) addi t4, t4, 0x27
x29 <- 0xFFFFFFFFB8801027

mem[X,0x0000000080001548] -> 0x9E93
mem[X,0x000000008000154A] -> 0x00BE
[1367] [M]: 0x0000000080001548 (0x00BE9E93) slli t4, t4, 0xb
x29 <- 0xFFFFFDC400813800

mem[X,0x000000008000154C] -> 0x8E93
mem[X,0x000000008000154E] -> 0x5B0E
[1368] [M]: 0x000000008000154C (0x5B0E8E93) addi t4, t4, 0x5b0
x29 <- 0xFFFFFDC400813DB0

mem[X,0x0000000080001550] -> 0x9E93
mem[X,0x0000000080001552] -> 0x00AE
[1369] [M]: 0x0000000080001550 (0x00AE9E93) slli t4, t4, 0xa
x29 <- 0xFFF7100204F6C000

mem[X,0x0000000080001554] -> 0x8E93
mem[X,0x0000000080001556] -> 0x0F6E
[1370] [M]: 0x0000000080001554 (0x0F6E8E93) addi t4, t4, 0xf6
x29 <- 0xFFF7100204F6C0F6

mem[X,0x0000000080001558] -> 0x1FBB
mem[X,0x000000008000155A] -> 0xBDDF
[1371] [M]: 0x0000000080001558 (0xBDDF1FBB) pdifsumau.b t6, t5, t4
x31 <- 0xACBB9DF9392403E8

mem[X,0x000000008000155C] -> 0xBC23
mem[X,0x000000008000155E] -> 0x11F0
[1372] [M]: 0x000000008000155C (0x11F0BC23) sd t6, 0x118(ra)
mem[0x0000000080004338] <- 0xACBB9DF9392403E8

mem[X,0x0000000080001560] -> 0xFF37
mem[X,0x0000000080001562] -> 0x05FB
[1373] [M]: 0x0000000080001560 (0x05FBFF37) lui t5, 0x5fbf
x30 <- 0x0000000005FBF000

mem[X,0x0000000080001564] -> 0x0F13
mem[X,0x0000000080001566] -> 0x640F
[1374] [M]: 0x0000000080001564 (0x640F0F13) addi t5, t5, 0x640
x30 <- 0x0000000005FBF640

mem[X,0x0000000080001568] -> 0x1F13
mem[X,0x000000008000156A] -> 0x00BF
[1375] [M]: 0x0000000080001568 (0x00BF1F13) slli t5, t5, 0xb
x30 <- 0x0000002FDFB20000

mem[X,0x000000008000156C] -> 0x0F13
mem[X,0x000000008000156E] -> 0x6FDF
[1376] [M]: 0x000000008000156C (0x6FDF0F13) addi t5, t5, 0x6fd
x30 <- 0x0000002FDFB206FD

mem[X,0x0000000080001570] -> 0x1F13
mem[X,0x0000000080001572] -> 0x00BF
[1377] [M]: 0x0000000080001570 (0x00BF1F13) slli t5, t5, 0xb
x30 <- 0x00017EFD9037E800

mem[X,0x0000000080001574] -> 0x0F13
mem[X,0x0000000080001576] -> 0x281F
[1378] [M]: 0x0000000080001574 (0x281F0F13) addi t5, t5, 0x281
x30 <- 0x00017EFD9037EA81

mem[X,0x0000000080001578] -> 0x1F13
mem[X,0x000000008000157A] -> 0x00AF
[1379] [M]: 0x0000000080001578 (0x00AF1F13) slli t5, t5, 0xa
x30 <- 0x05FBF640DFAA0400

mem[X,0x000000008000157C] -> 0x0F13
mem[X,0x000000008000157E] -> 0x307F
[1380] [M]: 0x000000008000157C (0x307F0F13) addi t5, t5, 0x307
x30 <- 0x05FBF640DFAA0707

mem[X,0x0000000080001580] -> 0x0EB7
mem[X,0x0000000080001582] -> 0xEFFB
[1381] [M]: 0x0000000080001580 (0xEFFB0EB7) lui t4, -0x10050
x29 <- 0xFFFFFFFFEFFB0000

mem[X,0x0000000080001584] -> 0x8E93
mem[X,0x0000000080001586] -> 0xFBFE
[1382] [M]: 0x0000000080001584 (0xFBFE8E93) addi t4, t4, -0x41
x29 <- 0xFFFFFFFFEFFAFFBF

mem[X,0x0000000080001588] -> 0x9E93
mem[X,0x000000008000158A] -> 0x00BE
[1383] [M]: 0x0000000080001588 (0x00BE9E93) slli t4, t4, 0xb
x29 <- 0xFFFFFF7FD7FDF800

mem[X,0x000000008000158C] -> 0x8E93
mem[X,0x000000008000158E] -> 0x007E
[1384] [M]: 0x000000008000158C (0x007E8E93) addi t4, t4, 0x7
x29 <- 0xFFFFFF7FD7FDF807

mem[X,0x0000000080001590] -> 0x9E93
mem[X,0x0000000080001592] -> 0x00BE
[1385] [M]: 0x0000000080001590 (0x00BE9E93) slli t4, t4, 0xb
x29 <- 0xFFFBFEBFEFC03800

mem[X,0x0000000080001594] -> 0x8E93
mem[X,0x0000000080001596] -> 0x741E
[1386] [M]: 0x0000000080001594 (0x741E8E93) addi t4, t4, 0x741
x29 <- 0xFFFBFEBFEFC03F41

mem[X,0x0000000080001598] -> 0x9E93
mem[X,0x000000008000159A] -> 0x00AE
[1387] [M]: 0x0000000080001598 (0x00AE9E93) slli t4, t4, 0xa
x29 <- 0xEFFAFFBF00FD0400

mem[X,0x000000008000159C] -> 0x8E93
mem[X,0x000000008000159E] -> 0x210E
[1388] [M]: 0x000000008000159C (0x210E8E93) addi t4, t4, 0x210
x29 <- 0xEFFAFFBF00FD0610

mem[X,0x00000000800015A0] -> 0x1FBB
mem[X,0x00000000800015A2] -> 0xBDDF
[1389] [M]: 0x00000000800015A0 (0xBDDF1FBB) pdifsumau.b t6, t5, t4
x31 <- 0x9CB69DB83A210CA7

mem[X,0x00000000800015A4] -> 0xB023
mem[X,0x00000000800015A6] -> 0x13F0
[1390] [M]: 0x00000000800015A4 (0x13F0B023) sd t6, 0x120(ra)
mem[0x0000000080004340] <- 0x9CB69DB83A210CA7

mem[X,0x00000000800015A8] -> 0x0F37
mem[X,0x00000000800015AA] -> 0x7F03
[1391] [M]: 0x00000000800015A8 (0x7F030F37) lui t5, 0x7f030
x30 <- 0x000000007F030000

mem[X,0x00000000800015AC] -> 0x0F13
mem[X,0x00000000800015AE] -> 0xD40F
[1392] [M]: 0x00000000800015AC (0xD40F0F13) addi t5, t5, -0x2c0
x30 <- 0x000000007F02FD40

mem[X,0x00000000800015B0] -> 0x1F13
mem[X,0x00000000800015B2] -> 0x00BF
[1393] [M]: 0x00000000800015B0 (0x00BF1F13) slli t5, t5, 0xb
x30 <- 0x000003F817EA0000

mem[X,0x00000000800015B4] -> 0x0F13
mem[X,0x00000000800015B6] -> 0x7EFF
[1394] [M]: 0x00000000800015B4 (0x7EFF0F13) addi t5, t5, 0x7ef
x30 <- 0x000003F817EA07EF

mem[X,0x00000000800015B8] -> 0x1F13
mem[X,0x00000000800015BA] -> 0x00BF
[1395] [M]: 0x00000000800015B8 (0x00BF1F13) slli t5, t5, 0xb
x30 <- 0x001FC0BF503F7800

mem[X,0x00000000800015BC] -> 0x0F13
mem[X,0x00000000800015BE] -> 0x64FF
[1396] [M]: 0x00000000800015BC (0x64FF0F13) addi t5, t5, 0x64f
x30 <- 0x001FC0BF503F7E4F

mem[X,0x00000000800015C0] -> 0x1F13
mem[X,0x00000000800015C2] -> 0x00AF
[1397] [M]: 0x00000000800015C0 (0x00AF1F13) slli t5, t5, 0xa
x30 <- 0x7F02FD40FDF93C00

mem[X,0x00000000800015C4] -> 0x0F13
mem[X,0x00000000800015C6] -> 0x355F
[1398] [M]: 0x00000000800015C4 (0x355F0F13) addi t5, t5, 0x355
x30 <- 0x7F02FD40FDF93F55

mem[X,0x00000000800015C8] -> 0x1EB7
mem[X,0x00000000800015CA] -> 0xFF55
[1399] [M]: 0x00000000800015C8 (0xFF551EB7) lui t4, -0xaaf
x29 <- 0xFFFFFFFFFF551000

clint::tick mtime <- 0x000000000000000E
 clint timer pending at mtime 0x000000000000000E
htif::tick 0x0000000000000000
mem[X,0x00000000800015CC] -> 0x8E93
mem[X,0x00000000800015CE] -> 0x0F8E
[1400] [M]: 0x00000000800015CC (0x0F8E8E93) addi t4, t4, 0xf8
x29 <- 0xFFFFFFFFFF5510F8

mem[X,0x00000000800015D0] -> 0x9E93
mem[X,0x00000000800015D2] -> 0x00BE
[1401] [M]: 0x00000000800015D0 (0x00BE9E93) slli t4, t4, 0xb
x29 <- 0xFFFFFFFAA887C000

mem[X,0x00000000800015D4] -> 0x8E93
mem[X,0x00000000800015D6] -> 0x037E
[1402] [M]: 0x00000000800015D4 (0x037E8E93) addi t4, t4, 0x37
x29 <- 0xFFFFFFFAA887C037

mem[X,0x00000000800015D8] -> 0x9E93
mem[X,0x00000000800015DA] -> 0x00BE
[1403] [M]: 0x00000000800015D8 (0x00BE9E93) slli t4, t4, 0xb
x29 <- 0xFFFFD5443E01B800

mem[X,0x00000000800015DC] -> 0x8E93
mem[X,0x00000000800015DE] -> 0x73EE
[1404] [M]: 0x00000000800015DC (0x73EE8E93) addi t4, t4, 0x73e
x29 <- 0xFFFFD5443E01BF3E

mem[X,0x00000000800015E0] -> 0x9E93
mem[X,0x00000000800015E2] -> 0x00AE
[1405] [M]: 0x00000000800015E0 (0x00AE9E93) slli t4, t4, 0xa
x29 <- 0xFF5510F806FCF800

mem[X,0x00000000800015E4] -> 0x8E93
mem[X,0x00000000800015E6] -> 0x0EFE
[1406] [M]: 0x00000000800015E4 (0x0EFE8E93) addi t4, t4, 0xef
x29 <- 0xFF5510F806FCF8EF

mem[X,0x00000000800015E8] -> 0x1FBB
mem[X,0x00000000800015EA] -> 0xBDDF
[1407] [M]: 0x00000000800015E8 (0xBDDF1FBB) pdifsumau.b t6, t5, t4
x31 <- 0x9C0BAEB0411E0A5B

mem[X,0x00000000800015EC] -> 0xB423
mem[X,0x00000000800015EE] -> 0x13F0
[1408] [M]: 0x00000000800015EC (0x13F0B423) sd t6, 0x128(ra)
mem[0x0000000080004348] <- 0x9C0BAEB0411E0A5B

mem[X,0x00000000800015F0] -> 0x2F37
mem[X,0x00000000800015F2] -> 0x7F05
[1409] [M]: 0x00000000800015F0 (0x7F052F37) lui t5, 0x7f052
x30 <- 0x000000007F052000

mem[X,0x00000000800015F4] -> 0x0F13
mem[X,0x00000000800015F6] -> 0x0FBF
[1410] [M]: 0x00000000800015F4 (0x0FBF0F13) addi t5, t5, 0xfb
x30 <- 0x000000007F0520FB

mem[X,0x00000000800015F8] -> 0x1F13
mem[X,0x00000000800015FA] -> 0x00BF
[1411] [M]: 0x00000000800015F8 (0x00BF1F13) slli t5, t5, 0xb
x30 <- 0x000003F82907D800

mem[X,0x00000000800015FC] -> 0x0F13
mem[X,0x00000000800015FE] -> 0x033F
[1412] [M]: 0x00000000800015FC (0x033F0F13) addi t5, t5, 0x33
x30 <- 0x000003F82907D833

mem[X,0x0000000080001600] -> 0x1F13
mem[X,0x0000000080001602] -> 0x00BF
[1413] [M]: 0x0000000080001600 (0x00BF1F13) slli t5, t5, 0xb
x30 <- 0x001FC1483EC19800

mem[X,0x0000000080001604] -> 0x0F13
mem[X,0x0000000080001606] -> 0x7FFF
[1414] [M]: 0x0000000080001604 (0x7FFF0F13) addi t5, t5, 0x7ff
x30 <- 0x001FC1483EC19FFF

mem[X,0x0000000080001608] -> 0x1F13
mem[X,0x000000008000160A] -> 0x00AF
[1415] [M]: 0x0000000080001608 (0x00AF1F13) slli t5, t5, 0xa
x30 <- 0x7F0520FB067FFC00

mem[X,0x000000008000160C] -> 0x0F13
mem[X,0x000000008000160E] -> 0x006F
[1416] [M]: 0x000000008000160C (0x006F0F13) addi t5, t5, 0x6
x30 <- 0x7F0520FB067FFC06

mem[X,0x0000000080001610] -> 0x8EB7
mem[X,0x0000000080001612] -> 0xFBF8
[1417] [M]: 0x0000000080001610 (0xFBF88EB7) lui t4, -0x4078
x29 <- 0xFFFFFFFFFBF88000

mem[X,0x0000000080001614] -> 0x8E93
mem[X,0x0000000080001616] -> 0xFFFE
[1418] [M]: 0x0000000080001614 (0xFFFE8E93) addi t4, t4, -0x1
x29 <- 0xFFFFFFFFFBF87FFF

mem[X,0x0000000080001618] -> 0x9E93
mem[X,0x000000008000161A] -> 0x00BE
[1419] [M]: 0x0000000080001618 (0x00BE9E93) slli t4, t4, 0xb
x29 <- 0xFFFFFFDFC3FFF800

mem[X,0x000000008000161C] -> 0x8E93
mem[X,0x000000008000161E] -> 0x7EFE
[1420] [M]: 0x000000008000161C (0x7EFE8E93) addi t4, t4, 0x7ef
x29 <- 0xFFFFFFDFC3FFFFEF

mem[X,0x0000000080001620] -> 0x9E93
mem[X,0x0000000080001622] -> 0x00BE
[1421] [M]: 0x0000000080001620 (0x00BE9E93) slli t4, t4, 0xb
x29 <- 0xFFFEFE1FFFFF7800

mem[X,0x0000000080001624] -> 0x8E93
mem[X,0x0000000080001626] -> 0x690E
[1422] [M]: 0x0000000080001624 (0x690E8E93) addi t4, t4, 0x690
x29 <- 0xFFFEFE1FFFFF7E90

mem[X,0x0000000080001628] -> 0x9E93
mem[X,0x000000008000162A] -> 0x00AE
[1423] [M]: 0x0000000080001628 (0x00AE9E93) slli t4, t4, 0xa
x29 <- 0xFBF87FFFFDFA4000

mem[X,0x000000008000162C] -> 0x8E93
mem[X,0x000000008000162E] -> 0x006E
[1424] [M]: 0x000000008000162C (0x006E8E93) addi t4, t4, 0x6
x29 <- 0xFBF87FFFFDFA4006

mem[X,0x0000000080001630] -> 0x1FBB
mem[X,0x0000000080001632] -> 0xBDDF
[1425] [M]: 0x0000000080001630 (0xBDDF1FBB) pdifsumau.b t6, t5, t4
x31 <- 0x98042EB03F184E61

mem[X,0x0000000080001634] -> 0xB823
mem[X,0x0000000080001636] -> 0x13F0
[1426] [M]: 0x0000000080001634 (0x13F0B823) sd t6, 0x130(ra)
mem[0x0000000080004350] <- 0x98042EB03F184E61

mem[X,0x0000000080001638] -> 0x0F37
mem[X,0x000000008000163A] -> 0x0555
[1427] [M]: 0x0000000080001638 (0x05550F37) lui t5, 0x5550
x30 <- 0x0000000005550000

mem[X,0x000000008000163C] -> 0x0F13
mem[X,0x000000008000163E] -> 0x4C0F
[1428] [M]: 0x000000008000163C (0x4C0F0F13) addi t5, t5, 0x4c0
x30 <- 0x00000000055504C0

mem[X,0x0000000080001640] -> 0x1F13
mem[X,0x0000000080001642] -> 0x00BF
[1429] [M]: 0x0000000080001640 (0x00BF1F13) slli t5, t5, 0xb
x30 <- 0x0000002AA8260000

mem[X,0x0000000080001644] -> 0x0F13
mem[X,0x0000000080001646] -> 0x7DDF
[1430] [M]: 0x0000000080001644 (0x7DDF0F13) addi t5, t5, 0x7dd
x30 <- 0x0000002AA82607DD

mem[X,0x0000000080001648] -> 0x1F13
mem[X,0x000000008000164A] -> 0x00BF
[1431] [M]: 0x0000000080001648 (0x00BF1F13) slli t5, t5, 0xb
x30 <- 0x00015541303EE800

mem[X,0x000000008000164C] -> 0x0F13
mem[X,0x000000008000164E] -> 0x7C1F
[1432] [M]: 0x000000008000164C (0x7C1F0F13) addi t5, t5, 0x7c1
x30 <- 0x00015541303EEFC1

mem[X,0x0000000080001650] -> 0x1F13
mem[X,0x0000000080001652] -> 0x00AF
[1433] [M]: 0x0000000080001650 (0x00AF1F13) slli t5, t5, 0xa
x30 <- 0x055504C0FBBF0400

mem[X,0x0000000080001654] -> 0x0F13
mem[X,0x0000000080001656] -> 0x0FBF
[1434] [M]: 0x0000000080001654 (0x0FBF0F13) addi t5, t5, 0xfb
x30 <- 0x055504C0FBBF04FB

mem[X,0x0000000080001658] -> 0x8EB7
mem[X,0x000000008000165A] -> 0x08FA
[1435] [M]: 0x0000000080001658 (0x08FA8EB7) lui t4, 0x8fa8
x29 <- 0x0000000008FA8000

mem[X,0x000000008000165C] -> 0x8E93
mem[X,0x000000008000165E] -> 0xF00E
[1436] [M]: 0x000000008000165C (0xF00E8E93) addi t4, t4, -0x100
x29 <- 0x0000000008FA7F00

mem[X,0x0000000080001660] -> 0x9E93
mem[X,0x0000000080001662] -> 0x00BE
[1437] [M]: 0x0000000080001660 (0x00BE9E93) slli t4, t4, 0xb
x29 <- 0x00000047D3F80000

mem[X,0x0000000080001664] -> 0x8E93
mem[X,0x0000000080001666] -> 0x6F8E
[1438] [M]: 0x0000000080001664 (0x6F8E8E93) addi t4, t4, 0x6f8
x29 <- 0x00000047D3F806F8

mem[X,0x0000000080001668] -> 0x9E93
mem[X,0x000000008000166A] -> 0x00BE
[1439] [M]: 0x0000000080001668 (0x00BE9E93) slli t4, t4, 0xb
x29 <- 0x00023E9FC037C000

mem[X,0x000000008000166C] -> 0x8E93
mem[X,0x000000008000166E] -> 0x27FE
[1440] [M]: 0x000000008000166C (0x27FE8E93) addi t4, t4, 0x27f
x29 <- 0x00023E9FC037C27F

mem[X,0x0000000080001670] -> 0x9E93
mem[X,0x0000000080001672] -> 0x00AE
[1441] [M]: 0x0000000080001670 (0x00AE9E93) slli t4, t4, 0xa
x29 <- 0x08FA7F00DF09FC00

mem[X,0x0000000080001674] -> 0x8E93
mem[X,0x0000000080001676] -> 0x308E
[1442] [M]: 0x0000000080001674 (0x308E8E93) addi t4, t4, 0x308
x29 <- 0x08FA7F00DF09FF08

mem[X,0x0000000080001678] -> 0x1FBB
mem[X,0x000000008000167A] -> 0xBDDF
[1443] [M]: 0x0000000080001678 (0xBDDF1FBB) pdifsumau.b t6, t5, t4
x31 <- 0xA0FEADB11E22520C

mem[X,0x000000008000167C] -> 0xBC23
mem[X,0x000000008000167E] -> 0x13F0
[1444] [M]: 0x000000008000167C (0x13F0BC23) sd t6, 0x138(ra)
mem[0x0000000080004358] <- 0xA0FEADB11E22520C

mem[X,0x0000000080001680] -> 0xFF37
mem[X,0x0000000080001682] -> 0x05FD
[1445] [M]: 0x0000000080001680 (0x05FDFF37) lui t5, 0x5fdf
x30 <- 0x0000000005FDF000

mem[X,0x0000000080001684] -> 0x0F13
mem[X,0x0000000080001686] -> 0xF06F
[1446] [M]: 0x0000000080001684 (0xF06F0F13) addi t5, t5, -0xfa
x30 <- 0x0000000005FDEF06

mem[X,0x0000000080001688] -> 0x1F13
mem[X,0x000000008000168A] -> 0x00BF
[1447] [M]: 0x0000000080001688 (0x00BF1F13) slli t5, t5, 0xb
x30 <- 0x0000002FEF783000

mem[X,0x000000008000168C] -> 0x0F13
mem[X,0x000000008000168E] -> 0x020F
[1448] [M]: 0x000000008000168C (0x020F0F13) addi t5, t5, 0x20
x30 <- 0x0000002FEF783020

mem[X,0x0000000080001690] -> 0x1F13
mem[X,0x0000000080001692] -> 0x00BF
[1449] [M]: 0x0000000080001690 (0x00BF1F13) slli t5, t5, 0xb
x30 <- 0x00017F7BC1810000

mem[X,0x0000000080001694] -> 0x0F13
mem[X,0x0000000080001696] -> 0x06FF
[1450] [M]: 0x0000000080001694 (0x06FF0F13) addi t5, t5, 0x6f
x30 <- 0x00017F7BC181006F

mem[X,0x0000000080001698] -> 0x1F13
mem[X,0x000000008000169A] -> 0x00AF
[1451] [M]: 0x0000000080001698 (0x00AF1F13) slli t5, t5, 0xa
x30 <- 0x05FDEF060401BC00

mem[X,0x000000008000169C] -> 0x0F13
mem[X,0x000000008000169E] -> 0x309F
[1452] [M]: 0x000000008000169C (0x309F0F13) addi t5, t5, 0x309
x30 <- 0x05FDEF060401BF09

mem[X,0x00000000800016A0] -> 0x1EB7
mem[X,0x00000000800016A2] -> 0xBFFD
[1453] [M]: 0x00000000800016A0 (0xBFFD1EB7) lui t4, -0x4002f
x29 <- 0xFFFFFFFFBFFD1000

mem[X,0x00000000800016A4] -> 0x8E93
mem[X,0x00000000800016A6] -> 0x0FDE
[1454] [M]: 0x00000000800016A4 (0x0FDE8E93) addi t4, t4, 0xfd
x29 <- 0xFFFFFFFFBFFD10FD

mem[X,0x00000000800016A8] -> 0x9E93
mem[X,0x00000000800016AA] -> 0x00BE
[1455] [M]: 0x00000000800016A8 (0x00BE9E93) slli t4, t4, 0xb
x29 <- 0xFFFFFDFFE887E800

mem[X,0x00000000800016AC] -> 0x8E93
mem[X,0x00000000800016AE] -> 0x3FEE
[1456] [M]: 0x00000000800016AC (0x3FEE8E93) addi t4, t4, 0x3fe
x29 <- 0xFFFFFDFFE887EBFE

mem[X,0x00000000800016B0] -> 0x9E93
mem[X,0x00000000800016B2] -> 0x00BE
[1457] [M]: 0x00000000800016B0 (0x00BE9E93) slli t4, t4, 0xb
x29 <- 0xFFEFFF443F5FF000

mem[X,0x00000000800016B4] -> 0x8E93
mem[X,0x00000000800016B6] -> 0x7FFE
[1458] [M]: 0x00000000800016B4 (0x7FFE8E93) addi t4, t4, 0x7ff
x29 <- 0xFFEFFF443F5FF7FF

mem[X,0x00000000800016B8] -> 0x9E93
mem[X,0x00000000800016BA] -> 0x00AE
[1459] [M]: 0x00000000800016B8 (0x00AE9E93) slli t4, t4, 0xa
x29 <- 0xBFFD10FD7FDFFC00

mem[X,0x00000000800016BC] -> 0x8E93
mem[X,0x00000000800016BE] -> 0x209E
[1460] [M]: 0x00000000800016BC (0x209E8E93) addi t4, t4, 0x209
x29 <- 0xBFFD10FD7FDFFE09

mem[X,0x00000000800016C0] -> 0x1FBB
mem[X,0x00000000800016C2] -> 0xBDDF
[1461] [M]: 0x00000000800016C0 (0xBDDF1FBB) pdifsumau.b t6, t5, t4
x31 <- 0x60FBBEAE9E02543D

mem[X,0x00000000800016C4] -> 0xB023
mem[X,0x00000000800016C6] -> 0x15F0
[1462] [M]: 0x00000000800016C4 (0x15F0B023) sd t6, 0x140(ra)
mem[0x0000000080004360] <- 0x60FBBEAE9E02543D

mem[X,0x00000000800016C8] -> 0xEF37
mem[X,0x00000000800016CA] -> 0x80F7
[1463] [M]: 0x00000000800016C8 (0x80F7EF37) lui t5, -0x7f082
x30 <- 0xFFFFFFFF80F7E000

mem[X,0x00000000800016CC] -> 0x0F13
mem[X,0x00000000800016CE] -> 0xF05F
[1464] [M]: 0x00000000800016CC (0xF05F0F13) addi t5, t5, -0xfb
x30 <- 0xFFFFFFFF80F7DF05

mem[X,0x00000000800016D0] -> 0x1F13
mem[X,0x00000000800016D2] -> 0x00BF
[1465] [M]: 0x00000000800016D0 (0x00BF1F13) slli t5, t5, 0xb
x30 <- 0xFFFFFC07BEF82800

mem[X,0x00000000800016D4] -> 0x0F13
mem[X,0x00000000800016D6] -> 0x106F
[1466] [M]: 0x00000000800016D4 (0x106F0F13) addi t5, t5, 0x106
x30 <- 0xFFFFFC07BEF82906

mem[X,0x00000000800016D8] -> 0x1F13
mem[X,0x00000000800016DA] -> 0x00BF
[1467] [M]: 0x00000000800016D8 (0x00BF1F13) slli t5, t5, 0xb
x30 <- 0xFFE03DF7C1483000

mem[X,0x00000000800016DC] -> 0x0F13
mem[X,0x00000000800016DE] -> 0x7FFF
[1468] [M]: 0x00000000800016DC (0x7FFF0F13) addi t5, t5, 0x7ff
x30 <- 0xFFE03DF7C14837FF

mem[X,0x00000000800016E0] -> 0x1F13
mem[X,0x00000000800016E2] -> 0x00AF
[1469] [M]: 0x00000000800016E0 (0x00AF1F13) slli t5, t5, 0xa
x30 <- 0x80F7DF0520DFFC00

mem[X,0x00000000800016E4] -> 0x0F13
mem[X,0x00000000800016E6] -> 0x340F
[1470] [M]: 0x00000000800016E4 (0x340F0F13) addi t5, t5, 0x340
x30 <- 0x80F7DF0520DFFF40

mem[X,0x00000000800016E8] -> 0x8EB7
mem[X,0x00000000800016EA] -> 0x2010
[1471] [M]: 0x00000000800016E8 (0x20108EB7) lui t4, 0x20108
x29 <- 0x0000000020108000

mem[X,0x00000000800016EC] -> 0x8E93
mem[X,0x00000000800016EE] -> 0x07FE
[1472] [M]: 0x00000000800016EC (0x07FE8E93) addi t4, t4, 0x7f
x29 <- 0x000000002010807F

mem[X,0x00000000800016F0] -> 0x9E93
mem[X,0x00000000800016F2] -> 0x00BE
[1473] [M]: 0x00000000800016F0 (0x00BE9E93) slli t4, t4, 0xb
x29 <- 0x000001008403F800

mem[X,0x00000000800016F4] -> 0x8E93
mem[X,0x00000000800016F6] -> 0x7C8E
[1474] [M]: 0x00000000800016F4 (0x7C8E8E93) addi t4, t4, 0x7c8
x29 <- 0x000001008403FFC8

mem[X,0x00000000800016F8] -> 0x9E93
mem[X,0x00000000800016FA] -> 0x00BE
[1475] [M]: 0x00000000800016F8 (0x00BE9E93) slli t4, t4, 0xb
x29 <- 0x000804201FFE4000

mem[X,0x00000000800016FC] -> 0x8E93
mem[X,0x00000000800016FE] -> 0x000E
[1476] [M]: 0x00000000800016FC (0x000E8E93) addi t4, t4, 0x0
x29 <- 0x000804201FFE4000

mem[X,0x0000000080001700] -> 0x9E93
mem[X,0x0000000080001702] -> 0x00AE
[1477] [M]: 0x0000000080001700 (0x00AE9E93) slli t4, t4, 0xa
x29 <- 0x2010807FF9000000

mem[X,0x0000000080001704] -> 0x8E93
mem[X,0x0000000080001706] -> 0x208E
[1478] [M]: 0x0000000080001704 (0x208E8E93) addi t4, t4, 0x208
x29 <- 0x2010807FF9000208

mem[X,0x0000000080001708] -> 0x1FBB
mem[X,0x000000008000170A] -> 0xBDDF
[1479] [M]: 0x0000000080001708 (0xBDDF1FBB) pdifsumau.b t6, t5, t4
x31 <- 0x810C3F2E97025B52

mem[X,0x000000008000170C] -> 0xB423
mem[X,0x000000008000170E] -> 0x15F0
[1480] [M]: 0x000000008000170C (0x15F0B423) sd t6, 0x148(ra)
mem[0x0000000080004368] <- 0x810C3F2E97025B52

mem[X,0x0000000080001710] -> 0xCF37
mem[X,0x0000000080001712] -> 0x0140
[1481] [M]: 0x0000000080001710 (0x0140CF37) lui t5, 0x140c
x30 <- 0x000000000140C000

mem[X,0x0000000080001714] -> 0x0F13
mem[X,0x0000000080001716] -> 0xFFDF
[1482] [M]: 0x0000000080001714 (0xFFDF0F13) addi t5, t5, -0x3
x30 <- 0x000000000140BFFD

mem[X,0x0000000080001718] -> 0x1F13
mem[X,0x000000008000171A] -> 0x00BF
[1483] [M]: 0x0000000080001718 (0x00BF1F13) slli t5, t5, 0xb
x30 <- 0x0000000A05FFE800

mem[X,0x000000008000171C] -> 0x0F13
mem[X,0x000000008000171E] -> 0x087F
[1484] [M]: 0x000000008000171C (0x087F0F13) addi t5, t5, 0x87
x30 <- 0x0000000A05FFE887

mem[X,0x0000000080001720] -> 0x1F13
mem[X,0x0000000080001722] -> 0x00BF
[1485] [M]: 0x0000000080001720 (0x00BF1F13) slli t5, t5, 0xb
x30 <- 0x0000502FFF443800

mem[X,0x0000000080001724] -> 0x0F13
mem[X,0x0000000080001726] -> 0x7BEF
[1486] [M]: 0x0000000080001724 (0x7BEF0F13) addi t5, t5, 0x7be
x30 <- 0x0000502FFF443FBE

mem[X,0x0000000080001728] -> 0x1F13
mem[X,0x000000008000172A] -> 0x00AF
[1487] [M]: 0x0000000080001728 (0x00AF1F13) slli t5, t5, 0xa
x30 <- 0x0140BFFD10FEF800

mem[X,0x000000008000172C] -> 0x0F13
mem[X,0x000000008000172E] -> 0x3FBF
[1488] [M]: 0x000000008000172C (0x3FBF0F13) addi t5, t5, 0x3fb
x30 <- 0x0140BFFD10FEFBFB

mem[X,0x0000000080001730] -> 0x1EB7
mem[X,0x0000000080001732] -> 0x5509
[1489] [M]: 0x0000000080001730 (0x55091EB7) lui t4, 0x55091
x29 <- 0x0000000055091000

mem[X,0x0000000080001734] -> 0x8E93
mem[X,0x0000000080001736] -> 0x910E
[1490] [M]: 0x0000000080001734 (0x910E8E93) addi t4, t4, -0x6f0
x29 <- 0x0000000055090910

mem[X,0x0000000080001738] -> 0x9E93
mem[X,0x000000008000173A] -> 0x00BE
[1491] [M]: 0x0000000080001738 (0x00BE9E93) slli t4, t4, 0xb
x29 <- 0x000002A848488000

mem[X,0x000000008000173C] -> 0x8E93
mem[X,0x000000008000173E] -> 0x020E
[1492] [M]: 0x000000008000173C (0x020E8E93) addi t4, t4, 0x20
x29 <- 0x000002A848488020

mem[X,0x0000000080001740] -> 0x9E93
mem[X,0x0000000080001742] -> 0x00BE
[1493] [M]: 0x0000000080001740 (0x00BE9E93) slli t4, t4, 0xb
x29 <- 0x0015424244010000

mem[X,0x0000000080001744] -> 0x8E93
mem[X,0x0000000080001746] -> 0x1BDE
[1494] [M]: 0x0000000080001744 (0x1BDE8E93) addi t4, t4, 0x1bd
x29 <- 0x00154242440101BD

mem[X,0x0000000080001748] -> 0x9E93
mem[X,0x000000008000174A] -> 0x00AE
[1495] [M]: 0x0000000080001748 (0x00AE9E93) slli t4, t4, 0xa
x29 <- 0x550909100406F400

mem[X,0x000000008000174C] -> 0x8E93
mem[X,0x000000008000174E] -> 0x306E
[1496] [M]: 0x000000008000174C (0x306E8E93) addi t4, t4, 0x306
x29 <- 0x550909100406F706

mem[X,0x0000000080001750] -> 0x1FBB
mem[X,0x0000000080001752] -> 0xBDDF
[1497] [M]: 0x0000000080001750 (0xBDDF1FBB) pdifsumau.b t6, t5, t4
x31 <- 0xD615483E9B095683

mem[X,0x0000000080001754] -> 0xB823
mem[X,0x0000000080001756] -> 0x15F0
[1498] [M]: 0x0000000080001754 (0x15F0B823) sd t6, 0x150(ra)
mem[0x0000000080004370] <- 0xD615483E9B095683

mem[X,0x0000000080001758] -> 0x1F37
mem[X,0x000000008000175A] -> 0x3F80
[1499] [M]: 0x0000000080001758 (0x3F801F37) lui t5, 0x3f801
x30 <- 0x000000003F801000

clint::tick mtime <- 0x000000000000000F
 clint timer pending at mtime 0x000000000000000F
htif::tick 0x0000000000000000
mem[X,0x000000008000175C] -> 0x0F13
mem[X,0x000000008000175E] -> 0x87FF
[1500] [M]: 0x000000008000175C (0x87FF0F13) addi t5, t5, -0x781
x30 <- 0x000000003F80087F

mem[X,0x0000000080001760] -> 0x1F13
mem[X,0x0000000080001762] -> 0x00BF
[1501] [M]: 0x0000000080001760 (0x00BF1F13) slli t5, t5, 0xb
x30 <- 0x000001FC0043F800

mem[X,0x0000000080001764] -> 0x0F13
mem[X,0x0000000080001766] -> 0x047F
[1502] [M]: 0x0000000080001764 (0x047F0F13) addi t5, t5, 0x47
x30 <- 0x000001FC0043F847

mem[X,0x0000000080001768] -> 0x1F13
mem[X,0x000000008000176A] -> 0x00BF
[1503] [M]: 0x0000000080001768 (0x00BF1F13) slli t5, t5, 0xb
x30 <- 0x000FE0021FC23800

mem[X,0x000000008000176C] -> 0x0F13
mem[X,0x000000008000176E] -> 0x6C0F
[1504] [M]: 0x000000008000176C (0x6C0F0F13) addi t5, t5, 0x6c0
x30 <- 0x000FE0021FC23EC0

mem[X,0x0000000080001770] -> 0x1F13
mem[X,0x0000000080001772] -> 0x00AF
[1505] [M]: 0x0000000080001770 (0x00AF1F13) slli t5, t5, 0xa
x30 <- 0x3F80087F08FB0000

mem[X,0x0000000080001774] -> 0x0F13
mem[X,0x0000000080001776] -> 0x001F
[1506] [M]: 0x0000000080001774 (0x001F0F13) addi t5, t5, 0x1
x30 <- 0x3F80087F08FB0001

mem[X,0x0000000080001778] -> 0x0EB7
mem[X,0x000000008000177A] -> 0xF73F
[1507] [M]: 0x0000000080001778 (0xF73F0EB7) lui t4, -0x8c10
x29 <- 0xFFFFFFFFF73F0000

mem[X,0x000000008000177C] -> 0x8E93
mem[X,0x000000008000177E] -> 0x055E
[1508] [M]: 0x000000008000177C (0x055E8E93) addi t4, t4, 0x55
x29 <- 0xFFFFFFFFF73F0055

mem[X,0x0000000080001780] -> 0x9E93
mem[X,0x0000000080001782] -> 0x00BE
[1509] [M]: 0x0000000080001780 (0x00BE9E93) slli t4, t4, 0xb
x29 <- 0xFFFFFFB9F802A800

mem[X,0x0000000080001784] -> 0x8E93
mem[X,0x0000000080001786] -> 0x607E
[1510] [M]: 0x0000000080001784 (0x607E8E93) addi t4, t4, 0x607
x29 <- 0xFFFFFFB9F802AE07

mem[X,0x0000000080001788] -> 0x9E93
mem[X,0x000000008000178A] -> 0x00BE
[1511] [M]: 0x0000000080001788 (0x00BE9E93) slli t4, t4, 0xb
x29 <- 0xFFFDCFC015703800

mem[X,0x000000008000178C] -> 0x8E93
mem[X,0x000000008000178E] -> 0x67FE
[1512] [M]: 0x000000008000178C (0x67FE8E93) addi t4, t4, 0x67f
x29 <- 0xFFFDCFC015703E7F

mem[X,0x0000000080001790] -> 0x9E93
mem[X,0x0000000080001792] -> 0x00AE
[1513] [M]: 0x0000000080001790 (0x00AE9E93) slli t4, t4, 0xa
x29 <- 0xF73F0055C0F9FC00

mem[X,0x0000000080001794] -> 0x8E93
mem[X,0x0000000080001796] -> 0x3F6E
[1514] [M]: 0x0000000080001794 (0x3F6E8E93) addi t4, t4, 0x3f6
x29 <- 0xF73F0055C0F9FFF6

mem[X,0x0000000080001798] -> 0x1FBB
mem[X,0x000000008000179A] -> 0xBDDF
[1515] [M]: 0x0000000080001798 (0xBDDF1FBB) pdifsumau.b t6, t5, t4
x31 <- 0xCD5448945C035A52

mem[X,0x000000008000179C] -> 0xBC23
mem[X,0x000000008000179E] -> 0x15F0
[1516] [M]: 0x000000008000179C (0x15F0BC23) sd t6, 0x158(ra)
mem[0x0000000080004378] <- 0xCD5448945C035A52

mem[X,0x00000000800017A0] -> 0x0F37
mem[X,0x00000000800017A2] -> 0x1056
[1517] [M]: 0x00000000800017A0 (0x10560F37) lui t5, 0x10560
x30 <- 0x0000000010560000

mem[X,0x00000000800017A4] -> 0x0F13
mem[X,0x00000000800017A6] -> 0xC02F
[1518] [M]: 0x00000000800017A4 (0xC02F0F13) addi t5, t5, -0x3fe
x30 <- 0x000000001055FC02

mem[X,0x00000000800017A8] -> 0x1F13
mem[X,0x00000000800017AA] -> 0x00BF
[1519] [M]: 0x00000000800017A8 (0x00BF1F13) slli t5, t5, 0xb
x30 <- 0x00000082AFE01000

mem[X,0x00000000800017AC] -> 0x0F13
mem[X,0x00000000800017AE] -> 0x007F
[1520] [M]: 0x00000000800017AC (0x007F0F13) addi t5, t5, 0x7
x30 <- 0x00000082AFE01007

mem[X,0x00000000800017B0] -> 0x1F13
mem[X,0x00000000800017B2] -> 0x00BF
[1521] [M]: 0x00000000800017B0 (0x00BF1F13) slli t5, t5, 0xb
x30 <- 0x0004157F00803800

mem[X,0x00000000800017B4] -> 0x0F13
mem[X,0x00000000800017B6] -> 0x7BEF
[1522] [M]: 0x00000000800017B4 (0x7BEF0F13) addi t5, t5, 0x7be
x30 <- 0x0004157F00803FBE

mem[X,0x00000000800017B8] -> 0x1F13
mem[X,0x00000000800017BA] -> 0x00AF
[1523] [M]: 0x00000000800017B8 (0x00AF1F13) slli t5, t5, 0xa
x30 <- 0x1055FC0200FEF800

mem[X,0x00000000800017BC] -> 0x0F13
mem[X,0x00000000800017BE] -> 0x308F
[1524] [M]: 0x00000000800017BC (0x308F0F13) addi t5, t5, 0x308
x30 <- 0x1055FC0200FEFB08

mem[X,0x00000000800017C0] -> 0x1EB7
mem[X,0x00000000800017C2] -> 0x8005
[1525] [M]: 0x00000000800017C0 (0x80051EB7) lui t4, -0x7ffaf
x29 <- 0xFFFFFFFF80051000

mem[X,0x00000000800017C4] -> 0x8E93
mem[X,0x00000000800017C6] -> 0x940E
[1526] [M]: 0x00000000800017C4 (0x940E8E93) addi t4, t4, -0x6c0
x29 <- 0xFFFFFFFF80050940

mem[X,0x00000000800017C8] -> 0x9E93
mem[X,0x00000000800017CA] -> 0x00BE
[1527] [M]: 0x00000000800017C8 (0x00BE9E93) slli t4, t4, 0xb
x29 <- 0xFFFFFC00284A0000

mem[X,0x00000000800017CC] -> 0x8E93
mem[X,0x00000000800017CE] -> 0x2AAE
[1528] [M]: 0x00000000800017CC (0x2AAE8E93) addi t4, t4, 0x2aa
x29 <- 0xFFFFFC00284A02AA

mem[X,0x00000000800017D0] -> 0x9E93
mem[X,0x00000000800017D2] -> 0x00BE
[1529] [M]: 0x00000000800017D0 (0x00BE9E93) slli t4, t4, 0xb
x29 <- 0xFFE0014250155000

mem[X,0x00000000800017D4] -> 0x8E93
mem[X,0x00000000800017D6] -> 0x541E
[1530] [M]: 0x00000000800017D4 (0x541E8E93) addi t4, t4, 0x541
x29 <- 0xFFE0014250155541

mem[X,0x00000000800017D8] -> 0x9E93
mem[X,0x00000000800017DA] -> 0x00AE
[1531] [M]: 0x00000000800017D8 (0x00AE9E93) slli t4, t4, 0xa
x29 <- 0x8005094055550400

mem[X,0x00000000800017DC] -> 0x8E93
mem[X,0x00000000800017DE] -> 0x040E
[1532] [M]: 0x00000000800017DC (0x040E8E93) addi t4, t4, 0x40
x29 <- 0x8005094055550440

mem[X,0x00000000800017E0] -> 0x1FBB
mem[X,0x00000000800017E2] -> 0xBDDF
[1533] [M]: 0x00000000800017E0 (0xBDDF1FBB) pdifsumau.b t6, t5, t4
x31 <- 0x4D5951D4B15862B0

mem[X,0x00000000800017E4] -> 0xB023
mem[X,0x00000000800017E6] -> 0x17F0
[1534] [M]: 0x00000000800017E4 (0x17F0B023) sd t6, 0x160(ra)
mem[0x0000000080004380] <- 0x4D5951D4B15862B0

mem[X,0x00000000800017E8] -> 0x0F37
mem[X,0x00000000800017EA] -> 0x0702
[1535] [M]: 0x00000000800017E8 (0x07020F37) lui t5, 0x7020
x30 <- 0x0000000007020000

mem[X,0x00000000800017EC] -> 0x0F13
mem[X,0x00000000800017EE] -> 0x601F
[1536] [M]: 0x00000000800017EC (0x601F0F13) addi t5, t5, 0x601
x30 <- 0x0000000007020601

mem[X,0x00000000800017F0] -> 0x1F13
mem[X,0x00000000800017F2] -> 0x00BF
[1537] [M]: 0x00000000800017F0 (0x00BF1F13) slli t5, t5, 0xb
x30 <- 0x0000003810300800

mem[X,0x00000000800017F4] -> 0x0F13
mem[X,0x00000000800017F6] -> 0x7DEF
[1538] [M]: 0x00000000800017F4 (0x7DEF0F13) addi t5, t5, 0x7de
x30 <- 0x0000003810300FDE

mem[X,0x00000000800017F8] -> 0x1F13
mem[X,0x00000000800017FA] -> 0x00BF
[1539] [M]: 0x00000000800017F8 (0x00BF1F13) slli t5, t5, 0xb
x30 <- 0x0001C081807EF000

mem[X,0x00000000800017FC] -> 0x0F13
mem[X,0x00000000800017FE] -> 0x7FEF
[1540] [M]: 0x00000000800017FC (0x7FEF0F13) addi t5, t5, 0x7fe
x30 <- 0x0001C081807EF7FE

mem[X,0x0000000080001800] -> 0x1F13
mem[X,0x0000000080001802] -> 0x00AF
[1541] [M]: 0x0000000080001800 (0x00AF1F13) slli t5, t5, 0xa
x30 <- 0x07020601FBDFF800

mem[X,0x0000000080001804] -> 0x0F13
mem[X,0x0000000080001806] -> 0x204F
[1542] [M]: 0x0000000080001804 (0x204F0F13) addi t5, t5, 0x204
x30 <- 0x07020601FBDFFA04

mem[X,0x0000000080001808] -> 0x0EB7
mem[X,0x000000008000180A] -> 0x4100
[1543] [M]: 0x0000000080001808 (0x41000EB7) lui t4, 0x41000
x29 <- 0x0000000041000000

mem[X,0x000000008000180C] -> 0x8E93
mem[X,0x000000008000180E] -> 0xCFBE
[1544] [M]: 0x000000008000180C (0xCFBE8E93) addi t4, t4, -0x305
x29 <- 0x0000000040FFFCFB

mem[X,0x0000000080001810] -> 0x9E93
mem[X,0x0000000080001812] -> 0x00BE
[1545] [M]: 0x0000000080001810 (0x00BE9E93) slli t4, t4, 0xb
x29 <- 0x00000207FFE7D800

mem[X,0x0000000080001814] -> 0x8E93
mem[X,0x0000000080001816] -> 0x778E
[1546] [M]: 0x0000000080001814 (0x778E8E93) addi t4, t4, 0x778
x29 <- 0x00000207FFE7DF78

mem[X,0x0000000080001818] -> 0x9E93
mem[X,0x000000008000181A] -> 0x00BE
[1547] [M]: 0x0000000080001818 (0x00BE9E93) slli t4, t4, 0xb
x29 <- 0x00103FFF3EFBC000

mem[X,0x000000008000181C] -> 0x8E93
mem[X,0x000000008000181E] -> 0x1FFE
[1548] [M]: 0x000000008000181C (0x1FFE8E93) addi t4, t4, 0x1ff
x29 <- 0x00103FFF3EFBC1FF

mem[X,0x0000000080001820] -> 0x9E93
mem[X,0x0000000080001822] -> 0x00AE
[1549] [M]: 0x0000000080001820 (0x00AE9E93) slli t4, t4, 0xa
x29 <- 0x40FFFCFBEF07FC00

mem[X,0x0000000080001824] -> 0x8E93
mem[X,0x0000000080001826] -> 0x107E
[1550] [M]: 0x0000000080001824 (0x107E8E93) addi t4, t4, 0x107
x29 <- 0x40FFFCFBEF07FD07

mem[X,0x0000000080001828] -> 0x1FBB
mem[X,0x000000008000182A] -> 0xBDDF
[1551] [M]: 0x0000000080001828 (0xBDDF1FBB) pdifsumau.b t6, t5, t4
x31 <- 0x8E594ED0A06063C7

mem[X,0x000000008000182C] -> 0xB423
mem[X,0x000000008000182E] -> 0x17F0
[1552] [M]: 0x000000008000182C (0x17F0B423) sd t6, 0x168(ra)
mem[0x0000000080004388] <- 0x8E594ED0A06063C7

mem[X,0x0000000080001830] -> 0x8F37
mem[X,0x0000000080001832] -> 0x3F09
[1553] [M]: 0x0000000080001830 (0x3F098F37) lui t5, 0x3f098
x30 <- 0x000000003F098000

mem[X,0x0000000080001834] -> 0x0F13
mem[X,0x0000000080001836] -> 0x004F
[1554] [M]: 0x0000000080001834 (0x004F0F13) addi t5, t5, 0x4
x30 <- 0x000000003F098004

mem[X,0x0000000080001838] -> 0x1F13
mem[X,0x000000008000183A] -> 0x00BF
[1555] [M]: 0x0000000080001838 (0x00BF1F13) slli t5, t5, 0xb
x30 <- 0x000001F84C002000

mem[X,0x000000008000183C] -> 0x0F13
mem[X,0x000000008000183E] -> 0x7E8F
[1556] [M]: 0x000000008000183C (0x7E8F0F13) addi t5, t5, 0x7e8
x30 <- 0x000001F84C0027E8

mem[X,0x0000000080001840] -> 0x1F13
mem[X,0x0000000080001842] -> 0x00BF
[1557] [M]: 0x0000000080001840 (0x00BF1F13) slli t5, t5, 0xb
x30 <- 0x000FC260013F4000

mem[X,0x0000000080001844] -> 0x0F13
mem[X,0x0000000080001846] -> 0x237F
[1558] [M]: 0x0000000080001844 (0x237F0F13) addi t5, t5, 0x237
x30 <- 0x000FC260013F4237

mem[X,0x0000000080001848] -> 0x1F13
mem[X,0x000000008000184A] -> 0x00AF
[1559] [M]: 0x0000000080001848 (0x00AF1F13) slli t5, t5, 0xa
x30 <- 0x3F098004FD08DC00

mem[X,0x000000008000184C] -> 0x0F13
mem[X,0x000000008000184E] -> 0x380F
[1560] [M]: 0x000000008000184C (0x380F0F13) addi t5, t5, 0x380
x30 <- 0x3F098004FD08DF80

mem[X,0x0000000080001850] -> 0x0EB7
mem[X,0x0000000080001852] -> 0x8001
[1561] [M]: 0x0000000080001850 (0x80010EB7) lui t4, -0x7fff0
x29 <- 0xFFFFFFFF80010000

mem[X,0x0000000080001854] -> 0x8E93
mem[X,0x0000000080001856] -> 0x5F7E
[1562] [M]: 0x0000000080001854 (0x5F7E8E93) addi t4, t4, 0x5f7
x29 <- 0xFFFFFFFF800105F7

mem[X,0x0000000080001858] -> 0x9E93
mem[X,0x000000008000185A] -> 0x00BE
[1563] [M]: 0x0000000080001858 (0x00BE9E93) slli t4, t4, 0xb
x29 <- 0xFFFFFC00082FB800

mem[X,0x000000008000185C] -> 0x8E93
mem[X,0x000000008000185E] -> 0x7CFE
[1564] [M]: 0x000000008000185C (0x7CFE8E93) addi t4, t4, 0x7cf
x29 <- 0xFFFFFC00082FBFCF

mem[X,0x0000000080001860] -> 0x9E93
mem[X,0x0000000080001862] -> 0x00BE
[1565] [M]: 0x0000000080001860 (0x00BE9E93) slli t4, t4, 0xb
x29 <- 0xFFE000417DFE7800

mem[X,0x0000000080001864] -> 0x8E93
mem[X,0x0000000080001866] -> 0x601E
[1566] [M]: 0x0000000080001864 (0x601E8E93) addi t4, t4, 0x601
x29 <- 0xFFE000417DFE7E01

mem[X,0x0000000080001868] -> 0x9E93
mem[X,0x000000008000186A] -> 0x00AE
[1567] [M]: 0x0000000080001868 (0x00AE9E93) slli t4, t4, 0xa
x29 <- 0x800105F7F9F80400

mem[X,0x000000008000186C] -> 0x8E93
mem[X,0x000000008000186E] -> 0x1FDE
[1568] [M]: 0x000000008000186C (0x1FDE8E93) addi t4, t4, 0x1fd
x29 <- 0x800105F7F9F805FD

mem[X,0x0000000080001870] -> 0x1FBB
mem[X,0x0000000080001872] -> 0xBDDF
[1569] [M]: 0x0000000080001870 (0xBDDF1FBB) pdifsumau.b t6, t5, t4
x31 <- 0x0E5A54C89A586DC6

mem[X,0x0000000080001874] -> 0xB823
mem[X,0x0000000080001876] -> 0x17F0
[1570] [M]: 0x0000000080001874 (0x17F0B823) sd t6, 0x170(ra)
mem[0x0000000080004390] <- 0x0E5A54C89A586DC6

mem[X,0x0000000080001878] -> 0x0F37
mem[X,0x000000008000187A] -> 0xFF01
[1571] [M]: 0x0000000080001878 (0xFF010F37) lui t5, -0xff0
x30 <- 0xFFFFFFFFFF010000

mem[X,0x000000008000187C] -> 0x0F13
mem[X,0x000000008000187E] -> 0x5FDF
[1572] [M]: 0x000000008000187C (0x5FDF0F13) addi t5, t5, 0x5fd
x30 <- 0xFFFFFFFFFF0105FD

mem[X,0x0000000080001880] -> 0x1F13
mem[X,0x0000000080001882] -> 0x00BF
[1573] [M]: 0x0000000080001880 (0x00BF1F13) slli t5, t5, 0xb
x30 <- 0xFFFFFFF8082FE800

mem[X,0x0000000080001884] -> 0x0F13
mem[X,0x0000000080001886] -> 0x7B8F
[1574] [M]: 0x0000000080001884 (0x7B8F0F13) addi t5, t5, 0x7b8
x30 <- 0xFFFFFFF8082FEFB8

mem[X,0x0000000080001888] -> 0x1F13
mem[X,0x000000008000188A] -> 0x00BF
[1575] [M]: 0x0000000080001888 (0x00BF1F13) slli t5, t5, 0xb
x30 <- 0xFFFFC0417F7DC000

mem[X,0x000000008000188C] -> 0x0F13
mem[X,0x000000008000188E] -> 0x101F
[1576] [M]: 0x000000008000188C (0x101F0F13) addi t5, t5, 0x101
x30 <- 0xFFFFC0417F7DC101

mem[X,0x0000000080001890] -> 0x1F13
mem[X,0x0000000080001892] -> 0x00AF
[1577] [M]: 0x0000000080001890 (0x00AF1F13) slli t5, t5, 0xa
x30 <- 0xFF0105FDF7040400

mem[X,0x0000000080001894] -> 0x0EB7
mem[X,0x0000000080001896] -> 0x057F
[1578] [M]: 0x0000000080001894 (0x057F0EB7) lui t4, 0x57f0
x29 <- 0x00000000057F0000

mem[X,0x0000000080001898] -> 0x8E93
mem[X,0x000000008000189A] -> 0x6EFE
[1579] [M]: 0x0000000080001898 (0x6EFE8E93) addi t4, t4, 0x6ef
x29 <- 0x00000000057F06EF

mem[X,0x000000008000189C] -> 0x9E93
mem[X,0x000000008000189E] -> 0x00BE
[1580] [M]: 0x000000008000189C (0x00BE9E93) slli t4, t4, 0xb
x29 <- 0x0000002BF8377800

mem[X,0x00000000800018A0] -> 0x8E93
mem[X,0x00000000800018A2] -> 0x7EFE
[1581] [M]: 0x00000000800018A0 (0x7EFE8E93) addi t4, t4, 0x7ef
x29 <- 0x0000002BF8377FEF

mem[X,0x00000000800018A4] -> 0x9E93
mem[X,0x00000000800018A6] -> 0x00BE
[1582] [M]: 0x00000000800018A4 (0x00BE9E93) slli t4, t4, 0xb
x29 <- 0x00015FC1BBFF7800

mem[X,0x00000000800018A8] -> 0x8E93
mem[X,0x00000000800018AA] -> 0x6DFE
[1583] [M]: 0x00000000800018A8 (0x6DFE8E93) addi t4, t4, 0x6df
x29 <- 0x00015FC1BBFF7EDF

mem[X,0x00000000800018AC] -> 0x9E93
mem[X,0x00000000800018AE] -> 0x00AE
[1584] [M]: 0x00000000800018AC (0x00AE9E93) slli t4, t4, 0xa
x29 <- 0x057F06EFFDFB7C00

mem[X,0x00000000800018B0] -> 0x8E93
mem[X,0x00000000800018B2] -> 0x301E
[1585] [M]: 0x00000000800018B0 (0x301E8E93) addi t4, t4, 0x301
x29 <- 0x057F06EFFDFB7F01

mem[X,0x00000000800018B4] -> 0x1FBB
mem[X,0x00000000800018B6] -> 0xBDDF
[1586] [M]: 0x00000000800018B4 (0xBDDF1FBB) pdifsumau.b t6, t5, t4
x31 <- 0x13D95BB89853EFC7

mem[X,0x00000000800018B8] -> 0xBC23
mem[X,0x00000000800018BA] -> 0x17F0
[1587] [M]: 0x00000000800018B8 (0x17F0BC23) sd t6, 0x178(ra)
mem[0x0000000080004398] <- 0x13D95BB89853EFC7

mem[X,0x00000000800018BC] -> 0x8F37
mem[X,0x00000000800018BE] -> 0x0608
[1588] [M]: 0x00000000800018BC (0x06088F37) lui t5, 0x6088
x30 <- 0x0000000006088000

mem[X,0x00000000800018C0] -> 0x0F13
mem[X,0x00000000800018C2] -> 0xF55F
[1589] [M]: 0x00000000800018C0 (0xF55F0F13) addi t5, t5, -0xab
x30 <- 0x0000000006087F55

mem[X,0x00000000800018C4] -> 0x1F13
mem[X,0x00000000800018C6] -> 0x00BF
[1590] [M]: 0x00000000800018C4 (0x00BF1F13) slli t5, t5, 0xb
x30 <- 0x0000003043FAA800

mem[X,0x00000000800018C8] -> 0x0F13
mem[X,0x00000000800018CA] -> 0x7B0F
[1591] [M]: 0x00000000800018C8 (0x7B0F0F13) addi t5, t5, 0x7b0
x30 <- 0x0000003043FAAFB0

mem[X,0x00000000800018CC] -> 0x1F13
mem[X,0x00000000800018CE] -> 0x00BF
[1592] [M]: 0x00000000800018CC (0x00BF1F13) slli t5, t5, 0xb
x30 <- 0x0001821FD57D8000

mem[X,0x00000000800018D0] -> 0x0F13
mem[X,0x00000000800018D2] -> 0x080F
[1593] [M]: 0x00000000800018D0 (0x080F0F13) addi t5, t5, 0x80
x30 <- 0x0001821FD57D8080

mem[X,0x00000000800018D4] -> 0x1F13
mem[X,0x00000000800018D6] -> 0x00AF
[1594] [M]: 0x00000000800018D4 (0x00AF1F13) slli t5, t5, 0xa
x30 <- 0x06087F55F6020000

mem[X,0x00000000800018D8] -> 0x0F13
mem[X,0x00000000800018DA] -> 0x255F
[1595] [M]: 0x00000000800018D8 (0x255F0F13) addi t5, t5, 0x255
x30 <- 0x06087F55F6020255

mem[X,0x00000000800018DC] -> 0x0EB7
mem[X,0x00000000800018DE] -> 0x06FC
[1596] [M]: 0x00000000800018DC (0x06FC0EB7) lui t4, 0x6fc0
x29 <- 0x0000000006FC0000

mem[X,0x00000000800018E0] -> 0x8E93
mem[X,0x00000000800018E2] -> 0x304E
[1597] [M]: 0x00000000800018E0 (0x304E8E93) addi t4, t4, 0x304
x29 <- 0x0000000006FC0304

mem[X,0x00000000800018E4] -> 0x9E93
mem[X,0x00000000800018E6] -> 0x00BE
[1598] [M]: 0x00000000800018E4 (0x00BE9E93) slli t4, t4, 0xb
x29 <- 0x00000037E0182000

mem[X,0x00000000800018E8] -> 0x8E93
mem[X,0x00000000800018EA] -> 0x080E
[1599] [M]: 0x00000000800018E8 (0x080E8E93) addi t4, t4, 0x80
x29 <- 0x00000037E0182080

clint::tick mtime <- 0x0000000000000010
 clint timer pending at mtime 0x0000000000000010
htif::tick 0x0000000000000000
mem[X,0x00000000800018EC] -> 0x9E93
mem[X,0x00000000800018EE] -> 0x00BE
[1600] [M]: 0x00000000800018EC (0x00BE9E93) slli t4, t4, 0xb
x29 <- 0x0001BF00C1040000

mem[X,0x00000000800018F0] -> 0x8E93
mem[X,0x00000000800018F2] -> 0x160E
[1601] [M]: 0x00000000800018F0 (0x160E8E93) addi t4, t4, 0x160
x29 <- 0x0001BF00C1040160

mem[X,0x00000000800018F4] -> 0x9E93
mem[X,0x00000000800018F6] -> 0x00AE
[1602] [M]: 0x00000000800018F4 (0x00AE9E93) slli t4, t4, 0xa
x29 <- 0x06FC030410058000

mem[X,0x00000000800018F8] -> 0x8E93
mem[X,0x00000000800018FA] -> 0x008E
[1603] [M]: 0x00000000800018F8 (0x008E8E93) addi t4, t4, 0x8
x29 <- 0x06FC030410058008

mem[X,0x00000000800018FC] -> 0x1FBB
mem[X,0x00000000800018FE] -> 0xBDDF
[1604] [M]: 0x00000000800018FC (0xBDDF1FBB) pdifsumau.b t6, t5, t4
x31 <- 0x1AD55EBCA8597344

mem[X,0x0000000080001900] -> 0xB023
mem[X,0x0000000080001902] -> 0x19F0
[1605] [M]: 0x0000000080001900 (0x19F0B023) sd t6, 0x180(ra)
mem[0x00000000800043A0] <- 0x1AD55EBCA8597344

mem[X,0x0000000080001904] -> 0x006F
mem[X,0x0000000080001906] -> 0x0380
[1606] [M]: 0x0000000080001904 (0x0380006F) jal zero, 0x38

mem[X,0x000000008000193C] -> 0x0093
mem[X,0x000000008000193E] -> 0x0010
[1607] [M]: 0x000000008000193C (0x00100093) addi ra, zero, 0x1
x1 <- 0x0000000000000001

mem[X,0x0000000080001940] -> 0x0F17
mem[X,0x0000000080001942] -> 0x0000
[1608] [M]: 0x0000000080001940 (0x00000F17) auipc t5, 0x0
x30 <- 0x0000000080001940

mem[X,0x0000000080001944] -> 0x2023
mem[X,0x0000000080001946] -> 0x6C1F
[1609] [M]: 0x0000000080001944 (0x6C1F2023) sw ra, 0x6c0(t5)
htif[0x0000000080002000] <- 0x00000001

mem[X,0x0000000080001948] -> 0xF06F
mem[X,0x000000008000194A] -> 0xFF9F
[1610] [M]: 0x0000000080001948 (0xFF9FF06F) jal zero, -0x8

mem[X,0x0000000080001940] -> 0x0F17
mem[X,0x0000000080001942] -> 0x0000
[1611] [M]: 0x0000000080001940 (0x00000F17) auipc t5, 0x0
x30 <- 0x0000000080001940

mem[X,0x0000000080001944] -> 0x2023
mem[X,0x0000000080001946] -> 0x6C1F
[1612] [M]: 0x0000000080001944 (0x6C1F2023) sw ra, 0x6c0(t5)
htif[0x0000000080002000] <- 0x00000001

mem[X,0x0000000080001948] -> 0xF06F
mem[X,0x000000008000194A] -> 0xFF9F
[1613] [M]: 0x0000000080001948 (0xFF9FF06F) jal zero, -0x8

mem[X,0x0000000080001940] -> 0x0F17
mem[X,0x0000000080001942] -> 0x0000
[1614] [M]: 0x0000000080001940 (0x00000F17) auipc t5, 0x0
x30 <- 0x0000000080001940

mem[X,0x0000000080001944] -> 0x2023
mem[X,0x0000000080001946] -> 0x6C1F
[1615] [M]: 0x0000000080001944 (0x6C1F2023) sw ra, 0x6c0(t5)
htif[0x0000000080002000] <- 0x00000001
htif-syscall-proxy cmd: 0x000000000001

SUCCESS
