using /home/chsu/rvp-workspace/test-32/riscof_work/srx-01.S/ref/Reference-sail_c_simulator.signature for test-signature output.
tohost located at 0x80001000
Running file ref.elf.
ELF Entry @ 0x80000000
begin_signature: 0x80003110
end_signature: 0x800032b0
CSR mstatus <- 0x00000000 (input: 0x00000000)
mem[X,0x00001000] -> 0x0297
mem[X,0x00001002] -> 0x0000
[0] [M]: 0x00001000 (0x00000297) auipc t0, 0x0
x5 <- 0x00001000

mem[X,0x00001004] -> 0x8593
mem[X,0x00001006] -> 0x0202
[1] [M]: 0x00001004 (0x02028593) addi a1, t0, 0x20
x11 <- 0x00001020

mem[X,0x00001008] -> 0x2573
mem[X,0x0000100A] -> 0xF140
[2] [M]: 0x00001008 (0xF1402573) csrrs a0, mhartid, zero
CSR mhartid -> 0x00000000
x10 <- 0x00000000

mem[X,0x0000100C] -> 0xA283
mem[X,0x0000100E] -> 0x0182
[3] [M]: 0x0000100C (0x0182A283) lw t0, 0x18(t0)
mem[R,0x00001018] -> 0x80000000
x5 <- 0x80000000

mem[X,0x00001010] -> 0x8067
mem[X,0x00001012] -> 0x0002
[4] [M]: 0x00001010 (0x00028067) jalr zero, 0x0(t0)

mem[X,0x80000000] -> 0x0837
mem[X,0x80000002] -> 0x7D5C
[5] [M]: 0x80000000 (0x7D5C0837) lui a6, 0x7d5c0
x16 <- 0x7D5C0000

mem[X,0x80000004] -> 0x0813
mem[X,0x80000006] -> 0xDDB8
[6] [M]: 0x80000004 (0xDDB80813) addi a6, a6, -0x225
x16 <- 0x7D5BFDDB

mem[X,0x80000008] -> 0x5893
mem[X,0x8000000A] -> 0x0078
[7] [M]: 0x80000008 (0x00785893) srli a7, a6, 0x7
x17 <- 0x00FAB7FB

mem[X,0x8000000C] -> 0x5793
mem[X,0x8000000E] -> 0x0198
[8] [M]: 0x8000000C (0x01985793) srli a5, a6, 0x19
x15 <- 0x0000003E

mem[X,0x80000010] -> 0xE8B3
mem[X,0x80000012] -> 0x00F8
[9] [M]: 0x80000010 (0x00F8E8B3) or a7, a7, a5
x17 <- 0x00FAB7FF

mem[X,0x80000014] -> 0xD913
mem[X,0x80000016] -> 0x0078
[10] [M]: 0x80000014 (0x0078D913) srli s2, a7, 0x7
x18 <- 0x0001F56F

mem[X,0x80000018] -> 0xD793
mem[X,0x8000001A] -> 0x0198
[11] [M]: 0x80000018 (0x0198D793) srli a5, a7, 0x19
x15 <- 0x00000000

mem[X,0x8000001C] -> 0x6933
mem[X,0x8000001E] -> 0x00F9
[12] [M]: 0x8000001C (0x00F96933) or s2, s2, a5
x18 <- 0x0001F56F

mem[X,0x80000020] -> 0x5993
mem[X,0x80000022] -> 0x0079
[13] [M]: 0x80000020 (0x00795993) srli s3, s2, 0x7
x19 <- 0x000003EA

mem[X,0x80000024] -> 0x5793
mem[X,0x80000026] -> 0x0199
[14] [M]: 0x80000024 (0x01995793) srli a5, s2, 0x19
x15 <- 0x00000000

mem[X,0x80000028] -> 0xE9B3
mem[X,0x8000002A] -> 0x00F9
[15] [M]: 0x80000028 (0x00F9E9B3) or s3, s3, a5
x19 <- 0x000003EA

mem[X,0x8000002C] -> 0xDA13
mem[X,0x8000002E] -> 0x0079
[16] [M]: 0x8000002C (0x0079DA13) srli s4, s3, 0x7
x20 <- 0x00000007

mem[X,0x80000030] -> 0xD793
mem[X,0x80000032] -> 0x0199
[17] [M]: 0x80000030 (0x0199D793) srli a5, s3, 0x19
x15 <- 0x00000000

mem[X,0x80000034] -> 0x6A33
mem[X,0x80000036] -> 0x00FA
[18] [M]: 0x80000034 (0x00FA6A33) or s4, s4, a5
x20 <- 0x00000007

mem[X,0x80000038] -> 0x5A93
mem[X,0x8000003A] -> 0x007A
[19] [M]: 0x80000038 (0x007A5A93) srli s5, s4, 0x7
x21 <- 0x00000000

mem[X,0x8000003C] -> 0x5793
mem[X,0x8000003E] -> 0x019A
[20] [M]: 0x8000003C (0x019A5793) srli a5, s4, 0x19
x15 <- 0x00000000

mem[X,0x80000040] -> 0xEAB3
mem[X,0x80000042] -> 0x00FA
[21] [M]: 0x80000040 (0x00FAEAB3) or s5, s5, a5
x21 <- 0x00000000

mem[X,0x80000044] -> 0xDB13
mem[X,0x80000046] -> 0x007A
[22] [M]: 0x80000044 (0x007ADB13) srli s6, s5, 0x7
x22 <- 0x00000000

mem[X,0x80000048] -> 0xD793
mem[X,0x8000004A] -> 0x019A
[23] [M]: 0x80000048 (0x019AD793) srli a5, s5, 0x19
x15 <- 0x00000000

mem[X,0x8000004C] -> 0x6B33
mem[X,0x8000004E] -> 0x00FB
[24] [M]: 0x8000004C (0x00FB6B33) or s6, s6, a5
x22 <- 0x00000000

mem[X,0x80000050] -> 0x5B93
mem[X,0x80000052] -> 0x007B
[25] [M]: 0x80000050 (0x007B5B93) srli s7, s6, 0x7
x23 <- 0x00000000

mem[X,0x80000054] -> 0x5793
mem[X,0x80000056] -> 0x019B
[26] [M]: 0x80000054 (0x019B5793) srli a5, s6, 0x19
x15 <- 0x00000000

mem[X,0x80000058] -> 0xEBB3
mem[X,0x8000005A] -> 0x00FB
[27] [M]: 0x80000058 (0x00FBEBB3) or s7, s7, a5
x23 <- 0x00000000

mem[X,0x8000005C] -> 0xDC13
mem[X,0x8000005E] -> 0x007B
[28] [M]: 0x8000005C (0x007BDC13) srli s8, s7, 0x7
x24 <- 0x00000000

mem[X,0x80000060] -> 0xD793
mem[X,0x80000062] -> 0x019B
[29] [M]: 0x80000060 (0x019BD793) srli a5, s7, 0x19
x15 <- 0x00000000

mem[X,0x80000064] -> 0x6C33
mem[X,0x80000066] -> 0x00FC
[30] [M]: 0x80000064 (0x00FC6C33) or s8, s8, a5
x24 <- 0x00000000

mem[X,0x80000068] -> 0x5C93
mem[X,0x8000006A] -> 0x007C
[31] [M]: 0x80000068 (0x007C5C93) srli s9, s8, 0x7
x25 <- 0x00000000

mem[X,0x8000006C] -> 0x5793
mem[X,0x8000006E] -> 0x019C
[32] [M]: 0x8000006C (0x019C5793) srli a5, s8, 0x19
x15 <- 0x00000000

mem[X,0x80000070] -> 0xECB3
mem[X,0x80000072] -> 0x00FC
[33] [M]: 0x80000070 (0x00FCECB3) or s9, s9, a5
x25 <- 0x00000000

mem[X,0x80000074] -> 0xDD13
mem[X,0x80000076] -> 0x007C
[34] [M]: 0x80000074 (0x007CDD13) srli s10, s9, 0x7
x26 <- 0x00000000

mem[X,0x80000078] -> 0xD793
mem[X,0x8000007A] -> 0x019C
[35] [M]: 0x80000078 (0x019CD793) srli a5, s9, 0x19
x15 <- 0x00000000

mem[X,0x8000007C] -> 0x6D33
mem[X,0x8000007E] -> 0x00FD
[36] [M]: 0x8000007C (0x00FD6D33) or s10, s10, a5
x26 <- 0x00000000

mem[X,0x80000080] -> 0x5D93
mem[X,0x80000082] -> 0x007D
[37] [M]: 0x80000080 (0x007D5D93) srli s11, s10, 0x7
x27 <- 0x00000000

mem[X,0x80000084] -> 0x5793
mem[X,0x80000086] -> 0x019D
[38] [M]: 0x80000084 (0x019D5793) srli a5, s10, 0x19
x15 <- 0x00000000

mem[X,0x80000088] -> 0xEDB3
mem[X,0x8000008A] -> 0x00FD
[39] [M]: 0x80000088 (0x00FDEDB3) or s11, s11, a5
x27 <- 0x00000000

mem[X,0x8000008C] -> 0xDE13
mem[X,0x8000008E] -> 0x007D
[40] [M]: 0x8000008C (0x007DDE13) srli t3, s11, 0x7
x28 <- 0x00000000

mem[X,0x80000090] -> 0xD793
mem[X,0x80000092] -> 0x019D
[41] [M]: 0x80000090 (0x019DD793) srli a5, s11, 0x19
x15 <- 0x00000000

mem[X,0x80000094] -> 0x6E33
mem[X,0x80000096] -> 0x00FE
[42] [M]: 0x80000094 (0x00FE6E33) or t3, t3, a5
x28 <- 0x00000000

mem[X,0x80000098] -> 0x5E93
mem[X,0x8000009A] -> 0x007E
[43] [M]: 0x80000098 (0x007E5E93) srli t4, t3, 0x7
x29 <- 0x00000000

mem[X,0x8000009C] -> 0x5793
mem[X,0x8000009E] -> 0x019E
[44] [M]: 0x8000009C (0x019E5793) srli a5, t3, 0x19
x15 <- 0x00000000

mem[X,0x800000A0] -> 0xEEB3
mem[X,0x800000A2] -> 0x00FE
[45] [M]: 0x800000A0 (0x00FEEEB3) or t4, t4, a5
x29 <- 0x00000000

mem[X,0x800000A4] -> 0xDF13
mem[X,0x800000A6] -> 0x007E
[46] [M]: 0x800000A4 (0x007EDF13) srli t5, t4, 0x7
x30 <- 0x00000000

mem[X,0x800000A8] -> 0xD793
mem[X,0x800000AA] -> 0x019E
[47] [M]: 0x800000A8 (0x019ED793) srli a5, t4, 0x19
x15 <- 0x00000000

mem[X,0x800000AC] -> 0x6F33
mem[X,0x800000AE] -> 0x00FF
[48] [M]: 0x800000AC (0x00FF6F33) or t5, t5, a5
x30 <- 0x00000000

mem[X,0x800000B0] -> 0xC0B7
mem[X,0x800000B2] -> 0xFEED
[49] [M]: 0x800000B0 (0xFEEDC0B7) lui ra, -0x1124
x1 <- 0xFEEDC000

mem[X,0x800000B4] -> 0x8093
mem[X,0x800000B6] -> 0xEAD0
[50] [M]: 0x800000B4 (0xEAD08093) addi ra, ra, -0x153
x1 <- 0xFEEDBEAD

mem[X,0x800000B8] -> 0xD113
mem[X,0x800000BA] -> 0x0070
[51] [M]: 0x800000B8 (0x0070D113) srli sp, ra, 0x7
x2 <- 0x01FDDB7D

mem[X,0x800000BC] -> 0xD793
mem[X,0x800000BE] -> 0x0190
[52] [M]: 0x800000BC (0x0190D793) srli a5, ra, 0x19
x15 <- 0x0000007F

mem[X,0x800000C0] -> 0x6133
mem[X,0x800000C2] -> 0x00F1
[53] [M]: 0x800000C0 (0x00F16133) or sp, sp, a5
x2 <- 0x01FDDB7F

mem[X,0x800000C4] -> 0x5193
mem[X,0x800000C6] -> 0x0071
[54] [M]: 0x800000C4 (0x00715193) srli gp, sp, 0x7
x3 <- 0x0003FBB6

mem[X,0x800000C8] -> 0x5793
mem[X,0x800000CA] -> 0x0191
[55] [M]: 0x800000C8 (0x01915793) srli a5, sp, 0x19
x15 <- 0x00000000

mem[X,0x800000CC] -> 0xE1B3
mem[X,0x800000CE] -> 0x00F1
[56] [M]: 0x800000CC (0x00F1E1B3) or gp, gp, a5
x3 <- 0x0003FBB6

mem[X,0x800000D0] -> 0xD213
mem[X,0x800000D2] -> 0x0071
[57] [M]: 0x800000D0 (0x0071D213) srli tp, gp, 0x7
x4 <- 0x000007F7

mem[X,0x800000D4] -> 0xD793
mem[X,0x800000D6] -> 0x0191
[58] [M]: 0x800000D4 (0x0191D793) srli a5, gp, 0x19
x15 <- 0x00000000

mem[X,0x800000D8] -> 0x6233
mem[X,0x800000DA] -> 0x00F2
[59] [M]: 0x800000D8 (0x00F26233) or tp, tp, a5
x4 <- 0x000007F7

mem[X,0x800000DC] -> 0x5293
mem[X,0x800000DE] -> 0x0072
[60] [M]: 0x800000DC (0x00725293) srli t0, tp, 0x7
x5 <- 0x0000000F

mem[X,0x800000E0] -> 0x5793
mem[X,0x800000E2] -> 0x0192
[61] [M]: 0x800000E0 (0x01925793) srli a5, tp, 0x19
x15 <- 0x00000000

mem[X,0x800000E4] -> 0xE2B3
mem[X,0x800000E6] -> 0x00F2
[62] [M]: 0x800000E4 (0x00F2E2B3) or t0, t0, a5
x5 <- 0x0000000F

mem[X,0x800000E8] -> 0xD313
mem[X,0x800000EA] -> 0x0072
[63] [M]: 0x800000E8 (0x0072D313) srli t1, t0, 0x7
x6 <- 0x00000000

mem[X,0x800000EC] -> 0xD793
mem[X,0x800000EE] -> 0x0192
[64] [M]: 0x800000EC (0x0192D793) srli a5, t0, 0x19
x15 <- 0x00000000

mem[X,0x800000F0] -> 0x6333
mem[X,0x800000F2] -> 0x00F3
[65] [M]: 0x800000F0 (0x00F36333) or t1, t1, a5
x6 <- 0x00000000

mem[X,0x800000F4] -> 0x5393
mem[X,0x800000F6] -> 0x0073
[66] [M]: 0x800000F4 (0x00735393) srli t2, t1, 0x7
x7 <- 0x00000000

mem[X,0x800000F8] -> 0x5793
mem[X,0x800000FA] -> 0x0193
[67] [M]: 0x800000F8 (0x01935793) srli a5, t1, 0x19
x15 <- 0x00000000

mem[X,0x800000FC] -> 0xE3B3
mem[X,0x800000FE] -> 0x00F3
[68] [M]: 0x800000FC (0x00F3E3B3) or t2, t2, a5
x7 <- 0x00000000

mem[X,0x80000100] -> 0xD413
mem[X,0x80000102] -> 0x0073
[69] [M]: 0x80000100 (0x0073D413) srli fp, t2, 0x7
x8 <- 0x00000000

mem[X,0x80000104] -> 0xD793
mem[X,0x80000106] -> 0x0193
[70] [M]: 0x80000104 (0x0193D793) srli a5, t2, 0x19
x15 <- 0x00000000

mem[X,0x80000108] -> 0x6433
mem[X,0x8000010A] -> 0x00F4
[71] [M]: 0x80000108 (0x00F46433) or fp, fp, a5
x8 <- 0x00000000

mem[X,0x8000010C] -> 0x5493
mem[X,0x8000010E] -> 0x0074
[72] [M]: 0x8000010C (0x00745493) srli s1, fp, 0x7
x9 <- 0x00000000

mem[X,0x80000110] -> 0x5793
mem[X,0x80000112] -> 0x0194
[73] [M]: 0x80000110 (0x01945793) srli a5, fp, 0x19
x15 <- 0x00000000

mem[X,0x80000114] -> 0xE4B3
mem[X,0x80000116] -> 0x00F4
[74] [M]: 0x80000114 (0x00F4E4B3) or s1, s1, a5
x9 <- 0x00000000

mem[X,0x80000118] -> 0xD513
mem[X,0x8000011A] -> 0x0074
[75] [M]: 0x80000118 (0x0074D513) srli a0, s1, 0x7
x10 <- 0x00000000

mem[X,0x8000011C] -> 0xD793
mem[X,0x8000011E] -> 0x0194
[76] [M]: 0x8000011C (0x0194D793) srli a5, s1, 0x19
x15 <- 0x00000000

mem[X,0x80000120] -> 0x6533
mem[X,0x80000122] -> 0x00F5
[77] [M]: 0x80000120 (0x00F56533) or a0, a0, a5
x10 <- 0x00000000

mem[X,0x80000124] -> 0x5593
mem[X,0x80000126] -> 0x0075
[78] [M]: 0x80000124 (0x00755593) srli a1, a0, 0x7
x11 <- 0x00000000

mem[X,0x80000128] -> 0x5793
mem[X,0x8000012A] -> 0x0195
[79] [M]: 0x80000128 (0x01955793) srli a5, a0, 0x19
x15 <- 0x00000000

mem[X,0x8000012C] -> 0xE5B3
mem[X,0x8000012E] -> 0x00F5
[80] [M]: 0x8000012C (0x00F5E5B3) or a1, a1, a5
x11 <- 0x00000000

mem[X,0x80000130] -> 0xD613
mem[X,0x80000132] -> 0x0075
[81] [M]: 0x80000130 (0x0075D613) srli a2, a1, 0x7
x12 <- 0x00000000

mem[X,0x80000134] -> 0xD793
mem[X,0x80000136] -> 0x0195
[82] [M]: 0x80000134 (0x0195D793) srli a5, a1, 0x19
x15 <- 0x00000000

mem[X,0x80000138] -> 0x6633
mem[X,0x8000013A] -> 0x00F6
[83] [M]: 0x80000138 (0x00F66633) or a2, a2, a5
x12 <- 0x00000000

mem[X,0x8000013C] -> 0x5693
mem[X,0x8000013E] -> 0x0076
[84] [M]: 0x8000013C (0x00765693) srli a3, a2, 0x7
x13 <- 0x00000000

mem[X,0x80000140] -> 0x5793
mem[X,0x80000142] -> 0x0196
[85] [M]: 0x80000140 (0x01965793) srli a5, a2, 0x19
x15 <- 0x00000000

mem[X,0x80000144] -> 0xE6B3
mem[X,0x80000146] -> 0x00F6
[86] [M]: 0x80000144 (0x00F6E6B3) or a3, a3, a5
x13 <- 0x00000000

mem[X,0x80000148] -> 0x0013
mem[X,0x8000014A] -> 0x0000
[87] [M]: 0x80000148 (0x00000013) addi zero, zero, 0x0

mem[X,0x8000014C] -> 0x0013
mem[X,0x8000014E] -> 0x0000
[88] [M]: 0x8000014C (0x00000013) addi zero, zero, 0x0

mem[X,0x80000150] -> 0x0013
mem[X,0x80000152] -> 0x0000
[89] [M]: 0x80000150 (0x00000013) addi zero, zero, 0x0

mem[X,0x80000154] -> 0x0013
mem[X,0x80000156] -> 0x0000
[90] [M]: 0x80000154 (0x00000013) addi zero, zero, 0x0

mem[X,0x80000158] -> 0x0013
mem[X,0x8000015A] -> 0x0000
[91] [M]: 0x80000158 (0x00000013) addi zero, zero, 0x0

mem[X,0x8000015C] -> 0x0013
mem[X,0x8000015E] -> 0x0000
[92] [M]: 0x8000015C (0x00000013) addi zero, zero, 0x0

mem[X,0x80000160] -> 0x3697
mem[X,0x80000162] -> 0x0000
[93] [M]: 0x80000160 (0x00003697) auipc a3, 0x3
x13 <- 0x80003160

mem[X,0x80000164] -> 0x8693
mem[X,0x80000166] -> 0xFB46
[94] [M]: 0x80000164 (0xFB468693) addi a3, a3, -0x4c
x13 <- 0x80003114

mem[X,0x80000168] -> 0x0013
mem[X,0x8000016A] -> 0x0000
[95] [M]: 0x80000168 (0x00000013) addi zero, zero, 0x0

mem[X,0x8000016C] -> 0x0013
mem[X,0x8000016E] -> 0x0000
[96] [M]: 0x8000016C (0x00000013) addi zero, zero, 0x0

mem[X,0x80000170] -> 0x0013
mem[X,0x80000172] -> 0x0000
[97] [M]: 0x80000170 (0x00000013) addi zero, zero, 0x0

mem[X,0x80000174] -> 0x0013
mem[X,0x80000176] -> 0x0000
[98] [M]: 0x80000174 (0x00000013) addi zero, zero, 0x0

mem[X,0x80000178] -> 0x0013
mem[X,0x8000017A] -> 0x0000
[99] [M]: 0x80000178 (0x00000013) addi zero, zero, 0x0

clint::tick mtime <- 0x0000000000000001
 clint timer pending at mtime 0x0000000000000001
htif::tick 0x0000000000000000
mem[X,0x8000017C] -> 0x0013
mem[X,0x8000017E] -> 0x0000
[100] [M]: 0x8000017C (0x00000013) addi zero, zero, 0x0

mem[X,0x80000180] -> 0x0E37
mem[X,0x80000182] -> 0x8000
[101] [M]: 0x80000180 (0x80000E37) lui t3, -0x80000
x28 <- 0x80000000

mem[X,0x80000184] -> 0xEFB7
mem[X,0x80000186] -> 0xFFFF
[102] [M]: 0x80000184 (0xFFFFEFB7) lui t6, -0x2
x31 <- 0xFFFFE000

mem[X,0x80000188] -> 0x8F93
mem[X,0x8000018A] -> 0xFFFF
[103] [M]: 0x80000188 (0xFFFF8F93) addi t6, t6, -0x1
x31 <- 0xFFFFDFFF

mem[X,0x8000018C] -> 0x1FBB
mem[X,0x8000018E] -> 0xAFFE
[104] [M]: 0x8000018C (0xAFFE1FBB) srx t6, t3, t6
x31 <- 0x00000001

mem[X,0x80000190] -> 0xA023
mem[X,0x80000192] -> 0x01F6
[105] [M]: 0x80000190 (0x01F6A023) sw t6, 0x0(a3)
mem[0x80003114] <- 0x00000001

mem[X,0x80000194] -> 0x0793
mem[X,0x80000196] -> 0xFFF0
[106] [M]: 0x80000194 (0xFFF00793) addi a5, zero, -0x1
x15 <- 0xFFFFFFFF

mem[X,0x80000198] -> 0x0437
mem[X,0x8000019A] -> 0x8000
[107] [M]: 0x80000198 (0x80000437) lui fp, -0x80000
x8 <- 0x80000000

mem[X,0x8000019C] -> 0x0413
mem[X,0x8000019E] -> 0xFFF4
[108] [M]: 0x8000019C (0xFFF40413) addi fp, fp, -0x1
x8 <- 0x7FFFFFFF

mem[X,0x800001A0] -> 0x92BB
mem[X,0x800001A2] -> 0xAE87
[109] [M]: 0x800001A0 (0xAE8792BB) srx t0, a5, fp
x5 <- 0xFFFFFFFE

mem[X,0x800001A4] -> 0xA223
mem[X,0x800001A6] -> 0x0056
[110] [M]: 0x800001A4 (0x0056A223) sw t0, 0x4(a3)
mem[0x80003118] <- 0xFFFFFFFE

mem[X,0x800001A8] -> 0x0393
mem[X,0x800001AA] -> 0x0000
[111] [M]: 0x800001A8 (0x00000393) addi t2, zero, 0x0
x7 <- 0x00000000

mem[X,0x800001AC] -> 0x0113
mem[X,0x800001AE] -> 0x2000
[112] [M]: 0x800001AC (0x20000113) addi sp, zero, 0x200
x2 <- 0x00000200

mem[X,0x800001B0] -> 0x93BB
mem[X,0x800001B2] -> 0xAE23
[113] [M]: 0x800001B0 (0xAE2393BB) srx t2, t2, sp
x7 <- 0x00000000

mem[X,0x800001B4] -> 0xA423
mem[X,0x800001B6] -> 0x0076
[114] [M]: 0x800001B4 (0x0076A423) sw t2, 0x8(a3)
mem[0x8000311C] <- 0x00000000

mem[X,0x800001B8] -> 0x0593
mem[X,0x800001BA] -> 0x0010
[115] [M]: 0x800001B8 (0x00100593) addi a1, zero, 0x1
x11 <- 0x00000001

mem[X,0x800001BC] -> 0xF5B7
mem[X,0x800001BE] -> 0xFFFF
[116] [M]: 0x800001BC (0xFFFFF5B7) lui a1, -0x1
x11 <- 0xFFFFF000

mem[X,0x800001C0] -> 0x8593
mem[X,0x800001C2] -> 0x7FF5
[117] [M]: 0x800001C0 (0x7FF58593) addi a1, a1, 0x7ff
x11 <- 0xFFFFF7FF

mem[X,0x800001C4] -> 0x9E3B
mem[X,0x800001C6] -> 0xAEB5
[118] [M]: 0x800001C4 (0xAEB59E3B) srx t3, a1, a1
x28 <- 0xFFFFEFFF

mem[X,0x800001C8] -> 0xA623
mem[X,0x800001CA] -> 0x01C6
[119] [M]: 0x800001C8 (0x01C6A623) sw t3, 0xc(a3)
mem[0x80003120] <- 0xFFFFEFFF

mem[X,0x800001CC] -> 0x04B7
mem[X,0x800001CE] -> 0x8000
[120] [M]: 0x800001CC (0x800004B7) lui s1, -0x80000
x9 <- 0x80000000

mem[X,0x800001D0] -> 0x8493
mem[X,0x800001D2] -> 0xFFF4
[121] [M]: 0x800001D0 (0xFFF48493) addi s1, s1, -0x1
x9 <- 0x7FFFFFFF

mem[X,0x800001D4] -> 0x04B7
mem[X,0x800001D6] -> 0xFFFF
[122] [M]: 0x800001D4 (0xFFFF04B7) lui s1, -0x10
x9 <- 0xFFFF0000

mem[X,0x800001D8] -> 0x8493
mem[X,0x800001DA] -> 0xFFF4
[123] [M]: 0x800001D8 (0xFFF48493) addi s1, s1, -0x1
x9 <- 0xFFFEFFFF

mem[X,0x800001DC] -> 0x94BB
mem[X,0x800001DE] -> 0xAE94
[124] [M]: 0x800001DC (0xAE9494BB) srx s1, s1, s1
x9 <- 0xFFFDFFFF

mem[X,0x800001E0] -> 0xA823
mem[X,0x800001E2] -> 0x0096
[125] [M]: 0x800001E0 (0x0096A823) sw s1, 0x10(a3)
mem[0x80003124] <- 0xFFFDFFFF

mem[X,0x800001E4] -> 0x0293
mem[X,0x800001E6] -> 0x0020
[126] [M]: 0x800001E4 (0x00200293) addi t0, zero, 0x2
x5 <- 0x00000002

mem[X,0x800001E8] -> 0x0393
mem[X,0x800001EA] -> 0xFFD0
[127] [M]: 0x800001E8 (0xFFD00393) addi t2, zero, -0x3
x7 <- 0xFFFFFFFD

mem[X,0x800001EC] -> 0x983B
mem[X,0x800001EE] -> 0xAE72
[128] [M]: 0x800001EC (0xAE72983B) srx a6, t0, t2
x16 <- 0x00000013

mem[X,0x800001F0] -> 0xAA23
mem[X,0x800001F2] -> 0x0106
[129] [M]: 0x800001F0 (0x0106AA23) sw a6, 0x14(a3)
mem[0x80003128] <- 0x00000013

mem[X,0x800001F4] -> 0x0213
mem[X,0x800001F6] -> 0x0040
[130] [M]: 0x800001F4 (0x00400213) addi tp, zero, 0x4
x4 <- 0x00000004

mem[X,0x800001F8] -> 0x0AB7
mem[X,0x800001FA] -> 0xE000
[131] [M]: 0x800001F8 (0xE0000AB7) lui s5, -0x20000
x21 <- 0xE0000000

mem[X,0x800001FC] -> 0x8A93
mem[X,0x800001FE] -> 0xFFFA
[132] [M]: 0x800001FC (0xFFFA8A93) addi s5, s5, -0x1
x21 <- 0xDFFFFFFF

mem[X,0x80000200] -> 0x10BB
mem[X,0x80000202] -> 0xAF52
[133] [M]: 0x80000200 (0xAF5210BB) srx ra, tp, s5
x1 <- 0x00000009

mem[X,0x80000204] -> 0xAC23
mem[X,0x80000206] -> 0x0016
[134] [M]: 0x80000204 (0x0016AC23) sw ra, 0x18(a3)
mem[0x8000312C] <- 0x00000009

mem[X,0x80000208] -> 0x0F93
mem[X,0x8000020A] -> 0x0080
[135] [M]: 0x80000208 (0x00800F93) addi t6, zero, 0x8
x31 <- 0x00000008

mem[X,0x8000020C] -> 0x0713
mem[X,0x8000020E] -> 0xFFE0
[136] [M]: 0x8000020C (0xFFE00713) addi a4, zero, -0x2
x14 <- 0xFFFFFFFE

mem[X,0x80000210] -> 0x9DBB
mem[X,0x80000212] -> 0xAEEF
[137] [M]: 0x80000210 (0xAEEF9DBB) srx s11, t6, a4
x27 <- 0x00000020

mem[X,0x80000214] -> 0xAE23
mem[X,0x80000216] -> 0x01B6
[138] [M]: 0x80000214 (0x01B6AE23) sw s11, 0x1c(a3)
mem[0x80003130] <- 0x00000020

mem[X,0x80000218] -> 0x0893
mem[X,0x8000021A] -> 0x0100
[139] [M]: 0x80000218 (0x01000893) addi a7, zero, 0x10
x17 <- 0x00000010

mem[X,0x8000021C] -> 0x8237
mem[X,0x8000021E] -> 0x0000
[140] [M]: 0x8000021C (0x00008237) lui tp, 0x8
x4 <- 0x00008000

mem[X,0x80000220] -> 0x9CBB
mem[X,0x80000222] -> 0xAE48
[141] [M]: 0x80000220 (0xAE489CBB) srx s9, a7, tp
x25 <- 0x00000000

mem[X,0x80000224] -> 0xA023
mem[X,0x80000226] -> 0x0396
[142] [M]: 0x80000224 (0x0396A023) sw s9, 0x20(a3)
mem[0x80003134] <- 0x00000000

mem[X,0x80000228] -> 0x0113
mem[X,0x8000022A] -> 0x0200
[143] [M]: 0x80000228 (0x02000113) addi sp, zero, 0x20
x2 <- 0x00000020

mem[X,0x8000022C] -> 0x08B7
mem[X,0x8000022E] -> 0xFFFC
[144] [M]: 0x8000022C (0xFFFC08B7) lui a7, -0x40
x17 <- 0xFFFC0000

mem[X,0x80000230] -> 0x8893
mem[X,0x80000232] -> 0xFFF8
[145] [M]: 0x80000230 (0xFFF88893) addi a7, a7, -0x1
x17 <- 0xFFFBFFFF

mem[X,0x80000234] -> 0x17BB
mem[X,0x80000236] -> 0xAF11
[146] [M]: 0x80000234 (0xAF1117BB) srx a5, sp, a7
x15 <- 0x00000041

mem[X,0x80000238] -> 0xA223
mem[X,0x8000023A] -> 0x02F6
[147] [M]: 0x80000238 (0x02F6A223) sw a5, 0x24(a3)
mem[0x80003138] <- 0x00000041

mem[X,0x8000023C] -> 0x0513
mem[X,0x8000023E] -> 0x0400
[148] [M]: 0x8000023C (0x04000513) addi a0, zero, 0x40
x10 <- 0x00000040

mem[X,0x80000240] -> 0x00B7
mem[X,0x80000242] -> 0xF800
[149] [M]: 0x80000240 (0xF80000B7) lui ra, -0x8000
x1 <- 0xF8000000

mem[X,0x80000244] -> 0x8093
mem[X,0x80000246] -> 0xFFF0
[150] [M]: 0x80000244 (0xFFF08093) addi ra, ra, -0x1
x1 <- 0xF7FFFFFF

mem[X,0x80000248] -> 0x1F3B
mem[X,0x8000024A] -> 0xAE15
[151] [M]: 0x80000248 (0xAE151F3B) srx t5, a0, ra
x30 <- 0x00000080

mem[X,0x8000024C] -> 0xA423
mem[X,0x8000024E] -> 0x03E6
[152] [M]: 0x8000024C (0x03E6A423) sw t5, 0x28(a3)
mem[0x8000313C] <- 0x00000080

mem[X,0x80000250] -> 0x0613
mem[X,0x80000252] -> 0x0800
[153] [M]: 0x80000250 (0x08000613) addi a2, zero, 0x80
x12 <- 0x00000080

mem[X,0x80000254] -> 0x0BB7
mem[X,0x80000256] -> 0xF800
[154] [M]: 0x80000254 (0xF8000BB7) lui s7, -0x8000
x23 <- 0xF8000000

mem[X,0x80000258] -> 0x8B93
mem[X,0x8000025A] -> 0xFFFB
[155] [M]: 0x80000258 (0xFFFB8B93) addi s7, s7, -0x1
x23 <- 0xF7FFFFFF

mem[X,0x8000025C] -> 0x15BB
mem[X,0x8000025E] -> 0xAF76
[156] [M]: 0x8000025C (0xAF7615BB) srx a1, a2, s7
x11 <- 0x00000101

mem[X,0x80000260] -> 0xA623
mem[X,0x80000262] -> 0x02B6
[157] [M]: 0x80000260 (0x02B6A623) sw a1, 0x2c(a3)
mem[0x80003140] <- 0x00000101

mem[X,0x80000264] -> 0x0413
mem[X,0x80000266] -> 0x1000
[158] [M]: 0x80000264 (0x10000413) addi fp, zero, 0x100
x8 <- 0x00000100

mem[X,0x80000268] -> 0x0D93
mem[X,0x8000026A] -> 0x0070
[159] [M]: 0x80000268 (0x00700D93) addi s11, zero, 0x7
x27 <- 0x00000007

mem[X,0x8000026C] -> 0x1EBB
mem[X,0x8000026E] -> 0xAFB4
[160] [M]: 0x8000026C (0xAFB41EBB) srx t4, fp, s11
x29 <- 0x00000000

mem[X,0x80000270] -> 0xA823
mem[X,0x80000272] -> 0x03D6
[161] [M]: 0x80000270 (0x03D6A823) sw t4, 0x30(a3)
mem[0x80003144] <- 0x00000000

mem[X,0x80000274] -> 0x0713
mem[X,0x80000276] -> 0x2000
[162] [M]: 0x80000274 (0x20000713) addi a4, zero, 0x200
x14 <- 0x00000200

mem[X,0x80000278] -> 0x0C93
mem[X,0x8000027A] -> 0xFBF0
[163] [M]: 0x80000278 (0xFBF00C93) addi s9, zero, -0x41
x25 <- 0xFFFFFFBF

mem[X,0x8000027C] -> 0x103B
mem[X,0x8000027E] -> 0xAF97
[164] [M]: 0x8000027C (0xAF97103B) srx zero, a4, s9

mem[X,0x80000280] -> 0xAA23
mem[X,0x80000282] -> 0x0206
[165] [M]: 0x80000280 (0x0206AA23) sw zero, 0x34(a3)
mem[0x80003148] <- 0x00000000

mem[X,0x80000284] -> 0x0013
mem[X,0x80000286] -> 0x4000
[166] [M]: 0x80000284 (0x40000013) addi zero, zero, 0x400

mem[X,0x80000288] -> 0x0337
mem[X,0x8000028A] -> 0x0002
[167] [M]: 0x80000288 (0x00020337) lui t1, 0x20
x6 <- 0x00020000

mem[X,0x8000028C] -> 0x1A3B
mem[X,0x8000028E] -> 0xAE60
[168] [M]: 0x8000028C (0xAE601A3B) srx s4, zero, t1
x20 <- 0x00000007

mem[X,0x80000290] -> 0xAC23
mem[X,0x80000292] -> 0x0346
[169] [M]: 0x80000290 (0x0346AC23) sw s4, 0x38(a3)
mem[0x8000314C] <- 0x00000007

mem[X,0x80000294] -> 0x1AB7
mem[X,0x80000296] -> 0x0000
[170] [M]: 0x80000294 (0x00001AB7) lui s5, 0x1
x21 <- 0x00001000

mem[X,0x80000298] -> 0x8A93
mem[X,0x8000029A] -> 0x800A
[171] [M]: 0x80000298 (0x800A8A93) addi s5, s5, -0x800
x21 <- 0x00000800

mem[X,0x8000029C] -> 0x09B7
mem[X,0x8000029E] -> 0x0080
[172] [M]: 0x8000029C (0x008009B7) lui s3, 0x800
x19 <- 0x00800000

mem[X,0x800002A0] -> 0x91BB
mem[X,0x800002A2] -> 0xAF3A
[173] [M]: 0x800002A0 (0xAF3A91BB) srx gp, s5, s3
x3 <- 0x0003FBB6

mem[X,0x800002A4] -> 0xAE23
mem[X,0x800002A6] -> 0x0236
[174] [M]: 0x800002A4 (0x0236AE23) sw gp, 0x3c(a3)
mem[0x80003150] <- 0x0003FBB6

mem[X,0x800002A8] -> 0x0013
mem[X,0x800002AA] -> 0x0000
[175] [M]: 0x800002A8 (0x00000013) addi zero, zero, 0x0

mem[X,0x800002AC] -> 0x0013
mem[X,0x800002AE] -> 0x0000
[176] [M]: 0x800002AC (0x00000013) addi zero, zero, 0x0

mem[X,0x800002B0] -> 0x0013
mem[X,0x800002B2] -> 0x0000
[177] [M]: 0x800002B0 (0x00000013) addi zero, zero, 0x0

mem[X,0x800002B4] -> 0x0013
mem[X,0x800002B6] -> 0x0000
[178] [M]: 0x800002B4 (0x00000013) addi zero, zero, 0x0

mem[X,0x800002B8] -> 0x0013
mem[X,0x800002BA] -> 0x0000
[179] [M]: 0x800002B8 (0x00000013) addi zero, zero, 0x0

mem[X,0x800002BC] -> 0x0013
mem[X,0x800002BE] -> 0x0000
[180] [M]: 0x800002BC (0x00000013) addi zero, zero, 0x0

mem[X,0x800002C0] -> 0x3217
mem[X,0x800002C2] -> 0x0000
[181] [M]: 0x800002C0 (0x00003217) auipc tp, 0x3
x4 <- 0x800032C0

mem[X,0x800002C4] -> 0x0213
mem[X,0x800002C6] -> 0xE942
[182] [M]: 0x800002C4 (0xE9420213) addi tp, tp, -0x16c
x4 <- 0x80003154

mem[X,0x800002C8] -> 0x0013
mem[X,0x800002CA] -> 0x0000
[183] [M]: 0x800002C8 (0x00000013) addi zero, zero, 0x0

mem[X,0x800002CC] -> 0x0013
mem[X,0x800002CE] -> 0x0000
[184] [M]: 0x800002CC (0x00000013) addi zero, zero, 0x0

mem[X,0x800002D0] -> 0x0013
mem[X,0x800002D2] -> 0x0000
[185] [M]: 0x800002D0 (0x00000013) addi zero, zero, 0x0

mem[X,0x800002D4] -> 0x0013
mem[X,0x800002D6] -> 0x0000
[186] [M]: 0x800002D4 (0x00000013) addi zero, zero, 0x0

mem[X,0x800002D8] -> 0x0013
mem[X,0x800002DA] -> 0x0000
[187] [M]: 0x800002D8 (0x00000013) addi zero, zero, 0x0

mem[X,0x800002DC] -> 0x0013
mem[X,0x800002DE] -> 0x0000
[188] [M]: 0x800002DC (0x00000013) addi zero, zero, 0x0

mem[X,0x800002E0] -> 0x1D37
mem[X,0x800002E2] -> 0x0000
[189] [M]: 0x800002E0 (0x00001D37) lui s10, 0x1
x26 <- 0x00001000

mem[X,0x800002E4] -> 0x0EB7
mem[X,0x800002E6] -> 0x8000
[190] [M]: 0x800002E4 (0x80000EB7) lui t4, -0x80000
x29 <- 0x80000000

mem[X,0x800002E8] -> 0x8E93
mem[X,0x800002EA] -> 0xFFFE
[191] [M]: 0x800002E8 (0xFFFE8E93) addi t4, t4, -0x1
x29 <- 0x7FFFFFFF

mem[X,0x800002EC] -> 0x173B
mem[X,0x800002EE] -> 0xAFDD
[192] [M]: 0x800002EC (0xAFDD173B) srx a4, s10, t4
x14 <- 0x00002000

mem[X,0x800002F0] -> 0x2023
mem[X,0x800002F2] -> 0x00E2
[193] [M]: 0x800002F0 (0x00E22023) sw a4, 0x0(tp)
mem[0x80003154] <- 0x00002000

mem[X,0x800002F4] -> 0x29B7
mem[X,0x800002F6] -> 0x0000
[194] [M]: 0x800002F4 (0x000029B7) lui s3, 0x2
x19 <- 0x00002000

mem[X,0x800002F8] -> 0x0937
mem[X,0x800002FA] -> 0x0080
[195] [M]: 0x800002F8 (0x00800937) lui s2, 0x800
x18 <- 0x00800000

mem[X,0x800002FC] -> 0x943B
mem[X,0x800002FE] -> 0xAF29
[196] [M]: 0x800002FC (0xAF29943B) srx fp, s3, s2
x8 <- 0x00000100

mem[X,0x80000300] -> 0x2223
mem[X,0x80000302] -> 0x0082
[197] [M]: 0x80000300 (0x00822223) sw fp, 0x4(tp)
mem[0x80003158] <- 0x00000100

mem[X,0x80000304] -> 0x4CB7
mem[X,0x80000306] -> 0x0000
[198] [M]: 0x80000304 (0x00004CB7) lui s9, 0x4
x25 <- 0x00004000

mem[X,0x80000308] -> 0x01B7
mem[X,0x8000030A] -> 0x8000
[199] [M]: 0x80000308 (0x800001B7) lui gp, -0x80000
x3 <- 0x80000000

clint::tick mtime <- 0x0000000000000002
 clint timer pending at mtime 0x0000000000000002
htif::tick 0x0000000000000000
mem[X,0x8000030C] -> 0x9B3B
mem[X,0x8000030E] -> 0xAE3C
[200] [M]: 0x8000030C (0xAE3C9B3B) srx s6, s9, gp
x22 <- 0x00000000

mem[X,0x80000310] -> 0x2423
mem[X,0x80000312] -> 0x0162
[201] [M]: 0x80000310 (0x01622423) sw s6, 0x8(tp)
mem[0x8000315C] <- 0x00000000

mem[X,0x80000314] -> 0x8DB7
mem[X,0x80000316] -> 0x0000
[202] [M]: 0x80000314 (0x00008DB7) lui s11, 0x8
x27 <- 0x00008000

mem[X,0x80000318] -> 0x0293
mem[X,0x8000031A] -> 0x0030
[203] [M]: 0x80000318 (0x00300293) addi t0, zero, 0x3
x5 <- 0x00000003

mem[X,0x8000031C] -> 0x9D3B
mem[X,0x8000031E] -> 0xAE5D
[204] [M]: 0x8000031C (0xAE5D9D3B) srx s10, s11, t0
x26 <- 0x00000200

mem[X,0x80000320] -> 0x2623
mem[X,0x80000322] -> 0x01A2
[205] [M]: 0x80000320 (0x01A22623) sw s10, 0xc(tp)
mem[0x80003160] <- 0x00000200

mem[X,0x80000324] -> 0x0837
mem[X,0x80000326] -> 0x0001
[206] [M]: 0x80000324 (0x00010837) lui a6, 0x10
x16 <- 0x00010000

mem[X,0x80000328] -> 0x0B37
mem[X,0x8000032A] -> 0x8000
[207] [M]: 0x80000328 (0x80000B37) lui s6, -0x80000
x22 <- 0x80000000

mem[X,0x8000032C] -> 0x0B13
mem[X,0x8000032E] -> 0xFFFB
[208] [M]: 0x8000032C (0xFFFB0B13) addi s6, s6, -0x1
x22 <- 0x7FFFFFFF

mem[X,0x80000330] -> 0x16BB
mem[X,0x80000332] -> 0xAF68
[209] [M]: 0x80000330 (0xAF6816BB) srx a3, a6, s6
x13 <- 0x00020001

mem[X,0x80000334] -> 0x2823
mem[X,0x80000336] -> 0x00D2
[210] [M]: 0x80000334 (0x00D22823) sw a3, 0x10(tp)
mem[0x80003164] <- 0x00020001

mem[X,0x80000338] -> 0x0337
mem[X,0x8000033A] -> 0x0002
[211] [M]: 0x80000338 (0x00020337) lui t1, 0x20
x6 <- 0x00020000

mem[X,0x8000033C] -> 0x07B7
mem[X,0x8000033E] -> 0x0004
[212] [M]: 0x8000033C (0x000407B7) lui a5, 0x40
x15 <- 0x00040000

mem[X,0x80000340] -> 0x1C3B
mem[X,0x80000342] -> 0xAEF3
[213] [M]: 0x80000340 (0xAEF31C3B) srx s8, t1, a5
x24 <- 0x00000000

mem[X,0x80000344] -> 0x2A23
mem[X,0x80000346] -> 0x0182
[214] [M]: 0x80000344 (0x01822A23) sw s8, 0x14(tp)
mem[0x80003168] <- 0x00000000

mem[X,0x80000348] -> 0x0EB7
mem[X,0x8000034A] -> 0x0004
[215] [M]: 0x80000348 (0x00040EB7) lui t4, 0x40
x29 <- 0x00040000

mem[X,0x8000034C] -> 0x0013
mem[X,0x8000034E] -> 0x0040
[216] [M]: 0x8000034C (0x00400013) addi zero, zero, 0x4

mem[X,0x80000350] -> 0x99BB
mem[X,0x80000352] -> 0xAE0E
[217] [M]: 0x80000350 (0xAE0E99BB) srx s3, t4, zero
x19 <- 0x00002000

mem[X,0x80000354] -> 0x2C23
mem[X,0x80000356] -> 0x0132
[218] [M]: 0x80000354 (0x01322C23) sw s3, 0x18(tp)
mem[0x8000316C] <- 0x00002000

mem[X,0x80000358] -> 0x0937
mem[X,0x8000035A] -> 0x0008
[219] [M]: 0x80000358 (0x00080937) lui s2, 0x80
x18 <- 0x00080000

mem[X,0x8000035C] -> 0x0637
mem[X,0x8000035E] -> 0xFFFF
[220] [M]: 0x8000035C (0xFFFF0637) lui a2, -0x10
x12 <- 0xFFFF0000

mem[X,0x80000360] -> 0x0613
mem[X,0x80000362] -> 0xFFF6
[221] [M]: 0x80000360 (0xFFF60613) addi a2, a2, -0x1
x12 <- 0xFFFEFFFF

mem[X,0x80000364] -> 0x153B
mem[X,0x80000366] -> 0xAEC9
[222] [M]: 0x80000364 (0xAEC9153B) srx a0, s2, a2
x10 <- 0x00100000

mem[X,0x80000368] -> 0x2E23
mem[X,0x8000036A] -> 0x00A2
[223] [M]: 0x80000368 (0x00A22E23) sw a0, 0x1c(tp)
mem[0x80003170] <- 0x00100000

mem[X,0x8000036C] -> 0x0C37
mem[X,0x8000036E] -> 0x0010
[224] [M]: 0x8000036C (0x00100C37) lui s8, 0x100
x24 <- 0x00100000

mem[X,0x80000370] -> 0x0F13
mem[X,0x80000372] -> 0xFF70
[225] [M]: 0x80000370 (0xFF700F13) addi t5, zero, -0x9
x30 <- 0xFFFFFFF7

mem[X,0x80000374] -> 0x163B
mem[X,0x80000376] -> 0xAFEC
[226] [M]: 0x80000374 (0xAFEC163B) srx a2, s8, t5
x12 <- 0x200001FF

mem[X,0x80000378] -> 0x2023
mem[X,0x8000037A] -> 0x02C2
[227] [M]: 0x80000378 (0x02C22023) sw a2, 0x20(tp)
mem[0x80003174] <- 0x200001FF

mem[X,0x8000037C] -> 0x0F37
mem[X,0x8000037E] -> 0x0020
[228] [M]: 0x8000037C (0x00200F37) lui t5, 0x200
x30 <- 0x00200000

mem[X,0x80000380] -> 0x0A13
mem[X,0x80000382] -> 0xFF70
[229] [M]: 0x80000380 (0xFF700A13) addi s4, zero, -0x9
x20 <- 0xFFFFFFF7

mem[X,0x80000384] -> 0x1ABB
mem[X,0x80000386] -> 0xAF4F
[230] [M]: 0x80000384 (0xAF4F1ABB) srx s5, t5, s4
x21 <- 0x40000000

mem[X,0x80000388] -> 0x2223
mem[X,0x8000038A] -> 0x0352
[231] [M]: 0x80000388 (0x03522223) sw s5, 0x24(tp)
mem[0x80003178] <- 0x40000000

mem[X,0x8000038C] -> 0x00B7
mem[X,0x8000038E] -> 0x0040
[232] [M]: 0x8000038C (0x004000B7) lui ra, 0x400
x1 <- 0x00400000

mem[X,0x80000390] -> 0x0D13
mem[X,0x80000392] -> 0x0010
[233] [M]: 0x80000390 (0x00100D13) addi s10, zero, 0x1
x26 <- 0x00000001

mem[X,0x80000394] -> 0x993B
mem[X,0x80000396] -> 0xAFA0
[234] [M]: 0x80000394 (0xAFA0993B) srx s2, ra, s10
x18 <- 0x00040000

mem[X,0x80000398] -> 0x2423
mem[X,0x8000039A] -> 0x0322
[235] [M]: 0x80000398 (0x03222423) sw s2, 0x28(tp)
mem[0x8000317C] <- 0x00040000

mem[X,0x8000039C] -> 0x0B37
mem[X,0x8000039E] -> 0x0080
[236] [M]: 0x8000039C (0x00800B37) lui s6, 0x800
x22 <- 0x00800000

mem[X,0x800003A0] -> 0x0837
mem[X,0x800003A2] -> 0x0100
[237] [M]: 0x800003A0 (0x01000837) lui a6, 0x1000
x16 <- 0x01000000

mem[X,0x800003A4] -> 0x18BB
mem[X,0x800003A6] -> 0xAF0B
[238] [M]: 0x800003A4 (0xAF0B18BB) srx a7, s6, a6
x17 <- 0xFFFBFFFF

mem[X,0x800003A8] -> 0x2623
mem[X,0x800003AA] -> 0x0312
[239] [M]: 0x800003A8 (0x03122623) sw a7, 0x2c(tp)
mem[0x80003180] <- 0xFFFBFFFF

mem[X,0x800003AC] -> 0x06B7
mem[X,0x800003AE] -> 0x0100
[240] [M]: 0x800003AC (0x010006B7) lui a3, 0x1000
x13 <- 0x01000000

mem[X,0x800003B0] -> 0x0E37
mem[X,0x800003B2] -> 0xFFE0
[241] [M]: 0x800003B0 (0xFFE00E37) lui t3, -0x200
x28 <- 0xFFE00000

mem[X,0x800003B4] -> 0x0E13
mem[X,0x800003B6] -> 0xFFFE
[242] [M]: 0x800003B4 (0xFFFE0E13) addi t3, t3, -0x1
x28 <- 0xFFDFFFFF

mem[X,0x800003B8] -> 0x913B
mem[X,0x800003BA] -> 0xAFC6
[243] [M]: 0x800003B8 (0xAFC6913B) srx sp, a3, t3
x2 <- 0x02000000

mem[X,0x800003BC] -> 0x2823
mem[X,0x800003BE] -> 0x0222
[244] [M]: 0x800003BC (0x02222823) sw sp, 0x30(tp)
mem[0x80003184] <- 0x02000000

mem[X,0x800003C0] -> 0x0A37
mem[X,0x800003C2] -> 0x0200
[245] [M]: 0x800003C0 (0x02000A37) lui s4, 0x2000
x20 <- 0x02000000

mem[X,0x800003C4] -> 0x06B7
mem[X,0x800003C6] -> 0xFFF0
[246] [M]: 0x800003C4 (0xFFF006B7) lui a3, -0x100
x13 <- 0xFFF00000

mem[X,0x800003C8] -> 0x8693
mem[X,0x800003CA] -> 0xFFF6
[247] [M]: 0x800003C8 (0xFFF68693) addi a3, a3, -0x1
x13 <- 0xFFEFFFFF

mem[X,0x800003CC] -> 0x1BBB
mem[X,0x800003CE] -> 0xAEDA
[248] [M]: 0x800003CC (0xAEDA1BBB) srx s7, s4, a3
x23 <- 0x04000001

mem[X,0x800003D0] -> 0x2A23
mem[X,0x800003D2] -> 0x0372
[249] [M]: 0x800003D0 (0x03722A23) sw s7, 0x34(tp)
mem[0x80003188] <- 0x04000001

mem[X,0x800003D4] -> 0x0013
mem[X,0x800003D6] -> 0x0000
[250] [M]: 0x800003D4 (0x00000013) addi zero, zero, 0x0

mem[X,0x800003D8] -> 0x0013
mem[X,0x800003DA] -> 0x0000
[251] [M]: 0x800003D8 (0x00000013) addi zero, zero, 0x0

mem[X,0x800003DC] -> 0x0013
mem[X,0x800003DE] -> 0x0000
[252] [M]: 0x800003DC (0x00000013) addi zero, zero, 0x0

mem[X,0x800003E0] -> 0x3097
mem[X,0x800003E2] -> 0x0000
[253] [M]: 0x800003E0 (0x00003097) auipc ra, 0x3
x1 <- 0x800033E0

mem[X,0x800003E4] -> 0x8093
mem[X,0x800003E6] -> 0xDAC0
[254] [M]: 0x800003E4 (0xDAC08093) addi ra, ra, -0x254
x1 <- 0x8000318C

mem[X,0x800003E8] -> 0x0013
mem[X,0x800003EA] -> 0x0000
[255] [M]: 0x800003E8 (0x00000013) addi zero, zero, 0x0

mem[X,0x800003EC] -> 0x0013
mem[X,0x800003EE] -> 0x0000
[256] [M]: 0x800003EC (0x00000013) addi zero, zero, 0x0

mem[X,0x800003F0] -> 0x0013
mem[X,0x800003F2] -> 0x0000
[257] [M]: 0x800003F0 (0x00000013) addi zero, zero, 0x0

mem[X,0x800003F4] -> 0x0013
mem[X,0x800003F6] -> 0x0000
[258] [M]: 0x800003F4 (0x00000013) addi zero, zero, 0x0

mem[X,0x800003F8] -> 0x0013
mem[X,0x800003FA] -> 0x0000
[259] [M]: 0x800003F8 (0x00000013) addi zero, zero, 0x0

mem[X,0x800003FC] -> 0x0013
mem[X,0x800003FE] -> 0x0000
[260] [M]: 0x800003FC (0x00000013) addi zero, zero, 0x0

mem[X,0x80000400] -> 0x0BB7
mem[X,0x80000402] -> 0x0400
[261] [M]: 0x80000400 (0x04000BB7) lui s7, 0x4000
x23 <- 0x04000000

mem[X,0x80000404] -> 0x0537
mem[X,0x80000406] -> 0x0008
[262] [M]: 0x80000404 (0x00080537) lui a0, 0x80
x10 <- 0x00080000

mem[X,0x80000408] -> 0x933B
mem[X,0x8000040A] -> 0xAEAB
[263] [M]: 0x80000408 (0xAEAB933B) srx t1, s7, a0
x6 <- 0x00020000

mem[X,0x8000040C] -> 0xA023
mem[X,0x8000040E] -> 0x0060
[264] [M]: 0x8000040C (0x0060A023) sw t1, 0x0(ra)
mem[0x8000318C] <- 0x00020000

mem[X,0x80000410] -> 0x01B7
mem[X,0x80000412] -> 0x0800
[265] [M]: 0x80000410 (0x080001B7) lui gp, 0x8000
x3 <- 0x08000000

mem[X,0x80000414] -> 0x0C37
mem[X,0x80000416] -> 0x2000
[266] [M]: 0x80000414 (0x20000C37) lui s8, 0x20000
x24 <- 0x20000000

mem[X,0x80000418] -> 0x923B
mem[X,0x8000041A] -> 0xAF81
[267] [M]: 0x80000418 (0xAF81923B) srx tp, gp, s8
x4 <- 0x80003154

mem[X,0x8000041C] -> 0xA223
mem[X,0x8000041E] -> 0x0040
[268] [M]: 0x8000041C (0x0040A223) sw tp, 0x4(ra)
mem[0x80003190] <- 0x80003154

mem[X,0x80000420] -> 0x0F37
mem[X,0x80000422] -> 0x1000
[269] [M]: 0x80000420 (0x10000F37) lui t5, 0x10000
x30 <- 0x10000000

mem[X,0x80000424] -> 0x0E93
mem[X,0x80000426] -> 0xEFF0
[270] [M]: 0x80000424 (0xEFF00E93) addi t4, zero, -0x101
x29 <- 0xFFFFFEFF

mem[X,0x80000428] -> 0x1FBB
mem[X,0x8000042A] -> 0xAFDF
[271] [M]: 0x80000428 (0xAFDF1FBB) srx t6, t5, t4
x31 <- 0x20000000

mem[X,0x8000042C] -> 0xA423
mem[X,0x8000042E] -> 0x01F0
[272] [M]: 0x8000042C (0x01F0A423) sw t6, 0x8(ra)
mem[0x80003194] <- 0x20000000

mem[X,0x80000430] -> 0x0F37
mem[X,0x80000432] -> 0x2000
[273] [M]: 0x80000430 (0x20000F37) lui t5, 0x20000
x30 <- 0x20000000

mem[X,0x80000434] -> 0xFEB7
mem[X,0x80000436] -> 0xFFFF
[274] [M]: 0x80000434 (0xFFFFFEB7) lui t4, -0x1
x29 <- 0xFFFFF000

mem[X,0x80000438] -> 0x8E93
mem[X,0x8000043A] -> 0x7FFE
[275] [M]: 0x80000438 (0x7FFE8E93) addi t4, t4, 0x7ff
x29 <- 0xFFFFF7FF

mem[X,0x8000043C] -> 0x1FBB
mem[X,0x8000043E] -> 0xAFDF
[276] [M]: 0x8000043C (0xAFDF1FBB) srx t6, t5, t4
x31 <- 0x40000000

mem[X,0x80000440] -> 0xA623
mem[X,0x80000442] -> 0x01F0
[277] [M]: 0x80000440 (0x01F0A623) sw t6, 0xc(ra)
mem[0x80003198] <- 0x40000000

mem[X,0x80000444] -> 0x0F37
mem[X,0x80000446] -> 0x4000
[278] [M]: 0x80000444 (0x40000F37) lui t5, 0x40000
x30 <- 0x40000000

mem[X,0x80000448] -> 0x1EB7
mem[X,0x8000044A] -> 0x0000
[279] [M]: 0x80000448 (0x00001EB7) lui t4, 0x1
x29 <- 0x00001000

mem[X,0x8000044C] -> 0x1FBB
mem[X,0x8000044E] -> 0xAFDF
[280] [M]: 0x8000044C (0xAFDF1FBB) srx t6, t5, t4
x31 <- 0x40000000

mem[X,0x80000450] -> 0xA823
mem[X,0x80000452] -> 0x01F0
[281] [M]: 0x80000450 (0x01F0A823) sw t6, 0x10(ra)
mem[0x8000319C] <- 0x40000000

mem[X,0x80000454] -> 0x0F13
mem[X,0x80000456] -> 0xFFE0
[282] [M]: 0x80000454 (0xFFE00F13) addi t5, zero, -0x2
x30 <- 0xFFFFFFFE

mem[X,0x80000458] -> 0x0EB7
mem[X,0x8000045A] -> 0x0400
[283] [M]: 0x80000458 (0x04000EB7) lui t4, 0x4000
x29 <- 0x04000000

mem[X,0x8000045C] -> 0x1FBB
mem[X,0x8000045E] -> 0xAFDF
[284] [M]: 0x8000045C (0xAFDF1FBB) srx t6, t5, t4
x31 <- 0x40000000

mem[X,0x80000460] -> 0xAA23
mem[X,0x80000462] -> 0x01F0
[285] [M]: 0x80000460 (0x01F0AA23) sw t6, 0x14(ra)
mem[0x800031A0] <- 0x40000000

mem[X,0x80000464] -> 0x0F13
mem[X,0x80000466] -> 0xFFD0
[286] [M]: 0x80000464 (0xFFD00F13) addi t5, zero, -0x3
x30 <- 0xFFFFFFFD

mem[X,0x80000468] -> 0x0E93
mem[X,0x8000046A] -> 0x0080
[287] [M]: 0x80000468 (0x00800E93) addi t4, zero, 0x8
x29 <- 0x00000008

mem[X,0x8000046C] -> 0x1FBB
mem[X,0x8000046E] -> 0xAFDF
[288] [M]: 0x8000046C (0xAFDF1FBB) srx t6, t5, t4
x31 <- 0xFD400000

mem[X,0x80000470] -> 0xAC23
mem[X,0x80000472] -> 0x01F0
[289] [M]: 0x80000470 (0x01F0AC23) sw t6, 0x18(ra)
mem[0x800031A4] <- 0xFD400000

mem[X,0x80000474] -> 0x0F13
mem[X,0x80000476] -> 0xFFB0
[290] [M]: 0x80000474 (0xFFB00F13) addi t5, zero, -0x5
x30 <- 0xFFFFFFFB

mem[X,0x80000478] -> 0x0EB7
mem[X,0x8000047A] -> 0xFFFF
[291] [M]: 0x80000478 (0xFFFF0EB7) lui t4, -0x10
x29 <- 0xFFFF0000

mem[X,0x8000047C] -> 0x8E93
mem[X,0x8000047E] -> 0xFFFE
[292] [M]: 0x8000047C (0xFFFE8E93) addi t4, t4, -0x1
x29 <- 0xFFFEFFFF

mem[X,0x80000480] -> 0x1FBB
mem[X,0x80000482] -> 0xAFDF
[293] [M]: 0x80000480 (0xAFDF1FBB) srx t6, t5, t4
x31 <- 0xFFFFFFF7

mem[X,0x80000484] -> 0xAE23
mem[X,0x80000486] -> 0x01F0
[294] [M]: 0x80000484 (0x01F0AE23) sw t6, 0x1c(ra)
mem[0x800031A8] <- 0xFFFFFFF7

mem[X,0x80000488] -> 0x0F13
mem[X,0x8000048A] -> 0xFF70
[295] [M]: 0x80000488 (0xFF700F13) addi t5, zero, -0x9
x30 <- 0xFFFFFFF7

mem[X,0x8000048C] -> 0x0EB7
mem[X,0x8000048E] -> 0x0001
[296] [M]: 0x8000048C (0x00010EB7) lui t4, 0x10
x29 <- 0x00010000

mem[X,0x80000490] -> 0x1FBB
mem[X,0x80000492] -> 0xAFDF
[297] [M]: 0x80000490 (0xAFDF1FBB) srx t6, t5, t4
x31 <- 0xFFFFFFF7

mem[X,0x80000494] -> 0xA023
mem[X,0x80000496] -> 0x03F0
[298] [M]: 0x80000494 (0x03F0A023) sw t6, 0x20(ra)
mem[0x800031AC] <- 0xFFFFFFF7

mem[X,0x80000498] -> 0x0F13
mem[X,0x8000049A] -> 0xFEF0
[299] [M]: 0x80000498 (0xFEF00F13) addi t5, zero, -0x11
x30 <- 0xFFFFFFEF

clint::tick mtime <- 0x0000000000000003
 clint timer pending at mtime 0x0000000000000003
htif::tick 0x0000000000000000
mem[X,0x8000049C] -> 0x0E93
mem[X,0x8000049E] -> 0x0050
[300] [M]: 0x8000049C (0x00500E93) addi t4, zero, 0x5
x29 <- 0x00000005

mem[X,0x800004A0] -> 0x1FBB
mem[X,0x800004A2] -> 0xAFDF
[301] [M]: 0x800004A0 (0xAFDF1FBB) srx t6, t5, t4
x31 <- 0x7FFFFFFF

mem[X,0x800004A4] -> 0xA223
mem[X,0x800004A6] -> 0x03F0
[302] [M]: 0x800004A4 (0x03F0A223) sw t6, 0x24(ra)
mem[0x800031B0] <- 0x7FFFFFFF

mem[X,0x800004A8] -> 0x0F13
mem[X,0x800004AA] -> 0xFDF0
[303] [M]: 0x800004A8 (0xFDF00F13) addi t5, zero, -0x21
x30 <- 0xFFFFFFDF

mem[X,0x800004AC] -> 0x0E93
mem[X,0x800004AE] -> 0xDFF0
[304] [M]: 0x800004AC (0xDFF00E93) addi t4, zero, -0x201
x29 <- 0xFFFFFDFF

mem[X,0x800004B0] -> 0x1FBB
mem[X,0x800004B2] -> 0xAFDF
[305] [M]: 0x800004B0 (0xAFDF1FBB) srx t6, t5, t4
x31 <- 0xFFFFFFBE

mem[X,0x800004B4] -> 0xA423
mem[X,0x800004B6] -> 0x03F0
[306] [M]: 0x800004B4 (0x03F0A423) sw t6, 0x28(ra)
mem[0x800031B4] <- 0xFFFFFFBE

mem[X,0x800004B8] -> 0x0F13
mem[X,0x800004BA] -> 0xFBF0
[307] [M]: 0x800004B8 (0xFBF00F13) addi t5, zero, -0x41
x30 <- 0xFFFFFFBF

mem[X,0x800004BC] -> 0x0EB7
mem[X,0x800004BE] -> 0xFC00
[308] [M]: 0x800004BC (0xFC000EB7) lui t4, -0x4000
x29 <- 0xFC000000

mem[X,0x800004C0] -> 0x8E93
mem[X,0x800004C2] -> 0xFFFE
[309] [M]: 0x800004C0 (0xFFFE8E93) addi t4, t4, -0x1
x29 <- 0xFBFFFFFF

mem[X,0x800004C4] -> 0x1FBB
mem[X,0x800004C6] -> 0xAFDF
[310] [M]: 0x800004C4 (0xAFDF1FBB) srx t6, t5, t4
x31 <- 0xFFFFFF7F

mem[X,0x800004C8] -> 0xA623
mem[X,0x800004CA] -> 0x03F0
[311] [M]: 0x800004C8 (0x03F0A623) sw t6, 0x2c(ra)
mem[0x800031B8] <- 0xFFFFFF7F

mem[X,0x800004CC] -> 0x0F13
mem[X,0x800004CE] -> 0xF7F0
[312] [M]: 0x800004CC (0xF7F00F13) addi t5, zero, -0x81
x30 <- 0xFFFFFF7F

mem[X,0x800004D0] -> 0x0E93
mem[X,0x800004D2] -> 0xFFB0
[313] [M]: 0x800004D0 (0xFFB00E93) addi t4, zero, -0x5
x29 <- 0xFFFFFFFB

mem[X,0x800004D4] -> 0x1FBB
mem[X,0x800004D6] -> 0xAFDF
[314] [M]: 0x800004D4 (0xAFDF1FBB) srx t6, t5, t4
x31 <- 0xFFFFEFFF

mem[X,0x800004D8] -> 0xA823
mem[X,0x800004DA] -> 0x03F0
[315] [M]: 0x800004D8 (0x03F0A823) sw t6, 0x30(ra)
mem[0x800031BC] <- 0xFFFFEFFF

mem[X,0x800004DC] -> 0x2F37
mem[X,0x800004DE] -> 0x0000
[316] [M]: 0x800004DC (0x00002F37) lui t5, 0x2
x30 <- 0x00002000

mem[X,0x800004E0] -> 0x0EB7
mem[X,0x800004E2] -> 0xFE00
[317] [M]: 0x800004E0 (0xFE000EB7) lui t4, -0x2000
x29 <- 0xFE000000

mem[X,0x800004E4] -> 0x8E93
mem[X,0x800004E6] -> 0xFFFE
[318] [M]: 0x800004E4 (0xFFFE8E93) addi t4, t4, -0x1
x29 <- 0xFDFFFFFF

mem[X,0x800004E8] -> 0x1FBB
mem[X,0x800004EA] -> 0xAFDF
[319] [M]: 0x800004E8 (0xAFDF1FBB) srx t6, t5, t4
x31 <- 0x00004001

mem[X,0x800004EC] -> 0xAA23
mem[X,0x800004EE] -> 0x03F0
[320] [M]: 0x800004EC (0x03F0AA23) sw t6, 0x34(ra)
mem[0x800031C0] <- 0x00004001

mem[X,0x800004F0] -> 0x8F37
mem[X,0x800004F2] -> 0xFFFF
[321] [M]: 0x800004F0 (0xFFFF8F37) lui t5, -0x8
x30 <- 0xFFFF8000

mem[X,0x800004F4] -> 0x0F13
mem[X,0x800004F6] -> 0xFFFF
[322] [M]: 0x800004F4 (0xFFFF0F13) addi t5, t5, -0x1
x30 <- 0xFFFF7FFF

mem[X,0x800004F8] -> 0x0EB7
mem[X,0x800004FA] -> 0xF000
[323] [M]: 0x800004F8 (0xF0000EB7) lui t4, -0x10000
x29 <- 0xF0000000

mem[X,0x800004FC] -> 0x8E93
mem[X,0x800004FE] -> 0xFFFE
[324] [M]: 0x800004FC (0xFFFE8E93) addi t4, t4, -0x1
x29 <- 0xEFFFFFFF

mem[X,0x80000500] -> 0x1FBB
mem[X,0x80000502] -> 0xAFDF
[325] [M]: 0x80000500 (0xAFDF1FBB) srx t6, t5, t4
x31 <- 0xFFFEFFFE

mem[X,0x80000504] -> 0xAC23
mem[X,0x80000506] -> 0x03F0
[326] [M]: 0x80000504 (0x03F0AC23) sw t6, 0x38(ra)
mem[0x800031C4] <- 0xFFFEFFFE

mem[X,0x80000508] -> 0x0F37
mem[X,0x8000050A] -> 0xE000
[327] [M]: 0x80000508 (0xE0000F37) lui t5, -0x20000
x30 <- 0xE0000000

mem[X,0x8000050C] -> 0x0F13
mem[X,0x8000050E] -> 0xFFFF
[328] [M]: 0x8000050C (0xFFFF0F13) addi t5, t5, -0x1
x30 <- 0xDFFFFFFF

mem[X,0x80000510] -> 0x0EB7
mem[X,0x80000512] -> 0xC000
[329] [M]: 0x80000510 (0xC0000EB7) lui t4, -0x40000
x29 <- 0xC0000000

mem[X,0x80000514] -> 0x8E93
mem[X,0x80000516] -> 0xFFFE
[330] [M]: 0x80000514 (0xFFFE8E93) addi t4, t4, -0x1
x29 <- 0xBFFFFFFF

mem[X,0x80000518] -> 0x1FBB
mem[X,0x8000051A] -> 0xAFDF
[331] [M]: 0x80000518 (0xAFDF1FBB) srx t6, t5, t4
x31 <- 0xBFFFFFFF

mem[X,0x8000051C] -> 0xAE23
mem[X,0x8000051E] -> 0x03F0
[332] [M]: 0x8000051C (0x03F0AE23) sw t6, 0x3c(ra)
mem[0x800031C8] <- 0xBFFFFFFF

mem[X,0x80000520] -> 0x0F37
mem[X,0x80000522] -> 0x0010
[333] [M]: 0x80000520 (0x00100F37) lui t5, 0x100
x30 <- 0x00100000

mem[X,0x80000524] -> 0x5EB7
mem[X,0x80000526] -> 0x5555
[334] [M]: 0x80000524 (0x55555EB7) lui t4, 0x55555
x29 <- 0x55555000

mem[X,0x80000528] -> 0x8E93
mem[X,0x8000052A] -> 0x555E
[335] [M]: 0x80000528 (0x555E8E93) addi t4, t4, 0x555
x29 <- 0x55555555

mem[X,0x8000052C] -> 0x1FBB
mem[X,0x8000052E] -> 0xAFDF
[336] [M]: 0x8000052C (0xAFDF1FBB) srx t6, t5, t4
x31 <- 0x800005FF

mem[X,0x80000530] -> 0xA023
mem[X,0x80000532] -> 0x05F0
[337] [M]: 0x80000530 (0x05F0A023) sw t6, 0x40(ra)
mem[0x800031CC] <- 0x800005FF

mem[X,0x80000534] -> 0x0F13
mem[X,0x80000536] -> 0xFF60
[338] [M]: 0x80000534 (0xFF600F13) addi t5, zero, -0xa
x30 <- 0xFFFFFFF6

mem[X,0x80000538] -> 0xBEB7
mem[X,0x8000053A] -> 0xAAAA
[339] [M]: 0x80000538 (0xAAAABEB7) lui t4, -0x55555
x29 <- 0xAAAAB000

mem[X,0x8000053C] -> 0x8E93
mem[X,0x8000053E] -> 0xAAAE
[340] [M]: 0x8000053C (0xAAAE8E93) addi t4, t4, -0x556
x29 <- 0xAAAAAAAA

mem[X,0x80000540] -> 0x1FBB
mem[X,0x80000542] -> 0xAFDF
[341] [M]: 0x80000540 (0xAFDF1FBB) srx t6, t5, t4
x31 <- 0xFDA00001

mem[X,0x80000544] -> 0xA223
mem[X,0x80000546] -> 0x05F0
[342] [M]: 0x80000544 (0x05F0A223) sw t6, 0x44(ra)
mem[0x800031D0] <- 0xFDA00001

mem[X,0x80000548] -> 0x0F37
mem[X,0x8000054A] -> 0xE000
[343] [M]: 0x80000548 (0xE0000F37) lui t5, -0x20000
x30 <- 0xE0000000

mem[X,0x8000054C] -> 0x0F13
mem[X,0x8000054E] -> 0xFFFF
[344] [M]: 0x8000054C (0xFFFF0F13) addi t5, t5, -0x1
x30 <- 0xDFFFFFFF

mem[X,0x80000550] -> 0x0EB7
mem[X,0x80000552] -> 0xE000
[345] [M]: 0x80000550 (0xE0000EB7) lui t4, -0x20000
x29 <- 0xE0000000

mem[X,0x80000554] -> 0x8E93
mem[X,0x80000556] -> 0xFFFE
[346] [M]: 0x80000554 (0xFFFE8E93) addi t4, t4, -0x1
x29 <- 0xDFFFFFFF

mem[X,0x80000558] -> 0x1FBB
mem[X,0x8000055A] -> 0xAFDF
[347] [M]: 0x80000558 (0xAFDF1FBB) srx t6, t5, t4
x31 <- 0xBFFFFFFF

mem[X,0x8000055C] -> 0xA423
mem[X,0x8000055E] -> 0x05F0
[348] [M]: 0x8000055C (0x05F0A423) sw t6, 0x48(ra)
mem[0x800031D4] <- 0xBFFFFFFF

mem[X,0x80000560] -> 0x0F13
mem[X,0x80000562] -> 0xEFF0
[349] [M]: 0x80000560 (0xEFF00F13) addi t5, zero, -0x101
x30 <- 0xFFFFFEFF

mem[X,0x80000564] -> 0x0EB7
mem[X,0x80000566] -> 0xC000
[350] [M]: 0x80000564 (0xC0000EB7) lui t4, -0x40000
x29 <- 0xC0000000

mem[X,0x80000568] -> 0x8E93
mem[X,0x8000056A] -> 0xFFFE
[351] [M]: 0x80000568 (0xFFFE8E93) addi t4, t4, -0x1
x29 <- 0xBFFFFFFF

mem[X,0x8000056C] -> 0x1FBB
mem[X,0x8000056E] -> 0xAFDF
[352] [M]: 0x8000056C (0xAFDF1FBB) srx t6, t5, t4
x31 <- 0xFFFFFDFF

mem[X,0x80000570] -> 0xA623
mem[X,0x80000572] -> 0x05F0
[353] [M]: 0x80000570 (0x05F0A623) sw t6, 0x4c(ra)
mem[0x800031D8] <- 0xFFFFFDFF

mem[X,0x80000574] -> 0x0F13
mem[X,0x80000576] -> 0xDFF0
[354] [M]: 0x80000574 (0xDFF00F13) addi t5, zero, -0x201
x30 <- 0xFFFFFDFF

mem[X,0x80000578] -> 0x0EB7
mem[X,0x8000057A] -> 0xFFC0
[355] [M]: 0x80000578 (0xFFC00EB7) lui t4, -0x400
x29 <- 0xFFC00000

mem[X,0x8000057C] -> 0x8E93
mem[X,0x8000057E] -> 0xFFFE
[356] [M]: 0x8000057C (0xFFFE8E93) addi t4, t4, -0x1
x29 <- 0xFFBFFFFF

mem[X,0x80000580] -> 0x1FBB
mem[X,0x80000582] -> 0xAFDF
[357] [M]: 0x80000580 (0xAFDF1FBB) srx t6, t5, t4
x31 <- 0xFFFFFBFF

mem[X,0x80000584] -> 0xA823
mem[X,0x80000586] -> 0x05F0
[358] [M]: 0x80000584 (0x05F0A823) sw t6, 0x50(ra)
mem[0x800031DC] <- 0xFFFFFBFF

mem[X,0x80000588] -> 0x0F13
mem[X,0x8000058A] -> 0xBFF0
[359] [M]: 0x80000588 (0xBFF00F13) addi t5, zero, -0x401
x30 <- 0xFFFFFBFF

mem[X,0x8000058C] -> 0x0EB7
mem[X,0x8000058E] -> 0x8000
[360] [M]: 0x8000058C (0x80000EB7) lui t4, -0x80000
x29 <- 0x80000000

mem[X,0x80000590] -> 0x1FBB
mem[X,0x80000592] -> 0xAFDF
[361] [M]: 0x80000590 (0xAFDF1FBB) srx t6, t5, t4
x31 <- 0xFFFFFBFF

mem[X,0x80000594] -> 0xAA23
mem[X,0x80000596] -> 0x05F0
[362] [M]: 0x80000594 (0x05F0AA23) sw t6, 0x54(ra)
mem[0x800031E0] <- 0xFFFFFBFF

mem[X,0x80000598] -> 0xFF37
mem[X,0x8000059A] -> 0xFFFF
[363] [M]: 0x80000598 (0xFFFFFF37) lui t5, -0x1
x30 <- 0xFFFFF000

mem[X,0x8000059C] -> 0x0F13
mem[X,0x8000059E] -> 0x7FFF
[364] [M]: 0x8000059C (0x7FFF0F13) addi t5, t5, 0x7ff
x30 <- 0xFFFFF7FF

mem[X,0x800005A0] -> 0x0E93
mem[X,0x800005A2] -> 0x0800
[365] [M]: 0x800005A0 (0x08000E93) addi t4, zero, 0x80
x29 <- 0x00000080

mem[X,0x800005A4] -> 0x1FBB
mem[X,0x800005A6] -> 0xAFDF
[366] [M]: 0x800005A4 (0xAFDF1FBB) srx t6, t5, t4
x31 <- 0xFFFFFBFF

mem[X,0x800005A8] -> 0xAC23
mem[X,0x800005AA] -> 0x05F0
[367] [M]: 0x800005A8 (0x05F0AC23) sw t6, 0x58(ra)
mem[0x800031E4] <- 0xFFFFFBFF

mem[X,0x800005AC] -> 0xFF37
mem[X,0x800005AE] -> 0xFFFF
[368] [M]: 0x800005AC (0xFFFFFF37) lui t5, -0x1
x30 <- 0xFFFFF000

mem[X,0x800005B0] -> 0x0F13
mem[X,0x800005B2] -> 0xFFFF
[369] [M]: 0x800005B0 (0xFFFF0F13) addi t5, t5, -0x1
x30 <- 0xFFFFEFFF

mem[X,0x800005B4] -> 0x4EB7
mem[X,0x800005B6] -> 0x0000
[370] [M]: 0x800005B4 (0x00004EB7) lui t4, 0x4
x29 <- 0x00004000

mem[X,0x800005B8] -> 0x1FBB
mem[X,0x800005BA] -> 0xAFDF
[371] [M]: 0x800005B8 (0xAFDF1FBB) srx t6, t5, t4
x31 <- 0xFFFFFBFF

mem[X,0x800005BC] -> 0xAE23
mem[X,0x800005BE] -> 0x05F0
[372] [M]: 0x800005BC (0x05F0AE23) sw t6, 0x5c(ra)
mem[0x800031E8] <- 0xFFFFFBFF

mem[X,0x800005C0] -> 0xEF37
mem[X,0x800005C2] -> 0xFFFF
[373] [M]: 0x800005C0 (0xFFFFEF37) lui t5, -0x2
x30 <- 0xFFFFE000

mem[X,0x800005C4] -> 0x0F13
mem[X,0x800005C6] -> 0xFFFF
[374] [M]: 0x800005C4 (0xFFFF0F13) addi t5, t5, -0x1
x30 <- 0xFFFFDFFF

mem[X,0x800005C8] -> 0x0E93
mem[X,0x800005CA] -> 0xBFF0
[375] [M]: 0x800005C8 (0xBFF00E93) addi t4, zero, -0x401
x29 <- 0xFFFFFBFF

mem[X,0x800005CC] -> 0x1FBB
mem[X,0x800005CE] -> 0xAFDF
[376] [M]: 0x800005CC (0xAFDF1FBB) srx t6, t5, t4
x31 <- 0xFFFFBFFF

mem[X,0x800005D0] -> 0xA023
mem[X,0x800005D2] -> 0x07F0
[377] [M]: 0x800005D0 (0x07F0A023) sw t6, 0x60(ra)
mem[0x800031EC] <- 0xFFFFBFFF

mem[X,0x800005D4] -> 0xCF37
mem[X,0x800005D6] -> 0xFFFF
[378] [M]: 0x800005D4 (0xFFFFCF37) lui t5, -0x4
x30 <- 0xFFFFC000

mem[X,0x800005D8] -> 0x0F13
mem[X,0x800005DA] -> 0xFFFF
[379] [M]: 0x800005D8 (0xFFFF0F13) addi t5, t5, -0x1
x30 <- 0xFFFFBFFF

mem[X,0x800005DC] -> 0x0E93
mem[X,0x800005DE] -> 0x4000
[380] [M]: 0x800005DC (0x40000E93) addi t4, zero, 0x400
x29 <- 0x00000400

mem[X,0x800005E0] -> 0x1FBB
mem[X,0x800005E2] -> 0xAFDF
[381] [M]: 0x800005E0 (0xAFDF1FBB) srx t6, t5, t4
x31 <- 0xFFFFBFFF

mem[X,0x800005E4] -> 0xA223
mem[X,0x800005E6] -> 0x07F0
[382] [M]: 0x800005E4 (0x07F0A223) sw t6, 0x64(ra)
mem[0x800031F0] <- 0xFFFFBFFF

mem[X,0x800005E8] -> 0x0F37
mem[X,0x800005EA] -> 0xFFFF
[383] [M]: 0x800005E8 (0xFFFF0F37) lui t5, -0x10
x30 <- 0xFFFF0000

mem[X,0x800005EC] -> 0x0F13
mem[X,0x800005EE] -> 0xFFFF
[384] [M]: 0x800005EC (0xFFFF0F13) addi t5, t5, -0x1
x30 <- 0xFFFEFFFF

mem[X,0x800005F0] -> 0x0E93
mem[X,0x800005F2] -> 0xFFB0
[385] [M]: 0x800005F0 (0xFFB00E93) addi t4, zero, -0x5
x29 <- 0xFFFFFFFB

mem[X,0x800005F4] -> 0x1FBB
mem[X,0x800005F6] -> 0xAFDF
[386] [M]: 0x800005F4 (0xAFDF1FBB) srx t6, t5, t4
x31 <- 0xFFDFFFFF

mem[X,0x800005F8] -> 0xA423
mem[X,0x800005FA] -> 0x07F0
[387] [M]: 0x800005F8 (0x07F0A423) sw t6, 0x68(ra)
mem[0x800031F4] <- 0xFFDFFFFF

mem[X,0x800005FC] -> 0x0F37
mem[X,0x800005FE] -> 0xFFFE
[388] [M]: 0x800005FC (0xFFFE0F37) lui t5, -0x20
x30 <- 0xFFFE0000

mem[X,0x80000600] -> 0x0F13
mem[X,0x80000602] -> 0xFFFF
[389] [M]: 0x80000600 (0xFFFF0F13) addi t5, t5, -0x1
x30 <- 0xFFFDFFFF

mem[X,0x80000604] -> 0x0E93
mem[X,0x80000606] -> 0x0800
[390] [M]: 0x80000604 (0x08000E93) addi t4, zero, 0x80
x29 <- 0x00000080

mem[X,0x80000608] -> 0x1FBB
mem[X,0x8000060A] -> 0xAFDF
[391] [M]: 0x80000608 (0xAFDF1FBB) srx t6, t5, t4
x31 <- 0xFFDFFFFF

mem[X,0x8000060C] -> 0xA623
mem[X,0x8000060E] -> 0x07F0
[392] [M]: 0x8000060C (0x07F0A623) sw t6, 0x6c(ra)
mem[0x800031F8] <- 0xFFDFFFFF

mem[X,0x80000610] -> 0x0F37
mem[X,0x80000612] -> 0xFFFC
[393] [M]: 0x80000610 (0xFFFC0F37) lui t5, -0x40
x30 <- 0xFFFC0000

mem[X,0x80000614] -> 0x0F13
mem[X,0x80000616] -> 0xFFFF
[394] [M]: 0x80000614 (0xFFFF0F13) addi t5, t5, -0x1
x30 <- 0xFFFBFFFF

mem[X,0x80000618] -> 0x0E93
mem[X,0x8000061A] -> 0xFBF0
[395] [M]: 0x80000618 (0xFBF00E93) addi t4, zero, -0x41
x29 <- 0xFFFFFFBF

mem[X,0x8000061C] -> 0x1FBB
mem[X,0x8000061E] -> 0xAFDF
[396] [M]: 0x8000061C (0xAFDF1FBB) srx t6, t5, t4
x31 <- 0xFFF7FFFF

mem[X,0x80000620] -> 0xA823
mem[X,0x80000622] -> 0x07F0
[397] [M]: 0x80000620 (0x07F0A823) sw t6, 0x70(ra)
mem[0x800031FC] <- 0xFFF7FFFF

mem[X,0x80000624] -> 0x0F37
mem[X,0x80000626] -> 0xFFF8
[398] [M]: 0x80000624 (0xFFF80F37) lui t5, -0x80
x30 <- 0xFFF80000

mem[X,0x80000628] -> 0x0F13
mem[X,0x8000062A] -> 0xFFFF
[399] [M]: 0x80000628 (0xFFFF0F13) addi t5, t5, -0x1
x30 <- 0xFFF7FFFF

clint::tick mtime <- 0x0000000000000004
 clint timer pending at mtime 0x0000000000000004
htif::tick 0x0000000000000000
mem[X,0x8000062C] -> 0x0E93
mem[X,0x8000062E] -> 0x0090
[400] [M]: 0x8000062C (0x00900E93) addi t4, zero, 0x9
x29 <- 0x00000009

mem[X,0x80000630] -> 0x1FBB
mem[X,0x80000632] -> 0xAFDF
[401] [M]: 0x80000630 (0xAFDF1FBB) srx t6, t5, t4
x31 <- 0xFFFFFBFF

mem[X,0x80000634] -> 0xAA23
mem[X,0x80000636] -> 0x07F0
[402] [M]: 0x80000634 (0x07F0AA23) sw t6, 0x74(ra)
mem[0x80003200] <- 0xFFFFFBFF

mem[X,0x80000638] -> 0x0F37
mem[X,0x8000063A] -> 0xFFF0
[403] [M]: 0x80000638 (0xFFF00F37) lui t5, -0x100
x30 <- 0xFFF00000

mem[X,0x8000063C] -> 0x0F13
mem[X,0x8000063E] -> 0xFFFF
[404] [M]: 0x8000063C (0xFFFF0F13) addi t5, t5, -0x1
x30 <- 0xFFEFFFFF

mem[X,0x80000640] -> 0x0EB7
mem[X,0x80000642] -> 0xFF00
[405] [M]: 0x80000640 (0xFF000EB7) lui t4, -0x1000
x29 <- 0xFF000000

mem[X,0x80000644] -> 0x8E93
mem[X,0x80000646] -> 0xFFFE
[406] [M]: 0x80000644 (0xFFFE8E93) addi t4, t4, -0x1
x29 <- 0xFEFFFFFF

mem[X,0x80000648] -> 0x1FBB
mem[X,0x8000064A] -> 0xAFDF
[407] [M]: 0x80000648 (0xAFDF1FBB) srx t6, t5, t4
x31 <- 0xFFDFFFFF

mem[X,0x8000064C] -> 0xAC23
mem[X,0x8000064E] -> 0x07F0
[408] [M]: 0x8000064C (0x07F0AC23) sw t6, 0x78(ra)
mem[0x80003204] <- 0xFFDFFFFF

mem[X,0x80000650] -> 0x0F37
mem[X,0x80000652] -> 0xFFE0
[409] [M]: 0x80000650 (0xFFE00F37) lui t5, -0x200
x30 <- 0xFFE00000

mem[X,0x80000654] -> 0x0F13
mem[X,0x80000656] -> 0xFFFF
[410] [M]: 0x80000654 (0xFFFF0F13) addi t5, t5, -0x1
x30 <- 0xFFDFFFFF

mem[X,0x80000658] -> 0x0E93
mem[X,0x8000065A] -> 0x0400
[411] [M]: 0x80000658 (0x04000E93) addi t4, zero, 0x40
x29 <- 0x00000040

mem[X,0x8000065C] -> 0x1FBB
mem[X,0x8000065E] -> 0xAFDF
[412] [M]: 0x8000065C (0xAFDF1FBB) srx t6, t5, t4
x31 <- 0xFFDFFFFF

mem[X,0x80000660] -> 0xAE23
mem[X,0x80000662] -> 0x07F0
[413] [M]: 0x80000660 (0x07F0AE23) sw t6, 0x7c(ra)
mem[0x80003208] <- 0xFFDFFFFF

mem[X,0x80000664] -> 0x0F37
mem[X,0x80000666] -> 0xFFC0
[414] [M]: 0x80000664 (0xFFC00F37) lui t5, -0x400
x30 <- 0xFFC00000

mem[X,0x80000668] -> 0x0F13
mem[X,0x8000066A] -> 0xFFFF
[415] [M]: 0x80000668 (0xFFFF0F13) addi t5, t5, -0x1
x30 <- 0xFFBFFFFF

mem[X,0x8000066C] -> 0x0E93
mem[X,0x8000066E] -> 0xBFF0
[416] [M]: 0x8000066C (0xBFF00E93) addi t4, zero, -0x401
x29 <- 0xFFFFFBFF

mem[X,0x80000670] -> 0x1FBB
mem[X,0x80000672] -> 0xAFDF
[417] [M]: 0x80000670 (0xAFDF1FBB) srx t6, t5, t4
x31 <- 0xFF7FFFFF

mem[X,0x80000674] -> 0xA023
mem[X,0x80000676] -> 0x09F0
[418] [M]: 0x80000674 (0x09F0A023) sw t6, 0x80(ra)
mem[0x8000320C] <- 0xFF7FFFFF

mem[X,0x80000678] -> 0x0F37
mem[X,0x8000067A] -> 0xFF80
[419] [M]: 0x80000678 (0xFF800F37) lui t5, -0x800
x30 <- 0xFF800000

mem[X,0x8000067C] -> 0x0F13
mem[X,0x8000067E] -> 0xFFFF
[420] [M]: 0x8000067C (0xFFFF0F13) addi t5, t5, -0x1
x30 <- 0xFF7FFFFF

mem[X,0x80000680] -> 0x0EB7
mem[X,0x80000682] -> 0xF800
[421] [M]: 0x80000680 (0xF8000EB7) lui t4, -0x8000
x29 <- 0xF8000000

mem[X,0x80000684] -> 0x8E93
mem[X,0x80000686] -> 0xFFFE
[422] [M]: 0x80000684 (0xFFFE8E93) addi t4, t4, -0x1
x29 <- 0xF7FFFFFF

mem[X,0x80000688] -> 0x1FBB
mem[X,0x8000068A] -> 0xAFDF
[423] [M]: 0x80000688 (0xAFDF1FBB) srx t6, t5, t4
x31 <- 0xFEFFFFFF

mem[X,0x8000068C] -> 0xA223
mem[X,0x8000068E] -> 0x09F0
[424] [M]: 0x8000068C (0x09F0A223) sw t6, 0x84(ra)
mem[0x80003210] <- 0xFEFFFFFF

mem[X,0x80000690] -> 0x0F37
mem[X,0x80000692] -> 0xFF00
[425] [M]: 0x80000690 (0xFF000F37) lui t5, -0x1000
x30 <- 0xFF000000

mem[X,0x80000694] -> 0x0F13
mem[X,0x80000696] -> 0xFFFF
[426] [M]: 0x80000694 (0xFFFF0F13) addi t5, t5, -0x1
x30 <- 0xFEFFFFFF

mem[X,0x80000698] -> 0x0EB7
mem[X,0x8000069A] -> 0xFFC0
[427] [M]: 0x80000698 (0xFFC00EB7) lui t4, -0x400
x29 <- 0xFFC00000

mem[X,0x8000069C] -> 0x8E93
mem[X,0x8000069E] -> 0xFFFE
[428] [M]: 0x8000069C (0xFFFE8E93) addi t4, t4, -0x1
x29 <- 0xFFBFFFFF

mem[X,0x800006A0] -> 0x1FBB
mem[X,0x800006A2] -> 0xAFDF
[429] [M]: 0x800006A0 (0xAFDF1FBB) srx t6, t5, t4
x31 <- 0xFDFFFFFF

mem[X,0x800006A4] -> 0xA423
mem[X,0x800006A6] -> 0x09F0
[430] [M]: 0x800006A4 (0x09F0A423) sw t6, 0x88(ra)
mem[0x80003214] <- 0xFDFFFFFF

mem[X,0x800006A8] -> 0x0F37
mem[X,0x800006AA] -> 0xC000
[431] [M]: 0x800006A8 (0xC0000F37) lui t5, -0x40000
x30 <- 0xC0000000

mem[X,0x800006AC] -> 0x0F13
mem[X,0x800006AE] -> 0xFFFF
[432] [M]: 0x800006AC (0xFFFF0F13) addi t5, t5, -0x1
x30 <- 0xBFFFFFFF

mem[X,0x800006B0] -> 0x0EB7
mem[X,0x800006B2] -> 0x0008
[433] [M]: 0x800006B0 (0x00080EB7) lui t4, 0x80
x29 <- 0x00080000

mem[X,0x800006B4] -> 0x1FBB
mem[X,0x800006B6] -> 0xAFDF
[434] [M]: 0x800006B4 (0xAFDF1FBB) srx t6, t5, t4
x31 <- 0xFDFFFFFF

mem[X,0x800006B8] -> 0xA623
mem[X,0x800006BA] -> 0x09F0
[435] [M]: 0x800006B8 (0x09F0A623) sw t6, 0x8c(ra)
mem[0x80003218] <- 0xFDFFFFFF

mem[X,0x800006BC] -> 0x5F37
mem[X,0x800006BE] -> 0x5555
[436] [M]: 0x800006BC (0x55555F37) lui t5, 0x55555
x30 <- 0x55555000

mem[X,0x800006C0] -> 0x0F13
mem[X,0x800006C2] -> 0x555F
[437] [M]: 0x800006C0 (0x555F0F13) addi t5, t5, 0x555
x30 <- 0x55555555

mem[X,0x800006C4] -> 0x0E93
mem[X,0x800006C6] -> 0xFFE0
[438] [M]: 0x800006C4 (0xFFE00E93) addi t4, zero, -0x2
x29 <- 0xFFFFFFFE

mem[X,0x800006C8] -> 0x1FBB
mem[X,0x800006CA] -> 0xAFDF
[439] [M]: 0x800006C8 (0xAFDF1FBB) srx t6, t5, t4
x31 <- 0x55555557

mem[X,0x800006CC] -> 0xA823
mem[X,0x800006CE] -> 0x09F0
[440] [M]: 0x800006CC (0x09F0A823) sw t6, 0x90(ra)
mem[0x8000321C] <- 0x55555557

mem[X,0x800006D0] -> 0xBF37
mem[X,0x800006D2] -> 0xAAAA
[441] [M]: 0x800006D0 (0xAAAABF37) lui t5, -0x55555
x30 <- 0xAAAAB000

mem[X,0x800006D4] -> 0x0F13
mem[X,0x800006D6] -> 0xAAAF
[442] [M]: 0x800006D4 (0xAAAF0F13) addi t5, t5, -0x556
x30 <- 0xAAAAAAAA

mem[X,0x800006D8] -> 0x0E93
mem[X,0x800006DA] -> 0xFFE0
[443] [M]: 0x800006D8 (0xFFE00E93) addi t4, zero, -0x2
x29 <- 0xFFFFFFFE

mem[X,0x800006DC] -> 0x1FBB
mem[X,0x800006DE] -> 0xAFDF
[444] [M]: 0x800006DC (0xAFDF1FBB) srx t6, t5, t4
x31 <- 0xAAAAAAA9

mem[X,0x800006E0] -> 0xAA23
mem[X,0x800006E2] -> 0x09F0
[445] [M]: 0x800006E0 (0x09F0AA23) sw t6, 0x94(ra)
mem[0x80003220] <- 0xAAAAAAA9

mem[X,0x800006E4] -> 0x0F37
mem[X,0x800006E6] -> 0xFFC0
[446] [M]: 0x800006E4 (0xFFC00F37) lui t5, -0x400
x30 <- 0xFFC00000

mem[X,0x800006E8] -> 0x0F13
mem[X,0x800006EA] -> 0xFFFF
[447] [M]: 0x800006E8 (0xFFFF0F13) addi t5, t5, -0x1
x30 <- 0xFFBFFFFF

mem[X,0x800006EC] -> 0x0E93
mem[X,0x800006EE] -> 0xFFF0
[448] [M]: 0x800006EC (0xFFF00E93) addi t4, zero, -0x1
x29 <- 0xFFFFFFFF

mem[X,0x800006F0] -> 0x1FBB
mem[X,0x800006F2] -> 0xAFDF
[449] [M]: 0x800006F0 (0xAFDF1FBB) srx t6, t5, t4
x31 <- 0xFF7FFFFF

mem[X,0x800006F4] -> 0xAC23
mem[X,0x800006F6] -> 0x09F0
[450] [M]: 0x800006F4 (0x09F0AC23) sw t6, 0x98(ra)
mem[0x80003224] <- 0xFF7FFFFF

mem[X,0x800006F8] -> 0x0F13
mem[X,0x800006FA] -> 0x0060
[451] [M]: 0x800006F8 (0x00600F13) addi t5, zero, 0x6
x30 <- 0x00000006

mem[X,0x800006FC] -> 0x0E93
mem[X,0x800006FE] -> 0x0000
[452] [M]: 0x800006FC (0x00000E93) addi t4, zero, 0x0
x29 <- 0x00000000

mem[X,0x80000700] -> 0x1FBB
mem[X,0x80000702] -> 0xAFDF
[453] [M]: 0x80000700 (0xAFDF1FBB) srx t6, t5, t4
x31 <- 0xFF7FFFFF

mem[X,0x80000704] -> 0xAE23
mem[X,0x80000706] -> 0x09F0
[454] [M]: 0x80000704 (0x09F0AE23) sw t6, 0x9c(ra)
mem[0x80003228] <- 0xFF7FFFFF

mem[X,0x80000708] -> 0x0F13
mem[X,0x8000070A] -> 0x1000
[455] [M]: 0x80000708 (0x10000F13) addi t5, zero, 0x100
x30 <- 0x00000100

mem[X,0x8000070C] -> 0x0E93
mem[X,0x8000070E] -> 0x0020
[456] [M]: 0x8000070C (0x00200E93) addi t4, zero, 0x2
x29 <- 0x00000002

mem[X,0x80000710] -> 0x1FBB
mem[X,0x80000712] -> 0xAFDF
[457] [M]: 0x80000710 (0xAFDF1FBB) srx t6, t5, t4
x31 <- 0x3FDFFFFF

mem[X,0x80000714] -> 0xA023
mem[X,0x80000716] -> 0x0BF0
[458] [M]: 0x80000714 (0x0BF0A023) sw t6, 0xa0(ra)
mem[0x8000322C] <- 0x3FDFFFFF

mem[X,0x80000718] -> 0x0F37
mem[X,0x8000071A] -> 0xC000
[459] [M]: 0x80000718 (0xC0000F37) lui t5, -0x40000
x30 <- 0xC0000000

mem[X,0x8000071C] -> 0x0F13
mem[X,0x8000071E] -> 0xFFFF
[460] [M]: 0x8000071C (0xFFFF0F13) addi t5, t5, -0x1
x30 <- 0xBFFFFFFF

mem[X,0x80000720] -> 0x0E93
mem[X,0x80000722] -> 0x0100
[461] [M]: 0x80000720 (0x01000E93) addi t4, zero, 0x10
x29 <- 0x00000010

mem[X,0x80000724] -> 0x1FBB
mem[X,0x80000726] -> 0xAFDF
[462] [M]: 0x80000724 (0xAFDF1FBB) srx t6, t5, t4
x31 <- 0xFFFF3FDF

mem[X,0x80000728] -> 0xA223
mem[X,0x8000072A] -> 0x0BF0
[463] [M]: 0x80000728 (0x0BF0A223) sw t6, 0xa4(ra)
mem[0x80003230] <- 0xFFFF3FDF

mem[X,0x8000072C] -> 0x0F13
mem[X,0x8000072E] -> 0xBFF0
[464] [M]: 0x8000072C (0xBFF00F13) addi t5, zero, -0x401
x30 <- 0xFFFFFBFF

mem[X,0x80000730] -> 0x0E93
mem[X,0x80000732] -> 0x0200
[465] [M]: 0x80000730 (0x02000E93) addi t4, zero, 0x20
x29 <- 0x00000020

mem[X,0x80000734] -> 0x1FBB
mem[X,0x80000736] -> 0xAFDF
[466] [M]: 0x80000734 (0xAFDF1FBB) srx t6, t5, t4
x31 <- 0xFFFF3FDF

mem[X,0x80000738] -> 0xA423
mem[X,0x8000073A] -> 0x0BF0
[467] [M]: 0x80000738 (0x0BF0A423) sw t6, 0xa8(ra)
mem[0x80003234] <- 0xFFFF3FDF

mem[X,0x8000073C] -> 0x0F13
mem[X,0x8000073E] -> 0x2000
[468] [M]: 0x8000073C (0x20000F13) addi t5, zero, 0x200
x30 <- 0x00000200

mem[X,0x80000740] -> 0x0E93
mem[X,0x80000742] -> 0x1000
[469] [M]: 0x80000740 (0x10000E93) addi t4, zero, 0x100
x29 <- 0x00000100

mem[X,0x80000744] -> 0x1FBB
mem[X,0x80000746] -> 0xAFDF
[470] [M]: 0x80000744 (0xAFDF1FBB) srx t6, t5, t4
x31 <- 0xFFFF3FDF

mem[X,0x80000748] -> 0xA623
mem[X,0x8000074A] -> 0x0BF0
[471] [M]: 0x80000748 (0x0BF0A623) sw t6, 0xac(ra)
mem[0x80003238] <- 0xFFFF3FDF

mem[X,0x8000074C] -> 0x0F37
mem[X,0x8000074E] -> 0x0400
[472] [M]: 0x8000074C (0x04000F37) lui t5, 0x4000
x30 <- 0x04000000

mem[X,0x80000750] -> 0x1EB7
mem[X,0x80000752] -> 0x0000
[473] [M]: 0x80000750 (0x00001EB7) lui t4, 0x1
x29 <- 0x00001000

mem[X,0x80000754] -> 0x8E93
mem[X,0x80000756] -> 0x800E
[474] [M]: 0x80000754 (0x800E8E93) addi t4, t4, -0x800
x29 <- 0x00000800

mem[X,0x80000758] -> 0x1FBB
mem[X,0x8000075A] -> 0xAFDF
[475] [M]: 0x80000758 (0xAFDF1FBB) srx t6, t5, t4
x31 <- 0xFFFF3FDF

mem[X,0x8000075C] -> 0xA823
mem[X,0x8000075E] -> 0x0BF0
[476] [M]: 0x8000075C (0x0BF0A823) sw t6, 0xb0(ra)
mem[0x8000323C] <- 0xFFFF3FDF

mem[X,0x80000760] -> 0x1F37
mem[X,0x80000762] -> 0x0000
[477] [M]: 0x80000760 (0x00001F37) lui t5, 0x1
x30 <- 0x00001000

mem[X,0x80000764] -> 0x2EB7
mem[X,0x80000766] -> 0x0000
[478] [M]: 0x80000764 (0x00002EB7) lui t4, 0x2
x29 <- 0x00002000

mem[X,0x80000768] -> 0x1FBB
mem[X,0x8000076A] -> 0xAFDF
[479] [M]: 0x80000768 (0xAFDF1FBB) srx t6, t5, t4
x31 <- 0xFFFF3FDF

mem[X,0x8000076C] -> 0xAA23
mem[X,0x8000076E] -> 0x0BF0
[480] [M]: 0x8000076C (0x0BF0AA23) sw t6, 0xb4(ra)
mem[0x80003240] <- 0xFFFF3FDF

mem[X,0x80000770] -> 0x0F37
mem[X,0x80000772] -> 0xF800
[481] [M]: 0x80000770 (0xF8000F37) lui t5, -0x8000
x30 <- 0xF8000000

mem[X,0x80000774] -> 0x0F13
mem[X,0x80000776] -> 0xFFFF
[482] [M]: 0x80000774 (0xFFFF0F13) addi t5, t5, -0x1
x30 <- 0xF7FFFFFF

mem[X,0x80000778] -> 0x1EB7
mem[X,0x8000077A] -> 0x0000
[483] [M]: 0x80000778 (0x00001EB7) lui t4, 0x1
x29 <- 0x00001000

mem[X,0x8000077C] -> 0x1FBB
mem[X,0x8000077E] -> 0xAFDF
[484] [M]: 0x8000077C (0xAFDF1FBB) srx t6, t5, t4
x31 <- 0xFFFF3FDF

mem[X,0x80000780] -> 0xAC23
mem[X,0x80000782] -> 0x0BF0
[485] [M]: 0x80000780 (0x0BF0AC23) sw t6, 0xb8(ra)
mem[0x80003244] <- 0xFFFF3FDF

mem[X,0x80000784] -> 0x0F37
mem[X,0x80000786] -> 0xFFF8
[486] [M]: 0x80000784 (0xFFF80F37) lui t5, -0x80
x30 <- 0xFFF80000

mem[X,0x80000788] -> 0x0F13
mem[X,0x8000078A] -> 0xFFFF
[487] [M]: 0x80000788 (0xFFFF0F13) addi t5, t5, -0x1
x30 <- 0xFFF7FFFF

mem[X,0x8000078C] -> 0x0EB7
mem[X,0x8000078E] -> 0x0010
[488] [M]: 0x8000078C (0x00100EB7) lui t4, 0x100
x29 <- 0x00100000

mem[X,0x80000790] -> 0x1FBB
mem[X,0x80000792] -> 0xAFDF
[489] [M]: 0x80000790 (0xAFDF1FBB) srx t6, t5, t4
x31 <- 0xFFFF3FDF

mem[X,0x80000794] -> 0xAE23
mem[X,0x80000796] -> 0x0BF0
[490] [M]: 0x80000794 (0x0BF0AE23) sw t6, 0xbc(ra)
mem[0x80003248] <- 0xFFFF3FDF

mem[X,0x80000798] -> 0x0F13
mem[X,0x8000079A] -> 0x2000
[491] [M]: 0x80000798 (0x20000F13) addi t5, zero, 0x200
x30 <- 0x00000200

mem[X,0x8000079C] -> 0x0EB7
mem[X,0x8000079E] -> 0x0020
[492] [M]: 0x8000079C (0x00200EB7) lui t4, 0x200
x29 <- 0x00200000

mem[X,0x800007A0] -> 0x1FBB
mem[X,0x800007A2] -> 0xAFDF
[493] [M]: 0x800007A0 (0xAFDF1FBB) srx t6, t5, t4
x31 <- 0xFFFF3FDF

mem[X,0x800007A4] -> 0xA023
mem[X,0x800007A6] -> 0x0DF0
[494] [M]: 0x800007A4 (0x0DF0A023) sw t6, 0xc0(ra)
mem[0x8000324C] <- 0xFFFF3FDF

mem[X,0x800007A8] -> 0x0F13
mem[X,0x800007AA] -> 0xF7F0
[495] [M]: 0x800007A8 (0xF7F00F13) addi t5, zero, -0x81
x30 <- 0xFFFFFF7F

mem[X,0x800007AC] -> 0x0EB7
mem[X,0x800007AE] -> 0x0040
[496] [M]: 0x800007AC (0x00400EB7) lui t4, 0x400
x29 <- 0x00400000

mem[X,0x800007B0] -> 0x1FBB
mem[X,0x800007B2] -> 0xAFDF
[497] [M]: 0x800007B0 (0xAFDF1FBB) srx t6, t5, t4
x31 <- 0xFFFF3FDF

mem[X,0x800007B4] -> 0xA223
mem[X,0x800007B6] -> 0x0DF0
[498] [M]: 0x800007B4 (0x0DF0A223) sw t6, 0xc4(ra)
mem[0x80003250] <- 0xFFFF3FDF

mem[X,0x800007B8] -> 0xFF37
mem[X,0x800007BA] -> 0xFFFF
[499] [M]: 0x800007B8 (0xFFFFFF37) lui t5, -0x1
x30 <- 0xFFFFF000

clint::tick mtime <- 0x0000000000000005
 clint timer pending at mtime 0x0000000000000005
htif::tick 0x0000000000000000
mem[X,0x800007BC] -> 0x0F13
mem[X,0x800007BE] -> 0xFFFF
[500] [M]: 0x800007BC (0xFFFF0F13) addi t5, t5, -0x1
x30 <- 0xFFFFEFFF

mem[X,0x800007C0] -> 0x0EB7
mem[X,0x800007C2] -> 0x0200
[501] [M]: 0x800007C0 (0x02000EB7) lui t4, 0x2000
x29 <- 0x02000000

mem[X,0x800007C4] -> 0x1FBB
mem[X,0x800007C6] -> 0xAFDF
[502] [M]: 0x800007C4 (0xAFDF1FBB) srx t6, t5, t4
x31 <- 0xFFFF3FDF

mem[X,0x800007C8] -> 0xA423
mem[X,0x800007CA] -> 0x0DF0
[503] [M]: 0x800007C8 (0x0DF0A423) sw t6, 0xc8(ra)
mem[0x80003254] <- 0xFFFF3FDF

mem[X,0x800007CC] -> 0x0F13
mem[X,0x800007CE] -> 0x4000
[504] [M]: 0x800007CC (0x40000F13) addi t5, zero, 0x400
x30 <- 0x00000400

mem[X,0x800007D0] -> 0x0EB7
mem[X,0x800007D2] -> 0x0800
[505] [M]: 0x800007D0 (0x08000EB7) lui t4, 0x8000
x29 <- 0x08000000

mem[X,0x800007D4] -> 0x1FBB
mem[X,0x800007D6] -> 0xAFDF
[506] [M]: 0x800007D4 (0xAFDF1FBB) srx t6, t5, t4
x31 <- 0xFFFF3FDF

mem[X,0x800007D8] -> 0xA623
mem[X,0x800007DA] -> 0x0DF0
[507] [M]: 0x800007D8 (0x0DF0A623) sw t6, 0xcc(ra)
mem[0x80003258] <- 0xFFFF3FDF

mem[X,0x800007DC] -> 0x0F37
mem[X,0x800007DE] -> 0xF800
[508] [M]: 0x800007DC (0xF8000F37) lui t5, -0x8000
x30 <- 0xF8000000

mem[X,0x800007E0] -> 0x0F13
mem[X,0x800007E2] -> 0xFFFF
[509] [M]: 0x800007E0 (0xFFFF0F13) addi t5, t5, -0x1
x30 <- 0xF7FFFFFF

mem[X,0x800007E4] -> 0x0EB7
mem[X,0x800007E6] -> 0x1000
[510] [M]: 0x800007E4 (0x10000EB7) lui t4, 0x10000
x29 <- 0x10000000

mem[X,0x800007E8] -> 0x1FBB
mem[X,0x800007EA] -> 0xAFDF
[511] [M]: 0x800007E8 (0xAFDF1FBB) srx t6, t5, t4
x31 <- 0xFFFF3FDF

mem[X,0x800007EC] -> 0xA823
mem[X,0x800007EE] -> 0x0DF0
[512] [M]: 0x800007EC (0x0DF0A823) sw t6, 0xd0(ra)
mem[0x8000325C] <- 0xFFFF3FDF

mem[X,0x800007F0] -> 0x1F37
mem[X,0x800007F2] -> 0x0000
[513] [M]: 0x800007F0 (0x00001F37) lui t5, 0x1
x30 <- 0x00001000

mem[X,0x800007F4] -> 0x0EB7
mem[X,0x800007F6] -> 0x4000
[514] [M]: 0x800007F4 (0x40000EB7) lui t4, 0x40000
x29 <- 0x40000000

mem[X,0x800007F8] -> 0x1FBB
mem[X,0x800007FA] -> 0xAFDF
[515] [M]: 0x800007F8 (0xAFDF1FBB) srx t6, t5, t4
x31 <- 0xFFFF3FDF

mem[X,0x800007FC] -> 0xAA23
mem[X,0x800007FE] -> 0x0DF0
[516] [M]: 0x800007FC (0x0DF0AA23) sw t6, 0xd4(ra)
mem[0x80003260] <- 0xFFFF3FDF

mem[X,0x80000800] -> 0x0F13
mem[X,0x80000802] -> 0xFEF0
[517] [M]: 0x80000800 (0xFEF00F13) addi t5, zero, -0x11
x30 <- 0xFFFFFFEF

mem[X,0x80000804] -> 0x0E93
mem[X,0x80000806] -> 0xFEF0
[518] [M]: 0x80000804 (0xFEF00E93) addi t4, zero, -0x11
x29 <- 0xFFFFFFEF

mem[X,0x80000808] -> 0x1FBB
mem[X,0x8000080A] -> 0xAFDF
[519] [M]: 0x80000808 (0xAFDF1FBB) srx t6, t5, t4
x31 <- 0xFFDFFFFE

mem[X,0x8000080C] -> 0xAC23
mem[X,0x8000080E] -> 0x0DF0
[520] [M]: 0x8000080C (0x0DF0AC23) sw t6, 0xd8(ra)
mem[0x80003264] <- 0xFFDFFFFE

mem[X,0x80000810] -> 0x0F13
mem[X,0x80000812] -> 0x0040
[521] [M]: 0x80000810 (0x00400F13) addi t5, zero, 0x4
x30 <- 0x00000004

mem[X,0x80000814] -> 0x0E93
mem[X,0x80000816] -> 0xFDF0
[522] [M]: 0x80000814 (0xFDF00E93) addi t4, zero, -0x21
x29 <- 0xFFFFFFDF

mem[X,0x80000818] -> 0x1FBB
mem[X,0x8000081A] -> 0xAFDF
[523] [M]: 0x80000818 (0xAFDF1FBB) srx t6, t5, t4
x31 <- 0x00000009

mem[X,0x8000081C] -> 0xAE23
mem[X,0x8000081E] -> 0x0DF0
[524] [M]: 0x8000081C (0x0DF0AE23) sw t6, 0xdc(ra)
mem[0x80003268] <- 0x00000009

mem[X,0x80000820] -> 0x0F37
mem[X,0x80000822] -> 0xFFFE
[525] [M]: 0x80000820 (0xFFFE0F37) lui t5, -0x20
x30 <- 0xFFFE0000

mem[X,0x80000824] -> 0x0F13
mem[X,0x80000826] -> 0xFFFF
[526] [M]: 0x80000824 (0xFFFF0F13) addi t5, t5, -0x1
x30 <- 0xFFFDFFFF

mem[X,0x80000828] -> 0x0E93
mem[X,0x8000082A] -> 0xF7F0
[527] [M]: 0x80000828 (0xF7F00E93) addi t4, zero, -0x81
x29 <- 0xFFFFFF7F

mem[X,0x8000082C] -> 0x1FBB
mem[X,0x8000082E] -> 0xAFDF
[528] [M]: 0x8000082C (0xAFDF1FBB) srx t6, t5, t4
x31 <- 0xFFFBFFFE

mem[X,0x80000830] -> 0xA023
mem[X,0x80000832] -> 0x0FF0
[529] [M]: 0x80000830 (0x0FF0A023) sw t6, 0xe0(ra)
mem[0x8000326C] <- 0xFFFBFFFE

mem[X,0x80000834] -> 0x0F13
mem[X,0x80000836] -> 0x0020
[530] [M]: 0x80000834 (0x00200F13) addi t5, zero, 0x2
x30 <- 0x00000002

mem[X,0x80000838] -> 0xFEB7
mem[X,0x8000083A] -> 0xFFFF
[531] [M]: 0x80000838 (0xFFFFFEB7) lui t4, -0x1
x29 <- 0xFFFFF000

mem[X,0x8000083C] -> 0x8E93
mem[X,0x8000083E] -> 0xFFFE
[532] [M]: 0x8000083C (0xFFFE8E93) addi t4, t4, -0x1
x29 <- 0xFFFFEFFF

mem[X,0x80000840] -> 0x1FBB
mem[X,0x80000842] -> 0xAFDF
[533] [M]: 0x80000840 (0xAFDF1FBB) srx t6, t5, t4
x31 <- 0x00000005

mem[X,0x80000844] -> 0xA223
mem[X,0x80000846] -> 0x0FF0
[534] [M]: 0x80000844 (0x0FF0A223) sw t6, 0xe4(ra)
mem[0x80003270] <- 0x00000005

mem[X,0x80000848] -> 0xBF37
mem[X,0x8000084A] -> 0xAAAA
[535] [M]: 0x80000848 (0xAAAABF37) lui t5, -0x55555
x30 <- 0xAAAAB000

mem[X,0x8000084C] -> 0x0F13
mem[X,0x8000084E] -> 0xAAAF
[536] [M]: 0x8000084C (0xAAAF0F13) addi t5, t5, -0x556
x30 <- 0xAAAAAAAA

mem[X,0x80000850] -> 0xCEB7
mem[X,0x80000852] -> 0xFFFF
[537] [M]: 0x80000850 (0xFFFFCEB7) lui t4, -0x4
x29 <- 0xFFFFC000

mem[X,0x80000854] -> 0x8E93
mem[X,0x80000856] -> 0xFFFE
[538] [M]: 0x80000854 (0xFFFE8E93) addi t4, t4, -0x1
x29 <- 0xFFFFBFFF

mem[X,0x80000858] -> 0x1FBB
mem[X,0x8000085A] -> 0xAFDF
[539] [M]: 0x80000858 (0xAFDF1FBB) srx t6, t5, t4
x31 <- 0x55555554

mem[X,0x8000085C] -> 0xA423
mem[X,0x8000085E] -> 0x0FF0
[540] [M]: 0x8000085C (0x0FF0A423) sw t6, 0xe8(ra)
mem[0x80003274] <- 0x55555554

mem[X,0x80000860] -> 0x0F13
mem[X,0x80000862] -> 0xFFD0
[541] [M]: 0x80000860 (0xFFD00F13) addi t5, zero, -0x3
x30 <- 0xFFFFFFFD

mem[X,0x80000864] -> 0x8EB7
mem[X,0x80000866] -> 0xFFFF
[542] [M]: 0x80000864 (0xFFFF8EB7) lui t4, -0x8
x29 <- 0xFFFF8000

mem[X,0x80000868] -> 0x8E93
mem[X,0x8000086A] -> 0xFFFE
[543] [M]: 0x80000868 (0xFFFE8E93) addi t4, t4, -0x1
x29 <- 0xFFFF7FFF

mem[X,0x8000086C] -> 0x1FBB
mem[X,0x8000086E] -> 0xAFDF
[544] [M]: 0x8000086C (0xAFDF1FBB) srx t6, t5, t4
x31 <- 0xFFFFFFFA

mem[X,0x80000870] -> 0xA623
mem[X,0x80000872] -> 0x0FF0
[545] [M]: 0x80000870 (0x0FF0A623) sw t6, 0xec(ra)
mem[0x80003278] <- 0xFFFFFFFA

mem[X,0x80000874] -> 0x0F37
mem[X,0x80000876] -> 0x0002
[546] [M]: 0x80000874 (0x00020F37) lui t5, 0x20
x30 <- 0x00020000

mem[X,0x80000878] -> 0x0EB7
mem[X,0x8000087A] -> 0xFFFE
[547] [M]: 0x80000878 (0xFFFE0EB7) lui t4, -0x20
x29 <- 0xFFFE0000

mem[X,0x8000087C] -> 0x8E93
mem[X,0x8000087E] -> 0xFFFE
[548] [M]: 0x8000087C (0xFFFE8E93) addi t4, t4, -0x1
x29 <- 0xFFFDFFFF

mem[X,0x80000880] -> 0x1FBB
mem[X,0x80000882] -> 0xAFDF
[549] [M]: 0x80000880 (0xAFDF1FBB) srx t6, t5, t4
x31 <- 0x00040001

mem[X,0x80000884] -> 0xA823
mem[X,0x80000886] -> 0x0FF0
[550] [M]: 0x80000884 (0x0FF0A823) sw t6, 0xf0(ra)
mem[0x8000327C] <- 0x00040001

mem[X,0x80000888] -> 0x0F37
mem[X,0x8000088A] -> 0xF000
[551] [M]: 0x80000888 (0xF0000F37) lui t5, -0x10000
x30 <- 0xF0000000

mem[X,0x8000088C] -> 0x0F13
mem[X,0x8000088E] -> 0xFFFF
[552] [M]: 0x8000088C (0xFFFF0F13) addi t5, t5, -0x1
x30 <- 0xEFFFFFFF

mem[X,0x80000890] -> 0x0EB7
mem[X,0x80000892] -> 0xFFF8
[553] [M]: 0x80000890 (0xFFF80EB7) lui t4, -0x80
x29 <- 0xFFF80000

mem[X,0x80000894] -> 0x8E93
mem[X,0x80000896] -> 0xFFFE
[554] [M]: 0x80000894 (0xFFFE8E93) addi t4, t4, -0x1
x29 <- 0xFFF7FFFF

mem[X,0x80000898] -> 0x1FBB
mem[X,0x8000089A] -> 0xAFDF
[555] [M]: 0x80000898 (0xAFDF1FBB) srx t6, t5, t4
x31 <- 0xDFFFFFFE

mem[X,0x8000089C] -> 0xAA23
mem[X,0x8000089E] -> 0x0FF0
[556] [M]: 0x8000089C (0x0FF0AA23) sw t6, 0xf4(ra)
mem[0x80003280] <- 0xDFFFFFFE

mem[X,0x800008A0] -> 0x0F37
mem[X,0x800008A2] -> 0xFE00
[557] [M]: 0x800008A0 (0xFE000F37) lui t5, -0x2000
x30 <- 0xFE000000

mem[X,0x800008A4] -> 0x0F13
mem[X,0x800008A6] -> 0xFFFF
[558] [M]: 0x800008A4 (0xFFFF0F13) addi t5, t5, -0x1
x30 <- 0xFDFFFFFF

mem[X,0x800008A8] -> 0x0EB7
mem[X,0x800008AA] -> 0x0040
[559] [M]: 0x800008A8 (0x00400EB7) lui t4, 0x400
x29 <- 0x00400000

mem[X,0x800008AC] -> 0x1FBB
mem[X,0x800008AE] -> 0xAFDF
[560] [M]: 0x800008AC (0xAFDF1FBB) srx t6, t5, t4
x31 <- 0xDFFFFFFE

mem[X,0x800008B0] -> 0xAC23
mem[X,0x800008B2] -> 0x0FF0
[561] [M]: 0x800008B0 (0x0FF0AC23) sw t6, 0xf8(ra)
mem[0x80003284] <- 0xDFFFFFFE

mem[X,0x800008B4] -> 0x0F37
mem[X,0x800008B6] -> 0xFC00
[562] [M]: 0x800008B4 (0xFC000F37) lui t5, -0x4000
x30 <- 0xFC000000

mem[X,0x800008B8] -> 0x0F13
mem[X,0x800008BA] -> 0xFFFF
[563] [M]: 0x800008B8 (0xFFFF0F13) addi t5, t5, -0x1
x30 <- 0xFBFFFFFF

mem[X,0x800008BC] -> 0x0EB7
mem[X,0x800008BE] -> 0xF800
[564] [M]: 0x800008BC (0xF8000EB7) lui t4, -0x8000
x29 <- 0xF8000000

mem[X,0x800008C0] -> 0x8E93
mem[X,0x800008C2] -> 0xFFFE
[565] [M]: 0x800008C0 (0xFFFE8E93) addi t4, t4, -0x1
x29 <- 0xF7FFFFFF

mem[X,0x800008C4] -> 0x1FBB
mem[X,0x800008C6] -> 0xAFDF
[566] [M]: 0x800008C4 (0xAFDF1FBB) srx t6, t5, t4
x31 <- 0xF7FFFFFF

mem[X,0x800008C8] -> 0xAE23
mem[X,0x800008CA] -> 0x0FF0
[567] [M]: 0x800008C8 (0x0FF0AE23) sw t6, 0xfc(ra)
mem[0x80003288] <- 0xF7FFFFFF

mem[X,0x800008CC] -> 0x0F13
mem[X,0x800008CE] -> 0xFFA0
[568] [M]: 0x800008CC (0xFFA00F13) addi t5, zero, -0x6
x30 <- 0xFFFFFFFA

mem[X,0x800008D0] -> 0x0EB7
mem[X,0x800008D2] -> 0xFF80
[569] [M]: 0x800008D0 (0xFF800EB7) lui t4, -0x800
x29 <- 0xFF800000

mem[X,0x800008D4] -> 0x8E93
mem[X,0x800008D6] -> 0xFFFE
[570] [M]: 0x800008D4 (0xFFFE8E93) addi t4, t4, -0x1
x29 <- 0xFF7FFFFF

mem[X,0x800008D8] -> 0x1FBB
mem[X,0x800008DA] -> 0xAFDF
[571] [M]: 0x800008D8 (0xAFDF1FBB) srx t6, t5, t4
x31 <- 0xFFFFFFF5

mem[X,0x800008DC] -> 0xA023
mem[X,0x800008DE] -> 0x11F0
[572] [M]: 0x800008DC (0x11F0A023) sw t6, 0x100(ra)
mem[0x8000328C] <- 0xFFFFFFF5

mem[X,0x800008E0] -> 0x0F13
mem[X,0x800008E2] -> 0x0010
[573] [M]: 0x800008E0 (0x00100F13) addi t5, zero, 0x1
x30 <- 0x00000001

mem[X,0x800008E4] -> 0xFEB7
mem[X,0x800008E6] -> 0xFFFF
[574] [M]: 0x800008E4 (0xFFFFFEB7) lui t4, -0x1
x29 <- 0xFFFFF000

mem[X,0x800008E8] -> 0x8E93
mem[X,0x800008EA] -> 0x7FFE
[575] [M]: 0x800008E8 (0x7FFE8E93) addi t4, t4, 0x7ff
x29 <- 0xFFFFF7FF

mem[X,0x800008EC] -> 0x1FBB
mem[X,0x800008EE] -> 0xAFDF
[576] [M]: 0x800008EC (0xAFDF1FBB) srx t6, t5, t4
x31 <- 0x00000003

mem[X,0x800008F0] -> 0xA223
mem[X,0x800008F2] -> 0x11F0
[577] [M]: 0x800008F0 (0x11F0A223) sw t6, 0x104(ra)
mem[0x80003290] <- 0x00000003

mem[X,0x800008F4] -> 0x0F37
mem[X,0x800008F6] -> 0x8000
[578] [M]: 0x800008F4 (0x80000F37) lui t5, -0x80000
x30 <- 0x80000000

mem[X,0x800008F8] -> 0x0F13
mem[X,0x800008FA] -> 0xFFFF
[579] [M]: 0x800008F8 (0xFFFF0F13) addi t5, t5, -0x1
x30 <- 0x7FFFFFFF

mem[X,0x800008FC] -> 0x0EB7
mem[X,0x800008FE] -> 0xFFFF
[580] [M]: 0x800008FC (0xFFFF0EB7) lui t4, -0x10
x29 <- 0xFFFF0000

mem[X,0x80000900] -> 0x8E93
mem[X,0x80000902] -> 0xFFFE
[581] [M]: 0x80000900 (0xFFFE8E93) addi t4, t4, -0x1
x29 <- 0xFFFEFFFF

mem[X,0x80000904] -> 0x1FBB
mem[X,0x80000906] -> 0xAFDF
[582] [M]: 0x80000904 (0xAFDF1FBB) srx t6, t5, t4
x31 <- 0xFFFFFFFE

mem[X,0x80000908] -> 0xA423
mem[X,0x8000090A] -> 0x11F0
[583] [M]: 0x80000908 (0x11F0A423) sw t6, 0x108(ra)
mem[0x80003294] <- 0xFFFFFFFE

mem[X,0x8000090C] -> 0x0F13
mem[X,0x8000090E] -> 0x4000
[584] [M]: 0x8000090C (0x40000F13) addi t5, zero, 0x400
x30 <- 0x00000400

mem[X,0x80000910] -> 0x0EB7
mem[X,0x80000912] -> 0x0002
[585] [M]: 0x80000910 (0x00020EB7) lui t4, 0x20
x29 <- 0x00020000

mem[X,0x80000914] -> 0x1FBB
mem[X,0x80000916] -> 0xAFDF
[586] [M]: 0x80000914 (0xAFDF1FBB) srx t6, t5, t4
x31 <- 0xFFFFFFFE

mem[X,0x80000918] -> 0xA623
mem[X,0x8000091A] -> 0x11F0
[587] [M]: 0x80000918 (0x11F0A623) sw t6, 0x10c(ra)
mem[0x80003298] <- 0xFFFFFFFE

mem[X,0x8000091C] -> 0x0F37
mem[X,0x8000091E] -> 0x0004
[588] [M]: 0x8000091C (0x00040F37) lui t5, 0x40
x30 <- 0x00040000

mem[X,0x80000920] -> 0x0E93
mem[X,0x80000922] -> 0x0040
[589] [M]: 0x80000920 (0x00400E93) addi t4, zero, 0x4
x29 <- 0x00000004

mem[X,0x80000924] -> 0x1FBB
mem[X,0x80000926] -> 0xAFDF
[590] [M]: 0x80000924 (0xAFDF1FBB) srx t6, t5, t4
x31 <- 0x0FFFFFFF

mem[X,0x80000928] -> 0xA823
mem[X,0x8000092A] -> 0x11F0
[591] [M]: 0x80000928 (0x11F0A823) sw t6, 0x110(ra)
mem[0x8000329C] <- 0x0FFFFFFF

mem[X,0x8000092C] -> 0x006F
mem[X,0x8000092E] -> 0x0200
[592] [M]: 0x8000092C (0x0200006F) jal zero, 0x20

mem[X,0x8000094C] -> 0x0093
mem[X,0x8000094E] -> 0x0010
[593] [M]: 0x8000094C (0x00100093) addi ra, zero, 0x1
x1 <- 0x00000001

mem[X,0x80000950] -> 0x0F17
mem[X,0x80000952] -> 0x0000
[594] [M]: 0x80000950 (0x00000F17) auipc t5, 0x0
x30 <- 0x80000950

mem[X,0x80000954] -> 0x2823
mem[X,0x80000956] -> 0x6A1F
[595] [M]: 0x80000954 (0x6A1F2823) sw ra, 0x6b0(t5)
htif[0x80001000] <- 0x00000001

mem[X,0x80000958] -> 0xF06F
mem[X,0x8000095A] -> 0xFF9F
[596] [M]: 0x80000958 (0xFF9FF06F) jal zero, -0x8

mem[X,0x80000950] -> 0x0F17
mem[X,0x80000952] -> 0x0000
[597] [M]: 0x80000950 (0x00000F17) auipc t5, 0x0
x30 <- 0x80000950

mem[X,0x80000954] -> 0x2823
mem[X,0x80000956] -> 0x6A1F
[598] [M]: 0x80000954 (0x6A1F2823) sw ra, 0x6b0(t5)
htif[0x80001000] <- 0x00000001

mem[X,0x80000958] -> 0xF06F
mem[X,0x8000095A] -> 0xFF9F
[599] [M]: 0x80000958 (0xFF9FF06F) jal zero, -0x8

clint::tick mtime <- 0x0000000000000006
 clint timer pending at mtime 0x0000000000000006
htif::tick 0x0000000000000001
mem[X,0x80000950] -> 0x0F17
mem[X,0x80000952] -> 0x0000
[600] [M]: 0x80000950 (0x00000F17) auipc t5, 0x0
x30 <- 0x80000950

mem[X,0x80000954] -> 0x2823
mem[X,0x80000956] -> 0x6A1F
[601] [M]: 0x80000954 (0x6A1F2823) sw ra, 0x6b0(t5)
htif[0x80001000] <- 0x00000001
htif-syscall-proxy cmd: 0x000000000001

SUCCESS
