using /home/chsu/rvp-workspace/test-64/riscof_work/pdif.b-01.S/ref/Reference-sail_c_simulator.signature for test-signature output.
tohost located at 0x80002000
Running file ref.elf.
ELF Entry @ 0x80000000
begin_signature: 0x80004110
end_signature: 0x800043c0
CSR mstatus <- 0x0000000A00000000 (input: 0x0000000000000000)
mem[X,0x0000000000001000] -> 0x0297
mem[X,0x0000000000001002] -> 0x0000
[0] [M]: 0x0000000000001000 (0x00000297) auipc t0, 0x0
x5 <- 0x0000000000001000

mem[X,0x0000000000001004] -> 0x8593
mem[X,0x0000000000001006] -> 0x0202
[1] [M]: 0x0000000000001004 (0x02028593) addi a1, t0, 0x20
x11 <- 0x0000000000001020

mem[X,0x0000000000001008] -> 0x2573
mem[X,0x000000000000100A] -> 0xF140
[2] [M]: 0x0000000000001008 (0xF1402573) csrrs a0, mhartid, zero
CSR mhartid -> 0x0000000000000000
x10 <- 0x0000000000000000

mem[X,0x000000000000100C] -> 0xB283
mem[X,0x000000000000100E] -> 0x0182
[3] [M]: 0x000000000000100C (0x0182B283) ld t0, 0x18(t0)
mem[R,0x0000000000001018] -> 0x0000000080000000
x5 <- 0x0000000080000000

mem[X,0x0000000000001010] -> 0x8067
mem[X,0x0000000000001012] -> 0x0002
[4] [M]: 0x0000000000001010 (0x00028067) jalr zero, 0x0(t0)

mem[X,0x0000000080000000] -> 0x0837
mem[X,0x0000000080000002] -> 0x7D5C
[5] [M]: 0x0000000080000000 (0x7D5C0837) lui a6, 0x7d5c0
x16 <- 0x000000007D5C0000

mem[X,0x0000000080000004] -> 0x0813
mem[X,0x0000000080000006] -> 0xDDB8
[6] [M]: 0x0000000080000004 (0xDDB80813) addi a6, a6, -0x225
x16 <- 0x000000007D5BFDDB

mem[X,0x0000000080000008] -> 0x1813
mem[X,0x000000008000000A] -> 0x00B8
[7] [M]: 0x0000000080000008 (0x00B81813) slli a6, a6, 0xb
x16 <- 0x000003EADFEED800

mem[X,0x000000008000000C] -> 0x0813
mem[X,0x000000008000000E] -> 0x3EA8
[8] [M]: 0x000000008000000C (0x3EA80813) addi a6, a6, 0x3ea
x16 <- 0x000003EADFEEDBEA

mem[X,0x0000000080000010] -> 0x1813
mem[X,0x0000000080000012] -> 0x00B8
[9] [M]: 0x0000000080000010 (0x00B81813) slli a6, a6, 0xb
x16 <- 0x001F56FF76DF5000

mem[X,0x0000000080000014] -> 0x0813
mem[X,0x0000000080000016] -> 0x6FF8
[10] [M]: 0x0000000080000014 (0x6FF80813) addi a6, a6, 0x6ff
x16 <- 0x001F56FF76DF56FF

mem[X,0x0000000080000018] -> 0x1813
mem[X,0x000000008000001A] -> 0x00A8
[11] [M]: 0x0000000080000018 (0x00A81813) slli a6, a6, 0xa
x16 <- 0x7D5BFDDB7D5BFC00

mem[X,0x000000008000001C] -> 0x0813
mem[X,0x000000008000001E] -> 0x1DB8
[12] [M]: 0x000000008000001C (0x1DB80813) addi a6, a6, 0x1db
x16 <- 0x7D5BFDDB7D5BFDDB

mem[X,0x0000000080000020] -> 0x5893
mem[X,0x0000000080000022] -> 0x0078
[13] [M]: 0x0000000080000020 (0x00785893) srli a7, a6, 0x7
x17 <- 0x00FAB7FBB6FAB7FB

mem[X,0x0000000080000024] -> 0x5793
mem[X,0x0000000080000026] -> 0x0398
[14] [M]: 0x0000000080000024 (0x03985793) srli a5, a6, 0x39
x15 <- 0x000000000000003E

mem[X,0x0000000080000028] -> 0xE8B3
mem[X,0x000000008000002A] -> 0x00F8
[15] [M]: 0x0000000080000028 (0x00F8E8B3) or a7, a7, a5
x17 <- 0x00FAB7FBB6FAB7FF

mem[X,0x000000008000002C] -> 0xD913
mem[X,0x000000008000002E] -> 0x0078
[16] [M]: 0x000000008000002C (0x0078D913) srli s2, a7, 0x7
x18 <- 0x0001F56FF76DF56F

mem[X,0x0000000080000030] -> 0xD793
mem[X,0x0000000080000032] -> 0x0398
[17] [M]: 0x0000000080000030 (0x0398D793) srli a5, a7, 0x39
x15 <- 0x0000000000000000

mem[X,0x0000000080000034] -> 0x6933
mem[X,0x0000000080000036] -> 0x00F9
[18] [M]: 0x0000000080000034 (0x00F96933) or s2, s2, a5
x18 <- 0x0001F56FF76DF56F

mem[X,0x0000000080000038] -> 0x5993
mem[X,0x000000008000003A] -> 0x0079
[19] [M]: 0x0000000080000038 (0x00795993) srli s3, s2, 0x7
x19 <- 0x000003EADFEEDBEA

mem[X,0x000000008000003C] -> 0x5793
mem[X,0x000000008000003E] -> 0x0399
[20] [M]: 0x000000008000003C (0x03995793) srli a5, s2, 0x39
x15 <- 0x0000000000000000

mem[X,0x0000000080000040] -> 0xE9B3
mem[X,0x0000000080000042] -> 0x00F9
[21] [M]: 0x0000000080000040 (0x00F9E9B3) or s3, s3, a5
x19 <- 0x000003EADFEEDBEA

mem[X,0x0000000080000044] -> 0xDA13
mem[X,0x0000000080000046] -> 0x0079
[22] [M]: 0x0000000080000044 (0x0079DA13) srli s4, s3, 0x7
x20 <- 0x00000007D5BFDDB7

mem[X,0x0000000080000048] -> 0xD793
mem[X,0x000000008000004A] -> 0x0399
[23] [M]: 0x0000000080000048 (0x0399D793) srli a5, s3, 0x39
x15 <- 0x0000000000000000

mem[X,0x000000008000004C] -> 0x6A33
mem[X,0x000000008000004E] -> 0x00FA
[24] [M]: 0x000000008000004C (0x00FA6A33) or s4, s4, a5
x20 <- 0x00000007D5BFDDB7

mem[X,0x0000000080000050] -> 0x5A93
mem[X,0x0000000080000052] -> 0x007A
[25] [M]: 0x0000000080000050 (0x007A5A93) srli s5, s4, 0x7
x21 <- 0x000000000FAB7FBB

mem[X,0x0000000080000054] -> 0x5793
mem[X,0x0000000080000056] -> 0x039A
[26] [M]: 0x0000000080000054 (0x039A5793) srli a5, s4, 0x39
x15 <- 0x0000000000000000

mem[X,0x0000000080000058] -> 0xEAB3
mem[X,0x000000008000005A] -> 0x00FA
[27] [M]: 0x0000000080000058 (0x00FAEAB3) or s5, s5, a5
x21 <- 0x000000000FAB7FBB

mem[X,0x000000008000005C] -> 0xDB13
mem[X,0x000000008000005E] -> 0x007A
[28] [M]: 0x000000008000005C (0x007ADB13) srli s6, s5, 0x7
x22 <- 0x00000000001F56FF

mem[X,0x0000000080000060] -> 0xD793
mem[X,0x0000000080000062] -> 0x039A
[29] [M]: 0x0000000080000060 (0x039AD793) srli a5, s5, 0x39
x15 <- 0x0000000000000000

mem[X,0x0000000080000064] -> 0x6B33
mem[X,0x0000000080000066] -> 0x00FB
[30] [M]: 0x0000000080000064 (0x00FB6B33) or s6, s6, a5
x22 <- 0x00000000001F56FF

mem[X,0x0000000080000068] -> 0x5B93
mem[X,0x000000008000006A] -> 0x007B
[31] [M]: 0x0000000080000068 (0x007B5B93) srli s7, s6, 0x7
x23 <- 0x0000000000003EAD

mem[X,0x000000008000006C] -> 0x5793
mem[X,0x000000008000006E] -> 0x039B
[32] [M]: 0x000000008000006C (0x039B5793) srli a5, s6, 0x39
x15 <- 0x0000000000000000

mem[X,0x0000000080000070] -> 0xEBB3
mem[X,0x0000000080000072] -> 0x00FB
[33] [M]: 0x0000000080000070 (0x00FBEBB3) or s7, s7, a5
x23 <- 0x0000000000003EAD

mem[X,0x0000000080000074] -> 0xDC13
mem[X,0x0000000080000076] -> 0x007B
[34] [M]: 0x0000000080000074 (0x007BDC13) srli s8, s7, 0x7
x24 <- 0x000000000000007D

mem[X,0x0000000080000078] -> 0xD793
mem[X,0x000000008000007A] -> 0x039B
[35] [M]: 0x0000000080000078 (0x039BD793) srli a5, s7, 0x39
x15 <- 0x0000000000000000

mem[X,0x000000008000007C] -> 0x6C33
mem[X,0x000000008000007E] -> 0x00FC
[36] [M]: 0x000000008000007C (0x00FC6C33) or s8, s8, a5
x24 <- 0x000000000000007D

mem[X,0x0000000080000080] -> 0x5C93
mem[X,0x0000000080000082] -> 0x007C
[37] [M]: 0x0000000080000080 (0x007C5C93) srli s9, s8, 0x7
x25 <- 0x0000000000000000

mem[X,0x0000000080000084] -> 0x5793
mem[X,0x0000000080000086] -> 0x039C
[38] [M]: 0x0000000080000084 (0x039C5793) srli a5, s8, 0x39
x15 <- 0x0000000000000000

mem[X,0x0000000080000088] -> 0xECB3
mem[X,0x000000008000008A] -> 0x00FC
[39] [M]: 0x0000000080000088 (0x00FCECB3) or s9, s9, a5
x25 <- 0x0000000000000000

mem[X,0x000000008000008C] -> 0xDD13
mem[X,0x000000008000008E] -> 0x007C
[40] [M]: 0x000000008000008C (0x007CDD13) srli s10, s9, 0x7
x26 <- 0x0000000000000000

mem[X,0x0000000080000090] -> 0xD793
mem[X,0x0000000080000092] -> 0x039C
[41] [M]: 0x0000000080000090 (0x039CD793) srli a5, s9, 0x39
x15 <- 0x0000000000000000

mem[X,0x0000000080000094] -> 0x6D33
mem[X,0x0000000080000096] -> 0x00FD
[42] [M]: 0x0000000080000094 (0x00FD6D33) or s10, s10, a5
x26 <- 0x0000000000000000

mem[X,0x0000000080000098] -> 0x5D93
mem[X,0x000000008000009A] -> 0x007D
[43] [M]: 0x0000000080000098 (0x007D5D93) srli s11, s10, 0x7
x27 <- 0x0000000000000000

mem[X,0x000000008000009C] -> 0x5793
mem[X,0x000000008000009E] -> 0x039D
[44] [M]: 0x000000008000009C (0x039D5793) srli a5, s10, 0x39
x15 <- 0x0000000000000000

mem[X,0x00000000800000A0] -> 0xEDB3
mem[X,0x00000000800000A2] -> 0x00FD
[45] [M]: 0x00000000800000A0 (0x00FDEDB3) or s11, s11, a5
x27 <- 0x0000000000000000

mem[X,0x00000000800000A4] -> 0xDE13
mem[X,0x00000000800000A6] -> 0x007D
[46] [M]: 0x00000000800000A4 (0x007DDE13) srli t3, s11, 0x7
x28 <- 0x0000000000000000

mem[X,0x00000000800000A8] -> 0xD793
mem[X,0x00000000800000AA] -> 0x039D
[47] [M]: 0x00000000800000A8 (0x039DD793) srli a5, s11, 0x39
x15 <- 0x0000000000000000

mem[X,0x00000000800000AC] -> 0x6E33
mem[X,0x00000000800000AE] -> 0x00FE
[48] [M]: 0x00000000800000AC (0x00FE6E33) or t3, t3, a5
x28 <- 0x0000000000000000

mem[X,0x00000000800000B0] -> 0x5E93
mem[X,0x00000000800000B2] -> 0x007E
[49] [M]: 0x00000000800000B0 (0x007E5E93) srli t4, t3, 0x7
x29 <- 0x0000000000000000

mem[X,0x00000000800000B4] -> 0x5793
mem[X,0x00000000800000B6] -> 0x039E
[50] [M]: 0x00000000800000B4 (0x039E5793) srli a5, t3, 0x39
x15 <- 0x0000000000000000

mem[X,0x00000000800000B8] -> 0xEEB3
mem[X,0x00000000800000BA] -> 0x00FE
[51] [M]: 0x00000000800000B8 (0x00FEEEB3) or t4, t4, a5
x29 <- 0x0000000000000000

mem[X,0x00000000800000BC] -> 0xDF13
mem[X,0x00000000800000BE] -> 0x007E
[52] [M]: 0x00000000800000BC (0x007EDF13) srli t5, t4, 0x7
x30 <- 0x0000000000000000

mem[X,0x00000000800000C0] -> 0xD793
mem[X,0x00000000800000C2] -> 0x039E
[53] [M]: 0x00000000800000C0 (0x039ED793) srli a5, t4, 0x39
x15 <- 0x0000000000000000

mem[X,0x00000000800000C4] -> 0x6F33
mem[X,0x00000000800000C6] -> 0x00FF
[54] [M]: 0x00000000800000C4 (0x00FF6F33) or t5, t5, a5
x30 <- 0x0000000000000000

mem[X,0x00000000800000C8] -> 0xC0B7
mem[X,0x00000000800000CA] -> 0xFEED
[55] [M]: 0x00000000800000C8 (0xFEEDC0B7) lui ra, -0x1124
x1 <- 0xFFFFFFFFFEEDC000

mem[X,0x00000000800000CC] -> 0x8093
mem[X,0x00000000800000CE] -> 0xEAD0
[56] [M]: 0x00000000800000CC (0xEAD08093) addi ra, ra, -0x153
x1 <- 0xFFFFFFFFFEEDBEAD

mem[X,0x00000000800000D0] -> 0x9093
mem[X,0x00000000800000D2] -> 0x00B0
[57] [M]: 0x00000000800000D0 (0x00B09093) slli ra, ra, 0xb
x1 <- 0xFFFFFFF76DF56800

mem[X,0x00000000800000D4] -> 0x8093
mem[X,0x00000000800000D6] -> 0x7F70
[58] [M]: 0x00000000800000D4 (0x7F708093) addi ra, ra, 0x7f7
x1 <- 0xFFFFFFF76DF56FF7

mem[X,0x00000000800000D8] -> 0x9093
mem[X,0x00000000800000DA] -> 0x00B0
[59] [M]: 0x00000000800000D8 (0x00B09093) slli ra, ra, 0xb
x1 <- 0xFFFFBB6FAB7FB800

mem[X,0x00000000800000DC] -> 0x8093
mem[X,0x00000000800000DE] -> 0x36F0
[60] [M]: 0x00000000800000DC (0x36F08093) addi ra, ra, 0x36f
x1 <- 0xFFFFBB6FAB7FBB6F

mem[X,0x00000000800000E0] -> 0x9093
mem[X,0x00000000800000E2] -> 0x00A0
[61] [M]: 0x00000000800000E0 (0x00A09093) slli ra, ra, 0xa
x1 <- 0xFEEDBEADFEEDBC00

mem[X,0x00000000800000E4] -> 0x8093
mem[X,0x00000000800000E6] -> 0x2AD0
[62] [M]: 0x00000000800000E4 (0x2AD08093) addi ra, ra, 0x2ad
x1 <- 0xFEEDBEADFEEDBEAD

mem[X,0x00000000800000E8] -> 0xD113
mem[X,0x00000000800000EA] -> 0x0070
[63] [M]: 0x00000000800000E8 (0x0070D113) srli sp, ra, 0x7
x2 <- 0x01FDDB7D5BFDDB7D

mem[X,0x00000000800000EC] -> 0xD793
mem[X,0x00000000800000EE] -> 0x0390
[64] [M]: 0x00000000800000EC (0x0390D793) srli a5, ra, 0x39
x15 <- 0x000000000000007F

mem[X,0x00000000800000F0] -> 0x6133
mem[X,0x00000000800000F2] -> 0x00F1
[65] [M]: 0x00000000800000F0 (0x00F16133) or sp, sp, a5
x2 <- 0x01FDDB7D5BFDDB7F

mem[X,0x00000000800000F4] -> 0x5193
mem[X,0x00000000800000F6] -> 0x0071
[66] [M]: 0x00000000800000F4 (0x00715193) srli gp, sp, 0x7
x3 <- 0x0003FBB6FAB7FBB6

mem[X,0x00000000800000F8] -> 0x5793
mem[X,0x00000000800000FA] -> 0x0391
[67] [M]: 0x00000000800000F8 (0x03915793) srli a5, sp, 0x39
x15 <- 0x0000000000000000

mem[X,0x00000000800000FC] -> 0xE1B3
mem[X,0x00000000800000FE] -> 0x00F1
[68] [M]: 0x00000000800000FC (0x00F1E1B3) or gp, gp, a5
x3 <- 0x0003FBB6FAB7FBB6

mem[X,0x0000000080000100] -> 0xD213
mem[X,0x0000000080000102] -> 0x0071
[69] [M]: 0x0000000080000100 (0x0071D213) srli tp, gp, 0x7
x4 <- 0x000007F76DF56FF7

mem[X,0x0000000080000104] -> 0xD793
mem[X,0x0000000080000106] -> 0x0391
[70] [M]: 0x0000000080000104 (0x0391D793) srli a5, gp, 0x39
x15 <- 0x0000000000000000

mem[X,0x0000000080000108] -> 0x6233
mem[X,0x000000008000010A] -> 0x00F2
[71] [M]: 0x0000000080000108 (0x00F26233) or tp, tp, a5
x4 <- 0x000007F76DF56FF7

mem[X,0x000000008000010C] -> 0x5293
mem[X,0x000000008000010E] -> 0x0072
[72] [M]: 0x000000008000010C (0x00725293) srli t0, tp, 0x7
x5 <- 0x0000000FEEDBEADF

mem[X,0x0000000080000110] -> 0x5793
mem[X,0x0000000080000112] -> 0x0392
[73] [M]: 0x0000000080000110 (0x03925793) srli a5, tp, 0x39
x15 <- 0x0000000000000000

mem[X,0x0000000080000114] -> 0xE2B3
mem[X,0x0000000080000116] -> 0x00F2
[74] [M]: 0x0000000080000114 (0x00F2E2B3) or t0, t0, a5
x5 <- 0x0000000FEEDBEADF

mem[X,0x0000000080000118] -> 0xD313
mem[X,0x000000008000011A] -> 0x0072
[75] [M]: 0x0000000080000118 (0x0072D313) srli t1, t0, 0x7
x6 <- 0x000000001FDDB7D5

mem[X,0x000000008000011C] -> 0xD793
mem[X,0x000000008000011E] -> 0x0392
[76] [M]: 0x000000008000011C (0x0392D793) srli a5, t0, 0x39
x15 <- 0x0000000000000000

mem[X,0x0000000080000120] -> 0x6333
mem[X,0x0000000080000122] -> 0x00F3
[77] [M]: 0x0000000080000120 (0x00F36333) or t1, t1, a5
x6 <- 0x000000001FDDB7D5

mem[X,0x0000000080000124] -> 0x5393
mem[X,0x0000000080000126] -> 0x0073
[78] [M]: 0x0000000080000124 (0x00735393) srli t2, t1, 0x7
x7 <- 0x00000000003FBB6F

mem[X,0x0000000080000128] -> 0x5793
mem[X,0x000000008000012A] -> 0x0393
[79] [M]: 0x0000000080000128 (0x03935793) srli a5, t1, 0x39
x15 <- 0x0000000000000000

mem[X,0x000000008000012C] -> 0xE3B3
mem[X,0x000000008000012E] -> 0x00F3
[80] [M]: 0x000000008000012C (0x00F3E3B3) or t2, t2, a5
x7 <- 0x00000000003FBB6F

mem[X,0x0000000080000130] -> 0xD413
mem[X,0x0000000080000132] -> 0x0073
[81] [M]: 0x0000000080000130 (0x0073D413) srli fp, t2, 0x7
x8 <- 0x0000000000007F76

mem[X,0x0000000080000134] -> 0xD793
mem[X,0x0000000080000136] -> 0x0393
[82] [M]: 0x0000000080000134 (0x0393D793) srli a5, t2, 0x39
x15 <- 0x0000000000000000

mem[X,0x0000000080000138] -> 0x6433
mem[X,0x000000008000013A] -> 0x00F4
[83] [M]: 0x0000000080000138 (0x00F46433) or fp, fp, a5
x8 <- 0x0000000000007F76

mem[X,0x000000008000013C] -> 0x5493
mem[X,0x000000008000013E] -> 0x0074
[84] [M]: 0x000000008000013C (0x00745493) srli s1, fp, 0x7
x9 <- 0x00000000000000FE

mem[X,0x0000000080000140] -> 0x5793
mem[X,0x0000000080000142] -> 0x0394
[85] [M]: 0x0000000080000140 (0x03945793) srli a5, fp, 0x39
x15 <- 0x0000000000000000

mem[X,0x0000000080000144] -> 0xE4B3
mem[X,0x0000000080000146] -> 0x00F4
[86] [M]: 0x0000000080000144 (0x00F4E4B3) or s1, s1, a5
x9 <- 0x00000000000000FE

mem[X,0x0000000080000148] -> 0xD513
mem[X,0x000000008000014A] -> 0x0074
[87] [M]: 0x0000000080000148 (0x0074D513) srli a0, s1, 0x7
x10 <- 0x0000000000000001

mem[X,0x000000008000014C] -> 0xD793
mem[X,0x000000008000014E] -> 0x0394
[88] [M]: 0x000000008000014C (0x0394D793) srli a5, s1, 0x39
x15 <- 0x0000000000000000

mem[X,0x0000000080000150] -> 0x6533
mem[X,0x0000000080000152] -> 0x00F5
[89] [M]: 0x0000000080000150 (0x00F56533) or a0, a0, a5
x10 <- 0x0000000000000001

mem[X,0x0000000080000154] -> 0x5593
mem[X,0x0000000080000156] -> 0x0075
[90] [M]: 0x0000000080000154 (0x00755593) srli a1, a0, 0x7
x11 <- 0x0000000000000000

mem[X,0x0000000080000158] -> 0x5793
mem[X,0x000000008000015A] -> 0x0395
[91] [M]: 0x0000000080000158 (0x03955793) srli a5, a0, 0x39
x15 <- 0x0000000000000000

mem[X,0x000000008000015C] -> 0xE5B3
mem[X,0x000000008000015E] -> 0x00F5
[92] [M]: 0x000000008000015C (0x00F5E5B3) or a1, a1, a5
x11 <- 0x0000000000000000

mem[X,0x0000000080000160] -> 0xD613
mem[X,0x0000000080000162] -> 0x0075
[93] [M]: 0x0000000080000160 (0x0075D613) srli a2, a1, 0x7
x12 <- 0x0000000000000000

mem[X,0x0000000080000164] -> 0xD793
mem[X,0x0000000080000166] -> 0x0395
[94] [M]: 0x0000000080000164 (0x0395D793) srli a5, a1, 0x39
x15 <- 0x0000000000000000

mem[X,0x0000000080000168] -> 0x6633
mem[X,0x000000008000016A] -> 0x00F6
[95] [M]: 0x0000000080000168 (0x00F66633) or a2, a2, a5
x12 <- 0x0000000000000000

mem[X,0x000000008000016C] -> 0x5693
mem[X,0x000000008000016E] -> 0x0076
[96] [M]: 0x000000008000016C (0x00765693) srli a3, a2, 0x7
x13 <- 0x0000000000000000

mem[X,0x0000000080000170] -> 0x5793
mem[X,0x0000000080000172] -> 0x0396
[97] [M]: 0x0000000080000170 (0x03965793) srli a5, a2, 0x39
x15 <- 0x0000000000000000

mem[X,0x0000000080000174] -> 0xE6B3
mem[X,0x0000000080000176] -> 0x00F6
[98] [M]: 0x0000000080000174 (0x00F6E6B3) or a3, a3, a5
x13 <- 0x0000000000000000

mem[X,0x0000000080000178] -> 0x0013
mem[X,0x000000008000017A] -> 0x0000
[99] [M]: 0x0000000080000178 (0x00000013) addi zero, zero, 0x0

clint::tick mtime <- 0x0000000000000001
 clint timer pending at mtime 0x0000000000000001
htif::tick 0x0000000000000000
mem[X,0x000000008000017C] -> 0x0013
mem[X,0x000000008000017E] -> 0x0000
[100] [M]: 0x000000008000017C (0x00000013) addi zero, zero, 0x0

mem[X,0x0000000080000180] -> 0x4297
mem[X,0x0000000080000182] -> 0x0000
[101] [M]: 0x0000000080000180 (0x00004297) auipc t0, 0x4
x5 <- 0x0000000080004180

mem[X,0x0000000080000184] -> 0x8293
mem[X,0x0000000080000186] -> 0xF982
[102] [M]: 0x0000000080000184 (0xF9828293) addi t0, t0, -0x68
x5 <- 0x0000000080004118

mem[X,0x0000000080000188] -> 0x0013
mem[X,0x000000008000018A] -> 0x0000
[103] [M]: 0x0000000080000188 (0x00000013) addi zero, zero, 0x0

mem[X,0x000000008000018C] -> 0x0013
mem[X,0x000000008000018E] -> 0x0000
[104] [M]: 0x000000008000018C (0x00000013) addi zero, zero, 0x0

mem[X,0x0000000080000190] -> 0x0013
mem[X,0x0000000080000192] -> 0x0000
[105] [M]: 0x0000000080000190 (0x00000013) addi zero, zero, 0x0

mem[X,0x0000000080000194] -> 0x0013
mem[X,0x0000000080000196] -> 0x0000
[106] [M]: 0x0000000080000194 (0x00000013) addi zero, zero, 0x0

mem[X,0x0000000080000198] -> 0x0013
mem[X,0x000000008000019A] -> 0x0000
[107] [M]: 0x0000000080000198 (0x00000013) addi zero, zero, 0x0

mem[X,0x000000008000019C] -> 0x0013
mem[X,0x000000008000019E] -> 0x0000
[108] [M]: 0x000000008000019C (0x00000013) addi zero, zero, 0x0

mem[X,0x00000000800001A0] -> 0x09B7
mem[X,0x00000000800001A2] -> 0xFDF9
[109] [M]: 0x00000000800001A0 (0xFDF909B7) lui s3, -0x2070
x19 <- 0xFFFFFFFFFDF90000

mem[X,0x00000000800001A4] -> 0x8993
mem[X,0x00000000800001A6] -> 0xD809
[110] [M]: 0x00000000800001A4 (0xD8098993) addi s3, s3, -0x280
x19 <- 0xFFFFFFFFFDF8FD80

mem[X,0x00000000800001A8] -> 0x9993
mem[X,0x00000000800001AA] -> 0x00B9
[111] [M]: 0x00000000800001A8 (0x00B99993) slli s3, s3, 0xb
x19 <- 0xFFFFFFEFC7EC0000

mem[X,0x00000000800001AC] -> 0x8993
mem[X,0x00000000800001AE] -> 0x7D09
[112] [M]: 0x00000000800001AC (0x7D098993) addi s3, s3, 0x7d0
x19 <- 0xFFFFFFEFC7EC07D0

mem[X,0x00000000800001B0] -> 0x9993
mem[X,0x00000000800001B2] -> 0x00B9
[113] [M]: 0x00000000800001B0 (0x00B99993) slli s3, s3, 0xb
x19 <- 0xFFFF7E3F603E8000

mem[X,0x00000000800001B4] -> 0x8993
mem[X,0x00000000800001B6] -> 0x0019
[114] [M]: 0x00000000800001B4 (0x00198993) addi s3, s3, 0x1
x19 <- 0xFFFF7E3F603E8001

mem[X,0x00000000800001B8] -> 0x9993
mem[X,0x00000000800001BA] -> 0x00A9
[115] [M]: 0x00000000800001B8 (0x00A99993) slli s3, s3, 0xa
x19 <- 0xFDF8FD80FA000400

mem[X,0x00000000800001BC] -> 0x8993
mem[X,0x00000000800001BE] -> 0x1809
[116] [M]: 0x00000000800001BC (0x18098993) addi s3, s3, 0x180
x19 <- 0xFDF8FD80FA000580

mem[X,0x00000000800001C0] -> 0x0437
mem[X,0x00000000800001C2] -> 0x8007
[117] [M]: 0x00000000800001C0 (0x80070437) lui fp, -0x7ff90
x8 <- 0xFFFFFFFF80070000

mem[X,0x00000000800001C4] -> 0x0413
mem[X,0x00000000800001C6] -> 0x7F84
[118] [M]: 0x00000000800001C4 (0x7F840413) addi fp, fp, 0x7f8
x8 <- 0xFFFFFFFF800707F8

mem[X,0x00000000800001C8] -> 0x1413
mem[X,0x00000000800001CA] -> 0x00B4
[119] [M]: 0x00000000800001C8 (0x00B41413) slli fp, fp, 0xb
x8 <- 0xFFFFFC00383FC000

mem[X,0x00000000800001CC] -> 0x0413
mem[X,0x00000000800001CE] -> 0x0324
[120] [M]: 0x00000000800001CC (0x03240413) addi fp, fp, 0x32
x8 <- 0xFFFFFC00383FC032

mem[X,0x00000000800001D0] -> 0x1413
mem[X,0x00000000800001D2] -> 0x00B4
[121] [M]: 0x00000000800001D0 (0x00B41413) slli fp, fp, 0xb
x8 <- 0xFFE001C1FE019000

mem[X,0x00000000800001D4] -> 0x0413
mem[X,0x00000000800001D6] -> 0x0014
[122] [M]: 0x00000000800001D4 (0x00140413) addi fp, fp, 0x1
x8 <- 0xFFE001C1FE019001

mem[X,0x00000000800001D8] -> 0x1413
mem[X,0x00000000800001DA] -> 0x00A4
[123] [M]: 0x00000000800001D8 (0x00A41413) slli fp, fp, 0xa
x8 <- 0x800707F806400400

mem[X,0x00000000800001DC] -> 0x0413
mem[X,0x00000000800001DE] -> 0x2DF4
[124] [M]: 0x00000000800001DC (0x2DF40413) addi fp, fp, 0x2df
x8 <- 0x800707F8064006DF

mem[X,0x00000000800001E0] -> 0x8D3B
mem[X,0x00000000800001E2] -> 0xCC89
[125] [M]: 0x00000000800001E0 (0xCC898D3B) pdif.b s10, s3, fp
x26 <- 0x7D0F0A780C40015F

mem[X,0x00000000800001E4] -> 0xB023
mem[X,0x00000000800001E6] -> 0x01A2
[126] [M]: 0x00000000800001E4 (0x01A2B023) sd s10, 0x0(t0)
mem[0x0000000080004118] <- 0x7D0F0A780C40015F

mem[X,0x00000000800001E8] -> 0xC1B7
mem[X,0x00000000800001EA] -> 0x1002
[127] [M]: 0x00000000800001E8 (0x1002C1B7) lui gp, 0x1002c
x3 <- 0x000000001002C000

mem[X,0x00000000800001EC] -> 0x8193
mem[X,0x00000000800001EE] -> 0x0FE1
[128] [M]: 0x00000000800001EC (0x0FE18193) addi gp, gp, 0xfe
x3 <- 0x000000001002C0FE

mem[X,0x00000000800001F0] -> 0x9193
mem[X,0x00000000800001F2] -> 0x00B1
[129] [M]: 0x00000000800001F0 (0x00B19193) slli gp, gp, 0xb
x3 <- 0x000000801607F000

mem[X,0x00000000800001F4] -> 0x8193
mem[X,0x00000000800001F6] -> 0x7E01
[130] [M]: 0x00000000800001F4 (0x7E018193) addi gp, gp, 0x7e0
x3 <- 0x000000801607F7E0

mem[X,0x00000000800001F8] -> 0x9193
mem[X,0x00000000800001FA] -> 0x00B1
[131] [M]: 0x00000000800001F8 (0x00B19193) slli gp, gp, 0xb
x3 <- 0x000400B03FBF0000

mem[X,0x00000000800001FC] -> 0x8193
mem[X,0x00000000800001FE] -> 0x03F1
[132] [M]: 0x00000000800001FC (0x03F18193) addi gp, gp, 0x3f
x3 <- 0x000400B03FBF003F

mem[X,0x0000000080000200] -> 0x9193
mem[X,0x0000000080000202] -> 0x00A1
[133] [M]: 0x0000000080000200 (0x00A19193) slli gp, gp, 0xa
x3 <- 0x1002C0FEFC00FC00

mem[X,0x0000000080000204] -> 0x8193
mem[X,0x0000000080000206] -> 0x3FF1
[134] [M]: 0x0000000080000204 (0x3FF18193) addi gp, gp, 0x3ff
x3 <- 0x1002C0FEFC00FFFF

mem[X,0x0000000080000208] -> 0xB0B7
mem[X,0x000000008000020A] -> 0xF955
[135] [M]: 0x0000000080000208 (0xF955B0B7) lui ra, -0x6aa5
x1 <- 0xFFFFFFFFF955B000

mem[X,0x000000008000020C] -> 0x8093
mem[X,0x000000008000020E] -> 0xAFF0
[136] [M]: 0x000000008000020C (0xAFF08093) addi ra, ra, -0x501
x1 <- 0xFFFFFFFFF955AAFF

mem[X,0x0000000080000210] -> 0x9093
mem[X,0x0000000080000212] -> 0x00B0
[137] [M]: 0x0000000080000210 (0x00B09093) slli ra, ra, 0xb
x1 <- 0xFFFFFFCAAD57F800

mem[X,0x0000000080000214] -> 0x8093
mem[X,0x0000000080000216] -> 0x0870
[138] [M]: 0x0000000080000214 (0x08708093) addi ra, ra, 0x87
x1 <- 0xFFFFFFCAAD57F887

mem[X,0x0000000080000218] -> 0x9093
mem[X,0x000000008000021A] -> 0x00B0
[139] [M]: 0x0000000080000218 (0x00B09093) slli ra, ra, 0xb
x1 <- 0xFFFE556ABFC43800

mem[X,0x000000008000021C] -> 0x8093
mem[X,0x000000008000021E] -> 0x3C80
[140] [M]: 0x000000008000021C (0x3C808093) addi ra, ra, 0x3c8
x1 <- 0xFFFE556ABFC43BC8

mem[X,0x0000000080000220] -> 0x9093
mem[X,0x0000000080000222] -> 0x00A0
[141] [M]: 0x0000000080000220 (0x00A09093) slli ra, ra, 0xa
x1 <- 0xF955AAFF10EF2000

mem[X,0x0000000080000224] -> 0x8093
mem[X,0x0000000080000226] -> 0x0040
[142] [M]: 0x0000000080000224 (0x00408093) addi ra, ra, 0x4
x1 <- 0xF955AAFF10EF2004

mem[X,0x0000000080000228] -> 0x80BB
mem[X,0x000000008000022A] -> 0xCC11
[143] [M]: 0x0000000080000228 (0xCC1180BB) pdif.b ra, gp, ra
x1 <- 0x1753160114112105

mem[X,0x000000008000022C] -> 0xB423
mem[X,0x000000008000022E] -> 0x0012
[144] [M]: 0x000000008000022C (0x0012B423) sd ra, 0x8(t0)
mem[0x0000000080004120] <- 0x1753160114112105

mem[X,0x0000000080000230] -> 0x0E37
mem[X,0x0000000080000232] -> 0x1041
[145] [M]: 0x0000000080000230 (0x10410E37) lui t3, 0x10410
x28 <- 0x0000000010410000

mem[X,0x0000000080000234] -> 0x0E13
mem[X,0x0000000080000236] -> 0xFFCE
[146] [M]: 0x0000000080000234 (0xFFCE0E13) addi t3, t3, -0x4
x28 <- 0x000000001040FFFC

mem[X,0x0000000080000238] -> 0x1E13
mem[X,0x000000008000023A] -> 0x00BE
[147] [M]: 0x0000000080000238 (0x00BE1E13) slli t3, t3, 0xb
x28 <- 0x0000008207FFE000

mem[X,0x000000008000023C] -> 0x0E13
mem[X,0x000000008000023E] -> 0x020E
[148] [M]: 0x000000008000023C (0x020E0E13) addi t3, t3, 0x20
x28 <- 0x0000008207FFE020

mem[X,0x0000000080000240] -> 0x1E13
mem[X,0x0000000080000242] -> 0x00BE
[149] [M]: 0x0000000080000240 (0x00BE1E13) slli t3, t3, 0xb
x28 <- 0x0004103FFF010000

mem[X,0x0000000080000244] -> 0x0E13
mem[X,0x0000000080000246] -> 0x015E
[150] [M]: 0x0000000080000244 (0x015E0E13) addi t3, t3, 0x15
x28 <- 0x0004103FFF010015

mem[X,0x0000000080000248] -> 0x1E13
mem[X,0x000000008000024A] -> 0x00AE
[151] [M]: 0x0000000080000248 (0x00AE1E13) slli t3, t3, 0xa
x28 <- 0x1040FFFC04005400

mem[X,0x000000008000024C] -> 0x0E13
mem[X,0x000000008000024E] -> 0x100E
[152] [M]: 0x000000008000024C (0x100E0E13) addi t3, t3, 0x100
x28 <- 0x1040FFFC04005500

mem[X,0x0000000080000250] -> 0xCE37
mem[X,0x0000000080000252] -> 0xFEAA
[153] [M]: 0x0000000080000250 (0xFEAACE37) lui t3, -0x1554
x28 <- 0xFFFFFFFFFEAAC000

mem[X,0x0000000080000254] -> 0x0E13
mem[X,0x0000000080000256] -> 0x0C0E
[154] [M]: 0x0000000080000254 (0x0C0E0E13) addi t3, t3, 0xc0
x28 <- 0xFFFFFFFFFEAAC0C0

mem[X,0x0000000080000258] -> 0x1E13
mem[X,0x000000008000025A] -> 0x00BE
[155] [M]: 0x0000000080000258 (0x00BE1E13) slli t3, t3, 0xb
x28 <- 0xFFFFFFF556060000

mem[X,0x000000008000025C] -> 0x0E13
mem[X,0x000000008000025E] -> 0x77FE
[156] [M]: 0x000000008000025C (0x77FE0E13) addi t3, t3, 0x77f
x28 <- 0xFFFFFFF55606077F

mem[X,0x0000000080000260] -> 0x1E13
mem[X,0x0000000080000262] -> 0x00BE
[157] [M]: 0x0000000080000260 (0x00BE1E13) slli t3, t3, 0xb
x28 <- 0xFFFFAAB0303BF800

mem[X,0x0000000080000264] -> 0x0E13
mem[X,0x0000000080000266] -> 0x67FE
[158] [M]: 0x0000000080000264 (0x67FE0E13) addi t3, t3, 0x67f
x28 <- 0xFFFFAAB0303BFE7F

mem[X,0x0000000080000268] -> 0x1E13
mem[X,0x000000008000026A] -> 0x00AE
[159] [M]: 0x0000000080000268 (0x00AE1E13) slli t3, t3, 0xa
x28 <- 0xFEAAC0C0EFF9FC00

mem[X,0x000000008000026C] -> 0x0E13
mem[X,0x000000008000026E] -> 0x2FDE
[160] [M]: 0x000000008000026C (0x2FDE0E13) addi t3, t3, 0x2fd
x28 <- 0xFEAAC0C0EFF9FEFD

mem[X,0x0000000080000270] -> 0x083B
mem[X,0x0000000080000272] -> 0xCDCE
[161] [M]: 0x0000000080000270 (0xCDCE083B) pdif.b a6, t3, t3
x16 <- 0x0000000000000000

mem[X,0x0000000080000274] -> 0xB823
mem[X,0x0000000080000276] -> 0x0102
[162] [M]: 0x0000000080000274 (0x0102B823) sd a6, 0x10(t0)
mem[0x0000000080004128] <- 0x0000000000000000

mem[X,0x0000000080000278] -> 0x4CB7
mem[X,0x000000008000027A] -> 0xBF08
[163] [M]: 0x0000000080000278 (0xBF084CB7) lui s9, -0x40f7c
x25 <- 0xFFFFFFFFBF084000

mem[X,0x000000008000027C] -> 0x8C93
mem[X,0x000000008000027E] -> 0xFF7C
[164] [M]: 0x000000008000027C (0xFF7C8C93) addi s9, s9, -0x9
x25 <- 0xFFFFFFFFBF083FF7

mem[X,0x0000000080000280] -> 0x9C93
mem[X,0x0000000080000282] -> 0x00BC
[165] [M]: 0x0000000080000280 (0x00BC9C93) slli s9, s9, 0xb
x25 <- 0xFFFFFDF841FFB800

mem[X,0x0000000080000284] -> 0x8C93
mem[X,0x0000000080000286] -> 0x407C
[166] [M]: 0x0000000080000284 (0x407C8C93) addi s9, s9, 0x407
x25 <- 0xFFFFFDF841FFBC07

mem[X,0x0000000080000288] -> 0x9C93
mem[X,0x000000008000028A] -> 0x00BC
[167] [M]: 0x0000000080000288 (0x00BC9C93) slli s9, s9, 0xb
x25 <- 0xFFEFC20FFDE03800

mem[X,0x000000008000028C] -> 0x8C93
mem[X,0x000000008000028E] -> 0x5CFC
[168] [M]: 0x000000008000028C (0x5CFC8C93) addi s9, s9, 0x5cf
x25 <- 0xFFEFC20FFDE03DCF

mem[X,0x0000000080000290] -> 0x9C93
mem[X,0x0000000080000292] -> 0x00AC
[169] [M]: 0x0000000080000290 (0x00AC9C93) slli s9, s9, 0xa
x25 <- 0xBF083FF780F73C00

mem[X,0x0000000080000294] -> 0x8C93
mem[X,0x0000000080000296] -> 0x301C
[170] [M]: 0x0000000080000294 (0x301C8C93) addi s9, s9, 0x301
x25 <- 0xBF083FF780F73F01

mem[X,0x0000000080000298] -> 0x0237
mem[X,0x000000008000029A] -> 0x40F0
[171] [M]: 0x0000000080000298 (0x40F00237) lui tp, 0x40f00
x4 <- 0x0000000040F00000

mem[X,0x000000008000029C] -> 0x0213
mem[X,0x000000008000029E] -> 0xE202
[172] [M]: 0x000000008000029C (0xE2020213) addi tp, tp, -0x1e0
x4 <- 0x0000000040EFFE20

mem[X,0x00000000800002A0] -> 0x1213
mem[X,0x00000000800002A2] -> 0x00B2
[173] [M]: 0x00000000800002A0 (0x00B21213) slli tp, tp, 0xb
x4 <- 0x000002077FF10000

mem[X,0x00000000800002A4] -> 0x0213
mem[X,0x00000000800002A6] -> 0x0482
[174] [M]: 0x00000000800002A4 (0x04820213) addi tp, tp, 0x48
x4 <- 0x000002077FF10048

mem[X,0x00000000800002A8] -> 0x1213
mem[X,0x00000000800002AA] -> 0x00B2
[175] [M]: 0x00000000800002A8 (0x00B21213) slli tp, tp, 0xb
x4 <- 0x00103BFF88024000

mem[X,0x00000000800002AC] -> 0x0213
mem[X,0x00000000800002AE] -> 0x1FF2
[176] [M]: 0x00000000800002AC (0x1FF20213) addi tp, tp, 0x1ff
x4 <- 0x00103BFF880241FF

mem[X,0x00000000800002B0] -> 0x1213
mem[X,0x00000000800002B2] -> 0x00A2
[177] [M]: 0x00000000800002B0 (0x00A21213) slli tp, tp, 0xa
x4 <- 0x40EFFE200907FC00

mem[X,0x00000000800002B4] -> 0x0213
mem[X,0x00000000800002B6] -> 0x3062
[178] [M]: 0x00000000800002B4 (0x30620213) addi tp, tp, 0x306
x4 <- 0x40EFFE200907FF06

mem[X,0x00000000800002B8] -> 0x8CBB
mem[X,0x00000000800002BA] -> 0xCC4C
[179] [M]: 0x00000000800002B8 (0xCC4C8CBB) pdif.b s9, s9, tp
x25 <- 0x7F19412977104005

mem[X,0x00000000800002BC] -> 0xBC23
mem[X,0x00000000800002BE] -> 0x0192
[180] [M]: 0x00000000800002BC (0x0192BC23) sd s9, 0x18(t0)
mem[0x0000000080004130] <- 0x7F19412977104005

mem[X,0x00000000800002C0] -> 0x0DB7
mem[X,0x00000000800002C2] -> 0x00BF
[181] [M]: 0x00000000800002C0 (0x00BF0DB7) lui s11, 0xbf0
x27 <- 0x0000000000BF0000

mem[X,0x00000000800002C4] -> 0x8D93
mem[X,0x00000000800002C6] -> 0x3DFD
[182] [M]: 0x00000000800002C4 (0x3DFD8D93) addi s11, s11, 0x3df
x27 <- 0x0000000000BF03DF

mem[X,0x00000000800002C8] -> 0x9D93
mem[X,0x00000000800002CA] -> 0x00BD
[183] [M]: 0x00000000800002C8 (0x00BD9D93) slli s11, s11, 0xb
x27 <- 0x00000005F81EF800

mem[X,0x00000000800002CC] -> 0x8D93
mem[X,0x00000000800002CE] -> 0x6FFD
[184] [M]: 0x00000000800002CC (0x6FFD8D93) addi s11, s11, 0x6ff
x27 <- 0x00000005F81EFEFF

mem[X,0x00000000800002D0] -> 0x9D93
mem[X,0x00000000800002D2] -> 0x00BD
[185] [M]: 0x00000000800002D0 (0x00BD9D93) slli s11, s11, 0xb
x27 <- 0x00002FC0F7F7F800

mem[X,0x00000000800002D4] -> 0x8D93
mem[X,0x00000000800002D6] -> 0x6AFD
[186] [M]: 0x00000000800002D4 (0x6AFD8D93) addi s11, s11, 0x6af
x27 <- 0x00002FC0F7F7FEAF

mem[X,0x00000000800002D8] -> 0x9D93
mem[X,0x00000000800002DA] -> 0x00AD
[187] [M]: 0x00000000800002D8 (0x00AD9D93) slli s11, s11, 0xa
x27 <- 0x00BF03DFDFFABC00

mem[X,0x00000000800002DC] -> 0x8D93
mem[X,0x00000000800002DE] -> 0x37FD
[188] [M]: 0x00000000800002DC (0x37FD8D93) addi s11, s11, 0x37f
x27 <- 0x00BF03DFDFFABF7F

mem[X,0x00000000800002E0] -> 0x1DB7
mem[X,0x00000000800002E2] -> 0xF809
[189] [M]: 0x00000000800002E0 (0xF8091DB7) lui s11, -0x7f6f
x27 <- 0xFFFFFFFFF8091000

mem[X,0x00000000800002E4] -> 0x8D93
mem[X,0x00000000800002E6] -> 0x8F9D
[190] [M]: 0x00000000800002E4 (0x8F9D8D93) addi s11, s11, -0x707
x27 <- 0xFFFFFFFFF80908F9

mem[X,0x00000000800002E8] -> 0x9D93
mem[X,0x00000000800002EA] -> 0x00BD
[191] [M]: 0x00000000800002E8 (0x00BD9D93) slli s11, s11, 0xb
x27 <- 0xFFFFFFC04847C800

mem[X,0x00000000800002EC] -> 0x8D93
mem[X,0x00000000800002EE] -> 0x557D
[192] [M]: 0x00000000800002EC (0x557D8D93) addi s11, s11, 0x557
x27 <- 0xFFFFFFC04847CD57

mem[X,0x00000000800002F0] -> 0x9D93
mem[X,0x00000000800002F2] -> 0x00BD
[193] [M]: 0x00000000800002F0 (0x00BD9D93) slli s11, s11, 0xb
x27 <- 0xFFFE02423E6AB800

mem[X,0x00000000800002F4] -> 0x8D93
mem[X,0x00000000800002F6] -> 0x5BFD
[194] [M]: 0x00000000800002F4 (0x5BFD8D93) addi s11, s11, 0x5bf
x27 <- 0xFFFE02423E6ABDBF

mem[X,0x00000000800002F8] -> 0x9D93
mem[X,0x00000000800002FA] -> 0x00AD
[195] [M]: 0x00000000800002F8 (0x00AD9D93) slli s11, s11, 0xa
x27 <- 0xF80908F9AAF6FC00

mem[X,0x00000000800002FC] -> 0x8D93
mem[X,0x00000000800002FE] -> 0x008D
[196] [M]: 0x00000000800002FC (0x008D8D93) addi s11, s11, 0x8
x27 <- 0xF80908F9AAF6FC08

mem[X,0x0000000080000300] -> 0x8DBB
mem[X,0x0000000080000302] -> 0xCDBD
[197] [M]: 0x0000000080000300 (0xCDBD8DBB) pdif.b s11, s11, s11
x27 <- 0x0000000000000000

mem[X,0x0000000080000304] -> 0xB023
mem[X,0x0000000080000306] -> 0x03B2
[198] [M]: 0x0000000080000304 (0x03B2B023) sd s11, 0x20(t0)
mem[0x0000000080004138] <- 0x0000000000000000

mem[X,0x0000000080000308] -> 0xBD37
mem[X,0x000000008000030A] -> 0x0210
[199] [M]: 0x0000000080000308 (0x0210BD37) lui s10, 0x210b
x26 <- 0x000000000210B000

clint::tick mtime <- 0x0000000000000002
 clint timer pending at mtime 0x0000000000000002
htif::tick 0x0000000000000000
mem[X,0x000000008000030C] -> 0x0D13
mem[X,0x000000008000030E] -> 0xAF8D
[200] [M]: 0x000000008000030C (0xAF8D0D13) addi s10, s10, -0x508
x26 <- 0x000000000210AAF8

mem[X,0x0000000080000310] -> 0x1D13
mem[X,0x0000000080000312] -> 0x00BD
[201] [M]: 0x0000000080000310 (0x00BD1D13) slli s10, s10, 0xb
x26 <- 0x000000108557C000

mem[X,0x0000000080000314] -> 0x0D13
mem[X,0x0000000080000316] -> 0x6F8D
[202] [M]: 0x0000000080000314 (0x6F8D0D13) addi s10, s10, 0x6f8
x26 <- 0x000000108557C6F8

mem[X,0x0000000080000318] -> 0x1D13
mem[X,0x000000008000031A] -> 0x00BD
[203] [M]: 0x0000000080000318 (0x00BD1D13) slli s10, s10, 0xb
x26 <- 0x0000842ABE37C000

mem[X,0x000000008000031C] -> 0x0D13
mem[X,0x000000008000031E] -> 0x23DD
[204] [M]: 0x000000008000031C (0x23DD0D13) addi s10, s10, 0x23d
x26 <- 0x0000842ABE37C23D

mem[X,0x0000000080000320] -> 0x1D13
mem[X,0x0000000080000322] -> 0x00AD
[205] [M]: 0x0000000080000320 (0x00AD1D13) slli s10, s10, 0xa
x26 <- 0x0210AAF8DF08F400

mem[X,0x0000000080000324] -> 0x0D13
mem[X,0x0000000080000326] -> 0x302D
[206] [M]: 0x0000000080000324 (0x302D0D13) addi s10, s10, 0x302
x26 <- 0x0210AAF8DF08F702

mem[X,0x0000000080000328] -> 0xEEB7
mem[X,0x000000008000032A] -> 0xFA55
[207] [M]: 0x0000000080000328 (0xFA55EEB7) lui t4, -0x5aa2
x29 <- 0xFFFFFFFFFA55E000

mem[X,0x000000008000032C] -> 0x8E93
mem[X,0x000000008000032E] -> 0xF7FE
[208] [M]: 0x000000008000032C (0xF7FE8E93) addi t4, t4, -0x81
x29 <- 0xFFFFFFFFFA55DF7F

mem[X,0x0000000080000330] -> 0x9E93
mem[X,0x0000000080000332] -> 0x00BE
[209] [M]: 0x0000000080000330 (0x00BE9E93) slli t4, t4, 0xb
x29 <- 0xFFFFFFD2AEFBF800

mem[X,0x0000000080000334] -> 0x8E93
mem[X,0x0000000080000336] -> 0x7B8E
[210] [M]: 0x0000000080000334 (0x7B8E8E93) addi t4, t4, 0x7b8
x29 <- 0xFFFFFFD2AEFBFFB8

mem[X,0x0000000080000338] -> 0x9E93
mem[X,0x000000008000033A] -> 0x00BE
[211] [M]: 0x0000000080000338 (0x00BE9E93) slli t4, t4, 0xb
x29 <- 0xFFFE9577DFFDC000

mem[X,0x000000008000033C] -> 0x8E93
mem[X,0x000000008000033E] -> 0x17FE
[212] [M]: 0x000000008000033C (0x17FE8E93) addi t4, t4, 0x17f
x29 <- 0xFFFE9577DFFDC17F

mem[X,0x0000000080000340] -> 0x9E93
mem[X,0x0000000080000342] -> 0x00AE
[213] [M]: 0x0000000080000340 (0x00AE9E93) slli t4, t4, 0xa
x29 <- 0xFA55DF7FF705FC00

mem[X,0x0000000080000344] -> 0x8E93
mem[X,0x0000000080000346] -> 0x3F9E
[214] [M]: 0x0000000080000344 (0x3F9E8E93) addi t4, t4, 0x3f9
x29 <- 0xFA55DF7FF705FFF9

mem[X,0x0000000080000348] -> 0x09BB
mem[X,0x000000008000034A] -> 0xCDDD
[215] [M]: 0x0000000080000348 (0xCDDD09BB) pdif.b s3, s10, t4
x19 <- 0x0845357918030809

mem[X,0x000000008000034C] -> 0xB423
mem[X,0x000000008000034E] -> 0x0332
[216] [M]: 0x000000008000034C (0x0332B423) sd s3, 0x28(t0)
mem[0x0000000080004140] <- 0x0845357918030809

mem[X,0x0000000080000350] -> 0x0C37
mem[X,0x0000000080000352] -> 0xFCFA
[217] [M]: 0x0000000080000350 (0xFCFA0C37) lui s8, -0x3060
x24 <- 0xFFFFFFFFFCFA0000

mem[X,0x0000000080000354] -> 0x0C13
mem[X,0x0000000080000356] -> 0x0FAC
[218] [M]: 0x0000000080000354 (0x0FAC0C13) addi s8, s8, 0xfa
x24 <- 0xFFFFFFFFFCFA00FA

mem[X,0x0000000080000358] -> 0x1C13
mem[X,0x000000008000035A] -> 0x00BC
[219] [M]: 0x0000000080000358 (0x00BC1C13) slli s8, s8, 0xb
x24 <- 0xFFFFFFE7D007D000

mem[X,0x000000008000035C] -> 0x0C13
mem[X,0x000000008000035E] -> 0x7EFC
[220] [M]: 0x000000008000035C (0x7EFC0C13) addi s8, s8, 0x7ef
x24 <- 0xFFFFFFE7D007D7EF

mem[X,0x0000000080000360] -> 0x1C13
mem[X,0x0000000080000362] -> 0x00BC
[221] [M]: 0x0000000080000360 (0x00BC1C13) slli s8, s8, 0xb
x24 <- 0xFFFF3E803EBF7800

mem[X,0x0000000080000364] -> 0x0C13
mem[X,0x0000000080000366] -> 0x742C
[222] [M]: 0x0000000080000364 (0x742C0C13) addi s8, s8, 0x742
x24 <- 0xFFFF3E803EBF7F42

mem[X,0x0000000080000368] -> 0x1C13
mem[X,0x000000008000036A] -> 0x00AC
[223] [M]: 0x0000000080000368 (0x00AC1C13) slli s8, s8, 0xa
x24 <- 0xFCFA00FAFDFD0800

mem[X,0x000000008000036C] -> 0x0C13
mem[X,0x000000008000036E] -> 0x104C
[224] [M]: 0x000000008000036C (0x104C0C13) addi s8, s8, 0x104
x24 <- 0xFCFA00FAFDFD0904

mem[X,0x0000000080000370] -> 0x0F37
mem[X,0x0000000080000372] -> 0xFCAB
[225] [M]: 0x0000000080000370 (0xFCAB0F37) lui t5, -0x3550
x30 <- 0xFFFFFFFFFCAB0000

mem[X,0x0000000080000374] -> 0x0F13
mem[X,0x0000000080000376] -> 0xF55F
[226] [M]: 0x0000000080000374 (0xF55F0F13) addi t5, t5, -0xab
x30 <- 0xFFFFFFFFFCAAFF55

mem[X,0x0000000080000378] -> 0x1F13
mem[X,0x000000008000037A] -> 0x00BF
[227] [M]: 0x0000000080000378 (0x00BF1F13) slli t5, t5, 0xb
x30 <- 0xFFFFFFE557FAA800

mem[X,0x000000008000037C] -> 0x0F13
mem[X,0x000000008000037E] -> 0x7B8F
[228] [M]: 0x000000008000037C (0x7B8F0F13) addi t5, t5, 0x7b8
x30 <- 0xFFFFFFE557FAAFB8

mem[X,0x0000000080000380] -> 0x1F13
mem[X,0x0000000080000382] -> 0x00BF
[229] [M]: 0x0000000080000380 (0x00BF1F13) slli t5, t5, 0xb
x30 <- 0xFFFF2ABFD57DC000

mem[X,0x0000000080000384] -> 0x0F13
mem[X,0x0000000080000386] -> 0x14FF
[230] [M]: 0x0000000080000384 (0x14FF0F13) addi t5, t5, 0x14f
x30 <- 0xFFFF2ABFD57DC14F

mem[X,0x0000000080000388] -> 0x1F13
mem[X,0x000000008000038A] -> 0x00AF
[231] [M]: 0x0000000080000388 (0x00AF1F13) slli t5, t5, 0xa
x30 <- 0xFCAAFF55F7053C00

mem[X,0x000000008000038C] -> 0x0F13
mem[X,0x000000008000038E] -> 0x320F
[232] [M]: 0x000000008000038C (0x320F0F13) addi t5, t5, 0x320
x30 <- 0xFCAAFF55F7053F20

mem[X,0x0000000080000390] -> 0x023B
mem[X,0x0000000080000392] -> 0xCDEC
[233] [M]: 0x0000000080000390 (0xCDEC023B) pdif.b tp, s8, t5
x4 <- 0x0050015B0608361C

mem[X,0x0000000080000394] -> 0xB823
mem[X,0x0000000080000396] -> 0x0242
[234] [M]: 0x0000000080000394 (0x0242B823) sd tp, 0x30(t0)
mem[0x0000000080004148] <- 0x0050015B0608361C

mem[X,0x0000000080000398] -> 0x00B7
mem[X,0x000000008000039A] -> 0x0911
[235] [M]: 0x0000000080000398 (0x091100B7) lui ra, 0x9110
x1 <- 0x0000000009110000

mem[X,0x000000008000039C] -> 0x8093
mem[X,0x000000008000039E] -> 0xC020
[236] [M]: 0x000000008000039C (0xC0208093) addi ra, ra, -0x3fe
x1 <- 0x000000000910FC02

mem[X,0x00000000800003A0] -> 0x9093
mem[X,0x00000000800003A2] -> 0x00B0
[237] [M]: 0x00000000800003A0 (0x00B09093) slli ra, ra, 0xb
x1 <- 0x0000004887E01000

mem[X,0x00000000800003A4] -> 0x8093
mem[X,0x00000000800003A6] -> 0x6F90
[238] [M]: 0x00000000800003A4 (0x6F908093) addi ra, ra, 0x6f9
x1 <- 0x0000004887E016F9

mem[X,0x00000000800003A8] -> 0x9093
mem[X,0x00000000800003AA] -> 0x00B0
[239] [M]: 0x00000000800003A8 (0x00B09093) slli ra, ra, 0xb
x1 <- 0x0002443F00B7C800

mem[X,0x00000000800003AC] -> 0x8093
mem[X,0x00000000800003AE] -> 0x7C10
[240] [M]: 0x00000000800003AC (0x7C108093) addi ra, ra, 0x7c1
x1 <- 0x0002443F00B7CFC1

mem[X,0x00000000800003B0] -> 0x9093
mem[X,0x00000000800003B2] -> 0x00A0
[241] [M]: 0x00000000800003B0 (0x00A09093) slli ra, ra, 0xa
x1 <- 0x0910FC02DF3F0400

mem[X,0x00000000800003B4] -> 0x8093
mem[X,0x00000000800003B6] -> 0x1080
[242] [M]: 0x00000000800003B4 (0x10808093) addi ra, ra, 0x108
x1 <- 0x0910FC02DF3F0508

mem[X,0x00000000800003B8] -> 0x0037
mem[X,0x00000000800003BA] -> 0xEF55
[243] [M]: 0x00000000800003B8 (0xEF550037) lui zero, -0x10ab0

mem[X,0x00000000800003BC] -> 0x0013
mem[X,0x00000000800003BE] -> 0x37F0
[244] [M]: 0x00000000800003BC (0x37F00013) addi zero, zero, 0x37f

mem[X,0x00000000800003C0] -> 0x1013
mem[X,0x00000000800003C2] -> 0x00B0
[245] [M]: 0x00000000800003C0 (0x00B01013) slli zero, zero, 0xb

mem[X,0x00000000800003C4] -> 0x0013
mem[X,0x00000000800003C6] -> 0x0400
[246] [M]: 0x00000000800003C4 (0x04000013) addi zero, zero, 0x40

mem[X,0x00000000800003C8] -> 0x1013
mem[X,0x00000000800003CA] -> 0x00B0
[247] [M]: 0x00000000800003C8 (0x00B01013) slli zero, zero, 0xb

mem[X,0x00000000800003CC] -> 0x0013
mem[X,0x00000000800003CE] -> 0x03F0
[248] [M]: 0x00000000800003CC (0x03F00013) addi zero, zero, 0x3f

mem[X,0x00000000800003D0] -> 0x1013
mem[X,0x00000000800003D2] -> 0x00A0
[249] [M]: 0x00000000800003D0 (0x00A01013) slli zero, zero, 0xa

mem[X,0x00000000800003D4] -> 0x0013
mem[X,0x00000000800003D6] -> 0x1040
[250] [M]: 0x00000000800003D4 (0x10400013) addi zero, zero, 0x104

mem[X,0x00000000800003D8] -> 0x8F3B
mem[X,0x00000000800003DA] -> 0xCC00
[251] [M]: 0x00000000800003D8 (0xCC008F3B) pdif.b t5, ra, zero
x30 <- 0x09100402213F0508

mem[X,0x00000000800003DC] -> 0xBC23
mem[X,0x00000000800003DE] -> 0x03E2
[252] [M]: 0x00000000800003DC (0x03E2BC23) sd t5, 0x38(t0)
mem[0x0000000080004150] <- 0x09100402213F0508

mem[X,0x00000000800003E0] -> 0x2937
mem[X,0x00000000800003E2] -> 0xDF10
[253] [M]: 0x00000000800003E0 (0xDF102937) lui s2, -0x20efe
x18 <- 0xFFFFFFFFDF102000

mem[X,0x00000000800003E4] -> 0x0913
mem[X,0x00000000800003E6] -> 0x0049
[254] [M]: 0x00000000800003E4 (0x00490913) addi s2, s2, 0x4
x18 <- 0xFFFFFFFFDF102004

mem[X,0x00000000800003E8] -> 0x1913
mem[X,0x00000000800003EA] -> 0x00B9
[255] [M]: 0x00000000800003E8 (0x00B91913) slli s2, s2, 0xb
x18 <- 0xFFFFFEF881002000

mem[X,0x00000000800003EC] -> 0x0913
mem[X,0x00000000800003EE] -> 0x00F9
[256] [M]: 0x00000000800003EC (0x00F90913) addi s2, s2, 0xf
x18 <- 0xFFFFFEF88100200F

mem[X,0x00000000800003F0] -> 0x1913
mem[X,0x00000000800003F2] -> 0x00B9
[257] [M]: 0x00000000800003F0 (0x00B91913) slli s2, s2, 0xb
x18 <- 0xFFF7C40801007800

mem[X,0x00000000800003F4] -> 0x0913
mem[X,0x00000000800003F6] -> 0x7379
[258] [M]: 0x00000000800003F4 (0x73790913) addi s2, s2, 0x737
x18 <- 0xFFF7C40801007F37

mem[X,0x00000000800003F8] -> 0x1913
mem[X,0x00000000800003FA] -> 0x00A9
[259] [M]: 0x00000000800003F8 (0x00A91913) slli s2, s2, 0xa
x18 <- 0xDF10200401FCDC00

mem[X,0x00000000800003FC] -> 0x0913
mem[X,0x00000000800003FE] -> 0x3109
[260] [M]: 0x00000000800003FC (0x31090913) addi s2, s2, 0x310
x18 <- 0xDF10200401FCDF10

mem[X,0x0000000080000400] -> 0xF1B7
mem[X,0x0000000080000402] -> 0x4007
[261] [M]: 0x0000000080000400 (0x4007F1B7) lui gp, 0x4007f
x3 <- 0x000000004007F000

mem[X,0x0000000080000404] -> 0x8193
mem[X,0x0000000080000406] -> 0x6FA1
[262] [M]: 0x0000000080000404 (0x6FA18193) addi gp, gp, 0x6fa
x3 <- 0x000000004007F6FA

mem[X,0x0000000080000408] -> 0x9193
mem[X,0x000000008000040A] -> 0x00B1
[263] [M]: 0x0000000080000408 (0x00B19193) slli gp, gp, 0xb
x3 <- 0x000002003FB7D000

mem[X,0x000000008000040C] -> 0x8193
mem[X,0x000000008000040E] -> 0x0371
[264] [M]: 0x000000008000040C (0x03718193) addi gp, gp, 0x37
x3 <- 0x000002003FB7D037

mem[X,0x0000000080000410] -> 0x9193
mem[X,0x0000000080000412] -> 0x00B1
[265] [M]: 0x0000000080000410 (0x00B19193) slli gp, gp, 0xb
x3 <- 0x001001FDBE81B800

mem[X,0x0000000080000414] -> 0x8193
mem[X,0x0000000080000416] -> 0x6371
[266] [M]: 0x0000000080000414 (0x63718193) addi gp, gp, 0x637
x3 <- 0x001001FDBE81BE37

mem[X,0x0000000080000418] -> 0x9193
mem[X,0x000000008000041A] -> 0x00A1
[267] [M]: 0x0000000080000418 (0x00A19193) slli gp, gp, 0xa
x3 <- 0x4007F6FA06F8DC00

mem[X,0x000000008000041C] -> 0x8193
mem[X,0x000000008000041E] -> 0x3031
[268] [M]: 0x000000008000041C (0x30318193) addi gp, gp, 0x303
x3 <- 0x4007F6FA06F8DF03

mem[X,0x0000000080000420] -> 0x07BB
mem[X,0x0000000080000422] -> 0xCC39
[269] [M]: 0x0000000080000420 (0xCC3907BB) pdif.b a5, s2, gp
x15 <- 0x61092A0A0504000D

mem[X,0x0000000080000424] -> 0xB023
mem[X,0x0000000080000426] -> 0x04F2
[270] [M]: 0x0000000080000424 (0x04F2B023) sd a5, 0x40(t0)
mem[0x0000000080004158] <- 0x61092A0A0504000D

mem[X,0x0000000080000428] -> 0x0437
mem[X,0x000000008000042A] -> 0xDF03
[271] [M]: 0x0000000080000428 (0xDF030437) lui fp, -0x20fd0
x8 <- 0xFFFFFFFFDF030000

mem[X,0x000000008000042C] -> 0x0413
mem[X,0x000000008000042E] -> 0x4F94
[272] [M]: 0x000000008000042C (0x4F940413) addi fp, fp, 0x4f9
x8 <- 0xFFFFFFFFDF0304F9

mem[X,0x0000000080000430] -> 0x1413
mem[X,0x0000000080000432] -> 0x00B4
[273] [M]: 0x0000000080000430 (0x00B41413) slli fp, fp, 0xb
x8 <- 0xFFFFFEF81827C800

mem[X,0x0000000080000434] -> 0x0413
mem[X,0x0000000080000436] -> 0x7B14
[274] [M]: 0x0000000080000434 (0x7B140413) addi fp, fp, 0x7b1
x8 <- 0xFFFFFEF81827CFB1

mem[X,0x0000000080000438] -> 0x1413
mem[X,0x000000008000043A] -> 0x00B4
[275] [M]: 0x0000000080000438 (0x00B41413) slli fp, fp, 0xb
x8 <- 0xFFF7C0C13E7D8800

mem[X,0x000000008000043C] -> 0x0413
mem[X,0x000000008000043E] -> 0x7FF4
[276] [M]: 0x000000008000043C (0x7FF40413) addi fp, fp, 0x7ff
x8 <- 0xFFF7C0C13E7D8FFF

mem[X,0x0000000080000440] -> 0x1413
mem[X,0x0000000080000442] -> 0x00A4
[277] [M]: 0x0000000080000440 (0x00A41413) slli fp, fp, 0xa
x8 <- 0xDF0304F9F63FFC00

mem[X,0x0000000080000444] -> 0x0413
mem[X,0x0000000080000446] -> 0x3204
[278] [M]: 0x0000000080000444 (0x32040413) addi fp, fp, 0x320
x8 <- 0xDF0304F9F63FFF20

mem[X,0x0000000080000448] -> 0x0637
mem[X,0x000000008000044A] -> 0xAA3F
[279] [M]: 0x0000000080000448 (0xAA3F0637) lui a2, -0x55c10
x12 <- 0xFFFFFFFFAA3F0000

mem[X,0x000000008000044C] -> 0x0613
mem[X,0x000000008000044E] -> 0x0066
[280] [M]: 0x000000008000044C (0x00660613) addi a2, a2, 0x6
x12 <- 0xFFFFFFFFAA3F0006

mem[X,0x0000000080000450] -> 0x1613
mem[X,0x0000000080000452] -> 0x00B6
[281] [M]: 0x0000000080000450 (0x00B61613) slli a2, a2, 0xb
x12 <- 0xFFFFFD51F8003000

mem[X,0x0000000080000454] -> 0x0613
mem[X,0x0000000080000456] -> 0x1076
[282] [M]: 0x0000000080000454 (0x10760613) addi a2, a2, 0x107
x12 <- 0xFFFFFD51F8003107

mem[X,0x0000000080000458] -> 0x1613
mem[X,0x000000008000045A] -> 0x00B6
[283] [M]: 0x0000000080000458 (0x00B61613) slli a2, a2, 0xb
x12 <- 0xFFEA8FC001883800

mem[X,0x000000008000045C] -> 0x0613
mem[X,0x000000008000045E] -> 0x7AA6
[284] [M]: 0x000000008000045C (0x7AA60613) addi a2, a2, 0x7aa
x12 <- 0xFFEA8FC001883FAA

mem[X,0x0000000080000460] -> 0x1613
mem[X,0x0000000080000462] -> 0x00A6
[285] [M]: 0x0000000080000460 (0x00A61613) slli a2, a2, 0xa
x12 <- 0xAA3F000620FEA800

mem[X,0x0000000080000464] -> 0x0613
mem[X,0x0000000080000466] -> 0x2FB6
[286] [M]: 0x0000000080000464 (0x2FB60613) addi a2, a2, 0x2fb
x12 <- 0xAA3F000620FEAAFB

mem[X,0x0000000080000468] -> 0x0ABB
mem[X,0x000000008000046A] -> 0xCCC4
[287] [M]: 0x0000000080000468 (0xCCC40ABB) pdif.b s5, fp, a2
x21 <- 0x353C040D2A415525

mem[X,0x000000008000046C] -> 0xB423
mem[X,0x000000008000046E] -> 0x0552
[288] [M]: 0x000000008000046C (0x0552B423) sd s5, 0x48(t0)
mem[0x0000000080004160] <- 0x353C040D2A415525

mem[X,0x0000000080000470] -> 0x04B7
mem[X,0x0000000080000472] -> 0x0209
[289] [M]: 0x0000000080000470 (0x020904B7) lui s1, 0x2090
x9 <- 0x0000000002090000

mem[X,0x0000000080000474] -> 0x8493
mem[X,0x0000000080000476] -> 0x0034
[290] [M]: 0x0000000080000474 (0x00348493) addi s1, s1, 0x3
x9 <- 0x0000000002090003

mem[X,0x0000000080000478] -> 0x9493
mem[X,0x000000008000047A] -> 0x00B4
[291] [M]: 0x0000000080000478 (0x00B49493) slli s1, s1, 0xb
x9 <- 0x0000001048001800

mem[X,0x000000008000047C] -> 0x8493
mem[X,0x000000008000047E] -> 0x7BF4
[292] [M]: 0x000000008000047C (0x7BF48493) addi s1, s1, 0x7bf
x9 <- 0x0000001048001FBF

mem[X,0x0000000080000480] -> 0x9493
mem[X,0x0000000080000482] -> 0x00B4
[293] [M]: 0x0000000080000480 (0x00B49493) slli s1, s1, 0xb
x9 <- 0x0000824000FDF800

mem[X,0x0000000080000484] -> 0x8493
mem[X,0x0000000080000486] -> 0x7154
[294] [M]: 0x0000000080000484 (0x71548493) addi s1, s1, 0x715
x9 <- 0x0000824000FDFF15

mem[X,0x0000000080000488] -> 0x9493
mem[X,0x000000008000048A] -> 0x00A4
[295] [M]: 0x0000000080000488 (0x00A49493) slli s1, s1, 0xa
x9 <- 0x02090003F7FC5400

mem[X,0x000000008000048C] -> 0x8493
mem[X,0x000000008000048E] -> 0x1404
[296] [M]: 0x000000008000048C (0x14048493) addi s1, s1, 0x140
x9 <- 0x02090003F7FC5540

mem[X,0x0000000080000490] -> 0x0737
mem[X,0x0000000080000492] -> 0xDFC0
[297] [M]: 0x0000000080000490 (0xDFC00737) lui a4, -0x20400
x14 <- 0xFFFFFFFFDFC00000

mem[X,0x0000000080000494] -> 0x0713
mem[X,0x0000000080000496] -> 0x23F7
[298] [M]: 0x0000000080000494 (0x23F70713) addi a4, a4, 0x23f
x14 <- 0xFFFFFFFFDFC0023F

mem[X,0x0000000080000498] -> 0x1713
mem[X,0x000000008000049A] -> 0x00B7
[299] [M]: 0x0000000080000498 (0x00B71713) slli a4, a4, 0xb
x14 <- 0xFFFFFEFE0011F800

clint::tick mtime <- 0x0000000000000003
 clint timer pending at mtime 0x0000000000000003
htif::tick 0x0000000000000000
mem[X,0x000000008000049C] -> 0x0713
mem[X,0x000000008000049E] -> 0x6F87
[300] [M]: 0x000000008000049C (0x6F870713) addi a4, a4, 0x6f8
x14 <- 0xFFFFFEFE0011FEF8

mem[X,0x00000000800004A0] -> 0x1713
mem[X,0x00000000800004A2] -> 0x00B7
[301] [M]: 0x00000000800004A0 (0x00B71713) slli a4, a4, 0xb
x14 <- 0xFFF7F0008FF7C000

mem[X,0x00000000800004A4] -> 0x0713
mem[X,0x00000000800004A6] -> 0x1907
[302] [M]: 0x00000000800004A4 (0x19070713) addi a4, a4, 0x190
x14 <- 0xFFF7F0008FF7C190

mem[X,0x00000000800004A8] -> 0x1713
mem[X,0x00000000800004AA] -> 0x00A7
[303] [M]: 0x00000000800004A8 (0x00A71713) slli a4, a4, 0xa
x14 <- 0xDFC0023FDF064000

mem[X,0x00000000800004AC] -> 0x0713
mem[X,0x00000000800004AE] -> 0x0077
[304] [M]: 0x00000000800004AC (0x00770713) addi a4, a4, 0x7
x14 <- 0xDFC0023FDF064007

mem[X,0x00000000800004B0] -> 0x8E3B
mem[X,0x00000000800004B2] -> 0xCCE4
[305] [M]: 0x00000000800004B0 (0xCCE48E3B) pdif.b t3, s1, a4
x28 <- 0x2349023C180A1539

mem[X,0x00000000800004B4] -> 0xB823
mem[X,0x00000000800004B6] -> 0x05C2
[306] [M]: 0x00000000800004B4 (0x05C2B823) sd t3, 0x50(t0)
mem[0x0000000080004168] <- 0x2349023C180A1539

mem[X,0x00000000800004B8] -> 0xC5B7
mem[X,0x00000000800004BA] -> 0x80DF
[307] [M]: 0x00000000800004B8 (0x80DFC5B7) lui a1, -0x7f204
x11 <- 0xFFFFFFFF80DFC000

mem[X,0x00000000800004BC] -> 0x8593
mem[X,0x00000000800004BE] -> 0xFAA5
[308] [M]: 0x00000000800004BC (0xFAA58593) addi a1, a1, -0x56
x11 <- 0xFFFFFFFF80DFBFAA

mem[X,0x00000000800004C0] -> 0x9593
mem[X,0x00000000800004C2] -> 0x00B5
[309] [M]: 0x00000000800004C0 (0x00B59593) slli a1, a1, 0xb
x11 <- 0xFFFFFC06FDFD5000

mem[X,0x00000000800004C4] -> 0x8593
mem[X,0x00000000800004C6] -> 0x77F5
[310] [M]: 0x00000000800004C4 (0x77F58593) addi a1, a1, 0x77f
x11 <- 0xFFFFFC06FDFD577F

mem[X,0x00000000800004C8] -> 0x9593
mem[X,0x00000000800004CA] -> 0x00B5
[311] [M]: 0x00000000800004C8 (0x00B59593) slli a1, a1, 0xb
x11 <- 0xFFE037EFEABBF800

mem[X,0x00000000800004CC] -> 0x8593
mem[X,0x00000000800004CE] -> 0x5885
[312] [M]: 0x00000000800004CC (0x58858593) addi a1, a1, 0x588
x11 <- 0xFFE037EFEABBFD88

mem[X,0x00000000800004D0] -> 0x9593
mem[X,0x00000000800004D2] -> 0x00A5
[313] [M]: 0x00000000800004D0 (0x00A59593) slli a1, a1, 0xa
x11 <- 0x80DFBFAAEFF62000

mem[X,0x00000000800004D4] -> 0x8593
mem[X,0x00000000800004D6] -> 0x0FE5
[314] [M]: 0x00000000800004D4 (0x0FE58593) addi a1, a1, 0xfe
x11 <- 0x80DFBFAAEFF620FE

mem[X,0x00000000800004D8] -> 0x0537
mem[X,0x00000000800004DA] -> 0x0700
[315] [M]: 0x00000000800004D8 (0x07000537) lui a0, 0x7000
x10 <- 0x0000000007000000

mem[X,0x00000000800004DC] -> 0x0513
mem[X,0x00000000800004DE] -> 0x8015
[316] [M]: 0x00000000800004DC (0x80150513) addi a0, a0, -0x7ff
x10 <- 0x0000000006FFF801

mem[X,0x00000000800004E0] -> 0x1513
mem[X,0x00000000800004E2] -> 0x00B5
[317] [M]: 0x00000000800004E0 (0x00B51513) slli a0, a0, 0xb
x10 <- 0x00000037FFC00800

mem[X,0x00000000800004E4] -> 0x0513
mem[X,0x00000000800004E6] -> 0x02F5
[318] [M]: 0x00000000800004E4 (0x02F50513) addi a0, a0, 0x2f
x10 <- 0x00000037FFC0082F

mem[X,0x00000000800004E8] -> 0x1513
mem[X,0x00000000800004EA] -> 0x00B5
[319] [M]: 0x00000000800004E8 (0x00B51513) slli a0, a0, 0xb
x10 <- 0x0001BFFE00417800

mem[X,0x00000000800004EC] -> 0x0513
mem[X,0x00000000800004EE] -> 0x3C15
[320] [M]: 0x00000000800004EC (0x3C150513) addi a0, a0, 0x3c1
x10 <- 0x0001BFFE00417BC1

mem[X,0x00000000800004F0] -> 0x1513
mem[X,0x00000000800004F2] -> 0x00A5
[321] [M]: 0x00000000800004F0 (0x00A51513) slli a0, a0, 0xa
x10 <- 0x06FFF80105EF0400

mem[X,0x00000000800004F4] -> 0x0513
mem[X,0x00000000800004F6] -> 0x3015
[322] [M]: 0x00000000800004F4 (0x30150513) addi a0, a0, 0x301
x10 <- 0x06FFF80105EF0701

mem[X,0x00000000800004F8] -> 0x813B
mem[X,0x00000000800004FA] -> 0xCCA5
[323] [M]: 0x00000000800004F8 (0xCCA5813B) pdif.b sp, a1, a0
x2 <- 0x7A20395716071903

mem[X,0x00000000800004FC] -> 0xBC23
mem[X,0x00000000800004FE] -> 0x0422
[324] [M]: 0x00000000800004FC (0x0422BC23) sd sp, 0x58(t0)
mem[0x0000000080004170] <- 0x7A20395716071903

mem[X,0x0000000080000500] -> 0x0537
mem[X,0x0000000080000502] -> 0x7F02
[325] [M]: 0x0000000080000500 (0x7F020537) lui a0, 0x7f020
x10 <- 0x000000007F020000

mem[X,0x0000000080000504] -> 0x0513
mem[X,0x0000000080000506] -> 0x9AA5
[326] [M]: 0x0000000080000504 (0x9AA50513) addi a0, a0, -0x656
x10 <- 0x000000007F01F9AA

mem[X,0x0000000080000508] -> 0x1513
mem[X,0x000000008000050A] -> 0x00B5
[327] [M]: 0x0000000080000508 (0x00B51513) slli a0, a0, 0xb
x10 <- 0x000003F80FCD5000

mem[X,0x000000008000050C] -> 0x0513
mem[X,0x000000008000050E] -> 0x7C85
[328] [M]: 0x000000008000050C (0x7C850513) addi a0, a0, 0x7c8
x10 <- 0x000003F80FCD57C8

mem[X,0x0000000080000510] -> 0x1513
mem[X,0x0000000080000512] -> 0x00B5
[329] [M]: 0x0000000080000510 (0x00B51513) slli a0, a0, 0xb
x10 <- 0x001FC07E6ABE4000

mem[X,0x0000000080000514] -> 0x0513
mem[X,0x0000000080000516] -> 0x0F75
[330] [M]: 0x0000000080000514 (0x0F750513) addi a0, a0, 0xf7
x10 <- 0x001FC07E6ABE40F7

mem[X,0x0000000080000518] -> 0x1513
mem[X,0x000000008000051A] -> 0x00A5
[331] [M]: 0x0000000080000518 (0x00A51513) slli a0, a0, 0xa
x10 <- 0x7F01F9AAF903DC00

mem[X,0x000000008000051C] -> 0x0513
mem[X,0x000000008000051E] -> 0x3FD5
[332] [M]: 0x000000008000051C (0x3FD50513) addi a0, a0, 0x3fd
x10 <- 0x7F01F9AAF903DFFD

mem[X,0x0000000080000520] -> 0x4C37
mem[X,0x0000000080000522] -> 0xFD06
[333] [M]: 0x0000000080000520 (0xFD064C37) lui s8, -0x2f9c
x24 <- 0xFFFFFFFFFD064000

mem[X,0x0000000080000524] -> 0x0C13
mem[X,0x0000000080000526] -> 0xF07C
[334] [M]: 0x0000000080000524 (0xF07C0C13) addi s8, s8, -0xf9
x24 <- 0xFFFFFFFFFD063F07

mem[X,0x0000000080000528] -> 0x1C13
mem[X,0x000000008000052A] -> 0x00BC
[335] [M]: 0x0000000080000528 (0x00BC1C13) slli s8, s8, 0xb
x24 <- 0xFFFFFFE831F83800

mem[X,0x000000008000052C] -> 0x0C13
mem[X,0x000000008000052E] -> 0x3F8C
[336] [M]: 0x000000008000052C (0x3F8C0C13) addi s8, s8, 0x3f8
x24 <- 0xFFFFFFE831F83BF8

mem[X,0x0000000080000530] -> 0x1C13
mem[X,0x0000000080000532] -> 0x00BC
[337] [M]: 0x0000000080000530 (0x00BC1C13) slli s8, s8, 0xb
x24 <- 0xFFFF418FC1DFC000

mem[X,0x0000000080000534] -> 0x0C13
mem[X,0x0000000080000536] -> 0x1BEC
[338] [M]: 0x0000000080000534 (0x1BEC0C13) addi s8, s8, 0x1be
x24 <- 0xFFFF418FC1DFC1BE

mem[X,0x0000000080000538] -> 0x1C13
mem[X,0x000000008000053A] -> 0x00AC
[339] [M]: 0x0000000080000538 (0x00AC1C13) slli s8, s8, 0xa
x24 <- 0xFD063F077F06F800

mem[X,0x000000008000053C] -> 0x0C13
mem[X,0x000000008000053E] -> 0x306C
[340] [M]: 0x000000008000053C (0x306C0C13) addi s8, s8, 0x306
x24 <- 0xFD063F077F06FB06

mem[X,0x0000000080000540] -> 0x06BB
mem[X,0x0000000080000542] -> 0xCD85
[341] [M]: 0x0000000080000540 (0xCD8506BB) pdif.b a3, a0, s8
x13 <- 0x7E05465D7A031C09

mem[X,0x0000000080000544] -> 0xB023
mem[X,0x0000000080000546] -> 0x06D2
[342] [M]: 0x0000000080000544 (0x06D2B023) sd a3, 0x60(t0)
mem[0x0000000080004178] <- 0x7E05465D7A031C09

mem[X,0x0000000080000548] -> 0xC737
mem[X,0x000000008000054A] -> 0x0707
[343] [M]: 0x0000000080000548 (0x0707C737) lui a4, 0x707c
x14 <- 0x000000000707C000

mem[X,0x000000008000054C] -> 0x0713
mem[X,0x000000008000054E] -> 0xF807
[344] [M]: 0x000000008000054C (0xF8070713) addi a4, a4, -0x80
x14 <- 0x000000000707BF80

mem[X,0x0000000080000550] -> 0x1713
mem[X,0x0000000080000552] -> 0x00B7
[345] [M]: 0x0000000080000550 (0x00B71713) slli a4, a4, 0xb
x14 <- 0x000000383DFC0000

mem[X,0x0000000080000554] -> 0x0713
mem[X,0x0000000080000556] -> 0x7E87
[346] [M]: 0x0000000080000554 (0x7E870713) addi a4, a4, 0x7e8
x14 <- 0x000000383DFC07E8

mem[X,0x0000000080000558] -> 0x1713
mem[X,0x000000008000055A] -> 0x00B7
[347] [M]: 0x0000000080000558 (0x00B71713) slli a4, a4, 0xb
x14 <- 0x0001C1EFE03F4000

mem[X,0x000000008000055C] -> 0x0713
mem[X,0x000000008000055E] -> 0x07F7
[348] [M]: 0x000000008000055C (0x07F70713) addi a4, a4, 0x7f
x14 <- 0x0001C1EFE03F407F

mem[X,0x0000000080000560] -> 0x1713
mem[X,0x0000000080000562] -> 0x00A7
[349] [M]: 0x0000000080000560 (0x00A71713) slli a4, a4, 0xa
x14 <- 0x0707BF80FD01FC00

mem[X,0x0000000080000564] -> 0x0713
mem[X,0x0000000080000566] -> 0x3FB7
[350] [M]: 0x0000000080000564 (0x3FB70713) addi a4, a4, 0x3fb
x14 <- 0x0707BF80FD01FFFB

mem[X,0x0000000080000568] -> 0x0837
mem[X,0x000000008000056A] -> 0x2007
[351] [M]: 0x0000000080000568 (0x20070837) lui a6, 0x20070
x16 <- 0x0000000020070000

mem[X,0x000000008000056C] -> 0x0813
mem[X,0x000000008000056E] -> 0x2098
[352] [M]: 0x000000008000056C (0x20980813) addi a6, a6, 0x209
x16 <- 0x0000000020070209

mem[X,0x0000000080000570] -> 0x1813
mem[X,0x0000000080000572] -> 0x00B8
[353] [M]: 0x0000000080000570 (0x00B81813) slli a6, a6, 0xb
x16 <- 0x0000010038104800

mem[X,0x0000000080000574] -> 0x0813
mem[X,0x0000000080000576] -> 0x7E88
[354] [M]: 0x0000000080000574 (0x7E880813) addi a6, a6, 0x7e8
x16 <- 0x0000010038104FE8

mem[X,0x0000000080000578] -> 0x1813
mem[X,0x000000008000057A] -> 0x00B8
[355] [M]: 0x0000000080000578 (0x00B81813) slli a6, a6, 0xb
x16 <- 0x000801C0827F4000

mem[X,0x000000008000057C] -> 0x0813
mem[X,0x000000008000057E] -> 0x0508
[356] [M]: 0x000000008000057C (0x05080813) addi a6, a6, 0x50
x16 <- 0x000801C0827F4050

mem[X,0x0000000080000580] -> 0x1813
mem[X,0x0000000080000582] -> 0x00A8
[357] [M]: 0x0000000080000580 (0x00A81813) slli a6, a6, 0xa
x16 <- 0x20070209FD014000

mem[X,0x0000000080000584] -> 0x0813
mem[X,0x0000000080000586] -> 0x0F78
[358] [M]: 0x0000000080000584 (0x0F780813) addi a6, a6, 0xf7
x16 <- 0x20070209FD0140F7

mem[X,0x0000000080000588] -> 0x033B
mem[X,0x000000008000058A] -> 0xCD07
[359] [M]: 0x0000000080000588 (0xCD07033B) pdif.b t1, a4, a6
x6 <- 0x1900437700004104

mem[X,0x000000008000058C] -> 0xB423
mem[X,0x000000008000058E] -> 0x0662
[360] [M]: 0x000000008000058C (0x0662B423) sd t1, 0x68(t0)
mem[0x0000000080004180] <- 0x1900437700004104

mem[X,0x0000000080000590] -> 0x0AB7
mem[X,0x0000000080000592] -> 0xF6F9
[361] [M]: 0x0000000080000590 (0xF6F90AB7) lui s5, -0x9070
x21 <- 0xFFFFFFFFF6F90000

mem[X,0x0000000080000594] -> 0x8A93
mem[X,0x0000000080000596] -> 0x3FEA
[362] [M]: 0x0000000080000594 (0x3FEA8A93) addi s5, s5, 0x3fe
x21 <- 0xFFFFFFFFF6F903FE

mem[X,0x0000000080000598] -> 0x9A93
mem[X,0x000000008000059A] -> 0x00BA
[363] [M]: 0x0000000080000598 (0x00BA9A93) slli s5, s5, 0xb
x21 <- 0xFFFFFFB7C81FF000

mem[X,0x000000008000059C] -> 0x8A93
mem[X,0x000000008000059E] -> 0x001A
[364] [M]: 0x000000008000059C (0x001A8A93) addi s5, s5, 0x1
x21 <- 0xFFFFFFB7C81FF001

mem[X,0x00000000800005A0] -> 0x9A93
mem[X,0x00000000800005A2] -> 0x00BA
[365] [M]: 0x00000000800005A0 (0x00BA9A93) slli s5, s5, 0xb
x21 <- 0xFFFDBE40FF800800

mem[X,0x00000000800005A4] -> 0x8A93
mem[X,0x00000000800005A6] -> 0x03EA
[366] [M]: 0x00000000800005A4 (0x03EA8A93) addi s5, s5, 0x3e
x21 <- 0xFFFDBE40FF80083E

mem[X,0x00000000800005A8] -> 0x9A93
mem[X,0x00000000800005AA] -> 0x00AA
[367] [M]: 0x00000000800005A8 (0x00AA9A93) slli s5, s5, 0xa
x21 <- 0xF6F903FE0020F800

mem[X,0x00000000800005AC] -> 0x8A93
mem[X,0x00000000800005AE] -> 0x2F7A
[368] [M]: 0x00000000800005AC (0x2F7A8A93) addi s5, s5, 0x2f7
x21 <- 0xF6F903FE0020FAF7

mem[X,0x00000000800005B0] -> 0x07B7
mem[X,0x00000000800005B2] -> 0xFDDF
[369] [M]: 0x00000000800005B0 (0xFDDF07B7) lui a5, -0x2210
x15 <- 0xFFFFFFFFFDDF0000

mem[X,0x00000000800005B4] -> 0x8793
mem[X,0x00000000800005B6] -> 0x3107
[370] [M]: 0x00000000800005B4 (0x31078793) addi a5, a5, 0x310
x15 <- 0xFFFFFFFFFDDF0310

mem[X,0x00000000800005B8] -> 0x9793
mem[X,0x00000000800005BA] -> 0x00B7
[371] [M]: 0x00000000800005B8 (0x00B79793) slli a5, a5, 0xb
x15 <- 0xFFFFFFEEF8188000

mem[X,0x00000000800005BC] -> 0x8793
mem[X,0x00000000800005BE] -> 0x0107
[372] [M]: 0x00000000800005BC (0x01078793) addi a5, a5, 0x10
x15 <- 0xFFFFFFEEF8188010

mem[X,0x00000000800005C0] -> 0x9793
mem[X,0x00000000800005C2] -> 0x00B7
[373] [M]: 0x00000000800005C0 (0x00B79793) slli a5, a5, 0xb
x15 <- 0xFFFF77C0C4008000

mem[X,0x00000000800005C4] -> 0x8793
mem[X,0x00000000800005C6] -> 0x43F7
[374] [M]: 0x00000000800005C4 (0x43F78793) addi a5, a5, 0x43f
x15 <- 0xFFFF77C0C400843F

mem[X,0x00000000800005C8] -> 0x9793
mem[X,0x00000000800005CA] -> 0x00A7
[375] [M]: 0x00000000800005C8 (0x00A79793) slli a5, a5, 0xa
x15 <- 0xFDDF03100210FC00

mem[X,0x00000000800005CC] -> 0x8793
mem[X,0x00000000800005CE] -> 0x1C07
[376] [M]: 0x00000000800005CC (0x1C078793) addi a5, a5, 0x1c0
x15 <- 0xFDDF03100210FDC0

mem[X,0x00000000800005D0] -> 0x8EBB
mem[X,0x00000000800005D2] -> 0xCCFA
[377] [M]: 0x00000000800005D0 (0xCCFA8EBB) pdif.b t4, s5, a5
x29 <- 0x071A001202100337

mem[X,0x00000000800005D4] -> 0xB823
mem[X,0x00000000800005D6] -> 0x07D2
[378] [M]: 0x00000000800005D4 (0x07D2B823) sd t4, 0x70(t0)
mem[0x0000000080004188] <- 0x071A001202100337

mem[X,0x00000000800005D8] -> 0x08B7
mem[X,0x00000000800005DA] -> 0xC0FE
[379] [M]: 0x00000000800005D8 (0xC0FE08B7) lui a7, -0x3f020
x17 <- 0xFFFFFFFFC0FE0000

mem[X,0x00000000800005DC] -> 0x8893
mem[X,0x00000000800005DE] -> 0xCF78
[380] [M]: 0x00000000800005DC (0xCF788893) addi a7, a7, -0x309
x17 <- 0xFFFFFFFFC0FDFCF7

mem[X,0x00000000800005E0] -> 0x9893
mem[X,0x00000000800005E2] -> 0x00B8
[381] [M]: 0x00000000800005E0 (0x00B89893) slli a7, a7, 0xb
x17 <- 0xFFFFFE07EFE7B800

mem[X,0x00000000800005E4] -> 0x8893
mem[X,0x00000000800005E6] -> 0x2008
[382] [M]: 0x00000000800005E4 (0x20088893) addi a7, a7, 0x200
x17 <- 0xFFFFFE07EFE7BA00

mem[X,0x00000000800005E8] -> 0x9893
mem[X,0x00000000800005EA] -> 0x00B8
[383] [M]: 0x00000000800005E8 (0x00B89893) slli a7, a7, 0xb
x17 <- 0xFFF03F7F3DD00000

mem[X,0x00000000800005EC] -> 0x8893
mem[X,0x00000000800005EE] -> 0x1C18
[384] [M]: 0x00000000800005EC (0x1C188893) addi a7, a7, 0x1c1
x17 <- 0xFFF03F7F3DD001C1

mem[X,0x00000000800005F0] -> 0x9893
mem[X,0x00000000800005F2] -> 0x00A8
[385] [M]: 0x00000000800005F0 (0x00A89893) slli a7, a7, 0xa
x17 <- 0xC0FDFCF740070400

mem[X,0x00000000800005F4] -> 0x8893
mem[X,0x00000000800005F6] -> 0x2EF8
[386] [M]: 0x00000000800005F4 (0x2EF88893) addi a7, a7, 0x2ef
x17 <- 0xC0FDFCF7400706EF

mem[X,0x00000000800005F8] -> 0x0137
mem[X,0x00000000800005FA] -> 0x40C0
[387] [M]: 0x00000000800005F8 (0x40C00137) lui sp, 0x40c00
x2 <- 0x0000000040C00000

mem[X,0x00000000800005FC] -> 0x0113
mem[X,0x00000000800005FE] -> 0x3041
[388] [M]: 0x00000000800005FC (0x30410113) addi sp, sp, 0x304
x2 <- 0x0000000040C00304

mem[X,0x0000000080000600] -> 0x1113
mem[X,0x0000000080000602] -> 0x00B1
[389] [M]: 0x0000000080000600 (0x00B11113) slli sp, sp, 0xb
x2 <- 0x0000020600182000

mem[X,0x0000000080000604] -> 0x0113
mem[X,0x0000000080000606] -> 0x7DF1
[390] [M]: 0x0000000080000604 (0x7DF10113) addi sp, sp, 0x7df
x2 <- 0x00000206001827DF

mem[X,0x0000000080000608] -> 0x1113
mem[X,0x000000008000060A] -> 0x00B1
[391] [M]: 0x0000000080000608 (0x00B11113) slli sp, sp, 0xb
x2 <- 0x00103000C13EF800

mem[X,0x000000008000060C] -> 0x0113
mem[X,0x000000008000060E] -> 0x63E1
[392] [M]: 0x000000008000060C (0x63E10113) addi sp, sp, 0x63e
x2 <- 0x00103000C13EFE3E

mem[X,0x0000000080000610] -> 0x1113
mem[X,0x0000000080000612] -> 0x00A1
[393] [M]: 0x0000000080000610 (0x00A11113) slli sp, sp, 0xa
x2 <- 0x40C00304FBF8F800

mem[X,0x0000000080000614] -> 0x0113
mem[X,0x0000000080000616] -> 0x3081
[394] [M]: 0x0000000080000614 (0x30810113) addi sp, sp, 0x308
x2 <- 0x40C00304FBF8FB08

mem[X,0x0000000080000618] -> 0x873B
mem[X,0x000000008000061A] -> 0xCC28
[395] [M]: 0x0000000080000618 (0xCC28873B) pdif.b a4, a7, sp
x14 <- 0x7F3D070D450F0B19

mem[X,0x000000008000061C] -> 0xBC23
mem[X,0x000000008000061E] -> 0x06E2
[396] [M]: 0x000000008000061C (0x06E2BC23) sd a4, 0x78(t0)
mem[0x0000000080004190] <- 0x7F3D070D450F0B19

mem[X,0x0000000080000620] -> 0x0137
mem[X,0x0000000080000622] -> 0x5540
[397] [M]: 0x0000000080000620 (0x55400137) lui sp, 0x55400
x2 <- 0x0000000055400000

mem[X,0x0000000080000624] -> 0x0113
mem[X,0x0000000080000626] -> 0xFF81
[398] [M]: 0x0000000080000624 (0xFF810113) addi sp, sp, -0x8
x2 <- 0x00000000553FFFF8

mem[X,0x0000000080000628] -> 0x1113
mem[X,0x000000008000062A] -> 0x00B1
[399] [M]: 0x0000000080000628 (0x00B11113) slli sp, sp, 0xb
x2 <- 0x000002A9FFFFC000

clint::tick mtime <- 0x0000000000000004
 clint timer pending at mtime 0x0000000000000004
htif::tick 0x0000000000000000
mem[X,0x000000008000062C] -> 0x0113
mem[X,0x000000008000062E] -> 0x7F71
[400] [M]: 0x000000008000062C (0x7F710113) addi sp, sp, 0x7f7
x2 <- 0x000002A9FFFFC7F7

mem[X,0x0000000080000630] -> 0x1113
mem[X,0x0000000080000632] -> 0x00B1
[401] [M]: 0x0000000080000630 (0x00B11113) slli sp, sp, 0xb
x2 <- 0x00154FFFFE3FB800

mem[X,0x0000000080000634] -> 0x0113
mem[X,0x0000000080000636] -> 0x6801
[402] [M]: 0x0000000080000634 (0x68010113) addi sp, sp, 0x680
x2 <- 0x00154FFFFE3FBE80

mem[X,0x0000000080000638] -> 0x1113
mem[X,0x000000008000063A] -> 0x00A1
[403] [M]: 0x0000000080000638 (0x00A11113) slli sp, sp, 0xa
x2 <- 0x553FFFF8FEFA0000

mem[X,0x000000008000063C] -> 0x0113
mem[X,0x000000008000063E] -> 0x0DF1
[404] [M]: 0x000000008000063C (0x0DF10113) addi sp, sp, 0xdf
x2 <- 0x553FFFF8FEFA00DF

mem[X,0x0000000080000640] -> 0xF937
mem[X,0x0000000080000642] -> 0xDFF6
[405] [M]: 0x0000000080000640 (0xDFF6F937) lui s2, -0x20091
x18 <- 0xFFFFFFFFDFF6F000

mem[X,0x0000000080000644] -> 0x0913
mem[X,0x0000000080000646] -> 0xFFA9
[406] [M]: 0x0000000080000644 (0xFFA90913) addi s2, s2, -0x6
x18 <- 0xFFFFFFFFDFF6EFFA

mem[X,0x0000000080000648] -> 0x1913
mem[X,0x000000008000064A] -> 0x00B9
[407] [M]: 0x0000000080000648 (0x00B91913) slli s2, s2, 0xb
x18 <- 0xFFFFFEFFB77FD000

mem[X,0x000000008000064C] -> 0x0913
mem[X,0x000000008000064E] -> 0x6FD9
[408] [M]: 0x000000008000064C (0x6FD90913) addi s2, s2, 0x6fd
x18 <- 0xFFFFFEFFB77FD6FD

mem[X,0x0000000080000650] -> 0x1913
mem[X,0x0000000080000652] -> 0x00B9
[409] [M]: 0x0000000080000650 (0x00B91913) slli s2, s2, 0xb
x18 <- 0xFFF7FDBBFEB7E800

mem[X,0x0000000080000654] -> 0x0913
mem[X,0x0000000080000656] -> 0x7F09
[410] [M]: 0x0000000080000654 (0x7F090913) addi s2, s2, 0x7f0
x18 <- 0xFFF7FDBBFEB7EFF0

mem[X,0x0000000080000658] -> 0x1913
mem[X,0x000000008000065A] -> 0x00A9
[411] [M]: 0x0000000080000658 (0x00A91913) slli s2, s2, 0xa
x18 <- 0xDFF6EFFADFBFC000

mem[X,0x000000008000065C] -> 0x0913
mem[X,0x000000008000065E] -> 0x0FB9
[412] [M]: 0x000000008000065C (0x0FB90913) addi s2, s2, 0xfb
x18 <- 0xDFF6EFFADFBFC0FB

mem[X,0x0000000080000660] -> 0x0C3B
mem[X,0x0000000080000662] -> 0xCD21
[413] [M]: 0x0000000080000660 (0xCD210C3B) pdif.b s8, sp, s2
x24 <- 0x764910021F3B401C

mem[X,0x0000000080000664] -> 0xB023
mem[X,0x0000000080000666] -> 0x0982
[414] [M]: 0x0000000080000664 (0x0982B023) sd s8, 0x80(t0)
mem[0x0000000080004198] <- 0x764910021F3B401C

mem[X,0x0000000080000668] -> 0x1A37
mem[X,0x000000008000066A] -> 0xAA3F
[415] [M]: 0x0000000080000668 (0xAA3F1A37) lui s4, -0x55c0f
x20 <- 0xFFFFFFFFAA3F1000

mem[X,0x000000008000066C] -> 0x0A13
mem[X,0x000000008000066E] -> 0x0F6A
[416] [M]: 0x000000008000066C (0x0F6A0A13) addi s4, s4, 0xf6
x20 <- 0xFFFFFFFFAA3F10F6

mem[X,0x0000000080000670] -> 0x1A13
mem[X,0x0000000080000672] -> 0x00BA
[417] [M]: 0x0000000080000670 (0x00BA1A13) slli s4, s4, 0xb
x20 <- 0xFFFFFD51F887B000

mem[X,0x0000000080000674] -> 0x0A13
mem[X,0x0000000080000676] -> 0x010A
[418] [M]: 0x0000000080000674 (0x010A0A13) addi s4, s4, 0x10
x20 <- 0xFFFFFD51F887B010

mem[X,0x0000000080000678] -> 0x1A13
mem[X,0x000000008000067A] -> 0x00BA
[419] [M]: 0x0000000080000678 (0x00BA1A13) slli s4, s4, 0xb
x20 <- 0xFFEA8FC43D808000

mem[X,0x000000008000067C] -> 0x0A13
mem[X,0x000000008000067E] -> 0x23FA
[420] [M]: 0x000000008000067C (0x23FA0A13) addi s4, s4, 0x23f
x20 <- 0xFFEA8FC43D80823F

mem[X,0x0000000080000680] -> 0x1A13
mem[X,0x0000000080000682] -> 0x00AA
[421] [M]: 0x0000000080000680 (0x00AA1A13) slli s4, s4, 0xa
x20 <- 0xAA3F10F60208FC00

mem[X,0x0000000080000684] -> 0x0A13
mem[X,0x0000000080000686] -> 0x1BFA
[422] [M]: 0x0000000080000684 (0x1BFA0A13) addi s4, s4, 0x1bf
x20 <- 0xAA3F10F60208FDBF

mem[X,0x0000000080000688] -> 0xCCB7
mem[X,0x000000008000068A] -> 0x0555
[423] [M]: 0x0000000080000688 (0x0555CCB7) lui s9, 0x555c
x25 <- 0x000000000555C000

mem[X,0x000000008000068C] -> 0x8C93
mem[X,0x000000008000068E] -> 0x007C
[424] [M]: 0x000000008000068C (0x007C8C93) addi s9, s9, 0x7
x25 <- 0x000000000555C007

mem[X,0x0000000080000690] -> 0x9C93
mem[X,0x0000000080000692] -> 0x00BC
[425] [M]: 0x0000000080000690 (0x00BC9C93) slli s9, s9, 0xb
x25 <- 0x0000002AAE003800

mem[X,0x0000000080000694] -> 0x8C93
mem[X,0x0000000080000696] -> 0x5FEC
[426] [M]: 0x0000000080000694 (0x5FEC8C93) addi s9, s9, 0x5fe
x25 <- 0x0000002AAE003DFE

mem[X,0x0000000080000698] -> 0x9C93
mem[X,0x000000008000069A] -> 0x00BC
[427] [M]: 0x0000000080000698 (0x00BC9C93) slli s9, s9, 0xb
x25 <- 0x0001557001EFF000

mem[X,0x000000008000069C] -> 0x8C93
mem[X,0x000000008000069E] -> 0x7FFC
[428] [M]: 0x000000008000069C (0x7FFC8C93) addi s9, s9, 0x7ff
x25 <- 0x0001557001EFF7FF

mem[X,0x00000000800006A0] -> 0x9C93
mem[X,0x00000000800006A2] -> 0x00AC
[429] [M]: 0x00000000800006A0 (0x00AC9C93) slli s9, s9, 0xa
x25 <- 0x0555C007BFDFFC00

mem[X,0x00000000800006A4] -> 0x8C93
mem[X,0x00000000800006A6] -> 0x3F6C
[430] [M]: 0x00000000800006A4 (0x3F6C8C93) addi s9, s9, 0x3f6
x25 <- 0x0555C007BFDFFFF6

mem[X,0x00000000800006A8] -> 0x063B
mem[X,0x00000000800006AA] -> 0xCD9A
[431] [M]: 0x00000000800006A8 (0xCD9A063B) pdif.b a2, s4, s9
x12 <- 0x5B16501143290237

mem[X,0x00000000800006AC] -> 0xB423
mem[X,0x00000000800006AE] -> 0x08C2
[432] [M]: 0x00000000800006AC (0x08C2B423) sd a2, 0x88(t0)
mem[0x00000000800041A0] <- 0x5B16501143290237

mem[X,0x00000000800006B0] -> 0x0013
mem[X,0x00000000800006B2] -> 0x0000
[433] [M]: 0x00000000800006B0 (0x00000013) addi zero, zero, 0x0

mem[X,0x00000000800006B4] -> 0x0013
mem[X,0x00000000800006B6] -> 0x0000
[434] [M]: 0x00000000800006B4 (0x00000013) addi zero, zero, 0x0

mem[X,0x00000000800006B8] -> 0x0013
mem[X,0x00000000800006BA] -> 0x0000
[435] [M]: 0x00000000800006B8 (0x00000013) addi zero, zero, 0x0

mem[X,0x00000000800006BC] -> 0x0013
mem[X,0x00000000800006BE] -> 0x0000
[436] [M]: 0x00000000800006BC (0x00000013) addi zero, zero, 0x0

mem[X,0x00000000800006C0] -> 0x4097
mem[X,0x00000000800006C2] -> 0x0000
[437] [M]: 0x00000000800006C0 (0x00004097) auipc ra, 0x4
x1 <- 0x00000000800046C0

mem[X,0x00000000800006C4] -> 0x8093
mem[X,0x00000000800006C6] -> 0xAE80
[438] [M]: 0x00000000800006C4 (0xAE808093) addi ra, ra, -0x518
x1 <- 0x00000000800041A8

mem[X,0x00000000800006C8] -> 0x0013
mem[X,0x00000000800006CA] -> 0x0000
[439] [M]: 0x00000000800006C8 (0x00000013) addi zero, zero, 0x0

mem[X,0x00000000800006CC] -> 0x0013
mem[X,0x00000000800006CE] -> 0x0000
[440] [M]: 0x00000000800006CC (0x00000013) addi zero, zero, 0x0

mem[X,0x00000000800006D0] -> 0x0013
mem[X,0x00000000800006D2] -> 0x0000
[441] [M]: 0x00000000800006D0 (0x00000013) addi zero, zero, 0x0

mem[X,0x00000000800006D4] -> 0x0013
mem[X,0x00000000800006D6] -> 0x0000
[442] [M]: 0x00000000800006D4 (0x00000013) addi zero, zero, 0x0

mem[X,0x00000000800006D8] -> 0x0013
mem[X,0x00000000800006DA] -> 0x0000
[443] [M]: 0x00000000800006D8 (0x00000013) addi zero, zero, 0x0

mem[X,0x00000000800006DC] -> 0x0013
mem[X,0x00000000800006DE] -> 0x0000
[444] [M]: 0x00000000800006DC (0x00000013) addi zero, zero, 0x0

mem[X,0x00000000800006E0] -> 0x07B7
mem[X,0x00000000800006E2] -> 0x0641
[445] [M]: 0x00000000800006E0 (0x064107B7) lui a5, 0x6410
x15 <- 0x0000000006410000

mem[X,0x00000000800006E4] -> 0x8793
mem[X,0x00000000800006E6] -> 0xB107
[446] [M]: 0x00000000800006E4 (0xB1078793) addi a5, a5, -0x4f0
x15 <- 0x000000000640FB10

mem[X,0x00000000800006E8] -> 0x9793
mem[X,0x00000000800006EA] -> 0x00B7
[447] [M]: 0x00000000800006E8 (0x00B79793) slli a5, a5, 0xb
x15 <- 0x0000003207D88000

mem[X,0x00000000800006EC] -> 0x8793
mem[X,0x00000000800006EE] -> 0x4007
[448] [M]: 0x00000000800006EC (0x40078793) addi a5, a5, 0x400
x15 <- 0x0000003207D88400

mem[X,0x00000000800006F0] -> 0x9793
mem[X,0x00000000800006F2] -> 0x00B7
[449] [M]: 0x00000000800006F0 (0x00B79793) slli a5, a5, 0xb
x15 <- 0x0001903EC4200000

mem[X,0x00000000800006F4] -> 0x8793
mem[X,0x00000000800006F6] -> 0x11F7
[450] [M]: 0x00000000800006F4 (0x11F78793) addi a5, a5, 0x11f
x15 <- 0x0001903EC420011F

mem[X,0x00000000800006F8] -> 0x9793
mem[X,0x00000000800006FA] -> 0x00A7
[451] [M]: 0x00000000800006F8 (0x00A79793) slli a5, a5, 0xa
x15 <- 0x0640FB1080047C00

mem[X,0x00000000800006FC] -> 0x8793
mem[X,0x00000000800006FE] -> 0x3557
[452] [M]: 0x00000000800006FC (0x35578793) addi a5, a5, 0x355
x15 <- 0x0640FB1080047F55

mem[X,0x0000000080000700] -> 0xF5B7
mem[X,0x0000000080000702] -> 0xF802
[453] [M]: 0x0000000080000700 (0xF802F5B7) lui a1, -0x7fd1
x11 <- 0xFFFFFFFFF802F000

mem[X,0x0000000080000704] -> 0x8593
mem[X,0x0000000080000706] -> 0xFEF5
[454] [M]: 0x0000000080000704 (0xFEF58593) addi a1, a1, -0x11
x11 <- 0xFFFFFFFFF802EFEF

mem[X,0x0000000080000708] -> 0x9593
mem[X,0x000000008000070A] -> 0x00B5
[455] [M]: 0x0000000080000708 (0x00B59593) slli a1, a1, 0xb
x11 <- 0xFFFFFFC0177F7800

mem[X,0x000000008000070C] -> 0x8593
mem[X,0x000000008000070E] -> 0x0125
[456] [M]: 0x000000008000070C (0x01258593) addi a1, a1, 0x12
x11 <- 0xFFFFFFC0177F7812

mem[X,0x0000000080000710] -> 0x9593
mem[X,0x0000000080000712] -> 0x00B5
[457] [M]: 0x0000000080000710 (0x00B59593) slli a1, a1, 0xb
x11 <- 0xFFFE00BBFBC09000

mem[X,0x0000000080000714] -> 0x8593
mem[X,0x0000000080000716] -> 0x57D5
[458] [M]: 0x0000000080000714 (0x57D58593) addi a1, a1, 0x57d
x11 <- 0xFFFE00BBFBC0957D

mem[X,0x0000000080000718] -> 0x9593
mem[X,0x000000008000071A] -> 0x00A5
[459] [M]: 0x0000000080000718 (0x00A59593) slli a1, a1, 0xa
x11 <- 0xF802EFEF0255F400

mem[X,0x000000008000071C] -> 0x8593
mem[X,0x000000008000071E] -> 0x3FA5
[460] [M]: 0x000000008000071C (0x3FA58593) addi a1, a1, 0x3fa
x11 <- 0xF802EFEF0255F7FA

mem[X,0x0000000080000720] -> 0x8B3B
mem[X,0x0000000080000722] -> 0xCCB7
[461] [M]: 0x0000000080000720 (0xCCB78B3B) pdif.b s6, a5, a1
x22 <- 0x0E3E0C217E51785B

mem[X,0x0000000080000724] -> 0xB023
mem[X,0x0000000080000726] -> 0x0160
[462] [M]: 0x0000000080000724 (0x0160B023) sd s6, 0x0(ra)
mem[0x00000000800041A8] <- 0x0E3E0C217E51785B

mem[X,0x0000000080000728] -> 0x0FB7
mem[X,0x000000008000072A] -> 0xEFFA
[463] [M]: 0x0000000080000728 (0xEFFA0FB7) lui t6, -0x10060
x31 <- 0xFFFFFFFFEFFA0000

mem[X,0x000000008000072C] -> 0x8F93
mem[X,0x000000008000072E] -> 0x4FEF
[464] [M]: 0x000000008000072C (0x4FEF8F93) addi t6, t6, 0x4fe
x31 <- 0xFFFFFFFFEFFA04FE

mem[X,0x0000000080000730] -> 0x9F93
mem[X,0x0000000080000732] -> 0x00BF
[465] [M]: 0x0000000080000730 (0x00BF9F93) slli t6, t6, 0xb
x31 <- 0xFFFFFF7FD027F000

mem[X,0x0000000080000734] -> 0x8F93
mem[X,0x0000000080000736] -> 0x551F
[466] [M]: 0x0000000080000734 (0x551F8F93) addi t6, t6, 0x551
x31 <- 0xFFFFFF7FD027F551

mem[X,0x0000000080000738] -> 0x9F93
mem[X,0x000000008000073A] -> 0x00BF
[467] [M]: 0x0000000080000738 (0x00BF9F93) slli t6, t6, 0xb
x31 <- 0xFFFBFE813FAA8800

mem[X,0x000000008000073C] -> 0x8F93
mem[X,0x000000008000073E] -> 0x7FEF
[468] [M]: 0x000000008000073C (0x7FEF8F93) addi t6, t6, 0x7fe
x31 <- 0xFFFBFE813FAA8FFE

mem[X,0x0000000080000740] -> 0x9F93
mem[X,0x0000000080000742] -> 0x00AF
[469] [M]: 0x0000000080000740 (0x00AF9F93) slli t6, t6, 0xa
x31 <- 0xEFFA04FEAA3FF800

mem[X,0x0000000080000744] -> 0x8F93
mem[X,0x0000000080000746] -> 0x0AAF
[470] [M]: 0x0000000080000744 (0x0AAF8F93) addi t6, t6, 0xaa
x31 <- 0xEFFA04FEAA3FF8AA

mem[X,0x0000000080000748] -> 0x08B7
mem[X,0x000000008000074A] -> 0xFEAB
[471] [M]: 0x0000000080000748 (0xFEAB08B7) lui a7, -0x1550
x17 <- 0xFFFFFFFFFEAB0000

mem[X,0x000000008000074C] -> 0x8893
mem[X,0x000000008000074E] -> 0xB7F8
[472] [M]: 0x000000008000074C (0xB7F88893) addi a7, a7, -0x481
x17 <- 0xFFFFFFFFFEAAFB7F

mem[X,0x0000000080000750] -> 0x9893
mem[X,0x0000000080000752] -> 0x00B8
[473] [M]: 0x0000000080000750 (0x00B89893) slli a7, a7, 0xb
x17 <- 0xFFFFFFF557DBF800

mem[X,0x0000000080000754] -> 0x8893
mem[X,0x0000000080000756] -> 0x0088
[474] [M]: 0x0000000080000754 (0x00888893) addi a7, a7, 0x8
x17 <- 0xFFFFFFF557DBF808

mem[X,0x0000000080000758] -> 0x9893
mem[X,0x000000008000075A] -> 0x00B8
[475] [M]: 0x0000000080000758 (0x00B89893) slli a7, a7, 0xb
x17 <- 0xFFFFAABEDFC04000

mem[X,0x000000008000075C] -> 0x8893
mem[X,0x000000008000075E] -> 0x1F78
[476] [M]: 0x000000008000075C (0x1F788893) addi a7, a7, 0x1f7
x17 <- 0xFFFFAABEDFC041F7

mem[X,0x0000000080000760] -> 0x9893
mem[X,0x0000000080000762] -> 0x00A8
[477] [M]: 0x0000000080000760 (0x00A89893) slli a7, a7, 0xa
x17 <- 0xFEAAFB7F0107DC00

mem[X,0x0000000080000764] -> 0x8893
mem[X,0x0000000080000766] -> 0x3098
[478] [M]: 0x0000000080000764 (0x30988893) addi a7, a7, 0x309
x17 <- 0xFEAAFB7F0107DF09

mem[X,0x0000000080000768] -> 0x853B
mem[X,0x000000008000076A] -> 0xCD1F
[479] [M]: 0x0000000080000768 (0xCD1F853B) pdif.b a0, t6, a7
x10 <- 0x0F50097F5738195F

mem[X,0x000000008000076C] -> 0xB423
mem[X,0x000000008000076E] -> 0x00A0
[480] [M]: 0x000000008000076C (0x00A0B423) sd a0, 0x8(ra)
mem[0x00000000800041B0] <- 0x0F50097F5738195F

mem[X,0x0000000080000770] -> 0xCB37
mem[X,0x0000000080000772] -> 0x10AA
[481] [M]: 0x0000000080000770 (0x10AACB37) lui s6, 0x10aac
x22 <- 0x0000000010AAC000

mem[X,0x0000000080000774] -> 0x0B13
mem[X,0x0000000080000776] -> 0x010B
[482] [M]: 0x0000000080000774 (0x010B0B13) addi s6, s6, 0x10
x22 <- 0x0000000010AAC010

mem[X,0x0000000080000778] -> 0x1B13
mem[X,0x000000008000077A] -> 0x00BB
[483] [M]: 0x0000000080000778 (0x00BB1B13) slli s6, s6, 0xb
x22 <- 0x0000008556008000

mem[X,0x000000008000077C] -> 0x0B13
mem[X,0x000000008000077E] -> 0x027B
[484] [M]: 0x000000008000077C (0x027B0B13) addi s6, s6, 0x27
x22 <- 0x0000008556008027

mem[X,0x0000000080000780] -> 0x1B13
mem[X,0x0000000080000782] -> 0x00BB
[485] [M]: 0x0000000080000780 (0x00BB1B13) slli s6, s6, 0xb
x22 <- 0x00042AB004013800

mem[X,0x0000000080000784] -> 0x0B13
mem[X,0x0000000080000786] -> 0x620B
[486] [M]: 0x0000000080000784 (0x620B0B13) addi s6, s6, 0x620
x22 <- 0x00042AB004013E20

mem[X,0x0000000080000788] -> 0x1B13
mem[X,0x000000008000078A] -> 0x00AB
[487] [M]: 0x0000000080000788 (0x00AB1B13) slli s6, s6, 0xa
x22 <- 0x10AAC01004F88000

mem[X,0x000000008000078C] -> 0x0B13
mem[X,0x000000008000078E] -> 0x0C0B
[488] [M]: 0x000000008000078C (0x0C0B0B13) addi s6, s6, 0xc0
x22 <- 0x10AAC01004F880C0

mem[X,0x0000000080000790] -> 0x46B7
mem[X,0x0000000080000792] -> 0x047F
[489] [M]: 0x0000000080000790 (0x047F46B7) lui a3, 0x47f4
x13 <- 0x00000000047F4000

mem[X,0x0000000080000794] -> 0x8693
mem[X,0x0000000080000796] -> 0xFFB6
[490] [M]: 0x0000000080000794 (0xFFB68693) addi a3, a3, -0x5
x13 <- 0x00000000047F3FFB

mem[X,0x0000000080000798] -> 0x9693
mem[X,0x000000008000079A] -> 0x00B6
[491] [M]: 0x0000000080000798 (0x00B69693) slli a3, a3, 0xb
x13 <- 0x00000023F9FFD800

mem[X,0x000000008000079C] -> 0x8693
mem[X,0x000000008000079E] -> 0x2A86
[492] [M]: 0x000000008000079C (0x2A868693) addi a3, a3, 0x2a8
x13 <- 0x00000023F9FFDAA8

mem[X,0x00000000800007A0] -> 0x9693
mem[X,0x00000000800007A2] -> 0x00B6
[493] [M]: 0x00000000800007A0 (0x00B69693) slli a3, a3, 0xb
x13 <- 0x00011FCFFED54000

mem[X,0x00000000800007A4] -> 0x8693
mem[X,0x00000000800007A6] -> 0x0026
[494] [M]: 0x00000000800007A4 (0x00268693) addi a3, a3, 0x2
x13 <- 0x00011FCFFED54002

mem[X,0x00000000800007A8] -> 0x9693
mem[X,0x00000000800007AA] -> 0x00A6
[495] [M]: 0x00000000800007A8 (0x00A69693) slli a3, a3, 0xa
x13 <- 0x047F3FFB55000800

mem[X,0x00000000800007AC] -> 0x8693
mem[X,0x00000000800007AE] -> 0x0106
[496] [M]: 0x00000000800007AC (0x01068693) addi a3, a3, 0x10
x13 <- 0x047F3FFB55000810

mem[X,0x00000000800007B0] -> 0x05BB
mem[X,0x00000000800007B2] -> 0xCCDB
[497] [M]: 0x00000000800007B0 (0xCCDB05BB) pdif.b a1, s6, a3
x11 <- 0x0C2B7F1551087850

mem[X,0x00000000800007B4] -> 0xB823
mem[X,0x00000000800007B6] -> 0x00B0
[498] [M]: 0x00000000800007B4 (0x00B0B823) sd a1, 0x10(ra)
mem[0x00000000800041B8] <- 0x0C2B7F1551087850

mem[X,0x00000000800007B8] -> 0xF837
mem[X,0x00000000800007BA] -> 0xF8F7
[499] [M]: 0x00000000800007B8 (0xF8F7F837) lui a6, -0x7081
x16 <- 0xFFFFFFFFF8F7F000

clint::tick mtime <- 0x0000000000000005
 clint timer pending at mtime 0x0000000000000005
htif::tick 0x0000000000000000
mem[X,0x00000000800007BC] -> 0x0813
mem[X,0x00000000800007BE] -> 0xF058
[500] [M]: 0x00000000800007BC (0xF0580813) addi a6, a6, -0xfb
x16 <- 0xFFFFFFFFF8F7EF05

mem[X,0x00000000800007C0] -> 0x1813
mem[X,0x00000000800007C2] -> 0x00B8
[501] [M]: 0x00000000800007C0 (0x00B81813) slli a6, a6, 0xb
x16 <- 0xFFFFFFC7BF782800

mem[X,0x00000000800007C4] -> 0x0813
mem[X,0x00000000800007C6] -> 0x3FE8
[502] [M]: 0x00000000800007C4 (0x3FE80813) addi a6, a6, 0x3fe
x16 <- 0xFFFFFFC7BF782BFE

mem[X,0x00000000800007C8] -> 0x1813
mem[X,0x00000000800007CA] -> 0x00B8
[503] [M]: 0x00000000800007C8 (0x00B81813) slli a6, a6, 0xb
x16 <- 0xFFFE3DFBC15FF000

mem[X,0x00000000800007CC] -> 0x0813
mem[X,0x00000000800007CE] -> 0x0008
[504] [M]: 0x00000000800007CC (0x00080813) addi a6, a6, 0x0
x16 <- 0xFFFE3DFBC15FF000

mem[X,0x00000000800007D0] -> 0x1813
mem[X,0x00000000800007D2] -> 0x00A8
[505] [M]: 0x00000000800007D0 (0x00A81813) slli a6, a6, 0xa
x16 <- 0xF8F7EF057FC00000

mem[X,0x00000000800007D4] -> 0x0813
mem[X,0x00000000800007D6] -> 0x1F88
[506] [M]: 0x00000000800007D4 (0x1F880813) addi a6, a6, 0x1f8
x16 <- 0xF8F7EF057FC001F8

mem[X,0x00000000800007D8] -> 0x1FB7
mem[X,0x00000000800007DA] -> 0x08FD
[507] [M]: 0x00000000800007D8 (0x08FD1FB7) lui t6, 0x8fd1
x31 <- 0x0000000008FD1000

mem[X,0x00000000800007DC] -> 0x8F93
mem[X,0x00000000800007DE] -> 0x8FCF
[508] [M]: 0x00000000800007DC (0x8FCF8F93) addi t6, t6, -0x704
x31 <- 0x0000000008FD08FC

mem[X,0x00000000800007E0] -> 0x9F93
mem[X,0x00000000800007E2] -> 0x00BF
[509] [M]: 0x00000000800007E0 (0x00BF9F93) slli t6, t6, 0xb
x31 <- 0x00000047E847E000

mem[X,0x00000000800007E4] -> 0x8F93
mem[X,0x00000000800007E6] -> 0x018F
[510] [M]: 0x00000000800007E4 (0x018F8F93) addi t6, t6, 0x18
x31 <- 0x00000047E847E018

mem[X,0x00000000800007E8] -> 0x9F93
mem[X,0x00000000800007EA] -> 0x00BF
[511] [M]: 0x00000000800007E8 (0x00BF9F93) slli t6, t6, 0xb
x31 <- 0x00023F423F00C000

mem[X,0x00000000800007EC] -> 0x8F93
mem[X,0x00000000800007EE] -> 0x081F
[512] [M]: 0x00000000800007EC (0x081F8F93) addi t6, t6, 0x81
x31 <- 0x00023F423F00C081

mem[X,0x00000000800007F0] -> 0x9F93
mem[X,0x00000000800007F2] -> 0x00AF
[513] [M]: 0x00000000800007F0 (0x00AF9F93) slli t6, t6, 0xa
x31 <- 0x08FD08FC03020400

mem[X,0x00000000800007F4] -> 0x8F93
mem[X,0x00000000800007F6] -> 0x003F
[514] [M]: 0x00000000800007F4 (0x003F8F93) addi t6, t6, 0x3
x31 <- 0x08FD08FC03020403

mem[X,0x00000000800007F8] -> 0x08BB
mem[X,0x00000000800007FA] -> 0xCDF8
[515] [M]: 0x00000000800007F8 (0xCDF808BB) pdif.b a7, a6, t6
x17 <- 0x100619097C42030B

mem[X,0x00000000800007FC] -> 0xBC23
mem[X,0x00000000800007FE] -> 0x0110
[516] [M]: 0x00000000800007FC (0x0110BC23) sd a7, 0x18(ra)
mem[0x00000000800041C0] <- 0x100619097C42030B

mem[X,0x0000000080000800] -> 0x0BB7
mem[X,0x0000000080000802] -> 0xFCFB
[517] [M]: 0x0000000080000800 (0xFCFB0BB7) lui s7, -0x3050
x23 <- 0xFFFFFFFFFCFB0000

mem[X,0x0000000080000804] -> 0x8B93
mem[X,0x0000000080000806] -> 0x302B
[518] [M]: 0x0000000080000804 (0x302B8B93) addi s7, s7, 0x302
x23 <- 0xFFFFFFFFFCFB0302

mem[X,0x0000000080000808] -> 0x9B93
mem[X,0x000000008000080A] -> 0x00BB
[519] [M]: 0x0000000080000808 (0x00BB9B93) slli s7, s7, 0xb
x23 <- 0xFFFFFFE7D8181000

mem[X,0x000000008000080C] -> 0x8B93
mem[X,0x000000008000080E] -> 0x03FB
[520] [M]: 0x000000008000080C (0x03FB8B93) addi s7, s7, 0x3f
x23 <- 0xFFFFFFE7D818103F

mem[X,0x0000000080000810] -> 0x9B93
mem[X,0x0000000080000812] -> 0x00BB
[521] [M]: 0x0000000080000810 (0x00BB9B93) slli s7, s7, 0xb
x23 <- 0xFFFF3EC0C081F800

mem[X,0x0000000080000814] -> 0x8B93
mem[X,0x0000000080000816] -> 0x740B
[522] [M]: 0x0000000080000814 (0x740B8B93) addi s7, s7, 0x740
x23 <- 0xFFFF3EC0C081FF40

mem[X,0x0000000080000818] -> 0x9B93
mem[X,0x000000008000081A] -> 0x00AB
[523] [M]: 0x0000000080000818 (0x00AB9B93) slli s7, s7, 0xa
x23 <- 0xFCFB030207FD0000

mem[X,0x000000008000081C] -> 0x8B93
mem[X,0x000000008000081E] -> 0x27FB
[524] [M]: 0x000000008000081C (0x27FB8B93) addi s7, s7, 0x27f
x23 <- 0xFCFB030207FD027F

mem[X,0x0000000080000820] -> 0x4A37
mem[X,0x0000000080000822] -> 0xFB20
[525] [M]: 0x0000000080000820 (0xFB204A37) lui s4, -0x4dfc
x20 <- 0xFFFFFFFFFB204000

mem[X,0x0000000080000824] -> 0x0A13
mem[X,0x0000000080000826] -> 0xFDFA
[526] [M]: 0x0000000080000824 (0xFDFA0A13) addi s4, s4, -0x21
x20 <- 0xFFFFFFFFFB203FDF

mem[X,0x0000000080000828] -> 0x1A13
mem[X,0x000000008000082A] -> 0x00BA
[527] [M]: 0x0000000080000828 (0x00BA1A13) slli s4, s4, 0xb
x20 <- 0xFFFFFFD901FEF800

mem[X,0x000000008000082C] -> 0x0A13
mem[X,0x000000008000082E] -> 0x7B7A
[528] [M]: 0x000000008000082C (0x7B7A0A13) addi s4, s4, 0x7b7
x20 <- 0xFFFFFFD901FEFFB7

mem[X,0x0000000080000830] -> 0x1A13
mem[X,0x0000000080000832] -> 0x00BA
[529] [M]: 0x0000000080000830 (0x00BA1A13) slli s4, s4, 0xb
x20 <- 0xFFFEC80FF7FDB800

mem[X,0x0000000080000834] -> 0x0A13
mem[X,0x0000000080000836] -> 0x5BEA
[530] [M]: 0x0000000080000834 (0x5BEA0A13) addi s4, s4, 0x5be
x20 <- 0xFFFEC80FF7FDBDBE

mem[X,0x0000000080000838] -> 0x1A13
mem[X,0x000000008000083A] -> 0x00AA
[531] [M]: 0x0000000080000838 (0x00AA1A13) slli s4, s4, 0xa
x20 <- 0xFB203FDFF6F6F800

mem[X,0x000000008000083C] -> 0x0A13
mem[X,0x000000008000083E] -> 0x1F6A
[532] [M]: 0x000000008000083C (0x1F6A0A13) addi s4, s4, 0x1f6
x20 <- 0xFB203FDFF6F6F9F6

mem[X,0x0000000080000840] -> 0x84BB
mem[X,0x0000000080000842] -> 0xCD4B
[533] [M]: 0x0000000080000840 (0xCD4B84BB) pdif.b s1, s7, s4
x9 <- 0x01253C2311070977

mem[X,0x0000000080000844] -> 0xB023
mem[X,0x0000000080000846] -> 0x0290
[534] [M]: 0x0000000080000844 (0x0290B023) sd s1, 0x20(ra)
mem[0x00000000800041C8] <- 0x01253C2311070977

mem[X,0x0000000080000848] -> 0xF3B7
mem[X,0x000000008000084A] -> 0x0603
[535] [M]: 0x0000000080000848 (0x0603F3B7) lui t2, 0x603f
x7 <- 0x000000000603F000

mem[X,0x000000008000084C] -> 0x8393
mem[X,0x000000008000084E] -> 0x73F3
[536] [M]: 0x000000008000084C (0x73F38393) addi t2, t2, 0x73f
x7 <- 0x000000000603F73F

mem[X,0x0000000080000850] -> 0x9393
mem[X,0x0000000080000852] -> 0x00B3
[537] [M]: 0x0000000080000850 (0x00B39393) slli t2, t2, 0xb
x7 <- 0x000000301FB9F800

mem[X,0x0000000080000854] -> 0x8393
mem[X,0x0000000080000856] -> 0x0203
[538] [M]: 0x0000000080000854 (0x02038393) addi t2, t2, 0x20
x7 <- 0x000000301FB9F820

mem[X,0x0000000080000858] -> 0x9393
mem[X,0x000000008000085A] -> 0x00B3
[539] [M]: 0x0000000080000858 (0x00B39393) slli t2, t2, 0xb
x7 <- 0x000180FDCFC10000

mem[X,0x000000008000085C] -> 0x8393
mem[X,0x000000008000085E] -> 0x0C13
[540] [M]: 0x000000008000085C (0x0C138393) addi t2, t2, 0xc1
x7 <- 0x000180FDCFC100C1

mem[X,0x0000000080000860] -> 0x9393
mem[X,0x0000000080000862] -> 0x00A3
[541] [M]: 0x0000000080000860 (0x00A39393) slli t2, t2, 0xa
x7 <- 0x0603F73F04030400

mem[X,0x0000000080000864] -> 0x8393
mem[X,0x0000000080000866] -> 0x0023
[542] [M]: 0x0000000080000864 (0x00238393) addi t2, t2, 0x2
x7 <- 0x0603F73F04030402

mem[X,0x0000000080000868] -> 0x0BB7
mem[X,0x000000008000086A] -> 0x0180
[543] [M]: 0x0000000080000868 (0x01800BB7) lui s7, 0x1800
x23 <- 0x0000000001800000

mem[X,0x000000008000086C] -> 0x8B93
mem[X,0x000000008000086E] -> 0x1BFB
[544] [M]: 0x000000008000086C (0x1BFB8B93) addi s7, s7, 0x1bf
x23 <- 0x00000000018001BF

mem[X,0x0000000080000870] -> 0x9B93
mem[X,0x0000000080000872] -> 0x00BB
[545] [M]: 0x0000000080000870 (0x00BB9B93) slli s7, s7, 0xb
x23 <- 0x0000000C000DF800

mem[X,0x0000000080000874] -> 0x8B93
mem[X,0x0000000080000876] -> 0x03AB
[546] [M]: 0x0000000080000874 (0x03AB8B93) addi s7, s7, 0x3a
x23 <- 0x0000000C000DF83A

mem[X,0x0000000080000878] -> 0x9B93
mem[X,0x000000008000087A] -> 0x00BB
[547] [M]: 0x0000000080000878 (0x00BB9B93) slli s7, s7, 0xb
x23 <- 0x000060006FC1D000

mem[X,0x000000008000087C] -> 0x8B93
mem[X,0x000000008000087E] -> 0x57FB
[548] [M]: 0x000000008000087C (0x57FB8B93) addi s7, s7, 0x57f
x23 <- 0x000060006FC1D57F

mem[X,0x0000000080000880] -> 0x9B93
mem[X,0x0000000080000882] -> 0x00AB
[549] [M]: 0x0000000080000880 (0x00AB9B93) slli s7, s7, 0xa
x23 <- 0x018001BF0755FC00

mem[X,0x0000000080000884] -> 0x8B93
mem[X,0x0000000080000886] -> 0x1EFB
[550] [M]: 0x0000000080000884 (0x1EFB8B93) addi s7, s7, 0x1ef
x23 <- 0x018001BF0755FDEF

mem[X,0x0000000080000888] -> 0x803B
mem[X,0x000000008000088A] -> 0xCD73
[551] [M]: 0x0000000080000888 (0xCD73803B) pdif.b zero, t2, s7

mem[X,0x000000008000088C] -> 0xB423
mem[X,0x000000008000088E] -> 0x0200
[552] [M]: 0x000000008000088C (0x0200B423) sd zero, 0x28(ra)
mem[0x00000000800041D0] <- 0x0000000000000000

mem[X,0x0000000080000890] -> 0x1637
mem[X,0x0000000080000892] -> 0x003F
[553] [M]: 0x0000000080000890 (0x003F1637) lui a2, 0x3f1
x12 <- 0x00000000003F1000

mem[X,0x0000000080000894] -> 0x0613
mem[X,0x0000000080000896] -> 0x8046
[554] [M]: 0x0000000080000894 (0x80460613) addi a2, a2, -0x7fc
x12 <- 0x00000000003F0804

mem[X,0x0000000080000898] -> 0x1613
mem[X,0x000000008000089A] -> 0x00B6
[555] [M]: 0x0000000080000898 (0x00B61613) slli a2, a2, 0xb
x12 <- 0x00000001F8402000

mem[X,0x000000008000089C] -> 0x0613
mem[X,0x000000008000089E] -> 0x3F96
[556] [M]: 0x000000008000089C (0x3F960613) addi a2, a2, 0x3f9
x12 <- 0x00000001F84023F9

mem[X,0x00000000800008A0] -> 0x1613
mem[X,0x00000000800008A2] -> 0x00B6
[557] [M]: 0x00000000800008A0 (0x00B61613) slli a2, a2, 0xb
x12 <- 0x00000FC2011FC800

mem[X,0x00000000800008A4] -> 0x0613
mem[X,0x00000000800008A6] -> 0x7C26
[558] [M]: 0x00000000800008A4 (0x7C260613) addi a2, a2, 0x7c2
x12 <- 0x00000FC2011FCFC2

mem[X,0x00000000800008A8] -> 0x1613
mem[X,0x00000000800008AA] -> 0x00A6
[559] [M]: 0x00000000800008A8 (0x00A61613) slli a2, a2, 0xa
x12 <- 0x003F08047F3F0800

mem[X,0x00000000800008AC] -> 0x0613
mem[X,0x00000000800008AE] -> 0x0FE6
[560] [M]: 0x00000000800008AC (0x0FE60613) addi a2, a2, 0xfe
x12 <- 0x003F08047F3F08FE

mem[X,0x00000000800008B0] -> 0x09B7
mem[X,0x00000000800008B2] -> 0x1008
[561] [M]: 0x00000000800008B0 (0x100809B7) lui s3, 0x10080
x19 <- 0x0000000010080000

mem[X,0x00000000800008B4] -> 0x8993
mem[X,0x00000000800008B6] -> 0x2049
[562] [M]: 0x00000000800008B4 (0x20498993) addi s3, s3, 0x204
x19 <- 0x0000000010080204

mem[X,0x00000000800008B8] -> 0x9993
mem[X,0x00000000800008BA] -> 0x00B9
[563] [M]: 0x00000000800008B8 (0x00B99993) slli s3, s3, 0xb
x19 <- 0x0000008040102000

mem[X,0x00000000800008BC] -> 0x8993
mem[X,0x00000000800008BE] -> 0x1079
[564] [M]: 0x00000000800008BC (0x10798993) addi s3, s3, 0x107
x19 <- 0x0000008040102107

mem[X,0x00000000800008C0] -> 0x9993
mem[X,0x00000000800008C2] -> 0x00B9
[565] [M]: 0x00000000800008C0 (0x00B99993) slli s3, s3, 0xb
x19 <- 0x0004020081083800

mem[X,0x00000000800008C4] -> 0x8993
mem[X,0x00000000800008C6] -> 0x75F9
[566] [M]: 0x00000000800008C4 (0x75F98993) addi s3, s3, 0x75f
x19 <- 0x0004020081083F5F

mem[X,0x00000000800008C8] -> 0x9993
mem[X,0x00000000800008CA] -> 0x00A9
[567] [M]: 0x00000000800008C8 (0x00A99993) slli s3, s3, 0xa
x19 <- 0x1008020420FD7C00

mem[X,0x00000000800008CC] -> 0x8993
mem[X,0x00000000800008CE] -> 0x3049
[568] [M]: 0x00000000800008CC (0x30498993) addi s3, s3, 0x304
x19 <- 0x1008020420FD7F04

mem[X,0x00000000800008D0] -> 0x043B
mem[X,0x00000000800008D2] -> 0xCD36
[569] [M]: 0x00000000800008D0 (0xCD36043B) pdif.b fp, a2, s3
x8 <- 0x103706005F427706

mem[X,0x00000000800008D4] -> 0xB823
mem[X,0x00000000800008D6] -> 0x0280
[570] [M]: 0x00000000800008D4 (0x0280B823) sd fp, 0x30(ra)
mem[0x00000000800041D8] <- 0x103706005F427706

mem[X,0x00000000800008D8] -> 0xCF37
mem[X,0x00000000800008DA] -> 0x10F7
[571] [M]: 0x00000000800008D8 (0x10F7CF37) lui t5, 0x10f7c
x30 <- 0x0000000010F7C000

mem[X,0x00000000800008DC] -> 0x0F13
mem[X,0x00000000800008DE] -> 0x000F
[572] [M]: 0x00000000800008DC (0x000F0F13) addi t5, t5, 0x0
x30 <- 0x0000000010F7C000

mem[X,0x00000000800008E0] -> 0x1F13
mem[X,0x00000000800008E2] -> 0x00BF
[573] [M]: 0x00000000800008E0 (0x00BF1F13) slli t5, t5, 0xb
x30 <- 0x00000087BE000000

mem[X,0x00000000800008E4] -> 0x0F13
mem[X,0x00000000800008E6] -> 0x7FFF
[574] [M]: 0x00000000800008E4 (0x7FFF0F13) addi t5, t5, 0x7ff
x30 <- 0x00000087BE0007FF

mem[X,0x00000000800008E8] -> 0x1F13
mem[X,0x00000000800008EA] -> 0x00BF
[575] [M]: 0x00000000800008E8 (0x00BF1F13) slli t5, t5, 0xb
x30 <- 0x00043DF0003FF800

mem[X,0x00000000800008EC] -> 0x0F13
mem[X,0x00000000800008EE] -> 0x5C4F
[576] [M]: 0x00000000800008EC (0x5C4F0F13) addi t5, t5, 0x5c4
x30 <- 0x00043DF0003FFDC4

mem[X,0x00000000800008F0] -> 0x1F13
mem[X,0x00000000800008F2] -> 0x00AF
[577] [M]: 0x00000000800008F0 (0x00AF1F13) slli t5, t5, 0xa
x30 <- 0x10F7C000FFF71000

mem[X,0x00000000800008F4] -> 0x0F13
mem[X,0x00000000800008F6] -> 0x0F9F
[578] [M]: 0x00000000800008F4 (0x0F9F0F13) addi t5, t5, 0xf9
x30 <- 0x10F7C000FFF710F9

mem[X,0x00000000800008F8] -> 0x0AB7
mem[X,0x00000000800008FA] -> 0x0101
[579] [M]: 0x00000000800008F8 (0x01010AB7) lui s5, 0x1010
x21 <- 0x0000000001010000

mem[X,0x00000000800008FC] -> 0x8A93
mem[X,0x00000000800008FE] -> 0x2BFA
[580] [M]: 0x00000000800008FC (0x2BFA8A93) addi s5, s5, 0x2bf
x21 <- 0x00000000010102BF

mem[X,0x0000000080000900] -> 0x9A93
mem[X,0x0000000080000902] -> 0x00BA
[581] [M]: 0x0000000080000900 (0x00BA9A93) slli s5, s5, 0xb
x21 <- 0x000000080815F800

mem[X,0x0000000080000904] -> 0x8A93
mem[X,0x0000000080000906] -> 0x7EEA
[582] [M]: 0x0000000080000904 (0x7EEA8A93) addi s5, s5, 0x7ee
x21 <- 0x000000080815FFEE

mem[X,0x0000000080000908] -> 0x9A93
mem[X,0x000000008000090A] -> 0x00BA
[583] [M]: 0x0000000080000908 (0x00BA9A93) slli s5, s5, 0xb
x21 <- 0x00004040AFFF7000

mem[X,0x000000008000090C] -> 0x8A93
mem[X,0x000000008000090E] -> 0x7FDA
[584] [M]: 0x000000008000090C (0x7FDA8A93) addi s5, s5, 0x7fd
x21 <- 0x00004040AFFF77FD

mem[X,0x0000000080000910] -> 0x9A93
mem[X,0x0000000080000912] -> 0x00AA
[585] [M]: 0x0000000080000910 (0x00AA9A93) slli s5, s5, 0xa
x21 <- 0x010102BFFDDFF400

mem[X,0x0000000080000914] -> 0x8A93
mem[X,0x0000000080000916] -> 0x3C0A
[586] [M]: 0x0000000080000914 (0x3C0A8A93) addi s5, s5, 0x3c0
x21 <- 0x010102BFFDDFF7C0

mem[X,0x0000000080000918] -> 0x0A3B
mem[X,0x000000008000091A] -> 0xCD5F
[587] [M]: 0x0000000080000918 (0xCD5F0A3B) pdif.b s4, t5, s5
x20 <- 0x0F0A424102181939

mem[X,0x000000008000091C] -> 0xBC23
mem[X,0x000000008000091E] -> 0x0340
[588] [M]: 0x000000008000091C (0x0340BC23) sd s4, 0x38(ra)
mem[0x00000000800041E0] <- 0x0F0A424102181939

mem[X,0x0000000080000920] -> 0x0237
mem[X,0x0000000080000922] -> 0x8021
[589] [M]: 0x0000000080000920 (0x80210237) lui tp, -0x7fdf0
x4 <- 0xFFFFFFFF80210000

mem[X,0x0000000080000924] -> 0x0213
mem[X,0x0000000080000926] -> 0xFF92
[590] [M]: 0x0000000080000924 (0xFF920213) addi tp, tp, -0x7
x4 <- 0xFFFFFFFF8020FFF9

mem[X,0x0000000080000928] -> 0x1213
mem[X,0x000000008000092A] -> 0x00B2
[591] [M]: 0x0000000080000928 (0x00B21213) slli tp, tp, 0xb
x4 <- 0xFFFFFC0107FFC800

mem[X,0x000000008000092C] -> 0x0213
mem[X,0x000000008000092E] -> 0x7F82
[592] [M]: 0x000000008000092C (0x7F820213) addi tp, tp, 0x7f8
x4 <- 0xFFFFFC0107FFCFF8

mem[X,0x0000000080000930] -> 0x1213
mem[X,0x0000000080000932] -> 0x00B2
[593] [M]: 0x0000000080000930 (0x00B21213) slli tp, tp, 0xb
x4 <- 0xFFE0083FFE7FC000

mem[X,0x0000000080000934] -> 0x0213
mem[X,0x0000000080000936] -> 0x1902
[594] [M]: 0x0000000080000934 (0x19020213) addi tp, tp, 0x190
x4 <- 0xFFE0083FFE7FC190

mem[X,0x0000000080000938] -> 0x1213
mem[X,0x000000008000093A] -> 0x00A2
[595] [M]: 0x0000000080000938 (0x00A21213) slli tp, tp, 0xa
x4 <- 0x8020FFF9FF064000

mem[X,0x000000008000093C] -> 0x0213
mem[X,0x000000008000093E] -> 0x0062
[596] [M]: 0x000000008000093C (0x00620213) addi tp, tp, 0x6
x4 <- 0x8020FFF9FF064006

mem[X,0x0000000080000940] -> 0xF4B7
mem[X,0x0000000080000942] -> 0xF701
[597] [M]: 0x0000000080000940 (0xF701F4B7) lui s1, -0x8fe1
x9 <- 0xFFFFFFFFF701F000

mem[X,0x0000000080000944] -> 0x8493
mem[X,0x0000000080000946] -> 0xFF64
[598] [M]: 0x0000000080000944 (0xFF648493) addi s1, s1, -0xa
x9 <- 0xFFFFFFFFF701EFF6

mem[X,0x0000000080000948] -> 0x9493
mem[X,0x000000008000094A] -> 0x00B4
[599] [M]: 0x0000000080000948 (0x00B49493) slli s1, s1, 0xb
x9 <- 0xFFFFFFB80F7FB000

clint::tick mtime <- 0x0000000000000006
 clint timer pending at mtime 0x0000000000000006
htif::tick 0x0000000000000000
mem[X,0x000000008000094C] -> 0x8493
mem[X,0x000000008000094E] -> 0x5FF4
[600] [M]: 0x000000008000094C (0x5FF48493) addi s1, s1, 0x5ff
x9 <- 0xFFFFFFB80F7FB5FF

mem[X,0x0000000080000950] -> 0x9493
mem[X,0x0000000080000952] -> 0x00B4
[601] [M]: 0x0000000080000950 (0x00B49493) slli s1, s1, 0xb
x9 <- 0xFFFDC07BFDAFF800

mem[X,0x0000000080000954] -> 0x8493
mem[X,0x0000000080000956] -> 0x62F4
[602] [M]: 0x0000000080000954 (0x62F48493) addi s1, s1, 0x62f
x9 <- 0xFFFDC07BFDAFFE2F

mem[X,0x0000000080000958] -> 0x9493
mem[X,0x000000008000095A] -> 0x00A4
[603] [M]: 0x0000000080000958 (0x00A49493) slli s1, s1, 0xa
x9 <- 0xF701EFF6BFF8BC00

mem[X,0x000000008000095C] -> 0x8493
mem[X,0x000000008000095E] -> 0x3034
[604] [M]: 0x000000008000095C (0x30348493) addi s1, s1, 0x303
x9 <- 0xF701EFF6BFF8BF03

mem[X,0x0000000080000960] -> 0x093B
mem[X,0x0000000080000962] -> 0xCC92
[605] [M]: 0x0000000080000960 (0xCC92093B) pdif.b s2, tp, s1
x18 <- 0x771F1003400E7F03

mem[X,0x0000000080000964] -> 0xB023
mem[X,0x0000000080000966] -> 0x0520
[606] [M]: 0x0000000080000964 (0x0520B023) sd s2, 0x40(ra)
mem[0x00000000800041E8] <- 0x771F1003400E7F03

mem[X,0x0000000080000968] -> 0x02B7
mem[X,0x000000008000096A] -> 0x7F08
[607] [M]: 0x0000000080000968 (0x7F0802B7) lui t0, 0x7f080
x5 <- 0x000000007F080000

mem[X,0x000000008000096C] -> 0x8293
mem[X,0x000000008000096E] -> 0x9052
[608] [M]: 0x000000008000096C (0x90528293) addi t0, t0, -0x6fb
x5 <- 0x000000007F07F905

mem[X,0x0000000080000970] -> 0x9293
mem[X,0x0000000080000972] -> 0x00B2
[609] [M]: 0x0000000080000970 (0x00B29293) slli t0, t0, 0xb
x5 <- 0x000003F83FC82800

mem[X,0x0000000080000974] -> 0x8293
mem[X,0x0000000080000976] -> 0x1FF2
[610] [M]: 0x0000000080000974 (0x1FF28293) addi t0, t0, 0x1ff
x5 <- 0x000003F83FC829FF

mem[X,0x0000000080000978] -> 0x9293
mem[X,0x000000008000097A] -> 0x00B2
[611] [M]: 0x0000000080000978 (0x00B29293) slli t0, t0, 0xb
x5 <- 0x001FC1FE414FF800

mem[X,0x000000008000097C] -> 0x8293
mem[X,0x000000008000097E] -> 0x63F2
[612] [M]: 0x000000008000097C (0x63F28293) addi t0, t0, 0x63f
x5 <- 0x001FC1FE414FFE3F

mem[X,0x0000000080000980] -> 0x9293
mem[X,0x0000000080000982] -> 0x00A2
[613] [M]: 0x0000000080000980 (0x00A29293) slli t0, t0, 0xa
x5 <- 0x7F07F9053FF8FC00

mem[X,0x0000000080000984] -> 0x8293
mem[X,0x0000000080000986] -> 0x2022
[614] [M]: 0x0000000080000984 (0x20228293) addi t0, t0, 0x202
x5 <- 0x7F07F9053FF8FE02

mem[X,0x0000000080000988] -> 0xEB37
mem[X,0x000000008000098A] -> 0x0010
[615] [M]: 0x0000000080000988 (0x0010EB37) lui s6, 0x10e
x22 <- 0x000000000010E000

mem[X,0x000000008000098C] -> 0x0B13
mem[X,0x000000008000098E] -> 0xF10B
[616] [M]: 0x000000008000098C (0xF10B0B13) addi s6, s6, -0xf0
x22 <- 0x000000000010DF10

mem[X,0x0000000080000990] -> 0x1B13
mem[X,0x0000000080000992] -> 0x00BB
[617] [M]: 0x0000000080000990 (0x00BB1B13) slli s6, s6, 0xb
x22 <- 0x0000000086F88000

mem[X,0x0000000080000994] -> 0x0B13
mem[X,0x0000000080000996] -> 0x6FFB
[618] [M]: 0x0000000080000994 (0x6FFB0B13) addi s6, s6, 0x6ff
x22 <- 0x0000000086F886FF

mem[X,0x0000000080000998] -> 0x1B13
mem[X,0x000000008000099A] -> 0x00BB
[619] [M]: 0x0000000080000998 (0x00BB1B13) slli s6, s6, 0xb
x22 <- 0x00000437C437F800

mem[X,0x000000008000099C] -> 0x0B13
mem[X,0x000000008000099E] -> 0x6BFB
[620] [M]: 0x000000008000099C (0x6BFB0B13) addi s6, s6, 0x6bf
x22 <- 0x00000437C437FEBF

mem[X,0x00000000800009A0] -> 0x1B13
mem[X,0x00000000800009A2] -> 0x00AB
[621] [M]: 0x00000000800009A0 (0x00AB1B13) slli s6, s6, 0xa
x22 <- 0x0010DF10DFFAFC00

mem[X,0x00000000800009A4] -> 0x0B13
mem[X,0x00000000800009A6] -> 0x0FEB
[622] [M]: 0x00000000800009A4 (0x0FEB0B13) addi s6, s6, 0xfe
x22 <- 0x0010DF10DFFAFCFE

mem[X,0x00000000800009A8] -> 0x8BBB
mem[X,0x00000000800009AA] -> 0xCD62
[623] [M]: 0x00000000800009A8 (0xCD628BBB) pdif.b s7, t0, s6
x23 <- 0x7F091A0B60020204

mem[X,0x00000000800009AC] -> 0xB423
mem[X,0x00000000800009AE] -> 0x0570
[624] [M]: 0x00000000800009AC (0x0570B423) sd s7, 0x48(ra)
mem[0x00000000800041F0] <- 0x7F091A0B60020204

mem[X,0x00000000800009B0] -> 0x16B7
mem[X,0x00000000800009B2] -> 0xFE02
[625] [M]: 0x00000000800009B0 (0xFE0216B7) lui a3, -0x1fdf
x13 <- 0xFFFFFFFFFE021000

mem[X,0x00000000800009B4] -> 0x8693
mem[X,0x00000000800009B6] -> 0x8FD6
[626] [M]: 0x00000000800009B4 (0x8FD68693) addi a3, a3, -0x703
x13 <- 0xFFFFFFFFFE0208FD

mem[X,0x00000000800009B8] -> 0x9693
mem[X,0x00000000800009BA] -> 0x00B6
[627] [M]: 0x00000000800009B8 (0x00B69693) slli a3, a3, 0xb
x13 <- 0xFFFFFFF01047E800

mem[X,0x00000000800009BC] -> 0x8693
mem[X,0x00000000800009BE] -> 0x0006
[628] [M]: 0x00000000800009BC (0x00068693) addi a3, a3, 0x0
x13 <- 0xFFFFFFF01047E800

mem[X,0x00000000800009C0] -> 0x9693
mem[X,0x00000000800009C2] -> 0x00B6
[629] [M]: 0x00000000800009C0 (0x00B69693) slli a3, a3, 0xb
x13 <- 0xFFFF80823F400000

mem[X,0x00000000800009C4] -> 0x8693
mem[X,0x00000000800009C6] -> 0x23B6
[630] [M]: 0x00000000800009C4 (0x23B68693) addi a3, a3, 0x23b
x13 <- 0xFFFF80823F40023B

mem[X,0x00000000800009C8] -> 0x9693
mem[X,0x00000000800009CA] -> 0x00A6
[631] [M]: 0x00000000800009C8 (0x00A69693) slli a3, a3, 0xa
x13 <- 0xFE0208FD0008EC00

mem[X,0x00000000800009CC] -> 0x8693
mem[X,0x00000000800009CE] -> 0x3BF6
[632] [M]: 0x00000000800009CC (0x3BF68693) addi a3, a3, 0x3bf
x13 <- 0xFE0208FD0008EFBF

mem[X,0x00000000800009D0] -> 0x03B7
mem[X,0x00000000800009D2] -> 0xFE41
[633] [M]: 0x00000000800009D0 (0xFE4103B7) lui t2, -0x1bf0
x7 <- 0xFFFFFFFFFE410000

mem[X,0x00000000800009D4] -> 0x8393
mem[X,0x00000000800009D6] -> 0xEAA3
[634] [M]: 0x00000000800009D4 (0xEAA38393) addi t2, t2, -0x156
x7 <- 0xFFFFFFFFFE40FEAA

mem[X,0x00000000800009D8] -> 0x9393
mem[X,0x00000000800009DA] -> 0x00B3
[635] [M]: 0x00000000800009D8 (0x00B39393) slli t2, t2, 0xb
x7 <- 0xFFFFFFF207F55000

mem[X,0x00000000800009DC] -> 0x8393
mem[X,0x00000000800009DE] -> 0x00F3
[636] [M]: 0x00000000800009DC (0x00F38393) addi t2, t2, 0xf
x7 <- 0xFFFFFFF207F5500F

mem[X,0x00000000800009E0] -> 0x9393
mem[X,0x00000000800009E2] -> 0x00B3
[637] [M]: 0x00000000800009E0 (0x00B39393) slli t2, t2, 0xb
x7 <- 0xFFFF903FAA807800

mem[X,0x00000000800009E4] -> 0x8393
mem[X,0x00000000800009E6] -> 0x77F3
[638] [M]: 0x00000000800009E4 (0x77F38393) addi t2, t2, 0x77f
x7 <- 0xFFFF903FAA807F7F

mem[X,0x00000000800009E8] -> 0x9393
mem[X,0x00000000800009EA] -> 0x00A3
[639] [M]: 0x00000000800009E8 (0x00A39393) slli t2, t2, 0xa
x7 <- 0xFE40FEAA01FDFC00

mem[X,0x00000000800009EC] -> 0x8393
mem[X,0x00000000800009EE] -> 0x0403
[640] [M]: 0x00000000800009EC (0x04038393) addi t2, t2, 0x40
x7 <- 0xFE40FEAA01FDFC40

mem[X,0x00000000800009F0] -> 0x82BB
mem[X,0x00000000800009F2] -> 0xCC76
[641] [M]: 0x00000000800009F0 (0xCC7682BB) pdif.b t0, a3, t2
x5 <- 0x003E0A53010B0D7F

mem[X,0x00000000800009F4] -> 0xB823
mem[X,0x00000000800009F6] -> 0x0450
[642] [M]: 0x00000000800009F4 (0x0450B823) sd t0, 0x50(ra)
mem[0x00000000800041F8] <- 0x003E0A53010B0D7F

mem[X,0x00000000800009F8] -> 0x4037
mem[X,0x00000000800009FA] -> 0xAA03
[643] [M]: 0x00000000800009F8 (0xAA034037) lui zero, -0x55fcc

mem[X,0x00000000800009FC] -> 0x0013
mem[X,0x00000000800009FE] -> 0x0FC0
[644] [M]: 0x00000000800009FC (0x0FC00013) addi zero, zero, 0xfc

mem[X,0x0000000080000A00] -> 0x1013
mem[X,0x0000000080000A02] -> 0x00B0
[645] [M]: 0x0000000080000A00 (0x00B01013) slli zero, zero, 0xb

mem[X,0x0000000080000A04] -> 0x0013
mem[X,0x0000000080000A06] -> 0x1000
[646] [M]: 0x0000000080000A04 (0x10000013) addi zero, zero, 0x100

mem[X,0x0000000080000A08] -> 0x1013
mem[X,0x0000000080000A0A] -> 0x00B0
[647] [M]: 0x0000000080000A08 (0x00B01013) slli zero, zero, 0xb

mem[X,0x0000000080000A0C] -> 0x0013
mem[X,0x0000000080000A0E] -> 0x1C10
[648] [M]: 0x0000000080000A0C (0x1C100013) addi zero, zero, 0x1c1

mem[X,0x0000000080000A10] -> 0x1013
mem[X,0x0000000080000A12] -> 0x00A0
[649] [M]: 0x0000000080000A10 (0x00A01013) slli zero, zero, 0xa

mem[X,0x0000000080000A14] -> 0x0013
mem[X,0x0000000080000A16] -> 0x0EF0
[650] [M]: 0x0000000080000A14 (0x0EF00013) addi zero, zero, 0xef

mem[X,0x0000000080000A18] -> 0x8337
mem[X,0x0000000080000A1A] -> 0x04F9
[651] [M]: 0x0000000080000A18 (0x04F98337) lui t1, 0x4f98
x6 <- 0x0000000004F98000

mem[X,0x0000000080000A1C] -> 0x0313
mem[X,0x0000000080000A1E] -> 0x0093
[652] [M]: 0x0000000080000A1C (0x00930313) addi t1, t1, 0x9
x6 <- 0x0000000004F98009

mem[X,0x0000000080000A20] -> 0x1313
mem[X,0x0000000080000A22] -> 0x00B3
[653] [M]: 0x0000000080000A20 (0x00B31313) slli t1, t1, 0xb
x6 <- 0x00000027CC004800

mem[X,0x0000000080000A24] -> 0x0313
mem[X,0x0000000080000A26] -> 0x1FA3
[654] [M]: 0x0000000080000A24 (0x1FA30313) addi t1, t1, 0x1fa
x6 <- 0x00000027CC0049FA

mem[X,0x0000000080000A28] -> 0x1313
mem[X,0x0000000080000A2A] -> 0x00B3
[655] [M]: 0x0000000080000A28 (0x00B31313) slli t1, t1, 0xb
x6 <- 0x00013E60024FD000

mem[X,0x0000000080000A2C] -> 0x0313
mem[X,0x0000000080000A2E] -> 0x55F3
[656] [M]: 0x0000000080000A2C (0x55F30313) addi t1, t1, 0x55f
x6 <- 0x00013E60024FD55F

mem[X,0x0000000080000A30] -> 0x1313
mem[X,0x0000000080000A32] -> 0x00A3
[657] [M]: 0x0000000080000A30 (0x00A31313) slli t1, t1, 0xa
x6 <- 0x04F980093F557C00

mem[X,0x0000000080000A34] -> 0x0313
mem[X,0x0000000080000A36] -> 0x3FB3
[658] [M]: 0x0000000080000A34 (0x3FB30313) addi t1, t1, 0x3fb
x6 <- 0x04F980093F557FFB

mem[X,0x0000000080000A38] -> 0x0FBB
mem[X,0x0000000080000A3A] -> 0xCC60
[659] [M]: 0x0000000080000A38 (0xCC600FBB) pdif.b t6, zero, t1
x31 <- 0x04077F093F557F05

mem[X,0x0000000080000A3C] -> 0xBC23
mem[X,0x0000000080000A3E] -> 0x05F0
[660] [M]: 0x0000000080000A3C (0x05F0BC23) sd t6, 0x58(ra)
mem[0x0000000080004200] <- 0x04077F093F557F05

mem[X,0x0000000080000A40] -> 0x4337
mem[X,0x0000000080000A42] -> 0xFC10
[661] [M]: 0x0000000080000A40 (0xFC104337) lui t1, -0x3efc
x6 <- 0xFFFFFFFFFC104000

mem[X,0x0000000080000A44] -> 0x0313
mem[X,0x0000000080000A46] -> 0xF033
[662] [M]: 0x0000000080000A44 (0xF0330313) addi t1, t1, -0xfd
x6 <- 0xFFFFFFFFFC103F03

mem[X,0x0000000080000A48] -> 0x1313
mem[X,0x0000000080000A4A] -> 0x00B3
[663] [M]: 0x0000000080000A48 (0x00B31313) slli t1, t1, 0xb
x6 <- 0xFFFFFFE081F81800

mem[X,0x0000000080000A4C] -> 0x0313
mem[X,0x0000000080000A4E] -> 0x7E53
[664] [M]: 0x0000000080000A4C (0x7E530313) addi t1, t1, 0x7e5
x6 <- 0xFFFFFFE081F81FE5

mem[X,0x0000000080000A50] -> 0x1313
mem[X,0x0000000080000A52] -> 0x00B3
[665] [M]: 0x0000000080000A50 (0x00B31313) slli t1, t1, 0xb
x6 <- 0xFFFF040FC0FF2800

mem[X,0x0000000080000A54] -> 0x0313
mem[X,0x0000000080000A56] -> 0x2BF3
[666] [M]: 0x0000000080000A54 (0x2BF30313) addi t1, t1, 0x2bf
x6 <- 0xFFFF040FC0FF2ABF

mem[X,0x0000000080000A58] -> 0x1313
mem[X,0x0000000080000A5A] -> 0x00A3
[667] [M]: 0x0000000080000A58 (0x00A31313) slli t1, t1, 0xa
x6 <- 0xFC103F03FCAAFC00

mem[X,0x0000000080000A5C] -> 0x0313
mem[X,0x0000000080000A5E] -> 0x3043
[668] [M]: 0x0000000080000A5C (0x30430313) addi t1, t1, 0x304
x6 <- 0xFC103F03FCAAFF04

mem[X,0x0000000080000A60] -> 0x82B7
mem[X,0x0000000080000A62] -> 0x0304
[669] [M]: 0x0000000080000A60 (0x030482B7) lui t0, 0x3048
x5 <- 0x0000000003048000

mem[X,0x0000000080000A64] -> 0x8293
mem[X,0x0000000080000A66] -> 0xFF72
[670] [M]: 0x0000000080000A64 (0xFF728293) addi t0, t0, -0x9
x5 <- 0x0000000003047FF7

mem[X,0x0000000080000A68] -> 0x9293
mem[X,0x0000000080000A6A] -> 0x00B2
[671] [M]: 0x0000000080000A68 (0x00B29293) slli t0, t0, 0xb
x5 <- 0x0000001823FFB800

mem[X,0x0000000080000A6C] -> 0x8293
mem[X,0x0000000080000A6E] -> 0x7C72
[672] [M]: 0x0000000080000A6C (0x7C728293) addi t0, t0, 0x7c7
x5 <- 0x0000001823FFBFC7

mem[X,0x0000000080000A70] -> 0x9293
mem[X,0x0000000080000A72] -> 0x00B2
[673] [M]: 0x0000000080000A70 (0x00B29293) slli t0, t0, 0xb
x5 <- 0x0000C11FFDFE3800

mem[X,0x0000000080000A74] -> 0x8293
mem[X,0x0000000080000A76] -> 0x67E2
[674] [M]: 0x0000000080000A74 (0x67E28293) addi t0, t0, 0x67e
x5 <- 0x0000C11FFDFE3E7E

mem[X,0x0000000080000A78] -> 0x9293
mem[X,0x0000000080000A7A] -> 0x00A2
[675] [M]: 0x0000000080000A78 (0x00A29293) slli t0, t0, 0xa
x5 <- 0x03047FF7F8F9F800

mem[X,0x0000000080000A7C] -> 0x8293
mem[X,0x0000000080000A7E] -> 0x3012
[676] [M]: 0x0000000080000A7C (0x30128293) addi t0, t0, 0x301
x5 <- 0x03047FF7F8F9FB01

mem[X,0x0000000080000A80] -> 0x01BB
mem[X,0x0000000080000A82] -> 0xCC53
[677] [M]: 0x0000000080000A80 (0xCC5301BB) pdif.b gp, t1, t0
x3 <- 0x070C400C044F0403

mem[X,0x0000000080000A84] -> 0xB023
mem[X,0x0000000080000A86] -> 0x0630
[678] [M]: 0x0000000080000A84 (0x0630B023) sd gp, 0x60(ra)
mem[0x0000000080004208] <- 0x070C400C044F0403

mem[X,0x0000000080000A88] -> 0x1EB7
mem[X,0x0000000080000A8A] -> 0x02F9
[679] [M]: 0x0000000080000A88 (0x02F91EB7) lui t4, 0x2f91
x29 <- 0x0000000002F91000

mem[X,0x0000000080000A8C] -> 0x8E93
mem[X,0x0000000080000A8E] -> 0x0F6E
[680] [M]: 0x0000000080000A8C (0x0F6E8E93) addi t4, t4, 0xf6
x29 <- 0x0000000002F910F6

mem[X,0x0000000080000A90] -> 0x9E93
mem[X,0x0000000080000A92] -> 0x00BE
[681] [M]: 0x0000000080000A90 (0x00BE9E93) slli t4, t4, 0xb
x29 <- 0x00000017C887B000

mem[X,0x0000000080000A94] -> 0x8E93
mem[X,0x0000000080000A96] -> 0x77FE
[682] [M]: 0x0000000080000A94 (0x77FE8E93) addi t4, t4, 0x77f
x29 <- 0x00000017C887B77F

mem[X,0x0000000080000A98] -> 0x9E93
mem[X,0x0000000080000A9A] -> 0x00BE
[683] [M]: 0x0000000080000A98 (0x00BE9E93) slli t4, t4, 0xb
x29 <- 0x0000BE443DBBF800

mem[X,0x0000000080000A9C] -> 0x8E93
mem[X,0x0000000080000A9E] -> 0x6CFE
[684] [M]: 0x0000000080000A9C (0x6CFE8E93) addi t4, t4, 0x6cf
x29 <- 0x0000BE443DBBFECF

mem[X,0x0000000080000AA0] -> 0x9E93
mem[X,0x0000000080000AA2] -> 0x00AE
[685] [M]: 0x0000000080000AA0 (0x00AE9E93) slli t4, t4, 0xa
x29 <- 0x02F910F6EFFB3C00

mem[X,0x0000000080000AA4] -> 0x8E93
mem[X,0x0000000080000AA6] -> 0x304E
[686] [M]: 0x0000000080000AA4 (0x304E8E93) addi t4, t4, 0x304
x29 <- 0x02F910F6EFFB3F04

mem[X,0x0000000080000AA8] -> 0x0D37
mem[X,0x0000000080000AAA] -> 0x04C0
[687] [M]: 0x0000000080000AA8 (0x04C00D37) lui s10, 0x4c00
x26 <- 0x0000000004C00000

mem[X,0x0000000080000AAC] -> 0x0D13
mem[X,0x0000000080000AAE] -> 0x4DFD
[688] [M]: 0x0000000080000AAC (0x4DFD0D13) addi s10, s10, 0x4df
x26 <- 0x0000000004C004DF

mem[X,0x0000000080000AB0] -> 0x1D13
mem[X,0x0000000080000AB2] -> 0x00BD
[689] [M]: 0x0000000080000AB0 (0x00BD1D13) slli s10, s10, 0xb
x26 <- 0x000000260026F800

mem[X,0x0000000080000AB4] -> 0x0D13
mem[X,0x0000000080000AB6] -> 0x3FED
[690] [M]: 0x0000000080000AB4 (0x3FED0D13) addi s10, s10, 0x3fe
x26 <- 0x000000260026FBFE

mem[X,0x0000000080000AB8] -> 0x1D13
mem[X,0x0000000080000ABA] -> 0x00BD
[691] [M]: 0x0000000080000AB8 (0x00BD1D13) slli s10, s10, 0xb
x26 <- 0x0001300137DFF000

mem[X,0x0000000080000ABC] -> 0x0D13
mem[X,0x0000000080000ABE] -> 0x03DD
[692] [M]: 0x0000000080000ABC (0x03DD0D13) addi s10, s10, 0x3d
x26 <- 0x0001300137DFF03D

mem[X,0x0000000080000AC0] -> 0x1D13
mem[X,0x0000000080000AC2] -> 0x00AD
[693] [M]: 0x0000000080000AC0 (0x00AD1D13) slli s10, s10, 0xa
x26 <- 0x04C004DF7FC0F400

mem[X,0x0000000080000AC4] -> 0x0D13
mem[X,0x0000000080000AC6] -> 0x3EFD
[694] [M]: 0x0000000080000AC4 (0x3EFD0D13) addi s10, s10, 0x3ef
x26 <- 0x04C004DF7FC0F7EF

mem[X,0x0000000080000AC8] -> 0x83BB
mem[X,0x0000000080000ACA] -> 0xCDAE
[695] [M]: 0x0000000080000AC8 (0xCDAE83BB) pdif.b t2, t4, s10
x7 <- 0x02390C17703B4815

mem[X,0x0000000080000ACC] -> 0xB423
mem[X,0x0000000080000ACE] -> 0x0670
[696] [M]: 0x0000000080000ACC (0x0670B423) sd t2, 0x68(ra)
mem[0x0000000080004210] <- 0x02390C17703B4815

mem[X,0x0000000080000AD0] -> 0x1F37
mem[X,0x0000000080000AD2] -> 0x05FD
[697] [M]: 0x0000000080000AD0 (0x05FD1F37) lui t5, 0x5fd1
x30 <- 0x0000000005FD1000

mem[X,0x0000000080000AD4] -> 0x0F13
mem[X,0x0000000080000AD6] -> 0x904F
[698] [M]: 0x0000000080000AD4 (0x904F0F13) addi t5, t5, -0x6fc
x30 <- 0x0000000005FD0904

mem[X,0x0000000080000AD8] -> 0x1F13
mem[X,0x0000000080000ADA] -> 0x00BF
[699] [M]: 0x0000000080000AD8 (0x00BF1F13) slli t5, t5, 0xb
x30 <- 0x0000002FE8482000

clint::tick mtime <- 0x0000000000000007
 clint timer pending at mtime 0x0000000000000007
htif::tick 0x0000000000000000
mem[X,0x0000000080000ADC] -> 0x0F13
mem[X,0x0000000080000ADE] -> 0x5F9F
[700] [M]: 0x0000000080000ADC (0x5F9F0F13) addi t5, t5, 0x5f9
x30 <- 0x0000002FE84825F9

mem[X,0x0000000080000AE0] -> 0x1F13
mem[X,0x0000000080000AE2] -> 0x00BF
[701] [M]: 0x0000000080000AE0 (0x00BF1F13) slli t5, t5, 0xb
x30 <- 0x00017F42412FC800

mem[X,0x0000000080000AE4] -> 0x0F13
mem[X,0x0000000080000AE6] -> 0x015F
[702] [M]: 0x0000000080000AE4 (0x015F0F13) addi t5, t5, 0x15
x30 <- 0x00017F42412FC815

mem[X,0x0000000080000AE8] -> 0x1F13
mem[X,0x0000000080000AEA] -> 0x00AF
[703] [M]: 0x0000000080000AE8 (0x00AF1F13) slli t5, t5, 0xa
x30 <- 0x05FD0904BF205400

mem[X,0x0000000080000AEC] -> 0x0F13
mem[X,0x0000000080000AEE] -> 0x1AAF
[704] [M]: 0x0000000080000AEC (0x1AAF0F13) addi t5, t5, 0x1aa
x30 <- 0x05FD0904BF2055AA

mem[X,0x0000000080000AF0] -> 0x1EB7
mem[X,0x0000000080000AF2] -> 0x04AA
[705] [M]: 0x0000000080000AF0 (0x04AA1EB7) lui t4, 0x4aa1
x29 <- 0x0000000004AA1000

mem[X,0x0000000080000AF4] -> 0x8E93
mem[X,0x0000000080000AF6] -> 0x007E
[706] [M]: 0x0000000080000AF4 (0x007E8E93) addi t4, t4, 0x7
x29 <- 0x0000000004AA1007

mem[X,0x0000000080000AF8] -> 0x9E93
mem[X,0x0000000080000AFA] -> 0x00BE
[707] [M]: 0x0000000080000AF8 (0x00BE9E93) slli t4, t4, 0xb
x29 <- 0x0000002550803800

mem[X,0x0000000080000AFC] -> 0x8E93
mem[X,0x0000000080000AFE] -> 0x607E
[708] [M]: 0x0000000080000AFC (0x607E8E93) addi t4, t4, 0x607
x29 <- 0x0000002550803E07

mem[X,0x0000000080000B00] -> 0x9E93
mem[X,0x0000000080000B02] -> 0x00BE
[709] [M]: 0x0000000080000B00 (0x00BE9E93) slli t4, t4, 0xb
x29 <- 0x00012A8401F03800

mem[X,0x0000000080000B04] -> 0x8E93
mem[X,0x0000000080000B06] -> 0x5CFE
[710] [M]: 0x0000000080000B04 (0x5CFE8E93) addi t4, t4, 0x5cf
x29 <- 0x00012A8401F03DCF

mem[X,0x0000000080000B08] -> 0x9E93
mem[X,0x0000000080000B0A] -> 0x00AE
[711] [M]: 0x0000000080000B08 (0x00AE9E93) slli t4, t4, 0xa
x29 <- 0x04AA1007C0F73C00

mem[X,0x0000000080000B0C] -> 0x8E93
mem[X,0x0000000080000B0E] -> 0x33FE
[712] [M]: 0x0000000080000B0C (0x33FE8E93) addi t4, t4, 0x33f
x29 <- 0x04AA1007C0F73F3F

mem[X,0x0000000080000B10] -> 0x0FBB
mem[X,0x0000000080000B12] -> 0xCDDF
[713] [M]: 0x0000000080000B10 (0xCDDF0FBB) pdif.b t6, t5, t4
x31 <- 0x015307030129166B

mem[X,0x0000000080000B14] -> 0xB823
mem[X,0x0000000080000B16] -> 0x07F0
[714] [M]: 0x0000000080000B14 (0x07F0B823) sd t6, 0x70(ra)
mem[0x0000000080004218] <- 0x015307030129166B

mem[X,0x0000000080000B18] -> 0x0F37
mem[X,0x0000000080000B1A] -> 0x55F9
[715] [M]: 0x0000000080000B18 (0x55F90F37) lui t5, 0x55f90
x30 <- 0x0000000055F90000

mem[X,0x0000000080000B1C] -> 0x0F13
mem[X,0x0000000080000B1E] -> 0xF00F
[716] [M]: 0x0000000080000B1C (0xF00F0F13) addi t5, t5, -0x100
x30 <- 0x0000000055F8FF00

mem[X,0x0000000080000B20] -> 0x1F13
mem[X,0x0000000080000B22] -> 0x00BF
[717] [M]: 0x0000000080000B20 (0x00BF1F13) slli t5, t5, 0xb
x30 <- 0x000002AFC7F80000

mem[X,0x0000000080000B24] -> 0x0F13
mem[X,0x0000000080000B26] -> 0x406F
[718] [M]: 0x0000000080000B24 (0x406F0F13) addi t5, t5, 0x406
x30 <- 0x000002AFC7F80406

mem[X,0x0000000080000B28] -> 0x1F13
mem[X,0x0000000080000B2A] -> 0x00BF
[719] [M]: 0x0000000080000B28 (0x00BF1F13) slli t5, t5, 0xb
x30 <- 0x00157E3FC0203000

mem[X,0x0000000080000B2C] -> 0x0F13
mem[X,0x0000000080000B2E] -> 0x7FDF
[720] [M]: 0x0000000080000B2C (0x7FDF0F13) addi t5, t5, 0x7fd
x30 <- 0x00157E3FC02037FD

mem[X,0x0000000080000B30] -> 0x1F13
mem[X,0x0000000080000B32] -> 0x00AF
[721] [M]: 0x0000000080000B30 (0x00AF1F13) slli t5, t5, 0xa
x30 <- 0x55F8FF0080DFF400

mem[X,0x0000000080000B34] -> 0x0F13
mem[X,0x0000000080000B36] -> 0x310F
[722] [M]: 0x0000000080000B34 (0x310F0F13) addi t5, t5, 0x310
x30 <- 0x55F8FF0080DFF710

mem[X,0x0000000080000B38] -> 0x2EB7
mem[X,0x0000000080000B3A] -> 0x0504
[723] [M]: 0x0000000080000B38 (0x05042EB7) lui t4, 0x5042
x29 <- 0x0000000005042000

mem[X,0x0000000080000B3C] -> 0x8E93
mem[X,0x0000000080000B3E] -> 0x0AAE
[724] [M]: 0x0000000080000B3C (0x0AAE8E93) addi t4, t4, 0xaa
x29 <- 0x00000000050420AA

mem[X,0x0000000080000B40] -> 0x9E93
mem[X,0x0000000080000B42] -> 0x00BE
[725] [M]: 0x0000000080000B40 (0x00BE9E93) slli t4, t4, 0xb
x29 <- 0x0000002821055000

mem[X,0x0000000080000B44] -> 0x8E93
mem[X,0x0000000080000B46] -> 0x026E
[726] [M]: 0x0000000080000B44 (0x026E8E93) addi t4, t4, 0x26
x29 <- 0x0000002821055026

mem[X,0x0000000080000B48] -> 0x9E93
mem[X,0x0000000080000B4A] -> 0x00BE
[727] [M]: 0x0000000080000B48 (0x00BE9E93) slli t4, t4, 0xb
x29 <- 0x000141082A813000

mem[X,0x0000000080000B4C] -> 0x8E93
mem[X,0x0000000080000B4E] -> 0x7FFE
[728] [M]: 0x0000000080000B4C (0x7FFE8E93) addi t4, t4, 0x7ff
x29 <- 0x000141082A8137FF

mem[X,0x0000000080000B50] -> 0x9E93
mem[X,0x0000000080000B52] -> 0x00AE
[729] [M]: 0x0000000080000B50 (0x00AE9E93) slli t4, t4, 0xa
x29 <- 0x050420AA04DFFC00

mem[X,0x0000000080000B54] -> 0x8E93
mem[X,0x0000000080000B56] -> 0x3C0E
[730] [M]: 0x0000000080000B54 (0x3C0E8E93) addi t4, t4, 0x3c0
x29 <- 0x050420AA04DFFFC0

mem[X,0x0000000080000B58] -> 0x0FBB
mem[X,0x0000000080000B5A] -> 0xCDDF
[731] [M]: 0x0000000080000B58 (0xCDDF0FBB) pdif.b t6, t5, t4
x31 <- 0x500C21567C000850

mem[X,0x0000000080000B5C] -> 0xBC23
mem[X,0x0000000080000B5E] -> 0x07F0
[732] [M]: 0x0000000080000B5C (0x07F0BC23) sd t6, 0x78(ra)
mem[0x0000000080004220] <- 0x500C21567C000850

mem[X,0x0000000080000B60] -> 0xFF37
mem[X,0x0000000080000B62] -> 0xF7F9
[733] [M]: 0x0000000080000B60 (0xF7F9FF37) lui t5, -0x8061
x30 <- 0xFFFFFFFFF7F9F000

mem[X,0x0000000080000B64] -> 0x0F13
mem[X,0x0000000080000B66] -> 0x710F
[734] [M]: 0x0000000080000B64 (0x710F0F13) addi t5, t5, 0x710
x30 <- 0xFFFFFFFFF7F9F710

mem[X,0x0000000080000B68] -> 0x1F13
mem[X,0x0000000080000B6A] -> 0x00BF
[735] [M]: 0x0000000080000B68 (0x00BF1F13) slli t5, t5, 0xb
x30 <- 0xFFFFFFBFCFB88000

mem[X,0x0000000080000B6C] -> 0x0F13
mem[X,0x0000000080000B6E] -> 0x7D7F
[736] [M]: 0x0000000080000B6C (0x7D7F0F13) addi t5, t5, 0x7d7
x30 <- 0xFFFFFFBFCFB887D7

mem[X,0x0000000080000B70] -> 0x1F13
mem[X,0x0000000080000B72] -> 0x00BF
[737] [M]: 0x0000000080000B70 (0x00BF1F13) slli t5, t5, 0xb
x30 <- 0xFFFDFE7DC43EB800

mem[X,0x0000000080000B74] -> 0x0F13
mem[X,0x0000000080000B76] -> 0x3FFF
[738] [M]: 0x0000000080000B74 (0x3FFF0F13) addi t5, t5, 0x3ff
x30 <- 0xFFFDFE7DC43EBBFF

mem[X,0x0000000080000B78] -> 0x1F13
mem[X,0x0000000080000B7A] -> 0x00AF
[739] [M]: 0x0000000080000B78 (0x00AF1F13) slli t5, t5, 0xa
x30 <- 0xF7F9F710FAEFFC00

mem[X,0x0000000080000B7C] -> 0x0F13
mem[X,0x0000000080000B7E] -> 0x055F
[740] [M]: 0x0000000080000B7C (0x055F0F13) addi t5, t5, 0x55
x30 <- 0xF7F9F710FAEFFC55

mem[X,0x0000000080000B80] -> 0x4EB7
mem[X,0x0000000080000B82] -> 0xC0DF
[741] [M]: 0x0000000080000B80 (0xC0DF4EB7) lui t4, -0x3f20c
x29 <- 0xFFFFFFFFC0DF4000

mem[X,0x0000000080000B84] -> 0x8E93
mem[X,0x0000000080000B86] -> 0x0F6E
[742] [M]: 0x0000000080000B84 (0x0F6E8E93) addi t4, t4, 0xf6
x29 <- 0xFFFFFFFFC0DF40F6

mem[X,0x0000000080000B88] -> 0x9E93
mem[X,0x0000000080000B8A] -> 0x00BE
[743] [M]: 0x0000000080000B88 (0x00BE9E93) slli t4, t4, 0xb
x29 <- 0xFFFFFE06FA07B000

mem[X,0x0000000080000B8C] -> 0x8E93
mem[X,0x0000000080000B8E] -> 0x037E
[744] [M]: 0x0000000080000B8C (0x037E8E93) addi t4, t4, 0x37
x29 <- 0xFFFFFE06FA07B037

mem[X,0x0000000080000B90] -> 0x9E93
mem[X,0x0000000080000B92] -> 0x00BE
[745] [M]: 0x0000000080000B90 (0x00BE9E93) slli t4, t4, 0xb
x29 <- 0xFFF037D03D81B800

mem[X,0x0000000080000B94] -> 0x8E93
mem[X,0x0000000080000B96] -> 0x644E
[746] [M]: 0x0000000080000B94 (0x644E8E93) addi t4, t4, 0x644
x29 <- 0xFFF037D03D81BE44

mem[X,0x0000000080000B98] -> 0x9E93
mem[X,0x0000000080000B9A] -> 0x00AE
[747] [M]: 0x0000000080000B98 (0x00AE9E93) slli t4, t4, 0xa
x29 <- 0xC0DF40F606F91000

mem[X,0x0000000080000B9C] -> 0x8E93
mem[X,0x0000000080000B9E] -> 0x0AAE
[748] [M]: 0x0000000080000B9C (0x0AAE8E93) addi t4, t4, 0xaa
x29 <- 0xC0DF40F606F910AA

mem[X,0x0000000080000BA0] -> 0x0FBB
mem[X,0x0000000080000BA2] -> 0xCDDF
[749] [M]: 0x0000000080000BA0 (0xCDDF0FBB) pdif.b t6, t5, t4
x31 <- 0x371A491A0C0A1455

mem[X,0x0000000080000BA4] -> 0xB023
mem[X,0x0000000080000BA6] -> 0x09F0
[750] [M]: 0x0000000080000BA4 (0x09F0B023) sd t6, 0x80(ra)
mem[0x0000000080004228] <- 0x371A491A0C0A1455

mem[X,0x0000000080000BA8] -> 0x0F37
mem[X,0x0000000080000BAA] -> 0x8003
[751] [M]: 0x0000000080000BA8 (0x80030F37) lui t5, -0x7ffd0
x30 <- 0xFFFFFFFF80030000

mem[X,0x0000000080000BAC] -> 0x0F13
mem[X,0x0000000080000BAE] -> 0x640F
[752] [M]: 0x0000000080000BAC (0x640F0F13) addi t5, t5, 0x640
x30 <- 0xFFFFFFFF80030640

mem[X,0x0000000080000BB0] -> 0x1F13
mem[X,0x0000000080000BB2] -> 0x00BF
[753] [M]: 0x0000000080000BB0 (0x00BF1F13) slli t5, t5, 0xb
x30 <- 0xFFFFFC0018320000

mem[X,0x0000000080000BB4] -> 0x0F13
mem[X,0x0000000080000BB6] -> 0x03FF
[754] [M]: 0x0000000080000BB4 (0x03FF0F13) addi t5, t5, 0x3f
x30 <- 0xFFFFFC001832003F

mem[X,0x0000000080000BB8] -> 0x1F13
mem[X,0x0000000080000BBA] -> 0x00BF
[755] [M]: 0x0000000080000BB8 (0x00BF1F13) slli t5, t5, 0xb
x30 <- 0xFFE000C19001F800

mem[X,0x0000000080000BBC] -> 0x0F13
mem[X,0x0000000080000BBE] -> 0x63DF
[756] [M]: 0x0000000080000BBC (0x63DF0F13) addi t5, t5, 0x63d
x30 <- 0xFFE000C19001FE3D

mem[X,0x0000000080000BC0] -> 0x1F13
mem[X,0x0000000080000BC2] -> 0x00AF
[757] [M]: 0x0000000080000BC0 (0x00AF1F13) slli t5, t5, 0xa
x30 <- 0x8003064007F8F400

mem[X,0x0000000080000BC4] -> 0x0F13
mem[X,0x0000000080000BC6] -> 0x23FF
[758] [M]: 0x0000000080000BC4 (0x23FF0F13) addi t5, t5, 0x23f
x30 <- 0x8003064007F8F63F

mem[X,0x0000000080000BC8] -> 0x0EB7
mem[X,0x0000000080000BCA] -> 0xFD03
[759] [M]: 0x0000000080000BC8 (0xFD030EB7) lui t4, -0x2fd0
x29 <- 0xFFFFFFFFFD030000

mem[X,0x0000000080000BCC] -> 0x8E93
mem[X,0x0000000080000BCE] -> 0xD80E
[760] [M]: 0x0000000080000BCC (0xD80E8E93) addi t4, t4, -0x280
x29 <- 0xFFFFFFFFFD02FD80

mem[X,0x0000000080000BD0] -> 0x9E93
mem[X,0x0000000080000BD2] -> 0x00BE
[761] [M]: 0x0000000080000BD0 (0x00BE9E93) slli t4, t4, 0xb
x29 <- 0xFFFFFFE817EC0000

mem[X,0x0000000080000BD4] -> 0x8E93
mem[X,0x0000000080000BD6] -> 0x086E
[762] [M]: 0x0000000080000BD4 (0x086E8E93) addi t4, t4, 0x86
x29 <- 0xFFFFFFE817EC0086

mem[X,0x0000000080000BD8] -> 0x9E93
mem[X,0x0000000080000BDA] -> 0x00BE
[763] [M]: 0x0000000080000BD8 (0x00BE9E93) slli t4, t4, 0xb
x29 <- 0xFFFF40BF60043000

mem[X,0x0000000080000BDC] -> 0x8E93
mem[X,0x0000000080000BDE] -> 0x7FFE
[764] [M]: 0x0000000080000BDC (0x7FFE8E93) addi t4, t4, 0x7ff
x29 <- 0xFFFF40BF600437FF

mem[X,0x0000000080000BE0] -> 0x9E93
mem[X,0x0000000080000BE2] -> 0x00AE
[765] [M]: 0x0000000080000BE0 (0x00AE9E93) slli t4, t4, 0xa
x29 <- 0xFD02FD8010DFFC00

mem[X,0x0000000080000BE4] -> 0x8E93
mem[X,0x0000000080000BE6] -> 0x220E
[766] [M]: 0x0000000080000BE4 (0x220E8E93) addi t4, t4, 0x220
x29 <- 0xFD02FD8010DFFE20

mem[X,0x0000000080000BE8] -> 0x0FBB
mem[X,0x0000000080000BEA] -> 0xCDDF
[767] [M]: 0x0000000080000BE8 (0xCDDF0FBB) pdif.b t6, t5, t4
x31 <- 0x7D0109400919081F

mem[X,0x0000000080000BEC] -> 0xB423
mem[X,0x0000000080000BEE] -> 0x09F0
[768] [M]: 0x0000000080000BEC (0x09F0B423) sd t6, 0x88(ra)
mem[0x0000000080004230] <- 0x7D0109400919081F

mem[X,0x0000000080000BF0] -> 0x0F37
mem[X,0x0000000080000BF2] -> 0xFDE0
[769] [M]: 0x0000000080000BF0 (0xFDE00F37) lui t5, -0x2200
x30 <- 0xFFFFFFFFFDE00000

mem[X,0x0000000080000BF4] -> 0x0F13
mem[X,0x0000000080000BF6] -> 0xEF6F
[770] [M]: 0x0000000080000BF4 (0xEF6F0F13) addi t5, t5, -0x10a
x30 <- 0xFFFFFFFFFDDFFEF6

mem[X,0x0000000080000BF8] -> 0x1F13
mem[X,0x0000000080000BFA] -> 0x00BF
[771] [M]: 0x0000000080000BF8 (0x00BF1F13) slli t5, t5, 0xb
x30 <- 0xFFFFFFEEFFF7B000

mem[X,0x0000000080000BFC] -> 0x0F13
mem[X,0x0000000080000BFE] -> 0x7E9F
[772] [M]: 0x0000000080000BFC (0x7E9F0F13) addi t5, t5, 0x7e9
x30 <- 0xFFFFFFEEFFF7B7E9

mem[X,0x0000000080000C00] -> 0x1F13
mem[X,0x0000000080000C02] -> 0x00BF
[773] [M]: 0x0000000080000C00 (0x00BF1F13) slli t5, t5, 0xb
x30 <- 0xFFFF77FFBDBF4800

mem[X,0x0000000080000C04] -> 0x0F13
mem[X,0x0000000080000C06] -> 0x7FDF
[774] [M]: 0x0000000080000C04 (0x7FDF0F13) addi t5, t5, 0x7fd
x30 <- 0xFFFF77FFBDBF4FFD

mem[X,0x0000000080000C08] -> 0x1F13
mem[X,0x0000000080000C0A] -> 0x00AF
[775] [M]: 0x0000000080000C08 (0x00AF1F13) slli t5, t5, 0xa
x30 <- 0xFDDFFEF6FD3FF400

mem[X,0x0000000080000C0C] -> 0x0F13
mem[X,0x0000000080000C0E] -> 0x303F
[776] [M]: 0x0000000080000C0C (0x303F0F13) addi t5, t5, 0x303
x30 <- 0xFDDFFEF6FD3FF703

mem[X,0x0000000080000C10] -> 0xFEB7
mem[X,0x0000000080000C12] -> 0xFF40
[777] [M]: 0x0000000080000C10 (0xFF40FEB7) lui t4, -0xbf1
x29 <- 0xFFFFFFFFFF40F000

mem[X,0x0000000080000C14] -> 0x8E93
mem[X,0x0000000080000C16] -> 0x703E
[778] [M]: 0x0000000080000C14 (0x703E8E93) addi t4, t4, 0x703
x29 <- 0xFFFFFFFFFF40F703

mem[X,0x0000000080000C18] -> 0x9E93
mem[X,0x0000000080000C1A] -> 0x00BE
[779] [M]: 0x0000000080000C18 (0x00BE9E93) slli t4, t4, 0xb
x29 <- 0xFFFFFFFA07B81800

mem[X,0x0000000080000C1C] -> 0x8E93
mem[X,0x0000000080000C1E] -> 0x015E
[780] [M]: 0x0000000080000C1C (0x015E8E93) addi t4, t4, 0x15
x29 <- 0xFFFFFFFA07B81815

mem[X,0x0000000080000C20] -> 0x9E93
mem[X,0x0000000080000C22] -> 0x00BE
[781] [M]: 0x0000000080000C20 (0x00BE9E93) slli t4, t4, 0xb
x29 <- 0xFFFFD03DC0C0A800

mem[X,0x0000000080000C24] -> 0x8E93
mem[X,0x0000000080000C26] -> 0x282E
[782] [M]: 0x0000000080000C24 (0x282E8E93) addi t4, t4, 0x282
x29 <- 0xFFFFD03DC0C0AA82

mem[X,0x0000000080000C28] -> 0x9E93
mem[X,0x0000000080000C2A] -> 0x00AE
[783] [M]: 0x0000000080000C28 (0x00AE9E93) slli t4, t4, 0xa
x29 <- 0xFF40F70302AA0800

mem[X,0x0000000080000C2C] -> 0x8E93
mem[X,0x0000000080000C2E] -> 0x180E
[784] [M]: 0x0000000080000C2C (0x180E8E93) addi t4, t4, 0x180
x29 <- 0xFF40F70302AA0980

mem[X,0x0000000080000C30] -> 0x0FBB
mem[X,0x0000000080000C32] -> 0xCDDF
[785] [M]: 0x0000000080000C30 (0xCDDF0FBB) pdif.b t6, t5, t4
x31 <- 0x0261070D056B127D

mem[X,0x0000000080000C34] -> 0xB823
mem[X,0x0000000080000C36] -> 0x09F0
[786] [M]: 0x0000000080000C34 (0x09F0B823) sd t6, 0x90(ra)
mem[0x0000000080004238] <- 0x0261070D056B127D

mem[X,0x0000000080000C38] -> 0x0F37
mem[X,0x0000000080000C3A] -> 0x0920
[787] [M]: 0x0000000080000C38 (0x09200F37) lui t5, 0x9200
x30 <- 0x0000000009200000

mem[X,0x0000000080000C3C] -> 0x0F13
mem[X,0x0000000080000C3E] -> 0x7FCF
[788] [M]: 0x0000000080000C3C (0x7FCF0F13) addi t5, t5, 0x7fc
x30 <- 0x00000000092007FC

mem[X,0x0000000080000C40] -> 0x1F13
mem[X,0x0000000080000C42] -> 0x00BF
[789] [M]: 0x0000000080000C40 (0x00BF1F13) slli t5, t5, 0xb
x30 <- 0x00000049003FE000

mem[X,0x0000000080000C44] -> 0x0F13
mem[X,0x0000000080000C46] -> 0x7E7F
[790] [M]: 0x0000000080000C44 (0x7E7F0F13) addi t5, t5, 0x7e7
x30 <- 0x00000049003FE7E7

mem[X,0x0000000080000C48] -> 0x1F13
mem[X,0x0000000080000C4A] -> 0x00BF
[791] [M]: 0x0000000080000C48 (0x00BF1F13) slli t5, t5, 0xb
x30 <- 0x00024801FF3F3800

mem[X,0x0000000080000C4C] -> 0x0F13
mem[X,0x0000000080000C4E] -> 0x3DFF
[792] [M]: 0x0000000080000C4C (0x3DFF0F13) addi t5, t5, 0x3df
x30 <- 0x00024801FF3F3BDF

mem[X,0x0000000080000C50] -> 0x1F13
mem[X,0x0000000080000C52] -> 0x00AF
[793] [M]: 0x0000000080000C50 (0x00AF1F13) slli t5, t5, 0xa
x30 <- 0x092007FCFCEF7C00

mem[X,0x0000000080000C54] -> 0x0F13
mem[X,0x0000000080000C56] -> 0x37FF
[794] [M]: 0x0000000080000C54 (0x37FF0F13) addi t5, t5, 0x37f
x30 <- 0x092007FCFCEF7F7F

mem[X,0x0000000080000C58] -> 0xCEB7
mem[X,0x0000000080000C5A] -> 0xBFBF
[795] [M]: 0x0000000080000C58 (0xBFBFCEB7) lui t4, -0x40404
x29 <- 0xFFFFFFFFBFBFC000

mem[X,0x0000000080000C5C] -> 0x8E93
mem[X,0x0000000080000C5E] -> 0xF04E
[796] [M]: 0x0000000080000C5C (0xF04E8E93) addi t4, t4, -0xfc
x29 <- 0xFFFFFFFFBFBFBF04

mem[X,0x0000000080000C60] -> 0x9E93
mem[X,0x0000000080000C62] -> 0x00BE
[797] [M]: 0x0000000080000C60 (0x00BE9E93) slli t4, t4, 0xb
x29 <- 0xFFFFFDFDFDF82000

mem[X,0x0000000080000C64] -> 0x8E93
mem[X,0x0000000080000C66] -> 0x008E
[798] [M]: 0x0000000080000C64 (0x008E8E93) addi t4, t4, 0x8
x29 <- 0xFFFFFDFDFDF82008

mem[X,0x0000000080000C68] -> 0x9E93
mem[X,0x0000000080000C6A] -> 0x00BE
[799] [M]: 0x0000000080000C68 (0x00BE9E93) slli t4, t4, 0xb
x29 <- 0xFFEFEFEFC1004000

clint::tick mtime <- 0x0000000000000008
 clint timer pending at mtime 0x0000000000000008
htif::tick 0x0000000000000000
mem[X,0x0000000080000C6C] -> 0x8E93
mem[X,0x0000000080000C6E] -> 0x430E
[800] [M]: 0x0000000080000C6C (0x430E8E93) addi t4, t4, 0x430
x29 <- 0xFFEFEFEFC1004430

mem[X,0x0000000080000C70] -> 0x9E93
mem[X,0x0000000080000C72] -> 0x00AE
[801] [M]: 0x0000000080000C70 (0x00AE9E93) slli t4, t4, 0xa
x29 <- 0xBFBFBF040110C000

mem[X,0x0000000080000C74] -> 0x8E93
mem[X,0x0000000080000C76] -> 0x0FAE
[802] [M]: 0x0000000080000C74 (0x0FAE8E93) addi t4, t4, 0xfa
x29 <- 0xBFBFBF040110C0FA

mem[X,0x0000000080000C78] -> 0x0FBB
mem[X,0x0000000080000C7A] -> 0xCDDF
[803] [M]: 0x0000000080000C78 (0xCDDF0FBB) pdif.b t6, t5, t4
x31 <- 0x4A6148080521417B

mem[X,0x0000000080000C7C] -> 0xBC23
mem[X,0x0000000080000C7E] -> 0x09F0
[804] [M]: 0x0000000080000C7C (0x09F0BC23) sd t6, 0x98(ra)
mem[0x0000000080004240] <- 0x4A6148080521417B

mem[X,0x0000000080000C80] -> 0x8F37
mem[X,0x0000000080000C82] -> 0xFB3F
[805] [M]: 0x0000000080000C80 (0xFB3F8F37) lui t5, -0x4c08
x30 <- 0xFFFFFFFFFB3F8000

mem[X,0x0000000080000C84] -> 0x0F13
mem[X,0x0000000080000C86] -> 0xF7FF
[806] [M]: 0x0000000080000C84 (0xF7FF0F13) addi t5, t5, -0x81
x30 <- 0xFFFFFFFFFB3F7F7F

mem[X,0x0000000080000C88] -> 0x1F13
mem[X,0x0000000080000C8A] -> 0x00BF
[807] [M]: 0x0000000080000C88 (0x00BF1F13) slli t5, t5, 0xb
x30 <- 0xFFFFFFD9FBFBF800

mem[X,0x0000000080000C8C] -> 0x0F13
mem[X,0x0000000080000C8E] -> 0x7F8F
[808] [M]: 0x0000000080000C8C (0x7F8F0F13) addi t5, t5, 0x7f8
x30 <- 0xFFFFFFD9FBFBFFF8

mem[X,0x0000000080000C90] -> 0x1F13
mem[X,0x0000000080000C92] -> 0x00BF
[809] [M]: 0x0000000080000C90 (0x00BF1F13) slli t5, t5, 0xb
x30 <- 0xFFFECFDFDFFFC000

mem[X,0x0000000080000C94] -> 0x0F13
mem[X,0x0000000080000C96] -> 0x1C0F
[810] [M]: 0x0000000080000C94 (0x1C0F0F13) addi t5, t5, 0x1c0
x30 <- 0xFFFECFDFDFFFC1C0

mem[X,0x0000000080000C98] -> 0x1F13
mem[X,0x0000000080000C9A] -> 0x00AF
[811] [M]: 0x0000000080000C98 (0x00AF1F13) slli t5, t5, 0xa
x30 <- 0xFB3F7F7FFF070000

mem[X,0x0000000080000C9C] -> 0x0F13
mem[X,0x0000000080000C9E] -> 0x1F9F
[812] [M]: 0x0000000080000C9C (0x1F9F0F13) addi t5, t5, 0x1f9
x30 <- 0xFB3F7F7FFF0701F9

mem[X,0x0000000080000CA0] -> 0x5EB7
mem[X,0x0000000080000CA2] -> 0xDFFC
[813] [M]: 0x0000000080000CA0 (0xDFFC5EB7) lui t4, -0x2003b
x29 <- 0xFFFFFFFFDFFC5000

mem[X,0x0000000080000CA4] -> 0x8E93
mem[X,0x0000000080000CA6] -> 0x501E
[814] [M]: 0x0000000080000CA4 (0x501E8E93) addi t4, t4, 0x501
x29 <- 0xFFFFFFFFDFFC5501

mem[X,0x0000000080000CA8] -> 0x9E93
mem[X,0x0000000080000CAA] -> 0x00BE
[815] [M]: 0x0000000080000CA8 (0x00BE9E93) slli t4, t4, 0xb
x29 <- 0xFFFFFEFFE2A80800

mem[X,0x0000000080000CAC] -> 0x8E93
mem[X,0x0000000080000CAE] -> 0x021E
[816] [M]: 0x0000000080000CAC (0x021E8E93) addi t4, t4, 0x21
x29 <- 0xFFFFFEFFE2A80821

mem[X,0x0000000080000CB0] -> 0x9E93
mem[X,0x0000000080000CB2] -> 0x00BE
[817] [M]: 0x0000000080000CB0 (0x00BE9E93) slli t4, t4, 0xb
x29 <- 0xFFF7FF1540410800

mem[X,0x0000000080000CB4] -> 0x8E93
mem[X,0x0000000080000CB6] -> 0x037E
[818] [M]: 0x0000000080000CB4 (0x037E8E93) addi t4, t4, 0x37
x29 <- 0xFFF7FF1540410837

mem[X,0x0000000080000CB8] -> 0x9E93
mem[X,0x0000000080000CBA] -> 0x00AE
[819] [M]: 0x0000000080000CB8 (0x00AE9E93) slli t4, t4, 0xa
x29 <- 0xDFFC55010420DC00

mem[X,0x0000000080000CBC] -> 0x8E93
mem[X,0x0000000080000CBE] -> 0x301E
[820] [M]: 0x0000000080000CBC (0x301E8E93) addi t4, t4, 0x301
x29 <- 0xDFFC55010420DF01

mem[X,0x0000000080000CC0] -> 0x0FBB
mem[X,0x0000000080000CC2] -> 0xCDDF
[821] [M]: 0x0000000080000CC0 (0xCDDF0FBB) pdif.b t6, t5, t4
x31 <- 0x1C432A7E05192208

mem[X,0x0000000080000CC4] -> 0xB023
mem[X,0x0000000080000CC6] -> 0x0BF0
[822] [M]: 0x0000000080000CC4 (0x0BF0B023) sd t6, 0xa0(ra)
mem[0x0000000080004248] <- 0x1C432A7E05192208

mem[X,0x0000000080000CC8] -> 0x0F37
mem[X,0x0000000080000CCA] -> 0x0008
[823] [M]: 0x0000000080000CC8 (0x00080F37) lui t5, 0x80
x30 <- 0x0000000000080000

mem[X,0x0000000080000CCC] -> 0x0F13
mem[X,0x0000000080000CCE] -> 0x8AAF
[824] [M]: 0x0000000080000CCC (0x8AAF0F13) addi t5, t5, -0x756
x30 <- 0x000000000007F8AA

mem[X,0x0000000080000CD0] -> 0x1F13
mem[X,0x0000000080000CD2] -> 0x00BF
[825] [M]: 0x0000000080000CD0 (0x00BF1F13) slli t5, t5, 0xb
x30 <- 0x000000003FC55000

mem[X,0x0000000080000CD4] -> 0x0F13
mem[X,0x0000000080000CD6] -> 0x7C0F
[826] [M]: 0x0000000080000CD4 (0x7C0F0F13) addi t5, t5, 0x7c0
x30 <- 0x000000003FC557C0

mem[X,0x0000000080000CD8] -> 0x1F13
mem[X,0x0000000080000CDA] -> 0x00BF
[827] [M]: 0x0000000080000CD8 (0x00BF1F13) slli t5, t5, 0xb
x30 <- 0x000001FE2ABE0000

mem[X,0x0000000080000CDC] -> 0x0F13
mem[X,0x0000000080000CDE] -> 0x201F
[828] [M]: 0x0000000080000CDC (0x201F0F13) addi t5, t5, 0x201
x30 <- 0x000001FE2ABE0201

mem[X,0x0000000080000CE0] -> 0x1F13
mem[X,0x0000000080000CE2] -> 0x00AF
[829] [M]: 0x0000000080000CE0 (0x00AF1F13) slli t5, t5, 0xa
x30 <- 0x0007F8AAF8080400

mem[X,0x0000000080000CE4] -> 0x0F13
mem[X,0x0000000080000CE6] -> 0x0BFF
[830] [M]: 0x0000000080000CE4 (0x0BFF0F13) addi t5, t5, 0xbf
x30 <- 0x0007F8AAF80804BF

mem[X,0x0000000080000CE8] -> 0xFEB7
mem[X,0x0000000080000CEA] -> 0xF600
[831] [M]: 0x0000000080000CE8 (0xF600FEB7) lui t4, -0x9ff1
x29 <- 0xFFFFFFFFF600F000

mem[X,0x0000000080000CEC] -> 0x8E93
mem[X,0x0000000080000CEE] -> 0x7C0E
[832] [M]: 0x0000000080000CEC (0x7C0E8E93) addi t4, t4, 0x7c0
x29 <- 0xFFFFFFFFF600F7C0

mem[X,0x0000000080000CF0] -> 0x9E93
mem[X,0x0000000080000CF2] -> 0x00BE
[833] [M]: 0x0000000080000CF0 (0x00BE9E93) slli t4, t4, 0xb
x29 <- 0xFFFFFFB007BE0000

mem[X,0x0000000080000CF4] -> 0x8E93
mem[X,0x0000000080000CF6] -> 0x028E
[834] [M]: 0x0000000080000CF4 (0x028E8E93) addi t4, t4, 0x28
x29 <- 0xFFFFFFB007BE0028

mem[X,0x0000000080000CF8] -> 0x9E93
mem[X,0x0000000080000CFA] -> 0x00BE
[835] [M]: 0x0000000080000CF8 (0x00BE9E93) slli t4, t4, 0xb
x29 <- 0xFFFD803DF0014000

mem[X,0x0000000080000CFC] -> 0x8E93
mem[X,0x0000000080000CFE] -> 0x190E
[836] [M]: 0x0000000080000CFC (0x190E8E93) addi t4, t4, 0x190
x29 <- 0xFFFD803DF0014190

mem[X,0x0000000080000D00] -> 0x9E93
mem[X,0x0000000080000D02] -> 0x00AE
[837] [M]: 0x0000000080000D00 (0x00AE9E93) slli t4, t4, 0xa
x29 <- 0xF600F7C005064000

mem[X,0x0000000080000D04] -> 0x8E93
mem[X,0x0000000080000D06] -> 0x007E
[838] [M]: 0x0000000080000D04 (0x007E8E93) addi t4, t4, 0x7
x29 <- 0xF600F7C005064007

mem[X,0x0000000080000D08] -> 0x0FBB
mem[X,0x0000000080000D0A] -> 0xCDDF
[839] [M]: 0x0000000080000D08 (0xCDDF0FBB) pdif.b t6, t5, t4
x31 <- 0x0A0701160D023C48

mem[X,0x0000000080000D0C] -> 0xB423
mem[X,0x0000000080000D0E] -> 0x0BF0
[840] [M]: 0x0000000080000D0C (0x0BF0B423) sd t6, 0xa8(ra)
mem[0x0000000080004250] <- 0x0A0701160D023C48

mem[X,0x0000000080000D10] -> 0x0F37
mem[X,0x0000000080000D12] -> 0x06FE
[841] [M]: 0x0000000080000D10 (0x06FE0F37) lui t5, 0x6fe0
x30 <- 0x0000000006FE0000

mem[X,0x0000000080000D14] -> 0x0F13
mem[X,0x0000000080000D16] -> 0x507F
[842] [M]: 0x0000000080000D14 (0x507F0F13) addi t5, t5, 0x507
x30 <- 0x0000000006FE0507

mem[X,0x0000000080000D18] -> 0x1F13
mem[X,0x0000000080000D1A] -> 0x00BF
[843] [M]: 0x0000000080000D18 (0x00BF1F13) slli t5, t5, 0xb
x30 <- 0x00000037F0283800

mem[X,0x0000000080000D1C] -> 0x0F13
mem[X,0x0000000080000D1E] -> 0x107F
[844] [M]: 0x0000000080000D1C (0x107F0F13) addi t5, t5, 0x107
x30 <- 0x00000037F0283907

mem[X,0x0000000080000D20] -> 0x1F13
mem[X,0x0000000080000D22] -> 0x00BF
[845] [M]: 0x0000000080000D20 (0x00BF1F13) slli t5, t5, 0xb
x30 <- 0x0001BF8141C83800

mem[X,0x0000000080000D24] -> 0x0F13
mem[X,0x0000000080000D26] -> 0x63EF
[846] [M]: 0x0000000080000D24 (0x63EF0F13) addi t5, t5, 0x63e
x30 <- 0x0001BF8141C83E3E

mem[X,0x0000000080000D28] -> 0x1F13
mem[X,0x0000000080000D2A] -> 0x00AF
[847] [M]: 0x0000000080000D28 (0x00AF1F13) slli t5, t5, 0xa
x30 <- 0x06FE050720F8F800

mem[X,0x0000000080000D2C] -> 0x0F13
mem[X,0x0000000080000D2E] -> 0x320F
[848] [M]: 0x0000000080000D2C (0x320F0F13) addi t5, t5, 0x320
x30 <- 0x06FE050720F8FB20

mem[X,0x0000000080000D30] -> 0xBEB7
mem[X,0x0000000080000D32] -> 0x04F6
[849] [M]: 0x0000000080000D30 (0x04F6BEB7) lui t4, 0x4f6b
x29 <- 0x0000000004F6B000

mem[X,0x0000000080000D34] -> 0x8E93
mem[X,0x0000000080000D36] -> 0xAF9E
[850] [M]: 0x0000000080000D34 (0xAF9E8E93) addi t4, t4, -0x507
x29 <- 0x0000000004F6AAF9

mem[X,0x0000000080000D38] -> 0x9E93
mem[X,0x0000000080000D3A] -> 0x00BE
[851] [M]: 0x0000000080000D38 (0x00BE9E93) slli t4, t4, 0xb
x29 <- 0x00000027B557C800

mem[X,0x0000000080000D3C] -> 0x8E93
mem[X,0x0000000080000D3E] -> 0x7F0E
[852] [M]: 0x0000000080000D3C (0x7F0E8E93) addi t4, t4, 0x7f0
x29 <- 0x00000027B557CFF0

mem[X,0x0000000080000D40] -> 0x9E93
mem[X,0x0000000080000D42] -> 0x00BE
[853] [M]: 0x0000000080000D40 (0x00BE9E93) slli t4, t4, 0xb
x29 <- 0x00013DAABE7F8000

mem[X,0x0000000080000D44] -> 0x8E93
mem[X,0x0000000080000D46] -> 0x1F0E
[854] [M]: 0x0000000080000D44 (0x1F0E8E93) addi t4, t4, 0x1f0
x29 <- 0x00013DAABE7F81F0

mem[X,0x0000000080000D48] -> 0x9E93
mem[X,0x0000000080000D4A] -> 0x00AE
[855] [M]: 0x0000000080000D48 (0x00AE9E93) slli t4, t4, 0xa
x29 <- 0x04F6AAF9FE07C000

mem[X,0x0000000080000D4C] -> 0x8E93
mem[X,0x0000000080000D4E] -> 0x001E
[856] [M]: 0x0000000080000D4C (0x001E8E93) addi t4, t4, 0x1
x29 <- 0x04F6AAF9FE07C001

mem[X,0x0000000080000D50] -> 0x0FBB
mem[X,0x0000000080000D52] -> 0xCDDF
[857] [M]: 0x0000000080000D50 (0xCDDF0FBB) pdif.b t6, t5, t4
x31 <- 0x02085B0E220F3B1F

mem[X,0x0000000080000D54] -> 0xB823
mem[X,0x0000000080000D56] -> 0x0BF0
[858] [M]: 0x0000000080000D54 (0x0BF0B823) sd t6, 0xb0(ra)
mem[0x0000000080004258] <- 0x02085B0E220F3B1F

mem[X,0x0000000080000D58] -> 0x8F37
mem[X,0x0000000080000D5A] -> 0xFCF8
[859] [M]: 0x0000000080000D58 (0xFCF88F37) lui t5, -0x3078
x30 <- 0xFFFFFFFFFCF88000

mem[X,0x0000000080000D5C] -> 0x0F13
mem[X,0x0000000080000D5E] -> 0xF00F
[860] [M]: 0x0000000080000D5C (0xF00F0F13) addi t5, t5, -0x100
x30 <- 0xFFFFFFFFFCF87F00

mem[X,0x0000000080000D60] -> 0x1F13
mem[X,0x0000000080000D62] -> 0x00BF
[861] [M]: 0x0000000080000D60 (0x00BF1F13) slli t5, t5, 0xb
x30 <- 0xFFFFFFE7C3F80000

mem[X,0x0000000080000D64] -> 0x0F13
mem[X,0x0000000080000D66] -> 0x1FFF
[862] [M]: 0x0000000080000D64 (0x1FFF0F13) addi t5, t5, 0x1ff
x30 <- 0xFFFFFFE7C3F801FF

mem[X,0x0000000080000D68] -> 0x1F13
mem[X,0x0000000080000D6A] -> 0x00BF
[863] [M]: 0x0000000080000D68 (0x00BF1F13) slli t5, t5, 0xb
x30 <- 0xFFFF3E1FC00FF800

mem[X,0x0000000080000D6C] -> 0x0F13
mem[X,0x0000000080000D6E] -> 0x77EF
[864] [M]: 0x0000000080000D6C (0x77EF0F13) addi t5, t5, 0x77e
x30 <- 0xFFFF3E1FC00FFF7E

mem[X,0x0000000080000D70] -> 0x1F13
mem[X,0x0000000080000D72] -> 0x00AF
[865] [M]: 0x0000000080000D70 (0x00AF1F13) slli t5, t5, 0xa
x30 <- 0xFCF87F003FFDF800

mem[X,0x0000000080000D74] -> 0x0F13
mem[X,0x0000000080000D76] -> 0x1DFF
[866] [M]: 0x0000000080000D74 (0x1DFF0F13) addi t5, t5, 0x1df
x30 <- 0xFCF87F003FFDF9DF

mem[X,0x0000000080000D78] -> 0xEEB7
mem[X,0x0000000080000D7A] -> 0xAAFE
[867] [M]: 0x0000000080000D78 (0xAAFEEEB7) lui t4, -0x55012
x29 <- 0xFFFFFFFFAAFEE000

mem[X,0x0000000080000D7C] -> 0x8E93
mem[X,0x0000000080000D7E] -> 0xF08E
[868] [M]: 0x0000000080000D7C (0xF08E8E93) addi t4, t4, -0xf8
x29 <- 0xFFFFFFFFAAFEDF08

mem[X,0x0000000080000D80] -> 0x9E93
mem[X,0x0000000080000D82] -> 0x00BE
[869] [M]: 0x0000000080000D80 (0x00BE9E93) slli t4, t4, 0xb
x29 <- 0xFFFFFD57F6F84000

mem[X,0x0000000080000D84] -> 0x8E93
mem[X,0x0000000080000D86] -> 0x027E
[870] [M]: 0x0000000080000D84 (0x027E8E93) addi t4, t4, 0x27
x29 <- 0xFFFFFD57F6F84027

mem[X,0x0000000080000D88] -> 0x9E93
mem[X,0x0000000080000D8A] -> 0x00BE
[871] [M]: 0x0000000080000D88 (0x00BE9E93) slli t4, t4, 0xb
x29 <- 0xFFEABFB7C2013800

mem[X,0x0000000080000D8C] -> 0x8E93
mem[X,0x0000000080000D8E] -> 0x6BFE
[872] [M]: 0x0000000080000D8C (0x6BFE8E93) addi t4, t4, 0x6bf
x29 <- 0xFFEABFB7C2013EBF

mem[X,0x0000000080000D90] -> 0x9E93
mem[X,0x0000000080000D92] -> 0x00AE
[873] [M]: 0x0000000080000D90 (0x00AE9E93) slli t4, t4, 0xa
x29 <- 0xAAFEDF0804FAFC00

mem[X,0x0000000080000D94] -> 0x8E93
mem[X,0x0000000080000D96] -> 0x010E
[874] [M]: 0x0000000080000D94 (0x010E8E93) addi t4, t4, 0x10
x29 <- 0xAAFEDF0804FAFC10

mem[X,0x0000000080000D98] -> 0x0FBB
mem[X,0x0000000080000D9A] -> 0xCDDF
[875] [M]: 0x0000000080000D98 (0xCDDF0FBB) pdif.b t6, t5, t4
x31 <- 0x520660083B030331

mem[X,0x0000000080000D9C] -> 0xBC23
mem[X,0x0000000080000D9E] -> 0x0BF0
[876] [M]: 0x0000000080000D9C (0x0BF0BC23) sd t6, 0xb8(ra)
mem[0x0000000080004260] <- 0x520660083B030331

mem[X,0x0000000080000DA0] -> 0x0F37
mem[X,0x0000000080000DA2] -> 0x8003
[877] [M]: 0x0000000080000DA0 (0x80030F37) lui t5, -0x7ffd0
x30 <- 0xFFFFFFFF80030000

mem[X,0x0000000080000DA4] -> 0x0F13
mem[X,0x0000000080000DA6] -> 0x4F6F
[878] [M]: 0x0000000080000DA4 (0x4F6F0F13) addi t5, t5, 0x4f6
x30 <- 0xFFFFFFFF800304F6

mem[X,0x0000000080000DA8] -> 0x1F13
mem[X,0x0000000080000DAA] -> 0x00BF
[879] [M]: 0x0000000080000DA8 (0x00BF1F13) slli t5, t5, 0xb
x30 <- 0xFFFFFC001827B000

mem[X,0x0000000080000DAC] -> 0x0F13
mem[X,0x0000000080000DAE] -> 0x7D0F
[880] [M]: 0x0000000080000DAC (0x7D0F0F13) addi t5, t5, 0x7d0
x30 <- 0xFFFFFC001827B7D0

mem[X,0x0000000080000DB0] -> 0x1F13
mem[X,0x0000000080000DB2] -> 0x00BF
[881] [M]: 0x0000000080000DB0 (0x00BF1F13) slli t5, t5, 0xb
x30 <- 0xFFE000C13DBE8000

mem[X,0x0000000080000DB4] -> 0x0F13
mem[X,0x0000000080000DB6] -> 0x1BEF
[882] [M]: 0x0000000080000DB4 (0x1BEF0F13) addi t5, t5, 0x1be
x30 <- 0xFFE000C13DBE81BE

mem[X,0x0000000080000DB8] -> 0x1F13
mem[X,0x0000000080000DBA] -> 0x00AF
[883] [M]: 0x0000000080000DB8 (0x00AF1F13) slli t5, t5, 0xa
x30 <- 0x800304F6FA06F800

mem[X,0x0000000080000DBC] -> 0x0F13
mem[X,0x0000000080000DBE] -> 0x2F9F
[884] [M]: 0x0000000080000DBC (0x2F9F0F13) addi t5, t5, 0x2f9
x30 <- 0x800304F6FA06FAF9

mem[X,0x0000000080000DC0] -> 0x4EB7
mem[X,0x0000000080000DC2] -> 0x40FB
[885] [M]: 0x0000000080000DC0 (0x40FB4EB7) lui t4, 0x40fb4
x29 <- 0x0000000040FB4000

mem[X,0x0000000080000DC4] -> 0x8E93
mem[X,0x0000000080000DC6] -> 0xFFDE
[886] [M]: 0x0000000080000DC4 (0xFFDE8E93) addi t4, t4, -0x3
x29 <- 0x0000000040FB3FFD

mem[X,0x0000000080000DC8] -> 0x9E93
mem[X,0x0000000080000DCA] -> 0x00BE
[887] [M]: 0x0000000080000DC8 (0x00BE9E93) slli t4, t4, 0xb
x29 <- 0x00000207D9FFE800

mem[X,0x0000000080000DCC] -> 0x8E93
mem[X,0x0000000080000DCE] -> 0x556E
[888] [M]: 0x0000000080000DCC (0x556E8E93) addi t4, t4, 0x556
x29 <- 0x00000207D9FFED56

mem[X,0x0000000080000DD0] -> 0x9E93
mem[X,0x0000000080000DD2] -> 0x00BE
[889] [M]: 0x0000000080000DD0 (0x00BE9E93) slli t4, t4, 0xb
x29 <- 0x00103ECFFF6AB000

mem[X,0x0000000080000DD4] -> 0x8E93
mem[X,0x0000000080000DD6] -> 0x7C8E
[890] [M]: 0x0000000080000DD4 (0x7C8E8E93) addi t4, t4, 0x7c8
x29 <- 0x00103ECFFF6AB7C8

mem[X,0x0000000080000DD8] -> 0x9E93
mem[X,0x0000000080000DDA] -> 0x00AE
[891] [M]: 0x0000000080000DD8 (0x00AE9E93) slli t4, t4, 0xa
x29 <- 0x40FB3FFDAADF2000

mem[X,0x0000000080000DDC] -> 0x8E93
mem[X,0x0000000080000DDE] -> 0x001E
[892] [M]: 0x0000000080000DDC (0x001E8E93) addi t4, t4, 0x1
x29 <- 0x40FB3FFDAADF2001

mem[X,0x0000000080000DE0] -> 0x0FBB
mem[X,0x0000000080000DE2] -> 0xCDDF
[893] [M]: 0x0000000080000DE0 (0xCDDF0FBB) pdif.b t6, t5, t4
x31 <- 0x40083B0750272608

mem[X,0x0000000080000DE4] -> 0xB023
mem[X,0x0000000080000DE6] -> 0x0DF0
[894] [M]: 0x0000000080000DE4 (0x0DF0B023) sd t6, 0xc0(ra)
mem[0x0000000080004268] <- 0x40083B0750272608

mem[X,0x0000000080000DE8] -> 0x0F37
mem[X,0x0000000080000DEA] -> 0x0004
[895] [M]: 0x0000000080000DE8 (0x00040F37) lui t5, 0x40
x30 <- 0x0000000000040000

mem[X,0x0000000080000DEC] -> 0x0F13
mem[X,0x0000000080000DEE] -> 0xAFCF
[896] [M]: 0x0000000080000DEC (0xAFCF0F13) addi t5, t5, -0x504
x30 <- 0x000000000003FAFC

mem[X,0x0000000080000DF0] -> 0x1F13
mem[X,0x0000000080000DF2] -> 0x00BF
[897] [M]: 0x0000000080000DF0 (0x00BF1F13) slli t5, t5, 0xb
x30 <- 0x000000001FD7E000

mem[X,0x0000000080000DF4] -> 0x0F13
mem[X,0x0000000080000DF6] -> 0x3F8F
[898] [M]: 0x0000000080000DF4 (0x3F8F0F13) addi t5, t5, 0x3f8
x30 <- 0x000000001FD7E3F8

mem[X,0x0000000080000DF8] -> 0x1F13
mem[X,0x0000000080000DFA] -> 0x00BF
[899] [M]: 0x0000000080000DF8 (0x00BF1F13) slli t5, t5, 0xb
x30 <- 0x000000FEBF1FC000

clint::tick mtime <- 0x0000000000000009
 clint timer pending at mtime 0x0000000000000009
htif::tick 0x0000000000000000
mem[X,0x0000000080000DFC] -> 0x0F13
mem[X,0x0000000080000DFE] -> 0x0BDF
[900] [M]: 0x0000000080000DFC (0x0BDF0F13) addi t5, t5, 0xbd
x30 <- 0x000000FEBF1FC0BD

mem[X,0x0000000080000E00] -> 0x1F13
mem[X,0x0000000080000E02] -> 0x00AF
[901] [M]: 0x0000000080000E00 (0x00AF1F13) slli t5, t5, 0xa
x30 <- 0x0003FAFC7F02F400

mem[X,0x0000000080000E04] -> 0x0F13
mem[X,0x0000000080000E06] -> 0x207F
[902] [M]: 0x0000000080000E04 (0x207F0F13) addi t5, t5, 0x207
x30 <- 0x0003FAFC7F02F607

mem[X,0x0000000080000E08] -> 0x5EB7
mem[X,0x0000000080000E0A] -> 0x06F7
[903] [M]: 0x0000000080000E08 (0x06F75EB7) lui t4, 0x6f75
x29 <- 0x0000000006F75000

mem[X,0x0000000080000E0C] -> 0x8E93
mem[X,0x0000000080000E0E] -> 0x5DFE
[904] [M]: 0x0000000080000E0C (0x5DFE8E93) addi t4, t4, 0x5df
x29 <- 0x0000000006F755DF

mem[X,0x0000000080000E10] -> 0x9E93
mem[X,0x0000000080000E12] -> 0x00BE
[905] [M]: 0x0000000080000E10 (0x00BE9E93) slli t4, t4, 0xb
x29 <- 0x00000037BAAEF800

mem[X,0x0000000080000E14] -> 0x8E93
mem[X,0x0000000080000E16] -> 0x600E
[906] [M]: 0x0000000080000E14 (0x600E8E93) addi t4, t4, 0x600
x29 <- 0x00000037BAAEFE00

mem[X,0x0000000080000E18] -> 0x9E93
mem[X,0x0000000080000E1A] -> 0x00BE
[907] [M]: 0x0000000080000E18 (0x00BE9E93) slli t4, t4, 0xb
x29 <- 0x0001BDD577F00000

mem[X,0x0000000080000E1C] -> 0x8E93
mem[X,0x0000000080000E1E] -> 0x0C2E
[908] [M]: 0x0000000080000E1C (0x0C2E8E93) addi t4, t4, 0xc2
x29 <- 0x0001BDD577F000C2

mem[X,0x0000000080000E20] -> 0x9E93
mem[X,0x0000000080000E22] -> 0x00AE
[909] [M]: 0x0000000080000E20 (0x00AE9E93) slli t4, t4, 0xa
x29 <- 0x06F755DFC0030800

mem[X,0x0000000080000E24] -> 0x8E93
mem[X,0x0000000080000E26] -> 0x0FEE
[910] [M]: 0x0000000080000E24 (0x0FEE8E93) addi t4, t4, 0xfe
x29 <- 0x06F755DFC00308FE

mem[X,0x0000000080000E28] -> 0x0FBB
mem[X,0x0000000080000E2A] -> 0xCDDF
[911] [M]: 0x0000000080000E28 (0xCDDF0FBB) pdif.b t6, t5, t4
x31 <- 0x060C5B1D41011209

mem[X,0x0000000080000E2C] -> 0xB423
mem[X,0x0000000080000E2E] -> 0x0DF0
[912] [M]: 0x0000000080000E2C (0x0DF0B423) sd t6, 0xc8(ra)
mem[0x0000000080004270] <- 0x060C5B1D41011209

mem[X,0x0000000080000E30] -> 0xEF37
mem[X,0x0000000080000E32] -> 0xFA40
[913] [M]: 0x0000000080000E30 (0xFA40EF37) lui t5, -0x5bf2
x30 <- 0xFFFFFFFFFA40E000

mem[X,0x0000000080000E34] -> 0x0F13
mem[X,0x0000000080000E36] -> 0xF08F
[914] [M]: 0x0000000080000E34 (0xF08F0F13) addi t5, t5, -0xf8
x30 <- 0xFFFFFFFFFA40DF08

mem[X,0x0000000080000E38] -> 0x1F13
mem[X,0x0000000080000E3A] -> 0x00BF
[915] [M]: 0x0000000080000E38 (0x00BF1F13) slli t5, t5, 0xb
x30 <- 0xFFFFFFD206F84000

mem[X,0x0000000080000E3C] -> 0x0F13
mem[X,0x0000000080000E3E] -> 0x6F8F
[916] [M]: 0x0000000080000E3C (0x6F8F0F13) addi t5, t5, 0x6f8
x30 <- 0xFFFFFFD206F846F8

mem[X,0x0000000080000E40] -> 0x1F13
mem[X,0x0000000080000E42] -> 0x00BF
[917] [M]: 0x0000000080000E40 (0x00BF1F13) slli t5, t5, 0xb
x30 <- 0xFFFE9037C237C000

mem[X,0x0000000080000E44] -> 0x0F13
mem[X,0x0000000080000E46] -> 0x0AAF
[918] [M]: 0x0000000080000E44 (0x0AAF0F13) addi t5, t5, 0xaa
x30 <- 0xFFFE9037C237C0AA

mem[X,0x0000000080000E48] -> 0x1F13
mem[X,0x0000000080000E4A] -> 0x00AF
[919] [M]: 0x0000000080000E48 (0x00AF1F13) slli t5, t5, 0xa
x30 <- 0xFA40DF08DF02A800

mem[X,0x0000000080000E4C] -> 0x0F13
mem[X,0x0000000080000E4E] -> 0x200F
[920] [M]: 0x0000000080000E4C (0x200F0F13) addi t5, t5, 0x200
x30 <- 0xFA40DF08DF02AA00

mem[X,0x0000000080000E50] -> 0xFEB7
mem[X,0x0000000080000E52] -> 0xDFFA
[921] [M]: 0x0000000080000E50 (0xDFFAFEB7) lui t4, -0x20051
x29 <- 0xFFFFFFFFDFFAF000

mem[X,0x0000000080000E54] -> 0x8E93
mem[X,0x0000000080000E56] -> 0xF06E
[922] [M]: 0x0000000080000E54 (0xF06E8E93) addi t4, t4, -0xfa
x29 <- 0xFFFFFFFFDFFAEF06

mem[X,0x0000000080000E58] -> 0x9E93
mem[X,0x0000000080000E5A] -> 0x00BE
[923] [M]: 0x0000000080000E58 (0x00BE9E93) slli t4, t4, 0xb
x29 <- 0xFFFFFEFFD7783000

mem[X,0x0000000080000E5C] -> 0x8E93
mem[X,0x0000000080000E5E] -> 0x5FDE
[924] [M]: 0x0000000080000E5C (0x5FDE8E93) addi t4, t4, 0x5fd
x29 <- 0xFFFFFEFFD77835FD

mem[X,0x0000000080000E60] -> 0x9E93
mem[X,0x0000000080000E62] -> 0x00BE
[925] [M]: 0x0000000080000E60 (0x00BE9E93) slli t4, t4, 0xb
x29 <- 0xFFF7FEBBC1AFE800

mem[X,0x0000000080000E64] -> 0x8E93
mem[X,0x0000000080000E66] -> 0x7C2E
[926] [M]: 0x0000000080000E64 (0x7C2E8E93) addi t4, t4, 0x7c2
x29 <- 0xFFF7FEBBC1AFEFC2

mem[X,0x0000000080000E68] -> 0x9E93
mem[X,0x0000000080000E6A] -> 0x00AE
[927] [M]: 0x0000000080000E68 (0x00AE9E93) slli t4, t4, 0xa
x29 <- 0xDFFAEF06BFBF0800

mem[X,0x0000000080000E6C] -> 0x8E93
mem[X,0x0000000080000E6E] -> 0x1FEE
[928] [M]: 0x0000000080000E6C (0x1FEE8E93) addi t4, t4, 0x1fe
x29 <- 0xDFFAEF06BFBF09FE

mem[X,0x0000000080000E70] -> 0x0FBB
mem[X,0x0000000080000E72] -> 0xCDDF
[929] [M]: 0x0000000080000E70 (0xCDDF0FBB) pdif.b t6, t5, t4
x31 <- 0x1B46100220435F02

mem[X,0x0000000080000E74] -> 0xB823
mem[X,0x0000000080000E76] -> 0x0DF0
[930] [M]: 0x0000000080000E74 (0x0DF0B823) sd t6, 0xd0(ra)
mem[0x0000000080004278] <- 0x1B46100220435F02

mem[X,0x0000000080000E78] -> 0x0F37
mem[X,0x0000000080000E7A] -> 0x06F7
[931] [M]: 0x0000000080000E78 (0x06F70F37) lui t5, 0x6f70
x30 <- 0x0000000006F70000

mem[X,0x0000000080000E7C] -> 0x0F13
mem[X,0x0000000080000E7E] -> 0x2DFF
[932] [M]: 0x0000000080000E7C (0x2DFF0F13) addi t5, t5, 0x2df
x30 <- 0x0000000006F702DF

mem[X,0x0000000080000E80] -> 0x1F13
mem[X,0x0000000080000E82] -> 0x00BF
[933] [M]: 0x0000000080000E80 (0x00BF1F13) slli t5, t5, 0xb
x30 <- 0x00000037B816F800

mem[X,0x0000000080000E84] -> 0x0F13
mem[X,0x0000000080000E86] -> 0x7CCF
[934] [M]: 0x0000000080000E84 (0x7CCF0F13) addi t5, t5, 0x7cc
x30 <- 0x00000037B816FFCC

mem[X,0x0000000080000E88] -> 0x1F13
mem[X,0x0000000080000E8A] -> 0x00BF
[935] [M]: 0x0000000080000E88 (0x00BF1F13) slli t5, t5, 0xb
x30 <- 0x0001BDC0B7FE6000

mem[X,0x0000000080000E8C] -> 0x0F13
mem[X,0x0000000080000E8E] -> 0x03FF
[936] [M]: 0x0000000080000E8C (0x03FF0F13) addi t5, t5, 0x3f
x30 <- 0x0001BDC0B7FE603F

mem[X,0x0000000080000E90] -> 0x1F13
mem[X,0x0000000080000E92] -> 0x00AF
[937] [M]: 0x0000000080000E90 (0x00AF1F13) slli t5, t5, 0xa
x30 <- 0x06F702DFF980FC00

mem[X,0x0000000080000E94] -> 0x0F13
mem[X,0x0000000080000E96] -> 0x120F
[938] [M]: 0x0000000080000E94 (0x120F0F13) addi t5, t5, 0x120
x30 <- 0x06F702DFF980FD20

mem[X,0x0000000080000E98] -> 0x0EB7
mem[X,0x0000000080000E9A] -> 0xFA0A
[939] [M]: 0x0000000080000E98 (0xFA0A0EB7) lui t4, -0x5f60
x29 <- 0xFFFFFFFFFA0A0000

mem[X,0x0000000080000E9C] -> 0x8E93
mem[X,0x0000000080000E9E] -> 0xD04E
[940] [M]: 0x0000000080000E9C (0xD04E8E93) addi t4, t4, -0x2fc
x29 <- 0xFFFFFFFFFA09FD04

mem[X,0x0000000080000EA0] -> 0x9E93
mem[X,0x0000000080000EA2] -> 0x00BE
[941] [M]: 0x0000000080000EA0 (0x00BE9E93) slli t4, t4, 0xb
x29 <- 0xFFFFFFD04FE82000

mem[X,0x0000000080000EA4] -> 0x8E93
mem[X,0x0000000080000EA6] -> 0x04FE
[942] [M]: 0x0000000080000EA4 (0x04FE8E93) addi t4, t4, 0x4f
x29 <- 0xFFFFFFD04FE8204F

mem[X,0x0000000080000EA8] -> 0x9E93
mem[X,0x0000000080000EAA] -> 0x00BE
[943] [M]: 0x0000000080000EA8 (0x00BE9E93) slli t4, t4, 0xb
x29 <- 0xFFFE827F41027800

mem[X,0x0000000080000EAC] -> 0x8E93
mem[X,0x0000000080000EAE] -> 0x637E
[944] [M]: 0x0000000080000EAC (0x637E8E93) addi t4, t4, 0x637
x29 <- 0xFFFE827F41027E37

mem[X,0x0000000080000EB0] -> 0x9E93
mem[X,0x0000000080000EB2] -> 0x00AE
[945] [M]: 0x0000000080000EB0 (0x00AE9E93) slli t4, t4, 0xa
x29 <- 0xFA09FD0409F8DC00

mem[X,0x0000000080000EB4] -> 0x8E93
mem[X,0x0000000080000EB6] -> 0x3AAE
[946] [M]: 0x0000000080000EB4 (0x3AAE8E93) addi t4, t4, 0x3aa
x29 <- 0xFA09FD0409F8DFAA

mem[X,0x0000000080000EB8] -> 0x0FBB
mem[X,0x0000000080000EBA] -> 0xCDDF
[947] [M]: 0x0000000080000EB8 (0xCDDF0FBB) pdif.b t6, t5, t4
x31 <- 0x0C12052510781E76

mem[X,0x0000000080000EBC] -> 0xBC23
mem[X,0x0000000080000EBE] -> 0x0DF0
[948] [M]: 0x0000000080000EBC (0x0DF0BC23) sd t6, 0xd8(ra)
mem[0x0000000080004280] <- 0x0C12052510781E76

mem[X,0x0000000080000EC0] -> 0x0F37
mem[X,0x0000000080000EC2] -> 0xF602
[949] [M]: 0x0000000080000EC0 (0xF6020F37) lui t5, -0x9fe0
x30 <- 0xFFFFFFFFF6020000

mem[X,0x0000000080000EC4] -> 0x0F13
mem[X,0x0000000080000EC6] -> 0xF55F
[950] [M]: 0x0000000080000EC4 (0xF55F0F13) addi t5, t5, -0xab
x30 <- 0xFFFFFFFFF601FF55

mem[X,0x0000000080000EC8] -> 0x1F13
mem[X,0x0000000080000ECA] -> 0x00BF
[951] [M]: 0x0000000080000EC8 (0x00BF1F13) slli t5, t5, 0xb
x30 <- 0xFFFFFFB00FFAA800

mem[X,0x0000000080000ECC] -> 0x0F13
mem[X,0x0000000080000ECE] -> 0x5FFF
[952] [M]: 0x0000000080000ECC (0x5FFF0F13) addi t5, t5, 0x5ff
x30 <- 0xFFFFFFB00FFAADFF

mem[X,0x0000000080000ED0] -> 0x1F13
mem[X,0x0000000080000ED2] -> 0x00BF
[953] [M]: 0x0000000080000ED0 (0x00BF1F13) slli t5, t5, 0xb
x30 <- 0xFFFD807FD56FF800

mem[X,0x0000000080000ED4] -> 0x0F13
mem[X,0x0000000080000ED6] -> 0x7FDF
[954] [M]: 0x0000000080000ED4 (0x7FDF0F13) addi t5, t5, 0x7fd
x30 <- 0xFFFD807FD56FFFFD

mem[X,0x0000000080000ED8] -> 0x1F13
mem[X,0x0000000080000EDA] -> 0x00AF
[955] [M]: 0x0000000080000ED8 (0x00AF1F13) slli t5, t5, 0xa
x30 <- 0xF601FF55BFFFF400

mem[X,0x0000000080000EDC] -> 0x0F13
mem[X,0x0000000080000EDE] -> 0x301F
[956] [M]: 0x0000000080000EDC (0x301F0F13) addi t5, t5, 0x301
x30 <- 0xF601FF55BFFFF701

mem[X,0x0000000080000EE0] -> 0x0EB7
mem[X,0x0000000080000EE2] -> 0x06BF
[957] [M]: 0x0000000080000EE0 (0x06BF0EB7) lui t4, 0x6bf0
x29 <- 0x0000000006BF0000

mem[X,0x0000000080000EE4] -> 0x8E93
mem[X,0x0000000080000EE6] -> 0x707E
[958] [M]: 0x0000000080000EE4 (0x707E8E93) addi t4, t4, 0x707
x29 <- 0x0000000006BF0707

mem[X,0x0000000080000EE8] -> 0x9E93
mem[X,0x0000000080000EEA] -> 0x00BE
[959] [M]: 0x0000000080000EE8 (0x00BE9E93) slli t4, t4, 0xb
x29 <- 0x00000035F8383800

mem[X,0x0000000080000EEC] -> 0x8E93
mem[X,0x0000000080000EEE] -> 0x7E0E
[960] [M]: 0x0000000080000EEC (0x7E0E8E93) addi t4, t4, 0x7e0
x29 <- 0x00000035F8383FE0

mem[X,0x0000000080000EF0] -> 0x9E93
mem[X,0x0000000080000EF2] -> 0x00BE
[961] [M]: 0x0000000080000EF0 (0x00BE9E93) slli t4, t4, 0xb
x29 <- 0x0001AFC1C1FF0000

mem[X,0x0000000080000EF4] -> 0x8E93
mem[X,0x0000000080000EF6] -> 0x000E
[962] [M]: 0x0000000080000EF4 (0x000E8E93) addi t4, t4, 0x0
x29 <- 0x0001AFC1C1FF0000

mem[X,0x0000000080000EF8] -> 0x9E93
mem[X,0x0000000080000EFA] -> 0x00AE
[963] [M]: 0x0000000080000EF8 (0x00AE9E93) slli t4, t4, 0xa
x29 <- 0x06BF0707FC000000

mem[X,0x0000000080000EFC] -> 0x8E93
mem[X,0x0000000080000EFE] -> 0x180E
[964] [M]: 0x0000000080000EFC (0x180E8E93) addi t4, t4, 0x180
x29 <- 0x06BF0707FC000180

mem[X,0x0000000080000F00] -> 0x0FBB
mem[X,0x0000000080000F02] -> 0xCDDF
[965] [M]: 0x0000000080000F00 (0xCDDF0FBB) pdif.b t6, t5, t4
x31 <- 0x1042084E3D010A7F

mem[X,0x0000000080000F04] -> 0xB023
mem[X,0x0000000080000F06] -> 0x0FF0
[966] [M]: 0x0000000080000F04 (0x0FF0B023) sd t6, 0xe0(ra)
mem[0x0000000080004288] <- 0x1042084E3D010A7F

mem[X,0x0000000080000F08] -> 0xEF37
mem[X,0x0000000080000F0A] -> 0xC0EF
[967] [M]: 0x0000000080000F08 (0xC0EFEF37) lui t5, -0x3f102
x30 <- 0xFFFFFFFFC0EFE000

mem[X,0x0000000080000F0C] -> 0x0F13
mem[X,0x0000000080000F0E] -> 0xF07F
[968] [M]: 0x0000000080000F0C (0xF07F0F13) addi t5, t5, -0xf9
x30 <- 0xFFFFFFFFC0EFDF07

mem[X,0x0000000080000F10] -> 0x1F13
mem[X,0x0000000080000F12] -> 0x00BF
[969] [M]: 0x0000000080000F10 (0x00BF1F13) slli t5, t5, 0xb
x30 <- 0xFFFFFE077EF83800

mem[X,0x0000000080000F14] -> 0x0F13
mem[X,0x0000000080000F16] -> 0x038F
[970] [M]: 0x0000000080000F14 (0x038F0F13) addi t5, t5, 0x38
x30 <- 0xFFFFFE077EF83838

mem[X,0x0000000080000F18] -> 0x1F13
mem[X,0x0000000080000F1A] -> 0x00BF
[971] [M]: 0x0000000080000F18 (0x00BF1F13) slli t5, t5, 0xb
x30 <- 0xFFF03BF7C1C1C000

mem[X,0x0000000080000F1C] -> 0x0F13
mem[X,0x0000000080000F1E] -> 0x1C2F
[972] [M]: 0x0000000080000F1C (0x1C2F0F13) addi t5, t5, 0x1c2
x30 <- 0xFFF03BF7C1C1C1C2

mem[X,0x0000000080000F20] -> 0x1F13
mem[X,0x0000000080000F22] -> 0x00AF
[973] [M]: 0x0000000080000F20 (0x00AF1F13) slli t5, t5, 0xa
x30 <- 0xC0EFDF0707070800

mem[X,0x0000000080000F24] -> 0x0F13
mem[X,0x0000000080000F26] -> 0x0FBF
[974] [M]: 0x0000000080000F24 (0x0FBF0F13) addi t5, t5, 0xfb
x30 <- 0xC0EFDF07070708FB

mem[X,0x0000000080000F28] -> 0xEEB7
mem[X,0x0000000080000F2A] -> 0xFAC0
[975] [M]: 0x0000000080000F28 (0xFAC0EEB7) lui t4, -0x53f2
x29 <- 0xFFFFFFFFFAC0E000

mem[X,0x0000000080000F2C] -> 0x8E93
mem[X,0x0000000080000F2E] -> 0xF55E
[976] [M]: 0x0000000080000F2C (0xF55E8E93) addi t4, t4, -0xab
x29 <- 0xFFFFFFFFFAC0DF55

mem[X,0x0000000080000F30] -> 0x9E93
mem[X,0x0000000080000F32] -> 0x00BE
[977] [M]: 0x0000000080000F30 (0x00BE9E93) slli t4, t4, 0xb
x29 <- 0xFFFFFFD606FAA800

mem[X,0x0000000080000F34] -> 0x8E93
mem[X,0x0000000080000F36] -> 0x5FEE
[978] [M]: 0x0000000080000F34 (0x5FEE8E93) addi t4, t4, 0x5fe
x29 <- 0xFFFFFFD606FAADFE

mem[X,0x0000000080000F38] -> 0x9E93
mem[X,0x0000000080000F3A] -> 0x00BE
[979] [M]: 0x0000000080000F38 (0x00BE9E93) slli t4, t4, 0xb
x29 <- 0xFFFEB037D56FF000

mem[X,0x0000000080000F3C] -> 0x8E93
mem[X,0x0000000080000F3E] -> 0x02AE
[980] [M]: 0x0000000080000F3C (0x02AE8E93) addi t4, t4, 0x2a
x29 <- 0xFFFEB037D56FF02A

mem[X,0x0000000080000F40] -> 0x9E93
mem[X,0x0000000080000F42] -> 0x00AE
[981] [M]: 0x0000000080000F40 (0x00AE9E93) slli t4, t4, 0xa
x29 <- 0xFAC0DF55BFC0A800

mem[X,0x0000000080000F44] -> 0x8E93
mem[X,0x0000000080000F46] -> 0x202E
[982] [M]: 0x0000000080000F44 (0x202E8E93) addi t4, t4, 0x202
x29 <- 0xFAC0DF55BFC0AA02

mem[X,0x0000000080000F48] -> 0x0FBB
mem[X,0x0000000080000F4A] -> 0xCDDF
[983] [M]: 0x0000000080000F48 (0xCDDF0FBB) pdif.b t6, t5, t4
x31 <- 0x3A2F004E48475E07

mem[X,0x0000000080000F4C] -> 0xB423
mem[X,0x0000000080000F4E] -> 0x0FF0
[984] [M]: 0x0000000080000F4C (0x0FF0B423) sd t6, 0xe8(ra)
mem[0x0000000080004290] <- 0x3A2F004E48475E07

mem[X,0x0000000080000F50] -> 0x4F37
mem[X,0x0000000080000F52] -> 0xFB55
[985] [M]: 0x0000000080000F50 (0xFB554F37) lui t5, -0x4aac
x30 <- 0xFFFFFFFFFB554000

mem[X,0x0000000080000F54] -> 0x0F13
mem[X,0x0000000080000F56] -> 0x005F
[986] [M]: 0x0000000080000F54 (0x005F0F13) addi t5, t5, 0x5
x30 <- 0xFFFFFFFFFB554005

mem[X,0x0000000080000F58] -> 0x1F13
mem[X,0x0000000080000F5A] -> 0x00BF
[987] [M]: 0x0000000080000F58 (0x00BF1F13) slli t5, t5, 0xb
x30 <- 0xFFFFFFDAAA002800

mem[X,0x0000000080000F5C] -> 0x0F13
mem[X,0x0000000080000F5E] -> 0x028F
[988] [M]: 0x0000000080000F5C (0x028F0F13) addi t5, t5, 0x28
x30 <- 0xFFFFFFDAAA002828

mem[X,0x0000000080000F60] -> 0x1F13
mem[X,0x0000000080000F62] -> 0x00BF
[989] [M]: 0x0000000080000F60 (0x00BF1F13) slli t5, t5, 0xb
x30 <- 0xFFFED55001414000

mem[X,0x0000000080000F64] -> 0x0F13
mem[X,0x0000000080000F66] -> 0x141F
[990] [M]: 0x0000000080000F64 (0x141F0F13) addi t5, t5, 0x141
x30 <- 0xFFFED55001414141

mem[X,0x0000000080000F68] -> 0x1F13
mem[X,0x0000000080000F6A] -> 0x00AF
[991] [M]: 0x0000000080000F68 (0x00AF1F13) slli t5, t5, 0xa
x30 <- 0xFB55400505050400

mem[X,0x0000000080000F6C] -> 0x0F13
mem[X,0x0000000080000F6E] -> 0x0BFF
[992] [M]: 0x0000000080000F6C (0x0BFF0F13) addi t5, t5, 0xbf
x30 <- 0xFB554005050504BF

mem[X,0x0000000080000F70] -> 0x0EB7
mem[X,0x0000000080000F72] -> 0x09FA
[993] [M]: 0x0000000080000F70 (0x09FA0EB7) lui t4, 0x9fa0
x29 <- 0x0000000009FA0000

mem[X,0x0000000080000F74] -> 0x8E93
mem[X,0x0000000080000F76] -> 0x9FBE
[994] [M]: 0x0000000080000F74 (0x9FBE8E93) addi t4, t4, -0x605
x29 <- 0x0000000009F9F9FB

mem[X,0x0000000080000F78] -> 0x9E93
mem[X,0x0000000080000F7A] -> 0x00BE
[995] [M]: 0x0000000080000F78 (0x00BE9E93) slli t4, t4, 0xb
x29 <- 0x0000004FCFCFD800

mem[X,0x0000000080000F7C] -> 0x8E93
mem[X,0x0000000080000F7E] -> 0x3F8E
[996] [M]: 0x0000000080000F7C (0x3F8E8E93) addi t4, t4, 0x3f8
x29 <- 0x0000004FCFCFDBF8

mem[X,0x0000000080000F80] -> 0x9E93
mem[X,0x0000000080000F82] -> 0x00BE
[997] [M]: 0x0000000080000F80 (0x00BE9E93) slli t4, t4, 0xb
x29 <- 0x00027E7E7EDFC000

mem[X,0x0000000080000F84] -> 0x8E93
mem[X,0x0000000080000F86] -> 0x43EE
[998] [M]: 0x0000000080000F84 (0x43EE8E93) addi t4, t4, 0x43e
x29 <- 0x00027E7E7EDFC43E

mem[X,0x0000000080000F88] -> 0x9E93
mem[X,0x0000000080000F8A] -> 0x00AE
[999] [M]: 0x0000000080000F88 (0x00AE9E93) slli t4, t4, 0xa
x29 <- 0x09F9F9FB7F10F800

clint::tick mtime <- 0x000000000000000A
 clint timer pending at mtime 0x000000000000000A
htif::tick 0x0000000000000000
mem[X,0x0000000080000F8C] -> 0x8E93
mem[X,0x0000000080000F8E] -> 0x3FFE
[1000] [M]: 0x0000000080000F8C (0x3FFE8E93) addi t4, t4, 0x3ff
x29 <- 0x09F9F9FB7F10FBFF

mem[X,0x0000000080000F90] -> 0x0FBB
mem[X,0x0000000080000F92] -> 0xCDDF
[1001] [M]: 0x0000000080000F90 (0xCDDF0FBB) pdif.b t6, t5, t4
x31 <- 0x0E5C470A7A0B0940

mem[X,0x0000000080000F94] -> 0xB823
mem[X,0x0000000080000F96] -> 0x0FF0
[1002] [M]: 0x0000000080000F94 (0x0FF0B823) sd t6, 0xf0(ra)
mem[0x0000000080004298] <- 0x0E5C470A7A0B0940

mem[X,0x0000000080000F98] -> 0x1F37
mem[X,0x0000000080000F9A] -> 0xFF00
[1003] [M]: 0x0000000080000F98 (0xFF001F37) lui t5, -0xfff
x30 <- 0xFFFFFFFFFF001000

mem[X,0x0000000080000F9C] -> 0x0F13
mem[X,0x0000000080000F9E] -> 0x005F
[1004] [M]: 0x0000000080000F9C (0x005F0F13) addi t5, t5, 0x5
x30 <- 0xFFFFFFFFFF001005

mem[X,0x0000000080000FA0] -> 0x1F13
mem[X,0x0000000080000FA2] -> 0x00BF
[1005] [M]: 0x0000000080000FA0 (0x00BF1F13) slli t5, t5, 0xb
x30 <- 0xFFFFFFF800802800

mem[X,0x0000000080000FA4] -> 0x0F13
mem[X,0x0000000080000FA6] -> 0x100F
[1006] [M]: 0x0000000080000FA4 (0x100F0F13) addi t5, t5, 0x100
x30 <- 0xFFFFFFF800802900

mem[X,0x0000000080000FA8] -> 0x1F13
mem[X,0x0000000080000FAA] -> 0x00BF
[1007] [M]: 0x0000000080000FA8 (0x00BF1F13) slli t5, t5, 0xb
x30 <- 0xFFFFC00401480000

mem[X,0x0000000080000FAC] -> 0x0F13
mem[X,0x0000000080000FAE] -> 0x07EF
[1008] [M]: 0x0000000080000FAC (0x07EF0F13) addi t5, t5, 0x7e
x30 <- 0xFFFFC0040148007E

mem[X,0x0000000080000FB0] -> 0x1F13
mem[X,0x0000000080000FB2] -> 0x00AF
[1009] [M]: 0x0000000080000FB0 (0x00AF1F13) slli t5, t5, 0xa
x30 <- 0xFF0010052001F800

mem[X,0x0000000080000FB4] -> 0x0F13
mem[X,0x0000000080000FB6] -> 0x0AAF
[1010] [M]: 0x0000000080000FB4 (0x0AAF0F13) addi t5, t5, 0xaa
x30 <- 0xFF0010052001F8AA

mem[X,0x0000000080000FB8] -> 0xEEB7
mem[X,0x0000000080000FBA] -> 0x05BF
[1011] [M]: 0x0000000080000FB8 (0x05BFEEB7) lui t4, 0x5bfe
x29 <- 0x0000000005BFE000

mem[X,0x0000000080000FBC] -> 0x8E93
mem[X,0x0000000080000FBE] -> 0xF00E
[1012] [M]: 0x0000000080000FBC (0xF00E8E93) addi t4, t4, -0x100
x29 <- 0x0000000005BFDF00

mem[X,0x0000000080000FC0] -> 0x9E93
mem[X,0x0000000080000FC2] -> 0x00BE
[1013] [M]: 0x0000000080000FC0 (0x00BE9E93) slli t4, t4, 0xb
x29 <- 0x0000002DFEF80000

mem[X,0x0000000080000FC4] -> 0x8E93
mem[X,0x0000000080000FC6] -> 0x038E
[1014] [M]: 0x0000000080000FC4 (0x038E8E93) addi t4, t4, 0x38
x29 <- 0x0000002DFEF80038

mem[X,0x0000000080000FC8] -> 0x9E93
mem[X,0x0000000080000FCA] -> 0x00BE
[1015] [M]: 0x0000000080000FC8 (0x00BE9E93) slli t4, t4, 0xb
x29 <- 0x00016FF7C001C000

mem[X,0x0000000080000FCC] -> 0x8E93
mem[X,0x0000000080000FCE] -> 0x010E
[1016] [M]: 0x0000000080000FCC (0x010E8E93) addi t4, t4, 0x10
x29 <- 0x00016FF7C001C010

mem[X,0x0000000080000FD0] -> 0x9E93
mem[X,0x0000000080000FD2] -> 0x00AE
[1017] [M]: 0x0000000080000FD0 (0x00AE9E93) slli t4, t4, 0xa
x29 <- 0x05BFDF0007004000

mem[X,0x0000000080000FD4] -> 0x8E93
mem[X,0x0000000080000FD6] -> 0x040E
[1018] [M]: 0x0000000080000FD4 (0x040E8E93) addi t4, t4, 0x40
x29 <- 0x05BFDF0007004040

mem[X,0x0000000080000FD8] -> 0x0FBB
mem[X,0x0000000080000FDA] -> 0xCDDF
[1019] [M]: 0x0000000080000FD8 (0xCDDF0FBB) pdif.b t6, t5, t4
x31 <- 0x064131051901486A

mem[X,0x0000000080000FDC] -> 0xBC23
mem[X,0x0000000080000FDE] -> 0x0FF0
[1020] [M]: 0x0000000080000FDC (0x0FF0BC23) sd t6, 0xf8(ra)
mem[0x00000000800042A0] <- 0x064131051901486A

mem[X,0x0000000080000FE0] -> 0x0F37
mem[X,0x0000000080000FE2] -> 0x01F9
[1021] [M]: 0x0000000080000FE0 (0x01F90F37) lui t5, 0x1f90
x30 <- 0x0000000001F90000

mem[X,0x0000000080000FE4] -> 0x0F13
mem[X,0x0000000080000FE6] -> 0x63FF
[1022] [M]: 0x0000000080000FE4 (0x63FF0F13) addi t5, t5, 0x63f
x30 <- 0x0000000001F9063F

mem[X,0x0000000080000FE8] -> 0x1F13
mem[X,0x0000000080000FEA] -> 0x00BF
[1023] [M]: 0x0000000080000FE8 (0x00BF1F13) slli t5, t5, 0xb
x30 <- 0x0000000FC831F800

mem[X,0x0000000080000FEC] -> 0x0F13
mem[X,0x0000000080000FEE] -> 0x551F
[1024] [M]: 0x0000000080000FEC (0x551F0F13) addi t5, t5, 0x551
x30 <- 0x0000000FC831FD51

mem[X,0x0000000080000FF0] -> 0x1F13
mem[X,0x0000000080000FF2] -> 0x00BF
[1025] [M]: 0x0000000080000FF0 (0x00BF1F13) slli t5, t5, 0xb
x30 <- 0x00007E418FEA8800

mem[X,0x0000000080000FF4] -> 0x0F13
mem[X,0x0000000080000FF6] -> 0x03FF
[1026] [M]: 0x0000000080000FF4 (0x03FF0F13) addi t5, t5, 0x3f
x30 <- 0x00007E418FEA883F

mem[X,0x0000000080000FF8] -> 0x1F13
mem[X,0x0000000080000FFA] -> 0x00AF
[1027] [M]: 0x0000000080000FF8 (0x00AF1F13) slli t5, t5, 0xa
x30 <- 0x01F9063FAA20FC00

mem[X,0x0000000080000FFC] -> 0x0F13
mem[X,0x0000000080000FFE] -> 0x109F
[1028] [M]: 0x0000000080000FFC (0x109F0F13) addi t5, t5, 0x109
x30 <- 0x01F9063FAA20FD09

mem[X,0x0000000080001000] -> 0x0EB7
mem[X,0x0000000080001002] -> 0x0000
[1029] [M]: 0x0000000080001000 (0x00000EB7) lui t4, 0x0
x29 <- 0x0000000000000000

mem[X,0x0000000080001004] -> 0x8E93
mem[X,0x0000000080001006] -> 0x9F7E
[1030] [M]: 0x0000000080001004 (0x9F7E8E93) addi t4, t4, -0x609
x29 <- 0xFFFFFFFFFFFFF9F7

mem[X,0x0000000080001008] -> 0x9E93
mem[X,0x000000008000100A] -> 0x00BE
[1031] [M]: 0x0000000080001008 (0x00BE9E93) slli t4, t4, 0xb
x29 <- 0xFFFFFFFFFFCFB800

mem[X,0x000000008000100C] -> 0x8E93
mem[X,0x000000008000100E] -> 0x7EFE
[1032] [M]: 0x000000008000100C (0x7EFE8E93) addi t4, t4, 0x7ef
x29 <- 0xFFFFFFFFFFCFBFEF

mem[X,0x0000000080001010] -> 0x9E93
mem[X,0x0000000080001012] -> 0x00BE
[1033] [M]: 0x0000000080001010 (0x00BE9E93) slli t4, t4, 0xb
x29 <- 0xFFFFFFFE7DFF7800

mem[X,0x0000000080001014] -> 0x8E93
mem[X,0x0000000080001016] -> 0x73EE
[1034] [M]: 0x0000000080001014 (0x73EE8E93) addi t4, t4, 0x73e
x29 <- 0xFFFFFFFE7DFF7F3E

mem[X,0x0000000080001018] -> 0x9E93
mem[X,0x000000008000101A] -> 0x00AE
[1035] [M]: 0x0000000080001018 (0x00AE9E93) slli t4, t4, 0xa
x29 <- 0xFFFFF9F7FDFCF800

mem[X,0x000000008000101C] -> 0x8E93
mem[X,0x000000008000101E] -> 0x0F9E
[1036] [M]: 0x000000008000101C (0x0F9E8E93) addi t4, t4, 0xf9
x29 <- 0xFFFFF9F7FDFCF8F9

mem[X,0x0000000080001020] -> 0x0FBB
mem[X,0x0000000080001022] -> 0xCDDF
[1037] [M]: 0x0000000080001020 (0xCDDF0FBB) pdif.b t6, t5, t4
x31 <- 0x02060D4853240510

mem[X,0x0000000080001024] -> 0xB023
mem[X,0x0000000080001026] -> 0x11F0
[1038] [M]: 0x0000000080001024 (0x11F0B023) sd t6, 0x100(ra)
mem[0x00000000800042A8] <- 0x02060D4853240510

mem[X,0x0000000080001028] -> 0xFF37
mem[X,0x000000008000102A] -> 0x043F
[1039] [M]: 0x0000000080001028 (0x043FFF37) lui t5, 0x43ff
x30 <- 0x00000000043FF000

mem[X,0x000000008000102C] -> 0x0F13
mem[X,0x000000008000102E] -> 0xF20F
[1040] [M]: 0x000000008000102C (0xF20F0F13) addi t5, t5, -0xe0
x30 <- 0x00000000043FEF20

mem[X,0x0000000080001030] -> 0x1F13
mem[X,0x0000000080001032] -> 0x00BF
[1041] [M]: 0x0000000080001030 (0x00BF1F13) slli t5, t5, 0xb
x30 <- 0x00000021FF790000

mem[X,0x0000000080001034] -> 0x0F13
mem[X,0x0000000080001036] -> 0x037F
[1042] [M]: 0x0000000080001034 (0x037F0F13) addi t5, t5, 0x37
x30 <- 0x00000021FF790037

mem[X,0x0000000080001038] -> 0x1F13
mem[X,0x000000008000103A] -> 0x00BF
[1043] [M]: 0x0000000080001038 (0x00BF1F13) slli t5, t5, 0xb
x30 <- 0x00010FFBC801B800

mem[X,0x000000008000103C] -> 0x0F13
mem[X,0x000000008000103E] -> 0x5FEF
[1044] [M]: 0x000000008000103C (0x5FEF0F13) addi t5, t5, 0x5fe
x30 <- 0x00010FFBC801BDFE

mem[X,0x0000000080001040] -> 0x1F13
mem[X,0x0000000080001042] -> 0x00AF
[1045] [M]: 0x0000000080001040 (0x00AF1F13) slli t5, t5, 0xa
x30 <- 0x043FEF2006F7F800

mem[X,0x0000000080001044] -> 0x0F13
mem[X,0x0000000080001046] -> 0x2FEF
[1046] [M]: 0x0000000080001044 (0x2FEF0F13) addi t5, t5, 0x2fe
x30 <- 0x043FEF2006F7FAFE

mem[X,0x0000000080001048] -> 0x0EB7
mem[X,0x000000008000104A] -> 0x02F0
[1047] [M]: 0x0000000080001048 (0x02F00EB7) lui t4, 0x2f00
x29 <- 0x0000000002F00000

mem[X,0x000000008000104C] -> 0x8E93
mem[X,0x000000008000104E] -> 0xC40E
[1048] [M]: 0x000000008000104C (0xC40E8E93) addi t4, t4, -0x3c0
x29 <- 0x0000000002EFFC40

mem[X,0x0000000080001050] -> 0x9E93
mem[X,0x0000000080001052] -> 0x00BE
[1049] [M]: 0x0000000080001050 (0x00BE9E93) slli t4, t4, 0xb
x29 <- 0x000000177FE20000

mem[X,0x0000000080001054] -> 0x8E93
mem[X,0x0000000080001056] -> 0x550E
[1050] [M]: 0x0000000080001054 (0x550E8E93) addi t4, t4, 0x550
x29 <- 0x000000177FE20550

mem[X,0x0000000080001058] -> 0x9E93
mem[X,0x000000008000105A] -> 0x00BE
[1051] [M]: 0x0000000080001058 (0x00BE9E93) slli t4, t4, 0xb
x29 <- 0x0000BBFF102A8000

mem[X,0x000000008000105C] -> 0x8E93
mem[X,0x000000008000105E] -> 0x1EAE
[1052] [M]: 0x000000008000105C (0x1EAE8E93) addi t4, t4, 0x1ea
x29 <- 0x0000BBFF102A81EA

mem[X,0x0000000080001060] -> 0x9E93
mem[X,0x0000000080001062] -> 0x00AE
[1053] [M]: 0x0000000080001060 (0x00AE9E93) slli t4, t4, 0xa
x29 <- 0x02EFFC40AA07A800

mem[X,0x0000000080001064] -> 0x8E93
mem[X,0x0000000080001066] -> 0x2FFE
[1054] [M]: 0x0000000080001064 (0x2FFE8E93) addi t4, t4, 0x2ff
x29 <- 0x02EFFC40AA07AAFF

mem[X,0x0000000080001068] -> 0x0FBB
mem[X,0x000000008000106A] -> 0xCDDF
[1055] [M]: 0x0000000080001068 (0xCDDF0FBB) pdif.b t6, t5, t4
x31 <- 0x02500D205C105001

mem[X,0x000000008000106C] -> 0xB423
mem[X,0x000000008000106E] -> 0x11F0
[1056] [M]: 0x000000008000106C (0x11F0B423) sd t6, 0x108(ra)
mem[0x00000000800042B0] <- 0x02500D205C105001

mem[X,0x0000000080001070] -> 0x2F37
mem[X,0x0000000080001072] -> 0x0800
[1057] [M]: 0x0000000080001070 (0x08002F37) lui t5, 0x8002
x30 <- 0x0000000008002000

mem[X,0x0000000080001074] -> 0x0F13
mem[X,0x0000000080001076] -> 0x0BFF
[1058] [M]: 0x0000000080001074 (0x0BFF0F13) addi t5, t5, 0xbf
x30 <- 0x00000000080020BF

mem[X,0x0000000080001078] -> 0x1F13
mem[X,0x000000008000107A] -> 0x00BF
[1059] [M]: 0x0000000080001078 (0x00BF1F13) slli t5, t5, 0xb
x30 <- 0x000000400105F800

mem[X,0x000000008000107C] -> 0x0F13
mem[X,0x000000008000107E] -> 0x045F
[1060] [M]: 0x000000008000107C (0x045F0F13) addi t5, t5, 0x45
x30 <- 0x000000400105F845

mem[X,0x0000000080001080] -> 0x1F13
mem[X,0x0000000080001082] -> 0x00BF
[1061] [M]: 0x0000000080001080 (0x00BF1F13) slli t5, t5, 0xb
x30 <- 0x000200082FC22800

mem[X,0x0000000080001084] -> 0x0F13
mem[X,0x0000000080001086] -> 0x2BEF
[1062] [M]: 0x0000000080001084 (0x2BEF0F13) addi t5, t5, 0x2be
x30 <- 0x000200082FC22ABE

mem[X,0x0000000080001088] -> 0x1F13
mem[X,0x000000008000108A] -> 0x00AF
[1063] [M]: 0x0000000080001088 (0x00AF1F13) slli t5, t5, 0xa
x30 <- 0x080020BF08AAF800

mem[X,0x000000008000108C] -> 0x0F13
mem[X,0x000000008000108E] -> 0x2DFF
[1064] [M]: 0x000000008000108C (0x2DFF0F13) addi t5, t5, 0x2df
x30 <- 0x080020BF08AAFADF

mem[X,0x0000000080001090] -> 0x0EB7
mem[X,0x0000000080001092] -> 0x3F09
[1065] [M]: 0x0000000080001090 (0x3F090EB7) lui t4, 0x3f090
x29 <- 0x000000003F090000

mem[X,0x0000000080001094] -> 0x8E93
mem[X,0x0000000080001096] -> 0x67FE
[1066] [M]: 0x0000000080001094 (0x67FE8E93) addi t4, t4, 0x67f
x29 <- 0x000000003F09067F

mem[X,0x0000000080001098] -> 0x9E93
mem[X,0x000000008000109A] -> 0x00BE
[1067] [M]: 0x0000000080001098 (0x00BE9E93) slli t4, t4, 0xb
x29 <- 0x000001F84833F800

mem[X,0x000000008000109C] -> 0x8E93
mem[X,0x000000008000109E] -> 0x7B8E
[1068] [M]: 0x000000008000109C (0x7B8E8E93) addi t4, t4, 0x7b8
x29 <- 0x000001F84833FFB8

mem[X,0x00000000800010A0] -> 0x9E93
mem[X,0x00000000800010A2] -> 0x00BE
[1069] [M]: 0x00000000800010A0 (0x00BE9E93) slli t4, t4, 0xb
x29 <- 0x000FC2419FFDC000

mem[X,0x00000000800010A4] -> 0x8E93
mem[X,0x00000000800010A6] -> 0x260E
[1070] [M]: 0x00000000800010A4 (0x260E8E93) addi t4, t4, 0x260
x29 <- 0x000FC2419FFDC260

mem[X,0x00000000800010A8] -> 0x9E93
mem[X,0x00000000800010AA] -> 0x00AE
[1071] [M]: 0x00000000800010A8 (0x00AE9E93) slli t4, t4, 0xa
x29 <- 0x3F09067FF7098000

mem[X,0x00000000800010AC] -> 0x8E93
mem[X,0x00000000800010AE] -> 0x0F9E
[1072] [M]: 0x00000000800010AC (0x0F9E8E93) addi t4, t4, 0xf9
x29 <- 0x3F09067FF70980F9

mem[X,0x00000000800010B0] -> 0x0FBB
mem[X,0x00000000800010B2] -> 0xCDDF
[1073] [M]: 0x00000000800010B0 (0xCDDF0FBB) pdif.b t6, t5, t4
x31 <- 0x37091A40115F7A1A

mem[X,0x00000000800010B4] -> 0xB823
mem[X,0x00000000800010B6] -> 0x11F0
[1074] [M]: 0x00000000800010B4 (0x11F0B823) sd t6, 0x110(ra)
mem[0x00000000800042B8] <- 0x37091A40115F7A1A

mem[X,0x00000000800010B8] -> 0x1F37
mem[X,0x00000000800010BA] -> 0x2020
[1075] [M]: 0x00000000800010B8 (0x20201F37) lui t5, 0x20201
x30 <- 0x0000000020201000

mem[X,0x00000000800010BC] -> 0x0F13
mem[X,0x00000000800010BE] -> 0x007F
[1076] [M]: 0x00000000800010BC (0x007F0F13) addi t5, t5, 0x7
x30 <- 0x0000000020201007

mem[X,0x00000000800010C0] -> 0x1F13
mem[X,0x00000000800010C2] -> 0x00BF
[1077] [M]: 0x00000000800010C0 (0x00BF1F13) slli t5, t5, 0xb
x30 <- 0x0000010100803800

mem[X,0x00000000800010C4] -> 0x0F13
mem[X,0x00000000800010C6] -> 0x6F8F
[1078] [M]: 0x00000000800010C4 (0x6F8F0F13) addi t5, t5, 0x6f8
x30 <- 0x0000010100803EF8

mem[X,0x00000000800010C8] -> 0x1F13
mem[X,0x00000000800010CA] -> 0x00BF
[1079] [M]: 0x00000000800010C8 (0x00BF1F13) slli t5, t5, 0xb
x30 <- 0x0008080401F7C000

mem[X,0x00000000800010CC] -> 0x0F13
mem[X,0x00000000800010CE] -> 0x1F7F
[1080] [M]: 0x00000000800010CC (0x1F7F0F13) addi t5, t5, 0x1f7
x30 <- 0x0008080401F7C1F7

mem[X,0x00000000800010D0] -> 0x1F13
mem[X,0x00000000800010D2] -> 0x00AF
[1081] [M]: 0x00000000800010D0 (0x00AF1F13) slli t5, t5, 0xa
x30 <- 0x20201007DF07DC00

mem[X,0x00000000800010D4] -> 0x0F13
mem[X,0x00000000800010D6] -> 0x3FDF
[1082] [M]: 0x00000000800010D4 (0x3FDF0F13) addi t5, t5, 0x3fd
x30 <- 0x20201007DF07DFFD

mem[X,0x00000000800010D8] -> 0x1EB7
mem[X,0x00000000800010DA] -> 0x0602
[1083] [M]: 0x00000000800010D8 (0x06021EB7) lui t4, 0x6021
x29 <- 0x0000000006021000

mem[X,0x00000000800010DC] -> 0x8E93
mem[X,0x00000000800010DE] -> 0x000E
[1084] [M]: 0x00000000800010DC (0x000E8E93) addi t4, t4, 0x0
x29 <- 0x0000000006021000

mem[X,0x00000000800010E0] -> 0x9E93
mem[X,0x00000000800010E2] -> 0x00BE
[1085] [M]: 0x00000000800010E0 (0x00BE9E93) slli t4, t4, 0xb
x29 <- 0x0000003010800000

mem[X,0x00000000800010E4] -> 0x8E93
mem[X,0x00000000800010E6] -> 0x2AFE
[1086] [M]: 0x00000000800010E4 (0x2AFE8E93) addi t4, t4, 0x2af
x29 <- 0x00000030108002AF

mem[X,0x00000000800010E8] -> 0x9E93
mem[X,0x00000000800010EA] -> 0x00BE
[1087] [M]: 0x00000000800010E8 (0x00BE9E93) slli t4, t4, 0xb
x29 <- 0x0001808400157800

mem[X,0x00000000800010EC] -> 0x8E93
mem[X,0x00000000800010EE] -> 0x615E
[1088] [M]: 0x00000000800010EC (0x615E8E93) addi t4, t4, 0x615
x29 <- 0x0001808400157E15

mem[X,0x00000000800010F0] -> 0x9E93
mem[X,0x00000000800010F2] -> 0x00AE
[1089] [M]: 0x00000000800010F0 (0x00AE9E93) slli t4, t4, 0xa
x29 <- 0x0602100055F85400

mem[X,0x00000000800010F4] -> 0x8E93
mem[X,0x00000000800010F6] -> 0x100E
[1090] [M]: 0x00000000800010F4 (0x100E8E93) addi t4, t4, 0x100
x29 <- 0x0602100055F85500

mem[X,0x00000000800010F8] -> 0x0FBB
mem[X,0x00000000800010FA] -> 0xCDDF
[1091] [M]: 0x00000000800010F8 (0xCDDF0FBB) pdif.b t6, t5, t4
x31 <- 0x1A1E0007760F7603

mem[X,0x00000000800010FC] -> 0xBC23
mem[X,0x00000000800010FE] -> 0x11F0
[1092] [M]: 0x00000000800010FC (0x11F0BC23) sd t6, 0x118(ra)
mem[0x00000000800042C0] <- 0x1A1E0007760F7603

mem[X,0x0000000080001100] -> 0xFF37
mem[X,0x0000000080001102] -> 0x40FA
[1093] [M]: 0x0000000080001100 (0x40FAFF37) lui t5, 0x40faf
x30 <- 0x0000000040FAF000

mem[X,0x0000000080001104] -> 0x0F13
mem[X,0x0000000080001106] -> 0x704F
[1094] [M]: 0x0000000080001104 (0x704F0F13) addi t5, t5, 0x704
x30 <- 0x0000000040FAF704

mem[X,0x0000000080001108] -> 0x1F13
mem[X,0x000000008000110A] -> 0x00BF
[1095] [M]: 0x0000000080001108 (0x00BF1F13) slli t5, t5, 0xb
x30 <- 0x00000207D7B82000

mem[X,0x000000008000110C] -> 0x0F13
mem[X,0x000000008000110E] -> 0x5F9F
[1096] [M]: 0x000000008000110C (0x5F9F0F13) addi t5, t5, 0x5f9
x30 <- 0x00000207D7B825F9

mem[X,0x0000000080001110] -> 0x1F13
mem[X,0x0000000080001112] -> 0x00BF
[1097] [M]: 0x0000000080001110 (0x00BF1F13) slli t5, t5, 0xb
x30 <- 0x00103EBDC12FC800

mem[X,0x0000000080001114] -> 0x0F13
mem[X,0x0000000080001116] -> 0x001F
[1098] [M]: 0x0000000080001114 (0x001F0F13) addi t5, t5, 0x1
x30 <- 0x00103EBDC12FC801

mem[X,0x0000000080001118] -> 0x1F13
mem[X,0x000000008000111A] -> 0x00AF
[1099] [M]: 0x0000000080001118 (0x00AF1F13) slli t5, t5, 0xa
x30 <- 0x40FAF704BF200400

clint::tick mtime <- 0x000000000000000B
 clint timer pending at mtime 0x000000000000000B
htif::tick 0x0000000000000000
mem[X,0x000000008000111C] -> 0x0F13
mem[X,0x000000008000111E] -> 0x220F
[1100] [M]: 0x000000008000111C (0x220F0F13) addi t5, t5, 0x220
x30 <- 0x40FAF704BF200620

mem[X,0x0000000080001120] -> 0x0EB7
mem[X,0x0000000080001122] -> 0x1002
[1101] [M]: 0x0000000080001120 (0x10020EB7) lui t4, 0x10020
x29 <- 0x0000000010020000

mem[X,0x0000000080001124] -> 0x8E93
mem[X,0x0000000080001126] -> 0x2AAE
[1102] [M]: 0x0000000080001124 (0x2AAE8E93) addi t4, t4, 0x2aa
x29 <- 0x00000000100202AA

mem[X,0x0000000080001128] -> 0x9E93
mem[X,0x000000008000112A] -> 0x00BE
[1103] [M]: 0x0000000080001128 (0x00BE9E93) slli t4, t4, 0xb
x29 <- 0x0000008010155000

mem[X,0x000000008000112C] -> 0x8E93
mem[X,0x000000008000112E] -> 0x040E
[1104] [M]: 0x000000008000112C (0x040E8E93) addi t4, t4, 0x40
x29 <- 0x0000008010155040

mem[X,0x0000000080001130] -> 0x9E93
mem[X,0x0000000080001132] -> 0x00BE
[1105] [M]: 0x0000000080001130 (0x00BE9E93) slli t4, t4, 0xb
x29 <- 0x00040080AA820000

mem[X,0x0000000080001134] -> 0x8E93
mem[X,0x0000000080001136] -> 0x000E
[1106] [M]: 0x0000000080001134 (0x000E8E93) addi t4, t4, 0x0
x29 <- 0x00040080AA820000

mem[X,0x0000000080001138] -> 0x9E93
mem[X,0x000000008000113A] -> 0x00AE
[1107] [M]: 0x0000000080001138 (0x00AE9E93) slli t4, t4, 0xa
x29 <- 0x100202AA08000000

mem[X,0x000000008000113C] -> 0x8E93
mem[X,0x000000008000113E] -> 0x240E
[1108] [M]: 0x000000008000113C (0x240E8E93) addi t4, t4, 0x240
x29 <- 0x100202AA08000240

mem[X,0x0000000080001140] -> 0x0FBB
mem[X,0x0000000080001142] -> 0xCDDF
[1109] [M]: 0x0000000080001140 (0xCDDF0FBB) pdif.b t6, t5, t4
x31 <- 0x30080B5A49200420

mem[X,0x0000000080001144] -> 0xB023
mem[X,0x0000000080001146] -> 0x13F0
[1110] [M]: 0x0000000080001144 (0x13F0B023) sd t6, 0x120(ra)
mem[0x00000000800042C8] <- 0x30080B5A49200420

mem[X,0x0000000080001148] -> 0x0F37
mem[X,0x000000008000114A] -> 0x06FB
[1111] [M]: 0x0000000080001148 (0x06FB0F37) lui t5, 0x6fb0
x30 <- 0x0000000006FB0000

mem[X,0x000000008000114C] -> 0x0F13
mem[X,0x000000008000114E] -> 0x207F
[1112] [M]: 0x000000008000114C (0x207F0F13) addi t5, t5, 0x207
x30 <- 0x0000000006FB0207

mem[X,0x0000000080001150] -> 0x1F13
mem[X,0x0000000080001152] -> 0x00BF
[1113] [M]: 0x0000000080001150 (0x00BF1F13) slli t5, t5, 0xb
x30 <- 0x00000037D8103800

mem[X,0x0000000080001154] -> 0x0F13
mem[X,0x0000000080001156] -> 0x032F
[1114] [M]: 0x0000000080001154 (0x032F0F13) addi t5, t5, 0x32
x30 <- 0x00000037D8103832

mem[X,0x0000000080001158] -> 0x1F13
mem[X,0x000000008000115A] -> 0x00BF
[1115] [M]: 0x0000000080001158 (0x00BF1F13) slli t5, t5, 0xb
x30 <- 0x0001BEC081C19000

mem[X,0x000000008000115C] -> 0x0F13
mem[X,0x000000008000115E] -> 0x004F
[1116] [M]: 0x000000008000115C (0x004F0F13) addi t5, t5, 0x4
x30 <- 0x0001BEC081C19004

mem[X,0x0000000080001160] -> 0x1F13
mem[X,0x0000000080001162] -> 0x00AF
[1117] [M]: 0x0000000080001160 (0x00AF1F13) slli t5, t5, 0xa
x30 <- 0x06FB020706401000

mem[X,0x0000000080001164] -> 0x0F13
mem[X,0x0000000080001166] -> 0x0F8F
[1118] [M]: 0x0000000080001164 (0x0F8F0F13) addi t5, t5, 0xf8
x30 <- 0x06FB0207064010F8

mem[X,0x0000000080001168] -> 0xFEB7
mem[X,0x000000008000116A] -> 0xF602
[1119] [M]: 0x0000000080001168 (0xF602FEB7) lui t4, -0x9fd1
x29 <- 0xFFFFFFFFF602F000

mem[X,0x000000008000116C] -> 0x8E93
mem[X,0x000000008000116E] -> 0xF00E
[1120] [M]: 0x000000008000116C (0xF00E8E93) addi t4, t4, -0x100
x29 <- 0xFFFFFFFFF602EF00

mem[X,0x0000000080001170] -> 0x9E93
mem[X,0x0000000080001172] -> 0x00BE
[1121] [M]: 0x0000000080001170 (0x00BE9E93) slli t4, t4, 0xb
x29 <- 0xFFFFFFB017780000

mem[X,0x0000000080001174] -> 0x8E93
mem[X,0x0000000080001176] -> 0x082E
[1122] [M]: 0x0000000080001174 (0x082E8E93) addi t4, t4, 0x82
x29 <- 0xFFFFFFB017780082

mem[X,0x0000000080001178] -> 0x9E93
mem[X,0x000000008000117A] -> 0x00BE
[1123] [M]: 0x0000000080001178 (0x00BE9E93) slli t4, t4, 0xb
x29 <- 0xFFFD80BBC0041000

mem[X,0x000000008000117C] -> 0x8E93
mem[X,0x000000008000117E] -> 0x03BE
[1124] [M]: 0x000000008000117C (0x03BE8E93) addi t4, t4, 0x3b
x29 <- 0xFFFD80BBC004103B

mem[X,0x0000000080001180] -> 0x9E93
mem[X,0x0000000080001182] -> 0x00AE
[1125] [M]: 0x0000000080001180 (0x00AE9E93) slli t4, t4, 0xa
x29 <- 0xF602EF001040EC00

mem[X,0x0000000080001184] -> 0x8E93
mem[X,0x0000000080001186] -> 0x37FE
[1126] [M]: 0x0000000080001184 (0x37FE8E93) addi t4, t4, 0x37f
x29 <- 0xF602EF001040EF7F

mem[X,0x0000000080001188] -> 0x0FBB
mem[X,0x000000008000118A] -> 0xCDDF
[1127] [M]: 0x0000000080001188 (0xCDDF0FBB) pdif.b t6, t5, t4
x31 <- 0x100713070A002179

mem[X,0x000000008000118C] -> 0xB423
mem[X,0x000000008000118E] -> 0x13F0
[1128] [M]: 0x000000008000118C (0x13F0B423) sd t6, 0x128(ra)
mem[0x00000000800042D0] <- 0x100713070A002179

mem[X,0x0000000080001190] -> 0x0F37
mem[X,0x0000000080001192] -> 0x08FB
[1129] [M]: 0x0000000080001190 (0x08FB0F37) lui t5, 0x8fb0
x30 <- 0x0000000008FB0000

mem[X,0x0000000080001194] -> 0x0F13
mem[X,0x0000000080001196] -> 0xF07F
[1130] [M]: 0x0000000080001194 (0xF07F0F13) addi t5, t5, -0xf9
x30 <- 0x0000000008FAFF07

mem[X,0x0000000080001198] -> 0x1F13
mem[X,0x000000008000119A] -> 0x00BF
[1131] [M]: 0x0000000080001198 (0x00BF1F13) slli t5, t5, 0xb
x30 <- 0x00000047D7F83800

mem[X,0x000000008000119C] -> 0x0F13
mem[X,0x000000008000119E] -> 0x01BF
[1132] [M]: 0x000000008000119C (0x01BF0F13) addi t5, t5, 0x1b
x30 <- 0x00000047D7F8381B

mem[X,0x00000000800011A0] -> 0x1F13
mem[X,0x00000000800011A2] -> 0x00BF
[1133] [M]: 0x00000000800011A0 (0x00BF1F13) slli t5, t5, 0xb
x30 <- 0x00023EBFC1C0D800

mem[X,0x00000000800011A4] -> 0x0F13
mem[X,0x00000000800011A6] -> 0x7C0F
[1134] [M]: 0x00000000800011A4 (0x7C0F0F13) addi t5, t5, 0x7c0
x30 <- 0x00023EBFC1C0DFC0

mem[X,0x00000000800011A8] -> 0x1F13
mem[X,0x00000000800011AA] -> 0x00AF
[1135] [M]: 0x00000000800011A8 (0x00AF1F13) slli t5, t5, 0xa
x30 <- 0x08FAFF07037F0000

mem[X,0x00000000800011AC] -> 0x0F13
mem[X,0x00000000800011AE] -> 0x13FF
[1136] [M]: 0x00000000800011AC (0x13FF0F13) addi t5, t5, 0x13f
x30 <- 0x08FAFF07037F013F

mem[X,0x00000000800011B0] -> 0x0EB7
mem[X,0x00000000800011B2] -> 0xAAF9
[1137] [M]: 0x00000000800011B0 (0xAAF90EB7) lui t4, -0x55070
x29 <- 0xFFFFFFFFAAF90000

mem[X,0x00000000800011B4] -> 0x8E93
mem[X,0x00000000800011B6] -> 0xAFCE
[1138] [M]: 0x00000000800011B4 (0xAFCE8E93) addi t4, t4, -0x504
x29 <- 0xFFFFFFFFAAF8FAFC

mem[X,0x00000000800011B8] -> 0x9E93
mem[X,0x00000000800011BA] -> 0x00BE
[1139] [M]: 0x00000000800011B8 (0x00BE9E93) slli t4, t4, 0xb
x29 <- 0xFFFFFD57C7D7E000

mem[X,0x00000000800011BC] -> 0x8E93
mem[X,0x00000000800011BE] -> 0x7C0E
[1140] [M]: 0x00000000800011BC (0x7C0E8E93) addi t4, t4, 0x7c0
x29 <- 0xFFFFFD57C7D7E7C0

mem[X,0x00000000800011C0] -> 0x9E93
mem[X,0x00000000800011C2] -> 0x00BE
[1141] [M]: 0x00000000800011C0 (0x00BE9E93) slli t4, t4, 0xb
x29 <- 0xFFEABE3EBF3E0000

mem[X,0x00000000800011C4] -> 0x8E93
mem[X,0x00000000800011C6] -> 0x0BFE
[1142] [M]: 0x00000000800011C4 (0x0BFE8E93) addi t4, t4, 0xbf
x29 <- 0xFFEABE3EBF3E00BF

mem[X,0x00000000800011C8] -> 0x9E93
mem[X,0x00000000800011CA] -> 0x00AE
[1143] [M]: 0x00000000800011C8 (0x00AE9E93) slli t4, t4, 0xa
x29 <- 0xAAF8FAFCF802FC00

mem[X,0x00000000800011CC] -> 0x8E93
mem[X,0x00000000800011CE] -> 0x3F6E
[1144] [M]: 0x00000000800011CC (0x3F6E8E93) addi t4, t4, 0x3f6
x29 <- 0xAAF8FAFCF802FFF6

mem[X,0x00000000800011D0] -> 0x0FBB
mem[X,0x00000000800011D2] -> 0xCDDF
[1145] [M]: 0x00000000800011D0 (0xCDDF0FBB) pdif.b t6, t5, t4
x31 <- 0x5E02050B0B7D0249

mem[X,0x00000000800011D4] -> 0xB823
mem[X,0x00000000800011D6] -> 0x13F0
[1146] [M]: 0x00000000800011D4 (0x13F0B823) sd t6, 0x130(ra)
mem[0x00000000800042D8] <- 0x5E02050B0B7D0249

mem[X,0x00000000800011D8] -> 0xFF37
mem[X,0x00000000800011DA] -> 0x0520
[1147] [M]: 0x00000000800011D8 (0x0520FF37) lui t5, 0x520f
x30 <- 0x000000000520F000

mem[X,0x00000000800011DC] -> 0x0F13
mem[X,0x00000000800011DE] -> 0xFF6F
[1148] [M]: 0x00000000800011DC (0xFF6F0F13) addi t5, t5, -0xa
x30 <- 0x000000000520EFF6

mem[X,0x00000000800011E0] -> 0x1F13
mem[X,0x00000000800011E2] -> 0x00BF
[1149] [M]: 0x00000000800011E0 (0x00BF1F13) slli t5, t5, 0xb
x30 <- 0x00000029077FB000

mem[X,0x00000000800011E4] -> 0x0F13
mem[X,0x00000000800011E6] -> 0x7C8F
[1150] [M]: 0x00000000800011E4 (0x7C8F0F13) addi t5, t5, 0x7c8
x30 <- 0x00000029077FB7C8

mem[X,0x00000000800011E8] -> 0x1F13
mem[X,0x00000000800011EA] -> 0x00BF
[1151] [M]: 0x00000000800011E8 (0x00BF1F13) slli t5, t5, 0xb
x30 <- 0x0001483BFDBE4000

mem[X,0x00000000800011EC] -> 0x0F13
mem[X,0x00000000800011EE] -> 0x400F
[1152] [M]: 0x00000000800011EC (0x400F0F13) addi t5, t5, 0x400
x30 <- 0x0001483BFDBE4400

mem[X,0x00000000800011F0] -> 0x1F13
mem[X,0x00000000800011F2] -> 0x00AF
[1153] [M]: 0x00000000800011F0 (0x00AF1F13) slli t5, t5, 0xa
x30 <- 0x0520EFF6F9100000

mem[X,0x00000000800011F4] -> 0x0F13
mem[X,0x00000000800011F6] -> 0x001F
[1154] [M]: 0x00000000800011F4 (0x001F0F13) addi t5, t5, 0x1
x30 <- 0x0520EFF6F9100001

mem[X,0x00000000800011F8] -> 0xCEB7
mem[X,0x00000000800011FA] -> 0xF6FF
[1155] [M]: 0x00000000800011F8 (0xF6FFCEB7) lui t4, -0x9004
x29 <- 0xFFFFFFFFF6FFC000

mem[X,0x00000000800011FC] -> 0x8E93
mem[X,0x00000000800011FE] -> 0x0F7E
[1156] [M]: 0x00000000800011FC (0x0F7E8E93) addi t4, t4, 0xf7
x29 <- 0xFFFFFFFFF6FFC0F7

mem[X,0x0000000080001200] -> 0x9E93
mem[X,0x0000000080001202] -> 0x00BE
[1157] [M]: 0x0000000080001200 (0x00BE9E93) slli t4, t4, 0xb
x29 <- 0xFFFFFFB7FE07B800

mem[X,0x0000000080001204] -> 0x8E93
mem[X,0x0000000080001206] -> 0x7E0E
[1158] [M]: 0x0000000080001204 (0x7E0E8E93) addi t4, t4, 0x7e0
x29 <- 0xFFFFFFB7FE07BFE0

mem[X,0x0000000080001208] -> 0x9E93
mem[X,0x000000008000120A] -> 0x00BE
[1159] [M]: 0x0000000080001208 (0x00BE9E93) slli t4, t4, 0xb
x29 <- 0xFFFDBFF03DFF0000

mem[X,0x000000008000120C] -> 0x8E93
mem[X,0x000000008000120E] -> 0x0BDE
[1160] [M]: 0x000000008000120C (0x0BDE8E93) addi t4, t4, 0xbd
x29 <- 0xFFFDBFF03DFF00BD

mem[X,0x0000000080001210] -> 0x9E93
mem[X,0x0000000080001212] -> 0x00AE
[1161] [M]: 0x0000000080001210 (0x00AE9E93) slli t4, t4, 0xa
x29 <- 0xF6FFC0F7FC02F400

mem[X,0x0000000080001214] -> 0x8E93
mem[X,0x0000000080001216] -> 0x220E
[1162] [M]: 0x0000000080001214 (0x220E8E93) addi t4, t4, 0x220
x29 <- 0xF6FFC0F7FC02F620

mem[X,0x0000000080001218] -> 0x0FBB
mem[X,0x000000008000121A] -> 0xCDDF
[1163] [M]: 0x0000000080001218 (0xCDDF0FBB) pdif.b t6, t5, t4
x31 <- 0x0F212F01030E0A1F

mem[X,0x000000008000121C] -> 0xBC23
mem[X,0x000000008000121E] -> 0x13F0
[1164] [M]: 0x000000008000121C (0x13F0BC23) sd t6, 0x138(ra)
mem[0x00000000800042E0] <- 0x0F212F01030E0A1F

mem[X,0x0000000080001220] -> 0x0F37
mem[X,0x0000000080001222] -> 0xFC11
[1165] [M]: 0x0000000080001220 (0xFC110F37) lui t5, -0x3ef0
x30 <- 0xFFFFFFFFFC110000

mem[X,0x0000000080001224] -> 0x0F13
mem[X,0x0000000080001226] -> 0xE01F
[1166] [M]: 0x0000000080001224 (0xE01F0F13) addi t5, t5, -0x1ff
x30 <- 0xFFFFFFFFFC10FE01

mem[X,0x0000000080001228] -> 0x1F13
mem[X,0x000000008000122A] -> 0x00BF
[1167] [M]: 0x0000000080001228 (0x00BF1F13) slli t5, t5, 0xb
x30 <- 0xFFFFFFE087F00800

mem[X,0x000000008000122C] -> 0x0F13
mem[X,0x000000008000122E] -> 0x010F
[1168] [M]: 0x000000008000122C (0x010F0F13) addi t5, t5, 0x10
x30 <- 0xFFFFFFE087F00810

mem[X,0x0000000080001230] -> 0x1F13
mem[X,0x0000000080001232] -> 0x00BF
[1169] [M]: 0x0000000080001230 (0x00BF1F13) slli t5, t5, 0xb
x30 <- 0xFFFF043F80408000

mem[X,0x0000000080001234] -> 0x0F13
mem[X,0x0000000080001236] -> 0x000F
[1170] [M]: 0x0000000080001234 (0x000F0F13) addi t5, t5, 0x0
x30 <- 0xFFFF043F80408000

mem[X,0x0000000080001238] -> 0x1F13
mem[X,0x000000008000123A] -> 0x00AF
[1171] [M]: 0x0000000080001238 (0x00AF1F13) slli t5, t5, 0xa
x30 <- 0xFC10FE0102000000

mem[X,0x000000008000123C] -> 0x0F13
mem[X,0x000000008000123E] -> 0x380F
[1172] [M]: 0x000000008000123C (0x380F0F13) addi t5, t5, 0x380
x30 <- 0xFC10FE0102000380

mem[X,0x0000000080001240] -> 0x0EB7
mem[X,0x0000000080001242] -> 0x7F07
[1173] [M]: 0x0000000080001240 (0x7F070EB7) lui t4, 0x7f070
x29 <- 0x000000007F070000

mem[X,0x0000000080001244] -> 0x8E93
mem[X,0x0000000080001246] -> 0x302E
[1174] [M]: 0x0000000080001244 (0x302E8E93) addi t4, t4, 0x302
x29 <- 0x000000007F070302

mem[X,0x0000000080001248] -> 0x9E93
mem[X,0x000000008000124A] -> 0x00BE
[1175] [M]: 0x0000000080001248 (0x00BE9E93) slli t4, t4, 0xb
x29 <- 0x000003F838181000

mem[X,0x000000008000124C] -> 0x8E93
mem[X,0x000000008000124E] -> 0x01EE
[1176] [M]: 0x000000008000124C (0x01EE8E93) addi t4, t4, 0x1e
x29 <- 0x000003F83818101E

mem[X,0x0000000080001250] -> 0x9E93
mem[X,0x0000000080001252] -> 0x00BE
[1177] [M]: 0x0000000080001250 (0x00BE9E93) slli t4, t4, 0xb
x29 <- 0x001FC1C0C080F000

mem[X,0x0000000080001254] -> 0x8E93
mem[X,0x0000000080001256] -> 0x020E
[1178] [M]: 0x0000000080001254 (0x020E8E93) addi t4, t4, 0x20
x29 <- 0x001FC1C0C080F020

mem[X,0x0000000080001258] -> 0x9E93
mem[X,0x000000008000125A] -> 0x00AE
[1179] [M]: 0x0000000080001258 (0x00AE9E93) slli t4, t4, 0xa
x29 <- 0x7F07030203C08000

mem[X,0x000000008000125C] -> 0x8E93
mem[X,0x000000008000125E] -> 0x005E
[1180] [M]: 0x000000008000125C (0x005E8E93) addi t4, t4, 0x5
x29 <- 0x7F07030203C08005

mem[X,0x0000000080001260] -> 0x0FBB
mem[X,0x0000000080001262] -> 0xCDDF
[1181] [M]: 0x0000000080001260 (0xCDDF0FBB) pdif.b t6, t5, t4
x31 <- 0x7D09050101407D7B

mem[X,0x0000000080001264] -> 0xB023
mem[X,0x0000000080001266] -> 0x15F0
[1182] [M]: 0x0000000080001264 (0x15F0B023) sd t6, 0x140(ra)
mem[0x00000000800042E8] <- 0x7D09050101407D7B

mem[X,0x0000000080001268] -> 0x0F37
mem[X,0x000000008000126A] -> 0x3F05
[1183] [M]: 0x0000000080001268 (0x3F050F37) lui t5, 0x3f050
x30 <- 0x000000003F050000

mem[X,0x000000008000126C] -> 0x0F13
mem[X,0x000000008000126E] -> 0xA3FF
[1184] [M]: 0x000000008000126C (0xA3FF0F13) addi t5, t5, -0x5c1
x30 <- 0x000000003F04FA3F

mem[X,0x0000000080001270] -> 0x1F13
mem[X,0x0000000080001272] -> 0x00BF
[1185] [M]: 0x0000000080001270 (0x00BF1F13) slli t5, t5, 0xb
x30 <- 0x000001F827D1F800

mem[X,0x0000000080001274] -> 0x0F13
mem[X,0x0000000080001276] -> 0x7B0F
[1186] [M]: 0x0000000080001274 (0x7B0F0F13) addi t5, t5, 0x7b0
x30 <- 0x000001F827D1FFB0

mem[X,0x0000000080001278] -> 0x1F13
mem[X,0x000000008000127A] -> 0x00BF
[1187] [M]: 0x0000000080001278 (0x00BF1F13) slli t5, t5, 0xb
x30 <- 0x000FC13E8FFD8000

mem[X,0x000000008000127C] -> 0x0F13
mem[X,0x000000008000127E] -> 0x1BEF
[1188] [M]: 0x000000008000127C (0x1BEF0F13) addi t5, t5, 0x1be
x30 <- 0x000FC13E8FFD81BE

mem[X,0x0000000080001280] -> 0x1F13
mem[X,0x0000000080001282] -> 0x00AF
[1189] [M]: 0x0000000080001280 (0x00AF1F13) slli t5, t5, 0xa
x30 <- 0x3F04FA3FF606F800

mem[X,0x0000000080001284] -> 0x0F13
mem[X,0x0000000080001286] -> 0x33FF
[1190] [M]: 0x0000000080001284 (0x33FF0F13) addi t5, t5, 0x33f
x30 <- 0x3F04FA3FF606FB3F

mem[X,0x0000000080001288] -> 0x8EB7
mem[X,0x000000008000128A] -> 0x403F
[1191] [M]: 0x0000000080001288 (0x403F8EB7) lui t4, 0x403f8
x29 <- 0x00000000403F8000

mem[X,0x000000008000128C] -> 0x8E93
mem[X,0x000000008000128E] -> 0xFBFE
[1192] [M]: 0x000000008000128C (0xFBFE8E93) addi t4, t4, -0x41
x29 <- 0x00000000403F7FBF

mem[X,0x0000000080001290] -> 0x9E93
mem[X,0x0000000080001292] -> 0x00BE
[1193] [M]: 0x0000000080001290 (0x00BE9E93) slli t4, t4, 0xb
x29 <- 0x00000201FBFDF800

mem[X,0x0000000080001294] -> 0x8E93
mem[X,0x0000000080001296] -> 0x7E7E
[1194] [M]: 0x0000000080001294 (0x7E7E8E93) addi t4, t4, 0x7e7
x29 <- 0x00000201FBFDFFE7

mem[X,0x0000000080001298] -> 0x9E93
mem[X,0x000000008000129A] -> 0x00BE
[1195] [M]: 0x0000000080001298 (0x00BE9E93) slli t4, t4, 0xb
x29 <- 0x00100FDFEFFF3800

mem[X,0x000000008000129C] -> 0x8E93
mem[X,0x000000008000129E] -> 0x77FE
[1196] [M]: 0x000000008000129C (0x77FE8E93) addi t4, t4, 0x77f
x29 <- 0x00100FDFEFFF3F7F

mem[X,0x00000000800012A0] -> 0x9E93
mem[X,0x00000000800012A2] -> 0x00AE
[1197] [M]: 0x00000000800012A0 (0x00AE9E93) slli t4, t4, 0xa
x29 <- 0x403F7FBFFCFDFC00

mem[X,0x00000000800012A4] -> 0x8E93
mem[X,0x00000000800012A6] -> 0x0BFE
[1198] [M]: 0x00000000800012A4 (0x0BFE8E93) addi t4, t4, 0xbf
x29 <- 0x403F7FBFFCFDFCBF

mem[X,0x00000000800012A8] -> 0x0FBB
mem[X,0x00000000800012AA] -> 0xCDDF
[1199] [M]: 0x00000000800012A8 (0xCDDF0FBB) pdif.b t6, t5, t4
x31 <- 0x013B7B7F0609017F

clint::tick mtime <- 0x000000000000000C
 clint timer pending at mtime 0x000000000000000C
htif::tick 0x0000000000000000
mem[X,0x00000000800012AC] -> 0xB423
mem[X,0x00000000800012AE] -> 0x15F0
[1200] [M]: 0x00000000800012AC (0x15F0B423) sd t6, 0x148(ra)
mem[0x00000000800042F0] <- 0x013B7B7F0609017F

mem[X,0x00000000800012B0] -> 0x0F37
mem[X,0x00000000800012B2] -> 0xF6C0
[1201] [M]: 0x00000000800012B0 (0xF6C00F37) lui t5, -0x9400
x30 <- 0xFFFFFFFFF6C00000

mem[X,0x00000000800012B4] -> 0x0F13
mem[X,0x00000000800012B6] -> 0x605F
[1202] [M]: 0x00000000800012B4 (0x605F0F13) addi t5, t5, 0x605
x30 <- 0xFFFFFFFFF6C00605

mem[X,0x00000000800012B8] -> 0x1F13
mem[X,0x00000000800012BA] -> 0x00BF
[1203] [M]: 0x00000000800012B8 (0x00BF1F13) slli t5, t5, 0xb
x30 <- 0xFFFFFFB600302800

mem[X,0x00000000800012BC] -> 0x0F13
mem[X,0x00000000800012BE] -> 0x087F
[1204] [M]: 0x00000000800012BC (0x087F0F13) addi t5, t5, 0x87
x30 <- 0xFFFFFFB600302887

mem[X,0x00000000800012C0] -> 0x1F13
mem[X,0x00000000800012C2] -> 0x00BF
[1205] [M]: 0x00000000800012C0 (0x00BF1F13) slli t5, t5, 0xb
x30 <- 0xFFFDB00181443800

mem[X,0x00000000800012C4] -> 0x0F13
mem[X,0x00000000800012C6] -> 0x7D0F
[1206] [M]: 0x00000000800012C4 (0x7D0F0F13) addi t5, t5, 0x7d0
x30 <- 0xFFFDB00181443FD0

mem[X,0x00000000800012C8] -> 0x1F13
mem[X,0x00000000800012CA] -> 0x00AF
[1207] [M]: 0x00000000800012C8 (0x00AF1F13) slli t5, t5, 0xa
x30 <- 0xF6C0060510FF4000

mem[X,0x00000000800012CC] -> 0x0F13
mem[X,0x00000000800012CE] -> 0x0DFF
[1208] [M]: 0x00000000800012CC (0x0DFF0F13) addi t5, t5, 0xdf
x30 <- 0xF6C0060510FF40DF

mem[X,0x00000000800012D0] -> 0x5EB7
mem[X,0x00000000800012D2] -> 0xF900
[1209] [M]: 0x00000000800012D0 (0xF9005EB7) lui t4, -0x6ffb
x29 <- 0xFFFFFFFFF9005000

mem[X,0x00000000800012D4] -> 0x8E93
mem[X,0x00000000800012D6] -> 0x540E
[1210] [M]: 0x00000000800012D4 (0x540E8E93) addi t4, t4, 0x540
x29 <- 0xFFFFFFFFF9005540

mem[X,0x00000000800012D8] -> 0x9E93
mem[X,0x00000000800012DA] -> 0x00BE
[1211] [M]: 0x00000000800012D8 (0x00BE9E93) slli t4, t4, 0xb
x29 <- 0xFFFFFFC802AA0000

mem[X,0x00000000800012DC] -> 0x8E93
mem[X,0x00000000800012DE] -> 0x016E
[1212] [M]: 0x00000000800012DC (0x016E8E93) addi t4, t4, 0x16
x29 <- 0xFFFFFFC802AA0016

mem[X,0x00000000800012E0] -> 0x9E93
mem[X,0x00000000800012E2] -> 0x00BE
[1213] [M]: 0x00000000800012E0 (0x00BE9E93) slli t4, t4, 0xb
x29 <- 0xFFFE40155000B000

mem[X,0x00000000800012E4] -> 0x8E93
mem[X,0x00000000800012E6] -> 0x7FBE
[1214] [M]: 0x00000000800012E4 (0x7FBE8E93) addi t4, t4, 0x7fb
x29 <- 0xFFFE40155000B7FB

mem[X,0x00000000800012E8] -> 0x9E93
mem[X,0x00000000800012EA] -> 0x00AE
[1215] [M]: 0x00000000800012E8 (0x00AE9E93) slli t4, t4, 0xa
x29 <- 0xF900554002DFEC00

mem[X,0x00000000800012EC] -> 0x8E93
mem[X,0x00000000800012EE] -> 0x307E
[1216] [M]: 0x00000000800012EC (0x307E8E93) addi t4, t4, 0x307
x29 <- 0xF900554002DFEF07

mem[X,0x00000000800012F0] -> 0x0FBB
mem[X,0x00000000800012F2] -> 0xCDDF
[1217] [M]: 0x00000000800012F0 (0xCDDF0FBB) pdif.b t6, t5, t4
x31 <- 0x03404F3B0E205128

mem[X,0x00000000800012F4] -> 0xB823
mem[X,0x00000000800012F6] -> 0x15F0
[1218] [M]: 0x00000000800012F4 (0x15F0B823) sd t6, 0x150(ra)
mem[0x00000000800042F8] <- 0x03404F3B0E205128

mem[X,0x00000000800012F8] -> 0xFF37
mem[X,0x00000000800012FA] -> 0xF6F8
[1219] [M]: 0x00000000800012F8 (0xF6F8FF37) lui t5, -0x9071
x30 <- 0xFFFFFFFFF6F8F000

mem[X,0x00000000800012FC] -> 0x0F13
mem[X,0x00000000800012FE] -> 0x7BFF
[1220] [M]: 0x00000000800012FC (0x7BFF0F13) addi t5, t5, 0x7bf
x30 <- 0xFFFFFFFFF6F8F7BF

mem[X,0x0000000080001300] -> 0x1F13
mem[X,0x0000000080001302] -> 0x00BF
[1221] [M]: 0x0000000080001300 (0x00BF1F13) slli t5, t5, 0xb
x30 <- 0xFFFFFFB7C7BDF800

mem[X,0x0000000080001304] -> 0x0F13
mem[X,0x0000000080001306] -> 0x7EDF
[1222] [M]: 0x0000000080001304 (0x7EDF0F13) addi t5, t5, 0x7ed
x30 <- 0xFFFFFFB7C7BDFFED

mem[X,0x0000000080001308] -> 0x1F13
mem[X,0x000000008000130A] -> 0x00BF
[1223] [M]: 0x0000000080001308 (0x00BF1F13) slli t5, t5, 0xb
x30 <- 0xFFFDBE3DEFFF6800

mem[X,0x000000008000130C] -> 0x0F13
mem[X,0x000000008000130E] -> 0x288F
[1224] [M]: 0x000000008000130C (0x288F0F13) addi t5, t5, 0x288
x30 <- 0xFFFDBE3DEFFF6A88

mem[X,0x0000000080001310] -> 0x1F13
mem[X,0x0000000080001312] -> 0x00AF
[1225] [M]: 0x0000000080001310 (0x00AF1F13) slli t5, t5, 0xa
x30 <- 0xF6F8F7BFFDAA2000

mem[X,0x0000000080001314] -> 0x0F13
mem[X,0x0000000080001316] -> 0x0FFF
[1226] [M]: 0x0000000080001314 (0x0FFF0F13) addi t5, t5, 0xff
x30 <- 0xF6F8F7BFFDAA20FF

mem[X,0x0000000080001318] -> 0x0EB7
mem[X,0x000000008000131A] -> 0x08FE
[1227] [M]: 0x0000000080001318 (0x08FE0EB7) lui t4, 0x8fe0
x29 <- 0x0000000008FE0000

mem[X,0x000000008000131C] -> 0x8E93
mem[X,0x000000008000131E] -> 0x0FEE
[1228] [M]: 0x000000008000131C (0x0FEE8E93) addi t4, t4, 0xfe
x29 <- 0x0000000008FE00FE

mem[X,0x0000000080001320] -> 0x9E93
mem[X,0x0000000080001322] -> 0x00BE
[1229] [M]: 0x0000000080001320 (0x00BE9E93) slli t4, t4, 0xb
x29 <- 0x00000047F007F000

mem[X,0x0000000080001324] -> 0x8E93
mem[X,0x0000000080001326] -> 0x7F0E
[1230] [M]: 0x0000000080001324 (0x7F0E8E93) addi t4, t4, 0x7f0
x29 <- 0x00000047F007F7F0

mem[X,0x0000000080001328] -> 0x9E93
mem[X,0x000000008000132A] -> 0x00BE
[1231] [M]: 0x0000000080001328 (0x00BE9E93) slli t4, t4, 0xb
x29 <- 0x00023F803FBF8000

mem[X,0x000000008000132C] -> 0x8E93
mem[X,0x000000008000132E] -> 0x0BEE
[1232] [M]: 0x000000008000132C (0x0BEE8E93) addi t4, t4, 0xbe
x29 <- 0x00023F803FBF80BE

mem[X,0x0000000080001330] -> 0x9E93
mem[X,0x0000000080001332] -> 0x00AE
[1233] [M]: 0x0000000080001330 (0x00AE9E93) slli t4, t4, 0xa
x29 <- 0x08FE00FEFE02F800

mem[X,0x0000000080001334] -> 0x8E93
mem[X,0x0000000080001336] -> 0x2FFE
[1234] [M]: 0x0000000080001334 (0x2FFE8E93) addi t4, t4, 0x2ff
x29 <- 0x08FE00FEFE02FAFF

mem[X,0x0000000080001338] -> 0x0FBB
mem[X,0x000000008000133A] -> 0xCDDF
[1235] [M]: 0x0000000080001338 (0xCDDF0FBB) pdif.b t6, t5, t4
x31 <- 0x1206093F01582600

mem[X,0x000000008000133C] -> 0xBC23
mem[X,0x000000008000133E] -> 0x15F0
[1236] [M]: 0x000000008000133C (0x15F0BC23) sd t6, 0x158(ra)
mem[0x0000000080004300] <- 0x1206093F01582600

mem[X,0x0000000080001340] -> 0x5F37
mem[X,0x0000000080001342] -> 0x7F05
[1237] [M]: 0x0000000080001340 (0x7F055F37) lui t5, 0x7f055
x30 <- 0x000000007F055000

mem[X,0x0000000080001344] -> 0x0F13
mem[X,0x0000000080001346] -> 0x57FF
[1238] [M]: 0x0000000080001344 (0x57FF0F13) addi t5, t5, 0x57f
x30 <- 0x000000007F05557F

mem[X,0x0000000080001348] -> 0x1F13
mem[X,0x000000008000134A] -> 0x00BF
[1239] [M]: 0x0000000080001348 (0x00BF1F13) slli t5, t5, 0xb
x30 <- 0x000003F82AABF800

mem[X,0x000000008000134C] -> 0x0F13
mem[X,0x000000008000134E] -> 0x087F
[1240] [M]: 0x000000008000134C (0x087F0F13) addi t5, t5, 0x87
x30 <- 0x000003F82AABF887

mem[X,0x0000000080001350] -> 0x1F13
mem[X,0x0000000080001352] -> 0x00BF
[1241] [M]: 0x0000000080001350 (0x00BF1F13) slli t5, t5, 0xb
x30 <- 0x001FC1555FC43800

mem[X,0x0000000080001354] -> 0x0F13
mem[X,0x0000000080001356] -> 0x584F
[1242] [M]: 0x0000000080001354 (0x584F0F13) addi t5, t5, 0x584
x30 <- 0x001FC1555FC43D84

mem[X,0x0000000080001358] -> 0x1F13
mem[X,0x000000008000135A] -> 0x00AF
[1243] [M]: 0x0000000080001358 (0x00AF1F13) slli t5, t5, 0xa
x30 <- 0x7F05557F10F61000

mem[X,0x000000008000135C] -> 0x0F13
mem[X,0x000000008000135E] -> 0x003F
[1244] [M]: 0x000000008000135C (0x003F0F13) addi t5, t5, 0x3
x30 <- 0x7F05557F10F61003

mem[X,0x0000000080001360] -> 0x0EB7
mem[X,0x0000000080001362] -> 0xFA20
[1245] [M]: 0x0000000080001360 (0xFA200EB7) lui t4, -0x5e00
x29 <- 0xFFFFFFFFFA200000

mem[X,0x0000000080001364] -> 0x8E93
mem[X,0x0000000080001366] -> 0x4BFE
[1246] [M]: 0x0000000080001364 (0x4BFE8E93) addi t4, t4, 0x4bf
x29 <- 0xFFFFFFFFFA2004BF

mem[X,0x0000000080001368] -> 0x9E93
mem[X,0x000000008000136A] -> 0x00BE
[1247] [M]: 0x0000000080001368 (0x00BE9E93) slli t4, t4, 0xb
x29 <- 0xFFFFFFD10025F800

mem[X,0x000000008000136C] -> 0x8E93
mem[X,0x000000008000136E] -> 0x7FCE
[1248] [M]: 0x000000008000136C (0x7FCE8E93) addi t4, t4, 0x7fc
x29 <- 0xFFFFFFD10025FFFC

mem[X,0x0000000080001370] -> 0x9E93
mem[X,0x0000000080001372] -> 0x00BE
[1249] [M]: 0x0000000080001370 (0x00BE9E93) slli t4, t4, 0xb
x29 <- 0xFFFE88012FFFE000

mem[X,0x0000000080001374] -> 0x8E93
mem[X,0x0000000080001376] -> 0x000E
[1250] [M]: 0x0000000080001374 (0x000E8E93) addi t4, t4, 0x0
x29 <- 0xFFFE88012FFFE000

mem[X,0x0000000080001378] -> 0x9E93
mem[X,0x000000008000137A] -> 0x00AE
[1251] [M]: 0x0000000080001378 (0x00AE9E93) slli t4, t4, 0xa
x29 <- 0xFA2004BFFF800000

mem[X,0x000000008000137C] -> 0x8E93
mem[X,0x000000008000137E] -> 0x210E
[1252] [M]: 0x000000008000137C (0x210E8E93) addi t4, t4, 0x210
x29 <- 0xFA2004BFFF800210

mem[X,0x0000000080001380] -> 0x0FBB
mem[X,0x0000000080001382] -> 0xCDDF
[1253] [M]: 0x0000000080001380 (0xCDDF0FBB) pdif.b t6, t5, t4
x31 <- 0x7B1B514011760E0D

mem[X,0x0000000080001384] -> 0xB023
mem[X,0x0000000080001386] -> 0x17F0
[1254] [M]: 0x0000000080001384 (0x17F0B023) sd t6, 0x160(ra)
mem[0x0000000080004308] <- 0x7B1B514011760E0D

mem[X,0x0000000080001388] -> 0x4F37
mem[X,0x000000008000138A] -> 0xEF05
[1255] [M]: 0x0000000080001388 (0xEF054F37) lui t5, -0x10fac
x30 <- 0xFFFFFFFFEF054000

mem[X,0x000000008000138C] -> 0x0F13
mem[X,0x000000008000138E] -> 0xFFAF
[1256] [M]: 0x000000008000138C (0xFFAF0F13) addi t5, t5, -0x6
x30 <- 0xFFFFFFFFEF053FFA

mem[X,0x0000000080001390] -> 0x1F13
mem[X,0x0000000080001392] -> 0x00BF
[1257] [M]: 0x0000000080001390 (0x00BF1F13) slli t5, t5, 0xb
x30 <- 0xFFFFFF7829FFD000

mem[X,0x0000000080001394] -> 0x0F13
mem[X,0x0000000080001396] -> 0x7DEF
[1258] [M]: 0x0000000080001394 (0x7DEF0F13) addi t5, t5, 0x7de
x30 <- 0xFFFFFF7829FFD7DE

mem[X,0x0000000080001398] -> 0x1F13
mem[X,0x000000008000139A] -> 0x00BF
[1259] [M]: 0x0000000080001398 (0x00BF1F13) slli t5, t5, 0xb
x30 <- 0xFFFBC14FFEBEF000

mem[X,0x000000008000139C] -> 0x0F13
mem[X,0x000000008000139E] -> 0x7C0F
[1260] [M]: 0x000000008000139C (0x7C0F0F13) addi t5, t5, 0x7c0
x30 <- 0xFFFBC14FFEBEF7C0

mem[X,0x00000000800013A0] -> 0x1F13
mem[X,0x00000000800013A2] -> 0x00AF
[1261] [M]: 0x00000000800013A0 (0x00AF1F13) slli t5, t5, 0xa
x30 <- 0xEF053FFAFBDF0000

mem[X,0x00000000800013A4] -> 0x0F13
mem[X,0x00000000800013A6] -> 0x105F
[1262] [M]: 0x00000000800013A4 (0x105F0F13) addi t5, t5, 0x105
x30 <- 0xEF053FFAFBDF0105

mem[X,0x00000000800013A8] -> 0x4EB7
mem[X,0x00000000800013AA] -> 0xFAFD
[1263] [M]: 0x00000000800013A8 (0xFAFD4EB7) lui t4, -0x502c
x29 <- 0xFFFFFFFFFAFD4000

mem[X,0x00000000800013AC] -> 0x8E93
mem[X,0x00000000800013AE] -> 0xF55E
[1264] [M]: 0x00000000800013AC (0xF55E8E93) addi t4, t4, -0xab
x29 <- 0xFFFFFFFFFAFD3F55

mem[X,0x00000000800013B0] -> 0x9E93
mem[X,0x00000000800013B2] -> 0x00BE
[1265] [M]: 0x00000000800013B0 (0x00BE9E93) slli t4, t4, 0xb
x29 <- 0xFFFFFFD7E9FAA800

mem[X,0x00000000800013B4] -> 0x8E93
mem[X,0x00000000800013B6] -> 0x5FFE
[1266] [M]: 0x00000000800013B4 (0x5FFE8E93) addi t4, t4, 0x5ff
x29 <- 0xFFFFFFD7E9FAADFF

mem[X,0x00000000800013B8] -> 0x9E93
mem[X,0x00000000800013BA] -> 0x00BE
[1267] [M]: 0x00000000800013B8 (0x00BE9E93) slli t4, t4, 0xb
x29 <- 0xFFFEBF4FD56FF800

mem[X,0x00000000800013BC] -> 0x8E93
mem[X,0x00000000800013BE] -> 0x581E
[1268] [M]: 0x00000000800013BC (0x581E8E93) addi t4, t4, 0x581
x29 <- 0xFFFEBF4FD56FFD81

mem[X,0x00000000800013C0] -> 0x9E93
mem[X,0x00000000800013C2] -> 0x00AE
[1269] [M]: 0x00000000800013C0 (0x00AE9E93) slli t4, t4, 0xa
x29 <- 0xFAFD3F55BFF60400

mem[X,0x00000000800013C4] -> 0x8E93
mem[X,0x00000000800013C6] -> 0x0F8E
[1270] [M]: 0x00000000800013C4 (0x0F8E8E93) addi t4, t4, 0xf8
x29 <- 0xFAFD3F55BFF604F8

mem[X,0x00000000800013C8] -> 0x0FBB
mem[X,0x00000000800013CA] -> 0xCDDF
[1271] [M]: 0x00000000800013C8 (0xCDDF0FBB) pdif.b t6, t5, t4
x31 <- 0x0B08005B3C17030D

mem[X,0x00000000800013CC] -> 0xB423
mem[X,0x00000000800013CE] -> 0x17F0
[1272] [M]: 0x00000000800013CC (0x17F0B423) sd t6, 0x168(ra)
mem[0x0000000080004310] <- 0x0B08005B3C17030D

mem[X,0x00000000800013D0] -> 0x0F37
mem[X,0x00000000800013D2] -> 0xFE10
[1273] [M]: 0x00000000800013D0 (0xFE100F37) lui t5, -0x1f00
x30 <- 0xFFFFFFFFFE100000

mem[X,0x00000000800013D4] -> 0x0F13
mem[X,0x00000000800013D6] -> 0x3EFF
[1274] [M]: 0x00000000800013D4 (0x3EFF0F13) addi t5, t5, 0x3ef
x30 <- 0xFFFFFFFFFE1003EF

mem[X,0x00000000800013D8] -> 0x1F13
mem[X,0x00000000800013DA] -> 0x00BF
[1275] [M]: 0x00000000800013D8 (0x00BF1F13) slli t5, t5, 0xb
x30 <- 0xFFFFFFF0801F7800

mem[X,0x00000000800013DC] -> 0x0F13
mem[X,0x00000000800013DE] -> 0x00FF
[1276] [M]: 0x00000000800013DC (0x00FF0F13) addi t5, t5, 0xf
x30 <- 0xFFFFFFF0801F780F

mem[X,0x00000000800013E0] -> 0x1F13
mem[X,0x00000000800013E2] -> 0x00BF
[1277] [M]: 0x00000000800013E0 (0x00BF1F13) slli t5, t5, 0xb
x30 <- 0xFFFF8400FBC07800

mem[X,0x00000000800013E4] -> 0x0F13
mem[X,0x00000000800013E6] -> 0x77EF
[1278] [M]: 0x00000000800013E4 (0x77EF0F13) addi t5, t5, 0x77e
x30 <- 0xFFFF8400FBC07F7E

mem[X,0x00000000800013E8] -> 0x1F13
mem[X,0x00000000800013EA] -> 0x00AF
[1279] [M]: 0x00000000800013E8 (0x00AF1F13) slli t5, t5, 0xa
x30 <- 0xFE1003EF01FDF800

mem[X,0x00000000800013EC] -> 0x0F13
mem[X,0x00000000800013EE] -> 0x107F
[1280] [M]: 0x00000000800013EC (0x107F0F13) addi t5, t5, 0x107
x30 <- 0xFE1003EF01FDF907

mem[X,0x00000000800013F0] -> 0x0EB7
mem[X,0x00000000800013F2] -> 0xFD81
[1281] [M]: 0x00000000800013F0 (0xFD810EB7) lui t4, -0x27f0
x29 <- 0xFFFFFFFFFD810000

mem[X,0x00000000800013F4] -> 0x8E93
mem[X,0x00000000800013F6] -> 0xF06E
[1282] [M]: 0x00000000800013F4 (0xF06E8E93) addi t4, t4, -0xfa
x29 <- 0xFFFFFFFFFD80FF06

mem[X,0x00000000800013F8] -> 0x9E93
mem[X,0x00000000800013FA] -> 0x00BE
[1283] [M]: 0x00000000800013F8 (0x00BE9E93) slli t4, t4, 0xb
x29 <- 0xFFFFFFEC07F83000

mem[X,0x00000000800013FC] -> 0x8E93
mem[X,0x00000000800013FE] -> 0x04FE
[1284] [M]: 0x00000000800013FC (0x04FE8E93) addi t4, t4, 0x4f
x29 <- 0xFFFFFFEC07F8304F

mem[X,0x0000000080001400] -> 0x9E93
mem[X,0x0000000080001402] -> 0x00BE
[1285] [M]: 0x0000000080001400 (0x00BE9E93) slli t4, t4, 0xb
x29 <- 0xFFFF603FC1827800

mem[X,0x0000000080001404] -> 0x8E93
mem[X,0x0000000080001406] -> 0x7EFE
[1286] [M]: 0x0000000080001404 (0x7EFE8E93) addi t4, t4, 0x7ef
x29 <- 0xFFFF603FC1827FEF

mem[X,0x0000000080001408] -> 0x9E93
mem[X,0x000000008000140A] -> 0x00AE
[1287] [M]: 0x0000000080001408 (0x00AE9E93) slli t4, t4, 0xa
x29 <- 0xFD80FF0609FFBC00

mem[X,0x000000008000140C] -> 0x8E93
mem[X,0x000000008000140E] -> 0x3FBE
[1288] [M]: 0x000000008000140C (0x3FBE8E93) addi t4, t4, 0x3fb
x29 <- 0xFD80FF0609FFBFFB

mem[X,0x0000000080001410] -> 0x0FBB
mem[X,0x0000000080001412] -> 0xCDDF
[1289] [M]: 0x0000000080001410 (0xCDDF0FBB) pdif.b t6, t5, t4
x31 <- 0x0170041708023A0C

mem[X,0x0000000080001414] -> 0xB823
mem[X,0x0000000080001416] -> 0x17F0
[1290] [M]: 0x0000000080001414 (0x17F0B823) sd t6, 0x170(ra)
mem[0x0000000080004318] <- 0x0170041708023A0C

mem[X,0x0000000080001418] -> 0xFF37
mem[X,0x000000008000141A] -> 0xF780
[1291] [M]: 0x0000000080001418 (0xF780FF37) lui t5, -0x87f1
x30 <- 0xFFFFFFFFF780F000

mem[X,0x000000008000141C] -> 0x0F13
mem[X,0x000000008000141E] -> 0xF06F
[1292] [M]: 0x000000008000141C (0xF06F0F13) addi t5, t5, -0xfa
x30 <- 0xFFFFFFFFF780EF06

mem[X,0x0000000080001420] -> 0x1F13
mem[X,0x0000000080001422] -> 0x00BF
[1293] [M]: 0x0000000080001420 (0x00BF1F13) slli t5, t5, 0xb
x30 <- 0xFFFFFFBC07783000

mem[X,0x0000000080001424] -> 0x0F13
mem[X,0x0000000080001426] -> 0x030F
[1294] [M]: 0x0000000080001424 (0x030F0F13) addi t5, t5, 0x30
x30 <- 0xFFFFFFBC07783030

mem[X,0x0000000080001428] -> 0x1F13
mem[X,0x000000008000142A] -> 0x00BF
[1295] [M]: 0x0000000080001428 (0x00BF1F13) slli t5, t5, 0xb
x30 <- 0xFFFDE03BC1818000

mem[X,0x000000008000142C] -> 0x0F13
mem[X,0x000000008000142E] -> 0x1C1F
[1296] [M]: 0x000000008000142C (0x1C1F0F13) addi t5, t5, 0x1c1
x30 <- 0xFFFDE03BC18181C1

mem[X,0x0000000080001430] -> 0x1F13
mem[X,0x0000000080001432] -> 0x00AF
[1297] [M]: 0x0000000080001430 (0x00AF1F13) slli t5, t5, 0xa
x30 <- 0xF780EF0606070400

mem[X,0x0000000080001434] -> 0x0F13
mem[X,0x0000000080001436] -> 0x03FF
[1298] [M]: 0x0000000080001434 (0x03FF0F13) addi t5, t5, 0x3f
x30 <- 0xF780EF060607043F

mem[X,0x0000000080001438] -> 0x0EB7
mem[X,0x000000008000143A] -> 0xDF80
[1299] [M]: 0x0000000080001438 (0xDF800EB7) lui t4, -0x20800
x29 <- 0xFFFFFFFFDF800000

clint::tick mtime <- 0x000000000000000D
 clint timer pending at mtime 0x000000000000000D
htif::tick 0x0000000000000000
mem[X,0x000000008000143C] -> 0x8E93
mem[X,0x000000008000143E] -> 0x4FAE
[1300] [M]: 0x000000008000143C (0x4FAE8E93) addi t4, t4, 0x4fa
x29 <- 0xFFFFFFFFDF8004FA

mem[X,0x0000000080001440] -> 0x9E93
mem[X,0x0000000080001442] -> 0x00BE
[1301] [M]: 0x0000000080001440 (0x00BE9E93) slli t4, t4, 0xb
x29 <- 0xFFFFFEFC0027D000

mem[X,0x0000000080001444] -> 0x8E93
mem[X,0x0000000080001446] -> 0x7FBE
[1302] [M]: 0x0000000080001444 (0x7FBE8E93) addi t4, t4, 0x7fb
x29 <- 0xFFFFFEFC0027D7FB

mem[X,0x0000000080001448] -> 0x9E93
mem[X,0x000000008000144A] -> 0x00BE
[1303] [M]: 0x0000000080001448 (0x00BE9E93) slli t4, t4, 0xb
x29 <- 0xFFF7E0013EBFD800

mem[X,0x000000008000144C] -> 0x8E93
mem[X,0x000000008000144E] -> 0x7C8E
[1304] [M]: 0x000000008000144C (0x7C8E8E93) addi t4, t4, 0x7c8
x29 <- 0xFFF7E0013EBFDFC8

mem[X,0x0000000080001450] -> 0x9E93
mem[X,0x0000000080001452] -> 0x00AE
[1305] [M]: 0x0000000080001450 (0x00AE9E93) slli t4, t4, 0xa
x29 <- 0xDF8004FAFF7F2000

mem[X,0x0000000080001454] -> 0x8E93
mem[X,0x0000000080001456] -> 0x004E
[1306] [M]: 0x0000000080001454 (0x004E8E93) addi t4, t4, 0x4
x29 <- 0xDF8004FAFF7F2004

mem[X,0x0000000080001458] -> 0x0FBB
mem[X,0x000000008000145A] -> 0xCDDF
[1307] [M]: 0x0000000080001458 (0xCDDF0FBB) pdif.b t6, t5, t4
x31 <- 0x1800150C07781C3B

mem[X,0x000000008000145C] -> 0xBC23
mem[X,0x000000008000145E] -> 0x17F0
[1308] [M]: 0x000000008000145C (0x17F0BC23) sd t6, 0x178(ra)
mem[0x0000000080004320] <- 0x1800150C07781C3B

mem[X,0x0000000080001460] -> 0x0F37
mem[X,0x0000000080001462] -> 0xFD40
[1309] [M]: 0x0000000080001460 (0xFD400F37) lui t5, -0x2c00
x30 <- 0xFFFFFFFFFD400000

mem[X,0x0000000080001464] -> 0x0F13
mem[X,0x0000000080001466] -> 0xD08F
[1310] [M]: 0x0000000080001464 (0xD08F0F13) addi t5, t5, -0x2f8
x30 <- 0xFFFFFFFFFD3FFD08

mem[X,0x0000000080001468] -> 0x1F13
mem[X,0x000000008000146A] -> 0x00BF
[1311] [M]: 0x0000000080001468 (0x00BF1F13) slli t5, t5, 0xb
x30 <- 0xFFFFFFE9FFE84000

mem[X,0x000000008000146C] -> 0x0F13
mem[X,0x000000008000146E] -> 0x2A8F
[1312] [M]: 0x000000008000146C (0x2A8F0F13) addi t5, t5, 0x2a8
x30 <- 0xFFFFFFE9FFE842A8

mem[X,0x0000000080001470] -> 0x1F13
mem[X,0x0000000080001472] -> 0x00BF
[1313] [M]: 0x0000000080001470 (0x00BF1F13) slli t5, t5, 0xb
x30 <- 0xFFFF4FFF42154000

mem[X,0x0000000080001474] -> 0x0F13
mem[X,0x0000000080001476] -> 0x42AF
[1314] [M]: 0x0000000080001474 (0x42AF0F13) addi t5, t5, 0x42a
x30 <- 0xFFFF4FFF4215442A

mem[X,0x0000000080001478] -> 0x1F13
mem[X,0x000000008000147A] -> 0x00AF
[1315] [M]: 0x0000000080001478 (0x00AF1F13) slli t5, t5, 0xa
x30 <- 0xFD3FFD085510A800

mem[X,0x000000008000147C] -> 0x0F13
mem[X,0x000000008000147E] -> 0x2C0F
[1316] [M]: 0x000000008000147C (0x2C0F0F13) addi t5, t5, 0x2c0
x30 <- 0xFD3FFD085510AAC0

mem[X,0x0000000080001480] -> 0xEEB7
mem[X,0x0000000080001482] -> 0xAA20
[1317] [M]: 0x0000000080001480 (0xAA20EEB7) lui t4, -0x55df2
x29 <- 0xFFFFFFFFAA20E000

mem[X,0x0000000080001484] -> 0x8E93
mem[X,0x0000000080001486] -> 0xFF8E
[1318] [M]: 0x0000000080001484 (0xFF8E8E93) addi t4, t4, -0x8
x29 <- 0xFFFFFFFFAA20DFF8

mem[X,0x0000000080001488] -> 0x9E93
mem[X,0x000000008000148A] -> 0x00BE
[1319] [M]: 0x0000000080001488 (0x00BE9E93) slli t4, t4, 0xb
x29 <- 0xFFFFFD5106FFC000

mem[X,0x000000008000148C] -> 0x8E93
mem[X,0x000000008000148E] -> 0x014E
[1320] [M]: 0x000000008000148C (0x014E8E93) addi t4, t4, 0x14
x29 <- 0xFFFFFD5106FFC014

mem[X,0x0000000080001490] -> 0x9E93
mem[X,0x0000000080001492] -> 0x00BE
[1321] [M]: 0x0000000080001490 (0x00BE9E93) slli t4, t4, 0xb
x29 <- 0xFFEA8837FE00A000

mem[X,0x0000000080001494] -> 0x8E93
mem[X,0x0000000080001496] -> 0x03FE
[1322] [M]: 0x0000000080001494 (0x03FE8E93) addi t4, t4, 0x3f
x29 <- 0xFFEA8837FE00A03F

mem[X,0x0000000080001498] -> 0x9E93
mem[X,0x000000008000149A] -> 0x00AE
[1323] [M]: 0x0000000080001498 (0x00AE9E93) slli t4, t4, 0xa
x29 <- 0xAA20DFF80280FC00

mem[X,0x000000008000149C] -> 0x8E93
mem[X,0x000000008000149E] -> 0x3BFE
[1324] [M]: 0x000000008000149C (0x3BFE8E93) addi t4, t4, 0x3bf
x29 <- 0xAA20DFF80280FFBF

mem[X,0x00000000800014A0] -> 0x0FBB
mem[X,0x00000000800014A2] -> 0xCDDF
[1325] [M]: 0x00000000800014A0 (0xCDDF0FBB) pdif.b t6, t5, t4
x31 <- 0x531F1E1053705501

mem[X,0x00000000800014A4] -> 0xB023
mem[X,0x00000000800014A6] -> 0x19F0
[1326] [M]: 0x00000000800014A4 (0x19F0B023) sd t6, 0x180(ra)
mem[0x0000000080004328] <- 0x531F1E1053705501

mem[X,0x00000000800014A8] -> 0x0F37
mem[X,0x00000000800014AA] -> 0x06FC
[1327] [M]: 0x00000000800014A8 (0x06FC0F37) lui t5, 0x6fc0
x30 <- 0x0000000006FC0000

mem[X,0x00000000800014AC] -> 0x0F13
mem[X,0x00000000800014AE] -> 0x2EFF
[1328] [M]: 0x00000000800014AC (0x2EFF0F13) addi t5, t5, 0x2ef
x30 <- 0x0000000006FC02EF

mem[X,0x00000000800014B0] -> 0x1F13
mem[X,0x00000000800014B2] -> 0x00BF
[1329] [M]: 0x00000000800014B0 (0x00BF1F13) slli t5, t5, 0xb
x30 <- 0x00000037E0177800

mem[X,0x00000000800014B4] -> 0x0F13
mem[X,0x00000000800014B6] -> 0x100F
[1330] [M]: 0x00000000800014B4 (0x100F0F13) addi t5, t5, 0x100
x30 <- 0x00000037E0177900

mem[X,0x00000000800014B8] -> 0x1F13
mem[X,0x00000000800014BA] -> 0x00BF
[1331] [M]: 0x00000000800014B8 (0x00BF1F13) slli t5, t5, 0xb
x30 <- 0x0001BF00BBC80000

mem[X,0x00000000800014BC] -> 0x0F13
mem[X,0x00000000800014BE] -> 0x180F
[1332] [M]: 0x00000000800014BC (0x180F0F13) addi t5, t5, 0x180
x30 <- 0x0001BF00BBC80180

mem[X,0x00000000800014C0] -> 0x1F13
mem[X,0x00000000800014C2] -> 0x00AF
[1333] [M]: 0x00000000800014C0 (0x00AF1F13) slli t5, t5, 0xa
x30 <- 0x06FC02EF20060000

mem[X,0x00000000800014C4] -> 0x0F13
mem[X,0x00000000800014C6] -> 0x1FAF
[1334] [M]: 0x00000000800014C4 (0x1FAF0F13) addi t5, t5, 0x1fa
x30 <- 0x06FC02EF200601FA

mem[X,0x00000000800014C8] -> 0x0EB7
mem[X,0x00000000800014CA] -> 0x0456
[1335] [M]: 0x00000000800014C8 (0x04560EB7) lui t4, 0x4560
x29 <- 0x0000000004560000

mem[X,0x00000000800014CC] -> 0x8E93
mem[X,0x00000000800014CE] -> 0x900E
[1336] [M]: 0x00000000800014CC (0x900E8E93) addi t4, t4, -0x700
x29 <- 0x000000000455F900

mem[X,0x00000000800014D0] -> 0x9E93
mem[X,0x00000000800014D2] -> 0x00BE
[1337] [M]: 0x00000000800014D0 (0x00BE9E93) slli t4, t4, 0xb
x29 <- 0x00000022AFC80000

mem[X,0x00000000800014D4] -> 0x8E93
mem[X,0x00000000800014D6] -> 0x100E
[1338] [M]: 0x00000000800014D4 (0x100E8E93) addi t4, t4, 0x100
x29 <- 0x00000022AFC80100

mem[X,0x00000000800014D8] -> 0x9E93
mem[X,0x00000000800014DA] -> 0x00BE
[1339] [M]: 0x00000000800014D8 (0x00BE9E93) slli t4, t4, 0xb
x29 <- 0x0001157E40080000

mem[X,0x00000000800014DC] -> 0x8E93
mem[X,0x00000000800014DE] -> 0x13EE
[1340] [M]: 0x00000000800014DC (0x13EE8E93) addi t4, t4, 0x13e
x29 <- 0x0001157E4008013E

mem[X,0x00000000800014E0] -> 0x9E93
mem[X,0x00000000800014E2] -> 0x00AE
[1341] [M]: 0x00000000800014E0 (0x00AE9E93) slli t4, t4, 0xa
x29 <- 0x0455F9002004F800

mem[X,0x00000000800014E4] -> 0x8E93
mem[X,0x00000000800014E6] -> 0x0BFE
[1342] [M]: 0x00000000800014E4 (0x0BFE8E93) addi t4, t4, 0xbf
x29 <- 0x0455F9002004F8BF

mem[X,0x00000000800014E8] -> 0x0FBB
mem[X,0x00000000800014EA] -> 0xCDDF
[1343] [M]: 0x00000000800014E8 (0xCDDF0FBB) pdif.b t6, t5, t4
x31 <- 0x025909110002093B

mem[X,0x00000000800014EC] -> 0xB423
mem[X,0x00000000800014EE] -> 0x19F0
[1344] [M]: 0x00000000800014EC (0x19F0B423) sd t6, 0x188(ra)
mem[0x0000000080004330] <- 0x025909110002093B

mem[X,0x00000000800014F0] -> 0x0F37
mem[X,0x00000000800014F2] -> 0x0400
[1345] [M]: 0x00000000800014F0 (0x04000F37) lui t5, 0x4000
x30 <- 0x0000000004000000

mem[X,0x00000000800014F4] -> 0x0F13
mem[X,0x00000000800014F6] -> 0x109F
[1346] [M]: 0x00000000800014F4 (0x109F0F13) addi t5, t5, 0x109
x30 <- 0x0000000004000109

mem[X,0x00000000800014F8] -> 0x1F13
mem[X,0x00000000800014FA] -> 0x00BF
[1347] [M]: 0x00000000800014F8 (0x00BF1F13) slli t5, t5, 0xb
x30 <- 0x0000002000084800

mem[X,0x00000000800014FC] -> 0x0F13
mem[X,0x00000000800014FE] -> 0x010F
[1348] [M]: 0x00000000800014FC (0x010F0F13) addi t5, t5, 0x10
x30 <- 0x0000002000084810

mem[X,0x0000000080001500] -> 0x1F13
mem[X,0x0000000080001502] -> 0x00BF
[1349] [M]: 0x0000000080001500 (0x00BF1F13) slli t5, t5, 0xb
x30 <- 0x0001000042408000

mem[X,0x0000000080001504] -> 0x0F13
mem[X,0x0000000080001506] -> 0x002F
[1350] [M]: 0x0000000080001504 (0x002F0F13) addi t5, t5, 0x2
x30 <- 0x0001000042408002

mem[X,0x0000000080001508] -> 0x1F13
mem[X,0x000000008000150A] -> 0x00AF
[1351] [M]: 0x0000000080001508 (0x00AF1F13) slli t5, t5, 0xa
x30 <- 0x0400010902000800

mem[X,0x000000008000150C] -> 0x0F13
mem[X,0x000000008000150E] -> 0x140F
[1352] [M]: 0x000000008000150C (0x140F0F13) addi t5, t5, 0x140
x30 <- 0x0400010902000940

mem[X,0x0000000080001510] -> 0x0EB7
mem[X,0x0000000080001512] -> 0xFD03
[1353] [M]: 0x0000000080001510 (0xFD030EB7) lui t4, -0x2fd0
x29 <- 0xFFFFFFFFFD030000

mem[X,0x0000000080001514] -> 0x8E93
mem[X,0x0000000080001516] -> 0xCBFE
[1354] [M]: 0x0000000080001514 (0xCBFE8E93) addi t4, t4, -0x341
x29 <- 0xFFFFFFFFFD02FCBF

mem[X,0x0000000080001518] -> 0x9E93
mem[X,0x000000008000151A] -> 0x00BE
[1355] [M]: 0x0000000080001518 (0x00BE9E93) slli t4, t4, 0xb
x29 <- 0xFFFFFFE817E5F800

mem[X,0x000000008000151C] -> 0x8E93
mem[X,0x000000008000151E] -> 0x6F8E
[1356] [M]: 0x000000008000151C (0x6F8E8E93) addi t4, t4, 0x6f8
x29 <- 0xFFFFFFE817E5FEF8

mem[X,0x0000000080001520] -> 0x9E93
mem[X,0x0000000080001522] -> 0x00BE
[1357] [M]: 0x0000000080001520 (0x00BE9E93) slli t4, t4, 0xb
x29 <- 0xFFFF40BF2FF7C000

mem[X,0x0000000080001524] -> 0x8E93
mem[X,0x0000000080001526] -> 0x200E
[1358] [M]: 0x0000000080001524 (0x200E8E93) addi t4, t4, 0x200
x29 <- 0xFFFF40BF2FF7C200

mem[X,0x0000000080001528] -> 0x9E93
mem[X,0x000000008000152A] -> 0x00AE
[1359] [M]: 0x0000000080001528 (0x00AE9E93) slli t4, t4, 0xa
x29 <- 0xFD02FCBFDF080000

mem[X,0x000000008000152C] -> 0x8E93
mem[X,0x000000008000152E] -> 0x0FBE
[1360] [M]: 0x000000008000152C (0x0FBE8E93) addi t4, t4, 0xfb
x29 <- 0xFD02FCBFDF0800FB

mem[X,0x0000000080001530] -> 0x0FBB
mem[X,0x0000000080001532] -> 0xCDDF
[1361] [M]: 0x0000000080001530 (0xCDDF0FBB) pdif.b t6, t5, t4
x31 <- 0x0702054A23080945

mem[X,0x0000000080001534] -> 0xB823
mem[X,0x0000000080001536] -> 0x19F0
[1362] [M]: 0x0000000080001534 (0x19F0B823) sd t6, 0x190(ra)
mem[0x0000000080004338] <- 0x0702054A23080945

mem[X,0x0000000080001538] -> 0x0F37
mem[X,0x000000008000153A] -> 0x09FF
[1363] [M]: 0x0000000080001538 (0x09FF0F37) lui t5, 0x9ff0
x30 <- 0x0000000009FF0000

mem[X,0x000000008000153C] -> 0x0F13
mem[X,0x000000008000153E] -> 0x5FFF
[1364] [M]: 0x000000008000153C (0x5FFF0F13) addi t5, t5, 0x5ff
x30 <- 0x0000000009FF05FF

mem[X,0x0000000080001540] -> 0x1F13
mem[X,0x0000000080001542] -> 0x00BF
[1365] [M]: 0x0000000080001540 (0x00BF1F13) slli t5, t5, 0xb
x30 <- 0x0000004FF82FF800

mem[X,0x0000000080001544] -> 0x0F13
mem[X,0x0000000080001546] -> 0x00FF
[1366] [M]: 0x0000000080001544 (0x00FF0F13) addi t5, t5, 0xf
x30 <- 0x0000004FF82FF80F

mem[X,0x0000000080001548] -> 0x1F13
mem[X,0x000000008000154A] -> 0x00BF
[1367] [M]: 0x0000000080001548 (0x00BF1F13) slli t5, t5, 0xb
x30 <- 0x00027FC17FC07800

mem[X,0x000000008000154C] -> 0x0F13
mem[X,0x000000008000154E] -> 0x7FFF
[1368] [M]: 0x000000008000154C (0x7FFF0F13) addi t5, t5, 0x7ff
x30 <- 0x00027FC17FC07FFF

mem[X,0x0000000080001550] -> 0x1F13
mem[X,0x0000000080001552] -> 0x00AF
[1369] [M]: 0x0000000080001550 (0x00AF1F13) slli t5, t5, 0xa
x30 <- 0x09FF05FF01FFFC00

mem[X,0x0000000080001554] -> 0x0F13
mem[X,0x0000000080001556] -> 0x2DFF
[1370] [M]: 0x0000000080001554 (0x2DFF0F13) addi t5, t5, 0x2df
x30 <- 0x09FF05FF01FFFEDF

mem[X,0x0000000080001558] -> 0x5EB7
mem[X,0x000000008000155A] -> 0xF9AA
[1371] [M]: 0x0000000080001558 (0xF9AA5EB7) lui t4, -0x655b
x29 <- 0xFFFFFFFFF9AA5000

mem[X,0x000000008000155C] -> 0x8E93
mem[X,0x000000008000155E] -> 0x520E
[1372] [M]: 0x000000008000155C (0x520E8E93) addi t4, t4, 0x520
x29 <- 0xFFFFFFFFF9AA5520

mem[X,0x0000000080001560] -> 0x9E93
mem[X,0x0000000080001562] -> 0x00BE
[1373] [M]: 0x0000000080001560 (0x00BE9E93) slli t4, t4, 0xb
x29 <- 0xFFFFFFCD52A90000

mem[X,0x0000000080001564] -> 0x8E93
mem[X,0x0000000080001566] -> 0x1FFE
[1374] [M]: 0x0000000080001564 (0x1FFE8E93) addi t4, t4, 0x1ff
x29 <- 0xFFFFFFCD52A901FF

mem[X,0x0000000080001568] -> 0x9E93
mem[X,0x000000008000156A] -> 0x00BE
[1375] [M]: 0x0000000080001568 (0x00BE9E93) slli t4, t4, 0xb
x29 <- 0xFFFE6A95480FF800

mem[X,0x000000008000156C] -> 0x8E93
mem[X,0x000000008000156E] -> 0x644E
[1376] [M]: 0x000000008000156C (0x644E8E93) addi t4, t4, 0x644
x29 <- 0xFFFE6A95480FFE44

mem[X,0x0000000080001570] -> 0x9E93
mem[X,0x0000000080001572] -> 0x00AE
[1377] [M]: 0x0000000080001570 (0x00AE9E93) slli t4, t4, 0xa
x29 <- 0xF9AA55203FF91000

mem[X,0x0000000080001574] -> 0x8E93
mem[X,0x0000000080001576] -> 0x0EFE
[1378] [M]: 0x0000000080001574 (0x0EFE8E93) addi t4, t4, 0xef
x29 <- 0xF9AA55203FF910EF

mem[X,0x0000000080001578] -> 0x0FBB
mem[X,0x000000008000157A] -> 0xCDDF
[1379] [M]: 0x0000000080001578 (0xCDDF0FBB) pdif.b t6, t5, t4
x31 <- 0x105550213E061210

mem[X,0x000000008000157C] -> 0xBC23
mem[X,0x000000008000157E] -> 0x19F0
[1380] [M]: 0x000000008000157C (0x19F0BC23) sd t6, 0x198(ra)
mem[0x0000000080004340] <- 0x105550213E061210

mem[X,0x0000000080001580] -> 0x5F37
mem[X,0x0000000080001582] -> 0x0255
[1381] [M]: 0x0000000080001580 (0x02555F37) lui t5, 0x2555
x30 <- 0x0000000002555000

mem[X,0x0000000080001584] -> 0x0F13
mem[X,0x0000000080001586] -> 0x5AAF
[1382] [M]: 0x0000000080001584 (0x5AAF0F13) addi t5, t5, 0x5aa
x30 <- 0x00000000025555AA

mem[X,0x0000000080001588] -> 0x1F13
mem[X,0x000000008000158A] -> 0x00BF
[1383] [M]: 0x0000000080001588 (0x00BF1F13) slli t5, t5, 0xb
x30 <- 0x00000012AAAD5000

mem[X,0x000000008000158C] -> 0x0F13
mem[X,0x000000008000158E] -> 0x7D0F
[1384] [M]: 0x000000008000158C (0x7D0F0F13) addi t5, t5, 0x7d0
x30 <- 0x00000012AAAD57D0

mem[X,0x0000000080001590] -> 0x1F13
mem[X,0x0000000080001592] -> 0x00BF
[1385] [M]: 0x0000000080001590 (0x00BF1F13) slli t5, t5, 0xb
x30 <- 0x000095556ABE8000

mem[X,0x0000000080001594] -> 0x0F13
mem[X,0x0000000080001596] -> 0x1BDF
[1386] [M]: 0x0000000080001594 (0x1BDF0F13) addi t5, t5, 0x1bd
x30 <- 0x000095556ABE81BD

mem[X,0x0000000080001598] -> 0x1F13
mem[X,0x000000008000159A] -> 0x00AF
[1387] [M]: 0x0000000080001598 (0x00AF1F13) slli t5, t5, 0xa
x30 <- 0x025555AAFA06F400

mem[X,0x000000008000159C] -> 0x0F13
mem[X,0x000000008000159E] -> 0x3FDF
[1388] [M]: 0x000000008000159C (0x3FDF0F13) addi t5, t5, 0x3fd
x30 <- 0x025555AAFA06F7FD

mem[X,0x00000000800015A0] -> 0x1EB7
mem[X,0x00000000800015A2] -> 0x55F9
[1389] [M]: 0x00000000800015A0 (0x55F91EB7) lui t4, 0x55f91
x29 <- 0x0000000055F91000

mem[X,0x00000000800015A4] -> 0x8E93
mem[X,0x00000000800015A6] -> 0x0FAE
[1390] [M]: 0x00000000800015A4 (0x0FAE8E93) addi t4, t4, 0xfa
x29 <- 0x0000000055F910FA

mem[X,0x00000000800015A8] -> 0x9E93
mem[X,0x00000000800015AA] -> 0x00BE
[1391] [M]: 0x00000000800015A8 (0x00BE9E93) slli t4, t4, 0xb
x29 <- 0x000002AFC887D000

mem[X,0x00000000800015AC] -> 0x8E93
mem[X,0x00000000800015AE] -> 0x102E
[1392] [M]: 0x00000000800015AC (0x102E8E93) addi t4, t4, 0x102
x29 <- 0x000002AFC887D102

mem[X,0x00000000800015B0] -> 0x9E93
mem[X,0x00000000800015B2] -> 0x00BE
[1393] [M]: 0x00000000800015B0 (0x00BE9E93) slli t4, t4, 0xb
x29 <- 0x00157E443E881000

mem[X,0x00000000800015B4] -> 0x8E93
mem[X,0x00000000800015B6] -> 0x008E
[1394] [M]: 0x00000000800015B4 (0x008E8E93) addi t4, t4, 0x8
x29 <- 0x00157E443E881008

mem[X,0x00000000800015B8] -> 0x9E93
mem[X,0x00000000800015BA] -> 0x00AE
[1395] [M]: 0x00000000800015B8 (0x00AE9E93) slli t4, t4, 0xa
x29 <- 0x55F910FA20402000

mem[X,0x00000000800015BC] -> 0x8E93
mem[X,0x00000000800015BE] -> 0x080E
[1396] [M]: 0x00000000800015BC (0x080E8E93) addi t4, t4, 0x80
x29 <- 0x55F910FA20402080

mem[X,0x00000000800015C0] -> 0x0FBB
mem[X,0x00000000800015C2] -> 0xCDDF
[1397] [M]: 0x00000000800015C0 (0xCDDF0FBB) pdif.b t6, t5, t4
x31 <- 0x535C4550263A297D

mem[X,0x00000000800015C4] -> 0xB023
mem[X,0x00000000800015C6] -> 0x1BF0
[1398] [M]: 0x00000000800015C4 (0x1BF0B023) sd t6, 0x1a0(ra)
mem[0x0000000080004348] <- 0x535C4550263A297D

mem[X,0x00000000800015C8] -> 0x8F37
mem[X,0x00000000800015CA] -> 0x0400
[1399] [M]: 0x00000000800015C8 (0x04008F37) lui t5, 0x4008
x30 <- 0x0000000004008000

clint::tick mtime <- 0x000000000000000E
 clint timer pending at mtime 0x000000000000000E
htif::tick 0x0000000000000000
mem[X,0x00000000800015CC] -> 0x0F13
mem[X,0x00000000800015CE] -> 0x020F
[1400] [M]: 0x00000000800015CC (0x020F0F13) addi t5, t5, 0x20
x30 <- 0x0000000004008020

mem[X,0x00000000800015D0] -> 0x1F13
mem[X,0x00000000800015D2] -> 0x00BF
[1401] [M]: 0x00000000800015D0 (0x00BF1F13) slli t5, t5, 0xb
x30 <- 0x0000002004010000

mem[X,0x00000000800015D4] -> 0x0F13
mem[X,0x00000000800015D6] -> 0x601F
[1402] [M]: 0x00000000800015D4 (0x601F0F13) addi t5, t5, 0x601
x30 <- 0x0000002004010601

mem[X,0x00000000800015D8] -> 0x1F13
mem[X,0x00000000800015DA] -> 0x00BF
[1403] [M]: 0x00000000800015D8 (0x00BF1F13) slli t5, t5, 0xb
x30 <- 0x0001002008300800

mem[X,0x00000000800015DC] -> 0x0F13
mem[X,0x00000000800015DE] -> 0x020F
[1404] [M]: 0x00000000800015DC (0x020F0F13) addi t5, t5, 0x20
x30 <- 0x0001002008300820

mem[X,0x00000000800015E0] -> 0x1F13
mem[X,0x00000000800015E2] -> 0x00AF
[1405] [M]: 0x00000000800015E0 (0x00AF1F13) slli t5, t5, 0xa
x30 <- 0x04008020C0208000

mem[X,0x00000000800015E4] -> 0x0EB7
mem[X,0x00000000800015E6] -> 0x80F9
[1406] [M]: 0x00000000800015E4 (0x80F90EB7) lui t4, -0x7f070
x29 <- 0xFFFFFFFF80F90000

mem[X,0x00000000800015E8] -> 0x8E93
mem[X,0x00000000800015EA] -> 0x2FAE
[1407] [M]: 0x00000000800015E8 (0x2FAE8E93) addi t4, t4, 0x2fa
x29 <- 0xFFFFFFFF80F902FA

mem[X,0x00000000800015EC] -> 0x9E93
mem[X,0x00000000800015EE] -> 0x00BE
[1408] [M]: 0x00000000800015EC (0x00BE9E93) slli t4, t4, 0xb
x29 <- 0xFFFFFC07C817D000

mem[X,0x00000000800015F0] -> 0x8E93
mem[X,0x00000000800015F2] -> 0x015E
[1409] [M]: 0x00000000800015F0 (0x015E8E93) addi t4, t4, 0x15
x29 <- 0xFFFFFC07C817D015

mem[X,0x00000000800015F4] -> 0x9E93
mem[X,0x00000000800015F6] -> 0x00BE
[1410] [M]: 0x00000000800015F4 (0x00BE9E93) slli t4, t4, 0xb
x29 <- 0xFFE03E40BE80A800

mem[X,0x00000000800015F8] -> 0x8E93
mem[X,0x00000000800015FA] -> 0x2BEE
[1411] [M]: 0x00000000800015F8 (0x2BEE8E93) addi t4, t4, 0x2be
x29 <- 0xFFE03E40BE80AABE

mem[X,0x00000000800015FC] -> 0x9E93
mem[X,0x00000000800015FE] -> 0x00AE
[1412] [M]: 0x00000000800015FC (0x00AE9E93) slli t4, t4, 0xa
x29 <- 0x80F902FA02AAF800

mem[X,0x0000000080001600] -> 0x8E93
mem[X,0x0000000080001602] -> 0x300E
[1413] [M]: 0x0000000080001600 (0x300E8E93) addi t4, t4, 0x300
x29 <- 0x80F902FA02AAFB00

mem[X,0x0000000080001604] -> 0x0FBB
mem[X,0x0000000080001606] -> 0xCDDF
[1414] [M]: 0x0000000080001604 (0xCDDF0FBB) pdif.b t6, t5, t4
x31 <- 0x7C077E2642767B00

mem[X,0x0000000080001608] -> 0xB423
mem[X,0x000000008000160A] -> 0x1BF0
[1415] [M]: 0x0000000080001608 (0x1BF0B423) sd t6, 0x1a8(ra)
mem[0x0000000080004350] <- 0x7C077E2642767B00

mem[X,0x000000008000160C] -> 0x0F37
mem[X,0x000000008000160E] -> 0xFFF9
[1416] [M]: 0x000000008000160C (0xFFF90F37) lui t5, -0x70
x30 <- 0xFFFFFFFFFFF90000

mem[X,0x0000000080001610] -> 0x0F13
mem[X,0x0000000080001612] -> 0xB05F
[1417] [M]: 0x0000000080001610 (0xB05F0F13) addi t5, t5, -0x4fb
x30 <- 0xFFFFFFFFFFF8FB05

mem[X,0x0000000080001614] -> 0x1F13
mem[X,0x0000000080001616] -> 0x00BF
[1418] [M]: 0x0000000080001614 (0x00BF1F13) slli t5, t5, 0xb
x30 <- 0xFFFFFFFFC7D82800

mem[X,0x0000000080001618] -> 0x0F13
mem[X,0x000000008000161A] -> 0x01FF
[1419] [M]: 0x0000000080001618 (0x01FF0F13) addi t5, t5, 0x1f
x30 <- 0xFFFFFFFFC7D8281F

mem[X,0x000000008000161C] -> 0x1F13
mem[X,0x000000008000161E] -> 0x00BF
[1420] [M]: 0x000000008000161C (0x00BF1F13) slli t5, t5, 0xb
x30 <- 0xFFFFFE3EC140F800

mem[X,0x0000000080001620] -> 0x0F13
mem[X,0x0000000080001622] -> 0x6A0F
[1421] [M]: 0x0000000080001620 (0x6A0F0F13) addi t5, t5, 0x6a0
x30 <- 0xFFFFFE3EC140FEA0

mem[X,0x0000000080001624] -> 0x1F13
mem[X,0x0000000080001626] -> 0x00AF
[1422] [M]: 0x0000000080001624 (0x00AF1F13) slli t5, t5, 0xa
x30 <- 0xFFF8FB0503FA8000

mem[X,0x0000000080001628] -> 0x0F13
mem[X,0x000000008000162A] -> 0x005F
[1423] [M]: 0x0000000080001628 (0x005F0F13) addi t5, t5, 0x5
x30 <- 0xFFF8FB0503FA8005

mem[X,0x000000008000162C] -> 0x0EB7
mem[X,0x000000008000162E] -> 0x01AA
[1424] [M]: 0x000000008000162C (0x01AA0EB7) lui t4, 0x1aa0
x29 <- 0x0000000001AA0000

mem[X,0x0000000080001630] -> 0x8E93
mem[X,0x0000000080001632] -> 0x6AAE
[1425] [M]: 0x0000000080001630 (0x6AAE8E93) addi t4, t4, 0x6aa
x29 <- 0x0000000001AA06AA

mem[X,0x0000000080001634] -> 0x9E93
mem[X,0x0000000080001636] -> 0x00BE
[1426] [M]: 0x0000000080001634 (0x00BE9E93) slli t4, t4, 0xb
x29 <- 0x0000000D50355000

mem[X,0x0000000080001638] -> 0x8E93
mem[X,0x000000008000163A] -> 0x203E
[1427] [M]: 0x0000000080001638 (0x203E8E93) addi t4, t4, 0x203
x29 <- 0x0000000D50355203

mem[X,0x000000008000163C] -> 0x9E93
mem[X,0x000000008000163E] -> 0x00BE
[1428] [M]: 0x000000008000163C (0x00BE9E93) slli t4, t4, 0xb
x29 <- 0x00006A81AA901800

mem[X,0x0000000080001640] -> 0x8E93
mem[X,0x0000000080001642] -> 0x7C0E
[1429] [M]: 0x0000000080001640 (0x7C0E8E93) addi t4, t4, 0x7c0
x29 <- 0x00006A81AA901FC0

mem[X,0x0000000080001644] -> 0x9E93
mem[X,0x0000000080001646] -> 0x00AE
[1430] [M]: 0x0000000080001644 (0x00AE9E93) slli t4, t4, 0xa
x29 <- 0x01AA06AA407F0000

mem[X,0x0000000080001648] -> 0x8E93
mem[X,0x000000008000164A] -> 0x301E
[1431] [M]: 0x0000000080001648 (0x301E8E93) addi t4, t4, 0x301
x29 <- 0x01AA06AA407F0301

mem[X,0x000000008000164C] -> 0x0FBB
mem[X,0x000000008000164E] -> 0xCDDF
[1432] [M]: 0x000000008000164C (0xCDDF0FBB) pdif.b t6, t5, t4
x31 <- 0x024E0B5B3D7B7D04

mem[X,0x0000000080001650] -> 0xB823
mem[X,0x0000000080001652] -> 0x1BF0
[1433] [M]: 0x0000000080001650 (0x1BF0B823) sd t6, 0x1b0(ra)
mem[0x0000000080004358] <- 0x024E0B5B3D7B7D04

mem[X,0x0000000080001654] -> 0xFF37
mem[X,0x0000000080001656] -> 0x7FF9
[1434] [M]: 0x0000000080001654 (0x7FF9FF37) lui t5, 0x7ff9f
x30 <- 0x000000007FF9F000

mem[X,0x0000000080001658] -> 0x0F13
mem[X,0x000000008000165A] -> 0x709F
[1435] [M]: 0x0000000080001658 (0x709F0F13) addi t5, t5, 0x709
x30 <- 0x000000007FF9F709

mem[X,0x000000008000165C] -> 0x1F13
mem[X,0x000000008000165E] -> 0x00BF
[1436] [M]: 0x000000008000165C (0x00BF1F13) slli t5, t5, 0xb
x30 <- 0x000003FFCFB84800

mem[X,0x0000000080001660] -> 0x0F13
mem[X,0x0000000080001662] -> 0x207F
[1437] [M]: 0x0000000080001660 (0x207F0F13) addi t5, t5, 0x207
x30 <- 0x000003FFCFB84A07

mem[X,0x0000000080001664] -> 0x1F13
mem[X,0x0000000080001666] -> 0x00BF
[1438] [M]: 0x0000000080001664 (0x00BF1F13) slli t5, t5, 0xb
x30 <- 0x001FFE7DC2503800

mem[X,0x0000000080001668] -> 0x0F13
mem[X,0x000000008000166A] -> 0x6FFF
[1439] [M]: 0x0000000080001668 (0x6FFF0F13) addi t5, t5, 0x6ff
x30 <- 0x001FFE7DC2503EFF

mem[X,0x000000008000166C] -> 0x1F13
mem[X,0x000000008000166E] -> 0x00AF
[1440] [M]: 0x000000008000166C (0x00AF1F13) slli t5, t5, 0xa
x30 <- 0x7FF9F70940FBFC00

mem[X,0x0000000080001670] -> 0x0F13
mem[X,0x0000000080001672] -> 0x2F9F
[1441] [M]: 0x0000000080001670 (0x2F9F0F13) addi t5, t5, 0x2f9
x30 <- 0x7FF9F70940FBFEF9

mem[X,0x0000000080001674] -> 0x0EB7
mem[X,0x0000000080001676] -> 0xF708
[1442] [M]: 0x0000000080001674 (0xF7080EB7) lui t4, -0x8f80
x29 <- 0xFFFFFFFFF7080000

mem[X,0x0000000080001678] -> 0x8E93
mem[X,0x000000008000167A] -> 0x03FE
[1443] [M]: 0x0000000080001678 (0x03FE8E93) addi t4, t4, 0x3f
x29 <- 0xFFFFFFFFF708003F

mem[X,0x000000008000167C] -> 0x9E93
mem[X,0x000000008000167E] -> 0x00BE
[1444] [M]: 0x000000008000167C (0x00BE9E93) slli t4, t4, 0xb
x29 <- 0xFFFFFFB84001F800

mem[X,0x0000000080001680] -> 0x8E93
mem[X,0x0000000080001682] -> 0x400E
[1445] [M]: 0x0000000080001680 (0x400E8E93) addi t4, t4, 0x400
x29 <- 0xFFFFFFB84001FC00

mem[X,0x0000000080001684] -> 0x9E93
mem[X,0x0000000080001686] -> 0x00BE
[1446] [M]: 0x0000000080001684 (0x00BE9E93) slli t4, t4, 0xb
x29 <- 0xFFFDC2000FE00000

mem[X,0x0000000080001688] -> 0x8E93
mem[X,0x000000008000168A] -> 0x14FE
[1447] [M]: 0x0000000080001688 (0x14FE8E93) addi t4, t4, 0x14f
x29 <- 0xFFFDC2000FE0014F

mem[X,0x000000008000168C] -> 0x9E93
mem[X,0x000000008000168E] -> 0x00AE
[1448] [M]: 0x000000008000168C (0x00AE9E93) slli t4, t4, 0xa
x29 <- 0xF708003F80053C00

mem[X,0x0000000080001690] -> 0x8E93
mem[X,0x0000000080001692] -> 0x355E
[1449] [M]: 0x0000000080001690 (0x355E8E93) addi t4, t4, 0x355
x29 <- 0xF708003F80053F55

mem[X,0x0000000080001694] -> 0x0FBB
mem[X,0x0000000080001696] -> 0xCDDF
[1450] [M]: 0x0000000080001694 (0xCDDF0FBB) pdif.b t6, t5, t4
x31 <- 0x780F0936400A415C

mem[X,0x0000000080001698] -> 0xBC23
mem[X,0x000000008000169A] -> 0x1BF0
[1451] [M]: 0x0000000080001698 (0x1BF0BC23) sd t6, 0x1b8(ra)
mem[0x0000000080004360] <- 0x780F0936400A415C

mem[X,0x000000008000169C] -> 0x0F37
mem[X,0x000000008000169E] -> 0x007F
[1452] [M]: 0x000000008000169C (0x007F0F37) lui t5, 0x7f0
x30 <- 0x00000000007F0000

mem[X,0x00000000800016A0] -> 0x0F13
mem[X,0x00000000800016A2] -> 0x23FF
[1453] [M]: 0x00000000800016A0 (0x23FF0F13) addi t5, t5, 0x23f
x30 <- 0x00000000007F023F

mem[X,0x00000000800016A4] -> 0x1F13
mem[X,0x00000000800016A6] -> 0x00BF
[1454] [M]: 0x00000000800016A4 (0x00BF1F13) slli t5, t5, 0xb
x30 <- 0x00000003F811F800

mem[X,0x00000000800016A8] -> 0x0F13
mem[X,0x00000000800016AA] -> 0x040F
[1455] [M]: 0x00000000800016A8 (0x040F0F13) addi t5, t5, 0x40
x30 <- 0x00000003F811F840

mem[X,0x00000000800016AC] -> 0x1F13
mem[X,0x00000000800016AE] -> 0x00BF
[1456] [M]: 0x00000000800016AC (0x00BF1F13) slli t5, t5, 0xb
x30 <- 0x00001FC08FC20000

mem[X,0x00000000800016B0] -> 0x0F13
mem[X,0x00000000800016B2] -> 0x401F
[1457] [M]: 0x00000000800016B0 (0x401F0F13) addi t5, t5, 0x401
x30 <- 0x00001FC08FC20401

mem[X,0x00000000800016B4] -> 0x1F13
mem[X,0x00000000800016B6] -> 0x00AF
[1458] [M]: 0x00000000800016B4 (0x00AF1F13) slli t5, t5, 0xa
x30 <- 0x007F023F08100400

mem[X,0x00000000800016B8] -> 0x0F13
mem[X,0x00000000800016BA] -> 0x004F
[1459] [M]: 0x00000000800016B8 (0x004F0F13) addi t5, t5, 0x4
x30 <- 0x007F023F08100404

mem[X,0x00000000800016BC] -> 0x0EB7
mem[X,0x00000000800016BE] -> 0xF8FF
[1460] [M]: 0x00000000800016BC (0xF8FF0EB7) lui t4, -0x7010
x29 <- 0xFFFFFFFFF8FF0000

mem[X,0x00000000800016C0] -> 0x8E93
mem[X,0x00000000800016C2] -> 0x010E
[1461] [M]: 0x00000000800016C0 (0x010E8E93) addi t4, t4, 0x10
x29 <- 0xFFFFFFFFF8FF0010

mem[X,0x00000000800016C4] -> 0x9E93
mem[X,0x00000000800016C6] -> 0x00BE
[1462] [M]: 0x00000000800016C4 (0x00BE9E93) slli t4, t4, 0xb
x29 <- 0xFFFFFFC7F8008000

mem[X,0x00000000800016C8] -> 0x8E93
mem[X,0x00000000800016CA] -> 0x018E
[1463] [M]: 0x00000000800016C8 (0x018E8E93) addi t4, t4, 0x18
x29 <- 0xFFFFFFC7F8008018

mem[X,0x00000000800016CC] -> 0x9E93
mem[X,0x00000000800016CE] -> 0x00BE
[1464] [M]: 0x00000000800016CC (0x00BE9E93) slli t4, t4, 0xb
x29 <- 0xFFFE3FC00400C000

mem[X,0x00000000800016D0] -> 0x8E93
mem[X,0x00000000800016D2] -> 0x1DFE
[1465] [M]: 0x00000000800016D0 (0x1DFE8E93) addi t4, t4, 0x1df
x29 <- 0xFFFE3FC00400C1DF

mem[X,0x00000000800016D4] -> 0x9E93
mem[X,0x00000000800016D6] -> 0x00AE
[1466] [M]: 0x00000000800016D4 (0x00AE9E93) slli t4, t4, 0xa
x29 <- 0xF8FF001003077C00

mem[X,0x00000000800016D8] -> 0x8E93
mem[X,0x00000000800016DA] -> 0x308E
[1467] [M]: 0x00000000800016D8 (0x308E8E93) addi t4, t4, 0x308
x29 <- 0xF8FF001003077F08

mem[X,0x00000000800016DC] -> 0x0FBB
mem[X,0x00000000800016DE] -> 0xCDDF
[1468] [M]: 0x00000000800016DC (0xCDDF0FBB) pdif.b t6, t5, t4
x31 <- 0x087F022F05097B04

mem[X,0x00000000800016E0] -> 0xB023
mem[X,0x00000000800016E2] -> 0x1DF0
[1469] [M]: 0x00000000800016E0 (0x1DF0B023) sd t6, 0x1c0(ra)
mem[0x0000000080004368] <- 0x087F022F05097B04

mem[X,0x00000000800016E4] -> 0x0F37
mem[X,0x00000000800016E6] -> 0x05F8
[1470] [M]: 0x00000000800016E4 (0x05F80F37) lui t5, 0x5f80
x30 <- 0x0000000005F80000

mem[X,0x00000000800016E8] -> 0x0F13
mem[X,0x00000000800016EA] -> 0x1AAF
[1471] [M]: 0x00000000800016E8 (0x1AAF0F13) addi t5, t5, 0x1aa
x30 <- 0x0000000005F801AA

mem[X,0x00000000800016EC] -> 0x1F13
mem[X,0x00000000800016EE] -> 0x00BF
[1472] [M]: 0x00000000800016EC (0x00BF1F13) slli t5, t5, 0xb
x30 <- 0x0000002FC00D5000

mem[X,0x00000000800016F0] -> 0x0F13
mem[X,0x00000000800016F2] -> 0x027F
[1473] [M]: 0x00000000800016F0 (0x027F0F13) addi t5, t5, 0x27
x30 <- 0x0000002FC00D5027

mem[X,0x00000000800016F4] -> 0x1F13
mem[X,0x00000000800016F6] -> 0x00BF
[1474] [M]: 0x00000000800016F4 (0x00BF1F13) slli t5, t5, 0xb
x30 <- 0x00017E006A813800

mem[X,0x00000000800016F8] -> 0x0F13
mem[X,0x00000000800016FA] -> 0x795F
[1475] [M]: 0x00000000800016F8 (0x795F0F13) addi t5, t5, 0x795
x30 <- 0x00017E006A813F95

mem[X,0x00000000800016FC] -> 0x1F13
mem[X,0x00000000800016FE] -> 0x00AF
[1476] [M]: 0x00000000800016FC (0x00AF1F13) slli t5, t5, 0xa
x30 <- 0x05F801AA04FE5400

mem[X,0x0000000080001700] -> 0x0F13
mem[X,0x0000000080001702] -> 0x1F7F
[1477] [M]: 0x0000000080001700 (0x1F7F0F13) addi t5, t5, 0x1f7
x30 <- 0x05F801AA04FE55F7

mem[X,0x0000000080001704] -> 0x8EB7
mem[X,0x0000000080001706] -> 0x7F20
[1478] [M]: 0x0000000080001704 (0x7F208EB7) lui t4, 0x7f208
x29 <- 0x000000007F208000

mem[X,0x0000000080001708] -> 0x8E93
mem[X,0x000000008000170A] -> 0x0FAE
[1479] [M]: 0x0000000080001708 (0x0FAE8E93) addi t4, t4, 0xfa
x29 <- 0x000000007F2080FA

mem[X,0x000000008000170C] -> 0x9E93
mem[X,0x000000008000170E] -> 0x00BE
[1480] [M]: 0x000000008000170C (0x00BE9E93) slli t4, t4, 0xb
x29 <- 0x000003F90407D000

mem[X,0x0000000080001710] -> 0x8E93
mem[X,0x0000000080001712] -> 0x7CFE
[1481] [M]: 0x0000000080001710 (0x7CFE8E93) addi t4, t4, 0x7cf
x29 <- 0x000003F90407D7CF

mem[X,0x0000000080001714] -> 0x9E93
mem[X,0x0000000080001716] -> 0x00BE
[1482] [M]: 0x0000000080001714 (0x00BE9E93) slli t4, t4, 0xb
x29 <- 0x001FC8203EBE7800

mem[X,0x0000000080001718] -> 0x8E93
mem[X,0x000000008000171A] -> 0x782E
[1483] [M]: 0x0000000080001718 (0x782E8E93) addi t4, t4, 0x782
x29 <- 0x001FC8203EBE7F82

mem[X,0x000000008000171C] -> 0x9E93
mem[X,0x000000008000171E] -> 0x00AE
[1484] [M]: 0x000000008000171C (0x00AE9E93) slli t4, t4, 0xa
x29 <- 0x7F2080FAF9FE0800

mem[X,0x0000000080001720] -> 0x8E93
mem[X,0x0000000080001722] -> 0x0F7E
[1485] [M]: 0x0000000080001720 (0x0F7E8E93) addi t4, t4, 0xf7
x29 <- 0x7F2080FAF9FE08F7

mem[X,0x0000000080001724] -> 0x0FBB
mem[X,0x0000000080001726] -> 0xCDDF
[1486] [M]: 0x0000000080001724 (0xCDDF0FBB) pdif.b t6, t5, t4
x31 <- 0x7A287F500B004D00

mem[X,0x0000000080001728] -> 0xB423
mem[X,0x000000008000172A] -> 0x1DF0
[1487] [M]: 0x0000000080001728 (0x1DF0B423) sd t6, 0x1c8(ra)
mem[0x0000000080004370] <- 0x7A287F500B004D00

mem[X,0x000000008000172C] -> 0x0F37
mem[X,0x000000008000172E] -> 0x0241
[1488] [M]: 0x000000008000172C (0x02410F37) lui t5, 0x2410
x30 <- 0x0000000002410000

mem[X,0x0000000080001730] -> 0x0F13
mem[X,0x0000000080001732] -> 0xFDFF
[1489] [M]: 0x0000000080001730 (0xFDFF0F13) addi t5, t5, -0x21
x30 <- 0x000000000240FFDF

mem[X,0x0000000080001734] -> 0x1F13
mem[X,0x0000000080001736] -> 0x00BF
[1490] [M]: 0x0000000080001734 (0x00BF1F13) slli t5, t5, 0xb
x30 <- 0x0000001207FEF800

mem[X,0x0000000080001738] -> 0x0F13
mem[X,0x000000008000173A] -> 0x7B8F
[1491] [M]: 0x0000000080001738 (0x7B8F0F13) addi t5, t5, 0x7b8
x30 <- 0x0000001207FEFFB8

mem[X,0x000000008000173C] -> 0x1F13
mem[X,0x000000008000173E] -> 0x00BF
[1492] [M]: 0x000000008000173C (0x00BF1F13) slli t5, t5, 0xb
x30 <- 0x0000903FF7FDC000

mem[X,0x0000000080001740] -> 0x0F13
mem[X,0x0000000080001742] -> 0x05FF
[1493] [M]: 0x0000000080001740 (0x05FF0F13) addi t5, t5, 0x5f
x30 <- 0x0000903FF7FDC05F

mem[X,0x0000000080001744] -> 0x1F13
mem[X,0x0000000080001746] -> 0x00AF
[1494] [M]: 0x0000000080001744 (0x00AF1F13) slli t5, t5, 0xa
x30 <- 0x0240FFDFF7017C00

mem[X,0x0000000080001748] -> 0x0F13
mem[X,0x000000008000174A] -> 0x302F
[1495] [M]: 0x0000000080001748 (0x302F0F13) addi t5, t5, 0x302
x30 <- 0x0240FFDFF7017F02

mem[X,0x000000008000174C] -> 0x0EB7
mem[X,0x000000008000174E] -> 0x40C0
[1496] [M]: 0x000000008000174C (0x40C00EB7) lui t4, 0x40c00
x29 <- 0x0000000040C00000

mem[X,0x0000000080001750] -> 0x8E93
mem[X,0x0000000080001752] -> 0x507E
[1497] [M]: 0x0000000080001750 (0x507E8E93) addi t4, t4, 0x507
x29 <- 0x0000000040C00507

mem[X,0x0000000080001754] -> 0x9E93
mem[X,0x0000000080001756] -> 0x00BE
[1498] [M]: 0x0000000080001754 (0x00BE9E93) slli t4, t4, 0xb
x29 <- 0x0000020600283800

mem[X,0x0000000080001758] -> 0x8E93
mem[X,0x000000008000175A] -> 0x7E7E
[1499] [M]: 0x0000000080001758 (0x7E7E8E93) addi t4, t4, 0x7e7
x29 <- 0x0000020600283FE7

clint::tick mtime <- 0x000000000000000F
 clint timer pending at mtime 0x000000000000000F
htif::tick 0x0000000000000000
mem[X,0x000000008000175C] -> 0x9E93
mem[X,0x000000008000175E] -> 0x00BE
[1500] [M]: 0x000000008000175C (0x00BE9E93) slli t4, t4, 0xb
x29 <- 0x0010300141FF3800

mem[X,0x0000000080001760] -> 0x8E93
mem[X,0x0000000080001762] -> 0x6FEE
[1501] [M]: 0x0000000080001760 (0x6FEE8E93) addi t4, t4, 0x6fe
x29 <- 0x0010300141FF3EFE

mem[X,0x0000000080001764] -> 0x9E93
mem[X,0x0000000080001766] -> 0x00AE
[1502] [M]: 0x0000000080001764 (0x00AE9E93) slli t4, t4, 0xa
x29 <- 0x40C00507FCFBF800

mem[X,0x0000000080001768] -> 0x8E93
mem[X,0x000000008000176A] -> 0x220E
[1503] [M]: 0x0000000080001768 (0x220E8E93) addi t4, t4, 0x220
x29 <- 0x40C00507FCFBFA20

mem[X,0x000000008000176C] -> 0x0FBB
mem[X,0x000000008000176E] -> 0xCDDF
[1504] [M]: 0x000000008000176C (0xCDDF0FBB) pdif.b t6, t5, t4
x31 <- 0x3E7F062805067B1E

mem[X,0x0000000080001770] -> 0xB823
mem[X,0x0000000080001772] -> 0x1DF0
[1505] [M]: 0x0000000080001770 (0x1DF0B823) sd t6, 0x1d0(ra)
mem[0x0000000080004378] <- 0x3E7F062805067B1E

mem[X,0x0000000080001774] -> 0x0F37
mem[X,0x0000000080001776] -> 0xAA03
[1506] [M]: 0x0000000080001774 (0xAA030F37) lui t5, -0x55fd0
x30 <- 0xFFFFFFFFAA030000

mem[X,0x0000000080001778] -> 0x0F13
mem[X,0x000000008000177A] -> 0x407F
[1507] [M]: 0x0000000080001778 (0x407F0F13) addi t5, t5, 0x407
x30 <- 0xFFFFFFFFAA030407

mem[X,0x000000008000177C] -> 0x1F13
mem[X,0x000000008000177E] -> 0x00BF
[1508] [M]: 0x000000008000177C (0x00BF1F13) slli t5, t5, 0xb
x30 <- 0xFFFFFD5018203800

mem[X,0x0000000080001780] -> 0x0F13
mem[X,0x0000000080001782] -> 0x7DDF
[1509] [M]: 0x0000000080001780 (0x7DDF0F13) addi t5, t5, 0x7dd
x30 <- 0xFFFFFD5018203FDD

mem[X,0x0000000080001784] -> 0x1F13
mem[X,0x0000000080001786] -> 0x00BF
[1510] [M]: 0x0000000080001784 (0x00BF1F13) slli t5, t5, 0xb
x30 <- 0xFFEA80C101FEE800

mem[X,0x0000000080001788] -> 0x0F13
mem[X,0x000000008000178A] -> 0x7C1F
[1511] [M]: 0x0000000080001788 (0x7C1F0F13) addi t5, t5, 0x7c1
x30 <- 0xFFEA80C101FEEFC1

mem[X,0x000000008000178C] -> 0x1F13
mem[X,0x000000008000178E] -> 0x00AF
[1512] [M]: 0x000000008000178C (0x00AF1F13) slli t5, t5, 0xa
x30 <- 0xAA030407FBBF0400

mem[X,0x0000000080001790] -> 0x0F13
mem[X,0x0000000080001792] -> 0x3FEF
[1513] [M]: 0x0000000080001790 (0x3FEF0F13) addi t5, t5, 0x3fe
x30 <- 0xAA030407FBBF07FE

mem[X,0x0000000080001794] -> 0x8EB7
mem[X,0x0000000080001796] -> 0x0807
[1514] [M]: 0x0000000080001794 (0x08078EB7) lui t4, 0x8078
x29 <- 0x0000000008078000

mem[X,0x0000000080001798] -> 0x8E93
mem[X,0x000000008000179A] -> 0x0DFE
[1515] [M]: 0x0000000080001798 (0x0DFE8E93) addi t4, t4, 0xdf
x29 <- 0x00000000080780DF

mem[X,0x000000008000179C] -> 0x9E93
mem[X,0x000000008000179E] -> 0x00BE
[1516] [M]: 0x000000008000179C (0x00BE9E93) slli t4, t4, 0xb
x29 <- 0x000000403C06F800

mem[X,0x00000000800017A0] -> 0x8E93
mem[X,0x00000000800017A2] -> 0x7B0E
[1517] [M]: 0x00000000800017A0 (0x7B0E8E93) addi t4, t4, 0x7b0
x29 <- 0x000000403C06FFB0

mem[X,0x00000000800017A4] -> 0x9E93
mem[X,0x00000000800017A6] -> 0x00BE
[1518] [M]: 0x00000000800017A4 (0x00BE9E93) slli t4, t4, 0xb
x29 <- 0x000201E037FD8000

mem[X,0x00000000800017A8] -> 0x8E93
mem[X,0x00000000800017AA] -> 0x110E
[1519] [M]: 0x00000000800017A8 (0x110E8E93) addi t4, t4, 0x110
x29 <- 0x000201E037FD8110

mem[X,0x00000000800017AC] -> 0x9E93
mem[X,0x00000000800017AE] -> 0x00AE
[1520] [M]: 0x00000000800017AC (0x00AE9E93) slli t4, t4, 0xa
x29 <- 0x080780DFF6044000

mem[X,0x00000000800017B0] -> 0x8E93
mem[X,0x00000000800017B2] -> 0x009E
[1521] [M]: 0x00000000800017B0 (0x009E8E93) addi t4, t4, 0x9
x29 <- 0x080780DFF6044009

mem[X,0x00000000800017B4] -> 0x0FBB
mem[X,0x00000000800017B6] -> 0xCDDF
[1522] [M]: 0x00000000800017B4 (0xCDDF0FBB) pdif.b t6, t5, t4
x31 <- 0x5E047C280545390B

mem[X,0x00000000800017B8] -> 0xBC23
mem[X,0x00000000800017BA] -> 0x1DF0
[1523] [M]: 0x00000000800017B8 (0x1DF0BC23) sd t6, 0x1d8(ra)
mem[0x0000000080004380] <- 0x5E047C280545390B

mem[X,0x00000000800017BC] -> 0x0F37
mem[X,0x00000000800017BE] -> 0x0380
[1524] [M]: 0x00000000800017BC (0x03800F37) lui t5, 0x3800
x30 <- 0x0000000003800000

mem[X,0x00000000800017C0] -> 0x0F13
mem[X,0x00000000800017C2] -> 0xD20F
[1525] [M]: 0x00000000800017C0 (0xD20F0F13) addi t5, t5, -0x2e0
x30 <- 0x00000000037FFD20

mem[X,0x00000000800017C4] -> 0x1F13
mem[X,0x00000000800017C6] -> 0x00BF
[1526] [M]: 0x00000000800017C4 (0x00BF1F13) slli t5, t5, 0xb
x30 <- 0x0000001BFFE90000

mem[X,0x00000000800017C8] -> 0x0F13
mem[X,0x00000000800017CA] -> 0x01AF
[1527] [M]: 0x00000000800017C8 (0x01AF0F13) addi t5, t5, 0x1a
x30 <- 0x0000001BFFE9001A

mem[X,0x00000000800017CC] -> 0x1F13
mem[X,0x00000000800017CE] -> 0x00BF
[1528] [M]: 0x00000000800017CC (0x00BF1F13) slli t5, t5, 0xb
x30 <- 0x0000DFFF4800D000

mem[X,0x00000000800017D0] -> 0x0F13
mem[X,0x00000000800017D2] -> 0x57FF
[1529] [M]: 0x00000000800017D0 (0x57FF0F13) addi t5, t5, 0x57f
x30 <- 0x0000DFFF4800D57F

mem[X,0x00000000800017D4] -> 0x1F13
mem[X,0x00000000800017D6] -> 0x00AF
[1530] [M]: 0x00000000800017D4 (0x00AF1F13) slli t5, t5, 0xa
x30 <- 0x037FFD200355FC00

mem[X,0x00000000800017D8] -> 0x0F13
mem[X,0x00000000800017DA] -> 0x0DFF
[1531] [M]: 0x00000000800017D8 (0x0DFF0F13) addi t5, t5, 0xdf
x30 <- 0x037FFD200355FCDF

mem[X,0x00000000800017DC] -> 0x0EB7
mem[X,0x00000000800017DE] -> 0x0255
[1532] [M]: 0x00000000800017DC (0x02550EB7) lui t4, 0x2550
x29 <- 0x0000000002550000

mem[X,0x00000000800017E0] -> 0x8E93
mem[X,0x00000000800017E2] -> 0x101E
[1533] [M]: 0x00000000800017E0 (0x101E8E93) addi t4, t4, 0x101
x29 <- 0x0000000002550101

mem[X,0x00000000800017E4] -> 0x9E93
mem[X,0x00000000800017E6] -> 0x00BE
[1534] [M]: 0x00000000800017E4 (0x00BE9E93) slli t4, t4, 0xb
x29 <- 0x00000012A8080800

mem[X,0x00000000800017E8] -> 0x8E93
mem[X,0x00000000800017EA] -> 0x607E
[1535] [M]: 0x00000000800017E8 (0x607E8E93) addi t4, t4, 0x607
x29 <- 0x00000012A8080E07

mem[X,0x00000000800017EC] -> 0x9E93
mem[X,0x00000000800017EE] -> 0x00BE
[1536] [M]: 0x00000000800017EC (0x00BE9E93) slli t4, t4, 0xb
x29 <- 0x0000954040703800

mem[X,0x00000000800017F0] -> 0x8E93
mem[X,0x00000000800017F2] -> 0x77DE
[1537] [M]: 0x00000000800017F0 (0x77DE8E93) addi t4, t4, 0x77d
x29 <- 0x0000954040703F7D

mem[X,0x00000000800017F4] -> 0x9E93
mem[X,0x00000000800017F6] -> 0x00AE
[1538] [M]: 0x00000000800017F4 (0x00AE9E93) slli t4, t4, 0xa
x29 <- 0x02550101C0FDF400

mem[X,0x00000000800017F8] -> 0x8E93
mem[X,0x00000000800017FA] -> 0x300E
[1539] [M]: 0x00000000800017F8 (0x300E8E93) addi t4, t4, 0x300
x29 <- 0x02550101C0FDF700

mem[X,0x00000000800017FC] -> 0x0FBB
mem[X,0x00000000800017FE] -> 0xCDDF
[1540] [M]: 0x00000000800017FC (0xCDDF0FBB) pdif.b t6, t5, t4
x31 <- 0x012A041F43580521

mem[X,0x0000000080001800] -> 0xB023
mem[X,0x0000000080001802] -> 0x1FF0
[1541] [M]: 0x0000000080001800 (0x1FF0B023) sd t6, 0x1e0(ra)
mem[0x0000000080004388] <- 0x012A041F43580521

mem[X,0x0000000080001804] -> 0x0F37
mem[X,0x0000000080001806] -> 0x0221
[1542] [M]: 0x0000000080001804 (0x02210F37) lui t5, 0x2210
x30 <- 0x0000000002210000

mem[X,0x0000000080001808] -> 0x0F13
mem[X,0x000000008000180A] -> 0xCFBF
[1543] [M]: 0x0000000080001808 (0xCFBF0F13) addi t5, t5, -0x305
x30 <- 0x000000000220FCFB

mem[X,0x000000008000180C] -> 0x1F13
mem[X,0x000000008000180E] -> 0x00BF
[1544] [M]: 0x000000008000180C (0x00BF1F13) slli t5, t5, 0xb
x30 <- 0x0000001107E7D800

mem[X,0x0000000080001810] -> 0x0F13
mem[X,0x0000000080001812] -> 0x1FDF
[1545] [M]: 0x0000000080001810 (0x1FDF0F13) addi t5, t5, 0x1fd
x30 <- 0x0000001107E7D9FD

mem[X,0x0000000080001814] -> 0x1F13
mem[X,0x0000000080001816] -> 0x00BF
[1546] [M]: 0x0000000080001814 (0x00BF1F13) slli t5, t5, 0xb
x30 <- 0x0000883F3ECFE800

mem[X,0x0000000080001818] -> 0x0F13
mem[X,0x000000008000181A] -> 0x7C0F
[1547] [M]: 0x0000000080001818 (0x7C0F0F13) addi t5, t5, 0x7c0
x30 <- 0x0000883F3ECFEFC0

mem[X,0x000000008000181C] -> 0x1F13
mem[X,0x000000008000181E] -> 0x00AF
[1548] [M]: 0x000000008000181C (0x00AF1F13) slli t5, t5, 0xa
x30 <- 0x0220FCFB3FBF0000

mem[X,0x0000000080001820] -> 0x0F13
mem[X,0x0000000080001822] -> 0x305F
[1549] [M]: 0x0000000080001820 (0x305F0F13) addi t5, t5, 0x305
x30 <- 0x0220FCFB3FBF0305

mem[X,0x0000000080001824] -> 0x1EB7
mem[X,0x0000000080001826] -> 0xFA06
[1550] [M]: 0x0000000080001824 (0xFA061EB7) lui t4, -0x5f9f
x29 <- 0xFFFFFFFFFA061000

mem[X,0x0000000080001828] -> 0x8E93
mem[X,0x000000008000182A] -> 0x003E
[1551] [M]: 0x0000000080001828 (0x003E8E93) addi t4, t4, 0x3
x29 <- 0xFFFFFFFFFA061003

mem[X,0x000000008000182C] -> 0x9E93
mem[X,0x000000008000182E] -> 0x00BE
[1552] [M]: 0x000000008000182C (0x00BE9E93) slli t4, t4, 0xb
x29 <- 0xFFFFFFD030801800

mem[X,0x0000000080001830] -> 0x8E93
mem[X,0x0000000080001832] -> 0x607E
[1553] [M]: 0x0000000080001830 (0x607E8E93) addi t4, t4, 0x607
x29 <- 0xFFFFFFD030801E07

mem[X,0x0000000080001834] -> 0x9E93
mem[X,0x0000000080001836] -> 0x00BE
[1554] [M]: 0x0000000080001834 (0x00BE9E93) slli t4, t4, 0xb
x29 <- 0xFFFE818400F03800

mem[X,0x0000000080001838] -> 0x8E93
mem[X,0x000000008000183A] -> 0x5EFE
[1555] [M]: 0x0000000080001838 (0x5EFE8E93) addi t4, t4, 0x5ef
x29 <- 0xFFFE818400F03DEF

mem[X,0x000000008000183C] -> 0x9E93
mem[X,0x000000008000183E] -> 0x00AE
[1556] [M]: 0x000000008000183C (0x00AE9E93) slli t4, t4, 0xa
x29 <- 0xFA061003C0F7BC00

mem[X,0x0000000080001840] -> 0x8E93
mem[X,0x0000000080001842] -> 0x3BFE
[1557] [M]: 0x0000000080001840 (0x3BFE8E93) addi t4, t4, 0x3bf
x29 <- 0xFA061003C0F7BFBF

mem[X,0x0000000080001844] -> 0x0FBB
mem[X,0x0000000080001846] -> 0xCDDF
[1558] [M]: 0x0000000080001844 (0xCDDF0FBB) pdif.b t6, t5, t4
x31 <- 0x081A14087F384446

mem[X,0x0000000080001848] -> 0xB423
mem[X,0x000000008000184A] -> 0x1FF0
[1559] [M]: 0x0000000080001848 (0x1FF0B423) sd t6, 0x1e8(ra)
mem[0x0000000080004390] <- 0x081A14087F384446

mem[X,0x000000008000184C] -> 0x8F37
mem[X,0x000000008000184E] -> 0x807F
[1560] [M]: 0x000000008000184C (0x807F8F37) lui t5, -0x7f808
x30 <- 0xFFFFFFFF807F8000

mem[X,0x0000000080001850] -> 0x0F13
mem[X,0x0000000080001852] -> 0x0EFF
[1561] [M]: 0x0000000080001850 (0x0EFF0F13) addi t5, t5, 0xef
x30 <- 0xFFFFFFFF807F80EF

mem[X,0x0000000080001854] -> 0x1F13
mem[X,0x0000000080001856] -> 0x00BF
[1562] [M]: 0x0000000080001854 (0x00BF1F13) slli t5, t5, 0xb
x30 <- 0xFFFFFC03FC077800

mem[X,0x0000000080001858] -> 0x0F13
mem[X,0x000000008000185A] -> 0x7D7F
[1563] [M]: 0x0000000080001858 (0x7D7F0F13) addi t5, t5, 0x7d7
x30 <- 0xFFFFFC03FC077FD7

mem[X,0x000000008000185C] -> 0x1F13
mem[X,0x000000008000185E] -> 0x00BF
[1564] [M]: 0x000000008000185C (0x00BF1F13) slli t5, t5, 0xb
x30 <- 0xFFE01FE03BFEB800

mem[X,0x0000000080001860] -> 0x0F13
mem[X,0x0000000080001862] -> 0x62AF
[1565] [M]: 0x0000000080001860 (0x62AF0F13) addi t5, t5, 0x62a
x30 <- 0xFFE01FE03BFEBE2A

mem[X,0x0000000080001864] -> 0x1F13
mem[X,0x0000000080001866] -> 0x00AF
[1566] [M]: 0x0000000080001864 (0x00AF1F13) slli t5, t5, 0xa
x30 <- 0x807F80EFFAF8A800

mem[X,0x0000000080001868] -> 0x0F13
mem[X,0x000000008000186A] -> 0x205F
[1567] [M]: 0x0000000080001868 (0x205F0F13) addi t5, t5, 0x205
x30 <- 0x807F80EFFAF8AA05

mem[X,0x000000008000186C] -> 0x0EB7
mem[X,0x000000008000186E] -> 0xFF81
[1568] [M]: 0x000000008000186C (0xFF810EB7) lui t4, -0x7f0
x29 <- 0xFFFFFFFFFF810000

mem[X,0x0000000080001870] -> 0x8E93
mem[X,0x0000000080001872] -> 0xA01E
[1569] [M]: 0x0000000080001870 (0xA01E8E93) addi t4, t4, -0x5ff
x29 <- 0xFFFFFFFFFF80FA01

mem[X,0x0000000080001874] -> 0x9E93
mem[X,0x0000000080001876] -> 0x00BE
[1570] [M]: 0x0000000080001874 (0x00BE9E93) slli t4, t4, 0xb
x29 <- 0xFFFFFFFC07D00800

mem[X,0x0000000080001878] -> 0x8E93
mem[X,0x000000008000187A] -> 0x000E
[1571] [M]: 0x0000000080001878 (0x000E8E93) addi t4, t4, 0x0
x29 <- 0xFFFFFFFC07D00800

mem[X,0x000000008000187C] -> 0x9E93
mem[X,0x000000008000187E] -> 0x00BE
[1572] [M]: 0x000000008000187C (0x00BE9E93) slli t4, t4, 0xb
x29 <- 0xFFFFE03E80400000

mem[X,0x0000000080001880] -> 0x8E93
mem[X,0x0000000080001882] -> 0x1FEE
[1573] [M]: 0x0000000080001880 (0x1FEE8E93) addi t4, t4, 0x1fe
x29 <- 0xFFFFE03E804001FE

mem[X,0x0000000080001884] -> 0x9E93
mem[X,0x0000000080001886] -> 0x00AE
[1574] [M]: 0x0000000080001884 (0x00AE9E93) slli t4, t4, 0xa
x29 <- 0xFF80FA010007F800

mem[X,0x0000000080001888] -> 0x8E93
mem[X,0x000000008000188A] -> 0x209E
[1575] [M]: 0x0000000080001888 (0x209E8E93) addi t4, t4, 0x209
x29 <- 0xFF80FA010007FA09

mem[X,0x000000008000188C] -> 0x0FBB
mem[X,0x000000008000188E] -> 0xCDDF
[1576] [M]: 0x000000008000188C (0xCDDF0FBB) pdif.b t6, t5, t4
x31 <- 0x7F017A12060F5004

mem[X,0x0000000080001890] -> 0xB823
mem[X,0x0000000080001892] -> 0x1FF0
[1577] [M]: 0x0000000080001890 (0x1FF0B823) sd t6, 0x1f0(ra)
mem[0x0000000080004398] <- 0x7F017A12060F5004

mem[X,0x0000000080001894] -> 0x0F37
mem[X,0x0000000080001896] -> 0x1041
[1578] [M]: 0x0000000080001894 (0x10410F37) lui t5, 0x10410
x30 <- 0x0000000010410000

mem[X,0x0000000080001898] -> 0x0F13
mem[X,0x000000008000189A] -> 0xFFCF
[1579] [M]: 0x0000000080001898 (0xFFCF0F13) addi t5, t5, -0x4
x30 <- 0x000000001040FFFC

mem[X,0x000000008000189C] -> 0x1F13
mem[X,0x000000008000189E] -> 0x00BF
[1580] [M]: 0x000000008000189C (0x00BF1F13) slli t5, t5, 0xb
x30 <- 0x0000008207FFE000

mem[X,0x00000000800018A0] -> 0x0F13
mem[X,0x00000000800018A2] -> 0x020F
[1581] [M]: 0x00000000800018A0 (0x020F0F13) addi t5, t5, 0x20
x30 <- 0x0000008207FFE020

mem[X,0x00000000800018A4] -> 0x1F13
mem[X,0x00000000800018A6] -> 0x00BF
[1582] [M]: 0x00000000800018A4 (0x00BF1F13) slli t5, t5, 0xb
x30 <- 0x0004103FFF010000

mem[X,0x00000000800018A8] -> 0x0F13
mem[X,0x00000000800018AA] -> 0x015F
[1583] [M]: 0x00000000800018A8 (0x015F0F13) addi t5, t5, 0x15
x30 <- 0x0004103FFF010015

mem[X,0x00000000800018AC] -> 0x1F13
mem[X,0x00000000800018AE] -> 0x00AF
[1584] [M]: 0x00000000800018AC (0x00AF1F13) slli t5, t5, 0xa
x30 <- 0x1040FFFC04005400

mem[X,0x00000000800018B0] -> 0x0F13
mem[X,0x00000000800018B2] -> 0x100F
[1585] [M]: 0x00000000800018B0 (0x100F0F13) addi t5, t5, 0x100
x30 <- 0x1040FFFC04005500

mem[X,0x00000000800018B4] -> 0xCEB7
mem[X,0x00000000800018B6] -> 0xFEAA
[1586] [M]: 0x00000000800018B4 (0xFEAACEB7) lui t4, -0x1554
x29 <- 0xFFFFFFFFFEAAC000

mem[X,0x00000000800018B8] -> 0x8E93
mem[X,0x00000000800018BA] -> 0x0C0E
[1587] [M]: 0x00000000800018B8 (0x0C0E8E93) addi t4, t4, 0xc0
x29 <- 0xFFFFFFFFFEAAC0C0

mem[X,0x00000000800018BC] -> 0x9E93
mem[X,0x00000000800018BE] -> 0x00BE
[1588] [M]: 0x00000000800018BC (0x00BE9E93) slli t4, t4, 0xb
x29 <- 0xFFFFFFF556060000

mem[X,0x00000000800018C0] -> 0x8E93
mem[X,0x00000000800018C2] -> 0x77FE
[1589] [M]: 0x00000000800018C0 (0x77FE8E93) addi t4, t4, 0x77f
x29 <- 0xFFFFFFF55606077F

mem[X,0x00000000800018C4] -> 0x9E93
mem[X,0x00000000800018C6] -> 0x00BE
[1590] [M]: 0x00000000800018C4 (0x00BE9E93) slli t4, t4, 0xb
x29 <- 0xFFFFAAB0303BF800

mem[X,0x00000000800018C8] -> 0x8E93
mem[X,0x00000000800018CA] -> 0x67FE
[1591] [M]: 0x00000000800018C8 (0x67FE8E93) addi t4, t4, 0x67f
x29 <- 0xFFFFAAB0303BFE7F

mem[X,0x00000000800018CC] -> 0x9E93
mem[X,0x00000000800018CE] -> 0x00AE
[1592] [M]: 0x00000000800018CC (0x00AE9E93) slli t4, t4, 0xa
x29 <- 0xFEAAC0C0EFF9FC00

mem[X,0x00000000800018D0] -> 0x8E93
mem[X,0x00000000800018D2] -> 0x2FDE
[1593] [M]: 0x00000000800018D0 (0x2FDE8E93) addi t4, t4, 0x2fd
x29 <- 0xFEAAC0C0EFF9FEFD

mem[X,0x00000000800018D4] -> 0x0FBB
mem[X,0x00000000800018D6] -> 0xCDDF
[1594] [M]: 0x00000000800018D4 (0xCDDF0FBB) pdif.b t6, t5, t4
x31 <- 0x126A3F3C15075703

mem[X,0x00000000800018D8] -> 0xBC23
mem[X,0x00000000800018DA] -> 0x1FF0
[1595] [M]: 0x00000000800018D8 (0x1FF0BC23) sd t6, 0x1f8(ra)
mem[0x00000000800043A0] <- 0x126A3F3C15075703

mem[X,0x00000000800018DC] -> 0x0F37
mem[X,0x00000000800018DE] -> 0x00BF
[1596] [M]: 0x00000000800018DC (0x00BF0F37) lui t5, 0xbf0
x30 <- 0x0000000000BF0000

mem[X,0x00000000800018E0] -> 0x0F13
mem[X,0x00000000800018E2] -> 0x3DFF
[1597] [M]: 0x00000000800018E0 (0x3DFF0F13) addi t5, t5, 0x3df
x30 <- 0x0000000000BF03DF

mem[X,0x00000000800018E4] -> 0x1F13
mem[X,0x00000000800018E6] -> 0x00BF
[1598] [M]: 0x00000000800018E4 (0x00BF1F13) slli t5, t5, 0xb
x30 <- 0x00000005F81EF800

mem[X,0x00000000800018E8] -> 0x0F13
mem[X,0x00000000800018EA] -> 0x6FFF
[1599] [M]: 0x00000000800018E8 (0x6FFF0F13) addi t5, t5, 0x6ff
x30 <- 0x00000005F81EFEFF

clint::tick mtime <- 0x0000000000000010
 clint timer pending at mtime 0x0000000000000010
htif::tick 0x0000000000000000
mem[X,0x00000000800018EC] -> 0x1F13
mem[X,0x00000000800018EE] -> 0x00BF
[1600] [M]: 0x00000000800018EC (0x00BF1F13) slli t5, t5, 0xb
x30 <- 0x00002FC0F7F7F800

mem[X,0x00000000800018F0] -> 0x0F13
mem[X,0x00000000800018F2] -> 0x6AFF
[1601] [M]: 0x00000000800018F0 (0x6AFF0F13) addi t5, t5, 0x6af
x30 <- 0x00002FC0F7F7FEAF

mem[X,0x00000000800018F4] -> 0x1F13
mem[X,0x00000000800018F6] -> 0x00AF
[1602] [M]: 0x00000000800018F4 (0x00AF1F13) slli t5, t5, 0xa
x30 <- 0x00BF03DFDFFABC00

mem[X,0x00000000800018F8] -> 0x0F13
mem[X,0x00000000800018FA] -> 0x37FF
[1603] [M]: 0x00000000800018F8 (0x37FF0F13) addi t5, t5, 0x37f
x30 <- 0x00BF03DFDFFABF7F

mem[X,0x00000000800018FC] -> 0x1EB7
mem[X,0x00000000800018FE] -> 0xF809
[1604] [M]: 0x00000000800018FC (0xF8091EB7) lui t4, -0x7f6f
x29 <- 0xFFFFFFFFF8091000

mem[X,0x0000000080001900] -> 0x8E93
mem[X,0x0000000080001902] -> 0x8F9E
[1605] [M]: 0x0000000080001900 (0x8F9E8E93) addi t4, t4, -0x707
x29 <- 0xFFFFFFFFF80908F9

mem[X,0x0000000080001904] -> 0x9E93
mem[X,0x0000000080001906] -> 0x00BE
[1606] [M]: 0x0000000080001904 (0x00BE9E93) slli t4, t4, 0xb
x29 <- 0xFFFFFFC04847C800

mem[X,0x0000000080001908] -> 0x8E93
mem[X,0x000000008000190A] -> 0x557E
[1607] [M]: 0x0000000080001908 (0x557E8E93) addi t4, t4, 0x557
x29 <- 0xFFFFFFC04847CD57

mem[X,0x000000008000190C] -> 0x9E93
mem[X,0x000000008000190E] -> 0x00BE
[1608] [M]: 0x000000008000190C (0x00BE9E93) slli t4, t4, 0xb
x29 <- 0xFFFE02423E6AB800

mem[X,0x0000000080001910] -> 0x8E93
mem[X,0x0000000080001912] -> 0x5BFE
[1609] [M]: 0x0000000080001910 (0x5BFE8E93) addi t4, t4, 0x5bf
x29 <- 0xFFFE02423E6ABDBF

mem[X,0x0000000080001914] -> 0x9E93
mem[X,0x0000000080001916] -> 0x00AE
[1610] [M]: 0x0000000080001914 (0x00AE9E93) slli t4, t4, 0xa
x29 <- 0xF80908F9AAF6FC00

mem[X,0x0000000080001918] -> 0x8E93
mem[X,0x000000008000191A] -> 0x008E
[1611] [M]: 0x0000000080001918 (0x008E8E93) addi t4, t4, 0x8
x29 <- 0xF80908F9AAF6FC08

mem[X,0x000000008000191C] -> 0x0FBB
mem[X,0x000000008000191E] -> 0xCDDF
[1612] [M]: 0x000000008000191C (0xCDDF0FBB) pdif.b t6, t5, t4
x31 <- 0x084A051A35043D77

mem[X,0x0000000080001920] -> 0xB023
mem[X,0x0000000080001922] -> 0x21F0
[1613] [M]: 0x0000000080001920 (0x21F0B023) sd t6, 0x200(ra)
mem[0x00000000800043A8] <- 0x084A051A35043D77

mem[X,0x0000000080001924] -> 0x0F37
mem[X,0x0000000080001926] -> 0x0911
[1614] [M]: 0x0000000080001924 (0x09110F37) lui t5, 0x9110
x30 <- 0x0000000009110000

mem[X,0x0000000080001928] -> 0x0F13
mem[X,0x000000008000192A] -> 0xC02F
[1615] [M]: 0x0000000080001928 (0xC02F0F13) addi t5, t5, -0x3fe
x30 <- 0x000000000910FC02

mem[X,0x000000008000192C] -> 0x1F13
mem[X,0x000000008000192E] -> 0x00BF
[1616] [M]: 0x000000008000192C (0x00BF1F13) slli t5, t5, 0xb
x30 <- 0x0000004887E01000

mem[X,0x0000000080001930] -> 0x0F13
mem[X,0x0000000080001932] -> 0x6F9F
[1617] [M]: 0x0000000080001930 (0x6F9F0F13) addi t5, t5, 0x6f9
x30 <- 0x0000004887E016F9

mem[X,0x0000000080001934] -> 0x1F13
mem[X,0x0000000080001936] -> 0x00BF
[1618] [M]: 0x0000000080001934 (0x00BF1F13) slli t5, t5, 0xb
x30 <- 0x0002443F00B7C800

mem[X,0x0000000080001938] -> 0x0F13
mem[X,0x000000008000193A] -> 0x7C1F
[1619] [M]: 0x0000000080001938 (0x7C1F0F13) addi t5, t5, 0x7c1
x30 <- 0x0002443F00B7CFC1

mem[X,0x000000008000193C] -> 0x1F13
mem[X,0x000000008000193E] -> 0x00AF
[1620] [M]: 0x000000008000193C (0x00AF1F13) slli t5, t5, 0xa
x30 <- 0x0910FC02DF3F0400

mem[X,0x0000000080001940] -> 0x0F13
mem[X,0x0000000080001942] -> 0x108F
[1621] [M]: 0x0000000080001940 (0x108F0F13) addi t5, t5, 0x108
x30 <- 0x0910FC02DF3F0508

mem[X,0x0000000080001944] -> 0x0EB7
mem[X,0x0000000080001946] -> 0xEF55
[1622] [M]: 0x0000000080001944 (0xEF550EB7) lui t4, -0x10ab0
x29 <- 0xFFFFFFFFEF550000

mem[X,0x0000000080001948] -> 0x8E93
mem[X,0x000000008000194A] -> 0x37FE
[1623] [M]: 0x0000000080001948 (0x37FE8E93) addi t4, t4, 0x37f
x29 <- 0xFFFFFFFFEF55037F

mem[X,0x000000008000194C] -> 0x9E93
mem[X,0x000000008000194E] -> 0x00BE
[1624] [M]: 0x000000008000194C (0x00BE9E93) slli t4, t4, 0xb
x29 <- 0xFFFFFF7AA81BF800

mem[X,0x0000000080001950] -> 0x8E93
mem[X,0x0000000080001952] -> 0x040E
[1625] [M]: 0x0000000080001950 (0x040E8E93) addi t4, t4, 0x40
x29 <- 0xFFFFFF7AA81BF840

mem[X,0x0000000080001954] -> 0x9E93
mem[X,0x0000000080001956] -> 0x00BE
[1626] [M]: 0x0000000080001954 (0x00BE9E93) slli t4, t4, 0xb
x29 <- 0xFFFBD540DFC20000

mem[X,0x0000000080001958] -> 0x8E93
mem[X,0x000000008000195A] -> 0x03FE
[1627] [M]: 0x0000000080001958 (0x03FE8E93) addi t4, t4, 0x3f
x29 <- 0xFFFBD540DFC2003F

mem[X,0x000000008000195C] -> 0x9E93
mem[X,0x000000008000195E] -> 0x00AE
[1628] [M]: 0x000000008000195C (0x00AE9E93) slli t4, t4, 0xa
x29 <- 0xEF55037F0800FC00

mem[X,0x0000000080001960] -> 0x8E93
mem[X,0x0000000080001962] -> 0x104E
[1629] [M]: 0x0000000080001960 (0x104E8E93) addi t4, t4, 0x104
x29 <- 0xEF55037F0800FD04

mem[X,0x0000000080001964] -> 0x0FBB
mem[X,0x0000000080001966] -> 0xCDDF
[1630] [M]: 0x0000000080001964 (0xCDDF0FBB) pdif.b t6, t5, t4
x31 <- 0x1A45077D293F0804

mem[X,0x0000000080001968] -> 0xB423
mem[X,0x000000008000196A] -> 0x21F0
[1631] [M]: 0x0000000080001968 (0x21F0B423) sd t6, 0x208(ra)
mem[0x00000000800043B0] <- 0x1A45077D293F0804

mem[X,0x000000008000196C] -> 0x006F
mem[X,0x000000008000196E] -> 0x0380
[1632] [M]: 0x000000008000196C (0x0380006F) jal zero, 0x38

mem[X,0x00000000800019A4] -> 0x0093
mem[X,0x00000000800019A6] -> 0x0010
[1633] [M]: 0x00000000800019A4 (0x00100093) addi ra, zero, 0x1
x1 <- 0x0000000000000001

mem[X,0x00000000800019A8] -> 0x0F17
mem[X,0x00000000800019AA] -> 0x0000
[1634] [M]: 0x00000000800019A8 (0x00000F17) auipc t5, 0x0
x30 <- 0x00000000800019A8

mem[X,0x00000000800019AC] -> 0x2C23
mem[X,0x00000000800019AE] -> 0x641F
[1635] [M]: 0x00000000800019AC (0x641F2C23) sw ra, 0x658(t5)
htif[0x0000000080002000] <- 0x00000001

mem[X,0x00000000800019B0] -> 0xF06F
mem[X,0x00000000800019B2] -> 0xFF9F
[1636] [M]: 0x00000000800019B0 (0xFF9FF06F) jal zero, -0x8

mem[X,0x00000000800019A8] -> 0x0F17
mem[X,0x00000000800019AA] -> 0x0000
[1637] [M]: 0x00000000800019A8 (0x00000F17) auipc t5, 0x0
x30 <- 0x00000000800019A8

mem[X,0x00000000800019AC] -> 0x2C23
mem[X,0x00000000800019AE] -> 0x641F
[1638] [M]: 0x00000000800019AC (0x641F2C23) sw ra, 0x658(t5)
htif[0x0000000080002000] <- 0x00000001

mem[X,0x00000000800019B0] -> 0xF06F
mem[X,0x00000000800019B2] -> 0xFF9F
[1639] [M]: 0x00000000800019B0 (0xFF9FF06F) jal zero, -0x8

mem[X,0x00000000800019A8] -> 0x0F17
mem[X,0x00000000800019AA] -> 0x0000
[1640] [M]: 0x00000000800019A8 (0x00000F17) auipc t5, 0x0
x30 <- 0x00000000800019A8

mem[X,0x00000000800019AC] -> 0x2C23
mem[X,0x00000000800019AE] -> 0x641F
[1641] [M]: 0x00000000800019AC (0x641F2C23) sw ra, 0x658(t5)
htif[0x0000000080002000] <- 0x00000001
htif-syscall-proxy cmd: 0x000000000001

SUCCESS
