using /home/chsu/rvp-workspace/test-64/riscof_work/pmhacc.h-01.S/ref/Reference-sail_c_simulator.signature for test-signature output.
tohost located at 0x80002000
Running file ref.elf.
ELF Entry @ 0x80000000
begin_signature: 0x80004110
end_signature: 0x80004450
CSR mstatus <- 0x0000000A00000000 (input: 0x0000000000000000)
mem[X,0x0000000000001000] -> 0x0297
mem[X,0x0000000000001002] -> 0x0000
[0] [M]: 0x0000000000001000 (0x00000297) auipc t0, 0x0
x5 <- 0x0000000000001000

mem[X,0x0000000000001004] -> 0x8593
mem[X,0x0000000000001006] -> 0x0202
[1] [M]: 0x0000000000001004 (0x02028593) addi a1, t0, 0x20
x11 <- 0x0000000000001020

mem[X,0x0000000000001008] -> 0x2573
mem[X,0x000000000000100A] -> 0xF140
[2] [M]: 0x0000000000001008 (0xF1402573) csrrs a0, mhartid, zero
CSR mhartid -> 0x0000000000000000
x10 <- 0x0000000000000000

mem[X,0x000000000000100C] -> 0xB283
mem[X,0x000000000000100E] -> 0x0182
[3] [M]: 0x000000000000100C (0x0182B283) ld t0, 0x18(t0)
mem[R,0x0000000000001018] -> 0x0000000080000000
x5 <- 0x0000000080000000

mem[X,0x0000000000001010] -> 0x8067
mem[X,0x0000000000001012] -> 0x0002
[4] [M]: 0x0000000000001010 (0x00028067) jalr zero, 0x0(t0)

mem[X,0x0000000080000000] -> 0x0837
mem[X,0x0000000080000002] -> 0x7D5C
[5] [M]: 0x0000000080000000 (0x7D5C0837) lui a6, 0x7d5c0
x16 <- 0x000000007D5C0000

mem[X,0x0000000080000004] -> 0x0813
mem[X,0x0000000080000006] -> 0xDDB8
[6] [M]: 0x0000000080000004 (0xDDB80813) addi a6, a6, -0x225
x16 <- 0x000000007D5BFDDB

mem[X,0x0000000080000008] -> 0x1813
mem[X,0x000000008000000A] -> 0x00B8
[7] [M]: 0x0000000080000008 (0x00B81813) slli a6, a6, 0xb
x16 <- 0x000003EADFEED800

mem[X,0x000000008000000C] -> 0x0813
mem[X,0x000000008000000E] -> 0x3EA8
[8] [M]: 0x000000008000000C (0x3EA80813) addi a6, a6, 0x3ea
x16 <- 0x000003EADFEEDBEA

mem[X,0x0000000080000010] -> 0x1813
mem[X,0x0000000080000012] -> 0x00B8
[9] [M]: 0x0000000080000010 (0x00B81813) slli a6, a6, 0xb
x16 <- 0x001F56FF76DF5000

mem[X,0x0000000080000014] -> 0x0813
mem[X,0x0000000080000016] -> 0x6FF8
[10] [M]: 0x0000000080000014 (0x6FF80813) addi a6, a6, 0x6ff
x16 <- 0x001F56FF76DF56FF

mem[X,0x0000000080000018] -> 0x1813
mem[X,0x000000008000001A] -> 0x00A8
[11] [M]: 0x0000000080000018 (0x00A81813) slli a6, a6, 0xa
x16 <- 0x7D5BFDDB7D5BFC00

mem[X,0x000000008000001C] -> 0x0813
mem[X,0x000000008000001E] -> 0x1DB8
[12] [M]: 0x000000008000001C (0x1DB80813) addi a6, a6, 0x1db
x16 <- 0x7D5BFDDB7D5BFDDB

mem[X,0x0000000080000020] -> 0x5893
mem[X,0x0000000080000022] -> 0x0078
[13] [M]: 0x0000000080000020 (0x00785893) srli a7, a6, 0x7
x17 <- 0x00FAB7FBB6FAB7FB

mem[X,0x0000000080000024] -> 0x5793
mem[X,0x0000000080000026] -> 0x0398
[14] [M]: 0x0000000080000024 (0x03985793) srli a5, a6, 0x39
x15 <- 0x000000000000003E

mem[X,0x0000000080000028] -> 0xE8B3
mem[X,0x000000008000002A] -> 0x00F8
[15] [M]: 0x0000000080000028 (0x00F8E8B3) or a7, a7, a5
x17 <- 0x00FAB7FBB6FAB7FF

mem[X,0x000000008000002C] -> 0xD913
mem[X,0x000000008000002E] -> 0x0078
[16] [M]: 0x000000008000002C (0x0078D913) srli s2, a7, 0x7
x18 <- 0x0001F56FF76DF56F

mem[X,0x0000000080000030] -> 0xD793
mem[X,0x0000000080000032] -> 0x0398
[17] [M]: 0x0000000080000030 (0x0398D793) srli a5, a7, 0x39
x15 <- 0x0000000000000000

mem[X,0x0000000080000034] -> 0x6933
mem[X,0x0000000080000036] -> 0x00F9
[18] [M]: 0x0000000080000034 (0x00F96933) or s2, s2, a5
x18 <- 0x0001F56FF76DF56F

mem[X,0x0000000080000038] -> 0x5993
mem[X,0x000000008000003A] -> 0x0079
[19] [M]: 0x0000000080000038 (0x00795993) srli s3, s2, 0x7
x19 <- 0x000003EADFEEDBEA

mem[X,0x000000008000003C] -> 0x5793
mem[X,0x000000008000003E] -> 0x0399
[20] [M]: 0x000000008000003C (0x03995793) srli a5, s2, 0x39
x15 <- 0x0000000000000000

mem[X,0x0000000080000040] -> 0xE9B3
mem[X,0x0000000080000042] -> 0x00F9
[21] [M]: 0x0000000080000040 (0x00F9E9B3) or s3, s3, a5
x19 <- 0x000003EADFEEDBEA

mem[X,0x0000000080000044] -> 0xDA13
mem[X,0x0000000080000046] -> 0x0079
[22] [M]: 0x0000000080000044 (0x0079DA13) srli s4, s3, 0x7
x20 <- 0x00000007D5BFDDB7

mem[X,0x0000000080000048] -> 0xD793
mem[X,0x000000008000004A] -> 0x0399
[23] [M]: 0x0000000080000048 (0x0399D793) srli a5, s3, 0x39
x15 <- 0x0000000000000000

mem[X,0x000000008000004C] -> 0x6A33
mem[X,0x000000008000004E] -> 0x00FA
[24] [M]: 0x000000008000004C (0x00FA6A33) or s4, s4, a5
x20 <- 0x00000007D5BFDDB7

mem[X,0x0000000080000050] -> 0x5A93
mem[X,0x0000000080000052] -> 0x007A
[25] [M]: 0x0000000080000050 (0x007A5A93) srli s5, s4, 0x7
x21 <- 0x000000000FAB7FBB

mem[X,0x0000000080000054] -> 0x5793
mem[X,0x0000000080000056] -> 0x039A
[26] [M]: 0x0000000080000054 (0x039A5793) srli a5, s4, 0x39
x15 <- 0x0000000000000000

mem[X,0x0000000080000058] -> 0xEAB3
mem[X,0x000000008000005A] -> 0x00FA
[27] [M]: 0x0000000080000058 (0x00FAEAB3) or s5, s5, a5
x21 <- 0x000000000FAB7FBB

mem[X,0x000000008000005C] -> 0xDB13
mem[X,0x000000008000005E] -> 0x007A
[28] [M]: 0x000000008000005C (0x007ADB13) srli s6, s5, 0x7
x22 <- 0x00000000001F56FF

mem[X,0x0000000080000060] -> 0xD793
mem[X,0x0000000080000062] -> 0x039A
[29] [M]: 0x0000000080000060 (0x039AD793) srli a5, s5, 0x39
x15 <- 0x0000000000000000

mem[X,0x0000000080000064] -> 0x6B33
mem[X,0x0000000080000066] -> 0x00FB
[30] [M]: 0x0000000080000064 (0x00FB6B33) or s6, s6, a5
x22 <- 0x00000000001F56FF

mem[X,0x0000000080000068] -> 0x5B93
mem[X,0x000000008000006A] -> 0x007B
[31] [M]: 0x0000000080000068 (0x007B5B93) srli s7, s6, 0x7
x23 <- 0x0000000000003EAD

mem[X,0x000000008000006C] -> 0x5793
mem[X,0x000000008000006E] -> 0x039B
[32] [M]: 0x000000008000006C (0x039B5793) srli a5, s6, 0x39
x15 <- 0x0000000000000000

mem[X,0x0000000080000070] -> 0xEBB3
mem[X,0x0000000080000072] -> 0x00FB
[33] [M]: 0x0000000080000070 (0x00FBEBB3) or s7, s7, a5
x23 <- 0x0000000000003EAD

mem[X,0x0000000080000074] -> 0xDC13
mem[X,0x0000000080000076] -> 0x007B
[34] [M]: 0x0000000080000074 (0x007BDC13) srli s8, s7, 0x7
x24 <- 0x000000000000007D

mem[X,0x0000000080000078] -> 0xD793
mem[X,0x000000008000007A] -> 0x039B
[35] [M]: 0x0000000080000078 (0x039BD793) srli a5, s7, 0x39
x15 <- 0x0000000000000000

mem[X,0x000000008000007C] -> 0x6C33
mem[X,0x000000008000007E] -> 0x00FC
[36] [M]: 0x000000008000007C (0x00FC6C33) or s8, s8, a5
x24 <- 0x000000000000007D

mem[X,0x0000000080000080] -> 0x5C93
mem[X,0x0000000080000082] -> 0x007C
[37] [M]: 0x0000000080000080 (0x007C5C93) srli s9, s8, 0x7
x25 <- 0x0000000000000000

mem[X,0x0000000080000084] -> 0x5793
mem[X,0x0000000080000086] -> 0x039C
[38] [M]: 0x0000000080000084 (0x039C5793) srli a5, s8, 0x39
x15 <- 0x0000000000000000

mem[X,0x0000000080000088] -> 0xECB3
mem[X,0x000000008000008A] -> 0x00FC
[39] [M]: 0x0000000080000088 (0x00FCECB3) or s9, s9, a5
x25 <- 0x0000000000000000

mem[X,0x000000008000008C] -> 0xDD13
mem[X,0x000000008000008E] -> 0x007C
[40] [M]: 0x000000008000008C (0x007CDD13) srli s10, s9, 0x7
x26 <- 0x0000000000000000

mem[X,0x0000000080000090] -> 0xD793
mem[X,0x0000000080000092] -> 0x039C
[41] [M]: 0x0000000080000090 (0x039CD793) srli a5, s9, 0x39
x15 <- 0x0000000000000000

mem[X,0x0000000080000094] -> 0x6D33
mem[X,0x0000000080000096] -> 0x00FD
[42] [M]: 0x0000000080000094 (0x00FD6D33) or s10, s10, a5
x26 <- 0x0000000000000000

mem[X,0x0000000080000098] -> 0x5D93
mem[X,0x000000008000009A] -> 0x007D
[43] [M]: 0x0000000080000098 (0x007D5D93) srli s11, s10, 0x7
x27 <- 0x0000000000000000

mem[X,0x000000008000009C] -> 0x5793
mem[X,0x000000008000009E] -> 0x039D
[44] [M]: 0x000000008000009C (0x039D5793) srli a5, s10, 0x39
x15 <- 0x0000000000000000

mem[X,0x00000000800000A0] -> 0xEDB3
mem[X,0x00000000800000A2] -> 0x00FD
[45] [M]: 0x00000000800000A0 (0x00FDEDB3) or s11, s11, a5
x27 <- 0x0000000000000000

mem[X,0x00000000800000A4] -> 0xDE13
mem[X,0x00000000800000A6] -> 0x007D
[46] [M]: 0x00000000800000A4 (0x007DDE13) srli t3, s11, 0x7
x28 <- 0x0000000000000000

mem[X,0x00000000800000A8] -> 0xD793
mem[X,0x00000000800000AA] -> 0x039D
[47] [M]: 0x00000000800000A8 (0x039DD793) srli a5, s11, 0x39
x15 <- 0x0000000000000000

mem[X,0x00000000800000AC] -> 0x6E33
mem[X,0x00000000800000AE] -> 0x00FE
[48] [M]: 0x00000000800000AC (0x00FE6E33) or t3, t3, a5
x28 <- 0x0000000000000000

mem[X,0x00000000800000B0] -> 0x5E93
mem[X,0x00000000800000B2] -> 0x007E
[49] [M]: 0x00000000800000B0 (0x007E5E93) srli t4, t3, 0x7
x29 <- 0x0000000000000000

mem[X,0x00000000800000B4] -> 0x5793
mem[X,0x00000000800000B6] -> 0x039E
[50] [M]: 0x00000000800000B4 (0x039E5793) srli a5, t3, 0x39
x15 <- 0x0000000000000000

mem[X,0x00000000800000B8] -> 0xEEB3
mem[X,0x00000000800000BA] -> 0x00FE
[51] [M]: 0x00000000800000B8 (0x00FEEEB3) or t4, t4, a5
x29 <- 0x0000000000000000

mem[X,0x00000000800000BC] -> 0xDF13
mem[X,0x00000000800000BE] -> 0x007E
[52] [M]: 0x00000000800000BC (0x007EDF13) srli t5, t4, 0x7
x30 <- 0x0000000000000000

mem[X,0x00000000800000C0] -> 0xD793
mem[X,0x00000000800000C2] -> 0x039E
[53] [M]: 0x00000000800000C0 (0x039ED793) srli a5, t4, 0x39
x15 <- 0x0000000000000000

mem[X,0x00000000800000C4] -> 0x6F33
mem[X,0x00000000800000C6] -> 0x00FF
[54] [M]: 0x00000000800000C4 (0x00FF6F33) or t5, t5, a5
x30 <- 0x0000000000000000

mem[X,0x00000000800000C8] -> 0xC0B7
mem[X,0x00000000800000CA] -> 0xFEED
[55] [M]: 0x00000000800000C8 (0xFEEDC0B7) lui ra, -0x1124
x1 <- 0xFFFFFFFFFEEDC000

mem[X,0x00000000800000CC] -> 0x8093
mem[X,0x00000000800000CE] -> 0xEAD0
[56] [M]: 0x00000000800000CC (0xEAD08093) addi ra, ra, -0x153
x1 <- 0xFFFFFFFFFEEDBEAD

mem[X,0x00000000800000D0] -> 0x9093
mem[X,0x00000000800000D2] -> 0x00B0
[57] [M]: 0x00000000800000D0 (0x00B09093) slli ra, ra, 0xb
x1 <- 0xFFFFFFF76DF56800

mem[X,0x00000000800000D4] -> 0x8093
mem[X,0x00000000800000D6] -> 0x7F70
[58] [M]: 0x00000000800000D4 (0x7F708093) addi ra, ra, 0x7f7
x1 <- 0xFFFFFFF76DF56FF7

mem[X,0x00000000800000D8] -> 0x9093
mem[X,0x00000000800000DA] -> 0x00B0
[59] [M]: 0x00000000800000D8 (0x00B09093) slli ra, ra, 0xb
x1 <- 0xFFFFBB6FAB7FB800

mem[X,0x00000000800000DC] -> 0x8093
mem[X,0x00000000800000DE] -> 0x36F0
[60] [M]: 0x00000000800000DC (0x36F08093) addi ra, ra, 0x36f
x1 <- 0xFFFFBB6FAB7FBB6F

mem[X,0x00000000800000E0] -> 0x9093
mem[X,0x00000000800000E2] -> 0x00A0
[61] [M]: 0x00000000800000E0 (0x00A09093) slli ra, ra, 0xa
x1 <- 0xFEEDBEADFEEDBC00

mem[X,0x00000000800000E4] -> 0x8093
mem[X,0x00000000800000E6] -> 0x2AD0
[62] [M]: 0x00000000800000E4 (0x2AD08093) addi ra, ra, 0x2ad
x1 <- 0xFEEDBEADFEEDBEAD

mem[X,0x00000000800000E8] -> 0xD113
mem[X,0x00000000800000EA] -> 0x0070
[63] [M]: 0x00000000800000E8 (0x0070D113) srli sp, ra, 0x7
x2 <- 0x01FDDB7D5BFDDB7D

mem[X,0x00000000800000EC] -> 0xD793
mem[X,0x00000000800000EE] -> 0x0390
[64] [M]: 0x00000000800000EC (0x0390D793) srli a5, ra, 0x39
x15 <- 0x000000000000007F

mem[X,0x00000000800000F0] -> 0x6133
mem[X,0x00000000800000F2] -> 0x00F1
[65] [M]: 0x00000000800000F0 (0x00F16133) or sp, sp, a5
x2 <- 0x01FDDB7D5BFDDB7F

mem[X,0x00000000800000F4] -> 0x5193
mem[X,0x00000000800000F6] -> 0x0071
[66] [M]: 0x00000000800000F4 (0x00715193) srli gp, sp, 0x7
x3 <- 0x0003FBB6FAB7FBB6

mem[X,0x00000000800000F8] -> 0x5793
mem[X,0x00000000800000FA] -> 0x0391
[67] [M]: 0x00000000800000F8 (0x03915793) srli a5, sp, 0x39
x15 <- 0x0000000000000000

mem[X,0x00000000800000FC] -> 0xE1B3
mem[X,0x00000000800000FE] -> 0x00F1
[68] [M]: 0x00000000800000FC (0x00F1E1B3) or gp, gp, a5
x3 <- 0x0003FBB6FAB7FBB6

mem[X,0x0000000080000100] -> 0xD213
mem[X,0x0000000080000102] -> 0x0071
[69] [M]: 0x0000000080000100 (0x0071D213) srli tp, gp, 0x7
x4 <- 0x000007F76DF56FF7

mem[X,0x0000000080000104] -> 0xD793
mem[X,0x0000000080000106] -> 0x0391
[70] [M]: 0x0000000080000104 (0x0391D793) srli a5, gp, 0x39
x15 <- 0x0000000000000000

mem[X,0x0000000080000108] -> 0x6233
mem[X,0x000000008000010A] -> 0x00F2
[71] [M]: 0x0000000080000108 (0x00F26233) or tp, tp, a5
x4 <- 0x000007F76DF56FF7

mem[X,0x000000008000010C] -> 0x5293
mem[X,0x000000008000010E] -> 0x0072
[72] [M]: 0x000000008000010C (0x00725293) srli t0, tp, 0x7
x5 <- 0x0000000FEEDBEADF

mem[X,0x0000000080000110] -> 0x5793
mem[X,0x0000000080000112] -> 0x0392
[73] [M]: 0x0000000080000110 (0x03925793) srli a5, tp, 0x39
x15 <- 0x0000000000000000

mem[X,0x0000000080000114] -> 0xE2B3
mem[X,0x0000000080000116] -> 0x00F2
[74] [M]: 0x0000000080000114 (0x00F2E2B3) or t0, t0, a5
x5 <- 0x0000000FEEDBEADF

mem[X,0x0000000080000118] -> 0xD313
mem[X,0x000000008000011A] -> 0x0072
[75] [M]: 0x0000000080000118 (0x0072D313) srli t1, t0, 0x7
x6 <- 0x000000001FDDB7D5

mem[X,0x000000008000011C] -> 0xD793
mem[X,0x000000008000011E] -> 0x0392
[76] [M]: 0x000000008000011C (0x0392D793) srli a5, t0, 0x39
x15 <- 0x0000000000000000

mem[X,0x0000000080000120] -> 0x6333
mem[X,0x0000000080000122] -> 0x00F3
[77] [M]: 0x0000000080000120 (0x00F36333) or t1, t1, a5
x6 <- 0x000000001FDDB7D5

mem[X,0x0000000080000124] -> 0x5393
mem[X,0x0000000080000126] -> 0x0073
[78] [M]: 0x0000000080000124 (0x00735393) srli t2, t1, 0x7
x7 <- 0x00000000003FBB6F

mem[X,0x0000000080000128] -> 0x5793
mem[X,0x000000008000012A] -> 0x0393
[79] [M]: 0x0000000080000128 (0x03935793) srli a5, t1, 0x39
x15 <- 0x0000000000000000

mem[X,0x000000008000012C] -> 0xE3B3
mem[X,0x000000008000012E] -> 0x00F3
[80] [M]: 0x000000008000012C (0x00F3E3B3) or t2, t2, a5
x7 <- 0x00000000003FBB6F

mem[X,0x0000000080000130] -> 0xD413
mem[X,0x0000000080000132] -> 0x0073
[81] [M]: 0x0000000080000130 (0x0073D413) srli fp, t2, 0x7
x8 <- 0x0000000000007F76

mem[X,0x0000000080000134] -> 0xD793
mem[X,0x0000000080000136] -> 0x0393
[82] [M]: 0x0000000080000134 (0x0393D793) srli a5, t2, 0x39
x15 <- 0x0000000000000000

mem[X,0x0000000080000138] -> 0x6433
mem[X,0x000000008000013A] -> 0x00F4
[83] [M]: 0x0000000080000138 (0x00F46433) or fp, fp, a5
x8 <- 0x0000000000007F76

mem[X,0x000000008000013C] -> 0x5493
mem[X,0x000000008000013E] -> 0x0074
[84] [M]: 0x000000008000013C (0x00745493) srli s1, fp, 0x7
x9 <- 0x00000000000000FE

mem[X,0x0000000080000140] -> 0x5793
mem[X,0x0000000080000142] -> 0x0394
[85] [M]: 0x0000000080000140 (0x03945793) srli a5, fp, 0x39
x15 <- 0x0000000000000000

mem[X,0x0000000080000144] -> 0xE4B3
mem[X,0x0000000080000146] -> 0x00F4
[86] [M]: 0x0000000080000144 (0x00F4E4B3) or s1, s1, a5
x9 <- 0x00000000000000FE

mem[X,0x0000000080000148] -> 0xD513
mem[X,0x000000008000014A] -> 0x0074
[87] [M]: 0x0000000080000148 (0x0074D513) srli a0, s1, 0x7
x10 <- 0x0000000000000001

mem[X,0x000000008000014C] -> 0xD793
mem[X,0x000000008000014E] -> 0x0394
[88] [M]: 0x000000008000014C (0x0394D793) srli a5, s1, 0x39
x15 <- 0x0000000000000000

mem[X,0x0000000080000150] -> 0x6533
mem[X,0x0000000080000152] -> 0x00F5
[89] [M]: 0x0000000080000150 (0x00F56533) or a0, a0, a5
x10 <- 0x0000000000000001

mem[X,0x0000000080000154] -> 0x5593
mem[X,0x0000000080000156] -> 0x0075
[90] [M]: 0x0000000080000154 (0x00755593) srli a1, a0, 0x7
x11 <- 0x0000000000000000

mem[X,0x0000000080000158] -> 0x5793
mem[X,0x000000008000015A] -> 0x0395
[91] [M]: 0x0000000080000158 (0x03955793) srli a5, a0, 0x39
x15 <- 0x0000000000000000

mem[X,0x000000008000015C] -> 0xE5B3
mem[X,0x000000008000015E] -> 0x00F5
[92] [M]: 0x000000008000015C (0x00F5E5B3) or a1, a1, a5
x11 <- 0x0000000000000000

mem[X,0x0000000080000160] -> 0xD613
mem[X,0x0000000080000162] -> 0x0075
[93] [M]: 0x0000000080000160 (0x0075D613) srli a2, a1, 0x7
x12 <- 0x0000000000000000

mem[X,0x0000000080000164] -> 0xD793
mem[X,0x0000000080000166] -> 0x0395
[94] [M]: 0x0000000080000164 (0x0395D793) srli a5, a1, 0x39
x15 <- 0x0000000000000000

mem[X,0x0000000080000168] -> 0x6633
mem[X,0x000000008000016A] -> 0x00F6
[95] [M]: 0x0000000080000168 (0x00F66633) or a2, a2, a5
x12 <- 0x0000000000000000

mem[X,0x000000008000016C] -> 0x5693
mem[X,0x000000008000016E] -> 0x0076
[96] [M]: 0x000000008000016C (0x00765693) srli a3, a2, 0x7
x13 <- 0x0000000000000000

mem[X,0x0000000080000170] -> 0x5793
mem[X,0x0000000080000172] -> 0x0396
[97] [M]: 0x0000000080000170 (0x03965793) srli a5, a2, 0x39
x15 <- 0x0000000000000000

mem[X,0x0000000080000174] -> 0xE6B3
mem[X,0x0000000080000176] -> 0x00F6
[98] [M]: 0x0000000080000174 (0x00F6E6B3) or a3, a3, a5
x13 <- 0x0000000000000000

mem[X,0x0000000080000178] -> 0x0013
mem[X,0x000000008000017A] -> 0x0000
[99] [M]: 0x0000000080000178 (0x00000013) addi zero, zero, 0x0

clint::tick mtime <- 0x0000000000000001
 clint timer pending at mtime 0x0000000000000001
htif::tick 0x0000000000000000
mem[X,0x000000008000017C] -> 0x0013
mem[X,0x000000008000017E] -> 0x0000
[100] [M]: 0x000000008000017C (0x00000013) addi zero, zero, 0x0

mem[X,0x0000000080000180] -> 0x4097
mem[X,0x0000000080000182] -> 0x0000
[101] [M]: 0x0000000080000180 (0x00004097) auipc ra, 0x4
x1 <- 0x0000000080004180

mem[X,0x0000000080000184] -> 0x8093
mem[X,0x0000000080000186] -> 0xF980
[102] [M]: 0x0000000080000184 (0xF9808093) addi ra, ra, -0x68
x1 <- 0x0000000080004118

mem[X,0x0000000080000188] -> 0x0013
mem[X,0x000000008000018A] -> 0x0000
[103] [M]: 0x0000000080000188 (0x00000013) addi zero, zero, 0x0

mem[X,0x000000008000018C] -> 0x0013
mem[X,0x000000008000018E] -> 0x0000
[104] [M]: 0x000000008000018C (0x00000013) addi zero, zero, 0x0

mem[X,0x0000000080000190] -> 0x0013
mem[X,0x0000000080000192] -> 0x0000
[105] [M]: 0x0000000080000190 (0x00000013) addi zero, zero, 0x0

mem[X,0x0000000080000194] -> 0x0013
mem[X,0x0000000080000196] -> 0x0000
[106] [M]: 0x0000000080000194 (0x00000013) addi zero, zero, 0x0

mem[X,0x0000000080000198] -> 0x0013
mem[X,0x000000008000019A] -> 0x0000
[107] [M]: 0x0000000080000198 (0x00000013) addi zero, zero, 0x0

mem[X,0x000000008000019C] -> 0x0013
mem[X,0x000000008000019E] -> 0x0000
[108] [M]: 0x000000008000019C (0x00000013) addi zero, zero, 0x0

mem[X,0x00000000800001A0] -> 0x0537
mem[X,0x00000000800001A2] -> 0xF7FF
[109] [M]: 0x00000000800001A0 (0xF7FF0537) lui a0, -0x8010
x10 <- 0xFFFFFFFFF7FF0000

mem[X,0x00000000800001A4] -> 0x0513
mem[X,0x00000000800001A6] -> 0x2005
[110] [M]: 0x00000000800001A4 (0x20050513) addi a0, a0, 0x200
x10 <- 0xFFFFFFFFF7FF0200

mem[X,0x00000000800001A8] -> 0x1513
mem[X,0x00000000800001AA] -> 0x00B5
[111] [M]: 0x00000000800001A8 (0x00B51513) slli a0, a0, 0xb
x10 <- 0xFFFFFFBFF8100000

mem[X,0x00000000800001AC] -> 0x0513
mem[X,0x00000000800001AE] -> 0x6FF5
[112] [M]: 0x00000000800001AC (0x6FF50513) addi a0, a0, 0x6ff
x10 <- 0xFFFFFFBFF81006FF

mem[X,0x00000000800001B0] -> 0x1513
mem[X,0x00000000800001B2] -> 0x00B5
[113] [M]: 0x00000000800001B0 (0x00B51513) slli a0, a0, 0xb
x10 <- 0xFFFDFFC08037F800

mem[X,0x00000000800001B4] -> 0x0513
mem[X,0x00000000800001B6] -> 0x7E05
[114] [M]: 0x00000000800001B4 (0x7E050513) addi a0, a0, 0x7e0
x10 <- 0xFFFDFFC08037FFE0

mem[X,0x00000000800001B8] -> 0x1513
mem[X,0x00000000800001BA] -> 0x00A5
[115] [M]: 0x00000000800001B8 (0x00A51513) slli a0, a0, 0xa
x10 <- 0xF7FF0200DFFF8000

mem[X,0x00000000800001BC] -> 0x04B7
mem[X,0x00000000800001BE] -> 0xFFE0
[116] [M]: 0x00000000800001BC (0xFFE004B7) lui s1, -0x200
x9 <- 0xFFFFFFFFFFE00000

mem[X,0x00000000800001C0] -> 0x8493
mem[X,0x00000000800001C2] -> 0xFFE4
[117] [M]: 0x00000000800001C0 (0xFFE48493) addi s1, s1, -0x2
x9 <- 0xFFFFFFFFFFDFFFFE

mem[X,0x00000000800001C4] -> 0x9493
mem[X,0x00000000800001C6] -> 0x00B4
[118] [M]: 0x00000000800001C4 (0x00B49493) slli s1, s1, 0xb
x9 <- 0xFFFFFFFEFFFFF000

mem[X,0x00000000800001C8] -> 0x8493
mem[X,0x00000000800001CA] -> 0x2AA4
[119] [M]: 0x00000000800001C8 (0x2AA48493) addi s1, s1, 0x2aa
x9 <- 0xFFFFFFFEFFFFF2AA

mem[X,0x00000000800001CC] -> 0x9493
mem[X,0x00000000800001CE] -> 0x00B4
[120] [M]: 0x00000000800001CC (0x00B49493) slli s1, s1, 0xb
x9 <- 0xFFFFF7FFFF955000

mem[X,0x00000000800001D0] -> 0x8493
mem[X,0x00000000800001D2] -> 0x57F4
[121] [M]: 0x00000000800001D0 (0x57F48493) addi s1, s1, 0x57f
x9 <- 0xFFFFF7FFFF95557F

mem[X,0x00000000800001D4] -> 0x9493
mem[X,0x00000000800001D6] -> 0x00A4
[122] [M]: 0x00000000800001D4 (0x00A49493) slli s1, s1, 0xa
x9 <- 0xFFDFFFFE5555FC00

mem[X,0x00000000800001D8] -> 0x8493
mem[X,0x00000000800001DA] -> 0x3FC4
[123] [M]: 0x00000000800001D8 (0x3FC48493) addi s1, s1, 0x3fc
x9 <- 0xFFDFFFFE5555FFFC

mem[X,0x00000000800001DC] -> 0x74BB
mem[X,0x00000000800001DE] -> 0x8895
[124] [M]: 0x00000000800001DC (0x889574BB) pmhacc.h s1, a0, s1
x9 <- 0xFFE0FFFD4AAAFFFE

mem[X,0x00000000800001E0] -> 0xB023
mem[X,0x00000000800001E2] -> 0x0090
[125] [M]: 0x00000000800001E0 (0x0090B023) sd s1, 0x0(ra)
mem[0x0000000080004118] <- 0xFFE0FFFD4AAAFFFE

mem[X,0x00000000800001E4] -> 0x0137
mem[X,0x00000000800001E6] -> 0x0005
[126] [M]: 0x00000000800001E4 (0x00050137) lui sp, 0x50
x2 <- 0x0000000000050000

mem[X,0x00000000800001E8] -> 0x0113
mem[X,0x00000000800001EA] -> 0xFBF1
[127] [M]: 0x00000000800001E8 (0xFBF10113) addi sp, sp, -0x41
x2 <- 0x000000000004FFBF

mem[X,0x00000000800001EC] -> 0x1113
mem[X,0x00000000800001EE] -> 0x00B1
[128] [M]: 0x00000000800001EC (0x00B11113) slli sp, sp, 0xb
x2 <- 0x0000000027FDF800

mem[X,0x00000000800001F0] -> 0x0113
mem[X,0x00000000800001F2] -> 0x0001
[129] [M]: 0x00000000800001F0 (0x00010113) addi sp, sp, 0x0
x2 <- 0x0000000027FDF800

mem[X,0x00000000800001F4] -> 0x1113
mem[X,0x00000000800001F6] -> 0x00B1
[130] [M]: 0x00000000800001F4 (0x00B11113) slli sp, sp, 0xb
x2 <- 0x0000013FEFC00000

mem[X,0x00000000800001F8] -> 0x0113
mem[X,0x00000000800001FA] -> 0x0FF1
[131] [M]: 0x00000000800001F8 (0x0FF10113) addi sp, sp, 0xff
x2 <- 0x0000013FEFC000FF

mem[X,0x00000000800001FC] -> 0x1113
mem[X,0x00000000800001FE] -> 0x00A1
[132] [M]: 0x00000000800001FC (0x00A11113) slli sp, sp, 0xa
x2 <- 0x0004FFBF0003FC00

mem[X,0x0000000080000200] -> 0x0113
mem[X,0x0000000080000202] -> 0x3FF1
[133] [M]: 0x0000000080000200 (0x3FF10113) addi sp, sp, 0x3ff
x2 <- 0x0004FFBF0003FFFF

mem[X,0x0000000080000204] -> 0x8137
mem[X,0x0000000080000206] -> 0x0006
[134] [M]: 0x0000000080000204 (0x00068137) lui sp, 0x68
x2 <- 0x0000000000068000

mem[X,0x0000000080000208] -> 0x0113
mem[X,0x000000008000020A] -> 0x0001
[135] [M]: 0x0000000080000208 (0x00010113) addi sp, sp, 0x0
x2 <- 0x0000000000068000

mem[X,0x000000008000020C] -> 0x1113
mem[X,0x000000008000020E] -> 0x00B1
[136] [M]: 0x000000008000020C (0x00B11113) slli sp, sp, 0xb
x2 <- 0x0000000034000000

mem[X,0x0000000080000210] -> 0x0113
mem[X,0x0000000080000212] -> 0x0001
[137] [M]: 0x0000000080000210 (0x00010113) addi sp, sp, 0x0
x2 <- 0x0000000034000000

mem[X,0x0000000080000214] -> 0x1113
mem[X,0x0000000080000216] -> 0x00B1
[138] [M]: 0x0000000080000214 (0x00B11113) slli sp, sp, 0xb
x2 <- 0x000001A000000000

mem[X,0x0000000080000218] -> 0x0113
mem[X,0x000000008000021A] -> 0x43F1
[139] [M]: 0x0000000080000218 (0x43F10113) addi sp, sp, 0x43f
x2 <- 0x000001A00000043F

mem[X,0x000000008000021C] -> 0x1113
mem[X,0x000000008000021E] -> 0x00A1
[140] [M]: 0x000000008000021C (0x00A11113) slli sp, sp, 0xa
x2 <- 0x000680000010FC00

mem[X,0x0000000080000220] -> 0x0113
mem[X,0x0000000080000222] -> 0x3FF1
[141] [M]: 0x0000000080000220 (0x3FF10113) addi sp, sp, 0x3ff
x2 <- 0x000680000010FFFF

mem[X,0x0000000080000224] -> 0x773B
mem[X,0x0000000080000226] -> 0x8821
[142] [M]: 0x0000000080000224 (0x8821773B) pmhacc.h a4, sp, sp
x14 <- 0x0000400000000000

mem[X,0x0000000080000228] -> 0xB423
mem[X,0x000000008000022A] -> 0x00E0
[143] [M]: 0x0000000080000228 (0x00E0B423) sd a4, 0x8(ra)
mem[0x0000000080004120] <- 0x0000400000000000

mem[X,0x000000008000022C] -> 0x06B7
mem[X,0x000000008000022E] -> 0x0200
[144] [M]: 0x000000008000022C (0x020006B7) lui a3, 0x2000
x13 <- 0x0000000002000000

mem[X,0x0000000080000230] -> 0x8693
mem[X,0x0000000080000232] -> 0x0096
[145] [M]: 0x0000000080000230 (0x00968693) addi a3, a3, 0x9
x13 <- 0x0000000002000009

mem[X,0x0000000080000234] -> 0x9693
mem[X,0x0000000080000236] -> 0x00B6
[146] [M]: 0x0000000080000234 (0x00B69693) slli a3, a3, 0xb
x13 <- 0x0000001000004800

mem[X,0x0000000080000238] -> 0x8693
mem[X,0x000000008000023A] -> 0x0006
[147] [M]: 0x0000000080000238 (0x00068693) addi a3, a3, 0x0
x13 <- 0x0000001000004800

mem[X,0x000000008000023C] -> 0x9693
mem[X,0x000000008000023E] -> 0x00B6
[148] [M]: 0x000000008000023C (0x00B69693) slli a3, a3, 0xb
x13 <- 0x0000800002400000

mem[X,0x0000000080000240] -> 0x8693
mem[X,0x0000000080000242] -> 0x4006
[149] [M]: 0x0000000080000240 (0x40068693) addi a3, a3, 0x400
x13 <- 0x0000800002400400

mem[X,0x0000000080000244] -> 0x9693
mem[X,0x0000000080000246] -> 0x00A6
[150] [M]: 0x0000000080000244 (0x00A69693) slli a3, a3, 0xa
x13 <- 0x0200000900100000

mem[X,0x0000000080000248] -> 0x06B7
mem[X,0x000000008000024A] -> 0x0006
[151] [M]: 0x0000000080000248 (0x000606B7) lui a3, 0x60
x13 <- 0x0000000000060000

mem[X,0x000000008000024C] -> 0x8693
mem[X,0x000000008000024E] -> 0xEFF6
[152] [M]: 0x000000008000024C (0xEFF68693) addi a3, a3, -0x101
x13 <- 0x000000000005FEFF

mem[X,0x0000000080000250] -> 0x9693
mem[X,0x0000000080000252] -> 0x00B6
[153] [M]: 0x0000000080000250 (0x00B69693) slli a3, a3, 0xb
x13 <- 0x000000002FF7F800

mem[X,0x0000000080000254] -> 0x8693
mem[X,0x0000000080000256] -> 0x7FF6
[154] [M]: 0x0000000080000254 (0x7FF68693) addi a3, a3, 0x7ff
x13 <- 0x000000002FF7FFFF

mem[X,0x0000000080000258] -> 0x9693
mem[X,0x000000008000025A] -> 0x00B6
[155] [M]: 0x0000000080000258 (0x00B69693) slli a3, a3, 0xb
x13 <- 0x0000017FBFFFF800

mem[X,0x000000008000025C] -> 0x8693
mem[X,0x000000008000025E] -> 0x73B6
[156] [M]: 0x000000008000025C (0x73B68693) addi a3, a3, 0x73b
x13 <- 0x0000017FBFFFFF3B

mem[X,0x0000000080000260] -> 0x9693
mem[X,0x0000000080000262] -> 0x00A6
[157] [M]: 0x0000000080000260 (0x00A69693) slli a3, a3, 0xa
x13 <- 0x0005FEFFFFFCEC00

mem[X,0x0000000080000264] -> 0x8693
mem[X,0x0000000080000266] -> 0x3FF6
[158] [M]: 0x0000000080000264 (0x3FF68693) addi a3, a3, 0x3ff
x13 <- 0x0005FEFFFFFCEFFF

mem[X,0x0000000080000268] -> 0xF6BB
mem[X,0x000000008000026A] -> 0x88D6
[159] [M]: 0x0000000080000268 (0x88D6F6BB) pmhacc.h a3, a3, a3
x13 <- 0x0005FF00FFFCF0FF

mem[X,0x000000008000026C] -> 0xB823
mem[X,0x000000008000026E] -> 0x00D0
[160] [M]: 0x000000008000026C (0x00D0B823) sd a3, 0x10(ra)
mem[0x0000000080004128] <- 0x0005FF00FFFCF0FF

mem[X,0x0000000080000270] -> 0x0D37
mem[X,0x0000000080000272] -> 0xF000
[161] [M]: 0x0000000080000270 (0xF0000D37) lui s10, -0x10000
x26 <- 0xFFFFFFFFF0000000

mem[X,0x0000000080000274] -> 0x0D13
mem[X,0x0000000080000276] -> 0xDFFD
[162] [M]: 0x0000000080000274 (0xDFFD0D13) addi s10, s10, -0x201
x26 <- 0xFFFFFFFFEFFFFDFF

mem[X,0x0000000080000278] -> 0x1D13
mem[X,0x000000008000027A] -> 0x00BD
[163] [M]: 0x0000000080000278 (0x00BD1D13) slli s10, s10, 0xb
x26 <- 0xFFFFFF7FFFEFF800

mem[X,0x000000008000027C] -> 0x0D13
mem[X,0x000000008000027E] -> 0x000D
[164] [M]: 0x000000008000027C (0x000D0D13) addi s10, s10, 0x0
x26 <- 0xFFFFFF7FFFEFF800

mem[X,0x0000000080000280] -> 0x1D13
mem[X,0x0000000080000282] -> 0x00BD
[165] [M]: 0x0000000080000280 (0x00BD1D13) slli s10, s10, 0xb
x26 <- 0xFFFBFFFF7FC00000

mem[X,0x0000000080000284] -> 0x0D13
mem[X,0x0000000080000286] -> 0x100D
[166] [M]: 0x0000000080000284 (0x100D0D13) addi s10, s10, 0x100
x26 <- 0xFFFBFFFF7FC00100

mem[X,0x0000000080000288] -> 0x1D13
mem[X,0x000000008000028A] -> 0x00AD
[167] [M]: 0x0000000080000288 (0x00AD1D13) slli s10, s10, 0xa
x26 <- 0xEFFFFDFF00040000

mem[X,0x000000008000028C] -> 0x0D13
mem[X,0x000000008000028E] -> 0x001D
[168] [M]: 0x000000008000028C (0x001D0D13) addi s10, s10, 0x1
x26 <- 0xEFFFFDFF00040001

mem[X,0x0000000080000290] -> 0x09B7
mem[X,0x0000000080000292] -> 0xC000
[169] [M]: 0x0000000080000290 (0xC00009B7) lui s3, -0x40000
x19 <- 0xFFFFFFFFC0000000

mem[X,0x0000000080000294] -> 0x8993
mem[X,0x0000000080000296] -> 0x0089
[170] [M]: 0x0000000080000294 (0x00898993) addi s3, s3, 0x8
x19 <- 0xFFFFFFFFC0000008

mem[X,0x0000000080000298] -> 0x9993
mem[X,0x000000008000029A] -> 0x00B9
[171] [M]: 0x0000000080000298 (0x00B99993) slli s3, s3, 0xb
x19 <- 0xFFFFFE0000004000

mem[X,0x000000008000029C] -> 0x8993
mem[X,0x000000008000029E] -> 0x4009
[172] [M]: 0x000000008000029C (0x40098993) addi s3, s3, 0x400
x19 <- 0xFFFFFE0000004400

mem[X,0x00000000800002A0] -> 0x9993
mem[X,0x00000000800002A2] -> 0x00B9
[173] [M]: 0x00000000800002A0 (0x00B99993) slli s3, s3, 0xb
x19 <- 0xFFF0000002200000

mem[X,0x00000000800002A4] -> 0x8993
mem[X,0x00000000800002A6] -> 0x03F9
[174] [M]: 0x00000000800002A4 (0x03F98993) addi s3, s3, 0x3f
x19 <- 0xFFF000000220003F

mem[X,0x00000000800002A8] -> 0x9993
mem[X,0x00000000800002AA] -> 0x00A9
[175] [M]: 0x00000000800002A8 (0x00A99993) slli s3, s3, 0xa
x19 <- 0xC00000088000FC00

mem[X,0x00000000800002AC] -> 0x8993
mem[X,0x00000000800002AE] -> 0x3FB9
[176] [M]: 0x00000000800002AC (0x3FB98993) addi s3, s3, 0x3fb
x19 <- 0xC00000088000FFFB

mem[X,0x00000000800002B0] -> 0x7D3B
mem[X,0x00000000800002B2] -> 0x893D
[177] [M]: 0x00000000800002B0 (0x893D7D3B) pmhacc.h s10, s10, s3
x26 <- 0xF3FFFDFE00020000

mem[X,0x00000000800002B4] -> 0xBC23
mem[X,0x00000000800002B6] -> 0x01A0
[178] [M]: 0x00000000800002B4 (0x01A0BC23) sd s10, 0x18(ra)
mem[0x0000000080004130] <- 0xF3FFFDFE00020000

mem[X,0x00000000800002B8] -> 0x07B7
mem[X,0x00000000800002BA] -> 0xFFFB
[179] [M]: 0x00000000800002B8 (0xFFFB07B7) lui a5, -0x50
x15 <- 0xFFFFFFFFFFFB0000

mem[X,0x00000000800002BC] -> 0x8793
mem[X,0x00000000800002BE] -> 0xFF67
[180] [M]: 0x00000000800002BC (0xFF678793) addi a5, a5, -0xa
x15 <- 0xFFFFFFFFFFFAFFF6

mem[X,0x00000000800002C0] -> 0x9793
mem[X,0x00000000800002C2] -> 0x00B7
[181] [M]: 0x00000000800002C0 (0x00B79793) slli a5, a5, 0xb
x15 <- 0xFFFFFFFFD7FFB000

mem[X,0x00000000800002C4] -> 0x8793
mem[X,0x00000000800002C6] -> 0x0007
[182] [M]: 0x00000000800002C4 (0x00078793) addi a5, a5, 0x0
x15 <- 0xFFFFFFFFD7FFB000

mem[X,0x00000000800002C8] -> 0x9793
mem[X,0x00000000800002CA] -> 0x00B7
[183] [M]: 0x00000000800002C8 (0x00B79793) slli a5, a5, 0xb
x15 <- 0xFFFFFEBFFD800000

mem[X,0x00000000800002CC] -> 0x8793
mem[X,0x00000000800002CE] -> 0x21F7
[184] [M]: 0x00000000800002CC (0x21F78793) addi a5, a5, 0x21f
x15 <- 0xFFFFFEBFFD80021F

mem[X,0x00000000800002D0] -> 0x9793
mem[X,0x00000000800002D2] -> 0x00A7
[185] [M]: 0x00000000800002D0 (0x00A79793) slli a5, a5, 0xa
x15 <- 0xFFFAFFF600087C00

mem[X,0x00000000800002D4] -> 0x8793
mem[X,0x00000000800002D6] -> 0x3FF7
[186] [M]: 0x00000000800002D4 (0x3FF78793) addi a5, a5, 0x3ff
x15 <- 0xFFFAFFF600087FFF

mem[X,0x00000000800002D8] -> 0x0B37
mem[X,0x00000000800002DA] -> 0x0040
[187] [M]: 0x00000000800002D8 (0x00400B37) lui s6, 0x400
x22 <- 0x0000000000400000

mem[X,0x00000000800002DC] -> 0x0B13
mem[X,0x00000000800002DE] -> 0x006B
[188] [M]: 0x00000000800002DC (0x006B0B13) addi s6, s6, 0x6
x22 <- 0x0000000000400006

mem[X,0x00000000800002E0] -> 0x1B13
mem[X,0x00000000800002E2] -> 0x00BB
[189] [M]: 0x00000000800002E0 (0x00BB1B13) slli s6, s6, 0xb
x22 <- 0x0000000200003000

mem[X,0x00000000800002E4] -> 0x0B13
mem[X,0x00000000800002E6] -> 0x7FFB
[190] [M]: 0x00000000800002E4 (0x7FFB0B13) addi s6, s6, 0x7ff
x22 <- 0x00000002000037FF

mem[X,0x00000000800002E8] -> 0x1B13
mem[X,0x00000000800002EA] -> 0x00BB
[191] [M]: 0x00000000800002E8 (0x00BB1B13) slli s6, s6, 0xb
x22 <- 0x0000100001BFF800

mem[X,0x00000000800002EC] -> 0x0B13
mem[X,0x00000000800002EE] -> 0x70FB
[192] [M]: 0x00000000800002EC (0x70FB0B13) addi s6, s6, 0x70f
x22 <- 0x0000100001BFFF0F

mem[X,0x00000000800002F0] -> 0x1B13
mem[X,0x00000000800002F2] -> 0x00AB
[193] [M]: 0x00000000800002F0 (0x00AB1B13) slli s6, s6, 0xa
x22 <- 0x00400006FFFC3C00

mem[X,0x00000000800002F4] -> 0x0B13
mem[X,0x00000000800002F6] -> 0x3FFB
[194] [M]: 0x00000000800002F4 (0x3FFB0B13) addi s6, s6, 0x3ff
x22 <- 0x00400006FFFC3FFF

mem[X,0x00000000800002F8] -> 0xF23B
mem[X,0x00000000800002FA] -> 0x8967
[195] [M]: 0x00000000800002F8 (0x8967F23B) pmhacc.h tp, a5, s6
x4 <- 0xFFFF07F66DF48FF6

mem[X,0x00000000800002FC] -> 0xB023
mem[X,0x00000000800002FE] -> 0x0240
[196] [M]: 0x00000000800002FC (0x0240B023) sd tp, 0x20(ra)
mem[0x0000000080004138] <- 0xFFFF07F66DF48FF6

mem[X,0x0000000080000300] -> 0xFA37
mem[X,0x0000000080000302] -> 0x0200
[197] [M]: 0x0000000080000300 (0x0200FA37) lui s4, 0x200f
x20 <- 0x000000000200F000

mem[X,0x0000000080000304] -> 0x0A13
mem[X,0x0000000080000306] -> 0xFFFA
[198] [M]: 0x0000000080000304 (0xFFFA0A13) addi s4, s4, -0x1
x20 <- 0x000000000200EFFF

mem[X,0x0000000080000308] -> 0x1A13
mem[X,0x000000008000030A] -> 0x00BA
[199] [M]: 0x0000000080000308 (0x00BA1A13) slli s4, s4, 0xb
x20 <- 0x00000010077FF800

clint::tick mtime <- 0x0000000000000002
 clint timer pending at mtime 0x0000000000000002
htif::tick 0x0000000000000000
mem[X,0x000000008000030C] -> 0x0A13
mem[X,0x000000008000030E] -> 0x000A
[200] [M]: 0x000000008000030C (0x000A0A13) addi s4, s4, 0x0
x20 <- 0x00000010077FF800

mem[X,0x0000000080000310] -> 0x1A13
mem[X,0x0000000080000312] -> 0x00BA
[201] [M]: 0x0000000080000310 (0x00BA1A13) slli s4, s4, 0xb
x20 <- 0x0000803BFFC00000

mem[X,0x0000000080000314] -> 0x0A13
mem[X,0x0000000080000316] -> 0x1C0A
[202] [M]: 0x0000000080000314 (0x1C0A0A13) addi s4, s4, 0x1c0
x20 <- 0x0000803BFFC001C0

mem[X,0x0000000080000318] -> 0x1A13
mem[X,0x000000008000031A] -> 0x00AA
[203] [M]: 0x0000000080000318 (0x00AA1A13) slli s4, s4, 0xa
x20 <- 0x0200EFFF00070000

mem[X,0x000000008000031C] -> 0x0A13
mem[X,0x000000008000031E] -> 0x002A
[204] [M]: 0x000000008000031C (0x002A0A13) addi s4, s4, 0x2
x20 <- 0x0200EFFF00070002

mem[X,0x0000000080000320] -> 0x0837
mem[X,0x0000000080000322] -> 0xFFF9
[205] [M]: 0x0000000080000320 (0xFFF90837) lui a6, -0x70
x16 <- 0xFFFFFFFFFFF90000

mem[X,0x0000000080000324] -> 0x0813
mem[X,0x0000000080000326] -> 0xF7F8
[206] [M]: 0x0000000080000324 (0xF7F80813) addi a6, a6, -0x81
x16 <- 0xFFFFFFFFFFF8FF7F

mem[X,0x0000000080000328] -> 0x1813
mem[X,0x000000008000032A] -> 0x00B8
[207] [M]: 0x0000000080000328 (0x00B81813) slli a6, a6, 0xb
x16 <- 0xFFFFFFFFC7FBF800

mem[X,0x000000008000032C] -> 0x0813
mem[X,0x000000008000032E] -> 0x2AA8
[208] [M]: 0x000000008000032C (0x2AA80813) addi a6, a6, 0x2aa
x16 <- 0xFFFFFFFFC7FBFAAA

mem[X,0x0000000080000330] -> 0x1813
mem[X,0x0000000080000332] -> 0x00B8
[209] [M]: 0x0000000080000330 (0x00B81813) slli a6, a6, 0xb
x16 <- 0xFFFFFE3FDFD55000

mem[X,0x0000000080000334] -> 0x0813
mem[X,0x0000000080000336] -> 0x5408
[210] [M]: 0x0000000080000334 (0x54080813) addi a6, a6, 0x540
x16 <- 0xFFFFFE3FDFD55540

mem[X,0x0000000080000338] -> 0x1813
mem[X,0x000000008000033A] -> 0x00A8
[211] [M]: 0x0000000080000338 (0x00A81813) slli a6, a6, 0xa
x16 <- 0xFFF8FF7F55550000

mem[X,0x000000008000033C] -> 0x0813
mem[X,0x000000008000033E] -> 0x0028
[212] [M]: 0x000000008000033C (0x00280813) addi a6, a6, 0x2
x16 <- 0xFFF8FF7F55550002

mem[X,0x0000000080000340] -> 0x763B
mem[X,0x0000000080000342] -> 0x890A
[213] [M]: 0x0000000080000340 (0x890A763B) pmhacc.h a2, s4, a6
x12 <- 0xFFFF000800020000

mem[X,0x0000000080000344] -> 0xB423
mem[X,0x0000000080000346] -> 0x02C0
[214] [M]: 0x0000000080000344 (0x02C0B423) sd a2, 0x28(ra)
mem[0x0000000080004140] <- 0xFFFF000800020000

mem[X,0x0000000080000348] -> 0x0BB7
mem[X,0x000000008000034A] -> 0x0001
[215] [M]: 0x0000000080000348 (0x00010BB7) lui s7, 0x10
x23 <- 0x0000000000010000

mem[X,0x000000008000034C] -> 0x8B93
mem[X,0x000000008000034E] -> 0x200B
[216] [M]: 0x000000008000034C (0x200B8B93) addi s7, s7, 0x200
x23 <- 0x0000000000010200

mem[X,0x0000000080000350] -> 0x9B93
mem[X,0x0000000080000352] -> 0x00BB
[217] [M]: 0x0000000080000350 (0x00BB9B93) slli s7, s7, 0xb
x23 <- 0x0000000008100000

mem[X,0x0000000080000354] -> 0x8B93
mem[X,0x0000000080000356] -> 0x000B
[218] [M]: 0x0000000080000354 (0x000B8B93) addi s7, s7, 0x0
x23 <- 0x0000000008100000

mem[X,0x0000000080000358] -> 0x9B93
mem[X,0x000000008000035A] -> 0x00BB
[219] [M]: 0x0000000080000358 (0x00BB9B93) slli s7, s7, 0xb
x23 <- 0x0000004080000000

mem[X,0x000000008000035C] -> 0x8B93
mem[X,0x000000008000035E] -> 0x140B
[220] [M]: 0x000000008000035C (0x140B8B93) addi s7, s7, 0x140
x23 <- 0x0000004080000140

mem[X,0x0000000080000360] -> 0x9B93
mem[X,0x0000000080000362] -> 0x00AB
[221] [M]: 0x0000000080000360 (0x00AB9B93) slli s7, s7, 0xa
x23 <- 0x0001020000050000

mem[X,0x0000000080000364] -> 0x8B93
mem[X,0x0000000080000366] -> 0x004B
[222] [M]: 0x0000000080000364 (0x004B8B93) addi s7, s7, 0x4
x23 <- 0x0001020000050004

mem[X,0x0000000080000368] -> 0xFF37
mem[X,0x000000008000036A] -> 0x5555
[223] [M]: 0x0000000080000368 (0x5555FF37) lui t5, 0x5555f
x30 <- 0x000000005555F000

mem[X,0x000000008000036C] -> 0x0F13
mem[X,0x000000008000036E] -> 0xFFFF
[224] [M]: 0x000000008000036C (0xFFFF0F13) addi t5, t5, -0x1
x30 <- 0x000000005555EFFF

mem[X,0x0000000080000370] -> 0x1F13
mem[X,0x0000000080000372] -> 0x00BF
[225] [M]: 0x0000000080000370 (0x00BF1F13) slli t5, t5, 0xb
x30 <- 0x000002AAAF7FF800

mem[X,0x0000000080000374] -> 0x0F13
mem[X,0x0000000080000376] -> 0x7F7F
[226] [M]: 0x0000000080000374 (0x7F7F0F13) addi t5, t5, 0x7f7
x30 <- 0x000002AAAF7FFFF7

mem[X,0x0000000080000378] -> 0x1F13
mem[X,0x000000008000037A] -> 0x00BF
[227] [M]: 0x0000000080000378 (0x00BF1F13) slli t5, t5, 0xb
x30 <- 0x0015557BFFFFB800

mem[X,0x000000008000037C] -> 0x0F13
mem[X,0x000000008000037E] -> 0x7C0F
[228] [M]: 0x000000008000037C (0x7C0F0F13) addi t5, t5, 0x7c0
x30 <- 0x0015557BFFFFBFC0

mem[X,0x0000000080000380] -> 0x1F13
mem[X,0x0000000080000382] -> 0x00AF
[229] [M]: 0x0000000080000380 (0x00AF1F13) slli t5, t5, 0xa
x30 <- 0x5555EFFFFEFF0000

mem[X,0x0000000080000384] -> 0x0F13
mem[X,0x0000000080000386] -> 0x040F
[230] [M]: 0x0000000080000384 (0x040F0F13) addi t5, t5, 0x40
x30 <- 0x5555EFFFFEFF0040

mem[X,0x0000000080000388] -> 0xFB3B
mem[X,0x000000008000038A] -> 0x89EB
[231] [M]: 0x0000000080000388 (0x89EBFB3B) pmhacc.h s6, s7, t5
x22 <- 0x0040FFE5FFFB3FFF

mem[X,0x000000008000038C] -> 0xB823
mem[X,0x000000008000038E] -> 0x0360
[232] [M]: 0x000000008000038C (0x0360B823) sd s6, 0x30(ra)
mem[0x0000000080004148] <- 0x0040FFE5FFFB3FFF

mem[X,0x0000000080000390] -> 0x03B7
mem[X,0x0000000080000392] -> 0x0021
[233] [M]: 0x0000000080000390 (0x002103B7) lui t2, 0x210
x7 <- 0x0000000000210000

mem[X,0x0000000080000394] -> 0x8393
mem[X,0x0000000080000396] -> 0xDFF3
[234] [M]: 0x0000000080000394 (0xDFF38393) addi t2, t2, -0x201
x7 <- 0x000000000020FDFF

mem[X,0x0000000080000398] -> 0x9393
mem[X,0x000000008000039A] -> 0x00B3
[235] [M]: 0x0000000080000398 (0x00B39393) slli t2, t2, 0xb
x7 <- 0x0000000107EFF800

mem[X,0x000000008000039C] -> 0x8393
mem[X,0x000000008000039E] -> 0x7FF3
[236] [M]: 0x000000008000039C (0x7FF38393) addi t2, t2, 0x7ff
x7 <- 0x0000000107EFFFFF

mem[X,0x00000000800003A0] -> 0x9393
mem[X,0x00000000800003A2] -> 0x00B3
[237] [M]: 0x00000000800003A0 (0x00B39393) slli t2, t2, 0xb
x7 <- 0x0000083F7FFFF800

mem[X,0x00000000800003A4] -> 0x8393
mem[X,0x00000000800003A6] -> 0x7003
[238] [M]: 0x00000000800003A4 (0x70038393) addi t2, t2, 0x700
x7 <- 0x0000083F7FFFFF00

mem[X,0x00000000800003A8] -> 0x9393
mem[X,0x00000000800003AA] -> 0x00A3
[239] [M]: 0x00000000800003A8 (0x00A39393) slli t2, t2, 0xa
x7 <- 0x0020FDFFFFFC0000

mem[X,0x00000000800003AC] -> 0x8393
mem[X,0x00000000800003AE] -> 0x0083
[240] [M]: 0x00000000800003AC (0x00838393) addi t2, t2, 0x8
x7 <- 0x0020FDFFFFFC0008

mem[X,0x00000000800003B0] -> 0x07B7
mem[X,0x00000000800003B2] -> 0xFC00
[241] [M]: 0x00000000800003B0 (0xFC0007B7) lui a5, -0x4000
x15 <- 0xFFFFFFFFFC000000

mem[X,0x00000000800003B4] -> 0x8793
mem[X,0x00000000800003B6] -> 0xEFF7
[242] [M]: 0x00000000800003B4 (0xEFF78793) addi a5, a5, -0x101
x15 <- 0xFFFFFFFFFBFFFEFF

mem[X,0x00000000800003B8] -> 0x9793
mem[X,0x00000000800003BA] -> 0x00B7
[243] [M]: 0x00000000800003B8 (0x00B79793) slli a5, a5, 0xb
x15 <- 0xFFFFFFDFFFF7F800

mem[X,0x00000000800003BC] -> 0x8793
mem[X,0x00000000800003BE] -> 0x0107
[244] [M]: 0x00000000800003BC (0x01078793) addi a5, a5, 0x10
x15 <- 0xFFFFFFDFFFF7F810

mem[X,0x00000000800003C0] -> 0x9793
mem[X,0x00000000800003C2] -> 0x00B7
[245] [M]: 0x00000000800003C0 (0x00B79793) slli a5, a5, 0xb
x15 <- 0xFFFEFFFFBFC08000

mem[X,0x00000000800003C4] -> 0x8793
mem[X,0x00000000800003C6] -> 0x02A7
[246] [M]: 0x00000000800003C4 (0x02A78793) addi a5, a5, 0x2a
x15 <- 0xFFFEFFFFBFC0802A

mem[X,0x00000000800003C8] -> 0x9793
mem[X,0x00000000800003CA] -> 0x00A7
[247] [M]: 0x00000000800003C8 (0x00A79793) slli a5, a5, 0xa
x15 <- 0xFBFFFEFF0200A800

mem[X,0x00000000800003CC] -> 0x8793
mem[X,0x00000000800003CE] -> 0x2AA7
[248] [M]: 0x00000000800003CC (0x2AA78793) addi a5, a5, 0x2aa
x15 <- 0xFBFFFEFF0200AAAA

mem[X,0x00000000800003D0] -> 0xF13B
mem[X,0x00000000800003D2] -> 0x88F3
[249] [M]: 0x00000000800003D0 (0x88F3F13B) pmhacc.h sp, t2, a5
x2 <- 0x00058002000FFFFC

mem[X,0x00000000800003D4] -> 0xBC23
mem[X,0x00000000800003D6] -> 0x0220
[250] [M]: 0x00000000800003D4 (0x0220BC23) sd sp, 0x38(ra)
mem[0x0000000080004150] <- 0x00058002000FFFFC

mem[X,0x00000000800003D8] -> 0x0737
mem[X,0x00000000800003DA] -> 0x0002
[251] [M]: 0x00000000800003D8 (0x00020737) lui a4, 0x20
x14 <- 0x0000000000020000

mem[X,0x00000000800003DC] -> 0x0713
mem[X,0x00000000800003DE] -> 0xDFF7
[252] [M]: 0x00000000800003DC (0xDFF70713) addi a4, a4, -0x201
x14 <- 0x000000000001FDFF

mem[X,0x00000000800003E0] -> 0x1713
mem[X,0x00000000800003E2] -> 0x00B7
[253] [M]: 0x00000000800003E0 (0x00B71713) slli a4, a4, 0xb
x14 <- 0x000000000FEFF800

mem[X,0x00000000800003E4] -> 0x0713
mem[X,0x00000000800003E6] -> 0x0007
[254] [M]: 0x00000000800003E4 (0x00070713) addi a4, a4, 0x0
x14 <- 0x000000000FEFF800

mem[X,0x00000000800003E8] -> 0x1713
mem[X,0x00000000800003EA] -> 0x00B7
[255] [M]: 0x00000000800003E8 (0x00B71713) slli a4, a4, 0xb
x14 <- 0x0000007F7FC00000

mem[X,0x00000000800003EC] -> 0x0713
mem[X,0x00000000800003EE] -> 0x1007
[256] [M]: 0x00000000800003EC (0x10070713) addi a4, a4, 0x100
x14 <- 0x0000007F7FC00100

mem[X,0x00000000800003F0] -> 0x1713
mem[X,0x00000000800003F2] -> 0x00A7
[257] [M]: 0x00000000800003F0 (0x00A71713) slli a4, a4, 0xa
x14 <- 0x0001FDFF00040000

mem[X,0x00000000800003F4] -> 0x0713
mem[X,0x00000000800003F6] -> 0x0107
[258] [M]: 0x00000000800003F4 (0x01070713) addi a4, a4, 0x10
x14 <- 0x0001FDFF00040010

mem[X,0x00000000800003F8] -> 0x0537
mem[X,0x00000000800003FA] -> 0xFFE0
[259] [M]: 0x00000000800003F8 (0xFFE00537) lui a0, -0x200
x10 <- 0xFFFFFFFFFFE00000

mem[X,0x00000000800003FC] -> 0x0513
mem[X,0x00000000800003FE] -> 0xFFD5
[260] [M]: 0x00000000800003FC (0xFFD50513) addi a0, a0, -0x3
x10 <- 0xFFFFFFFFFFDFFFFD

mem[X,0x0000000080000400] -> 0x1513
mem[X,0x0000000080000402] -> 0x00B5
[261] [M]: 0x0000000080000400 (0x00B51513) slli a0, a0, 0xb
x10 <- 0xFFFFFFFEFFFFE800

mem[X,0x0000000080000404] -> 0x0513
mem[X,0x0000000080000406] -> 0x0005
[262] [M]: 0x0000000080000404 (0x00050513) addi a0, a0, 0x0
x10 <- 0xFFFFFFFEFFFFE800

mem[X,0x0000000080000408] -> 0x1513
mem[X,0x000000008000040A] -> 0x00B5
[263] [M]: 0x0000000080000408 (0x00B51513) slli a0, a0, 0xb
x10 <- 0xFFFFF7FFFF400000

mem[X,0x000000008000040C] -> 0x0513
mem[X,0x000000008000040E] -> 0x1FF5
[264] [M]: 0x000000008000040C (0x1FF50513) addi a0, a0, 0x1ff
x10 <- 0xFFFFF7FFFF4001FF

mem[X,0x0000000080000410] -> 0x1513
mem[X,0x0000000080000412] -> 0x00A5
[265] [M]: 0x0000000080000410 (0x00A51513) slli a0, a0, 0xa
x10 <- 0xFFDFFFFD0007FC00

mem[X,0x0000000080000414] -> 0x0513
mem[X,0x0000000080000416] -> 0x3F95
[266] [M]: 0x0000000080000414 (0x3F950513) addi a0, a0, 0x3f9
x10 <- 0xFFDFFFFD0007FFF9

mem[X,0x0000000080000418] -> 0x7DBB
mem[X,0x000000008000041A] -> 0x88A7
[267] [M]: 0x0000000080000418 (0x88A77DBB) pmhacc.h s11, a4, a0
x27 <- 0xFFFF00000000FFFF

mem[X,0x000000008000041C] -> 0xB023
mem[X,0x000000008000041E] -> 0x05B0
[268] [M]: 0x000000008000041C (0x05B0B023) sd s11, 0x40(ra)
mem[0x0000000080004158] <- 0xFFFF00000000FFFF

mem[X,0x0000000080000420] -> 0x05B7
mem[X,0x0000000080000422] -> 0x0006
[269] [M]: 0x0000000080000420 (0x000605B7) lui a1, 0x60
x11 <- 0x0000000000060000

mem[X,0x0000000080000424] -> 0x8593
mem[X,0x0000000080000426] -> 0x0045
[270] [M]: 0x0000000080000424 (0x00458593) addi a1, a1, 0x4
x11 <- 0x0000000000060004

mem[X,0x0000000080000428] -> 0x9593
mem[X,0x000000008000042A] -> 0x00B5
[271] [M]: 0x0000000080000428 (0x00B59593) slli a1, a1, 0xb
x11 <- 0x0000000030002000

mem[X,0x000000008000042C] -> 0x8593
mem[X,0x000000008000042E] -> 0x2AA5
[272] [M]: 0x000000008000042C (0x2AA58593) addi a1, a1, 0x2aa
x11 <- 0x00000000300022AA

mem[X,0x0000000080000430] -> 0x9593
mem[X,0x0000000080000432] -> 0x00B5
[273] [M]: 0x0000000080000430 (0x00B59593) slli a1, a1, 0xb
x11 <- 0x0000018001155000

mem[X,0x0000000080000434] -> 0x8593
mem[X,0x0000000080000436] -> 0x5405
[274] [M]: 0x0000000080000434 (0x54058593) addi a1, a1, 0x540
x11 <- 0x0000018001155540

mem[X,0x0000000080000438] -> 0x9593
mem[X,0x000000008000043A] -> 0x00A5
[275] [M]: 0x0000000080000438 (0x00A59593) slli a1, a1, 0xa
x11 <- 0x0006000455550000

mem[X,0x000000008000043C] -> 0x8593
mem[X,0x000000008000043E] -> 0x0205
[276] [M]: 0x000000008000043C (0x02058593) addi a1, a1, 0x20
x11 <- 0x0006000455550020

mem[X,0x0000000080000440] -> 0x0437
mem[X,0x0000000080000442] -> 0xFFFF
[277] [M]: 0x0000000080000440 (0xFFFF0437) lui fp, -0x10
x8 <- 0xFFFFFFFFFFFF0000

mem[X,0x0000000080000444] -> 0x0413
mem[X,0x0000000080000446] -> 0x0404
[278] [M]: 0x0000000080000444 (0x04040413) addi fp, fp, 0x40
x8 <- 0xFFFFFFFFFFFF0040

mem[X,0x0000000080000448] -> 0x1413
mem[X,0x000000008000044A] -> 0x00B4
[279] [M]: 0x0000000080000448 (0x00B41413) slli fp, fp, 0xb
x8 <- 0xFFFFFFFFF8020000

mem[X,0x000000008000044C] -> 0x0413
mem[X,0x000000008000044E] -> 0x0004
[280] [M]: 0x000000008000044C (0x00040413) addi fp, fp, 0x0
x8 <- 0xFFFFFFFFF8020000

mem[X,0x0000000080000450] -> 0x1413
mem[X,0x0000000080000452] -> 0x00B4
[281] [M]: 0x0000000080000450 (0x00B41413) slli fp, fp, 0xb
x8 <- 0xFFFFFFC010000000

mem[X,0x0000000080000454] -> 0x0413
mem[X,0x0000000080000456] -> 0x0C04
[282] [M]: 0x0000000080000454 (0x0C040413) addi fp, fp, 0xc0
x8 <- 0xFFFFFFC0100000C0

mem[X,0x0000000080000458] -> 0x1413
mem[X,0x000000008000045A] -> 0x00A4
[283] [M]: 0x0000000080000458 (0x00A41413) slli fp, fp, 0xa
x8 <- 0xFFFF004000030000

mem[X,0x000000008000045C] -> 0x0413
mem[X,0x000000008000045E] -> 0x0044
[284] [M]: 0x000000008000045C (0x00440413) addi fp, fp, 0x4
x8 <- 0xFFFF004000030004

mem[X,0x0000000080000460] -> 0xF3BB
mem[X,0x0000000080000462] -> 0x8885
[285] [M]: 0x0000000080000460 (0x8885F3BB) pmhacc.h t2, a1, fp
x7 <- 0x001FFDFFFFFC0008

mem[X,0x0000000080000464] -> 0xB423
mem[X,0x0000000080000466] -> 0x0470
[286] [M]: 0x0000000080000464 (0x0470B423) sd t2, 0x48(ra)
mem[0x0000000080004160] <- 0x001FFDFFFFFC0008

mem[X,0x0000000080000468] -> 0x4937
mem[X,0x000000008000046A] -> 0x0005
[287] [M]: 0x0000000080000468 (0x00054937) lui s2, 0x54
x18 <- 0x0000000000054000

mem[X,0x000000008000046C] -> 0x0913
mem[X,0x000000008000046E] -> 0x0009
[288] [M]: 0x000000008000046C (0x00090913) addi s2, s2, 0x0
x18 <- 0x0000000000054000

mem[X,0x0000000080000470] -> 0x1913
mem[X,0x0000000080000472] -> 0x00B9
[289] [M]: 0x0000000080000470 (0x00B91913) slli s2, s2, 0xb
x18 <- 0x000000002A000000

mem[X,0x0000000080000474] -> 0x0913
mem[X,0x0000000080000476] -> 0x0009
[290] [M]: 0x0000000080000474 (0x00090913) addi s2, s2, 0x0
x18 <- 0x000000002A000000

mem[X,0x0000000080000478] -> 0x1913
mem[X,0x000000008000047A] -> 0x00B9
[291] [M]: 0x0000000080000478 (0x00B91913) slli s2, s2, 0xb
x18 <- 0x0000015000000000

mem[X,0x000000008000047C] -> 0x0913
mem[X,0x000000008000047E] -> 0x1409
[292] [M]: 0x000000008000047C (0x14090913) addi s2, s2, 0x140
x18 <- 0x0000015000000140

mem[X,0x0000000080000480] -> 0x1913
mem[X,0x0000000080000482] -> 0x00A9
[293] [M]: 0x0000000080000480 (0x00A91913) slli s2, s2, 0xa
x18 <- 0x0005400000050000

mem[X,0x0000000080000484] -> 0x0913
mem[X,0x0000000080000486] -> 0x0409
[294] [M]: 0x0000000080000484 (0x04090913) addi s2, s2, 0x40
x18 <- 0x0005400000050040

mem[X,0x0000000080000488] -> 0x03B7
mem[X,0x000000008000048A] -> 0xFFFE
[295] [M]: 0x0000000080000488 (0xFFFE03B7) lui t2, -0x20
x7 <- 0xFFFFFFFFFFFE0000

mem[X,0x000000008000048C] -> 0x8393
mem[X,0x000000008000048E] -> 0xFF63
[296] [M]: 0x000000008000048C (0xFF638393) addi t2, t2, -0xa
x7 <- 0xFFFFFFFFFFFDFFF6

mem[X,0x0000000080000490] -> 0x9393
mem[X,0x0000000080000492] -> 0x00B3
[297] [M]: 0x0000000080000490 (0x00B39393) slli t2, t2, 0xb
x7 <- 0xFFFFFFFFEFFFB000

mem[X,0x0000000080000494] -> 0x8393
mem[X,0x0000000080000496] -> 0x0043
[298] [M]: 0x0000000080000494 (0x00438393) addi t2, t2, 0x4
x7 <- 0xFFFFFFFFEFFFB004

mem[X,0x0000000080000498] -> 0x9393
mem[X,0x000000008000049A] -> 0x00B3
[299] [M]: 0x0000000080000498 (0x00B39393) slli t2, t2, 0xb
x7 <- 0xFFFFFF7FFD802000

clint::tick mtime <- 0x0000000000000003
 clint timer pending at mtime 0x0000000000000003
htif::tick 0x0000000000000000
mem[X,0x000000008000049C] -> 0x8393
mem[X,0x000000008000049E] -> 0x03F3
[300] [M]: 0x000000008000049C (0x03F38393) addi t2, t2, 0x3f
x7 <- 0xFFFFFF7FFD80203F

mem[X,0x00000000800004A0] -> 0x9393
mem[X,0x00000000800004A2] -> 0x00A3
[301] [M]: 0x00000000800004A0 (0x00A39393) slli t2, t2, 0xa
x7 <- 0xFFFDFFF60080FC00

mem[X,0x00000000800004A4] -> 0x8393
mem[X,0x00000000800004A6] -> 0x3FE3
[302] [M]: 0x00000000800004A4 (0x3FE38393) addi t2, t2, 0x3fe
x7 <- 0xFFFDFFF60080FFFE

mem[X,0x00000000800004A8] -> 0x71BB
mem[X,0x00000000800004AA] -> 0x8879
[303] [M]: 0x00000000800004A8 (0x887971BB) pmhacc.h gp, s2, t2
x3 <- 0x0002FBB3FAB7FBB5

mem[X,0x00000000800004AC] -> 0xB823
mem[X,0x00000000800004AE] -> 0x0430
[304] [M]: 0x00000000800004AC (0x0430B823) sd gp, 0x50(ra)
mem[0x0000000080004168] <- 0x0002FBB3FAB7FBB5

mem[X,0x00000000800004B0] -> 0x48B7
mem[X,0x00000000800004B2] -> 0x0001
[305] [M]: 0x00000000800004B0 (0x000148B7) lui a7, 0x14
x17 <- 0x0000000000014000

mem[X,0x00000000800004B4] -> 0x8893
mem[X,0x00000000800004B6] -> 0x0008
[306] [M]: 0x00000000800004B4 (0x00088893) addi a7, a7, 0x0
x17 <- 0x0000000000014000

mem[X,0x00000000800004B8] -> 0x9893
mem[X,0x00000000800004BA] -> 0x00B8
[307] [M]: 0x00000000800004B8 (0x00B89893) slli a7, a7, 0xb
x17 <- 0x000000000A000000

mem[X,0x00000000800004BC] -> 0x8893
mem[X,0x00000000800004BE] -> 0x7FB8
[308] [M]: 0x00000000800004BC (0x7FB88893) addi a7, a7, 0x7fb
x17 <- 0x000000000A0007FB

mem[X,0x00000000800004C0] -> 0x9893
mem[X,0x00000000800004C2] -> 0x00B8
[309] [M]: 0x00000000800004C0 (0x00B89893) slli a7, a7, 0xb
x17 <- 0x00000050003FD800

mem[X,0x00000000800004C4] -> 0x8893
mem[X,0x00000000800004C6] -> 0x7C08
[310] [M]: 0x00000000800004C4 (0x7C088893) addi a7, a7, 0x7c0
x17 <- 0x00000050003FDFC0

mem[X,0x00000000800004C8] -> 0x9893
mem[X,0x00000000800004CA] -> 0x00A8
[311] [M]: 0x00000000800004C8 (0x00A89893) slli a7, a7, 0xa
x17 <- 0x00014000FF7F0000

mem[X,0x00000000800004CC] -> 0x8893
mem[X,0x00000000800004CE] -> 0x0808
[312] [M]: 0x00000000800004CC (0x08088893) addi a7, a7, 0x80
x17 <- 0x00014000FF7F0080

mem[X,0x00000000800004D0] -> 0x02B7
mem[X,0x00000000800004D2] -> 0x000A
[313] [M]: 0x00000000800004D0 (0x000A02B7) lui t0, 0xa0
x5 <- 0x00000000000A0000

mem[X,0x00000000800004D4] -> 0x8293
mem[X,0x00000000800004D6] -> 0xFBF2
[314] [M]: 0x00000000800004D4 (0xFBF28293) addi t0, t0, -0x41
x5 <- 0x000000000009FFBF

mem[X,0x00000000800004D8] -> 0x9293
mem[X,0x00000000800004DA] -> 0x00B2
[315] [M]: 0x00000000800004D8 (0x00B29293) slli t0, t0, 0xb
x5 <- 0x000000004FFDF800

mem[X,0x00000000800004DC] -> 0x8293
mem[X,0x00000000800004DE] -> 0x1FF2
[316] [M]: 0x00000000800004DC (0x1FF28293) addi t0, t0, 0x1ff
x5 <- 0x000000004FFDF9FF

mem[X,0x00000000800004E0] -> 0x9293
mem[X,0x00000000800004E2] -> 0x00B2
[317] [M]: 0x00000000800004E0 (0x00B29293) slli t0, t0, 0xb
x5 <- 0x0000027FEFCFF800

mem[X,0x00000000800004E4] -> 0x8293
mem[X,0x00000000800004E6] -> 0x7C02
[318] [M]: 0x00000000800004E4 (0x7C028293) addi t0, t0, 0x7c0
x5 <- 0x0000027FEFCFFFC0

mem[X,0x00000000800004E8] -> 0x9293
mem[X,0x00000000800004EA] -> 0x00A2
[319] [M]: 0x00000000800004E8 (0x00A29293) slli t0, t0, 0xa
x5 <- 0x0009FFBF3FFF0000

mem[X,0x00000000800004EC] -> 0x8293
mem[X,0x00000000800004EE] -> 0x0202
[320] [M]: 0x00000000800004EC (0x02028293) addi t0, t0, 0x20
x5 <- 0x0009FFBF3FFF0020

mem[X,0x00000000800004F0] -> 0xFA3B
mem[X,0x00000000800004F2] -> 0x8858
[321] [M]: 0x00000000800004F0 (0x8858FA3B) pmhacc.h s4, a7, t0
x20 <- 0x0200EFEEFFE60002

mem[X,0x00000000800004F4] -> 0xBC23
mem[X,0x00000000800004F6] -> 0x0540
[322] [M]: 0x00000000800004F4 (0x0540BC23) sd s4, 0x58(ra)
mem[0x0000000080004170] <- 0x0200EFEEFFE60002

mem[X,0x00000000800004F8] -> 0x4FB7
mem[X,0x00000000800004FA] -> 0x0008
[323] [M]: 0x00000000800004F8 (0x00084FB7) lui t6, 0x84
x31 <- 0x0000000000084000

mem[X,0x00000000800004FC] -> 0x8F93
mem[X,0x00000000800004FE] -> 0x000F
[324] [M]: 0x00000000800004FC (0x000F8F93) addi t6, t6, 0x0
x31 <- 0x0000000000084000

mem[X,0x0000000080000500] -> 0x9F93
mem[X,0x0000000080000502] -> 0x00BF
[325] [M]: 0x0000000080000500 (0x00BF9F93) slli t6, t6, 0xb
x31 <- 0x0000000042000000

mem[X,0x0000000080000504] -> 0x8F93
mem[X,0x0000000080000506] -> 0x000F
[326] [M]: 0x0000000080000504 (0x000F8F93) addi t6, t6, 0x0
x31 <- 0x0000000042000000

mem[X,0x0000000080000508] -> 0x9F93
mem[X,0x000000008000050A] -> 0x00BF
[327] [M]: 0x0000000080000508 (0x00BF9F93) slli t6, t6, 0xb
x31 <- 0x0000021000000000

mem[X,0x000000008000050C] -> 0x8F93
mem[X,0x000000008000050E] -> 0x1C0F
[328] [M]: 0x000000008000050C (0x1C0F8F93) addi t6, t6, 0x1c0
x31 <- 0x00000210000001C0

mem[X,0x0000000080000510] -> 0x9F93
mem[X,0x0000000080000512] -> 0x00AF
[329] [M]: 0x0000000080000510 (0x00AF9F93) slli t6, t6, 0xa
x31 <- 0x0008400000070000

mem[X,0x0000000080000514] -> 0x8F93
mem[X,0x0000000080000516] -> 0x100F
[330] [M]: 0x0000000080000514 (0x100F8F93) addi t6, t6, 0x100
x31 <- 0x0008400000070100

mem[X,0x0000000080000518] -> 0x0EB7
mem[X,0x000000008000051A] -> 0xFFFC
[331] [M]: 0x0000000080000518 (0xFFFC0EB7) lui t4, -0x40
x29 <- 0xFFFFFFFFFFFC0000

mem[X,0x000000008000051C] -> 0x8E93
mem[X,0x000000008000051E] -> 0x000E
[332] [M]: 0x000000008000051C (0x000E8E93) addi t4, t4, 0x0
x29 <- 0xFFFFFFFFFFFC0000

mem[X,0x0000000080000520] -> 0x9E93
mem[X,0x0000000080000522] -> 0x00BE
[333] [M]: 0x0000000080000520 (0x00BE9E93) slli t4, t4, 0xb
x29 <- 0xFFFFFFFFE0000000

mem[X,0x0000000080000524] -> 0x8E93
mem[X,0x0000000080000526] -> 0x000E
[334] [M]: 0x0000000080000524 (0x000E8E93) addi t4, t4, 0x0
x29 <- 0xFFFFFFFFE0000000

mem[X,0x0000000080000528] -> 0x9E93
mem[X,0x000000008000052A] -> 0x00BE
[335] [M]: 0x0000000080000528 (0x00BE9E93) slli t4, t4, 0xb
x29 <- 0xFFFFFF0000000000

mem[X,0x000000008000052C] -> 0x8E93
mem[X,0x000000008000052E] -> 0x13FE
[336] [M]: 0x000000008000052C (0x13FE8E93) addi t4, t4, 0x13f
x29 <- 0xFFFFFF000000013F

mem[X,0x0000000080000530] -> 0x9E93
mem[X,0x0000000080000532] -> 0x00AE
[337] [M]: 0x0000000080000530 (0x00AE9E93) slli t4, t4, 0xa
x29 <- 0xFFFC00000004FC00

mem[X,0x0000000080000534] -> 0x8E93
mem[X,0x0000000080000536] -> 0x3FDE
[338] [M]: 0x0000000080000534 (0x3FDE8E93) addi t4, t4, 0x3fd
x29 <- 0xFFFC00000004FFFD

mem[X,0x0000000080000538] -> 0xF43B
mem[X,0x000000008000053A] -> 0x89DF
[339] [M]: 0x0000000080000538 (0x89DFF43B) pmhacc.h fp, t6, t4
x8 <- 0xFFFE004000030003

mem[X,0x000000008000053C] -> 0xB023
mem[X,0x000000008000053E] -> 0x0680
[340] [M]: 0x000000008000053C (0x0680B023) sd fp, 0x60(ra)
mem[0x0000000080004178] <- 0xFFFE004000030003

mem[X,0x0000000080000540] -> 0x01B7
mem[X,0x0000000080000542] -> 0x0003
[341] [M]: 0x0000000080000540 (0x000301B7) lui gp, 0x30
x3 <- 0x0000000000030000

mem[X,0x0000000080000544] -> 0x8193
mem[X,0x0000000080000546] -> 0x0001
[342] [M]: 0x0000000080000544 (0x00018193) addi gp, gp, 0x0
x3 <- 0x0000000000030000

mem[X,0x0000000080000548] -> 0x9193
mem[X,0x000000008000054A] -> 0x00B1
[343] [M]: 0x0000000080000548 (0x00B19193) slli gp, gp, 0xb
x3 <- 0x0000000018000000

mem[X,0x000000008000054C] -> 0x8193
mem[X,0x000000008000054E] -> 0x0001
[344] [M]: 0x000000008000054C (0x00018193) addi gp, gp, 0x0
x3 <- 0x0000000018000000

mem[X,0x0000000080000550] -> 0x9193
mem[X,0x0000000080000552] -> 0x00B1
[345] [M]: 0x0000000080000550 (0x00B19193) slli gp, gp, 0xb
x3 <- 0x000000C000000000

mem[X,0x0000000080000554] -> 0x8193
mem[X,0x0000000080000556] -> 0x0801
[346] [M]: 0x0000000080000554 (0x08018193) addi gp, gp, 0x80
x3 <- 0x000000C000000080

mem[X,0x0000000080000558] -> 0x9193
mem[X,0x000000008000055A] -> 0x00A1
[347] [M]: 0x0000000080000558 (0x00A19193) slli gp, gp, 0xa
x3 <- 0x0003000000020000

mem[X,0x000000008000055C] -> 0x8193
mem[X,0x000000008000055E] -> 0x2001
[348] [M]: 0x000000008000055C (0x20018193) addi gp, gp, 0x200
x3 <- 0x0003000000020200

mem[X,0x0000000080000560] -> 0xF937
mem[X,0x0000000080000562] -> 0xFFFC
[349] [M]: 0x0000000080000560 (0xFFFCF937) lui s2, -0x31
x18 <- 0xFFFFFFFFFFFCF000

mem[X,0x0000000080000564] -> 0x0913
mem[X,0x0000000080000566] -> 0xFFF9
[350] [M]: 0x0000000080000564 (0xFFF90913) addi s2, s2, -0x1
x18 <- 0xFFFFFFFFFFFCEFFF

mem[X,0x0000000080000568] -> 0x1913
mem[X,0x000000008000056A] -> 0x00B9
[351] [M]: 0x0000000080000568 (0x00B91913) slli s2, s2, 0xb
x18 <- 0xFFFFFFFFE77FF800

mem[X,0x000000008000056C] -> 0x0913
mem[X,0x000000008000056E] -> 0x0009
[352] [M]: 0x000000008000056C (0x00090913) addi s2, s2, 0x0
x18 <- 0xFFFFFFFFE77FF800

mem[X,0x0000000080000570] -> 0x1913
mem[X,0x0000000080000572] -> 0x00B9
[353] [M]: 0x0000000080000570 (0x00B91913) slli s2, s2, 0xb
x18 <- 0xFFFFFF3BFFC00000

mem[X,0x0000000080000574] -> 0x0913
mem[X,0x0000000080000576] -> 0x0D09
[354] [M]: 0x0000000080000574 (0x0D090913) addi s2, s2, 0xd0
x18 <- 0xFFFFFF3BFFC000D0

mem[X,0x0000000080000578] -> 0x1913
mem[X,0x000000008000057A] -> 0x00A9
[355] [M]: 0x0000000080000578 (0x00A91913) slli s2, s2, 0xa
x18 <- 0xFFFCEFFF00034000

mem[X,0x000000008000057C] -> 0xFABB
mem[X,0x000000008000057E] -> 0x8921
[356] [M]: 0x000000008000057C (0x8921FABB) pmhacc.h s5, gp, s2
x21 <- 0xFFFF00000FAB803B

mem[X,0x0000000080000580] -> 0xB423
mem[X,0x0000000080000582] -> 0x0750
[357] [M]: 0x0000000080000580 (0x0750B423) sd s5, 0x68(ra)
mem[0x0000000080004180] <- 0xFFFF00000FAB803B

mem[X,0x0000000080000584] -> 0x0013
mem[X,0x0000000080000586] -> 0x0000
[358] [M]: 0x0000000080000584 (0x00000013) addi zero, zero, 0x0

mem[X,0x0000000080000588] -> 0x0013
mem[X,0x000000008000058A] -> 0x0000
[359] [M]: 0x0000000080000588 (0x00000013) addi zero, zero, 0x0

mem[X,0x000000008000058C] -> 0x0013
mem[X,0x000000008000058E] -> 0x0000
[360] [M]: 0x000000008000058C (0x00000013) addi zero, zero, 0x0

mem[X,0x0000000080000590] -> 0x0013
mem[X,0x0000000080000592] -> 0x0000
[361] [M]: 0x0000000080000590 (0x00000013) addi zero, zero, 0x0

mem[X,0x0000000080000594] -> 0x0013
mem[X,0x0000000080000596] -> 0x0000
[362] [M]: 0x0000000080000594 (0x00000013) addi zero, zero, 0x0

mem[X,0x0000000080000598] -> 0x0013
mem[X,0x000000008000059A] -> 0x0000
[363] [M]: 0x0000000080000598 (0x00000013) addi zero, zero, 0x0

mem[X,0x000000008000059C] -> 0x0013
mem[X,0x000000008000059E] -> 0x0000
[364] [M]: 0x000000008000059C (0x00000013) addi zero, zero, 0x0

mem[X,0x00000000800005A0] -> 0x4117
mem[X,0x00000000800005A2] -> 0x0000
[365] [M]: 0x00000000800005A0 (0x00004117) auipc sp, 0x4
x2 <- 0x00000000800045A0

mem[X,0x00000000800005A4] -> 0x0113
mem[X,0x00000000800005A6] -> 0xBE81
[366] [M]: 0x00000000800005A4 (0xBE810113) addi sp, sp, -0x418
x2 <- 0x0000000080004188

mem[X,0x00000000800005A8] -> 0x0013
mem[X,0x00000000800005AA] -> 0x0000
[367] [M]: 0x00000000800005A8 (0x00000013) addi zero, zero, 0x0

mem[X,0x00000000800005AC] -> 0x0013
mem[X,0x00000000800005AE] -> 0x0000
[368] [M]: 0x00000000800005AC (0x00000013) addi zero, zero, 0x0

mem[X,0x00000000800005B0] -> 0x0013
mem[X,0x00000000800005B2] -> 0x0000
[369] [M]: 0x00000000800005B0 (0x00000013) addi zero, zero, 0x0

mem[X,0x00000000800005B4] -> 0x0013
mem[X,0x00000000800005B6] -> 0x0000
[370] [M]: 0x00000000800005B4 (0x00000013) addi zero, zero, 0x0

mem[X,0x00000000800005B8] -> 0x0013
mem[X,0x00000000800005BA] -> 0x0000
[371] [M]: 0x00000000800005B8 (0x00000013) addi zero, zero, 0x0

mem[X,0x00000000800005BC] -> 0x0013
mem[X,0x00000000800005BE] -> 0x0000
[372] [M]: 0x00000000800005BC (0x00000013) addi zero, zero, 0x0

mem[X,0x00000000800005C0] -> 0x00B7
mem[X,0x00000000800005C2] -> 0x0002
[373] [M]: 0x00000000800005C0 (0x000200B7) lui ra, 0x20
x1 <- 0x0000000000020000

mem[X,0x00000000800005C4] -> 0x8093
mem[X,0x00000000800005C6] -> 0xEFF0
[374] [M]: 0x00000000800005C4 (0xEFF08093) addi ra, ra, -0x101
x1 <- 0x000000000001FEFF

mem[X,0x00000000800005C8] -> 0x9093
mem[X,0x00000000800005CA] -> 0x00B0
[375] [M]: 0x00000000800005C8 (0x00B09093) slli ra, ra, 0xb
x1 <- 0x000000000FF7F800

mem[X,0x00000000800005CC] -> 0x8093
mem[X,0x00000000800005CE] -> 0x0040
[376] [M]: 0x00000000800005CC (0x00408093) addi ra, ra, 0x4
x1 <- 0x000000000FF7F804

mem[X,0x00000000800005D0] -> 0x9093
mem[X,0x00000000800005D2] -> 0x00B0
[377] [M]: 0x00000000800005D0 (0x00B09093) slli ra, ra, 0xb
x1 <- 0x0000007FBFC02000

mem[X,0x00000000800005D4] -> 0x8093
mem[X,0x00000000800005D6] -> 0x0010
[378] [M]: 0x00000000800005D4 (0x00108093) addi ra, ra, 0x1
x1 <- 0x0000007FBFC02001

mem[X,0x00000000800005D8] -> 0x9093
mem[X,0x00000000800005DA] -> 0x00A0
[379] [M]: 0x00000000800005D8 (0x00A09093) slli ra, ra, 0xa
x1 <- 0x0001FEFF00800400

mem[X,0x00000000800005DC] -> 0x0337
mem[X,0x00000000800005DE] -> 0xFFF7
[380] [M]: 0x00000000800005DC (0xFFF70337) lui t1, -0x90
x6 <- 0xFFFFFFFFFFF70000

mem[X,0x00000000800005E0] -> 0x0313
mem[X,0x00000000800005E2] -> 0x0203
[381] [M]: 0x00000000800005E0 (0x02030313) addi t1, t1, 0x20
x6 <- 0xFFFFFFFFFFF70020

mem[X,0x00000000800005E4] -> 0x1313
mem[X,0x00000000800005E6] -> 0x00B3
[382] [M]: 0x00000000800005E4 (0x00B31313) slli t1, t1, 0xb
x6 <- 0xFFFFFFFFB8010000

mem[X,0x00000000800005E8] -> 0x0313
mem[X,0x00000000800005EA] -> 0x7F73
[383] [M]: 0x00000000800005E8 (0x7F730313) addi t1, t1, 0x7f7
x6 <- 0xFFFFFFFFB80107F7

mem[X,0x00000000800005EC] -> 0x1313
mem[X,0x00000000800005EE] -> 0x00B3
[384] [M]: 0x00000000800005EC (0x00B31313) slli t1, t1, 0xb
x6 <- 0xFFFFFDC0083FB800

mem[X,0x00000000800005F0] -> 0x0313
mem[X,0x00000000800005F2] -> 0x7C03
[385] [M]: 0x00000000800005F0 (0x7C030313) addi t1, t1, 0x7c0
x6 <- 0xFFFFFDC0083FBFC0

mem[X,0x00000000800005F4] -> 0x1313
mem[X,0x00000000800005F6] -> 0x00A3
[386] [M]: 0x00000000800005F4 (0x00A31313) slli t1, t1, 0xa
x6 <- 0xFFF70020FEFF0000

mem[X,0x00000000800005F8] -> 0x0313
mem[X,0x00000000800005FA] -> 0x0803
[387] [M]: 0x00000000800005F8 (0x08030313) addi t1, t1, 0x80
x6 <- 0xFFF70020FEFF0080

mem[X,0x00000000800005FC] -> 0xFFBB
mem[X,0x00000000800005FE] -> 0x8860
[388] [M]: 0x00000000800005FC (0x8860FFBB) pmhacc.h t6, ra, t1
x31 <- 0x00073FFF00060102

mem[X,0x0000000080000600] -> 0x3023
mem[X,0x0000000080000602] -> 0x01F1
[389] [M]: 0x0000000080000600 (0x01F13023) sd t6, 0x0(sp)
mem[0x0000000080004188] <- 0x00073FFF00060102

mem[X,0x0000000080000604] -> 0x0237
mem[X,0x0000000080000606] -> 0x0007
[390] [M]: 0x0000000080000604 (0x00070237) lui tp, 0x70
x4 <- 0x0000000000070000

mem[X,0x0000000080000608] -> 0x0213
mem[X,0x000000008000060A] -> 0x0092
[391] [M]: 0x0000000080000608 (0x00920213) addi tp, tp, 0x9
x4 <- 0x0000000000070009

mem[X,0x000000008000060C] -> 0x1213
mem[X,0x000000008000060E] -> 0x00B2
[392] [M]: 0x000000008000060C (0x00B21213) slli tp, tp, 0xb
x4 <- 0x0000000038004800

mem[X,0x0000000080000610] -> 0x0213
mem[X,0x0000000080000612] -> 0x5552
[393] [M]: 0x0000000080000610 (0x55520213) addi tp, tp, 0x555
x4 <- 0x0000000038004D55

mem[X,0x0000000080000614] -> 0x1213
mem[X,0x0000000080000616] -> 0x00B2
[394] [M]: 0x0000000080000614 (0x00B21213) slli tp, tp, 0xb
x4 <- 0x000001C0026AA800

mem[X,0x0000000080000618] -> 0x0213
mem[X,0x000000008000061A] -> 0x2822
[395] [M]: 0x0000000080000618 (0x28220213) addi tp, tp, 0x282
x4 <- 0x000001C0026AAA82

mem[X,0x000000008000061C] -> 0x1213
mem[X,0x000000008000061E] -> 0x00A2
[396] [M]: 0x000000008000061C (0x00A21213) slli tp, tp, 0xa
x4 <- 0x00070009AAAA0800

mem[X,0x0000000080000620] -> 0xF1B7
mem[X,0x0000000080000622] -> 0xFFFA
[397] [M]: 0x0000000080000620 (0xFFFAF1B7) lui gp, -0x51
x3 <- 0xFFFFFFFFFFFAF000

mem[X,0x0000000080000624] -> 0x8193
mem[X,0x0000000080000626] -> 0x7FF1
[398] [M]: 0x0000000080000624 (0x7FF18193) addi gp, gp, 0x7ff
x3 <- 0xFFFFFFFFFFFAF7FF

mem[X,0x0000000080000628] -> 0x9193
mem[X,0x000000008000062A] -> 0x00B1
[399] [M]: 0x0000000080000628 (0x00B19193) slli gp, gp, 0xb
x3 <- 0xFFFFFFFFD7BFF800

clint::tick mtime <- 0x0000000000000004
 clint timer pending at mtime 0x0000000000000004
htif::tick 0x0000000000000000
mem[X,0x000000008000062C] -> 0x8193
mem[X,0x000000008000062E] -> 0x0001
[400] [M]: 0x000000008000062C (0x00018193) addi gp, gp, 0x0
x3 <- 0xFFFFFFFFD7BFF800

mem[X,0x0000000080000630] -> 0x9193
mem[X,0x0000000080000632] -> 0x00B1
[401] [M]: 0x0000000080000630 (0x00B19193) slli gp, gp, 0xb
x3 <- 0xFFFFFEBDFFC00000

mem[X,0x0000000080000634] -> 0x8193
mem[X,0x0000000080000636] -> 0x26A1
[402] [M]: 0x0000000080000634 (0x26A18193) addi gp, gp, 0x26a
x3 <- 0xFFFFFEBDFFC0026A

mem[X,0x0000000080000638] -> 0x9193
mem[X,0x000000008000063A] -> 0x00A1
[403] [M]: 0x0000000080000638 (0x00A19193) slli gp, gp, 0xa
x3 <- 0xFFFAF7FF0009A800

mem[X,0x000000008000063C] -> 0x8193
mem[X,0x000000008000063E] -> 0x2AA1
[404] [M]: 0x000000008000063C (0x2AA18193) addi gp, gp, 0x2aa
x3 <- 0xFFFAF7FF0009AAAA

mem[X,0x0000000080000640] -> 0x70BB
mem[X,0x0000000080000642] -> 0x8832
[405] [M]: 0x0000000080000640 (0x883270BB) pmhacc.h ra, tp, gp
x1 <- 0x0000FEFE007C0155

mem[X,0x0000000080000644] -> 0x3423
mem[X,0x0000000080000646] -> 0x0011
[406] [M]: 0x0000000080000644 (0x00113423) sd ra, 0x8(sp)
mem[0x0000000080004190] <- 0x0000FEFE007C0155

mem[X,0x0000000080000648] -> 0x1EB7
mem[X,0x000000008000064A] -> 0xFF7F
[407] [M]: 0x0000000080000648 (0xFF7F1EB7) lui t4, -0x80f
x29 <- 0xFFFFFFFFFF7F1000

mem[X,0x000000008000064C] -> 0x8E93
mem[X,0x000000008000064E] -> 0x800E
[408] [M]: 0x000000008000064C (0x800E8E93) addi t4, t4, -0x800
x29 <- 0xFFFFFFFFFF7F0800

mem[X,0x0000000080000650] -> 0x9E93
mem[X,0x0000000080000652] -> 0x00BE
[409] [M]: 0x0000000080000650 (0x00BE9E93) slli t4, t4, 0xb
x29 <- 0xFFFFFFFBF8400000

mem[X,0x0000000080000654] -> 0x8E93
mem[X,0x0000000080000656] -> 0x000E
[410] [M]: 0x0000000080000654 (0x000E8E93) addi t4, t4, 0x0
x29 <- 0xFFFFFFFBF8400000

mem[X,0x0000000080000658] -> 0x9E93
mem[X,0x000000008000065A] -> 0x00BE
[411] [M]: 0x0000000080000658 (0x00BE9E93) slli t4, t4, 0xb
x29 <- 0xFFFFDFC200000000

mem[X,0x000000008000065C] -> 0x8E93
mem[X,0x000000008000065E] -> 0x004E
[412] [M]: 0x000000008000065C (0x004E8E93) addi t4, t4, 0x4
x29 <- 0xFFFFDFC200000004

mem[X,0x0000000080000660] -> 0x9E93
mem[X,0x0000000080000662] -> 0x00AE
[413] [M]: 0x0000000080000660 (0x00AE9E93) slli t4, t4, 0xa
x29 <- 0xFF7F080000001000

mem[X,0x0000000080000664] -> 0x0CB7
mem[X,0x0000000080000666] -> 0xFFFD
[414] [M]: 0x0000000080000664 (0xFFFD0CB7) lui s9, -0x30
x25 <- 0xFFFFFFFFFFFD0000

mem[X,0x0000000080000668] -> 0x8C93
mem[X,0x000000008000066A] -> 0xDFFC
[415] [M]: 0x0000000080000668 (0xDFFC8C93) addi s9, s9, -0x201
x25 <- 0xFFFFFFFFFFFCFDFF

mem[X,0x000000008000066C] -> 0x9C93
mem[X,0x000000008000066E] -> 0x00BC
[416] [M]: 0x000000008000066C (0x00BC9C93) slli s9, s9, 0xb
x25 <- 0xFFFFFFFFE7EFF800

mem[X,0x0000000080000670] -> 0x8C93
mem[X,0x0000000080000672] -> 0x3FFC
[417] [M]: 0x0000000080000670 (0x3FFC8C93) addi s9, s9, 0x3ff
x25 <- 0xFFFFFFFFE7EFFBFF

mem[X,0x0000000080000674] -> 0x9C93
mem[X,0x0000000080000676] -> 0x00BC
[418] [M]: 0x0000000080000674 (0x00BC9C93) slli s9, s9, 0xb
x25 <- 0xFFFFFF3F7FDFF800

mem[X,0x0000000080000678] -> 0x8C93
mem[X,0x000000008000067A] -> 0x7FFC
[419] [M]: 0x0000000080000678 (0x7FFC8C93) addi s9, s9, 0x7ff
x25 <- 0xFFFFFF3F7FDFFFFF

mem[X,0x000000008000067C] -> 0x9C93
mem[X,0x000000008000067E] -> 0x00AC
[420] [M]: 0x000000008000067C (0x00AC9C93) slli s9, s9, 0xa
x25 <- 0xFFFCFDFF7FFFFC00

mem[X,0x0000000080000680] -> 0x8C93
mem[X,0x0000000080000682] -> 0x3FAC
[421] [M]: 0x0000000080000680 (0x3FAC8C93) addi s9, s9, 0x3fa
x25 <- 0xFFFCFDFF7FFFFFFA

mem[X,0x0000000080000684] -> 0xF53B
mem[X,0x0000000080000686] -> 0x899E
[422] [M]: 0x0000000080000684 (0x899EF53B) pmhacc.h a0, t4, s9
x10 <- 0xFFDFFFEC0007FFF8

mem[X,0x0000000080000688] -> 0x3823
mem[X,0x000000008000068A] -> 0x00A1
[423] [M]: 0x0000000080000688 (0x00A13823) sd a0, 0x10(sp)
mem[0x0000000080004198] <- 0xFFDFFFEC0007FFF8

mem[X,0x000000008000068C] -> 0x0837
mem[X,0x000000008000068E] -> 0xFFF0
[424] [M]: 0x000000008000068C (0xFFF00837) lui a6, -0x100
x16 <- 0xFFFFFFFFFFF00000

mem[X,0x0000000080000690] -> 0x0813
mem[X,0x0000000080000692] -> 0xFFC8
[425] [M]: 0x0000000080000690 (0xFFC80813) addi a6, a6, -0x4
x16 <- 0xFFFFFFFFFFEFFFFC

mem[X,0x0000000080000694] -> 0x1813
mem[X,0x0000000080000696] -> 0x00B8
[426] [M]: 0x0000000080000694 (0x00B81813) slli a6, a6, 0xb
x16 <- 0xFFFFFFFF7FFFE000

mem[X,0x0000000080000698] -> 0x0813
mem[X,0x000000008000069A] -> 0x7FF8
[427] [M]: 0x0000000080000698 (0x7FF80813) addi a6, a6, 0x7ff
x16 <- 0xFFFFFFFF7FFFE7FF

mem[X,0x000000008000069C] -> 0x1813
mem[X,0x000000008000069E] -> 0x00B8
[428] [M]: 0x000000008000069C (0x00B81813) slli a6, a6, 0xb
x16 <- 0xFFFFFBFFFF3FF800

mem[X,0x00000000800006A0] -> 0x0813
mem[X,0x00000000800006A2] -> 0x7888
[429] [M]: 0x00000000800006A0 (0x78880813) addi a6, a6, 0x788
x16 <- 0xFFFFFBFFFF3FFF88

mem[X,0x00000000800006A4] -> 0x1813
mem[X,0x00000000800006A6] -> 0x00A8
[430] [M]: 0x00000000800006A4 (0x00A81813) slli a6, a6, 0xa
x16 <- 0xFFEFFFFCFFFE2000

mem[X,0x00000000800006A8] -> 0x0C37
mem[X,0x00000000800006AA] -> 0x0003
[431] [M]: 0x00000000800006A8 (0x00030C37) lui s8, 0x30
x24 <- 0x0000000000030000

mem[X,0x00000000800006AC] -> 0x0C13
mem[X,0x00000000800006AE] -> 0x080C
[432] [M]: 0x00000000800006AC (0x080C0C13) addi s8, s8, 0x80
x24 <- 0x0000000000030080

mem[X,0x00000000800006B0] -> 0x1C13
mem[X,0x00000000800006B2] -> 0x00BC
[433] [M]: 0x00000000800006B0 (0x00BC1C13) slli s8, s8, 0xb
x24 <- 0x0000000018040000

mem[X,0x00000000800006B4] -> 0x0C13
mem[X,0x00000000800006B6] -> 0x020C
[434] [M]: 0x00000000800006B4 (0x020C0C13) addi s8, s8, 0x20
x24 <- 0x0000000018040020

mem[X,0x00000000800006B8] -> 0x1C13
mem[X,0x00000000800006BA] -> 0x00BC
[435] [M]: 0x00000000800006B8 (0x00BC1C13) slli s8, s8, 0xb
x24 <- 0x000000C020010000

mem[X,0x00000000800006BC] -> 0x0C13
mem[X,0x00000000800006BE] -> 0x000C
[436] [M]: 0x00000000800006BC (0x000C0C13) addi s8, s8, 0x0
x24 <- 0x000000C020010000

mem[X,0x00000000800006C0] -> 0x1C13
mem[X,0x00000000800006C2] -> 0x00AC
[437] [M]: 0x00000000800006C0 (0x00AC1C13) slli s8, s8, 0xa
x24 <- 0x0003008004000000

mem[X,0x00000000800006C4] -> 0x0C13
mem[X,0x00000000800006C6] -> 0x006C
[438] [M]: 0x00000000800006C4 (0x006C0C13) addi s8, s8, 0x6
x24 <- 0x0003008004000006

mem[X,0x00000000800006C8] -> 0x703B
mem[X,0x00000000800006CA] -> 0x8988
[439] [M]: 0x00000000800006C8 (0x8988703B) pmhacc.h zero, a6, s8

mem[X,0x00000000800006CC] -> 0x3C23
mem[X,0x00000000800006CE] -> 0x0001
[440] [M]: 0x00000000800006CC (0x00013C23) sd zero, 0x18(sp)
mem[0x00000000800041A0] <- 0x0000000000000000

mem[X,0x00000000800006D0] -> 0x0B37
mem[X,0x00000000800006D2] -> 0xF800
[441] [M]: 0x00000000800006D0 (0xF8000B37) lui s6, -0x8000
x22 <- 0xFFFFFFFFF8000000

mem[X,0x00000000800006D4] -> 0x0B13
mem[X,0x00000000800006D6] -> 0xFFEB
[442] [M]: 0x00000000800006D4 (0xFFEB0B13) addi s6, s6, -0x2
x22 <- 0xFFFFFFFFF7FFFFFE

mem[X,0x00000000800006D8] -> 0x1B13
mem[X,0x00000000800006DA] -> 0x00BB
[443] [M]: 0x00000000800006D8 (0x00BB1B13) slli s6, s6, 0xb
x22 <- 0xFFFFFFBFFFFFF000

mem[X,0x00000000800006DC] -> 0x0B13
mem[X,0x00000000800006DE] -> 0x7F7B
[444] [M]: 0x00000000800006DC (0x7F7B0B13) addi s6, s6, 0x7f7
x22 <- 0xFFFFFFBFFFFFF7F7

mem[X,0x00000000800006E0] -> 0x1B13
mem[X,0x00000000800006E2] -> 0x00BB
[445] [M]: 0x00000000800006E0 (0x00BB1B13) slli s6, s6, 0xb
x22 <- 0xFFFDFFFFFFBFB800

mem[X,0x00000000800006E4] -> 0x0B13
mem[X,0x00000000800006E6] -> 0x7D0B
[446] [M]: 0x00000000800006E4 (0x7D0B0B13) addi s6, s6, 0x7d0
x22 <- 0xFFFDFFFFFFBFBFD0

mem[X,0x00000000800006E8] -> 0x1B13
mem[X,0x00000000800006EA] -> 0x00AB
[447] [M]: 0x00000000800006E8 (0x00AB1B13) slli s6, s6, 0xa
x22 <- 0xF7FFFFFEFEFF4000

mem[X,0x00000000800006EC] -> 0x48B7
mem[X,0x00000000800006EE] -> 0x0100
[448] [M]: 0x00000000800006EC (0x010048B7) lui a7, 0x1004
x17 <- 0x0000000001004000

mem[X,0x00000000800006F0] -> 0x8893
mem[X,0x00000000800006F2] -> 0xFFF8
[449] [M]: 0x00000000800006F0 (0xFFF88893) addi a7, a7, -0x1
x17 <- 0x0000000001003FFF

mem[X,0x00000000800006F4] -> 0x9893
mem[X,0x00000000800006F6] -> 0x00B8
[450] [M]: 0x00000000800006F4 (0x00B89893) slli a7, a7, 0xb
x17 <- 0x0000000801FFF800

mem[X,0x00000000800006F8] -> 0x8893
mem[X,0x00000000800006FA] -> 0x0028
[451] [M]: 0x00000000800006F8 (0x00288893) addi a7, a7, 0x2
x17 <- 0x0000000801FFF802

mem[X,0x00000000800006FC] -> 0x9893
mem[X,0x00000000800006FE] -> 0x00B8
[452] [M]: 0x00000000800006FC (0x00B89893) slli a7, a7, 0xb
x17 <- 0x0000400FFFC01000

mem[X,0x0000000080000700] -> 0x8893
mem[X,0x0000000080000702] -> 0x03B8
[453] [M]: 0x0000000080000700 (0x03B88893) addi a7, a7, 0x3b
x17 <- 0x0000400FFFC0103B

mem[X,0x0000000080000704] -> 0x9893
mem[X,0x0000000080000706] -> 0x00A8
[454] [M]: 0x0000000080000704 (0x00A89893) slli a7, a7, 0xa
x17 <- 0x01003FFF0040EC00

mem[X,0x0000000080000708] -> 0x8893
mem[X,0x000000008000070A] -> 0x3FF8
[455] [M]: 0x0000000080000708 (0x3FF88893) addi a7, a7, 0x3ff
x17 <- 0x01003FFF0040EFFF

mem[X,0x000000008000070C] -> 0x75BB
mem[X,0x000000008000070E] -> 0x891B
[456] [M]: 0x000000008000070C (0x891B75BB) pmhacc.h a1, s6, a7
x11 <- 0xFFFD00035554FC1F

mem[X,0x0000000080000710] -> 0x3023
mem[X,0x0000000080000712] -> 0x02B1
[457] [M]: 0x0000000080000710 (0x02B13023) sd a1, 0x20(sp)
mem[0x00000000800041A8] <- 0xFFFD00035554FC1F

mem[X,0x0000000080000714] -> 0x0637
mem[X,0x0000000080000716] -> 0xFF80
[458] [M]: 0x0000000080000714 (0xFF800637) lui a2, -0x800
x12 <- 0xFFFFFFFFFF800000

mem[X,0x0000000080000718] -> 0x0613
mem[X,0x000000008000071A] -> 0xFBF6
[459] [M]: 0x0000000080000718 (0xFBF60613) addi a2, a2, -0x41
x12 <- 0xFFFFFFFFFF7FFFBF

mem[X,0x000000008000071C] -> 0x1613
mem[X,0x000000008000071E] -> 0x00B6
[460] [M]: 0x000000008000071C (0x00B61613) slli a2, a2, 0xb
x12 <- 0xFFFFFFFBFFFDF800

mem[X,0x0000000080000720] -> 0x0613
mem[X,0x0000000080000722] -> 0x0026
[461] [M]: 0x0000000080000720 (0x00260613) addi a2, a2, 0x2
x12 <- 0xFFFFFFFBFFFDF802

mem[X,0x0000000080000724] -> 0x1613
mem[X,0x0000000080000726] -> 0x00B6
[462] [M]: 0x0000000080000724 (0x00B61613) slli a2, a2, 0xb
x12 <- 0xFFFFDFFFEFC01000

mem[X,0x0000000080000728] -> 0x0613
mem[X,0x000000008000072A] -> 0x03F6
[463] [M]: 0x0000000080000728 (0x03F60613) addi a2, a2, 0x3f
x12 <- 0xFFFFDFFFEFC0103F

mem[X,0x000000008000072C] -> 0x1613
mem[X,0x000000008000072E] -> 0x00A6
[464] [M]: 0x000000008000072C (0x00A61613) slli a2, a2, 0xa
x12 <- 0xFF7FFFBF0040FC00

mem[X,0x0000000080000730] -> 0x0613
mem[X,0x0000000080000732] -> 0x3FE6
[465] [M]: 0x0000000080000730 (0x3FE60613) addi a2, a2, 0x3fe
x12 <- 0xFF7FFFBF0040FFFE

mem[X,0x0000000080000734] -> 0x0AB7
mem[X,0x0000000080000736] -> 0xFFFB
[466] [M]: 0x0000000080000734 (0xFFFB0AB7) lui s5, -0x50
x21 <- 0xFFFFFFFFFFFB0000

mem[X,0x0000000080000738] -> 0x8A93
mem[X,0x000000008000073A] -> 0x000A
[467] [M]: 0x0000000080000738 (0x000A8A93) addi s5, s5, 0x0
x21 <- 0xFFFFFFFFFFFB0000

mem[X,0x000000008000073C] -> 0x9A93
mem[X,0x000000008000073E] -> 0x00BA
[468] [M]: 0x000000008000073C (0x00BA9A93) slli s5, s5, 0xb
x21 <- 0xFFFFFFFFD8000000

mem[X,0x0000000080000740] -> 0x8A93
mem[X,0x0000000080000742] -> 0x000A
[469] [M]: 0x0000000080000740 (0x000A8A93) addi s5, s5, 0x0
x21 <- 0xFFFFFFFFD8000000

mem[X,0x0000000080000744] -> 0x9A93
mem[X,0x0000000080000746] -> 0x00BA
[470] [M]: 0x0000000080000744 (0x00BA9A93) slli s5, s5, 0xb
x21 <- 0xFFFFFEC000000000

mem[X,0x0000000080000748] -> 0x8A93
mem[X,0x000000008000074A] -> 0x1B0A
[471] [M]: 0x0000000080000748 (0x1B0A8A93) addi s5, s5, 0x1b0
x21 <- 0xFFFFFEC0000001B0

mem[X,0x000000008000074C] -> 0x9A93
mem[X,0x000000008000074E] -> 0x00AA
[472] [M]: 0x000000008000074C (0x00AA9A93) slli s5, s5, 0xa
x21 <- 0xFFFB00000006C000

mem[X,0x0000000080000750] -> 0x78BB
mem[X,0x0000000080000752] -> 0x8956
[473] [M]: 0x0000000080000750 (0x895678BB) pmhacc.h a7, a2, s5
x17 <- 0x01003FFF0040EFFF

mem[X,0x0000000080000754] -> 0x3423
mem[X,0x0000000080000756] -> 0x0311
[474] [M]: 0x0000000080000754 (0x03113423) sd a7, 0x28(sp)
mem[0x00000000800041B0] <- 0x01003FFF0040EFFF

mem[X,0x0000000080000758] -> 0x19B7
mem[X,0x000000008000075A] -> 0xFFFE
[475] [M]: 0x0000000080000758 (0xFFFE19B7) lui s3, -0x1f
x19 <- 0xFFFFFFFFFFFE1000

mem[X,0x000000008000075C] -> 0x8993
mem[X,0x000000008000075E] -> 0x8009
[476] [M]: 0x000000008000075C (0x80098993) addi s3, s3, -0x800
x19 <- 0xFFFFFFFFFFFE0800

mem[X,0x0000000080000760] -> 0x9993
mem[X,0x0000000080000762] -> 0x00B9
[477] [M]: 0x0000000080000760 (0x00B99993) slli s3, s3, 0xb
x19 <- 0xFFFFFFFFF0400000

mem[X,0x0000000080000764] -> 0x8993
mem[X,0x0000000080000766] -> 0x7FF9
[478] [M]: 0x0000000080000764 (0x7FF98993) addi s3, s3, 0x7ff
x19 <- 0xFFFFFFFFF04007FF

mem[X,0x0000000080000768] -> 0x9993
mem[X,0x000000008000076A] -> 0x00B9
[479] [M]: 0x0000000080000768 (0x00B99993) slli s3, s3, 0xb
x19 <- 0xFFFFFF82003FF800

mem[X,0x000000008000076C] -> 0x8993
mem[X,0x000000008000076E] -> 0x63F9
[480] [M]: 0x000000008000076C (0x63F98993) addi s3, s3, 0x63f
x19 <- 0xFFFFFF82003FFE3F

mem[X,0x0000000080000770] -> 0x9993
mem[X,0x0000000080000772] -> 0x00A9
[481] [M]: 0x0000000080000770 (0x00A99993) slli s3, s3, 0xa
x19 <- 0xFFFE0800FFF8FC00

mem[X,0x0000000080000774] -> 0x8993
mem[X,0x0000000080000776] -> 0x3FD9
[482] [M]: 0x0000000080000774 (0x3FD98993) addi s3, s3, 0x3fd
x19 <- 0xFFFE0800FFF8FFFD

mem[X,0x0000000080000778] -> 0x00B7
mem[X,0x000000008000077A] -> 0xFFC0
[483] [M]: 0x0000000080000778 (0xFFC000B7) lui ra, -0x400
x1 <- 0xFFFFFFFFFFC00000

mem[X,0x000000008000077C] -> 0x8093
mem[X,0x000000008000077E] -> 0xFF70
[484] [M]: 0x000000008000077C (0xFF708093) addi ra, ra, -0x9
x1 <- 0xFFFFFFFFFFBFFFF7

mem[X,0x0000000080000780] -> 0x9093
mem[X,0x0000000080000782] -> 0x00B0
[485] [M]: 0x0000000080000780 (0x00B09093) slli ra, ra, 0xb
x1 <- 0xFFFFFFFDFFFFB800

mem[X,0x0000000080000784] -> 0x8093
mem[X,0x0000000080000786] -> 0x7FF0
[486] [M]: 0x0000000080000784 (0x7FF08093) addi ra, ra, 0x7ff
x1 <- 0xFFFFFFFDFFFFBFFF

mem[X,0x0000000080000788] -> 0x9093
mem[X,0x000000008000078A] -> 0x00B0
[487] [M]: 0x0000000080000788 (0x00B09093) slli ra, ra, 0xb
x1 <- 0xFFFFEFFFFDFFF800

mem[X,0x000000008000078C] -> 0x8093
mem[X,0x000000008000078E] -> 0x7400
[488] [M]: 0x000000008000078C (0x74008093) addi ra, ra, 0x740
x1 <- 0xFFFFEFFFFDFFFF40

mem[X,0x0000000080000790] -> 0x9093
mem[X,0x0000000080000792] -> 0x00A0
[489] [M]: 0x0000000080000790 (0x00A09093) slli ra, ra, 0xa
x1 <- 0xFFBFFFF7FFFD0000

mem[X,0x0000000080000794] -> 0x8093
mem[X,0x0000000080000796] -> 0x0010
[490] [M]: 0x0000000080000794 (0x00108093) addi ra, ra, 0x1
x1 <- 0xFFBFFFF7FFFD0001

mem[X,0x0000000080000798] -> 0xFCBB
mem[X,0x000000008000079A] -> 0x8819
[491] [M]: 0x0000000080000798 (0x8819FCBB) pmhacc.h s9, s3, ra
x25 <- 0xFFFCFDFE7FFFFFF9

mem[X,0x000000008000079C] -> 0x3823
mem[X,0x000000008000079E] -> 0x0391
[492] [M]: 0x000000008000079C (0x03913823) sd s9, 0x30(sp)
mem[0x00000000800041B8] <- 0xFFFCFDFE7FFFFFF9

mem[X,0x00000000800007A0] -> 0x5437
mem[X,0x00000000800007A2] -> 0x0006
[493] [M]: 0x00000000800007A0 (0x00065437) lui fp, 0x65
x8 <- 0x0000000000065000

mem[X,0x00000000800007A4] -> 0x0413
mem[X,0x00000000800007A6] -> 0x5554
[494] [M]: 0x00000000800007A4 (0x55540413) addi fp, fp, 0x555
x8 <- 0x0000000000065555

mem[X,0x00000000800007A8] -> 0x1413
mem[X,0x00000000800007AA] -> 0x00B4
[495] [M]: 0x00000000800007A8 (0x00B41413) slli fp, fp, 0xb
x8 <- 0x0000000032AAA800

mem[X,0x00000000800007AC] -> 0x0413
mem[X,0x00000000800007AE] -> 0x1FF4
[496] [M]: 0x00000000800007AC (0x1FF40413) addi fp, fp, 0x1ff
x8 <- 0x0000000032AAA9FF

mem[X,0x00000000800007B0] -> 0x1413
mem[X,0x00000000800007B2] -> 0x00B4
[497] [M]: 0x00000000800007B0 (0x00B41413) slli fp, fp, 0xb
x8 <- 0x00000195554FF800

mem[X,0x00000000800007B4] -> 0x0413
mem[X,0x00000000800007B6] -> 0x7FF4
[498] [M]: 0x00000000800007B4 (0x7FF40413) addi fp, fp, 0x7ff
x8 <- 0x00000195554FFFFF

mem[X,0x00000000800007B8] -> 0x1413
mem[X,0x00000000800007BA] -> 0x00A4
[499] [M]: 0x00000000800007B8 (0x00A41413) slli fp, fp, 0xa
x8 <- 0x000655553FFFFC00

clint::tick mtime <- 0x0000000000000005
 clint timer pending at mtime 0x0000000000000005
htif::tick 0x0000000000000000
mem[X,0x00000000800007BC] -> 0x0413
mem[X,0x00000000800007BE] -> 0x3FB4
[500] [M]: 0x00000000800007BC (0x3FB40413) addi fp, fp, 0x3fb
x8 <- 0x000655553FFFFFFB

mem[X,0x00000000800007C0] -> 0x0E37
mem[X,0x00000000800007C2] -> 0x0011
[501] [M]: 0x00000000800007C0 (0x00110E37) lui t3, 0x110
x28 <- 0x0000000000110000

mem[X,0x00000000800007C4] -> 0x0E13
mem[X,0x00000000800007C6] -> 0xFFDE
[502] [M]: 0x00000000800007C4 (0xFFDE0E13) addi t3, t3, -0x3
x28 <- 0x000000000010FFFD

mem[X,0x00000000800007C8] -> 0x1E13
mem[X,0x00000000800007CA] -> 0x00BE
[503] [M]: 0x00000000800007C8 (0x00BE1E13) slli t3, t3, 0xb
x28 <- 0x0000000087FFE800

mem[X,0x00000000800007CC] -> 0x0E13
mem[X,0x00000000800007CE] -> 0x400E
[504] [M]: 0x00000000800007CC (0x400E0E13) addi t3, t3, 0x400
x28 <- 0x0000000087FFEC00

mem[X,0x00000000800007D0] -> 0x1E13
mem[X,0x00000000800007D2] -> 0x00BE
[505] [M]: 0x00000000800007D0 (0x00BE1E13) slli t3, t3, 0xb
x28 <- 0x0000043FFF600000

mem[X,0x00000000800007D4] -> 0x0E13
mem[X,0x00000000800007D6] -> 0x000E
[506] [M]: 0x00000000800007D4 (0x000E0E13) addi t3, t3, 0x0
x28 <- 0x0000043FFF600000

mem[X,0x00000000800007D8] -> 0x1E13
mem[X,0x00000000800007DA] -> 0x00AE
[507] [M]: 0x00000000800007D8 (0x00AE1E13) slli t3, t3, 0xa
x28 <- 0x0010FFFD80000000

mem[X,0x00000000800007DC] -> 0x0E13
mem[X,0x00000000800007DE] -> 0x004E
[508] [M]: 0x00000000800007DC (0x004E0E13) addi t3, t3, 0x4
x28 <- 0x0010FFFD80000004

mem[X,0x00000000800007E0] -> 0x793B
mem[X,0x00000000800007E2] -> 0x89C4
[509] [M]: 0x00000000800007E0 (0x89C4793B) pmhacc.h s2, fp, t3
x18 <- 0xFFFCEFFEE0033FFF

mem[X,0x00000000800007E4] -> 0x3C23
mem[X,0x00000000800007E6] -> 0x0321
[510] [M]: 0x00000000800007E4 (0x03213C23) sd s2, 0x38(sp)
mem[0x00000000800041C0] <- 0xFFFCEFFEE0033FFF

mem[X,0x00000000800007E8] -> 0x1AB7
mem[X,0x00000000800007EA] -> 0xFFF9
[511] [M]: 0x00000000800007E8 (0xFFF91AB7) lui s5, -0x6f
x21 <- 0xFFFFFFFFFFF91000

mem[X,0x00000000800007EC] -> 0x8A93
mem[X,0x00000000800007EE] -> 0x800A
[512] [M]: 0x00000000800007EC (0x800A8A93) addi s5, s5, -0x800
x21 <- 0xFFFFFFFFFFF90800

mem[X,0x00000000800007F0] -> 0x9A93
mem[X,0x00000000800007F2] -> 0x00BA
[513] [M]: 0x00000000800007F0 (0x00BA9A93) slli s5, s5, 0xb
x21 <- 0xFFFFFFFFC8400000

mem[X,0x00000000800007F4] -> 0x8A93
mem[X,0x00000000800007F6] -> 0x7FBA
[514] [M]: 0x00000000800007F4 (0x7FBA8A93) addi s5, s5, 0x7fb
x21 <- 0xFFFFFFFFC84007FB

mem[X,0x00000000800007F8] -> 0x9A93
mem[X,0x00000000800007FA] -> 0x00BA
[515] [M]: 0x00000000800007F8 (0x00BA9A93) slli s5, s5, 0xb
x21 <- 0xFFFFFE42003FD800

mem[X,0x00000000800007FC] -> 0x8A93
mem[X,0x00000000800007FE] -> 0x7FFA
[516] [M]: 0x00000000800007FC (0x7FFA8A93) addi s5, s5, 0x7ff
x21 <- 0xFFFFFE42003FDFFF

mem[X,0x0000000080000800] -> 0x9A93
mem[X,0x0000000080000802] -> 0x00AA
[517] [M]: 0x0000000080000800 (0x00AA9A93) slli s5, s5, 0xa
x21 <- 0xFFF90800FF7FFC00

mem[X,0x0000000080000804] -> 0x8A93
mem[X,0x0000000080000806] -> 0x3F7A
[518] [M]: 0x0000000080000804 (0x3F7A8A93) addi s5, s5, 0x3f7
x21 <- 0xFFF90800FF7FFFF7

mem[X,0x0000000080000808] -> 0x0037
mem[X,0x000000008000080A] -> 0xFFEF
[519] [M]: 0x0000000080000808 (0xFFEF0037) lui zero, -0x110

mem[X,0x000000008000080C] -> 0x0013
mem[X,0x000000008000080E] -> 0x0060
[520] [M]: 0x000000008000080C (0x00600013) addi zero, zero, 0x6

mem[X,0x0000000080000810] -> 0x1013
mem[X,0x0000000080000812] -> 0x00B0
[521] [M]: 0x0000000080000810 (0x00B01013) slli zero, zero, 0xb

mem[X,0x0000000080000814] -> 0x0013
mem[X,0x0000000080000816] -> 0x6000
[522] [M]: 0x0000000080000814 (0x60000013) addi zero, zero, 0x600

mem[X,0x0000000080000818] -> 0x1013
mem[X,0x000000008000081A] -> 0x00B0
[523] [M]: 0x0000000080000818 (0x00B01013) slli zero, zero, 0xb

mem[X,0x000000008000081C] -> 0x0013
mem[X,0x000000008000081E] -> 0x03F0
[524] [M]: 0x000000008000081C (0x03F00013) addi zero, zero, 0x3f

mem[X,0x0000000080000820] -> 0x1013
mem[X,0x0000000080000822] -> 0x00A0
[525] [M]: 0x0000000080000820 (0x00A01013) slli zero, zero, 0xa

mem[X,0x0000000080000824] -> 0x0013
mem[X,0x0000000080000826] -> 0x3FE0
[526] [M]: 0x0000000080000824 (0x3FE00013) addi zero, zero, 0x3fe

mem[X,0x0000000080000828] -> 0xFC3B
mem[X,0x000000008000082A] -> 0x880A
[527] [M]: 0x0000000080000828 (0x880AFC3B) pmhacc.h s8, s5, zero
x24 <- 0x0003008004000006

mem[X,0x000000008000082C] -> 0x3023
mem[X,0x000000008000082E] -> 0x0581
[528] [M]: 0x000000008000082C (0x05813023) sd s8, 0x40(sp)
mem[0x00000000800041C8] <- 0x0003008004000006

mem[X,0x0000000080000830] -> 0x0C37
mem[X,0x0000000080000832] -> 0x0000
[529] [M]: 0x0000000080000830 (0x00000C37) lui s8, 0x0
x24 <- 0x0000000000000000

mem[X,0x0000000080000834] -> 0x0C13
mem[X,0x0000000080000836] -> 0xFFFC
[530] [M]: 0x0000000080000834 (0xFFFC0C13) addi s8, s8, -0x1
x24 <- 0xFFFFFFFFFFFFFFFF

mem[X,0x0000000080000838] -> 0x1C13
mem[X,0x000000008000083A] -> 0x00BC
[531] [M]: 0x0000000080000838 (0x00BC1C13) slli s8, s8, 0xb
x24 <- 0xFFFFFFFFFFFFF800

mem[X,0x000000008000083C] -> 0x0C13
mem[X,0x000000008000083E] -> 0x77FC
[532] [M]: 0x000000008000083C (0x77FC0C13) addi s8, s8, 0x77f
x24 <- 0xFFFFFFFFFFFFFF7F

mem[X,0x0000000080000840] -> 0x1C13
mem[X,0x0000000080000842] -> 0x00BC
[533] [M]: 0x0000000080000840 (0x00BC1C13) slli s8, s8, 0xb
x24 <- 0xFFFFFFFFFFFBF800

mem[X,0x0000000080000844] -> 0x0C13
mem[X,0x0000000080000846] -> 0x7FFC
[534] [M]: 0x0000000080000844 (0x7FFC0C13) addi s8, s8, 0x7ff
x24 <- 0xFFFFFFFFFFFBFFFF

mem[X,0x0000000080000848] -> 0x1C13
mem[X,0x000000008000084A] -> 0x00AC
[535] [M]: 0x0000000080000848 (0x00AC1C13) slli s8, s8, 0xa
x24 <- 0xFFFFFFFFEFFFFC00

mem[X,0x000000008000084C] -> 0x0C13
mem[X,0x000000008000084E] -> 0x3EFC
[536] [M]: 0x000000008000084C (0x3EFC0C13) addi s8, s8, 0x3ef
x24 <- 0xFFFFFFFFEFFFFFEF

mem[X,0x0000000080000850] -> 0x0A37
mem[X,0x0000000080000852] -> 0x2001
[537] [M]: 0x0000000080000850 (0x20010A37) lui s4, 0x20010
x20 <- 0x0000000020010000

mem[X,0x0000000080000854] -> 0x0A13
mem[X,0x0000000080000856] -> 0xFFEA
[538] [M]: 0x0000000080000854 (0xFFEA0A13) addi s4, s4, -0x2
x20 <- 0x000000002000FFFE

mem[X,0x0000000080000858] -> 0x1A13
mem[X,0x000000008000085A] -> 0x00BA
[539] [M]: 0x0000000080000858 (0x00BA1A13) slli s4, s4, 0xb
x20 <- 0x0000010007FFF000

mem[X,0x000000008000085C] -> 0x0A13
mem[X,0x000000008000085E] -> 0x7FEA
[540] [M]: 0x000000008000085C (0x7FEA0A13) addi s4, s4, 0x7fe
x20 <- 0x0000010007FFF7FE

mem[X,0x0000000080000860] -> 0x1A13
mem[X,0x0000000080000862] -> 0x00BA
[541] [M]: 0x0000000080000860 (0x00BA1A13) slli s4, s4, 0xb
x20 <- 0x0008003FFFBFF000

mem[X,0x0000000080000864] -> 0x0A13
mem[X,0x0000000080000866] -> 0x7C4A
[542] [M]: 0x0000000080000864 (0x7C4A0A13) addi s4, s4, 0x7c4
x20 <- 0x0008003FFFBFF7C4

mem[X,0x0000000080000868] -> 0x1A13
mem[X,0x000000008000086A] -> 0x00AA
[543] [M]: 0x0000000080000868 (0x00AA1A13) slli s4, s4, 0xa
x20 <- 0x2000FFFEFFDF1000

mem[X,0x000000008000086C] -> 0x783B
mem[X,0x000000008000086E] -> 0x894C
[544] [M]: 0x000000008000086C (0x894C783B) pmhacc.h a6, s8, s4
x16 <- 0xFFEEFFFC00001FFE

mem[X,0x0000000080000870] -> 0x3423
mem[X,0x0000000080000872] -> 0x0501
[545] [M]: 0x0000000080000870 (0x05013423) sd a6, 0x48(sp)
mem[0x00000000800041D0] <- 0xFFEEFFFC00001FFE

mem[X,0x0000000080000874] -> 0x04B7
mem[X,0x0000000080000876] -> 0xAAAA
[546] [M]: 0x0000000080000874 (0xAAAA04B7) lui s1, -0x55560
x9 <- 0xFFFFFFFFAAAA0000

mem[X,0x0000000080000878] -> 0x8493
mem[X,0x000000008000087A] -> 0x0034
[547] [M]: 0x0000000080000878 (0x00348493) addi s1, s1, 0x3
x9 <- 0xFFFFFFFFAAAA0003

mem[X,0x000000008000087C] -> 0x9493
mem[X,0x000000008000087E] -> 0x00B4
[548] [M]: 0x000000008000087C (0x00B49493) slli s1, s1, 0xb
x9 <- 0xFFFFFD5550001800

mem[X,0x0000000080000880] -> 0x8493
mem[X,0x0000000080000882] -> 0x7DF4
[549] [M]: 0x0000000080000880 (0x7DF48493) addi s1, s1, 0x7df
x9 <- 0xFFFFFD5550001FDF

mem[X,0x0000000080000884] -> 0x9493
mem[X,0x0000000080000886] -> 0x00B4
[550] [M]: 0x0000000080000884 (0x00B49493) slli s1, s1, 0xb
x9 <- 0xFFEAAA8000FEF800

mem[X,0x0000000080000888] -> 0x8493
mem[X,0x000000008000088A] -> 0x7FF4
[551] [M]: 0x0000000080000888 (0x7FF48493) addi s1, s1, 0x7ff
x9 <- 0xFFEAAA8000FEFFFF

mem[X,0x000000008000088C] -> 0x9493
mem[X,0x000000008000088E] -> 0x00A4
[552] [M]: 0x000000008000088C (0x00A49493) slli s1, s1, 0xa
x9 <- 0xAAAA0003FBFFFC00

mem[X,0x0000000080000890] -> 0x8493
mem[X,0x0000000080000892] -> 0x3DF4
[553] [M]: 0x0000000080000890 (0x3DF48493) addi s1, s1, 0x3df
x9 <- 0xAAAA0003FBFFFFDF

mem[X,0x0000000080000894] -> 0x0D37
mem[X,0x0000000080000896] -> 0x0003
[554] [M]: 0x0000000080000894 (0x00030D37) lui s10, 0x30
x26 <- 0x0000000000030000

mem[X,0x0000000080000898] -> 0x0D13
mem[X,0x000000008000089A] -> 0x020D
[555] [M]: 0x0000000080000898 (0x020D0D13) addi s10, s10, 0x20
x26 <- 0x0000000000030020

mem[X,0x000000008000089C] -> 0x1D13
mem[X,0x000000008000089E] -> 0x00BD
[556] [M]: 0x000000008000089C (0x00BD1D13) slli s10, s10, 0xb
x26 <- 0x0000000018010000

mem[X,0x00000000800008A0] -> 0x0D13
mem[X,0x00000000800008A2] -> 0x6FFD
[557] [M]: 0x00000000800008A0 (0x6FFD0D13) addi s10, s10, 0x6ff
x26 <- 0x00000000180106FF

mem[X,0x00000000800008A4] -> 0x1D13
mem[X,0x00000000800008A6] -> 0x00BD
[558] [M]: 0x00000000800008A4 (0x00BD1D13) slli s10, s10, 0xb
x26 <- 0x000000C00837F800

mem[X,0x00000000800008A8] -> 0x0D13
mem[X,0x00000000800008AA] -> 0x7D5D
[559] [M]: 0x00000000800008A8 (0x7D5D0D13) addi s10, s10, 0x7d5
x26 <- 0x000000C00837FFD5

mem[X,0x00000000800008AC] -> 0x1D13
mem[X,0x00000000800008AE] -> 0x00AD
[560] [M]: 0x00000000800008AC (0x00AD1D13) slli s10, s10, 0xa
x26 <- 0x00030020DFFF5400

mem[X,0x00000000800008B0] -> 0x0D13
mem[X,0x00000000800008B2] -> 0x155D
[561] [M]: 0x00000000800008B0 (0x155D0D13) addi s10, s10, 0x155
x26 <- 0x00030020DFFF5555

mem[X,0x00000000800008B4] -> 0xFEBB
mem[X,0x00000000800008B6] -> 0x89A4
[562] [M]: 0x00000000800008B4 (0x89A4FEBB) pmhacc.h t4, s1, s10
x29 <- 0xFF7D080000800FF5

mem[X,0x00000000800008B8] -> 0x3823
mem[X,0x00000000800008BA] -> 0x05D1
[563] [M]: 0x00000000800008B8 (0x05D13823) sd t4, 0x50(sp)
mem[0x00000000800041D8] <- 0xFF7D080000800FF5

mem[X,0x00000000800008BC] -> 0x0E37
mem[X,0x00000000800008BE] -> 0x2000
[564] [M]: 0x00000000800008BC (0x20000E37) lui t3, 0x20000
x28 <- 0x0000000020000000

mem[X,0x00000000800008C0] -> 0x0E13
mem[X,0x00000000800008C2] -> 0x400E
[565] [M]: 0x00000000800008C0 (0x400E0E13) addi t3, t3, 0x400
x28 <- 0x0000000020000400

mem[X,0x00000000800008C4] -> 0x1E13
mem[X,0x00000000800008C6] -> 0x00BE
[566] [M]: 0x00000000800008C4 (0x00BE1E13) slli t3, t3, 0xb
x28 <- 0x0000010000200000

mem[X,0x00000000800008C8] -> 0x0E13
mem[X,0x00000000800008CA] -> 0x7FFE
[567] [M]: 0x00000000800008C8 (0x7FFE0E13) addi t3, t3, 0x7ff
x28 <- 0x00000100002007FF

mem[X,0x00000000800008CC] -> 0x1E13
mem[X,0x00000000800008CE] -> 0x00BE
[568] [M]: 0x00000000800008CC (0x00BE1E13) slli t3, t3, 0xb
x28 <- 0x00080001003FF800

mem[X,0x00000000800008D0] -> 0x0E13
mem[X,0x00000000800008D2] -> 0x67FE
[569] [M]: 0x00000000800008D0 (0x67FE0E13) addi t3, t3, 0x67f
x28 <- 0x00080001003FFE7F

mem[X,0x00000000800008D4] -> 0x1E13
mem[X,0x00000000800008D6] -> 0x00AE
[570] [M]: 0x00000000800008D4 (0x00AE1E13) slli t3, t3, 0xa
x28 <- 0x20000400FFF9FC00

mem[X,0x00000000800008D8] -> 0x0E13
mem[X,0x00000000800008DA] -> 0x3BFE
[571] [M]: 0x00000000800008D8 (0x3BFE0E13) addi t3, t3, 0x3bf
x28 <- 0x20000400FFF9FFBF

mem[X,0x00000000800008DC] -> 0xBBB7
mem[X,0x00000000800008DE] -> 0xFFFE
[572] [M]: 0x00000000800008DC (0xFFFEBBB7) lui s7, -0x15
x23 <- 0xFFFFFFFFFFFEB000

mem[X,0x00000000800008E0] -> 0x8B93
mem[X,0x00000000800008E2] -> 0xAAAB
[573] [M]: 0x00000000800008E0 (0xAAAB8B93) addi s7, s7, -0x556
x23 <- 0xFFFFFFFFFFFEAAAA

mem[X,0x00000000800008E4] -> 0x9B93
mem[X,0x00000000800008E6] -> 0x00BB
[574] [M]: 0x00000000800008E4 (0x00BB9B93) slli s7, s7, 0xb
x23 <- 0xFFFFFFFFF5555000

mem[X,0x00000000800008E8] -> 0x8B93
mem[X,0x00000000800008EA] -> 0x77FB
[575] [M]: 0x00000000800008E8 (0x77FB8B93) addi s7, s7, 0x77f
x23 <- 0xFFFFFFFFF555577F

mem[X,0x00000000800008EC] -> 0x9B93
mem[X,0x00000000800008EE] -> 0x00BB
[576] [M]: 0x00000000800008EC (0x00BB9B93) slli s7, s7, 0xb
x23 <- 0xFFFFFFAAAABBF800

mem[X,0x00000000800008F0] -> 0x8B93
mem[X,0x00000000800008F2] -> 0x7C2B
[577] [M]: 0x00000000800008F0 (0x7C2B8B93) addi s7, s7, 0x7c2
x23 <- 0xFFFFFFAAAABBFFC2

mem[X,0x00000000800008F4] -> 0x9B93
mem[X,0x00000000800008F6] -> 0x00AB
[578] [M]: 0x00000000800008F4 (0x00AB9B93) slli s7, s7, 0xa
x23 <- 0xFFFEAAAAEFFF0800

mem[X,0x00000000800008F8] -> 0x733B
mem[X,0x00000000800008FA] -> 0x897E
[579] [M]: 0x00000000800008F8 (0x897E733B) pmhacc.h t1, t3, s7
x6 <- 0xFFF6FECAFEFF007D

mem[X,0x00000000800008FC] -> 0x3C23
mem[X,0x00000000800008FE] -> 0x0461
[580] [M]: 0x00000000800008FC (0x04613C23) sd t1, 0x58(sp)
mem[0x00000000800041E0] <- 0xFFF6FECAFEFF007D

mem[X,0x0000000080000900] -> 0x22B7
mem[X,0x0000000080000902] -> 0xFFFA
[581] [M]: 0x0000000080000900 (0xFFFA22B7) lui t0, -0x5e
x5 <- 0xFFFFFFFFFFFA2000

mem[X,0x0000000080000904] -> 0x8293
mem[X,0x0000000080000906] -> 0x0002
[582] [M]: 0x0000000080000904 (0x00028293) addi t0, t0, 0x0
x5 <- 0xFFFFFFFFFFFA2000

mem[X,0x0000000080000908] -> 0x9293
mem[X,0x000000008000090A] -> 0x00B2
[583] [M]: 0x0000000080000908 (0x00B29293) slli t0, t0, 0xb
x5 <- 0xFFFFFFFFD1000000

mem[X,0x000000008000090C] -> 0x8293
mem[X,0x000000008000090E] -> 0x7FB2
[584] [M]: 0x000000008000090C (0x7FB28293) addi t0, t0, 0x7fb
x5 <- 0xFFFFFFFFD10007FB

mem[X,0x0000000080000910] -> 0x9293
mem[X,0x0000000080000912] -> 0x00B2
[585] [M]: 0x0000000080000910 (0x00B29293) slli t0, t0, 0xb
x5 <- 0xFFFFFE88003FD800

mem[X,0x0000000080000914] -> 0x8293
mem[X,0x0000000080000916] -> 0x7FF2
[586] [M]: 0x0000000080000914 (0x7FF28293) addi t0, t0, 0x7ff
x5 <- 0xFFFFFE88003FDFFF

mem[X,0x0000000080000918] -> 0x9293
mem[X,0x000000008000091A] -> 0x00A2
[587] [M]: 0x0000000080000918 (0x00A29293) slli t0, t0, 0xa
x5 <- 0xFFFA2000FF7FFC00

mem[X,0x000000008000091C] -> 0x8293
mem[X,0x000000008000091E] -> 0x37F2
[588] [M]: 0x000000008000091C (0x37F28293) addi t0, t0, 0x37f
x5 <- 0xFFFA2000FF7FFF7F

mem[X,0x0000000080000920] -> 0x05B7
mem[X,0x0000000080000922] -> 0x0002
[589] [M]: 0x0000000080000920 (0x000205B7) lui a1, 0x20
x11 <- 0x0000000000020000

mem[X,0x0000000080000924] -> 0x8593
mem[X,0x0000000080000926] -> 0xFEF5
[590] [M]: 0x0000000080000924 (0xFEF58593) addi a1, a1, -0x11
x11 <- 0x000000000001FFEF

mem[X,0x0000000080000928] -> 0x9593
mem[X,0x000000008000092A] -> 0x00B5
[591] [M]: 0x0000000080000928 (0x00B59593) slli a1, a1, 0xb
x11 <- 0x000000000FFF7800

mem[X,0x000000008000092C] -> 0x8593
mem[X,0x000000008000092E] -> 0x1005
[592] [M]: 0x000000008000092C (0x10058593) addi a1, a1, 0x100
x11 <- 0x000000000FFF7900

mem[X,0x0000000080000930] -> 0x9593
mem[X,0x0000000080000932] -> 0x00B5
[593] [M]: 0x0000000080000930 (0x00B59593) slli a1, a1, 0xb
x11 <- 0x0000007FFBC80000

mem[X,0x0000000080000934] -> 0x8593
mem[X,0x0000000080000936] -> 0x03F5
[594] [M]: 0x0000000080000934 (0x03F58593) addi a1, a1, 0x3f
x11 <- 0x0000007FFBC8003F

mem[X,0x0000000080000938] -> 0x9593
mem[X,0x000000008000093A] -> 0x00A5
[595] [M]: 0x0000000080000938 (0x00A59593) slli a1, a1, 0xa
x11 <- 0x0001FFEF2000FC00

mem[X,0x000000008000093C] -> 0x8593
mem[X,0x000000008000093E] -> 0x2FF5
[596] [M]: 0x000000008000093C (0x2FF58593) addi a1, a1, 0x2ff
x11 <- 0x0001FFEF2000FEFF

mem[X,0x0000000080000940] -> 0xF9BB
mem[X,0x0000000080000942] -> 0x88B2
[597] [M]: 0x0000000080000940 (0x88B2F9BB) pmhacc.h s3, t0, a1
x19 <- 0xFFFD07FDFFE7FFFD

mem[X,0x0000000080000944] -> 0x3023
mem[X,0x0000000080000946] -> 0x0731
[598] [M]: 0x0000000080000944 (0x07313023) sd s3, 0x60(sp)
mem[0x00000000800041E8] <- 0xFFFD07FDFFE7FFFD

mem[X,0x0000000080000948] -> 0x0F37
mem[X,0x000000008000094A] -> 0xF7FF
[599] [M]: 0x0000000080000948 (0xF7FF0F37) lui t5, -0x8010
x30 <- 0xFFFFFFFFF7FF0000

clint::tick mtime <- 0x0000000000000006
 clint timer pending at mtime 0x0000000000000006
htif::tick 0x0000000000000000
mem[X,0x000000008000094C] -> 0x0F13
mem[X,0x000000008000094E] -> 0x100F
[600] [M]: 0x000000008000094C (0x100F0F13) addi t5, t5, 0x100
x30 <- 0xFFFFFFFFF7FF0100

mem[X,0x0000000080000950] -> 0x1F13
mem[X,0x0000000080000952] -> 0x00BF
[601] [M]: 0x0000000080000950 (0x00BF1F13) slli t5, t5, 0xb
x30 <- 0xFFFFFFBFF8080000

mem[X,0x0000000080000954] -> 0x0F13
mem[X,0x0000000080000956] -> 0x7FFF
[602] [M]: 0x0000000080000954 (0x7FFF0F13) addi t5, t5, 0x7ff
x30 <- 0xFFFFFFBFF80807FF

mem[X,0x0000000080000958] -> 0x1F13
mem[X,0x000000008000095A] -> 0x00BF
[603] [M]: 0x0000000080000958 (0x00BF1F13) slli t5, t5, 0xb
x30 <- 0xFFFDFFC0403FF800

mem[X,0x000000008000095C] -> 0x0F13
mem[X,0x000000008000095E] -> 0x63FF
[604] [M]: 0x000000008000095C (0x63FF0F13) addi t5, t5, 0x63f
x30 <- 0xFFFDFFC0403FFE3F

mem[X,0x0000000080000960] -> 0x1F13
mem[X,0x0000000080000962] -> 0x00AF
[605] [M]: 0x0000000080000960 (0x00AF1F13) slli t5, t5, 0xa
x30 <- 0xF7FF0100FFF8FC00

mem[X,0x0000000080000964] -> 0x0F13
mem[X,0x0000000080000966] -> 0x2FFF
[606] [M]: 0x0000000080000964 (0x2FFF0F13) addi t5, t5, 0x2ff
x30 <- 0xF7FF0100FFF8FEFF

mem[X,0x0000000080000968] -> 0xB737
mem[X,0x000000008000096A] -> 0x8000
[607] [M]: 0x0000000080000968 (0x8000B737) lui a4, -0x7fff5
x14 <- 0xFFFFFFFF8000B000

mem[X,0x000000008000096C] -> 0x0713
mem[X,0x000000008000096E] -> 0xAAA7
[608] [M]: 0x000000008000096C (0xAAA70713) addi a4, a4, -0x556
x14 <- 0xFFFFFFFF8000AAAA

mem[X,0x0000000080000970] -> 0x1713
mem[X,0x0000000080000972] -> 0x00B7
[609] [M]: 0x0000000080000970 (0x00B71713) slli a4, a4, 0xb
x14 <- 0xFFFFFC0005555000

mem[X,0x0000000080000974] -> 0x0713
mem[X,0x0000000080000976] -> 0x0407
[610] [M]: 0x0000000080000974 (0x04070713) addi a4, a4, 0x40
x14 <- 0xFFFFFC0005555040

mem[X,0x0000000080000978] -> 0x1713
mem[X,0x000000008000097A] -> 0x00B7
[611] [M]: 0x0000000080000978 (0x00B71713) slli a4, a4, 0xb
x14 <- 0xFFE0002AAA820000

mem[X,0x000000008000097C] -> 0x0713
mem[X,0x000000008000097E] -> 0x03F7
[612] [M]: 0x000000008000097C (0x03F70713) addi a4, a4, 0x3f
x14 <- 0xFFE0002AAA82003F

mem[X,0x0000000080000980] -> 0x1713
mem[X,0x0000000080000982] -> 0x00A7
[613] [M]: 0x0000000080000980 (0x00A71713) slli a4, a4, 0xa
x14 <- 0x8000AAAA0800FC00

mem[X,0x0000000080000984] -> 0x0713
mem[X,0x0000000080000986] -> 0x3FA7
[614] [M]: 0x0000000080000984 (0x3FA70713) addi a4, a4, 0x3fa
x14 <- 0x8000AAAA0800FFFA

mem[X,0x0000000080000988] -> 0x77BB
mem[X,0x000000008000098A] -> 0x88EF
[615] [M]: 0x0000000080000988 (0x88EF77BB) pmhacc.h a5, t5, a4
x15 <- 0xFFFFFEA901FFAAAA

mem[X,0x000000008000098C] -> 0x3423
mem[X,0x000000008000098E] -> 0x06F1
[616] [M]: 0x000000008000098C (0x06F13423) sd a5, 0x68(sp)
mem[0x00000000800041F0] <- 0xFFFFFEA901FFAAAA

mem[X,0x0000000080000990] -> 0x0013
mem[X,0x0000000080000992] -> 0x0000
[617] [M]: 0x0000000080000990 (0x00000013) addi zero, zero, 0x0

mem[X,0x0000000080000994] -> 0x0013
mem[X,0x0000000080000996] -> 0x0000
[618] [M]: 0x0000000080000994 (0x00000013) addi zero, zero, 0x0

mem[X,0x0000000080000998] -> 0x0013
mem[X,0x000000008000099A] -> 0x0000
[619] [M]: 0x0000000080000998 (0x00000013) addi zero, zero, 0x0

mem[X,0x000000008000099C] -> 0x0013
mem[X,0x000000008000099E] -> 0x0000
[620] [M]: 0x000000008000099C (0x00000013) addi zero, zero, 0x0

mem[X,0x00000000800009A0] -> 0x4097
mem[X,0x00000000800009A2] -> 0x0000
[621] [M]: 0x00000000800009A0 (0x00004097) auipc ra, 0x4
x1 <- 0x00000000800049A0

mem[X,0x00000000800009A4] -> 0x8093
mem[X,0x00000000800009A6] -> 0x8580
[622] [M]: 0x00000000800009A4 (0x85808093) addi ra, ra, -0x7a8
x1 <- 0x00000000800041F8

mem[X,0x00000000800009A8] -> 0x0013
mem[X,0x00000000800009AA] -> 0x0000
[623] [M]: 0x00000000800009A8 (0x00000013) addi zero, zero, 0x0

mem[X,0x00000000800009AC] -> 0x0013
mem[X,0x00000000800009AE] -> 0x0000
[624] [M]: 0x00000000800009AC (0x00000013) addi zero, zero, 0x0

mem[X,0x00000000800009B0] -> 0x0013
mem[X,0x00000000800009B2] -> 0x0000
[625] [M]: 0x00000000800009B0 (0x00000013) addi zero, zero, 0x0

mem[X,0x00000000800009B4] -> 0x0013
mem[X,0x00000000800009B6] -> 0x0000
[626] [M]: 0x00000000800009B4 (0x00000013) addi zero, zero, 0x0

mem[X,0x00000000800009B8] -> 0x0013
mem[X,0x00000000800009BA] -> 0x0000
[627] [M]: 0x00000000800009B8 (0x00000013) addi zero, zero, 0x0

mem[X,0x00000000800009BC] -> 0x0013
mem[X,0x00000000800009BE] -> 0x0000
[628] [M]: 0x00000000800009BC (0x00000013) addi zero, zero, 0x0

mem[X,0x00000000800009C0] -> 0x0DB7
mem[X,0x00000000800009C2] -> 0x8000
[629] [M]: 0x00000000800009C0 (0x80000DB7) lui s11, -0x80000
x27 <- 0xFFFFFFFF80000000

mem[X,0x00000000800009C4] -> 0x8D93
mem[X,0x00000000800009C6] -> 0x009D
[630] [M]: 0x00000000800009C4 (0x009D8D93) addi s11, s11, 0x9
x27 <- 0xFFFFFFFF80000009

mem[X,0x00000000800009C8] -> 0x9D93
mem[X,0x00000000800009CA] -> 0x00BD
[631] [M]: 0x00000000800009C8 (0x00BD9D93) slli s11, s11, 0xb
x27 <- 0xFFFFFC0000004800

mem[X,0x00000000800009CC] -> 0x8D93
mem[X,0x00000000800009CE] -> 0x100D
[632] [M]: 0x00000000800009CC (0x100D8D93) addi s11, s11, 0x100
x27 <- 0xFFFFFC0000004900

mem[X,0x00000000800009D0] -> 0x9D93
mem[X,0x00000000800009D2] -> 0x00BD
[633] [M]: 0x00000000800009D0 (0x00BD9D93) slli s11, s11, 0xb
x27 <- 0xFFE0000002480000

mem[X,0x00000000800009D4] -> 0x8D93
mem[X,0x00000000800009D6] -> 0x03FD
[634] [M]: 0x00000000800009D4 (0x03FD8D93) addi s11, s11, 0x3f
x27 <- 0xFFE000000248003F

mem[X,0x00000000800009D8] -> 0x9D93
mem[X,0x00000000800009DA] -> 0x00AD
[635] [M]: 0x00000000800009D8 (0x00AD9D93) slli s11, s11, 0xa
x27 <- 0x800000092000FC00

mem[X,0x00000000800009DC] -> 0x8D93
mem[X,0x00000000800009DE] -> 0x1FFD
[636] [M]: 0x00000000800009DC (0x1FFD8D93) addi s11, s11, 0x1ff
x27 <- 0x800000092000FDFF

mem[X,0x00000000800009E0] -> 0x1637
mem[X,0x00000000800009E2] -> 0xFF7F
[637] [M]: 0x00000000800009E0 (0xFF7F1637) lui a2, -0x80f
x12 <- 0xFFFFFFFFFF7F1000

mem[X,0x00000000800009E4] -> 0x0613
mem[X,0x00000000800009E6] -> 0x8006
[638] [M]: 0x00000000800009E4 (0x80060613) addi a2, a2, -0x800
x12 <- 0xFFFFFFFFFF7F0800

mem[X,0x00000000800009E8] -> 0x1613
mem[X,0x00000000800009EA] -> 0x00B6
[639] [M]: 0x00000000800009E8 (0x00B61613) slli a2, a2, 0xb
x12 <- 0xFFFFFFFBF8400000

mem[X,0x00000000800009EC] -> 0x0613
mem[X,0x00000000800009EE] -> 0x7FF6
[640] [M]: 0x00000000800009EC (0x7FF60613) addi a2, a2, 0x7ff
x12 <- 0xFFFFFFFBF84007FF

mem[X,0x00000000800009F0] -> 0x1613
mem[X,0x00000000800009F2] -> 0x00B6
[641] [M]: 0x00000000800009F0 (0x00B61613) slli a2, a2, 0xb
x12 <- 0xFFFFDFC2003FF800

mem[X,0x00000000800009F4] -> 0x0613
mem[X,0x00000000800009F6] -> 0x7FF6
[642] [M]: 0x00000000800009F4 (0x7FF60613) addi a2, a2, 0x7ff
x12 <- 0xFFFFDFC2003FFFFF

mem[X,0x00000000800009F8] -> 0x1613
mem[X,0x00000000800009FA] -> 0x00A6
[643] [M]: 0x00000000800009F8 (0x00A61613) slli a2, a2, 0xa
x12 <- 0xFF7F0800FFFFFC00

mem[X,0x00000000800009FC] -> 0x0613
mem[X,0x00000000800009FE] -> 0x3FE6
[644] [M]: 0x00000000800009FC (0x3FE60613) addi a2, a2, 0x3fe
x12 <- 0xFF7F0800FFFFFFFE

mem[X,0x0000000080000A00] -> 0xFE3B
mem[X,0x0000000080000A02] -> 0x88CD
[645] [M]: 0x0000000080000A00 (0x88CDFE3B) pmhacc.h t3, s11, a2
x28 <- 0x20400400FFF8FFBF

mem[X,0x0000000080000A04] -> 0xB023
mem[X,0x0000000080000A06] -> 0x01C0
[646] [M]: 0x0000000080000A04 (0x01C0B023) sd t3, 0x0(ra)
mem[0x00000000800041F8] <- 0x20400400FFF8FFBF

mem[X,0x0000000080000A08] -> 0xE337
mem[X,0x0000000080000A0A] -> 0xFFFF
[647] [M]: 0x0000000080000A08 (0xFFFFE337) lui t1, -0x2
x6 <- 0xFFFFFFFFFFFFE000

mem[X,0x0000000080000A0C] -> 0x0313
mem[X,0x0000000080000A0E] -> 0xFFF3
[648] [M]: 0x0000000080000A0C (0xFFF30313) addi t1, t1, -0x1
x6 <- 0xFFFFFFFFFFFFDFFF

mem[X,0x0000000080000A10] -> 0x1313
mem[X,0x0000000080000A12] -> 0x00B3
[649] [M]: 0x0000000080000A10 (0x00B31313) slli t1, t1, 0xb
x6 <- 0xFFFFFFFFFEFFF800

mem[X,0x0000000080000A14] -> 0x0313
mem[X,0x0000000080000A16] -> 0x7FE3
[650] [M]: 0x0000000080000A14 (0x7FE30313) addi t1, t1, 0x7fe
x6 <- 0xFFFFFFFFFEFFFFFE

mem[X,0x0000000080000A18] -> 0x1313
mem[X,0x0000000080000A1A] -> 0x00B3
[651] [M]: 0x0000000080000A18 (0x00B31313) slli t1, t1, 0xb
x6 <- 0xFFFFFFF7FFFFF000

mem[X,0x0000000080000A1C] -> 0x0313
mem[X,0x0000000080000A1E] -> 0x7FE3
[652] [M]: 0x0000000080000A1C (0x7FE30313) addi t1, t1, 0x7fe
x6 <- 0xFFFFFFF7FFFFF7FE

mem[X,0x0000000080000A20] -> 0x1313
mem[X,0x0000000080000A22] -> 0x00A3
[653] [M]: 0x0000000080000A20 (0x00A31313) slli t1, t1, 0xa
x6 <- 0xFFFFDFFFFFDFF800

mem[X,0x0000000080000A24] -> 0x0313
mem[X,0x0000000080000A26] -> 0x3FF3
[654] [M]: 0x0000000080000A24 (0x3FF30313) addi t1, t1, 0x3ff
x6 <- 0xFFFFDFFFFFDFFBFF

mem[X,0x0000000080000A28] -> 0x1237
mem[X,0x0000000080000A2A] -> 0x0200
[655] [M]: 0x0000000080000A28 (0x02001237) lui tp, 0x2001
x4 <- 0x0000000002001000

mem[X,0x0000000080000A2C] -> 0x0213
mem[X,0x0000000080000A2E] -> 0x0002
[656] [M]: 0x0000000080000A2C (0x00020213) addi tp, tp, 0x0
x4 <- 0x0000000002001000

mem[X,0x0000000080000A30] -> 0x1213
mem[X,0x0000000080000A32] -> 0x00B2
[657] [M]: 0x0000000080000A30 (0x00B21213) slli tp, tp, 0xb
x4 <- 0x0000001000800000

mem[X,0x0000000080000A34] -> 0x0213
mem[X,0x0000000080000A36] -> 0x0042
[658] [M]: 0x0000000080000A34 (0x00420213) addi tp, tp, 0x4
x4 <- 0x0000001000800004

mem[X,0x0000000080000A38] -> 0x1213
mem[X,0x0000000080000A3A] -> 0x00B2
[659] [M]: 0x0000000080000A38 (0x00B21213) slli tp, tp, 0xb
x4 <- 0x0000800400002000

mem[X,0x0000000080000A3C] -> 0x0213
mem[X,0x0000000080000A3E] -> 0x0042
[660] [M]: 0x0000000080000A3C (0x00420213) addi tp, tp, 0x4
x4 <- 0x0000800400002004

mem[X,0x0000000080000A40] -> 0x1213
mem[X,0x0000000080000A42] -> 0x00A2
[661] [M]: 0x0000000080000A40 (0x00A21213) slli tp, tp, 0xa
x4 <- 0x0200100000801000

mem[X,0x0000000080000A44] -> 0x7F3B
mem[X,0x0000000080000A46] -> 0x8843
[662] [M]: 0x0000000080000A44 (0x88437F3B) pmhacc.h t5, t1, tp
x30 <- 0xF7FEFEFFFFF7FEBE

mem[X,0x0000000080000A48] -> 0xB423
mem[X,0x0000000080000A4A] -> 0x01E0
[663] [M]: 0x0000000080000A48 (0x01E0B423) sd t5, 0x8(ra)
mem[0x0000000080004200] <- 0xF7FEFEFFFFF7FEBE

mem[X,0x0000000080000A4C] -> 0x0CB7
mem[X,0x0000000080000A4E] -> 0xFC00
[664] [M]: 0x0000000080000A4C (0xFC000CB7) lui s9, -0x4000
x25 <- 0xFFFFFFFFFC000000

mem[X,0x0000000080000A50] -> 0x8C93
mem[X,0x0000000080000A52] -> 0xFFBC
[665] [M]: 0x0000000080000A50 (0xFFBC8C93) addi s9, s9, -0x5
x25 <- 0xFFFFFFFFFBFFFFFB

mem[X,0x0000000080000A54] -> 0x9C93
mem[X,0x0000000080000A56] -> 0x00BC
[666] [M]: 0x0000000080000A54 (0x00BC9C93) slli s9, s9, 0xb
x25 <- 0xFFFFFFDFFFFFD800

mem[X,0x0000000080000A58] -> 0x8C93
mem[X,0x0000000080000A5A] -> 0x7FFC
[667] [M]: 0x0000000080000A58 (0x7FFC8C93) addi s9, s9, 0x7ff
x25 <- 0xFFFFFFDFFFFFDFFF

mem[X,0x0000000080000A5C] -> 0x9C93
mem[X,0x0000000080000A5E] -> 0x00BC
[668] [M]: 0x0000000080000A5C (0x00BC9C93) slli s9, s9, 0xb
x25 <- 0xFFFEFFFFFEFFF800

mem[X,0x0000000080000A60] -> 0x8C93
mem[X,0x0000000080000A62] -> 0x5BDC
[669] [M]: 0x0000000080000A60 (0x5BDC8C93) addi s9, s9, 0x5bd
x25 <- 0xFFFEFFFFFEFFFDBD

mem[X,0x0000000080000A64] -> 0x9C93
mem[X,0x0000000080000A66] -> 0x00AC
[670] [M]: 0x0000000080000A64 (0x00AC9C93) slli s9, s9, 0xa
x25 <- 0xFBFFFFFBFFF6F400

mem[X,0x0000000080000A68] -> 0x8C93
mem[X,0x0000000080000A6A] -> 0x3FFC
[671] [M]: 0x0000000080000A68 (0x3FFC8C93) addi s9, s9, 0x3ff
x25 <- 0xFBFFFFFBFFF6F7FF

mem[X,0x0000000080000A6C] -> 0x0FB7
mem[X,0x0000000080000A6E] -> 0x0002
[672] [M]: 0x0000000080000A6C (0x00020FB7) lui t6, 0x20
x31 <- 0x0000000000020000

mem[X,0x0000000080000A70] -> 0x8F93
mem[X,0x0000000080000A72] -> 0xFF8F
[673] [M]: 0x0000000080000A70 (0xFF8F8F93) addi t6, t6, -0x8
x31 <- 0x000000000001FFF8

mem[X,0x0000000080000A74] -> 0x9F93
mem[X,0x0000000080000A76] -> 0x00BF
[674] [M]: 0x0000000080000A74 (0x00BF9F93) slli t6, t6, 0xb
x31 <- 0x000000000FFFC000

mem[X,0x0000000080000A78] -> 0x8F93
mem[X,0x0000000080000A7A] -> 0x7FFF
[675] [M]: 0x0000000080000A78 (0x7FFF8F93) addi t6, t6, 0x7ff
x31 <- 0x000000000FFFC7FF

mem[X,0x0000000080000A7C] -> 0x9F93
mem[X,0x0000000080000A7E] -> 0x00BF
[676] [M]: 0x0000000080000A7C (0x00BF9F93) slli t6, t6, 0xb
x31 <- 0x0000007FFE3FF800

mem[X,0x0000000080000A80] -> 0x8F93
mem[X,0x0000000080000A82] -> 0x73FF
[677] [M]: 0x0000000080000A80 (0x73FF8F93) addi t6, t6, 0x73f
x31 <- 0x0000007FFE3FFF3F

mem[X,0x0000000080000A84] -> 0x9F93
mem[X,0x0000000080000A86] -> 0x00AF
[678] [M]: 0x0000000080000A84 (0x00AF9F93) slli t6, t6, 0xa
x31 <- 0x0001FFF8FFFCFC00

mem[X,0x0000000080000A88] -> 0x8F93
mem[X,0x0000000080000A8A] -> 0x3DFF
[679] [M]: 0x0000000080000A88 (0x3DFF8F93) addi t6, t6, 0x3df
x31 <- 0x0001FFF8FFFCFFDF

mem[X,0x0000000080000A8C] -> 0xFBBB
mem[X,0x0000000080000A8E] -> 0x89FC
[680] [M]: 0x0000000080000A8C (0x89FCFBBB) pmhacc.h s7, s9, t6
x23 <- 0xFFFDAAAAEFFF0801

mem[X,0x0000000080000A90] -> 0xB823
mem[X,0x0000000080000A92] -> 0x0170
[681] [M]: 0x0000000080000A90 (0x0170B823) sd s7, 0x10(ra)
mem[0x0000000080004208] <- 0xFFFDAAAAEFFF0801

mem[X,0x0000000080000A94] -> 0x0037
mem[X,0x0000000080000A96] -> 0x8001
[682] [M]: 0x0000000080000A94 (0x80010037) lui zero, -0x7fff0

mem[X,0x0000000080000A98] -> 0x0013
mem[X,0x0000000080000A9A] -> 0xFFC0
[683] [M]: 0x0000000080000A98 (0xFFC00013) addi zero, zero, -0x4

mem[X,0x0000000080000A9C] -> 0x1013
mem[X,0x0000000080000A9E] -> 0x00B0
[684] [M]: 0x0000000080000A9C (0x00B01013) slli zero, zero, 0xb

mem[X,0x0000000080000AA0] -> 0x0013
mem[X,0x0000000080000AA2] -> 0x7FF0
[685] [M]: 0x0000000080000AA0 (0x7FF00013) addi zero, zero, 0x7ff

mem[X,0x0000000080000AA4] -> 0x1013
mem[X,0x0000000080000AA6] -> 0x00B0
[686] [M]: 0x0000000080000AA4 (0x00B01013) slli zero, zero, 0xb

mem[X,0x0000000080000AA8] -> 0x0013
mem[X,0x0000000080000AAA] -> 0x7FB0
[687] [M]: 0x0000000080000AA8 (0x7FB00013) addi zero, zero, 0x7fb

mem[X,0x0000000080000AAC] -> 0x1013
mem[X,0x0000000080000AAE] -> 0x00A0
[688] [M]: 0x0000000080000AAC (0x00A01013) slli zero, zero, 0xa

mem[X,0x0000000080000AB0] -> 0x0013
mem[X,0x0000000080000AB2] -> 0x3FF0
[689] [M]: 0x0000000080000AB0 (0x3FF00013) addi zero, zero, 0x3ff

mem[X,0x0000000080000AB4] -> 0x0DB7
mem[X,0x0000000080000AB6] -> 0xFFFB
[690] [M]: 0x0000000080000AB4 (0xFFFB0DB7) lui s11, -0x50
x27 <- 0xFFFFFFFFFFFB0000

mem[X,0x0000000080000AB8] -> 0x8D93
mem[X,0x0000000080000ABA] -> 0x001D
[691] [M]: 0x0000000080000AB8 (0x001D8D93) addi s11, s11, 0x1
x27 <- 0xFFFFFFFFFFFB0001

mem[X,0x0000000080000ABC] -> 0x9D93
mem[X,0x0000000080000ABE] -> 0x00BD
[692] [M]: 0x0000000080000ABC (0x00BD9D93) slli s11, s11, 0xb
x27 <- 0xFFFFFFFFD8000800

mem[X,0x0000000080000AC0] -> 0x8D93
mem[X,0x0000000080000AC2] -> 0x7F7D
[693] [M]: 0x0000000080000AC0 (0x7F7D8D93) addi s11, s11, 0x7f7
x27 <- 0xFFFFFFFFD8000FF7

mem[X,0x0000000080000AC4] -> 0x9D93
mem[X,0x0000000080000AC6] -> 0x00BD
[694] [M]: 0x0000000080000AC4 (0x00BD9D93) slli s11, s11, 0xb
x27 <- 0xFFFFFEC0007FB800

mem[X,0x0000000080000AC8] -> 0x8D93
mem[X,0x0000000080000ACA] -> 0x7C2D
[695] [M]: 0x0000000080000AC8 (0x7C2D8D93) addi s11, s11, 0x7c2
x27 <- 0xFFFFFEC0007FBFC2

mem[X,0x0000000080000ACC] -> 0x9D93
mem[X,0x0000000080000ACE] -> 0x00AD
[696] [M]: 0x0000000080000ACC (0x00AD9D93) slli s11, s11, 0xa
x27 <- 0xFFFB0001FEFF0800

mem[X,0x0000000080000AD0] -> 0x72BB
mem[X,0x0000000080000AD2] -> 0x89B0
[697] [M]: 0x0000000080000AD0 (0x89B072BB) pmhacc.h t0, zero, s11
x5 <- 0xFFFA2000FF7FFF7F

mem[X,0x0000000080000AD4] -> 0xBC23
mem[X,0x0000000080000AD6] -> 0x0050
[698] [M]: 0x0000000080000AD4 (0x0050BC23) sd t0, 0x18(ra)
mem[0x0000000080004210] <- 0xFFFA2000FF7FFF7F

mem[X,0x0000000080000AD8] -> 0x8F37
mem[X,0x0000000080000ADA] -> 0xFFF6
[699] [M]: 0x0000000080000AD8 (0xFFF68F37) lui t5, -0x98
x30 <- 0xFFFFFFFFFFF68000

clint::tick mtime <- 0x0000000000000007
 clint timer pending at mtime 0x0000000000000007
htif::tick 0x0000000000000000
mem[X,0x0000000080000ADC] -> 0x0F13
mem[X,0x0000000080000ADE] -> 0xFFFF
[700] [M]: 0x0000000080000ADC (0xFFFF0F13) addi t5, t5, -0x1
x30 <- 0xFFFFFFFFFFF67FFF

mem[X,0x0000000080000AE0] -> 0x1F13
mem[X,0x0000000080000AE2] -> 0x00BF
[701] [M]: 0x0000000080000AE0 (0x00BF1F13) slli t5, t5, 0xb
x30 <- 0xFFFFFFFFB3FFF800

mem[X,0x0000000080000AE4] -> 0x0F13
mem[X,0x0000000080000AE6] -> 0x000F
[702] [M]: 0x0000000080000AE4 (0x000F0F13) addi t5, t5, 0x0
x30 <- 0xFFFFFFFFB3FFF800

mem[X,0x0000000080000AE8] -> 0x1F13
mem[X,0x0000000080000AEA] -> 0x00BF
[703] [M]: 0x0000000080000AE8 (0x00BF1F13) slli t5, t5, 0xb
x30 <- 0xFFFFFD9FFFC00000

mem[X,0x0000000080000AEC] -> 0x0F13
mem[X,0x0000000080000AEE] -> 0x137F
[704] [M]: 0x0000000080000AEC (0x137F0F13) addi t5, t5, 0x137
x30 <- 0xFFFFFD9FFFC00137

mem[X,0x0000000080000AF0] -> 0x1F13
mem[X,0x0000000080000AF2] -> 0x00AF
[705] [M]: 0x0000000080000AF0 (0x00AF1F13) slli t5, t5, 0xa
x30 <- 0xFFF67FFF0004DC00

mem[X,0x0000000080000AF4] -> 0x0F13
mem[X,0x0000000080000AF6] -> 0x3FFF
[706] [M]: 0x0000000080000AF4 (0x3FFF0F13) addi t5, t5, 0x3ff
x30 <- 0xFFF67FFF0004DFFF

mem[X,0x0000000080000AF8] -> 0x0EB7
mem[X,0x0000000080000AFA] -> 0x0004
[707] [M]: 0x0000000080000AF8 (0x00040EB7) lui t4, 0x40
x29 <- 0x0000000000040000

mem[X,0x0000000080000AFC] -> 0x8E93
mem[X,0x0000000080000AFE] -> 0x040E
[708] [M]: 0x0000000080000AFC (0x040E8E93) addi t4, t4, 0x40
x29 <- 0x0000000000040040

mem[X,0x0000000080000B00] -> 0x9E93
mem[X,0x0000000080000B02] -> 0x00BE
[709] [M]: 0x0000000080000B00 (0x00BE9E93) slli t4, t4, 0xb
x29 <- 0x0000000020020000

mem[X,0x0000000080000B04] -> 0x8E93
mem[X,0x0000000080000B06] -> 0x7FFE
[710] [M]: 0x0000000080000B04 (0x7FFE8E93) addi t4, t4, 0x7ff
x29 <- 0x00000000200207FF

mem[X,0x0000000080000B08] -> 0x9E93
mem[X,0x0000000080000B0A] -> 0x00BE
[711] [M]: 0x0000000080000B08 (0x00BE9E93) slli t4, t4, 0xb
x29 <- 0x00000100103FF800

mem[X,0x0000000080000B0C] -> 0x8E93
mem[X,0x0000000080000B0E] -> 0x7CFE
[712] [M]: 0x0000000080000B0C (0x7CFE8E93) addi t4, t4, 0x7cf
x29 <- 0x00000100103FFFCF

mem[X,0x0000000080000B10] -> 0x9E93
mem[X,0x0000000080000B12] -> 0x00AE
[713] [M]: 0x0000000080000B10 (0x00AE9E93) slli t4, t4, 0xa
x29 <- 0x00040040FFFF3C00

mem[X,0x0000000080000B14] -> 0x8E93
mem[X,0x0000000080000B16] -> 0x3FFE
[714] [M]: 0x0000000080000B14 (0x3FFE8E93) addi t4, t4, 0x3ff
x29 <- 0x00040040FFFF3FFF

mem[X,0x0000000080000B18] -> 0x7FBB
mem[X,0x0000000080000B1A] -> 0x89DF
[715] [M]: 0x0000000080000B18 (0x89DF7FBB) pmhacc.h t6, t5, t4
x31 <- 0x00000017FFFBF7DE

mem[X,0x0000000080000B1C] -> 0xB023
mem[X,0x0000000080000B1E] -> 0x03F0
[716] [M]: 0x0000000080000B1C (0x03F0B023) sd t6, 0x20(ra)
mem[0x0000000080004218] <- 0x00000017FFFBF7DE

mem[X,0x0000000080000B20] -> 0x5F37
mem[X,0x0000000080000B22] -> 0x0002
[717] [M]: 0x0000000080000B20 (0x00025F37) lui t5, 0x25
x30 <- 0x0000000000025000

mem[X,0x0000000080000B24] -> 0x0F13
mem[X,0x0000000080000B26] -> 0x555F
[718] [M]: 0x0000000080000B24 (0x555F0F13) addi t5, t5, 0x555
x30 <- 0x0000000000025555

mem[X,0x0000000080000B28] -> 0x1F13
mem[X,0x0000000080000B2A] -> 0x00BF
[719] [M]: 0x0000000080000B28 (0x00BF1F13) slli t5, t5, 0xb
x30 <- 0x0000000012AAA800

mem[X,0x0000000080000B2C] -> 0x0F13
mem[X,0x0000000080000B2E] -> 0x000F
[720] [M]: 0x0000000080000B2C (0x000F0F13) addi t5, t5, 0x0
x30 <- 0x0000000012AAA800

mem[X,0x0000000080000B30] -> 0x1F13
mem[X,0x0000000080000B32] -> 0x00BF
[721] [M]: 0x0000000080000B30 (0x00BF1F13) slli t5, t5, 0xb
x30 <- 0x0000009555400000

mem[X,0x0000000080000B34] -> 0x0F13
mem[X,0x0000000080000B36] -> 0x42FF
[722] [M]: 0x0000000080000B34 (0x42FF0F13) addi t5, t5, 0x42f
x30 <- 0x000000955540042F

mem[X,0x0000000080000B38] -> 0x1F13
mem[X,0x0000000080000B3A] -> 0x00AF
[723] [M]: 0x0000000080000B38 (0x00AF1F13) slli t5, t5, 0xa
x30 <- 0x000255550010BC00

mem[X,0x0000000080000B3C] -> 0x0F13
mem[X,0x0000000080000B3E] -> 0x3FFF
[724] [M]: 0x0000000080000B3C (0x3FFF0F13) addi t5, t5, 0x3ff
x30 <- 0x000255550010BFFF

mem[X,0x0000000080000B40] -> 0x0EB7
mem[X,0x0000000080000B42] -> 0xFFF6
[725] [M]: 0x0000000080000B40 (0xFFF60EB7) lui t4, -0xa0
x29 <- 0xFFFFFFFFFFF60000

mem[X,0x0000000080000B44] -> 0x8E93
mem[X,0x0000000080000B46] -> 0x020E
[726] [M]: 0x0000000080000B44 (0x020E8E93) addi t4, t4, 0x20
x29 <- 0xFFFFFFFFFFF60020

mem[X,0x0000000080000B48] -> 0x9E93
mem[X,0x0000000080000B4A] -> 0x00BE
[727] [M]: 0x0000000080000B48 (0x00BE9E93) slli t4, t4, 0xb
x29 <- 0xFFFFFFFFB0010000

mem[X,0x0000000080000B4C] -> 0x8E93
mem[X,0x0000000080000B4E] -> 0x7FFE
[728] [M]: 0x0000000080000B4C (0x7FFE8E93) addi t4, t4, 0x7ff
x29 <- 0xFFFFFFFFB00107FF

mem[X,0x0000000080000B50] -> 0x9E93
mem[X,0x0000000080000B52] -> 0x00BE
[729] [M]: 0x0000000080000B50 (0x00BE9E93) slli t4, t4, 0xb
x29 <- 0xFFFFFD80083FF800

mem[X,0x0000000080000B54] -> 0x8E93
mem[X,0x0000000080000B56] -> 0x700E
[730] [M]: 0x0000000080000B54 (0x700E8E93) addi t4, t4, 0x700
x29 <- 0xFFFFFD80083FFF00

mem[X,0x0000000080000B58] -> 0x9E93
mem[X,0x0000000080000B5A] -> 0x00AE
[731] [M]: 0x0000000080000B58 (0x00AE9E93) slli t4, t4, 0xa
x29 <- 0xFFF60020FFFC0000

mem[X,0x0000000080000B5C] -> 0x8E93
mem[X,0x0000000080000B5E] -> 0x040E
[732] [M]: 0x0000000080000B5C (0x040E8E93) addi t4, t4, 0x40
x29 <- 0xFFF60020FFFC0040

mem[X,0x0000000080000B60] -> 0x7FBB
mem[X,0x0000000080000B62] -> 0x89DF
[733] [M]: 0x0000000080000B60 (0x89DF7FBB) pmhacc.h t6, t5, t4
x31 <- 0xFFFF0021FFFAF7CD

mem[X,0x0000000080000B64] -> 0xB423
mem[X,0x0000000080000B66] -> 0x03F0
[734] [M]: 0x0000000080000B64 (0x03F0B423) sd t6, 0x28(ra)
mem[0x0000000080004220] <- 0xFFFF0021FFFAF7CD

mem[X,0x0000000080000B68] -> 0x0F37
mem[X,0x0000000080000B6A] -> 0xFFDF
[735] [M]: 0x0000000080000B68 (0xFFDF0F37) lui t5, -0x210
x30 <- 0xFFFFFFFFFFDF0000

mem[X,0x0000000080000B6C] -> 0x0F13
mem[X,0x0000000080000B6E] -> 0x400F
[736] [M]: 0x0000000080000B6C (0x400F0F13) addi t5, t5, 0x400
x30 <- 0xFFFFFFFFFFDF0400

mem[X,0x0000000080000B70] -> 0x1F13
mem[X,0x0000000080000B72] -> 0x00BF
[737] [M]: 0x0000000080000B70 (0x00BF1F13) slli t5, t5, 0xb
x30 <- 0xFFFFFFFEF8200000

mem[X,0x0000000080000B74] -> 0x0F13
mem[X,0x0000000080000B76] -> 0x400F
[738] [M]: 0x0000000080000B74 (0x400F0F13) addi t5, t5, 0x400
x30 <- 0xFFFFFFFEF8200400

mem[X,0x0000000080000B78] -> 0x1F13
mem[X,0x0000000080000B7A] -> 0x00BF
[739] [M]: 0x0000000080000B78 (0x00BF1F13) slli t5, t5, 0xb
x30 <- 0xFFFFF7C100200000

mem[X,0x0000000080000B7C] -> 0x0F13
mem[X,0x0000000080000B7E] -> 0x015F
[740] [M]: 0x0000000080000B7C (0x015F0F13) addi t5, t5, 0x15
x30 <- 0xFFFFF7C100200015

mem[X,0x0000000080000B80] -> 0x1F13
mem[X,0x0000000080000B82] -> 0x00AF
[741] [M]: 0x0000000080000B80 (0x00AF1F13) slli t5, t5, 0xa
x30 <- 0xFFDF040080005400

mem[X,0x0000000080000B84] -> 0x0F13
mem[X,0x0000000080000B86] -> 0x155F
[742] [M]: 0x0000000080000B84 (0x155F0F13) addi t5, t5, 0x155
x30 <- 0xFFDF040080005555

mem[X,0x0000000080000B88] -> 0xEEB7
mem[X,0x0000000080000B8A] -> 0x7FFF
[743] [M]: 0x0000000080000B88 (0x7FFFEEB7) lui t4, 0x7fffe
x29 <- 0x000000007FFFE000

mem[X,0x0000000080000B8C] -> 0x8E93
mem[X,0x0000000080000B8E] -> 0xFFFE
[744] [M]: 0x0000000080000B8C (0xFFFE8E93) addi t4, t4, -0x1
x29 <- 0x000000007FFFDFFF

mem[X,0x0000000080000B90] -> 0x9E93
mem[X,0x0000000080000B92] -> 0x00BE
[745] [M]: 0x0000000080000B90 (0x00BE9E93) slli t4, t4, 0xb
x29 <- 0x000003FFFEFFF800

mem[X,0x0000000080000B94] -> 0x8E93
mem[X,0x0000000080000B96] -> 0x000E
[746] [M]: 0x0000000080000B94 (0x000E8E93) addi t4, t4, 0x0
x29 <- 0x000003FFFEFFF800

mem[X,0x0000000080000B98] -> 0x9E93
mem[X,0x0000000080000B9A] -> 0x00BE
[747] [M]: 0x0000000080000B98 (0x00BE9E93) slli t4, t4, 0xb
x29 <- 0x001FFFF7FFC00000

mem[X,0x0000000080000B9C] -> 0x8E93
mem[X,0x0000000080000B9E] -> 0x05FE
[748] [M]: 0x0000000080000B9C (0x05FE8E93) addi t4, t4, 0x5f
x29 <- 0x001FFFF7FFC0005F

mem[X,0x0000000080000BA0] -> 0x9E93
mem[X,0x0000000080000BA2] -> 0x00AE
[749] [M]: 0x0000000080000BA0 (0x00AE9E93) slli t4, t4, 0xa
x29 <- 0x7FFFDFFF00017C00

mem[X,0x0000000080000BA4] -> 0x8E93
mem[X,0x0000000080000BA6] -> 0x3FFE
[750] [M]: 0x0000000080000BA4 (0x3FFE8E93) addi t4, t4, 0x3ff
x29 <- 0x7FFFDFFF00017FFF

mem[X,0x0000000080000BA8] -> 0x7FBB
mem[X,0x0000000080000BAA] -> 0x89DF
[751] [M]: 0x0000000080000BA8 (0x89DF7FBB) pmhacc.h t6, t5, t4
x31 <- 0xFFEEFFA0FFF92277

mem[X,0x0000000080000BAC] -> 0xB823
mem[X,0x0000000080000BAE] -> 0x03F0
[752] [M]: 0x0000000080000BAC (0x03F0B823) sd t6, 0x30(ra)
mem[0x0000000080004228] <- 0xFFEEFFA0FFF92277

mem[X,0x0000000080000BB0] -> 0x0F37
mem[X,0x0000000080000BB2] -> 0xFFFF
[753] [M]: 0x0000000080000BB0 (0xFFFF0F37) lui t5, -0x10
x30 <- 0xFFFFFFFFFFFF0000

mem[X,0x0000000080000BB4] -> 0x0F13
mem[X,0x0000000080000BB6] -> 0x004F
[754] [M]: 0x0000000080000BB4 (0x004F0F13) addi t5, t5, 0x4
x30 <- 0xFFFFFFFFFFFF0004

mem[X,0x0000000080000BB8] -> 0x1F13
mem[X,0x0000000080000BBA] -> 0x00BF
[755] [M]: 0x0000000080000BB8 (0x00BF1F13) slli t5, t5, 0xb
x30 <- 0xFFFFFFFFF8002000

mem[X,0x0000000080000BBC] -> 0x0F13
mem[X,0x0000000080000BBE] -> 0x080F
[756] [M]: 0x0000000080000BBC (0x080F0F13) addi t5, t5, 0x80
x30 <- 0xFFFFFFFFF8002080

mem[X,0x0000000080000BC0] -> 0x1F13
mem[X,0x0000000080000BC2] -> 0x00BF
[757] [M]: 0x0000000080000BC0 (0x00BF1F13) slli t5, t5, 0xb
x30 <- 0xFFFFFFC001040000

mem[X,0x0000000080000BC4] -> 0x0F13
mem[X,0x0000000080000BC6] -> 0x02AF
[758] [M]: 0x0000000080000BC4 (0x02AF0F13) addi t5, t5, 0x2a
x30 <- 0xFFFFFFC00104002A

mem[X,0x0000000080000BC8] -> 0x1F13
mem[X,0x0000000080000BCA] -> 0x00AF
[759] [M]: 0x0000000080000BC8 (0x00AF1F13) slli t5, t5, 0xa
x30 <- 0xFFFF00041000A800

mem[X,0x0000000080000BCC] -> 0x0F13
mem[X,0x0000000080000BCE] -> 0x2AAF
[760] [M]: 0x0000000080000BCC (0x2AAF0F13) addi t5, t5, 0x2aa
x30 <- 0xFFFF00041000AAAA

mem[X,0x0000000080000BD0] -> 0x0EB7
mem[X,0x0000000080000BD2] -> 0xFF7F
[761] [M]: 0x0000000080000BD0 (0xFF7F0EB7) lui t4, -0x810
x29 <- 0xFFFFFFFFFF7F0000

mem[X,0x0000000080000BD4] -> 0x8E93
mem[X,0x0000000080000BD6] -> 0x000E
[762] [M]: 0x0000000080000BD4 (0x000E8E93) addi t4, t4, 0x0
x29 <- 0xFFFFFFFFFF7F0000

mem[X,0x0000000080000BD8] -> 0x9E93
mem[X,0x0000000080000BDA] -> 0x00BE
[763] [M]: 0x0000000080000BD8 (0x00BE9E93) slli t4, t4, 0xb
x29 <- 0xFFFFFFFBF8000000

mem[X,0x0000000080000BDC] -> 0x8E93
mem[X,0x0000000080000BDE] -> 0x7FFE
[764] [M]: 0x0000000080000BDC (0x7FFE8E93) addi t4, t4, 0x7ff
x29 <- 0xFFFFFFFBF80007FF

mem[X,0x0000000080000BE0] -> 0x9E93
mem[X,0x0000000080000BE2] -> 0x00BE
[765] [M]: 0x0000000080000BE0 (0x00BE9E93) slli t4, t4, 0xb
x29 <- 0xFFFFDFC0003FF800

mem[X,0x0000000080000BE4] -> 0x8E93
mem[X,0x0000000080000BE6] -> 0x700E
[766] [M]: 0x0000000080000BE4 (0x700E8E93) addi t4, t4, 0x700
x29 <- 0xFFFFDFC0003FFF00

mem[X,0x0000000080000BE8] -> 0x9E93
mem[X,0x0000000080000BEA] -> 0x00AE
[767] [M]: 0x0000000080000BE8 (0x00AE9E93) slli t4, t4, 0xa
x29 <- 0xFF7F0000FFFC0000

mem[X,0x0000000080000BEC] -> 0x8E93
mem[X,0x0000000080000BEE] -> 0x001E
[768] [M]: 0x0000000080000BEC (0x001E8E93) addi t4, t4, 0x1
x29 <- 0xFF7F0000FFFC0001

mem[X,0x0000000080000BF0] -> 0x7FBB
mem[X,0x0000000080000BF2] -> 0x89DF
[769] [M]: 0x0000000080000BF0 (0x89DF7FBB) pmhacc.h t6, t5, t4
x31 <- 0xFFEEFFA0FFF82276

mem[X,0x0000000080000BF4] -> 0xBC23
mem[X,0x0000000080000BF6] -> 0x03F0
[770] [M]: 0x0000000080000BF4 (0x03F0BC23) sd t6, 0x38(ra)
mem[0x0000000080004230] <- 0xFFEEFFA0FFF82276

mem[X,0x0000000080000BF8] -> 0x5F37
mem[X,0x0000000080000BFA] -> 0xFFF9
[771] [M]: 0x0000000080000BF8 (0xFFF95F37) lui t5, -0x6b
x30 <- 0xFFFFFFFFFFF95000

mem[X,0x0000000080000BFC] -> 0x0F13
mem[X,0x0000000080000BFE] -> 0x555F
[772] [M]: 0x0000000080000BFC (0x555F0F13) addi t5, t5, 0x555
x30 <- 0xFFFFFFFFFFF95555

mem[X,0x0000000080000C00] -> 0x1F13
mem[X,0x0000000080000C02] -> 0x00BF
[773] [M]: 0x0000000080000C00 (0x00BF1F13) slli t5, t5, 0xb
x30 <- 0xFFFFFFFFCAAAA800

mem[X,0x0000000080000C04] -> 0x0F13
mem[X,0x0000000080000C06] -> 0x7FFF
[774] [M]: 0x0000000080000C04 (0x7FFF0F13) addi t5, t5, 0x7ff
x30 <- 0xFFFFFFFFCAAAAFFF

mem[X,0x0000000080000C08] -> 0x1F13
mem[X,0x0000000080000C0A] -> 0x00BF
[775] [M]: 0x0000000080000C08 (0x00BF1F13) slli t5, t5, 0xb
x30 <- 0xFFFFFE55557FF800

mem[X,0x0000000080000C0C] -> 0x0F13
mem[X,0x0000000080000C0E] -> 0x63FF
[776] [M]: 0x0000000080000C0C (0x63FF0F13) addi t5, t5, 0x63f
x30 <- 0xFFFFFE55557FFE3F

mem[X,0x0000000080000C10] -> 0x1F13
mem[X,0x0000000080000C12] -> 0x00AF
[777] [M]: 0x0000000080000C10 (0x00AF1F13) slli t5, t5, 0xa
x30 <- 0xFFF95555FFF8FC00

mem[X,0x0000000080000C14] -> 0x0F13
mem[X,0x0000000080000C16] -> 0x3BFF
[778] [M]: 0x0000000080000C14 (0x3BFF0F13) addi t5, t5, 0x3bf
x30 <- 0xFFF95555FFF8FFBF

mem[X,0x0000000080000C18] -> 0x1EB7
mem[X,0x0000000080000C1A] -> 0x0002
[779] [M]: 0x0000000080000C18 (0x00021EB7) lui t4, 0x21
x29 <- 0x0000000000021000

mem[X,0x0000000080000C1C] -> 0x8E93
mem[X,0x0000000080000C1E] -> 0x800E
[780] [M]: 0x0000000080000C1C (0x800E8E93) addi t4, t4, -0x800
x29 <- 0x0000000000020800

mem[X,0x0000000080000C20] -> 0x9E93
mem[X,0x0000000080000C22] -> 0x00BE
[781] [M]: 0x0000000080000C20 (0x00BE9E93) slli t4, t4, 0xb
x29 <- 0x0000000010400000

mem[X,0x0000000080000C24] -> 0x8E93
mem[X,0x0000000080000C26] -> 0x7FFE
[782] [M]: 0x0000000080000C24 (0x7FFE8E93) addi t4, t4, 0x7ff
x29 <- 0x00000000104007FF

mem[X,0x0000000080000C28] -> 0x9E93
mem[X,0x0000000080000C2A] -> 0x00BE
[783] [M]: 0x0000000080000C28 (0x00BE9E93) slli t4, t4, 0xb
x29 <- 0x00000082003FF800

mem[X,0x0000000080000C2C] -> 0x8E93
mem[X,0x0000000080000C2E] -> 0x73FE
[784] [M]: 0x0000000080000C2C (0x73FE8E93) addi t4, t4, 0x73f
x29 <- 0x00000082003FFF3F

mem[X,0x0000000080000C30] -> 0x9E93
mem[X,0x0000000080000C32] -> 0x00AE
[785] [M]: 0x0000000080000C30 (0x00AE9E93) slli t4, t4, 0xa
x29 <- 0x00020800FFFCFC00

mem[X,0x0000000080000C34] -> 0x8E93
mem[X,0x0000000080000C36] -> 0x3EFE
[786] [M]: 0x0000000080000C34 (0x3EFE8E93) addi t4, t4, 0x3ef
x29 <- 0x00020800FFFCFFEF

mem[X,0x0000000080000C38] -> 0x7FBB
mem[X,0x0000000080000C3A] -> 0x89DF
[787] [M]: 0x0000000080000C38 (0x89DF7FBB) pmhacc.h t6, t5, t4
x31 <- 0xFFED024AFFF82276

mem[X,0x0000000080000C3C] -> 0xB023
mem[X,0x0000000080000C3E] -> 0x05F0
[788] [M]: 0x0000000080000C3C (0x05F0B023) sd t6, 0x40(ra)
mem[0x0000000080004238] <- 0xFFED024AFFF82276

mem[X,0x0000000080000C40] -> 0x0F37
mem[X,0x0000000080000C42] -> 0x0801
[789] [M]: 0x0000000080000C40 (0x08010F37) lui t5, 0x8010
x30 <- 0x0000000008010000

mem[X,0x0000000080000C44] -> 0x0F13
mem[X,0x0000000080000C46] -> 0xFDFF
[790] [M]: 0x0000000080000C44 (0xFDFF0F13) addi t5, t5, -0x21
x30 <- 0x000000000800FFDF

mem[X,0x0000000080000C48] -> 0x1F13
mem[X,0x0000000080000C4A] -> 0x00BF
[791] [M]: 0x0000000080000C48 (0x00BF1F13) slli t5, t5, 0xb
x30 <- 0x0000004007FEF800

mem[X,0x0000000080000C4C] -> 0x0F13
mem[X,0x0000000080000C4E] -> 0x555F
[792] [M]: 0x0000000080000C4C (0x555F0F13) addi t5, t5, 0x555
x30 <- 0x0000004007FEFD55

mem[X,0x0000000080000C50] -> 0x1F13
mem[X,0x0000000080000C52] -> 0x00BF
[793] [M]: 0x0000000080000C50 (0x00BF1F13) slli t5, t5, 0xb
x30 <- 0x0002003FF7EAA800

mem[X,0x0000000080000C54] -> 0x0F13
mem[X,0x0000000080000C56] -> 0x290F
[794] [M]: 0x0000000080000C54 (0x290F0F13) addi t5, t5, 0x290
x30 <- 0x0002003FF7EAAA90

mem[X,0x0000000080000C58] -> 0x1F13
mem[X,0x0000000080000C5A] -> 0x00AF
[795] [M]: 0x0000000080000C58 (0x00AF1F13) slli t5, t5, 0xa
x30 <- 0x0800FFDFAAAA4000

mem[X,0x0000000080000C5C] -> 0x0EB7
mem[X,0x0000000080000C5E] -> 0x0009
[796] [M]: 0x0000000080000C5C (0x00090EB7) lui t4, 0x90
x29 <- 0x0000000000090000

mem[X,0x0000000080000C60] -> 0x8E93
mem[X,0x0000000080000C62] -> 0xF7FE
[797] [M]: 0x0000000080000C60 (0xF7FE8E93) addi t4, t4, -0x81
x29 <- 0x000000000008FF7F

mem[X,0x0000000080000C64] -> 0x9E93
mem[X,0x0000000080000C66] -> 0x00BE
[798] [M]: 0x0000000080000C64 (0x00BE9E93) slli t4, t4, 0xb
x29 <- 0x0000000047FBF800

mem[X,0x0000000080000C68] -> 0x8E93
mem[X,0x0000000080000C6A] -> 0x000E
[799] [M]: 0x0000000080000C68 (0x000E8E93) addi t4, t4, 0x0
x29 <- 0x0000000047FBF800

clint::tick mtime <- 0x0000000000000008
 clint timer pending at mtime 0x0000000000000008
htif::tick 0x0000000000000000
mem[X,0x0000000080000C6C] -> 0x9E93
mem[X,0x0000000080000C6E] -> 0x00BE
[800] [M]: 0x0000000080000C6C (0x00BE9E93) slli t4, t4, 0xb
x29 <- 0x0000023FDFC00000

mem[X,0x0000000080000C70] -> 0x8E93
mem[X,0x0000000080000C72] -> 0x095E
[801] [M]: 0x0000000080000C70 (0x095E8E93) addi t4, t4, 0x95
x29 <- 0x0000023FDFC00095

mem[X,0x0000000080000C74] -> 0x9E93
mem[X,0x0000000080000C76] -> 0x00AE
[802] [M]: 0x0000000080000C74 (0x00AE9E93) slli t4, t4, 0xa
x29 <- 0x0008FF7F00025400

mem[X,0x0000000080000C78] -> 0x8E93
mem[X,0x0000000080000C7A] -> 0x155E
[803] [M]: 0x0000000080000C78 (0x155E8E93) addi t4, t4, 0x155
x29 <- 0x0008FF7F00025555

mem[X,0x0000000080000C7C] -> 0x7FBB
mem[X,0x0000000080000C7E] -> 0x89DF
[804] [M]: 0x0000000080000C7C (0x89DF7FBB) pmhacc.h t6, t5, t4
x31 <- 0xFFED024AFFF737CB

mem[X,0x0000000080000C80] -> 0xB423
mem[X,0x0000000080000C82] -> 0x05F0
[805] [M]: 0x0000000080000C80 (0x05F0B423) sd t6, 0x48(ra)
mem[0x0000000080004240] <- 0xFFED024AFFF737CB

mem[X,0x0000000080000C84] -> 0x0F37
mem[X,0x0000000080000C86] -> 0x0400
[806] [M]: 0x0000000080000C84 (0x04000F37) lui t5, 0x4000
x30 <- 0x0000000004000000

mem[X,0x0000000080000C88] -> 0x0F13
mem[X,0x0000000080000C8A] -> 0x006F
[807] [M]: 0x0000000080000C88 (0x006F0F13) addi t5, t5, 0x6
x30 <- 0x0000000004000006

mem[X,0x0000000080000C8C] -> 0x1F13
mem[X,0x0000000080000C8E] -> 0x00BF
[808] [M]: 0x0000000080000C8C (0x00BF1F13) slli t5, t5, 0xb
x30 <- 0x0000002000003000

mem[X,0x0000000080000C90] -> 0x0F13
mem[X,0x0000000080000C92] -> 0x7FFF
[809] [M]: 0x0000000080000C90 (0x7FFF0F13) addi t5, t5, 0x7ff
x30 <- 0x00000020000037FF

mem[X,0x0000000080000C94] -> 0x1F13
mem[X,0x0000000080000C96] -> 0x00BF
[810] [M]: 0x0000000080000C94 (0x00BF1F13) slli t5, t5, 0xb
x30 <- 0x0001000001BFF800

mem[X,0x0000000080000C98] -> 0x0F13
mem[X,0x0000000080000C9A] -> 0x3FFF
[811] [M]: 0x0000000080000C98 (0x3FFF0F13) addi t5, t5, 0x3ff
x30 <- 0x0001000001BFFBFF

mem[X,0x0000000080000C9C] -> 0x1F13
mem[X,0x0000000080000C9E] -> 0x00AF
[812] [M]: 0x0000000080000C9C (0x00AF1F13) slli t5, t5, 0xa
x30 <- 0x04000006FFEFFC00

mem[X,0x0000000080000CA0] -> 0x0F13
mem[X,0x0000000080000CA2] -> 0x3F7F
[813] [M]: 0x0000000080000CA0 (0x3F7F0F13) addi t5, t5, 0x3f7
x30 <- 0x04000006FFEFFFF7

mem[X,0x0000000080000CA4] -> 0x0EB7
mem[X,0x0000000080000CA6] -> 0x0020
[814] [M]: 0x0000000080000CA4 (0x00200EB7) lui t4, 0x200
x29 <- 0x0000000000200000

mem[X,0x0000000080000CA8] -> 0x8E93
mem[X,0x0000000080000CAA] -> 0x200E
[815] [M]: 0x0000000080000CA8 (0x200E8E93) addi t4, t4, 0x200
x29 <- 0x0000000000200200

mem[X,0x0000000080000CAC] -> 0x9E93
mem[X,0x0000000080000CAE] -> 0x00BE
[816] [M]: 0x0000000080000CAC (0x00BE9E93) slli t4, t4, 0xb
x29 <- 0x0000000100100000

mem[X,0x0000000080000CB0] -> 0x8E93
mem[X,0x0000000080000CB2] -> 0x000E
[817] [M]: 0x0000000080000CB0 (0x000E8E93) addi t4, t4, 0x0
x29 <- 0x0000000100100000

mem[X,0x0000000080000CB4] -> 0x9E93
mem[X,0x0000000080000CB6] -> 0x00BE
[818] [M]: 0x0000000080000CB4 (0x00BE9E93) slli t4, t4, 0xb
x29 <- 0x0000080080000000

mem[X,0x0000000080000CB8] -> 0x8E93
mem[X,0x0000000080000CBA] -> 0x1C0E
[819] [M]: 0x0000000080000CB8 (0x1C0E8E93) addi t4, t4, 0x1c0
x29 <- 0x00000800800001C0

mem[X,0x0000000080000CBC] -> 0x9E93
mem[X,0x0000000080000CBE] -> 0x00AE
[820] [M]: 0x0000000080000CBC (0x00AE9E93) slli t4, t4, 0xa
x29 <- 0x0020020000070000

mem[X,0x0000000080000CC0] -> 0x8E93
mem[X,0x0000000080000CC2] -> 0x020E
[821] [M]: 0x0000000080000CC0 (0x020E8E93) addi t4, t4, 0x20
x29 <- 0x0020020000070020

mem[X,0x0000000080000CC4] -> 0x7FBB
mem[X,0x0000000080000CC6] -> 0x89DF
[822] [M]: 0x0000000080000CC4 (0x89DF7FBB) pmhacc.h t6, t5, t4
x31 <- 0xFFED024AFFF637CA

mem[X,0x0000000080000CC8] -> 0xB823
mem[X,0x0000000080000CCA] -> 0x05F0
[823] [M]: 0x0000000080000CC8 (0x05F0B823) sd t6, 0x50(ra)
mem[0x0000000080004248] <- 0xFFED024AFFF637CA

mem[X,0x0000000080000CCC] -> 0x0F37
mem[X,0x0000000080000CCE] -> 0xC000
[824] [M]: 0x0000000080000CCC (0xC0000F37) lui t5, -0x40000
x30 <- 0xFFFFFFFFC0000000

mem[X,0x0000000080000CD0] -> 0x0F13
mem[X,0x0000000080000CD2] -> 0x080F
[825] [M]: 0x0000000080000CD0 (0x080F0F13) addi t5, t5, 0x80
x30 <- 0xFFFFFFFFC0000080

mem[X,0x0000000080000CD4] -> 0x1F13
mem[X,0x0000000080000CD6] -> 0x00BF
[826] [M]: 0x0000000080000CD4 (0x00BF1F13) slli t5, t5, 0xb
x30 <- 0xFFFFFE0000040000

mem[X,0x0000000080000CD8] -> 0x0F13
mem[X,0x0000000080000CDA] -> 0x7FFF
[827] [M]: 0x0000000080000CD8 (0x7FFF0F13) addi t5, t5, 0x7ff
x30 <- 0xFFFFFE00000407FF

mem[X,0x0000000080000CDC] -> 0x1F13
mem[X,0x0000000080000CDE] -> 0x00BF
[828] [M]: 0x0000000080000CDC (0x00BF1F13) slli t5, t5, 0xb
x30 <- 0xFFF00000203FF800

mem[X,0x0000000080000CE0] -> 0x0F13
mem[X,0x0000000080000CE2] -> 0x600F
[829] [M]: 0x0000000080000CE0 (0x600F0F13) addi t5, t5, 0x600
x30 <- 0xFFF00000203FFE00

mem[X,0x0000000080000CE4] -> 0x1F13
mem[X,0x0000000080000CE6] -> 0x00AF
[830] [M]: 0x0000000080000CE4 (0x00AF1F13) slli t5, t5, 0xa
x30 <- 0xC0000080FFF80000

mem[X,0x0000000080000CE8] -> 0x0F13
mem[X,0x0000000080000CEA] -> 0x020F
[831] [M]: 0x0000000080000CE8 (0x020F0F13) addi t5, t5, 0x20
x30 <- 0xC0000080FFF80020

mem[X,0x0000000080000CEC] -> 0x0EB7
mem[X,0x0000000080000CEE] -> 0x0081
[832] [M]: 0x0000000080000CEC (0x00810EB7) lui t4, 0x810
x29 <- 0x0000000000810000

mem[X,0x0000000080000CF0] -> 0x8E93
mem[X,0x0000000080000CF2] -> 0xFEFE
[833] [M]: 0x0000000080000CF0 (0xFEFE8E93) addi t4, t4, -0x11
x29 <- 0x000000000080FFEF

mem[X,0x0000000080000CF4] -> 0x9E93
mem[X,0x0000000080000CF6] -> 0x00BE
[834] [M]: 0x0000000080000CF4 (0x00BE9E93) slli t4, t4, 0xb
x29 <- 0x0000000407FF7800

mem[X,0x0000000080000CF8] -> 0x8E93
mem[X,0x0000000080000CFA] -> 0x7FBE
[835] [M]: 0x0000000080000CF8 (0x7FBE8E93) addi t4, t4, 0x7fb
x29 <- 0x0000000407FF7FFB

mem[X,0x0000000080000CFC] -> 0x9E93
mem[X,0x0000000080000CFE] -> 0x00BE
[836] [M]: 0x0000000080000CFC (0x00BE9E93) slli t4, t4, 0xb
x29 <- 0x0000203FFBFFD800

mem[X,0x0000000080000D00] -> 0x8E93
mem[X,0x0000000080000D02] -> 0x7FFE
[837] [M]: 0x0000000080000D00 (0x7FFE8E93) addi t4, t4, 0x7ff
x29 <- 0x0000203FFBFFDFFF

mem[X,0x0000000080000D04] -> 0x9E93
mem[X,0x0000000080000D06] -> 0x00AE
[838] [M]: 0x0000000080000D04 (0x00AE9E93) slli t4, t4, 0xa
x29 <- 0x0080FFEFFF7FFC00

mem[X,0x0000000080000D08] -> 0x8E93
mem[X,0x0000000080000D0A] -> 0x3BFE
[839] [M]: 0x0000000080000D08 (0x3BFE8E93) addi t4, t4, 0x3bf
x29 <- 0x0080FFEFFF7FFFBF

mem[X,0x0000000080000D0C] -> 0x7FBB
mem[X,0x0000000080000D0E] -> 0x89DF
[840] [M]: 0x0000000080000D0C (0x89DF7FBB) pmhacc.h t6, t5, t4
x31 <- 0xFFCD0249FFF637C9

mem[X,0x0000000080000D10] -> 0xBC23
mem[X,0x0000000080000D12] -> 0x05F0
[841] [M]: 0x0000000080000D10 (0x05F0BC23) sd t6, 0x58(ra)
mem[0x0000000080004250] <- 0xFFCD0249FFF637C9

mem[X,0x0000000080000D14] -> 0x0F37
mem[X,0x0000000080000D16] -> 0xFFFA
[842] [M]: 0x0000000080000D14 (0xFFFA0F37) lui t5, -0x60
x30 <- 0xFFFFFFFFFFFA0000

mem[X,0x0000000080000D18] -> 0x0F13
mem[X,0x0000000080000D1A] -> 0x006F
[843] [M]: 0x0000000080000D18 (0x006F0F13) addi t5, t5, 0x6
x30 <- 0xFFFFFFFFFFFA0006

mem[X,0x0000000080000D1C] -> 0x1F13
mem[X,0x0000000080000D1E] -> 0x00BF
[844] [M]: 0x0000000080000D1C (0x00BF1F13) slli t5, t5, 0xb
x30 <- 0xFFFFFFFFD0003000

mem[X,0x0000000080000D20] -> 0x0F13
mem[X,0x0000000080000D22] -> 0x000F
[845] [M]: 0x0000000080000D20 (0x000F0F13) addi t5, t5, 0x0
x30 <- 0xFFFFFFFFD0003000

mem[X,0x0000000080000D24] -> 0x1F13
mem[X,0x0000000080000D26] -> 0x00BF
[846] [M]: 0x0000000080000D24 (0x00BF1F13) slli t5, t5, 0xb
x30 <- 0xFFFFFE8001800000

mem[X,0x0000000080000D28] -> 0x0F13
mem[X,0x0000000080000D2A] -> 0x0BDF
[847] [M]: 0x0000000080000D28 (0x0BDF0F13) addi t5, t5, 0xbd
x30 <- 0xFFFFFE80018000BD

mem[X,0x0000000080000D2C] -> 0x1F13
mem[X,0x0000000080000D2E] -> 0x00AF
[848] [M]: 0x0000000080000D2C (0x00AF1F13) slli t5, t5, 0xa
x30 <- 0xFFFA00060002F400

mem[X,0x0000000080000D30] -> 0x0F13
mem[X,0x0000000080000D32] -> 0x3FFF
[849] [M]: 0x0000000080000D30 (0x3FFF0F13) addi t5, t5, 0x3ff
x30 <- 0xFFFA00060002F7FF

mem[X,0x0000000080000D34] -> 0x0EB7
mem[X,0x0000000080000D36] -> 0x0400
[850] [M]: 0x0000000080000D34 (0x04000EB7) lui t4, 0x4000
x29 <- 0x0000000004000000

mem[X,0x0000000080000D38] -> 0x8E93
mem[X,0x0000000080000D3A] -> 0x004E
[851] [M]: 0x0000000080000D38 (0x004E8E93) addi t4, t4, 0x4
x29 <- 0x0000000004000004

mem[X,0x0000000080000D3C] -> 0x9E93
mem[X,0x0000000080000D3E] -> 0x00BE
[852] [M]: 0x0000000080000D3C (0x00BE9E93) slli t4, t4, 0xb
x29 <- 0x0000002000002000

mem[X,0x0000000080000D40] -> 0x8E93
mem[X,0x0000000080000D42] -> 0x7FFE
[853] [M]: 0x0000000080000D40 (0x7FFE8E93) addi t4, t4, 0x7ff
x29 <- 0x00000020000027FF

mem[X,0x0000000080000D44] -> 0x9E93
mem[X,0x0000000080000D46] -> 0x00BE
[854] [M]: 0x0000000080000D44 (0x00BE9E93) slli t4, t4, 0xb
x29 <- 0x00010000013FF800

mem[X,0x0000000080000D48] -> 0x8E93
mem[X,0x0000000080000D4A] -> 0x5BFE
[855] [M]: 0x0000000080000D48 (0x5BFE8E93) addi t4, t4, 0x5bf
x29 <- 0x00010000013FFDBF

mem[X,0x0000000080000D4C] -> 0x9E93
mem[X,0x0000000080000D4E] -> 0x00AE
[856] [M]: 0x0000000080000D4C (0x00AE9E93) slli t4, t4, 0xa
x29 <- 0x04000004FFF6FC00

mem[X,0x0000000080000D50] -> 0x8E93
mem[X,0x0000000080000D52] -> 0x3FCE
[857] [M]: 0x0000000080000D50 (0x3FCE8E93) addi t4, t4, 0x3fc
x29 <- 0x04000004FFF6FFFC

mem[X,0x0000000080000D54] -> 0x7FBB
mem[X,0x0000000080000D56] -> 0x89DF
[858] [M]: 0x0000000080000D54 (0x89DF7FBB) pmhacc.h t6, t5, t4
x31 <- 0xFFCC0249FFF537C9

mem[X,0x0000000080000D58] -> 0xB023
mem[X,0x0000000080000D5A] -> 0x07F0
[859] [M]: 0x0000000080000D58 (0x07F0B023) sd t6, 0x60(ra)
mem[0x0000000080004258] <- 0xFFCC0249FFF537C9

mem[X,0x0000000080000D5C] -> 0x0F37
mem[X,0x0000000080000D5E] -> 0x0002
[860] [M]: 0x0000000080000D5C (0x00020F37) lui t5, 0x20
x30 <- 0x0000000000020000

mem[X,0x0000000080000D60] -> 0x0F13
mem[X,0x0000000080000D62] -> 0xEFFF
[861] [M]: 0x0000000080000D60 (0xEFFF0F13) addi t5, t5, -0x101
x30 <- 0x000000000001FEFF

mem[X,0x0000000080000D64] -> 0x1F13
mem[X,0x0000000080000D66] -> 0x00BF
[862] [M]: 0x0000000080000D64 (0x00BF1F13) slli t5, t5, 0xb
x30 <- 0x000000000FF7F800

mem[X,0x0000000080000D68] -> 0x0F13
mem[X,0x0000000080000D6A] -> 0x000F
[863] [M]: 0x0000000080000D68 (0x000F0F13) addi t5, t5, 0x0
x30 <- 0x000000000FF7F800

mem[X,0x0000000080000D6C] -> 0x1F13
mem[X,0x0000000080000D6E] -> 0x00BF
[864] [M]: 0x0000000080000D6C (0x00BF1F13) slli t5, t5, 0xb
x30 <- 0x0000007FBFC00000

mem[X,0x0000000080000D70] -> 0x0F13
mem[X,0x0000000080000D72] -> 0x19FF
[865] [M]: 0x0000000080000D70 (0x19FF0F13) addi t5, t5, 0x19f
x30 <- 0x0000007FBFC0019F

mem[X,0x0000000080000D74] -> 0x1F13
mem[X,0x0000000080000D76] -> 0x00AF
[866] [M]: 0x0000000080000D74 (0x00AF1F13) slli t5, t5, 0xa
x30 <- 0x0001FEFF00067C00

mem[X,0x0000000080000D78] -> 0x0F13
mem[X,0x0000000080000D7A] -> 0x3FFF
[867] [M]: 0x0000000080000D78 (0x3FFF0F13) addi t5, t5, 0x3ff
x30 <- 0x0001FEFF00067FFF

mem[X,0x0000000080000D7C] -> 0x0EB7
mem[X,0x0000000080000D7E] -> 0x0800
[868] [M]: 0x0000000080000D7C (0x08000EB7) lui t4, 0x8000
x29 <- 0x0000000008000000

mem[X,0x0000000080000D80] -> 0x8E93
mem[X,0x0000000080000D82] -> 0x004E
[869] [M]: 0x0000000080000D80 (0x004E8E93) addi t4, t4, 0x4
x29 <- 0x0000000008000004

mem[X,0x0000000080000D84] -> 0x9E93
mem[X,0x0000000080000D86] -> 0x00BE
[870] [M]: 0x0000000080000D84 (0x00BE9E93) slli t4, t4, 0xb
x29 <- 0x0000004000002000

mem[X,0x0000000080000D88] -> 0x8E93
mem[X,0x0000000080000D8A] -> 0x010E
[871] [M]: 0x0000000080000D88 (0x010E8E93) addi t4, t4, 0x10
x29 <- 0x0000004000002010

mem[X,0x0000000080000D8C] -> 0x9E93
mem[X,0x0000000080000D8E] -> 0x00BE
[872] [M]: 0x0000000080000D8C (0x00BE9E93) slli t4, t4, 0xb
x29 <- 0x0002000001008000

mem[X,0x0000000080000D90] -> 0x8E93
mem[X,0x0000000080000D92] -> 0x015E
[873] [M]: 0x0000000080000D90 (0x015E8E93) addi t4, t4, 0x15
x29 <- 0x0002000001008015

mem[X,0x0000000080000D94] -> 0x9E93
mem[X,0x0000000080000D96] -> 0x00AE
[874] [M]: 0x0000000080000D94 (0x00AE9E93) slli t4, t4, 0xa
x29 <- 0x0800000402005400

mem[X,0x0000000080000D98] -> 0x8E93
mem[X,0x0000000080000D9A] -> 0x155E
[875] [M]: 0x0000000080000D98 (0x155E8E93) addi t4, t4, 0x155
x29 <- 0x0800000402005555

mem[X,0x0000000080000D9C] -> 0x7FBB
mem[X,0x0000000080000D9E] -> 0x89DF
[876] [M]: 0x0000000080000D9C (0x89DF7FBB) pmhacc.h t6, t5, t4
x31 <- 0xFFCC0248FFF56273

mem[X,0x0000000080000DA0] -> 0xB423
mem[X,0x0000000080000DA2] -> 0x07F0
[877] [M]: 0x0000000080000DA0 (0x07F0B423) sd t6, 0x68(ra)
mem[0x0000000080004260] <- 0xFFCC0248FFF56273

mem[X,0x0000000080000DA4] -> 0x0F37
mem[X,0x0000000080000DA6] -> 0x0101
[878] [M]: 0x0000000080000DA4 (0x01010F37) lui t5, 0x1010
x30 <- 0x0000000001010000

mem[X,0x0000000080000DA8] -> 0x0F13
mem[X,0x0000000080000DAA] -> 0xF7FF
[879] [M]: 0x0000000080000DA8 (0xF7FF0F13) addi t5, t5, -0x81
x30 <- 0x000000000100FF7F

mem[X,0x0000000080000DAC] -> 0x1F13
mem[X,0x0000000080000DAE] -> 0x00BF
[880] [M]: 0x0000000080000DAC (0x00BF1F13) slli t5, t5, 0xb
x30 <- 0x0000000807FBF800

mem[X,0x0000000080000DB0] -> 0x0F13
mem[X,0x0000000080000DB2] -> 0x600F
[881] [M]: 0x0000000080000DB0 (0x600F0F13) addi t5, t5, 0x600
x30 <- 0x0000000807FBFE00

mem[X,0x0000000080000DB4] -> 0x1F13
mem[X,0x0000000080000DB6] -> 0x00BF
[882] [M]: 0x0000000080000DB4 (0x00BF1F13) slli t5, t5, 0xb
x30 <- 0x0000403FDFF00000

mem[X,0x0000000080000DB8] -> 0x0F13
mem[X,0x0000000080000DBA] -> 0x02AF
[883] [M]: 0x0000000080000DB8 (0x02AF0F13) addi t5, t5, 0x2a
x30 <- 0x0000403FDFF0002A

mem[X,0x0000000080000DBC] -> 0x1F13
mem[X,0x0000000080000DBE] -> 0x00AF
[884] [M]: 0x0000000080000DBC (0x00AF1F13) slli t5, t5, 0xa
x30 <- 0x0100FF7FC000A800

mem[X,0x0000000080000DC0] -> 0x0F13
mem[X,0x0000000080000DC2] -> 0x2AAF
[885] [M]: 0x0000000080000DC0 (0x2AAF0F13) addi t5, t5, 0x2aa
x30 <- 0x0100FF7FC000AAAA

mem[X,0x0000000080000DC4] -> 0xBEB7
mem[X,0x0000000080000DC6] -> 0x1000
[886] [M]: 0x0000000080000DC4 (0x1000BEB7) lui t4, 0x1000b
x29 <- 0x000000001000B000

mem[X,0x0000000080000DC8] -> 0x8E93
mem[X,0x0000000080000DCA] -> 0xAAAE
[887] [M]: 0x0000000080000DC8 (0xAAAE8E93) addi t4, t4, -0x556
x29 <- 0x000000001000AAAA

mem[X,0x0000000080000DCC] -> 0x9E93
mem[X,0x0000000080000DCE] -> 0x00BE
[888] [M]: 0x0000000080000DCC (0x00BE9E93) slli t4, t4, 0xb
x29 <- 0x0000008005555000

mem[X,0x0000000080000DD0] -> 0x8E93
mem[X,0x0000000080000DD2] -> 0x200E
[889] [M]: 0x0000000080000DD0 (0x200E8E93) addi t4, t4, 0x200
x29 <- 0x0000008005555200

mem[X,0x0000000080000DD4] -> 0x9E93
mem[X,0x0000000080000DD6] -> 0x00BE
[890] [M]: 0x0000000080000DD4 (0x00BE9E93) slli t4, t4, 0xb
x29 <- 0x0004002AAA900000

mem[X,0x0000000080000DD8] -> 0x8E93
mem[X,0x0000000080000DDA] -> 0x000E
[891] [M]: 0x0000000080000DD8 (0x000E8E93) addi t4, t4, 0x0
x29 <- 0x0004002AAA900000

mem[X,0x0000000080000DDC] -> 0x9E93
mem[X,0x0000000080000DDE] -> 0x00AE
[892] [M]: 0x0000000080000DDC (0x00AE9E93) slli t4, t4, 0xa
x29 <- 0x1000AAAA40000000

mem[X,0x0000000080000DE0] -> 0x8E93
mem[X,0x0000000080000DE2] -> 0x009E
[893] [M]: 0x0000000080000DE0 (0x009E8E93) addi t4, t4, 0x9
x29 <- 0x1000AAAA40000009

mem[X,0x0000000080000DE4] -> 0x7FBB
mem[X,0x0000000080000DE6] -> 0x89DF
[894] [M]: 0x0000000080000DE4 (0x89DF7FBB) pmhacc.h t6, t5, t4
x31 <- 0xFFDC0273EFF5626F

mem[X,0x0000000080000DE8] -> 0xB823
mem[X,0x0000000080000DEA] -> 0x07F0
[895] [M]: 0x0000000080000DE8 (0x07F0B823) sd t6, 0x70(ra)
mem[0x0000000080004268] <- 0xFFDC0273EFF5626F

mem[X,0x0000000080000DEC] -> 0x2F37
mem[X,0x0000000080000DEE] -> 0xFFFB
[896] [M]: 0x0000000080000DEC (0xFFFB2F37) lui t5, -0x4e
x30 <- 0xFFFFFFFFFFFB2000

mem[X,0x0000000080000DF0] -> 0x0F13
mem[X,0x0000000080000DF2] -> 0x000F
[897] [M]: 0x0000000080000DF0 (0x000F0F13) addi t5, t5, 0x0
x30 <- 0xFFFFFFFFFFFB2000

mem[X,0x0000000080000DF4] -> 0x1F13
mem[X,0x0000000080000DF6] -> 0x00BF
[898] [M]: 0x0000000080000DF4 (0x00BF1F13) slli t5, t5, 0xb
x30 <- 0xFFFFFFFFD9000000

mem[X,0x0000000080000DF8] -> 0x0F13
mem[X,0x0000000080000DFA] -> 0x7FFF
[899] [M]: 0x0000000080000DF8 (0x7FFF0F13) addi t5, t5, 0x7ff
x30 <- 0xFFFFFFFFD90007FF

clint::tick mtime <- 0x0000000000000009
 clint timer pending at mtime 0x0000000000000009
htif::tick 0x0000000000000000
mem[X,0x0000000080000DFC] -> 0x1F13
mem[X,0x0000000080000DFE] -> 0x00BF
[900] [M]: 0x0000000080000DFC (0x00BF1F13) slli t5, t5, 0xb
x30 <- 0xFFFFFEC8003FF800

mem[X,0x0000000080000E00] -> 0x0F13
mem[X,0x0000000080000E02] -> 0x6C0F
[901] [M]: 0x0000000080000E00 (0x6C0F0F13) addi t5, t5, 0x6c0
x30 <- 0xFFFFFEC8003FFEC0

mem[X,0x0000000080000E04] -> 0x1F13
mem[X,0x0000000080000E06] -> 0x00AF
[902] [M]: 0x0000000080000E04 (0x00AF1F13) slli t5, t5, 0xa
x30 <- 0xFFFB2000FFFB0000

mem[X,0x0000000080000E08] -> 0x0F13
mem[X,0x0000000080000E0A] -> 0x004F
[903] [M]: 0x0000000080000E08 (0x004F0F13) addi t5, t5, 0x4
x30 <- 0xFFFB2000FFFB0004

mem[X,0x0000000080000E0C] -> 0x0EB7
mem[X,0x0000000080000E0E] -> 0x4000
[904] [M]: 0x0000000080000E0C (0x40000EB7) lui t4, 0x40000
x29 <- 0x0000000040000000

mem[X,0x0000000080000E10] -> 0x8E93
mem[X,0x0000000080000E12] -> 0x008E
[905] [M]: 0x0000000080000E10 (0x008E8E93) addi t4, t4, 0x8
x29 <- 0x0000000040000008

mem[X,0x0000000080000E14] -> 0x9E93
mem[X,0x0000000080000E16] -> 0x00BE
[906] [M]: 0x0000000080000E14 (0x00BE9E93) slli t4, t4, 0xb
x29 <- 0x0000020000004000

mem[X,0x0000000080000E18] -> 0x8E93
mem[X,0x0000000080000E1A] -> 0x555E
[907] [M]: 0x0000000080000E18 (0x555E8E93) addi t4, t4, 0x555
x29 <- 0x0000020000004555

mem[X,0x0000000080000E1C] -> 0x9E93
mem[X,0x0000000080000E1E] -> 0x00BE
[908] [M]: 0x0000000080000E1C (0x00BE9E93) slli t4, t4, 0xb
x29 <- 0x00100000022AA800

mem[X,0x0000000080000E20] -> 0x8E93
mem[X,0x0000000080000E22] -> 0x2BFE
[909] [M]: 0x0000000080000E20 (0x2BFE8E93) addi t4, t4, 0x2bf
x29 <- 0x00100000022AAABF

mem[X,0x0000000080000E24] -> 0x9E93
mem[X,0x0000000080000E26] -> 0x00AE
[910] [M]: 0x0000000080000E24 (0x00AE9E93) slli t4, t4, 0xa
x29 <- 0x40000008AAAAFC00

mem[X,0x0000000080000E28] -> 0x8E93
mem[X,0x0000000080000E2A] -> 0x3FEE
[911] [M]: 0x0000000080000E28 (0x3FEE8E93) addi t4, t4, 0x3fe
x29 <- 0x40000008AAAAFFFE

mem[X,0x0000000080000E2C] -> 0x7FBB
mem[X,0x0000000080000E2E] -> 0x89DF
[912] [M]: 0x0000000080000E2C (0x89DF7FBB) pmhacc.h t6, t5, t4
x31 <- 0xFFDA0274EFF6626E

mem[X,0x0000000080000E30] -> 0xBC23
mem[X,0x0000000080000E32] -> 0x07F0
[913] [M]: 0x0000000080000E30 (0x07F0BC23) sd t6, 0x78(ra)
mem[0x0000000080004270] <- 0xFFDA0274EFF6626E

mem[X,0x0000000080000E34] -> 0x4F37
mem[X,0x0000000080000E36] -> 0x0005
[914] [M]: 0x0000000080000E34 (0x00054F37) lui t5, 0x54
x30 <- 0x0000000000054000

mem[X,0x0000000080000E38] -> 0x0F13
mem[X,0x0000000080000E3A] -> 0xFFFF
[915] [M]: 0x0000000080000E38 (0xFFFF0F13) addi t5, t5, -0x1
x30 <- 0x0000000000053FFF

mem[X,0x0000000080000E3C] -> 0x1F13
mem[X,0x0000000080000E3E] -> 0x00BF
[916] [M]: 0x0000000080000E3C (0x00BF1F13) slli t5, t5, 0xb
x30 <- 0x0000000029FFF800

mem[X,0x0000000080000E40] -> 0x0F13
mem[X,0x0000000080000E42] -> 0x200F
[917] [M]: 0x0000000080000E40 (0x200F0F13) addi t5, t5, 0x200
x30 <- 0x0000000029FFFA00

mem[X,0x0000000080000E44] -> 0x1F13
mem[X,0x0000000080000E46] -> 0x00BF
[918] [M]: 0x0000000080000E44 (0x00BF1F13) slli t5, t5, 0xb
x30 <- 0x0000014FFFD00000

mem[X,0x0000000080000E48] -> 0x0F13
mem[X,0x0000000080000E4A] -> 0x03FF
[919] [M]: 0x0000000080000E48 (0x03FF0F13) addi t5, t5, 0x3f
x30 <- 0x0000014FFFD0003F

mem[X,0x0000000080000E4C] -> 0x1F13
mem[X,0x0000000080000E4E] -> 0x00AF
[920] [M]: 0x0000000080000E4C (0x00AF1F13) slli t5, t5, 0xa
x30 <- 0x00053FFF4000FC00

mem[X,0x0000000080000E50] -> 0x0F13
mem[X,0x0000000080000E52] -> 0x3F8F
[921] [M]: 0x0000000080000E50 (0x3F8F0F13) addi t5, t5, 0x3f8
x30 <- 0x00053FFF4000FFF8

mem[X,0x0000000080000E54] -> 0x0EB7
mem[X,0x0000000080000E56] -> 0xFEFF
[922] [M]: 0x0000000080000E54 (0xFEFF0EB7) lui t4, -0x1010
x29 <- 0xFFFFFFFFFEFF0000

mem[X,0x0000000080000E58] -> 0x8E93
mem[X,0x0000000080000E5A] -> 0x000E
[923] [M]: 0x0000000080000E58 (0x000E8E93) addi t4, t4, 0x0
x29 <- 0xFFFFFFFFFEFF0000

mem[X,0x0000000080000E5C] -> 0x9E93
mem[X,0x0000000080000E5E] -> 0x00BE
[924] [M]: 0x0000000080000E5C (0x00BE9E93) slli t4, t4, 0xb
x29 <- 0xFFFFFFF7F8000000

mem[X,0x0000000080000E60] -> 0x8E93
mem[X,0x0000000080000E62] -> 0x7DFE
[925] [M]: 0x0000000080000E60 (0x7DFE8E93) addi t4, t4, 0x7df
x29 <- 0xFFFFFFF7F80007DF

mem[X,0x0000000080000E64] -> 0x9E93
mem[X,0x0000000080000E66] -> 0x00BE
[926] [M]: 0x0000000080000E64 (0x00BE9E93) slli t4, t4, 0xb
x29 <- 0xFFFFBFC0003EF800

mem[X,0x0000000080000E68] -> 0x8E93
mem[X,0x0000000080000E6A] -> 0x7F0E
[927] [M]: 0x0000000080000E68 (0x7F0E8E93) addi t4, t4, 0x7f0
x29 <- 0xFFFFBFC0003EFFF0

mem[X,0x0000000080000E6C] -> 0x9E93
mem[X,0x0000000080000E6E] -> 0x00AE
[928] [M]: 0x0000000080000E6C (0x00AE9E93) slli t4, t4, 0xa
x29 <- 0xFEFF0000FBFFC000

mem[X,0x0000000080000E70] -> 0x7FBB
mem[X,0x0000000080000E72] -> 0x89DF
[929] [M]: 0x0000000080000E70 (0x89DF7FBB) pmhacc.h t6, t5, t4
x31 <- 0xFFD90274EEF56270

mem[X,0x0000000080000E74] -> 0xB023
mem[X,0x0000000080000E76] -> 0x09F0
[930] [M]: 0x0000000080000E74 (0x09F0B023) sd t6, 0x80(ra)
mem[0x0000000080004278] <- 0xFFD90274EEF56270

mem[X,0x0000000080000E78] -> 0x0F37
mem[X,0x0000000080000E7A] -> 0xF800
[931] [M]: 0x0000000080000E78 (0xF8000F37) lui t5, -0x8000
x30 <- 0xFFFFFFFFF8000000

mem[X,0x0000000080000E7C] -> 0x0F13
mem[X,0x0000000080000E7E] -> 0xEFFF
[932] [M]: 0x0000000080000E7C (0xEFFF0F13) addi t5, t5, -0x101
x30 <- 0xFFFFFFFFF7FFFEFF

mem[X,0x0000000080000E80] -> 0x1F13
mem[X,0x0000000080000E82] -> 0x00BF
[933] [M]: 0x0000000080000E80 (0x00BF1F13) slli t5, t5, 0xb
x30 <- 0xFFFFFFBFFFF7F800

mem[X,0x0000000080000E84] -> 0x0F13
mem[X,0x0000000080000E86] -> 0x7FFF
[934] [M]: 0x0000000080000E84 (0x7FFF0F13) addi t5, t5, 0x7ff
x30 <- 0xFFFFFFBFFFF7FFFF

mem[X,0x0000000080000E88] -> 0x1F13
mem[X,0x0000000080000E8A] -> 0x00BF
[935] [M]: 0x0000000080000E88 (0x00BF1F13) slli t5, t5, 0xb
x30 <- 0xFFFDFFFFBFFFF800

mem[X,0x0000000080000E8C] -> 0x0F13
mem[X,0x0000000080000E8E] -> 0x6BBF
[936] [M]: 0x0000000080000E8C (0x6BBF0F13) addi t5, t5, 0x6bb
x30 <- 0xFFFDFFFFBFFFFEBB

mem[X,0x0000000080000E90] -> 0x1F13
mem[X,0x0000000080000E92] -> 0x00AF
[937] [M]: 0x0000000080000E90 (0x00AF1F13) slli t5, t5, 0xa
x30 <- 0xF7FFFEFFFFFAEC00

mem[X,0x0000000080000E94] -> 0x0F13
mem[X,0x0000000080000E96] -> 0x3FFF
[938] [M]: 0x0000000080000E94 (0x3FFF0F13) addi t5, t5, 0x3ff
x30 <- 0xF7FFFEFFFFFAEFFF

mem[X,0x0000000080000E98] -> 0x0EB7
mem[X,0x0000000080000E9A] -> 0xFE00
[939] [M]: 0x0000000080000E98 (0xFE000EB7) lui t4, -0x2000
x29 <- 0xFFFFFFFFFE000000

mem[X,0x0000000080000E9C] -> 0x8E93
mem[X,0x0000000080000E9E] -> 0xFF7E
[940] [M]: 0x0000000080000E9C (0xFF7E8E93) addi t4, t4, -0x9
x29 <- 0xFFFFFFFFFDFFFFF7

mem[X,0x0000000080000EA0] -> 0x9E93
mem[X,0x0000000080000EA2] -> 0x00BE
[941] [M]: 0x0000000080000EA0 (0x00BE9E93) slli t4, t4, 0xb
x29 <- 0xFFFFFFEFFFFFB800

mem[X,0x0000000080000EA4] -> 0x8E93
mem[X,0x0000000080000EA6] -> 0x7FFE
[942] [M]: 0x0000000080000EA4 (0x7FFE8E93) addi t4, t4, 0x7ff
x29 <- 0xFFFFFFEFFFFFBFFF

mem[X,0x0000000080000EA8] -> 0x9E93
mem[X,0x0000000080000EAA] -> 0x00BE
[943] [M]: 0x0000000080000EA8 (0x00BE9E93) slli t4, t4, 0xb
x29 <- 0xFFFF7FFFFDFFF800

mem[X,0x0000000080000EAC] -> 0x8E93
mem[X,0x0000000080000EAE] -> 0x584E
[944] [M]: 0x0000000080000EAC (0x584E8E93) addi t4, t4, 0x584
x29 <- 0xFFFF7FFFFDFFFD84

mem[X,0x0000000080000EB0] -> 0x9E93
mem[X,0x0000000080000EB2] -> 0x00AE
[945] [M]: 0x0000000080000EB0 (0x00AE9E93) slli t4, t4, 0xa
x29 <- 0xFDFFFFF7FFF61000

mem[X,0x0000000080000EB4] -> 0x7FBB
mem[X,0x0000000080000EB6] -> 0x89DF
[946] [M]: 0x0000000080000EB4 (0x89DF7FBB) pmhacc.h t6, t5, t4
x31 <- 0xFFE90274EEF5616F

mem[X,0x0000000080000EB8] -> 0xB423
mem[X,0x0000000080000EBA] -> 0x09F0
[947] [M]: 0x0000000080000EB8 (0x09F0B423) sd t6, 0x88(ra)
mem[0x0000000080004280] <- 0xFFE90274EEF5616F

mem[X,0x0000000080000EBC] -> 0x0F37
mem[X,0x0000000080000EBE] -> 0xFE00
[948] [M]: 0x0000000080000EBC (0xFE000F37) lui t5, -0x2000
x30 <- 0xFFFFFFFFFE000000

mem[X,0x0000000080000EC0] -> 0x0F13
mem[X,0x0000000080000EC2] -> 0xFF8F
[949] [M]: 0x0000000080000EC0 (0xFF8F0F13) addi t5, t5, -0x8
x30 <- 0xFFFFFFFFFDFFFFF8

mem[X,0x0000000080000EC4] -> 0x1F13
mem[X,0x0000000080000EC6] -> 0x00BF
[950] [M]: 0x0000000080000EC4 (0x00BF1F13) slli t5, t5, 0xb
x30 <- 0xFFFFFFEFFFFFC000

mem[X,0x0000000080000EC8] -> 0x0F13
mem[X,0x0000000080000ECA] -> 0x7F7F
[951] [M]: 0x0000000080000EC8 (0x7F7F0F13) addi t5, t5, 0x7f7
x30 <- 0xFFFFFFEFFFFFC7F7

mem[X,0x0000000080000ECC] -> 0x1F13
mem[X,0x0000000080000ECE] -> 0x00BF
[952] [M]: 0x0000000080000ECC (0x00BF1F13) slli t5, t5, 0xb
x30 <- 0xFFFF7FFFFE3FB800

mem[X,0x0000000080000ED0] -> 0x0F13
mem[X,0x0000000080000ED2] -> 0x7FFF
[953] [M]: 0x0000000080000ED0 (0x7FFF0F13) addi t5, t5, 0x7ff
x30 <- 0xFFFF7FFFFE3FBFFF

mem[X,0x0000000080000ED4] -> 0x1F13
mem[X,0x0000000080000ED6] -> 0x00AF
[954] [M]: 0x0000000080000ED4 (0x00AF1F13) slli t5, t5, 0xa
x30 <- 0xFDFFFFF8FEFFFC00

mem[X,0x0000000080000ED8] -> 0x0F13
mem[X,0x0000000080000EDA] -> 0x2FFF
[955] [M]: 0x0000000080000ED8 (0x2FFF0F13) addi t5, t5, 0x2ff
x30 <- 0xFDFFFFF8FEFFFEFF

mem[X,0x0000000080000EDC] -> 0x0EB7
mem[X,0x0000000080000EDE] -> 0xF7FF
[956] [M]: 0x0000000080000EDC (0xF7FF0EB7) lui t4, -0x8010
x29 <- 0xFFFFFFFFF7FF0000

mem[X,0x0000000080000EE0] -> 0x8E93
mem[X,0x0000000080000EE2] -> 0x003E
[957] [M]: 0x0000000080000EE0 (0x003E8E93) addi t4, t4, 0x3
x29 <- 0xFFFFFFFFF7FF0003

mem[X,0x0000000080000EE4] -> 0x9E93
mem[X,0x0000000080000EE6] -> 0x00BE
[958] [M]: 0x0000000080000EE4 (0x00BE9E93) slli t4, t4, 0xb
x29 <- 0xFFFFFFBFF8001800

mem[X,0x0000000080000EE8] -> 0x8E93
mem[X,0x0000000080000EEA] -> 0x000E
[959] [M]: 0x0000000080000EE8 (0x000E8E93) addi t4, t4, 0x0
x29 <- 0xFFFFFFBFF8001800

mem[X,0x0000000080000EEC] -> 0x9E93
mem[X,0x0000000080000EEE] -> 0x00BE
[960] [M]: 0x0000000080000EEC (0x00BE9E93) slli t4, t4, 0xb
x29 <- 0xFFFDFFC000C00000

mem[X,0x0000000080000EF0] -> 0x8E93
mem[X,0x0000000080000EF2] -> 0x0B7E
[961] [M]: 0x0000000080000EF0 (0x0B7E8E93) addi t4, t4, 0xb7
x29 <- 0xFFFDFFC000C000B7

mem[X,0x0000000080000EF4] -> 0x9E93
mem[X,0x0000000080000EF6] -> 0x00AE
[962] [M]: 0x0000000080000EF4 (0x00AE9E93) slli t4, t4, 0xa
x29 <- 0xF7FF00030002DC00

mem[X,0x0000000080000EF8] -> 0x8E93
mem[X,0x0000000080000EFA] -> 0x3FFE
[963] [M]: 0x0000000080000EF8 (0x3FFE8E93) addi t4, t4, 0x3ff
x29 <- 0xF7FF00030002DFFF

mem[X,0x0000000080000EFC] -> 0x7FBB
mem[X,0x0000000080000EFE] -> 0x89DF
[964] [M]: 0x0000000080000EFC (0x89DF7FBB) pmhacc.h t6, t5, t4
x31 <- 0xFFF90273EEF4618F

mem[X,0x0000000080000F00] -> 0xB823
mem[X,0x0000000080000F02] -> 0x09F0
[965] [M]: 0x0000000080000F00 (0x09F0B823) sd t6, 0x90(ra)
mem[0x0000000080004288] <- 0xFFF90273EEF4618F

mem[X,0x0000000080000F04] -> 0x0F37
mem[X,0x0000000080000F06] -> 0xFBFF
[966] [M]: 0x0000000080000F04 (0xFBFF0F37) lui t5, -0x4010
x30 <- 0xFFFFFFFFFBFF0000

mem[X,0x0000000080000F08] -> 0x0F13
mem[X,0x0000000080000F0A] -> 0x040F
[967] [M]: 0x0000000080000F08 (0x040F0F13) addi t5, t5, 0x40
x30 <- 0xFFFFFFFFFBFF0040

mem[X,0x0000000080000F0C] -> 0x1F13
mem[X,0x0000000080000F0E] -> 0x00BF
[968] [M]: 0x0000000080000F0C (0x00BF1F13) slli t5, t5, 0xb
x30 <- 0xFFFFFFDFF8020000

mem[X,0x0000000080000F10] -> 0x0F13
mem[X,0x0000000080000F12] -> 0x020F
[969] [M]: 0x0000000080000F10 (0x020F0F13) addi t5, t5, 0x20
x30 <- 0xFFFFFFDFF8020020

mem[X,0x0000000080000F14] -> 0x1F13
mem[X,0x0000000080000F16] -> 0x00BF
[970] [M]: 0x0000000080000F14 (0x00BF1F13) slli t5, t5, 0xb
x30 <- 0xFFFEFFC010010000

mem[X,0x0000000080000F18] -> 0x0F13
mem[X,0x0000000080000F1A] -> 0x000F
[971] [M]: 0x0000000080000F18 (0x000F0F13) addi t5, t5, 0x0
x30 <- 0xFFFEFFC010010000

mem[X,0x0000000080000F1C] -> 0x1F13
mem[X,0x0000000080000F1E] -> 0x00AF
[972] [M]: 0x0000000080000F1C (0x00AF1F13) slli t5, t5, 0xa
x30 <- 0xFBFF004004000000

mem[X,0x0000000080000F20] -> 0x0F13
mem[X,0x0000000080000F22] -> 0x020F
[973] [M]: 0x0000000080000F20 (0x020F0F13) addi t5, t5, 0x20
x30 <- 0xFBFF004004000020

mem[X,0x0000000080000F24] -> 0x0EB7
mem[X,0x0000000080000F26] -> 0xF000
[974] [M]: 0x0000000080000F24 (0xF0000EB7) lui t4, -0x10000
x29 <- 0xFFFFFFFFF0000000

mem[X,0x0000000080000F28] -> 0x8E93
mem[X,0x0000000080000F2A] -> 0xFF6E
[975] [M]: 0x0000000080000F28 (0xFF6E8E93) addi t4, t4, -0xa
x29 <- 0xFFFFFFFFEFFFFFF6

mem[X,0x0000000080000F2C] -> 0x9E93
mem[X,0x0000000080000F2E] -> 0x00BE
[976] [M]: 0x0000000080000F2C (0x00BE9E93) slli t4, t4, 0xb
x29 <- 0xFFFFFF7FFFFFB000

mem[X,0x0000000080000F30] -> 0x8E93
mem[X,0x0000000080000F32] -> 0x600E
[977] [M]: 0x0000000080000F30 (0x600E8E93) addi t4, t4, 0x600
x29 <- 0xFFFFFF7FFFFFB600

mem[X,0x0000000080000F34] -> 0x9E93
mem[X,0x0000000080000F36] -> 0x00BE
[978] [M]: 0x0000000080000F34 (0x00BE9E93) slli t4, t4, 0xb
x29 <- 0xFFFBFFFFFDB00000

mem[X,0x0000000080000F38] -> 0x8E93
mem[X,0x0000000080000F3A] -> 0x000E
[979] [M]: 0x0000000080000F38 (0x000E8E93) addi t4, t4, 0x0
x29 <- 0xFFFBFFFFFDB00000

mem[X,0x0000000080000F3C] -> 0x9E93
mem[X,0x0000000080000F3E] -> 0x00AE
[980] [M]: 0x0000000080000F3C (0x00AE9E93) slli t4, t4, 0xa
x29 <- 0xEFFFFFF6C0000000

mem[X,0x0000000080000F40] -> 0x8E93
mem[X,0x0000000080000F42] -> 0x100E
[981] [M]: 0x0000000080000F40 (0x100E8E93) addi t4, t4, 0x100
x29 <- 0xEFFFFFF6C0000100

mem[X,0x0000000080000F44] -> 0x7FBB
mem[X,0x0000000080000F46] -> 0x89DF
[982] [M]: 0x0000000080000F44 (0x89DF7FBB) pmhacc.h t6, t5, t4
x31 <- 0x00390272EDF4618F

mem[X,0x0000000080000F48] -> 0xBC23
mem[X,0x0000000080000F4A] -> 0x09F0
[983] [M]: 0x0000000080000F48 (0x09F0BC23) sd t6, 0x98(ra)
mem[0x0000000080004290] <- 0x00390272EDF4618F

mem[X,0x0000000080000F4C] -> 0x0F37
mem[X,0x0000000080000F4E] -> 0x3FFF
[984] [M]: 0x0000000080000F4C (0x3FFF0F37) lui t5, 0x3fff0
x30 <- 0x000000003FFF0000

mem[X,0x0000000080000F50] -> 0x0F13
mem[X,0x0000000080000F52] -> 0x006F
[985] [M]: 0x0000000080000F50 (0x006F0F13) addi t5, t5, 0x6
x30 <- 0x000000003FFF0006

mem[X,0x0000000080000F54] -> 0x1F13
mem[X,0x0000000080000F56] -> 0x00BF
[986] [M]: 0x0000000080000F54 (0x00BF1F13) slli t5, t5, 0xb
x30 <- 0x000001FFF8003000

mem[X,0x0000000080000F58] -> 0x0F13
mem[X,0x0000000080000F5A] -> 0x000F
[987] [M]: 0x0000000080000F58 (0x000F0F13) addi t5, t5, 0x0
x30 <- 0x000001FFF8003000

mem[X,0x0000000080000F5C] -> 0x1F13
mem[X,0x0000000080000F5E] -> 0x00BF
[988] [M]: 0x0000000080000F5C (0x00BF1F13) slli t5, t5, 0xb
x30 <- 0x000FFFC001800000

mem[X,0x0000000080000F60] -> 0x0F13
mem[X,0x0000000080000F62] -> 0x277F
[989] [M]: 0x0000000080000F60 (0x277F0F13) addi t5, t5, 0x277
x30 <- 0x000FFFC001800277

mem[X,0x0000000080000F64] -> 0x1F13
mem[X,0x0000000080000F66] -> 0x00AF
[990] [M]: 0x0000000080000F64 (0x00AF1F13) slli t5, t5, 0xa
x30 <- 0x3FFF00060009DC00

mem[X,0x0000000080000F68] -> 0x0F13
mem[X,0x0000000080000F6A] -> 0x3FFF
[991] [M]: 0x0000000080000F68 (0x3FFF0F13) addi t5, t5, 0x3ff
x30 <- 0x3FFF00060009DFFF

mem[X,0x0000000080000F6C] -> 0x0EB7
mem[X,0x0000000080000F6E] -> 0xE000
[992] [M]: 0x0000000080000F6C (0xE0000EB7) lui t4, -0x20000
x29 <- 0xFFFFFFFFE0000000

mem[X,0x0000000080000F70] -> 0x8E93
mem[X,0x0000000080000F72] -> 0xFF7E
[993] [M]: 0x0000000080000F70 (0xFF7E8E93) addi t4, t4, -0x9
x29 <- 0xFFFFFFFFDFFFFFF7

mem[X,0x0000000080000F74] -> 0x9E93
mem[X,0x0000000080000F76] -> 0x00BE
[994] [M]: 0x0000000080000F74 (0x00BE9E93) slli t4, t4, 0xb
x29 <- 0xFFFFFEFFFFFFB800

mem[X,0x0000000080000F78] -> 0x8E93
mem[X,0x0000000080000F7A] -> 0x001E
[995] [M]: 0x0000000080000F78 (0x001E8E93) addi t4, t4, 0x1
x29 <- 0xFFFFFEFFFFFFB801

mem[X,0x0000000080000F7C] -> 0x9E93
mem[X,0x0000000080000F7E] -> 0x00BE
[996] [M]: 0x0000000080000F7C (0x00BE9E93) slli t4, t4, 0xb
x29 <- 0xFFF7FFFFFDC00800

mem[X,0x0000000080000F80] -> 0x8E93
mem[X,0x0000000080000F82] -> 0x000E
[997] [M]: 0x0000000080000F80 (0x000E8E93) addi t4, t4, 0x0
x29 <- 0xFFF7FFFFFDC00800

mem[X,0x0000000080000F84] -> 0x9E93
mem[X,0x0000000080000F86] -> 0x00AE
[998] [M]: 0x0000000080000F84 (0x00AE9E93) slli t4, t4, 0xa
x29 <- 0xDFFFFFF700200000

mem[X,0x0000000080000F88] -> 0x8E93
mem[X,0x0000000080000F8A] -> 0x100E
[999] [M]: 0x0000000080000F88 (0x100E8E93) addi t4, t4, 0x100
x29 <- 0xDFFFFFF700200100

clint::tick mtime <- 0x000000000000000A
 clint timer pending at mtime 0x000000000000000A
htif::tick 0x0000000000000000
mem[X,0x0000000080000F8C] -> 0x7FBB
mem[X,0x0000000080000F8E] -> 0x89DF
[1000] [M]: 0x0000000080000F8C (0x89DF7FBB) pmhacc.h t6, t5, t4
x31 <- 0xF8380271EDF4616E

mem[X,0x0000000080000F90] -> 0xB023
mem[X,0x0000000080000F92] -> 0x0BF0
[1001] [M]: 0x0000000080000F90 (0x0BF0B023) sd t6, 0xa0(ra)
mem[0x0000000080004298] <- 0xF8380271EDF4616E

mem[X,0x0000000080000F94] -> 0x0F37
mem[X,0x0000000080000F96] -> 0xFFF8
[1002] [M]: 0x0000000080000F94 (0xFFF80F37) lui t5, -0x80
x30 <- 0xFFFFFFFFFFF80000

mem[X,0x0000000080000F98] -> 0x0F13
mem[X,0x0000000080000F9A] -> 0xFEFF
[1003] [M]: 0x0000000080000F98 (0xFEFF0F13) addi t5, t5, -0x11
x30 <- 0xFFFFFFFFFFF7FFEF

mem[X,0x0000000080000F9C] -> 0x1F13
mem[X,0x0000000080000F9E] -> 0x00BF
[1004] [M]: 0x0000000080000F9C (0x00BF1F13) slli t5, t5, 0xb
x30 <- 0xFFFFFFFFBFFF7800

mem[X,0x0000000080000FA0] -> 0x0F13
mem[X,0x0000000080000FA2] -> 0x7DFF
[1005] [M]: 0x0000000080000FA0 (0x7DFF0F13) addi t5, t5, 0x7df
x30 <- 0xFFFFFFFFBFFF7FDF

mem[X,0x0000000080000FA4] -> 0x1F13
mem[X,0x0000000080000FA6] -> 0x00BF
[1006] [M]: 0x0000000080000FA4 (0x00BF1F13) slli t5, t5, 0xb
x30 <- 0xFFFFFDFFFBFEF800

mem[X,0x0000000080000FA8] -> 0x0F13
mem[X,0x0000000080000FAA] -> 0x7EAF
[1007] [M]: 0x0000000080000FA8 (0x7EAF0F13) addi t5, t5, 0x7ea
x30 <- 0xFFFFFDFFFBFEFFEA

mem[X,0x0000000080000FAC] -> 0x1F13
mem[X,0x0000000080000FAE] -> 0x00AF
[1008] [M]: 0x0000000080000FAC (0x00AF1F13) slli t5, t5, 0xa
x30 <- 0xFFF7FFEFFBFFA800

mem[X,0x0000000080000FB0] -> 0x0F13
mem[X,0x0000000080000FB2] -> 0x2AAF
[1009] [M]: 0x0000000080000FB0 (0x2AAF0F13) addi t5, t5, 0x2aa
x30 <- 0xFFF7FFEFFBFFAAAA

mem[X,0x0000000080000FB4] -> 0x0EB7
mem[X,0x0000000080000FB6] -> 0xC000
[1010] [M]: 0x0000000080000FB4 (0xC0000EB7) lui t4, -0x40000
x29 <- 0xFFFFFFFFC0000000

mem[X,0x0000000080000FB8] -> 0x8E93
mem[X,0x0000000080000FBA] -> 0xFF9E
[1011] [M]: 0x0000000080000FB8 (0xFF9E8E93) addi t4, t4, -0x7
x29 <- 0xFFFFFFFFBFFFFFF9

mem[X,0x0000000080000FBC] -> 0x9E93
mem[X,0x0000000080000FBE] -> 0x00BE
[1012] [M]: 0x0000000080000FBC (0x00BE9E93) slli t4, t4, 0xb
x29 <- 0xFFFFFDFFFFFFC800

mem[X,0x0000000080000FC0] -> 0x8E93
mem[X,0x0000000080000FC2] -> 0x020E
[1013] [M]: 0x0000000080000FC0 (0x020E8E93) addi t4, t4, 0x20
x29 <- 0xFFFFFDFFFFFFC820

mem[X,0x0000000080000FC4] -> 0x9E93
mem[X,0x0000000080000FC6] -> 0x00BE
[1014] [M]: 0x0000000080000FC4 (0x00BE9E93) slli t4, t4, 0xb
x29 <- 0xFFEFFFFFFE410000

mem[X,0x0000000080000FC8] -> 0x8E93
mem[X,0x0000000080000FCA] -> 0x02FE
[1015] [M]: 0x0000000080000FC8 (0x02FE8E93) addi t4, t4, 0x2f
x29 <- 0xFFEFFFFFFE41002F

mem[X,0x0000000080000FCC] -> 0x9E93
mem[X,0x0000000080000FCE] -> 0x00AE
[1016] [M]: 0x0000000080000FCC (0x00AE9E93) slli t4, t4, 0xa
x29 <- 0xBFFFFFF90400BC00

mem[X,0x0000000080000FD0] -> 0x8E93
mem[X,0x0000000080000FD2] -> 0x3FFE
[1017] [M]: 0x0000000080000FD0 (0x3FFE8E93) addi t4, t4, 0x3ff
x29 <- 0xBFFFFFF90400BFFF

mem[X,0x0000000080000FD4] -> 0x7FBB
mem[X,0x0000000080000FD6] -> 0x89DF
[1018] [M]: 0x0000000080000FD4 (0x89DF7FBB) pmhacc.h t6, t5, t4
x31 <- 0xF83A0271EDE376C3

mem[X,0x0000000080000FD8] -> 0xB423
mem[X,0x0000000080000FDA] -> 0x0BF0
[1019] [M]: 0x0000000080000FD8 (0x0BF0B423) sd t6, 0xa8(ra)
mem[0x00000000800042A0] <- 0xF83A0271EDE376C3

mem[X,0x0000000080000FDC] -> 0x0F37
mem[X,0x0000000080000FDE] -> 0xFFE0
[1020] [M]: 0x0000000080000FDC (0xFFE00F37) lui t5, -0x200
x30 <- 0xFFFFFFFFFFE00000

mem[X,0x0000000080000FE0] -> 0x0F13
mem[X,0x0000000080000FE2] -> 0xFFCF
[1021] [M]: 0x0000000080000FE0 (0xFFCF0F13) addi t5, t5, -0x4
x30 <- 0xFFFFFFFFFFDFFFFC

mem[X,0x0000000080000FE4] -> 0x1F13
mem[X,0x0000000080000FE6] -> 0x00BF
[1022] [M]: 0x0000000080000FE4 (0x00BF1F13) slli t5, t5, 0xb
x30 <- 0xFFFFFFFEFFFFE000

mem[X,0x0000000080000FE8] -> 0x0F13
mem[X,0x0000000080000FEA] -> 0x7FFF
[1023] [M]: 0x0000000080000FE8 (0x7FFF0F13) addi t5, t5, 0x7ff
x30 <- 0xFFFFFFFEFFFFE7FF

mem[X,0x0000000080000FEC] -> 0x1F13
mem[X,0x0000000080000FEE] -> 0x00BF
[1024] [M]: 0x0000000080000FEC (0x00BF1F13) slli t5, t5, 0xb
x30 <- 0xFFFFF7FFFF3FF800

mem[X,0x0000000080000FF0] -> 0x0F13
mem[X,0x0000000080000FF2] -> 0x6C0F
[1025] [M]: 0x0000000080000FF0 (0x6C0F0F13) addi t5, t5, 0x6c0
x30 <- 0xFFFFF7FFFF3FFEC0

mem[X,0x0000000080000FF4] -> 0x1F13
mem[X,0x0000000080000FF6] -> 0x00AF
[1026] [M]: 0x0000000080000FF4 (0x00AF1F13) slli t5, t5, 0xa
x30 <- 0xFFDFFFFCFFFB0000

mem[X,0x0000000080000FF8] -> 0x0F13
mem[X,0x0000000080000FFA] -> 0x005F
[1027] [M]: 0x0000000080000FF8 (0x005F0F13) addi t5, t5, 0x5
x30 <- 0xFFDFFFFCFFFB0005

mem[X,0x0000000080000FFC] -> 0x0EB7
mem[X,0x0000000080000FFE] -> 0xAAAB
[1028] [M]: 0x0000000080000FFC (0xAAAB0EB7) lui t4, -0x55550
x29 <- 0xFFFFFFFFAAAB0000

mem[X,0x0000000080001000] -> 0x8E93
mem[X,0x0000000080001002] -> 0xFFEE
[1029] [M]: 0x0000000080001000 (0xFFEE8E93) addi t4, t4, -0x2
x29 <- 0xFFFFFFFFAAAAFFFE

mem[X,0x0000000080001004] -> 0x9E93
mem[X,0x0000000080001006] -> 0x00BE
[1030] [M]: 0x0000000080001004 (0x00BE9E93) slli t4, t4, 0xb
x29 <- 0xFFFFFD5557FFF000

mem[X,0x0000000080001008] -> 0x8E93
mem[X,0x000000008000100A] -> 0x5FFE
[1031] [M]: 0x0000000080001008 (0x5FFE8E93) addi t4, t4, 0x5ff
x29 <- 0xFFFFFD5557FFF5FF

mem[X,0x000000008000100C] -> 0x9E93
mem[X,0x000000008000100E] -> 0x00BE
[1032] [M]: 0x000000008000100C (0x00BE9E93) slli t4, t4, 0xb
x29 <- 0xFFEAAABFFFAFF800

mem[X,0x0000000080001010] -> 0x8E93
mem[X,0x0000000080001012] -> 0x7C0E
[1033] [M]: 0x0000000080001010 (0x7C0E8E93) addi t4, t4, 0x7c0
x29 <- 0xFFEAAABFFFAFFFC0

mem[X,0x0000000080001014] -> 0x9E93
mem[X,0x0000000080001016] -> 0x00AE
[1034] [M]: 0x0000000080001014 (0x00AE9E93) slli t4, t4, 0xa
x29 <- 0xAAAAFFFEBFFF0000

mem[X,0x0000000080001018] -> 0x7FBB
mem[X,0x000000008000101A] -> 0x89DF
[1035] [M]: 0x0000000080001018 (0x89DF7FBB) pmhacc.h t6, t5, t4
x31 <- 0xF8450271EDE476C3

mem[X,0x000000008000101C] -> 0xB823
mem[X,0x000000008000101E] -> 0x0BF0
[1036] [M]: 0x000000008000101C (0x0BF0B823) sd t6, 0xb0(ra)
mem[0x00000000800042A8] <- 0xF8450271EDE476C3

mem[X,0x0000000080001020] -> 0x0F37
mem[X,0x0000000080001022] -> 0x0011
[1037] [M]: 0x0000000080001020 (0x00110F37) lui t5, 0x110
x30 <- 0x0000000000110000

mem[X,0x0000000080001024] -> 0x0F13
mem[X,0x0000000080001026] -> 0xFF8F
[1038] [M]: 0x0000000080001024 (0xFF8F0F13) addi t5, t5, -0x8
x30 <- 0x000000000010FFF8

mem[X,0x0000000080001028] -> 0x1F13
mem[X,0x000000008000102A] -> 0x00BF
[1039] [M]: 0x0000000080001028 (0x00BF1F13) slli t5, t5, 0xb
x30 <- 0x0000000087FFC000

mem[X,0x000000008000102C] -> 0x0F13
mem[X,0x000000008000102E] -> 0x000F
[1040] [M]: 0x000000008000102C (0x000F0F13) addi t5, t5, 0x0
x30 <- 0x0000000087FFC000

mem[X,0x0000000080001030] -> 0x1F13
mem[X,0x0000000080001032] -> 0x00BF
[1041] [M]: 0x0000000080001030 (0x00BF1F13) slli t5, t5, 0xb
x30 <- 0x0000043FFE000000

mem[X,0x0000000080001034] -> 0x0F13
mem[X,0x0000000080001036] -> 0x07FF
[1042] [M]: 0x0000000080001034 (0x07FF0F13) addi t5, t5, 0x7f
x30 <- 0x0000043FFE00007F

mem[X,0x0000000080001038] -> 0x1F13
mem[X,0x000000008000103A] -> 0x00AF
[1043] [M]: 0x0000000080001038 (0x00AF1F13) slli t5, t5, 0xa
x30 <- 0x0010FFF80001FC00

mem[X,0x000000008000103C] -> 0x0F13
mem[X,0x000000008000103E] -> 0x3F8F
[1044] [M]: 0x000000008000103C (0x3F8F0F13) addi t5, t5, 0x3f8
x30 <- 0x0010FFF80001FFF8

mem[X,0x0000000080001040] -> 0xCEB7
mem[X,0x0000000080001042] -> 0x0000
[1045] [M]: 0x0000000080001040 (0x0000CEB7) lui t4, 0xc
x29 <- 0x000000000000C000

mem[X,0x0000000080001044] -> 0x8E93
mem[X,0x0000000080001046] -> 0xFFFE
[1046] [M]: 0x0000000080001044 (0xFFFE8E93) addi t4, t4, -0x1
x29 <- 0x000000000000BFFF

mem[X,0x0000000080001048] -> 0x9E93
mem[X,0x000000008000104A] -> 0x00BE
[1047] [M]: 0x0000000080001048 (0x00BE9E93) slli t4, t4, 0xb
x29 <- 0x0000000005FFF800

mem[X,0x000000008000104C] -> 0x8E93
mem[X,0x000000008000104E] -> 0x000E
[1048] [M]: 0x000000008000104C (0x000E8E93) addi t4, t4, 0x0
x29 <- 0x0000000005FFF800

mem[X,0x0000000080001050] -> 0x9E93
mem[X,0x0000000080001052] -> 0x00BE
[1049] [M]: 0x0000000080001050 (0x00BE9E93) slli t4, t4, 0xb
x29 <- 0x0000002FFFC00000

mem[X,0x0000000080001054] -> 0x8E93
mem[X,0x0000000080001056] -> 0x100E
[1050] [M]: 0x0000000080001054 (0x100E8E93) addi t4, t4, 0x100
x29 <- 0x0000002FFFC00100

mem[X,0x0000000080001058] -> 0x9E93
mem[X,0x000000008000105A] -> 0x00AE
[1051] [M]: 0x0000000080001058 (0x00AE9E93) slli t4, t4, 0xa
x29 <- 0x0000BFFF00040000

mem[X,0x000000008000105C] -> 0x8E93
mem[X,0x000000008000105E] -> 0x009E
[1052] [M]: 0x000000008000105C (0x009E8E93) addi t4, t4, 0x9
x29 <- 0x0000BFFF00040009

mem[X,0x0000000080001060] -> 0x7FBB
mem[X,0x0000000080001062] -> 0x89DF
[1053] [M]: 0x0000000080001060 (0x89DF7FBB) pmhacc.h t6, t5, t4
x31 <- 0xF8450273EDE476C2

mem[X,0x0000000080001064] -> 0xBC23
mem[X,0x0000000080001066] -> 0x0BF0
[1054] [M]: 0x0000000080001064 (0x0BF0BC23) sd t6, 0xb8(ra)
mem[0x00000000800042B0] <- 0xF8450273EDE476C2

mem[X,0x0000000080001068] -> 0x5F37
mem[X,0x000000008000106A] -> 0x2000
[1055] [M]: 0x0000000080001068 (0x20005F37) lui t5, 0x20005
x30 <- 0x0000000020005000

mem[X,0x000000008000106C] -> 0x0F13
mem[X,0x000000008000106E] -> 0x555F
[1056] [M]: 0x000000008000106C (0x555F0F13) addi t5, t5, 0x555
x30 <- 0x0000000020005555

mem[X,0x0000000080001070] -> 0x1F13
mem[X,0x0000000080001072] -> 0x00BF
[1057] [M]: 0x0000000080001070 (0x00BF1F13) slli t5, t5, 0xb
x30 <- 0x0000010002AAA800

mem[X,0x0000000080001074] -> 0x0F13
mem[X,0x0000000080001076] -> 0x3FFF
[1058] [M]: 0x0000000080001074 (0x3FFF0F13) addi t5, t5, 0x3ff
x30 <- 0x0000010002AAABFF

mem[X,0x0000000080001078] -> 0x1F13
mem[X,0x000000008000107A] -> 0x00BF
[1059] [M]: 0x0000000080001078 (0x00BF1F13) slli t5, t5, 0xb
x30 <- 0x00080015555FF800

mem[X,0x000000008000107C] -> 0x0F13
mem[X,0x000000008000107E] -> 0x7FFF
[1060] [M]: 0x000000008000107C (0x7FFF0F13) addi t5, t5, 0x7ff
x30 <- 0x00080015555FFFFF

mem[X,0x0000000080001080] -> 0x1F13
mem[X,0x0000000080001082] -> 0x00AF
[1061] [M]: 0x0000000080001080 (0x00AF1F13) slli t5, t5, 0xa
x30 <- 0x200055557FFFFC00

mem[X,0x0000000080001084] -> 0x0F13
mem[X,0x0000000080001086] -> 0x3FEF
[1062] [M]: 0x0000000080001084 (0x3FEF0F13) addi t5, t5, 0x3fe
x30 <- 0x200055557FFFFFFE

mem[X,0x0000000080001088] -> 0x0EB7
mem[X,0x000000008000108A] -> 0xFFF7
[1063] [M]: 0x0000000080001088 (0xFFF70EB7) lui t4, -0x90
x29 <- 0xFFFFFFFFFFF70000

mem[X,0x000000008000108C] -> 0x8E93
mem[X,0x000000008000108E] -> 0xDFFE
[1064] [M]: 0x000000008000108C (0xDFFE8E93) addi t4, t4, -0x201
x29 <- 0xFFFFFFFFFFF6FDFF

mem[X,0x0000000080001090] -> 0x9E93
mem[X,0x0000000080001092] -> 0x00BE
[1065] [M]: 0x0000000080001090 (0x00BE9E93) slli t4, t4, 0xb
x29 <- 0xFFFFFFFFB7EFF800

mem[X,0x0000000080001094] -> 0x8E93
mem[X,0x0000000080001096] -> 0x600E
[1066] [M]: 0x0000000080001094 (0x600E8E93) addi t4, t4, 0x600
x29 <- 0xFFFFFFFFB7EFFE00

mem[X,0x0000000080001098] -> 0x9E93
mem[X,0x000000008000109A] -> 0x00BE
[1067] [M]: 0x0000000080001098 (0x00BE9E93) slli t4, t4, 0xb
x29 <- 0xFFFFFDBF7FF00000

mem[X,0x000000008000109C] -> 0x8E93
mem[X,0x000000008000109E] -> 0x03FE
[1068] [M]: 0x000000008000109C (0x03FE8E93) addi t4, t4, 0x3f
x29 <- 0xFFFFFDBF7FF0003F

mem[X,0x00000000800010A0] -> 0x9E93
mem[X,0x00000000800010A2] -> 0x00AE
[1069] [M]: 0x00000000800010A0 (0x00AE9E93) slli t4, t4, 0xa
x29 <- 0xFFF6FDFFC000FC00

mem[X,0x00000000800010A4] -> 0x8E93
mem[X,0x00000000800010A6] -> 0x3F6E
[1070] [M]: 0x00000000800010A4 (0x3F6E8E93) addi t4, t4, 0x3f6
x29 <- 0xFFF6FDFFC000FFF6

mem[X,0x00000000800010A8] -> 0x7FBB
mem[X,0x00000000800010AA] -> 0x89DF
[1071] [M]: 0x00000000800010A8 (0x89DF7FBB) pmhacc.h t6, t5, t4
x31 <- 0xF84301C8CDE476C2

mem[X,0x00000000800010AC] -> 0xB023
mem[X,0x00000000800010AE] -> 0x0DF0
[1072] [M]: 0x00000000800010AC (0x0DF0B023) sd t6, 0xc0(ra)
mem[0x00000000800042B8] <- 0xF84301C8CDE476C2

mem[X,0x00000000800010B0] -> 0x0F37
mem[X,0x00000000800010B2] -> 0x0400
[1073] [M]: 0x00000000800010B0 (0x04000F37) lui t5, 0x4000
x30 <- 0x0000000004000000

mem[X,0x00000000800010B4] -> 0x0F13
mem[X,0x00000000800010B6] -> 0x004F
[1074] [M]: 0x00000000800010B4 (0x004F0F13) addi t5, t5, 0x4
x30 <- 0x0000000004000004

mem[X,0x00000000800010B8] -> 0x1F13
mem[X,0x00000000800010BA] -> 0x00BF
[1075] [M]: 0x00000000800010B8 (0x00BF1F13) slli t5, t5, 0xb
x30 <- 0x0000002000002000

mem[X,0x00000000800010BC] -> 0x0F13
mem[X,0x00000000800010BE] -> 0x7FFF
[1076] [M]: 0x00000000800010BC (0x7FFF0F13) addi t5, t5, 0x7ff
x30 <- 0x00000020000027FF

mem[X,0x00000000800010C0] -> 0x1F13
mem[X,0x00000000800010C2] -> 0x00BF
[1077] [M]: 0x00000000800010C0 (0x00BF1F13) slli t5, t5, 0xb
x30 <- 0x00010000013FF800

mem[X,0x00000000800010C4] -> 0x0F13
mem[X,0x00000000800010C6] -> 0x640F
[1078] [M]: 0x00000000800010C4 (0x640F0F13) addi t5, t5, 0x640
x30 <- 0x00010000013FFE40

mem[X,0x00000000800010C8] -> 0x1F13
mem[X,0x00000000800010CA] -> 0x00AF
[1079] [M]: 0x00000000800010C8 (0x00AF1F13) slli t5, t5, 0xa
x30 <- 0x04000004FFF90000

mem[X,0x00000000800010CC] -> 0x0F13
mem[X,0x00000000800010CE] -> 0x005F
[1080] [M]: 0x00000000800010CC (0x005F0F13) addi t5, t5, 0x5
x30 <- 0x04000004FFF90005

mem[X,0x00000000800010D0] -> 0x0EB7
mem[X,0x00000000800010D2] -> 0xEFFF
[1081] [M]: 0x00000000800010D0 (0xEFFF0EB7) lui t4, -0x10010
x29 <- 0xFFFFFFFFEFFF0000

mem[X,0x00000000800010D4] -> 0x8E93
mem[X,0x00000000800010D6] -> 0x005E
[1082] [M]: 0x00000000800010D4 (0x005E8E93) addi t4, t4, 0x5
x29 <- 0xFFFFFFFFEFFF0005

mem[X,0x00000000800010D8] -> 0x9E93
mem[X,0x00000000800010DA] -> 0x00BE
[1083] [M]: 0x00000000800010D8 (0x00BE9E93) slli t4, t4, 0xb
x29 <- 0xFFFFFF7FF8002800

mem[X,0x00000000800010DC] -> 0x8E93
mem[X,0x00000000800010DE] -> 0x7FFE
[1084] [M]: 0x00000000800010DC (0x7FFE8E93) addi t4, t4, 0x7ff
x29 <- 0xFFFFFF7FF8002FFF

mem[X,0x00000000800010E0] -> 0x9E93
mem[X,0x00000000800010E2] -> 0x00BE
[1085] [M]: 0x00000000800010E0 (0x00BE9E93) slli t4, t4, 0xb
x29 <- 0xFFFBFFC0017FF800

mem[X,0x00000000800010E4] -> 0x8E93
mem[X,0x00000000800010E6] -> 0x67EE
[1086] [M]: 0x00000000800010E4 (0x67EE8E93) addi t4, t4, 0x67e
x29 <- 0xFFFBFFC0017FFE7E

mem[X,0x00000000800010E8] -> 0x9E93
mem[X,0x00000000800010EA] -> 0x00AE
[1087] [M]: 0x00000000800010E8 (0x00AE9E93) slli t4, t4, 0xa
x29 <- 0xEFFF0005FFF9F800

mem[X,0x00000000800010EC] -> 0x8E93
mem[X,0x00000000800010EE] -> 0x3FFE
[1088] [M]: 0x00000000800010EC (0x3FFE8E93) addi t4, t4, 0x3ff
x29 <- 0xEFFF0005FFF9FBFF

mem[X,0x00000000800010F0] -> 0x7FBB
mem[X,0x00000000800010F2] -> 0x89DF
[1089] [M]: 0x00000000800010F0 (0x89DF7FBB) pmhacc.h t6, t5, t4
x31 <- 0xF80201C8CDE476C1

mem[X,0x00000000800010F4] -> 0xB423
mem[X,0x00000000800010F6] -> 0x0DF0
[1090] [M]: 0x00000000800010F4 (0x0DF0B423) sd t6, 0xc8(ra)
mem[0x00000000800042C0] <- 0xF80201C8CDE476C1

mem[X,0x00000000800010F8] -> 0x1F37
mem[X,0x00000000800010FA] -> 0x0006
[1091] [M]: 0x00000000800010F8 (0x00061F37) lui t5, 0x61
x30 <- 0x0000000000061000

mem[X,0x00000000800010FC] -> 0x0F13
mem[X,0x00000000800010FE] -> 0x000F
[1092] [M]: 0x00000000800010FC (0x000F0F13) addi t5, t5, 0x0
x30 <- 0x0000000000061000

mem[X,0x0000000080001100] -> 0x1F13
mem[X,0x0000000080001102] -> 0x00BF
[1093] [M]: 0x0000000080001100 (0x00BF1F13) slli t5, t5, 0xb
x30 <- 0x0000000030800000

mem[X,0x0000000080001104] -> 0x0F13
mem[X,0x0000000080001106] -> 0x001F
[1094] [M]: 0x0000000080001104 (0x001F0F13) addi t5, t5, 0x1
x30 <- 0x0000000030800001

mem[X,0x0000000080001108] -> 0x1F13
mem[X,0x000000008000110A] -> 0x00BF
[1095] [M]: 0x0000000080001108 (0x00BF1F13) slli t5, t5, 0xb
x30 <- 0x0000018400000800

mem[X,0x000000008000110C] -> 0x0F13
mem[X,0x000000008000110E] -> 0x03EF
[1096] [M]: 0x000000008000110C (0x03EF0F13) addi t5, t5, 0x3e
x30 <- 0x000001840000083E

mem[X,0x0000000080001110] -> 0x1F13
mem[X,0x0000000080001112] -> 0x00AF
[1097] [M]: 0x0000000080001110 (0x00AF1F13) slli t5, t5, 0xa
x30 <- 0x000610000020F800

mem[X,0x0000000080001114] -> 0x0F13
mem[X,0x0000000080001116] -> 0x3FFF
[1098] [M]: 0x0000000080001114 (0x3FFF0F13) addi t5, t5, 0x3ff
x30 <- 0x000610000020FBFF

mem[X,0x0000000080001118] -> 0x0EB7
mem[X,0x000000008000111A] -> 0xFFF9
[1099] [M]: 0x0000000080001118 (0xFFF90EB7) lui t4, -0x70
x29 <- 0xFFFFFFFFFFF90000

clint::tick mtime <- 0x000000000000000B
 clint timer pending at mtime 0x000000000000000B
htif::tick 0x0000000000000000
mem[X,0x000000008000111C] -> 0x8E93
mem[X,0x000000008000111E] -> 0xDFFE
[1100] [M]: 0x000000008000111C (0xDFFE8E93) addi t4, t4, -0x201
x29 <- 0xFFFFFFFFFFF8FDFF

mem[X,0x0000000080001120] -> 0x9E93
mem[X,0x0000000080001122] -> 0x00BE
[1101] [M]: 0x0000000080001120 (0x00BE9E93) slli t4, t4, 0xb
x29 <- 0xFFFFFFFFC7EFF800

mem[X,0x0000000080001124] -> 0x8E93
mem[X,0x0000000080001126] -> 0x040E
[1102] [M]: 0x0000000080001124 (0x040E8E93) addi t4, t4, 0x40
x29 <- 0xFFFFFFFFC7EFF840

mem[X,0x0000000080001128] -> 0x9E93
mem[X,0x000000008000112A] -> 0x00BE
[1103] [M]: 0x0000000080001128 (0x00BE9E93) slli t4, t4, 0xb
x29 <- 0xFFFFFE3F7FC20000

mem[X,0x000000008000112C] -> 0x8E93
mem[X,0x000000008000112E] -> 0x030E
[1104] [M]: 0x000000008000112C (0x030E8E93) addi t4, t4, 0x30
x29 <- 0xFFFFFE3F7FC20030

mem[X,0x0000000080001130] -> 0x9E93
mem[X,0x0000000080001132] -> 0x00AE
[1105] [M]: 0x0000000080001130 (0x00AE9E93) slli t4, t4, 0xa
x29 <- 0xFFF8FDFF0800C000

mem[X,0x0000000080001134] -> 0x7FBB
mem[X,0x0000000080001136] -> 0x89DF
[1106] [M]: 0x0000000080001134 (0x89DF7FBB) pmhacc.h t6, t5, t4
x31 <- 0xF80101A7CDE577C1

mem[X,0x0000000080001138] -> 0xB823
mem[X,0x000000008000113A] -> 0x0DF0
[1107] [M]: 0x0000000080001138 (0x0DF0B823) sd t6, 0xd0(ra)
mem[0x00000000800042C8] <- 0xF80101A7CDE577C1

mem[X,0x000000008000113C] -> 0x0F37
mem[X,0x000000008000113E] -> 0xFFFF
[1108] [M]: 0x000000008000113C (0xFFFF0F37) lui t5, -0x10
x30 <- 0xFFFFFFFFFFFF0000

mem[X,0x0000000080001140] -> 0x0F13
mem[X,0x0000000080001142] -> 0xFF9F
[1109] [M]: 0x0000000080001140 (0xFF9F0F13) addi t5, t5, -0x7
x30 <- 0xFFFFFFFFFFFEFFF9

mem[X,0x0000000080001144] -> 0x1F13
mem[X,0x0000000080001146] -> 0x00BF
[1110] [M]: 0x0000000080001144 (0x00BF1F13) slli t5, t5, 0xb
x30 <- 0xFFFFFFFFF7FFC800

mem[X,0x0000000080001148] -> 0x0F13
mem[X,0x000000008000114A] -> 0x008F
[1111] [M]: 0x0000000080001148 (0x008F0F13) addi t5, t5, 0x8
x30 <- 0xFFFFFFFFF7FFC808

mem[X,0x000000008000114C] -> 0x1F13
mem[X,0x000000008000114E] -> 0x00BF
[1112] [M]: 0x000000008000114C (0x00BF1F13) slli t5, t5, 0xb
x30 <- 0xFFFFFFBFFE404000

mem[X,0x0000000080001150] -> 0x0F13
mem[X,0x0000000080001152] -> 0x037F
[1113] [M]: 0x0000000080001150 (0x037F0F13) addi t5, t5, 0x37
x30 <- 0xFFFFFFBFFE404037

mem[X,0x0000000080001154] -> 0x1F13
mem[X,0x0000000080001156] -> 0x00AF
[1114] [M]: 0x0000000080001154 (0x00AF1F13) slli t5, t5, 0xa
x30 <- 0xFFFEFFF90100DC00

mem[X,0x0000000080001158] -> 0x0F13
mem[X,0x000000008000115A] -> 0x3FFF
[1115] [M]: 0x0000000080001158 (0x3FFF0F13) addi t5, t5, 0x3ff
x30 <- 0xFFFEFFF90100DFFF

mem[X,0x000000008000115C] -> 0x0EB7
mem[X,0x000000008000115E] -> 0x0000
[1116] [M]: 0x000000008000115C (0x00000EB7) lui t4, 0x0
x29 <- 0x0000000000000000

mem[X,0x0000000080001160] -> 0x8E93
mem[X,0x0000000080001162] -> 0xDFFE
[1117] [M]: 0x0000000080001160 (0xDFFE8E93) addi t4, t4, -0x201
x29 <- 0xFFFFFFFFFFFFFDFF

mem[X,0x0000000080001164] -> 0x9E93
mem[X,0x0000000080001166] -> 0x00BE
[1118] [M]: 0x0000000080001164 (0x00BE9E93) slli t4, t4, 0xb
x29 <- 0xFFFFFFFFFFEFF800

mem[X,0x0000000080001168] -> 0x8E93
mem[X,0x000000008000116A] -> 0x100E
[1119] [M]: 0x0000000080001168 (0x100E8E93) addi t4, t4, 0x100
x29 <- 0xFFFFFFFFFFEFF900

mem[X,0x000000008000116C] -> 0x9E93
mem[X,0x000000008000116E] -> 0x00BE
[1120] [M]: 0x000000008000116C (0x00BE9E93) slli t4, t4, 0xb
x29 <- 0xFFFFFFFF7FC80000

mem[X,0x0000000080001170] -> 0x8E93
mem[X,0x0000000080001172] -> 0x03BE
[1121] [M]: 0x0000000080001170 (0x03BE8E93) addi t4, t4, 0x3b
x29 <- 0xFFFFFFFF7FC8003B

mem[X,0x0000000080001174] -> 0x9E93
mem[X,0x0000000080001176] -> 0x00AE
[1122] [M]: 0x0000000080001174 (0x00AE9E93) slli t4, t4, 0xa
x29 <- 0xFFFFFDFF2000EC00

mem[X,0x0000000080001178] -> 0x8E93
mem[X,0x000000008000117A] -> 0x3FFE
[1123] [M]: 0x0000000080001178 (0x3FFE8E93) addi t4, t4, 0x3ff
x29 <- 0xFFFFFDFF2000EFFF

mem[X,0x000000008000117C] -> 0x7FBB
mem[X,0x000000008000117E] -> 0x89DF
[1124] [M]: 0x000000008000117C (0x89DF7FBB) pmhacc.h t6, t5, t4
x31 <- 0xF80101A7CE0579C1

mem[X,0x0000000080001180] -> 0xBC23
mem[X,0x0000000080001182] -> 0x0DF0
[1125] [M]: 0x0000000080001180 (0x0DF0BC23) sd t6, 0xd8(ra)
mem[0x00000000800042D0] <- 0xF80101A7CE0579C1

mem[X,0x0000000080001184] -> 0x4F37
mem[X,0x0000000080001186] -> 0x0040
[1126] [M]: 0x0000000080001184 (0x00404F37) lui t5, 0x404
x30 <- 0x0000000000404000

mem[X,0x0000000080001188] -> 0x0F13
mem[X,0x000000008000118A] -> 0xFFFF
[1127] [M]: 0x0000000080001188 (0xFFFF0F13) addi t5, t5, -0x1
x30 <- 0x0000000000403FFF

mem[X,0x000000008000118C] -> 0x1F13
mem[X,0x000000008000118E] -> 0x00BF
[1128] [M]: 0x000000008000118C (0x00BF1F13) slli t5, t5, 0xb
x30 <- 0x0000000201FFF800

mem[X,0x0000000080001190] -> 0x0F13
mem[X,0x0000000080001192] -> 0x000F
[1129] [M]: 0x0000000080001190 (0x000F0F13) addi t5, t5, 0x0
x30 <- 0x0000000201FFF800

mem[X,0x0000000080001194] -> 0x1F13
mem[X,0x0000000080001196] -> 0x00BF
[1130] [M]: 0x0000000080001194 (0x00BF1F13) slli t5, t5, 0xb
x30 <- 0x0000100FFFC00000

mem[X,0x0000000080001198] -> 0x0F13
mem[X,0x000000008000119A] -> 0x255F
[1131] [M]: 0x0000000080001198 (0x255F0F13) addi t5, t5, 0x255
x30 <- 0x0000100FFFC00255

mem[X,0x000000008000119C] -> 0x1F13
mem[X,0x000000008000119E] -> 0x00AF
[1132] [M]: 0x000000008000119C (0x00AF1F13) slli t5, t5, 0xa
x30 <- 0x00403FFF00095400

mem[X,0x00000000800011A0] -> 0x0F13
mem[X,0x00000000800011A2] -> 0x155F
[1133] [M]: 0x00000000800011A0 (0x155F0F13) addi t5, t5, 0x155
x30 <- 0x00403FFF00095555

mem[X,0x00000000800011A4] -> 0x4EB7
mem[X,0x00000000800011A6] -> 0x0009
[1134] [M]: 0x00000000800011A4 (0x00094EB7) lui t4, 0x94
x29 <- 0x0000000000094000

mem[X,0x00000000800011A8] -> 0x8E93
mem[X,0x00000000800011AA] -> 0xFFFE
[1135] [M]: 0x00000000800011A8 (0xFFFE8E93) addi t4, t4, -0x1
x29 <- 0x0000000000093FFF

mem[X,0x00000000800011AC] -> 0x9E93
mem[X,0x00000000800011AE] -> 0x00BE
[1136] [M]: 0x00000000800011AC (0x00BE9E93) slli t4, t4, 0xb
x29 <- 0x0000000049FFF800

mem[X,0x00000000800011B0] -> 0x8E93
mem[X,0x00000000800011B2] -> 0x7FBE
[1137] [M]: 0x00000000800011B0 (0x7FBE8E93) addi t4, t4, 0x7fb
x29 <- 0x0000000049FFFFFB

mem[X,0x00000000800011B4] -> 0x9E93
mem[X,0x00000000800011B6] -> 0x00BE
[1138] [M]: 0x00000000800011B4 (0x00BE9E93) slli t4, t4, 0xb
x29 <- 0x0000024FFFFFD800

mem[X,0x00000000800011B8] -> 0x8E93
mem[X,0x00000000800011BA] -> 0x7FFE
[1139] [M]: 0x00000000800011B8 (0x7FFE8E93) addi t4, t4, 0x7ff
x29 <- 0x0000024FFFFFDFFF

mem[X,0x00000000800011BC] -> 0x9E93
mem[X,0x00000000800011BE] -> 0x00AE
[1140] [M]: 0x00000000800011BC (0x00AE9E93) slli t4, t4, 0xa
x29 <- 0x00093FFFFF7FFC00

mem[X,0x00000000800011C0] -> 0x8E93
mem[X,0x00000000800011C2] -> 0x3F8E
[1141] [M]: 0x00000000800011C0 (0x3F8E8E93) addi t4, t4, 0x3f8
x29 <- 0x00093FFFFF7FFFF8

mem[X,0x00000000800011C4] -> 0x7FBB
mem[X,0x00000000800011C6] -> 0x89DF
[1142] [M]: 0x00000000800011C4 (0x89DF7FBB) pmhacc.h t6, t5, t4
x31 <- 0xF80111A6CE0479BE

mem[X,0x00000000800011C8] -> 0xB023
mem[X,0x00000000800011CA] -> 0x0FF0
[1143] [M]: 0x00000000800011C8 (0x0FF0B023) sd t6, 0xe0(ra)
mem[0x00000000800042D8] <- 0xF80111A6CE0479BE

mem[X,0x00000000800011CC] -> 0xCF37
mem[X,0x00000000800011CE] -> 0xBFFF
[1144] [M]: 0x00000000800011CC (0xBFFFCF37) lui t5, -0x40004
x30 <- 0xFFFFFFFFBFFFC000

mem[X,0x00000000800011D0] -> 0x0F13
mem[X,0x00000000800011D2] -> 0x000F
[1145] [M]: 0x00000000800011D0 (0x000F0F13) addi t5, t5, 0x0
x30 <- 0xFFFFFFFFBFFFC000

mem[X,0x00000000800011D4] -> 0x1F13
mem[X,0x00000000800011D6] -> 0x00BF
[1146] [M]: 0x00000000800011D4 (0x00BF1F13) slli t5, t5, 0xb
x30 <- 0xFFFFFDFFFE000000

mem[X,0x00000000800011D8] -> 0x0F13
mem[X,0x00000000800011DA] -> 0x010F
[1147] [M]: 0x00000000800011D8 (0x010F0F13) addi t5, t5, 0x10
x30 <- 0xFFFFFDFFFE000010

mem[X,0x00000000800011DC] -> 0x1F13
mem[X,0x00000000800011DE] -> 0x00BF
[1148] [M]: 0x00000000800011DC (0x00BF1F13) slli t5, t5, 0xb
x30 <- 0xFFEFFFF000008000

mem[X,0x00000000800011E0] -> 0x0F13
mem[X,0x00000000800011E2] -> 0x03FF
[1149] [M]: 0x00000000800011E0 (0x03FF0F13) addi t5, t5, 0x3f
x30 <- 0xFFEFFFF00000803F

mem[X,0x00000000800011E4] -> 0x1F13
mem[X,0x00000000800011E6] -> 0x00AF
[1150] [M]: 0x00000000800011E4 (0x00AF1F13) slli t5, t5, 0xa
x30 <- 0xBFFFC0000200FC00

mem[X,0x00000000800011E8] -> 0x0F13
mem[X,0x00000000800011EA] -> 0x2FFF
[1151] [M]: 0x00000000800011E8 (0x2FFF0F13) addi t5, t5, 0x2ff
x30 <- 0xBFFFC0000200FEFF

mem[X,0x00000000800011EC] -> 0xFEB7
mem[X,0x00000000800011EE] -> 0x4000
[1152] [M]: 0x00000000800011EC (0x4000FEB7) lui t4, 0x4000f
x29 <- 0x000000004000F000

mem[X,0x00000000800011F0] -> 0x8E93
mem[X,0x00000000800011F2] -> 0xFFFE
[1153] [M]: 0x00000000800011F0 (0xFFFE8E93) addi t4, t4, -0x1
x29 <- 0x000000004000EFFF

mem[X,0x00000000800011F4] -> 0x9E93
mem[X,0x00000000800011F6] -> 0x00BE
[1154] [M]: 0x00000000800011F4 (0x00BE9E93) slli t4, t4, 0xb
x29 <- 0x00000200077FF800

mem[X,0x00000000800011F8] -> 0x8E93
mem[X,0x00000000800011FA] -> 0x7FFE
[1155] [M]: 0x00000000800011F8 (0x7FFE8E93) addi t4, t4, 0x7ff
x29 <- 0x00000200077FFFFF

mem[X,0x00000000800011FC] -> 0x9E93
mem[X,0x00000000800011FE] -> 0x00BE
[1156] [M]: 0x00000000800011FC (0x00BE9E93) slli t4, t4, 0xb
x29 <- 0x0010003BFFFFF800

mem[X,0x0000000080001200] -> 0x8E93
mem[X,0x0000000080001202] -> 0x677E
[1157] [M]: 0x0000000080001200 (0x677E8E93) addi t4, t4, 0x677
x29 <- 0x0010003BFFFFFE77

mem[X,0x0000000080001204] -> 0x9E93
mem[X,0x0000000080001206] -> 0x00AE
[1158] [M]: 0x0000000080001204 (0x00AE9E93) slli t4, t4, 0xa
x29 <- 0x4000EFFFFFF9DC00

mem[X,0x0000000080001208] -> 0x8E93
mem[X,0x000000008000120A] -> 0x3FFE
[1159] [M]: 0x0000000080001208 (0x3FFE8E93) addi t4, t4, 0x3ff
x29 <- 0x4000EFFFFFF9DFFF

mem[X,0x000000008000120C] -> 0x7FBB
mem[X,0x000000008000120E] -> 0x89DF
[1160] [M]: 0x000000008000120C (0x89DF7FBB) pmhacc.h t6, t5, t4
x31 <- 0xE80015A6CE0379DE

mem[X,0x0000000080001210] -> 0xB423
mem[X,0x0000000080001212] -> 0x0FF0
[1161] [M]: 0x0000000080001210 (0x0FF0B423) sd t6, 0xe8(ra)
mem[0x00000000800042E0] <- 0xE80015A6CE0379DE

mem[X,0x0000000080001214] -> 0x0F37
mem[X,0x0000000080001216] -> 0x8001
[1162] [M]: 0x0000000080001214 (0x80010F37) lui t5, -0x7fff0
x30 <- 0xFFFFFFFF80010000

mem[X,0x0000000080001218] -> 0x0F13
mem[X,0x000000008000121A] -> 0xEFFF
[1163] [M]: 0x0000000080001218 (0xEFFF0F13) addi t5, t5, -0x101
x30 <- 0xFFFFFFFF8000FEFF

mem[X,0x000000008000121C] -> 0x1F13
mem[X,0x000000008000121E] -> 0x00BF
[1164] [M]: 0x000000008000121C (0x00BF1F13) slli t5, t5, 0xb
x30 <- 0xFFFFFC0007F7F800

mem[X,0x0000000080001220] -> 0x0F13
mem[X,0x0000000080001222] -> 0x040F
[1165] [M]: 0x0000000080001220 (0x040F0F13) addi t5, t5, 0x40
x30 <- 0xFFFFFC0007F7F840

mem[X,0x0000000080001224] -> 0x1F13
mem[X,0x0000000080001226] -> 0x00BF
[1166] [M]: 0x0000000080001224 (0x00BF1F13) slli t5, t5, 0xb
x30 <- 0xFFE0003FBFC20000

mem[X,0x0000000080001228] -> 0x0F13
mem[X,0x000000008000122A] -> 0x000F
[1167] [M]: 0x0000000080001228 (0x000F0F13) addi t5, t5, 0x0
x30 <- 0xFFE0003FBFC20000

mem[X,0x000000008000122C] -> 0x1F13
mem[X,0x000000008000122E] -> 0x00AF
[1168] [M]: 0x000000008000122C (0x00AF1F13) slli t5, t5, 0xa
x30 <- 0x8000FEFF08000000

mem[X,0x0000000080001230] -> 0x0F13
mem[X,0x0000000080001232] -> 0x008F
[1169] [M]: 0x0000000080001230 (0x008F0F13) addi t5, t5, 0x8
x30 <- 0x8000FEFF08000008

mem[X,0x0000000080001234] -> 0x0EB7
mem[X,0x0000000080001236] -> 0xFFDF
[1170] [M]: 0x0000000080001234 (0xFFDF0EB7) lui t4, -0x210
x29 <- 0xFFFFFFFFFFDF0000

mem[X,0x0000000080001238] -> 0x8E93
mem[X,0x000000008000123A] -> 0x008E
[1171] [M]: 0x0000000080001238 (0x008E8E93) addi t4, t4, 0x8
x29 <- 0xFFFFFFFFFFDF0008

mem[X,0x000000008000123C] -> 0x9E93
mem[X,0x000000008000123E] -> 0x00BE
[1172] [M]: 0x000000008000123C (0x00BE9E93) slli t4, t4, 0xb
x29 <- 0xFFFFFFFEF8004000

mem[X,0x0000000080001240] -> 0x8E93
mem[X,0x0000000080001242] -> 0x7FFE
[1173] [M]: 0x0000000080001240 (0x7FFE8E93) addi t4, t4, 0x7ff
x29 <- 0xFFFFFFFEF80047FF

mem[X,0x0000000080001244] -> 0x9E93
mem[X,0x0000000080001246] -> 0x00BE
[1174] [M]: 0x0000000080001244 (0x00BE9E93) slli t4, t4, 0xb
x29 <- 0xFFFFF7C0023FF800

mem[X,0x0000000080001248] -> 0x8E93
mem[X,0x000000008000124A] -> 0x3C0E
[1175] [M]: 0x0000000080001248 (0x3C0E8E93) addi t4, t4, 0x3c0
x29 <- 0xFFFFF7C0023FFBC0

mem[X,0x000000008000124C] -> 0x9E93
mem[X,0x000000008000124E] -> 0x00AE
[1176] [M]: 0x000000008000124C (0x00AE9E93) slli t4, t4, 0xa
x29 <- 0xFFDF0008FFEF0000

mem[X,0x0000000080001250] -> 0x8E93
mem[X,0x0000000080001252] -> 0x005E
[1177] [M]: 0x0000000080001250 (0x005E8E93) addi t4, t4, 0x5
x29 <- 0xFFDF0008FFEF0005

mem[X,0x0000000080001254] -> 0x7FBB
mem[X,0x0000000080001256] -> 0x89DF
[1178] [M]: 0x0000000080001254 (0x89DF7FBB) pmhacc.h t6, t5, t4
x31 <- 0xE81015A5CE0279DE

mem[X,0x0000000080001258] -> 0xB823
mem[X,0x000000008000125A] -> 0x0FF0
[1179] [M]: 0x0000000080001258 (0x0FF0B823) sd t6, 0xf0(ra)
mem[0x00000000800042E8] <- 0xE81015A5CE0279DE

mem[X,0x000000008000125C] -> 0x0F37
mem[X,0x000000008000125E] -> 0xFFFE
[1180] [M]: 0x000000008000125C (0xFFFE0F37) lui t5, -0x20
x30 <- 0xFFFFFFFFFFFE0000

mem[X,0x0000000080001260] -> 0x0F13
mem[X,0x0000000080001262] -> 0xFFEF
[1181] [M]: 0x0000000080001260 (0xFFEF0F13) addi t5, t5, -0x2
x30 <- 0xFFFFFFFFFFFDFFFE

mem[X,0x0000000080001264] -> 0x1F13
mem[X,0x0000000080001266] -> 0x00BF
[1182] [M]: 0x0000000080001264 (0x00BF1F13) slli t5, t5, 0xb
x30 <- 0xFFFFFFFFEFFFF000

mem[X,0x0000000080001268] -> 0x0F13
mem[X,0x000000008000126A] -> 0x000F
[1183] [M]: 0x0000000080001268 (0x000F0F13) addi t5, t5, 0x0
x30 <- 0xFFFFFFFFEFFFF000

mem[X,0x000000008000126C] -> 0x1F13
mem[X,0x000000008000126E] -> 0x00BF
[1184] [M]: 0x000000008000126C (0x00BF1F13) slli t5, t5, 0xb
x30 <- 0xFFFFFF7FFF800000

mem[X,0x0000000080001270] -> 0x0F13
mem[X,0x0000000080001272] -> 0x430F
[1185] [M]: 0x0000000080001270 (0x430F0F13) addi t5, t5, 0x430
x30 <- 0xFFFFFF7FFF800430

mem[X,0x0000000080001274] -> 0x1F13
mem[X,0x0000000080001276] -> 0x00AF
[1186] [M]: 0x0000000080001274 (0x00AF1F13) slli t5, t5, 0xa
x30 <- 0xFFFDFFFE0010C000

mem[X,0x0000000080001278] -> 0xBEB7
mem[X,0x000000008000127A] -> 0x8000
[1187] [M]: 0x0000000080001278 (0x8000BEB7) lui t4, -0x7fff5
x29 <- 0xFFFFFFFF8000B000

mem[X,0x000000008000127C] -> 0x8E93
mem[X,0x000000008000127E] -> 0xAAAE
[1188] [M]: 0x000000008000127C (0xAAAE8E93) addi t4, t4, -0x556
x29 <- 0xFFFFFFFF8000AAAA

mem[X,0x0000000080001280] -> 0x9E93
mem[X,0x0000000080001282] -> 0x00BE
[1189] [M]: 0x0000000080001280 (0x00BE9E93) slli t4, t4, 0xb
x29 <- 0xFFFFFC0005555000

mem[X,0x0000000080001284] -> 0x8E93
mem[X,0x0000000080001286] -> 0x7FBE
[1190] [M]: 0x0000000080001284 (0x7FBE8E93) addi t4, t4, 0x7fb
x29 <- 0xFFFFFC00055557FB

mem[X,0x0000000080001288] -> 0x9E93
mem[X,0x000000008000128A] -> 0x00BE
[1191] [M]: 0x0000000080001288 (0x00BE9E93) slli t4, t4, 0xb
x29 <- 0xFFE0002AAABFD800

mem[X,0x000000008000128C] -> 0x8E93
mem[X,0x000000008000128E] -> 0x7FEE
[1192] [M]: 0x000000008000128C (0x7FEE8E93) addi t4, t4, 0x7fe
x29 <- 0xFFE0002AAABFDFFE

mem[X,0x0000000080001290] -> 0x9E93
mem[X,0x0000000080001292] -> 0x00AE
[1193] [M]: 0x0000000080001290 (0x00AE9E93) slli t4, t4, 0xa
x29 <- 0x8000AAAAFF7FF800

mem[X,0x0000000080001294] -> 0x8E93
mem[X,0x0000000080001296] -> 0x3FFE
[1194] [M]: 0x0000000080001294 (0x3FFE8E93) addi t4, t4, 0x3ff
x29 <- 0x8000AAAAFF7FFBFF

mem[X,0x0000000080001298] -> 0x7FBB
mem[X,0x000000008000129A] -> 0x89DF
[1195] [M]: 0x0000000080001298 (0x89DF7FBB) pmhacc.h t6, t5, t4
x31 <- 0xE81115A5CE017ADE

mem[X,0x000000008000129C] -> 0xBC23
mem[X,0x000000008000129E] -> 0x0FF0
[1196] [M]: 0x000000008000129C (0x0FF0BC23) sd t6, 0xf8(ra)
mem[0x00000000800042F0] <- 0xE81115A5CE017ADE

mem[X,0x00000000800012A0] -> 0x8F37
mem[X,0x00000000800012A2] -> 0xFFBF
[1197] [M]: 0x00000000800012A0 (0xFFBF8F37) lui t5, -0x408
x30 <- 0xFFFFFFFFFFBF8000

mem[X,0x00000000800012A4] -> 0x0F13
mem[X,0x00000000800012A6] -> 0x000F
[1198] [M]: 0x00000000800012A4 (0x000F0F13) addi t5, t5, 0x0
x30 <- 0xFFFFFFFFFFBF8000

mem[X,0x00000000800012A8] -> 0x1F13
mem[X,0x00000000800012AA] -> 0x00BF
[1199] [M]: 0x00000000800012A8 (0x00BF1F13) slli t5, t5, 0xb
x30 <- 0xFFFFFFFDFC000000

clint::tick mtime <- 0x000000000000000C
 clint timer pending at mtime 0x000000000000000C
htif::tick 0x0000000000000000
mem[X,0x00000000800012AC] -> 0x0F13
mem[X,0x00000000800012AE] -> 0x7DFF
[1200] [M]: 0x00000000800012AC (0x7DFF0F13) addi t5, t5, 0x7df
x30 <- 0xFFFFFFFDFC0007DF

mem[X,0x00000000800012B0] -> 0x1F13
mem[X,0x00000000800012B2] -> 0x00BF
[1201] [M]: 0x00000000800012B0 (0x00BF1F13) slli t5, t5, 0xb
x30 <- 0xFFFFEFE0003EF800

mem[X,0x00000000800012B4] -> 0x0F13
mem[X,0x00000000800012B6] -> 0x7C1F
[1202] [M]: 0x00000000800012B4 (0x7C1F0F13) addi t5, t5, 0x7c1
x30 <- 0xFFFFEFE0003EFFC1

mem[X,0x00000000800012B8] -> 0x1F13
mem[X,0x00000000800012BA] -> 0x00AF
[1203] [M]: 0x00000000800012B8 (0x00AF1F13) slli t5, t5, 0xa
x30 <- 0xFFBF8000FBFF0400

mem[X,0x00000000800012BC] -> 0x5EB7
mem[X,0x00000000800012BE] -> 0xBFFF
[1204] [M]: 0x00000000800012BC (0xBFFF5EB7) lui t4, -0x4000b
x29 <- 0xFFFFFFFFBFFF5000

mem[X,0x00000000800012C0] -> 0x8E93
mem[X,0x00000000800012C2] -> 0x555E
[1205] [M]: 0x00000000800012C0 (0x555E8E93) addi t4, t4, 0x555
x29 <- 0xFFFFFFFFBFFF5555

mem[X,0x00000000800012C4] -> 0x9E93
mem[X,0x00000000800012C6] -> 0x00BE
[1206] [M]: 0x00000000800012C4 (0x00BE9E93) slli t4, t4, 0xb
x29 <- 0xFFFFFDFFFAAAA800

mem[X,0x00000000800012C8] -> 0x8E93
mem[X,0x00000000800012CA] -> 0x000E
[1207] [M]: 0x00000000800012C8 (0x000E8E93) addi t4, t4, 0x0
x29 <- 0xFFFFFDFFFAAAA800

mem[X,0x00000000800012CC] -> 0x9E93
mem[X,0x00000000800012CE] -> 0x00BE
[1208] [M]: 0x00000000800012CC (0x00BE9E93) slli t4, t4, 0xb
x29 <- 0xFFEFFFD555400000

mem[X,0x00000000800012D0] -> 0x8E93
mem[X,0x00000000800012D2] -> 0x23FE
[1209] [M]: 0x00000000800012D0 (0x23FE8E93) addi t4, t4, 0x23f
x29 <- 0xFFEFFFD55540023F

mem[X,0x00000000800012D4] -> 0x9E93
mem[X,0x00000000800012D6] -> 0x00AE
[1210] [M]: 0x00000000800012D4 (0x00AE9E93) slli t4, t4, 0xa
x29 <- 0xBFFF55550008FC00

mem[X,0x00000000800012D8] -> 0x8E93
mem[X,0x00000000800012DA] -> 0x3EFE
[1211] [M]: 0x00000000800012D8 (0x3EFE8E93) addi t4, t4, 0x3ef
x29 <- 0xBFFF55550008FFEF

mem[X,0x00000000800012DC] -> 0x7FBB
mem[X,0x00000000800012DE] -> 0x89DF
[1212] [M]: 0x00000000800012DC (0x89DF7FBB) pmhacc.h t6, t5, t4
x31 <- 0xE821EAFACE007ADD

mem[X,0x00000000800012E0] -> 0xB023
mem[X,0x00000000800012E2] -> 0x11F0
[1213] [M]: 0x00000000800012E0 (0x11F0B023) sd t6, 0x100(ra)
mem[0x00000000800042F8] <- 0xE821EAFACE007ADD

mem[X,0x00000000800012E4] -> 0x0F37
mem[X,0x00000000800012E6] -> 0xFEFF
[1214] [M]: 0x00000000800012E4 (0xFEFF0F37) lui t5, -0x1010
x30 <- 0xFFFFFFFFFEFF0000

mem[X,0x00000000800012E8] -> 0x0F13
mem[X,0x00000000800012EA] -> 0x009F
[1215] [M]: 0x00000000800012E8 (0x009F0F13) addi t5, t5, 0x9
x30 <- 0xFFFFFFFFFEFF0009

mem[X,0x00000000800012EC] -> 0x1F13
mem[X,0x00000000800012EE] -> 0x00BF
[1216] [M]: 0x00000000800012EC (0x00BF1F13) slli t5, t5, 0xb
x30 <- 0xFFFFFFF7F8004800

mem[X,0x00000000800012F0] -> 0x0F13
mem[X,0x00000000800012F2] -> 0x7FFF
[1217] [M]: 0x00000000800012F0 (0x7FFF0F13) addi t5, t5, 0x7ff
x30 <- 0xFFFFFFF7F8004FFF

mem[X,0x00000000800012F4] -> 0x1F13
mem[X,0x00000000800012F6] -> 0x00BF
[1218] [M]: 0x00000000800012F4 (0x00BF1F13) slli t5, t5, 0xb
x30 <- 0xFFFFBFC0027FF800

mem[X,0x00000000800012F8] -> 0x0F13
mem[X,0x00000000800012FA] -> 0x77FF
[1219] [M]: 0x00000000800012F8 (0x77FF0F13) addi t5, t5, 0x77f
x30 <- 0xFFFFBFC0027FFF7F

mem[X,0x00000000800012FC] -> 0x1F13
mem[X,0x00000000800012FE] -> 0x00AF
[1220] [M]: 0x00000000800012FC (0x00AF1F13) slli t5, t5, 0xa
x30 <- 0xFEFF0009FFFDFC00

mem[X,0x0000000080001300] -> 0x0F13
mem[X,0x0000000080001302] -> 0x3FBF
[1221] [M]: 0x0000000080001300 (0x3FBF0F13) addi t5, t5, 0x3fb
x30 <- 0xFEFF0009FFFDFFFB

mem[X,0x0000000080001304] -> 0x0EB7
mem[X,0x0000000080001306] -> 0xF7FF
[1222] [M]: 0x0000000080001304 (0xF7FF0EB7) lui t4, -0x8010
x29 <- 0xFFFFFFFFF7FF0000

mem[X,0x0000000080001308] -> 0x8E93
mem[X,0x000000008000130A] -> 0x005E
[1223] [M]: 0x0000000080001308 (0x005E8E93) addi t4, t4, 0x5
x29 <- 0xFFFFFFFFF7FF0005

mem[X,0x000000008000130C] -> 0x9E93
mem[X,0x000000008000130E] -> 0x00BE
[1224] [M]: 0x000000008000130C (0x00BE9E93) slli t4, t4, 0xb
x29 <- 0xFFFFFFBFF8002800

mem[X,0x0000000080001310] -> 0x8E93
mem[X,0x0000000080001312] -> 0x600E
[1225] [M]: 0x0000000080001310 (0x600E8E93) addi t4, t4, 0x600
x29 <- 0xFFFFFFBFF8002E00

mem[X,0x0000000080001314] -> 0x9E93
mem[X,0x0000000080001316] -> 0x00BE
[1226] [M]: 0x0000000080001314 (0x00BE9E93) slli t4, t4, 0xb
x29 <- 0xFFFDFFC001700000

mem[X,0x0000000080001318] -> 0x8E93
mem[X,0x000000008000131A] -> 0x03FE
[1227] [M]: 0x0000000080001318 (0x03FE8E93) addi t4, t4, 0x3f
x29 <- 0xFFFDFFC00170003F

mem[X,0x000000008000131C] -> 0x9E93
mem[X,0x000000008000131E] -> 0x00AE
[1228] [M]: 0x000000008000131C (0x00AE9E93) slli t4, t4, 0xa
x29 <- 0xF7FF0005C000FC00

mem[X,0x0000000080001320] -> 0x8E93
mem[X,0x0000000080001322] -> 0x3FCE
[1229] [M]: 0x0000000080001320 (0x3FCE8E93) addi t4, t4, 0x3fc
x29 <- 0xF7FF0005C000FFFC

mem[X,0x0000000080001324] -> 0x7FBB
mem[X,0x0000000080001326] -> 0x89DF
[1230] [M]: 0x0000000080001324 (0x89DF7FBB) pmhacc.h t6, t5, t4
x31 <- 0xE829EAFACE007ADD

mem[X,0x0000000080001328] -> 0xB423
mem[X,0x000000008000132A] -> 0x11F0
[1231] [M]: 0x0000000080001328 (0x11F0B423) sd t6, 0x108(ra)
mem[0x0000000080004300] <- 0xE829EAFACE007ADD

mem[X,0x000000008000132C] -> 0x8F37
mem[X,0x000000008000132E] -> 0xDFFF
[1232] [M]: 0x000000008000132C (0xDFFF8F37) lui t5, -0x20008
x30 <- 0xFFFFFFFFDFFF8000

mem[X,0x0000000080001330] -> 0x0F13
mem[X,0x0000000080001332] -> 0x000F
[1233] [M]: 0x0000000080001330 (0x000F0F13) addi t5, t5, 0x0
x30 <- 0xFFFFFFFFDFFF8000

mem[X,0x0000000080001334] -> 0x1F13
mem[X,0x0000000080001336] -> 0x00BF
[1234] [M]: 0x0000000080001334 (0x00BF1F13) slli t5, t5, 0xb
x30 <- 0xFFFFFEFFFC000000

mem[X,0x0000000080001338] -> 0x0F13
mem[X,0x000000008000133A] -> 0x77FF
[1235] [M]: 0x0000000080001338 (0x77FF0F13) addi t5, t5, 0x77f
x30 <- 0xFFFFFEFFFC00077F

mem[X,0x000000008000133C] -> 0x1F13
mem[X,0x000000008000133E] -> 0x00BF
[1236] [M]: 0x000000008000133C (0x00BF1F13) slli t5, t5, 0xb
x30 <- 0xFFF7FFE0003BF800

mem[X,0x0000000080001340] -> 0x0F13
mem[X,0x0000000080001342] -> 0x7C0F
[1237] [M]: 0x0000000080001340 (0x7C0F0F13) addi t5, t5, 0x7c0
x30 <- 0xFFF7FFE0003BFFC0

mem[X,0x0000000080001344] -> 0x1F13
mem[X,0x0000000080001346] -> 0x00AF
[1238] [M]: 0x0000000080001344 (0x00AF1F13) slli t5, t5, 0xa
x30 <- 0xDFFF8000EFFF0000

mem[X,0x0000000080001348] -> 0x0F13
mem[X,0x000000008000134A] -> 0x007F
[1239] [M]: 0x0000000080001348 (0x007F0F13) addi t5, t5, 0x7
x30 <- 0xDFFF8000EFFF0007

mem[X,0x000000008000134C] -> 0x8EB7
mem[X,0x000000008000134E] -> 0x0008
[1240] [M]: 0x000000008000134C (0x00088EB7) lui t4, 0x88
x29 <- 0x0000000000088000

mem[X,0x0000000080001350] -> 0x8E93
mem[X,0x0000000080001352] -> 0xFFFE
[1241] [M]: 0x0000000080001350 (0xFFFE8E93) addi t4, t4, -0x1
x29 <- 0x0000000000087FFF

mem[X,0x0000000080001354] -> 0x9E93
mem[X,0x0000000080001356] -> 0x00BE
[1242] [M]: 0x0000000080001354 (0x00BE9E93) slli t4, t4, 0xb
x29 <- 0x0000000043FFF800

mem[X,0x0000000080001358] -> 0x8E93
mem[X,0x000000008000135A] -> 0x7FFE
[1243] [M]: 0x0000000080001358 (0x7FFE8E93) addi t4, t4, 0x7ff
x29 <- 0x0000000043FFFFFF

mem[X,0x000000008000135C] -> 0x9E93
mem[X,0x000000008000135E] -> 0x00BE
[1244] [M]: 0x000000008000135C (0x00BE9E93) slli t4, t4, 0xb
x29 <- 0x0000021FFFFFF800

mem[X,0x0000000080001360] -> 0x8E93
mem[X,0x0000000080001362] -> 0x7FFE
[1245] [M]: 0x0000000080001360 (0x7FFE8E93) addi t4, t4, 0x7ff
x29 <- 0x0000021FFFFFFFFF

mem[X,0x0000000080001364] -> 0x9E93
mem[X,0x0000000080001366] -> 0x00AE
[1246] [M]: 0x0000000080001364 (0x00AE9E93) slli t4, t4, 0xa
x29 <- 0x00087FFFFFFFFC00

mem[X,0x0000000080001368] -> 0x8E93
mem[X,0x000000008000136A] -> 0x3DFE
[1247] [M]: 0x0000000080001368 (0x3DFE8E93) addi t4, t4, 0x3df
x29 <- 0x00087FFFFFFFFFDF

mem[X,0x000000008000136C] -> 0x7FBB
mem[X,0x000000008000136E] -> 0x89DF
[1248] [M]: 0x000000008000136C (0x89DF7FBB) pmhacc.h t6, t5, t4
x31 <- 0xE827AAFACE007ADC

mem[X,0x0000000080001370] -> 0xB823
mem[X,0x0000000080001372] -> 0x11F0
[1249] [M]: 0x0000000080001370 (0x11F0B823) sd t6, 0x110(ra)
mem[0x0000000080004308] <- 0xE827AAFACE007ADC

mem[X,0x0000000080001374] -> 0x0F37
mem[X,0x0000000080001376] -> 0x5555
[1250] [M]: 0x0000000080001374 (0x55550F37) lui t5, 0x55550
x30 <- 0x0000000055550000

mem[X,0x0000000080001378] -> 0x0F13
mem[X,0x000000008000137A] -> 0x040F
[1251] [M]: 0x0000000080001378 (0x040F0F13) addi t5, t5, 0x40
x30 <- 0x0000000055550040

mem[X,0x000000008000137C] -> 0x1F13
mem[X,0x000000008000137E] -> 0x00BF
[1252] [M]: 0x000000008000137C (0x00BF1F13) slli t5, t5, 0xb
x30 <- 0x000002AAA8020000

mem[X,0x0000000080001380] -> 0x0F13
mem[X,0x0000000080001382] -> 0x2AAF
[1253] [M]: 0x0000000080001380 (0x2AAF0F13) addi t5, t5, 0x2aa
x30 <- 0x000002AAA80202AA

mem[X,0x0000000080001384] -> 0x1F13
mem[X,0x0000000080001386] -> 0x00BF
[1254] [M]: 0x0000000080001384 (0x00BF1F13) slli t5, t5, 0xb
x30 <- 0x0015554010155000

mem[X,0x0000000080001388] -> 0x0F13
mem[X,0x000000008000138A] -> 0x577F
[1255] [M]: 0x0000000080001388 (0x577F0F13) addi t5, t5, 0x577
x30 <- 0x0015554010155577

mem[X,0x000000008000138C] -> 0x1F13
mem[X,0x000000008000138E] -> 0x00AF
[1256] [M]: 0x000000008000138C (0x00AF1F13) slli t5, t5, 0xa
x30 <- 0x555500405555DC00

mem[X,0x0000000080001390] -> 0x0F13
mem[X,0x0000000080001392] -> 0x3FFF
[1257] [M]: 0x0000000080001390 (0x3FFF0F13) addi t5, t5, 0x3ff
x30 <- 0x555500405555DFFF

mem[X,0x0000000080001394] -> 0x0EB7
mem[X,0x0000000080001396] -> 0xF7FF
[1258] [M]: 0x0000000080001394 (0xF7FF0EB7) lui t4, -0x8010
x29 <- 0xFFFFFFFFF7FF0000

mem[X,0x0000000080001398] -> 0x8E93
mem[X,0x000000008000139A] -> 0x020E
[1259] [M]: 0x0000000080001398 (0x020E8E93) addi t4, t4, 0x20
x29 <- 0xFFFFFFFFF7FF0020

mem[X,0x000000008000139C] -> 0x9E93
mem[X,0x000000008000139E] -> 0x00BE
[1260] [M]: 0x000000008000139C (0x00BE9E93) slli t4, t4, 0xb
x29 <- 0xFFFFFFBFF8010000

mem[X,0x00000000800013A0] -> 0x8E93
mem[X,0x00000000800013A2] -> 0x7FFE
[1261] [M]: 0x00000000800013A0 (0x7FFE8E93) addi t4, t4, 0x7ff
x29 <- 0xFFFFFFBFF80107FF

mem[X,0x00000000800013A4] -> 0x9E93
mem[X,0x00000000800013A6] -> 0x00BE
[1262] [M]: 0x00000000800013A4 (0x00BE9E93) slli t4, t4, 0xb
x29 <- 0xFFFDFFC0083FF800

mem[X,0x00000000800013A8] -> 0x8E93
mem[X,0x00000000800013AA] -> 0x74FE
[1263] [M]: 0x00000000800013A8 (0x74FE8E93) addi t4, t4, 0x74f
x29 <- 0xFFFDFFC0083FFF4F

mem[X,0x00000000800013AC] -> 0x9E93
mem[X,0x00000000800013AE] -> 0x00AE
[1264] [M]: 0x00000000800013AC (0x00AE9E93) slli t4, t4, 0xa
x29 <- 0xF7FF0020FFFD3C00

mem[X,0x00000000800013B0] -> 0x8E93
mem[X,0x00000000800013B2] -> 0x3FFE
[1265] [M]: 0x00000000800013B0 (0x3FFE8E93) addi t4, t4, 0x3ff
x29 <- 0xF7FF0020FFFD3FFF

mem[X,0x00000000800013B4] -> 0x7FBB
mem[X,0x00000000800013B6] -> 0x89DF
[1266] [M]: 0x00000000800013B4 (0x89DF7FBB) pmhacc.h t6, t5, t4
x31 <- 0xE57CAAFACDFF72DB

mem[X,0x00000000800013B8] -> 0xBC23
mem[X,0x00000000800013BA] -> 0x11F0
[1267] [M]: 0x00000000800013B8 (0x11F0BC23) sd t6, 0x118(ra)
mem[0x0000000080004310] <- 0xE57CAAFACDFF72DB

mem[X,0x00000000800013BC] -> 0xFF37
mem[X,0x00000000800013BE] -> 0x7FFF
[1268] [M]: 0x00000000800013BC (0x7FFFFF37) lui t5, 0x7ffff
x30 <- 0x000000007FFFF000

mem[X,0x00000000800013C0] -> 0x0F13
mem[X,0x00000000800013C2] -> 0x7FFF
[1269] [M]: 0x00000000800013C0 (0x7FFF0F13) addi t5, t5, 0x7ff
x30 <- 0x000000007FFFF7FF

mem[X,0x00000000800013C4] -> 0x1F13
mem[X,0x00000000800013C6] -> 0x00BF
[1270] [M]: 0x00000000800013C4 (0x00BF1F13) slli t5, t5, 0xb
x30 <- 0x000003FFFFBFF800

mem[X,0x00000000800013C8] -> 0x0F13
mem[X,0x00000000800013CA] -> 0x000F
[1271] [M]: 0x00000000800013C8 (0x000F0F13) addi t5, t5, 0x0
x30 <- 0x000003FFFFBFF800

mem[X,0x00000000800013CC] -> 0x1F13
mem[X,0x00000000800013CE] -> 0x00BF
[1272] [M]: 0x00000000800013CC (0x00BF1F13) slli t5, t5, 0xb
x30 <- 0x001FFFFDFFC00000

mem[X,0x00000000800013D0] -> 0x0F13
mem[X,0x00000000800013D2] -> 0x182F
[1273] [M]: 0x00000000800013D0 (0x182F0F13) addi t5, t5, 0x182
x30 <- 0x001FFFFDFFC00182

mem[X,0x00000000800013D4] -> 0x1F13
mem[X,0x00000000800013D6] -> 0x00AF
[1274] [M]: 0x00000000800013D4 (0x00AF1F13) slli t5, t5, 0xa
x30 <- 0x7FFFF7FF00060800

mem[X,0x00000000800013D8] -> 0x0EB7
mem[X,0x00000000800013DA] -> 0xE000
[1275] [M]: 0x00000000800013D8 (0xE0000EB7) lui t4, -0x20000
x29 <- 0xFFFFFFFFE0000000

mem[X,0x00000000800013DC] -> 0x8E93
mem[X,0x00000000800013DE] -> 0xDFFE
[1276] [M]: 0x00000000800013DC (0xDFFE8E93) addi t4, t4, -0x201
x29 <- 0xFFFFFFFFDFFFFDFF

mem[X,0x00000000800013E0] -> 0x9E93
mem[X,0x00000000800013E2] -> 0x00BE
[1277] [M]: 0x00000000800013E0 (0x00BE9E93) slli t4, t4, 0xb
x29 <- 0xFFFFFEFFFFEFF800

mem[X,0x00000000800013E4] -> 0x8E93
mem[X,0x00000000800013E6] -> 0x000E
[1278] [M]: 0x00000000800013E4 (0x000E8E93) addi t4, t4, 0x0
x29 <- 0xFFFFFEFFFFEFF800

mem[X,0x00000000800013E8] -> 0x9E93
mem[X,0x00000000800013EA] -> 0x00BE
[1279] [M]: 0x00000000800013E8 (0x00BE9E93) slli t4, t4, 0xb
x29 <- 0xFFF7FFFF7FC00000

mem[X,0x00000000800013EC] -> 0x8E93
mem[X,0x00000000800013EE] -> 0x060E
[1280] [M]: 0x00000000800013EC (0x060E8E93) addi t4, t4, 0x60
x29 <- 0xFFF7FFFF7FC00060

mem[X,0x00000000800013F0] -> 0x9E93
mem[X,0x00000000800013F2] -> 0x00AE
[1281] [M]: 0x00000000800013F0 (0x00AE9E93) slli t4, t4, 0xa
x29 <- 0xDFFFFDFF00018000

mem[X,0x00000000800013F4] -> 0x7FBB
mem[X,0x00000000800013F6] -> 0x89DF
[1282] [M]: 0x00000000800013F4 (0x89DF7FBB) pmhacc.h t6, t5, t4
x31 <- 0xD57BAB0ACDFF6EDB

mem[X,0x00000000800013F8] -> 0xB023
mem[X,0x00000000800013FA] -> 0x13F0
[1283] [M]: 0x00000000800013F8 (0x13F0B023) sd t6, 0x120(ra)
mem[0x0000000080004318] <- 0xD57BAB0ACDFF6EDB

mem[X,0x00000000800013FC] -> 0x0F37
mem[X,0x00000000800013FE] -> 0xFFFB
[1284] [M]: 0x00000000800013FC (0xFFFB0F37) lui t5, -0x50
x30 <- 0xFFFFFFFFFFFB0000

mem[X,0x0000000080001400] -> 0x0F13
mem[X,0x0000000080001402] -> 0x005F
[1285] [M]: 0x0000000080001400 (0x005F0F13) addi t5, t5, 0x5
x30 <- 0xFFFFFFFFFFFB0005

mem[X,0x0000000080001404] -> 0x1F13
mem[X,0x0000000080001406] -> 0x00BF
[1286] [M]: 0x0000000080001404 (0x00BF1F13) slli t5, t5, 0xb
x30 <- 0xFFFFFFFFD8002800

mem[X,0x0000000080001408] -> 0x0F13
mem[X,0x000000008000140A] -> 0x010F
[1287] [M]: 0x0000000080001408 (0x010F0F13) addi t5, t5, 0x10
x30 <- 0xFFFFFFFFD8002810

mem[X,0x000000008000140C] -> 0x1F13
mem[X,0x000000008000140E] -> 0x00BF
[1288] [M]: 0x000000008000140C (0x00BF1F13) slli t5, t5, 0xb
x30 <- 0xFFFFFEC001408000

mem[X,0x0000000080001410] -> 0x0F13
mem[X,0x0000000080001412] -> 0x000F
[1289] [M]: 0x0000000080001410 (0x000F0F13) addi t5, t5, 0x0
x30 <- 0xFFFFFEC001408000

mem[X,0x0000000080001414] -> 0x1F13
mem[X,0x0000000080001416] -> 0x00AF
[1290] [M]: 0x0000000080001414 (0x00AF1F13) slli t5, t5, 0xa
x30 <- 0xFFFB000502000000

mem[X,0x0000000080001418] -> 0x0F13
mem[X,0x000000008000141A] -> 0x002F
[1291] [M]: 0x0000000080001418 (0x002F0F13) addi t5, t5, 0x2
x30 <- 0xFFFB000502000002

mem[X,0x000000008000141C] -> 0x8EB7
mem[X,0x000000008000141E] -> 0x0003
[1292] [M]: 0x000000008000141C (0x00038EB7) lui t4, 0x38
x29 <- 0x0000000000038000

mem[X,0x0000000080001420] -> 0x8E93
mem[X,0x0000000080001422] -> 0xFFFE
[1293] [M]: 0x0000000080001420 (0xFFFE8E93) addi t4, t4, -0x1
x29 <- 0x0000000000037FFF

mem[X,0x0000000080001424] -> 0x9E93
mem[X,0x0000000080001426] -> 0x00BE
[1294] [M]: 0x0000000080001424 (0x00BE9E93) slli t4, t4, 0xb
x29 <- 0x000000001BFFF800

mem[X,0x0000000080001428] -> 0x8E93
mem[X,0x000000008000142A] -> 0x000E
[1295] [M]: 0x0000000080001428 (0x000E8E93) addi t4, t4, 0x0
x29 <- 0x000000001BFFF800

mem[X,0x000000008000142C] -> 0x9E93
mem[X,0x000000008000142E] -> 0x00BE
[1296] [M]: 0x000000008000142C (0x00BE9E93) slli t4, t4, 0xb
x29 <- 0x000000DFFFC00000

mem[X,0x0000000080001430] -> 0x8E93
mem[X,0x0000000080001432] -> 0x200E
[1297] [M]: 0x0000000080001430 (0x200E8E93) addi t4, t4, 0x200
x29 <- 0x000000DFFFC00200

mem[X,0x0000000080001434] -> 0x9E93
mem[X,0x0000000080001436] -> 0x00AE
[1298] [M]: 0x0000000080001434 (0x00AE9E93) slli t4, t4, 0xa
x29 <- 0x00037FFF00080000

mem[X,0x0000000080001438] -> 0x8E93
mem[X,0x000000008000143A] -> 0x008E
[1299] [M]: 0x0000000080001438 (0x008E8E93) addi t4, t4, 0x8
x29 <- 0x00037FFF00080008

clint::tick mtime <- 0x000000000000000D
 clint timer pending at mtime 0x000000000000000D
htif::tick 0x0000000000000000
mem[X,0x000000008000143C] -> 0x7FBB
mem[X,0x000000008000143E] -> 0x89DF
[1300] [M]: 0x000000008000143C (0x89DF7FBB) pmhacc.h t6, t5, t4
x31 <- 0xD57AAB0CCDFF6EDB

mem[X,0x0000000080001440] -> 0xB423
mem[X,0x0000000080001442] -> 0x13F0
[1301] [M]: 0x0000000080001440 (0x13F0B423) sd t6, 0x128(ra)
mem[0x0000000080004320] <- 0xD57AAB0CCDFF6EDB

mem[X,0x0000000080001444] -> 0x0F37
mem[X,0x0000000080001446] -> 0xF800
[1302] [M]: 0x0000000080001444 (0xF8000F37) lui t5, -0x8000
x30 <- 0xFFFFFFFFF8000000

mem[X,0x0000000080001448] -> 0x0F13
mem[X,0x000000008000144A] -> 0xFFCF
[1303] [M]: 0x0000000080001448 (0xFFCF0F13) addi t5, t5, -0x4
x30 <- 0xFFFFFFFFF7FFFFFC

mem[X,0x000000008000144C] -> 0x1F13
mem[X,0x000000008000144E] -> 0x00BF
[1304] [M]: 0x000000008000144C (0x00BF1F13) slli t5, t5, 0xb
x30 <- 0xFFFFFFBFFFFFE000

mem[X,0x0000000080001450] -> 0x0F13
mem[X,0x0000000080001452] -> 0x080F
[1305] [M]: 0x0000000080001450 (0x080F0F13) addi t5, t5, 0x80
x30 <- 0xFFFFFFBFFFFFE080

mem[X,0x0000000080001454] -> 0x1F13
mem[X,0x0000000080001456] -> 0x00BF
[1306] [M]: 0x0000000080001454 (0x00BF1F13) slli t5, t5, 0xb
x30 <- 0xFFFDFFFFFF040000

mem[X,0x0000000080001458] -> 0x0F13
mem[X,0x000000008000145A] -> 0x03DF
[1307] [M]: 0x0000000080001458 (0x03DF0F13) addi t5, t5, 0x3d
x30 <- 0xFFFDFFFFFF04003D

mem[X,0x000000008000145C] -> 0x1F13
mem[X,0x000000008000145E] -> 0x00AF
[1308] [M]: 0x000000008000145C (0x00AF1F13) slli t5, t5, 0xa
x30 <- 0xF7FFFFFC1000F400

mem[X,0x0000000080001460] -> 0x0F13
mem[X,0x0000000080001462] -> 0x3FFF
[1309] [M]: 0x0000000080001460 (0x3FFF0F13) addi t5, t5, 0x3ff
x30 <- 0xF7FFFFFC1000F7FF

mem[X,0x0000000080001464] -> 0x0EB7
mem[X,0x0000000080001466] -> 0x8000
[1310] [M]: 0x0000000080001464 (0x80000EB7) lui t4, -0x80000
x29 <- 0xFFFFFFFF80000000

mem[X,0x0000000080001468] -> 0x8E93
mem[X,0x000000008000146A] -> 0xFFDE
[1311] [M]: 0x0000000080001468 (0xFFDE8E93) addi t4, t4, -0x3
x29 <- 0xFFFFFFFF7FFFFFFD

mem[X,0x000000008000146C] -> 0x9E93
mem[X,0x000000008000146E] -> 0x00BE
[1312] [M]: 0x000000008000146C (0x00BE9E93) slli t4, t4, 0xb
x29 <- 0xFFFFFBFFFFFFE800

mem[X,0x0000000080001470] -> 0x8E93
mem[X,0x0000000080001472] -> 0x000E
[1313] [M]: 0x0000000080001470 (0x000E8E93) addi t4, t4, 0x0
x29 <- 0xFFFFFBFFFFFFE800

mem[X,0x0000000080001474] -> 0x9E93
mem[X,0x0000000080001476] -> 0x00BE
[1314] [M]: 0x0000000080001474 (0x00BE9E93) slli t4, t4, 0xb
x29 <- 0xFFDFFFFFFF400000

mem[X,0x0000000080001478] -> 0x8E93
mem[X,0x000000008000147A] -> 0x100E
[1315] [M]: 0x0000000080001478 (0x100E8E93) addi t4, t4, 0x100
x29 <- 0xFFDFFFFFFF400100

mem[X,0x000000008000147C] -> 0x9E93
mem[X,0x000000008000147E] -> 0x00AE
[1316] [M]: 0x000000008000147C (0x00AE9E93) slli t4, t4, 0xa
x29 <- 0x7FFFFFFD00040000

mem[X,0x0000000080001480] -> 0x8E93
mem[X,0x0000000080001482] -> 0x010E
[1317] [M]: 0x0000000080001480 (0x010E8E93) addi t4, t4, 0x10
x29 <- 0x7FFFFFFD00040010

mem[X,0x0000000080001484] -> 0x7FBB
mem[X,0x0000000080001486] -> 0x89DF
[1318] [M]: 0x0000000080001484 (0x89DF7FBB) pmhacc.h t6, t5, t4
x31 <- 0xD179AB0CCDFF6EDA

mem[X,0x0000000080001488] -> 0xB823
mem[X,0x000000008000148A] -> 0x13F0
[1319] [M]: 0x0000000080001488 (0x13F0B823) sd t6, 0x130(ra)
mem[0x0000000080004328] <- 0xD179AB0CCDFF6EDA

mem[X,0x000000008000148C] -> 0xEF37
mem[X,0x000000008000148E] -> 0xFFFB
[1320] [M]: 0x000000008000148C (0xFFFBEF37) lui t5, -0x42
x30 <- 0xFFFFFFFFFFFBE000

mem[X,0x0000000080001490] -> 0x0F13
mem[X,0x0000000080001492] -> 0xFFFF
[1321] [M]: 0x0000000080001490 (0xFFFF0F13) addi t5, t5, -0x1
x30 <- 0xFFFFFFFFFFFBDFFF

mem[X,0x0000000080001494] -> 0x1F13
mem[X,0x0000000080001496] -> 0x00BF
[1322] [M]: 0x0000000080001494 (0x00BF1F13) slli t5, t5, 0xb
x30 <- 0xFFFFFFFFDEFFF800

mem[X,0x0000000080001498] -> 0x0F13
mem[X,0x000000008000149A] -> 0x7DFF
[1323] [M]: 0x0000000080001498 (0x7DFF0F13) addi t5, t5, 0x7df
x30 <- 0xFFFFFFFFDEFFFFDF

mem[X,0x000000008000149C] -> 0x1F13
mem[X,0x000000008000149E] -> 0x00BF
[1324] [M]: 0x000000008000149C (0x00BF1F13) slli t5, t5, 0xb
x30 <- 0xFFFFFEF7FFFEF800

mem[X,0x00000000800014A0] -> 0x0F13
mem[X,0x00000000800014A2] -> 0x7FEF
[1325] [M]: 0x00000000800014A0 (0x7FEF0F13) addi t5, t5, 0x7fe
x30 <- 0xFFFFFEF7FFFEFFFE

mem[X,0x00000000800014A4] -> 0x1F13
mem[X,0x00000000800014A6] -> 0x00AF
[1326] [M]: 0x00000000800014A4 (0x00AF1F13) slli t5, t5, 0xa
x30 <- 0xFFFBDFFFFBFFF800

mem[X,0x00000000800014A8] -> 0x0F13
mem[X,0x00000000800014AA] -> 0x3FFF
[1327] [M]: 0x00000000800014A8 (0x3FFF0F13) addi t5, t5, 0x3ff
x30 <- 0xFFFBDFFFFBFFFBFF

mem[X,0x00000000800014AC] -> 0x0EB7
mem[X,0x00000000800014AE] -> 0xFDFF
[1328] [M]: 0x00000000800014AC (0xFDFF0EB7) lui t4, -0x2010
x29 <- 0xFFFFFFFFFDFF0000

mem[X,0x00000000800014B0] -> 0x8E93
mem[X,0x00000000800014B2] -> 0x006E
[1329] [M]: 0x00000000800014B0 (0x006E8E93) addi t4, t4, 0x6
x29 <- 0xFFFFFFFFFDFF0006

mem[X,0x00000000800014B4] -> 0x9E93
mem[X,0x00000000800014B6] -> 0x00BE
[1330] [M]: 0x00000000800014B4 (0x00BE9E93) slli t4, t4, 0xb
x29 <- 0xFFFFFFEFF8003000

mem[X,0x00000000800014B8] -> 0x8E93
mem[X,0x00000000800014BA] -> 0x7FFE
[1331] [M]: 0x00000000800014B8 (0x7FFE8E93) addi t4, t4, 0x7ff
x29 <- 0xFFFFFFEFF80037FF

mem[X,0x00000000800014BC] -> 0x9E93
mem[X,0x00000000800014BE] -> 0x00BE
[1332] [M]: 0x00000000800014BC (0x00BE9E93) slli t4, t4, 0xb
x29 <- 0xFFFF7FC001BFF800

mem[X,0x00000000800014C0] -> 0x8E93
mem[X,0x00000000800014C2] -> 0x580E
[1333] [M]: 0x00000000800014C0 (0x580E8E93) addi t4, t4, 0x580
x29 <- 0xFFFF7FC001BFFD80

mem[X,0x00000000800014C4] -> 0x9E93
mem[X,0x00000000800014C6] -> 0x00AE
[1334] [M]: 0x00000000800014C4 (0x00AE9E93) slli t4, t4, 0xa
x29 <- 0xFDFF0006FFF60000

mem[X,0x00000000800014C8] -> 0x8E93
mem[X,0x00000000800014CA] -> 0x200E
[1335] [M]: 0x00000000800014C8 (0x200E8E93) addi t4, t4, 0x200
x29 <- 0xFDFF0006FFF60200

mem[X,0x00000000800014CC] -> 0x7FBB
mem[X,0x00000000800014CE] -> 0x89DF
[1336] [M]: 0x00000000800014CC (0x89DF7FBB) pmhacc.h t6, t5, t4
x31 <- 0xD179AB0BCDFF6ED1

mem[X,0x00000000800014D0] -> 0xBC23
mem[X,0x00000000800014D2] -> 0x13F0
[1337] [M]: 0x00000000800014D0 (0x13F0BC23) sd t6, 0x138(ra)
mem[0x0000000080004330] <- 0xD179AB0BCDFF6ED1

mem[X,0x00000000800014D4] -> 0x4F37
mem[X,0x00000000800014D6] -> 0x0009
[1338] [M]: 0x00000000800014D4 (0x00094F37) lui t5, 0x94
x30 <- 0x0000000000094000

mem[X,0x00000000800014D8] -> 0x0F13
mem[X,0x00000000800014DA] -> 0x000F
[1339] [M]: 0x00000000800014D8 (0x000F0F13) addi t5, t5, 0x0
x30 <- 0x0000000000094000

mem[X,0x00000000800014DC] -> 0x1F13
mem[X,0x00000000800014DE] -> 0x00BF
[1340] [M]: 0x00000000800014DC (0x00BF1F13) slli t5, t5, 0xb
x30 <- 0x000000004A000000

mem[X,0x00000000800014E0] -> 0x0F13
mem[X,0x00000000800014E2] -> 0x7FFF
[1341] [M]: 0x00000000800014E0 (0x7FFF0F13) addi t5, t5, 0x7ff
x30 <- 0x000000004A0007FF

mem[X,0x00000000800014E4] -> 0x1F13
mem[X,0x00000000800014E6] -> 0x00BF
[1342] [M]: 0x00000000800014E4 (0x00BF1F13) slli t5, t5, 0xb
x30 <- 0x00000250003FF800

mem[X,0x00000000800014E8] -> 0x0F13
mem[X,0x00000000800014EA] -> 0x782F
[1343] [M]: 0x00000000800014E8 (0x782F0F13) addi t5, t5, 0x782
x30 <- 0x00000250003FFF82

mem[X,0x00000000800014EC] -> 0x1F13
mem[X,0x00000000800014EE] -> 0x00AF
[1344] [M]: 0x00000000800014EC (0x00AF1F13) slli t5, t5, 0xa
x30 <- 0x00094000FFFE0800

mem[X,0x00000000800014F0] -> 0x0EB7
mem[X,0x00000000800014F2] -> 0xFFFF
[1345] [M]: 0x00000000800014F0 (0xFFFF0EB7) lui t4, -0x10
x29 <- 0xFFFFFFFFFFFF0000

mem[X,0x00000000800014F4] -> 0x8E93
mem[X,0x00000000800014F6] -> 0x100E
[1346] [M]: 0x00000000800014F4 (0x100E8E93) addi t4, t4, 0x100
x29 <- 0xFFFFFFFFFFFF0100

mem[X,0x00000000800014F8] -> 0x9E93
mem[X,0x00000000800014FA] -> 0x00BE
[1347] [M]: 0x00000000800014F8 (0x00BE9E93) slli t4, t4, 0xb
x29 <- 0xFFFFFFFFF8080000

mem[X,0x00000000800014FC] -> 0x8E93
mem[X,0x00000000800014FE] -> 0x000E
[1348] [M]: 0x00000000800014FC (0x000E8E93) addi t4, t4, 0x0
x29 <- 0xFFFFFFFFF8080000

mem[X,0x0000000080001500] -> 0x9E93
mem[X,0x0000000080001502] -> 0x00BE
[1349] [M]: 0x0000000080001500 (0x00BE9E93) slli t4, t4, 0xb
x29 <- 0xFFFFFFC040000000

mem[X,0x0000000080001504] -> 0x8E93
mem[X,0x0000000080001506] -> 0x081E
[1350] [M]: 0x0000000080001504 (0x081E8E93) addi t4, t4, 0x81
x29 <- 0xFFFFFFC040000081

mem[X,0x0000000080001508] -> 0x9E93
mem[X,0x000000008000150A] -> 0x00AE
[1351] [M]: 0x0000000080001508 (0x00AE9E93) slli t4, t4, 0xa
x29 <- 0xFFFF010000020400

mem[X,0x000000008000150C] -> 0x7FBB
mem[X,0x000000008000150E] -> 0x89DF
[1352] [M]: 0x000000008000150C (0x89DF7FBB) pmhacc.h t6, t5, t4
x31 <- 0xD178AB4BCDFE6EF1

mem[X,0x0000000080001510] -> 0xB023
mem[X,0x0000000080001512] -> 0x15F0
[1353] [M]: 0x0000000080001510 (0x15F0B023) sd t6, 0x140(ra)
mem[0x0000000080004338] <- 0xD178AB4BCDFE6EF1

mem[X,0x0000000080001514] -> 0x4F37
mem[X,0x0000000080001516] -> 0xF7FF
[1354] [M]: 0x0000000080001514 (0xF7FF4F37) lui t5, -0x800c
x30 <- 0xFFFFFFFFF7FF4000

mem[X,0x0000000080001518] -> 0x0F13
mem[X,0x000000008000151A] -> 0x000F
[1355] [M]: 0x0000000080001518 (0x000F0F13) addi t5, t5, 0x0
x30 <- 0xFFFFFFFFF7FF4000

mem[X,0x000000008000151C] -> 0x1F13
mem[X,0x000000008000151E] -> 0x00BF
[1356] [M]: 0x000000008000151C (0x00BF1F13) slli t5, t5, 0xb
x30 <- 0xFFFFFFBFFA000000

mem[X,0x0000000080001520] -> 0x0F13
mem[X,0x0000000080001522] -> 0x000F
[1357] [M]: 0x0000000080001520 (0x000F0F13) addi t5, t5, 0x0
x30 <- 0xFFFFFFBFFA000000

mem[X,0x0000000080001524] -> 0x1F13
mem[X,0x0000000080001526] -> 0x00BF
[1358] [M]: 0x0000000080001524 (0x00BF1F13) slli t5, t5, 0xb
x30 <- 0xFFFDFFD000000000

mem[X,0x0000000080001528] -> 0x0F13
mem[X,0x000000008000152A] -> 0x040F
[1359] [M]: 0x0000000080001528 (0x040F0F13) addi t5, t5, 0x40
x30 <- 0xFFFDFFD000000040

mem[X,0x000000008000152C] -> 0x1F13
mem[X,0x000000008000152E] -> 0x00AF
[1360] [M]: 0x000000008000152C (0x00AF1F13) slli t5, t5, 0xa
x30 <- 0xF7FF400000010000

mem[X,0x0000000080001530] -> 0x0F13
mem[X,0x0000000080001532] -> 0x003F
[1361] [M]: 0x0000000080001530 (0x003F0F13) addi t5, t5, 0x3
x30 <- 0xF7FF400000010003

mem[X,0x0000000080001534] -> 0x0EB7
mem[X,0x0000000080001536] -> 0xEFFF
[1362] [M]: 0x0000000080001534 (0xEFFF0EB7) lui t4, -0x10010
x29 <- 0xFFFFFFFFEFFF0000

mem[X,0x0000000080001538] -> 0x8E93
mem[X,0x000000008000153A] -> 0x005E
[1363] [M]: 0x0000000080001538 (0x005E8E93) addi t4, t4, 0x5
x29 <- 0xFFFFFFFFEFFF0005

mem[X,0x000000008000153C] -> 0x9E93
mem[X,0x000000008000153E] -> 0x00BE
[1364] [M]: 0x000000008000153C (0x00BE9E93) slli t4, t4, 0xb
x29 <- 0xFFFFFF7FF8002800

mem[X,0x0000000080001540] -> 0x8E93
mem[X,0x0000000080001542] -> 0x100E
[1365] [M]: 0x0000000080001540 (0x100E8E93) addi t4, t4, 0x100
x29 <- 0xFFFFFF7FF8002900

mem[X,0x0000000080001544] -> 0x9E93
mem[X,0x0000000080001546] -> 0x00BE
[1366] [M]: 0x0000000080001544 (0x00BE9E93) slli t4, t4, 0xb
x29 <- 0xFFFBFFC001480000

mem[X,0x0000000080001548] -> 0x8E93
mem[X,0x000000008000154A] -> 0x008E
[1367] [M]: 0x0000000080001548 (0x008E8E93) addi t4, t4, 0x8
x29 <- 0xFFFBFFC001480008

mem[X,0x000000008000154C] -> 0x9E93
mem[X,0x000000008000154E] -> 0x00AE
[1368] [M]: 0x000000008000154C (0x00AE9E93) slli t4, t4, 0xa
x29 <- 0xEFFF000520002000

mem[X,0x0000000080001550] -> 0x7FBB
mem[X,0x0000000080001552] -> 0x89DF
[1369] [M]: 0x0000000080001550 (0x89DF7FBB) pmhacc.h t6, t5, t4
x31 <- 0xD1F8AB4CCDFE6EF1

mem[X,0x0000000080001554] -> 0xB423
mem[X,0x0000000080001556] -> 0x15F0
[1370] [M]: 0x0000000080001554 (0x15F0B423) sd t6, 0x148(ra)
mem[0x0000000080004340] <- 0xD1F8AB4CCDFE6EF1

mem[X,0x0000000080001558] -> 0x0F37
mem[X,0x000000008000155A] -> 0x0004
[1371] [M]: 0x0000000080001558 (0x00040F37) lui t5, 0x40
x30 <- 0x0000000000040000

mem[X,0x000000008000155C] -> 0x0F13
mem[X,0x000000008000155E] -> 0xDFFF
[1372] [M]: 0x000000008000155C (0xDFFF0F13) addi t5, t5, -0x201
x30 <- 0x000000000003FDFF

mem[X,0x0000000080001560] -> 0x1F13
mem[X,0x0000000080001562] -> 0x00BF
[1373] [M]: 0x0000000080001560 (0x00BF1F13) slli t5, t5, 0xb
x30 <- 0x000000001FEFF800

mem[X,0x0000000080001564] -> 0x0F13
mem[X,0x0000000080001566] -> 0x7FFF
[1374] [M]: 0x0000000080001564 (0x7FFF0F13) addi t5, t5, 0x7ff
x30 <- 0x000000001FEFFFFF

mem[X,0x0000000080001568] -> 0x1F13
mem[X,0x000000008000156A] -> 0x00BF
[1375] [M]: 0x0000000080001568 (0x00BF1F13) slli t5, t5, 0xb
x30 <- 0x000000FF7FFFF800

mem[X,0x000000008000156C] -> 0x0F13
mem[X,0x000000008000156E] -> 0x6C4F
[1376] [M]: 0x000000008000156C (0x6C4F0F13) addi t5, t5, 0x6c4
x30 <- 0x000000FF7FFFFEC4

mem[X,0x0000000080001570] -> 0x1F13
mem[X,0x0000000080001572] -> 0x00AF
[1377] [M]: 0x0000000080001570 (0x00AF1F13) slli t5, t5, 0xa
x30 <- 0x0003FDFFFFFB1000

mem[X,0x0000000080001574] -> 0x0EB7
mem[X,0x0000000080001576] -> 0x0006
[1378] [M]: 0x0000000080001574 (0x00060EB7) lui t4, 0x60
x29 <- 0x0000000000060000

mem[X,0x0000000080001578] -> 0x8E93
mem[X,0x000000008000157A] -> 0x200E
[1379] [M]: 0x0000000080001578 (0x200E8E93) addi t4, t4, 0x200
x29 <- 0x0000000000060200

mem[X,0x000000008000157C] -> 0x9E93
mem[X,0x000000008000157E] -> 0x00BE
[1380] [M]: 0x000000008000157C (0x00BE9E93) slli t4, t4, 0xb
x29 <- 0x0000000030100000

mem[X,0x0000000080001580] -> 0x8E93
mem[X,0x0000000080001582] -> 0x7FFE
[1381] [M]: 0x0000000080001580 (0x7FFE8E93) addi t4, t4, 0x7ff
x29 <- 0x00000000301007FF

mem[X,0x0000000080001584] -> 0x9E93
mem[X,0x0000000080001586] -> 0x00BE
[1382] [M]: 0x0000000080001584 (0x00BE9E93) slli t4, t4, 0xb
x29 <- 0x00000180803FF800

mem[X,0x0000000080001588] -> 0x8E93
mem[X,0x000000008000158A] -> 0x5FFE
[1383] [M]: 0x0000000080001588 (0x5FFE8E93) addi t4, t4, 0x5ff
x29 <- 0x00000180803FFDFF

mem[X,0x000000008000158C] -> 0x9E93
mem[X,0x000000008000158E] -> 0x00AE
[1384] [M]: 0x000000008000158C (0x00AE9E93) slli t4, t4, 0xa
x29 <- 0x00060200FFF7FC00

mem[X,0x0000000080001590] -> 0x8E93
mem[X,0x0000000080001592] -> 0x3F7E
[1385] [M]: 0x0000000080001590 (0x3F7E8E93) addi t4, t4, 0x3f7
x29 <- 0x00060200FFF7FFF7

mem[X,0x0000000080001594] -> 0x7FBB
mem[X,0x0000000080001596] -> 0x89DF
[1386] [M]: 0x0000000080001594 (0x89DF7FBB) pmhacc.h t6, t5, t4
x31 <- 0xD1F8AB47CDFE6EF0

mem[X,0x0000000080001598] -> 0xB823
mem[X,0x000000008000159A] -> 0x15F0
[1387] [M]: 0x0000000080001598 (0x15F0B823) sd t6, 0x150(ra)
mem[0x0000000080004348] <- 0xD1F8AB47CDFE6EF0

mem[X,0x000000008000159C] -> 0x0F37
mem[X,0x000000008000159E] -> 0x0006
[1388] [M]: 0x000000008000159C (0x00060F37) lui t5, 0x60
x30 <- 0x0000000000060000

mem[X,0x00000000800015A0] -> 0x0F13
mem[X,0x00000000800015A2] -> 0x020F
[1389] [M]: 0x00000000800015A0 (0x020F0F13) addi t5, t5, 0x20
x30 <- 0x0000000000060020

mem[X,0x00000000800015A4] -> 0x1F13
mem[X,0x00000000800015A6] -> 0x00BF
[1390] [M]: 0x00000000800015A4 (0x00BF1F13) slli t5, t5, 0xb
x30 <- 0x0000000030010000

mem[X,0x00000000800015A8] -> 0x0F13
mem[X,0x00000000800015AA] -> 0x000F
[1391] [M]: 0x00000000800015A8 (0x000F0F13) addi t5, t5, 0x0
x30 <- 0x0000000030010000

mem[X,0x00000000800015AC] -> 0x1F13
mem[X,0x00000000800015AE] -> 0x00BF
[1392] [M]: 0x00000000800015AC (0x00BF1F13) slli t5, t5, 0xb
x30 <- 0x0000018008000000

mem[X,0x00000000800015B0] -> 0x0F13
mem[X,0x00000000800015B2] -> 0x13FF
[1393] [M]: 0x00000000800015B0 (0x13FF0F13) addi t5, t5, 0x13f
x30 <- 0x000001800800013F

mem[X,0x00000000800015B4] -> 0x1F13
mem[X,0x00000000800015B6] -> 0x00AF
[1394] [M]: 0x00000000800015B4 (0x00AF1F13) slli t5, t5, 0xa
x30 <- 0x000600200004FC00

mem[X,0x00000000800015B8] -> 0x0F13
mem[X,0x00000000800015BA] -> 0x3FFF
[1395] [M]: 0x00000000800015B8 (0x3FFF0F13) addi t5, t5, 0x3ff
x30 <- 0x000600200004FFFF

mem[X,0x00000000800015BC] -> 0x4EB7
mem[X,0x00000000800015BE] -> 0x0000
[1396] [M]: 0x00000000800015BC (0x00004EB7) lui t4, 0x4
x29 <- 0x0000000000004000

mem[X,0x00000000800015C0] -> 0x8E93
mem[X,0x00000000800015C2] -> 0xFFFE
[1397] [M]: 0x00000000800015C0 (0xFFFE8E93) addi t4, t4, -0x1
x29 <- 0x0000000000003FFF

mem[X,0x00000000800015C4] -> 0x9E93
mem[X,0x00000000800015C6] -> 0x00BE
[1398] [M]: 0x00000000800015C4 (0x00BE9E93) slli t4, t4, 0xb
x29 <- 0x0000000001FFF800

mem[X,0x00000000800015C8] -> 0x8E93
mem[X,0x00000000800015CA] -> 0x020E
[1399] [M]: 0x00000000800015C8 (0x020E8E93) addi t4, t4, 0x20
x29 <- 0x0000000001FFF820

clint::tick mtime <- 0x000000000000000E
 clint timer pending at mtime 0x000000000000000E
htif::tick 0x0000000000000000
mem[X,0x00000000800015CC] -> 0x9E93
mem[X,0x00000000800015CE] -> 0x00BE
[1400] [M]: 0x00000000800015CC (0x00BE9E93) slli t4, t4, 0xb
x29 <- 0x0000000FFFC10000

mem[X,0x00000000800015D0] -> 0x8E93
mem[X,0x00000000800015D2] -> 0x03FE
[1401] [M]: 0x00000000800015D0 (0x03FE8E93) addi t4, t4, 0x3f
x29 <- 0x0000000FFFC1003F

mem[X,0x00000000800015D4] -> 0x9E93
mem[X,0x00000000800015D6] -> 0x00AE
[1402] [M]: 0x00000000800015D4 (0x00AE9E93) slli t4, t4, 0xa
x29 <- 0x00003FFF0400FC00

mem[X,0x00000000800015D8] -> 0x8E93
mem[X,0x00000000800015DA] -> 0x37FE
[1403] [M]: 0x00000000800015D8 (0x37FE8E93) addi t4, t4, 0x37f
x29 <- 0x00003FFF0400FF7F

mem[X,0x00000000800015DC] -> 0x7FBB
mem[X,0x00000000800015DE] -> 0x89DF
[1404] [M]: 0x00000000800015DC (0x89DF7FBB) pmhacc.h t6, t5, t4
x31 <- 0xD1F8AB4ECDFE6EF0

mem[X,0x00000000800015E0] -> 0xBC23
mem[X,0x00000000800015E2] -> 0x15F0
[1405] [M]: 0x00000000800015E0 (0x15F0BC23) sd t6, 0x158(ra)
mem[0x0000000080004350] <- 0xD1F8AB4ECDFE6EF0

mem[X,0x00000000800015E4] -> 0x1F37
mem[X,0x00000000800015E6] -> 0x0005
[1406] [M]: 0x00000000800015E4 (0x00051F37) lui t5, 0x51
x30 <- 0x0000000000051000

mem[X,0x00000000800015E8] -> 0x0F13
mem[X,0x00000000800015EA] -> 0x800F
[1407] [M]: 0x00000000800015E8 (0x800F0F13) addi t5, t5, -0x800
x30 <- 0x0000000000050800

mem[X,0x00000000800015EC] -> 0x1F13
mem[X,0x00000000800015EE] -> 0x00BF
[1408] [M]: 0x00000000800015EC (0x00BF1F13) slli t5, t5, 0xb
x30 <- 0x0000000028400000

mem[X,0x00000000800015F0] -> 0x0F13
mem[X,0x00000000800015F2] -> 0x5FFF
[1409] [M]: 0x00000000800015F0 (0x5FFF0F13) addi t5, t5, 0x5ff
x30 <- 0x00000000284005FF

mem[X,0x00000000800015F4] -> 0x1F13
mem[X,0x00000000800015F6] -> 0x00BF
[1410] [M]: 0x00000000800015F4 (0x00BF1F13) slli t5, t5, 0xb
x30 <- 0x00000142002FF800

mem[X,0x00000000800015F8] -> 0x0F13
mem[X,0x00000000800015FA] -> 0x7C0F
[1411] [M]: 0x00000000800015F8 (0x7C0F0F13) addi t5, t5, 0x7c0
x30 <- 0x00000142002FFFC0

mem[X,0x00000000800015FC] -> 0x1F13
mem[X,0x00000000800015FE] -> 0x00AF
[1412] [M]: 0x00000000800015FC (0x00AF1F13) slli t5, t5, 0xa
x30 <- 0x00050800BFFF0000

mem[X,0x0000000080001600] -> 0x0F13
mem[X,0x0000000080001602] -> 0x020F
[1413] [M]: 0x0000000080001600 (0x020F0F13) addi t5, t5, 0x20
x30 <- 0x00050800BFFF0020

mem[X,0x0000000080001604] -> 0xEEB7
mem[X,0x0000000080001606] -> 0x8000
[1414] [M]: 0x0000000080001604 (0x8000EEB7) lui t4, -0x7fff2
x29 <- 0xFFFFFFFF8000E000

mem[X,0x0000000080001608] -> 0x8E93
mem[X,0x000000008000160A] -> 0xFFFE
[1415] [M]: 0x0000000080001608 (0xFFFE8E93) addi t4, t4, -0x1
x29 <- 0xFFFFFFFF8000DFFF

mem[X,0x000000008000160C] -> 0x9E93
mem[X,0x000000008000160E] -> 0x00BE
[1416] [M]: 0x000000008000160C (0x00BE9E93) slli t4, t4, 0xb
x29 <- 0xFFFFFC0006FFF800

mem[X,0x0000000080001610] -> 0x8E93
mem[X,0x0000000080001612] -> 0x3FFE
[1417] [M]: 0x0000000080001610 (0x3FFE8E93) addi t4, t4, 0x3ff
x29 <- 0xFFFFFC0006FFFBFF

mem[X,0x0000000080001614] -> 0x9E93
mem[X,0x0000000080001616] -> 0x00BE
[1418] [M]: 0x0000000080001614 (0x00BE9E93) slli t4, t4, 0xb
x29 <- 0xFFE00037FFDFF800

mem[X,0x0000000080001618] -> 0x8E93
mem[X,0x000000008000161A] -> 0x7FFE
[1419] [M]: 0x0000000080001618 (0x7FFE8E93) addi t4, t4, 0x7ff
x29 <- 0xFFE00037FFDFFFFF

mem[X,0x000000008000161C] -> 0x9E93
mem[X,0x000000008000161E] -> 0x00AE
[1420] [M]: 0x000000008000161C (0x00AE9E93) slli t4, t4, 0xa
x29 <- 0x8000DFFF7FFFFC00

mem[X,0x0000000080001620] -> 0x8E93
mem[X,0x0000000080001622] -> 0x1FFE
[1421] [M]: 0x0000000080001620 (0x1FFE8E93) addi t4, t4, 0x1ff
x29 <- 0x8000DFFF7FFFFDFF

mem[X,0x0000000080001624] -> 0x7FBB
mem[X,0x0000000080001626] -> 0x89DF
[1422] [M]: 0x0000000080001624 (0x89DF7FBB) pmhacc.h t6, t5, t4
x31 <- 0xD1F5AA4DADFD6EEF

mem[X,0x0000000080001628] -> 0xB023
mem[X,0x000000008000162A] -> 0x17F0
[1423] [M]: 0x0000000080001628 (0x17F0B023) sd t6, 0x160(ra)
mem[0x0000000080004358] <- 0xD1F5AA4DADFD6EEF

mem[X,0x000000008000162C] -> 0x0F37
mem[X,0x000000008000162E] -> 0xEFFF
[1424] [M]: 0x000000008000162C (0xEFFF0F37) lui t5, -0x10010
x30 <- 0xFFFFFFFFEFFF0000

mem[X,0x0000000080001630] -> 0x0F13
mem[X,0x0000000080001632] -> 0x040F
[1425] [M]: 0x0000000080001630 (0x040F0F13) addi t5, t5, 0x40
x30 <- 0xFFFFFFFFEFFF0040

mem[X,0x0000000080001634] -> 0x1F13
mem[X,0x0000000080001636] -> 0x00BF
[1426] [M]: 0x0000000080001634 (0x00BF1F13) slli t5, t5, 0xb
x30 <- 0xFFFFFF7FF8020000

mem[X,0x0000000080001638] -> 0x0F13
mem[X,0x000000008000163A] -> 0x002F
[1427] [M]: 0x0000000080001638 (0x002F0F13) addi t5, t5, 0x2
x30 <- 0xFFFFFF7FF8020002

mem[X,0x000000008000163C] -> 0x1F13
mem[X,0x000000008000163E] -> 0x00BF
[1428] [M]: 0x000000008000163C (0x00BF1F13) slli t5, t5, 0xb
x30 <- 0xFFFBFFC010001000

mem[X,0x0000000080001640] -> 0x0F13
mem[X,0x0000000080001642] -> 0x03FF
[1429] [M]: 0x0000000080001640 (0x03FF0F13) addi t5, t5, 0x3f
x30 <- 0xFFFBFFC01000103F

mem[X,0x0000000080001644] -> 0x1F13
mem[X,0x0000000080001646] -> 0x00AF
[1430] [M]: 0x0000000080001644 (0x00AF1F13) slli t5, t5, 0xa
x30 <- 0xEFFF00400040FC00

mem[X,0x0000000080001648] -> 0x0F13
mem[X,0x000000008000164A] -> 0x3FAF
[1431] [M]: 0x0000000080001648 (0x3FAF0F13) addi t5, t5, 0x3fa
x30 <- 0xEFFF00400040FFFA

mem[X,0x000000008000164C] -> 0x2EB7
mem[X,0x000000008000164E] -> 0xFBFF
[1432] [M]: 0x000000008000164C (0xFBFF2EB7) lui t4, -0x400e
x29 <- 0xFFFFFFFFFBFF2000

mem[X,0x0000000080001650] -> 0x8E93
mem[X,0x0000000080001652] -> 0x000E
[1433] [M]: 0x0000000080001650 (0x000E8E93) addi t4, t4, 0x0
x29 <- 0xFFFFFFFFFBFF2000

mem[X,0x0000000080001654] -> 0x9E93
mem[X,0x0000000080001656] -> 0x00BE
[1434] [M]: 0x0000000080001654 (0x00BE9E93) slli t4, t4, 0xb
x29 <- 0xFFFFFFDFF9000000

mem[X,0x0000000080001658] -> 0x8E93
mem[X,0x000000008000165A] -> 0x008E
[1435] [M]: 0x0000000080001658 (0x008E8E93) addi t4, t4, 0x8
x29 <- 0xFFFFFFDFF9000008

mem[X,0x000000008000165C] -> 0x9E93
mem[X,0x000000008000165E] -> 0x00BE
[1436] [M]: 0x000000008000165C (0x00BE9E93) slli t4, t4, 0xb
x29 <- 0xFFFEFFC800004000

mem[X,0x0000000080001660] -> 0x8E93
mem[X,0x0000000080001662] -> 0x03DE
[1437] [M]: 0x0000000080001660 (0x03DE8E93) addi t4, t4, 0x3d
x29 <- 0xFFFEFFC80000403D

mem[X,0x0000000080001664] -> 0x9E93
mem[X,0x0000000080001666] -> 0x00AE
[1438] [M]: 0x0000000080001664 (0x00AE9E93) slli t4, t4, 0xa
x29 <- 0xFBFF20000100F400

mem[X,0x0000000080001668] -> 0x8E93
mem[X,0x000000008000166A] -> 0x3FFE
[1439] [M]: 0x0000000080001668 (0x3FFE8E93) addi t4, t4, 0x3ff
x29 <- 0xFBFF20000100F7FF

mem[X,0x000000008000166C] -> 0x7FBB
mem[X,0x000000008000166E] -> 0x89DF
[1440] [M]: 0x000000008000166C (0x89DF7FBB) pmhacc.h t6, t5, t4
x31 <- 0xD235AA55ADFD6EEF

mem[X,0x0000000080001670] -> 0xB423
mem[X,0x0000000080001672] -> 0x17F0
[1441] [M]: 0x0000000080001670 (0x17F0B423) sd t6, 0x168(ra)
mem[0x0000000080004360] <- 0xD235AA55ADFD6EEF

mem[X,0x0000000080001674] -> 0xCF37
mem[X,0x0000000080001676] -> 0xFFFC
[1442] [M]: 0x0000000080001674 (0xFFFCCF37) lui t5, -0x34
x30 <- 0xFFFFFFFFFFFCC000

mem[X,0x0000000080001678] -> 0x0F13
mem[X,0x000000008000167A] -> 0xFFFF
[1443] [M]: 0x0000000080001678 (0xFFFF0F13) addi t5, t5, -0x1
x30 <- 0xFFFFFFFFFFFCBFFF

mem[X,0x000000008000167C] -> 0x1F13
mem[X,0x000000008000167E] -> 0x00BF
[1444] [M]: 0x000000008000167C (0x00BF1F13) slli t5, t5, 0xb
x30 <- 0xFFFFFFFFE5FFF800

mem[X,0x0000000080001680] -> 0x0F13
mem[X,0x0000000080001682] -> 0x040F
[1445] [M]: 0x0000000080001680 (0x040F0F13) addi t5, t5, 0x40
x30 <- 0xFFFFFFFFE5FFF840

mem[X,0x0000000080001684] -> 0x1F13
mem[X,0x0000000080001686] -> 0x00BF
[1446] [M]: 0x0000000080001684 (0x00BF1F13) slli t5, t5, 0xb
x30 <- 0xFFFFFF2FFFC20000

mem[X,0x0000000080001688] -> 0x0F13
mem[X,0x000000008000168A] -> 0x000F
[1447] [M]: 0x0000000080001688 (0x000F0F13) addi t5, t5, 0x0
x30 <- 0xFFFFFF2FFFC20000

mem[X,0x000000008000168C] -> 0x1F13
mem[X,0x000000008000168E] -> 0x00AF
[1448] [M]: 0x000000008000168C (0x00AF1F13) slli t5, t5, 0xa
x30 <- 0xFFFCBFFF08000000

mem[X,0x0000000080001690] -> 0x0F13
mem[X,0x0000000080001692] -> 0x020F
[1449] [M]: 0x0000000080001690 (0x020F0F13) addi t5, t5, 0x20
x30 <- 0xFFFCBFFF08000020

mem[X,0x0000000080001694] -> 0x0EB7
mem[X,0x0000000080001696] -> 0xFFFC
[1450] [M]: 0x0000000080001694 (0xFFFC0EB7) lui t4, -0x40
x29 <- 0xFFFFFFFFFFFC0000

mem[X,0x0000000080001698] -> 0x8E93
mem[X,0x000000008000169A] -> 0x080E
[1451] [M]: 0x0000000080001698 (0x080E8E93) addi t4, t4, 0x80
x29 <- 0xFFFFFFFFFFFC0080

mem[X,0x000000008000169C] -> 0x9E93
mem[X,0x000000008000169E] -> 0x00BE
[1452] [M]: 0x000000008000169C (0x00BE9E93) slli t4, t4, 0xb
x29 <- 0xFFFFFFFFE0040000

mem[X,0x00000000800016A0] -> 0x8E93
mem[X,0x00000000800016A2] -> 0x001E
[1453] [M]: 0x00000000800016A0 (0x001E8E93) addi t4, t4, 0x1
x29 <- 0xFFFFFFFFE0040001

mem[X,0x00000000800016A4] -> 0x9E93
mem[X,0x00000000800016A6] -> 0x00BE
[1454] [M]: 0x00000000800016A4 (0x00BE9E93) slli t4, t4, 0xb
x29 <- 0xFFFFFF0020000800

mem[X,0x00000000800016A8] -> 0x8E93
mem[X,0x00000000800016AA] -> 0x000E
[1455] [M]: 0x00000000800016A8 (0x000E8E93) addi t4, t4, 0x0
x29 <- 0xFFFFFF0020000800

mem[X,0x00000000800016AC] -> 0x9E93
mem[X,0x00000000800016AE] -> 0x00AE
[1456] [M]: 0x00000000800016AC (0x00AE9E93) slli t4, t4, 0xa
x29 <- 0xFFFC008000200000

mem[X,0x00000000800016B0] -> 0x8E93
mem[X,0x00000000800016B2] -> 0x080E
[1457] [M]: 0x00000000800016B0 (0x080E8E93) addi t4, t4, 0x80
x29 <- 0xFFFC008000200080

mem[X,0x00000000800016B4] -> 0x7FBB
mem[X,0x00000000800016B6] -> 0x89DF
[1458] [M]: 0x00000000800016B4 (0x89DF7FBB) pmhacc.h t6, t5, t4
x31 <- 0xD235AA34ADFE6EEF

mem[X,0x00000000800016B8] -> 0xB823
mem[X,0x00000000800016BA] -> 0x17F0
[1459] [M]: 0x00000000800016B8 (0x17F0B823) sd t6, 0x170(ra)
mem[0x0000000080004368] <- 0xD235AA34ADFE6EEF

mem[X,0x00000000800016BC] -> 0x5F37
mem[X,0x00000000800016BE] -> 0x0010
[1460] [M]: 0x00000000800016BC (0x00105F37) lui t5, 0x105
x30 <- 0x0000000000105000

mem[X,0x00000000800016C0] -> 0x0F13
mem[X,0x00000000800016C2] -> 0x555F
[1461] [M]: 0x00000000800016C0 (0x555F0F13) addi t5, t5, 0x555
x30 <- 0x0000000000105555

mem[X,0x00000000800016C4] -> 0x1F13
mem[X,0x00000000800016C6] -> 0x00BF
[1462] [M]: 0x00000000800016C4 (0x00BF1F13) slli t5, t5, 0xb
x30 <- 0x0000000082AAA800

mem[X,0x00000000800016C8] -> 0x0F13
mem[X,0x00000000800016CA] -> 0x77FF
[1463] [M]: 0x00000000800016C8 (0x77FF0F13) addi t5, t5, 0x77f
x30 <- 0x0000000082AAAF7F

mem[X,0x00000000800016CC] -> 0x1F13
mem[X,0x00000000800016CE] -> 0x00BF
[1464] [M]: 0x00000000800016CC (0x00BF1F13) slli t5, t5, 0xb
x30 <- 0x00000415557BF800

mem[X,0x00000000800016D0] -> 0x0F13
mem[X,0x00000000800016D2] -> 0x7D0F
[1465] [M]: 0x00000000800016D0 (0x7D0F0F13) addi t5, t5, 0x7d0
x30 <- 0x00000415557BFFD0

mem[X,0x00000000800016D4] -> 0x1F13
mem[X,0x00000000800016D6] -> 0x00AF
[1466] [M]: 0x00000000800016D4 (0x00AF1F13) slli t5, t5, 0xa
x30 <- 0x00105555EFFF4000

mem[X,0x00000000800016D8] -> 0x2EB7
mem[X,0x00000000800016DA] -> 0x0400
[1467] [M]: 0x00000000800016D8 (0x04002EB7) lui t4, 0x4002
x29 <- 0x0000000004002000

mem[X,0x00000000800016DC] -> 0x8E93
mem[X,0x00000000800016DE] -> 0x000E
[1468] [M]: 0x00000000800016DC (0x000E8E93) addi t4, t4, 0x0
x29 <- 0x0000000004002000

mem[X,0x00000000800016E0] -> 0x9E93
mem[X,0x00000000800016E2] -> 0x00BE
[1469] [M]: 0x00000000800016E0 (0x00BE9E93) slli t4, t4, 0xb
x29 <- 0x0000002001000000

mem[X,0x00000000800016E4] -> 0x8E93
mem[X,0x00000000800016E6] -> 0x000E
[1470] [M]: 0x00000000800016E4 (0x000E8E93) addi t4, t4, 0x0
x29 <- 0x0000002001000000

mem[X,0x00000000800016E8] -> 0x9E93
mem[X,0x00000000800016EA] -> 0x00BE
[1471] [M]: 0x00000000800016E8 (0x00BE9E93) slli t4, t4, 0xb
x29 <- 0x0001000800000000

mem[X,0x00000000800016EC] -> 0x8E93
mem[X,0x00000000800016EE] -> 0x03FE
[1472] [M]: 0x00000000800016EC (0x03FE8E93) addi t4, t4, 0x3f
x29 <- 0x000100080000003F

mem[X,0x00000000800016F0] -> 0x9E93
mem[X,0x00000000800016F2] -> 0x00AE
[1473] [M]: 0x00000000800016F0 (0x00AE9E93) slli t4, t4, 0xa
x29 <- 0x040020000000FC00

mem[X,0x00000000800016F4] -> 0x8E93
mem[X,0x00000000800016F6] -> 0x3FFE
[1474] [M]: 0x00000000800016F4 (0x3FFE8E93) addi t4, t4, 0x3ff
x29 <- 0x040020000000FFFF

mem[X,0x00000000800016F8] -> 0x7FBB
mem[X,0x00000000800016FA] -> 0x89DF
[1475] [M]: 0x00000000800016F8 (0x89DF7FBB) pmhacc.h t6, t5, t4
x31 <- 0xD235B4DEADFE6EEE

mem[X,0x00000000800016FC] -> 0xBC23
mem[X,0x00000000800016FE] -> 0x17F0
[1476] [M]: 0x00000000800016FC (0x17F0BC23) sd t6, 0x178(ra)
mem[0x0000000080004370] <- 0xD235B4DEADFE6EEE

mem[X,0x0000000080001700] -> 0x0F37
mem[X,0x0000000080001702] -> 0x0009
[1477] [M]: 0x0000000080001700 (0x00090F37) lui t5, 0x90
x30 <- 0x0000000000090000

mem[X,0x0000000080001704] -> 0x0F13
mem[X,0x0000000080001706] -> 0x006F
[1478] [M]: 0x0000000080001704 (0x006F0F13) addi t5, t5, 0x6
x30 <- 0x0000000000090006

mem[X,0x0000000080001708] -> 0x1F13
mem[X,0x000000008000170A] -> 0x00BF
[1479] [M]: 0x0000000080001708 (0x00BF1F13) slli t5, t5, 0xb
x30 <- 0x0000000048003000

mem[X,0x000000008000170C] -> 0x0F13
mem[X,0x000000008000170E] -> 0x7EFF
[1480] [M]: 0x000000008000170C (0x7EFF0F13) addi t5, t5, 0x7ef
x30 <- 0x00000000480037EF

mem[X,0x0000000080001710] -> 0x1F13
mem[X,0x0000000080001712] -> 0x00BF
[1481] [M]: 0x0000000080001710 (0x00BF1F13) slli t5, t5, 0xb
x30 <- 0x0000024001BF7800

mem[X,0x0000000080001714] -> 0x0F13
mem[X,0x0000000080001716] -> 0x7FBF
[1482] [M]: 0x0000000080001714 (0x7FBF0F13) addi t5, t5, 0x7fb
x30 <- 0x0000024001BF7FFB

mem[X,0x0000000080001718] -> 0x1F13
mem[X,0x000000008000171A] -> 0x00AF
[1483] [M]: 0x0000000080001718 (0x00AF1F13) slli t5, t5, 0xa
x30 <- 0x00090006FDFFEC00

mem[X,0x000000008000171C] -> 0x0F13
mem[X,0x000000008000171E] -> 0x3FFF
[1484] [M]: 0x000000008000171C (0x3FFF0F13) addi t5, t5, 0x3ff
x30 <- 0x00090006FDFFEFFF

mem[X,0x0000000080001720] -> 0xBEB7
mem[X,0x0000000080001722] -> 0xFFFF
[1485] [M]: 0x0000000080001720 (0xFFFFBEB7) lui t4, -0x5
x29 <- 0xFFFFFFFFFFFFB000

mem[X,0x0000000080001724] -> 0x8E93
mem[X,0x0000000080001726] -> 0xAAAE
[1486] [M]: 0x0000000080001724 (0xAAAE8E93) addi t4, t4, -0x556
x29 <- 0xFFFFFFFFFFFFAAAA

mem[X,0x0000000080001728] -> 0x9E93
mem[X,0x000000008000172A] -> 0x00BE
[1487] [M]: 0x0000000080001728 (0x00BE9E93) slli t4, t4, 0xb
x29 <- 0xFFFFFFFFFD555000

mem[X,0x000000008000172C] -> 0x8E93
mem[X,0x000000008000172E] -> 0x7FFE
[1488] [M]: 0x000000008000172C (0x7FFE8E93) addi t4, t4, 0x7ff
x29 <- 0xFFFFFFFFFD5557FF

mem[X,0x0000000080001730] -> 0x9E93
mem[X,0x0000000080001732] -> 0x00BE
[1489] [M]: 0x0000000080001730 (0x00BE9E93) slli t4, t4, 0xb
x29 <- 0xFFFFFFEAAABFF800

mem[X,0x0000000080001734] -> 0x8E93
mem[X,0x0000000080001736] -> 0x708E
[1490] [M]: 0x0000000080001734 (0x708E8E93) addi t4, t4, 0x708
x29 <- 0xFFFFFFEAAABFFF08

mem[X,0x0000000080001738] -> 0x9E93
mem[X,0x000000008000173A] -> 0x00AE
[1491] [M]: 0x0000000080001738 (0x00AE9E93) slli t4, t4, 0xa
x29 <- 0xFFFFAAAAFFFC2000

mem[X,0x000000008000173C] -> 0x7FBB
mem[X,0x000000008000173E] -> 0x89DF
[1492] [M]: 0x000000008000173C (0x89DF7FBB) pmhacc.h t6, t5, t4
x31 <- 0xD234B4DBADFE6CED

mem[X,0x0000000080001740] -> 0xB023
mem[X,0x0000000080001742] -> 0x19F0
[1493] [M]: 0x0000000080001740 (0x19F0B023) sd t6, 0x180(ra)
mem[0x0000000080004378] <- 0xD234B4DBADFE6CED

mem[X,0x0000000080001744] -> 0x4F37
mem[X,0x0000000080001746] -> 0xFFFA
[1494] [M]: 0x0000000080001744 (0xFFFA4F37) lui t5, -0x5c
x30 <- 0xFFFFFFFFFFFA4000

mem[X,0x0000000080001748] -> 0x0F13
mem[X,0x000000008000174A] -> 0x000F
[1495] [M]: 0x0000000080001748 (0x000F0F13) addi t5, t5, 0x0
x30 <- 0xFFFFFFFFFFFA4000

mem[X,0x000000008000174C] -> 0x1F13
mem[X,0x000000008000174E] -> 0x00BF
[1496] [M]: 0x000000008000174C (0x00BF1F13) slli t5, t5, 0xb
x30 <- 0xFFFFFFFFD2000000

mem[X,0x0000000080001750] -> 0x0F13
mem[X,0x0000000080001752] -> 0x7BFF
[1497] [M]: 0x0000000080001750 (0x7BFF0F13) addi t5, t5, 0x7bf
x30 <- 0xFFFFFFFFD20007BF

mem[X,0x0000000080001754] -> 0x1F13
mem[X,0x0000000080001756] -> 0x00BF
[1498] [M]: 0x0000000080001754 (0x00BF1F13) slli t5, t5, 0xb
x30 <- 0xFFFFFE90003DF800

mem[X,0x0000000080001758] -> 0x0F13
mem[X,0x000000008000175A] -> 0x7FFF
[1499] [M]: 0x0000000080001758 (0x7FFF0F13) addi t5, t5, 0x7ff
x30 <- 0xFFFFFE90003DFFFF

clint::tick mtime <- 0x000000000000000F
 clint timer pending at mtime 0x000000000000000F
htif::tick 0x0000000000000000
mem[X,0x000000008000175C] -> 0x1F13
mem[X,0x000000008000175E] -> 0x00AF
[1500] [M]: 0x000000008000175C (0x00AF1F13) slli t5, t5, 0xa
x30 <- 0xFFFA4000F7FFFC00

mem[X,0x0000000080001760] -> 0x0F13
mem[X,0x0000000080001762] -> 0x3F9F
[1501] [M]: 0x0000000080001760 (0x3F9F0F13) addi t5, t5, 0x3f9
x30 <- 0xFFFA4000F7FFFFF9

mem[X,0x0000000080001764] -> 0x0EB7
mem[X,0x0000000080001766] -> 0x8000
[1502] [M]: 0x0000000080001764 (0x80000EB7) lui t4, -0x80000
x29 <- 0xFFFFFFFF80000000

mem[X,0x0000000080001768] -> 0x8E93
mem[X,0x000000008000176A] -> 0xFFBE
[1503] [M]: 0x0000000080001768 (0xFFBE8E93) addi t4, t4, -0x5
x29 <- 0xFFFFFFFF7FFFFFFB

mem[X,0x000000008000176C] -> 0x9E93
mem[X,0x000000008000176E] -> 0x00BE
[1504] [M]: 0x000000008000176C (0x00BE9E93) slli t4, t4, 0xb
x29 <- 0xFFFFFBFFFFFFD800

mem[X,0x0000000080001770] -> 0x8E93
mem[X,0x0000000080001772] -> 0x000E
[1505] [M]: 0x0000000080001770 (0x000E8E93) addi t4, t4, 0x0
x29 <- 0xFFFFFBFFFFFFD800

mem[X,0x0000000080001774] -> 0x9E93
mem[X,0x0000000080001776] -> 0x00BE
[1506] [M]: 0x0000000080001774 (0x00BE9E93) slli t4, t4, 0xb
x29 <- 0xFFDFFFFFFEC00000

mem[X,0x0000000080001778] -> 0x8E93
mem[X,0x000000008000177A] -> 0x0FFE
[1507] [M]: 0x0000000080001778 (0x0FFE8E93) addi t4, t4, 0xff
x29 <- 0xFFDFFFFFFEC000FF

mem[X,0x000000008000177C] -> 0x9E93
mem[X,0x000000008000177E] -> 0x00AE
[1508] [M]: 0x000000008000177C (0x00AE9E93) slli t4, t4, 0xa
x29 <- 0x7FFFFFFB0003FC00

mem[X,0x0000000080001780] -> 0x8E93
mem[X,0x0000000080001782] -> 0x3EFE
[1509] [M]: 0x0000000080001780 (0x3EFE8E93) addi t4, t4, 0x3ef
x29 <- 0x7FFFFFFB0003FFEF

mem[X,0x0000000080001784] -> 0x7FBB
mem[X,0x0000000080001786] -> 0x89DF
[1510] [M]: 0x0000000080001784 (0x89DF7FBB) pmhacc.h t6, t5, t4
x31 <- 0xD231B4D9ADFD6CED

mem[X,0x0000000080001788] -> 0xB423
mem[X,0x000000008000178A] -> 0x19F0
[1511] [M]: 0x0000000080001788 (0x19F0B423) sd t6, 0x188(ra)
mem[0x0000000080004380] <- 0xD231B4D9ADFD6CED

mem[X,0x000000008000178C] -> 0x0F37
mem[X,0x000000008000178E] -> 0xFFEF
[1512] [M]: 0x000000008000178C (0xFFEF0F37) lui t5, -0x110
x30 <- 0xFFFFFFFFFFEF0000

mem[X,0x0000000080001790] -> 0x0F13
mem[X,0x0000000080001792] -> 0x001F
[1513] [M]: 0x0000000080001790 (0x001F0F13) addi t5, t5, 0x1
x30 <- 0xFFFFFFFFFFEF0001

mem[X,0x0000000080001794] -> 0x1F13
mem[X,0x0000000080001796] -> 0x00BF
[1514] [M]: 0x0000000080001794 (0x00BF1F13) slli t5, t5, 0xb
x30 <- 0xFFFFFFFF78000800

mem[X,0x0000000080001798] -> 0x0F13
mem[X,0x000000008000179A] -> 0x7FFF
[1515] [M]: 0x0000000080001798 (0x7FFF0F13) addi t5, t5, 0x7ff
x30 <- 0xFFFFFFFF78000FFF

mem[X,0x000000008000179C] -> 0x1F13
mem[X,0x000000008000179E] -> 0x00BF
[1516] [M]: 0x000000008000179C (0x00BF1F13) slli t5, t5, 0xb
x30 <- 0xFFFFFBC0007FF800

mem[X,0x00000000800017A0] -> 0x0F13
mem[X,0x00000000800017A2] -> 0x5BFF
[1517] [M]: 0x00000000800017A0 (0x5BFF0F13) addi t5, t5, 0x5bf
x30 <- 0xFFFFFBC0007FFDBF

mem[X,0x00000000800017A4] -> 0x1F13
mem[X,0x00000000800017A6] -> 0x00AF
[1518] [M]: 0x00000000800017A4 (0x00AF1F13) slli t5, t5, 0xa
x30 <- 0xFFEF0001FFF6FC00

mem[X,0x00000000800017A8] -> 0x0F13
mem[X,0x00000000800017AA] -> 0x3BFF
[1519] [M]: 0x00000000800017A8 (0x3BFF0F13) addi t5, t5, 0x3bf
x30 <- 0xFFEF0001FFF6FFBF

mem[X,0x00000000800017AC] -> 0x0EB7
mem[X,0x00000000800017AE] -> 0xEFFF
[1520] [M]: 0x00000000800017AC (0xEFFF0EB7) lui t4, -0x10010
x29 <- 0xFFFFFFFFEFFF0000

mem[X,0x00000000800017B0] -> 0x8E93
mem[X,0x00000000800017B2] -> 0x200E
[1521] [M]: 0x00000000800017B0 (0x200E8E93) addi t4, t4, 0x200
x29 <- 0xFFFFFFFFEFFF0200

mem[X,0x00000000800017B4] -> 0x9E93
mem[X,0x00000000800017B6] -> 0x00BE
[1522] [M]: 0x00000000800017B4 (0x00BE9E93) slli t4, t4, 0xb
x29 <- 0xFFFFFF7FF8100000

mem[X,0x00000000800017B8] -> 0x8E93
mem[X,0x00000000800017BA] -> 0x080E
[1523] [M]: 0x00000000800017B8 (0x080E8E93) addi t4, t4, 0x80
x29 <- 0xFFFFFF7FF8100080

mem[X,0x00000000800017BC] -> 0x9E93
mem[X,0x00000000800017BE] -> 0x00BE
[1524] [M]: 0x00000000800017BC (0x00BE9E93) slli t4, t4, 0xb
x29 <- 0xFFFBFFC080040000

mem[X,0x00000000800017C0] -> 0x8E93
mem[X,0x00000000800017C2] -> 0x03FE
[1525] [M]: 0x00000000800017C0 (0x03FE8E93) addi t4, t4, 0x3f
x29 <- 0xFFFBFFC08004003F

mem[X,0x00000000800017C4] -> 0x9E93
mem[X,0x00000000800017C6] -> 0x00AE
[1526] [M]: 0x00000000800017C4 (0x00AE9E93) slli t4, t4, 0xa
x29 <- 0xEFFF02001000FC00

mem[X,0x00000000800017C8] -> 0x8E93
mem[X,0x00000000800017CA] -> 0x3DFE
[1527] [M]: 0x00000000800017C8 (0x3DFE8E93) addi t4, t4, 0x3df
x29 <- 0xEFFF02001000FFDF

mem[X,0x00000000800017CC] -> 0x7FBB
mem[X,0x00000000800017CE] -> 0x89DF
[1528] [M]: 0x00000000800017CC (0x89DF7FBB) pmhacc.h t6, t5, t4
x31 <- 0xD232B4D9ADFC6CED

mem[X,0x00000000800017D0] -> 0xB823
mem[X,0x00000000800017D2] -> 0x19F0
[1529] [M]: 0x00000000800017D0 (0x19F0B823) sd t6, 0x190(ra)
mem[0x0000000080004388] <- 0xD232B4D9ADFC6CED

mem[X,0x00000000800017D4] -> 0x0F37
mem[X,0x00000000800017D6] -> 0x0020
[1530] [M]: 0x00000000800017D4 (0x00200F37) lui t5, 0x200
x30 <- 0x0000000000200000

mem[X,0x00000000800017D8] -> 0x0F13
mem[X,0x00000000800017DA] -> 0x008F
[1531] [M]: 0x00000000800017D8 (0x008F0F13) addi t5, t5, 0x8
x30 <- 0x0000000000200008

mem[X,0x00000000800017DC] -> 0x1F13
mem[X,0x00000000800017DE] -> 0x00BF
[1532] [M]: 0x00000000800017DC (0x00BF1F13) slli t5, t5, 0xb
x30 <- 0x0000000100004000

mem[X,0x00000000800017E0] -> 0x0F13
mem[X,0x00000000800017E2] -> 0x7FFF
[1533] [M]: 0x00000000800017E0 (0x7FFF0F13) addi t5, t5, 0x7ff
x30 <- 0x00000001000047FF

mem[X,0x00000000800017E4] -> 0x1F13
mem[X,0x00000000800017E6] -> 0x00BF
[1534] [M]: 0x00000000800017E4 (0x00BF1F13) slli t5, t5, 0xb
x30 <- 0x00000800023FF800

mem[X,0x00000000800017E8] -> 0x0F13
mem[X,0x00000000800017EA] -> 0x3FFF
[1535] [M]: 0x00000000800017E8 (0x3FFF0F13) addi t5, t5, 0x3ff
x30 <- 0x00000800023FFBFF

mem[X,0x00000000800017EC] -> 0x1F13
mem[X,0x00000000800017EE] -> 0x00AF
[1536] [M]: 0x00000000800017EC (0x00AF1F13) slli t5, t5, 0xa
x30 <- 0x00200008FFEFFC00

mem[X,0x00000000800017F0] -> 0x0F13
mem[X,0x00000000800017F2] -> 0x3DFF
[1537] [M]: 0x00000000800017F0 (0x3DFF0F13) addi t5, t5, 0x3df
x30 <- 0x00200008FFEFFFDF

mem[X,0x00000000800017F4] -> 0xEEB7
mem[X,0x00000000800017F6] -> 0xFFEF
[1538] [M]: 0x00000000800017F4 (0xFFEFEEB7) lui t4, -0x102
x29 <- 0xFFFFFFFFFFEFE000

mem[X,0x00000000800017F8] -> 0x8E93
mem[X,0x00000000800017FA] -> 0xFFFE
[1539] [M]: 0x00000000800017F8 (0xFFFE8E93) addi t4, t4, -0x1
x29 <- 0xFFFFFFFFFFEFDFFF

mem[X,0x00000000800017FC] -> 0x9E93
mem[X,0x00000000800017FE] -> 0x00BE
[1540] [M]: 0x00000000800017FC (0x00BE9E93) slli t4, t4, 0xb
x29 <- 0xFFFFFFFF7EFFF800

mem[X,0x0000000080001800] -> 0x8E93
mem[X,0x0000000080001802] -> 0x7FFE
[1541] [M]: 0x0000000080001800 (0x7FFE8E93) addi t4, t4, 0x7ff
x29 <- 0xFFFFFFFF7EFFFFFF

mem[X,0x0000000080001804] -> 0x9E93
mem[X,0x0000000080001806] -> 0x00BE
[1542] [M]: 0x0000000080001804 (0x00BE9E93) slli t4, t4, 0xb
x29 <- 0xFFFFFBF7FFFFF800

mem[X,0x0000000080001808] -> 0x8E93
mem[X,0x000000008000180A] -> 0x780E
[1543] [M]: 0x0000000080001808 (0x780E8E93) addi t4, t4, 0x780
x29 <- 0xFFFFFBF7FFFFFF80

mem[X,0x000000008000180C] -> 0x9E93
mem[X,0x000000008000180E] -> 0x00AE
[1544] [M]: 0x000000008000180C (0x00AE9E93) slli t4, t4, 0xa
x29 <- 0xFFEFDFFFFFFE0000

mem[X,0x0000000080001810] -> 0x8E93
mem[X,0x0000000080001812] -> 0x009E
[1545] [M]: 0x0000000080001810 (0x009E8E93) addi t4, t4, 0x9
x29 <- 0xFFEFDFFFFFFE0009

mem[X,0x0000000080001814] -> 0x7FBB
mem[X,0x0000000080001816] -> 0x89DF
[1546] [M]: 0x0000000080001814 (0x89DF7FBB) pmhacc.h t6, t5, t4
x31 <- 0xD231B4D7ADFC6CEC

mem[X,0x0000000080001818] -> 0xBC23
mem[X,0x000000008000181A] -> 0x19F0
[1547] [M]: 0x0000000080001818 (0x19F0BC23) sd t6, 0x198(ra)
mem[0x0000000080004390] <- 0xD231B4D7ADFC6CEC

mem[X,0x000000008000181C] -> 0x5F37
mem[X,0x000000008000181E] -> 0xAAAA
[1548] [M]: 0x000000008000181C (0xAAAA5F37) lui t5, -0x5555b
x30 <- 0xFFFFFFFFAAAA5000

mem[X,0x0000000080001820] -> 0x0F13
mem[X,0x0000000080001822] -> 0x555F
[1549] [M]: 0x0000000080001820 (0x555F0F13) addi t5, t5, 0x555
x30 <- 0xFFFFFFFFAAAA5555

mem[X,0x0000000080001824] -> 0x1F13
mem[X,0x0000000080001826] -> 0x00BF
[1550] [M]: 0x0000000080001824 (0x00BF1F13) slli t5, t5, 0xb
x30 <- 0xFFFFFD5552AAA800

mem[X,0x0000000080001828] -> 0x0F13
mem[X,0x000000008000182A] -> 0x77FF
[1551] [M]: 0x0000000080001828 (0x77FF0F13) addi t5, t5, 0x77f
x30 <- 0xFFFFFD5552AAAF7F

mem[X,0x000000008000182C] -> 0x1F13
mem[X,0x000000008000182E] -> 0x00BF
[1552] [M]: 0x000000008000182C (0x00BF1F13) slli t5, t5, 0xb
x30 <- 0xFFEAAA95557BF800

mem[X,0x0000000080001830] -> 0x0F13
mem[X,0x0000000080001832] -> 0x7D5F
[1553] [M]: 0x0000000080001830 (0x7D5F0F13) addi t5, t5, 0x7d5
x30 <- 0xFFEAAA95557BFFD5

mem[X,0x0000000080001834] -> 0x1F13
mem[X,0x0000000080001836] -> 0x00AF
[1554] [M]: 0x0000000080001834 (0x00AF1F13) slli t5, t5, 0xa
x30 <- 0xAAAA5555EFFF5400

mem[X,0x0000000080001838] -> 0x0F13
mem[X,0x000000008000183A] -> 0x155F
[1555] [M]: 0x0000000080001838 (0x155F0F13) addi t5, t5, 0x155
x30 <- 0xAAAA5555EFFF5555

mem[X,0x000000008000183C] -> 0x0EB7
mem[X,0x000000008000183E] -> 0x8000
[1556] [M]: 0x000000008000183C (0x80000EB7) lui t4, -0x80000
x29 <- 0xFFFFFFFF80000000

mem[X,0x0000000080001840] -> 0x8E93
mem[X,0x0000000080001842] -> 0x002E
[1557] [M]: 0x0000000080001840 (0x002E8E93) addi t4, t4, 0x2
x29 <- 0xFFFFFFFF80000002

mem[X,0x0000000080001844] -> 0x9E93
mem[X,0x0000000080001846] -> 0x00BE
[1558] [M]: 0x0000000080001844 (0x00BE9E93) slli t4, t4, 0xb
x29 <- 0xFFFFFC0000001000

mem[X,0x0000000080001848] -> 0x8E93
mem[X,0x000000008000184A] -> 0x7FFE
[1559] [M]: 0x0000000080001848 (0x7FFE8E93) addi t4, t4, 0x7ff
x29 <- 0xFFFFFC00000017FF

mem[X,0x000000008000184C] -> 0x9E93
mem[X,0x000000008000184E] -> 0x00BE
[1560] [M]: 0x000000008000184C (0x00BE9E93) slli t4, t4, 0xb
x29 <- 0xFFE0000000BFF800

mem[X,0x0000000080001850] -> 0x8E93
mem[X,0x0000000080001852] -> 0x6F7E
[1561] [M]: 0x0000000080001850 (0x6F7E8E93) addi t4, t4, 0x6f7
x29 <- 0xFFE0000000BFFEF7

mem[X,0x0000000080001854] -> 0x9E93
mem[X,0x0000000080001856] -> 0x00AE
[1562] [M]: 0x0000000080001854 (0x00AE9E93) slli t4, t4, 0xa
x29 <- 0x80000002FFFBDC00

mem[X,0x0000000080001858] -> 0x8E93
mem[X,0x000000008000185A] -> 0x3FFE
[1563] [M]: 0x0000000080001858 (0x3FFE8E93) addi t4, t4, 0x3ff
x29 <- 0x80000002FFFBDFFF

mem[X,0x000000008000185C] -> 0x7FBB
mem[X,0x000000008000185E] -> 0x89DF
[1564] [M]: 0x000000008000185C (0x89DF7FBB) pmhacc.h t6, t5, t4
x31 <- 0xFCDCB4D7ADFC6241

mem[X,0x0000000080001860] -> 0xB023
mem[X,0x0000000080001862] -> 0x1BF0
[1565] [M]: 0x0000000080001860 (0x1BF0B023) sd t6, 0x1a0(ra)
mem[0x0000000080004398] <- 0xFCDCB4D7ADFC6241

mem[X,0x0000000080001864] -> 0x0F37
mem[X,0x0000000080001866] -> 0x0007
[1566] [M]: 0x0000000080001864 (0x00070F37) lui t5, 0x70
x30 <- 0x0000000000070000

mem[X,0x0000000080001868] -> 0x0F13
mem[X,0x000000008000186A] -> 0x002F
[1567] [M]: 0x0000000080001868 (0x002F0F13) addi t5, t5, 0x2
x30 <- 0x0000000000070002

mem[X,0x000000008000186C] -> 0x1F13
mem[X,0x000000008000186E] -> 0x00BF
[1568] [M]: 0x000000008000186C (0x00BF1F13) slli t5, t5, 0xb
x30 <- 0x0000000038001000

mem[X,0x0000000080001870] -> 0x0F13
mem[X,0x0000000080001872] -> 0x7EFF
[1569] [M]: 0x0000000080001870 (0x7EFF0F13) addi t5, t5, 0x7ef
x30 <- 0x00000000380017EF

mem[X,0x0000000080001874] -> 0x1F13
mem[X,0x0000000080001876] -> 0x00BF
[1570] [M]: 0x0000000080001874 (0x00BF1F13) slli t5, t5, 0xb
x30 <- 0x000001C000BF7800

mem[X,0x0000000080001878] -> 0x0F13
mem[X,0x000000008000187A] -> 0x7CFF
[1571] [M]: 0x0000000080001878 (0x7CFF0F13) addi t5, t5, 0x7cf
x30 <- 0x000001C000BF7FCF

mem[X,0x000000008000187C] -> 0x1F13
mem[X,0x000000008000187E] -> 0x00AF
[1572] [M]: 0x000000008000187C (0x00AF1F13) slli t5, t5, 0xa
x30 <- 0x00070002FDFF3C00

mem[X,0x0000000080001880] -> 0x0F13
mem[X,0x0000000080001882] -> 0x3FFF
[1573] [M]: 0x0000000080001880 (0x3FFF0F13) addi t5, t5, 0x3ff
x30 <- 0x00070002FDFF3FFF

mem[X,0x0000000080001884] -> 0x0EB7
mem[X,0x0000000080001886] -> 0xFFF0
[1574] [M]: 0x0000000080001884 (0xFFF00EB7) lui t4, -0x100
x29 <- 0xFFFFFFFFFFF00000

mem[X,0x0000000080001888] -> 0x8E93
mem[X,0x000000008000188A] -> 0xFDFE
[1575] [M]: 0x0000000080001888 (0xFDFE8E93) addi t4, t4, -0x21
x29 <- 0xFFFFFFFFFFEFFFDF

mem[X,0x000000008000188C] -> 0x9E93
mem[X,0x000000008000188E] -> 0x00BE
[1576] [M]: 0x000000008000188C (0x00BE9E93) slli t4, t4, 0xb
x29 <- 0xFFFFFFFF7FFEF800

mem[X,0x0000000080001890] -> 0x8E93
mem[X,0x0000000080001892] -> 0x000E
[1577] [M]: 0x0000000080001890 (0x000E8E93) addi t4, t4, 0x0
x29 <- 0xFFFFFFFF7FFEF800

mem[X,0x0000000080001894] -> 0x9E93
mem[X,0x0000000080001896] -> 0x00BE
[1578] [M]: 0x0000000080001894 (0x00BE9E93) slli t4, t4, 0xb
x29 <- 0xFFFFFBFFF7C00000

mem[X,0x0000000080001898] -> 0x8E93
mem[X,0x000000008000189A] -> 0x000E
[1579] [M]: 0x0000000080001898 (0x000E8E93) addi t4, t4, 0x0
x29 <- 0xFFFFFBFFF7C00000

mem[X,0x000000008000189C] -> 0x9E93
mem[X,0x000000008000189E] -> 0x00AE
[1580] [M]: 0x000000008000189C (0x00AE9E93) slli t4, t4, 0xa
x29 <- 0xFFEFFFDF00000000

mem[X,0x00000000800018A0] -> 0x8E93
mem[X,0x00000000800018A2] -> 0x007E
[1581] [M]: 0x00000000800018A0 (0x007E8E93) addi t4, t4, 0x7
x29 <- 0xFFEFFFDF00000007

mem[X,0x00000000800018A4] -> 0x7FBB
mem[X,0x00000000800018A6] -> 0x89DF
[1582] [M]: 0x00000000800018A4 (0x89DF7FBB) pmhacc.h t6, t5, t4
x31 <- 0xFCDBB4D6ADFC6242

mem[X,0x00000000800018A8] -> 0xB423
mem[X,0x00000000800018AA] -> 0x1BF0
[1583] [M]: 0x00000000800018A8 (0x1BF0B423) sd t6, 0x1a8(ra)
mem[0x00000000800043A0] <- 0xFCDBB4D6ADFC6242

mem[X,0x00000000800018AC] -> 0x0F37
mem[X,0x00000000800018AE] -> 0xFFFE
[1584] [M]: 0x00000000800018AC (0xFFFE0F37) lui t5, -0x20
x30 <- 0xFFFFFFFFFFFE0000

mem[X,0x00000000800018B0] -> 0x0F13
mem[X,0x00000000800018B2] -> 0x040F
[1585] [M]: 0x00000000800018B0 (0x040F0F13) addi t5, t5, 0x40
x30 <- 0xFFFFFFFFFFFE0040

mem[X,0x00000000800018B4] -> 0x1F13
mem[X,0x00000000800018B6] -> 0x00BF
[1586] [M]: 0x00000000800018B4 (0x00BF1F13) slli t5, t5, 0xb
x30 <- 0xFFFFFFFFF0020000

mem[X,0x00000000800018B8] -> 0x0F13
mem[X,0x00000000800018BA] -> 0x1FFF
[1587] [M]: 0x00000000800018B8 (0x1FFF0F13) addi t5, t5, 0x1ff
x30 <- 0xFFFFFFFFF00201FF

mem[X,0x00000000800018BC] -> 0x1F13
mem[X,0x00000000800018BE] -> 0x00BF
[1588] [M]: 0x00000000800018BC (0x00BF1F13) slli t5, t5, 0xb
x30 <- 0xFFFFFF80100FF800

mem[X,0x00000000800018C0] -> 0x0F13
mem[X,0x00000000800018C2] -> 0x7EFF
[1589] [M]: 0x00000000800018C0 (0x7EFF0F13) addi t5, t5, 0x7ef
x30 <- 0xFFFFFF80100FFFEF

mem[X,0x00000000800018C4] -> 0x1F13
mem[X,0x00000000800018C6] -> 0x00AF
[1590] [M]: 0x00000000800018C4 (0x00AF1F13) slli t5, t5, 0xa
x30 <- 0xFFFE00403FFFBC00

mem[X,0x00000000800018C8] -> 0x0F13
mem[X,0x00000000800018CA] -> 0x3FFF
[1591] [M]: 0x00000000800018C8 (0x3FFF0F13) addi t5, t5, 0x3ff
x30 <- 0xFFFE00403FFFBFFF

mem[X,0x00000000800018CC] -> 0x0EB7
mem[X,0x00000000800018CE] -> 0xFFFE
[1592] [M]: 0x00000000800018CC (0xFFFE0EB7) lui t4, -0x20
x29 <- 0xFFFFFFFFFFFE0000

mem[X,0x00000000800018D0] -> 0x8E93
mem[X,0x00000000800018D2] -> 0xFF8E
[1593] [M]: 0x00000000800018D0 (0xFF8E8E93) addi t4, t4, -0x8
x29 <- 0xFFFFFFFFFFFDFFF8

mem[X,0x00000000800018D4] -> 0x9E93
mem[X,0x00000000800018D6] -> 0x00BE
[1594] [M]: 0x00000000800018D4 (0x00BE9E93) slli t4, t4, 0xb
x29 <- 0xFFFFFFFFEFFFC000

mem[X,0x00000000800018D8] -> 0x8E93
mem[X,0x00000000800018DA] -> 0x7FDE
[1595] [M]: 0x00000000800018D8 (0x7FDE8E93) addi t4, t4, 0x7fd
x29 <- 0xFFFFFFFFEFFFC7FD

mem[X,0x00000000800018DC] -> 0x9E93
mem[X,0x00000000800018DE] -> 0x00BE
[1596] [M]: 0x00000000800018DC (0x00BE9E93) slli t4, t4, 0xb
x29 <- 0xFFFFFF7FFE3FE800

mem[X,0x00000000800018E0] -> 0x8E93
mem[X,0x00000000800018E2] -> 0x7FFE
[1597] [M]: 0x00000000800018E0 (0x7FFE8E93) addi t4, t4, 0x7ff
x29 <- 0xFFFFFF7FFE3FEFFF

mem[X,0x00000000800018E4] -> 0x9E93
mem[X,0x00000000800018E6] -> 0x00AE
[1598] [M]: 0x00000000800018E4 (0x00AE9E93) slli t4, t4, 0xa
x29 <- 0xFFFDFFF8FFBFFC00

mem[X,0x00000000800018E8] -> 0x8E93
mem[X,0x00000000800018EA] -> 0x3F9E
[1599] [M]: 0x00000000800018E8 (0x3F9E8E93) addi t4, t4, 0x3f9
x29 <- 0xFFFDFFF8FFBFFFF9

clint::tick mtime <- 0x0000000000000010
 clint timer pending at mtime 0x0000000000000010
htif::tick 0x0000000000000000
mem[X,0x00000000800018EC] -> 0x7FBB
mem[X,0x00000000800018EE] -> 0x89DF
[1600] [M]: 0x00000000800018EC (0x89DF7FBB) pmhacc.h t6, t5, t4
x31 <- 0xFCDBB4D5ADEB6243

mem[X,0x00000000800018F0] -> 0xB823
mem[X,0x00000000800018F2] -> 0x1BF0
[1601] [M]: 0x00000000800018F0 (0x1BF0B823) sd t6, 0x1b0(ra)
mem[0x00000000800043A8] <- 0xFCDBB4D5ADEB6243

mem[X,0x00000000800018F4] -> 0x0F37
mem[X,0x00000000800018F6] -> 0xC000
[1602] [M]: 0x00000000800018F4 (0xC0000F37) lui t5, -0x40000
x30 <- 0xFFFFFFFFC0000000

mem[X,0x00000000800018F8] -> 0x0F13
mem[X,0x00000000800018FA] -> 0x010F
[1603] [M]: 0x00000000800018F8 (0x010F0F13) addi t5, t5, 0x10
x30 <- 0xFFFFFFFFC0000010

mem[X,0x00000000800018FC] -> 0x1F13
mem[X,0x00000000800018FE] -> 0x00BF
[1604] [M]: 0x00000000800018FC (0x00BF1F13) slli t5, t5, 0xb
x30 <- 0xFFFFFE0000008000

mem[X,0x0000000080001900] -> 0x0F13
mem[X,0x0000000080001902] -> 0x2AAF
[1605] [M]: 0x0000000080001900 (0x2AAF0F13) addi t5, t5, 0x2aa
x30 <- 0xFFFFFE00000082AA

mem[X,0x0000000080001904] -> 0x1F13
mem[X,0x0000000080001906] -> 0x00BF
[1606] [M]: 0x0000000080001904 (0x00BF1F13) slli t5, t5, 0xb
x30 <- 0xFFF0000004155000

mem[X,0x0000000080001908] -> 0x0F13
mem[X,0x000000008000190A] -> 0x550F
[1607] [M]: 0x0000000080001908 (0x550F0F13) addi t5, t5, 0x550
x30 <- 0xFFF0000004155550

mem[X,0x000000008000190C] -> 0x1F13
mem[X,0x000000008000190E] -> 0x00AF
[1608] [M]: 0x000000008000190C (0x00AF1F13) slli t5, t5, 0xa
x30 <- 0xC000001055554000

mem[X,0x0000000080001910] -> 0x8EB7
mem[X,0x0000000080001912] -> 0x2000
[1609] [M]: 0x0000000080001910 (0x20008EB7) lui t4, 0x20008
x29 <- 0x0000000020008000

mem[X,0x0000000080001914] -> 0x8E93
mem[X,0x0000000080001916] -> 0xFFFE
[1610] [M]: 0x0000000080001914 (0xFFFE8E93) addi t4, t4, -0x1
x29 <- 0x0000000020007FFF

mem[X,0x0000000080001918] -> 0x9E93
mem[X,0x000000008000191A] -> 0x00BE
[1611] [M]: 0x0000000080001918 (0x00BE9E93) slli t4, t4, 0xb
x29 <- 0x0000010003FFF800

mem[X,0x000000008000191C] -> 0x8E93
mem[X,0x000000008000191E] -> 0x000E
[1612] [M]: 0x000000008000191C (0x000E8E93) addi t4, t4, 0x0
x29 <- 0x0000010003FFF800

mem[X,0x0000000080001920] -> 0x9E93
mem[X,0x0000000080001922] -> 0x00BE
[1613] [M]: 0x0000000080001920 (0x00BE9E93) slli t4, t4, 0xb
x29 <- 0x0008001FFFC00000

mem[X,0x0000000080001924] -> 0x8E93
mem[X,0x0000000080001926] -> 0x24FE
[1614] [M]: 0x0000000080001924 (0x24FE8E93) addi t4, t4, 0x24f
x29 <- 0x0008001FFFC0024F

mem[X,0x0000000080001928] -> 0x9E93
mem[X,0x000000008000192A] -> 0x00AE
[1615] [M]: 0x0000000080001928 (0x00AE9E93) slli t4, t4, 0xa
x29 <- 0x20007FFF00093C00

mem[X,0x000000008000192C] -> 0x8E93
mem[X,0x000000008000192E] -> 0x3FFE
[1616] [M]: 0x000000008000192C (0x3FFE8E93) addi t4, t4, 0x3ff
x29 <- 0x20007FFF00093FFF

mem[X,0x0000000080001930] -> 0x7FBB
mem[X,0x0000000080001932] -> 0x89DF
[1617] [M]: 0x0000000080001930 (0x89DF7FBB) pmhacc.h t6, t5, t4
x31 <- 0xF4DBB4DCADED7242

mem[X,0x0000000080001934] -> 0xBC23
mem[X,0x0000000080001936] -> 0x1BF0
[1618] [M]: 0x0000000080001934 (0x1BF0BC23) sd t6, 0x1b8(ra)
mem[0x00000000800043B0] <- 0xF4DBB4DCADED7242

mem[X,0x0000000080001938] -> 0x8F37
mem[X,0x000000008000193A] -> 0x0001
[1619] [M]: 0x0000000080001938 (0x00018F37) lui t5, 0x18
x30 <- 0x0000000000018000

mem[X,0x000000008000193C] -> 0x0F13
mem[X,0x000000008000193E] -> 0xFFFF
[1620] [M]: 0x000000008000193C (0xFFFF0F13) addi t5, t5, -0x1
x30 <- 0x0000000000017FFF

mem[X,0x0000000080001940] -> 0x1F13
mem[X,0x0000000080001942] -> 0x00BF
[1621] [M]: 0x0000000080001940 (0x00BF1F13) slli t5, t5, 0xb
x30 <- 0x000000000BFFF800

mem[X,0x0000000080001944] -> 0x0F13
mem[X,0x0000000080001946] -> 0x000F
[1622] [M]: 0x0000000080001944 (0x000F0F13) addi t5, t5, 0x0
x30 <- 0x000000000BFFF800

mem[X,0x0000000080001948] -> 0x1F13
mem[X,0x000000008000194A] -> 0x00BF
[1623] [M]: 0x0000000080001948 (0x00BF1F13) slli t5, t5, 0xb
x30 <- 0x0000005FFFC00000

mem[X,0x000000008000194C] -> 0x0F13
mem[X,0x000000008000194E] -> 0x100F
[1624] [M]: 0x000000008000194C (0x100F0F13) addi t5, t5, 0x100
x30 <- 0x0000005FFFC00100

mem[X,0x0000000080001950] -> 0x1F13
mem[X,0x0000000080001952] -> 0x00AF
[1625] [M]: 0x0000000080001950 (0x00AF1F13) slli t5, t5, 0xa
x30 <- 0x00017FFF00040000

mem[X,0x0000000080001954] -> 0x0F13
mem[X,0x0000000080001956] -> 0x010F
[1626] [M]: 0x0000000080001954 (0x010F0F13) addi t5, t5, 0x10
x30 <- 0x00017FFF00040010

mem[X,0x0000000080001958] -> 0x1EB7
mem[X,0x000000008000195A] -> 0xFFDF
[1627] [M]: 0x0000000080001958 (0xFFDF1EB7) lui t4, -0x20f
x29 <- 0xFFFFFFFFFFDF1000

mem[X,0x000000008000195C] -> 0x8E93
mem[X,0x000000008000195E] -> 0x000E
[1628] [M]: 0x000000008000195C (0x000E8E93) addi t4, t4, 0x0
x29 <- 0xFFFFFFFFFFDF1000

mem[X,0x0000000080001960] -> 0x9E93
mem[X,0x0000000080001962] -> 0x00BE
[1629] [M]: 0x0000000080001960 (0x00BE9E93) slli t4, t4, 0xb
x29 <- 0xFFFFFFFEF8800000

mem[X,0x0000000080001964] -> 0x8E93
mem[X,0x0000000080001966] -> 0x7EFE
[1630] [M]: 0x0000000080001964 (0x7EFE8E93) addi t4, t4, 0x7ef
x29 <- 0xFFFFFFFEF88007EF

mem[X,0x0000000080001968] -> 0x9E93
mem[X,0x000000008000196A] -> 0x00BE
[1631] [M]: 0x0000000080001968 (0x00BE9E93) slli t4, t4, 0xb
x29 <- 0xFFFFF7C4003F7800

mem[X,0x000000008000196C] -> 0x8E93
mem[X,0x000000008000196E] -> 0x7FFE
[1632] [M]: 0x000000008000196C (0x7FFE8E93) addi t4, t4, 0x7ff
x29 <- 0xFFFFF7C4003F7FFF

mem[X,0x0000000080001970] -> 0x9E93
mem[X,0x0000000080001972] -> 0x00AE
[1633] [M]: 0x0000000080001970 (0x00AE9E93) slli t4, t4, 0xa
x29 <- 0xFFDF1000FDFFFC00

mem[X,0x0000000080001974] -> 0x8E93
mem[X,0x0000000080001976] -> 0x3DFE
[1634] [M]: 0x0000000080001974 (0x3DFE8E93) addi t4, t4, 0x3df
x29 <- 0xFFDF1000FDFFFFDF

mem[X,0x0000000080001978] -> 0x7FBB
mem[X,0x000000008000197A] -> 0x89DF
[1635] [M]: 0x0000000080001978 (0x89DF7FBB) pmhacc.h t6, t5, t4
x31 <- 0xF4DABCDBADEC7241

mem[X,0x000000008000197C] -> 0xB023
mem[X,0x000000008000197E] -> 0x1DF0
[1636] [M]: 0x000000008000197C (0x1DF0B023) sd t6, 0x1c0(ra)
mem[0x00000000800043B8] <- 0xF4DABCDBADEC7241

mem[X,0x0000000080001980] -> 0x4F37
mem[X,0x0000000080001982] -> 0xFBFF
[1637] [M]: 0x0000000080001980 (0xFBFF4F37) lui t5, -0x400c
x30 <- 0xFFFFFFFFFBFF4000

mem[X,0x0000000080001984] -> 0x0F13
mem[X,0x0000000080001986] -> 0xFFFF
[1638] [M]: 0x0000000080001984 (0xFFFF0F13) addi t5, t5, -0x1
x30 <- 0xFFFFFFFFFBFF3FFF

mem[X,0x0000000080001988] -> 0x1F13
mem[X,0x000000008000198A] -> 0x00BF
[1639] [M]: 0x0000000080001988 (0x00BF1F13) slli t5, t5, 0xb
x30 <- 0xFFFFFFDFF9FFF800

mem[X,0x000000008000198C] -> 0x0F13
mem[X,0x000000008000198E] -> 0x002F
[1640] [M]: 0x000000008000198C (0x002F0F13) addi t5, t5, 0x2
x30 <- 0xFFFFFFDFF9FFF802

mem[X,0x0000000080001990] -> 0x1F13
mem[X,0x0000000080001992] -> 0x00BF
[1641] [M]: 0x0000000080001990 (0x00BF1F13) slli t5, t5, 0xb
x30 <- 0xFFFEFFCFFFC01000

mem[X,0x0000000080001994] -> 0x0F13
mem[X,0x0000000080001996] -> 0x000F
[1642] [M]: 0x0000000080001994 (0x000F0F13) addi t5, t5, 0x0
x30 <- 0xFFFEFFCFFFC01000

mem[X,0x0000000080001998] -> 0x1F13
mem[X,0x000000008000199A] -> 0x00AF
[1643] [M]: 0x0000000080001998 (0x00AF1F13) slli t5, t5, 0xa
x30 <- 0xFBFF3FFF00400000

mem[X,0x000000008000199C] -> 0x0F13
mem[X,0x000000008000199E] -> 0x009F
[1644] [M]: 0x000000008000199C (0x009F0F13) addi t5, t5, 0x9
x30 <- 0xFBFF3FFF00400009

mem[X,0x00000000800019A0] -> 0x0EB7
mem[X,0x00000000800019A2] -> 0x0009
[1645] [M]: 0x00000000800019A0 (0x00090EB7) lui t4, 0x90
x29 <- 0x0000000000090000

mem[X,0x00000000800019A4] -> 0x8E93
mem[X,0x00000000800019A6] -> 0xFF9E
[1646] [M]: 0x00000000800019A4 (0xFF9E8E93) addi t4, t4, -0x7
x29 <- 0x000000000008FFF9

mem[X,0x00000000800019A8] -> 0x9E93
mem[X,0x00000000800019AA] -> 0x00BE
[1647] [M]: 0x00000000800019A8 (0x00BE9E93) slli t4, t4, 0xb
x29 <- 0x0000000047FFC800

mem[X,0x00000000800019AC] -> 0x8E93
mem[X,0x00000000800019AE] -> 0x7BFE
[1648] [M]: 0x00000000800019AC (0x7BFE8E93) addi t4, t4, 0x7bf
x29 <- 0x0000000047FFCFBF

mem[X,0x00000000800019B0] -> 0x9E93
mem[X,0x00000000800019B2] -> 0x00BE
[1649] [M]: 0x00000000800019B0 (0x00BE9E93) slli t4, t4, 0xb
x29 <- 0x0000023FFE7DF800

mem[X,0x00000000800019B4] -> 0x8E93
mem[X,0x00000000800019B6] -> 0x7FBE
[1650] [M]: 0x00000000800019B4 (0x7FBE8E93) addi t4, t4, 0x7fb
x29 <- 0x0000023FFE7DFFFB

mem[X,0x00000000800019B8] -> 0x9E93
mem[X,0x00000000800019BA] -> 0x00AE
[1651] [M]: 0x00000000800019B8 (0x00AE9E93) slli t4, t4, 0xa
x29 <- 0x0008FFF9F7FFEC00

mem[X,0x00000000800019BC] -> 0x8E93
mem[X,0x00000000800019BE] -> 0x3FFE
[1652] [M]: 0x00000000800019BC (0x3FFE8E93) addi t4, t4, 0x3ff
x29 <- 0x0008FFF9F7FFEFFF

mem[X,0x00000000800019C0] -> 0x7FBB
mem[X,0x00000000800019C2] -> 0x89DF
[1653] [M]: 0x00000000800019C0 (0x89DF7FBB) pmhacc.h t6, t5, t4
x31 <- 0xF4D9BCD9ADE97240

mem[X,0x00000000800019C4] -> 0xB423
mem[X,0x00000000800019C6] -> 0x1DF0
[1654] [M]: 0x00000000800019C4 (0x1DF0B423) sd t6, 0x1c8(ra)
mem[0x00000000800043C0] <- 0xF4D9BCD9ADE97240

mem[X,0x00000000800019C8] -> 0x0F37
mem[X,0x00000000800019CA] -> 0x4000
[1655] [M]: 0x00000000800019C8 (0x40000F37) lui t5, 0x40000
x30 <- 0x0000000040000000

mem[X,0x00000000800019CC] -> 0x0F13
mem[X,0x00000000800019CE] -> 0xFF7F
[1656] [M]: 0x00000000800019CC (0xFF7F0F13) addi t5, t5, -0x9
x30 <- 0x000000003FFFFFF7

mem[X,0x00000000800019D0] -> 0x1F13
mem[X,0x00000000800019D2] -> 0x00BF
[1657] [M]: 0x00000000800019D0 (0x00BF1F13) slli t5, t5, 0xb
x30 <- 0x000001FFFFFFB800

mem[X,0x00000000800019D4] -> 0x0F13
mem[X,0x00000000800019D6] -> 0x7FFF
[1658] [M]: 0x00000000800019D4 (0x7FFF0F13) addi t5, t5, 0x7ff
x30 <- 0x000001FFFFFFBFFF

mem[X,0x00000000800019D8] -> 0x1F13
mem[X,0x00000000800019DA] -> 0x00BF
[1659] [M]: 0x00000000800019D8 (0x00BF1F13) slli t5, t5, 0xb
x30 <- 0x000FFFFFFDFFF800

mem[X,0x00000000800019DC] -> 0x0F13
mem[X,0x00000000800019DE] -> 0x7BFF
[1660] [M]: 0x00000000800019DC (0x7BFF0F13) addi t5, t5, 0x7bf
x30 <- 0x000FFFFFFDFFFFBF

mem[X,0x00000000800019E0] -> 0x1F13
mem[X,0x00000000800019E2] -> 0x00AF
[1661] [M]: 0x00000000800019E0 (0x00AF1F13) slli t5, t5, 0xa
x30 <- 0x3FFFFFF7FFFEFC00

mem[X,0x00000000800019E4] -> 0x0F13
mem[X,0x00000000800019E6] -> 0x1FFF
[1662] [M]: 0x00000000800019E4 (0x1FFF0F13) addi t5, t5, 0x1ff
x30 <- 0x3FFFFFF7FFFEFDFF

mem[X,0x00000000800019E8] -> 0x0EB7
mem[X,0x00000000800019EA] -> 0x2000
[1663] [M]: 0x00000000800019E8 (0x20000EB7) lui t4, 0x20000
x29 <- 0x0000000020000000

mem[X,0x00000000800019EC] -> 0x8E93
mem[X,0x00000000800019EE] -> 0x010E
[1664] [M]: 0x00000000800019EC (0x010E8E93) addi t4, t4, 0x10
x29 <- 0x0000000020000010

mem[X,0x00000000800019F0] -> 0x9E93
mem[X,0x00000000800019F2] -> 0x00BE
[1665] [M]: 0x00000000800019F0 (0x00BE9E93) slli t4, t4, 0xb
x29 <- 0x0000010000008000

mem[X,0x00000000800019F4] -> 0x8E93
mem[X,0x00000000800019F6] -> 0x77FE
[1666] [M]: 0x00000000800019F4 (0x77FE8E93) addi t4, t4, 0x77f
x29 <- 0x000001000000877F

mem[X,0x00000000800019F8] -> 0x9E93
mem[X,0x00000000800019FA] -> 0x00BE
[1667] [M]: 0x00000000800019F8 (0x00BE9E93) slli t4, t4, 0xb
x29 <- 0x00080000043BF800

mem[X,0x00000000800019FC] -> 0x8E93
mem[X,0x00000000800019FE] -> 0x7FFE
[1668] [M]: 0x00000000800019FC (0x7FFE8E93) addi t4, t4, 0x7ff
x29 <- 0x00080000043BFFFF

mem[X,0x0000000080001A00] -> 0x9E93
mem[X,0x0000000080001A02] -> 0x00AE
[1669] [M]: 0x0000000080001A00 (0x00AE9E93) slli t4, t4, 0xa
x29 <- 0x20000010EFFFFC00

mem[X,0x0000000080001A04] -> 0x8E93
mem[X,0x0000000080001A06] -> 0x2FFE
[1670] [M]: 0x0000000080001A04 (0x2FFE8E93) addi t4, t4, 0x2ff
x29 <- 0x20000010EFFFFEFF

mem[X,0x0000000080001A08] -> 0x7FBB
mem[X,0x0000000080001A0A] -> 0x89DF
[1671] [M]: 0x0000000080001A08 (0x89DF7FBB) pmhacc.h t6, t5, t4
x31 <- 0xFCD8BCD8ADE97242

mem[X,0x0000000080001A0C] -> 0xB823
mem[X,0x0000000080001A0E] -> 0x1DF0
[1672] [M]: 0x0000000080001A0C (0x1DF0B823) sd t6, 0x1d0(ra)
mem[0x00000000800043C8] <- 0xFCD8BCD8ADE97242

mem[X,0x0000000080001A10] -> 0x0F37
mem[X,0x0000000080001A12] -> 0xFFC0
[1673] [M]: 0x0000000080001A10 (0xFFC00F37) lui t5, -0x400
x30 <- 0xFFFFFFFFFFC00000

mem[X,0x0000000080001A14] -> 0x0F13
mem[X,0x0000000080001A16] -> 0xBFFF
[1674] [M]: 0x0000000080001A14 (0xBFFF0F13) addi t5, t5, -0x401
x30 <- 0xFFFFFFFFFFBFFBFF

mem[X,0x0000000080001A18] -> 0x1F13
mem[X,0x0000000080001A1A] -> 0x00BF
[1675] [M]: 0x0000000080001A18 (0x00BF1F13) slli t5, t5, 0xb
x30 <- 0xFFFFFFFDFFDFF800

mem[X,0x0000000080001A1C] -> 0x0F13
mem[X,0x0000000080001A1E] -> 0x7F7F
[1676] [M]: 0x0000000080001A1C (0x7F7F0F13) addi t5, t5, 0x7f7
x30 <- 0xFFFFFFFDFFDFFFF7

mem[X,0x0000000080001A20] -> 0x1F13
mem[X,0x0000000080001A22] -> 0x00BF
[1677] [M]: 0x0000000080001A20 (0x00BF1F13) slli t5, t5, 0xb
x30 <- 0xFFFFEFFEFFFFB800

mem[X,0x0000000080001A24] -> 0x0F13
mem[X,0x0000000080001A26] -> 0x7FFF
[1678] [M]: 0x0000000080001A24 (0x7FFF0F13) addi t5, t5, 0x7ff
x30 <- 0xFFFFEFFEFFFFBFFF

mem[X,0x0000000080001A28] -> 0x1F13
mem[X,0x0000000080001A2A] -> 0x00AF
[1679] [M]: 0x0000000080001A28 (0x00AF1F13) slli t5, t5, 0xa
x30 <- 0xFFBFFBFFFEFFFC00

mem[X,0x0000000080001A2C] -> 0x0F13
mem[X,0x0000000080001A2E] -> 0x3EFF
[1680] [M]: 0x0000000080001A2C (0x3EFF0F13) addi t5, t5, 0x3ef
x30 <- 0xFFBFFBFFFEFFFFEF

mem[X,0x0000000080001A30] -> 0x0EB7
mem[X,0x0000000080001A32] -> 0xE000
[1681] [M]: 0x0000000080001A30 (0xE0000EB7) lui t4, -0x20000
x29 <- 0xFFFFFFFFE0000000

mem[X,0x0000000080001A34] -> 0x8E93
mem[X,0x0000000080001A36] -> 0xBFFE
[1682] [M]: 0x0000000080001A34 (0xBFFE8E93) addi t4, t4, -0x401
x29 <- 0xFFFFFFFFDFFFFBFF

mem[X,0x0000000080001A38] -> 0x9E93
mem[X,0x0000000080001A3A] -> 0x00BE
[1683] [M]: 0x0000000080001A38 (0x00BE9E93) slli t4, t4, 0xb
x29 <- 0xFFFFFEFFFFDFF800

mem[X,0x0000000080001A3C] -> 0x8E93
mem[X,0x0000000080001A3E] -> 0x77FE
[1684] [M]: 0x0000000080001A3C (0x77FE8E93) addi t4, t4, 0x77f
x29 <- 0xFFFFFEFFFFDFFF7F

mem[X,0x0000000080001A40] -> 0x9E93
mem[X,0x0000000080001A42] -> 0x00BE
[1685] [M]: 0x0000000080001A40 (0x00BE9E93) slli t4, t4, 0xb
x29 <- 0xFFF7FFFEFFFBF800

mem[X,0x0000000080001A44] -> 0x8E93
mem[X,0x0000000080001A46] -> 0x7FFE
[1686] [M]: 0x0000000080001A44 (0x7FFE8E93) addi t4, t4, 0x7ff
x29 <- 0xFFF7FFFEFFFBFFFF

mem[X,0x0000000080001A48] -> 0x9E93
mem[X,0x0000000080001A4A] -> 0x00AE
[1687] [M]: 0x0000000080001A48 (0x00AE9E93) slli t4, t4, 0xa
x29 <- 0xDFFFFBFFEFFFFC00

mem[X,0x0000000080001A4C] -> 0x8E93
mem[X,0x0000000080001A4E] -> 0x3F6E
[1688] [M]: 0x0000000080001A4C (0x3F6E8E93) addi t4, t4, 0x3f6
x29 <- 0xDFFFFBFFEFFFFFF6

mem[X,0x0000000080001A50] -> 0x7FBB
mem[X,0x0000000080001A52] -> 0x89DF
[1689] [M]: 0x0000000080001A50 (0x89DF7FBB) pmhacc.h t6, t5, t4
x31 <- 0xFCE0BCE8ADF97242

mem[X,0x0000000080001A54] -> 0xBC23
mem[X,0x0000000080001A56] -> 0x1DF0
[1690] [M]: 0x0000000080001A54 (0x1DF0BC23) sd t6, 0x1d8(ra)
mem[0x00000000800043D0] <- 0xFCE0BCE8ADF97242

mem[X,0x0000000080001A58] -> 0x0F37
mem[X,0x0000000080001A5A] -> 0x8001
[1691] [M]: 0x0000000080001A58 (0x80010F37) lui t5, -0x7fff0
x30 <- 0xFFFFFFFF80010000

mem[X,0x0000000080001A5C] -> 0x0F13
mem[X,0x0000000080001A5E] -> 0xFFFF
[1692] [M]: 0x0000000080001A5C (0xFFFF0F13) addi t5, t5, -0x1
x30 <- 0xFFFFFFFF8000FFFF

mem[X,0x0000000080001A60] -> 0x1F13
mem[X,0x0000000080001A62] -> 0x00BF
[1693] [M]: 0x0000000080001A60 (0x00BF1F13) slli t5, t5, 0xb
x30 <- 0xFFFFFC0007FFF800

mem[X,0x0000000080001A64] -> 0x0F13
mem[X,0x0000000080001A66] -> 0x3FFF
[1694] [M]: 0x0000000080001A64 (0x3FFF0F13) addi t5, t5, 0x3ff
x30 <- 0xFFFFFC0007FFFBFF

mem[X,0x0000000080001A68] -> 0x1F13
mem[X,0x0000000080001A6A] -> 0x00BF
[1695] [M]: 0x0000000080001A68 (0x00BF1F13) slli t5, t5, 0xb
x30 <- 0xFFE0003FFFDFF800

mem[X,0x0000000080001A6C] -> 0x0F13
mem[X,0x0000000080001A6E] -> 0x7FFF
[1696] [M]: 0x0000000080001A6C (0x7FFF0F13) addi t5, t5, 0x7ff
x30 <- 0xFFE0003FFFDFFFFF

mem[X,0x0000000080001A70] -> 0x1F13
mem[X,0x0000000080001A72] -> 0x00AF
[1697] [M]: 0x0000000080001A70 (0x00AF1F13) slli t5, t5, 0xa
x30 <- 0x8000FFFF7FFFFC00

mem[X,0x0000000080001A74] -> 0x0F13
mem[X,0x0000000080001A76] -> 0x3FBF
[1698] [M]: 0x0000000080001A74 (0x3FBF0F13) addi t5, t5, 0x3fb
x30 <- 0x8000FFFF7FFFFFFB

mem[X,0x0000000080001A78] -> 0x0EB7
mem[X,0x0000000080001A7A] -> 0xFFFD
[1699] [M]: 0x0000000080001A78 (0xFFFD0EB7) lui t4, -0x30
x29 <- 0xFFFFFFFFFFFD0000

clint::tick mtime <- 0x0000000000000011
 clint timer pending at mtime 0x0000000000000011
htif::tick 0x0000000000000000
mem[X,0x0000000080001A7C] -> 0x8E93
mem[X,0x0000000080001A7E] -> 0x400E
[1700] [M]: 0x0000000080001A7C (0x400E8E93) addi t4, t4, 0x400
x29 <- 0xFFFFFFFFFFFD0400

mem[X,0x0000000080001A80] -> 0x9E93
mem[X,0x0000000080001A82] -> 0x00BE
[1701] [M]: 0x0000000080001A80 (0x00BE9E93) slli t4, t4, 0xb
x29 <- 0xFFFFFFFFE8200000

mem[X,0x0000000080001A84] -> 0x8E93
mem[X,0x0000000080001A86] -> 0x7FFE
[1702] [M]: 0x0000000080001A84 (0x7FFE8E93) addi t4, t4, 0x7ff
x29 <- 0xFFFFFFFFE82007FF

mem[X,0x0000000080001A88] -> 0x9E93
mem[X,0x0000000080001A8A] -> 0x00BE
[1703] [M]: 0x0000000080001A88 (0x00BE9E93) slli t4, t4, 0xb
x29 <- 0xFFFFFF41003FF800

mem[X,0x0000000080001A8C] -> 0x8E93
mem[X,0x0000000080001A8E] -> 0x63FE
[1704] [M]: 0x0000000080001A8C (0x63FE8E93) addi t4, t4, 0x63f
x29 <- 0xFFFFFF41003FFE3F

mem[X,0x0000000080001A90] -> 0x9E93
mem[X,0x0000000080001A92] -> 0x00AE
[1705] [M]: 0x0000000080001A90 (0x00AE9E93) slli t4, t4, 0xa
x29 <- 0xFFFD0400FFF8FC00

mem[X,0x0000000080001A94] -> 0x8E93
mem[X,0x0000000080001A96] -> 0x3F7E
[1706] [M]: 0x0000000080001A94 (0x3F7E8E93) addi t4, t4, 0x3f7
x29 <- 0xFFFD0400FFF8FFF7

mem[X,0x0000000080001A98] -> 0x7FBB
mem[X,0x0000000080001A9A] -> 0x89DF
[1707] [M]: 0x0000000080001A98 (0x89DF7FBB) pmhacc.h t6, t5, t4
x31 <- 0xFCE1BCE7ADF57242

mem[X,0x0000000080001A9C] -> 0xB023
mem[X,0x0000000080001A9E] -> 0x1FF0
[1708] [M]: 0x0000000080001A9C (0x1FF0B023) sd t6, 0x1e0(ra)
mem[0x00000000800043D8] <- 0xFCE1BCE7ADF57242

mem[X,0x0000000080001AA0] -> 0x0F37
mem[X,0x0000000080001AA2] -> 0xFFFE
[1709] [M]: 0x0000000080001AA0 (0xFFFE0F37) lui t5, -0x20
x30 <- 0xFFFFFFFFFFFE0000

mem[X,0x0000000080001AA4] -> 0x0F13
mem[X,0x0000000080001AA6] -> 0xF7FF
[1710] [M]: 0x0000000080001AA4 (0xF7FF0F13) addi t5, t5, -0x81
x30 <- 0xFFFFFFFFFFFDFF7F

mem[X,0x0000000080001AA8] -> 0x1F13
mem[X,0x0000000080001AAA] -> 0x00BF
[1711] [M]: 0x0000000080001AA8 (0x00BF1F13) slli t5, t5, 0xb
x30 <- 0xFFFFFFFFEFFBF800

mem[X,0x0000000080001AAC] -> 0x0F13
mem[X,0x0000000080001AAE] -> 0x000F
[1712] [M]: 0x0000000080001AAC (0x000F0F13) addi t5, t5, 0x0
x30 <- 0xFFFFFFFFEFFBF800

mem[X,0x0000000080001AB0] -> 0x1F13
mem[X,0x0000000080001AB2] -> 0x00BF
[1713] [M]: 0x0000000080001AB0 (0x00BF1F13) slli t5, t5, 0xb
x30 <- 0xFFFFFF7FDFC00000

mem[X,0x0000000080001AB4] -> 0x0F13
mem[X,0x0000000080001AB6] -> 0x0BFF
[1714] [M]: 0x0000000080001AB4 (0x0BFF0F13) addi t5, t5, 0xbf
x30 <- 0xFFFFFF7FDFC000BF

mem[X,0x0000000080001AB8] -> 0x1F13
mem[X,0x0000000080001ABA] -> 0x00AF
[1715] [M]: 0x0000000080001AB8 (0x00AF1F13) slli t5, t5, 0xa
x30 <- 0xFFFDFF7F0002FC00

mem[X,0x0000000080001ABC] -> 0x0F13
mem[X,0x0000000080001ABE] -> 0x2FFF
[1716] [M]: 0x0000000080001ABC (0x2FFF0F13) addi t5, t5, 0x2ff
x30 <- 0xFFFDFF7F0002FEFF

mem[X,0x0000000080001AC0] -> 0x4EB7
mem[X,0x0000000080001AC2] -> 0xFFBF
[1717] [M]: 0x0000000080001AC0 (0xFFBF4EB7) lui t4, -0x40c
x29 <- 0xFFFFFFFFFFBF4000

mem[X,0x0000000080001AC4] -> 0x8E93
mem[X,0x0000000080001AC6] -> 0x000E
[1718] [M]: 0x0000000080001AC4 (0x000E8E93) addi t4, t4, 0x0
x29 <- 0xFFFFFFFFFFBF4000

mem[X,0x0000000080001AC8] -> 0x9E93
mem[X,0x0000000080001ACA] -> 0x00BE
[1719] [M]: 0x0000000080001AC8 (0x00BE9E93) slli t4, t4, 0xb
x29 <- 0xFFFFFFFDFA000000

mem[X,0x0000000080001ACC] -> 0x8E93
mem[X,0x0000000080001ACE] -> 0x000E
[1720] [M]: 0x0000000080001ACC (0x000E8E93) addi t4, t4, 0x0
x29 <- 0xFFFFFFFDFA000000

mem[X,0x0000000080001AD0] -> 0x9E93
mem[X,0x0000000080001AD2] -> 0x00BE
[1721] [M]: 0x0000000080001AD0 (0x00BE9E93) slli t4, t4, 0xb
x29 <- 0xFFFFEFD000000000

mem[X,0x0000000080001AD4] -> 0x8E93
mem[X,0x0000000080001AD6] -> 0x1FFE
[1722] [M]: 0x0000000080001AD4 (0x1FFE8E93) addi t4, t4, 0x1ff
x29 <- 0xFFFFEFD0000001FF

mem[X,0x0000000080001AD8] -> 0x9E93
mem[X,0x0000000080001ADA] -> 0x00AE
[1723] [M]: 0x0000000080001AD8 (0x00AE9E93) slli t4, t4, 0xa
x29 <- 0xFFBF40000007FC00

mem[X,0x0000000080001ADC] -> 0x8E93
mem[X,0x0000000080001ADE] -> 0x3FDE
[1724] [M]: 0x0000000080001ADC (0x3FDE8E93) addi t4, t4, 0x3fd
x29 <- 0xFFBF40000007FFFD

mem[X,0x0000000080001AE0] -> 0x7FBB
mem[X,0x0000000080001AE2] -> 0x89DF
[1725] [M]: 0x0000000080001AE0 (0x89DF7FBB) pmhacc.h t6, t5, t4
x31 <- 0xFCE1BCC6ADF57242

mem[X,0x0000000080001AE4] -> 0xB423
mem[X,0x0000000080001AE6] -> 0x1FF0
[1726] [M]: 0x0000000080001AE4 (0x1FF0B423) sd t6, 0x1e8(ra)
mem[0x00000000800043E0] <- 0xFCE1BCC6ADF57242

mem[X,0x0000000080001AE8] -> 0xBF37
mem[X,0x0000000080001AEA] -> 0x0009
[1727] [M]: 0x0000000080001AE8 (0x0009BF37) lui t5, 0x9b
x30 <- 0x000000000009B000

mem[X,0x0000000080001AEC] -> 0x0F13
mem[X,0x0000000080001AEE] -> 0xAAAF
[1728] [M]: 0x0000000080001AEC (0xAAAF0F13) addi t5, t5, -0x556
x30 <- 0x000000000009AAAA

mem[X,0x0000000080001AF0] -> 0x1F13
mem[X,0x0000000080001AF2] -> 0x00BF
[1729] [M]: 0x0000000080001AF0 (0x00BF1F13) slli t5, t5, 0xb
x30 <- 0x000000004D555000

mem[X,0x0000000080001AF4] -> 0x0F13
mem[X,0x0000000080001AF6] -> 0x7FFF
[1730] [M]: 0x0000000080001AF4 (0x7FFF0F13) addi t5, t5, 0x7ff
x30 <- 0x000000004D5557FF

mem[X,0x0000000080001AF8] -> 0x1F13
mem[X,0x0000000080001AFA] -> 0x00BF
[1731] [M]: 0x0000000080001AF8 (0x00BF1F13) slli t5, t5, 0xb
x30 <- 0x0000026AAABFF800

mem[X,0x0000000080001AFC] -> 0x0F13
mem[X,0x0000000080001AFE] -> 0x690F
[1732] [M]: 0x0000000080001AFC (0x690F0F13) addi t5, t5, 0x690
x30 <- 0x0000026AAABFFE90

mem[X,0x0000000080001B00] -> 0x1F13
mem[X,0x0000000080001B02] -> 0x00AF
[1733] [M]: 0x0000000080001B00 (0x00AF1F13) slli t5, t5, 0xa
x30 <- 0x0009AAAAFFFA4000

mem[X,0x0000000080001B04] -> 0x0EB7
mem[X,0x0000000080001B06] -> 0x0009
[1734] [M]: 0x0000000080001B04 (0x00090EB7) lui t4, 0x90
x29 <- 0x0000000000090000

mem[X,0x0000000080001B08] -> 0x8E93
mem[X,0x0000000080001B0A] -> 0xFFDE
[1735] [M]: 0x0000000080001B08 (0xFFDE8E93) addi t4, t4, -0x3
x29 <- 0x000000000008FFFD

mem[X,0x0000000080001B0C] -> 0x9E93
mem[X,0x0000000080001B0E] -> 0x00BE
[1736] [M]: 0x0000000080001B0C (0x00BE9E93) slli t4, t4, 0xb
x29 <- 0x0000000047FFE800

mem[X,0x0000000080001B10] -> 0x8E93
mem[X,0x0000000080001B12] -> 0x000E
[1737] [M]: 0x0000000080001B10 (0x000E8E93) addi t4, t4, 0x0
x29 <- 0x0000000047FFE800

mem[X,0x0000000080001B14] -> 0x9E93
mem[X,0x0000000080001B16] -> 0x00BE
[1738] [M]: 0x0000000080001B14 (0x00BE9E93) slli t4, t4, 0xb
x29 <- 0x0000023FFF400000

mem[X,0x0000000080001B18] -> 0x8E93
mem[X,0x0000000080001B1A] -> 0x0FEE
[1739] [M]: 0x0000000080001B18 (0x0FEE8E93) addi t4, t4, 0xfe
x29 <- 0x0000023FFF4000FE

mem[X,0x0000000080001B1C] -> 0x9E93
mem[X,0x0000000080001B1E] -> 0x00AE
[1740] [M]: 0x0000000080001B1C (0x00AE9E93) slli t4, t4, 0xa
x29 <- 0x0008FFFD0003F800

mem[X,0x0000000080001B20] -> 0x8E93
mem[X,0x0000000080001B22] -> 0x3FFE
[1741] [M]: 0x0000000080001B20 (0x3FFE8E93) addi t4, t4, 0x3ff
x29 <- 0x0008FFFD0003FBFF

mem[X,0x0000000080001B24] -> 0x7FBB
mem[X,0x0000000080001B26] -> 0x89DF
[1742] [M]: 0x0000000080001B24 (0x89DF7FBB) pmhacc.h t6, t5, t4
x31 <- 0xFCE1BCC7ADF47141

mem[X,0x0000000080001B28] -> 0xB823
mem[X,0x0000000080001B2A] -> 0x1FF0
[1743] [M]: 0x0000000080001B28 (0x1FF0B823) sd t6, 0x1f0(ra)
mem[0x00000000800043E8] <- 0xFCE1BCC7ADF47141

mem[X,0x0000000080001B2C] -> 0x0F37
mem[X,0x0000000080001B2E] -> 0x0000
[1744] [M]: 0x0000000080001B2C (0x00000F37) lui t5, 0x0
x30 <- 0x0000000000000000

mem[X,0x0000000080001B30] -> 0x0F13
mem[X,0x0000000080001B32] -> 0x003F
[1745] [M]: 0x0000000080001B30 (0x003F0F13) addi t5, t5, 0x3
x30 <- 0x0000000000000003

mem[X,0x0000000080001B34] -> 0x1F13
mem[X,0x0000000080001B36] -> 0x00BF
[1746] [M]: 0x0000000080001B34 (0x00BF1F13) slli t5, t5, 0xb
x30 <- 0x0000000000001800

mem[X,0x0000000080001B38] -> 0x0F13
mem[X,0x0000000080001B3A] -> 0x080F
[1747] [M]: 0x0000000080001B38 (0x080F0F13) addi t5, t5, 0x80
x30 <- 0x0000000000001880

mem[X,0x0000000080001B3C] -> 0x1F13
mem[X,0x0000000080001B3E] -> 0x00BF
[1748] [M]: 0x0000000080001B3C (0x00BF1F13) slli t5, t5, 0xb
x30 <- 0x0000000000C40000

mem[X,0x0000000080001B40] -> 0x0F13
mem[X,0x0000000080001B42] -> 0x03FF
[1749] [M]: 0x0000000080001B40 (0x03FF0F13) addi t5, t5, 0x3f
x30 <- 0x0000000000C4003F

mem[X,0x0000000080001B44] -> 0x1F13
mem[X,0x0000000080001B46] -> 0x00AF
[1750] [M]: 0x0000000080001B44 (0x00AF1F13) slli t5, t5, 0xa
x30 <- 0x000000031000FC00

mem[X,0x0000000080001B48] -> 0x0F13
mem[X,0x0000000080001B4A] -> 0x3DFF
[1751] [M]: 0x0000000080001B48 (0x3DFF0F13) addi t5, t5, 0x3df
x30 <- 0x000000031000FFDF

mem[X,0x0000000080001B4C] -> 0x8EB7
mem[X,0x0000000080001B4E] -> 0x0008
[1752] [M]: 0x0000000080001B4C (0x00088EB7) lui t4, 0x88
x29 <- 0x0000000000088000

mem[X,0x0000000080001B50] -> 0x8E93
mem[X,0x0000000080001B52] -> 0xFFFE
[1753] [M]: 0x0000000080001B50 (0xFFFE8E93) addi t4, t4, -0x1
x29 <- 0x0000000000087FFF

mem[X,0x0000000080001B54] -> 0x9E93
mem[X,0x0000000080001B56] -> 0x00BE
[1754] [M]: 0x0000000080001B54 (0x00BE9E93) slli t4, t4, 0xb
x29 <- 0x0000000043FFF800

mem[X,0x0000000080001B58] -> 0x8E93
mem[X,0x0000000080001B5A] -> 0x77FE
[1755] [M]: 0x0000000080001B58 (0x77FE8E93) addi t4, t4, 0x77f
x29 <- 0x0000000043FFFF7F

mem[X,0x0000000080001B5C] -> 0x9E93
mem[X,0x0000000080001B5E] -> 0x00BE
[1756] [M]: 0x0000000080001B5C (0x00BE9E93) slli t4, t4, 0xb
x29 <- 0x0000021FFFFBF800

mem[X,0x0000000080001B60] -> 0x8E93
mem[X,0x0000000080001B62] -> 0x7FFE
[1757] [M]: 0x0000000080001B60 (0x7FFE8E93) addi t4, t4, 0x7ff
x29 <- 0x0000021FFFFBFFFF

mem[X,0x0000000080001B64] -> 0x9E93
mem[X,0x0000000080001B66] -> 0x00AE
[1758] [M]: 0x0000000080001B64 (0x00AE9E93) slli t4, t4, 0xa
x29 <- 0x00087FFFEFFFFC00

mem[X,0x0000000080001B68] -> 0x8E93
mem[X,0x0000000080001B6A] -> 0x3FEE
[1759] [M]: 0x0000000080001B68 (0x3FEE8E93) addi t4, t4, 0x3fe
x29 <- 0x00087FFFEFFFFFFE

mem[X,0x0000000080001B6C] -> 0x7FBB
mem[X,0x0000000080001B6E] -> 0x89DF
[1760] [M]: 0x0000000080001B6C (0x89DF7FBB) pmhacc.h t6, t5, t4
x31 <- 0xFCE1BCC8ACF37141

mem[X,0x0000000080001B70] -> 0xBC23
mem[X,0x0000000080001B72] -> 0x1FF0
[1761] [M]: 0x0000000080001B70 (0x1FF0BC23) sd t6, 0x1f8(ra)
mem[0x00000000800043F0] <- 0xFCE1BCC8ACF37141

mem[X,0x0000000080001B74] -> 0x0F37
mem[X,0x0000000080001B76] -> 0x1000
[1762] [M]: 0x0000000080001B74 (0x10000F37) lui t5, 0x10000
x30 <- 0x0000000010000000

mem[X,0x0000000080001B78] -> 0x0F13
mem[X,0x0000000080001B7A] -> 0x002F
[1763] [M]: 0x0000000080001B78 (0x002F0F13) addi t5, t5, 0x2
x30 <- 0x0000000010000002

mem[X,0x0000000080001B7C] -> 0x1F13
mem[X,0x0000000080001B7E] -> 0x00BF
[1764] [M]: 0x0000000080001B7C (0x00BF1F13) slli t5, t5, 0xb
x30 <- 0x0000008000001000

mem[X,0x0000000080001B80] -> 0x0F13
mem[X,0x0000000080001B82] -> 0x004F
[1765] [M]: 0x0000000080001B80 (0x004F0F13) addi t5, t5, 0x4
x30 <- 0x0000008000001004

mem[X,0x0000000080001B84] -> 0x1F13
mem[X,0x0000000080001B86] -> 0x00BF
[1766] [M]: 0x0000000080001B84 (0x00BF1F13) slli t5, t5, 0xb
x30 <- 0x0004000000802000

mem[X,0x0000000080001B88] -> 0x0F13
mem[X,0x0000000080001B8A] -> 0x000F
[1767] [M]: 0x0000000080001B88 (0x000F0F13) addi t5, t5, 0x0
x30 <- 0x0004000000802000

mem[X,0x0000000080001B8C] -> 0x1F13
mem[X,0x0000000080001B8E] -> 0x00AF
[1768] [M]: 0x0000000080001B8C (0x00AF1F13) slli t5, t5, 0xa
x30 <- 0x1000000200800000

mem[X,0x0000000080001B90] -> 0x0F13
mem[X,0x0000000080001B92] -> 0x006F
[1769] [M]: 0x0000000080001B90 (0x006F0F13) addi t5, t5, 0x6
x30 <- 0x1000000200800006

mem[X,0x0000000080001B94] -> 0x0EB7
mem[X,0x0000000080001B96] -> 0xFFF8
[1770] [M]: 0x0000000080001B94 (0xFFF80EB7) lui t4, -0x80
x29 <- 0xFFFFFFFFFFF80000

mem[X,0x0000000080001B98] -> 0x8E93
mem[X,0x0000000080001B9A] -> 0xFFCE
[1771] [M]: 0x0000000080001B98 (0xFFCE8E93) addi t4, t4, -0x4
x29 <- 0xFFFFFFFFFFF7FFFC

mem[X,0x0000000080001B9C] -> 0x9E93
mem[X,0x0000000080001B9E] -> 0x00BE
[1772] [M]: 0x0000000080001B9C (0x00BE9E93) slli t4, t4, 0xb
x29 <- 0xFFFFFFFFBFFFE000

mem[X,0x0000000080001BA0] -> 0x8E93
mem[X,0x0000000080001BA2] -> 0x040E
[1773] [M]: 0x0000000080001BA0 (0x040E8E93) addi t4, t4, 0x40
x29 <- 0xFFFFFFFFBFFFE040

mem[X,0x0000000080001BA4] -> 0x9E93
mem[X,0x0000000080001BA6] -> 0x00BE
[1774] [M]: 0x0000000080001BA4 (0x00BE9E93) slli t4, t4, 0xb
x29 <- 0xFFFFFDFFFF020000

mem[X,0x0000000080001BA8] -> 0x8E93
mem[X,0x0000000080001BAA] -> 0x03FE
[1775] [M]: 0x0000000080001BA8 (0x03FE8E93) addi t4, t4, 0x3f
x29 <- 0xFFFFFDFFFF02003F

mem[X,0x0000000080001BAC] -> 0x9E93
mem[X,0x0000000080001BAE] -> 0x00AE
[1776] [M]: 0x0000000080001BAC (0x00AE9E93) slli t4, t4, 0xa
x29 <- 0xFFF7FFFC0800FC00

mem[X,0x0000000080001BB0] -> 0x8E93
mem[X,0x0000000080001BB2] -> 0x37FE
[1777] [M]: 0x0000000080001BB0 (0x37FE8E93) addi t4, t4, 0x37f
x29 <- 0xFFF7FFFC0800FF7F

mem[X,0x0000000080001BB4] -> 0x7FBB
mem[X,0x0000000080001BB6] -> 0x89DF
[1778] [M]: 0x0000000080001BB4 (0x89DF7FBB) pmhacc.h t6, t5, t4
x31 <- 0xFCE0BCC7ACF77140

mem[X,0x0000000080001BB8] -> 0xB023
mem[X,0x0000000080001BBA] -> 0x21F0
[1779] [M]: 0x0000000080001BB8 (0x21F0B023) sd t6, 0x200(ra)
mem[0x00000000800043F8] <- 0xFCE0BCC7ACF77140

mem[X,0x0000000080001BBC] -> 0x0F37
mem[X,0x0000000080001BBE] -> 0x0080
[1780] [M]: 0x0000000080001BBC (0x00800F37) lui t5, 0x800
x30 <- 0x0000000000800000

mem[X,0x0000000080001BC0] -> 0x0F13
mem[X,0x0000000080001BC2] -> 0x080F
[1781] [M]: 0x0000000080001BC0 (0x080F0F13) addi t5, t5, 0x80
x30 <- 0x0000000000800080

mem[X,0x0000000080001BC4] -> 0x1F13
mem[X,0x0000000080001BC6] -> 0x00BF
[1782] [M]: 0x0000000080001BC4 (0x00BF1F13) slli t5, t5, 0xb
x30 <- 0x0000000400040000

mem[X,0x0000000080001BC8] -> 0x0F13
mem[X,0x0000000080001BCA] -> 0x000F
[1783] [M]: 0x0000000080001BC8 (0x000F0F13) addi t5, t5, 0x0
x30 <- 0x0000000400040000

mem[X,0x0000000080001BCC] -> 0x1F13
mem[X,0x0000000080001BCE] -> 0x00BF
[1784] [M]: 0x0000000080001BCC (0x00BF1F13) slli t5, t5, 0xb
x30 <- 0x0000200020000000

mem[X,0x0000000080001BD0] -> 0x0F13
mem[X,0x0000000080001BD2] -> 0x23FF
[1785] [M]: 0x0000000080001BD0 (0x23FF0F13) addi t5, t5, 0x23f
x30 <- 0x000020002000023F

mem[X,0x0000000080001BD4] -> 0x1F13
mem[X,0x0000000080001BD6] -> 0x00AF
[1786] [M]: 0x0000000080001BD4 (0x00AF1F13) slli t5, t5, 0xa
x30 <- 0x008000800008FC00

mem[X,0x0000000080001BD8] -> 0x0F13
mem[X,0x0000000080001BDA] -> 0x3DFF
[1787] [M]: 0x0000000080001BD8 (0x3DFF0F13) addi t5, t5, 0x3df
x30 <- 0x008000800008FFDF

mem[X,0x0000000080001BDC] -> 0xCEB7
mem[X,0x0000000080001BDE] -> 0xFFF8
[1788] [M]: 0x0000000080001BDC (0xFFF8CEB7) lui t4, -0x74
x29 <- 0xFFFFFFFFFFF8C000

mem[X,0x0000000080001BE0] -> 0x8E93
mem[X,0x0000000080001BE2] -> 0xFFFE
[1789] [M]: 0x0000000080001BE0 (0xFFFE8E93) addi t4, t4, -0x1
x29 <- 0xFFFFFFFFFFF8BFFF

mem[X,0x0000000080001BE4] -> 0x9E93
mem[X,0x0000000080001BE6] -> 0x00BE
[1790] [M]: 0x0000000080001BE4 (0x00BE9E93) slli t4, t4, 0xb
x29 <- 0xFFFFFFFFC5FFF800

mem[X,0x0000000080001BE8] -> 0x8E93
mem[X,0x0000000080001BEA] -> 0x7FFE
[1791] [M]: 0x0000000080001BE8 (0x7FFE8E93) addi t4, t4, 0x7ff
x29 <- 0xFFFFFFFFC5FFFFFF

mem[X,0x0000000080001BEC] -> 0x9E93
mem[X,0x0000000080001BEE] -> 0x00BE
[1792] [M]: 0x0000000080001BEC (0x00BE9E93) slli t4, t4, 0xb
x29 <- 0xFFFFFE2FFFFFF800

mem[X,0x0000000080001BF0] -> 0x8E93
mem[X,0x0000000080001BF2] -> 0x780E
[1793] [M]: 0x0000000080001BF0 (0x780E8E93) addi t4, t4, 0x780
x29 <- 0xFFFFFE2FFFFFFF80

mem[X,0x0000000080001BF4] -> 0x9E93
mem[X,0x0000000080001BF6] -> 0x00AE
[1794] [M]: 0x0000000080001BF4 (0x00AE9E93) slli t4, t4, 0xa
x29 <- 0xFFF8BFFFFFFE0000

mem[X,0x0000000080001BF8] -> 0x8E93
mem[X,0x0000000080001BFA] -> 0x007E
[1795] [M]: 0x0000000080001BF8 (0x007E8E93) addi t4, t4, 0x7
x29 <- 0xFFF8BFFFFFFE0007

mem[X,0x0000000080001BFC] -> 0x7FBB
mem[X,0x0000000080001BFE] -> 0x89DF
[1796] [M]: 0x0000000080001BFC (0x89DF7FBB) pmhacc.h t6, t5, t4
x31 <- 0xFCDFBCA6ACF6713F

mem[X,0x0000000080001C00] -> 0xB423
mem[X,0x0000000080001C02] -> 0x21F0
[1797] [M]: 0x0000000080001C00 (0x21F0B423) sd t6, 0x208(ra)
mem[0x0000000080004400] <- 0xFCDFBCA6ACF6713F

mem[X,0x0000000080001C04] -> 0x8F37
mem[X,0x0000000080001C06] -> 0x0080
[1798] [M]: 0x0000000080001C04 (0x00808F37) lui t5, 0x808
x30 <- 0x0000000000808000

mem[X,0x0000000080001C08] -> 0x0F13
mem[X,0x0000000080001C0A] -> 0xFFFF
[1799] [M]: 0x0000000080001C08 (0xFFFF0F13) addi t5, t5, -0x1
x30 <- 0x0000000000807FFF

clint::tick mtime <- 0x0000000000000012
 clint timer pending at mtime 0x0000000000000012
htif::tick 0x0000000000000000
mem[X,0x0000000080001C0C] -> 0x1F13
mem[X,0x0000000080001C0E] -> 0x00BF
[1800] [M]: 0x0000000080001C0C (0x00BF1F13) slli t5, t5, 0xb
x30 <- 0x0000000403FFF800

mem[X,0x0000000080001C10] -> 0x0F13
mem[X,0x0000000080001C12] -> 0x1FFF
[1801] [M]: 0x0000000080001C10 (0x1FFF0F13) addi t5, t5, 0x1ff
x30 <- 0x0000000403FFF9FF

mem[X,0x0000000080001C14] -> 0x1F13
mem[X,0x0000000080001C16] -> 0x00BF
[1802] [M]: 0x0000000080001C14 (0x00BF1F13) slli t5, t5, 0xb
x30 <- 0x0000201FFFCFF800

mem[X,0x0000000080001C18] -> 0x0F13
mem[X,0x0000000080001C1A] -> 0x7C0F
[1803] [M]: 0x0000000080001C18 (0x7C0F0F13) addi t5, t5, 0x7c0
x30 <- 0x0000201FFFCFFFC0

mem[X,0x0000000080001C1C] -> 0x1F13
mem[X,0x0000000080001C1E] -> 0x00AF
[1804] [M]: 0x0000000080001C1C (0x00AF1F13) slli t5, t5, 0xa
x30 <- 0x00807FFF3FFF0000

mem[X,0x0000000080001C20] -> 0x0F13
mem[X,0x0000000080001C22] -> 0x010F
[1805] [M]: 0x0000000080001C20 (0x010F0F13) addi t5, t5, 0x10
x30 <- 0x00807FFF3FFF0010

mem[X,0x0000000080001C24] -> 0x0EB7
mem[X,0x0000000080001C26] -> 0x0801
[1806] [M]: 0x0000000080001C24 (0x08010EB7) lui t4, 0x8010
x29 <- 0x0000000008010000

mem[X,0x0000000080001C28] -> 0x8E93
mem[X,0x0000000080001C2A] -> 0xFFFE
[1807] [M]: 0x0000000080001C28 (0xFFFE8E93) addi t4, t4, -0x1
x29 <- 0x000000000800FFFF

mem[X,0x0000000080001C2C] -> 0x9E93
mem[X,0x0000000080001C2E] -> 0x00BE
[1808] [M]: 0x0000000080001C2C (0x00BE9E93) slli t4, t4, 0xb
x29 <- 0x0000004007FFF800

mem[X,0x0000000080001C30] -> 0x8E93
mem[X,0x0000000080001C32] -> 0x5FFE
[1809] [M]: 0x0000000080001C30 (0x5FFE8E93) addi t4, t4, 0x5ff
x29 <- 0x0000004007FFFDFF

mem[X,0x0000000080001C34] -> 0x9E93
mem[X,0x0000000080001C36] -> 0x00BE
[1810] [M]: 0x0000000080001C34 (0x00BE9E93) slli t4, t4, 0xb
x29 <- 0x0002003FFFEFF800

mem[X,0x0000000080001C38] -> 0x8E93
mem[X,0x0000000080001C3A] -> 0x7FFE
[1811] [M]: 0x0000000080001C38 (0x7FFE8E93) addi t4, t4, 0x7ff
x29 <- 0x0002003FFFEFFFFF

mem[X,0x0000000080001C3C] -> 0x9E93
mem[X,0x0000000080001C3E] -> 0x00AE
[1812] [M]: 0x0000000080001C3C (0x00AE9E93) slli t4, t4, 0xa
x29 <- 0x0800FFFFBFFFFC00

mem[X,0x0000000080001C40] -> 0x8E93
mem[X,0x0000000080001C42] -> 0x3FDE
[1813] [M]: 0x0000000080001C40 (0x3FDE8E93) addi t4, t4, 0x3fd
x29 <- 0x0800FFFFBFFFFFFD

mem[X,0x0000000080001C44] -> 0x7FBB
mem[X,0x0000000080001C46] -> 0x89DF
[1814] [M]: 0x0000000080001C44 (0x89DF7FBB) pmhacc.h t6, t5, t4
x31 <- 0xFCE3BCA59CF6713E

mem[X,0x0000000080001C48] -> 0xB823
mem[X,0x0000000080001C4A] -> 0x21F0
[1815] [M]: 0x0000000080001C48 (0x21F0B823) sd t6, 0x210(ra)
mem[0x0000000080004408] <- 0xFCE3BCA59CF6713E

mem[X,0x0000000080001C4C] -> 0x0F37
mem[X,0x0000000080001C4E] -> 0xFFF6
[1816] [M]: 0x0000000080001C4C (0xFFF60F37) lui t5, -0xa0
x30 <- 0xFFFFFFFFFFF60000

mem[X,0x0000000080001C50] -> 0x0F13
mem[X,0x0000000080001C52] -> 0x004F
[1817] [M]: 0x0000000080001C50 (0x004F0F13) addi t5, t5, 0x4
x30 <- 0xFFFFFFFFFFF60004

mem[X,0x0000000080001C54] -> 0x1F13
mem[X,0x0000000080001C56] -> 0x00BF
[1818] [M]: 0x0000000080001C54 (0x00BF1F13) slli t5, t5, 0xb
x30 <- 0xFFFFFFFFB0002000

mem[X,0x0000000080001C58] -> 0x0F13
mem[X,0x0000000080001C5A] -> 0x7FFF
[1819] [M]: 0x0000000080001C58 (0x7FFF0F13) addi t5, t5, 0x7ff
x30 <- 0xFFFFFFFFB00027FF

mem[X,0x0000000080001C5C] -> 0x1F13
mem[X,0x0000000080001C5E] -> 0x00BF
[1820] [M]: 0x0000000080001C5C (0x00BF1F13) slli t5, t5, 0xb
x30 <- 0xFFFFFD80013FF800

mem[X,0x0000000080001C60] -> 0x0F13
mem[X,0x0000000080001C62] -> 0x5C0F
[1821] [M]: 0x0000000080001C60 (0x5C0F0F13) addi t5, t5, 0x5c0
x30 <- 0xFFFFFD80013FFDC0

mem[X,0x0000000080001C64] -> 0x1F13
mem[X,0x0000000080001C66] -> 0x00AF
[1822] [M]: 0x0000000080001C64 (0x00AF1F13) slli t5, t5, 0xa
x30 <- 0xFFF60004FFF70000

mem[X,0x0000000080001C68] -> 0x0F13
mem[X,0x0000000080001C6A] -> 0x009F
[1823] [M]: 0x0000000080001C68 (0x009F0F13) addi t5, t5, 0x9
x30 <- 0xFFF60004FFF70009

mem[X,0x0000000080001C6C] -> 0x0EB7
mem[X,0x0000000080001C6E] -> 0xAAAB
[1824] [M]: 0x0000000080001C6C (0xAAAB0EB7) lui t4, -0x55550
x29 <- 0xFFFFFFFFAAAB0000

mem[X,0x0000000080001C70] -> 0x8E93
mem[X,0x0000000080001C72] -> 0xFBFE
[1825] [M]: 0x0000000080001C70 (0xFBFE8E93) addi t4, t4, -0x41
x29 <- 0xFFFFFFFFAAAAFFBF

mem[X,0x0000000080001C74] -> 0x9E93
mem[X,0x0000000080001C76] -> 0x00BE
[1826] [M]: 0x0000000080001C74 (0x00BE9E93) slli t4, t4, 0xb
x29 <- 0xFFFFFD5557FDF800

mem[X,0x0000000080001C78] -> 0x8E93
mem[X,0x0000000080001C7A] -> 0x000E
[1827] [M]: 0x0000000080001C78 (0x000E8E93) addi t4, t4, 0x0
x29 <- 0xFFFFFD5557FDF800

mem[X,0x0000000080001C7C] -> 0x9E93
mem[X,0x0000000080001C7E] -> 0x00BE
[1828] [M]: 0x0000000080001C7C (0x00BE9E93) slli t4, t4, 0xb
x29 <- 0xFFEAAABFEFC00000

mem[X,0x0000000080001C80] -> 0x8E93
mem[X,0x0000000080001C82] -> 0x080E
[1829] [M]: 0x0000000080001C80 (0x080E8E93) addi t4, t4, 0x80
x29 <- 0xFFEAAABFEFC00080

mem[X,0x0000000080001C84] -> 0x9E93
mem[X,0x0000000080001C86] -> 0x00AE
[1830] [M]: 0x0000000080001C84 (0x00AE9E93) slli t4, t4, 0xa
x29 <- 0xAAAAFFBF00020000

mem[X,0x0000000080001C88] -> 0x8E93
mem[X,0x0000000080001C8A] -> 0x002E
[1831] [M]: 0x0000000080001C88 (0x002E8E93) addi t4, t4, 0x2
x29 <- 0xAAAAFFBF00020002

mem[X,0x0000000080001C8C] -> 0x7FBB
mem[X,0x0000000080001C8E] -> 0x89DF
[1832] [M]: 0x0000000080001C8C (0x89DF7FBB) pmhacc.h t6, t5, t4
x31 <- 0xFCE6BCA49CF5713E

mem[X,0x0000000080001C90] -> 0xBC23
mem[X,0x0000000080001C92] -> 0x21F0
[1833] [M]: 0x0000000080001C90 (0x21F0BC23) sd t6, 0x218(ra)
mem[0x0000000080004410] <- 0xFCE6BCA49CF5713E

mem[X,0x0000000080001C94] -> 0x0F37
mem[X,0x0000000080001C96] -> 0x000A
[1834] [M]: 0x0000000080001C94 (0x000A0F37) lui t5, 0xa0
x30 <- 0x00000000000A0000

mem[X,0x0000000080001C98] -> 0x0F13
mem[X,0x0000000080001C9A] -> 0xFFDF
[1835] [M]: 0x0000000080001C98 (0xFFDF0F13) addi t5, t5, -0x3
x30 <- 0x000000000009FFFD

mem[X,0x0000000080001C9C] -> 0x1F13
mem[X,0x0000000080001C9E] -> 0x00BF
[1836] [M]: 0x0000000080001C9C (0x00BF1F13) slli t5, t5, 0xb
x30 <- 0x000000004FFFE800

mem[X,0x0000000080001CA0] -> 0x0F13
mem[X,0x0000000080001CA2] -> 0x7FFF
[1837] [M]: 0x0000000080001CA0 (0x7FFF0F13) addi t5, t5, 0x7ff
x30 <- 0x000000004FFFEFFF

mem[X,0x0000000080001CA4] -> 0x1F13
mem[X,0x0000000080001CA6] -> 0x00BF
[1838] [M]: 0x0000000080001CA4 (0x00BF1F13) slli t5, t5, 0xb
x30 <- 0x0000027FFF7FF800

mem[X,0x0000000080001CA8] -> 0x0F13
mem[X,0x0000000080001CAA] -> 0x648F
[1839] [M]: 0x0000000080001CA8 (0x648F0F13) addi t5, t5, 0x648
x30 <- 0x0000027FFF7FFE48

mem[X,0x0000000080001CAC] -> 0x1F13
mem[X,0x0000000080001CAE] -> 0x00AF
[1840] [M]: 0x0000000080001CAC (0x00AF1F13) slli t5, t5, 0xa
x30 <- 0x0009FFFDFFF92000

mem[X,0x0000000080001CB0] -> 0xFEB7
mem[X,0x0000000080001CB2] -> 0xFFDF
[1841] [M]: 0x0000000080001CB0 (0xFFDFFEB7) lui t4, -0x201
x29 <- 0xFFFFFFFFFFDFF000

mem[X,0x0000000080001CB4] -> 0x8E93
mem[X,0x0000000080001CB6] -> 0xFFFE
[1842] [M]: 0x0000000080001CB4 (0xFFFE8E93) addi t4, t4, -0x1
x29 <- 0xFFFFFFFFFFDFEFFF

mem[X,0x0000000080001CB8] -> 0x9E93
mem[X,0x0000000080001CBA] -> 0x00BE
[1843] [M]: 0x0000000080001CB8 (0x00BE9E93) slli t4, t4, 0xb
x29 <- 0xFFFFFFFEFF7FF800

mem[X,0x0000000080001CBC] -> 0x8E93
mem[X,0x0000000080001CBE] -> 0x7FFE
[1844] [M]: 0x0000000080001CBC (0x7FFE8E93) addi t4, t4, 0x7ff
x29 <- 0xFFFFFFFEFF7FFFFF

mem[X,0x0000000080001CC0] -> 0x9E93
mem[X,0x0000000080001CC2] -> 0x00BE
[1845] [M]: 0x0000000080001CC0 (0x00BE9E93) slli t4, t4, 0xb
x29 <- 0xFFFFF7FBFFFFF800

mem[X,0x0000000080001CC4] -> 0x8E93
mem[X,0x0000000080001CC6] -> 0x5BFE
[1846] [M]: 0x0000000080001CC4 (0x5BFE8E93) addi t4, t4, 0x5bf
x29 <- 0xFFFFF7FBFFFFFDBF

mem[X,0x0000000080001CC8] -> 0x9E93
mem[X,0x0000000080001CCA] -> 0x00AE
[1847] [M]: 0x0000000080001CC8 (0x00AE9E93) slli t4, t4, 0xa
x29 <- 0xFFDFEFFFFFF6FC00

mem[X,0x0000000080001CCC] -> 0x8E93
mem[X,0x0000000080001CCE] -> 0x3DFE
[1848] [M]: 0x0000000080001CCC (0x3DFE8E93) addi t4, t4, 0x3df
x29 <- 0xFFDFEFFFFFF6FFDF

mem[X,0x0000000080001CD0] -> 0x7FBB
mem[X,0x0000000080001CD2] -> 0x89DF
[1849] [M]: 0x0000000080001CD0 (0x89DF7FBB) pmhacc.h t6, t5, t4
x31 <- 0xFCE5BCA49CF57139

mem[X,0x0000000080001CD4] -> 0xB023
mem[X,0x0000000080001CD6] -> 0x23F0
[1850] [M]: 0x0000000080001CD4 (0x23F0B023) sd t6, 0x220(ra)
mem[0x0000000080004418] <- 0xFCE5BCA49CF57139

mem[X,0x0000000080001CD8] -> 0x0F37
mem[X,0x0000000080001CDA] -> 0xFFFB
[1851] [M]: 0x0000000080001CD8 (0xFFFB0F37) lui t5, -0x50
x30 <- 0xFFFFFFFFFFFB0000

mem[X,0x0000000080001CDC] -> 0x0F13
mem[X,0x0000000080001CDE] -> 0x001F
[1852] [M]: 0x0000000080001CDC (0x001F0F13) addi t5, t5, 0x1
x30 <- 0xFFFFFFFFFFFB0001

mem[X,0x0000000080001CE0] -> 0x1F13
mem[X,0x0000000080001CE2] -> 0x00BF
[1853] [M]: 0x0000000080001CE0 (0x00BF1F13) slli t5, t5, 0xb
x30 <- 0xFFFFFFFFD8000800

mem[X,0x0000000080001CE4] -> 0x0F13
mem[X,0x0000000080001CE6] -> 0x7FDF
[1854] [M]: 0x0000000080001CE4 (0x7FDF0F13) addi t5, t5, 0x7fd
x30 <- 0xFFFFFFFFD8000FFD

mem[X,0x0000000080001CE8] -> 0x1F13
mem[X,0x0000000080001CEA] -> 0x00BF
[1855] [M]: 0x0000000080001CE8 (0x00BF1F13) slli t5, t5, 0xb
x30 <- 0xFFFFFEC0007FE800

mem[X,0x0000000080001CEC] -> 0x0F13
mem[X,0x0000000080001CEE] -> 0x7C0F
[1856] [M]: 0x0000000080001CEC (0x7C0F0F13) addi t5, t5, 0x7c0
x30 <- 0xFFFFFEC0007FEFC0

mem[X,0x0000000080001CF0] -> 0x1F13
mem[X,0x0000000080001CF2] -> 0x00AF
[1857] [M]: 0x0000000080001CF0 (0x00AF1F13) slli t5, t5, 0xa
x30 <- 0xFFFB0001FFBF0000

mem[X,0x0000000080001CF4] -> 0x0EB7
mem[X,0x0000000080001CF6] -> 0xAAAA
[1858] [M]: 0x0000000080001CF4 (0xAAAA0EB7) lui t4, -0x55560
x29 <- 0xFFFFFFFFAAAA0000

mem[X,0x0000000080001CF8] -> 0x8E93
mem[X,0x0000000080001CFA] -> 0x008E
[1859] [M]: 0x0000000080001CF8 (0x008E8E93) addi t4, t4, 0x8
x29 <- 0xFFFFFFFFAAAA0008

mem[X,0x0000000080001CFC] -> 0x9E93
mem[X,0x0000000080001CFE] -> 0x00BE
[1860] [M]: 0x0000000080001CFC (0x00BE9E93) slli t4, t4, 0xb
x29 <- 0xFFFFFD5550004000

mem[X,0x0000000080001D00] -> 0x8E93
mem[X,0x0000000080001D02] -> 0x000E
[1861] [M]: 0x0000000080001D00 (0x000E8E93) addi t4, t4, 0x0
x29 <- 0xFFFFFD5550004000

mem[X,0x0000000080001D04] -> 0x9E93
mem[X,0x0000000080001D06] -> 0x00BE
[1862] [M]: 0x0000000080001D04 (0x00BE9E93) slli t4, t4, 0xb
x29 <- 0xFFEAAA8002000000

mem[X,0x0000000080001D08] -> 0x8E93
mem[X,0x0000000080001D0A] -> 0x180E
[1863] [M]: 0x0000000080001D08 (0x180E8E93) addi t4, t4, 0x180
x29 <- 0xFFEAAA8002000180

mem[X,0x0000000080001D0C] -> 0x9E93
mem[X,0x0000000080001D0E] -> 0x00AE
[1864] [M]: 0x0000000080001D0C (0x00AE9E93) slli t4, t4, 0xa
x29 <- 0xAAAA000800060000

mem[X,0x0000000080001D10] -> 0x8E93
mem[X,0x0000000080001D12] -> 0x003E
[1865] [M]: 0x0000000080001D10 (0x003E8E93) addi t4, t4, 0x3
x29 <- 0xAAAA000800060003

mem[X,0x0000000080001D14] -> 0x7FBB
mem[X,0x0000000080001D16] -> 0x89DF
[1866] [M]: 0x0000000080001D14 (0x89DF7FBB) pmhacc.h t6, t5, t4
x31 <- 0xFCE6BCA49CF47139

mem[X,0x0000000080001D18] -> 0xB423
mem[X,0x0000000080001D1A] -> 0x23F0
[1867] [M]: 0x0000000080001D18 (0x23F0B423) sd t6, 0x228(ra)
mem[0x0000000080004420] <- 0xFCE6BCA49CF47139

mem[X,0x0000000080001D1C] -> 0xBF37
mem[X,0x0000000080001D1E] -> 0x4000
[1868] [M]: 0x0000000080001D1C (0x4000BF37) lui t5, 0x4000b
x30 <- 0x000000004000B000

mem[X,0x0000000080001D20] -> 0x0F13
mem[X,0x0000000080001D22] -> 0xAAAF
[1869] [M]: 0x0000000080001D20 (0xAAAF0F13) addi t5, t5, -0x556
x30 <- 0x000000004000AAAA

mem[X,0x0000000080001D24] -> 0x1F13
mem[X,0x0000000080001D26] -> 0x00BF
[1870] [M]: 0x0000000080001D24 (0x00BF1F13) slli t5, t5, 0xb
x30 <- 0x0000020005555000

mem[X,0x0000000080001D28] -> 0x0F13
mem[X,0x0000000080001D2A] -> 0x7FFF
[1871] [M]: 0x0000000080001D28 (0x7FFF0F13) addi t5, t5, 0x7ff
x30 <- 0x00000200055557FF

mem[X,0x0000000080001D2C] -> 0x1F13
mem[X,0x0000000080001D2E] -> 0x00BF
[1872] [M]: 0x0000000080001D2C (0x00BF1F13) slli t5, t5, 0xb
x30 <- 0x0010002AAABFF800

mem[X,0x0000000080001D30] -> 0x0F13
mem[X,0x0000000080001D32] -> 0x66FF
[1873] [M]: 0x0000000080001D30 (0x66FF0F13) addi t5, t5, 0x66f
x30 <- 0x0010002AAABFFE6F

mem[X,0x0000000080001D34] -> 0x1F13
mem[X,0x0000000080001D36] -> 0x00AF
[1874] [M]: 0x0000000080001D34 (0x00AF1F13) slli t5, t5, 0xa
x30 <- 0x4000AAAAFFF9BC00

mem[X,0x0000000080001D38] -> 0x0F13
mem[X,0x0000000080001D3A] -> 0x3FFF
[1875] [M]: 0x0000000080001D38 (0x3FFF0F13) addi t5, t5, 0x3ff
x30 <- 0x4000AAAAFFF9BFFF

mem[X,0x0000000080001D3C] -> 0x1EB7
mem[X,0x0000000080001D3E] -> 0xFFFD
[1876] [M]: 0x0000000080001D3C (0xFFFD1EB7) lui t4, -0x2f
x29 <- 0xFFFFFFFFFFFD1000

mem[X,0x0000000080001D40] -> 0x8E93
mem[X,0x0000000080001D42] -> 0x800E
[1877] [M]: 0x0000000080001D40 (0x800E8E93) addi t4, t4, -0x800
x29 <- 0xFFFFFFFFFFFD0800

mem[X,0x0000000080001D44] -> 0x9E93
mem[X,0x0000000080001D46] -> 0x00BE
[1878] [M]: 0x0000000080001D44 (0x00BE9E93) slli t4, t4, 0xb
x29 <- 0xFFFFFFFFE8400000

mem[X,0x0000000080001D48] -> 0x8E93
mem[X,0x0000000080001D4A] -> 0x7FFE
[1879] [M]: 0x0000000080001D48 (0x7FFE8E93) addi t4, t4, 0x7ff
x29 <- 0xFFFFFFFFE84007FF

mem[X,0x0000000080001D4C] -> 0x9E93
mem[X,0x0000000080001D4E] -> 0x00BE
[1880] [M]: 0x0000000080001D4C (0x00BE9E93) slli t4, t4, 0xb
x29 <- 0xFFFFFF42003FF800

mem[X,0x0000000080001D50] -> 0x8E93
mem[X,0x0000000080001D52] -> 0x5BEE
[1881] [M]: 0x0000000080001D50 (0x5BEE8E93) addi t4, t4, 0x5be
x29 <- 0xFFFFFF42003FFDBE

mem[X,0x0000000080001D54] -> 0x9E93
mem[X,0x0000000080001D56] -> 0x00AE
[1882] [M]: 0x0000000080001D54 (0x00AE9E93) slli t4, t4, 0xa
x29 <- 0xFFFD0800FFF6F800

mem[X,0x0000000080001D58] -> 0x8E93
mem[X,0x0000000080001D5A] -> 0x3FFE
[1883] [M]: 0x0000000080001D58 (0x3FFE8E93) addi t4, t4, 0x3ff
x29 <- 0xFFFD0800FFF6FBFF

mem[X,0x0000000080001D5C] -> 0x7FBB
mem[X,0x0000000080001D5E] -> 0x89DF
[1884] [M]: 0x0000000080001D5C (0x89DF7FBB) pmhacc.h t6, t5, t4
x31 <- 0xFCE5B9F99CF47239

mem[X,0x0000000080001D60] -> 0xB823
mem[X,0x0000000080001D62] -> 0x23F0
[1885] [M]: 0x0000000080001D60 (0x23F0B823) sd t6, 0x230(ra)
mem[0x0000000080004428] <- 0xFCE5B9F99CF47239

mem[X,0x0000000080001D64] -> 0x0F37
mem[X,0x0000000080001D66] -> 0x0005
[1886] [M]: 0x0000000080001D64 (0x00050F37) lui t5, 0x50
x30 <- 0x0000000000050000

mem[X,0x0000000080001D68] -> 0x0F13
mem[X,0x0000000080001D6A] -> 0xFBFF
[1887] [M]: 0x0000000080001D68 (0xFBFF0F13) addi t5, t5, -0x41
x30 <- 0x000000000004FFBF

mem[X,0x0000000080001D6C] -> 0x1F13
mem[X,0x0000000080001D6E] -> 0x00BF
[1888] [M]: 0x0000000080001D6C (0x00BF1F13) slli t5, t5, 0xb
x30 <- 0x0000000027FDF800

mem[X,0x0000000080001D70] -> 0x0F13
mem[X,0x0000000080001D72] -> 0x000F
[1889] [M]: 0x0000000080001D70 (0x000F0F13) addi t5, t5, 0x0
x30 <- 0x0000000027FDF800

mem[X,0x0000000080001D74] -> 0x1F13
mem[X,0x0000000080001D76] -> 0x00BF
[1890] [M]: 0x0000000080001D74 (0x00BF1F13) slli t5, t5, 0xb
x30 <- 0x0000013FEFC00000

mem[X,0x0000000080001D78] -> 0x0F13
mem[X,0x0000000080001D7A] -> 0x0FFF
[1891] [M]: 0x0000000080001D78 (0x0FFF0F13) addi t5, t5, 0xff
x30 <- 0x0000013FEFC000FF

mem[X,0x0000000080001D7C] -> 0x1F13
mem[X,0x0000000080001D7E] -> 0x00AF
[1892] [M]: 0x0000000080001D7C (0x00AF1F13) slli t5, t5, 0xa
x30 <- 0x0004FFBF0003FC00

mem[X,0x0000000080001D80] -> 0x0F13
mem[X,0x0000000080001D82] -> 0x3FFF
[1893] [M]: 0x0000000080001D80 (0x3FFF0F13) addi t5, t5, 0x3ff
x30 <- 0x0004FFBF0003FFFF

mem[X,0x0000000080001D84] -> 0x8EB7
mem[X,0x0000000080001D86] -> 0x0006
[1894] [M]: 0x0000000080001D84 (0x00068EB7) lui t4, 0x68
x29 <- 0x0000000000068000

mem[X,0x0000000080001D88] -> 0x8E93
mem[X,0x0000000080001D8A] -> 0x000E
[1895] [M]: 0x0000000080001D88 (0x000E8E93) addi t4, t4, 0x0
x29 <- 0x0000000000068000

mem[X,0x0000000080001D8C] -> 0x9E93
mem[X,0x0000000080001D8E] -> 0x00BE
[1896] [M]: 0x0000000080001D8C (0x00BE9E93) slli t4, t4, 0xb
x29 <- 0x0000000034000000

mem[X,0x0000000080001D90] -> 0x8E93
mem[X,0x0000000080001D92] -> 0x000E
[1897] [M]: 0x0000000080001D90 (0x000E8E93) addi t4, t4, 0x0
x29 <- 0x0000000034000000

mem[X,0x0000000080001D94] -> 0x9E93
mem[X,0x0000000080001D96] -> 0x00BE
[1898] [M]: 0x0000000080001D94 (0x00BE9E93) slli t4, t4, 0xb
x29 <- 0x000001A000000000

mem[X,0x0000000080001D98] -> 0x8E93
mem[X,0x0000000080001D9A] -> 0x43FE
[1899] [M]: 0x0000000080001D98 (0x43FE8E93) addi t4, t4, 0x43f
x29 <- 0x000001A00000043F

clint::tick mtime <- 0x0000000000000013
 clint timer pending at mtime 0x0000000000000013
htif::tick 0x0000000000000000
mem[X,0x0000000080001D9C] -> 0x9E93
mem[X,0x0000000080001D9E] -> 0x00AE
[1900] [M]: 0x0000000080001D9C (0x00AE9E93) slli t4, t4, 0xa
x29 <- 0x000680000010FC00

mem[X,0x0000000080001DA0] -> 0x8E93
mem[X,0x0000000080001DA2] -> 0x3FFE
[1901] [M]: 0x0000000080001DA0 (0x3FFE8E93) addi t4, t4, 0x3ff
x29 <- 0x000680000010FFFF

mem[X,0x0000000080001DA4] -> 0x7FBB
mem[X,0x0000000080001DA6] -> 0x89DF
[1902] [M]: 0x0000000080001DA4 (0x89DF7FBB) pmhacc.h t6, t5, t4
x31 <- 0xFCE5BA199CF47239

mem[X,0x0000000080001DA8] -> 0xBC23
mem[X,0x0000000080001DAA] -> 0x23F0
[1903] [M]: 0x0000000080001DA8 (0x23F0BC23) sd t6, 0x238(ra)
mem[0x0000000080004430] <- 0xFCE5BA199CF47239

mem[X,0x0000000080001DAC] -> 0x0F37
mem[X,0x0000000080001DAE] -> 0x8001
[1904] [M]: 0x0000000080001DAC (0x80010F37) lui t5, -0x7fff0
x30 <- 0xFFFFFFFF80010000

mem[X,0x0000000080001DB0] -> 0x0F13
mem[X,0x0000000080001DB2] -> 0xFFCF
[1905] [M]: 0x0000000080001DB0 (0xFFCF0F13) addi t5, t5, -0x4
x30 <- 0xFFFFFFFF8000FFFC

mem[X,0x0000000080001DB4] -> 0x1F13
mem[X,0x0000000080001DB6] -> 0x00BF
[1906] [M]: 0x0000000080001DB4 (0x00BF1F13) slli t5, t5, 0xb
x30 <- 0xFFFFFC0007FFE000

mem[X,0x0000000080001DB8] -> 0x0F13
mem[X,0x0000000080001DBA] -> 0x7FFF
[1907] [M]: 0x0000000080001DB8 (0x7FFF0F13) addi t5, t5, 0x7ff
x30 <- 0xFFFFFC0007FFE7FF

mem[X,0x0000000080001DBC] -> 0x1F13
mem[X,0x0000000080001DBE] -> 0x00BF
[1908] [M]: 0x0000000080001DBC (0x00BF1F13) slli t5, t5, 0xb
x30 <- 0xFFE0003FFF3FF800

mem[X,0x0000000080001DC0] -> 0x0F13
mem[X,0x0000000080001DC2] -> 0x7FBF
[1909] [M]: 0x0000000080001DC0 (0x7FBF0F13) addi t5, t5, 0x7fb
x30 <- 0xFFE0003FFF3FFFFB

mem[X,0x0000000080001DC4] -> 0x1F13
mem[X,0x0000000080001DC6] -> 0x00AF
[1910] [M]: 0x0000000080001DC4 (0x00AF1F13) slli t5, t5, 0xa
x30 <- 0x8000FFFCFFFFEC00

mem[X,0x0000000080001DC8] -> 0x0F13
mem[X,0x0000000080001DCA] -> 0x3FFF
[1911] [M]: 0x0000000080001DC8 (0x3FFF0F13) addi t5, t5, 0x3ff
x30 <- 0x8000FFFCFFFFEFFF

mem[X,0x0000000080001DCC] -> 0x0EB7
mem[X,0x0000000080001DCE] -> 0xFFFB
[1912] [M]: 0x0000000080001DCC (0xFFFB0EB7) lui t4, -0x50
x29 <- 0xFFFFFFFFFFFB0000

mem[X,0x0000000080001DD0] -> 0x8E93
mem[X,0x0000000080001DD2] -> 0x001E
[1913] [M]: 0x0000000080001DD0 (0x001E8E93) addi t4, t4, 0x1
x29 <- 0xFFFFFFFFFFFB0001

mem[X,0x0000000080001DD4] -> 0x9E93
mem[X,0x0000000080001DD6] -> 0x00BE
[1914] [M]: 0x0000000080001DD4 (0x00BE9E93) slli t4, t4, 0xb
x29 <- 0xFFFFFFFFD8000800

mem[X,0x0000000080001DD8] -> 0x8E93
mem[X,0x0000000080001DDA] -> 0x7F7E
[1915] [M]: 0x0000000080001DD8 (0x7F7E8E93) addi t4, t4, 0x7f7
x29 <- 0xFFFFFFFFD8000FF7

mem[X,0x0000000080001DDC] -> 0x9E93
mem[X,0x0000000080001DDE] -> 0x00BE
[1916] [M]: 0x0000000080001DDC (0x00BE9E93) slli t4, t4, 0xb
x29 <- 0xFFFFFEC0007FB800

mem[X,0x0000000080001DE0] -> 0x8E93
mem[X,0x0000000080001DE2] -> 0x7C2E
[1917] [M]: 0x0000000080001DE0 (0x7C2E8E93) addi t4, t4, 0x7c2
x29 <- 0xFFFFFEC0007FBFC2

mem[X,0x0000000080001DE4] -> 0x9E93
mem[X,0x0000000080001DE6] -> 0x00AE
[1918] [M]: 0x0000000080001DE4 (0x00AE9E93) slli t4, t4, 0xa
x29 <- 0xFFFB0001FEFF0800

mem[X,0x0000000080001DE8] -> 0x7FBB
mem[X,0x0000000080001DEA] -> 0x89DF
[1919] [M]: 0x0000000080001DE8 (0x89DF7FBB) pmhacc.h t6, t5, t4
x31 <- 0xFCE7BA189CF471B8

mem[X,0x0000000080001DEC] -> 0xB023
mem[X,0x0000000080001DEE] -> 0x25F0
[1920] [M]: 0x0000000080001DEC (0x25F0B023) sd t6, 0x240(ra)
mem[0x0000000080004438] <- 0xFCE7BA189CF471B8

mem[X,0x0000000080001DF0] -> 0x006F
mem[X,0x0000000080001DF2] -> 0x0380
[1921] [M]: 0x0000000080001DF0 (0x0380006F) jal zero, 0x38

mem[X,0x0000000080001E28] -> 0x0093
mem[X,0x0000000080001E2A] -> 0x0010
[1922] [M]: 0x0000000080001E28 (0x00100093) addi ra, zero, 0x1
x1 <- 0x0000000000000001

mem[X,0x0000000080001E2C] -> 0x0F17
mem[X,0x0000000080001E2E] -> 0x0000
[1923] [M]: 0x0000000080001E2C (0x00000F17) auipc t5, 0x0
x30 <- 0x0000000080001E2C

mem[X,0x0000000080001E30] -> 0x2A23
mem[X,0x0000000080001E32] -> 0x1C1F
[1924] [M]: 0x0000000080001E30 (0x1C1F2A23) sw ra, 0x1d4(t5)
htif[0x0000000080002000] <- 0x00000001

mem[X,0x0000000080001E34] -> 0xF06F
mem[X,0x0000000080001E36] -> 0xFF9F
[1925] [M]: 0x0000000080001E34 (0xFF9FF06F) jal zero, -0x8

mem[X,0x0000000080001E2C] -> 0x0F17
mem[X,0x0000000080001E2E] -> 0x0000
[1926] [M]: 0x0000000080001E2C (0x00000F17) auipc t5, 0x0
x30 <- 0x0000000080001E2C

mem[X,0x0000000080001E30] -> 0x2A23
mem[X,0x0000000080001E32] -> 0x1C1F
[1927] [M]: 0x0000000080001E30 (0x1C1F2A23) sw ra, 0x1d4(t5)
htif[0x0000000080002000] <- 0x00000001

mem[X,0x0000000080001E34] -> 0xF06F
mem[X,0x0000000080001E36] -> 0xFF9F
[1928] [M]: 0x0000000080001E34 (0xFF9FF06F) jal zero, -0x8

mem[X,0x0000000080001E2C] -> 0x0F17
mem[X,0x0000000080001E2E] -> 0x0000
[1929] [M]: 0x0000000080001E2C (0x00000F17) auipc t5, 0x0
x30 <- 0x0000000080001E2C

mem[X,0x0000000080001E30] -> 0x2A23
mem[X,0x0000000080001E32] -> 0x1C1F
[1930] [M]: 0x0000000080001E30 (0x1C1F2A23) sw ra, 0x1d4(t5)
htif[0x0000000080002000] <- 0x00000001
htif-syscall-proxy cmd: 0x000000000001

SUCCESS
