using /home/chsu/rvp-workspace/test-64/riscof_work/psadd.h-01.S/ref/Reference-sail_c_simulator.signature for test-signature output.
tohost located at 0x80002000
Running file ref.elf.
ELF Entry @ 0x80000000
begin_signature: 0x80004110
end_signature: 0x80004470
CSR mstatus <- 0x0000000A00000000 (input: 0x0000000000000000)
mem[X,0x0000000000001000] -> 0x0297
mem[X,0x0000000000001002] -> 0x0000
[0] [M]: 0x0000000000001000 (0x00000297) auipc t0, 0x0
x5 <- 0x0000000000001000

mem[X,0x0000000000001004] -> 0x8593
mem[X,0x0000000000001006] -> 0x0202
[1] [M]: 0x0000000000001004 (0x02028593) addi a1, t0, 0x20
x11 <- 0x0000000000001020

mem[X,0x0000000000001008] -> 0x2573
mem[X,0x000000000000100A] -> 0xF140
[2] [M]: 0x0000000000001008 (0xF1402573) csrrs a0, mhartid, zero
CSR mhartid -> 0x0000000000000000
x10 <- 0x0000000000000000

mem[X,0x000000000000100C] -> 0xB283
mem[X,0x000000000000100E] -> 0x0182
[3] [M]: 0x000000000000100C (0x0182B283) ld t0, 0x18(t0)
mem[R,0x0000000000001018] -> 0x0000000080000000
x5 <- 0x0000000080000000

mem[X,0x0000000000001010] -> 0x8067
mem[X,0x0000000000001012] -> 0x0002
[4] [M]: 0x0000000000001010 (0x00028067) jalr zero, 0x0(t0)

mem[X,0x0000000080000000] -> 0x0837
mem[X,0x0000000080000002] -> 0x7D5C
[5] [M]: 0x0000000080000000 (0x7D5C0837) lui a6, 0x7d5c0
x16 <- 0x000000007D5C0000

mem[X,0x0000000080000004] -> 0x0813
mem[X,0x0000000080000006] -> 0xDDB8
[6] [M]: 0x0000000080000004 (0xDDB80813) addi a6, a6, -0x225
x16 <- 0x000000007D5BFDDB

mem[X,0x0000000080000008] -> 0x1813
mem[X,0x000000008000000A] -> 0x00B8
[7] [M]: 0x0000000080000008 (0x00B81813) slli a6, a6, 0xb
x16 <- 0x000003EADFEED800

mem[X,0x000000008000000C] -> 0x0813
mem[X,0x000000008000000E] -> 0x3EA8
[8] [M]: 0x000000008000000C (0x3EA80813) addi a6, a6, 0x3ea
x16 <- 0x000003EADFEEDBEA

mem[X,0x0000000080000010] -> 0x1813
mem[X,0x0000000080000012] -> 0x00B8
[9] [M]: 0x0000000080000010 (0x00B81813) slli a6, a6, 0xb
x16 <- 0x001F56FF76DF5000

mem[X,0x0000000080000014] -> 0x0813
mem[X,0x0000000080000016] -> 0x6FF8
[10] [M]: 0x0000000080000014 (0x6FF80813) addi a6, a6, 0x6ff
x16 <- 0x001F56FF76DF56FF

mem[X,0x0000000080000018] -> 0x1813
mem[X,0x000000008000001A] -> 0x00A8
[11] [M]: 0x0000000080000018 (0x00A81813) slli a6, a6, 0xa
x16 <- 0x7D5BFDDB7D5BFC00

mem[X,0x000000008000001C] -> 0x0813
mem[X,0x000000008000001E] -> 0x1DB8
[12] [M]: 0x000000008000001C (0x1DB80813) addi a6, a6, 0x1db
x16 <- 0x7D5BFDDB7D5BFDDB

mem[X,0x0000000080000020] -> 0x5893
mem[X,0x0000000080000022] -> 0x0078
[13] [M]: 0x0000000080000020 (0x00785893) srli a7, a6, 0x7
x17 <- 0x00FAB7FBB6FAB7FB

mem[X,0x0000000080000024] -> 0x5793
mem[X,0x0000000080000026] -> 0x0398
[14] [M]: 0x0000000080000024 (0x03985793) srli a5, a6, 0x39
x15 <- 0x000000000000003E

mem[X,0x0000000080000028] -> 0xE8B3
mem[X,0x000000008000002A] -> 0x00F8
[15] [M]: 0x0000000080000028 (0x00F8E8B3) or a7, a7, a5
x17 <- 0x00FAB7FBB6FAB7FF

mem[X,0x000000008000002C] -> 0xD913
mem[X,0x000000008000002E] -> 0x0078
[16] [M]: 0x000000008000002C (0x0078D913) srli s2, a7, 0x7
x18 <- 0x0001F56FF76DF56F

mem[X,0x0000000080000030] -> 0xD793
mem[X,0x0000000080000032] -> 0x0398
[17] [M]: 0x0000000080000030 (0x0398D793) srli a5, a7, 0x39
x15 <- 0x0000000000000000

mem[X,0x0000000080000034] -> 0x6933
mem[X,0x0000000080000036] -> 0x00F9
[18] [M]: 0x0000000080000034 (0x00F96933) or s2, s2, a5
x18 <- 0x0001F56FF76DF56F

mem[X,0x0000000080000038] -> 0x5993
mem[X,0x000000008000003A] -> 0x0079
[19] [M]: 0x0000000080000038 (0x00795993) srli s3, s2, 0x7
x19 <- 0x000003EADFEEDBEA

mem[X,0x000000008000003C] -> 0x5793
mem[X,0x000000008000003E] -> 0x0399
[20] [M]: 0x000000008000003C (0x03995793) srli a5, s2, 0x39
x15 <- 0x0000000000000000

mem[X,0x0000000080000040] -> 0xE9B3
mem[X,0x0000000080000042] -> 0x00F9
[21] [M]: 0x0000000080000040 (0x00F9E9B3) or s3, s3, a5
x19 <- 0x000003EADFEEDBEA

mem[X,0x0000000080000044] -> 0xDA13
mem[X,0x0000000080000046] -> 0x0079
[22] [M]: 0x0000000080000044 (0x0079DA13) srli s4, s3, 0x7
x20 <- 0x00000007D5BFDDB7

mem[X,0x0000000080000048] -> 0xD793
mem[X,0x000000008000004A] -> 0x0399
[23] [M]: 0x0000000080000048 (0x0399D793) srli a5, s3, 0x39
x15 <- 0x0000000000000000

mem[X,0x000000008000004C] -> 0x6A33
mem[X,0x000000008000004E] -> 0x00FA
[24] [M]: 0x000000008000004C (0x00FA6A33) or s4, s4, a5
x20 <- 0x00000007D5BFDDB7

mem[X,0x0000000080000050] -> 0x5A93
mem[X,0x0000000080000052] -> 0x007A
[25] [M]: 0x0000000080000050 (0x007A5A93) srli s5, s4, 0x7
x21 <- 0x000000000FAB7FBB

mem[X,0x0000000080000054] -> 0x5793
mem[X,0x0000000080000056] -> 0x039A
[26] [M]: 0x0000000080000054 (0x039A5793) srli a5, s4, 0x39
x15 <- 0x0000000000000000

mem[X,0x0000000080000058] -> 0xEAB3
mem[X,0x000000008000005A] -> 0x00FA
[27] [M]: 0x0000000080000058 (0x00FAEAB3) or s5, s5, a5
x21 <- 0x000000000FAB7FBB

mem[X,0x000000008000005C] -> 0xDB13
mem[X,0x000000008000005E] -> 0x007A
[28] [M]: 0x000000008000005C (0x007ADB13) srli s6, s5, 0x7
x22 <- 0x00000000001F56FF

mem[X,0x0000000080000060] -> 0xD793
mem[X,0x0000000080000062] -> 0x039A
[29] [M]: 0x0000000080000060 (0x039AD793) srli a5, s5, 0x39
x15 <- 0x0000000000000000

mem[X,0x0000000080000064] -> 0x6B33
mem[X,0x0000000080000066] -> 0x00FB
[30] [M]: 0x0000000080000064 (0x00FB6B33) or s6, s6, a5
x22 <- 0x00000000001F56FF

mem[X,0x0000000080000068] -> 0x5B93
mem[X,0x000000008000006A] -> 0x007B
[31] [M]: 0x0000000080000068 (0x007B5B93) srli s7, s6, 0x7
x23 <- 0x0000000000003EAD

mem[X,0x000000008000006C] -> 0x5793
mem[X,0x000000008000006E] -> 0x039B
[32] [M]: 0x000000008000006C (0x039B5793) srli a5, s6, 0x39
x15 <- 0x0000000000000000

mem[X,0x0000000080000070] -> 0xEBB3
mem[X,0x0000000080000072] -> 0x00FB
[33] [M]: 0x0000000080000070 (0x00FBEBB3) or s7, s7, a5
x23 <- 0x0000000000003EAD

mem[X,0x0000000080000074] -> 0xDC13
mem[X,0x0000000080000076] -> 0x007B
[34] [M]: 0x0000000080000074 (0x007BDC13) srli s8, s7, 0x7
x24 <- 0x000000000000007D

mem[X,0x0000000080000078] -> 0xD793
mem[X,0x000000008000007A] -> 0x039B
[35] [M]: 0x0000000080000078 (0x039BD793) srli a5, s7, 0x39
x15 <- 0x0000000000000000

mem[X,0x000000008000007C] -> 0x6C33
mem[X,0x000000008000007E] -> 0x00FC
[36] [M]: 0x000000008000007C (0x00FC6C33) or s8, s8, a5
x24 <- 0x000000000000007D

mem[X,0x0000000080000080] -> 0x5C93
mem[X,0x0000000080000082] -> 0x007C
[37] [M]: 0x0000000080000080 (0x007C5C93) srli s9, s8, 0x7
x25 <- 0x0000000000000000

mem[X,0x0000000080000084] -> 0x5793
mem[X,0x0000000080000086] -> 0x039C
[38] [M]: 0x0000000080000084 (0x039C5793) srli a5, s8, 0x39
x15 <- 0x0000000000000000

mem[X,0x0000000080000088] -> 0xECB3
mem[X,0x000000008000008A] -> 0x00FC
[39] [M]: 0x0000000080000088 (0x00FCECB3) or s9, s9, a5
x25 <- 0x0000000000000000

mem[X,0x000000008000008C] -> 0xDD13
mem[X,0x000000008000008E] -> 0x007C
[40] [M]: 0x000000008000008C (0x007CDD13) srli s10, s9, 0x7
x26 <- 0x0000000000000000

mem[X,0x0000000080000090] -> 0xD793
mem[X,0x0000000080000092] -> 0x039C
[41] [M]: 0x0000000080000090 (0x039CD793) srli a5, s9, 0x39
x15 <- 0x0000000000000000

mem[X,0x0000000080000094] -> 0x6D33
mem[X,0x0000000080000096] -> 0x00FD
[42] [M]: 0x0000000080000094 (0x00FD6D33) or s10, s10, a5
x26 <- 0x0000000000000000

mem[X,0x0000000080000098] -> 0x5D93
mem[X,0x000000008000009A] -> 0x007D
[43] [M]: 0x0000000080000098 (0x007D5D93) srli s11, s10, 0x7
x27 <- 0x0000000000000000

mem[X,0x000000008000009C] -> 0x5793
mem[X,0x000000008000009E] -> 0x039D
[44] [M]: 0x000000008000009C (0x039D5793) srli a5, s10, 0x39
x15 <- 0x0000000000000000

mem[X,0x00000000800000A0] -> 0xEDB3
mem[X,0x00000000800000A2] -> 0x00FD
[45] [M]: 0x00000000800000A0 (0x00FDEDB3) or s11, s11, a5
x27 <- 0x0000000000000000

mem[X,0x00000000800000A4] -> 0xDE13
mem[X,0x00000000800000A6] -> 0x007D
[46] [M]: 0x00000000800000A4 (0x007DDE13) srli t3, s11, 0x7
x28 <- 0x0000000000000000

mem[X,0x00000000800000A8] -> 0xD793
mem[X,0x00000000800000AA] -> 0x039D
[47] [M]: 0x00000000800000A8 (0x039DD793) srli a5, s11, 0x39
x15 <- 0x0000000000000000

mem[X,0x00000000800000AC] -> 0x6E33
mem[X,0x00000000800000AE] -> 0x00FE
[48] [M]: 0x00000000800000AC (0x00FE6E33) or t3, t3, a5
x28 <- 0x0000000000000000

mem[X,0x00000000800000B0] -> 0x5E93
mem[X,0x00000000800000B2] -> 0x007E
[49] [M]: 0x00000000800000B0 (0x007E5E93) srli t4, t3, 0x7
x29 <- 0x0000000000000000

mem[X,0x00000000800000B4] -> 0x5793
mem[X,0x00000000800000B6] -> 0x039E
[50] [M]: 0x00000000800000B4 (0x039E5793) srli a5, t3, 0x39
x15 <- 0x0000000000000000

mem[X,0x00000000800000B8] -> 0xEEB3
mem[X,0x00000000800000BA] -> 0x00FE
[51] [M]: 0x00000000800000B8 (0x00FEEEB3) or t4, t4, a5
x29 <- 0x0000000000000000

mem[X,0x00000000800000BC] -> 0xDF13
mem[X,0x00000000800000BE] -> 0x007E
[52] [M]: 0x00000000800000BC (0x007EDF13) srli t5, t4, 0x7
x30 <- 0x0000000000000000

mem[X,0x00000000800000C0] -> 0xD793
mem[X,0x00000000800000C2] -> 0x039E
[53] [M]: 0x00000000800000C0 (0x039ED793) srli a5, t4, 0x39
x15 <- 0x0000000000000000

mem[X,0x00000000800000C4] -> 0x6F33
mem[X,0x00000000800000C6] -> 0x00FF
[54] [M]: 0x00000000800000C4 (0x00FF6F33) or t5, t5, a5
x30 <- 0x0000000000000000

mem[X,0x00000000800000C8] -> 0xC0B7
mem[X,0x00000000800000CA] -> 0xFEED
[55] [M]: 0x00000000800000C8 (0xFEEDC0B7) lui ra, -0x1124
x1 <- 0xFFFFFFFFFEEDC000

mem[X,0x00000000800000CC] -> 0x8093
mem[X,0x00000000800000CE] -> 0xEAD0
[56] [M]: 0x00000000800000CC (0xEAD08093) addi ra, ra, -0x153
x1 <- 0xFFFFFFFFFEEDBEAD

mem[X,0x00000000800000D0] -> 0x9093
mem[X,0x00000000800000D2] -> 0x00B0
[57] [M]: 0x00000000800000D0 (0x00B09093) slli ra, ra, 0xb
x1 <- 0xFFFFFFF76DF56800

mem[X,0x00000000800000D4] -> 0x8093
mem[X,0x00000000800000D6] -> 0x7F70
[58] [M]: 0x00000000800000D4 (0x7F708093) addi ra, ra, 0x7f7
x1 <- 0xFFFFFFF76DF56FF7

mem[X,0x00000000800000D8] -> 0x9093
mem[X,0x00000000800000DA] -> 0x00B0
[59] [M]: 0x00000000800000D8 (0x00B09093) slli ra, ra, 0xb
x1 <- 0xFFFFBB6FAB7FB800

mem[X,0x00000000800000DC] -> 0x8093
mem[X,0x00000000800000DE] -> 0x36F0
[60] [M]: 0x00000000800000DC (0x36F08093) addi ra, ra, 0x36f
x1 <- 0xFFFFBB6FAB7FBB6F

mem[X,0x00000000800000E0] -> 0x9093
mem[X,0x00000000800000E2] -> 0x00A0
[61] [M]: 0x00000000800000E0 (0x00A09093) slli ra, ra, 0xa
x1 <- 0xFEEDBEADFEEDBC00

mem[X,0x00000000800000E4] -> 0x8093
mem[X,0x00000000800000E6] -> 0x2AD0
[62] [M]: 0x00000000800000E4 (0x2AD08093) addi ra, ra, 0x2ad
x1 <- 0xFEEDBEADFEEDBEAD

mem[X,0x00000000800000E8] -> 0xD113
mem[X,0x00000000800000EA] -> 0x0070
[63] [M]: 0x00000000800000E8 (0x0070D113) srli sp, ra, 0x7
x2 <- 0x01FDDB7D5BFDDB7D

mem[X,0x00000000800000EC] -> 0xD793
mem[X,0x00000000800000EE] -> 0x0390
[64] [M]: 0x00000000800000EC (0x0390D793) srli a5, ra, 0x39
x15 <- 0x000000000000007F

mem[X,0x00000000800000F0] -> 0x6133
mem[X,0x00000000800000F2] -> 0x00F1
[65] [M]: 0x00000000800000F0 (0x00F16133) or sp, sp, a5
x2 <- 0x01FDDB7D5BFDDB7F

mem[X,0x00000000800000F4] -> 0x5193
mem[X,0x00000000800000F6] -> 0x0071
[66] [M]: 0x00000000800000F4 (0x00715193) srli gp, sp, 0x7
x3 <- 0x0003FBB6FAB7FBB6

mem[X,0x00000000800000F8] -> 0x5793
mem[X,0x00000000800000FA] -> 0x0391
[67] [M]: 0x00000000800000F8 (0x03915793) srli a5, sp, 0x39
x15 <- 0x0000000000000000

mem[X,0x00000000800000FC] -> 0xE1B3
mem[X,0x00000000800000FE] -> 0x00F1
[68] [M]: 0x00000000800000FC (0x00F1E1B3) or gp, gp, a5
x3 <- 0x0003FBB6FAB7FBB6

mem[X,0x0000000080000100] -> 0xD213
mem[X,0x0000000080000102] -> 0x0071
[69] [M]: 0x0000000080000100 (0x0071D213) srli tp, gp, 0x7
x4 <- 0x000007F76DF56FF7

mem[X,0x0000000080000104] -> 0xD793
mem[X,0x0000000080000106] -> 0x0391
[70] [M]: 0x0000000080000104 (0x0391D793) srli a5, gp, 0x39
x15 <- 0x0000000000000000

mem[X,0x0000000080000108] -> 0x6233
mem[X,0x000000008000010A] -> 0x00F2
[71] [M]: 0x0000000080000108 (0x00F26233) or tp, tp, a5
x4 <- 0x000007F76DF56FF7

mem[X,0x000000008000010C] -> 0x5293
mem[X,0x000000008000010E] -> 0x0072
[72] [M]: 0x000000008000010C (0x00725293) srli t0, tp, 0x7
x5 <- 0x0000000FEEDBEADF

mem[X,0x0000000080000110] -> 0x5793
mem[X,0x0000000080000112] -> 0x0392
[73] [M]: 0x0000000080000110 (0x03925793) srli a5, tp, 0x39
x15 <- 0x0000000000000000

mem[X,0x0000000080000114] -> 0xE2B3
mem[X,0x0000000080000116] -> 0x00F2
[74] [M]: 0x0000000080000114 (0x00F2E2B3) or t0, t0, a5
x5 <- 0x0000000FEEDBEADF

mem[X,0x0000000080000118] -> 0xD313
mem[X,0x000000008000011A] -> 0x0072
[75] [M]: 0x0000000080000118 (0x0072D313) srli t1, t0, 0x7
x6 <- 0x000000001FDDB7D5

mem[X,0x000000008000011C] -> 0xD793
mem[X,0x000000008000011E] -> 0x0392
[76] [M]: 0x000000008000011C (0x0392D793) srli a5, t0, 0x39
x15 <- 0x0000000000000000

mem[X,0x0000000080000120] -> 0x6333
mem[X,0x0000000080000122] -> 0x00F3
[77] [M]: 0x0000000080000120 (0x00F36333) or t1, t1, a5
x6 <- 0x000000001FDDB7D5

mem[X,0x0000000080000124] -> 0x5393
mem[X,0x0000000080000126] -> 0x0073
[78] [M]: 0x0000000080000124 (0x00735393) srli t2, t1, 0x7
x7 <- 0x00000000003FBB6F

mem[X,0x0000000080000128] -> 0x5793
mem[X,0x000000008000012A] -> 0x0393
[79] [M]: 0x0000000080000128 (0x03935793) srli a5, t1, 0x39
x15 <- 0x0000000000000000

mem[X,0x000000008000012C] -> 0xE3B3
mem[X,0x000000008000012E] -> 0x00F3
[80] [M]: 0x000000008000012C (0x00F3E3B3) or t2, t2, a5
x7 <- 0x00000000003FBB6F

mem[X,0x0000000080000130] -> 0xD413
mem[X,0x0000000080000132] -> 0x0073
[81] [M]: 0x0000000080000130 (0x0073D413) srli fp, t2, 0x7
x8 <- 0x0000000000007F76

mem[X,0x0000000080000134] -> 0xD793
mem[X,0x0000000080000136] -> 0x0393
[82] [M]: 0x0000000080000134 (0x0393D793) srli a5, t2, 0x39
x15 <- 0x0000000000000000

mem[X,0x0000000080000138] -> 0x6433
mem[X,0x000000008000013A] -> 0x00F4
[83] [M]: 0x0000000080000138 (0x00F46433) or fp, fp, a5
x8 <- 0x0000000000007F76

mem[X,0x000000008000013C] -> 0x5493
mem[X,0x000000008000013E] -> 0x0074
[84] [M]: 0x000000008000013C (0x00745493) srli s1, fp, 0x7
x9 <- 0x00000000000000FE

mem[X,0x0000000080000140] -> 0x5793
mem[X,0x0000000080000142] -> 0x0394
[85] [M]: 0x0000000080000140 (0x03945793) srli a5, fp, 0x39
x15 <- 0x0000000000000000

mem[X,0x0000000080000144] -> 0xE4B3
mem[X,0x0000000080000146] -> 0x00F4
[86] [M]: 0x0000000080000144 (0x00F4E4B3) or s1, s1, a5
x9 <- 0x00000000000000FE

mem[X,0x0000000080000148] -> 0xD513
mem[X,0x000000008000014A] -> 0x0074
[87] [M]: 0x0000000080000148 (0x0074D513) srli a0, s1, 0x7
x10 <- 0x0000000000000001

mem[X,0x000000008000014C] -> 0xD793
mem[X,0x000000008000014E] -> 0x0394
[88] [M]: 0x000000008000014C (0x0394D793) srli a5, s1, 0x39
x15 <- 0x0000000000000000

mem[X,0x0000000080000150] -> 0x6533
mem[X,0x0000000080000152] -> 0x00F5
[89] [M]: 0x0000000080000150 (0x00F56533) or a0, a0, a5
x10 <- 0x0000000000000001

mem[X,0x0000000080000154] -> 0x5593
mem[X,0x0000000080000156] -> 0x0075
[90] [M]: 0x0000000080000154 (0x00755593) srli a1, a0, 0x7
x11 <- 0x0000000000000000

mem[X,0x0000000080000158] -> 0x5793
mem[X,0x000000008000015A] -> 0x0395
[91] [M]: 0x0000000080000158 (0x03955793) srli a5, a0, 0x39
x15 <- 0x0000000000000000

mem[X,0x000000008000015C] -> 0xE5B3
mem[X,0x000000008000015E] -> 0x00F5
[92] [M]: 0x000000008000015C (0x00F5E5B3) or a1, a1, a5
x11 <- 0x0000000000000000

mem[X,0x0000000080000160] -> 0xD613
mem[X,0x0000000080000162] -> 0x0075
[93] [M]: 0x0000000080000160 (0x0075D613) srli a2, a1, 0x7
x12 <- 0x0000000000000000

mem[X,0x0000000080000164] -> 0xD793
mem[X,0x0000000080000166] -> 0x0395
[94] [M]: 0x0000000080000164 (0x0395D793) srli a5, a1, 0x39
x15 <- 0x0000000000000000

mem[X,0x0000000080000168] -> 0x6633
mem[X,0x000000008000016A] -> 0x00F6
[95] [M]: 0x0000000080000168 (0x00F66633) or a2, a2, a5
x12 <- 0x0000000000000000

mem[X,0x000000008000016C] -> 0x5693
mem[X,0x000000008000016E] -> 0x0076
[96] [M]: 0x000000008000016C (0x00765693) srli a3, a2, 0x7
x13 <- 0x0000000000000000

mem[X,0x0000000080000170] -> 0x5793
mem[X,0x0000000080000172] -> 0x0396
[97] [M]: 0x0000000080000170 (0x03965793) srli a5, a2, 0x39
x15 <- 0x0000000000000000

mem[X,0x0000000080000174] -> 0xE6B3
mem[X,0x0000000080000176] -> 0x00F6
[98] [M]: 0x0000000080000174 (0x00F6E6B3) or a3, a3, a5
x13 <- 0x0000000000000000

mem[X,0x0000000080000178] -> 0x0013
mem[X,0x000000008000017A] -> 0x0000
[99] [M]: 0x0000000080000178 (0x00000013) addi zero, zero, 0x0

clint::tick mtime <- 0x0000000000000001
 clint timer pending at mtime 0x0000000000000001
htif::tick 0x0000000000000000
mem[X,0x000000008000017C] -> 0x0013
mem[X,0x000000008000017E] -> 0x0000
[100] [M]: 0x000000008000017C (0x00000013) addi zero, zero, 0x0

mem[X,0x0000000080000180] -> 0x4217
mem[X,0x0000000080000182] -> 0x0000
[101] [M]: 0x0000000080000180 (0x00004217) auipc tp, 0x4
x4 <- 0x0000000080004180

mem[X,0x0000000080000184] -> 0x0213
mem[X,0x0000000080000186] -> 0xF982
[102] [M]: 0x0000000080000184 (0xF9820213) addi tp, tp, -0x68
x4 <- 0x0000000080004118

mem[X,0x0000000080000188] -> 0x0013
mem[X,0x000000008000018A] -> 0x0000
[103] [M]: 0x0000000080000188 (0x00000013) addi zero, zero, 0x0

mem[X,0x000000008000018C] -> 0x0013
mem[X,0x000000008000018E] -> 0x0000
[104] [M]: 0x000000008000018C (0x00000013) addi zero, zero, 0x0

mem[X,0x0000000080000190] -> 0x0013
mem[X,0x0000000080000192] -> 0x0000
[105] [M]: 0x0000000080000190 (0x00000013) addi zero, zero, 0x0

mem[X,0x0000000080000194] -> 0x0013
mem[X,0x0000000080000196] -> 0x0000
[106] [M]: 0x0000000080000194 (0x00000013) addi zero, zero, 0x0

mem[X,0x0000000080000198] -> 0x0013
mem[X,0x000000008000019A] -> 0x0000
[107] [M]: 0x0000000080000198 (0x00000013) addi zero, zero, 0x0

mem[X,0x000000008000019C] -> 0x0013
mem[X,0x000000008000019E] -> 0x0000
[108] [M]: 0x000000008000019C (0x00000013) addi zero, zero, 0x0

mem[X,0x00000000800001A0] -> 0x08B7
mem[X,0x00000000800001A2] -> 0x0020
[109] [M]: 0x00000000800001A0 (0x002008B7) lui a7, 0x200
x17 <- 0x0000000000200000

mem[X,0x00000000800001A4] -> 0x8893
mem[X,0x00000000800001A6] -> 0x0018
[110] [M]: 0x00000000800001A4 (0x00188893) addi a7, a7, 0x1
x17 <- 0x0000000000200001

mem[X,0x00000000800001A8] -> 0x9893
mem[X,0x00000000800001AA] -> 0x00B8
[111] [M]: 0x00000000800001A8 (0x00B89893) slli a7, a7, 0xb
x17 <- 0x0000000100000800

mem[X,0x00000000800001AC] -> 0x8893
mem[X,0x00000000800001AE] -> 0x0008
[112] [M]: 0x00000000800001AC (0x00088893) addi a7, a7, 0x0
x17 <- 0x0000000100000800

mem[X,0x00000000800001B0] -> 0x9893
mem[X,0x00000000800001B2] -> 0x00B8
[113] [M]: 0x00000000800001B0 (0x00B89893) slli a7, a7, 0xb
x17 <- 0x0000080000400000

mem[X,0x00000000800001B4] -> 0x8893
mem[X,0x00000000800001B6] -> 0x0A08
[114] [M]: 0x00000000800001B4 (0x0A088893) addi a7, a7, 0xa0
x17 <- 0x00000800004000A0

mem[X,0x00000000800001B8] -> 0x9893
mem[X,0x00000000800001BA] -> 0x00A8
[115] [M]: 0x00000000800001B8 (0x00A89893) slli a7, a7, 0xa
x17 <- 0x0020000100028000

mem[X,0x00000000800001BC] -> 0xB3B7
mem[X,0x00000000800001BE] -> 0x1000
[116] [M]: 0x00000000800001BC (0x1000B3B7) lui t2, 0x1000b
x7 <- 0x000000001000B000

mem[X,0x00000000800001C0] -> 0x8393
mem[X,0x00000000800001C2] -> 0xAAA3
[117] [M]: 0x00000000800001C0 (0xAAA38393) addi t2, t2, -0x556
x7 <- 0x000000001000AAAA

mem[X,0x00000000800001C4] -> 0x9393
mem[X,0x00000000800001C6] -> 0x00B3
[118] [M]: 0x00000000800001C4 (0x00B39393) slli t2, t2, 0xb
x7 <- 0x0000008005555000

mem[X,0x00000000800001C8] -> 0x8393
mem[X,0x00000000800001CA] -> 0x7F73
[119] [M]: 0x00000000800001C8 (0x7F738393) addi t2, t2, 0x7f7
x7 <- 0x00000080055557F7

mem[X,0x00000000800001CC] -> 0x9393
mem[X,0x00000000800001CE] -> 0x00B3
[120] [M]: 0x00000000800001CC (0x00B39393) slli t2, t2, 0xb
x7 <- 0x0004002AAABFB800

mem[X,0x00000000800001D0] -> 0x8393
mem[X,0x00000000800001D2] -> 0x7DF3
[121] [M]: 0x00000000800001D0 (0x7DF38393) addi t2, t2, 0x7df
x7 <- 0x0004002AAABFBFDF

mem[X,0x00000000800001D4] -> 0x9393
mem[X,0x00000000800001D6] -> 0x00A3
[122] [M]: 0x00000000800001D4 (0x00A39393) slli t2, t2, 0xa
x7 <- 0x1000AAAAFEFF7C00

mem[X,0x00000000800001D8] -> 0x8393
mem[X,0x00000000800001DA] -> 0x3FF3
[123] [M]: 0x00000000800001D8 (0x3FF38393) addi t2, t2, 0x3ff
x7 <- 0x1000AAAAFEFF7FFF

mem[X,0x00000000800001DC] -> 0x81BB
mem[X,0x00000000800001DE] -> 0x9078
[124] [M]: 0x00000000800001DC (0x907881BB) psadd.h gp, a7, t2
x3 <- 0x1020AAABFF01FFFF

mem[X,0x00000000800001E0] -> 0x3023
mem[X,0x00000000800001E2] -> 0x0032
[125] [M]: 0x00000000800001E0 (0x00323023) sd gp, 0x0(tp)
mem[0x0000000080004118] <- 0x1020AAABFF01FFFF

mem[X,0x00000000800001E4] -> 0x07B7
mem[X,0x00000000800001E6] -> 0xAAAB
[126] [M]: 0x00000000800001E4 (0xAAAB07B7) lui a5, -0x55550
x15 <- 0xFFFFFFFFAAAB0000

mem[X,0x00000000800001E8] -> 0x8793
mem[X,0x00000000800001EA] -> 0xFFF7
[127] [M]: 0x00000000800001E8 (0xFFF78793) addi a5, a5, -0x1
x15 <- 0xFFFFFFFFAAAAFFFF

mem[X,0x00000000800001EC] -> 0x9793
mem[X,0x00000000800001EE] -> 0x00B7
[128] [M]: 0x00000000800001EC (0x00B79793) slli a5, a5, 0xb
x15 <- 0xFFFFFD5557FFF800

mem[X,0x00000000800001F0] -> 0x8793
mem[X,0x00000000800001F2] -> 0x0807
[129] [M]: 0x00000000800001F0 (0x08078793) addi a5, a5, 0x80
x15 <- 0xFFFFFD5557FFF880

mem[X,0x00000000800001F4] -> 0x9793
mem[X,0x00000000800001F6] -> 0x00B7
[130] [M]: 0x00000000800001F4 (0x00B79793) slli a5, a5, 0xb
x15 <- 0xFFEAAABFFFC40000

mem[X,0x00000000800001F8] -> 0x8793
mem[X,0x00000000800001FA] -> 0x03F7
[131] [M]: 0x00000000800001F8 (0x03F78793) addi a5, a5, 0x3f
x15 <- 0xFFEAAABFFFC4003F

mem[X,0x00000000800001FC] -> 0x9793
mem[X,0x00000000800001FE] -> 0x00A7
[132] [M]: 0x00000000800001FC (0x00A79793) slli a5, a5, 0xa
x15 <- 0xAAAAFFFF1000FC00

mem[X,0x0000000080000200] -> 0x8793
mem[X,0x0000000080000202] -> 0x3FF7
[133] [M]: 0x0000000080000200 (0x3FF78793) addi a5, a5, 0x3ff
x15 <- 0xAAAAFFFF1000FFFF

mem[X,0x0000000080000204] -> 0x8AB7
mem[X,0x0000000080000206] -> 0xFFFB
[134] [M]: 0x0000000080000204 (0xFFFB8AB7) lui s5, -0x48
x21 <- 0xFFFFFFFFFFFB8000

mem[X,0x0000000080000208] -> 0x8A93
mem[X,0x000000008000020A] -> 0x000A
[135] [M]: 0x0000000080000208 (0x000A8A93) addi s5, s5, 0x0
x21 <- 0xFFFFFFFFFFFB8000

mem[X,0x000000008000020C] -> 0x9A93
mem[X,0x000000008000020E] -> 0x00BA
[136] [M]: 0x000000008000020C (0x00BA9A93) slli s5, s5, 0xb
x21 <- 0xFFFFFFFFDC000000

mem[X,0x0000000080000210] -> 0x8A93
mem[X,0x0000000080000212] -> 0x040A
[137] [M]: 0x0000000080000210 (0x040A8A93) addi s5, s5, 0x40
x21 <- 0xFFFFFFFFDC000040

mem[X,0x0000000080000214] -> 0x9A93
mem[X,0x0000000080000216] -> 0x00BA
[138] [M]: 0x0000000080000214 (0x00BA9A93) slli s5, s5, 0xb
x21 <- 0xFFFFFEE000020000

mem[X,0x0000000080000218] -> 0x8A93
mem[X,0x000000008000021A] -> 0x03FA
[139] [M]: 0x0000000080000218 (0x03FA8A93) addi s5, s5, 0x3f
x21 <- 0xFFFFFEE00002003F

mem[X,0x000000008000021C] -> 0x9A93
mem[X,0x000000008000021E] -> 0x00AA
[140] [M]: 0x000000008000021C (0x00AA9A93) slli s5, s5, 0xa
x21 <- 0xFFFB80000800FC00

mem[X,0x0000000080000220] -> 0x8A93
mem[X,0x0000000080000222] -> 0x1FFA
[141] [M]: 0x0000000080000220 (0x1FFA8A93) addi s5, s5, 0x1ff
x21 <- 0xFFFB80000800FDFF

mem[X,0x0000000080000224] -> 0x8ABB
mem[X,0x0000000080000226] -> 0x9157
[142] [M]: 0x0000000080000224 (0x91578ABB) psadd.h s5, a5, s5
x21 <- 0xAAA580001800FDFE

mem[X,0x0000000080000228] -> 0x3423
mem[X,0x000000008000022A] -> 0x0152
[143] [M]: 0x0000000080000228 (0x01523423) sd s5, 0x8(tp)
mem[0x0000000080004120] <- 0xAAA580001800FDFE

mem[X,0x000000008000022C] -> 0x0EB7
mem[X,0x000000008000022E] -> 0x0007
[144] [M]: 0x000000008000022C (0x00070EB7) lui t4, 0x70
x29 <- 0x0000000000070000

mem[X,0x0000000080000230] -> 0x8E93
mem[X,0x0000000080000232] -> 0xFEFE
[145] [M]: 0x0000000080000230 (0xFEFE8E93) addi t4, t4, -0x11
x29 <- 0x000000000006FFEF

mem[X,0x0000000080000234] -> 0x9E93
mem[X,0x0000000080000236] -> 0x00BE
[146] [M]: 0x0000000080000234 (0x00BE9E93) slli t4, t4, 0xb
x29 <- 0x0000000037FF7800

mem[X,0x0000000080000238] -> 0x8E93
mem[X,0x000000008000023A] -> 0x7BFE
[147] [M]: 0x0000000080000238 (0x7BFE8E93) addi t4, t4, 0x7bf
x29 <- 0x0000000037FF7FBF

mem[X,0x000000008000023C] -> 0x9E93
mem[X,0x000000008000023E] -> 0x00BE
[148] [M]: 0x000000008000023C (0x00BE9E93) slli t4, t4, 0xb
x29 <- 0x000001BFFBFDF800

mem[X,0x0000000080000240] -> 0x8E93
mem[X,0x0000000080000242] -> 0x7C0E
[149] [M]: 0x0000000080000240 (0x7C0E8E93) addi t4, t4, 0x7c0
x29 <- 0x000001BFFBFDFFC0

mem[X,0x0000000080000244] -> 0x9E93
mem[X,0x0000000080000246] -> 0x00AE
[150] [M]: 0x0000000080000244 (0x00AE9E93) slli t4, t4, 0xa
x29 <- 0x0006FFEFF7FF0000

mem[X,0x0000000080000248] -> 0x0EB7
mem[X,0x000000008000024A] -> 0x0004
[151] [M]: 0x0000000080000248 (0x00040EB7) lui t4, 0x40
x29 <- 0x0000000000040000

mem[X,0x000000008000024C] -> 0x8E93
mem[X,0x000000008000024E] -> 0xFF6E
[152] [M]: 0x000000008000024C (0xFF6E8E93) addi t4, t4, -0xa
x29 <- 0x000000000003FFF6

mem[X,0x0000000080000250] -> 0x9E93
mem[X,0x0000000080000252] -> 0x00BE
[153] [M]: 0x0000000080000250 (0x00BE9E93) slli t4, t4, 0xb
x29 <- 0x000000001FFFB000

mem[X,0x0000000080000254] -> 0x8E93
mem[X,0x0000000080000256] -> 0x6FFE
[154] [M]: 0x0000000080000254 (0x6FFE8E93) addi t4, t4, 0x6ff
x29 <- 0x000000001FFFB6FF

mem[X,0x0000000080000258] -> 0x9E93
mem[X,0x000000008000025A] -> 0x00BE
[155] [M]: 0x0000000080000258 (0x00BE9E93) slli t4, t4, 0xb
x29 <- 0x000000FFFDB7F800

mem[X,0x000000008000025C] -> 0x8E93
mem[X,0x000000008000025E] -> 0x7C0E
[156] [M]: 0x000000008000025C (0x7C0E8E93) addi t4, t4, 0x7c0
x29 <- 0x000000FFFDB7FFC0

mem[X,0x0000000080000260] -> 0x9E93
mem[X,0x0000000080000262] -> 0x00AE
[157] [M]: 0x0000000080000260 (0x00AE9E93) slli t4, t4, 0xa
x29 <- 0x0003FFF6DFFF0000

mem[X,0x0000000080000264] -> 0x8E93
mem[X,0x0000000080000266] -> 0x007E
[158] [M]: 0x0000000080000264 (0x007E8E93) addi t4, t4, 0x7
x29 <- 0x0003FFF6DFFF0007

mem[X,0x0000000080000268] -> 0x843B
mem[X,0x000000008000026A] -> 0x91DE
[159] [M]: 0x0000000080000268 (0x91DE843B) psadd.h fp, t4, t4
x8 <- 0x0006FFECBFFE000E

mem[X,0x000000008000026C] -> 0x3823
mem[X,0x000000008000026E] -> 0x0082
[160] [M]: 0x000000008000026C (0x00823823) sd fp, 0x10(tp)
mem[0x0000000080004128] <- 0x0006FFECBFFE000E

mem[X,0x0000000080000270] -> 0x8537
mem[X,0x0000000080000272] -> 0x0400
[161] [M]: 0x0000000080000270 (0x04008537) lui a0, 0x4008
x10 <- 0x0000000004008000

mem[X,0x0000000080000274] -> 0x0513
mem[X,0x0000000080000276] -> 0xFFF5
[162] [M]: 0x0000000080000274 (0xFFF50513) addi a0, a0, -0x1
x10 <- 0x0000000004007FFF

mem[X,0x0000000080000278] -> 0x1513
mem[X,0x000000008000027A] -> 0x00B5
[163] [M]: 0x0000000080000278 (0x00B51513) slli a0, a0, 0xb
x10 <- 0x0000002003FFF800

mem[X,0x000000008000027C] -> 0x0513
mem[X,0x000000008000027E] -> 0x77F5
[164] [M]: 0x000000008000027C (0x77F50513) addi a0, a0, 0x77f
x10 <- 0x0000002003FFFF7F

mem[X,0x0000000080000280] -> 0x1513
mem[X,0x0000000080000282] -> 0x00B5
[165] [M]: 0x0000000080000280 (0x00B51513) slli a0, a0, 0xb
x10 <- 0x0001001FFFFBF800

mem[X,0x0000000080000284] -> 0x0513
mem[X,0x0000000080000286] -> 0x7C05
[166] [M]: 0x0000000080000284 (0x7C050513) addi a0, a0, 0x7c0
x10 <- 0x0001001FFFFBFFC0

mem[X,0x0000000080000288] -> 0x1513
mem[X,0x000000008000028A] -> 0x00A5
[167] [M]: 0x0000000080000288 (0x00A51513) slli a0, a0, 0xa
x10 <- 0x04007FFFEFFF0000

mem[X,0x000000008000028C] -> 0x0513
mem[X,0x000000008000028E] -> 0x0015
[168] [M]: 0x000000008000028C (0x00150513) addi a0, a0, 0x1
x10 <- 0x04007FFFEFFF0001

mem[X,0x0000000080000290] -> 0x8037
mem[X,0x0000000080000292] -> 0xAAAA
[169] [M]: 0x0000000080000290 (0xAAAA8037) lui zero, -0x55558

mem[X,0x0000000080000294] -> 0x0013
mem[X,0x0000000080000296] -> 0xFFF0
[170] [M]: 0x0000000080000294 (0xFFF00013) addi zero, zero, -0x1

mem[X,0x0000000080000298] -> 0x1013
mem[X,0x000000008000029A] -> 0x00B0
[171] [M]: 0x0000000080000298 (0x00B01013) slli zero, zero, 0xb

mem[X,0x000000008000029C] -> 0x0013
mem[X,0x000000008000029E] -> 0x7DF0
[172] [M]: 0x000000008000029C (0x7DF00013) addi zero, zero, 0x7df

mem[X,0x00000000800002A0] -> 0x1013
mem[X,0x00000000800002A2] -> 0x00B0
[173] [M]: 0x00000000800002A0 (0x00B01013) slli zero, zero, 0xb

mem[X,0x00000000800002A4] -> 0x0013
mem[X,0x00000000800002A6] -> 0x7FF0
[174] [M]: 0x00000000800002A4 (0x7FF00013) addi zero, zero, 0x7ff

mem[X,0x00000000800002A8] -> 0x1013
mem[X,0x00000000800002AA] -> 0x00A0
[175] [M]: 0x00000000800002A8 (0x00A01013) slli zero, zero, 0xa

mem[X,0x00000000800002AC] -> 0x0013
mem[X,0x00000000800002AE] -> 0x3FC0
[176] [M]: 0x00000000800002AC (0x3FC00013) addi zero, zero, 0x3fc

mem[X,0x00000000800002B0] -> 0x053B
mem[X,0x00000000800002B2] -> 0x9005
[177] [M]: 0x00000000800002B0 (0x9005053B) psadd.h a0, a0, zero
x10 <- 0x04007FFFEFFF0001

mem[X,0x00000000800002B4] -> 0x3C23
mem[X,0x00000000800002B6] -> 0x00A2
[178] [M]: 0x00000000800002B4 (0x00A23C23) sd a0, 0x18(tp)
mem[0x0000000080004130] <- 0x04007FFFEFFF0001

mem[X,0x00000000800002B8] -> 0x0CB7
mem[X,0x00000000800002BA] -> 0xC000
[179] [M]: 0x00000000800002B8 (0xC0000CB7) lui s9, -0x40000
x25 <- 0xFFFFFFFFC0000000

mem[X,0x00000000800002BC] -> 0x8C93
mem[X,0x00000000800002BE] -> 0xFFBC
[180] [M]: 0x00000000800002BC (0xFFBC8C93) addi s9, s9, -0x5
x25 <- 0xFFFFFFFFBFFFFFFB

mem[X,0x00000000800002C0] -> 0x9C93
mem[X,0x00000000800002C2] -> 0x00BC
[181] [M]: 0x00000000800002C0 (0x00BC9C93) slli s9, s9, 0xb
x25 <- 0xFFFFFDFFFFFFD800

mem[X,0x00000000800002C4] -> 0x8C93
mem[X,0x00000000800002C6] -> 0x000C
[182] [M]: 0x00000000800002C4 (0x000C8C93) addi s9, s9, 0x0
x25 <- 0xFFFFFDFFFFFFD800

mem[X,0x00000000800002C8] -> 0x9C93
mem[X,0x00000000800002CA] -> 0x00BC
[183] [M]: 0x00000000800002C8 (0x00BC9C93) slli s9, s9, 0xb
x25 <- 0xFFEFFFFFFEC00000

mem[X,0x00000000800002CC] -> 0x8C93
mem[X,0x00000000800002CE] -> 0x19FC
[184] [M]: 0x00000000800002CC (0x19FC8C93) addi s9, s9, 0x19f
x25 <- 0xFFEFFFFFFEC0019F

mem[X,0x00000000800002D0] -> 0x9C93
mem[X,0x00000000800002D2] -> 0x00AC
[185] [M]: 0x00000000800002D0 (0x00AC9C93) slli s9, s9, 0xa
x25 <- 0xBFFFFFFB00067C00

mem[X,0x00000000800002D4] -> 0x8C93
mem[X,0x00000000800002D6] -> 0x3FFC
[186] [M]: 0x00000000800002D4 (0x3FFC8C93) addi s9, s9, 0x3ff
x25 <- 0xBFFFFFFB00067FFF

mem[X,0x00000000800002D8] -> 0x2CB7
mem[X,0x00000000800002DA] -> 0xFFFD
[187] [M]: 0x00000000800002D8 (0xFFFD2CB7) lui s9, -0x2e
x25 <- 0xFFFFFFFFFFFD2000

mem[X,0x00000000800002DC] -> 0x8C93
mem[X,0x00000000800002DE] -> 0x000C
[188] [M]: 0x00000000800002DC (0x000C8C93) addi s9, s9, 0x0
x25 <- 0xFFFFFFFFFFFD2000

mem[X,0x00000000800002E0] -> 0x9C93
mem[X,0x00000000800002E2] -> 0x00BC
[189] [M]: 0x00000000800002E0 (0x00BC9C93) slli s9, s9, 0xb
x25 <- 0xFFFFFFFFE9000000

mem[X,0x00000000800002E4] -> 0x8C93
mem[X,0x00000000800002E6] -> 0x7FFC
[190] [M]: 0x00000000800002E4 (0x7FFC8C93) addi s9, s9, 0x7ff
x25 <- 0xFFFFFFFFE90007FF

mem[X,0x00000000800002E8] -> 0x9C93
mem[X,0x00000000800002EA] -> 0x00BC
[191] [M]: 0x00000000800002E8 (0x00BC9C93) slli s9, s9, 0xb
x25 <- 0xFFFFFF48003FF800

mem[X,0x00000000800002EC] -> 0x8C93
mem[X,0x00000000800002EE] -> 0x600C
[192] [M]: 0x00000000800002EC (0x600C8C93) addi s9, s9, 0x600
x25 <- 0xFFFFFF48003FFE00

mem[X,0x00000000800002F0] -> 0x9C93
mem[X,0x00000000800002F2] -> 0x00AC
[193] [M]: 0x00000000800002F0 (0x00AC9C93) slli s9, s9, 0xa
x25 <- 0xFFFD2000FFF80000

mem[X,0x00000000800002F4] -> 0x8C93
mem[X,0x00000000800002F6] -> 0x080C
[194] [M]: 0x00000000800002F4 (0x080C8C93) addi s9, s9, 0x80
x25 <- 0xFFFD2000FFF80080

mem[X,0x00000000800002F8] -> 0x8CBB
mem[X,0x00000000800002FA] -> 0x919C
[195] [M]: 0x00000000800002F8 (0x919C8CBB) psadd.h s9, s9, s9
x25 <- 0xFFFA4000FFF00100

mem[X,0x00000000800002FC] -> 0x3023
mem[X,0x00000000800002FE] -> 0x0392
[196] [M]: 0x00000000800002FC (0x03923023) sd s9, 0x20(tp)
mem[0x0000000080004138] <- 0xFFFA4000FFF00100

mem[X,0x0000000080000300] -> 0x0FB7
mem[X,0x0000000080000302] -> 0x8000
[197] [M]: 0x0000000080000300 (0x80000FB7) lui t6, -0x80000
x31 <- 0xFFFFFFFF80000000

mem[X,0x0000000080000304] -> 0x8F93
mem[X,0x0000000080000306] -> 0xFEFF
[198] [M]: 0x0000000080000304 (0xFEFF8F93) addi t6, t6, -0x11
x31 <- 0xFFFFFFFF7FFFFFEF

mem[X,0x0000000080000308] -> 0x9F93
mem[X,0x000000008000030A] -> 0x00BF
[199] [M]: 0x0000000080000308 (0x00BF9F93) slli t6, t6, 0xb
x31 <- 0xFFFFFBFFFFFF7800

clint::tick mtime <- 0x0000000000000002
 clint timer pending at mtime 0x0000000000000002
htif::tick 0x0000000000000000
mem[X,0x000000008000030C] -> 0x8F93
mem[X,0x000000008000030E] -> 0x7FFF
[200] [M]: 0x000000008000030C (0x7FFF8F93) addi t6, t6, 0x7ff
x31 <- 0xFFFFFBFFFFFF7FFF

mem[X,0x0000000080000310] -> 0x9F93
mem[X,0x0000000080000312] -> 0x00BF
[201] [M]: 0x0000000080000310 (0x00BF9F93) slli t6, t6, 0xb
x31 <- 0xFFDFFFFFFBFFF800

mem[X,0x0000000080000314] -> 0x8F93
mem[X,0x0000000080000316] -> 0x3C0F
[202] [M]: 0x0000000080000314 (0x3C0F8F93) addi t6, t6, 0x3c0
x31 <- 0xFFDFFFFFFBFFFBC0

mem[X,0x0000000080000318] -> 0x9F93
mem[X,0x000000008000031A] -> 0x00AF
[203] [M]: 0x0000000080000318 (0x00AF9F93) slli t6, t6, 0xa
x31 <- 0x7FFFFFEFFFEF0000

mem[X,0x000000008000031C] -> 0x8F93
mem[X,0x000000008000031E] -> 0x002F
[204] [M]: 0x000000008000031C (0x002F8F93) addi t6, t6, 0x2
x31 <- 0x7FFFFFEFFFEF0002

mem[X,0x0000000080000320] -> 0xC2B7
mem[X,0x0000000080000322] -> 0x1000
[205] [M]: 0x0000000080000320 (0x1000C2B7) lui t0, 0x1000c
x5 <- 0x000000001000C000

mem[X,0x0000000080000324] -> 0x8293
mem[X,0x0000000080000326] -> 0xFFF2
[206] [M]: 0x0000000080000324 (0xFFF28293) addi t0, t0, -0x1
x5 <- 0x000000001000BFFF

mem[X,0x0000000080000328] -> 0x9293
mem[X,0x000000008000032A] -> 0x00B2
[207] [M]: 0x0000000080000328 (0x00B29293) slli t0, t0, 0xb
x5 <- 0x0000008005FFF800

mem[X,0x000000008000032C] -> 0x8293
mem[X,0x000000008000032E] -> 0x0002
[208] [M]: 0x000000008000032C (0x00028293) addi t0, t0, 0x0
x5 <- 0x0000008005FFF800

mem[X,0x0000000080000330] -> 0x9293
mem[X,0x0000000080000332] -> 0x00B2
[209] [M]: 0x0000000080000330 (0x00B29293) slli t0, t0, 0xb
x5 <- 0x0004002FFFC00000

mem[X,0x0000000080000334] -> 0x8293
mem[X,0x0000000080000336] -> 0x1F72
[210] [M]: 0x0000000080000334 (0x1F728293) addi t0, t0, 0x1f7
x5 <- 0x0004002FFFC001F7

mem[X,0x0000000080000338] -> 0x9293
mem[X,0x000000008000033A] -> 0x00A2
[211] [M]: 0x0000000080000338 (0x00A29293) slli t0, t0, 0xa
x5 <- 0x1000BFFF0007DC00

mem[X,0x000000008000033C] -> 0x8293
mem[X,0x000000008000033E] -> 0x3FF2
[212] [M]: 0x000000008000033C (0x3FF28293) addi t0, t0, 0x3ff
x5 <- 0x1000BFFF0007DFFF

mem[X,0x0000000080000340] -> 0x87BB
mem[X,0x0000000080000342] -> 0x905F
[213] [M]: 0x0000000080000340 (0x905F87BB) psadd.h a5, t6, t0
x15 <- 0x7FFFBFEEFFF6E001

mem[X,0x0000000080000344] -> 0x3423
mem[X,0x0000000080000346] -> 0x02F2
[214] [M]: 0x0000000080000344 (0x02F23423) sd a5, 0x28(tp)
mem[0x0000000080004140] <- 0x7FFFBFEEFFF6E001

mem[X,0x0000000080000348] -> 0x5A37
mem[X,0x000000008000034A] -> 0xFFF8
[215] [M]: 0x0000000080000348 (0xFFF85A37) lui s4, -0x7b
x20 <- 0xFFFFFFFFFFF85000

mem[X,0x000000008000034C] -> 0x0A13
mem[X,0x000000008000034E] -> 0x555A
[216] [M]: 0x000000008000034C (0x555A0A13) addi s4, s4, 0x555
x20 <- 0xFFFFFFFFFFF85555

mem[X,0x0000000080000350] -> 0x1A13
mem[X,0x0000000080000352] -> 0x00BA
[217] [M]: 0x0000000080000350 (0x00BA1A13) slli s4, s4, 0xb
x20 <- 0xFFFFFFFFC2AAA800

mem[X,0x0000000080000354] -> 0x0A13
mem[X,0x0000000080000356] -> 0x000A
[218] [M]: 0x0000000080000354 (0x000A0A13) addi s4, s4, 0x0
x20 <- 0xFFFFFFFFC2AAA800

mem[X,0x0000000080000358] -> 0x1A13
mem[X,0x000000008000035A] -> 0x00BA
[219] [M]: 0x0000000080000358 (0x00BA1A13) slli s4, s4, 0xb
x20 <- 0xFFFFFE1555400000

mem[X,0x000000008000035C] -> 0x0A13
mem[X,0x000000008000035E] -> 0x040A
[220] [M]: 0x000000008000035C (0x040A0A13) addi s4, s4, 0x40
x20 <- 0xFFFFFE1555400040

mem[X,0x0000000080000360] -> 0x1A13
mem[X,0x0000000080000362] -> 0x00AA
[221] [M]: 0x0000000080000360 (0x00AA1A13) slli s4, s4, 0xa
x20 <- 0xFFF8555500010000

mem[X,0x0000000080000364] -> 0x0A13
mem[X,0x0000000080000366] -> 0x004A
[222] [M]: 0x0000000080000364 (0x004A0A13) addi s4, s4, 0x4
x20 <- 0xFFF8555500010004

mem[X,0x0000000080000368] -> 0x50B7
mem[X,0x000000008000036A] -> 0xFFFF
[223] [M]: 0x0000000080000368 (0xFFFF50B7) lui ra, -0xb
x1 <- 0xFFFFFFFFFFFF5000

mem[X,0x000000008000036C] -> 0x8093
mem[X,0x000000008000036E] -> 0x5550
[224] [M]: 0x000000008000036C (0x55508093) addi ra, ra, 0x555
x1 <- 0xFFFFFFFFFFFF5555

mem[X,0x0000000080000370] -> 0x9093
mem[X,0x0000000080000372] -> 0x00B0
[225] [M]: 0x0000000080000370 (0x00B09093) slli ra, ra, 0xb
x1 <- 0xFFFFFFFFFAAAA800

mem[X,0x0000000080000374] -> 0x8093
mem[X,0x0000000080000376] -> 0x7FF0
[226] [M]: 0x0000000080000374 (0x7FF08093) addi ra, ra, 0x7ff
x1 <- 0xFFFFFFFFFAAAAFFF

mem[X,0x0000000080000378] -> 0x9093
mem[X,0x000000008000037A] -> 0x00B0
[227] [M]: 0x0000000080000378 (0x00B09093) slli ra, ra, 0xb
x1 <- 0xFFFFFFD5557FF800

mem[X,0x000000008000037C] -> 0x8093
mem[X,0x000000008000037E] -> 0x6BF0
[228] [M]: 0x000000008000037C (0x6BF08093) addi ra, ra, 0x6bf
x1 <- 0xFFFFFFD5557FFEBF

mem[X,0x0000000080000380] -> 0x9093
mem[X,0x0000000080000382] -> 0x00A0
[229] [M]: 0x0000000080000380 (0x00A09093) slli ra, ra, 0xa
x1 <- 0xFFFF5555FFFAFC00

mem[X,0x0000000080000384] -> 0x8093
mem[X,0x0000000080000386] -> 0x3F70
[230] [M]: 0x0000000080000384 (0x3F708093) addi ra, ra, 0x3f7
x1 <- 0xFFFF5555FFFAFFF7

mem[X,0x0000000080000388] -> 0x0D3B
mem[X,0x000000008000038A] -> 0x901A
[231] [M]: 0x0000000080000388 (0x901A0D3B) psadd.h s10, s4, ra
x26 <- 0xFFF77FFFFFFBFFFB

mem[X,0x000000008000038C] -> 0x3823
mem[X,0x000000008000038E] -> 0x03A2
[232] [M]: 0x000000008000038C (0x03A23823) sd s10, 0x30(tp)
mem[0x0000000080004148] <- 0xFFF77FFFFFFBFFFB

mem[X,0x0000000080000390] -> 0x0DB7
mem[X,0x0000000080000392] -> 0x0201
[233] [M]: 0x0000000080000390 (0x02010DB7) lui s11, 0x2010
x27 <- 0x0000000002010000

mem[X,0x0000000080000394] -> 0x8D93
mem[X,0x0000000080000396] -> 0xF7FD
[234] [M]: 0x0000000080000394 (0xF7FD8D93) addi s11, s11, -0x81
x27 <- 0x000000000200FF7F

mem[X,0x0000000080000398] -> 0x9D93
mem[X,0x000000008000039A] -> 0x00BD
[235] [M]: 0x0000000080000398 (0x00BD9D93) slli s11, s11, 0xb
x27 <- 0x0000001007FBF800

mem[X,0x000000008000039C] -> 0x8D93
mem[X,0x000000008000039E] -> 0x000D
[236] [M]: 0x000000008000039C (0x000D8D93) addi s11, s11, 0x0
x27 <- 0x0000001007FBF800

mem[X,0x00000000800003A0] -> 0x9D93
mem[X,0x00000000800003A2] -> 0x00BD
[237] [M]: 0x00000000800003A0 (0x00BD9D93) slli s11, s11, 0xb
x27 <- 0x0000803FDFC00000

mem[X,0x00000000800003A4] -> 0x8D93
mem[X,0x00000000800003A6] -> 0x140D
[238] [M]: 0x00000000800003A4 (0x140D8D93) addi s11, s11, 0x140
x27 <- 0x0000803FDFC00140

mem[X,0x00000000800003A8] -> 0x9D93
mem[X,0x00000000800003AA] -> 0x00AD
[239] [M]: 0x00000000800003A8 (0x00AD9D93) slli s11, s11, 0xa
x27 <- 0x0200FF7F00050000

mem[X,0x00000000800003AC] -> 0x8D93
mem[X,0x00000000800003AE] -> 0x008D
[240] [M]: 0x00000000800003AC (0x008D8D93) addi s11, s11, 0x8
x27 <- 0x0200FF7F00050008

mem[X,0x00000000800003B0] -> 0x0337
mem[X,0x00000000800003B2] -> 0x0101
[241] [M]: 0x00000000800003B0 (0x01010337) lui t1, 0x1010
x6 <- 0x0000000001010000

mem[X,0x00000000800003B4] -> 0x0313
mem[X,0x00000000800003B6] -> 0xFFE3
[242] [M]: 0x00000000800003B4 (0xFFE30313) addi t1, t1, -0x2
x6 <- 0x000000000100FFFE

mem[X,0x00000000800003B8] -> 0x1313
mem[X,0x00000000800003BA] -> 0x00B3
[243] [M]: 0x00000000800003B8 (0x00B31313) slli t1, t1, 0xb
x6 <- 0x0000000807FFF000

mem[X,0x00000000800003BC] -> 0x0313
mem[X,0x00000000800003BE] -> 0x0203
[244] [M]: 0x00000000800003BC (0x02030313) addi t1, t1, 0x20
x6 <- 0x0000000807FFF020

mem[X,0x00000000800003C0] -> 0x1313
mem[X,0x00000000800003C2] -> 0x00B3
[245] [M]: 0x00000000800003C0 (0x00B31313) slli t1, t1, 0xb
x6 <- 0x0000403FFF810000

mem[X,0x00000000800003C4] -> 0x0313
mem[X,0x00000000800003C6] -> 0x03F3
[246] [M]: 0x00000000800003C4 (0x03F30313) addi t1, t1, 0x3f
x6 <- 0x0000403FFF81003F

mem[X,0x00000000800003C8] -> 0x1313
mem[X,0x00000000800003CA] -> 0x00A3
[247] [M]: 0x00000000800003C8 (0x00A31313) slli t1, t1, 0xa
x6 <- 0x0100FFFE0400FC00

mem[X,0x00000000800003CC] -> 0x0313
mem[X,0x00000000800003CE] -> 0x3F73
[248] [M]: 0x00000000800003CC (0x3F730313) addi t1, t1, 0x3f7
x6 <- 0x0100FFFE0400FFF7

mem[X,0x00000000800003D0] -> 0x83BB
mem[X,0x00000000800003D2] -> 0x906D
[249] [M]: 0x00000000800003D0 (0x906D83BB) psadd.h t2, s11, t1
x7 <- 0x0300FF7D0405FFFF

mem[X,0x00000000800003D4] -> 0x3C23
mem[X,0x00000000800003D6] -> 0x0272
[250] [M]: 0x00000000800003D4 (0x02723C23) sd t2, 0x38(tp)
mem[0x0000000080004150] <- 0x0300FF7D0405FFFF

mem[X,0x00000000800003D8] -> 0x0037
mem[X,0x00000000800003DA] -> 0xF7FF
[251] [M]: 0x00000000800003D8 (0xF7FF0037) lui zero, -0x8010

mem[X,0x00000000800003DC] -> 0x0013
mem[X,0x00000000800003DE] -> 0x0020
[252] [M]: 0x00000000800003DC (0x00200013) addi zero, zero, 0x2

mem[X,0x00000000800003E0] -> 0x1013
mem[X,0x00000000800003E2] -> 0x00B0
[253] [M]: 0x00000000800003E0 (0x00B01013) slli zero, zero, 0xb

mem[X,0x00000000800003E4] -> 0x0013
mem[X,0x00000000800003E6] -> 0x0100
[254] [M]: 0x00000000800003E4 (0x01000013) addi zero, zero, 0x10

mem[X,0x00000000800003E8] -> 0x1013
mem[X,0x00000000800003EA] -> 0x00B0
[255] [M]: 0x00000000800003E8 (0x00B01013) slli zero, zero, 0xb

mem[X,0x00000000800003EC] -> 0x0013
mem[X,0x00000000800003EE] -> 0x0000
[256] [M]: 0x00000000800003EC (0x00000013) addi zero, zero, 0x0

mem[X,0x00000000800003F0] -> 0x1013
mem[X,0x00000000800003F2] -> 0x00A0
[257] [M]: 0x00000000800003F0 (0x00A01013) slli zero, zero, 0xa

mem[X,0x00000000800003F4] -> 0x0013
mem[X,0x00000000800003F6] -> 0x0100
[258] [M]: 0x00000000800003F4 (0x01000013) addi zero, zero, 0x10

mem[X,0x00000000800003F8] -> 0xF837
mem[X,0x00000000800003FA] -> 0xFFEF
[259] [M]: 0x00000000800003F8 (0xFFEFF837) lui a6, -0x101
x16 <- 0xFFFFFFFFFFEFF000

mem[X,0x00000000800003FC] -> 0x0813
mem[X,0x00000000800003FE] -> 0x7FF8
[260] [M]: 0x00000000800003FC (0x7FF80813) addi a6, a6, 0x7ff
x16 <- 0xFFFFFFFFFFEFF7FF

mem[X,0x0000000080000400] -> 0x1813
mem[X,0x0000000080000402] -> 0x00B8
[261] [M]: 0x0000000080000400 (0x00B81813) slli a6, a6, 0xb
x16 <- 0xFFFFFFFF7FBFF800

mem[X,0x0000000080000404] -> 0x0813
mem[X,0x0000000080000406] -> 0x7FF8
[262] [M]: 0x0000000080000404 (0x7FF80813) addi a6, a6, 0x7ff
x16 <- 0xFFFFFFFF7FBFFFFF

mem[X,0x0000000080000408] -> 0x1813
mem[X,0x000000008000040A] -> 0x00B8
[263] [M]: 0x0000000080000408 (0x00B81813) slli a6, a6, 0xb
x16 <- 0xFFFFFBFDFFFFF800

mem[X,0x000000008000040C] -> 0x0813
mem[X,0x000000008000040E] -> 0x3F78
[264] [M]: 0x000000008000040C (0x3F780813) addi a6, a6, 0x3f7
x16 <- 0xFFFFFBFDFFFFFBF7

mem[X,0x0000000080000410] -> 0x1813
mem[X,0x0000000080000412] -> 0x00A8
[265] [M]: 0x0000000080000410 (0x00A81813) slli a6, a6, 0xa
x16 <- 0xFFEFF7FFFFEFDC00

mem[X,0x0000000080000414] -> 0x0813
mem[X,0x0000000080000416] -> 0x3FF8
[266] [M]: 0x0000000080000414 (0x3FF80813) addi a6, a6, 0x3ff
x16 <- 0xFFEFF7FFFFEFDFFF

mem[X,0x0000000080000418] -> 0x073B
mem[X,0x000000008000041A] -> 0x9100
[267] [M]: 0x0000000080000418 (0x9100073B) psadd.h a4, zero, a6
x14 <- 0xFFEFF7FFFFEFDFFF

mem[X,0x000000008000041C] -> 0x3023
mem[X,0x000000008000041E] -> 0x04E2
[268] [M]: 0x000000008000041C (0x04E23023) sd a4, 0x40(tp)
mem[0x0000000080004158] <- 0xFFEFF7FFFFEFDFFF

mem[X,0x0000000080000420] -> 0xC837
mem[X,0x0000000080000422] -> 0x0800
[269] [M]: 0x0000000080000420 (0x0800C837) lui a6, 0x800c
x16 <- 0x000000000800C000

mem[X,0x0000000080000424] -> 0x0813
mem[X,0x0000000080000426] -> 0x0008
[270] [M]: 0x0000000080000424 (0x00080813) addi a6, a6, 0x0
x16 <- 0x000000000800C000

mem[X,0x0000000080000428] -> 0x1813
mem[X,0x000000008000042A] -> 0x00B8
[271] [M]: 0x0000000080000428 (0x00B81813) slli a6, a6, 0xb
x16 <- 0x0000004006000000

mem[X,0x000000008000042C] -> 0x0813
mem[X,0x000000008000042E] -> 0x7FF8
[272] [M]: 0x000000008000042C (0x7FF80813) addi a6, a6, 0x7ff
x16 <- 0x00000040060007FF

mem[X,0x0000000080000430] -> 0x1813
mem[X,0x0000000080000432] -> 0x00B8
[273] [M]: 0x0000000080000430 (0x00B81813) slli a6, a6, 0xb
x16 <- 0x00020030003FF800

mem[X,0x0000000080000434] -> 0x0813
mem[X,0x0000000080000436] -> 0x5808
[274] [M]: 0x0000000080000434 (0x58080813) addi a6, a6, 0x580
x16 <- 0x00020030003FFD80

mem[X,0x0000000080000438] -> 0x1813
mem[X,0x000000008000043A] -> 0x00A8
[275] [M]: 0x0000000080000438 (0x00A81813) slli a6, a6, 0xa
x16 <- 0x0800C000FFF60000

mem[X,0x000000008000043C] -> 0x0813
mem[X,0x000000008000043E] -> 0x0208
[276] [M]: 0x000000008000043C (0x02080813) addi a6, a6, 0x20
x16 <- 0x0800C000FFF60020

mem[X,0x0000000080000440] -> 0x8537
mem[X,0x0000000080000442] -> 0x2000
[277] [M]: 0x0000000080000440 (0x20008537) lui a0, 0x20008
x10 <- 0x0000000020008000

mem[X,0x0000000080000444] -> 0x0513
mem[X,0x0000000080000446] -> 0x0005
[278] [M]: 0x0000000080000444 (0x00050513) addi a0, a0, 0x0
x10 <- 0x0000000020008000

mem[X,0x0000000080000448] -> 0x1513
mem[X,0x000000008000044A] -> 0x00B5
[279] [M]: 0x0000000080000448 (0x00B51513) slli a0, a0, 0xb
x10 <- 0x0000010004000000

mem[X,0x000000008000044C] -> 0x0513
mem[X,0x000000008000044E] -> 0x0405
[280] [M]: 0x000000008000044C (0x04050513) addi a0, a0, 0x40
x10 <- 0x0000010004000040

mem[X,0x0000000080000450] -> 0x1513
mem[X,0x0000000080000452] -> 0x00B5
[281] [M]: 0x0000000080000450 (0x00B51513) slli a0, a0, 0xb
x10 <- 0x0008002000020000

mem[X,0x0000000080000454] -> 0x0513
mem[X,0x0000000080000456] -> 0x0005
[282] [M]: 0x0000000080000454 (0x00050513) addi a0, a0, 0x0
x10 <- 0x0008002000020000

mem[X,0x0000000080000458] -> 0x1513
mem[X,0x000000008000045A] -> 0x00A5
[283] [M]: 0x0000000080000458 (0x00A51513) slli a0, a0, 0xa
x10 <- 0x2000800008000000

mem[X,0x000000008000045C] -> 0x0513
mem[X,0x000000008000045E] -> 0x0075
[284] [M]: 0x000000008000045C (0x00750513) addi a0, a0, 0x7
x10 <- 0x2000800008000007

mem[X,0x0000000080000460] -> 0x033B
mem[X,0x0000000080000462] -> 0x90A8
[285] [M]: 0x0000000080000460 (0x90A8033B) psadd.h t1, a6, a0
x6 <- 0x2800800007F60027

mem[X,0x0000000080000464] -> 0x3423
mem[X,0x0000000080000466] -> 0x0462
[286] [M]: 0x0000000080000464 (0x04623423) sd t1, 0x48(tp)
mem[0x0000000080004160] <- 0x2800800007F60027

mem[X,0x0000000080000468] -> 0x03B7
mem[X,0x000000008000046A] -> 0xFFF7
[287] [M]: 0x0000000080000468 (0xFFF703B7) lui t2, -0x90
x7 <- 0xFFFFFFFFFFF70000

mem[X,0x000000008000046C] -> 0x8393
mem[X,0x000000008000046E] -> 0xEFF3
[288] [M]: 0x000000008000046C (0xEFF38393) addi t2, t2, -0x101
x7 <- 0xFFFFFFFFFFF6FEFF

mem[X,0x0000000080000470] -> 0x9393
mem[X,0x0000000080000472] -> 0x00B3
[289] [M]: 0x0000000080000470 (0x00B39393) slli t2, t2, 0xb
x7 <- 0xFFFFFFFFB7F7F800

mem[X,0x0000000080000474] -> 0x8393
mem[X,0x0000000080000476] -> 0x7BF3
[290] [M]: 0x0000000080000474 (0x7BF38393) addi t2, t2, 0x7bf
x7 <- 0xFFFFFFFFB7F7FFBF

mem[X,0x0000000080000478] -> 0x9393
mem[X,0x000000008000047A] -> 0x00B3
[291] [M]: 0x0000000080000478 (0x00B39393) slli t2, t2, 0xb
x7 <- 0xFFFFFDBFBFFDF800

mem[X,0x000000008000047C] -> 0x8393
mem[X,0x000000008000047E] -> 0x7C03
[292] [M]: 0x000000008000047C (0x7C038393) addi t2, t2, 0x7c0
x7 <- 0xFFFFFDBFBFFDFFC0

mem[X,0x0000000080000480] -> 0x9393
mem[X,0x0000000080000482] -> 0x00A3
[293] [M]: 0x0000000080000480 (0x00A39393) slli t2, t2, 0xa
x7 <- 0xFFF6FEFFF7FF0000

mem[X,0x0000000080000484] -> 0x8393
mem[X,0x0000000080000486] -> 0x0403
[294] [M]: 0x0000000080000484 (0x04038393) addi t2, t2, 0x40
x7 <- 0xFFF6FEFFF7FF0040

mem[X,0x0000000080000488] -> 0x0737
mem[X,0x000000008000048A] -> 0xFFFD
[295] [M]: 0x0000000080000488 (0xFFFD0737) lui a4, -0x30
x14 <- 0xFFFFFFFFFFFD0000

mem[X,0x000000008000048C] -> 0x0713
mem[X,0x000000008000048E] -> 0xFEF7
[296] [M]: 0x000000008000048C (0xFEF70713) addi a4, a4, -0x11
x14 <- 0xFFFFFFFFFFFCFFEF

mem[X,0x0000000080000490] -> 0x1713
mem[X,0x0000000080000492] -> 0x00B7
[297] [M]: 0x0000000080000490 (0x00B71713) slli a4, a4, 0xb
x14 <- 0xFFFFFFFFE7FF7800

mem[X,0x0000000080000494] -> 0x0713
mem[X,0x0000000080000496] -> 0x6007
[298] [M]: 0x0000000080000494 (0x60070713) addi a4, a4, 0x600
x14 <- 0xFFFFFFFFE7FF7E00

mem[X,0x0000000080000498] -> 0x1713
mem[X,0x000000008000049A] -> 0x00B7
[299] [M]: 0x0000000080000498 (0x00B71713) slli a4, a4, 0xb
x14 <- 0xFFFFFF3FFBF00000

clint::tick mtime <- 0x0000000000000003
 clint timer pending at mtime 0x0000000000000003
htif::tick 0x0000000000000000
mem[X,0x000000008000049C] -> 0x0713
mem[X,0x000000008000049E] -> 0x0007
[300] [M]: 0x000000008000049C (0x00070713) addi a4, a4, 0x0
x14 <- 0xFFFFFF3FFBF00000

mem[X,0x00000000800004A0] -> 0x1713
mem[X,0x00000000800004A2] -> 0x00A7
[301] [M]: 0x00000000800004A0 (0x00A71713) slli a4, a4, 0xa
x14 <- 0xFFFCFFEFC0000000

mem[X,0x00000000800004A4] -> 0x0713
mem[X,0x00000000800004A6] -> 0x0097
[302] [M]: 0x00000000800004A4 (0x00970713) addi a4, a4, 0x9
x14 <- 0xFFFCFFEFC0000009

mem[X,0x00000000800004A8] -> 0x813B
mem[X,0x00000000800004AA] -> 0x90E3
[303] [M]: 0x00000000800004A8 (0x90E3813B) psadd.h sp, t2, a4
x2 <- 0xFFF2FEEEB7FF0049

mem[X,0x00000000800004AC] -> 0x3823
mem[X,0x00000000800004AE] -> 0x0422
[304] [M]: 0x00000000800004AC (0x04223823) sd sp, 0x50(tp)
mem[0x0000000080004168] <- 0xFFF2FEEEB7FF0049

mem[X,0x00000000800004B0] -> 0xE437
mem[X,0x00000000800004B2] -> 0xFFEF
[305] [M]: 0x00000000800004B0 (0xFFEFE437) lui fp, -0x102
x8 <- 0xFFFFFFFFFFEFE000

mem[X,0x00000000800004B4] -> 0x0413
mem[X,0x00000000800004B6] -> 0xFFF4
[306] [M]: 0x00000000800004B4 (0xFFF40413) addi fp, fp, -0x1
x8 <- 0xFFFFFFFFFFEFDFFF

mem[X,0x00000000800004B8] -> 0x1413
mem[X,0x00000000800004BA] -> 0x00B4
[307] [M]: 0x00000000800004B8 (0x00B41413) slli fp, fp, 0xb
x8 <- 0xFFFFFFFF7EFFF800

mem[X,0x00000000800004BC] -> 0x0413
mem[X,0x00000000800004BE] -> 0x5554
[308] [M]: 0x00000000800004BC (0x55540413) addi fp, fp, 0x555
x8 <- 0xFFFFFFFF7EFFFD55

mem[X,0x00000000800004C0] -> 0x1413
mem[X,0x00000000800004C2] -> 0x00B4
[309] [M]: 0x00000000800004C0 (0x00B41413) slli fp, fp, 0xb
x8 <- 0xFFFFFBF7FFEAA800

mem[X,0x00000000800004C4] -> 0x0413
mem[X,0x00000000800004C6] -> 0x2804
[310] [M]: 0x00000000800004C4 (0x28040413) addi fp, fp, 0x280
x8 <- 0xFFFFFBF7FFEAAA80

mem[X,0x00000000800004C8] -> 0x1413
mem[X,0x00000000800004CA] -> 0x00A4
[311] [M]: 0x00000000800004C8 (0x00A41413) slli fp, fp, 0xa
x8 <- 0xFFEFDFFFAAAA0000

mem[X,0x00000000800004CC] -> 0x0413
mem[X,0x00000000800004CE] -> 0x0804
[312] [M]: 0x00000000800004CC (0x08040413) addi fp, fp, 0x80
x8 <- 0xFFEFDFFFAAAA0080

mem[X,0x00000000800004D0] -> 0x09B7
mem[X,0x00000000800004D2] -> 0x0001
[313] [M]: 0x00000000800004D0 (0x000109B7) lui s3, 0x10
x19 <- 0x0000000000010000

mem[X,0x00000000800004D4] -> 0x8993
mem[X,0x00000000800004D6] -> 0xFF69
[314] [M]: 0x00000000800004D4 (0xFF698993) addi s3, s3, -0xa
x19 <- 0x000000000000FFF6

mem[X,0x00000000800004D8] -> 0x9993
mem[X,0x00000000800004DA] -> 0x00B9
[315] [M]: 0x00000000800004D8 (0x00B99993) slli s3, s3, 0xb
x19 <- 0x0000000007FFB000

mem[X,0x00000000800004DC] -> 0x8993
mem[X,0x00000000800004DE] -> 0x0029
[316] [M]: 0x00000000800004DC (0x00298993) addi s3, s3, 0x2
x19 <- 0x0000000007FFB002

mem[X,0x00000000800004E0] -> 0x9993
mem[X,0x00000000800004E2] -> 0x00B9
[317] [M]: 0x00000000800004E0 (0x00B99993) slli s3, s3, 0xb
x19 <- 0x0000003FFD801000

mem[X,0x00000000800004E4] -> 0x8993
mem[X,0x00000000800004E6] -> 0x0109
[318] [M]: 0x00000000800004E4 (0x01098993) addi s3, s3, 0x10
x19 <- 0x0000003FFD801010

mem[X,0x00000000800004E8] -> 0x9993
mem[X,0x00000000800004EA] -> 0x00A9
[319] [M]: 0x00000000800004E8 (0x00A99993) slli s3, s3, 0xa
x19 <- 0x0000FFF600404000

mem[X,0x00000000800004EC] -> 0x0A3B
mem[X,0x00000000800004EE] -> 0x9134
[320] [M]: 0x00000000800004EC (0x91340A3B) psadd.h s4, fp, s3
x20 <- 0xFFEFDFF5AAEA4080

mem[X,0x00000000800004F0] -> 0x3C23
mem[X,0x00000000800004F2] -> 0x0542
[321] [M]: 0x00000000800004F0 (0x05423C23) sd s4, 0x58(tp)
mem[0x0000000080004170] <- 0xFFEFDFF5AAEA4080

mem[X,0x00000000800004F4] -> 0xC937
mem[X,0x00000000800004F6] -> 0xC000
[322] [M]: 0x00000000800004F4 (0xC000C937) lui s2, -0x3fff4
x18 <- 0xFFFFFFFFC000C000

mem[X,0x00000000800004F8] -> 0x0913
mem[X,0x00000000800004FA] -> 0x0009
[323] [M]: 0x00000000800004F8 (0x00090913) addi s2, s2, 0x0
x18 <- 0xFFFFFFFFC000C000

mem[X,0x00000000800004FC] -> 0x1913
mem[X,0x00000000800004FE] -> 0x00B9
[324] [M]: 0x00000000800004FC (0x00B91913) slli s2, s2, 0xb
x18 <- 0xFFFFFE0006000000

mem[X,0x0000000080000500] -> 0x0913
mem[X,0x0000000080000502] -> 0x7FF9
[325] [M]: 0x0000000080000500 (0x7FF90913) addi s2, s2, 0x7ff
x18 <- 0xFFFFFE00060007FF

mem[X,0x0000000080000504] -> 0x1913
mem[X,0x0000000080000506] -> 0x00B9
[326] [M]: 0x0000000080000504 (0x00B91913) slli s2, s2, 0xb
x18 <- 0xFFF00030003FF800

mem[X,0x0000000080000508] -> 0x0913
mem[X,0x000000008000050A] -> 0x6409
[327] [M]: 0x0000000080000508 (0x64090913) addi s2, s2, 0x640
x18 <- 0xFFF00030003FFE40

mem[X,0x000000008000050C] -> 0x1913
mem[X,0x000000008000050E] -> 0x00A9
[328] [M]: 0x000000008000050C (0x00A91913) slli s2, s2, 0xa
x18 <- 0xC000C000FFF90000

mem[X,0x0000000080000510] -> 0x0913
mem[X,0x0000000080000512] -> 0x1009
[329] [M]: 0x0000000080000510 (0x10090913) addi s2, s2, 0x100
x18 <- 0xC000C000FFF90100

mem[X,0x0000000080000514] -> 0x0F37
mem[X,0x0000000080000516] -> 0x0041
[330] [M]: 0x0000000080000514 (0x00410F37) lui t5, 0x410
x30 <- 0x0000000000410000

mem[X,0x0000000080000518] -> 0x0F13
mem[X,0x000000008000051A] -> 0xFFCF
[331] [M]: 0x0000000080000518 (0xFFCF0F13) addi t5, t5, -0x4
x30 <- 0x000000000040FFFC

mem[X,0x000000008000051C] -> 0x1F13
mem[X,0x000000008000051E] -> 0x00BF
[332] [M]: 0x000000008000051C (0x00BF1F13) slli t5, t5, 0xb
x30 <- 0x0000000207FFE000

mem[X,0x0000000080000520] -> 0x0F13
mem[X,0x0000000080000522] -> 0x000F
[333] [M]: 0x0000000080000520 (0x000F0F13) addi t5, t5, 0x0
x30 <- 0x0000000207FFE000

mem[X,0x0000000080000524] -> 0x1F13
mem[X,0x0000000080000526] -> 0x00BF
[334] [M]: 0x0000000080000524 (0x00BF1F13) slli t5, t5, 0xb
x30 <- 0x0000103FFF000000

mem[X,0x0000000080000528] -> 0x0F13
mem[X,0x000000008000052A] -> 0x19FF
[335] [M]: 0x0000000080000528 (0x19FF0F13) addi t5, t5, 0x19f
x30 <- 0x0000103FFF00019F

mem[X,0x000000008000052C] -> 0x1F13
mem[X,0x000000008000052E] -> 0x00AF
[336] [M]: 0x000000008000052C (0x00AF1F13) slli t5, t5, 0xa
x30 <- 0x0040FFFC00067C00

mem[X,0x0000000080000530] -> 0x0F13
mem[X,0x0000000080000532] -> 0x3FFF
[337] [M]: 0x0000000080000530 (0x3FFF0F13) addi t5, t5, 0x3ff
x30 <- 0x0040FFFC00067FFF

mem[X,0x0000000080000534] -> 0x0C3B
mem[X,0x0000000080000536] -> 0x91E9
[338] [M]: 0x0000000080000534 (0x91E90C3B) psadd.h s8, s2, t5
x24 <- 0xC040BFFCFFFF7FFF

mem[X,0x0000000080000538] -> 0x3023
mem[X,0x000000008000053A] -> 0x0782
[339] [M]: 0x0000000080000538 (0x07823023) sd s8, 0x60(tp)
mem[0x0000000080004178] <- 0xC040BFFCFFFF7FFF

mem[X,0x000000008000053C] -> 0x0C37
mem[X,0x000000008000053E] -> 0x0800
[340] [M]: 0x000000008000053C (0x08000C37) lui s8, 0x8000
x24 <- 0x0000000008000000

mem[X,0x0000000080000540] -> 0x0C13
mem[X,0x0000000080000542] -> 0x008C
[341] [M]: 0x0000000080000540 (0x008C0C13) addi s8, s8, 0x8
x24 <- 0x0000000008000008

mem[X,0x0000000080000544] -> 0x1C13
mem[X,0x0000000080000546] -> 0x00BC
[342] [M]: 0x0000000080000544 (0x00BC1C13) slli s8, s8, 0xb
x24 <- 0x0000004000004000

mem[X,0x0000000080000548] -> 0x0C13
mem[X,0x000000008000054A] -> 0x7FFC
[343] [M]: 0x0000000080000548 (0x7FFC0C13) addi s8, s8, 0x7ff
x24 <- 0x00000040000047FF

mem[X,0x000000008000054C] -> 0x1C13
mem[X,0x000000008000054E] -> 0x00BC
[344] [M]: 0x000000008000054C (0x00BC1C13) slli s8, s8, 0xb
x24 <- 0x00020000023FF800

mem[X,0x0000000080000550] -> 0x0C13
mem[X,0x0000000080000552] -> 0x680C
[345] [M]: 0x0000000080000550 (0x680C0C13) addi s8, s8, 0x680
x24 <- 0x00020000023FFE80

mem[X,0x0000000080000554] -> 0x1C13
mem[X,0x0000000080000556] -> 0x00AC
[346] [M]: 0x0000000080000554 (0x00AC1C13) slli s8, s8, 0xa
x24 <- 0x08000008FFFA0000

mem[X,0x0000000080000558] -> 0x0C13
mem[X,0x000000008000055A] -> 0x200C
[347] [M]: 0x0000000080000558 (0x200C0C13) addi s8, s8, 0x200
x24 <- 0x08000008FFFA0200

mem[X,0x000000008000055C] -> 0x87B7
mem[X,0x000000008000055E] -> 0x2000
[348] [M]: 0x000000008000055C (0x200087B7) lui a5, 0x20008
x15 <- 0x0000000020008000

mem[X,0x0000000080000560] -> 0x8793
mem[X,0x0000000080000562] -> 0xFFF7
[349] [M]: 0x0000000080000560 (0xFFF78793) addi a5, a5, -0x1
x15 <- 0x0000000020007FFF

mem[X,0x0000000080000564] -> 0x9793
mem[X,0x0000000080000566] -> 0x00B7
[350] [M]: 0x0000000080000564 (0x00B79793) slli a5, a5, 0xb
x15 <- 0x0000010003FFF800

mem[X,0x0000000080000568] -> 0x8793
mem[X,0x000000008000056A] -> 0x5557
[351] [M]: 0x0000000080000568 (0x55578793) addi a5, a5, 0x555
x15 <- 0x0000010003FFFD55

mem[X,0x000000008000056C] -> 0x9793
mem[X,0x000000008000056E] -> 0x00B7
[352] [M]: 0x000000008000056C (0x00B79793) slli a5, a5, 0xb
x15 <- 0x0008001FFFEAA800

mem[X,0x0000000080000570] -> 0x8793
mem[X,0x0000000080000572] -> 0x2BF7
[353] [M]: 0x0000000080000570 (0x2BF78793) addi a5, a5, 0x2bf
x15 <- 0x0008001FFFEAAABF

mem[X,0x0000000080000574] -> 0x9793
mem[X,0x0000000080000576] -> 0x00A7
[354] [M]: 0x0000000080000574 (0x00A79793) slli a5, a5, 0xa
x15 <- 0x20007FFFAAAAFC00

mem[X,0x0000000080000578] -> 0x8793
mem[X,0x000000008000057A] -> 0x3FC7
[355] [M]: 0x0000000080000578 (0x3FC78793) addi a5, a5, 0x3fc
x15 <- 0x20007FFFAAAAFFFC

mem[X,0x000000008000057C] -> 0x0E3B
mem[X,0x000000008000057E] -> 0x90FC
[356] [M]: 0x000000008000057C (0x90FC0E3B) psadd.h t3, s8, a5
x28 <- 0x28007FFFAAA401FC

mem[X,0x0000000080000580] -> 0x3423
mem[X,0x0000000080000582] -> 0x07C2
[357] [M]: 0x0000000080000580 (0x07C23423) sd t3, 0x68(tp)
mem[0x0000000080004180] <- 0x28007FFFAAA401FC

mem[X,0x0000000080000584] -> 0xFBB7
mem[X,0x0000000080000586] -> 0xFFEF
[358] [M]: 0x0000000080000584 (0xFFEFFBB7) lui s7, -0x101
x23 <- 0xFFFFFFFFFFEFF000

mem[X,0x0000000080000588] -> 0x8B93
mem[X,0x000000008000058A] -> 0x7FFB
[359] [M]: 0x0000000080000588 (0x7FFB8B93) addi s7, s7, 0x7ff
x23 <- 0xFFFFFFFFFFEFF7FF

mem[X,0x000000008000058C] -> 0x9B93
mem[X,0x000000008000058E] -> 0x00BB
[360] [M]: 0x000000008000058C (0x00BB9B93) slli s7, s7, 0xb
x23 <- 0xFFFFFFFF7FBFF800

mem[X,0x0000000080000590] -> 0x8B93
mem[X,0x0000000080000592] -> 0x010B
[361] [M]: 0x0000000080000590 (0x010B8B93) addi s7, s7, 0x10
x23 <- 0xFFFFFFFF7FBFF810

mem[X,0x0000000080000594] -> 0x9B93
mem[X,0x0000000080000596] -> 0x00BB
[362] [M]: 0x0000000080000594 (0x00BB9B93) slli s7, s7, 0xb
x23 <- 0xFFFFFBFDFFC08000

mem[X,0x0000000080000598] -> 0x8B93
mem[X,0x000000008000059A] -> 0x001B
[363] [M]: 0x0000000080000598 (0x001B8B93) addi s7, s7, 0x1
x23 <- 0xFFFFFBFDFFC08001

mem[X,0x000000008000059C] -> 0x9B93
mem[X,0x000000008000059E] -> 0x00AB
[364] [M]: 0x000000008000059C (0x00AB9B93) slli s7, s7, 0xa
x23 <- 0xFFEFF7FF02000400

mem[X,0x00000000800005A0] -> 0x01B7
mem[X,0x00000000800005A2] -> 0xC000
[365] [M]: 0x00000000800005A0 (0xC00001B7) lui gp, -0x40000
x3 <- 0xFFFFFFFFC0000000

mem[X,0x00000000800005A4] -> 0x8193
mem[X,0x00000000800005A6] -> 0xFFB1
[366] [M]: 0x00000000800005A4 (0xFFB18193) addi gp, gp, -0x5
x3 <- 0xFFFFFFFFBFFFFFFB

mem[X,0x00000000800005A8] -> 0x9193
mem[X,0x00000000800005AA] -> 0x00B1
[367] [M]: 0x00000000800005A8 (0x00B19193) slli gp, gp, 0xb
x3 <- 0xFFFFFDFFFFFFD800

mem[X,0x00000000800005AC] -> 0x8193
mem[X,0x00000000800005AE] -> 0x0001
[368] [M]: 0x00000000800005AC (0x00018193) addi gp, gp, 0x0
x3 <- 0xFFFFFDFFFFFFD800

mem[X,0x00000000800005B0] -> 0x9193
mem[X,0x00000000800005B2] -> 0x00B1
[369] [M]: 0x00000000800005B0 (0x00B19193) slli gp, gp, 0xb
x3 <- 0xFFEFFFFFFEC00000

mem[X,0x00000000800005B4] -> 0x8193
mem[X,0x00000000800005B6] -> 0x43F1
[370] [M]: 0x00000000800005B4 (0x43F18193) addi gp, gp, 0x43f
x3 <- 0xFFEFFFFFFEC0043F

mem[X,0x00000000800005B8] -> 0x9193
mem[X,0x00000000800005BA] -> 0x00A1
[371] [M]: 0x00000000800005B8 (0x00A19193) slli gp, gp, 0xa
x3 <- 0xBFFFFFFB0010FC00

mem[X,0x00000000800005BC] -> 0x8193
mem[X,0x00000000800005BE] -> 0x3EF1
[372] [M]: 0x00000000800005BC (0x3EF18193) addi gp, gp, 0x3ef
x3 <- 0xBFFFFFFB0010FFEF

mem[X,0x00000000800005C0] -> 0x893B
mem[X,0x00000000800005C2] -> 0x903B
[373] [M]: 0x00000000800005C0 (0x903B893B) psadd.h s2, s7, gp
x18 <- 0xBFEEF7FA021003EF

mem[X,0x00000000800005C4] -> 0x3823
mem[X,0x00000000800005C6] -> 0x0722
[374] [M]: 0x00000000800005C4 (0x07223823) sd s2, 0x70(tp)
mem[0x0000000080004188] <- 0xBFEEF7FA021003EF

mem[X,0x00000000800005C8] -> 0x0AB7
mem[X,0x00000000800005CA] -> 0xFFFC
[375] [M]: 0x00000000800005C8 (0xFFFC0AB7) lui s5, -0x40
x21 <- 0xFFFFFFFFFFFC0000

mem[X,0x00000000800005CC] -> 0x8A93
mem[X,0x00000000800005CE] -> 0x080A
[376] [M]: 0x00000000800005CC (0x080A8A93) addi s5, s5, 0x80
x21 <- 0xFFFFFFFFFFFC0080

mem[X,0x00000000800005D0] -> 0x9A93
mem[X,0x00000000800005D2] -> 0x00BA
[377] [M]: 0x00000000800005D0 (0x00BA9A93) slli s5, s5, 0xb
x21 <- 0xFFFFFFFFE0040000

mem[X,0x00000000800005D4] -> 0x8A93
mem[X,0x00000000800005D6] -> 0x7FFA
[378] [M]: 0x00000000800005D4 (0x7FFA8A93) addi s5, s5, 0x7ff
x21 <- 0xFFFFFFFFE00407FF

mem[X,0x00000000800005D8] -> 0x9A93
mem[X,0x00000000800005DA] -> 0x00BA
[379] [M]: 0x00000000800005D8 (0x00BA9A93) slli s5, s5, 0xb
x21 <- 0xFFFFFF00203FF800

mem[X,0x00000000800005DC] -> 0x8A93
mem[X,0x00000000800005DE] -> 0x742A
[380] [M]: 0x00000000800005DC (0x742A8A93) addi s5, s5, 0x742
x21 <- 0xFFFFFF00203FFF42

mem[X,0x00000000800005E0] -> 0x9A93
mem[X,0x00000000800005E2] -> 0x00AA
[381] [M]: 0x00000000800005E0 (0x00AA9A93) slli s5, s5, 0xa
x21 <- 0xFFFC0080FFFD0800

mem[X,0x00000000800005E4] -> 0x18B7
mem[X,0x00000000800005E6] -> 0xEFFF
[382] [M]: 0x00000000800005E4 (0xEFFF18B7) lui a7, -0x1000f
x17 <- 0xFFFFFFFFEFFF1000

mem[X,0x00000000800005E8] -> 0x8893
mem[X,0x00000000800005EA] -> 0x8008
[383] [M]: 0x00000000800005E8 (0x80088893) addi a7, a7, -0x800
x17 <- 0xFFFFFFFFEFFF0800

mem[X,0x00000000800005EC] -> 0x9893
mem[X,0x00000000800005EE] -> 0x00B8
[384] [M]: 0x00000000800005EC (0x00B89893) slli a7, a7, 0xb
x17 <- 0xFFFFFF7FF8400000

mem[X,0x00000000800005F0] -> 0x8893
mem[X,0x00000000800005F2] -> 0x4008
[385] [M]: 0x00000000800005F0 (0x40088893) addi a7, a7, 0x400
x17 <- 0xFFFFFF7FF8400400

mem[X,0x00000000800005F4] -> 0x9893
mem[X,0x00000000800005F6] -> 0x00B8
[386] [M]: 0x00000000800005F4 (0x00B89893) slli a7, a7, 0xb
x17 <- 0xFFFBFFC200200000

mem[X,0x00000000800005F8] -> 0x8893
mem[X,0x00000000800005FA] -> 0x03F8
[387] [M]: 0x00000000800005F8 (0x03F88893) addi a7, a7, 0x3f
x17 <- 0xFFFBFFC20020003F

mem[X,0x00000000800005FC] -> 0x9893
mem[X,0x00000000800005FE] -> 0x00A8
[388] [M]: 0x00000000800005FC (0x00A89893) slli a7, a7, 0xa
x17 <- 0xEFFF08008000FC00

mem[X,0x0000000080000600] -> 0x8893
mem[X,0x0000000080000602] -> 0x1FF8
[389] [M]: 0x0000000080000600 (0x1FF88893) addi a7, a7, 0x1ff
x17 <- 0xEFFF08008000FDFF

mem[X,0x0000000080000604] -> 0x89BB
mem[X,0x0000000080000606] -> 0x911A
[390] [M]: 0x0000000080000604 (0x911A89BB) psadd.h s3, s5, a7
x19 <- 0xEFFB0880800005FF

mem[X,0x0000000080000608] -> 0x3C23
mem[X,0x000000008000060A] -> 0x0732
[391] [M]: 0x0000000080000608 (0x07323C23) sd s3, 0x78(tp)
mem[0x0000000080004190] <- 0xEFFB0880800005FF

mem[X,0x000000008000060C] -> 0x05B7
mem[X,0x000000008000060E] -> 0xFFEF
[392] [M]: 0x000000008000060C (0xFFEF05B7) lui a1, -0x110
x11 <- 0xFFFFFFFFFFEF0000

mem[X,0x0000000080000610] -> 0x8593
mem[X,0x0000000080000612] -> 0x0045
[393] [M]: 0x0000000080000610 (0x00458593) addi a1, a1, 0x4
x11 <- 0xFFFFFFFFFFEF0004

mem[X,0x0000000080000614] -> 0x9593
mem[X,0x0000000080000616] -> 0x00B5
[394] [M]: 0x0000000080000614 (0x00B59593) slli a1, a1, 0xb
x11 <- 0xFFFFFFFF78002000

mem[X,0x0000000080000618] -> 0x8593
mem[X,0x000000008000061A] -> 0x7FF5
[395] [M]: 0x0000000080000618 (0x7FF58593) addi a1, a1, 0x7ff
x11 <- 0xFFFFFFFF780027FF

mem[X,0x000000008000061C] -> 0x9593
mem[X,0x000000008000061E] -> 0x00B5
[396] [M]: 0x000000008000061C (0x00B59593) slli a1, a1, 0xb
x11 <- 0xFFFFFBC0013FF800

mem[X,0x0000000080000620] -> 0x8593
mem[X,0x0000000080000622] -> 0x6C45
[397] [M]: 0x0000000080000620 (0x6C458593) addi a1, a1, 0x6c4
x11 <- 0xFFFFFBC0013FFEC4

mem[X,0x0000000080000624] -> 0x9593
mem[X,0x0000000080000626] -> 0x00A5
[398] [M]: 0x0000000080000624 (0x00A59593) slli a1, a1, 0xa
x11 <- 0xFFEF0004FFFB1000

mem[X,0x0000000080000628] -> 0x06B7
mem[X,0x000000008000062A] -> 0x0005
[399] [M]: 0x0000000080000628 (0x000506B7) lui a3, 0x50
x13 <- 0x0000000000050000

clint::tick mtime <- 0x0000000000000004
 clint timer pending at mtime 0x0000000000000004
htif::tick 0x0000000000000000
mem[X,0x000000008000062C] -> 0x8693
mem[X,0x000000008000062E] -> 0xFFE6
[400] [M]: 0x000000008000062C (0xFFE68693) addi a3, a3, -0x2
x13 <- 0x000000000004FFFE

mem[X,0x0000000080000630] -> 0x9693
mem[X,0x0000000080000632] -> 0x00B6
[401] [M]: 0x0000000080000630 (0x00B69693) slli a3, a3, 0xb
x13 <- 0x0000000027FFF000

mem[X,0x0000000080000634] -> 0x8693
mem[X,0x0000000080000636] -> 0x7FF6
[402] [M]: 0x0000000080000634 (0x7FF68693) addi a3, a3, 0x7ff
x13 <- 0x0000000027FFF7FF

mem[X,0x0000000080000638] -> 0x9693
mem[X,0x000000008000063A] -> 0x00B6
[403] [M]: 0x0000000080000638 (0x00B69693) slli a3, a3, 0xb
x13 <- 0x0000013FFFBFF800

mem[X,0x000000008000063C] -> 0x8693
mem[X,0x000000008000063E] -> 0x6006
[404] [M]: 0x000000008000063C (0x60068693) addi a3, a3, 0x600
x13 <- 0x0000013FFFBFFE00

mem[X,0x0000000080000640] -> 0x9693
mem[X,0x0000000080000642] -> 0x00A6
[405] [M]: 0x0000000080000640 (0x00A69693) slli a3, a3, 0xa
x13 <- 0x0004FFFEFFF80000

mem[X,0x0000000080000644] -> 0x8693
mem[X,0x0000000080000646] -> 0x0076
[406] [M]: 0x0000000080000644 (0x00768693) addi a3, a3, 0x7
x13 <- 0x0004FFFEFFF80007

mem[X,0x0000000080000648] -> 0x8BBB
mem[X,0x000000008000064A] -> 0x90D5
[407] [M]: 0x0000000080000648 (0x90D58BBB) psadd.h s7, a1, a3
x23 <- 0xFFF30002FFF31007

mem[X,0x000000008000064C] -> 0x3023
mem[X,0x000000008000064E] -> 0x0972
[408] [M]: 0x000000008000064C (0x09723023) sd s7, 0x80(tp)
mem[0x0000000080004198] <- 0xFFF30002FFF31007

mem[X,0x0000000080000650] -> 0x0013
mem[X,0x0000000080000652] -> 0x0000
[409] [M]: 0x0000000080000650 (0x00000013) addi zero, zero, 0x0

mem[X,0x0000000080000654] -> 0x0013
mem[X,0x0000000080000656] -> 0x0000
[410] [M]: 0x0000000080000654 (0x00000013) addi zero, zero, 0x0

mem[X,0x0000000080000658] -> 0x0013
mem[X,0x000000008000065A] -> 0x0000
[411] [M]: 0x0000000080000658 (0x00000013) addi zero, zero, 0x0

mem[X,0x000000008000065C] -> 0x0013
mem[X,0x000000008000065E] -> 0x0000
[412] [M]: 0x000000008000065C (0x00000013) addi zero, zero, 0x0

mem[X,0x0000000080000660] -> 0x4397
mem[X,0x0000000080000662] -> 0x0000
[413] [M]: 0x0000000080000660 (0x00004397) auipc t2, 0x4
x7 <- 0x0000000080004660

mem[X,0x0000000080000664] -> 0x8393
mem[X,0x0000000080000666] -> 0xB403
[414] [M]: 0x0000000080000664 (0xB4038393) addi t2, t2, -0x4c0
x7 <- 0x00000000800041A0

mem[X,0x0000000080000668] -> 0x0013
mem[X,0x000000008000066A] -> 0x0000
[415] [M]: 0x0000000080000668 (0x00000013) addi zero, zero, 0x0

mem[X,0x000000008000066C] -> 0x0013
mem[X,0x000000008000066E] -> 0x0000
[416] [M]: 0x000000008000066C (0x00000013) addi zero, zero, 0x0

mem[X,0x0000000080000670] -> 0x0013
mem[X,0x0000000080000672] -> 0x0000
[417] [M]: 0x0000000080000670 (0x00000013) addi zero, zero, 0x0

mem[X,0x0000000080000674] -> 0x0013
mem[X,0x0000000080000676] -> 0x0000
[418] [M]: 0x0000000080000674 (0x00000013) addi zero, zero, 0x0

mem[X,0x0000000080000678] -> 0x0013
mem[X,0x000000008000067A] -> 0x0000
[419] [M]: 0x0000000080000678 (0x00000013) addi zero, zero, 0x0

mem[X,0x000000008000067C] -> 0x0013
mem[X,0x000000008000067E] -> 0x0000
[420] [M]: 0x000000008000067C (0x00000013) addi zero, zero, 0x0

mem[X,0x0000000080000680] -> 0xC4B7
mem[X,0x0000000080000682] -> 0xFFFC
[421] [M]: 0x0000000080000680 (0xFFFCC4B7) lui s1, -0x34
x9 <- 0xFFFFFFFFFFFCC000

mem[X,0x0000000080000684] -> 0x8493
mem[X,0x0000000080000686] -> 0xFFF4
[422] [M]: 0x0000000080000684 (0xFFF48493) addi s1, s1, -0x1
x9 <- 0xFFFFFFFFFFFCBFFF

mem[X,0x0000000080000688] -> 0x9493
mem[X,0x000000008000068A] -> 0x00B4
[423] [M]: 0x0000000080000688 (0x00B49493) slli s1, s1, 0xb
x9 <- 0xFFFFFFFFE5FFF800

mem[X,0x000000008000068C] -> 0x8493
mem[X,0x000000008000068E] -> 0x6004
[424] [M]: 0x000000008000068C (0x60048493) addi s1, s1, 0x600
x9 <- 0xFFFFFFFFE5FFFE00

mem[X,0x0000000080000690] -> 0x9493
mem[X,0x0000000080000692] -> 0x00B4
[425] [M]: 0x0000000080000690 (0x00B49493) slli s1, s1, 0xb
x9 <- 0xFFFFFF2FFFF00000

mem[X,0x0000000080000694] -> 0x8493
mem[X,0x0000000080000696] -> 0x0084
[426] [M]: 0x0000000080000694 (0x00848493) addi s1, s1, 0x8
x9 <- 0xFFFFFF2FFFF00008

mem[X,0x0000000080000698] -> 0x9493
mem[X,0x000000008000069A] -> 0x00A4
[427] [M]: 0x0000000080000698 (0x00A49493) slli s1, s1, 0xa
x9 <- 0xFFFCBFFFC0002000

mem[X,0x000000008000069C] -> 0x0E37
mem[X,0x000000008000069E] -> 0x5556
[428] [M]: 0x000000008000069C (0x55560E37) lui t3, 0x55560
x28 <- 0x0000000055560000

mem[X,0x00000000800006A0] -> 0x0E13
mem[X,0x00000000800006A2] -> 0xFF8E
[429] [M]: 0x00000000800006A0 (0xFF8E0E13) addi t3, t3, -0x8
x28 <- 0x000000005555FFF8

mem[X,0x00000000800006A4] -> 0x1E13
mem[X,0x00000000800006A6] -> 0x00BE
[430] [M]: 0x00000000800006A4 (0x00BE1E13) slli t3, t3, 0xb
x28 <- 0x000002AAAFFFC000

mem[X,0x00000000800006A8] -> 0x0E13
mem[X,0x00000000800006AA] -> 0x004E
[431] [M]: 0x00000000800006A8 (0x004E0E13) addi t3, t3, 0x4
x28 <- 0x000002AAAFFFC004

mem[X,0x00000000800006AC] -> 0x1E13
mem[X,0x00000000800006AE] -> 0x00BE
[432] [M]: 0x00000000800006AC (0x00BE1E13) slli t3, t3, 0xb
x28 <- 0x0015557FFE002000

mem[X,0x00000000800006B0] -> 0x0E13
mem[X,0x00000000800006B2] -> 0x000E
[433] [M]: 0x00000000800006B0 (0x000E0E13) addi t3, t3, 0x0
x28 <- 0x0015557FFE002000

mem[X,0x00000000800006B4] -> 0x1E13
mem[X,0x00000000800006B6] -> 0x00AE
[434] [M]: 0x00000000800006B4 (0x00AE1E13) slli t3, t3, 0xa
x28 <- 0x5555FFF800800000

mem[X,0x00000000800006B8] -> 0x0E13
mem[X,0x00000000800006BA] -> 0x100E
[435] [M]: 0x00000000800006B8 (0x100E0E13) addi t3, t3, 0x100
x28 <- 0x5555FFF800800100

mem[X,0x00000000800006BC] -> 0x803B
mem[X,0x00000000800006BE] -> 0x91C4
[436] [M]: 0x00000000800006BC (0x91C4803B) psadd.h zero, s1, t3

mem[X,0x00000000800006C0] -> 0xB023
mem[X,0x00000000800006C2] -> 0x0003
[437] [M]: 0x00000000800006C0 (0x0003B023) sd zero, 0x0(t2)
mem[0x00000000800041A0] <- 0x0000000000000000

mem[X,0x00000000800006C4] -> 0x0E37
mem[X,0x00000000800006C6] -> 0x0101
[438] [M]: 0x00000000800006C4 (0x01010E37) lui t3, 0x1010
x28 <- 0x0000000001010000

mem[X,0x00000000800006C8] -> 0x0E13
mem[X,0x00000000800006CA] -> 0xFFEE
[439] [M]: 0x00000000800006C8 (0xFFEE0E13) addi t3, t3, -0x2
x28 <- 0x000000000100FFFE

mem[X,0x00000000800006CC] -> 0x1E13
mem[X,0x00000000800006CE] -> 0x00BE
[440] [M]: 0x00000000800006CC (0x00BE1E13) slli t3, t3, 0xb
x28 <- 0x0000000807FFF000

mem[X,0x00000000800006D0] -> 0x0E13
mem[X,0x00000000800006D2] -> 0x7FFE
[441] [M]: 0x00000000800006D0 (0x7FFE0E13) addi t3, t3, 0x7ff
x28 <- 0x0000000807FFF7FF

mem[X,0x00000000800006D4] -> 0x1E13
mem[X,0x00000000800006D6] -> 0x00BE
[442] [M]: 0x00000000800006D4 (0x00BE1E13) slli t3, t3, 0xb
x28 <- 0x0000403FFFBFF800

mem[X,0x00000000800006D8] -> 0x0E13
mem[X,0x00000000800006DA] -> 0x750E
[443] [M]: 0x00000000800006D8 (0x750E0E13) addi t3, t3, 0x750
x28 <- 0x0000403FFFBFFF50

mem[X,0x00000000800006DC] -> 0x1E13
mem[X,0x00000000800006DE] -> 0x00AE
[444] [M]: 0x00000000800006DC (0x00AE1E13) slli t3, t3, 0xa
x28 <- 0x0100FFFEFFFD4000

mem[X,0x00000000800006E0] -> 0x0B37
mem[X,0x00000000800006E2] -> 0x4000
[445] [M]: 0x00000000800006E0 (0x40000B37) lui s6, 0x40000
x22 <- 0x0000000040000000

mem[X,0x00000000800006E4] -> 0x0B13
mem[X,0x00000000800006E6] -> 0xFBFB
[446] [M]: 0x00000000800006E4 (0xFBFB0B13) addi s6, s6, -0x41
x22 <- 0x000000003FFFFFBF

mem[X,0x00000000800006E8] -> 0x1B13
mem[X,0x00000000800006EA] -> 0x00BB
[447] [M]: 0x00000000800006E8 (0x00BB1B13) slli s6, s6, 0xb
x22 <- 0x000001FFFFFDF800

mem[X,0x00000000800006EC] -> 0x0B13
mem[X,0x00000000800006EE] -> 0x002B
[448] [M]: 0x00000000800006EC (0x002B0B13) addi s6, s6, 0x2
x22 <- 0x000001FFFFFDF802

mem[X,0x00000000800006F0] -> 0x1B13
mem[X,0x00000000800006F2] -> 0x00BB
[449] [M]: 0x00000000800006F0 (0x00BB1B13) slli s6, s6, 0xb
x22 <- 0x000FFFFFEFC01000

mem[X,0x00000000800006F4] -> 0x0B13
mem[X,0x00000000800006F6] -> 0x004B
[450] [M]: 0x00000000800006F4 (0x004B0B13) addi s6, s6, 0x4
x22 <- 0x000FFFFFEFC01004

mem[X,0x00000000800006F8] -> 0x1B13
mem[X,0x00000000800006FA] -> 0x00AB
[451] [M]: 0x00000000800006F8 (0x00AB1B13) slli s6, s6, 0xa
x22 <- 0x3FFFFFBF00401000

mem[X,0x00000000800006FC] -> 0x08BB
mem[X,0x00000000800006FE] -> 0x916E
[452] [M]: 0x00000000800006FC (0x916E08BB) psadd.h a7, t3, s6
x17 <- 0x40FFFFBD003D5000

mem[X,0x0000000080000700] -> 0xB423
mem[X,0x0000000080000702] -> 0x0113
[453] [M]: 0x0000000080000700 (0x0113B423) sd a7, 0x8(t2)
mem[0x00000000800041A8] <- 0x40FFFFBD003D5000

mem[X,0x0000000080000704] -> 0x02B7
mem[X,0x0000000080000706] -> 0x4000
[454] [M]: 0x0000000080000704 (0x400002B7) lui t0, 0x40000
x5 <- 0x0000000040000000

mem[X,0x0000000080000708] -> 0x8293
mem[X,0x000000008000070A] -> 0xFF62
[455] [M]: 0x0000000080000708 (0xFF628293) addi t0, t0, -0xa
x5 <- 0x000000003FFFFFF6

mem[X,0x000000008000070C] -> 0x9293
mem[X,0x000000008000070E] -> 0x00B2
[456] [M]: 0x000000008000070C (0x00B29293) slli t0, t0, 0xb
x5 <- 0x000001FFFFFFB000

mem[X,0x0000000080000710] -> 0x8293
mem[X,0x0000000080000712] -> 0x7FF2
[457] [M]: 0x0000000080000710 (0x7FF28293) addi t0, t0, 0x7ff
x5 <- 0x000001FFFFFFB7FF

mem[X,0x0000000080000714] -> 0x9293
mem[X,0x0000000080000716] -> 0x00B2
[458] [M]: 0x0000000080000714 (0x00B29293) slli t0, t0, 0xb
x5 <- 0x000FFFFFFDBFF800

mem[X,0x0000000080000718] -> 0x8293
mem[X,0x000000008000071A] -> 0x73F2
[459] [M]: 0x0000000080000718 (0x73F28293) addi t0, t0, 0x73f
x5 <- 0x000FFFFFFDBFFF3F

mem[X,0x000000008000071C] -> 0x9293
mem[X,0x000000008000071E] -> 0x00A2
[460] [M]: 0x000000008000071C (0x00A29293) slli t0, t0, 0xa
x5 <- 0x3FFFFFF6FFFCFC00

mem[X,0x0000000080000720] -> 0x8293
mem[X,0x0000000080000722] -> 0x3FE2
[461] [M]: 0x0000000080000720 (0x3FE28293) addi t0, t0, 0x3fe
x5 <- 0x3FFFFFF6FFFCFFFE

mem[X,0x0000000080000724] -> 0x0237
mem[X,0x0000000080000726] -> 0xF000
[462] [M]: 0x0000000080000724 (0xF0000237) lui tp, -0x10000
x4 <- 0xFFFFFFFFF0000000

mem[X,0x0000000080000728] -> 0x0213
mem[X,0x000000008000072A] -> 0xFF62
[463] [M]: 0x0000000080000728 (0xFF620213) addi tp, tp, -0xa
x4 <- 0xFFFFFFFFEFFFFFF6

mem[X,0x000000008000072C] -> 0x1213
mem[X,0x000000008000072E] -> 0x00B2
[464] [M]: 0x000000008000072C (0x00B21213) slli tp, tp, 0xb
x4 <- 0xFFFFFF7FFFFFB000

mem[X,0x0000000080000730] -> 0x0213
mem[X,0x0000000080000732] -> 0x7FD2
[465] [M]: 0x0000000080000730 (0x7FD20213) addi tp, tp, 0x7fd
x4 <- 0xFFFFFF7FFFFFB7FD

mem[X,0x0000000080000734] -> 0x1213
mem[X,0x0000000080000736] -> 0x00B2
[466] [M]: 0x0000000080000734 (0x00B21213) slli tp, tp, 0xb
x4 <- 0xFFFBFFFFFDBFE800

mem[X,0x0000000080000738] -> 0x0213
mem[X,0x000000008000073A] -> 0x7FE2
[467] [M]: 0x0000000080000738 (0x7FE20213) addi tp, tp, 0x7fe
x4 <- 0xFFFBFFFFFDBFEFFE

mem[X,0x000000008000073C] -> 0x1213
mem[X,0x000000008000073E] -> 0x00A2
[468] [M]: 0x000000008000073C (0x00A21213) slli tp, tp, 0xa
x4 <- 0xEFFFFFF6FFBFF800

mem[X,0x0000000080000740] -> 0x0213
mem[X,0x0000000080000742] -> 0x3FF2
[469] [M]: 0x0000000080000740 (0x3FF20213) addi tp, tp, 0x3ff
x4 <- 0xEFFFFFF6FFBFFBFF

mem[X,0x0000000080000744] -> 0x8F3B
mem[X,0x0000000080000746] -> 0x9042
[470] [M]: 0x0000000080000744 (0x90428F3B) psadd.h t5, t0, tp
x30 <- 0x2FFEFFECFFBBFBFD

mem[X,0x0000000080000748] -> 0xB823
mem[X,0x000000008000074A] -> 0x01E3
[471] [M]: 0x0000000080000748 (0x01E3B823) sd t5, 0x10(t2)
mem[0x00000000800041B0] <- 0x2FFEFFECFFBBFBFD

mem[X,0x000000008000074C] -> 0x00B7
mem[X,0x000000008000074E] -> 0x0009
[472] [M]: 0x000000008000074C (0x000900B7) lui ra, 0x90
x1 <- 0x0000000000090000

mem[X,0x0000000080000750] -> 0x8093
mem[X,0x0000000080000752] -> 0xF7F0
[473] [M]: 0x0000000080000750 (0xF7F08093) addi ra, ra, -0x81
x1 <- 0x000000000008FF7F

mem[X,0x0000000080000754] -> 0x9093
mem[X,0x0000000080000756] -> 0x00B0
[474] [M]: 0x0000000080000754 (0x00B09093) slli ra, ra, 0xb
x1 <- 0x0000000047FBF800

mem[X,0x0000000080000758] -> 0x8093
mem[X,0x000000008000075A] -> 0x0020
[475] [M]: 0x0000000080000758 (0x00208093) addi ra, ra, 0x2
x1 <- 0x0000000047FBF802

mem[X,0x000000008000075C] -> 0x9093
mem[X,0x000000008000075E] -> 0x00B0
[476] [M]: 0x000000008000075C (0x00B09093) slli ra, ra, 0xb
x1 <- 0x0000023FDFC01000

mem[X,0x0000000080000760] -> 0x8093
mem[X,0x0000000080000762] -> 0x03F0
[477] [M]: 0x0000000080000760 (0x03F08093) addi ra, ra, 0x3f
x1 <- 0x0000023FDFC0103F

mem[X,0x0000000080000764] -> 0x9093
mem[X,0x0000000080000766] -> 0x00A0
[478] [M]: 0x0000000080000764 (0x00A09093) slli ra, ra, 0xa
x1 <- 0x0008FF7F0040FC00

mem[X,0x0000000080000768] -> 0x8093
mem[X,0x000000008000076A] -> 0x3FD0
[479] [M]: 0x0000000080000768 (0x3FD08093) addi ra, ra, 0x3fd
x1 <- 0x0008FF7F0040FFFD

mem[X,0x000000008000076C] -> 0x05B7
mem[X,0x000000008000076E] -> 0x1000
[480] [M]: 0x000000008000076C (0x100005B7) lui a1, 0x10000
x11 <- 0x0000000010000000

mem[X,0x0000000080000770] -> 0x8593
mem[X,0x0000000080000772] -> 0x0065
[481] [M]: 0x0000000080000770 (0x00658593) addi a1, a1, 0x6
x11 <- 0x0000000010000006

mem[X,0x0000000080000774] -> 0x9593
mem[X,0x0000000080000776] -> 0x00B5
[482] [M]: 0x0000000080000774 (0x00B59593) slli a1, a1, 0xb
x11 <- 0x0000008000003000

mem[X,0x0000000080000778] -> 0x8593
mem[X,0x000000008000077A] -> 0x0005
[483] [M]: 0x0000000080000778 (0x00058593) addi a1, a1, 0x0
x11 <- 0x0000008000003000

mem[X,0x000000008000077C] -> 0x9593
mem[X,0x000000008000077E] -> 0x00B5
[484] [M]: 0x000000008000077C (0x00B59593) slli a1, a1, 0xb
x11 <- 0x0004000001800000

mem[X,0x0000000080000780] -> 0x8593
mem[X,0x0000000080000782] -> 0x0405
[485] [M]: 0x0000000080000780 (0x04058593) addi a1, a1, 0x40
x11 <- 0x0004000001800040

mem[X,0x0000000080000784] -> 0x9593
mem[X,0x0000000080000786] -> 0x00A5
[486] [M]: 0x0000000080000784 (0x00A59593) slli a1, a1, 0xa
x11 <- 0x1000000600010000

mem[X,0x0000000080000788] -> 0x8593
mem[X,0x000000008000078A] -> 0x0095
[487] [M]: 0x0000000080000788 (0x00958593) addi a1, a1, 0x9
x11 <- 0x1000000600010009

mem[X,0x000000008000078C] -> 0x86BB
mem[X,0x000000008000078E] -> 0x90B0
[488] [M]: 0x000000008000078C (0x90B086BB) psadd.h a3, ra, a1
x13 <- 0x1008FF8500410006

mem[X,0x0000000080000790] -> 0xBC23
mem[X,0x0000000080000792] -> 0x00D3
[489] [M]: 0x0000000080000790 (0x00D3BC23) sd a3, 0x18(t2)
mem[0x00000000800041B8] <- 0x1008FF8500410006

mem[X,0x0000000080000794] -> 0x09B7
mem[X,0x0000000080000796] -> 0x0101
[490] [M]: 0x0000000080000794 (0x010109B7) lui s3, 0x1010
x19 <- 0x0000000001010000

mem[X,0x0000000080000798] -> 0x8993
mem[X,0x000000008000079A] -> 0xFBF9
[491] [M]: 0x0000000080000798 (0xFBF98993) addi s3, s3, -0x41
x19 <- 0x000000000100FFBF

mem[X,0x000000008000079C] -> 0x9993
mem[X,0x000000008000079E] -> 0x00B9
[492] [M]: 0x000000008000079C (0x00B99993) slli s3, s3, 0xb
x19 <- 0x0000000807FDF800

mem[X,0x00000000800007A0] -> 0x8993
mem[X,0x00000000800007A2] -> 0x7FE9
[493] [M]: 0x00000000800007A0 (0x7FE98993) addi s3, s3, 0x7fe
x19 <- 0x0000000807FDFFFE

mem[X,0x00000000800007A4] -> 0x9993
mem[X,0x00000000800007A6] -> 0x00B9
[494] [M]: 0x00000000800007A4 (0x00B99993) slli s3, s3, 0xb
x19 <- 0x0000403FEFFFF000

mem[X,0x00000000800007A8] -> 0x8993
mem[X,0x00000000800007AA] -> 0x7FF9
[495] [M]: 0x00000000800007A8 (0x7FF98993) addi s3, s3, 0x7ff
x19 <- 0x0000403FEFFFF7FF

mem[X,0x00000000800007AC] -> 0x9993
mem[X,0x00000000800007AE] -> 0x00A9
[496] [M]: 0x00000000800007AC (0x00A99993) slli s3, s3, 0xa
x19 <- 0x0100FFBFFFDFFC00

mem[X,0x00000000800007B0] -> 0x8993
mem[X,0x00000000800007B2] -> 0x3FB9
[497] [M]: 0x00000000800007B0 (0x3FB98993) addi s3, s3, 0x3fb
x19 <- 0x0100FFBFFFDFFFFB

mem[X,0x00000000800007B4] -> 0x8FB7
mem[X,0x00000000800007B6] -> 0xFFFF
[498] [M]: 0x00000000800007B4 (0xFFFF8FB7) lui t6, -0x8
x31 <- 0xFFFFFFFFFFFF8000

mem[X,0x00000000800007B8] -> 0x8F93
mem[X,0x00000000800007BA] -> 0xFFFF
[499] [M]: 0x00000000800007B8 (0xFFFF8F93) addi t6, t6, -0x1
x31 <- 0xFFFFFFFFFFFF7FFF

clint::tick mtime <- 0x0000000000000005
 clint timer pending at mtime 0x0000000000000005
htif::tick 0x0000000000000000
mem[X,0x00000000800007BC] -> 0x9F93
mem[X,0x00000000800007BE] -> 0x00BF
[500] [M]: 0x00000000800007BC (0x00BF9F93) slli t6, t6, 0xb
x31 <- 0xFFFFFFFFFBFFF800

mem[X,0x00000000800007C0] -> 0x8F93
mem[X,0x00000000800007C2] -> 0x7FBF
[501] [M]: 0x00000000800007C0 (0x7FBF8F93) addi t6, t6, 0x7fb
x31 <- 0xFFFFFFFFFBFFFFFB

mem[X,0x00000000800007C4] -> 0x9F93
mem[X,0x00000000800007C6] -> 0x00BF
[502] [M]: 0x00000000800007C4 (0x00BF9F93) slli t6, t6, 0xb
x31 <- 0xFFFFFFDFFFFFD800

mem[X,0x00000000800007C8] -> 0x8F93
mem[X,0x00000000800007CA] -> 0x7C0F
[503] [M]: 0x00000000800007C8 (0x7C0F8F93) addi t6, t6, 0x7c0
x31 <- 0xFFFFFFDFFFFFDFC0

mem[X,0x00000000800007CC] -> 0x9F93
mem[X,0x00000000800007CE] -> 0x00AF
[504] [M]: 0x00000000800007CC (0x00AF9F93) slli t6, t6, 0xa
x31 <- 0xFFFF7FFFFF7F0000

mem[X,0x00000000800007D0] -> 0x8F93
mem[X,0x00000000800007D2] -> 0x200F
[505] [M]: 0x00000000800007D0 (0x200F8F93) addi t6, t6, 0x200
x31 <- 0xFFFF7FFFFF7F0200

mem[X,0x00000000800007D4] -> 0x823B
mem[X,0x00000000800007D6] -> 0x91F9
[506] [M]: 0x00000000800007D4 (0x91F9823B) psadd.h tp, s3, t6
x4 <- 0x00FF7FBEFF5E01FB

mem[X,0x00000000800007D8] -> 0xB023
mem[X,0x00000000800007DA] -> 0x0243
[507] [M]: 0x00000000800007D8 (0x0243B023) sd tp, 0x20(t2)
mem[0x00000000800041C0] <- 0x00FF7FBEFF5E01FB

mem[X,0x00000000800007DC] -> 0x0B37
mem[X,0x00000000800007DE] -> 0x0801
[508] [M]: 0x00000000800007DC (0x08010B37) lui s6, 0x8010
x22 <- 0x0000000008010000

mem[X,0x00000000800007E0] -> 0x0B13
mem[X,0x00000000800007E2] -> 0xFF9B
[509] [M]: 0x00000000800007E0 (0xFF9B0B13) addi s6, s6, -0x7
x22 <- 0x000000000800FFF9

mem[X,0x00000000800007E4] -> 0x1B13
mem[X,0x00000000800007E6] -> 0x00BB
[510] [M]: 0x00000000800007E4 (0x00BB1B13) slli s6, s6, 0xb
x22 <- 0x0000004007FFC800

mem[X,0x00000000800007E8] -> 0x0B13
mem[X,0x00000000800007EA] -> 0x555B
[511] [M]: 0x00000000800007E8 (0x555B0B13) addi s6, s6, 0x555
x22 <- 0x0000004007FFCD55

mem[X,0x00000000800007EC] -> 0x1B13
mem[X,0x00000000800007EE] -> 0x00BB
[512] [M]: 0x00000000800007EC (0x00BB1B13) slli s6, s6, 0xb
x22 <- 0x0002003FFE6AA800

mem[X,0x00000000800007F0] -> 0x0B13
mem[X,0x00000000800007F2] -> 0x2BFB
[513] [M]: 0x00000000800007F0 (0x2BFB0B13) addi s6, s6, 0x2bf
x22 <- 0x0002003FFE6AAABF

mem[X,0x00000000800007F4] -> 0x1B13
mem[X,0x00000000800007F6] -> 0x00AB
[514] [M]: 0x00000000800007F4 (0x00AB1B13) slli s6, s6, 0xa
x22 <- 0x0800FFF9AAAAFC00

mem[X,0x00000000800007F8] -> 0x0B13
mem[X,0x00000000800007FA] -> 0x3F7B
[515] [M]: 0x00000000800007F8 (0x3F7B0B13) addi s6, s6, 0x3f7
x22 <- 0x0800FFF9AAAAFFF7

mem[X,0x00000000800007FC] -> 0x2A37
mem[X,0x00000000800007FE] -> 0xFFF7
[516] [M]: 0x00000000800007FC (0xFFF72A37) lui s4, -0x8e
x20 <- 0xFFFFFFFFFFF72000

mem[X,0x0000000080000800] -> 0x0A13
mem[X,0x0000000080000802] -> 0x000A
[517] [M]: 0x0000000080000800 (0x000A0A13) addi s4, s4, 0x0
x20 <- 0xFFFFFFFFFFF72000

mem[X,0x0000000080000804] -> 0x1A13
mem[X,0x0000000080000806] -> 0x00BA
[518] [M]: 0x0000000080000804 (0x00BA1A13) slli s4, s4, 0xb
x20 <- 0xFFFFFFFFB9000000

mem[X,0x0000000080000808] -> 0x0A13
mem[X,0x000000008000080A] -> 0x001A
[519] [M]: 0x0000000080000808 (0x001A0A13) addi s4, s4, 0x1
x20 <- 0xFFFFFFFFB9000001

mem[X,0x000000008000080C] -> 0x1A13
mem[X,0x000000008000080E] -> 0x00BA
[520] [M]: 0x000000008000080C (0x00BA1A13) slli s4, s4, 0xb
x20 <- 0xFFFFFDC800000800

mem[X,0x0000000080000810] -> 0x0A13
mem[X,0x0000000080000812] -> 0x03FA
[521] [M]: 0x0000000080000810 (0x03FA0A13) addi s4, s4, 0x3f
x20 <- 0xFFFFFDC80000083F

mem[X,0x0000000080000814] -> 0x1A13
mem[X,0x0000000080000816] -> 0x00AA
[522] [M]: 0x0000000080000814 (0x00AA1A13) slli s4, s4, 0xa
x20 <- 0xFFF720000020FC00

mem[X,0x0000000080000818] -> 0x0A13
mem[X,0x000000008000081A] -> 0x3FDA
[523] [M]: 0x0000000080000818 (0x3FDA0A13) addi s4, s4, 0x3fd
x20 <- 0xFFF720000020FFFD

mem[X,0x000000008000081C] -> 0x063B
mem[X,0x000000008000081E] -> 0x914B
[524] [M]: 0x000000008000081C (0x914B063B) psadd.h a2, s6, s4
x12 <- 0x07F71FF9AACAFFF4

mem[X,0x0000000080000820] -> 0xB423
mem[X,0x0000000080000822] -> 0x02C3
[525] [M]: 0x0000000080000820 (0x02C3B423) sd a2, 0x28(t2)
mem[0x00000000800041C8] <- 0x07F71FF9AACAFFF4

mem[X,0x0000000080000824] -> 0x0137
mem[X,0x0000000080000826] -> 0xFDFF
[526] [M]: 0x0000000080000824 (0xFDFF0137) lui sp, -0x2010
x2 <- 0xFFFFFFFFFDFF0000

mem[X,0x0000000080000828] -> 0x0113
mem[X,0x000000008000082A] -> 0x1001
[527] [M]: 0x0000000080000828 (0x10010113) addi sp, sp, 0x100
x2 <- 0xFFFFFFFFFDFF0100

mem[X,0x000000008000082C] -> 0x1113
mem[X,0x000000008000082E] -> 0x00B1
[528] [M]: 0x000000008000082C (0x00B11113) slli sp, sp, 0xb
x2 <- 0xFFFFFFEFF8080000

mem[X,0x0000000080000830] -> 0x0113
mem[X,0x0000000080000832] -> 0x1FF1
[529] [M]: 0x0000000080000830 (0x1FF10113) addi sp, sp, 0x1ff
x2 <- 0xFFFFFFEFF80801FF

mem[X,0x0000000080000834] -> 0x1113
mem[X,0x0000000080000836] -> 0x00B1
[530] [M]: 0x0000000080000834 (0x00B11113) slli sp, sp, 0xb
x2 <- 0xFFFF7FC0400FF800

mem[X,0x0000000080000838] -> 0x0113
mem[X,0x000000008000083A] -> 0x7FF1
[531] [M]: 0x0000000080000838 (0x7FF10113) addi sp, sp, 0x7ff
x2 <- 0xFFFF7FC0400FFFFF

mem[X,0x000000008000083C] -> 0x1113
mem[X,0x000000008000083E] -> 0x00A1
[532] [M]: 0x000000008000083C (0x00A11113) slli sp, sp, 0xa
x2 <- 0xFDFF01003FFFFC00

mem[X,0x0000000080000840] -> 0x0113
mem[X,0x0000000080000842] -> 0x3EF1
[533] [M]: 0x0000000080000840 (0x3EF10113) addi sp, sp, 0x3ef
x2 <- 0xFDFF01003FFFFFEF

mem[X,0x0000000080000844] -> 0x0BB7
mem[X,0x0000000080000846] -> 0xFFDF
[534] [M]: 0x0000000080000844 (0xFFDF0BB7) lui s7, -0x210
x23 <- 0xFFFFFFFFFFDF0000

mem[X,0x0000000080000848] -> 0x8B93
mem[X,0x000000008000084A] -> 0x003B
[535] [M]: 0x0000000080000848 (0x003B8B93) addi s7, s7, 0x3
x23 <- 0xFFFFFFFFFFDF0003

mem[X,0x000000008000084C] -> 0x9B93
mem[X,0x000000008000084E] -> 0x00BB
[536] [M]: 0x000000008000084C (0x00BB9B93) slli s7, s7, 0xb
x23 <- 0xFFFFFFFEF8001800

mem[X,0x0000000080000850] -> 0x8B93
mem[X,0x0000000080000852] -> 0x5FFB
[537] [M]: 0x0000000080000850 (0x5FFB8B93) addi s7, s7, 0x5ff
x23 <- 0xFFFFFFFEF8001DFF

mem[X,0x0000000080000854] -> 0x9B93
mem[X,0x0000000080000856] -> 0x00BB
[538] [M]: 0x0000000080000854 (0x00BB9B93) slli s7, s7, 0xb
x23 <- 0xFFFFF7C000EFF800

mem[X,0x0000000080000858] -> 0x8B93
mem[X,0x000000008000085A] -> 0x7C0B
[539] [M]: 0x0000000080000858 (0x7C0B8B93) addi s7, s7, 0x7c0
x23 <- 0xFFFFF7C000EFFFC0

mem[X,0x000000008000085C] -> 0x9B93
mem[X,0x000000008000085E] -> 0x00AB
[540] [M]: 0x000000008000085C (0x00AB9B93) slli s7, s7, 0xa
x23 <- 0xFFDF0003BFFF0000

mem[X,0x0000000080000860] -> 0x8B93
mem[X,0x0000000080000862] -> 0x001B
[541] [M]: 0x0000000080000860 (0x001B8B93) addi s7, s7, 0x1
x23 <- 0xFFDF0003BFFF0001

mem[X,0x0000000080000864] -> 0x0DBB
mem[X,0x0000000080000866] -> 0x9171
[542] [M]: 0x0000000080000864 (0x91710DBB) psadd.h s11, sp, s7
x27 <- 0xFDDE0103FFFEFFF0

mem[X,0x0000000080000868] -> 0xB823
mem[X,0x000000008000086A] -> 0x03B3
[543] [M]: 0x0000000080000868 (0x03B3B823) sd s11, 0x30(t2)
mem[0x00000000800041D0] <- 0xFDDE0103FFFEFFF0

mem[X,0x000000008000086C] -> 0x0337
mem[X,0x000000008000086E] -> 0x0007
[544] [M]: 0x000000008000086C (0x00070337) lui t1, 0x70
x6 <- 0x0000000000070000

mem[X,0x0000000080000870] -> 0x0313
mem[X,0x0000000080000872] -> 0x1003
[545] [M]: 0x0000000080000870 (0x10030313) addi t1, t1, 0x100
x6 <- 0x0000000000070100

mem[X,0x0000000080000874] -> 0x1313
mem[X,0x0000000080000876] -> 0x00B3
[546] [M]: 0x0000000080000874 (0x00B31313) slli t1, t1, 0xb
x6 <- 0x0000000038080000

mem[X,0x0000000080000878] -> 0x0313
mem[X,0x000000008000087A] -> 0x77F3
[547] [M]: 0x0000000080000878 (0x77F30313) addi t1, t1, 0x77f
x6 <- 0x000000003808077F

mem[X,0x000000008000087C] -> 0x1313
mem[X,0x000000008000087E] -> 0x00B3
[548] [M]: 0x000000008000087C (0x00B31313) slli t1, t1, 0xb
x6 <- 0x000001C0403BF800

mem[X,0x0000000080000880] -> 0x0313
mem[X,0x0000000080000882] -> 0x7FF3
[549] [M]: 0x0000000080000880 (0x7FF30313) addi t1, t1, 0x7ff
x6 <- 0x000001C0403BFFFF

mem[X,0x0000000080000884] -> 0x1313
mem[X,0x0000000080000886] -> 0x00A3
[550] [M]: 0x0000000080000884 (0x00A31313) slli t1, t1, 0xa
x6 <- 0x00070100EFFFFC00

mem[X,0x0000000080000888] -> 0x0313
mem[X,0x000000008000088A] -> 0x3DF3
[551] [M]: 0x0000000080000888 (0x3DF30313) addi t1, t1, 0x3df
x6 <- 0x00070100EFFFFFDF

mem[X,0x000000008000088C] -> 0x8C37
mem[X,0x000000008000088E] -> 0x0010
[552] [M]: 0x000000008000088C (0x00108C37) lui s8, 0x108
x24 <- 0x0000000000108000

mem[X,0x0000000080000890] -> 0x0C13
mem[X,0x0000000080000892] -> 0xFFFC
[553] [M]: 0x0000000080000890 (0xFFFC0C13) addi s8, s8, -0x1
x24 <- 0x0000000000107FFF

mem[X,0x0000000080000894] -> 0x1C13
mem[X,0x0000000080000896] -> 0x00BC
[554] [M]: 0x0000000080000894 (0x00BC1C13) slli s8, s8, 0xb
x24 <- 0x0000000083FFF800

mem[X,0x0000000080000898] -> 0x0C13
mem[X,0x000000008000089A] -> 0x100C
[555] [M]: 0x0000000080000898 (0x100C0C13) addi s8, s8, 0x100
x24 <- 0x0000000083FFF900

mem[X,0x000000008000089C] -> 0x1C13
mem[X,0x000000008000089E] -> 0x00BC
[556] [M]: 0x000000008000089C (0x00BC1C13) slli s8, s8, 0xb
x24 <- 0x0000041FFFC80000

mem[X,0x00000000800008A0] -> 0x0C13
mem[X,0x00000000800008A2] -> 0x03FC
[557] [M]: 0x00000000800008A0 (0x03FC0C13) addi s8, s8, 0x3f
x24 <- 0x0000041FFFC8003F

mem[X,0x00000000800008A4] -> 0x1C13
mem[X,0x00000000800008A6] -> 0x00AC
[558] [M]: 0x00000000800008A4 (0x00AC1C13) slli s8, s8, 0xa
x24 <- 0x00107FFF2000FC00

mem[X,0x00000000800008A8] -> 0x0C13
mem[X,0x00000000800008AA] -> 0x3FCC
[559] [M]: 0x00000000800008A8 (0x3FCC0C13) addi s8, s8, 0x3fc
x24 <- 0x00107FFF2000FFFC

mem[X,0x00000000800008AC] -> 0x05BB
mem[X,0x00000000800008AE] -> 0x9183
[560] [M]: 0x00000000800008AC (0x918305BB) psadd.h a1, t1, s8
x11 <- 0x00177FFF0FFFFFDB

mem[X,0x00000000800008B0] -> 0xBC23
mem[X,0x00000000800008B2] -> 0x02B3
[561] [M]: 0x00000000800008B0 (0x02B3BC23) sd a1, 0x38(t2)
mem[0x00000000800041D8] <- 0x00177FFF0FFFFFDB

mem[X,0x00000000800008B4] -> 0x0637
mem[X,0x00000000800008B6] -> 0x0400
[562] [M]: 0x00000000800008B4 (0x04000637) lui a2, 0x4000
x12 <- 0x0000000004000000

mem[X,0x00000000800008B8] -> 0x0613
mem[X,0x00000000800008BA] -> 0x0086
[563] [M]: 0x00000000800008B8 (0x00860613) addi a2, a2, 0x8
x12 <- 0x0000000004000008

mem[X,0x00000000800008BC] -> 0x1613
mem[X,0x00000000800008BE] -> 0x00B6
[564] [M]: 0x00000000800008BC (0x00B61613) slli a2, a2, 0xb
x12 <- 0x0000002000004000

mem[X,0x00000000800008C0] -> 0x0613
mem[X,0x00000000800008C2] -> 0x7FF6
[565] [M]: 0x00000000800008C0 (0x7FF60613) addi a2, a2, 0x7ff
x12 <- 0x00000020000047FF

mem[X,0x00000000800008C4] -> 0x1613
mem[X,0x00000000800008C6] -> 0x00B6
[566] [M]: 0x00000000800008C4 (0x00B61613) slli a2, a2, 0xb
x12 <- 0x00010000023FF800

mem[X,0x00000000800008C8] -> 0x0613
mem[X,0x00000000800008CA] -> 0x5FF6
[567] [M]: 0x00000000800008C8 (0x5FF60613) addi a2, a2, 0x5ff
x12 <- 0x00010000023FFDFF

mem[X,0x00000000800008CC] -> 0x1613
mem[X,0x00000000800008CE] -> 0x00A6
[568] [M]: 0x00000000800008CC (0x00A61613) slli a2, a2, 0xa
x12 <- 0x04000008FFF7FC00

mem[X,0x00000000800008D0] -> 0x0613
mem[X,0x00000000800008D2] -> 0x3BF6
[569] [M]: 0x00000000800008D0 (0x3BF60613) addi a2, a2, 0x3bf
x12 <- 0x04000008FFF7FFBF

mem[X,0x00000000800008D4] -> 0x0DB7
mem[X,0x00000000800008D6] -> 0x000A
[570] [M]: 0x00000000800008D4 (0x000A0DB7) lui s11, 0xa0
x27 <- 0x00000000000A0000

mem[X,0x00000000800008D8] -> 0x8D93
mem[X,0x00000000800008DA] -> 0xFBFD
[571] [M]: 0x00000000800008D8 (0xFBFD8D93) addi s11, s11, -0x41
x27 <- 0x000000000009FFBF

mem[X,0x00000000800008DC] -> 0x9D93
mem[X,0x00000000800008DE] -> 0x00BD
[572] [M]: 0x00000000800008DC (0x00BD9D93) slli s11, s11, 0xb
x27 <- 0x000000004FFDF800

mem[X,0x00000000800008E0] -> 0x8D93
mem[X,0x00000000800008E2] -> 0x7FFD
[573] [M]: 0x00000000800008E0 (0x7FFD8D93) addi s11, s11, 0x7ff
x27 <- 0x000000004FFDFFFF

mem[X,0x00000000800008E4] -> 0x9D93
mem[X,0x00000000800008E6] -> 0x00BD
[574] [M]: 0x00000000800008E4 (0x00BD9D93) slli s11, s11, 0xb
x27 <- 0x0000027FEFFFF800

mem[X,0x00000000800008E8] -> 0x8D93
mem[X,0x00000000800008EA] -> 0x3C0D
[575] [M]: 0x00000000800008E8 (0x3C0D8D93) addi s11, s11, 0x3c0
x27 <- 0x0000027FEFFFFBC0

mem[X,0x00000000800008EC] -> 0x9D93
mem[X,0x00000000800008EE] -> 0x00AD
[576] [M]: 0x00000000800008EC (0x00AD9D93) slli s11, s11, 0xa
x27 <- 0x0009FFBFFFEF0000

mem[X,0x00000000800008F0] -> 0x8D93
mem[X,0x00000000800008F2] -> 0x002D
[577] [M]: 0x00000000800008F0 (0x002D8D93) addi s11, s11, 0x2
x27 <- 0x0009FFBFFFEF0002

mem[X,0x00000000800008F4] -> 0x02BB
mem[X,0x00000000800008F6] -> 0x91B6
[578] [M]: 0x00000000800008F4 (0x91B602BB) psadd.h t0, a2, s11
x5 <- 0x0409FFC7FFE6FFC1

mem[X,0x00000000800008F8] -> 0xB023
mem[X,0x00000000800008FA] -> 0x0453
[579] [M]: 0x00000000800008F8 (0x0453B023) sd t0, 0x40(t2)
mem[0x00000000800041E0] <- 0x0409FFC7FFE6FFC1

mem[X,0x00000000800008FC] -> 0x1F37
mem[X,0x00000000800008FE] -> 0x1000
[580] [M]: 0x00000000800008FC (0x10001F37) lui t5, 0x10001
x30 <- 0x0000000010001000

mem[X,0x0000000080000900] -> 0x0F13
mem[X,0x0000000080000902] -> 0x000F
[581] [M]: 0x0000000080000900 (0x000F0F13) addi t5, t5, 0x0
x30 <- 0x0000000010001000

mem[X,0x0000000080000904] -> 0x1F13
mem[X,0x0000000080000906] -> 0x00BF
[582] [M]: 0x0000000080000904 (0x00BF1F13) slli t5, t5, 0xb
x30 <- 0x0000008000800000

mem[X,0x0000000080000908] -> 0x0F13
mem[X,0x000000008000090A] -> 0x7BFF
[583] [M]: 0x0000000080000908 (0x7BFF0F13) addi t5, t5, 0x7bf
x30 <- 0x00000080008007BF

mem[X,0x000000008000090C] -> 0x1F13
mem[X,0x000000008000090E] -> 0x00BF
[584] [M]: 0x000000008000090C (0x00BF1F13) slli t5, t5, 0xb
x30 <- 0x00040004003DF800

mem[X,0x0000000080000910] -> 0x0F13
mem[X,0x0000000080000912] -> 0x7FFF
[585] [M]: 0x0000000080000910 (0x7FFF0F13) addi t5, t5, 0x7ff
x30 <- 0x00040004003DFFFF

mem[X,0x0000000080000914] -> 0x1F13
mem[X,0x0000000080000916] -> 0x00AF
[586] [M]: 0x0000000080000914 (0x00AF1F13) slli t5, t5, 0xa
x30 <- 0x10001000F7FFFC00

mem[X,0x0000000080000918] -> 0x0F13
mem[X,0x000000008000091A] -> 0x37FF
[587] [M]: 0x0000000080000918 (0x37FF0F13) addi t5, t5, 0x37f
x30 <- 0x10001000F7FFFF7F

mem[X,0x000000008000091C] -> 0x1137
mem[X,0x000000008000091E] -> 0x0400
[588] [M]: 0x000000008000091C (0x04001137) lui sp, 0x4001
x2 <- 0x0000000004001000

mem[X,0x0000000080000920] -> 0x0113
mem[X,0x0000000080000922] -> 0x8001
[589] [M]: 0x0000000080000920 (0x80010113) addi sp, sp, -0x800
x2 <- 0x0000000004000800

mem[X,0x0000000080000924] -> 0x1113
mem[X,0x0000000080000926] -> 0x00B1
[590] [M]: 0x0000000080000924 (0x00B11113) slli sp, sp, 0xb
x2 <- 0x0000002000400000

mem[X,0x0000000080000928] -> 0x0113
mem[X,0x000000008000092A] -> 0x0001
[591] [M]: 0x0000000080000928 (0x00010113) addi sp, sp, 0x0
x2 <- 0x0000002000400000

mem[X,0x000000008000092C] -> 0x1113
mem[X,0x000000008000092E] -> 0x00B1
[592] [M]: 0x000000008000092C (0x00B11113) slli sp, sp, 0xb
x2 <- 0x0001000200000000

mem[X,0x0000000080000930] -> 0x0113
mem[X,0x0000000080000932] -> 0x17F1
[593] [M]: 0x0000000080000930 (0x17F10113) addi sp, sp, 0x17f
x2 <- 0x000100020000017F

mem[X,0x0000000080000934] -> 0x1113
mem[X,0x0000000080000936] -> 0x00A1
[594] [M]: 0x0000000080000934 (0x00A11113) slli sp, sp, 0xa
x2 <- 0x040008000005FC00

mem[X,0x0000000080000938] -> 0x0113
mem[X,0x000000008000093A] -> 0x3FB1
[595] [M]: 0x0000000080000938 (0x3FB10113) addi sp, sp, 0x3fb
x2 <- 0x040008000005FFFB

mem[X,0x000000008000093C] -> 0x0FBB
mem[X,0x000000008000093E] -> 0x902F
[596] [M]: 0x000000008000093C (0x902F0FBB) psadd.h t6, t5, sp
x31 <- 0x14001800F804FF7A

mem[X,0x0000000080000940] -> 0xB423
mem[X,0x0000000080000942] -> 0x05F3
[597] [M]: 0x0000000080000940 (0x05F3B423) sd t6, 0x48(t2)
mem[0x00000000800041E8] <- 0x14001800F804FF7A

mem[X,0x0000000080000944] -> 0x01B7
mem[X,0x0000000080000946] -> 0xFFFF
[598] [M]: 0x0000000080000944 (0xFFFF01B7) lui gp, -0x10
x3 <- 0xFFFFFFFFFFFF0000

mem[X,0x0000000080000948] -> 0x8193
mem[X,0x000000008000094A] -> 0xFF61
[599] [M]: 0x0000000080000948 (0xFF618193) addi gp, gp, -0xa
x3 <- 0xFFFFFFFFFFFEFFF6

clint::tick mtime <- 0x0000000000000006
 clint timer pending at mtime 0x0000000000000006
htif::tick 0x0000000000000000
mem[X,0x000000008000094C] -> 0x9193
mem[X,0x000000008000094E] -> 0x00B1
[600] [M]: 0x000000008000094C (0x00B19193) slli gp, gp, 0xb
x3 <- 0xFFFFFFFFF7FFB000

mem[X,0x0000000080000950] -> 0x8193
mem[X,0x0000000080000952] -> 0x6FF1
[601] [M]: 0x0000000080000950 (0x6FF18193) addi gp, gp, 0x6ff
x3 <- 0xFFFFFFFFF7FFB6FF

mem[X,0x0000000080000954] -> 0x9193
mem[X,0x0000000080000956] -> 0x00B1
[602] [M]: 0x0000000080000954 (0x00B19193) slli gp, gp, 0xb
x3 <- 0xFFFFFFBFFDB7F800

mem[X,0x0000000080000958] -> 0x8193
mem[X,0x000000008000095A] -> 0x7FF1
[603] [M]: 0x0000000080000958 (0x7FF18193) addi gp, gp, 0x7ff
x3 <- 0xFFFFFFBFFDB7FFFF

mem[X,0x000000008000095C] -> 0x9193
mem[X,0x000000008000095E] -> 0x00A1
[604] [M]: 0x000000008000095C (0x00A19193) slli gp, gp, 0xa
x3 <- 0xFFFEFFF6DFFFFC00

mem[X,0x0000000080000960] -> 0x8193
mem[X,0x0000000080000962] -> 0x2FF1
[605] [M]: 0x0000000080000960 (0x2FF18193) addi gp, gp, 0x2ff
x3 <- 0xFFFEFFF6DFFFFEFF

mem[X,0x0000000080000964] -> 0x5437
mem[X,0x0000000080000966] -> 0x2000
[606] [M]: 0x0000000080000964 (0x20005437) lui fp, 0x20005
x8 <- 0x0000000020005000

mem[X,0x0000000080000968] -> 0x0413
mem[X,0x000000008000096A] -> 0x5554
[607] [M]: 0x0000000080000968 (0x55540413) addi fp, fp, 0x555
x8 <- 0x0000000020005555

mem[X,0x000000008000096C] -> 0x1413
mem[X,0x000000008000096E] -> 0x00B4
[608] [M]: 0x000000008000096C (0x00B41413) slli fp, fp, 0xb
x8 <- 0x0000010002AAA800

mem[X,0x0000000080000970] -> 0x0413
mem[X,0x0000000080000972] -> 0x0004
[609] [M]: 0x0000000080000970 (0x00040413) addi fp, fp, 0x0
x8 <- 0x0000010002AAA800

mem[X,0x0000000080000974] -> 0x1413
mem[X,0x0000000080000976] -> 0x00B4
[610] [M]: 0x0000000080000974 (0x00B41413) slli fp, fp, 0xb
x8 <- 0x0008001555400000

mem[X,0x0000000080000978] -> 0x0413
mem[X,0x000000008000097A] -> 0x27F4
[611] [M]: 0x0000000080000978 (0x27F40413) addi fp, fp, 0x27f
x8 <- 0x000800155540027F

mem[X,0x000000008000097C] -> 0x1413
mem[X,0x000000008000097E] -> 0x00A4
[612] [M]: 0x000000008000097C (0x00A41413) slli fp, fp, 0xa
x8 <- 0x200055550009FC00

mem[X,0x0000000080000980] -> 0x0413
mem[X,0x0000000080000982] -> 0x3FD4
[613] [M]: 0x0000000080000980 (0x3FD40413) addi fp, fp, 0x3fd
x8 <- 0x200055550009FFFD

mem[X,0x0000000080000984] -> 0x80BB
mem[X,0x0000000080000986] -> 0x9081
[614] [M]: 0x0000000080000984 (0x908180BB) psadd.h ra, gp, fp
x1 <- 0x1FFE554BE008FEFC

mem[X,0x0000000080000988] -> 0xB823
mem[X,0x000000008000098A] -> 0x0413
[615] [M]: 0x0000000080000988 (0x0413B823) sd ra, 0x50(t2)
mem[0x00000000800041F0] <- 0x1FFE554BE008FEFC

mem[X,0x000000008000098C] -> 0x0237
mem[X,0x000000008000098E] -> 0xFC00
[616] [M]: 0x000000008000098C (0xFC000237) lui tp, -0x4000
x4 <- 0xFFFFFFFFFC000000

mem[X,0x0000000080000990] -> 0x0213
mem[X,0x0000000080000992] -> 0xEFF2
[617] [M]: 0x0000000080000990 (0xEFF20213) addi tp, tp, -0x101
x4 <- 0xFFFFFFFFFBFFFEFF

mem[X,0x0000000080000994] -> 0x1213
mem[X,0x0000000080000996] -> 0x00B2
[618] [M]: 0x0000000080000994 (0x00B21213) slli tp, tp, 0xb
x4 <- 0xFFFFFFDFFFF7F800

mem[X,0x0000000080000998] -> 0x0213
mem[X,0x000000008000099A] -> 0x0002
[619] [M]: 0x0000000080000998 (0x00020213) addi tp, tp, 0x0
x4 <- 0xFFFFFFDFFFF7F800

mem[X,0x000000008000099C] -> 0x1213
mem[X,0x000000008000099E] -> 0x00B2
[620] [M]: 0x000000008000099C (0x00B21213) slli tp, tp, 0xb
x4 <- 0xFFFEFFFFBFC00000

mem[X,0x00000000800009A0] -> 0x0213
mem[X,0x00000000800009A2] -> 0x03F2
[621] [M]: 0x00000000800009A0 (0x03F20213) addi tp, tp, 0x3f
x4 <- 0xFFFEFFFFBFC0003F

mem[X,0x00000000800009A4] -> 0x1213
mem[X,0x00000000800009A6] -> 0x00A2
[622] [M]: 0x00000000800009A4 (0x00A21213) slli tp, tp, 0xa
x4 <- 0xFBFFFEFF0000FC00

mem[X,0x00000000800009A8] -> 0x0213
mem[X,0x00000000800009AA] -> 0x1FF2
[623] [M]: 0x00000000800009A8 (0x1FF20213) addi tp, tp, 0x1ff
x4 <- 0xFBFFFEFF0000FDFF

mem[X,0x00000000800009AC] -> 0x2D37
mem[X,0x00000000800009AE] -> 0x0002
[624] [M]: 0x00000000800009AC (0x00022D37) lui s10, 0x22
x26 <- 0x0000000000022000

mem[X,0x00000000800009B0] -> 0x0D13
mem[X,0x00000000800009B2] -> 0x000D
[625] [M]: 0x00000000800009B0 (0x000D0D13) addi s10, s10, 0x0
x26 <- 0x0000000000022000

mem[X,0x00000000800009B4] -> 0x1D13
mem[X,0x00000000800009B6] -> 0x00BD
[626] [M]: 0x00000000800009B4 (0x00BD1D13) slli s10, s10, 0xb
x26 <- 0x0000000011000000

mem[X,0x00000000800009B8] -> 0x0D13
mem[X,0x00000000800009BA] -> 0x400D
[627] [M]: 0x00000000800009B8 (0x400D0D13) addi s10, s10, 0x400
x26 <- 0x0000000011000400

mem[X,0x00000000800009BC] -> 0x1D13
mem[X,0x00000000800009BE] -> 0x00BD
[628] [M]: 0x00000000800009BC (0x00BD1D13) slli s10, s10, 0xb
x26 <- 0x0000008800200000

mem[X,0x00000000800009C0] -> 0x0D13
mem[X,0x00000000800009C2] -> 0x000D
[629] [M]: 0x00000000800009C0 (0x000D0D13) addi s10, s10, 0x0
x26 <- 0x0000008800200000

mem[X,0x00000000800009C4] -> 0x1D13
mem[X,0x00000000800009C6] -> 0x00AD
[630] [M]: 0x00000000800009C4 (0x00AD1D13) slli s10, s10, 0xa
x26 <- 0x0002200080000000

mem[X,0x00000000800009C8] -> 0x0D13
mem[X,0x00000000800009CA] -> 0x080D
[631] [M]: 0x00000000800009C8 (0x080D0D13) addi s10, s10, 0x80
x26 <- 0x0002200080000080

mem[X,0x00000000800009CC] -> 0x0B3B
mem[X,0x00000000800009CE] -> 0x91A2
[632] [M]: 0x00000000800009CC (0x91A20B3B) psadd.h s6, tp, s10
x22 <- 0xFC011EFF8000FE7F

mem[X,0x00000000800009D0] -> 0xBC23
mem[X,0x00000000800009D2] -> 0x0563
[633] [M]: 0x00000000800009D0 (0x0563BC23) sd s6, 0x58(t2)
mem[0x00000000800041F8] <- 0xFC011EFF8000FE7F

mem[X,0x00000000800009D4] -> 0xC6B7
mem[X,0x00000000800009D6] -> 0x0200
[634] [M]: 0x00000000800009D4 (0x0200C6B7) lui a3, 0x200c
x13 <- 0x000000000200C000

mem[X,0x00000000800009D8] -> 0x8693
mem[X,0x00000000800009DA] -> 0x0006
[635] [M]: 0x00000000800009D8 (0x00068693) addi a3, a3, 0x0
x13 <- 0x000000000200C000

mem[X,0x00000000800009DC] -> 0x9693
mem[X,0x00000000800009DE] -> 0x00B6
[636] [M]: 0x00000000800009DC (0x00B69693) slli a3, a3, 0xb
x13 <- 0x0000001006000000

mem[X,0x00000000800009E0] -> 0x8693
mem[X,0x00000000800009E2] -> 0x7FB6
[637] [M]: 0x00000000800009E0 (0x7FB68693) addi a3, a3, 0x7fb
x13 <- 0x00000010060007FB

mem[X,0x00000000800009E4] -> 0x9693
mem[X,0x00000000800009E6] -> 0x00B6
[638] [M]: 0x00000000800009E4 (0x00B69693) slli a3, a3, 0xb
x13 <- 0x00008030003FD800

mem[X,0x00000000800009E8] -> 0x8693
mem[X,0x00000000800009EA] -> 0x7FE6
[639] [M]: 0x00000000800009E8 (0x7FE68693) addi a3, a3, 0x7fe
x13 <- 0x00008030003FDFFE

mem[X,0x00000000800009EC] -> 0x9693
mem[X,0x00000000800009EE] -> 0x00A6
[640] [M]: 0x00000000800009EC (0x00A69693) slli a3, a3, 0xa
x13 <- 0x0200C000FF7FF800

mem[X,0x00000000800009F0] -> 0x8693
mem[X,0x00000000800009F2] -> 0x3FF6
[641] [M]: 0x00000000800009F0 (0x3FF68693) addi a3, a3, 0x3ff
x13 <- 0x0200C000FF7FFBFF

mem[X,0x00000000800009F4] -> 0x0937
mem[X,0x00000000800009F6] -> 0xFFC0
[642] [M]: 0x00000000800009F4 (0xFFC00937) lui s2, -0x400
x18 <- 0xFFFFFFFFFFC00000

mem[X,0x00000000800009F8] -> 0x0913
mem[X,0x00000000800009FA] -> 0xFEF9
[643] [M]: 0x00000000800009F8 (0xFEF90913) addi s2, s2, -0x11
x18 <- 0xFFFFFFFFFFBFFFEF

mem[X,0x00000000800009FC] -> 0x1913
mem[X,0x00000000800009FE] -> 0x00B9
[644] [M]: 0x00000000800009FC (0x00B91913) slli s2, s2, 0xb
x18 <- 0xFFFFFFFDFFFF7800

mem[X,0x0000000080000A00] -> 0x0913
mem[X,0x0000000080000A02] -> 0x7FD9
[645] [M]: 0x0000000080000A00 (0x7FD90913) addi s2, s2, 0x7fd
x18 <- 0xFFFFFFFDFFFF7FFD

mem[X,0x0000000080000A04] -> 0x1913
mem[X,0x0000000080000A06] -> 0x00B9
[646] [M]: 0x0000000080000A04 (0x00B91913) slli s2, s2, 0xb
x18 <- 0xFFFFEFFFFBFFE800

mem[X,0x0000000080000A08] -> 0x0913
mem[X,0x0000000080000A0A] -> 0x7EF9
[647] [M]: 0x0000000080000A08 (0x7EF90913) addi s2, s2, 0x7ef
x18 <- 0xFFFFEFFFFBFFEFEF

mem[X,0x0000000080000A0C] -> 0x1913
mem[X,0x0000000080000A0E] -> 0x00A9
[648] [M]: 0x0000000080000A0C (0x00A91913) slli s2, s2, 0xa
x18 <- 0xFFBFFFEFFFBFBC00

mem[X,0x0000000080000A10] -> 0x0913
mem[X,0x0000000080000A12] -> 0x3FF9
[649] [M]: 0x0000000080000A10 (0x3FF90913) addi s2, s2, 0x3ff
x18 <- 0xFFBFFFEFFFBFBFFF

mem[X,0x0000000080000A14] -> 0x883B
mem[X,0x0000000080000A16] -> 0x9126
[650] [M]: 0x0000000080000A14 (0x9126883B) psadd.h a6, a3, s2
x16 <- 0x01BFBFEFFF3EBBFE

mem[X,0x0000000080000A18] -> 0xB023
mem[X,0x0000000080000A1A] -> 0x0703
[651] [M]: 0x0000000080000A18 (0x0703B023) sd a6, 0x60(t2)
mem[0x0000000080004200] <- 0x01BFBFEFFF3EBBFE

mem[X,0x0000000080000A1C] -> 0xB737
mem[X,0x0000000080000A1E] -> 0xFFFE
[652] [M]: 0x0000000080000A1C (0xFFFEB737) lui a4, -0x15
x14 <- 0xFFFFFFFFFFFEB000

mem[X,0x0000000080000A20] -> 0x0713
mem[X,0x0000000080000A22] -> 0xAAA7
[653] [M]: 0x0000000080000A20 (0xAAA70713) addi a4, a4, -0x556
x14 <- 0xFFFFFFFFFFFEAAAA

mem[X,0x0000000080000A24] -> 0x1713
mem[X,0x0000000080000A26] -> 0x00B7
[654] [M]: 0x0000000080000A24 (0x00B71713) slli a4, a4, 0xb
x14 <- 0xFFFFFFFFF5555000

mem[X,0x0000000080000A28] -> 0x0713
mem[X,0x0000000080000A2A] -> 0x7FF7
[655] [M]: 0x0000000080000A28 (0x7FF70713) addi a4, a4, 0x7ff
x14 <- 0xFFFFFFFFF55557FF

mem[X,0x0000000080000A2C] -> 0x1713
mem[X,0x0000000080000A2E] -> 0x00B7
[656] [M]: 0x0000000080000A2C (0x00B71713) slli a4, a4, 0xb
x14 <- 0xFFFFFFAAAABFF800

mem[X,0x0000000080000A30] -> 0x0713
mem[X,0x0000000080000A32] -> 0x3FD7
[657] [M]: 0x0000000080000A30 (0x3FD70713) addi a4, a4, 0x3fd
x14 <- 0xFFFFFFAAAABFFBFD

mem[X,0x0000000080000A34] -> 0x1713
mem[X,0x0000000080000A36] -> 0x00A7
[658] [M]: 0x0000000080000A34 (0x00A71713) slli a4, a4, 0xa
x14 <- 0xFFFEAAAAFFEFF400

mem[X,0x0000000080000A38] -> 0x0713
mem[X,0x0000000080000A3A] -> 0x3FF7
[659] [M]: 0x0000000080000A38 (0x3FF70713) addi a4, a4, 0x3ff
x14 <- 0xFFFEAAAAFFEFF7FF

mem[X,0x0000000080000A3C] -> 0x0637
mem[X,0x0000000080000A3E] -> 0x0400
[660] [M]: 0x0000000080000A3C (0x04000637) lui a2, 0x4000
x12 <- 0x0000000004000000

mem[X,0x0000000080000A40] -> 0x0613
mem[X,0x0000000080000A42] -> 0x4006
[661] [M]: 0x0000000080000A40 (0x40060613) addi a2, a2, 0x400
x12 <- 0x0000000004000400

mem[X,0x0000000080000A44] -> 0x1613
mem[X,0x0000000080000A46] -> 0x00B6
[662] [M]: 0x0000000080000A44 (0x00B61613) slli a2, a2, 0xb
x12 <- 0x0000002000200000

mem[X,0x0000000080000A48] -> 0x0613
mem[X,0x0000000080000A4A] -> 0x1006
[663] [M]: 0x0000000080000A48 (0x10060613) addi a2, a2, 0x100
x12 <- 0x0000002000200100

mem[X,0x0000000080000A4C] -> 0x1613
mem[X,0x0000000080000A4E] -> 0x00B6
[664] [M]: 0x0000000080000A4C (0x00B61613) slli a2, a2, 0xb
x12 <- 0x0001000100080000

mem[X,0x0000000080000A50] -> 0x0613
mem[X,0x0000000080000A52] -> 0x00F6
[665] [M]: 0x0000000080000A50 (0x00F60613) addi a2, a2, 0xf
x12 <- 0x000100010008000F

mem[X,0x0000000080000A54] -> 0x1613
mem[X,0x0000000080000A56] -> 0x00A6
[666] [M]: 0x0000000080000A54 (0x00A61613) slli a2, a2, 0xa
x12 <- 0x0400040020003C00

mem[X,0x0000000080000A58] -> 0x0613
mem[X,0x0000000080000A5A] -> 0x3FF6
[667] [M]: 0x0000000080000A58 (0x3FF60613) addi a2, a2, 0x3ff
x12 <- 0x0400040020003FFF

mem[X,0x0000000080000A5C] -> 0x0EBB
mem[X,0x0000000080000A5E] -> 0x90C7
[668] [M]: 0x0000000080000A5C (0x90C70EBB) psadd.h t4, a4, a2
x29 <- 0x03FEAEAA1FEF37FE

mem[X,0x0000000080000A60] -> 0xB423
mem[X,0x0000000080000A62] -> 0x07D3
[669] [M]: 0x0000000080000A60 (0x07D3B423) sd t4, 0x68(t2)
mem[0x0000000080004208] <- 0x03FEAEAA1FEF37FE

mem[X,0x0000000080000A64] -> 0x0013
mem[X,0x0000000080000A66] -> 0x0000
[670] [M]: 0x0000000080000A64 (0x00000013) addi zero, zero, 0x0

mem[X,0x0000000080000A68] -> 0x0013
mem[X,0x0000000080000A6A] -> 0x0000
[671] [M]: 0x0000000080000A68 (0x00000013) addi zero, zero, 0x0

mem[X,0x0000000080000A6C] -> 0x0013
mem[X,0x0000000080000A6E] -> 0x0000
[672] [M]: 0x0000000080000A6C (0x00000013) addi zero, zero, 0x0

mem[X,0x0000000080000A70] -> 0x0013
mem[X,0x0000000080000A72] -> 0x0000
[673] [M]: 0x0000000080000A70 (0x00000013) addi zero, zero, 0x0

mem[X,0x0000000080000A74] -> 0x0013
mem[X,0x0000000080000A76] -> 0x0000
[674] [M]: 0x0000000080000A74 (0x00000013) addi zero, zero, 0x0

mem[X,0x0000000080000A78] -> 0x0013
mem[X,0x0000000080000A7A] -> 0x0000
[675] [M]: 0x0000000080000A78 (0x00000013) addi zero, zero, 0x0

mem[X,0x0000000080000A7C] -> 0x0013
mem[X,0x0000000080000A7E] -> 0x0000
[676] [M]: 0x0000000080000A7C (0x00000013) addi zero, zero, 0x0

mem[X,0x0000000080000A80] -> 0x3097
mem[X,0x0000000080000A82] -> 0x0000
[677] [M]: 0x0000000080000A80 (0x00003097) auipc ra, 0x3
x1 <- 0x0000000080003A80

mem[X,0x0000000080000A84] -> 0x8093
mem[X,0x0000000080000A86] -> 0x7900
[678] [M]: 0x0000000080000A84 (0x79008093) addi ra, ra, 0x790
x1 <- 0x0000000080004210

mem[X,0x0000000080000A88] -> 0x0013
mem[X,0x0000000080000A8A] -> 0x0000
[679] [M]: 0x0000000080000A88 (0x00000013) addi zero, zero, 0x0

mem[X,0x0000000080000A8C] -> 0x0013
mem[X,0x0000000080000A8E] -> 0x0000
[680] [M]: 0x0000000080000A8C (0x00000013) addi zero, zero, 0x0

mem[X,0x0000000080000A90] -> 0x0013
mem[X,0x0000000080000A92] -> 0x0000
[681] [M]: 0x0000000080000A90 (0x00000013) addi zero, zero, 0x0

mem[X,0x0000000080000A94] -> 0x0013
mem[X,0x0000000080000A96] -> 0x0000
[682] [M]: 0x0000000080000A94 (0x00000013) addi zero, zero, 0x0

mem[X,0x0000000080000A98] -> 0x0013
mem[X,0x0000000080000A9A] -> 0x0000
[683] [M]: 0x0000000080000A98 (0x00000013) addi zero, zero, 0x0

mem[X,0x0000000080000A9C] -> 0x0013
mem[X,0x0000000080000A9E] -> 0x0000
[684] [M]: 0x0000000080000A9C (0x00000013) addi zero, zero, 0x0

mem[X,0x0000000080000AA0] -> 0xED37
mem[X,0x0000000080000AA2] -> 0xFFF6
[685] [M]: 0x0000000080000AA0 (0xFFF6ED37) lui s10, -0x92
x26 <- 0xFFFFFFFFFFF6E000

mem[X,0x0000000080000AA4] -> 0x0D13
mem[X,0x0000000080000AA6] -> 0xFFFD
[686] [M]: 0x0000000080000AA4 (0xFFFD0D13) addi s10, s10, -0x1
x26 <- 0xFFFFFFFFFFF6DFFF

mem[X,0x0000000080000AA8] -> 0x1D13
mem[X,0x0000000080000AAA] -> 0x00BD
[687] [M]: 0x0000000080000AA8 (0x00BD1D13) slli s10, s10, 0xb
x26 <- 0xFFFFFFFFB6FFF800

mem[X,0x0000000080000AAC] -> 0x0D13
mem[X,0x0000000080000AAE] -> 0x100D
[688] [M]: 0x0000000080000AAC (0x100D0D13) addi s10, s10, 0x100
x26 <- 0xFFFFFFFFB6FFF900

mem[X,0x0000000080000AB0] -> 0x1D13
mem[X,0x0000000080000AB2] -> 0x00BD
[689] [M]: 0x0000000080000AB0 (0x00BD1D13) slli s10, s10, 0xb
x26 <- 0xFFFFFDB7FFC80000

mem[X,0x0000000080000AB4] -> 0x0D13
mem[X,0x0000000080000AB6] -> 0x03BD
[690] [M]: 0x0000000080000AB4 (0x03BD0D13) addi s10, s10, 0x3b
x26 <- 0xFFFFFDB7FFC8003B

mem[X,0x0000000080000AB8] -> 0x1D13
mem[X,0x0000000080000ABA] -> 0x00AD
[691] [M]: 0x0000000080000AB8 (0x00AD1D13) slli s10, s10, 0xa
x26 <- 0xFFF6DFFF2000EC00

mem[X,0x0000000080000ABC] -> 0x0D13
mem[X,0x0000000080000ABE] -> 0x3FFD
[692] [M]: 0x0000000080000ABC (0x3FFD0D13) addi s10, s10, 0x3ff
x26 <- 0xFFF6DFFF2000EFFF

mem[X,0x0000000080000AC0] -> 0x4F37
mem[X,0x0000000080000AC2] -> 0xC000
[693] [M]: 0x0000000080000AC0 (0xC0004F37) lui t5, -0x3fffc
x30 <- 0xFFFFFFFFC0004000

mem[X,0x0000000080000AC4] -> 0x0F13
mem[X,0x0000000080000AC6] -> 0xFFFF
[694] [M]: 0x0000000080000AC4 (0xFFFF0F13) addi t5, t5, -0x1
x30 <- 0xFFFFFFFFC0003FFF

mem[X,0x0000000080000AC8] -> 0x1F13
mem[X,0x0000000080000ACA] -> 0x00BF
[695] [M]: 0x0000000080000AC8 (0x00BF1F13) slli t5, t5, 0xb
x30 <- 0xFFFFFE0001FFF800

mem[X,0x0000000080000ACC] -> 0x0F13
mem[X,0x0000000080000ACE] -> 0x7F7F
[696] [M]: 0x0000000080000ACC (0x7F7F0F13) addi t5, t5, 0x7f7
x30 <- 0xFFFFFE0001FFFFF7

mem[X,0x0000000080000AD0] -> 0x1F13
mem[X,0x0000000080000AD2] -> 0x00BF
[697] [M]: 0x0000000080000AD0 (0x00BF1F13) slli t5, t5, 0xb
x30 <- 0xFFF0000FFFFFB800

mem[X,0x0000000080000AD4] -> 0x0F13
mem[X,0x0000000080000AD6] -> 0x7FFF
[698] [M]: 0x0000000080000AD4 (0x7FFF0F13) addi t5, t5, 0x7ff
x30 <- 0xFFF0000FFFFFBFFF

mem[X,0x0000000080000AD8] -> 0x1F13
mem[X,0x0000000080000ADA] -> 0x00AF
[699] [M]: 0x0000000080000AD8 (0x00AF1F13) slli t5, t5, 0xa
x30 <- 0xC0003FFFFEFFFC00

clint::tick mtime <- 0x0000000000000007
 clint timer pending at mtime 0x0000000000000007
htif::tick 0x0000000000000000
mem[X,0x0000000080000ADC] -> 0x0F13
mem[X,0x0000000080000ADE] -> 0x3FCF
[700] [M]: 0x0000000080000ADC (0x3FCF0F13) addi t5, t5, 0x3fc
x30 <- 0xC0003FFFFEFFFFFC

mem[X,0x0000000080000AE0] -> 0x003B
mem[X,0x0000000080000AE2] -> 0x91ED
[701] [M]: 0x0000000080000AE0 (0x91ED003B) psadd.h zero, s10, t5

mem[X,0x0000000080000AE4] -> 0xB023
mem[X,0x0000000080000AE6] -> 0x0000
[702] [M]: 0x0000000080000AE4 (0x0000B023) sd zero, 0x0(ra)
mem[0x0000000080004210] <- 0x0000000000000000

mem[X,0x0000000080000AE8] -> 0x0E37
mem[X,0x0000000080000AEA] -> 0x2000
[703] [M]: 0x0000000080000AE8 (0x20000E37) lui t3, 0x20000
x28 <- 0x0000000020000000

mem[X,0x0000000080000AEC] -> 0x0E13
mem[X,0x0000000080000AEE] -> 0x006E
[704] [M]: 0x0000000080000AEC (0x006E0E13) addi t3, t3, 0x6
x28 <- 0x0000000020000006

mem[X,0x0000000080000AF0] -> 0x1E13
mem[X,0x0000000080000AF2] -> 0x00BE
[705] [M]: 0x0000000080000AF0 (0x00BE1E13) slli t3, t3, 0xb
x28 <- 0x0000010000003000

mem[X,0x0000000080000AF4] -> 0x0E13
mem[X,0x0000000080000AF6] -> 0x000E
[706] [M]: 0x0000000080000AF4 (0x000E0E13) addi t3, t3, 0x0
x28 <- 0x0000010000003000

mem[X,0x0000000080000AF8] -> 0x1E13
mem[X,0x0000000080000AFA] -> 0x00BE
[707] [M]: 0x0000000080000AF8 (0x00BE1E13) slli t3, t3, 0xb
x28 <- 0x0008000001800000

mem[X,0x0000000080000AFC] -> 0x0E13
mem[X,0x0000000080000AFE] -> 0x437E
[708] [M]: 0x0000000080000AFC (0x437E0E13) addi t3, t3, 0x437
x28 <- 0x0008000001800437

mem[X,0x0000000080000B00] -> 0x1E13
mem[X,0x0000000080000B02] -> 0x00AE
[709] [M]: 0x0000000080000B00 (0x00AE1E13) slli t3, t3, 0xa
x28 <- 0x200000060010DC00

mem[X,0x0000000080000B04] -> 0x0E13
mem[X,0x0000000080000B06] -> 0x3FFE
[710] [M]: 0x0000000080000B04 (0x3FFE0E13) addi t3, t3, 0x3ff
x28 <- 0x200000060010DFFF

mem[X,0x0000000080000B08] -> 0x04B7
mem[X,0x0000000080000B0A] -> 0xFFC0
[711] [M]: 0x0000000080000B08 (0xFFC004B7) lui s1, -0x400
x9 <- 0xFFFFFFFFFFC00000

mem[X,0x0000000080000B0C] -> 0x8493
mem[X,0x0000000080000B0E] -> 0xFF64
[712] [M]: 0x0000000080000B0C (0xFF648493) addi s1, s1, -0xa
x9 <- 0xFFFFFFFFFFBFFFF6

mem[X,0x0000000080000B10] -> 0x9493
mem[X,0x0000000080000B12] -> 0x00B4
[713] [M]: 0x0000000080000B10 (0x00B49493) slli s1, s1, 0xb
x9 <- 0xFFFFFFFDFFFFB000

mem[X,0x0000000080000B14] -> 0x8493
mem[X,0x0000000080000B16] -> 0x0004
[714] [M]: 0x0000000080000B14 (0x00048493) addi s1, s1, 0x0
x9 <- 0xFFFFFFFDFFFFB000

mem[X,0x0000000080000B18] -> 0x9493
mem[X,0x0000000080000B1A] -> 0x00B4
[715] [M]: 0x0000000080000B18 (0x00B49493) slli s1, s1, 0xb
x9 <- 0xFFFFEFFFFD800000

mem[X,0x0000000080000B1C] -> 0x8493
mem[X,0x0000000080000B1E] -> 0x1884
[716] [M]: 0x0000000080000B1C (0x18848493) addi s1, s1, 0x188
x9 <- 0xFFFFEFFFFD800188

mem[X,0x0000000080000B20] -> 0x9493
mem[X,0x0000000080000B22] -> 0x00A4
[717] [M]: 0x0000000080000B20 (0x00A49493) slli s1, s1, 0xa
x9 <- 0xFFBFFFF600062000

mem[X,0x0000000080000B24] -> 0x0FBB
mem[X,0x0000000080000B26] -> 0x909E
[718] [M]: 0x0000000080000B24 (0x909E0FBB) psadd.h t6, t3, s1
x31 <- 0x1FBFFFFC0016FFFF

mem[X,0x0000000080000B28] -> 0xB423
mem[X,0x0000000080000B2A] -> 0x01F0
[719] [M]: 0x0000000080000B28 (0x01F0B423) sd t6, 0x8(ra)
mem[0x0000000080004218] <- 0x1FBFFFFC0016FFFF

mem[X,0x0000000080000B2C] -> 0xC5B7
mem[X,0x0000000080000B2E] -> 0xDFFF
[720] [M]: 0x0000000080000B2C (0xDFFFC5B7) lui a1, -0x20004
x11 <- 0xFFFFFFFFDFFFC000

mem[X,0x0000000080000B30] -> 0x8593
mem[X,0x0000000080000B32] -> 0xFFF5
[721] [M]: 0x0000000080000B30 (0xFFF58593) addi a1, a1, -0x1
x11 <- 0xFFFFFFFFDFFFBFFF

mem[X,0x0000000080000B34] -> 0x9593
mem[X,0x0000000080000B36] -> 0x00B5
[722] [M]: 0x0000000080000B34 (0x00B59593) slli a1, a1, 0xb
x11 <- 0xFFFFFEFFFDFFF800

mem[X,0x0000000080000B38] -> 0x8593
mem[X,0x0000000080000B3A] -> 0x6005
[723] [M]: 0x0000000080000B38 (0x60058593) addi a1, a1, 0x600
x11 <- 0xFFFFFEFFFDFFFE00

mem[X,0x0000000080000B3C] -> 0x9593
mem[X,0x0000000080000B3E] -> 0x00B5
[724] [M]: 0x0000000080000B3C (0x00B59593) slli a1, a1, 0xb
x11 <- 0xFFF7FFEFFFF00000

mem[X,0x0000000080000B40] -> 0x8593
mem[X,0x0000000080000B42] -> 0x02F5
[725] [M]: 0x0000000080000B40 (0x02F58593) addi a1, a1, 0x2f
x11 <- 0xFFF7FFEFFFF0002F

mem[X,0x0000000080000B44] -> 0x9593
mem[X,0x0000000080000B46] -> 0x00A5
[726] [M]: 0x0000000080000B44 (0x00A59593) slli a1, a1, 0xa
x11 <- 0xDFFFBFFFC000BC00

mem[X,0x0000000080000B48] -> 0x8593
mem[X,0x0000000080000B4A] -> 0x3FF5
[727] [M]: 0x0000000080000B48 (0x3FF58593) addi a1, a1, 0x3ff
x11 <- 0xDFFFBFFFC000BFFF

mem[X,0x0000000080000B4C] -> 0x01B7
mem[X,0x0000000080000B4E] -> 0xFDFF
[728] [M]: 0x0000000080000B4C (0xFDFF01B7) lui gp, -0x2010
x3 <- 0xFFFFFFFFFDFF0000

mem[X,0x0000000080000B50] -> 0x8193
mem[X,0x0000000080000B52] -> 0x0401
[729] [M]: 0x0000000080000B50 (0x04018193) addi gp, gp, 0x40
x3 <- 0xFFFFFFFFFDFF0040

mem[X,0x0000000080000B54] -> 0x9193
mem[X,0x0000000080000B56] -> 0x00B1
[730] [M]: 0x0000000080000B54 (0x00B19193) slli gp, gp, 0xb
x3 <- 0xFFFFFFEFF8020000

mem[X,0x0000000080000B58] -> 0x8193
mem[X,0x0000000080000B5A] -> 0x7FE1
[731] [M]: 0x0000000080000B58 (0x7FE18193) addi gp, gp, 0x7fe
x3 <- 0xFFFFFFEFF80207FE

mem[X,0x0000000080000B5C] -> 0x9193
mem[X,0x0000000080000B5E] -> 0x00B1
[732] [M]: 0x0000000080000B5C (0x00B19193) slli gp, gp, 0xb
x3 <- 0xFFFF7FC0103FF000

mem[X,0x0000000080000B60] -> 0x8193
mem[X,0x0000000080000B62] -> 0x7FF1
[733] [M]: 0x0000000080000B60 (0x7FF18193) addi gp, gp, 0x7ff
x3 <- 0xFFFF7FC0103FF7FF

mem[X,0x0000000080000B64] -> 0x9193
mem[X,0x0000000080000B66] -> 0x00A1
[734] [M]: 0x0000000080000B64 (0x00A19193) slli gp, gp, 0xa
x3 <- 0xFDFF0040FFDFFC00

mem[X,0x0000000080000B68] -> 0x8193
mem[X,0x0000000080000B6A] -> 0x3DF1
[735] [M]: 0x0000000080000B68 (0x3DF18193) addi gp, gp, 0x3df
x3 <- 0xFDFF0040FFDFFFDF

mem[X,0x0000000080000B6C] -> 0x84BB
mem[X,0x0000000080000B6E] -> 0x9035
[736] [M]: 0x0000000080000B6C (0x903584BB) psadd.h s1, a1, gp
x9 <- 0xDDFEC03FBFDFBFDE

mem[X,0x0000000080000B70] -> 0xB823
mem[X,0x0000000080000B72] -> 0x0090
[737] [M]: 0x0000000080000B70 (0x0090B823) sd s1, 0x10(ra)
mem[0x0000000080004220] <- 0xDDFEC03FBFDFBFDE

mem[X,0x0000000080000B74] -> 0x4F37
mem[X,0x0000000080000B76] -> 0x0004
[738] [M]: 0x0000000080000B74 (0x00044F37) lui t5, 0x44
x30 <- 0x0000000000044000

mem[X,0x0000000080000B78] -> 0x0F13
mem[X,0x0000000080000B7A] -> 0x000F
[739] [M]: 0x0000000080000B78 (0x000F0F13) addi t5, t5, 0x0
x30 <- 0x0000000000044000

mem[X,0x0000000080000B7C] -> 0x1F13
mem[X,0x0000000080000B7E] -> 0x00BF
[740] [M]: 0x0000000080000B7C (0x00BF1F13) slli t5, t5, 0xb
x30 <- 0x0000000022000000

mem[X,0x0000000080000B80] -> 0x0F13
mem[X,0x0000000080000B82] -> 0x7FFF
[741] [M]: 0x0000000080000B80 (0x7FFF0F13) addi t5, t5, 0x7ff
x30 <- 0x00000000220007FF

mem[X,0x0000000080000B84] -> 0x1F13
mem[X,0x0000000080000B86] -> 0x00BF
[742] [M]: 0x0000000080000B84 (0x00BF1F13) slli t5, t5, 0xb
x30 <- 0x00000110003FF800

mem[X,0x0000000080000B88] -> 0x0F13
mem[X,0x0000000080000B8A] -> 0x755F
[743] [M]: 0x0000000080000B88 (0x755F0F13) addi t5, t5, 0x755
x30 <- 0x00000110003FFF55

mem[X,0x0000000080000B8C] -> 0x1F13
mem[X,0x0000000080000B8E] -> 0x00AF
[744] [M]: 0x0000000080000B8C (0x00AF1F13) slli t5, t5, 0xa
x30 <- 0x00044000FFFD5400

mem[X,0x0000000080000B90] -> 0x0F13
mem[X,0x0000000080000B92] -> 0x155F
[745] [M]: 0x0000000080000B90 (0x155F0F13) addi t5, t5, 0x155
x30 <- 0x00044000FFFD5555

mem[X,0x0000000080000B94] -> 0x0EB7
mem[X,0x0000000080000B96] -> 0xFFF8
[746] [M]: 0x0000000080000B94 (0xFFF80EB7) lui t4, -0x80
x29 <- 0xFFFFFFFFFFF80000

mem[X,0x0000000080000B98] -> 0x8E93
mem[X,0x0000000080000B9A] -> 0x005E
[747] [M]: 0x0000000080000B98 (0x005E8E93) addi t4, t4, 0x5
x29 <- 0xFFFFFFFFFFF80005

mem[X,0x0000000080000B9C] -> 0x9E93
mem[X,0x0000000080000B9E] -> 0x00BE
[748] [M]: 0x0000000080000B9C (0x00BE9E93) slli t4, t4, 0xb
x29 <- 0xFFFFFFFFC0002800

mem[X,0x0000000080000BA0] -> 0x8E93
mem[X,0x0000000080000BA2] -> 0x7FFE
[749] [M]: 0x0000000080000BA0 (0x7FFE8E93) addi t4, t4, 0x7ff
x29 <- 0xFFFFFFFFC0002FFF

mem[X,0x0000000080000BA4] -> 0x9E93
mem[X,0x0000000080000BA6] -> 0x00BE
[750] [M]: 0x0000000080000BA4 (0x00BE9E93) slli t4, t4, 0xb
x29 <- 0xFFFFFE00017FF800

mem[X,0x0000000080000BA8] -> 0x8E93
mem[X,0x0000000080000BAA] -> 0x648E
[751] [M]: 0x0000000080000BA8 (0x648E8E93) addi t4, t4, 0x648
x29 <- 0xFFFFFE00017FFE48

mem[X,0x0000000080000BAC] -> 0x9E93
mem[X,0x0000000080000BAE] -> 0x00AE
[752] [M]: 0x0000000080000BAC (0x00AE9E93) slli t4, t4, 0xa
x29 <- 0xFFF80005FFF92000

mem[X,0x0000000080000BB0] -> 0x0FBB
mem[X,0x0000000080000BB2] -> 0x91DF
[753] [M]: 0x0000000080000BB0 (0x91DF0FBB) psadd.h t6, t5, t4
x31 <- 0xFFFC4005FFF67555

mem[X,0x0000000080000BB4] -> 0xBC23
mem[X,0x0000000080000BB6] -> 0x01F0
[754] [M]: 0x0000000080000BB4 (0x01F0BC23) sd t6, 0x18(ra)
mem[0x0000000080004228] <- 0xFFFC4005FFF67555

mem[X,0x0000000080000BB8] -> 0x0F37
mem[X,0x0000000080000BBA] -> 0x0011
[755] [M]: 0x0000000080000BB8 (0x00110F37) lui t5, 0x110
x30 <- 0x0000000000110000

mem[X,0x0000000080000BBC] -> 0x0F13
mem[X,0x0000000080000BBE] -> 0xFFAF
[756] [M]: 0x0000000080000BBC (0xFFAF0F13) addi t5, t5, -0x6
x30 <- 0x000000000010FFFA

mem[X,0x0000000080000BC0] -> 0x1F13
mem[X,0x0000000080000BC2] -> 0x00BF
[757] [M]: 0x0000000080000BC0 (0x00BF1F13) slli t5, t5, 0xb
x30 <- 0x0000000087FFD000

mem[X,0x0000000080000BC4] -> 0x0F13
mem[X,0x0000000080000BC6] -> 0x7FDF
[758] [M]: 0x0000000080000BC4 (0x7FDF0F13) addi t5, t5, 0x7fd
x30 <- 0x0000000087FFD7FD

mem[X,0x0000000080000BC8] -> 0x1F13
mem[X,0x0000000080000BCA] -> 0x00BF
[759] [M]: 0x0000000080000BC8 (0x00BF1F13) slli t5, t5, 0xb
x30 <- 0x0000043FFEBFE800

mem[X,0x0000000080000BCC] -> 0x0F13
mem[X,0x0000000080000BCE] -> 0x7EAF
[760] [M]: 0x0000000080000BCC (0x7EAF0F13) addi t5, t5, 0x7ea
x30 <- 0x0000043FFEBFEFEA

mem[X,0x0000000080000BD0] -> 0x1F13
mem[X,0x0000000080000BD2] -> 0x00AF
[761] [M]: 0x0000000080000BD0 (0x00AF1F13) slli t5, t5, 0xa
x30 <- 0x0010FFFAFFBFA800

mem[X,0x0000000080000BD4] -> 0x0F13
mem[X,0x0000000080000BD6] -> 0x2AAF
[762] [M]: 0x0000000080000BD4 (0x2AAF0F13) addi t5, t5, 0x2aa
x30 <- 0x0010FFFAFFBFAAAA

mem[X,0x0000000080000BD8] -> 0x0EB7
mem[X,0x0000000080000BDA] -> 0xFFF9
[763] [M]: 0x0000000080000BD8 (0xFFF90EB7) lui t4, -0x70
x29 <- 0xFFFFFFFFFFF90000

mem[X,0x0000000080000BDC] -> 0x8E93
mem[X,0x0000000080000BDE] -> 0xFFFE
[764] [M]: 0x0000000080000BDC (0xFFFE8E93) addi t4, t4, -0x1
x29 <- 0xFFFFFFFFFFF8FFFF

mem[X,0x0000000080000BE0] -> 0x9E93
mem[X,0x0000000080000BE2] -> 0x00BE
[765] [M]: 0x0000000080000BE0 (0x00BE9E93) slli t4, t4, 0xb
x29 <- 0xFFFFFFFFC7FFF800

mem[X,0x0000000080000BE4] -> 0x8E93
mem[X,0x0000000080000BE6] -> 0x000E
[766] [M]: 0x0000000080000BE4 (0x000E8E93) addi t4, t4, 0x0
x29 <- 0xFFFFFFFFC7FFF800

mem[X,0x0000000080000BE8] -> 0x9E93
mem[X,0x0000000080000BEA] -> 0x00BE
[767] [M]: 0x0000000080000BE8 (0x00BE9E93) slli t4, t4, 0xb
x29 <- 0xFFFFFE3FFFC00000

mem[X,0x0000000080000BEC] -> 0x8E93
mem[X,0x0000000080000BEE] -> 0x400E
[768] [M]: 0x0000000080000BEC (0x400E8E93) addi t4, t4, 0x400
x29 <- 0xFFFFFE3FFFC00400

mem[X,0x0000000080000BF0] -> 0x9E93
mem[X,0x0000000080000BF2] -> 0x00AE
[769] [M]: 0x0000000080000BF0 (0x00AE9E93) slli t4, t4, 0xa
x29 <- 0xFFF8FFFF00100000

mem[X,0x0000000080000BF4] -> 0x8E93
mem[X,0x0000000080000BF6] -> 0x020E
[770] [M]: 0x0000000080000BF4 (0x020E8E93) addi t4, t4, 0x20
x29 <- 0xFFF8FFFF00100020

mem[X,0x0000000080000BF8] -> 0x0FBB
mem[X,0x0000000080000BFA] -> 0x91DF
[771] [M]: 0x0000000080000BF8 (0x91DF0FBB) psadd.h t6, t5, t4
x31 <- 0x0008FFF9FFCFAACA

mem[X,0x0000000080000BFC] -> 0xB023
mem[X,0x0000000080000BFE] -> 0x03F0
[772] [M]: 0x0000000080000BFC (0x03F0B023) sd t6, 0x20(ra)
mem[0x0000000080004230] <- 0x0008FFF9FFCFAACA

mem[X,0x0000000080000C00] -> 0xFF37
mem[X,0x0000000080000C02] -> 0xFFFE
[773] [M]: 0x0000000080000C00 (0xFFFEFF37) lui t5, -0x11
x30 <- 0xFFFFFFFFFFFEF000

mem[X,0x0000000080000C04] -> 0x0F13
mem[X,0x0000000080000C06] -> 0xFFFF
[774] [M]: 0x0000000080000C04 (0xFFFF0F13) addi t5, t5, -0x1
x30 <- 0xFFFFFFFFFFFEEFFF

mem[X,0x0000000080000C08] -> 0x1F13
mem[X,0x0000000080000C0A] -> 0x00BF
[775] [M]: 0x0000000080000C08 (0x00BF1F13) slli t5, t5, 0xb
x30 <- 0xFFFFFFFFF77FF800

mem[X,0x0000000080000C0C] -> 0x0F13
mem[X,0x0000000080000C0E] -> 0x001F
[776] [M]: 0x0000000080000C0C (0x001F0F13) addi t5, t5, 0x1
x30 <- 0xFFFFFFFFF77FF801

mem[X,0x0000000080000C10] -> 0x1F13
mem[X,0x0000000080000C12] -> 0x00BF
[777] [M]: 0x0000000080000C10 (0x00BF1F13) slli t5, t5, 0xb
x30 <- 0xFFFFFFBBFFC00800

mem[X,0x0000000080000C14] -> 0x0F13
mem[X,0x0000000080000C16] -> 0x000F
[778] [M]: 0x0000000080000C14 (0x000F0F13) addi t5, t5, 0x0
x30 <- 0xFFFFFFBBFFC00800

mem[X,0x0000000080000C18] -> 0x1F13
mem[X,0x0000000080000C1A] -> 0x00AF
[779] [M]: 0x0000000080000C18 (0x00AF1F13) slli t5, t5, 0xa
x30 <- 0xFFFEEFFF00200000

mem[X,0x0000000080000C1C] -> 0x0F13
mem[X,0x0000000080000C1E] -> 0x080F
[780] [M]: 0x0000000080000C1C (0x080F0F13) addi t5, t5, 0x80
x30 <- 0xFFFEEFFF00200080

mem[X,0x0000000080000C20] -> 0x2EB7
mem[X,0x0000000080000C22] -> 0x7FFF
[781] [M]: 0x0000000080000C20 (0x7FFF2EB7) lui t4, 0x7fff2
x29 <- 0x000000007FFF2000

mem[X,0x0000000080000C24] -> 0x8E93
mem[X,0x0000000080000C26] -> 0x000E
[782] [M]: 0x0000000080000C24 (0x000E8E93) addi t4, t4, 0x0
x29 <- 0x000000007FFF2000

mem[X,0x0000000080000C28] -> 0x9E93
mem[X,0x0000000080000C2A] -> 0x00BE
[783] [M]: 0x0000000080000C28 (0x00BE9E93) slli t4, t4, 0xb
x29 <- 0x000003FFF9000000

mem[X,0x0000000080000C2C] -> 0x8E93
mem[X,0x0000000080000C2E] -> 0x000E
[784] [M]: 0x0000000080000C2C (0x000E8E93) addi t4, t4, 0x0
x29 <- 0x000003FFF9000000

mem[X,0x0000000080000C30] -> 0x9E93
mem[X,0x0000000080000C32] -> 0x00BE
[785] [M]: 0x0000000080000C30 (0x00BE9E93) slli t4, t4, 0xb
x29 <- 0x001FFFC800000000

mem[X,0x0000000080000C34] -> 0x8E93
mem[X,0x0000000080000C36] -> 0x0B7E
[786] [M]: 0x0000000080000C34 (0x0B7E8E93) addi t4, t4, 0xb7
x29 <- 0x001FFFC8000000B7

mem[X,0x0000000080000C38] -> 0x9E93
mem[X,0x0000000080000C3A] -> 0x00AE
[787] [M]: 0x0000000080000C38 (0x00AE9E93) slli t4, t4, 0xa
x29 <- 0x7FFF20000002DC00

mem[X,0x0000000080000C3C] -> 0x8E93
mem[X,0x0000000080000C3E] -> 0x3FFE
[788] [M]: 0x0000000080000C3C (0x3FFE8E93) addi t4, t4, 0x3ff
x29 <- 0x7FFF20000002DFFF

mem[X,0x0000000080000C40] -> 0x0FBB
mem[X,0x0000000080000C42] -> 0x91DF
[789] [M]: 0x0000000080000C40 (0x91DF0FBB) psadd.h t6, t5, t4
x31 <- 0x7FFD0FFF0022E07F

mem[X,0x0000000080000C44] -> 0xB423
mem[X,0x0000000080000C46] -> 0x03F0
[790] [M]: 0x0000000080000C44 (0x03F0B423) sd t6, 0x28(ra)
mem[0x0000000080004238] <- 0x7FFD0FFF0022E07F

mem[X,0x0000000080000C48] -> 0xFF37
mem[X,0x0000000080000C4A] -> 0x0800
[791] [M]: 0x0000000080000C48 (0x0800FF37) lui t5, 0x800f
x30 <- 0x000000000800F000

mem[X,0x0000000080000C4C] -> 0x0F13
mem[X,0x0000000080000C4E] -> 0x7FFF
[792] [M]: 0x0000000080000C4C (0x7FFF0F13) addi t5, t5, 0x7ff
x30 <- 0x000000000800F7FF

mem[X,0x0000000080000C50] -> 0x1F13
mem[X,0x0000000080000C52] -> 0x00BF
[793] [M]: 0x0000000080000C50 (0x00BF1F13) slli t5, t5, 0xb
x30 <- 0x0000004007BFF800

mem[X,0x0000000080000C54] -> 0x0F13
mem[X,0x0000000080000C56] -> 0x7FFF
[794] [M]: 0x0000000080000C54 (0x7FFF0F13) addi t5, t5, 0x7ff
x30 <- 0x0000004007BFFFFF

mem[X,0x0000000080000C58] -> 0x1F13
mem[X,0x0000000080000C5A] -> 0x00BF
[795] [M]: 0x0000000080000C58 (0x00BF1F13) slli t5, t5, 0xb
x30 <- 0x0002003DFFFFF800

mem[X,0x0000000080000C5C] -> 0x0F13
mem[X,0x0000000080000C5E] -> 0x6FFF
[796] [M]: 0x0000000080000C5C (0x6FFF0F13) addi t5, t5, 0x6ff
x30 <- 0x0002003DFFFFFEFF

mem[X,0x0000000080000C60] -> 0x1F13
mem[X,0x0000000080000C62] -> 0x00AF
[797] [M]: 0x0000000080000C60 (0x00AF1F13) slli t5, t5, 0xa
x30 <- 0x0800F7FFFFFBFC00

mem[X,0x0000000080000C64] -> 0x0F13
mem[X,0x0000000080000C66] -> 0x3EFF
[798] [M]: 0x0000000080000C64 (0x3EFF0F13) addi t5, t5, 0x3ef
x30 <- 0x0800F7FFFFFBFFEF

mem[X,0x0000000080000C68] -> 0x0EB7
mem[X,0x0000000080000C6A] -> 0x0009
[799] [M]: 0x0000000080000C68 (0x00090EB7) lui t4, 0x90
x29 <- 0x0000000000090000

clint::tick mtime <- 0x0000000000000008
 clint timer pending at mtime 0x0000000000000008
htif::tick 0x0000000000000000
mem[X,0x0000000080000C6C] -> 0x8E93
mem[X,0x0000000080000C6E] -> 0xFF9E
[800] [M]: 0x0000000080000C6C (0xFF9E8E93) addi t4, t4, -0x7
x29 <- 0x000000000008FFF9

mem[X,0x0000000080000C70] -> 0x9E93
mem[X,0x0000000080000C72] -> 0x00BE
[801] [M]: 0x0000000080000C70 (0x00BE9E93) slli t4, t4, 0xb
x29 <- 0x0000000047FFC800

mem[X,0x0000000080000C74] -> 0x8E93
mem[X,0x0000000080000C76] -> 0x7FFE
[802] [M]: 0x0000000080000C74 (0x7FFE8E93) addi t4, t4, 0x7ff
x29 <- 0x0000000047FFCFFF

mem[X,0x0000000080000C78] -> 0x9E93
mem[X,0x0000000080000C7A] -> 0x00BE
[803] [M]: 0x0000000080000C78 (0x00BE9E93) slli t4, t4, 0xb
x29 <- 0x0000023FFE7FF800

mem[X,0x0000000080000C7C] -> 0x8E93
mem[X,0x0000000080000C7E] -> 0x68FE
[804] [M]: 0x0000000080000C7C (0x68FE8E93) addi t4, t4, 0x68f
x29 <- 0x0000023FFE7FFE8F

mem[X,0x0000000080000C80] -> 0x9E93
mem[X,0x0000000080000C82] -> 0x00AE
[805] [M]: 0x0000000080000C80 (0x00AE9E93) slli t4, t4, 0xa
x29 <- 0x0008FFF9FFFA3C00

mem[X,0x0000000080000C84] -> 0x8E93
mem[X,0x0000000080000C86] -> 0x3FFE
[806] [M]: 0x0000000080000C84 (0x3FFE8E93) addi t4, t4, 0x3ff
x29 <- 0x0008FFF9FFFA3FFF

mem[X,0x0000000080000C88] -> 0x0FBB
mem[X,0x0000000080000C8A] -> 0x91DF
[807] [M]: 0x0000000080000C88 (0x91DF0FBB) psadd.h t6, t5, t4
x31 <- 0x0808F7F8FFF53FEE

mem[X,0x0000000080000C8C] -> 0xB823
mem[X,0x0000000080000C8E] -> 0x03F0
[808] [M]: 0x0000000080000C8C (0x03F0B823) sd t6, 0x30(ra)
mem[0x0000000080004240] <- 0x0808F7F8FFF53FEE

mem[X,0x0000000080000C90] -> 0x0F37
mem[X,0x0000000080000C92] -> 0xFFFB
[809] [M]: 0x0000000080000C90 (0xFFFB0F37) lui t5, -0x50
x30 <- 0xFFFFFFFFFFFB0000

mem[X,0x0000000080000C94] -> 0x0F13
mem[X,0x0000000080000C96] -> 0xFF6F
[810] [M]: 0x0000000080000C94 (0xFF6F0F13) addi t5, t5, -0xa
x30 <- 0xFFFFFFFFFFFAFFF6

mem[X,0x0000000080000C98] -> 0x1F13
mem[X,0x0000000080000C9A] -> 0x00BF
[811] [M]: 0x0000000080000C98 (0x00BF1F13) slli t5, t5, 0xb
x30 <- 0xFFFFFFFFD7FFB000

mem[X,0x0000000080000C9C] -> 0x0F13
mem[X,0x0000000080000C9E] -> 0x000F
[812] [M]: 0x0000000080000C9C (0x000F0F13) addi t5, t5, 0x0
x30 <- 0xFFFFFFFFD7FFB000

mem[X,0x0000000080000CA0] -> 0x1F13
mem[X,0x0000000080000CA2] -> 0x00BF
[813] [M]: 0x0000000080000CA0 (0x00BF1F13) slli t5, t5, 0xb
x30 <- 0xFFFFFEBFFD800000

mem[X,0x0000000080000CA4] -> 0x0F13
mem[X,0x0000000080000CA6] -> 0x23FF
[814] [M]: 0x0000000080000CA4 (0x23FF0F13) addi t5, t5, 0x23f
x30 <- 0xFFFFFEBFFD80023F

mem[X,0x0000000080000CA8] -> 0x1F13
mem[X,0x0000000080000CAA] -> 0x00AF
[815] [M]: 0x0000000080000CA8 (0x00AF1F13) slli t5, t5, 0xa
x30 <- 0xFFFAFFF60008FC00

mem[X,0x0000000080000CAC] -> 0x0F13
mem[X,0x0000000080000CAE] -> 0x3FAF
[816] [M]: 0x0000000080000CAC (0x3FAF0F13) addi t5, t5, 0x3fa
x30 <- 0xFFFAFFF60008FFFA

mem[X,0x0000000080000CB0] -> 0x1EB7
mem[X,0x0000000080000CB2] -> 0x0020
[817] [M]: 0x0000000080000CB0 (0x00201EB7) lui t4, 0x201
x29 <- 0x0000000000201000

mem[X,0x0000000080000CB4] -> 0x8E93
mem[X,0x0000000080000CB6] -> 0x800E
[818] [M]: 0x0000000080000CB4 (0x800E8E93) addi t4, t4, -0x800
x29 <- 0x0000000000200800

mem[X,0x0000000080000CB8] -> 0x9E93
mem[X,0x0000000080000CBA] -> 0x00BE
[819] [M]: 0x0000000080000CB8 (0x00BE9E93) slli t4, t4, 0xb
x29 <- 0x0000000100400000

mem[X,0x0000000080000CBC] -> 0x8E93
mem[X,0x0000000080000CBE] -> 0x080E
[820] [M]: 0x0000000080000CBC (0x080E8E93) addi t4, t4, 0x80
x29 <- 0x0000000100400080

mem[X,0x0000000080000CC0] -> 0x9E93
mem[X,0x0000000080000CC2] -> 0x00BE
[821] [M]: 0x0000000080000CC0 (0x00BE9E93) slli t4, t4, 0xb
x29 <- 0x0000080200040000

mem[X,0x0000000080000CC4] -> 0x8E93
mem[X,0x0000000080000CC6] -> 0x00FE
[822] [M]: 0x0000000080000CC4 (0x00FE8E93) addi t4, t4, 0xf
x29 <- 0x000008020004000F

mem[X,0x0000000080000CC8] -> 0x9E93
mem[X,0x0000000080000CCA] -> 0x00AE
[823] [M]: 0x0000000080000CC8 (0x00AE9E93) slli t4, t4, 0xa
x29 <- 0x0020080010003C00

mem[X,0x0000000080000CCC] -> 0x8E93
mem[X,0x0000000080000CCE] -> 0x3FFE
[824] [M]: 0x0000000080000CCC (0x3FFE8E93) addi t4, t4, 0x3ff
x29 <- 0x0020080010003FFF

mem[X,0x0000000080000CD0] -> 0x0FBB
mem[X,0x0000000080000CD2] -> 0x91DF
[825] [M]: 0x0000000080000CD0 (0x91DF0FBB) psadd.h t6, t5, t4
x31 <- 0x001A07F610083FF9

mem[X,0x0000000080000CD4] -> 0xBC23
mem[X,0x0000000080000CD6] -> 0x03F0
[826] [M]: 0x0000000080000CD4 (0x03F0BC23) sd t6, 0x38(ra)
mem[0x0000000080004248] <- 0x001A07F610083FF9

mem[X,0x0000000080000CD8] -> 0x0F37
mem[X,0x0000000080000CDA] -> 0x7FFF
[827] [M]: 0x0000000080000CD8 (0x7FFF0F37) lui t5, 0x7fff0
x30 <- 0x000000007FFF0000

mem[X,0x0000000080000CDC] -> 0x0F13
mem[X,0x0000000080000CDE] -> 0x001F
[828] [M]: 0x0000000080000CDC (0x001F0F13) addi t5, t5, 0x1
x30 <- 0x000000007FFF0001

mem[X,0x0000000080000CE0] -> 0x1F13
mem[X,0x0000000080000CE2] -> 0x00BF
[829] [M]: 0x0000000080000CE0 (0x00BF1F13) slli t5, t5, 0xb
x30 <- 0x000003FFF8000800

mem[X,0x0000000080000CE4] -> 0x0F13
mem[X,0x0000000080000CE6] -> 0x7FFF
[830] [M]: 0x0000000080000CE4 (0x7FFF0F13) addi t5, t5, 0x7ff
x30 <- 0x000003FFF8000FFF

mem[X,0x0000000080000CE8] -> 0x1F13
mem[X,0x0000000080000CEA] -> 0x00BF
[831] [M]: 0x0000000080000CE8 (0x00BF1F13) slli t5, t5, 0xb
x30 <- 0x001FFFC0007FF800

mem[X,0x0000000080000CEC] -> 0x0F13
mem[X,0x0000000080000CEE] -> 0x77FF
[832] [M]: 0x0000000080000CEC (0x77FF0F13) addi t5, t5, 0x77f
x30 <- 0x001FFFC0007FFF7F

mem[X,0x0000000080000CF0] -> 0x1F13
mem[X,0x0000000080000CF2] -> 0x00AF
[833] [M]: 0x0000000080000CF0 (0x00AF1F13) slli t5, t5, 0xa
x30 <- 0x7FFF0001FFFDFC00

mem[X,0x0000000080000CF4] -> 0x0F13
mem[X,0x0000000080000CF6] -> 0x3FFF
[834] [M]: 0x0000000080000CF4 (0x3FFF0F13) addi t5, t5, 0x3ff
x30 <- 0x7FFF0001FFFDFFFF

mem[X,0x0000000080000CF8] -> 0x0EB7
mem[X,0x0000000080000CFA] -> 0x0080
[835] [M]: 0x0000000080000CF8 (0x00800EB7) lui t4, 0x800
x29 <- 0x0000000000800000

mem[X,0x0000000080000CFC] -> 0x8E93
mem[X,0x0000000080000CFE] -> 0x080E
[836] [M]: 0x0000000080000CFC (0x080E8E93) addi t4, t4, 0x80
x29 <- 0x0000000000800080

mem[X,0x0000000080000D00] -> 0x9E93
mem[X,0x0000000080000D02] -> 0x00BE
[837] [M]: 0x0000000080000D00 (0x00BE9E93) slli t4, t4, 0xb
x29 <- 0x0000000400040000

mem[X,0x0000000080000D04] -> 0x8E93
mem[X,0x0000000080000D06] -> 0x004E
[838] [M]: 0x0000000080000D04 (0x004E8E93) addi t4, t4, 0x4
x29 <- 0x0000000400040004

mem[X,0x0000000080000D08] -> 0x9E93
mem[X,0x0000000080000D0A] -> 0x00BE
[839] [M]: 0x0000000080000D08 (0x00BE9E93) slli t4, t4, 0xb
x29 <- 0x0000200020002000

mem[X,0x0000000080000D0C] -> 0x8E93
mem[X,0x0000000080000D0E] -> 0x000E
[840] [M]: 0x0000000080000D0C (0x000E8E93) addi t4, t4, 0x0
x29 <- 0x0000200020002000

mem[X,0x0000000080000D10] -> 0x9E93
mem[X,0x0000000080000D12] -> 0x00AE
[841] [M]: 0x0000000080000D10 (0x00AE9E93) slli t4, t4, 0xa
x29 <- 0x0080008000800000

mem[X,0x0000000080000D14] -> 0x8E93
mem[X,0x0000000080000D16] -> 0x200E
[842] [M]: 0x0000000080000D14 (0x200E8E93) addi t4, t4, 0x200
x29 <- 0x0080008000800200

mem[X,0x0000000080000D18] -> 0x0FBB
mem[X,0x0000000080000D1A] -> 0x91DF
[843] [M]: 0x0000000080000D18 (0x91DF0FBB) psadd.h t6, t5, t4
x31 <- 0x7FFF0081007D01FF

mem[X,0x0000000080000D1C] -> 0xB023
mem[X,0x0000000080000D1E] -> 0x05F0
[844] [M]: 0x0000000080000D1C (0x05F0B023) sd t6, 0x40(ra)
mem[0x0000000080004250] <- 0x7FFF0081007D01FF

mem[X,0x0000000080000D20] -> 0x0F37
mem[X,0x0000000080000D22] -> 0x8000
[845] [M]: 0x0000000080000D20 (0x80000F37) lui t5, -0x80000
x30 <- 0xFFFFFFFF80000000

mem[X,0x0000000080000D24] -> 0x0F13
mem[X,0x0000000080000D26] -> 0xEFFF
[846] [M]: 0x0000000080000D24 (0xEFFF0F13) addi t5, t5, -0x101
x30 <- 0xFFFFFFFF7FFFFEFF

mem[X,0x0000000080000D28] -> 0x1F13
mem[X,0x0000000080000D2A] -> 0x00BF
[847] [M]: 0x0000000080000D28 (0x00BF1F13) slli t5, t5, 0xb
x30 <- 0xFFFFFBFFFFF7F800

mem[X,0x0000000080000D2C] -> 0x0F13
mem[X,0x0000000080000D2E] -> 0x1FFF
[848] [M]: 0x0000000080000D2C (0x1FFF0F13) addi t5, t5, 0x1ff
x30 <- 0xFFFFFBFFFFF7F9FF

mem[X,0x0000000080000D30] -> 0x1F13
mem[X,0x0000000080000D32] -> 0x00BF
[849] [M]: 0x0000000080000D30 (0x00BF1F13) slli t5, t5, 0xb
x30 <- 0xFFDFFFFFBFCFF800

mem[X,0x0000000080000D34] -> 0x0F13
mem[X,0x0000000080000D36] -> 0x7D5F
[850] [M]: 0x0000000080000D34 (0x7D5F0F13) addi t5, t5, 0x7d5
x30 <- 0xFFDFFFFFBFCFFFD5

mem[X,0x0000000080000D38] -> 0x1F13
mem[X,0x0000000080000D3A] -> 0x00AF
[851] [M]: 0x0000000080000D38 (0x00AF1F13) slli t5, t5, 0xa
x30 <- 0x7FFFFEFF3FFF5400

mem[X,0x0000000080000D3C] -> 0x0F13
mem[X,0x0000000080000D3E] -> 0x155F
[852] [M]: 0x0000000080000D3C (0x155F0F13) addi t5, t5, 0x155
x30 <- 0x7FFFFEFF3FFF5555

mem[X,0x0000000080000D40] -> 0x8EB7
mem[X,0x0000000080000D42] -> 0x0200
[853] [M]: 0x0000000080000D40 (0x02008EB7) lui t4, 0x2008
x29 <- 0x0000000002008000

mem[X,0x0000000080000D44] -> 0x8E93
mem[X,0x0000000080000D46] -> 0xFFFE
[854] [M]: 0x0000000080000D44 (0xFFFE8E93) addi t4, t4, -0x1
x29 <- 0x0000000002007FFF

mem[X,0x0000000080000D48] -> 0x9E93
mem[X,0x0000000080000D4A] -> 0x00BE
[855] [M]: 0x0000000080000D48 (0x00BE9E93) slli t4, t4, 0xb
x29 <- 0x0000001003FFF800

mem[X,0x0000000080000D4C] -> 0x8E93
mem[X,0x0000000080000D4E] -> 0x7FFE
[856] [M]: 0x0000000080000D4C (0x7FFE8E93) addi t4, t4, 0x7ff
x29 <- 0x0000001003FFFFFF

mem[X,0x0000000080000D50] -> 0x9E93
mem[X,0x0000000080000D52] -> 0x00BE
[857] [M]: 0x0000000080000D50 (0x00BE9E93) slli t4, t4, 0xb
x29 <- 0x0000801FFFFFF800

mem[X,0x0000000080000D54] -> 0x8E93
mem[X,0x0000000080000D56] -> 0x63FE
[858] [M]: 0x0000000080000D54 (0x63FE8E93) addi t4, t4, 0x63f
x29 <- 0x0000801FFFFFFE3F

mem[X,0x0000000080000D58] -> 0x9E93
mem[X,0x0000000080000D5A] -> 0x00AE
[859] [M]: 0x0000000080000D58 (0x00AE9E93) slli t4, t4, 0xa
x29 <- 0x02007FFFFFF8FC00

mem[X,0x0000000080000D5C] -> 0x8E93
mem[X,0x0000000080000D5E] -> 0x3F6E
[860] [M]: 0x0000000080000D5C (0x3F6E8E93) addi t4, t4, 0x3f6
x29 <- 0x02007FFFFFF8FFF6

mem[X,0x0000000080000D60] -> 0x0FBB
mem[X,0x0000000080000D62] -> 0x91DF
[861] [M]: 0x0000000080000D60 (0x91DF0FBB) psadd.h t6, t5, t4
x31 <- 0x7FFF7EFE3FF7554B

mem[X,0x0000000080000D64] -> 0xB423
mem[X,0x0000000080000D66] -> 0x05F0
[862] [M]: 0x0000000080000D64 (0x05F0B423) sd t6, 0x48(ra)
mem[0x0000000080004258] <- 0x7FFF7EFE3FF7554B

mem[X,0x0000000080000D68] -> 0x0F37
mem[X,0x0000000080000D6A] -> 0x000A
[863] [M]: 0x0000000080000D68 (0x000A0F37) lui t5, 0xa0
x30 <- 0x00000000000A0000

mem[X,0x0000000080000D6C] -> 0x0F13
mem[X,0x0000000080000D6E] -> 0xFF8F
[864] [M]: 0x0000000080000D6C (0xFF8F0F13) addi t5, t5, -0x8
x30 <- 0x000000000009FFF8

mem[X,0x0000000080000D70] -> 0x1F13
mem[X,0x0000000080000D72] -> 0x00BF
[865] [M]: 0x0000000080000D70 (0x00BF1F13) slli t5, t5, 0xb
x30 <- 0x000000004FFFC000

mem[X,0x0000000080000D74] -> 0x0F13
mem[X,0x0000000080000D76] -> 0x000F
[866] [M]: 0x0000000080000D74 (0x000F0F13) addi t5, t5, 0x0
x30 <- 0x000000004FFFC000

mem[X,0x0000000080000D78] -> 0x1F13
mem[X,0x0000000080000D7A] -> 0x00BF
[867] [M]: 0x0000000080000D78 (0x00BF1F13) slli t5, t5, 0xb
x30 <- 0x0000027FFE000000

mem[X,0x0000000080000D7C] -> 0x0F13
mem[X,0x0000000080000D7E] -> 0x03FF
[868] [M]: 0x0000000080000D7C (0x03FF0F13) addi t5, t5, 0x3f
x30 <- 0x0000027FFE00003F

mem[X,0x0000000080000D80] -> 0x1F13
mem[X,0x0000000080000D82] -> 0x00AF
[869] [M]: 0x0000000080000D80 (0x00AF1F13) slli t5, t5, 0xa
x30 <- 0x0009FFF80000FC00

mem[X,0x0000000080000D84] -> 0x0F13
mem[X,0x0000000080000D86] -> 0x3BFF
[870] [M]: 0x0000000080000D84 (0x3BFF0F13) addi t5, t5, 0x3bf
x30 <- 0x0009FFF80000FFBF

mem[X,0x0000000080000D88] -> 0x1EB7
mem[X,0x0000000080000D8A] -> 0x0800
[871] [M]: 0x0000000080000D88 (0x08001EB7) lui t4, 0x8001
x29 <- 0x0000000008001000

mem[X,0x0000000080000D8C] -> 0x8E93
mem[X,0x0000000080000D8E] -> 0x000E
[872] [M]: 0x0000000080000D8C (0x000E8E93) addi t4, t4, 0x0
x29 <- 0x0000000008001000

mem[X,0x0000000080000D90] -> 0x9E93
mem[X,0x0000000080000D92] -> 0x00BE
[873] [M]: 0x0000000080000D90 (0x00BE9E93) slli t4, t4, 0xb
x29 <- 0x0000004000800000

mem[X,0x0000000080000D94] -> 0x8E93
mem[X,0x0000000080000D96] -> 0x7F7E
[874] [M]: 0x0000000080000D94 (0x7F7E8E93) addi t4, t4, 0x7f7
x29 <- 0x00000040008007F7

mem[X,0x0000000080000D98] -> 0x9E93
mem[X,0x0000000080000D9A] -> 0x00BE
[875] [M]: 0x0000000080000D98 (0x00BE9E93) slli t4, t4, 0xb
x29 <- 0x00020004003FB800

mem[X,0x0000000080000D9C] -> 0x8E93
mem[X,0x0000000080000D9E] -> 0x7C0E
[876] [M]: 0x0000000080000D9C (0x7C0E8E93) addi t4, t4, 0x7c0
x29 <- 0x00020004003FBFC0

mem[X,0x0000000080000DA0] -> 0x9E93
mem[X,0x0000000080000DA2] -> 0x00AE
[877] [M]: 0x0000000080000DA0 (0x00AE9E93) slli t4, t4, 0xa
x29 <- 0x08001000FEFF0000

mem[X,0x0000000080000DA4] -> 0x8E93
mem[X,0x0000000080000DA6] -> 0x080E
[878] [M]: 0x0000000080000DA4 (0x080E8E93) addi t4, t4, 0x80
x29 <- 0x08001000FEFF0080

mem[X,0x0000000080000DA8] -> 0x0FBB
mem[X,0x0000000080000DAA] -> 0x91DF
[879] [M]: 0x0000000080000DA8 (0x91DF0FBB) psadd.h t6, t5, t4
x31 <- 0x08090FF8FEFF003F

mem[X,0x0000000080000DAC] -> 0xB823
mem[X,0x0000000080000DAE] -> 0x05F0
[880] [M]: 0x0000000080000DAC (0x05F0B823) sd t6, 0x50(ra)
mem[0x0000000080004260] <- 0x08090FF8FEFF003F

mem[X,0x0000000080000DB0] -> 0x0F37
mem[X,0x0000000080000DB2] -> 0x4000
[881] [M]: 0x0000000080000DB0 (0x40000F37) lui t5, 0x40000
x30 <- 0x0000000040000000

mem[X,0x0000000080000DB4] -> 0x0F13
mem[X,0x0000000080000DB6] -> 0xFFBF
[882] [M]: 0x0000000080000DB4 (0xFFBF0F13) addi t5, t5, -0x5
x30 <- 0x000000003FFFFFFB

mem[X,0x0000000080000DB8] -> 0x1F13
mem[X,0x0000000080000DBA] -> 0x00BF
[883] [M]: 0x0000000080000DB8 (0x00BF1F13) slli t5, t5, 0xb
x30 <- 0x000001FFFFFFD800

mem[X,0x0000000080000DBC] -> 0x0F13
mem[X,0x0000000080000DBE] -> 0x004F
[884] [M]: 0x0000000080000DBC (0x004F0F13) addi t5, t5, 0x4
x30 <- 0x000001FFFFFFD804

mem[X,0x0000000080000DC0] -> 0x1F13
mem[X,0x0000000080000DC2] -> 0x00BF
[885] [M]: 0x0000000080000DC0 (0x00BF1F13) slli t5, t5, 0xb
x30 <- 0x000FFFFFFEC02000

mem[X,0x0000000080000DC4] -> 0x0F13
mem[X,0x0000000080000DC6] -> 0x02FF
[886] [M]: 0x0000000080000DC4 (0x02FF0F13) addi t5, t5, 0x2f
x30 <- 0x000FFFFFFEC0202F

mem[X,0x0000000080000DC8] -> 0x1F13
mem[X,0x0000000080000DCA] -> 0x00AF
[887] [M]: 0x0000000080000DC8 (0x00AF1F13) slli t5, t5, 0xa
x30 <- 0x3FFFFFFB0080BC00

mem[X,0x0000000080000DCC] -> 0x0F13
mem[X,0x0000000080000DCE] -> 0x3FFF
[888] [M]: 0x0000000080000DCC (0x3FFF0F13) addi t5, t5, 0x3ff
x30 <- 0x3FFFFFFB0080BFFF

mem[X,0x0000000080000DD0] -> 0x0EB7
mem[X,0x0000000080000DD2] -> 0x4001
[889] [M]: 0x0000000080000DD0 (0x40010EB7) lui t4, 0x40010
x29 <- 0x0000000040010000

mem[X,0x0000000080000DD4] -> 0x8E93
mem[X,0x0000000080000DD6] -> 0xFF9E
[890] [M]: 0x0000000080000DD4 (0xFF9E8E93) addi t4, t4, -0x7
x29 <- 0x000000004000FFF9

mem[X,0x0000000080000DD8] -> 0x9E93
mem[X,0x0000000080000DDA] -> 0x00BE
[891] [M]: 0x0000000080000DD8 (0x00BE9E93) slli t4, t4, 0xb
x29 <- 0x0000020007FFC800

mem[X,0x0000000080000DDC] -> 0x8E93
mem[X,0x0000000080000DDE] -> 0x1FFE
[892] [M]: 0x0000000080000DDC (0x1FFE8E93) addi t4, t4, 0x1ff
x29 <- 0x0000020007FFC9FF

mem[X,0x0000000080000DE0] -> 0x9E93
mem[X,0x0000000080000DE2] -> 0x00BE
[893] [M]: 0x0000000080000DE0 (0x00BE9E93) slli t4, t4, 0xb
x29 <- 0x0010003FFE4FF800

mem[X,0x0000000080000DE4] -> 0x8E93
mem[X,0x0000000080000DE6] -> 0x7CFE
[894] [M]: 0x0000000080000DE4 (0x7CFE8E93) addi t4, t4, 0x7cf
x29 <- 0x0010003FFE4FFFCF

mem[X,0x0000000080000DE8] -> 0x9E93
mem[X,0x0000000080000DEA] -> 0x00AE
[895] [M]: 0x0000000080000DE8 (0x00AE9E93) slli t4, t4, 0xa
x29 <- 0x4000FFF93FFF3C00

mem[X,0x0000000080000DEC] -> 0x8E93
mem[X,0x0000000080000DEE] -> 0x3FFE
[896] [M]: 0x0000000080000DEC (0x3FFE8E93) addi t4, t4, 0x3ff
x29 <- 0x4000FFF93FFF3FFF

mem[X,0x0000000080000DF0] -> 0x0FBB
mem[X,0x0000000080000DF2] -> 0x91DF
[897] [M]: 0x0000000080000DF0 (0x91DF0FBB) psadd.h t6, t5, t4
x31 <- 0x7FFFFFF4407FFFFE

mem[X,0x0000000080000DF4] -> 0xBC23
mem[X,0x0000000080000DF6] -> 0x05F0
[898] [M]: 0x0000000080000DF4 (0x05F0BC23) sd t6, 0x58(ra)
mem[0x0000000080004268] <- 0x7FFFFFF4407FFFFE

mem[X,0x0000000080000DF8] -> 0x0F37
mem[X,0x0000000080000DFA] -> 0xFFFD
[899] [M]: 0x0000000080000DF8 (0xFFFD0F37) lui t5, -0x30
x30 <- 0xFFFFFFFFFFFD0000

clint::tick mtime <- 0x0000000000000009
 clint timer pending at mtime 0x0000000000000009
htif::tick 0x0000000000000000
mem[X,0x0000000080000DFC] -> 0x0F13
mem[X,0x0000000080000DFE] -> 0x200F
[900] [M]: 0x0000000080000DFC (0x200F0F13) addi t5, t5, 0x200
x30 <- 0xFFFFFFFFFFFD0200

mem[X,0x0000000080000E00] -> 0x1F13
mem[X,0x0000000080000E02] -> 0x00BF
[901] [M]: 0x0000000080000E00 (0x00BF1F13) slli t5, t5, 0xb
x30 <- 0xFFFFFFFFE8100000

mem[X,0x0000000080000E04] -> 0x0F13
mem[X,0x0000000080000E06] -> 0x080F
[902] [M]: 0x0000000080000E04 (0x080F0F13) addi t5, t5, 0x80
x30 <- 0xFFFFFFFFE8100080

mem[X,0x0000000080000E08] -> 0x1F13
mem[X,0x0000000080000E0A] -> 0x00BF
[903] [M]: 0x0000000080000E08 (0x00BF1F13) slli t5, t5, 0xb
x30 <- 0xFFFFFF4080040000

mem[X,0x0000000080000E0C] -> 0x0F13
mem[X,0x0000000080000E0E] -> 0x008F
[904] [M]: 0x0000000080000E0C (0x008F0F13) addi t5, t5, 0x8
x30 <- 0xFFFFFF4080040008

mem[X,0x0000000080000E10] -> 0x1F13
mem[X,0x0000000080000E12] -> 0x00AF
[905] [M]: 0x0000000080000E10 (0x00AF1F13) slli t5, t5, 0xa
x30 <- 0xFFFD020010002000

mem[X,0x0000000080000E14] -> 0x0EB7
mem[X,0x0000000080000E16] -> 0xFFFE
[906] [M]: 0x0000000080000E14 (0xFFFE0EB7) lui t4, -0x20
x29 <- 0xFFFFFFFFFFFE0000

mem[X,0x0000000080000E18] -> 0x8E93
mem[X,0x0000000080000E1A] -> 0x001E
[907] [M]: 0x0000000080000E18 (0x001E8E93) addi t4, t4, 0x1
x29 <- 0xFFFFFFFFFFFE0001

mem[X,0x0000000080000E1C] -> 0x9E93
mem[X,0x0000000080000E1E] -> 0x00BE
[908] [M]: 0x0000000080000E1C (0x00BE9E93) slli t4, t4, 0xb
x29 <- 0xFFFFFFFFF0000800

mem[X,0x0000000080000E20] -> 0x8E93
mem[X,0x0000000080000E22] -> 0x000E
[909] [M]: 0x0000000080000E20 (0x000E8E93) addi t4, t4, 0x0
x29 <- 0xFFFFFFFFF0000800

mem[X,0x0000000080000E24] -> 0x9E93
mem[X,0x0000000080000E26] -> 0x00BE
[910] [M]: 0x0000000080000E24 (0x00BE9E93) slli t4, t4, 0xb
x29 <- 0xFFFFFF8000400000

mem[X,0x0000000080000E28] -> 0x8E93
mem[X,0x0000000080000E2A] -> 0x040E
[911] [M]: 0x0000000080000E28 (0x040E8E93) addi t4, t4, 0x40
x29 <- 0xFFFFFF8000400040

mem[X,0x0000000080000E2C] -> 0x9E93
mem[X,0x0000000080000E2E] -> 0x00AE
[912] [M]: 0x0000000080000E2C (0x00AE9E93) slli t4, t4, 0xa
x29 <- 0xFFFE000100010000

mem[X,0x0000000080000E30] -> 0x8E93
mem[X,0x0000000080000E32] -> 0x007E
[913] [M]: 0x0000000080000E30 (0x007E8E93) addi t4, t4, 0x7
x29 <- 0xFFFE000100010007

mem[X,0x0000000080000E34] -> 0x0FBB
mem[X,0x0000000080000E36] -> 0x91DF
[914] [M]: 0x0000000080000E34 (0x91DF0FBB) psadd.h t6, t5, t4
x31 <- 0xFFFB020110012007

mem[X,0x0000000080000E38] -> 0xB023
mem[X,0x0000000080000E3A] -> 0x07F0
[915] [M]: 0x0000000080000E38 (0x07F0B023) sd t6, 0x60(ra)
mem[0x0000000080004270] <- 0xFFFB020110012007

mem[X,0x0000000080000E3C] -> 0x0F37
mem[X,0x0000000080000E3E] -> 0x1000
[916] [M]: 0x0000000080000E3C (0x10000F37) lui t5, 0x10000
x30 <- 0x0000000010000000

mem[X,0x0000000080000E40] -> 0x0F13
mem[X,0x0000000080000E42] -> 0x100F
[917] [M]: 0x0000000080000E40 (0x100F0F13) addi t5, t5, 0x100
x30 <- 0x0000000010000100

mem[X,0x0000000080000E44] -> 0x1F13
mem[X,0x0000000080000E46] -> 0x00BF
[918] [M]: 0x0000000080000E44 (0x00BF1F13) slli t5, t5, 0xb
x30 <- 0x0000008000080000

mem[X,0x0000000080000E48] -> 0x0F13
mem[X,0x0000000080000E4A] -> 0x7DFF
[919] [M]: 0x0000000080000E48 (0x7DFF0F13) addi t5, t5, 0x7df
x30 <- 0x00000080000807DF

mem[X,0x0000000080000E4C] -> 0x1F13
mem[X,0x0000000080000E4E] -> 0x00BF
[920] [M]: 0x0000000080000E4C (0x00BF1F13) slli t5, t5, 0xb
x30 <- 0x00040000403EF800

mem[X,0x0000000080000E50] -> 0x0F13
mem[X,0x0000000080000E52] -> 0x7C0F
[921] [M]: 0x0000000080000E50 (0x7C0F0F13) addi t5, t5, 0x7c0
x30 <- 0x00040000403EFFC0

mem[X,0x0000000080000E54] -> 0x1F13
mem[X,0x0000000080000E56] -> 0x00AF
[922] [M]: 0x0000000080000E54 (0x00AF1F13) slli t5, t5, 0xa
x30 <- 0x10000100FBFF0000

mem[X,0x0000000080000E58] -> 0x0F13
mem[X,0x0000000080000E5A] -> 0x004F
[923] [M]: 0x0000000080000E58 (0x004F0F13) addi t5, t5, 0x4
x30 <- 0x10000100FBFF0004

mem[X,0x0000000080000E5C] -> 0x0EB7
mem[X,0x0000000080000E5E] -> 0xFF7F
[924] [M]: 0x0000000080000E5C (0xFF7F0EB7) lui t4, -0x810
x29 <- 0xFFFFFFFFFF7F0000

mem[X,0x0000000080000E60] -> 0x8E93
mem[X,0x0000000080000E62] -> 0x007E
[925] [M]: 0x0000000080000E60 (0x007E8E93) addi t4, t4, 0x7
x29 <- 0xFFFFFFFFFF7F0007

mem[X,0x0000000080000E64] -> 0x9E93
mem[X,0x0000000080000E66] -> 0x00BE
[926] [M]: 0x0000000080000E64 (0x00BE9E93) slli t4, t4, 0xb
x29 <- 0xFFFFFFFBF8003800

mem[X,0x0000000080000E68] -> 0x8E93
mem[X,0x0000000080000E6A] -> 0x000E
[927] [M]: 0x0000000080000E68 (0x000E8E93) addi t4, t4, 0x0
x29 <- 0xFFFFFFFBF8003800

mem[X,0x0000000080000E6C] -> 0x9E93
mem[X,0x0000000080000E6E] -> 0x00BE
[928] [M]: 0x0000000080000E6C (0x00BE9E93) slli t4, t4, 0xb
x29 <- 0xFFFFDFC001C00000

mem[X,0x0000000080000E70] -> 0x8E93
mem[X,0x0000000080000E72] -> 0x000E
[929] [M]: 0x0000000080000E70 (0x000E8E93) addi t4, t4, 0x0
x29 <- 0xFFFFDFC001C00000

mem[X,0x0000000080000E74] -> 0x9E93
mem[X,0x0000000080000E76] -> 0x00AE
[930] [M]: 0x0000000080000E74 (0x00AE9E93) slli t4, t4, 0xa
x29 <- 0xFF7F000700000000

mem[X,0x0000000080000E78] -> 0x8E93
mem[X,0x0000000080000E7A] -> 0x006E
[931] [M]: 0x0000000080000E78 (0x006E8E93) addi t4, t4, 0x6
x29 <- 0xFF7F000700000006

mem[X,0x0000000080000E7C] -> 0x0FBB
mem[X,0x0000000080000E7E] -> 0x91DF
[932] [M]: 0x0000000080000E7C (0x91DF0FBB) psadd.h t6, t5, t4
x31 <- 0x0F7F0107FBFF000A

mem[X,0x0000000080000E80] -> 0xB423
mem[X,0x0000000080000E82] -> 0x07F0
[933] [M]: 0x0000000080000E80 (0x07F0B423) sd t6, 0x68(ra)
mem[0x0000000080004278] <- 0x0F7F0107FBFF000A

mem[X,0x0000000080000E84] -> 0x0F37
mem[X,0x0000000080000E86] -> 0x0009
[934] [M]: 0x0000000080000E84 (0x00090F37) lui t5, 0x90
x30 <- 0x0000000000090000

mem[X,0x0000000080000E88] -> 0x0F13
mem[X,0x0000000080000E8A] -> 0xFFEF
[935] [M]: 0x0000000080000E88 (0xFFEF0F13) addi t5, t5, -0x2
x30 <- 0x000000000008FFFE

mem[X,0x0000000080000E8C] -> 0x1F13
mem[X,0x0000000080000E8E] -> 0x00BF
[936] [M]: 0x0000000080000E8C (0x00BF1F13) slli t5, t5, 0xb
x30 <- 0x0000000047FFF000

mem[X,0x0000000080000E90] -> 0x0F13
mem[X,0x0000000080000E92] -> 0x7FEF
[937] [M]: 0x0000000080000E90 (0x7FEF0F13) addi t5, t5, 0x7fe
x30 <- 0x0000000047FFF7FE

mem[X,0x0000000080000E94] -> 0x1F13
mem[X,0x0000000080000E96] -> 0x00BF
[938] [M]: 0x0000000080000E94 (0x00BF1F13) slli t5, t5, 0xb
x30 <- 0x0000023FFFBFF000

mem[X,0x0000000080000E98] -> 0x0F13
mem[X,0x0000000080000E9A] -> 0x7C0F
[939] [M]: 0x0000000080000E98 (0x7C0F0F13) addi t5, t5, 0x7c0
x30 <- 0x0000023FFFBFF7C0

mem[X,0x0000000080000E9C] -> 0x1F13
mem[X,0x0000000080000E9E] -> 0x00AF
[940] [M]: 0x0000000080000E9C (0x00AF1F13) slli t5, t5, 0xa
x30 <- 0x0008FFFEFFDF0000

mem[X,0x0000000080000EA0] -> 0x0F13
mem[X,0x0000000080000EA2] -> 0x005F
[941] [M]: 0x0000000080000EA0 (0x005F0F13) addi t5, t5, 0x5
x30 <- 0x0008FFFEFFDF0005

mem[X,0x0000000080000EA4] -> 0x0EB7
mem[X,0x0000000080000EA6] -> 0xFEFF
[942] [M]: 0x0000000080000EA4 (0xFEFF0EB7) lui t4, -0x1010
x29 <- 0xFFFFFFFFFEFF0000

mem[X,0x0000000080000EA8] -> 0x8E93
mem[X,0x0000000080000EAA] -> 0x003E
[943] [M]: 0x0000000080000EA8 (0x003E8E93) addi t4, t4, 0x3
x29 <- 0xFFFFFFFFFEFF0003

mem[X,0x0000000080000EAC] -> 0x9E93
mem[X,0x0000000080000EAE] -> 0x00BE
[944] [M]: 0x0000000080000EAC (0x00BE9E93) slli t4, t4, 0xb
x29 <- 0xFFFFFFF7F8001800

mem[X,0x0000000080000EB0] -> 0x8E93
mem[X,0x0000000080000EB2] -> 0x7FBE
[945] [M]: 0x0000000080000EB0 (0x7FBE8E93) addi t4, t4, 0x7fb
x29 <- 0xFFFFFFF7F8001FFB

mem[X,0x0000000080000EB4] -> 0x9E93
mem[X,0x0000000080000EB6] -> 0x00BE
[946] [M]: 0x0000000080000EB4 (0x00BE9E93) slli t4, t4, 0xb
x29 <- 0xFFFFBFC000FFD800

mem[X,0x0000000080000EB8] -> 0x8E93
mem[X,0x0000000080000EBA] -> 0x7FFE
[947] [M]: 0x0000000080000EB8 (0x7FFE8E93) addi t4, t4, 0x7ff
x29 <- 0xFFFFBFC000FFDFFF

mem[X,0x0000000080000EBC] -> 0x9E93
mem[X,0x0000000080000EBE] -> 0x00AE
[948] [M]: 0x0000000080000EBC (0x00AE9E93) slli t4, t4, 0xa
x29 <- 0xFEFF0003FF7FFC00

mem[X,0x0000000080000EC0] -> 0x8E93
mem[X,0x0000000080000EC2] -> 0x3FFE
[949] [M]: 0x0000000080000EC0 (0x3FFE8E93) addi t4, t4, 0x3ff
x29 <- 0xFEFF0003FF7FFFFF

mem[X,0x0000000080000EC4] -> 0x0FBB
mem[X,0x0000000080000EC6] -> 0x91DF
[950] [M]: 0x0000000080000EC4 (0x91DF0FBB) psadd.h t6, t5, t4
x31 <- 0xFF070001FF5E0004

mem[X,0x0000000080000EC8] -> 0xB823
mem[X,0x0000000080000ECA] -> 0x07F0
[951] [M]: 0x0000000080000EC8 (0x07F0B823) sd t6, 0x70(ra)
mem[0x0000000080004280] <- 0xFF070001FF5E0004

mem[X,0x0000000080000ECC] -> 0x0F37
mem[X,0x0000000080000ECE] -> 0x0200
[952] [M]: 0x0000000080000ECC (0x02000F37) lui t5, 0x2000
x30 <- 0x0000000002000000

mem[X,0x0000000080000ED0] -> 0x0F13
mem[X,0x0000000080000ED2] -> 0x002F
[953] [M]: 0x0000000080000ED0 (0x002F0F13) addi t5, t5, 0x2
x30 <- 0x0000000002000002

mem[X,0x0000000080000ED4] -> 0x1F13
mem[X,0x0000000080000ED6] -> 0x00BF
[954] [M]: 0x0000000080000ED4 (0x00BF1F13) slli t5, t5, 0xb
x30 <- 0x0000001000001000

mem[X,0x0000000080000ED8] -> 0x0F13
mem[X,0x0000000080000EDA] -> 0x000F
[955] [M]: 0x0000000080000ED8 (0x000F0F13) addi t5, t5, 0x0
x30 <- 0x0000001000001000

mem[X,0x0000000080000EDC] -> 0x1F13
mem[X,0x0000000080000EDE] -> 0x00BF
[956] [M]: 0x0000000080000EDC (0x00BF1F13) slli t5, t5, 0xb
x30 <- 0x0000800000800000

mem[X,0x0000000080000EE0] -> 0x0F13
mem[X,0x0000000080000EE2] -> 0x17FF
[957] [M]: 0x0000000080000EE0 (0x17FF0F13) addi t5, t5, 0x17f
x30 <- 0x000080000080017F

mem[X,0x0000000080000EE4] -> 0x1F13
mem[X,0x0000000080000EE6] -> 0x00AF
[958] [M]: 0x0000000080000EE4 (0x00AF1F13) slli t5, t5, 0xa
x30 <- 0x020000020005FC00

mem[X,0x0000000080000EE8] -> 0x0F13
mem[X,0x0000000080000EEA] -> 0x3FFF
[959] [M]: 0x0000000080000EE8 (0x3FFF0F13) addi t5, t5, 0x3ff
x30 <- 0x020000020005FFFF

mem[X,0x0000000080000EEC] -> 0x0EB7
mem[X,0x0000000080000EEE] -> 0xFC00
[960] [M]: 0x0000000080000EEC (0xFC000EB7) lui t4, -0x4000
x29 <- 0xFFFFFFFFFC000000

mem[X,0x0000000080000EF0] -> 0x8E93
mem[X,0x0000000080000EF2] -> 0xFF7E
[961] [M]: 0x0000000080000EF0 (0xFF7E8E93) addi t4, t4, -0x9
x29 <- 0xFFFFFFFFFBFFFFF7

mem[X,0x0000000080000EF4] -> 0x9E93
mem[X,0x0000000080000EF6] -> 0x00BE
[962] [M]: 0x0000000080000EF4 (0x00BE9E93) slli t4, t4, 0xb
x29 <- 0xFFFFFFDFFFFFB800

mem[X,0x0000000080000EF8] -> 0x8E93
mem[X,0x0000000080000EFA] -> 0x000E
[963] [M]: 0x0000000080000EF8 (0x000E8E93) addi t4, t4, 0x0
x29 <- 0xFFFFFFDFFFFFB800

mem[X,0x0000000080000EFC] -> 0x9E93
mem[X,0x0000000080000EFE] -> 0x00BE
[964] [M]: 0x0000000080000EFC (0x00BE9E93) slli t4, t4, 0xb
x29 <- 0xFFFEFFFFFDC00000

mem[X,0x0000000080000F00] -> 0x8E93
mem[X,0x0000000080000F02] -> 0x43EE
[965] [M]: 0x0000000080000F00 (0x43EE8E93) addi t4, t4, 0x43e
x29 <- 0xFFFEFFFFFDC0043E

mem[X,0x0000000080000F04] -> 0x9E93
mem[X,0x0000000080000F06] -> 0x00AE
[966] [M]: 0x0000000080000F04 (0x00AE9E93) slli t4, t4, 0xa
x29 <- 0xFBFFFFF70010F800

mem[X,0x0000000080000F08] -> 0x8E93
mem[X,0x0000000080000F0A] -> 0x3FFE
[967] [M]: 0x0000000080000F08 (0x3FFE8E93) addi t4, t4, 0x3ff
x29 <- 0xFBFFFFF70010FBFF

mem[X,0x0000000080000F0C] -> 0x0FBB
mem[X,0x0000000080000F0E] -> 0x91DF
[968] [M]: 0x0000000080000F0C (0x91DF0FBB) psadd.h t6, t5, t4
x31 <- 0xFDFFFFF90015FBFE

mem[X,0x0000000080000F10] -> 0xBC23
mem[X,0x0000000080000F12] -> 0x07F0
[969] [M]: 0x0000000080000F10 (0x07F0BC23) sd t6, 0x78(ra)
mem[0x0000000080004288] <- 0xFDFFFFF90015FBFE

mem[X,0x0000000080000F14] -> 0x0F37
mem[X,0x0000000080000F16] -> 0xFFFD
[970] [M]: 0x0000000080000F14 (0xFFFD0F37) lui t5, -0x30
x30 <- 0xFFFFFFFFFFFD0000

mem[X,0x0000000080000F18] -> 0x0F13
mem[X,0x0000000080000F1A] -> 0x020F
[971] [M]: 0x0000000080000F18 (0x020F0F13) addi t5, t5, 0x20
x30 <- 0xFFFFFFFFFFFD0020

mem[X,0x0000000080000F1C] -> 0x1F13
mem[X,0x0000000080000F1E] -> 0x00BF
[972] [M]: 0x0000000080000F1C (0x00BF1F13) slli t5, t5, 0xb
x30 <- 0xFFFFFFFFE8010000

mem[X,0x0000000080000F20] -> 0x0F13
mem[X,0x0000000080000F22] -> 0x600F
[973] [M]: 0x0000000080000F20 (0x600F0F13) addi t5, t5, 0x600
x30 <- 0xFFFFFFFFE8010600

mem[X,0x0000000080000F24] -> 0x1F13
mem[X,0x0000000080000F26] -> 0x00BF
[974] [M]: 0x0000000080000F24 (0x00BF1F13) slli t5, t5, 0xb
x30 <- 0xFFFFFF4008300000

mem[X,0x0000000080000F28] -> 0x0F13
mem[X,0x0000000080000F2A] -> 0x000F
[975] [M]: 0x0000000080000F28 (0x000F0F13) addi t5, t5, 0x0
x30 <- 0xFFFFFF4008300000

mem[X,0x0000000080000F2C] -> 0x1F13
mem[X,0x0000000080000F2E] -> 0x00AF
[976] [M]: 0x0000000080000F2C (0x00AF1F13) slli t5, t5, 0xa
x30 <- 0xFFFD0020C0000000

mem[X,0x0000000080000F30] -> 0x0F13
mem[X,0x0000000080000F32] -> 0x200F
[977] [M]: 0x0000000080000F30 (0x200F0F13) addi t5, t5, 0x200
x30 <- 0xFFFD0020C0000200

mem[X,0x0000000080000F34] -> 0x0EB7
mem[X,0x0000000080000F36] -> 0xF7FF
[978] [M]: 0x0000000080000F34 (0xF7FF0EB7) lui t4, -0x8010
x29 <- 0xFFFFFFFFF7FF0000

mem[X,0x0000000080000F38] -> 0x8E93
mem[X,0x0000000080000F3A] -> 0x000E
[979] [M]: 0x0000000080000F38 (0x000E8E93) addi t4, t4, 0x0
x29 <- 0xFFFFFFFFF7FF0000

mem[X,0x0000000080000F3C] -> 0x9E93
mem[X,0x0000000080000F3E] -> 0x00BE
[980] [M]: 0x0000000080000F3C (0x00BE9E93) slli t4, t4, 0xb
x29 <- 0xFFFFFFBFF8000000

mem[X,0x0000000080000F40] -> 0x8E93
mem[X,0x0000000080000F42] -> 0x040E
[981] [M]: 0x0000000080000F40 (0x040E8E93) addi t4, t4, 0x40
x29 <- 0xFFFFFFBFF8000040

mem[X,0x0000000080000F44] -> 0x9E93
mem[X,0x0000000080000F46] -> 0x00BE
[982] [M]: 0x0000000080000F44 (0x00BE9E93) slli t4, t4, 0xb
x29 <- 0xFFFDFFC000020000

mem[X,0x0000000080000F48] -> 0x8E93
mem[X,0x0000000080000F4A] -> 0x02AE
[983] [M]: 0x0000000080000F48 (0x02AE8E93) addi t4, t4, 0x2a
x29 <- 0xFFFDFFC00002002A

mem[X,0x0000000080000F4C] -> 0x9E93
mem[X,0x0000000080000F4E] -> 0x00AE
[984] [M]: 0x0000000080000F4C (0x00AE9E93) slli t4, t4, 0xa
x29 <- 0xF7FF00000800A800

mem[X,0x0000000080000F50] -> 0x8E93
mem[X,0x0000000080000F52] -> 0x2AAE
[985] [M]: 0x0000000080000F50 (0x2AAE8E93) addi t4, t4, 0x2aa
x29 <- 0xF7FF00000800AAAA

mem[X,0x0000000080000F54] -> 0x0FBB
mem[X,0x0000000080000F56] -> 0x91DF
[986] [M]: 0x0000000080000F54 (0x91DF0FBB) psadd.h t6, t5, t4
x31 <- 0xF7FC0020C800ACAA

mem[X,0x0000000080000F58] -> 0xB023
mem[X,0x0000000080000F5A] -> 0x09F0
[987] [M]: 0x0000000080000F58 (0x09F0B023) sd t6, 0x80(ra)
mem[0x0000000080004290] <- 0xF7FC0020C800ACAA

mem[X,0x0000000080000F5C] -> 0x0F37
mem[X,0x0000000080000F5E] -> 0x0001
[988] [M]: 0x0000000080000F5C (0x00010F37) lui t5, 0x10
x30 <- 0x0000000000010000

mem[X,0x0000000080000F60] -> 0x0F13
mem[X,0x0000000080000F62] -> 0xFFCF
[989] [M]: 0x0000000080000F60 (0xFFCF0F13) addi t5, t5, -0x4
x30 <- 0x000000000000FFFC

mem[X,0x0000000080000F64] -> 0x1F13
mem[X,0x0000000080000F66] -> 0x00BF
[990] [M]: 0x0000000080000F64 (0x00BF1F13) slli t5, t5, 0xb
x30 <- 0x0000000007FFE000

mem[X,0x0000000080000F68] -> 0x0F13
mem[X,0x0000000080000F6A] -> 0x3FFF
[991] [M]: 0x0000000080000F68 (0x3FFF0F13) addi t5, t5, 0x3ff
x30 <- 0x0000000007FFE3FF

mem[X,0x0000000080000F6C] -> 0x1F13
mem[X,0x0000000080000F6E] -> 0x00BF
[992] [M]: 0x0000000080000F6C (0x00BF1F13) slli t5, t5, 0xb
x30 <- 0x0000003FFF1FF800

mem[X,0x0000000080000F70] -> 0x0F13
mem[X,0x0000000080000F72] -> 0x7FFF
[993] [M]: 0x0000000080000F70 (0x7FFF0F13) addi t5, t5, 0x7ff
x30 <- 0x0000003FFF1FFFFF

mem[X,0x0000000080000F74] -> 0x1F13
mem[X,0x0000000080000F76] -> 0x00AF
[994] [M]: 0x0000000080000F74 (0x00AF1F13) slli t5, t5, 0xa
x30 <- 0x0000FFFC7FFFFC00

mem[X,0x0000000080000F78] -> 0x0F13
mem[X,0x0000000080000F7A] -> 0x3FCF
[995] [M]: 0x0000000080000F78 (0x3FCF0F13) addi t5, t5, 0x3fc
x30 <- 0x0000FFFC7FFFFFFC

mem[X,0x0000000080000F7C] -> 0x8EB7
mem[X,0x0000000080000F7E] -> 0xDFFF
[996] [M]: 0x0000000080000F7C (0xDFFF8EB7) lui t4, -0x20008
x29 <- 0xFFFFFFFFDFFF8000

mem[X,0x0000000080000F80] -> 0x8E93
mem[X,0x0000000080000F82] -> 0xFFFE
[997] [M]: 0x0000000080000F80 (0xFFFE8E93) addi t4, t4, -0x1
x29 <- 0xFFFFFFFFDFFF7FFF

mem[X,0x0000000080000F84] -> 0x9E93
mem[X,0x0000000080000F86] -> 0x00BE
[998] [M]: 0x0000000080000F84 (0x00BE9E93) slli t4, t4, 0xb
x29 <- 0xFFFFFEFFFBFFF800

mem[X,0x0000000080000F88] -> 0x8E93
mem[X,0x0000000080000F8A] -> 0x004E
[999] [M]: 0x0000000080000F88 (0x004E8E93) addi t4, t4, 0x4
x29 <- 0xFFFFFEFFFBFFF804

clint::tick mtime <- 0x000000000000000A
 clint timer pending at mtime 0x000000000000000A
htif::tick 0x0000000000000000
mem[X,0x0000000080000F8C] -> 0x9E93
mem[X,0x0000000080000F8E] -> 0x00BE
[1000] [M]: 0x0000000080000F8C (0x00BE9E93) slli t4, t4, 0xb
x29 <- 0xFFF7FFDFFFC02000

mem[X,0x0000000080000F90] -> 0x8E93
mem[X,0x0000000080000F92] -> 0x000E
[1001] [M]: 0x0000000080000F90 (0x000E8E93) addi t4, t4, 0x0
x29 <- 0xFFF7FFDFFFC02000

mem[X,0x0000000080000F94] -> 0x9E93
mem[X,0x0000000080000F96] -> 0x00AE
[1002] [M]: 0x0000000080000F94 (0x00AE9E93) slli t4, t4, 0xa
x29 <- 0xDFFF7FFF00800000

mem[X,0x0000000080000F98] -> 0x8E93
mem[X,0x0000000080000F9A] -> 0x001E
[1003] [M]: 0x0000000080000F98 (0x001E8E93) addi t4, t4, 0x1
x29 <- 0xDFFF7FFF00800001

mem[X,0x0000000080000F9C] -> 0x0FBB
mem[X,0x0000000080000F9E] -> 0x91DF
[1004] [M]: 0x0000000080000F9C (0x91DF0FBB) psadd.h t6, t5, t4
x31 <- 0xDFFF7FFB7FFFFFFD

mem[X,0x0000000080000FA0] -> 0xB423
mem[X,0x0000000080000FA2] -> 0x09F0
[1005] [M]: 0x0000000080000FA0 (0x09F0B423) sd t6, 0x88(ra)
mem[0x0000000080004298] <- 0xDFFF7FFB7FFFFFFD

mem[X,0x0000000080000FA4] -> 0x0F37
mem[X,0x0000000080000FA6] -> 0xFFFC
[1006] [M]: 0x0000000080000FA4 (0xFFFC0F37) lui t5, -0x40
x30 <- 0xFFFFFFFFFFFC0000

mem[X,0x0000000080000FA8] -> 0x0F13
mem[X,0x0000000080000FAA] -> 0xFF7F
[1007] [M]: 0x0000000080000FA8 (0xFF7F0F13) addi t5, t5, -0x9
x30 <- 0xFFFFFFFFFFFBFFF7

mem[X,0x0000000080000FAC] -> 0x1F13
mem[X,0x0000000080000FAE] -> 0x00BF
[1008] [M]: 0x0000000080000FAC (0x00BF1F13) slli t5, t5, 0xb
x30 <- 0xFFFFFFFFDFFFB800

mem[X,0x0000000080000FB0] -> 0x0F13
mem[X,0x0000000080000FB2] -> 0x400F
[1009] [M]: 0x0000000080000FB0 (0x400F0F13) addi t5, t5, 0x400
x30 <- 0xFFFFFFFFDFFFBC00

mem[X,0x0000000080000FB4] -> 0x1F13
mem[X,0x0000000080000FB6] -> 0x00BF
[1010] [M]: 0x0000000080000FB4 (0x00BF1F13) slli t5, t5, 0xb
x30 <- 0xFFFFFEFFFDE00000

mem[X,0x0000000080000FB8] -> 0x0F13
mem[X,0x0000000080000FBA] -> 0x02AF
[1011] [M]: 0x0000000080000FB8 (0x02AF0F13) addi t5, t5, 0x2a
x30 <- 0xFFFFFEFFFDE0002A

mem[X,0x0000000080000FBC] -> 0x1F13
mem[X,0x0000000080000FBE] -> 0x00AF
[1012] [M]: 0x0000000080000FBC (0x00AF1F13) slli t5, t5, 0xa
x30 <- 0xFFFBFFF78000A800

mem[X,0x0000000080000FC0] -> 0x0F13
mem[X,0x0000000080000FC2] -> 0x2AAF
[1013] [M]: 0x0000000080000FC0 (0x2AAF0F13) addi t5, t5, 0x2aa
x30 <- 0xFFFBFFF78000AAAA

mem[X,0x0000000080000FC4] -> 0xCEB7
mem[X,0x0000000080000FC6] -> 0xFEFF
[1014] [M]: 0x0000000080000FC4 (0xFEFFCEB7) lui t4, -0x1004
x29 <- 0xFFFFFFFFFEFFC000

mem[X,0x0000000080000FC8] -> 0x8E93
mem[X,0x0000000080000FCA] -> 0x000E
[1015] [M]: 0x0000000080000FC8 (0x000E8E93) addi t4, t4, 0x0
x29 <- 0xFFFFFFFFFEFFC000

mem[X,0x0000000080000FCC] -> 0x9E93
mem[X,0x0000000080000FCE] -> 0x00BE
[1016] [M]: 0x0000000080000FCC (0x00BE9E93) slli t4, t4, 0xb
x29 <- 0xFFFFFFF7FE000000

mem[X,0x0000000080000FD0] -> 0x8E93
mem[X,0x0000000080000FD2] -> 0x2AAE
[1017] [M]: 0x0000000080000FD0 (0x2AAE8E93) addi t4, t4, 0x2aa
x29 <- 0xFFFFFFF7FE0002AA

mem[X,0x0000000080000FD4] -> 0x9E93
mem[X,0x0000000080000FD6] -> 0x00BE
[1018] [M]: 0x0000000080000FD4 (0x00BE9E93) slli t4, t4, 0xb
x29 <- 0xFFFFBFF000155000

mem[X,0x0000000080000FD8] -> 0x8E93
mem[X,0x0000000080000FDA] -> 0x541E
[1019] [M]: 0x0000000080000FD8 (0x541E8E93) addi t4, t4, 0x541
x29 <- 0xFFFFBFF000155541

mem[X,0x0000000080000FDC] -> 0x9E93
mem[X,0x0000000080000FDE] -> 0x00AE
[1020] [M]: 0x0000000080000FDC (0x00AE9E93) slli t4, t4, 0xa
x29 <- 0xFEFFC00055550400

mem[X,0x0000000080000FE0] -> 0x0FBB
mem[X,0x0000000080000FE2] -> 0x91DF
[1021] [M]: 0x0000000080000FE0 (0x91DF0FBB) psadd.h t6, t5, t4
x31 <- 0xFEFABFF7D555AEAA

mem[X,0x0000000080000FE4] -> 0xB823
mem[X,0x0000000080000FE6] -> 0x09F0
[1022] [M]: 0x0000000080000FE4 (0x09F0B823) sd t6, 0x90(ra)
mem[0x00000000800042A0] <- 0xFEFABFF7D555AEAA

mem[X,0x0000000080000FE8] -> 0xCF37
mem[X,0x0000000080000FEA] -> 0xFFFE
[1023] [M]: 0x0000000080000FE8 (0xFFFECF37) lui t5, -0x14
x30 <- 0xFFFFFFFFFFFEC000

mem[X,0x0000000080000FEC] -> 0x0F13
mem[X,0x0000000080000FEE] -> 0x000F
[1024] [M]: 0x0000000080000FEC (0x000F0F13) addi t5, t5, 0x0
x30 <- 0xFFFFFFFFFFFEC000

mem[X,0x0000000080000FF0] -> 0x1F13
mem[X,0x0000000080000FF2] -> 0x00BF
[1025] [M]: 0x0000000080000FF0 (0x00BF1F13) slli t5, t5, 0xb
x30 <- 0xFFFFFFFFF6000000

mem[X,0x0000000080000FF4] -> 0x0F13
mem[X,0x0000000080000FF6] -> 0x000F
[1026] [M]: 0x0000000080000FF4 (0x000F0F13) addi t5, t5, 0x0
x30 <- 0xFFFFFFFFF6000000

mem[X,0x0000000080000FF8] -> 0x1F13
mem[X,0x0000000080000FFA] -> 0x00BF
[1027] [M]: 0x0000000080000FF8 (0x00BF1F13) slli t5, t5, 0xb
x30 <- 0xFFFFFFB000000000

mem[X,0x0000000080000FFC] -> 0x0F13
mem[X,0x0000000080000FFE] -> 0x400F
[1028] [M]: 0x0000000080000FFC (0x400F0F13) addi t5, t5, 0x400
x30 <- 0xFFFFFFB000000400

mem[X,0x0000000080001000] -> 0x1F13
mem[X,0x0000000080001002] -> 0x00AF
[1029] [M]: 0x0000000080001000 (0x00AF1F13) slli t5, t5, 0xa
x30 <- 0xFFFEC00000100000

mem[X,0x0000000080001004] -> 0x0F13
mem[X,0x0000000080001006] -> 0x001F
[1030] [M]: 0x0000000080001004 (0x001F0F13) addi t5, t5, 0x1
x30 <- 0xFFFEC00000100001

mem[X,0x0000000080001008] -> 0x0EB7
mem[X,0x000000008000100A] -> 0xC000
[1031] [M]: 0x0000000080001008 (0xC0000EB7) lui t4, -0x40000
x29 <- 0xFFFFFFFFC0000000

mem[X,0x000000008000100C] -> 0x8E93
mem[X,0x000000008000100E] -> 0x002E
[1032] [M]: 0x000000008000100C (0x002E8E93) addi t4, t4, 0x2
x29 <- 0xFFFFFFFFC0000002

mem[X,0x0000000080001010] -> 0x9E93
mem[X,0x0000000080001012] -> 0x00BE
[1033] [M]: 0x0000000080001010 (0x00BE9E93) slli t4, t4, 0xb
x29 <- 0xFFFFFE0000001000

mem[X,0x0000000080001014] -> 0x8E93
mem[X,0x0000000080001016] -> 0x7FBE
[1034] [M]: 0x0000000080001014 (0x7FBE8E93) addi t4, t4, 0x7fb
x29 <- 0xFFFFFE00000017FB

mem[X,0x0000000080001018] -> 0x9E93
mem[X,0x000000008000101A] -> 0x00BE
[1035] [M]: 0x0000000080001018 (0x00BE9E93) slli t4, t4, 0xb
x29 <- 0xFFF0000000BFD800

mem[X,0x000000008000101C] -> 0x8E93
mem[X,0x000000008000101E] -> 0x7C0E
[1036] [M]: 0x000000008000101C (0x7C0E8E93) addi t4, t4, 0x7c0
x29 <- 0xFFF0000000BFDFC0

mem[X,0x0000000080001020] -> 0x9E93
mem[X,0x0000000080001022] -> 0x00AE
[1037] [M]: 0x0000000080001020 (0x00AE9E93) slli t4, t4, 0xa
x29 <- 0xC0000002FF7F0000

mem[X,0x0000000080001024] -> 0x8E93
mem[X,0x0000000080001026] -> 0x001E
[1038] [M]: 0x0000000080001024 (0x001E8E93) addi t4, t4, 0x1
x29 <- 0xC0000002FF7F0001

mem[X,0x0000000080001028] -> 0x0FBB
mem[X,0x000000008000102A] -> 0x91DF
[1039] [M]: 0x0000000080001028 (0x91DF0FBB) psadd.h t6, t5, t4
x31 <- 0xBFFEC002FF8F0002

mem[X,0x000000008000102C] -> 0xBC23
mem[X,0x000000008000102E] -> 0x09F0
[1040] [M]: 0x000000008000102C (0x09F0BC23) sd t6, 0x98(ra)
mem[0x00000000800042A8] <- 0xBFFEC002FF8F0002

mem[X,0x0000000080001030] -> 0x0F37
mem[X,0x0000000080001032] -> 0x0005
[1041] [M]: 0x0000000080001030 (0x00050F37) lui t5, 0x50
x30 <- 0x0000000000050000

mem[X,0x0000000080001034] -> 0x0F13
mem[X,0x0000000080001036] -> 0xEFFF
[1042] [M]: 0x0000000080001034 (0xEFFF0F13) addi t5, t5, -0x101
x30 <- 0x000000000004FEFF

mem[X,0x0000000080001038] -> 0x1F13
mem[X,0x000000008000103A] -> 0x00BF
[1043] [M]: 0x0000000080001038 (0x00BF1F13) slli t5, t5, 0xb
x30 <- 0x0000000027F7F800

mem[X,0x000000008000103C] -> 0x0F13
mem[X,0x000000008000103E] -> 0x7FFF
[1044] [M]: 0x000000008000103C (0x7FFF0F13) addi t5, t5, 0x7ff
x30 <- 0x0000000027F7FFFF

mem[X,0x0000000080001040] -> 0x1F13
mem[X,0x0000000080001042] -> 0x00BF
[1045] [M]: 0x0000000080001040 (0x00BF1F13) slli t5, t5, 0xb
x30 <- 0x0000013FBFFFF800

mem[X,0x0000000080001044] -> 0x0F13
mem[X,0x0000000080001046] -> 0x7C0F
[1046] [M]: 0x0000000080001044 (0x7C0F0F13) addi t5, t5, 0x7c0
x30 <- 0x0000013FBFFFFFC0

mem[X,0x0000000080001048] -> 0x1F13
mem[X,0x000000008000104A] -> 0x00AF
[1047] [M]: 0x0000000080001048 (0x00AF1F13) slli t5, t5, 0xa
x30 <- 0x0004FEFFFFFF0000

mem[X,0x000000008000104C] -> 0x0F13
mem[X,0x000000008000104E] -> 0x009F
[1048] [M]: 0x000000008000104C (0x009F0F13) addi t5, t5, 0x9
x30 <- 0x0004FEFFFFFF0009

mem[X,0x0000000080001050] -> 0x0EB7
mem[X,0x0000000080001052] -> 0xFFFF
[1049] [M]: 0x0000000080001050 (0xFFFF0EB7) lui t4, -0x10
x29 <- 0xFFFFFFFFFFFF0000

mem[X,0x0000000080001054] -> 0x8E93
mem[X,0x0000000080001056] -> 0x010E
[1050] [M]: 0x0000000080001054 (0x010E8E93) addi t4, t4, 0x10
x29 <- 0xFFFFFFFFFFFF0010

mem[X,0x0000000080001058] -> 0x9E93
mem[X,0x000000008000105A] -> 0x00BE
[1051] [M]: 0x0000000080001058 (0x00BE9E93) slli t4, t4, 0xb
x29 <- 0xFFFFFFFFF8008000

mem[X,0x000000008000105C] -> 0x8E93
mem[X,0x000000008000105E] -> 0x7FFE
[1052] [M]: 0x000000008000105C (0x7FFE8E93) addi t4, t4, 0x7ff
x29 <- 0xFFFFFFFFF80087FF

mem[X,0x0000000080001060] -> 0x9E93
mem[X,0x0000000080001062] -> 0x00BE
[1053] [M]: 0x0000000080001060 (0x00BE9E93) slli t4, t4, 0xb
x29 <- 0xFFFFFFC0043FF800

mem[X,0x0000000080001064] -> 0x8E93
mem[X,0x0000000080001066] -> 0x70FE
[1054] [M]: 0x0000000080001064 (0x70FE8E93) addi t4, t4, 0x70f
x29 <- 0xFFFFFFC0043FFF0F

mem[X,0x0000000080001068] -> 0x9E93
mem[X,0x000000008000106A] -> 0x00AE
[1055] [M]: 0x0000000080001068 (0x00AE9E93) slli t4, t4, 0xa
x29 <- 0xFFFF0010FFFC3C00

mem[X,0x000000008000106C] -> 0x8E93
mem[X,0x000000008000106E] -> 0x3FFE
[1056] [M]: 0x000000008000106C (0x3FFE8E93) addi t4, t4, 0x3ff
x29 <- 0xFFFF0010FFFC3FFF

mem[X,0x0000000080001070] -> 0x0FBB
mem[X,0x0000000080001072] -> 0x91DF
[1057] [M]: 0x0000000080001070 (0x91DF0FBB) psadd.h t6, t5, t4
x31 <- 0x0003FF0FFFFB4008

mem[X,0x0000000080001074] -> 0xB023
mem[X,0x0000000080001076] -> 0x0BF0
[1058] [M]: 0x0000000080001074 (0x0BF0B023) sd t6, 0xa0(ra)
mem[0x00000000800042B0] <- 0x0003FF0FFFFB4008

mem[X,0x0000000080001078] -> 0x4F37
mem[X,0x000000008000107A] -> 0xFEFF
[1059] [M]: 0x0000000080001078 (0xFEFF4F37) lui t5, -0x100c
x30 <- 0xFFFFFFFFFEFF4000

mem[X,0x000000008000107C] -> 0x0F13
mem[X,0x000000008000107E] -> 0x000F
[1060] [M]: 0x000000008000107C (0x000F0F13) addi t5, t5, 0x0
x30 <- 0xFFFFFFFFFEFF4000

mem[X,0x0000000080001080] -> 0x1F13
mem[X,0x0000000080001082] -> 0x00BF
[1061] [M]: 0x0000000080001080 (0x00BF1F13) slli t5, t5, 0xb
x30 <- 0xFFFFFFF7FA000000

mem[X,0x0000000080001084] -> 0x0F13
mem[X,0x0000000080001086] -> 0x000F
[1062] [M]: 0x0000000080001084 (0x000F0F13) addi t5, t5, 0x0
x30 <- 0xFFFFFFF7FA000000

mem[X,0x0000000080001088] -> 0x1F13
mem[X,0x000000008000108A] -> 0x00BF
[1063] [M]: 0x0000000080001088 (0x00BF1F13) slli t5, t5, 0xb
x30 <- 0xFFFFBFD000000000

mem[X,0x000000008000108C] -> 0x0F13
mem[X,0x000000008000108E] -> 0x13FF
[1064] [M]: 0x000000008000108C (0x13FF0F13) addi t5, t5, 0x13f
x30 <- 0xFFFFBFD00000013F

mem[X,0x0000000080001090] -> 0x1F13
mem[X,0x0000000080001092] -> 0x00AF
[1065] [M]: 0x0000000080001090 (0x00AF1F13) slli t5, t5, 0xa
x30 <- 0xFEFF40000004FC00

mem[X,0x0000000080001094] -> 0x0F13
mem[X,0x0000000080001096] -> 0x3F6F
[1066] [M]: 0x0000000080001094 (0x3F6F0F13) addi t5, t5, 0x3f6
x30 <- 0xFEFF40000004FFF6

mem[X,0x0000000080001098] -> 0x0EB7
mem[X,0x000000008000109A] -> 0x0009
[1067] [M]: 0x0000000080001098 (0x00090EB7) lui t4, 0x90
x29 <- 0x0000000000090000

mem[X,0x000000008000109C] -> 0x8E93
mem[X,0x000000008000109E] -> 0x002E
[1068] [M]: 0x000000008000109C (0x002E8E93) addi t4, t4, 0x2
x29 <- 0x0000000000090002

mem[X,0x00000000800010A0] -> 0x9E93
mem[X,0x00000000800010A2] -> 0x00BE
[1069] [M]: 0x00000000800010A0 (0x00BE9E93) slli t4, t4, 0xb
x29 <- 0x0000000048001000

mem[X,0x00000000800010A4] -> 0x8E93
mem[X,0x00000000800010A6] -> 0x7FFE
[1070] [M]: 0x00000000800010A4 (0x7FFE8E93) addi t4, t4, 0x7ff
x29 <- 0x00000000480017FF

mem[X,0x00000000800010A8] -> 0x9E93
mem[X,0x00000000800010AA] -> 0x00BE
[1071] [M]: 0x00000000800010A8 (0x00BE9E93) slli t4, t4, 0xb
x29 <- 0x0000024000BFF800

mem[X,0x00000000800010AC] -> 0x8E93
mem[X,0x00000000800010AE] -> 0x3C0E
[1072] [M]: 0x00000000800010AC (0x3C0E8E93) addi t4, t4, 0x3c0
x29 <- 0x0000024000BFFBC0

mem[X,0x00000000800010B0] -> 0x9E93
mem[X,0x00000000800010B2] -> 0x00AE
[1073] [M]: 0x00000000800010B0 (0x00AE9E93) slli t4, t4, 0xa
x29 <- 0x00090002FFEF0000

mem[X,0x00000000800010B4] -> 0x8E93
mem[X,0x00000000800010B6] -> 0x007E
[1074] [M]: 0x00000000800010B4 (0x007E8E93) addi t4, t4, 0x7
x29 <- 0x00090002FFEF0007

mem[X,0x00000000800010B8] -> 0x0FBB
mem[X,0x00000000800010BA] -> 0x91DF
[1075] [M]: 0x00000000800010B8 (0x91DF0FBB) psadd.h t6, t5, t4
x31 <- 0xFF084002FFF3FFFD

mem[X,0x00000000800010BC] -> 0xB423
mem[X,0x00000000800010BE] -> 0x0BF0
[1076] [M]: 0x00000000800010BC (0x0BF0B423) sd t6, 0xa8(ra)
mem[0x00000000800042B8] <- 0xFF084002FFF3FFFD

mem[X,0x00000000800010C0] -> 0x0F37
mem[X,0x00000000800010C2] -> 0x0080
[1077] [M]: 0x00000000800010C0 (0x00800F37) lui t5, 0x800
x30 <- 0x0000000000800000

mem[X,0x00000000800010C4] -> 0x0F13
mem[X,0x00000000800010C6] -> 0x007F
[1078] [M]: 0x00000000800010C4 (0x007F0F13) addi t5, t5, 0x7
x30 <- 0x0000000000800007

mem[X,0x00000000800010C8] -> 0x1F13
mem[X,0x00000000800010CA] -> 0x00BF
[1079] [M]: 0x00000000800010C8 (0x00BF1F13) slli t5, t5, 0xb
x30 <- 0x0000000400003800

mem[X,0x00000000800010CC] -> 0x0F13
mem[X,0x00000000800010CE] -> 0x7BFF
[1080] [M]: 0x00000000800010CC (0x7BFF0F13) addi t5, t5, 0x7bf
x30 <- 0x0000000400003FBF

mem[X,0x00000000800010D0] -> 0x1F13
mem[X,0x00000000800010D2] -> 0x00BF
[1081] [M]: 0x00000000800010D0 (0x00BF1F13) slli t5, t5, 0xb
x30 <- 0x0000200001FDF800

mem[X,0x00000000800010D4] -> 0x0F13
mem[X,0x00000000800010D6] -> 0x7FFF
[1082] [M]: 0x00000000800010D4 (0x7FFF0F13) addi t5, t5, 0x7ff
x30 <- 0x0000200001FDFFFF

mem[X,0x00000000800010D8] -> 0x1F13
mem[X,0x00000000800010DA] -> 0x00AF
[1083] [M]: 0x00000000800010D8 (0x00AF1F13) slli t5, t5, 0xa
x30 <- 0x00800007F7FFFC00

mem[X,0x00000000800010DC] -> 0x0F13
mem[X,0x00000000800010DE] -> 0x3FBF
[1084] [M]: 0x00000000800010DC (0x3FBF0F13) addi t5, t5, 0x3fb
x30 <- 0x00800007F7FFFFFB

mem[X,0x00000000800010E0] -> 0x0EB7
mem[X,0x00000000800010E2] -> 0x8001
[1085] [M]: 0x00000000800010E0 (0x80010EB7) lui t4, -0x7fff0
x29 <- 0xFFFFFFFF80010000

mem[X,0x00000000800010E4] -> 0x8E93
mem[X,0x00000000800010E6] -> 0xFF6E
[1086] [M]: 0x00000000800010E4 (0xFF6E8E93) addi t4, t4, -0xa
x29 <- 0xFFFFFFFF8000FFF6

mem[X,0x00000000800010E8] -> 0x9E93
mem[X,0x00000000800010EA] -> 0x00BE
[1087] [M]: 0x00000000800010E8 (0x00BE9E93) slli t4, t4, 0xb
x29 <- 0xFFFFFC0007FFB000

mem[X,0x00000000800010EC] -> 0x8E93
mem[X,0x00000000800010EE] -> 0x7BFE
[1088] [M]: 0x00000000800010EC (0x7BFE8E93) addi t4, t4, 0x7bf
x29 <- 0xFFFFFC0007FFB7BF

mem[X,0x00000000800010F0] -> 0x9E93
mem[X,0x00000000800010F2] -> 0x00BE
[1089] [M]: 0x00000000800010F0 (0x00BE9E93) slli t4, t4, 0xb
x29 <- 0xFFE0003FFDBDF800

mem[X,0x00000000800010F4] -> 0x8E93
mem[X,0x00000000800010F6] -> 0x7C0E
[1090] [M]: 0x00000000800010F4 (0x7C0E8E93) addi t4, t4, 0x7c0
x29 <- 0xFFE0003FFDBDFFC0

mem[X,0x00000000800010F8] -> 0x9E93
mem[X,0x00000000800010FA] -> 0x00AE
[1091] [M]: 0x00000000800010F8 (0x00AE9E93) slli t4, t4, 0xa
x29 <- 0x8000FFF6F7FF0000

mem[X,0x00000000800010FC] -> 0x8E93
mem[X,0x00000000800010FE] -> 0x005E
[1092] [M]: 0x00000000800010FC (0x005E8E93) addi t4, t4, 0x5
x29 <- 0x8000FFF6F7FF0005

mem[X,0x0000000080001100] -> 0x0FBB
mem[X,0x0000000080001102] -> 0x91DF
[1093] [M]: 0x0000000080001100 (0x91DF0FBB) psadd.h t6, t5, t4
x31 <- 0x8080FFFDEFFE0000

mem[X,0x0000000080001104] -> 0xB823
mem[X,0x0000000080001106] -> 0x0BF0
[1094] [M]: 0x0000000080001104 (0x0BF0B823) sd t6, 0xb0(ra)
mem[0x00000000800042C0] <- 0x8080FFFDEFFE0000

mem[X,0x0000000080001108] -> 0x0F37
mem[X,0x000000008000110A] -> 0x8001
[1095] [M]: 0x0000000080001108 (0x80010F37) lui t5, -0x7fff0
x30 <- 0xFFFFFFFF80010000

mem[X,0x000000008000110C] -> 0x0F13
mem[X,0x000000008000110E] -> 0xFFAF
[1096] [M]: 0x000000008000110C (0xFFAF0F13) addi t5, t5, -0x6
x30 <- 0xFFFFFFFF8000FFFA

mem[X,0x0000000080001110] -> 0x1F13
mem[X,0x0000000080001112] -> 0x00BF
[1097] [M]: 0x0000000080001110 (0x00BF1F13) slli t5, t5, 0xb
x30 <- 0xFFFFFC0007FFD000

mem[X,0x0000000080001114] -> 0x0F13
mem[X,0x0000000080001116] -> 0x008F
[1098] [M]: 0x0000000080001114 (0x008F0F13) addi t5, t5, 0x8
x30 <- 0xFFFFFC0007FFD008

mem[X,0x0000000080001118] -> 0x1F13
mem[X,0x000000008000111A] -> 0x00BF
[1099] [M]: 0x0000000080001118 (0x00BF1F13) slli t5, t5, 0xb
x30 <- 0xFFE0003FFE804000

clint::tick mtime <- 0x000000000000000B
 clint timer pending at mtime 0x000000000000000B
htif::tick 0x0000000000000000
mem[X,0x000000008000111C] -> 0x0F13
mem[X,0x000000008000111E] -> 0x03FF
[1100] [M]: 0x000000008000111C (0x03FF0F13) addi t5, t5, 0x3f
x30 <- 0xFFE0003FFE80403F

mem[X,0x0000000080001120] -> 0x1F13
mem[X,0x0000000080001122] -> 0x00AF
[1101] [M]: 0x0000000080001120 (0x00AF1F13) slli t5, t5, 0xa
x30 <- 0x8000FFFA0100FC00

mem[X,0x0000000080001124] -> 0x0F13
mem[X,0x0000000080001126] -> 0x3F9F
[1102] [M]: 0x0000000080001124 (0x3F9F0F13) addi t5, t5, 0x3f9
x30 <- 0x8000FFFA0100FFF9

mem[X,0x0000000080001128] -> 0x0EB7
mem[X,0x000000008000112A] -> 0xFFF9
[1103] [M]: 0x0000000080001128 (0xFFF90EB7) lui t4, -0x70
x29 <- 0xFFFFFFFFFFF90000

mem[X,0x000000008000112C] -> 0x8E93
mem[X,0x000000008000112E] -> 0x020E
[1104] [M]: 0x000000008000112C (0x020E8E93) addi t4, t4, 0x20
x29 <- 0xFFFFFFFFFFF90020

mem[X,0x0000000080001130] -> 0x9E93
mem[X,0x0000000080001132] -> 0x00BE
[1105] [M]: 0x0000000080001130 (0x00BE9E93) slli t4, t4, 0xb
x29 <- 0xFFFFFFFFC8010000

mem[X,0x0000000080001134] -> 0x8E93
mem[X,0x0000000080001136] -> 0x7FFE
[1106] [M]: 0x0000000080001134 (0x7FFE8E93) addi t4, t4, 0x7ff
x29 <- 0xFFFFFFFFC80107FF

mem[X,0x0000000080001138] -> 0x9E93
mem[X,0x000000008000113A] -> 0x00BE
[1107] [M]: 0x0000000080001138 (0x00BE9E93) slli t4, t4, 0xb
x29 <- 0xFFFFFE40083FF800

mem[X,0x000000008000113C] -> 0x8E93
mem[X,0x000000008000113E] -> 0x684E
[1108] [M]: 0x000000008000113C (0x684E8E93) addi t4, t4, 0x684
x29 <- 0xFFFFFE40083FFE84

mem[X,0x0000000080001140] -> 0x9E93
mem[X,0x0000000080001142] -> 0x00AE
[1109] [M]: 0x0000000080001140 (0x00AE9E93) slli t4, t4, 0xa
x29 <- 0xFFF90020FFFA1000

mem[X,0x0000000080001144] -> 0x0FBB
mem[X,0x0000000080001146] -> 0x91DF
[1110] [M]: 0x0000000080001144 (0x91DF0FBB) psadd.h t6, t5, t4
x31 <- 0x8000001A00FA0FF9

mem[X,0x0000000080001148] -> 0xBC23
mem[X,0x000000008000114A] -> 0x0BF0
[1111] [M]: 0x0000000080001148 (0x0BF0BC23) sd t6, 0xb8(ra)
mem[0x00000000800042C8] <- 0x8000001A00FA0FF9

mem[X,0x000000008000114C] -> 0x0F37
mem[X,0x000000008000114E] -> 0xFFF7
[1112] [M]: 0x000000008000114C (0xFFF70F37) lui t5, -0x90
x30 <- 0xFFFFFFFFFFF70000

mem[X,0x0000000080001150] -> 0x0F13
mem[X,0x0000000080001152] -> 0x010F
[1113] [M]: 0x0000000080001150 (0x010F0F13) addi t5, t5, 0x10
x30 <- 0xFFFFFFFFFFF70010

mem[X,0x0000000080001154] -> 0x1F13
mem[X,0x0000000080001156] -> 0x00BF
[1114] [M]: 0x0000000080001154 (0x00BF1F13) slli t5, t5, 0xb
x30 <- 0xFFFFFFFFB8008000

mem[X,0x0000000080001158] -> 0x0F13
mem[X,0x000000008000115A] -> 0x020F
[1115] [M]: 0x0000000080001158 (0x020F0F13) addi t5, t5, 0x20
x30 <- 0xFFFFFFFFB8008020

mem[X,0x000000008000115C] -> 0x1F13
mem[X,0x000000008000115E] -> 0x00BF
[1116] [M]: 0x000000008000115C (0x00BF1F13) slli t5, t5, 0xb
x30 <- 0xFFFFFDC004010000

mem[X,0x0000000080001160] -> 0x0F13
mem[X,0x0000000080001162] -> 0x03FF
[1117] [M]: 0x0000000080001160 (0x03FF0F13) addi t5, t5, 0x3f
x30 <- 0xFFFFFDC00401003F

mem[X,0x0000000080001164] -> 0x1F13
mem[X,0x0000000080001166] -> 0x00AF
[1118] [M]: 0x0000000080001164 (0x00AF1F13) slli t5, t5, 0xa
x30 <- 0xFFF700100400FC00

mem[X,0x0000000080001168] -> 0x0F13
mem[X,0x000000008000116A] -> 0x3FAF
[1119] [M]: 0x0000000080001168 (0x3FAF0F13) addi t5, t5, 0x3fa
x30 <- 0xFFF700100400FFFA

mem[X,0x000000008000116C] -> 0x0EB7
mem[X,0x000000008000116E] -> 0xFFFD
[1120] [M]: 0x000000008000116C (0xFFFD0EB7) lui t4, -0x30
x29 <- 0xFFFFFFFFFFFD0000

mem[X,0x0000000080001170] -> 0x8E93
mem[X,0x0000000080001172] -> 0xF7FE
[1121] [M]: 0x0000000080001170 (0xF7FE8E93) addi t4, t4, -0x81
x29 <- 0xFFFFFFFFFFFCFF7F

mem[X,0x0000000080001174] -> 0x9E93
mem[X,0x0000000080001176] -> 0x00BE
[1122] [M]: 0x0000000080001174 (0x00BE9E93) slli t4, t4, 0xb
x29 <- 0xFFFFFFFFE7FBF800

mem[X,0x0000000080001178] -> 0x8E93
mem[X,0x000000008000117A] -> 0x200E
[1123] [M]: 0x0000000080001178 (0x200E8E93) addi t4, t4, 0x200
x29 <- 0xFFFFFFFFE7FBFA00

mem[X,0x000000008000117C] -> 0x9E93
mem[X,0x000000008000117E] -> 0x00BE
[1124] [M]: 0x000000008000117C (0x00BE9E93) slli t4, t4, 0xb
x29 <- 0xFFFFFF3FDFD00000

mem[X,0x0000000080001180] -> 0x8E93
mem[X,0x0000000080001182] -> 0x03FE
[1125] [M]: 0x0000000080001180 (0x03FE8E93) addi t4, t4, 0x3f
x29 <- 0xFFFFFF3FDFD0003F

mem[X,0x0000000080001184] -> 0x9E93
mem[X,0x0000000080001186] -> 0x00AE
[1126] [M]: 0x0000000080001184 (0x00AE9E93) slli t4, t4, 0xa
x29 <- 0xFFFCFF7F4000FC00

mem[X,0x0000000080001188] -> 0x8E93
mem[X,0x000000008000118A] -> 0x37FE
[1127] [M]: 0x0000000080001188 (0x37FE8E93) addi t4, t4, 0x37f
x29 <- 0xFFFCFF7F4000FF7F

mem[X,0x000000008000118C] -> 0x0FBB
mem[X,0x000000008000118E] -> 0x91DF
[1128] [M]: 0x000000008000118C (0x91DF0FBB) psadd.h t6, t5, t4
x31 <- 0xFFF3FF8F4400FF79

mem[X,0x0000000080001190] -> 0xB023
mem[X,0x0000000080001192] -> 0x0DF0
[1129] [M]: 0x0000000080001190 (0x0DF0B023) sd t6, 0xc0(ra)
mem[0x00000000800042D0] <- 0xFFF3FF8F4400FF79

mem[X,0x0000000080001194] -> 0x1F37
mem[X,0x0000000080001196] -> 0xFFF8
[1130] [M]: 0x0000000080001194 (0xFFF81F37) lui t5, -0x7f
x30 <- 0xFFFFFFFFFFF81000

mem[X,0x0000000080001198] -> 0x0F13
mem[X,0x000000008000119A] -> 0x000F
[1131] [M]: 0x0000000080001198 (0x000F0F13) addi t5, t5, 0x0
x30 <- 0xFFFFFFFFFFF81000

mem[X,0x000000008000119C] -> 0x1F13
mem[X,0x000000008000119E] -> 0x00BF
[1132] [M]: 0x000000008000119C (0x00BF1F13) slli t5, t5, 0xb
x30 <- 0xFFFFFFFFC0800000

mem[X,0x00000000800011A0] -> 0x0F13
mem[X,0x00000000800011A2] -> 0x040F
[1133] [M]: 0x00000000800011A0 (0x040F0F13) addi t5, t5, 0x40
x30 <- 0xFFFFFFFFC0800040

mem[X,0x00000000800011A4] -> 0x1F13
mem[X,0x00000000800011A6] -> 0x00BF
[1134] [M]: 0x00000000800011A4 (0x00BF1F13) slli t5, t5, 0xb
x30 <- 0xFFFFFE0400020000

mem[X,0x00000000800011A8] -> 0x0F13
mem[X,0x00000000800011AA] -> 0x03FF
[1135] [M]: 0x00000000800011A8 (0x03FF0F13) addi t5, t5, 0x3f
x30 <- 0xFFFFFE040002003F

mem[X,0x00000000800011AC] -> 0x1F13
mem[X,0x00000000800011AE] -> 0x00AF
[1136] [M]: 0x00000000800011AC (0x00AF1F13) slli t5, t5, 0xa
x30 <- 0xFFF810000800FC00

mem[X,0x00000000800011B0] -> 0x0F13
mem[X,0x00000000800011B2] -> 0x3FFF
[1137] [M]: 0x00000000800011B0 (0x3FFF0F13) addi t5, t5, 0x3ff
x30 <- 0xFFF810000800FFFF

mem[X,0x00000000800011B4] -> 0x0EB7
mem[X,0x00000000800011B6] -> 0x0002
[1138] [M]: 0x00000000800011B4 (0x00020EB7) lui t4, 0x20
x29 <- 0x0000000000020000

mem[X,0x00000000800011B8] -> 0x8E93
mem[X,0x00000000800011BA] -> 0xDFFE
[1139] [M]: 0x00000000800011B8 (0xDFFE8E93) addi t4, t4, -0x201
x29 <- 0x000000000001FDFF

mem[X,0x00000000800011BC] -> 0x9E93
mem[X,0x00000000800011BE] -> 0x00BE
[1140] [M]: 0x00000000800011BC (0x00BE9E93) slli t4, t4, 0xb
x29 <- 0x000000000FEFF800

mem[X,0x00000000800011C0] -> 0x8E93
mem[X,0x00000000800011C2] -> 0x7FFE
[1141] [M]: 0x00000000800011C0 (0x7FFE8E93) addi t4, t4, 0x7ff
x29 <- 0x000000000FEFFFFF

mem[X,0x00000000800011C4] -> 0x9E93
mem[X,0x00000000800011C6] -> 0x00BE
[1142] [M]: 0x00000000800011C4 (0x00BE9E93) slli t4, t4, 0xb
x29 <- 0x0000007F7FFFF800

mem[X,0x00000000800011C8] -> 0x8E93
mem[X,0x00000000800011CA] -> 0x77FE
[1143] [M]: 0x00000000800011C8 (0x77FE8E93) addi t4, t4, 0x77f
x29 <- 0x0000007F7FFFFF7F

mem[X,0x00000000800011CC] -> 0x9E93
mem[X,0x00000000800011CE] -> 0x00AE
[1144] [M]: 0x00000000800011CC (0x00AE9E93) slli t4, t4, 0xa
x29 <- 0x0001FDFFFFFDFC00

mem[X,0x00000000800011D0] -> 0x8E93
mem[X,0x00000000800011D2] -> 0x3FBE
[1145] [M]: 0x00000000800011D0 (0x3FBE8E93) addi t4, t4, 0x3fb
x29 <- 0x0001FDFFFFFDFFFB

mem[X,0x00000000800011D4] -> 0x0FBB
mem[X,0x00000000800011D6] -> 0x91DF
[1146] [M]: 0x00000000800011D4 (0x91DF0FBB) psadd.h t6, t5, t4
x31 <- 0xFFF90DFF07FDFFFA

mem[X,0x00000000800011D8] -> 0xB423
mem[X,0x00000000800011DA] -> 0x0DF0
[1147] [M]: 0x00000000800011D8 (0x0DF0B423) sd t6, 0xc8(ra)
mem[0x00000000800042D8] <- 0xFFF90DFF07FDFFFA

mem[X,0x00000000800011DC] -> 0x0F37
mem[X,0x00000000800011DE] -> 0x4000
[1148] [M]: 0x00000000800011DC (0x40000F37) lui t5, 0x40000
x30 <- 0x0000000040000000

mem[X,0x00000000800011E0] -> 0x0F13
mem[X,0x00000000800011E2] -> 0x004F
[1149] [M]: 0x00000000800011E0 (0x004F0F13) addi t5, t5, 0x4
x30 <- 0x0000000040000004

mem[X,0x00000000800011E4] -> 0x1F13
mem[X,0x00000000800011E6] -> 0x00BF
[1150] [M]: 0x00000000800011E4 (0x00BF1F13) slli t5, t5, 0xb
x30 <- 0x0000020000002000

mem[X,0x00000000800011E8] -> 0x0F13
mem[X,0x00000000800011EA] -> 0x200F
[1151] [M]: 0x00000000800011E8 (0x200F0F13) addi t5, t5, 0x200
x30 <- 0x0000020000002200

mem[X,0x00000000800011EC] -> 0x1F13
mem[X,0x00000000800011EE] -> 0x00BF
[1152] [M]: 0x00000000800011EC (0x00BF1F13) slli t5, t5, 0xb
x30 <- 0x0010000001100000

mem[X,0x00000000800011F0] -> 0x0F13
mem[X,0x00000000800011F2] -> 0x020F
[1153] [M]: 0x00000000800011F0 (0x020F0F13) addi t5, t5, 0x20
x30 <- 0x0010000001100020

mem[X,0x00000000800011F4] -> 0x1F13
mem[X,0x00000000800011F6] -> 0x00AF
[1154] [M]: 0x00000000800011F4 (0x00AF1F13) slli t5, t5, 0xa
x30 <- 0x4000000440008000

mem[X,0x00000000800011F8] -> 0x0EB7
mem[X,0x00000000800011FA] -> 0xFFFE
[1155] [M]: 0x00000000800011F8 (0xFFFE0EB7) lui t4, -0x20
x29 <- 0xFFFFFFFFFFFE0000

mem[X,0x00000000800011FC] -> 0x8E93
mem[X,0x00000000800011FE] -> 0xDFFE
[1156] [M]: 0x00000000800011FC (0xDFFE8E93) addi t4, t4, -0x201
x29 <- 0xFFFFFFFFFFFDFDFF

mem[X,0x0000000080001200] -> 0x9E93
mem[X,0x0000000080001202] -> 0x00BE
[1157] [M]: 0x0000000080001200 (0x00BE9E93) slli t4, t4, 0xb
x29 <- 0xFFFFFFFFEFEFF800

mem[X,0x0000000080001204] -> 0x8E93
mem[X,0x0000000080001206] -> 0x7FFE
[1158] [M]: 0x0000000080001204 (0x7FFE8E93) addi t4, t4, 0x7ff
x29 <- 0xFFFFFFFFEFEFFFFF

mem[X,0x0000000080001208] -> 0x9E93
mem[X,0x000000008000120A] -> 0x00BE
[1159] [M]: 0x0000000080001208 (0x00BE9E93) slli t4, t4, 0xb
x29 <- 0xFFFFFF7F7FFFF800

mem[X,0x000000008000120C] -> 0x8E93
mem[X,0x000000008000120E] -> 0x5BFE
[1160] [M]: 0x000000008000120C (0x5BFE8E93) addi t4, t4, 0x5bf
x29 <- 0xFFFFFF7F7FFFFDBF

mem[X,0x0000000080001210] -> 0x9E93
mem[X,0x0000000080001212] -> 0x00AE
[1161] [M]: 0x0000000080001210 (0x00AE9E93) slli t4, t4, 0xa
x29 <- 0xFFFDFDFFFFF6FC00

mem[X,0x0000000080001214] -> 0x8E93
mem[X,0x0000000080001216] -> 0x3F6E
[1162] [M]: 0x0000000080001214 (0x3F6E8E93) addi t4, t4, 0x3f6
x29 <- 0xFFFDFDFFFFF6FFF6

mem[X,0x0000000080001218] -> 0x0FBB
mem[X,0x000000008000121A] -> 0x91DF
[1163] [M]: 0x0000000080001218 (0x91DF0FBB) psadd.h t6, t5, t4
x31 <- 0x3FFDFE033FF68000

mem[X,0x000000008000121C] -> 0xB823
mem[X,0x000000008000121E] -> 0x0DF0
[1164] [M]: 0x000000008000121C (0x0DF0B823) sd t6, 0xd0(ra)
mem[0x00000000800042E0] <- 0x3FFDFE033FF68000

mem[X,0x0000000080001220] -> 0x0F37
mem[X,0x0000000080001222] -> 0xFFE0
[1165] [M]: 0x0000000080001220 (0xFFE00F37) lui t5, -0x200
x30 <- 0xFFFFFFFFFFE00000

mem[X,0x0000000080001224] -> 0x0F13
mem[X,0x0000000080001226] -> 0xFBFF
[1166] [M]: 0x0000000080001224 (0xFBFF0F13) addi t5, t5, -0x41
x30 <- 0xFFFFFFFFFFDFFFBF

mem[X,0x0000000080001228] -> 0x1F13
mem[X,0x000000008000122A] -> 0x00BF
[1167] [M]: 0x0000000080001228 (0x00BF1F13) slli t5, t5, 0xb
x30 <- 0xFFFFFFFEFFFDF800

mem[X,0x000000008000122C] -> 0x0F13
mem[X,0x000000008000122E] -> 0x7FFF
[1168] [M]: 0x000000008000122C (0x7FFF0F13) addi t5, t5, 0x7ff
x30 <- 0xFFFFFFFEFFFDFFFF

mem[X,0x0000000080001230] -> 0x1F13
mem[X,0x0000000080001232] -> 0x00BF
[1169] [M]: 0x0000000080001230 (0x00BF1F13) slli t5, t5, 0xb
x30 <- 0xFFFFF7FFEFFFF800

mem[X,0x0000000080001234] -> 0x0F13
mem[X,0x0000000080001236] -> 0x7FFF
[1170] [M]: 0x0000000080001234 (0x7FFF0F13) addi t5, t5, 0x7ff
x30 <- 0xFFFFF7FFEFFFFFFF

mem[X,0x0000000080001238] -> 0x1F13
mem[X,0x000000008000123A] -> 0x00AF
[1171] [M]: 0x0000000080001238 (0x00AF1F13) slli t5, t5, 0xa
x30 <- 0xFFDFFFBFFFFFFC00

mem[X,0x000000008000123C] -> 0x0F13
mem[X,0x000000008000123E] -> 0x2FFF
[1172] [M]: 0x000000008000123C (0x2FFF0F13) addi t5, t5, 0x2ff
x30 <- 0xFFDFFFBFFFFFFEFF

mem[X,0x0000000080001240] -> 0x0EB7
mem[X,0x0000000080001242] -> 0xFF80
[1173] [M]: 0x0000000080001240 (0xFF800EB7) lui t4, -0x800
x29 <- 0xFFFFFFFFFF800000

mem[X,0x0000000080001244] -> 0x8E93
mem[X,0x0000000080001246] -> 0xFFEE
[1174] [M]: 0x0000000080001244 (0xFFEE8E93) addi t4, t4, -0x2
x29 <- 0xFFFFFFFFFF7FFFFE

mem[X,0x0000000080001248] -> 0x9E93
mem[X,0x000000008000124A] -> 0x00BE
[1175] [M]: 0x0000000080001248 (0x00BE9E93) slli t4, t4, 0xb
x29 <- 0xFFFFFFFBFFFFF000

mem[X,0x000000008000124C] -> 0x8E93
mem[X,0x000000008000124E] -> 0x000E
[1176] [M]: 0x000000008000124C (0x000E8E93) addi t4, t4, 0x0
x29 <- 0xFFFFFFFBFFFFF000

mem[X,0x0000000080001250] -> 0x9E93
mem[X,0x0000000080001252] -> 0x00BE
[1177] [M]: 0x0000000080001250 (0x00BE9E93) slli t4, t4, 0xb
x29 <- 0xFFFFDFFFFF800000

mem[X,0x0000000080001254] -> 0x8E93
mem[X,0x0000000080001256] -> 0x200E
[1178] [M]: 0x0000000080001254 (0x200E8E93) addi t4, t4, 0x200
x29 <- 0xFFFFDFFFFF800200

mem[X,0x0000000080001258] -> 0x9E93
mem[X,0x000000008000125A] -> 0x00AE
[1179] [M]: 0x0000000080001258 (0x00AE9E93) slli t4, t4, 0xa
x29 <- 0xFF7FFFFE00080000

mem[X,0x000000008000125C] -> 0x0FBB
mem[X,0x000000008000125E] -> 0x91DF
[1180] [M]: 0x000000008000125C (0x91DF0FBB) psadd.h t6, t5, t4
x31 <- 0xFF5EFFBD0007FEFF

mem[X,0x0000000080001260] -> 0xBC23
mem[X,0x0000000080001262] -> 0x0DF0
[1181] [M]: 0x0000000080001260 (0x0DF0BC23) sd t6, 0xd8(ra)
mem[0x00000000800042E8] <- 0xFF5EFFBD0007FEFF

mem[X,0x0000000080001264] -> 0x0F37
mem[X,0x0000000080001266] -> 0xFFBF
[1182] [M]: 0x0000000080001264 (0xFFBF0F37) lui t5, -0x410
x30 <- 0xFFFFFFFFFFBF0000

mem[X,0x0000000080001268] -> 0x0F13
mem[X,0x000000008000126A] -> 0x001F
[1183] [M]: 0x0000000080001268 (0x001F0F13) addi t5, t5, 0x1
x30 <- 0xFFFFFFFFFFBF0001

mem[X,0x000000008000126C] -> 0x1F13
mem[X,0x000000008000126E] -> 0x00BF
[1184] [M]: 0x000000008000126C (0x00BF1F13) slli t5, t5, 0xb
x30 <- 0xFFFFFFFDF8000800

mem[X,0x0000000080001270] -> 0x0F13
mem[X,0x0000000080001272] -> 0x7DFF
[1185] [M]: 0x0000000080001270 (0x7DFF0F13) addi t5, t5, 0x7df
x30 <- 0xFFFFFFFDF8000FDF

mem[X,0x0000000080001274] -> 0x1F13
mem[X,0x0000000080001276] -> 0x00BF
[1186] [M]: 0x0000000080001274 (0x00BF1F13) slli t5, t5, 0xb
x30 <- 0xFFFFEFC0007EF800

mem[X,0x0000000080001278] -> 0x0F13
mem[X,0x000000008000127A] -> 0x7FFF
[1187] [M]: 0x0000000080001278 (0x7FFF0F13) addi t5, t5, 0x7ff
x30 <- 0xFFFFEFC0007EFFFF

mem[X,0x000000008000127C] -> 0x1F13
mem[X,0x000000008000127E] -> 0x00AF
[1188] [M]: 0x000000008000127C (0x00AF1F13) slli t5, t5, 0xa
x30 <- 0xFFBF0001FBFFFC00

mem[X,0x0000000080001280] -> 0x0F13
mem[X,0x0000000080001282] -> 0x3FFF
[1189] [M]: 0x0000000080001280 (0x3FFF0F13) addi t5, t5, 0x3ff
x30 <- 0xFFBF0001FBFFFFFF

mem[X,0x0000000080001284] -> 0x0EB7
mem[X,0x0000000080001286] -> 0x0005
[1190] [M]: 0x0000000080001284 (0x00050EB7) lui t4, 0x50
x29 <- 0x0000000000050000

mem[X,0x0000000080001288] -> 0x8E93
mem[X,0x000000008000128A] -> 0x004E
[1191] [M]: 0x0000000080001288 (0x004E8E93) addi t4, t4, 0x4
x29 <- 0x0000000000050004

mem[X,0x000000008000128C] -> 0x9E93
mem[X,0x000000008000128E] -> 0x00BE
[1192] [M]: 0x000000008000128C (0x00BE9E93) slli t4, t4, 0xb
x29 <- 0x0000000028002000

mem[X,0x0000000080001290] -> 0x8E93
mem[X,0x0000000080001292] -> 0x7FBE
[1193] [M]: 0x0000000080001290 (0x7FBE8E93) addi t4, t4, 0x7fb
x29 <- 0x00000000280027FB

mem[X,0x0000000080001294] -> 0x9E93
mem[X,0x0000000080001296] -> 0x00BE
[1194] [M]: 0x0000000080001294 (0x00BE9E93) slli t4, t4, 0xb
x29 <- 0x00000140013FD800

mem[X,0x0000000080001298] -> 0x8E93
mem[X,0x000000008000129A] -> 0x7E0E
[1195] [M]: 0x0000000080001298 (0x7E0E8E93) addi t4, t4, 0x7e0
x29 <- 0x00000140013FDFE0

mem[X,0x000000008000129C] -> 0x9E93
mem[X,0x000000008000129E] -> 0x00AE
[1196] [M]: 0x000000008000129C (0x00AE9E93) slli t4, t4, 0xa
x29 <- 0x00050004FF7F8000

mem[X,0x00000000800012A0] -> 0x0FBB
mem[X,0x00000000800012A2] -> 0x91DF
[1197] [M]: 0x00000000800012A0 (0x91DF0FBB) psadd.h t6, t5, t4
x31 <- 0xFFC40005FB7E8000

mem[X,0x00000000800012A4] -> 0xB023
mem[X,0x00000000800012A6] -> 0x0FF0
[1198] [M]: 0x00000000800012A4 (0x0FF0B023) sd t6, 0xe0(ra)
mem[0x00000000800042F0] <- 0xFFC40005FB7E8000

mem[X,0x00000000800012A8] -> 0x0F37
mem[X,0x00000000800012AA] -> 0xFF7F
[1199] [M]: 0x00000000800012A8 (0xFF7F0F37) lui t5, -0x810
x30 <- 0xFFFFFFFFFF7F0000

clint::tick mtime <- 0x000000000000000C
 clint timer pending at mtime 0x000000000000000C
htif::tick 0x0000000000000000
mem[X,0x00000000800012AC] -> 0x0F13
mem[X,0x00000000800012AE] -> 0x008F
[1200] [M]: 0x00000000800012AC (0x008F0F13) addi t5, t5, 0x8
x30 <- 0xFFFFFFFFFF7F0008

mem[X,0x00000000800012B0] -> 0x1F13
mem[X,0x00000000800012B2] -> 0x00BF
[1201] [M]: 0x00000000800012B0 (0x00BF1F13) slli t5, t5, 0xb
x30 <- 0xFFFFFFFBF8004000

mem[X,0x00000000800012B4] -> 0x0F13
mem[X,0x00000000800012B6] -> 0x7FFF
[1202] [M]: 0x00000000800012B4 (0x7FFF0F13) addi t5, t5, 0x7ff
x30 <- 0xFFFFFFFBF80047FF

mem[X,0x00000000800012B8] -> 0x1F13
mem[X,0x00000000800012BA] -> 0x00BF
[1203] [M]: 0x00000000800012B8 (0x00BF1F13) slli t5, t5, 0xb
x30 <- 0xFFFFDFC0023FF800

mem[X,0x00000000800012BC] -> 0x0F13
mem[X,0x00000000800012BE] -> 0x582F
[1204] [M]: 0x00000000800012BC (0x582F0F13) addi t5, t5, 0x582
x30 <- 0xFFFFDFC0023FFD82

mem[X,0x00000000800012C0] -> 0x1F13
mem[X,0x00000000800012C2] -> 0x00AF
[1205] [M]: 0x00000000800012C0 (0x00AF1F13) slli t5, t5, 0xa
x30 <- 0xFF7F0008FFF60800

mem[X,0x00000000800012C4] -> 0x0EB7
mem[X,0x00000000800012C6] -> 0x0011
[1206] [M]: 0x00000000800012C4 (0x00110EB7) lui t4, 0x110
x29 <- 0x0000000000110000

mem[X,0x00000000800012C8] -> 0x8E93
mem[X,0x00000000800012CA] -> 0xFFFE
[1207] [M]: 0x00000000800012C8 (0xFFFE8E93) addi t4, t4, -0x1
x29 <- 0x000000000010FFFF

mem[X,0x00000000800012CC] -> 0x9E93
mem[X,0x00000000800012CE] -> 0x00BE
[1208] [M]: 0x00000000800012CC (0x00BE9E93) slli t4, t4, 0xb
x29 <- 0x0000000087FFF800

mem[X,0x00000000800012D0] -> 0x8E93
mem[X,0x00000000800012D2] -> 0x7FFE
[1209] [M]: 0x00000000800012D0 (0x7FFE8E93) addi t4, t4, 0x7ff
x29 <- 0x0000000087FFFFFF

mem[X,0x00000000800012D4] -> 0x9E93
mem[X,0x00000000800012D6] -> 0x00BE
[1210] [M]: 0x00000000800012D4 (0x00BE9E93) slli t4, t4, 0xb
x29 <- 0x0000043FFFFFF800

mem[X,0x00000000800012D8] -> 0x8E93
mem[X,0x00000000800012DA] -> 0x5FFE
[1211] [M]: 0x00000000800012D8 (0x5FFE8E93) addi t4, t4, 0x5ff
x29 <- 0x0000043FFFFFFDFF

mem[X,0x00000000800012DC] -> 0x9E93
mem[X,0x00000000800012DE] -> 0x00AE
[1212] [M]: 0x00000000800012DC (0x00AE9E93) slli t4, t4, 0xa
x29 <- 0x0010FFFFFFF7FC00

mem[X,0x00000000800012E0] -> 0x8E93
mem[X,0x00000000800012E2] -> 0x3F6E
[1213] [M]: 0x00000000800012E0 (0x3F6E8E93) addi t4, t4, 0x3f6
x29 <- 0x0010FFFFFFF7FFF6

mem[X,0x00000000800012E4] -> 0x0FBB
mem[X,0x00000000800012E6] -> 0x91DF
[1214] [M]: 0x00000000800012E4 (0x91DF0FBB) psadd.h t6, t5, t4
x31 <- 0xFF8F0007FFED07F6

mem[X,0x00000000800012E8] -> 0xB423
mem[X,0x00000000800012EA] -> 0x0FF0
[1215] [M]: 0x00000000800012E8 (0x0FF0B423) sd t6, 0xe8(ra)
mem[0x00000000800042F8] <- 0xFF8F0007FFED07F6

mem[X,0x00000000800012EC] -> 0x0F37
mem[X,0x00000000800012EE] -> 0xF000
[1216] [M]: 0x00000000800012EC (0xF0000F37) lui t5, -0x10000
x30 <- 0xFFFFFFFFF0000000

mem[X,0x00000000800012F0] -> 0x0F13
mem[X,0x00000000800012F2] -> 0xBFFF
[1217] [M]: 0x00000000800012F0 (0xBFFF0F13) addi t5, t5, -0x401
x30 <- 0xFFFFFFFFEFFFFBFF

mem[X,0x00000000800012F4] -> 0x1F13
mem[X,0x00000000800012F6] -> 0x00BF
[1218] [M]: 0x00000000800012F4 (0x00BF1F13) slli t5, t5, 0xb
x30 <- 0xFFFFFF7FFFDFF800

mem[X,0x00000000800012F8] -> 0x0F13
mem[X,0x00000000800012FA] -> 0x000F
[1219] [M]: 0x00000000800012F8 (0x000F0F13) addi t5, t5, 0x0
x30 <- 0xFFFFFF7FFFDFF800

mem[X,0x00000000800012FC] -> 0x1F13
mem[X,0x00000000800012FE] -> 0x00BF
[1220] [M]: 0x00000000800012FC (0x00BF1F13) slli t5, t5, 0xb
x30 <- 0xFFFBFFFEFFC00000

mem[X,0x0000000080001300] -> 0x0F13
mem[X,0x0000000080001302] -> 0x040F
[1221] [M]: 0x0000000080001300 (0x040F0F13) addi t5, t5, 0x40
x30 <- 0xFFFBFFFEFFC00040

mem[X,0x0000000080001304] -> 0x1F13
mem[X,0x0000000080001306] -> 0x00AF
[1222] [M]: 0x0000000080001304 (0x00AF1F13) slli t5, t5, 0xa
x30 <- 0xEFFFFBFF00010000

mem[X,0x0000000080001308] -> 0x0F13
mem[X,0x000000008000130A] -> 0x100F
[1223] [M]: 0x0000000080001308 (0x100F0F13) addi t5, t5, 0x100
x30 <- 0xEFFFFBFF00010100

mem[X,0x000000008000130C] -> 0x0EB7
mem[X,0x000000008000130E] -> 0x5556
[1224] [M]: 0x000000008000130C (0x55560EB7) lui t4, 0x55560
x29 <- 0x0000000055560000

mem[X,0x0000000080001310] -> 0x8E93
mem[X,0x0000000080001312] -> 0xFDFE
[1225] [M]: 0x0000000080001310 (0xFDFE8E93) addi t4, t4, -0x21
x29 <- 0x000000005555FFDF

mem[X,0x0000000080001314] -> 0x9E93
mem[X,0x0000000080001316] -> 0x00BE
[1226] [M]: 0x0000000080001314 (0x00BE9E93) slli t4, t4, 0xb
x29 <- 0x000002AAAFFEF800

mem[X,0x0000000080001318] -> 0x8E93
mem[X,0x000000008000131A] -> 0x004E
[1227] [M]: 0x0000000080001318 (0x004E8E93) addi t4, t4, 0x4
x29 <- 0x000002AAAFFEF804

mem[X,0x000000008000131C] -> 0x9E93
mem[X,0x000000008000131E] -> 0x00BE
[1228] [M]: 0x000000008000131C (0x00BE9E93) slli t4, t4, 0xb
x29 <- 0x0015557FF7C02000

mem[X,0x0000000080001320] -> 0x8E93
mem[X,0x0000000080001322] -> 0x000E
[1229] [M]: 0x0000000080001320 (0x000E8E93) addi t4, t4, 0x0
x29 <- 0x0015557FF7C02000

mem[X,0x0000000080001324] -> 0x9E93
mem[X,0x0000000080001326] -> 0x00AE
[1230] [M]: 0x0000000080001324 (0x00AE9E93) slli t4, t4, 0xa
x29 <- 0x5555FFDF00800000

mem[X,0x0000000080001328] -> 0x8E93
mem[X,0x000000008000132A] -> 0x100E
[1231] [M]: 0x0000000080001328 (0x100E8E93) addi t4, t4, 0x100
x29 <- 0x5555FFDF00800100

mem[X,0x000000008000132C] -> 0x0FBB
mem[X,0x000000008000132E] -> 0x91DF
[1232] [M]: 0x000000008000132C (0x91DF0FBB) psadd.h t6, t5, t4
x31 <- 0x4554FBDE00810200

mem[X,0x0000000080001330] -> 0xB823
mem[X,0x0000000080001332] -> 0x0FF0
[1233] [M]: 0x0000000080001330 (0x0FF0B823) sd t6, 0xf0(ra)
mem[0x0000000080004300] <- 0x4554FBDE00810200

mem[X,0x0000000080001334] -> 0x0F37
mem[X,0x0000000080001336] -> 0x5555
[1234] [M]: 0x0000000080001334 (0x55550F37) lui t5, 0x55550
x30 <- 0x0000000055550000

mem[X,0x0000000080001338] -> 0x0F13
mem[X,0x000000008000133A] -> 0x007F
[1235] [M]: 0x0000000080001338 (0x007F0F13) addi t5, t5, 0x7
x30 <- 0x0000000055550007

mem[X,0x000000008000133C] -> 0x1F13
mem[X,0x000000008000133E] -> 0x00BF
[1236] [M]: 0x000000008000133C (0x00BF1F13) slli t5, t5, 0xb
x30 <- 0x000002AAA8003800

mem[X,0x0000000080001340] -> 0x0F13
mem[X,0x0000000080001342] -> 0x000F
[1237] [M]: 0x0000000080001340 (0x000F0F13) addi t5, t5, 0x0
x30 <- 0x000002AAA8003800

mem[X,0x0000000080001344] -> 0x1F13
mem[X,0x0000000080001346] -> 0x00BF
[1238] [M]: 0x0000000080001344 (0x00BF1F13) slli t5, t5, 0xb
x30 <- 0x0015554001C00000

mem[X,0x0000000080001348] -> 0x0F13
mem[X,0x000000008000134A] -> 0x100F
[1239] [M]: 0x0000000080001348 (0x100F0F13) addi t5, t5, 0x100
x30 <- 0x0015554001C00100

mem[X,0x000000008000134C] -> 0x1F13
mem[X,0x000000008000134E] -> 0x00AF
[1240] [M]: 0x000000008000134C (0x00AF1F13) slli t5, t5, 0xa
x30 <- 0x5555000700040000

mem[X,0x0000000080001350] -> 0x0F13
mem[X,0x0000000080001352] -> 0x200F
[1241] [M]: 0x0000000080001350 (0x200F0F13) addi t5, t5, 0x200
x30 <- 0x5555000700040200

mem[X,0x0000000080001354] -> 0x0EB7
mem[X,0x0000000080001356] -> 0x8000
[1242] [M]: 0x0000000080001354 (0x80000EB7) lui t4, -0x80000
x29 <- 0xFFFFFFFF80000000

mem[X,0x0000000080001358] -> 0x8E93
mem[X,0x000000008000135A] -> 0x007E
[1243] [M]: 0x0000000080001358 (0x007E8E93) addi t4, t4, 0x7
x29 <- 0xFFFFFFFF80000007

mem[X,0x000000008000135C] -> 0x9E93
mem[X,0x000000008000135E] -> 0x00BE
[1244] [M]: 0x000000008000135C (0x00BE9E93) slli t4, t4, 0xb
x29 <- 0xFFFFFC0000003800

mem[X,0x0000000080001360] -> 0x8E93
mem[X,0x0000000080001362] -> 0x004E
[1245] [M]: 0x0000000080001360 (0x004E8E93) addi t4, t4, 0x4
x29 <- 0xFFFFFC0000003804

mem[X,0x0000000080001364] -> 0x9E93
mem[X,0x0000000080001366] -> 0x00BE
[1246] [M]: 0x0000000080001364 (0x00BE9E93) slli t4, t4, 0xb
x29 <- 0xFFE0000001C02000

mem[X,0x0000000080001368] -> 0x8E93
mem[X,0x000000008000136A] -> 0x02FE
[1247] [M]: 0x0000000080001368 (0x02FE8E93) addi t4, t4, 0x2f
x29 <- 0xFFE0000001C0202F

mem[X,0x000000008000136C] -> 0x9E93
mem[X,0x000000008000136E] -> 0x00AE
[1248] [M]: 0x000000008000136C (0x00AE9E93) slli t4, t4, 0xa
x29 <- 0x800000070080BC00

mem[X,0x0000000080001370] -> 0x8E93
mem[X,0x0000000080001372] -> 0x3FFE
[1249] [M]: 0x0000000080001370 (0x3FFE8E93) addi t4, t4, 0x3ff
x29 <- 0x800000070080BFFF

mem[X,0x0000000080001374] -> 0x0FBB
mem[X,0x0000000080001376] -> 0x91DF
[1250] [M]: 0x0000000080001374 (0x91DF0FBB) psadd.h t6, t5, t4
x31 <- 0xD555000E0084C1FF

mem[X,0x0000000080001378] -> 0xBC23
mem[X,0x000000008000137A] -> 0x0FF0
[1251] [M]: 0x0000000080001378 (0x0FF0BC23) sd t6, 0xf8(ra)
mem[0x0000000080004308] <- 0xD555000E0084C1FF

mem[X,0x000000008000137C] -> 0x0F37
mem[X,0x000000008000137E] -> 0xF800
[1252] [M]: 0x000000008000137C (0xF8000F37) lui t5, -0x8000
x30 <- 0xFFFFFFFFF8000000

mem[X,0x0000000080001380] -> 0x0F13
mem[X,0x0000000080001382] -> 0xEFFF
[1253] [M]: 0x0000000080001380 (0xEFFF0F13) addi t5, t5, -0x101
x30 <- 0xFFFFFFFFF7FFFEFF

mem[X,0x0000000080001384] -> 0x1F13
mem[X,0x0000000080001386] -> 0x00BF
[1254] [M]: 0x0000000080001384 (0x00BF1F13) slli t5, t5, 0xb
x30 <- 0xFFFFFFBFFFF7F800

mem[X,0x0000000080001388] -> 0x0F13
mem[X,0x000000008000138A] -> 0x000F
[1255] [M]: 0x0000000080001388 (0x000F0F13) addi t5, t5, 0x0
x30 <- 0xFFFFFFBFFFF7F800

mem[X,0x000000008000138C] -> 0x1F13
mem[X,0x000000008000138E] -> 0x00BF
[1256] [M]: 0x000000008000138C (0x00BF1F13) slli t5, t5, 0xb
x30 <- 0xFFFDFFFFBFC00000

mem[X,0x0000000080001390] -> 0x0F13
mem[X,0x0000000080001392] -> 0x140F
[1257] [M]: 0x0000000080001390 (0x140F0F13) addi t5, t5, 0x140
x30 <- 0xFFFDFFFFBFC00140

mem[X,0x0000000080001394] -> 0x1F13
mem[X,0x0000000080001396] -> 0x00AF
[1258] [M]: 0x0000000080001394 (0x00AF1F13) slli t5, t5, 0xa
x30 <- 0xF7FFFEFF00050000

mem[X,0x0000000080001398] -> 0x0F13
mem[X,0x000000008000139A] -> 0x020F
[1259] [M]: 0x0000000080001398 (0x020F0F13) addi t5, t5, 0x20
x30 <- 0xF7FFFEFF00050020

mem[X,0x000000008000139C] -> 0x0EB7
mem[X,0x000000008000139E] -> 0x0001
[1260] [M]: 0x000000008000139C (0x00010EB7) lui t4, 0x10
x29 <- 0x0000000000010000

mem[X,0x00000000800013A0] -> 0x8E93
mem[X,0x00000000800013A2] -> 0xFF9E
[1261] [M]: 0x00000000800013A0 (0xFF9E8E93) addi t4, t4, -0x7
x29 <- 0x000000000000FFF9

mem[X,0x00000000800013A4] -> 0x9E93
mem[X,0x00000000800013A6] -> 0x00BE
[1262] [M]: 0x00000000800013A4 (0x00BE9E93) slli t4, t4, 0xb
x29 <- 0x0000000007FFC800

mem[X,0x00000000800013A8] -> 0x8E93
mem[X,0x00000000800013AA] -> 0x100E
[1263] [M]: 0x00000000800013A8 (0x100E8E93) addi t4, t4, 0x100
x29 <- 0x0000000007FFC900

mem[X,0x00000000800013AC] -> 0x9E93
mem[X,0x00000000800013AE] -> 0x00BE
[1264] [M]: 0x00000000800013AC (0x00BE9E93) slli t4, t4, 0xb
x29 <- 0x0000003FFE480000

mem[X,0x00000000800013B0] -> 0x8E93
mem[X,0x00000000800013B2] -> 0x000E
[1265] [M]: 0x00000000800013B0 (0x000E8E93) addi t4, t4, 0x0
x29 <- 0x0000003FFE480000

mem[X,0x00000000800013B4] -> 0x9E93
mem[X,0x00000000800013B6] -> 0x00AE
[1266] [M]: 0x00000000800013B4 (0x00AE9E93) slli t4, t4, 0xa
x29 <- 0x0000FFF920000000

mem[X,0x00000000800013B8] -> 0x8E93
mem[X,0x00000000800013BA] -> 0x004E
[1267] [M]: 0x00000000800013B8 (0x004E8E93) addi t4, t4, 0x4
x29 <- 0x0000FFF920000004

mem[X,0x00000000800013BC] -> 0x0FBB
mem[X,0x00000000800013BE] -> 0x91DF
[1268] [M]: 0x00000000800013BC (0x91DF0FBB) psadd.h t6, t5, t4
x31 <- 0xF7FFFEF820050024

mem[X,0x00000000800013C0] -> 0xB023
mem[X,0x00000000800013C2] -> 0x11F0
[1269] [M]: 0x00000000800013C0 (0x11F0B023) sd t6, 0x100(ra)
mem[0x0000000080004310] <- 0xF7FFFEF820050024

mem[X,0x00000000800013C4] -> 0xFF37
mem[X,0x00000000800013C6] -> 0x0000
[1270] [M]: 0x00000000800013C4 (0x0000FF37) lui t5, 0xf
x30 <- 0x000000000000F000

mem[X,0x00000000800013C8] -> 0x0F13
mem[X,0x00000000800013CA] -> 0xFFFF
[1271] [M]: 0x00000000800013C8 (0xFFFF0F13) addi t5, t5, -0x1
x30 <- 0x000000000000EFFF

mem[X,0x00000000800013CC] -> 0x1F13
mem[X,0x00000000800013CE] -> 0x00BF
[1272] [M]: 0x00000000800013CC (0x00BF1F13) slli t5, t5, 0xb
x30 <- 0x00000000077FF800

mem[X,0x00000000800013D0] -> 0x0F13
mem[X,0x00000000800013D2] -> 0x7FFF
[1273] [M]: 0x00000000800013D0 (0x7FFF0F13) addi t5, t5, 0x7ff
x30 <- 0x00000000077FFFFF

mem[X,0x00000000800013D4] -> 0x1F13
mem[X,0x00000000800013D6] -> 0x00BF
[1274] [M]: 0x00000000800013D4 (0x00BF1F13) slli t5, t5, 0xb
x30 <- 0x0000003BFFFFF800

mem[X,0x00000000800013D8] -> 0x0F13
mem[X,0x00000000800013DA] -> 0x74FF
[1275] [M]: 0x00000000800013D8 (0x74FF0F13) addi t5, t5, 0x74f
x30 <- 0x0000003BFFFFFF4F

mem[X,0x00000000800013DC] -> 0x1F13
mem[X,0x00000000800013DE] -> 0x00AF
[1276] [M]: 0x00000000800013DC (0x00AF1F13) slli t5, t5, 0xa
x30 <- 0x0000EFFFFFFD3C00

mem[X,0x00000000800013E0] -> 0x0F13
mem[X,0x00000000800013E2] -> 0x3FFF
[1277] [M]: 0x00000000800013E0 (0x3FFF0F13) addi t5, t5, 0x3ff
x30 <- 0x0000EFFFFFFD3FFF

mem[X,0x00000000800013E4] -> 0x0EB7
mem[X,0x00000000800013E6] -> 0xF800
[1278] [M]: 0x00000000800013E4 (0xF8000EB7) lui t4, -0x8000
x29 <- 0xFFFFFFFFF8000000

mem[X,0x00000000800013E8] -> 0x8E93
mem[X,0x00000000800013EA] -> 0xFFBE
[1279] [M]: 0x00000000800013E8 (0xFFBE8E93) addi t4, t4, -0x5
x29 <- 0xFFFFFFFFF7FFFFFB

mem[X,0x00000000800013EC] -> 0x9E93
mem[X,0x00000000800013EE] -> 0x00BE
[1280] [M]: 0x00000000800013EC (0x00BE9E93) slli t4, t4, 0xb
x29 <- 0xFFFFFFBFFFFFD800

mem[X,0x00000000800013F0] -> 0x8E93
mem[X,0x00000000800013F2] -> 0x000E
[1281] [M]: 0x00000000800013F0 (0x000E8E93) addi t4, t4, 0x0
x29 <- 0xFFFFFFBFFFFFD800

mem[X,0x00000000800013F4] -> 0x9E93
mem[X,0x00000000800013F6] -> 0x00BE
[1282] [M]: 0x00000000800013F4 (0x00BE9E93) slli t4, t4, 0xb
x29 <- 0xFFFDFFFFFEC00000

mem[X,0x00000000800013F8] -> 0x8E93
mem[X,0x00000000800013FA] -> 0x1C0E
[1283] [M]: 0x00000000800013F8 (0x1C0E8E93) addi t4, t4, 0x1c0
x29 <- 0xFFFDFFFFFEC001C0

mem[X,0x00000000800013FC] -> 0x9E93
mem[X,0x00000000800013FE] -> 0x00AE
[1284] [M]: 0x00000000800013FC (0x00AE9E93) slli t4, t4, 0xa
x29 <- 0xF7FFFFFB00070000

mem[X,0x0000000080001400] -> 0x8E93
mem[X,0x0000000080001402] -> 0x008E
[1285] [M]: 0x0000000080001400 (0x008E8E93) addi t4, t4, 0x8
x29 <- 0xF7FFFFFB00070008

mem[X,0x0000000080001404] -> 0x0FBB
mem[X,0x0000000080001406] -> 0x91DF
[1286] [M]: 0x0000000080001404 (0x91DF0FBB) psadd.h t6, t5, t4
x31 <- 0xF7FFEFFA00044007

mem[X,0x0000000080001408] -> 0xB423
mem[X,0x000000008000140A] -> 0x11F0
[1287] [M]: 0x0000000080001408 (0x11F0B423) sd t6, 0x108(ra)
mem[0x0000000080004318] <- 0xF7FFEFFA00044007

mem[X,0x000000008000140C] -> 0x0F37
mem[X,0x000000008000140E] -> 0xFF80
[1288] [M]: 0x000000008000140C (0xFF800F37) lui t5, -0x800
x30 <- 0xFFFFFFFFFF800000

mem[X,0x0000000080001410] -> 0x0F13
mem[X,0x0000000080001412] -> 0xBFFF
[1289] [M]: 0x0000000080001410 (0xBFFF0F13) addi t5, t5, -0x401
x30 <- 0xFFFFFFFFFF7FFBFF

mem[X,0x0000000080001414] -> 0x1F13
mem[X,0x0000000080001416] -> 0x00BF
[1290] [M]: 0x0000000080001414 (0x00BF1F13) slli t5, t5, 0xb
x30 <- 0xFFFFFFFBFFDFF800

mem[X,0x0000000080001418] -> 0x0F13
mem[X,0x000000008000141A] -> 0x3FFF
[1291] [M]: 0x0000000080001418 (0x3FFF0F13) addi t5, t5, 0x3ff
x30 <- 0xFFFFFFFBFFDFFBFF

mem[X,0x000000008000141C] -> 0x1F13
mem[X,0x000000008000141E] -> 0x00BF
[1292] [M]: 0x000000008000141C (0x00BF1F13) slli t5, t5, 0xb
x30 <- 0xFFFFDFFEFFDFF800

mem[X,0x0000000080001420] -> 0x0F13
mem[X,0x0000000080001422] -> 0x7FFF
[1293] [M]: 0x0000000080001420 (0x7FFF0F13) addi t5, t5, 0x7ff
x30 <- 0xFFFFDFFEFFDFFFFF

mem[X,0x0000000080001424] -> 0x1F13
mem[X,0x0000000080001426] -> 0x00AF
[1294] [M]: 0x0000000080001424 (0x00AF1F13) slli t5, t5, 0xa
x30 <- 0xFF7FFBFF7FFFFC00

mem[X,0x0000000080001428] -> 0x0F13
mem[X,0x000000008000142A] -> 0x3FBF
[1295] [M]: 0x0000000080001428 (0x3FBF0F13) addi t5, t5, 0x3fb
x30 <- 0xFF7FFBFF7FFFFFFB

mem[X,0x000000008000142C] -> 0x0EB7
mem[X,0x000000008000142E] -> 0x2000
[1296] [M]: 0x000000008000142C (0x20000EB7) lui t4, 0x20000
x29 <- 0x0000000020000000

mem[X,0x0000000080001430] -> 0x8E93
mem[X,0x0000000080001432] -> 0x009E
[1297] [M]: 0x0000000080001430 (0x009E8E93) addi t4, t4, 0x9
x29 <- 0x0000000020000009

mem[X,0x0000000080001434] -> 0x9E93
mem[X,0x0000000080001436] -> 0x00BE
[1298] [M]: 0x0000000080001434 (0x00BE9E93) slli t4, t4, 0xb
x29 <- 0x0000010000004800

mem[X,0x0000000080001438] -> 0x8E93
mem[X,0x000000008000143A] -> 0x7FFE
[1299] [M]: 0x0000000080001438 (0x7FFE8E93) addi t4, t4, 0x7ff
x29 <- 0x0000010000004FFF

clint::tick mtime <- 0x000000000000000D
 clint timer pending at mtime 0x000000000000000D
htif::tick 0x0000000000000000
mem[X,0x000000008000143C] -> 0x9E93
mem[X,0x000000008000143E] -> 0x00BE
[1300] [M]: 0x000000008000143C (0x00BE9E93) slli t4, t4, 0xb
x29 <- 0x00080000027FF800

mem[X,0x0000000080001440] -> 0x8E93
mem[X,0x0000000080001442] -> 0x700E
[1301] [M]: 0x0000000080001440 (0x700E8E93) addi t4, t4, 0x700
x29 <- 0x00080000027FFF00

mem[X,0x0000000080001444] -> 0x9E93
mem[X,0x0000000080001446] -> 0x00AE
[1302] [M]: 0x0000000080001444 (0x00AE9E93) slli t4, t4, 0xa
x29 <- 0x20000009FFFC0000

mem[X,0x0000000080001448] -> 0x8E93
mem[X,0x000000008000144A] -> 0x010E
[1303] [M]: 0x0000000080001448 (0x010E8E93) addi t4, t4, 0x10
x29 <- 0x20000009FFFC0010

mem[X,0x000000008000144C] -> 0x0FBB
mem[X,0x000000008000144E] -> 0x91DF
[1304] [M]: 0x000000008000144C (0x91DF0FBB) psadd.h t6, t5, t4
x31 <- 0x1F7FFC087FFB000B

mem[X,0x0000000080001450] -> 0xB823
mem[X,0x0000000080001452] -> 0x11F0
[1305] [M]: 0x0000000080001450 (0x11F0B823) sd t6, 0x110(ra)
mem[0x0000000080004320] <- 0x1F7FFC087FFB000B

mem[X,0x0000000080001454] -> 0x1F37
mem[X,0x0000000080001456] -> 0xBFFF
[1306] [M]: 0x0000000080001454 (0xBFFF1F37) lui t5, -0x4000f
x30 <- 0xFFFFFFFFBFFF1000

mem[X,0x0000000080001458] -> 0x0F13
mem[X,0x000000008000145A] -> 0x800F
[1307] [M]: 0x0000000080001458 (0x800F0F13) addi t5, t5, -0x800
x30 <- 0xFFFFFFFFBFFF0800

mem[X,0x000000008000145C] -> 0x1F13
mem[X,0x000000008000145E] -> 0x00BF
[1308] [M]: 0x000000008000145C (0x00BF1F13) slli t5, t5, 0xb
x30 <- 0xFFFFFDFFF8400000

mem[X,0x0000000080001460] -> 0x0F13
mem[X,0x0000000080001462] -> 0x000F
[1309] [M]: 0x0000000080001460 (0x000F0F13) addi t5, t5, 0x0
x30 <- 0xFFFFFDFFF8400000

mem[X,0x0000000080001464] -> 0x1F13
mem[X,0x0000000080001466] -> 0x00BF
[1310] [M]: 0x0000000080001464 (0x00BF1F13) slli t5, t5, 0xb
x30 <- 0xFFEFFFC200000000

mem[X,0x0000000080001468] -> 0x0F13
mem[X,0x000000008000146A] -> 0x0BFF
[1311] [M]: 0x0000000080001468 (0x0BFF0F13) addi t5, t5, 0xbf
x30 <- 0xFFEFFFC2000000BF

mem[X,0x000000008000146C] -> 0x1F13
mem[X,0x000000008000146E] -> 0x00AF
[1312] [M]: 0x000000008000146C (0x00AF1F13) slli t5, t5, 0xa
x30 <- 0xBFFF08000002FC00

mem[X,0x0000000080001470] -> 0x0F13
mem[X,0x0000000080001472] -> 0x3FEF
[1313] [M]: 0x0000000080001470 (0x3FEF0F13) addi t5, t5, 0x3fe
x30 <- 0xBFFF08000002FFFE

mem[X,0x0000000080001474] -> 0x0EB7
mem[X,0x0000000080001476] -> 0x0009
[1314] [M]: 0x0000000080001474 (0x00090EB7) lui t4, 0x90
x29 <- 0x0000000000090000

mem[X,0x0000000080001478] -> 0x8E93
mem[X,0x000000008000147A] -> 0x005E
[1315] [M]: 0x0000000080001478 (0x005E8E93) addi t4, t4, 0x5
x29 <- 0x0000000000090005

mem[X,0x000000008000147C] -> 0x9E93
mem[X,0x000000008000147E] -> 0x00BE
[1316] [M]: 0x000000008000147C (0x00BE9E93) slli t4, t4, 0xb
x29 <- 0x0000000048002800

mem[X,0x0000000080001480] -> 0x8E93
mem[X,0x0000000080001482] -> 0x000E
[1317] [M]: 0x0000000080001480 (0x000E8E93) addi t4, t4, 0x0
x29 <- 0x0000000048002800

mem[X,0x0000000080001484] -> 0x9E93
mem[X,0x0000000080001486] -> 0x00BE
[1318] [M]: 0x0000000080001484 (0x00BE9E93) slli t4, t4, 0xb
x29 <- 0x0000024001400000

mem[X,0x0000000080001488] -> 0x8E93
mem[X,0x000000008000148A] -> 0x040E
[1319] [M]: 0x0000000080001488 (0x040E8E93) addi t4, t4, 0x40
x29 <- 0x0000024001400040

mem[X,0x000000008000148C] -> 0x9E93
mem[X,0x000000008000148E] -> 0x00AE
[1320] [M]: 0x000000008000148C (0x00AE9E93) slli t4, t4, 0xa
x29 <- 0x0009000500010000

mem[X,0x0000000080001490] -> 0x8E93
mem[X,0x0000000080001492] -> 0x040E
[1321] [M]: 0x0000000080001490 (0x040E8E93) addi t4, t4, 0x40
x29 <- 0x0009000500010040

mem[X,0x0000000080001494] -> 0x0FBB
mem[X,0x0000000080001496] -> 0x91DF
[1322] [M]: 0x0000000080001494 (0x91DF0FBB) psadd.h t6, t5, t4
x31 <- 0xC00808050003003E

mem[X,0x0000000080001498] -> 0xBC23
mem[X,0x000000008000149A] -> 0x11F0
[1323] [M]: 0x0000000080001498 (0x11F0BC23) sd t6, 0x118(ra)
mem[0x0000000080004328] <- 0xC00808050003003E

mem[X,0x000000008000149C] -> 0x0F37
mem[X,0x000000008000149E] -> 0xFFF7
[1324] [M]: 0x000000008000149C (0xFFF70F37) lui t5, -0x90
x30 <- 0xFFFFFFFFFFF70000

mem[X,0x00000000800014A0] -> 0x0F13
mem[X,0x00000000800014A2] -> 0x002F
[1325] [M]: 0x00000000800014A0 (0x002F0F13) addi t5, t5, 0x2
x30 <- 0xFFFFFFFFFFF70002

mem[X,0x00000000800014A4] -> 0x1F13
mem[X,0x00000000800014A6] -> 0x00BF
[1326] [M]: 0x00000000800014A4 (0x00BF1F13) slli t5, t5, 0xb
x30 <- 0xFFFFFFFFB8001000

mem[X,0x00000000800014A8] -> 0x0F13
mem[X,0x00000000800014AA] -> 0x7FDF
[1327] [M]: 0x00000000800014A8 (0x7FDF0F13) addi t5, t5, 0x7fd
x30 <- 0xFFFFFFFFB80017FD

mem[X,0x00000000800014AC] -> 0x1F13
mem[X,0x00000000800014AE] -> 0x00BF
[1328] [M]: 0x00000000800014AC (0x00BF1F13) slli t5, t5, 0xb
x30 <- 0xFFFFFDC000BFE800

mem[X,0x00000000800014B0] -> 0x0F13
mem[X,0x00000000800014B2] -> 0x7FDF
[1329] [M]: 0x00000000800014B0 (0x7FDF0F13) addi t5, t5, 0x7fd
x30 <- 0xFFFFFDC000BFEFFD

mem[X,0x00000000800014B4] -> 0x1F13
mem[X,0x00000000800014B6] -> 0x00AF
[1330] [M]: 0x00000000800014B4 (0x00AF1F13) slli t5, t5, 0xa
x30 <- 0xFFF70002FFBFF400

mem[X,0x00000000800014B8] -> 0x0F13
mem[X,0x00000000800014BA] -> 0x3FFF
[1331] [M]: 0x00000000800014B8 (0x3FFF0F13) addi t5, t5, 0x3ff
x30 <- 0xFFF70002FFBFF7FF

mem[X,0x00000000800014BC] -> 0x0EB7
mem[X,0x00000000800014BE] -> 0x0040
[1332] [M]: 0x00000000800014BC (0x00400EB7) lui t4, 0x400
x29 <- 0x0000000000400000

mem[X,0x00000000800014C0] -> 0x8E93
mem[X,0x00000000800014C2] -> 0x040E
[1333] [M]: 0x00000000800014C0 (0x040E8E93) addi t4, t4, 0x40
x29 <- 0x0000000000400040

mem[X,0x00000000800014C4] -> 0x9E93
mem[X,0x00000000800014C6] -> 0x00BE
[1334] [M]: 0x00000000800014C4 (0x00BE9E93) slli t4, t4, 0xb
x29 <- 0x0000000200020000

mem[X,0x00000000800014C8] -> 0x8E93
mem[X,0x00000000800014CA] -> 0x000E
[1335] [M]: 0x00000000800014C8 (0x000E8E93) addi t4, t4, 0x0
x29 <- 0x0000000200020000

mem[X,0x00000000800014CC] -> 0x9E93
mem[X,0x00000000800014CE] -> 0x00BE
[1336] [M]: 0x00000000800014CC (0x00BE9E93) slli t4, t4, 0xb
x29 <- 0x0000100010000000

mem[X,0x00000000800014D0] -> 0x8E93
mem[X,0x00000000800014D2] -> 0x402E
[1337] [M]: 0x00000000800014D0 (0x402E8E93) addi t4, t4, 0x402
x29 <- 0x0000100010000402

mem[X,0x00000000800014D4] -> 0x9E93
mem[X,0x00000000800014D6] -> 0x00AE
[1338] [M]: 0x00000000800014D4 (0x00AE9E93) slli t4, t4, 0xa
x29 <- 0x0040004000100800

mem[X,0x00000000800014D8] -> 0x0FBB
mem[X,0x00000000800014DA] -> 0x91DF
[1339] [M]: 0x00000000800014D8 (0x91DF0FBB) psadd.h t6, t5, t4
x31 <- 0x00370042FFCFFFFF

mem[X,0x00000000800014DC] -> 0xB023
mem[X,0x00000000800014DE] -> 0x13F0
[1340] [M]: 0x00000000800014DC (0x13F0B023) sd t6, 0x120(ra)
mem[0x0000000080004330] <- 0x00370042FFCFFFFF

mem[X,0x00000000800014E0] -> 0x0F37
mem[X,0x00000000800014E2] -> 0xFFC0
[1341] [M]: 0x00000000800014E0 (0xFFC00F37) lui t5, -0x400
x30 <- 0xFFFFFFFFFFC00000

mem[X,0x00000000800014E4] -> 0x0F13
mem[X,0x00000000800014E6] -> 0xBFFF
[1342] [M]: 0x00000000800014E4 (0xBFFF0F13) addi t5, t5, -0x401
x30 <- 0xFFFFFFFFFFBFFBFF

mem[X,0x00000000800014E8] -> 0x1F13
mem[X,0x00000000800014EA] -> 0x00BF
[1343] [M]: 0x00000000800014E8 (0x00BF1F13) slli t5, t5, 0xb
x30 <- 0xFFFFFFFDFFDFF800

mem[X,0x00000000800014EC] -> 0x0F13
mem[X,0x00000000800014EE] -> 0x7DFF
[1344] [M]: 0x00000000800014EC (0x7DFF0F13) addi t5, t5, 0x7df
x30 <- 0xFFFFFFFDFFDFFFDF

mem[X,0x00000000800014F0] -> 0x1F13
mem[X,0x00000000800014F2] -> 0x00BF
[1345] [M]: 0x00000000800014F0 (0x00BF1F13) slli t5, t5, 0xb
x30 <- 0xFFFFEFFEFFFEF800

mem[X,0x00000000800014F4] -> 0x0F13
mem[X,0x00000000800014F6] -> 0x7FFF
[1346] [M]: 0x00000000800014F4 (0x7FFF0F13) addi t5, t5, 0x7ff
x30 <- 0xFFFFEFFEFFFEFFFF

mem[X,0x00000000800014F8] -> 0x1F13
mem[X,0x00000000800014FA] -> 0x00AF
[1347] [M]: 0x00000000800014F8 (0x00AF1F13) slli t5, t5, 0xa
x30 <- 0xFFBFFBFFFBFFFC00

mem[X,0x00000000800014FC] -> 0x0F13
mem[X,0x00000000800014FE] -> 0x2FFF
[1348] [M]: 0x00000000800014FC (0x2FFF0F13) addi t5, t5, 0x2ff
x30 <- 0xFFBFFBFFFBFFFEFF

mem[X,0x0000000080001500] -> 0x0EB7
mem[X,0x0000000080001502] -> 0xFFBF
[1349] [M]: 0x0000000080001500 (0xFFBF0EB7) lui t4, -0x410
x29 <- 0xFFFFFFFFFFBF0000

mem[X,0x0000000080001504] -> 0x8E93
mem[X,0x0000000080001506] -> 0x006E
[1350] [M]: 0x0000000080001504 (0x006E8E93) addi t4, t4, 0x6
x29 <- 0xFFFFFFFFFFBF0006

mem[X,0x0000000080001508] -> 0x9E93
mem[X,0x000000008000150A] -> 0x00BE
[1351] [M]: 0x0000000080001508 (0x00BE9E93) slli t4, t4, 0xb
x29 <- 0xFFFFFFFDF8003000

mem[X,0x000000008000150C] -> 0x8E93
mem[X,0x000000008000150E] -> 0x555E
[1352] [M]: 0x000000008000150C (0x555E8E93) addi t4, t4, 0x555
x29 <- 0xFFFFFFFDF8003555

mem[X,0x0000000080001510] -> 0x9E93
mem[X,0x0000000080001512] -> 0x00BE
[1353] [M]: 0x0000000080001510 (0x00BE9E93) slli t4, t4, 0xb
x29 <- 0xFFFFEFC001AAA800

mem[X,0x0000000080001514] -> 0x8E93
mem[X,0x0000000080001516] -> 0x2BFE
[1354] [M]: 0x0000000080001514 (0x2BFE8E93) addi t4, t4, 0x2bf
x29 <- 0xFFFFEFC001AAAABF

mem[X,0x0000000080001518] -> 0x9E93
mem[X,0x000000008000151A] -> 0x00AE
[1355] [M]: 0x0000000080001518 (0x00AE9E93) slli t4, t4, 0xa
x29 <- 0xFFBF0006AAAAFC00

mem[X,0x000000008000151C] -> 0x8E93
mem[X,0x000000008000151E] -> 0x3FEE
[1356] [M]: 0x000000008000151C (0x3FEE8E93) addi t4, t4, 0x3fe
x29 <- 0xFFBF0006AAAAFFFE

mem[X,0x0000000080001520] -> 0x0FBB
mem[X,0x0000000080001522] -> 0x91DF
[1357] [M]: 0x0000000080001520 (0x91DF0FBB) psadd.h t6, t5, t4
x31 <- 0xFF7EFC05A6A9FEFD

mem[X,0x0000000080001524] -> 0xB423
mem[X,0x0000000080001526] -> 0x13F0
[1358] [M]: 0x0000000080001524 (0x13F0B423) sd t6, 0x128(ra)
mem[0x0000000080004338] <- 0xFF7EFC05A6A9FEFD

mem[X,0x0000000080001528] -> 0x2F37
mem[X,0x000000008000152A] -> 0xFBFF
[1359] [M]: 0x0000000080001528 (0xFBFF2F37) lui t5, -0x400e
x30 <- 0xFFFFFFFFFBFF2000

mem[X,0x000000008000152C] -> 0x0F13
mem[X,0x000000008000152E] -> 0x000F
[1360] [M]: 0x000000008000152C (0x000F0F13) addi t5, t5, 0x0
x30 <- 0xFFFFFFFFFBFF2000

mem[X,0x0000000080001530] -> 0x1F13
mem[X,0x0000000080001532] -> 0x00BF
[1361] [M]: 0x0000000080001530 (0x00BF1F13) slli t5, t5, 0xb
x30 <- 0xFFFFFFDFF9000000

mem[X,0x0000000080001534] -> 0x0F13
mem[X,0x0000000080001536] -> 0x7FFF
[1362] [M]: 0x0000000080001534 (0x7FFF0F13) addi t5, t5, 0x7ff
x30 <- 0xFFFFFFDFF90007FF

mem[X,0x0000000080001538] -> 0x1F13
mem[X,0x000000008000153A] -> 0x00BF
[1363] [M]: 0x0000000080001538 (0x00BF1F13) slli t5, t5, 0xb
x30 <- 0xFFFEFFC8003FF800

mem[X,0x000000008000153C] -> 0x0F13
mem[X,0x000000008000153E] -> 0x648F
[1364] [M]: 0x000000008000153C (0x648F0F13) addi t5, t5, 0x648
x30 <- 0xFFFEFFC8003FFE48

mem[X,0x0000000080001540] -> 0x1F13
mem[X,0x0000000080001542] -> 0x00AF
[1365] [M]: 0x0000000080001540 (0x00AF1F13) slli t5, t5, 0xa
x30 <- 0xFBFF2000FFF92000

mem[X,0x0000000080001544] -> 0xEEB7
mem[X,0x0000000080001546] -> 0xFFF6
[1366] [M]: 0x0000000080001544 (0xFFF6EEB7) lui t4, -0x92
x29 <- 0xFFFFFFFFFFF6E000

mem[X,0x0000000080001548] -> 0x8E93
mem[X,0x000000008000154A] -> 0xFFFE
[1367] [M]: 0x0000000080001548 (0xFFFE8E93) addi t4, t4, -0x1
x29 <- 0xFFFFFFFFFFF6DFFF

mem[X,0x000000008000154C] -> 0x9E93
mem[X,0x000000008000154E] -> 0x00BE
[1368] [M]: 0x000000008000154C (0x00BE9E93) slli t4, t4, 0xb
x29 <- 0xFFFFFFFFB6FFF800

mem[X,0x0000000080001550] -> 0x8E93
mem[X,0x0000000080001552] -> 0x000E
[1369] [M]: 0x0000000080001550 (0x000E8E93) addi t4, t4, 0x0
x29 <- 0xFFFFFFFFB6FFF800

mem[X,0x0000000080001554] -> 0x9E93
mem[X,0x0000000080001556] -> 0x00BE
[1370] [M]: 0x0000000080001554 (0x00BE9E93) slli t4, t4, 0xb
x29 <- 0xFFFFFDB7FFC00000

mem[X,0x0000000080001558] -> 0x8E93
mem[X,0x000000008000155A] -> 0x07FE
[1371] [M]: 0x0000000080001558 (0x07FE8E93) addi t4, t4, 0x7f
x29 <- 0xFFFFFDB7FFC0007F

mem[X,0x000000008000155C] -> 0x9E93
mem[X,0x000000008000155E] -> 0x00AE
[1372] [M]: 0x000000008000155C (0x00AE9E93) slli t4, t4, 0xa
x29 <- 0xFFF6DFFF0001FC00

mem[X,0x0000000080001560] -> 0x8E93
mem[X,0x0000000080001562] -> 0x3BFE
[1373] [M]: 0x0000000080001560 (0x3BFE8E93) addi t4, t4, 0x3bf
x29 <- 0xFFF6DFFF0001FFBF

mem[X,0x0000000080001564] -> 0x0FBB
mem[X,0x0000000080001566] -> 0x91DF
[1374] [M]: 0x0000000080001564 (0x91DF0FBB) psadd.h t6, t5, t4
x31 <- 0xFBF5FFFFFFFA1FBF

mem[X,0x0000000080001568] -> 0xB823
mem[X,0x000000008000156A] -> 0x13F0
[1375] [M]: 0x0000000080001568 (0x13F0B823) sd t6, 0x130(ra)
mem[0x0000000080004340] <- 0xFBF5FFFFFFFA1FBF

mem[X,0x000000008000156C] -> 0x0F37
mem[X,0x000000008000156E] -> 0xE000
[1376] [M]: 0x000000008000156C (0xE0000F37) lui t5, -0x20000
x30 <- 0xFFFFFFFFE0000000

mem[X,0x0000000080001570] -> 0x0F13
mem[X,0x0000000080001572] -> 0xFFAF
[1377] [M]: 0x0000000080001570 (0xFFAF0F13) addi t5, t5, -0x6
x30 <- 0xFFFFFFFFDFFFFFFA

mem[X,0x0000000080001574] -> 0x1F13
mem[X,0x0000000080001576] -> 0x00BF
[1378] [M]: 0x0000000080001574 (0x00BF1F13) slli t5, t5, 0xb
x30 <- 0xFFFFFEFFFFFFD000

mem[X,0x0000000080001578] -> 0x0F13
mem[X,0x000000008000157A] -> 0x7FFF
[1379] [M]: 0x0000000080001578 (0x7FFF0F13) addi t5, t5, 0x7ff
x30 <- 0xFFFFFEFFFFFFD7FF

mem[X,0x000000008000157C] -> 0x1F13
mem[X,0x000000008000157E] -> 0x00BF
[1380] [M]: 0x000000008000157C (0x00BF1F13) slli t5, t5, 0xb
x30 <- 0xFFF7FFFFFEBFF800

mem[X,0x0000000080001580] -> 0x0F13
mem[X,0x0000000080001582] -> 0x750F
[1381] [M]: 0x0000000080001580 (0x750F0F13) addi t5, t5, 0x750
x30 <- 0xFFF7FFFFFEBFFF50

mem[X,0x0000000080001584] -> 0x1F13
mem[X,0x0000000080001586] -> 0x00AF
[1382] [M]: 0x0000000080001584 (0x00AF1F13) slli t5, t5, 0xa
x30 <- 0xDFFFFFFAFFFD4000

mem[X,0x0000000080001588] -> 0x0EB7
mem[X,0x000000008000158A] -> 0xFF80
[1383] [M]: 0x0000000080001588 (0xFF800EB7) lui t4, -0x800
x29 <- 0xFFFFFFFFFF800000

mem[X,0x000000008000158C] -> 0x8E93
mem[X,0x000000008000158E] -> 0xFDFE
[1384] [M]: 0x000000008000158C (0xFDFE8E93) addi t4, t4, -0x21
x29 <- 0xFFFFFFFFFF7FFFDF

mem[X,0x0000000080001590] -> 0x9E93
mem[X,0x0000000080001592] -> 0x00BE
[1385] [M]: 0x0000000080001590 (0x00BE9E93) slli t4, t4, 0xb
x29 <- 0xFFFFFFFBFFFEF800

mem[X,0x0000000080001594] -> 0x8E93
mem[X,0x0000000080001596] -> 0x008E
[1386] [M]: 0x0000000080001594 (0x008E8E93) addi t4, t4, 0x8
x29 <- 0xFFFFFFFBFFFEF808

mem[X,0x0000000080001598] -> 0x9E93
mem[X,0x000000008000159A] -> 0x00BE
[1387] [M]: 0x0000000080001598 (0x00BE9E93) slli t4, t4, 0xb
x29 <- 0xFFFFDFFFF7C04000

mem[X,0x000000008000159C] -> 0x8E93
mem[X,0x000000008000159E] -> 0x03FE
[1388] [M]: 0x000000008000159C (0x03FE8E93) addi t4, t4, 0x3f
x29 <- 0xFFFFDFFFF7C0403F

mem[X,0x00000000800015A0] -> 0x9E93
mem[X,0x00000000800015A2] -> 0x00AE
[1389] [M]: 0x00000000800015A0 (0x00AE9E93) slli t4, t4, 0xa
x29 <- 0xFF7FFFDF0100FC00

mem[X,0x00000000800015A4] -> 0x8E93
mem[X,0x00000000800015A6] -> 0x2FFE
[1390] [M]: 0x00000000800015A4 (0x2FFE8E93) addi t4, t4, 0x2ff
x29 <- 0xFF7FFFDF0100FEFF

mem[X,0x00000000800015A8] -> 0x0FBB
mem[X,0x00000000800015AA] -> 0x91DF
[1391] [M]: 0x00000000800015A8 (0x91DF0FBB) psadd.h t6, t5, t4
x31 <- 0xDF7EFFD900FD3EFF

mem[X,0x00000000800015AC] -> 0xBC23
mem[X,0x00000000800015AE] -> 0x13F0
[1392] [M]: 0x00000000800015AC (0x13F0BC23) sd t6, 0x138(ra)
mem[0x0000000080004348] <- 0xDF7EFFD900FD3EFF

mem[X,0x00000000800015B0] -> 0x0F37
mem[X,0x00000000800015B2] -> 0xF000
[1393] [M]: 0x00000000800015B0 (0xF0000F37) lui t5, -0x10000
x30 <- 0xFFFFFFFFF0000000

mem[X,0x00000000800015B4] -> 0x0F13
mem[X,0x00000000800015B6] -> 0xFF7F
[1394] [M]: 0x00000000800015B4 (0xFF7F0F13) addi t5, t5, -0x9
x30 <- 0xFFFFFFFFEFFFFFF7

mem[X,0x00000000800015B8] -> 0x1F13
mem[X,0x00000000800015BA] -> 0x00BF
[1395] [M]: 0x00000000800015B8 (0x00BF1F13) slli t5, t5, 0xb
x30 <- 0xFFFFFF7FFFFFB800

mem[X,0x00000000800015BC] -> 0x0F13
mem[X,0x00000000800015BE] -> 0x001F
[1396] [M]: 0x00000000800015BC (0x001F0F13) addi t5, t5, 0x1
x30 <- 0xFFFFFF7FFFFFB801

mem[X,0x00000000800015C0] -> 0x1F13
mem[X,0x00000000800015C2] -> 0x00BF
[1397] [M]: 0x00000000800015C0 (0x00BF1F13) slli t5, t5, 0xb
x30 <- 0xFFFBFFFFFDC00800

mem[X,0x00000000800015C4] -> 0x0F13
mem[X,0x00000000800015C6] -> 0x03FF
[1398] [M]: 0x00000000800015C4 (0x03FF0F13) addi t5, t5, 0x3f
x30 <- 0xFFFBFFFFFDC0083F

mem[X,0x00000000800015C8] -> 0x1F13
mem[X,0x00000000800015CA] -> 0x00AF
[1399] [M]: 0x00000000800015C8 (0x00AF1F13) slli t5, t5, 0xa
x30 <- 0xEFFFFFF70020FC00

clint::tick mtime <- 0x000000000000000E
 clint timer pending at mtime 0x000000000000000E
htif::tick 0x0000000000000000
mem[X,0x00000000800015CC] -> 0x0F13
mem[X,0x00000000800015CE] -> 0x3FFF
[1400] [M]: 0x00000000800015CC (0x3FFF0F13) addi t5, t5, 0x3ff
x30 <- 0xEFFFFFF70020FFFF

mem[X,0x00000000800015D0] -> 0x0EB7
mem[X,0x00000000800015D2] -> 0xEFFF
[1401] [M]: 0x00000000800015D0 (0xEFFF0EB7) lui t4, -0x10010
x29 <- 0xFFFFFFFFEFFF0000

mem[X,0x00000000800015D4] -> 0x8E93
mem[X,0x00000000800015D6] -> 0x002E
[1402] [M]: 0x00000000800015D4 (0x002E8E93) addi t4, t4, 0x2
x29 <- 0xFFFFFFFFEFFF0002

mem[X,0x00000000800015D8] -> 0x9E93
mem[X,0x00000000800015DA] -> 0x00BE
[1403] [M]: 0x00000000800015D8 (0x00BE9E93) slli t4, t4, 0xb
x29 <- 0xFFFFFF7FF8001000

mem[X,0x00000000800015DC] -> 0x8E93
mem[X,0x00000000800015DE] -> 0x7FFE
[1404] [M]: 0x00000000800015DC (0x7FFE8E93) addi t4, t4, 0x7ff
x29 <- 0xFFFFFF7FF80017FF

mem[X,0x00000000800015E0] -> 0x9E93
mem[X,0x00000000800015E2] -> 0x00BE
[1405] [M]: 0x00000000800015E0 (0x00BE9E93) slli t4, t4, 0xb
x29 <- 0xFFFBFFC000BFF800

mem[X,0x00000000800015E4] -> 0x8E93
mem[X,0x00000000800015E6] -> 0x6BDE
[1406] [M]: 0x00000000800015E4 (0x6BDE8E93) addi t4, t4, 0x6bd
x29 <- 0xFFFBFFC000BFFEBD

mem[X,0x00000000800015E8] -> 0x9E93
mem[X,0x00000000800015EA] -> 0x00AE
[1407] [M]: 0x00000000800015E8 (0x00AE9E93) slli t4, t4, 0xa
x29 <- 0xEFFF0002FFFAF400

mem[X,0x00000000800015EC] -> 0x8E93
mem[X,0x00000000800015EE] -> 0x3FFE
[1408] [M]: 0x00000000800015EC (0x3FFE8E93) addi t4, t4, 0x3ff
x29 <- 0xEFFF0002FFFAF7FF

mem[X,0x00000000800015F0] -> 0x0FBB
mem[X,0x00000000800015F2] -> 0x91DF
[1409] [M]: 0x00000000800015F0 (0x91DF0FBB) psadd.h t6, t5, t4
x31 <- 0xDFFEFFF9001AF7FE

mem[X,0x00000000800015F4] -> 0xB023
mem[X,0x00000000800015F6] -> 0x15F0
[1410] [M]: 0x00000000800015F4 (0x15F0B023) sd t6, 0x140(ra)
mem[0x0000000080004350] <- 0xDFFEFFF9001AF7FE

mem[X,0x00000000800015F8] -> 0x4F37
mem[X,0x00000000800015FA] -> 0xFFFF
[1411] [M]: 0x00000000800015F8 (0xFFFF4F37) lui t5, -0xc
x30 <- 0xFFFFFFFFFFFF4000

mem[X,0x00000000800015FC] -> 0x0F13
mem[X,0x00000000800015FE] -> 0xFFFF
[1412] [M]: 0x00000000800015FC (0xFFFF0F13) addi t5, t5, -0x1
x30 <- 0xFFFFFFFFFFFF3FFF

mem[X,0x0000000080001600] -> 0x1F13
mem[X,0x0000000080001602] -> 0x00BF
[1413] [M]: 0x0000000080001600 (0x00BF1F13) slli t5, t5, 0xb
x30 <- 0xFFFFFFFFF9FFF800

mem[X,0x0000000080001604] -> 0x0F13
mem[X,0x0000000080001606] -> 0x7FBF
[1414] [M]: 0x0000000080001604 (0x7FBF0F13) addi t5, t5, 0x7fb
x30 <- 0xFFFFFFFFF9FFFFFB

mem[X,0x0000000080001608] -> 0x1F13
mem[X,0x000000008000160A] -> 0x00BF
[1415] [M]: 0x0000000080001608 (0x00BF1F13) slli t5, t5, 0xb
x30 <- 0xFFFFFFCFFFFFD800

mem[X,0x000000008000160C] -> 0x0F13
mem[X,0x000000008000160E] -> 0x7D5F
[1416] [M]: 0x000000008000160C (0x7D5F0F13) addi t5, t5, 0x7d5
x30 <- 0xFFFFFFCFFFFFDFD5

mem[X,0x0000000080001610] -> 0x1F13
mem[X,0x0000000080001612] -> 0x00AF
[1417] [M]: 0x0000000080001610 (0x00AF1F13) slli t5, t5, 0xa
x30 <- 0xFFFF3FFFFF7F5400

mem[X,0x0000000080001614] -> 0x0F13
mem[X,0x0000000080001616] -> 0x155F
[1418] [M]: 0x0000000080001614 (0x155F0F13) addi t5, t5, 0x155
x30 <- 0xFFFF3FFFFF7F5555

mem[X,0x0000000080001618] -> 0x0EB7
mem[X,0x000000008000161A] -> 0xFE00
[1419] [M]: 0x0000000080001618 (0xFE000EB7) lui t4, -0x2000
x29 <- 0xFFFFFFFFFE000000

mem[X,0x000000008000161C] -> 0x8E93
mem[X,0x000000008000161E] -> 0xFF6E
[1420] [M]: 0x000000008000161C (0xFF6E8E93) addi t4, t4, -0xa
x29 <- 0xFFFFFFFFFDFFFFF6

mem[X,0x0000000080001620] -> 0x9E93
mem[X,0x0000000080001622] -> 0x00BE
[1421] [M]: 0x0000000080001620 (0x00BE9E93) slli t4, t4, 0xb
x29 <- 0xFFFFFFEFFFFFB000

mem[X,0x0000000080001624] -> 0x8E93
mem[X,0x0000000080001626] -> 0x7BFE
[1422] [M]: 0x0000000080001624 (0x7BFE8E93) addi t4, t4, 0x7bf
x29 <- 0xFFFFFFEFFFFFB7BF

mem[X,0x0000000080001628] -> 0x9E93
mem[X,0x000000008000162A] -> 0x00BE
[1423] [M]: 0x0000000080001628 (0x00BE9E93) slli t4, t4, 0xb
x29 <- 0xFFFF7FFFFDBDF800

mem[X,0x000000008000162C] -> 0x8E93
mem[X,0x000000008000162E] -> 0x7FBE
[1424] [M]: 0x000000008000162C (0x7FBE8E93) addi t4, t4, 0x7fb
x29 <- 0xFFFF7FFFFDBDFFFB

mem[X,0x0000000080001630] -> 0x9E93
mem[X,0x0000000080001632] -> 0x00AE
[1425] [M]: 0x0000000080001630 (0x00AE9E93) slli t4, t4, 0xa
x29 <- 0xFDFFFFF6F7FFEC00

mem[X,0x0000000080001634] -> 0x8E93
mem[X,0x0000000080001636] -> 0x3FFE
[1426] [M]: 0x0000000080001634 (0x3FFE8E93) addi t4, t4, 0x3ff
x29 <- 0xFDFFFFF6F7FFEFFF

mem[X,0x0000000080001638] -> 0x0FBB
mem[X,0x000000008000163A] -> 0x91DF
[1427] [M]: 0x0000000080001638 (0x91DF0FBB) psadd.h t6, t5, t4
x31 <- 0xFDFE3FF5F77E4554

mem[X,0x000000008000163C] -> 0xB423
mem[X,0x000000008000163E] -> 0x15F0
[1428] [M]: 0x000000008000163C (0x15F0B423) sd t6, 0x148(ra)
mem[0x0000000080004358] <- 0xFDFE3FF5F77E4554

mem[X,0x0000000080001640] -> 0x0F37
mem[X,0x0000000080001642] -> 0xC001
[1429] [M]: 0x0000000080001640 (0xC0010F37) lui t5, -0x3fff0
x30 <- 0xFFFFFFFFC0010000

mem[X,0x0000000080001644] -> 0x0F13
mem[X,0x0000000080001646] -> 0xFF9F
[1430] [M]: 0x0000000080001644 (0xFF9F0F13) addi t5, t5, -0x7
x30 <- 0xFFFFFFFFC000FFF9

mem[X,0x0000000080001648] -> 0x1F13
mem[X,0x000000008000164A] -> 0x00BF
[1431] [M]: 0x0000000080001648 (0x00BF1F13) slli t5, t5, 0xb
x30 <- 0xFFFFFE0007FFC800

mem[X,0x000000008000164C] -> 0x0F13
mem[X,0x000000008000164E] -> 0x7BFF
[1432] [M]: 0x000000008000164C (0x7BFF0F13) addi t5, t5, 0x7bf
x30 <- 0xFFFFFE0007FFCFBF

mem[X,0x0000000080001650] -> 0x1F13
mem[X,0x0000000080001652] -> 0x00BF
[1433] [M]: 0x0000000080001650 (0x00BF1F13) slli t5, t5, 0xb
x30 <- 0xFFF0003FFE7DF800

mem[X,0x0000000080001654] -> 0x0F13
mem[X,0x0000000080001656] -> 0x7FFF
[1434] [M]: 0x0000000080001654 (0x7FFF0F13) addi t5, t5, 0x7ff
x30 <- 0xFFF0003FFE7DFFFF

mem[X,0x0000000080001658] -> 0x1F13
mem[X,0x000000008000165A] -> 0x00AF
[1435] [M]: 0x0000000080001658 (0x00AF1F13) slli t5, t5, 0xa
x30 <- 0xC000FFF9F7FFFC00

mem[X,0x000000008000165C] -> 0x0F13
mem[X,0x000000008000165E] -> 0x37FF
[1436] [M]: 0x000000008000165C (0x37FF0F13) addi t5, t5, 0x37f
x30 <- 0xC000FFF9F7FFFF7F

mem[X,0x0000000080001660] -> 0x0EB7
mem[X,0x0000000080001662] -> 0x0080
[1437] [M]: 0x0000000080001660 (0x00800EB7) lui t4, 0x800
x29 <- 0x0000000000800000

mem[X,0x0000000080001664] -> 0x8E93
mem[X,0x0000000080001666] -> 0x010E
[1438] [M]: 0x0000000080001664 (0x010E8E93) addi t4, t4, 0x10
x29 <- 0x0000000000800010

mem[X,0x0000000080001668] -> 0x9E93
mem[X,0x000000008000166A] -> 0x00BE
[1439] [M]: 0x0000000080001668 (0x00BE9E93) slli t4, t4, 0xb
x29 <- 0x0000000400008000

mem[X,0x000000008000166C] -> 0x8E93
mem[X,0x000000008000166E] -> 0x7FDE
[1440] [M]: 0x000000008000166C (0x7FDE8E93) addi t4, t4, 0x7fd
x29 <- 0x00000004000087FD

mem[X,0x0000000080001670] -> 0x9E93
mem[X,0x0000000080001672] -> 0x00BE
[1441] [M]: 0x0000000080001670 (0x00BE9E93) slli t4, t4, 0xb
x29 <- 0x00002000043FE800

mem[X,0x0000000080001674] -> 0x8E93
mem[X,0x0000000080001676] -> 0x7D5E
[1442] [M]: 0x0000000080001674 (0x7D5E8E93) addi t4, t4, 0x7d5
x29 <- 0x00002000043FEFD5

mem[X,0x0000000080001678] -> 0x9E93
mem[X,0x000000008000167A] -> 0x00AE
[1443] [M]: 0x0000000080001678 (0x00AE9E93) slli t4, t4, 0xa
x29 <- 0x00800010FFBF5400

mem[X,0x000000008000167C] -> 0x8E93
mem[X,0x000000008000167E] -> 0x155E
[1444] [M]: 0x000000008000167C (0x155E8E93) addi t4, t4, 0x155
x29 <- 0x00800010FFBF5555

mem[X,0x0000000080001680] -> 0x0FBB
mem[X,0x0000000080001682] -> 0x91DF
[1445] [M]: 0x0000000080001680 (0x91DF0FBB) psadd.h t6, t5, t4
x31 <- 0xC0800009F7BE54D4

mem[X,0x0000000080001684] -> 0xB823
mem[X,0x0000000080001686] -> 0x15F0
[1446] [M]: 0x0000000080001684 (0x15F0B823) sd t6, 0x150(ra)
mem[0x0000000080004360] <- 0xC0800009F7BE54D4

mem[X,0x0000000080001688] -> 0x4F37
mem[X,0x000000008000168A] -> 0x0009
[1447] [M]: 0x0000000080001688 (0x00094F37) lui t5, 0x94
x30 <- 0x0000000000094000

mem[X,0x000000008000168C] -> 0x0F13
mem[X,0x000000008000168E] -> 0x000F
[1448] [M]: 0x000000008000168C (0x000F0F13) addi t5, t5, 0x0
x30 <- 0x0000000000094000

mem[X,0x0000000080001690] -> 0x1F13
mem[X,0x0000000080001692] -> 0x00BF
[1449] [M]: 0x0000000080001690 (0x00BF1F13) slli t5, t5, 0xb
x30 <- 0x000000004A000000

mem[X,0x0000000080001694] -> 0x0F13
mem[X,0x0000000080001696] -> 0x7EFF
[1450] [M]: 0x0000000080001694 (0x7EFF0F13) addi t5, t5, 0x7ef
x30 <- 0x000000004A0007EF

mem[X,0x0000000080001698] -> 0x1F13
mem[X,0x000000008000169A] -> 0x00BF
[1451] [M]: 0x0000000080001698 (0x00BF1F13) slli t5, t5, 0xb
x30 <- 0x00000250003F7800

mem[X,0x000000008000169C] -> 0x0F13
mem[X,0x000000008000169E] -> 0x7C0F
[1452] [M]: 0x000000008000169C (0x7C0F0F13) addi t5, t5, 0x7c0
x30 <- 0x00000250003F7FC0

mem[X,0x00000000800016A0] -> 0x1F13
mem[X,0x00000000800016A2] -> 0x00AF
[1453] [M]: 0x00000000800016A0 (0x00AF1F13) slli t5, t5, 0xa
x30 <- 0x00094000FDFF0000

mem[X,0x00000000800016A4] -> 0x0F13
mem[X,0x00000000800016A6] -> 0x007F
[1454] [M]: 0x00000000800016A4 (0x007F0F13) addi t5, t5, 0x7
x30 <- 0x00094000FDFF0007

mem[X,0x00000000800016A8] -> 0x0EB7
mem[X,0x00000000800016AA] -> 0x5556
[1455] [M]: 0x00000000800016A8 (0x55560EB7) lui t4, 0x55560
x29 <- 0x0000000055560000

mem[X,0x00000000800016AC] -> 0x8E93
mem[X,0x00000000800016AE] -> 0xFDFE
[1456] [M]: 0x00000000800016AC (0xFDFE8E93) addi t4, t4, -0x21
x29 <- 0x000000005555FFDF

mem[X,0x00000000800016B0] -> 0x9E93
mem[X,0x00000000800016B2] -> 0x00BE
[1457] [M]: 0x00000000800016B0 (0x00BE9E93) slli t4, t4, 0xb
x29 <- 0x000002AAAFFEF800

mem[X,0x00000000800016B4] -> 0x8E93
mem[X,0x00000000800016B6] -> 0x000E
[1458] [M]: 0x00000000800016B4 (0x000E8E93) addi t4, t4, 0x0
x29 <- 0x000002AAAFFEF800

mem[X,0x00000000800016B8] -> 0x9E93
mem[X,0x00000000800016BA] -> 0x00BE
[1459] [M]: 0x00000000800016B8 (0x00BE9E93) slli t4, t4, 0xb
x29 <- 0x0015557FF7C00000

mem[X,0x00000000800016BC] -> 0x8E93
mem[X,0x00000000800016BE] -> 0x23FE
[1460] [M]: 0x00000000800016BC (0x23FE8E93) addi t4, t4, 0x23f
x29 <- 0x0015557FF7C0023F

mem[X,0x00000000800016C0] -> 0x9E93
mem[X,0x00000000800016C2] -> 0x00AE
[1461] [M]: 0x00000000800016C0 (0x00AE9E93) slli t4, t4, 0xa
x29 <- 0x5555FFDF0008FC00

mem[X,0x00000000800016C4] -> 0x8E93
mem[X,0x00000000800016C6] -> 0x3FAE
[1462] [M]: 0x00000000800016C4 (0x3FAE8E93) addi t4, t4, 0x3fa
x29 <- 0x5555FFDF0008FFFA

mem[X,0x00000000800016C8] -> 0x0FBB
mem[X,0x00000000800016CA] -> 0x91DF
[1463] [M]: 0x00000000800016C8 (0x91DF0FBB) psadd.h t6, t5, t4
x31 <- 0x555E3FDFFE070001

mem[X,0x00000000800016CC] -> 0xBC23
mem[X,0x00000000800016CE] -> 0x15F0
[1464] [M]: 0x00000000800016CC (0x15F0BC23) sd t6, 0x158(ra)
mem[0x0000000080004368] <- 0x555E3FDFFE070001

mem[X,0x00000000800016D0] -> 0x0F37
mem[X,0x00000000800016D2] -> 0xF800
[1465] [M]: 0x00000000800016D0 (0xF8000F37) lui t5, -0x8000
x30 <- 0xFFFFFFFFF8000000

mem[X,0x00000000800016D4] -> 0x0F13
mem[X,0x00000000800016D6] -> 0xFF7F
[1466] [M]: 0x00000000800016D4 (0xFF7F0F13) addi t5, t5, -0x9
x30 <- 0xFFFFFFFFF7FFFFF7

mem[X,0x00000000800016D8] -> 0x1F13
mem[X,0x00000000800016DA] -> 0x00BF
[1467] [M]: 0x00000000800016D8 (0x00BF1F13) slli t5, t5, 0xb
x30 <- 0xFFFFFFBFFFFFB800

mem[X,0x00000000800016DC] -> 0x0F13
mem[X,0x00000000800016DE] -> 0x7FFF
[1468] [M]: 0x00000000800016DC (0x7FFF0F13) addi t5, t5, 0x7ff
x30 <- 0xFFFFFFBFFFFFBFFF

mem[X,0x00000000800016E0] -> 0x1F13
mem[X,0x00000000800016E2] -> 0x00BF
[1469] [M]: 0x00000000800016E0 (0x00BF1F13) slli t5, t5, 0xb
x30 <- 0xFFFDFFFFFDFFF800

mem[X,0x00000000800016E4] -> 0x0F13
mem[X,0x00000000800016E6] -> 0x5FBF
[1470] [M]: 0x00000000800016E4 (0x5FBF0F13) addi t5, t5, 0x5fb
x30 <- 0xFFFDFFFFFDFFFDFB

mem[X,0x00000000800016E8] -> 0x1F13
mem[X,0x00000000800016EA] -> 0x00AF
[1471] [M]: 0x00000000800016E8 (0x00AF1F13) slli t5, t5, 0xa
x30 <- 0xF7FFFFF7FFF7EC00

mem[X,0x00000000800016EC] -> 0x0F13
mem[X,0x00000000800016EE] -> 0x3FFF
[1472] [M]: 0x00000000800016EC (0x3FFF0F13) addi t5, t5, 0x3ff
x30 <- 0xF7FFFFF7FFF7EFFF

mem[X,0x00000000800016F0] -> 0x1EB7
mem[X,0x00000000800016F2] -> 0x0010
[1473] [M]: 0x00000000800016F0 (0x00101EB7) lui t4, 0x101
x29 <- 0x0000000000101000

mem[X,0x00000000800016F4] -> 0x8E93
mem[X,0x00000000800016F6] -> 0x000E
[1474] [M]: 0x00000000800016F4 (0x000E8E93) addi t4, t4, 0x0
x29 <- 0x0000000000101000

mem[X,0x00000000800016F8] -> 0x9E93
mem[X,0x00000000800016FA] -> 0x00BE
[1475] [M]: 0x00000000800016F8 (0x00BE9E93) slli t4, t4, 0xb
x29 <- 0x0000000080800000

mem[X,0x00000000800016FC] -> 0x8E93
mem[X,0x00000000800016FE] -> 0x010E
[1476] [M]: 0x00000000800016FC (0x010E8E93) addi t4, t4, 0x10
x29 <- 0x0000000080800010

mem[X,0x0000000080001700] -> 0x9E93
mem[X,0x0000000080001702] -> 0x00BE
[1477] [M]: 0x0000000080001700 (0x00BE9E93) slli t4, t4, 0xb
x29 <- 0x0000040400008000

mem[X,0x0000000080001704] -> 0x8E93
mem[X,0x0000000080001706] -> 0x03FE
[1478] [M]: 0x0000000080001704 (0x03FE8E93) addi t4, t4, 0x3f
x29 <- 0x000004040000803F

mem[X,0x0000000080001708] -> 0x9E93
mem[X,0x000000008000170A] -> 0x00AE
[1479] [M]: 0x0000000080001708 (0x00AE9E93) slli t4, t4, 0xa
x29 <- 0x001010000200FC00

mem[X,0x000000008000170C] -> 0x8E93
mem[X,0x000000008000170E] -> 0x37FE
[1480] [M]: 0x000000008000170C (0x37FE8E93) addi t4, t4, 0x37f
x29 <- 0x001010000200FF7F

mem[X,0x0000000080001710] -> 0x0FBB
mem[X,0x0000000080001712] -> 0x91DF
[1481] [M]: 0x0000000080001710 (0x91DF0FBB) psadd.h t6, t5, t4
x31 <- 0xF80F0FF701F7EF7E

mem[X,0x0000000080001714] -> 0xB023
mem[X,0x0000000080001716] -> 0x17F0
[1482] [M]: 0x0000000080001714 (0x17F0B023) sd t6, 0x160(ra)
mem[0x0000000080004370] <- 0xF80F0FF701F7EF7E

mem[X,0x0000000080001718] -> 0xCF37
mem[X,0x000000008000171A] -> 0xC000
[1483] [M]: 0x0000000080001718 (0xC000CF37) lui t5, -0x3fff4
x30 <- 0xFFFFFFFFC000C000

mem[X,0x000000008000171C] -> 0x0F13
mem[X,0x000000008000171E] -> 0x000F
[1484] [M]: 0x000000008000171C (0x000F0F13) addi t5, t5, 0x0
x30 <- 0xFFFFFFFFC000C000

mem[X,0x0000000080001720] -> 0x1F13
mem[X,0x0000000080001722] -> 0x00BF
[1485] [M]: 0x0000000080001720 (0x00BF1F13) slli t5, t5, 0xb
x30 <- 0xFFFFFE0006000000

mem[X,0x0000000080001724] -> 0x0F13
mem[X,0x0000000080001726] -> 0x5FFF
[1486] [M]: 0x0000000080001724 (0x5FFF0F13) addi t5, t5, 0x5ff
x30 <- 0xFFFFFE00060005FF

mem[X,0x0000000080001728] -> 0x1F13
mem[X,0x000000008000172A] -> 0x00BF
[1487] [M]: 0x0000000080001728 (0x00BF1F13) slli t5, t5, 0xb
x30 <- 0xFFF00030002FF800

mem[X,0x000000008000172C] -> 0x0F13
mem[X,0x000000008000172E] -> 0x7E0F
[1488] [M]: 0x000000008000172C (0x7E0F0F13) addi t5, t5, 0x7e0
x30 <- 0xFFF00030002FFFE0

mem[X,0x0000000080001730] -> 0x1F13
mem[X,0x0000000080001732] -> 0x00AF
[1489] [M]: 0x0000000080001730 (0x00AF1F13) slli t5, t5, 0xa
x30 <- 0xC000C000BFFF8000

mem[X,0x0000000080001734] -> 0x1EB7
mem[X,0x0000000080001736] -> 0x0002
[1490] [M]: 0x0000000080001734 (0x00021EB7) lui t4, 0x21
x29 <- 0x0000000000021000

mem[X,0x0000000080001738] -> 0x8E93
mem[X,0x000000008000173A] -> 0x000E
[1491] [M]: 0x0000000080001738 (0x000E8E93) addi t4, t4, 0x0
x29 <- 0x0000000000021000

mem[X,0x000000008000173C] -> 0x9E93
mem[X,0x000000008000173E] -> 0x00BE
[1492] [M]: 0x000000008000173C (0x00BE9E93) slli t4, t4, 0xb
x29 <- 0x0000000010800000

mem[X,0x0000000080001740] -> 0x8E93
mem[X,0x0000000080001742] -> 0x020E
[1493] [M]: 0x0000000080001740 (0x020E8E93) addi t4, t4, 0x20
x29 <- 0x0000000010800020

mem[X,0x0000000080001744] -> 0x9E93
mem[X,0x0000000080001746] -> 0x00BE
[1494] [M]: 0x0000000080001744 (0x00BE9E93) slli t4, t4, 0xb
x29 <- 0x0000008400010000

mem[X,0x0000000080001748] -> 0x8E93
mem[X,0x000000008000174A] -> 0x02FE
[1495] [M]: 0x0000000080001748 (0x02FE8E93) addi t4, t4, 0x2f
x29 <- 0x000000840001002F

mem[X,0x000000008000174C] -> 0x9E93
mem[X,0x000000008000174E] -> 0x00AE
[1496] [M]: 0x000000008000174C (0x00AE9E93) slli t4, t4, 0xa
x29 <- 0x000210000400BC00

mem[X,0x0000000080001750] -> 0x8E93
mem[X,0x0000000080001752] -> 0x3FFE
[1497] [M]: 0x0000000080001750 (0x3FFE8E93) addi t4, t4, 0x3ff
x29 <- 0x000210000400BFFF

mem[X,0x0000000080001754] -> 0x0FBB
mem[X,0x0000000080001756] -> 0x91DF
[1498] [M]: 0x0000000080001754 (0x91DF0FBB) psadd.h t6, t5, t4
x31 <- 0xC002D000C3FF8000

mem[X,0x0000000080001758] -> 0xB423
mem[X,0x000000008000175A] -> 0x17F0
[1499] [M]: 0x0000000080001758 (0x17F0B423) sd t6, 0x168(ra)
mem[0x0000000080004378] <- 0xC002D000C3FF8000

clint::tick mtime <- 0x000000000000000F
 clint timer pending at mtime 0x000000000000000F
htif::tick 0x0000000000000000
mem[X,0x000000008000175C] -> 0x1F37
mem[X,0x000000008000175E] -> 0xFFFC
[1500] [M]: 0x000000008000175C (0xFFFC1F37) lui t5, -0x3f
x30 <- 0xFFFFFFFFFFFC1000

mem[X,0x0000000080001760] -> 0x0F13
mem[X,0x0000000080001762] -> 0x000F
[1501] [M]: 0x0000000080001760 (0x000F0F13) addi t5, t5, 0x0
x30 <- 0xFFFFFFFFFFFC1000

mem[X,0x0000000080001764] -> 0x1F13
mem[X,0x0000000080001766] -> 0x00BF
[1502] [M]: 0x0000000080001764 (0x00BF1F13) slli t5, t5, 0xb
x30 <- 0xFFFFFFFFE0800000

mem[X,0x0000000080001768] -> 0x0F13
mem[X,0x000000008000176A] -> 0x2AAF
[1503] [M]: 0x0000000080001768 (0x2AAF0F13) addi t5, t5, 0x2aa
x30 <- 0xFFFFFFFFE08002AA

mem[X,0x000000008000176C] -> 0x1F13
mem[X,0x000000008000176E] -> 0x00BF
[1504] [M]: 0x000000008000176C (0x00BF1F13) slli t5, t5, 0xb
x30 <- 0xFFFFFF0400155000

mem[X,0x0000000080001770] -> 0x0F13
mem[X,0x0000000080001772] -> 0x540F
[1505] [M]: 0x0000000080001770 (0x540F0F13) addi t5, t5, 0x540
x30 <- 0xFFFFFF0400155540

mem[X,0x0000000080001774] -> 0x1F13
mem[X,0x0000000080001776] -> 0x00AF
[1506] [M]: 0x0000000080001774 (0x00AF1F13) slli t5, t5, 0xa
x30 <- 0xFFFC100055550000

mem[X,0x0000000080001778] -> 0x0F13
mem[X,0x000000008000177A] -> 0x020F
[1507] [M]: 0x0000000080001778 (0x020F0F13) addi t5, t5, 0x20
x30 <- 0xFFFC100055550020

mem[X,0x000000008000177C] -> 0x0EB7
mem[X,0x000000008000177E] -> 0x0020
[1508] [M]: 0x000000008000177C (0x00200EB7) lui t4, 0x200
x29 <- 0x0000000000200000

mem[X,0x0000000080001780] -> 0x8E93
mem[X,0x0000000080001782] -> 0x004E
[1509] [M]: 0x0000000080001780 (0x004E8E93) addi t4, t4, 0x4
x29 <- 0x0000000000200004

mem[X,0x0000000080001784] -> 0x9E93
mem[X,0x0000000080001786] -> 0x00BE
[1510] [M]: 0x0000000080001784 (0x00BE9E93) slli t4, t4, 0xb
x29 <- 0x0000000100002000

mem[X,0x0000000080001788] -> 0x8E93
mem[X,0x000000008000178A] -> 0x080E
[1511] [M]: 0x0000000080001788 (0x080E8E93) addi t4, t4, 0x80
x29 <- 0x0000000100002080

mem[X,0x000000008000178C] -> 0x9E93
mem[X,0x000000008000178E] -> 0x00BE
[1512] [M]: 0x000000008000178C (0x00BE9E93) slli t4, t4, 0xb
x29 <- 0x0000080001040000

mem[X,0x0000000080001790] -> 0x8E93
mem[X,0x0000000080001792] -> 0x01FE
[1513] [M]: 0x0000000080001790 (0x01FE8E93) addi t4, t4, 0x1f
x29 <- 0x000008000104001F

mem[X,0x0000000080001794] -> 0x9E93
mem[X,0x0000000080001796] -> 0x00AE
[1514] [M]: 0x0000000080001794 (0x00AE9E93) slli t4, t4, 0xa
x29 <- 0x0020000410007C00

mem[X,0x0000000080001798] -> 0x8E93
mem[X,0x000000008000179A] -> 0x3FFE
[1515] [M]: 0x0000000080001798 (0x3FFE8E93) addi t4, t4, 0x3ff
x29 <- 0x0020000410007FFF

mem[X,0x000000008000179C] -> 0x0FBB
mem[X,0x000000008000179E] -> 0x91DF
[1516] [M]: 0x000000008000179C (0x91DF0FBB) psadd.h t6, t5, t4
x31 <- 0x001C100465557FFF

mem[X,0x00000000800017A0] -> 0xB823
mem[X,0x00000000800017A2] -> 0x17F0
[1517] [M]: 0x00000000800017A0 (0x17F0B823) sd t6, 0x170(ra)
mem[0x0000000080004380] <- 0x001C100465557FFF

mem[X,0x00000000800017A4] -> 0x0F37
mem[X,0x00000000800017A6] -> 0x0003
[1518] [M]: 0x00000000800017A4 (0x00030F37) lui t5, 0x30
x30 <- 0x0000000000030000

mem[X,0x00000000800017A8] -> 0x0F13
mem[X,0x00000000800017AA] -> 0x020F
[1519] [M]: 0x00000000800017A8 (0x020F0F13) addi t5, t5, 0x20
x30 <- 0x0000000000030020

mem[X,0x00000000800017AC] -> 0x1F13
mem[X,0x00000000800017AE] -> 0x00BF
[1520] [M]: 0x00000000800017AC (0x00BF1F13) slli t5, t5, 0xb
x30 <- 0x0000000018010000

mem[X,0x00000000800017B0] -> 0x0F13
mem[X,0x00000000800017B2] -> 0x200F
[1521] [M]: 0x00000000800017B0 (0x200F0F13) addi t5, t5, 0x200
x30 <- 0x0000000018010200

mem[X,0x00000000800017B4] -> 0x1F13
mem[X,0x00000000800017B6] -> 0x00BF
[1522] [M]: 0x00000000800017B4 (0x00BF1F13) slli t5, t5, 0xb
x30 <- 0x000000C008100000

mem[X,0x00000000800017B8] -> 0x0F13
mem[X,0x00000000800017BA] -> 0x03EF
[1523] [M]: 0x00000000800017B8 (0x03EF0F13) addi t5, t5, 0x3e
x30 <- 0x000000C00810003E

mem[X,0x00000000800017BC] -> 0x1F13
mem[X,0x00000000800017BE] -> 0x00AF
[1524] [M]: 0x00000000800017BC (0x00AF1F13) slli t5, t5, 0xa
x30 <- 0x000300204000F800

mem[X,0x00000000800017C0] -> 0x0F13
mem[X,0x00000000800017C2] -> 0x3FFF
[1525] [M]: 0x00000000800017C0 (0x3FFF0F13) addi t5, t5, 0x3ff
x30 <- 0x000300204000FBFF

mem[X,0x00000000800017C4] -> 0x0EB7
mem[X,0x00000000800017C6] -> 0x4001
[1526] [M]: 0x00000000800017C4 (0x40010EB7) lui t4, 0x40010
x29 <- 0x0000000040010000

mem[X,0x00000000800017C8] -> 0x8E93
mem[X,0x00000000800017CA] -> 0xFF7E
[1527] [M]: 0x00000000800017C8 (0xFF7E8E93) addi t4, t4, -0x9
x29 <- 0x000000004000FFF7

mem[X,0x00000000800017CC] -> 0x9E93
mem[X,0x00000000800017CE] -> 0x00BE
[1528] [M]: 0x00000000800017CC (0x00BE9E93) slli t4, t4, 0xb
x29 <- 0x0000020007FFB800

mem[X,0x00000000800017D0] -> 0x8E93
mem[X,0x00000000800017D2] -> 0x7FFE
[1529] [M]: 0x00000000800017D0 (0x7FFE8E93) addi t4, t4, 0x7ff
x29 <- 0x0000020007FFBFFF

mem[X,0x00000000800017D4] -> 0x9E93
mem[X,0x00000000800017D6] -> 0x00BE
[1530] [M]: 0x00000000800017D4 (0x00BE9E93) slli t4, t4, 0xb
x29 <- 0x0010003FFDFFF800

mem[X,0x00000000800017D8] -> 0x8E93
mem[X,0x00000000800017DA] -> 0x780E
[1531] [M]: 0x00000000800017D8 (0x780E8E93) addi t4, t4, 0x780
x29 <- 0x0010003FFDFFFF80

mem[X,0x00000000800017DC] -> 0x9E93
mem[X,0x00000000800017DE] -> 0x00AE
[1532] [M]: 0x00000000800017DC (0x00AE9E93) slli t4, t4, 0xa
x29 <- 0x4000FFF7FFFE0000

mem[X,0x00000000800017E0] -> 0x8E93
mem[X,0x00000000800017E2] -> 0x020E
[1533] [M]: 0x00000000800017E0 (0x020E8E93) addi t4, t4, 0x20
x29 <- 0x4000FFF7FFFE0020

mem[X,0x00000000800017E4] -> 0x0FBB
mem[X,0x00000000800017E6] -> 0x91DF
[1534] [M]: 0x00000000800017E4 (0x91DF0FBB) psadd.h t6, t5, t4
x31 <- 0x400300173FFEFC1F

mem[X,0x00000000800017E8] -> 0xBC23
mem[X,0x00000000800017EA] -> 0x17F0
[1535] [M]: 0x00000000800017E8 (0x17F0BC23) sd t6, 0x178(ra)
mem[0x0000000080004388] <- 0x400300173FFEFC1F

mem[X,0x00000000800017EC] -> 0x8F37
mem[X,0x00000000800017EE] -> 0x0003
[1536] [M]: 0x00000000800017EC (0x00038F37) lui t5, 0x38
x30 <- 0x0000000000038000

mem[X,0x00000000800017F0] -> 0x0F13
mem[X,0x00000000800017F2] -> 0x000F
[1537] [M]: 0x00000000800017F0 (0x000F0F13) addi t5, t5, 0x0
x30 <- 0x0000000000038000

mem[X,0x00000000800017F4] -> 0x1F13
mem[X,0x00000000800017F6] -> 0x00BF
[1538] [M]: 0x00000000800017F4 (0x00BF1F13) slli t5, t5, 0xb
x30 <- 0x000000001C000000

mem[X,0x00000000800017F8] -> 0x0F13
mem[X,0x00000000800017FA] -> 0x7FFF
[1539] [M]: 0x00000000800017F8 (0x7FFF0F13) addi t5, t5, 0x7ff
x30 <- 0x000000001C0007FF

mem[X,0x00000000800017FC] -> 0x1F13
mem[X,0x00000000800017FE] -> 0x00BF
[1540] [M]: 0x00000000800017FC (0x00BF1F13) slli t5, t5, 0xb
x30 <- 0x000000E0003FF800

mem[X,0x0000000080001800] -> 0x0F13
mem[X,0x0000000080001802] -> 0x5C0F
[1541] [M]: 0x0000000080001800 (0x5C0F0F13) addi t5, t5, 0x5c0
x30 <- 0x000000E0003FFDC0

mem[X,0x0000000080001804] -> 0x1F13
mem[X,0x0000000080001806] -> 0x00AF
[1542] [M]: 0x0000000080001804 (0x00AF1F13) slli t5, t5, 0xa
x30 <- 0x00038000FFF70000

mem[X,0x0000000080001808] -> 0x0F13
mem[X,0x000000008000180A] -> 0x006F
[1543] [M]: 0x0000000080001808 (0x006F0F13) addi t5, t5, 0x6
x30 <- 0x00038000FFF70006

mem[X,0x000000008000180C] -> 0x0EB7
mem[X,0x000000008000180E] -> 0xFFF6
[1544] [M]: 0x000000008000180C (0xFFF60EB7) lui t4, -0xa0
x29 <- 0xFFFFFFFFFFF60000

mem[X,0x0000000080001810] -> 0x8E93
mem[X,0x0000000080001812] -> 0x002E
[1545] [M]: 0x0000000080001810 (0x002E8E93) addi t4, t4, 0x2
x29 <- 0xFFFFFFFFFFF60002

mem[X,0x0000000080001814] -> 0x9E93
mem[X,0x0000000080001816] -> 0x00BE
[1546] [M]: 0x0000000080001814 (0x00BE9E93) slli t4, t4, 0xb
x29 <- 0xFFFFFFFFB0001000

mem[X,0x0000000080001818] -> 0x8E93
mem[X,0x000000008000181A] -> 0x000E
[1547] [M]: 0x0000000080001818 (0x000E8E93) addi t4, t4, 0x0
x29 <- 0xFFFFFFFFB0001000

mem[X,0x000000008000181C] -> 0x9E93
mem[X,0x000000008000181E] -> 0x00BE
[1548] [M]: 0x000000008000181C (0x00BE9E93) slli t4, t4, 0xb
x29 <- 0xFFFFFD8000800000

mem[X,0x0000000080001820] -> 0x8E93
mem[X,0x0000000080001822] -> 0x17FE
[1549] [M]: 0x0000000080001820 (0x17FE8E93) addi t4, t4, 0x17f
x29 <- 0xFFFFFD800080017F

mem[X,0x0000000080001824] -> 0x9E93
mem[X,0x0000000080001826] -> 0x00AE
[1550] [M]: 0x0000000080001824 (0x00AE9E93) slli t4, t4, 0xa
x29 <- 0xFFF600020005FC00

mem[X,0x0000000080001828] -> 0x8E93
mem[X,0x000000008000182A] -> 0x37FE
[1551] [M]: 0x0000000080001828 (0x37FE8E93) addi t4, t4, 0x37f
x29 <- 0xFFF600020005FF7F

mem[X,0x000000008000182C] -> 0x0FBB
mem[X,0x000000008000182E] -> 0x91DF
[1552] [M]: 0x000000008000182C (0x91DF0FBB) psadd.h t6, t5, t4
x31 <- 0xFFF98002FFFCFF85

mem[X,0x0000000080001830] -> 0xB023
mem[X,0x0000000080001832] -> 0x19F0
[1553] [M]: 0x0000000080001830 (0x19F0B023) sd t6, 0x180(ra)
mem[0x0000000080004390] <- 0xFFF98002FFFCFF85

mem[X,0x0000000080001834] -> 0x0F37
mem[X,0x0000000080001836] -> 0xFBFF
[1554] [M]: 0x0000000080001834 (0xFBFF0F37) lui t5, -0x4010
x30 <- 0xFFFFFFFFFBFF0000

mem[X,0x0000000080001838] -> 0x0F13
mem[X,0x000000008000183A] -> 0x040F
[1555] [M]: 0x0000000080001838 (0x040F0F13) addi t5, t5, 0x40
x30 <- 0xFFFFFFFFFBFF0040

mem[X,0x000000008000183C] -> 0x1F13
mem[X,0x000000008000183E] -> 0x00BF
[1556] [M]: 0x000000008000183C (0x00BF1F13) slli t5, t5, 0xb
x30 <- 0xFFFFFFDFF8020000

mem[X,0x0000000080001840] -> 0x0F13
mem[X,0x0000000080001842] -> 0x7FEF
[1557] [M]: 0x0000000080001840 (0x7FEF0F13) addi t5, t5, 0x7fe
x30 <- 0xFFFFFFDFF80207FE

mem[X,0x0000000080001844] -> 0x1F13
mem[X,0x0000000080001846] -> 0x00BF
[1558] [M]: 0x0000000080001844 (0x00BF1F13) slli t5, t5, 0xb
x30 <- 0xFFFEFFC0103FF000

mem[X,0x0000000080001848] -> 0x0F13
mem[X,0x000000008000184A] -> 0x7FFF
[1559] [M]: 0x0000000080001848 (0x7FFF0F13) addi t5, t5, 0x7ff
x30 <- 0xFFFEFFC0103FF7FF

mem[X,0x000000008000184C] -> 0x1F13
mem[X,0x000000008000184E] -> 0x00AF
[1560] [M]: 0x000000008000184C (0x00AF1F13) slli t5, t5, 0xa
x30 <- 0xFBFF0040FFDFFC00

mem[X,0x0000000080001850] -> 0x0F13
mem[X,0x0000000080001852] -> 0x3BFF
[1561] [M]: 0x0000000080001850 (0x3BFF0F13) addi t5, t5, 0x3bf
x30 <- 0xFBFF0040FFDFFFBF

mem[X,0x0000000080001854] -> 0x8EB7
mem[X,0x0000000080001856] -> 0x0800
[1562] [M]: 0x0000000080001854 (0x08008EB7) lui t4, 0x8008
x29 <- 0x0000000008008000

mem[X,0x0000000080001858] -> 0x8E93
mem[X,0x000000008000185A] -> 0xFFFE
[1563] [M]: 0x0000000080001858 (0xFFFE8E93) addi t4, t4, -0x1
x29 <- 0x0000000008007FFF

mem[X,0x000000008000185C] -> 0x9E93
mem[X,0x000000008000185E] -> 0x00BE
[1564] [M]: 0x000000008000185C (0x00BE9E93) slli t4, t4, 0xb
x29 <- 0x0000004003FFF800

mem[X,0x0000000080001860] -> 0x8E93
mem[X,0x0000000080001862] -> 0x7FFE
[1565] [M]: 0x0000000080001860 (0x7FFE8E93) addi t4, t4, 0x7ff
x29 <- 0x0000004003FFFFFF

mem[X,0x0000000080001864] -> 0x9E93
mem[X,0x0000000080001866] -> 0x00BE
[1566] [M]: 0x0000000080001864 (0x00BE9E93) slli t4, t4, 0xb
x29 <- 0x0002001FFFFFF800

mem[X,0x0000000080001868] -> 0x8E93
mem[X,0x000000008000186A] -> 0x6FFE
[1567] [M]: 0x0000000080001868 (0x6FFE8E93) addi t4, t4, 0x6ff
x29 <- 0x0002001FFFFFFEFF

mem[X,0x000000008000186C] -> 0x9E93
mem[X,0x000000008000186E] -> 0x00AE
[1568] [M]: 0x000000008000186C (0x00AE9E93) slli t4, t4, 0xa
x29 <- 0x08007FFFFFFBFC00

mem[X,0x0000000080001870] -> 0x8E93
mem[X,0x0000000080001872] -> 0x3FCE
[1569] [M]: 0x0000000080001870 (0x3FCE8E93) addi t4, t4, 0x3fc
x29 <- 0x08007FFFFFFBFFFC

mem[X,0x0000000080001874] -> 0x0FBB
mem[X,0x0000000080001876] -> 0x91DF
[1570] [M]: 0x0000000080001874 (0x91DF0FBB) psadd.h t6, t5, t4
x31 <- 0x03FF7FFFFFDAFFBB

mem[X,0x0000000080001878] -> 0xB423
mem[X,0x000000008000187A] -> 0x19F0
[1571] [M]: 0x0000000080001878 (0x19F0B423) sd t6, 0x188(ra)
mem[0x0000000080004398] <- 0x03FF7FFFFFDAFFBB

mem[X,0x000000008000187C] -> 0x0F37
mem[X,0x000000008000187E] -> 0x8000
[1572] [M]: 0x000000008000187C (0x80000F37) lui t5, -0x80000
x30 <- 0xFFFFFFFF80000000

mem[X,0x0000000080001880] -> 0x0F13
mem[X,0x0000000080001882] -> 0x000F
[1573] [M]: 0x0000000080001880 (0x000F0F13) addi t5, t5, 0x0
x30 <- 0xFFFFFFFF80000000

mem[X,0x0000000080001884] -> 0x1F13
mem[X,0x0000000080001886] -> 0x00BF
[1574] [M]: 0x0000000080001884 (0x00BF1F13) slli t5, t5, 0xb
x30 <- 0xFFFFFC0000000000

mem[X,0x0000000080001888] -> 0x0F13
mem[X,0x000000008000188A] -> 0x000F
[1575] [M]: 0x0000000080001888 (0x000F0F13) addi t5, t5, 0x0
x30 <- 0xFFFFFC0000000000

mem[X,0x000000008000188C] -> 0x1F13
mem[X,0x000000008000188E] -> 0x00BF
[1576] [M]: 0x000000008000188C (0x00BF1F13) slli t5, t5, 0xb
x30 <- 0xFFE0000000000000

mem[X,0x0000000080001890] -> 0x0F13
mem[X,0x0000000080001892] -> 0x27FF
[1577] [M]: 0x0000000080001890 (0x27FF0F13) addi t5, t5, 0x27f
x30 <- 0xFFE000000000027F

mem[X,0x0000000080001894] -> 0x1F13
mem[X,0x0000000080001896] -> 0x00AF
[1578] [M]: 0x0000000080001894 (0x00AF1F13) slli t5, t5, 0xa
x30 <- 0x800000000009FC00

mem[X,0x0000000080001898] -> 0x0F13
mem[X,0x000000008000189A] -> 0x3F7F
[1579] [M]: 0x0000000080001898 (0x3F7F0F13) addi t5, t5, 0x3f7
x30 <- 0x800000000009FFF7

mem[X,0x000000008000189C] -> 0x0EB7
mem[X,0x000000008000189E] -> 0x7FFF
[1580] [M]: 0x000000008000189C (0x7FFF0EB7) lui t4, 0x7fff0
x29 <- 0x000000007FFF0000

mem[X,0x00000000800018A0] -> 0x8E93
mem[X,0x00000000800018A2] -> 0x010E
[1581] [M]: 0x00000000800018A0 (0x010E8E93) addi t4, t4, 0x10
x29 <- 0x000000007FFF0010

mem[X,0x00000000800018A4] -> 0x9E93
mem[X,0x00000000800018A6] -> 0x00BE
[1582] [M]: 0x00000000800018A4 (0x00BE9E93) slli t4, t4, 0xb
x29 <- 0x000003FFF8008000

mem[X,0x00000000800018A8] -> 0x8E93
mem[X,0x00000000800018AA] -> 0x600E
[1583] [M]: 0x00000000800018A8 (0x600E8E93) addi t4, t4, 0x600
x29 <- 0x000003FFF8008600

mem[X,0x00000000800018AC] -> 0x9E93
mem[X,0x00000000800018AE] -> 0x00BE
[1584] [M]: 0x00000000800018AC (0x00BE9E93) slli t4, t4, 0xb
x29 <- 0x001FFFC004300000

mem[X,0x00000000800018B0] -> 0x8E93
mem[X,0x00000000800018B2] -> 0x03FE
[1585] [M]: 0x00000000800018B0 (0x03FE8E93) addi t4, t4, 0x3f
x29 <- 0x001FFFC00430003F

mem[X,0x00000000800018B4] -> 0x9E93
mem[X,0x00000000800018B6] -> 0x00AE
[1586] [M]: 0x00000000800018B4 (0x00AE9E93) slli t4, t4, 0xa
x29 <- 0x7FFF0010C000FC00

mem[X,0x00000000800018B8] -> 0x8E93
mem[X,0x00000000800018BA] -> 0x3FDE
[1587] [M]: 0x00000000800018B8 (0x3FDE8E93) addi t4, t4, 0x3fd
x29 <- 0x7FFF0010C000FFFD

mem[X,0x00000000800018BC] -> 0x0FBB
mem[X,0x00000000800018BE] -> 0x91DF
[1588] [M]: 0x00000000800018BC (0x91DF0FBB) psadd.h t6, t5, t4
x31 <- 0xFFFF0010C009FFF4

mem[X,0x00000000800018C0] -> 0xB823
mem[X,0x00000000800018C2] -> 0x19F0
[1589] [M]: 0x00000000800018C0 (0x19F0B823) sd t6, 0x190(ra)
mem[0x00000000800043A0] <- 0xFFFF0010C009FFF4

mem[X,0x00000000800018C4] -> 0x0F37
mem[X,0x00000000800018C6] -> 0x0008
[1590] [M]: 0x00000000800018C4 (0x00080F37) lui t5, 0x80
x30 <- 0x0000000000080000

mem[X,0x00000000800018C8] -> 0x0F13
mem[X,0x00000000800018CA] -> 0x006F
[1591] [M]: 0x00000000800018C8 (0x006F0F13) addi t5, t5, 0x6
x30 <- 0x0000000000080006

mem[X,0x00000000800018CC] -> 0x1F13
mem[X,0x00000000800018CE] -> 0x00BF
[1592] [M]: 0x00000000800018CC (0x00BF1F13) slli t5, t5, 0xb
x30 <- 0x0000000040003000

mem[X,0x00000000800018D0] -> 0x0F13
mem[X,0x00000000800018D2] -> 0x200F
[1593] [M]: 0x00000000800018D0 (0x200F0F13) addi t5, t5, 0x200
x30 <- 0x0000000040003200

mem[X,0x00000000800018D4] -> 0x1F13
mem[X,0x00000000800018D6] -> 0x00BF
[1594] [M]: 0x00000000800018D4 (0x00BF1F13) slli t5, t5, 0xb
x30 <- 0x0000020001900000

mem[X,0x00000000800018D8] -> 0x0F13
mem[X,0x00000000800018DA] -> 0x015F
[1595] [M]: 0x00000000800018D8 (0x015F0F13) addi t5, t5, 0x15
x30 <- 0x0000020001900015

mem[X,0x00000000800018DC] -> 0x1F13
mem[X,0x00000000800018DE] -> 0x00AF
[1596] [M]: 0x00000000800018DC (0x00AF1F13) slli t5, t5, 0xa
x30 <- 0x0008000640005400

mem[X,0x00000000800018E0] -> 0x0F13
mem[X,0x00000000800018E2] -> 0x155F
[1597] [M]: 0x00000000800018E0 (0x155F0F13) addi t5, t5, 0x155
x30 <- 0x0008000640005555

mem[X,0x00000000800018E4] -> 0x0EB7
mem[X,0x00000000800018E6] -> 0xBFFF
[1598] [M]: 0x00000000800018E4 (0xBFFF0EB7) lui t4, -0x40010
x29 <- 0xFFFFFFFFBFFF0000

mem[X,0x00000000800018E8] -> 0x8E93
mem[X,0x00000000800018EA] -> 0x007E
[1599] [M]: 0x00000000800018E8 (0x007E8E93) addi t4, t4, 0x7
x29 <- 0xFFFFFFFFBFFF0007

clint::tick mtime <- 0x0000000000000010
 clint timer pending at mtime 0x0000000000000010
htif::tick 0x0000000000000000
mem[X,0x00000000800018EC] -> 0x9E93
mem[X,0x00000000800018EE] -> 0x00BE
[1600] [M]: 0x00000000800018EC (0x00BE9E93) slli t4, t4, 0xb
x29 <- 0xFFFFFDFFF8003800

mem[X,0x00000000800018F0] -> 0x8E93
mem[X,0x00000000800018F2] -> 0x7EFE
[1601] [M]: 0x00000000800018F0 (0x7EFE8E93) addi t4, t4, 0x7ef
x29 <- 0xFFFFFDFFF8003FEF

mem[X,0x00000000800018F4] -> 0x9E93
mem[X,0x00000000800018F6] -> 0x00BE
[1602] [M]: 0x00000000800018F4 (0x00BE9E93) slli t4, t4, 0xb
x29 <- 0xFFEFFFC001FF7800

mem[X,0x00000000800018F8] -> 0x8E93
mem[X,0x00000000800018FA] -> 0x7FFE
[1603] [M]: 0x00000000800018F8 (0x7FFE8E93) addi t4, t4, 0x7ff
x29 <- 0xFFEFFFC001FF7FFF

mem[X,0x00000000800018FC] -> 0x9E93
mem[X,0x00000000800018FE] -> 0x00AE
[1604] [M]: 0x00000000800018FC (0x00AE9E93) slli t4, t4, 0xa
x29 <- 0xBFFF0007FDFFFC00

mem[X,0x0000000080001900] -> 0x8E93
mem[X,0x0000000080001902] -> 0x3FDE
[1605] [M]: 0x0000000080001900 (0x3FDE8E93) addi t4, t4, 0x3fd
x29 <- 0xBFFF0007FDFFFFFD

mem[X,0x0000000080001904] -> 0x0FBB
mem[X,0x0000000080001906] -> 0x91DF
[1606] [M]: 0x0000000080001904 (0x91DF0FBB) psadd.h t6, t5, t4
x31 <- 0xC007000D3DFF5552

mem[X,0x0000000080001908] -> 0xBC23
mem[X,0x000000008000190A] -> 0x19F0
[1607] [M]: 0x0000000080001908 (0x19F0BC23) sd t6, 0x198(ra)
mem[0x00000000800043A8] <- 0xC007000D3DFF5552

mem[X,0x000000008000190C] -> 0x0F37
mem[X,0x000000008000190E] -> 0x0010
[1608] [M]: 0x000000008000190C (0x00100F37) lui t5, 0x100
x30 <- 0x0000000000100000

mem[X,0x0000000080001910] -> 0x0F13
mem[X,0x0000000080001912] -> 0x005F
[1609] [M]: 0x0000000080001910 (0x005F0F13) addi t5, t5, 0x5
x30 <- 0x0000000000100005

mem[X,0x0000000080001914] -> 0x1F13
mem[X,0x0000000080001916] -> 0x00BF
[1610] [M]: 0x0000000080001914 (0x00BF1F13) slli t5, t5, 0xb
x30 <- 0x0000000080002800

mem[X,0x0000000080001918] -> 0x0F13
mem[X,0x000000008000191A] -> 0x7FFF
[1611] [M]: 0x0000000080001918 (0x7FFF0F13) addi t5, t5, 0x7ff
x30 <- 0x0000000080002FFF

mem[X,0x000000008000191C] -> 0x1F13
mem[X,0x000000008000191E] -> 0x00BF
[1612] [M]: 0x000000008000191C (0x00BF1F13) slli t5, t5, 0xb
x30 <- 0x00000400017FF800

mem[X,0x0000000080001920] -> 0x0F13
mem[X,0x0000000080001922] -> 0x600F
[1613] [M]: 0x0000000080001920 (0x600F0F13) addi t5, t5, 0x600
x30 <- 0x00000400017FFE00

mem[X,0x0000000080001924] -> 0x1F13
mem[X,0x0000000080001926] -> 0x00AF
[1614] [M]: 0x0000000080001924 (0x00AF1F13) slli t5, t5, 0xa
x30 <- 0x00100005FFF80000

mem[X,0x0000000080001928] -> 0x0F13
mem[X,0x000000008000192A] -> 0x002F
[1615] [M]: 0x0000000080001928 (0x002F0F13) addi t5, t5, 0x2
x30 <- 0x00100005FFF80002

mem[X,0x000000008000192C] -> 0x0EB7
mem[X,0x000000008000192E] -> 0x0005
[1616] [M]: 0x000000008000192C (0x00050EB7) lui t4, 0x50
x29 <- 0x0000000000050000

mem[X,0x0000000080001930] -> 0x8E93
mem[X,0x0000000080001932] -> 0xFBFE
[1617] [M]: 0x0000000080001930 (0xFBFE8E93) addi t4, t4, -0x41
x29 <- 0x000000000004FFBF

mem[X,0x0000000080001934] -> 0x9E93
mem[X,0x0000000080001936] -> 0x00BE
[1618] [M]: 0x0000000080001934 (0x00BE9E93) slli t4, t4, 0xb
x29 <- 0x0000000027FDF800

mem[X,0x0000000080001938] -> 0x8E93
mem[X,0x000000008000193A] -> 0x77FE
[1619] [M]: 0x0000000080001938 (0x77FE8E93) addi t4, t4, 0x77f
x29 <- 0x0000000027FDFF7F

mem[X,0x000000008000193C] -> 0x9E93
mem[X,0x000000008000193E] -> 0x00BE
[1620] [M]: 0x000000008000193C (0x00BE9E93) slli t4, t4, 0xb
x29 <- 0x0000013FEFFBF800

mem[X,0x0000000080001940] -> 0x8E93
mem[X,0x0000000080001942] -> 0x7FFE
[1621] [M]: 0x0000000080001940 (0x7FFE8E93) addi t4, t4, 0x7ff
x29 <- 0x0000013FEFFBFFFF

mem[X,0x0000000080001944] -> 0x9E93
mem[X,0x0000000080001946] -> 0x00AE
[1622] [M]: 0x0000000080001944 (0x00AE9E93) slli t4, t4, 0xa
x29 <- 0x0004FFBFEFFFFC00

mem[X,0x0000000080001948] -> 0x8E93
mem[X,0x000000008000194A] -> 0x1FFE
[1623] [M]: 0x0000000080001948 (0x1FFE8E93) addi t4, t4, 0x1ff
x29 <- 0x0004FFBFEFFFFDFF

mem[X,0x000000008000194C] -> 0x0FBB
mem[X,0x000000008000194E] -> 0x91DF
[1624] [M]: 0x000000008000194C (0x91DF0FBB) psadd.h t6, t5, t4
x31 <- 0x0014FFC4EFF7FE01

mem[X,0x0000000080001950] -> 0xB023
mem[X,0x0000000080001952] -> 0x1BF0
[1625] [M]: 0x0000000080001950 (0x1BF0B023) sd t6, 0x1a0(ra)
mem[0x00000000800043B0] <- 0x0014FFC4EFF7FE01

mem[X,0x0000000080001954] -> 0x0F37
mem[X,0x0000000080001956] -> 0x7FFF
[1626] [M]: 0x0000000080001954 (0x7FFF0F37) lui t5, 0x7fff0
x30 <- 0x000000007FFF0000

mem[X,0x0000000080001958] -> 0x0F13
mem[X,0x000000008000195A] -> 0x400F
[1627] [M]: 0x0000000080001958 (0x400F0F13) addi t5, t5, 0x400
x30 <- 0x000000007FFF0400

mem[X,0x000000008000195C] -> 0x1F13
mem[X,0x000000008000195E] -> 0x00BF
[1628] [M]: 0x000000008000195C (0x00BF1F13) slli t5, t5, 0xb
x30 <- 0x000003FFF8200000

mem[X,0x0000000080001960] -> 0x0F13
mem[X,0x0000000080001962] -> 0x7FFF
[1629] [M]: 0x0000000080001960 (0x7FFF0F13) addi t5, t5, 0x7ff
x30 <- 0x000003FFF82007FF

mem[X,0x0000000080001964] -> 0x1F13
mem[X,0x0000000080001966] -> 0x00BF
[1630] [M]: 0x0000000080001964 (0x00BF1F13) slli t5, t5, 0xb
x30 <- 0x001FFFC1003FF800

mem[X,0x0000000080001968] -> 0x0F13
mem[X,0x000000008000196A] -> 0x3FDF
[1631] [M]: 0x0000000080001968 (0x3FDF0F13) addi t5, t5, 0x3fd
x30 <- 0x001FFFC1003FFBFD

mem[X,0x000000008000196C] -> 0x1F13
mem[X,0x000000008000196E] -> 0x00AF
[1632] [M]: 0x000000008000196C (0x00AF1F13) slli t5, t5, 0xa
x30 <- 0x7FFF0400FFEFF400

mem[X,0x0000000080001970] -> 0x0F13
mem[X,0x0000000080001972] -> 0x3FFF
[1633] [M]: 0x0000000080001970 (0x3FFF0F13) addi t5, t5, 0x3ff
x30 <- 0x7FFF0400FFEFF7FF

mem[X,0x0000000080001974] -> 0x0EB7
mem[X,0x0000000080001976] -> 0xEFFF
[1634] [M]: 0x0000000080001974 (0xEFFF0EB7) lui t4, -0x10010
x29 <- 0xFFFFFFFFEFFF0000

mem[X,0x0000000080001978] -> 0x8E93
mem[X,0x000000008000197A] -> 0x009E
[1635] [M]: 0x0000000080001978 (0x009E8E93) addi t4, t4, 0x9
x29 <- 0xFFFFFFFFEFFF0009

mem[X,0x000000008000197C] -> 0x9E93
mem[X,0x000000008000197E] -> 0x00BE
[1636] [M]: 0x000000008000197C (0x00BE9E93) slli t4, t4, 0xb
x29 <- 0xFFFFFF7FF8004800

mem[X,0x0000000080001980] -> 0x8E93
mem[X,0x0000000080001982] -> 0x7FDE
[1637] [M]: 0x0000000080001980 (0x7FDE8E93) addi t4, t4, 0x7fd
x29 <- 0xFFFFFF7FF8004FFD

mem[X,0x0000000080001984] -> 0x9E93
mem[X,0x0000000080001986] -> 0x00BE
[1638] [M]: 0x0000000080001984 (0x00BE9E93) slli t4, t4, 0xb
x29 <- 0xFFFBFFC0027FE800

mem[X,0x0000000080001988] -> 0x8E93
mem[X,0x000000008000198A] -> 0x7C0E
[1639] [M]: 0x0000000080001988 (0x7C0E8E93) addi t4, t4, 0x7c0
x29 <- 0xFFFBFFC0027FEFC0

mem[X,0x000000008000198C] -> 0x9E93
mem[X,0x000000008000198E] -> 0x00AE
[1640] [M]: 0x000000008000198C (0x00AE9E93) slli t4, t4, 0xa
x29 <- 0xEFFF0009FFBF0000

mem[X,0x0000000080001990] -> 0x8E93
mem[X,0x0000000080001992] -> 0x003E
[1641] [M]: 0x0000000080001990 (0x003E8E93) addi t4, t4, 0x3
x29 <- 0xEFFF0009FFBF0003

mem[X,0x0000000080001994] -> 0x0FBB
mem[X,0x0000000080001996] -> 0x91DF
[1642] [M]: 0x0000000080001994 (0x91DF0FBB) psadd.h t6, t5, t4
x31 <- 0x6FFE0409FFAEF802

mem[X,0x0000000080001998] -> 0xB423
mem[X,0x000000008000199A] -> 0x1BF0
[1643] [M]: 0x0000000080001998 (0x1BF0B423) sd t6, 0x1a8(ra)
mem[0x00000000800043B8] <- 0x6FFE0409FFAEF802

mem[X,0x000000008000199C] -> 0xBF37
mem[X,0x000000008000199E] -> 0xF7FF
[1644] [M]: 0x000000008000199C (0xF7FFBF37) lui t5, -0x8005
x30 <- 0xFFFFFFFFF7FFB000

mem[X,0x00000000800019A0] -> 0x0F13
mem[X,0x00000000800019A2] -> 0xAAAF
[1645] [M]: 0x00000000800019A0 (0xAAAF0F13) addi t5, t5, -0x556
x30 <- 0xFFFFFFFFF7FFAAAA

mem[X,0x00000000800019A4] -> 0x1F13
mem[X,0x00000000800019A6] -> 0x00BF
[1646] [M]: 0x00000000800019A4 (0x00BF1F13) slli t5, t5, 0xb
x30 <- 0xFFFFFFBFFD555000

mem[X,0x00000000800019A8] -> 0x0F13
mem[X,0x00000000800019AA] -> 0x7FFF
[1647] [M]: 0x00000000800019A8 (0x7FFF0F13) addi t5, t5, 0x7ff
x30 <- 0xFFFFFFBFFD5557FF

mem[X,0x00000000800019AC] -> 0x1F13
mem[X,0x00000000800019AE] -> 0x00BF
[1648] [M]: 0x00000000800019AC (0x00BF1F13) slli t5, t5, 0xb
x30 <- 0xFFFDFFEAAABFF800

mem[X,0x00000000800019B0] -> 0x0F13
mem[X,0x00000000800019B2] -> 0x780F
[1649] [M]: 0x00000000800019B0 (0x780F0F13) addi t5, t5, 0x780
x30 <- 0xFFFDFFEAAABFFF80

mem[X,0x00000000800019B4] -> 0x1F13
mem[X,0x00000000800019B6] -> 0x00AF
[1650] [M]: 0x00000000800019B4 (0x00AF1F13) slli t5, t5, 0xa
x30 <- 0xF7FFAAAAFFFE0000

mem[X,0x00000000800019B8] -> 0x0F13
mem[X,0x00000000800019BA] -> 0x010F
[1651] [M]: 0x00000000800019B8 (0x010F0F13) addi t5, t5, 0x10
x30 <- 0xF7FFAAAAFFFE0010

mem[X,0x00000000800019BC] -> 0x0EB7
mem[X,0x00000000800019BE] -> 0xFFFE
[1652] [M]: 0x00000000800019BC (0xFFFE0EB7) lui t4, -0x20
x29 <- 0xFFFFFFFFFFFE0000

mem[X,0x00000000800019C0] -> 0x8E93
mem[X,0x00000000800019C2] -> 0xFFDE
[1653] [M]: 0x00000000800019C0 (0xFFDE8E93) addi t4, t4, -0x3
x29 <- 0xFFFFFFFFFFFDFFFD

mem[X,0x00000000800019C4] -> 0x9E93
mem[X,0x00000000800019C6] -> 0x00BE
[1654] [M]: 0x00000000800019C4 (0x00BE9E93) slli t4, t4, 0xb
x29 <- 0xFFFFFFFFEFFFE800

mem[X,0x00000000800019C8] -> 0x8E93
mem[X,0x00000000800019CA] -> 0x7FFE
[1655] [M]: 0x00000000800019C8 (0x7FFE8E93) addi t4, t4, 0x7ff
x29 <- 0xFFFFFFFFEFFFEFFF

mem[X,0x00000000800019CC] -> 0x9E93
mem[X,0x00000000800019CE] -> 0x00BE
[1656] [M]: 0x00000000800019CC (0x00BE9E93) slli t4, t4, 0xb
x29 <- 0xFFFFFF7FFF7FF800

mem[X,0x00000000800019D0] -> 0x8E93
mem[X,0x00000000800019D2] -> 0x740E
[1657] [M]: 0x00000000800019D0 (0x740E8E93) addi t4, t4, 0x740
x29 <- 0xFFFFFF7FFF7FFF40

mem[X,0x00000000800019D4] -> 0x9E93
mem[X,0x00000000800019D6] -> 0x00AE
[1658] [M]: 0x00000000800019D4 (0x00AE9E93) slli t4, t4, 0xa
x29 <- 0xFFFDFFFDFFFD0000

mem[X,0x00000000800019D8] -> 0x8E93
mem[X,0x00000000800019DA] -> 0x080E
[1659] [M]: 0x00000000800019D8 (0x080E8E93) addi t4, t4, 0x80
x29 <- 0xFFFDFFFDFFFD0080

mem[X,0x00000000800019DC] -> 0x0FBB
mem[X,0x00000000800019DE] -> 0x91DF
[1660] [M]: 0x00000000800019DC (0x91DF0FBB) psadd.h t6, t5, t4
x31 <- 0xF7FCAAA7FFFB0090

mem[X,0x00000000800019E0] -> 0xB823
mem[X,0x00000000800019E2] -> 0x1BF0
[1661] [M]: 0x00000000800019E0 (0x1BF0B823) sd t6, 0x1b0(ra)
mem[0x00000000800043C0] <- 0xF7FCAAA7FFFB0090

mem[X,0x00000000800019E4] -> 0x0F37
mem[X,0x00000000800019E6] -> 0xFFF9
[1662] [M]: 0x00000000800019E4 (0xFFF90F37) lui t5, -0x70
x30 <- 0xFFFFFFFFFFF90000

mem[X,0x00000000800019E8] -> 0x0F13
mem[X,0x00000000800019EA] -> 0xFFDF
[1663] [M]: 0x00000000800019E8 (0xFFDF0F13) addi t5, t5, -0x3
x30 <- 0xFFFFFFFFFFF8FFFD

mem[X,0x00000000800019EC] -> 0x1F13
mem[X,0x00000000800019EE] -> 0x00BF
[1664] [M]: 0x00000000800019EC (0x00BF1F13) slli t5, t5, 0xb
x30 <- 0xFFFFFFFFC7FFE800

mem[X,0x00000000800019F0] -> 0x0F13
mem[X,0x00000000800019F2] -> 0x000F
[1665] [M]: 0x00000000800019F0 (0x000F0F13) addi t5, t5, 0x0
x30 <- 0xFFFFFFFFC7FFE800

mem[X,0x00000000800019F4] -> 0x1F13
mem[X,0x00000000800019F6] -> 0x00BF
[1666] [M]: 0x00000000800019F4 (0x00BF1F13) slli t5, t5, 0xb
x30 <- 0xFFFFFE3FFF400000

mem[X,0x00000000800019F8] -> 0x0F13
mem[X,0x00000000800019FA] -> 0x180F
[1667] [M]: 0x00000000800019F8 (0x180F0F13) addi t5, t5, 0x180
x30 <- 0xFFFFFE3FFF400180

mem[X,0x00000000800019FC] -> 0x1F13
mem[X,0x00000000800019FE] -> 0x00AF
[1668] [M]: 0x00000000800019FC (0x00AF1F13) slli t5, t5, 0xa
x30 <- 0xFFF8FFFD00060000

mem[X,0x0000000080001A00] -> 0x0F13
mem[X,0x0000000080001A02] -> 0x003F
[1669] [M]: 0x0000000080001A00 (0x003F0F13) addi t5, t5, 0x3
x30 <- 0xFFF8FFFD00060003

mem[X,0x0000000080001A04] -> 0x0EB7
mem[X,0x0000000080001A06] -> 0x0005
[1670] [M]: 0x0000000080001A04 (0x00050EB7) lui t4, 0x50
x29 <- 0x0000000000050000

mem[X,0x0000000080001A08] -> 0x8E93
mem[X,0x0000000080001A0A] -> 0xFDFE
[1671] [M]: 0x0000000080001A08 (0xFDFE8E93) addi t4, t4, -0x21
x29 <- 0x000000000004FFDF

mem[X,0x0000000080001A0C] -> 0x9E93
mem[X,0x0000000080001A0E] -> 0x00BE
[1672] [M]: 0x0000000080001A0C (0x00BE9E93) slli t4, t4, 0xb
x29 <- 0x0000000027FEF800

mem[X,0x0000000080001A10] -> 0x8E93
mem[X,0x0000000080001A12] -> 0x000E
[1673] [M]: 0x0000000080001A10 (0x000E8E93) addi t4, t4, 0x0
x29 <- 0x0000000027FEF800

mem[X,0x0000000080001A14] -> 0x9E93
mem[X,0x0000000080001A16] -> 0x00BE
[1674] [M]: 0x0000000080001A14 (0x00BE9E93) slli t4, t4, 0xb
x29 <- 0x0000013FF7C00000

mem[X,0x0000000080001A18] -> 0x8E93
mem[X,0x0000000080001A1A] -> 0x000E
[1675] [M]: 0x0000000080001A18 (0x000E8E93) addi t4, t4, 0x0
x29 <- 0x0000013FF7C00000

mem[X,0x0000000080001A1C] -> 0x9E93
mem[X,0x0000000080001A1E] -> 0x00AE
[1676] [M]: 0x0000000080001A1C (0x00AE9E93) slli t4, t4, 0xa
x29 <- 0x0004FFDF00000000

mem[X,0x0000000080001A20] -> 0x8E93
mem[X,0x0000000080001A22] -> 0x002E
[1677] [M]: 0x0000000080001A20 (0x002E8E93) addi t4, t4, 0x2
x29 <- 0x0004FFDF00000002

mem[X,0x0000000080001A24] -> 0x0FBB
mem[X,0x0000000080001A26] -> 0x91DF
[1678] [M]: 0x0000000080001A24 (0x91DF0FBB) psadd.h t6, t5, t4
x31 <- 0xFFFCFFDC00060005

mem[X,0x0000000080001A28] -> 0xBC23
mem[X,0x0000000080001A2A] -> 0x1BF0
[1679] [M]: 0x0000000080001A28 (0x1BF0BC23) sd t6, 0x1b8(ra)
mem[0x00000000800043C8] <- 0xFFFCFFDC00060005

mem[X,0x0000000080001A2C] -> 0x0F37
mem[X,0x0000000080001A2E] -> 0xFFE0
[1680] [M]: 0x0000000080001A2C (0xFFE00F37) lui t5, -0x200
x30 <- 0xFFFFFFFFFFE00000

mem[X,0x0000000080001A30] -> 0x0F13
mem[X,0x0000000080001A32] -> 0xFF9F
[1681] [M]: 0x0000000080001A30 (0xFF9F0F13) addi t5, t5, -0x7
x30 <- 0xFFFFFFFFFFDFFFF9

mem[X,0x0000000080001A34] -> 0x1F13
mem[X,0x0000000080001A36] -> 0x00BF
[1682] [M]: 0x0000000080001A34 (0x00BF1F13) slli t5, t5, 0xb
x30 <- 0xFFFFFFFEFFFFC800

mem[X,0x0000000080001A38] -> 0x0F13
mem[X,0x0000000080001A3A] -> 0x5FFF
[1683] [M]: 0x0000000080001A38 (0x5FFF0F13) addi t5, t5, 0x5ff
x30 <- 0xFFFFFFFEFFFFCDFF

mem[X,0x0000000080001A3C] -> 0x1F13
mem[X,0x0000000080001A3E] -> 0x00BF
[1684] [M]: 0x0000000080001A3C (0x00BF1F13) slli t5, t5, 0xb
x30 <- 0xFFFFF7FFFE6FF800

mem[X,0x0000000080001A40] -> 0x0F13
mem[X,0x0000000080001A42] -> 0x7FFF
[1685] [M]: 0x0000000080001A40 (0x7FFF0F13) addi t5, t5, 0x7ff
x30 <- 0xFFFFF7FFFE6FFFFF

mem[X,0x0000000080001A44] -> 0x1F13
mem[X,0x0000000080001A46] -> 0x00AF
[1686] [M]: 0x0000000080001A44 (0x00AF1F13) slli t5, t5, 0xa
x30 <- 0xFFDFFFF9BFFFFC00

mem[X,0x0000000080001A48] -> 0x0F13
mem[X,0x0000000080001A4A] -> 0x3F6F
[1687] [M]: 0x0000000080001A48 (0x3F6F0F13) addi t5, t5, 0x3f6
x30 <- 0xFFDFFFF9BFFFFFF6

mem[X,0x0000000080001A4C] -> 0x0EB7
mem[X,0x0000000080001A4E] -> 0xFFFE
[1688] [M]: 0x0000000080001A4C (0xFFFE0EB7) lui t4, -0x20
x29 <- 0xFFFFFFFFFFFE0000

mem[X,0x0000000080001A50] -> 0x8E93
mem[X,0x0000000080001A52] -> 0x008E
[1689] [M]: 0x0000000080001A50 (0x008E8E93) addi t4, t4, 0x8
x29 <- 0xFFFFFFFFFFFE0008

mem[X,0x0000000080001A54] -> 0x9E93
mem[X,0x0000000080001A56] -> 0x00BE
[1690] [M]: 0x0000000080001A54 (0x00BE9E93) slli t4, t4, 0xb
x29 <- 0xFFFFFFFFF0004000

mem[X,0x0000000080001A58] -> 0x8E93
mem[X,0x0000000080001A5A] -> 0x555E
[1691] [M]: 0x0000000080001A58 (0x555E8E93) addi t4, t4, 0x555
x29 <- 0xFFFFFFFFF0004555

mem[X,0x0000000080001A5C] -> 0x9E93
mem[X,0x0000000080001A5E] -> 0x00BE
[1692] [M]: 0x0000000080001A5C (0x00BE9E93) slli t4, t4, 0xb
x29 <- 0xFFFFFF80022AA800

mem[X,0x0000000080001A60] -> 0x8E93
mem[X,0x0000000080001A62] -> 0x2BFE
[1693] [M]: 0x0000000080001A60 (0x2BFE8E93) addi t4, t4, 0x2bf
x29 <- 0xFFFFFF80022AAABF

mem[X,0x0000000080001A64] -> 0x9E93
mem[X,0x0000000080001A66] -> 0x00AE
[1694] [M]: 0x0000000080001A64 (0x00AE9E93) slli t4, t4, 0xa
x29 <- 0xFFFE0008AAAAFC00

mem[X,0x0000000080001A68] -> 0x8E93
mem[X,0x0000000080001A6A] -> 0x37FE
[1695] [M]: 0x0000000080001A68 (0x37FE8E93) addi t4, t4, 0x37f
x29 <- 0xFFFE0008AAAAFF7F

mem[X,0x0000000080001A6C] -> 0x0FBB
mem[X,0x0000000080001A6E] -> 0x91DF
[1696] [M]: 0x0000000080001A6C (0x91DF0FBB) psadd.h t6, t5, t4
x31 <- 0xFFDD00018000FF75

mem[X,0x0000000080001A70] -> 0xB023
mem[X,0x0000000080001A72] -> 0x1DF0
[1697] [M]: 0x0000000080001A70 (0x1DF0B023) sd t6, 0x1c0(ra)
mem[0x00000000800043D0] <- 0xFFDD00018000FF75

mem[X,0x0000000080001A74] -> 0x0F37
mem[X,0x0000000080001A76] -> 0x0041
[1698] [M]: 0x0000000080001A74 (0x00410F37) lui t5, 0x410
x30 <- 0x0000000000410000

mem[X,0x0000000080001A78] -> 0x0F13
mem[X,0x0000000080001A7A] -> 0xFDFF
[1699] [M]: 0x0000000080001A78 (0xFDFF0F13) addi t5, t5, -0x21
x30 <- 0x000000000040FFDF

clint::tick mtime <- 0x0000000000000011
 clint timer pending at mtime 0x0000000000000011
htif::tick 0x0000000000000000
mem[X,0x0000000080001A7C] -> 0x1F13
mem[X,0x0000000080001A7E] -> 0x00BF
[1700] [M]: 0x0000000080001A7C (0x00BF1F13) slli t5, t5, 0xb
x30 <- 0x0000000207FEF800

mem[X,0x0000000080001A80] -> 0x0F13
mem[X,0x0000000080001A82] -> 0x000F
[1701] [M]: 0x0000000080001A80 (0x000F0F13) addi t5, t5, 0x0
x30 <- 0x0000000207FEF800

mem[X,0x0000000080001A84] -> 0x1F13
mem[X,0x0000000080001A86] -> 0x00BF
[1702] [M]: 0x0000000080001A84 (0x00BF1F13) slli t5, t5, 0xb
x30 <- 0x0000103FF7C00000

mem[X,0x0000000080001A88] -> 0x0F13
mem[X,0x0000000080001A8A] -> 0x22AF
[1703] [M]: 0x0000000080001A88 (0x22AF0F13) addi t5, t5, 0x22a
x30 <- 0x0000103FF7C0022A

mem[X,0x0000000080001A8C] -> 0x1F13
mem[X,0x0000000080001A8E] -> 0x00AF
[1704] [M]: 0x0000000080001A8C (0x00AF1F13) slli t5, t5, 0xa
x30 <- 0x0040FFDF0008A800

mem[X,0x0000000080001A90] -> 0x0F13
mem[X,0x0000000080001A92] -> 0x2AAF
[1705] [M]: 0x0000000080001A90 (0x2AAF0F13) addi t5, t5, 0x2aa
x30 <- 0x0040FFDF0008AAAA

mem[X,0x0000000080001A94] -> 0x5EB7
mem[X,0x0000000080001A96] -> 0x0005
[1706] [M]: 0x0000000080001A94 (0x00055EB7) lui t4, 0x55
x29 <- 0x0000000000055000

mem[X,0x0000000080001A98] -> 0x8E93
mem[X,0x0000000080001A9A] -> 0x555E
[1707] [M]: 0x0000000080001A98 (0x555E8E93) addi t4, t4, 0x555
x29 <- 0x0000000000055555

mem[X,0x0000000080001A9C] -> 0x9E93
mem[X,0x0000000080001A9E] -> 0x00BE
[1708] [M]: 0x0000000080001A9C (0x00BE9E93) slli t4, t4, 0xb
x29 <- 0x000000002AAAA800

mem[X,0x0000000080001AA0] -> 0x8E93
mem[X,0x0000000080001AA2] -> 0x400E
[1709] [M]: 0x0000000080001AA0 (0x400E8E93) addi t4, t4, 0x400
x29 <- 0x000000002AAAAC00

mem[X,0x0000000080001AA4] -> 0x9E93
mem[X,0x0000000080001AA6] -> 0x00BE
[1710] [M]: 0x0000000080001AA4 (0x00BE9E93) slli t4, t4, 0xb
x29 <- 0x0000015555600000

mem[X,0x0000000080001AA8] -> 0x8E93
mem[X,0x0000000080001AAA] -> 0x000E
[1711] [M]: 0x0000000080001AA8 (0x000E8E93) addi t4, t4, 0x0
x29 <- 0x0000015555600000

mem[X,0x0000000080001AAC] -> 0x9E93
mem[X,0x0000000080001AAE] -> 0x00AE
[1712] [M]: 0x0000000080001AAC (0x00AE9E93) slli t4, t4, 0xa
x29 <- 0x0005555580000000

mem[X,0x0000000080001AB0] -> 0x8E93
mem[X,0x0000000080001AB2] -> 0x010E
[1713] [M]: 0x0000000080001AB0 (0x010E8E93) addi t4, t4, 0x10
x29 <- 0x0005555580000010

mem[X,0x0000000080001AB4] -> 0x0FBB
mem[X,0x0000000080001AB6] -> 0x91DF
[1714] [M]: 0x0000000080001AB4 (0x91DF0FBB) psadd.h t6, t5, t4
x31 <- 0x004555348008AABA

mem[X,0x0000000080001AB8] -> 0xB423
mem[X,0x0000000080001ABA] -> 0x1DF0
[1715] [M]: 0x0000000080001AB8 (0x1DF0B423) sd t6, 0x1c8(ra)
mem[0x00000000800043D8] <- 0x004555348008AABA

mem[X,0x0000000080001ABC] -> 0x0F37
mem[X,0x0000000080001ABE] -> 0xC000
[1716] [M]: 0x0000000080001ABC (0xC0000F37) lui t5, -0x40000
x30 <- 0xFFFFFFFFC0000000

mem[X,0x0000000080001AC0] -> 0x0F13
mem[X,0x0000000080001AC2] -> 0xDFFF
[1717] [M]: 0x0000000080001AC0 (0xDFFF0F13) addi t5, t5, -0x201
x30 <- 0xFFFFFFFFBFFFFDFF

mem[X,0x0000000080001AC4] -> 0x1F13
mem[X,0x0000000080001AC6] -> 0x00BF
[1718] [M]: 0x0000000080001AC4 (0x00BF1F13) slli t5, t5, 0xb
x30 <- 0xFFFFFDFFFFEFF800

mem[X,0x0000000080001AC8] -> 0x0F13
mem[X,0x0000000080001ACA] -> 0x008F
[1719] [M]: 0x0000000080001AC8 (0x008F0F13) addi t5, t5, 0x8
x30 <- 0xFFFFFDFFFFEFF808

mem[X,0x0000000080001ACC] -> 0x1F13
mem[X,0x0000000080001ACE] -> 0x00BF
[1720] [M]: 0x0000000080001ACC (0x00BF1F13) slli t5, t5, 0xb
x30 <- 0xFFEFFFFF7FC04000

mem[X,0x0000000080001AD0] -> 0x0F13
mem[X,0x0000000080001AD2] -> 0x000F
[1721] [M]: 0x0000000080001AD0 (0x000F0F13) addi t5, t5, 0x0
x30 <- 0xFFEFFFFF7FC04000

mem[X,0x0000000080001AD4] -> 0x1F13
mem[X,0x0000000080001AD6] -> 0x00AF
[1722] [M]: 0x0000000080001AD4 (0x00AF1F13) slli t5, t5, 0xa
x30 <- 0xBFFFFDFF01000000

mem[X,0x0000000080001AD8] -> 0x0F13
mem[X,0x0000000080001ADA] -> 0x080F
[1723] [M]: 0x0000000080001AD8 (0x080F0F13) addi t5, t5, 0x80
x30 <- 0xBFFFFDFF01000080

mem[X,0x0000000080001ADC] -> 0x0EB7
mem[X,0x0000000080001ADE] -> 0x0002
[1724] [M]: 0x0000000080001ADC (0x00020EB7) lui t4, 0x20
x29 <- 0x0000000000020000

mem[X,0x0000000080001AE0] -> 0x8E93
mem[X,0x0000000080001AE2] -> 0xFFBE
[1725] [M]: 0x0000000080001AE0 (0xFFBE8E93) addi t4, t4, -0x5
x29 <- 0x000000000001FFFB

mem[X,0x0000000080001AE4] -> 0x9E93
mem[X,0x0000000080001AE6] -> 0x00BE
[1726] [M]: 0x0000000080001AE4 (0x00BE9E93) slli t4, t4, 0xb
x29 <- 0x000000000FFFD800

mem[X,0x0000000080001AE8] -> 0x8E93
mem[X,0x0000000080001AEA] -> 0x000E
[1727] [M]: 0x0000000080001AE8 (0x000E8E93) addi t4, t4, 0x0
x29 <- 0x000000000FFFD800

mem[X,0x0000000080001AEC] -> 0x9E93
mem[X,0x0000000080001AEE] -> 0x00BE
[1728] [M]: 0x0000000080001AEC (0x00BE9E93) slli t4, t4, 0xb
x29 <- 0x0000007FFEC00000

mem[X,0x0000000080001AF0] -> 0x8E93
mem[X,0x0000000080001AF2] -> 0x43FE
[1729] [M]: 0x0000000080001AF0 (0x43FE8E93) addi t4, t4, 0x43f
x29 <- 0x0000007FFEC0043F

mem[X,0x0000000080001AF4] -> 0x9E93
mem[X,0x0000000080001AF6] -> 0x00AE
[1730] [M]: 0x0000000080001AF4 (0x00AE9E93) slli t4, t4, 0xa
x29 <- 0x0001FFFB0010FC00

mem[X,0x0000000080001AF8] -> 0x8E93
mem[X,0x0000000080001AFA] -> 0x3FEE
[1731] [M]: 0x0000000080001AF8 (0x3FEE8E93) addi t4, t4, 0x3fe
x29 <- 0x0001FFFB0010FFFE

mem[X,0x0000000080001AFC] -> 0x0FBB
mem[X,0x0000000080001AFE] -> 0x91DF
[1732] [M]: 0x0000000080001AFC (0x91DF0FBB) psadd.h t6, t5, t4
x31 <- 0xC000FDFA0110007E

mem[X,0x0000000080001B00] -> 0xB823
mem[X,0x0000000080001B02] -> 0x1DF0
[1733] [M]: 0x0000000080001B00 (0x1DF0B823) sd t6, 0x1d0(ra)
mem[0x00000000800043E0] <- 0xC000FDFA0110007E

mem[X,0x0000000080001B04] -> 0x0F37
mem[X,0x0000000080001B06] -> 0x0006
[1734] [M]: 0x0000000080001B04 (0x00060F37) lui t5, 0x60
x30 <- 0x0000000000060000

mem[X,0x0000000080001B08] -> 0x0F13
mem[X,0x0000000080001B0A] -> 0x003F
[1735] [M]: 0x0000000080001B08 (0x003F0F13) addi t5, t5, 0x3
x30 <- 0x0000000000060003

mem[X,0x0000000080001B0C] -> 0x1F13
mem[X,0x0000000080001B0E] -> 0x00BF
[1736] [M]: 0x0000000080001B0C (0x00BF1F13) slli t5, t5, 0xb
x30 <- 0x0000000030001800

mem[X,0x0000000080001B10] -> 0x0F13
mem[X,0x0000000080001B12] -> 0x020F
[1737] [M]: 0x0000000080001B10 (0x020F0F13) addi t5, t5, 0x20
x30 <- 0x0000000030001820

mem[X,0x0000000080001B14] -> 0x1F13
mem[X,0x0000000080001B16] -> 0x00BF
[1738] [M]: 0x0000000080001B14 (0x00BF1F13) slli t5, t5, 0xb
x30 <- 0x0000018000C10000

mem[X,0x0000000080001B18] -> 0x0F13
mem[X,0x0000000080001B1A] -> 0x000F
[1739] [M]: 0x0000000080001B18 (0x000F0F13) addi t5, t5, 0x0
x30 <- 0x0000018000C10000

mem[X,0x0000000080001B1C] -> 0x1F13
mem[X,0x0000000080001B1E] -> 0x00AF
[1740] [M]: 0x0000000080001B1C (0x00AF1F13) slli t5, t5, 0xa
x30 <- 0x0006000304000000

mem[X,0x0000000080001B20] -> 0x0F13
mem[X,0x0000000080001B22] -> 0x008F
[1741] [M]: 0x0000000080001B20 (0x008F0F13) addi t5, t5, 0x8
x30 <- 0x0006000304000008

mem[X,0x0000000080001B24] -> 0x0EB7
mem[X,0x0000000080001B26] -> 0x0003
[1742] [M]: 0x0000000080001B24 (0x00030EB7) lui t4, 0x30
x29 <- 0x0000000000030000

mem[X,0x0000000080001B28] -> 0x8E93
mem[X,0x0000000080001B2A] -> 0x100E
[1743] [M]: 0x0000000080001B28 (0x100E8E93) addi t4, t4, 0x100
x29 <- 0x0000000000030100

mem[X,0x0000000080001B2C] -> 0x9E93
mem[X,0x0000000080001B2E] -> 0x00BE
[1744] [M]: 0x0000000080001B2C (0x00BE9E93) slli t4, t4, 0xb
x29 <- 0x0000000018080000

mem[X,0x0000000080001B30] -> 0x8E93
mem[X,0x0000000080001B32] -> 0x3FFE
[1745] [M]: 0x0000000080001B30 (0x3FFE8E93) addi t4, t4, 0x3ff
x29 <- 0x00000000180803FF

mem[X,0x0000000080001B34] -> 0x9E93
mem[X,0x0000000080001B36] -> 0x00BE
[1746] [M]: 0x0000000080001B34 (0x00BE9E93) slli t4, t4, 0xb
x29 <- 0x000000C0401FF800

mem[X,0x0000000080001B38] -> 0x8E93
mem[X,0x0000000080001B3A] -> 0x7C0E
[1747] [M]: 0x0000000080001B38 (0x7C0E8E93) addi t4, t4, 0x7c0
x29 <- 0x000000C0401FFFC0

mem[X,0x0000000080001B3C] -> 0x9E93
mem[X,0x0000000080001B3E] -> 0x00AE
[1748] [M]: 0x0000000080001B3C (0x00AE9E93) slli t4, t4, 0xa
x29 <- 0x000301007FFF0000

mem[X,0x0000000080001B40] -> 0x8E93
mem[X,0x0000000080001B42] -> 0x009E
[1749] [M]: 0x0000000080001B40 (0x009E8E93) addi t4, t4, 0x9
x29 <- 0x000301007FFF0009

mem[X,0x0000000080001B44] -> 0x0FBB
mem[X,0x0000000080001B46] -> 0x91DF
[1750] [M]: 0x0000000080001B44 (0x91DF0FBB) psadd.h t6, t5, t4
x31 <- 0x000901037FFF0011

mem[X,0x0000000080001B48] -> 0xBC23
mem[X,0x0000000080001B4A] -> 0x1DF0
[1751] [M]: 0x0000000080001B48 (0x1DF0BC23) sd t6, 0x1d8(ra)
mem[0x00000000800043E8] <- 0x000901037FFF0011

mem[X,0x0000000080001B4C] -> 0x5F37
mem[X,0x0000000080001B4E] -> 0x0000
[1752] [M]: 0x0000000080001B4C (0x00005F37) lui t5, 0x5
x30 <- 0x0000000000005000

mem[X,0x0000000080001B50] -> 0x0F13
mem[X,0x0000000080001B52] -> 0x555F
[1753] [M]: 0x0000000080001B50 (0x555F0F13) addi t5, t5, 0x555
x30 <- 0x0000000000005555

mem[X,0x0000000080001B54] -> 0x1F13
mem[X,0x0000000080001B56] -> 0x00BF
[1754] [M]: 0x0000000080001B54 (0x00BF1F13) slli t5, t5, 0xb
x30 <- 0x0000000002AAA800

mem[X,0x0000000080001B58] -> 0x0F13
mem[X,0x0000000080001B5A] -> 0x000F
[1755] [M]: 0x0000000080001B58 (0x000F0F13) addi t5, t5, 0x0
x30 <- 0x0000000002AAA800

mem[X,0x0000000080001B5C] -> 0x1F13
mem[X,0x0000000080001B5E] -> 0x00BF
[1756] [M]: 0x0000000080001B5C (0x00BF1F13) slli t5, t5, 0xb
x30 <- 0x0000001555400000

mem[X,0x0000000080001B60] -> 0x0F13
mem[X,0x0000000080001B62] -> 0x400F
[1757] [M]: 0x0000000080001B60 (0x400F0F13) addi t5, t5, 0x400
x30 <- 0x0000001555400400

mem[X,0x0000000080001B64] -> 0x1F13
mem[X,0x0000000080001B66] -> 0x00AF
[1758] [M]: 0x0000000080001B64 (0x00AF1F13) slli t5, t5, 0xa
x30 <- 0x0000555500100000

mem[X,0x0000000080001B68] -> 0x0F13
mem[X,0x0000000080001B6A] -> 0x080F
[1759] [M]: 0x0000000080001B68 (0x080F0F13) addi t5, t5, 0x80
x30 <- 0x0000555500100080

mem[X,0x0000000080001B6C] -> 0x0EB7
mem[X,0x0000000080001B6E] -> 0xBFFF
[1760] [M]: 0x0000000080001B6C (0xBFFF0EB7) lui t4, -0x40010
x29 <- 0xFFFFFFFFBFFF0000

mem[X,0x0000000080001B70] -> 0x8E93
mem[X,0x0000000080001B72] -> 0x200E
[1761] [M]: 0x0000000080001B70 (0x200E8E93) addi t4, t4, 0x200
x29 <- 0xFFFFFFFFBFFF0200

mem[X,0x0000000080001B74] -> 0x9E93
mem[X,0x0000000080001B76] -> 0x00BE
[1762] [M]: 0x0000000080001B74 (0x00BE9E93) slli t4, t4, 0xb
x29 <- 0xFFFFFDFFF8100000

mem[X,0x0000000080001B78] -> 0x8E93
mem[X,0x0000000080001B7A] -> 0x000E
[1763] [M]: 0x0000000080001B78 (0x000E8E93) addi t4, t4, 0x0
x29 <- 0xFFFFFDFFF8100000

mem[X,0x0000000080001B7C] -> 0x9E93
mem[X,0x0000000080001B7E] -> 0x00BE
[1764] [M]: 0x0000000080001B7C (0x00BE9E93) slli t4, t4, 0xb
x29 <- 0xFFEFFFC080000000

mem[X,0x0000000080001B80] -> 0x8E93
mem[X,0x0000000080001B82] -> 0x1FFE
[1765] [M]: 0x0000000080001B80 (0x1FFE8E93) addi t4, t4, 0x1ff
x29 <- 0xFFEFFFC0800001FF

mem[X,0x0000000080001B84] -> 0x9E93
mem[X,0x0000000080001B86] -> 0x00AE
[1766] [M]: 0x0000000080001B84 (0x00AE9E93) slli t4, t4, 0xa
x29 <- 0xBFFF02000007FC00

mem[X,0x0000000080001B88] -> 0x8E93
mem[X,0x0000000080001B8A] -> 0x3F9E
[1767] [M]: 0x0000000080001B88 (0x3F9E8E93) addi t4, t4, 0x3f9
x29 <- 0xBFFF02000007FFF9

mem[X,0x0000000080001B8C] -> 0x0FBB
mem[X,0x0000000080001B8E] -> 0x91DF
[1768] [M]: 0x0000000080001B8C (0x91DF0FBB) psadd.h t6, t5, t4
x31 <- 0xBFFF575500170079

mem[X,0x0000000080001B90] -> 0xB023
mem[X,0x0000000080001B92] -> 0x1FF0
[1769] [M]: 0x0000000080001B90 (0x1FF0B023) sd t6, 0x1e0(ra)
mem[0x00000000800043F0] <- 0xBFFF575500170079

mem[X,0x0000000080001B94] -> 0x0F37
mem[X,0x0000000080001B96] -> 0xFFF6
[1770] [M]: 0x0000000080001B94 (0xFFF60F37) lui t5, -0xa0
x30 <- 0xFFFFFFFFFFF60000

mem[X,0x0000000080001B98] -> 0x0F13
mem[X,0x0000000080001B9A] -> 0x008F
[1771] [M]: 0x0000000080001B98 (0x008F0F13) addi t5, t5, 0x8
x30 <- 0xFFFFFFFFFFF60008

mem[X,0x0000000080001B9C] -> 0x1F13
mem[X,0x0000000080001B9E] -> 0x00BF
[1772] [M]: 0x0000000080001B9C (0x00BF1F13) slli t5, t5, 0xb
x30 <- 0xFFFFFFFFB0004000

mem[X,0x0000000080001BA0] -> 0x0F13
mem[X,0x0000000080001BA2] -> 0x000F
[1773] [M]: 0x0000000080001BA0 (0x000F0F13) addi t5, t5, 0x0
x30 <- 0xFFFFFFFFB0004000

mem[X,0x0000000080001BA4] -> 0x1F13
mem[X,0x0000000080001BA6] -> 0x00BF
[1774] [M]: 0x0000000080001BA4 (0x00BF1F13) slli t5, t5, 0xb
x30 <- 0xFFFFFD8002000000

mem[X,0x0000000080001BA8] -> 0x0F13
mem[X,0x0000000080001BAA] -> 0x0C1F
[1775] [M]: 0x0000000080001BA8 (0x0C1F0F13) addi t5, t5, 0xc1
x30 <- 0xFFFFFD80020000C1

mem[X,0x0000000080001BAC] -> 0x1F13
mem[X,0x0000000080001BAE] -> 0x00AF
[1776] [M]: 0x0000000080001BAC (0x00AF1F13) slli t5, t5, 0xa
x30 <- 0xFFF6000800030400

mem[X,0x0000000080001BB0] -> 0x4EB7
mem[X,0x0000000080001BB2] -> 0xC000
[1777] [M]: 0x0000000080001BB0 (0xC0004EB7) lui t4, -0x3fffc
x29 <- 0xFFFFFFFFC0004000

mem[X,0x0000000080001BB4] -> 0x8E93
mem[X,0x0000000080001BB6] -> 0x000E
[1778] [M]: 0x0000000080001BB4 (0x000E8E93) addi t4, t4, 0x0
x29 <- 0xFFFFFFFFC0004000

mem[X,0x0000000080001BB8] -> 0x9E93
mem[X,0x0000000080001BBA] -> 0x00BE
[1779] [M]: 0x0000000080001BB8 (0x00BE9E93) slli t4, t4, 0xb
x29 <- 0xFFFFFE0002000000

mem[X,0x0000000080001BBC] -> 0x8E93
mem[X,0x0000000080001BBE] -> 0x080E
[1780] [M]: 0x0000000080001BBC (0x080E8E93) addi t4, t4, 0x80
x29 <- 0xFFFFFE0002000080

mem[X,0x0000000080001BC0] -> 0x9E93
mem[X,0x0000000080001BC2] -> 0x00BE
[1781] [M]: 0x0000000080001BC0 (0x00BE9E93) slli t4, t4, 0xb
x29 <- 0xFFF0001000040000

mem[X,0x0000000080001BC4] -> 0x8E93
mem[X,0x0000000080001BC6] -> 0x03FE
[1782] [M]: 0x0000000080001BC4 (0x03FE8E93) addi t4, t4, 0x3f
x29 <- 0xFFF000100004003F

mem[X,0x0000000080001BC8] -> 0x9E93
mem[X,0x0000000080001BCA] -> 0x00AE
[1783] [M]: 0x0000000080001BC8 (0x00AE9E93) slli t4, t4, 0xa
x29 <- 0xC00040001000FC00

mem[X,0x0000000080001BCC] -> 0x8E93
mem[X,0x0000000080001BCE] -> 0x3FFE
[1784] [M]: 0x0000000080001BCC (0x3FFE8E93) addi t4, t4, 0x3ff
x29 <- 0xC00040001000FFFF

mem[X,0x0000000080001BD0] -> 0x0FBB
mem[X,0x0000000080001BD2] -> 0x91DF
[1785] [M]: 0x0000000080001BD0 (0x91DF0FBB) psadd.h t6, t5, t4
x31 <- 0xBFF64008100303FF

mem[X,0x0000000080001BD4] -> 0xB423
mem[X,0x0000000080001BD6] -> 0x1FF0
[1786] [M]: 0x0000000080001BD4 (0x1FF0B423) sd t6, 0x1e8(ra)
mem[0x00000000800043F8] <- 0xBFF64008100303FF

mem[X,0x0000000080001BD8] -> 0x0F37
mem[X,0x0000000080001BDA] -> 0x0001
[1787] [M]: 0x0000000080001BD8 (0x00010F37) lui t5, 0x10
x30 <- 0x0000000000010000

mem[X,0x0000000080001BDC] -> 0x0F13
mem[X,0x0000000080001BDE] -> 0x007F
[1788] [M]: 0x0000000080001BDC (0x007F0F13) addi t5, t5, 0x7
x30 <- 0x0000000000010007

mem[X,0x0000000080001BE0] -> 0x1F13
mem[X,0x0000000080001BE2] -> 0x00BF
[1789] [M]: 0x0000000080001BE0 (0x00BF1F13) slli t5, t5, 0xb
x30 <- 0x0000000008003800

mem[X,0x0000000080001BE4] -> 0x0F13
mem[X,0x0000000080001BE6] -> 0x7FEF
[1790] [M]: 0x0000000080001BE4 (0x7FEF0F13) addi t5, t5, 0x7fe
x30 <- 0x0000000008003FFE

mem[X,0x0000000080001BE8] -> 0x1F13
mem[X,0x0000000080001BEA] -> 0x00BF
[1791] [M]: 0x0000000080001BE8 (0x00BF1F13) slli t5, t5, 0xb
x30 <- 0x0000004001FFF000

mem[X,0x0000000080001BEC] -> 0x0F13
mem[X,0x0000000080001BEE] -> 0x7FFF
[1792] [M]: 0x0000000080001BEC (0x7FFF0F13) addi t5, t5, 0x7ff
x30 <- 0x0000004001FFF7FF

mem[X,0x0000000080001BF0] -> 0x1F13
mem[X,0x0000000080001BF2] -> 0x00AF
[1793] [M]: 0x0000000080001BF0 (0x00AF1F13) slli t5, t5, 0xa
x30 <- 0x00010007FFDFFC00

mem[X,0x0000000080001BF4] -> 0x0F13
mem[X,0x0000000080001BF6] -> 0x3FFF
[1794] [M]: 0x0000000080001BF4 (0x3FFF0F13) addi t5, t5, 0x3ff
x30 <- 0x00010007FFDFFFFF

mem[X,0x0000000080001BF8] -> 0x0EB7
mem[X,0x0000000080001BFA] -> 0x8000
[1795] [M]: 0x0000000080001BF8 (0x80000EB7) lui t4, -0x80000
x29 <- 0xFFFFFFFF80000000

mem[X,0x0000000080001BFC] -> 0x8E93
mem[X,0x0000000080001BFE] -> 0xEFFE
[1796] [M]: 0x0000000080001BFC (0xEFFE8E93) addi t4, t4, -0x101
x29 <- 0xFFFFFFFF7FFFFEFF

mem[X,0x0000000080001C00] -> 0x9E93
mem[X,0x0000000080001C02] -> 0x00BE
[1797] [M]: 0x0000000080001C00 (0x00BE9E93) slli t4, t4, 0xb
x29 <- 0xFFFFFBFFFFF7F800

mem[X,0x0000000080001C04] -> 0x8E93
mem[X,0x0000000080001C06] -> 0x000E
[1798] [M]: 0x0000000080001C04 (0x000E8E93) addi t4, t4, 0x0
x29 <- 0xFFFFFBFFFFF7F800

mem[X,0x0000000080001C08] -> 0x9E93
mem[X,0x0000000080001C0A] -> 0x00BE
[1799] [M]: 0x0000000080001C08 (0x00BE9E93) slli t4, t4, 0xb
x29 <- 0xFFDFFFFFBFC00000

clint::tick mtime <- 0x0000000000000012
 clint timer pending at mtime 0x0000000000000012
htif::tick 0x0000000000000000
mem[X,0x0000000080001C0C] -> 0x8E93
mem[X,0x0000000080001C0E] -> 0x17FE
[1800] [M]: 0x0000000080001C0C (0x17FE8E93) addi t4, t4, 0x17f
x29 <- 0xFFDFFFFFBFC0017F

mem[X,0x0000000080001C10] -> 0x9E93
mem[X,0x0000000080001C12] -> 0x00AE
[1801] [M]: 0x0000000080001C10 (0x00AE9E93) slli t4, t4, 0xa
x29 <- 0x7FFFFEFF0005FC00

mem[X,0x0000000080001C14] -> 0x8E93
mem[X,0x0000000080001C16] -> 0x3FDE
[1802] [M]: 0x0000000080001C14 (0x3FDE8E93) addi t4, t4, 0x3fd
x29 <- 0x7FFFFEFF0005FFFD

mem[X,0x0000000080001C18] -> 0x0FBB
mem[X,0x0000000080001C1A] -> 0x91DF
[1803] [M]: 0x0000000080001C18 (0x91DF0FBB) psadd.h t6, t5, t4
x31 <- 0x7FFFFF06FFE4FFFC

mem[X,0x0000000080001C1C] -> 0xB823
mem[X,0x0000000080001C1E] -> 0x1FF0
[1804] [M]: 0x0000000080001C1C (0x1FF0B823) sd t6, 0x1f0(ra)
mem[0x0000000080004400] <- 0x7FFFFF06FFE4FFFC

mem[X,0x0000000080001C20] -> 0xFF37
mem[X,0x0000000080001C22] -> 0x0002
[1805] [M]: 0x0000000080001C20 (0x0002FF37) lui t5, 0x2f
x30 <- 0x000000000002F000

mem[X,0x0000000080001C24] -> 0x0F13
mem[X,0x0000000080001C26] -> 0xFFFF
[1806] [M]: 0x0000000080001C24 (0xFFFF0F13) addi t5, t5, -0x1
x30 <- 0x000000000002EFFF

mem[X,0x0000000080001C28] -> 0x1F13
mem[X,0x0000000080001C2A] -> 0x00BF
[1807] [M]: 0x0000000080001C28 (0x00BF1F13) slli t5, t5, 0xb
x30 <- 0x00000000177FF800

mem[X,0x0000000080001C2C] -> 0x0F13
mem[X,0x0000000080001C2E] -> 0x000F
[1808] [M]: 0x0000000080001C2C (0x000F0F13) addi t5, t5, 0x0
x30 <- 0x00000000177FF800

mem[X,0x0000000080001C30] -> 0x1F13
mem[X,0x0000000080001C32] -> 0x00BF
[1809] [M]: 0x0000000080001C30 (0x00BF1F13) slli t5, t5, 0xb
x30 <- 0x000000BBFFC00000

mem[X,0x0000000080001C34] -> 0x0F13
mem[X,0x0000000080001C36] -> 0x1C0F
[1810] [M]: 0x0000000080001C34 (0x1C0F0F13) addi t5, t5, 0x1c0
x30 <- 0x000000BBFFC001C0

mem[X,0x0000000080001C38] -> 0x1F13
mem[X,0x0000000080001C3A] -> 0x00AF
[1811] [M]: 0x0000000080001C38 (0x00AF1F13) slli t5, t5, 0xa
x30 <- 0x0002EFFF00070000

mem[X,0x0000000080001C3C] -> 0x0F13
mem[X,0x0000000080001C3E] -> 0x040F
[1812] [M]: 0x0000000080001C3C (0x040F0F13) addi t5, t5, 0x40
x30 <- 0x0002EFFF00070040

mem[X,0x0000000080001C40] -> 0x0EB7
mem[X,0x0000000080001C42] -> 0xFFF0
[1813] [M]: 0x0000000080001C40 (0xFFF00EB7) lui t4, -0x100
x29 <- 0xFFFFFFFFFFF00000

mem[X,0x0000000080001C44] -> 0x8E93
mem[X,0x0000000080001C46] -> 0xFFDE
[1814] [M]: 0x0000000080001C44 (0xFFDE8E93) addi t4, t4, -0x3
x29 <- 0xFFFFFFFFFFEFFFFD

mem[X,0x0000000080001C48] -> 0x9E93
mem[X,0x0000000080001C4A] -> 0x00BE
[1815] [M]: 0x0000000080001C48 (0x00BE9E93) slli t4, t4, 0xb
x29 <- 0xFFFFFFFF7FFFE800

mem[X,0x0000000080001C4C] -> 0x8E93
mem[X,0x0000000080001C4E] -> 0x000E
[1816] [M]: 0x0000000080001C4C (0x000E8E93) addi t4, t4, 0x0
x29 <- 0xFFFFFFFF7FFFE800

mem[X,0x0000000080001C50] -> 0x9E93
mem[X,0x0000000080001C52] -> 0x00BE
[1817] [M]: 0x0000000080001C50 (0x00BE9E93) slli t4, t4, 0xb
x29 <- 0xFFFFFBFFFF400000

mem[X,0x0000000080001C54] -> 0x8E93
mem[X,0x0000000080001C56] -> 0x0D0E
[1818] [M]: 0x0000000080001C54 (0x0D0E8E93) addi t4, t4, 0xd0
x29 <- 0xFFFFFBFFFF4000D0

mem[X,0x0000000080001C58] -> 0x9E93
mem[X,0x0000000080001C5A] -> 0x00AE
[1819] [M]: 0x0000000080001C58 (0x00AE9E93) slli t4, t4, 0xa
x29 <- 0xFFEFFFFD00034000

mem[X,0x0000000080001C5C] -> 0x0FBB
mem[X,0x0000000080001C5E] -> 0x91DF
[1820] [M]: 0x0000000080001C5C (0x91DF0FBB) psadd.h t6, t5, t4
x31 <- 0xFFF1EFFC000A4040

mem[X,0x0000000080001C60] -> 0xBC23
mem[X,0x0000000080001C62] -> 0x1FF0
[1821] [M]: 0x0000000080001C60 (0x1FF0BC23) sd t6, 0x1f8(ra)
mem[0x0000000080004408] <- 0xFFF1EFFC000A4040

mem[X,0x0000000080001C64] -> 0xCF37
mem[X,0x0000000080001C66] -> 0xAAAA
[1822] [M]: 0x0000000080001C64 (0xAAAACF37) lui t5, -0x55554
x30 <- 0xFFFFFFFFAAAAC000

mem[X,0x0000000080001C68] -> 0x0F13
mem[X,0x0000000080001C6A] -> 0x000F
[1823] [M]: 0x0000000080001C68 (0x000F0F13) addi t5, t5, 0x0
x30 <- 0xFFFFFFFFAAAAC000

mem[X,0x0000000080001C6C] -> 0x1F13
mem[X,0x0000000080001C6E] -> 0x00BF
[1824] [M]: 0x0000000080001C6C (0x00BF1F13) slli t5, t5, 0xb
x30 <- 0xFFFFFD5556000000

mem[X,0x0000000080001C70] -> 0x0F13
mem[X,0x0000000080001C72] -> 0x000F
[1825] [M]: 0x0000000080001C70 (0x000F0F13) addi t5, t5, 0x0
x30 <- 0xFFFFFD5556000000

mem[X,0x0000000080001C74] -> 0x1F13
mem[X,0x0000000080001C76] -> 0x00BF
[1826] [M]: 0x0000000080001C74 (0x00BF1F13) slli t5, t5, 0xb
x30 <- 0xFFEAAAB000000000

mem[X,0x0000000080001C78] -> 0x0F13
mem[X,0x0000000080001C7A] -> 0x1C0F
[1827] [M]: 0x0000000080001C78 (0x1C0F0F13) addi t5, t5, 0x1c0
x30 <- 0xFFEAAAB0000001C0

mem[X,0x0000000080001C7C] -> 0x1F13
mem[X,0x0000000080001C7E] -> 0x00AF
[1828] [M]: 0x0000000080001C7C (0x00AF1F13) slli t5, t5, 0xa
x30 <- 0xAAAAC00000070000

mem[X,0x0000000080001C80] -> 0x0F13
mem[X,0x0000000080001C82] -> 0x010F
[1829] [M]: 0x0000000080001C80 (0x010F0F13) addi t5, t5, 0x10
x30 <- 0xAAAAC00000070010

mem[X,0x0000000080001C84] -> 0x8EB7
mem[X,0x0000000080001C86] -> 0x0007
[1830] [M]: 0x0000000080001C84 (0x00078EB7) lui t4, 0x78
x29 <- 0x0000000000078000

mem[X,0x0000000080001C88] -> 0x8E93
mem[X,0x0000000080001C8A] -> 0xFFFE
[1831] [M]: 0x0000000080001C88 (0xFFFE8E93) addi t4, t4, -0x1
x29 <- 0x0000000000077FFF

mem[X,0x0000000080001C8C] -> 0x9E93
mem[X,0x0000000080001C8E] -> 0x00BE
[1832] [M]: 0x0000000080001C8C (0x00BE9E93) slli t4, t4, 0xb
x29 <- 0x000000003BFFF800

mem[X,0x0000000080001C90] -> 0x8E93
mem[X,0x0000000080001C92] -> 0x7FFE
[1833] [M]: 0x0000000080001C90 (0x7FFE8E93) addi t4, t4, 0x7ff
x29 <- 0x000000003BFFFFFF

mem[X,0x0000000080001C94] -> 0x9E93
mem[X,0x0000000080001C96] -> 0x00BE
[1834] [M]: 0x0000000080001C94 (0x00BE9E93) slli t4, t4, 0xb
x29 <- 0x000001DFFFFFF800

mem[X,0x0000000080001C98] -> 0x8E93
mem[X,0x0000000080001C9A] -> 0x7C0E
[1835] [M]: 0x0000000080001C98 (0x7C0E8E93) addi t4, t4, 0x7c0
x29 <- 0x000001DFFFFFFFC0

mem[X,0x0000000080001C9C] -> 0x9E93
mem[X,0x0000000080001C9E] -> 0x00AE
[1836] [M]: 0x0000000080001C9C (0x00AE9E93) slli t4, t4, 0xa
x29 <- 0x00077FFFFFFF0000

mem[X,0x0000000080001CA0] -> 0x8E93
mem[X,0x0000000080001CA2] -> 0x040E
[1837] [M]: 0x0000000080001CA0 (0x040E8E93) addi t4, t4, 0x40
x29 <- 0x00077FFFFFFF0040

mem[X,0x0000000080001CA4] -> 0x0FBB
mem[X,0x0000000080001CA6] -> 0x91DF
[1838] [M]: 0x0000000080001CA4 (0x91DF0FBB) psadd.h t6, t5, t4
x31 <- 0xAAB13FFF00060050

mem[X,0x0000000080001CA8] -> 0xB023
mem[X,0x0000000080001CAA] -> 0x21F0
[1839] [M]: 0x0000000080001CA8 (0x21F0B023) sd t6, 0x200(ra)
mem[0x0000000080004410] <- 0xAAB13FFF00060050

mem[X,0x0000000080001CAC] -> 0x0F37
mem[X,0x0000000080001CAE] -> 0xFFDF
[1840] [M]: 0x0000000080001CAC (0xFFDF0F37) lui t5, -0x210
x30 <- 0xFFFFFFFFFFDF0000

mem[X,0x0000000080001CB0] -> 0x0F13
mem[X,0x0000000080001CB2] -> 0x000F
[1841] [M]: 0x0000000080001CB0 (0x000F0F13) addi t5, t5, 0x0
x30 <- 0xFFFFFFFFFFDF0000

mem[X,0x0000000080001CB4] -> 0x1F13
mem[X,0x0000000080001CB6] -> 0x00BF
[1842] [M]: 0x0000000080001CB4 (0x00BF1F13) slli t5, t5, 0xb
x30 <- 0xFFFFFFFEF8000000

mem[X,0x0000000080001CB8] -> 0x0F13
mem[X,0x0000000080001CBA] -> 0x400F
[1843] [M]: 0x0000000080001CB8 (0x400F0F13) addi t5, t5, 0x400
x30 <- 0xFFFFFFFEF8000400

mem[X,0x0000000080001CBC] -> 0x1F13
mem[X,0x0000000080001CBE] -> 0x00BF
[1844] [M]: 0x0000000080001CBC (0x00BF1F13) slli t5, t5, 0xb
x30 <- 0xFFFFF7C000200000

mem[X,0x0000000080001CC0] -> 0x0F13
mem[X,0x0000000080001CC2] -> 0x03EF
[1845] [M]: 0x0000000080001CC0 (0x03EF0F13) addi t5, t5, 0x3e
x30 <- 0xFFFFF7C00020003E

mem[X,0x0000000080001CC4] -> 0x1F13
mem[X,0x0000000080001CC6] -> 0x00AF
[1846] [M]: 0x0000000080001CC4 (0x00AF1F13) slli t5, t5, 0xa
x30 <- 0xFFDF00008000F800

mem[X,0x0000000080001CC8] -> 0x0F13
mem[X,0x0000000080001CCA] -> 0x3FFF
[1847] [M]: 0x0000000080001CC8 (0x3FFF0F13) addi t5, t5, 0x3ff
x30 <- 0xFFDF00008000FBFF

mem[X,0x0000000080001CCC] -> 0xCEB7
mem[X,0x0000000080001CCE] -> 0x0006
[1848] [M]: 0x0000000080001CCC (0x0006CEB7) lui t4, 0x6c
x29 <- 0x000000000006C000

mem[X,0x0000000080001CD0] -> 0x8E93
mem[X,0x0000000080001CD2] -> 0xFFFE
[1849] [M]: 0x0000000080001CD0 (0xFFFE8E93) addi t4, t4, -0x1
x29 <- 0x000000000006BFFF

mem[X,0x0000000080001CD4] -> 0x9E93
mem[X,0x0000000080001CD6] -> 0x00BE
[1850] [M]: 0x0000000080001CD4 (0x00BE9E93) slli t4, t4, 0xb
x29 <- 0x0000000035FFF800

mem[X,0x0000000080001CD8] -> 0x8E93
mem[X,0x0000000080001CDA] -> 0x000E
[1851] [M]: 0x0000000080001CD8 (0x000E8E93) addi t4, t4, 0x0
x29 <- 0x0000000035FFF800

mem[X,0x0000000080001CDC] -> 0x9E93
mem[X,0x0000000080001CDE] -> 0x00BE
[1852] [M]: 0x0000000080001CDC (0x00BE9E93) slli t4, t4, 0xb
x29 <- 0x000001AFFFC00000

mem[X,0x0000000080001CE0] -> 0x8E93
mem[X,0x0000000080001CE2] -> 0x12AE
[1853] [M]: 0x0000000080001CE0 (0x12AE8E93) addi t4, t4, 0x12a
x29 <- 0x000001AFFFC0012A

mem[X,0x0000000080001CE4] -> 0x9E93
mem[X,0x0000000080001CE6] -> 0x00AE
[1854] [M]: 0x0000000080001CE4 (0x00AE9E93) slli t4, t4, 0xa
x29 <- 0x0006BFFF0004A800

mem[X,0x0000000080001CE8] -> 0x8E93
mem[X,0x0000000080001CEA] -> 0x2AAE
[1855] [M]: 0x0000000080001CE8 (0x2AAE8E93) addi t4, t4, 0x2aa
x29 <- 0x0006BFFF0004AAAA

mem[X,0x0000000080001CEC] -> 0x0FBB
mem[X,0x0000000080001CEE] -> 0x91DF
[1856] [M]: 0x0000000080001CEC (0x91DF0FBB) psadd.h t6, t5, t4
x31 <- 0xFFE5BFFF8004A6A9

mem[X,0x0000000080001CF0] -> 0xB423
mem[X,0x0000000080001CF2] -> 0x21F0
[1857] [M]: 0x0000000080001CF0 (0x21F0B423) sd t6, 0x208(ra)
mem[0x0000000080004418] <- 0xFFE5BFFF8004A6A9

mem[X,0x0000000080001CF4] -> 0x0F37
mem[X,0x0000000080001CF6] -> 0xAAAA
[1858] [M]: 0x0000000080001CF4 (0xAAAA0F37) lui t5, -0x55560
x30 <- 0xFFFFFFFFAAAA0000

mem[X,0x0000000080001CF8] -> 0x0F13
mem[X,0x0000000080001CFA] -> 0x001F
[1859] [M]: 0x0000000080001CF8 (0x001F0F13) addi t5, t5, 0x1
x30 <- 0xFFFFFFFFAAAA0001

mem[X,0x0000000080001CFC] -> 0x1F13
mem[X,0x0000000080001CFE] -> 0x00BF
[1860] [M]: 0x0000000080001CFC (0x00BF1F13) slli t5, t5, 0xb
x30 <- 0xFFFFFD5550000800

mem[X,0x0000000080001D00] -> 0x0F13
mem[X,0x0000000080001D02] -> 0x2AAF
[1861] [M]: 0x0000000080001D00 (0x2AAF0F13) addi t5, t5, 0x2aa
x30 <- 0xFFFFFD5550000AAA

mem[X,0x0000000080001D04] -> 0x1F13
mem[X,0x0000000080001D06] -> 0x00BF
[1862] [M]: 0x0000000080001D04 (0x00BF1F13) slli t5, t5, 0xb
x30 <- 0xFFEAAA8000555000

mem[X,0x0000000080001D08] -> 0x0F13
mem[X,0x0000000080001D0A] -> 0x57FF
[1863] [M]: 0x0000000080001D08 (0x57FF0F13) addi t5, t5, 0x57f
x30 <- 0xFFEAAA800055557F

mem[X,0x0000000080001D0C] -> 0x1F13
mem[X,0x0000000080001D0E] -> 0x00AF
[1864] [M]: 0x0000000080001D0C (0x00AF1F13) slli t5, t5, 0xa
x30 <- 0xAAAA00015555FC00

mem[X,0x0000000080001D10] -> 0x0F13
mem[X,0x0000000080001D12] -> 0x3FEF
[1865] [M]: 0x0000000080001D10 (0x3FEF0F13) addi t5, t5, 0x3fe
x30 <- 0xAAAA00015555FFFE

mem[X,0x0000000080001D14] -> 0xFEB7
mem[X,0x0000000080001D16] -> 0x8000
[1866] [M]: 0x0000000080001D14 (0x8000FEB7) lui t4, -0x7fff1
x29 <- 0xFFFFFFFF8000F000

mem[X,0x0000000080001D18] -> 0x8E93
mem[X,0x0000000080001D1A] -> 0xFFFE
[1867] [M]: 0x0000000080001D18 (0xFFFE8E93) addi t4, t4, -0x1
x29 <- 0xFFFFFFFF8000EFFF

mem[X,0x0000000080001D1C] -> 0x9E93
mem[X,0x0000000080001D1E] -> 0x00BE
[1868] [M]: 0x0000000080001D1C (0x00BE9E93) slli t4, t4, 0xb
x29 <- 0xFFFFFC00077FF800

mem[X,0x0000000080001D20] -> 0x8E93
mem[X,0x0000000080001D22] -> 0x555E
[1869] [M]: 0x0000000080001D20 (0x555E8E93) addi t4, t4, 0x555
x29 <- 0xFFFFFC00077FFD55

mem[X,0x0000000080001D24] -> 0x9E93
mem[X,0x0000000080001D26] -> 0x00BE
[1870] [M]: 0x0000000080001D24 (0x00BE9E93) slli t4, t4, 0xb
x29 <- 0xFFE0003BFFEAA800

mem[X,0x0000000080001D28] -> 0x8E93
mem[X,0x0000000080001D2A] -> 0x280E
[1871] [M]: 0x0000000080001D28 (0x280E8E93) addi t4, t4, 0x280
x29 <- 0xFFE0003BFFEAAA80

mem[X,0x0000000080001D2C] -> 0x9E93
mem[X,0x0000000080001D2E] -> 0x00AE
[1872] [M]: 0x0000000080001D2C (0x00AE9E93) slli t4, t4, 0xa
x29 <- 0x8000EFFFAAAA0000

mem[X,0x0000000080001D30] -> 0x0FBB
mem[X,0x0000000080001D32] -> 0x91DF
[1873] [M]: 0x0000000080001D30 (0x91DF0FBB) psadd.h t6, t5, t4
x31 <- 0x8000F000FFFFFFFE

mem[X,0x0000000080001D34] -> 0xB823
mem[X,0x0000000080001D36] -> 0x21F0
[1874] [M]: 0x0000000080001D34 (0x21F0B823) sd t6, 0x210(ra)
mem[0x0000000080004420] <- 0x8000F000FFFFFFFE

mem[X,0x0000000080001D38] -> 0x0F37
mem[X,0x0000000080001D3A] -> 0x0004
[1875] [M]: 0x0000000080001D38 (0x00040F37) lui t5, 0x40
x30 <- 0x0000000000040000

mem[X,0x0000000080001D3C] -> 0x0F13
mem[X,0x0000000080001D3E] -> 0xFFAF
[1876] [M]: 0x0000000080001D3C (0xFFAF0F13) addi t5, t5, -0x6
x30 <- 0x000000000003FFFA

mem[X,0x0000000080001D40] -> 0x1F13
mem[X,0x0000000080001D42] -> 0x00BF
[1877] [M]: 0x0000000080001D40 (0x00BF1F13) slli t5, t5, 0xb
x30 <- 0x000000001FFFD000

mem[X,0x0000000080001D44] -> 0x0F13
mem[X,0x0000000080001D46] -> 0x7FFF
[1878] [M]: 0x0000000080001D44 (0x7FFF0F13) addi t5, t5, 0x7ff
x30 <- 0x000000001FFFD7FF

mem[X,0x0000000080001D48] -> 0x1F13
mem[X,0x0000000080001D4A] -> 0x00BF
[1879] [M]: 0x0000000080001D48 (0x00BF1F13) slli t5, t5, 0xb
x30 <- 0x000000FFFEBFF800

mem[X,0x0000000080001D4C] -> 0x0F13
mem[X,0x0000000080001D4E] -> 0x5B0F
[1880] [M]: 0x0000000080001D4C (0x5B0F0F13) addi t5, t5, 0x5b0
x30 <- 0x000000FFFEBFFDB0

mem[X,0x0000000080001D50] -> 0x1F13
mem[X,0x0000000080001D52] -> 0x00AF
[1881] [M]: 0x0000000080001D50 (0x00AF1F13) slli t5, t5, 0xa
x30 <- 0x0003FFFAFFF6C000

mem[X,0x0000000080001D54] -> 0x0EB7
mem[X,0x0000000080001D56] -> 0x0801
[1882] [M]: 0x0000000080001D54 (0x08010EB7) lui t4, 0x8010
x29 <- 0x0000000008010000

mem[X,0x0000000080001D58] -> 0x8E93
mem[X,0x0000000080001D5A] -> 0xBFFE
[1883] [M]: 0x0000000080001D58 (0xBFFE8E93) addi t4, t4, -0x401
x29 <- 0x000000000800FBFF

mem[X,0x0000000080001D5C] -> 0x9E93
mem[X,0x0000000080001D5E] -> 0x00BE
[1884] [M]: 0x0000000080001D5C (0x00BE9E93) slli t4, t4, 0xb
x29 <- 0x0000004007DFF800

mem[X,0x0000000080001D60] -> 0x8E93
mem[X,0x0000000080001D62] -> 0x001E
[1885] [M]: 0x0000000080001D60 (0x001E8E93) addi t4, t4, 0x1
x29 <- 0x0000004007DFF801

mem[X,0x0000000080001D64] -> 0x9E93
mem[X,0x0000000080001D66] -> 0x00BE
[1886] [M]: 0x0000000080001D64 (0x00BE9E93) slli t4, t4, 0xb
x29 <- 0x0002003EFFC00800

mem[X,0x0000000080001D68] -> 0x8E93
mem[X,0x0000000080001D6A] -> 0x03BE
[1887] [M]: 0x0000000080001D68 (0x03BE8E93) addi t4, t4, 0x3b
x29 <- 0x0002003EFFC0083B

mem[X,0x0000000080001D6C] -> 0x9E93
mem[X,0x0000000080001D6E] -> 0x00AE
[1888] [M]: 0x0000000080001D6C (0x00AE9E93) slli t4, t4, 0xa
x29 <- 0x0800FBFF0020EC00

mem[X,0x0000000080001D70] -> 0x8E93
mem[X,0x0000000080001D72] -> 0x3FFE
[1889] [M]: 0x0000000080001D70 (0x3FFE8E93) addi t4, t4, 0x3ff
x29 <- 0x0800FBFF0020EFFF

mem[X,0x0000000080001D74] -> 0x0FBB
mem[X,0x0000000080001D76] -> 0x91DF
[1890] [M]: 0x0000000080001D74 (0x91DF0FBB) psadd.h t6, t5, t4
x31 <- 0x0803FBF90016AFFF

mem[X,0x0000000080001D78] -> 0xBC23
mem[X,0x0000000080001D7A] -> 0x21F0
[1891] [M]: 0x0000000080001D78 (0x21F0BC23) sd t6, 0x218(ra)
mem[0x0000000080004428] <- 0x0803FBF90016AFFF

mem[X,0x0000000080001D7C] -> 0x0F37
mem[X,0x0000000080001D7E] -> 0x0008
[1892] [M]: 0x0000000080001D7C (0x00080F37) lui t5, 0x80
x30 <- 0x0000000000080000

mem[X,0x0000000080001D80] -> 0x0F13
mem[X,0x0000000080001D82] -> 0x400F
[1893] [M]: 0x0000000080001D80 (0x400F0F13) addi t5, t5, 0x400
x30 <- 0x0000000000080400

mem[X,0x0000000080001D84] -> 0x1F13
mem[X,0x0000000080001D86] -> 0x00BF
[1894] [M]: 0x0000000080001D84 (0x00BF1F13) slli t5, t5, 0xb
x30 <- 0x0000000040200000

mem[X,0x0000000080001D88] -> 0x0F13
mem[X,0x0000000080001D8A] -> 0x7F7F
[1895] [M]: 0x0000000080001D88 (0x7F7F0F13) addi t5, t5, 0x7f7
x30 <- 0x00000000402007F7

mem[X,0x0000000080001D8C] -> 0x1F13
mem[X,0x0000000080001D8E] -> 0x00BF
[1896] [M]: 0x0000000080001D8C (0x00BF1F13) slli t5, t5, 0xb
x30 <- 0x00000201003FB800

mem[X,0x0000000080001D90] -> 0x0F13
mem[X,0x0000000080001D92] -> 0x7FDF
[1897] [M]: 0x0000000080001D90 (0x7FDF0F13) addi t5, t5, 0x7fd
x30 <- 0x00000201003FBFFD

mem[X,0x0000000080001D94] -> 0x1F13
mem[X,0x0000000080001D96] -> 0x00AF
[1898] [M]: 0x0000000080001D94 (0x00AF1F13) slli t5, t5, 0xa
x30 <- 0x00080400FEFFF400

mem[X,0x0000000080001D98] -> 0x0F13
mem[X,0x0000000080001D9A] -> 0x3FFF
[1899] [M]: 0x0000000080001D98 (0x3FFF0F13) addi t5, t5, 0x3ff
x30 <- 0x00080400FEFFF7FF

clint::tick mtime <- 0x0000000000000013
 clint timer pending at mtime 0x0000000000000013
htif::tick 0x0000000000000000
mem[X,0x0000000080001D9C] -> 0x0EB7
mem[X,0x0000000080001D9E] -> 0xFC00
[1900] [M]: 0x0000000080001D9C (0xFC000EB7) lui t4, -0x4000
x29 <- 0xFFFFFFFFFC000000

mem[X,0x0000000080001DA0] -> 0x8E93
mem[X,0x0000000080001DA2] -> 0xFFCE
[1901] [M]: 0x0000000080001DA0 (0xFFCE8E93) addi t4, t4, -0x4
x29 <- 0xFFFFFFFFFBFFFFFC

mem[X,0x0000000080001DA4] -> 0x9E93
mem[X,0x0000000080001DA6] -> 0x00BE
[1902] [M]: 0x0000000080001DA4 (0x00BE9E93) slli t4, t4, 0xb
x29 <- 0xFFFFFFDFFFFFE000

mem[X,0x0000000080001DA8] -> 0x8E93
mem[X,0x0000000080001DAA] -> 0x6FFE
[1903] [M]: 0x0000000080001DA8 (0x6FFE8E93) addi t4, t4, 0x6ff
x29 <- 0xFFFFFFDFFFFFE6FF

mem[X,0x0000000080001DAC] -> 0x9E93
mem[X,0x0000000080001DAE] -> 0x00BE
[1904] [M]: 0x0000000080001DAC (0x00BE9E93) slli t4, t4, 0xb
x29 <- 0xFFFEFFFFFF37F800

mem[X,0x0000000080001DB0] -> 0x8E93
mem[X,0x0000000080001DB2] -> 0x7FFE
[1905] [M]: 0x0000000080001DB0 (0x7FFE8E93) addi t4, t4, 0x7ff
x29 <- 0xFFFEFFFFFF37FFFF

mem[X,0x0000000080001DB4] -> 0x9E93
mem[X,0x0000000080001DB6] -> 0x00AE
[1906] [M]: 0x0000000080001DB4 (0x00AE9E93) slli t4, t4, 0xa
x29 <- 0xFBFFFFFCDFFFFC00

mem[X,0x0000000080001DB8] -> 0x8E93
mem[X,0x0000000080001DBA] -> 0x3FAE
[1907] [M]: 0x0000000080001DB8 (0x3FAE8E93) addi t4, t4, 0x3fa
x29 <- 0xFBFFFFFCDFFFFFFA

mem[X,0x0000000080001DBC] -> 0x0FBB
mem[X,0x0000000080001DBE] -> 0x91DF
[1908] [M]: 0x0000000080001DBC (0x91DF0FBB) psadd.h t6, t5, t4
x31 <- 0xFC0703FCDEFEF7F9

mem[X,0x0000000080001DC0] -> 0xB023
mem[X,0x0000000080001DC2] -> 0x23F0
[1909] [M]: 0x0000000080001DC0 (0x23F0B023) sd t6, 0x220(ra)
mem[0x0000000080004430] <- 0xFC0703FCDEFEF7F9

mem[X,0x0000000080001DC4] -> 0x0F37
mem[X,0x0000000080001DC6] -> 0x0007
[1910] [M]: 0x0000000080001DC4 (0x00070F37) lui t5, 0x70
x30 <- 0x0000000000070000

mem[X,0x0000000080001DC8] -> 0x0F13
mem[X,0x0000000080001DCA] -> 0xFEFF
[1911] [M]: 0x0000000080001DC8 (0xFEFF0F13) addi t5, t5, -0x11
x30 <- 0x000000000006FFEF

mem[X,0x0000000080001DCC] -> 0x1F13
mem[X,0x0000000080001DCE] -> 0x00BF
[1912] [M]: 0x0000000080001DCC (0x00BF1F13) slli t5, t5, 0xb
x30 <- 0x0000000037FF7800

mem[X,0x0000000080001DD0] -> 0x0F13
mem[X,0x0000000080001DD2] -> 0x7BFF
[1913] [M]: 0x0000000080001DD0 (0x7BFF0F13) addi t5, t5, 0x7bf
x30 <- 0x0000000037FF7FBF

mem[X,0x0000000080001DD4] -> 0x1F13
mem[X,0x0000000080001DD6] -> 0x00BF
[1914] [M]: 0x0000000080001DD4 (0x00BF1F13) slli t5, t5, 0xb
x30 <- 0x000001BFFBFDF800

mem[X,0x0000000080001DD8] -> 0x0F13
mem[X,0x0000000080001DDA] -> 0x7C0F
[1915] [M]: 0x0000000080001DD8 (0x7C0F0F13) addi t5, t5, 0x7c0
x30 <- 0x000001BFFBFDFFC0

mem[X,0x0000000080001DDC] -> 0x1F13
mem[X,0x0000000080001DDE] -> 0x00AF
[1916] [M]: 0x0000000080001DDC (0x00AF1F13) slli t5, t5, 0xa
x30 <- 0x0006FFEFF7FF0000

mem[X,0x0000000080001DE0] -> 0x0EB7
mem[X,0x0000000080001DE2] -> 0x0004
[1917] [M]: 0x0000000080001DE0 (0x00040EB7) lui t4, 0x40
x29 <- 0x0000000000040000

mem[X,0x0000000080001DE4] -> 0x8E93
mem[X,0x0000000080001DE6] -> 0xFF6E
[1918] [M]: 0x0000000080001DE4 (0xFF6E8E93) addi t4, t4, -0xa
x29 <- 0x000000000003FFF6

mem[X,0x0000000080001DE8] -> 0x9E93
mem[X,0x0000000080001DEA] -> 0x00BE
[1919] [M]: 0x0000000080001DE8 (0x00BE9E93) slli t4, t4, 0xb
x29 <- 0x000000001FFFB000

mem[X,0x0000000080001DEC] -> 0x8E93
mem[X,0x0000000080001DEE] -> 0x6FFE
[1920] [M]: 0x0000000080001DEC (0x6FFE8E93) addi t4, t4, 0x6ff
x29 <- 0x000000001FFFB6FF

mem[X,0x0000000080001DF0] -> 0x9E93
mem[X,0x0000000080001DF2] -> 0x00BE
[1921] [M]: 0x0000000080001DF0 (0x00BE9E93) slli t4, t4, 0xb
x29 <- 0x000000FFFDB7F800

mem[X,0x0000000080001DF4] -> 0x8E93
mem[X,0x0000000080001DF6] -> 0x7C0E
[1922] [M]: 0x0000000080001DF4 (0x7C0E8E93) addi t4, t4, 0x7c0
x29 <- 0x000000FFFDB7FFC0

mem[X,0x0000000080001DF8] -> 0x9E93
mem[X,0x0000000080001DFA] -> 0x00AE
[1923] [M]: 0x0000000080001DF8 (0x00AE9E93) slli t4, t4, 0xa
x29 <- 0x0003FFF6DFFF0000

mem[X,0x0000000080001DFC] -> 0x8E93
mem[X,0x0000000080001DFE] -> 0x007E
[1924] [M]: 0x0000000080001DFC (0x007E8E93) addi t4, t4, 0x7
x29 <- 0x0003FFF6DFFF0007

mem[X,0x0000000080001E00] -> 0x0FBB
mem[X,0x0000000080001E02] -> 0x91DF
[1925] [M]: 0x0000000080001E00 (0x91DF0FBB) psadd.h t6, t5, t4
x31 <- 0x0009FFE5D7FE0007

mem[X,0x0000000080001E04] -> 0xB423
mem[X,0x0000000080001E06] -> 0x23F0
[1926] [M]: 0x0000000080001E04 (0x23F0B423) sd t6, 0x228(ra)
mem[0x0000000080004438] <- 0x0009FFE5D7FE0007

mem[X,0x0000000080001E08] -> 0x8F37
mem[X,0x0000000080001E0A] -> 0x0400
[1927] [M]: 0x0000000080001E08 (0x04008F37) lui t5, 0x4008
x30 <- 0x0000000004008000

mem[X,0x0000000080001E0C] -> 0x0F13
mem[X,0x0000000080001E0E] -> 0xFFFF
[1928] [M]: 0x0000000080001E0C (0xFFFF0F13) addi t5, t5, -0x1
x30 <- 0x0000000004007FFF

mem[X,0x0000000080001E10] -> 0x1F13
mem[X,0x0000000080001E12] -> 0x00BF
[1929] [M]: 0x0000000080001E10 (0x00BF1F13) slli t5, t5, 0xb
x30 <- 0x0000002003FFF800

mem[X,0x0000000080001E14] -> 0x0F13
mem[X,0x0000000080001E16] -> 0x77FF
[1930] [M]: 0x0000000080001E14 (0x77FF0F13) addi t5, t5, 0x77f
x30 <- 0x0000002003FFFF7F

mem[X,0x0000000080001E18] -> 0x1F13
mem[X,0x0000000080001E1A] -> 0x00BF
[1931] [M]: 0x0000000080001E18 (0x00BF1F13) slli t5, t5, 0xb
x30 <- 0x0001001FFFFBF800

mem[X,0x0000000080001E1C] -> 0x0F13
mem[X,0x0000000080001E1E] -> 0x7C0F
[1932] [M]: 0x0000000080001E1C (0x7C0F0F13) addi t5, t5, 0x7c0
x30 <- 0x0001001FFFFBFFC0

mem[X,0x0000000080001E20] -> 0x1F13
mem[X,0x0000000080001E22] -> 0x00AF
[1933] [M]: 0x0000000080001E20 (0x00AF1F13) slli t5, t5, 0xa
x30 <- 0x04007FFFEFFF0000

mem[X,0x0000000080001E24] -> 0x0F13
mem[X,0x0000000080001E26] -> 0x001F
[1934] [M]: 0x0000000080001E24 (0x001F0F13) addi t5, t5, 0x1
x30 <- 0x04007FFFEFFF0001

mem[X,0x0000000080001E28] -> 0x8EB7
mem[X,0x0000000080001E2A] -> 0xAAAA
[1935] [M]: 0x0000000080001E28 (0xAAAA8EB7) lui t4, -0x55558
x29 <- 0xFFFFFFFFAAAA8000

mem[X,0x0000000080001E2C] -> 0x8E93
mem[X,0x0000000080001E2E] -> 0xFFFE
[1936] [M]: 0x0000000080001E2C (0xFFFE8E93) addi t4, t4, -0x1
x29 <- 0xFFFFFFFFAAAA7FFF

mem[X,0x0000000080001E30] -> 0x9E93
mem[X,0x0000000080001E32] -> 0x00BE
[1937] [M]: 0x0000000080001E30 (0x00BE9E93) slli t4, t4, 0xb
x29 <- 0xFFFFFD5553FFF800

mem[X,0x0000000080001E34] -> 0x8E93
mem[X,0x0000000080001E36] -> 0x7DFE
[1938] [M]: 0x0000000080001E34 (0x7DFE8E93) addi t4, t4, 0x7df
x29 <- 0xFFFFFD5553FFFFDF

mem[X,0x0000000080001E38] -> 0x9E93
mem[X,0x0000000080001E3A] -> 0x00BE
[1939] [M]: 0x0000000080001E38 (0x00BE9E93) slli t4, t4, 0xb
x29 <- 0xFFEAAA9FFFFEF800

mem[X,0x0000000080001E3C] -> 0x8E93
mem[X,0x0000000080001E3E] -> 0x7FFE
[1940] [M]: 0x0000000080001E3C (0x7FFE8E93) addi t4, t4, 0x7ff
x29 <- 0xFFEAAA9FFFFEFFFF

mem[X,0x0000000080001E40] -> 0x9E93
mem[X,0x0000000080001E42] -> 0x00AE
[1941] [M]: 0x0000000080001E40 (0x00AE9E93) slli t4, t4, 0xa
x29 <- 0xAAAA7FFFFBFFFC00

mem[X,0x0000000080001E44] -> 0x8E93
mem[X,0x0000000080001E46] -> 0x3FCE
[1942] [M]: 0x0000000080001E44 (0x3FCE8E93) addi t4, t4, 0x3fc
x29 <- 0xAAAA7FFFFBFFFFFC

mem[X,0x0000000080001E48] -> 0x0FBB
mem[X,0x0000000080001E4A] -> 0x91DF
[1943] [M]: 0x0000000080001E48 (0x91DF0FBB) psadd.h t6, t5, t4
x31 <- 0xAEAA7FFFEBFEFFFD

mem[X,0x0000000080001E4C] -> 0xB823
mem[X,0x0000000080001E4E] -> 0x23F0
[1944] [M]: 0x0000000080001E4C (0x23F0B823) sd t6, 0x230(ra)
mem[0x0000000080004440] <- 0xAEAA7FFFEBFEFFFD

mem[X,0x0000000080001E50] -> 0x0F37
mem[X,0x0000000080001E52] -> 0xC000
[1945] [M]: 0x0000000080001E50 (0xC0000F37) lui t5, -0x40000
x30 <- 0xFFFFFFFFC0000000

mem[X,0x0000000080001E54] -> 0x0F13
mem[X,0x0000000080001E56] -> 0xFFBF
[1946] [M]: 0x0000000080001E54 (0xFFBF0F13) addi t5, t5, -0x5
x30 <- 0xFFFFFFFFBFFFFFFB

mem[X,0x0000000080001E58] -> 0x1F13
mem[X,0x0000000080001E5A] -> 0x00BF
[1947] [M]: 0x0000000080001E58 (0x00BF1F13) slli t5, t5, 0xb
x30 <- 0xFFFFFDFFFFFFD800

mem[X,0x0000000080001E5C] -> 0x0F13
mem[X,0x0000000080001E5E] -> 0x000F
[1948] [M]: 0x0000000080001E5C (0x000F0F13) addi t5, t5, 0x0
x30 <- 0xFFFFFDFFFFFFD800

mem[X,0x0000000080001E60] -> 0x1F13
mem[X,0x0000000080001E62] -> 0x00BF
[1949] [M]: 0x0000000080001E60 (0x00BF1F13) slli t5, t5, 0xb
x30 <- 0xFFEFFFFFFEC00000

mem[X,0x0000000080001E64] -> 0x0F13
mem[X,0x0000000080001E66] -> 0x19FF
[1950] [M]: 0x0000000080001E64 (0x19FF0F13) addi t5, t5, 0x19f
x30 <- 0xFFEFFFFFFEC0019F

mem[X,0x0000000080001E68] -> 0x1F13
mem[X,0x0000000080001E6A] -> 0x00AF
[1951] [M]: 0x0000000080001E68 (0x00AF1F13) slli t5, t5, 0xa
x30 <- 0xBFFFFFFB00067C00

mem[X,0x0000000080001E6C] -> 0x0F13
mem[X,0x0000000080001E6E] -> 0x3FFF
[1952] [M]: 0x0000000080001E6C (0x3FFF0F13) addi t5, t5, 0x3ff
x30 <- 0xBFFFFFFB00067FFF

mem[X,0x0000000080001E70] -> 0x2EB7
mem[X,0x0000000080001E72] -> 0xFFFD
[1953] [M]: 0x0000000080001E70 (0xFFFD2EB7) lui t4, -0x2e
x29 <- 0xFFFFFFFFFFFD2000

mem[X,0x0000000080001E74] -> 0x8E93
mem[X,0x0000000080001E76] -> 0x000E
[1954] [M]: 0x0000000080001E74 (0x000E8E93) addi t4, t4, 0x0
x29 <- 0xFFFFFFFFFFFD2000

mem[X,0x0000000080001E78] -> 0x9E93
mem[X,0x0000000080001E7A] -> 0x00BE
[1955] [M]: 0x0000000080001E78 (0x00BE9E93) slli t4, t4, 0xb
x29 <- 0xFFFFFFFFE9000000

mem[X,0x0000000080001E7C] -> 0x8E93
mem[X,0x0000000080001E7E] -> 0x7FFE
[1956] [M]: 0x0000000080001E7C (0x7FFE8E93) addi t4, t4, 0x7ff
x29 <- 0xFFFFFFFFE90007FF

mem[X,0x0000000080001E80] -> 0x9E93
mem[X,0x0000000080001E82] -> 0x00BE
[1957] [M]: 0x0000000080001E80 (0x00BE9E93) slli t4, t4, 0xb
x29 <- 0xFFFFFF48003FF800

mem[X,0x0000000080001E84] -> 0x8E93
mem[X,0x0000000080001E86] -> 0x600E
[1958] [M]: 0x0000000080001E84 (0x600E8E93) addi t4, t4, 0x600
x29 <- 0xFFFFFF48003FFE00

mem[X,0x0000000080001E88] -> 0x9E93
mem[X,0x0000000080001E8A] -> 0x00AE
[1959] [M]: 0x0000000080001E88 (0x00AE9E93) slli t4, t4, 0xa
x29 <- 0xFFFD2000FFF80000

mem[X,0x0000000080001E8C] -> 0x8E93
mem[X,0x0000000080001E8E] -> 0x080E
[1960] [M]: 0x0000000080001E8C (0x080E8E93) addi t4, t4, 0x80
x29 <- 0xFFFD2000FFF80080

mem[X,0x0000000080001E90] -> 0x0FBB
mem[X,0x0000000080001E92] -> 0x91DF
[1961] [M]: 0x0000000080001E90 (0x91DF0FBB) psadd.h t6, t5, t4
x31 <- 0xBFFC1FFBFFFE7FFF

mem[X,0x0000000080001E94] -> 0xBC23
mem[X,0x0000000080001E96] -> 0x23F0
[1962] [M]: 0x0000000080001E94 (0x23F0BC23) sd t6, 0x238(ra)
mem[0x0000000080004448] <- 0xBFFC1FFBFFFE7FFF

mem[X,0x0000000080001E98] -> 0x0F37
mem[X,0x0000000080001E9A] -> 0xF7FF
[1963] [M]: 0x0000000080001E98 (0xF7FF0F37) lui t5, -0x8010
x30 <- 0xFFFFFFFFF7FF0000

mem[X,0x0000000080001E9C] -> 0x0F13
mem[X,0x0000000080001E9E] -> 0x002F
[1964] [M]: 0x0000000080001E9C (0x002F0F13) addi t5, t5, 0x2
x30 <- 0xFFFFFFFFF7FF0002

mem[X,0x0000000080001EA0] -> 0x1F13
mem[X,0x0000000080001EA2] -> 0x00BF
[1965] [M]: 0x0000000080001EA0 (0x00BF1F13) slli t5, t5, 0xb
x30 <- 0xFFFFFFBFF8001000

mem[X,0x0000000080001EA4] -> 0x0F13
mem[X,0x0000000080001EA6] -> 0x010F
[1966] [M]: 0x0000000080001EA4 (0x010F0F13) addi t5, t5, 0x10
x30 <- 0xFFFFFFBFF8001010

mem[X,0x0000000080001EA8] -> 0x1F13
mem[X,0x0000000080001EAA] -> 0x00BF
[1967] [M]: 0x0000000080001EA8 (0x00BF1F13) slli t5, t5, 0xb
x30 <- 0xFFFDFFC000808000

mem[X,0x0000000080001EAC] -> 0x0F13
mem[X,0x0000000080001EAE] -> 0x000F
[1968] [M]: 0x0000000080001EAC (0x000F0F13) addi t5, t5, 0x0
x30 <- 0xFFFDFFC000808000

mem[X,0x0000000080001EB0] -> 0x1F13
mem[X,0x0000000080001EB2] -> 0x00AF
[1969] [M]: 0x0000000080001EB0 (0x00AF1F13) slli t5, t5, 0xa
x30 <- 0xF7FF000202000000

mem[X,0x0000000080001EB4] -> 0x0F13
mem[X,0x0000000080001EB6] -> 0x010F
[1970] [M]: 0x0000000080001EB4 (0x010F0F13) addi t5, t5, 0x10
x30 <- 0xF7FF000202000010

mem[X,0x0000000080001EB8] -> 0xFEB7
mem[X,0x0000000080001EBA] -> 0xFFEF
[1971] [M]: 0x0000000080001EB8 (0xFFEFFEB7) lui t4, -0x101
x29 <- 0xFFFFFFFFFFEFF000

mem[X,0x0000000080001EBC] -> 0x8E93
mem[X,0x0000000080001EBE] -> 0x7FFE
[1972] [M]: 0x0000000080001EBC (0x7FFE8E93) addi t4, t4, 0x7ff
x29 <- 0xFFFFFFFFFFEFF7FF

mem[X,0x0000000080001EC0] -> 0x9E93
mem[X,0x0000000080001EC2] -> 0x00BE
[1973] [M]: 0x0000000080001EC0 (0x00BE9E93) slli t4, t4, 0xb
x29 <- 0xFFFFFFFF7FBFF800

mem[X,0x0000000080001EC4] -> 0x8E93
mem[X,0x0000000080001EC6] -> 0x7FFE
[1974] [M]: 0x0000000080001EC4 (0x7FFE8E93) addi t4, t4, 0x7ff
x29 <- 0xFFFFFFFF7FBFFFFF

mem[X,0x0000000080001EC8] -> 0x9E93
mem[X,0x0000000080001ECA] -> 0x00BE
[1975] [M]: 0x0000000080001EC8 (0x00BE9E93) slli t4, t4, 0xb
x29 <- 0xFFFFFBFDFFFFF800

mem[X,0x0000000080001ECC] -> 0x8E93
mem[X,0x0000000080001ECE] -> 0x3F7E
[1976] [M]: 0x0000000080001ECC (0x3F7E8E93) addi t4, t4, 0x3f7
x29 <- 0xFFFFFBFDFFFFFBF7

mem[X,0x0000000080001ED0] -> 0x9E93
mem[X,0x0000000080001ED2] -> 0x00AE
[1977] [M]: 0x0000000080001ED0 (0x00AE9E93) slli t4, t4, 0xa
x29 <- 0xFFEFF7FFFFEFDC00

mem[X,0x0000000080001ED4] -> 0x8E93
mem[X,0x0000000080001ED6] -> 0x3FFE
[1978] [M]: 0x0000000080001ED4 (0x3FFE8E93) addi t4, t4, 0x3ff
x29 <- 0xFFEFF7FFFFEFDFFF

mem[X,0x0000000080001ED8] -> 0x0FBB
mem[X,0x0000000080001EDA] -> 0x91DF
[1979] [M]: 0x0000000080001ED8 (0x91DF0FBB) psadd.h t6, t5, t4
x31 <- 0xF7EEF80101EFE00F

mem[X,0x0000000080001EDC] -> 0xB023
mem[X,0x0000000080001EDE] -> 0x25F0
[1980] [M]: 0x0000000080001EDC (0x25F0B023) sd t6, 0x240(ra)
mem[0x0000000080004450] <- 0xF7EEF80101EFE00F

mem[X,0x0000000080001EE0] -> 0xEF37
mem[X,0x0000000080001EE2] -> 0xFFF6
[1981] [M]: 0x0000000080001EE0 (0xFFF6EF37) lui t5, -0x92
x30 <- 0xFFFFFFFFFFF6E000

mem[X,0x0000000080001EE4] -> 0x0F13
mem[X,0x0000000080001EE6] -> 0xFFFF
[1982] [M]: 0x0000000080001EE4 (0xFFFF0F13) addi t5, t5, -0x1
x30 <- 0xFFFFFFFFFFF6DFFF

mem[X,0x0000000080001EE8] -> 0x1F13
mem[X,0x0000000080001EEA] -> 0x00BF
[1983] [M]: 0x0000000080001EE8 (0x00BF1F13) slli t5, t5, 0xb
x30 <- 0xFFFFFFFFB6FFF800

mem[X,0x0000000080001EEC] -> 0x0F13
mem[X,0x0000000080001EEE] -> 0x100F
[1984] [M]: 0x0000000080001EEC (0x100F0F13) addi t5, t5, 0x100
x30 <- 0xFFFFFFFFB6FFF900

mem[X,0x0000000080001EF0] -> 0x1F13
mem[X,0x0000000080001EF2] -> 0x00BF
[1985] [M]: 0x0000000080001EF0 (0x00BF1F13) slli t5, t5, 0xb
x30 <- 0xFFFFFDB7FFC80000

mem[X,0x0000000080001EF4] -> 0x0F13
mem[X,0x0000000080001EF6] -> 0x03BF
[1986] [M]: 0x0000000080001EF4 (0x03BF0F13) addi t5, t5, 0x3b
x30 <- 0xFFFFFDB7FFC8003B

mem[X,0x0000000080001EF8] -> 0x1F13
mem[X,0x0000000080001EFA] -> 0x00AF
[1987] [M]: 0x0000000080001EF8 (0x00AF1F13) slli t5, t5, 0xa
x30 <- 0xFFF6DFFF2000EC00

mem[X,0x0000000080001EFC] -> 0x0F13
mem[X,0x0000000080001EFE] -> 0x3FFF
[1988] [M]: 0x0000000080001EFC (0x3FFF0F13) addi t5, t5, 0x3ff
x30 <- 0xFFF6DFFF2000EFFF

mem[X,0x0000000080001F00] -> 0x4EB7
mem[X,0x0000000080001F02] -> 0xC000
[1989] [M]: 0x0000000080001F00 (0xC0004EB7) lui t4, -0x3fffc
x29 <- 0xFFFFFFFFC0004000

mem[X,0x0000000080001F04] -> 0x8E93
mem[X,0x0000000080001F06] -> 0xFFFE
[1990] [M]: 0x0000000080001F04 (0xFFFE8E93) addi t4, t4, -0x1
x29 <- 0xFFFFFFFFC0003FFF

mem[X,0x0000000080001F08] -> 0x9E93
mem[X,0x0000000080001F0A] -> 0x00BE
[1991] [M]: 0x0000000080001F08 (0x00BE9E93) slli t4, t4, 0xb
x29 <- 0xFFFFFE0001FFF800

mem[X,0x0000000080001F0C] -> 0x8E93
mem[X,0x0000000080001F0E] -> 0x7F7E
[1992] [M]: 0x0000000080001F0C (0x7F7E8E93) addi t4, t4, 0x7f7
x29 <- 0xFFFFFE0001FFFFF7

mem[X,0x0000000080001F10] -> 0x9E93
mem[X,0x0000000080001F12] -> 0x00BE
[1993] [M]: 0x0000000080001F10 (0x00BE9E93) slli t4, t4, 0xb
x29 <- 0xFFF0000FFFFFB800

mem[X,0x0000000080001F14] -> 0x8E93
mem[X,0x0000000080001F16] -> 0x7FFE
[1994] [M]: 0x0000000080001F14 (0x7FFE8E93) addi t4, t4, 0x7ff
x29 <- 0xFFF0000FFFFFBFFF

mem[X,0x0000000080001F18] -> 0x9E93
mem[X,0x0000000080001F1A] -> 0x00AE
[1995] [M]: 0x0000000080001F18 (0x00AE9E93) slli t4, t4, 0xa
x29 <- 0xC0003FFFFEFFFC00

mem[X,0x0000000080001F1C] -> 0x8E93
mem[X,0x0000000080001F1E] -> 0x3FCE
[1996] [M]: 0x0000000080001F1C (0x3FCE8E93) addi t4, t4, 0x3fc
x29 <- 0xC0003FFFFEFFFFFC

mem[X,0x0000000080001F20] -> 0x0FBB
mem[X,0x0000000080001F22] -> 0x91DF
[1997] [M]: 0x0000000080001F20 (0x91DF0FBB) psadd.h t6, t5, t4
x31 <- 0xBFF61FFE1EFFEFFB

mem[X,0x0000000080001F24] -> 0xB423
mem[X,0x0000000080001F26] -> 0x25F0
[1998] [M]: 0x0000000080001F24 (0x25F0B423) sd t6, 0x248(ra)
mem[0x0000000080004458] <- 0xBFF61FFE1EFFEFFB

mem[X,0x0000000080001F28] -> 0x006F
mem[X,0x0000000080001F2A] -> 0x0380
[1999] [M]: 0x0000000080001F28 (0x0380006F) jal zero, 0x38

clint::tick mtime <- 0x0000000000000014
 clint timer pending at mtime 0x0000000000000014
htif::tick 0x0000000000000000
mem[X,0x0000000080001F60] -> 0x0093
mem[X,0x0000000080001F62] -> 0x0010
[2000] [M]: 0x0000000080001F60 (0x00100093) addi ra, zero, 0x1
x1 <- 0x0000000000000001

mem[X,0x0000000080001F64] -> 0x0F17
mem[X,0x0000000080001F66] -> 0x0000
[2001] [M]: 0x0000000080001F64 (0x00000F17) auipc t5, 0x0
x30 <- 0x0000000080001F64

mem[X,0x0000000080001F68] -> 0x2E23
mem[X,0x0000000080001F6A] -> 0x081F
[2002] [M]: 0x0000000080001F68 (0x081F2E23) sw ra, 0x9c(t5)
htif[0x0000000080002000] <- 0x00000001

mem[X,0x0000000080001F6C] -> 0xF06F
mem[X,0x0000000080001F6E] -> 0xFF9F
[2003] [M]: 0x0000000080001F6C (0xFF9FF06F) jal zero, -0x8

mem[X,0x0000000080001F64] -> 0x0F17
mem[X,0x0000000080001F66] -> 0x0000
[2004] [M]: 0x0000000080001F64 (0x00000F17) auipc t5, 0x0
x30 <- 0x0000000080001F64

mem[X,0x0000000080001F68] -> 0x2E23
mem[X,0x0000000080001F6A] -> 0x081F
[2005] [M]: 0x0000000080001F68 (0x081F2E23) sw ra, 0x9c(t5)
htif[0x0000000080002000] <- 0x00000001

mem[X,0x0000000080001F6C] -> 0xF06F
mem[X,0x0000000080001F6E] -> 0xFF9F
[2006] [M]: 0x0000000080001F6C (0xFF9FF06F) jal zero, -0x8

mem[X,0x0000000080001F64] -> 0x0F17
mem[X,0x0000000080001F66] -> 0x0000
[2007] [M]: 0x0000000080001F64 (0x00000F17) auipc t5, 0x0
x30 <- 0x0000000080001F64

mem[X,0x0000000080001F68] -> 0x2E23
mem[X,0x0000000080001F6A] -> 0x081F
[2008] [M]: 0x0000000080001F68 (0x081F2E23) sw ra, 0x9c(t5)
htif[0x0000000080002000] <- 0x00000001
htif-syscall-proxy cmd: 0x000000000001

SUCCESS
