using psadd.b-01.S/ref/Reference-sail_c_simulator.signature for test-signature output.
tohost located at 0x80002000
Running file psadd.b-01.S/ref/ref.elf.
ELF Entry @ 0x80000000
begin_signature: 0x80004110
end_signature: 0x800043f0
CSR mstatus <- 0x0000000A00000000 (input: 0x0000000000000000)
mem[X,0x0000000000001000] -> 0x0297
mem[X,0x0000000000001002] -> 0x0000
[0] [M]: 0x0000000000001000 (0x00000297) auipc t0, 0x0
x5 <- 0x0000000000001000

mem[X,0x0000000000001004] -> 0x8593
mem[X,0x0000000000001006] -> 0x0202
[1] [M]: 0x0000000000001004 (0x02028593) addi a1, t0, 0x20
x11 <- 0x0000000000001020

mem[X,0x0000000000001008] -> 0x2573
mem[X,0x000000000000100A] -> 0xF140
[2] [M]: 0x0000000000001008 (0xF1402573) csrrs a0, mhartid, zero
CSR mhartid -> 0x0000000000000000
x10 <- 0x0000000000000000

mem[X,0x000000000000100C] -> 0xB283
mem[X,0x000000000000100E] -> 0x0182
[3] [M]: 0x000000000000100C (0x0182B283) ld t0, 0x18(t0)
mem[R,0x0000000000001018] -> 0x0000000080000000
x5 <- 0x0000000080000000

mem[X,0x0000000000001010] -> 0x8067
mem[X,0x0000000000001012] -> 0x0002
[4] [M]: 0x0000000000001010 (0x00028067) jalr zero, 0x0(t0)

mem[X,0x0000000080000000] -> 0x0837
mem[X,0x0000000080000002] -> 0x7D5C
[5] [M]: 0x0000000080000000 (0x7D5C0837) lui a6, 0x7d5c0
x16 <- 0x000000007D5C0000

mem[X,0x0000000080000004] -> 0x0813
mem[X,0x0000000080000006] -> 0xDDB8
[6] [M]: 0x0000000080000004 (0xDDB80813) addi a6, a6, -0x225
x16 <- 0x000000007D5BFDDB

mem[X,0x0000000080000008] -> 0x1813
mem[X,0x000000008000000A] -> 0x00B8
[7] [M]: 0x0000000080000008 (0x00B81813) slli a6, a6, 0xb
x16 <- 0x000003EADFEED800

mem[X,0x000000008000000C] -> 0x0813
mem[X,0x000000008000000E] -> 0x3EA8
[8] [M]: 0x000000008000000C (0x3EA80813) addi a6, a6, 0x3ea
x16 <- 0x000003EADFEEDBEA

mem[X,0x0000000080000010] -> 0x1813
mem[X,0x0000000080000012] -> 0x00B8
[9] [M]: 0x0000000080000010 (0x00B81813) slli a6, a6, 0xb
x16 <- 0x001F56FF76DF5000

mem[X,0x0000000080000014] -> 0x0813
mem[X,0x0000000080000016] -> 0x6FF8
[10] [M]: 0x0000000080000014 (0x6FF80813) addi a6, a6, 0x6ff
x16 <- 0x001F56FF76DF56FF

mem[X,0x0000000080000018] -> 0x1813
mem[X,0x000000008000001A] -> 0x00A8
[11] [M]: 0x0000000080000018 (0x00A81813) slli a6, a6, 0xa
x16 <- 0x7D5BFDDB7D5BFC00

mem[X,0x000000008000001C] -> 0x0813
mem[X,0x000000008000001E] -> 0x1DB8
[12] [M]: 0x000000008000001C (0x1DB80813) addi a6, a6, 0x1db
x16 <- 0x7D5BFDDB7D5BFDDB

mem[X,0x0000000080000020] -> 0x5893
mem[X,0x0000000080000022] -> 0x0078
[13] [M]: 0x0000000080000020 (0x00785893) srli a7, a6, 0x7
x17 <- 0x00FAB7FBB6FAB7FB

mem[X,0x0000000080000024] -> 0x5793
mem[X,0x0000000080000026] -> 0x0398
[14] [M]: 0x0000000080000024 (0x03985793) srli a5, a6, 0x39
x15 <- 0x000000000000003E

mem[X,0x0000000080000028] -> 0xE8B3
mem[X,0x000000008000002A] -> 0x00F8
[15] [M]: 0x0000000080000028 (0x00F8E8B3) or a7, a7, a5
x17 <- 0x00FAB7FBB6FAB7FF

mem[X,0x000000008000002C] -> 0xD913
mem[X,0x000000008000002E] -> 0x0078
[16] [M]: 0x000000008000002C (0x0078D913) srli s2, a7, 0x7
x18 <- 0x0001F56FF76DF56F

mem[X,0x0000000080000030] -> 0xD793
mem[X,0x0000000080000032] -> 0x0398
[17] [M]: 0x0000000080000030 (0x0398D793) srli a5, a7, 0x39
x15 <- 0x0000000000000000

mem[X,0x0000000080000034] -> 0x6933
mem[X,0x0000000080000036] -> 0x00F9
[18] [M]: 0x0000000080000034 (0x00F96933) or s2, s2, a5
x18 <- 0x0001F56FF76DF56F

mem[X,0x0000000080000038] -> 0x5993
mem[X,0x000000008000003A] -> 0x0079
[19] [M]: 0x0000000080000038 (0x00795993) srli s3, s2, 0x7
x19 <- 0x000003EADFEEDBEA

mem[X,0x000000008000003C] -> 0x5793
mem[X,0x000000008000003E] -> 0x0399
[20] [M]: 0x000000008000003C (0x03995793) srli a5, s2, 0x39
x15 <- 0x0000000000000000

mem[X,0x0000000080000040] -> 0xE9B3
mem[X,0x0000000080000042] -> 0x00F9
[21] [M]: 0x0000000080000040 (0x00F9E9B3) or s3, s3, a5
x19 <- 0x000003EADFEEDBEA

mem[X,0x0000000080000044] -> 0xDA13
mem[X,0x0000000080000046] -> 0x0079
[22] [M]: 0x0000000080000044 (0x0079DA13) srli s4, s3, 0x7
x20 <- 0x00000007D5BFDDB7

mem[X,0x0000000080000048] -> 0xD793
mem[X,0x000000008000004A] -> 0x0399
[23] [M]: 0x0000000080000048 (0x0399D793) srli a5, s3, 0x39
x15 <- 0x0000000000000000

mem[X,0x000000008000004C] -> 0x6A33
mem[X,0x000000008000004E] -> 0x00FA
[24] [M]: 0x000000008000004C (0x00FA6A33) or s4, s4, a5
x20 <- 0x00000007D5BFDDB7

mem[X,0x0000000080000050] -> 0x5A93
mem[X,0x0000000080000052] -> 0x007A
[25] [M]: 0x0000000080000050 (0x007A5A93) srli s5, s4, 0x7
x21 <- 0x000000000FAB7FBB

mem[X,0x0000000080000054] -> 0x5793
mem[X,0x0000000080000056] -> 0x039A
[26] [M]: 0x0000000080000054 (0x039A5793) srli a5, s4, 0x39
x15 <- 0x0000000000000000

mem[X,0x0000000080000058] -> 0xEAB3
mem[X,0x000000008000005A] -> 0x00FA
[27] [M]: 0x0000000080000058 (0x00FAEAB3) or s5, s5, a5
x21 <- 0x000000000FAB7FBB

mem[X,0x000000008000005C] -> 0xDB13
mem[X,0x000000008000005E] -> 0x007A
[28] [M]: 0x000000008000005C (0x007ADB13) srli s6, s5, 0x7
x22 <- 0x00000000001F56FF

mem[X,0x0000000080000060] -> 0xD793
mem[X,0x0000000080000062] -> 0x039A
[29] [M]: 0x0000000080000060 (0x039AD793) srli a5, s5, 0x39
x15 <- 0x0000000000000000

mem[X,0x0000000080000064] -> 0x6B33
mem[X,0x0000000080000066] -> 0x00FB
[30] [M]: 0x0000000080000064 (0x00FB6B33) or s6, s6, a5
x22 <- 0x00000000001F56FF

mem[X,0x0000000080000068] -> 0x5B93
mem[X,0x000000008000006A] -> 0x007B
[31] [M]: 0x0000000080000068 (0x007B5B93) srli s7, s6, 0x7
x23 <- 0x0000000000003EAD

mem[X,0x000000008000006C] -> 0x5793
mem[X,0x000000008000006E] -> 0x039B
[32] [M]: 0x000000008000006C (0x039B5793) srli a5, s6, 0x39
x15 <- 0x0000000000000000

mem[X,0x0000000080000070] -> 0xEBB3
mem[X,0x0000000080000072] -> 0x00FB
[33] [M]: 0x0000000080000070 (0x00FBEBB3) or s7, s7, a5
x23 <- 0x0000000000003EAD

mem[X,0x0000000080000074] -> 0xDC13
mem[X,0x0000000080000076] -> 0x007B
[34] [M]: 0x0000000080000074 (0x007BDC13) srli s8, s7, 0x7
x24 <- 0x000000000000007D

mem[X,0x0000000080000078] -> 0xD793
mem[X,0x000000008000007A] -> 0x039B
[35] [M]: 0x0000000080000078 (0x039BD793) srli a5, s7, 0x39
x15 <- 0x0000000000000000

mem[X,0x000000008000007C] -> 0x6C33
mem[X,0x000000008000007E] -> 0x00FC
[36] [M]: 0x000000008000007C (0x00FC6C33) or s8, s8, a5
x24 <- 0x000000000000007D

mem[X,0x0000000080000080] -> 0x5C93
mem[X,0x0000000080000082] -> 0x007C
[37] [M]: 0x0000000080000080 (0x007C5C93) srli s9, s8, 0x7
x25 <- 0x0000000000000000

mem[X,0x0000000080000084] -> 0x5793
mem[X,0x0000000080000086] -> 0x039C
[38] [M]: 0x0000000080000084 (0x039C5793) srli a5, s8, 0x39
x15 <- 0x0000000000000000

mem[X,0x0000000080000088] -> 0xECB3
mem[X,0x000000008000008A] -> 0x00FC
[39] [M]: 0x0000000080000088 (0x00FCECB3) or s9, s9, a5
x25 <- 0x0000000000000000

mem[X,0x000000008000008C] -> 0xDD13
mem[X,0x000000008000008E] -> 0x007C
[40] [M]: 0x000000008000008C (0x007CDD13) srli s10, s9, 0x7
x26 <- 0x0000000000000000

mem[X,0x0000000080000090] -> 0xD793
mem[X,0x0000000080000092] -> 0x039C
[41] [M]: 0x0000000080000090 (0x039CD793) srli a5, s9, 0x39
x15 <- 0x0000000000000000

mem[X,0x0000000080000094] -> 0x6D33
mem[X,0x0000000080000096] -> 0x00FD
[42] [M]: 0x0000000080000094 (0x00FD6D33) or s10, s10, a5
x26 <- 0x0000000000000000

mem[X,0x0000000080000098] -> 0x5D93
mem[X,0x000000008000009A] -> 0x007D
[43] [M]: 0x0000000080000098 (0x007D5D93) srli s11, s10, 0x7
x27 <- 0x0000000000000000

mem[X,0x000000008000009C] -> 0x5793
mem[X,0x000000008000009E] -> 0x039D
[44] [M]: 0x000000008000009C (0x039D5793) srli a5, s10, 0x39
x15 <- 0x0000000000000000

mem[X,0x00000000800000A0] -> 0xEDB3
mem[X,0x00000000800000A2] -> 0x00FD
[45] [M]: 0x00000000800000A0 (0x00FDEDB3) or s11, s11, a5
x27 <- 0x0000000000000000

mem[X,0x00000000800000A4] -> 0xDE13
mem[X,0x00000000800000A6] -> 0x007D
[46] [M]: 0x00000000800000A4 (0x007DDE13) srli t3, s11, 0x7
x28 <- 0x0000000000000000

mem[X,0x00000000800000A8] -> 0xD793
mem[X,0x00000000800000AA] -> 0x039D
[47] [M]: 0x00000000800000A8 (0x039DD793) srli a5, s11, 0x39
x15 <- 0x0000000000000000

mem[X,0x00000000800000AC] -> 0x6E33
mem[X,0x00000000800000AE] -> 0x00FE
[48] [M]: 0x00000000800000AC (0x00FE6E33) or t3, t3, a5
x28 <- 0x0000000000000000

mem[X,0x00000000800000B0] -> 0x5E93
mem[X,0x00000000800000B2] -> 0x007E
[49] [M]: 0x00000000800000B0 (0x007E5E93) srli t4, t3, 0x7
x29 <- 0x0000000000000000

mem[X,0x00000000800000B4] -> 0x5793
mem[X,0x00000000800000B6] -> 0x039E
[50] [M]: 0x00000000800000B4 (0x039E5793) srli a5, t3, 0x39
x15 <- 0x0000000000000000

mem[X,0x00000000800000B8] -> 0xEEB3
mem[X,0x00000000800000BA] -> 0x00FE
[51] [M]: 0x00000000800000B8 (0x00FEEEB3) or t4, t4, a5
x29 <- 0x0000000000000000

mem[X,0x00000000800000BC] -> 0xDF13
mem[X,0x00000000800000BE] -> 0x007E
[52] [M]: 0x00000000800000BC (0x007EDF13) srli t5, t4, 0x7
x30 <- 0x0000000000000000

mem[X,0x00000000800000C0] -> 0xD793
mem[X,0x00000000800000C2] -> 0x039E
[53] [M]: 0x00000000800000C0 (0x039ED793) srli a5, t4, 0x39
x15 <- 0x0000000000000000

mem[X,0x00000000800000C4] -> 0x6F33
mem[X,0x00000000800000C6] -> 0x00FF
[54] [M]: 0x00000000800000C4 (0x00FF6F33) or t5, t5, a5
x30 <- 0x0000000000000000

mem[X,0x00000000800000C8] -> 0xC0B7
mem[X,0x00000000800000CA] -> 0xFEED
[55] [M]: 0x00000000800000C8 (0xFEEDC0B7) lui ra, -0x1124
x1 <- 0xFFFFFFFFFEEDC000

mem[X,0x00000000800000CC] -> 0x8093
mem[X,0x00000000800000CE] -> 0xEAD0
[56] [M]: 0x00000000800000CC (0xEAD08093) addi ra, ra, -0x153
x1 <- 0xFFFFFFFFFEEDBEAD

mem[X,0x00000000800000D0] -> 0x9093
mem[X,0x00000000800000D2] -> 0x00B0
[57] [M]: 0x00000000800000D0 (0x00B09093) slli ra, ra, 0xb
x1 <- 0xFFFFFFF76DF56800

mem[X,0x00000000800000D4] -> 0x8093
mem[X,0x00000000800000D6] -> 0x7F70
[58] [M]: 0x00000000800000D4 (0x7F708093) addi ra, ra, 0x7f7
x1 <- 0xFFFFFFF76DF56FF7

mem[X,0x00000000800000D8] -> 0x9093
mem[X,0x00000000800000DA] -> 0x00B0
[59] [M]: 0x00000000800000D8 (0x00B09093) slli ra, ra, 0xb
x1 <- 0xFFFFBB6FAB7FB800

mem[X,0x00000000800000DC] -> 0x8093
mem[X,0x00000000800000DE] -> 0x36F0
[60] [M]: 0x00000000800000DC (0x36F08093) addi ra, ra, 0x36f
x1 <- 0xFFFFBB6FAB7FBB6F

mem[X,0x00000000800000E0] -> 0x9093
mem[X,0x00000000800000E2] -> 0x00A0
[61] [M]: 0x00000000800000E0 (0x00A09093) slli ra, ra, 0xa
x1 <- 0xFEEDBEADFEEDBC00

mem[X,0x00000000800000E4] -> 0x8093
mem[X,0x00000000800000E6] -> 0x2AD0
[62] [M]: 0x00000000800000E4 (0x2AD08093) addi ra, ra, 0x2ad
x1 <- 0xFEEDBEADFEEDBEAD

mem[X,0x00000000800000E8] -> 0xD113
mem[X,0x00000000800000EA] -> 0x0070
[63] [M]: 0x00000000800000E8 (0x0070D113) srli sp, ra, 0x7
x2 <- 0x01FDDB7D5BFDDB7D

mem[X,0x00000000800000EC] -> 0xD793
mem[X,0x00000000800000EE] -> 0x0390
[64] [M]: 0x00000000800000EC (0x0390D793) srli a5, ra, 0x39
x15 <- 0x000000000000007F

mem[X,0x00000000800000F0] -> 0x6133
mem[X,0x00000000800000F2] -> 0x00F1
[65] [M]: 0x00000000800000F0 (0x00F16133) or sp, sp, a5
x2 <- 0x01FDDB7D5BFDDB7F

mem[X,0x00000000800000F4] -> 0x5193
mem[X,0x00000000800000F6] -> 0x0071
[66] [M]: 0x00000000800000F4 (0x00715193) srli gp, sp, 0x7
x3 <- 0x0003FBB6FAB7FBB6

mem[X,0x00000000800000F8] -> 0x5793
mem[X,0x00000000800000FA] -> 0x0391
[67] [M]: 0x00000000800000F8 (0x03915793) srli a5, sp, 0x39
x15 <- 0x0000000000000000

mem[X,0x00000000800000FC] -> 0xE1B3
mem[X,0x00000000800000FE] -> 0x00F1
[68] [M]: 0x00000000800000FC (0x00F1E1B3) or gp, gp, a5
x3 <- 0x0003FBB6FAB7FBB6

mem[X,0x0000000080000100] -> 0xD213
mem[X,0x0000000080000102] -> 0x0071
[69] [M]: 0x0000000080000100 (0x0071D213) srli tp, gp, 0x7
x4 <- 0x000007F76DF56FF7

mem[X,0x0000000080000104] -> 0xD793
mem[X,0x0000000080000106] -> 0x0391
[70] [M]: 0x0000000080000104 (0x0391D793) srli a5, gp, 0x39
x15 <- 0x0000000000000000

mem[X,0x0000000080000108] -> 0x6233
mem[X,0x000000008000010A] -> 0x00F2
[71] [M]: 0x0000000080000108 (0x00F26233) or tp, tp, a5
x4 <- 0x000007F76DF56FF7

mem[X,0x000000008000010C] -> 0x5293
mem[X,0x000000008000010E] -> 0x0072
[72] [M]: 0x000000008000010C (0x00725293) srli t0, tp, 0x7
x5 <- 0x0000000FEEDBEADF

mem[X,0x0000000080000110] -> 0x5793
mem[X,0x0000000080000112] -> 0x0392
[73] [M]: 0x0000000080000110 (0x03925793) srli a5, tp, 0x39
x15 <- 0x0000000000000000

mem[X,0x0000000080000114] -> 0xE2B3
mem[X,0x0000000080000116] -> 0x00F2
[74] [M]: 0x0000000080000114 (0x00F2E2B3) or t0, t0, a5
x5 <- 0x0000000FEEDBEADF

mem[X,0x0000000080000118] -> 0xD313
mem[X,0x000000008000011A] -> 0x0072
[75] [M]: 0x0000000080000118 (0x0072D313) srli t1, t0, 0x7
x6 <- 0x000000001FDDB7D5

mem[X,0x000000008000011C] -> 0xD793
mem[X,0x000000008000011E] -> 0x0392
[76] [M]: 0x000000008000011C (0x0392D793) srli a5, t0, 0x39
x15 <- 0x0000000000000000

mem[X,0x0000000080000120] -> 0x6333
mem[X,0x0000000080000122] -> 0x00F3
[77] [M]: 0x0000000080000120 (0x00F36333) or t1, t1, a5
x6 <- 0x000000001FDDB7D5

mem[X,0x0000000080000124] -> 0x5393
mem[X,0x0000000080000126] -> 0x0073
[78] [M]: 0x0000000080000124 (0x00735393) srli t2, t1, 0x7
x7 <- 0x00000000003FBB6F

mem[X,0x0000000080000128] -> 0x5793
mem[X,0x000000008000012A] -> 0x0393
[79] [M]: 0x0000000080000128 (0x03935793) srli a5, t1, 0x39
x15 <- 0x0000000000000000

mem[X,0x000000008000012C] -> 0xE3B3
mem[X,0x000000008000012E] -> 0x00F3
[80] [M]: 0x000000008000012C (0x00F3E3B3) or t2, t2, a5
x7 <- 0x00000000003FBB6F

mem[X,0x0000000080000130] -> 0xD413
mem[X,0x0000000080000132] -> 0x0073
[81] [M]: 0x0000000080000130 (0x0073D413) srli fp, t2, 0x7
x8 <- 0x0000000000007F76

mem[X,0x0000000080000134] -> 0xD793
mem[X,0x0000000080000136] -> 0x0393
[82] [M]: 0x0000000080000134 (0x0393D793) srli a5, t2, 0x39
x15 <- 0x0000000000000000

mem[X,0x0000000080000138] -> 0x6433
mem[X,0x000000008000013A] -> 0x00F4
[83] [M]: 0x0000000080000138 (0x00F46433) or fp, fp, a5
x8 <- 0x0000000000007F76

mem[X,0x000000008000013C] -> 0x5493
mem[X,0x000000008000013E] -> 0x0074
[84] [M]: 0x000000008000013C (0x00745493) srli s1, fp, 0x7
x9 <- 0x00000000000000FE

mem[X,0x0000000080000140] -> 0x5793
mem[X,0x0000000080000142] -> 0x0394
[85] [M]: 0x0000000080000140 (0x03945793) srli a5, fp, 0x39
x15 <- 0x0000000000000000

mem[X,0x0000000080000144] -> 0xE4B3
mem[X,0x0000000080000146] -> 0x00F4
[86] [M]: 0x0000000080000144 (0x00F4E4B3) or s1, s1, a5
x9 <- 0x00000000000000FE

mem[X,0x0000000080000148] -> 0xD513
mem[X,0x000000008000014A] -> 0x0074
[87] [M]: 0x0000000080000148 (0x0074D513) srli a0, s1, 0x7
x10 <- 0x0000000000000001

mem[X,0x000000008000014C] -> 0xD793
mem[X,0x000000008000014E] -> 0x0394
[88] [M]: 0x000000008000014C (0x0394D793) srli a5, s1, 0x39
x15 <- 0x0000000000000000

mem[X,0x0000000080000150] -> 0x6533
mem[X,0x0000000080000152] -> 0x00F5
[89] [M]: 0x0000000080000150 (0x00F56533) or a0, a0, a5
x10 <- 0x0000000000000001

mem[X,0x0000000080000154] -> 0x5593
mem[X,0x0000000080000156] -> 0x0075
[90] [M]: 0x0000000080000154 (0x00755593) srli a1, a0, 0x7
x11 <- 0x0000000000000000

mem[X,0x0000000080000158] -> 0x5793
mem[X,0x000000008000015A] -> 0x0395
[91] [M]: 0x0000000080000158 (0x03955793) srli a5, a0, 0x39
x15 <- 0x0000000000000000

mem[X,0x000000008000015C] -> 0xE5B3
mem[X,0x000000008000015E] -> 0x00F5
[92] [M]: 0x000000008000015C (0x00F5E5B3) or a1, a1, a5
x11 <- 0x0000000000000000

mem[X,0x0000000080000160] -> 0xD613
mem[X,0x0000000080000162] -> 0x0075
[93] [M]: 0x0000000080000160 (0x0075D613) srli a2, a1, 0x7
x12 <- 0x0000000000000000

mem[X,0x0000000080000164] -> 0xD793
mem[X,0x0000000080000166] -> 0x0395
[94] [M]: 0x0000000080000164 (0x0395D793) srli a5, a1, 0x39
x15 <- 0x0000000000000000

mem[X,0x0000000080000168] -> 0x6633
mem[X,0x000000008000016A] -> 0x00F6
[95] [M]: 0x0000000080000168 (0x00F66633) or a2, a2, a5
x12 <- 0x0000000000000000

mem[X,0x000000008000016C] -> 0x5693
mem[X,0x000000008000016E] -> 0x0076
[96] [M]: 0x000000008000016C (0x00765693) srli a3, a2, 0x7
x13 <- 0x0000000000000000

mem[X,0x0000000080000170] -> 0x5793
mem[X,0x0000000080000172] -> 0x0396
[97] [M]: 0x0000000080000170 (0x03965793) srli a5, a2, 0x39
x15 <- 0x0000000000000000

mem[X,0x0000000080000174] -> 0xE6B3
mem[X,0x0000000080000176] -> 0x00F6
[98] [M]: 0x0000000080000174 (0x00F6E6B3) or a3, a3, a5
x13 <- 0x0000000000000000

mem[X,0x0000000080000178] -> 0x0013
mem[X,0x000000008000017A] -> 0x0000
[99] [M]: 0x0000000080000178 (0x00000013) addi zero, zero, 0x0

clint::tick mtime <- 0x0000000000000001
 clint timer pending at mtime 0x0000000000000001
htif::tick 0x0000000000000000
mem[X,0x000000008000017C] -> 0x0013
mem[X,0x000000008000017E] -> 0x0000
[100] [M]: 0x000000008000017C (0x00000013) addi zero, zero, 0x0

mem[X,0x0000000080000180] -> 0x4397
mem[X,0x0000000080000182] -> 0x0000
[101] [M]: 0x0000000080000180 (0x00004397) auipc t2, 0x4
x7 <- 0x0000000080004180

mem[X,0x0000000080000184] -> 0x8393
mem[X,0x0000000080000186] -> 0xF983
[102] [M]: 0x0000000080000184 (0xF9838393) addi t2, t2, -0x68
x7 <- 0x0000000080004118

mem[X,0x0000000080000188] -> 0x0013
mem[X,0x000000008000018A] -> 0x0000
[103] [M]: 0x0000000080000188 (0x00000013) addi zero, zero, 0x0

mem[X,0x000000008000018C] -> 0x0013
mem[X,0x000000008000018E] -> 0x0000
[104] [M]: 0x000000008000018C (0x00000013) addi zero, zero, 0x0

mem[X,0x0000000080000190] -> 0x0013
mem[X,0x0000000080000192] -> 0x0000
[105] [M]: 0x0000000080000190 (0x00000013) addi zero, zero, 0x0

mem[X,0x0000000080000194] -> 0x0013
mem[X,0x0000000080000196] -> 0x0000
[106] [M]: 0x0000000080000194 (0x00000013) addi zero, zero, 0x0

mem[X,0x0000000080000198] -> 0x0013
mem[X,0x000000008000019A] -> 0x0000
[107] [M]: 0x0000000080000198 (0x00000013) addi zero, zero, 0x0

mem[X,0x000000008000019C] -> 0x0013
mem[X,0x000000008000019E] -> 0x0000
[108] [M]: 0x000000008000019C (0x00000013) addi zero, zero, 0x0

mem[X,0x00000000800001A0] -> 0x0BB7
mem[X,0x00000000800001A2] -> 0xBFFC
[109] [M]: 0x00000000800001A0 (0xBFFC0BB7) lui s7, -0x40040
x23 <- 0xFFFFFFFFBFFC0000

mem[X,0x00000000800001A4] -> 0x8B93
mem[X,0x00000000800001A6] -> 0x003B
[110] [M]: 0x00000000800001A4 (0x003B8B93) addi s7, s7, 0x3
x23 <- 0xFFFFFFFFBFFC0003

mem[X,0x00000000800001A8] -> 0x9B93
mem[X,0x00000000800001AA] -> 0x00BB
[111] [M]: 0x00000000800001A8 (0x00BB9B93) slli s7, s7, 0xb
x23 <- 0xFFFFFDFFE0001800

mem[X,0x00000000800001AC] -> 0x8B93
mem[X,0x00000000800001AE] -> 0x7D2B
[112] [M]: 0x00000000800001AC (0x7D2B8B93) addi s7, s7, 0x7d2
x23 <- 0xFFFFFDFFE0001FD2

mem[X,0x00000000800001B0] -> 0x9B93
mem[X,0x00000000800001B2] -> 0x00BB
[113] [M]: 0x00000000800001B0 (0x00BB9B93) slli s7, s7, 0xb
x23 <- 0xFFEFFF0000FE9000

mem[X,0x00000000800001B4] -> 0x8B93
mem[X,0x00000000800001B6] -> 0x008B
[114] [M]: 0x00000000800001B4 (0x008B8B93) addi s7, s7, 0x8
x23 <- 0xFFEFFF0000FE9008

mem[X,0x00000000800001B8] -> 0x9B93
mem[X,0x00000000800001BA] -> 0x00AB
[115] [M]: 0x00000000800001B8 (0x00AB9B93) slli s7, s7, 0xa
x23 <- 0xBFFC0003FA402000

mem[X,0x00000000800001BC] -> 0x8B93
mem[X,0x00000000800001BE] -> 0x080B
[116] [M]: 0x00000000800001BC (0x080B8B93) addi s7, s7, 0x80
x23 <- 0xBFFC0003FA402080

mem[X,0x00000000800001C0] -> 0xC137
mem[X,0x00000000800001C2] -> 0x0800
[117] [M]: 0x00000000800001C0 (0x0800C137) lui sp, 0x800c
x2 <- 0x000000000800C000

mem[X,0x00000000800001C4] -> 0x0113
mem[X,0x00000000800001C6] -> 0x07F1
[118] [M]: 0x00000000800001C4 (0x07F10113) addi sp, sp, 0x7f
x2 <- 0x000000000800C07F

mem[X,0x00000000800001C8] -> 0x1113
mem[X,0x00000000800001CA] -> 0x00B1
[119] [M]: 0x00000000800001C8 (0x00B11113) slli sp, sp, 0xb
x2 <- 0x000000400603F800

mem[X,0x00000000800001CC] -> 0x0113
mem[X,0x00000000800001CE] -> 0x02E1
[120] [M]: 0x00000000800001CC (0x02E10113) addi sp, sp, 0x2e
x2 <- 0x000000400603F82E

mem[X,0x00000000800001D0] -> 0x1113
mem[X,0x00000000800001D2] -> 0x00B1
[121] [M]: 0x00000000800001D0 (0x00B11113) slli sp, sp, 0xb
x2 <- 0x000200301FC17000

mem[X,0x00000000800001D4] -> 0x0113
mem[X,0x00000000800001D6] -> 0x7FE1
[122] [M]: 0x00000000800001D4 (0x7FE10113) addi sp, sp, 0x7fe
x2 <- 0x000200301FC177FE

mem[X,0x00000000800001D8] -> 0x1113
mem[X,0x00000000800001DA] -> 0x00A1
[123] [M]: 0x00000000800001D8 (0x00A11113) slli sp, sp, 0xa
x2 <- 0x0800C07F05DFF800

mem[X,0x00000000800001DC] -> 0x0113
mem[X,0x00000000800001DE] -> 0x1061
[124] [M]: 0x00000000800001DC (0x10610113) addi sp, sp, 0x106
x2 <- 0x0800C07F05DFF906

mem[X,0x00000000800001E0] -> 0x873B
mem[X,0x00000000800001E2] -> 0x942B
[125] [M]: 0x00000000800001E0 (0x942B873B) psadd.b a4, s7, sp
x14 <- 0xC7FCC07FFF1F1986

mem[X,0x00000000800001E4] -> 0xB023
mem[X,0x00000000800001E6] -> 0x00E3
[126] [M]: 0x00000000800001E4 (0x00E3B023) sd a4, 0x0(t2)
mem[0x0000000080004118] <- 0xC7FCC07FFF1F1986

mem[X,0x00000000800001E8] -> 0x44B7
mem[X,0x00000000800001EA] -> 0x0155
[127] [M]: 0x00000000800001E8 (0x015544B7) lui s1, 0x1554
x9 <- 0x0000000001554000

mem[X,0x00000000800001EC] -> 0x8493
mem[X,0x00000000800001EE] -> 0xF044
[128] [M]: 0x00000000800001EC (0xF0448493) addi s1, s1, -0xfc
x9 <- 0x0000000001553F04

mem[X,0x00000000800001F0] -> 0x9493
mem[X,0x00000000800001F2] -> 0x00B4
[129] [M]: 0x00000000800001F0 (0x00B49493) slli s1, s1, 0xb
x9 <- 0x0000000AA9F82000

mem[X,0x00000000800001F4] -> 0x8493
mem[X,0x00000000800001F6] -> 0x4004
[130] [M]: 0x00000000800001F4 (0x40048493) addi s1, s1, 0x400
x9 <- 0x0000000AA9F82400

mem[X,0x00000000800001F8] -> 0x9493
mem[X,0x00000000800001FA] -> 0x00B4
[131] [M]: 0x00000000800001F8 (0x00B49493) slli s1, s1, 0xb
x9 <- 0x0000554FC1200000

mem[X,0x00000000800001FC] -> 0x8493
mem[X,0x00000000800001FE] -> 0x1414
[132] [M]: 0x00000000800001FC (0x14148493) addi s1, s1, 0x141
x9 <- 0x0000554FC1200141

mem[X,0x0000000080000200] -> 0x9493
mem[X,0x0000000080000202] -> 0x00A4
[133] [M]: 0x0000000080000200 (0x00A49493) slli s1, s1, 0xa
x9 <- 0x01553F0480050400

mem[X,0x0000000080000204] -> 0x8493
mem[X,0x0000000080000206] -> 0x2FF4
[134] [M]: 0x0000000080000204 (0x2FF48493) addi s1, s1, 0x2ff
x9 <- 0x01553F04800506FF

mem[X,0x0000000080000208] -> 0x0337
mem[X,0x000000008000020A] -> 0xFBFA
[135] [M]: 0x0000000080000208 (0xFBFA0337) lui t1, -0x4060
x6 <- 0xFFFFFFFFFBFA0000

mem[X,0x000000008000020C] -> 0x0313
mem[X,0x000000008000020E] -> 0x3F73
[136] [M]: 0x000000008000020C (0x3F730313) addi t1, t1, 0x3f7
x6 <- 0xFFFFFFFFFBFA03F7

mem[X,0x0000000080000210] -> 0x1313
mem[X,0x0000000080000212] -> 0x00B3
[137] [M]: 0x0000000080000210 (0x00B31313) slli t1, t1, 0xb
x6 <- 0xFFFFFFDFD01FB800

mem[X,0x0000000080000214] -> 0x0313
mem[X,0x0000000080000216] -> 0x0003
[138] [M]: 0x0000000080000214 (0x00030313) addi t1, t1, 0x0
x6 <- 0xFFFFFFDFD01FB800

mem[X,0x0000000080000218] -> 0x1313
mem[X,0x000000008000021A] -> 0x00B3
[139] [M]: 0x0000000080000218 (0x00B31313) slli t1, t1, 0xb
x6 <- 0xFFFEFE80FDC00000

mem[X,0x000000008000021C] -> 0x0313
mem[X,0x000000008000021E] -> 0x0BE3
[140] [M]: 0x000000008000021C (0x0BE30313) addi t1, t1, 0xbe
x6 <- 0xFFFEFE80FDC000BE

mem[X,0x0000000080000220] -> 0x1313
mem[X,0x0000000080000222] -> 0x00A3
[141] [M]: 0x0000000080000220 (0x00A31313) slli t1, t1, 0xa
x6 <- 0xFBFA03F70002F800

mem[X,0x0000000080000224] -> 0x0313
mem[X,0x0000000080000226] -> 0x2FD3
[142] [M]: 0x0000000080000224 (0x2FD30313) addi t1, t1, 0x2fd
x6 <- 0xFBFA03F70002FAFD

mem[X,0x0000000080000228] -> 0x833B
mem[X,0x000000008000022A] -> 0x9464
[143] [M]: 0x0000000080000228 (0x9464833B) psadd.b t1, s1, t1
x6 <- 0xFC4F42FB800700FC

mem[X,0x000000008000022C] -> 0xB423
mem[X,0x000000008000022E] -> 0x0063
[144] [M]: 0x000000008000022C (0x0063B423) sd t1, 0x8(t2)
mem[0x0000000080004120] <- 0xFC4F42FB800700FC

mem[X,0x0000000080000230] -> 0x10B7
mem[X,0x0000000080000232] -> 0xFCF8
[145] [M]: 0x0000000080000230 (0xFCF810B7) lui ra, -0x307f
x1 <- 0xFFFFFFFFFCF81000

mem[X,0x0000000080000234] -> 0x8093
mem[X,0x0000000080000236] -> 0x0F80
[146] [M]: 0x0000000080000234 (0x0F808093) addi ra, ra, 0xf8
x1 <- 0xFFFFFFFFFCF810F8

mem[X,0x0000000080000238] -> 0x9093
mem[X,0x000000008000023A] -> 0x00B0
[147] [M]: 0x0000000080000238 (0x00B09093) slli ra, ra, 0xb
x1 <- 0xFFFFFFE7C087C000

mem[X,0x000000008000023C] -> 0x8093
mem[X,0x000000008000023E] -> 0x4000
[148] [M]: 0x000000008000023C (0x40008093) addi ra, ra, 0x400
x1 <- 0xFFFFFFE7C087C400

mem[X,0x0000000080000240] -> 0x9093
mem[X,0x0000000080000242] -> 0x00B0
[149] [M]: 0x0000000080000240 (0x00B09093) slli ra, ra, 0xb
x1 <- 0xFFFF3E043E200000

mem[X,0x0000000080000244] -> 0x8093
mem[X,0x0000000080000246] -> 0x43E0
[150] [M]: 0x0000000080000244 (0x43E08093) addi ra, ra, 0x43e
x1 <- 0xFFFF3E043E20043E

mem[X,0x0000000080000248] -> 0x9093
mem[X,0x000000008000024A] -> 0x00A0
[151] [M]: 0x0000000080000248 (0x00A09093) slli ra, ra, 0xa
x1 <- 0xFCF810F88010F800

mem[X,0x000000008000024C] -> 0x8093
mem[X,0x000000008000024E] -> 0x1000
[152] [M]: 0x000000008000024C (0x10008093) addi ra, ra, 0x100
x1 <- 0xFCF810F88010F900

mem[X,0x0000000080000250] -> 0x00B7
mem[X,0x0000000080000252] -> 0x09C0
[153] [M]: 0x0000000080000250 (0x09C000B7) lui ra, 0x9c00
x1 <- 0x0000000009C00000

mem[X,0x0000000080000254] -> 0x8093
mem[X,0x0000000080000256] -> 0x8C00
[154] [M]: 0x0000000080000254 (0x8C008093) addi ra, ra, -0x740
x1 <- 0x0000000009BFF8C0

mem[X,0x0000000080000258] -> 0x9093
mem[X,0x000000008000025A] -> 0x00B0
[155] [M]: 0x0000000080000258 (0x00B09093) slli ra, ra, 0xb
x1 <- 0x0000004DFFC60000

mem[X,0x000000008000025C] -> 0x8093
mem[X,0x000000008000025E] -> 0x01E0
[156] [M]: 0x000000008000025C (0x01E08093) addi ra, ra, 0x1e
x1 <- 0x0000004DFFC6001E

mem[X,0x0000000080000260] -> 0x9093
mem[X,0x0000000080000262] -> 0x00B0
[157] [M]: 0x0000000080000260 (0x00B09093) slli ra, ra, 0xb
x1 <- 0x00026FFE3000F000

mem[X,0x0000000080000264] -> 0x8093
mem[X,0x0000000080000266] -> 0x0010
[158] [M]: 0x0000000080000264 (0x00108093) addi ra, ra, 0x1
x1 <- 0x00026FFE3000F001

mem[X,0x0000000080000268] -> 0x9093
mem[X,0x000000008000026A] -> 0x00A0
[159] [M]: 0x0000000080000268 (0x00A09093) slli ra, ra, 0xa
x1 <- 0x09BFF8C003C00400

mem[X,0x000000008000026C] -> 0x8093
mem[X,0x000000008000026E] -> 0x1000
[160] [M]: 0x000000008000026C (0x10008093) addi ra, ra, 0x100
x1 <- 0x09BFF8C003C00500

mem[X,0x0000000080000270] -> 0x803B
mem[X,0x0000000080000272] -> 0x9410
[161] [M]: 0x0000000080000270 (0x9410803B) psadd.b zero, ra, ra

mem[X,0x0000000080000274] -> 0xB823
mem[X,0x0000000080000276] -> 0x0003
[162] [M]: 0x0000000080000274 (0x0003B823) sd zero, 0x10(t2)
mem[0x0000000080004128] <- 0x0000000000000000

mem[X,0x0000000080000278] -> 0x4F37
mem[X,0x000000008000027A] -> 0x07F7
[163] [M]: 0x0000000080000278 (0x07F74F37) lui t5, 0x7f74
x30 <- 0x0000000007F74000

mem[X,0x000000008000027C] -> 0x0F13
mem[X,0x000000008000027E] -> 0x0AAF
[164] [M]: 0x000000008000027C (0x0AAF0F13) addi t5, t5, 0xaa
x30 <- 0x0000000007F740AA

mem[X,0x0000000080000280] -> 0x1F13
mem[X,0x0000000080000282] -> 0x00BF
[165] [M]: 0x0000000080000280 (0x00BF1F13) slli t5, t5, 0xb
x30 <- 0x0000003FBA055000

mem[X,0x0000000080000284] -> 0x0F13
mem[X,0x0000000080000286] -> 0x007F
[166] [M]: 0x0000000080000284 (0x007F0F13) addi t5, t5, 0x7
x30 <- 0x0000003FBA055007

mem[X,0x0000000080000288] -> 0x1F13
mem[X,0x000000008000028A] -> 0x00BF
[167] [M]: 0x0000000080000288 (0x00BF1F13) slli t5, t5, 0xb
x30 <- 0x0001FDD02A803800

mem[X,0x000000008000028C] -> 0x0F13
mem[X,0x000000008000028E] -> 0x7FFF
[168] [M]: 0x000000008000028C (0x7FFF0F13) addi t5, t5, 0x7ff
x30 <- 0x0001FDD02A803FFF

mem[X,0x0000000080000290] -> 0x1F13
mem[X,0x0000000080000292] -> 0x00AF
[169] [M]: 0x0000000080000290 (0x00AF1F13) slli t5, t5, 0xa
x30 <- 0x07F740AA00FFFC00

mem[X,0x0000000080000294] -> 0x0F13
mem[X,0x0000000080000296] -> 0x201F
[170] [M]: 0x0000000080000294 (0x201F0F13) addi t5, t5, 0x201
x30 <- 0x07F740AA00FFFE01

mem[X,0x0000000080000298] -> 0x1537
mem[X,0x000000008000029A] -> 0xFFF6
[171] [M]: 0x0000000080000298 (0xFFF61537) lui a0, -0x9f
x10 <- 0xFFFFFFFFFFF61000

mem[X,0x000000008000029C] -> 0x0513
mem[X,0x000000008000029E] -> 0x8FB5
[172] [M]: 0x000000008000029C (0x8FB50513) addi a0, a0, -0x705
x10 <- 0xFFFFFFFFFFF608FB

mem[X,0x00000000800002A0] -> 0x1513
mem[X,0x00000000800002A2] -> 0x00B5
[173] [M]: 0x00000000800002A0 (0x00B51513) slli a0, a0, 0xb
x10 <- 0xFFFFFFFFB047D800

mem[X,0x00000000800002A4] -> 0x0513
mem[X,0x00000000800002A6] -> 0x7B85
[174] [M]: 0x00000000800002A4 (0x7B850513) addi a0, a0, 0x7b8
x10 <- 0xFFFFFFFFB047DFB8

mem[X,0x00000000800002A8] -> 0x1513
mem[X,0x00000000800002AA] -> 0x00B5
[175] [M]: 0x00000000800002A8 (0x00B51513) slli a0, a0, 0xb
x10 <- 0xFFFFFD823EFDC000

mem[X,0x00000000800002AC] -> 0x0513
mem[X,0x00000000800002AE] -> 0x0415
[176] [M]: 0x00000000800002AC (0x04150513) addi a0, a0, 0x41
x10 <- 0xFFFFFD823EFDC041

mem[X,0x00000000800002B0] -> 0x1513
mem[X,0x00000000800002B2] -> 0x00A5
[177] [M]: 0x00000000800002B0 (0x00A51513) slli a0, a0, 0xa
x10 <- 0xFFF608FBF7010400

mem[X,0x00000000800002B4] -> 0x0513
mem[X,0x00000000800002B6] -> 0x2F65
[178] [M]: 0x00000000800002B4 (0x2F650513) addi a0, a0, 0x2f6
x10 <- 0xFFF608FBF70106F6

mem[X,0x00000000800002B8] -> 0x0F3B
mem[X,0x00000000800002BA] -> 0x94AF
[179] [M]: 0x00000000800002B8 (0x94AF0F3B) psadd.b t5, t5, a0
x30 <- 0x06ED48A5F70004F7

mem[X,0x00000000800002BC] -> 0xBC23
mem[X,0x00000000800002BE] -> 0x01E3
[180] [M]: 0x00000000800002BC (0x01E3BC23) sd t5, 0x18(t2)
mem[0x0000000080004130] <- 0x06ED48A5F70004F7

mem[X,0x00000000800002C0] -> 0x08B7
mem[X,0x00000000800002C2] -> 0xFA40
[181] [M]: 0x00000000800002C0 (0xFA4008B7) lui a7, -0x5c00
x17 <- 0xFFFFFFFFFA400000

mem[X,0x00000000800002C4] -> 0x8893
mem[X,0x00000000800002C6] -> 0x8FE8
[182] [M]: 0x00000000800002C4 (0x8FE88893) addi a7, a7, -0x702
x17 <- 0xFFFFFFFFFA3FF8FE

mem[X,0x00000000800002C8] -> 0x9893
mem[X,0x00000000800002CA] -> 0x00B8
[183] [M]: 0x00000000800002C8 (0x00B89893) slli a7, a7, 0xb
x17 <- 0xFFFFFFD1FFC7F000

mem[X,0x00000000800002CC] -> 0x8893
mem[X,0x00000000800002CE] -> 0x5F88
[184] [M]: 0x00000000800002CC (0x5F888893) addi a7, a7, 0x5f8
x17 <- 0xFFFFFFD1FFC7F5F8

mem[X,0x00000000800002D0] -> 0x9893
mem[X,0x00000000800002D2] -> 0x00B8
[185] [M]: 0x00000000800002D0 (0x00B89893) slli a7, a7, 0xb
x17 <- 0xFFFE8FFE3FAFC000

mem[X,0x00000000800002D4] -> 0x8893
mem[X,0x00000000800002D6] -> 0x17F8
[186] [M]: 0x00000000800002D4 (0x17F88893) addi a7, a7, 0x17f
x17 <- 0xFFFE8FFE3FAFC17F

mem[X,0x00000000800002D8] -> 0x9893
mem[X,0x00000000800002DA] -> 0x00A8
[187] [M]: 0x00000000800002D8 (0x00A89893) slli a7, a7, 0xa
x17 <- 0xFA3FF8FEBF05FC00

mem[X,0x00000000800002DC] -> 0x8893
mem[X,0x00000000800002DE] -> 0x07F8
[188] [M]: 0x00000000800002DC (0x07F88893) addi a7, a7, 0x7f
x17 <- 0xFA3FF8FEBF05FC7F

mem[X,0x00000000800002E0] -> 0xC8B7
mem[X,0x00000000800002E2] -> 0xEF03
[189] [M]: 0x00000000800002E0 (0xEF03C8B7) lui a7, -0x10fc4
x17 <- 0xFFFFFFFFEF03C000

mem[X,0x00000000800002E4] -> 0x8893
mem[X,0x00000000800002E6] -> 0xF7F8
[190] [M]: 0x00000000800002E4 (0xF7F88893) addi a7, a7, -0x81
x17 <- 0xFFFFFFFFEF03BF7F

mem[X,0x00000000800002E8] -> 0x9893
mem[X,0x00000000800002EA] -> 0x00B8
[191] [M]: 0x00000000800002E8 (0x00B89893) slli a7, a7, 0xb
x17 <- 0xFFFFFF781DFBF800

mem[X,0x00000000800002EC] -> 0x8893
mem[X,0x00000000800002EE] -> 0x6078
[192] [M]: 0x00000000800002EC (0x60788893) addi a7, a7, 0x607
x17 <- 0xFFFFFF781DFBFE07

mem[X,0x00000000800002F0] -> 0x9893
mem[X,0x00000000800002F2] -> 0x00B8
[193] [M]: 0x00000000800002F0 (0x00B89893) slli a7, a7, 0xb
x17 <- 0xFFFBC0EFDFF03800

mem[X,0x00000000800002F4] -> 0x8893
mem[X,0x00000000800002F6] -> 0x3FF8
[194] [M]: 0x00000000800002F4 (0x3FF88893) addi a7, a7, 0x3ff
x17 <- 0xFFFBC0EFDFF03BFF

mem[X,0x00000000800002F8] -> 0x9893
mem[X,0x00000000800002FA] -> 0x00A8
[195] [M]: 0x00000000800002F8 (0x00A89893) slli a7, a7, 0xa
x17 <- 0xEF03BF7FC0EFFC00

mem[X,0x00000000800002FC] -> 0x8893
mem[X,0x00000000800002FE] -> 0x1AA8
[196] [M]: 0x00000000800002FC (0x1AA88893) addi a7, a7, 0x1aa
x17 <- 0xEF03BF7FC0EFFDAA

mem[X,0x0000000080000300] -> 0x88BB
mem[X,0x0000000080000302] -> 0x9518
[197] [M]: 0x0000000080000300 (0x951888BB) psadd.b a7, a7, a7
x17 <- 0xDE06807F80DEFA80

mem[X,0x0000000080000304] -> 0xB023
mem[X,0x0000000080000306] -> 0x0313
[198] [M]: 0x0000000080000304 (0x0313B023) sd a7, 0x20(t2)
mem[0x0000000080004138] <- 0xDE06807F80DEFA80

mem[X,0x0000000080000308] -> 0x0A37
mem[X,0x000000008000030A] -> 0xFC3F
[199] [M]: 0x0000000080000308 (0xFC3F0A37) lui s4, -0x3c10
x20 <- 0xFFFFFFFFFC3F0000

clint::tick mtime <- 0x0000000000000002
 clint timer pending at mtime 0x0000000000000002
htif::tick 0x0000000000000000
mem[X,0x000000008000030C] -> 0x0A13
mem[X,0x000000008000030E] -> 0x4F6A
[200] [M]: 0x000000008000030C (0x4F6A0A13) addi s4, s4, 0x4f6
x20 <- 0xFFFFFFFFFC3F04F6

mem[X,0x0000000080000310] -> 0x1A13
mem[X,0x0000000080000312] -> 0x00BA
[201] [M]: 0x0000000080000310 (0x00BA1A13) slli s4, s4, 0xb
x20 <- 0xFFFFFFE1F827B000

mem[X,0x0000000080000314] -> 0x0A13
mem[X,0x0000000080000316] -> 0x01BA
[202] [M]: 0x0000000080000314 (0x01BA0A13) addi s4, s4, 0x1b
x20 <- 0xFFFFFFE1F827B01B

mem[X,0x0000000080000318] -> 0x1A13
mem[X,0x000000008000031A] -> 0x00BA
[203] [M]: 0x0000000080000318 (0x00BA1A13) slli s4, s4, 0xb
x20 <- 0xFFFF0FC13D80D800

mem[X,0x000000008000031C] -> 0x0A13
mem[X,0x000000008000031E] -> 0x7CFA
[204] [M]: 0x000000008000031C (0x7CFA0A13) addi s4, s4, 0x7cf
x20 <- 0xFFFF0FC13D80DFCF

mem[X,0x0000000080000320] -> 0x1A13
mem[X,0x0000000080000322] -> 0x00AA
[205] [M]: 0x0000000080000320 (0x00AA1A13) slli s4, s4, 0xa
x20 <- 0xFC3F04F6037F3C00

mem[X,0x0000000080000324] -> 0x0A13
mem[X,0x0000000080000326] -> 0x302A
[206] [M]: 0x0000000080000324 (0x302A0A13) addi s4, s4, 0x302
x20 <- 0xFC3F04F6037F3F02

mem[X,0x0000000080000328] -> 0x06B7
mem[X,0x000000008000032A] -> 0x02AB
[207] [M]: 0x0000000080000328 (0x02AB06B7) lui a3, 0x2ab0
x13 <- 0x0000000002AB0000

mem[X,0x000000008000032C] -> 0x8693
mem[X,0x000000008000032E] -> 0x9016
[208] [M]: 0x000000008000032C (0x90168693) addi a3, a3, -0x6ff
x13 <- 0x0000000002AAF901

mem[X,0x0000000080000330] -> 0x9693
mem[X,0x0000000080000332] -> 0x00B6
[209] [M]: 0x0000000080000330 (0x00B69693) slli a3, a3, 0xb
x13 <- 0x0000001557C80800

mem[X,0x0000000080000334] -> 0x8693
mem[X,0x0000000080000336] -> 0x0276
[210] [M]: 0x0000000080000334 (0x02768693) addi a3, a3, 0x27
x13 <- 0x0000001557C80827

mem[X,0x0000000080000338] -> 0x9693
mem[X,0x000000008000033A] -> 0x00B6
[211] [M]: 0x0000000080000338 (0x00B69693) slli a3, a3, 0xb
x13 <- 0x0000AABE40413800

mem[X,0x000000008000033C] -> 0x8693
mem[X,0x000000008000033E] -> 0x6816
[212] [M]: 0x000000008000033C (0x68168693) addi a3, a3, 0x681
x13 <- 0x0000AABE40413E81

mem[X,0x0000000080000340] -> 0x9693
mem[X,0x0000000080000342] -> 0x00A6
[213] [M]: 0x0000000080000340 (0x00A69693) slli a3, a3, 0xa
x13 <- 0x02AAF90104FA0400

mem[X,0x0000000080000344] -> 0x8693
mem[X,0x0000000080000346] -> 0x1076
[214] [M]: 0x0000000080000344 (0x10768693) addi a3, a3, 0x107
x13 <- 0x02AAF90104FA0507

mem[X,0x0000000080000348] -> 0x0C3B
mem[X,0x000000008000034A] -> 0x94DA
[215] [M]: 0x0000000080000348 (0x94DA0C3B) psadd.b s8, s4, a3
x24 <- 0xFEE9FDF707794409

mem[X,0x000000008000034C] -> 0xB423
mem[X,0x000000008000034E] -> 0x0383
[216] [M]: 0x000000008000034C (0x0383B423) sd s8, 0x28(t2)
mem[0x0000000080004140] <- 0xFEE9FDF707794409

mem[X,0x0000000080000350] -> 0x0CB7
mem[X,0x0000000080000352] -> 0xF980
[217] [M]: 0x0000000080000350 (0xF9800CB7) lui s9, -0x6800
x25 <- 0xFFFFFFFFF9800000

mem[X,0x0000000080000354] -> 0x8C93
mem[X,0x0000000080000356] -> 0x4FBC
[218] [M]: 0x0000000080000354 (0x4FBC8C93) addi s9, s9, 0x4fb
x25 <- 0xFFFFFFFFF98004FB

mem[X,0x0000000080000358] -> 0x9C93
mem[X,0x000000008000035A] -> 0x00BC
[219] [M]: 0x0000000080000358 (0x00BC9C93) slli s9, s9, 0xb
x25 <- 0xFFFFFFCC0027D800

mem[X,0x000000008000035C] -> 0x8C93
mem[X,0x000000008000035E] -> 0x7DAC
[220] [M]: 0x000000008000035C (0x7DAC8C93) addi s9, s9, 0x7da
x25 <- 0xFFFFFFCC0027DFDA

mem[X,0x0000000080000360] -> 0x9C93
mem[X,0x0000000080000362] -> 0x00BC
[221] [M]: 0x0000000080000360 (0x00BC9C93) slli s9, s9, 0xb
x25 <- 0xFFFE60013EFED000

mem[X,0x0000000080000364] -> 0x8C93
mem[X,0x0000000080000366] -> 0x02AC
[222] [M]: 0x0000000080000364 (0x02AC8C93) addi s9, s9, 0x2a
x25 <- 0xFFFE60013EFED02A

mem[X,0x0000000080000368] -> 0x9C93
mem[X,0x000000008000036A] -> 0x00AC
[223] [M]: 0x0000000080000368 (0x00AC9C93) slli s9, s9, 0xa
x25 <- 0xF98004FBFB40A800

mem[X,0x000000008000036C] -> 0x8C93
mem[X,0x000000008000036E] -> 0x204C
[224] [M]: 0x000000008000036C (0x204C8C93) addi s9, s9, 0x204
x25 <- 0xF98004FBFB40AA04

mem[X,0x0000000080000370] -> 0x0FB7
mem[X,0x0000000080000372] -> 0x04F8
[225] [M]: 0x0000000080000370 (0x04F80FB7) lui t6, 0x4f80
x31 <- 0x0000000004F80000

mem[X,0x0000000080000374] -> 0x8F93
mem[X,0x0000000080000376] -> 0xAF6F
[226] [M]: 0x0000000080000374 (0xAF6F8F93) addi t6, t6, -0x50a
x31 <- 0x0000000004F7FAF6

mem[X,0x0000000080000378] -> 0x9F93
mem[X,0x000000008000037A] -> 0x00BF
[227] [M]: 0x0000000080000378 (0x00BF9F93) slli t6, t6, 0xb
x31 <- 0x00000027BFD7B000

mem[X,0x000000008000037C] -> 0x8F93
mem[X,0x000000008000037E] -> 0x7D9F
[228] [M]: 0x000000008000037C (0x7D9F8F93) addi t6, t6, 0x7d9
x31 <- 0x00000027BFD7B7D9

mem[X,0x0000000080000380] -> 0x9F93
mem[X,0x0000000080000382] -> 0x00BF
[229] [M]: 0x0000000080000380 (0x00BF9F93) slli t6, t6, 0xb
x31 <- 0x00013DFEBDBEC800

mem[X,0x0000000080000384] -> 0x8F93
mem[X,0x0000000080000386] -> 0x7FFF
[230] [M]: 0x0000000080000384 (0x7FFF8F93) addi t6, t6, 0x7ff
x31 <- 0x00013DFEBDBECFFF

mem[X,0x0000000080000388] -> 0x9F93
mem[X,0x000000008000038A] -> 0x00AF
[231] [M]: 0x0000000080000388 (0x00AF9F93) slli t6, t6, 0xa
x31 <- 0x04F7FAF6FB3FFC00

mem[X,0x000000008000038C] -> 0x8F93
mem[X,0x000000008000038E] -> 0x3FDF
[232] [M]: 0x000000008000038C (0x3FDF8F93) addi t6, t6, 0x3fd
x31 <- 0x04F7FAF6FB3FFFFD

mem[X,0x0000000080000390] -> 0x8B3B
mem[X,0x0000000080000392] -> 0x95FC
[233] [M]: 0x0000000080000390 (0x95FC8B3B) psadd.b s6, s9, t6
x22 <- 0xFD80FEF1F67FA901

mem[X,0x0000000080000394] -> 0xB823
mem[X,0x0000000080000396] -> 0x0363
[234] [M]: 0x0000000080000394 (0x0363B823) sd s6, 0x30(t2)
mem[0x0000000080004148] <- 0xFD80FEF1F67FA901

mem[X,0x0000000080000398] -> 0x02B7
mem[X,0x000000008000039A] -> 0x03BF
[235] [M]: 0x0000000080000398 (0x03BF02B7) lui t0, 0x3bf0
x5 <- 0x0000000003BF0000

mem[X,0x000000008000039C] -> 0x8293
mem[X,0x000000008000039E] -> 0x4402
[236] [M]: 0x000000008000039C (0x44028293) addi t0, t0, 0x440
x5 <- 0x0000000003BF0440

mem[X,0x00000000800003A0] -> 0x9293
mem[X,0x00000000800003A2] -> 0x00B2
[237] [M]: 0x00000000800003A0 (0x00B29293) slli t0, t0, 0xb
x5 <- 0x0000001DF8220000

mem[X,0x00000000800003A4] -> 0x8293
mem[X,0x00000000800003A6] -> 0x7FE2
[238] [M]: 0x00000000800003A4 (0x7FE28293) addi t0, t0, 0x7fe
x5 <- 0x0000001DF82207FE

mem[X,0x00000000800003A8] -> 0x9293
mem[X,0x00000000800003AA] -> 0x00B2
[239] [M]: 0x00000000800003A8 (0x00B29293) slli t0, t0, 0xb
x5 <- 0x0000EFC1103FF000

mem[X,0x00000000800003AC] -> 0x8293
mem[X,0x00000000800003AE] -> 0x0012
[240] [M]: 0x00000000800003AC (0x00128293) addi t0, t0, 0x1
x5 <- 0x0000EFC1103FF001

mem[X,0x00000000800003B0] -> 0x9293
mem[X,0x00000000800003B2] -> 0x00A2
[241] [M]: 0x00000000800003B0 (0x00A29293) slli t0, t0, 0xa
x5 <- 0x03BF0440FFC00400

mem[X,0x00000000800003B4] -> 0x8293
mem[X,0x00000000800003B6] -> 0x1082
[242] [M]: 0x00000000800003B4 (0x10828293) addi t0, t0, 0x108
x5 <- 0x03BF0440FFC00508

mem[X,0x00000000800003B8] -> 0x0DB7
mem[X,0x00000000800003BA] -> 0xF903
[243] [M]: 0x00000000800003B8 (0xF9030DB7) lui s11, -0x6fd0
x27 <- 0xFFFFFFFFF9030000

mem[X,0x00000000800003BC] -> 0x8D93
mem[X,0x00000000800003BE] -> 0xE07D
[244] [M]: 0x00000000800003BC (0xE07D8D93) addi s11, s11, -0x1f9
x27 <- 0xFFFFFFFFF902FE07

mem[X,0x00000000800003C0] -> 0x9D93
mem[X,0x00000000800003C2] -> 0x00BD
[245] [M]: 0x00000000800003C0 (0x00BD9D93) slli s11, s11, 0xb
x27 <- 0xFFFFFFC817F03800

mem[X,0x00000000800003C4] -> 0x8D93
mem[X,0x00000000800003C6] -> 0x7B7D
[246] [M]: 0x00000000800003C4 (0x7B7D8D93) addi s11, s11, 0x7b7
x27 <- 0xFFFFFFC817F03FB7

mem[X,0x00000000800003C8] -> 0x9D93
mem[X,0x00000000800003CA] -> 0x00BD
[247] [M]: 0x00000000800003C8 (0x00BD9D93) slli s11, s11, 0xb
x27 <- 0xFFFE40BF81FDB800

mem[X,0x00000000800003CC] -> 0x8D93
mem[X,0x00000000800003CE] -> 0x67ED
[248] [M]: 0x00000000800003CC (0x67ED8D93) addi s11, s11, 0x67e
x27 <- 0xFFFE40BF81FDBE7E

mem[X,0x00000000800003D0] -> 0x9D93
mem[X,0x00000000800003D2] -> 0x00AD
[249] [M]: 0x00000000800003D0 (0x00AD9D93) slli s11, s11, 0xa
x27 <- 0xF902FE07F6F9F800

mem[X,0x00000000800003D4] -> 0x8D93
mem[X,0x00000000800003D6] -> 0x105D
[250] [M]: 0x00000000800003D4 (0x105D8D93) addi s11, s11, 0x105
x27 <- 0xF902FE07F6F9F905

mem[X,0x00000000800003D8] -> 0x87BB
mem[X,0x00000000800003DA] -> 0x95B2
[251] [M]: 0x00000000800003D8 (0x95B287BB) psadd.b a5, t0, s11
x15 <- 0xFCC10247F5B9FE0D

mem[X,0x00000000800003DC] -> 0xBC23
mem[X,0x00000000800003DE] -> 0x02F3
[252] [M]: 0x00000000800003DC (0x02F3BC23) sd a5, 0x38(t2)
mem[0x0000000080004150] <- 0xFCC10247F5B9FE0D

mem[X,0x00000000800003E0] -> 0x0337
mem[X,0x00000000800003E2] -> 0x09F9
[253] [M]: 0x00000000800003E0 (0x09F90337) lui t1, 0x9f90
x6 <- 0x0000000009F90000

mem[X,0x00000000800003E4] -> 0x0313
mem[X,0x00000000800003E6] -> 0x6FE3
[254] [M]: 0x00000000800003E4 (0x6FE30313) addi t1, t1, 0x6fe
x6 <- 0x0000000009F906FE

mem[X,0x00000000800003E8] -> 0x1313
mem[X,0x00000000800003EA] -> 0x00B3
[255] [M]: 0x00000000800003E8 (0x00B31313) slli t1, t1, 0xb
x6 <- 0x0000004FC837F000

mem[X,0x00000000800003EC] -> 0x0313
mem[X,0x00000000800003EE] -> 0x3F93
[256] [M]: 0x00000000800003EC (0x3F930313) addi t1, t1, 0x3f9
x6 <- 0x0000004FC837F3F9

mem[X,0x00000000800003F0] -> 0x1313
mem[X,0x00000000800003F2] -> 0x00B3
[257] [M]: 0x00000000800003F0 (0x00B31313) slli t1, t1, 0xb
x6 <- 0x00027E41BF9FC800

mem[X,0x00000000800003F4] -> 0x0313
mem[X,0x00000000800003F6] -> 0x7FF3
[258] [M]: 0x00000000800003F4 (0x7FF30313) addi t1, t1, 0x7ff
x6 <- 0x00027E41BF9FCFFF

mem[X,0x00000000800003F8] -> 0x1313
mem[X,0x00000000800003FA] -> 0x00A3
[259] [M]: 0x00000000800003F8 (0x00A31313) slli t1, t1, 0xa
x6 <- 0x09F906FE7F3FFC00

mem[X,0x00000000800003FC] -> 0x0313
mem[X,0x00000000800003FE] -> 0x0103
[260] [M]: 0x00000000800003FC (0x01030313) addi t1, t1, 0x10
x6 <- 0x09F906FE7F3FFC10

mem[X,0x0000000080000400] -> 0x0BB7
mem[X,0x0000000080000402] -> 0x01F6
[261] [M]: 0x0000000080000400 (0x01F60BB7) lui s7, 0x1f60
x23 <- 0x0000000001F60000

mem[X,0x0000000080000404] -> 0x8B93
mem[X,0x0000000080000406] -> 0x701B
[262] [M]: 0x0000000080000404 (0x701B8B93) addi s7, s7, 0x701
x23 <- 0x0000000001F60701

mem[X,0x0000000080000408] -> 0x9B93
mem[X,0x000000008000040A] -> 0x00BB
[263] [M]: 0x0000000080000408 (0x00BB9B93) slli s7, s7, 0xb
x23 <- 0x0000000FB0380800

mem[X,0x000000008000040C] -> 0x8B93
mem[X,0x000000008000040E] -> 0x02BB
[264] [M]: 0x000000008000040C (0x02BB8B93) addi s7, s7, 0x2b
x23 <- 0x0000000FB038082B

mem[X,0x0000000080000410] -> 0x9B93
mem[X,0x0000000080000412] -> 0x00BB
[265] [M]: 0x0000000080000410 (0x00BB9B93) slli s7, s7, 0xb
x23 <- 0x00007D81C0415800

mem[X,0x0000000080000414] -> 0x8B93
mem[X,0x0000000080000416] -> 0x7FEB
[266] [M]: 0x0000000080000414 (0x7FEB8B93) addi s7, s7, 0x7fe
x23 <- 0x00007D81C0415FFE

mem[X,0x0000000080000418] -> 0x9B93
mem[X,0x000000008000041A] -> 0x00AB
[267] [M]: 0x0000000080000418 (0x00AB9B93) slli s7, s7, 0xa
x23 <- 0x01F60701057FF800

mem[X,0x000000008000041C] -> 0x8B93
mem[X,0x000000008000041E] -> 0x105B
[268] [M]: 0x000000008000041C (0x105B8B93) addi s7, s7, 0x105
x23 <- 0x01F60701057FF905

mem[X,0x0000000080000420] -> 0x0EBB
mem[X,0x0000000080000422] -> 0x9573
[269] [M]: 0x0000000080000420 (0x95730EBB) psadd.b t4, t1, s7
x29 <- 0x0AEF0DFF7F7FF515

mem[X,0x0000000080000424] -> 0xB023
mem[X,0x0000000080000426] -> 0x05D3
[270] [M]: 0x0000000080000424 (0x05D3B023) sd t4, 0x40(t2)
mem[0x0000000080004158] <- 0x0AEF0DFF7F7FF515

mem[X,0x0000000080000428] -> 0x15B7
mem[X,0x000000008000042A] -> 0x00FD
[271] [M]: 0x0000000080000428 (0x00FD15B7) lui a1, 0xfd1
x11 <- 0x0000000000FD1000

mem[X,0x000000008000042C] -> 0x8593
mem[X,0x000000008000042E] -> 0x8EF5
[272] [M]: 0x000000008000042C (0x8EF58593) addi a1, a1, -0x711
x11 <- 0x0000000000FD08EF

mem[X,0x0000000080000430] -> 0x9593
mem[X,0x0000000080000432] -> 0x00B5
[273] [M]: 0x0000000080000430 (0x00B59593) slli a1, a1, 0xb
x11 <- 0x00000007E8477800

mem[X,0x0000000080000434] -> 0x8593
mem[X,0x0000000080000436] -> 0x7E65
[274] [M]: 0x0000000080000434 (0x7E658593) addi a1, a1, 0x7e6
x11 <- 0x00000007E8477FE6

mem[X,0x0000000080000438] -> 0x9593
mem[X,0x000000008000043A] -> 0x00B5
[275] [M]: 0x0000000080000438 (0x00B59593) slli a1, a1, 0xb
x11 <- 0x00003F423BFF3000

mem[X,0x000000008000043C] -> 0x8593
mem[X,0x000000008000043E] -> 0x7C15
[276] [M]: 0x000000008000043C (0x7C158593) addi a1, a1, 0x7c1
x11 <- 0x00003F423BFF37C1

mem[X,0x0000000080000440] -> 0x9593
mem[X,0x0000000080000442] -> 0x00A5
[277] [M]: 0x0000000080000440 (0x00A59593) slli a1, a1, 0xa
x11 <- 0x00FD08EFFCDF0400

mem[X,0x0000000080000444] -> 0x8593
mem[X,0x0000000080000446] -> 0x0205
[278] [M]: 0x0000000080000444 (0x02058593) addi a1, a1, 0x20
x11 <- 0x00FD08EFFCDF0420

mem[X,0x0000000080000448] -> 0x14B7
mem[X,0x000000008000044A] -> 0xDF06
[279] [M]: 0x0000000080000448 (0xDF0614B7) lui s1, -0x20f9f
x9 <- 0xFFFFFFFFDF061000

mem[X,0x000000008000044C] -> 0x8493
mem[X,0x000000008000044E] -> 0x9404
[280] [M]: 0x000000008000044C (0x94048493) addi s1, s1, -0x6c0
x9 <- 0xFFFFFFFFDF060940

mem[X,0x0000000080000450] -> 0x9493
mem[X,0x0000000080000452] -> 0x00B4
[281] [M]: 0x0000000080000450 (0x00B49493) slli s1, s1, 0xb
x9 <- 0xFFFFFEF8304A0000

mem[X,0x0000000080000454] -> 0x8493
mem[X,0x0000000080000456] -> 0x7FD4
[282] [M]: 0x0000000080000454 (0x7FD48493) addi s1, s1, 0x7fd
x9 <- 0xFFFFFEF8304A07FD

mem[X,0x0000000080000458] -> 0x9493
mem[X,0x000000008000045A] -> 0x00B4
[283] [M]: 0x0000000080000458 (0x00B49493) slli s1, s1, 0xb
x9 <- 0xFFF7C182503FE800

mem[X,0x000000008000045C] -> 0x8493
mem[X,0x000000008000045E] -> 0x2BE4
[284] [M]: 0x000000008000045C (0x2BE48493) addi s1, s1, 0x2be
x9 <- 0xFFF7C182503FEABE

mem[X,0x0000000080000460] -> 0x9493
mem[X,0x0000000080000462] -> 0x00A4
[285] [M]: 0x0000000080000460 (0x00A49493) slli s1, s1, 0xa
x9 <- 0xDF060940FFAAF800

mem[X,0x0000000080000464] -> 0x8493
mem[X,0x0000000080000466] -> 0x3804
[286] [M]: 0x0000000080000464 (0x38048493) addi s1, s1, 0x380
x9 <- 0xDF060940FFAAFB80

mem[X,0x0000000080000468] -> 0x883B
mem[X,0x000000008000046A] -> 0x9495
[287] [M]: 0x0000000080000468 (0x9495883B) psadd.b a6, a1, s1
x16 <- 0xDF03112FFB89FFA0

mem[X,0x000000008000046C] -> 0xB423
mem[X,0x000000008000046E] -> 0x0503
[288] [M]: 0x000000008000046C (0x0503B423) sd a6, 0x48(t2)
mem[0x0000000080004160] <- 0xDF03112FFB89FFA0

mem[X,0x0000000080000470] -> 0x07B7
mem[X,0x0000000080000472] -> 0xFF20
[289] [M]: 0x0000000080000470 (0xFF2007B7) lui a5, -0xe00
x15 <- 0xFFFFFFFFFF200000

mem[X,0x0000000080000474] -> 0x8793
mem[X,0x0000000080000476] -> 0x5FA7
[290] [M]: 0x0000000080000474 (0x5FA78793) addi a5, a5, 0x5fa
x15 <- 0xFFFFFFFFFF2005FA

mem[X,0x0000000080000478] -> 0x9793
mem[X,0x000000008000047A] -> 0x00B7
[291] [M]: 0x0000000080000478 (0x00B79793) slli a5, a5, 0xb
x15 <- 0xFFFFFFF9002FD000

mem[X,0x000000008000047C] -> 0x8793
mem[X,0x000000008000047E] -> 0x0037
[292] [M]: 0x000000008000047C (0x00378793) addi a5, a5, 0x3
x15 <- 0xFFFFFFF9002FD003

mem[X,0x0000000080000480] -> 0x9793
mem[X,0x0000000080000482] -> 0x00B7
[293] [M]: 0x0000000080000480 (0x00B79793) slli a5, a5, 0xb
x15 <- 0xFFFFC8017E801800

mem[X,0x0000000080000484] -> 0x8793
mem[X,0x0000000080000486] -> 0x7C27
[294] [M]: 0x0000000080000484 (0x7C278793) addi a5, a5, 0x7c2
x15 <- 0xFFFFC8017E801FC2

mem[X,0x0000000080000488] -> 0x9793
mem[X,0x000000008000048A] -> 0x00A7
[295] [M]: 0x0000000080000488 (0x00A79793) slli a5, a5, 0xa
x15 <- 0xFF2005FA007F0800

mem[X,0x000000008000048C] -> 0x8793
mem[X,0x000000008000048E] -> 0x1407
[296] [M]: 0x000000008000048C (0x14078793) addi a5, a5, 0x140
x15 <- 0xFF2005FA007F0940

mem[X,0x0000000080000490] -> 0x8E37
mem[X,0x0000000080000492] -> 0x06C0
[297] [M]: 0x0000000080000490 (0x06C08E37) lui t3, 0x6c08
x28 <- 0x0000000006C08000

mem[X,0x0000000080000494] -> 0x0E13
mem[X,0x0000000080000496] -> 0x0FAE
[298] [M]: 0x0000000080000494 (0x0FAE0E13) addi t3, t3, 0xfa
x28 <- 0x0000000006C080FA

mem[X,0x0000000080000498] -> 0x1E13
mem[X,0x000000008000049A] -> 0x00BE
[299] [M]: 0x0000000080000498 (0x00BE1E13) slli t3, t3, 0xb
x28 <- 0x000000360407D000

clint::tick mtime <- 0x0000000000000003
 clint timer pending at mtime 0x0000000000000003
htif::tick 0x0000000000000000
mem[X,0x000000008000049C] -> 0x0E13
mem[X,0x000000008000049E] -> 0x02FE
[300] [M]: 0x000000008000049C (0x02FE0E13) addi t3, t3, 0x2f
x28 <- 0x000000360407D02F

mem[X,0x00000000800004A0] -> 0x1E13
mem[X,0x00000000800004A2] -> 0x00BE
[301] [M]: 0x00000000800004A0 (0x00BE1E13) slli t3, t3, 0xb
x28 <- 0x0001B0203E817800

mem[X,0x00000000800004A4] -> 0x0E13
mem[X,0x00000000800004A6] -> 0x5FFE
[302] [M]: 0x00000000800004A4 (0x5FFE0E13) addi t3, t3, 0x5ff
x28 <- 0x0001B0203E817DFF

mem[X,0x00000000800004A8] -> 0x1E13
mem[X,0x00000000800004AA] -> 0x00AE
[303] [M]: 0x00000000800004A8 (0x00AE1E13) slli t3, t3, 0xa
x28 <- 0x06C080FA05F7FC00

mem[X,0x00000000800004AC] -> 0x0E13
mem[X,0x00000000800004AE] -> 0x1FEE
[304] [M]: 0x00000000800004AC (0x1FEE0E13) addi t3, t3, 0x1fe
x28 <- 0x06C080FA05F7FDFE

mem[X,0x00000000800004B0] -> 0x89BB
mem[X,0x00000000800004B2] -> 0x95C7
[305] [M]: 0x00000000800004B0 (0x95C789BB) psadd.b s3, a5, t3
x19 <- 0x05E085F40576063E

mem[X,0x00000000800004B4] -> 0xB823
mem[X,0x00000000800004B6] -> 0x0533
[306] [M]: 0x00000000800004B4 (0x0533B823) sd s3, 0x50(t2)
mem[0x0000000080004168] <- 0x05E085F40576063E

mem[X,0x00000000800004B8] -> 0x01B7
mem[X,0x00000000800004BA] -> 0xFE03
[307] [M]: 0x00000000800004B8 (0xFE0301B7) lui gp, -0x1fd0
x3 <- 0xFFFFFFFFFE030000

mem[X,0x00000000800004BC] -> 0x8193
mem[X,0x00000000800004BE] -> 0x0FA1
[308] [M]: 0x00000000800004BC (0x0FA18193) addi gp, gp, 0xfa
x3 <- 0xFFFFFFFFFE0300FA

mem[X,0x00000000800004C0] -> 0x9193
mem[X,0x00000000800004C2] -> 0x00B1
[309] [M]: 0x00000000800004C0 (0x00B19193) slli gp, gp, 0xb
x3 <- 0xFFFFFFF01807D000

mem[X,0x00000000800004C4] -> 0x8193
mem[X,0x00000000800004C6] -> 0x7F51
[310] [M]: 0x00000000800004C4 (0x7F518193) addi gp, gp, 0x7f5
x3 <- 0xFFFFFFF01807D7F5

mem[X,0x00000000800004C8] -> 0x9193
mem[X,0x00000000800004CA] -> 0x00B1
[311] [M]: 0x00000000800004C8 (0x00B19193) slli gp, gp, 0xb
x3 <- 0xFFFF80C03EBFA800

mem[X,0x00000000800004CC] -> 0x8193
mem[X,0x00000000800004CE] -> 0x28F1
[312] [M]: 0x00000000800004CC (0x28F18193) addi gp, gp, 0x28f
x3 <- 0xFFFF80C03EBFAA8F

mem[X,0x00000000800004D0] -> 0x9193
mem[X,0x00000000800004D2] -> 0x00A1
[313] [M]: 0x00000000800004D0 (0x00A19193) slli gp, gp, 0xa
x3 <- 0xFE0300FAFEAA3C00

mem[X,0x00000000800004D4] -> 0x8193
mem[X,0x00000000800004D6] -> 0x3FE1
[314] [M]: 0x00000000800004D4 (0x3FE18193) addi gp, gp, 0x3fe
x3 <- 0xFE0300FAFEAA3FFE

mem[X,0x00000000800004D8] -> 0x5B37
mem[X,0x00000000800004DA] -> 0xFDFA
[315] [M]: 0x00000000800004D8 (0xFDFA5B37) lui s6, -0x205b
x22 <- 0xFFFFFFFFFDFA5000

mem[X,0x00000000800004DC] -> 0x0B13
mem[X,0x00000000800004DE] -> 0x503B
[316] [M]: 0x00000000800004DC (0x503B0B13) addi s6, s6, 0x503
x22 <- 0xFFFFFFFFFDFA5503

mem[X,0x00000000800004E0] -> 0x1B13
mem[X,0x00000000800004E2] -> 0x00BB
[317] [M]: 0x00000000800004E0 (0x00BB1B13) slli s6, s6, 0xb
x22 <- 0xFFFFFFEFD2A81800

mem[X,0x00000000800004E4] -> 0x0B13
mem[X,0x00000000800004E6] -> 0x405B
[318] [M]: 0x00000000800004E4 (0x405B0B13) addi s6, s6, 0x405
x22 <- 0xFFFFFFEFD2A81C05

mem[X,0x00000000800004E8] -> 0x1B13
mem[X,0x00000000800004EA] -> 0x00BB
[319] [M]: 0x00000000800004E8 (0x00BB1B13) slli s6, s6, 0xb
x22 <- 0xFFFF7E9540E02800

mem[X,0x00000000800004EC] -> 0x0B13
mem[X,0x00000000800004EE] -> 0x7FEB
[320] [M]: 0x00000000800004EC (0x7FEB0B13) addi s6, s6, 0x7fe
x22 <- 0xFFFF7E9540E02FFE

mem[X,0x00000000800004F0] -> 0x1B13
mem[X,0x00000000800004F2] -> 0x00AB
[321] [M]: 0x00000000800004F0 (0x00AB1B13) slli s6, s6, 0xa
x22 <- 0xFDFA550380BFF800

mem[X,0x00000000800004F4] -> 0x0B13
mem[X,0x00000000800004F6] -> 0x3FEB
[322] [M]: 0x00000000800004F4 (0x3FEB0B13) addi s6, s6, 0x3fe
x22 <- 0xFDFA550380BFFBFE

mem[X,0x00000000800004F8] -> 0x823B
mem[X,0x00000000800004FA] -> 0x9561
[323] [M]: 0x00000000800004F8 (0x9561823B) psadd.b tp, gp, s6
x4 <- 0xFBFD55FD80803AFC

mem[X,0x00000000800004FC] -> 0xBC23
mem[X,0x00000000800004FE] -> 0x0443
[324] [M]: 0x00000000800004FC (0x0443BC23) sd tp, 0x58(t2)
mem[0x0000000080004170] <- 0xFBFD55FD80803AFC

mem[X,0x0000000080000500] -> 0x0FB7
mem[X,0x0000000080000502] -> 0x20C1
[325] [M]: 0x0000000080000500 (0x20C10FB7) lui t6, 0x20c10
x31 <- 0x0000000020C10000

mem[X,0x0000000080000504] -> 0x8F93
mem[X,0x0000000080000506] -> 0x9AAF
[326] [M]: 0x0000000080000504 (0x9AAF8F93) addi t6, t6, -0x656
x31 <- 0x0000000020C0F9AA

mem[X,0x0000000080000508] -> 0x9F93
mem[X,0x000000008000050A] -> 0x00BF
[327] [M]: 0x0000000080000508 (0x00BF9F93) slli t6, t6, 0xb
x31 <- 0x0000010607CD5000

mem[X,0x000000008000050C] -> 0x8F93
mem[X,0x000000008000050E] -> 0x030F
[328] [M]: 0x000000008000050C (0x030F8F93) addi t6, t6, 0x30
x31 <- 0x0000010607CD5030

mem[X,0x0000000080000510] -> 0x9F93
mem[X,0x0000000080000512] -> 0x00BF
[329] [M]: 0x0000000080000510 (0x00BF9F93) slli t6, t6, 0xb
x31 <- 0x0008303E6A818000

mem[X,0x0000000080000514] -> 0x8F93
mem[X,0x0000000080000516] -> 0x07EF
[330] [M]: 0x0000000080000514 (0x07EF8F93) addi t6, t6, 0x7e
x31 <- 0x0008303E6A81807E

mem[X,0x0000000080000518] -> 0x9F93
mem[X,0x000000008000051A] -> 0x00AF
[331] [M]: 0x0000000080000518 (0x00AF9F93) slli t6, t6, 0xa
x31 <- 0x20C0F9AA0601F800

mem[X,0x000000008000051C] -> 0x8F93
mem[X,0x000000008000051E] -> 0x2FDF
[332] [M]: 0x000000008000051C (0x2FDF8F93) addi t6, t6, 0x2fd
x31 <- 0x20C0F9AA0601FAFD

mem[X,0x0000000080000520] -> 0x81B7
mem[X,0x0000000080000522] -> 0x8008
[333] [M]: 0x0000000080000520 (0x800881B7) lui gp, -0x7ff78
x3 <- 0xFFFFFFFF80088000

mem[X,0x0000000080000524] -> 0x8193
mem[X,0x0000000080000526] -> 0xFDF1
[334] [M]: 0x0000000080000524 (0xFDF18193) addi gp, gp, -0x21
x3 <- 0xFFFFFFFF80087FDF

mem[X,0x0000000080000528] -> 0x9193
mem[X,0x000000008000052A] -> 0x00B1
[335] [M]: 0x0000000080000528 (0x00B19193) slli gp, gp, 0xb
x3 <- 0xFFFFFC0043FEF800

mem[X,0x000000008000052C] -> 0x8193
mem[X,0x000000008000052E] -> 0x02F1
[336] [M]: 0x000000008000052C (0x02F18193) addi gp, gp, 0x2f
x3 <- 0xFFFFFC0043FEF82F

mem[X,0x0000000080000530] -> 0x9193
mem[X,0x0000000080000532] -> 0x00B1
[337] [M]: 0x0000000080000530 (0x00B19193) slli gp, gp, 0xb
x3 <- 0xFFE0021FF7C17800

mem[X,0x0000000080000534] -> 0x8193
mem[X,0x0000000080000536] -> 0x5FD1
[338] [M]: 0x0000000080000534 (0x5FD18193) addi gp, gp, 0x5fd
x3 <- 0xFFE0021FF7C17DFD

mem[X,0x0000000080000538] -> 0x9193
mem[X,0x000000008000053A] -> 0x00A1
[339] [M]: 0x0000000080000538 (0x00A19193) slli gp, gp, 0xa
x3 <- 0x80087FDF05F7F400

mem[X,0x000000008000053C] -> 0x8193
mem[X,0x000000008000053E] -> 0x2FA1
[340] [M]: 0x000000008000053C (0x2FA18193) addi gp, gp, 0x2fa
x3 <- 0x80087FDF05F7F6FA

mem[X,0x0000000080000540] -> 0x893B
mem[X,0x0000000080000542] -> 0x943F
[341] [M]: 0x0000000080000540 (0x943F893B) psadd.b s2, t6, gp
x18 <- 0xA0C878890BF8F0F7

mem[X,0x0000000080000544] -> 0xB023
mem[X,0x0000000080000546] -> 0x0723
[342] [M]: 0x0000000080000544 (0x0723B023) sd s2, 0x60(t2)
mem[0x0000000080004178] <- 0xA0C878890BF8F0F7

mem[X,0x0000000080000548] -> 0x0013
mem[X,0x000000008000054A] -> 0x0000
[343] [M]: 0x0000000080000548 (0x00000013) addi zero, zero, 0x0

mem[X,0x000000008000054C] -> 0x0013
mem[X,0x000000008000054E] -> 0x0000
[344] [M]: 0x000000008000054C (0x00000013) addi zero, zero, 0x0

mem[X,0x0000000080000550] -> 0x0013
mem[X,0x0000000080000552] -> 0x0000
[345] [M]: 0x0000000080000550 (0x00000013) addi zero, zero, 0x0

mem[X,0x0000000080000554] -> 0x0013
mem[X,0x0000000080000556] -> 0x0000
[346] [M]: 0x0000000080000554 (0x00000013) addi zero, zero, 0x0

mem[X,0x0000000080000558] -> 0x0013
mem[X,0x000000008000055A] -> 0x0000
[347] [M]: 0x0000000080000558 (0x00000013) addi zero, zero, 0x0

mem[X,0x000000008000055C] -> 0x0013
mem[X,0x000000008000055E] -> 0x0000
[348] [M]: 0x000000008000055C (0x00000013) addi zero, zero, 0x0

mem[X,0x0000000080000560] -> 0x4317
mem[X,0x0000000080000562] -> 0x0000
[349] [M]: 0x0000000080000560 (0x00004317) auipc t1, 0x4
x6 <- 0x0000000080004560

mem[X,0x0000000080000564] -> 0x0313
mem[X,0x0000000080000566] -> 0xC203
[350] [M]: 0x0000000080000564 (0xC2030313) addi t1, t1, -0x3e0
x6 <- 0x0000000080004180

mem[X,0x0000000080000568] -> 0x0013
mem[X,0x000000008000056A] -> 0x0000
[351] [M]: 0x0000000080000568 (0x00000013) addi zero, zero, 0x0

mem[X,0x000000008000056C] -> 0x0013
mem[X,0x000000008000056E] -> 0x0000
[352] [M]: 0x000000008000056C (0x00000013) addi zero, zero, 0x0

mem[X,0x0000000080000570] -> 0x0013
mem[X,0x0000000080000572] -> 0x0000
[353] [M]: 0x0000000080000570 (0x00000013) addi zero, zero, 0x0

mem[X,0x0000000080000574] -> 0x0013
mem[X,0x0000000080000576] -> 0x0000
[354] [M]: 0x0000000080000574 (0x00000013) addi zero, zero, 0x0

mem[X,0x0000000080000578] -> 0x0013
mem[X,0x000000008000057A] -> 0x0000
[355] [M]: 0x0000000080000578 (0x00000013) addi zero, zero, 0x0

mem[X,0x000000008000057C] -> 0x0013
mem[X,0x000000008000057E] -> 0x0000
[356] [M]: 0x000000008000057C (0x00000013) addi zero, zero, 0x0

mem[X,0x0000000080000580] -> 0x0DB7
mem[X,0x0000000080000582] -> 0x5510
[357] [M]: 0x0000000080000580 (0x55100DB7) lui s11, 0x55100
x27 <- 0x0000000055100000

mem[X,0x0000000080000584] -> 0x8D93
mem[X,0x0000000080000586] -> 0x380D
[358] [M]: 0x0000000080000584 (0x380D8D93) addi s11, s11, 0x380
x27 <- 0x0000000055100380

mem[X,0x0000000080000588] -> 0x9D93
mem[X,0x000000008000058A] -> 0x00BD
[359] [M]: 0x0000000080000588 (0x00BD9D93) slli s11, s11, 0xb
x27 <- 0x000002A8801C0000

mem[X,0x000000008000058C] -> 0x8D93
mem[X,0x000000008000058E] -> 0x7E8D
[360] [M]: 0x000000008000058C (0x7E8D8D93) addi s11, s11, 0x7e8
x27 <- 0x000002A8801C07E8

mem[X,0x0000000080000590] -> 0x9D93
mem[X,0x0000000080000592] -> 0x00BD
[361] [M]: 0x0000000080000590 (0x00BD9D93) slli s11, s11, 0xb
x27 <- 0x00154400E03F4000

mem[X,0x0000000080000594] -> 0x8D93
mem[X,0x0000000080000596] -> 0x1BED
[362] [M]: 0x0000000080000594 (0x1BED8D93) addi s11, s11, 0x1be
x27 <- 0x00154400E03F41BE

mem[X,0x0000000080000598] -> 0x9D93
mem[X,0x000000008000059A] -> 0x00AD
[363] [M]: 0x0000000080000598 (0x00AD9D93) slli s11, s11, 0xa
x27 <- 0x55100380FD06F800

mem[X,0x000000008000059C] -> 0x8D93
mem[X,0x000000008000059E] -> 0x1FBD
[364] [M]: 0x000000008000059C (0x1FBD8D93) addi s11, s11, 0x1fb
x27 <- 0x55100380FD06F9FB

mem[X,0x00000000800005A0] -> 0x03B7
mem[X,0x00000000800005A2] -> 0xC0E0
[365] [M]: 0x00000000800005A0 (0xC0E003B7) lui t2, -0x3f200
x7 <- 0xFFFFFFFFC0E00000

mem[X,0x00000000800005A4] -> 0x8393
mem[X,0x00000000800005A6] -> 0x8FD3
[366] [M]: 0x00000000800005A4 (0x8FD38393) addi t2, t2, -0x703
x7 <- 0xFFFFFFFFC0DFF8FD

mem[X,0x00000000800005A8] -> 0x9393
mem[X,0x00000000800005AA] -> 0x00B3
[367] [M]: 0x00000000800005A8 (0x00B39393) slli t2, t2, 0xb
x7 <- 0xFFFFFE06FFC7E800

mem[X,0x00000000800005AC] -> 0x8393
mem[X,0x00000000800005AE] -> 0x0373
[368] [M]: 0x00000000800005AC (0x03738393) addi t2, t2, 0x37
x7 <- 0xFFFFFE06FFC7E837

mem[X,0x00000000800005B0] -> 0x9393
mem[X,0x00000000800005B2] -> 0x00B3
[369] [M]: 0x00000000800005B0 (0x00B39393) slli t2, t2, 0xb
x7 <- 0xFFF037FE3F41B800

mem[X,0x00000000800005B4] -> 0x8393
mem[X,0x00000000800005B6] -> 0x73F3
[370] [M]: 0x00000000800005B4 (0x73F38393) addi t2, t2, 0x73f
x7 <- 0xFFF037FE3F41BF3F

mem[X,0x00000000800005B8] -> 0x9393
mem[X,0x00000000800005BA] -> 0x00A3
[371] [M]: 0x00000000800005B8 (0x00A39393) slli t2, t2, 0xa
x7 <- 0xC0DFF8FD06FCFC00

mem[X,0x00000000800005BC] -> 0x8393
mem[X,0x00000000800005BE] -> 0x2203
[372] [M]: 0x00000000800005BC (0x22038393) addi t2, t2, 0x220
x7 <- 0xC0DFF8FD06FCFE20

mem[X,0x00000000800005C0] -> 0x8D3B
mem[X,0x00000000800005C2] -> 0x947D
[373] [M]: 0x00000000800005C0 (0x947D8D3B) psadd.b s10, s11, t2
x26 <- 0x15EFFB800302F71B

mem[X,0x00000000800005C4] -> 0x3023
mem[X,0x00000000800005C6] -> 0x01A3
[374] [M]: 0x00000000800005C4 (0x01A33023) sd s10, 0x0(t1)
mem[0x0000000080004180] <- 0x15EFFB800302F71B

mem[X,0x00000000800005C8] -> 0x0B37
mem[X,0x00000000800005CA] -> 0x40EF
[375] [M]: 0x00000000800005C8 (0x40EF0B37) lui s6, 0x40ef0
x22 <- 0x0000000040EF0000

mem[X,0x00000000800005CC] -> 0x0B13
mem[X,0x00000000800005CE] -> 0x501B
[376] [M]: 0x00000000800005CC (0x501B0B13) addi s6, s6, 0x501
x22 <- 0x0000000040EF0501

mem[X,0x00000000800005D0] -> 0x1B13
mem[X,0x00000000800005D2] -> 0x00BB
[377] [M]: 0x00000000800005D0 (0x00BB1B13) slli s6, s6, 0xb
x22 <- 0x0000020778280800

mem[X,0x00000000800005D4] -> 0x0B13
mem[X,0x00000000800005D6] -> 0x7D9B
[378] [M]: 0x00000000800005D4 (0x7D9B0B13) addi s6, s6, 0x7d9
x22 <- 0x0000020778280FD9

mem[X,0x00000000800005D8] -> 0x1B13
mem[X,0x00000000800005DA] -> 0x00BB
[379] [M]: 0x00000000800005D8 (0x00BB1B13) slli s6, s6, 0xb
x22 <- 0x00103BC1407EC800

mem[X,0x00000000800005DC] -> 0x0B13
mem[X,0x00000000800005DE] -> 0x7F0B
[380] [M]: 0x00000000800005DC (0x7F0B0B13) addi s6, s6, 0x7f0
x22 <- 0x00103BC1407ECFF0

mem[X,0x00000000800005E0] -> 0x1B13
mem[X,0x00000000800005E2] -> 0x00AB
[381] [M]: 0x00000000800005E0 (0x00AB1B13) slli s6, s6, 0xa
x22 <- 0x40EF0501FB3FC000

mem[X,0x00000000800005E4] -> 0x0B13
mem[X,0x00000000800005E6] -> 0x0F7B
[382] [M]: 0x00000000800005E4 (0x0F7B0B13) addi s6, s6, 0xf7
x22 <- 0x40EF0501FB3FC0F7

mem[X,0x00000000800005E8] -> 0xFD37
mem[X,0x00000000800005EA] -> 0x5505
[383] [M]: 0x00000000800005E8 (0x5505FD37) lui s10, 0x5505f
x26 <- 0x000000005505F000

mem[X,0x00000000800005EC] -> 0x0D13
mem[X,0x00000000800005EE] -> 0x755D
[384] [M]: 0x00000000800005EC (0x755D0D13) addi s10, s10, 0x755
x26 <- 0x000000005505F755

mem[X,0x00000000800005F0] -> 0x1D13
mem[X,0x00000000800005F2] -> 0x00BD
[385] [M]: 0x00000000800005F0 (0x00BD1D13) slli s10, s10, 0xb
x26 <- 0x000002A82FBAA800

mem[X,0x00000000800005F4] -> 0x0D13
mem[X,0x00000000800005F6] -> 0x77ED
[386] [M]: 0x00000000800005F4 (0x77ED0D13) addi s10, s10, 0x77e
x26 <- 0x000002A82FBAAF7E

mem[X,0x00000000800005F8] -> 0x1D13
mem[X,0x00000000800005FA] -> 0x00BD
[387] [M]: 0x00000000800005F8 (0x00BD1D13) slli s10, s10, 0xb
x26 <- 0x0015417DD57BF000

mem[X,0x00000000800005FC] -> 0x0D13
mem[X,0x00000000800005FE] -> 0x7EFD
[388] [M]: 0x00000000800005FC (0x7EFD0D13) addi s10, s10, 0x7ef
x26 <- 0x0015417DD57BF7EF

mem[X,0x0000000080000600] -> 0x1D13
mem[X,0x0000000080000602] -> 0x00AD
[389] [M]: 0x0000000080000600 (0x00AD1D13) slli s10, s10, 0xa
x26 <- 0x5505F755EFDFBC00

mem[X,0x0000000080000604] -> 0x0D13
mem[X,0x0000000080000606] -> 0x3FDD
[390] [M]: 0x0000000080000604 (0x3FDD0D13) addi s10, s10, 0x3fd
x26 <- 0x5505F755EFDFBFFD

mem[X,0x0000000080000608] -> 0x00BB
mem[X,0x000000008000060A] -> 0x95AB
[391] [M]: 0x0000000080000608 (0x95AB00BB) psadd.b ra, s6, s10
x1 <- 0x7FF4FC56EA1E80F4

mem[X,0x000000008000060C] -> 0x3423
mem[X,0x000000008000060E] -> 0x0013
[392] [M]: 0x000000008000060C (0x00133423) sd ra, 0x8(t1)
mem[0x0000000080004188] <- 0x7FF4FC56EA1E80F4

mem[X,0x0000000080000610] -> 0x0837
mem[X,0x0000000080000612] -> 0x03FA
[393] [M]: 0x0000000080000610 (0x03FA0837) lui a6, 0x3fa0
x16 <- 0x0000000003FA0000

mem[X,0x0000000080000614] -> 0x0813
mem[X,0x0000000080000616] -> 0x5AA8
[394] [M]: 0x0000000080000614 (0x5AA80813) addi a6, a6, 0x5aa
x16 <- 0x0000000003FA05AA

mem[X,0x0000000080000618] -> 0x1813
mem[X,0x000000008000061A] -> 0x00B8
[395] [M]: 0x0000000080000618 (0x00B81813) slli a6, a6, 0xb
x16 <- 0x0000001FD02D5000

mem[X,0x000000008000061C] -> 0x0813
mem[X,0x000000008000061E] -> 0x7EE8
[396] [M]: 0x000000008000061C (0x7EE80813) addi a6, a6, 0x7ee
x16 <- 0x0000001FD02D57EE

mem[X,0x0000000080000620] -> 0x1813
mem[X,0x0000000080000622] -> 0x00B8
[397] [M]: 0x0000000080000620 (0x00B81813) slli a6, a6, 0xb
x16 <- 0x0000FE816ABF7000

mem[X,0x0000000080000624] -> 0x0813
mem[X,0x0000000080000626] -> 0x0018
[398] [M]: 0x0000000080000624 (0x00180813) addi a6, a6, 0x1
x16 <- 0x0000FE816ABF7001

mem[X,0x0000000080000628] -> 0x1813
mem[X,0x000000008000062A] -> 0x00A8
[399] [M]: 0x0000000080000628 (0x00A81813) slli a6, a6, 0xa
x16 <- 0x03FA05AAFDC00400

clint::tick mtime <- 0x0000000000000004
 clint timer pending at mtime 0x0000000000000004
htif::tick 0x0000000000000000
mem[X,0x000000008000062C] -> 0x0813
mem[X,0x000000008000062E] -> 0x1EF8
[400] [M]: 0x000000008000062C (0x1EF80813) addi a6, a6, 0x1ef
x16 <- 0x03FA05AAFDC005EF

mem[X,0x0000000080000630] -> 0x07B7
mem[X,0x0000000080000632] -> 0xFB11
[401] [M]: 0x0000000080000630 (0xFB1107B7) lui a5, -0x4ef0
x15 <- 0xFFFFFFFFFB110000

mem[X,0x0000000080000634] -> 0x8793
mem[X,0x0000000080000636] -> 0xCC07
[402] [M]: 0x0000000080000634 (0xCC078793) addi a5, a5, -0x340
x15 <- 0xFFFFFFFFFB10FCC0

mem[X,0x0000000080000638] -> 0x9793
mem[X,0x000000008000063A] -> 0x00B7
[403] [M]: 0x0000000080000638 (0x00B79793) slli a5, a5, 0xb
x15 <- 0xFFFFFFD887E60000

mem[X,0x000000008000063C] -> 0x8793
mem[X,0x000000008000063E] -> 0x7BF7
[404] [M]: 0x000000008000063C (0x7BF78793) addi a5, a5, 0x7bf
x15 <- 0xFFFFFFD887E607BF

mem[X,0x0000000080000640] -> 0x9793
mem[X,0x0000000080000642] -> 0x00B7
[405] [M]: 0x0000000080000640 (0x00B79793) slli a5, a5, 0xb
x15 <- 0xFFFEC43F303DF800

mem[X,0x0000000080000644] -> 0x8793
mem[X,0x0000000080000646] -> 0x7BF7
[406] [M]: 0x0000000080000644 (0x7BF78793) addi a5, a5, 0x7bf
x15 <- 0xFFFEC43F303DFFBF

mem[X,0x0000000080000648] -> 0x9793
mem[X,0x000000008000064A] -> 0x00A7
[407] [M]: 0x0000000080000648 (0x00A79793) slli a5, a5, 0xa
x15 <- 0xFB10FCC0F7FEFC00

mem[X,0x000000008000064C] -> 0x8793
mem[X,0x000000008000064E] -> 0x0087
[408] [M]: 0x000000008000064C (0x00878793) addi a5, a5, 0x8
x15 <- 0xFB10FCC0F7FEFC08

mem[X,0x0000000080000650] -> 0x02BB
mem[X,0x0000000080000652] -> 0x94F8
[409] [M]: 0x0000000080000650 (0x94F802BB) psadd.b t0, a6, a5
x5 <- 0xFE0A0180F4BE01F7

mem[X,0x0000000080000654] -> 0x3823
mem[X,0x0000000080000656] -> 0x0053
[410] [M]: 0x0000000080000654 (0x00533823) sd t0, 0x10(t1)
mem[0x0000000080004190] <- 0xFE0A0180F4BE01F7

mem[X,0x0000000080000658] -> 0x06B7
mem[X,0x000000008000065A] -> 0x55FA
[411] [M]: 0x0000000080000658 (0x55FA06B7) lui a3, 0x55fa0
x13 <- 0x0000000055FA0000

mem[X,0x000000008000065C] -> 0x8693
mem[X,0x000000008000065E] -> 0x9FC6
[412] [M]: 0x000000008000065C (0x9FC68693) addi a3, a3, -0x604
x13 <- 0x0000000055F9F9FC

mem[X,0x0000000080000660] -> 0x9693
mem[X,0x0000000080000662] -> 0x00B6
[413] [M]: 0x0000000080000660 (0x00B69693) slli a3, a3, 0xb
x13 <- 0x000002AFCFCFE000

mem[X,0x0000000080000664] -> 0x8693
mem[X,0x0000000080000666] -> 0x0276
[414] [M]: 0x0000000080000664 (0x02768693) addi a3, a3, 0x27
x13 <- 0x000002AFCFCFE027

mem[X,0x0000000080000668] -> 0x9693
mem[X,0x000000008000066A] -> 0x00B6
[415] [M]: 0x0000000080000668 (0x00B69693) slli a3, a3, 0xb
x13 <- 0x00157E7E7F013800

mem[X,0x000000008000066C] -> 0x8693
mem[X,0x000000008000066E] -> 0x5CF6
[416] [M]: 0x000000008000066C (0x5CF68693) addi a3, a3, 0x5cf
x13 <- 0x00157E7E7F013DCF

mem[X,0x0000000080000670] -> 0x9693
mem[X,0x0000000080000672] -> 0x00A6
[417] [M]: 0x0000000080000670 (0x00A69693) slli a3, a3, 0xa
x13 <- 0x55F9F9FC04F73C00

mem[X,0x0000000080000674] -> 0x8693
mem[X,0x0000000080000676] -> 0x3DF6
[418] [M]: 0x0000000080000674 (0x3DF68693) addi a3, a3, 0x3df
x13 <- 0x55F9F9FC04F73FDF

mem[X,0x0000000080000678] -> 0x0AB7
mem[X,0x000000008000067A] -> 0xFF04
[419] [M]: 0x0000000080000678 (0xFF040AB7) lui s5, -0xfc0
x21 <- 0xFFFFFFFFFF040000

mem[X,0x000000008000067C] -> 0x8A93
mem[X,0x000000008000067E] -> 0xE03A
[420] [M]: 0x000000008000067C (0xE03A8A93) addi s5, s5, -0x1fd
x21 <- 0xFFFFFFFFFF03FE03

mem[X,0x0000000080000680] -> 0x9A93
mem[X,0x0000000080000682] -> 0x00BA
[421] [M]: 0x0000000080000680 (0x00BA9A93) slli s5, s5, 0xb
x21 <- 0xFFFFFFF81FF01800

mem[X,0x0000000080000684] -> 0x8A93
mem[X,0x0000000080000686] -> 0x7C0A
[422] [M]: 0x0000000080000684 (0x7C0A8A93) addi s5, s5, 0x7c0
x21 <- 0xFFFFFFF81FF01FC0

mem[X,0x0000000080000688] -> 0x9A93
mem[X,0x000000008000068A] -> 0x00BA
[423] [M]: 0x0000000080000688 (0x00BA9A93) slli s5, s5, 0xb
x21 <- 0xFFFFC0FF80FE0000

mem[X,0x000000008000068C] -> 0x8A93
mem[X,0x000000008000068E] -> 0x27FA
[424] [M]: 0x000000008000068C (0x27FA8A93) addi s5, s5, 0x27f
x21 <- 0xFFFFC0FF80FE027F

mem[X,0x0000000080000690] -> 0x9A93
mem[X,0x0000000080000692] -> 0x00AA
[425] [M]: 0x0000000080000690 (0x00AA9A93) slli s5, s5, 0xa
x21 <- 0xFF03FE03F809FC00

mem[X,0x0000000080000694] -> 0x8A93
mem[X,0x0000000080000696] -> 0x0FCA
[426] [M]: 0x0000000080000694 (0x0FCA8A93) addi s5, s5, 0xfc
x21 <- 0xFF03FE03F809FCFC

mem[X,0x0000000080000698] -> 0x83BB
mem[X,0x000000008000069A] -> 0x9556
[427] [M]: 0x0000000080000698 (0x955683BB) psadd.b t2, a3, s5
x7 <- 0x54FCF7FFFC003BDB

mem[X,0x000000008000069C] -> 0x3C23
mem[X,0x000000008000069E] -> 0x0073
[428] [M]: 0x000000008000069C (0x00733C23) sd t2, 0x18(t1)
mem[0x0000000080004198] <- 0x54FCF7FFFC003BDB

mem[X,0x00000000800006A0] -> 0x49B7
mem[X,0x00000000800006A2] -> 0xF6EF
[429] [M]: 0x00000000800006A0 (0xF6EF49B7) lui s3, -0x910c
x19 <- 0xFFFFFFFFF6EF4000

mem[X,0x00000000800006A4] -> 0x8993
mem[X,0x00000000800006A6] -> 0x0F99
[430] [M]: 0x00000000800006A4 (0x0F998993) addi s3, s3, 0xf9
x19 <- 0xFFFFFFFFF6EF40F9

mem[X,0x00000000800006A8] -> 0x9993
mem[X,0x00000000800006AA] -> 0x00B9
[431] [M]: 0x00000000800006A8 (0x00B99993) slli s3, s3, 0xb
x19 <- 0xFFFFFFB77A07C800

mem[X,0x00000000800006AC] -> 0x8993
mem[X,0x00000000800006AE] -> 0x7D89
[432] [M]: 0x00000000800006AC (0x7D898993) addi s3, s3, 0x7d8
x19 <- 0xFFFFFFB77A07CFD8

mem[X,0x00000000800006B0] -> 0x9993
mem[X,0x00000000800006B2] -> 0x00B9
[433] [M]: 0x00000000800006B0 (0x00B99993) slli s3, s3, 0xb
x19 <- 0xFFFDBBD03E7EC000

mem[X,0x00000000800006B4] -> 0x8993
mem[X,0x00000000800006B6] -> 0x17F9
[434] [M]: 0x00000000800006B4 (0x17F98993) addi s3, s3, 0x17f
x19 <- 0xFFFDBBD03E7EC17F

mem[X,0x00000000800006B8] -> 0x9993
mem[X,0x00000000800006BA] -> 0x00A9
[435] [M]: 0x00000000800006B8 (0x00A99993) slli s3, s3, 0xa
x19 <- 0xF6EF40F9FB05FC00

mem[X,0x00000000800006BC] -> 0x8993
mem[X,0x00000000800006BE] -> 0x2BF9
[436] [M]: 0x00000000800006BC (0x2BF98993) addi s3, s3, 0x2bf
x19 <- 0xF6EF40F9FB05FEBF

mem[X,0x00000000800006C0] -> 0x0237
mem[X,0x00000000800006C2] -> 0xFAF8
[437] [M]: 0x00000000800006C0 (0xFAF80237) lui tp, -0x5080
x4 <- 0xFFFFFFFFFAF80000

mem[X,0x00000000800006C4] -> 0x0213
mem[X,0x00000000800006C6] -> 0x7FB2
[438] [M]: 0x00000000800006C4 (0x7FB20213) addi tp, tp, 0x7fb
x4 <- 0xFFFFFFFFFAF807FB

mem[X,0x00000000800006C8] -> 0x1213
mem[X,0x00000000800006CA] -> 0x00B2
[439] [M]: 0x00000000800006C8 (0x00B21213) slli tp, tp, 0xb
x4 <- 0xFFFFFFD7C03FD800

mem[X,0x00000000800006CC] -> 0x0213
mem[X,0x00000000800006CE] -> 0x7D72
[440] [M]: 0x00000000800006CC (0x7D720213) addi tp, tp, 0x7d7
x4 <- 0xFFFFFFD7C03FDFD7

mem[X,0x00000000800006D0] -> 0x1213
mem[X,0x00000000800006D2] -> 0x00B2
[441] [M]: 0x00000000800006D0 (0x00B21213) slli tp, tp, 0xb
x4 <- 0xFFFEBE01FEFEB800

mem[X,0x00000000800006D4] -> 0x0213
mem[X,0x00000000800006D6] -> 0x6822
[442] [M]: 0x00000000800006D4 (0x68220213) addi tp, tp, 0x682
x4 <- 0xFFFEBE01FEFEBE82

mem[X,0x00000000800006D8] -> 0x1213
mem[X,0x00000000800006DA] -> 0x00A2
[443] [M]: 0x00000000800006D8 (0x00A21213) slli tp, tp, 0xa
x4 <- 0xFAF807FBFAFA0800

mem[X,0x00000000800006DC] -> 0x0213
mem[X,0x00000000800006DE] -> 0x1F72
[444] [M]: 0x00000000800006DC (0x1F720213) addi tp, tp, 0x1f7
x4 <- 0xFAF807FBFAFA09F7

mem[X,0x00000000800006E0] -> 0x8BBB
mem[X,0x00000000800006E2] -> 0x9449
[445] [M]: 0x00000000800006E0 (0x94498BBB) psadd.b s7, s3, tp
x23 <- 0xF0E747F4F5FF07B6

mem[X,0x00000000800006E4] -> 0x3023
mem[X,0x00000000800006E6] -> 0x0373
[446] [M]: 0x00000000800006E4 (0x03733023) sd s7, 0x20(t1)
mem[0x00000000800041A0] <- 0xF0E747F4F5FF07B6

mem[X,0x00000000800006E8] -> 0xF737
mem[X,0x00000000800006EA] -> 0xDF05
[447] [M]: 0x00000000800006E8 (0xDF05F737) lui a4, -0x20fa1
x14 <- 0xFFFFFFFFDF05F000

mem[X,0x00000000800006EC] -> 0x0713
mem[X,0x00000000800006EE] -> 0xF027
[448] [M]: 0x00000000800006EC (0xF0270713) addi a4, a4, -0xfe
x14 <- 0xFFFFFFFFDF05EF02

mem[X,0x00000000800006F0] -> 0x1713
mem[X,0x00000000800006F2] -> 0x00B7
[449] [M]: 0x00000000800006F0 (0x00B71713) slli a4, a4, 0xb
x14 <- 0xFFFFFEF82F781000

mem[X,0x00000000800006F4] -> 0x0713
mem[X,0x00000000800006F6] -> 0x7B77
[450] [M]: 0x00000000800006F4 (0x7B770713) addi a4, a4, 0x7b7
x14 <- 0xFFFFFEF82F7817B7

mem[X,0x00000000800006F8] -> 0x1713
mem[X,0x00000000800006FA] -> 0x00B7
[451] [M]: 0x00000000800006F8 (0x00B71713) slli a4, a4, 0xb
x14 <- 0xFFF7C17BC0BDB800

mem[X,0x00000000800006FC] -> 0x0713
mem[X,0x00000000800006FE] -> 0x7007
[452] [M]: 0x00000000800006FC (0x70070713) addi a4, a4, 0x700
x14 <- 0xFFF7C17BC0BDBF00

mem[X,0x0000000080000700] -> 0x1713
mem[X,0x0000000080000702] -> 0x00A7
[453] [M]: 0x0000000080000700 (0x00A71713) slli a4, a4, 0xa
x14 <- 0xDF05EF02F6FC0000

mem[X,0x0000000080000704] -> 0x0713
mem[X,0x0000000080000706] -> 0x3557
[454] [M]: 0x0000000080000704 (0x35570713) addi a4, a4, 0x355
x14 <- 0xDF05EF02F6FC0355

mem[X,0x0000000080000708] -> 0x42B7
mem[X,0x000000008000070A] -> 0xFEFF
[455] [M]: 0x0000000080000708 (0xFEFF42B7) lui t0, -0x100c
x5 <- 0xFFFFFFFFFEFF4000

mem[X,0x000000008000070C] -> 0x8293
mem[X,0x000000008000070E] -> 0x0FA2
[456] [M]: 0x000000008000070C (0x0FA28293) addi t0, t0, 0xfa
x5 <- 0xFFFFFFFFFEFF40FA

mem[X,0x0000000080000710] -> 0x9293
mem[X,0x0000000080000712] -> 0x00B2
[457] [M]: 0x0000000080000710 (0x00B29293) slli t0, t0, 0xb
x5 <- 0xFFFFFFF7FA07D000

mem[X,0x0000000080000714] -> 0x8293
mem[X,0x0000000080000716] -> 0x0002
[458] [M]: 0x0000000080000714 (0x00028293) addi t0, t0, 0x0
x5 <- 0xFFFFFFF7FA07D000

mem[X,0x0000000080000718] -> 0x9293
mem[X,0x000000008000071A] -> 0x00B2
[459] [M]: 0x0000000080000718 (0x00B29293) slli t0, t0, 0xb
x5 <- 0xFFFFBFD03E800000

mem[X,0x000000008000071C] -> 0x8293
mem[X,0x000000008000071E] -> 0x0BD2
[460] [M]: 0x000000008000071C (0x0BD28293) addi t0, t0, 0xbd
x5 <- 0xFFFFBFD03E8000BD

mem[X,0x0000000080000720] -> 0x9293
mem[X,0x0000000080000722] -> 0x00A2
[461] [M]: 0x0000000080000720 (0x00A29293) slli t0, t0, 0xa
x5 <- 0xFEFF40FA0002F400

mem[X,0x0000000080000724] -> 0x8293
mem[X,0x0000000080000726] -> 0x2FA2
[462] [M]: 0x0000000080000724 (0x2FA28293) addi t0, t0, 0x2fa
x5 <- 0xFEFF40FA0002F6FA

mem[X,0x0000000080000728] -> 0x0FBB
mem[X,0x000000008000072A] -> 0x9457
[463] [M]: 0x0000000080000728 (0x94570FBB) psadd.b t6, a4, t0
x31 <- 0xDD042FFCF6FEF94F

mem[X,0x000000008000072C] -> 0x3423
mem[X,0x000000008000072E] -> 0x03F3
[464] [M]: 0x000000008000072C (0x03F33423) sd t6, 0x28(t1)
mem[0x00000000800041A8] <- 0xDD042FFCF6FEF94F

mem[X,0x0000000080000730] -> 0x2AB7
mem[X,0x0000000080000732] -> 0xFC7F
[465] [M]: 0x0000000080000730 (0xFC7F2AB7) lui s5, -0x380e
x21 <- 0xFFFFFFFFFC7F2000

mem[X,0x0000000080000734] -> 0x8A93
mem[X,0x0000000080000736] -> 0x007A
[466] [M]: 0x0000000080000734 (0x007A8A93) addi s5, s5, 0x7
x21 <- 0xFFFFFFFFFC7F2007

mem[X,0x0000000080000738] -> 0x9A93
mem[X,0x000000008000073A] -> 0x00BA
[467] [M]: 0x0000000080000738 (0x00BA9A93) slli s5, s5, 0xb
x21 <- 0xFFFFFFE3F9003800

mem[X,0x000000008000073C] -> 0x8A93
mem[X,0x000000008000073E] -> 0x01EA
[468] [M]: 0x000000008000073C (0x01EA8A93) addi s5, s5, 0x1e
x21 <- 0xFFFFFFE3F900381E

mem[X,0x0000000080000740] -> 0x9A93
mem[X,0x0000000080000742] -> 0x00BA
[469] [M]: 0x0000000080000740 (0x00BA9A93) slli s5, s5, 0xb
x21 <- 0xFFFF1FC801C0F000

mem[X,0x0000000080000744] -> 0x8A93
mem[X,0x0000000080000746] -> 0x03FA
[470] [M]: 0x0000000080000744 (0x03FA8A93) addi s5, s5, 0x3f
x21 <- 0xFFFF1FC801C0F03F

mem[X,0x0000000080000748] -> 0x9A93
mem[X,0x000000008000074A] -> 0x00AA
[471] [M]: 0x0000000080000748 (0x00AA9A93) slli s5, s5, 0xa
x21 <- 0xFC7F200703C0FC00

mem[X,0x000000008000074C] -> 0x8A93
mem[X,0x000000008000074E] -> 0x0AAA
[472] [M]: 0x000000008000074C (0x0AAA8A93) addi s5, s5, 0xaa
x21 <- 0xFC7F200703C0FCAA

mem[X,0x0000000080000750] -> 0x4437
mem[X,0x0000000080000752] -> 0x0606
[473] [M]: 0x0000000080000750 (0x06064437) lui fp, 0x6064
x8 <- 0x0000000006064000

mem[X,0x0000000080000754] -> 0x0413
mem[X,0x0000000080000756] -> 0xFBF4
[474] [M]: 0x0000000080000754 (0xFBF40413) addi fp, fp, -0x41
x8 <- 0x0000000006063FBF

mem[X,0x0000000080000758] -> 0x1413
mem[X,0x000000008000075A] -> 0x00B4
[475] [M]: 0x0000000080000758 (0x00B41413) slli fp, fp, 0xb
x8 <- 0x0000003031FDF800

mem[X,0x000000008000075C] -> 0x0413
mem[X,0x000000008000075E] -> 0x7E24
[476] [M]: 0x000000008000075C (0x7E240413) addi fp, fp, 0x7e2
x8 <- 0x0000003031FDFFE2

mem[X,0x0000000080000760] -> 0x1413
mem[X,0x0000000080000762] -> 0x00B4
[477] [M]: 0x0000000080000760 (0x00B41413) slli fp, fp, 0xb
x8 <- 0x0001818FEFFF1000

mem[X,0x0000000080000764] -> 0x0413
mem[X,0x0000000080000766] -> 0x01F4
[478] [M]: 0x0000000080000764 (0x01F40413) addi fp, fp, 0x1f
x8 <- 0x0001818FEFFF101F

mem[X,0x0000000080000768] -> 0x1413
mem[X,0x000000008000076A] -> 0x00A4
[479] [M]: 0x0000000080000768 (0x00A41413) slli fp, fp, 0xa
x8 <- 0x06063FBFFC407C00

mem[X,0x000000008000076C] -> 0x0413
mem[X,0x000000008000076E] -> 0x3024
[480] [M]: 0x000000008000076C (0x30240413) addi fp, fp, 0x302
x8 <- 0x06063FBFFC407F02

mem[X,0x0000000080000770] -> 0x8DBB
mem[X,0x0000000080000772] -> 0x948A
[481] [M]: 0x0000000080000770 (0x948A8DBB) psadd.b s11, s5, fp
x27 <- 0x027F5FC6FF007BAC

mem[X,0x0000000080000774] -> 0x3823
mem[X,0x0000000080000776] -> 0x03B3
[482] [M]: 0x0000000080000774 (0x03B33823) sd s11, 0x30(t1)
mem[0x00000000800041B0] <- 0x027F5FC6FF007BAC

mem[X,0x0000000080000778] -> 0x0537
mem[X,0x000000008000077A] -> 0x00F9
[483] [M]: 0x0000000080000778 (0x00F90537) lui a0, 0xf90
x10 <- 0x0000000000F90000

mem[X,0x000000008000077C] -> 0x0513
mem[X,0x000000008000077E] -> 0xC005
[484] [M]: 0x000000008000077C (0xC0050513) addi a0, a0, -0x400
x10 <- 0x0000000000F8FC00

mem[X,0x0000000080000780] -> 0x1513
mem[X,0x0000000080000782] -> 0x00B5
[485] [M]: 0x0000000080000780 (0x00B51513) slli a0, a0, 0xb
x10 <- 0x00000007C7E00000

mem[X,0x0000000080000784] -> 0x0513
mem[X,0x0000000080000786] -> 0x6FF5
[486] [M]: 0x0000000080000784 (0x6FF50513) addi a0, a0, 0x6ff
x10 <- 0x00000007C7E006FF

mem[X,0x0000000080000788] -> 0x1513
mem[X,0x000000008000078A] -> 0x00B5
[487] [M]: 0x0000000080000788 (0x00B51513) slli a0, a0, 0xb
x10 <- 0x00003E3F0037F800

mem[X,0x000000008000078C] -> 0x0513
mem[X,0x000000008000078E] -> 0x5A05
[488] [M]: 0x000000008000078C (0x5A050513) addi a0, a0, 0x5a0
x10 <- 0x00003E3F0037FDA0

mem[X,0x0000000080000790] -> 0x1513
mem[X,0x0000000080000792] -> 0x00A5
[489] [M]: 0x0000000080000790 (0x00A51513) slli a0, a0, 0xa
x10 <- 0x00F8FC00DFF68000

mem[X,0x0000000080000794] -> 0x0513
mem[X,0x0000000080000796] -> 0x0FA5
[490] [M]: 0x0000000080000794 (0x0FA50513) addi a0, a0, 0xfa
x10 <- 0x00F8FC00DFF680FA

mem[X,0x0000000080000798] -> 0x8637
mem[X,0x000000008000079A] -> 0x01F9
[491] [M]: 0x0000000080000798 (0x01F98637) lui a2, 0x1f98
x12 <- 0x0000000001F98000

mem[X,0x000000008000079C] -> 0x0613
mem[X,0x000000008000079E] -> 0x07F6
[492] [M]: 0x000000008000079C (0x07F60613) addi a2, a2, 0x7f
x12 <- 0x0000000001F9807F

mem[X,0x00000000800007A0] -> 0x1613
mem[X,0x00000000800007A2] -> 0x00B6
[493] [M]: 0x00000000800007A0 (0x00B61613) slli a2, a2, 0xb
x12 <- 0x0000000FCC03F800

mem[X,0x00000000800007A4] -> 0x0613
mem[X,0x00000000800007A6] -> 0x5516
[494] [M]: 0x00000000800007A4 (0x55160613) addi a2, a2, 0x551
x12 <- 0x0000000FCC03FD51

mem[X,0x00000000800007A8] -> 0x1613
mem[X,0x00000000800007AA] -> 0x00B6
[495] [M]: 0x00000000800007A8 (0x00B61613) slli a2, a2, 0xb
x12 <- 0x00007E601FEA8800

mem[X,0x00000000800007AC] -> 0x0613
mem[X,0x00000000800007AE] -> 0x0016
[496] [M]: 0x00000000800007AC (0x00160613) addi a2, a2, 0x1
x12 <- 0x00007E601FEA8801

mem[X,0x00000000800007B0] -> 0x1613
mem[X,0x00000000800007B2] -> 0x00A6
[497] [M]: 0x00000000800007B0 (0x00A61613) slli a2, a2, 0xa
x12 <- 0x01F9807FAA200400

mem[X,0x00000000800007B4] -> 0x0613
mem[X,0x00000000800007B6] -> 0x0DF6
[498] [M]: 0x00000000800007B4 (0x0DF60613) addi a2, a2, 0xdf
x12 <- 0x01F9807FAA2004DF

mem[X,0x00000000800007B8] -> 0x04BB
mem[X,0x00000000800007BA] -> 0x94C5
[499] [M]: 0x00000000800007B8 (0x94C504BB) psadd.b s1, a0, a2
x9 <- 0x01F1807F891684D9

clint::tick mtime <- 0x0000000000000005
 clint timer pending at mtime 0x0000000000000005
htif::tick 0x0000000000000000
mem[X,0x00000000800007BC] -> 0x3C23
mem[X,0x00000000800007BE] -> 0x0293
[500] [M]: 0x00000000800007BC (0x02933C23) sd s1, 0x38(t1)
mem[0x00000000800041B8] <- 0x01F1807F891684D9

mem[X,0x00000000800007C0] -> 0x0E37
mem[X,0x00000000800007C2] -> 0xDF81
[501] [M]: 0x00000000800007C0 (0xDF810E37) lui t3, -0x207f0
x28 <- 0xFFFFFFFFDF810000

mem[X,0x00000000800007C4] -> 0x0E13
mem[X,0x00000000800007C6] -> 0xAFEE
[502] [M]: 0x00000000800007C4 (0xAFEE0E13) addi t3, t3, -0x502
x28 <- 0xFFFFFFFFDF80FAFE

mem[X,0x00000000800007C8] -> 0x1E13
mem[X,0x00000000800007CA] -> 0x00BE
[503] [M]: 0x00000000800007C8 (0x00BE1E13) slli t3, t3, 0xb
x28 <- 0xFFFFFEFC07D7F000

mem[X,0x00000000800007CC] -> 0x0E13
mem[X,0x00000000800007CE] -> 0x3F8E
[504] [M]: 0x00000000800007CC (0x3F8E0E13) addi t3, t3, 0x3f8
x28 <- 0xFFFFFEFC07D7F3F8

mem[X,0x00000000800007D0] -> 0x1E13
mem[X,0x00000000800007D2] -> 0x00BE
[505] [M]: 0x00000000800007D0 (0x00BE1E13) slli t3, t3, 0xb
x28 <- 0xFFF7E03EBF9FC000

mem[X,0x00000000800007D4] -> 0x0E13
mem[X,0x00000000800007D6] -> 0x1BFE
[506] [M]: 0x00000000800007D4 (0x1BFE0E13) addi t3, t3, 0x1bf
x28 <- 0xFFF7E03EBF9FC1BF

mem[X,0x00000000800007D8] -> 0x1E13
mem[X,0x00000000800007DA] -> 0x00AE
[507] [M]: 0x00000000800007D8 (0x00AE1E13) slli t3, t3, 0xa
x28 <- 0xDF80FAFE7F06FC00

mem[X,0x00000000800007DC] -> 0x0E13
mem[X,0x00000000800007DE] -> 0x304E
[508] [M]: 0x00000000800007DC (0x304E0E13) addi t3, t3, 0x304
x28 <- 0xDF80FAFE7F06FF04

mem[X,0x00000000800007E0] -> 0x0C37
mem[X,0x00000000800007E2] -> 0xF7FC
[509] [M]: 0x00000000800007E0 (0xF7FC0C37) lui s8, -0x8040
x24 <- 0xFFFFFFFFF7FC0000

mem[X,0x00000000800007E4] -> 0x0C13
mem[X,0x00000000800007E6] -> 0xCFEC
[510] [M]: 0x00000000800007E4 (0xCFEC0C13) addi s8, s8, -0x302
x24 <- 0xFFFFFFFFF7FBFCFE

mem[X,0x00000000800007E8] -> 0x1C13
mem[X,0x00000000800007EA] -> 0x00BC
[511] [M]: 0x00000000800007E8 (0x00BC1C13) slli s8, s8, 0xb
x24 <- 0xFFFFFFBFDFE7F000

mem[X,0x00000000800007EC] -> 0x0C13
mem[X,0x00000000800007EE] -> 0x014C
[512] [M]: 0x00000000800007EC (0x014C0C13) addi s8, s8, 0x14
x24 <- 0xFFFFFFBFDFE7F014

mem[X,0x00000000800007F0] -> 0x1C13
mem[X,0x00000000800007F2] -> 0x00BC
[513] [M]: 0x00000000800007F0 (0x00BC1C13) slli s8, s8, 0xb
x24 <- 0xFFFDFEFF3F80A000

mem[X,0x00000000800007F4] -> 0x0C13
mem[X,0x00000000800007F6] -> 0x001C
[514] [M]: 0x00000000800007F4 (0x001C0C13) addi s8, s8, 0x1
x24 <- 0xFFFDFEFF3F80A001

mem[X,0x00000000800007F8] -> 0x1C13
mem[X,0x00000000800007FA] -> 0x00AC
[515] [M]: 0x00000000800007F8 (0x00AC1C13) slli s8, s8, 0xa
x24 <- 0xF7FBFCFE02800400

mem[X,0x00000000800007FC] -> 0x0C13
mem[X,0x00000000800007FE] -> 0x3FAC
[516] [M]: 0x00000000800007FC (0x3FAC0C13) addi s8, s8, 0x3fa
x24 <- 0xF7FBFCFE028007FA

mem[X,0x0000000080000800] -> 0x063B
mem[X,0x0000000080000802] -> 0x958E
[517] [M]: 0x0000000080000800 (0x958E063B) psadd.b a2, t3, s8
x12 <- 0xD680F6FC7F8606FE

mem[X,0x0000000080000804] -> 0x3023
mem[X,0x0000000080000806] -> 0x04C3
[518] [M]: 0x0000000080000804 (0x04C33023) sd a2, 0x40(t1)
mem[0x00000000800041C0] <- 0xD680F6FC7F8606FE

mem[X,0x0000000080000808] -> 0x0EB7
mem[X,0x000000008000080A] -> 0xF7F8
[519] [M]: 0x0000000080000808 (0xF7F80EB7) lui t4, -0x8080
x29 <- 0xFFFFFFFFF7F80000

mem[X,0x000000008000080C] -> 0x8E93
mem[X,0x000000008000080E] -> 0x608E
[520] [M]: 0x000000008000080C (0x608E8E93) addi t4, t4, 0x608
x29 <- 0xFFFFFFFFF7F80608

mem[X,0x0000000080000810] -> 0x9E93
mem[X,0x0000000080000812] -> 0x00BE
[521] [M]: 0x0000000080000810 (0x00BE9E93) slli t4, t4, 0xb
x29 <- 0xFFFFFFBFC0304000

mem[X,0x0000000080000814] -> 0x8E93
mem[X,0x0000000080000816] -> 0x7DFE
[522] [M]: 0x0000000080000814 (0x7DFE8E93) addi t4, t4, 0x7df
x29 <- 0xFFFFFFBFC03047DF

mem[X,0x0000000080000818] -> 0x9E93
mem[X,0x000000008000081A] -> 0x00BE
[523] [M]: 0x0000000080000818 (0x00BE9E93) slli t4, t4, 0xb
x29 <- 0xFFFDFE01823EF800

mem[X,0x000000008000081C] -> 0x8E93
mem[X,0x000000008000081E] -> 0x580E
[524] [M]: 0x000000008000081C (0x580E8E93) addi t4, t4, 0x580
x29 <- 0xFFFDFE01823EFD80

mem[X,0x0000000080000820] -> 0x9E93
mem[X,0x0000000080000822] -> 0x00AE
[525] [M]: 0x0000000080000820 (0x00AE9E93) slli t4, t4, 0xa
x29 <- 0xF7F80608FBF60000

mem[X,0x0000000080000824] -> 0x8E93
mem[X,0x0000000080000826] -> 0x003E
[526] [M]: 0x0000000080000824 (0x003E8E93) addi t4, t4, 0x3
x29 <- 0xF7F80608FBF60003

mem[X,0x0000000080000828] -> 0x29B7
mem[X,0x000000008000082A] -> 0x0304
[527] [M]: 0x0000000080000828 (0x030429B7) lui s3, 0x3042
x19 <- 0x0000000003042000

mem[X,0x000000008000082C] -> 0x8993
mem[X,0x000000008000082E] -> 0x0049
[528] [M]: 0x000000008000082C (0x00498993) addi s3, s3, 0x4
x19 <- 0x0000000003042004

mem[X,0x0000000080000830] -> 0x9993
mem[X,0x0000000080000832] -> 0x00B9
[529] [M]: 0x0000000080000830 (0x00B99993) slli s3, s3, 0xb
x19 <- 0x0000001821002000

mem[X,0x0000000080000834] -> 0x8993
mem[X,0x0000000080000836] -> 0x4029
[530] [M]: 0x0000000080000834 (0x40298993) addi s3, s3, 0x402
x19 <- 0x0000001821002402

mem[X,0x0000000080000838] -> 0x9993
mem[X,0x000000008000083A] -> 0x00B9
[531] [M]: 0x0000000080000838 (0x00B99993) slli s3, s3, 0xb
x19 <- 0x0000C10801201000

mem[X,0x000000008000083C] -> 0x8993
mem[X,0x000000008000083E] -> 0x57E9
[532] [M]: 0x000000008000083C (0x57E98993) addi s3, s3, 0x57e
x19 <- 0x0000C1080120157E

mem[X,0x0000000080000840] -> 0x9993
mem[X,0x0000000080000842] -> 0x00A9
[533] [M]: 0x0000000080000840 (0x00A99993) slli s3, s3, 0xa
x19 <- 0x030420048055F800

mem[X,0x0000000080000844] -> 0x8993
mem[X,0x0000000080000846] -> 0x3809
[534] [M]: 0x0000000080000844 (0x38098993) addi s3, s3, 0x380
x19 <- 0x030420048055FB80

mem[X,0x0000000080000848] -> 0x81BB
mem[X,0x000000008000084A] -> 0x953E
[535] [M]: 0x0000000080000848 (0x953E81BB) psadd.b gp, t4, s3
x3 <- 0xFAFC260C804BFB83

mem[X,0x000000008000084C] -> 0x3423
mem[X,0x000000008000084E] -> 0x0433
[536] [M]: 0x000000008000084C (0x04333423) sd gp, 0x48(t1)
mem[0x00000000800041C8] <- 0xFAFC260C804BFB83

mem[X,0x0000000080000850] -> 0x0637
mem[X,0x0000000080000852] -> 0x3FEF
[537] [M]: 0x0000000080000850 (0x3FEF0637) lui a2, 0x3fef0
x12 <- 0x000000003FEF0000

mem[X,0x0000000080000854] -> 0x0613
mem[X,0x0000000080000856] -> 0x1F66
[538] [M]: 0x0000000080000854 (0x1F660613) addi a2, a2, 0x1f6
x12 <- 0x000000003FEF01F6

mem[X,0x0000000080000858] -> 0x1613
mem[X,0x000000008000085A] -> 0x00B6
[539] [M]: 0x0000000080000858 (0x00B61613) slli a2, a2, 0xb
x12 <- 0x000001FF780FB000

mem[X,0x000000008000085C] -> 0x0613
mem[X,0x000000008000085E] -> 0x7C26
[540] [M]: 0x000000008000085C (0x7C260613) addi a2, a2, 0x7c2
x12 <- 0x000001FF780FB7C2

mem[X,0x0000000080000860] -> 0x1613
mem[X,0x0000000080000862] -> 0x00B6
[541] [M]: 0x0000000080000860 (0x00B61613) slli a2, a2, 0xb
x12 <- 0x000FFBC07DBE1000

mem[X,0x0000000080000864] -> 0x0613
mem[X,0x0000000080000866] -> 0x0006
[542] [M]: 0x0000000080000864 (0x00060613) addi a2, a2, 0x0
x12 <- 0x000FFBC07DBE1000

mem[X,0x0000000080000868] -> 0x1613
mem[X,0x000000008000086A] -> 0x00A6
[543] [M]: 0x0000000080000868 (0x00A61613) slli a2, a2, 0xa
x12 <- 0x3FEF01F6F8400000

mem[X,0x000000008000086C] -> 0x0613
mem[X,0x000000008000086E] -> 0x1FA6
[544] [M]: 0x000000008000086C (0x1FA60613) addi a2, a2, 0x1fa
x12 <- 0x3FEF01F6F84001FA

mem[X,0x0000000080000870] -> 0x0F37
mem[X,0x0000000080000872] -> 0xDFFC
[545] [M]: 0x0000000080000870 (0xDFFC0F37) lui t5, -0x20040
x30 <- 0xFFFFFFFFDFFC0000

mem[X,0x0000000080000874] -> 0x0F13
mem[X,0x0000000080000876] -> 0x8FFF
[546] [M]: 0x0000000080000874 (0x8FFF0F13) addi t5, t5, -0x701
x30 <- 0xFFFFFFFFDFFBF8FF

mem[X,0x0000000080000878] -> 0x1F13
mem[X,0x000000008000087A] -> 0x00BF
[547] [M]: 0x0000000080000878 (0x00BF1F13) slli t5, t5, 0xb
x30 <- 0xFFFFFEFFDFC7F800

mem[X,0x000000008000087C] -> 0x0F13
mem[X,0x000000008000087E] -> 0x04FF
[548] [M]: 0x000000008000087C (0x04FF0F13) addi t5, t5, 0x4f
x30 <- 0xFFFFFEFFDFC7F84F

mem[X,0x0000000080000880] -> 0x1F13
mem[X,0x0000000080000882] -> 0x00BF
[549] [M]: 0x0000000080000880 (0x00BF1F13) slli t5, t5, 0xb
x30 <- 0xFFF7FEFE3FC27800

mem[X,0x0000000080000884] -> 0x0F13
mem[X,0x0000000080000886] -> 0x77FF
[550] [M]: 0x0000000080000884 (0x77FF0F13) addi t5, t5, 0x77f
x30 <- 0xFFF7FEFE3FC27F7F

mem[X,0x0000000080000888] -> 0x1F13
mem[X,0x000000008000088A] -> 0x00AF
[551] [M]: 0x0000000080000888 (0x00AF1F13) slli t5, t5, 0xa
x30 <- 0xDFFBF8FF09FDFC00

mem[X,0x000000008000088C] -> 0x0F13
mem[X,0x000000008000088E] -> 0x006F
[552] [M]: 0x000000008000088C (0x006F0F13) addi t5, t5, 0x6
x30 <- 0xDFFBF8FF09FDFC06

mem[X,0x0000000080000890] -> 0x06BB
mem[X,0x0000000080000892] -> 0x95E6
[553] [M]: 0x0000000080000890 (0x95E606BB) psadd.b a3, a2, t5
x13 <- 0x1EEAF9F5013DFD00

mem[X,0x0000000080000894] -> 0x3823
mem[X,0x0000000080000896] -> 0x04D3
[554] [M]: 0x0000000080000894 (0x04D33823) sd a3, 0x50(t1)
mem[0x00000000800041D0] <- 0x1EEAF9F5013DFD00

mem[X,0x0000000080000898] -> 0xCD37
mem[X,0x000000008000089A] -> 0x20AA
[555] [M]: 0x0000000080000898 (0x20AACD37) lui s10, 0x20aac
x26 <- 0x0000000020AAC000

mem[X,0x000000008000089C] -> 0x0D13
mem[X,0x000000008000089E] -> 0x0DFD
[556] [M]: 0x000000008000089C (0x0DFD0D13) addi s10, s10, 0xdf
x26 <- 0x0000000020AAC0DF

mem[X,0x00000000800008A0] -> 0x1D13
mem[X,0x00000000800008A2] -> 0x00BD
[557] [M]: 0x00000000800008A0 (0x00BD1D13) slli s10, s10, 0xb
x26 <- 0x000001055606F800

mem[X,0x00000000800008A4] -> 0x0D13
mem[X,0x00000000800008A6] -> 0x7F5D
[558] [M]: 0x00000000800008A4 (0x7F5D0D13) addi s10, s10, 0x7f5
x26 <- 0x000001055606FFF5

mem[X,0x00000000800008A8] -> 0x1D13
mem[X,0x00000000800008AA] -> 0x00BD
[559] [M]: 0x00000000800008A8 (0x00BD1D13) slli s10, s10, 0xb
x26 <- 0x00082AB037FFA800

mem[X,0x00000000800008AC] -> 0x0D13
mem[X,0x00000000800008AE] -> 0x7DFD
[560] [M]: 0x00000000800008AC (0x7DFD0D13) addi s10, s10, 0x7df
x26 <- 0x00082AB037FFAFDF

mem[X,0x00000000800008B0] -> 0x1D13
mem[X,0x00000000800008B2] -> 0x00AD
[561] [M]: 0x00000000800008B0 (0x00AD1D13) slli s10, s10, 0xa
x26 <- 0x20AAC0DFFEBF7C00

mem[X,0x00000000800008B4] -> 0x0D13
mem[X,0x00000000800008B6] -> 0x3F9D
[562] [M]: 0x00000000800008B4 (0x3F9D0D13) addi s10, s10, 0x3f9
x26 <- 0x20AAC0DFFEBF7FF9

mem[X,0x00000000800008B8] -> 0x8937
mem[X,0x00000000800008BA] -> 0x40DF
[563] [M]: 0x00000000800008B8 (0x40DF8937) lui s2, 0x40df8
x18 <- 0x0000000040DF8000

mem[X,0x00000000800008BC] -> 0x0913
mem[X,0x00000000800008BE] -> 0xFAA9
[564] [M]: 0x00000000800008BC (0xFAA90913) addi s2, s2, -0x56
x18 <- 0x0000000040DF7FAA

mem[X,0x00000000800008C0] -> 0x1913
mem[X,0x00000000800008C2] -> 0x00B9
[565] [M]: 0x00000000800008C0 (0x00B91913) slli s2, s2, 0xb
x18 <- 0x00000206FBFD5000

mem[X,0x00000000800008C4] -> 0x0913
mem[X,0x00000000800008C6] -> 0x4009
[566] [M]: 0x00000000800008C4 (0x40090913) addi s2, s2, 0x400
x18 <- 0x00000206FBFD5400

mem[X,0x00000000800008C8] -> 0x1913
mem[X,0x00000000800008CA] -> 0x00B9
[567] [M]: 0x00000000800008C8 (0x00B91913) slli s2, s2, 0xb
x18 <- 0x001037DFEAA00000

mem[X,0x00000000800008CC] -> 0x0913
mem[X,0x00000000800008CE] -> 0x14F9
[568] [M]: 0x00000000800008CC (0x14F90913) addi s2, s2, 0x14f
x18 <- 0x001037DFEAA0014F

mem[X,0x00000000800008D0] -> 0x1913
mem[X,0x00000000800008D2] -> 0x00A9
[569] [M]: 0x00000000800008D0 (0x00A91913) slli s2, s2, 0xa
x18 <- 0x40DF7FAA80053C00

mem[X,0x00000000800008D4] -> 0x0913
mem[X,0x00000000800008D6] -> 0x3F89
[570] [M]: 0x00000000800008D4 (0x3F890913) addi s2, s2, 0x3f8
x18 <- 0x40DF7FAA80053FF8

mem[X,0x00000000800008D8] -> 0x0E3B
mem[X,0x00000000800008DA] -> 0x952D
[571] [M]: 0x00000000800008D8 (0x952D0E3B) psadd.b t3, s10, s2
x28 <- 0x60893F8980C47FF1

mem[X,0x00000000800008DC] -> 0x3C23
mem[X,0x00000000800008DE] -> 0x05C3
[572] [M]: 0x00000000800008DC (0x05C33C23) sd t3, 0x58(t1)
mem[0x00000000800041D8] <- 0x60893F8980C47FF1

mem[X,0x00000000800008E0] -> 0x0437
mem[X,0x00000000800008E2] -> 0x02F8
[573] [M]: 0x00000000800008E0 (0x02F80437) lui fp, 0x2f80
x8 <- 0x0000000002F80000

mem[X,0x00000000800008E4] -> 0x0413
mem[X,0x00000000800008E6] -> 0x8404
[574] [M]: 0x00000000800008E4 (0x84040413) addi fp, fp, -0x7c0
x8 <- 0x0000000002F7F840

mem[X,0x00000000800008E8] -> 0x1413
mem[X,0x00000000800008EA] -> 0x00B4
[575] [M]: 0x00000000800008E8 (0x00B41413) slli fp, fp, 0xb
x8 <- 0x00000017BFC20000

mem[X,0x00000000800008EC] -> 0x0413
mem[X,0x00000000800008EE] -> 0x77F4
[576] [M]: 0x00000000800008EC (0x77F40413) addi fp, fp, 0x77f
x8 <- 0x00000017BFC2077F

mem[X,0x00000000800008F0] -> 0x1413
mem[X,0x00000000800008F2] -> 0x00B4
[577] [M]: 0x00000000800008F0 (0x00B41413) slli fp, fp, 0xb
x8 <- 0x0000BDFE103BF800

mem[X,0x00000000800008F4] -> 0x0413
mem[X,0x00000000800008F6] -> 0x6C04
[578] [M]: 0x00000000800008F4 (0x6C040413) addi fp, fp, 0x6c0
x8 <- 0x0000BDFE103BFEC0

mem[X,0x00000000800008F8] -> 0x1413
mem[X,0x00000000800008FA] -> 0x00A4
[579] [M]: 0x00000000800008F8 (0x00A41413) slli fp, fp, 0xa
x8 <- 0x02F7F840EFFB0000

mem[X,0x00000000800008FC] -> 0x0413
mem[X,0x00000000800008FE] -> 0x2F94
[580] [M]: 0x00000000800008FC (0x2F940413) addi fp, fp, 0x2f9
x8 <- 0x02F7F840EFFB02F9

mem[X,0x0000000080000900] -> 0x5CB7
mem[X,0x0000000080000902] -> 0x0810
[581] [M]: 0x0000000080000900 (0x08105CB7) lui s9, 0x8105
x25 <- 0x0000000008105000

mem[X,0x0000000080000904] -> 0x8C93
mem[X,0x0000000080000906] -> 0x5AAC
[582] [M]: 0x0000000080000904 (0x5AAC8C93) addi s9, s9, 0x5aa
x25 <- 0x00000000081055AA

mem[X,0x0000000080000908] -> 0x9C93
mem[X,0x000000008000090A] -> 0x00BC
[583] [M]: 0x0000000080000908 (0x00BC9C93) slli s9, s9, 0xb
x25 <- 0x0000004082AD5000

mem[X,0x000000008000090C] -> 0x8C93
mem[X,0x000000008000090E] -> 0x1FEC
[584] [M]: 0x000000008000090C (0x1FEC8C93) addi s9, s9, 0x1fe
x25 <- 0x0000004082AD51FE

mem[X,0x0000000080000910] -> 0x9C93
mem[X,0x0000000080000912] -> 0x00BC
[585] [M]: 0x0000000080000910 (0x00BC9C93) slli s9, s9, 0xb
x25 <- 0x000204156A8FF000

mem[X,0x0000000080000914] -> 0x8C93
mem[X,0x0000000080000916] -> 0x7C2C
[586] [M]: 0x0000000080000914 (0x7C2C8C93) addi s9, s9, 0x7c2
x25 <- 0x000204156A8FF7C2

mem[X,0x0000000080000918] -> 0x9C93
mem[X,0x000000008000091A] -> 0x00AC
[587] [M]: 0x0000000080000918 (0x00AC9C93) slli s9, s9, 0xa
x25 <- 0x081055AA3FDF0800

mem[X,0x000000008000091C] -> 0x8C93
mem[X,0x000000008000091E] -> 0x140C
[588] [M]: 0x000000008000091C (0x140C8C93) addi s9, s9, 0x140
x25 <- 0x081055AA3FDF0940

mem[X,0x0000000080000920] -> 0x013B
mem[X,0x0000000080000922] -> 0x9594
[589] [M]: 0x0000000080000920 (0x9594013B) psadd.b sp, fp, s9
x2 <- 0x0A074DEA2EDA0B39

mem[X,0x0000000080000924] -> 0x3023
mem[X,0x0000000080000926] -> 0x0623
[590] [M]: 0x0000000080000924 (0x06233023) sd sp, 0x60(t1)
mem[0x00000000800041E0] <- 0x0A074DEA2EDA0B39

mem[X,0x0000000080000928] -> 0x0013
mem[X,0x000000008000092A] -> 0x0000
[591] [M]: 0x0000000080000928 (0x00000013) addi zero, zero, 0x0

mem[X,0x000000008000092C] -> 0x0013
mem[X,0x000000008000092E] -> 0x0000
[592] [M]: 0x000000008000092C (0x00000013) addi zero, zero, 0x0

mem[X,0x0000000080000930] -> 0x0013
mem[X,0x0000000080000932] -> 0x0000
[593] [M]: 0x0000000080000930 (0x00000013) addi zero, zero, 0x0

mem[X,0x0000000080000934] -> 0x0013
mem[X,0x0000000080000936] -> 0x0000
[594] [M]: 0x0000000080000934 (0x00000013) addi zero, zero, 0x0

mem[X,0x0000000080000938] -> 0x0013
mem[X,0x000000008000093A] -> 0x0000
[595] [M]: 0x0000000080000938 (0x00000013) addi zero, zero, 0x0

mem[X,0x000000008000093C] -> 0x0013
mem[X,0x000000008000093E] -> 0x0000
[596] [M]: 0x000000008000093C (0x00000013) addi zero, zero, 0x0

mem[X,0x0000000080000940] -> 0x4097
mem[X,0x0000000080000942] -> 0x0000
[597] [M]: 0x0000000080000940 (0x00004097) auipc ra, 0x4
x1 <- 0x0000000080004940

mem[X,0x0000000080000944] -> 0x8093
mem[X,0x0000000080000946] -> 0x8A80
[598] [M]: 0x0000000080000944 (0x8A808093) addi ra, ra, -0x758
x1 <- 0x00000000800041E8

mem[X,0x0000000080000948] -> 0x0013
mem[X,0x000000008000094A] -> 0x0000
[599] [M]: 0x0000000080000948 (0x00000013) addi zero, zero, 0x0

clint::tick mtime <- 0x0000000000000006
 clint timer pending at mtime 0x0000000000000006
htif::tick 0x0000000000000000
mem[X,0x000000008000094C] -> 0x0013
mem[X,0x000000008000094E] -> 0x0000
[600] [M]: 0x000000008000094C (0x00000013) addi zero, zero, 0x0

mem[X,0x0000000080000950] -> 0x0013
mem[X,0x0000000080000952] -> 0x0000
[601] [M]: 0x0000000080000950 (0x00000013) addi zero, zero, 0x0

mem[X,0x0000000080000954] -> 0x0013
mem[X,0x0000000080000956] -> 0x0000
[602] [M]: 0x0000000080000954 (0x00000013) addi zero, zero, 0x0

mem[X,0x0000000080000958] -> 0x0013
mem[X,0x000000008000095A] -> 0x0000
[603] [M]: 0x0000000080000958 (0x00000013) addi zero, zero, 0x0

mem[X,0x000000008000095C] -> 0x0013
mem[X,0x000000008000095E] -> 0x0000
[604] [M]: 0x000000008000095C (0x00000013) addi zero, zero, 0x0

mem[X,0x0000000080000960] -> 0x1237
mem[X,0x0000000080000962] -> 0xC010
[605] [M]: 0x0000000080000960 (0xC0101237) lui tp, -0x3feff
x4 <- 0xFFFFFFFFC0101000

mem[X,0x0000000080000964] -> 0x0213
mem[X,0x0000000080000966] -> 0x0AA2
[606] [M]: 0x0000000080000964 (0x0AA20213) addi tp, tp, 0xaa
x4 <- 0xFFFFFFFFC01010AA

mem[X,0x0000000080000968] -> 0x1213
mem[X,0x000000008000096A] -> 0x00B2
[607] [M]: 0x0000000080000968 (0x00B21213) slli tp, tp, 0xb
x4 <- 0xFFFFFE0080855000

mem[X,0x000000008000096C] -> 0x0213
mem[X,0x000000008000096E] -> 0x0242
[608] [M]: 0x000000008000096C (0x02420213) addi tp, tp, 0x24
x4 <- 0xFFFFFE0080855024

mem[X,0x0000000080000970] -> 0x1213
mem[X,0x0000000080000972] -> 0x00B2
[609] [M]: 0x0000000080000970 (0x00B21213) slli tp, tp, 0xb
x4 <- 0xFFF004042A812000

mem[X,0x0000000080000974] -> 0x0213
mem[X,0x0000000080000976] -> 0x0022
[610] [M]: 0x0000000080000974 (0x00220213) addi tp, tp, 0x2
x4 <- 0xFFF004042A812002

mem[X,0x0000000080000978] -> 0x1213
mem[X,0x000000008000097A] -> 0x00A2
[611] [M]: 0x0000000080000978 (0x00A21213) slli tp, tp, 0xa
x4 <- 0xC01010AA04800800

mem[X,0x000000008000097C] -> 0x0213
mem[X,0x000000008000097E] -> 0x03F2
[612] [M]: 0x000000008000097C (0x03F20213) addi tp, tp, 0x3f
x4 <- 0xC01010AA0480083F

mem[X,0x0000000080000980] -> 0x0037
mem[X,0x0000000080000982] -> 0xDFAA
[613] [M]: 0x0000000080000980 (0xDFAA0037) lui zero, -0x20560

mem[X,0x0000000080000984] -> 0x0013
mem[X,0x0000000080000986] -> 0x6C00
[614] [M]: 0x0000000080000984 (0x6C000013) addi zero, zero, 0x6c0

mem[X,0x0000000080000988] -> 0x1013
mem[X,0x000000008000098A] -> 0x00B0
[615] [M]: 0x0000000080000988 (0x00B01013) slli zero, zero, 0xb

mem[X,0x000000008000098C] -> 0x0013
mem[X,0x000000008000098E] -> 0x5530
[616] [M]: 0x000000008000098C (0x55300013) addi zero, zero, 0x553

mem[X,0x0000000080000990] -> 0x1013
mem[X,0x0000000080000992] -> 0x00B0
[617] [M]: 0x0000000080000990 (0x00B01013) slli zero, zero, 0xb

mem[X,0x0000000080000994] -> 0x0013
mem[X,0x0000000080000996] -> 0x7FE0
[618] [M]: 0x0000000080000994 (0x7FE00013) addi zero, zero, 0x7fe

mem[X,0x0000000080000998] -> 0x1013
mem[X,0x000000008000099A] -> 0x00A0
[619] [M]: 0x0000000080000998 (0x00A01013) slli zero, zero, 0xa

mem[X,0x000000008000099C] -> 0x0013
mem[X,0x000000008000099E] -> 0x1FB0
[620] [M]: 0x000000008000099C (0x1FB00013) addi zero, zero, 0x1fb

mem[X,0x00000000800009A0] -> 0x0CBB
mem[X,0x00000000800009A2] -> 0x9402
[621] [M]: 0x00000000800009A0 (0x94020CBB) psadd.b s9, tp, zero
x25 <- 0xC01010AA0480083F

mem[X,0x00000000800009A4] -> 0xB023
mem[X,0x00000000800009A6] -> 0x0190
[622] [M]: 0x00000000800009A4 (0x0190B023) sd s9, 0x0(ra)
mem[0x00000000800041E8] <- 0xC01010AA0480083F

mem[X,0x00000000800009A8] -> 0x0937
mem[X,0x00000000800009AA] -> 0xF600
[623] [M]: 0x00000000800009A8 (0xF6000937) lui s2, -0xa000
x18 <- 0xFFFFFFFFF6000000

mem[X,0x00000000800009AC] -> 0x0913
mem[X,0x00000000800009AE] -> 0x6069
[624] [M]: 0x00000000800009AC (0x60690913) addi s2, s2, 0x606
x18 <- 0xFFFFFFFFF6000606

mem[X,0x00000000800009B0] -> 0x1913
mem[X,0x00000000800009B2] -> 0x00B9
[625] [M]: 0x00000000800009B0 (0x00B91913) slli s2, s2, 0xb
x18 <- 0xFFFFFFB000303000

mem[X,0x00000000800009B4] -> 0x0913
mem[X,0x00000000800009B6] -> 0x3F89
[626] [M]: 0x00000000800009B4 (0x3F890913) addi s2, s2, 0x3f8
x18 <- 0xFFFFFFB0003033F8

mem[X,0x00000000800009B8] -> 0x1913
mem[X,0x00000000800009BA] -> 0x00B9
[627] [M]: 0x00000000800009B8 (0x00B91913) slli s2, s2, 0xb
x18 <- 0xFFFD8001819FC000

mem[X,0x00000000800009BC] -> 0x0913
mem[X,0x00000000800009BE] -> 0x2449
[628] [M]: 0x00000000800009BC (0x24490913) addi s2, s2, 0x244
x18 <- 0xFFFD8001819FC244

mem[X,0x00000000800009C0] -> 0x1913
mem[X,0x00000000800009C2] -> 0x00A9
[629] [M]: 0x00000000800009C0 (0x00A91913) slli s2, s2, 0xa
x18 <- 0xF60006067F091000

mem[X,0x00000000800009C4] -> 0x0913
mem[X,0x00000000800009C6] -> 0x0FC9
[630] [M]: 0x00000000800009C4 (0x0FC90913) addi s2, s2, 0xfc
x18 <- 0xF60006067F0910FC

mem[X,0x00000000800009C8] -> 0x05B7
mem[X,0x00000000800009CA] -> 0xF8EF
[631] [M]: 0x00000000800009C8 (0xF8EF05B7) lui a1, -0x7110
x11 <- 0xFFFFFFFFF8EF0000

mem[X,0x00000000800009CC] -> 0x8593
mem[X,0x00000000800009CE] -> 0x7085
[632] [M]: 0x00000000800009CC (0x70858593) addi a1, a1, 0x708
x11 <- 0xFFFFFFFFF8EF0708

mem[X,0x00000000800009D0] -> 0x9593
mem[X,0x00000000800009D2] -> 0x00B5
[633] [M]: 0x00000000800009D0 (0x00B59593) slli a1, a1, 0xb
x11 <- 0xFFFFFFC778384000

mem[X,0x00000000800009D4] -> 0x8593
mem[X,0x00000000800009D6] -> 0x1FC5
[634] [M]: 0x00000000800009D4 (0x1FC58593) addi a1, a1, 0x1fc
x11 <- 0xFFFFFFC7783841FC

mem[X,0x00000000800009D8] -> 0x9593
mem[X,0x00000000800009DA] -> 0x00B5
[635] [M]: 0x00000000800009D8 (0x00B59593) slli a1, a1, 0xb
x11 <- 0xFFFE3BC1C20FE000

mem[X,0x00000000800009DC] -> 0x8593
mem[X,0x00000000800009DE] -> 0x02A5
[636] [M]: 0x00000000800009DC (0x02A58593) addi a1, a1, 0x2a
x11 <- 0xFFFE3BC1C20FE02A

mem[X,0x00000000800009E0] -> 0x9593
mem[X,0x00000000800009E2] -> 0x00A5
[637] [M]: 0x00000000800009E0 (0x00A59593) slli a1, a1, 0xa
x11 <- 0xF8EF07083F80A800

mem[X,0x00000000800009E4] -> 0x8593
mem[X,0x00000000800009E6] -> 0x2FB5
[638] [M]: 0x00000000800009E4 (0x2FB58593) addi a1, a1, 0x2fb
x11 <- 0xF8EF07083F80AAFB

mem[X,0x00000000800009E8] -> 0x0ABB
mem[X,0x00000000800009EA] -> 0x94B9
[639] [M]: 0x00000000800009E8 (0x94B90ABB) psadd.b s5, s2, a1
x21 <- 0xEEEF0D0E7F89BAF7

mem[X,0x00000000800009EC] -> 0xB423
mem[X,0x00000000800009EE] -> 0x0150
[640] [M]: 0x00000000800009EC (0x0150B423) sd s5, 0x8(ra)
mem[0x00000000800041F0] <- 0xEEEF0D0E7F89BAF7

mem[X,0x00000000800009F0] -> 0x23B7
mem[X,0x00000000800009F2] -> 0xFFFD
[641] [M]: 0x00000000800009F0 (0xFFFD23B7) lui t2, -0x2e
x7 <- 0xFFFFFFFFFFFD2000

mem[X,0x00000000800009F4] -> 0x8393
mem[X,0x00000000800009F6] -> 0x0063
[642] [M]: 0x00000000800009F4 (0x00638393) addi t2, t2, 0x6
x7 <- 0xFFFFFFFFFFFD2006

mem[X,0x00000000800009F8] -> 0x9393
mem[X,0x00000000800009FA] -> 0x00B3
[643] [M]: 0x00000000800009F8 (0x00B39393) slli t2, t2, 0xb
x7 <- 0xFFFFFFFFE9003000

mem[X,0x00000000800009FC] -> 0x8393
mem[X,0x00000000800009FE] -> 0x7B03
[644] [M]: 0x00000000800009FC (0x7B038393) addi t2, t2, 0x7b0
x7 <- 0xFFFFFFFFE90037B0

mem[X,0x0000000080000A00] -> 0x9393
mem[X,0x0000000080000A02] -> 0x00B3
[645] [M]: 0x0000000080000A00 (0x00B39393) slli t2, t2, 0xb
x7 <- 0xFFFFFF4801BD8000

mem[X,0x0000000080000A04] -> 0x8393
mem[X,0x0000000080000A06] -> 0x1903
[646] [M]: 0x0000000080000A04 (0x19038393) addi t2, t2, 0x190
x7 <- 0xFFFFFF4801BD8190

mem[X,0x0000000080000A08] -> 0x9393
mem[X,0x0000000080000A0A] -> 0x00A3
[647] [M]: 0x0000000080000A08 (0x00A39393) slli t2, t2, 0xa
x7 <- 0xFFFD2006F6064000

mem[X,0x0000000080000A0C] -> 0x8393
mem[X,0x0000000080000A0E] -> 0x0FE3
[648] [M]: 0x0000000080000A0C (0x0FE38393) addi t2, t2, 0xfe
x7 <- 0xFFFD2006F60640FE

mem[X,0x0000000080000A10] -> 0x0EB7
mem[X,0x0000000080000A12] -> 0x03EF
[649] [M]: 0x0000000080000A10 (0x03EF0EB7) lui t4, 0x3ef0
x29 <- 0x0000000003EF0000

mem[X,0x0000000080000A14] -> 0x8E93
mem[X,0x0000000080000A16] -> 0x6FDE
[650] [M]: 0x0000000080000A14 (0x6FDE8E93) addi t4, t4, 0x6fd
x29 <- 0x0000000003EF06FD

mem[X,0x0000000080000A18] -> 0x9E93
mem[X,0x0000000080000A1A] -> 0x00BE
[651] [M]: 0x0000000080000A18 (0x00BE9E93) slli t4, t4, 0xb
x29 <- 0x0000001F7837E800

mem[X,0x0000000080000A1C] -> 0x8E93
mem[X,0x0000000080000A1E] -> 0x024E
[652] [M]: 0x0000000080000A1C (0x024E8E93) addi t4, t4, 0x24
x29 <- 0x0000001F7837E824

mem[X,0x0000000080000A20] -> 0x9E93
mem[X,0x0000000080000A22] -> 0x00BE
[653] [M]: 0x0000000080000A20 (0x00BE9E93) slli t4, t4, 0xb
x29 <- 0x0000FBC1BF412000

mem[X,0x0000000080000A24] -> 0x8E93
mem[X,0x0000000080000A26] -> 0x03EE
[654] [M]: 0x0000000080000A24 (0x03EE8E93) addi t4, t4, 0x3e
x29 <- 0x0000FBC1BF41203E

mem[X,0x0000000080000A28] -> 0x9E93
mem[X,0x0000000080000A2A] -> 0x00AE
[655] [M]: 0x0000000080000A28 (0x00AE9E93) slli t4, t4, 0xa
x29 <- 0x03EF06FD0480F800

mem[X,0x0000000080000A2C] -> 0x8E93
mem[X,0x0000000080000A2E] -> 0x0BFE
[656] [M]: 0x0000000080000A2C (0x0BFE8E93) addi t4, t4, 0xbf
x29 <- 0x03EF06FD0480F8BF

mem[X,0x0000000080000A30] -> 0x8A3B
mem[X,0x0000000080000A32] -> 0x95D3
[657] [M]: 0x0000000080000A30 (0x95D38A3B) psadd.b s4, t2, t4
x20 <- 0x02EC2603FA8638BD

mem[X,0x0000000080000A34] -> 0xB823
mem[X,0x0000000080000A36] -> 0x0140
[658] [M]: 0x0000000080000A34 (0x0140B823) sd s4, 0x10(ra)
mem[0x00000000800041F8] <- 0x02EC2603FA8638BD

mem[X,0x0000000080000A38] -> 0x4137
mem[X,0x0000000080000A3A] -> 0xFB03
[659] [M]: 0x0000000080000A38 (0xFB034137) lui sp, -0x4fcc
x2 <- 0xFFFFFFFFFB034000

mem[X,0x0000000080000A3C] -> 0x0113
mem[X,0x0000000080000A3E] -> 0x0201
[660] [M]: 0x0000000080000A3C (0x02010113) addi sp, sp, 0x20
x2 <- 0xFFFFFFFFFB034020

mem[X,0x0000000080000A40] -> 0x1113
mem[X,0x0000000080000A42] -> 0x00B1
[661] [M]: 0x0000000080000A40 (0x00B11113) slli sp, sp, 0xb
x2 <- 0xFFFFFFD81A010000

mem[X,0x0000000080000A44] -> 0x0113
mem[X,0x0000000080000A46] -> 0x0381
[662] [M]: 0x0000000080000A44 (0x03810113) addi sp, sp, 0x38
x2 <- 0xFFFFFFD81A010038

mem[X,0x0000000080000A48] -> 0x1113
mem[X,0x0000000080000A4A] -> 0x00B1
[663] [M]: 0x0000000080000A48 (0x00B11113) slli sp, sp, 0xb
x2 <- 0xFFFEC0D00801C000

mem[X,0x0000000080000A4C] -> 0x0113
mem[X,0x0000000080000A4E] -> 0x43F1
[664] [M]: 0x0000000080000A4C (0x43F10113) addi sp, sp, 0x43f
x2 <- 0xFFFEC0D00801C43F

mem[X,0x0000000080000A50] -> 0x1113
mem[X,0x0000000080000A52] -> 0x00A1
[665] [M]: 0x0000000080000A50 (0x00A11113) slli sp, sp, 0xa
x2 <- 0xFB0340200710FC00

mem[X,0x0000000080000A54] -> 0x0113
mem[X,0x0000000080000A56] -> 0x1011
[666] [M]: 0x0000000080000A54 (0x10110113) addi sp, sp, 0x101
x2 <- 0xFB0340200710FD01

mem[X,0x0000000080000A58] -> 0x1837
mem[X,0x0000000080000A5A] -> 0x55F9
[667] [M]: 0x0000000080000A58 (0x55F91837) lui a6, 0x55f91
x16 <- 0x0000000055F91000

mem[X,0x0000000080000A5C] -> 0x0813
mem[X,0x0000000080000A5E] -> 0x8BF8
[668] [M]: 0x0000000080000A5C (0x8BF80813) addi a6, a6, -0x741
x16 <- 0x0000000055F908BF

mem[X,0x0000000080000A60] -> 0x1813
mem[X,0x0000000080000A62] -> 0x00B8
[669] [M]: 0x0000000080000A60 (0x00B81813) slli a6, a6, 0xb
x16 <- 0x000002AFC845F800

mem[X,0x0000000080000A64] -> 0x0813
mem[X,0x0000000080000A66] -> 0x2008
[670] [M]: 0x0000000080000A64 (0x20080813) addi a6, a6, 0x200
x16 <- 0x000002AFC845FA00

mem[X,0x0000000080000A68] -> 0x1813
mem[X,0x0000000080000A6A] -> 0x00B8
[671] [M]: 0x0000000080000A68 (0x00B81813) slli a6, a6, 0xb
x16 <- 0x00157E422FD00000

mem[X,0x0000000080000A6C] -> 0x0813
mem[X,0x0000000080000A6E] -> 0x1418
[672] [M]: 0x0000000080000A6C (0x14180813) addi a6, a6, 0x141
x16 <- 0x00157E422FD00141

mem[X,0x0000000080000A70] -> 0x1813
mem[X,0x0000000080000A72] -> 0x00A8
[673] [M]: 0x0000000080000A70 (0x00A81813) slli a6, a6, 0xa
x16 <- 0x55F908BF40050400

mem[X,0x0000000080000A74] -> 0x0813
mem[X,0x0000000080000A76] -> 0x0C08
[674] [M]: 0x0000000080000A74 (0x0C080813) addi a6, a6, 0xc0
x16 <- 0x55F908BF400504C0

mem[X,0x0000000080000A78] -> 0x053B
mem[X,0x0000000080000A7A] -> 0x9501
[675] [M]: 0x0000000080000A78 (0x9501053B) psadd.b a0, sp, a6
x10 <- 0x50FC48DF471501C1

mem[X,0x0000000080000A7C] -> 0xBC23
mem[X,0x0000000080000A7E] -> 0x00A0
[676] [M]: 0x0000000080000A7C (0x00A0BC23) sd a0, 0x18(ra)
mem[0x0000000080004200] <- 0x50FC48DF471501C1

mem[X,0x0000000080000A80] -> 0x0037
mem[X,0x0000000080000A82] -> 0xFD07
[677] [M]: 0x0000000080000A80 (0xFD070037) lui zero, -0x2f90

mem[X,0x0000000080000A84] -> 0x0013
mem[X,0x0000000080000A86] -> 0xEFA0
[678] [M]: 0x0000000080000A84 (0xEFA00013) addi zero, zero, -0x106

mem[X,0x0000000080000A88] -> 0x1013
mem[X,0x0000000080000A8A] -> 0x00B0
[679] [M]: 0x0000000080000A88 (0x00B01013) slli zero, zero, 0xb

mem[X,0x0000000080000A8C] -> 0x0013
mem[X,0x0000000080000A8E] -> 0x1060
[680] [M]: 0x0000000080000A8C (0x10600013) addi zero, zero, 0x106

mem[X,0x0000000080000A90] -> 0x1013
mem[X,0x0000000080000A92] -> 0x00B0
[681] [M]: 0x0000000080000A90 (0x00B01013) slli zero, zero, 0xb

mem[X,0x0000000080000A94] -> 0x0013
mem[X,0x0000000080000A96] -> 0x7FE0
[682] [M]: 0x0000000080000A94 (0x7FE00013) addi zero, zero, 0x7fe

mem[X,0x0000000080000A98] -> 0x1013
mem[X,0x0000000080000A9A] -> 0x00A0
[683] [M]: 0x0000000080000A98 (0x00A01013) slli zero, zero, 0xa

mem[X,0x0000000080000A9C] -> 0x0013
mem[X,0x0000000080000A9E] -> 0x3FC0
[684] [M]: 0x0000000080000A9C (0x3FC00013) addi zero, zero, 0x3fc

mem[X,0x0000000080000AA0] -> 0x0737
mem[X,0x0000000080000AA2] -> 0xFA3F
[685] [M]: 0x0000000080000AA0 (0xFA3F0737) lui a4, -0x5c10
x14 <- 0xFFFFFFFFFA3F0000

mem[X,0x0000000080000AA4] -> 0x0713
mem[X,0x0000000080000AA6] -> 0x1007
[686] [M]: 0x0000000080000AA4 (0x10070713) addi a4, a4, 0x100
x14 <- 0xFFFFFFFFFA3F0100

mem[X,0x0000000080000AA8] -> 0x1713
mem[X,0x0000000080000AAA] -> 0x00B7
[687] [M]: 0x0000000080000AA8 (0x00B71713) slli a4, a4, 0xb
x14 <- 0xFFFFFFD1F8080000

mem[X,0x0000000080000AAC] -> 0x0713
mem[X,0x0000000080000AAE] -> 0x7BD7
[688] [M]: 0x0000000080000AAC (0x7BD70713) addi a4, a4, 0x7bd
x14 <- 0xFFFFFFD1F80807BD

mem[X,0x0000000080000AB0] -> 0x1713
mem[X,0x0000000080000AB2] -> 0x00B7
[689] [M]: 0x0000000080000AB0 (0x00B71713) slli a4, a4, 0xb
x14 <- 0xFFFE8FC0403DE800

mem[X,0x0000000080000AB4] -> 0x0713
mem[X,0x0000000080000AB6] -> 0x7C17
[690] [M]: 0x0000000080000AB4 (0x7C170713) addi a4, a4, 0x7c1
x14 <- 0xFFFE8FC0403DEFC1

mem[X,0x0000000080000AB8] -> 0x1713
mem[X,0x0000000080000ABA] -> 0x00A7
[691] [M]: 0x0000000080000AB8 (0x00A71713) slli a4, a4, 0xa
x14 <- 0xFA3F0100F7BF0400

mem[X,0x0000000080000ABC] -> 0x0713
mem[X,0x0000000080000ABE] -> 0x17F7
[692] [M]: 0x0000000080000ABC (0x17F70713) addi a4, a4, 0x17f
x14 <- 0xFA3F0100F7BF057F

mem[X,0x0000000080000AC0] -> 0x05BB
mem[X,0x0000000080000AC2] -> 0x94E0
[693] [M]: 0x0000000080000AC0 (0x94E005BB) psadd.b a1, zero, a4
x11 <- 0xFA3F0100F7BF057F

mem[X,0x0000000080000AC4] -> 0xB023
mem[X,0x0000000080000AC6] -> 0x02B0
[694] [M]: 0x0000000080000AC4 (0x02B0B023) sd a1, 0x20(ra)
mem[0x0000000080004208] <- 0xFA3F0100F7BF057F

mem[X,0x0000000080000AC8] -> 0x0C37
mem[X,0x0000000080000ACA] -> 0x0500
[695] [M]: 0x0000000080000AC8 (0x05000C37) lui s8, 0x5000
x24 <- 0x0000000005000000

mem[X,0x0000000080000ACC] -> 0x0C13
mem[X,0x0000000080000ACE] -> 0xEFAC
[696] [M]: 0x0000000080000ACC (0xEFAC0C13) addi s8, s8, -0x106
x24 <- 0x0000000004FFFEFA

mem[X,0x0000000080000AD0] -> 0x1C13
mem[X,0x0000000080000AD2] -> 0x00BC
[697] [M]: 0x0000000080000AD0 (0x00BC1C13) slli s8, s8, 0xb
x24 <- 0x00000027FFF7D000

mem[X,0x0000000080000AD4] -> 0x0C13
mem[X,0x0000000080000AD6] -> 0x7E7C
[698] [M]: 0x0000000080000AD4 (0x7E7C0C13) addi s8, s8, 0x7e7
x24 <- 0x00000027FFF7D7E7

mem[X,0x0000000080000AD8] -> 0x1C13
mem[X,0x0000000080000ADA] -> 0x00BC
[699] [M]: 0x0000000080000AD8 (0x00BC1C13) slli s8, s8, 0xb
x24 <- 0x00013FFFBEBF3800

clint::tick mtime <- 0x0000000000000007
 clint timer pending at mtime 0x0000000000000007
htif::tick 0x0000000000000000
mem[X,0x0000000080000ADC] -> 0x0C13
mem[X,0x0000000080000ADE] -> 0x5BDC
[700] [M]: 0x0000000080000ADC (0x5BDC0C13) addi s8, s8, 0x5bd
x24 <- 0x00013FFFBEBF3DBD

mem[X,0x0000000080000AE0] -> 0x1C13
mem[X,0x0000000080000AE2] -> 0x00AC
[701] [M]: 0x0000000080000AE0 (0x00AC1C13) slli s8, s8, 0xa
x24 <- 0x04FFFEFAFCF6F400

mem[X,0x0000000080000AE4] -> 0x0C13
mem[X,0x0000000080000AE6] -> 0x301C
[702] [M]: 0x0000000080000AE4 (0x301C0C13) addi s8, s8, 0x301
x24 <- 0x04FFFEFAFCF6F701

mem[X,0x0000000080000AE8] -> 0xEA37
mem[X,0x0000000080000AEA] -> 0x0200
[703] [M]: 0x0000000080000AE8 (0x0200EA37) lui s4, 0x200e
x20 <- 0x000000000200E000

mem[X,0x0000000080000AEC] -> 0x0A13
mem[X,0x0000000080000AEE] -> 0xFDFA
[704] [M]: 0x0000000080000AEC (0xFDFA0A13) addi s4, s4, -0x21
x20 <- 0x000000000200DFDF

mem[X,0x0000000080000AF0] -> 0x1A13
mem[X,0x0000000080000AF2] -> 0x00BA
[705] [M]: 0x0000000080000AF0 (0x00BA1A13) slli s4, s4, 0xb
x20 <- 0x0000001006FEF800

mem[X,0x0000000080000AF4] -> 0x0A13
mem[X,0x0000000080000AF6] -> 0x7B9A
[706] [M]: 0x0000000080000AF4 (0x7B9A0A13) addi s4, s4, 0x7b9
x20 <- 0x0000001006FEFFB9

mem[X,0x0000000080000AF8] -> 0x1A13
mem[X,0x0000000080000AFA] -> 0x00BA
[707] [M]: 0x0000000080000AF8 (0x00BA1A13) slli s4, s4, 0xb
x20 <- 0x00008037F7FDC800

mem[X,0x0000000080000AFC] -> 0x0A13
mem[X,0x0000000080000AFE] -> 0x03DA
[708] [M]: 0x0000000080000AFC (0x03DA0A13) addi s4, s4, 0x3d
x20 <- 0x00008037F7FDC83D

mem[X,0x0000000080000B00] -> 0x1A13
mem[X,0x0000000080000B02] -> 0x00AA
[709] [M]: 0x0000000080000B00 (0x00AA1A13) slli s4, s4, 0xa
x20 <- 0x0200DFDFF720F400

mem[X,0x0000000080000B04] -> 0x0A13
mem[X,0x0000000080000B06] -> 0x340A
[710] [M]: 0x0000000080000B04 (0x340A0A13) addi s4, s4, 0x340
x20 <- 0x0200DFDFF720F740

mem[X,0x0000000080000B08] -> 0x043B
mem[X,0x0000000080000B0A] -> 0x954C
[711] [M]: 0x0000000080000B08 (0x954C043B) psadd.b fp, s8, s4
x8 <- 0x06FFDDD9F316EE41

mem[X,0x0000000080000B0C] -> 0xB423
mem[X,0x0000000080000B0E] -> 0x0280
[712] [M]: 0x0000000080000B0C (0x0280B423) sd fp, 0x28(ra)
mem[0x0000000080004210] <- 0x06FFDDD9F316EE41

mem[X,0x0000000080000B10] -> 0x0F37
mem[X,0x0000000080000B12] -> 0xDFFC
[713] [M]: 0x0000000080000B10 (0xDFFC0F37) lui t5, -0x20040
x30 <- 0xFFFFFFFFDFFC0000

mem[X,0x0000000080000B14] -> 0x0F13
mem[X,0x0000000080000B16] -> 0x440F
[714] [M]: 0x0000000080000B14 (0x440F0F13) addi t5, t5, 0x440
x30 <- 0xFFFFFFFFDFFC0440

mem[X,0x0000000080000B18] -> 0x1F13
mem[X,0x0000000080000B1A] -> 0x00BF
[715] [M]: 0x0000000080000B18 (0x00BF1F13) slli t5, t5, 0xb
x30 <- 0xFFFFFEFFE0220000

mem[X,0x0000000080000B1C] -> 0x0F13
mem[X,0x0000000080000B1E] -> 0x5FDF
[716] [M]: 0x0000000080000B1C (0x5FDF0F13) addi t5, t5, 0x5fd
x30 <- 0xFFFFFEFFE02205FD

mem[X,0x0000000080000B20] -> 0x1F13
mem[X,0x0000000080000B22] -> 0x00BF
[717] [M]: 0x0000000080000B20 (0x00BF1F13) slli t5, t5, 0xb
x30 <- 0xFFF7FF01102FE800

mem[X,0x0000000080000B24] -> 0x0F13
mem[X,0x0000000080000B26] -> 0x7DFF
[718] [M]: 0x0000000080000B24 (0x7DFF0F13) addi t5, t5, 0x7df
x30 <- 0xFFF7FF01102FEFDF

mem[X,0x0000000080000B28] -> 0x1F13
mem[X,0x0000000080000B2A] -> 0x00AF
[719] [M]: 0x0000000080000B28 (0x00AF1F13) slli t5, t5, 0xa
x30 <- 0xDFFC0440BFBF7C00

mem[X,0x0000000080000B2C] -> 0x0F13
mem[X,0x0000000080000B2E] -> 0x304F
[720] [M]: 0x0000000080000B2C (0x304F0F13) addi t5, t5, 0x304
x30 <- 0xDFFC0440BFBF7F04

mem[X,0x0000000080000B30] -> 0x0EB7
mem[X,0x0000000080000B32] -> 0x0303
[721] [M]: 0x0000000080000B30 (0x03030EB7) lui t4, 0x3030
x29 <- 0x0000000003030000

mem[X,0x0000000080000B34] -> 0x8E93
mem[X,0x0000000080000B36] -> 0xFFEE
[722] [M]: 0x0000000080000B34 (0xFFEE8E93) addi t4, t4, -0x2
x29 <- 0x000000000302FFFE

mem[X,0x0000000080000B38] -> 0x9E93
mem[X,0x0000000080000B3A] -> 0x00BE
[723] [M]: 0x0000000080000B38 (0x00BE9E93) slli t4, t4, 0xb
x29 <- 0x0000001817FFF000

mem[X,0x0000000080000B3C] -> 0x8E93
mem[X,0x0000000080000B3E] -> 0x7C7E
[724] [M]: 0x0000000080000B3C (0x7C7E8E93) addi t4, t4, 0x7c7
x29 <- 0x0000001817FFF7C7

mem[X,0x0000000080000B40] -> 0x9E93
mem[X,0x0000000080000B42] -> 0x00BE
[725] [M]: 0x0000000080000B40 (0x00BE9E93) slli t4, t4, 0xb
x29 <- 0x0000C0BFFFBE3800

mem[X,0x0000000080000B44] -> 0x8E93
mem[X,0x0000000080000B46] -> 0x66FE
[726] [M]: 0x0000000080000B44 (0x66FE8E93) addi t4, t4, 0x66f
x29 <- 0x0000C0BFFFBE3E6F

mem[X,0x0000000080000B48] -> 0x9E93
mem[X,0x0000000080000B4A] -> 0x00AE
[727] [M]: 0x0000000080000B48 (0x00AE9E93) slli t4, t4, 0xa
x29 <- 0x0302FFFEF8F9BC00

mem[X,0x0000000080000B4C] -> 0x8E93
mem[X,0x0000000080000B4E] -> 0x355E
[728] [M]: 0x0000000080000B4C (0x355E8E93) addi t4, t4, 0x355
x29 <- 0x0302FFFEF8F9BF55

mem[X,0x0000000080000B50] -> 0x0FBB
mem[X,0x0000000080000B52] -> 0x95DF
[729] [M]: 0x0000000080000B50 (0x95DF0FBB) psadd.b t6, t5, t4
x31 <- 0xE2FE033EB7B83E59

mem[X,0x0000000080000B54] -> 0xB823
mem[X,0x0000000080000B56] -> 0x03F0
[730] [M]: 0x0000000080000B54 (0x03F0B823) sd t6, 0x30(ra)
mem[0x0000000080004218] <- 0xE2FE033EB7B83E59

mem[X,0x0000000080000B58] -> 0x0F37
mem[X,0x0000000080000B5A] -> 0xF780
[731] [M]: 0x0000000080000B58 (0xF7800F37) lui t5, -0x8800
x30 <- 0xFFFFFFFFF7800000

mem[X,0x0000000080000B5C] -> 0x0F13
mem[X,0x0000000080000B5E] -> 0x5C0F
[732] [M]: 0x0000000080000B5C (0x5C0F0F13) addi t5, t5, 0x5c0
x30 <- 0xFFFFFFFFF78005C0

mem[X,0x0000000080000B60] -> 0x1F13
mem[X,0x0000000080000B62] -> 0x00BF
[733] [M]: 0x0000000080000B60 (0x00BF1F13) slli t5, t5, 0xb
x30 <- 0xFFFFFFBC002E0000

mem[X,0x0000000080000B64] -> 0x0F13
mem[X,0x0000000080000B66] -> 0x77FF
[734] [M]: 0x0000000080000B64 (0x77FF0F13) addi t5, t5, 0x77f
x30 <- 0xFFFFFFBC002E077F

mem[X,0x0000000080000B68] -> 0x1F13
mem[X,0x0000000080000B6A] -> 0x00BF
[735] [M]: 0x0000000080000B68 (0x00BF1F13) slli t5, t5, 0xb
x30 <- 0xFFFDE001703BF800

mem[X,0x0000000080000B6C] -> 0x0F13
mem[X,0x0000000080000B6E] -> 0x3FEF
[736] [M]: 0x0000000080000B6C (0x3FEF0F13) addi t5, t5, 0x3fe
x30 <- 0xFFFDE001703BFBFE

mem[X,0x0000000080000B70] -> 0x1F13
mem[X,0x0000000080000B72] -> 0x00AF
[737] [M]: 0x0000000080000B70 (0x00AF1F13) slli t5, t5, 0xa
x30 <- 0xF78005C0EFEFF800

mem[X,0x0000000080000B74] -> 0x0F13
mem[X,0x0000000080000B76] -> 0x1FAF
[738] [M]: 0x0000000080000B74 (0x1FAF0F13) addi t5, t5, 0x1fa
x30 <- 0xF78005C0EFEFF9FA

mem[X,0x0000000080000B78] -> 0x0EB7
mem[X,0x0000000080000B7A] -> 0xFD07
[739] [M]: 0x0000000080000B78 (0xFD070EB7) lui t4, -0x2f90
x29 <- 0xFFFFFFFFFD070000

mem[X,0x0000000080000B7C] -> 0x8E93
mem[X,0x0000000080000B7E] -> 0x006E
[740] [M]: 0x0000000080000B7C (0x006E8E93) addi t4, t4, 0x6
x29 <- 0xFFFFFFFFFD070006

mem[X,0x0000000080000B80] -> 0x9E93
mem[X,0x0000000080000B82] -> 0x00BE
[741] [M]: 0x0000000080000B80 (0x00BE9E93) slli t4, t4, 0xb
x29 <- 0xFFFFFFE838003000

mem[X,0x0000000080000B84] -> 0x8E93
mem[X,0x0000000080000B86] -> 0x6F8E
[742] [M]: 0x0000000080000B84 (0x6F8E8E93) addi t4, t4, 0x6f8
x29 <- 0xFFFFFFE8380036F8

mem[X,0x0000000080000B88] -> 0x9E93
mem[X,0x0000000080000B8A] -> 0x00BE
[743] [M]: 0x0000000080000B88 (0x00BE9E93) slli t4, t4, 0xb
x29 <- 0xFFFF41C001B7C000

mem[X,0x0000000080000B8C] -> 0x8E93
mem[X,0x0000000080000B8E] -> 0x241E
[744] [M]: 0x0000000080000B8C (0x241E8E93) addi t4, t4, 0x241
x29 <- 0xFFFF41C001B7C241

mem[X,0x0000000080000B90] -> 0x9E93
mem[X,0x0000000080000B92] -> 0x00AE
[745] [M]: 0x0000000080000B90 (0x00AE9E93) slli t4, t4, 0xa
x29 <- 0xFD070006DF090400

mem[X,0x0000000080000B94] -> 0x8E93
mem[X,0x0000000080000B96] -> 0x320E
[746] [M]: 0x0000000080000B94 (0x320E8E93) addi t4, t4, 0x320
x29 <- 0xFD070006DF090720

mem[X,0x0000000080000B98] -> 0x0FBB
mem[X,0x0000000080000B9A] -> 0x95DF
[747] [M]: 0x0000000080000B98 (0x95DF0FBB) psadd.b t6, t5, t4
x31 <- 0xF48705C6CEF8001A

mem[X,0x0000000080000B9C] -> 0xBC23
mem[X,0x0000000080000B9E] -> 0x03F0
[748] [M]: 0x0000000080000B9C (0x03F0BC23) sd t6, 0x38(ra)
mem[0x0000000080004220] <- 0xF48705C6CEF8001A

mem[X,0x0000000080000BA0] -> 0x0F37
mem[X,0x0000000080000BA2] -> 0x06F7
[749] [M]: 0x0000000080000BA0 (0x06F70F37) lui t5, 0x6f70
x30 <- 0x0000000006F70000

mem[X,0x0000000080000BA4] -> 0x0F13
mem[X,0x0000000080000BA6] -> 0x980F
[750] [M]: 0x0000000080000BA4 (0x980F0F13) addi t5, t5, -0x680
x30 <- 0x0000000006F6F980

mem[X,0x0000000080000BA8] -> 0x1F13
mem[X,0x0000000080000BAA] -> 0x00BF
[751] [M]: 0x0000000080000BA8 (0x00BF1F13) slli t5, t5, 0xb
x30 <- 0x00000037B7CC0000

mem[X,0x0000000080000BAC] -> 0x0F13
mem[X,0x0000000080000BAE] -> 0x604F
[752] [M]: 0x0000000080000BAC (0x604F0F13) addi t5, t5, 0x604
x30 <- 0x00000037B7CC0604

mem[X,0x0000000080000BB0] -> 0x1F13
mem[X,0x0000000080000BB2] -> 0x00BF
[753] [M]: 0x0000000080000BB0 (0x00BF1F13) slli t5, t5, 0xb
x30 <- 0x0001BDBE60302000

mem[X,0x0000000080000BB4] -> 0x0F13
mem[X,0x0000000080000BB6] -> 0x03EF
[754] [M]: 0x0000000080000BB4 (0x03EF0F13) addi t5, t5, 0x3e
x30 <- 0x0001BDBE6030203E

mem[X,0x0000000080000BB8] -> 0x1F13
mem[X,0x0000000080000BBA] -> 0x00AF
[755] [M]: 0x0000000080000BB8 (0x00AF1F13) slli t5, t5, 0xa
x30 <- 0x06F6F980C080F800

mem[X,0x0000000080000BBC] -> 0x0F13
mem[X,0x0000000080000BBE] -> 0x2F6F
[756] [M]: 0x0000000080000BBC (0x2F6F0F13) addi t5, t5, 0x2f6
x30 <- 0x06F6F980C080FAF6

mem[X,0x0000000080000BC0] -> 0x0EB7
mem[X,0x0000000080000BC2] -> 0xFF55
[757] [M]: 0x0000000080000BC0 (0xFF550EB7) lui t4, -0xab0
x29 <- 0xFFFFFFFFFF550000

mem[X,0x0000000080000BC4] -> 0x8E93
mem[X,0x0000000080000BC6] -> 0x255E
[758] [M]: 0x0000000080000BC4 (0x255E8E93) addi t4, t4, 0x255
x29 <- 0xFFFFFFFFFF550255

mem[X,0x0000000080000BC8] -> 0x9E93
mem[X,0x0000000080000BCA] -> 0x00BE
[759] [M]: 0x0000000080000BC8 (0x00BE9E93) slli t4, t4, 0xb
x29 <- 0xFFFFFFFAA812A800

mem[X,0x0000000080000BCC] -> 0x8E93
mem[X,0x0000000080000BCE] -> 0x7D8E
[760] [M]: 0x0000000080000BCC (0x7D8E8E93) addi t4, t4, 0x7d8
x29 <- 0xFFFFFFFAA812AFD8

mem[X,0x0000000080000BD0] -> 0x9E93
mem[X,0x0000000080000BD2] -> 0x00BE
[761] [M]: 0x0000000080000BD0 (0x00BE9E93) slli t4, t4, 0xb
x29 <- 0xFFFFD540957EC000

mem[X,0x0000000080000BD4] -> 0x8E93
mem[X,0x0000000080000BD6] -> 0x241E
[762] [M]: 0x0000000080000BD4 (0x241E8E93) addi t4, t4, 0x241
x29 <- 0xFFFFD540957EC241

mem[X,0x0000000080000BD8] -> 0x9E93
mem[X,0x0000000080000BDA] -> 0x00AE
[763] [M]: 0x0000000080000BD8 (0x00AE9E93) slli t4, t4, 0xa
x29 <- 0xFF550255FB090400

mem[X,0x0000000080000BDC] -> 0x8E93
mem[X,0x0000000080000BDE] -> 0x0F7E
[764] [M]: 0x0000000080000BDC (0x0F7E8E93) addi t4, t4, 0xf7
x29 <- 0xFF550255FB0904F7

mem[X,0x0000000080000BE0] -> 0x0FBB
mem[X,0x0000000080000BE2] -> 0x95DF
[765] [M]: 0x0000000080000BE0 (0x95DF0FBB) psadd.b t6, t5, t4
x31 <- 0x054BFBD5BB89FEED

mem[X,0x0000000080000BE4] -> 0xB023
mem[X,0x0000000080000BE6] -> 0x05F0
[766] [M]: 0x0000000080000BE4 (0x05F0B023) sd t6, 0x40(ra)
mem[0x0000000080004228] <- 0x054BFBD5BB89FEED

mem[X,0x0000000080000BE8] -> 0x0F37
mem[X,0x0000000080000BEA] -> 0x07FB
[767] [M]: 0x0000000080000BE8 (0x07FB0F37) lui t5, 0x7fb0
x30 <- 0x0000000007FB0000

mem[X,0x0000000080000BEC] -> 0x0F13
mem[X,0x0000000080000BEE] -> 0x101F
[768] [M]: 0x0000000080000BEC (0x101F0F13) addi t5, t5, 0x101
x30 <- 0x0000000007FB0101

mem[X,0x0000000080000BF0] -> 0x1F13
mem[X,0x0000000080000BF2] -> 0x00BF
[769] [M]: 0x0000000080000BF0 (0x00BF1F13) slli t5, t5, 0xb
x30 <- 0x0000003FD8080800

mem[X,0x0000000080000BF4] -> 0x0F13
mem[X,0x0000000080000BF6] -> 0x048F
[770] [M]: 0x0000000080000BF4 (0x048F0F13) addi t5, t5, 0x48
x30 <- 0x0000003FD8080848

mem[X,0x0000000080000BF8] -> 0x1F13
mem[X,0x0000000080000BFA] -> 0x00BF
[771] [M]: 0x0000000080000BF8 (0x00BF1F13) slli t5, t5, 0xb
x30 <- 0x0001FEC040424000

mem[X,0x0000000080000BFC] -> 0x0F13
mem[X,0x0000000080000BFE] -> 0x1BEF
[772] [M]: 0x0000000080000BFC (0x1BEF0F13) addi t5, t5, 0x1be
x30 <- 0x0001FEC0404241BE

mem[X,0x0000000080000C00] -> 0x1F13
mem[X,0x0000000080000C02] -> 0x00AF
[773] [M]: 0x0000000080000C00 (0x00AF1F13) slli t5, t5, 0xa
x30 <- 0x07FB01010906F800

mem[X,0x0000000080000C04] -> 0x0F13
mem[X,0x0000000080000C06] -> 0x1AAF
[774] [M]: 0x0000000080000C04 (0x1AAF0F13) addi t5, t5, 0x1aa
x30 <- 0x07FB01010906F9AA

mem[X,0x0000000080000C08] -> 0x0EB7
mem[X,0x0000000080000C0A] -> 0x0806
[775] [M]: 0x0000000080000C08 (0x08060EB7) lui t4, 0x8060
x29 <- 0x0000000008060000

mem[X,0x0000000080000C0C] -> 0x8E93
mem[X,0x0000000080000C0E] -> 0x408E
[776] [M]: 0x0000000080000C0C (0x408E8E93) addi t4, t4, 0x408
x29 <- 0x0000000008060408

mem[X,0x0000000080000C10] -> 0x9E93
mem[X,0x0000000080000C12] -> 0x00BE
[777] [M]: 0x0000000080000C10 (0x00BE9E93) slli t4, t4, 0xb
x29 <- 0x0000004030204000

mem[X,0x0000000080000C14] -> 0x8E93
mem[X,0x0000000080000C16] -> 0x77FE
[778] [M]: 0x0000000080000C14 (0x77FE8E93) addi t4, t4, 0x77f
x29 <- 0x000000403020477F

mem[X,0x0000000080000C18] -> 0x9E93
mem[X,0x0000000080000C1A] -> 0x00BE
[779] [M]: 0x0000000080000C18 (0x00BE9E93) slli t4, t4, 0xb
x29 <- 0x00020181023BF800

mem[X,0x0000000080000C1C] -> 0x8E93
mem[X,0x0000000080000C1E] -> 0x715E
[780] [M]: 0x0000000080000C1C (0x715E8E93) addi t4, t4, 0x715
x29 <- 0x00020181023BFF15

mem[X,0x0000000080000C20] -> 0x9E93
mem[X,0x0000000080000C22] -> 0x00AE
[781] [M]: 0x0000000080000C20 (0x00AE9E93) slli t4, t4, 0xa
x29 <- 0x08060408EFFC5400

mem[X,0x0000000080000C24] -> 0x8E93
mem[X,0x0000000080000C26] -> 0x104E
[782] [M]: 0x0000000080000C24 (0x104E8E93) addi t4, t4, 0x104
x29 <- 0x08060408EFFC5504

mem[X,0x0000000080000C28] -> 0x0FBB
mem[X,0x0000000080000C2A] -> 0x95DF
[783] [M]: 0x0000000080000C28 (0x95DF0FBB) psadd.b t6, t5, t4
x31 <- 0x0F010509F8024EAE

mem[X,0x0000000080000C2C] -> 0xB423
mem[X,0x0000000080000C2E] -> 0x05F0
[784] [M]: 0x0000000080000C2C (0x05F0B423) sd t6, 0x48(ra)
mem[0x0000000080004230] <- 0x0F010509F8024EAE

mem[X,0x0000000080000C30] -> 0x0F37
mem[X,0x0000000080000C32] -> 0xDF81
[785] [M]: 0x0000000080000C30 (0xDF810F37) lui t5, -0x207f0
x30 <- 0xFFFFFFFFDF810000

mem[X,0x0000000080000C34] -> 0x0F13
mem[X,0x0000000080000C36] -> 0x87FF
[786] [M]: 0x0000000080000C34 (0x87FF0F13) addi t5, t5, -0x781
x30 <- 0xFFFFFFFFDF80F87F

mem[X,0x0000000080000C38] -> 0x1F13
mem[X,0x0000000080000C3A] -> 0x00BF
[787] [M]: 0x0000000080000C38 (0x00BF1F13) slli t5, t5, 0xb
x30 <- 0xFFFFFEFC07C3F800

mem[X,0x0000000080000C3C] -> 0x0F13
mem[X,0x0000000080000C3E] -> 0x7D7F
[788] [M]: 0x0000000080000C3C (0x7D7F0F13) addi t5, t5, 0x7d7
x30 <- 0xFFFFFEFC07C3FFD7

mem[X,0x0000000080000C40] -> 0x1F13
mem[X,0x0000000080000C42] -> 0x00BF
[789] [M]: 0x0000000080000C40 (0x00BF1F13) slli t5, t5, 0xb
x30 <- 0xFFF7E03E1FFEB800

mem[X,0x0000000080000C44] -> 0x0F13
mem[X,0x0000000080000C46] -> 0x730F
[790] [M]: 0x0000000080000C44 (0x730F0F13) addi t5, t5, 0x730
x30 <- 0xFFF7E03E1FFEBF30

mem[X,0x0000000080000C48] -> 0x1F13
mem[X,0x0000000080000C4A] -> 0x00AF
[791] [M]: 0x0000000080000C48 (0x00AF1F13) slli t5, t5, 0xa
x30 <- 0xDF80F87FFAFCC000

mem[X,0x0000000080000C4C] -> 0x1EB7
mem[X,0x0000000080000C4E] -> 0x0402
[792] [M]: 0x0000000080000C4C (0x04021EB7) lui t4, 0x4021
x29 <- 0x0000000004021000

mem[X,0x0000000080000C50] -> 0x8E93
mem[X,0x0000000080000C52] -> 0x0F8E
[793] [M]: 0x0000000080000C50 (0x0F8E8E93) addi t4, t4, 0xf8
x29 <- 0x00000000040210F8

mem[X,0x0000000080000C54] -> 0x9E93
mem[X,0x0000000080000C56] -> 0x00BE
[794] [M]: 0x0000000080000C54 (0x00BE9E93) slli t4, t4, 0xb
x29 <- 0x000000201087C000

mem[X,0x0000000080000C58] -> 0x8E93
mem[X,0x0000000080000C5A] -> 0x3FFE
[795] [M]: 0x0000000080000C58 (0x3FFE8E93) addi t4, t4, 0x3ff
x29 <- 0x000000201087C3FF

mem[X,0x0000000080000C5C] -> 0x9E93
mem[X,0x0000000080000C5E] -> 0x00BE
[796] [M]: 0x0000000080000C5C (0x00BE9E93) slli t4, t4, 0xb
x29 <- 0x000100843E1FF800

mem[X,0x0000000080000C60] -> 0x8E93
mem[X,0x0000000080000C62] -> 0x6FEE
[797] [M]: 0x0000000080000C60 (0x6FEE8E93) addi t4, t4, 0x6fe
x29 <- 0x000100843E1FFEFE

mem[X,0x0000000080000C64] -> 0x9E93
mem[X,0x0000000080000C66] -> 0x00AE
[798] [M]: 0x0000000080000C64 (0x00AE9E93) slli t4, t4, 0xa
x29 <- 0x040210F87FFBF800

mem[X,0x0000000080000C68] -> 0x8E93
mem[X,0x0000000080000C6A] -> 0x2C0E
[799] [M]: 0x0000000080000C68 (0x2C0E8E93) addi t4, t4, 0x2c0
x29 <- 0x040210F87FFBFAC0

clint::tick mtime <- 0x0000000000000008
 clint timer pending at mtime 0x0000000000000008
htif::tick 0x0000000000000000
mem[X,0x0000000080000C6C] -> 0x0FBB
mem[X,0x0000000080000C6E] -> 0x95DF
[800] [M]: 0x0000000080000C6C (0x95DF0FBB) psadd.b t6, t5, t4
x31 <- 0xE382087779F7BAC0

mem[X,0x0000000080000C70] -> 0xB823
mem[X,0x0000000080000C72] -> 0x05F0
[801] [M]: 0x0000000080000C70 (0x05F0B823) sd t6, 0x50(ra)
mem[0x0000000080004238] <- 0xE382087779F7BAC0

mem[X,0x0000000080000C74] -> 0xCF37
mem[X,0x0000000080000C76] -> 0xFBF6
[802] [M]: 0x0000000080000C74 (0xFBF6CF37) lui t5, -0x4094
x30 <- 0xFFFFFFFFFBF6C000

mem[X,0x0000000080000C78] -> 0x0F13
mem[X,0x0000000080000C7A] -> 0xFFAF
[803] [M]: 0x0000000080000C78 (0xFFAF0F13) addi t5, t5, -0x6
x30 <- 0xFFFFFFFFFBF6BFFA

mem[X,0x0000000080000C7C] -> 0x1F13
mem[X,0x0000000080000C7E] -> 0x00BF
[804] [M]: 0x0000000080000C7C (0x00BF1F13) slli t5, t5, 0xb
x30 <- 0xFFFFFFDFB5FFD000

mem[X,0x0000000080000C80] -> 0x0F13
mem[X,0x0000000080000C82] -> 0x400F
[805] [M]: 0x0000000080000C80 (0x400F0F13) addi t5, t5, 0x400
x30 <- 0xFFFFFFDFB5FFD400

mem[X,0x0000000080000C84] -> 0x1F13
mem[X,0x0000000080000C86] -> 0x00BF
[806] [M]: 0x0000000080000C84 (0x00BF1F13) slli t5, t5, 0xb
x30 <- 0xFFFEFDAFFEA00000

mem[X,0x0000000080000C88] -> 0x0F13
mem[X,0x0000000080000C8A] -> 0x1FEF
[807] [M]: 0x0000000080000C88 (0x1FEF0F13) addi t5, t5, 0x1fe
x30 <- 0xFFFEFDAFFEA001FE

mem[X,0x0000000080000C8C] -> 0x1F13
mem[X,0x0000000080000C8E] -> 0x00AF
[808] [M]: 0x0000000080000C8C (0x00AF1F13) slli t5, t5, 0xa
x30 <- 0xFBF6BFFA8007F800

mem[X,0x0000000080000C90] -> 0x0F13
mem[X,0x0000000080000C92] -> 0x1F9F
[809] [M]: 0x0000000080000C90 (0x1F9F0F13) addi t5, t5, 0x1f9
x30 <- 0xFBF6BFFA8007F9F9

mem[X,0x0000000080000C94] -> 0x0EB7
mem[X,0x0000000080000C96] -> 0xFBFF
[810] [M]: 0x0000000080000C94 (0xFBFF0EB7) lui t4, -0x4010
x29 <- 0xFFFFFFFFFBFF0000

mem[X,0x0000000080000C98] -> 0x8E93
mem[X,0x0000000080000C9A] -> 0xD04E
[811] [M]: 0x0000000080000C98 (0xD04E8E93) addi t4, t4, -0x2fc
x29 <- 0xFFFFFFFFFBFEFD04

mem[X,0x0000000080000C9C] -> 0x9E93
mem[X,0x0000000080000C9E] -> 0x00BE
[812] [M]: 0x0000000080000C9C (0x00BE9E93) slli t4, t4, 0xb
x29 <- 0xFFFFFFDFF7E82000

mem[X,0x0000000080000CA0] -> 0x8E93
mem[X,0x0000000080000CA2] -> 0x400E
[813] [M]: 0x0000000080000CA0 (0x400E8E93) addi t4, t4, 0x400
x29 <- 0xFFFFFFDFF7E82400

mem[X,0x0000000080000CA4] -> 0x9E93
mem[X,0x0000000080000CA6] -> 0x00BE
[814] [M]: 0x0000000080000CA4 (0x00BE9E93) slli t4, t4, 0xb
x29 <- 0xFFFEFFBF41200000

mem[X,0x0000000080000CA8] -> 0x8E93
mem[X,0x0000000080000CAA] -> 0x0FDE
[815] [M]: 0x0000000080000CA8 (0x0FDE8E93) addi t4, t4, 0xfd
x29 <- 0xFFFEFFBF412000FD

mem[X,0x0000000080000CAC] -> 0x9E93
mem[X,0x0000000080000CAE] -> 0x00AE
[816] [M]: 0x0000000080000CAC (0x00AE9E93) slli t4, t4, 0xa
x29 <- 0xFBFEFD048003F400

mem[X,0x0000000080000CB0] -> 0x8E93
mem[X,0x0000000080000CB2] -> 0x33FE
[817] [M]: 0x0000000080000CB0 (0x33FE8E93) addi t4, t4, 0x33f
x29 <- 0xFBFEFD048003F73F

mem[X,0x0000000080000CB4] -> 0x0FBB
mem[X,0x0000000080000CB6] -> 0x95DF
[818] [M]: 0x0000000080000CB4 (0x95DF0FBB) psadd.b t6, t5, t4
x31 <- 0xF6F4BCFE800AF038

mem[X,0x0000000080000CB8] -> 0xBC23
mem[X,0x0000000080000CBA] -> 0x05F0
[819] [M]: 0x0000000080000CB8 (0x05F0BC23) sd t6, 0x58(ra)
mem[0x0000000080004240] <- 0xF6F4BCFE800AF038

mem[X,0x0000000080000CBC] -> 0xEF37
mem[X,0x0000000080000CBE] -> 0x7F06
[820] [M]: 0x0000000080000CBC (0x7F06EF37) lui t5, 0x7f06e
x30 <- 0x000000007F06E000

mem[X,0x0000000080000CC0] -> 0x0F13
mem[X,0x0000000080000CC2] -> 0xF02F
[821] [M]: 0x0000000080000CC0 (0xF02F0F13) addi t5, t5, -0xfe
x30 <- 0x000000007F06DF02

mem[X,0x0000000080000CC4] -> 0x1F13
mem[X,0x0000000080000CC6] -> 0x00BF
[822] [M]: 0x0000000080000CC4 (0x00BF1F13) slli t5, t5, 0xb
x30 <- 0x000003F836F81000

mem[X,0x0000000080000CC8] -> 0x0F13
mem[X,0x0000000080000CCA] -> 0x01CF
[823] [M]: 0x0000000080000CC8 (0x01CF0F13) addi t5, t5, 0x1c
x30 <- 0x000003F836F8101C

mem[X,0x0000000080000CCC] -> 0x1F13
mem[X,0x0000000080000CCE] -> 0x00BF
[824] [M]: 0x0000000080000CCC (0x00BF1F13) slli t5, t5, 0xb
x30 <- 0x001FC1B7C080E000

mem[X,0x0000000080000CD0] -> 0x0F13
mem[X,0x0000000080000CD2] -> 0x001F
[825] [M]: 0x0000000080000CD0 (0x001F0F13) addi t5, t5, 0x1
x30 <- 0x001FC1B7C080E001

mem[X,0x0000000080000CD4] -> 0x1F13
mem[X,0x0000000080000CD6] -> 0x00AF
[826] [M]: 0x0000000080000CD4 (0x00AF1F13) slli t5, t5, 0xa
x30 <- 0x7F06DF0203800400

mem[X,0x0000000080000CD8] -> 0x0F13
mem[X,0x0000000080000CDA] -> 0x208F
[827] [M]: 0x0000000080000CD8 (0x208F0F13) addi t5, t5, 0x208
x30 <- 0x7F06DF0203800608

mem[X,0x0000000080000CDC] -> 0x0EB7
mem[X,0x0000000080000CDE] -> 0x2056
[828] [M]: 0x0000000080000CDC (0x20560EB7) lui t4, 0x20560
x29 <- 0x0000000020560000

mem[X,0x0000000080000CE0] -> 0x8E93
mem[X,0x0000000080000CE2] -> 0xB7FE
[829] [M]: 0x0000000080000CE0 (0xB7FE8E93) addi t4, t4, -0x481
x29 <- 0x000000002055FB7F

mem[X,0x0000000080000CE4] -> 0x9E93
mem[X,0x0000000080000CE6] -> 0x00BE
[830] [M]: 0x0000000080000CE4 (0x00BE9E93) slli t4, t4, 0xb
x29 <- 0x00000102AFDBF800

mem[X,0x0000000080000CE8] -> 0x8E93
mem[X,0x0000000080000CEA] -> 0x7E8E
[831] [M]: 0x0000000080000CE8 (0x7E8E8E93) addi t4, t4, 0x7e8
x29 <- 0x00000102AFDBFFE8

mem[X,0x0000000080000CEC] -> 0x9E93
mem[X,0x0000000080000CEE] -> 0x00BE
[832] [M]: 0x0000000080000CEC (0x00BE9E93) slli t4, t4, 0xb
x29 <- 0x0008157EDFFF4000

mem[X,0x0000000080000CF0] -> 0x8E93
mem[X,0x0000000080000CF2] -> 0x400E
[833] [M]: 0x0000000080000CF0 (0x400E8E93) addi t4, t4, 0x400
x29 <- 0x0008157EDFFF4400

mem[X,0x0000000080000CF4] -> 0x9E93
mem[X,0x0000000080000CF6] -> 0x00AE
[834] [M]: 0x0000000080000CF4 (0x00AE9E93) slli t4, t4, 0xa
x29 <- 0x2055FB7FFD100000

mem[X,0x0000000080000CF8] -> 0x8E93
mem[X,0x0000000080000CFA] -> 0x180E
[835] [M]: 0x0000000080000CF8 (0x180E8E93) addi t4, t4, 0x180
x29 <- 0x2055FB7FFD100180

mem[X,0x0000000080000CFC] -> 0x0FBB
mem[X,0x0000000080000CFE] -> 0x95DF
[836] [M]: 0x0000000080000CFC (0x95DF0FBB) psadd.b t6, t5, t4
x31 <- 0x7F5BDA7F00900788

mem[X,0x0000000080000D00] -> 0xB023
mem[X,0x0000000080000D02] -> 0x07F0
[837] [M]: 0x0000000080000D00 (0x07F0B023) sd t6, 0x60(ra)
mem[0x0000000080004248] <- 0x7F5BDA7F00900788

mem[X,0x0000000080000D04] -> 0x0F37
mem[X,0x0000000080000D06] -> 0x03FE
[838] [M]: 0x0000000080000D04 (0x03FE0F37) lui t5, 0x3fe0
x30 <- 0x0000000003FE0000

mem[X,0x0000000080000D08] -> 0x0F13
mem[X,0x0000000080000D0A] -> 0x8C0F
[839] [M]: 0x0000000080000D08 (0x8C0F0F13) addi t5, t5, -0x740
x30 <- 0x0000000003FDF8C0

mem[X,0x0000000080000D0C] -> 0x1F13
mem[X,0x0000000080000D0E] -> 0x00BF
[840] [M]: 0x0000000080000D0C (0x00BF1F13) slli t5, t5, 0xb
x30 <- 0x0000001FEFC60000

mem[X,0x0000000080000D10] -> 0x0F13
mem[X,0x0000000080000D12] -> 0x7EFF
[841] [M]: 0x0000000080000D10 (0x7EFF0F13) addi t5, t5, 0x7ef
x30 <- 0x0000001FEFC607EF

mem[X,0x0000000080000D14] -> 0x1F13
mem[X,0x0000000080000D16] -> 0x00BF
[842] [M]: 0x0000000080000D14 (0x00BF1F13) slli t5, t5, 0xb
x30 <- 0x0000FF7E303F7800

mem[X,0x0000000080000D18] -> 0x0F13
mem[X,0x0000000080000D1A] -> 0x681F
[843] [M]: 0x0000000080000D18 (0x681F0F13) addi t5, t5, 0x681
x30 <- 0x0000FF7E303F7E81

mem[X,0x0000000080000D1C] -> 0x1F13
mem[X,0x0000000080000D1E] -> 0x00AF
[844] [M]: 0x0000000080000D1C (0x00AF1F13) slli t5, t5, 0xa
x30 <- 0x03FDF8C0FDFA0400

mem[X,0x0000000080000D20] -> 0x0F13
mem[X,0x0000000080000D22] -> 0x0FAF
[845] [M]: 0x0000000080000D20 (0x0FAF0F13) addi t5, t5, 0xfa
x30 <- 0x03FDF8C0FDFA04FA

mem[X,0x0000000080000D24] -> 0xFEB7
mem[X,0x0000000080000D26] -> 0x8055
[846] [M]: 0x0000000080000D24 (0x8055FEB7) lui t4, -0x7faa1
x29 <- 0xFFFFFFFF8055F000

mem[X,0x0000000080000D28] -> 0x8E93
mem[X,0x0000000080000D2A] -> 0xF09E
[847] [M]: 0x0000000080000D28 (0xF09E8E93) addi t4, t4, -0xf7
x29 <- 0xFFFFFFFF8055EF09

mem[X,0x0000000080000D2C] -> 0x9E93
mem[X,0x0000000080000D2E] -> 0x00BE
[848] [M]: 0x0000000080000D2C (0x00BE9E93) slli t4, t4, 0xb
x29 <- 0xFFFFFC02AF784800

mem[X,0x0000000080000D30] -> 0x8E93
mem[X,0x0000000080000D32] -> 0x087E
[849] [M]: 0x0000000080000D30 (0x087E8E93) addi t4, t4, 0x87
x29 <- 0xFFFFFC02AF784887

mem[X,0x0000000080000D34] -> 0x9E93
mem[X,0x0000000080000D36] -> 0x00BE
[850] [M]: 0x0000000080000D34 (0x00BE9E93) slli t4, t4, 0xb
x29 <- 0xFFE0157BC2443800

mem[X,0x0000000080000D38] -> 0x8E93
mem[X,0x0000000080000D3A] -> 0x7FEE
[851] [M]: 0x0000000080000D38 (0x7FEE8E93) addi t4, t4, 0x7fe
x29 <- 0xFFE0157BC2443FFE

mem[X,0x0000000080000D3C] -> 0x9E93
mem[X,0x0000000080000D3E] -> 0x00AE
[852] [M]: 0x0000000080000D3C (0x00AE9E93) slli t4, t4, 0xa
x29 <- 0x8055EF0910FFF800

mem[X,0x0000000080000D40] -> 0x8E93
mem[X,0x0000000080000D42] -> 0x3F7E
[853] [M]: 0x0000000080000D40 (0x3F7E8E93) addi t4, t4, 0x3f7
x29 <- 0x8055EF0910FFFBF7

mem[X,0x0000000080000D44] -> 0x0FBB
mem[X,0x0000000080000D46] -> 0x95DF
[854] [M]: 0x0000000080000D44 (0x95DF0FBB) psadd.b t6, t5, t4
x31 <- 0x8352E7C90DF9FFF1

mem[X,0x0000000080000D48] -> 0xB423
mem[X,0x0000000080000D4A] -> 0x07F0
[855] [M]: 0x0000000080000D48 (0x07F0B423) sd t6, 0x68(ra)
mem[0x0000000080004250] <- 0x8352E7C90DF9FFF1

mem[X,0x0000000080000D4C] -> 0x5F37
mem[X,0x0000000080000D4E] -> 0xF6FA
[856] [M]: 0x0000000080000D4C (0xF6FA5F37) lui t5, -0x905b
x30 <- 0xFFFFFFFFF6FA5000

mem[X,0x0000000080000D50] -> 0x0F13
mem[X,0x0000000080000D52] -> 0x505F
[857] [M]: 0x0000000080000D50 (0x505F0F13) addi t5, t5, 0x505
x30 <- 0xFFFFFFFFF6FA5505

mem[X,0x0000000080000D54] -> 0x1F13
mem[X,0x0000000080000D56] -> 0x00BF
[858] [M]: 0x0000000080000D54 (0x00BF1F13) slli t5, t5, 0xb
x30 <- 0xFFFFFFB7D2A82800

mem[X,0x0000000080000D58] -> 0x0F13
mem[X,0x0000000080000D5A] -> 0x778F
[859] [M]: 0x0000000080000D58 (0x778F0F13) addi t5, t5, 0x778
x30 <- 0xFFFFFFB7D2A82F78

mem[X,0x0000000080000D5C] -> 0x1F13
mem[X,0x0000000080000D5E] -> 0x00BF
[860] [M]: 0x0000000080000D5C (0x00BF1F13) slli t5, t5, 0xb
x30 <- 0xFFFDBE95417BC000

mem[X,0x0000000080000D60] -> 0x0F13
mem[X,0x0000000080000D62] -> 0x1C1F
[861] [M]: 0x0000000080000D60 (0x1C1F0F13) addi t5, t5, 0x1c1
x30 <- 0xFFFDBE95417BC1C1

mem[X,0x0000000080000D64] -> 0x1F13
mem[X,0x0000000080000D66] -> 0x00AF
[862] [M]: 0x0000000080000D64 (0x00AF1F13) slli t5, t5, 0xa
x30 <- 0xF6FA5505EF070400

mem[X,0x0000000080000D68] -> 0x0F13
mem[X,0x0000000080000D6A] -> 0x1DFF
[863] [M]: 0x0000000080000D68 (0x1DFF0F13) addi t5, t5, 0x1df
x30 <- 0xF6FA5505EF0705DF

mem[X,0x0000000080000D6C] -> 0xBEB7
mem[X,0x0000000080000D6E] -> 0xF602
[864] [M]: 0x0000000080000D6C (0xF602BEB7) lui t4, -0x9fd5
x29 <- 0xFFFFFFFFF602B000

mem[X,0x0000000080000D70] -> 0x8E93
mem[X,0x0000000080000D72] -> 0xA04E
[865] [M]: 0x0000000080000D70 (0xA04E8E93) addi t4, t4, -0x5fc
x29 <- 0xFFFFFFFFF602AA04

mem[X,0x0000000080000D74] -> 0x9E93
mem[X,0x0000000080000D76] -> 0x00BE
[866] [M]: 0x0000000080000D74 (0x00BE9E93) slli t4, t4, 0xb
x29 <- 0xFFFFFFB015502000

mem[X,0x0000000080000D78] -> 0x8E93
mem[X,0x0000000080000D7A] -> 0x607E
[867] [M]: 0x0000000080000D78 (0x607E8E93) addi t4, t4, 0x607
x29 <- 0xFFFFFFB015502607

mem[X,0x0000000080000D7C] -> 0x9E93
mem[X,0x0000000080000D7E] -> 0x00BE
[868] [M]: 0x0000000080000D7C (0x00BE9E93) slli t4, t4, 0xb
x29 <- 0xFFFD80AA81303800

mem[X,0x0000000080000D80] -> 0x8E93
mem[X,0x0000000080000D82] -> 0x688E
[869] [M]: 0x0000000080000D80 (0x688E8E93) addi t4, t4, 0x688
x29 <- 0xFFFD80AA81303E88

mem[X,0x0000000080000D84] -> 0x9E93
mem[X,0x0000000080000D86] -> 0x00AE
[870] [M]: 0x0000000080000D84 (0x00AE9E93) slli t4, t4, 0xa
x29 <- 0xF602AA04C0FA2000

mem[X,0x0000000080000D88] -> 0x8E93
mem[X,0x0000000080000D8A] -> 0x0F7E
[871] [M]: 0x0000000080000D88 (0x0F7E8E93) addi t4, t4, 0xf7
x29 <- 0xF602AA04C0FA20F7

mem[X,0x0000000080000D8C] -> 0x0FBB
mem[X,0x0000000080000D8E] -> 0x95DF
[872] [M]: 0x0000000080000D8C (0x95DF0FBB) psadd.b t6, t5, t4
x31 <- 0xECFCFF09AF0125D6

mem[X,0x0000000080000D90] -> 0xB823
mem[X,0x0000000080000D92] -> 0x07F0
[873] [M]: 0x0000000080000D90 (0x07F0B823) sd t6, 0x70(ra)
mem[0x0000000080004258] <- 0xECFCFF09AF0125D6

mem[X,0x0000000080000D94] -> 0xFF37
mem[X,0x0000000080000D96] -> 0xFB06
[874] [M]: 0x0000000080000D94 (0xFB06FF37) lui t5, -0x4f91
x30 <- 0xFFFFFFFFFB06F000

mem[X,0x0000000080000D98] -> 0x0F13
mem[X,0x0000000080000D9A] -> 0x67FF
[875] [M]: 0x0000000080000D98 (0x67FF0F13) addi t5, t5, 0x67f
x30 <- 0xFFFFFFFFFB06F67F

mem[X,0x0000000080000D9C] -> 0x1F13
mem[X,0x0000000080000D9E] -> 0x00BF
[876] [M]: 0x0000000080000D9C (0x00BF1F13) slli t5, t5, 0xb
x30 <- 0xFFFFFFD837B3F800

mem[X,0x0000000080000DA0] -> 0x0F13
mem[X,0x0000000080000DA2] -> 0x7EEF
[877] [M]: 0x0000000080000DA0 (0x7EEF0F13) addi t5, t5, 0x7ee
x30 <- 0xFFFFFFD837B3FFEE

mem[X,0x0000000080000DA4] -> 0x1F13
mem[X,0x0000000080000DA6] -> 0x00BF
[878] [M]: 0x0000000080000DA4 (0x00BF1F13) slli t5, t5, 0xb
x30 <- 0xFFFEC1BD9FFF7000

mem[X,0x0000000080000DA8] -> 0x0F13
mem[X,0x0000000080000DAA] -> 0x03BF
[879] [M]: 0x0000000080000DA8 (0x03BF0F13) addi t5, t5, 0x3b
x30 <- 0xFFFEC1BD9FFF703B

mem[X,0x0000000080000DAC] -> 0x1F13
mem[X,0x0000000080000DAE] -> 0x00AF
[880] [M]: 0x0000000080000DAC (0x00AF1F13) slli t5, t5, 0xa
x30 <- 0xFB06F67FFDC0EC00

mem[X,0x0000000080000DB0] -> 0x0F13
mem[X,0x0000000080000DB2] -> 0x306F
[881] [M]: 0x0000000080000DB0 (0x306F0F13) addi t5, t5, 0x306
x30 <- 0xFB06F67FFDC0EF06

mem[X,0x0000000080000DB4] -> 0x2EB7
mem[X,0x0000000080000DB6] -> 0xBF80
[882] [M]: 0x0000000080000DB4 (0xBF802EB7) lui t4, -0x407fe
x29 <- 0xFFFFFFFFBF802000

mem[X,0x0000000080000DB8] -> 0x8E93
mem[X,0x0000000080000DBA] -> 0x07FE
[883] [M]: 0x0000000080000DB8 (0x07FE8E93) addi t4, t4, 0x7f
x29 <- 0xFFFFFFFFBF80207F

mem[X,0x0000000080000DBC] -> 0x9E93
mem[X,0x0000000080000DBE] -> 0x00BE
[884] [M]: 0x0000000080000DBC (0x00BE9E93) slli t4, t4, 0xb
x29 <- 0xFFFFFDFC0103F800

mem[X,0x0000000080000DC0] -> 0x8E93
mem[X,0x0000000080000DC2] -> 0x7BEE
[885] [M]: 0x0000000080000DC0 (0x7BEE8E93) addi t4, t4, 0x7be
x29 <- 0xFFFFFDFC0103FFBE

mem[X,0x0000000080000DC4] -> 0x9E93
mem[X,0x0000000080000DC6] -> 0x00BE
[886] [M]: 0x0000000080000DC4 (0x00BE9E93) slli t4, t4, 0xb
x29 <- 0xFFEFE0081FFDF000

mem[X,0x0000000080000DC8] -> 0x8E93
mem[X,0x0000000080000DCA] -> 0x7F0E
[887] [M]: 0x0000000080000DC8 (0x7F0E8E93) addi t4, t4, 0x7f0
x29 <- 0xFFEFE0081FFDF7F0

mem[X,0x0000000080000DCC] -> 0x9E93
mem[X,0x0000000080000DCE] -> 0x00AE
[888] [M]: 0x0000000080000DCC (0x00AE9E93) slli t4, t4, 0xa
x29 <- 0xBF80207FF7DFC000

mem[X,0x0000000080000DD0] -> 0x8E93
mem[X,0x0000000080000DD2] -> 0x0FCE
[889] [M]: 0x0000000080000DD0 (0x0FCE8E93) addi t4, t4, 0xfc
x29 <- 0xBF80207FF7DFC0FC

mem[X,0x0000000080000DD4] -> 0x0FBB
mem[X,0x0000000080000DD6] -> 0x95DF
[890] [M]: 0x0000000080000DD4 (0x95DF0FBB) psadd.b t6, t5, t4
x31 <- 0xBA86167FF49FAF02

mem[X,0x0000000080000DD8] -> 0xBC23
mem[X,0x0000000080000DDA] -> 0x07F0
[891] [M]: 0x0000000080000DD8 (0x07F0BC23) sd t6, 0x78(ra)
mem[0x0000000080004260] <- 0xBA86167FF49FAF02

mem[X,0x0000000080000DDC] -> 0x4F37
mem[X,0x0000000080000DDE] -> 0x20FA
[892] [M]: 0x0000000080000DDC (0x20FA4F37) lui t5, 0x20fa4
x30 <- 0x0000000020FA4000

mem[X,0x0000000080000DE0] -> 0x0F13
mem[X,0x0000000080000DE2] -> 0x080F
[893] [M]: 0x0000000080000DE0 (0x080F0F13) addi t5, t5, 0x80
x30 <- 0x0000000020FA4080

mem[X,0x0000000080000DE4] -> 0x1F13
mem[X,0x0000000080000DE6] -> 0x00BF
[894] [M]: 0x0000000080000DE4 (0x00BF1F13) slli t5, t5, 0xb
x30 <- 0x00000107D2040000

mem[X,0x0000000080000DE8] -> 0x0F13
mem[X,0x0000000080000DEA] -> 0x200F
[895] [M]: 0x0000000080000DE8 (0x200F0F13) addi t5, t5, 0x200
x30 <- 0x00000107D2040200

mem[X,0x0000000080000DEC] -> 0x1F13
mem[X,0x0000000080000DEE] -> 0x00BF
[896] [M]: 0x0000000080000DEC (0x00BF1F13) slli t5, t5, 0xb
x30 <- 0x00083E9020100000

mem[X,0x0000000080000DF0] -> 0x0F13
mem[X,0x0000000080000DF2] -> 0x1BEF
[897] [M]: 0x0000000080000DF0 (0x1BEF0F13) addi t5, t5, 0x1be
x30 <- 0x00083E90201001BE

mem[X,0x0000000080000DF4] -> 0x1F13
mem[X,0x0000000080000DF6] -> 0x00AF
[898] [M]: 0x0000000080000DF4 (0x00AF1F13) slli t5, t5, 0xa
x30 <- 0x20FA40804006F800

mem[X,0x0000000080000DF8] -> 0x0F13
mem[X,0x0000000080000DFA] -> 0x202F
[899] [M]: 0x0000000080000DF8 (0x202F0F13) addi t5, t5, 0x202
x30 <- 0x20FA40804006FA02

clint::tick mtime <- 0x0000000000000009
 clint timer pending at mtime 0x0000000000000009
htif::tick 0x0000000000000000
mem[X,0x0000000080000DFC] -> 0x0EB7
mem[X,0x0000000080000DFE] -> 0xFC01
[900] [M]: 0x0000000080000DFC (0xFC010EB7) lui t4, -0x3ff0
x29 <- 0xFFFFFFFFFC010000

mem[X,0x0000000080000E00] -> 0x8E93
mem[X,0x0000000080000E02] -> 0x005E
[901] [M]: 0x0000000080000E00 (0x005E8E93) addi t4, t4, 0x5
x29 <- 0xFFFFFFFFFC010005

mem[X,0x0000000080000E04] -> 0x9E93
mem[X,0x0000000080000E06] -> 0x00BE
[902] [M]: 0x0000000080000E04 (0x00BE9E93) slli t4, t4, 0xb
x29 <- 0xFFFFFFE008002800

mem[X,0x0000000080000E08] -> 0x8E93
mem[X,0x0000000080000E0A] -> 0x040E
[903] [M]: 0x0000000080000E08 (0x040E8E93) addi t4, t4, 0x40
x29 <- 0xFFFFFFE008002840

mem[X,0x0000000080000E0C] -> 0x9E93
mem[X,0x0000000080000E0E] -> 0x00BE
[904] [M]: 0x0000000080000E0C (0x00BE9E93) slli t4, t4, 0xb
x29 <- 0xFFFF004001420000

mem[X,0x0000000080000E10] -> 0x8E93
mem[X,0x0000000080000E12] -> 0x200E
[905] [M]: 0x0000000080000E10 (0x200E8E93) addi t4, t4, 0x200
x29 <- 0xFFFF004001420200

mem[X,0x0000000080000E14] -> 0x9E93
mem[X,0x0000000080000E16] -> 0x00AE
[906] [M]: 0x0000000080000E14 (0x00AE9E93) slli t4, t4, 0xa
x29 <- 0xFC01000508080000

mem[X,0x0000000080000E18] -> 0x8E93
mem[X,0x0000000080000E1A] -> 0x3AAE
[907] [M]: 0x0000000080000E18 (0x3AAE8E93) addi t4, t4, 0x3aa
x29 <- 0xFC010005080803AA

mem[X,0x0000000080000E1C] -> 0x0FBB
mem[X,0x0000000080000E1E] -> 0x95DF
[908] [M]: 0x0000000080000E1C (0x95DF0FBB) psadd.b t6, t5, t4
x31 <- 0x1CFB4085480EFDAC

mem[X,0x0000000080000E20] -> 0xB023
mem[X,0x0000000080000E22] -> 0x09F0
[909] [M]: 0x0000000080000E20 (0x09F0B023) sd t6, 0x80(ra)
mem[0x0000000080004268] <- 0x1CFB4085480EFDAC

mem[X,0x0000000080000E24] -> 0x0F37
mem[X,0x0000000080000E26] -> 0xFA03
[910] [M]: 0x0000000080000E24 (0xFA030F37) lui t5, -0x5fd0
x30 <- 0xFFFFFFFFFA030000

mem[X,0x0000000080000E28] -> 0x0F13
mem[X,0x0000000080000E2A] -> 0xADFF
[911] [M]: 0x0000000080000E28 (0xADFF0F13) addi t5, t5, -0x521
x30 <- 0xFFFFFFFFFA02FADF

mem[X,0x0000000080000E2C] -> 0x1F13
mem[X,0x0000000080000E2E] -> 0x00BF
[912] [M]: 0x0000000080000E2C (0x00BF1F13) slli t5, t5, 0xb
x30 <- 0xFFFFFFD017D6F800

mem[X,0x0000000080000E30] -> 0x0F13
mem[X,0x0000000080000E32] -> 0x102F
[913] [M]: 0x0000000080000E30 (0x102F0F13) addi t5, t5, 0x102
x30 <- 0xFFFFFFD017D6F902

mem[X,0x0000000080000E34] -> 0x1F13
mem[X,0x0000000080000E36] -> 0x00BF
[914] [M]: 0x0000000080000E34 (0x00BF1F13) slli t5, t5, 0xb
x30 <- 0xFFFE80BEB7C81000

mem[X,0x0000000080000E38] -> 0x0F13
mem[X,0x0000000080000E3A] -> 0x57FF
[915] [M]: 0x0000000080000E38 (0x57FF0F13) addi t5, t5, 0x57f
x30 <- 0xFFFE80BEB7C8157F

mem[X,0x0000000080000E3C] -> 0x1F13
mem[X,0x0000000080000E3E] -> 0x00AF
[916] [M]: 0x0000000080000E3C (0x00AF1F13) slli t5, t5, 0xa
x30 <- 0xFA02FADF2055FC00

mem[X,0x0000000080000E40] -> 0x0F13
mem[X,0x0000000080000E42] -> 0x100F
[917] [M]: 0x0000000080000E40 (0x100F0F13) addi t5, t5, 0x100
x30 <- 0xFA02FADF2055FD00

mem[X,0x0000000080000E44] -> 0x0EB7
mem[X,0x0000000080000E46] -> 0x0880
[918] [M]: 0x0000000080000E44 (0x08800EB7) lui t4, 0x8800
x29 <- 0x0000000008800000

mem[X,0x0000000080000E48] -> 0x8E93
mem[X,0x0000000080000E4A] -> 0xAC0E
[919] [M]: 0x0000000080000E48 (0xAC0E8E93) addi t4, t4, -0x540
x29 <- 0x00000000087FFAC0

mem[X,0x0000000080000E4C] -> 0x9E93
mem[X,0x0000000080000E4E] -> 0x00BE
[920] [M]: 0x0000000080000E4C (0x00BE9E93) slli t4, t4, 0xb
x29 <- 0x00000043FFD60000

mem[X,0x0000000080000E50] -> 0x8E93
mem[X,0x0000000080000E52] -> 0x557E
[921] [M]: 0x0000000080000E50 (0x557E8E93) addi t4, t4, 0x557
x29 <- 0x00000043FFD60557

mem[X,0x0000000080000E54] -> 0x9E93
mem[X,0x0000000080000E56] -> 0x00BE
[922] [M]: 0x0000000080000E54 (0x00BE9E93) slli t4, t4, 0xb
x29 <- 0x00021FFEB02AB800

mem[X,0x0000000080000E58] -> 0x8E93
mem[X,0x0000000080000E5A] -> 0x730E
[923] [M]: 0x0000000080000E58 (0x730E8E93) addi t4, t4, 0x730
x29 <- 0x00021FFEB02ABF30

mem[X,0x0000000080000E5C] -> 0x9E93
mem[X,0x0000000080000E5E] -> 0x00AE
[924] [M]: 0x0000000080000E5C (0x00AE9E93) slli t4, t4, 0xa
x29 <- 0x087FFAC0AAFCC000

mem[X,0x0000000080000E60] -> 0x8E93
mem[X,0x0000000080000E62] -> 0x0FAE
[925] [M]: 0x0000000080000E60 (0x0FAE8E93) addi t4, t4, 0xfa
x29 <- 0x087FFAC0AAFCC0FA

mem[X,0x0000000080000E64] -> 0x0FBB
mem[X,0x0000000080000E66] -> 0x95DF
[926] [M]: 0x0000000080000E64 (0x95DF0FBB) psadd.b t6, t5, t4
x31 <- 0x027FF49FCA51BDFA

mem[X,0x0000000080000E68] -> 0xB423
mem[X,0x0000000080000E6A] -> 0x09F0
[927] [M]: 0x0000000080000E68 (0x09F0B423) sd t6, 0x88(ra)
mem[0x0000000080004270] <- 0x027FF49FCA51BDFA

mem[X,0x0000000080000E6C] -> 0x0F37
mem[X,0x0000000080000E6E] -> 0x7F00
[928] [M]: 0x0000000080000E6C (0x7F000F37) lui t5, 0x7f000
x30 <- 0x000000007F000000

mem[X,0x0000000080000E70] -> 0x0F13
mem[X,0x0000000080000E72] -> 0x720F
[929] [M]: 0x0000000080000E70 (0x720F0F13) addi t5, t5, 0x720
x30 <- 0x000000007F000720

mem[X,0x0000000080000E74] -> 0x1F13
mem[X,0x0000000080000E76] -> 0x00BF
[930] [M]: 0x0000000080000E74 (0x00BF1F13) slli t5, t5, 0xb
x30 <- 0x000003F800390000

mem[X,0x0000000080000E78] -> 0x0F13
mem[X,0x0000000080000E7A] -> 0x7D0F
[931] [M]: 0x0000000080000E78 (0x7D0F0F13) addi t5, t5, 0x7d0
x30 <- 0x000003F8003907D0

mem[X,0x0000000080000E7C] -> 0x1F13
mem[X,0x0000000080000E7E] -> 0x00BF
[932] [M]: 0x0000000080000E7C (0x00BF1F13) slli t5, t5, 0xb
x30 <- 0x001FC001C83E8000

mem[X,0x0000000080000E80] -> 0x0F13
mem[X,0x0000000080000E82] -> 0x055F
[933] [M]: 0x0000000080000E80 (0x055F0F13) addi t5, t5, 0x55
x30 <- 0x001FC001C83E8055

mem[X,0x0000000080000E84] -> 0x1F13
mem[X,0x0000000080000E86] -> 0x00AF
[934] [M]: 0x0000000080000E84 (0x00AF1F13) slli t5, t5, 0xa
x30 <- 0x7F000720FA015400

mem[X,0x0000000080000E88] -> 0x0F13
mem[X,0x0000000080000E8A] -> 0x102F
[935] [M]: 0x0000000080000E88 (0x102F0F13) addi t5, t5, 0x102
x30 <- 0x7F000720FA015502

mem[X,0x0000000080000E8C] -> 0x4EB7
mem[X,0x0000000080000E8E] -> 0x0220
[936] [M]: 0x0000000080000E8C (0x02204EB7) lui t4, 0x2204
x29 <- 0x0000000002204000

mem[X,0x0000000080000E90] -> 0x8E93
mem[X,0x0000000080000E92] -> 0xF02E
[937] [M]: 0x0000000080000E90 (0xF02E8E93) addi t4, t4, -0xfe
x29 <- 0x0000000002203F02

mem[X,0x0000000080000E94] -> 0x9E93
mem[X,0x0000000080000E96] -> 0x00BE
[938] [M]: 0x0000000080000E94 (0x00BE9E93) slli t4, t4, 0xb
x29 <- 0x0000001101F81000

mem[X,0x0000000080000E98] -> 0x8E93
mem[X,0x0000000080000E9A] -> 0x7FFE
[939] [M]: 0x0000000080000E98 (0x7FFE8E93) addi t4, t4, 0x7ff
x29 <- 0x0000001101F817FF

mem[X,0x0000000080000E9C] -> 0x9E93
mem[X,0x0000000080000E9E] -> 0x00BE
[940] [M]: 0x0000000080000E9C (0x00BE9E93) slli t4, t4, 0xb
x29 <- 0x0000880FC0BFF800

mem[X,0x0000000080000EA0] -> 0x8E93
mem[X,0x0000000080000EA2] -> 0x75FE
[941] [M]: 0x0000000080000EA0 (0x75FE8E93) addi t4, t4, 0x75f
x29 <- 0x0000880FC0BFFF5F

mem[X,0x0000000080000EA4] -> 0x9E93
mem[X,0x0000000080000EA6] -> 0x00AE
[942] [M]: 0x0000000080000EA4 (0x00AE9E93) slli t4, t4, 0xa
x29 <- 0x02203F02FFFD7C00

mem[X,0x0000000080000EA8] -> 0x8E93
mem[X,0x0000000080000EAA] -> 0x302E
[943] [M]: 0x0000000080000EA8 (0x302E8E93) addi t4, t4, 0x302
x29 <- 0x02203F02FFFD7F02

mem[X,0x0000000080000EAC] -> 0x0FBB
mem[X,0x0000000080000EAE] -> 0x95DF
[944] [M]: 0x0000000080000EAC (0x95DF0FBB) psadd.b t6, t5, t4
x31 <- 0x7F204622F9FE7F04

mem[X,0x0000000080000EB0] -> 0xB823
mem[X,0x0000000080000EB2] -> 0x09F0
[945] [M]: 0x0000000080000EB0 (0x09F0B823) sd t6, 0x90(ra)
mem[0x0000000080004278] <- 0x7F204622F9FE7F04

mem[X,0x0000000080000EB4] -> 0x0F37
mem[X,0x0000000080000EB6] -> 0x4100
[946] [M]: 0x0000000080000EB4 (0x41000F37) lui t5, 0x41000
x30 <- 0x0000000041000000

mem[X,0x0000000080000EB8] -> 0x0F13
mem[X,0x0000000080000EBA] -> 0xA07F
[947] [M]: 0x0000000080000EB8 (0xA07F0F13) addi t5, t5, -0x5f9
x30 <- 0x0000000040FFFA07

mem[X,0x0000000080000EBC] -> 0x1F13
mem[X,0x0000000080000EBE] -> 0x00BF
[948] [M]: 0x0000000080000EBC (0x00BF1F13) slli t5, t5, 0xb
x30 <- 0x00000207FFD03800

mem[X,0x0000000080000EC0] -> 0x0F13
mem[X,0x0000000080000EC2] -> 0x048F
[949] [M]: 0x0000000080000EC0 (0x048F0F13) addi t5, t5, 0x48
x30 <- 0x00000207FFD03848

mem[X,0x0000000080000EC4] -> 0x1F13
mem[X,0x0000000080000EC6] -> 0x00BF
[950] [M]: 0x0000000080000EC4 (0x00BF1F13) slli t5, t5, 0xb
x30 <- 0x00103FFE81C24000

mem[X,0x0000000080000EC8] -> 0x0F13
mem[X,0x0000000080000ECA] -> 0x0BBF
[951] [M]: 0x0000000080000EC8 (0x0BBF0F13) addi t5, t5, 0xbb
x30 <- 0x00103FFE81C240BB

mem[X,0x0000000080000ECC] -> 0x1F13
mem[X,0x0000000080000ECE] -> 0x00AF
[952] [M]: 0x0000000080000ECC (0x00AF1F13) slli t5, t5, 0xa
x30 <- 0x40FFFA070902EC00

mem[X,0x0000000080000ED0] -> 0x0F13
mem[X,0x0000000080000ED2] -> 0x310F
[953] [M]: 0x0000000080000ED0 (0x310F0F13) addi t5, t5, 0x310
x30 <- 0x40FFFA070902EF10

mem[X,0x0000000080000ED4] -> 0x0EB7
mem[X,0x0000000080000ED6] -> 0xBF41
[954] [M]: 0x0000000080000ED4 (0xBF410EB7) lui t4, -0x40bf0
x29 <- 0xFFFFFFFFBF410000

mem[X,0x0000000080000ED8] -> 0x8E93
mem[X,0x0000000080000EDA] -> 0xA3FE
[955] [M]: 0x0000000080000ED8 (0xA3FE8E93) addi t4, t4, -0x5c1
x29 <- 0xFFFFFFFFBF40FA3F

mem[X,0x0000000080000EDC] -> 0x9E93
mem[X,0x0000000080000EDE] -> 0x00BE
[956] [M]: 0x0000000080000EDC (0x00BE9E93) slli t4, t4, 0xb
x29 <- 0xFFFFFDFA07D1F800

mem[X,0x0000000080000EE0] -> 0x8E93
mem[X,0x0000000080000EE2] -> 0x7B8E
[957] [M]: 0x0000000080000EE0 (0x7B8E8E93) addi t4, t4, 0x7b8
x29 <- 0xFFFFFDFA07D1FFB8

mem[X,0x0000000080000EE4] -> 0x9E93
mem[X,0x0000000080000EE6] -> 0x00BE
[958] [M]: 0x0000000080000EE4 (0x00BE9E93) slli t4, t4, 0xb
x29 <- 0xFFEFD03E8FFDC000

mem[X,0x0000000080000EE8] -> 0x8E93
mem[X,0x0000000080000EEA] -> 0x27EE
[959] [M]: 0x0000000080000EE8 (0x27EE8E93) addi t4, t4, 0x27e
x29 <- 0xFFEFD03E8FFDC27E

mem[X,0x0000000080000EEC] -> 0x9E93
mem[X,0x0000000080000EEE] -> 0x00AE
[960] [M]: 0x0000000080000EEC (0x00AE9E93) slli t4, t4, 0xa
x29 <- 0xBF40FA3FF709F800

mem[X,0x0000000080000EF0] -> 0x8E93
mem[X,0x0000000080000EF2] -> 0x255E
[961] [M]: 0x0000000080000EF0 (0x255E8E93) addi t4, t4, 0x255
x29 <- 0xBF40FA3FF709FA55

mem[X,0x0000000080000EF4] -> 0x0FBB
mem[X,0x0000000080000EF6] -> 0x95DF
[962] [M]: 0x0000000080000EF4 (0x95DF0FBB) psadd.b t6, t5, t4
x31 <- 0xFF3FF446000BE965

mem[X,0x0000000080000EF8] -> 0xBC23
mem[X,0x0000000080000EFA] -> 0x09F0
[963] [M]: 0x0000000080000EF8 (0x09F0BC23) sd t6, 0x98(ra)
mem[0x0000000080004280] <- 0xFF3FF446000BE965

mem[X,0x0000000080000EFC] -> 0x0F37
mem[X,0x0000000080000EFE] -> 0x00FB
[964] [M]: 0x0000000080000EFC (0x00FB0F37) lui t5, 0xfb0
x30 <- 0x0000000000FB0000

mem[X,0x0000000080000F00] -> 0x0F13
mem[X,0x0000000080000F02] -> 0x720F
[965] [M]: 0x0000000080000F00 (0x720F0F13) addi t5, t5, 0x720
x30 <- 0x0000000000FB0720

mem[X,0x0000000080000F04] -> 0x1F13
mem[X,0x0000000080000F06] -> 0x00BF
[966] [M]: 0x0000000080000F04 (0x00BF1F13) slli t5, t5, 0xb
x30 <- 0x00000007D8390000

mem[X,0x0000000080000F08] -> 0x0F13
mem[X,0x0000000080000F0A] -> 0x6F9F
[967] [M]: 0x0000000080000F08 (0x6F9F0F13) addi t5, t5, 0x6f9
x30 <- 0x00000007D83906F9

mem[X,0x0000000080000F0C] -> 0x1F13
mem[X,0x0000000080000F0E] -> 0x00BF
[968] [M]: 0x0000000080000F0C (0x00BF1F13) slli t5, t5, 0xb
x30 <- 0x00003EC1C837C800

mem[X,0x0000000080000F10] -> 0x0F13
mem[X,0x0000000080000F12] -> 0x7F7F
[969] [M]: 0x0000000080000F10 (0x7F7F0F13) addi t5, t5, 0x7f7
x30 <- 0x00003EC1C837CFF7

mem[X,0x0000000080000F14] -> 0x1F13
mem[X,0x0000000080000F16] -> 0x00AF
[970] [M]: 0x0000000080000F14 (0x00AF1F13) slli t5, t5, 0xa
x30 <- 0x00FB0720DF3FDC00

mem[X,0x0000000080000F18] -> 0x0F13
mem[X,0x0000000080000F1A] -> 0x3FBF
[971] [M]: 0x0000000080000F18 (0x3FBF0F13) addi t5, t5, 0x3fb
x30 <- 0x00FB0720DF3FDFFB

mem[X,0x0000000080000F1C] -> 0xFEB7
mem[X,0x0000000080000F1E] -> 0x0802
[972] [M]: 0x0000000080000F1C (0x0802FEB7) lui t4, 0x802f
x29 <- 0x000000000802F000

mem[X,0x0000000080000F20] -> 0x8E93
mem[X,0x0000000080000F22] -> 0xF55E
[973] [M]: 0x0000000080000F20 (0xF55E8E93) addi t4, t4, -0xab
x29 <- 0x000000000802EF55

mem[X,0x0000000080000F24] -> 0x9E93
mem[X,0x0000000080000F26] -> 0x00BE
[974] [M]: 0x0000000080000F24 (0x00BE9E93) slli t4, t4, 0xb
x29 <- 0x00000040177AA800

mem[X,0x0000000080000F28] -> 0x8E93
mem[X,0x0000000080000F2A] -> 0x7D8E
[975] [M]: 0x0000000080000F28 (0x7D8E8E93) addi t4, t4, 0x7d8
x29 <- 0x00000040177AAFD8

mem[X,0x0000000080000F2C] -> 0x9E93
mem[X,0x0000000080000F2E] -> 0x00BE
[976] [M]: 0x0000000080000F2C (0x00BE9E93) slli t4, t4, 0xb
x29 <- 0x000200BBD57EC000

mem[X,0x0000000080000F30] -> 0x8E93
mem[X,0x0000000080000F32] -> 0x0D5E
[977] [M]: 0x0000000080000F30 (0x0D5E8E93) addi t4, t4, 0xd5
x29 <- 0x000200BBD57EC0D5

mem[X,0x0000000080000F34] -> 0x9E93
mem[X,0x0000000080000F36] -> 0x00AE
[978] [M]: 0x0000000080000F34 (0x00AE9E93) slli t4, t4, 0xa
x29 <- 0x0802EF55FB035400

mem[X,0x0000000080000F38] -> 0x8E93
mem[X,0x0000000080000F3A] -> 0x100E
[979] [M]: 0x0000000080000F38 (0x100E8E93) addi t4, t4, 0x100
x29 <- 0x0802EF55FB035500

mem[X,0x0000000080000F3C] -> 0x0FBB
mem[X,0x0000000080000F3E] -> 0x95DF
[980] [M]: 0x0000000080000F3C (0x95DF0FBB) psadd.b t6, t5, t4
x31 <- 0x08FDF675DA4234FB

mem[X,0x0000000080000F40] -> 0xB023
mem[X,0x0000000080000F42] -> 0x0BF0
[981] [M]: 0x0000000080000F40 (0x0BF0B023) sd t6, 0xa0(ra)
mem[0x0000000080004288] <- 0x08FDF675DA4234FB

mem[X,0x0000000080000F44] -> 0x0F37
mem[X,0x0000000080000F46] -> 0x7F08
[982] [M]: 0x0000000080000F44 (0x7F080F37) lui t5, 0x7f080
x30 <- 0x000000007F080000

mem[X,0x0000000080000F48] -> 0x0F13
mem[X,0x0000000080000F4A] -> 0x640F
[983] [M]: 0x0000000080000F48 (0x640F0F13) addi t5, t5, 0x640
x30 <- 0x000000007F080640

mem[X,0x0000000080000F4C] -> 0x1F13
mem[X,0x0000000080000F4E] -> 0x00BF
[984] [M]: 0x0000000080000F4C (0x00BF1F13) slli t5, t5, 0xb
x30 <- 0x000003F840320000

mem[X,0x0000000080000F50] -> 0x0F13
mem[X,0x0000000080000F52] -> 0x04FF
[985] [M]: 0x0000000080000F50 (0x04FF0F13) addi t5, t5, 0x4f
x30 <- 0x000003F84032004F

mem[X,0x0000000080000F54] -> 0x1F13
mem[X,0x0000000080000F56] -> 0x00BF
[986] [M]: 0x0000000080000F54 (0x00BF1F13) slli t5, t5, 0xb
x30 <- 0x001FC20190027800

mem[X,0x0000000080000F58] -> 0x0F13
mem[X,0x0000000080000F5A] -> 0x63DF
[987] [M]: 0x0000000080000F58 (0x63DF0F13) addi t5, t5, 0x63d
x30 <- 0x001FC20190027E3D

mem[X,0x0000000080000F5C] -> 0x1F13
mem[X,0x0000000080000F5E] -> 0x00AF
[988] [M]: 0x0000000080000F5C (0x00AF1F13) slli t5, t5, 0xa
x30 <- 0x7F08064009F8F400

mem[X,0x0000000080000F60] -> 0x0F13
mem[X,0x0000000080000F62] -> 0x307F
[989] [M]: 0x0000000080000F60 (0x307F0F13) addi t5, t5, 0x307
x30 <- 0x7F08064009F8F707

mem[X,0x0000000080000F64] -> 0x0EB7
mem[X,0x0000000080000F66] -> 0xF8FE
[990] [M]: 0x0000000080000F64 (0xF8FE0EB7) lui t4, -0x7020
x29 <- 0xFFFFFFFFF8FE0000

mem[X,0x0000000080000F68] -> 0x8E93
mem[X,0x0000000080000F6A] -> 0x83FE
[991] [M]: 0x0000000080000F68 (0x83FE8E93) addi t4, t4, -0x7c1
x29 <- 0xFFFFFFFFF8FDF83F

mem[X,0x0000000080000F6C] -> 0x9E93
mem[X,0x0000000080000F6E] -> 0x00BE
[992] [M]: 0x0000000080000F6C (0x00BE9E93) slli t4, t4, 0xb
x29 <- 0xFFFFFFC7EFC1F800

mem[X,0x0000000080000F70] -> 0x8E93
mem[X,0x0000000080000F72] -> 0x2A8E
[993] [M]: 0x0000000080000F70 (0x2A8E8E93) addi t4, t4, 0x2a8
x29 <- 0xFFFFFFC7EFC1FAA8

mem[X,0x0000000080000F74] -> 0x9E93
mem[X,0x0000000080000F76] -> 0x00BE
[994] [M]: 0x0000000080000F74 (0x00BE9E93) slli t4, t4, 0xb
x29 <- 0xFFFE3F7E0FD54000

mem[X,0x0000000080000F78] -> 0x8E93
mem[X,0x0000000080000F7A] -> 0x002E
[995] [M]: 0x0000000080000F78 (0x002E8E93) addi t4, t4, 0x2
x29 <- 0xFFFE3F7E0FD54002

mem[X,0x0000000080000F7C] -> 0x9E93
mem[X,0x0000000080000F7E] -> 0x00AE
[996] [M]: 0x0000000080000F7C (0x00AE9E93) slli t4, t4, 0xa
x29 <- 0xF8FDF83F55000800

mem[X,0x0000000080000F80] -> 0x8E93
mem[X,0x0000000080000F82] -> 0x101E
[997] [M]: 0x0000000080000F80 (0x101E8E93) addi t4, t4, 0x101
x29 <- 0xF8FDF83F55000901

mem[X,0x0000000080000F84] -> 0x0FBB
mem[X,0x0000000080000F86] -> 0x95DF
[998] [M]: 0x0000000080000F84 (0x95DF0FBB) psadd.b t6, t5, t4
x31 <- 0x7705FE7F5EF80008

mem[X,0x0000000080000F88] -> 0xB423
mem[X,0x0000000080000F8A] -> 0x0BF0
[999] [M]: 0x0000000080000F88 (0x0BF0B423) sd t6, 0xa8(ra)
mem[0x0000000080004290] <- 0x7705FE7F5EF80008

clint::tick mtime <- 0x000000000000000A
 clint timer pending at mtime 0x000000000000000A
htif::tick 0x0000000000000000
mem[X,0x0000000080000F8C] -> 0x0F37
mem[X,0x0000000080000F8E] -> 0xFB11
[1000] [M]: 0x0000000080000F8C (0xFB110F37) lui t5, -0x4ef0
x30 <- 0xFFFFFFFFFB110000

mem[X,0x0000000080000F90] -> 0x0F13
mem[X,0x0000000080000F92] -> 0xC3FF
[1001] [M]: 0x0000000080000F90 (0xC3FF0F13) addi t5, t5, -0x3c1
x30 <- 0xFFFFFFFFFB10FC3F

mem[X,0x0000000080000F94] -> 0x1F13
mem[X,0x0000000080000F96] -> 0x00BF
[1002] [M]: 0x0000000080000F94 (0x00BF1F13) slli t5, t5, 0xb
x30 <- 0xFFFFFFD887E1F800

mem[X,0x0000000080000F98] -> 0x0F13
mem[X,0x0000000080000F9A] -> 0x7D7F
[1003] [M]: 0x0000000080000F98 (0x7D7F0F13) addi t5, t5, 0x7d7
x30 <- 0xFFFFFFD887E1FFD7

mem[X,0x0000000080000F9C] -> 0x1F13
mem[X,0x0000000080000F9E] -> 0x00BF
[1004] [M]: 0x0000000080000F9C (0x00BF1F13) slli t5, t5, 0xb
x30 <- 0xFFFEC43F0FFEB800

mem[X,0x0000000080000FA0] -> 0x0F13
mem[X,0x0000000080000FA2] -> 0x7AFF
[1005] [M]: 0x0000000080000FA0 (0x7AFF0F13) addi t5, t5, 0x7af
x30 <- 0xFFFEC43F0FFEBFAF

mem[X,0x0000000080000FA4] -> 0x1F13
mem[X,0x0000000080000FA6] -> 0x00AF
[1006] [M]: 0x0000000080000FA4 (0x00AF1F13) slli t5, t5, 0xa
x30 <- 0xFB10FC3FFAFEBC00

mem[X,0x0000000080000FA8] -> 0x0F13
mem[X,0x0000000080000FAA] -> 0x320F
[1007] [M]: 0x0000000080000FA8 (0x320F0F13) addi t5, t5, 0x320
x30 <- 0xFB10FC3FFAFEBF20

mem[X,0x0000000080000FAC] -> 0xFEB7
mem[X,0x0000000080000FAE] -> 0x7F08
[1008] [M]: 0x0000000080000FAC (0x7F08FEB7) lui t4, 0x7f08f
x29 <- 0x000000007F08F000

mem[X,0x0000000080000FB0] -> 0x8E93
mem[X,0x0000000080000FB2] -> 0x63FE
[1009] [M]: 0x0000000080000FB0 (0x63FE8E93) addi t4, t4, 0x63f
x29 <- 0x000000007F08F63F

mem[X,0x0000000080000FB4] -> 0x9E93
mem[X,0x0000000080000FB6] -> 0x00BE
[1010] [M]: 0x0000000080000FB4 (0x00BE9E93) slli t4, t4, 0xb
x29 <- 0x000003F847B1F800

mem[X,0x0000000080000FB8] -> 0x8E93
mem[X,0x0000000080000FBA] -> 0x086E
[1011] [M]: 0x0000000080000FB8 (0x086E8E93) addi t4, t4, 0x86
x29 <- 0x000003F847B1F886

mem[X,0x0000000080000FBC] -> 0x9E93
mem[X,0x0000000080000FBE] -> 0x00BE
[1012] [M]: 0x0000000080000FBC (0x00BE9E93) slli t4, t4, 0xb
x29 <- 0x001FC23D8FC43000

mem[X,0x0000000080000FC0] -> 0x8E93
mem[X,0x0000000080000FC2] -> 0x7C0E
[1013] [M]: 0x0000000080000FC0 (0x7C0E8E93) addi t4, t4, 0x7c0
x29 <- 0x001FC23D8FC437C0

mem[X,0x0000000080000FC4] -> 0x9E93
mem[X,0x0000000080000FC6] -> 0x00AE
[1014] [M]: 0x0000000080000FC4 (0x00AE9E93) slli t4, t4, 0xa
x29 <- 0x7F08F63F10DF0000

mem[X,0x0000000080000FC8] -> 0x8E93
mem[X,0x0000000080000FCA] -> 0x106E
[1015] [M]: 0x0000000080000FC8 (0x106E8E93) addi t4, t4, 0x106
x29 <- 0x7F08F63F10DF0106

mem[X,0x0000000080000FCC] -> 0x0FBB
mem[X,0x0000000080000FCE] -> 0x95DF
[1016] [M]: 0x0000000080000FCC (0x95DF0FBB) psadd.b t6, t5, t4
x31 <- 0x7A18F27E0ADDC026

mem[X,0x0000000080000FD0] -> 0xB823
mem[X,0x0000000080000FD2] -> 0x0BF0
[1017] [M]: 0x0000000080000FD0 (0x0BF0B823) sd t6, 0xb0(ra)
mem[0x0000000080004298] <- 0x7A18F27E0ADDC026

mem[X,0x0000000080000FD4] -> 0x0F37
mem[X,0x0000000080000FD6] -> 0xFF41
[1018] [M]: 0x0000000080000FD4 (0xFF410F37) lui t5, -0xbf0
x30 <- 0xFFFFFFFFFF410000

mem[X,0x0000000080000FD8] -> 0x0F13
mem[X,0x0000000080000FDA] -> 0xC40F
[1019] [M]: 0x0000000080000FD8 (0xC40F0F13) addi t5, t5, -0x3c0
x30 <- 0xFFFFFFFFFF40FC40

mem[X,0x0000000080000FDC] -> 0x1F13
mem[X,0x0000000080000FDE] -> 0x00BF
[1020] [M]: 0x0000000080000FDC (0x00BF1F13) slli t5, t5, 0xb
x30 <- 0xFFFFFFFA07E20000

mem[X,0x0000000080000FE0] -> 0x0F13
mem[X,0x0000000080000FE2] -> 0x7CDF
[1021] [M]: 0x0000000080000FE0 (0x7CDF0F13) addi t5, t5, 0x7cd
x30 <- 0xFFFFFFFA07E207CD

mem[X,0x0000000080000FE4] -> 0x1F13
mem[X,0x0000000080000FE6] -> 0x00BF
[1022] [M]: 0x0000000080000FE4 (0x00BF1F13) slli t5, t5, 0xb
x30 <- 0xFFFFD03F103E6800

mem[X,0x0000000080000FE8] -> 0x0F13
mem[X,0x0000000080000FEA] -> 0x7F7F
[1023] [M]: 0x0000000080000FE8 (0x7F7F0F13) addi t5, t5, 0x7f7
x30 <- 0xFFFFD03F103E6FF7

mem[X,0x0000000080000FEC] -> 0x1F13
mem[X,0x0000000080000FEE] -> 0x00AF
[1024] [M]: 0x0000000080000FEC (0x00AF1F13) slli t5, t5, 0xa
x30 <- 0xFF40FC40F9BFDC00

mem[X,0x0000000080000FF0] -> 0x0F13
mem[X,0x0000000080000FF2] -> 0x3F6F
[1025] [M]: 0x0000000080000FF0 (0x3F6F0F13) addi t5, t5, 0x3f6
x30 <- 0xFF40FC40F9BFDFF6

mem[X,0x0000000080000FF4] -> 0x1EB7
mem[X,0x0000000080000FF6] -> 0xF803
[1026] [M]: 0x0000000080000FF4 (0xF8031EB7) lui t4, -0x7fcf
x29 <- 0xFFFFFFFFF8031000

mem[X,0x0000000080000FF8] -> 0x8E93
mem[X,0x0000000080000FFA] -> 0x0FAE
[1027] [M]: 0x0000000080000FF8 (0x0FAE8E93) addi t4, t4, 0xfa
x29 <- 0xFFFFFFFFF80310FA

mem[X,0x0000000080000FFC] -> 0x9E93
mem[X,0x0000000080000FFE] -> 0x00BE
[1028] [M]: 0x0000000080000FFC (0x00BE9E93) slli t4, t4, 0xb
x29 <- 0xFFFFFFC01887D000

mem[X,0x0000000080001000] -> 0x8E93
mem[X,0x0000000080001002] -> 0x77FE
[1029] [M]: 0x0000000080001000 (0x77FE8E93) addi t4, t4, 0x77f
x29 <- 0xFFFFFFC01887D77F

mem[X,0x0000000080001004] -> 0x9E93
mem[X,0x0000000080001006] -> 0x00BE
[1030] [M]: 0x0000000080001004 (0x00BE9E93) slli t4, t4, 0xb
x29 <- 0xFFFE00C43EBBF800

mem[X,0x0000000080001008] -> 0x8E93
mem[X,0x000000008000100A] -> 0x6BFE
[1031] [M]: 0x0000000080001008 (0x6BFE8E93) addi t4, t4, 0x6bf
x29 <- 0xFFFE00C43EBBFEBF

mem[X,0x000000008000100C] -> 0x9E93
mem[X,0x000000008000100E] -> 0x00AE
[1032] [M]: 0x000000008000100C (0x00AE9E93) slli t4, t4, 0xa
x29 <- 0xF80310FAEFFAFC00

mem[X,0x0000000080001010] -> 0x8E93
mem[X,0x0000000080001012] -> 0x280E
[1033] [M]: 0x0000000080001010 (0x280E8E93) addi t4, t4, 0x280
x29 <- 0xF80310FAEFFAFE80

mem[X,0x0000000080001014] -> 0x0FBB
mem[X,0x0000000080001016] -> 0x95DF
[1034] [M]: 0x0000000080001014 (0x95DF0FBB) psadd.b t6, t5, t4
x31 <- 0xF7430C3AE8B9DD80

mem[X,0x0000000080001018] -> 0xBC23
mem[X,0x000000008000101A] -> 0x0BF0
[1035] [M]: 0x0000000080001018 (0x0BF0BC23) sd t6, 0xb8(ra)
mem[0x00000000800042A0] <- 0xF7430C3AE8B9DD80

mem[X,0x000000008000101C] -> 0xCF37
mem[X,0x000000008000101E] -> 0xDFFE
[1036] [M]: 0x000000008000101C (0xDFFECF37) lui t5, -0x20014
x30 <- 0xFFFFFFFFDFFEC000

mem[X,0x0000000080001020] -> 0x0F13
mem[X,0x0000000080001022] -> 0x03FF
[1037] [M]: 0x0000000080001020 (0x03FF0F13) addi t5, t5, 0x3f
x30 <- 0xFFFFFFFFDFFEC03F

mem[X,0x0000000080001024] -> 0x1F13
mem[X,0x0000000080001026] -> 0x00BF
[1038] [M]: 0x0000000080001024 (0x00BF1F13) slli t5, t5, 0xb
x30 <- 0xFFFFFEFFF601F800

mem[X,0x0000000080001028] -> 0x0F13
mem[X,0x000000008000102A] -> 0x00BF
[1039] [M]: 0x0000000080001028 (0x00BF0F13) addi t5, t5, 0xb
x30 <- 0xFFFFFEFFF601F80B

mem[X,0x000000008000102C] -> 0x1F13
mem[X,0x000000008000102E] -> 0x00BF
[1040] [M]: 0x000000008000102C (0x00BF1F13) slli t5, t5, 0xb
x30 <- 0xFFF7FFB00FC05800

mem[X,0x0000000080001030] -> 0x0F13
mem[X,0x0000000080001032] -> 0x7FFF
[1041] [M]: 0x0000000080001030 (0x7FFF0F13) addi t5, t5, 0x7ff
x30 <- 0xFFF7FFB00FC05FFF

mem[X,0x0000000080001034] -> 0x1F13
mem[X,0x0000000080001036] -> 0x00AF
[1042] [M]: 0x0000000080001034 (0x00AF1F13) slli t5, t5, 0xa
x30 <- 0xDFFEC03F017FFC00

mem[X,0x0000000080001038] -> 0x0F13
mem[X,0x000000008000103A] -> 0x001F
[1043] [M]: 0x0000000080001038 (0x001F0F13) addi t5, t5, 0x1
x30 <- 0xDFFEC03F017FFC01

mem[X,0x000000008000103C] -> 0x0EB7
mem[X,0x000000008000103E] -> 0x7F07
[1044] [M]: 0x000000008000103C (0x7F070EB7) lui t4, 0x7f070
x29 <- 0x000000007F070000

mem[X,0x0000000080001040] -> 0x8E93
mem[X,0x0000000080001042] -> 0x701E
[1045] [M]: 0x0000000080001040 (0x701E8E93) addi t4, t4, 0x701
x29 <- 0x000000007F070701

mem[X,0x0000000080001044] -> 0x9E93
mem[X,0x0000000080001046] -> 0x00BE
[1046] [M]: 0x0000000080001044 (0x00BE9E93) slli t4, t4, 0xb
x29 <- 0x000003F838380800

mem[X,0x0000000080001048] -> 0x8E93
mem[X,0x000000008000104A] -> 0x7D1E
[1047] [M]: 0x0000000080001048 (0x7D1E8E93) addi t4, t4, 0x7d1
x29 <- 0x000003F838380FD1

mem[X,0x000000008000104C] -> 0x9E93
mem[X,0x000000008000104E] -> 0x00BE
[1048] [M]: 0x000000008000104C (0x00BE9E93) slli t4, t4, 0xb
x29 <- 0x001FC1C1C07E8800

mem[X,0x0000000080001050] -> 0x8E93
mem[X,0x0000000080001052] -> 0x000E
[1049] [M]: 0x0000000080001050 (0x000E8E93) addi t4, t4, 0x0
x29 <- 0x001FC1C1C07E8800

mem[X,0x0000000080001054] -> 0x9E93
mem[X,0x0000000080001056] -> 0x00AE
[1050] [M]: 0x0000000080001054 (0x00AE9E93) slli t4, t4, 0xa
x29 <- 0x7F070701FA200000

mem[X,0x0000000080001058] -> 0x8E93
mem[X,0x000000008000105A] -> 0x307E
[1051] [M]: 0x0000000080001058 (0x307E8E93) addi t4, t4, 0x307
x29 <- 0x7F070701FA200307

mem[X,0x000000008000105C] -> 0x0FBB
mem[X,0x000000008000105E] -> 0x95DF
[1052] [M]: 0x000000008000105C (0x95DF0FBB) psadd.b t6, t5, t4
x31 <- 0x5E05C740FB7FFF08

mem[X,0x0000000080001060] -> 0xB023
mem[X,0x0000000080001062] -> 0x0DF0
[1053] [M]: 0x0000000080001060 (0x0DF0B023) sd t6, 0xc0(ra)
mem[0x00000000800042A8] <- 0x5E05C740FB7FFF08

mem[X,0x0000000080001064] -> 0x0F37
mem[X,0x0000000080001066] -> 0x06E0
[1054] [M]: 0x0000000080001064 (0x06E00F37) lui t5, 0x6e00
x30 <- 0x0000000006E00000

mem[X,0x0000000080001068] -> 0x0F13
mem[X,0x000000008000106A] -> 0xEF8F
[1055] [M]: 0x0000000080001068 (0xEF8F0F13) addi t5, t5, -0x108
x30 <- 0x0000000006DFFEF8

mem[X,0x000000008000106C] -> 0x1F13
mem[X,0x000000008000106E] -> 0x00BF
[1056] [M]: 0x000000008000106C (0x00BF1F13) slli t5, t5, 0xb
x30 <- 0x00000036FFF7C000

mem[X,0x0000000080001070] -> 0x0F13
mem[X,0x0000000080001072] -> 0x7F2F
[1057] [M]: 0x0000000080001070 (0x7F2F0F13) addi t5, t5, 0x7f2
x30 <- 0x00000036FFF7C7F2

mem[X,0x0000000080001074] -> 0x1F13
mem[X,0x0000000080001076] -> 0x00BF
[1058] [M]: 0x0000000080001074 (0x00BF1F13) slli t5, t5, 0xb
x30 <- 0x0001B7FFBE3F9000

mem[X,0x0000000080001078] -> 0x0F13
mem[X,0x000000008000107A] -> 0x015F
[1059] [M]: 0x0000000080001078 (0x015F0F13) addi t5, t5, 0x15
x30 <- 0x0001B7FFBE3F9015

mem[X,0x000000008000107C] -> 0x1F13
mem[X,0x000000008000107E] -> 0x00AF
[1060] [M]: 0x000000008000107C (0x00AF1F13) slli t5, t5, 0xa
x30 <- 0x06DFFEF8FE405400

mem[X,0x0000000080001080] -> 0x0F13
mem[X,0x0000000080001082] -> 0x109F
[1061] [M]: 0x0000000080001080 (0x109F0F13) addi t5, t5, 0x109
x30 <- 0x06DFFEF8FE405509

mem[X,0x0000000080001084] -> 0xFEB7
mem[X,0x0000000080001086] -> 0x3F20
[1062] [M]: 0x0000000080001084 (0x3F20FEB7) lui t4, 0x3f20f
x29 <- 0x000000003F20F000

mem[X,0x0000000080001088] -> 0x8E93
mem[X,0x000000008000108A] -> 0xF55E
[1063] [M]: 0x0000000080001088 (0xF55E8E93) addi t4, t4, -0xab
x29 <- 0x000000003F20EF55

mem[X,0x000000008000108C] -> 0x9E93
mem[X,0x000000008000108E] -> 0x00BE
[1064] [M]: 0x000000008000108C (0x00BE9E93) slli t4, t4, 0xb
x29 <- 0x000001F9077AA800

mem[X,0x0000000080001090] -> 0x8E93
mem[X,0x0000000080001092] -> 0x77FE
[1065] [M]: 0x0000000080001090 (0x77FE8E93) addi t4, t4, 0x77f
x29 <- 0x000001F9077AAF7F

mem[X,0x0000000080001094] -> 0x9E93
mem[X,0x0000000080001096] -> 0x00BE
[1066] [M]: 0x0000000080001094 (0x00BE9E93) slli t4, t4, 0xb
x29 <- 0x000FC83BD57BF800

mem[X,0x0000000080001098] -> 0x8E93
mem[X,0x000000008000109A] -> 0x5D5E
[1067] [M]: 0x0000000080001098 (0x5D5E8E93) addi t4, t4, 0x5d5
x29 <- 0x000FC83BD57BFDD5

mem[X,0x000000008000109C] -> 0x9E93
mem[X,0x000000008000109E] -> 0x00AE
[1068] [M]: 0x000000008000109C (0x00AE9E93) slli t4, t4, 0xa
x29 <- 0x3F20EF55EFF75400

mem[X,0x00000000800010A0] -> 0x8E93
mem[X,0x00000000800010A2] -> 0x1FFE
[1069] [M]: 0x00000000800010A0 (0x1FFE8E93) addi t4, t4, 0x1ff
x29 <- 0x3F20EF55EFF755FF

mem[X,0x00000000800010A4] -> 0x0FBB
mem[X,0x00000000800010A6] -> 0x95DF
[1070] [M]: 0x00000000800010A4 (0x95DF0FBB) psadd.b t6, t5, t4
x31 <- 0x45FFED4DED377F08

mem[X,0x00000000800010A8] -> 0xB423
mem[X,0x00000000800010AA] -> 0x0DF0
[1071] [M]: 0x00000000800010A8 (0x0DF0B423) sd t6, 0xc8(ra)
mem[0x00000000800042B0] <- 0x45FFED4DED377F08

mem[X,0x00000000800010AC] -> 0x5F37
mem[X,0x00000000800010AE] -> 0x8001
[1072] [M]: 0x00000000800010AC (0x80015F37) lui t5, -0x7ffeb
x30 <- 0xFFFFFFFF80015000

mem[X,0x00000000800010B0] -> 0x0F13
mem[X,0x00000000800010B2] -> 0x501F
[1073] [M]: 0x00000000800010B0 (0x501F0F13) addi t5, t5, 0x501
x30 <- 0xFFFFFFFF80015501

mem[X,0x00000000800010B4] -> 0x1F13
mem[X,0x00000000800010B6] -> 0x00BF
[1074] [M]: 0x00000000800010B4 (0x00BF1F13) slli t5, t5, 0xb
x30 <- 0xFFFFFC000AA80800

mem[X,0x00000000800010B8] -> 0x0F13
mem[X,0x00000000800010BA] -> 0x011F
[1075] [M]: 0x00000000800010B8 (0x011F0F13) addi t5, t5, 0x11
x30 <- 0xFFFFFC000AA80811

mem[X,0x00000000800010BC] -> 0x1F13
mem[X,0x00000000800010BE] -> 0x00BF
[1076] [M]: 0x00000000800010BC (0x00BF1F13) slli t5, t5, 0xb
x30 <- 0xFFE0005540408800

mem[X,0x00000000800010C0] -> 0x0F13
mem[X,0x00000000800010C2] -> 0x7C2F
[1077] [M]: 0x00000000800010C0 (0x7C2F0F13) addi t5, t5, 0x7c2
x30 <- 0xFFE0005540408FC2

mem[X,0x00000000800010C4] -> 0x1F13
mem[X,0x00000000800010C6] -> 0x00AF
[1078] [M]: 0x00000000800010C4 (0x00AF1F13) slli t5, t5, 0xa
x30 <- 0x80015501023F0800

mem[X,0x00000000800010C8] -> 0x0F13
mem[X,0x00000000800010CA] -> 0x0FDF
[1079] [M]: 0x00000000800010C8 (0x0FDF0F13) addi t5, t5, 0xfd
x30 <- 0x80015501023F08FD

mem[X,0x00000000800010CC] -> 0x1EB7
mem[X,0x00000000800010CE] -> 0xF940
[1080] [M]: 0x00000000800010CC (0xF9401EB7) lui t4, -0x6bff
x29 <- 0xFFFFFFFFF9401000

mem[X,0x00000000800010D0] -> 0x8E93
mem[X,0x00000000800010D2] -> 0x8FDE
[1081] [M]: 0x00000000800010D0 (0x8FDE8E93) addi t4, t4, -0x703
x29 <- 0xFFFFFFFFF94008FD

mem[X,0x00000000800010D4] -> 0x9E93
mem[X,0x00000000800010D6] -> 0x00BE
[1082] [M]: 0x00000000800010D4 (0x00BE9E93) slli t4, t4, 0xb
x29 <- 0xFFFFFFCA0047E800

mem[X,0x00000000800010D8] -> 0x8E93
mem[X,0x00000000800010DA] -> 0x6FAE
[1083] [M]: 0x00000000800010D8 (0x6FAE8E93) addi t4, t4, 0x6fa
x29 <- 0xFFFFFFCA0047EEFA

mem[X,0x00000000800010DC] -> 0x9E93
mem[X,0x00000000800010DE] -> 0x00BE
[1084] [M]: 0x00000000800010DC (0x00BE9E93) slli t4, t4, 0xb
x29 <- 0xFFFE50023F77D000

mem[X,0x00000000800010E0] -> 0x8E93
mem[X,0x00000000800010E2] -> 0x037E
[1085] [M]: 0x00000000800010E0 (0x037E8E93) addi t4, t4, 0x37
x29 <- 0xFFFE50023F77D037

mem[X,0x00000000800010E4] -> 0x9E93
mem[X,0x00000000800010E6] -> 0x00AE
[1086] [M]: 0x00000000800010E4 (0x00AE9E93) slli t4, t4, 0xa
x29 <- 0xF94008FDDF40DC00

mem[X,0x00000000800010E8] -> 0x8E93
mem[X,0x00000000800010EA] -> 0x302E
[1087] [M]: 0x00000000800010E8 (0x302E8E93) addi t4, t4, 0x302
x29 <- 0xF94008FDDF40DF02

mem[X,0x00000000800010EC] -> 0x0FBB
mem[X,0x00000000800010EE] -> 0x95DF
[1088] [M]: 0x00000000800010EC (0x95DF0FBB) psadd.b t6, t5, t4
x31 <- 0x80415DFEE17FE7FF

mem[X,0x00000000800010F0] -> 0xB823
mem[X,0x00000000800010F2] -> 0x0DF0
[1089] [M]: 0x00000000800010F0 (0x0DF0B823) sd t6, 0xd0(ra)
mem[0x00000000800042B8] <- 0x80415DFEE17FE7FF

mem[X,0x00000000800010F4] -> 0x0F37
mem[X,0x00000000800010F6] -> 0x0880
[1090] [M]: 0x00000000800010F4 (0x08800F37) lui t5, 0x8800
x30 <- 0x0000000008800000

mem[X,0x00000000800010F8] -> 0x0F13
mem[X,0x00000000800010FA] -> 0xD07F
[1091] [M]: 0x00000000800010F8 (0xD07F0F13) addi t5, t5, -0x2f9
x30 <- 0x00000000087FFD07

mem[X,0x00000000800010FC] -> 0x1F13
mem[X,0x00000000800010FE] -> 0x00BF
[1092] [M]: 0x00000000800010FC (0x00BF1F13) slli t5, t5, 0xb
x30 <- 0x00000043FFE83800

mem[X,0x0000000080001100] -> 0x0F13
mem[X,0x0000000080001102] -> 0x778F
[1093] [M]: 0x0000000080001100 (0x778F0F13) addi t5, t5, 0x778
x30 <- 0x00000043FFE83F78

mem[X,0x0000000080001104] -> 0x1F13
mem[X,0x0000000080001106] -> 0x00BF
[1094] [M]: 0x0000000080001104 (0x00BF1F13) slli t5, t5, 0xb
x30 <- 0x00021FFF41FBC000

mem[X,0x0000000080001108] -> 0x0F13
mem[X,0x000000008000110A] -> 0x0BFF
[1095] [M]: 0x0000000080001108 (0x0BFF0F13) addi t5, t5, 0xbf
x30 <- 0x00021FFF41FBC0BF

mem[X,0x000000008000110C] -> 0x1F13
mem[X,0x000000008000110E] -> 0x00AF
[1096] [M]: 0x000000008000110C (0x00AF1F13) slli t5, t5, 0xa
x30 <- 0x087FFD07EF02FC00

mem[X,0x0000000080001110] -> 0x0F13
mem[X,0x0000000080001112] -> 0x1F9F
[1097] [M]: 0x0000000080001110 (0x1F9F0F13) addi t5, t5, 0x1f9
x30 <- 0x087FFD07EF02FDF9

mem[X,0x0000000080001114] -> 0x4EB7
mem[X,0x0000000080001116] -> 0xFAFF
[1098] [M]: 0x0000000080001114 (0xFAFF4EB7) lui t4, -0x500c
x29 <- 0xFFFFFFFFFAFF4000

mem[X,0x0000000080001118] -> 0x8E93
mem[X,0x000000008000111A] -> 0x0BFE
[1099] [M]: 0x0000000080001118 (0x0BFE8E93) addi t4, t4, 0xbf
x29 <- 0xFFFFFFFFFAFF40BF

clint::tick mtime <- 0x000000000000000B
 clint timer pending at mtime 0x000000000000000B
htif::tick 0x0000000000000000
mem[X,0x000000008000111C] -> 0x9E93
mem[X,0x000000008000111E] -> 0x00BE
[1100] [M]: 0x000000008000111C (0x00BE9E93) slli t4, t4, 0xb
x29 <- 0xFFFFFFD7FA05F800

mem[X,0x0000000080001120] -> 0x8E93
mem[X,0x0000000080001122] -> 0x201E
[1101] [M]: 0x0000000080001120 (0x201E8E93) addi t4, t4, 0x201
x29 <- 0xFFFFFFD7FA05FA01

mem[X,0x0000000080001124] -> 0x9E93
mem[X,0x0000000080001126] -> 0x00BE
[1102] [M]: 0x0000000080001124 (0x00BE9E93) slli t4, t4, 0xb
x29 <- 0xFFFEBFD02FD00800

mem[X,0x0000000080001128] -> 0x8E93
mem[X,0x000000008000112A] -> 0x7FEE
[1103] [M]: 0x0000000080001128 (0x7FEE8E93) addi t4, t4, 0x7fe
x29 <- 0xFFFEBFD02FD00FFE

mem[X,0x000000008000112C] -> 0x9E93
mem[X,0x000000008000112E] -> 0x00AE
[1104] [M]: 0x000000008000112C (0x00AE9E93) slli t4, t4, 0xa
x29 <- 0xFAFF40BF403FF800

mem[X,0x0000000080001130] -> 0x8E93
mem[X,0x0000000080001132] -> 0x309E
[1105] [M]: 0x0000000080001130 (0x309E8E93) addi t4, t4, 0x309
x29 <- 0xFAFF40BF403FFB09

mem[X,0x0000000080001134] -> 0x0FBB
mem[X,0x0000000080001136] -> 0x95DF
[1106] [M]: 0x0000000080001134 (0x95DF0FBB) psadd.b t6, t5, t4
x31 <- 0x027E3DC62F41F802

mem[X,0x0000000080001138] -> 0xBC23
mem[X,0x000000008000113A] -> 0x0DF0
[1107] [M]: 0x0000000080001138 (0x0DF0BC23) sd t6, 0xd8(ra)
mem[0x00000000800042C0] <- 0x027E3DC62F41F802

mem[X,0x000000008000113C] -> 0x0F37
mem[X,0x000000008000113E] -> 0x107F
[1108] [M]: 0x000000008000113C (0x107F0F37) lui t5, 0x107f0
x30 <- 0x00000000107F0000

mem[X,0x0000000080001140] -> 0x0F13
mem[X,0x0000000080001142] -> 0x2DFF
[1109] [M]: 0x0000000080001140 (0x2DFF0F13) addi t5, t5, 0x2df
x30 <- 0x00000000107F02DF

mem[X,0x0000000080001144] -> 0x1F13
mem[X,0x0000000080001146] -> 0x00BF
[1110] [M]: 0x0000000080001144 (0x00BF1F13) slli t5, t5, 0xb
x30 <- 0x00000083F816F800

mem[X,0x0000000080001148] -> 0x0F13
mem[X,0x000000008000114A] -> 0x2ADF
[1111] [M]: 0x0000000080001148 (0x2ADF0F13) addi t5, t5, 0x2ad
x30 <- 0x00000083F816FAAD

mem[X,0x000000008000114C] -> 0x1F13
mem[X,0x000000008000114E] -> 0x00BF
[1112] [M]: 0x000000008000114C (0x00BF1F13) slli t5, t5, 0xb
x30 <- 0x00041FC0B7D56800

mem[X,0x0000000080001150] -> 0x0F13
mem[X,0x0000000080001152] -> 0x7C0F
[1113] [M]: 0x0000000080001150 (0x7C0F0F13) addi t5, t5, 0x7c0
x30 <- 0x00041FC0B7D56FC0

mem[X,0x0000000080001154] -> 0x1F13
mem[X,0x0000000080001156] -> 0x00AF
[1114] [M]: 0x0000000080001154 (0x00AF1F13) slli t5, t5, 0xa
x30 <- 0x107F02DF55BF0000

mem[X,0x0000000080001158] -> 0x0F13
mem[X,0x000000008000115A] -> 0x2FBF
[1115] [M]: 0x0000000080001158 (0x2FBF0F13) addi t5, t5, 0x2fb
x30 <- 0x107F02DF55BF02FB

mem[X,0x000000008000115C] -> 0x1EB7
mem[X,0x000000008000115E] -> 0x10FE
[1116] [M]: 0x000000008000115C (0x10FE1EB7) lui t4, 0x10fe1
x29 <- 0x0000000010FE1000

mem[X,0x0000000080001160] -> 0x8E93
mem[X,0x0000000080001162] -> 0x8BFE
[1117] [M]: 0x0000000080001160 (0x8BFE8E93) addi t4, t4, -0x741
x29 <- 0x0000000010FE08BF

mem[X,0x0000000080001164] -> 0x9E93
mem[X,0x0000000080001166] -> 0x00BE
[1118] [M]: 0x0000000080001164 (0x00BE9E93) slli t4, t4, 0xb
x29 <- 0x00000087F045F800

mem[X,0x0000000080001168] -> 0x8E93
mem[X,0x000000008000116A] -> 0x207E
[1119] [M]: 0x0000000080001168 (0x207E8E93) addi t4, t4, 0x207
x29 <- 0x00000087F045FA07

mem[X,0x000000008000116C] -> 0x9E93
mem[X,0x000000008000116E] -> 0x00BE
[1120] [M]: 0x000000008000116C (0x00BE9E93) slli t4, t4, 0xb
x29 <- 0x00043F822FD03800

mem[X,0x0000000080001170] -> 0x8E93
mem[X,0x0000000080001172] -> 0x6C1E
[1121] [M]: 0x0000000080001170 (0x6C1E8E93) addi t4, t4, 0x6c1
x29 <- 0x00043F822FD03EC1

mem[X,0x0000000080001174] -> 0x9E93
mem[X,0x0000000080001176] -> 0x00AE
[1122] [M]: 0x0000000080001174 (0x00AE9E93) slli t4, t4, 0xa
x29 <- 0x10FE08BF40FB0400

mem[X,0x0000000080001178] -> 0x8E93
mem[X,0x000000008000117A] -> 0x0DFE
[1123] [M]: 0x0000000080001178 (0x0DFE8E93) addi t4, t4, 0xdf
x29 <- 0x10FE08BF40FB04DF

mem[X,0x000000008000117C] -> 0x0FBB
mem[X,0x000000008000117E] -> 0x95DF
[1124] [M]: 0x000000008000117C (0x95DF0FBB) psadd.b t6, t5, t4
x31 <- 0x207D0A9E7FBA06DA

mem[X,0x0000000080001180] -> 0xB023
mem[X,0x0000000080001182] -> 0x0FF0
[1125] [M]: 0x0000000080001180 (0x0FF0B023) sd t6, 0xe0(ra)
mem[0x00000000800042C8] <- 0x207D0A9E7FBA06DA

mem[X,0x0000000080001184] -> 0x0F37
mem[X,0x0000000080001186] -> 0xEFFB
[1126] [M]: 0x0000000080001184 (0xEFFB0F37) lui t5, -0x10050
x30 <- 0xFFFFFFFFEFFB0000

mem[X,0x0000000080001188] -> 0x0F13
mem[X,0x000000008000118A] -> 0xDEFF
[1127] [M]: 0x0000000080001188 (0xDEFF0F13) addi t5, t5, -0x211
x30 <- 0xFFFFFFFFEFFAFDEF

mem[X,0x000000008000118C] -> 0x1F13
mem[X,0x000000008000118E] -> 0x00BF
[1128] [M]: 0x000000008000118C (0x00BF1F13) slli t5, t5, 0xb
x30 <- 0xFFFFFF7FD7EF7800

mem[X,0x0000000080001190] -> 0x0F13
mem[X,0x0000000080001192] -> 0x5F8F
[1129] [M]: 0x0000000080001190 (0x5F8F0F13) addi t5, t5, 0x5f8
x30 <- 0xFFFFFF7FD7EF7DF8

mem[X,0x0000000080001194] -> 0x1F13
mem[X,0x0000000080001196] -> 0x00BF
[1130] [M]: 0x0000000080001194 (0x00BF1F13) slli t5, t5, 0xb
x30 <- 0xFFFBFEBF7BEFC000

mem[X,0x0000000080001198] -> 0x0F13
mem[X,0x000000008000119A] -> 0x1C1F
[1131] [M]: 0x0000000080001198 (0x1C1F0F13) addi t5, t5, 0x1c1
x30 <- 0xFFFBFEBF7BEFC1C1

mem[X,0x000000008000119C] -> 0x1F13
mem[X,0x000000008000119E] -> 0x00AF
[1132] [M]: 0x000000008000119C (0x00AF1F13) slli t5, t5, 0xa
x30 <- 0xEFFAFDEFBF070400

mem[X,0x00000000800011A0] -> 0x0F13
mem[X,0x00000000800011A2] -> 0x2FBF
[1133] [M]: 0x00000000800011A0 (0x2FBF0F13) addi t5, t5, 0x2fb
x30 <- 0xEFFAFDEFBF0706FB

mem[X,0x00000000800011A4] -> 0x1EB7
mem[X,0x00000000800011A6] -> 0xAAAA
[1134] [M]: 0x00000000800011A4 (0xAAAA1EB7) lui t4, -0x5555f
x29 <- 0xFFFFFFFFAAAA1000

mem[X,0x00000000800011A8] -> 0x8E93
mem[X,0x00000000800011AA] -> 0x9FEE
[1135] [M]: 0x00000000800011A8 (0x9FEE8E93) addi t4, t4, -0x602
x29 <- 0xFFFFFFFFAAAA09FE

mem[X,0x00000000800011AC] -> 0x9E93
mem[X,0x00000000800011AE] -> 0x00BE
[1136] [M]: 0x00000000800011AC (0x00BE9E93) slli t4, t4, 0xb
x29 <- 0xFFFFFD55504FF000

mem[X,0x00000000800011B0] -> 0x8E93
mem[X,0x00000000800011B2] -> 0x778E
[1137] [M]: 0x00000000800011B0 (0x778E8E93) addi t4, t4, 0x778
x29 <- 0xFFFFFD55504FF778

mem[X,0x00000000800011B4] -> 0x9E93
mem[X,0x00000000800011B6] -> 0x00BE
[1138] [M]: 0x00000000800011B4 (0x00BE9E93) slli t4, t4, 0xb
x29 <- 0xFFEAAA827FBBC000

mem[X,0x00000000800011B8] -> 0x8E93
mem[X,0x00000000800011BA] -> 0x055E
[1139] [M]: 0x00000000800011B8 (0x055E8E93) addi t4, t4, 0x55
x29 <- 0xFFEAAA827FBBC055

mem[X,0x00000000800011BC] -> 0x9E93
mem[X,0x00000000800011BE] -> 0x00AE
[1140] [M]: 0x00000000800011BC (0x00AE9E93) slli t4, t4, 0xa
x29 <- 0xAAAA09FEEF015400

mem[X,0x00000000800011C0] -> 0x8E93
mem[X,0x00000000800011C2] -> 0x1FBE
[1141] [M]: 0x00000000800011C0 (0x1FBE8E93) addi t4, t4, 0x1fb
x29 <- 0xAAAA09FEEF0155FB

mem[X,0x00000000800011C4] -> 0x0FBB
mem[X,0x00000000800011C6] -> 0x95DF
[1142] [M]: 0x00000000800011C4 (0x95DF0FBB) psadd.b t6, t5, t4
x31 <- 0x99A406EDAE085BF6

mem[X,0x00000000800011C8] -> 0xB423
mem[X,0x00000000800011CA] -> 0x0FF0
[1143] [M]: 0x00000000800011C8 (0x0FF0B423) sd t6, 0xe8(ra)
mem[0x00000000800042D0] <- 0x99A406EDAE085BF6

mem[X,0x00000000800011CC] -> 0x0F37
mem[X,0x00000000800011CE] -> 0xAA81
[1144] [M]: 0x00000000800011CC (0xAA810F37) lui t5, -0x557f0
x30 <- 0xFFFFFFFFAA810000

mem[X,0x00000000800011D0] -> 0x0F13
mem[X,0x00000000800011D2] -> 0xAF9F
[1145] [M]: 0x00000000800011D0 (0xAF9F0F13) addi t5, t5, -0x507
x30 <- 0xFFFFFFFFAA80FAF9

mem[X,0x00000000800011D4] -> 0x1F13
mem[X,0x00000000800011D6] -> 0x00BF
[1146] [M]: 0x00000000800011D4 (0x00BF1F13) slli t5, t5, 0xb
x30 <- 0xFFFFFD5407D7C800

mem[X,0x00000000800011D8] -> 0x0F13
mem[X,0x00000000800011DA] -> 0x1F8F
[1147] [M]: 0x00000000800011D8 (0x1F8F0F13) addi t5, t5, 0x1f8
x30 <- 0xFFFFFD5407D7C9F8

mem[X,0x00000000800011DC] -> 0x1F13
mem[X,0x00000000800011DE] -> 0x00BF
[1148] [M]: 0x00000000800011DC (0x00BF1F13) slli t5, t5, 0xb
x30 <- 0xFFEAA03EBE4FC000

mem[X,0x00000000800011E0] -> 0x0F13
mem[X,0x00000000800011E2] -> 0x17BF
[1149] [M]: 0x00000000800011E0 (0x17BF0F13) addi t5, t5, 0x17b
x30 <- 0xFFEAA03EBE4FC17B

mem[X,0x00000000800011E4] -> 0x1F13
mem[X,0x00000000800011E6] -> 0x00AF
[1150] [M]: 0x00000000800011E4 (0x00AF1F13) slli t5, t5, 0xa
x30 <- 0xAA80FAF93F05EC00

mem[X,0x00000000800011E8] -> 0x0F13
mem[X,0x00000000800011EA] -> 0x3BFF
[1151] [M]: 0x00000000800011E8 (0x3BFF0F13) addi t5, t5, 0x3bf
x30 <- 0xAA80FAF93F05EFBF

mem[X,0x00000000800011EC] -> 0x0EB7
mem[X,0x00000000800011EE] -> 0x05F9
[1152] [M]: 0x00000000800011EC (0x05F90EB7) lui t4, 0x5f90
x29 <- 0x0000000005F90000

mem[X,0x00000000800011F0] -> 0x8E93
mem[X,0x00000000800011F2] -> 0xA20E
[1153] [M]: 0x00000000800011F0 (0xA20E8E93) addi t4, t4, -0x5e0
x29 <- 0x0000000005F8FA20

mem[X,0x00000000800011F4] -> 0x9E93
mem[X,0x00000000800011F6] -> 0x00BE
[1154] [M]: 0x00000000800011F4 (0x00BE9E93) slli t4, t4, 0xb
x29 <- 0x0000002FC7D10000

mem[X,0x00000000800011F8] -> 0x8E93
mem[X,0x00000000800011FA] -> 0x028E
[1155] [M]: 0x00000000800011F8 (0x028E8E93) addi t4, t4, 0x28
x29 <- 0x0000002FC7D10028

mem[X,0x00000000800011FC] -> 0x9E93
mem[X,0x00000000800011FE] -> 0x00BE
[1156] [M]: 0x00000000800011FC (0x00BE9E93) slli t4, t4, 0xb
x29 <- 0x00017E3E88014000

mem[X,0x0000000080001200] -> 0x8E93
mem[X,0x0000000080001202] -> 0x001E
[1157] [M]: 0x0000000080001200 (0x001E8E93) addi t4, t4, 0x1
x29 <- 0x00017E3E88014001

mem[X,0x0000000080001204] -> 0x9E93
mem[X,0x0000000080001206] -> 0x00AE
[1158] [M]: 0x0000000080001204 (0x00AE9E93) slli t4, t4, 0xa
x29 <- 0x05F8FA2005000400

mem[X,0x0000000080001208] -> 0x8E93
mem[X,0x000000008000120A] -> 0x055E
[1159] [M]: 0x0000000080001208 (0x055E8E93) addi t4, t4, 0x55
x29 <- 0x05F8FA2005000455

mem[X,0x000000008000120C] -> 0x0FBB
mem[X,0x000000008000120E] -> 0x95DF
[1160] [M]: 0x000000008000120C (0x95DF0FBB) psadd.b t6, t5, t4
x31 <- 0xAF80F4194405F314

mem[X,0x0000000080001210] -> 0xB823
mem[X,0x0000000080001212] -> 0x0FF0
[1161] [M]: 0x0000000080001210 (0x0FF0B823) sd t6, 0xf0(ra)
mem[0x00000000800042D8] <- 0xAF80F4194405F314

mem[X,0x0000000080001214] -> 0x0F37
mem[X,0x0000000080001216] -> 0xBF09
[1162] [M]: 0x0000000080001214 (0xBF090F37) lui t5, -0x40f70
x30 <- 0xFFFFFFFFBF090000

mem[X,0x0000000080001218] -> 0x0F13
mem[X,0x000000008000121A] -> 0x6F9F
[1163] [M]: 0x0000000080001218 (0x6F9F0F13) addi t5, t5, 0x6f9
x30 <- 0xFFFFFFFFBF0906F9

mem[X,0x000000008000121C] -> 0x1F13
mem[X,0x000000008000121E] -> 0x00BF
[1164] [M]: 0x000000008000121C (0x00BF1F13) slli t5, t5, 0xb
x30 <- 0xFFFFFDF84837C800

mem[X,0x0000000080001220] -> 0x0F13
mem[X,0x0000000080001222] -> 0x7E8F
[1165] [M]: 0x0000000080001220 (0x7E8F0F13) addi t5, t5, 0x7e8
x30 <- 0xFFFFFDF84837CFE8

mem[X,0x0000000080001224] -> 0x1F13
mem[X,0x0000000080001226] -> 0x00BF
[1166] [M]: 0x0000000080001224 (0x00BF1F13) slli t5, t5, 0xb
x30 <- 0xFFEFC241BE7F4000

mem[X,0x0000000080001228] -> 0x0F13
mem[X,0x000000008000122A] -> 0x401F
[1167] [M]: 0x0000000080001228 (0x401F0F13) addi t5, t5, 0x401
x30 <- 0xFFEFC241BE7F4401

mem[X,0x000000008000122C] -> 0x1F13
mem[X,0x000000008000122E] -> 0x00AF
[1168] [M]: 0x000000008000122C (0x00AF1F13) slli t5, t5, 0xa
x30 <- 0xBF0906F9FD100400

mem[X,0x0000000080001230] -> 0x0F13
mem[X,0x0000000080001232] -> 0x308F
[1169] [M]: 0x0000000080001230 (0x308F0F13) addi t5, t5, 0x308
x30 <- 0xBF0906F9FD100708

mem[X,0x0000000080001234] -> 0x0EB7
mem[X,0x0000000080001236] -> 0x07C1
[1170] [M]: 0x0000000080001234 (0x07C10EB7) lui t4, 0x7c10
x29 <- 0x0000000007C10000

mem[X,0x0000000080001238] -> 0x8E93
mem[X,0x000000008000123A] -> 0x8F8E
[1171] [M]: 0x0000000080001238 (0x8F8E8E93) addi t4, t4, -0x708
x29 <- 0x0000000007C0F8F8

mem[X,0x000000008000123C] -> 0x9E93
mem[X,0x000000008000123E] -> 0x00BE
[1172] [M]: 0x000000008000123C (0x00BE9E93) slli t4, t4, 0xb
x29 <- 0x0000003E07C7C000

mem[X,0x0000000080001240] -> 0x8E93
mem[X,0x0000000080001242] -> 0x200E
[1173] [M]: 0x0000000080001240 (0x200E8E93) addi t4, t4, 0x200
x29 <- 0x0000003E07C7C200

mem[X,0x0000000080001244] -> 0x9E93
mem[X,0x0000000080001246] -> 0x00BE
[1174] [M]: 0x0000000080001244 (0x00BE9E93) slli t4, t4, 0xb
x29 <- 0x0001F03E3E100000

mem[X,0x0000000080001248] -> 0x8E93
mem[X,0x000000008000124A] -> 0x242E
[1175] [M]: 0x0000000080001248 (0x242E8E93) addi t4, t4, 0x242
x29 <- 0x0001F03E3E100242

mem[X,0x000000008000124C] -> 0x9E93
mem[X,0x000000008000124E] -> 0x00AE
[1176] [M]: 0x000000008000124C (0x00AE9E93) slli t4, t4, 0xa
x29 <- 0x07C0F8F840090800

mem[X,0x0000000080001250] -> 0x8E93
mem[X,0x0000000080001252] -> 0x110E
[1177] [M]: 0x0000000080001250 (0x110E8E93) addi t4, t4, 0x110
x29 <- 0x07C0F8F840090910

mem[X,0x0000000080001254] -> 0x0FBB
mem[X,0x0000000080001256] -> 0x95DF
[1178] [M]: 0x0000000080001254 (0x95DF0FBB) psadd.b t6, t5, t4
x31 <- 0xC6C9FEF13D191018

mem[X,0x0000000080001258] -> 0xBC23
mem[X,0x000000008000125A] -> 0x0FF0
[1179] [M]: 0x0000000080001258 (0x0FF0BC23) sd t6, 0xf8(ra)
mem[0x00000000800042E0] <- 0xC6C9FEF13D191018

mem[X,0x000000008000125C] -> 0xFF37
mem[X,0x000000008000125E] -> 0xBFFA
[1180] [M]: 0x000000008000125C (0xBFFAFF37) lui t5, -0x40051
x30 <- 0xFFFFFFFFBFFAF000

mem[X,0x0000000080001260] -> 0x0F13
mem[X,0x0000000080001262] -> 0xF7FF
[1181] [M]: 0x0000000080001260 (0xF7FF0F13) addi t5, t5, -0x81
x30 <- 0xFFFFFFFFBFFAEF7F

mem[X,0x0000000080001264] -> 0x1F13
mem[X,0x0000000080001266] -> 0x00BF
[1182] [M]: 0x0000000080001264 (0x00BF1F13) slli t5, t5, 0xb
x30 <- 0xFFFFFDFFD77BF800

mem[X,0x0000000080001268] -> 0x0F13
mem[X,0x000000008000126A] -> 0x200F
[1183] [M]: 0x0000000080001268 (0x200F0F13) addi t5, t5, 0x200
x30 <- 0xFFFFFDFFD77BFA00

mem[X,0x000000008000126C] -> 0x1F13
mem[X,0x000000008000126E] -> 0x00BF
[1184] [M]: 0x000000008000126C (0x00BF1F13) slli t5, t5, 0xb
x30 <- 0xFFEFFEBBDFD00000

mem[X,0x0000000080001270] -> 0x0F13
mem[X,0x0000000080001272] -> 0x000F
[1185] [M]: 0x0000000080001270 (0x000F0F13) addi t5, t5, 0x0
x30 <- 0xFFEFFEBBDFD00000

mem[X,0x0000000080001274] -> 0x1F13
mem[X,0x0000000080001276] -> 0x00AF
[1186] [M]: 0x0000000080001274 (0x00AF1F13) slli t5, t5, 0xa
x30 <- 0xBFFAEF7F40000000

mem[X,0x0000000080001278] -> 0x0F13
mem[X,0x000000008000127A] -> 0x220F
[1187] [M]: 0x0000000080001278 (0x220F0F13) addi t5, t5, 0x220
x30 <- 0xBFFAEF7F40000220

mem[X,0x000000008000127C] -> 0xCEB7
mem[X,0x000000008000127E] -> 0xF608
[1188] [M]: 0x000000008000127C (0xF608CEB7) lui t4, -0x9f74
x29 <- 0xFFFFFFFFF608C000

mem[X,0x0000000080001280] -> 0x8E93
mem[X,0x0000000080001282] -> 0x008E
[1189] [M]: 0x0000000080001280 (0x008E8E93) addi t4, t4, 0x8
x29 <- 0xFFFFFFFFF608C008

mem[X,0x0000000080001284] -> 0x9E93
mem[X,0x0000000080001286] -> 0x00BE
[1190] [M]: 0x0000000080001284 (0x00BE9E93) slli t4, t4, 0xb
x29 <- 0xFFFFFFB046004000

mem[X,0x0000000080001288] -> 0x8E93
mem[X,0x000000008000128A] -> 0x7E8E
[1191] [M]: 0x0000000080001288 (0x7E8E8E93) addi t4, t4, 0x7e8
x29 <- 0xFFFFFFB0460047E8

mem[X,0x000000008000128C] -> 0x9E93
mem[X,0x000000008000128E] -> 0x00BE
[1192] [M]: 0x000000008000128C (0x00BE9E93) slli t4, t4, 0xb
x29 <- 0xFFFD8230023F4000

mem[X,0x0000000080001290] -> 0x8E93
mem[X,0x0000000080001292] -> 0x160E
[1193] [M]: 0x0000000080001290 (0x160E8E93) addi t4, t4, 0x160
x29 <- 0xFFFD8230023F4160

mem[X,0x0000000080001294] -> 0x9E93
mem[X,0x0000000080001296] -> 0x00AE
[1194] [M]: 0x0000000080001294 (0x00AE9E93) slli t4, t4, 0xa
x29 <- 0xF608C008FD058000

mem[X,0x0000000080001298] -> 0x8E93
mem[X,0x000000008000129A] -> 0x0F6E
[1195] [M]: 0x0000000080001298 (0x0F6E8E93) addi t4, t4, 0xf6
x29 <- 0xF608C008FD0580F6

mem[X,0x000000008000129C] -> 0x0FBB
mem[X,0x000000008000129E] -> 0x95DF
[1196] [M]: 0x000000008000129C (0x95DF0FBB) psadd.b t6, t5, t4
x31 <- 0xB502AF7F3D058216

mem[X,0x00000000800012A0] -> 0xB023
mem[X,0x00000000800012A2] -> 0x11F0
[1197] [M]: 0x00000000800012A0 (0x11F0B023) sd t6, 0x100(ra)
mem[0x00000000800042E8] <- 0xB502AF7F3D058216

mem[X,0x00000000800012A4] -> 0x0F37
mem[X,0x00000000800012A6] -> 0x3F08
[1198] [M]: 0x00000000800012A4 (0x3F080F37) lui t5, 0x3f080
x30 <- 0x000000003F080000

mem[X,0x00000000800012A8] -> 0x0F13
mem[X,0x00000000800012AA] -> 0xA01F
[1199] [M]: 0x00000000800012A8 (0xA01F0F13) addi t5, t5, -0x5ff
x30 <- 0x000000003F07FA01

clint::tick mtime <- 0x000000000000000C
 clint timer pending at mtime 0x000000000000000C
htif::tick 0x0000000000000000
mem[X,0x00000000800012AC] -> 0x1F13
mem[X,0x00000000800012AE] -> 0x00BF
[1200] [M]: 0x00000000800012AC (0x00BF1F13) slli t5, t5, 0xb
x30 <- 0x000001F83FD00800

mem[X,0x00000000800012B0] -> 0x0F13
mem[X,0x00000000800012B2] -> 0x080F
[1201] [M]: 0x00000000800012B0 (0x080F0F13) addi t5, t5, 0x80
x30 <- 0x000001F83FD00880

mem[X,0x00000000800012B4] -> 0x1F13
mem[X,0x00000000800012B6] -> 0x00BF
[1202] [M]: 0x00000000800012B4 (0x00BF1F13) slli t5, t5, 0xb
x30 <- 0x000FC1FE80440000

mem[X,0x00000000800012B8] -> 0x0F13
mem[X,0x00000000800012BA] -> 0x100F
[1203] [M]: 0x00000000800012B8 (0x100F0F13) addi t5, t5, 0x100
x30 <- 0x000FC1FE80440100

mem[X,0x00000000800012BC] -> 0x1F13
mem[X,0x00000000800012BE] -> 0x00AF
[1204] [M]: 0x00000000800012BC (0x00AF1F13) slli t5, t5, 0xa
x30 <- 0x3F07FA0110040000

mem[X,0x00000000800012C0] -> 0x0F13
mem[X,0x00000000800012C2] -> 0x3FCF
[1205] [M]: 0x00000000800012C0 (0x3FCF0F13) addi t5, t5, 0x3fc
x30 <- 0x3F07FA01100403FC

mem[X,0x00000000800012C4] -> 0x0EB7
mem[X,0x00000000800012C6] -> 0xBF05
[1206] [M]: 0x00000000800012C4 (0xBF050EB7) lui t4, -0x40fb0
x29 <- 0xFFFFFFFFBF050000

mem[X,0x00000000800012C8] -> 0x8E93
mem[X,0x00000000800012CA] -> 0xFF7E
[1207] [M]: 0x00000000800012C8 (0xFF7E8E93) addi t4, t4, -0x9
x29 <- 0xFFFFFFFFBF04FFF7

mem[X,0x00000000800012CC] -> 0x9E93
mem[X,0x00000000800012CE] -> 0x00BE
[1208] [M]: 0x00000000800012CC (0x00BE9E93) slli t4, t4, 0xb
x29 <- 0xFFFFFDF827FFB800

mem[X,0x00000000800012D0] -> 0x8E93
mem[X,0x00000000800012D2] -> 0x03FE
[1209] [M]: 0x00000000800012D0 (0x03FE8E93) addi t4, t4, 0x3f
x29 <- 0xFFFFFDF827FFB83F

mem[X,0x00000000800012D4] -> 0x9E93
mem[X,0x00000000800012D6] -> 0x00BE
[1210] [M]: 0x00000000800012D4 (0x00BE9E93) slli t4, t4, 0xb
x29 <- 0xFFEFC13FFDC1F800

mem[X,0x00000000800012D8] -> 0x8E93
mem[X,0x00000000800012DA] -> 0x6FEE
[1211] [M]: 0x00000000800012D8 (0x6FEE8E93) addi t4, t4, 0x6fe
x29 <- 0xFFEFC13FFDC1FEFE

mem[X,0x00000000800012DC] -> 0x9E93
mem[X,0x00000000800012DE] -> 0x00AE
[1212] [M]: 0x00000000800012DC (0x00AE9E93) slli t4, t4, 0xa
x29 <- 0xBF04FFF707FBF800

mem[X,0x00000000800012E0] -> 0x8E93
mem[X,0x00000000800012E2] -> 0x007E
[1213] [M]: 0x00000000800012E0 (0x007E8E93) addi t4, t4, 0x7
x29 <- 0xBF04FFF707FBF807

mem[X,0x00000000800012E4] -> 0x0FBB
mem[X,0x00000000800012E6] -> 0x95DF
[1214] [M]: 0x00000000800012E4 (0x95DF0FBB) psadd.b t6, t5, t4
x31 <- 0xFE0BF9F817FFFB03

mem[X,0x00000000800012E8] -> 0xB423
mem[X,0x00000000800012EA] -> 0x11F0
[1215] [M]: 0x00000000800012E8 (0x11F0B423) sd t6, 0x108(ra)
mem[0x00000000800042F0] <- 0xFE0BF9F817FFFB03

mem[X,0x00000000800012EC] -> 0x2F37
mem[X,0x00000000800012EE] -> 0xC007
[1216] [M]: 0x00000000800012EC (0xC0072F37) lui t5, -0x3ff8e
x30 <- 0xFFFFFFFFC0072000

mem[X,0x00000000800012F0] -> 0x0F13
mem[X,0x00000000800012F2] -> 0x0FCF
[1217] [M]: 0x00000000800012F0 (0x0FCF0F13) addi t5, t5, 0xfc
x30 <- 0xFFFFFFFFC00720FC

mem[X,0x00000000800012F4] -> 0x1F13
mem[X,0x00000000800012F6] -> 0x00BF
[1218] [M]: 0x00000000800012F4 (0x00BF1F13) slli t5, t5, 0xb
x30 <- 0xFFFFFE003907E000

mem[X,0x00000000800012F8] -> 0x0F13
mem[X,0x00000000800012FA] -> 0x00FF
[1219] [M]: 0x00000000800012F8 (0x00FF0F13) addi t5, t5, 0xf
x30 <- 0xFFFFFE003907E00F

mem[X,0x00000000800012FC] -> 0x1F13
mem[X,0x00000000800012FE] -> 0x00BF
[1220] [M]: 0x00000000800012FC (0x00BF1F13) slli t5, t5, 0xb
x30 <- 0xFFF001C83F007800

mem[X,0x0000000080001300] -> 0x0F13
mem[X,0x0000000080001302] -> 0x6FFF
[1221] [M]: 0x0000000080001300 (0x6FFF0F13) addi t5, t5, 0x6ff
x30 <- 0xFFF001C83F007EFF

mem[X,0x0000000080001304] -> 0x1F13
mem[X,0x0000000080001306] -> 0x00AF
[1222] [M]: 0x0000000080001304 (0x00AF1F13) slli t5, t5, 0xa
x30 <- 0xC00720FC01FBFC00

mem[X,0x0000000080001308] -> 0x0F13
mem[X,0x000000008000130A] -> 0x33FF
[1223] [M]: 0x0000000080001308 (0x33FF0F13) addi t5, t5, 0x33f
x30 <- 0xC00720FC01FBFF3F

mem[X,0x000000008000130C] -> 0xCEB7
mem[X,0x000000008000130E] -> 0x0000
[1224] [M]: 0x000000008000130C (0x0000CEB7) lui t4, 0xc
x29 <- 0x000000000000C000

mem[X,0x0000000080001310] -> 0x8E93
mem[X,0x0000000080001312] -> 0x080E
[1225] [M]: 0x0000000080001310 (0x080E8E93) addi t4, t4, 0x80
x29 <- 0x000000000000C080

mem[X,0x0000000080001314] -> 0x9E93
mem[X,0x0000000080001316] -> 0x00BE
[1226] [M]: 0x0000000080001314 (0x00BE9E93) slli t4, t4, 0xb
x29 <- 0x0000000006040000

mem[X,0x0000000080001318] -> 0x8E93
mem[X,0x000000008000131A] -> 0x027E
[1227] [M]: 0x0000000080001318 (0x027E8E93) addi t4, t4, 0x27
x29 <- 0x0000000006040027

mem[X,0x000000008000131C] -> 0x9E93
mem[X,0x000000008000131E] -> 0x00BE
[1228] [M]: 0x000000008000131C (0x00BE9E93) slli t4, t4, 0xb
x29 <- 0x0000003020013800

mem[X,0x0000000080001320] -> 0x8E93
mem[X,0x0000000080001322] -> 0x7BEE
[1229] [M]: 0x0000000080001320 (0x7BEE8E93) addi t4, t4, 0x7be
x29 <- 0x0000003020013FBE

mem[X,0x0000000080001324] -> 0x9E93
mem[X,0x0000000080001326] -> 0x00AE
[1230] [M]: 0x0000000080001324 (0x00AE9E93) slli t4, t4, 0xa
x29 <- 0x0000C08004FEF800

mem[X,0x0000000080001328] -> 0x8E93
mem[X,0x000000008000132A] -> 0x300E
[1231] [M]: 0x0000000080001328 (0x300E8E93) addi t4, t4, 0x300
x29 <- 0x0000C08004FEFB00

mem[X,0x000000008000132C] -> 0x0FBB
mem[X,0x000000008000132E] -> 0x95DF
[1232] [M]: 0x000000008000132C (0x95DF0FBB) psadd.b t6, t5, t4
x31 <- 0xC007E08005F9FA3F

mem[X,0x0000000080001330] -> 0xB823
mem[X,0x0000000080001332] -> 0x11F0
[1233] [M]: 0x0000000080001330 (0x11F0B823) sd t6, 0x110(ra)
mem[0x00000000800042F8] <- 0xC007E08005F9FA3F

mem[X,0x0000000080001334] -> 0x0F37
mem[X,0x0000000080001336] -> 0x0440
[1234] [M]: 0x0000000080001334 (0x04400F37) lui t5, 0x4400
x30 <- 0x0000000004400000

mem[X,0x0000000080001338] -> 0x0F13
mem[X,0x000000008000133A] -> 0x27FF
[1235] [M]: 0x0000000080001338 (0x27FF0F13) addi t5, t5, 0x27f
x30 <- 0x000000000440027F

mem[X,0x000000008000133C] -> 0x1F13
mem[X,0x000000008000133E] -> 0x00BF
[1236] [M]: 0x000000008000133C (0x00BF1F13) slli t5, t5, 0xb
x30 <- 0x000000220013F800

mem[X,0x0000000080001340] -> 0x0F13
mem[X,0x0000000080001342] -> 0x018F
[1237] [M]: 0x0000000080001340 (0x018F0F13) addi t5, t5, 0x18
x30 <- 0x000000220013F818

mem[X,0x0000000080001344] -> 0x1F13
mem[X,0x0000000080001346] -> 0x00BF
[1238] [M]: 0x0000000080001344 (0x00BF1F13) slli t5, t5, 0xb
x30 <- 0x000110009FC0C000

mem[X,0x0000000080001348] -> 0x0F13
mem[X,0x000000008000134A] -> 0x23EF
[1239] [M]: 0x0000000080001348 (0x23EF0F13) addi t5, t5, 0x23e
x30 <- 0x000110009FC0C23E

mem[X,0x000000008000134C] -> 0x1F13
mem[X,0x000000008000134E] -> 0x00AF
[1240] [M]: 0x000000008000134C (0x00AF1F13) slli t5, t5, 0xa
x30 <- 0x0440027F0308F800

mem[X,0x0000000080001350] -> 0x0F13
mem[X,0x0000000080001352] -> 0x2FAF
[1241] [M]: 0x0000000080001350 (0x2FAF0F13) addi t5, t5, 0x2fa
x30 <- 0x0440027F0308FAFA

mem[X,0x0000000080001354] -> 0x4EB7
mem[X,0x0000000080001356] -> 0x5580
[1242] [M]: 0x0000000080001354 (0x55804EB7) lui t4, 0x55804
x29 <- 0x0000000055804000

mem[X,0x0000000080001358] -> 0x8E93
mem[X,0x000000008000135A] -> 0x0FFE
[1243] [M]: 0x0000000080001358 (0x0FFE8E93) addi t4, t4, 0xff
x29 <- 0x00000000558040FF

mem[X,0x000000008000135C] -> 0x9E93
mem[X,0x000000008000135E] -> 0x00BE
[1244] [M]: 0x000000008000135C (0x00BE9E93) slli t4, t4, 0xb
x29 <- 0x000002AC0207F800

mem[X,0x0000000080001360] -> 0x8E93
mem[X,0x0000000080001362] -> 0x407E
[1245] [M]: 0x0000000080001360 (0x407E8E93) addi t4, t4, 0x407
x29 <- 0x000002AC0207FC07

mem[X,0x0000000080001364] -> 0x9E93
mem[X,0x0000000080001366] -> 0x00BE
[1246] [M]: 0x0000000080001364 (0x00BE9E93) slli t4, t4, 0xb
x29 <- 0x001560103FE03800

mem[X,0x0000000080001368] -> 0x8E93
mem[X,0x000000008000136A] -> 0x7A0E
[1247] [M]: 0x0000000080001368 (0x7A0E8E93) addi t4, t4, 0x7a0
x29 <- 0x001560103FE03FA0

mem[X,0x000000008000136C] -> 0x9E93
mem[X,0x000000008000136E] -> 0x00AE
[1248] [M]: 0x000000008000136C (0x00AE9E93) slli t4, t4, 0xa
x29 <- 0x558040FF80FE8000

mem[X,0x0000000080001370] -> 0x8E93
mem[X,0x0000000080001372] -> 0x0FDE
[1249] [M]: 0x0000000080001370 (0x0FDE8E93) addi t4, t4, 0xfd
x29 <- 0x558040FF80FE80FD

mem[X,0x0000000080001374] -> 0x0FBB
mem[X,0x0000000080001376] -> 0x95DF
[1250] [M]: 0x0000000080001374 (0x95DF0FBB) psadd.b t6, t5, t4
x31 <- 0x59C0427E830680F7

mem[X,0x0000000080001378] -> 0xBC23
mem[X,0x000000008000137A] -> 0x11F0
[1251] [M]: 0x0000000080001378 (0x11F0BC23) sd t6, 0x118(ra)
mem[0x0000000080004300] <- 0x59C0427E830680F7

mem[X,0x000000008000137C] -> 0x0F37
mem[X,0x000000008000137E] -> 0xFF09
[1252] [M]: 0x000000008000137C (0xFF090F37) lui t5, -0xf70
x30 <- 0xFFFFFFFFFF090000

mem[X,0x0000000080001380] -> 0x0F13
mem[X,0x0000000080001382] -> 0xFFFF
[1253] [M]: 0x0000000080001380 (0xFFFF0F13) addi t5, t5, -0x1
x30 <- 0xFFFFFFFFFF08FFFF

mem[X,0x0000000080001384] -> 0x1F13
mem[X,0x0000000080001386] -> 0x00BF
[1254] [M]: 0x0000000080001384 (0x00BF1F13) slli t5, t5, 0xb
x30 <- 0xFFFFFFF847FFF800

mem[X,0x0000000080001388] -> 0x0F13
mem[X,0x000000008000138A] -> 0x018F
[1255] [M]: 0x0000000080001388 (0x018F0F13) addi t5, t5, 0x18
x30 <- 0xFFFFFFF847FFF818

mem[X,0x000000008000138C] -> 0x1F13
mem[X,0x000000008000138E] -> 0x00BF
[1256] [M]: 0x000000008000138C (0x00BF1F13) slli t5, t5, 0xb
x30 <- 0xFFFFC23FFFC0C000

mem[X,0x0000000080001390] -> 0x0F13
mem[X,0x0000000080001392] -> 0x100F
[1257] [M]: 0x0000000080001390 (0x100F0F13) addi t5, t5, 0x100
x30 <- 0xFFFFC23FFFC0C100

mem[X,0x0000000080001394] -> 0x1F13
mem[X,0x0000000080001396] -> 0x00AF
[1258] [M]: 0x0000000080001394 (0x00AF1F13) slli t5, t5, 0xa
x30 <- 0xFF08FFFF03040000

mem[X,0x0000000080001398] -> 0x0F13
mem[X,0x000000008000139A] -> 0x03FF
[1259] [M]: 0x0000000080001398 (0x03FF0F13) addi t5, t5, 0x3f
x30 <- 0xFF08FFFF0304003F

mem[X,0x000000008000139C] -> 0x0EB7
mem[X,0x000000008000139E] -> 0x06F0
[1260] [M]: 0x000000008000139C (0x06F00EB7) lui t4, 0x6f00
x29 <- 0x0000000006F00000

mem[X,0x00000000800013A0] -> 0x8E93
mem[X,0x00000000800013A2] -> 0x9F9E
[1261] [M]: 0x00000000800013A0 (0x9F9E8E93) addi t4, t4, -0x607
x29 <- 0x0000000006EFF9F9

mem[X,0x00000000800013A4] -> 0x9E93
mem[X,0x00000000800013A6] -> 0x00BE
[1262] [M]: 0x00000000800013A4 (0x00BE9E93) slli t4, t4, 0xb
x29 <- 0x000000377FCFC800

mem[X,0x00000000800013A8] -> 0x8E93
mem[X,0x00000000800013AA] -> 0x201E
[1263] [M]: 0x00000000800013A8 (0x201E8E93) addi t4, t4, 0x201
x29 <- 0x000000377FCFCA01

mem[X,0x00000000800013AC] -> 0x9E93
mem[X,0x00000000800013AE] -> 0x00BE
[1264] [M]: 0x00000000800013AC (0x00BE9E93) slli t4, t4, 0xb
x29 <- 0x0001BBFE7E500800

mem[X,0x00000000800013B0] -> 0x8E93
mem[X,0x00000000800013B2] -> 0x01FE
[1265] [M]: 0x00000000800013B0 (0x01FE8E93) addi t4, t4, 0x1f
x29 <- 0x0001BBFE7E50081F

mem[X,0x00000000800013B4] -> 0x9E93
mem[X,0x00000000800013B6] -> 0x00AE
[1266] [M]: 0x00000000800013B4 (0x00AE9E93) slli t4, t4, 0xa
x29 <- 0x06EFF9F940207C00

mem[X,0x00000000800013B8] -> 0x8E93
mem[X,0x00000000800013BA] -> 0x3EFE
[1267] [M]: 0x00000000800013B8 (0x3EFE8E93) addi t4, t4, 0x3ef
x29 <- 0x06EFF9F940207FEF

mem[X,0x00000000800013BC] -> 0x0FBB
mem[X,0x00000000800013BE] -> 0x95DF
[1268] [M]: 0x00000000800013BC (0x95DF0FBB) psadd.b t6, t5, t4
x31 <- 0x05F7F8F843247F2E

mem[X,0x00000000800013C0] -> 0xB023
mem[X,0x00000000800013C2] -> 0x13F0
[1269] [M]: 0x00000000800013C0 (0x13F0B023) sd t6, 0x120(ra)
mem[0x0000000080004308] <- 0x05F7F8F843247F2E

mem[X,0x00000000800013C4] -> 0xFF37
mem[X,0x00000000800013C6] -> 0xF8C0
[1270] [M]: 0x00000000800013C4 (0xF8C0FF37) lui t5, -0x73f1
x30 <- 0xFFFFFFFFF8C0F000

mem[X,0x00000000800013C8] -> 0x0F13
mem[X,0x00000000800013CA] -> 0xFAAF
[1271] [M]: 0x00000000800013C8 (0xFAAF0F13) addi t5, t5, -0x56
x30 <- 0xFFFFFFFFF8C0EFAA

mem[X,0x00000000800013CC] -> 0x1F13
mem[X,0x00000000800013CE] -> 0x00BF
[1272] [M]: 0x00000000800013CC (0x00BF1F13) slli t5, t5, 0xb
x30 <- 0xFFFFFFC6077D5000

mem[X,0x00000000800013D0] -> 0x0F13
mem[X,0x00000000800013D2] -> 0x031F
[1273] [M]: 0x00000000800013D0 (0x031F0F13) addi t5, t5, 0x31
x30 <- 0xFFFFFFC6077D5031

mem[X,0x00000000800013D4] -> 0x1F13
mem[X,0x00000000800013D6] -> 0x00BF
[1274] [M]: 0x00000000800013D4 (0x00BF1F13) slli t5, t5, 0xb
x30 <- 0xFFFE303BEA818800

mem[X,0x00000000800013D8] -> 0x0F13
mem[X,0x00000000800013DA] -> 0x02FF
[1275] [M]: 0x00000000800013D8 (0x02FF0F13) addi t5, t5, 0x2f
x30 <- 0xFFFE303BEA81882F

mem[X,0x00000000800013DC] -> 0x1F13
mem[X,0x00000000800013DE] -> 0x00AF
[1276] [M]: 0x00000000800013DC (0x00AF1F13) slli t5, t5, 0xa
x30 <- 0xF8C0EFAA0620BC00

mem[X,0x00000000800013E0] -> 0x0F13
mem[X,0x00000000800013E2] -> 0x340F
[1277] [M]: 0x00000000800013E0 (0x340F0F13) addi t5, t5, 0x340
x30 <- 0xF8C0EFAA0620BF40

mem[X,0x00000000800013E4] -> 0x0EB7
mem[X,0x00000000800013E6] -> 0xBF06
[1278] [M]: 0x00000000800013E4 (0xBF060EB7) lui t4, -0x40fa0
x29 <- 0xFFFFFFFFBF060000

mem[X,0x00000000800013E8] -> 0x8E93
mem[X,0x00000000800013EA] -> 0xC02E
[1279] [M]: 0x00000000800013E8 (0xC02E8E93) addi t4, t4, -0x3fe
x29 <- 0xFFFFFFFFBF05FC02

mem[X,0x00000000800013EC] -> 0x9E93
mem[X,0x00000000800013EE] -> 0x00BE
[1280] [M]: 0x00000000800013EC (0x00BE9E93) slli t4, t4, 0xb
x29 <- 0xFFFFFDF82FE01000

mem[X,0x00000000800013F0] -> 0x8E93
mem[X,0x00000000800013F2] -> 0x7F4E
[1281] [M]: 0x00000000800013F0 (0x7F4E8E93) addi t4, t4, 0x7f4
x29 <- 0xFFFFFDF82FE017F4

mem[X,0x00000000800013F4] -> 0x9E93
mem[X,0x00000000800013F6] -> 0x00BE
[1282] [M]: 0x00000000800013F4 (0x00BE9E93) slli t4, t4, 0xb
x29 <- 0xFFEFC17F00BFA000

mem[X,0x00000000800013F8] -> 0x8E93
mem[X,0x00000000800013FA] -> 0x01FE
[1283] [M]: 0x00000000800013F8 (0x01FE8E93) addi t4, t4, 0x1f
x29 <- 0xFFEFC17F00BFA01F

mem[X,0x00000000800013FC] -> 0x9E93
mem[X,0x00000000800013FE] -> 0x00AE
[1284] [M]: 0x00000000800013FC (0x00AE9E93) slli t4, t4, 0xa
x29 <- 0xBF05FC02FE807C00

mem[X,0x0000000080001400] -> 0x8E93
mem[X,0x0000000080001402] -> 0x3F8E
[1285] [M]: 0x0000000080001400 (0x3F8E8E93) addi t4, t4, 0x3f8
x29 <- 0xBF05FC02FE807FF8

mem[X,0x0000000080001404] -> 0x0FBB
mem[X,0x0000000080001406] -> 0x95DF
[1286] [M]: 0x0000000080001404 (0x95DF0FBB) psadd.b t6, t5, t4
x31 <- 0xB7C5EBAC04A03E38

mem[X,0x0000000080001408] -> 0xB423
mem[X,0x000000008000140A] -> 0x13F0
[1287] [M]: 0x0000000080001408 (0x13F0B423) sd t6, 0x128(ra)
mem[0x0000000080004310] <- 0xB7C5EBAC04A03E38

mem[X,0x000000008000140C] -> 0xFF37
mem[X,0x000000008000140E] -> 0xF9C0
[1288] [M]: 0x000000008000140C (0xF9C0FF37) lui t5, -0x63f1
x30 <- 0xFFFFFFFFF9C0F000

mem[X,0x0000000080001410] -> 0x0F13
mem[X,0x0000000080001412] -> 0x6C0F
[1289] [M]: 0x0000000080001410 (0x6C0F0F13) addi t5, t5, 0x6c0
x30 <- 0xFFFFFFFFF9C0F6C0

mem[X,0x0000000080001414] -> 0x1F13
mem[X,0x0000000080001416] -> 0x00BF
[1290] [M]: 0x0000000080001414 (0x00BF1F13) slli t5, t5, 0xb
x30 <- 0xFFFFFFCE07B60000

mem[X,0x0000000080001418] -> 0x0F13
mem[X,0x000000008000141A] -> 0x043F
[1291] [M]: 0x0000000080001418 (0x043F0F13) addi t5, t5, 0x43
x30 <- 0xFFFFFFCE07B60043

mem[X,0x000000008000141C] -> 0x1F13
mem[X,0x000000008000141E] -> 0x00BF
[1292] [M]: 0x000000008000141C (0x00BF1F13) slli t5, t5, 0xb
x30 <- 0xFFFE703DB0021800

mem[X,0x0000000080001420] -> 0x0F13
mem[X,0x0000000080001422] -> 0x7FFF
[1293] [M]: 0x0000000080001420 (0x7FFF0F13) addi t5, t5, 0x7ff
x30 <- 0xFFFE703DB0021FFF

mem[X,0x0000000080001424] -> 0x1F13
mem[X,0x0000000080001426] -> 0x00AF
[1294] [M]: 0x0000000080001424 (0x00AF1F13) slli t5, t5, 0xa
x30 <- 0xF9C0F6C0087FFC00

mem[X,0x0000000080001428] -> 0x0F13
mem[X,0x000000008000142A] -> 0x203F
[1295] [M]: 0x0000000080001428 (0x203F0F13) addi t5, t5, 0x203
x30 <- 0xF9C0F6C0087FFE03

mem[X,0x000000008000142C] -> 0xFEB7
mem[X,0x000000008000142E] -> 0xAAEF
[1296] [M]: 0x000000008000142C (0xAAEFFEB7) lui t4, -0x55101
x29 <- 0xFFFFFFFFAAEFF000

mem[X,0x0000000080001430] -> 0x8E93
mem[X,0x0000000080001432] -> 0x6BFE
[1297] [M]: 0x0000000080001430 (0x6BFE8E93) addi t4, t4, 0x6bf
x29 <- 0xFFFFFFFFAAEFF6BF

mem[X,0x0000000080001434] -> 0x9E93
mem[X,0x0000000080001436] -> 0x00BE
[1298] [M]: 0x0000000080001434 (0x00BE9E93) slli t4, t4, 0xb
x29 <- 0xFFFFFD577FB5F800

mem[X,0x0000000080001438] -> 0x8E93
mem[X,0x000000008000143A] -> 0x107E
[1299] [M]: 0x0000000080001438 (0x107E8E93) addi t4, t4, 0x107
x29 <- 0xFFFFFD577FB5F907

clint::tick mtime <- 0x000000000000000D
 clint timer pending at mtime 0x000000000000000D
htif::tick 0x0000000000000000
mem[X,0x000000008000143C] -> 0x9E93
mem[X,0x000000008000143E] -> 0x00BE
[1300] [M]: 0x000000008000143C (0x00BE9E93) slli t4, t4, 0xb
x29 <- 0xFFEABBFDAFC83800

mem[X,0x0000000080001440] -> 0x8E93
mem[X,0x0000000080001442] -> 0x581E
[1301] [M]: 0x0000000080001440 (0x581E8E93) addi t4, t4, 0x581
x29 <- 0xFFEABBFDAFC83D81

mem[X,0x0000000080001444] -> 0x9E93
mem[X,0x0000000080001446] -> 0x00AE
[1302] [M]: 0x0000000080001444 (0x00AE9E93) slli t4, t4, 0xa
x29 <- 0xAAEFF6BF20F60400

mem[X,0x0000000080001448] -> 0x8E93
mem[X,0x000000008000144A] -> 0x0F9E
[1303] [M]: 0x0000000080001448 (0x0F9E8E93) addi t4, t4, 0xf9
x29 <- 0xAAEFF6BF20F604F9

mem[X,0x000000008000144C] -> 0x0FBB
mem[X,0x000000008000144E] -> 0x95DF
[1304] [M]: 0x000000008000144C (0x95DF0FBB) psadd.b t6, t5, t4
x31 <- 0xA3AFEC80287502FC

mem[X,0x0000000080001450] -> 0xB823
mem[X,0x0000000080001452] -> 0x13F0
[1305] [M]: 0x0000000080001450 (0x13F0B823) sd t6, 0x130(ra)
mem[0x0000000080004318] <- 0xA3AFEC80287502FC

mem[X,0x0000000080001454] -> 0xEF37
mem[X,0x0000000080001456] -> 0xFFDF
[1306] [M]: 0x0000000080001454 (0xFFDFEF37) lui t5, -0x202
x30 <- 0xFFFFFFFFFFDFE000

mem[X,0x0000000080001458] -> 0x0F13
mem[X,0x000000008000145A] -> 0xF04F
[1307] [M]: 0x0000000080001458 (0xF04F0F13) addi t5, t5, -0xfc
x30 <- 0xFFFFFFFFFFDFDF04

mem[X,0x000000008000145C] -> 0x1F13
mem[X,0x000000008000145E] -> 0x00BF
[1308] [M]: 0x000000008000145C (0x00BF1F13) slli t5, t5, 0xb
x30 <- 0xFFFFFFFEFEF82000

mem[X,0x0000000080001460] -> 0x0F13
mem[X,0x0000000080001462] -> 0x046F
[1309] [M]: 0x0000000080001460 (0x046F0F13) addi t5, t5, 0x46
x30 <- 0xFFFFFFFEFEF82046

mem[X,0x0000000080001464] -> 0x1F13
mem[X,0x0000000080001466] -> 0x00BF
[1310] [M]: 0x0000000080001464 (0x00BF1F13) slli t5, t5, 0xb
x30 <- 0xFFFFF7F7C1023000

mem[X,0x0000000080001468] -> 0x0F13
mem[X,0x000000008000146A] -> 0x7F7F
[1311] [M]: 0x0000000080001468 (0x7F7F0F13) addi t5, t5, 0x7f7
x30 <- 0xFFFFF7F7C10237F7

mem[X,0x000000008000146C] -> 0x1F13
mem[X,0x000000008000146E] -> 0x00AF
[1312] [M]: 0x000000008000146C (0x00AF1F13) slli t5, t5, 0xa
x30 <- 0xFFDFDF0408DFDC00

mem[X,0x0000000080001470] -> 0x0F13
mem[X,0x0000000080001472] -> 0x3BFF
[1313] [M]: 0x0000000080001470 (0x3BFF0F13) addi t5, t5, 0x3bf
x30 <- 0xFFDFDF0408DFDFBF

mem[X,0x0000000080001474] -> 0x1EB7
mem[X,0x0000000080001476] -> 0x0909
[1314] [M]: 0x0000000080001474 (0x09091EB7) lui t4, 0x9091
x29 <- 0x0000000009091000

mem[X,0x0000000080001478] -> 0x8E93
mem[X,0x000000008000147A] -> 0x802E
[1315] [M]: 0x0000000080001478 (0x802E8E93) addi t4, t4, -0x7fe
x29 <- 0x0000000009090802

mem[X,0x000000008000147C] -> 0x9E93
mem[X,0x000000008000147E] -> 0x00BE
[1316] [M]: 0x000000008000147C (0x00BE9E93) slli t4, t4, 0xb
x29 <- 0x0000004848401000

mem[X,0x0000000080001480] -> 0x8E93
mem[X,0x0000000080001482] -> 0x7B1E
[1317] [M]: 0x0000000080001480 (0x7B1E8E93) addi t4, t4, 0x7b1
x29 <- 0x00000048484017B1

mem[X,0x0000000080001484] -> 0x9E93
mem[X,0x0000000080001486] -> 0x00BE
[1318] [M]: 0x0000000080001484 (0x00BE9E93) slli t4, t4, 0xb
x29 <- 0x0002424200BD8800

mem[X,0x0000000080001488] -> 0x8E93
mem[X,0x000000008000148A] -> 0x03BE
[1319] [M]: 0x0000000080001488 (0x03BE8E93) addi t4, t4, 0x3b
x29 <- 0x0002424200BD883B

mem[X,0x000000008000148C] -> 0x9E93
mem[X,0x000000008000148E] -> 0x00AE
[1320] [M]: 0x000000008000148C (0x00AE9E93) slli t4, t4, 0xa
x29 <- 0x09090802F620EC00

mem[X,0x0000000080001490] -> 0x8E93
mem[X,0x0000000080001492] -> 0x302E
[1321] [M]: 0x0000000080001490 (0x302E8E93) addi t4, t4, 0x302
x29 <- 0x09090802F620EF02

mem[X,0x0000000080001494] -> 0x0FBB
mem[X,0x0000000080001496] -> 0x95DF
[1322] [M]: 0x0000000080001494 (0x95DF0FBB) psadd.b t6, t5, t4
x31 <- 0x08E8E706FEFFCEC1

mem[X,0x0000000080001498] -> 0xBC23
mem[X,0x000000008000149A] -> 0x13F0
[1323] [M]: 0x0000000080001498 (0x13F0BC23) sd t6, 0x138(ra)
mem[0x0000000080004320] <- 0x08E8E706FEFFCEC1

mem[X,0x000000008000149C] -> 0x0F37
mem[X,0x000000008000149E] -> 0xFA20
[1324] [M]: 0x000000008000149C (0xFA200F37) lui t5, -0x5e00
x30 <- 0xFFFFFFFFFA200000

mem[X,0x00000000800014A0] -> 0x0F13
mem[X,0x00000000800014A2] -> 0x704F
[1325] [M]: 0x00000000800014A0 (0x704F0F13) addi t5, t5, 0x704
x30 <- 0xFFFFFFFFFA200704

mem[X,0x00000000800014A4] -> 0x1F13
mem[X,0x00000000800014A6] -> 0x00BF
[1326] [M]: 0x00000000800014A4 (0x00BF1F13) slli t5, t5, 0xb
x30 <- 0xFFFFFFD100382000

mem[X,0x00000000800014A8] -> 0x0F13
mem[X,0x00000000800014AA] -> 0x7BFF
[1327] [M]: 0x00000000800014A8 (0x7BFF0F13) addi t5, t5, 0x7bf
x30 <- 0xFFFFFFD1003827BF

mem[X,0x00000000800014AC] -> 0x1F13
mem[X,0x00000000800014AE] -> 0x00BF
[1328] [M]: 0x00000000800014AC (0x00BF1F13) slli t5, t5, 0xb
x30 <- 0xFFFE8801C13DF800

mem[X,0x00000000800014B0] -> 0x0F13
mem[X,0x00000000800014B2] -> 0x7CFF
[1329] [M]: 0x00000000800014B0 (0x7CFF0F13) addi t5, t5, 0x7cf
x30 <- 0xFFFE8801C13DFFCF

mem[X,0x00000000800014B4] -> 0x1F13
mem[X,0x00000000800014B6] -> 0x00AF
[1330] [M]: 0x00000000800014B4 (0x00AF1F13) slli t5, t5, 0xa
x30 <- 0xFA200704F7FF3C00

mem[X,0x00000000800014B8] -> 0x0F13
mem[X,0x00000000800014BA] -> 0x33FF
[1331] [M]: 0x00000000800014B8 (0x33FF0F13) addi t5, t5, 0x33f
x30 <- 0xFA200704F7FF3F3F

mem[X,0x00000000800014BC] -> 0x0EB7
mem[X,0x00000000800014BE] -> 0x1002
[1332] [M]: 0x00000000800014BC (0x10020EB7) lui t4, 0x10020
x29 <- 0x0000000010020000

mem[X,0x00000000800014C0] -> 0x8E93
mem[X,0x00000000800014C2] -> 0xA09E
[1333] [M]: 0x00000000800014C0 (0xA09E8E93) addi t4, t4, -0x5f7
x29 <- 0x000000001001FA09

mem[X,0x00000000800014C4] -> 0x9E93
mem[X,0x00000000800014C6] -> 0x00BE
[1334] [M]: 0x00000000800014C4 (0x00BE9E93) slli t4, t4, 0xb
x29 <- 0x000000800FD04800

mem[X,0x00000000800014C8] -> 0x8E93
mem[X,0x00000000800014CA] -> 0x04BE
[1335] [M]: 0x00000000800014C8 (0x04BE8E93) addi t4, t4, 0x4b
x29 <- 0x000000800FD0484B

mem[X,0x00000000800014CC] -> 0x9E93
mem[X,0x00000000800014CE] -> 0x00BE
[1336] [M]: 0x00000000800014CC (0x00BE9E93) slli t4, t4, 0xb
x29 <- 0x0004007E82425800

mem[X,0x00000000800014D0] -> 0x8E93
mem[X,0x00000000800014D2] -> 0x7FEE
[1337] [M]: 0x00000000800014D0 (0x7FEE8E93) addi t4, t4, 0x7fe
x29 <- 0x0004007E82425FFE

mem[X,0x00000000800014D4] -> 0x9E93
mem[X,0x00000000800014D6] -> 0x00AE
[1338] [M]: 0x00000000800014D4 (0x00AE9E93) slli t4, t4, 0xa
x29 <- 0x1001FA09097FF800

mem[X,0x00000000800014D8] -> 0x8E93
mem[X,0x00000000800014DA] -> 0x1FEE
[1339] [M]: 0x00000000800014D8 (0x1FEE8E93) addi t4, t4, 0x1fe
x29 <- 0x1001FA09097FF9FE

mem[X,0x00000000800014DC] -> 0x0FBB
mem[X,0x00000000800014DE] -> 0x95DF
[1340] [M]: 0x00000000800014DC (0x95DF0FBB) psadd.b t6, t5, t4
x31 <- 0x0A21010D007E383D

mem[X,0x00000000800014E0] -> 0xB023
mem[X,0x00000000800014E2] -> 0x15F0
[1341] [M]: 0x00000000800014E0 (0x15F0B023) sd t6, 0x140(ra)
mem[0x0000000080004328] <- 0x0A21010D007E383D

mem[X,0x00000000800014E4] -> 0x1F37
mem[X,0x00000000800014E6] -> 0xBF06
[1342] [M]: 0x00000000800014E4 (0xBF061F37) lui t5, -0x40f9f
x30 <- 0xFFFFFFFFBF061000

mem[X,0x00000000800014E8] -> 0x0F13
mem[X,0x00000000800014EA] -> 0x9F6F
[1343] [M]: 0x00000000800014E8 (0x9F6F0F13) addi t5, t5, -0x60a
x30 <- 0xFFFFFFFFBF0609F6

mem[X,0x00000000800014EC] -> 0x1F13
mem[X,0x00000000800014EE] -> 0x00BF
[1344] [M]: 0x00000000800014EC (0x00BF1F13) slli t5, t5, 0xb
x30 <- 0xFFFFFDF8304FB000

mem[X,0x00000000800014F0] -> 0x0F13
mem[X,0x00000000800014F2] -> 0x7DFF
[1345] [M]: 0x00000000800014F0 (0x7DFF0F13) addi t5, t5, 0x7df
x30 <- 0xFFFFFDF8304FB7DF

mem[X,0x00000000800014F4] -> 0x1F13
mem[X,0x00000000800014F6] -> 0x00BF
[1346] [M]: 0x00000000800014F4 (0x00BF1F13) slli t5, t5, 0xb
x30 <- 0xFFEFC1827DBEF800

mem[X,0x00000000800014F8] -> 0x0F13
mem[X,0x00000000800014FA] -> 0x77EF
[1347] [M]: 0x00000000800014F8 (0x77EF0F13) addi t5, t5, 0x77e
x30 <- 0xFFEFC1827DBEFF7E

mem[X,0x00000000800014FC] -> 0x1F13
mem[X,0x00000000800014FE] -> 0x00AF
[1348] [M]: 0x00000000800014FC (0x00AF1F13) slli t5, t5, 0xa
x30 <- 0xBF0609F6FBFDF800

mem[X,0x0000000080001500] -> 0x0F13
mem[X,0x0000000080001502] -> 0x3DFF
[1349] [M]: 0x0000000080001500 (0x3DFF0F13) addi t5, t5, 0x3df
x30 <- 0xBF0609F6FBFDFBDF

mem[X,0x0000000080001504] -> 0x0EB7
mem[X,0x0000000080001506] -> 0xFF80
[1350] [M]: 0x0000000080001504 (0xFF800EB7) lui t4, -0x800
x29 <- 0xFFFFFFFFFF800000

mem[X,0x0000000080001508] -> 0x8E93
mem[X,0x000000008000150A] -> 0x4F6E
[1351] [M]: 0x0000000080001508 (0x4F6E8E93) addi t4, t4, 0x4f6
x29 <- 0xFFFFFFFFFF8004F6

mem[X,0x000000008000150C] -> 0x9E93
mem[X,0x000000008000150E] -> 0x00BE
[1352] [M]: 0x000000008000150C (0x00BE9E93) slli t4, t4, 0xb
x29 <- 0xFFFFFFFC0027B000

mem[X,0x0000000080001510] -> 0x8E93
mem[X,0x0000000080001512] -> 0x100E
[1353] [M]: 0x0000000080001510 (0x100E8E93) addi t4, t4, 0x100
x29 <- 0xFFFFFFFC0027B100

mem[X,0x0000000080001514] -> 0x9E93
mem[X,0x0000000080001516] -> 0x00BE
[1354] [M]: 0x0000000080001514 (0x00BE9E93) slli t4, t4, 0xb
x29 <- 0xFFFFE0013D880000

mem[X,0x0000000080001518] -> 0x8E93
mem[X,0x000000008000151A] -> 0x100E
[1355] [M]: 0x0000000080001518 (0x100E8E93) addi t4, t4, 0x100
x29 <- 0xFFFFE0013D880100

mem[X,0x000000008000151C] -> 0x9E93
mem[X,0x000000008000151E] -> 0x00AE
[1356] [M]: 0x000000008000151C (0x00AE9E93) slli t4, t4, 0xa
x29 <- 0xFF8004F620040000

mem[X,0x0000000080001520] -> 0x8E93
mem[X,0x0000000080001522] -> 0x101E
[1357] [M]: 0x0000000080001520 (0x101E8E93) addi t4, t4, 0x101
x29 <- 0xFF8004F620040101

mem[X,0x0000000080001524] -> 0x0FBB
mem[X,0x0000000080001526] -> 0x95DF
[1358] [M]: 0x0000000080001524 (0x95DF0FBB) psadd.b t6, t5, t4
x31 <- 0xBE860DEC1B01FCE0

mem[X,0x0000000080001528] -> 0xB423
mem[X,0x000000008000152A] -> 0x15F0
[1359] [M]: 0x0000000080001528 (0x15F0B423) sd t6, 0x148(ra)
mem[0x0000000080004330] <- 0xBE860DEC1B01FCE0

mem[X,0x000000008000152C] -> 0x0F37
mem[X,0x000000008000152E] -> 0x3F04
[1360] [M]: 0x000000008000152C (0x3F040F37) lui t5, 0x3f040
x30 <- 0x000000003F040000

mem[X,0x0000000080001530] -> 0x0F13
mem[X,0x0000000080001532] -> 0x87FF
[1361] [M]: 0x0000000080001530 (0x87FF0F13) addi t5, t5, -0x781
x30 <- 0x000000003F03F87F

mem[X,0x0000000080001534] -> 0x1F13
mem[X,0x0000000080001536] -> 0x00BF
[1362] [M]: 0x0000000080001534 (0x00BF1F13) slli t5, t5, 0xb
x30 <- 0x000001F81FC3F800

mem[X,0x0000000080001538] -> 0x0F13
mem[X,0x000000008000153A] -> 0x552F
[1363] [M]: 0x0000000080001538 (0x552F0F13) addi t5, t5, 0x552
x30 <- 0x000001F81FC3FD52

mem[X,0x000000008000153C] -> 0x1F13
mem[X,0x000000008000153E] -> 0x00BF
[1364] [M]: 0x000000008000153C (0x00BF1F13) slli t5, t5, 0xb
x30 <- 0x000FC0FE1FEA9000

mem[X,0x0000000080001540] -> 0x0F13
mem[X,0x0000000080001542] -> 0x03EF
[1365] [M]: 0x0000000080001540 (0x03EF0F13) addi t5, t5, 0x3e
x30 <- 0x000FC0FE1FEA903E

mem[X,0x0000000080001544] -> 0x1F13
mem[X,0x0000000080001546] -> 0x00AF
[1366] [M]: 0x0000000080001544 (0x00AF1F13) slli t5, t5, 0xa
x30 <- 0x3F03F87FAA40F800

mem[X,0x0000000080001548] -> 0x0F13
mem[X,0x000000008000154A] -> 0x2FFF
[1367] [M]: 0x0000000080001548 (0x2FFF0F13) addi t5, t5, 0x2ff
x30 <- 0x3F03F87FAA40FAFF

mem[X,0x000000008000154C] -> 0x0EB7
mem[X,0x000000008000154E] -> 0x3FC0
[1368] [M]: 0x000000008000154C (0x3FC00EB7) lui t4, 0x3fc00
x29 <- 0x000000003FC00000

mem[X,0x0000000080001550] -> 0x8E93
mem[X,0x0000000080001552] -> 0x940E
[1369] [M]: 0x0000000080001550 (0x940E8E93) addi t4, t4, -0x6c0
x29 <- 0x000000003FBFF940

mem[X,0x0000000080001554] -> 0x9E93
mem[X,0x0000000080001556] -> 0x00BE
[1370] [M]: 0x0000000080001554 (0x00BE9E93) slli t4, t4, 0xb
x29 <- 0x000001FDFFCA0000

mem[X,0x0000000080001558] -> 0x8E93
mem[X,0x000000008000155A] -> 0x037E
[1371] [M]: 0x0000000080001558 (0x037E8E93) addi t4, t4, 0x37
x29 <- 0x000001FDFFCA0037

mem[X,0x000000008000155C] -> 0x9E93
mem[X,0x000000008000155E] -> 0x00BE
[1372] [M]: 0x000000008000155C (0x00BE9E93) slli t4, t4, 0xb
x29 <- 0x000FEFFE5001B800

mem[X,0x0000000080001560] -> 0x8E93
mem[X,0x0000000080001562] -> 0x76AE
[1373] [M]: 0x0000000080001560 (0x76AE8E93) addi t4, t4, 0x76a
x29 <- 0x000FEFFE5001BF6A

mem[X,0x0000000080001564] -> 0x9E93
mem[X,0x0000000080001566] -> 0x00AE
[1374] [M]: 0x0000000080001564 (0x00AE9E93) slli t4, t4, 0xa
x29 <- 0x3FBFF94006FDA800

mem[X,0x0000000080001568] -> 0x8E93
mem[X,0x000000008000156A] -> 0x2FAE
[1375] [M]: 0x0000000080001568 (0x2FAE8E93) addi t4, t4, 0x2fa
x29 <- 0x3FBFF94006FDAAFA

mem[X,0x000000008000156C] -> 0x0FBB
mem[X,0x000000008000156E] -> 0x95DF
[1376] [M]: 0x000000008000156C (0x95DF0FBB) psadd.b t6, t5, t4
x31 <- 0x7EC2F17FB03DA4F9

mem[X,0x0000000080001570] -> 0xB823
mem[X,0x0000000080001572] -> 0x15F0
[1377] [M]: 0x0000000080001570 (0x15F0B823) sd t6, 0x150(ra)
mem[0x0000000080004338] <- 0x7EC2F17FB03DA4F9

mem[X,0x0000000080001574] -> 0x0F37
mem[X,0x0000000080001576] -> 0x4011
[1378] [M]: 0x0000000080001574 (0x40110F37) lui t5, 0x40110
x30 <- 0x0000000040110000

mem[X,0x0000000080001578] -> 0x0F13
mem[X,0x000000008000157A] -> 0xDBFF
[1379] [M]: 0x0000000080001578 (0xDBFF0F13) addi t5, t5, -0x241
x30 <- 0x000000004010FDBF

mem[X,0x000000008000157C] -> 0x1F13
mem[X,0x000000008000157E] -> 0x00BF
[1380] [M]: 0x000000008000157C (0x00BF1F13) slli t5, t5, 0xb
x30 <- 0x0000020087EDF800

mem[X,0x0000000080001580] -> 0x0F13
mem[X,0x0000000080001582] -> 0x030F
[1381] [M]: 0x0000000080001580 (0x030F0F13) addi t5, t5, 0x30
x30 <- 0x0000020087EDF830

mem[X,0x0000000080001584] -> 0x1F13
mem[X,0x0000000080001586] -> 0x00BF
[1382] [M]: 0x0000000080001584 (0x00BF1F13) slli t5, t5, 0xb
x30 <- 0x0010043F6FC18000

mem[X,0x0000000080001588] -> 0x0F13
mem[X,0x000000008000158A] -> 0x1FEF
[1383] [M]: 0x0000000080001588 (0x1FEF0F13) addi t5, t5, 0x1fe
x30 <- 0x0010043F6FC181FE

mem[X,0x000000008000158C] -> 0x1F13
mem[X,0x000000008000158E] -> 0x00AF
[1384] [M]: 0x000000008000158C (0x00AF1F13) slli t5, t5, 0xa
x30 <- 0x4010FDBF0607F800

mem[X,0x0000000080001590] -> 0x0F13
mem[X,0x0000000080001592] -> 0x3F6F
[1385] [M]: 0x0000000080001590 (0x3F6F0F13) addi t5, t5, 0x3f6
x30 <- 0x4010FDBF0607FBF6

mem[X,0x0000000080001594] -> 0x0EB7
mem[X,0x0000000080001596] -> 0xFF09
[1386] [M]: 0x0000000080001594 (0xFF090EB7) lui t4, -0xf70
x29 <- 0xFFFFFFFFFF090000

mem[X,0x0000000080001598] -> 0x8E93
mem[X,0x000000008000159A] -> 0x300E
[1387] [M]: 0x0000000080001598 (0x300E8E93) addi t4, t4, 0x300
x29 <- 0xFFFFFFFFFF090300

mem[X,0x000000008000159C] -> 0x9E93
mem[X,0x000000008000159E] -> 0x00BE
[1388] [M]: 0x000000008000159C (0x00BE9E93) slli t4, t4, 0xb
x29 <- 0xFFFFFFF848180000

mem[X,0x00000000800015A0] -> 0x8E93
mem[X,0x00000000800015A2] -> 0x3F8E
[1389] [M]: 0x00000000800015A0 (0x3F8E8E93) addi t4, t4, 0x3f8
x29 <- 0xFFFFFFF8481803F8

mem[X,0x00000000800015A4] -> 0x9E93
mem[X,0x00000000800015A6] -> 0x00BE
[1390] [M]: 0x00000000800015A4 (0x00BE9E93) slli t4, t4, 0xb
x29 <- 0xFFFFC240C01FC000

mem[X,0x00000000800015A8] -> 0x8E93
mem[X,0x00000000800015AA] -> 0x1C2E
[1391] [M]: 0x00000000800015A8 (0x1C2E8E93) addi t4, t4, 0x1c2
x29 <- 0xFFFFC240C01FC1C2

mem[X,0x00000000800015AC] -> 0x9E93
mem[X,0x00000000800015AE] -> 0x00AE
[1392] [M]: 0x00000000800015AC (0x00AE9E93) slli t4, t4, 0xa
x29 <- 0xFF0903007F070800

mem[X,0x00000000800015B0] -> 0x8E93
mem[X,0x00000000800015B2] -> 0x0FEE
[1393] [M]: 0x00000000800015B0 (0x0FEE8E93) addi t4, t4, 0xfe
x29 <- 0xFF0903007F0708FE

mem[X,0x00000000800015B4] -> 0x0FBB
mem[X,0x00000000800015B6] -> 0x95DF
[1394] [M]: 0x00000000800015B4 (0x95DF0FBB) psadd.b t6, t5, t4
x31 <- 0x3F1900BF7F0E03F4

mem[X,0x00000000800015B8] -> 0xBC23
mem[X,0x00000000800015BA] -> 0x15F0
[1395] [M]: 0x00000000800015B8 (0x15F0BC23) sd t6, 0x158(ra)
mem[0x0000000080004340] <- 0x3F1900BF7F0E03F4

mem[X,0x00000000800015BC] -> 0x0F37
mem[X,0x00000000800015BE] -> 0xFBF9
[1396] [M]: 0x00000000800015BC (0xFBF90F37) lui t5, -0x4070
x30 <- 0xFFFFFFFFFBF90000

mem[X,0x00000000800015C0] -> 0x0F13
mem[X,0x00000000800015C2] -> 0x110F
[1397] [M]: 0x00000000800015C0 (0x110F0F13) addi t5, t5, 0x110
x30 <- 0xFFFFFFFFFBF90110

mem[X,0x00000000800015C4] -> 0x1F13
mem[X,0x00000000800015C6] -> 0x00BF
[1398] [M]: 0x00000000800015C4 (0x00BF1F13) slli t5, t5, 0xb
x30 <- 0xFFFFFFDFC8088000

mem[X,0x00000000800015C8] -> 0x0F13
mem[X,0x00000000800015CA] -> 0x028F
[1399] [M]: 0x00000000800015C8 (0x028F0F13) addi t5, t5, 0x28
x30 <- 0xFFFFFFDFC8088028

clint::tick mtime <- 0x000000000000000E
 clint timer pending at mtime 0x000000000000000E
htif::tick 0x0000000000000000
mem[X,0x00000000800015CC] -> 0x1F13
mem[X,0x00000000800015CE] -> 0x00BF
[1400] [M]: 0x00000000800015CC (0x00BF1F13) slli t5, t5, 0xb
x30 <- 0xFFFEFE4044014000

mem[X,0x00000000800015D0] -> 0x0F13
mem[X,0x00000000800015D2] -> 0x16FF
[1401] [M]: 0x00000000800015D0 (0x16FF0F13) addi t5, t5, 0x16f
x30 <- 0xFFFEFE404401416F

mem[X,0x00000000800015D4] -> 0x1F13
mem[X,0x00000000800015D6] -> 0x00AF
[1402] [M]: 0x00000000800015D4 (0x00AF1F13) slli t5, t5, 0xa
x30 <- 0xFBF901100505BC00

mem[X,0x00000000800015D8] -> 0x0F13
mem[X,0x00000000800015DA] -> 0x33FF
[1403] [M]: 0x00000000800015D8 (0x33FF0F13) addi t5, t5, 0x33f
x30 <- 0xFBF901100505BF3F

mem[X,0x00000000800015DC] -> 0x0EB7
mem[X,0x00000000800015DE] -> 0x0402
[1404] [M]: 0x00000000800015DC (0x04020EB7) lui t4, 0x4020
x29 <- 0x0000000004020000

mem[X,0x00000000800015E0] -> 0x8E93
mem[X,0x00000000800015E2] -> 0x2FEE
[1405] [M]: 0x00000000800015E0 (0x2FEE8E93) addi t4, t4, 0x2fe
x29 <- 0x00000000040202FE

mem[X,0x00000000800015E4] -> 0x9E93
mem[X,0x00000000800015E6] -> 0x00BE
[1406] [M]: 0x00000000800015E4 (0x00BE9E93) slli t4, t4, 0xb
x29 <- 0x000000201017F000

mem[X,0x00000000800015E8] -> 0x8E93
mem[X,0x00000000800015EA] -> 0x550E
[1407] [M]: 0x00000000800015E8 (0x550E8E93) addi t4, t4, 0x550
x29 <- 0x000000201017F550

mem[X,0x00000000800015EC] -> 0x9E93
mem[X,0x00000000800015EE] -> 0x00BE
[1408] [M]: 0x00000000800015EC (0x00BE9E93) slli t4, t4, 0xb
x29 <- 0x00010080BFAA8000

mem[X,0x00000000800015F0] -> 0x8E93
mem[X,0x00000000800015F2] -> 0x001E
[1409] [M]: 0x00000000800015F0 (0x001E8E93) addi t4, t4, 0x1
x29 <- 0x00010080BFAA8001

mem[X,0x00000000800015F4] -> 0x9E93
mem[X,0x00000000800015F6] -> 0x00AE
[1410] [M]: 0x00000000800015F4 (0x00AE9E93) slli t4, t4, 0xa
x29 <- 0x040202FEAA000400

mem[X,0x00000000800015F8] -> 0x8E93
mem[X,0x00000000800015FA] -> 0x255E
[1411] [M]: 0x00000000800015F8 (0x255E8E93) addi t4, t4, 0x255
x29 <- 0x040202FEAA000655

mem[X,0x00000000800015FC] -> 0x0FBB
mem[X,0x00000000800015FE] -> 0x95DF
[1412] [M]: 0x00000000800015FC (0x95DF0FBB) psadd.b t6, t5, t4
x31 <- 0xFFFB030EAF05C57F

mem[X,0x0000000080001600] -> 0xB023
mem[X,0x0000000080001602] -> 0x17F0
[1413] [M]: 0x0000000080001600 (0x17F0B023) sd t6, 0x160(ra)
mem[0x0000000080004348] <- 0xFFFB030EAF05C57F

mem[X,0x0000000080001604] -> 0x0F37
mem[X,0x0000000080001606] -> 0x0703
[1414] [M]: 0x0000000080001604 (0x07030F37) lui t5, 0x7030
x30 <- 0x0000000007030000

mem[X,0x0000000080001608] -> 0x0F13
mem[X,0x000000008000160A] -> 0xFFDF
[1415] [M]: 0x0000000080001608 (0xFFDF0F13) addi t5, t5, -0x3
x30 <- 0x000000000702FFFD

mem[X,0x000000008000160C] -> 0x1F13
mem[X,0x000000008000160E] -> 0x00BF
[1416] [M]: 0x000000008000160C (0x00BF1F13) slli t5, t5, 0xb
x30 <- 0x0000003817FFE800

mem[X,0x0000000080001610] -> 0x0F13
mem[X,0x0000000080001612] -> 0x7E6F
[1417] [M]: 0x0000000080001610 (0x7E6F0F13) addi t5, t5, 0x7e6
x30 <- 0x0000003817FFEFE6

mem[X,0x0000000080001614] -> 0x1F13
mem[X,0x0000000080001616] -> 0x00BF
[1418] [M]: 0x0000000080001614 (0x00BF1F13) slli t5, t5, 0xb
x30 <- 0x0001C0BFFF7F3000

mem[X,0x0000000080001618] -> 0x0F13
mem[X,0x000000008000161A] -> 0x01FF
[1419] [M]: 0x0000000080001618 (0x01FF0F13) addi t5, t5, 0x1f
x30 <- 0x0001C0BFFF7F301F

mem[X,0x000000008000161C] -> 0x1F13
mem[X,0x000000008000161E] -> 0x00AF
[1420] [M]: 0x000000008000161C (0x00AF1F13) slli t5, t5, 0xa
x30 <- 0x0702FFFDFCC07C00

mem[X,0x0000000080001620] -> 0x0F13
mem[X,0x0000000080001622] -> 0x3FDF
[1421] [M]: 0x0000000080001620 (0x3FDF0F13) addi t5, t5, 0x3fd
x30 <- 0x0702FFFDFCC07FFD

mem[X,0x0000000080001624] -> 0x4EB7
mem[X,0x0000000080001626] -> 0x55F7
[1422] [M]: 0x0000000080001624 (0x55F74EB7) lui t4, 0x55f74
x29 <- 0x0000000055F74000

mem[X,0x0000000080001628] -> 0x8E93
mem[X,0x000000008000162A] -> 0x0F8E
[1423] [M]: 0x0000000080001628 (0x0F8E8E93) addi t4, t4, 0xf8
x29 <- 0x0000000055F740F8

mem[X,0x000000008000162C] -> 0x9E93
mem[X,0x000000008000162E] -> 0x00BE
[1424] [M]: 0x000000008000162C (0x00BE9E93) slli t4, t4, 0xb
x29 <- 0x000002AFBA07C000

mem[X,0x0000000080001630] -> 0x8E93
mem[X,0x0000000080001632] -> 0x77FE
[1425] [M]: 0x0000000080001630 (0x77FE8E93) addi t4, t4, 0x77f
x29 <- 0x000002AFBA07C77F

mem[X,0x0000000080001634] -> 0x9E93
mem[X,0x0000000080001636] -> 0x00BE
[1426] [M]: 0x0000000080001634 (0x00BE9E93) slli t4, t4, 0xb
x29 <- 0x00157DD03E3BF800

mem[X,0x0000000080001638] -> 0x8E93
mem[X,0x000000008000163A] -> 0x63FE
[1427] [M]: 0x0000000080001638 (0x63FE8E93) addi t4, t4, 0x63f
x29 <- 0x00157DD03E3BFE3F

mem[X,0x000000008000163C] -> 0x9E93
mem[X,0x000000008000163E] -> 0x00AE
[1428] [M]: 0x000000008000163C (0x00AE9E93) slli t4, t4, 0xa
x29 <- 0x55F740F8EFF8FC00

mem[X,0x0000000080001640] -> 0x8E93
mem[X,0x0000000080001642] -> 0x2C0E
[1429] [M]: 0x0000000080001640 (0x2C0E8E93) addi t4, t4, 0x2c0
x29 <- 0x55F740F8EFF8FEC0

mem[X,0x0000000080001644] -> 0x0FBB
mem[X,0x0000000080001646] -> 0x95DF
[1430] [M]: 0x0000000080001644 (0x95DF0FBB) psadd.b t6, t5, t4
x31 <- 0x5CF93FF5EBB87DBD

mem[X,0x0000000080001648] -> 0xB423
mem[X,0x000000008000164A] -> 0x17F0
[1431] [M]: 0x0000000080001648 (0x17F0B423) sd t6, 0x168(ra)
mem[0x0000000080004350] <- 0x5CF93FF5EBB87DBD

mem[X,0x000000008000164C] -> 0x4F37
mem[X,0x000000008000164E] -> 0xEF7F
[1432] [M]: 0x000000008000164C (0xEF7F4F37) lui t5, -0x1080c
x30 <- 0xFFFFFFFFEF7F4000

mem[X,0x0000000080001650] -> 0x0F13
mem[X,0x0000000080001652] -> 0xFF7F
[1433] [M]: 0x0000000080001650 (0xFF7F0F13) addi t5, t5, -0x9
x30 <- 0xFFFFFFFFEF7F3FF7

mem[X,0x0000000080001654] -> 0x1F13
mem[X,0x0000000080001656] -> 0x00BF
[1434] [M]: 0x0000000080001654 (0x00BF1F13) slli t5, t5, 0xb
x30 <- 0xFFFFFF7BF9FFB800

mem[X,0x0000000080001658] -> 0x0F13
mem[X,0x000000008000165A] -> 0x036F
[1435] [M]: 0x0000000080001658 (0x036F0F13) addi t5, t5, 0x36
x30 <- 0xFFFFFF7BF9FFB836

mem[X,0x000000008000165C] -> 0x1F13
mem[X,0x000000008000165E] -> 0x00BF
[1436] [M]: 0x000000008000165C (0x00BF1F13) slli t5, t5, 0xb
x30 <- 0xFFFBDFCFFDC1B000

mem[X,0x0000000080001660] -> 0x0F13
mem[X,0x0000000080001662] -> 0x7FEF
[1437] [M]: 0x0000000080001660 (0x7FEF0F13) addi t5, t5, 0x7fe
x30 <- 0xFFFBDFCFFDC1B7FE

mem[X,0x0000000080001664] -> 0x1F13
mem[X,0x0000000080001666] -> 0x00AF
[1438] [M]: 0x0000000080001664 (0x00AF1F13) slli t5, t5, 0xa
x30 <- 0xEF7F3FF706DFF800

mem[X,0x0000000080001668] -> 0x0EB7
mem[X,0x000000008000166A] -> 0x03FF
[1439] [M]: 0x0000000080001668 (0x03FF0EB7) lui t4, 0x3ff0
x29 <- 0x0000000003FF0000

mem[X,0x000000008000166C] -> 0x8E93
mem[X,0x000000008000166E] -> 0x900E
[1440] [M]: 0x000000008000166C (0x900E8E93) addi t4, t4, -0x700
x29 <- 0x0000000003FEF900

mem[X,0x0000000080001670] -> 0x9E93
mem[X,0x0000000080001672] -> 0x00BE
[1441] [M]: 0x0000000080001670 (0x00BE9E93) slli t4, t4, 0xb
x29 <- 0x0000001FF7C80000

mem[X,0x0000000080001674] -> 0x8E93
mem[X,0x0000000080001676] -> 0x7C5E
[1442] [M]: 0x0000000080001674 (0x7C5E8E93) addi t4, t4, 0x7c5
x29 <- 0x0000001FF7C807C5

mem[X,0x0000000080001678] -> 0x9E93
mem[X,0x000000008000167A] -> 0x00BE
[1443] [M]: 0x0000000080001678 (0x00BE9E93) slli t4, t4, 0xb
x29 <- 0x0000FFBE403E2800

mem[X,0x000000008000167C] -> 0x8E93
mem[X,0x000000008000167E] -> 0x7FDE
[1444] [M]: 0x000000008000167C (0x7FDE8E93) addi t4, t4, 0x7fd
x29 <- 0x0000FFBE403E2FFD

mem[X,0x0000000080001680] -> 0x9E93
mem[X,0x0000000080001682] -> 0x00AE
[1445] [M]: 0x0000000080001680 (0x00AE9E93) slli t4, t4, 0xa
x29 <- 0x03FEF900F8BFF400

mem[X,0x0000000080001684] -> 0x8E93
mem[X,0x0000000080001686] -> 0x2C0E
[1446] [M]: 0x0000000080001684 (0x2C0E8E93) addi t4, t4, 0x2c0
x29 <- 0x03FEF900F8BFF6C0

mem[X,0x0000000080001688] -> 0x0FBB
mem[X,0x000000008000168A] -> 0x95DF
[1447] [M]: 0x0000000080001688 (0x95DF0FBB) psadd.b t6, t5, t4
x31 <- 0xF27D38F7FE9EEEC0

mem[X,0x000000008000168C] -> 0xB823
mem[X,0x000000008000168E] -> 0x17F0
[1448] [M]: 0x000000008000168C (0x17F0B823) sd t6, 0x170(ra)
mem[0x0000000080004358] <- 0xF27D38F7FE9EEEC0

mem[X,0x0000000080001690] -> 0x0F37
mem[X,0x0000000080001692] -> 0xF808
[1449] [M]: 0x0000000080001690 (0xF8080F37) lui t5, -0x7f80
x30 <- 0xFFFFFFFFF8080000

mem[X,0x0000000080001694] -> 0x0F13
mem[X,0x0000000080001696] -> 0x5FDF
[1450] [M]: 0x0000000080001694 (0x5FDF0F13) addi t5, t5, 0x5fd
x30 <- 0xFFFFFFFFF80805FD

mem[X,0x0000000080001698] -> 0x1F13
mem[X,0x000000008000169A] -> 0x00BF
[1451] [M]: 0x0000000080001698 (0x00BF1F13) slli t5, t5, 0xb
x30 <- 0xFFFFFFC0402FE800

mem[X,0x000000008000169C] -> 0x0F13
mem[X,0x000000008000169E] -> 0x400F
[1452] [M]: 0x000000008000169C (0x400F0F13) addi t5, t5, 0x400
x30 <- 0xFFFFFFC0402FEC00

mem[X,0x00000000800016A0] -> 0x1F13
mem[X,0x00000000800016A2] -> 0x00BF
[1453] [M]: 0x00000000800016A0 (0x00BF1F13) slli t5, t5, 0xb
x30 <- 0xFFFE02017F600000

mem[X,0x00000000800016A4] -> 0x0F13
mem[X,0x00000000800016A6] -> 0x17FF
[1454] [M]: 0x00000000800016A4 (0x17FF0F13) addi t5, t5, 0x17f
x30 <- 0xFFFE02017F60017F

mem[X,0x00000000800016A8] -> 0x1F13
mem[X,0x00000000800016AA] -> 0x00AF
[1455] [M]: 0x00000000800016A8 (0x00AF1F13) slli t5, t5, 0xa
x30 <- 0xF80805FD8005FC00

mem[X,0x00000000800016AC] -> 0x0F13
mem[X,0x00000000800016AE] -> 0x255F
[1456] [M]: 0x00000000800016AC (0x255F0F13) addi t5, t5, 0x255
x30 <- 0xF80805FD8005FE55

mem[X,0x00000000800016B0] -> 0x0EB7
mem[X,0x00000000800016B2] -> 0xF8AA
[1457] [M]: 0x00000000800016B0 (0xF8AA0EB7) lui t4, -0x7560
x29 <- 0xFFFFFFFFF8AA0000

mem[X,0x00000000800016B4] -> 0x8E93
mem[X,0x00000000800016B6] -> 0x020E
[1458] [M]: 0x00000000800016B4 (0x020E8E93) addi t4, t4, 0x20
x29 <- 0xFFFFFFFFF8AA0020

mem[X,0x00000000800016B8] -> 0x9E93
mem[X,0x00000000800016BA] -> 0x00BE
[1459] [M]: 0x00000000800016B8 (0x00BE9E93) slli t4, t4, 0xb
x29 <- 0xFFFFFFC550010000

mem[X,0x00000000800016BC] -> 0x8E93
mem[X,0x00000000800016BE] -> 0x00FE
[1460] [M]: 0x00000000800016BC (0x00FE8E93) addi t4, t4, 0xf
x29 <- 0xFFFFFFC55001000F

mem[X,0x00000000800016C0] -> 0x9E93
mem[X,0x00000000800016C2] -> 0x00BE
[1461] [M]: 0x00000000800016C0 (0x00BE9E93) slli t4, t4, 0xb
x29 <- 0xFFFE2A8008007800

mem[X,0x00000000800016C4] -> 0x8E93
mem[X,0x00000000800016C6] -> 0x5FEE
[1462] [M]: 0x00000000800016C4 (0x5FEE8E93) addi t4, t4, 0x5fe
x29 <- 0xFFFE2A8008007DFE

mem[X,0x00000000800016C8] -> 0x9E93
mem[X,0x00000000800016CA] -> 0x00AE
[1463] [M]: 0x00000000800016C8 (0x00AE9E93) slli t4, t4, 0xa
x29 <- 0xF8AA002001F7F800

mem[X,0x00000000800016CC] -> 0x8E93
mem[X,0x00000000800016CE] -> 0x3FEE
[1464] [M]: 0x00000000800016CC (0x3FEE8E93) addi t4, t4, 0x3fe
x29 <- 0xF8AA002001F7FBFE

mem[X,0x00000000800016D0] -> 0x0FBB
mem[X,0x00000000800016D2] -> 0x95DF
[1465] [M]: 0x00000000800016D0 (0x95DF0FBB) psadd.b t6, t5, t4
x31 <- 0xF0B2051D81FCF953

mem[X,0x00000000800016D4] -> 0xBC23
mem[X,0x00000000800016D6] -> 0x17F0
[1466] [M]: 0x00000000800016D4 (0x17F0BC23) sd t6, 0x178(ra)
mem[0x0000000080004360] <- 0xF0B2051D81FCF953

mem[X,0x00000000800016D8] -> 0x0F37
mem[X,0x00000000800016DA] -> 0x2100
[1467] [M]: 0x00000000800016D8 (0x21000F37) lui t5, 0x21000
x30 <- 0x0000000021000000

mem[X,0x00000000800016DC] -> 0x0F13
mem[X,0x00000000800016DE] -> 0xD55F
[1468] [M]: 0x00000000800016DC (0xD55F0F13) addi t5, t5, -0x2ab
x30 <- 0x0000000020FFFD55

mem[X,0x00000000800016E0] -> 0x1F13
mem[X,0x00000000800016E2] -> 0x00BF
[1469] [M]: 0x00000000800016E0 (0x00BF1F13) slli t5, t5, 0xb
x30 <- 0x00000107FFEAA800

mem[X,0x00000000800016E4] -> 0x0F13
mem[X,0x00000000800016E6] -> 0x7F8F
[1470] [M]: 0x00000000800016E4 (0x7F8F0F13) addi t5, t5, 0x7f8
x30 <- 0x00000107FFEAAFF8

mem[X,0x00000000800016E8] -> 0x1F13
mem[X,0x00000000800016EA] -> 0x00BF
[1471] [M]: 0x00000000800016E8 (0x00BF1F13) slli t5, t5, 0xb
x30 <- 0x00083FFF557FC000

mem[X,0x00000000800016EC] -> 0x0F13
mem[X,0x00000000800016EE] -> 0x0C2F
[1472] [M]: 0x00000000800016EC (0x0C2F0F13) addi t5, t5, 0xc2
x30 <- 0x00083FFF557FC0C2

mem[X,0x00000000800016F0] -> 0x1F13
mem[X,0x00000000800016F2] -> 0x00AF
[1473] [M]: 0x00000000800016F0 (0x00AF1F13) slli t5, t5, 0xa
x30 <- 0x20FFFD55FF030800

mem[X,0x00000000800016F4] -> 0x0F13
mem[X,0x00000000800016F6] -> 0x107F
[1474] [M]: 0x00000000800016F4 (0x107F0F13) addi t5, t5, 0x107
x30 <- 0x20FFFD55FF030907

mem[X,0x00000000800016F8] -> 0x0EB7
mem[X,0x00000000800016FA] -> 0x2008
[1475] [M]: 0x00000000800016F8 (0x20080EB7) lui t4, 0x20080
x29 <- 0x0000000020080000

mem[X,0x00000000800016FC] -> 0x8E93
mem[X,0x00000000800016FE] -> 0x1FBE
[1476] [M]: 0x00000000800016FC (0x1FBE8E93) addi t4, t4, 0x1fb
x29 <- 0x00000000200801FB

mem[X,0x0000000080001700] -> 0x9E93
mem[X,0x0000000080001702] -> 0x00BE
[1477] [M]: 0x0000000080001700 (0x00BE9E93) slli t4, t4, 0xb
x29 <- 0x00000100400FD800

mem[X,0x0000000080001704] -> 0x8E93
mem[X,0x0000000080001706] -> 0x7BEE
[1478] [M]: 0x0000000080001704 (0x7BEE8E93) addi t4, t4, 0x7be
x29 <- 0x00000100400FDFBE

mem[X,0x0000000080001708] -> 0x9E93
mem[X,0x000000008000170A] -> 0x00BE
[1479] [M]: 0x0000000080001708 (0x00BE9E93) slli t4, t4, 0xb
x29 <- 0x000802007EFDF000

mem[X,0x000000008000170C] -> 0x8E93
mem[X,0x000000008000170E] -> 0x037E
[1480] [M]: 0x000000008000170C (0x037E8E93) addi t4, t4, 0x37
x29 <- 0x000802007EFDF037

mem[X,0x0000000080001710] -> 0x9E93
mem[X,0x0000000080001712] -> 0x00AE
[1481] [M]: 0x0000000080001710 (0x00AE9E93) slli t4, t4, 0xa
x29 <- 0x200801FBF7C0DC00

mem[X,0x0000000080001714] -> 0x8E93
mem[X,0x0000000080001716] -> 0x320E
[1482] [M]: 0x0000000080001714 (0x320E8E93) addi t4, t4, 0x320
x29 <- 0x200801FBF7C0DF20

mem[X,0x0000000080001718] -> 0x0FBB
mem[X,0x000000008000171A] -> 0x95DF
[1483] [M]: 0x0000000080001718 (0x95DF0FBB) psadd.b t6, t5, t4
x31 <- 0x4007FE50F6C3E827

mem[X,0x000000008000171C] -> 0xB023
mem[X,0x000000008000171E] -> 0x19F0
[1484] [M]: 0x000000008000171C (0x19F0B023) sd t6, 0x180(ra)
mem[0x0000000080004368] <- 0x4007FE50F6C3E827

mem[X,0x0000000080001720] -> 0x8F37
mem[X,0x0000000080001722] -> 0x0407
[1485] [M]: 0x0000000080001720 (0x04078F37) lui t5, 0x4078
x30 <- 0x0000000004078000

mem[X,0x0000000080001724] -> 0x0F13
mem[X,0x0000000080001726] -> 0x006F
[1486] [M]: 0x0000000080001724 (0x006F0F13) addi t5, t5, 0x6
x30 <- 0x0000000004078006

mem[X,0x0000000080001728] -> 0x1F13
mem[X,0x000000008000172A] -> 0x00BF
[1487] [M]: 0x0000000080001728 (0x00BF1F13) slli t5, t5, 0xb
x30 <- 0x000000203C003000

mem[X,0x000000008000172C] -> 0x0F13
mem[X,0x000000008000172E] -> 0x5FCF
[1488] [M]: 0x000000008000172C (0x5FCF0F13) addi t5, t5, 0x5fc
x30 <- 0x000000203C0035FC

mem[X,0x0000000080001730] -> 0x1F13
mem[X,0x0000000080001732] -> 0x00BF
[1489] [M]: 0x0000000080001730 (0x00BF1F13) slli t5, t5, 0xb
x30 <- 0x000101E001AFE000

mem[X,0x0000000080001734] -> 0x0F13
mem[X,0x0000000080001736] -> 0x03FF
[1490] [M]: 0x0000000080001734 (0x03FF0F13) addi t5, t5, 0x3f
x30 <- 0x000101E001AFE03F

mem[X,0x0000000080001738] -> 0x1F13
mem[X,0x000000008000173A] -> 0x00AF
[1491] [M]: 0x0000000080001738 (0x00AF1F13) slli t5, t5, 0xa
x30 <- 0x04078006BF80FC00

mem[X,0x000000008000173C] -> 0x0F13
mem[X,0x000000008000173E] -> 0x1DFF
[1492] [M]: 0x000000008000173C (0x1DFF0F13) addi t5, t5, 0x1df
x30 <- 0x04078006BF80FDDF

mem[X,0x0000000080001740] -> 0x0EB7
mem[X,0x0000000080001742] -> 0x0541
[1493] [M]: 0x0000000080001740 (0x05410EB7) lui t4, 0x5410
x29 <- 0x0000000005410000

mem[X,0x0000000080001744] -> 0x8E93
mem[X,0x0000000080001746] -> 0xB00E
[1494] [M]: 0x0000000080001744 (0xB00E8E93) addi t4, t4, -0x500
x29 <- 0x000000000540FB00

mem[X,0x0000000080001748] -> 0x9E93
mem[X,0x000000008000174A] -> 0x00BE
[1495] [M]: 0x0000000080001748 (0x00BE9E93) slli t4, t4, 0xb
x29 <- 0x0000002A07D80000

mem[X,0x000000008000174C] -> 0x8E93
mem[X,0x000000008000174E] -> 0x00FE
[1496] [M]: 0x000000008000174C (0x00FE8E93) addi t4, t4, 0xf
x29 <- 0x0000002A07D8000F

mem[X,0x0000000080001750] -> 0x9E93
mem[X,0x0000000080001752] -> 0x00BE
[1497] [M]: 0x0000000080001750 (0x00BE9E93) slli t4, t4, 0xb
x29 <- 0x0001503EC0007800

mem[X,0x0000000080001754] -> 0x8E93
mem[X,0x0000000080001756] -> 0x63EE
[1498] [M]: 0x0000000080001754 (0x63EE8E93) addi t4, t4, 0x63e
x29 <- 0x0001503EC0007E3E

mem[X,0x0000000080001758] -> 0x9E93
mem[X,0x000000008000175A] -> 0x00AE
[1499] [M]: 0x0000000080001758 (0x00AE9E93) slli t4, t4, 0xa
x29 <- 0x0540FB0001F8F800

clint::tick mtime <- 0x000000000000000F
 clint timer pending at mtime 0x000000000000000F
htif::tick 0x0000000000000000
mem[X,0x000000008000175C] -> 0x8E93
mem[X,0x000000008000175E] -> 0x3FBE
[1500] [M]: 0x000000008000175C (0x3FBE8E93) addi t4, t4, 0x3fb
x29 <- 0x0540FB0001F8FBFB

mem[X,0x0000000080001760] -> 0x0FBB
mem[X,0x0000000080001762] -> 0x95DF
[1501] [M]: 0x0000000080001760 (0x95DF0FBB) psadd.b t6, t5, t4
x31 <- 0x09478006C080F8DA

mem[X,0x0000000080001764] -> 0xB423
mem[X,0x0000000080001766] -> 0x19F0
[1502] [M]: 0x0000000080001764 (0x19F0B423) sd t6, 0x188(ra)
mem[0x0000000080004370] <- 0x09478006C080F8DA

mem[X,0x0000000080001768] -> 0x8F37
mem[X,0x000000008000176A] -> 0xFB07
[1503] [M]: 0x0000000080001768 (0xFB078F37) lui t5, -0x4f88
x30 <- 0xFFFFFFFFFB078000

mem[X,0x000000008000176C] -> 0x0F13
mem[X,0x000000008000176E] -> 0xFFDF
[1504] [M]: 0x000000008000176C (0xFFDF0F13) addi t5, t5, -0x3
x30 <- 0xFFFFFFFFFB077FFD

mem[X,0x0000000080001770] -> 0x1F13
mem[X,0x0000000080001772] -> 0x00BF
[1505] [M]: 0x0000000080001770 (0x00BF1F13) slli t5, t5, 0xb
x30 <- 0xFFFFFFD83BFFE800

mem[X,0x0000000080001774] -> 0x0F13
mem[X,0x0000000080001776] -> 0x7BDF
[1506] [M]: 0x0000000080001774 (0x7BDF0F13) addi t5, t5, 0x7bd
x30 <- 0xFFFFFFD83BFFEFBD

mem[X,0x0000000080001778] -> 0x1F13
mem[X,0x000000008000177A] -> 0x00BF
[1507] [M]: 0x0000000080001778 (0x00BF1F13) slli t5, t5, 0xb
x30 <- 0xFFFEC1DFFF7DE800

mem[X,0x000000008000177C] -> 0x0F13
mem[X,0x000000008000177E] -> 0x295F
[1508] [M]: 0x000000008000177C (0x295F0F13) addi t5, t5, 0x295
x30 <- 0xFFFEC1DFFF7DEA95

mem[X,0x0000000080001780] -> 0x1F13
mem[X,0x0000000080001782] -> 0x00AF
[1509] [M]: 0x0000000080001780 (0x00AF1F13) slli t5, t5, 0xa
x30 <- 0xFB077FFDF7AA5400

mem[X,0x0000000080001784] -> 0x0F13
mem[X,0x0000000080001786] -> 0x180F
[1510] [M]: 0x0000000080001784 (0x180F0F13) addi t5, t5, 0x180
x30 <- 0xFB077FFDF7AA5580

mem[X,0x0000000080001788] -> 0x0EB7
mem[X,0x000000008000178A] -> 0xBFFF
[1511] [M]: 0x0000000080001788 (0xBFFF0EB7) lui t4, -0x40010
x29 <- 0xFFFFFFFFBFFF0000

mem[X,0x000000008000178C] -> 0x8E93
mem[X,0x000000008000178E] -> 0x480E
[1512] [M]: 0x000000008000178C (0x480E8E93) addi t4, t4, 0x480
x29 <- 0xFFFFFFFFBFFF0480

mem[X,0x0000000080001790] -> 0x9E93
mem[X,0x0000000080001792] -> 0x00BE
[1513] [M]: 0x0000000080001790 (0x00BE9E93) slli t4, t4, 0xb
x29 <- 0xFFFFFDFFF8240000

mem[X,0x0000000080001794] -> 0x8E93
mem[X,0x0000000080001796] -> 0x5F8E
[1514] [M]: 0x0000000080001794 (0x5F8E8E93) addi t4, t4, 0x5f8
x29 <- 0xFFFFFDFFF82405F8

mem[X,0x0000000080001798] -> 0x9E93
mem[X,0x000000008000179A] -> 0x00BE
[1515] [M]: 0x0000000080001798 (0x00BE9E93) slli t4, t4, 0xb
x29 <- 0xFFEFFFC1202FC000

mem[X,0x000000008000179C] -> 0x8E93
mem[X,0x000000008000179E] -> 0x181E
[1516] [M]: 0x000000008000179C (0x181E8E93) addi t4, t4, 0x181
x29 <- 0xFFEFFFC1202FC181

mem[X,0x00000000800017A0] -> 0x9E93
mem[X,0x00000000800017A2] -> 0x00AE
[1517] [M]: 0x00000000800017A0 (0x00AE9E93) slli t4, t4, 0xa
x29 <- 0xBFFF0480BF060400

mem[X,0x00000000800017A4] -> 0x8E93
mem[X,0x00000000800017A6] -> 0x3F8E
[1518] [M]: 0x00000000800017A4 (0x3F8E8E93) addi t4, t4, 0x3f8
x29 <- 0xBFFF0480BF0607F8

mem[X,0x00000000800017A8] -> 0x0FBB
mem[X,0x00000000800017AA] -> 0x95DF
[1519] [M]: 0x00000000800017A8 (0x95DF0FBB) psadd.b t6, t5, t4
x31 <- 0xBA067F80B6B05C80

mem[X,0x00000000800017AC] -> 0xB823
mem[X,0x00000000800017AE] -> 0x19F0
[1520] [M]: 0x00000000800017AC (0x19F0B823) sd t6, 0x190(ra)
mem[0x0000000080004378] <- 0xBA067F80B6B05C80

mem[X,0x00000000800017B0] -> 0x0F37
mem[X,0x00000000800017B2] -> 0xFCBF
[1521] [M]: 0x00000000800017B0 (0xFCBF0F37) lui t5, -0x3410
x30 <- 0xFFFFFFFFFCBF0000

mem[X,0x00000000800017B4] -> 0x0F13
mem[X,0x00000000800017B6] -> 0x320F
[1522] [M]: 0x00000000800017B4 (0x320F0F13) addi t5, t5, 0x320
x30 <- 0xFFFFFFFFFCBF0320

mem[X,0x00000000800017B8] -> 0x1F13
mem[X,0x00000000800017BA] -> 0x00BF
[1523] [M]: 0x00000000800017B8 (0x00BF1F13) slli t5, t5, 0xb
x30 <- 0xFFFFFFE5F8190000

mem[X,0x00000000800017BC] -> 0x0F13
mem[X,0x00000000800017BE] -> 0x010F
[1524] [M]: 0x00000000800017BC (0x010F0F13) addi t5, t5, 0x10
x30 <- 0xFFFFFFE5F8190010

mem[X,0x00000000800017C0] -> 0x1F13
mem[X,0x00000000800017C2] -> 0x00BF
[1525] [M]: 0x00000000800017C0 (0x00BF1F13) slli t5, t5, 0xb
x30 <- 0xFFFF2FC0C8008000

mem[X,0x00000000800017C4] -> 0x0F13
mem[X,0x00000000800017C6] -> 0x1BEF
[1526] [M]: 0x00000000800017C4 (0x1BEF0F13) addi t5, t5, 0x1be
x30 <- 0xFFFF2FC0C80081BE

mem[X,0x00000000800017C8] -> 0x1F13
mem[X,0x00000000800017CA] -> 0x00AF
[1527] [M]: 0x00000000800017C8 (0x00AF1F13) slli t5, t5, 0xa
x30 <- 0xFCBF03200206F800

mem[X,0x00000000800017CC] -> 0x0F13
mem[X,0x00000000800017CE] -> 0x3BFF
[1528] [M]: 0x00000000800017CC (0x3BFF0F13) addi t5, t5, 0x3bf
x30 <- 0xFCBF03200206FBBF

mem[X,0x00000000800017D0] -> 0xCEB7
mem[X,0x00000000800017D2] -> 0xAABF
[1529] [M]: 0x00000000800017D0 (0xAABFCEB7) lui t4, -0x55404
x29 <- 0xFFFFFFFFAABFC000

mem[X,0x00000000800017D4] -> 0x8E93
mem[X,0x00000000800017D6] -> 0xF80E
[1530] [M]: 0x00000000800017D4 (0xF80E8E93) addi t4, t4, -0x80
x29 <- 0xFFFFFFFFAABFBF80

mem[X,0x00000000800017D8] -> 0x9E93
mem[X,0x00000000800017DA] -> 0x00BE
[1531] [M]: 0x00000000800017D8 (0x00BE9E93) slli t4, t4, 0xb
x29 <- 0xFFFFFD55FDFC0000

mem[X,0x00000000800017DC] -> 0x8E93
mem[X,0x00000000800017DE] -> 0x7C9E
[1532] [M]: 0x00000000800017DC (0x7C9E8E93) addi t4, t4, 0x7c9
x29 <- 0xFFFFFD55FDFC07C9

mem[X,0x00000000800017E0] -> 0x9E93
mem[X,0x00000000800017E2] -> 0x00BE
[1533] [M]: 0x00000000800017E0 (0x00BE9E93) slli t4, t4, 0xb
x29 <- 0xFFEAAFEFE03E4800

mem[X,0x00000000800017E4] -> 0x8E93
mem[X,0x00000000800017E6] -> 0x010E
[1534] [M]: 0x00000000800017E4 (0x010E8E93) addi t4, t4, 0x10
x29 <- 0xFFEAAFEFE03E4810

mem[X,0x00000000800017E8] -> 0x9E93
mem[X,0x00000000800017EA] -> 0x00AE
[1535] [M]: 0x00000000800017E8 (0x00AE9E93) slli t4, t4, 0xa
x29 <- 0xAABFBF80F9204000

mem[X,0x00000000800017EC] -> 0x8E93
mem[X,0x00000000800017EE] -> 0x0EFE
[1536] [M]: 0x00000000800017EC (0x0EFE8E93) addi t4, t4, 0xef
x29 <- 0xAABFBF80F92040EF

mem[X,0x00000000800017F0] -> 0x0FBB
mem[X,0x00000000800017F2] -> 0x95DF
[1537] [M]: 0x00000000800017F0 (0x95DF0FBB) psadd.b t6, t5, t4
x31 <- 0xA680C2A0FB263BAE

mem[X,0x00000000800017F4] -> 0xBC23
mem[X,0x00000000800017F6] -> 0x19F0
[1538] [M]: 0x00000000800017F4 (0x19F0BC23) sd t6, 0x198(ra)
mem[0x0000000080004380] <- 0xA680C2A0FB263BAE

mem[X,0x00000000800017F8] -> 0x0F37
mem[X,0x00000000800017FA] -> 0x01AB
[1539] [M]: 0x00000000800017F8 (0x01AB0F37) lui t5, 0x1ab0
x30 <- 0x0000000001AB0000

mem[X,0x00000000800017FC] -> 0x0F13
mem[X,0x00000000800017FE] -> 0xB80F
[1540] [M]: 0x00000000800017FC (0xB80F0F13) addi t5, t5, -0x480
x30 <- 0x0000000001AAFB80

mem[X,0x0000000080001800] -> 0x1F13
mem[X,0x0000000080001802] -> 0x00BF
[1541] [M]: 0x0000000080001800 (0x00BF1F13) slli t5, t5, 0xb
x30 <- 0x0000000D57DC0000

mem[X,0x0000000080001804] -> 0x0F13
mem[X,0x0000000080001806] -> 0x038F
[1542] [M]: 0x0000000080001804 (0x038F0F13) addi t5, t5, 0x38
x30 <- 0x0000000D57DC0038

mem[X,0x0000000080001808] -> 0x1F13
mem[X,0x000000008000180A] -> 0x00BF
[1543] [M]: 0x0000000080001808 (0x00BF1F13) slli t5, t5, 0xb
x30 <- 0x00006ABEE001C000

mem[X,0x000000008000180C] -> 0x0F13
mem[X,0x000000008000180E] -> 0x101F
[1544] [M]: 0x000000008000180C (0x101F0F13) addi t5, t5, 0x101
x30 <- 0x00006ABEE001C101

mem[X,0x0000000080001810] -> 0x1F13
mem[X,0x0000000080001812] -> 0x00AF
[1545] [M]: 0x0000000080001810 (0x00AF1F13) slli t5, t5, 0xa
x30 <- 0x01AAFB8007040400

mem[X,0x0000000080001814] -> 0x0F13
mem[X,0x0000000080001816] -> 0x33FF
[1546] [M]: 0x0000000080001814 (0x33FF0F13) addi t5, t5, 0x33f
x30 <- 0x01AAFB800704073F

mem[X,0x0000000080001818] -> 0xEEB7
mem[X,0x000000008000181A] -> 0x0207
[1547] [M]: 0x0000000080001818 (0x0207EEB7) lui t4, 0x207e
x29 <- 0x000000000207E000

mem[X,0x000000008000181C] -> 0x8E93
mem[X,0x000000008000181E] -> 0xF80E
[1548] [M]: 0x000000008000181C (0xF80E8E93) addi t4, t4, -0x80
x29 <- 0x000000000207DF80

mem[X,0x0000000080001820] -> 0x9E93
mem[X,0x0000000080001822] -> 0x00BE
[1549] [M]: 0x0000000080001820 (0x00BE9E93) slli t4, t4, 0xb
x29 <- 0x000000103EFC0000

mem[X,0x0000000080001824] -> 0x8E93
mem[X,0x0000000080001826] -> 0x7C7E
[1550] [M]: 0x0000000080001824 (0x7C7E8E93) addi t4, t4, 0x7c7
x29 <- 0x000000103EFC07C7

mem[X,0x0000000080001828] -> 0x9E93
mem[X,0x000000008000182A] -> 0x00BE
[1551] [M]: 0x0000000080001828 (0x00BE9E93) slli t4, t4, 0xb
x29 <- 0x000081F7E03E3800

mem[X,0x000000008000182C] -> 0x8E93
mem[X,0x000000008000182E] -> 0x77EE
[1552] [M]: 0x000000008000182C (0x77EE8E93) addi t4, t4, 0x77e
x29 <- 0x000081F7E03E3F7E

mem[X,0x0000000080001830] -> 0x9E93
mem[X,0x0000000080001832] -> 0x00AE
[1553] [M]: 0x0000000080001830 (0x00AE9E93) slli t4, t4, 0xa
x29 <- 0x0207DF80F8FDF800

mem[X,0x0000000080001834] -> 0x8E93
mem[X,0x0000000080001836] -> 0x204E
[1554] [M]: 0x0000000080001834 (0x204E8E93) addi t4, t4, 0x204
x29 <- 0x0207DF80F8FDFA04

mem[X,0x0000000080001838] -> 0x0FBB
mem[X,0x000000008000183A] -> 0x95DF
[1555] [M]: 0x0000000080001838 (0x95DF0FBB) psadd.b t6, t5, t4
x31 <- 0x03B1DA80FF010143

mem[X,0x000000008000183C] -> 0xB023
mem[X,0x000000008000183E] -> 0x1BF0
[1556] [M]: 0x000000008000183C (0x1BF0B023) sd t6, 0x1a0(ra)
mem[0x0000000080004388] <- 0x03B1DA80FF010143

mem[X,0x0000000080001840] -> 0xFF37
mem[X,0x0000000080001842] -> 0x05FD
[1557] [M]: 0x0000000080001840 (0x05FDFF37) lui t5, 0x5fdf
x30 <- 0x0000000005FDF000

mem[X,0x0000000080001844] -> 0x0F13
mem[X,0x0000000080001846] -> 0x755F
[1558] [M]: 0x0000000080001844 (0x755F0F13) addi t5, t5, 0x755
x30 <- 0x0000000005FDF755

mem[X,0x0000000080001848] -> 0x1F13
mem[X,0x000000008000184A] -> 0x00BF
[1559] [M]: 0x0000000080001848 (0x00BF1F13) slli t5, t5, 0xb
x30 <- 0x0000002FEFBAA800

mem[X,0x000000008000184C] -> 0x0F13
mem[X,0x000000008000184E] -> 0x7B7F
[1560] [M]: 0x000000008000184C (0x7B7F0F13) addi t5, t5, 0x7b7
x30 <- 0x0000002FEFBAAFB7

mem[X,0x0000000080001850] -> 0x1F13
mem[X,0x0000000080001852] -> 0x00BF
[1561] [M]: 0x0000000080001850 (0x00BF1F13) slli t5, t5, 0xb
x30 <- 0x00017F7DD57DB800

mem[X,0x0000000080001854] -> 0x0F13
mem[X,0x0000000080001856] -> 0x5BEF
[1562] [M]: 0x0000000080001854 (0x5BEF0F13) addi t5, t5, 0x5be
x30 <- 0x00017F7DD57DBDBE

mem[X,0x0000000080001858] -> 0x1F13
mem[X,0x000000008000185A] -> 0x00AF
[1563] [M]: 0x0000000080001858 (0x00AF1F13) slli t5, t5, 0xa
x30 <- 0x05FDF755F6F6F800

mem[X,0x000000008000185C] -> 0x0F13
mem[X,0x000000008000185E] -> 0x2FCF
[1564] [M]: 0x000000008000185C (0x2FCF0F13) addi t5, t5, 0x2fc
x30 <- 0x05FDF755F6F6FAFC

mem[X,0x0000000080001860] -> 0x0EB7
mem[X,0x0000000080001862] -> 0xFCAA
[1565] [M]: 0x0000000080001860 (0xFCAA0EB7) lui t4, -0x3560
x29 <- 0xFFFFFFFFFCAA0000

mem[X,0x0000000080001864] -> 0x8E93
mem[X,0x0000000080001866] -> 0x6FFE
[1566] [M]: 0x0000000080001864 (0x6FFE8E93) addi t4, t4, 0x6ff
x29 <- 0xFFFFFFFFFCAA06FF

mem[X,0x0000000080001868] -> 0x9E93
mem[X,0x000000008000186A] -> 0x00BE
[1567] [M]: 0x0000000080001868 (0x00BE9E93) slli t4, t4, 0xb
x29 <- 0xFFFFFFE55037F800

mem[X,0x000000008000186C] -> 0x8E93
mem[X,0x000000008000186E] -> 0x7F0E
[1568] [M]: 0x000000008000186C (0x7F0E8E93) addi t4, t4, 0x7f0
x29 <- 0xFFFFFFE55037FFF0

mem[X,0x0000000080001870] -> 0x9E93
mem[X,0x0000000080001872] -> 0x00BE
[1569] [M]: 0x0000000080001870 (0x00BE9E93) slli t4, t4, 0xb
x29 <- 0xFFFF2A81BFFF8000

mem[X,0x0000000080001874] -> 0x8E93
mem[X,0x0000000080001876] -> 0x150E
[1570] [M]: 0x0000000080001874 (0x150E8E93) addi t4, t4, 0x150
x29 <- 0xFFFF2A81BFFF8150

mem[X,0x0000000080001878] -> 0x9E93
mem[X,0x000000008000187A] -> 0x00AE
[1571] [M]: 0x0000000080001878 (0x00AE9E93) slli t4, t4, 0xa
x29 <- 0xFCAA06FFFE054000

mem[X,0x000000008000187C] -> 0x8E93
mem[X,0x000000008000187E] -> 0x0F8E
[1572] [M]: 0x000000008000187C (0x0F8E8E93) addi t4, t4, 0xf8
x29 <- 0xFCAA06FFFE0540F8

mem[X,0x0000000080001880] -> 0x0FBB
mem[X,0x0000000080001882] -> 0x95DF
[1573] [M]: 0x0000000080001880 (0x95DF0FBB) psadd.b t6, t5, t4
x31 <- 0x01A7FD54F4FB3AF4

mem[X,0x0000000080001884] -> 0xB423
mem[X,0x0000000080001886] -> 0x1BF0
[1574] [M]: 0x0000000080001884 (0x1BF0B423) sd t6, 0x1a8(ra)
mem[0x0000000080004390] <- 0x01A7FD54F4FB3AF4

mem[X,0x0000000080001888] -> 0x4F37
mem[X,0x000000008000188A] -> 0xFEFA
[1575] [M]: 0x0000000080001888 (0xFEFA4F37) lui t5, -0x105c
x30 <- 0xFFFFFFFFFEFA4000

mem[X,0x000000008000188C] -> 0x0F13
mem[X,0x000000008000188E] -> 0xFFAF
[1576] [M]: 0x000000008000188C (0xFFAF0F13) addi t5, t5, -0x6
x30 <- 0xFFFFFFFFFEFA3FFA

mem[X,0x0000000080001890] -> 0x1F13
mem[X,0x0000000080001892] -> 0x00BF
[1577] [M]: 0x0000000080001890 (0x00BF1F13) slli t5, t5, 0xb
x30 <- 0xFFFFFFF7D1FFD000

mem[X,0x0000000080001894] -> 0x0F13
mem[X,0x0000000080001896] -> 0x2A8F
[1578] [M]: 0x0000000080001894 (0x2A8F0F13) addi t5, t5, 0x2a8
x30 <- 0xFFFFFFF7D1FFD2A8

mem[X,0x0000000080001898] -> 0x1F13
mem[X,0x000000008000189A] -> 0x00BF
[1579] [M]: 0x0000000080001898 (0x00BF1F13) slli t5, t5, 0xb
x30 <- 0xFFFFBE8FFE954000

mem[X,0x000000008000189C] -> 0x0F13
mem[X,0x000000008000189E] -> 0x21FF
[1580] [M]: 0x000000008000189C (0x21FF0F13) addi t5, t5, 0x21f
x30 <- 0xFFFFBE8FFE95421F

mem[X,0x00000000800018A0] -> 0x1F13
mem[X,0x00000000800018A2] -> 0x00AF
[1581] [M]: 0x00000000800018A0 (0x00AF1F13) slli t5, t5, 0xa
x30 <- 0xFEFA3FFA55087C00

mem[X,0x00000000800018A4] -> 0x0F13
mem[X,0x00000000800018A6] -> 0x310F
[1582] [M]: 0x00000000800018A4 (0x310F0F13) addi t5, t5, 0x310
x30 <- 0xFEFA3FFA55087F10

mem[X,0x00000000800018A8] -> 0x0EB7
mem[X,0x00000000800018AA] -> 0x04FD
[1583] [M]: 0x00000000800018A8 (0x04FD0EB7) lui t4, 0x4fd0
x29 <- 0x0000000004FD0000

mem[X,0x00000000800018AC] -> 0x8E93
mem[X,0x00000000800018AE] -> 0x57FE
[1584] [M]: 0x00000000800018AC (0x57FE8E93) addi t4, t4, 0x57f
x29 <- 0x0000000004FD057F

mem[X,0x00000000800018B0] -> 0x9E93
mem[X,0x00000000800018B2] -> 0x00BE
[1585] [M]: 0x00000000800018B0 (0x00BE9E93) slli t4, t4, 0xb
x29 <- 0x00000027E82BF800

mem[X,0x00000000800018B4] -> 0x8E93
mem[X,0x00000000800018B6] -> 0x202E
[1586] [M]: 0x00000000800018B4 (0x202E8E93) addi t4, t4, 0x202
x29 <- 0x00000027E82BFA02

mem[X,0x00000000800018B8] -> 0x9E93
mem[X,0x00000000800018BA] -> 0x00BE
[1587] [M]: 0x00000000800018B8 (0x00BE9E93) slli t4, t4, 0xb
x29 <- 0x00013F415FD01000

mem[X,0x00000000800018BC] -> 0x8E93
mem[X,0x00000000800018BE] -> 0x000E
[1588] [M]: 0x00000000800018BC (0x000E8E93) addi t4, t4, 0x0
x29 <- 0x00013F415FD01000

mem[X,0x00000000800018C0] -> 0x9E93
mem[X,0x00000000800018C2] -> 0x00AE
[1589] [M]: 0x00000000800018C0 (0x00AE9E93) slli t4, t4, 0xa
x29 <- 0x04FD057F40400000

mem[X,0x00000000800018C4] -> 0x8E93
mem[X,0x00000000800018C6] -> 0x0C0E
[1590] [M]: 0x00000000800018C4 (0x0C0E8E93) addi t4, t4, 0xc0
x29 <- 0x04FD057F404000C0

mem[X,0x00000000800018C8] -> 0x0FBB
mem[X,0x00000000800018CA] -> 0x95DF
[1591] [M]: 0x00000000800018C8 (0x95DF0FBB) psadd.b t6, t5, t4
x31 <- 0x02F744797F487FD0

mem[X,0x00000000800018CC] -> 0xB823
mem[X,0x00000000800018CE] -> 0x1BF0
[1592] [M]: 0x00000000800018CC (0x1BF0B823) sd t6, 0x1b0(ra)
mem[0x0000000080004398] <- 0x02F744797F487FD0

mem[X,0x00000000800018D0] -> 0xBF37
mem[X,0x00000000800018D2] -> 0x0540
[1593] [M]: 0x00000000800018D0 (0x0540BF37) lui t5, 0x540b
x30 <- 0x000000000540B000

mem[X,0x00000000800018D4] -> 0x0F13
mem[X,0x00000000800018D6] -> 0xAFCF
[1594] [M]: 0x00000000800018D4 (0xAFCF0F13) addi t5, t5, -0x504
x30 <- 0x000000000540AAFC

mem[X,0x00000000800018D8] -> 0x1F13
mem[X,0x00000000800018DA] -> 0x00BF
[1595] [M]: 0x00000000800018D8 (0x00BF1F13) slli t5, t5, 0xb
x30 <- 0x0000002A0557E000

mem[X,0x00000000800018DC] -> 0x0F13
mem[X,0x00000000800018DE] -> 0x007F
[1596] [M]: 0x00000000800018DC (0x007F0F13) addi t5, t5, 0x7
x30 <- 0x0000002A0557E007

mem[X,0x00000000800018E0] -> 0x1F13
mem[X,0x00000000800018E2] -> 0x00BF
[1597] [M]: 0x00000000800018E0 (0x00BF1F13) slli t5, t5, 0xb
x30 <- 0x0001502ABF003800

mem[X,0x00000000800018E4] -> 0x0F13
mem[X,0x00000000800018E6] -> 0x615F
[1598] [M]: 0x00000000800018E4 (0x615F0F13) addi t5, t5, 0x615
x30 <- 0x0001502ABF003E15

mem[X,0x00000000800018E8] -> 0x1F13
mem[X,0x00000000800018EA] -> 0x00AF
[1599] [M]: 0x00000000800018E8 (0x00AF1F13) slli t5, t5, 0xa
x30 <- 0x0540AAFC00F85400

clint::tick mtime <- 0x0000000000000010
 clint timer pending at mtime 0x0000000000000010
htif::tick 0x0000000000000000
mem[X,0x00000000800018EC] -> 0x0F13
mem[X,0x00000000800018EE] -> 0x104F
[1600] [M]: 0x00000000800018EC (0x104F0F13) addi t5, t5, 0x104
x30 <- 0x0540AAFC00F85504

mem[X,0x00000000800018F0] -> 0x1EB7
mem[X,0x00000000800018F2] -> 0x0600
[1601] [M]: 0x00000000800018F0 (0x06001EB7) lui t4, 0x6001
x29 <- 0x0000000006001000

mem[X,0x00000000800018F4] -> 0x8E93
mem[X,0x00000000800018F6] -> 0x9FBE
[1602] [M]: 0x00000000800018F4 (0x9FBE8E93) addi t4, t4, -0x605
x29 <- 0x00000000060009FB

mem[X,0x00000000800018F8] -> 0x9E93
mem[X,0x00000000800018FA] -> 0x00BE
[1603] [M]: 0x00000000800018F8 (0x00BE9E93) slli t4, t4, 0xb
x29 <- 0x00000030004FD800

mem[X,0x00000000800018FC] -> 0x8E93
mem[X,0x00000000800018FE] -> 0x04FE
[1604] [M]: 0x00000000800018FC (0x04FE8E93) addi t4, t4, 0x4f
x29 <- 0x00000030004FD84F

mem[X,0x0000000080001900] -> 0x9E93
mem[X,0x0000000080001902] -> 0x00BE
[1605] [M]: 0x0000000080001900 (0x00BE9E93) slli t4, t4, 0xb
x29 <- 0x000180027EC27800

mem[X,0x0000000080001904] -> 0x8E93
mem[X,0x0000000080001906] -> 0x3EAE
[1606] [M]: 0x0000000080001904 (0x3EAE8E93) addi t4, t4, 0x3ea
x29 <- 0x000180027EC27BEA

mem[X,0x0000000080001908] -> 0x9E93
mem[X,0x000000008000190A] -> 0x00AE
[1607] [M]: 0x0000000080001908 (0x00AE9E93) slli t4, t4, 0xa
x29 <- 0x060009FB09EFA800

mem[X,0x000000008000190C] -> 0x8E93
mem[X,0x000000008000190E] -> 0x2AAE
[1608] [M]: 0x000000008000190C (0x2AAE8E93) addi t4, t4, 0x2aa
x29 <- 0x060009FB09EFAAAA

mem[X,0x0000000080001910] -> 0x0FBB
mem[X,0x0000000080001912] -> 0x95DF
[1609] [M]: 0x0000000080001910 (0x95DF0FBB) psadd.b t6, t5, t4
x31 <- 0x0B40B3F709E7FFAE

mem[X,0x0000000080001914] -> 0xBC23
mem[X,0x0000000080001916] -> 0x1BF0
[1610] [M]: 0x0000000080001914 (0x1BF0BC23) sd t6, 0x1b8(ra)
mem[0x00000000800043A0] <- 0x0B40B3F709E7FFAE

mem[X,0x0000000080001918] -> 0xCF37
mem[X,0x000000008000191A] -> 0xC0F6
[1611] [M]: 0x0000000080001918 (0xC0F6CF37) lui t5, -0x3f094
x30 <- 0xFFFFFFFFC0F6C000

mem[X,0x000000008000191C] -> 0x0F13
mem[X,0x000000008000191E] -> 0x040F
[1612] [M]: 0x000000008000191C (0x040F0F13) addi t5, t5, 0x40
x30 <- 0xFFFFFFFFC0F6C040

mem[X,0x0000000080001920] -> 0x1F13
mem[X,0x0000000080001922] -> 0x00BF
[1613] [M]: 0x0000000080001920 (0x00BF1F13) slli t5, t5, 0xb
x30 <- 0xFFFFFE07B6020000

mem[X,0x0000000080001924] -> 0x0F13
mem[X,0x0000000080001926] -> 0x7F1F
[1614] [M]: 0x0000000080001924 (0x7F1F0F13) addi t5, t5, 0x7f1
x30 <- 0xFFFFFE07B60207F1

mem[X,0x0000000080001928] -> 0x1F13
mem[X,0x000000008000192A] -> 0x00BF
[1615] [M]: 0x0000000080001928 (0x00BF1F13) slli t5, t5, 0xb
x30 <- 0xFFF03DB0103F8800

mem[X,0x000000008000192C] -> 0x0F13
mem[X,0x000000008000192E] -> 0x7C0F
[1616] [M]: 0x000000008000192C (0x7C0F0F13) addi t5, t5, 0x7c0
x30 <- 0xFFF03DB0103F8FC0

mem[X,0x0000000080001930] -> 0x1F13
mem[X,0x0000000080001932] -> 0x00AF
[1617] [M]: 0x0000000080001930 (0x00AF1F13) slli t5, t5, 0xa
x30 <- 0xC0F6C040FE3F0000

mem[X,0x0000000080001934] -> 0x0F13
mem[X,0x0000000080001936] -> 0x340F
[1618] [M]: 0x0000000080001934 (0x340F0F13) addi t5, t5, 0x340
x30 <- 0xC0F6C040FE3F0340

mem[X,0x0000000080001938] -> 0x0EB7
mem[X,0x000000008000193A] -> 0xEF08
[1619] [M]: 0x0000000080001938 (0xEF080EB7) lui t4, -0x10f80
x29 <- 0xFFFFFFFFEF080000

mem[X,0x000000008000193C] -> 0x8E93
mem[X,0x000000008000193E] -> 0x310E
[1620] [M]: 0x000000008000193C (0x310E8E93) addi t4, t4, 0x310
x29 <- 0xFFFFFFFFEF080310

mem[X,0x0000000080001940] -> 0x9E93
mem[X,0x0000000080001942] -> 0x00BE
[1621] [M]: 0x0000000080001940 (0x00BE9E93) slli t4, t4, 0xb
x29 <- 0xFFFFFF7840188000

mem[X,0x0000000080001944] -> 0x8E93
mem[X,0x0000000080001946] -> 0x033E
[1622] [M]: 0x0000000080001944 (0x033E8E93) addi t4, t4, 0x33
x29 <- 0xFFFFFF7840188033

mem[X,0x0000000080001948] -> 0x9E93
mem[X,0x000000008000194A] -> 0x00BE
[1623] [M]: 0x0000000080001948 (0x00BE9E93) slli t4, t4, 0xb
x29 <- 0xFFFBC200C4019800

mem[X,0x000000008000194C] -> 0x8E93
mem[X,0x000000008000194E] -> 0x7FEE
[1624] [M]: 0x000000008000194C (0x7FEE8E93) addi t4, t4, 0x7fe
x29 <- 0xFFFBC200C4019FFE

mem[X,0x0000000080001950] -> 0x9E93
mem[X,0x0000000080001952] -> 0x00AE
[1625] [M]: 0x0000000080001950 (0x00AE9E93) slli t4, t4, 0xa
x29 <- 0xEF080310067FF800

mem[X,0x0000000080001954] -> 0x8E93
mem[X,0x0000000080001956] -> 0x3F7E
[1626] [M]: 0x0000000080001954 (0x3F7E8E93) addi t4, t4, 0x3f7
x29 <- 0xEF080310067FFBF7

mem[X,0x0000000080001958] -> 0x0FBB
mem[X,0x000000008000195A] -> 0x95DF
[1627] [M]: 0x0000000080001958 (0x95DF0FBB) psadd.b t6, t5, t4
x31 <- 0xAFFEC350047FFE37

mem[X,0x000000008000195C] -> 0xB023
mem[X,0x000000008000195E] -> 0x1DF0
[1628] [M]: 0x000000008000195C (0x1DF0B023) sd t6, 0x1c0(ra)
mem[0x00000000800043A8] <- 0xAFFEC350047FFE37

mem[X,0x0000000080001960] -> 0xFF37
mem[X,0x0000000080001962] -> 0x1001
[1629] [M]: 0x0000000080001960 (0x1001FF37) lui t5, 0x1001f
x30 <- 0x000000001001F000

mem[X,0x0000000080001964] -> 0x0F13
mem[X,0x0000000080001966] -> 0xFFAF
[1630] [M]: 0x0000000080001964 (0xFFAF0F13) addi t5, t5, -0x6
x30 <- 0x000000001001EFFA

mem[X,0x0000000080001968] -> 0x1F13
mem[X,0x000000008000196A] -> 0x00BF
[1631] [M]: 0x0000000080001968 (0x00BF1F13) slli t5, t5, 0xb
x30 <- 0x000000800F7FD000

mem[X,0x000000008000196C] -> 0x0F13
mem[X,0x000000008000196E] -> 0x7F7F
[1632] [M]: 0x000000008000196C (0x7F7F0F13) addi t5, t5, 0x7f7
x30 <- 0x000000800F7FD7F7

mem[X,0x0000000080001970] -> 0x1F13
mem[X,0x0000000080001972] -> 0x00BF
[1633] [M]: 0x0000000080001970 (0x00BF1F13) slli t5, t5, 0xb
x30 <- 0x0004007BFEBFB800

mem[X,0x0000000080001974] -> 0x0F13
mem[X,0x0000000080001976] -> 0x710F
[1634] [M]: 0x0000000080001974 (0x710F0F13) addi t5, t5, 0x710
x30 <- 0x0004007BFEBFBF10

mem[X,0x0000000080001978] -> 0x1F13
mem[X,0x000000008000197A] -> 0x00AF
[1635] [M]: 0x0000000080001978 (0x00AF1F13) slli t5, t5, 0xa
x30 <- 0x1001EFFAFEFC4000

mem[X,0x000000008000197C] -> 0x0F13
mem[X,0x000000008000197E] -> 0x03FF
[1636] [M]: 0x000000008000197C (0x03FF0F13) addi t5, t5, 0x3f
x30 <- 0x1001EFFAFEFC403F

mem[X,0x0000000080001980] -> 0x8EB7
mem[X,0x0000000080001982] -> 0x0003
[1637] [M]: 0x0000000080001980 (0x00038EB7) lui t4, 0x38
x29 <- 0x0000000000038000

mem[X,0x0000000080001984] -> 0x8E93
mem[X,0x0000000080001986] -> 0xFFEE
[1638] [M]: 0x0000000080001984 (0xFFEE8E93) addi t4, t4, -0x2
x29 <- 0x0000000000037FFE

mem[X,0x0000000080001988] -> 0x9E93
mem[X,0x000000008000198A] -> 0x00BE
[1639] [M]: 0x0000000080001988 (0x00BE9E93) slli t4, t4, 0xb
x29 <- 0x000000001BFFF000

mem[X,0x000000008000198C] -> 0x8E93
mem[X,0x000000008000198E] -> 0x1F8E
[1640] [M]: 0x000000008000198C (0x1F8E8E93) addi t4, t4, 0x1f8
x29 <- 0x000000001BFFF1F8

mem[X,0x0000000080001990] -> 0x9E93
mem[X,0x0000000080001992] -> 0x00BE
[1641] [M]: 0x0000000080001990 (0x00BE9E93) slli t4, t4, 0xb
x29 <- 0x000000DFFF8FC000

mem[X,0x0000000080001994] -> 0x8E93
mem[X,0x0000000080001996] -> 0x080E
[1642] [M]: 0x0000000080001994 (0x080E8E93) addi t4, t4, 0x80
x29 <- 0x000000DFFF8FC080

mem[X,0x0000000080001998] -> 0x9E93
mem[X,0x000000008000199A] -> 0x00AE
[1643] [M]: 0x0000000080001998 (0x00AE9E93) slli t4, t4, 0xa
x29 <- 0x00037FFE3F020000

mem[X,0x000000008000199C] -> 0x8E93
mem[X,0x000000008000199E] -> 0x23FE
[1644] [M]: 0x000000008000199C (0x23FE8E93) addi t4, t4, 0x23f
x29 <- 0x00037FFE3F02023F

mem[X,0x00000000800019A0] -> 0x0FBB
mem[X,0x00000000800019A2] -> 0x95DF
[1645] [M]: 0x00000000800019A0 (0x95DF0FBB) psadd.b t6, t5, t4
x31 <- 0x10046EF83DFE427E

mem[X,0x00000000800019A4] -> 0xB423
mem[X,0x00000000800019A6] -> 0x1DF0
[1646] [M]: 0x00000000800019A4 (0x1DF0B423) sd t6, 0x1c8(ra)
mem[0x00000000800043B0] <- 0x10046EF83DFE427E

mem[X,0x00000000800019A8] -> 0xFF37
mem[X,0x00000000800019AA] -> 0x107F
[1647] [M]: 0x00000000800019A8 (0x107FFF37) lui t5, 0x107ff
x30 <- 0x00000000107FF000

mem[X,0x00000000800019AC] -> 0x0F13
mem[X,0x00000000800019AE] -> 0xFDFF
[1648] [M]: 0x00000000800019AC (0xFDFF0F13) addi t5, t5, -0x21
x30 <- 0x00000000107FEFDF

mem[X,0x00000000800019B0] -> 0x1F13
mem[X,0x00000000800019B2] -> 0x00BF
[1649] [M]: 0x00000000800019B0 (0x00BF1F13) slli t5, t5, 0xb
x30 <- 0x00000083FF7EF800

mem[X,0x00000000800019B4] -> 0x0F13
mem[X,0x00000000800019B6] -> 0x001F
[1650] [M]: 0x00000000800019B4 (0x001F0F13) addi t5, t5, 0x1
x30 <- 0x00000083FF7EF801

mem[X,0x00000000800019B8] -> 0x1F13
mem[X,0x00000000800019BA] -> 0x00BF
[1651] [M]: 0x00000000800019B8 (0x00BF1F13) slli t5, t5, 0xb
x30 <- 0x00041FFBF7C00800

mem[X,0x00000000800019BC] -> 0x0F13
mem[X,0x00000000800019BE] -> 0x000F
[1652] [M]: 0x00000000800019BC (0x000F0F13) addi t5, t5, 0x0
x30 <- 0x00041FFBF7C00800

mem[X,0x00000000800019C0] -> 0x1F13
mem[X,0x00000000800019C2] -> 0x00AF
[1653] [M]: 0x00000000800019C0 (0x00AF1F13) slli t5, t5, 0xa
x30 <- 0x107FEFDF00200000

mem[X,0x00000000800019C4] -> 0x0F13
mem[X,0x00000000800019C6] -> 0x103F
[1654] [M]: 0x00000000800019C4 (0x103F0F13) addi t5, t5, 0x103
x30 <- 0x107FEFDF00200103

mem[X,0x00000000800019C8] -> 0x8EB7
mem[X,0x00000000800019CA] -> 0xFEFC
[1655] [M]: 0x00000000800019C8 (0xFEFC8EB7) lui t4, -0x1038
x29 <- 0xFFFFFFFFFEFC8000

mem[X,0x00000000800019CC] -> 0x8E93
mem[X,0x00000000800019CE] -> 0x0C0E
[1656] [M]: 0x00000000800019CC (0x0C0E8E93) addi t4, t4, 0xc0
x29 <- 0xFFFFFFFFFEFC80C0

mem[X,0x00000000800019D0] -> 0x9E93
mem[X,0x00000000800019D2] -> 0x00BE
[1657] [M]: 0x00000000800019D0 (0x00BE9E93) slli t4, t4, 0xb
x29 <- 0xFFFFFFF7E4060000

mem[X,0x00000000800019D4] -> 0x8E93
mem[X,0x00000000800019D6] -> 0x7F6E
[1658] [M]: 0x00000000800019D4 (0x7F6E8E93) addi t4, t4, 0x7f6
x29 <- 0xFFFFFFF7E40607F6

mem[X,0x00000000800019D8] -> 0x9E93
mem[X,0x00000000800019DA] -> 0x00BE
[1659] [M]: 0x00000000800019D8 (0x00BE9E93) slli t4, t4, 0xb
x29 <- 0xFFFFBF20303FB000

mem[X,0x00000000800019DC] -> 0x8E93
mem[X,0x00000000800019DE] -> 0x7C4E
[1660] [M]: 0x00000000800019DC (0x7C4E8E93) addi t4, t4, 0x7c4
x29 <- 0xFFFFBF20303FB7C4

mem[X,0x00000000800019E0] -> 0x9E93
mem[X,0x00000000800019E2] -> 0x00AE
[1661] [M]: 0x00000000800019E0 (0x00AE9E93) slli t4, t4, 0xa
x29 <- 0xFEFC80C0FEDF1000

mem[X,0x00000000800019E4] -> 0x8E93
mem[X,0x00000000800019E6] -> 0x008E
[1662] [M]: 0x00000000800019E4 (0x008E8E93) addi t4, t4, 0x8
x29 <- 0xFEFC80C0FEDF1008

mem[X,0x00000000800019E8] -> 0x0FBB
mem[X,0x00000000800019EA] -> 0x95DF
[1663] [M]: 0x00000000800019E8 (0x95DF0FBB) psadd.b t6, t5, t4
x31 <- 0x0E7B809FFEFF110B

mem[X,0x00000000800019EC] -> 0xB823
mem[X,0x00000000800019EE] -> 0x1DF0
[1664] [M]: 0x00000000800019EC (0x1DF0B823) sd t6, 0x1d0(ra)
mem[0x00000000800043B8] <- 0x0E7B809FFEFF110B

mem[X,0x00000000800019F0] -> 0x0F37
mem[X,0x00000000800019F2] -> 0x0805
[1665] [M]: 0x00000000800019F0 (0x08050F37) lui t5, 0x8050
x30 <- 0x0000000008050000

mem[X,0x00000000800019F4] -> 0x0F13
mem[X,0x00000000800019F6] -> 0xD04F
[1666] [M]: 0x00000000800019F4 (0xD04F0F13) addi t5, t5, -0x2fc
x30 <- 0x000000000804FD04

mem[X,0x00000000800019F8] -> 0x1F13
mem[X,0x00000000800019FA] -> 0x00BF
[1667] [M]: 0x00000000800019F8 (0x00BF1F13) slli t5, t5, 0xb
x30 <- 0x0000004027E82000

mem[X,0x00000000800019FC] -> 0x0F13
mem[X,0x00000000800019FE] -> 0x037F
[1668] [M]: 0x00000000800019FC (0x037F0F13) addi t5, t5, 0x37
x30 <- 0x0000004027E82037

mem[X,0x0000000080001A00] -> 0x1F13
mem[X,0x0000000080001A02] -> 0x00BF
[1669] [M]: 0x0000000080001A00 (0x00BF1F13) slli t5, t5, 0xb
x30 <- 0x0002013F4101B800

mem[X,0x0000000080001A04] -> 0x0F13
mem[X,0x0000000080001A06] -> 0x600F
[1670] [M]: 0x0000000080001A04 (0x600F0F13) addi t5, t5, 0x600
x30 <- 0x0002013F4101BE00

mem[X,0x0000000080001A08] -> 0x1F13
mem[X,0x0000000080001A0A] -> 0x00AF
[1671] [M]: 0x0000000080001A08 (0x00AF1F13) slli t5, t5, 0xa
x30 <- 0x0804FD0406F80000

mem[X,0x0000000080001A0C] -> 0x0F13
mem[X,0x0000000080001A0E] -> 0x108F
[1672] [M]: 0x0000000080001A0C (0x108F0F13) addi t5, t5, 0x108
x30 <- 0x0804FD0406F80108

mem[X,0x0000000080001A10] -> 0x0EB7
mem[X,0x0000000080001A12] -> 0xFC55
[1673] [M]: 0x0000000080001A10 (0xFC550EB7) lui t4, -0x3ab0
x29 <- 0xFFFFFFFFFC550000

mem[X,0x0000000080001A14] -> 0x8E93
mem[X,0x0000000080001A16] -> 0x455E
[1674] [M]: 0x0000000080001A14 (0x455E8E93) addi t4, t4, 0x455
x29 <- 0xFFFFFFFFFC550455

mem[X,0x0000000080001A18] -> 0x9E93
mem[X,0x0000000080001A1A] -> 0x00BE
[1675] [M]: 0x0000000080001A18 (0x00BE9E93) slli t4, t4, 0xb
x29 <- 0xFFFFFFE2A822A800

mem[X,0x0000000080001A1C] -> 0x8E93
mem[X,0x0000000080001A1E] -> 0x010E
[1676] [M]: 0x0000000080001A1C (0x010E8E93) addi t4, t4, 0x10
x29 <- 0xFFFFFFE2A822A810

mem[X,0x0000000080001A20] -> 0x9E93
mem[X,0x0000000080001A22] -> 0x00BE
[1677] [M]: 0x0000000080001A20 (0x00BE9E93) slli t4, t4, 0xb
x29 <- 0xFFFF154115408000

mem[X,0x0000000080001A24] -> 0x8E93
mem[X,0x0000000080001A26] -> 0x1BFE
[1678] [M]: 0x0000000080001A24 (0x1BFE8E93) addi t4, t4, 0x1bf
x29 <- 0xFFFF1541154081BF

mem[X,0x0000000080001A28] -> 0x9E93
mem[X,0x0000000080001A2A] -> 0x00AE
[1679] [M]: 0x0000000080001A28 (0x00AE9E93) slli t4, t4, 0xa
x29 <- 0xFC5504550206FC00

mem[X,0x0000000080001A2C] -> 0x8E93
mem[X,0x0000000080001A2E] -> 0x3C0E
[1680] [M]: 0x0000000080001A2C (0x3C0E8E93) addi t4, t4, 0x3c0
x29 <- 0xFC5504550206FFC0

mem[X,0x0000000080001A30] -> 0x0FBB
mem[X,0x0000000080001A32] -> 0x95DF
[1681] [M]: 0x0000000080001A30 (0x95DF0FBB) psadd.b t6, t5, t4
x31 <- 0x0459015908FE00C8

mem[X,0x0000000080001A34] -> 0xBC23
mem[X,0x0000000080001A36] -> 0x1DF0
[1682] [M]: 0x0000000080001A34 (0x1DF0BC23) sd t6, 0x1d8(ra)
mem[0x00000000800043C0] <- 0x0459015908FE00C8

mem[X,0x0000000080001A38] -> 0x8F37
mem[X,0x0000000080001A3A] -> 0xDF05
[1683] [M]: 0x0000000080001A38 (0xDF058F37) lui t5, -0x20fa8
x30 <- 0xFFFFFFFFDF058000

mem[X,0x0000000080001A3C] -> 0x0F13
mem[X,0x0000000080001A3E] -> 0x0EFF
[1684] [M]: 0x0000000080001A3C (0x0EFF0F13) addi t5, t5, 0xef
x30 <- 0xFFFFFFFFDF0580EF

mem[X,0x0000000080001A40] -> 0x1F13
mem[X,0x0000000080001A42] -> 0x00BF
[1685] [M]: 0x0000000080001A40 (0x00BF1F13) slli t5, t5, 0xb
x30 <- 0xFFFFFEF82C077800

mem[X,0x0000000080001A44] -> 0x0F13
mem[X,0x0000000080001A46] -> 0x037F
[1686] [M]: 0x0000000080001A44 (0x037F0F13) addi t5, t5, 0x37
x30 <- 0xFFFFFEF82C077837

mem[X,0x0000000080001A48] -> 0x1F13
mem[X,0x0000000080001A4A] -> 0x00BF
[1687] [M]: 0x0000000080001A48 (0x00BF1F13) slli t5, t5, 0xb
x30 <- 0xFFF7C1603BC1B800

mem[X,0x0000000080001A4C] -> 0x0F13
mem[X,0x0000000080001A4E] -> 0x5FEF
[1688] [M]: 0x0000000080001A4C (0x5FEF0F13) addi t5, t5, 0x5fe
x30 <- 0xFFF7C1603BC1BDFE

mem[X,0x0000000080001A50] -> 0x1F13
mem[X,0x0000000080001A52] -> 0x00AF
[1689] [M]: 0x0000000080001A50 (0x00AF1F13) slli t5, t5, 0xa
x30 <- 0xDF0580EF06F7F800

mem[X,0x0000000080001A54] -> 0x0F13
mem[X,0x0000000080001A56] -> 0x255F
[1690] [M]: 0x0000000080001A54 (0x255F0F13) addi t5, t5, 0x255
x30 <- 0xDF0580EF06F7FA55

mem[X,0x0000000080001A58] -> 0x1EB7
mem[X,0x0000000080001A5A] -> 0x0940
[1691] [M]: 0x0000000080001A58 (0x09401EB7) lui t4, 0x9401
x29 <- 0x0000000009401000

mem[X,0x0000000080001A5C] -> 0x8E93
mem[X,0x0000000080001A5E] -> 0x0EFE
[1692] [M]: 0x0000000080001A5C (0x0EFE8E93) addi t4, t4, 0xef
x29 <- 0x00000000094010EF

mem[X,0x0000000080001A60] -> 0x9E93
mem[X,0x0000000080001A62] -> 0x00BE
[1693] [M]: 0x0000000080001A60 (0x00BE9E93) slli t4, t4, 0xb
x29 <- 0x0000004A00877800

mem[X,0x0000000080001A64] -> 0x8E93
mem[X,0x0000000080001A66] -> 0x7BAE
[1694] [M]: 0x0000000080001A64 (0x7BAE8E93) addi t4, t4, 0x7ba
x29 <- 0x0000004A00877FBA

mem[X,0x0000000080001A68] -> 0x9E93
mem[X,0x0000000080001A6A] -> 0x00BE
[1695] [M]: 0x0000000080001A68 (0x00BE9E93) slli t4, t4, 0xb
x29 <- 0x000250043BFDD000

mem[X,0x0000000080001A6C] -> 0x8E93
mem[X,0x0000000080001A6E] -> 0x03EE
[1696] [M]: 0x0000000080001A6C (0x03EE8E93) addi t4, t4, 0x3e
x29 <- 0x000250043BFDD03E

mem[X,0x0000000080001A70] -> 0x9E93
mem[X,0x0000000080001A72] -> 0x00AE
[1697] [M]: 0x0000000080001A70 (0x00AE9E93) slli t4, t4, 0xa
x29 <- 0x094010EFF740F800

mem[X,0x0000000080001A74] -> 0x8E93
mem[X,0x0000000080001A76] -> 0x0FAE
[1698] [M]: 0x0000000080001A74 (0x0FAE8E93) addi t4, t4, 0xfa
x29 <- 0x094010EFF740F8FA

mem[X,0x0000000080001A78] -> 0x0FBB
mem[X,0x0000000080001A7A] -> 0x95DF
[1699] [M]: 0x0000000080001A78 (0x95DF0FBB) psadd.b t6, t5, t4
x31 <- 0xE84590DEFD37F24F

clint::tick mtime <- 0x0000000000000011
 clint timer pending at mtime 0x0000000000000011
htif::tick 0x0000000000000000
mem[X,0x0000000080001A7C] -> 0xB023
mem[X,0x0000000080001A7E] -> 0x1FF0
[1700] [M]: 0x0000000080001A7C (0x1FF0B023) sd t6, 0x1e0(ra)
mem[0x00000000800043C8] <- 0xE84590DEFD37F24F

mem[X,0x0000000080001A80] -> 0x1F37
mem[X,0x0000000080001A82] -> 0xFCF8
[1701] [M]: 0x0000000080001A80 (0xFCF81F37) lui t5, -0x307f
x30 <- 0xFFFFFFFFFCF81000

mem[X,0x0000000080001A84] -> 0x0F13
mem[X,0x0000000080001A86] -> 0x0F8F
[1702] [M]: 0x0000000080001A84 (0x0F8F0F13) addi t5, t5, 0xf8
x30 <- 0xFFFFFFFFFCF810F8

mem[X,0x0000000080001A88] -> 0x1F13
mem[X,0x0000000080001A8A] -> 0x00BF
[1703] [M]: 0x0000000080001A88 (0x00BF1F13) slli t5, t5, 0xb
x30 <- 0xFFFFFFE7C087C000

mem[X,0x0000000080001A8C] -> 0x0F13
mem[X,0x0000000080001A8E] -> 0x400F
[1704] [M]: 0x0000000080001A8C (0x400F0F13) addi t5, t5, 0x400
x30 <- 0xFFFFFFE7C087C400

mem[X,0x0000000080001A90] -> 0x1F13
mem[X,0x0000000080001A92] -> 0x00BF
[1705] [M]: 0x0000000080001A90 (0x00BF1F13) slli t5, t5, 0xb
x30 <- 0xFFFF3E043E200000

mem[X,0x0000000080001A94] -> 0x0F13
mem[X,0x0000000080001A96] -> 0x43EF
[1706] [M]: 0x0000000080001A94 (0x43EF0F13) addi t5, t5, 0x43e
x30 <- 0xFFFF3E043E20043E

mem[X,0x0000000080001A98] -> 0x1F13
mem[X,0x0000000080001A9A] -> 0x00AF
[1707] [M]: 0x0000000080001A98 (0x00AF1F13) slli t5, t5, 0xa
x30 <- 0xFCF810F88010F800

mem[X,0x0000000080001A9C] -> 0x0F13
mem[X,0x0000000080001A9E] -> 0x100F
[1708] [M]: 0x0000000080001A9C (0x100F0F13) addi t5, t5, 0x100
x30 <- 0xFCF810F88010F900

mem[X,0x0000000080001AA0] -> 0x0EB7
mem[X,0x0000000080001AA2] -> 0x09C0
[1709] [M]: 0x0000000080001AA0 (0x09C00EB7) lui t4, 0x9c00
x29 <- 0x0000000009C00000

mem[X,0x0000000080001AA4] -> 0x8E93
mem[X,0x0000000080001AA6] -> 0x8C0E
[1710] [M]: 0x0000000080001AA4 (0x8C0E8E93) addi t4, t4, -0x740
x29 <- 0x0000000009BFF8C0

mem[X,0x0000000080001AA8] -> 0x9E93
mem[X,0x0000000080001AAA] -> 0x00BE
[1711] [M]: 0x0000000080001AA8 (0x00BE9E93) slli t4, t4, 0xb
x29 <- 0x0000004DFFC60000

mem[X,0x0000000080001AAC] -> 0x8E93
mem[X,0x0000000080001AAE] -> 0x01EE
[1712] [M]: 0x0000000080001AAC (0x01EE8E93) addi t4, t4, 0x1e
x29 <- 0x0000004DFFC6001E

mem[X,0x0000000080001AB0] -> 0x9E93
mem[X,0x0000000080001AB2] -> 0x00BE
[1713] [M]: 0x0000000080001AB0 (0x00BE9E93) slli t4, t4, 0xb
x29 <- 0x00026FFE3000F000

mem[X,0x0000000080001AB4] -> 0x8E93
mem[X,0x0000000080001AB6] -> 0x001E
[1714] [M]: 0x0000000080001AB4 (0x001E8E93) addi t4, t4, 0x1
x29 <- 0x00026FFE3000F001

mem[X,0x0000000080001AB8] -> 0x9E93
mem[X,0x0000000080001ABA] -> 0x00AE
[1715] [M]: 0x0000000080001AB8 (0x00AE9E93) slli t4, t4, 0xa
x29 <- 0x09BFF8C003C00400

mem[X,0x0000000080001ABC] -> 0x8E93
mem[X,0x0000000080001ABE] -> 0x100E
[1716] [M]: 0x0000000080001ABC (0x100E8E93) addi t4, t4, 0x100
x29 <- 0x09BFF8C003C00500

mem[X,0x0000000080001AC0] -> 0x0FBB
mem[X,0x0000000080001AC2] -> 0x95DF
[1717] [M]: 0x0000000080001AC0 (0x95DF0FBB) psadd.b t6, t5, t4
x31 <- 0x05B708B883D0FE00

mem[X,0x0000000080001AC4] -> 0xB423
mem[X,0x0000000080001AC6] -> 0x1FF0
[1718] [M]: 0x0000000080001AC4 (0x1FF0B423) sd t6, 0x1e8(ra)
mem[0x00000000800043D0] <- 0x05B708B883D0FE00

mem[X,0x0000000080001AC8] -> 0x0F37
mem[X,0x0000000080001ACA] -> 0xFA40
[1719] [M]: 0x0000000080001AC8 (0xFA400F37) lui t5, -0x5c00
x30 <- 0xFFFFFFFFFA400000

mem[X,0x0000000080001ACC] -> 0x0F13
mem[X,0x0000000080001ACE] -> 0x8FEF
[1720] [M]: 0x0000000080001ACC (0x8FEF0F13) addi t5, t5, -0x702
x30 <- 0xFFFFFFFFFA3FF8FE

mem[X,0x0000000080001AD0] -> 0x1F13
mem[X,0x0000000080001AD2] -> 0x00BF
[1721] [M]: 0x0000000080001AD0 (0x00BF1F13) slli t5, t5, 0xb
x30 <- 0xFFFFFFD1FFC7F000

mem[X,0x0000000080001AD4] -> 0x0F13
mem[X,0x0000000080001AD6] -> 0x5F8F
[1722] [M]: 0x0000000080001AD4 (0x5F8F0F13) addi t5, t5, 0x5f8
x30 <- 0xFFFFFFD1FFC7F5F8

mem[X,0x0000000080001AD8] -> 0x1F13
mem[X,0x0000000080001ADA] -> 0x00BF
[1723] [M]: 0x0000000080001AD8 (0x00BF1F13) slli t5, t5, 0xb
x30 <- 0xFFFE8FFE3FAFC000

mem[X,0x0000000080001ADC] -> 0x0F13
mem[X,0x0000000080001ADE] -> 0x17FF
[1724] [M]: 0x0000000080001ADC (0x17FF0F13) addi t5, t5, 0x17f
x30 <- 0xFFFE8FFE3FAFC17F

mem[X,0x0000000080001AE0] -> 0x1F13
mem[X,0x0000000080001AE2] -> 0x00AF
[1725] [M]: 0x0000000080001AE0 (0x00AF1F13) slli t5, t5, 0xa
x30 <- 0xFA3FF8FEBF05FC00

mem[X,0x0000000080001AE4] -> 0x0F13
mem[X,0x0000000080001AE6] -> 0x07FF
[1726] [M]: 0x0000000080001AE4 (0x07FF0F13) addi t5, t5, 0x7f
x30 <- 0xFA3FF8FEBF05FC7F

mem[X,0x0000000080001AE8] -> 0xCEB7
mem[X,0x0000000080001AEA] -> 0xEF03
[1727] [M]: 0x0000000080001AE8 (0xEF03CEB7) lui t4, -0x10fc4
x29 <- 0xFFFFFFFFEF03C000

mem[X,0x0000000080001AEC] -> 0x8E93
mem[X,0x0000000080001AEE] -> 0xF7FE
[1728] [M]: 0x0000000080001AEC (0xF7FE8E93) addi t4, t4, -0x81
x29 <- 0xFFFFFFFFEF03BF7F

mem[X,0x0000000080001AF0] -> 0x9E93
mem[X,0x0000000080001AF2] -> 0x00BE
[1729] [M]: 0x0000000080001AF0 (0x00BE9E93) slli t4, t4, 0xb
x29 <- 0xFFFFFF781DFBF800

mem[X,0x0000000080001AF4] -> 0x8E93
mem[X,0x0000000080001AF6] -> 0x607E
[1730] [M]: 0x0000000080001AF4 (0x607E8E93) addi t4, t4, 0x607
x29 <- 0xFFFFFF781DFBFE07

mem[X,0x0000000080001AF8] -> 0x9E93
mem[X,0x0000000080001AFA] -> 0x00BE
[1731] [M]: 0x0000000080001AF8 (0x00BE9E93) slli t4, t4, 0xb
x29 <- 0xFFFBC0EFDFF03800

mem[X,0x0000000080001AFC] -> 0x8E93
mem[X,0x0000000080001AFE] -> 0x3FFE
[1732] [M]: 0x0000000080001AFC (0x3FFE8E93) addi t4, t4, 0x3ff
x29 <- 0xFFFBC0EFDFF03BFF

mem[X,0x0000000080001B00] -> 0x9E93
mem[X,0x0000000080001B02] -> 0x00AE
[1733] [M]: 0x0000000080001B00 (0x00AE9E93) slli t4, t4, 0xa
x29 <- 0xEF03BF7FC0EFFC00

mem[X,0x0000000080001B04] -> 0x8E93
mem[X,0x0000000080001B06] -> 0x1AAE
[1734] [M]: 0x0000000080001B04 (0x1AAE8E93) addi t4, t4, 0x1aa
x29 <- 0xEF03BF7FC0EFFDAA

mem[X,0x0000000080001B08] -> 0x0FBB
mem[X,0x0000000080001B0A] -> 0x95DF
[1735] [M]: 0x0000000080001B08 (0x95DF0FBB) psadd.b t6, t5, t4
x31 <- 0xE942B77D80F4F929

mem[X,0x0000000080001B0C] -> 0xB823
mem[X,0x0000000080001B0E] -> 0x1FF0
[1736] [M]: 0x0000000080001B0C (0x1FF0B823) sd t6, 0x1f0(ra)
mem[0x00000000800043D8] <- 0xE942B77D80F4F929

mem[X,0x0000000080001B10] -> 0x0F37
mem[X,0x0000000080001B12] -> 0xFD07
[1737] [M]: 0x0000000080001B10 (0xFD070F37) lui t5, -0x2f90
x30 <- 0xFFFFFFFFFD070000

mem[X,0x0000000080001B14] -> 0x0F13
mem[X,0x0000000080001B16] -> 0xEFAF
[1738] [M]: 0x0000000080001B14 (0xEFAF0F13) addi t5, t5, -0x106
x30 <- 0xFFFFFFFFFD06FEFA

mem[X,0x0000000080001B18] -> 0x1F13
mem[X,0x0000000080001B1A] -> 0x00BF
[1739] [M]: 0x0000000080001B18 (0x00BF1F13) slli t5, t5, 0xb
x30 <- 0xFFFFFFE837F7D000

mem[X,0x0000000080001B1C] -> 0x0F13
mem[X,0x0000000080001B1E] -> 0x106F
[1740] [M]: 0x0000000080001B1C (0x106F0F13) addi t5, t5, 0x106
x30 <- 0xFFFFFFE837F7D106

mem[X,0x0000000080001B20] -> 0x1F13
mem[X,0x0000000080001B22] -> 0x00BF
[1741] [M]: 0x0000000080001B20 (0x00BF1F13) slli t5, t5, 0xb
x30 <- 0xFFFF41BFBE883000

mem[X,0x0000000080001B24] -> 0x0F13
mem[X,0x0000000080001B26] -> 0x7FEF
[1742] [M]: 0x0000000080001B24 (0x7FEF0F13) addi t5, t5, 0x7fe
x30 <- 0xFFFF41BFBE8837FE

mem[X,0x0000000080001B28] -> 0x1F13
mem[X,0x0000000080001B2A] -> 0x00AF
[1743] [M]: 0x0000000080001B28 (0x00AF1F13) slli t5, t5, 0xa
x30 <- 0xFD06FEFA20DFF800

mem[X,0x0000000080001B2C] -> 0x0F13
mem[X,0x0000000080001B2E] -> 0x3FCF
[1744] [M]: 0x0000000080001B2C (0x3FCF0F13) addi t5, t5, 0x3fc
x30 <- 0xFD06FEFA20DFFBFC

mem[X,0x0000000080001B30] -> 0x0EB7
mem[X,0x0000000080001B32] -> 0xFA3F
[1745] [M]: 0x0000000080001B30 (0xFA3F0EB7) lui t4, -0x5c10
x29 <- 0xFFFFFFFFFA3F0000

mem[X,0x0000000080001B34] -> 0x8E93
mem[X,0x0000000080001B36] -> 0x100E
[1746] [M]: 0x0000000080001B34 (0x100E8E93) addi t4, t4, 0x100
x29 <- 0xFFFFFFFFFA3F0100

mem[X,0x0000000080001B38] -> 0x9E93
mem[X,0x0000000080001B3A] -> 0x00BE
[1747] [M]: 0x0000000080001B38 (0x00BE9E93) slli t4, t4, 0xb
x29 <- 0xFFFFFFD1F8080000

mem[X,0x0000000080001B3C] -> 0x8E93
mem[X,0x0000000080001B3E] -> 0x7BDE
[1748] [M]: 0x0000000080001B3C (0x7BDE8E93) addi t4, t4, 0x7bd
x29 <- 0xFFFFFFD1F80807BD

mem[X,0x0000000080001B40] -> 0x9E93
mem[X,0x0000000080001B42] -> 0x00BE
[1749] [M]: 0x0000000080001B40 (0x00BE9E93) slli t4, t4, 0xb
x29 <- 0xFFFE8FC0403DE800

mem[X,0x0000000080001B44] -> 0x8E93
mem[X,0x0000000080001B46] -> 0x7C1E
[1750] [M]: 0x0000000080001B44 (0x7C1E8E93) addi t4, t4, 0x7c1
x29 <- 0xFFFE8FC0403DEFC1

mem[X,0x0000000080001B48] -> 0x9E93
mem[X,0x0000000080001B4A] -> 0x00AE
[1751] [M]: 0x0000000080001B48 (0x00AE9E93) slli t4, t4, 0xa
x29 <- 0xFA3F0100F7BF0400

mem[X,0x0000000080001B4C] -> 0x8E93
mem[X,0x0000000080001B4E] -> 0x17FE
[1752] [M]: 0x0000000080001B4C (0x17FE8E93) addi t4, t4, 0x17f
x29 <- 0xFA3F0100F7BF057F

mem[X,0x0000000080001B50] -> 0x0FBB
mem[X,0x0000000080001B52] -> 0x95DF
[1753] [M]: 0x0000000080001B50 (0x95DF0FBB) psadd.b t6, t5, t4
x31 <- 0xF745FFFA179E007B

mem[X,0x0000000080001B54] -> 0xBC23
mem[X,0x0000000080001B56] -> 0x1FF0
[1754] [M]: 0x0000000080001B54 (0x1FF0BC23) sd t6, 0x1f8(ra)
mem[0x00000000800043E0] <- 0xF745FFFA179E007B

mem[X,0x0000000080001B58] -> 0x006F
mem[X,0x0000000080001B5A] -> 0x0380
[1755] [M]: 0x0000000080001B58 (0x0380006F) jal zero, 0x38

mem[X,0x0000000080001B90] -> 0x0093
mem[X,0x0000000080001B92] -> 0x0010
[1756] [M]: 0x0000000080001B90 (0x00100093) addi ra, zero, 0x1
x1 <- 0x0000000000000001

mem[X,0x0000000080001B94] -> 0x0F17
mem[X,0x0000000080001B96] -> 0x0000
[1757] [M]: 0x0000000080001B94 (0x00000F17) auipc t5, 0x0
x30 <- 0x0000000080001B94

mem[X,0x0000000080001B98] -> 0x2623
mem[X,0x0000000080001B9A] -> 0x461F
[1758] [M]: 0x0000000080001B98 (0x461F2623) sw ra, 0x46c(t5)
htif[0x0000000080002000] <- 0x00000001

mem[X,0x0000000080001B9C] -> 0xF06F
mem[X,0x0000000080001B9E] -> 0xFF9F
[1759] [M]: 0x0000000080001B9C (0xFF9FF06F) jal zero, -0x8

mem[X,0x0000000080001B94] -> 0x0F17
mem[X,0x0000000080001B96] -> 0x0000
[1760] [M]: 0x0000000080001B94 (0x00000F17) auipc t5, 0x0
x30 <- 0x0000000080001B94

mem[X,0x0000000080001B98] -> 0x2623
mem[X,0x0000000080001B9A] -> 0x461F
[1761] [M]: 0x0000000080001B98 (0x461F2623) sw ra, 0x46c(t5)
htif[0x0000000080002000] <- 0x00000001

mem[X,0x0000000080001B9C] -> 0xF06F
mem[X,0x0000000080001B9E] -> 0xFF9F
[1762] [M]: 0x0000000080001B9C (0xFF9FF06F) jal zero, -0x8

mem[X,0x0000000080001B94] -> 0x0F17
mem[X,0x0000000080001B96] -> 0x0000
[1763] [M]: 0x0000000080001B94 (0x00000F17) auipc t5, 0x0
x30 <- 0x0000000080001B94

mem[X,0x0000000080001B98] -> 0x2623
mem[X,0x0000000080001B9A] -> 0x461F
[1764] [M]: 0x0000000080001B98 (0x461F2623) sw ra, 0x46c(t5)
htif[0x0000000080002000] <- 0x00000001
htif-syscall-proxy cmd: 0x000000000001

SUCCESS
