using /home/chsu/rvp-workspace/test-64/riscof_work/pm4addu.h-01.S/ref/Reference-sail_c_simulator.signature for test-signature output.
tohost located at 0x80002000
Running file ref.elf.
ELF Entry @ 0x80000000
begin_signature: 0x80004110
end_signature: 0x80004440
CSR mstatus <- 0x0000000A00000000 (input: 0x0000000000000000)
mem[X,0x0000000000001000] -> 0x0297
mem[X,0x0000000000001002] -> 0x0000
[0] [M]: 0x0000000000001000 (0x00000297) auipc t0, 0x0
x5 <- 0x0000000000001000

mem[X,0x0000000000001004] -> 0x8593
mem[X,0x0000000000001006] -> 0x0202
[1] [M]: 0x0000000000001004 (0x02028593) addi a1, t0, 0x20
x11 <- 0x0000000000001020

mem[X,0x0000000000001008] -> 0x2573
mem[X,0x000000000000100A] -> 0xF140
[2] [M]: 0x0000000000001008 (0xF1402573) csrrs a0, mhartid, zero
CSR mhartid -> 0x0000000000000000
x10 <- 0x0000000000000000

mem[X,0x000000000000100C] -> 0xB283
mem[X,0x000000000000100E] -> 0x0182
[3] [M]: 0x000000000000100C (0x0182B283) ld t0, 0x18(t0)
mem[R,0x0000000000001018] -> 0x0000000080000000
x5 <- 0x0000000080000000

mem[X,0x0000000000001010] -> 0x8067
mem[X,0x0000000000001012] -> 0x0002
[4] [M]: 0x0000000000001010 (0x00028067) jalr zero, 0x0(t0)

mem[X,0x0000000080000000] -> 0x0837
mem[X,0x0000000080000002] -> 0x7D5C
[5] [M]: 0x0000000080000000 (0x7D5C0837) lui a6, 0x7d5c0
x16 <- 0x000000007D5C0000

mem[X,0x0000000080000004] -> 0x0813
mem[X,0x0000000080000006] -> 0xDDB8
[6] [M]: 0x0000000080000004 (0xDDB80813) addi a6, a6, -0x225
x16 <- 0x000000007D5BFDDB

mem[X,0x0000000080000008] -> 0x1813
mem[X,0x000000008000000A] -> 0x00B8
[7] [M]: 0x0000000080000008 (0x00B81813) slli a6, a6, 0xb
x16 <- 0x000003EADFEED800

mem[X,0x000000008000000C] -> 0x0813
mem[X,0x000000008000000E] -> 0x3EA8
[8] [M]: 0x000000008000000C (0x3EA80813) addi a6, a6, 0x3ea
x16 <- 0x000003EADFEEDBEA

mem[X,0x0000000080000010] -> 0x1813
mem[X,0x0000000080000012] -> 0x00B8
[9] [M]: 0x0000000080000010 (0x00B81813) slli a6, a6, 0xb
x16 <- 0x001F56FF76DF5000

mem[X,0x0000000080000014] -> 0x0813
mem[X,0x0000000080000016] -> 0x6FF8
[10] [M]: 0x0000000080000014 (0x6FF80813) addi a6, a6, 0x6ff
x16 <- 0x001F56FF76DF56FF

mem[X,0x0000000080000018] -> 0x1813
mem[X,0x000000008000001A] -> 0x00A8
[11] [M]: 0x0000000080000018 (0x00A81813) slli a6, a6, 0xa
x16 <- 0x7D5BFDDB7D5BFC00

mem[X,0x000000008000001C] -> 0x0813
mem[X,0x000000008000001E] -> 0x1DB8
[12] [M]: 0x000000008000001C (0x1DB80813) addi a6, a6, 0x1db
x16 <- 0x7D5BFDDB7D5BFDDB

mem[X,0x0000000080000020] -> 0x5893
mem[X,0x0000000080000022] -> 0x0078
[13] [M]: 0x0000000080000020 (0x00785893) srli a7, a6, 0x7
x17 <- 0x00FAB7FBB6FAB7FB

mem[X,0x0000000080000024] -> 0x5793
mem[X,0x0000000080000026] -> 0x0398
[14] [M]: 0x0000000080000024 (0x03985793) srli a5, a6, 0x39
x15 <- 0x000000000000003E

mem[X,0x0000000080000028] -> 0xE8B3
mem[X,0x000000008000002A] -> 0x00F8
[15] [M]: 0x0000000080000028 (0x00F8E8B3) or a7, a7, a5
x17 <- 0x00FAB7FBB6FAB7FF

mem[X,0x000000008000002C] -> 0xD913
mem[X,0x000000008000002E] -> 0x0078
[16] [M]: 0x000000008000002C (0x0078D913) srli s2, a7, 0x7
x18 <- 0x0001F56FF76DF56F

mem[X,0x0000000080000030] -> 0xD793
mem[X,0x0000000080000032] -> 0x0398
[17] [M]: 0x0000000080000030 (0x0398D793) srli a5, a7, 0x39
x15 <- 0x0000000000000000

mem[X,0x0000000080000034] -> 0x6933
mem[X,0x0000000080000036] -> 0x00F9
[18] [M]: 0x0000000080000034 (0x00F96933) or s2, s2, a5
x18 <- 0x0001F56FF76DF56F

mem[X,0x0000000080000038] -> 0x5993
mem[X,0x000000008000003A] -> 0x0079
[19] [M]: 0x0000000080000038 (0x00795993) srli s3, s2, 0x7
x19 <- 0x000003EADFEEDBEA

mem[X,0x000000008000003C] -> 0x5793
mem[X,0x000000008000003E] -> 0x0399
[20] [M]: 0x000000008000003C (0x03995793) srli a5, s2, 0x39
x15 <- 0x0000000000000000

mem[X,0x0000000080000040] -> 0xE9B3
mem[X,0x0000000080000042] -> 0x00F9
[21] [M]: 0x0000000080000040 (0x00F9E9B3) or s3, s3, a5
x19 <- 0x000003EADFEEDBEA

mem[X,0x0000000080000044] -> 0xDA13
mem[X,0x0000000080000046] -> 0x0079
[22] [M]: 0x0000000080000044 (0x0079DA13) srli s4, s3, 0x7
x20 <- 0x00000007D5BFDDB7

mem[X,0x0000000080000048] -> 0xD793
mem[X,0x000000008000004A] -> 0x0399
[23] [M]: 0x0000000080000048 (0x0399D793) srli a5, s3, 0x39
x15 <- 0x0000000000000000

mem[X,0x000000008000004C] -> 0x6A33
mem[X,0x000000008000004E] -> 0x00FA
[24] [M]: 0x000000008000004C (0x00FA6A33) or s4, s4, a5
x20 <- 0x00000007D5BFDDB7

mem[X,0x0000000080000050] -> 0x5A93
mem[X,0x0000000080000052] -> 0x007A
[25] [M]: 0x0000000080000050 (0x007A5A93) srli s5, s4, 0x7
x21 <- 0x000000000FAB7FBB

mem[X,0x0000000080000054] -> 0x5793
mem[X,0x0000000080000056] -> 0x039A
[26] [M]: 0x0000000080000054 (0x039A5793) srli a5, s4, 0x39
x15 <- 0x0000000000000000

mem[X,0x0000000080000058] -> 0xEAB3
mem[X,0x000000008000005A] -> 0x00FA
[27] [M]: 0x0000000080000058 (0x00FAEAB3) or s5, s5, a5
x21 <- 0x000000000FAB7FBB

mem[X,0x000000008000005C] -> 0xDB13
mem[X,0x000000008000005E] -> 0x007A
[28] [M]: 0x000000008000005C (0x007ADB13) srli s6, s5, 0x7
x22 <- 0x00000000001F56FF

mem[X,0x0000000080000060] -> 0xD793
mem[X,0x0000000080000062] -> 0x039A
[29] [M]: 0x0000000080000060 (0x039AD793) srli a5, s5, 0x39
x15 <- 0x0000000000000000

mem[X,0x0000000080000064] -> 0x6B33
mem[X,0x0000000080000066] -> 0x00FB
[30] [M]: 0x0000000080000064 (0x00FB6B33) or s6, s6, a5
x22 <- 0x00000000001F56FF

mem[X,0x0000000080000068] -> 0x5B93
mem[X,0x000000008000006A] -> 0x007B
[31] [M]: 0x0000000080000068 (0x007B5B93) srli s7, s6, 0x7
x23 <- 0x0000000000003EAD

mem[X,0x000000008000006C] -> 0x5793
mem[X,0x000000008000006E] -> 0x039B
[32] [M]: 0x000000008000006C (0x039B5793) srli a5, s6, 0x39
x15 <- 0x0000000000000000

mem[X,0x0000000080000070] -> 0xEBB3
mem[X,0x0000000080000072] -> 0x00FB
[33] [M]: 0x0000000080000070 (0x00FBEBB3) or s7, s7, a5
x23 <- 0x0000000000003EAD

mem[X,0x0000000080000074] -> 0xDC13
mem[X,0x0000000080000076] -> 0x007B
[34] [M]: 0x0000000080000074 (0x007BDC13) srli s8, s7, 0x7
x24 <- 0x000000000000007D

mem[X,0x0000000080000078] -> 0xD793
mem[X,0x000000008000007A] -> 0x039B
[35] [M]: 0x0000000080000078 (0x039BD793) srli a5, s7, 0x39
x15 <- 0x0000000000000000

mem[X,0x000000008000007C] -> 0x6C33
mem[X,0x000000008000007E] -> 0x00FC
[36] [M]: 0x000000008000007C (0x00FC6C33) or s8, s8, a5
x24 <- 0x000000000000007D

mem[X,0x0000000080000080] -> 0x5C93
mem[X,0x0000000080000082] -> 0x007C
[37] [M]: 0x0000000080000080 (0x007C5C93) srli s9, s8, 0x7
x25 <- 0x0000000000000000

mem[X,0x0000000080000084] -> 0x5793
mem[X,0x0000000080000086] -> 0x039C
[38] [M]: 0x0000000080000084 (0x039C5793) srli a5, s8, 0x39
x15 <- 0x0000000000000000

mem[X,0x0000000080000088] -> 0xECB3
mem[X,0x000000008000008A] -> 0x00FC
[39] [M]: 0x0000000080000088 (0x00FCECB3) or s9, s9, a5
x25 <- 0x0000000000000000

mem[X,0x000000008000008C] -> 0xDD13
mem[X,0x000000008000008E] -> 0x007C
[40] [M]: 0x000000008000008C (0x007CDD13) srli s10, s9, 0x7
x26 <- 0x0000000000000000

mem[X,0x0000000080000090] -> 0xD793
mem[X,0x0000000080000092] -> 0x039C
[41] [M]: 0x0000000080000090 (0x039CD793) srli a5, s9, 0x39
x15 <- 0x0000000000000000

mem[X,0x0000000080000094] -> 0x6D33
mem[X,0x0000000080000096] -> 0x00FD
[42] [M]: 0x0000000080000094 (0x00FD6D33) or s10, s10, a5
x26 <- 0x0000000000000000

mem[X,0x0000000080000098] -> 0x5D93
mem[X,0x000000008000009A] -> 0x007D
[43] [M]: 0x0000000080000098 (0x007D5D93) srli s11, s10, 0x7
x27 <- 0x0000000000000000

mem[X,0x000000008000009C] -> 0x5793
mem[X,0x000000008000009E] -> 0x039D
[44] [M]: 0x000000008000009C (0x039D5793) srli a5, s10, 0x39
x15 <- 0x0000000000000000

mem[X,0x00000000800000A0] -> 0xEDB3
mem[X,0x00000000800000A2] -> 0x00FD
[45] [M]: 0x00000000800000A0 (0x00FDEDB3) or s11, s11, a5
x27 <- 0x0000000000000000

mem[X,0x00000000800000A4] -> 0xDE13
mem[X,0x00000000800000A6] -> 0x007D
[46] [M]: 0x00000000800000A4 (0x007DDE13) srli t3, s11, 0x7
x28 <- 0x0000000000000000

mem[X,0x00000000800000A8] -> 0xD793
mem[X,0x00000000800000AA] -> 0x039D
[47] [M]: 0x00000000800000A8 (0x039DD793) srli a5, s11, 0x39
x15 <- 0x0000000000000000

mem[X,0x00000000800000AC] -> 0x6E33
mem[X,0x00000000800000AE] -> 0x00FE
[48] [M]: 0x00000000800000AC (0x00FE6E33) or t3, t3, a5
x28 <- 0x0000000000000000

mem[X,0x00000000800000B0] -> 0x5E93
mem[X,0x00000000800000B2] -> 0x007E
[49] [M]: 0x00000000800000B0 (0x007E5E93) srli t4, t3, 0x7
x29 <- 0x0000000000000000

mem[X,0x00000000800000B4] -> 0x5793
mem[X,0x00000000800000B6] -> 0x039E
[50] [M]: 0x00000000800000B4 (0x039E5793) srli a5, t3, 0x39
x15 <- 0x0000000000000000

mem[X,0x00000000800000B8] -> 0xEEB3
mem[X,0x00000000800000BA] -> 0x00FE
[51] [M]: 0x00000000800000B8 (0x00FEEEB3) or t4, t4, a5
x29 <- 0x0000000000000000

mem[X,0x00000000800000BC] -> 0xDF13
mem[X,0x00000000800000BE] -> 0x007E
[52] [M]: 0x00000000800000BC (0x007EDF13) srli t5, t4, 0x7
x30 <- 0x0000000000000000

mem[X,0x00000000800000C0] -> 0xD793
mem[X,0x00000000800000C2] -> 0x039E
[53] [M]: 0x00000000800000C0 (0x039ED793) srli a5, t4, 0x39
x15 <- 0x0000000000000000

mem[X,0x00000000800000C4] -> 0x6F33
mem[X,0x00000000800000C6] -> 0x00FF
[54] [M]: 0x00000000800000C4 (0x00FF6F33) or t5, t5, a5
x30 <- 0x0000000000000000

mem[X,0x00000000800000C8] -> 0xC0B7
mem[X,0x00000000800000CA] -> 0xFEED
[55] [M]: 0x00000000800000C8 (0xFEEDC0B7) lui ra, -0x1124
x1 <- 0xFFFFFFFFFEEDC000

mem[X,0x00000000800000CC] -> 0x8093
mem[X,0x00000000800000CE] -> 0xEAD0
[56] [M]: 0x00000000800000CC (0xEAD08093) addi ra, ra, -0x153
x1 <- 0xFFFFFFFFFEEDBEAD

mem[X,0x00000000800000D0] -> 0x9093
mem[X,0x00000000800000D2] -> 0x00B0
[57] [M]: 0x00000000800000D0 (0x00B09093) slli ra, ra, 0xb
x1 <- 0xFFFFFFF76DF56800

mem[X,0x00000000800000D4] -> 0x8093
mem[X,0x00000000800000D6] -> 0x7F70
[58] [M]: 0x00000000800000D4 (0x7F708093) addi ra, ra, 0x7f7
x1 <- 0xFFFFFFF76DF56FF7

mem[X,0x00000000800000D8] -> 0x9093
mem[X,0x00000000800000DA] -> 0x00B0
[59] [M]: 0x00000000800000D8 (0x00B09093) slli ra, ra, 0xb
x1 <- 0xFFFFBB6FAB7FB800

mem[X,0x00000000800000DC] -> 0x8093
mem[X,0x00000000800000DE] -> 0x36F0
[60] [M]: 0x00000000800000DC (0x36F08093) addi ra, ra, 0x36f
x1 <- 0xFFFFBB6FAB7FBB6F

mem[X,0x00000000800000E0] -> 0x9093
mem[X,0x00000000800000E2] -> 0x00A0
[61] [M]: 0x00000000800000E0 (0x00A09093) slli ra, ra, 0xa
x1 <- 0xFEEDBEADFEEDBC00

mem[X,0x00000000800000E4] -> 0x8093
mem[X,0x00000000800000E6] -> 0x2AD0
[62] [M]: 0x00000000800000E4 (0x2AD08093) addi ra, ra, 0x2ad
x1 <- 0xFEEDBEADFEEDBEAD

mem[X,0x00000000800000E8] -> 0xD113
mem[X,0x00000000800000EA] -> 0x0070
[63] [M]: 0x00000000800000E8 (0x0070D113) srli sp, ra, 0x7
x2 <- 0x01FDDB7D5BFDDB7D

mem[X,0x00000000800000EC] -> 0xD793
mem[X,0x00000000800000EE] -> 0x0390
[64] [M]: 0x00000000800000EC (0x0390D793) srli a5, ra, 0x39
x15 <- 0x000000000000007F

mem[X,0x00000000800000F0] -> 0x6133
mem[X,0x00000000800000F2] -> 0x00F1
[65] [M]: 0x00000000800000F0 (0x00F16133) or sp, sp, a5
x2 <- 0x01FDDB7D5BFDDB7F

mem[X,0x00000000800000F4] -> 0x5193
mem[X,0x00000000800000F6] -> 0x0071
[66] [M]: 0x00000000800000F4 (0x00715193) srli gp, sp, 0x7
x3 <- 0x0003FBB6FAB7FBB6

mem[X,0x00000000800000F8] -> 0x5793
mem[X,0x00000000800000FA] -> 0x0391
[67] [M]: 0x00000000800000F8 (0x03915793) srli a5, sp, 0x39
x15 <- 0x0000000000000000

mem[X,0x00000000800000FC] -> 0xE1B3
mem[X,0x00000000800000FE] -> 0x00F1
[68] [M]: 0x00000000800000FC (0x00F1E1B3) or gp, gp, a5
x3 <- 0x0003FBB6FAB7FBB6

mem[X,0x0000000080000100] -> 0xD213
mem[X,0x0000000080000102] -> 0x0071
[69] [M]: 0x0000000080000100 (0x0071D213) srli tp, gp, 0x7
x4 <- 0x000007F76DF56FF7

mem[X,0x0000000080000104] -> 0xD793
mem[X,0x0000000080000106] -> 0x0391
[70] [M]: 0x0000000080000104 (0x0391D793) srli a5, gp, 0x39
x15 <- 0x0000000000000000

mem[X,0x0000000080000108] -> 0x6233
mem[X,0x000000008000010A] -> 0x00F2
[71] [M]: 0x0000000080000108 (0x00F26233) or tp, tp, a5
x4 <- 0x000007F76DF56FF7

mem[X,0x000000008000010C] -> 0x5293
mem[X,0x000000008000010E] -> 0x0072
[72] [M]: 0x000000008000010C (0x00725293) srli t0, tp, 0x7
x5 <- 0x0000000FEEDBEADF

mem[X,0x0000000080000110] -> 0x5793
mem[X,0x0000000080000112] -> 0x0392
[73] [M]: 0x0000000080000110 (0x03925793) srli a5, tp, 0x39
x15 <- 0x0000000000000000

mem[X,0x0000000080000114] -> 0xE2B3
mem[X,0x0000000080000116] -> 0x00F2
[74] [M]: 0x0000000080000114 (0x00F2E2B3) or t0, t0, a5
x5 <- 0x0000000FEEDBEADF

mem[X,0x0000000080000118] -> 0xD313
mem[X,0x000000008000011A] -> 0x0072
[75] [M]: 0x0000000080000118 (0x0072D313) srli t1, t0, 0x7
x6 <- 0x000000001FDDB7D5

mem[X,0x000000008000011C] -> 0xD793
mem[X,0x000000008000011E] -> 0x0392
[76] [M]: 0x000000008000011C (0x0392D793) srli a5, t0, 0x39
x15 <- 0x0000000000000000

mem[X,0x0000000080000120] -> 0x6333
mem[X,0x0000000080000122] -> 0x00F3
[77] [M]: 0x0000000080000120 (0x00F36333) or t1, t1, a5
x6 <- 0x000000001FDDB7D5

mem[X,0x0000000080000124] -> 0x5393
mem[X,0x0000000080000126] -> 0x0073
[78] [M]: 0x0000000080000124 (0x00735393) srli t2, t1, 0x7
x7 <- 0x00000000003FBB6F

mem[X,0x0000000080000128] -> 0x5793
mem[X,0x000000008000012A] -> 0x0393
[79] [M]: 0x0000000080000128 (0x03935793) srli a5, t1, 0x39
x15 <- 0x0000000000000000

mem[X,0x000000008000012C] -> 0xE3B3
mem[X,0x000000008000012E] -> 0x00F3
[80] [M]: 0x000000008000012C (0x00F3E3B3) or t2, t2, a5
x7 <- 0x00000000003FBB6F

mem[X,0x0000000080000130] -> 0xD413
mem[X,0x0000000080000132] -> 0x0073
[81] [M]: 0x0000000080000130 (0x0073D413) srli fp, t2, 0x7
x8 <- 0x0000000000007F76

mem[X,0x0000000080000134] -> 0xD793
mem[X,0x0000000080000136] -> 0x0393
[82] [M]: 0x0000000080000134 (0x0393D793) srli a5, t2, 0x39
x15 <- 0x0000000000000000

mem[X,0x0000000080000138] -> 0x6433
mem[X,0x000000008000013A] -> 0x00F4
[83] [M]: 0x0000000080000138 (0x00F46433) or fp, fp, a5
x8 <- 0x0000000000007F76

mem[X,0x000000008000013C] -> 0x5493
mem[X,0x000000008000013E] -> 0x0074
[84] [M]: 0x000000008000013C (0x00745493) srli s1, fp, 0x7
x9 <- 0x00000000000000FE

mem[X,0x0000000080000140] -> 0x5793
mem[X,0x0000000080000142] -> 0x0394
[85] [M]: 0x0000000080000140 (0x03945793) srli a5, fp, 0x39
x15 <- 0x0000000000000000

mem[X,0x0000000080000144] -> 0xE4B3
mem[X,0x0000000080000146] -> 0x00F4
[86] [M]: 0x0000000080000144 (0x00F4E4B3) or s1, s1, a5
x9 <- 0x00000000000000FE

mem[X,0x0000000080000148] -> 0xD513
mem[X,0x000000008000014A] -> 0x0074
[87] [M]: 0x0000000080000148 (0x0074D513) srli a0, s1, 0x7
x10 <- 0x0000000000000001

mem[X,0x000000008000014C] -> 0xD793
mem[X,0x000000008000014E] -> 0x0394
[88] [M]: 0x000000008000014C (0x0394D793) srli a5, s1, 0x39
x15 <- 0x0000000000000000

mem[X,0x0000000080000150] -> 0x6533
mem[X,0x0000000080000152] -> 0x00F5
[89] [M]: 0x0000000080000150 (0x00F56533) or a0, a0, a5
x10 <- 0x0000000000000001

mem[X,0x0000000080000154] -> 0x5593
mem[X,0x0000000080000156] -> 0x0075
[90] [M]: 0x0000000080000154 (0x00755593) srli a1, a0, 0x7
x11 <- 0x0000000000000000

mem[X,0x0000000080000158] -> 0x5793
mem[X,0x000000008000015A] -> 0x0395
[91] [M]: 0x0000000080000158 (0x03955793) srli a5, a0, 0x39
x15 <- 0x0000000000000000

mem[X,0x000000008000015C] -> 0xE5B3
mem[X,0x000000008000015E] -> 0x00F5
[92] [M]: 0x000000008000015C (0x00F5E5B3) or a1, a1, a5
x11 <- 0x0000000000000000

mem[X,0x0000000080000160] -> 0xD613
mem[X,0x0000000080000162] -> 0x0075
[93] [M]: 0x0000000080000160 (0x0075D613) srli a2, a1, 0x7
x12 <- 0x0000000000000000

mem[X,0x0000000080000164] -> 0xD793
mem[X,0x0000000080000166] -> 0x0395
[94] [M]: 0x0000000080000164 (0x0395D793) srli a5, a1, 0x39
x15 <- 0x0000000000000000

mem[X,0x0000000080000168] -> 0x6633
mem[X,0x000000008000016A] -> 0x00F6
[95] [M]: 0x0000000080000168 (0x00F66633) or a2, a2, a5
x12 <- 0x0000000000000000

mem[X,0x000000008000016C] -> 0x5693
mem[X,0x000000008000016E] -> 0x0076
[96] [M]: 0x000000008000016C (0x00765693) srli a3, a2, 0x7
x13 <- 0x0000000000000000

mem[X,0x0000000080000170] -> 0x5793
mem[X,0x0000000080000172] -> 0x0396
[97] [M]: 0x0000000080000170 (0x03965793) srli a5, a2, 0x39
x15 <- 0x0000000000000000

mem[X,0x0000000080000174] -> 0xE6B3
mem[X,0x0000000080000176] -> 0x00F6
[98] [M]: 0x0000000080000174 (0x00F6E6B3) or a3, a3, a5
x13 <- 0x0000000000000000

mem[X,0x0000000080000178] -> 0x0013
mem[X,0x000000008000017A] -> 0x0000
[99] [M]: 0x0000000080000178 (0x00000013) addi zero, zero, 0x0

clint::tick mtime <- 0x0000000000000001
 clint timer pending at mtime 0x0000000000000001
htif::tick 0x0000000000000000
mem[X,0x000000008000017C] -> 0x0013
mem[X,0x000000008000017E] -> 0x0000
[100] [M]: 0x000000008000017C (0x00000013) addi zero, zero, 0x0

mem[X,0x0000000080000180] -> 0x4317
mem[X,0x0000000080000182] -> 0x0000
[101] [M]: 0x0000000080000180 (0x00004317) auipc t1, 0x4
x6 <- 0x0000000080004180

mem[X,0x0000000080000184] -> 0x0313
mem[X,0x0000000080000186] -> 0xF983
[102] [M]: 0x0000000080000184 (0xF9830313) addi t1, t1, -0x68
x6 <- 0x0000000080004118

mem[X,0x0000000080000188] -> 0x0013
mem[X,0x000000008000018A] -> 0x0000
[103] [M]: 0x0000000080000188 (0x00000013) addi zero, zero, 0x0

mem[X,0x000000008000018C] -> 0x0013
mem[X,0x000000008000018E] -> 0x0000
[104] [M]: 0x000000008000018C (0x00000013) addi zero, zero, 0x0

mem[X,0x0000000080000190] -> 0x0013
mem[X,0x0000000080000192] -> 0x0000
[105] [M]: 0x0000000080000190 (0x00000013) addi zero, zero, 0x0

mem[X,0x0000000080000194] -> 0x0013
mem[X,0x0000000080000196] -> 0x0000
[106] [M]: 0x0000000080000194 (0x00000013) addi zero, zero, 0x0

mem[X,0x0000000080000198] -> 0x0013
mem[X,0x000000008000019A] -> 0x0000
[107] [M]: 0x0000000080000198 (0x00000013) addi zero, zero, 0x0

mem[X,0x000000008000019C] -> 0x0013
mem[X,0x000000008000019E] -> 0x0000
[108] [M]: 0x000000008000019C (0x00000013) addi zero, zero, 0x0

mem[X,0x00000000800001A0] -> 0x2DB7
mem[X,0x00000000800001A2] -> 0x0080
[109] [M]: 0x00000000800001A0 (0x00802DB7) lui s11, 0x802
x27 <- 0x0000000000802000

mem[X,0x00000000800001A4] -> 0x8D93
mem[X,0x00000000800001A6] -> 0x000D
[110] [M]: 0x00000000800001A4 (0x000D8D93) addi s11, s11, 0x0
x27 <- 0x0000000000802000

mem[X,0x00000000800001A8] -> 0x9D93
mem[X,0x00000000800001AA] -> 0x00BD
[111] [M]: 0x00000000800001A8 (0x00BD9D93) slli s11, s11, 0xb
x27 <- 0x0000000401000000

mem[X,0x00000000800001AC] -> 0x8D93
mem[X,0x00000000800001AE] -> 0x1FFD
[112] [M]: 0x00000000800001AC (0x1FFD8D93) addi s11, s11, 0x1ff
x27 <- 0x00000004010001FF

mem[X,0x00000000800001B0] -> 0x9D93
mem[X,0x00000000800001B2] -> 0x00BD
[113] [M]: 0x00000000800001B0 (0x00BD9D93) slli s11, s11, 0xb
x27 <- 0x00002008000FF800

mem[X,0x00000000800001B4] -> 0x8D93
mem[X,0x00000000800001B6] -> 0x7E0D
[114] [M]: 0x00000000800001B4 (0x7E0D8D93) addi s11, s11, 0x7e0
x27 <- 0x00002008000FFFE0

mem[X,0x00000000800001B8] -> 0x9D93
mem[X,0x00000000800001BA] -> 0x00AD
[115] [M]: 0x00000000800001B8 (0x00AD9D93) slli s11, s11, 0xa
x27 <- 0x008020003FFF8000

mem[X,0x00000000800001BC] -> 0x0DB7
mem[X,0x00000000800001BE] -> 0xFFC0
[116] [M]: 0x00000000800001BC (0xFFC00DB7) lui s11, -0x400
x27 <- 0xFFFFFFFFFFC00000

mem[X,0x00000000800001C0] -> 0x8D93
mem[X,0x00000000800001C2] -> 0xBFFD
[117] [M]: 0x00000000800001C0 (0xBFFD8D93) addi s11, s11, -0x401
x27 <- 0xFFFFFFFFFFBFFBFF

mem[X,0x00000000800001C4] -> 0x9D93
mem[X,0x00000000800001C6] -> 0x00BD
[118] [M]: 0x00000000800001C4 (0x00BD9D93) slli s11, s11, 0xb
x27 <- 0xFFFFFFFDFFDFF800

mem[X,0x00000000800001C8] -> 0x8D93
mem[X,0x00000000800001CA] -> 0x004D
[119] [M]: 0x00000000800001C8 (0x004D8D93) addi s11, s11, 0x4
x27 <- 0xFFFFFFFDFFDFF804

mem[X,0x00000000800001CC] -> 0x9D93
mem[X,0x00000000800001CE] -> 0x00BD
[120] [M]: 0x00000000800001CC (0x00BD9D93) slli s11, s11, 0xb
x27 <- 0xFFFFEFFEFFC02000

mem[X,0x00000000800001D0] -> 0x8D93
mem[X,0x00000000800001D2] -> 0x000D
[121] [M]: 0x00000000800001D0 (0x000D8D93) addi s11, s11, 0x0
x27 <- 0xFFFFEFFEFFC02000

mem[X,0x00000000800001D4] -> 0x9D93
mem[X,0x00000000800001D6] -> 0x00AD
[122] [M]: 0x00000000800001D4 (0x00AD9D93) slli s11, s11, 0xa
x27 <- 0xFFBFFBFF00800000

mem[X,0x00000000800001D8] -> 0x8D93
mem[X,0x00000000800001DA] -> 0x001D
[123] [M]: 0x00000000800001D8 (0x001D8D93) addi s11, s11, 0x1
x27 <- 0xFFBFFBFF00800001

mem[X,0x00000000800001DC] -> 0xDDBB
mem[X,0x00000000800001DE] -> 0xA7BD
[124] [M]: 0x00000000800001DC (0xA7BDDDBB) pm4addu.h s11, s11, s11
x27 <- 0x00000001F78C5883

mem[X,0x00000000800001E0] -> 0x3023
mem[X,0x00000000800001E2] -> 0x01B3
[125] [M]: 0x00000000800001E0 (0x01B33023) sd s11, 0x0(t1)
mem[0x0000000080004118] <- 0x00000001F78C5883

mem[X,0x00000000800001E4] -> 0x0937
mem[X,0x00000000800001E6] -> 0xFF7F
[126] [M]: 0x00000000800001E4 (0xFF7F0937) lui s2, -0x810
x18 <- 0xFFFFFFFFFF7F0000

mem[X,0x00000000800001E8] -> 0x0913
mem[X,0x00000000800001EA] -> 0x0409
[127] [M]: 0x00000000800001E8 (0x04090913) addi s2, s2, 0x40
x18 <- 0xFFFFFFFFFF7F0040

mem[X,0x00000000800001EC] -> 0x1913
mem[X,0x00000000800001EE] -> 0x00B9
[128] [M]: 0x00000000800001EC (0x00B91913) slli s2, s2, 0xb
x18 <- 0xFFFFFFFBF8020000

mem[X,0x00000000800001F0] -> 0x0913
mem[X,0x00000000800001F2] -> 0x0089
[129] [M]: 0x00000000800001F0 (0x00890913) addi s2, s2, 0x8
x18 <- 0xFFFFFFFBF8020008

mem[X,0x00000000800001F4] -> 0x1913
mem[X,0x00000000800001F6] -> 0x00B9
[130] [M]: 0x00000000800001F4 (0x00B91913) slli s2, s2, 0xb
x18 <- 0xFFFFDFC010004000

mem[X,0x00000000800001F8] -> 0x0913
mem[X,0x00000000800001FA] -> 0x03F9
[131] [M]: 0x00000000800001F8 (0x03F90913) addi s2, s2, 0x3f
x18 <- 0xFFFFDFC01000403F

mem[X,0x00000000800001FC] -> 0x1913
mem[X,0x00000000800001FE] -> 0x00A9
[132] [M]: 0x00000000800001FC (0x00A91913) slli s2, s2, 0xa
x18 <- 0xFF7F00400100FC00

mem[X,0x0000000080000200] -> 0x0913
mem[X,0x0000000080000202] -> 0x3FF9
[133] [M]: 0x0000000080000200 (0x3FF90913) addi s2, s2, 0x3ff
x18 <- 0xFF7F00400100FFFF

mem[X,0x0000000080000204] -> 0x0BB7
mem[X,0x0000000080000206] -> 0x5555
[134] [M]: 0x0000000080000204 (0x55550BB7) lui s7, 0x55550
x23 <- 0x0000000055550000

mem[X,0x0000000080000208] -> 0x8B93
mem[X,0x000000008000020A] -> 0x005B
[135] [M]: 0x0000000080000208 (0x005B8B93) addi s7, s7, 0x5
x23 <- 0x0000000055550005

mem[X,0x000000008000020C] -> 0x9B93
mem[X,0x000000008000020E] -> 0x00BB
[136] [M]: 0x000000008000020C (0x00BB9B93) slli s7, s7, 0xb
x23 <- 0x000002AAA8002800

mem[X,0x0000000080000210] -> 0x8B93
mem[X,0x0000000080000212] -> 0x555B
[137] [M]: 0x0000000080000210 (0x555B8B93) addi s7, s7, 0x555
x23 <- 0x000002AAA8002D55

mem[X,0x0000000080000214] -> 0x9B93
mem[X,0x0000000080000216] -> 0x00BB
[138] [M]: 0x0000000080000214 (0x00BB9B93) slli s7, s7, 0xb
x23 <- 0x00155540016AA800

mem[X,0x0000000080000218] -> 0x8B93
mem[X,0x000000008000021A] -> 0x2BFB
[139] [M]: 0x0000000080000218 (0x2BFB8B93) addi s7, s7, 0x2bf
x23 <- 0x00155540016AAABF

mem[X,0x000000008000021C] -> 0x9B93
mem[X,0x000000008000021E] -> 0x00AB
[140] [M]: 0x000000008000021C (0x00AB9B93) slli s7, s7, 0xa
x23 <- 0x55550005AAAAFC00

mem[X,0x0000000080000220] -> 0x8B93
mem[X,0x0000000080000222] -> 0x3DFB
[141] [M]: 0x0000000080000220 (0x3DFB8B93) addi s7, s7, 0x3df
x23 <- 0x55550005AAAAFFDF

mem[X,0x0000000080000224] -> 0x5D3B
mem[X,0x0000000080000226] -> 0xA779
[142] [M]: 0x0000000080000224 (0xA7795D3B) pm4addu.h s10, s2, s7
x26 <- 0x0000000155B2AB8C

mem[X,0x0000000080000228] -> 0x3423
mem[X,0x000000008000022A] -> 0x01A3
[143] [M]: 0x0000000080000228 (0x01A33423) sd s10, 0x8(t1)
mem[0x0000000080004120] <- 0x0000000155B2AB8C

mem[X,0x000000008000022C] -> 0x04B7
mem[X,0x000000008000022E] -> 0xAAAA
[144] [M]: 0x000000008000022C (0xAAAA04B7) lui s1, -0x55560
x9 <- 0xFFFFFFFFAAAA0000

mem[X,0x0000000080000230] -> 0x8493
mem[X,0x0000000080000232] -> 0x2004
[145] [M]: 0x0000000080000230 (0x20048493) addi s1, s1, 0x200
x9 <- 0xFFFFFFFFAAAA0200

mem[X,0x0000000080000234] -> 0x9493
mem[X,0x0000000080000236] -> 0x00B4
[146] [M]: 0x0000000080000234 (0x00B49493) slli s1, s1, 0xb
x9 <- 0xFFFFFD5550100000

mem[X,0x0000000080000238] -> 0x8493
mem[X,0x000000008000023A] -> 0x0104
[147] [M]: 0x0000000080000238 (0x01048493) addi s1, s1, 0x10
x9 <- 0xFFFFFD5550100010

mem[X,0x000000008000023C] -> 0x9493
mem[X,0x000000008000023E] -> 0x00B4
[148] [M]: 0x000000008000023C (0x00B49493) slli s1, s1, 0xb
x9 <- 0xFFEAAA8080008000

mem[X,0x0000000080000240] -> 0x8493
mem[X,0x0000000080000242] -> 0x0004
[149] [M]: 0x0000000080000240 (0x00048493) addi s1, s1, 0x0
x9 <- 0xFFEAAA8080008000

mem[X,0x0000000080000244] -> 0x9493
mem[X,0x0000000080000246] -> 0x00A4
[150] [M]: 0x0000000080000244 (0x00A49493) slli s1, s1, 0xa
x9 <- 0xAAAA020002000000

mem[X,0x0000000080000248] -> 0x0437
mem[X,0x000000008000024A] -> 0x0005
[151] [M]: 0x0000000080000248 (0x00050437) lui fp, 0x50
x8 <- 0x0000000000050000

mem[X,0x000000008000024C] -> 0x0413
mem[X,0x000000008000024E] -> 0x2004
[152] [M]: 0x000000008000024C (0x20040413) addi fp, fp, 0x200
x8 <- 0x0000000000050200

mem[X,0x0000000080000250] -> 0x1413
mem[X,0x0000000080000252] -> 0x00B4
[153] [M]: 0x0000000080000250 (0x00B41413) slli fp, fp, 0xb
x8 <- 0x0000000028100000

mem[X,0x0000000080000254] -> 0x0413
mem[X,0x0000000080000256] -> 0x0004
[154] [M]: 0x0000000080000254 (0x00040413) addi fp, fp, 0x0
x8 <- 0x0000000028100000

mem[X,0x0000000080000258] -> 0x1413
mem[X,0x000000008000025A] -> 0x00B4
[155] [M]: 0x0000000080000258 (0x00B41413) slli fp, fp, 0xb
x8 <- 0x0000014080000000

mem[X,0x000000008000025C] -> 0x0413
mem[X,0x000000008000025E] -> 0x40F4
[156] [M]: 0x000000008000025C (0x40F40413) addi fp, fp, 0x40f
x8 <- 0x000001408000040F

mem[X,0x0000000080000260] -> 0x1413
mem[X,0x0000000080000262] -> 0x00A4
[157] [M]: 0x0000000080000260 (0x00A41413) slli fp, fp, 0xa
x8 <- 0x0005020000103C00

mem[X,0x0000000080000264] -> 0x0413
mem[X,0x0000000080000266] -> 0x3FF4
[158] [M]: 0x0000000080000264 (0x3FF40413) addi fp, fp, 0x3ff
x8 <- 0x0005020000103FFF

mem[X,0x0000000080000268] -> 0xD4BB
mem[X,0x000000008000026A] -> 0xA684
[159] [M]: 0x0000000080000268 (0xA684D4BB) pm4addu.h s1, s1, fp
x9 <- 0x0000000000077552

mem[X,0x000000008000026C] -> 0x3823
mem[X,0x000000008000026E] -> 0x0093
[160] [M]: 0x000000008000026C (0x00933823) sd s1, 0x10(t1)
mem[0x0000000080004128] <- 0x0000000000077552

mem[X,0x0000000080000270] -> 0xFB37
mem[X,0x0000000080000272] -> 0xFF7F
[161] [M]: 0x0000000080000270 (0xFF7FFB37) lui s6, -0x801
x22 <- 0xFFFFFFFFFF7FF000

mem[X,0x0000000080000274] -> 0x0B13
mem[X,0x0000000080000276] -> 0xFFFB
[162] [M]: 0x0000000080000274 (0xFFFB0B13) addi s6, s6, -0x1
x22 <- 0xFFFFFFFFFF7FEFFF

mem[X,0x0000000080000278] -> 0x1B13
mem[X,0x000000008000027A] -> 0x00BB
[163] [M]: 0x0000000080000278 (0x00BB1B13) slli s6, s6, 0xb
x22 <- 0xFFFFFFFBFF7FF800

mem[X,0x000000008000027C] -> 0x0B13
mem[X,0x000000008000027E] -> 0x000B
[164] [M]: 0x000000008000027C (0x000B0B13) addi s6, s6, 0x0
x22 <- 0xFFFFFFFBFF7FF800

mem[X,0x0000000080000280] -> 0x1B13
mem[X,0x0000000080000282] -> 0x00BB
[165] [M]: 0x0000000080000280 (0x00BB1B13) slli s6, s6, 0xb
x22 <- 0xFFFFDFFBFFC00000

mem[X,0x0000000080000284] -> 0x0B13
mem[X,0x0000000080000286] -> 0x080B
[166] [M]: 0x0000000080000284 (0x080B0B13) addi s6, s6, 0x80
x22 <- 0xFFFFDFFBFFC00080

mem[X,0x0000000080000288] -> 0x1B13
mem[X,0x000000008000028A] -> 0x00AB
[167] [M]: 0x0000000080000288 (0x00AB1B13) slli s6, s6, 0xa
x22 <- 0xFF7FEFFF00020000

mem[X,0x000000008000028C] -> 0x0B13
mem[X,0x000000008000028E] -> 0x001B
[168] [M]: 0x000000008000028C (0x001B0B13) addi s6, s6, 0x1
x22 <- 0xFF7FEFFF00020001

mem[X,0x0000000080000290] -> 0x0137
mem[X,0x0000000080000292] -> 0xFFFB
[169] [M]: 0x0000000080000290 (0xFFFB0137) lui sp, -0x50
x2 <- 0xFFFFFFFFFFFB0000

mem[X,0x0000000080000294] -> 0x0113
mem[X,0x0000000080000296] -> 0x0001
[170] [M]: 0x0000000080000294 (0x00010113) addi sp, sp, 0x0
x2 <- 0xFFFFFFFFFFFB0000

mem[X,0x0000000080000298] -> 0x1113
mem[X,0x000000008000029A] -> 0x00B1
[171] [M]: 0x0000000080000298 (0x00B11113) slli sp, sp, 0xb
x2 <- 0xFFFFFFFFD8000000

mem[X,0x000000008000029C] -> 0x0113
mem[X,0x000000008000029E] -> 0x0001
[172] [M]: 0x000000008000029C (0x00010113) addi sp, sp, 0x0
x2 <- 0xFFFFFFFFD8000000

mem[X,0x00000000800002A0] -> 0x1113
mem[X,0x00000000800002A2] -> 0x00B1
[173] [M]: 0x00000000800002A0 (0x00B11113) slli sp, sp, 0xb
x2 <- 0xFFFFFEC000000000

mem[X,0x00000000800002A4] -> 0x0113
mem[X,0x00000000800002A6] -> 0x16F1
[174] [M]: 0x00000000800002A4 (0x16F10113) addi sp, sp, 0x16f
x2 <- 0xFFFFFEC00000016F

mem[X,0x00000000800002A8] -> 0x1113
mem[X,0x00000000800002AA] -> 0x00A1
[175] [M]: 0x00000000800002A8 (0x00A11113) slli sp, sp, 0xa
x2 <- 0xFFFB00000005BC00

mem[X,0x00000000800002AC] -> 0x0113
mem[X,0x00000000800002AE] -> 0x3FF1
[176] [M]: 0x00000000800002AC (0x3FF10113) addi sp, sp, 0x3ff
x2 <- 0xFFFB00000005BFFF

mem[X,0x00000000800002B0] -> 0x513B
mem[X,0x00000000800002B2] -> 0xA62B
[177] [M]: 0x00000000800002B0 (0xA62B513B) pm4addu.h sp, s6, sp
x2 <- 0x00000000FF7AC28E

mem[X,0x00000000800002B4] -> 0x3C23
mem[X,0x00000000800002B6] -> 0x0023
[178] [M]: 0x00000000800002B4 (0x00233C23) sd sp, 0x18(t1)
mem[0x0000000080004130] <- 0x00000000FF7AC28E

mem[X,0x00000000800002B8] -> 0x0F37
mem[X,0x00000000800002BA] -> 0xFF80
[179] [M]: 0x00000000800002B8 (0xFF800F37) lui t5, -0x800
x30 <- 0xFFFFFFFFFF800000

mem[X,0x00000000800002BC] -> 0x0F13
mem[X,0x00000000800002BE] -> 0xFBFF
[180] [M]: 0x00000000800002BC (0xFBFF0F13) addi t5, t5, -0x41
x30 <- 0xFFFFFFFFFF7FFFBF

mem[X,0x00000000800002C0] -> 0x1F13
mem[X,0x00000000800002C2] -> 0x00BF
[181] [M]: 0x00000000800002C0 (0x00BF1F13) slli t5, t5, 0xb
x30 <- 0xFFFFFFFBFFFDF800

mem[X,0x00000000800002C4] -> 0x0F13
mem[X,0x00000000800002C6] -> 0x7FFF
[182] [M]: 0x00000000800002C4 (0x7FFF0F13) addi t5, t5, 0x7ff
x30 <- 0xFFFFFFFBFFFDFFFF

mem[X,0x00000000800002C8] -> 0x1F13
mem[X,0x00000000800002CA] -> 0x00BF
[183] [M]: 0x00000000800002C8 (0x00BF1F13) slli t5, t5, 0xb
x30 <- 0xFFFFDFFFEFFFF800

mem[X,0x00000000800002CC] -> 0x0F13
mem[X,0x00000000800002CE] -> 0x75FF
[184] [M]: 0x00000000800002CC (0x75FF0F13) addi t5, t5, 0x75f
x30 <- 0xFFFFDFFFEFFFFF5F

mem[X,0x00000000800002D0] -> 0x1F13
mem[X,0x00000000800002D2] -> 0x00AF
[185] [M]: 0x00000000800002D0 (0x00AF1F13) slli t5, t5, 0xa
x30 <- 0xFF7FFFBFFFFD7C00

mem[X,0x00000000800002D4] -> 0x0F13
mem[X,0x00000000800002D6] -> 0x3FFF
[186] [M]: 0x00000000800002D4 (0x3FFF0F13) addi t5, t5, 0x3ff
x30 <- 0xFF7FFFBFFFFD7FFF

mem[X,0x00000000800002D8] -> 0x0F37
mem[X,0x00000000800002DA] -> 0x000A
[187] [M]: 0x00000000800002D8 (0x000A0F37) lui t5, 0xa0
x30 <- 0x00000000000A0000

mem[X,0x00000000800002DC] -> 0x0F13
mem[X,0x00000000800002DE] -> 0xFFDF
[188] [M]: 0x00000000800002DC (0xFFDF0F13) addi t5, t5, -0x3
x30 <- 0x000000000009FFFD

mem[X,0x00000000800002E0] -> 0x1F13
mem[X,0x00000000800002E2] -> 0x00BF
[189] [M]: 0x00000000800002E0 (0x00BF1F13) slli t5, t5, 0xb
x30 <- 0x000000004FFFE800

mem[X,0x00000000800002E4] -> 0x0F13
mem[X,0x00000000800002E6] -> 0x7FFF
[190] [M]: 0x00000000800002E4 (0x7FFF0F13) addi t5, t5, 0x7ff
x30 <- 0x000000004FFFEFFF

mem[X,0x00000000800002E8] -> 0x1F13
mem[X,0x00000000800002EA] -> 0x00BF
[191] [M]: 0x00000000800002E8 (0x00BF1F13) slli t5, t5, 0xb
x30 <- 0x0000027FFF7FF800

mem[X,0x00000000800002EC] -> 0x0F13
mem[X,0x00000000800002EE] -> 0x700F
[192] [M]: 0x00000000800002EC (0x700F0F13) addi t5, t5, 0x700
x30 <- 0x0000027FFF7FFF00

mem[X,0x00000000800002F0] -> 0x1F13
mem[X,0x00000000800002F2] -> 0x00AF
[193] [M]: 0x00000000800002F0 (0x00AF1F13) slli t5, t5, 0xa
x30 <- 0x0009FFFDFFFC0000

mem[X,0x00000000800002F4] -> 0x0F13
mem[X,0x00000000800002F6] -> 0x080F
[194] [M]: 0x00000000800002F4 (0x080F0F13) addi t5, t5, 0x80
x30 <- 0x0009FFFDFFFC0080

mem[X,0x00000000800002F8] -> 0x5B3B
mem[X,0x00000000800002FA] -> 0xA7EF
[195] [M]: 0x00000000800002F8 (0xA7EF5B3B) pm4addu.h s6, t5, t5
x22 <- 0x00000001FFF2406A

mem[X,0x00000000800002FC] -> 0x3023
mem[X,0x00000000800002FE] -> 0x0363
[196] [M]: 0x00000000800002FC (0x03633023) sd s6, 0x20(t1)
mem[0x0000000080004138] <- 0x00000001FFF2406A

mem[X,0x0000000080000300] -> 0x0BB7
mem[X,0x0000000080000302] -> 0xFFFB
[197] [M]: 0x0000000080000300 (0xFFFB0BB7) lui s7, -0x50
x23 <- 0xFFFFFFFFFFFB0000

mem[X,0x0000000080000304] -> 0x8B93
mem[X,0x0000000080000306] -> 0x080B
[198] [M]: 0x0000000080000304 (0x080B8B93) addi s7, s7, 0x80
x23 <- 0xFFFFFFFFFFFB0080

mem[X,0x0000000080000308] -> 0x9B93
mem[X,0x000000008000030A] -> 0x00BB
[199] [M]: 0x0000000080000308 (0x00BB9B93) slli s7, s7, 0xb
x23 <- 0xFFFFFFFFD8040000

clint::tick mtime <- 0x0000000000000002
 clint timer pending at mtime 0x0000000000000002
htif::tick 0x0000000000000000
mem[X,0x000000008000030C] -> 0x8B93
mem[X,0x000000008000030E] -> 0x7FFB
[200] [M]: 0x000000008000030C (0x7FFB8B93) addi s7, s7, 0x7ff
x23 <- 0xFFFFFFFFD80407FF

mem[X,0x0000000080000310] -> 0x9B93
mem[X,0x0000000080000312] -> 0x00BB
[201] [M]: 0x0000000080000310 (0x00BB9B93) slli s7, s7, 0xb
x23 <- 0xFFFFFEC0203FF800

mem[X,0x0000000080000314] -> 0x8B93
mem[X,0x0000000080000316] -> 0x7C0B
[202] [M]: 0x0000000080000314 (0x7C0B8B93) addi s7, s7, 0x7c0
x23 <- 0xFFFFFEC0203FFFC0

mem[X,0x0000000080000318] -> 0x9B93
mem[X,0x000000008000031A] -> 0x00AB
[203] [M]: 0x0000000080000318 (0x00AB9B93) slli s7, s7, 0xa
x23 <- 0xFFFB0080FFFF0000

mem[X,0x000000008000031C] -> 0x8B93
mem[X,0x000000008000031E] -> 0x002B
[204] [M]: 0x000000008000031C (0x002B8B93) addi s7, s7, 0x2
x23 <- 0xFFFB0080FFFF0002

mem[X,0x0000000080000320] -> 0x0E37
mem[X,0x0000000080000322] -> 0x0001
[205] [M]: 0x0000000080000320 (0x00010E37) lui t3, 0x10
x28 <- 0x0000000000010000

mem[X,0x0000000080000324] -> 0x0E13
mem[X,0x0000000080000326] -> 0xDFFE
[206] [M]: 0x0000000080000324 (0xDFFE0E13) addi t3, t3, -0x201
x28 <- 0x000000000000FDFF

mem[X,0x0000000080000328] -> 0x1E13
mem[X,0x000000008000032A] -> 0x00BE
[207] [M]: 0x0000000080000328 (0x00BE1E13) slli t3, t3, 0xb
x28 <- 0x0000000007EFF800

mem[X,0x000000008000032C] -> 0x0E13
mem[X,0x000000008000032E] -> 0x020E
[208] [M]: 0x000000008000032C (0x020E0E13) addi t3, t3, 0x20
x28 <- 0x0000000007EFF820

mem[X,0x0000000080000330] -> 0x1E13
mem[X,0x0000000080000332] -> 0x00BE
[209] [M]: 0x0000000080000330 (0x00BE1E13) slli t3, t3, 0xb
x28 <- 0x0000003F7FC10000

mem[X,0x0000000080000334] -> 0x0E13
mem[X,0x0000000080000336] -> 0x000E
[210] [M]: 0x0000000080000334 (0x000E0E13) addi t3, t3, 0x0
x28 <- 0x0000003F7FC10000

mem[X,0x0000000080000338] -> 0x1E13
mem[X,0x000000008000033A] -> 0x00AE
[211] [M]: 0x0000000080000338 (0x00AE1E13) slli t3, t3, 0xa
x28 <- 0x0000FDFF04000000

mem[X,0x000000008000033C] -> 0x0E13
mem[X,0x000000008000033E] -> 0x009E
[212] [M]: 0x000000008000033C (0x009E0E13) addi t3, t3, 0x9
x28 <- 0x0000FDFF04000009

mem[X,0x0000000080000340] -> 0xD7BB
mem[X,0x0000000080000342] -> 0xA7CB
[213] [M]: 0x0000000080000340 (0xA7CBD7BB) pm4addu.h a5, s7, t3
x15 <- 0x00000000047EFB92

mem[X,0x0000000080000344] -> 0x3423
mem[X,0x0000000080000346] -> 0x02F3
[214] [M]: 0x0000000080000344 (0x02F33423) sd a5, 0x28(t1)
mem[0x0000000080004140] <- 0x00000000047EFB92

mem[X,0x0000000080000348] -> 0x09B7
mem[X,0x000000008000034A] -> 0x1001
[215] [M]: 0x0000000080000348 (0x100109B7) lui s3, 0x10010
x19 <- 0x0000000010010000

mem[X,0x000000008000034C] -> 0x8993
mem[X,0x000000008000034E] -> 0xEFF9
[216] [M]: 0x000000008000034C (0xEFF98993) addi s3, s3, -0x101
x19 <- 0x000000001000FEFF

mem[X,0x0000000080000350] -> 0x9993
mem[X,0x0000000080000352] -> 0x00B9
[217] [M]: 0x0000000080000350 (0x00B99993) slli s3, s3, 0xb
x19 <- 0x0000008007F7F800

mem[X,0x0000000080000354] -> 0x8993
mem[X,0x0000000080000356] -> 0x7FE9
[218] [M]: 0x0000000080000354 (0x7FE98993) addi s3, s3, 0x7fe
x19 <- 0x0000008007F7FFFE

mem[X,0x0000000080000358] -> 0x9993
mem[X,0x000000008000035A] -> 0x00B9
[219] [M]: 0x0000000080000358 (0x00B99993) slli s3, s3, 0xb
x19 <- 0x0004003FBFFFF000

mem[X,0x000000008000035C] -> 0x8993
mem[X,0x000000008000035E] -> 0x7C09
[220] [M]: 0x000000008000035C (0x7C098993) addi s3, s3, 0x7c0
x19 <- 0x0004003FBFFFF7C0

mem[X,0x0000000080000360] -> 0x9993
mem[X,0x0000000080000362] -> 0x00A9
[221] [M]: 0x0000000080000360 (0x00A99993) slli s3, s3, 0xa
x19 <- 0x1000FEFFFFDF0000

mem[X,0x0000000080000364] -> 0x8993
mem[X,0x0000000080000366] -> 0x0049
[222] [M]: 0x0000000080000364 (0x00498993) addi s3, s3, 0x4
x19 <- 0x1000FEFFFFDF0004

mem[X,0x0000000080000368] -> 0x0037
mem[X,0x000000008000036A] -> 0x0081
[223] [M]: 0x0000000080000368 (0x00810037) lui zero, 0x810

mem[X,0x000000008000036C] -> 0x0013
mem[X,0x000000008000036E] -> 0xFF70
[224] [M]: 0x000000008000036C (0xFF700013) addi zero, zero, -0x9

mem[X,0x0000000080000370] -> 0x1013
mem[X,0x0000000080000372] -> 0x00B0
[225] [M]: 0x0000000080000370 (0x00B01013) slli zero, zero, 0xb

mem[X,0x0000000080000374] -> 0x0013
mem[X,0x0000000080000376] -> 0x2AA0
[226] [M]: 0x0000000080000374 (0x2AA00013) addi zero, zero, 0x2aa

mem[X,0x0000000080000378] -> 0x1013
mem[X,0x000000008000037A] -> 0x00B0
[227] [M]: 0x0000000080000378 (0x00B01013) slli zero, zero, 0xb

mem[X,0x000000008000037C] -> 0x0013
mem[X,0x000000008000037E] -> 0x57F0
[228] [M]: 0x000000008000037C (0x57F00013) addi zero, zero, 0x57f

mem[X,0x0000000080000380] -> 0x1013
mem[X,0x0000000080000382] -> 0x00A0
[229] [M]: 0x0000000080000380 (0x00A01013) slli zero, zero, 0xa

mem[X,0x0000000080000384] -> 0x0013
mem[X,0x0000000080000386] -> 0x3FF0
[230] [M]: 0x0000000080000384 (0x3FF00013) addi zero, zero, 0x3ff

mem[X,0x0000000080000388] -> 0xD0BB
mem[X,0x000000008000038A] -> 0xA609
[231] [M]: 0x0000000080000388 (0xA609D0BB) pm4addu.h ra, s3, zero
x1 <- 0x0000000000000000

mem[X,0x000000008000038C] -> 0x3823
mem[X,0x000000008000038E] -> 0x0213
[232] [M]: 0x000000008000038C (0x02133823) sd ra, 0x30(t1)
mem[0x0000000080004148] <- 0x0000000000000000

mem[X,0x0000000080000390] -> 0xC237
mem[X,0x0000000080000392] -> 0xFDFF
[233] [M]: 0x0000000080000390 (0xFDFFC237) lui tp, -0x2004
x4 <- 0xFFFFFFFFFDFFC000

mem[X,0x0000000080000394] -> 0x0213
mem[X,0x0000000080000396] -> 0xFFF2
[234] [M]: 0x0000000080000394 (0xFFF20213) addi tp, tp, -0x1
x4 <- 0xFFFFFFFFFDFFBFFF

mem[X,0x0000000080000398] -> 0x1213
mem[X,0x000000008000039A] -> 0x00B2
[235] [M]: 0x0000000080000398 (0x00B21213) slli tp, tp, 0xb
x4 <- 0xFFFFFFEFFDFFF800

mem[X,0x000000008000039C] -> 0x0213
mem[X,0x000000008000039E] -> 0x0002
[236] [M]: 0x000000008000039C (0x00020213) addi tp, tp, 0x0
x4 <- 0xFFFFFFEFFDFFF800

mem[X,0x00000000800003A0] -> 0x1213
mem[X,0x00000000800003A2] -> 0x00B2
[237] [M]: 0x00000000800003A0 (0x00B21213) slli tp, tp, 0xb
x4 <- 0xFFFF7FEFFFC00000

mem[X,0x00000000800003A4] -> 0x0213
mem[X,0x00000000800003A6] -> 0x0802
[238] [M]: 0x00000000800003A4 (0x08020213) addi tp, tp, 0x80
x4 <- 0xFFFF7FEFFFC00080

mem[X,0x00000000800003A8] -> 0x1213
mem[X,0x00000000800003AA] -> 0x00A2
[239] [M]: 0x00000000800003A8 (0x00A21213) slli tp, tp, 0xa
x4 <- 0xFDFFBFFF00020000

mem[X,0x00000000800003AC] -> 0x0213
mem[X,0x00000000800003AE] -> 0x0082
[240] [M]: 0x00000000800003AC (0x00820213) addi tp, tp, 0x8
x4 <- 0xFDFFBFFF00020008

mem[X,0x00000000800003B0] -> 0x2D37
mem[X,0x00000000800003B2] -> 0x2000
[241] [M]: 0x00000000800003B0 (0x20002D37) lui s10, 0x20002
x26 <- 0x0000000020002000

mem[X,0x00000000800003B4] -> 0x0D13
mem[X,0x00000000800003B6] -> 0x000D
[242] [M]: 0x00000000800003B4 (0x000D0D13) addi s10, s10, 0x0
x26 <- 0x0000000020002000

mem[X,0x00000000800003B8] -> 0x1D13
mem[X,0x00000000800003BA] -> 0x00BD
[243] [M]: 0x00000000800003B8 (0x00BD1D13) slli s10, s10, 0xb
x26 <- 0x0000010001000000

mem[X,0x00000000800003BC] -> 0x0D13
mem[X,0x00000000800003BE] -> 0x080D
[244] [M]: 0x00000000800003BC (0x080D0D13) addi s10, s10, 0x80
x26 <- 0x0000010001000080

mem[X,0x00000000800003C0] -> 0x1D13
mem[X,0x00000000800003C2] -> 0x00BD
[245] [M]: 0x00000000800003C0 (0x00BD1D13) slli s10, s10, 0xb
x26 <- 0x0008000800040000

mem[X,0x00000000800003C4] -> 0x0D13
mem[X,0x00000000800003C6] -> 0x03FD
[246] [M]: 0x00000000800003C4 (0x03FD0D13) addi s10, s10, 0x3f
x26 <- 0x000800080004003F

mem[X,0x00000000800003C8] -> 0x1D13
mem[X,0x00000000800003CA] -> 0x00AD
[247] [M]: 0x00000000800003C8 (0x00AD1D13) slli s10, s10, 0xa
x26 <- 0x200020001000FC00

mem[X,0x00000000800003CC] -> 0x0D13
mem[X,0x00000000800003CE] -> 0x3BFD
[248] [M]: 0x00000000800003CC (0x3BFD0D13) addi s10, s10, 0x3bf
x26 <- 0x200020001000FFBF

mem[X,0x00000000800003D0] -> 0x52BB
mem[X,0x00000000800003D2] -> 0xA7A2
[249] [M]: 0x00000000800003D0 (0xA7A252BB) pm4addu.h t0, tp, s10
x5 <- 0x0000000037C7DDF8

mem[X,0x00000000800003D4] -> 0x3C23
mem[X,0x00000000800003D6] -> 0x0253
[250] [M]: 0x00000000800003D4 (0x02533C23) sd t0, 0x38(t1)
mem[0x0000000080004150] <- 0x0000000037C7DDF8

mem[X,0x00000000800003D8] -> 0x56B7
mem[X,0x00000000800003DA] -> 0x0100
[251] [M]: 0x00000000800003D8 (0x010056B7) lui a3, 0x1005
x13 <- 0x0000000001005000

mem[X,0x00000000800003DC] -> 0x8693
mem[X,0x00000000800003DE] -> 0x5556
[252] [M]: 0x00000000800003DC (0x55568693) addi a3, a3, 0x555
x13 <- 0x0000000001005555

mem[X,0x00000000800003E0] -> 0x9693
mem[X,0x00000000800003E2] -> 0x00B6
[253] [M]: 0x00000000800003E0 (0x00B69693) slli a3, a3, 0xb
x13 <- 0x0000000802AAA800

mem[X,0x00000000800003E4] -> 0x8693
mem[X,0x00000000800003E6] -> 0x3FF6
[254] [M]: 0x00000000800003E4 (0x3FF68693) addi a3, a3, 0x3ff
x13 <- 0x0000000802AAABFF

mem[X,0x00000000800003E8] -> 0x9693
mem[X,0x00000000800003EA] -> 0x00B6
[255] [M]: 0x00000000800003E8 (0x00B69693) slli a3, a3, 0xb
x13 <- 0x00004015555FF800

mem[X,0x00000000800003EC] -> 0x8693
mem[X,0x00000000800003EE] -> 0x7C06
[256] [M]: 0x00000000800003EC (0x7C068693) addi a3, a3, 0x7c0
x13 <- 0x00004015555FFFC0

mem[X,0x00000000800003F0] -> 0x9693
mem[X,0x00000000800003F2] -> 0x00A6
[257] [M]: 0x00000000800003F0 (0x00A69693) slli a3, a3, 0xa
x13 <- 0x010055557FFF0000

mem[X,0x00000000800003F4] -> 0x8693
mem[X,0x00000000800003F6] -> 0x0106
[258] [M]: 0x00000000800003F4 (0x01068693) addi a3, a3, 0x10
x13 <- 0x010055557FFF0010

mem[X,0x00000000800003F8] -> 0x0637
mem[X,0x00000000800003FA] -> 0x7FFF
[259] [M]: 0x00000000800003F8 (0x7FFF0637) lui a2, 0x7fff0
x12 <- 0x000000007FFF0000

mem[X,0x00000000800003FC] -> 0x0613
mem[X,0x00000000800003FE] -> 0x2006
[260] [M]: 0x00000000800003FC (0x20060613) addi a2, a2, 0x200
x12 <- 0x000000007FFF0200

mem[X,0x0000000080000400] -> 0x1613
mem[X,0x0000000080000402] -> 0x00B6
[261] [M]: 0x0000000080000400 (0x00B61613) slli a2, a2, 0xb
x12 <- 0x000003FFF8100000

mem[X,0x0000000080000404] -> 0x0613
mem[X,0x0000000080000406] -> 0x7FB6
[262] [M]: 0x0000000080000404 (0x7FB60613) addi a2, a2, 0x7fb
x12 <- 0x000003FFF81007FB

mem[X,0x0000000080000408] -> 0x1613
mem[X,0x000000008000040A] -> 0x00B6
[263] [M]: 0x0000000080000408 (0x00B61613) slli a2, a2, 0xb
x12 <- 0x001FFFC0803FD800

mem[X,0x000000008000040C] -> 0x0613
mem[X,0x000000008000040E] -> 0x7C06
[264] [M]: 0x000000008000040C (0x7C060613) addi a2, a2, 0x7c0
x12 <- 0x001FFFC0803FDFC0

mem[X,0x0000000080000410] -> 0x1613
mem[X,0x0000000080000412] -> 0x00A6
[265] [M]: 0x0000000080000410 (0x00A61613) slli a2, a2, 0xa
x12 <- 0x7FFF0200FF7F0000

mem[X,0x0000000080000414] -> 0x0613
mem[X,0x0000000080000416] -> 0x0016
[266] [M]: 0x0000000080000414 (0x00160613) addi a2, a2, 0x1
x12 <- 0x7FFF0200FF7F0001

mem[X,0x0000000080000418] -> 0xDA3B
mem[X,0x000000008000041A] -> 0xA6C6
[267] [M]: 0x0000000080000418 (0xA6C6DA3B) pm4addu.h s4, a3, a2
x20 <- 0x0000000080E92991

mem[X,0x000000008000041C] -> 0x3023
mem[X,0x000000008000041E] -> 0x0543
[268] [M]: 0x000000008000041C (0x05433023) sd s4, 0x40(t1)
mem[0x0000000080004158] <- 0x0000000080E92991

mem[X,0x0000000080000420] -> 0x0E37
mem[X,0x0000000080000422] -> 0xFF00
[269] [M]: 0x0000000080000420 (0xFF000E37) lui t3, -0x1000
x28 <- 0xFFFFFFFFFF000000

mem[X,0x0000000080000424] -> 0x0E13
mem[X,0x0000000080000426] -> 0xFFCE
[270] [M]: 0x0000000080000424 (0xFFCE0E13) addi t3, t3, -0x4
x28 <- 0xFFFFFFFFFEFFFFFC

mem[X,0x0000000080000428] -> 0x1E13
mem[X,0x000000008000042A] -> 0x00BE
[271] [M]: 0x0000000080000428 (0x00BE1E13) slli t3, t3, 0xb
x28 <- 0xFFFFFFF7FFFFE000

mem[X,0x000000008000042C] -> 0x0E13
mem[X,0x000000008000042E] -> 0x600E
[272] [M]: 0x000000008000042C (0x600E0E13) addi t3, t3, 0x600
x28 <- 0xFFFFFFF7FFFFE600

mem[X,0x0000000080000430] -> 0x1E13
mem[X,0x0000000080000432] -> 0x00BE
[273] [M]: 0x0000000080000430 (0x00BE1E13) slli t3, t3, 0xb
x28 <- 0xFFFFBFFFFF300000

mem[X,0x0000000080000434] -> 0x0E13
mem[X,0x0000000080000436] -> 0x000E
[274] [M]: 0x0000000080000434 (0x000E0E13) addi t3, t3, 0x0
x28 <- 0xFFFFBFFFFF300000

mem[X,0x0000000080000438] -> 0x1E13
mem[X,0x000000008000043A] -> 0x00AE
[275] [M]: 0x0000000080000438 (0x00AE1E13) slli t3, t3, 0xa
x28 <- 0xFEFFFFFCC0000000

mem[X,0x000000008000043C] -> 0x0E13
mem[X,0x000000008000043E] -> 0x020E
[276] [M]: 0x000000008000043C (0x020E0E13) addi t3, t3, 0x20
x28 <- 0xFEFFFFFCC0000020

mem[X,0x0000000080000440] -> 0xB4B7
mem[X,0x0000000080000442] -> 0xBFFF
[277] [M]: 0x0000000080000440 (0xBFFFB4B7) lui s1, -0x40005
x9 <- 0xFFFFFFFFBFFFB000

mem[X,0x0000000080000444] -> 0x8493
mem[X,0x0000000080000446] -> 0xAAA4
[278] [M]: 0x0000000080000444 (0xAAA48493) addi s1, s1, -0x556
x9 <- 0xFFFFFFFFBFFFAAAA

mem[X,0x0000000080000448] -> 0x9493
mem[X,0x000000008000044A] -> 0x00B4
[279] [M]: 0x0000000080000448 (0x00B49493) slli s1, s1, 0xb
x9 <- 0xFFFFFDFFFD555000

mem[X,0x000000008000044C] -> 0x8493
mem[X,0x000000008000044E] -> 0x7FF4
[280] [M]: 0x000000008000044C (0x7FF48493) addi s1, s1, 0x7ff
x9 <- 0xFFFFFDFFFD5557FF

mem[X,0x0000000080000450] -> 0x9493
mem[X,0x0000000080000452] -> 0x00B4
[281] [M]: 0x0000000080000450 (0x00B49493) slli s1, s1, 0xb
x9 <- 0xFFEFFFEAAABFF800

mem[X,0x0000000080000454] -> 0x8493
mem[X,0x0000000080000456] -> 0x6404
[282] [M]: 0x0000000080000454 (0x64048493) addi s1, s1, 0x640
x9 <- 0xFFEFFFEAAABFFE40

mem[X,0x0000000080000458] -> 0x9493
mem[X,0x000000008000045A] -> 0x00A4
[283] [M]: 0x0000000080000458 (0x00A49493) slli s1, s1, 0xa
x9 <- 0xBFFFAAAAFFF90000

mem[X,0x000000008000045C] -> 0x8493
mem[X,0x000000008000045E] -> 0x0064
[284] [M]: 0x000000008000045C (0x00648493) addi s1, s1, 0x6
x9 <- 0xBFFFAAAAFFF90006

mem[X,0x0000000080000460] -> 0x51BB
mem[X,0x0000000080000462] -> 0xA69E
[285] [M]: 0x0000000080000460 (0xA69E51BB) pm4addu.h gp, t3, s1
x3 <- 0x0000000229E05719

mem[X,0x0000000080000464] -> 0x3423
mem[X,0x0000000080000466] -> 0x0433
[286] [M]: 0x0000000080000464 (0x04333423) sd gp, 0x48(t1)
mem[0x0000000080004160] <- 0x0000000229E05719

mem[X,0x0000000080000468] -> 0x0A37
mem[X,0x000000008000046A] -> 0xFFFA
[287] [M]: 0x0000000080000468 (0xFFFA0A37) lui s4, -0x60
x20 <- 0xFFFFFFFFFFFA0000

mem[X,0x000000008000046C] -> 0x0A13
mem[X,0x000000008000046E] -> 0xFFAA
[288] [M]: 0x000000008000046C (0xFFAA0A13) addi s4, s4, -0x6
x20 <- 0xFFFFFFFFFFF9FFFA

mem[X,0x0000000080000470] -> 0x1A13
mem[X,0x0000000080000472] -> 0x00BA
[289] [M]: 0x0000000080000470 (0x00BA1A13) slli s4, s4, 0xb
x20 <- 0xFFFFFFFFCFFFD000

mem[X,0x0000000080000474] -> 0x0A13
mem[X,0x0000000080000476] -> 0x555A
[290] [M]: 0x0000000080000474 (0x555A0A13) addi s4, s4, 0x555
x20 <- 0xFFFFFFFFCFFFD555

mem[X,0x0000000080000478] -> 0x1A13
mem[X,0x000000008000047A] -> 0x00BA
[291] [M]: 0x0000000080000478 (0x00BA1A13) slli s4, s4, 0xb
x20 <- 0xFFFFFE7FFEAAA800

mem[X,0x000000008000047C] -> 0x0A13
mem[X,0x000000008000047E] -> 0x280A
[292] [M]: 0x000000008000047C (0x280A0A13) addi s4, s4, 0x280
x20 <- 0xFFFFFE7FFEAAAA80

mem[X,0x0000000080000480] -> 0x1A13
mem[X,0x0000000080000482] -> 0x00AA
[293] [M]: 0x0000000080000480 (0x00AA1A13) slli s4, s4, 0xa
x20 <- 0xFFF9FFFAAAAA0000

mem[X,0x0000000080000484] -> 0x0A13
mem[X,0x0000000080000486] -> 0x040A
[294] [M]: 0x0000000080000484 (0x040A0A13) addi s4, s4, 0x40
x20 <- 0xFFF9FFFAAAAA0040

mem[X,0x0000000080000488] -> 0x06B7
mem[X,0x000000008000048A] -> 0x0004
[295] [M]: 0x0000000080000488 (0x000406B7) lui a3, 0x40
x13 <- 0x0000000000040000

mem[X,0x000000008000048C] -> 0x8693
mem[X,0x000000008000048E] -> 0x0096
[296] [M]: 0x000000008000048C (0x00968693) addi a3, a3, 0x9
x13 <- 0x0000000000040009

mem[X,0x0000000080000490] -> 0x9693
mem[X,0x0000000080000492] -> 0x00B6
[297] [M]: 0x0000000080000490 (0x00B69693) slli a3, a3, 0xb
x13 <- 0x0000000020004800

mem[X,0x0000000080000494] -> 0x8693
mem[X,0x0000000080000496] -> 0x0006
[298] [M]: 0x0000000080000494 (0x00068693) addi a3, a3, 0x0
x13 <- 0x0000000020004800

mem[X,0x0000000080000498] -> 0x9693
mem[X,0x000000008000049A] -> 0x00B6
[299] [M]: 0x0000000080000498 (0x00B69693) slli a3, a3, 0xb
x13 <- 0x0000010002400000

clint::tick mtime <- 0x0000000000000003
 clint timer pending at mtime 0x0000000000000003
htif::tick 0x0000000000000000
mem[X,0x000000008000049C] -> 0x8693
mem[X,0x000000008000049E] -> 0x1006
[300] [M]: 0x000000008000049C (0x10068693) addi a3, a3, 0x100
x13 <- 0x0000010002400100

mem[X,0x00000000800004A0] -> 0x9693
mem[X,0x00000000800004A2] -> 0x00A6
[301] [M]: 0x00000000800004A0 (0x00A69693) slli a3, a3, 0xa
x13 <- 0x0004000900040000

mem[X,0x00000000800004A4] -> 0x8693
mem[X,0x00000000800004A6] -> 0x0036
[302] [M]: 0x00000000800004A4 (0x00368693) addi a3, a3, 0x3
x13 <- 0x0004000900040003

mem[X,0x00000000800004A8] -> 0x58BB
mem[X,0x00000000800004AA] -> 0xA6DA
[303] [M]: 0x00000000800004A8 (0xA6DA58BB) pm4addu.h a7, s4, a3
x17 <- 0x00000000000FAB16

mem[X,0x00000000800004AC] -> 0x3823
mem[X,0x00000000800004AE] -> 0x0513
[304] [M]: 0x00000000800004AC (0x05133823) sd a7, 0x50(t1)
mem[0x0000000080004168] <- 0x00000000000FAB16

mem[X,0x00000000800004B0] -> 0xFD37
mem[X,0x00000000800004B2] -> 0x0002
[305] [M]: 0x00000000800004B0 (0x0002FD37) lui s10, 0x2f
x26 <- 0x000000000002F000

mem[X,0x00000000800004B4] -> 0x0D13
mem[X,0x00000000800004B6] -> 0x7FFD
[306] [M]: 0x00000000800004B4 (0x7FFD0D13) addi s10, s10, 0x7ff
x26 <- 0x000000000002F7FF

mem[X,0x00000000800004B8] -> 0x1D13
mem[X,0x00000000800004BA] -> 0x00BD
[307] [M]: 0x00000000800004B8 (0x00BD1D13) slli s10, s10, 0xb
x26 <- 0x0000000017BFF800

mem[X,0x00000000800004BC] -> 0x0D13
mem[X,0x00000000800004BE] -> 0x7FFD
[308] [M]: 0x00000000800004BC (0x7FFD0D13) addi s10, s10, 0x7ff
x26 <- 0x0000000017BFFFFF

mem[X,0x00000000800004C0] -> 0x1D13
mem[X,0x00000000800004C2] -> 0x00BD
[309] [M]: 0x00000000800004C0 (0x00BD1D13) slli s10, s10, 0xb
x26 <- 0x000000BDFFFFF800

mem[X,0x00000000800004C4] -> 0x0D13
mem[X,0x00000000800004C6] -> 0x600D
[310] [M]: 0x00000000800004C4 (0x600D0D13) addi s10, s10, 0x600
x26 <- 0x000000BDFFFFFE00

mem[X,0x00000000800004C8] -> 0x1D13
mem[X,0x00000000800004CA] -> 0x00AD
[311] [M]: 0x00000000800004C8 (0x00AD1D13) slli s10, s10, 0xa
x26 <- 0x0002F7FFFFF80000

mem[X,0x00000000800004CC] -> 0x0D13
mem[X,0x00000000800004CE] -> 0x080D
[312] [M]: 0x00000000800004CC (0x080D0D13) addi s10, s10, 0x80
x26 <- 0x0002F7FFFFF80080

mem[X,0x00000000800004D0] -> 0x0237
mem[X,0x00000000800004D2] -> 0x0001
[313] [M]: 0x00000000800004D0 (0x00010237) lui tp, 0x10
x4 <- 0x0000000000010000

mem[X,0x00000000800004D4] -> 0x0213
mem[X,0x00000000800004D6] -> 0xFFF2
[314] [M]: 0x00000000800004D4 (0xFFF20213) addi tp, tp, -0x1
x4 <- 0x000000000000FFFF

mem[X,0x00000000800004D8] -> 0x1213
mem[X,0x00000000800004DA] -> 0x00B2
[315] [M]: 0x00000000800004D8 (0x00B21213) slli tp, tp, 0xb
x4 <- 0x0000000007FFF800

mem[X,0x00000000800004DC] -> 0x0213
mem[X,0x00000000800004DE] -> 0x0002
[316] [M]: 0x00000000800004DC (0x00020213) addi tp, tp, 0x0
x4 <- 0x0000000007FFF800

mem[X,0x00000000800004E0] -> 0x1213
mem[X,0x00000000800004E2] -> 0x00B2
[317] [M]: 0x00000000800004E0 (0x00B21213) slli tp, tp, 0xb
x4 <- 0x0000003FFFC00000

mem[X,0x00000000800004E4] -> 0x0213
mem[X,0x00000000800004E6] -> 0x23F2
[318] [M]: 0x00000000800004E4 (0x23F20213) addi tp, tp, 0x23f
x4 <- 0x0000003FFFC0023F

mem[X,0x00000000800004E8] -> 0x1213
mem[X,0x00000000800004EA] -> 0x00A2
[319] [M]: 0x00000000800004E8 (0x00A21213) slli tp, tp, 0xa
x4 <- 0x0000FFFF0008FC00

mem[X,0x00000000800004EC] -> 0x0213
mem[X,0x00000000800004EE] -> 0x2FF2
[320] [M]: 0x00000000800004EC (0x2FF20213) addi tp, tp, 0x2ff
x4 <- 0x0000FFFF0008FEFF

mem[X,0x00000000800004F0] -> 0x53BB
mem[X,0x00000000800004F2] -> 0xA64D
[321] [M]: 0x00000000800004F0 (0xA64D53BB) pm4addu.h t2, s10, tp
x7 <- 0x00000000F8858741

mem[X,0x00000000800004F4] -> 0x3C23
mem[X,0x00000000800004F6] -> 0x0473
[322] [M]: 0x00000000800004F4 (0x04733C23) sd t2, 0x58(t1)
mem[0x0000000080004170] <- 0x00000000F8858741

mem[X,0x00000000800004F8] -> 0x0CB7
mem[X,0x00000000800004FA] -> 0xFFFB
[323] [M]: 0x00000000800004F8 (0xFFFB0CB7) lui s9, -0x50
x25 <- 0xFFFFFFFFFFFB0000

mem[X,0x00000000800004FC] -> 0x8C93
mem[X,0x00000000800004FE] -> 0x400C
[324] [M]: 0x00000000800004FC (0x400C8C93) addi s9, s9, 0x400
x25 <- 0xFFFFFFFFFFFB0400

mem[X,0x0000000080000500] -> 0x9C93
mem[X,0x0000000080000502] -> 0x00BC
[325] [M]: 0x0000000080000500 (0x00BC9C93) slli s9, s9, 0xb
x25 <- 0xFFFFFFFFD8200000

mem[X,0x0000000080000504] -> 0x8C93
mem[X,0x0000000080000506] -> 0x7FFC
[326] [M]: 0x0000000080000504 (0x7FFC8C93) addi s9, s9, 0x7ff
x25 <- 0xFFFFFFFFD82007FF

mem[X,0x0000000080000508] -> 0x9C93
mem[X,0x000000008000050A] -> 0x00BC
[327] [M]: 0x0000000080000508 (0x00BC9C93) slli s9, s9, 0xb
x25 <- 0xFFFFFEC1003FF800

mem[X,0x000000008000050C] -> 0x8C93
mem[X,0x000000008000050E] -> 0x740C
[328] [M]: 0x000000008000050C (0x740C8C93) addi s9, s9, 0x740
x25 <- 0xFFFFFEC1003FFF40

mem[X,0x0000000080000510] -> 0x9C93
mem[X,0x0000000080000512] -> 0x00AC
[329] [M]: 0x0000000080000510 (0x00AC9C93) slli s9, s9, 0xa
x25 <- 0xFFFB0400FFFD0000

mem[X,0x0000000080000514] -> 0x8C93
mem[X,0x0000000080000516] -> 0x100C
[330] [M]: 0x0000000080000514 (0x100C8C93) addi s9, s9, 0x100
x25 <- 0xFFFB0400FFFD0100

mem[X,0x0000000080000518] -> 0x02B7
mem[X,0x000000008000051A] -> 0xF7FF
[331] [M]: 0x0000000080000518 (0xF7FF02B7) lui t0, -0x8010
x5 <- 0xFFFFFFFFF7FF0000

mem[X,0x000000008000051C] -> 0x8293
mem[X,0x000000008000051E] -> 0x0202
[332] [M]: 0x000000008000051C (0x02028293) addi t0, t0, 0x20
x5 <- 0xFFFFFFFFF7FF0020

mem[X,0x0000000080000520] -> 0x9293
mem[X,0x0000000080000522] -> 0x00B2
[333] [M]: 0x0000000080000520 (0x00B29293) slli t0, t0, 0xb
x5 <- 0xFFFFFFBFF8010000

mem[X,0x0000000080000524] -> 0x8293
mem[X,0x0000000080000526] -> 0x7BF2
[334] [M]: 0x0000000080000524 (0x7BF28293) addi t0, t0, 0x7bf
x5 <- 0xFFFFFFBFF80107BF

mem[X,0x0000000080000528] -> 0x9293
mem[X,0x000000008000052A] -> 0x00B2
[335] [M]: 0x0000000080000528 (0x00B29293) slli t0, t0, 0xb
x5 <- 0xFFFDFFC0083DF800

mem[X,0x000000008000052C] -> 0x8293
mem[X,0x000000008000052E] -> 0x7FB2
[336] [M]: 0x000000008000052C (0x7FB28293) addi t0, t0, 0x7fb
x5 <- 0xFFFDFFC0083DFFFB

mem[X,0x0000000080000530] -> 0x9293
mem[X,0x0000000080000532] -> 0x00A2
[337] [M]: 0x0000000080000530 (0x00A29293) slli t0, t0, 0xa
x5 <- 0xF7FF0020F7FFEC00

mem[X,0x0000000080000534] -> 0x8293
mem[X,0x0000000080000536] -> 0x3FF2
[338] [M]: 0x0000000080000534 (0x3FF28293) addi t0, t0, 0x3ff
x5 <- 0xF7FF0020F7FFEFFF

mem[X,0x0000000080000538] -> 0xDABB
mem[X,0x000000008000053A] -> 0xA65C
[339] [M]: 0x0000000080000538 (0xA65CDABB) pm4addu.h s5, s9, t0
x21 <- 0x00000001F0E6BF08

mem[X,0x000000008000053C] -> 0x3023
mem[X,0x000000008000053E] -> 0x0753
[340] [M]: 0x000000008000053C (0x07533023) sd s5, 0x60(t1)
mem[0x0000000080004178] <- 0x00000001F0E6BF08

mem[X,0x0000000080000540] -> 0x0C37
mem[X,0x0000000080000542] -> 0x5556
[341] [M]: 0x0000000080000540 (0x55560C37) lui s8, 0x55560
x24 <- 0x0000000055560000

mem[X,0x0000000080000544] -> 0x0C13
mem[X,0x0000000080000546] -> 0xFF9C
[342] [M]: 0x0000000080000544 (0xFF9C0C13) addi s8, s8, -0x7
x24 <- 0x000000005555FFF9

mem[X,0x0000000080000548] -> 0x1C13
mem[X,0x000000008000054A] -> 0x00BC
[343] [M]: 0x0000000080000548 (0x00BC1C13) slli s8, s8, 0xb
x24 <- 0x000002AAAFFFC800

mem[X,0x000000008000054C] -> 0x0C13
mem[X,0x000000008000054E] -> 0x7FFC
[344] [M]: 0x000000008000054C (0x7FFC0C13) addi s8, s8, 0x7ff
x24 <- 0x000002AAAFFFCFFF

mem[X,0x0000000080000550] -> 0x1C13
mem[X,0x0000000080000552] -> 0x00BC
[345] [M]: 0x0000000080000550 (0x00BC1C13) slli s8, s8, 0xb
x24 <- 0x0015557FFE7FF800

mem[X,0x0000000080000554] -> 0x0C13
mem[X,0x0000000080000556] -> 0x7C0C
[346] [M]: 0x0000000080000554 (0x7C0C0C13) addi s8, s8, 0x7c0
x24 <- 0x0015557FFE7FFFC0

mem[X,0x0000000080000558] -> 0x1C13
mem[X,0x000000008000055A] -> 0x00AC
[347] [M]: 0x0000000080000558 (0x00AC1C13) slli s8, s8, 0xa
x24 <- 0x5555FFF9FFFF0000

mem[X,0x000000008000055C] -> 0x0C13
mem[X,0x000000008000055E] -> 0x200C
[348] [M]: 0x000000008000055C (0x200C0C13) addi s8, s8, 0x200
x24 <- 0x5555FFF9FFFF0200

mem[X,0x0000000080000560] -> 0x0FB7
mem[X,0x0000000080000562] -> 0x5556
[349] [M]: 0x0000000080000560 (0x55560FB7) lui t6, 0x55560
x31 <- 0x0000000055560000

mem[X,0x0000000080000564] -> 0x8F93
mem[X,0x0000000080000566] -> 0xEFFF
[350] [M]: 0x0000000080000564 (0xEFFF8F93) addi t6, t6, -0x101
x31 <- 0x000000005555FEFF

mem[X,0x0000000080000568] -> 0x9F93
mem[X,0x000000008000056A] -> 0x00BF
[351] [M]: 0x0000000080000568 (0x00BF9F93) slli t6, t6, 0xb
x31 <- 0x000002AAAFF7F800

mem[X,0x000000008000056C] -> 0x8F93
mem[X,0x000000008000056E] -> 0x7FFF
[352] [M]: 0x000000008000056C (0x7FFF8F93) addi t6, t6, 0x7ff
x31 <- 0x000002AAAFF7FFFF

mem[X,0x0000000080000570] -> 0x9F93
mem[X,0x0000000080000572] -> 0x00BF
[353] [M]: 0x0000000080000570 (0x00BF9F93) slli t6, t6, 0xb
x31 <- 0x0015557FBFFFF800

mem[X,0x0000000080000574] -> 0x8F93
mem[X,0x0000000080000576] -> 0x740F
[354] [M]: 0x0000000080000574 (0x740F8F93) addi t6, t6, 0x740
x31 <- 0x0015557FBFFFFF40

mem[X,0x0000000080000578] -> 0x9F93
mem[X,0x000000008000057A] -> 0x00AF
[355] [M]: 0x0000000080000578 (0x00AF9F93) slli t6, t6, 0xa
x31 <- 0x5555FEFFFFFD0000

mem[X,0x000000008000057C] -> 0x8F93
mem[X,0x000000008000057E] -> 0x003F
[356] [M]: 0x000000008000057C (0x003F8F93) addi t6, t6, 0x3
x31 <- 0x5555FEFFFFFD0003

mem[X,0x0000000080000580] -> 0x55BB
mem[X,0x0000000080000582] -> 0xA7FC
[357] [M]: 0x0000000080000580 (0xA7FC55BB) pm4addu.h a1, s8, t6
x11 <- 0x000000021B659B43

mem[X,0x0000000080000584] -> 0x3423
mem[X,0x0000000080000586] -> 0x06B3
[358] [M]: 0x0000000080000584 (0x06B33423) sd a1, 0x68(t1)
mem[0x0000000080004180] <- 0x000000021B659B43

mem[X,0x0000000080000588] -> 0x0013
mem[X,0x000000008000058A] -> 0x0000
[359] [M]: 0x0000000080000588 (0x00000013) addi zero, zero, 0x0

mem[X,0x000000008000058C] -> 0x0013
mem[X,0x000000008000058E] -> 0x0000
[360] [M]: 0x000000008000058C (0x00000013) addi zero, zero, 0x0

mem[X,0x0000000080000590] -> 0x0013
mem[X,0x0000000080000592] -> 0x0000
[361] [M]: 0x0000000080000590 (0x00000013) addi zero, zero, 0x0

mem[X,0x0000000080000594] -> 0x0013
mem[X,0x0000000080000596] -> 0x0000
[362] [M]: 0x0000000080000594 (0x00000013) addi zero, zero, 0x0

mem[X,0x0000000080000598] -> 0x0013
mem[X,0x000000008000059A] -> 0x0000
[363] [M]: 0x0000000080000598 (0x00000013) addi zero, zero, 0x0

mem[X,0x000000008000059C] -> 0x0013
mem[X,0x000000008000059E] -> 0x0000
[364] [M]: 0x000000008000059C (0x00000013) addi zero, zero, 0x0

mem[X,0x00000000800005A0] -> 0x4217
mem[X,0x00000000800005A2] -> 0x0000
[365] [M]: 0x00000000800005A0 (0x00004217) auipc tp, 0x4
x4 <- 0x00000000800045A0

mem[X,0x00000000800005A4] -> 0x0213
mem[X,0x00000000800005A6] -> 0xBE82
[366] [M]: 0x00000000800005A4 (0xBE820213) addi tp, tp, -0x418
x4 <- 0x0000000080004188

mem[X,0x00000000800005A8] -> 0x0013
mem[X,0x00000000800005AA] -> 0x0000
[367] [M]: 0x00000000800005A8 (0x00000013) addi zero, zero, 0x0

mem[X,0x00000000800005AC] -> 0x0013
mem[X,0x00000000800005AE] -> 0x0000
[368] [M]: 0x00000000800005AC (0x00000013) addi zero, zero, 0x0

mem[X,0x00000000800005B0] -> 0x0013
mem[X,0x00000000800005B2] -> 0x0000
[369] [M]: 0x00000000800005B0 (0x00000013) addi zero, zero, 0x0

mem[X,0x00000000800005B4] -> 0x0013
mem[X,0x00000000800005B6] -> 0x0000
[370] [M]: 0x00000000800005B4 (0x00000013) addi zero, zero, 0x0

mem[X,0x00000000800005B8] -> 0x0013
mem[X,0x00000000800005BA] -> 0x0000
[371] [M]: 0x00000000800005B8 (0x00000013) addi zero, zero, 0x0

mem[X,0x00000000800005BC] -> 0x0013
mem[X,0x00000000800005BE] -> 0x0000
[372] [M]: 0x00000000800005BC (0x00000013) addi zero, zero, 0x0

mem[X,0x00000000800005C0] -> 0x05B7
mem[X,0x00000000800005C2] -> 0xFEFF
[373] [M]: 0x00000000800005C0 (0xFEFF05B7) lui a1, -0x1010
x11 <- 0xFFFFFFFFFEFF0000

mem[X,0x00000000800005C4] -> 0x8593
mem[X,0x00000000800005C6] -> 0x0035
[374] [M]: 0x00000000800005C4 (0x00358593) addi a1, a1, 0x3
x11 <- 0xFFFFFFFFFEFF0003

mem[X,0x00000000800005C8] -> 0x9593
mem[X,0x00000000800005CA] -> 0x00B5
[375] [M]: 0x00000000800005C8 (0x00B59593) slli a1, a1, 0xb
x11 <- 0xFFFFFFF7F8001800

mem[X,0x00000000800005CC] -> 0x8593
mem[X,0x00000000800005CE] -> 0x0805
[376] [M]: 0x00000000800005CC (0x08058593) addi a1, a1, 0x80
x11 <- 0xFFFFFFF7F8001880

mem[X,0x00000000800005D0] -> 0x9593
mem[X,0x00000000800005D2] -> 0x00B5
[377] [M]: 0x00000000800005D0 (0x00B59593) slli a1, a1, 0xb
x11 <- 0xFFFFBFC000C40000

mem[X,0x00000000800005D4] -> 0x8593
mem[X,0x00000000800005D6] -> 0x0015
[378] [M]: 0x00000000800005D4 (0x00158593) addi a1, a1, 0x1
x11 <- 0xFFFFBFC000C40001

mem[X,0x00000000800005D8] -> 0x9593
mem[X,0x00000000800005DA] -> 0x00A5
[379] [M]: 0x00000000800005D8 (0x00A59593) slli a1, a1, 0xa
x11 <- 0xFEFF000310000400

mem[X,0x00000000800005DC] -> 0x2EB7
mem[X,0x00000000800005DE] -> 0x0002
[380] [M]: 0x00000000800005DC (0x00022EB7) lui t4, 0x22
x29 <- 0x0000000000022000

mem[X,0x00000000800005E0] -> 0x8E93
mem[X,0x00000000800005E2] -> 0x000E
[381] [M]: 0x00000000800005E0 (0x000E8E93) addi t4, t4, 0x0
x29 <- 0x0000000000022000

mem[X,0x00000000800005E4] -> 0x9E93
mem[X,0x00000000800005E6] -> 0x00BE
[382] [M]: 0x00000000800005E4 (0x00BE9E93) slli t4, t4, 0xb
x29 <- 0x0000000011000000

mem[X,0x00000000800005E8] -> 0x8E93
mem[X,0x00000000800005EA] -> 0x008E
[383] [M]: 0x00000000800005E8 (0x008E8E93) addi t4, t4, 0x8
x29 <- 0x0000000011000008

mem[X,0x00000000800005EC] -> 0x9E93
mem[X,0x00000000800005EE] -> 0x00BE
[384] [M]: 0x00000000800005EC (0x00BE9E93) slli t4, t4, 0xb
x29 <- 0x0000008800004000

mem[X,0x00000000800005F0] -> 0x8E93
mem[X,0x00000000800005F2] -> 0x03FE
[385] [M]: 0x00000000800005F0 (0x03FE8E93) addi t4, t4, 0x3f
x29 <- 0x000000880000403F

mem[X,0x00000000800005F4] -> 0x9E93
mem[X,0x00000000800005F6] -> 0x00AE
[386] [M]: 0x00000000800005F4 (0x00AE9E93) slli t4, t4, 0xa
x29 <- 0x000220000100FC00

mem[X,0x00000000800005F8] -> 0x8E93
mem[X,0x00000000800005FA] -> 0x3F9E
[387] [M]: 0x00000000800005F8 (0x3F9E8E93) addi t4, t4, 0x3f9
x29 <- 0x000220000100FFF9

mem[X,0x00000000800005FC] -> 0xDCBB
mem[X,0x00000000800005FE] -> 0xA7D5
[388] [M]: 0x00000000800005FC (0xA7D5DCBB) pm4addu.h s9, a1, t4
x25 <- 0x00000000041241FE

mem[X,0x0000000080000600] -> 0x3023
mem[X,0x0000000080000602] -> 0x0192
[389] [M]: 0x0000000080000600 (0x01923023) sd s9, 0x0(tp)
mem[0x0000000080004188] <- 0x00000000041241FE

mem[X,0x0000000080000604] -> 0x0737
mem[X,0x0000000080000606] -> 0x1000
[390] [M]: 0x0000000080000604 (0x10000737) lui a4, 0x10000
x14 <- 0x0000000010000000

mem[X,0x0000000080000608] -> 0x0713
mem[X,0x000000008000060A] -> 0x0047
[391] [M]: 0x0000000080000608 (0x00470713) addi a4, a4, 0x4
x14 <- 0x0000000010000004

mem[X,0x000000008000060C] -> 0x1713
mem[X,0x000000008000060E] -> 0x00B7
[392] [M]: 0x000000008000060C (0x00B71713) slli a4, a4, 0xb
x14 <- 0x0000008000002000

mem[X,0x0000000080000610] -> 0x0713
mem[X,0x0000000080000612] -> 0x0007
[393] [M]: 0x0000000080000610 (0x00070713) addi a4, a4, 0x0
x14 <- 0x0000008000002000

mem[X,0x0000000080000614] -> 0x1713
mem[X,0x0000000080000616] -> 0x00B7
[394] [M]: 0x0000000080000614 (0x00B71713) slli a4, a4, 0xb
x14 <- 0x0004000001000000

mem[X,0x0000000080000618] -> 0x0713
mem[X,0x000000008000061A] -> 0x0027
[395] [M]: 0x0000000080000618 (0x00270713) addi a4, a4, 0x2
x14 <- 0x0004000001000002

mem[X,0x000000008000061C] -> 0x1713
mem[X,0x000000008000061E] -> 0x00A7
[396] [M]: 0x000000008000061C (0x00A71713) slli a4, a4, 0xa
x14 <- 0x1000000400000800

mem[X,0x0000000080000620] -> 0x00B7
mem[X,0x0000000080000622] -> 0xFFF6
[397] [M]: 0x0000000080000620 (0xFFF600B7) lui ra, -0xa0
x1 <- 0xFFFFFFFFFFF60000

mem[X,0x0000000080000624] -> 0x8093
mem[X,0x0000000080000626] -> 0x0060
[398] [M]: 0x0000000080000624 (0x00608093) addi ra, ra, 0x6
x1 <- 0xFFFFFFFFFFF60006

mem[X,0x0000000080000628] -> 0x9093
mem[X,0x000000008000062A] -> 0x00B0
[399] [M]: 0x0000000080000628 (0x00B09093) slli ra, ra, 0xb
x1 <- 0xFFFFFFFFB0003000

clint::tick mtime <- 0x0000000000000004
 clint timer pending at mtime 0x0000000000000004
htif::tick 0x0000000000000000
mem[X,0x000000008000062C] -> 0x8093
mem[X,0x000000008000062E] -> 0x7FF0
[400] [M]: 0x000000008000062C (0x7FF08093) addi ra, ra, 0x7ff
x1 <- 0xFFFFFFFFB00037FF

mem[X,0x0000000080000630] -> 0x9093
mem[X,0x0000000080000632] -> 0x00B0
[401] [M]: 0x0000000080000630 (0x00B09093) slli ra, ra, 0xb
x1 <- 0xFFFFFD8001BFF800

mem[X,0x0000000080000634] -> 0x8093
mem[X,0x0000000080000636] -> 0x7400
[402] [M]: 0x0000000080000634 (0x74008093) addi ra, ra, 0x740
x1 <- 0xFFFFFD8001BFFF40

mem[X,0x0000000080000638] -> 0x9093
mem[X,0x000000008000063A] -> 0x00A0
[403] [M]: 0x0000000080000638 (0x00A09093) slli ra, ra, 0xa
x1 <- 0xFFF60006FFFD0000

mem[X,0x000000008000063C] -> 0x8093
mem[X,0x000000008000063E] -> 0x2000
[404] [M]: 0x000000008000063C (0x20008093) addi ra, ra, 0x200
x1 <- 0xFFF60006FFFD0200

mem[X,0x0000000080000640] -> 0x533B
mem[X,0x0000000080000642] -> 0xA617
[405] [M]: 0x0000000080000640 (0xA617533B) pm4addu.h t1, a4, ra
x6 <- 0x00000000100F6018

mem[X,0x0000000080000644] -> 0x3423
mem[X,0x0000000080000646] -> 0x0062
[406] [M]: 0x0000000080000644 (0x00623423) sd t1, 0x8(tp)
mem[0x0000000080004190] <- 0x00000000100F6018

mem[X,0x0000000080000648] -> 0x1437
mem[X,0x000000008000064A] -> 0x0100
[407] [M]: 0x0000000080000648 (0x01001437) lui fp, 0x1001
x8 <- 0x0000000001001000

mem[X,0x000000008000064C] -> 0x0413
mem[X,0x000000008000064E] -> 0x0004
[408] [M]: 0x000000008000064C (0x00040413) addi fp, fp, 0x0
x8 <- 0x0000000001001000

mem[X,0x0000000080000650] -> 0x1413
mem[X,0x0000000080000652] -> 0x00B4
[409] [M]: 0x0000000080000650 (0x00B41413) slli fp, fp, 0xb
x8 <- 0x0000000800800000

mem[X,0x0000000080000654] -> 0x0413
mem[X,0x0000000080000656] -> 0x0044
[410] [M]: 0x0000000080000654 (0x00440413) addi fp, fp, 0x4
x8 <- 0x0000000800800004

mem[X,0x0000000080000658] -> 0x1413
mem[X,0x000000008000065A] -> 0x00B4
[411] [M]: 0x0000000080000658 (0x00B41413) slli fp, fp, 0xb
x8 <- 0x0000400400002000

mem[X,0x000000008000065C] -> 0x0413
mem[X,0x000000008000065E] -> 0x0044
[412] [M]: 0x000000008000065C (0x00440413) addi fp, fp, 0x4
x8 <- 0x0000400400002004

mem[X,0x0000000080000660] -> 0x1413
mem[X,0x0000000080000662] -> 0x00A4
[413] [M]: 0x0000000080000660 (0x00A41413) slli fp, fp, 0xa
x8 <- 0x0100100000801000

mem[X,0x0000000080000664] -> 0x5837
mem[X,0x0000000080000666] -> 0xDFFF
[414] [M]: 0x0000000080000664 (0xDFFF5837) lui a6, -0x2000b
x16 <- 0xFFFFFFFFDFFF5000

mem[X,0x0000000080000668] -> 0x0813
mem[X,0x000000008000066A] -> 0x5558
[415] [M]: 0x0000000080000668 (0x55580813) addi a6, a6, 0x555
x16 <- 0xFFFFFFFFDFFF5555

mem[X,0x000000008000066C] -> 0x1813
mem[X,0x000000008000066E] -> 0x00B8
[416] [M]: 0x000000008000066C (0x00B81813) slli a6, a6, 0xb
x16 <- 0xFFFFFEFFFAAAA800

mem[X,0x0000000080000670] -> 0x0813
mem[X,0x0000000080000672] -> 0x7FE8
[417] [M]: 0x0000000080000670 (0x7FE80813) addi a6, a6, 0x7fe
x16 <- 0xFFFFFEFFFAAAAFFE

mem[X,0x0000000080000674] -> 0x1813
mem[X,0x0000000080000676] -> 0x00B8
[418] [M]: 0x0000000080000674 (0x00B81813) slli a6, a6, 0xb
x16 <- 0xFFF7FFD5557FF000

mem[X,0x0000000080000678] -> 0x0813
mem[X,0x000000008000067A] -> 0x7FF8
[419] [M]: 0x0000000080000678 (0x7FF80813) addi a6, a6, 0x7ff
x16 <- 0xFFF7FFD5557FF7FF

mem[X,0x000000008000067C] -> 0x1813
mem[X,0x000000008000067E] -> 0x00A8
[420] [M]: 0x000000008000067C (0x00A81813) slli a6, a6, 0xa
x16 <- 0xDFFF5555FFDFFC00

mem[X,0x0000000080000680] -> 0x0813
mem[X,0x0000000080000682] -> 0x3F78
[421] [M]: 0x0000000080000680 (0x3F780813) addi a6, a6, 0x3f7
x16 <- 0xDFFF5555FFDFFFF7

mem[X,0x0000000080000684] -> 0x5F3B
mem[X,0x0000000080000686] -> 0xA704
[422] [M]: 0x0000000080000684 (0xA7045F3B) pm4addu.h t5, fp, a6
x30 <- 0x0000000016B4AE80

mem[X,0x0000000080000688] -> 0x3823
mem[X,0x000000008000068A] -> 0x01E2
[423] [M]: 0x0000000080000688 (0x01E23823) sd t5, 0x10(tp)
mem[0x0000000080004198] <- 0x0000000016B4AE80

mem[X,0x000000008000068C] -> 0x0837
mem[X,0x000000008000068E] -> 0xFFF8
[424] [M]: 0x000000008000068C (0xFFF80837) lui a6, -0x80
x16 <- 0xFFFFFFFFFFF80000

mem[X,0x0000000080000690] -> 0x0813
mem[X,0x0000000080000692] -> 0xEFF8
[425] [M]: 0x0000000080000690 (0xEFF80813) addi a6, a6, -0x101
x16 <- 0xFFFFFFFFFFF7FEFF

mem[X,0x0000000080000694] -> 0x1813
mem[X,0x0000000080000696] -> 0x00B8
[426] [M]: 0x0000000080000694 (0x00B81813) slli a6, a6, 0xb
x16 <- 0xFFFFFFFFBFF7F800

mem[X,0x0000000080000698] -> 0x0813
mem[X,0x000000008000069A] -> 0x7FE8
[427] [M]: 0x0000000080000698 (0x7FE80813) addi a6, a6, 0x7fe
x16 <- 0xFFFFFFFFBFF7FFFE

mem[X,0x000000008000069C] -> 0x1813
mem[X,0x000000008000069E] -> 0x00B8
[428] [M]: 0x000000008000069C (0x00B81813) slli a6, a6, 0xb
x16 <- 0xFFFFFDFFBFFFF000

mem[X,0x00000000800006A0] -> 0x0813
mem[X,0x00000000800006A2] -> 0x7C88
[429] [M]: 0x00000000800006A0 (0x7C880813) addi a6, a6, 0x7c8
x16 <- 0xFFFFFDFFBFFFF7C8

mem[X,0x00000000800006A4] -> 0x1813
mem[X,0x00000000800006A6] -> 0x00A8
[430] [M]: 0x00000000800006A4 (0x00A81813) slli a6, a6, 0xa
x16 <- 0xFFF7FEFFFFDF2000

mem[X,0x00000000800006A8] -> 0xC3B7
mem[X,0x00000000800006AA] -> 0x0004
[431] [M]: 0x00000000800006A8 (0x0004C3B7) lui t2, 0x4c
x7 <- 0x000000000004C000

mem[X,0x00000000800006AC] -> 0x8393
mem[X,0x00000000800006AE] -> 0x0003
[432] [M]: 0x00000000800006AC (0x00038393) addi t2, t2, 0x0
x7 <- 0x000000000004C000

mem[X,0x00000000800006B0] -> 0x9393
mem[X,0x00000000800006B2] -> 0x00B3
[433] [M]: 0x00000000800006B0 (0x00B39393) slli t2, t2, 0xb
x7 <- 0x0000000026000000

mem[X,0x00000000800006B4] -> 0x8393
mem[X,0x00000000800006B6] -> 0x7FD3
[434] [M]: 0x00000000800006B4 (0x7FD38393) addi t2, t2, 0x7fd
x7 <- 0x00000000260007FD

mem[X,0x00000000800006B8] -> 0x9393
mem[X,0x00000000800006BA] -> 0x00B3
[435] [M]: 0x00000000800006B8 (0x00B39393) slli t2, t2, 0xb
x7 <- 0x00000130003FE800

mem[X,0x00000000800006BC] -> 0x8393
mem[X,0x00000000800006BE] -> 0x7EA3
[436] [M]: 0x00000000800006BC (0x7EA38393) addi t2, t2, 0x7ea
x7 <- 0x00000130003FEFEA

mem[X,0x00000000800006C0] -> 0x9393
mem[X,0x00000000800006C2] -> 0x00A3
[437] [M]: 0x00000000800006C0 (0x00A39393) slli t2, t2, 0xa
x7 <- 0x0004C000FFBFA800

mem[X,0x00000000800006C4] -> 0x8393
mem[X,0x00000000800006C6] -> 0x2AA3
[438] [M]: 0x00000000800006C4 (0x2AA38393) addi t2, t2, 0x2aa
x7 <- 0x0004C000FFBFAAAA

mem[X,0x00000000800006C8] -> 0x563B
mem[X,0x00000000800006CA] -> 0xA678
[439] [M]: 0x00000000800006C8 (0xA678563B) pm4addu.h a2, a6, t2
x12 <- 0x00000001D436883D

mem[X,0x00000000800006CC] -> 0x3C23
mem[X,0x00000000800006CE] -> 0x00C2
[440] [M]: 0x00000000800006CC (0x00C23C23) sd a2, 0x18(tp)
mem[0x00000000800041A0] <- 0x00000001D436883D

mem[X,0x00000000800006D0] -> 0xB8B7
mem[X,0x00000000800006D2] -> 0x0007
[441] [M]: 0x00000000800006D0 (0x0007B8B7) lui a7, 0x7b
x17 <- 0x000000000007B000

mem[X,0x00000000800006D4] -> 0x8893
mem[X,0x00000000800006D6] -> 0xAAA8
[442] [M]: 0x00000000800006D4 (0xAAA88893) addi a7, a7, -0x556
x17 <- 0x000000000007AAAA

mem[X,0x00000000800006D8] -> 0x9893
mem[X,0x00000000800006DA] -> 0x00B8
[443] [M]: 0x00000000800006D8 (0x00B89893) slli a7, a7, 0xb
x17 <- 0x000000003D555000

mem[X,0x00000000800006DC] -> 0x8893
mem[X,0x00000000800006DE] -> 0x1FF8
[444] [M]: 0x00000000800006DC (0x1FF88893) addi a7, a7, 0x1ff
x17 <- 0x000000003D5551FF

mem[X,0x00000000800006E0] -> 0x9893
mem[X,0x00000000800006E2] -> 0x00B8
[445] [M]: 0x00000000800006E0 (0x00B89893) slli a7, a7, 0xb
x17 <- 0x000001EAAA8FF800

mem[X,0x00000000800006E4] -> 0x8893
mem[X,0x00000000800006E6] -> 0x7D08
[446] [M]: 0x00000000800006E4 (0x7D088893) addi a7, a7, 0x7d0
x17 <- 0x000001EAAA8FFFD0

mem[X,0x00000000800006E8] -> 0x9893
mem[X,0x00000000800006EA] -> 0x00A8
[447] [M]: 0x00000000800006E8 (0x00A89893) slli a7, a7, 0xa
x17 <- 0x0007AAAA3FFF4000

mem[X,0x00000000800006EC] -> 0x0C37
mem[X,0x00000000800006EE] -> 0x0001
[448] [M]: 0x00000000800006EC (0x00010C37) lui s8, 0x10
x24 <- 0x0000000000010000

mem[X,0x00000000800006F0] -> 0x0C13
mem[X,0x00000000800006F2] -> 0xFF8C
[449] [M]: 0x00000000800006F0 (0xFF8C0C13) addi s8, s8, -0x8
x24 <- 0x000000000000FFF8

mem[X,0x00000000800006F4] -> 0x1C13
mem[X,0x00000000800006F6] -> 0x00BC
[450] [M]: 0x00000000800006F4 (0x00BC1C13) slli s8, s8, 0xb
x24 <- 0x0000000007FFC000

mem[X,0x00000000800006F8] -> 0x0C13
mem[X,0x00000000800006FA] -> 0x2AAC
[451] [M]: 0x00000000800006F8 (0x2AAC0C13) addi s8, s8, 0x2aa
x24 <- 0x0000000007FFC2AA

mem[X,0x00000000800006FC] -> 0x1C13
mem[X,0x00000000800006FE] -> 0x00BC
[452] [M]: 0x00000000800006FC (0x00BC1C13) slli s8, s8, 0xb
x24 <- 0x0000003FFE155000

mem[X,0x0000000080000700] -> 0x0C13
mem[X,0x0000000080000702] -> 0x57DC
[453] [M]: 0x0000000080000700 (0x57DC0C13) addi s8, s8, 0x57d
x24 <- 0x0000003FFE15557D

mem[X,0x0000000080000704] -> 0x1C13
mem[X,0x0000000080000706] -> 0x00AC
[454] [M]: 0x0000000080000704 (0x00AC1C13) slli s8, s8, 0xa
x24 <- 0x0000FFF85555F400

mem[X,0x0000000080000708] -> 0x0C13
mem[X,0x000000008000070A] -> 0x3FFC
[455] [M]: 0x0000000080000708 (0x3FFC0C13) addi s8, s8, 0x3ff
x24 <- 0x0000FFF85555F7FF

mem[X,0x000000008000070C] -> 0xD73B
mem[X,0x000000008000070E] -> 0xA788
[456] [M]: 0x000000008000070C (0xA788D73B) pm4addu.h a4, a7, s8
x14 <- 0x00000000FDF9555B

mem[X,0x0000000080000710] -> 0x3023
mem[X,0x0000000080000712] -> 0x02E2
[457] [M]: 0x0000000080000710 (0x02E23023) sd a4, 0x20(tp)
mem[0x00000000800041A8] <- 0x00000000FDF9555B

mem[X,0x0000000080000714] -> 0x8537
mem[X,0x0000000080000716] -> 0xDFFF
[458] [M]: 0x0000000080000714 (0xDFFF8537) lui a0, -0x20008
x10 <- 0xFFFFFFFFDFFF8000

mem[X,0x0000000080000718] -> 0x0513
mem[X,0x000000008000071A] -> 0xFFF5
[459] [M]: 0x0000000080000718 (0xFFF50513) addi a0, a0, -0x1
x10 <- 0xFFFFFFFFDFFF7FFF

mem[X,0x000000008000071C] -> 0x1513
mem[X,0x000000008000071E] -> 0x00B5
[460] [M]: 0x000000008000071C (0x00B51513) slli a0, a0, 0xb
x10 <- 0xFFFFFEFFFBFFF800

mem[X,0x0000000080000720] -> 0x0513
mem[X,0x0000000080000722] -> 0x0005
[461] [M]: 0x0000000080000720 (0x00050513) addi a0, a0, 0x0
x10 <- 0xFFFFFEFFFBFFF800

mem[X,0x0000000080000724] -> 0x1513
mem[X,0x0000000080000726] -> 0x00B5
[462] [M]: 0x0000000080000724 (0x00B51513) slli a0, a0, 0xb
x10 <- 0xFFF7FFDFFFC00000

mem[X,0x0000000080000728] -> 0x0513
mem[X,0x000000008000072A] -> 0x03F5
[463] [M]: 0x0000000080000728 (0x03F50513) addi a0, a0, 0x3f
x10 <- 0xFFF7FFDFFFC0003F

mem[X,0x000000008000072C] -> 0x1513
mem[X,0x000000008000072E] -> 0x00A5
[464] [M]: 0x000000008000072C (0x00A51513) slli a0, a0, 0xa
x10 <- 0xDFFF7FFF0000FC00

mem[X,0x0000000080000730] -> 0x0513
mem[X,0x0000000080000732] -> 0x3FE5
[465] [M]: 0x0000000080000730 (0x3FE50513) addi a0, a0, 0x3fe
x10 <- 0xDFFF7FFF0000FFFE

mem[X,0x0000000080000734] -> 0x01B7
mem[X,0x0000000080000736] -> 0xC000
[466] [M]: 0x0000000080000734 (0xC00001B7) lui gp, -0x40000
x3 <- 0xFFFFFFFFC0000000

mem[X,0x0000000080000738] -> 0x8193
mem[X,0x000000008000073A] -> 0xFBF1
[467] [M]: 0x0000000080000738 (0xFBF18193) addi gp, gp, -0x41
x3 <- 0xFFFFFFFFBFFFFFBF

mem[X,0x000000008000073C] -> 0x9193
mem[X,0x000000008000073E] -> 0x00B1
[468] [M]: 0x000000008000073C (0x00B19193) slli gp, gp, 0xb
x3 <- 0xFFFFFDFFFFFDF800

mem[X,0x0000000080000740] -> 0x8193
mem[X,0x0000000080000742] -> 0x0001
[469] [M]: 0x0000000080000740 (0x00018193) addi gp, gp, 0x0
x3 <- 0xFFFFFDFFFFFDF800

mem[X,0x0000000080000744] -> 0x9193
mem[X,0x0000000080000746] -> 0x00B1
[470] [M]: 0x0000000080000744 (0x00B19193) slli gp, gp, 0xb
x3 <- 0xFFEFFFFFEFC00000

mem[X,0x0000000080000748] -> 0x8193
mem[X,0x000000008000074A] -> 0x08F1
[471] [M]: 0x0000000080000748 (0x08F18193) addi gp, gp, 0x8f
x3 <- 0xFFEFFFFFEFC0008F

mem[X,0x000000008000074C] -> 0x9193
mem[X,0x000000008000074E] -> 0x00A1
[472] [M]: 0x000000008000074C (0x00A19193) slli gp, gp, 0xa
x3 <- 0xBFFFFFBF00023C00

mem[X,0x0000000080000750] -> 0x8193
mem[X,0x0000000080000752] -> 0x3FF1
[473] [M]: 0x0000000080000750 (0x3FF18193) addi gp, gp, 0x3ff
x3 <- 0xBFFFFFBF00023FFF

mem[X,0x0000000080000754] -> 0x5FBB
mem[X,0x0000000080000756] -> 0xA635
[474] [M]: 0x0000000080000754 (0xA6355FBB) pm4addu.h t6, a0, gp
x31 <- 0x0000000167DB6044

mem[X,0x0000000080000758] -> 0x3423
mem[X,0x000000008000075A] -> 0x03F2
[475] [M]: 0x0000000080000758 (0x03F23423) sd t6, 0x28(tp)
mem[0x00000000800041B0] <- 0x0000000167DB6044

mem[X,0x000000008000075C] -> 0xC3B7
mem[X,0x000000008000075E] -> 0xFFBF
[476] [M]: 0x000000008000075C (0xFFBFC3B7) lui t2, -0x404
x7 <- 0xFFFFFFFFFFBFC000

mem[X,0x0000000080000760] -> 0x8393
mem[X,0x0000000080000762] -> 0x0003
[477] [M]: 0x0000000080000760 (0x00038393) addi t2, t2, 0x0
x7 <- 0xFFFFFFFFFFBFC000

mem[X,0x0000000080000764] -> 0x9393
mem[X,0x0000000080000766] -> 0x00B3
[478] [M]: 0x0000000080000764 (0x00B39393) slli t2, t2, 0xb
x7 <- 0xFFFFFFFDFE000000

mem[X,0x0000000080000768] -> 0x8393
mem[X,0x000000008000076A] -> 0x0403
[479] [M]: 0x0000000080000768 (0x04038393) addi t2, t2, 0x40
x7 <- 0xFFFFFFFDFE000040

mem[X,0x000000008000076C] -> 0x9393
mem[X,0x000000008000076E] -> 0x00B3
[480] [M]: 0x000000008000076C (0x00B39393) slli t2, t2, 0xb
x7 <- 0xFFFFEFF000020000

mem[X,0x0000000080000770] -> 0x8393
mem[X,0x0000000080000772] -> 0x03F3
[481] [M]: 0x0000000080000770 (0x03F38393) addi t2, t2, 0x3f
x7 <- 0xFFFFEFF00002003F

mem[X,0x0000000080000774] -> 0x9393
mem[X,0x0000000080000776] -> 0x00A3
[482] [M]: 0x0000000080000774 (0x00A39393) slli t2, t2, 0xa
x7 <- 0xFFBFC0000800FC00

mem[X,0x0000000080000778] -> 0x8393
mem[X,0x000000008000077A] -> 0x3FD3
[483] [M]: 0x0000000080000778 (0x3FD38393) addi t2, t2, 0x3fd
x7 <- 0xFFBFC0000800FFFD

mem[X,0x000000008000077C] -> 0x0337
mem[X,0x000000008000077E] -> 0x0006
[484] [M]: 0x000000008000077C (0x00060337) lui t1, 0x60
x6 <- 0x0000000000060000

mem[X,0x0000000080000780] -> 0x0313
mem[X,0x0000000080000782] -> 0xDFF3
[485] [M]: 0x0000000080000780 (0xDFF30313) addi t1, t1, -0x201
x6 <- 0x000000000005FDFF

mem[X,0x0000000080000784] -> 0x1313
mem[X,0x0000000080000786] -> 0x00B3
[486] [M]: 0x0000000080000784 (0x00B31313) slli t1, t1, 0xb
x6 <- 0x000000002FEFF800

mem[X,0x0000000080000788] -> 0x0313
mem[X,0x000000008000078A] -> 0x7FF3
[487] [M]: 0x0000000080000788 (0x7FF30313) addi t1, t1, 0x7ff
x6 <- 0x000000002FEFFFFF

mem[X,0x000000008000078C] -> 0x1313
mem[X,0x000000008000078E] -> 0x00B3
[488] [M]: 0x000000008000078C (0x00B31313) slli t1, t1, 0xb
x6 <- 0x0000017F7FFFF800

mem[X,0x0000000080000790] -> 0x0313
mem[X,0x0000000080000792] -> 0x7C13
[489] [M]: 0x0000000080000790 (0x7C130313) addi t1, t1, 0x7c1
x6 <- 0x0000017F7FFFFFC1

mem[X,0x0000000080000794] -> 0x1313
mem[X,0x0000000080000796] -> 0x00A3
[490] [M]: 0x0000000080000794 (0x00A31313) slli t1, t1, 0xa
x6 <- 0x0005FDFFFFFF0400

mem[X,0x0000000080000798] -> 0xD53B
mem[X,0x000000008000079A] -> 0xA663
[491] [M]: 0x0000000080000798 (0xA663D53B) pm4addu.h a0, t2, t1
x10 <- 0x00000000CA842ABB

mem[X,0x000000008000079C] -> 0x3823
mem[X,0x000000008000079E] -> 0x02A2
[492] [M]: 0x000000008000079C (0x02A23823) sd a0, 0x30(tp)
mem[0x00000000800041B8] <- 0x00000000CA842ABB

mem[X,0x00000000800007A0] -> 0x0EB7
mem[X,0x00000000800007A2] -> 0x0201
[493] [M]: 0x00000000800007A0 (0x02010EB7) lui t4, 0x2010
x29 <- 0x0000000002010000

mem[X,0x00000000800007A4] -> 0x8E93
mem[X,0x00000000800007A6] -> 0xFFDE
[494] [M]: 0x00000000800007A4 (0xFFDE8E93) addi t4, t4, -0x3
x29 <- 0x000000000200FFFD

mem[X,0x00000000800007A8] -> 0x9E93
mem[X,0x00000000800007AA] -> 0x00BE
[495] [M]: 0x00000000800007A8 (0x00BE9E93) slli t4, t4, 0xb
x29 <- 0x0000001007FFE800

mem[X,0x00000000800007AC] -> 0x8E93
mem[X,0x00000000800007AE] -> 0x010E
[496] [M]: 0x00000000800007AC (0x010E8E93) addi t4, t4, 0x10
x29 <- 0x0000001007FFE810

mem[X,0x00000000800007B0] -> 0x9E93
mem[X,0x00000000800007B2] -> 0x00BE
[497] [M]: 0x00000000800007B0 (0x00BE9E93) slli t4, t4, 0xb
x29 <- 0x0000803FFF408000

mem[X,0x00000000800007B4] -> 0x8E93
mem[X,0x00000000800007B6] -> 0x03FE
[498] [M]: 0x00000000800007B4 (0x03FE8E93) addi t4, t4, 0x3f
x29 <- 0x0000803FFF40803F

mem[X,0x00000000800007B8] -> 0x9E93
mem[X,0x00000000800007BA] -> 0x00AE
[499] [M]: 0x00000000800007B8 (0x00AE9E93) slli t4, t4, 0xa
x29 <- 0x0200FFFD0200FC00

clint::tick mtime <- 0x0000000000000005
 clint timer pending at mtime 0x0000000000000005
htif::tick 0x0000000000000000
mem[X,0x00000000800007BC] -> 0x8E93
mem[X,0x00000000800007BE] -> 0x3FBE
[500] [M]: 0x00000000800007BC (0x3FBE8E93) addi t4, t4, 0x3fb
x29 <- 0x0200FFFD0200FFFB

mem[X,0x00000000800007C0] -> 0x0B37
mem[X,0x00000000800007C2] -> 0x0020
[501] [M]: 0x00000000800007C0 (0x00200B37) lui s6, 0x200
x22 <- 0x0000000000200000

mem[X,0x00000000800007C4] -> 0x0B13
mem[X,0x00000000800007C6] -> 0x100B
[502] [M]: 0x00000000800007C4 (0x100B0B13) addi s6, s6, 0x100
x22 <- 0x0000000000200100

mem[X,0x00000000800007C8] -> 0x1B13
mem[X,0x00000000800007CA] -> 0x00BB
[503] [M]: 0x00000000800007C8 (0x00BB1B13) slli s6, s6, 0xb
x22 <- 0x0000000100080000

mem[X,0x00000000800007CC] -> 0x0B13
mem[X,0x00000000800007CE] -> 0x3FFB
[504] [M]: 0x00000000800007CC (0x3FFB0B13) addi s6, s6, 0x3ff
x22 <- 0x00000001000803FF

mem[X,0x00000000800007D0] -> 0x1B13
mem[X,0x00000000800007D2] -> 0x00BB
[505] [M]: 0x00000000800007D0 (0x00BB1B13) slli s6, s6, 0xb
x22 <- 0x00000800401FF800

mem[X,0x00000000800007D4] -> 0x0B13
mem[X,0x00000000800007D6] -> 0x7C0B
[506] [M]: 0x00000000800007D4 (0x7C0B0B13) addi s6, s6, 0x7c0
x22 <- 0x00000800401FFFC0

mem[X,0x00000000800007D8] -> 0x1B13
mem[X,0x00000000800007DA] -> 0x00AB
[507] [M]: 0x00000000800007D8 (0x00AB1B13) slli s6, s6, 0xa
x22 <- 0x002001007FFF0000

mem[X,0x00000000800007DC] -> 0x0B13
mem[X,0x00000000800007DE] -> 0x040B
[508] [M]: 0x00000000800007DC (0x040B0B13) addi s6, s6, 0x40
x22 <- 0x002001007FFF0040

mem[X,0x00000000800007E0] -> 0xD83B
mem[X,0x00000000800007E2] -> 0xA76E
[509] [M]: 0x00000000800007E0 (0xA76ED83B) pm4addu.h a6, t4, s6
x16 <- 0x00000000024039C0

mem[X,0x00000000800007E4] -> 0x3C23
mem[X,0x00000000800007E6] -> 0x0302
[510] [M]: 0x00000000800007E4 (0x03023C23) sd a6, 0x38(tp)
mem[0x00000000800041C0] <- 0x00000000024039C0

mem[X,0x00000000800007E8] -> 0x5FB7
mem[X,0x00000000800007EA] -> 0xFFF7
[511] [M]: 0x00000000800007E8 (0xFFF75FB7) lui t6, -0x8b
x31 <- 0xFFFFFFFFFFF75000

mem[X,0x00000000800007EC] -> 0x8F93
mem[X,0x00000000800007EE] -> 0x555F
[512] [M]: 0x00000000800007EC (0x555F8F93) addi t6, t6, 0x555
x31 <- 0xFFFFFFFFFFF75555

mem[X,0x00000000800007F0] -> 0x9F93
mem[X,0x00000000800007F2] -> 0x00BF
[513] [M]: 0x00000000800007F0 (0x00BF9F93) slli t6, t6, 0xb
x31 <- 0xFFFFFFFFBAAAA800

mem[X,0x00000000800007F4] -> 0x8F93
mem[X,0x00000000800007F6] -> 0x7EFF
[514] [M]: 0x00000000800007F4 (0x7EFF8F93) addi t6, t6, 0x7ef
x31 <- 0xFFFFFFFFBAAAAFEF

mem[X,0x00000000800007F8] -> 0x9F93
mem[X,0x00000000800007FA] -> 0x00BF
[515] [M]: 0x00000000800007F8 (0x00BF9F93) slli t6, t6, 0xb
x31 <- 0xFFFFFDD5557F7800

mem[X,0x00000000800007FC] -> 0x8F93
mem[X,0x00000000800007FE] -> 0x7FFF
[516] [M]: 0x00000000800007FC (0x7FFF8F93) addi t6, t6, 0x7ff
x31 <- 0xFFFFFDD5557F7FFF

mem[X,0x0000000080000800] -> 0x9F93
mem[X,0x0000000080000802] -> 0x00AF
[517] [M]: 0x0000000080000800 (0x00AF9F93) slli t6, t6, 0xa
x31 <- 0xFFF75555FDFFFC00

mem[X,0x0000000080000804] -> 0x8F93
mem[X,0x0000000080000806] -> 0x3F7F
[518] [M]: 0x0000000080000804 (0x3F7F8F93) addi t6, t6, 0x3f7
x31 <- 0xFFF75555FDFFFFF7

mem[X,0x0000000080000808] -> 0x0737
mem[X,0x000000008000080A] -> 0x0040
[519] [M]: 0x0000000080000808 (0x00400737) lui a4, 0x400
x14 <- 0x0000000000400000

mem[X,0x000000008000080C] -> 0x0713
mem[X,0x000000008000080E] -> 0x0207
[520] [M]: 0x000000008000080C (0x02070713) addi a4, a4, 0x20
x14 <- 0x0000000000400020

mem[X,0x0000000080000810] -> 0x1713
mem[X,0x0000000080000812] -> 0x00B7
[521] [M]: 0x0000000080000810 (0x00B71713) slli a4, a4, 0xb
x14 <- 0x0000000200010000

mem[X,0x0000000080000814] -> 0x0713
mem[X,0x0000000080000816] -> 0x2007
[522] [M]: 0x0000000080000814 (0x20070713) addi a4, a4, 0x200
x14 <- 0x0000000200010200

mem[X,0x0000000080000818] -> 0x1713
mem[X,0x000000008000081A] -> 0x00B7
[523] [M]: 0x0000000080000818 (0x00B71713) slli a4, a4, 0xb
x14 <- 0x0000100008100000

mem[X,0x000000008000081C] -> 0x0713
mem[X,0x000000008000081E] -> 0x03F7
[524] [M]: 0x000000008000081C (0x03F70713) addi a4, a4, 0x3f
x14 <- 0x000010000810003F

mem[X,0x0000000080000820] -> 0x1713
mem[X,0x0000000080000822] -> 0x00A7
[525] [M]: 0x0000000080000820 (0x00A71713) slli a4, a4, 0xa
x14 <- 0x004000204000FC00

mem[X,0x0000000080000824] -> 0x0713
mem[X,0x0000000080000826] -> 0x3FE7
[526] [M]: 0x0000000080000824 (0x3FE70713) addi a4, a4, 0x3fe
x14 <- 0x004000204000FFFE

mem[X,0x0000000080000828] -> 0xDE3B
mem[X,0x000000008000082A] -> 0xA6EF
[527] [M]: 0x0000000080000828 (0xA6EFDE3B) pm4addu.h t3, t6, a4
x28 <- 0x000000013FBF6872

mem[X,0x000000008000082C] -> 0x3023
mem[X,0x000000008000082E] -> 0x05C2
[528] [M]: 0x000000008000082C (0x05C23023) sd t3, 0x40(tp)
mem[0x00000000800041C8] <- 0x000000013FBF6872

mem[X,0x0000000080000830] -> 0x02B7
mem[X,0x0000000080000832] -> 0x0000
[529] [M]: 0x0000000080000830 (0x000002B7) lui t0, 0x0
x5 <- 0x0000000000000000

mem[X,0x0000000080000834] -> 0x8293
mem[X,0x0000000080000836] -> 0x2002
[530] [M]: 0x0000000080000834 (0x20028293) addi t0, t0, 0x200
x5 <- 0x0000000000000200

mem[X,0x0000000080000838] -> 0x9293
mem[X,0x000000008000083A] -> 0x00B2
[531] [M]: 0x0000000080000838 (0x00B29293) slli t0, t0, 0xb
x5 <- 0x0000000000100000

mem[X,0x000000008000083C] -> 0x8293
mem[X,0x000000008000083E] -> 0x0022
[532] [M]: 0x000000008000083C (0x00228293) addi t0, t0, 0x2
x5 <- 0x0000000000100002

mem[X,0x0000000080000840] -> 0x9293
mem[X,0x0000000080000842] -> 0x00B2
[533] [M]: 0x0000000080000840 (0x00B29293) slli t0, t0, 0xb
x5 <- 0x0000000080001000

mem[X,0x0000000080000844] -> 0x8293
mem[X,0x0000000080000846] -> 0x03F2
[534] [M]: 0x0000000080000844 (0x03F28293) addi t0, t0, 0x3f
x5 <- 0x000000008000103F

mem[X,0x0000000080000848] -> 0x9293
mem[X,0x000000008000084A] -> 0x00A2
[535] [M]: 0x0000000080000848 (0x00A29293) slli t0, t0, 0xa
x5 <- 0x000002000040FC00

mem[X,0x000000008000084C] -> 0x8293
mem[X,0x000000008000084E] -> 0x3EF2
[536] [M]: 0x000000008000084C (0x3EF28293) addi t0, t0, 0x3ef
x5 <- 0x000002000040FFEF

mem[X,0x0000000080000850] -> 0x0A37
mem[X,0x0000000080000852] -> 0x0007
[537] [M]: 0x0000000080000850 (0x00070A37) lui s4, 0x70
x20 <- 0x0000000000070000

mem[X,0x0000000080000854] -> 0x0A13
mem[X,0x0000000080000856] -> 0xFFEA
[538] [M]: 0x0000000080000854 (0xFFEA0A13) addi s4, s4, -0x2
x20 <- 0x000000000006FFFE

mem[X,0x0000000080000858] -> 0x1A13
mem[X,0x000000008000085A] -> 0x00BA
[539] [M]: 0x0000000080000858 (0x00BA1A13) slli s4, s4, 0xb
x20 <- 0x0000000037FFF000

mem[X,0x000000008000085C] -> 0x0A13
mem[X,0x000000008000085E] -> 0x1FFA
[540] [M]: 0x000000008000085C (0x1FFA0A13) addi s4, s4, 0x1ff
x20 <- 0x0000000037FFF1FF

mem[X,0x0000000080000860] -> 0x1A13
mem[X,0x0000000080000862] -> 0x00BA
[541] [M]: 0x0000000080000860 (0x00BA1A13) slli s4, s4, 0xb
x20 <- 0x000001BFFF8FF800

mem[X,0x0000000080000864] -> 0x0A13
mem[X,0x0000000080000866] -> 0x7D5A
[542] [M]: 0x0000000080000864 (0x7D5A0A13) addi s4, s4, 0x7d5
x20 <- 0x000001BFFF8FFFD5

mem[X,0x0000000080000868] -> 0x1A13
mem[X,0x000000008000086A] -> 0x00AA
[543] [M]: 0x0000000080000868 (0x00AA1A13) slli s4, s4, 0xa
x20 <- 0x0006FFFE3FFF5400

mem[X,0x000000008000086C] -> 0x0A13
mem[X,0x000000008000086E] -> 0x155A
[544] [M]: 0x000000008000086C (0x155A0A13) addi s4, s4, 0x155
x20 <- 0x0006FFFE3FFF5555

mem[X,0x0000000080000870] -> 0xDC3B
mem[X,0x0000000080000872] -> 0xA742
[545] [M]: 0x0000000080000870 (0xA742DC3B) pm4addu.h s8, t0, s4
x24 <- 0x00000000575F511B

mem[X,0x0000000080000874] -> 0x3423
mem[X,0x0000000080000876] -> 0x0582
[546] [M]: 0x0000000080000874 (0x05823423) sd s8, 0x48(tp)
mem[0x00000000800041D0] <- 0x00000000575F511B

mem[X,0x0000000080000878] -> 0x0137
mem[X,0x000000008000087A] -> 0x0040
[547] [M]: 0x0000000080000878 (0x00400137) lui sp, 0x400
x2 <- 0x0000000000400000

mem[X,0x000000008000087C] -> 0x0113
mem[X,0x000000008000087E] -> 0x0101
[548] [M]: 0x000000008000087C (0x01010113) addi sp, sp, 0x10
x2 <- 0x0000000000400010

mem[X,0x0000000080000880] -> 0x1113
mem[X,0x0000000080000882] -> 0x00B1
[549] [M]: 0x0000000080000880 (0x00B11113) slli sp, sp, 0xb
x2 <- 0x0000000200008000

mem[X,0x0000000080000884] -> 0x0113
mem[X,0x0000000080000886] -> 0x0001
[550] [M]: 0x0000000080000884 (0x00010113) addi sp, sp, 0x0
x2 <- 0x0000000200008000

mem[X,0x0000000080000888] -> 0x1113
mem[X,0x000000008000088A] -> 0x00B1
[551] [M]: 0x0000000080000888 (0x00B11113) slli sp, sp, 0xb
x2 <- 0x0000100004000000

mem[X,0x000000008000088C] -> 0x0113
mem[X,0x000000008000088E] -> 0x1BF1
[552] [M]: 0x000000008000088C (0x1BF10113) addi sp, sp, 0x1bf
x2 <- 0x00001000040001BF

mem[X,0x0000000080000890] -> 0x1113
mem[X,0x0000000080000892] -> 0x00A1
[553] [M]: 0x0000000080000890 (0x00A11113) slli sp, sp, 0xa
x2 <- 0x004000100006FC00

mem[X,0x0000000080000894] -> 0x0113
mem[X,0x0000000080000896] -> 0x3DF1
[554] [M]: 0x0000000080000894 (0x3DF10113) addi sp, sp, 0x3df
x2 <- 0x004000100006FFDF

mem[X,0x0000000080000898] -> 0x0937
mem[X,0x000000008000089A] -> 0x0004
[555] [M]: 0x0000000080000898 (0x00040937) lui s2, 0x40
x18 <- 0x0000000000040000

mem[X,0x000000008000089C] -> 0x0913
mem[X,0x000000008000089E] -> 0x0209
[556] [M]: 0x000000008000089C (0x02090913) addi s2, s2, 0x20
x18 <- 0x0000000000040020

mem[X,0x00000000800008A0] -> 0x1913
mem[X,0x00000000800008A2] -> 0x00B9
[557] [M]: 0x00000000800008A0 (0x00B91913) slli s2, s2, 0xb
x18 <- 0x0000000020010000

mem[X,0x00000000800008A4] -> 0x0913
mem[X,0x00000000800008A6] -> 0x0809
[558] [M]: 0x00000000800008A4 (0x08090913) addi s2, s2, 0x80
x18 <- 0x0000000020010080

mem[X,0x00000000800008A8] -> 0x1913
mem[X,0x00000000800008AA] -> 0x00B9
[559] [M]: 0x00000000800008A8 (0x00B91913) slli s2, s2, 0xb
x18 <- 0x0000010008040000

mem[X,0x00000000800008AC] -> 0x0913
mem[X,0x00000000800008AE] -> 0x0089
[560] [M]: 0x00000000800008AC (0x00890913) addi s2, s2, 0x8
x18 <- 0x0000010008040008

mem[X,0x00000000800008B0] -> 0x1913
mem[X,0x00000000800008B2] -> 0x00A9
[561] [M]: 0x00000000800008B0 (0x00A91913) slli s2, s2, 0xa
x18 <- 0x0004002010002000

mem[X,0x00000000800008B4] -> 0x59BB
mem[X,0x00000000800008B6] -> 0xA721
[562] [M]: 0x00000000800008B4 (0xA72159BB) pm4addu.h s3, sp, s2
x19 <- 0x000000001FFC4300

mem[X,0x00000000800008B8] -> 0x3823
mem[X,0x00000000800008BA] -> 0x0532
[563] [M]: 0x00000000800008B8 (0x05323823) sd s3, 0x50(tp)
mem[0x00000000800041D8] <- 0x000000001FFC4300

mem[X,0x00000000800008BC] -> 0x01B7
mem[X,0x00000000800008BE] -> 0xFFF9
[564] [M]: 0x00000000800008BC (0xFFF901B7) lui gp, -0x70
x3 <- 0xFFFFFFFFFFF90000

mem[X,0x00000000800008C0] -> 0x8193
mem[X,0x00000000800008C2] -> 0x0071
[565] [M]: 0x00000000800008C0 (0x00718193) addi gp, gp, 0x7
x3 <- 0xFFFFFFFFFFF90007

mem[X,0x00000000800008C4] -> 0x9193
mem[X,0x00000000800008C6] -> 0x00B1
[566] [M]: 0x00000000800008C4 (0x00B19193) slli gp, gp, 0xb
x3 <- 0xFFFFFFFFC8003800

mem[X,0x00000000800008C8] -> 0x8193
mem[X,0x00000000800008CA] -> 0x1FF1
[567] [M]: 0x00000000800008C8 (0x1FF18193) addi gp, gp, 0x1ff
x3 <- 0xFFFFFFFFC80039FF

mem[X,0x00000000800008CC] -> 0x9193
mem[X,0x00000000800008CE] -> 0x00B1
[568] [M]: 0x00000000800008CC (0x00B19193) slli gp, gp, 0xb
x3 <- 0xFFFFFE4001CFF800

mem[X,0x00000000800008D0] -> 0x8193
mem[X,0x00000000800008D2] -> 0x7FF1
[569] [M]: 0x00000000800008D0 (0x7FF18193) addi gp, gp, 0x7ff
x3 <- 0xFFFFFE4001CFFFFF

mem[X,0x00000000800008D4] -> 0x9193
mem[X,0x00000000800008D6] -> 0x00A1
[570] [M]: 0x00000000800008D4 (0x00A19193) slli gp, gp, 0xa
x3 <- 0xFFF900073FFFFC00

mem[X,0x00000000800008D8] -> 0x8193
mem[X,0x00000000800008DA] -> 0x3BF1
[571] [M]: 0x00000000800008D8 (0x3BF18193) addi gp, gp, 0x3bf
x3 <- 0xFFF900073FFFFFBF

mem[X,0x00000000800008DC] -> 0x0CB7
mem[X,0x00000000800008DE] -> 0xFFF9
[572] [M]: 0x00000000800008DC (0xFFF90CB7) lui s9, -0x70
x25 <- 0xFFFFFFFFFFF90000

mem[X,0x00000000800008E0] -> 0x8C93
mem[X,0x00000000800008E2] -> 0x000C
[573] [M]: 0x00000000800008E0 (0x000C8C93) addi s9, s9, 0x0
x25 <- 0xFFFFFFFFFFF90000

mem[X,0x00000000800008E4] -> 0x9C93
mem[X,0x00000000800008E6] -> 0x00BC
[574] [M]: 0x00000000800008E4 (0x00BC9C93) slli s9, s9, 0xb
x25 <- 0xFFFFFFFFC8000000

mem[X,0x00000000800008E8] -> 0x8C93
mem[X,0x00000000800008EA] -> 0x040C
[575] [M]: 0x00000000800008E8 (0x040C8C93) addi s9, s9, 0x40
x25 <- 0xFFFFFFFFC8000040

mem[X,0x00000000800008EC] -> 0x9C93
mem[X,0x00000000800008EE] -> 0x00BC
[576] [M]: 0x00000000800008EC (0x00BC9C93) slli s9, s9, 0xb
x25 <- 0xFFFFFE4000020000

mem[X,0x00000000800008F0] -> 0x8C93
mem[X,0x00000000800008F2] -> 0x015C
[577] [M]: 0x00000000800008F0 (0x015C8C93) addi s9, s9, 0x15
x25 <- 0xFFFFFE4000020015

mem[X,0x00000000800008F4] -> 0x9C93
mem[X,0x00000000800008F6] -> 0x00AC
[578] [M]: 0x00000000800008F4 (0x00AC9C93) slli s9, s9, 0xa
x25 <- 0xFFF9000008005400

mem[X,0x00000000800008F8] -> 0x8C93
mem[X,0x00000000800008FA] -> 0x155C
[579] [M]: 0x00000000800008F8 (0x155C8C93) addi s9, s9, 0x155
x25 <- 0xFFF9000008005555

mem[X,0x00000000800008FC] -> 0xD43B
mem[X,0x00000000800008FE] -> 0xA791
[580] [M]: 0x00000000800008FC (0xA791D43B) pm4addu.h fp, gp, s9
x8 <- 0x0000000157314D9C

mem[X,0x0000000080000900] -> 0x3C23
mem[X,0x0000000080000902] -> 0x0482
[581] [M]: 0x0000000080000900 (0x04823C23) sd fp, 0x58(tp)
mem[0x00000000800041E0] <- 0x0000000157314D9C

mem[X,0x0000000080000904] -> 0x0637
mem[X,0x0000000080000906] -> 0x0021
[582] [M]: 0x0000000080000904 (0x00210637) lui a2, 0x210
x12 <- 0x0000000000210000

mem[X,0x0000000080000908] -> 0x0613
mem[X,0x000000008000090A] -> 0xFBF6
[583] [M]: 0x0000000080000908 (0xFBF60613) addi a2, a2, -0x41
x12 <- 0x000000000020FFBF

mem[X,0x000000008000090C] -> 0x1613
mem[X,0x000000008000090E] -> 0x00B6
[584] [M]: 0x000000008000090C (0x00B61613) slli a2, a2, 0xb
x12 <- 0x0000000107FDF800

mem[X,0x0000000080000910] -> 0x0613
mem[X,0x0000000080000912] -> 0x7FB6
[585] [M]: 0x0000000080000910 (0x7FB60613) addi a2, a2, 0x7fb
x12 <- 0x0000000107FDFFFB

mem[X,0x0000000080000914] -> 0x1613
mem[X,0x0000000080000916] -> 0x00B6
[586] [M]: 0x0000000080000914 (0x00B61613) slli a2, a2, 0xb
x12 <- 0x0000083FEFFFD800

mem[X,0x0000000080000918] -> 0x0613
mem[X,0x000000008000091A] -> 0x7FF6
[587] [M]: 0x0000000080000918 (0x7FF60613) addi a2, a2, 0x7ff
x12 <- 0x0000083FEFFFDFFF

mem[X,0x000000008000091C] -> 0x1613
mem[X,0x000000008000091E] -> 0x00A6
[588] [M]: 0x000000008000091C (0x00A61613) slli a2, a2, 0xa
x12 <- 0x0020FFBFFF7FFC00

mem[X,0x0000000080000920] -> 0x0613
mem[X,0x0000000080000922] -> 0x37F6
[589] [M]: 0x0000000080000920 (0x37F60613) addi a2, a2, 0x37f
x12 <- 0x0020FFBFFF7FFF7F

mem[X,0x0000000080000924] -> 0x07B7
mem[X,0x0000000080000926] -> 0x0100
[590] [M]: 0x0000000080000924 (0x010007B7) lui a5, 0x1000
x15 <- 0x0000000001000000

mem[X,0x0000000080000928] -> 0x8793
mem[X,0x000000008000092A] -> 0x1007
[591] [M]: 0x0000000080000928 (0x10078793) addi a5, a5, 0x100
x15 <- 0x0000000001000100

mem[X,0x000000008000092C] -> 0x9793
mem[X,0x000000008000092E] -> 0x00B7
[592] [M]: 0x000000008000092C (0x00B79793) slli a5, a5, 0xb
x15 <- 0x0000000800080000

mem[X,0x0000000080000930] -> 0x8793
mem[X,0x0000000080000932] -> 0x0007
[593] [M]: 0x0000000080000930 (0x00078793) addi a5, a5, 0x0
x15 <- 0x0000000800080000

mem[X,0x0000000080000934] -> 0x9793
mem[X,0x0000000080000936] -> 0x00B7
[594] [M]: 0x0000000080000934 (0x00B79793) slli a5, a5, 0xb
x15 <- 0x0000400040000000

mem[X,0x0000000080000938] -> 0x8793
mem[X,0x000000008000093A] -> 0x0707
[595] [M]: 0x0000000080000938 (0x07078793) addi a5, a5, 0x70
x15 <- 0x0000400040000070

mem[X,0x000000008000093C] -> 0x9793
mem[X,0x000000008000093E] -> 0x00A7
[596] [M]: 0x000000008000093C (0x00A79793) slli a5, a5, 0xa
x15 <- 0x010001000001C000

mem[X,0x0000000080000940] -> 0x5EBB
mem[X,0x0000000080000942] -> 0xA6F6
[597] [M]: 0x0000000080000940 (0xA6F65EBB) pm4addu.h t4, a2, a5
x29 <- 0x00000000C0A01E7F

mem[X,0x0000000080000944] -> 0x3023
mem[X,0x0000000080000946] -> 0x07D2
[598] [M]: 0x0000000080000944 (0x07D23023) sd t4, 0x60(tp)
mem[0x00000000800041E8] <- 0x00000000C0A01E7F

mem[X,0x0000000080000948] -> 0x07B7
mem[X,0x000000008000094A] -> 0x000A
[599] [M]: 0x0000000080000948 (0x000A07B7) lui a5, 0xa0
x15 <- 0x00000000000A0000

clint::tick mtime <- 0x0000000000000006
 clint timer pending at mtime 0x0000000000000006
htif::tick 0x0000000000000000
mem[X,0x000000008000094C] -> 0x8793
mem[X,0x000000008000094E] -> 0xFFF7
[600] [M]: 0x000000008000094C (0xFFF78793) addi a5, a5, -0x1
x15 <- 0x000000000009FFFF

mem[X,0x0000000080000950] -> 0x9793
mem[X,0x0000000080000952] -> 0x00B7
[601] [M]: 0x0000000080000950 (0x00B79793) slli a5, a5, 0xb
x15 <- 0x000000004FFFF800

mem[X,0x0000000080000954] -> 0x8793
mem[X,0x0000000080000956] -> 0x7FF7
[602] [M]: 0x0000000080000954 (0x7FF78793) addi a5, a5, 0x7ff
x15 <- 0x000000004FFFFFFF

mem[X,0x0000000080000958] -> 0x9793
mem[X,0x000000008000095A] -> 0x00B7
[603] [M]: 0x0000000080000958 (0x00B79793) slli a5, a5, 0xb
x15 <- 0x0000027FFFFFF800

mem[X,0x000000008000095C] -> 0x8793
mem[X,0x000000008000095E] -> 0x63F7
[604] [M]: 0x000000008000095C (0x63F78793) addi a5, a5, 0x63f
x15 <- 0x0000027FFFFFFE3F

mem[X,0x0000000080000960] -> 0x9793
mem[X,0x0000000080000962] -> 0x00A7
[605] [M]: 0x0000000080000960 (0x00A79793) slli a5, a5, 0xa
x15 <- 0x0009FFFFFFF8FC00

mem[X,0x0000000080000964] -> 0x8793
mem[X,0x0000000080000966] -> 0x2FF7
[606] [M]: 0x0000000080000964 (0x2FF78793) addi a5, a5, 0x2ff
x15 <- 0x0009FFFFFFF8FEFF

mem[X,0x0000000080000968] -> 0x0537
mem[X,0x000000008000096A] -> 0xFFFA
[607] [M]: 0x0000000080000968 (0xFFFA0537) lui a0, -0x60
x10 <- 0xFFFFFFFFFFFA0000

mem[X,0x000000008000096C] -> 0x0513
mem[X,0x000000008000096E] -> 0x0065
[608] [M]: 0x000000008000096C (0x00650513) addi a0, a0, 0x6
x10 <- 0xFFFFFFFFFFFA0006

mem[X,0x0000000080000970] -> 0x1513
mem[X,0x0000000080000972] -> 0x00B5
[609] [M]: 0x0000000080000970 (0x00B51513) slli a0, a0, 0xb
x10 <- 0xFFFFFFFFD0003000

mem[X,0x0000000080000974] -> 0x0513
mem[X,0x0000000080000976] -> 0x7FE5
[610] [M]: 0x0000000080000974 (0x7FE50513) addi a0, a0, 0x7fe
x10 <- 0xFFFFFFFFD00037FE

mem[X,0x0000000080000978] -> 0x1513
mem[X,0x000000008000097A] -> 0x00B5
[611] [M]: 0x0000000080000978 (0x00B51513) slli a0, a0, 0xb
x10 <- 0xFFFFFE8001BFF000

mem[X,0x000000008000097C] -> 0x0513
mem[X,0x000000008000097E] -> 0x7FF5
[612] [M]: 0x000000008000097C (0x7FF50513) addi a0, a0, 0x7ff
x10 <- 0xFFFFFE8001BFF7FF

mem[X,0x0000000080000980] -> 0x1513
mem[X,0x0000000080000982] -> 0x00A5
[613] [M]: 0x0000000080000980 (0x00A51513) slli a0, a0, 0xa
x10 <- 0xFFFA0006FFDFFC00

mem[X,0x0000000080000984] -> 0x0513
mem[X,0x0000000080000986] -> 0x3F75
[614] [M]: 0x0000000080000984 (0x3F750513) addi a0, a0, 0x3f7
x10 <- 0xFFFA0006FFDFFFF7

mem[X,0x0000000080000988] -> 0xD6BB
mem[X,0x000000008000098A] -> 0xA6A7
[615] [M]: 0x0000000080000988 (0xA6A7D6BB) pm4addu.h a3, a5, a0
x13 <- 0x00000001FEDC09D5

mem[X,0x000000008000098C] -> 0x3423
mem[X,0x000000008000098E] -> 0x06D2
[616] [M]: 0x000000008000098C (0x06D23423) sd a3, 0x68(tp)
mem[0x00000000800041F0] <- 0x00000001FEDC09D5

mem[X,0x0000000080000990] -> 0x0337
mem[X,0x0000000080000992] -> 0xAAAB
[617] [M]: 0x0000000080000990 (0xAAAB0337) lui t1, -0x55550
x6 <- 0xFFFFFFFFAAAB0000

mem[X,0x0000000080000994] -> 0x0313
mem[X,0x0000000080000996] -> 0xFFB3
[618] [M]: 0x0000000080000994 (0xFFB30313) addi t1, t1, -0x5
x6 <- 0xFFFFFFFFAAAAFFFB

mem[X,0x0000000080000998] -> 0x1313
mem[X,0x000000008000099A] -> 0x00B3
[619] [M]: 0x0000000080000998 (0x00B31313) slli t1, t1, 0xb
x6 <- 0xFFFFFD5557FFD800

mem[X,0x000000008000099C] -> 0x0313
mem[X,0x000000008000099E] -> 0x0403
[620] [M]: 0x000000008000099C (0x04030313) addi t1, t1, 0x40
x6 <- 0xFFFFFD5557FFD840

mem[X,0x00000000800009A0] -> 0x1313
mem[X,0x00000000800009A2] -> 0x00B3
[621] [M]: 0x00000000800009A0 (0x00B31313) slli t1, t1, 0xb
x6 <- 0xFFEAAABFFEC20000

mem[X,0x00000000800009A4] -> 0x0313
mem[X,0x00000000800009A6] -> 0x03F3
[622] [M]: 0x00000000800009A4 (0x03F30313) addi t1, t1, 0x3f
x6 <- 0xFFEAAABFFEC2003F

mem[X,0x00000000800009A8] -> 0x1313
mem[X,0x00000000800009AA] -> 0x00A3
[623] [M]: 0x00000000800009A8 (0x00A31313) slli t1, t1, 0xa
x6 <- 0xAAAAFFFB0800FC00

mem[X,0x00000000800009AC] -> 0x0313
mem[X,0x00000000800009AE] -> 0x1FF3
[624] [M]: 0x00000000800009AC (0x1FF30313) addi t1, t1, 0x1ff
x6 <- 0xAAAAFFFB0800FDFF

mem[X,0x00000000800009B0] -> 0x45B7
mem[X,0x00000000800009B2] -> 0x0200
[625] [M]: 0x00000000800009B0 (0x020045B7) lui a1, 0x2004
x11 <- 0x0000000002004000

mem[X,0x00000000800009B4] -> 0x8593
mem[X,0x00000000800009B6] -> 0x0005
[626] [M]: 0x00000000800009B4 (0x00058593) addi a1, a1, 0x0
x11 <- 0x0000000002004000

mem[X,0x00000000800009B8] -> 0x9593
mem[X,0x00000000800009BA] -> 0x00B5
[627] [M]: 0x00000000800009B8 (0x00B59593) slli a1, a1, 0xb
x11 <- 0x0000001002000000

mem[X,0x00000000800009BC] -> 0x8593
mem[X,0x00000000800009BE] -> 0x0005
[628] [M]: 0x00000000800009BC (0x00058593) addi a1, a1, 0x0
x11 <- 0x0000001002000000

mem[X,0x00000000800009C0] -> 0x9593
mem[X,0x00000000800009C2] -> 0x00B5
[629] [M]: 0x00000000800009C0 (0x00B59593) slli a1, a1, 0xb
x11 <- 0x0000801000000000

mem[X,0x00000000800009C4] -> 0x8593
mem[X,0x00000000800009C6] -> 0x23E5
[630] [M]: 0x00000000800009C4 (0x23E58593) addi a1, a1, 0x23e
x11 <- 0x000080100000023E

mem[X,0x00000000800009C8] -> 0x9593
mem[X,0x00000000800009CA] -> 0x00A5
[631] [M]: 0x00000000800009C8 (0x00A59593) slli a1, a1, 0xa
x11 <- 0x020040000008F800

mem[X,0x00000000800009CC] -> 0x8593
mem[X,0x00000000800009CE] -> 0x3FF5
[632] [M]: 0x00000000800009CC (0x3FF58593) addi a1, a1, 0x3ff
x11 <- 0x020040000008FBFF

mem[X,0x00000000800009D0] -> 0x503B
mem[X,0x00000000800009D2] -> 0xA6B3
[633] [M]: 0x00000000800009D0 (0xA6B3503B) pm4addu.h zero, t1, a1

mem[X,0x00000000800009D4] -> 0x3823
mem[X,0x00000000800009D6] -> 0x0602
[634] [M]: 0x00000000800009D4 (0x06023823) sd zero, 0x70(tp)
mem[0x00000000800041F8] <- 0x0000000000000000

mem[X,0x00000000800009D8] -> 0xFAB7
mem[X,0x00000000800009DA] -> 0x5555
[635] [M]: 0x00000000800009D8 (0x5555FAB7) lui s5, 0x5555f
x21 <- 0x000000005555F000

mem[X,0x00000000800009DC] -> 0x8A93
mem[X,0x00000000800009DE] -> 0xFFFA
[636] [M]: 0x00000000800009DC (0xFFFA8A93) addi s5, s5, -0x1
x21 <- 0x000000005555EFFF

mem[X,0x00000000800009E0] -> 0x9A93
mem[X,0x00000000800009E2] -> 0x00BA
[637] [M]: 0x00000000800009E0 (0x00BA9A93) slli s5, s5, 0xb
x21 <- 0x000002AAAF7FF800

mem[X,0x00000000800009E4] -> 0x8A93
mem[X,0x00000000800009E6] -> 0x7FFA
[638] [M]: 0x00000000800009E4 (0x7FFA8A93) addi s5, s5, 0x7ff
x21 <- 0x000002AAAF7FFFFF

mem[X,0x00000000800009E8] -> 0x9A93
mem[X,0x00000000800009EA] -> 0x00BA
[639] [M]: 0x00000000800009E8 (0x00BA9A93) slli s5, s5, 0xb
x21 <- 0x0015557BFFFFF800

mem[X,0x00000000800009EC] -> 0x8A93
mem[X,0x00000000800009EE] -> 0x63EA
[640] [M]: 0x00000000800009EC (0x63EA8A93) addi s5, s5, 0x63e
x21 <- 0x0015557BFFFFFE3E

mem[X,0x00000000800009F0] -> 0x9A93
mem[X,0x00000000800009F2] -> 0x00AA
[641] [M]: 0x00000000800009F0 (0x00AA9A93) slli s5, s5, 0xa
x21 <- 0x5555EFFFFFF8F800

mem[X,0x00000000800009F4] -> 0x8A93
mem[X,0x00000000800009F6] -> 0x3FFA
[642] [M]: 0x00000000800009F4 (0x3FFA8A93) addi s5, s5, 0x3ff
x21 <- 0x5555EFFFFFF8FBFF

mem[X,0x00000000800009F8] -> 0x08B7
mem[X,0x00000000800009FA] -> 0x1001
[643] [M]: 0x00000000800009F8 (0x100108B7) lui a7, 0x10010
x17 <- 0x0000000010010000

mem[X,0x00000000800009FC] -> 0x8893
mem[X,0x00000000800009FE] -> 0xDFF8
[644] [M]: 0x00000000800009FC (0xDFF88893) addi a7, a7, -0x201
x17 <- 0x000000001000FDFF

mem[X,0x0000000080000A00] -> 0x9893
mem[X,0x0000000080000A02] -> 0x00B8
[645] [M]: 0x0000000080000A00 (0x00B89893) slli a7, a7, 0xb
x17 <- 0x0000008007EFF800

mem[X,0x0000000080000A04] -> 0x8893
mem[X,0x0000000080000A06] -> 0x2AA8
[646] [M]: 0x0000000080000A04 (0x2AA88893) addi a7, a7, 0x2aa
x17 <- 0x0000008007EFFAAA

mem[X,0x0000000080000A08] -> 0x9893
mem[X,0x0000000080000A0A] -> 0x00B8
[647] [M]: 0x0000000080000A08 (0x00B89893) slli a7, a7, 0xb
x17 <- 0x0004003F7FD55000

mem[X,0x0000000080000A0C] -> 0x8893
mem[X,0x0000000080000A0E] -> 0x57F8
[648] [M]: 0x0000000080000A0C (0x57F88893) addi a7, a7, 0x57f
x17 <- 0x0004003F7FD5557F

mem[X,0x0000000080000A10] -> 0x9893
mem[X,0x0000000080000A12] -> 0x00A8
[649] [M]: 0x0000000080000A10 (0x00A89893) slli a7, a7, 0xa
x17 <- 0x1000FDFF5555FC00

mem[X,0x0000000080000A14] -> 0x8893
mem[X,0x0000000080000A16] -> 0x2FF8
[650] [M]: 0x0000000080000A14 (0x2FF88893) addi a7, a7, 0x2ff
x17 <- 0x1000FDFF5555FEFF

mem[X,0x0000000080000A18] -> 0xDBBB
mem[X,0x0000000080000A1A] -> 0xA71A
[651] [M]: 0x0000000080000A18 (0xA71ADBBB) pm4addu.h s7, s5, a7
x23 <- 0x0000000243C7BC5A

mem[X,0x0000000080000A1C] -> 0x3C23
mem[X,0x0000000080000A1E] -> 0x0772
[652] [M]: 0x0000000080000A1C (0x07723C23) sd s7, 0x78(tp)
mem[0x0000000080004200] <- 0x0000000243C7BC5A

mem[X,0x0000000080000A20] -> 0x3117
mem[X,0x0000000080000A22] -> 0x0000
[653] [M]: 0x0000000080000A20 (0x00003117) auipc sp, 0x3
x2 <- 0x0000000080003A20

mem[X,0x0000000080000A24] -> 0x0113
mem[X,0x0000000080000A26] -> 0x7E81
[654] [M]: 0x0000000080000A24 (0x7E810113) addi sp, sp, 0x7e8
x2 <- 0x0000000080004208

mem[X,0x0000000080000A28] -> 0x0013
mem[X,0x0000000080000A2A] -> 0x0000
[655] [M]: 0x0000000080000A28 (0x00000013) addi zero, zero, 0x0

mem[X,0x0000000080000A2C] -> 0x0013
mem[X,0x0000000080000A2E] -> 0x0000
[656] [M]: 0x0000000080000A2C (0x00000013) addi zero, zero, 0x0

mem[X,0x0000000080000A30] -> 0x0013
mem[X,0x0000000080000A32] -> 0x0000
[657] [M]: 0x0000000080000A30 (0x00000013) addi zero, zero, 0x0

mem[X,0x0000000080000A34] -> 0x0013
mem[X,0x0000000080000A36] -> 0x0000
[658] [M]: 0x0000000080000A34 (0x00000013) addi zero, zero, 0x0

mem[X,0x0000000080000A38] -> 0x0013
mem[X,0x0000000080000A3A] -> 0x0000
[659] [M]: 0x0000000080000A38 (0x00000013) addi zero, zero, 0x0

mem[X,0x0000000080000A3C] -> 0x0013
mem[X,0x0000000080000A3E] -> 0x0000
[660] [M]: 0x0000000080000A3C (0x00000013) addi zero, zero, 0x0

mem[X,0x0000000080000A40] -> 0x0037
mem[X,0x0000000080000A42] -> 0x0001
[661] [M]: 0x0000000080000A40 (0x00010037) lui zero, 0x10

mem[X,0x0000000080000A44] -> 0x0013
mem[X,0x0000000080000A46] -> 0x0060
[662] [M]: 0x0000000080000A44 (0x00600013) addi zero, zero, 0x6

mem[X,0x0000000080000A48] -> 0x1013
mem[X,0x0000000080000A4A] -> 0x00B0
[663] [M]: 0x0000000080000A48 (0x00B01013) slli zero, zero, 0xb

mem[X,0x0000000080000A4C] -> 0x0013
mem[X,0x0000000080000A4E] -> 0x7FF0
[664] [M]: 0x0000000080000A4C (0x7FF00013) addi zero, zero, 0x7ff

mem[X,0x0000000080000A50] -> 0x1013
mem[X,0x0000000080000A52] -> 0x00B0
[665] [M]: 0x0000000080000A50 (0x00B01013) slli zero, zero, 0xb

mem[X,0x0000000080000A54] -> 0x0013
mem[X,0x0000000080000A56] -> 0x67D0
[666] [M]: 0x0000000080000A54 (0x67D00013) addi zero, zero, 0x67d

mem[X,0x0000000080000A58] -> 0x1013
mem[X,0x0000000080000A5A] -> 0x00A0
[667] [M]: 0x0000000080000A58 (0x00A01013) slli zero, zero, 0xa

mem[X,0x0000000080000A5C] -> 0x0013
mem[X,0x0000000080000A5E] -> 0x3FF0
[668] [M]: 0x0000000080000A5C (0x3FF00013) addi zero, zero, 0x3ff

mem[X,0x0000000080000A60] -> 0x09B7
mem[X,0x0000000080000A62] -> 0xFEFF
[669] [M]: 0x0000000080000A60 (0xFEFF09B7) lui s3, -0x1010
x19 <- 0xFFFFFFFFFEFF0000

mem[X,0x0000000080000A64] -> 0x8993
mem[X,0x0000000080000A66] -> 0x0209
[670] [M]: 0x0000000080000A64 (0x02098993) addi s3, s3, 0x20
x19 <- 0xFFFFFFFFFEFF0020

mem[X,0x0000000080000A68] -> 0x9993
mem[X,0x0000000080000A6A] -> 0x00B9
[671] [M]: 0x0000000080000A68 (0x00B99993) slli s3, s3, 0xb
x19 <- 0xFFFFFFF7F8010000

mem[X,0x0000000080000A6C] -> 0x8993
mem[X,0x0000000080000A6E] -> 0x0089
[672] [M]: 0x0000000080000A6C (0x00898993) addi s3, s3, 0x8
x19 <- 0xFFFFFFF7F8010008

mem[X,0x0000000080000A70] -> 0x9993
mem[X,0x0000000080000A72] -> 0x00B9
[673] [M]: 0x0000000080000A70 (0x00B99993) slli s3, s3, 0xb
x19 <- 0xFFFFBFC008004000

mem[X,0x0000000080000A74] -> 0x8993
mem[X,0x0000000080000A76] -> 0x0009
[674] [M]: 0x0000000080000A74 (0x00098993) addi s3, s3, 0x0
x19 <- 0xFFFFBFC008004000

mem[X,0x0000000080000A78] -> 0x9993
mem[X,0x0000000080000A7A] -> 0x00A9
[675] [M]: 0x0000000080000A78 (0x00A99993) slli s3, s3, 0xa
x19 <- 0xFEFF002001000000

mem[X,0x0000000080000A7C] -> 0x8993
mem[X,0x0000000080000A7E] -> 0x0809
[676] [M]: 0x0000000080000A7C (0x08098993) addi s3, s3, 0x80
x19 <- 0xFEFF002001000080

mem[X,0x0000000080000A80] -> 0x593B
mem[X,0x0000000080000A82] -> 0xA730
[677] [M]: 0x0000000080000A80 (0xA730593B) pm4addu.h s2, zero, s3
x18 <- 0x0000000000000000

mem[X,0x0000000080000A84] -> 0x3023
mem[X,0x0000000080000A86] -> 0x0121
[678] [M]: 0x0000000080000A84 (0x01213023) sd s2, 0x0(sp)
mem[0x0000000080004208] <- 0x0000000000000000

mem[X,0x0000000080000A88] -> 0xE0B7
mem[X,0x0000000080000A8A] -> 0x4000
[679] [M]: 0x0000000080000A88 (0x4000E0B7) lui ra, 0x4000e
x1 <- 0x000000004000E000

mem[X,0x0000000080000A8C] -> 0x8093
mem[X,0x0000000080000A8E] -> 0xFFF0
[680] [M]: 0x0000000080000A8C (0xFFF08093) addi ra, ra, -0x1
x1 <- 0x000000004000DFFF

mem[X,0x0000000080000A90] -> 0x9093
mem[X,0x0000000080000A92] -> 0x00B0
[681] [M]: 0x0000000080000A90 (0x00B09093) slli ra, ra, 0xb
x1 <- 0x0000020006FFF800

mem[X,0x0000000080000A94] -> 0x8093
mem[X,0x0000000080000A96] -> 0x5550
[682] [M]: 0x0000000080000A94 (0x55508093) addi ra, ra, 0x555
x1 <- 0x0000020006FFFD55

mem[X,0x0000000080000A98] -> 0x9093
mem[X,0x0000000080000A9A] -> 0x00B0
[683] [M]: 0x0000000080000A98 (0x00B09093) slli ra, ra, 0xb
x1 <- 0x00100037FFEAA800

mem[X,0x0000000080000A9C] -> 0x8093
mem[X,0x0000000080000A9E] -> 0x2BB0
[684] [M]: 0x0000000080000A9C (0x2BB08093) addi ra, ra, 0x2bb
x1 <- 0x00100037FFEAAABB

mem[X,0x0000000080000AA0] -> 0x9093
mem[X,0x0000000080000AA2] -> 0x00A0
[685] [M]: 0x0000000080000AA0 (0x00A09093) slli ra, ra, 0xa
x1 <- 0x4000DFFFAAAAEC00

mem[X,0x0000000080000AA4] -> 0x8093
mem[X,0x0000000080000AA6] -> 0x3FF0
[686] [M]: 0x0000000080000AA4 (0x3FF08093) addi ra, ra, 0x3ff
x1 <- 0x4000DFFFAAAAEFFF

mem[X,0x0000000080000AA8] -> 0x0AB7
mem[X,0x0000000080000AAA] -> 0xFC00
[687] [M]: 0x0000000080000AA8 (0xFC000AB7) lui s5, -0x4000
x21 <- 0xFFFFFFFFFC000000

mem[X,0x0000000080000AAC] -> 0x8A93
mem[X,0x0000000080000AAE] -> 0xBFFA
[688] [M]: 0x0000000080000AAC (0xBFFA8A93) addi s5, s5, -0x401
x21 <- 0xFFFFFFFFFBFFFBFF

mem[X,0x0000000080000AB0] -> 0x9A93
mem[X,0x0000000080000AB2] -> 0x00BA
[689] [M]: 0x0000000080000AB0 (0x00BA9A93) slli s5, s5, 0xb
x21 <- 0xFFFFFFDFFFDFF800

mem[X,0x0000000080000AB4] -> 0x8A93
mem[X,0x0000000080000AB6] -> 0x400A
[690] [M]: 0x0000000080000AB4 (0x400A8A93) addi s5, s5, 0x400
x21 <- 0xFFFFFFDFFFDFFC00

mem[X,0x0000000080000AB8] -> 0x9A93
mem[X,0x0000000080000ABA] -> 0x00BA
[691] [M]: 0x0000000080000AB8 (0x00BA9A93) slli s5, s5, 0xb
x21 <- 0xFFFEFFFEFFE00000

mem[X,0x0000000080000ABC] -> 0x8A93
mem[X,0x0000000080000ABE] -> 0x03FA
[692] [M]: 0x0000000080000ABC (0x03FA8A93) addi s5, s5, 0x3f
x21 <- 0xFFFEFFFEFFE0003F

mem[X,0x0000000080000AC0] -> 0x9A93
mem[X,0x0000000080000AC2] -> 0x00AA
[693] [M]: 0x0000000080000AC0 (0x00AA9A93) slli s5, s5, 0xa
x21 <- 0xFBFFFBFF8000FC00

mem[X,0x0000000080000AC4] -> 0x8A93
mem[X,0x0000000080000AC6] -> 0x2FFA
[694] [M]: 0x0000000080000AC4 (0x2FFA8A93) addi s5, s5, 0x2ff
x21 <- 0xFBFFFBFF8000FEFF

mem[X,0x0000000080000AC8] -> 0xD23B
mem[X,0x0000000080000ACA] -> 0xA750
[695] [M]: 0x0000000080000AC8 (0xA750D23B) pm4addu.h tp, ra, s5
x4 <- 0x000000025FE0F502

mem[X,0x0000000080000ACC] -> 0x3423
mem[X,0x0000000080000ACE] -> 0x0041
[696] [M]: 0x0000000080000ACC (0x00413423) sd tp, 0x8(sp)
mem[0x0000000080004210] <- 0x000000025FE0F502

mem[X,0x0000000080000AD0] -> 0xBF37
mem[X,0x0000000080000AD2] -> 0xFFF6
[697] [M]: 0x0000000080000AD0 (0xFFF6BF37) lui t5, -0x95
x30 <- 0xFFFFFFFFFFF6B000

mem[X,0x0000000080000AD4] -> 0x0F13
mem[X,0x0000000080000AD6] -> 0xAAAF
[698] [M]: 0x0000000080000AD4 (0xAAAF0F13) addi t5, t5, -0x556
x30 <- 0xFFFFFFFFFFF6AAAA

mem[X,0x0000000080000AD8] -> 0x1F13
mem[X,0x0000000080000ADA] -> 0x00BF
[699] [M]: 0x0000000080000AD8 (0x00BF1F13) slli t5, t5, 0xb
x30 <- 0xFFFFFFFFB5555000

clint::tick mtime <- 0x0000000000000007
 clint timer pending at mtime 0x0000000000000007
htif::tick 0x0000000000000000
mem[X,0x0000000080000ADC] -> 0x0F13
mem[X,0x0000000080000ADE] -> 0x7F7F
[700] [M]: 0x0000000080000ADC (0x7F7F0F13) addi t5, t5, 0x7f7
x30 <- 0xFFFFFFFFB55557F7

mem[X,0x0000000080000AE0] -> 0x1F13
mem[X,0x0000000080000AE2] -> 0x00BF
[701] [M]: 0x0000000080000AE0 (0x00BF1F13) slli t5, t5, 0xb
x30 <- 0xFFFFFDAAAABFB800

mem[X,0x0000000080000AE4] -> 0x0F13
mem[X,0x0000000080000AE6] -> 0x7F7F
[702] [M]: 0x0000000080000AE4 (0x7F7F0F13) addi t5, t5, 0x7f7
x30 <- 0xFFFFFDAAAABFBFF7

mem[X,0x0000000080000AE8] -> 0x1F13
mem[X,0x0000000080000AEA] -> 0x00AF
[703] [M]: 0x0000000080000AE8 (0x00AF1F13) slli t5, t5, 0xa
x30 <- 0xFFF6AAAAFEFFDC00

mem[X,0x0000000080000AEC] -> 0x0F13
mem[X,0x0000000080000AEE] -> 0x3FFF
[704] [M]: 0x0000000080000AEC (0x3FFF0F13) addi t5, t5, 0x3ff
x30 <- 0xFFF6AAAAFEFFDFFF

mem[X,0x0000000080000AF0] -> 0x0EB7
mem[X,0x0000000080000AF2] -> 0x0081
[705] [M]: 0x0000000080000AF0 (0x00810EB7) lui t4, 0x810
x29 <- 0x0000000000810000

mem[X,0x0000000080000AF4] -> 0x8E93
mem[X,0x0000000080000AF6] -> 0xFF7E
[706] [M]: 0x0000000080000AF4 (0xFF7E8E93) addi t4, t4, -0x9
x29 <- 0x000000000080FFF7

mem[X,0x0000000080000AF8] -> 0x9E93
mem[X,0x0000000080000AFA] -> 0x00BE
[707] [M]: 0x0000000080000AF8 (0x00BE9E93) slli t4, t4, 0xb
x29 <- 0x0000000407FFB800

mem[X,0x0000000080000AFC] -> 0x8E93
mem[X,0x0000000080000AFE] -> 0x000E
[708] [M]: 0x0000000080000AFC (0x000E8E93) addi t4, t4, 0x0
x29 <- 0x0000000407FFB800

mem[X,0x0000000080000B00] -> 0x9E93
mem[X,0x0000000080000B02] -> 0x00BE
[709] [M]: 0x0000000080000B00 (0x00BE9E93) slli t4, t4, 0xb
x29 <- 0x0000203FFDC00000

mem[X,0x0000000080000B04] -> 0x8E93
mem[X,0x0000000080000B06] -> 0x400E
[710] [M]: 0x0000000080000B04 (0x400E8E93) addi t4, t4, 0x400
x29 <- 0x0000203FFDC00400

mem[X,0x0000000080000B08] -> 0x9E93
mem[X,0x0000000080000B0A] -> 0x00AE
[711] [M]: 0x0000000080000B08 (0x00AE9E93) slli t4, t4, 0xa
x29 <- 0x0080FFF700100000

mem[X,0x0000000080000B0C] -> 0x8E93
mem[X,0x0000000080000B0E] -> 0x009E
[712] [M]: 0x0000000080000B0C (0x009E8E93) addi t4, t4, 0x9
x29 <- 0x0080FFF700100009

mem[X,0x0000000080000B10] -> 0x5FBB
mem[X,0x0000000080000B12] -> 0xA7DF
[713] [M]: 0x0000000080000B10 (0xA7DF5FBB) pm4addu.h t6, t5, t4
x31 <- 0x00000000AB3BCAED

mem[X,0x0000000080000B14] -> 0x3823
mem[X,0x0000000080000B16] -> 0x01F1
[714] [M]: 0x0000000080000B14 (0x01F13823) sd t6, 0x10(sp)
mem[0x0000000080004218] <- 0x00000000AB3BCAED

mem[X,0x0000000080000B18] -> 0x0F37
mem[X,0x0000000080000B1A] -> 0x0800
[715] [M]: 0x0000000080000B18 (0x08000F37) lui t5, 0x8000
x30 <- 0x0000000008000000

mem[X,0x0000000080000B1C] -> 0x0F13
mem[X,0x0000000080000B1E] -> 0x001F
[716] [M]: 0x0000000080000B1C (0x001F0F13) addi t5, t5, 0x1
x30 <- 0x0000000008000001

mem[X,0x0000000080000B20] -> 0x1F13
mem[X,0x0000000080000B22] -> 0x00BF
[717] [M]: 0x0000000080000B20 (0x00BF1F13) slli t5, t5, 0xb
x30 <- 0x0000004000000800

mem[X,0x0000000080000B24] -> 0x0F13
mem[X,0x0000000080000B26] -> 0x7FFF
[718] [M]: 0x0000000080000B24 (0x7FFF0F13) addi t5, t5, 0x7ff
x30 <- 0x0000004000000FFF

mem[X,0x0000000080000B28] -> 0x1F13
mem[X,0x0000000080000B2A] -> 0x00BF
[719] [M]: 0x0000000080000B28 (0x00BF1F13) slli t5, t5, 0xb
x30 <- 0x00020000007FF800

mem[X,0x0000000080000B2C] -> 0x0F13
mem[X,0x0000000080000B2E] -> 0x6EFF
[720] [M]: 0x0000000080000B2C (0x6EFF0F13) addi t5, t5, 0x6ef
x30 <- 0x00020000007FFEEF

mem[X,0x0000000080000B30] -> 0x1F13
mem[X,0x0000000080000B32] -> 0x00AF
[721] [M]: 0x0000000080000B30 (0x00AF1F13) slli t5, t5, 0xa
x30 <- 0x08000001FFFBBC00

mem[X,0x0000000080000B34] -> 0x0F13
mem[X,0x0000000080000B36] -> 0x3FFF
[722] [M]: 0x0000000080000B34 (0x3FFF0F13) addi t5, t5, 0x3ff
x30 <- 0x08000001FFFBBFFF

mem[X,0x0000000080000B38] -> 0x0EB7
mem[X,0x0000000080000B3A] -> 0xFFFD
[723] [M]: 0x0000000080000B38 (0xFFFD0EB7) lui t4, -0x30
x29 <- 0xFFFFFFFFFFFD0000

mem[X,0x0000000080000B3C] -> 0x8E93
mem[X,0x0000000080000B3E] -> 0x001E
[724] [M]: 0x0000000080000B3C (0x001E8E93) addi t4, t4, 0x1
x29 <- 0xFFFFFFFFFFFD0001

mem[X,0x0000000080000B40] -> 0x9E93
mem[X,0x0000000080000B42] -> 0x00BE
[725] [M]: 0x0000000080000B40 (0x00BE9E93) slli t4, t4, 0xb
x29 <- 0xFFFFFFFFE8000800

mem[X,0x0000000080000B44] -> 0x8E93
mem[X,0x0000000080000B46] -> 0x3FFE
[726] [M]: 0x0000000080000B44 (0x3FFE8E93) addi t4, t4, 0x3ff
x29 <- 0xFFFFFFFFE8000BFF

mem[X,0x0000000080000B48] -> 0x9E93
mem[X,0x0000000080000B4A] -> 0x00BE
[727] [M]: 0x0000000080000B48 (0x00BE9E93) slli t4, t4, 0xb
x29 <- 0xFFFFFF40005FF800

mem[X,0x0000000080000B4C] -> 0x8E93
mem[X,0x0000000080000B4E] -> 0x7F7E
[728] [M]: 0x0000000080000B4C (0x7F7E8E93) addi t4, t4, 0x7f7
x29 <- 0xFFFFFF40005FFFF7

mem[X,0x0000000080000B50] -> 0x9E93
mem[X,0x0000000080000B52] -> 0x00AE
[729] [M]: 0x0000000080000B50 (0x00AE9E93) slli t4, t4, 0xa
x29 <- 0xFFFD00017FFFDC00

mem[X,0x0000000080000B54] -> 0x8E93
mem[X,0x0000000080000B56] -> 0x3FFE
[730] [M]: 0x0000000080000B54 (0x3FFE8E93) addi t4, t4, 0x3ff
x29 <- 0xFFFD00017FFFDFFF

mem[X,0x0000000080000B58] -> 0x5FBB
mem[X,0x0000000080000B5A] -> 0xA7DF
[731] [M]: 0x0000000080000B58 (0xA7DF5FBB) pm4addu.h t6, t5, t4
x31 <- 0x000000012FFAC807

mem[X,0x0000000080000B5C] -> 0x3C23
mem[X,0x0000000080000B5E] -> 0x01F1
[732] [M]: 0x0000000080000B5C (0x01F13C23) sd t6, 0x18(sp)
mem[0x0000000080004220] <- 0x000000012FFAC807

mem[X,0x0000000080000B60] -> 0xCF37
mem[X,0x0000000080000B62] -> 0x0003
[733] [M]: 0x0000000080000B60 (0x0003CF37) lui t5, 0x3c
x30 <- 0x000000000003C000

mem[X,0x0000000080000B64] -> 0x0F13
mem[X,0x0000000080000B66] -> 0x000F
[734] [M]: 0x0000000080000B64 (0x000F0F13) addi t5, t5, 0x0
x30 <- 0x000000000003C000

mem[X,0x0000000080000B68] -> 0x1F13
mem[X,0x0000000080000B6A] -> 0x00BF
[735] [M]: 0x0000000080000B68 (0x00BF1F13) slli t5, t5, 0xb
x30 <- 0x000000001E000000

mem[X,0x0000000080000B6C] -> 0x0F13
mem[X,0x0000000080000B6E] -> 0x6FFF
[736] [M]: 0x0000000080000B6C (0x6FFF0F13) addi t5, t5, 0x6ff
x30 <- 0x000000001E0006FF

mem[X,0x0000000080000B70] -> 0x1F13
mem[X,0x0000000080000B72] -> 0x00BF
[737] [M]: 0x0000000080000B70 (0x00BF1F13) slli t5, t5, 0xb
x30 <- 0x000000F00037F800

mem[X,0x0000000080000B74] -> 0x0F13
mem[X,0x0000000080000B76] -> 0x7FFF
[738] [M]: 0x0000000080000B74 (0x7FFF0F13) addi t5, t5, 0x7ff
x30 <- 0x000000F00037FFFF

mem[X,0x0000000080000B78] -> 0x1F13
mem[X,0x0000000080000B7A] -> 0x00AF
[739] [M]: 0x0000000080000B78 (0x00AF1F13) slli t5, t5, 0xa
x30 <- 0x0003C000DFFFFC00

mem[X,0x0000000080000B7C] -> 0x0F13
mem[X,0x0000000080000B7E] -> 0x3F6F
[740] [M]: 0x0000000080000B7C (0x3F6F0F13) addi t5, t5, 0x3f6
x30 <- 0x0003C000DFFFFFF6

mem[X,0x0000000080000B80] -> 0xFEB7
mem[X,0x0000000080000B82] -> 0x0008
[741] [M]: 0x0000000080000B80 (0x0008FEB7) lui t4, 0x8f
x29 <- 0x000000000008F000

mem[X,0x0000000080000B84] -> 0x8E93
mem[X,0x0000000080000B86] -> 0x7FFE
[742] [M]: 0x0000000080000B84 (0x7FFE8E93) addi t4, t4, 0x7ff
x29 <- 0x000000000008F7FF

mem[X,0x0000000080000B88] -> 0x9E93
mem[X,0x0000000080000B8A] -> 0x00BE
[743] [M]: 0x0000000080000B88 (0x00BE9E93) slli t4, t4, 0xb
x29 <- 0x0000000047BFF800

mem[X,0x0000000080000B8C] -> 0x8E93
mem[X,0x0000000080000B8E] -> 0x000E
[744] [M]: 0x0000000080000B8C (0x000E8E93) addi t4, t4, 0x0
x29 <- 0x0000000047BFF800

mem[X,0x0000000080000B90] -> 0x9E93
mem[X,0x0000000080000B92] -> 0x00BE
[745] [M]: 0x0000000080000B90 (0x00BE9E93) slli t4, t4, 0xb
x29 <- 0x0000023DFFC00000

mem[X,0x0000000080000B94] -> 0x8E93
mem[X,0x0000000080000B96] -> 0x1D5E
[746] [M]: 0x0000000080000B94 (0x1D5E8E93) addi t4, t4, 0x1d5
x29 <- 0x0000023DFFC001D5

mem[X,0x0000000080000B98] -> 0x9E93
mem[X,0x0000000080000B9A] -> 0x00AE
[747] [M]: 0x0000000080000B98 (0x00AE9E93) slli t4, t4, 0xa
x29 <- 0x0008F7FF00075400

mem[X,0x0000000080000B9C] -> 0x8E93
mem[X,0x0000000080000B9E] -> 0x155E
[748] [M]: 0x0000000080000B9C (0x155E8E93) addi t4, t4, 0x155
x29 <- 0x0008F7FF00075555

mem[X,0x0000000080000BA0] -> 0x5FBB
mem[X,0x0000000080000BA2] -> 0xA7DF
[749] [M]: 0x0000000080000BA0 (0xA7DF5FBB) pm4addu.h t6, t5, t4
x31 <- 0x000000010F570ABF

mem[X,0x0000000080000BA4] -> 0x3023
mem[X,0x0000000080000BA6] -> 0x03F1
[750] [M]: 0x0000000080000BA4 (0x03F13023) sd t6, 0x20(sp)
mem[0x0000000080004228] <- 0x000000010F570ABF

mem[X,0x0000000080000BA8] -> 0x0F37
mem[X,0x0000000080000BAA] -> 0x4000
[751] [M]: 0x0000000080000BA8 (0x40000F37) lui t5, 0x40000
x30 <- 0x0000000040000000

mem[X,0x0000000080000BAC] -> 0x0F13
mem[X,0x0000000080000BAE] -> 0xDFFF
[752] [M]: 0x0000000080000BAC (0xDFFF0F13) addi t5, t5, -0x201
x30 <- 0x000000003FFFFDFF

mem[X,0x0000000080000BB0] -> 0x1F13
mem[X,0x0000000080000BB2] -> 0x00BF
[753] [M]: 0x0000000080000BB0 (0x00BF1F13) slli t5, t5, 0xb
x30 <- 0x000001FFFFEFF800

mem[X,0x0000000080000BB4] -> 0x0F13
mem[X,0x0000000080000BB6] -> 0x7FFF
[754] [M]: 0x0000000080000BB4 (0x7FFF0F13) addi t5, t5, 0x7ff
x30 <- 0x000001FFFFEFFFFF

mem[X,0x0000000080000BB8] -> 0x1F13
mem[X,0x0000000080000BBA] -> 0x00BF
[755] [M]: 0x0000000080000BB8 (0x00BF1F13) slli t5, t5, 0xb
x30 <- 0x000FFFFF7FFFF800

mem[X,0x0000000080000BBC] -> 0x0F13
mem[X,0x0000000080000BBE] -> 0x73FF
[756] [M]: 0x0000000080000BBC (0x73FF0F13) addi t5, t5, 0x73f
x30 <- 0x000FFFFF7FFFFF3F

mem[X,0x0000000080000BC0] -> 0x1F13
mem[X,0x0000000080000BC2] -> 0x00AF
[757] [M]: 0x0000000080000BC0 (0x00AF1F13) slli t5, t5, 0xa
x30 <- 0x3FFFFDFFFFFCFC00

mem[X,0x0000000080000BC4] -> 0x0F13
mem[X,0x0000000080000BC6] -> 0x3F8F
[758] [M]: 0x0000000080000BC4 (0x3F8F0F13) addi t5, t5, 0x3f8
x30 <- 0x3FFFFDFFFFFCFFF8

mem[X,0x0000000080000BC8] -> 0x0EB7
mem[X,0x0000000080000BCA] -> 0x0011
[759] [M]: 0x0000000080000BC8 (0x00110EB7) lui t4, 0x110
x29 <- 0x0000000000110000

mem[X,0x0000000080000BCC] -> 0x8E93
mem[X,0x0000000080000BCE] -> 0xDFFE
[760] [M]: 0x0000000080000BCC (0xDFFE8E93) addi t4, t4, -0x201
x29 <- 0x000000000010FDFF

mem[X,0x0000000080000BD0] -> 0x9E93
mem[X,0x0000000080000BD2] -> 0x00BE
[761] [M]: 0x0000000080000BD0 (0x00BE9E93) slli t4, t4, 0xb
x29 <- 0x0000000087EFF800

mem[X,0x0000000080000BD4] -> 0x8E93
mem[X,0x0000000080000BD6] -> 0x600E
[762] [M]: 0x0000000080000BD4 (0x600E8E93) addi t4, t4, 0x600
x29 <- 0x0000000087EFFE00

mem[X,0x0000000080000BD8] -> 0x9E93
mem[X,0x0000000080000BDA] -> 0x00BE
[763] [M]: 0x0000000080000BD8 (0x00BE9E93) slli t4, t4, 0xb
x29 <- 0x0000043F7FF00000

mem[X,0x0000000080000BDC] -> 0x8E93
mem[X,0x0000000080000BDE] -> 0x03FE
[764] [M]: 0x0000000080000BDC (0x03FE8E93) addi t4, t4, 0x3f
x29 <- 0x0000043F7FF0003F

mem[X,0x0000000080000BE0] -> 0x9E93
mem[X,0x0000000080000BE2] -> 0x00AE
[765] [M]: 0x0000000080000BE0 (0x00AE9E93) slli t4, t4, 0xa
x29 <- 0x0010FDFFC000FC00

mem[X,0x0000000080000BE4] -> 0x8E93
mem[X,0x0000000080000BE6] -> 0x3FBE
[766] [M]: 0x0000000080000BE4 (0x3FBE8E93) addi t4, t4, 0x3fb
x29 <- 0x0010FDFFC000FFFB

mem[X,0x0000000080000BE8] -> 0x5FBB
mem[X,0x0000000080000BEA] -> 0xA7DF
[767] [M]: 0x0000000080000BE8 (0xA7DF5FBB) pm4addu.h t6, t5, t4
x31 <- 0x00000002BBF60419

mem[X,0x0000000080000BEC] -> 0x3423
mem[X,0x0000000080000BEE] -> 0x03F1
[768] [M]: 0x0000000080000BEC (0x03F13423) sd t6, 0x28(sp)
mem[0x0000000080004230] <- 0x00000002BBF60419

mem[X,0x0000000080000BF0] -> 0x0F37
mem[X,0x0000000080000BF2] -> 0xFFDF
[769] [M]: 0x0000000080000BF0 (0xFFDF0F37) lui t5, -0x210
x30 <- 0xFFFFFFFFFFDF0000

mem[X,0x0000000080000BF4] -> 0x0F13
mem[X,0x0000000080000BF6] -> 0x003F
[770] [M]: 0x0000000080000BF4 (0x003F0F13) addi t5, t5, 0x3
x30 <- 0xFFFFFFFFFFDF0003

mem[X,0x0000000080000BF8] -> 0x1F13
mem[X,0x0000000080000BFA] -> 0x00BF
[771] [M]: 0x0000000080000BF8 (0x00BF1F13) slli t5, t5, 0xb
x30 <- 0xFFFFFFFEF8001800

mem[X,0x0000000080000BFC] -> 0x0F13
mem[X,0x0000000080000BFE] -> 0x600F
[772] [M]: 0x0000000080000BFC (0x600F0F13) addi t5, t5, 0x600
x30 <- 0xFFFFFFFEF8001E00

mem[X,0x0000000080000C00] -> 0x1F13
mem[X,0x0000000080000C02] -> 0x00BF
[773] [M]: 0x0000000080000C00 (0x00BF1F13) slli t5, t5, 0xb
x30 <- 0xFFFFF7C000F00000

mem[X,0x0000000080000C04] -> 0x0F13
mem[X,0x0000000080000C06] -> 0x000F
[774] [M]: 0x0000000080000C04 (0x000F0F13) addi t5, t5, 0x0
x30 <- 0xFFFFF7C000F00000

mem[X,0x0000000080000C08] -> 0x1F13
mem[X,0x0000000080000C0A] -> 0x00AF
[775] [M]: 0x0000000080000C08 (0x00AF1F13) slli t5, t5, 0xa
x30 <- 0xFFDF0003C0000000

mem[X,0x0000000080000C0C] -> 0x0F13
mem[X,0x0000000080000C0E] -> 0x002F
[776] [M]: 0x0000000080000C0C (0x002F0F13) addi t5, t5, 0x2
x30 <- 0xFFDF0003C0000002

mem[X,0x0000000080000C10] -> 0x0EB7
mem[X,0x0000000080000C12] -> 0x0400
[777] [M]: 0x0000000080000C10 (0x04000EB7) lui t4, 0x4000
x29 <- 0x0000000004000000

mem[X,0x0000000080000C14] -> 0x8E93
mem[X,0x0000000080000C16] -> 0x009E
[778] [M]: 0x0000000080000C14 (0x009E8E93) addi t4, t4, 0x9
x29 <- 0x0000000004000009

mem[X,0x0000000080000C18] -> 0x9E93
mem[X,0x0000000080000C1A] -> 0x00BE
[779] [M]: 0x0000000080000C18 (0x00BE9E93) slli t4, t4, 0xb
x29 <- 0x0000002000004800

mem[X,0x0000000080000C1C] -> 0x8E93
mem[X,0x0000000080000C1E] -> 0x7FFE
[780] [M]: 0x0000000080000C1C (0x7FFE8E93) addi t4, t4, 0x7ff
x29 <- 0x0000002000004FFF

mem[X,0x0000000080000C20] -> 0x9E93
mem[X,0x0000000080000C22] -> 0x00BE
[781] [M]: 0x0000000080000C20 (0x00BE9E93) slli t4, t4, 0xb
x29 <- 0x00010000027FF800

mem[X,0x0000000080000C24] -> 0x8E93
mem[X,0x0000000080000C26] -> 0x6DFE
[782] [M]: 0x0000000080000C24 (0x6DFE8E93) addi t4, t4, 0x6df
x29 <- 0x00010000027FFEDF

mem[X,0x0000000080000C28] -> 0x9E93
mem[X,0x0000000080000C2A] -> 0x00AE
[783] [M]: 0x0000000080000C28 (0x00AE9E93) slli t4, t4, 0xa
x29 <- 0x04000009FFFB7C00

mem[X,0x0000000080000C2C] -> 0x8E93
mem[X,0x0000000080000C2E] -> 0x3FFE
[784] [M]: 0x0000000080000C2C (0x3FFE8E93) addi t4, t4, 0x3ff
x29 <- 0x04000009FFFB7FFF

mem[X,0x0000000080000C30] -> 0x5FBB
mem[X,0x0000000080000C32] -> 0xA7DF
[785] [M]: 0x0000000080000C30 (0xA7DF5FBB) pm4addu.h t6, t5, t4
x31 <- 0x00000000C3FCBC19

mem[X,0x0000000080000C34] -> 0x3823
mem[X,0x0000000080000C36] -> 0x03F1
[786] [M]: 0x0000000080000C34 (0x03F13823) sd t6, 0x30(sp)
mem[0x0000000080004238] <- 0x00000000C3FCBC19

mem[X,0x0000000080000C38] -> 0x4F37
mem[X,0x0000000080000C3A] -> 0x0020
[787] [M]: 0x0000000080000C38 (0x00204F37) lui t5, 0x204
x30 <- 0x0000000000204000

mem[X,0x0000000080000C3C] -> 0x0F13
mem[X,0x0000000080000C3E] -> 0x000F
[788] [M]: 0x0000000080000C3C (0x000F0F13) addi t5, t5, 0x0
x30 <- 0x0000000000204000

mem[X,0x0000000080000C40] -> 0x1F13
mem[X,0x0000000080000C42] -> 0x00BF
[789] [M]: 0x0000000080000C40 (0x00BF1F13) slli t5, t5, 0xb
x30 <- 0x0000000102000000

mem[X,0x0000000080000C44] -> 0x0F13
mem[X,0x0000000080000C46] -> 0x200F
[790] [M]: 0x0000000080000C44 (0x200F0F13) addi t5, t5, 0x200
x30 <- 0x0000000102000200

mem[X,0x0000000080000C48] -> 0x1F13
mem[X,0x0000000080000C4A] -> 0x00BF
[791] [M]: 0x0000000080000C48 (0x00BF1F13) slli t5, t5, 0xb
x30 <- 0x0000081000100000

mem[X,0x0000000080000C4C] -> 0x0F13
mem[X,0x0000000080000C4E] -> 0x000F
[792] [M]: 0x0000000080000C4C (0x000F0F13) addi t5, t5, 0x0
x30 <- 0x0000081000100000

mem[X,0x0000000080000C50] -> 0x1F13
mem[X,0x0000000080000C52] -> 0x00AF
[793] [M]: 0x0000000080000C50 (0x00AF1F13) slli t5, t5, 0xa
x30 <- 0x0020400040000000

mem[X,0x0000000080000C54] -> 0x0F13
mem[X,0x0000000080000C56] -> 0x006F
[794] [M]: 0x0000000080000C54 (0x006F0F13) addi t5, t5, 0x6
x30 <- 0x0020400040000006

mem[X,0x0000000080000C58] -> 0x0EB7
mem[X,0x0000000080000C5A] -> 0x0800
[795] [M]: 0x0000000080000C58 (0x08000EB7) lui t4, 0x8000
x29 <- 0x0000000008000000

mem[X,0x0000000080000C5C] -> 0x8E93
mem[X,0x0000000080000C5E] -> 0x080E
[796] [M]: 0x0000000080000C5C (0x080E8E93) addi t4, t4, 0x80
x29 <- 0x0000000008000080

mem[X,0x0000000080000C60] -> 0x9E93
mem[X,0x0000000080000C62] -> 0x00BE
[797] [M]: 0x0000000080000C60 (0x00BE9E93) slli t4, t4, 0xb
x29 <- 0x0000004000040000

mem[X,0x0000000080000C64] -> 0x8E93
mem[X,0x0000000080000C66] -> 0x5FFE
[798] [M]: 0x0000000080000C64 (0x5FFE8E93) addi t4, t4, 0x5ff
x29 <- 0x00000040000405FF

mem[X,0x0000000080000C68] -> 0x9E93
mem[X,0x0000000080000C6A] -> 0x00BE
[799] [M]: 0x0000000080000C68 (0x00BE9E93) slli t4, t4, 0xb
x29 <- 0x00020000202FF800

clint::tick mtime <- 0x0000000000000008
 clint timer pending at mtime 0x0000000000000008
htif::tick 0x0000000000000000
mem[X,0x0000000080000C6C] -> 0x8E93
mem[X,0x0000000080000C6E] -> 0x7FFE
[800] [M]: 0x0000000080000C6C (0x7FFE8E93) addi t4, t4, 0x7ff
x29 <- 0x00020000202FFFFF

mem[X,0x0000000080000C70] -> 0x9E93
mem[X,0x0000000080000C72] -> 0x00AE
[801] [M]: 0x0000000080000C70 (0x00AE9E93) slli t4, t4, 0xa
x29 <- 0x08000080BFFFFC00

mem[X,0x0000000080000C74] -> 0x8E93
mem[X,0x0000000080000C76] -> 0x3EFE
[802] [M]: 0x0000000080000C74 (0x3EFE8E93) addi t4, t4, 0x3ef
x29 <- 0x08000080BFFFFFEF

mem[X,0x0000000080000C78] -> 0x5FBB
mem[X,0x0000000080000C7A] -> 0xA7DF
[803] [M]: 0x0000000080000C78 (0xA7DF5FBB) pm4addu.h t6, t5, t4
x31 <- 0x000000003026BF9A

mem[X,0x0000000080000C7C] -> 0x3C23
mem[X,0x0000000080000C7E] -> 0x03F1
[804] [M]: 0x0000000080000C7C (0x03F13C23) sd t6, 0x38(sp)
mem[0x0000000080004240] <- 0x000000003026BF9A

mem[X,0x0000000080000C80] -> 0x0F37
mem[X,0x0000000080000C82] -> 0xFFF0
[805] [M]: 0x0000000080000C80 (0xFFF00F37) lui t5, -0x100
x30 <- 0xFFFFFFFFFFF00000

mem[X,0x0000000080000C84] -> 0x0F13
mem[X,0x0000000080000C86] -> 0xBFFF
[806] [M]: 0x0000000080000C84 (0xBFFF0F13) addi t5, t5, -0x401
x30 <- 0xFFFFFFFFFFEFFBFF

mem[X,0x0000000080000C88] -> 0x1F13
mem[X,0x0000000080000C8A] -> 0x00BF
[807] [M]: 0x0000000080000C88 (0x00BF1F13) slli t5, t5, 0xb
x30 <- 0xFFFFFFFF7FDFF800

mem[X,0x0000000080000C8C] -> 0x0F13
mem[X,0x0000000080000C8E] -> 0x7FFF
[808] [M]: 0x0000000080000C8C (0x7FFF0F13) addi t5, t5, 0x7ff
x30 <- 0xFFFFFFFF7FDFFFFF

mem[X,0x0000000080000C90] -> 0x1F13
mem[X,0x0000000080000C92] -> 0x00BF
[809] [M]: 0x0000000080000C90 (0x00BF1F13) slli t5, t5, 0xb
x30 <- 0xFFFFFBFEFFFFF800

mem[X,0x0000000080000C94] -> 0x0F13
mem[X,0x0000000080000C96] -> 0x6E0F
[810] [M]: 0x0000000080000C94 (0x6E0F0F13) addi t5, t5, 0x6e0
x30 <- 0xFFFFFBFEFFFFFEE0

mem[X,0x0000000080000C98] -> 0x1F13
mem[X,0x0000000080000C9A] -> 0x00AF
[811] [M]: 0x0000000080000C98 (0x00AF1F13) slli t5, t5, 0xa
x30 <- 0xFFEFFBFFFFFB8000

mem[X,0x0000000080000C9C] -> 0xEEB7
mem[X,0x0000000080000C9E] -> 0x4000
[812] [M]: 0x0000000080000C9C (0x4000EEB7) lui t4, 0x4000e
x29 <- 0x000000004000E000

mem[X,0x0000000080000CA0] -> 0x8E93
mem[X,0x0000000080000CA2] -> 0xFFFE
[813] [M]: 0x0000000080000CA0 (0xFFFE8E93) addi t4, t4, -0x1
x29 <- 0x000000004000DFFF

mem[X,0x0000000080000CA4] -> 0x9E93
mem[X,0x0000000080000CA6] -> 0x00BE
[814] [M]: 0x0000000080000CA4 (0x00BE9E93) slli t4, t4, 0xb
x29 <- 0x0000020006FFF800

mem[X,0x0000000080000CA8] -> 0x8E93
mem[X,0x0000000080000CAA] -> 0x7FDE
[815] [M]: 0x0000000080000CA8 (0x7FDE8E93) addi t4, t4, 0x7fd
x29 <- 0x0000020006FFFFFD

mem[X,0x0000000080000CAC] -> 0x9E93
mem[X,0x0000000080000CAE] -> 0x00BE
[816] [M]: 0x0000000080000CAC (0x00BE9E93) slli t4, t4, 0xb
x29 <- 0x00100037FFFFE800

mem[X,0x0000000080000CB0] -> 0x8E93
mem[X,0x0000000080000CB2] -> 0x7C0E
[817] [M]: 0x0000000080000CB0 (0x7C0E8E93) addi t4, t4, 0x7c0
x29 <- 0x00100037FFFFEFC0

mem[X,0x0000000080000CB4] -> 0x9E93
mem[X,0x0000000080000CB6] -> 0x00AE
[818] [M]: 0x0000000080000CB4 (0x00AE9E93) slli t4, t4, 0xa
x29 <- 0x4000DFFFFFBF0000

mem[X,0x0000000080000CB8] -> 0x8E93
mem[X,0x0000000080000CBA] -> 0x010E
[819] [M]: 0x0000000080000CB8 (0x010E8E93) addi t4, t4, 0x10
x29 <- 0x4000DFFFFFBF0010

mem[X,0x0000000080000CBC] -> 0x5FBB
mem[X,0x0000000080000CBE] -> 0xA7DF
[820] [M]: 0x0000000080000CBC (0xA7DF5FBB) pm4addu.h t6, t5, t4
x31 <- 0x000000021C3BE546

mem[X,0x0000000080000CC0] -> 0x3023
mem[X,0x0000000080000CC2] -> 0x05F1
[821] [M]: 0x0000000080000CC0 (0x05F13023) sd t6, 0x40(sp)
mem[0x0000000080004248] <- 0x000000021C3BE546

mem[X,0x0000000080000CC4] -> 0x0F37
mem[X,0x0000000080000CC6] -> 0xFFFB
[822] [M]: 0x0000000080000CC4 (0xFFFB0F37) lui t5, -0x50
x30 <- 0xFFFFFFFFFFFB0000

mem[X,0x0000000080000CC8] -> 0x0F13
mem[X,0x0000000080000CCA] -> 0xFFFF
[823] [M]: 0x0000000080000CC8 (0xFFFF0F13) addi t5, t5, -0x1
x30 <- 0xFFFFFFFFFFFAFFFF

mem[X,0x0000000080000CCC] -> 0x1F13
mem[X,0x0000000080000CCE] -> 0x00BF
[824] [M]: 0x0000000080000CCC (0x00BF1F13) slli t5, t5, 0xb
x30 <- 0xFFFFFFFFD7FFF800

mem[X,0x0000000080000CD0] -> 0x0F13
mem[X,0x0000000080000CD2] -> 0x200F
[825] [M]: 0x0000000080000CD0 (0x200F0F13) addi t5, t5, 0x200
x30 <- 0xFFFFFFFFD7FFFA00

mem[X,0x0000000080000CD4] -> 0x1F13
mem[X,0x0000000080000CD6] -> 0x00BF
[826] [M]: 0x0000000080000CD4 (0x00BF1F13) slli t5, t5, 0xb
x30 <- 0xFFFFFEBFFFD00000

mem[X,0x0000000080000CD8] -> 0x0F13
mem[X,0x0000000080000CDA] -> 0x03FF
[827] [M]: 0x0000000080000CD8 (0x03FF0F13) addi t5, t5, 0x3f
x30 <- 0xFFFFFEBFFFD0003F

mem[X,0x0000000080000CDC] -> 0x1F13
mem[X,0x0000000080000CDE] -> 0x00AF
[828] [M]: 0x0000000080000CDC (0x00AF1F13) slli t5, t5, 0xa
x30 <- 0xFFFAFFFF4000FC00

mem[X,0x0000000080000CE0] -> 0x0F13
mem[X,0x0000000080000CE2] -> 0x3FBF
[829] [M]: 0x0000000080000CE0 (0x3FBF0F13) addi t5, t5, 0x3fb
x30 <- 0xFFFAFFFF4000FFFB

mem[X,0x0000000080000CE4] -> 0x0EB7
mem[X,0x0000000080000CE6] -> 0xFFFF
[830] [M]: 0x0000000080000CE4 (0xFFFF0EB7) lui t4, -0x10
x29 <- 0xFFFFFFFFFFFF0000

mem[X,0x0000000080000CE8] -> 0x8E93
mem[X,0x0000000080000CEA] -> 0xFDFE
[831] [M]: 0x0000000080000CE8 (0xFDFE8E93) addi t4, t4, -0x21
x29 <- 0xFFFFFFFFFFFEFFDF

mem[X,0x0000000080000CEC] -> 0x9E93
mem[X,0x0000000080000CEE] -> 0x00BE
[832] [M]: 0x0000000080000CEC (0x00BE9E93) slli t4, t4, 0xb
x29 <- 0xFFFFFFFFF7FEF800

mem[X,0x0000000080000CF0] -> 0x8E93
mem[X,0x0000000080000CF2] -> 0x000E
[833] [M]: 0x0000000080000CF0 (0x000E8E93) addi t4, t4, 0x0
x29 <- 0xFFFFFFFFF7FEF800

mem[X,0x0000000080000CF4] -> 0x9E93
mem[X,0x0000000080000CF6] -> 0x00BE
[834] [M]: 0x0000000080000CF4 (0x00BE9E93) slli t4, t4, 0xb
x29 <- 0xFFFFFFBFF7C00000

mem[X,0x0000000080000CF8] -> 0x8E93
mem[X,0x0000000080000CFA] -> 0x43FE
[835] [M]: 0x0000000080000CF8 (0x43FE8E93) addi t4, t4, 0x43f
x29 <- 0xFFFFFFBFF7C0043F

mem[X,0x0000000080000CFC] -> 0x9E93
mem[X,0x0000000080000CFE] -> 0x00AE
[836] [M]: 0x0000000080000CFC (0x00AE9E93) slli t4, t4, 0xa
x29 <- 0xFFFEFFDF0010FC00

mem[X,0x0000000080000D00] -> 0x8E93
mem[X,0x0000000080000D02] -> 0x3FEE
[837] [M]: 0x0000000080000D00 (0x3FEE8E93) addi t4, t4, 0x3fe
x29 <- 0xFFFEFFDF0010FFFE

mem[X,0x0000000080000D04] -> 0x5FBB
mem[X,0x0000000080000D06] -> 0xA7DF
[838] [M]: 0x0000000080000D04 (0xA7DF5FBB) pm4addu.h t6, t5, t4
x31 <- 0x00000002FFD30037

mem[X,0x0000000080000D08] -> 0x3423
mem[X,0x0000000080000D0A] -> 0x05F1
[839] [M]: 0x0000000080000D08 (0x05F13423) sd t6, 0x48(sp)
mem[0x0000000080004250] <- 0x00000002FFD30037

mem[X,0x0000000080000D0C] -> 0x0F37
mem[X,0x0000000080000D0E] -> 0x0001
[840] [M]: 0x0000000080000D0C (0x00010F37) lui t5, 0x10
x30 <- 0x0000000000010000

mem[X,0x0000000080000D10] -> 0x0F13
mem[X,0x0000000080000D12] -> 0xDFFF
[841] [M]: 0x0000000080000D10 (0xDFFF0F13) addi t5, t5, -0x201
x30 <- 0x000000000000FDFF

mem[X,0x0000000080000D14] -> 0x1F13
mem[X,0x0000000080000D16] -> 0x00BF
[842] [M]: 0x0000000080000D14 (0x00BF1F13) slli t5, t5, 0xb
x30 <- 0x0000000007EFF800

mem[X,0x0000000080000D18] -> 0x0F13
mem[X,0x0000000080000D1A] -> 0x200F
[843] [M]: 0x0000000080000D18 (0x200F0F13) addi t5, t5, 0x200
x30 <- 0x0000000007EFFA00

mem[X,0x0000000080000D1C] -> 0x1F13
mem[X,0x0000000080000D1E] -> 0x00BF
[844] [M]: 0x0000000080000D1C (0x00BF1F13) slli t5, t5, 0xb
x30 <- 0x0000003F7FD00000

mem[X,0x0000000080000D20] -> 0x0F13
mem[X,0x0000000080000D22] -> 0x000F
[845] [M]: 0x0000000080000D20 (0x000F0F13) addi t5, t5, 0x0
x30 <- 0x0000003F7FD00000

mem[X,0x0000000080000D24] -> 0x1F13
mem[X,0x0000000080000D26] -> 0x00AF
[846] [M]: 0x0000000080000D24 (0x00AF1F13) slli t5, t5, 0xa
x30 <- 0x0000FDFF40000000

mem[X,0x0000000080000D28] -> 0x0F13
mem[X,0x0000000080000D2A] -> 0x009F
[847] [M]: 0x0000000080000D28 (0x009F0F13) addi t5, t5, 0x9
x30 <- 0x0000FDFF40000009

mem[X,0x0000000080000D2C] -> 0x0EB7
mem[X,0x0000000080000D2E] -> 0xFFF7
[848] [M]: 0x0000000080000D2C (0xFFF70EB7) lui t4, -0x90
x29 <- 0xFFFFFFFFFFF70000

mem[X,0x0000000080000D30] -> 0x8E93
mem[X,0x0000000080000D32] -> 0x400E
[849] [M]: 0x0000000080000D30 (0x400E8E93) addi t4, t4, 0x400
x29 <- 0xFFFFFFFFFFF70400

mem[X,0x0000000080000D34] -> 0x9E93
mem[X,0x0000000080000D36] -> 0x00BE
[850] [M]: 0x0000000080000D34 (0x00BE9E93) slli t4, t4, 0xb
x29 <- 0xFFFFFFFFB8200000

mem[X,0x0000000080000D38] -> 0x8E93
mem[X,0x0000000080000D3A] -> 0x7FFE
[851] [M]: 0x0000000080000D38 (0x7FFE8E93) addi t4, t4, 0x7ff
x29 <- 0xFFFFFFFFB82007FF

mem[X,0x0000000080000D3C] -> 0x9E93
mem[X,0x0000000080000D3E] -> 0x00BE
[852] [M]: 0x0000000080000D3C (0x00BE9E93) slli t4, t4, 0xb
x29 <- 0xFFFFFDC1003FF800

mem[X,0x0000000080000D40] -> 0x8E93
mem[X,0x0000000080000D42] -> 0x7BEE
[853] [M]: 0x0000000080000D40 (0x7BEE8E93) addi t4, t4, 0x7be
x29 <- 0xFFFFFDC1003FFFBE

mem[X,0x0000000080000D44] -> 0x9E93
mem[X,0x0000000080000D46] -> 0x00AE
[854] [M]: 0x0000000080000D44 (0x00AE9E93) slli t4, t4, 0xa
x29 <- 0xFFF70400FFFEF800

mem[X,0x0000000080000D48] -> 0x8E93
mem[X,0x0000000080000D4A] -> 0x3FFE
[855] [M]: 0x0000000080000D48 (0x3FFE8E93) addi t4, t4, 0x3ff
x29 <- 0xFFF70400FFFEFBFF

mem[X,0x0000000080000D4C] -> 0x5FBB
mem[X,0x0000000080000D4E] -> 0xA7DF
[856] [M]: 0x0000000080000D4C (0xA7DF5FBB) pm4addu.h t6, t5, t4
x31 <- 0x00000000440057F7

mem[X,0x0000000080000D50] -> 0x3823
mem[X,0x0000000080000D52] -> 0x05F1
[857] [M]: 0x0000000080000D50 (0x05F13823) sd t6, 0x50(sp)
mem[0x0000000080004258] <- 0x00000000440057F7

mem[X,0x0000000080000D54] -> 0xFF37
mem[X,0x0000000080000D56] -> 0xBFFF
[858] [M]: 0x0000000080000D54 (0xBFFFFF37) lui t5, -0x40001
x30 <- 0xFFFFFFFFBFFFF000

mem[X,0x0000000080000D58] -> 0x0F13
mem[X,0x0000000080000D5A] -> 0x7FFF
[859] [M]: 0x0000000080000D58 (0x7FFF0F13) addi t5, t5, 0x7ff
x30 <- 0xFFFFFFFFBFFFF7FF

mem[X,0x0000000080000D5C] -> 0x1F13
mem[X,0x0000000080000D5E] -> 0x00BF
[860] [M]: 0x0000000080000D5C (0x00BF1F13) slli t5, t5, 0xb
x30 <- 0xFFFFFDFFFFBFF800

mem[X,0x0000000080000D60] -> 0x0F13
mem[X,0x0000000080000D62] -> 0x400F
[861] [M]: 0x0000000080000D60 (0x400F0F13) addi t5, t5, 0x400
x30 <- 0xFFFFFDFFFFBFFC00

mem[X,0x0000000080000D64] -> 0x1F13
mem[X,0x0000000080000D66] -> 0x00BF
[862] [M]: 0x0000000080000D64 (0x00BF1F13) slli t5, t5, 0xb
x30 <- 0xFFEFFFFDFFE00000

mem[X,0x0000000080000D68] -> 0x0F13
mem[X,0x0000000080000D6A] -> 0x03FF
[863] [M]: 0x0000000080000D68 (0x03FF0F13) addi t5, t5, 0x3f
x30 <- 0xFFEFFFFDFFE0003F

mem[X,0x0000000080000D6C] -> 0x1F13
mem[X,0x0000000080000D6E] -> 0x00AF
[864] [M]: 0x0000000080000D6C (0x00AF1F13) slli t5, t5, 0xa
x30 <- 0xBFFFF7FF8000FC00

mem[X,0x0000000080000D70] -> 0x0F13
mem[X,0x0000000080000D72] -> 0x3F9F
[865] [M]: 0x0000000080000D70 (0x3F9F0F13) addi t5, t5, 0x3f9
x30 <- 0xBFFFF7FF8000FFF9

mem[X,0x0000000080000D74] -> 0x0EB7
mem[X,0x0000000080000D76] -> 0xFFEF
[866] [M]: 0x0000000080000D74 (0xFFEF0EB7) lui t4, -0x110
x29 <- 0xFFFFFFFFFFEF0000

mem[X,0x0000000080000D78] -> 0x8E93
mem[X,0x0000000080000D7A] -> 0x010E
[867] [M]: 0x0000000080000D78 (0x010E8E93) addi t4, t4, 0x10
x29 <- 0xFFFFFFFFFFEF0010

mem[X,0x0000000080000D7C] -> 0x9E93
mem[X,0x0000000080000D7E] -> 0x00BE
[868] [M]: 0x0000000080000D7C (0x00BE9E93) slli t4, t4, 0xb
x29 <- 0xFFFFFFFF78008000

mem[X,0x0000000080000D80] -> 0x8E93
mem[X,0x0000000080000D82] -> 0x7FFE
[869] [M]: 0x0000000080000D80 (0x7FFE8E93) addi t4, t4, 0x7ff
x29 <- 0xFFFFFFFF780087FF

mem[X,0x0000000080000D84] -> 0x9E93
mem[X,0x0000000080000D86] -> 0x00BE
[870] [M]: 0x0000000080000D84 (0x00BE9E93) slli t4, t4, 0xb
x29 <- 0xFFFFFBC0043FF800

mem[X,0x0000000080000D88] -> 0x8E93
mem[X,0x0000000080000D8A] -> 0x7B7E
[871] [M]: 0x0000000080000D88 (0x7B7E8E93) addi t4, t4, 0x7b7
x29 <- 0xFFFFFBC0043FFFB7

mem[X,0x0000000080000D8C] -> 0x9E93
mem[X,0x0000000080000D8E] -> 0x00AE
[872] [M]: 0x0000000080000D8C (0x00AE9E93) slli t4, t4, 0xa
x29 <- 0xFFEF0010FFFEDC00

mem[X,0x0000000080000D90] -> 0x8E93
mem[X,0x0000000080000D92] -> 0x3FFE
[873] [M]: 0x0000000080000D90 (0x3FFE8E93) addi t4, t4, 0x3ff
x29 <- 0xFFEF0010FFFEDFFF

mem[X,0x0000000080000D94] -> 0x5FBB
mem[X,0x0000000080000D96] -> 0xA7DF
[874] [M]: 0x0000000080000D94 (0xA7DF5FBB) pm4addu.h t6, t5, t4
x31 <- 0x000000021FF9A008

mem[X,0x0000000080000D98] -> 0x3C23
mem[X,0x0000000080000D9A] -> 0x05F1
[875] [M]: 0x0000000080000D98 (0x05F13C23) sd t6, 0x58(sp)
mem[0x0000000080004260] <- 0x000000021FF9A008

mem[X,0x0000000080000D9C] -> 0x8F37
mem[X,0x0000000080000D9E] -> 0x8000
[876] [M]: 0x0000000080000D9C (0x80008F37) lui t5, -0x7fff8
x30 <- 0xFFFFFFFF80008000

mem[X,0x0000000080000DA0] -> 0x0F13
mem[X,0x0000000080000DA2] -> 0xFFFF
[877] [M]: 0x0000000080000DA0 (0xFFFF0F13) addi t5, t5, -0x1
x30 <- 0xFFFFFFFF80007FFF

mem[X,0x0000000080000DA4] -> 0x1F13
mem[X,0x0000000080000DA6] -> 0x00BF
[878] [M]: 0x0000000080000DA4 (0x00BF1F13) slli t5, t5, 0xb
x30 <- 0xFFFFFC0003FFF800

mem[X,0x0000000080000DA8] -> 0x0F13
mem[X,0x0000000080000DAA] -> 0x7DFF
[879] [M]: 0x0000000080000DA8 (0x7DFF0F13) addi t5, t5, 0x7df
x30 <- 0xFFFFFC0003FFFFDF

mem[X,0x0000000080000DAC] -> 0x1F13
mem[X,0x0000000080000DAE] -> 0x00BF
[880] [M]: 0x0000000080000DAC (0x00BF1F13) slli t5, t5, 0xb
x30 <- 0xFFE0001FFFFEF800

mem[X,0x0000000080000DB0] -> 0x0F13
mem[X,0x0000000080000DB2] -> 0x7C0F
[881] [M]: 0x0000000080000DB0 (0x7C0F0F13) addi t5, t5, 0x7c0
x30 <- 0xFFE0001FFFFEFFC0

mem[X,0x0000000080000DB4] -> 0x1F13
mem[X,0x0000000080000DB6] -> 0x00AF
[882] [M]: 0x0000000080000DB4 (0x00AF1F13) slli t5, t5, 0xa
x30 <- 0x80007FFFFBFF0000

mem[X,0x0000000080000DB8] -> 0x0F13
mem[X,0x0000000080000DBA] -> 0x009F
[883] [M]: 0x0000000080000DB8 (0x009F0F13) addi t5, t5, 0x9
x30 <- 0x80007FFFFBFF0009

mem[X,0x0000000080000DBC] -> 0x0EB7
mem[X,0x0000000080000DBE] -> 0xFFE0
[884] [M]: 0x0000000080000DBC (0xFFE00EB7) lui t4, -0x200
x29 <- 0xFFFFFFFFFFE00000

mem[X,0x0000000080000DC0] -> 0x8E93
mem[X,0x0000000080000DC2] -> 0xBFFE
[885] [M]: 0x0000000080000DC0 (0xBFFE8E93) addi t4, t4, -0x401
x29 <- 0xFFFFFFFFFFDFFBFF

mem[X,0x0000000080000DC4] -> 0x9E93
mem[X,0x0000000080000DC6] -> 0x00BE
[886] [M]: 0x0000000080000DC4 (0x00BE9E93) slli t4, t4, 0xb
x29 <- 0xFFFFFFFEFFDFF800

mem[X,0x0000000080000DC8] -> 0x8E93
mem[X,0x0000000080000DCA] -> 0x7FFE
[887] [M]: 0x0000000080000DC8 (0x7FFE8E93) addi t4, t4, 0x7ff
x29 <- 0xFFFFFFFEFFDFFFFF

mem[X,0x0000000080000DCC] -> 0x9E93
mem[X,0x0000000080000DCE] -> 0x00BE
[888] [M]: 0x0000000080000DCC (0x00BE9E93) slli t4, t4, 0xb
x29 <- 0xFFFFF7FEFFFFF800

mem[X,0x0000000080000DD0] -> 0x8E93
mem[X,0x0000000080000DD2] -> 0x69FE
[889] [M]: 0x0000000080000DD0 (0x69FE8E93) addi t4, t4, 0x69f
x29 <- 0xFFFFF7FEFFFFFE9F

mem[X,0x0000000080000DD4] -> 0x9E93
mem[X,0x0000000080000DD6] -> 0x00AE
[890] [M]: 0x0000000080000DD4 (0x00AE9E93) slli t4, t4, 0xa
x29 <- 0xFFDFFBFFFFFA7C00

mem[X,0x0000000080000DD8] -> 0x8E93
mem[X,0x0000000080000DDA] -> 0x3FFE
[891] [M]: 0x0000000080000DD8 (0x3FFE8E93) addi t4, t4, 0x3ff
x29 <- 0xFFDFFBFFFFFA7FFF

mem[X,0x0000000080000DDC] -> 0x5FBB
mem[X,0x0000000080000DDE] -> 0xA7DF
[892] [M]: 0x0000000080000DDC (0xA7DF5FBB) pm4addu.h t6, t5, t4
x31 <- 0x00000001F9EB9BFE

mem[X,0x0000000080000DE0] -> 0x3023
mem[X,0x0000000080000DE2] -> 0x07F1
[893] [M]: 0x0000000080000DE0 (0x07F13023) sd t6, 0x60(sp)
mem[0x0000000080004268] <- 0x00000001F9EB9BFE

mem[X,0x0000000080000DE4] -> 0x0F37
mem[X,0x0000000080000DE6] -> 0xFFFA
[894] [M]: 0x0000000080000DE4 (0xFFFA0F37) lui t5, -0x60
x30 <- 0xFFFFFFFFFFFA0000

mem[X,0x0000000080000DE8] -> 0x0F13
mem[X,0x0000000080000DEA] -> 0x400F
[895] [M]: 0x0000000080000DE8 (0x400F0F13) addi t5, t5, 0x400
x30 <- 0xFFFFFFFFFFFA0400

mem[X,0x0000000080000DEC] -> 0x1F13
mem[X,0x0000000080000DEE] -> 0x00BF
[896] [M]: 0x0000000080000DEC (0x00BF1F13) slli t5, t5, 0xb
x30 <- 0xFFFFFFFFD0200000

mem[X,0x0000000080000DF0] -> 0x0F13
mem[X,0x0000000080000DF2] -> 0x7FFF
[897] [M]: 0x0000000080000DF0 (0x7FFF0F13) addi t5, t5, 0x7ff
x30 <- 0xFFFFFFFFD02007FF

mem[X,0x0000000080000DF4] -> 0x1F13
mem[X,0x0000000080000DF6] -> 0x00BF
[898] [M]: 0x0000000080000DF4 (0x00BF1F13) slli t5, t5, 0xb
x30 <- 0xFFFFFE81003FF800

mem[X,0x0000000080000DF8] -> 0x0F13
mem[X,0x0000000080000DFA] -> 0x3F7F
[899] [M]: 0x0000000080000DF8 (0x3F7F0F13) addi t5, t5, 0x3f7
x30 <- 0xFFFFFE81003FFBF7

clint::tick mtime <- 0x0000000000000009
 clint timer pending at mtime 0x0000000000000009
htif::tick 0x0000000000000000
mem[X,0x0000000080000DFC] -> 0x1F13
mem[X,0x0000000080000DFE] -> 0x00AF
[900] [M]: 0x0000000080000DFC (0x00AF1F13) slli t5, t5, 0xa
x30 <- 0xFFFA0400FFEFDC00

mem[X,0x0000000080000E00] -> 0x0F13
mem[X,0x0000000080000E02] -> 0x3FFF
[901] [M]: 0x0000000080000E00 (0x3FFF0F13) addi t5, t5, 0x3ff
x30 <- 0xFFFA0400FFEFDFFF

mem[X,0x0000000080000E04] -> 0x0EB7
mem[X,0x0000000080000E06] -> 0xFF80
[902] [M]: 0x0000000080000E04 (0xFF800EB7) lui t4, -0x800
x29 <- 0xFFFFFFFFFF800000

mem[X,0x0000000080000E08] -> 0x8E93
mem[X,0x0000000080000E0A] -> 0xFBFE
[903] [M]: 0x0000000080000E08 (0xFBFE8E93) addi t4, t4, -0x41
x29 <- 0xFFFFFFFFFF7FFFBF

mem[X,0x0000000080000E0C] -> 0x9E93
mem[X,0x0000000080000E0E] -> 0x00BE
[904] [M]: 0x0000000080000E0C (0x00BE9E93) slli t4, t4, 0xb
x29 <- 0xFFFFFFFBFFFDF800

mem[X,0x0000000080000E10] -> 0x8E93
mem[X,0x0000000080000E12] -> 0x000E
[905] [M]: 0x0000000080000E10 (0x000E8E93) addi t4, t4, 0x0
x29 <- 0xFFFFFFFBFFFDF800

mem[X,0x0000000080000E14] -> 0x9E93
mem[X,0x0000000080000E16] -> 0x00BE
[906] [M]: 0x0000000080000E14 (0x00BE9E93) slli t4, t4, 0xb
x29 <- 0xFFFFDFFFEFC00000

mem[X,0x0000000080000E18] -> 0x8E93
mem[X,0x0000000080000E1A] -> 0x11FE
[907] [M]: 0x0000000080000E18 (0x11FE8E93) addi t4, t4, 0x11f
x29 <- 0xFFFFDFFFEFC0011F

mem[X,0x0000000080000E1C] -> 0x9E93
mem[X,0x0000000080000E1E] -> 0x00AE
[908] [M]: 0x0000000080000E1C (0x00AE9E93) slli t4, t4, 0xa
x29 <- 0xFF7FFFBF00047C00

mem[X,0x0000000080000E20] -> 0x8E93
mem[X,0x0000000080000E22] -> 0x3FFE
[909] [M]: 0x0000000080000E20 (0x3FFE8E93) addi t4, t4, 0x3ff
x29 <- 0xFF7FFFBF00047FFF

mem[X,0x0000000080000E24] -> 0x5FBB
mem[X,0x0000000080000E26] -> 0xA7DF
[910] [M]: 0x0000000080000E24 (0xA7DF5FBB) pm4addu.h t6, t5, t4
x31 <- 0x00000001737A9EC3

mem[X,0x0000000080000E28] -> 0x3423
mem[X,0x0000000080000E2A] -> 0x07F1
[911] [M]: 0x0000000080000E28 (0x07F13423) sd t6, 0x68(sp)
mem[0x0000000080004270] <- 0x00000001737A9EC3

mem[X,0x0000000080000E2C] -> 0x0F37
mem[X,0x0000000080000E2E] -> 0xFFFE
[912] [M]: 0x0000000080000E2C (0xFFFE0F37) lui t5, -0x20
x30 <- 0xFFFFFFFFFFFE0000

mem[X,0x0000000080000E30] -> 0x0F13
mem[X,0x0000000080000E32] -> 0x007F
[913] [M]: 0x0000000080000E30 (0x007F0F13) addi t5, t5, 0x7
x30 <- 0xFFFFFFFFFFFE0007

mem[X,0x0000000080000E34] -> 0x1F13
mem[X,0x0000000080000E36] -> 0x00BF
[914] [M]: 0x0000000080000E34 (0x00BF1F13) slli t5, t5, 0xb
x30 <- 0xFFFFFFFFF0003800

mem[X,0x0000000080000E38] -> 0x0F13
mem[X,0x0000000080000E3A] -> 0x400F
[915] [M]: 0x0000000080000E38 (0x400F0F13) addi t5, t5, 0x400
x30 <- 0xFFFFFFFFF0003C00

mem[X,0x0000000080000E3C] -> 0x1F13
mem[X,0x0000000080000E3E] -> 0x00BF
[916] [M]: 0x0000000080000E3C (0x00BF1F13) slli t5, t5, 0xb
x30 <- 0xFFFFFF8001E00000

mem[X,0x0000000080000E40] -> 0x0F13
mem[X,0x0000000080000E42] -> 0x000F
[917] [M]: 0x0000000080000E40 (0x000F0F13) addi t5, t5, 0x0
x30 <- 0xFFFFFF8001E00000

mem[X,0x0000000080000E44] -> 0x1F13
mem[X,0x0000000080000E46] -> 0x00AF
[918] [M]: 0x0000000080000E44 (0x00AF1F13) slli t5, t5, 0xa
x30 <- 0xFFFE000780000000

mem[X,0x0000000080000E48] -> 0x0F13
mem[X,0x0000000080000E4A] -> 0x008F
[919] [M]: 0x0000000080000E48 (0x008F0F13) addi t5, t5, 0x8
x30 <- 0xFFFE000780000008

mem[X,0x0000000080000E4C] -> 0x0EB7
mem[X,0x0000000080000E4E] -> 0xFE00
[920] [M]: 0x0000000080000E4C (0xFE000EB7) lui t4, -0x2000
x29 <- 0xFFFFFFFFFE000000

mem[X,0x0000000080000E50] -> 0x8E93
mem[X,0x0000000080000E52] -> 0xFFFE
[921] [M]: 0x0000000080000E50 (0xFFFE8E93) addi t4, t4, -0x1
x29 <- 0xFFFFFFFFFDFFFFFF

mem[X,0x0000000080000E54] -> 0x9E93
mem[X,0x0000000080000E56] -> 0x00BE
[922] [M]: 0x0000000080000E54 (0x00BE9E93) slli t4, t4, 0xb
x29 <- 0xFFFFFFEFFFFFF800

mem[X,0x0000000080000E58] -> 0x8E93
mem[X,0x0000000080000E5A] -> 0x7FFE
[923] [M]: 0x0000000080000E58 (0x7FFE8E93) addi t4, t4, 0x7ff
x29 <- 0xFFFFFFEFFFFFFFFF

mem[X,0x0000000080000E5C] -> 0x9E93
mem[X,0x0000000080000E5E] -> 0x00BE
[924] [M]: 0x0000000080000E5C (0x00BE9E93) slli t4, t4, 0xb
x29 <- 0xFFFF7FFFFFFFF800

mem[X,0x0000000080000E60] -> 0x8E93
mem[X,0x0000000080000E62] -> 0x6B0E
[925] [M]: 0x0000000080000E60 (0x6B0E8E93) addi t4, t4, 0x6b0
x29 <- 0xFFFF7FFFFFFFFEB0

mem[X,0x0000000080000E64] -> 0x9E93
mem[X,0x0000000080000E66] -> 0x00AE
[926] [M]: 0x0000000080000E64 (0x00AE9E93) slli t4, t4, 0xa
x29 <- 0xFDFFFFFFFFFAC000

mem[X,0x0000000080000E68] -> 0x5FBB
mem[X,0x0000000080000E6A] -> 0xA7DF
[927] [M]: 0x0000000080000E68 (0xA7DF5FBB) pm4addu.h t6, t5, t4
x31 <- 0x000000017E0703FB

mem[X,0x0000000080000E6C] -> 0x3823
mem[X,0x0000000080000E6E] -> 0x07F1
[928] [M]: 0x0000000080000E6C (0x07F13823) sd t6, 0x70(sp)
mem[0x0000000080004278] <- 0x000000017E0703FB

mem[X,0x0000000080000E70] -> 0x0F37
mem[X,0x0000000080000E72] -> 0x0041
[929] [M]: 0x0000000080000E70 (0x00410F37) lui t5, 0x410
x30 <- 0x0000000000410000

mem[X,0x0000000080000E74] -> 0x0F13
mem[X,0x0000000080000E76] -> 0xFFCF
[930] [M]: 0x0000000080000E74 (0xFFCF0F13) addi t5, t5, -0x4
x30 <- 0x000000000040FFFC

mem[X,0x0000000080000E78] -> 0x1F13
mem[X,0x0000000080000E7A] -> 0x00BF
[931] [M]: 0x0000000080000E78 (0x00BF1F13) slli t5, t5, 0xb
x30 <- 0x0000000207FFE000

mem[X,0x0000000080000E7C] -> 0x0F13
mem[X,0x0000000080000E7E] -> 0x7BFF
[932] [M]: 0x0000000080000E7C (0x7BFF0F13) addi t5, t5, 0x7bf
x30 <- 0x0000000207FFE7BF

mem[X,0x0000000080000E80] -> 0x1F13
mem[X,0x0000000080000E82] -> 0x00BF
[933] [M]: 0x0000000080000E80 (0x00BF1F13) slli t5, t5, 0xb
x30 <- 0x0000103FFF3DF800

mem[X,0x0000000080000E84] -> 0x0F13
mem[X,0x0000000080000E86] -> 0x7FFF
[934] [M]: 0x0000000080000E84 (0x7FFF0F13) addi t5, t5, 0x7ff
x30 <- 0x0000103FFF3DFFFF

mem[X,0x0000000080000E88] -> 0x1F13
mem[X,0x0000000080000E8A] -> 0x00AF
[935] [M]: 0x0000000080000E88 (0x00AF1F13) slli t5, t5, 0xa
x30 <- 0x0040FFFCF7FFFC00

mem[X,0x0000000080000E8C] -> 0x0F13
mem[X,0x0000000080000E8E] -> 0x3DFF
[936] [M]: 0x0000000080000E8C (0x3DFF0F13) addi t5, t5, 0x3df
x30 <- 0x0040FFFCF7FFFFDF

mem[X,0x0000000080000E90] -> 0xCEB7
mem[X,0x0000000080000E92] -> 0xEFFF
[937] [M]: 0x0000000080000E90 (0xEFFFCEB7) lui t4, -0x10004
x29 <- 0xFFFFFFFFEFFFC000

mem[X,0x0000000080000E94] -> 0x8E93
mem[X,0x0000000080000E96] -> 0xFFFE
[938] [M]: 0x0000000080000E94 (0xFFFE8E93) addi t4, t4, -0x1
x29 <- 0xFFFFFFFFEFFFBFFF

mem[X,0x0000000080000E98] -> 0x9E93
mem[X,0x0000000080000E9A] -> 0x00BE
[939] [M]: 0x0000000080000E98 (0x00BE9E93) slli t4, t4, 0xb
x29 <- 0xFFFFFF7FFDFFF800

mem[X,0x0000000080000E9C] -> 0x8E93
mem[X,0x0000000080000E9E] -> 0x7FFE
[940] [M]: 0x0000000080000E9C (0x7FFE8E93) addi t4, t4, 0x7ff
x29 <- 0xFFFFFF7FFDFFFFFF

mem[X,0x0000000080000EA0] -> 0x9E93
mem[X,0x0000000080000EA2] -> 0x00BE
[941] [M]: 0x0000000080000EA0 (0x00BE9E93) slli t4, t4, 0xb
x29 <- 0xFFFBFFEFFFFFF800

mem[X,0x0000000080000EA4] -> 0x8E93
mem[X,0x0000000080000EA6] -> 0x6BFE
[942] [M]: 0x0000000080000EA4 (0x6BFE8E93) addi t4, t4, 0x6bf
x29 <- 0xFFFBFFEFFFFFFEBF

mem[X,0x0000000080000EA8] -> 0x9E93
mem[X,0x0000000080000EAA] -> 0x00AE
[943] [M]: 0x0000000080000EA8 (0x00AE9E93) slli t4, t4, 0xa
x29 <- 0xEFFFBFFFFFFAFC00

mem[X,0x0000000080000EAC] -> 0x8E93
mem[X,0x0000000080000EAE] -> 0x3F6E
[944] [M]: 0x0000000080000EAC (0x3F6E8E93) addi t4, t4, 0x3f6
x29 <- 0xEFFFBFFFFFFAFFF6

mem[X,0x0000000080000EB0] -> 0x5FBB
mem[X,0x0000000080000EB2] -> 0xA7DF
[945] [M]: 0x0000000080000EB0 (0xA7DF5FBB) pm4addu.h t6, t5, t4
x31 <- 0x00000002B8063114

mem[X,0x0000000080000EB4] -> 0x3C23
mem[X,0x0000000080000EB6] -> 0x07F1
[946] [M]: 0x0000000080000EB4 (0x07F13C23) sd t6, 0x78(sp)
mem[0x0000000080004280] <- 0x00000002B8063114

mem[X,0x0000000080000EB8] -> 0x0F37
mem[X,0x0000000080000EBA] -> 0x2001
[947] [M]: 0x0000000080000EB8 (0x20010F37) lui t5, 0x20010
x30 <- 0x0000000020010000

mem[X,0x0000000080000EBC] -> 0x0F13
mem[X,0x0000000080000EBE] -> 0xFF7F
[948] [M]: 0x0000000080000EBC (0xFF7F0F13) addi t5, t5, -0x9
x30 <- 0x000000002000FFF7

mem[X,0x0000000080000EC0] -> 0x1F13
mem[X,0x0000000080000EC2] -> 0x00BF
[949] [M]: 0x0000000080000EC0 (0x00BF1F13) slli t5, t5, 0xb
x30 <- 0x0000010007FFB800

mem[X,0x0000000080000EC4] -> 0x0F13
mem[X,0x0000000080000EC6] -> 0x7FFF
[950] [M]: 0x0000000080000EC4 (0x7FFF0F13) addi t5, t5, 0x7ff
x30 <- 0x0000010007FFBFFF

mem[X,0x0000000080000EC8] -> 0x1F13
mem[X,0x0000000080000ECA] -> 0x00BF
[951] [M]: 0x0000000080000EC8 (0x00BF1F13) slli t5, t5, 0xb
x30 <- 0x0008003FFDFFF800

mem[X,0x0000000080000ECC] -> 0x0F13
mem[X,0x0000000080000ECE] -> 0x66FF
[952] [M]: 0x0000000080000ECC (0x66FF0F13) addi t5, t5, 0x66f
x30 <- 0x0008003FFDFFFE6F

mem[X,0x0000000080000ED0] -> 0x1F13
mem[X,0x0000000080000ED2] -> 0x00AF
[953] [M]: 0x0000000080000ED0 (0x00AF1F13) slli t5, t5, 0xa
x30 <- 0x2000FFF7FFF9BC00

mem[X,0x0000000080000ED4] -> 0x0F13
mem[X,0x0000000080000ED6] -> 0x3FFF
[954] [M]: 0x0000000080000ED4 (0x3FFF0F13) addi t5, t5, 0x3ff
x30 <- 0x2000FFF7FFF9BFFF

mem[X,0x0000000080000ED8] -> 0x8EB7
mem[X,0x0000000080000EDA] -> 0xAAAA
[955] [M]: 0x0000000080000ED8 (0xAAAA8EB7) lui t4, -0x55558
x29 <- 0xFFFFFFFFAAAA8000

mem[X,0x0000000080000EDC] -> 0x8E93
mem[X,0x0000000080000EDE] -> 0xFFFE
[956] [M]: 0x0000000080000EDC (0xFFFE8E93) addi t4, t4, -0x1
x29 <- 0xFFFFFFFFAAAA7FFF

mem[X,0x0000000080000EE0] -> 0x9E93
mem[X,0x0000000080000EE2] -> 0x00BE
[957] [M]: 0x0000000080000EE0 (0x00BE9E93) slli t4, t4, 0xb
x29 <- 0xFFFFFD5553FFF800

mem[X,0x0000000080000EE4] -> 0x8E93
mem[X,0x0000000080000EE6] -> 0x7FFE
[958] [M]: 0x0000000080000EE4 (0x7FFE8E93) addi t4, t4, 0x7ff
x29 <- 0xFFFFFD5553FFFFFF

mem[X,0x0000000080000EE8] -> 0x9E93
mem[X,0x0000000080000EEA] -> 0x00BE
[959] [M]: 0x0000000080000EE8 (0x00BE9E93) slli t4, t4, 0xb
x29 <- 0xFFEAAA9FFFFFF800

mem[X,0x0000000080000EEC] -> 0x8E93
mem[X,0x0000000080000EEE] -> 0x7C0E
[960] [M]: 0x0000000080000EEC (0x7C0E8E93) addi t4, t4, 0x7c0
x29 <- 0xFFEAAA9FFFFFFFC0

mem[X,0x0000000080000EF0] -> 0x9E93
mem[X,0x0000000080000EF2] -> 0x00AE
[961] [M]: 0x0000000080000EF0 (0x00AE9E93) slli t4, t4, 0xa
x29 <- 0xAAAA7FFFFFFF0000

mem[X,0x0000000080000EF4] -> 0x8E93
mem[X,0x0000000080000EF6] -> 0x006E
[962] [M]: 0x0000000080000EF4 (0x006E8E93) addi t4, t4, 0x6
x29 <- 0xAAAA7FFFFFFF0006

mem[X,0x0000000080000EF8] -> 0x5FBB
mem[X,0x0000000080000EFA] -> 0xA7DF
[963] [M]: 0x0000000080000EF8 (0xA7DF5FBB) pm4addu.h t6, t5, t4
x31 <- 0x00000001954C400A

mem[X,0x0000000080000EFC] -> 0x3023
mem[X,0x0000000080000EFE] -> 0x09F1
[964] [M]: 0x0000000080000EFC (0x09F13023) sd t6, 0x80(sp)
mem[0x0000000080004288] <- 0x00000001954C400A

mem[X,0x0000000080000F00] -> 0x0F37
mem[X,0x0000000080000F02] -> 0xFFF8
[965] [M]: 0x0000000080000F00 (0xFFF80F37) lui t5, -0x80
x30 <- 0xFFFFFFFFFFF80000

mem[X,0x0000000080000F04] -> 0x0F13
mem[X,0x0000000080000F06] -> 0xEFFF
[966] [M]: 0x0000000080000F04 (0xEFFF0F13) addi t5, t5, -0x101
x30 <- 0xFFFFFFFFFFF7FEFF

mem[X,0x0000000080000F08] -> 0x1F13
mem[X,0x0000000080000F0A] -> 0x00BF
[967] [M]: 0x0000000080000F08 (0x00BF1F13) slli t5, t5, 0xb
x30 <- 0xFFFFFFFFBFF7F800

mem[X,0x0000000080000F0C] -> 0x0F13
mem[X,0x0000000080000F0E] -> 0x7FBF
[968] [M]: 0x0000000080000F0C (0x7FBF0F13) addi t5, t5, 0x7fb
x30 <- 0xFFFFFFFFBFF7FFFB

mem[X,0x0000000080000F10] -> 0x1F13
mem[X,0x0000000080000F12] -> 0x00BF
[969] [M]: 0x0000000080000F10 (0x00BF1F13) slli t5, t5, 0xb
x30 <- 0xFFFFFDFFBFFFD800

mem[X,0x0000000080000F14] -> 0x0F13
mem[X,0x0000000080000F16] -> 0x7D5F
[970] [M]: 0x0000000080000F14 (0x7D5F0F13) addi t5, t5, 0x7d5
x30 <- 0xFFFFFDFFBFFFDFD5

mem[X,0x0000000080000F18] -> 0x1F13
mem[X,0x0000000080000F1A] -> 0x00AF
[971] [M]: 0x0000000080000F18 (0x00AF1F13) slli t5, t5, 0xa
x30 <- 0xFFF7FEFFFF7F5400

mem[X,0x0000000080000F1C] -> 0x0F13
mem[X,0x0000000080000F1E] -> 0x155F
[972] [M]: 0x0000000080000F1C (0x155F0F13) addi t5, t5, 0x155
x30 <- 0xFFF7FEFFFF7F5555

mem[X,0x0000000080000F20] -> 0x8EB7
mem[X,0x0000000080000F22] -> 0xFBFF
[973] [M]: 0x0000000080000F20 (0xFBFF8EB7) lui t4, -0x4008
x29 <- 0xFFFFFFFFFBFF8000

mem[X,0x0000000080000F24] -> 0x8E93
mem[X,0x0000000080000F26] -> 0x000E
[974] [M]: 0x0000000080000F24 (0x000E8E93) addi t4, t4, 0x0
x29 <- 0xFFFFFFFFFBFF8000

mem[X,0x0000000080000F28] -> 0x9E93
mem[X,0x0000000080000F2A] -> 0x00BE
[975] [M]: 0x0000000080000F28 (0x00BE9E93) slli t4, t4, 0xb
x29 <- 0xFFFFFFDFFC000000

mem[X,0x0000000080000F2C] -> 0x8E93
mem[X,0x0000000080000F2E] -> 0x7FBE
[976] [M]: 0x0000000080000F2C (0x7FBE8E93) addi t4, t4, 0x7fb
x29 <- 0xFFFFFFDFFC0007FB

mem[X,0x0000000080000F30] -> 0x9E93
mem[X,0x0000000080000F32] -> 0x00BE
[977] [M]: 0x0000000080000F30 (0x00BE9E93) slli t4, t4, 0xb
x29 <- 0xFFFEFFE0003FD800

mem[X,0x0000000080000F34] -> 0x8E93
mem[X,0x0000000080000F36] -> 0x7FFE
[978] [M]: 0x0000000080000F34 (0x7FFE8E93) addi t4, t4, 0x7ff
x29 <- 0xFFFEFFE0003FDFFF

mem[X,0x0000000080000F38] -> 0x9E93
mem[X,0x0000000080000F3A] -> 0x00AE
[979] [M]: 0x0000000080000F38 (0x00AE9E93) slli t4, t4, 0xa
x29 <- 0xFBFF8000FF7FFC00

mem[X,0x0000000080000F3C] -> 0x8E93
mem[X,0x0000000080000F3E] -> 0x3FCE
[980] [M]: 0x0000000080000F3C (0x3FCE8E93) addi t4, t4, 0x3fc
x29 <- 0xFBFF8000FF7FFFFC

mem[X,0x0000000080000F40] -> 0x5FBB
mem[X,0x0000000080000F42] -> 0xA7DF
[981] [M]: 0x0000000080000F40 (0xA7DF5FBB) pm4addu.h t6, t5, t4
x31 <- 0x00000002CFC78FB6

mem[X,0x0000000080000F44] -> 0x3423
mem[X,0x0000000080000F46] -> 0x09F1
[982] [M]: 0x0000000080000F44 (0x09F13423) sd t6, 0x88(sp)
mem[0x0000000080004290] <- 0x00000002CFC78FB6

mem[X,0x0000000080000F48] -> 0x0F37
mem[X,0x0000000080000F4A] -> 0x0008
[983] [M]: 0x0000000080000F48 (0x00080F37) lui t5, 0x80
x30 <- 0x0000000000080000

mem[X,0x0000000080000F4C] -> 0x0F13
mem[X,0x0000000080000F4E] -> 0x200F
[984] [M]: 0x0000000080000F4C (0x200F0F13) addi t5, t5, 0x200
x30 <- 0x0000000000080200

mem[X,0x0000000080000F50] -> 0x1F13
mem[X,0x0000000080000F52] -> 0x00BF
[985] [M]: 0x0000000080000F50 (0x00BF1F13) slli t5, t5, 0xb
x30 <- 0x0000000040100000

mem[X,0x0000000080000F54] -> 0x0F13
mem[X,0x0000000080000F56] -> 0x7EFF
[986] [M]: 0x0000000080000F54 (0x7EFF0F13) addi t5, t5, 0x7ef
x30 <- 0x00000000401007EF

mem[X,0x0000000080000F58] -> 0x1F13
mem[X,0x0000000080000F5A] -> 0x00BF
[987] [M]: 0x0000000080000F58 (0x00BF1F13) slli t5, t5, 0xb
x30 <- 0x00000200803F7800

mem[X,0x0000000080000F5C] -> 0x0F13
mem[X,0x0000000080000F5E] -> 0x7EAF
[988] [M]: 0x0000000080000F5C (0x7EAF0F13) addi t5, t5, 0x7ea
x30 <- 0x00000200803F7FEA

mem[X,0x0000000080000F60] -> 0x1F13
mem[X,0x0000000080000F62] -> 0x00AF
[989] [M]: 0x0000000080000F60 (0x00AF1F13) slli t5, t5, 0xa
x30 <- 0x00080200FDFFA800

mem[X,0x0000000080000F64] -> 0x0F13
mem[X,0x0000000080000F66] -> 0x2AAF
[990] [M]: 0x0000000080000F64 (0x2AAF0F13) addi t5, t5, 0x2aa
x30 <- 0x00080200FDFFAAAA

mem[X,0x0000000080000F68] -> 0x0EB7
mem[X,0x0000000080000F6A] -> 0x4000
[991] [M]: 0x0000000080000F68 (0x40000EB7) lui t4, 0x40000
x29 <- 0x0000000040000000

mem[X,0x0000000080000F6C] -> 0x8E93
mem[X,0x0000000080000F6E] -> 0x010E
[992] [M]: 0x0000000080000F6C (0x010E8E93) addi t4, t4, 0x10
x29 <- 0x0000000040000010

mem[X,0x0000000080000F70] -> 0x9E93
mem[X,0x0000000080000F72] -> 0x00BE
[993] [M]: 0x0000000080000F70 (0x00BE9E93) slli t4, t4, 0xb
x29 <- 0x0000020000008000

mem[X,0x0000000080000F74] -> 0x8E93
mem[X,0x0000000080000F76] -> 0x7FFE
[994] [M]: 0x0000000080000F74 (0x7FFE8E93) addi t4, t4, 0x7ff
x29 <- 0x00000200000087FF

mem[X,0x0000000080000F78] -> 0x9E93
mem[X,0x0000000080000F7A] -> 0x00BE
[995] [M]: 0x0000000080000F78 (0x00BE9E93) slli t4, t4, 0xb
x29 <- 0x00100000043FF800

mem[X,0x0000000080000F7C] -> 0x8E93
mem[X,0x0000000080000F7E] -> 0x5FFE
[996] [M]: 0x0000000080000F7C (0x5FFE8E93) addi t4, t4, 0x5ff
x29 <- 0x00100000043FFDFF

mem[X,0x0000000080000F80] -> 0x9E93
mem[X,0x0000000080000F82] -> 0x00AE
[997] [M]: 0x0000000080000F80 (0x00AE9E93) slli t4, t4, 0xa
x29 <- 0x40000010FFF7FC00

mem[X,0x0000000080000F84] -> 0x8E93
mem[X,0x0000000080000F86] -> 0x3F6E
[998] [M]: 0x0000000080000F84 (0x3F6E8E93) addi t4, t4, 0x3f6
x29 <- 0x40000010FFF7FFF6

mem[X,0x0000000080000F88] -> 0x5FBB
mem[X,0x0000000080000F8A] -> 0xA7DF
[999] [M]: 0x0000000080000F88 (0xA7DF5FBB) pm4addu.h t6, t5, t4
x31 <- 0x00000001A89B8765

clint::tick mtime <- 0x000000000000000A
 clint timer pending at mtime 0x000000000000000A
htif::tick 0x0000000000000000
mem[X,0x0000000080000F8C] -> 0x3823
mem[X,0x0000000080000F8E] -> 0x09F1
[1000] [M]: 0x0000000080000F8C (0x09F13823) sd t6, 0x90(sp)
mem[0x0000000080004298] <- 0x00000001A89B8765

mem[X,0x0000000080000F90] -> 0xFF37
mem[X,0x0000000080000F92] -> 0x0006
[1001] [M]: 0x0000000080000F90 (0x0006FF37) lui t5, 0x6f
x30 <- 0x000000000006F000

mem[X,0x0000000080000F94] -> 0x0F13
mem[X,0x0000000080000F96] -> 0xFFFF
[1002] [M]: 0x0000000080000F94 (0xFFFF0F13) addi t5, t5, -0x1
x30 <- 0x000000000006EFFF

mem[X,0x0000000080000F98] -> 0x1F13
mem[X,0x0000000080000F9A] -> 0x00BF
[1003] [M]: 0x0000000080000F98 (0x00BF1F13) slli t5, t5, 0xb
x30 <- 0x00000000377FF800

mem[X,0x0000000080000F9C] -> 0x0F13
mem[X,0x0000000080000F9E] -> 0x000F
[1004] [M]: 0x0000000080000F9C (0x000F0F13) addi t5, t5, 0x0
x30 <- 0x00000000377FF800

mem[X,0x0000000080000FA0] -> 0x1F13
mem[X,0x0000000080000FA2] -> 0x00BF
[1005] [M]: 0x0000000080000FA0 (0x00BF1F13) slli t5, t5, 0xb
x30 <- 0x000001BBFFC00000

mem[X,0x0000000080000FA4] -> 0x0F13
mem[X,0x0000000080000FA6] -> 0x13FF
[1006] [M]: 0x0000000080000FA4 (0x13FF0F13) addi t5, t5, 0x13f
x30 <- 0x000001BBFFC0013F

mem[X,0x0000000080000FA8] -> 0x1F13
mem[X,0x0000000080000FAA] -> 0x00AF
[1007] [M]: 0x0000000080000FA8 (0x00AF1F13) slli t5, t5, 0xa
x30 <- 0x0006EFFF0004FC00

mem[X,0x0000000080000FAC] -> 0x0F13
mem[X,0x0000000080000FAE] -> 0x2FFF
[1008] [M]: 0x0000000080000FAC (0x2FFF0F13) addi t5, t5, 0x2ff
x30 <- 0x0006EFFF0004FEFF

mem[X,0x0000000080000FB0] -> 0x0EB7
mem[X,0x0000000080000FB2] -> 0x0009
[1009] [M]: 0x0000000080000FB0 (0x00090EB7) lui t4, 0x90
x29 <- 0x0000000000090000

mem[X,0x0000000080000FB4] -> 0x8E93
mem[X,0x0000000080000FB6] -> 0x002E
[1010] [M]: 0x0000000080000FB4 (0x002E8E93) addi t4, t4, 0x2
x29 <- 0x0000000000090002

mem[X,0x0000000080000FB8] -> 0x9E93
mem[X,0x0000000080000FBA] -> 0x00BE
[1011] [M]: 0x0000000080000FB8 (0x00BE9E93) slli t4, t4, 0xb
x29 <- 0x0000000048001000

mem[X,0x0000000080000FBC] -> 0x8E93
mem[X,0x0000000080000FBE] -> 0x2AAE
[1012] [M]: 0x0000000080000FBC (0x2AAE8E93) addi t4, t4, 0x2aa
x29 <- 0x00000000480012AA

mem[X,0x0000000080000FC0] -> 0x9E93
mem[X,0x0000000080000FC2] -> 0x00BE
[1013] [M]: 0x0000000080000FC0 (0x00BE9E93) slli t4, t4, 0xb
x29 <- 0x0000024000955000

mem[X,0x0000000080000FC4] -> 0x8E93
mem[X,0x0000000080000FC6] -> 0x57FE
[1014] [M]: 0x0000000080000FC4 (0x57FE8E93) addi t4, t4, 0x57f
x29 <- 0x000002400095557F

mem[X,0x0000000080000FC8] -> 0x9E93
mem[X,0x0000000080000FCA] -> 0x00AE
[1015] [M]: 0x0000000080000FC8 (0x00AE9E93) slli t4, t4, 0xa
x29 <- 0x000900025555FC00

mem[X,0x0000000080000FCC] -> 0x8E93
mem[X,0x0000000080000FCE] -> 0x2FFE
[1016] [M]: 0x0000000080000FCC (0x2FFE8E93) addi t4, t4, 0x2ff
x29 <- 0x000900025555FEFF

mem[X,0x0000000080000FD0] -> 0x5FBB
mem[X,0x0000000080000FD2] -> 0xA7DF
[1017] [M]: 0x0000000080000FD0 (0xA7DF5FBB) pm4addu.h t6, t5, t4
x31 <- 0x00000000FE023789

mem[X,0x0000000080000FD4] -> 0x3C23
mem[X,0x0000000080000FD6] -> 0x09F1
[1018] [M]: 0x0000000080000FD4 (0x09F13C23) sd t6, 0x98(sp)
mem[0x00000000800042A0] <- 0x00000000FE023789

mem[X,0x0000000080000FD8] -> 0x0F37
mem[X,0x0000000080000FDA] -> 0xFFF8
[1019] [M]: 0x0000000080000FD8 (0xFFF80F37) lui t5, -0x80
x30 <- 0xFFFFFFFFFFF80000

mem[X,0x0000000080000FDC] -> 0x0F13
mem[X,0x0000000080000FDE] -> 0x000F
[1020] [M]: 0x0000000080000FDC (0x000F0F13) addi t5, t5, 0x0
x30 <- 0xFFFFFFFFFFF80000

mem[X,0x0000000080000FE0] -> 0x1F13
mem[X,0x0000000080000FE2] -> 0x00BF
[1021] [M]: 0x0000000080000FE0 (0x00BF1F13) slli t5, t5, 0xb
x30 <- 0xFFFFFFFFC0000000

mem[X,0x0000000080000FE4] -> 0x0F13
mem[X,0x0000000080000FE6] -> 0x000F
[1022] [M]: 0x0000000080000FE4 (0x000F0F13) addi t5, t5, 0x0
x30 <- 0xFFFFFFFFC0000000

mem[X,0x0000000080000FE8] -> 0x1F13
mem[X,0x0000000080000FEA] -> 0x00BF
[1023] [M]: 0x0000000080000FE8 (0x00BF1F13) slli t5, t5, 0xb
x30 <- 0xFFFFFE0000000000

mem[X,0x0000000080000FEC] -> 0x0F13
mem[X,0x0000000080000FEE] -> 0x040F
[1024] [M]: 0x0000000080000FEC (0x040F0F13) addi t5, t5, 0x40
x30 <- 0xFFFFFE0000000040

mem[X,0x0000000080000FF0] -> 0x1F13
mem[X,0x0000000080000FF2] -> 0x00AF
[1025] [M]: 0x0000000080000FF0 (0x00AF1F13) slli t5, t5, 0xa
x30 <- 0xFFF8000000010000

mem[X,0x0000000080000FF4] -> 0x0F13
mem[X,0x0000000080000FF6] -> 0x002F
[1026] [M]: 0x0000000080000FF4 (0x002F0F13) addi t5, t5, 0x2
x30 <- 0xFFF8000000010002

mem[X,0x0000000080000FF8] -> 0x5EB7
mem[X,0x0000000080000FFA] -> 0xC000
[1027] [M]: 0x0000000080000FF8 (0xC0005EB7) lui t4, -0x3fffb
x29 <- 0xFFFFFFFFC0005000

mem[X,0x0000000080000FFC] -> 0x8E93
mem[X,0x0000000080000FFE] -> 0x555E
[1028] [M]: 0x0000000080000FFC (0x555E8E93) addi t4, t4, 0x555
x29 <- 0xFFFFFFFFC0005555

mem[X,0x0000000080001000] -> 0x9E93
mem[X,0x0000000080001002] -> 0x00BE
[1029] [M]: 0x0000000080001000 (0x00BE9E93) slli t4, t4, 0xb
x29 <- 0xFFFFFE0002AAA800

mem[X,0x0000000080001004] -> 0x8E93
mem[X,0x0000000080001006] -> 0x000E
[1030] [M]: 0x0000000080001004 (0x000E8E93) addi t4, t4, 0x0
x29 <- 0xFFFFFE0002AAA800

mem[X,0x0000000080001008] -> 0x9E93
mem[X,0x000000008000100A] -> 0x00BE
[1031] [M]: 0x0000000080001008 (0x00BE9E93) slli t4, t4, 0xb
x29 <- 0xFFF0001555400000

mem[X,0x000000008000100C] -> 0x8E93
mem[X,0x000000008000100E] -> 0x140E
[1032] [M]: 0x000000008000100C (0x140E8E93) addi t4, t4, 0x140
x29 <- 0xFFF0001555400140

mem[X,0x0000000080001010] -> 0x9E93
mem[X,0x0000000080001012] -> 0x00AE
[1033] [M]: 0x0000000080001010 (0x00AE9E93) slli t4, t4, 0xa
x29 <- 0xC000555500050000

mem[X,0x0000000080001014] -> 0x8E93
mem[X,0x0000000080001016] -> 0x006E
[1034] [M]: 0x0000000080001014 (0x006E8E93) addi t4, t4, 0x6
x29 <- 0xC000555500050006

mem[X,0x0000000080001018] -> 0x5FBB
mem[X,0x000000008000101A] -> 0xA7DF
[1035] [M]: 0x0000000080001018 (0xA7DF5FBB) pm4addu.h t6, t5, t4
x31 <- 0x00000000BFFA0011

mem[X,0x000000008000101C] -> 0x3023
mem[X,0x000000008000101E] -> 0x0BF1
[1036] [M]: 0x000000008000101C (0x0BF13023) sd t6, 0xa0(sp)
mem[0x00000000800042A8] <- 0x00000000BFFA0011

mem[X,0x0000000080001020] -> 0x0F37
mem[X,0x0000000080001022] -> 0xFFF6
[1037] [M]: 0x0000000080001020 (0xFFF60F37) lui t5, -0xa0
x30 <- 0xFFFFFFFFFFF60000

mem[X,0x0000000080001024] -> 0x0F13
mem[X,0x0000000080001026] -> 0x001F
[1038] [M]: 0x0000000080001024 (0x001F0F13) addi t5, t5, 0x1
x30 <- 0xFFFFFFFFFFF60001

mem[X,0x0000000080001028] -> 0x1F13
mem[X,0x000000008000102A] -> 0x00BF
[1039] [M]: 0x0000000080001028 (0x00BF1F13) slli t5, t5, 0xb
x30 <- 0xFFFFFFFFB0000800

mem[X,0x000000008000102C] -> 0x0F13
mem[X,0x000000008000102E] -> 0x000F
[1040] [M]: 0x000000008000102C (0x000F0F13) addi t5, t5, 0x0
x30 <- 0xFFFFFFFFB0000800

mem[X,0x0000000080001030] -> 0x1F13
mem[X,0x0000000080001032] -> 0x00BF
[1041] [M]: 0x0000000080001030 (0x00BF1F13) slli t5, t5, 0xb
x30 <- 0xFFFFFD8000400000

mem[X,0x0000000080001034] -> 0x0F13
mem[X,0x0000000080001036] -> 0x23DF
[1042] [M]: 0x0000000080001034 (0x23DF0F13) addi t5, t5, 0x23d
x30 <- 0xFFFFFD800040023D

mem[X,0x0000000080001038] -> 0x1F13
mem[X,0x000000008000103A] -> 0x00AF
[1043] [M]: 0x0000000080001038 (0x00AF1F13) slli t5, t5, 0xa
x30 <- 0xFFF600010008F400

mem[X,0x000000008000103C] -> 0x0F13
mem[X,0x000000008000103E] -> 0x3FFF
[1044] [M]: 0x000000008000103C (0x3FFF0F13) addi t5, t5, 0x3ff
x30 <- 0xFFF600010008F7FF

mem[X,0x0000000080001040] -> 0x0EB7
mem[X,0x0000000080001042] -> 0xAAAB
[1045] [M]: 0x0000000080001040 (0xAAAB0EB7) lui t4, -0x55550
x29 <- 0xFFFFFFFFAAAB0000

mem[X,0x0000000080001044] -> 0x8E93
mem[X,0x0000000080001046] -> 0xFFFE
[1046] [M]: 0x0000000080001044 (0xFFFE8E93) addi t4, t4, -0x1
x29 <- 0xFFFFFFFFAAAAFFFF

mem[X,0x0000000080001048] -> 0x9E93
mem[X,0x000000008000104A] -> 0x00BE
[1047] [M]: 0x0000000080001048 (0x00BE9E93) slli t4, t4, 0xb
x29 <- 0xFFFFFD5557FFF800

mem[X,0x000000008000104C] -> 0x8E93
mem[X,0x000000008000104E] -> 0x000E
[1048] [M]: 0x000000008000104C (0x000E8E93) addi t4, t4, 0x0
x29 <- 0xFFFFFD5557FFF800

mem[X,0x0000000080001050] -> 0x9E93
mem[X,0x0000000080001052] -> 0x00BE
[1049] [M]: 0x0000000080001050 (0x00BE9E93) slli t4, t4, 0xb
x29 <- 0xFFEAAABFFFC00000

mem[X,0x0000000080001054] -> 0x8E93
mem[X,0x0000000080001056] -> 0x0C0E
[1050] [M]: 0x0000000080001054 (0x0C0E8E93) addi t4, t4, 0xc0
x29 <- 0xFFEAAABFFFC000C0

mem[X,0x0000000080001058] -> 0x9E93
mem[X,0x000000008000105A] -> 0x00AE
[1051] [M]: 0x0000000080001058 (0x00AE9E93) slli t4, t4, 0xa
x29 <- 0xAAAAFFFF00030000

mem[X,0x000000008000105C] -> 0x8E93
mem[X,0x000000008000105E] -> 0x100E
[1052] [M]: 0x000000008000105C (0x100E8E93) addi t4, t4, 0x100
x29 <- 0xAAAAFFFF00030100

mem[X,0x0000000080001060] -> 0x5FBB
mem[X,0x0000000080001062] -> 0xA7DF
[1053] [M]: 0x0000000080001060 (0xA7DF5FBB) pm4addu.h t6, t5, t4
x31 <- 0x00000000AB9C5473

mem[X,0x0000000080001064] -> 0x3423
mem[X,0x0000000080001066] -> 0x0BF1
[1054] [M]: 0x0000000080001064 (0x0BF13423) sd t6, 0xa8(sp)
mem[0x00000000800042B0] <- 0x00000000AB9C5473

mem[X,0x0000000080001068] -> 0x0F37
mem[X,0x000000008000106A] -> 0x1000
[1055] [M]: 0x0000000080001068 (0x10000F37) lui t5, 0x10000
x30 <- 0x0000000010000000

mem[X,0x000000008000106C] -> 0x0F13
mem[X,0x000000008000106E] -> 0x002F
[1056] [M]: 0x000000008000106C (0x002F0F13) addi t5, t5, 0x2
x30 <- 0x0000000010000002

mem[X,0x0000000080001070] -> 0x1F13
mem[X,0x0000000080001072] -> 0x00BF
[1057] [M]: 0x0000000080001070 (0x00BF1F13) slli t5, t5, 0xb
x30 <- 0x0000008000001000

mem[X,0x0000000080001074] -> 0x0F13
mem[X,0x0000000080001076] -> 0x000F
[1058] [M]: 0x0000000080001074 (0x000F0F13) addi t5, t5, 0x0
x30 <- 0x0000008000001000

mem[X,0x0000000080001078] -> 0x1F13
mem[X,0x000000008000107A] -> 0x00BF
[1059] [M]: 0x0000000080001078 (0x00BF1F13) slli t5, t5, 0xb
x30 <- 0x0004000000800000

mem[X,0x000000008000107C] -> 0x0F13
mem[X,0x000000008000107E] -> 0x402F
[1060] [M]: 0x000000008000107C (0x402F0F13) addi t5, t5, 0x402
x30 <- 0x0004000000800402

mem[X,0x0000000080001080] -> 0x1F13
mem[X,0x0000000080001082] -> 0x00AF
[1061] [M]: 0x0000000080001080 (0x00AF1F13) slli t5, t5, 0xa
x30 <- 0x1000000200100800

mem[X,0x0000000080001084] -> 0x0EB7
mem[X,0x0000000080001086] -> 0xFFFA
[1062] [M]: 0x0000000080001084 (0xFFFA0EB7) lui t4, -0x60
x29 <- 0xFFFFFFFFFFFA0000

mem[X,0x0000000080001088] -> 0x8E93
mem[X,0x000000008000108A] -> 0x200E
[1063] [M]: 0x0000000080001088 (0x200E8E93) addi t4, t4, 0x200
x29 <- 0xFFFFFFFFFFFA0200

mem[X,0x000000008000108C] -> 0x9E93
mem[X,0x000000008000108E] -> 0x00BE
[1064] [M]: 0x000000008000108C (0x00BE9E93) slli t4, t4, 0xb
x29 <- 0xFFFFFFFFD0100000

mem[X,0x0000000080001090] -> 0x8E93
mem[X,0x0000000080001092] -> 0x7FFE
[1065] [M]: 0x0000000080001090 (0x7FFE8E93) addi t4, t4, 0x7ff
x29 <- 0xFFFFFFFFD01007FF

mem[X,0x0000000080001094] -> 0x9E93
mem[X,0x0000000080001096] -> 0x00BE
[1066] [M]: 0x0000000080001094 (0x00BE9E93) slli t4, t4, 0xb
x29 <- 0xFFFFFE80803FF800

mem[X,0x0000000080001098] -> 0x8E93
mem[X,0x000000008000109A] -> 0x6C0E
[1067] [M]: 0x0000000080001098 (0x6C0E8E93) addi t4, t4, 0x6c0
x29 <- 0xFFFFFE80803FFEC0

mem[X,0x000000008000109C] -> 0x9E93
mem[X,0x000000008000109E] -> 0x00AE
[1068] [M]: 0x000000008000109C (0x00AE9E93) slli t4, t4, 0xa
x29 <- 0xFFFA0200FFFB0000

mem[X,0x00000000800010A0] -> 0x8E93
mem[X,0x00000000800010A2] -> 0x100E
[1069] [M]: 0x00000000800010A0 (0x100E8E93) addi t4, t4, 0x100
x29 <- 0xFFFA0200FFFB0100

mem[X,0x00000000800010A4] -> 0x5FBB
mem[X,0x00000000800010A6] -> 0xA7DF
[1070] [M]: 0x00000000800010A4 (0xA7DF5FBB) pm4addu.h t6, t5, t4
x31 <- 0x000000001017A3B0

mem[X,0x00000000800010A8] -> 0x3823
mem[X,0x00000000800010AA] -> 0x0BF1
[1071] [M]: 0x00000000800010A8 (0x0BF13823) sd t6, 0xb0(sp)
mem[0x00000000800042B8] <- 0x000000001017A3B0

mem[X,0x00000000800010AC] -> 0x2F37
mem[X,0x00000000800010AE] -> 0xFFFD
[1072] [M]: 0x00000000800010AC (0xFFFD2F37) lui t5, -0x2e
x30 <- 0xFFFFFFFFFFFD2000

mem[X,0x00000000800010B0] -> 0x0F13
mem[X,0x00000000800010B2] -> 0x000F
[1073] [M]: 0x00000000800010B0 (0x000F0F13) addi t5, t5, 0x0
x30 <- 0xFFFFFFFFFFFD2000

mem[X,0x00000000800010B4] -> 0x1F13
mem[X,0x00000000800010B6] -> 0x00BF
[1074] [M]: 0x00000000800010B4 (0x00BF1F13) slli t5, t5, 0xb
x30 <- 0xFFFFFFFFE9000000

mem[X,0x00000000800010B8] -> 0x0F13
mem[X,0x00000000800010BA] -> 0x000F
[1075] [M]: 0x00000000800010B8 (0x000F0F13) addi t5, t5, 0x0
x30 <- 0xFFFFFFFFE9000000

mem[X,0x00000000800010BC] -> 0x1F13
mem[X,0x00000000800010BE] -> 0x00BF
[1076] [M]: 0x00000000800010BC (0x00BF1F13) slli t5, t5, 0xb
x30 <- 0xFFFFFF4800000000

mem[X,0x00000000800010C0] -> 0x0F13
mem[X,0x00000000800010C2] -> 0x1C0F
[1077] [M]: 0x00000000800010C0 (0x1C0F0F13) addi t5, t5, 0x1c0
x30 <- 0xFFFFFF48000001C0

mem[X,0x00000000800010C4] -> 0x1F13
mem[X,0x00000000800010C6] -> 0x00AF
[1078] [M]: 0x00000000800010C4 (0x00AF1F13) slli t5, t5, 0xa
x30 <- 0xFFFD200000070000

mem[X,0x00000000800010C8] -> 0x0F13
mem[X,0x00000000800010CA] -> 0x010F
[1079] [M]: 0x00000000800010C8 (0x010F0F13) addi t5, t5, 0x10
x30 <- 0xFFFD200000070010

mem[X,0x00000000800010CC] -> 0xBEB7
mem[X,0x00000000800010CE] -> 0xFF7F
[1080] [M]: 0x00000000800010CC (0xFF7FBEB7) lui t4, -0x805
x29 <- 0xFFFFFFFFFF7FB000

mem[X,0x00000000800010D0] -> 0x8E93
mem[X,0x00000000800010D2] -> 0xAAAE
[1081] [M]: 0x00000000800010D0 (0xAAAE8E93) addi t4, t4, -0x556
x29 <- 0xFFFFFFFFFF7FAAAA

mem[X,0x00000000800010D4] -> 0x9E93
mem[X,0x00000000800010D6] -> 0x00BE
[1082] [M]: 0x00000000800010D4 (0x00BE9E93) slli t4, t4, 0xb
x29 <- 0xFFFFFFFBFD555000

mem[X,0x00000000800010D8] -> 0x8E93
mem[X,0x00000000800010DA] -> 0x7FFE
[1083] [M]: 0x00000000800010D8 (0x7FFE8E93) addi t4, t4, 0x7ff
x29 <- 0xFFFFFFFBFD5557FF

mem[X,0x00000000800010DC] -> 0x9E93
mem[X,0x00000000800010DE] -> 0x00BE
[1084] [M]: 0x00000000800010DC (0x00BE9E93) slli t4, t4, 0xb
x29 <- 0xFFFFDFEAAABFF800

mem[X,0x00000000800010E0] -> 0x8E93
mem[X,0x00000000800010E2] -> 0x65FE
[1085] [M]: 0x00000000800010E0 (0x65FE8E93) addi t4, t4, 0x65f
x29 <- 0xFFFFDFEAAABFFE5F

mem[X,0x00000000800010E4] -> 0x9E93
mem[X,0x00000000800010E6] -> 0x00AE
[1086] [M]: 0x00000000800010E4 (0x00AE9E93) slli t4, t4, 0xa
x29 <- 0xFF7FAAAAFFF97C00

mem[X,0x00000000800010E8] -> 0x8E93
mem[X,0x00000000800010EA] -> 0x3FFE
[1087] [M]: 0x00000000800010E8 (0x3FFE8E93) addi t4, t4, 0x3ff
x29 <- 0xFF7FAAAAFFF97FFF

mem[X,0x00000000800010EC] -> 0x5FBB
mem[X,0x00000000800010EE] -> 0xA7DF
[1088] [M]: 0x00000000800010EC (0xA7DF5FBB) pm4addu.h t6, t5, t4
x31 <- 0x0000000114E04142

mem[X,0x00000000800010F0] -> 0x3C23
mem[X,0x00000000800010F2] -> 0x0BF1
[1089] [M]: 0x00000000800010F0 (0x0BF13C23) sd t6, 0xb8(sp)
mem[0x00000000800042C0] <- 0x0000000114E04142

mem[X,0x00000000800010F4] -> 0x0F37
mem[X,0x00000000800010F6] -> 0xFBFF
[1090] [M]: 0x00000000800010F4 (0xFBFF0F37) lui t5, -0x4010
x30 <- 0xFFFFFFFFFBFF0000

mem[X,0x00000000800010F8] -> 0x0F13
mem[X,0x00000000800010FA] -> 0x003F
[1091] [M]: 0x00000000800010F8 (0x003F0F13) addi t5, t5, 0x3
x30 <- 0xFFFFFFFFFBFF0003

mem[X,0x00000000800010FC] -> 0x1F13
mem[X,0x00000000800010FE] -> 0x00BF
[1092] [M]: 0x00000000800010FC (0x00BF1F13) slli t5, t5, 0xb
x30 <- 0xFFFFFFDFF8001800

mem[X,0x0000000080001100] -> 0x0F13
mem[X,0x0000000080001102] -> 0x7DFF
[1093] [M]: 0x0000000080001100 (0x7DFF0F13) addi t5, t5, 0x7df
x30 <- 0xFFFFFFDFF8001FDF

mem[X,0x0000000080001104] -> 0x1F13
mem[X,0x0000000080001106] -> 0x00BF
[1094] [M]: 0x0000000080001104 (0x00BF1F13) slli t5, t5, 0xb
x30 <- 0xFFFEFFC000FEF800

mem[X,0x0000000080001108] -> 0x0F13
mem[X,0x000000008000110A] -> 0x7C0F
[1095] [M]: 0x0000000080001108 (0x7C0F0F13) addi t5, t5, 0x7c0
x30 <- 0xFFFEFFC000FEFFC0

mem[X,0x000000008000110C] -> 0x1F13
mem[X,0x000000008000110E] -> 0x00AF
[1096] [M]: 0x000000008000110C (0x00AF1F13) slli t5, t5, 0xa
x30 <- 0xFBFF0003FBFF0000

mem[X,0x0000000080001110] -> 0x0F13
mem[X,0x0000000080001112] -> 0x040F
[1097] [M]: 0x0000000080001110 (0x040F0F13) addi t5, t5, 0x40
x30 <- 0xFBFF0003FBFF0040

mem[X,0x0000000080001114] -> 0x0EB7
mem[X,0x0000000080001116] -> 0x4000
[1098] [M]: 0x0000000080001114 (0x40000EB7) lui t4, 0x40000
x29 <- 0x0000000040000000

mem[X,0x0000000080001118] -> 0x8E93
mem[X,0x000000008000111A] -> 0xBFFE
[1099] [M]: 0x0000000080001118 (0xBFFE8E93) addi t4, t4, -0x401
x29 <- 0x000000003FFFFBFF

clint::tick mtime <- 0x000000000000000B
 clint timer pending at mtime 0x000000000000000B
htif::tick 0x0000000000000000
mem[X,0x000000008000111C] -> 0x9E93
mem[X,0x000000008000111E] -> 0x00BE
[1100] [M]: 0x000000008000111C (0x00BE9E93) slli t4, t4, 0xb
x29 <- 0x000001FFFFDFF800

mem[X,0x0000000080001120] -> 0x8E93
mem[X,0x0000000080001122] -> 0x7FEE
[1101] [M]: 0x0000000080001120 (0x7FEE8E93) addi t4, t4, 0x7fe
x29 <- 0x000001FFFFDFFFFE

mem[X,0x0000000080001124] -> 0x9E93
mem[X,0x0000000080001126] -> 0x00BE
[1102] [M]: 0x0000000080001124 (0x00BE9E93) slli t4, t4, 0xb
x29 <- 0x000FFFFEFFFFF000

mem[X,0x0000000080001128] -> 0x8E93
mem[X,0x000000008000112A] -> 0x7D0E
[1103] [M]: 0x0000000080001128 (0x7D0E8E93) addi t4, t4, 0x7d0
x29 <- 0x000FFFFEFFFFF7D0

mem[X,0x000000008000112C] -> 0x9E93
mem[X,0x000000008000112E] -> 0x00AE
[1104] [M]: 0x000000008000112C (0x00AE9E93) slli t4, t4, 0xa
x29 <- 0x3FFFFBFFFFDF4000

mem[X,0x0000000080001130] -> 0x5FBB
mem[X,0x0000000080001132] -> 0xA7DF
[1105] [M]: 0x0000000080001130 (0xA7DF5FBB) pm4addu.h t6, t5, t4
x31 <- 0x000000013AF03C1F

mem[X,0x0000000080001134] -> 0x3023
mem[X,0x0000000080001136] -> 0x0DF1
[1106] [M]: 0x0000000080001134 (0x0DF13023) sd t6, 0xc0(sp)
mem[0x00000000800042C8] <- 0x000000013AF03C1F

mem[X,0x0000000080001138] -> 0x0F37
mem[X,0x000000008000113A] -> 0xF800
[1107] [M]: 0x0000000080001138 (0xF8000F37) lui t5, -0x8000
x30 <- 0xFFFFFFFFF8000000

mem[X,0x000000008000113C] -> 0x0F13
mem[X,0x000000008000113E] -> 0xFF8F
[1108] [M]: 0x000000008000113C (0xFF8F0F13) addi t5, t5, -0x8
x30 <- 0xFFFFFFFFF7FFFFF8

mem[X,0x0000000080001140] -> 0x1F13
mem[X,0x0000000080001142] -> 0x00BF
[1109] [M]: 0x0000000080001140 (0x00BF1F13) slli t5, t5, 0xb
x30 <- 0xFFFFFFBFFFFFC000

mem[X,0x0000000080001144] -> 0x0F13
mem[X,0x0000000080001146] -> 0x020F
[1110] [M]: 0x0000000080001144 (0x020F0F13) addi t5, t5, 0x20
x30 <- 0xFFFFFFBFFFFFC020

mem[X,0x0000000080001148] -> 0x1F13
mem[X,0x000000008000114A] -> 0x00BF
[1111] [M]: 0x0000000080001148 (0x00BF1F13) slli t5, t5, 0xb
x30 <- 0xFFFDFFFFFE010000

mem[X,0x000000008000114C] -> 0x0F13
mem[X,0x000000008000114E] -> 0x010F
[1112] [M]: 0x000000008000114C (0x010F0F13) addi t5, t5, 0x10
x30 <- 0xFFFDFFFFFE010010

mem[X,0x0000000080001150] -> 0x1F13
mem[X,0x0000000080001152] -> 0x00AF
[1113] [M]: 0x0000000080001150 (0x00AF1F13) slli t5, t5, 0xa
x30 <- 0xF7FFFFF804004000

mem[X,0x0000000080001154] -> 0x8EB7
mem[X,0x0000000080001156] -> 0xFFBF
[1114] [M]: 0x0000000080001154 (0xFFBF8EB7) lui t4, -0x408
x29 <- 0xFFFFFFFFFFBF8000

mem[X,0x0000000080001158] -> 0x8E93
mem[X,0x000000008000115A] -> 0x000E
[1115] [M]: 0x0000000080001158 (0x000E8E93) addi t4, t4, 0x0
x29 <- 0xFFFFFFFFFFBF8000

mem[X,0x000000008000115C] -> 0x9E93
mem[X,0x000000008000115E] -> 0x00BE
[1116] [M]: 0x000000008000115C (0x00BE9E93) slli t4, t4, 0xb
x29 <- 0xFFFFFFFDFC000000

mem[X,0x0000000080001160] -> 0x8E93
mem[X,0x0000000080001162] -> 0x001E
[1117] [M]: 0x0000000080001160 (0x001E8E93) addi t4, t4, 0x1
x29 <- 0xFFFFFFFDFC000001

mem[X,0x0000000080001164] -> 0x9E93
mem[X,0x0000000080001166] -> 0x00BE
[1118] [M]: 0x0000000080001164 (0x00BE9E93) slli t4, t4, 0xb
x29 <- 0xFFFFEFE000000800

mem[X,0x0000000080001168] -> 0x8E93
mem[X,0x000000008000116A] -> 0x000E
[1119] [M]: 0x0000000080001168 (0x000E8E93) addi t4, t4, 0x0
x29 <- 0xFFFFEFE000000800

mem[X,0x000000008000116C] -> 0x9E93
mem[X,0x000000008000116E] -> 0x00AE
[1120] [M]: 0x000000008000116C (0x00AE9E93) slli t4, t4, 0xa
x29 <- 0xFFBF800000200000

mem[X,0x0000000080001170] -> 0x8E93
mem[X,0x0000000080001172] -> 0x080E
[1121] [M]: 0x0000000080001170 (0x080E8E93) addi t4, t4, 0x80
x29 <- 0xFFBF800000200080

mem[X,0x0000000080001174] -> 0x5FBB
mem[X,0x0000000080001176] -> 0xA7DF
[1122] [M]: 0x0000000080001174 (0xA7DF5FBB) pm4addu.h t6, t5, t4
x31 <- 0x0000000177DC8841

mem[X,0x0000000080001178] -> 0x3423
mem[X,0x000000008000117A] -> 0x0DF1
[1123] [M]: 0x0000000080001178 (0x0DF13423) sd t6, 0xc8(sp)
mem[0x00000000800042D0] <- 0x0000000177DC8841

mem[X,0x000000008000117C] -> 0x8F37
mem[X,0x000000008000117E] -> 0xEFFF
[1124] [M]: 0x000000008000117C (0xEFFF8F37) lui t5, -0x10008
x30 <- 0xFFFFFFFFEFFF8000

mem[X,0x0000000080001180] -> 0x0F13
mem[X,0x0000000080001182] -> 0x000F
[1125] [M]: 0x0000000080001180 (0x000F0F13) addi t5, t5, 0x0
x30 <- 0xFFFFFFFFEFFF8000

mem[X,0x0000000080001184] -> 0x1F13
mem[X,0x0000000080001186] -> 0x00BF
[1126] [M]: 0x0000000080001184 (0x00BF1F13) slli t5, t5, 0xb
x30 <- 0xFFFFFF7FFC000000

mem[X,0x0000000080001188] -> 0x0F13
mem[X,0x000000008000118A] -> 0x000F
[1127] [M]: 0x0000000080001188 (0x000F0F13) addi t5, t5, 0x0
x30 <- 0xFFFFFF7FFC000000

mem[X,0x000000008000118C] -> 0x1F13
mem[X,0x000000008000118E] -> 0x00BF
[1128] [M]: 0x000000008000118C (0x00BF1F13) slli t5, t5, 0xb
x30 <- 0xFFFBFFE000000000

mem[X,0x0000000080001190] -> 0x0F13
mem[X,0x0000000080001192] -> 0x000F
[1129] [M]: 0x0000000080001190 (0x000F0F13) addi t5, t5, 0x0
x30 <- 0xFFFBFFE000000000

mem[X,0x0000000080001194] -> 0x1F13
mem[X,0x0000000080001196] -> 0x00AF
[1130] [M]: 0x0000000080001194 (0x00AF1F13) slli t5, t5, 0xa
x30 <- 0xEFFF800000000000

mem[X,0x0000000080001198] -> 0x0F13
mem[X,0x000000008000119A] -> 0x003F
[1131] [M]: 0x0000000080001198 (0x003F0F13) addi t5, t5, 0x3
x30 <- 0xEFFF800000000003

mem[X,0x000000008000119C] -> 0x0EB7
mem[X,0x000000008000119E] -> 0x7FFF
[1132] [M]: 0x000000008000119C (0x7FFF0EB7) lui t4, 0x7fff0
x29 <- 0x000000007FFF0000

mem[X,0x00000000800011A0] -> 0x8E93
mem[X,0x00000000800011A2] -> 0x006E
[1133] [M]: 0x00000000800011A0 (0x006E8E93) addi t4, t4, 0x6
x29 <- 0x000000007FFF0006

mem[X,0x00000000800011A4] -> 0x9E93
mem[X,0x00000000800011A6] -> 0x00BE
[1134] [M]: 0x00000000800011A4 (0x00BE9E93) slli t4, t4, 0xb
x29 <- 0x000003FFF8003000

mem[X,0x00000000800011A8] -> 0x8E93
mem[X,0x00000000800011AA] -> 0x000E
[1135] [M]: 0x00000000800011A8 (0x000E8E93) addi t4, t4, 0x0
x29 <- 0x000003FFF8003000

mem[X,0x00000000800011AC] -> 0x9E93
mem[X,0x00000000800011AE] -> 0x00BE
[1136] [M]: 0x00000000800011AC (0x00BE9E93) slli t4, t4, 0xb
x29 <- 0x001FFFC001800000

mem[X,0x00000000800011B0] -> 0x8E93
mem[X,0x00000000800011B2] -> 0x0BEE
[1137] [M]: 0x00000000800011B0 (0x0BEE8E93) addi t4, t4, 0xbe
x29 <- 0x001FFFC0018000BE

mem[X,0x00000000800011B4] -> 0x9E93
mem[X,0x00000000800011B6] -> 0x00AE
[1138] [M]: 0x00000000800011B4 (0x00AE9E93) slli t4, t4, 0xa
x29 <- 0x7FFF00060002F800

mem[X,0x00000000800011B8] -> 0x8E93
mem[X,0x00000000800011BA] -> 0x3FFE
[1139] [M]: 0x00000000800011B8 (0x3FFE8E93) addi t4, t4, 0x3ff
x29 <- 0x7FFF00060002FBFF

mem[X,0x00000000800011BC] -> 0x5FBB
mem[X,0x00000000800011BE] -> 0xA7DF
[1140] [M]: 0x00000000800011BC (0xA7DF5FBB) pm4addu.h t6, t5, t4
x31 <- 0x00000000780483FE

mem[X,0x00000000800011C0] -> 0x3823
mem[X,0x00000000800011C2] -> 0x0DF1
[1141] [M]: 0x00000000800011C0 (0x0DF13823) sd t6, 0xd0(sp)
mem[0x00000000800042D8] <- 0x00000000780483FE

mem[X,0x00000000800011C4] -> 0x0F37
mem[X,0x00000000800011C6] -> 0x0009
[1142] [M]: 0x00000000800011C4 (0x00090F37) lui t5, 0x90
x30 <- 0x0000000000090000

mem[X,0x00000000800011C8] -> 0x0F13
mem[X,0x00000000800011CA] -> 0x100F
[1143] [M]: 0x00000000800011C8 (0x100F0F13) addi t5, t5, 0x100
x30 <- 0x0000000000090100

mem[X,0x00000000800011CC] -> 0x1F13
mem[X,0x00000000800011CE] -> 0x00BF
[1144] [M]: 0x00000000800011CC (0x00BF1F13) slli t5, t5, 0xb
x30 <- 0x0000000048080000

mem[X,0x00000000800011D0] -> 0x0F13
mem[X,0x00000000800011D2] -> 0x000F
[1145] [M]: 0x00000000800011D0 (0x000F0F13) addi t5, t5, 0x0
x30 <- 0x0000000048080000

mem[X,0x00000000800011D4] -> 0x1F13
mem[X,0x00000000800011D6] -> 0x00BF
[1146] [M]: 0x00000000800011D4 (0x00BF1F13) slli t5, t5, 0xb
x30 <- 0x0000024040000000

mem[X,0x00000000800011D8] -> 0x0F13
mem[X,0x00000000800011DA] -> 0x200F
[1147] [M]: 0x00000000800011D8 (0x200F0F13) addi t5, t5, 0x200
x30 <- 0x0000024040000200

mem[X,0x00000000800011DC] -> 0x1F13
mem[X,0x00000000800011DE] -> 0x00AF
[1148] [M]: 0x00000000800011DC (0x00AF1F13) slli t5, t5, 0xa
x30 <- 0x0009010000080000

mem[X,0x00000000800011E0] -> 0x0F13
mem[X,0x00000000800011E2] -> 0x010F
[1149] [M]: 0x00000000800011E0 (0x010F0F13) addi t5, t5, 0x10
x30 <- 0x0009010000080010

mem[X,0x00000000800011E4] -> 0x0EB7
mem[X,0x00000000800011E6] -> 0x0009
[1150] [M]: 0x00000000800011E4 (0x00090EB7) lui t4, 0x90
x29 <- 0x0000000000090000

mem[X,0x00000000800011E8] -> 0x8E93
mem[X,0x00000000800011EA] -> 0xFFEE
[1151] [M]: 0x00000000800011E8 (0xFFEE8E93) addi t4, t4, -0x2
x29 <- 0x000000000008FFFE

mem[X,0x00000000800011EC] -> 0x9E93
mem[X,0x00000000800011EE] -> 0x00BE
[1152] [M]: 0x00000000800011EC (0x00BE9E93) slli t4, t4, 0xb
x29 <- 0x0000000047FFF000

mem[X,0x00000000800011F0] -> 0x8E93
mem[X,0x00000000800011F2] -> 0x7FFE
[1153] [M]: 0x00000000800011F0 (0x7FFE8E93) addi t4, t4, 0x7ff
x29 <- 0x0000000047FFF7FF

mem[X,0x00000000800011F4] -> 0x9E93
mem[X,0x00000000800011F6] -> 0x00BE
[1154] [M]: 0x00000000800011F4 (0x00BE9E93) slli t4, t4, 0xb
x29 <- 0x0000023FFFBFF800

mem[X,0x00000000800011F8] -> 0x8E93
mem[X,0x00000000800011FA] -> 0x760E
[1155] [M]: 0x00000000800011F8 (0x760E8E93) addi t4, t4, 0x760
x29 <- 0x0000023FFFBFFF60

mem[X,0x00000000800011FC] -> 0x9E93
mem[X,0x00000000800011FE] -> 0x00AE
[1156] [M]: 0x00000000800011FC (0x00AE9E93) slli t4, t4, 0xa
x29 <- 0x0008FFFEFFFD8000

mem[X,0x0000000080001200] -> 0x5FBB
mem[X,0x0000000080001202] -> 0xA7DF
[1157] [M]: 0x0000000080001200 (0xA7DF5FBB) pm4addu.h t6, t5, t4
x31 <- 0x00000000010FFE30

mem[X,0x0000000080001204] -> 0x3C23
mem[X,0x0000000080001206] -> 0x0DF1
[1158] [M]: 0x0000000080001204 (0x0DF13C23) sd t6, 0xd8(sp)
mem[0x00000000800042E0] <- 0x00000000010FFE30

mem[X,0x0000000080001208] -> 0xFF37
mem[X,0x000000008000120A] -> 0xC000
[1159] [M]: 0x0000000080001208 (0xC000FF37) lui t5, -0x3fff1
x30 <- 0xFFFFFFFFC000F000

mem[X,0x000000008000120C] -> 0x0F13
mem[X,0x000000008000120E] -> 0x7FFF
[1160] [M]: 0x000000008000120C (0x7FFF0F13) addi t5, t5, 0x7ff
x30 <- 0xFFFFFFFFC000F7FF

mem[X,0x0000000080001210] -> 0x1F13
mem[X,0x0000000080001212] -> 0x00BF
[1161] [M]: 0x0000000080001210 (0x00BF1F13) slli t5, t5, 0xb
x30 <- 0xFFFFFE0007BFF800

mem[X,0x0000000080001214] -> 0x0F13
mem[X,0x0000000080001216] -> 0x000F
[1162] [M]: 0x0000000080001214 (0x000F0F13) addi t5, t5, 0x0
x30 <- 0xFFFFFE0007BFF800

mem[X,0x0000000080001218] -> 0x1F13
mem[X,0x000000008000121A] -> 0x00BF
[1163] [M]: 0x0000000080001218 (0x00BF1F13) slli t5, t5, 0xb
x30 <- 0xFFF0003DFFC00000

mem[X,0x000000008000121C] -> 0x0F13
mem[X,0x000000008000121E] -> 0x23FF
[1164] [M]: 0x000000008000121C (0x23FF0F13) addi t5, t5, 0x23f
x30 <- 0xFFF0003DFFC0023F

mem[X,0x0000000080001220] -> 0x1F13
mem[X,0x0000000080001222] -> 0x00AF
[1165] [M]: 0x0000000080001220 (0x00AF1F13) slli t5, t5, 0xa
x30 <- 0xC000F7FF0008FC00

mem[X,0x0000000080001224] -> 0x0F13
mem[X,0x0000000080001226] -> 0x3F9F
[1166] [M]: 0x0000000080001224 (0x3F9F0F13) addi t5, t5, 0x3f9
x30 <- 0xC000F7FF0008FFF9

mem[X,0x0000000080001228] -> 0x0EB7
mem[X,0x000000008000122A] -> 0xFDFF
[1167] [M]: 0x0000000080001228 (0xFDFF0EB7) lui t4, -0x2010
x29 <- 0xFFFFFFFFFDFF0000

mem[X,0x000000008000122C] -> 0x8E93
mem[X,0x000000008000122E] -> 0x004E
[1168] [M]: 0x000000008000122C (0x004E8E93) addi t4, t4, 0x4
x29 <- 0xFFFFFFFFFDFF0004

mem[X,0x0000000080001230] -> 0x9E93
mem[X,0x0000000080001232] -> 0x00BE
[1169] [M]: 0x0000000080001230 (0x00BE9E93) slli t4, t4, 0xb
x29 <- 0xFFFFFFEFF8002000

mem[X,0x0000000080001234] -> 0x8E93
mem[X,0x0000000080001236] -> 0x000E
[1170] [M]: 0x0000000080001234 (0x000E8E93) addi t4, t4, 0x0
x29 <- 0xFFFFFFEFF8002000

mem[X,0x0000000080001238] -> 0x9E93
mem[X,0x000000008000123A] -> 0x00BE
[1171] [M]: 0x0000000080001238 (0x00BE9E93) slli t4, t4, 0xb
x29 <- 0xFFFF7FC001000000

mem[X,0x000000008000123C] -> 0x8E93
mem[X,0x000000008000123E] -> 0x180E
[1172] [M]: 0x000000008000123C (0x180E8E93) addi t4, t4, 0x180
x29 <- 0xFFFF7FC001000180

mem[X,0x0000000080001240] -> 0x9E93
mem[X,0x0000000080001242] -> 0x00AE
[1173] [M]: 0x0000000080001240 (0x00AE9E93) slli t4, t4, 0xa
x29 <- 0xFDFF000400060000

mem[X,0x0000000080001244] -> 0x5FBB
mem[X,0x0000000080001246] -> 0xA7DF
[1174] [M]: 0x0000000080001244 (0xA7DF5FBB) pm4addu.h t6, t5, t4
x31 <- 0x00000000BE83202C

mem[X,0x0000000080001248] -> 0x3023
mem[X,0x000000008000124A] -> 0x0FF1
[1175] [M]: 0x0000000080001248 (0x0FF13023) sd t6, 0xe0(sp)
mem[0x00000000800042E8] <- 0x00000000BE83202C

mem[X,0x000000008000124C] -> 0x4F37
mem[X,0x000000008000124E] -> 0xFFF7
[1176] [M]: 0x000000008000124C (0xFFF74F37) lui t5, -0x8c
x30 <- 0xFFFFFFFFFFF74000

mem[X,0x0000000080001250] -> 0x0F13
mem[X,0x0000000080001252] -> 0x000F
[1177] [M]: 0x0000000080001250 (0x000F0F13) addi t5, t5, 0x0
x30 <- 0xFFFFFFFFFFF74000

mem[X,0x0000000080001254] -> 0x1F13
mem[X,0x0000000080001256] -> 0x00BF
[1178] [M]: 0x0000000080001254 (0x00BF1F13) slli t5, t5, 0xb
x30 <- 0xFFFFFFFFBA000000

mem[X,0x0000000080001258] -> 0x0F13
mem[X,0x000000008000125A] -> 0x040F
[1179] [M]: 0x0000000080001258 (0x040F0F13) addi t5, t5, 0x40
x30 <- 0xFFFFFFFFBA000040

mem[X,0x000000008000125C] -> 0x1F13
mem[X,0x000000008000125E] -> 0x00BF
[1180] [M]: 0x000000008000125C (0x00BF1F13) slli t5, t5, 0xb
x30 <- 0xFFFFFDD000020000

mem[X,0x0000000080001260] -> 0x0F13
mem[X,0x0000000080001262] -> 0x000F
[1181] [M]: 0x0000000080001260 (0x000F0F13) addi t5, t5, 0x0
x30 <- 0xFFFFFDD000020000

mem[X,0x0000000080001264] -> 0x1F13
mem[X,0x0000000080001266] -> 0x00AF
[1182] [M]: 0x0000000080001264 (0x00AF1F13) slli t5, t5, 0xa
x30 <- 0xFFF7400008000000

mem[X,0x0000000080001268] -> 0x0F13
mem[X,0x000000008000126A] -> 0x004F
[1183] [M]: 0x0000000080001268 (0x004F0F13) addi t5, t5, 0x4
x30 <- 0xFFF7400008000004

mem[X,0x000000008000126C] -> 0x0EB7
mem[X,0x000000008000126E] -> 0xF7FF
[1184] [M]: 0x000000008000126C (0xF7FF0EB7) lui t4, -0x8010
x29 <- 0xFFFFFFFFF7FF0000

mem[X,0x0000000080001270] -> 0x8E93
mem[X,0x0000000080001272] -> 0x400E
[1185] [M]: 0x0000000080001270 (0x400E8E93) addi t4, t4, 0x400
x29 <- 0xFFFFFFFFF7FF0400

mem[X,0x0000000080001274] -> 0x9E93
mem[X,0x0000000080001276] -> 0x00BE
[1186] [M]: 0x0000000080001274 (0x00BE9E93) slli t4, t4, 0xb
x29 <- 0xFFFFFFBFF8200000

mem[X,0x0000000080001278] -> 0x8E93
mem[X,0x000000008000127A] -> 0x000E
[1187] [M]: 0x0000000080001278 (0x000E8E93) addi t4, t4, 0x0
x29 <- 0xFFFFFFBFF8200000

mem[X,0x000000008000127C] -> 0x9E93
mem[X,0x000000008000127E] -> 0x00BE
[1188] [M]: 0x000000008000127C (0x00BE9E93) slli t4, t4, 0xb
x29 <- 0xFFFDFFC100000000

mem[X,0x0000000080001280] -> 0x8E93
mem[X,0x0000000080001282] -> 0x200E
[1189] [M]: 0x0000000080001280 (0x200E8E93) addi t4, t4, 0x200
x29 <- 0xFFFDFFC100000200

mem[X,0x0000000080001284] -> 0x9E93
mem[X,0x0000000080001286] -> 0x00AE
[1190] [M]: 0x0000000080001284 (0x00AE9E93) slli t4, t4, 0xa
x29 <- 0xF7FF040000080000

mem[X,0x0000000080001288] -> 0x8E93
mem[X,0x000000008000128A] -> 0x002E
[1191] [M]: 0x0000000080001288 (0x002E8E93) addi t4, t4, 0x2
x29 <- 0xF7FF040000080002

mem[X,0x000000008000128C] -> 0x5FBB
mem[X,0x000000008000128E] -> 0xA7DF
[1192] [M]: 0x000000008000128C (0xA7DF5FBB) pm4addu.h t6, t5, t4
x31 <- 0x00000000F8F68811

mem[X,0x0000000080001290] -> 0x3423
mem[X,0x0000000080001292] -> 0x0FF1
[1193] [M]: 0x0000000080001290 (0x0FF13423) sd t6, 0xe8(sp)
mem[0x00000000800042F0] <- 0x00000000F8F68811

mem[X,0x0000000080001294] -> 0x0F37
mem[X,0x0000000080001296] -> 0x0009
[1194] [M]: 0x0000000080001294 (0x00090F37) lui t5, 0x90
x30 <- 0x0000000000090000

mem[X,0x0000000080001298] -> 0x0F13
mem[X,0x000000008000129A] -> 0xFFEF
[1195] [M]: 0x0000000080001298 (0xFFEF0F13) addi t5, t5, -0x2
x30 <- 0x000000000008FFFE

mem[X,0x000000008000129C] -> 0x1F13
mem[X,0x000000008000129E] -> 0x00BF
[1196] [M]: 0x000000008000129C (0x00BF1F13) slli t5, t5, 0xb
x30 <- 0x0000000047FFF000

mem[X,0x00000000800012A0] -> 0x0F13
mem[X,0x00000000800012A2] -> 0x7FEF
[1197] [M]: 0x00000000800012A0 (0x7FEF0F13) addi t5, t5, 0x7fe
x30 <- 0x0000000047FFF7FE

mem[X,0x00000000800012A4] -> 0x1F13
mem[X,0x00000000800012A6] -> 0x00BF
[1198] [M]: 0x00000000800012A4 (0x00BF1F13) slli t5, t5, 0xb
x30 <- 0x0000023FFFBFF000

mem[X,0x00000000800012A8] -> 0x0F13
mem[X,0x00000000800012AA] -> 0x7C0F
[1199] [M]: 0x00000000800012A8 (0x7C0F0F13) addi t5, t5, 0x7c0
x30 <- 0x0000023FFFBFF7C0

clint::tick mtime <- 0x000000000000000C
 clint timer pending at mtime 0x000000000000000C
htif::tick 0x0000000000000000
mem[X,0x00000000800012AC] -> 0x1F13
mem[X,0x00000000800012AE] -> 0x00AF
[1200] [M]: 0x00000000800012AC (0x00AF1F13) slli t5, t5, 0xa
x30 <- 0x0008FFFEFFDF0000

mem[X,0x00000000800012B0] -> 0x0F13
mem[X,0x00000000800012B2] -> 0x003F
[1201] [M]: 0x00000000800012B0 (0x003F0F13) addi t5, t5, 0x3
x30 <- 0x0008FFFEFFDF0003

mem[X,0x00000000800012B4] -> 0x0EB7
mem[X,0x00000000800012B6] -> 0x000A
[1202] [M]: 0x00000000800012B4 (0x000A0EB7) lui t4, 0xa0
x29 <- 0x00000000000A0000

mem[X,0x00000000800012B8] -> 0x8E93
mem[X,0x00000000800012BA] -> 0xFDFE
[1203] [M]: 0x00000000800012B8 (0xFDFE8E93) addi t4, t4, -0x21
x29 <- 0x000000000009FFDF

mem[X,0x00000000800012BC] -> 0x9E93
mem[X,0x00000000800012BE] -> 0x00BE
[1204] [M]: 0x00000000800012BC (0x00BE9E93) slli t4, t4, 0xb
x29 <- 0x000000004FFEF800

mem[X,0x00000000800012C0] -> 0x8E93
mem[X,0x00000000800012C2] -> 0x7FFE
[1205] [M]: 0x00000000800012C0 (0x7FFE8E93) addi t4, t4, 0x7ff
x29 <- 0x000000004FFEFFFF

mem[X,0x00000000800012C4] -> 0x9E93
mem[X,0x00000000800012C6] -> 0x00BE
[1206] [M]: 0x00000000800012C4 (0x00BE9E93) slli t4, t4, 0xb
x29 <- 0x0000027FF7FFF800

mem[X,0x00000000800012C8] -> 0x8E93
mem[X,0x00000000800012CA] -> 0x680E
[1207] [M]: 0x00000000800012C8 (0x680E8E93) addi t4, t4, 0x680
x29 <- 0x0000027FF7FFFE80

mem[X,0x00000000800012CC] -> 0x9E93
mem[X,0x00000000800012CE] -> 0x00AE
[1208] [M]: 0x00000000800012CC (0x00AE9E93) slli t4, t4, 0xa
x29 <- 0x0009FFDFFFFA0000

mem[X,0x00000000800012D0] -> 0x8E93
mem[X,0x00000000800012D2] -> 0x004E
[1209] [M]: 0x00000000800012D0 (0x004E8E93) addi t4, t4, 0x4
x29 <- 0x0009FFDFFFFA0004

mem[X,0x00000000800012D4] -> 0x5FBB
mem[X,0x00000000800012D6] -> 0xA7DF
[1210] [M]: 0x00000000800012D4 (0xA7DF5FBB) pm4addu.h t6, t5, t4
x31 <- 0x00000001FFB6015C

mem[X,0x00000000800012D8] -> 0x3823
mem[X,0x00000000800012DA] -> 0x0FF1
[1211] [M]: 0x00000000800012D8 (0x0FF13823) sd t6, 0xf0(sp)
mem[0x00000000800042F8] <- 0x00000001FFB6015C

mem[X,0x00000000800012DC] -> 0x2F37
mem[X,0x00000000800012DE] -> 0xBFFF
[1212] [M]: 0x00000000800012DC (0xBFFF2F37) lui t5, -0x4000e
x30 <- 0xFFFFFFFFBFFF2000

mem[X,0x00000000800012E0] -> 0x0F13
mem[X,0x00000000800012E2] -> 0x000F
[1213] [M]: 0x00000000800012E0 (0x000F0F13) addi t5, t5, 0x0
x30 <- 0xFFFFFFFFBFFF2000

mem[X,0x00000000800012E4] -> 0x1F13
mem[X,0x00000000800012E6] -> 0x00BF
[1214] [M]: 0x00000000800012E4 (0x00BF1F13) slli t5, t5, 0xb
x30 <- 0xFFFFFDFFF9000000

mem[X,0x00000000800012E8] -> 0x0F13
mem[X,0x00000000800012EA] -> 0x7DFF
[1215] [M]: 0x00000000800012E8 (0x7DFF0F13) addi t5, t5, 0x7df
x30 <- 0xFFFFFDFFF90007DF

mem[X,0x00000000800012EC] -> 0x1F13
mem[X,0x00000000800012EE] -> 0x00BF
[1216] [M]: 0x00000000800012EC (0x00BF1F13) slli t5, t5, 0xb
x30 <- 0xFFEFFFC8003EF800

mem[X,0x00000000800012F0] -> 0x0F13
mem[X,0x00000000800012F2] -> 0x7C0F
[1217] [M]: 0x00000000800012F0 (0x7C0F0F13) addi t5, t5, 0x7c0
x30 <- 0xFFEFFFC8003EFFC0

mem[X,0x00000000800012F4] -> 0x1F13
mem[X,0x00000000800012F6] -> 0x00AF
[1218] [M]: 0x00000000800012F4 (0x00AF1F13) slli t5, t5, 0xa
x30 <- 0xBFFF2000FBFF0000

mem[X,0x00000000800012F8] -> 0x0F13
mem[X,0x00000000800012FA] -> 0x200F
[1219] [M]: 0x00000000800012F8 (0x200F0F13) addi t5, t5, 0x200
x30 <- 0xBFFF2000FBFF0200

mem[X,0x00000000800012FC] -> 0x0EB7
mem[X,0x00000000800012FE] -> 0xFDFF
[1220] [M]: 0x00000000800012FC (0xFDFF0EB7) lui t4, -0x2010
x29 <- 0xFFFFFFFFFDFF0000

mem[X,0x0000000080001300] -> 0x8E93
mem[X,0x0000000080001302] -> 0x080E
[1221] [M]: 0x0000000080001300 (0x080E8E93) addi t4, t4, 0x80
x29 <- 0xFFFFFFFFFDFF0080

mem[X,0x0000000080001304] -> 0x9E93
mem[X,0x0000000080001306] -> 0x00BE
[1222] [M]: 0x0000000080001304 (0x00BE9E93) slli t4, t4, 0xb
x29 <- 0xFFFFFFEFF8040000

mem[X,0x0000000080001308] -> 0x8E93
mem[X,0x000000008000130A] -> 0x7FFE
[1223] [M]: 0x0000000080001308 (0x7FFE8E93) addi t4, t4, 0x7ff
x29 <- 0xFFFFFFEFF80407FF

mem[X,0x000000008000130C] -> 0x9E93
mem[X,0x000000008000130E] -> 0x00BE
[1224] [M]: 0x000000008000130C (0x00BE9E93) slli t4, t4, 0xb
x29 <- 0xFFFF7FC0203FF800

mem[X,0x0000000080001310] -> 0x8E93
mem[X,0x0000000080001312] -> 0x680E
[1225] [M]: 0x0000000080001310 (0x680E8E93) addi t4, t4, 0x680
x29 <- 0xFFFF7FC0203FFE80

mem[X,0x0000000080001314] -> 0x9E93
mem[X,0x0000000080001316] -> 0x00AE
[1226] [M]: 0x0000000080001314 (0x00AE9E93) slli t4, t4, 0xa
x29 <- 0xFDFF0080FFFA0000

mem[X,0x0000000080001318] -> 0x8E93
mem[X,0x000000008000131A] -> 0x008E
[1227] [M]: 0x0000000080001318 (0x008E8E93) addi t4, t4, 0x8
x29 <- 0xFDFF0080FFFA0008

mem[X,0x000000008000131C] -> 0x5FBB
mem[X,0x000000008000131E] -> 0xA7DF
[1228] [M]: 0x000000008000131C (0xA7DF5FBB) pm4addu.h t6, t5, t4
x31 <- 0x00000001BA876A07

mem[X,0x0000000080001320] -> 0x3C23
mem[X,0x0000000080001322] -> 0x0FF1
[1229] [M]: 0x0000000080001320 (0x0FF13C23) sd t6, 0xf8(sp)
mem[0x0000000080004300] <- 0x00000001BA876A07

mem[X,0x0000000080001324] -> 0x0F37
mem[X,0x0000000080001326] -> 0x0001
[1230] [M]: 0x0000000080001324 (0x00010F37) lui t5, 0x10
x30 <- 0x0000000000010000

mem[X,0x0000000080001328] -> 0x0F13
mem[X,0x000000008000132A] -> 0x007F
[1231] [M]: 0x0000000080001328 (0x007F0F13) addi t5, t5, 0x7
x30 <- 0x0000000000010007

mem[X,0x000000008000132C] -> 0x1F13
mem[X,0x000000008000132E] -> 0x00BF
[1232] [M]: 0x000000008000132C (0x00BF1F13) slli t5, t5, 0xb
x30 <- 0x0000000008003800

mem[X,0x0000000080001330] -> 0x0F13
mem[X,0x0000000080001332] -> 0x555F
[1233] [M]: 0x0000000080001330 (0x555F0F13) addi t5, t5, 0x555
x30 <- 0x0000000008003D55

mem[X,0x0000000080001334] -> 0x1F13
mem[X,0x0000000080001336] -> 0x00BF
[1234] [M]: 0x0000000080001334 (0x00BF1F13) slli t5, t5, 0xb
x30 <- 0x0000004001EAA800

mem[X,0x0000000080001338] -> 0x0F13
mem[X,0x000000008000133A] -> 0x280F
[1235] [M]: 0x0000000080001338 (0x280F0F13) addi t5, t5, 0x280
x30 <- 0x0000004001EAAA80

mem[X,0x000000008000133C] -> 0x1F13
mem[X,0x000000008000133E] -> 0x00AF
[1236] [M]: 0x000000008000133C (0x00AF1F13) slli t5, t5, 0xa
x30 <- 0x00010007AAAA0000

mem[X,0x0000000080001340] -> 0x0F13
mem[X,0x0000000080001342] -> 0x005F
[1237] [M]: 0x0000000080001340 (0x005F0F13) addi t5, t5, 0x5
x30 <- 0x00010007AAAA0005

mem[X,0x0000000080001344] -> 0x0EB7
mem[X,0x0000000080001346] -> 0xFFFA
[1238] [M]: 0x0000000080001344 (0xFFFA0EB7) lui t4, -0x60
x29 <- 0xFFFFFFFFFFFA0000

mem[X,0x0000000080001348] -> 0x8E93
mem[X,0x000000008000134A] -> 0x200E
[1239] [M]: 0x0000000080001348 (0x200E8E93) addi t4, t4, 0x200
x29 <- 0xFFFFFFFFFFFA0200

mem[X,0x000000008000134C] -> 0x9E93
mem[X,0x000000008000134E] -> 0x00BE
[1240] [M]: 0x000000008000134C (0x00BE9E93) slli t4, t4, 0xb
x29 <- 0xFFFFFFFFD0100000

mem[X,0x0000000080001350] -> 0x8E93
mem[X,0x0000000080001352] -> 0x7BFE
[1241] [M]: 0x0000000080001350 (0x7BFE8E93) addi t4, t4, 0x7bf
x29 <- 0xFFFFFFFFD01007BF

mem[X,0x0000000080001354] -> 0x9E93
mem[X,0x0000000080001356] -> 0x00BE
[1242] [M]: 0x0000000080001354 (0x00BE9E93) slli t4, t4, 0xb
x29 <- 0xFFFFFE80803DF800

mem[X,0x0000000080001358] -> 0x8E93
mem[X,0x000000008000135A] -> 0x7C0E
[1243] [M]: 0x0000000080001358 (0x7C0E8E93) addi t4, t4, 0x7c0
x29 <- 0xFFFFFE80803DFFC0

mem[X,0x000000008000135C] -> 0x9E93
mem[X,0x000000008000135E] -> 0x00AE
[1244] [M]: 0x000000008000135C (0x00AE9E93) slli t4, t4, 0xa
x29 <- 0xFFFA0200F7FF0000

mem[X,0x0000000080001360] -> 0x8E93
mem[X,0x0000000080001362] -> 0x020E
[1245] [M]: 0x0000000080001360 (0x020E8E93) addi t4, t4, 0x20
x29 <- 0xFFFA0200F7FF0020

mem[X,0x0000000080001364] -> 0x5FBB
mem[X,0x0000000080001366] -> 0xA7DF
[1246] [M]: 0x0000000080001364 (0xA7DF5FBB) pm4addu.h t6, t5, t4
x31 <- 0x00000000A55513F0

mem[X,0x0000000080001368] -> 0x3023
mem[X,0x000000008000136A] -> 0x11F1
[1247] [M]: 0x0000000080001368 (0x11F13023) sd t6, 0x100(sp)
mem[0x0000000080004308] <- 0x00000000A55513F0

mem[X,0x000000008000136C] -> 0x8F37
mem[X,0x000000008000136E] -> 0xFFF8
[1248] [M]: 0x000000008000136C (0xFFF88F37) lui t5, -0x78
x30 <- 0xFFFFFFFFFFF88000

mem[X,0x0000000080001370] -> 0x0F13
mem[X,0x0000000080001372] -> 0x000F
[1249] [M]: 0x0000000080001370 (0x000F0F13) addi t5, t5, 0x0
x30 <- 0xFFFFFFFFFFF88000

mem[X,0x0000000080001374] -> 0x1F13
mem[X,0x0000000080001376] -> 0x00BF
[1250] [M]: 0x0000000080001374 (0x00BF1F13) slli t5, t5, 0xb
x30 <- 0xFFFFFFFFC4000000

mem[X,0x0000000080001378] -> 0x0F13
mem[X,0x000000008000137A] -> 0x5FFF
[1251] [M]: 0x0000000080001378 (0x5FFF0F13) addi t5, t5, 0x5ff
x30 <- 0xFFFFFFFFC40005FF

mem[X,0x000000008000137C] -> 0x1F13
mem[X,0x000000008000137E] -> 0x00BF
[1252] [M]: 0x000000008000137C (0x00BF1F13) slli t5, t5, 0xb
x30 <- 0xFFFFFE20002FF800

mem[X,0x0000000080001380] -> 0x0F13
mem[X,0x0000000080001382] -> 0x7C0F
[1253] [M]: 0x0000000080001380 (0x7C0F0F13) addi t5, t5, 0x7c0
x30 <- 0xFFFFFE20002FFFC0

mem[X,0x0000000080001384] -> 0x1F13
mem[X,0x0000000080001386] -> 0x00AF
[1254] [M]: 0x0000000080001384 (0x00AF1F13) slli t5, t5, 0xa
x30 <- 0xFFF88000BFFF0000

mem[X,0x0000000080001388] -> 0x0F13
mem[X,0x000000008000138A] -> 0x009F
[1255] [M]: 0x0000000080001388 (0x009F0F13) addi t5, t5, 0x9
x30 <- 0xFFF88000BFFF0009

mem[X,0x000000008000138C] -> 0x0EB7
mem[X,0x000000008000138E] -> 0x0011
[1256] [M]: 0x000000008000138C (0x00110EB7) lui t4, 0x110
x29 <- 0x0000000000110000

mem[X,0x0000000080001390] -> 0x8E93
mem[X,0x0000000080001392] -> 0xFBFE
[1257] [M]: 0x0000000080001390 (0xFBFE8E93) addi t4, t4, -0x41
x29 <- 0x000000000010FFBF

mem[X,0x0000000080001394] -> 0x9E93
mem[X,0x0000000080001396] -> 0x00BE
[1258] [M]: 0x0000000080001394 (0x00BE9E93) slli t4, t4, 0xb
x29 <- 0x0000000087FDF800

mem[X,0x0000000080001398] -> 0x8E93
mem[X,0x000000008000139A] -> 0x7FFE
[1259] [M]: 0x0000000080001398 (0x7FFE8E93) addi t4, t4, 0x7ff
x29 <- 0x0000000087FDFFFF

mem[X,0x000000008000139C] -> 0x9E93
mem[X,0x000000008000139E] -> 0x00BE
[1260] [M]: 0x000000008000139C (0x00BE9E93) slli t4, t4, 0xb
x29 <- 0x0000043FEFFFF800

mem[X,0x00000000800013A0] -> 0x8E93
mem[X,0x00000000800013A2] -> 0x3C2E
[1261] [M]: 0x00000000800013A0 (0x3C2E8E93) addi t4, t4, 0x3c2
x29 <- 0x0000043FEFFFFBC2

mem[X,0x00000000800013A4] -> 0x9E93
mem[X,0x00000000800013A6] -> 0x00AE
[1262] [M]: 0x00000000800013A4 (0x00AE9E93) slli t4, t4, 0xa
x29 <- 0x0010FFBFFFEF0800

mem[X,0x00000000800013A8] -> 0x5FBB
mem[X,0x00000000800013AA] -> 0xA7DF
[1263] [M]: 0x00000000800013A8 (0xA7DF5FBB) pm4addu.h t6, t5, t4
x31 <- 0x000000013FE20791

mem[X,0x00000000800013AC] -> 0x3423
mem[X,0x00000000800013AE] -> 0x11F1
[1264] [M]: 0x00000000800013AC (0x11F13423) sd t6, 0x108(sp)
mem[0x0000000080004310] <- 0x000000013FE20791

mem[X,0x00000000800013B0] -> 0x0F37
mem[X,0x00000000800013B2] -> 0xFF00
[1265] [M]: 0x00000000800013B0 (0xFF000F37) lui t5, -0x1000
x30 <- 0xFFFFFFFFFF000000

mem[X,0x00000000800013B4] -> 0x0F13
mem[X,0x00000000800013B6] -> 0xFFAF
[1266] [M]: 0x00000000800013B4 (0xFFAF0F13) addi t5, t5, -0x6
x30 <- 0xFFFFFFFFFEFFFFFA

mem[X,0x00000000800013B8] -> 0x1F13
mem[X,0x00000000800013BA] -> 0x00BF
[1267] [M]: 0x00000000800013B8 (0x00BF1F13) slli t5, t5, 0xb
x30 <- 0xFFFFFFF7FFFFD000

mem[X,0x00000000800013BC] -> 0x0F13
mem[X,0x00000000800013BE] -> 0x555F
[1268] [M]: 0x00000000800013BC (0x555F0F13) addi t5, t5, 0x555
x30 <- 0xFFFFFFF7FFFFD555

mem[X,0x00000000800013C0] -> 0x1F13
mem[X,0x00000000800013C2] -> 0x00BF
[1269] [M]: 0x00000000800013C0 (0x00BF1F13) slli t5, t5, 0xb
x30 <- 0xFFFFBFFFFEAAA800

mem[X,0x00000000800013C4] -> 0x0F13
mem[X,0x00000000800013C6] -> 0x280F
[1270] [M]: 0x00000000800013C4 (0x280F0F13) addi t5, t5, 0x280
x30 <- 0xFFFFBFFFFEAAAA80

mem[X,0x00000000800013C8] -> 0x1F13
mem[X,0x00000000800013CA] -> 0x00AF
[1271] [M]: 0x00000000800013C8 (0x00AF1F13) slli t5, t5, 0xa
x30 <- 0xFEFFFFFAAAAA0000

mem[X,0x00000000800013CC] -> 0x0F13
mem[X,0x00000000800013CE] -> 0x007F
[1272] [M]: 0x00000000800013CC (0x007F0F13) addi t5, t5, 0x7
x30 <- 0xFEFFFFFAAAAA0007

mem[X,0x00000000800013D0] -> 0x0EB7
mem[X,0x00000000800013D2] -> 0x0201
[1273] [M]: 0x00000000800013D0 (0x02010EB7) lui t4, 0x2010
x29 <- 0x0000000002010000

mem[X,0x00000000800013D4] -> 0x8E93
mem[X,0x00000000800013D6] -> 0xFFDE
[1274] [M]: 0x00000000800013D4 (0xFFDE8E93) addi t4, t4, -0x3
x29 <- 0x000000000200FFFD

mem[X,0x00000000800013D8] -> 0x9E93
mem[X,0x00000000800013DA] -> 0x00BE
[1275] [M]: 0x00000000800013D8 (0x00BE9E93) slli t4, t4, 0xb
x29 <- 0x0000001007FFE800

mem[X,0x00000000800013DC] -> 0x8E93
mem[X,0x00000000800013DE] -> 0x7FFE
[1276] [M]: 0x00000000800013DC (0x7FFE8E93) addi t4, t4, 0x7ff
x29 <- 0x0000001007FFEFFF

mem[X,0x00000000800013E0] -> 0x9E93
mem[X,0x00000000800013E2] -> 0x00BE
[1277] [M]: 0x00000000800013E0 (0x00BE9E93) slli t4, t4, 0xb
x29 <- 0x0000803FFF7FF800

mem[X,0x00000000800013E4] -> 0x8E93
mem[X,0x00000000800013E6] -> 0x604E
[1278] [M]: 0x00000000800013E4 (0x604E8E93) addi t4, t4, 0x604
x29 <- 0x0000803FFF7FFE04

mem[X,0x00000000800013E8] -> 0x9E93
mem[X,0x00000000800013EA] -> 0x00AE
[1279] [M]: 0x00000000800013E8 (0x00AE9E93) slli t4, t4, 0xa
x29 <- 0x0200FFFDFFF81000

mem[X,0x00000000800013EC] -> 0x5FBB
mem[X,0x00000000800013EE] -> 0xA7DF
[1280] [M]: 0x00000000800013EC (0xA7DF5FBB) pm4addu.h t6, t5, t4
x31 <- 0x00000001AC9A18C2

mem[X,0x00000000800013F0] -> 0x3823
mem[X,0x00000000800013F2] -> 0x11F1
[1281] [M]: 0x00000000800013F0 (0x11F13823) sd t6, 0x110(sp)
mem[0x0000000080004318] <- 0x00000001AC9A18C2

mem[X,0x00000000800013F4] -> 0x0F37
mem[X,0x00000000800013F6] -> 0x0002
[1282] [M]: 0x00000000800013F4 (0x00020F37) lui t5, 0x20
x30 <- 0x0000000000020000

mem[X,0x00000000800013F8] -> 0x0F13
mem[X,0x00000000800013FA] -> 0xFFAF
[1283] [M]: 0x00000000800013F8 (0xFFAF0F13) addi t5, t5, -0x6
x30 <- 0x000000000001FFFA

mem[X,0x00000000800013FC] -> 0x1F13
mem[X,0x00000000800013FE] -> 0x00BF
[1284] [M]: 0x00000000800013FC (0x00BF1F13) slli t5, t5, 0xb
x30 <- 0x000000000FFFD000

mem[X,0x0000000080001400] -> 0x0F13
mem[X,0x0000000080001402] -> 0x000F
[1285] [M]: 0x0000000080001400 (0x000F0F13) addi t5, t5, 0x0
x30 <- 0x000000000FFFD000

mem[X,0x0000000080001404] -> 0x1F13
mem[X,0x0000000080001406] -> 0x00BF
[1286] [M]: 0x0000000080001404 (0x00BF1F13) slli t5, t5, 0xb
x30 <- 0x0000007FFE800000

mem[X,0x0000000080001408] -> 0x0F13
mem[X,0x000000008000140A] -> 0x0C2F
[1287] [M]: 0x0000000080001408 (0x0C2F0F13) addi t5, t5, 0xc2
x30 <- 0x0000007FFE8000C2

mem[X,0x000000008000140C] -> 0x1F13
mem[X,0x000000008000140E] -> 0x00AF
[1288] [M]: 0x000000008000140C (0x00AF1F13) slli t5, t5, 0xa
x30 <- 0x0001FFFA00030800

mem[X,0x0000000080001410] -> 0x0EB7
mem[X,0x0000000080001412] -> 0xFE00
[1289] [M]: 0x0000000080001410 (0xFE000EB7) lui t4, -0x2000
x29 <- 0xFFFFFFFFFE000000

mem[X,0x0000000080001414] -> 0x8E93
mem[X,0x0000000080001416] -> 0xFFAE
[1290] [M]: 0x0000000080001414 (0xFFAE8E93) addi t4, t4, -0x6
x29 <- 0xFFFFFFFFFDFFFFFA

mem[X,0x0000000080001418] -> 0x9E93
mem[X,0x000000008000141A] -> 0x00BE
[1291] [M]: 0x0000000080001418 (0x00BE9E93) slli t4, t4, 0xb
x29 <- 0xFFFFFFEFFFFFD000

mem[X,0x000000008000141C] -> 0x8E93
mem[X,0x000000008000141E] -> 0x020E
[1292] [M]: 0x000000008000141C (0x020E8E93) addi t4, t4, 0x20
x29 <- 0xFFFFFFEFFFFFD020

mem[X,0x0000000080001420] -> 0x9E93
mem[X,0x0000000080001422] -> 0x00BE
[1293] [M]: 0x0000000080001420 (0x00BE9E93) slli t4, t4, 0xb
x29 <- 0xFFFF7FFFFE810000

mem[X,0x0000000080001424] -> 0x8E93
mem[X,0x0000000080001426] -> 0x03FE
[1294] [M]: 0x0000000080001424 (0x03FE8E93) addi t4, t4, 0x3f
x29 <- 0xFFFF7FFFFE81003F

mem[X,0x0000000080001428] -> 0x9E93
mem[X,0x000000008000142A] -> 0x00AE
[1295] [M]: 0x0000000080001428 (0x00AE9E93) slli t4, t4, 0xa
x29 <- 0xFDFFFFFA0400FC00

mem[X,0x000000008000142C] -> 0x8E93
mem[X,0x000000008000142E] -> 0x3FDE
[1296] [M]: 0x000000008000142C (0x3FDE8E93) addi t4, t4, 0x3fd
x29 <- 0xFDFFFFFA0400FFFD

mem[X,0x0000000080001430] -> 0x5FBB
mem[X,0x0000000080001432] -> 0xA7DF
[1297] [M]: 0x0000000080001430 (0xA7DF5FBB) pm4addu.h t6, t5, t4
x31 <- 0x0000000107F4F223

mem[X,0x0000000080001434] -> 0x3C23
mem[X,0x0000000080001436] -> 0x11F1
[1298] [M]: 0x0000000080001434 (0x11F13C23) sd t6, 0x118(sp)
mem[0x0000000080004320] <- 0x0000000107F4F223

mem[X,0x0000000080001438] -> 0x0F37
mem[X,0x000000008000143A] -> 0xE000
[1299] [M]: 0x0000000080001438 (0xE0000F37) lui t5, -0x20000
x30 <- 0xFFFFFFFFE0000000

clint::tick mtime <- 0x000000000000000D
 clint timer pending at mtime 0x000000000000000D
htif::tick 0x0000000000000000
mem[X,0x000000008000143C] -> 0x0F13
mem[X,0x000000008000143E] -> 0xBFFF
[1300] [M]: 0x000000008000143C (0xBFFF0F13) addi t5, t5, -0x401
x30 <- 0xFFFFFFFFDFFFFBFF

mem[X,0x0000000080001440] -> 0x1F13
mem[X,0x0000000080001442] -> 0x00BF
[1301] [M]: 0x0000000080001440 (0x00BF1F13) slli t5, t5, 0xb
x30 <- 0xFFFFFEFFFFDFF800

mem[X,0x0000000080001444] -> 0x0F13
mem[X,0x0000000080001446] -> 0x400F
[1302] [M]: 0x0000000080001444 (0x400F0F13) addi t5, t5, 0x400
x30 <- 0xFFFFFEFFFFDFFC00

mem[X,0x0000000080001448] -> 0x1F13
mem[X,0x000000008000144A] -> 0x00BF
[1303] [M]: 0x0000000080001448 (0x00BF1F13) slli t5, t5, 0xb
x30 <- 0xFFF7FFFEFFE00000

mem[X,0x000000008000144C] -> 0x0F13
mem[X,0x000000008000144E] -> 0x000F
[1304] [M]: 0x000000008000144C (0x000F0F13) addi t5, t5, 0x0
x30 <- 0xFFF7FFFEFFE00000

mem[X,0x0000000080001450] -> 0x1F13
mem[X,0x0000000080001452] -> 0x00AF
[1305] [M]: 0x0000000080001450 (0x00AF1F13) slli t5, t5, 0xa
x30 <- 0xDFFFFBFF80000000

mem[X,0x0000000080001454] -> 0x0F13
mem[X,0x0000000080001456] -> 0x040F
[1306] [M]: 0x0000000080001454 (0x040F0F13) addi t5, t5, 0x40
x30 <- 0xDFFFFBFF80000040

mem[X,0x0000000080001458] -> 0x0EB7
mem[X,0x000000008000145A] -> 0x2000
[1307] [M]: 0x0000000080001458 (0x20000EB7) lui t4, 0x20000
x29 <- 0x0000000020000000

mem[X,0x000000008000145C] -> 0x8E93
mem[X,0x000000008000145E] -> 0x400E
[1308] [M]: 0x000000008000145C (0x400E8E93) addi t4, t4, 0x400
x29 <- 0x0000000020000400

mem[X,0x0000000080001460] -> 0x9E93
mem[X,0x0000000080001462] -> 0x00BE
[1309] [M]: 0x0000000080001460 (0x00BE9E93) slli t4, t4, 0xb
x29 <- 0x0000010000200000

mem[X,0x0000000080001464] -> 0x8E93
mem[X,0x0000000080001466] -> 0x000E
[1310] [M]: 0x0000000080001464 (0x000E8E93) addi t4, t4, 0x0
x29 <- 0x0000010000200000

mem[X,0x0000000080001468] -> 0x9E93
mem[X,0x000000008000146A] -> 0x00BE
[1311] [M]: 0x0000000080001468 (0x00BE9E93) slli t4, t4, 0xb
x29 <- 0x0008000100000000

mem[X,0x000000008000146C] -> 0x8E93
mem[X,0x000000008000146E] -> 0x43FE
[1312] [M]: 0x000000008000146C (0x43FE8E93) addi t4, t4, 0x43f
x29 <- 0x000800010000043F

mem[X,0x0000000080001470] -> 0x9E93
mem[X,0x0000000080001472] -> 0x00AE
[1313] [M]: 0x0000000080001470 (0x00AE9E93) slli t4, t4, 0xa
x29 <- 0x200004000010FC00

mem[X,0x0000000080001474] -> 0x8E93
mem[X,0x0000000080001476] -> 0x37FE
[1314] [M]: 0x0000000080001474 (0x37FE8E93) addi t4, t4, 0x37f
x29 <- 0x200004000010FF7F

mem[X,0x0000000080001478] -> 0x5FBB
mem[X,0x000000008000147A] -> 0xA7DF
[1315] [M]: 0x0000000080001478 (0xA7DF5FBB) pm4addu.h t6, t5, t4
x31 <- 0x000000002037BBC0

mem[X,0x000000008000147C] -> 0x3023
mem[X,0x000000008000147E] -> 0x13F1
[1316] [M]: 0x000000008000147C (0x13F13023) sd t6, 0x120(sp)
mem[0x0000000080004328] <- 0x000000002037BBC0

mem[X,0x0000000080001480] -> 0x0F37
mem[X,0x0000000080001482] -> 0xFC00
[1317] [M]: 0x0000000080001480 (0xFC000F37) lui t5, -0x4000
x30 <- 0xFFFFFFFFFC000000

mem[X,0x0000000080001484] -> 0x0F13
mem[X,0x0000000080001486] -> 0xFEFF
[1318] [M]: 0x0000000080001484 (0xFEFF0F13) addi t5, t5, -0x11
x30 <- 0xFFFFFFFFFBFFFFEF

mem[X,0x0000000080001488] -> 0x1F13
mem[X,0x000000008000148A] -> 0x00BF
[1319] [M]: 0x0000000080001488 (0x00BF1F13) slli t5, t5, 0xb
x30 <- 0xFFFFFFDFFFFF7800

mem[X,0x000000008000148C] -> 0x0F13
mem[X,0x000000008000148E] -> 0x000F
[1320] [M]: 0x000000008000148C (0x000F0F13) addi t5, t5, 0x0
x30 <- 0xFFFFFFDFFFFF7800

mem[X,0x0000000080001490] -> 0x1F13
mem[X,0x0000000080001492] -> 0x00BF
[1321] [M]: 0x0000000080001490 (0x00BF1F13) slli t5, t5, 0xb
x30 <- 0xFFFEFFFFFBC00000

mem[X,0x0000000080001494] -> 0x0F13
mem[X,0x0000000080001496] -> 0x082F
[1322] [M]: 0x0000000080001494 (0x082F0F13) addi t5, t5, 0x82
x30 <- 0xFFFEFFFFFBC00082

mem[X,0x0000000080001498] -> 0x1F13
mem[X,0x000000008000149A] -> 0x00AF
[1323] [M]: 0x0000000080001498 (0x00AF1F13) slli t5, t5, 0xa
x30 <- 0xFBFFFFEF00020800

mem[X,0x000000008000149C] -> 0x0EB7
mem[X,0x000000008000149E] -> 0xFF00
[1324] [M]: 0x000000008000149C (0xFF000EB7) lui t4, -0x1000
x29 <- 0xFFFFFFFFFF000000

mem[X,0x00000000800014A0] -> 0x8E93
mem[X,0x00000000800014A2] -> 0xFFBE
[1325] [M]: 0x00000000800014A0 (0xFFBE8E93) addi t4, t4, -0x5
x29 <- 0xFFFFFFFFFEFFFFFB

mem[X,0x00000000800014A4] -> 0x9E93
mem[X,0x00000000800014A6] -> 0x00BE
[1326] [M]: 0x00000000800014A4 (0x00BE9E93) slli t4, t4, 0xb
x29 <- 0xFFFFFFF7FFFFD800

mem[X,0x00000000800014A8] -> 0x8E93
mem[X,0x00000000800014AA] -> 0x600E
[1327] [M]: 0x00000000800014A8 (0x600E8E93) addi t4, t4, 0x600
x29 <- 0xFFFFFFF7FFFFDE00

mem[X,0x00000000800014AC] -> 0x9E93
mem[X,0x00000000800014AE] -> 0x00BE
[1328] [M]: 0x00000000800014AC (0x00BE9E93) slli t4, t4, 0xb
x29 <- 0xFFFFBFFFFEF00000

mem[X,0x00000000800014B0] -> 0x8E93
mem[X,0x00000000800014B2] -> 0x03FE
[1329] [M]: 0x00000000800014B0 (0x03FE8E93) addi t4, t4, 0x3f
x29 <- 0xFFFFBFFFFEF0003F

mem[X,0x00000000800014B4] -> 0x9E93
mem[X,0x00000000800014B6] -> 0x00AE
[1330] [M]: 0x00000000800014B4 (0x00AE9E93) slli t4, t4, 0xa
x29 <- 0xFEFFFFFBC000FC00

mem[X,0x00000000800014B8] -> 0x8E93
mem[X,0x00000000800014BA] -> 0x1FFE
[1331] [M]: 0x00000000800014B8 (0x1FFE8E93) addi t4, t4, 0x1ff
x29 <- 0xFEFFFFFBC000FDFF

mem[X,0x00000000800014BC] -> 0x5FBB
mem[X,0x00000000800014BE] -> 0xA7DF
[1332] [M]: 0x00000000800014BC (0xA7DF5FBB) pm4addu.h t6, t5, t4
x31 <- 0x0000000202DD7D56

mem[X,0x00000000800014C0] -> 0x3423
mem[X,0x00000000800014C2] -> 0x13F1
[1333] [M]: 0x00000000800014C0 (0x13F13423) sd t6, 0x128(sp)
mem[0x0000000080004330] <- 0x0000000202DD7D56

mem[X,0x00000000800014C4] -> 0x1F37
mem[X,0x00000000800014C6] -> 0x3FFF
[1334] [M]: 0x00000000800014C4 (0x3FFF1F37) lui t5, 0x3fff1
x30 <- 0x000000003FFF1000

mem[X,0x00000000800014C8] -> 0x0F13
mem[X,0x00000000800014CA] -> 0x000F
[1335] [M]: 0x00000000800014C8 (0x000F0F13) addi t5, t5, 0x0
x30 <- 0x000000003FFF1000

mem[X,0x00000000800014CC] -> 0x1F13
mem[X,0x00000000800014CE] -> 0x00BF
[1336] [M]: 0x00000000800014CC (0x00BF1F13) slli t5, t5, 0xb
x30 <- 0x000001FFF8800000

mem[X,0x00000000800014D0] -> 0x0F13
mem[X,0x00000000800014D2] -> 0x001F
[1337] [M]: 0x00000000800014D0 (0x001F0F13) addi t5, t5, 0x1
x30 <- 0x000001FFF8800001

mem[X,0x00000000800014D4] -> 0x1F13
mem[X,0x00000000800014D6] -> 0x00BF
[1338] [M]: 0x00000000800014D4 (0x00BF1F13) slli t5, t5, 0xb
x30 <- 0x000FFFC400000800

mem[X,0x00000000800014D8] -> 0x0F13
mem[X,0x00000000800014DA] -> 0x000F
[1339] [M]: 0x00000000800014D8 (0x000F0F13) addi t5, t5, 0x0
x30 <- 0x000FFFC400000800

mem[X,0x00000000800014DC] -> 0x1F13
mem[X,0x00000000800014DE] -> 0x00AF
[1340] [M]: 0x00000000800014DC (0x00AF1F13) slli t5, t5, 0xa
x30 <- 0x3FFF100000200000

mem[X,0x00000000800014E0] -> 0x0F13
mem[X,0x00000000800014E2] -> 0x008F
[1341] [M]: 0x00000000800014E0 (0x008F0F13) addi t5, t5, 0x8
x30 <- 0x3FFF100000200008

mem[X,0x00000000800014E4] -> 0xCEB7
mem[X,0x00000000800014E6] -> 0xFFFE
[1342] [M]: 0x00000000800014E4 (0xFFFECEB7) lui t4, -0x14
x29 <- 0xFFFFFFFFFFFEC000

mem[X,0x00000000800014E8] -> 0x8E93
mem[X,0x00000000800014EA] -> 0x000E
[1343] [M]: 0x00000000800014E8 (0x000E8E93) addi t4, t4, 0x0
x29 <- 0xFFFFFFFFFFFEC000

mem[X,0x00000000800014EC] -> 0x9E93
mem[X,0x00000000800014EE] -> 0x00BE
[1344] [M]: 0x00000000800014EC (0x00BE9E93) slli t4, t4, 0xb
x29 <- 0xFFFFFFFFF6000000

mem[X,0x00000000800014F0] -> 0x8E93
mem[X,0x00000000800014F2] -> 0x1FFE
[1345] [M]: 0x00000000800014F0 (0x1FFE8E93) addi t4, t4, 0x1ff
x29 <- 0xFFFFFFFFF60001FF

mem[X,0x00000000800014F4] -> 0x9E93
mem[X,0x00000000800014F6] -> 0x00BE
[1346] [M]: 0x00000000800014F4 (0x00BE9E93) slli t4, t4, 0xb
x29 <- 0xFFFFFFB0000FF800

mem[X,0x00000000800014F8] -> 0x8E93
mem[X,0x00000000800014FA] -> 0x7EFE
[1347] [M]: 0x00000000800014F8 (0x7EFE8E93) addi t4, t4, 0x7ef
x29 <- 0xFFFFFFB0000FFFEF

mem[X,0x00000000800014FC] -> 0x9E93
mem[X,0x00000000800014FE] -> 0x00AE
[1348] [M]: 0x00000000800014FC (0x00AE9E93) slli t4, t4, 0xa
x29 <- 0xFFFEC0003FFFBC00

mem[X,0x0000000080001500] -> 0x8E93
mem[X,0x0000000080001502] -> 0x3FFE
[1349] [M]: 0x0000000080001500 (0x3FFE8E93) addi t4, t4, 0x3ff
x29 <- 0xFFFEC0003FFFBFFF

mem[X,0x0000000080001504] -> 0x5FBB
mem[X,0x0000000080001506] -> 0xA7DF
[1350] [M]: 0x0000000080001504 (0xA7DF5FBB) pm4addu.h t6, t5, t4
x31 <- 0x000000004C0C7FDA

mem[X,0x0000000080001508] -> 0x3823
mem[X,0x000000008000150A] -> 0x13F1
[1351] [M]: 0x0000000080001508 (0x13F13823) sd t6, 0x130(sp)
mem[0x0000000080004338] <- 0x000000004C0C7FDA

mem[X,0x000000008000150C] -> 0x0F37
mem[X,0x000000008000150E] -> 0xFFF6
[1352] [M]: 0x000000008000150C (0xFFF60F37) lui t5, -0xa0
x30 <- 0xFFFFFFFFFFF60000

mem[X,0x0000000080001510] -> 0x0F13
mem[X,0x0000000080001512] -> 0x080F
[1353] [M]: 0x0000000080001510 (0x080F0F13) addi t5, t5, 0x80
x30 <- 0xFFFFFFFFFFF60080

mem[X,0x0000000080001514] -> 0x1F13
mem[X,0x0000000080001516] -> 0x00BF
[1354] [M]: 0x0000000080001514 (0x00BF1F13) slli t5, t5, 0xb
x30 <- 0xFFFFFFFFB0040000

mem[X,0x0000000080001518] -> 0x0F13
mem[X,0x000000008000151A] -> 0x100F
[1355] [M]: 0x0000000080001518 (0x100F0F13) addi t5, t5, 0x100
x30 <- 0xFFFFFFFFB0040100

mem[X,0x000000008000151C] -> 0x1F13
mem[X,0x000000008000151E] -> 0x00BF
[1356] [M]: 0x000000008000151C (0x00BF1F13) slli t5, t5, 0xb
x30 <- 0xFFFFFD8020080000

mem[X,0x0000000080001520] -> 0x0F13
mem[X,0x0000000080001522] -> 0x03FF
[1357] [M]: 0x0000000080001520 (0x03FF0F13) addi t5, t5, 0x3f
x30 <- 0xFFFFFD802008003F

mem[X,0x0000000080001524] -> 0x1F13
mem[X,0x0000000080001526] -> 0x00AF
[1358] [M]: 0x0000000080001524 (0x00AF1F13) slli t5, t5, 0xa
x30 <- 0xFFF600802000FC00

mem[X,0x0000000080001528] -> 0x0F13
mem[X,0x000000008000152A] -> 0x37FF
[1359] [M]: 0x0000000080001528 (0x37FF0F13) addi t5, t5, 0x37f
x30 <- 0xFFF600802000FF7F

mem[X,0x000000008000152C] -> 0x0EB7
mem[X,0x000000008000152E] -> 0xFF00
[1360] [M]: 0x000000008000152C (0xFF000EB7) lui t4, -0x1000
x29 <- 0xFFFFFFFFFF000000

mem[X,0x0000000080001530] -> 0x8E93
mem[X,0x0000000080001532] -> 0xFF7E
[1361] [M]: 0x0000000080001530 (0xFF7E8E93) addi t4, t4, -0x9
x29 <- 0xFFFFFFFFFEFFFFF7

mem[X,0x0000000080001534] -> 0x9E93
mem[X,0x0000000080001536] -> 0x00BE
[1362] [M]: 0x0000000080001534 (0x00BE9E93) slli t4, t4, 0xb
x29 <- 0xFFFFFFF7FFFFB800

mem[X,0x0000000080001538] -> 0x8E93
mem[X,0x000000008000153A] -> 0x008E
[1363] [M]: 0x0000000080001538 (0x008E8E93) addi t4, t4, 0x8
x29 <- 0xFFFFFFF7FFFFB808

mem[X,0x000000008000153C] -> 0x9E93
mem[X,0x000000008000153E] -> 0x00BE
[1364] [M]: 0x000000008000153C (0x00BE9E93) slli t4, t4, 0xb
x29 <- 0xFFFFBFFFFDC04000

mem[X,0x0000000080001540] -> 0x8E93
mem[X,0x0000000080001542] -> 0x000E
[1365] [M]: 0x0000000080001540 (0x000E8E93) addi t4, t4, 0x0
x29 <- 0xFFFFBFFFFDC04000

mem[X,0x0000000080001544] -> 0x9E93
mem[X,0x0000000080001546] -> 0x00AE
[1366] [M]: 0x0000000080001544 (0x00AE9E93) slli t4, t4, 0xa
x29 <- 0xFEFFFFF701000000

mem[X,0x0000000080001548] -> 0x8E93
mem[X,0x000000008000154A] -> 0x006E
[1367] [M]: 0x0000000080001548 (0x006E8E93) addi t4, t4, 0x6
x29 <- 0xFEFFFFF701000006

mem[X,0x000000008000154C] -> 0x5FBB
mem[X,0x000000008000154E] -> 0xA7DF
[1368] [M]: 0x000000008000154C (0xA7DF5FBB) pm4addu.h t6, t5, t4
x31 <- 0x00000000FF9B0284

mem[X,0x0000000080001550] -> 0x3C23
mem[X,0x0000000080001552] -> 0x13F1
[1369] [M]: 0x0000000080001550 (0x13F13C23) sd t6, 0x138(sp)
mem[0x0000000080004340] <- 0x00000000FF9B0284

mem[X,0x0000000080001554] -> 0xBF37
mem[X,0x0000000080001556] -> 0x0008
[1370] [M]: 0x0000000080001554 (0x0008BF37) lui t5, 0x8b
x30 <- 0x000000000008B000

mem[X,0x0000000080001558] -> 0x0F13
mem[X,0x000000008000155A] -> 0xAAAF
[1371] [M]: 0x0000000080001558 (0xAAAF0F13) addi t5, t5, -0x556
x30 <- 0x000000000008AAAA

mem[X,0x000000008000155C] -> 0x1F13
mem[X,0x000000008000155E] -> 0x00BF
[1372] [M]: 0x000000008000155C (0x00BF1F13) slli t5, t5, 0xb
x30 <- 0x0000000045555000

mem[X,0x0000000080001560] -> 0x0F13
mem[X,0x0000000080001562] -> 0x040F
[1373] [M]: 0x0000000080001560 (0x040F0F13) addi t5, t5, 0x40
x30 <- 0x0000000045555040

mem[X,0x0000000080001564] -> 0x1F13
mem[X,0x0000000080001566] -> 0x00BF
[1374] [M]: 0x0000000080001564 (0x00BF1F13) slli t5, t5, 0xb
x30 <- 0x0000022AAA820000

mem[X,0x0000000080001568] -> 0x0F13
mem[X,0x000000008000156A] -> 0x008F
[1375] [M]: 0x0000000080001568 (0x008F0F13) addi t5, t5, 0x8
x30 <- 0x0000022AAA820008

mem[X,0x000000008000156C] -> 0x1F13
mem[X,0x000000008000156E] -> 0x00AF
[1376] [M]: 0x000000008000156C (0x00AF1F13) slli t5, t5, 0xa
x30 <- 0x0008AAAA08002000

mem[X,0x0000000080001570] -> 0x0EB7
mem[X,0x0000000080001572] -> 0x0041
[1377] [M]: 0x0000000080001570 (0x00410EB7) lui t4, 0x410
x29 <- 0x0000000000410000

mem[X,0x0000000080001574] -> 0x8E93
mem[X,0x0000000080001576] -> 0xEFFE
[1378] [M]: 0x0000000080001574 (0xEFFE8E93) addi t4, t4, -0x101
x29 <- 0x000000000040FEFF

mem[X,0x0000000080001578] -> 0x9E93
mem[X,0x000000008000157A] -> 0x00BE
[1379] [M]: 0x0000000080001578 (0x00BE9E93) slli t4, t4, 0xb
x29 <- 0x0000000207F7F800

mem[X,0x000000008000157C] -> 0x8E93
mem[X,0x000000008000157E] -> 0x000E
[1380] [M]: 0x000000008000157C (0x000E8E93) addi t4, t4, 0x0
x29 <- 0x0000000207F7F800

mem[X,0x0000000080001580] -> 0x9E93
mem[X,0x0000000080001582] -> 0x00BE
[1381] [M]: 0x0000000080001580 (0x00BE9E93) slli t4, t4, 0xb
x29 <- 0x0000103FBFC00000

mem[X,0x0000000080001584] -> 0x8E93
mem[X,0x0000000080001586] -> 0x000E
[1382] [M]: 0x0000000080001584 (0x000E8E93) addi t4, t4, 0x0
x29 <- 0x0000103FBFC00000

mem[X,0x0000000080001588] -> 0x9E93
mem[X,0x000000008000158A] -> 0x00AE
[1383] [M]: 0x0000000080001588 (0x00AE9E93) slli t4, t4, 0xa
x29 <- 0x0040FEFF00000000

mem[X,0x000000008000158C] -> 0x8E93
mem[X,0x000000008000158E] -> 0x002E
[1384] [M]: 0x000000008000158C (0x002E8E93) addi t4, t4, 0x2
x29 <- 0x0040FEFF00000002

mem[X,0x0000000080001590] -> 0x5FBB
mem[X,0x0000000080001592] -> 0xA7DF
[1385] [M]: 0x0000000080001590 (0xA7DF5FBB) pm4addu.h t6, t5, t4
x31 <- 0x00000000A9FEED56

mem[X,0x0000000080001594] -> 0x3023
mem[X,0x0000000080001596] -> 0x15F1
[1386] [M]: 0x0000000080001594 (0x15F13023) sd t6, 0x140(sp)
mem[0x0000000080004348] <- 0x00000000A9FEED56

mem[X,0x0000000080001598] -> 0x0F37
mem[X,0x000000008000159A] -> 0x3FFF
[1387] [M]: 0x0000000080001598 (0x3FFF0F37) lui t5, 0x3fff0
x30 <- 0x000000003FFF0000

mem[X,0x000000008000159C] -> 0x0F13
mem[X,0x000000008000159E] -> 0x080F
[1388] [M]: 0x000000008000159C (0x080F0F13) addi t5, t5, 0x80
x30 <- 0x000000003FFF0080

mem[X,0x00000000800015A0] -> 0x1F13
mem[X,0x00000000800015A2] -> 0x00BF
[1389] [M]: 0x00000000800015A0 (0x00BF1F13) slli t5, t5, 0xb
x30 <- 0x000001FFF8040000

mem[X,0x00000000800015A4] -> 0x0F13
mem[X,0x00000000800015A6] -> 0x7FFF
[1390] [M]: 0x00000000800015A4 (0x7FFF0F13) addi t5, t5, 0x7ff
x30 <- 0x000001FFF80407FF

mem[X,0x00000000800015A8] -> 0x1F13
mem[X,0x00000000800015AA] -> 0x00BF
[1391] [M]: 0x00000000800015A8 (0x00BF1F13) slli t5, t5, 0xb
x30 <- 0x000FFFC0203FF800

mem[X,0x00000000800015AC] -> 0x0F13
mem[X,0x00000000800015AE] -> 0x7BFF
[1392] [M]: 0x00000000800015AC (0x7BFF0F13) addi t5, t5, 0x7bf
x30 <- 0x000FFFC0203FFFBF

mem[X,0x00000000800015B0] -> 0x1F13
mem[X,0x00000000800015B2] -> 0x00AF
[1393] [M]: 0x00000000800015B0 (0x00AF1F13) slli t5, t5, 0xa
x30 <- 0x3FFF0080FFFEFC00

mem[X,0x00000000800015B4] -> 0x0F13
mem[X,0x00000000800015B6] -> 0x3F9F
[1394] [M]: 0x00000000800015B4 (0x3F9F0F13) addi t5, t5, 0x3f9
x30 <- 0x3FFF0080FFFEFFF9

mem[X,0x00000000800015B8] -> 0x0EB7
mem[X,0x00000000800015BA] -> 0xDFFF
[1395] [M]: 0x00000000800015B8 (0xDFFF0EB7) lui t4, -0x20010
x29 <- 0xFFFFFFFFDFFF0000

mem[X,0x00000000800015BC] -> 0x8E93
mem[X,0x00000000800015BE] -> 0x004E
[1396] [M]: 0x00000000800015BC (0x004E8E93) addi t4, t4, 0x4
x29 <- 0xFFFFFFFFDFFF0004

mem[X,0x00000000800015C0] -> 0x9E93
mem[X,0x00000000800015C2] -> 0x00BE
[1397] [M]: 0x00000000800015C0 (0x00BE9E93) slli t4, t4, 0xb
x29 <- 0xFFFFFEFFF8002000

mem[X,0x00000000800015C4] -> 0x8E93
mem[X,0x00000000800015C6] -> 0x400E
[1398] [M]: 0x00000000800015C4 (0x400E8E93) addi t4, t4, 0x400
x29 <- 0xFFFFFEFFF8002400

mem[X,0x00000000800015C8] -> 0x9E93
mem[X,0x00000000800015CA] -> 0x00BE
[1399] [M]: 0x00000000800015C8 (0x00BE9E93) slli t4, t4, 0xb
x29 <- 0xFFF7FFC001200000

clint::tick mtime <- 0x000000000000000E
 clint timer pending at mtime 0x000000000000000E
htif::tick 0x0000000000000000
mem[X,0x00000000800015CC] -> 0x8E93
mem[X,0x00000000800015CE] -> 0x00FE
[1400] [M]: 0x00000000800015CC (0x00FE8E93) addi t4, t4, 0xf
x29 <- 0xFFF7FFC00120000F

mem[X,0x00000000800015D0] -> 0x9E93
mem[X,0x00000000800015D2] -> 0x00AE
[1401] [M]: 0x00000000800015D0 (0x00AE9E93) slli t4, t4, 0xa
x29 <- 0xDFFF000480003C00

mem[X,0x00000000800015D4] -> 0x8E93
mem[X,0x00000000800015D6] -> 0x3FFE
[1402] [M]: 0x00000000800015D4 (0x3FFE8E93) addi t4, t4, 0x3ff
x29 <- 0xDFFF000480003FFF

mem[X,0x00000000800015D8] -> 0x5FBB
mem[X,0x00000000800015DA] -> 0xA7DF
[1403] [M]: 0x00000000800015D8 (0xA7DF5FBB) pm4addu.h t6, t5, t4
x31 <- 0x00000000F7FB2208

mem[X,0x00000000800015DC] -> 0x3423
mem[X,0x00000000800015DE] -> 0x15F1
[1404] [M]: 0x00000000800015DC (0x15F13423) sd t6, 0x148(sp)
mem[0x0000000080004350] <- 0x00000000F7FB2208

mem[X,0x00000000800015E0] -> 0x0F37
mem[X,0x00000000800015E2] -> 0x000A
[1405] [M]: 0x00000000800015E0 (0x000A0F37) lui t5, 0xa0
x30 <- 0x00000000000A0000

mem[X,0x00000000800015E4] -> 0x0F13
mem[X,0x00000000800015E6] -> 0xEFFF
[1406] [M]: 0x00000000800015E4 (0xEFFF0F13) addi t5, t5, -0x101
x30 <- 0x000000000009FEFF

mem[X,0x00000000800015E8] -> 0x1F13
mem[X,0x00000000800015EA] -> 0x00BF
[1407] [M]: 0x00000000800015E8 (0x00BF1F13) slli t5, t5, 0xb
x30 <- 0x000000004FF7F800

mem[X,0x00000000800015EC] -> 0x0F13
mem[X,0x00000000800015EE] -> 0x7FFF
[1408] [M]: 0x00000000800015EC (0x7FFF0F13) addi t5, t5, 0x7ff
x30 <- 0x000000004FF7FFFF

mem[X,0x00000000800015F0] -> 0x1F13
mem[X,0x00000000800015F2] -> 0x00BF
[1409] [M]: 0x00000000800015F0 (0x00BF1F13) slli t5, t5, 0xb
x30 <- 0x0000027FBFFFF800

mem[X,0x00000000800015F4] -> 0x0F13
mem[X,0x00000000800015F6] -> 0x5FEF
[1410] [M]: 0x00000000800015F4 (0x5FEF0F13) addi t5, t5, 0x5fe
x30 <- 0x0000027FBFFFFDFE

mem[X,0x00000000800015F8] -> 0x1F13
mem[X,0x00000000800015FA] -> 0x00AF
[1411] [M]: 0x00000000800015F8 (0x00AF1F13) slli t5, t5, 0xa
x30 <- 0x0009FEFFFFF7F800

mem[X,0x00000000800015FC] -> 0x0F13
mem[X,0x00000000800015FE] -> 0x3FFF
[1412] [M]: 0x00000000800015FC (0x3FFF0F13) addi t5, t5, 0x3ff
x30 <- 0x0009FEFFFFF7FBFF

mem[X,0x0000000080001600] -> 0xFEB7
mem[X,0x0000000080001602] -> 0x0009
[1413] [M]: 0x0000000080001600 (0x0009FEB7) lui t4, 0x9f
x29 <- 0x000000000009F000

mem[X,0x0000000080001604] -> 0x8E93
mem[X,0x0000000080001606] -> 0xFFFE
[1414] [M]: 0x0000000080001604 (0xFFFE8E93) addi t4, t4, -0x1
x29 <- 0x000000000009EFFF

mem[X,0x0000000080001608] -> 0x9E93
mem[X,0x000000008000160A] -> 0x00BE
[1415] [M]: 0x0000000080001608 (0x00BE9E93) slli t4, t4, 0xb
x29 <- 0x000000004F7FF800

mem[X,0x000000008000160C] -> 0x8E93
mem[X,0x000000008000160E] -> 0x7FDE
[1416] [M]: 0x000000008000160C (0x7FDE8E93) addi t4, t4, 0x7fd
x29 <- 0x000000004F7FFFFD

mem[X,0x0000000080001610] -> 0x9E93
mem[X,0x0000000080001612] -> 0x00BE
[1417] [M]: 0x0000000080001610 (0x00BE9E93) slli t4, t4, 0xb
x29 <- 0x0000027BFFFFE800

mem[X,0x0000000080001614] -> 0x8E93
mem[X,0x0000000080001616] -> 0x7C0E
[1418] [M]: 0x0000000080001614 (0x7C0E8E93) addi t4, t4, 0x7c0
x29 <- 0x0000027BFFFFEFC0

mem[X,0x0000000080001618] -> 0x9E93
mem[X,0x000000008000161A] -> 0x00AE
[1419] [M]: 0x0000000080001618 (0x00AE9E93) slli t4, t4, 0xa
x29 <- 0x0009EFFFFFBF0000

mem[X,0x000000008000161C] -> 0x8E93
mem[X,0x000000008000161E] -> 0x200E
[1420] [M]: 0x000000008000161C (0x200E8E93) addi t4, t4, 0x200
x29 <- 0x0009EFFFFFBF0200

mem[X,0x0000000080001620] -> 0x5FBB
mem[X,0x0000000080001622] -> 0xA7DF
[1421] [M]: 0x0000000080001620 (0xA7DF5FBB) pm4addu.h t6, t5, t4
x31 <- 0x00000001F0BC119B

mem[X,0x0000000080001624] -> 0x3823
mem[X,0x0000000080001626] -> 0x15F1
[1422] [M]: 0x0000000080001624 (0x15F13823) sd t6, 0x150(sp)
mem[0x0000000080004358] <- 0x00000001F0BC119B

mem[X,0x0000000080001628] -> 0x0F37
mem[X,0x000000008000162A] -> 0xFFFC
[1423] [M]: 0x0000000080001628 (0xFFFC0F37) lui t5, -0x40
x30 <- 0xFFFFFFFFFFFC0000

mem[X,0x000000008000162C] -> 0x0F13
mem[X,0x000000008000162E] -> 0x006F
[1424] [M]: 0x000000008000162C (0x006F0F13) addi t5, t5, 0x6
x30 <- 0xFFFFFFFFFFFC0006

mem[X,0x0000000080001630] -> 0x1F13
mem[X,0x0000000080001632] -> 0x00BF
[1425] [M]: 0x0000000080001630 (0x00BF1F13) slli t5, t5, 0xb
x30 <- 0xFFFFFFFFE0003000

mem[X,0x0000000080001634] -> 0x0F13
mem[X,0x0000000080001636] -> 0x5FFF
[1426] [M]: 0x0000000080001634 (0x5FFF0F13) addi t5, t5, 0x5ff
x30 <- 0xFFFFFFFFE00035FF

mem[X,0x0000000080001638] -> 0x1F13
mem[X,0x000000008000163A] -> 0x00BF
[1427] [M]: 0x0000000080001638 (0x00BF1F13) slli t5, t5, 0xb
x30 <- 0xFFFFFF0001AFF800

mem[X,0x000000008000163C] -> 0x0F13
mem[X,0x000000008000163E] -> 0x7FFF
[1428] [M]: 0x000000008000163C (0x7FFF0F13) addi t5, t5, 0x7ff
x30 <- 0xFFFFFF0001AFFFFF

mem[X,0x0000000080001640] -> 0x1F13
mem[X,0x0000000080001642] -> 0x00AF
[1429] [M]: 0x0000000080001640 (0x00AF1F13) slli t5, t5, 0xa
x30 <- 0xFFFC0006BFFFFC00

mem[X,0x0000000080001644] -> 0x0F13
mem[X,0x0000000080001646] -> 0x3FFF
[1430] [M]: 0x0000000080001644 (0x3FFF0F13) addi t5, t5, 0x3ff
x30 <- 0xFFFC0006BFFFFFFF

mem[X,0x0000000080001648] -> 0x0EB7
mem[X,0x000000008000164A] -> 0x0005
[1431] [M]: 0x0000000080001648 (0x00050EB7) lui t4, 0x50
x29 <- 0x0000000000050000

mem[X,0x000000008000164C] -> 0x8E93
mem[X,0x000000008000164E] -> 0xBFFE
[1432] [M]: 0x000000008000164C (0xBFFE8E93) addi t4, t4, -0x401
x29 <- 0x000000000004FBFF

mem[X,0x0000000080001650] -> 0x9E93
mem[X,0x0000000080001652] -> 0x00BE
[1433] [M]: 0x0000000080001650 (0x00BE9E93) slli t4, t4, 0xb
x29 <- 0x0000000027DFF800

mem[X,0x0000000080001654] -> 0x8E93
mem[X,0x0000000080001656] -> 0x010E
[1434] [M]: 0x0000000080001654 (0x010E8E93) addi t4, t4, 0x10
x29 <- 0x0000000027DFF810

mem[X,0x0000000080001658] -> 0x9E93
mem[X,0x000000008000165A] -> 0x00BE
[1435] [M]: 0x0000000080001658 (0x00BE9E93) slli t4, t4, 0xb
x29 <- 0x0000013EFFC08000

mem[X,0x000000008000165C] -> 0x8E93
mem[X,0x000000008000165E] -> 0x03FE
[1436] [M]: 0x000000008000165C (0x03FE8E93) addi t4, t4, 0x3f
x29 <- 0x0000013EFFC0803F

mem[X,0x0000000080001660] -> 0x9E93
mem[X,0x0000000080001662] -> 0x00AE
[1437] [M]: 0x0000000080001660 (0x00AE9E93) slli t4, t4, 0xa
x29 <- 0x0004FBFF0200FC00

mem[X,0x0000000080001664] -> 0x8E93
mem[X,0x0000000080001666] -> 0x3FFE
[1438] [M]: 0x0000000080001664 (0x3FFE8E93) addi t4, t4, 0x3ff
x29 <- 0x0004FBFF0200FFFF

mem[X,0x0000000080001668] -> 0x5FBB
mem[X,0x000000008000166A] -> 0xA7DF
[1439] [M]: 0x0000000080001668 (0xA7DF5FBB) pm4addu.h t6, t5, t4
x31 <- 0x000000010187E5EB

mem[X,0x000000008000166C] -> 0x3C23
mem[X,0x000000008000166E] -> 0x15F1
[1440] [M]: 0x000000008000166C (0x15F13C23) sd t6, 0x158(sp)
mem[0x0000000080004360] <- 0x000000010187E5EB

mem[X,0x0000000080001670] -> 0x0F37
mem[X,0x0000000080001672] -> 0x0081
[1441] [M]: 0x0000000080001670 (0x00810F37) lui t5, 0x810
x30 <- 0x0000000000810000

mem[X,0x0000000080001674] -> 0x0F13
mem[X,0x0000000080001676] -> 0xF7FF
[1442] [M]: 0x0000000080001674 (0xF7FF0F13) addi t5, t5, -0x81
x30 <- 0x000000000080FF7F

mem[X,0x0000000080001678] -> 0x1F13
mem[X,0x000000008000167A] -> 0x00BF
[1443] [M]: 0x0000000080001678 (0x00BF1F13) slli t5, t5, 0xb
x30 <- 0x0000000407FBF800

mem[X,0x000000008000167C] -> 0x0F13
mem[X,0x000000008000167E] -> 0x77FF
[1444] [M]: 0x000000008000167C (0x77FF0F13) addi t5, t5, 0x77f
x30 <- 0x0000000407FBFF7F

mem[X,0x0000000080001680] -> 0x1F13
mem[X,0x0000000080001682] -> 0x00BF
[1445] [M]: 0x0000000080001680 (0x00BF1F13) slli t5, t5, 0xb
x30 <- 0x0000203FDFFBF800

mem[X,0x0000000080001684] -> 0x0F13
mem[X,0x0000000080001686] -> 0x7C0F
[1446] [M]: 0x0000000080001684 (0x7C0F0F13) addi t5, t5, 0x7c0
x30 <- 0x0000203FDFFBFFC0

mem[X,0x0000000080001688] -> 0x1F13
mem[X,0x000000008000168A] -> 0x00AF
[1447] [M]: 0x0000000080001688 (0x00AF1F13) slli t5, t5, 0xa
x30 <- 0x0080FF7FEFFF0000

mem[X,0x000000008000168C] -> 0x0F13
mem[X,0x000000008000168E] -> 0x005F
[1448] [M]: 0x000000008000168C (0x005F0F13) addi t5, t5, 0x5
x30 <- 0x0080FF7FEFFF0005

mem[X,0x0000000080001690] -> 0x0EB7
mem[X,0x0000000080001692] -> 0xFFF8
[1449] [M]: 0x0000000080001690 (0xFFF80EB7) lui t4, -0x80
x29 <- 0xFFFFFFFFFFF80000

mem[X,0x0000000080001694] -> 0x8E93
mem[X,0x0000000080001696] -> 0xEFFE
[1450] [M]: 0x0000000080001694 (0xEFFE8E93) addi t4, t4, -0x101
x29 <- 0xFFFFFFFFFFF7FEFF

mem[X,0x0000000080001698] -> 0x9E93
mem[X,0x000000008000169A] -> 0x00BE
[1451] [M]: 0x0000000080001698 (0x00BE9E93) slli t4, t4, 0xb
x29 <- 0xFFFFFFFFBFF7F800

mem[X,0x000000008000169C] -> 0x8E93
mem[X,0x000000008000169E] -> 0x008E
[1452] [M]: 0x000000008000169C (0x008E8E93) addi t4, t4, 0x8
x29 <- 0xFFFFFFFFBFF7F808

mem[X,0x00000000800016A0] -> 0x9E93
mem[X,0x00000000800016A2] -> 0x00BE
[1453] [M]: 0x00000000800016A0 (0x00BE9E93) slli t4, t4, 0xb
x29 <- 0xFFFFFDFFBFC04000

mem[X,0x00000000800016A4] -> 0x8E93
mem[X,0x00000000800016A6] -> 0x000E
[1454] [M]: 0x00000000800016A4 (0x000E8E93) addi t4, t4, 0x0
x29 <- 0xFFFFFDFFBFC04000

mem[X,0x00000000800016A8] -> 0x9E93
mem[X,0x00000000800016AA] -> 0x00AE
[1455] [M]: 0x00000000800016A8 (0x00AE9E93) slli t4, t4, 0xa
x29 <- 0xFFF7FEFF01000000

mem[X,0x00000000800016AC] -> 0x8E93
mem[X,0x00000000800016AE] -> 0x001E
[1456] [M]: 0x00000000800016AC (0x001E8E93) addi t4, t4, 0x1
x29 <- 0xFFF7FEFF01000001

mem[X,0x00000000800016B0] -> 0x5FBB
mem[X,0x00000000800016B2] -> 0xA7DF
[1457] [M]: 0x00000000800016B0 (0xA7DF5FBB) pm4addu.h t6, t5, t4
x31 <- 0x00000000FFEE7C06

mem[X,0x00000000800016B4] -> 0x3023
mem[X,0x00000000800016B6] -> 0x17F1
[1458] [M]: 0x00000000800016B4 (0x17F13023) sd t6, 0x160(sp)
mem[0x0000000080004368] <- 0x00000000FFEE7C06

mem[X,0x00000000800016B8] -> 0x0F37
mem[X,0x00000000800016BA] -> 0x0000
[1459] [M]: 0x00000000800016B8 (0x00000F37) lui t5, 0x0
x30 <- 0x0000000000000000

mem[X,0x00000000800016BC] -> 0x0F13
mem[X,0x00000000800016BE] -> 0x020F
[1460] [M]: 0x00000000800016BC (0x020F0F13) addi t5, t5, 0x20
x30 <- 0x0000000000000020

mem[X,0x00000000800016C0] -> 0x1F13
mem[X,0x00000000800016C2] -> 0x00BF
[1461] [M]: 0x00000000800016C0 (0x00BF1F13) slli t5, t5, 0xb
x30 <- 0x0000000000010000

mem[X,0x00000000800016C4] -> 0x0F13
mem[X,0x00000000800016C6] -> 0x7FFF
[1462] [M]: 0x00000000800016C4 (0x7FFF0F13) addi t5, t5, 0x7ff
x30 <- 0x00000000000107FF

mem[X,0x00000000800016C8] -> 0x1F13
mem[X,0x00000000800016CA] -> 0x00BF
[1463] [M]: 0x00000000800016C8 (0x00BF1F13) slli t5, t5, 0xb
x30 <- 0x00000000083FF800

mem[X,0x00000000800016CC] -> 0x0F13
mem[X,0x00000000800016CE] -> 0x3FFF
[1464] [M]: 0x00000000800016CC (0x3FFF0F13) addi t5, t5, 0x3ff
x30 <- 0x00000000083FFBFF

mem[X,0x00000000800016D0] -> 0x1F13
mem[X,0x00000000800016D2] -> 0x00AF
[1465] [M]: 0x00000000800016D0 (0x00AF1F13) slli t5, t5, 0xa
x30 <- 0x00000020FFEFFC00

mem[X,0x00000000800016D4] -> 0x0F13
mem[X,0x00000000800016D6] -> 0x3FBF
[1466] [M]: 0x00000000800016D4 (0x3FBF0F13) addi t5, t5, 0x3fb
x30 <- 0x00000020FFEFFFFB

mem[X,0x00000000800016D8] -> 0x5EB7
mem[X,0x00000000800016DA] -> 0xFFEF
[1467] [M]: 0x00000000800016D8 (0xFFEF5EB7) lui t4, -0x10b
x29 <- 0xFFFFFFFFFFEF5000

mem[X,0x00000000800016DC] -> 0x8E93
mem[X,0x00000000800016DE] -> 0x555E
[1468] [M]: 0x00000000800016DC (0x555E8E93) addi t4, t4, 0x555
x29 <- 0xFFFFFFFFFFEF5555

mem[X,0x00000000800016E0] -> 0x9E93
mem[X,0x00000000800016E2] -> 0x00BE
[1469] [M]: 0x00000000800016E0 (0x00BE9E93) slli t4, t4, 0xb
x29 <- 0xFFFFFFFF7AAAA800

mem[X,0x00000000800016E4] -> 0x8E93
mem[X,0x00000000800016E6] -> 0x100E
[1470] [M]: 0x00000000800016E4 (0x100E8E93) addi t4, t4, 0x100
x29 <- 0xFFFFFFFF7AAAA900

mem[X,0x00000000800016E8] -> 0x9E93
mem[X,0x00000000800016EA] -> 0x00BE
[1471] [M]: 0x00000000800016E8 (0x00BE9E93) slli t4, t4, 0xb
x29 <- 0xFFFFFBD555480000

mem[X,0x00000000800016EC] -> 0x8E93
mem[X,0x00000000800016EE] -> 0x03DE
[1472] [M]: 0x00000000800016EC (0x03DE8E93) addi t4, t4, 0x3d
x29 <- 0xFFFFFBD55548003D

mem[X,0x00000000800016F0] -> 0x9E93
mem[X,0x00000000800016F2] -> 0x00AE
[1473] [M]: 0x00000000800016F0 (0x00AE9E93) slli t4, t4, 0xa
x29 <- 0xFFEF55552000F400

mem[X,0x00000000800016F4] -> 0x8E93
mem[X,0x00000000800016F6] -> 0x3FFE
[1474] [M]: 0x00000000800016F4 (0x3FFE8E93) addi t4, t4, 0x3ff
x29 <- 0xFFEF55552000F7FF

mem[X,0x00000000800016F8] -> 0x5FBB
mem[X,0x00000000800016FA] -> 0xA7DF
[1475] [M]: 0x00000000800016F8 (0xA7DF5FBB) pm4addu.h t6, t5, t4
x31 <- 0x000000011802B2A5

mem[X,0x00000000800016FC] -> 0x3423
mem[X,0x00000000800016FE] -> 0x17F1
[1476] [M]: 0x00000000800016FC (0x17F13423) sd t6, 0x168(sp)
mem[0x0000000080004370] <- 0x000000011802B2A5

mem[X,0x0000000080001700] -> 0x8F37
mem[X,0x0000000080001702] -> 0x8000
[1477] [M]: 0x0000000080001700 (0x80008F37) lui t5, -0x7fff8
x30 <- 0xFFFFFFFF80008000

mem[X,0x0000000080001704] -> 0x0F13
mem[X,0x0000000080001706] -> 0x000F
[1478] [M]: 0x0000000080001704 (0x000F0F13) addi t5, t5, 0x0
x30 <- 0xFFFFFFFF80008000

mem[X,0x0000000080001708] -> 0x1F13
mem[X,0x000000008000170A] -> 0x00BF
[1479] [M]: 0x0000000080001708 (0x00BF1F13) slli t5, t5, 0xb
x30 <- 0xFFFFFC0004000000

mem[X,0x000000008000170C] -> 0x0F13
mem[X,0x000000008000170E] -> 0x2AAF
[1480] [M]: 0x000000008000170C (0x2AAF0F13) addi t5, t5, 0x2aa
x30 <- 0xFFFFFC00040002AA

mem[X,0x0000000080001710] -> 0x1F13
mem[X,0x0000000080001712] -> 0x00BF
[1481] [M]: 0x0000000080001710 (0x00BF1F13) slli t5, t5, 0xb
x30 <- 0xFFE0002000155000

mem[X,0x0000000080001714] -> 0x0F13
mem[X,0x0000000080001716] -> 0x540F
[1482] [M]: 0x0000000080001714 (0x540F0F13) addi t5, t5, 0x540
x30 <- 0xFFE0002000155540

mem[X,0x0000000080001718] -> 0x1F13
mem[X,0x000000008000171A] -> 0x00AF
[1483] [M]: 0x0000000080001718 (0x00AF1F13) slli t5, t5, 0xa
x30 <- 0x8000800055550000

mem[X,0x000000008000171C] -> 0x0F13
mem[X,0x000000008000171E] -> 0x007F
[1484] [M]: 0x000000008000171C (0x007F0F13) addi t5, t5, 0x7
x30 <- 0x8000800055550007

mem[X,0x0000000080001720] -> 0x0EB7
mem[X,0x0000000080001722] -> 0xFFFA
[1485] [M]: 0x0000000080001720 (0xFFFA0EB7) lui t4, -0x60
x29 <- 0xFFFFFFFFFFFA0000

mem[X,0x0000000080001724] -> 0x8E93
mem[X,0x0000000080001726] -> 0xFDFE
[1486] [M]: 0x0000000080001724 (0xFDFE8E93) addi t4, t4, -0x21
x29 <- 0xFFFFFFFFFFF9FFDF

mem[X,0x0000000080001728] -> 0x9E93
mem[X,0x000000008000172A] -> 0x00BE
[1487] [M]: 0x0000000080001728 (0x00BE9E93) slli t4, t4, 0xb
x29 <- 0xFFFFFFFFCFFEF800

mem[X,0x000000008000172C] -> 0x8E93
mem[X,0x000000008000172E] -> 0x000E
[1488] [M]: 0x000000008000172C (0x000E8E93) addi t4, t4, 0x0
x29 <- 0xFFFFFFFFCFFEF800

mem[X,0x0000000080001730] -> 0x9E93
mem[X,0x0000000080001732] -> 0x00BE
[1489] [M]: 0x0000000080001730 (0x00BE9E93) slli t4, t4, 0xb
x29 <- 0xFFFFFE7FF7C00000

mem[X,0x0000000080001734] -> 0x8E93
mem[X,0x0000000080001736] -> 0x25FE
[1490] [M]: 0x0000000080001734 (0x25FE8E93) addi t4, t4, 0x25f
x29 <- 0xFFFFFE7FF7C0025F

mem[X,0x0000000080001738] -> 0x9E93
mem[X,0x000000008000173A] -> 0x00AE
[1491] [M]: 0x0000000080001738 (0x00AE9E93) slli t4, t4, 0xa
x29 <- 0xFFF9FFDF00097C00

mem[X,0x000000008000173C] -> 0x8E93
mem[X,0x000000008000173E] -> 0x3FFE
[1492] [M]: 0x000000008000173C (0x3FFE8E93) addi t4, t4, 0x3ff
x29 <- 0xFFF9FFDF00097FFF

mem[X,0x0000000080001740] -> 0x5FBB
mem[X,0x0000000080001742] -> 0xA7DF
[1493] [M]: 0x0000000080001740 (0xA7DF5FBB) pm4addu.h t6, t5, t4
x31 <- 0x00000000FFF27FF6

mem[X,0x0000000080001744] -> 0x3823
mem[X,0x0000000080001746] -> 0x17F1
[1494] [M]: 0x0000000080001744 (0x17F13823) sd t6, 0x170(sp)
mem[0x0000000080004378] <- 0x00000000FFF27FF6

mem[X,0x0000000080001748] -> 0x0F37
mem[X,0x000000008000174A] -> 0x0006
[1495] [M]: 0x0000000080001748 (0x00060F37) lui t5, 0x60
x30 <- 0x0000000000060000

mem[X,0x000000008000174C] -> 0x0F13
mem[X,0x000000008000174E] -> 0x008F
[1496] [M]: 0x000000008000174C (0x008F0F13) addi t5, t5, 0x8
x30 <- 0x0000000000060008

mem[X,0x0000000080001750] -> 0x1F13
mem[X,0x0000000080001752] -> 0x00BF
[1497] [M]: 0x0000000080001750 (0x00BF1F13) slli t5, t5, 0xb
x30 <- 0x0000000030004000

mem[X,0x0000000080001754] -> 0x0F13
mem[X,0x0000000080001756] -> 0x000F
[1498] [M]: 0x0000000080001754 (0x000F0F13) addi t5, t5, 0x0
x30 <- 0x0000000030004000

mem[X,0x0000000080001758] -> 0x1F13
mem[X,0x000000008000175A] -> 0x00BF
[1499] [M]: 0x0000000080001758 (0x00BF1F13) slli t5, t5, 0xb
x30 <- 0x0000018002000000

clint::tick mtime <- 0x000000000000000F
 clint timer pending at mtime 0x000000000000000F
htif::tick 0x0000000000000000
mem[X,0x000000008000175C] -> 0x0F13
mem[X,0x000000008000175E] -> 0x250F
[1500] [M]: 0x000000008000175C (0x250F0F13) addi t5, t5, 0x250
x30 <- 0x0000018002000250

mem[X,0x0000000080001760] -> 0x1F13
mem[X,0x0000000080001762] -> 0x00AF
[1501] [M]: 0x0000000080001760 (0x00AF1F13) slli t5, t5, 0xa
x30 <- 0x0006000800094000

mem[X,0x0000000080001764] -> 0x0EB7
mem[X,0x0000000080001766] -> 0xFFFB
[1502] [M]: 0x0000000080001764 (0xFFFB0EB7) lui t4, -0x50
x29 <- 0xFFFFFFFFFFFB0000

mem[X,0x0000000080001768] -> 0x8E93
mem[X,0x000000008000176A] -> 0x002E
[1503] [M]: 0x0000000080001768 (0x002E8E93) addi t4, t4, 0x2
x29 <- 0xFFFFFFFFFFFB0002

mem[X,0x000000008000176C] -> 0x9E93
mem[X,0x000000008000176E] -> 0x00BE
[1504] [M]: 0x000000008000176C (0x00BE9E93) slli t4, t4, 0xb
x29 <- 0xFFFFFFFFD8001000

mem[X,0x0000000080001770] -> 0x8E93
mem[X,0x0000000080001772] -> 0x400E
[1505] [M]: 0x0000000080001770 (0x400E8E93) addi t4, t4, 0x400
x29 <- 0xFFFFFFFFD8001400

mem[X,0x0000000080001774] -> 0x9E93
mem[X,0x0000000080001776] -> 0x00BE
[1506] [M]: 0x0000000080001774 (0x00BE9E93) slli t4, t4, 0xb
x29 <- 0xFFFFFEC000A00000

mem[X,0x0000000080001778] -> 0x8E93
mem[X,0x000000008000177A] -> 0x000E
[1507] [M]: 0x0000000080001778 (0x000E8E93) addi t4, t4, 0x0
x29 <- 0xFFFFFEC000A00000

mem[X,0x000000008000177C] -> 0x9E93
mem[X,0x000000008000177E] -> 0x00AE
[1508] [M]: 0x000000008000177C (0x00AE9E93) slli t4, t4, 0xa
x29 <- 0xFFFB000280000000

mem[X,0x0000000080001780] -> 0x8E93
mem[X,0x0000000080001782] -> 0x200E
[1509] [M]: 0x0000000080001780 (0x200E8E93) addi t4, t4, 0x200
x29 <- 0xFFFB000280000200

mem[X,0x0000000080001784] -> 0x5FBB
mem[X,0x0000000080001786] -> 0xA7DF
[1510] [M]: 0x0000000080001784 (0xA7DF5FBB) pm4addu.h t6, t5, t4
x31 <- 0x00000000008A7FF2

mem[X,0x0000000080001788] -> 0x3C23
mem[X,0x000000008000178A] -> 0x17F1
[1511] [M]: 0x0000000080001788 (0x17F13C23) sd t6, 0x178(sp)
mem[0x0000000080004380] <- 0x00000000008A7FF2

mem[X,0x000000008000178C] -> 0x0F37
mem[X,0x000000008000178E] -> 0xFFFD
[1512] [M]: 0x000000008000178C (0xFFFD0F37) lui t5, -0x30
x30 <- 0xFFFFFFFFFFFD0000

mem[X,0x0000000080001790] -> 0x0F13
mem[X,0x0000000080001792] -> 0x006F
[1513] [M]: 0x0000000080001790 (0x006F0F13) addi t5, t5, 0x6
x30 <- 0xFFFFFFFFFFFD0006

mem[X,0x0000000080001794] -> 0x1F13
mem[X,0x0000000080001796] -> 0x00BF
[1514] [M]: 0x0000000080001794 (0x00BF1F13) slli t5, t5, 0xb
x30 <- 0xFFFFFFFFE8003000

mem[X,0x0000000080001798] -> 0x0F13
mem[X,0x000000008000179A] -> 0x7EFF
[1515] [M]: 0x0000000080001798 (0x7EFF0F13) addi t5, t5, 0x7ef
x30 <- 0xFFFFFFFFE80037EF

mem[X,0x000000008000179C] -> 0x1F13
mem[X,0x000000008000179E] -> 0x00BF
[1516] [M]: 0x000000008000179C (0x00BF1F13) slli t5, t5, 0xb
x30 <- 0xFFFFFF4001BF7800

mem[X,0x00000000800017A0] -> 0x0F13
mem[X,0x00000000800017A2] -> 0x7FFF
[1517] [M]: 0x00000000800017A0 (0x7FFF0F13) addi t5, t5, 0x7ff
x30 <- 0xFFFFFF4001BF7FFF

mem[X,0x00000000800017A4] -> 0x1F13
mem[X,0x00000000800017A6] -> 0x00AF
[1518] [M]: 0x00000000800017A4 (0x00AF1F13) slli t5, t5, 0xa
x30 <- 0xFFFD0006FDFFFC00

mem[X,0x00000000800017A8] -> 0x0F13
mem[X,0x00000000800017AA] -> 0x3FCF
[1519] [M]: 0x00000000800017A8 (0x3FCF0F13) addi t5, t5, 0x3fc
x30 <- 0xFFFD0006FDFFFFFC

mem[X,0x00000000800017AC] -> 0x0EB7
mem[X,0x00000000800017AE] -> 0x4000
[1520] [M]: 0x00000000800017AC (0x40000EB7) lui t4, 0x40000
x29 <- 0x0000000040000000

mem[X,0x00000000800017B0] -> 0x8E93
mem[X,0x00000000800017B2] -> 0xF7FE
[1521] [M]: 0x00000000800017B0 (0xF7FE8E93) addi t4, t4, -0x81
x29 <- 0x000000003FFFFF7F

mem[X,0x00000000800017B4] -> 0x9E93
mem[X,0x00000000800017B6] -> 0x00BE
[1522] [M]: 0x00000000800017B4 (0x00BE9E93) slli t4, t4, 0xb
x29 <- 0x000001FFFFFBF800

mem[X,0x00000000800017B8] -> 0x8E93
mem[X,0x00000000800017BA] -> 0x7F7E
[1523] [M]: 0x00000000800017B8 (0x7F7E8E93) addi t4, t4, 0x7f7
x29 <- 0x000001FFFFFBFFF7

mem[X,0x00000000800017BC] -> 0x9E93
mem[X,0x00000000800017BE] -> 0x00BE
[1524] [M]: 0x00000000800017BC (0x00BE9E93) slli t4, t4, 0xb
x29 <- 0x000FFFFFDFFFB800

mem[X,0x00000000800017C0] -> 0x8E93
mem[X,0x00000000800017C2] -> 0x7C0E
[1525] [M]: 0x00000000800017C0 (0x7C0E8E93) addi t4, t4, 0x7c0
x29 <- 0x000FFFFFDFFFBFC0

mem[X,0x00000000800017C4] -> 0x9E93
mem[X,0x00000000800017C6] -> 0x00AE
[1526] [M]: 0x00000000800017C4 (0x00AE9E93) slli t4, t4, 0xa
x29 <- 0x3FFFFF7FFEFF0000

mem[X,0x00000000800017C8] -> 0x5FBB
mem[X,0x00000000800017CA] -> 0xA7DF
[1527] [M]: 0x00000000800017C8 (0xA7DF5FBB) pm4addu.h t6, t5, t4
x31 <- 0x000000013D043FFE

mem[X,0x00000000800017CC] -> 0x3023
mem[X,0x00000000800017CE] -> 0x19F1
[1528] [M]: 0x00000000800017CC (0x19F13023) sd t6, 0x180(sp)
mem[0x0000000080004388] <- 0x000000013D043FFE

mem[X,0x00000000800017D0] -> 0x0F37
mem[X,0x00000000800017D2] -> 0xFF80
[1529] [M]: 0x00000000800017D0 (0xFF800F37) lui t5, -0x800
x30 <- 0xFFFFFFFFFF800000

mem[X,0x00000000800017D4] -> 0x0F13
mem[X,0x00000000800017D6] -> 0xFBFF
[1530] [M]: 0x00000000800017D4 (0xFBFF0F13) addi t5, t5, -0x41
x30 <- 0xFFFFFFFFFF7FFFBF

mem[X,0x00000000800017D8] -> 0x1F13
mem[X,0x00000000800017DA] -> 0x00BF
[1531] [M]: 0x00000000800017D8 (0x00BF1F13) slli t5, t5, 0xb
x30 <- 0xFFFFFFFBFFFDF800

mem[X,0x00000000800017DC] -> 0x0F13
mem[X,0x00000000800017DE] -> 0x7FDF
[1532] [M]: 0x00000000800017DC (0x7FDF0F13) addi t5, t5, 0x7fd
x30 <- 0xFFFFFFFBFFFDFFFD

mem[X,0x00000000800017E0] -> 0x1F13
mem[X,0x00000000800017E2] -> 0x00BF
[1533] [M]: 0x00000000800017E0 (0x00BF1F13) slli t5, t5, 0xb
x30 <- 0xFFFFDFFFEFFFE800

mem[X,0x00000000800017E4] -> 0x0F13
mem[X,0x00000000800017E6] -> 0x7FFF
[1534] [M]: 0x00000000800017E4 (0x7FFF0F13) addi t5, t5, 0x7ff
x30 <- 0xFFFFDFFFEFFFEFFF

mem[X,0x00000000800017E8] -> 0x1F13
mem[X,0x00000000800017EA] -> 0x00AF
[1535] [M]: 0x00000000800017E8 (0x00AF1F13) slli t5, t5, 0xa
x30 <- 0xFF7FFFBFFFBFFC00

mem[X,0x00000000800017EC] -> 0x0F13
mem[X,0x00000000800017EE] -> 0x3FAF
[1536] [M]: 0x00000000800017EC (0x3FAF0F13) addi t5, t5, 0x3fa
x30 <- 0xFF7FFFBFFFBFFFFA

mem[X,0x00000000800017F0] -> 0x1EB7
mem[X,0x00000000800017F2] -> 0x1000
[1537] [M]: 0x00000000800017F0 (0x10001EB7) lui t4, 0x10001
x29 <- 0x0000000010001000

mem[X,0x00000000800017F4] -> 0x8E93
mem[X,0x00000000800017F6] -> 0x800E
[1538] [M]: 0x00000000800017F4 (0x800E8E93) addi t4, t4, -0x800
x29 <- 0x0000000010000800

mem[X,0x00000000800017F8] -> 0x9E93
mem[X,0x00000000800017FA] -> 0x00BE
[1539] [M]: 0x00000000800017F8 (0x00BE9E93) slli t4, t4, 0xb
x29 <- 0x0000008000400000

mem[X,0x00000000800017FC] -> 0x8E93
mem[X,0x00000000800017FE] -> 0x7EFE
[1540] [M]: 0x00000000800017FC (0x7EFE8E93) addi t4, t4, 0x7ef
x29 <- 0x00000080004007EF

mem[X,0x0000000080001800] -> 0x9E93
mem[X,0x0000000080001802] -> 0x00BE
[1541] [M]: 0x0000000080001800 (0x00BE9E93) slli t4, t4, 0xb
x29 <- 0x00040002003F7800

mem[X,0x0000000080001804] -> 0x8E93
mem[X,0x0000000080001806] -> 0x7C0E
[1542] [M]: 0x0000000080001804 (0x7C0E8E93) addi t4, t4, 0x7c0
x29 <- 0x00040002003F7FC0

mem[X,0x0000000080001808] -> 0x9E93
mem[X,0x000000008000180A] -> 0x00AE
[1543] [M]: 0x0000000080001808 (0x00AE9E93) slli t4, t4, 0xa
x29 <- 0x10000800FDFF0000

mem[X,0x000000008000180C] -> 0x8E93
mem[X,0x000000008000180E] -> 0x010E
[1544] [M]: 0x000000008000180C (0x010E8E93) addi t4, t4, 0x10
x29 <- 0x10000800FDFF0010

mem[X,0x0000000080001810] -> 0x5FBB
mem[X,0x0000000080001812] -> 0xA7DF
[1545] [M]: 0x0000000080001810 (0xA7DF5FBB) pm4addu.h t6, t5, t4
x31 <- 0x0000000115C469E1

mem[X,0x0000000080001814] -> 0x3423
mem[X,0x0000000080001816] -> 0x19F1
[1546] [M]: 0x0000000080001814 (0x19F13423) sd t6, 0x188(sp)
mem[0x0000000080004390] <- 0x0000000115C469E1

mem[X,0x0000000080001818] -> 0x0F37
mem[X,0x000000008000181A] -> 0xFE00
[1547] [M]: 0x0000000080001818 (0xFE000F37) lui t5, -0x2000
x30 <- 0xFFFFFFFFFE000000

mem[X,0x000000008000181C] -> 0x0F13
mem[X,0x000000008000181E] -> 0xFF8F
[1548] [M]: 0x000000008000181C (0xFF8F0F13) addi t5, t5, -0x8
x30 <- 0xFFFFFFFFFDFFFFF8

mem[X,0x0000000080001820] -> 0x1F13
mem[X,0x0000000080001822] -> 0x00BF
[1549] [M]: 0x0000000080001820 (0x00BF1F13) slli t5, t5, 0xb
x30 <- 0xFFFFFFEFFFFFC000

mem[X,0x0000000080001824] -> 0x0F13
mem[X,0x0000000080001826] -> 0x3FFF
[1550] [M]: 0x0000000080001824 (0x3FFF0F13) addi t5, t5, 0x3ff
x30 <- 0xFFFFFFEFFFFFC3FF

mem[X,0x0000000080001828] -> 0x1F13
mem[X,0x000000008000182A] -> 0x00BF
[1551] [M]: 0x0000000080001828 (0x00BF1F13) slli t5, t5, 0xb
x30 <- 0xFFFF7FFFFE1FF800

mem[X,0x000000008000182C] -> 0x0F13
mem[X,0x000000008000182E] -> 0x7C1F
[1552] [M]: 0x000000008000182C (0x7C1F0F13) addi t5, t5, 0x7c1
x30 <- 0xFFFF7FFFFE1FFFC1

mem[X,0x0000000080001830] -> 0x1F13
mem[X,0x0000000080001832] -> 0x00AF
[1553] [M]: 0x0000000080001830 (0x00AF1F13) slli t5, t5, 0xa
x30 <- 0xFDFFFFF87FFF0400

mem[X,0x0000000080001834] -> 0xFEB7
mem[X,0x0000000080001836] -> 0x0003
[1554] [M]: 0x0000000080001834 (0x0003FEB7) lui t4, 0x3f
x29 <- 0x000000000003F000

mem[X,0x0000000080001838] -> 0x8E93
mem[X,0x000000008000183A] -> 0xFFFE
[1555] [M]: 0x0000000080001838 (0xFFFE8E93) addi t4, t4, -0x1
x29 <- 0x000000000003EFFF

mem[X,0x000000008000183C] -> 0x9E93
mem[X,0x000000008000183E] -> 0x00BE
[1556] [M]: 0x000000008000183C (0x00BE9E93) slli t4, t4, 0xb
x29 <- 0x000000001F7FF800

mem[X,0x0000000080001840] -> 0x8E93
mem[X,0x0000000080001842] -> 0x7DFE
[1557] [M]: 0x0000000080001840 (0x7DFE8E93) addi t4, t4, 0x7df
x29 <- 0x000000001F7FFFDF

mem[X,0x0000000080001844] -> 0x9E93
mem[X,0x0000000080001846] -> 0x00BE
[1558] [M]: 0x0000000080001844 (0x00BE9E93) slli t4, t4, 0xb
x29 <- 0x000000FBFFFEF800

mem[X,0x0000000080001848] -> 0x8E93
mem[X,0x000000008000184A] -> 0x7FFE
[1559] [M]: 0x0000000080001848 (0x7FFE8E93) addi t4, t4, 0x7ff
x29 <- 0x000000FBFFFEFFFF

mem[X,0x000000008000184C] -> 0x9E93
mem[X,0x000000008000184E] -> 0x00AE
[1560] [M]: 0x000000008000184C (0x00AE9E93) slli t4, t4, 0xa
x29 <- 0x0003EFFFFBFFFC00

mem[X,0x0000000080001850] -> 0x8E93
mem[X,0x0000000080001852] -> 0x3FFE
[1561] [M]: 0x0000000080001850 (0x3FFE8E93) addi t4, t4, 0x3ff
x29 <- 0x0003EFFFFBFFFFFF

mem[X,0x0000000080001854] -> 0x5FBB
mem[X,0x0000000080001856] -> 0xA7DF
[1562] [M]: 0x0000000080001854 (0xA7DF5FBB) pm4addu.h t6, t5, t4
x31 <- 0x0000000171F8FA06

mem[X,0x0000000080001858] -> 0x3823
mem[X,0x000000008000185A] -> 0x19F1
[1563] [M]: 0x0000000080001858 (0x19F13823) sd t6, 0x190(sp)
mem[0x0000000080004398] <- 0x0000000171F8FA06

mem[X,0x000000008000185C] -> 0x0F37
mem[X,0x000000008000185E] -> 0xFFFB
[1564] [M]: 0x000000008000185C (0xFFFB0F37) lui t5, -0x50
x30 <- 0xFFFFFFFFFFFB0000

mem[X,0x0000000080001860] -> 0x0F13
mem[X,0x0000000080001862] -> 0x009F
[1565] [M]: 0x0000000080001860 (0x009F0F13) addi t5, t5, 0x9
x30 <- 0xFFFFFFFFFFFB0009

mem[X,0x0000000080001864] -> 0x1F13
mem[X,0x0000000080001866] -> 0x00BF
[1566] [M]: 0x0000000080001864 (0x00BF1F13) slli t5, t5, 0xb
x30 <- 0xFFFFFFFFD8004800

mem[X,0x0000000080001868] -> 0x0F13
mem[X,0x000000008000186A] -> 0x7FFF
[1567] [M]: 0x0000000080001868 (0x7FFF0F13) addi t5, t5, 0x7ff
x30 <- 0xFFFFFFFFD8004FFF

mem[X,0x000000008000186C] -> 0x1F13
mem[X,0x000000008000186E] -> 0x00BF
[1568] [M]: 0x000000008000186C (0x00BF1F13) slli t5, t5, 0xb
x30 <- 0xFFFFFEC0027FF800

mem[X,0x0000000080001870] -> 0x0F13
mem[X,0x0000000080001872] -> 0x600F
[1569] [M]: 0x0000000080001870 (0x600F0F13) addi t5, t5, 0x600
x30 <- 0xFFFFFEC0027FFE00

mem[X,0x0000000080001874] -> 0x1F13
mem[X,0x0000000080001876] -> 0x00AF
[1570] [M]: 0x0000000080001874 (0x00AF1F13) slli t5, t5, 0xa
x30 <- 0xFFFB0009FFF80000

mem[X,0x0000000080001878] -> 0x0F13
mem[X,0x000000008000187A] -> 0x008F
[1571] [M]: 0x0000000080001878 (0x008F0F13) addi t5, t5, 0x8
x30 <- 0xFFFB0009FFF80008

mem[X,0x000000008000187C] -> 0x0EB7
mem[X,0x000000008000187E] -> 0x0080
[1572] [M]: 0x000000008000187C (0x00800EB7) lui t4, 0x800
x29 <- 0x0000000000800000

mem[X,0x0000000080001880] -> 0x8E93
mem[X,0x0000000080001882] -> 0x100E
[1573] [M]: 0x0000000080001880 (0x100E8E93) addi t4, t4, 0x100
x29 <- 0x0000000000800100

mem[X,0x0000000080001884] -> 0x9E93
mem[X,0x0000000080001886] -> 0x00BE
[1574] [M]: 0x0000000080001884 (0x00BE9E93) slli t4, t4, 0xb
x29 <- 0x0000000400080000

mem[X,0x0000000080001888] -> 0x8E93
mem[X,0x000000008000188A] -> 0x77FE
[1575] [M]: 0x0000000080001888 (0x77FE8E93) addi t4, t4, 0x77f
x29 <- 0x000000040008077F

mem[X,0x000000008000188C] -> 0x9E93
mem[X,0x000000008000188E] -> 0x00BE
[1576] [M]: 0x000000008000188C (0x00BE9E93) slli t4, t4, 0xb
x29 <- 0x00002000403BF800

mem[X,0x0000000080001890] -> 0x8E93
mem[X,0x0000000080001892] -> 0x7FFE
[1577] [M]: 0x0000000080001890 (0x7FFE8E93) addi t4, t4, 0x7ff
x29 <- 0x00002000403BFFFF

mem[X,0x0000000080001894] -> 0x9E93
mem[X,0x0000000080001896] -> 0x00AE
[1578] [M]: 0x0000000080001894 (0x00AE9E93) slli t4, t4, 0xa
x29 <- 0x00800100EFFFFC00

mem[X,0x0000000080001898] -> 0x8E93
mem[X,0x000000008000189A] -> 0x37FE
[1579] [M]: 0x0000000080001898 (0x37FE8E93) addi t4, t4, 0x37f
x29 <- 0x00800100EFFFFF7F

mem[X,0x000000008000189C] -> 0x5FBB
mem[X,0x000000008000189E] -> 0xA7DF
[1580] [M]: 0x000000008000189C (0xA7DF5FBB) pm4addu.h t6, t5, t4
x31 <- 0x00000000F07F8280

mem[X,0x00000000800018A0] -> 0x3C23
mem[X,0x00000000800018A2] -> 0x19F1
[1581] [M]: 0x00000000800018A0 (0x19F13C23) sd t6, 0x198(sp)
mem[0x00000000800043A0] <- 0x00000000F07F8280

mem[X,0x00000000800018A4] -> 0x8F37
mem[X,0x00000000800018A6] -> 0x3FFF
[1582] [M]: 0x00000000800018A4 (0x3FFF8F37) lui t5, 0x3fff8
x30 <- 0x000000003FFF8000

mem[X,0x00000000800018A8] -> 0x0F13
mem[X,0x00000000800018AA] -> 0xFFFF
[1583] [M]: 0x00000000800018A8 (0xFFFF0F13) addi t5, t5, -0x1
x30 <- 0x000000003FFF7FFF

mem[X,0x00000000800018AC] -> 0x1F13
mem[X,0x00000000800018AE] -> 0x00BF
[1584] [M]: 0x00000000800018AC (0x00BF1F13) slli t5, t5, 0xb
x30 <- 0x000001FFFBFFF800

mem[X,0x00000000800018B0] -> 0x0F13
mem[X,0x00000000800018B2] -> 0x7F7F
[1585] [M]: 0x00000000800018B0 (0x7F7F0F13) addi t5, t5, 0x7f7
x30 <- 0x000001FFFBFFFFF7

mem[X,0x00000000800018B4] -> 0x1F13
mem[X,0x00000000800018B6] -> 0x00BF
[1586] [M]: 0x00000000800018B4 (0x00BF1F13) slli t5, t5, 0xb
x30 <- 0x000FFFDFFFFFB800

mem[X,0x00000000800018B8] -> 0x0F13
mem[X,0x00000000800018BA] -> 0x7EFF
[1587] [M]: 0x00000000800018B8 (0x7EFF0F13) addi t5, t5, 0x7ef
x30 <- 0x000FFFDFFFFFBFEF

mem[X,0x00000000800018BC] -> 0x1F13
mem[X,0x00000000800018BE] -> 0x00AF
[1588] [M]: 0x00000000800018BC (0x00AF1F13) slli t5, t5, 0xa
x30 <- 0x3FFF7FFFFEFFBC00

mem[X,0x00000000800018C0] -> 0x0F13
mem[X,0x00000000800018C2] -> 0x3FFF
[1589] [M]: 0x00000000800018C0 (0x3FFF0F13) addi t5, t5, 0x3ff
x30 <- 0x3FFF7FFFFEFFBFFF

mem[X,0x00000000800018C4] -> 0x0EB7
mem[X,0x00000000800018C6] -> 0x0000
[1590] [M]: 0x00000000800018C4 (0x00000EB7) lui t4, 0x0
x29 <- 0x0000000000000000

mem[X,0x00000000800018C8] -> 0x8E93
mem[X,0x00000000800018CA] -> 0x200E
[1591] [M]: 0x00000000800018C8 (0x200E8E93) addi t4, t4, 0x200
x29 <- 0x0000000000000200

mem[X,0x00000000800018CC] -> 0x9E93
mem[X,0x00000000800018CE] -> 0x00BE
[1592] [M]: 0x00000000800018CC (0x00BE9E93) slli t4, t4, 0xb
x29 <- 0x0000000000100000

mem[X,0x00000000800018D0] -> 0x8E93
mem[X,0x00000000800018D2] -> 0x6FFE
[1593] [M]: 0x00000000800018D0 (0x6FFE8E93) addi t4, t4, 0x6ff
x29 <- 0x00000000001006FF

mem[X,0x00000000800018D4] -> 0x9E93
mem[X,0x00000000800018D6] -> 0x00BE
[1594] [M]: 0x00000000800018D4 (0x00BE9E93) slli t4, t4, 0xb
x29 <- 0x000000008037F800

mem[X,0x00000000800018D8] -> 0x8E93
mem[X,0x00000000800018DA] -> 0x7D0E
[1595] [M]: 0x00000000800018D8 (0x7D0E8E93) addi t4, t4, 0x7d0
x29 <- 0x000000008037FFD0

mem[X,0x00000000800018DC] -> 0x9E93
mem[X,0x00000000800018DE] -> 0x00AE
[1596] [M]: 0x00000000800018DC (0x00AE9E93) slli t4, t4, 0xa
x29 <- 0x00000200DFFF4000

mem[X,0x00000000800018E0] -> 0x5FBB
mem[X,0x00000000800018E2] -> 0xA7DF
[1597] [M]: 0x00000000800018E0 (0xA7DF5FBB) pm4addu.h t6, t5, t4
x31 <- 0x00000001101DDF01

mem[X,0x00000000800018E4] -> 0x3023
mem[X,0x00000000800018E6] -> 0x1BF1
[1598] [M]: 0x00000000800018E4 (0x1BF13023) sd t6, 0x1a0(sp)
mem[0x00000000800043A8] <- 0x00000001101DDF01

mem[X,0x00000000800018E8] -> 0x0F37
mem[X,0x00000000800018EA] -> 0x0006
[1599] [M]: 0x00000000800018E8 (0x00060F37) lui t5, 0x60
x30 <- 0x0000000000060000

clint::tick mtime <- 0x0000000000000010
 clint timer pending at mtime 0x0000000000000010
htif::tick 0x0000000000000000
mem[X,0x00000000800018EC] -> 0x0F13
mem[X,0x00000000800018EE] -> 0xFDFF
[1600] [M]: 0x00000000800018EC (0xFDFF0F13) addi t5, t5, -0x21
x30 <- 0x000000000005FFDF

mem[X,0x00000000800018F0] -> 0x1F13
mem[X,0x00000000800018F2] -> 0x00BF
[1601] [M]: 0x00000000800018F0 (0x00BF1F13) slli t5, t5, 0xb
x30 <- 0x000000002FFEF800

mem[X,0x00000000800018F4] -> 0x0F13
mem[X,0x00000000800018F6] -> 0x600F
[1602] [M]: 0x00000000800018F4 (0x600F0F13) addi t5, t5, 0x600
x30 <- 0x000000002FFEFE00

mem[X,0x00000000800018F8] -> 0x1F13
mem[X,0x00000000800018FA] -> 0x00BF
[1603] [M]: 0x00000000800018F8 (0x00BF1F13) slli t5, t5, 0xb
x30 <- 0x0000017FF7F00000

mem[X,0x00000000800018FC] -> 0x0F13
mem[X,0x00000000800018FE] -> 0x010F
[1604] [M]: 0x00000000800018FC (0x010F0F13) addi t5, t5, 0x10
x30 <- 0x0000017FF7F00010

mem[X,0x0000000080001900] -> 0x1F13
mem[X,0x0000000080001902] -> 0x00AF
[1605] [M]: 0x0000000080001900 (0x00AF1F13) slli t5, t5, 0xa
x30 <- 0x0005FFDFC0004000

mem[X,0x0000000080001904] -> 0x0EB7
mem[X,0x0000000080001906] -> 0x0008
[1606] [M]: 0x0000000080001904 (0x00080EB7) lui t4, 0x80
x29 <- 0x0000000000080000

mem[X,0x0000000080001908] -> 0x8E93
mem[X,0x000000008000190A] -> 0x004E
[1607] [M]: 0x0000000080001908 (0x004E8E93) addi t4, t4, 0x4
x29 <- 0x0000000000080004

mem[X,0x000000008000190C] -> 0x9E93
mem[X,0x000000008000190E] -> 0x00BE
[1608] [M]: 0x000000008000190C (0x00BE9E93) slli t4, t4, 0xb
x29 <- 0x0000000040002000

mem[X,0x0000000080001910] -> 0x8E93
mem[X,0x0000000080001912] -> 0x7FFE
[1609] [M]: 0x0000000080001910 (0x7FFE8E93) addi t4, t4, 0x7ff
x29 <- 0x00000000400027FF

mem[X,0x0000000080001914] -> 0x9E93
mem[X,0x0000000080001916] -> 0x00BE
[1610] [M]: 0x0000000080001914 (0x00BE9E93) slli t4, t4, 0xb
x29 <- 0x00000200013FF800

mem[X,0x0000000080001918] -> 0x8E93
mem[X,0x000000008000191A] -> 0x3D5E
[1611] [M]: 0x0000000080001918 (0x3D5E8E93) addi t4, t4, 0x3d5
x29 <- 0x00000200013FFBD5

mem[X,0x000000008000191C] -> 0x9E93
mem[X,0x000000008000191E] -> 0x00AE
[1612] [M]: 0x000000008000191C (0x00AE9E93) slli t4, t4, 0xa
x29 <- 0x00080004FFEF5400

mem[X,0x0000000080001920] -> 0x8E93
mem[X,0x0000000080001922] -> 0x155E
[1613] [M]: 0x0000000080001920 (0x155E8E93) addi t4, t4, 0x155
x29 <- 0x00080004FFEF5555

mem[X,0x0000000080001924] -> 0x5FBB
mem[X,0x0000000080001926] -> 0xA7DF
[1614] [M]: 0x0000000080001924 (0xA7DF5FBB) pm4addu.h t6, t5, t4
x31 <- 0x00000000D54C7FA4

mem[X,0x0000000080001928] -> 0x3423
mem[X,0x000000008000192A] -> 0x1BF1
[1615] [M]: 0x0000000080001928 (0x1BF13423) sd t6, 0x1a8(sp)
mem[0x00000000800043B0] <- 0x00000000D54C7FA4

mem[X,0x000000008000192C] -> 0x0F37
mem[X,0x000000008000192E] -> 0x0002
[1616] [M]: 0x000000008000192C (0x00020F37) lui t5, 0x20
x30 <- 0x0000000000020000

mem[X,0x0000000080001930] -> 0x0F13
mem[X,0x0000000080001932] -> 0x002F
[1617] [M]: 0x0000000080001930 (0x002F0F13) addi t5, t5, 0x2
x30 <- 0x0000000000020002

mem[X,0x0000000080001934] -> 0x1F13
mem[X,0x0000000080001936] -> 0x00BF
[1618] [M]: 0x0000000080001934 (0x00BF1F13) slli t5, t5, 0xb
x30 <- 0x0000000010001000

mem[X,0x0000000080001938] -> 0x0F13
mem[X,0x000000008000193A] -> 0x100F
[1619] [M]: 0x0000000080001938 (0x100F0F13) addi t5, t5, 0x100
x30 <- 0x0000000010001100

mem[X,0x000000008000193C] -> 0x1F13
mem[X,0x000000008000193E] -> 0x00BF
[1620] [M]: 0x000000008000193C (0x00BF1F13) slli t5, t5, 0xb
x30 <- 0x0000008000880000

mem[X,0x0000000080001940] -> 0x0F13
mem[X,0x0000000080001942] -> 0x03FF
[1621] [M]: 0x0000000080001940 (0x03FF0F13) addi t5, t5, 0x3f
x30 <- 0x000000800088003F

mem[X,0x0000000080001944] -> 0x1F13
mem[X,0x0000000080001946] -> 0x00AF
[1622] [M]: 0x0000000080001944 (0x00AF1F13) slli t5, t5, 0xa
x30 <- 0x000200022000FC00

mem[X,0x0000000080001948] -> 0x0F13
mem[X,0x000000008000194A] -> 0x3DFF
[1623] [M]: 0x0000000080001948 (0x3DFF0F13) addi t5, t5, 0x3df
x30 <- 0x000200022000FFDF

mem[X,0x000000008000194C] -> 0x0EB7
mem[X,0x000000008000194E] -> 0xC000
[1624] [M]: 0x000000008000194C (0xC0000EB7) lui t4, -0x40000
x29 <- 0xFFFFFFFFC0000000

mem[X,0x0000000080001950] -> 0x8E93
mem[X,0x0000000080001952] -> 0x040E
[1625] [M]: 0x0000000080001950 (0x040E8E93) addi t4, t4, 0x40
x29 <- 0xFFFFFFFFC0000040

mem[X,0x0000000080001954] -> 0x9E93
mem[X,0x0000000080001956] -> 0x00BE
[1626] [M]: 0x0000000080001954 (0x00BE9E93) slli t4, t4, 0xb
x29 <- 0xFFFFFE0000020000

mem[X,0x0000000080001958] -> 0x8E93
mem[X,0x000000008000195A] -> 0x7FFE
[1627] [M]: 0x0000000080001958 (0x7FFE8E93) addi t4, t4, 0x7ff
x29 <- 0xFFFFFE00000207FF

mem[X,0x000000008000195C] -> 0x9E93
mem[X,0x000000008000195E] -> 0x00BE
[1628] [M]: 0x000000008000195C (0x00BE9E93) slli t4, t4, 0xb
x29 <- 0xFFF00000103FF800

mem[X,0x0000000080001960] -> 0x8E93
mem[X,0x0000000080001962] -> 0x7BFE
[1629] [M]: 0x0000000080001960 (0x7BFE8E93) addi t4, t4, 0x7bf
x29 <- 0xFFF00000103FFFBF

mem[X,0x0000000080001964] -> 0x9E93
mem[X,0x0000000080001966] -> 0x00AE
[1630] [M]: 0x0000000080001964 (0x00AE9E93) slli t4, t4, 0xa
x29 <- 0xC0000040FFFEFC00

mem[X,0x0000000080001968] -> 0x8E93
mem[X,0x000000008000196A] -> 0x3FEE
[1631] [M]: 0x0000000080001968 (0x3FEE8E93) addi t4, t4, 0x3fe
x29 <- 0xC0000040FFFEFFFE

mem[X,0x000000008000196C] -> 0x5FBB
mem[X,0x000000008000196E] -> 0xA7DF
[1632] [M]: 0x000000008000196C (0xA7DF5FBB) pm4addu.h t6, t5, t4
x31 <- 0x000000011FDE40C2

mem[X,0x0000000080001970] -> 0x3823
mem[X,0x0000000080001972] -> 0x1BF1
[1633] [M]: 0x0000000080001970 (0x1BF13823) sd t6, 0x1b0(sp)
mem[0x00000000800043B8] <- 0x000000011FDE40C2

mem[X,0x0000000080001974] -> 0x0F37
mem[X,0x0000000080001976] -> 0x0040
[1634] [M]: 0x0000000080001974 (0x00400F37) lui t5, 0x400
x30 <- 0x0000000000400000

mem[X,0x0000000080001978] -> 0x0F13
mem[X,0x000000008000197A] -> 0x003F
[1635] [M]: 0x0000000080001978 (0x003F0F13) addi t5, t5, 0x3
x30 <- 0x0000000000400003

mem[X,0x000000008000197C] -> 0x1F13
mem[X,0x000000008000197E] -> 0x00BF
[1636] [M]: 0x000000008000197C (0x00BF1F13) slli t5, t5, 0xb
x30 <- 0x0000000200001800

mem[X,0x0000000080001980] -> 0x0F13
mem[X,0x0000000080001982] -> 0x7DFF
[1637] [M]: 0x0000000080001980 (0x7DFF0F13) addi t5, t5, 0x7df
x30 <- 0x0000000200001FDF

mem[X,0x0000000080001984] -> 0x1F13
mem[X,0x0000000080001986] -> 0x00BF
[1638] [M]: 0x0000000080001984 (0x00BF1F13) slli t5, t5, 0xb
x30 <- 0x0000100000FEF800

mem[X,0x0000000080001988] -> 0x0F13
mem[X,0x000000008000198A] -> 0x7C0F
[1639] [M]: 0x0000000080001988 (0x7C0F0F13) addi t5, t5, 0x7c0
x30 <- 0x0000100000FEFFC0

mem[X,0x000000008000198C] -> 0x1F13
mem[X,0x000000008000198E] -> 0x00AF
[1640] [M]: 0x000000008000198C (0x00AF1F13) slli t5, t5, 0xa
x30 <- 0x00400003FBFF0000

mem[X,0x0000000080001990] -> 0x0F13
mem[X,0x0000000080001992] -> 0x002F
[1641] [M]: 0x0000000080001990 (0x002F0F13) addi t5, t5, 0x2
x30 <- 0x00400003FBFF0002

mem[X,0x0000000080001994] -> 0xFEB7
mem[X,0x0000000080001996] -> 0x0001
[1642] [M]: 0x0000000080001994 (0x0001FEB7) lui t4, 0x1f
x29 <- 0x000000000001F000

mem[X,0x0000000080001998] -> 0x8E93
mem[X,0x000000008000199A] -> 0x7FFE
[1643] [M]: 0x0000000080001998 (0x7FFE8E93) addi t4, t4, 0x7ff
x29 <- 0x000000000001F7FF

mem[X,0x000000008000199C] -> 0x9E93
mem[X,0x000000008000199E] -> 0x00BE
[1644] [M]: 0x000000008000199C (0x00BE9E93) slli t4, t4, 0xb
x29 <- 0x000000000FBFF800

mem[X,0x00000000800019A0] -> 0x8E93
mem[X,0x00000000800019A2] -> 0x000E
[1645] [M]: 0x00000000800019A0 (0x000E8E93) addi t4, t4, 0x0
x29 <- 0x000000000FBFF800

mem[X,0x00000000800019A4] -> 0x9E93
mem[X,0x00000000800019A6] -> 0x00BE
[1646] [M]: 0x00000000800019A4 (0x00BE9E93) slli t4, t4, 0xb
x29 <- 0x0000007DFFC00000

mem[X,0x00000000800019A8] -> 0x8E93
mem[X,0x00000000800019AA] -> 0x42FE
[1647] [M]: 0x00000000800019A8 (0x42FE8E93) addi t4, t4, 0x42f
x29 <- 0x0000007DFFC0042F

mem[X,0x00000000800019AC] -> 0x9E93
mem[X,0x00000000800019AE] -> 0x00AE
[1648] [M]: 0x00000000800019AC (0x00AE9E93) slli t4, t4, 0xa
x29 <- 0x0001F7FF0010BC00

mem[X,0x00000000800019B0] -> 0x8E93
mem[X,0x00000000800019B2] -> 0x3FFE
[1649] [M]: 0x00000000800019B0 (0x3FFE8E93) addi t4, t4, 0x3ff
x29 <- 0x0001F7FF0010BFFF

mem[X,0x00000000800019B4] -> 0x5FBB
mem[X,0x00000000800019B6] -> 0xA7DF
[1650] [M]: 0x00000000800019B4 (0xA7DF5FBB) pm4addu.h t6, t5, t4
x31 <- 0x000000000014282B

mem[X,0x00000000800019B8] -> 0x3C23
mem[X,0x00000000800019BA] -> 0x1BF1
[1651] [M]: 0x00000000800019B8 (0x1BF13C23) sd t6, 0x1b8(sp)
mem[0x00000000800043C0] <- 0x000000000014282B

mem[X,0x00000000800019BC] -> 0x0F37
mem[X,0x00000000800019BE] -> 0x0009
[1652] [M]: 0x00000000800019BC (0x00090F37) lui t5, 0x90
x30 <- 0x0000000000090000

mem[X,0x00000000800019C0] -> 0x0F13
mem[X,0x00000000800019C2] -> 0x010F
[1653] [M]: 0x00000000800019C0 (0x010F0F13) addi t5, t5, 0x10
x30 <- 0x0000000000090010

mem[X,0x00000000800019C4] -> 0x1F13
mem[X,0x00000000800019C6] -> 0x00BF
[1654] [M]: 0x00000000800019C4 (0x00BF1F13) slli t5, t5, 0xb
x30 <- 0x0000000048008000

mem[X,0x00000000800019C8] -> 0x0F13
mem[X,0x00000000800019CA] -> 0x7FFF
[1655] [M]: 0x00000000800019C8 (0x7FFF0F13) addi t5, t5, 0x7ff
x30 <- 0x00000000480087FF

mem[X,0x00000000800019CC] -> 0x1F13
mem[X,0x00000000800019CE] -> 0x00BF
[1656] [M]: 0x00000000800019CC (0x00BF1F13) slli t5, t5, 0xb
x30 <- 0x00000240043FF800

mem[X,0x00000000800019D0] -> 0x0F13
mem[X,0x00000000800019D2] -> 0x70FF
[1657] [M]: 0x00000000800019D0 (0x70FF0F13) addi t5, t5, 0x70f
x30 <- 0x00000240043FFF0F

mem[X,0x00000000800019D4] -> 0x1F13
mem[X,0x00000000800019D6] -> 0x00AF
[1658] [M]: 0x00000000800019D4 (0x00AF1F13) slli t5, t5, 0xa
x30 <- 0x00090010FFFC3C00

mem[X,0x00000000800019D8] -> 0x0F13
mem[X,0x00000000800019DA] -> 0x3FFF
[1659] [M]: 0x00000000800019D8 (0x3FFF0F13) addi t5, t5, 0x3ff
x30 <- 0x00090010FFFC3FFF

mem[X,0x00000000800019DC] -> 0x1EB7
mem[X,0x00000000800019DE] -> 0x0020
[1660] [M]: 0x00000000800019DC (0x00201EB7) lui t4, 0x201
x29 <- 0x0000000000201000

mem[X,0x00000000800019E0] -> 0x8E93
mem[X,0x00000000800019E2] -> 0x000E
[1661] [M]: 0x00000000800019E0 (0x000E8E93) addi t4, t4, 0x0
x29 <- 0x0000000000201000

mem[X,0x00000000800019E4] -> 0x9E93
mem[X,0x00000000800019E6] -> 0x00BE
[1662] [M]: 0x00000000800019E4 (0x00BE9E93) slli t4, t4, 0xb
x29 <- 0x0000000100800000

mem[X,0x00000000800019E8] -> 0x8E93
mem[X,0x00000000800019EA] -> 0x000E
[1663] [M]: 0x00000000800019E8 (0x000E8E93) addi t4, t4, 0x0
x29 <- 0x0000000100800000

mem[X,0x00000000800019EC] -> 0x9E93
mem[X,0x00000000800019EE] -> 0x00BE
[1664] [M]: 0x00000000800019EC (0x00BE9E93) slli t4, t4, 0xb
x29 <- 0x0000080400000000

mem[X,0x00000000800019F0] -> 0x8E93
mem[X,0x00000000800019F2] -> 0x400E
[1665] [M]: 0x00000000800019F0 (0x400E8E93) addi t4, t4, 0x400
x29 <- 0x0000080400000400

mem[X,0x00000000800019F4] -> 0x9E93
mem[X,0x00000000800019F6] -> 0x00AE
[1666] [M]: 0x00000000800019F4 (0x00AE9E93) slli t4, t4, 0xa
x29 <- 0x0020100000100000

mem[X,0x00000000800019F8] -> 0x8E93
mem[X,0x00000000800019FA] -> 0x008E
[1667] [M]: 0x00000000800019F8 (0x008E8E93) addi t4, t4, 0x8
x29 <- 0x0020100000100008

mem[X,0x00000000800019FC] -> 0x5FBB
mem[X,0x00000000800019FE] -> 0xA7DF
[1668] [M]: 0x00000000800019FC (0xA7DF5FBB) pm4addu.h t6, t5, t4
x31 <- 0x00000000001300D8

mem[X,0x0000000080001A00] -> 0x3023
mem[X,0x0000000080001A02] -> 0x1DF1
[1669] [M]: 0x0000000080001A00 (0x1DF13023) sd t6, 0x1c0(sp)
mem[0x00000000800043C8] <- 0x00000000001300D8

mem[X,0x0000000080001A04] -> 0x0F37
mem[X,0x0000000080001A06] -> 0x0000
[1670] [M]: 0x0000000080001A04 (0x00000F37) lui t5, 0x0
x30 <- 0x0000000000000000

mem[X,0x0000000080001A08] -> 0x0F13
mem[X,0x0000000080001A0A] -> 0xEFFF
[1671] [M]: 0x0000000080001A08 (0xEFFF0F13) addi t5, t5, -0x101
x30 <- 0xFFFFFFFFFFFFFEFF

mem[X,0x0000000080001A0C] -> 0x1F13
mem[X,0x0000000080001A0E] -> 0x00BF
[1672] [M]: 0x0000000080001A0C (0x00BF1F13) slli t5, t5, 0xb
x30 <- 0xFFFFFFFFFFF7F800

mem[X,0x0000000080001A10] -> 0x0F13
mem[X,0x0000000080001A12] -> 0x000F
[1673] [M]: 0x0000000080001A10 (0x000F0F13) addi t5, t5, 0x0
x30 <- 0xFFFFFFFFFFF7F800

mem[X,0x0000000080001A14] -> 0x1F13
mem[X,0x0000000080001A16] -> 0x00BF
[1674] [M]: 0x0000000080001A14 (0x00BF1F13) slli t5, t5, 0xb
x30 <- 0xFFFFFFFFBFC00000

mem[X,0x0000000080001A18] -> 0x0F13
mem[X,0x0000000080001A1A] -> 0x1C0F
[1675] [M]: 0x0000000080001A18 (0x1C0F0F13) addi t5, t5, 0x1c0
x30 <- 0xFFFFFFFFBFC001C0

mem[X,0x0000000080001A1C] -> 0x1F13
mem[X,0x0000000080001A1E] -> 0x00AF
[1676] [M]: 0x0000000080001A1C (0x00AF1F13) slli t5, t5, 0xa
x30 <- 0xFFFFFEFF00070000

mem[X,0x0000000080001A20] -> 0x0F13
mem[X,0x0000000080001A22] -> 0x001F
[1677] [M]: 0x0000000080001A20 (0x001F0F13) addi t5, t5, 0x1
x30 <- 0xFFFFFEFF00070001

mem[X,0x0000000080001A24] -> 0x0EB7
mem[X,0x0000000080001A26] -> 0x0010
[1678] [M]: 0x0000000080001A24 (0x00100EB7) lui t4, 0x100
x29 <- 0x0000000000100000

mem[X,0x0000000080001A28] -> 0x8E93
mem[X,0x0000000080001A2A] -> 0x006E
[1679] [M]: 0x0000000080001A28 (0x006E8E93) addi t4, t4, 0x6
x29 <- 0x0000000000100006

mem[X,0x0000000080001A2C] -> 0x9E93
mem[X,0x0000000080001A2E] -> 0x00BE
[1680] [M]: 0x0000000080001A2C (0x00BE9E93) slli t4, t4, 0xb
x29 <- 0x0000000080003000

mem[X,0x0000000080001A30] -> 0x8E93
mem[X,0x0000000080001A32] -> 0x7DFE
[1681] [M]: 0x0000000080001A30 (0x7DFE8E93) addi t4, t4, 0x7df
x29 <- 0x00000000800037DF

mem[X,0x0000000080001A34] -> 0x9E93
mem[X,0x0000000080001A36] -> 0x00BE
[1682] [M]: 0x0000000080001A34 (0x00BE9E93) slli t4, t4, 0xb
x29 <- 0x0000040001BEF800

mem[X,0x0000000080001A38] -> 0x8E93
mem[X,0x0000000080001A3A] -> 0x7FFE
[1683] [M]: 0x0000000080001A38 (0x7FFE8E93) addi t4, t4, 0x7ff
x29 <- 0x0000040001BEFFFF

mem[X,0x0000000080001A3C] -> 0x9E93
mem[X,0x0000000080001A3E] -> 0x00AE
[1684] [M]: 0x0000000080001A3C (0x00AE9E93) slli t4, t4, 0xa
x29 <- 0x00100006FBFFFC00

mem[X,0x0000000080001A40] -> 0x8E93
mem[X,0x0000000080001A42] -> 0x3FDE
[1685] [M]: 0x0000000080001A40 (0x3FDE8E93) addi t4, t4, 0x3fd
x29 <- 0x00100006FBFFFFFD

mem[X,0x0000000080001A44] -> 0x5FBB
mem[X,0x0000000080001A46] -> 0xA7DF
[1686] [M]: 0x0000000080001A44 (0xA7DF5FBB) pm4addu.h t6, t5, t4
x31 <- 0x00000000001DDDE0

mem[X,0x0000000080001A48] -> 0x3423
mem[X,0x0000000080001A4A] -> 0x1DF1
[1687] [M]: 0x0000000080001A48 (0x1DF13423) sd t6, 0x1c8(sp)
mem[0x00000000800043D0] <- 0x00000000001DDDE0

mem[X,0x0000000080001A4C] -> 0x0F37
mem[X,0x0000000080001A4E] -> 0x0005
[1688] [M]: 0x0000000080001A4C (0x00050F37) lui t5, 0x50
x30 <- 0x0000000000050000

mem[X,0x0000000080001A50] -> 0x0F13
mem[X,0x0000000080001A52] -> 0xFF6F
[1689] [M]: 0x0000000080001A50 (0xFF6F0F13) addi t5, t5, -0xa
x30 <- 0x000000000004FFF6

mem[X,0x0000000080001A54] -> 0x1F13
mem[X,0x0000000080001A56] -> 0x00BF
[1690] [M]: 0x0000000080001A54 (0x00BF1F13) slli t5, t5, 0xb
x30 <- 0x0000000027FFB000

mem[X,0x0000000080001A58] -> 0x0F13
mem[X,0x0000000080001A5A] -> 0x7F7F
[1691] [M]: 0x0000000080001A58 (0x7F7F0F13) addi t5, t5, 0x7f7
x30 <- 0x0000000027FFB7F7

mem[X,0x0000000080001A5C] -> 0x1F13
mem[X,0x0000000080001A5E] -> 0x00BF
[1692] [M]: 0x0000000080001A5C (0x00BF1F13) slli t5, t5, 0xb
x30 <- 0x0000013FFDBFB800

mem[X,0x0000000080001A60] -> 0x0F13
mem[X,0x0000000080001A62] -> 0x7C0F
[1693] [M]: 0x0000000080001A60 (0x7C0F0F13) addi t5, t5, 0x7c0
x30 <- 0x0000013FFDBFBFC0

mem[X,0x0000000080001A64] -> 0x1F13
mem[X,0x0000000080001A66] -> 0x00AF
[1694] [M]: 0x0000000080001A64 (0x00AF1F13) slli t5, t5, 0xa
x30 <- 0x0004FFF6FEFF0000

mem[X,0x0000000080001A68] -> 0x0F13
mem[X,0x0000000080001A6A] -> 0x003F
[1695] [M]: 0x0000000080001A68 (0x003F0F13) addi t5, t5, 0x3
x30 <- 0x0004FFF6FEFF0003

mem[X,0x0000000080001A6C] -> 0x0EB7
mem[X,0x0000000080001A6E] -> 0xFFFD
[1696] [M]: 0x0000000080001A6C (0xFFFD0EB7) lui t4, -0x30
x29 <- 0xFFFFFFFFFFFD0000

mem[X,0x0000000080001A70] -> 0x8E93
mem[X,0x0000000080001A72] -> 0xFEFE
[1697] [M]: 0x0000000080001A70 (0xFEFE8E93) addi t4, t4, -0x11
x29 <- 0xFFFFFFFFFFFCFFEF

mem[X,0x0000000080001A74] -> 0x9E93
mem[X,0x0000000080001A76] -> 0x00BE
[1698] [M]: 0x0000000080001A74 (0x00BE9E93) slli t4, t4, 0xb
x29 <- 0xFFFFFFFFE7FF7800

mem[X,0x0000000080001A78] -> 0x8E93
mem[X,0x0000000080001A7A] -> 0x000E
[1699] [M]: 0x0000000080001A78 (0x000E8E93) addi t4, t4, 0x0
x29 <- 0xFFFFFFFFE7FF7800

clint::tick mtime <- 0x0000000000000011
 clint timer pending at mtime 0x0000000000000011
htif::tick 0x0000000000000000
mem[X,0x0000000080001A7C] -> 0x9E93
mem[X,0x0000000080001A7E] -> 0x00BE
[1700] [M]: 0x0000000080001A7C (0x00BE9E93) slli t4, t4, 0xb
x29 <- 0xFFFFFF3FFBC00000

mem[X,0x0000000080001A80] -> 0x8E93
mem[X,0x0000000080001A82] -> 0x408E
[1701] [M]: 0x0000000080001A80 (0x408E8E93) addi t4, t4, 0x408
x29 <- 0xFFFFFF3FFBC00408

mem[X,0x0000000080001A84] -> 0x9E93
mem[X,0x0000000080001A86] -> 0x00AE
[1702] [M]: 0x0000000080001A84 (0x00AE9E93) slli t4, t4, 0xa
x29 <- 0xFFFCFFEF00102000

mem[X,0x0000000080001A88] -> 0x5FBB
mem[X,0x0000000080001A8A] -> 0xA7DF
[1703] [M]: 0x0000000080001A88 (0xA7DF5FBB) pm4addu.h t6, t5, t4
x31 <- 0x00000000FFF9508A

mem[X,0x0000000080001A8C] -> 0x3823
mem[X,0x0000000080001A8E] -> 0x1DF1
[1704] [M]: 0x0000000080001A8C (0x1DF13823) sd t6, 0x1d0(sp)
mem[0x00000000800043D8] <- 0x00000000FFF9508A

mem[X,0x0000000080001A90] -> 0x0F37
mem[X,0x0000000080001A92] -> 0x8000
[1705] [M]: 0x0000000080001A90 (0x80000F37) lui t5, -0x80000
x30 <- 0xFFFFFFFF80000000

mem[X,0x0000000080001A94] -> 0x0F13
mem[X,0x0000000080001A96] -> 0xFFDF
[1706] [M]: 0x0000000080001A94 (0xFFDF0F13) addi t5, t5, -0x3
x30 <- 0xFFFFFFFF7FFFFFFD

mem[X,0x0000000080001A98] -> 0x1F13
mem[X,0x0000000080001A9A] -> 0x00BF
[1707] [M]: 0x0000000080001A98 (0x00BF1F13) slli t5, t5, 0xb
x30 <- 0xFFFFFBFFFFFFE800

mem[X,0x0000000080001A9C] -> 0x0F13
mem[X,0x0000000080001A9E] -> 0x7F7F
[1708] [M]: 0x0000000080001A9C (0x7F7F0F13) addi t5, t5, 0x7f7
x30 <- 0xFFFFFBFFFFFFEFF7

mem[X,0x0000000080001AA0] -> 0x1F13
mem[X,0x0000000080001AA2] -> 0x00BF
[1709] [M]: 0x0000000080001AA0 (0x00BF1F13) slli t5, t5, 0xb
x30 <- 0xFFDFFFFFFF7FB800

mem[X,0x0000000080001AA4] -> 0x0F13
mem[X,0x0000000080001AA6] -> 0x7FFF
[1710] [M]: 0x0000000080001AA4 (0x7FFF0F13) addi t5, t5, 0x7ff
x30 <- 0xFFDFFFFFFF7FBFFF

mem[X,0x0000000080001AA8] -> 0x1F13
mem[X,0x0000000080001AAA] -> 0x00AF
[1711] [M]: 0x0000000080001AA8 (0x00AF1F13) slli t5, t5, 0xa
x30 <- 0x7FFFFFFDFEFFFC00

mem[X,0x0000000080001AAC] -> 0x0F13
mem[X,0x0000000080001AAE] -> 0x37FF
[1712] [M]: 0x0000000080001AAC (0x37FF0F13) addi t5, t5, 0x37f
x30 <- 0x7FFFFFFDFEFFFF7F

mem[X,0x0000000080001AB0] -> 0xEEB7
mem[X,0x0000000080001AB2] -> 0x0004
[1713] [M]: 0x0000000080001AB0 (0x0004EEB7) lui t4, 0x4e
x29 <- 0x000000000004E000

mem[X,0x0000000080001AB4] -> 0x8E93
mem[X,0x0000000080001AB6] -> 0xFFFE
[1714] [M]: 0x0000000080001AB4 (0xFFFE8E93) addi t4, t4, -0x1
x29 <- 0x000000000004DFFF

mem[X,0x0000000080001AB8] -> 0x9E93
mem[X,0x0000000080001ABA] -> 0x00BE
[1715] [M]: 0x0000000080001AB8 (0x00BE9E93) slli t4, t4, 0xb
x29 <- 0x0000000026FFF800

mem[X,0x0000000080001ABC] -> 0x8E93
mem[X,0x0000000080001ABE] -> 0x1FFE
[1716] [M]: 0x0000000080001ABC (0x1FFE8E93) addi t4, t4, 0x1ff
x29 <- 0x0000000026FFF9FF

mem[X,0x0000000080001AC0] -> 0x9E93
mem[X,0x0000000080001AC2] -> 0x00BE
[1717] [M]: 0x0000000080001AC0 (0x00BE9E93) slli t4, t4, 0xb
x29 <- 0x00000137FFCFF800

mem[X,0x0000000080001AC4] -> 0x8E93
mem[X,0x0000000080001AC6] -> 0x7C0E
[1718] [M]: 0x0000000080001AC4 (0x7C0E8E93) addi t4, t4, 0x7c0
x29 <- 0x00000137FFCFFFC0

mem[X,0x0000000080001AC8] -> 0x9E93
mem[X,0x0000000080001ACA] -> 0x00AE
[1719] [M]: 0x0000000080001AC8 (0x00AE9E93) slli t4, t4, 0xa
x29 <- 0x0004DFFF3FFF0000

mem[X,0x0000000080001ACC] -> 0x8E93
mem[X,0x0000000080001ACE] -> 0x001E
[1720] [M]: 0x0000000080001ACC (0x001E8E93) addi t4, t4, 0x1
x29 <- 0x0004DFFF3FFF0001

mem[X,0x0000000080001AD0] -> 0x5FBB
mem[X,0x0000000080001AD2] -> 0xA7DF
[1721] [M]: 0x0000000080001AD0 (0xA7DF5FBB) pm4addu.h t6, t5, t4
x31 <- 0x000000011FBE207F

mem[X,0x0000000080001AD4] -> 0x3C23
mem[X,0x0000000080001AD6] -> 0x1DF1
[1722] [M]: 0x0000000080001AD4 (0x1DF13C23) sd t6, 0x1d8(sp)
mem[0x00000000800043E0] <- 0x000000011FBE207F

mem[X,0x0000000080001AD8] -> 0x0F37
mem[X,0x0000000080001ADA] -> 0x0010
[1723] [M]: 0x0000000080001AD8 (0x00100F37) lui t5, 0x100
x30 <- 0x0000000000100000

mem[X,0x0000000080001ADC] -> 0x0F13
mem[X,0x0000000080001ADE] -> 0x400F
[1724] [M]: 0x0000000080001ADC (0x400F0F13) addi t5, t5, 0x400
x30 <- 0x0000000000100400

mem[X,0x0000000080001AE0] -> 0x1F13
mem[X,0x0000000080001AE2] -> 0x00BF
[1725] [M]: 0x0000000080001AE0 (0x00BF1F13) slli t5, t5, 0xb
x30 <- 0x0000000080200000

mem[X,0x0000000080001AE4] -> 0x0F13
mem[X,0x0000000080001AE6] -> 0x7DFF
[1726] [M]: 0x0000000080001AE4 (0x7DFF0F13) addi t5, t5, 0x7df
x30 <- 0x00000000802007DF

mem[X,0x0000000080001AE8] -> 0x1F13
mem[X,0x0000000080001AEA] -> 0x00BF
[1727] [M]: 0x0000000080001AE8 (0x00BF1F13) slli t5, t5, 0xb
x30 <- 0x00000401003EF800

mem[X,0x0000000080001AEC] -> 0x0F13
mem[X,0x0000000080001AEE] -> 0x7C0F
[1728] [M]: 0x0000000080001AEC (0x7C0F0F13) addi t5, t5, 0x7c0
x30 <- 0x00000401003EFFC0

mem[X,0x0000000080001AF0] -> 0x1F13
mem[X,0x0000000080001AF2] -> 0x00AF
[1729] [M]: 0x0000000080001AF0 (0x00AF1F13) slli t5, t5, 0xa
x30 <- 0x00100400FBFF0000

mem[X,0x0000000080001AF4] -> 0x0F13
mem[X,0x0000000080001AF6] -> 0x004F
[1730] [M]: 0x0000000080001AF4 (0x004F0F13) addi t5, t5, 0x4
x30 <- 0x00100400FBFF0004

mem[X,0x0000000080001AF8] -> 0x4EB7
mem[X,0x0000000080001AFA] -> 0x0003
[1731] [M]: 0x0000000080001AF8 (0x00034EB7) lui t4, 0x34
x29 <- 0x0000000000034000

mem[X,0x0000000080001AFC] -> 0x8E93
mem[X,0x0000000080001AFE] -> 0x000E
[1732] [M]: 0x0000000080001AFC (0x000E8E93) addi t4, t4, 0x0
x29 <- 0x0000000000034000

mem[X,0x0000000080001B00] -> 0x9E93
mem[X,0x0000000080001B02] -> 0x00BE
[1733] [M]: 0x0000000080001B00 (0x00BE9E93) slli t4, t4, 0xb
x29 <- 0x000000001A000000

mem[X,0x0000000080001B04] -> 0x8E93
mem[X,0x0000000080001B06] -> 0x7FFE
[1734] [M]: 0x0000000080001B04 (0x7FFE8E93) addi t4, t4, 0x7ff
x29 <- 0x000000001A0007FF

mem[X,0x0000000080001B08] -> 0x9E93
mem[X,0x0000000080001B0A] -> 0x00BE
[1735] [M]: 0x0000000080001B08 (0x00BE9E93) slli t4, t4, 0xb
x29 <- 0x000000D0003FF800

mem[X,0x0000000080001B0C] -> 0x8E93
mem[X,0x0000000080001B0E] -> 0x6C0E
[1736] [M]: 0x0000000080001B0C (0x6C0E8E93) addi t4, t4, 0x6c0
x29 <- 0x000000D0003FFEC0

mem[X,0x0000000080001B10] -> 0x9E93
mem[X,0x0000000080001B12] -> 0x00AE
[1737] [M]: 0x0000000080001B10 (0x00AE9E93) slli t4, t4, 0xa
x29 <- 0x00034000FFFB0000

mem[X,0x0000000080001B14] -> 0x8E93
mem[X,0x0000000080001B16] -> 0x005E
[1738] [M]: 0x0000000080001B14 (0x005E8E93) addi t4, t4, 0x5
x29 <- 0x00034000FFFB0005

mem[X,0x0000000080001B18] -> 0x5FBB
mem[X,0x0000000080001B1A] -> 0xA7DF
[1739] [M]: 0x0000000080001B18 (0xA7DF5FBB) pm4addu.h t6, t5, t4
x31 <- 0x00000000FCFA1449

mem[X,0x0000000080001B1C] -> 0x3023
mem[X,0x0000000080001B1E] -> 0x1FF1
[1740] [M]: 0x0000000080001B1C (0x1FF13023) sd t6, 0x1e0(sp)
mem[0x00000000800043E8] <- 0x00000000FCFA1449

mem[X,0x0000000080001B20] -> 0x1F37
mem[X,0x0000000080001B22] -> 0xFFF8
[1741] [M]: 0x0000000080001B20 (0xFFF81F37) lui t5, -0x7f
x30 <- 0xFFFFFFFFFFF81000

mem[X,0x0000000080001B24] -> 0x0F13
mem[X,0x0000000080001B26] -> 0x800F
[1742] [M]: 0x0000000080001B24 (0x800F0F13) addi t5, t5, -0x800
x30 <- 0xFFFFFFFFFFF80800

mem[X,0x0000000080001B28] -> 0x1F13
mem[X,0x0000000080001B2A] -> 0x00BF
[1743] [M]: 0x0000000080001B28 (0x00BF1F13) slli t5, t5, 0xb
x30 <- 0xFFFFFFFFC0400000

mem[X,0x0000000080001B2C] -> 0x0F13
mem[X,0x0000000080001B2E] -> 0x7FFF
[1744] [M]: 0x0000000080001B2C (0x7FFF0F13) addi t5, t5, 0x7ff
x30 <- 0xFFFFFFFFC04007FF

mem[X,0x0000000080001B30] -> 0x1F13
mem[X,0x0000000080001B32] -> 0x00BF
[1745] [M]: 0x0000000080001B30 (0x00BF1F13) slli t5, t5, 0xb
x30 <- 0xFFFFFE02003FF800

mem[X,0x0000000080001B34] -> 0x0F13
mem[X,0x0000000080001B36] -> 0x7EFF
[1746] [M]: 0x0000000080001B34 (0x7EFF0F13) addi t5, t5, 0x7ef
x30 <- 0xFFFFFE02003FFFEF

mem[X,0x0000000080001B38] -> 0x1F13
mem[X,0x0000000080001B3A] -> 0x00AF
[1747] [M]: 0x0000000080001B38 (0x00AF1F13) slli t5, t5, 0xa
x30 <- 0xFFF80800FFFFBC00

mem[X,0x0000000080001B3C] -> 0x0F13
mem[X,0x0000000080001B3E] -> 0x3FFF
[1748] [M]: 0x0000000080001B3C (0x3FFF0F13) addi t5, t5, 0x3ff
x30 <- 0xFFF80800FFFFBFFF

mem[X,0x0000000080001B40] -> 0xCEB7
mem[X,0x0000000080001B42] -> 0xF7FF
[1749] [M]: 0x0000000080001B40 (0xF7FFCEB7) lui t4, -0x8004
x29 <- 0xFFFFFFFFF7FFC000

mem[X,0x0000000080001B44] -> 0x8E93
mem[X,0x0000000080001B46] -> 0x000E
[1750] [M]: 0x0000000080001B44 (0x000E8E93) addi t4, t4, 0x0
x29 <- 0xFFFFFFFFF7FFC000

mem[X,0x0000000080001B48] -> 0x9E93
mem[X,0x0000000080001B4A] -> 0x00BE
[1751] [M]: 0x0000000080001B48 (0x00BE9E93) slli t4, t4, 0xb
x29 <- 0xFFFFFFBFFE000000

mem[X,0x0000000080001B4C] -> 0x8E93
mem[X,0x0000000080001B4E] -> 0x000E
[1752] [M]: 0x0000000080001B4C (0x000E8E93) addi t4, t4, 0x0
x29 <- 0xFFFFFFBFFE000000

mem[X,0x0000000080001B50] -> 0x9E93
mem[X,0x0000000080001B52] -> 0x00BE
[1753] [M]: 0x0000000080001B50 (0x00BE9E93) slli t4, t4, 0xb
x29 <- 0xFFFDFFF000000000

mem[X,0x0000000080001B54] -> 0x8E93
mem[X,0x0000000080001B56] -> 0x437E
[1754] [M]: 0x0000000080001B54 (0x437E8E93) addi t4, t4, 0x437
x29 <- 0xFFFDFFF000000437

mem[X,0x0000000080001B58] -> 0x9E93
mem[X,0x0000000080001B5A] -> 0x00AE
[1755] [M]: 0x0000000080001B58 (0x00AE9E93) slli t4, t4, 0xa
x29 <- 0xF7FFC0000010DC00

mem[X,0x0000000080001B5C] -> 0x8E93
mem[X,0x0000000080001B5E] -> 0x3FFE
[1756] [M]: 0x0000000080001B5C (0x3FFE8E93) addi t4, t4, 0x3ff
x29 <- 0xF7FFC0000010DFFF

mem[X,0x0000000080001B60] -> 0x5FBB
mem[X,0x0000000080001B62] -> 0xA7DF
[1757] [M]: 0x0000000080001B60 (0xA7DF5FBB) pm4addu.h t6, t5, t4
x31 <- 0x00000001A6059FF9

mem[X,0x0000000080001B64] -> 0x3423
mem[X,0x0000000080001B66] -> 0x1FF1
[1758] [M]: 0x0000000080001B64 (0x1FF13423) sd t6, 0x1e8(sp)
mem[0x00000000800043F0] <- 0x00000001A6059FF9

mem[X,0x0000000080001B68] -> 0x0F37
mem[X,0x0000000080001B6A] -> 0x0400
[1759] [M]: 0x0000000080001B68 (0x04000F37) lui t5, 0x4000
x30 <- 0x0000000004000000

mem[X,0x0000000080001B6C] -> 0x0F13
mem[X,0x0000000080001B6E] -> 0x400F
[1760] [M]: 0x0000000080001B6C (0x400F0F13) addi t5, t5, 0x400
x30 <- 0x0000000004000400

mem[X,0x0000000080001B70] -> 0x1F13
mem[X,0x0000000080001B72] -> 0x00BF
[1761] [M]: 0x0000000080001B70 (0x00BF1F13) slli t5, t5, 0xb
x30 <- 0x0000002000200000

mem[X,0x0000000080001B74] -> 0x0F13
mem[X,0x0000000080001B76] -> 0x020F
[1762] [M]: 0x0000000080001B74 (0x020F0F13) addi t5, t5, 0x20
x30 <- 0x0000002000200020

mem[X,0x0000000080001B78] -> 0x1F13
mem[X,0x0000000080001B7A] -> 0x00BF
[1763] [M]: 0x0000000080001B78 (0x00BF1F13) slli t5, t5, 0xb
x30 <- 0x0001000100010000

mem[X,0x0000000080001B7C] -> 0x0F13
mem[X,0x0000000080001B7E] -> 0x03FF
[1764] [M]: 0x0000000080001B7C (0x03FF0F13) addi t5, t5, 0x3f
x30 <- 0x000100010001003F

mem[X,0x0000000080001B80] -> 0x1F13
mem[X,0x0000000080001B82] -> 0x00AF
[1765] [M]: 0x0000000080001B80 (0x00AF1F13) slli t5, t5, 0xa
x30 <- 0x040004000400FC00

mem[X,0x0000000080001B84] -> 0x0F13
mem[X,0x0000000080001B86] -> 0x2FFF
[1766] [M]: 0x0000000080001B84 (0x2FFF0F13) addi t5, t5, 0x2ff
x30 <- 0x040004000400FEFF

mem[X,0x0000000080001B88] -> 0x0EB7
mem[X,0x0000000080001B8A] -> 0xFFFA
[1767] [M]: 0x0000000080001B88 (0xFFFA0EB7) lui t4, -0x60
x29 <- 0xFFFFFFFFFFFA0000

mem[X,0x0000000080001B8C] -> 0x8E93
mem[X,0x0000000080001B8E] -> 0xFEFE
[1768] [M]: 0x0000000080001B8C (0xFEFE8E93) addi t4, t4, -0x11
x29 <- 0xFFFFFFFFFFF9FFEF

mem[X,0x0000000080001B90] -> 0x9E93
mem[X,0x0000000080001B92] -> 0x00BE
[1769] [M]: 0x0000000080001B90 (0x00BE9E93) slli t4, t4, 0xb
x29 <- 0xFFFFFFFFCFFF7800

mem[X,0x0000000080001B94] -> 0x8E93
mem[X,0x0000000080001B96] -> 0x000E
[1770] [M]: 0x0000000080001B94 (0x000E8E93) addi t4, t4, 0x0
x29 <- 0xFFFFFFFFCFFF7800

mem[X,0x0000000080001B98] -> 0x9E93
mem[X,0x0000000080001B9A] -> 0x00BE
[1771] [M]: 0x0000000080001B98 (0x00BE9E93) slli t4, t4, 0xb
x29 <- 0xFFFFFE7FFBC00000

mem[X,0x0000000080001B9C] -> 0x8E93
mem[X,0x0000000080001B9E] -> 0x13FE
[1772] [M]: 0x0000000080001B9C (0x13FE8E93) addi t4, t4, 0x13f
x29 <- 0xFFFFFE7FFBC0013F

mem[X,0x0000000080001BA0] -> 0x9E93
mem[X,0x0000000080001BA2] -> 0x00AE
[1773] [M]: 0x0000000080001BA0 (0x00AE9E93) slli t4, t4, 0xa
x29 <- 0xFFF9FFEF0004FC00

mem[X,0x0000000080001BA4] -> 0x8E93
mem[X,0x0000000080001BA6] -> 0x1FFE
[1774] [M]: 0x0000000080001BA4 (0x1FFE8E93) addi t4, t4, 0x1ff
x29 <- 0xFFF9FFEF0004FDFF

mem[X,0x0000000080001BA8] -> 0x5FBB
mem[X,0x0000000080001BAA] -> 0xA7DF
[1775] [M]: 0x0000000080001BA8 (0xA7DF5FBB) pm4addu.h t6, t5, t4
x31 <- 0x0000000104FFB301

mem[X,0x0000000080001BAC] -> 0x3823
mem[X,0x0000000080001BAE] -> 0x1FF1
[1776] [M]: 0x0000000080001BAC (0x1FF13823) sd t6, 0x1f0(sp)
mem[0x00000000800043F8] <- 0x0000000104FFB301

mem[X,0x0000000080001BB0] -> 0x0F37
mem[X,0x0000000080001BB2] -> 0x1000
[1777] [M]: 0x0000000080001BB0 (0x10000F37) lui t5, 0x10000
x30 <- 0x0000000010000000

mem[X,0x0000000080001BB4] -> 0x0F13
mem[X,0x0000000080001BB6] -> 0x040F
[1778] [M]: 0x0000000080001BB4 (0x040F0F13) addi t5, t5, 0x40
x30 <- 0x0000000010000040

mem[X,0x0000000080001BB8] -> 0x1F13
mem[X,0x0000000080001BBA] -> 0x00BF
[1779] [M]: 0x0000000080001BB8 (0x00BF1F13) slli t5, t5, 0xb
x30 <- 0x0000008000020000

mem[X,0x0000000080001BBC] -> 0x0F13
mem[X,0x0000000080001BBE] -> 0x100F
[1780] [M]: 0x0000000080001BBC (0x100F0F13) addi t5, t5, 0x100
x30 <- 0x0000008000020100

mem[X,0x0000000080001BC0] -> 0x1F13
mem[X,0x0000000080001BC2] -> 0x00BF
[1781] [M]: 0x0000000080001BC0 (0x00BF1F13) slli t5, t5, 0xb
x30 <- 0x0004000010080000

mem[X,0x0000000080001BC4] -> 0x0F13
mem[X,0x0000000080001BC6] -> 0x00FF
[1782] [M]: 0x0000000080001BC4 (0x00FF0F13) addi t5, t5, 0xf
x30 <- 0x000400001008000F

mem[X,0x0000000080001BC8] -> 0x1F13
mem[X,0x0000000080001BCA] -> 0x00AF
[1783] [M]: 0x0000000080001BC8 (0x00AF1F13) slli t5, t5, 0xa
x30 <- 0x1000004020003C00

mem[X,0x0000000080001BCC] -> 0x0F13
mem[X,0x0000000080001BCE] -> 0x3FFF
[1784] [M]: 0x0000000080001BCC (0x3FFF0F13) addi t5, t5, 0x3ff
x30 <- 0x1000004020003FFF

mem[X,0x0000000080001BD0] -> 0x0EB7
mem[X,0x0000000080001BD2] -> 0x8000
[1785] [M]: 0x0000000080001BD0 (0x80000EB7) lui t4, -0x80000
x29 <- 0xFFFFFFFF80000000

mem[X,0x0000000080001BD4] -> 0x8E93
mem[X,0x0000000080001BD6] -> 0x100E
[1786] [M]: 0x0000000080001BD4 (0x100E8E93) addi t4, t4, 0x100
x29 <- 0xFFFFFFFF80000100

mem[X,0x0000000080001BD8] -> 0x9E93
mem[X,0x0000000080001BDA] -> 0x00BE
[1787] [M]: 0x0000000080001BD8 (0x00BE9E93) slli t4, t4, 0xb
x29 <- 0xFFFFFC0000080000

mem[X,0x0000000080001BDC] -> 0x8E93
mem[X,0x0000000080001BDE] -> 0x7FFE
[1788] [M]: 0x0000000080001BDC (0x7FFE8E93) addi t4, t4, 0x7ff
x29 <- 0xFFFFFC00000807FF

mem[X,0x0000000080001BE0] -> 0x9E93
mem[X,0x0000000080001BE2] -> 0x00BE
[1789] [M]: 0x0000000080001BE0 (0x00BE9E93) slli t4, t4, 0xb
x29 <- 0xFFE00000403FF800

mem[X,0x0000000080001BE4] -> 0x8E93
mem[X,0x0000000080001BE6] -> 0x682E
[1790] [M]: 0x0000000080001BE4 (0x682E8E93) addi t4, t4, 0x682
x29 <- 0xFFE00000403FFE82

mem[X,0x0000000080001BE8] -> 0x9E93
mem[X,0x0000000080001BEA] -> 0x00AE
[1791] [M]: 0x0000000080001BE8 (0x00AE9E93) slli t4, t4, 0xa
x29 <- 0x80000100FFFA0800

mem[X,0x0000000080001BEC] -> 0x5FBB
mem[X,0x0000000080001BEE] -> 0xA7DF
[1792] [M]: 0x0000000080001BEC (0xA7DF5FBB) pm4addu.h t6, t5, t4
x31 <- 0x0000000029FF7800

mem[X,0x0000000080001BF0] -> 0x3C23
mem[X,0x0000000080001BF2] -> 0x1FF1
[1793] [M]: 0x0000000080001BF0 (0x1FF13C23) sd t6, 0x1f8(sp)
mem[0x0000000080004400] <- 0x0000000029FF7800

mem[X,0x0000000080001BF4] -> 0x0F37
mem[X,0x0000000080001BF6] -> 0xFFFF
[1794] [M]: 0x0000000080001BF4 (0xFFFF0F37) lui t5, -0x10
x30 <- 0xFFFFFFFFFFFF0000

mem[X,0x0000000080001BF8] -> 0x0F13
mem[X,0x0000000080001BFA] -> 0x000F
[1795] [M]: 0x0000000080001BF8 (0x000F0F13) addi t5, t5, 0x0
x30 <- 0xFFFFFFFFFFFF0000

mem[X,0x0000000080001BFC] -> 0x1F13
mem[X,0x0000000080001BFE] -> 0x00BF
[1796] [M]: 0x0000000080001BFC (0x00BF1F13) slli t5, t5, 0xb
x30 <- 0xFFFFFFFFF8000000

mem[X,0x0000000080001C00] -> 0x0F13
mem[X,0x0000000080001C02] -> 0x3FFF
[1797] [M]: 0x0000000080001C00 (0x3FFF0F13) addi t5, t5, 0x3ff
x30 <- 0xFFFFFFFFF80003FF

mem[X,0x0000000080001C04] -> 0x1F13
mem[X,0x0000000080001C06] -> 0x00BF
[1798] [M]: 0x0000000080001C04 (0x00BF1F13) slli t5, t5, 0xb
x30 <- 0xFFFFFFC0001FF800

mem[X,0x0000000080001C08] -> 0x0F13
mem[X,0x0000000080001C0A] -> 0x7FFF
[1799] [M]: 0x0000000080001C08 (0x7FFF0F13) addi t5, t5, 0x7ff
x30 <- 0xFFFFFFC0001FFFFF

clint::tick mtime <- 0x0000000000000012
 clint timer pending at mtime 0x0000000000000012
htif::tick 0x0000000000000000
mem[X,0x0000000080001C0C] -> 0x1F13
mem[X,0x0000000080001C0E] -> 0x00AF
[1800] [M]: 0x0000000080001C0C (0x00AF1F13) slli t5, t5, 0xa
x30 <- 0xFFFF00007FFFFC00

mem[X,0x0000000080001C10] -> 0x0F13
mem[X,0x0000000080001C12] -> 0x3DFF
[1801] [M]: 0x0000000080001C10 (0x3DFF0F13) addi t5, t5, 0x3df
x30 <- 0xFFFF00007FFFFFDF

mem[X,0x0000000080001C14] -> 0x0EB7
mem[X,0x0000000080001C16] -> 0xFFFF
[1802] [M]: 0x0000000080001C14 (0xFFFF0EB7) lui t4, -0x10
x29 <- 0xFFFFFFFFFFFF0000

mem[X,0x0000000080001C18] -> 0x8E93
mem[X,0x0000000080001C1A] -> 0x005E
[1803] [M]: 0x0000000080001C18 (0x005E8E93) addi t4, t4, 0x5
x29 <- 0xFFFFFFFFFFFF0005

mem[X,0x0000000080001C1C] -> 0x9E93
mem[X,0x0000000080001C1E] -> 0x00BE
[1804] [M]: 0x0000000080001C1C (0x00BE9E93) slli t4, t4, 0xb
x29 <- 0xFFFFFFFFF8002800

mem[X,0x0000000080001C20] -> 0x8E93
mem[X,0x0000000080001C22] -> 0x7FDE
[1805] [M]: 0x0000000080001C20 (0x7FDE8E93) addi t4, t4, 0x7fd
x29 <- 0xFFFFFFFFF8002FFD

mem[X,0x0000000080001C24] -> 0x9E93
mem[X,0x0000000080001C26] -> 0x00BE
[1806] [M]: 0x0000000080001C24 (0x00BE9E93) slli t4, t4, 0xb
x29 <- 0xFFFFFFC0017FE800

mem[X,0x0000000080001C28] -> 0x8E93
mem[X,0x0000000080001C2A] -> 0x7FBE
[1807] [M]: 0x0000000080001C28 (0x7FBE8E93) addi t4, t4, 0x7fb
x29 <- 0xFFFFFFC0017FEFFB

mem[X,0x0000000080001C2C] -> 0x9E93
mem[X,0x0000000080001C2E] -> 0x00AE
[1808] [M]: 0x0000000080001C2C (0x00AE9E93) slli t4, t4, 0xa
x29 <- 0xFFFF0005FFBFEC00

mem[X,0x0000000080001C30] -> 0x8E93
mem[X,0x0000000080001C32] -> 0x3FFE
[1809] [M]: 0x0000000080001C30 (0x3FFE8E93) addi t4, t4, 0x3ff
x29 <- 0xFFFF0005FFBFEFFF

mem[X,0x0000000080001C34] -> 0x5FBB
mem[X,0x0000000080001C36] -> 0xA7DF
[1810] [M]: 0x0000000080001C34 (0xA7DF5FBB) pm4addu.h t6, t5, t4
x31 <- 0x000000026FBC9063

mem[X,0x0000000080001C38] -> 0x3023
mem[X,0x0000000080001C3A] -> 0x21F1
[1811] [M]: 0x0000000080001C38 (0x21F13023) sd t6, 0x200(sp)
mem[0x0000000080004408] <- 0x000000026FBC9063

mem[X,0x0000000080001C3C] -> 0x4F37
mem[X,0x0000000080001C3E] -> 0x0020
[1812] [M]: 0x0000000080001C3C (0x00204F37) lui t5, 0x204
x30 <- 0x0000000000204000

mem[X,0x0000000080001C40] -> 0x0F13
mem[X,0x0000000080001C42] -> 0x000F
[1813] [M]: 0x0000000080001C40 (0x000F0F13) addi t5, t5, 0x0
x30 <- 0x0000000000204000

mem[X,0x0000000080001C44] -> 0x1F13
mem[X,0x0000000080001C46] -> 0x00BF
[1814] [M]: 0x0000000080001C44 (0x00BF1F13) slli t5, t5, 0xb
x30 <- 0x0000000102000000

mem[X,0x0000000080001C48] -> 0x0F13
mem[X,0x0000000080001C4A] -> 0x7FFF
[1815] [M]: 0x0000000080001C48 (0x7FFF0F13) addi t5, t5, 0x7ff
x30 <- 0x00000001020007FF

mem[X,0x0000000080001C4C] -> 0x1F13
mem[X,0x0000000080001C4E] -> 0x00BF
[1816] [M]: 0x0000000080001C4C (0x00BF1F13) slli t5, t5, 0xb
x30 <- 0x00000810003FF800

mem[X,0x0000000080001C50] -> 0x0F13
mem[X,0x0000000080001C52] -> 0x5C0F
[1817] [M]: 0x0000000080001C50 (0x5C0F0F13) addi t5, t5, 0x5c0
x30 <- 0x00000810003FFDC0

mem[X,0x0000000080001C54] -> 0x1F13
mem[X,0x0000000080001C56] -> 0x00AF
[1818] [M]: 0x0000000080001C54 (0x00AF1F13) slli t5, t5, 0xa
x30 <- 0x00204000FFF70000

mem[X,0x0000000080001C58] -> 0x0F13
mem[X,0x0000000080001C5A] -> 0x100F
[1819] [M]: 0x0000000080001C58 (0x100F0F13) addi t5, t5, 0x100
x30 <- 0x00204000FFF70100

mem[X,0x0000000080001C5C] -> 0x0EB7
mem[X,0x0000000080001C5E] -> 0x000A
[1820] [M]: 0x0000000080001C5C (0x000A0EB7) lui t4, 0xa0
x29 <- 0x00000000000A0000

mem[X,0x0000000080001C60] -> 0x8E93
mem[X,0x0000000080001C62] -> 0xFFAE
[1821] [M]: 0x0000000080001C60 (0xFFAE8E93) addi t4, t4, -0x6
x29 <- 0x000000000009FFFA

mem[X,0x0000000080001C64] -> 0x9E93
mem[X,0x0000000080001C66] -> 0x00BE
[1822] [M]: 0x0000000080001C64 (0x00BE9E93) slli t4, t4, 0xb
x29 <- 0x000000004FFFD000

mem[X,0x0000000080001C68] -> 0x8E93
mem[X,0x0000000080001C6A] -> 0x002E
[1823] [M]: 0x0000000080001C68 (0x002E8E93) addi t4, t4, 0x2
x29 <- 0x000000004FFFD002

mem[X,0x0000000080001C6C] -> 0x9E93
mem[X,0x0000000080001C6E] -> 0x00BE
[1824] [M]: 0x0000000080001C6C (0x00BE9E93) slli t4, t4, 0xb
x29 <- 0x0000027FFE801000

mem[X,0x0000000080001C70] -> 0x8E93
mem[X,0x0000000080001C72] -> 0x000E
[1825] [M]: 0x0000000080001C70 (0x000E8E93) addi t4, t4, 0x0
x29 <- 0x0000027FFE801000

mem[X,0x0000000080001C74] -> 0x9E93
mem[X,0x0000000080001C76] -> 0x00AE
[1826] [M]: 0x0000000080001C74 (0x00AE9E93) slli t4, t4, 0xa
x29 <- 0x0009FFFA00400000

mem[X,0x0000000080001C78] -> 0x8E93
mem[X,0x0000000080001C7A] -> 0x004E
[1827] [M]: 0x0000000080001C78 (0x004E8E93) addi t4, t4, 0x4
x29 <- 0x0009FFFA00400004

mem[X,0x0000000080001C7C] -> 0x5FBB
mem[X,0x0000000080001C7E] -> 0xA7DF
[1828] [M]: 0x0000000080001C7C (0xA7DF5FBB) pm4addu.h t6, t5, t4
x31 <- 0x00000000403E82E0

mem[X,0x0000000080001C80] -> 0x3423
mem[X,0x0000000080001C82] -> 0x21F1
[1829] [M]: 0x0000000080001C80 (0x21F13423) sd t6, 0x208(sp)
mem[0x0000000080004410] <- 0x00000000403E82E0

mem[X,0x0000000080001C84] -> 0x2F37
mem[X,0x0000000080001C86] -> 0x0020
[1830] [M]: 0x0000000080001C84 (0x00202F37) lui t5, 0x202
x30 <- 0x0000000000202000

mem[X,0x0000000080001C88] -> 0x0F13
mem[X,0x0000000080001C8A] -> 0x000F
[1831] [M]: 0x0000000080001C88 (0x000F0F13) addi t5, t5, 0x0
x30 <- 0x0000000000202000

mem[X,0x0000000080001C8C] -> 0x1F13
mem[X,0x0000000080001C8E] -> 0x00BF
[1832] [M]: 0x0000000080001C8C (0x00BF1F13) slli t5, t5, 0xb
x30 <- 0x0000000101000000

mem[X,0x0000000080001C90] -> 0x0F13
mem[X,0x0000000080001C92] -> 0x000F
[1833] [M]: 0x0000000080001C90 (0x000F0F13) addi t5, t5, 0x0
x30 <- 0x0000000101000000

mem[X,0x0000000080001C94] -> 0x1F13
mem[X,0x0000000080001C96] -> 0x00BF
[1834] [M]: 0x0000000080001C94 (0x00BF1F13) slli t5, t5, 0xb
x30 <- 0x0000080800000000

mem[X,0x0000000080001C98] -> 0x0F13
mem[X,0x0000000080001C9A] -> 0x200F
[1835] [M]: 0x0000000080001C98 (0x200F0F13) addi t5, t5, 0x200
x30 <- 0x0000080800000200

mem[X,0x0000000080001C9C] -> 0x1F13
mem[X,0x0000000080001C9E] -> 0x00AF
[1836] [M]: 0x0000000080001C9C (0x00AF1F13) slli t5, t5, 0xa
x30 <- 0x0020200000080000

mem[X,0x0000000080001CA0] -> 0x0F13
mem[X,0x0000000080001CA2] -> 0x002F
[1837] [M]: 0x0000000080001CA0 (0x002F0F13) addi t5, t5, 0x2
x30 <- 0x0020200000080002

mem[X,0x0000000080001CA4] -> 0x0EB7
mem[X,0x0000000080001CA6] -> 0xFFFF
[1838] [M]: 0x0000000080001CA4 (0xFFFF0EB7) lui t4, -0x10
x29 <- 0xFFFFFFFFFFFF0000

mem[X,0x0000000080001CA8] -> 0x8E93
mem[X,0x0000000080001CAA] -> 0x008E
[1839] [M]: 0x0000000080001CA8 (0x008E8E93) addi t4, t4, 0x8
x29 <- 0xFFFFFFFFFFFF0008

mem[X,0x0000000080001CAC] -> 0x9E93
mem[X,0x0000000080001CAE] -> 0x00BE
[1840] [M]: 0x0000000080001CAC (0x00BE9E93) slli t4, t4, 0xb
x29 <- 0xFFFFFFFFF8004000

mem[X,0x0000000080001CB0] -> 0x8E93
mem[X,0x0000000080001CB2] -> 0x7FFE
[1841] [M]: 0x0000000080001CB0 (0x7FFE8E93) addi t4, t4, 0x7ff
x29 <- 0xFFFFFFFFF80047FF

mem[X,0x0000000080001CB4] -> 0x9E93
mem[X,0x0000000080001CB6] -> 0x00BE
[1842] [M]: 0x0000000080001CB4 (0x00BE9E93) slli t4, t4, 0xb
x29 <- 0xFFFFFFC0023FF800

mem[X,0x0000000080001CB8] -> 0x8E93
mem[X,0x0000000080001CBA] -> 0x77FE
[1843] [M]: 0x0000000080001CB8 (0x77FE8E93) addi t4, t4, 0x77f
x29 <- 0xFFFFFFC0023FFF7F

mem[X,0x0000000080001CBC] -> 0x9E93
mem[X,0x0000000080001CBE] -> 0x00AE
[1844] [M]: 0x0000000080001CBC (0x00AE9E93) slli t4, t4, 0xa
x29 <- 0xFFFF0008FFFDFC00

mem[X,0x0000000080001CC0] -> 0x8E93
mem[X,0x0000000080001CC2] -> 0x3F7E
[1845] [M]: 0x0000000080001CC0 (0x3F7E8E93) addi t4, t4, 0x3f7
x29 <- 0xFFFF0008FFFDFFF7

mem[X,0x0000000080001CC4] -> 0x5FBB
mem[X,0x0000000080001CC6] -> 0xA7DF
[1846] [M]: 0x0000000080001CC4 (0xA7DF5FBB) pm4addu.h t6, t5, t4
x31 <- 0x00000000002AFFB6

mem[X,0x0000000080001CC8] -> 0x3823
mem[X,0x0000000080001CCA] -> 0x21F1
[1847] [M]: 0x0000000080001CC8 (0x21F13823) sd t6, 0x210(sp)
mem[0x0000000080004418] <- 0x00000000002AFFB6

mem[X,0x0000000080001CCC] -> 0x2F37
mem[X,0x0000000080001CCE] -> 0x0080
[1848] [M]: 0x0000000080001CCC (0x00802F37) lui t5, 0x802
x30 <- 0x0000000000802000

mem[X,0x0000000080001CD0] -> 0x0F13
mem[X,0x0000000080001CD2] -> 0x000F
[1849] [M]: 0x0000000080001CD0 (0x000F0F13) addi t5, t5, 0x0
x30 <- 0x0000000000802000

mem[X,0x0000000080001CD4] -> 0x1F13
mem[X,0x0000000080001CD6] -> 0x00BF
[1850] [M]: 0x0000000080001CD4 (0x00BF1F13) slli t5, t5, 0xb
x30 <- 0x0000000401000000

mem[X,0x0000000080001CD8] -> 0x0F13
mem[X,0x0000000080001CDA] -> 0x1FFF
[1851] [M]: 0x0000000080001CD8 (0x1FFF0F13) addi t5, t5, 0x1ff
x30 <- 0x00000004010001FF

mem[X,0x0000000080001CDC] -> 0x1F13
mem[X,0x0000000080001CDE] -> 0x00BF
[1852] [M]: 0x0000000080001CDC (0x00BF1F13) slli t5, t5, 0xb
x30 <- 0x00002008000FF800

mem[X,0x0000000080001CE0] -> 0x0F13
mem[X,0x0000000080001CE2] -> 0x7E0F
[1853] [M]: 0x0000000080001CE0 (0x7E0F0F13) addi t5, t5, 0x7e0
x30 <- 0x00002008000FFFE0

mem[X,0x0000000080001CE4] -> 0x1F13
mem[X,0x0000000080001CE6] -> 0x00AF
[1854] [M]: 0x0000000080001CE4 (0x00AF1F13) slli t5, t5, 0xa
x30 <- 0x008020003FFF8000

mem[X,0x0000000080001CE8] -> 0x0EB7
mem[X,0x0000000080001CEA] -> 0xFFC0
[1855] [M]: 0x0000000080001CE8 (0xFFC00EB7) lui t4, -0x400
x29 <- 0xFFFFFFFFFFC00000

mem[X,0x0000000080001CEC] -> 0x8E93
mem[X,0x0000000080001CEE] -> 0xBFFE
[1856] [M]: 0x0000000080001CEC (0xBFFE8E93) addi t4, t4, -0x401
x29 <- 0xFFFFFFFFFFBFFBFF

mem[X,0x0000000080001CF0] -> 0x9E93
mem[X,0x0000000080001CF2] -> 0x00BE
[1857] [M]: 0x0000000080001CF0 (0x00BE9E93) slli t4, t4, 0xb
x29 <- 0xFFFFFFFDFFDFF800

mem[X,0x0000000080001CF4] -> 0x8E93
mem[X,0x0000000080001CF6] -> 0x004E
[1858] [M]: 0x0000000080001CF4 (0x004E8E93) addi t4, t4, 0x4
x29 <- 0xFFFFFFFDFFDFF804

mem[X,0x0000000080001CF8] -> 0x9E93
mem[X,0x0000000080001CFA] -> 0x00BE
[1859] [M]: 0x0000000080001CF8 (0x00BE9E93) slli t4, t4, 0xb
x29 <- 0xFFFFEFFEFFC02000

mem[X,0x0000000080001CFC] -> 0x8E93
mem[X,0x0000000080001CFE] -> 0x000E
[1860] [M]: 0x0000000080001CFC (0x000E8E93) addi t4, t4, 0x0
x29 <- 0xFFFFEFFEFFC02000

mem[X,0x0000000080001D00] -> 0x9E93
mem[X,0x0000000080001D02] -> 0x00AE
[1861] [M]: 0x0000000080001D00 (0x00AE9E93) slli t4, t4, 0xa
x29 <- 0xFFBFFBFF00800000

mem[X,0x0000000080001D04] -> 0x8E93
mem[X,0x0000000080001D06] -> 0x001E
[1862] [M]: 0x0000000080001D04 (0x001E8E93) addi t4, t4, 0x1
x29 <- 0xFFBFFBFF00800001

mem[X,0x0000000080001D08] -> 0x5FBB
mem[X,0x0000000080001D0A] -> 0xA7DF
[1863] [M]: 0x0000000080001D08 (0xA7DF5FBB) pm4addu.h t6, t5, t4
x31 <- 0x0000000020203F00

mem[X,0x0000000080001D0C] -> 0x3C23
mem[X,0x0000000080001D0E] -> 0x21F1
[1864] [M]: 0x0000000080001D0C (0x21F13C23) sd t6, 0x218(sp)
mem[0x0000000080004420] <- 0x0000000020203F00

mem[X,0x0000000080001D10] -> 0x0F37
mem[X,0x0000000080001D12] -> 0xFF80
[1865] [M]: 0x0000000080001D10 (0xFF800F37) lui t5, -0x800
x30 <- 0xFFFFFFFFFF800000

mem[X,0x0000000080001D14] -> 0x0F13
mem[X,0x0000000080001D16] -> 0xFBFF
[1866] [M]: 0x0000000080001D14 (0xFBFF0F13) addi t5, t5, -0x41
x30 <- 0xFFFFFFFFFF7FFFBF

mem[X,0x0000000080001D18] -> 0x1F13
mem[X,0x0000000080001D1A] -> 0x00BF
[1867] [M]: 0x0000000080001D18 (0x00BF1F13) slli t5, t5, 0xb
x30 <- 0xFFFFFFFBFFFDF800

mem[X,0x0000000080001D1C] -> 0x0F13
mem[X,0x0000000080001D1E] -> 0x7FFF
[1868] [M]: 0x0000000080001D1C (0x7FFF0F13) addi t5, t5, 0x7ff
x30 <- 0xFFFFFFFBFFFDFFFF

mem[X,0x0000000080001D20] -> 0x1F13
mem[X,0x0000000080001D22] -> 0x00BF
[1869] [M]: 0x0000000080001D20 (0x00BF1F13) slli t5, t5, 0xb
x30 <- 0xFFFFDFFFEFFFF800

mem[X,0x0000000080001D24] -> 0x0F13
mem[X,0x0000000080001D26] -> 0x75FF
[1870] [M]: 0x0000000080001D24 (0x75FF0F13) addi t5, t5, 0x75f
x30 <- 0xFFFFDFFFEFFFFF5F

mem[X,0x0000000080001D28] -> 0x1F13
mem[X,0x0000000080001D2A] -> 0x00AF
[1871] [M]: 0x0000000080001D28 (0x00AF1F13) slli t5, t5, 0xa
x30 <- 0xFF7FFFBFFFFD7C00

mem[X,0x0000000080001D2C] -> 0x0F13
mem[X,0x0000000080001D2E] -> 0x3FFF
[1872] [M]: 0x0000000080001D2C (0x3FFF0F13) addi t5, t5, 0x3ff
x30 <- 0xFF7FFFBFFFFD7FFF

mem[X,0x0000000080001D30] -> 0x0EB7
mem[X,0x0000000080001D32] -> 0x000A
[1873] [M]: 0x0000000080001D30 (0x000A0EB7) lui t4, 0xa0
x29 <- 0x00000000000A0000

mem[X,0x0000000080001D34] -> 0x8E93
mem[X,0x0000000080001D36] -> 0xFFDE
[1874] [M]: 0x0000000080001D34 (0xFFDE8E93) addi t4, t4, -0x3
x29 <- 0x000000000009FFFD

mem[X,0x0000000080001D38] -> 0x9E93
mem[X,0x0000000080001D3A] -> 0x00BE
[1875] [M]: 0x0000000080001D38 (0x00BE9E93) slli t4, t4, 0xb
x29 <- 0x000000004FFFE800

mem[X,0x0000000080001D3C] -> 0x8E93
mem[X,0x0000000080001D3E] -> 0x7FFE
[1876] [M]: 0x0000000080001D3C (0x7FFE8E93) addi t4, t4, 0x7ff
x29 <- 0x000000004FFFEFFF

mem[X,0x0000000080001D40] -> 0x9E93
mem[X,0x0000000080001D42] -> 0x00BE
[1877] [M]: 0x0000000080001D40 (0x00BE9E93) slli t4, t4, 0xb
x29 <- 0x0000027FFF7FF800

mem[X,0x0000000080001D44] -> 0x8E93
mem[X,0x0000000080001D46] -> 0x700E
[1878] [M]: 0x0000000080001D44 (0x700E8E93) addi t4, t4, 0x700
x29 <- 0x0000027FFF7FFF00

mem[X,0x0000000080001D48] -> 0x9E93
mem[X,0x0000000080001D4A] -> 0x00AE
[1879] [M]: 0x0000000080001D48 (0x00AE9E93) slli t4, t4, 0xa
x29 <- 0x0009FFFDFFFC0000

mem[X,0x0000000080001D4C] -> 0x8E93
mem[X,0x0000000080001D4E] -> 0x080E
[1880] [M]: 0x0000000080001D4C (0x080E8E93) addi t4, t4, 0x80
x29 <- 0x0009FFFDFFFC0080

mem[X,0x0000000080001D50] -> 0x5FBB
mem[X,0x0000000080001D52] -> 0xA7DF
[1881] [M]: 0x0000000080001D50 (0xA7DF5FBB) pm4addu.h t6, t5, t4
x31 <- 0x00000001FFFDFBC6

mem[X,0x0000000080001D54] -> 0x3023
mem[X,0x0000000080001D56] -> 0x23F1
[1882] [M]: 0x0000000080001D54 (0x23F13023) sd t6, 0x220(sp)
mem[0x0000000080004428] <- 0x00000001FFFDFBC6

mem[X,0x0000000080001D58] -> 0x0F37
mem[X,0x0000000080001D5A] -> 0xAAAB
[1883] [M]: 0x0000000080001D58 (0xAAAB0F37) lui t5, -0x55550
x30 <- 0xFFFFFFFFAAAB0000

mem[X,0x0000000080001D5C] -> 0x0F13
mem[X,0x0000000080001D5E] -> 0xFFBF
[1884] [M]: 0x0000000080001D5C (0xFFBF0F13) addi t5, t5, -0x5
x30 <- 0xFFFFFFFFAAAAFFFB

mem[X,0x0000000080001D60] -> 0x1F13
mem[X,0x0000000080001D62] -> 0x00BF
[1885] [M]: 0x0000000080001D60 (0x00BF1F13) slli t5, t5, 0xb
x30 <- 0xFFFFFD5557FFD800

mem[X,0x0000000080001D64] -> 0x0F13
mem[X,0x0000000080001D66] -> 0x040F
[1886] [M]: 0x0000000080001D64 (0x040F0F13) addi t5, t5, 0x40
x30 <- 0xFFFFFD5557FFD840

mem[X,0x0000000080001D68] -> 0x1F13
mem[X,0x0000000080001D6A] -> 0x00BF
[1887] [M]: 0x0000000080001D68 (0x00BF1F13) slli t5, t5, 0xb
x30 <- 0xFFEAAABFFEC20000

mem[X,0x0000000080001D6C] -> 0x0F13
mem[X,0x0000000080001D6E] -> 0x03FF
[1888] [M]: 0x0000000080001D6C (0x03FF0F13) addi t5, t5, 0x3f
x30 <- 0xFFEAAABFFEC2003F

mem[X,0x0000000080001D70] -> 0x1F13
mem[X,0x0000000080001D72] -> 0x00AF
[1889] [M]: 0x0000000080001D70 (0x00AF1F13) slli t5, t5, 0xa
x30 <- 0xAAAAFFFB0800FC00

mem[X,0x0000000080001D74] -> 0x0F13
mem[X,0x0000000080001D76] -> 0x1FFF
[1890] [M]: 0x0000000080001D74 (0x1FFF0F13) addi t5, t5, 0x1ff
x30 <- 0xAAAAFFFB0800FDFF

mem[X,0x0000000080001D78] -> 0x4EB7
mem[X,0x0000000080001D7A] -> 0x0200
[1891] [M]: 0x0000000080001D78 (0x02004EB7) lui t4, 0x2004
x29 <- 0x0000000002004000

mem[X,0x0000000080001D7C] -> 0x8E93
mem[X,0x0000000080001D7E] -> 0x000E
[1892] [M]: 0x0000000080001D7C (0x000E8E93) addi t4, t4, 0x0
x29 <- 0x0000000002004000

mem[X,0x0000000080001D80] -> 0x9E93
mem[X,0x0000000080001D82] -> 0x00BE
[1893] [M]: 0x0000000080001D80 (0x00BE9E93) slli t4, t4, 0xb
x29 <- 0x0000001002000000

mem[X,0x0000000080001D84] -> 0x8E93
mem[X,0x0000000080001D86] -> 0x000E
[1894] [M]: 0x0000000080001D84 (0x000E8E93) addi t4, t4, 0x0
x29 <- 0x0000001002000000

mem[X,0x0000000080001D88] -> 0x9E93
mem[X,0x0000000080001D8A] -> 0x00BE
[1895] [M]: 0x0000000080001D88 (0x00BE9E93) slli t4, t4, 0xb
x29 <- 0x0000801000000000

mem[X,0x0000000080001D8C] -> 0x8E93
mem[X,0x0000000080001D8E] -> 0x23EE
[1896] [M]: 0x0000000080001D8C (0x23EE8E93) addi t4, t4, 0x23e
x29 <- 0x000080100000023E

mem[X,0x0000000080001D90] -> 0x9E93
mem[X,0x0000000080001D92] -> 0x00AE
[1897] [M]: 0x0000000080001D90 (0x00AE9E93) slli t4, t4, 0xa
x29 <- 0x020040000008F800

mem[X,0x0000000080001D94] -> 0x8E93
mem[X,0x0000000080001D96] -> 0x3FFE
[1898] [M]: 0x0000000080001D94 (0x3FFE8E93) addi t4, t4, 0x3ff
x29 <- 0x020040000008FBFF

mem[X,0x0000000080001D98] -> 0x5FBB
mem[X,0x0000000080001D9A] -> 0xA7DF
[1899] [M]: 0x0000000080001D98 (0xA7DF5FBB) pm4addu.h t6, t5, t4
x31 <- 0x000000013B5A5A01

clint::tick mtime <- 0x0000000000000013
 clint timer pending at mtime 0x0000000000000013
htif::tick 0x0000000000000000
mem[X,0x0000000080001D9C] -> 0x3423
mem[X,0x0000000080001D9E] -> 0x23F1
[1900] [M]: 0x0000000080001D9C (0x23F13423) sd t6, 0x228(sp)
mem[0x0000000080004430] <- 0x000000013B5A5A01

mem[X,0x0000000080001DA0] -> 0x006F
mem[X,0x0000000080001DA2] -> 0x0380
[1901] [M]: 0x0000000080001DA0 (0x0380006F) jal zero, 0x38

mem[X,0x0000000080001DD8] -> 0x0093
mem[X,0x0000000080001DDA] -> 0x0010
[1902] [M]: 0x0000000080001DD8 (0x00100093) addi ra, zero, 0x1
x1 <- 0x0000000000000001

mem[X,0x0000000080001DDC] -> 0x0F17
mem[X,0x0000000080001DDE] -> 0x0000
[1903] [M]: 0x0000000080001DDC (0x00000F17) auipc t5, 0x0
x30 <- 0x0000000080001DDC

mem[X,0x0000000080001DE0] -> 0x2223
mem[X,0x0000000080001DE2] -> 0x221F
[1904] [M]: 0x0000000080001DE0 (0x221F2223) sw ra, 0x224(t5)
htif[0x0000000080002000] <- 0x00000001

mem[X,0x0000000080001DE4] -> 0xF06F
mem[X,0x0000000080001DE6] -> 0xFF9F
[1905] [M]: 0x0000000080001DE4 (0xFF9FF06F) jal zero, -0x8

mem[X,0x0000000080001DDC] -> 0x0F17
mem[X,0x0000000080001DDE] -> 0x0000
[1906] [M]: 0x0000000080001DDC (0x00000F17) auipc t5, 0x0
x30 <- 0x0000000080001DDC

mem[X,0x0000000080001DE0] -> 0x2223
mem[X,0x0000000080001DE2] -> 0x221F
[1907] [M]: 0x0000000080001DE0 (0x221F2223) sw ra, 0x224(t5)
htif[0x0000000080002000] <- 0x00000001

mem[X,0x0000000080001DE4] -> 0xF06F
mem[X,0x0000000080001DE6] -> 0xFF9F
[1908] [M]: 0x0000000080001DE4 (0xFF9FF06F) jal zero, -0x8

mem[X,0x0000000080001DDC] -> 0x0F17
mem[X,0x0000000080001DDE] -> 0x0000
[1909] [M]: 0x0000000080001DDC (0x00000F17) auipc t5, 0x0
x30 <- 0x0000000080001DDC

mem[X,0x0000000080001DE0] -> 0x2223
mem[X,0x0000000080001DE2] -> 0x221F
[1910] [M]: 0x0000000080001DE0 (0x221F2223) sw ra, 0x224(t5)
htif[0x0000000080002000] <- 0x00000001
htif-syscall-proxy cmd: 0x000000000001

SUCCESS
