using /home/chsu/rvp-workspace/test-64/riscof_work/pmulhsu.h.bo-01.S/ref/Reference-sail_c_simulator.signature for test-signature output.
tohost located at 0x80002000
Running file ref.elf.
ELF Entry @ 0x80000000
begin_signature: 0x80004110
end_signature: 0x80004480
CSR mstatus <- 0x0000000A00000000 (input: 0x0000000000000000)
mem[X,0x0000000000001000] -> 0x0297
mem[X,0x0000000000001002] -> 0x0000
[0] [M]: 0x0000000000001000 (0x00000297) auipc t0, 0x0
x5 <- 0x0000000000001000

mem[X,0x0000000000001004] -> 0x8593
mem[X,0x0000000000001006] -> 0x0202
[1] [M]: 0x0000000000001004 (0x02028593) addi a1, t0, 0x20
x11 <- 0x0000000000001020

mem[X,0x0000000000001008] -> 0x2573
mem[X,0x000000000000100A] -> 0xF140
[2] [M]: 0x0000000000001008 (0xF1402573) csrrs a0, mhartid, zero
CSR mhartid -> 0x0000000000000000
x10 <- 0x0000000000000000

mem[X,0x000000000000100C] -> 0xB283
mem[X,0x000000000000100E] -> 0x0182
[3] [M]: 0x000000000000100C (0x0182B283) ld t0, 0x18(t0)
mem[R,0x0000000000001018] -> 0x0000000080000000
x5 <- 0x0000000080000000

mem[X,0x0000000000001010] -> 0x8067
mem[X,0x0000000000001012] -> 0x0002
[4] [M]: 0x0000000000001010 (0x00028067) jalr zero, 0x0(t0)

mem[X,0x0000000080000000] -> 0x0837
mem[X,0x0000000080000002] -> 0x7D5C
[5] [M]: 0x0000000080000000 (0x7D5C0837) lui a6, 0x7d5c0
x16 <- 0x000000007D5C0000

mem[X,0x0000000080000004] -> 0x0813
mem[X,0x0000000080000006] -> 0xDDB8
[6] [M]: 0x0000000080000004 (0xDDB80813) addi a6, a6, -0x225
x16 <- 0x000000007D5BFDDB

mem[X,0x0000000080000008] -> 0x1813
mem[X,0x000000008000000A] -> 0x00B8
[7] [M]: 0x0000000080000008 (0x00B81813) slli a6, a6, 0xb
x16 <- 0x000003EADFEED800

mem[X,0x000000008000000C] -> 0x0813
mem[X,0x000000008000000E] -> 0x3EA8
[8] [M]: 0x000000008000000C (0x3EA80813) addi a6, a6, 0x3ea
x16 <- 0x000003EADFEEDBEA

mem[X,0x0000000080000010] -> 0x1813
mem[X,0x0000000080000012] -> 0x00B8
[9] [M]: 0x0000000080000010 (0x00B81813) slli a6, a6, 0xb
x16 <- 0x001F56FF76DF5000

mem[X,0x0000000080000014] -> 0x0813
mem[X,0x0000000080000016] -> 0x6FF8
[10] [M]: 0x0000000080000014 (0x6FF80813) addi a6, a6, 0x6ff
x16 <- 0x001F56FF76DF56FF

mem[X,0x0000000080000018] -> 0x1813
mem[X,0x000000008000001A] -> 0x00A8
[11] [M]: 0x0000000080000018 (0x00A81813) slli a6, a6, 0xa
x16 <- 0x7D5BFDDB7D5BFC00

mem[X,0x000000008000001C] -> 0x0813
mem[X,0x000000008000001E] -> 0x1DB8
[12] [M]: 0x000000008000001C (0x1DB80813) addi a6, a6, 0x1db
x16 <- 0x7D5BFDDB7D5BFDDB

mem[X,0x0000000080000020] -> 0x5893
mem[X,0x0000000080000022] -> 0x0078
[13] [M]: 0x0000000080000020 (0x00785893) srli a7, a6, 0x7
x17 <- 0x00FAB7FBB6FAB7FB

mem[X,0x0000000080000024] -> 0x5793
mem[X,0x0000000080000026] -> 0x0398
[14] [M]: 0x0000000080000024 (0x03985793) srli a5, a6, 0x39
x15 <- 0x000000000000003E

mem[X,0x0000000080000028] -> 0xE8B3
mem[X,0x000000008000002A] -> 0x00F8
[15] [M]: 0x0000000080000028 (0x00F8E8B3) or a7, a7, a5
x17 <- 0x00FAB7FBB6FAB7FF

mem[X,0x000000008000002C] -> 0xD913
mem[X,0x000000008000002E] -> 0x0078
[16] [M]: 0x000000008000002C (0x0078D913) srli s2, a7, 0x7
x18 <- 0x0001F56FF76DF56F

mem[X,0x0000000080000030] -> 0xD793
mem[X,0x0000000080000032] -> 0x0398
[17] [M]: 0x0000000080000030 (0x0398D793) srli a5, a7, 0x39
x15 <- 0x0000000000000000

mem[X,0x0000000080000034] -> 0x6933
mem[X,0x0000000080000036] -> 0x00F9
[18] [M]: 0x0000000080000034 (0x00F96933) or s2, s2, a5
x18 <- 0x0001F56FF76DF56F

mem[X,0x0000000080000038] -> 0x5993
mem[X,0x000000008000003A] -> 0x0079
[19] [M]: 0x0000000080000038 (0x00795993) srli s3, s2, 0x7
x19 <- 0x000003EADFEEDBEA

mem[X,0x000000008000003C] -> 0x5793
mem[X,0x000000008000003E] -> 0x0399
[20] [M]: 0x000000008000003C (0x03995793) srli a5, s2, 0x39
x15 <- 0x0000000000000000

mem[X,0x0000000080000040] -> 0xE9B3
mem[X,0x0000000080000042] -> 0x00F9
[21] [M]: 0x0000000080000040 (0x00F9E9B3) or s3, s3, a5
x19 <- 0x000003EADFEEDBEA

mem[X,0x0000000080000044] -> 0xDA13
mem[X,0x0000000080000046] -> 0x0079
[22] [M]: 0x0000000080000044 (0x0079DA13) srli s4, s3, 0x7
x20 <- 0x00000007D5BFDDB7

mem[X,0x0000000080000048] -> 0xD793
mem[X,0x000000008000004A] -> 0x0399
[23] [M]: 0x0000000080000048 (0x0399D793) srli a5, s3, 0x39
x15 <- 0x0000000000000000

mem[X,0x000000008000004C] -> 0x6A33
mem[X,0x000000008000004E] -> 0x00FA
[24] [M]: 0x000000008000004C (0x00FA6A33) or s4, s4, a5
x20 <- 0x00000007D5BFDDB7

mem[X,0x0000000080000050] -> 0x5A93
mem[X,0x0000000080000052] -> 0x007A
[25] [M]: 0x0000000080000050 (0x007A5A93) srli s5, s4, 0x7
x21 <- 0x000000000FAB7FBB

mem[X,0x0000000080000054] -> 0x5793
mem[X,0x0000000080000056] -> 0x039A
[26] [M]: 0x0000000080000054 (0x039A5793) srli a5, s4, 0x39
x15 <- 0x0000000000000000

mem[X,0x0000000080000058] -> 0xEAB3
mem[X,0x000000008000005A] -> 0x00FA
[27] [M]: 0x0000000080000058 (0x00FAEAB3) or s5, s5, a5
x21 <- 0x000000000FAB7FBB

mem[X,0x000000008000005C] -> 0xDB13
mem[X,0x000000008000005E] -> 0x007A
[28] [M]: 0x000000008000005C (0x007ADB13) srli s6, s5, 0x7
x22 <- 0x00000000001F56FF

mem[X,0x0000000080000060] -> 0xD793
mem[X,0x0000000080000062] -> 0x039A
[29] [M]: 0x0000000080000060 (0x039AD793) srli a5, s5, 0x39
x15 <- 0x0000000000000000

mem[X,0x0000000080000064] -> 0x6B33
mem[X,0x0000000080000066] -> 0x00FB
[30] [M]: 0x0000000080000064 (0x00FB6B33) or s6, s6, a5
x22 <- 0x00000000001F56FF

mem[X,0x0000000080000068] -> 0x5B93
mem[X,0x000000008000006A] -> 0x007B
[31] [M]: 0x0000000080000068 (0x007B5B93) srli s7, s6, 0x7
x23 <- 0x0000000000003EAD

mem[X,0x000000008000006C] -> 0x5793
mem[X,0x000000008000006E] -> 0x039B
[32] [M]: 0x000000008000006C (0x039B5793) srli a5, s6, 0x39
x15 <- 0x0000000000000000

mem[X,0x0000000080000070] -> 0xEBB3
mem[X,0x0000000080000072] -> 0x00FB
[33] [M]: 0x0000000080000070 (0x00FBEBB3) or s7, s7, a5
x23 <- 0x0000000000003EAD

mem[X,0x0000000080000074] -> 0xDC13
mem[X,0x0000000080000076] -> 0x007B
[34] [M]: 0x0000000080000074 (0x007BDC13) srli s8, s7, 0x7
x24 <- 0x000000000000007D

mem[X,0x0000000080000078] -> 0xD793
mem[X,0x000000008000007A] -> 0x039B
[35] [M]: 0x0000000080000078 (0x039BD793) srli a5, s7, 0x39
x15 <- 0x0000000000000000

mem[X,0x000000008000007C] -> 0x6C33
mem[X,0x000000008000007E] -> 0x00FC
[36] [M]: 0x000000008000007C (0x00FC6C33) or s8, s8, a5
x24 <- 0x000000000000007D

mem[X,0x0000000080000080] -> 0x5C93
mem[X,0x0000000080000082] -> 0x007C
[37] [M]: 0x0000000080000080 (0x007C5C93) srli s9, s8, 0x7
x25 <- 0x0000000000000000

mem[X,0x0000000080000084] -> 0x5793
mem[X,0x0000000080000086] -> 0x039C
[38] [M]: 0x0000000080000084 (0x039C5793) srli a5, s8, 0x39
x15 <- 0x0000000000000000

mem[X,0x0000000080000088] -> 0xECB3
mem[X,0x000000008000008A] -> 0x00FC
[39] [M]: 0x0000000080000088 (0x00FCECB3) or s9, s9, a5
x25 <- 0x0000000000000000

mem[X,0x000000008000008C] -> 0xDD13
mem[X,0x000000008000008E] -> 0x007C
[40] [M]: 0x000000008000008C (0x007CDD13) srli s10, s9, 0x7
x26 <- 0x0000000000000000

mem[X,0x0000000080000090] -> 0xD793
mem[X,0x0000000080000092] -> 0x039C
[41] [M]: 0x0000000080000090 (0x039CD793) srli a5, s9, 0x39
x15 <- 0x0000000000000000

mem[X,0x0000000080000094] -> 0x6D33
mem[X,0x0000000080000096] -> 0x00FD
[42] [M]: 0x0000000080000094 (0x00FD6D33) or s10, s10, a5
x26 <- 0x0000000000000000

mem[X,0x0000000080000098] -> 0x5D93
mem[X,0x000000008000009A] -> 0x007D
[43] [M]: 0x0000000080000098 (0x007D5D93) srli s11, s10, 0x7
x27 <- 0x0000000000000000

mem[X,0x000000008000009C] -> 0x5793
mem[X,0x000000008000009E] -> 0x039D
[44] [M]: 0x000000008000009C (0x039D5793) srli a5, s10, 0x39
x15 <- 0x0000000000000000

mem[X,0x00000000800000A0] -> 0xEDB3
mem[X,0x00000000800000A2] -> 0x00FD
[45] [M]: 0x00000000800000A0 (0x00FDEDB3) or s11, s11, a5
x27 <- 0x0000000000000000

mem[X,0x00000000800000A4] -> 0xDE13
mem[X,0x00000000800000A6] -> 0x007D
[46] [M]: 0x00000000800000A4 (0x007DDE13) srli t3, s11, 0x7
x28 <- 0x0000000000000000

mem[X,0x00000000800000A8] -> 0xD793
mem[X,0x00000000800000AA] -> 0x039D
[47] [M]: 0x00000000800000A8 (0x039DD793) srli a5, s11, 0x39
x15 <- 0x0000000000000000

mem[X,0x00000000800000AC] -> 0x6E33
mem[X,0x00000000800000AE] -> 0x00FE
[48] [M]: 0x00000000800000AC (0x00FE6E33) or t3, t3, a5
x28 <- 0x0000000000000000

mem[X,0x00000000800000B0] -> 0x5E93
mem[X,0x00000000800000B2] -> 0x007E
[49] [M]: 0x00000000800000B0 (0x007E5E93) srli t4, t3, 0x7
x29 <- 0x0000000000000000

mem[X,0x00000000800000B4] -> 0x5793
mem[X,0x00000000800000B6] -> 0x039E
[50] [M]: 0x00000000800000B4 (0x039E5793) srli a5, t3, 0x39
x15 <- 0x0000000000000000

mem[X,0x00000000800000B8] -> 0xEEB3
mem[X,0x00000000800000BA] -> 0x00FE
[51] [M]: 0x00000000800000B8 (0x00FEEEB3) or t4, t4, a5
x29 <- 0x0000000000000000

mem[X,0x00000000800000BC] -> 0xDF13
mem[X,0x00000000800000BE] -> 0x007E
[52] [M]: 0x00000000800000BC (0x007EDF13) srli t5, t4, 0x7
x30 <- 0x0000000000000000

mem[X,0x00000000800000C0] -> 0xD793
mem[X,0x00000000800000C2] -> 0x039E
[53] [M]: 0x00000000800000C0 (0x039ED793) srli a5, t4, 0x39
x15 <- 0x0000000000000000

mem[X,0x00000000800000C4] -> 0x6F33
mem[X,0x00000000800000C6] -> 0x00FF
[54] [M]: 0x00000000800000C4 (0x00FF6F33) or t5, t5, a5
x30 <- 0x0000000000000000

mem[X,0x00000000800000C8] -> 0xC0B7
mem[X,0x00000000800000CA] -> 0xFEED
[55] [M]: 0x00000000800000C8 (0xFEEDC0B7) lui ra, -0x1124
x1 <- 0xFFFFFFFFFEEDC000

mem[X,0x00000000800000CC] -> 0x8093
mem[X,0x00000000800000CE] -> 0xEAD0
[56] [M]: 0x00000000800000CC (0xEAD08093) addi ra, ra, -0x153
x1 <- 0xFFFFFFFFFEEDBEAD

mem[X,0x00000000800000D0] -> 0x9093
mem[X,0x00000000800000D2] -> 0x00B0
[57] [M]: 0x00000000800000D0 (0x00B09093) slli ra, ra, 0xb
x1 <- 0xFFFFFFF76DF56800

mem[X,0x00000000800000D4] -> 0x8093
mem[X,0x00000000800000D6] -> 0x7F70
[58] [M]: 0x00000000800000D4 (0x7F708093) addi ra, ra, 0x7f7
x1 <- 0xFFFFFFF76DF56FF7

mem[X,0x00000000800000D8] -> 0x9093
mem[X,0x00000000800000DA] -> 0x00B0
[59] [M]: 0x00000000800000D8 (0x00B09093) slli ra, ra, 0xb
x1 <- 0xFFFFBB6FAB7FB800

mem[X,0x00000000800000DC] -> 0x8093
mem[X,0x00000000800000DE] -> 0x36F0
[60] [M]: 0x00000000800000DC (0x36F08093) addi ra, ra, 0x36f
x1 <- 0xFFFFBB6FAB7FBB6F

mem[X,0x00000000800000E0] -> 0x9093
mem[X,0x00000000800000E2] -> 0x00A0
[61] [M]: 0x00000000800000E0 (0x00A09093) slli ra, ra, 0xa
x1 <- 0xFEEDBEADFEEDBC00

mem[X,0x00000000800000E4] -> 0x8093
mem[X,0x00000000800000E6] -> 0x2AD0
[62] [M]: 0x00000000800000E4 (0x2AD08093) addi ra, ra, 0x2ad
x1 <- 0xFEEDBEADFEEDBEAD

mem[X,0x00000000800000E8] -> 0xD113
mem[X,0x00000000800000EA] -> 0x0070
[63] [M]: 0x00000000800000E8 (0x0070D113) srli sp, ra, 0x7
x2 <- 0x01FDDB7D5BFDDB7D

mem[X,0x00000000800000EC] -> 0xD793
mem[X,0x00000000800000EE] -> 0x0390
[64] [M]: 0x00000000800000EC (0x0390D793) srli a5, ra, 0x39
x15 <- 0x000000000000007F

mem[X,0x00000000800000F0] -> 0x6133
mem[X,0x00000000800000F2] -> 0x00F1
[65] [M]: 0x00000000800000F0 (0x00F16133) or sp, sp, a5
x2 <- 0x01FDDB7D5BFDDB7F

mem[X,0x00000000800000F4] -> 0x5193
mem[X,0x00000000800000F6] -> 0x0071
[66] [M]: 0x00000000800000F4 (0x00715193) srli gp, sp, 0x7
x3 <- 0x0003FBB6FAB7FBB6

mem[X,0x00000000800000F8] -> 0x5793
mem[X,0x00000000800000FA] -> 0x0391
[67] [M]: 0x00000000800000F8 (0x03915793) srli a5, sp, 0x39
x15 <- 0x0000000000000000

mem[X,0x00000000800000FC] -> 0xE1B3
mem[X,0x00000000800000FE] -> 0x00F1
[68] [M]: 0x00000000800000FC (0x00F1E1B3) or gp, gp, a5
x3 <- 0x0003FBB6FAB7FBB6

mem[X,0x0000000080000100] -> 0xD213
mem[X,0x0000000080000102] -> 0x0071
[69] [M]: 0x0000000080000100 (0x0071D213) srli tp, gp, 0x7
x4 <- 0x000007F76DF56FF7

mem[X,0x0000000080000104] -> 0xD793
mem[X,0x0000000080000106] -> 0x0391
[70] [M]: 0x0000000080000104 (0x0391D793) srli a5, gp, 0x39
x15 <- 0x0000000000000000

mem[X,0x0000000080000108] -> 0x6233
mem[X,0x000000008000010A] -> 0x00F2
[71] [M]: 0x0000000080000108 (0x00F26233) or tp, tp, a5
x4 <- 0x000007F76DF56FF7

mem[X,0x000000008000010C] -> 0x5293
mem[X,0x000000008000010E] -> 0x0072
[72] [M]: 0x000000008000010C (0x00725293) srli t0, tp, 0x7
x5 <- 0x0000000FEEDBEADF

mem[X,0x0000000080000110] -> 0x5793
mem[X,0x0000000080000112] -> 0x0392
[73] [M]: 0x0000000080000110 (0x03925793) srli a5, tp, 0x39
x15 <- 0x0000000000000000

mem[X,0x0000000080000114] -> 0xE2B3
mem[X,0x0000000080000116] -> 0x00F2
[74] [M]: 0x0000000080000114 (0x00F2E2B3) or t0, t0, a5
x5 <- 0x0000000FEEDBEADF

mem[X,0x0000000080000118] -> 0xD313
mem[X,0x000000008000011A] -> 0x0072
[75] [M]: 0x0000000080000118 (0x0072D313) srli t1, t0, 0x7
x6 <- 0x000000001FDDB7D5

mem[X,0x000000008000011C] -> 0xD793
mem[X,0x000000008000011E] -> 0x0392
[76] [M]: 0x000000008000011C (0x0392D793) srli a5, t0, 0x39
x15 <- 0x0000000000000000

mem[X,0x0000000080000120] -> 0x6333
mem[X,0x0000000080000122] -> 0x00F3
[77] [M]: 0x0000000080000120 (0x00F36333) or t1, t1, a5
x6 <- 0x000000001FDDB7D5

mem[X,0x0000000080000124] -> 0x5393
mem[X,0x0000000080000126] -> 0x0073
[78] [M]: 0x0000000080000124 (0x00735393) srli t2, t1, 0x7
x7 <- 0x00000000003FBB6F

mem[X,0x0000000080000128] -> 0x5793
mem[X,0x000000008000012A] -> 0x0393
[79] [M]: 0x0000000080000128 (0x03935793) srli a5, t1, 0x39
x15 <- 0x0000000000000000

mem[X,0x000000008000012C] -> 0xE3B3
mem[X,0x000000008000012E] -> 0x00F3
[80] [M]: 0x000000008000012C (0x00F3E3B3) or t2, t2, a5
x7 <- 0x00000000003FBB6F

mem[X,0x0000000080000130] -> 0xD413
mem[X,0x0000000080000132] -> 0x0073
[81] [M]: 0x0000000080000130 (0x0073D413) srli fp, t2, 0x7
x8 <- 0x0000000000007F76

mem[X,0x0000000080000134] -> 0xD793
mem[X,0x0000000080000136] -> 0x0393
[82] [M]: 0x0000000080000134 (0x0393D793) srli a5, t2, 0x39
x15 <- 0x0000000000000000

mem[X,0x0000000080000138] -> 0x6433
mem[X,0x000000008000013A] -> 0x00F4
[83] [M]: 0x0000000080000138 (0x00F46433) or fp, fp, a5
x8 <- 0x0000000000007F76

mem[X,0x000000008000013C] -> 0x5493
mem[X,0x000000008000013E] -> 0x0074
[84] [M]: 0x000000008000013C (0x00745493) srli s1, fp, 0x7
x9 <- 0x00000000000000FE

mem[X,0x0000000080000140] -> 0x5793
mem[X,0x0000000080000142] -> 0x0394
[85] [M]: 0x0000000080000140 (0x03945793) srli a5, fp, 0x39
x15 <- 0x0000000000000000

mem[X,0x0000000080000144] -> 0xE4B3
mem[X,0x0000000080000146] -> 0x00F4
[86] [M]: 0x0000000080000144 (0x00F4E4B3) or s1, s1, a5
x9 <- 0x00000000000000FE

mem[X,0x0000000080000148] -> 0xD513
mem[X,0x000000008000014A] -> 0x0074
[87] [M]: 0x0000000080000148 (0x0074D513) srli a0, s1, 0x7
x10 <- 0x0000000000000001

mem[X,0x000000008000014C] -> 0xD793
mem[X,0x000000008000014E] -> 0x0394
[88] [M]: 0x000000008000014C (0x0394D793) srli a5, s1, 0x39
x15 <- 0x0000000000000000

mem[X,0x0000000080000150] -> 0x6533
mem[X,0x0000000080000152] -> 0x00F5
[89] [M]: 0x0000000080000150 (0x00F56533) or a0, a0, a5
x10 <- 0x0000000000000001

mem[X,0x0000000080000154] -> 0x5593
mem[X,0x0000000080000156] -> 0x0075
[90] [M]: 0x0000000080000154 (0x00755593) srli a1, a0, 0x7
x11 <- 0x0000000000000000

mem[X,0x0000000080000158] -> 0x5793
mem[X,0x000000008000015A] -> 0x0395
[91] [M]: 0x0000000080000158 (0x03955793) srli a5, a0, 0x39
x15 <- 0x0000000000000000

mem[X,0x000000008000015C] -> 0xE5B3
mem[X,0x000000008000015E] -> 0x00F5
[92] [M]: 0x000000008000015C (0x00F5E5B3) or a1, a1, a5
x11 <- 0x0000000000000000

mem[X,0x0000000080000160] -> 0xD613
mem[X,0x0000000080000162] -> 0x0075
[93] [M]: 0x0000000080000160 (0x0075D613) srli a2, a1, 0x7
x12 <- 0x0000000000000000

mem[X,0x0000000080000164] -> 0xD793
mem[X,0x0000000080000166] -> 0x0395
[94] [M]: 0x0000000080000164 (0x0395D793) srli a5, a1, 0x39
x15 <- 0x0000000000000000

mem[X,0x0000000080000168] -> 0x6633
mem[X,0x000000008000016A] -> 0x00F6
[95] [M]: 0x0000000080000168 (0x00F66633) or a2, a2, a5
x12 <- 0x0000000000000000

mem[X,0x000000008000016C] -> 0x5693
mem[X,0x000000008000016E] -> 0x0076
[96] [M]: 0x000000008000016C (0x00765693) srli a3, a2, 0x7
x13 <- 0x0000000000000000

mem[X,0x0000000080000170] -> 0x5793
mem[X,0x0000000080000172] -> 0x0396
[97] [M]: 0x0000000080000170 (0x03965793) srli a5, a2, 0x39
x15 <- 0x0000000000000000

mem[X,0x0000000080000174] -> 0xE6B3
mem[X,0x0000000080000176] -> 0x00F6
[98] [M]: 0x0000000080000174 (0x00F6E6B3) or a3, a3, a5
x13 <- 0x0000000000000000

mem[X,0x0000000080000178] -> 0x0013
mem[X,0x000000008000017A] -> 0x0000
[99] [M]: 0x0000000080000178 (0x00000013) addi zero, zero, 0x0

clint::tick mtime <- 0x0000000000000001
 clint timer pending at mtime 0x0000000000000001
htif::tick 0x0000000000000000
mem[X,0x000000008000017C] -> 0x0013
mem[X,0x000000008000017E] -> 0x0000
[100] [M]: 0x000000008000017C (0x00000013) addi zero, zero, 0x0

mem[X,0x0000000080000180] -> 0x4297
mem[X,0x0000000080000182] -> 0x0000
[101] [M]: 0x0000000080000180 (0x00004297) auipc t0, 0x4
x5 <- 0x0000000080004180

mem[X,0x0000000080000184] -> 0x8293
mem[X,0x0000000080000186] -> 0xF982
[102] [M]: 0x0000000080000184 (0xF9828293) addi t0, t0, -0x68
x5 <- 0x0000000080004118

mem[X,0x0000000080000188] -> 0x0013
mem[X,0x000000008000018A] -> 0x0000
[103] [M]: 0x0000000080000188 (0x00000013) addi zero, zero, 0x0

mem[X,0x000000008000018C] -> 0x0013
mem[X,0x000000008000018E] -> 0x0000
[104] [M]: 0x000000008000018C (0x00000013) addi zero, zero, 0x0

mem[X,0x0000000080000190] -> 0x0013
mem[X,0x0000000080000192] -> 0x0000
[105] [M]: 0x0000000080000190 (0x00000013) addi zero, zero, 0x0

mem[X,0x0000000080000194] -> 0x0013
mem[X,0x0000000080000196] -> 0x0000
[106] [M]: 0x0000000080000194 (0x00000013) addi zero, zero, 0x0

mem[X,0x0000000080000198] -> 0x0013
mem[X,0x000000008000019A] -> 0x0000
[107] [M]: 0x0000000080000198 (0x00000013) addi zero, zero, 0x0

mem[X,0x000000008000019C] -> 0x0013
mem[X,0x000000008000019E] -> 0x0000
[108] [M]: 0x000000008000019C (0x00000013) addi zero, zero, 0x0

mem[X,0x00000000800001A0] -> 0x0DB7
mem[X,0x00000000800001A2] -> 0xF7FF
[109] [M]: 0x00000000800001A0 (0xF7FF0DB7) lui s11, -0x8010
x27 <- 0xFFFFFFFFF7FF0000

mem[X,0x00000000800001A4] -> 0x8D93
mem[X,0x00000000800001A6] -> 0x010D
[110] [M]: 0x00000000800001A4 (0x010D8D93) addi s11, s11, 0x10
x27 <- 0xFFFFFFFFF7FF0010

mem[X,0x00000000800001A8] -> 0x9D93
mem[X,0x00000000800001AA] -> 0x00BD
[111] [M]: 0x00000000800001A8 (0x00BD9D93) slli s11, s11, 0xb
x27 <- 0xFFFFFFBFF8008000

mem[X,0x00000000800001AC] -> 0x8D93
mem[X,0x00000000800001AE] -> 0x000D
[112] [M]: 0x00000000800001AC (0x000D8D93) addi s11, s11, 0x0
x27 <- 0xFFFFFFBFF8008000

mem[X,0x00000000800001B0] -> 0x9D93
mem[X,0x00000000800001B2] -> 0x00BD
[113] [M]: 0x00000000800001B0 (0x00BD9D93) slli s11, s11, 0xb
x27 <- 0xFFFDFFC004000000

mem[X,0x00000000800001B4] -> 0x8D93
mem[X,0x00000000800001B6] -> 0x260D
[114] [M]: 0x00000000800001B4 (0x260D8D93) addi s11, s11, 0x260
x27 <- 0xFFFDFFC004000260

mem[X,0x00000000800001B8] -> 0x9D93
mem[X,0x00000000800001BA] -> 0x00AD
[115] [M]: 0x00000000800001B8 (0x00AD9D93) slli s11, s11, 0xa
x27 <- 0xF7FF001000098000

mem[X,0x00000000800001BC] -> 0xFB37
mem[X,0x00000000800001BE] -> 0xFFBF
[116] [M]: 0x00000000800001BC (0xFFBFFB37) lui s6, -0x401
x22 <- 0xFFFFFFFFFFBFF000

mem[X,0x00000000800001C0] -> 0x0B13
mem[X,0x00000000800001C2] -> 0x7FFB
[117] [M]: 0x00000000800001C0 (0x7FFB0B13) addi s6, s6, 0x7ff
x22 <- 0xFFFFFFFFFFBFF7FF

mem[X,0x00000000800001C4] -> 0x1B13
mem[X,0x00000000800001C6] -> 0x00BB
[118] [M]: 0x00000000800001C4 (0x00BB1B13) slli s6, s6, 0xb
x22 <- 0xFFFFFFFDFFBFF800

mem[X,0x00000000800001C8] -> 0x0B13
mem[X,0x00000000800001CA] -> 0x000B
[119] [M]: 0x00000000800001C8 (0x000B0B13) addi s6, s6, 0x0
x22 <- 0xFFFFFFFDFFBFF800

mem[X,0x00000000800001CC] -> 0x1B13
mem[X,0x00000000800001CE] -> 0x00BB
[120] [M]: 0x00000000800001CC (0x00BB1B13) slli s6, s6, 0xb
x22 <- 0xFFFFEFFDFFC00000

mem[X,0x00000000800001D0] -> 0x0B13
mem[X,0x00000000800001D2] -> 0x160B
[121] [M]: 0x00000000800001D0 (0x160B0B13) addi s6, s6, 0x160
x22 <- 0xFFFFEFFDFFC00160

mem[X,0x00000000800001D4] -> 0x1B13
mem[X,0x00000000800001D6] -> 0x00AB
[122] [M]: 0x00000000800001D4 (0x00AB1B13) slli s6, s6, 0xa
x22 <- 0xFFBFF7FF00058000

mem[X,0x00000000800001D8] -> 0xFB3B
mem[X,0x00000000800001DA] -> 0xB56D
[123] [M]: 0x00000000800001D8 (0xB56DFB3B) pmulhsu.h.bo s6, s11, s6
x22 <- 0x00F7000000000040

mem[X,0x00000000800001DC] -> 0xB023
mem[X,0x00000000800001DE] -> 0x0162
[124] [M]: 0x00000000800001DC (0x0162B023) sd s6, 0x0(t0)
mem[0x0000000080004118] <- 0x00F7000000000040

mem[X,0x00000000800001E0] -> 0x2E37
mem[X,0x00000000800001E2] -> 0xFFF7
[125] [M]: 0x00000000800001E0 (0xFFF72E37) lui t3, -0x8e
x28 <- 0xFFFFFFFFFFF72000

mem[X,0x00000000800001E4] -> 0x0E13
mem[X,0x00000000800001E6] -> 0x000E
[126] [M]: 0x00000000800001E4 (0x000E0E13) addi t3, t3, 0x0
x28 <- 0xFFFFFFFFFFF72000

mem[X,0x00000000800001E8] -> 0x1E13
mem[X,0x00000000800001EA] -> 0x00BE
[127] [M]: 0x00000000800001E8 (0x00BE1E13) slli t3, t3, 0xb
x28 <- 0xFFFFFFFFB9000000

mem[X,0x00000000800001EC] -> 0x0E13
mem[X,0x00000000800001EE] -> 0x5FFE
[128] [M]: 0x00000000800001EC (0x5FFE0E13) addi t3, t3, 0x5ff
x28 <- 0xFFFFFFFFB90005FF

mem[X,0x00000000800001F0] -> 0x1E13
mem[X,0x00000000800001F2] -> 0x00BE
[129] [M]: 0x00000000800001F0 (0x00BE1E13) slli t3, t3, 0xb
x28 <- 0xFFFFFDC8002FF800

mem[X,0x00000000800001F4] -> 0x0E13
mem[X,0x00000000800001F6] -> 0x7FFE
[130] [M]: 0x00000000800001F4 (0x7FFE0E13) addi t3, t3, 0x7ff
x28 <- 0xFFFFFDC8002FFFFF

mem[X,0x00000000800001F8] -> 0x1E13
mem[X,0x00000000800001FA] -> 0x00AE
[131] [M]: 0x00000000800001F8 (0x00AE1E13) slli t3, t3, 0xa
x28 <- 0xFFF72000BFFFFC00

mem[X,0x00000000800001FC] -> 0x0E13
mem[X,0x00000000800001FE] -> 0x3FFE
[132] [M]: 0x00000000800001FC (0x3FFE0E13) addi t3, t3, 0x3ff
x28 <- 0xFFF72000BFFFFFFF

mem[X,0x0000000080000200] -> 0xCE37
mem[X,0x0000000080000202] -> 0x0100
[133] [M]: 0x0000000080000200 (0x0100CE37) lui t3, 0x100c
x28 <- 0x000000000100C000

mem[X,0x0000000080000204] -> 0x0E13
mem[X,0x0000000080000206] -> 0xFFFE
[134] [M]: 0x0000000080000204 (0xFFFE0E13) addi t3, t3, -0x1
x28 <- 0x000000000100BFFF

mem[X,0x0000000080000208] -> 0x1E13
mem[X,0x000000008000020A] -> 0x00BE
[135] [M]: 0x0000000080000208 (0x00BE1E13) slli t3, t3, 0xb
x28 <- 0x0000000805FFF800

mem[X,0x000000008000020C] -> 0x0E13
mem[X,0x000000008000020E] -> 0x001E
[136] [M]: 0x000000008000020C (0x001E0E13) addi t3, t3, 0x1
x28 <- 0x0000000805FFF801

mem[X,0x0000000080000210] -> 0x1E13
mem[X,0x0000000080000212] -> 0x00BE
[137] [M]: 0x0000000080000210 (0x00BE1E13) slli t3, t3, 0xb
x28 <- 0x0000402FFFC00800

mem[X,0x0000000080000214] -> 0x0E13
mem[X,0x0000000080000216] -> 0x03FE
[138] [M]: 0x0000000080000214 (0x03FE0E13) addi t3, t3, 0x3f
x28 <- 0x0000402FFFC0083F

mem[X,0x0000000080000218] -> 0x1E13
mem[X,0x000000008000021A] -> 0x00AE
[139] [M]: 0x0000000080000218 (0x00AE1E13) slli t3, t3, 0xa
x28 <- 0x0100BFFF0020FC00

mem[X,0x000000008000021C] -> 0x0E13
mem[X,0x000000008000021E] -> 0x3FCE
[140] [M]: 0x000000008000021C (0x3FCE0E13) addi t3, t3, 0x3fc
x28 <- 0x0100BFFF0020FFFC

mem[X,0x0000000080000220] -> 0x7BBB
mem[X,0x0000000080000222] -> 0xB5CE
[141] [M]: 0x0000000080000220 (0xB5CE7BBB) pmulhsu.h.bo s7, t3, t3
x23 <- 0x0000008F000000FE

mem[X,0x0000000080000224] -> 0xB423
mem[X,0x0000000080000226] -> 0x0172
[142] [M]: 0x0000000080000224 (0x0172B423) sd s7, 0x8(t0)
mem[0x0000000080004120] <- 0x0000008F000000FE

mem[X,0x0000000080000228] -> 0xFFB7
mem[X,0x000000008000022A] -> 0xFFFB
[143] [M]: 0x0000000080000228 (0xFFFBFFB7) lui t6, -0x41
x31 <- 0xFFFFFFFFFFFBF000

mem[X,0x000000008000022C] -> 0x8F93
mem[X,0x000000008000022E] -> 0xFFFF
[144] [M]: 0x000000008000022C (0xFFFF8F93) addi t6, t6, -0x1
x31 <- 0xFFFFFFFFFFFBEFFF

mem[X,0x0000000080000230] -> 0x9F93
mem[X,0x0000000080000232] -> 0x00BF
[145] [M]: 0x0000000080000230 (0x00BF9F93) slli t6, t6, 0xb
x31 <- 0xFFFFFFFFDF7FF800

mem[X,0x0000000080000234] -> 0x8F93
mem[X,0x0000000080000236] -> 0x001F
[146] [M]: 0x0000000080000234 (0x001F8F93) addi t6, t6, 0x1
x31 <- 0xFFFFFFFFDF7FF801

mem[X,0x0000000080000238] -> 0x9F93
mem[X,0x000000008000023A] -> 0x00BF
[147] [M]: 0x0000000080000238 (0x00BF9F93) slli t6, t6, 0xb
x31 <- 0xFFFFFEFBFFC00800

mem[X,0x000000008000023C] -> 0x8F93
mem[X,0x000000008000023E] -> 0x000F
[148] [M]: 0x000000008000023C (0x000F8F93) addi t6, t6, 0x0
x31 <- 0xFFFFFEFBFFC00800

mem[X,0x0000000080000240] -> 0x9F93
mem[X,0x0000000080000242] -> 0x00AF
[149] [M]: 0x0000000080000240 (0x00AF9F93) slli t6, t6, 0xa
x31 <- 0xFFFBEFFF00200000

mem[X,0x0000000080000244] -> 0x0FB7
mem[X,0x0000000080000246] -> 0x0011
[150] [M]: 0x0000000080000244 (0x00110FB7) lui t6, 0x110
x31 <- 0x0000000000110000

mem[X,0x0000000080000248] -> 0x8F93
mem[X,0x000000008000024A] -> 0xFFBF
[151] [M]: 0x0000000080000248 (0xFFBF8F93) addi t6, t6, -0x5
x31 <- 0x000000000010FFFB

mem[X,0x000000008000024C] -> 0x9F93
mem[X,0x000000008000024E] -> 0x00BF
[152] [M]: 0x000000008000024C (0x00BF9F93) slli t6, t6, 0xb
x31 <- 0x0000000087FFD800

mem[X,0x0000000080000250] -> 0x8F93
mem[X,0x0000000080000252] -> 0x7FFF
[153] [M]: 0x0000000080000250 (0x7FFF8F93) addi t6, t6, 0x7ff
x31 <- 0x0000000087FFDFFF

mem[X,0x0000000080000254] -> 0x9F93
mem[X,0x0000000080000256] -> 0x00BF
[154] [M]: 0x0000000080000254 (0x00BF9F93) slli t6, t6, 0xb
x31 <- 0x0000043FFEFFF800

mem[X,0x0000000080000258] -> 0x8F93
mem[X,0x000000008000025A] -> 0x59FF
[155] [M]: 0x0000000080000258 (0x59FF8F93) addi t6, t6, 0x59f
x31 <- 0x0000043FFEFFFD9F

mem[X,0x000000008000025C] -> 0x9F93
mem[X,0x000000008000025E] -> 0x00AF
[156] [M]: 0x000000008000025C (0x00AF9F93) slli t6, t6, 0xa
x31 <- 0x0010FFFBFFF67C00

mem[X,0x0000000080000260] -> 0x8F93
mem[X,0x0000000080000262] -> 0x3FFF
[157] [M]: 0x0000000080000260 (0x3FFF8F93) addi t6, t6, 0x3ff
x31 <- 0x0010FFFBFFF67FFF

mem[X,0x0000000080000264] -> 0xFFBB
mem[X,0x0000000080000266] -> 0xB5FF
[158] [M]: 0x0000000080000264 (0xB5FFFFBB) pmulhsu.h.bo t6, t6, t6
x31 <- 0x000000FE00FE003F

mem[X,0x0000000080000268] -> 0xB823
mem[X,0x000000008000026A] -> 0x01F2
[159] [M]: 0x0000000080000268 (0x01F2B823) sd t6, 0x10(t0)
mem[0x0000000080004128] <- 0x000000FE00FE003F

mem[X,0x000000008000026C] -> 0xC8B7
mem[X,0x000000008000026E] -> 0xFFF7
[160] [M]: 0x000000008000026C (0xFFF7C8B7) lui a7, -0x84
x17 <- 0xFFFFFFFFFFF7C000

mem[X,0x0000000080000270] -> 0x8893
mem[X,0x0000000080000272] -> 0x0008
[161] [M]: 0x0000000080000270 (0x00088893) addi a7, a7, 0x0
x17 <- 0xFFFFFFFFFFF7C000

mem[X,0x0000000080000274] -> 0x9893
mem[X,0x0000000080000276] -> 0x00B8
[162] [M]: 0x0000000080000274 (0x00B89893) slli a7, a7, 0xb
x17 <- 0xFFFFFFFFBE000000

mem[X,0x0000000080000278] -> 0x8893
mem[X,0x000000008000027A] -> 0x0008
[163] [M]: 0x0000000080000278 (0x00088893) addi a7, a7, 0x0
x17 <- 0xFFFFFFFFBE000000

mem[X,0x000000008000027C] -> 0x9893
mem[X,0x000000008000027E] -> 0x00B8
[164] [M]: 0x000000008000027C (0x00B89893) slli a7, a7, 0xb
x17 <- 0xFFFFFDF000000000

mem[X,0x0000000080000280] -> 0x8893
mem[X,0x0000000080000282] -> 0x0008
[165] [M]: 0x0000000080000280 (0x00088893) addi a7, a7, 0x0
x17 <- 0xFFFFFDF000000000

mem[X,0x0000000080000284] -> 0x9893
mem[X,0x0000000080000286] -> 0x00A8
[166] [M]: 0x0000000080000284 (0x00A89893) slli a7, a7, 0xa
x17 <- 0xFFF7C00000000000

mem[X,0x0000000080000288] -> 0x8893
mem[X,0x000000008000028A] -> 0x0018
[167] [M]: 0x0000000080000288 (0x00188893) addi a7, a7, 0x1
x17 <- 0xFFF7C00000000001

mem[X,0x000000008000028C] -> 0xFD37
mem[X,0x000000008000028E] -> 0xBFFF
[168] [M]: 0x000000008000028C (0xBFFFFD37) lui s10, -0x40001
x26 <- 0xFFFFFFFFBFFFF000

mem[X,0x0000000080000290] -> 0x0D13
mem[X,0x0000000080000292] -> 0x7FFD
[169] [M]: 0x0000000080000290 (0x7FFD0D13) addi s10, s10, 0x7ff
x26 <- 0xFFFFFFFFBFFFF7FF

mem[X,0x0000000080000294] -> 0x1D13
mem[X,0x0000000080000296] -> 0x00BD
[170] [M]: 0x0000000080000294 (0x00BD1D13) slli s10, s10, 0xb
x26 <- 0xFFFFFDFFFFBFF800

mem[X,0x0000000080000298] -> 0x0D13
mem[X,0x000000008000029A] -> 0x7FFD
[171] [M]: 0x0000000080000298 (0x7FFD0D13) addi s10, s10, 0x7ff
x26 <- 0xFFFFFDFFFFBFFFFF

mem[X,0x000000008000029C] -> 0x1D13
mem[X,0x000000008000029E] -> 0x00BD
[172] [M]: 0x000000008000029C (0x00BD1D13) slli s10, s10, 0xb
x26 <- 0xFFEFFFFDFFFFF800

mem[X,0x00000000800002A0] -> 0x0D13
mem[X,0x00000000800002A2] -> 0x650D
[173] [M]: 0x00000000800002A0 (0x650D0D13) addi s10, s10, 0x650
x26 <- 0xFFEFFFFDFFFFFE50

mem[X,0x00000000800002A4] -> 0x1D13
mem[X,0x00000000800002A6] -> 0x00AD
[174] [M]: 0x00000000800002A4 (0x00AD1D13) slli s10, s10, 0xa
x26 <- 0xBFFFF7FFFFF94000

mem[X,0x00000000800002A8] -> 0xF8BB
mem[X,0x00000000800002AA] -> 0xB5A8
[175] [M]: 0x00000000800002A8 (0xB5A8F8BB) pmulhsu.h.bo a7, a7, s10
x17 <- 0x00BE00B900000000

mem[X,0x00000000800002AC] -> 0xBC23
mem[X,0x00000000800002AE] -> 0x0112
[176] [M]: 0x00000000800002AC (0x0112BC23) sd a7, 0x18(t0)
mem[0x0000000080004130] <- 0x00BE00B900000000

mem[X,0x00000000800002B0] -> 0x04B7
mem[X,0x00000000800002B2] -> 0x0000
[177] [M]: 0x00000000800002B0 (0x000004B7) lui s1, 0x0
x9 <- 0x0000000000000000

mem[X,0x00000000800002B4] -> 0x8493
mem[X,0x00000000800002B6] -> 0xFEF4
[178] [M]: 0x00000000800002B4 (0xFEF48493) addi s1, s1, -0x11
x9 <- 0xFFFFFFFFFFFFFFEF

mem[X,0x00000000800002B8] -> 0x9493
mem[X,0x00000000800002BA] -> 0x00B4
[179] [M]: 0x00000000800002B8 (0x00B49493) slli s1, s1, 0xb
x9 <- 0xFFFFFFFFFFFF7800

mem[X,0x00000000800002BC] -> 0x8493
mem[X,0x00000000800002BE] -> 0x0024
[180] [M]: 0x00000000800002BC (0x00248493) addi s1, s1, 0x2
x9 <- 0xFFFFFFFFFFFF7802

mem[X,0x00000000800002C0] -> 0x9493
mem[X,0x00000000800002C2] -> 0x00B4
[181] [M]: 0x00000000800002C0 (0x00B49493) slli s1, s1, 0xb
x9 <- 0xFFFFFFFFFBC01000

mem[X,0x00000000800002C4] -> 0x8493
mem[X,0x00000000800002C6] -> 0x01F4
[182] [M]: 0x00000000800002C4 (0x01F48493) addi s1, s1, 0x1f
x9 <- 0xFFFFFFFFFBC0101F

mem[X,0x00000000800002C8] -> 0x9493
mem[X,0x00000000800002CA] -> 0x00A4
[183] [M]: 0x00000000800002C8 (0x00A49493) slli s1, s1, 0xa
x9 <- 0xFFFFFFEF00407C00

mem[X,0x00000000800002CC] -> 0x8493
mem[X,0x00000000800002CE] -> 0x3FF4
[184] [M]: 0x00000000800002CC (0x3FF48493) addi s1, s1, 0x3ff
x9 <- 0xFFFFFFEF00407FFF

mem[X,0x00000000800002D0] -> 0xE0B7
mem[X,0x00000000800002D2] -> 0x0040
[185] [M]: 0x00000000800002D0 (0x0040E0B7) lui ra, 0x40e
x1 <- 0x000000000040E000

mem[X,0x00000000800002D4] -> 0x8093
mem[X,0x00000000800002D6] -> 0xFFF0
[186] [M]: 0x00000000800002D4 (0xFFF08093) addi ra, ra, -0x1
x1 <- 0x000000000040DFFF

mem[X,0x00000000800002D8] -> 0x9093
mem[X,0x00000000800002DA] -> 0x00B0
[187] [M]: 0x00000000800002D8 (0x00B09093) slli ra, ra, 0xb
x1 <- 0x0000000206FFF800

mem[X,0x00000000800002DC] -> 0x8093
mem[X,0x00000000800002DE] -> 0x0000
[188] [M]: 0x00000000800002DC (0x00008093) addi ra, ra, 0x0
x1 <- 0x0000000206FFF800

mem[X,0x00000000800002E0] -> 0x9093
mem[X,0x00000000800002E2] -> 0x00B0
[189] [M]: 0x00000000800002E0 (0x00B09093) slli ra, ra, 0xb
x1 <- 0x00001037FFC00000

mem[X,0x00000000800002E4] -> 0x8093
mem[X,0x00000000800002E6] -> 0x1420
[190] [M]: 0x00000000800002E4 (0x14208093) addi ra, ra, 0x142
x1 <- 0x00001037FFC00142

mem[X,0x00000000800002E8] -> 0x9093
mem[X,0x00000000800002EA] -> 0x00A0
[191] [M]: 0x00000000800002E8 (0x00A09093) slli ra, ra, 0xa
x1 <- 0x0040DFFF00050800

mem[X,0x00000000800002EC] -> 0xF93B
mem[X,0x00000000800002EE] -> 0xB414
[192] [M]: 0x00000000800002EC (0xB414F93B) pmulhsu.h.bo s2, s1, ra
x18 <- 0x000000DE00000003

mem[X,0x00000000800002F0] -> 0xB023
mem[X,0x00000000800002F2] -> 0x0322
[193] [M]: 0x00000000800002F0 (0x0322B023) sd s2, 0x20(t0)
mem[0x0000000080004138] <- 0x000000DE00000003

mem[X,0x00000000800002F4] -> 0x03B7
mem[X,0x00000000800002F6] -> 0xFE00
[194] [M]: 0x00000000800002F4 (0xFE0003B7) lui t2, -0x2000
x7 <- 0xFFFFFFFFFE000000

mem[X,0x00000000800002F8] -> 0x8393
mem[X,0x00000000800002FA] -> 0xDFF3
[195] [M]: 0x00000000800002F8 (0xDFF38393) addi t2, t2, -0x201
x7 <- 0xFFFFFFFFFDFFFDFF

mem[X,0x00000000800002FC] -> 0x9393
mem[X,0x00000000800002FE] -> 0x00B3
[196] [M]: 0x00000000800002FC (0x00B39393) slli t2, t2, 0xb
x7 <- 0xFFFFFFEFFFEFF800

mem[X,0x0000000080000300] -> 0x8393
mem[X,0x0000000080000302] -> 0x0023
[197] [M]: 0x0000000080000300 (0x00238393) addi t2, t2, 0x2
x7 <- 0xFFFFFFEFFFEFF802

mem[X,0x0000000080000304] -> 0x9393
mem[X,0x0000000080000306] -> 0x00B3
[198] [M]: 0x0000000080000304 (0x00B39393) slli t2, t2, 0xb
x7 <- 0xFFFF7FFF7FC01000

mem[X,0x0000000080000308] -> 0x8393
mem[X,0x000000008000030A] -> 0x0003
[199] [M]: 0x0000000080000308 (0x00038393) addi t2, t2, 0x0
x7 <- 0xFFFF7FFF7FC01000

clint::tick mtime <- 0x0000000000000002
 clint timer pending at mtime 0x0000000000000002
htif::tick 0x0000000000000000
mem[X,0x000000008000030C] -> 0x9393
mem[X,0x000000008000030E] -> 0x00A3
[200] [M]: 0x000000008000030C (0x00A39393) slli t2, t2, 0xa
x7 <- 0xFDFFFDFF00400000

mem[X,0x0000000080000310] -> 0x8393
mem[X,0x0000000080000312] -> 0x0023
[201] [M]: 0x0000000080000310 (0x00238393) addi t2, t2, 0x2
x7 <- 0xFDFFFDFF00400002

mem[X,0x0000000080000314] -> 0x0237
mem[X,0x0000000080000316] -> 0x5556
[202] [M]: 0x0000000080000314 (0x55560237) lui tp, 0x55560
x4 <- 0x0000000055560000

mem[X,0x0000000080000318] -> 0x0213
mem[X,0x000000008000031A] -> 0xFFB2
[203] [M]: 0x0000000080000318 (0xFFB20213) addi tp, tp, -0x5
x4 <- 0x000000005555FFFB

mem[X,0x000000008000031C] -> 0x1213
mem[X,0x000000008000031E] -> 0x00B2
[204] [M]: 0x000000008000031C (0x00B21213) slli tp, tp, 0xb
x4 <- 0x000002AAAFFFD800

mem[X,0x0000000080000320] -> 0x0213
mem[X,0x0000000080000322] -> 0x0002
[205] [M]: 0x0000000080000320 (0x00020213) addi tp, tp, 0x0
x4 <- 0x000002AAAFFFD800

mem[X,0x0000000080000324] -> 0x1213
mem[X,0x0000000080000326] -> 0x00B2
[206] [M]: 0x0000000080000324 (0x00B21213) slli tp, tp, 0xb
x4 <- 0x0015557FFEC00000

mem[X,0x0000000080000328] -> 0x0213
mem[X,0x000000008000032A] -> 0x4002
[207] [M]: 0x0000000080000328 (0x40020213) addi tp, tp, 0x400
x4 <- 0x0015557FFEC00400

mem[X,0x000000008000032C] -> 0x1213
mem[X,0x000000008000032E] -> 0x00A2
[208] [M]: 0x000000008000032C (0x00A21213) slli tp, tp, 0xa
x4 <- 0x5555FFFB00100000

mem[X,0x0000000080000330] -> 0x0213
mem[X,0x0000000080000332] -> 0x0102
[209] [M]: 0x0000000080000330 (0x01020213) addi tp, tp, 0x10
x4 <- 0x5555FFFB00100010

mem[X,0x0000000080000334] -> 0xFF3B
mem[X,0x0000000080000336] -> 0xB443
[210] [M]: 0x0000000080000334 (0xB443FF3B) pmulhsu.h.bo t5, t2, tp
x30 <- 0x005400FD00000000

mem[X,0x0000000080000338] -> 0xB423
mem[X,0x000000008000033A] -> 0x03E2
[211] [M]: 0x0000000080000338 (0x03E2B423) sd t5, 0x28(t0)
mem[0x0000000080004140] <- 0x005400FD00000000

mem[X,0x000000008000033C] -> 0xE1B7
mem[X,0x000000008000033E] -> 0xFFBF
[212] [M]: 0x000000008000033C (0xFFBFE1B7) lui gp, -0x402
x3 <- 0xFFFFFFFFFFBFE000

mem[X,0x0000000080000340] -> 0x8193
mem[X,0x0000000080000342] -> 0xFFF1
[213] [M]: 0x0000000080000340 (0xFFF18193) addi gp, gp, -0x1
x3 <- 0xFFFFFFFFFFBFDFFF

mem[X,0x0000000080000344] -> 0x9193
mem[X,0x0000000080000346] -> 0x00B1
[214] [M]: 0x0000000080000344 (0x00B19193) slli gp, gp, 0xb
x3 <- 0xFFFFFFFDFEFFF800

mem[X,0x0000000080000348] -> 0x8193
mem[X,0x000000008000034A] -> 0x7FF1
[215] [M]: 0x0000000080000348 (0x7FF18193) addi gp, gp, 0x7ff
x3 <- 0xFFFFFFFDFEFFFFFF

mem[X,0x000000008000034C] -> 0x9193
mem[X,0x000000008000034E] -> 0x00B1
[216] [M]: 0x000000008000034C (0x00B19193) slli gp, gp, 0xb
x3 <- 0xFFFFEFF7FFFFF800

mem[X,0x0000000080000350] -> 0x8193
mem[X,0x0000000080000352] -> 0x7401
[217] [M]: 0x0000000080000350 (0x74018193) addi gp, gp, 0x740
x3 <- 0xFFFFEFF7FFFFFF40

mem[X,0x0000000080000354] -> 0x9193
mem[X,0x0000000080000356] -> 0x00A1
[218] [M]: 0x0000000080000354 (0x00A19193) slli gp, gp, 0xa
x3 <- 0xFFBFDFFFFFFD0000

mem[X,0x0000000080000358] -> 0x8193
mem[X,0x000000008000035A] -> 0x0041
[219] [M]: 0x0000000080000358 (0x00418193) addi gp, gp, 0x4
x3 <- 0xFFBFDFFFFFFD0004

mem[X,0x000000008000035C] -> 0x06B7
mem[X,0x000000008000035E] -> 0x0010
[220] [M]: 0x000000008000035C (0x001006B7) lui a3, 0x100
x13 <- 0x0000000000100000

mem[X,0x0000000080000360] -> 0x8693
mem[X,0x0000000080000362] -> 0x0036
[221] [M]: 0x0000000080000360 (0x00368693) addi a3, a3, 0x3
x13 <- 0x0000000000100003

mem[X,0x0000000080000364] -> 0x9693
mem[X,0x0000000080000366] -> 0x00B6
[222] [M]: 0x0000000080000364 (0x00B69693) slli a3, a3, 0xb
x13 <- 0x0000000080001800

mem[X,0x0000000080000368] -> 0x8693
mem[X,0x000000008000036A] -> 0x0006
[223] [M]: 0x0000000080000368 (0x00068693) addi a3, a3, 0x0
x13 <- 0x0000000080001800

mem[X,0x000000008000036C] -> 0x9693
mem[X,0x000000008000036E] -> 0x00B6
[224] [M]: 0x000000008000036C (0x00B69693) slli a3, a3, 0xb
x13 <- 0x0000040000C00000

mem[X,0x0000000080000370] -> 0x8693
mem[X,0x0000000080000372] -> 0x4006
[225] [M]: 0x0000000080000370 (0x40068693) addi a3, a3, 0x400
x13 <- 0x0000040000C00400

mem[X,0x0000000080000374] -> 0x9693
mem[X,0x0000000080000376] -> 0x00A6
[226] [M]: 0x0000000080000374 (0x00A69693) slli a3, a3, 0xa
x13 <- 0x0010000300100000

mem[X,0x0000000080000378] -> 0x8693
mem[X,0x000000008000037A] -> 0x0096
[227] [M]: 0x0000000080000378 (0x00968693) addi a3, a3, 0x9
x13 <- 0x0010000300100009

mem[X,0x000000008000037C] -> 0xF0BB
mem[X,0x000000008000037E] -> 0xB4D1
[228] [M]: 0x000000008000037C (0xB4D1F0BB) pmulhsu.h.bo ra, gp, a3
x1 <- 0x0000000000000000

mem[X,0x0000000080000380] -> 0xB823
mem[X,0x0000000080000382] -> 0x0212
[229] [M]: 0x0000000080000380 (0x0212B823) sd ra, 0x30(t0)
mem[0x0000000080004148] <- 0x0000000000000000

mem[X,0x0000000080000384] -> 0x0AB7
mem[X,0x0000000080000386] -> 0x0011
[230] [M]: 0x0000000080000384 (0x00110AB7) lui s5, 0x110
x21 <- 0x0000000000110000

mem[X,0x0000000080000388] -> 0x8A93
mem[X,0x000000008000038A] -> 0xFFFA
[231] [M]: 0x0000000080000388 (0xFFFA8A93) addi s5, s5, -0x1
x21 <- 0x000000000010FFFF

mem[X,0x000000008000038C] -> 0x9A93
mem[X,0x000000008000038E] -> 0x00BA
[232] [M]: 0x000000008000038C (0x00BA9A93) slli s5, s5, 0xb
x21 <- 0x0000000087FFF800

mem[X,0x0000000080000390] -> 0x8A93
mem[X,0x0000000080000392] -> 0x000A
[233] [M]: 0x0000000080000390 (0x000A8A93) addi s5, s5, 0x0
x21 <- 0x0000000087FFF800

mem[X,0x0000000080000394] -> 0x9A93
mem[X,0x0000000080000396] -> 0x00BA
[234] [M]: 0x0000000080000394 (0x00BA9A93) slli s5, s5, 0xb
x21 <- 0x0000043FFFC00000

mem[X,0x0000000080000398] -> 0x8A93
mem[X,0x000000008000039A] -> 0x0C0A
[235] [M]: 0x0000000080000398 (0x0C0A8A93) addi s5, s5, 0xc0
x21 <- 0x0000043FFFC000C0

mem[X,0x000000008000039C] -> 0x9A93
mem[X,0x000000008000039E] -> 0x00AA
[236] [M]: 0x000000008000039C (0x00AA9A93) slli s5, s5, 0xa
x21 <- 0x0010FFFF00030000

mem[X,0x00000000800003A0] -> 0x8A93
mem[X,0x00000000800003A2] -> 0x008A
[237] [M]: 0x00000000800003A0 (0x008A8A93) addi s5, s5, 0x8
x21 <- 0x0010FFFF00030008

mem[X,0x00000000800003A4] -> 0x0337
mem[X,0x00000000800003A6] -> 0x0041
[238] [M]: 0x00000000800003A4 (0x00410337) lui t1, 0x410
x6 <- 0x0000000000410000

mem[X,0x00000000800003A8] -> 0x0313
mem[X,0x00000000800003AA] -> 0xF7F3
[239] [M]: 0x00000000800003A8 (0xF7F30313) addi t1, t1, -0x81
x6 <- 0x000000000040FF7F

mem[X,0x00000000800003AC] -> 0x1313
mem[X,0x00000000800003AE] -> 0x00B3
[240] [M]: 0x00000000800003AC (0x00B31313) slli t1, t1, 0xb
x6 <- 0x0000000207FBF800

mem[X,0x00000000800003B0] -> 0x0313
mem[X,0x00000000800003B2] -> 0x7FF3
[241] [M]: 0x00000000800003B0 (0x7FF30313) addi t1, t1, 0x7ff
x6 <- 0x0000000207FBFFFF

mem[X,0x00000000800003B4] -> 0x1313
mem[X,0x00000000800003B6] -> 0x00B3
[242] [M]: 0x00000000800003B4 (0x00B31313) slli t1, t1, 0xb
x6 <- 0x0000103FDFFFF800

mem[X,0x00000000800003B8] -> 0x0313
mem[X,0x00000000800003BA] -> 0x5803
[243] [M]: 0x00000000800003B8 (0x58030313) addi t1, t1, 0x580
x6 <- 0x0000103FDFFFFD80

mem[X,0x00000000800003BC] -> 0x1313
mem[X,0x00000000800003BE] -> 0x00A3
[244] [M]: 0x00000000800003BC (0x00A31313) slli t1, t1, 0xa
x6 <- 0x0040FF7FFFF60000

mem[X,0x00000000800003C0] -> 0x0313
mem[X,0x00000000800003C2] -> 0x0053
[245] [M]: 0x00000000800003C0 (0x00530313) addi t1, t1, 0x5
x6 <- 0x0040FF7FFFF60005

mem[X,0x00000000800003C4] -> 0xF83B
mem[X,0x00000000800003C6] -> 0xB46A
[246] [M]: 0x00000000800003C4 (0xB46AF83B) pmulhsu.h.bo a6, s5, t1
x16 <- 0x000000FE00000000

mem[X,0x00000000800003C8] -> 0xBC23
mem[X,0x00000000800003CA] -> 0x0302
[247] [M]: 0x00000000800003C8 (0x0302BC23) sd a6, 0x38(t0)
mem[0x0000000080004150] <- 0x000000FE00000000

mem[X,0x00000000800003CC] -> 0x0637
mem[X,0x00000000800003CE] -> 0x0801
[248] [M]: 0x00000000800003CC (0x08010637) lui a2, 0x8010
x12 <- 0x0000000008010000

mem[X,0x00000000800003D0] -> 0x0613
mem[X,0x00000000800003D2] -> 0xBFF6
[249] [M]: 0x00000000800003D0 (0xBFF60613) addi a2, a2, -0x401
x12 <- 0x000000000800FBFF

mem[X,0x00000000800003D4] -> 0x1613
mem[X,0x00000000800003D6] -> 0x00B6
[250] [M]: 0x00000000800003D4 (0x00B61613) slli a2, a2, 0xb
x12 <- 0x0000004007DFF800

mem[X,0x00000000800003D8] -> 0x0613
mem[X,0x00000000800003DA] -> 0x1FF6
[251] [M]: 0x00000000800003D8 (0x1FF60613) addi a2, a2, 0x1ff
x12 <- 0x0000004007DFF9FF

mem[X,0x00000000800003DC] -> 0x1613
mem[X,0x00000000800003DE] -> 0x00B6
[252] [M]: 0x00000000800003DC (0x00B61613) slli a2, a2, 0xb
x12 <- 0x0002003EFFCFF800

mem[X,0x00000000800003E0] -> 0x0613
mem[X,0x00000000800003E2] -> 0x7C06
[253] [M]: 0x00000000800003E0 (0x7C060613) addi a2, a2, 0x7c0
x12 <- 0x0002003EFFCFFFC0

mem[X,0x00000000800003E4] -> 0x1613
mem[X,0x00000000800003E6] -> 0x00A6
[254] [M]: 0x00000000800003E4 (0x00A61613) slli a2, a2, 0xa
x12 <- 0x0800FBFF3FFF0000

mem[X,0x00000000800003E8] -> 0x0613
mem[X,0x00000000800003EA] -> 0x0106
[255] [M]: 0x00000000800003E8 (0x01060613) addi a2, a2, 0x10
x12 <- 0x0800FBFF3FFF0010

mem[X,0x00000000800003EC] -> 0x0937
mem[X,0x00000000800003EE] -> 0xFFF8
[256] [M]: 0x00000000800003EC (0xFFF80937) lui s2, -0x80
x18 <- 0xFFFFFFFFFFF80000

mem[X,0x00000000800003F0] -> 0x0913
mem[X,0x00000000800003F2] -> 0xFFD9
[257] [M]: 0x00000000800003F0 (0xFFD90913) addi s2, s2, -0x3
x18 <- 0xFFFFFFFFFFF7FFFD

mem[X,0x00000000800003F4] -> 0x1913
mem[X,0x00000000800003F6] -> 0x00B9
[258] [M]: 0x00000000800003F4 (0x00B91913) slli s2, s2, 0xb
x18 <- 0xFFFFFFFFBFFFE800

mem[X,0x00000000800003F8] -> 0x0913
mem[X,0x00000000800003FA] -> 0x0809
[259] [M]: 0x00000000800003F8 (0x08090913) addi s2, s2, 0x80
x18 <- 0xFFFFFFFFBFFFE880

mem[X,0x00000000800003FC] -> 0x1913
mem[X,0x00000000800003FE] -> 0x00B9
[260] [M]: 0x00000000800003FC (0x00B91913) slli s2, s2, 0xb
x18 <- 0xFFFFFDFFFF440000

mem[X,0x0000000080000400] -> 0x0913
mem[X,0x0000000080000402] -> 0x0109
[261] [M]: 0x0000000080000400 (0x01090913) addi s2, s2, 0x10
x18 <- 0xFFFFFDFFFF440010

mem[X,0x0000000080000404] -> 0x1913
mem[X,0x0000000080000406] -> 0x00A9
[262] [M]: 0x0000000080000404 (0x00A91913) slli s2, s2, 0xa
x18 <- 0xFFF7FFFD10004000

mem[X,0x0000000080000408] -> 0x7E3B
mem[X,0x000000008000040A] -> 0xB526
[263] [M]: 0x0000000080000408 (0xB5267E3B) pmulhsu.h.bo t3, a2, s2
x28 <- 0x000700FB00030000

mem[X,0x000000008000040C] -> 0xB023
mem[X,0x000000008000040E] -> 0x05C2
[264] [M]: 0x000000008000040C (0x05C2B023) sd t3, 0x40(t0)
mem[0x0000000080004158] <- 0x000700FB00030000

mem[X,0x0000000080000410] -> 0x09B7
mem[X,0x0000000080000412] -> 0xFF80
[265] [M]: 0x0000000080000410 (0xFF8009B7) lui s3, -0x800
x19 <- 0xFFFFFFFFFF800000

mem[X,0x0000000080000414] -> 0x8993
mem[X,0x0000000080000416] -> 0xFF69
[266] [M]: 0x0000000080000414 (0xFF698993) addi s3, s3, -0xa
x19 <- 0xFFFFFFFFFF7FFFF6

mem[X,0x0000000080000418] -> 0x9993
mem[X,0x000000008000041A] -> 0x00B9
[267] [M]: 0x0000000080000418 (0x00B99993) slli s3, s3, 0xb
x19 <- 0xFFFFFFFBFFFFB000

mem[X,0x000000008000041C] -> 0x8993
mem[X,0x000000008000041E] -> 0x0009
[268] [M]: 0x000000008000041C (0x00098993) addi s3, s3, 0x0
x19 <- 0xFFFFFFFBFFFFB000

mem[X,0x0000000080000420] -> 0x9993
mem[X,0x0000000080000422] -> 0x00B9
[269] [M]: 0x0000000080000420 (0x00B99993) slli s3, s3, 0xb
x19 <- 0xFFFFDFFFFD800000

mem[X,0x0000000080000424] -> 0x8993
mem[X,0x0000000080000426] -> 0x4009
[270] [M]: 0x0000000080000424 (0x40098993) addi s3, s3, 0x400
x19 <- 0xFFFFDFFFFD800400

mem[X,0x0000000080000428] -> 0x9993
mem[X,0x000000008000042A] -> 0x00A9
[271] [M]: 0x0000000080000428 (0x00A99993) slli s3, s3, 0xa
x19 <- 0xFF7FFFF600100000

mem[X,0x000000008000042C] -> 0x8993
mem[X,0x000000008000042E] -> 0x0209
[272] [M]: 0x000000008000042C (0x02098993) addi s3, s3, 0x20
x19 <- 0xFF7FFFF600100020

mem[X,0x0000000080000430] -> 0x0DB7
mem[X,0x0000000080000432] -> 0xFFEF
[273] [M]: 0x0000000080000430 (0xFFEF0DB7) lui s11, -0x110
x27 <- 0xFFFFFFFFFFEF0000

mem[X,0x0000000080000434] -> 0x8D93
mem[X,0x0000000080000436] -> 0x100D
[274] [M]: 0x0000000080000434 (0x100D8D93) addi s11, s11, 0x100
x27 <- 0xFFFFFFFFFFEF0100

mem[X,0x0000000080000438] -> 0x9D93
mem[X,0x000000008000043A] -> 0x00BD
[275] [M]: 0x0000000080000438 (0x00BD9D93) slli s11, s11, 0xb
x27 <- 0xFFFFFFFF78080000

mem[X,0x000000008000043C] -> 0x8D93
mem[X,0x000000008000043E] -> 0x7F7D
[276] [M]: 0x000000008000043C (0x7F7D8D93) addi s11, s11, 0x7f7
x27 <- 0xFFFFFFFF780807F7

mem[X,0x0000000080000440] -> 0x9D93
mem[X,0x0000000080000442] -> 0x00BD
[277] [M]: 0x0000000080000440 (0x00BD9D93) slli s11, s11, 0xb
x27 <- 0xFFFFFBC0403FB800

mem[X,0x0000000080000444] -> 0x8D93
mem[X,0x0000000080000446] -> 0x7C0D
[278] [M]: 0x0000000080000444 (0x7C0D8D93) addi s11, s11, 0x7c0
x27 <- 0xFFFFFBC0403FBFC0

mem[X,0x0000000080000448] -> 0x9D93
mem[X,0x000000008000044A] -> 0x00AD
[279] [M]: 0x0000000080000448 (0x00AD9D93) slli s11, s11, 0xa
x27 <- 0xFFEF0100FEFF0000

mem[X,0x000000008000044C] -> 0x8D93
mem[X,0x000000008000044E] -> 0x008D
[280] [M]: 0x000000008000044C (0x008D8D93) addi s11, s11, 0x8
x27 <- 0xFFEF0100FEFF0008

mem[X,0x0000000080000450] -> 0xF1BB
mem[X,0x0000000080000452] -> 0xB5B9
[281] [M]: 0x0000000080000450 (0xB5B9F1BB) pmulhsu.h.bo gp, s3, s11
x3 <- 0x00FE000000000000

mem[X,0x0000000080000454] -> 0xB423
mem[X,0x0000000080000456] -> 0x0432
[282] [M]: 0x0000000080000454 (0x0432B423) sd gp, 0x48(t0)
mem[0x0000000080004160] <- 0x00FE000000000000

mem[X,0x0000000080000458] -> 0x4C37
mem[X,0x000000008000045A] -> 0x0005
[283] [M]: 0x0000000080000458 (0x00054C37) lui s8, 0x54
x24 <- 0x0000000000054000

mem[X,0x000000008000045C] -> 0x0C13
mem[X,0x000000008000045E] -> 0xFFFC
[284] [M]: 0x000000008000045C (0xFFFC0C13) addi s8, s8, -0x1
x24 <- 0x0000000000053FFF

mem[X,0x0000000080000460] -> 0x1C13
mem[X,0x0000000080000462] -> 0x00BC
[285] [M]: 0x0000000080000460 (0x00BC1C13) slli s8, s8, 0xb
x24 <- 0x0000000029FFF800

mem[X,0x0000000080000464] -> 0x0C13
mem[X,0x0000000080000466] -> 0x6FFC
[286] [M]: 0x0000000080000464 (0x6FFC0C13) addi s8, s8, 0x6ff
x24 <- 0x0000000029FFFEFF

mem[X,0x0000000080000468] -> 0x1C13
mem[X,0x000000008000046A] -> 0x00BC
[287] [M]: 0x0000000080000468 (0x00BC1C13) slli s8, s8, 0xb
x24 <- 0x0000014FFFF7F800

mem[X,0x000000008000046C] -> 0x0C13
mem[X,0x000000008000046E] -> 0x7C0C
[288] [M]: 0x000000008000046C (0x7C0C0C13) addi s8, s8, 0x7c0
x24 <- 0x0000014FFFF7FFC0

mem[X,0x0000000080000470] -> 0x1C13
mem[X,0x0000000080000472] -> 0x00AC
[289] [M]: 0x0000000080000470 (0x00AC1C13) slli s8, s8, 0xa
x24 <- 0x00053FFFDFFF0000

mem[X,0x0000000080000474] -> 0x0C13
mem[X,0x0000000080000476] -> 0x040C
[290] [M]: 0x0000000080000474 (0x040C0C13) addi s8, s8, 0x40
x24 <- 0x00053FFFDFFF0040

mem[X,0x0000000080000478] -> 0x05B7
mem[X,0x000000008000047A] -> 0xFFFD
[291] [M]: 0x0000000080000478 (0xFFFD05B7) lui a1, -0x30
x11 <- 0xFFFFFFFFFFFD0000

mem[X,0x000000008000047C] -> 0x8593
mem[X,0x000000008000047E] -> 0xFFD5
[292] [M]: 0x000000008000047C (0xFFD58593) addi a1, a1, -0x3
x11 <- 0xFFFFFFFFFFFCFFFD

mem[X,0x0000000080000480] -> 0x9593
mem[X,0x0000000080000482] -> 0x00B5
[293] [M]: 0x0000000080000480 (0x00B59593) slli a1, a1, 0xb
x11 <- 0xFFFFFFFFE7FFE800

mem[X,0x0000000080000484] -> 0x8593
mem[X,0x0000000080000486] -> 0x6FF5
[294] [M]: 0x0000000080000484 (0x6FF58593) addi a1, a1, 0x6ff
x11 <- 0xFFFFFFFFE7FFEEFF

mem[X,0x0000000080000488] -> 0x9593
mem[X,0x000000008000048A] -> 0x00B5
[295] [M]: 0x0000000080000488 (0x00B59593) slli a1, a1, 0xb
x11 <- 0xFFFFFF3FFF77F800

mem[X,0x000000008000048C] -> 0x8593
mem[X,0x000000008000048E] -> 0x7EF5
[296] [M]: 0x000000008000048C (0x7EF58593) addi a1, a1, 0x7ef
x11 <- 0xFFFFFF3FFF77FFEF

mem[X,0x0000000080000490] -> 0x9593
mem[X,0x0000000080000492] -> 0x00A5
[297] [M]: 0x0000000080000490 (0x00A59593) slli a1, a1, 0xa
x11 <- 0xFFFCFFFDDFFFBC00

mem[X,0x0000000080000494] -> 0x8593
mem[X,0x0000000080000496] -> 0x3FF5
[298] [M]: 0x0000000080000494 (0x3FF58593) addi a1, a1, 0x3ff
x11 <- 0xFFFCFFFDDFFFBFFF

mem[X,0x0000000080000498] -> 0x713B
mem[X,0x000000008000049A] -> 0xB4BC
[299] [M]: 0x0000000080000498 (0xB4BC713B) pmulhsu.h.bo sp, s8, a1
x2 <- 0x0000003F00C30000

clint::tick mtime <- 0x0000000000000003
 clint timer pending at mtime 0x0000000000000003
htif::tick 0x0000000000000000
mem[X,0x000000008000049C] -> 0xB823
mem[X,0x000000008000049E] -> 0x0422
[300] [M]: 0x000000008000049C (0x0422B823) sd sp, 0x50(t0)
mem[0x0000000080004168] <- 0x0000003F00C30000

mem[X,0x00000000800004A0] -> 0x0EB7
mem[X,0x00000000800004A2] -> 0xFF7F
[301] [M]: 0x00000000800004A0 (0xFF7F0EB7) lui t4, -0x810
x29 <- 0xFFFFFFFFFF7F0000

mem[X,0x00000000800004A4] -> 0x8E93
mem[X,0x00000000800004A6] -> 0x080E
[302] [M]: 0x00000000800004A4 (0x080E8E93) addi t4, t4, 0x80
x29 <- 0xFFFFFFFFFF7F0080

mem[X,0x00000000800004A8] -> 0x9E93
mem[X,0x00000000800004AA] -> 0x00BE
[303] [M]: 0x00000000800004A8 (0x00BE9E93) slli t4, t4, 0xb
x29 <- 0xFFFFFFFBF8040000

mem[X,0x00000000800004AC] -> 0x8E93
mem[X,0x00000000800004AE] -> 0x001E
[304] [M]: 0x00000000800004AC (0x001E8E93) addi t4, t4, 0x1
x29 <- 0xFFFFFFFBF8040001

mem[X,0x00000000800004B0] -> 0x9E93
mem[X,0x00000000800004B2] -> 0x00BE
[305] [M]: 0x00000000800004B0 (0x00BE9E93) slli t4, t4, 0xb
x29 <- 0xFFFFDFC020000800

mem[X,0x00000000800004B4] -> 0x8E93
mem[X,0x00000000800004B6] -> 0x000E
[306] [M]: 0x00000000800004B4 (0x000E8E93) addi t4, t4, 0x0
x29 <- 0xFFFFDFC020000800

mem[X,0x00000000800004B8] -> 0x9E93
mem[X,0x00000000800004BA] -> 0x00AE
[307] [M]: 0x00000000800004B8 (0x00AE9E93) slli t4, t4, 0xa
x29 <- 0xFF7F008000200000

mem[X,0x00000000800004BC] -> 0x8E93
mem[X,0x00000000800004BE] -> 0x080E
[308] [M]: 0x00000000800004BC (0x080E8E93) addi t4, t4, 0x80
x29 <- 0xFF7F008000200080

mem[X,0x00000000800004C0] -> 0xE737
mem[X,0x00000000800004C2] -> 0xC000
[309] [M]: 0x00000000800004C0 (0xC000E737) lui a4, -0x3fff2
x14 <- 0xFFFFFFFFC000E000

mem[X,0x00000000800004C4] -> 0x0713
mem[X,0x00000000800004C6] -> 0xFFF7
[310] [M]: 0x00000000800004C4 (0xFFF70713) addi a4, a4, -0x1
x14 <- 0xFFFFFFFFC000DFFF

mem[X,0x00000000800004C8] -> 0x1713
mem[X,0x00000000800004CA] -> 0x00B7
[311] [M]: 0x00000000800004C8 (0x00B71713) slli a4, a4, 0xb
x14 <- 0xFFFFFE0006FFF800

mem[X,0x00000000800004CC] -> 0x0713
mem[X,0x00000000800004CE] -> 0x0007
[312] [M]: 0x00000000800004CC (0x00070713) addi a4, a4, 0x0
x14 <- 0xFFFFFE0006FFF800

mem[X,0x00000000800004D0] -> 0x1713
mem[X,0x00000000800004D2] -> 0x00B7
[313] [M]: 0x00000000800004D0 (0x00B71713) slli a4, a4, 0xb
x14 <- 0xFFF00037FFC00000

mem[X,0x00000000800004D4] -> 0x0713
mem[X,0x00000000800004D6] -> 0x43E7
[314] [M]: 0x00000000800004D4 (0x43E70713) addi a4, a4, 0x43e
x14 <- 0xFFF00037FFC0043E

mem[X,0x00000000800004D8] -> 0x1713
mem[X,0x00000000800004DA] -> 0x00A7
[315] [M]: 0x00000000800004D8 (0x00A71713) slli a4, a4, 0xa
x14 <- 0xC000DFFF0010F800

mem[X,0x00000000800004DC] -> 0x0713
mem[X,0x00000000800004DE] -> 0x3FF7
[316] [M]: 0x00000000800004DC (0x3FF70713) addi a4, a4, 0x3ff
x14 <- 0xC000DFFF0010FBFF

mem[X,0x00000000800004E0] -> 0xFC3B
mem[X,0x00000000800004E2] -> 0xB4EE
[317] [M]: 0x00000000800004E0 (0xB4EEFC3B) pmulhsu.h.bo s8, t4, a4
x24 <- 0x00BF000000000000

mem[X,0x00000000800004E4] -> 0xBC23
mem[X,0x00000000800004E6] -> 0x0582
[318] [M]: 0x00000000800004E4 (0x0582BC23) sd s8, 0x58(t0)
mem[0x0000000080004170] <- 0x00BF000000000000

mem[X,0x00000000800004E8] -> 0x0D37
mem[X,0x00000000800004EA] -> 0xFF7F
[319] [M]: 0x00000000800004E8 (0xFF7F0D37) lui s10, -0x810
x26 <- 0xFFFFFFFFFF7F0000

mem[X,0x00000000800004EC] -> 0x0D13
mem[X,0x00000000800004EE] -> 0x006D
[320] [M]: 0x00000000800004EC (0x006D0D13) addi s10, s10, 0x6
x26 <- 0xFFFFFFFFFF7F0006

mem[X,0x00000000800004F0] -> 0x1D13
mem[X,0x00000000800004F2] -> 0x00BD
[321] [M]: 0x00000000800004F0 (0x00BD1D13) slli s10, s10, 0xb
x26 <- 0xFFFFFFFBF8003000

mem[X,0x00000000800004F4] -> 0x0D13
mem[X,0x00000000800004F6] -> 0x7FFD
[322] [M]: 0x00000000800004F4 (0x7FFD0D13) addi s10, s10, 0x7ff
x26 <- 0xFFFFFFFBF80037FF

mem[X,0x00000000800004F8] -> 0x1D13
mem[X,0x00000000800004FA] -> 0x00BD
[323] [M]: 0x00000000800004F8 (0x00BD1D13) slli s10, s10, 0xb
x26 <- 0xFFFFDFC001BFF800

mem[X,0x00000000800004FC] -> 0x0D13
mem[X,0x00000000800004FE] -> 0x640D
[324] [M]: 0x00000000800004FC (0x640D0D13) addi s10, s10, 0x640
x26 <- 0xFFFFDFC001BFFE40

mem[X,0x0000000080000500] -> 0x1D13
mem[X,0x0000000080000502] -> 0x00AD
[325] [M]: 0x0000000080000500 (0x00AD1D13) slli s10, s10, 0xa
x26 <- 0xFF7F0006FFF90000

mem[X,0x0000000080000504] -> 0x0D13
mem[X,0x0000000080000506] -> 0x100D
[326] [M]: 0x0000000080000504 (0x100D0D13) addi s10, s10, 0x100
x26 <- 0xFF7F0006FFF90100

mem[X,0x0000000080000508] -> 0x0BB7
mem[X,0x000000008000050A] -> 0x5556
[327] [M]: 0x0000000080000508 (0x55560BB7) lui s7, 0x55560
x23 <- 0x0000000055560000

mem[X,0x000000008000050C] -> 0x8B93
mem[X,0x000000008000050E] -> 0xF7FB
[328] [M]: 0x000000008000050C (0xF7FB8B93) addi s7, s7, -0x81
x23 <- 0x000000005555FF7F

mem[X,0x0000000080000510] -> 0x9B93
mem[X,0x0000000080000512] -> 0x00BB
[329] [M]: 0x0000000080000510 (0x00BB9B93) slli s7, s7, 0xb
x23 <- 0x000002AAAFFBF800

mem[X,0x0000000080000514] -> 0x8B93
mem[X,0x0000000080000516] -> 0x000B
[330] [M]: 0x0000000080000514 (0x000B8B93) addi s7, s7, 0x0
x23 <- 0x000002AAAFFBF800

mem[X,0x0000000080000518] -> 0x9B93
mem[X,0x000000008000051A] -> 0x00BB
[331] [M]: 0x0000000080000518 (0x00BB9B93) slli s7, s7, 0xb
x23 <- 0x0015557FDFC00000

mem[X,0x000000008000051C] -> 0x8B93
mem[X,0x000000008000051E] -> 0x200B
[332] [M]: 0x000000008000051C (0x200B8B93) addi s7, s7, 0x200
x23 <- 0x0015557FDFC00200

mem[X,0x0000000080000520] -> 0x9B93
mem[X,0x0000000080000522] -> 0x00AB
[333] [M]: 0x0000000080000520 (0x00AB9B93) slli s7, s7, 0xa
x23 <- 0x5555FF7F00080000

mem[X,0x0000000080000524] -> 0x8B93
mem[X,0x0000000080000526] -> 0x002B
[334] [M]: 0x0000000080000524 (0x002B8B93) addi s7, s7, 0x2
x23 <- 0x5555FF7F00080002

mem[X,0x0000000080000528] -> 0x733B
mem[X,0x000000008000052A] -> 0xB57D
[335] [M]: 0x0000000080000528 (0xB57D733B) pmulhsu.h.bo t1, s10, s7
x6 <- 0x0054000000000000

mem[X,0x000000008000052C] -> 0xB023
mem[X,0x000000008000052E] -> 0x0662
[336] [M]: 0x000000008000052C (0x0662B023) sd t1, 0x60(t0)
mem[0x0000000080004178] <- 0x0054000000000000

mem[X,0x0000000080000530] -> 0x0BB7
mem[X,0x0000000080000532] -> 0xFF7F
[337] [M]: 0x0000000080000530 (0xFF7F0BB7) lui s7, -0x810
x23 <- 0xFFFFFFFFFF7F0000

mem[X,0x0000000080000534] -> 0x8B93
mem[X,0x0000000080000536] -> 0x007B
[338] [M]: 0x0000000080000534 (0x007B8B93) addi s7, s7, 0x7
x23 <- 0xFFFFFFFFFF7F0007

mem[X,0x0000000080000538] -> 0x9B93
mem[X,0x000000008000053A] -> 0x00BB
[339] [M]: 0x0000000080000538 (0x00BB9B93) slli s7, s7, 0xb
x23 <- 0xFFFFFFFBF8003800

mem[X,0x000000008000053C] -> 0x8B93
mem[X,0x000000008000053E] -> 0x7F7B
[340] [M]: 0x000000008000053C (0x7F7B8B93) addi s7, s7, 0x7f7
x23 <- 0xFFFFFFFBF8003FF7

mem[X,0x0000000080000540] -> 0x9B93
mem[X,0x0000000080000542] -> 0x00BB
[341] [M]: 0x0000000080000540 (0x00BB9B93) slli s7, s7, 0xb
x23 <- 0xFFFFDFC001FFB800

mem[X,0x0000000080000544] -> 0x8B93
mem[X,0x0000000080000546] -> 0x7C0B
[342] [M]: 0x0000000080000544 (0x7C0B8B93) addi s7, s7, 0x7c0
x23 <- 0xFFFFDFC001FFBFC0

mem[X,0x0000000080000548] -> 0x9B93
mem[X,0x000000008000054A] -> 0x00AB
[343] [M]: 0x0000000080000548 (0x00AB9B93) slli s7, s7, 0xa
x23 <- 0xFF7F0007FEFF0000

mem[X,0x000000008000054C] -> 0x8B93
mem[X,0x000000008000054E] -> 0x200B
[344] [M]: 0x000000008000054C (0x200B8B93) addi s7, s7, 0x200
x23 <- 0xFF7F0007FEFF0200

mem[X,0x0000000080000550] -> 0x0A37
mem[X,0x0000000080000552] -> 0xFFFD
[345] [M]: 0x0000000080000550 (0xFFFD0A37) lui s4, -0x30
x20 <- 0xFFFFFFFFFFFD0000

mem[X,0x0000000080000554] -> 0x0A13
mem[X,0x0000000080000556] -> 0xF7FA
[346] [M]: 0x0000000080000554 (0xF7FA0A13) addi s4, s4, -0x81
x20 <- 0xFFFFFFFFFFFCFF7F

mem[X,0x0000000080000558] -> 0x1A13
mem[X,0x000000008000055A] -> 0x00BA
[347] [M]: 0x0000000080000558 (0x00BA1A13) slli s4, s4, 0xb
x20 <- 0xFFFFFFFFE7FBF800

mem[X,0x000000008000055C] -> 0x0A13
mem[X,0x000000008000055E] -> 0x7EFA
[348] [M]: 0x000000008000055C (0x7EFA0A13) addi s4, s4, 0x7ef
x20 <- 0xFFFFFFFFE7FBFFEF

mem[X,0x0000000080000560] -> 0x1A13
mem[X,0x0000000080000562] -> 0x00BA
[349] [M]: 0x0000000080000560 (0x00BA1A13) slli s4, s4, 0xb
x20 <- 0xFFFFFF3FDFFF7800

mem[X,0x0000000080000564] -> 0x0A13
mem[X,0x0000000080000566] -> 0x7C0A
[350] [M]: 0x0000000080000564 (0x7C0A0A13) addi s4, s4, 0x7c0
x20 <- 0xFFFFFF3FDFFF7FC0

mem[X,0x0000000080000568] -> 0x1A13
mem[X,0x000000008000056A] -> 0x00AA
[351] [M]: 0x0000000080000568 (0x00AA1A13) slli s4, s4, 0xa
x20 <- 0xFFFCFF7FFDFF0000

mem[X,0x000000008000056C] -> 0x0A13
mem[X,0x000000008000056E] -> 0x002A
[352] [M]: 0x000000008000056C (0x002A0A13) addi s4, s4, 0x2
x20 <- 0xFFFCFF7FFDFF0002

mem[X,0x0000000080000570] -> 0xF63B
mem[X,0x0000000080000572] -> 0xB54B
[353] [M]: 0x0000000080000570 (0xB54BF63B) pmulhsu.h.bo a2, s7, s4
x12 <- 0x00FE000000FC0000

mem[X,0x0000000080000574] -> 0xB423
mem[X,0x0000000080000576] -> 0x06C2
[354] [M]: 0x0000000080000574 (0x06C2B423) sd a2, 0x68(t0)
mem[0x0000000080004180] <- 0x00FE000000FC0000

mem[X,0x0000000080000578] -> 0x0013
mem[X,0x000000008000057A] -> 0x0000
[355] [M]: 0x0000000080000578 (0x00000013) addi zero, zero, 0x0

mem[X,0x000000008000057C] -> 0x0013
mem[X,0x000000008000057E] -> 0x0000
[356] [M]: 0x000000008000057C (0x00000013) addi zero, zero, 0x0

mem[X,0x0000000080000580] -> 0x4317
mem[X,0x0000000080000582] -> 0x0000
[357] [M]: 0x0000000080000580 (0x00004317) auipc t1, 0x4
x6 <- 0x0000000080004580

mem[X,0x0000000080000584] -> 0x0313
mem[X,0x0000000080000586] -> 0xC083
[358] [M]: 0x0000000080000584 (0xC0830313) addi t1, t1, -0x3f8
x6 <- 0x0000000080004188

mem[X,0x0000000080000588] -> 0x0013
mem[X,0x000000008000058A] -> 0x0000
[359] [M]: 0x0000000080000588 (0x00000013) addi zero, zero, 0x0

mem[X,0x000000008000058C] -> 0x0013
mem[X,0x000000008000058E] -> 0x0000
[360] [M]: 0x000000008000058C (0x00000013) addi zero, zero, 0x0

mem[X,0x0000000080000590] -> 0x0013
mem[X,0x0000000080000592] -> 0x0000
[361] [M]: 0x0000000080000590 (0x00000013) addi zero, zero, 0x0

mem[X,0x0000000080000594] -> 0x0013
mem[X,0x0000000080000596] -> 0x0000
[362] [M]: 0x0000000080000594 (0x00000013) addi zero, zero, 0x0

mem[X,0x0000000080000598] -> 0x0013
mem[X,0x000000008000059A] -> 0x0000
[363] [M]: 0x0000000080000598 (0x00000013) addi zero, zero, 0x0

mem[X,0x000000008000059C] -> 0x0013
mem[X,0x000000008000059E] -> 0x0000
[364] [M]: 0x000000008000059C (0x00000013) addi zero, zero, 0x0

mem[X,0x00000000800005A0] -> 0x8237
mem[X,0x00000000800005A2] -> 0xFFEF
[365] [M]: 0x00000000800005A0 (0xFFEF8237) lui tp, -0x108
x4 <- 0xFFFFFFFFFFEF8000

mem[X,0x00000000800005A4] -> 0x0213
mem[X,0x00000000800005A6] -> 0x0002
[366] [M]: 0x00000000800005A4 (0x00020213) addi tp, tp, 0x0
x4 <- 0xFFFFFFFFFFEF8000

mem[X,0x00000000800005A8] -> 0x1213
mem[X,0x00000000800005AA] -> 0x00B2
[367] [M]: 0x00000000800005A8 (0x00B21213) slli tp, tp, 0xb
x4 <- 0xFFFFFFFF7C000000

mem[X,0x00000000800005AC] -> 0x0213
mem[X,0x00000000800005AE] -> 0x7FF2
[368] [M]: 0x00000000800005AC (0x7FF20213) addi tp, tp, 0x7ff
x4 <- 0xFFFFFFFF7C0007FF

mem[X,0x00000000800005B0] -> 0x1213
mem[X,0x00000000800005B2] -> 0x00B2
[369] [M]: 0x00000000800005B0 (0x00B21213) slli tp, tp, 0xb
x4 <- 0xFFFFFBE0003FF800

mem[X,0x00000000800005B4] -> 0x0213
mem[X,0x00000000800005B6] -> 0x6812
[370] [M]: 0x00000000800005B4 (0x68120213) addi tp, tp, 0x681
x4 <- 0xFFFFFBE0003FFE81

mem[X,0x00000000800005B8] -> 0x1213
mem[X,0x00000000800005BA] -> 0x00A2
[371] [M]: 0x00000000800005B8 (0x00A21213) slli tp, tp, 0xa
x4 <- 0xFFEF8000FFFA0400

mem[X,0x00000000800005BC] -> 0x03B7
mem[X,0x00000000800005BE] -> 0xFFF7
[372] [M]: 0x00000000800005BC (0xFFF703B7) lui t2, -0x90
x7 <- 0xFFFFFFFFFFF70000

mem[X,0x00000000800005C0] -> 0x8393
mem[X,0x00000000800005C2] -> 0x0033
[373] [M]: 0x00000000800005C0 (0x00338393) addi t2, t2, 0x3
x7 <- 0xFFFFFFFFFFF70003

mem[X,0x00000000800005C4] -> 0x9393
mem[X,0x00000000800005C6] -> 0x00B3
[374] [M]: 0x00000000800005C4 (0x00B39393) slli t2, t2, 0xb
x7 <- 0xFFFFFFFFB8001800

mem[X,0x00000000800005C8] -> 0x8393
mem[X,0x00000000800005CA] -> 0x0003
[375] [M]: 0x00000000800005C8 (0x00038393) addi t2, t2, 0x0
x7 <- 0xFFFFFFFFB8001800

mem[X,0x00000000800005CC] -> 0x9393
mem[X,0x00000000800005CE] -> 0x00B3
[376] [M]: 0x00000000800005CC (0x00B39393) slli t2, t2, 0xb
x7 <- 0xFFFFFDC000C00000

mem[X,0x00000000800005D0] -> 0x8393
mem[X,0x00000000800005D2] -> 0x0423
[377] [M]: 0x00000000800005D0 (0x04238393) addi t2, t2, 0x42
x7 <- 0xFFFFFDC000C00042

mem[X,0x00000000800005D4] -> 0x9393
mem[X,0x00000000800005D6] -> 0x00A3
[378] [M]: 0x00000000800005D4 (0x00A39393) slli t2, t2, 0xa
x7 <- 0xFFF7000300010800

mem[X,0x00000000800005D8] -> 0x7ABB
mem[X,0x00000000800005DA] -> 0xB472
[379] [M]: 0x00000000800005D8 (0xB4727ABB) pmulhsu.h.bo s5, tp, t2
x21 <- 0x00FE000000000000

mem[X,0x00000000800005DC] -> 0x3023
mem[X,0x00000000800005DE] -> 0x0153
[380] [M]: 0x00000000800005DC (0x01533023) sd s5, 0x0(t1)
mem[0x0000000080004188] <- 0x00FE000000000000

mem[X,0x00000000800005E0] -> 0x00B7
mem[X,0x00000000800005E2] -> 0x0400
[381] [M]: 0x00000000800005E0 (0x040000B7) lui ra, 0x4000
x1 <- 0x0000000004000000

mem[X,0x00000000800005E4] -> 0x8093
mem[X,0x00000000800005E6] -> 0x0030
[382] [M]: 0x00000000800005E4 (0x00308093) addi ra, ra, 0x3
x1 <- 0x0000000004000003

mem[X,0x00000000800005E8] -> 0x9093
mem[X,0x00000000800005EA] -> 0x00B0
[383] [M]: 0x00000000800005E8 (0x00B09093) slli ra, ra, 0xb
x1 <- 0x0000002000001800

mem[X,0x00000000800005EC] -> 0x8093
mem[X,0x00000000800005EE] -> 0x7FF0
[384] [M]: 0x00000000800005EC (0x7FF08093) addi ra, ra, 0x7ff
x1 <- 0x0000002000001FFF

mem[X,0x00000000800005F0] -> 0x9093
mem[X,0x00000000800005F2] -> 0x00B0
[385] [M]: 0x00000000800005F0 (0x00B09093) slli ra, ra, 0xb
x1 <- 0x0001000000FFF800

mem[X,0x00000000800005F4] -> 0x8093
mem[X,0x00000000800005F6] -> 0x6020
[386] [M]: 0x00000000800005F4 (0x60208093) addi ra, ra, 0x602
x1 <- 0x0001000000FFFE02

mem[X,0x00000000800005F8] -> 0x9093
mem[X,0x00000000800005FA] -> 0x00A0
[387] [M]: 0x00000000800005F8 (0x00A09093) slli ra, ra, 0xa
x1 <- 0x04000003FFF80800

mem[X,0x00000000800005FC] -> 0x0837
mem[X,0x00000000800005FE] -> 0xFFF8
[388] [M]: 0x00000000800005FC (0xFFF80837) lui a6, -0x80
x16 <- 0xFFFFFFFFFFF80000

mem[X,0x0000000080000600] -> 0x0813
mem[X,0x0000000080000602] -> 0xFEF8
[389] [M]: 0x0000000080000600 (0xFEF80813) addi a6, a6, -0x11
x16 <- 0xFFFFFFFFFFF7FFEF

mem[X,0x0000000080000604] -> 0x1813
mem[X,0x0000000080000606] -> 0x00B8
[390] [M]: 0x0000000080000604 (0x00B81813) slli a6, a6, 0xb
x16 <- 0xFFFFFFFFBFFF7800

mem[X,0x0000000080000608] -> 0x0813
mem[X,0x000000008000060A] -> 0x0408
[391] [M]: 0x0000000080000608 (0x04080813) addi a6, a6, 0x40
x16 <- 0xFFFFFFFFBFFF7840

mem[X,0x000000008000060C] -> 0x1813
mem[X,0x000000008000060E] -> 0x00B8
[392] [M]: 0x000000008000060C (0x00B81813) slli a6, a6, 0xb
x16 <- 0xFFFFFDFFFBC20000

mem[X,0x0000000080000610] -> 0x0813
mem[X,0x0000000080000612] -> 0x0208
[393] [M]: 0x0000000080000610 (0x02080813) addi a6, a6, 0x20
x16 <- 0xFFFFFDFFFBC20020

mem[X,0x0000000080000614] -> 0x1813
mem[X,0x0000000080000616] -> 0x00A8
[394] [M]: 0x0000000080000614 (0x00A81813) slli a6, a6, 0xa
x16 <- 0xFFF7FFEF08008000

mem[X,0x0000000080000618] -> 0xF03B
mem[X,0x000000008000061A] -> 0xB500
[395] [M]: 0x0000000080000618 (0xB500F03B) pmulhsu.h.bo zero, ra, a6

mem[X,0x000000008000061C] -> 0x3423
mem[X,0x000000008000061E] -> 0x0003
[396] [M]: 0x000000008000061C (0x00033423) sd zero, 0x8(t1)
mem[0x0000000080004190] <- 0x0000000000000000

mem[X,0x0000000080000620] -> 0x0CB7
mem[X,0x0000000080000622] -> 0x0800
[397] [M]: 0x0000000080000620 (0x08000CB7) lui s9, 0x8000
x25 <- 0x0000000008000000

mem[X,0x0000000080000624] -> 0x8C93
mem[X,0x0000000080000626] -> 0x000C
[398] [M]: 0x0000000080000624 (0x000C8C93) addi s9, s9, 0x0
x25 <- 0x0000000008000000

mem[X,0x0000000080000628] -> 0x9C93
mem[X,0x000000008000062A] -> 0x00BC
[399] [M]: 0x0000000080000628 (0x00BC9C93) slli s9, s9, 0xb
x25 <- 0x0000004000000000

clint::tick mtime <- 0x0000000000000004
 clint timer pending at mtime 0x0000000000000004
htif::tick 0x0000000000000000
mem[X,0x000000008000062C] -> 0x8C93
mem[X,0x000000008000062E] -> 0x7FFC
[400] [M]: 0x000000008000062C (0x7FFC8C93) addi s9, s9, 0x7ff
x25 <- 0x00000040000007FF

mem[X,0x0000000080000630] -> 0x9C93
mem[X,0x0000000080000632] -> 0x00BC
[401] [M]: 0x0000000080000630 (0x00BC9C93) slli s9, s9, 0xb
x25 <- 0x00020000003FF800

mem[X,0x0000000080000634] -> 0x8C93
mem[X,0x0000000080000636] -> 0x644C
[402] [M]: 0x0000000080000634 (0x644C8C93) addi s9, s9, 0x644
x25 <- 0x00020000003FFE44

mem[X,0x0000000080000638] -> 0x9C93
mem[X,0x000000008000063A] -> 0x00AC
[403] [M]: 0x0000000080000638 (0x00AC9C93) slli s9, s9, 0xa
x25 <- 0x08000000FFF91000

mem[X,0x000000008000063C] -> 0xC037
mem[X,0x000000008000063E] -> 0xFEFF
[404] [M]: 0x000000008000063C (0xFEFFC037) lui zero, -0x1004

mem[X,0x0000000080000640] -> 0x0013
mem[X,0x0000000080000642] -> 0xFFF0
[405] [M]: 0x0000000080000640 (0xFFF00013) addi zero, zero, -0x1

mem[X,0x0000000080000644] -> 0x1013
mem[X,0x0000000080000646] -> 0x00B0
[406] [M]: 0x0000000080000644 (0x00B01013) slli zero, zero, 0xb

mem[X,0x0000000080000648] -> 0x0013
mem[X,0x000000008000064A] -> 0x7FF0
[407] [M]: 0x0000000080000648 (0x7FF00013) addi zero, zero, 0x7ff

mem[X,0x000000008000064C] -> 0x1013
mem[X,0x000000008000064E] -> 0x00B0
[408] [M]: 0x000000008000064C (0x00B01013) slli zero, zero, 0xb

mem[X,0x0000000080000650] -> 0x0013
mem[X,0x0000000080000652] -> 0x77F0
[409] [M]: 0x0000000080000650 (0x77F00013) addi zero, zero, 0x77f

mem[X,0x0000000080000654] -> 0x1013
mem[X,0x0000000080000656] -> 0x00A0
[410] [M]: 0x0000000080000654 (0x00A01013) slli zero, zero, 0xa

mem[X,0x0000000080000658] -> 0x0013
mem[X,0x000000008000065A] -> 0x3FD0
[411] [M]: 0x0000000080000658 (0x3FD00013) addi zero, zero, 0x3fd

mem[X,0x000000008000065C] -> 0xFA3B
mem[X,0x000000008000065E] -> 0xB40C
[412] [M]: 0x000000008000065C (0xB40CFA3B) pmulhsu.h.bo s4, s9, zero
x20 <- 0x0000000000000000

mem[X,0x0000000080000660] -> 0x3823
mem[X,0x0000000080000662] -> 0x0143
[413] [M]: 0x0000000080000660 (0x01433823) sd s4, 0x10(t1)
mem[0x0000000080004198] <- 0x0000000000000000

mem[X,0x0000000080000664] -> 0xCA37
mem[X,0x0000000080000666] -> 0x0080
[414] [M]: 0x0000000080000664 (0x0080CA37) lui s4, 0x80c
x20 <- 0x000000000080C000

mem[X,0x0000000080000668] -> 0x0A13
mem[X,0x000000008000066A] -> 0xFFFA
[415] [M]: 0x0000000080000668 (0xFFFA0A13) addi s4, s4, -0x1
x20 <- 0x000000000080BFFF

mem[X,0x000000008000066C] -> 0x1A13
mem[X,0x000000008000066E] -> 0x00BA
[416] [M]: 0x000000008000066C (0x00BA1A13) slli s4, s4, 0xb
x20 <- 0x0000000405FFF800

mem[X,0x0000000080000670] -> 0x0A13
mem[X,0x0000000080000672] -> 0x7BFA
[417] [M]: 0x0000000080000670 (0x7BFA0A13) addi s4, s4, 0x7bf
x20 <- 0x0000000405FFFFBF

mem[X,0x0000000080000674] -> 0x1A13
mem[X,0x0000000080000676] -> 0x00BA
[418] [M]: 0x0000000080000674 (0x00BA1A13) slli s4, s4, 0xb
x20 <- 0x0000202FFFFDF800

mem[X,0x0000000080000678] -> 0x0A13
mem[X,0x000000008000067A] -> 0x7C8A
[419] [M]: 0x0000000080000678 (0x7C8A0A13) addi s4, s4, 0x7c8
x20 <- 0x0000202FFFFDFFC8

mem[X,0x000000008000067C] -> 0x1A13
mem[X,0x000000008000067E] -> 0x00AA
[420] [M]: 0x000000008000067C (0x00AA1A13) slli s4, s4, 0xa
x20 <- 0x0080BFFFF7FF2000

mem[X,0x0000000080000680] -> 0x0EB7
mem[X,0x0000000080000682] -> 0x0003
[421] [M]: 0x0000000080000680 (0x00030EB7) lui t4, 0x30
x29 <- 0x0000000000030000

mem[X,0x0000000080000684] -> 0x8E93
mem[X,0x0000000080000686] -> 0x100E
[422] [M]: 0x0000000080000684 (0x100E8E93) addi t4, t4, 0x100
x29 <- 0x0000000000030100

mem[X,0x0000000080000688] -> 0x9E93
mem[X,0x000000008000068A] -> 0x00BE
[423] [M]: 0x0000000080000688 (0x00BE9E93) slli t4, t4, 0xb
x29 <- 0x0000000018080000

mem[X,0x000000008000068C] -> 0x8E93
mem[X,0x000000008000068E] -> 0x000E
[424] [M]: 0x000000008000068C (0x000E8E93) addi t4, t4, 0x0
x29 <- 0x0000000018080000

mem[X,0x0000000080000690] -> 0x9E93
mem[X,0x0000000080000692] -> 0x00BE
[425] [M]: 0x0000000080000690 (0x00BE9E93) slli t4, t4, 0xb
x29 <- 0x000000C040000000

mem[X,0x0000000080000694] -> 0x8E93
mem[X,0x0000000080000696] -> 0x240E
[426] [M]: 0x0000000080000694 (0x240E8E93) addi t4, t4, 0x240
x29 <- 0x000000C040000240

mem[X,0x0000000080000698] -> 0x9E93
mem[X,0x000000008000069A] -> 0x00AE
[427] [M]: 0x0000000080000698 (0x00AE9E93) slli t4, t4, 0xa
x29 <- 0x0003010000090000

mem[X,0x000000008000069C] -> 0x8E93
mem[X,0x000000008000069E] -> 0x003E
[428] [M]: 0x000000008000069C (0x003E8E93) addi t4, t4, 0x3
x29 <- 0x0003010000090003

mem[X,0x00000000800006A0] -> 0x7DBB
mem[X,0x00000000800006A2] -> 0xB5DA
[429] [M]: 0x00000000800006A0 (0xB5DA7DBB) pmulhsu.h.bo s11, s4, t4
x27 <- 0x0000000000000000

mem[X,0x00000000800006A4] -> 0x3C23
mem[X,0x00000000800006A6] -> 0x01B3
[430] [M]: 0x00000000800006A4 (0x01B33C23) sd s11, 0x18(t1)
mem[0x00000000800041A0] <- 0x0000000000000000

mem[X,0x00000000800006A8] -> 0x05B7
mem[X,0x00000000800006AA] -> 0x0007
[431] [M]: 0x00000000800006A8 (0x000705B7) lui a1, 0x70
x11 <- 0x0000000000070000

mem[X,0x00000000800006AC] -> 0x8593
mem[X,0x00000000800006AE] -> 0x4005
[432] [M]: 0x00000000800006AC (0x40058593) addi a1, a1, 0x400
x11 <- 0x0000000000070400

mem[X,0x00000000800006B0] -> 0x9593
mem[X,0x00000000800006B2] -> 0x00B5
[433] [M]: 0x00000000800006B0 (0x00B59593) slli a1, a1, 0xb
x11 <- 0x0000000038200000

mem[X,0x00000000800006B4] -> 0x8593
mem[X,0x00000000800006B6] -> 0x5555
[434] [M]: 0x00000000800006B4 (0x55558593) addi a1, a1, 0x555
x11 <- 0x0000000038200555

mem[X,0x00000000800006B8] -> 0x9593
mem[X,0x00000000800006BA] -> 0x00B5
[435] [M]: 0x00000000800006B8 (0x00B59593) slli a1, a1, 0xb
x11 <- 0x000001C1002AA800

mem[X,0x00000000800006BC] -> 0x8593
mem[X,0x00000000800006BE] -> 0x2905
[436] [M]: 0x00000000800006BC (0x29058593) addi a1, a1, 0x290
x11 <- 0x000001C1002AAA90

mem[X,0x00000000800006C0] -> 0x9593
mem[X,0x00000000800006C2] -> 0x00A5
[437] [M]: 0x00000000800006C0 (0x00A59593) slli a1, a1, 0xa
x11 <- 0x00070400AAAA4000

mem[X,0x00000000800006C4] -> 0x08B7
mem[X,0x00000000800006C6] -> 0x0004
[438] [M]: 0x00000000800006C4 (0x000408B7) lui a7, 0x40
x17 <- 0x0000000000040000

mem[X,0x00000000800006C8] -> 0x8893
mem[X,0x00000000800006CA] -> 0x0068
[439] [M]: 0x00000000800006C8 (0x00688893) addi a7, a7, 0x6
x17 <- 0x0000000000040006

mem[X,0x00000000800006CC] -> 0x9893
mem[X,0x00000000800006CE] -> 0x00B8
[440] [M]: 0x00000000800006CC (0x00B89893) slli a7, a7, 0xb
x17 <- 0x0000000020003000

mem[X,0x00000000800006D0] -> 0x8893
mem[X,0x00000000800006D2] -> 0x7FF8
[441] [M]: 0x00000000800006D0 (0x7FF88893) addi a7, a7, 0x7ff
x17 <- 0x00000000200037FF

mem[X,0x00000000800006D4] -> 0x9893
mem[X,0x00000000800006D6] -> 0x00B8
[442] [M]: 0x00000000800006D4 (0x00B89893) slli a7, a7, 0xb
x17 <- 0x0000010001BFF800

mem[X,0x00000000800006D8] -> 0x8893
mem[X,0x00000000800006DA] -> 0x5C08
[443] [M]: 0x00000000800006D8 (0x5C088893) addi a7, a7, 0x5c0
x17 <- 0x0000010001BFFDC0

mem[X,0x00000000800006DC] -> 0x9893
mem[X,0x00000000800006DE] -> 0x00A8
[444] [M]: 0x00000000800006DC (0x00A89893) slli a7, a7, 0xa
x17 <- 0x00040006FFF70000

mem[X,0x00000000800006E0] -> 0x8893
mem[X,0x00000000800006E2] -> 0x0408
[445] [M]: 0x00000000800006E0 (0x04088893) addi a7, a7, 0x40
x17 <- 0x00040006FFF70040

mem[X,0x00000000800006E4] -> 0xF3BB
mem[X,0x00000000800006E6] -> 0xB515
[446] [M]: 0x00000000800006E4 (0xB515F3BB) pmulhsu.h.bo t2, a1, a7
x7 <- 0x0000000000A90000

mem[X,0x00000000800006E8] -> 0x3023
mem[X,0x00000000800006EA] -> 0x0273
[447] [M]: 0x00000000800006E8 (0x02733023) sd t2, 0x20(t1)
mem[0x00000000800041A8] <- 0x0000000000A90000

mem[X,0x00000000800006EC] -> 0xC2B7
mem[X,0x00000000800006EE] -> 0x0800
[448] [M]: 0x00000000800006EC (0x0800C2B7) lui t0, 0x800c
x5 <- 0x000000000800C000

mem[X,0x00000000800006F0] -> 0x8293
mem[X,0x00000000800006F2] -> 0xFFF2
[449] [M]: 0x00000000800006F0 (0xFFF28293) addi t0, t0, -0x1
x5 <- 0x000000000800BFFF

mem[X,0x00000000800006F4] -> 0x9293
mem[X,0x00000000800006F6] -> 0x00B2
[450] [M]: 0x00000000800006F4 (0x00B29293) slli t0, t0, 0xb
x5 <- 0x0000004005FFF800

mem[X,0x00000000800006F8] -> 0x8293
mem[X,0x00000000800006FA] -> 0x7FF2
[451] [M]: 0x00000000800006F8 (0x7FF28293) addi t0, t0, 0x7ff
x5 <- 0x0000004005FFFFFF

mem[X,0x00000000800006FC] -> 0x9293
mem[X,0x00000000800006FE] -> 0x00B2
[452] [M]: 0x00000000800006FC (0x00B29293) slli t0, t0, 0xb
x5 <- 0x0002002FFFFFF800

mem[X,0x0000000080000700] -> 0x8293
mem[X,0x0000000080000702] -> 0x3FF2
[453] [M]: 0x0000000080000700 (0x3FF28293) addi t0, t0, 0x3ff
x5 <- 0x0002002FFFFFFBFF

mem[X,0x0000000080000704] -> 0x9293
mem[X,0x0000000080000706] -> 0x00A2
[454] [M]: 0x0000000080000704 (0x00A29293) slli t0, t0, 0xa
x5 <- 0x0800BFFFFFEFFC00

mem[X,0x0000000080000708] -> 0x8293
mem[X,0x000000008000070A] -> 0x3FE2
[455] [M]: 0x0000000080000708 (0x3FE28293) addi t0, t0, 0x3fe
x5 <- 0x0800BFFFFFEFFFFE

mem[X,0x000000008000070C] -> 0x0C37
mem[X,0x000000008000070E] -> 0x0002
[456] [M]: 0x000000008000070C (0x00020C37) lui s8, 0x20
x24 <- 0x0000000000020000

mem[X,0x0000000080000710] -> 0x0C13
mem[X,0x0000000080000712] -> 0xEFFC
[457] [M]: 0x0000000080000710 (0xEFFC0C13) addi s8, s8, -0x101
x24 <- 0x000000000001FEFF

mem[X,0x0000000080000714] -> 0x1C13
mem[X,0x0000000080000716] -> 0x00BC
[458] [M]: 0x0000000080000714 (0x00BC1C13) slli s8, s8, 0xb
x24 <- 0x000000000FF7F800

mem[X,0x0000000080000718] -> 0x0C13
mem[X,0x000000008000071A] -> 0x020C
[459] [M]: 0x0000000080000718 (0x020C0C13) addi s8, s8, 0x20
x24 <- 0x000000000FF7F820

mem[X,0x000000008000071C] -> 0x1C13
mem[X,0x000000008000071E] -> 0x00BC
[460] [M]: 0x000000008000071C (0x00BC1C13) slli s8, s8, 0xb
x24 <- 0x0000007FBFC10000

mem[X,0x0000000080000720] -> 0x0C13
mem[X,0x0000000080000722] -> 0x03FC
[461] [M]: 0x0000000080000720 (0x03FC0C13) addi s8, s8, 0x3f
x24 <- 0x0000007FBFC1003F

mem[X,0x0000000080000724] -> 0x1C13
mem[X,0x0000000080000726] -> 0x00AC
[462] [M]: 0x0000000080000724 (0x00AC1C13) slli s8, s8, 0xa
x24 <- 0x0001FEFF0400FC00

mem[X,0x0000000080000728] -> 0x0C13
mem[X,0x000000008000072A] -> 0x3BFC
[463] [M]: 0x0000000080000728 (0x3BFC0C13) addi s8, s8, 0x3bf
x24 <- 0x0001FEFF0400FFBF

mem[X,0x000000008000072C] -> 0xF53B
mem[X,0x000000008000072E] -> 0xB582
[464] [M]: 0x000000008000072C (0xB582F53B) pmulhsu.h.bo a0, t0, s8
x10 <- 0x000000BE000300FE

mem[X,0x0000000080000730] -> 0x3423
mem[X,0x0000000080000732] -> 0x02A3
[465] [M]: 0x0000000080000730 (0x02A33423) sd a0, 0x28(t1)
mem[0x00000000800041B0] <- 0x000000BE000300FE

mem[X,0x0000000080000734] -> 0x0537
mem[X,0x0000000080000736] -> 0x0401
[466] [M]: 0x0000000080000734 (0x04010537) lui a0, 0x4010
x10 <- 0x0000000004010000

mem[X,0x0000000080000738] -> 0x0513
mem[X,0x000000008000073A] -> 0xFEF5
[467] [M]: 0x0000000080000738 (0xFEF50513) addi a0, a0, -0x11
x10 <- 0x000000000400FFEF

mem[X,0x000000008000073C] -> 0x1513
mem[X,0x000000008000073E] -> 0x00B5
[468] [M]: 0x000000008000073C (0x00B51513) slli a0, a0, 0xb
x10 <- 0x0000002007FF7800

mem[X,0x0000000080000740] -> 0x0513
mem[X,0x0000000080000742] -> 0x0205
[469] [M]: 0x0000000080000740 (0x02050513) addi a0, a0, 0x20
x10 <- 0x0000002007FF7820

mem[X,0x0000000080000744] -> 0x1513
mem[X,0x0000000080000746] -> 0x00B5
[470] [M]: 0x0000000080000744 (0x00B51513) slli a0, a0, 0xb
x10 <- 0x0001003FFBC10000

mem[X,0x0000000080000748] -> 0x0513
mem[X,0x000000008000074A] -> 0x03F5
[471] [M]: 0x0000000080000748 (0x03F50513) addi a0, a0, 0x3f
x10 <- 0x0001003FFBC1003F

mem[X,0x000000008000074C] -> 0x1513
mem[X,0x000000008000074E] -> 0x00A5
[472] [M]: 0x000000008000074C (0x00A51513) slli a0, a0, 0xa
x10 <- 0x0400FFEF0400FC00

mem[X,0x0000000080000750] -> 0x0513
mem[X,0x0000000080000752] -> 0x3FD5
[473] [M]: 0x0000000080000750 (0x3FD50513) addi a0, a0, 0x3fd
x10 <- 0x0400FFEF0400FFFD

mem[X,0x0000000080000754] -> 0x0637
mem[X,0x0000000080000756] -> 0x5556
[474] [M]: 0x0000000080000754 (0x55560637) lui a2, 0x55560
x12 <- 0x0000000055560000

mem[X,0x0000000080000758] -> 0x0613
mem[X,0x000000008000075A] -> 0xFFA6
[475] [M]: 0x0000000080000758 (0xFFA60613) addi a2, a2, -0x6
x12 <- 0x000000005555FFFA

mem[X,0x000000008000075C] -> 0x1613
mem[X,0x000000008000075E] -> 0x00B6
[476] [M]: 0x000000008000075C (0x00B61613) slli a2, a2, 0xb
x12 <- 0x000002AAAFFFD000

mem[X,0x0000000080000760] -> 0x0613
mem[X,0x0000000080000762] -> 0x7FF6
[477] [M]: 0x0000000080000760 (0x7FF60613) addi a2, a2, 0x7ff
x12 <- 0x000002AAAFFFD7FF

mem[X,0x0000000080000764] -> 0x1613
mem[X,0x0000000080000766] -> 0x00B6
[478] [M]: 0x0000000080000764 (0x00B61613) slli a2, a2, 0xb
x12 <- 0x0015557FFEBFF800

mem[X,0x0000000080000768] -> 0x0613
mem[X,0x000000008000076A] -> 0x7AF6
[479] [M]: 0x0000000080000768 (0x7AF60613) addi a2, a2, 0x7af
x12 <- 0x0015557FFEBFFFAF

mem[X,0x000000008000076C] -> 0x1613
mem[X,0x000000008000076E] -> 0x00A6
[480] [M]: 0x000000008000076C (0x00A61613) slli a2, a2, 0xa
x12 <- 0x5555FFFAFFFEBC00

mem[X,0x0000000080000770] -> 0x0613
mem[X,0x0000000080000772] -> 0x3FF6
[481] [M]: 0x0000000080000770 (0x3FF60613) addi a2, a2, 0x3ff
x12 <- 0x5555FFFAFFFEBFFF

mem[X,0x0000000080000774] -> 0x76BB
mem[X,0x0000000080000776] -> 0xB4C5
[482] [M]: 0x0000000080000774 (0xB4C576BB) pmulhsu.h.bo a3, a0, a2
x13 <- 0x000100FE000300BE

mem[X,0x0000000080000778] -> 0x3823
mem[X,0x000000008000077A] -> 0x02D3
[483] [M]: 0x0000000080000778 (0x02D33823) sd a3, 0x30(t1)
mem[0x00000000800041B8] <- 0x000100FE000300BE

mem[X,0x000000008000077C] -> 0x8837
mem[X,0x000000008000077E] -> 0x0001
[484] [M]: 0x000000008000077C (0x00018837) lui a6, 0x18
x16 <- 0x0000000000018000

mem[X,0x0000000080000780] -> 0x0813
mem[X,0x0000000080000782] -> 0xFFF8
[485] [M]: 0x0000000080000780 (0xFFF80813) addi a6, a6, -0x1
x16 <- 0x0000000000017FFF

mem[X,0x0000000080000784] -> 0x1813
mem[X,0x0000000080000786] -> 0x00B8
[486] [M]: 0x0000000080000784 (0x00B81813) slli a6, a6, 0xb
x16 <- 0x000000000BFFF800

mem[X,0x0000000080000788] -> 0x0813
mem[X,0x000000008000078A] -> 0x0208
[487] [M]: 0x0000000080000788 (0x02080813) addi a6, a6, 0x20
x16 <- 0x000000000BFFF820

mem[X,0x000000008000078C] -> 0x1813
mem[X,0x000000008000078E] -> 0x00B8
[488] [M]: 0x000000008000078C (0x00B81813) slli a6, a6, 0xb
x16 <- 0x0000005FFFC10000

mem[X,0x0000000080000790] -> 0x0813
mem[X,0x0000000080000792] -> 0x03F8
[489] [M]: 0x0000000080000790 (0x03F80813) addi a6, a6, 0x3f
x16 <- 0x0000005FFFC1003F

mem[X,0x0000000080000794] -> 0x1813
mem[X,0x0000000080000796] -> 0x00A8
[490] [M]: 0x0000000080000794 (0x00A81813) slli a6, a6, 0xa
x16 <- 0x00017FFF0400FC00

mem[X,0x0000000080000798] -> 0x0813
mem[X,0x000000008000079A] -> 0x3FB8
[491] [M]: 0x0000000080000798 (0x3FB80813) addi a6, a6, 0x3fb
x16 <- 0x00017FFF0400FFFB

mem[X,0x000000008000079C] -> 0x2437
mem[X,0x000000008000079E] -> 0x0003
[492] [M]: 0x000000008000079C (0x00032437) lui fp, 0x32
x8 <- 0x0000000000032000

mem[X,0x00000000800007A0] -> 0x0413
mem[X,0x00000000800007A2] -> 0x0004
[493] [M]: 0x00000000800007A0 (0x00040413) addi fp, fp, 0x0
x8 <- 0x0000000000032000

mem[X,0x00000000800007A4] -> 0x1413
mem[X,0x00000000800007A6] -> 0x00B4
[494] [M]: 0x00000000800007A4 (0x00B41413) slli fp, fp, 0xb
x8 <- 0x0000000019000000

mem[X,0x00000000800007A8] -> 0x0413
mem[X,0x00000000800007AA] -> 0x1004
[495] [M]: 0x00000000800007A8 (0x10040413) addi fp, fp, 0x100
x8 <- 0x0000000019000100

mem[X,0x00000000800007AC] -> 0x1413
mem[X,0x00000000800007AE] -> 0x00B4
[496] [M]: 0x00000000800007AC (0x00B41413) slli fp, fp, 0xb
x8 <- 0x000000C800080000

mem[X,0x00000000800007B0] -> 0x0413
mem[X,0x00000000800007B2] -> 0x0004
[497] [M]: 0x00000000800007B0 (0x00040413) addi fp, fp, 0x0
x8 <- 0x000000C800080000

mem[X,0x00000000800007B4] -> 0x1413
mem[X,0x00000000800007B6] -> 0x00A4
[498] [M]: 0x00000000800007B4 (0x00A41413) slli fp, fp, 0xa
x8 <- 0x0003200020000000

mem[X,0x00000000800007B8] -> 0x0413
mem[X,0x00000000800007BA] -> 0x0104
[499] [M]: 0x00000000800007B8 (0x01040413) addi fp, fp, 0x10
x8 <- 0x0003200020000010

clint::tick mtime <- 0x0000000000000005
 clint timer pending at mtime 0x0000000000000005
htif::tick 0x0000000000000000
mem[X,0x00000000800007BC] -> 0x773B
mem[X,0x00000000800007BE] -> 0xB488
[500] [M]: 0x00000000800007BC (0xB488773B) pmulhsu.h.bo a4, a6, fp
x14 <- 0x0000000F00000000

mem[X,0x00000000800007C0] -> 0x3C23
mem[X,0x00000000800007C2] -> 0x02E3
[501] [M]: 0x00000000800007C0 (0x02E33C23) sd a4, 0x38(t1)
mem[0x00000000800041C0] <- 0x0000000F00000000

mem[X,0x00000000800007C4] -> 0x0137
mem[X,0x00000000800007C6] -> 0xFFE0
[502] [M]: 0x00000000800007C4 (0xFFE00137) lui sp, -0x200
x2 <- 0xFFFFFFFFFFE00000

mem[X,0x00000000800007C8] -> 0x0113
mem[X,0x00000000800007CA] -> 0xFDF1
[503] [M]: 0x00000000800007C8 (0xFDF10113) addi sp, sp, -0x21
x2 <- 0xFFFFFFFFFFDFFFDF

mem[X,0x00000000800007CC] -> 0x1113
mem[X,0x00000000800007CE] -> 0x00B1
[504] [M]: 0x00000000800007CC (0x00B11113) slli sp, sp, 0xb
x2 <- 0xFFFFFFFEFFFEF800

mem[X,0x00000000800007D0] -> 0x0113
mem[X,0x00000000800007D2] -> 0x0001
[505] [M]: 0x00000000800007D0 (0x00010113) addi sp, sp, 0x0
x2 <- 0xFFFFFFFEFFFEF800

mem[X,0x00000000800007D4] -> 0x1113
mem[X,0x00000000800007D6] -> 0x00B1
[506] [M]: 0x00000000800007D4 (0x00B11113) slli sp, sp, 0xb
x2 <- 0xFFFFF7FFF7C00000

mem[X,0x00000000800007D8] -> 0x0113
mem[X,0x00000000800007DA] -> 0x0FF1
[507] [M]: 0x00000000800007D8 (0x0FF10113) addi sp, sp, 0xff
x2 <- 0xFFFFF7FFF7C000FF

mem[X,0x00000000800007DC] -> 0x1113
mem[X,0x00000000800007DE] -> 0x00A1
[508] [M]: 0x00000000800007DC (0x00A11113) slli sp, sp, 0xa
x2 <- 0xFFDFFFDF0003FC00

mem[X,0x00000000800007E0] -> 0x0113
mem[X,0x00000000800007E2] -> 0x3F71
[509] [M]: 0x00000000800007E0 (0x3F710113) addi sp, sp, 0x3f7
x2 <- 0xFFDFFFDF0003FFF7

mem[X,0x00000000800007E4] -> 0x07B7
mem[X,0x00000000800007E6] -> 0x0007
[510] [M]: 0x00000000800007E4 (0x000707B7) lui a5, 0x70
x15 <- 0x0000000000070000

mem[X,0x00000000800007E8] -> 0x8793
mem[X,0x00000000800007EA] -> 0xFF67
[511] [M]: 0x00000000800007E8 (0xFF678793) addi a5, a5, -0xa
x15 <- 0x000000000006FFF6

mem[X,0x00000000800007EC] -> 0x9793
mem[X,0x00000000800007EE] -> 0x00B7
[512] [M]: 0x00000000800007EC (0x00B79793) slli a5, a5, 0xb
x15 <- 0x0000000037FFB000

mem[X,0x00000000800007F0] -> 0x8793
mem[X,0x00000000800007F2] -> 0x7FF7
[513] [M]: 0x00000000800007F0 (0x7FF78793) addi a5, a5, 0x7ff
x15 <- 0x0000000037FFB7FF

mem[X,0x00000000800007F4] -> 0x9793
mem[X,0x00000000800007F6] -> 0x00B7
[514] [M]: 0x00000000800007F4 (0x00B79793) slli a5, a5, 0xb
x15 <- 0x000001BFFDBFF800

mem[X,0x00000000800007F8] -> 0x8793
mem[X,0x00000000800007FA] -> 0x7807
[515] [M]: 0x00000000800007F8 (0x78078793) addi a5, a5, 0x780
x15 <- 0x000001BFFDBFFF80

mem[X,0x00000000800007FC] -> 0x9793
mem[X,0x00000000800007FE] -> 0x00A7
[516] [M]: 0x00000000800007FC (0x00A79793) slli a5, a5, 0xa
x15 <- 0x0006FFF6FFFE0000

mem[X,0x0000000080000800] -> 0x8793
mem[X,0x0000000080000802] -> 0x0107
[517] [M]: 0x0000000080000800 (0x01078793) addi a5, a5, 0x10
x15 <- 0x0006FFF6FFFE0010

mem[X,0x0000000080000804] -> 0x723B
mem[X,0x0000000080000806] -> 0xB4F1
[518] [M]: 0x0000000080000804 (0xB4F1723B) pmulhsu.h.bo tp, sp, a5
x4 <- 0x000000FE00000000

mem[X,0x0000000080000808] -> 0x3023
mem[X,0x000000008000080A] -> 0x0443
[519] [M]: 0x0000000080000808 (0x04433023) sd tp, 0x40(t1)
mem[0x00000000800041C8] <- 0x000000FE00000000

mem[X,0x000000008000080C] -> 0x0037
mem[X,0x000000008000080E] -> 0xDFFF
[520] [M]: 0x000000008000080C (0xDFFF0037) lui zero, -0x20010

mem[X,0x0000000080000810] -> 0x0013
mem[X,0x0000000080000812] -> 0x4000
[521] [M]: 0x0000000080000810 (0x40000013) addi zero, zero, 0x400

mem[X,0x0000000080000814] -> 0x1013
mem[X,0x0000000080000816] -> 0x00B0
[522] [M]: 0x0000000080000814 (0x00B01013) slli zero, zero, 0xb

mem[X,0x0000000080000818] -> 0x0013
mem[X,0x000000008000081A] -> 0x1000
[523] [M]: 0x0000000080000818 (0x10000013) addi zero, zero, 0x100

mem[X,0x000000008000081C] -> 0x1013
mem[X,0x000000008000081E] -> 0x00B0
[524] [M]: 0x000000008000081C (0x00B01013) slli zero, zero, 0xb

mem[X,0x0000000080000820] -> 0x0013
mem[X,0x0000000080000822] -> 0x03F0
[525] [M]: 0x0000000080000820 (0x03F00013) addi zero, zero, 0x3f

mem[X,0x0000000080000824] -> 0x1013
mem[X,0x0000000080000826] -> 0x00A0
[526] [M]: 0x0000000080000824 (0x00A01013) slli zero, zero, 0xa

mem[X,0x0000000080000828] -> 0x0013
mem[X,0x000000008000082A] -> 0x3EF0
[527] [M]: 0x0000000080000828 (0x3EF00013) addi zero, zero, 0x3ef

mem[X,0x000000008000082C] -> 0x02B7
mem[X,0x000000008000082E] -> 0x4000
[528] [M]: 0x000000008000082C (0x400002B7) lui t0, 0x40000
x5 <- 0x0000000040000000

mem[X,0x0000000080000830] -> 0x8293
mem[X,0x0000000080000832] -> 0xEFF2
[529] [M]: 0x0000000080000830 (0xEFF28293) addi t0, t0, -0x101
x5 <- 0x000000003FFFFEFF

mem[X,0x0000000080000834] -> 0x9293
mem[X,0x0000000080000836] -> 0x00B2
[530] [M]: 0x0000000080000834 (0x00B29293) slli t0, t0, 0xb
x5 <- 0x000001FFFFF7F800

mem[X,0x0000000080000838] -> 0x8293
mem[X,0x000000008000083A] -> 0x0002
[531] [M]: 0x0000000080000838 (0x00028293) addi t0, t0, 0x0
x5 <- 0x000001FFFFF7F800

mem[X,0x000000008000083C] -> 0x9293
mem[X,0x000000008000083E] -> 0x00B2
[532] [M]: 0x000000008000083C (0x00B29293) slli t0, t0, 0xb
x5 <- 0x000FFFFFBFC00000

mem[X,0x0000000080000840] -> 0x8293
mem[X,0x0000000080000842] -> 0x12F2
[533] [M]: 0x0000000080000840 (0x12F28293) addi t0, t0, 0x12f
x5 <- 0x000FFFFFBFC0012F

mem[X,0x0000000080000844] -> 0x9293
mem[X,0x0000000080000846] -> 0x00A2
[534] [M]: 0x0000000080000844 (0x00A29293) slli t0, t0, 0xa
x5 <- 0x3FFFFEFF0004BC00

mem[X,0x0000000080000848] -> 0x8293
mem[X,0x000000008000084A] -> 0x3FF2
[535] [M]: 0x0000000080000848 (0x3FF28293) addi t0, t0, 0x3ff
x5 <- 0x3FFFFEFF0004BFFF

mem[X,0x000000008000084C] -> 0x7D3B
mem[X,0x000000008000084E] -> 0xB450
[536] [M]: 0x000000008000084C (0xB4507D3B) pmulhsu.h.bo s10, zero, t0
x26 <- 0x0000000000000000

mem[X,0x0000000080000850] -> 0x3423
mem[X,0x0000000080000852] -> 0x05A3
[537] [M]: 0x0000000080000850 (0x05A33423) sd s10, 0x48(t1)
mem[0x00000000800041D0] <- 0x0000000000000000

mem[X,0x0000000080000854] -> 0x0437
mem[X,0x0000000080000856] -> 0xFFFB
[538] [M]: 0x0000000080000854 (0xFFFB0437) lui fp, -0x50
x8 <- 0xFFFFFFFFFFFB0000

mem[X,0x0000000080000858] -> 0x0413
mem[X,0x000000008000085A] -> 0x4004
[539] [M]: 0x0000000080000858 (0x40040413) addi fp, fp, 0x400
x8 <- 0xFFFFFFFFFFFB0400

mem[X,0x000000008000085C] -> 0x1413
mem[X,0x000000008000085E] -> 0x00B4
[540] [M]: 0x000000008000085C (0x00B41413) slli fp, fp, 0xb
x8 <- 0xFFFFFFFFD8200000

mem[X,0x0000000080000860] -> 0x0413
mem[X,0x0000000080000862] -> 0x7FF4
[541] [M]: 0x0000000080000860 (0x7FF40413) addi fp, fp, 0x7ff
x8 <- 0xFFFFFFFFD82007FF

mem[X,0x0000000080000864] -> 0x1413
mem[X,0x0000000080000866] -> 0x00B4
[542] [M]: 0x0000000080000864 (0x00B41413) slli fp, fp, 0xb
x8 <- 0xFFFFFEC1003FF800

mem[X,0x0000000080000868] -> 0x0413
mem[X,0x000000008000086A] -> 0x3FF4
[543] [M]: 0x0000000080000868 (0x3FF40413) addi fp, fp, 0x3ff
x8 <- 0xFFFFFEC1003FFBFF

mem[X,0x000000008000086C] -> 0x1413
mem[X,0x000000008000086E] -> 0x00A4
[544] [M]: 0x000000008000086C (0x00A41413) slli fp, fp, 0xa
x8 <- 0xFFFB0400FFEFFC00

mem[X,0x0000000080000870] -> 0x0413
mem[X,0x0000000080000872] -> 0x3DF4
[545] [M]: 0x0000000080000870 (0x3DF40413) addi fp, fp, 0x3df
x8 <- 0xFFFB0400FFEFFFDF

mem[X,0x0000000080000874] -> 0x0AB7
mem[X,0x0000000080000876] -> 0x1000
[546] [M]: 0x0000000080000874 (0x10000AB7) lui s5, 0x10000
x21 <- 0x0000000010000000

mem[X,0x0000000080000878] -> 0x8A93
mem[X,0x000000008000087A] -> 0x005A
[547] [M]: 0x0000000080000878 (0x005A8A93) addi s5, s5, 0x5
x21 <- 0x0000000010000005

mem[X,0x000000008000087C] -> 0x9A93
mem[X,0x000000008000087E] -> 0x00BA
[548] [M]: 0x000000008000087C (0x00BA9A93) slli s5, s5, 0xb
x21 <- 0x0000008000002800

mem[X,0x0000000080000880] -> 0x8A93
mem[X,0x0000000080000882] -> 0x000A
[549] [M]: 0x0000000080000880 (0x000A8A93) addi s5, s5, 0x0
x21 <- 0x0000008000002800

mem[X,0x0000000080000884] -> 0x9A93
mem[X,0x0000000080000886] -> 0x00BA
[550] [M]: 0x0000000080000884 (0x00BA9A93) slli s5, s5, 0xb
x21 <- 0x0004000001400000

mem[X,0x0000000080000888] -> 0x8A93
mem[X,0x000000008000088A] -> 0x0BFA
[551] [M]: 0x0000000080000888 (0x0BFA8A93) addi s5, s5, 0xbf
x21 <- 0x00040000014000BF

mem[X,0x000000008000088C] -> 0x9A93
mem[X,0x000000008000088E] -> 0x00AA
[552] [M]: 0x000000008000088C (0x00AA9A93) slli s5, s5, 0xa
x21 <- 0x100000050002FC00

mem[X,0x0000000080000890] -> 0x8A93
mem[X,0x0000000080000892] -> 0x3FDA
[553] [M]: 0x0000000080000890 (0x3FDA8A93) addi s5, s5, 0x3fd
x21 <- 0x100000050002FFFD

mem[X,0x0000000080000894] -> 0x72BB
mem[X,0x0000000080000896] -> 0xB554
[554] [M]: 0x0000000080000894 (0xB55472BB) pmulhsu.h.bo t0, fp, s5
x5 <- 0x000F0000000000FE

mem[X,0x0000000080000898] -> 0x3823
mem[X,0x000000008000089A] -> 0x0453
[555] [M]: 0x0000000080000898 (0x04533823) sd t0, 0x50(t1)
mem[0x00000000800041D8] <- 0x000F0000000000FE

mem[X,0x000000008000089C] -> 0x0F37
mem[X,0x000000008000089E] -> 0x0081
[556] [M]: 0x000000008000089C (0x00810F37) lui t5, 0x810
x30 <- 0x0000000000810000

mem[X,0x00000000800008A0] -> 0x0F13
mem[X,0x00000000800008A2] -> 0xFBFF
[557] [M]: 0x00000000800008A0 (0xFBFF0F13) addi t5, t5, -0x41
x30 <- 0x000000000080FFBF

mem[X,0x00000000800008A4] -> 0x1F13
mem[X,0x00000000800008A6] -> 0x00BF
[558] [M]: 0x00000000800008A4 (0x00BF1F13) slli t5, t5, 0xb
x30 <- 0x0000000407FDF800

mem[X,0x00000000800008A8] -> 0x0F13
mem[X,0x00000000800008AA] -> 0x7FBF
[559] [M]: 0x00000000800008A8 (0x7FBF0F13) addi t5, t5, 0x7fb
x30 <- 0x0000000407FDFFFB

mem[X,0x00000000800008AC] -> 0x1F13
mem[X,0x00000000800008AE] -> 0x00BF
[560] [M]: 0x00000000800008AC (0x00BF1F13) slli t5, t5, 0xb
x30 <- 0x0000203FEFFFD800

mem[X,0x00000000800008B0] -> 0x0F13
mem[X,0x00000000800008B2] -> 0x7FFF
[561] [M]: 0x00000000800008B0 (0x7FFF0F13) addi t5, t5, 0x7ff
x30 <- 0x0000203FEFFFDFFF

mem[X,0x00000000800008B4] -> 0x1F13
mem[X,0x00000000800008B6] -> 0x00AF
[562] [M]: 0x00000000800008B4 (0x00AF1F13) slli t5, t5, 0xa
x30 <- 0x0080FFBFFF7FFC00

mem[X,0x00000000800008B8] -> 0x0F13
mem[X,0x00000000800008BA] -> 0x3BFF
[563] [M]: 0x00000000800008B8 (0x3BFF0F13) addi t5, t5, 0x3bf
x30 <- 0x0080FFBFFF7FFFBF

mem[X,0x00000000800008BC] -> 0x41B7
mem[X,0x00000000800008BE] -> 0x0006
[564] [M]: 0x00000000800008BC (0x000641B7) lui gp, 0x64
x3 <- 0x0000000000064000

mem[X,0x00000000800008C0] -> 0x8193
mem[X,0x00000000800008C2] -> 0xFFF1
[565] [M]: 0x00000000800008C0 (0xFFF18193) addi gp, gp, -0x1
x3 <- 0x0000000000063FFF

mem[X,0x00000000800008C4] -> 0x9193
mem[X,0x00000000800008C6] -> 0x00B1
[566] [M]: 0x00000000800008C4 (0x00B19193) slli gp, gp, 0xb
x3 <- 0x0000000031FFF800

mem[X,0x00000000800008C8] -> 0x8193
mem[X,0x00000000800008CA] -> 0x5551
[567] [M]: 0x00000000800008C8 (0x55518193) addi gp, gp, 0x555
x3 <- 0x0000000031FFFD55

mem[X,0x00000000800008CC] -> 0x9193
mem[X,0x00000000800008CE] -> 0x00B1
[568] [M]: 0x00000000800008CC (0x00B19193) slli gp, gp, 0xb
x3 <- 0x0000018FFFEAA800

mem[X,0x00000000800008D0] -> 0x8193
mem[X,0x00000000800008D2] -> 0x2BF1
[569] [M]: 0x00000000800008D0 (0x2BF18193) addi gp, gp, 0x2bf
x3 <- 0x0000018FFFEAAABF

mem[X,0x00000000800008D4] -> 0x9193
mem[X,0x00000000800008D6] -> 0x00A1
[570] [M]: 0x00000000800008D4 (0x00A19193) slli gp, gp, 0xa
x3 <- 0x00063FFFAAAAFC00

mem[X,0x00000000800008D8] -> 0x8193
mem[X,0x00000000800008DA] -> 0x3FA1
[571] [M]: 0x00000000800008D8 (0x3FA18193) addi gp, gp, 0x3fa
x3 <- 0x00063FFFAAAAFFFA

mem[X,0x00000000800008DC] -> 0x7EBB
mem[X,0x00000000800008DE] -> 0xB43F
[572] [M]: 0x00000000800008DC (0xB43F7EBB) pmulhsu.h.bo t4, t5, gp
x29 <- 0x0000003E00A900FE

mem[X,0x00000000800008E0] -> 0x3C23
mem[X,0x00000000800008E2] -> 0x05D3
[573] [M]: 0x00000000800008E0 (0x05D33C23) sd t4, 0x58(t1)
mem[0x00000000800041E0] <- 0x0000003E00A900FE

mem[X,0x00000000800008E4] -> 0x0B37
mem[X,0x00000000800008E6] -> 0x0081
[574] [M]: 0x00000000800008E4 (0x00810B37) lui s6, 0x810
x22 <- 0x0000000000810000

mem[X,0x00000000800008E8] -> 0x0B13
mem[X,0x00000000800008EA] -> 0xFFFB
[575] [M]: 0x00000000800008E8 (0xFFFB0B13) addi s6, s6, -0x1
x22 <- 0x000000000080FFFF

mem[X,0x00000000800008EC] -> 0x1B13
mem[X,0x00000000800008EE] -> 0x00BB
[576] [M]: 0x00000000800008EC (0x00BB1B13) slli s6, s6, 0xb
x22 <- 0x0000000407FFF800

mem[X,0x00000000800008F0] -> 0x0B13
mem[X,0x00000000800008F2] -> 0x200B
[577] [M]: 0x00000000800008F0 (0x200B0B13) addi s6, s6, 0x200
x22 <- 0x0000000407FFFA00

mem[X,0x00000000800008F4] -> 0x1B13
mem[X,0x00000000800008F6] -> 0x00BB
[578] [M]: 0x00000000800008F4 (0x00BB1B13) slli s6, s6, 0xb
x22 <- 0x0000203FFFD00000

mem[X,0x00000000800008F8] -> 0x0B13
mem[X,0x00000000800008FA] -> 0x03FB
[579] [M]: 0x00000000800008F8 (0x03FB0B13) addi s6, s6, 0x3f
x22 <- 0x0000203FFFD0003F

mem[X,0x00000000800008FC] -> 0x1B13
mem[X,0x00000000800008FE] -> 0x00AB
[580] [M]: 0x00000000800008FC (0x00AB1B13) slli s6, s6, 0xa
x22 <- 0x0080FFFF4000FC00

mem[X,0x0000000080000900] -> 0x0B13
mem[X,0x0000000080000902] -> 0x37FB
[581] [M]: 0x0000000080000900 (0x37FB0B13) addi s6, s6, 0x37f
x22 <- 0x0080FFFF4000FF7F

mem[X,0x0000000080000904] -> 0x2CB7
mem[X,0x0000000080000906] -> 0xEFFF
[582] [M]: 0x0000000080000904 (0xEFFF2CB7) lui s9, -0x1000e
x25 <- 0xFFFFFFFFEFFF2000

mem[X,0x0000000080000908] -> 0x8C93
mem[X,0x000000008000090A] -> 0x000C
[583] [M]: 0x0000000080000908 (0x000C8C93) addi s9, s9, 0x0
x25 <- 0xFFFFFFFFEFFF2000

mem[X,0x000000008000090C] -> 0x9C93
mem[X,0x000000008000090E] -> 0x00BC
[584] [M]: 0x000000008000090C (0x00BC9C93) slli s9, s9, 0xb
x25 <- 0xFFFFFF7FF9000000

mem[X,0x0000000080000910] -> 0x8C93
mem[X,0x0000000080000912] -> 0x7FFC
[585] [M]: 0x0000000080000910 (0x7FFC8C93) addi s9, s9, 0x7ff
x25 <- 0xFFFFFF7FF90007FF

mem[X,0x0000000080000914] -> 0x9C93
mem[X,0x0000000080000916] -> 0x00BC
[586] [M]: 0x0000000080000914 (0x00BC9C93) slli s9, s9, 0xb
x25 <- 0xFFFBFFC8003FF800

mem[X,0x0000000080000918] -> 0x8C93
mem[X,0x000000008000091A] -> 0x640C
[587] [M]: 0x0000000080000918 (0x640C8C93) addi s9, s9, 0x640
x25 <- 0xFFFBFFC8003FFE40

mem[X,0x000000008000091C] -> 0x9C93
mem[X,0x000000008000091E] -> 0x00AC
[588] [M]: 0x000000008000091C (0x00AC9C93) slli s9, s9, 0xa
x25 <- 0xEFFF2000FFF90000

mem[X,0x0000000080000920] -> 0x8C93
mem[X,0x0000000080000922] -> 0x080C
[589] [M]: 0x0000000080000920 (0x080C8C93) addi s9, s9, 0x80
x25 <- 0xEFFF2000FFF90080

mem[X,0x0000000080000924] -> 0x75BB
mem[X,0x0000000080000926] -> 0xB59B
[590] [M]: 0x0000000080000924 (0xB59B75BB) pmulhsu.h.bo a1, s6, s9
x11 <- 0x0000001F003F0000

mem[X,0x0000000080000928] -> 0x3023
mem[X,0x000000008000092A] -> 0x06B3
[591] [M]: 0x0000000080000928 (0x06B33023) sd a1, 0x60(t1)
mem[0x00000000800041E8] <- 0x0000001F003F0000

mem[X,0x000000008000092C] -> 0x0937
mem[X,0x000000008000092E] -> 0xFF7F
[592] [M]: 0x000000008000092C (0xFF7F0937) lui s2, -0x810
x18 <- 0xFFFFFFFFFF7F0000

mem[X,0x0000000080000930] -> 0x0913
mem[X,0x0000000080000932] -> 0x0049
[593] [M]: 0x0000000080000930 (0x00490913) addi s2, s2, 0x4
x18 <- 0xFFFFFFFFFF7F0004

mem[X,0x0000000080000934] -> 0x1913
mem[X,0x0000000080000936] -> 0x00B9
[594] [M]: 0x0000000080000934 (0x00B91913) slli s2, s2, 0xb
x18 <- 0xFFFFFFFBF8002000

mem[X,0x0000000080000938] -> 0x0913
mem[X,0x000000008000093A] -> 0x7FF9
[595] [M]: 0x0000000080000938 (0x7FF90913) addi s2, s2, 0x7ff
x18 <- 0xFFFFFFFBF80027FF

mem[X,0x000000008000093C] -> 0x1913
mem[X,0x000000008000093E] -> 0x00B9
[596] [M]: 0x000000008000093C (0x00B91913) slli s2, s2, 0xb
x18 <- 0xFFFFDFC0013FF800

mem[X,0x0000000080000940] -> 0x0913
mem[X,0x0000000080000942] -> 0x3FF9
[597] [M]: 0x0000000080000940 (0x3FF90913) addi s2, s2, 0x3ff
x18 <- 0xFFFFDFC0013FFBFF

mem[X,0x0000000080000944] -> 0x1913
mem[X,0x0000000080000946] -> 0x00A9
[598] [M]: 0x0000000080000944 (0x00A91913) slli s2, s2, 0xa
x18 <- 0xFF7F0004FFEFFC00

mem[X,0x0000000080000948] -> 0x0913
mem[X,0x000000008000094A] -> 0x2FF9
[599] [M]: 0x0000000080000948 (0x2FF90913) addi s2, s2, 0x2ff
x18 <- 0xFF7F0004FFEFFEFF

clint::tick mtime <- 0x0000000000000006
 clint timer pending at mtime 0x0000000000000006
htif::tick 0x0000000000000000
mem[X,0x000000008000094C] -> 0x0F37
mem[X,0x000000008000094E] -> 0xFDFF
[600] [M]: 0x000000008000094C (0xFDFF0F37) lui t5, -0x2010
x30 <- 0xFFFFFFFFFDFF0000

mem[X,0x0000000080000950] -> 0x0F13
mem[X,0x0000000080000952] -> 0x020F
[601] [M]: 0x0000000080000950 (0x020F0F13) addi t5, t5, 0x20
x30 <- 0xFFFFFFFFFDFF0020

mem[X,0x0000000080000954] -> 0x1F13
mem[X,0x0000000080000956] -> 0x00BF
[602] [M]: 0x0000000080000954 (0x00BF1F13) slli t5, t5, 0xb
x30 <- 0xFFFFFFEFF8010000

mem[X,0x0000000080000958] -> 0x0F13
mem[X,0x000000008000095A] -> 0x7FFF
[603] [M]: 0x0000000080000958 (0x7FFF0F13) addi t5, t5, 0x7ff
x30 <- 0xFFFFFFEFF80107FF

mem[X,0x000000008000095C] -> 0x1F13
mem[X,0x000000008000095E] -> 0x00BF
[604] [M]: 0x000000008000095C (0x00BF1F13) slli t5, t5, 0xb
x30 <- 0xFFFF7FC0083FF800

mem[X,0x0000000080000960] -> 0x0F13
mem[X,0x0000000080000962] -> 0x63FF
[605] [M]: 0x0000000080000960 (0x63FF0F13) addi t5, t5, 0x63f
x30 <- 0xFFFF7FC0083FFE3F

mem[X,0x0000000080000964] -> 0x1F13
mem[X,0x0000000080000966] -> 0x00AF
[606] [M]: 0x0000000080000964 (0x00AF1F13) slli t5, t5, 0xa
x30 <- 0xFDFF0020FFF8FC00

mem[X,0x0000000080000968] -> 0x0F13
mem[X,0x000000008000096A] -> 0x3FBF
[607] [M]: 0x0000000080000968 (0x3FBF0F13) addi t5, t5, 0x3fb
x30 <- 0xFDFF0020FFF8FFFB

mem[X,0x000000008000096C] -> 0x743B
mem[X,0x000000008000096E] -> 0xB5E9
[608] [M]: 0x000000008000096C (0xB5E9743B) pmulhsu.h.bo fp, s2, t5
x8 <- 0x00FC000000FE00FE

mem[X,0x0000000080000970] -> 0x3423
mem[X,0x0000000080000972] -> 0x0683
[609] [M]: 0x0000000080000970 (0x06833423) sd fp, 0x68(t1)
mem[0x00000000800041F0] <- 0x00FC000000FE00FE

mem[X,0x0000000080000974] -> 0x06B7
mem[X,0x0000000080000976] -> 0xFFEF
[610] [M]: 0x0000000080000974 (0xFFEF06B7) lui a3, -0x110
x13 <- 0xFFFFFFFFFFEF0000

mem[X,0x0000000080000978] -> 0x8693
mem[X,0x000000008000097A] -> 0x0096
[611] [M]: 0x0000000080000978 (0x00968693) addi a3, a3, 0x9
x13 <- 0xFFFFFFFFFFEF0009

mem[X,0x000000008000097C] -> 0x9693
mem[X,0x000000008000097E] -> 0x00B6
[612] [M]: 0x000000008000097C (0x00B69693) slli a3, a3, 0xb
x13 <- 0xFFFFFFFF78004800

mem[X,0x0000000080000980] -> 0x8693
mem[X,0x0000000080000982] -> 0x0006
[613] [M]: 0x0000000080000980 (0x00068693) addi a3, a3, 0x0
x13 <- 0xFFFFFFFF78004800

mem[X,0x0000000080000984] -> 0x9693
mem[X,0x0000000080000986] -> 0x00B6
[614] [M]: 0x0000000080000984 (0x00B69693) slli a3, a3, 0xb
x13 <- 0xFFFFFBC002400000

mem[X,0x0000000080000988] -> 0x8693
mem[X,0x000000008000098A] -> 0x03F6
[615] [M]: 0x0000000080000988 (0x03F68693) addi a3, a3, 0x3f
x13 <- 0xFFFFFBC00240003F

mem[X,0x000000008000098C] -> 0x9693
mem[X,0x000000008000098E] -> 0x00A6
[616] [M]: 0x000000008000098C (0x00A69693) slli a3, a3, 0xa
x13 <- 0xFFEF00090000FC00

mem[X,0x0000000080000990] -> 0x8693
mem[X,0x0000000080000992] -> 0x1FF6
[617] [M]: 0x0000000080000990 (0x1FF68693) addi a3, a3, 0x1ff
x13 <- 0xFFEF00090000FDFF

mem[X,0x0000000080000994] -> 0x4137
mem[X,0x0000000080000996] -> 0xFFF9
[618] [M]: 0x0000000080000994 (0xFFF94137) lui sp, -0x6c
x2 <- 0xFFFFFFFFFFF94000

mem[X,0x0000000080000998] -> 0x0113
mem[X,0x000000008000099A] -> 0xFFF1
[619] [M]: 0x0000000080000998 (0xFFF10113) addi sp, sp, -0x1
x2 <- 0xFFFFFFFFFFF93FFF

mem[X,0x000000008000099C] -> 0x1113
mem[X,0x000000008000099E] -> 0x00B1
[620] [M]: 0x000000008000099C (0x00B11113) slli sp, sp, 0xb
x2 <- 0xFFFFFFFFC9FFF800

mem[X,0x00000000800009A0] -> 0x0113
mem[X,0x00000000800009A2] -> 0x0001
[621] [M]: 0x00000000800009A0 (0x00010113) addi sp, sp, 0x0
x2 <- 0xFFFFFFFFC9FFF800

mem[X,0x00000000800009A4] -> 0x1113
mem[X,0x00000000800009A6] -> 0x00B1
[622] [M]: 0x00000000800009A4 (0x00B11113) slli sp, sp, 0xb
x2 <- 0xFFFFFE4FFFC00000

mem[X,0x00000000800009A8] -> 0x0113
mem[X,0x00000000800009AA] -> 0x1B71
[623] [M]: 0x00000000800009A8 (0x1B710113) addi sp, sp, 0x1b7
x2 <- 0xFFFFFE4FFFC001B7

mem[X,0x00000000800009AC] -> 0x1113
mem[X,0x00000000800009AE] -> 0x00A1
[624] [M]: 0x00000000800009AC (0x00A11113) slli sp, sp, 0xa
x2 <- 0xFFF93FFF0006DC00

mem[X,0x00000000800009B0] -> 0x0113
mem[X,0x00000000800009B2] -> 0x3FF1
[625] [M]: 0x00000000800009B0 (0x3FF10113) addi sp, sp, 0x3ff
x2 <- 0xFFF93FFF0006DFFF

mem[X,0x00000000800009B4] -> 0xF4BB
mem[X,0x00000000800009B6] -> 0xB426
[626] [M]: 0x00000000800009B4 (0xB426F4BB) pmulhsu.h.bo s1, a3, sp
x9 <- 0x00FE0000000000DD

mem[X,0x00000000800009B8] -> 0x3823
mem[X,0x00000000800009BA] -> 0x0693
[627] [M]: 0x00000000800009B8 (0x06933823) sd s1, 0x70(t1)
mem[0x00000000800041F8] <- 0x00FE0000000000DD

mem[X,0x00000000800009BC] -> 0x0013
mem[X,0x00000000800009BE] -> 0x0000
[628] [M]: 0x00000000800009BC (0x00000013) addi zero, zero, 0x0

mem[X,0x00000000800009C0] -> 0x4097
mem[X,0x00000000800009C2] -> 0x0000
[629] [M]: 0x00000000800009C0 (0x00004097) auipc ra, 0x4
x1 <- 0x00000000800049C0

mem[X,0x00000000800009C4] -> 0x8093
mem[X,0x00000000800009C6] -> 0x8400
[630] [M]: 0x00000000800009C4 (0x84008093) addi ra, ra, -0x7c0
x1 <- 0x0000000080004200

mem[X,0x00000000800009C8] -> 0x0013
mem[X,0x00000000800009CA] -> 0x0000
[631] [M]: 0x00000000800009C8 (0x00000013) addi zero, zero, 0x0

mem[X,0x00000000800009CC] -> 0x0013
mem[X,0x00000000800009CE] -> 0x0000
[632] [M]: 0x00000000800009CC (0x00000013) addi zero, zero, 0x0

mem[X,0x00000000800009D0] -> 0x0013
mem[X,0x00000000800009D2] -> 0x0000
[633] [M]: 0x00000000800009D0 (0x00000013) addi zero, zero, 0x0

mem[X,0x00000000800009D4] -> 0x0013
mem[X,0x00000000800009D6] -> 0x0000
[634] [M]: 0x00000000800009D4 (0x00000013) addi zero, zero, 0x0

mem[X,0x00000000800009D8] -> 0x0013
mem[X,0x00000000800009DA] -> 0x0000
[635] [M]: 0x00000000800009D8 (0x00000013) addi zero, zero, 0x0

mem[X,0x00000000800009DC] -> 0x0013
mem[X,0x00000000800009DE] -> 0x0000
[636] [M]: 0x00000000800009DC (0x00000013) addi zero, zero, 0x0

mem[X,0x00000000800009E0] -> 0x0737
mem[X,0x00000000800009E2] -> 0x0200
[637] [M]: 0x00000000800009E0 (0x02000737) lui a4, 0x2000
x14 <- 0x0000000002000000

mem[X,0x00000000800009E4] -> 0x0713
mem[X,0x00000000800009E6] -> 0x0207
[638] [M]: 0x00000000800009E4 (0x02070713) addi a4, a4, 0x20
x14 <- 0x0000000002000020

mem[X,0x00000000800009E8] -> 0x1713
mem[X,0x00000000800009EA] -> 0x00B7
[639] [M]: 0x00000000800009E8 (0x00B71713) slli a4, a4, 0xb
x14 <- 0x0000001000010000

mem[X,0x00000000800009EC] -> 0x0713
mem[X,0x00000000800009EE] -> 0x0207
[640] [M]: 0x00000000800009EC (0x02070713) addi a4, a4, 0x20
x14 <- 0x0000001000010020

mem[X,0x00000000800009F0] -> 0x1713
mem[X,0x00000000800009F2] -> 0x00B7
[641] [M]: 0x00000000800009F0 (0x00B71713) slli a4, a4, 0xb
x14 <- 0x0000800008010000

mem[X,0x00000000800009F4] -> 0x0713
mem[X,0x00000000800009F6] -> 0x03E7
[642] [M]: 0x00000000800009F4 (0x03E70713) addi a4, a4, 0x3e
x14 <- 0x000080000801003E

mem[X,0x00000000800009F8] -> 0x1713
mem[X,0x00000000800009FA] -> 0x00A7
[643] [M]: 0x00000000800009F8 (0x00A71713) slli a4, a4, 0xa
x14 <- 0x020000200400F800

mem[X,0x00000000800009FC] -> 0x0713
mem[X,0x00000000800009FE] -> 0x3FF7
[644] [M]: 0x00000000800009FC (0x3FF70713) addi a4, a4, 0x3ff
x14 <- 0x020000200400FBFF

mem[X,0x0000000080000A00] -> 0x0537
mem[X,0x0000000080000A02] -> 0x0081
[645] [M]: 0x0000000080000A00 (0x00810537) lui a0, 0x810
x10 <- 0x0000000000810000

mem[X,0x0000000080000A04] -> 0x0513
mem[X,0x0000000080000A06] -> 0xFF85
[646] [M]: 0x0000000080000A04 (0xFF850513) addi a0, a0, -0x8
x10 <- 0x000000000080FFF8

mem[X,0x0000000080000A08] -> 0x1513
mem[X,0x0000000080000A0A] -> 0x00B5
[647] [M]: 0x0000000080000A08 (0x00B51513) slli a0, a0, 0xb
x10 <- 0x0000000407FFC000

mem[X,0x0000000080000A0C] -> 0x0513
mem[X,0x0000000080000A0E] -> 0x7FF5
[648] [M]: 0x0000000080000A0C (0x7FF50513) addi a0, a0, 0x7ff
x10 <- 0x0000000407FFC7FF

mem[X,0x0000000080000A10] -> 0x1513
mem[X,0x0000000080000A12] -> 0x00B5
[649] [M]: 0x0000000080000A10 (0x00B51513) slli a0, a0, 0xb
x10 <- 0x0000203FFE3FF800

mem[X,0x0000000080000A14] -> 0x0513
mem[X,0x0000000080000A16] -> 0x6BF5
[650] [M]: 0x0000000080000A14 (0x6BF50513) addi a0, a0, 0x6bf
x10 <- 0x0000203FFE3FFEBF

mem[X,0x0000000080000A18] -> 0x1513
mem[X,0x0000000080000A1A] -> 0x00A5
[651] [M]: 0x0000000080000A18 (0x00A51513) slli a0, a0, 0xa
x10 <- 0x0080FFF8FFFAFC00

mem[X,0x0000000080000A1C] -> 0x0513
mem[X,0x0000000080000A1E] -> 0x3FA5
[652] [M]: 0x0000000080000A1C (0x3FA50513) addi a0, a0, 0x3fa
x10 <- 0x0080FFF8FFFAFFFA

mem[X,0x0000000080000A20] -> 0x79BB
mem[X,0x0000000080000A22] -> 0xB4A7
[653] [M]: 0x0000000080000A20 (0xB4A779BB) pmulhsu.h.bo s3, a4, a0
x19 <- 0x00000000000300FB

mem[X,0x0000000080000A24] -> 0xB023
mem[X,0x0000000080000A26] -> 0x0130
[654] [M]: 0x0000000080000A24 (0x0130B023) sd s3, 0x0(ra)
mem[0x0000000080004200] <- 0x00000000000300FB

mem[X,0x0000000080000A28] -> 0x0337
mem[X,0x0000000080000A2A] -> 0x0005
[655] [M]: 0x0000000080000A28 (0x00050337) lui t1, 0x50
x6 <- 0x0000000000050000

mem[X,0x0000000080000A2C] -> 0x0313
mem[X,0x0000000080000A2E] -> 0xFDF3
[656] [M]: 0x0000000080000A2C (0xFDF30313) addi t1, t1, -0x21
x6 <- 0x000000000004FFDF

mem[X,0x0000000080000A30] -> 0x1313
mem[X,0x0000000080000A32] -> 0x00B3
[657] [M]: 0x0000000080000A30 (0x00B31313) slli t1, t1, 0xb
x6 <- 0x0000000027FEF800

mem[X,0x0000000080000A34] -> 0x0313
mem[X,0x0000000080000A36] -> 0x0003
[658] [M]: 0x0000000080000A34 (0x00030313) addi t1, t1, 0x0
x6 <- 0x0000000027FEF800

mem[X,0x0000000080000A38] -> 0x1313
mem[X,0x0000000080000A3A] -> 0x00B3
[659] [M]: 0x0000000080000A38 (0x00B31313) slli t1, t1, 0xb
x6 <- 0x0000013FF7C00000

mem[X,0x0000000080000A3C] -> 0x0313
mem[X,0x0000000080000A3E] -> 0x1BD3
[660] [M]: 0x0000000080000A3C (0x1BD30313) addi t1, t1, 0x1bd
x6 <- 0x0000013FF7C001BD

mem[X,0x0000000080000A40] -> 0x1313
mem[X,0x0000000080000A42] -> 0x00A3
[661] [M]: 0x0000000080000A40 (0x00A31313) slli t1, t1, 0xa
x6 <- 0x0004FFDF0006F400

mem[X,0x0000000080000A44] -> 0x0313
mem[X,0x0000000080000A46] -> 0x3FF3
[662] [M]: 0x0000000080000A44 (0x3FF30313) addi t1, t1, 0x3ff
x6 <- 0x0004FFDF0006F7FF

mem[X,0x0000000080000A48] -> 0x09B7
mem[X,0x0000000080000A4A] -> 0x0040
[663] [M]: 0x0000000080000A48 (0x004009B7) lui s3, 0x400
x19 <- 0x0000000000400000

mem[X,0x0000000080000A4C] -> 0x8993
mem[X,0x0000000080000A4E] -> 0x0029
[664] [M]: 0x0000000080000A4C (0x00298993) addi s3, s3, 0x2
x19 <- 0x0000000000400002

mem[X,0x0000000080000A50] -> 0x9993
mem[X,0x0000000080000A52] -> 0x00B9
[665] [M]: 0x0000000080000A50 (0x00B99993) slli s3, s3, 0xb
x19 <- 0x0000000200001000

mem[X,0x0000000080000A54] -> 0x8993
mem[X,0x0000000080000A56] -> 0x0109
[666] [M]: 0x0000000080000A54 (0x01098993) addi s3, s3, 0x10
x19 <- 0x0000000200001010

mem[X,0x0000000080000A58] -> 0x9993
mem[X,0x0000000080000A5A] -> 0x00B9
[667] [M]: 0x0000000080000A58 (0x00B99993) slli s3, s3, 0xb
x19 <- 0x0000100000808000

mem[X,0x0000000080000A5C] -> 0x8993
mem[X,0x0000000080000A5E] -> 0x0009
[668] [M]: 0x0000000080000A5C (0x00098993) addi s3, s3, 0x0
x19 <- 0x0000100000808000

mem[X,0x0000000080000A60] -> 0x9993
mem[X,0x0000000080000A62] -> 0x00A9
[669] [M]: 0x0000000080000A60 (0x00A99993) slli s3, s3, 0xa
x19 <- 0x0040000202000000

mem[X,0x0000000080000A64] -> 0x8993
mem[X,0x0000000080000A66] -> 0x0069
[670] [M]: 0x0000000080000A64 (0x00698993) addi s3, s3, 0x6
x19 <- 0x0040000202000006

mem[X,0x0000000080000A68] -> 0x77BB
mem[X,0x0000000080000A6A] -> 0xB533
[671] [M]: 0x0000000080000A68 (0xB53377BB) pmulhsu.h.bo a5, t1, s3
x15 <- 0x0000000000000000

mem[X,0x0000000080000A6C] -> 0xB423
mem[X,0x0000000080000A6E] -> 0x00F0
[672] [M]: 0x0000000080000A6C (0x00F0B423) sd a5, 0x8(ra)
mem[0x0000000080004208] <- 0x0000000000000000

mem[X,0x0000000080000A70] -> 0x07B7
mem[X,0x0000000080000A72] -> 0x0004
[673] [M]: 0x0000000080000A70 (0x000407B7) lui a5, 0x40
x15 <- 0x0000000000040000

mem[X,0x0000000080000A74] -> 0x8793
mem[X,0x0000000080000A76] -> 0x0047
[674] [M]: 0x0000000080000A74 (0x00478793) addi a5, a5, 0x4
x15 <- 0x0000000000040004

mem[X,0x0000000080000A78] -> 0x9793
mem[X,0x0000000080000A7A] -> 0x00B7
[675] [M]: 0x0000000080000A78 (0x00B79793) slli a5, a5, 0xb
x15 <- 0x0000000020002000

mem[X,0x0000000080000A7C] -> 0x8793
mem[X,0x0000000080000A7E] -> 0x7FF7
[676] [M]: 0x0000000080000A7C (0x7FF78793) addi a5, a5, 0x7ff
x15 <- 0x00000000200027FF

mem[X,0x0000000080000A80] -> 0x9793
mem[X,0x0000000080000A82] -> 0x00B7
[677] [M]: 0x0000000080000A80 (0x00B79793) slli a5, a5, 0xb
x15 <- 0x00000100013FF800

mem[X,0x0000000080000A84] -> 0x8793
mem[X,0x0000000080000A86] -> 0x6FB7
[678] [M]: 0x0000000080000A84 (0x6FB78793) addi a5, a5, 0x6fb
x15 <- 0x00000100013FFEFB

mem[X,0x0000000080000A88] -> 0x9793
mem[X,0x0000000080000A8A] -> 0x00A7
[679] [M]: 0x0000000080000A88 (0x00A79793) slli a5, a5, 0xa
x15 <- 0x00040004FFFBEC00

mem[X,0x0000000080000A8C] -> 0x8793
mem[X,0x0000000080000A8E] -> 0x3FF7
[680] [M]: 0x0000000080000A8C (0x3FF78793) addi a5, a5, 0x3ff
x15 <- 0x00040004FFFBEFFF

mem[X,0x0000000080000A90] -> 0x84B7
mem[X,0x0000000080000A92] -> 0xFFFD
[681] [M]: 0x0000000080000A90 (0xFFFD84B7) lui s1, -0x28
x9 <- 0xFFFFFFFFFFFD8000

mem[X,0x0000000080000A94] -> 0x8493
mem[X,0x0000000080000A96] -> 0xFFF4
[682] [M]: 0x0000000080000A94 (0xFFF48493) addi s1, s1, -0x1
x9 <- 0xFFFFFFFFFFFD7FFF

mem[X,0x0000000080000A98] -> 0x9493
mem[X,0x0000000080000A9A] -> 0x00B4
[683] [M]: 0x0000000080000A98 (0x00B49493) slli s1, s1, 0xb
x9 <- 0xFFFFFFFFEBFFF800

mem[X,0x0000000080000A9C] -> 0x8493
mem[X,0x0000000080000A9E] -> 0x7BF4
[684] [M]: 0x0000000080000A9C (0x7BF48493) addi s1, s1, 0x7bf
x9 <- 0xFFFFFFFFEBFFFFBF

mem[X,0x0000000080000AA0] -> 0x9493
mem[X,0x0000000080000AA2] -> 0x00B4
[685] [M]: 0x0000000080000AA0 (0x00B49493) slli s1, s1, 0xb
x9 <- 0xFFFFFF5FFFFDF800

mem[X,0x0000000080000AA4] -> 0x8493
mem[X,0x0000000080000AA6] -> 0x7C04
[686] [M]: 0x0000000080000AA4 (0x7C048493) addi s1, s1, 0x7c0
x9 <- 0xFFFFFF5FFFFDFFC0

mem[X,0x0000000080000AA8] -> 0x9493
mem[X,0x0000000080000AAA] -> 0x00A4
[687] [M]: 0x0000000080000AA8 (0x00A49493) slli s1, s1, 0xa
x9 <- 0xFFFD7FFFF7FF0000

mem[X,0x0000000080000AAC] -> 0x8493
mem[X,0x0000000080000AAE] -> 0x0024
[688] [M]: 0x0000000080000AAC (0x00248493) addi s1, s1, 0x2
x9 <- 0xFFFD7FFFF7FF0002

mem[X,0x0000000080000AB0] -> 0xFCBB
mem[X,0x0000000080000AB2] -> 0xB497
[689] [M]: 0x0000000080000AB0 (0xB497FCBB) pmulhsu.h.bo s9, a5, s1
x25 <- 0x0000000000F60000

mem[X,0x0000000080000AB4] -> 0xB823
mem[X,0x0000000080000AB6] -> 0x0190
[690] [M]: 0x0000000080000AB4 (0x0190B823) sd s9, 0x10(ra)
mem[0x0000000080004210] <- 0x0000000000F60000

mem[X,0x0000000080000AB8] -> 0x0F37
mem[X,0x0000000080000ABA] -> 0x0003
[691] [M]: 0x0000000080000AB8 (0x00030F37) lui t5, 0x30
x30 <- 0x0000000000030000

mem[X,0x0000000080000ABC] -> 0x0F13
mem[X,0x0000000080000ABE] -> 0xFDFF
[692] [M]: 0x0000000080000ABC (0xFDFF0F13) addi t5, t5, -0x21
x30 <- 0x000000000002FFDF

mem[X,0x0000000080000AC0] -> 0x1F13
mem[X,0x0000000080000AC2] -> 0x00BF
[693] [M]: 0x0000000080000AC0 (0x00BF1F13) slli t5, t5, 0xb
x30 <- 0x0000000017FEF800

mem[X,0x0000000080000AC4] -> 0x0F13
mem[X,0x0000000080000AC6] -> 0x004F
[694] [M]: 0x0000000080000AC4 (0x004F0F13) addi t5, t5, 0x4
x30 <- 0x0000000017FEF804

mem[X,0x0000000080000AC8] -> 0x1F13
mem[X,0x0000000080000ACA] -> 0x00BF
[695] [M]: 0x0000000080000AC8 (0x00BF1F13) slli t5, t5, 0xb
x30 <- 0x000000BFF7C02000

mem[X,0x0000000080000ACC] -> 0x0F13
mem[X,0x0000000080000ACE] -> 0x037F
[696] [M]: 0x0000000080000ACC (0x037F0F13) addi t5, t5, 0x37
x30 <- 0x000000BFF7C02037

mem[X,0x0000000080000AD0] -> 0x1F13
mem[X,0x0000000080000AD2] -> 0x00AF
[697] [M]: 0x0000000080000AD0 (0x00AF1F13) slli t5, t5, 0xa
x30 <- 0x0002FFDF0080DC00

mem[X,0x0000000080000AD4] -> 0x0F13
mem[X,0x0000000080000AD6] -> 0x3FFF
[698] [M]: 0x0000000080000AD4 (0x3FFF0F13) addi t5, t5, 0x3ff
x30 <- 0x0002FFDF0080DFFF

mem[X,0x0000000080000AD8] -> 0x0EB7
mem[X,0x0000000080000ADA] -> 0x0801
[699] [M]: 0x0000000080000AD8 (0x08010EB7) lui t4, 0x8010
x29 <- 0x0000000008010000

clint::tick mtime <- 0x0000000000000007
 clint timer pending at mtime 0x0000000000000007
htif::tick 0x0000000000000000
mem[X,0x0000000080000ADC] -> 0x8E93
mem[X,0x0000000080000ADE] -> 0xFBFE
[700] [M]: 0x0000000080000ADC (0xFBFE8E93) addi t4, t4, -0x41
x29 <- 0x000000000800FFBF

mem[X,0x0000000080000AE0] -> 0x9E93
mem[X,0x0000000080000AE2] -> 0x00BE
[701] [M]: 0x0000000080000AE0 (0x00BE9E93) slli t4, t4, 0xb
x29 <- 0x0000004007FDF800

mem[X,0x0000000080000AE4] -> 0x8E93
mem[X,0x0000000080000AE6] -> 0x7FFE
[702] [M]: 0x0000000080000AE4 (0x7FFE8E93) addi t4, t4, 0x7ff
x29 <- 0x0000004007FDFFFF

mem[X,0x0000000080000AE8] -> 0x9E93
mem[X,0x0000000080000AEA] -> 0x00BE
[703] [M]: 0x0000000080000AE8 (0x00BE9E93) slli t4, t4, 0xb
x29 <- 0x0002003FEFFFF800

mem[X,0x0000000080000AEC] -> 0x8E93
mem[X,0x0000000080000AEE] -> 0x73FE
[704] [M]: 0x0000000080000AEC (0x73FE8E93) addi t4, t4, 0x73f
x29 <- 0x0002003FEFFFFF3F

mem[X,0x0000000080000AF0] -> 0x9E93
mem[X,0x0000000080000AF2] -> 0x00AE
[705] [M]: 0x0000000080000AF0 (0x00AE9E93) slli t4, t4, 0xa
x29 <- 0x0800FFBFFFFCFC00

mem[X,0x0000000080000AF4] -> 0x8E93
mem[X,0x0000000080000AF6] -> 0x3FFE
[706] [M]: 0x0000000080000AF4 (0x3FFE8E93) addi t4, t4, 0x3ff
x29 <- 0x0800FFBFFFFCFFFF

mem[X,0x0000000080000AF8] -> 0x7FBB
mem[X,0x0000000080000AFA] -> 0xB5DF
[707] [M]: 0x0000000080000AF8 (0xB5DF7FBB) pmulhsu.h.bo t6, t5, t4
x31 <- 0x000000FE000000DF

mem[X,0x0000000080000AFC] -> 0xBC23
mem[X,0x0000000080000AFE] -> 0x01F0
[708] [M]: 0x0000000080000AFC (0x01F0BC23) sd t6, 0x18(ra)
mem[0x0000000080004218] <- 0x000000FE000000DF

mem[X,0x0000000080000B00] -> 0x4F37
mem[X,0x0000000080000B02] -> 0xFFF9
[709] [M]: 0x0000000080000B00 (0xFFF94F37) lui t5, -0x6c
x30 <- 0xFFFFFFFFFFF94000

mem[X,0x0000000080000B04] -> 0x0F13
mem[X,0x0000000080000B06] -> 0xFFFF
[710] [M]: 0x0000000080000B04 (0xFFFF0F13) addi t5, t5, -0x1
x30 <- 0xFFFFFFFFFFF93FFF

mem[X,0x0000000080000B08] -> 0x1F13
mem[X,0x0000000080000B0A] -> 0x00BF
[711] [M]: 0x0000000080000B08 (0x00BF1F13) slli t5, t5, 0xb
x30 <- 0xFFFFFFFFC9FFF800

mem[X,0x0000000080000B0C] -> 0x0F13
mem[X,0x0000000080000B0E] -> 0x7FFF
[712] [M]: 0x0000000080000B0C (0x7FFF0F13) addi t5, t5, 0x7ff
x30 <- 0xFFFFFFFFC9FFFFFF

mem[X,0x0000000080000B10] -> 0x1F13
mem[X,0x0000000080000B12] -> 0x00BF
[713] [M]: 0x0000000080000B10 (0x00BF1F13) slli t5, t5, 0xb
x30 <- 0xFFFFFE4FFFFFF800

mem[X,0x0000000080000B14] -> 0x0F13
mem[X,0x0000000080000B16] -> 0x5AFF
[714] [M]: 0x0000000080000B14 (0x5AFF0F13) addi t5, t5, 0x5af
x30 <- 0xFFFFFE4FFFFFFDAF

mem[X,0x0000000080000B18] -> 0x1F13
mem[X,0x0000000080000B1A] -> 0x00AF
[715] [M]: 0x0000000080000B18 (0x00AF1F13) slli t5, t5, 0xa
x30 <- 0xFFF93FFFFFF6BC00

mem[X,0x0000000080000B1C] -> 0x0F13
mem[X,0x0000000080000B1E] -> 0x3FFF
[716] [M]: 0x0000000080000B1C (0x3FFF0F13) addi t5, t5, 0x3ff
x30 <- 0xFFF93FFFFFF6BFFF

mem[X,0x0000000080000B20] -> 0x4EB7
mem[X,0x0000000080000B22] -> 0xFFDF
[717] [M]: 0x0000000080000B20 (0xFFDF4EB7) lui t4, -0x20c
x29 <- 0xFFFFFFFFFFDF4000

mem[X,0x0000000080000B24] -> 0x8E93
mem[X,0x0000000080000B26] -> 0xFFFE
[718] [M]: 0x0000000080000B24 (0xFFFE8E93) addi t4, t4, -0x1
x29 <- 0xFFFFFFFFFFDF3FFF

mem[X,0x0000000080000B28] -> 0x9E93
mem[X,0x0000000080000B2A] -> 0x00BE
[719] [M]: 0x0000000080000B28 (0x00BE9E93) slli t4, t4, 0xb
x29 <- 0xFFFFFFFEF9FFF800

mem[X,0x0000000080000B2C] -> 0x8E93
mem[X,0x0000000080000B2E] -> 0x7FFE
[720] [M]: 0x0000000080000B2C (0x7FFE8E93) addi t4, t4, 0x7ff
x29 <- 0xFFFFFFFEF9FFFFFF

mem[X,0x0000000080000B30] -> 0x9E93
mem[X,0x0000000080000B32] -> 0x00BE
[721] [M]: 0x0000000080000B30 (0x00BE9E93) slli t4, t4, 0xb
x29 <- 0xFFFFF7CFFFFFF800

mem[X,0x0000000080000B34] -> 0x8E93
mem[X,0x0000000080000B36] -> 0x730E
[722] [M]: 0x0000000080000B34 (0x730E8E93) addi t4, t4, 0x730
x29 <- 0xFFFFF7CFFFFFFF30

mem[X,0x0000000080000B38] -> 0x9E93
mem[X,0x0000000080000B3A] -> 0x00AE
[723] [M]: 0x0000000080000B38 (0x00AE9E93) slli t4, t4, 0xa
x29 <- 0xFFDF3FFFFFFCC000

mem[X,0x0000000080000B3C] -> 0x7FBB
mem[X,0x0000000080000B3E] -> 0xB5DF
[724] [M]: 0x0000000080000B3C (0xB5DF7FBB) pmulhsu.h.bo t6, t5, t4
x31 <- 0x00FE000F00FE008F

mem[X,0x0000000080000B40] -> 0xB023
mem[X,0x0000000080000B42] -> 0x03F0
[725] [M]: 0x0000000080000B40 (0x03F0B023) sd t6, 0x20(ra)
mem[0x0000000080004220] <- 0x00FE000F00FE008F

mem[X,0x0000000080000B44] -> 0x0F37
mem[X,0x0000000080000B46] -> 0xE000
[726] [M]: 0x0000000080000B44 (0xE0000F37) lui t5, -0x20000
x30 <- 0xFFFFFFFFE0000000

mem[X,0x0000000080000B48] -> 0x0F13
mem[X,0x0000000080000B4A] -> 0xF7FF
[727] [M]: 0x0000000080000B48 (0xF7FF0F13) addi t5, t5, -0x81
x30 <- 0xFFFFFFFFDFFFFF7F

mem[X,0x0000000080000B4C] -> 0x1F13
mem[X,0x0000000080000B4E] -> 0x00BF
[728] [M]: 0x0000000080000B4C (0x00BF1F13) slli t5, t5, 0xb
x30 <- 0xFFFFFEFFFFFBF800

mem[X,0x0000000080000B50] -> 0x0F13
mem[X,0x0000000080000B52] -> 0x080F
[729] [M]: 0x0000000080000B50 (0x080F0F13) addi t5, t5, 0x80
x30 <- 0xFFFFFEFFFFFBF880

mem[X,0x0000000080000B54] -> 0x1F13
mem[X,0x0000000080000B56] -> 0x00BF
[730] [M]: 0x0000000080000B54 (0x00BF1F13) slli t5, t5, 0xb
x30 <- 0xFFF7FFFFDFC40000

mem[X,0x0000000080000B58] -> 0x0F13
mem[X,0x0000000080000B5A] -> 0x015F
[731] [M]: 0x0000000080000B58 (0x015F0F13) addi t5, t5, 0x15
x30 <- 0xFFF7FFFFDFC40015

mem[X,0x0000000080000B5C] -> 0x1F13
mem[X,0x0000000080000B5E] -> 0x00AF
[732] [M]: 0x0000000080000B5C (0x00AF1F13) slli t5, t5, 0xa
x30 <- 0xDFFFFF7F10005400

mem[X,0x0000000080000B60] -> 0x0F13
mem[X,0x0000000080000B62] -> 0x155F
[733] [M]: 0x0000000080000B60 (0x155F0F13) addi t5, t5, 0x155
x30 <- 0xDFFFFF7F10005555

mem[X,0x0000000080000B64] -> 0x0EB7
mem[X,0x0000000080000B66] -> 0xFFF7
[734] [M]: 0x0000000080000B64 (0xFFF70EB7) lui t4, -0x90
x29 <- 0xFFFFFFFFFFF70000

mem[X,0x0000000080000B68] -> 0x8E93
mem[X,0x0000000080000B6A] -> 0x006E
[735] [M]: 0x0000000080000B68 (0x006E8E93) addi t4, t4, 0x6
x29 <- 0xFFFFFFFFFFF70006

mem[X,0x0000000080000B6C] -> 0x9E93
mem[X,0x0000000080000B6E] -> 0x00BE
[736] [M]: 0x0000000080000B6C (0x00BE9E93) slli t4, t4, 0xb
x29 <- 0xFFFFFFFFB8003000

mem[X,0x0000000080000B70] -> 0x8E93
mem[X,0x0000000080000B72] -> 0x7FFE
[737] [M]: 0x0000000080000B70 (0x7FFE8E93) addi t4, t4, 0x7ff
x29 <- 0xFFFFFFFFB80037FF

mem[X,0x0000000080000B74] -> 0x9E93
mem[X,0x0000000080000B76] -> 0x00BE
[738] [M]: 0x0000000080000B74 (0x00BE9E93) slli t4, t4, 0xb
x29 <- 0xFFFFFDC001BFF800

mem[X,0x0000000080000B78] -> 0x8E93
mem[X,0x0000000080000B7A] -> 0x6C2E
[739] [M]: 0x0000000080000B78 (0x6C2E8E93) addi t4, t4, 0x6c2
x29 <- 0xFFFFFDC001BFFEC2

mem[X,0x0000000080000B7C] -> 0x9E93
mem[X,0x0000000080000B7E] -> 0x00AE
[740] [M]: 0x0000000080000B7C (0x00AE9E93) slli t4, t4, 0xa
x29 <- 0xFFF70006FFFB0800

mem[X,0x0000000080000B80] -> 0x7FBB
mem[X,0x0000000080000B82] -> 0xB5DF
[741] [M]: 0x0000000080000B80 (0xB5DF7FBB) pmulhsu.h.bo t6, t5, t4
x31 <- 0x00DF0000000F0002

mem[X,0x0000000080000B84] -> 0xB423
mem[X,0x0000000080000B86] -> 0x03F0
[742] [M]: 0x0000000080000B84 (0x03F0B423) sd t6, 0x28(ra)
mem[0x0000000080004228] <- 0x00DF0000000F0002

mem[X,0x0000000080000B88] -> 0x8F37
mem[X,0x0000000080000B8A] -> 0xFFF6
[743] [M]: 0x0000000080000B88 (0xFFF68F37) lui t5, -0x98
x30 <- 0xFFFFFFFFFFF68000

mem[X,0x0000000080000B8C] -> 0x0F13
mem[X,0x0000000080000B8E] -> 0x000F
[744] [M]: 0x0000000080000B8C (0x000F0F13) addi t5, t5, 0x0
x30 <- 0xFFFFFFFFFFF68000

mem[X,0x0000000080000B90] -> 0x1F13
mem[X,0x0000000080000B92] -> 0x00BF
[745] [M]: 0x0000000080000B90 (0x00BF1F13) slli t5, t5, 0xb
x30 <- 0xFFFFFFFFB4000000

mem[X,0x0000000080000B94] -> 0x0F13
mem[X,0x0000000080000B96] -> 0x000F
[746] [M]: 0x0000000080000B94 (0x000F0F13) addi t5, t5, 0x0
x30 <- 0xFFFFFFFFB4000000

mem[X,0x0000000080000B98] -> 0x1F13
mem[X,0x0000000080000B9A] -> 0x00BF
[747] [M]: 0x0000000080000B98 (0x00BF1F13) slli t5, t5, 0xb
x30 <- 0xFFFFFDA000000000

mem[X,0x0000000080000B9C] -> 0x0F13
mem[X,0x0000000080000B9E] -> 0x1EAF
[748] [M]: 0x0000000080000B9C (0x1EAF0F13) addi t5, t5, 0x1ea
x30 <- 0xFFFFFDA0000001EA

mem[X,0x0000000080000BA0] -> 0x1F13
mem[X,0x0000000080000BA2] -> 0x00AF
[749] [M]: 0x0000000080000BA0 (0x00AF1F13) slli t5, t5, 0xa
x30 <- 0xFFF680000007A800

mem[X,0x0000000080000BA4] -> 0x0F13
mem[X,0x0000000080000BA6] -> 0x2AAF
[750] [M]: 0x0000000080000BA4 (0x2AAF0F13) addi t5, t5, 0x2aa
x30 <- 0xFFF680000007AAAA

mem[X,0x0000000080000BA8] -> 0x0EB7
mem[X,0x0000000080000BAA] -> 0x0002
[751] [M]: 0x0000000080000BA8 (0x00020EB7) lui t4, 0x20
x29 <- 0x0000000000020000

mem[X,0x0000000080000BAC] -> 0x8E93
mem[X,0x0000000080000BAE] -> 0xFFAE
[752] [M]: 0x0000000080000BAC (0xFFAE8E93) addi t4, t4, -0x6
x29 <- 0x000000000001FFFA

mem[X,0x0000000080000BB0] -> 0x9E93
mem[X,0x0000000080000BB2] -> 0x00BE
[753] [M]: 0x0000000080000BB0 (0x00BE9E93) slli t4, t4, 0xb
x29 <- 0x000000000FFFD000

mem[X,0x0000000080000BB4] -> 0x8E93
mem[X,0x0000000080000BB6] -> 0x7FFE
[754] [M]: 0x0000000080000BB4 (0x7FFE8E93) addi t4, t4, 0x7ff
x29 <- 0x000000000FFFD7FF

mem[X,0x0000000080000BB8] -> 0x9E93
mem[X,0x0000000080000BBA] -> 0x00BE
[755] [M]: 0x0000000080000BB8 (0x00BE9E93) slli t4, t4, 0xb
x29 <- 0x0000007FFEBFF800

mem[X,0x0000000080000BBC] -> 0x8E93
mem[X,0x0000000080000BBE] -> 0x6BDE
[756] [M]: 0x0000000080000BBC (0x6BDE8E93) addi t4, t4, 0x6bd
x29 <- 0x0000007FFEBFFEBD

mem[X,0x0000000080000BC0] -> 0x9E93
mem[X,0x0000000080000BC2] -> 0x00AE
[757] [M]: 0x0000000080000BC0 (0x00AE9E93) slli t4, t4, 0xa
x29 <- 0x0001FFFAFFFAF400

mem[X,0x0000000080000BC4] -> 0x8E93
mem[X,0x0000000080000BC6] -> 0x3FFE
[758] [M]: 0x0000000080000BC4 (0x3FFE8E93) addi t4, t4, 0x3ff
x29 <- 0x0001FFFAFFFAF7FF

mem[X,0x0000000080000BC8] -> 0x7FBB
mem[X,0x0000000080000BCA] -> 0xB5DF
[759] [M]: 0x0000000080000BC8 (0xB5DF7FBB) pmulhsu.h.bo t6, t5, t4
x31 <- 0x0000007F000000A4

mem[X,0x0000000080000BCC] -> 0xB823
mem[X,0x0000000080000BCE] -> 0x03F0
[760] [M]: 0x0000000080000BCC (0x03F0B823) sd t6, 0x30(ra)
mem[0x0000000080004230] <- 0x0000007F000000A4

mem[X,0x0000000080000BD0] -> 0xEF37
mem[X,0x0000000080000BD2] -> 0xFEFF
[761] [M]: 0x0000000080000BD0 (0xFEFFEF37) lui t5, -0x1002
x30 <- 0xFFFFFFFFFEFFE000

mem[X,0x0000000080000BD4] -> 0x0F13
mem[X,0x0000000080000BD6] -> 0xFFFF
[762] [M]: 0x0000000080000BD4 (0xFFFF0F13) addi t5, t5, -0x1
x30 <- 0xFFFFFFFFFEFFDFFF

mem[X,0x0000000080000BD8] -> 0x1F13
mem[X,0x0000000080000BDA] -> 0x00BF
[763] [M]: 0x0000000080000BD8 (0x00BF1F13) slli t5, t5, 0xb
x30 <- 0xFFFFFFF7FEFFF800

mem[X,0x0000000080000BDC] -> 0x0F13
mem[X,0x0000000080000BDE] -> 0x400F
[764] [M]: 0x0000000080000BDC (0x400F0F13) addi t5, t5, 0x400
x30 <- 0xFFFFFFF7FEFFFC00

mem[X,0x0000000080000BE0] -> 0x1F13
mem[X,0x0000000080000BE2] -> 0x00BF
[765] [M]: 0x0000000080000BE0 (0x00BF1F13) slli t5, t5, 0xb
x30 <- 0xFFFFBFF7FFE00000

mem[X,0x0000000080000BE4] -> 0x0F13
mem[X,0x0000000080000BE6] -> 0x020F
[766] [M]: 0x0000000080000BE4 (0x020F0F13) addi t5, t5, 0x20
x30 <- 0xFFFFBFF7FFE00020

mem[X,0x0000000080000BE8] -> 0x1F13
mem[X,0x0000000080000BEA] -> 0x00AF
[767] [M]: 0x0000000080000BE8 (0x00AF1F13) slli t5, t5, 0xa
x30 <- 0xFEFFDFFF80008000

mem[X,0x0000000080000BEC] -> 0x0EB7
mem[X,0x0000000080000BEE] -> 0xFC00
[768] [M]: 0x0000000080000BEC (0xFC000EB7) lui t4, -0x4000
x29 <- 0xFFFFFFFFFC000000

mem[X,0x0000000080000BF0] -> 0x8E93
mem[X,0x0000000080000BF2] -> 0xF7FE
[769] [M]: 0x0000000080000BF0 (0xF7FE8E93) addi t4, t4, -0x81
x29 <- 0xFFFFFFFFFBFFFF7F

mem[X,0x0000000080000BF4] -> 0x9E93
mem[X,0x0000000080000BF6] -> 0x00BE
[770] [M]: 0x0000000080000BF4 (0x00BE9E93) slli t4, t4, 0xb
x29 <- 0xFFFFFFDFFFFBF800

mem[X,0x0000000080000BF8] -> 0x8E93
mem[X,0x0000000080000BFA] -> 0x7FFE
[771] [M]: 0x0000000080000BF8 (0x7FFE8E93) addi t4, t4, 0x7ff
x29 <- 0xFFFFFFDFFFFBFFFF

mem[X,0x0000000080000BFC] -> 0x9E93
mem[X,0x0000000080000BFE] -> 0x00BE
[772] [M]: 0x0000000080000BFC (0x00BE9E93) slli t4, t4, 0xb
x29 <- 0xFFFEFFFFDFFFF800

mem[X,0x0000000080000C00] -> 0x8E93
mem[X,0x0000000080000C02] -> 0x584E
[773] [M]: 0x0000000080000C00 (0x584E8E93) addi t4, t4, 0x584
x29 <- 0xFFFEFFFFDFFFFD84

mem[X,0x0000000080000C04] -> 0x9E93
mem[X,0x0000000080000C06] -> 0x00AE
[774] [M]: 0x0000000080000C04 (0x00AE9E93) slli t4, t4, 0xa
x29 <- 0xFBFFFF7FFFF61000

mem[X,0x0000000080000C08] -> 0x7FBB
mem[X,0x0000000080000C0A] -> 0xB5DF
[775] [M]: 0x0000000080000C08 (0xB5DF7FBB) pmulhsu.h.bo t6, t5, t4
x31 <- 0x00FA00DF007F0008

mem[X,0x0000000080000C0C] -> 0xBC23
mem[X,0x0000000080000C0E] -> 0x03F0
[776] [M]: 0x0000000080000C0C (0x03F0BC23) sd t6, 0x38(ra)
mem[0x0000000080004238] <- 0x00FA00DF007F0008

mem[X,0x0000000080000C10] -> 0x0F37
mem[X,0x0000000080000C12] -> 0xFFFA
[777] [M]: 0x0000000080000C10 (0xFFFA0F37) lui t5, -0x60
x30 <- 0xFFFFFFFFFFFA0000

mem[X,0x0000000080000C14] -> 0x0F13
mem[X,0x0000000080000C16] -> 0xEFFF
[778] [M]: 0x0000000080000C14 (0xEFFF0F13) addi t5, t5, -0x101
x30 <- 0xFFFFFFFFFFF9FEFF

mem[X,0x0000000080000C18] -> 0x1F13
mem[X,0x0000000080000C1A] -> 0x00BF
[779] [M]: 0x0000000080000C18 (0x00BF1F13) slli t5, t5, 0xb
x30 <- 0xFFFFFFFFCFF7F800

mem[X,0x0000000080000C1C] -> 0x0F13
mem[X,0x0000000080000C1E] -> 0x7FFF
[780] [M]: 0x0000000080000C1C (0x7FFF0F13) addi t5, t5, 0x7ff
x30 <- 0xFFFFFFFFCFF7FFFF

mem[X,0x0000000080000C20] -> 0x1F13
mem[X,0x0000000080000C22] -> 0x00BF
[781] [M]: 0x0000000080000C20 (0x00BF1F13) slli t5, t5, 0xb
x30 <- 0xFFFFFE7FBFFFF800

mem[X,0x0000000080000C24] -> 0x0F13
mem[X,0x0000000080000C26] -> 0x7FFF
[782] [M]: 0x0000000080000C24 (0x7FFF0F13) addi t5, t5, 0x7ff
x30 <- 0xFFFFFE7FBFFFFFFF

mem[X,0x0000000080000C28] -> 0x1F13
mem[X,0x0000000080000C2A] -> 0x00AF
[783] [M]: 0x0000000080000C28 (0x00AF1F13) slli t5, t5, 0xa
x30 <- 0xFFF9FEFFFFFFFC00

mem[X,0x0000000080000C2C] -> 0x0F13
mem[X,0x0000000080000C2E] -> 0x3FEF
[784] [M]: 0x0000000080000C2C (0x3FEF0F13) addi t5, t5, 0x3fe
x30 <- 0xFFF9FEFFFFFFFFFE

mem[X,0x0000000080000C30] -> 0x0EB7
mem[X,0x0000000080000C32] -> 0xFDFF
[785] [M]: 0x0000000080000C30 (0xFDFF0EB7) lui t4, -0x2010
x29 <- 0xFFFFFFFFFDFF0000

mem[X,0x0000000080000C34] -> 0x8E93
mem[X,0x0000000080000C36] -> 0x006E
[786] [M]: 0x0000000080000C34 (0x006E8E93) addi t4, t4, 0x6
x29 <- 0xFFFFFFFFFDFF0006

mem[X,0x0000000080000C38] -> 0x9E93
mem[X,0x0000000080000C3A] -> 0x00BE
[787] [M]: 0x0000000080000C38 (0x00BE9E93) slli t4, t4, 0xb
x29 <- 0xFFFFFFEFF8003000

mem[X,0x0000000080000C3C] -> 0x8E93
mem[X,0x0000000080000C3E] -> 0x7FFE
[788] [M]: 0x0000000080000C3C (0x7FFE8E93) addi t4, t4, 0x7ff
x29 <- 0xFFFFFFEFF80037FF

mem[X,0x0000000080000C40] -> 0x9E93
mem[X,0x0000000080000C42] -> 0x00BE
[789] [M]: 0x0000000080000C40 (0x00BE9E93) slli t4, t4, 0xb
x29 <- 0xFFFF7FC001BFF800

mem[X,0x0000000080000C44] -> 0x8E93
mem[X,0x0000000080000C46] -> 0x73FE
[790] [M]: 0x0000000080000C44 (0x73FE8E93) addi t4, t4, 0x73f
x29 <- 0xFFFF7FC001BFFF3F

mem[X,0x0000000080000C48] -> 0x9E93
mem[X,0x0000000080000C4A] -> 0x00AE
[791] [M]: 0x0000000080000C48 (0x00AE9E93) slli t4, t4, 0xa
x29 <- 0xFDFF0006FFFCFC00

mem[X,0x0000000080000C4C] -> 0x8E93
mem[X,0x0000000080000C4E] -> 0x3FEE
[792] [M]: 0x0000000080000C4C (0x3FEE8E93) addi t4, t4, 0x3fe
x29 <- 0xFDFF0006FFFCFFFE

mem[X,0x0000000080000C50] -> 0x7FBB
mem[X,0x0000000080000C52] -> 0xB5DF
[793] [M]: 0x0000000080000C50 (0xB5DF7FBB) pmulhsu.h.bo t6, t5, t4
x31 <- 0x00FC000000FE00FE

mem[X,0x0000000080000C54] -> 0xB023
mem[X,0x0000000080000C56] -> 0x05F0
[794] [M]: 0x0000000080000C54 (0x05F0B023) sd t6, 0x40(ra)
mem[0x0000000080004240] <- 0x00FC000000FE00FE

mem[X,0x0000000080000C58] -> 0x0F37
mem[X,0x0000000080000C5A] -> 0x0021
[795] [M]: 0x0000000080000C58 (0x00210F37) lui t5, 0x210
x30 <- 0x0000000000210000

mem[X,0x0000000080000C5C] -> 0x0F13
mem[X,0x0000000080000C5E] -> 0xFFFF
[796] [M]: 0x0000000080000C5C (0xFFFF0F13) addi t5, t5, -0x1
x30 <- 0x000000000020FFFF

mem[X,0x0000000080000C60] -> 0x1F13
mem[X,0x0000000080000C62] -> 0x00BF
[797] [M]: 0x0000000080000C60 (0x00BF1F13) slli t5, t5, 0xb
x30 <- 0x0000000107FFF800

mem[X,0x0000000080000C64] -> 0x0F13
mem[X,0x0000000080000C66] -> 0x7FFF
[798] [M]: 0x0000000080000C64 (0x7FFF0F13) addi t5, t5, 0x7ff
x30 <- 0x0000000107FFFFFF

mem[X,0x0000000080000C68] -> 0x1F13
mem[X,0x0000000080000C6A] -> 0x00BF
[799] [M]: 0x0000000080000C68 (0x00BF1F13) slli t5, t5, 0xb
x30 <- 0x0000083FFFFFF800

clint::tick mtime <- 0x0000000000000008
 clint timer pending at mtime 0x0000000000000008
htif::tick 0x0000000000000000
mem[X,0x0000000080000C6C] -> 0x0F13
mem[X,0x0000000080000C6E] -> 0x7FFF
[800] [M]: 0x0000000080000C6C (0x7FFF0F13) addi t5, t5, 0x7ff
x30 <- 0x0000083FFFFFFFFF

mem[X,0x0000000080000C70] -> 0x1F13
mem[X,0x0000000080000C72] -> 0x00AF
[801] [M]: 0x0000000080000C70 (0x00AF1F13) slli t5, t5, 0xa
x30 <- 0x0020FFFFFFFFFC00

mem[X,0x0000000080000C74] -> 0x0F13
mem[X,0x0000000080000C76] -> 0x3FCF
[802] [M]: 0x0000000080000C74 (0x3FCF0F13) addi t5, t5, 0x3fc
x30 <- 0x0020FFFFFFFFFFFC

mem[X,0x0000000080000C78] -> 0x0EB7
mem[X,0x0000000080000C7A] -> 0x8000
[803] [M]: 0x0000000080000C78 (0x80000EB7) lui t4, -0x80000
x29 <- 0xFFFFFFFF80000000

mem[X,0x0000000080000C7C] -> 0x8E93
mem[X,0x0000000080000C7E] -> 0xFF6E
[804] [M]: 0x0000000080000C7C (0xFF6E8E93) addi t4, t4, -0xa
x29 <- 0xFFFFFFFF7FFFFFF6

mem[X,0x0000000080000C80] -> 0x9E93
mem[X,0x0000000080000C82] -> 0x00BE
[805] [M]: 0x0000000080000C80 (0x00BE9E93) slli t4, t4, 0xb
x29 <- 0xFFFFFBFFFFFFB000

mem[X,0x0000000080000C84] -> 0x8E93
mem[X,0x0000000080000C86] -> 0x080E
[806] [M]: 0x0000000080000C84 (0x080E8E93) addi t4, t4, 0x80
x29 <- 0xFFFFFBFFFFFFB080

mem[X,0x0000000080000C88] -> 0x9E93
mem[X,0x0000000080000C8A] -> 0x00BE
[807] [M]: 0x0000000080000C88 (0x00BE9E93) slli t4, t4, 0xb
x29 <- 0xFFDFFFFFFD840000

mem[X,0x0000000080000C8C] -> 0x8E93
mem[X,0x0000000080000C8E] -> 0x000E
[808] [M]: 0x0000000080000C8C (0x000E8E93) addi t4, t4, 0x0
x29 <- 0xFFDFFFFFFD840000

mem[X,0x0000000080000C90] -> 0x9E93
mem[X,0x0000000080000C92] -> 0x00AE
[809] [M]: 0x0000000080000C90 (0x00AE9E93) slli t4, t4, 0xa
x29 <- 0x7FFFFFF610000000

mem[X,0x0000000080000C94] -> 0x8E93
mem[X,0x0000000080000C96] -> 0x002E
[810] [M]: 0x0000000080000C94 (0x002E8E93) addi t4, t4, 0x2
x29 <- 0x7FFFFFF610000002

mem[X,0x0000000080000C98] -> 0x7FBB
mem[X,0x0000000080000C9A] -> 0xB5DF
[811] [M]: 0x0000000080000C98 (0xB5DF7FBB) pmulhsu.h.bo t6, t5, t4
x31 <- 0x000000FE000F0000

mem[X,0x0000000080000C9C] -> 0xB423
mem[X,0x0000000080000C9E] -> 0x05F0
[812] [M]: 0x0000000080000C9C (0x05F0B423) sd t6, 0x48(ra)
mem[0x0000000080004248] <- 0x000000FE000F0000

mem[X,0x0000000080000CA0] -> 0x0F37
mem[X,0x0000000080000CA2] -> 0xFC00
[813] [M]: 0x0000000080000CA0 (0xFC000F37) lui t5, -0x4000
x30 <- 0xFFFFFFFFFC000000

mem[X,0x0000000080000CA4] -> 0x0F13
mem[X,0x0000000080000CA6] -> 0xF7FF
[814] [M]: 0x0000000080000CA4 (0xF7FF0F13) addi t5, t5, -0x81
x30 <- 0xFFFFFFFFFBFFFF7F

mem[X,0x0000000080000CA8] -> 0x1F13
mem[X,0x0000000080000CAA] -> 0x00BF
[815] [M]: 0x0000000080000CA8 (0x00BF1F13) slli t5, t5, 0xb
x30 <- 0xFFFFFFDFFFFBF800

mem[X,0x0000000080000CAC] -> 0x0F13
mem[X,0x0000000080000CAE] -> 0x000F
[816] [M]: 0x0000000080000CAC (0x000F0F13) addi t5, t5, 0x0
x30 <- 0xFFFFFFDFFFFBF800

mem[X,0x0000000080000CB0] -> 0x1F13
mem[X,0x0000000080000CB2] -> 0x00BF
[817] [M]: 0x0000000080000CB0 (0x00BF1F13) slli t5, t5, 0xb
x30 <- 0xFFFEFFFFDFC00000

mem[X,0x0000000080000CB4] -> 0x0F13
mem[X,0x0000000080000CB6] -> 0x0FFF
[818] [M]: 0x0000000080000CB4 (0x0FFF0F13) addi t5, t5, 0xff
x30 <- 0xFFFEFFFFDFC000FF

mem[X,0x0000000080000CB8] -> 0x1F13
mem[X,0x0000000080000CBA] -> 0x00AF
[819] [M]: 0x0000000080000CB8 (0x00AF1F13) slli t5, t5, 0xa
x30 <- 0xFBFFFF7F0003FC00

mem[X,0x0000000080000CBC] -> 0x0F13
mem[X,0x0000000080000CBE] -> 0x3DFF
[820] [M]: 0x0000000080000CBC (0x3DFF0F13) addi t5, t5, 0x3df
x30 <- 0xFBFFFF7F0003FFDF

mem[X,0x0000000080000CC0] -> 0x0EB7
mem[X,0x0000000080000CC2] -> 0x0003
[821] [M]: 0x0000000080000CC0 (0x00030EB7) lui t4, 0x30
x29 <- 0x0000000000030000

mem[X,0x0000000080000CC4] -> 0x8E93
mem[X,0x0000000080000CC6] -> 0xFFFE
[822] [M]: 0x0000000080000CC4 (0xFFFE8E93) addi t4, t4, -0x1
x29 <- 0x000000000002FFFF

mem[X,0x0000000080000CC8] -> 0x9E93
mem[X,0x0000000080000CCA] -> 0x00BE
[823] [M]: 0x0000000080000CC8 (0x00BE9E93) slli t4, t4, 0xb
x29 <- 0x0000000017FFF800

mem[X,0x0000000080000CCC] -> 0x8E93
mem[X,0x0000000080000CCE] -> 0x7FBE
[824] [M]: 0x0000000080000CCC (0x7FBE8E93) addi t4, t4, 0x7fb
x29 <- 0x0000000017FFFFFB

mem[X,0x0000000080000CD0] -> 0x9E93
mem[X,0x0000000080000CD2] -> 0x00BE
[825] [M]: 0x0000000080000CD0 (0x00BE9E93) slli t4, t4, 0xb
x29 <- 0x000000BFFFFFD800

mem[X,0x0000000080000CD4] -> 0x8E93
mem[X,0x0000000080000CD6] -> 0x7C0E
[826] [M]: 0x0000000080000CD4 (0x7C0E8E93) addi t4, t4, 0x7c0
x29 <- 0x000000BFFFFFDFC0

mem[X,0x0000000080000CD8] -> 0x9E93
mem[X,0x0000000080000CDA] -> 0x00AE
[827] [M]: 0x0000000080000CD8 (0x00AE9E93) slli t4, t4, 0xa
x29 <- 0x0002FFFFFF7F0000

mem[X,0x0000000080000CDC] -> 0x8E93
mem[X,0x0000000080000CDE] -> 0x006E
[828] [M]: 0x0000000080000CDC (0x006E8E93) addi t4, t4, 0x6
x29 <- 0x0002FFFFFF7F0006

mem[X,0x0000000080000CE0] -> 0x7FBB
mem[X,0x0000000080000CE2] -> 0xB5DF
[829] [M]: 0x0000000080000CE0 (0xB5DF7FBB) pmulhsu.h.bo t6, t5, t4
x31 <- 0x000000FE00000000

mem[X,0x0000000080000CE4] -> 0xB823
mem[X,0x0000000080000CE6] -> 0x05F0
[830] [M]: 0x0000000080000CE4 (0x05F0B823) sd t6, 0x50(ra)
mem[0x0000000080004250] <- 0x000000FE00000000

mem[X,0x0000000080000CE8] -> 0x0F37
mem[X,0x0000000080000CEA] -> 0x0011
[831] [M]: 0x0000000080000CE8 (0x00110F37) lui t5, 0x110
x30 <- 0x0000000000110000

mem[X,0x0000000080000CEC] -> 0x0F13
mem[X,0x0000000080000CEE] -> 0xFF6F
[832] [M]: 0x0000000080000CEC (0xFF6F0F13) addi t5, t5, -0xa
x30 <- 0x000000000010FFF6

mem[X,0x0000000080000CF0] -> 0x1F13
mem[X,0x0000000080000CF2] -> 0x00BF
[833] [M]: 0x0000000080000CF0 (0x00BF1F13) slli t5, t5, 0xb
x30 <- 0x0000000087FFB000

mem[X,0x0000000080000CF4] -> 0x0F13
mem[X,0x0000000080000CF6] -> 0x200F
[834] [M]: 0x0000000080000CF4 (0x200F0F13) addi t5, t5, 0x200
x30 <- 0x0000000087FFB200

mem[X,0x0000000080000CF8] -> 0x1F13
mem[X,0x0000000080000CFA] -> 0x00BF
[835] [M]: 0x0000000080000CF8 (0x00BF1F13) slli t5, t5, 0xb
x30 <- 0x0000043FFD900000

mem[X,0x0000000080000CFC] -> 0x0F13
mem[X,0x0000000080000CFE] -> 0x002F
[836] [M]: 0x0000000080000CFC (0x002F0F13) addi t5, t5, 0x2
x30 <- 0x0000043FFD900002

mem[X,0x0000000080000D00] -> 0x1F13
mem[X,0x0000000080000D02] -> 0x00AF
[837] [M]: 0x0000000080000D00 (0x00AF1F13) slli t5, t5, 0xa
x30 <- 0x0010FFF640000800

mem[X,0x0000000080000D04] -> 0x0EB7
mem[X,0x0000000080000D06] -> 0x0009
[838] [M]: 0x0000000080000D04 (0x00090EB7) lui t4, 0x90
x29 <- 0x0000000000090000

mem[X,0x0000000080000D08] -> 0x8E93
mem[X,0x0000000080000D0A] -> 0xFBFE
[839] [M]: 0x0000000080000D08 (0xFBFE8E93) addi t4, t4, -0x41
x29 <- 0x000000000008FFBF

mem[X,0x0000000080000D0C] -> 0x9E93
mem[X,0x0000000080000D0E] -> 0x00BE
[840] [M]: 0x0000000080000D0C (0x00BE9E93) slli t4, t4, 0xb
x29 <- 0x0000000047FDF800

mem[X,0x0000000080000D10] -> 0x8E93
mem[X,0x0000000080000D12] -> 0x7FFE
[841] [M]: 0x0000000080000D10 (0x7FFE8E93) addi t4, t4, 0x7ff
x29 <- 0x0000000047FDFFFF

mem[X,0x0000000080000D14] -> 0x9E93
mem[X,0x0000000080000D16] -> 0x00BE
[842] [M]: 0x0000000080000D14 (0x00BE9E93) slli t4, t4, 0xb
x29 <- 0x0000023FEFFFF800

mem[X,0x0000000080000D18] -> 0x8E93
mem[X,0x0000000080000D1A] -> 0x63FE
[843] [M]: 0x0000000080000D18 (0x63FE8E93) addi t4, t4, 0x63f
x29 <- 0x0000023FEFFFFE3F

mem[X,0x0000000080000D1C] -> 0x9E93
mem[X,0x0000000080000D1E] -> 0x00AE
[844] [M]: 0x0000000080000D1C (0x00AE9E93) slli t4, t4, 0xa
x29 <- 0x0008FFBFFFF8FC00

mem[X,0x0000000080000D20] -> 0x8E93
mem[X,0x0000000080000D22] -> 0x3FBE
[845] [M]: 0x0000000080000D20 (0x3FBE8E93) addi t4, t4, 0x3fb
x29 <- 0x0008FFBFFFF8FFFB

mem[X,0x0000000080000D24] -> 0x7FBB
mem[X,0x0000000080000D26] -> 0xB5DF
[846] [M]: 0x0000000080000D24 (0xB5DF7FBB) pmulhsu.h.bo t6, t5, t4
x31 <- 0x000000FE003F0007

mem[X,0x0000000080000D28] -> 0xBC23
mem[X,0x0000000080000D2A] -> 0x05F0
[847] [M]: 0x0000000080000D28 (0x05F0BC23) sd t6, 0x58(ra)
mem[0x0000000080004258] <- 0x000000FE003F0007

mem[X,0x0000000080000D2C] -> 0x0F37
mem[X,0x0000000080000D2E] -> 0xFE00
[848] [M]: 0x0000000080000D2C (0xFE000F37) lui t5, -0x2000
x30 <- 0xFFFFFFFFFE000000

mem[X,0x0000000080000D30] -> 0x0F13
mem[X,0x0000000080000D32] -> 0xFFFF
[849] [M]: 0x0000000080000D30 (0xFFFF0F13) addi t5, t5, -0x1
x30 <- 0xFFFFFFFFFDFFFFFF

mem[X,0x0000000080000D34] -> 0x1F13
mem[X,0x0000000080000D36] -> 0x00BF
[850] [M]: 0x0000000080000D34 (0x00BF1F13) slli t5, t5, 0xb
x30 <- 0xFFFFFFEFFFFFF800

mem[X,0x0000000080000D38] -> 0x0F13
mem[X,0x0000000080000D3A] -> 0x7BFF
[851] [M]: 0x0000000080000D38 (0x7BFF0F13) addi t5, t5, 0x7bf
x30 <- 0xFFFFFFEFFFFFFFBF

mem[X,0x0000000080000D3C] -> 0x1F13
mem[X,0x0000000080000D3E] -> 0x00BF
[852] [M]: 0x0000000080000D3C (0x00BF1F13) slli t5, t5, 0xb
x30 <- 0xFFFF7FFFFFFDF800

mem[X,0x0000000080000D40] -> 0x0F13
mem[X,0x0000000080000D42] -> 0x7DFF
[853] [M]: 0x0000000080000D40 (0x7DFF0F13) addi t5, t5, 0x7df
x30 <- 0xFFFF7FFFFFFDFFDF

mem[X,0x0000000080000D44] -> 0x1F13
mem[X,0x0000000080000D46] -> 0x00AF
[854] [M]: 0x0000000080000D44 (0x00AF1F13) slli t5, t5, 0xa
x30 <- 0xFDFFFFFFF7FF7C00

mem[X,0x0000000080000D48] -> 0x0F13
mem[X,0x0000000080000D4A] -> 0x3FFF
[855] [M]: 0x0000000080000D48 (0x3FFF0F13) addi t5, t5, 0x3ff
x30 <- 0xFDFFFFFFF7FF7FFF

mem[X,0x0000000080000D4C] -> 0x0EB7
mem[X,0x0000000080000D4E] -> 0x0021
[856] [M]: 0x0000000080000D4C (0x00210EB7) lui t4, 0x210
x29 <- 0x0000000000210000

mem[X,0x0000000080000D50] -> 0x8E93
mem[X,0x0000000080000D52] -> 0xFF6E
[857] [M]: 0x0000000080000D50 (0xFF6E8E93) addi t4, t4, -0xa
x29 <- 0x000000000020FFF6

mem[X,0x0000000080000D54] -> 0x9E93
mem[X,0x0000000080000D56] -> 0x00BE
[858] [M]: 0x0000000080000D54 (0x00BE9E93) slli t4, t4, 0xb
x29 <- 0x0000000107FFB000

mem[X,0x0000000080000D58] -> 0x8E93
mem[X,0x0000000080000D5A] -> 0x008E
[859] [M]: 0x0000000080000D58 (0x008E8E93) addi t4, t4, 0x8
x29 <- 0x0000000107FFB008

mem[X,0x0000000080000D5C] -> 0x9E93
mem[X,0x0000000080000D5E] -> 0x00BE
[860] [M]: 0x0000000080000D5C (0x00BE9E93) slli t4, t4, 0xb
x29 <- 0x0000083FFD804000

mem[X,0x0000000080000D60] -> 0x8E93
mem[X,0x0000000080000D62] -> 0x000E
[861] [M]: 0x0000000080000D60 (0x000E8E93) addi t4, t4, 0x0
x29 <- 0x0000083FFD804000

mem[X,0x0000000080000D64] -> 0x9E93
mem[X,0x0000000080000D66] -> 0x00AE
[862] [M]: 0x0000000080000D64 (0x00AE9E93) slli t4, t4, 0xa
x29 <- 0x0020FFF601000000

mem[X,0x0000000080000D68] -> 0x8E93
mem[X,0x0000000080000D6A] -> 0x006E
[863] [M]: 0x0000000080000D68 (0x006E8E93) addi t4, t4, 0x6
x29 <- 0x0020FFF601000006

mem[X,0x0000000080000D6C] -> 0x7FBB
mem[X,0x0000000080000D6E] -> 0xB5DF
[864] [M]: 0x0000000080000D6C (0xB5DF7FBB) pmulhsu.h.bo t6, t5, t4
x31 <- 0x000000FE00000000

mem[X,0x0000000080000D70] -> 0xB023
mem[X,0x0000000080000D72] -> 0x07F0
[865] [M]: 0x0000000080000D70 (0x07F0B023) sd t6, 0x60(ra)
mem[0x0000000080004260] <- 0x000000FE00000000

mem[X,0x0000000080000D74] -> 0x0F37
mem[X,0x0000000080000D76] -> 0x0010
[866] [M]: 0x0000000080000D74 (0x00100F37) lui t5, 0x100
x30 <- 0x0000000000100000

mem[X,0x0000000080000D78] -> 0x0F13
mem[X,0x0000000080000D7A] -> 0x040F
[867] [M]: 0x0000000080000D78 (0x040F0F13) addi t5, t5, 0x40
x30 <- 0x0000000000100040

mem[X,0x0000000080000D7C] -> 0x1F13
mem[X,0x0000000080000D7E] -> 0x00BF
[868] [M]: 0x0000000080000D7C (0x00BF1F13) slli t5, t5, 0xb
x30 <- 0x0000000080020000

mem[X,0x0000000080000D80] -> 0x0F13
mem[X,0x0000000080000D82] -> 0x000F
[869] [M]: 0x0000000080000D80 (0x000F0F13) addi t5, t5, 0x0
x30 <- 0x0000000080020000

mem[X,0x0000000080000D84] -> 0x1F13
mem[X,0x0000000080000D86] -> 0x00BF
[870] [M]: 0x0000000080000D84 (0x00BF1F13) slli t5, t5, 0xb
x30 <- 0x0000040010000000

mem[X,0x0000000080000D88] -> 0x0F13
mem[X,0x0000000080000D8A] -> 0x1C0F
[871] [M]: 0x0000000080000D88 (0x1C0F0F13) addi t5, t5, 0x1c0
x30 <- 0x00000400100001C0

mem[X,0x0000000080000D8C] -> 0x1F13
mem[X,0x0000000080000D8E] -> 0x00AF
[872] [M]: 0x0000000080000D8C (0x00AF1F13) slli t5, t5, 0xa
x30 <- 0x0010004000070000

mem[X,0x0000000080000D90] -> 0x0F13
mem[X,0x0000000080000D92] -> 0x001F
[873] [M]: 0x0000000080000D90 (0x001F0F13) addi t5, t5, 0x1
x30 <- 0x0010004000070001

mem[X,0x0000000080000D94] -> 0x0EB7
mem[X,0x0000000080000D96] -> 0x0200
[874] [M]: 0x0000000080000D94 (0x02000EB7) lui t4, 0x2000
x29 <- 0x0000000002000000

mem[X,0x0000000080000D98] -> 0x8E93
mem[X,0x0000000080000D9A] -> 0x002E
[875] [M]: 0x0000000080000D98 (0x002E8E93) addi t4, t4, 0x2
x29 <- 0x0000000002000002

mem[X,0x0000000080000D9C] -> 0x9E93
mem[X,0x0000000080000D9E] -> 0x00BE
[876] [M]: 0x0000000080000D9C (0x00BE9E93) slli t4, t4, 0xb
x29 <- 0x0000001000001000

mem[X,0x0000000080000DA0] -> 0x8E93
mem[X,0x0000000080000DA2] -> 0x040E
[877] [M]: 0x0000000080000DA0 (0x040E8E93) addi t4, t4, 0x40
x29 <- 0x0000001000001040

mem[X,0x0000000080000DA4] -> 0x9E93
mem[X,0x0000000080000DA6] -> 0x00BE
[878] [M]: 0x0000000080000DA4 (0x00BE9E93) slli t4, t4, 0xb
x29 <- 0x0000800000820000

mem[X,0x0000000080000DA8] -> 0x8E93
mem[X,0x0000000080000DAA] -> 0x03FE
[879] [M]: 0x0000000080000DA8 (0x03FE8E93) addi t4, t4, 0x3f
x29 <- 0x000080000082003F

mem[X,0x0000000080000DAC] -> 0x9E93
mem[X,0x0000000080000DAE] -> 0x00AE
[880] [M]: 0x0000000080000DAC (0x00AE9E93) slli t4, t4, 0xa
x29 <- 0x020000020800FC00

mem[X,0x0000000080000DB0] -> 0x8E93
mem[X,0x0000000080000DB2] -> 0x3FDE
[881] [M]: 0x0000000080000DB0 (0x3FDE8E93) addi t4, t4, 0x3fd
x29 <- 0x020000020800FFFD

mem[X,0x0000000080000DB4] -> 0x7FBB
mem[X,0x0000000080000DB6] -> 0xB5DF
[882] [M]: 0x0000000080000DB4 (0xB5DF7FBB) pmulhsu.h.bo t6, t5, t4
x31 <- 0x0000000000000000

mem[X,0x0000000080000DB8] -> 0xB423
mem[X,0x0000000080000DBA] -> 0x07F0
[883] [M]: 0x0000000080000DB8 (0x07F0B423) sd t6, 0x68(ra)
mem[0x0000000080004268] <- 0x0000000000000000

mem[X,0x0000000080000DBC] -> 0x0F37
mem[X,0x0000000080000DBE] -> 0x7FFF
[884] [M]: 0x0000000080000DBC (0x7FFF0F37) lui t5, 0x7fff0
x30 <- 0x000000007FFF0000

mem[X,0x0000000080000DC0] -> 0x0F13
mem[X,0x0000000080000DC2] -> 0x200F
[885] [M]: 0x0000000080000DC0 (0x200F0F13) addi t5, t5, 0x200
x30 <- 0x000000007FFF0200

mem[X,0x0000000080000DC4] -> 0x1F13
mem[X,0x0000000080000DC6] -> 0x00BF
[886] [M]: 0x0000000080000DC4 (0x00BF1F13) slli t5, t5, 0xb
x30 <- 0x000003FFF8100000

mem[X,0x0000000080000DC8] -> 0x0F13
mem[X,0x0000000080000DCA] -> 0x000F
[887] [M]: 0x0000000080000DC8 (0x000F0F13) addi t5, t5, 0x0
x30 <- 0x000003FFF8100000

mem[X,0x0000000080000DCC] -> 0x1F13
mem[X,0x0000000080000DCE] -> 0x00BF
[888] [M]: 0x0000000080000DCC (0x00BF1F13) slli t5, t5, 0xb
x30 <- 0x001FFFC080000000

mem[X,0x0000000080000DD0] -> 0x0F13
mem[X,0x0000000080000DD2] -> 0x43EF
[889] [M]: 0x0000000080000DD0 (0x43EF0F13) addi t5, t5, 0x43e
x30 <- 0x001FFFC08000043E

mem[X,0x0000000080000DD4] -> 0x1F13
mem[X,0x0000000080000DD6] -> 0x00AF
[890] [M]: 0x0000000080000DD4 (0x00AF1F13) slli t5, t5, 0xa
x30 <- 0x7FFF02000010F800

mem[X,0x0000000080000DD8] -> 0x0F13
mem[X,0x0000000080000DDA] -> 0x3FFF
[891] [M]: 0x0000000080000DD8 (0x3FFF0F13) addi t5, t5, 0x3ff
x30 <- 0x7FFF02000010FBFF

mem[X,0x0000000080000DDC] -> 0x0EB7
mem[X,0x0000000080000DDE] -> 0x0401
[892] [M]: 0x0000000080000DDC (0x04010EB7) lui t4, 0x4010
x29 <- 0x0000000004010000

mem[X,0x0000000080000DE0] -> 0x8E93
mem[X,0x0000000080000DE2] -> 0xBFFE
[893] [M]: 0x0000000080000DE0 (0xBFFE8E93) addi t4, t4, -0x401
x29 <- 0x000000000400FBFF

mem[X,0x0000000080000DE4] -> 0x9E93
mem[X,0x0000000080000DE6] -> 0x00BE
[894] [M]: 0x0000000080000DE4 (0x00BE9E93) slli t4, t4, 0xb
x29 <- 0x0000002007DFF800

mem[X,0x0000000080000DE8] -> 0x8E93
mem[X,0x0000000080000DEA] -> 0x3FFE
[895] [M]: 0x0000000080000DE8 (0x3FFE8E93) addi t4, t4, 0x3ff
x29 <- 0x0000002007DFFBFF

mem[X,0x0000000080000DEC] -> 0x9E93
mem[X,0x0000000080000DEE] -> 0x00BE
[896] [M]: 0x0000000080000DEC (0x00BE9E93) slli t4, t4, 0xb
x29 <- 0x0001003EFFDFF800

mem[X,0x0000000080000DF0] -> 0x8E93
mem[X,0x0000000080000DF2] -> 0x7C0E
[897] [M]: 0x0000000080000DF0 (0x7C0E8E93) addi t4, t4, 0x7c0
x29 <- 0x0001003EFFDFFFC0

mem[X,0x0000000080000DF4] -> 0x9E93
mem[X,0x0000000080000DF6] -> 0x00AE
[898] [M]: 0x0000000080000DF4 (0x00AE9E93) slli t4, t4, 0xa
x29 <- 0x0400FBFF7FFF0000

mem[X,0x0000000080000DF8] -> 0x8E93
mem[X,0x0000000080000DFA] -> 0x004E
[899] [M]: 0x0000000080000DF8 (0x004E8E93) addi t4, t4, 0x4
x29 <- 0x0400FBFF7FFF0004

clint::tick mtime <- 0x0000000000000009
 clint timer pending at mtime 0x0000000000000009
htif::tick 0x0000000000000000
mem[X,0x0000000080000DFC] -> 0x7FBB
mem[X,0x0000000080000DFE] -> 0xB5DF
[900] [M]: 0x0000000080000DFC (0xB5DF7FBB) pmulhsu.h.bo t6, t5, t4
x31 <- 0x0001000100000000

mem[X,0x0000000080000E00] -> 0xB823
mem[X,0x0000000080000E02] -> 0x07F0
[901] [M]: 0x0000000080000E00 (0x07F0B823) sd t6, 0x70(ra)
mem[0x0000000080004270] <- 0x0001000100000000

mem[X,0x0000000080000E04] -> 0xCF37
mem[X,0x0000000080000E06] -> 0x8000
[902] [M]: 0x0000000080000E04 (0x8000CF37) lui t5, -0x7fff4
x30 <- 0xFFFFFFFF8000C000

mem[X,0x0000000080000E08] -> 0x0F13
mem[X,0x0000000080000E0A] -> 0xFFFF
[903] [M]: 0x0000000080000E08 (0xFFFF0F13) addi t5, t5, -0x1
x30 <- 0xFFFFFFFF8000BFFF

mem[X,0x0000000080000E0C] -> 0x1F13
mem[X,0x0000000080000E0E] -> 0x00BF
[904] [M]: 0x0000000080000E0C (0x00BF1F13) slli t5, t5, 0xb
x30 <- 0xFFFFFC0005FFF800

mem[X,0x0000000080000E10] -> 0x0F13
mem[X,0x0000000080000E12] -> 0x5FFF
[905] [M]: 0x0000000080000E10 (0x5FFF0F13) addi t5, t5, 0x5ff
x30 <- 0xFFFFFC0005FFFDFF

mem[X,0x0000000080000E14] -> 0x1F13
mem[X,0x0000000080000E16] -> 0x00BF
[906] [M]: 0x0000000080000E14 (0x00BF1F13) slli t5, t5, 0xb
x30 <- 0xFFE0002FFFEFF800

mem[X,0x0000000080000E18] -> 0x0F13
mem[X,0x0000000080000E1A] -> 0x7FFF
[907] [M]: 0x0000000080000E18 (0x7FFF0F13) addi t5, t5, 0x7ff
x30 <- 0xFFE0002FFFEFFFFF

mem[X,0x0000000080000E1C] -> 0x1F13
mem[X,0x0000000080000E1E] -> 0x00AF
[908] [M]: 0x0000000080000E1C (0x00AF1F13) slli t5, t5, 0xa
x30 <- 0x8000BFFFBFFFFC00

mem[X,0x0000000080000E20] -> 0x0F13
mem[X,0x0000000080000E22] -> 0x3EFF
[909] [M]: 0x0000000080000E20 (0x3EFF0F13) addi t5, t5, 0x3ef
x30 <- 0x8000BFFFBFFFFFEF

mem[X,0x0000000080000E24] -> 0x1EB7
mem[X,0x0000000080000E26] -> 0x2000
[910] [M]: 0x0000000080000E24 (0x20001EB7) lui t4, 0x20001
x29 <- 0x0000000020001000

mem[X,0x0000000080000E28] -> 0x8E93
mem[X,0x0000000080000E2A] -> 0x800E
[911] [M]: 0x0000000080000E28 (0x800E8E93) addi t4, t4, -0x800
x29 <- 0x0000000020000800

mem[X,0x0000000080000E2C] -> 0x9E93
mem[X,0x0000000080000E2E] -> 0x00BE
[912] [M]: 0x0000000080000E2C (0x00BE9E93) slli t4, t4, 0xb
x29 <- 0x0000010000400000

mem[X,0x0000000080000E30] -> 0x8E93
mem[X,0x0000000080000E32] -> 0x000E
[913] [M]: 0x0000000080000E30 (0x000E8E93) addi t4, t4, 0x0
x29 <- 0x0000010000400000

mem[X,0x0000000080000E34] -> 0x9E93
mem[X,0x0000000080000E36] -> 0x00BE
[914] [M]: 0x0000000080000E34 (0x00BE9E93) slli t4, t4, 0xb
x29 <- 0x0008000200000000

mem[X,0x0000000080000E38] -> 0x8E93
mem[X,0x0000000080000E3A] -> 0x200E
[915] [M]: 0x0000000080000E38 (0x200E8E93) addi t4, t4, 0x200
x29 <- 0x0008000200000200

mem[X,0x0000000080000E3C] -> 0x9E93
mem[X,0x0000000080000E3E] -> 0x00AE
[916] [M]: 0x0000000080000E3C (0x00AE9E93) slli t4, t4, 0xa
x29 <- 0x2000080000080000

mem[X,0x0000000080000E40] -> 0x8E93
mem[X,0x0000000080000E42] -> 0x004E
[917] [M]: 0x0000000080000E40 (0x004E8E93) addi t4, t4, 0x4
x29 <- 0x2000080000080004

mem[X,0x0000000080000E44] -> 0x7FBB
mem[X,0x0000000080000E46] -> 0xB5DF
[918] [M]: 0x0000000080000E44 (0xB5DF7FBB) pmulhsu.h.bo t6, t5, t4
x31 <- 0x0010000500000000

mem[X,0x0000000080000E48] -> 0xBC23
mem[X,0x0000000080000E4A] -> 0x07F0
[919] [M]: 0x0000000080000E48 (0x07F0BC23) sd t6, 0x78(ra)
mem[0x0000000080004278] <- 0x0010000500000000

mem[X,0x0000000080000E4C] -> 0x0F37
mem[X,0x0000000080000E4E] -> 0x8000
[920] [M]: 0x0000000080000E4C (0x80000F37) lui t5, -0x80000
x30 <- 0xFFFFFFFF80000000

mem[X,0x0000000080000E50] -> 0x0F13
mem[X,0x0000000080000E52] -> 0xFF7F
[921] [M]: 0x0000000080000E50 (0xFF7F0F13) addi t5, t5, -0x9
x30 <- 0xFFFFFFFF7FFFFFF7

mem[X,0x0000000080000E54] -> 0x1F13
mem[X,0x0000000080000E56] -> 0x00BF
[922] [M]: 0x0000000080000E54 (0x00BF1F13) slli t5, t5, 0xb
x30 <- 0xFFFFFBFFFFFFB800

mem[X,0x0000000080000E58] -> 0x0F13
mem[X,0x0000000080000E5A] -> 0x7FFF
[923] [M]: 0x0000000080000E58 (0x7FFF0F13) addi t5, t5, 0x7ff
x30 <- 0xFFFFFBFFFFFFBFFF

mem[X,0x0000000080000E5C] -> 0x1F13
mem[X,0x0000000080000E5E] -> 0x00BF
[924] [M]: 0x0000000080000E5C (0x00BF1F13) slli t5, t5, 0xb
x30 <- 0xFFDFFFFFFDFFF800

mem[X,0x0000000080000E60] -> 0x0F13
mem[X,0x0000000080000E62] -> 0x5C0F
[925] [M]: 0x0000000080000E60 (0x5C0F0F13) addi t5, t5, 0x5c0
x30 <- 0xFFDFFFFFFDFFFDC0

mem[X,0x0000000080000E64] -> 0x1F13
mem[X,0x0000000080000E66] -> 0x00AF
[926] [M]: 0x0000000080000E64 (0x00AF1F13) slli t5, t5, 0xa
x30 <- 0x7FFFFFF7FFF70000

mem[X,0x0000000080000E68] -> 0x0F13
mem[X,0x0000000080000E6A] -> 0x040F
[927] [M]: 0x0000000080000E68 (0x040F0F13) addi t5, t5, 0x40
x30 <- 0x7FFFFFF7FFF70040

mem[X,0x0000000080000E6C] -> 0x0EB7
mem[X,0x0000000080000E6E] -> 0x4001
[928] [M]: 0x0000000080000E6C (0x40010EB7) lui t4, 0x40010
x29 <- 0x0000000040010000

mem[X,0x0000000080000E70] -> 0x8E93
mem[X,0x0000000080000E72] -> 0xEFFE
[929] [M]: 0x0000000080000E70 (0xEFFE8E93) addi t4, t4, -0x101
x29 <- 0x000000004000FEFF

mem[X,0x0000000080000E74] -> 0x9E93
mem[X,0x0000000080000E76] -> 0x00BE
[930] [M]: 0x0000000080000E74 (0x00BE9E93) slli t4, t4, 0xb
x29 <- 0x0000020007F7F800

mem[X,0x0000000080000E78] -> 0x8E93
mem[X,0x0000000080000E7A] -> 0x080E
[931] [M]: 0x0000000080000E78 (0x080E8E93) addi t4, t4, 0x80
x29 <- 0x0000020007F7F880

mem[X,0x0000000080000E7C] -> 0x9E93
mem[X,0x0000000080000E7E] -> 0x00BE
[932] [M]: 0x0000000080000E7C (0x00BE9E93) slli t4, t4, 0xb
x29 <- 0x0010003FBFC40000

mem[X,0x0000000080000E80] -> 0x8E93
mem[X,0x0000000080000E82] -> 0x03FE
[933] [M]: 0x0000000080000E80 (0x03FE8E93) addi t4, t4, 0x3f
x29 <- 0x0010003FBFC4003F

mem[X,0x0000000080000E84] -> 0x9E93
mem[X,0x0000000080000E86] -> 0x00AE
[934] [M]: 0x0000000080000E84 (0x00AE9E93) slli t4, t4, 0xa
x29 <- 0x4000FEFF1000FC00

mem[X,0x0000000080000E88] -> 0x8E93
mem[X,0x0000000080000E8A] -> 0x3BFE
[935] [M]: 0x0000000080000E88 (0x3BFE8E93) addi t4, t4, 0x3bf
x29 <- 0x4000FEFF1000FFBF

mem[X,0x0000000080000E8C] -> 0x7FBB
mem[X,0x0000000080000E8E] -> 0xB5DF
[936] [M]: 0x0000000080000E8C (0xB5DF7FBB) pmulhsu.h.bo t6, t5, t4
x31 <- 0x001F00FD000F0000

mem[X,0x0000000080000E90] -> 0xB023
mem[X,0x0000000080000E92] -> 0x09F0
[937] [M]: 0x0000000080000E90 (0x09F0B023) sd t6, 0x80(ra)
mem[0x0000000080004280] <- 0x001F00FD000F0000

mem[X,0x0000000080000E94] -> 0x0F37
mem[X,0x0000000080000E96] -> 0x0007
[938] [M]: 0x0000000080000E94 (0x00070F37) lui t5, 0x70
x30 <- 0x0000000000070000

mem[X,0x0000000080000E98] -> 0x0F13
mem[X,0x0000000080000E9A] -> 0x400F
[939] [M]: 0x0000000080000E98 (0x400F0F13) addi t5, t5, 0x400
x30 <- 0x0000000000070400

mem[X,0x0000000080000E9C] -> 0x1F13
mem[X,0x0000000080000E9E] -> 0x00BF
[940] [M]: 0x0000000080000E9C (0x00BF1F13) slli t5, t5, 0xb
x30 <- 0x0000000038200000

mem[X,0x0000000080000EA0] -> 0x0F13
mem[X,0x0000000080000EA2] -> 0x000F
[941] [M]: 0x0000000080000EA0 (0x000F0F13) addi t5, t5, 0x0
x30 <- 0x0000000038200000

mem[X,0x0000000080000EA4] -> 0x1F13
mem[X,0x0000000080000EA6] -> 0x00BF
[942] [M]: 0x0000000080000EA4 (0x00BF1F13) slli t5, t5, 0xb
x30 <- 0x000001C100000000

mem[X,0x0000000080000EA8] -> 0x0F13
mem[X,0x0000000080000EAA] -> 0x181F
[943] [M]: 0x0000000080000EA8 (0x181F0F13) addi t5, t5, 0x181
x30 <- 0x000001C100000181

mem[X,0x0000000080000EAC] -> 0x1F13
mem[X,0x0000000080000EAE] -> 0x00AF
[944] [M]: 0x0000000080000EAC (0x00AF1F13) slli t5, t5, 0xa
x30 <- 0x0007040000060400

mem[X,0x0000000080000EB0] -> 0x0EB7
mem[X,0x0000000080000EB2] -> 0xFFFF
[945] [M]: 0x0000000080000EB0 (0xFFFF0EB7) lui t4, -0x10
x29 <- 0xFFFFFFFFFFFF0000

mem[X,0x0000000080000EB4] -> 0x8E93
mem[X,0x0000000080000EB6] -> 0xFFFE
[946] [M]: 0x0000000080000EB4 (0xFFFE8E93) addi t4, t4, -0x1
x29 <- 0xFFFFFFFFFFFEFFFF

mem[X,0x0000000080000EB8] -> 0x9E93
mem[X,0x0000000080000EBA] -> 0x00BE
[947] [M]: 0x0000000080000EB8 (0x00BE9E93) slli t4, t4, 0xb
x29 <- 0xFFFFFFFFF7FFF800

mem[X,0x0000000080000EBC] -> 0x8E93
mem[X,0x0000000080000EBE] -> 0x7FFE
[948] [M]: 0x0000000080000EBC (0x7FFE8E93) addi t4, t4, 0x7ff
x29 <- 0xFFFFFFFFF7FFFFFF

mem[X,0x0000000080000EC0] -> 0x9E93
mem[X,0x0000000080000EC2] -> 0x00BE
[949] [M]: 0x0000000080000EC0 (0x00BE9E93) slli t4, t4, 0xb
x29 <- 0xFFFFFFBFFFFFF800

mem[X,0x0000000080000EC4] -> 0x8E93
mem[X,0x0000000080000EC6] -> 0x73FE
[950] [M]: 0x0000000080000EC4 (0x73FE8E93) addi t4, t4, 0x73f
x29 <- 0xFFFFFFBFFFFFFF3F

mem[X,0x0000000080000EC8] -> 0x9E93
mem[X,0x0000000080000ECA] -> 0x00AE
[951] [M]: 0x0000000080000EC8 (0x00AE9E93) slli t4, t4, 0xa
x29 <- 0xFFFEFFFFFFFCFC00

mem[X,0x0000000080000ECC] -> 0x8E93
mem[X,0x0000000080000ECE] -> 0x3DFE
[952] [M]: 0x0000000080000ECC (0x3DFE8E93) addi t4, t4, 0x3df
x29 <- 0xFFFEFFFFFFFCFFDF

mem[X,0x0000000080000ED0] -> 0x7FBB
mem[X,0x0000000080000ED2] -> 0xB5DF
[953] [M]: 0x0000000080000ED0 (0xB5DF7FBB) pmulhsu.h.bo t6, t5, t4
x31 <- 0x0000000300000003

mem[X,0x0000000080000ED4] -> 0xB423
mem[X,0x0000000080000ED6] -> 0x09F0
[954] [M]: 0x0000000080000ED4 (0x09F0B423) sd t6, 0x88(ra)
mem[0x0000000080004288] <- 0x0000000300000003

mem[X,0x0000000080000ED8] -> 0x0F37
mem[X,0x0000000080000EDA] -> 0xEFFF
[955] [M]: 0x0000000080000ED8 (0xEFFF0F37) lui t5, -0x10010
x30 <- 0xFFFFFFFFEFFF0000

mem[X,0x0000000080000EDC] -> 0x0F13
mem[X,0x0000000080000EDE] -> 0x003F
[956] [M]: 0x0000000080000EDC (0x003F0F13) addi t5, t5, 0x3
x30 <- 0xFFFFFFFFEFFF0003

mem[X,0x0000000080000EE0] -> 0x1F13
mem[X,0x0000000080000EE2] -> 0x00BF
[957] [M]: 0x0000000080000EE0 (0x00BF1F13) slli t5, t5, 0xb
x30 <- 0xFFFFFF7FF8001800

mem[X,0x0000000080000EE4] -> 0x0F13
mem[X,0x0000000080000EE6] -> 0x2AAF
[958] [M]: 0x0000000080000EE4 (0x2AAF0F13) addi t5, t5, 0x2aa
x30 <- 0xFFFFFF7FF8001AAA

mem[X,0x0000000080000EE8] -> 0x1F13
mem[X,0x0000000080000EEA] -> 0x00BF
[959] [M]: 0x0000000080000EE8 (0x00BF1F13) slli t5, t5, 0xb
x30 <- 0xFFFBFFC000D55000

mem[X,0x0000000080000EEC] -> 0x0F13
mem[X,0x0000000080000EEE] -> 0x540F
[960] [M]: 0x0000000080000EEC (0x540F0F13) addi t5, t5, 0x540
x30 <- 0xFFFBFFC000D55540

mem[X,0x0000000080000EF0] -> 0x1F13
mem[X,0x0000000080000EF2] -> 0x00AF
[961] [M]: 0x0000000080000EF0 (0x00AF1F13) slli t5, t5, 0xa
x30 <- 0xEFFF000355550000

mem[X,0x0000000080000EF4] -> 0x0F13
mem[X,0x0000000080000EF6] -> 0x004F
[962] [M]: 0x0000000080000EF4 (0x004F0F13) addi t5, t5, 0x4
x30 <- 0xEFFF000355550004

mem[X,0x0000000080000EF8] -> 0x1EB7
mem[X,0x0000000080000EFA] -> 0xFFFB
[963] [M]: 0x0000000080000EF8 (0xFFFB1EB7) lui t4, -0x4f
x29 <- 0xFFFFFFFFFFFB1000

mem[X,0x0000000080000EFC] -> 0x8E93
mem[X,0x0000000080000EFE] -> 0x000E
[964] [M]: 0x0000000080000EFC (0x000E8E93) addi t4, t4, 0x0
x29 <- 0xFFFFFFFFFFFB1000

mem[X,0x0000000080000F00] -> 0x9E93
mem[X,0x0000000080000F02] -> 0x00BE
[965] [M]: 0x0000000080000F00 (0x00BE9E93) slli t4, t4, 0xb
x29 <- 0xFFFFFFFFD8800000

mem[X,0x0000000080000F04] -> 0x8E93
mem[X,0x0000000080000F06] -> 0x000E
[966] [M]: 0x0000000080000F04 (0x000E8E93) addi t4, t4, 0x0
x29 <- 0xFFFFFFFFD8800000

mem[X,0x0000000080000F08] -> 0x9E93
mem[X,0x0000000080000F0A] -> 0x00BE
[967] [M]: 0x0000000080000F08 (0x00BE9E93) slli t4, t4, 0xb
x29 <- 0xFFFFFEC400000000

mem[X,0x0000000080000F0C] -> 0x8E93
mem[X,0x0000000080000F0E] -> 0x020E
[968] [M]: 0x0000000080000F0C (0x020E8E93) addi t4, t4, 0x20
x29 <- 0xFFFFFEC400000020

mem[X,0x0000000080000F10] -> 0x9E93
mem[X,0x0000000080000F12] -> 0x00AE
[969] [M]: 0x0000000080000F10 (0x00AE9E93) slli t4, t4, 0xa
x29 <- 0xFFFB100000008000

mem[X,0x0000000080000F14] -> 0x7FBB
mem[X,0x0000000080000F16] -> 0xB5DF
[970] [M]: 0x0000000080000F14 (0xB5DF7FBB) pmulhsu.h.bo t6, t5, t4
x31 <- 0x00EF000000000000

mem[X,0x0000000080000F18] -> 0xB823
mem[X,0x0000000080000F1A] -> 0x09F0
[971] [M]: 0x0000000080000F18 (0x09F0B823) sd t6, 0x90(ra)
mem[0x0000000080004290] <- 0x00EF000000000000

mem[X,0x0000000080000F1C] -> 0x0F37
mem[X,0x0000000080000F1E] -> 0x0010
[972] [M]: 0x0000000080000F1C (0x00100F37) lui t5, 0x100
x30 <- 0x0000000000100000

mem[X,0x0000000080000F20] -> 0x0F13
mem[X,0x0000000080000F22] -> 0x400F
[973] [M]: 0x0000000080000F20 (0x400F0F13) addi t5, t5, 0x400
x30 <- 0x0000000000100400

mem[X,0x0000000080000F24] -> 0x1F13
mem[X,0x0000000080000F26] -> 0x00BF
[974] [M]: 0x0000000080000F24 (0x00BF1F13) slli t5, t5, 0xb
x30 <- 0x0000000080200000

mem[X,0x0000000080000F28] -> 0x0F13
mem[X,0x0000000080000F2A] -> 0x400F
[975] [M]: 0x0000000080000F28 (0x400F0F13) addi t5, t5, 0x400
x30 <- 0x0000000080200400

mem[X,0x0000000080000F2C] -> 0x1F13
mem[X,0x0000000080000F2E] -> 0x00BF
[976] [M]: 0x0000000080000F2C (0x00BF1F13) slli t5, t5, 0xb
x30 <- 0x0000040100200000

mem[X,0x0000000080000F30] -> 0x0F13
mem[X,0x0000000080000F32] -> 0x000F
[977] [M]: 0x0000000080000F30 (0x000F0F13) addi t5, t5, 0x0
x30 <- 0x0000040100200000

mem[X,0x0000000080000F34] -> 0x1F13
mem[X,0x0000000080000F36] -> 0x00AF
[978] [M]: 0x0000000080000F34 (0x00AF1F13) slli t5, t5, 0xa
x30 <- 0x0010040080000000

mem[X,0x0000000080000F38] -> 0x0F13
mem[X,0x0000000080000F3A] -> 0x005F
[979] [M]: 0x0000000080000F38 (0x005F0F13) addi t5, t5, 0x5
x30 <- 0x0010040080000005

mem[X,0x0000000080000F3C] -> 0x0EB7
mem[X,0x0000000080000F3E] -> 0xFF80
[980] [M]: 0x0000000080000F3C (0xFF800EB7) lui t4, -0x800
x29 <- 0xFFFFFFFFFF800000

mem[X,0x0000000080000F40] -> 0x8E93
mem[X,0x0000000080000F42] -> 0xDFFE
[981] [M]: 0x0000000080000F40 (0xDFFE8E93) addi t4, t4, -0x201
x29 <- 0xFFFFFFFFFF7FFDFF

mem[X,0x0000000080000F44] -> 0x9E93
mem[X,0x0000000080000F46] -> 0x00BE
[982] [M]: 0x0000000080000F44 (0x00BE9E93) slli t4, t4, 0xb
x29 <- 0xFFFFFFFBFFEFF800

mem[X,0x0000000080000F48] -> 0x8E93
mem[X,0x0000000080000F4A] -> 0x7DFE
[983] [M]: 0x0000000080000F48 (0x7DFE8E93) addi t4, t4, 0x7df
x29 <- 0xFFFFFFFBFFEFFFDF

mem[X,0x0000000080000F4C] -> 0x9E93
mem[X,0x0000000080000F4E] -> 0x00BE
[984] [M]: 0x0000000080000F4C (0x00BE9E93) slli t4, t4, 0xb
x29 <- 0xFFFFDFFF7FFEF800

mem[X,0x0000000080000F50] -> 0x8E93
mem[X,0x0000000080000F52] -> 0x7C0E
[985] [M]: 0x0000000080000F50 (0x7C0E8E93) addi t4, t4, 0x7c0
x29 <- 0xFFFFDFFF7FFEFFC0

mem[X,0x0000000080000F54] -> 0x9E93
mem[X,0x0000000080000F56] -> 0x00AE
[986] [M]: 0x0000000080000F54 (0x00AE9E93) slli t4, t4, 0xa
x29 <- 0xFF7FFDFFFBFF0000

mem[X,0x0000000080000F58] -> 0x8E93
mem[X,0x0000000080000F5A] -> 0x040E
[987] [M]: 0x0000000080000F58 (0x040E8E93) addi t4, t4, 0x40
x29 <- 0xFF7FFDFFFBFF0040

mem[X,0x0000000080000F5C] -> 0x7FBB
mem[X,0x0000000080000F5E] -> 0xB5DF
[988] [M]: 0x0000000080000F5C (0xB5DF7FBB) pmulhsu.h.bo t6, t5, t4
x31 <- 0x00000003007D0000

mem[X,0x0000000080000F60] -> 0xBC23
mem[X,0x0000000080000F62] -> 0x09F0
[989] [M]: 0x0000000080000F60 (0x09F0BC23) sd t6, 0x98(ra)
mem[0x0000000080004298] <- 0x00000003007D0000

mem[X,0x0000000080000F64] -> 0x8F37
mem[X,0x0000000080000F66] -> 0x0000
[990] [M]: 0x0000000080000F64 (0x00008F37) lui t5, 0x8
x30 <- 0x0000000000008000

mem[X,0x0000000080000F68] -> 0x0F13
mem[X,0x0000000080000F6A] -> 0xFFFF
[991] [M]: 0x0000000080000F68 (0xFFFF0F13) addi t5, t5, -0x1
x30 <- 0x0000000000007FFF

mem[X,0x0000000080000F6C] -> 0x1F13
mem[X,0x0000000080000F6E] -> 0x00BF
[992] [M]: 0x0000000080000F6C (0x00BF1F13) slli t5, t5, 0xb
x30 <- 0x0000000003FFF800

mem[X,0x0000000080000F70] -> 0x0F13
mem[X,0x0000000080000F72] -> 0x7FFF
[993] [M]: 0x0000000080000F70 (0x7FFF0F13) addi t5, t5, 0x7ff
x30 <- 0x0000000003FFFFFF

mem[X,0x0000000080000F74] -> 0x1F13
mem[X,0x0000000080000F76] -> 0x00BF
[994] [M]: 0x0000000080000F74 (0x00BF1F13) slli t5, t5, 0xb
x30 <- 0x0000001FFFFFF800

mem[X,0x0000000080000F78] -> 0x0F13
mem[X,0x0000000080000F7A] -> 0x73FF
[995] [M]: 0x0000000080000F78 (0x73FF0F13) addi t5, t5, 0x73f
x30 <- 0x0000001FFFFFFF3F

mem[X,0x0000000080000F7C] -> 0x1F13
mem[X,0x0000000080000F7E] -> 0x00AF
[996] [M]: 0x0000000080000F7C (0x00AF1F13) slli t5, t5, 0xa
x30 <- 0x00007FFFFFFCFC00

mem[X,0x0000000080000F80] -> 0x0F13
mem[X,0x0000000080000F82] -> 0x3FCF
[997] [M]: 0x0000000080000F80 (0x3FCF0F13) addi t5, t5, 0x3fc
x30 <- 0x00007FFFFFFCFFFC

mem[X,0x0000000080000F84] -> 0x2EB7
mem[X,0x0000000080000F86] -> 0xF7FF
[998] [M]: 0x0000000080000F84 (0xF7FF2EB7) lui t4, -0x800e
x29 <- 0xFFFFFFFFF7FF2000

mem[X,0x0000000080000F88] -> 0x8E93
mem[X,0x0000000080000F8A] -> 0x000E
[999] [M]: 0x0000000080000F88 (0x000E8E93) addi t4, t4, 0x0
x29 <- 0xFFFFFFFFF7FF2000

clint::tick mtime <- 0x000000000000000A
 clint timer pending at mtime 0x000000000000000A
htif::tick 0x0000000000000000
mem[X,0x0000000080000F8C] -> 0x9E93
mem[X,0x0000000080000F8E] -> 0x00BE
[1000] [M]: 0x0000000080000F8C (0x00BE9E93) slli t4, t4, 0xb
x29 <- 0xFFFFFFBFF9000000

mem[X,0x0000000080000F90] -> 0x8E93
mem[X,0x0000000080000F92] -> 0x008E
[1001] [M]: 0x0000000080000F90 (0x008E8E93) addi t4, t4, 0x8
x29 <- 0xFFFFFFBFF9000008

mem[X,0x0000000080000F94] -> 0x9E93
mem[X,0x0000000080000F96] -> 0x00BE
[1002] [M]: 0x0000000080000F94 (0x00BE9E93) slli t4, t4, 0xb
x29 <- 0xFFFDFFC800004000

mem[X,0x0000000080000F98] -> 0x8E93
mem[X,0x0000000080000F9A] -> 0x000E
[1003] [M]: 0x0000000080000F98 (0x000E8E93) addi t4, t4, 0x0
x29 <- 0xFFFDFFC800004000

mem[X,0x0000000080000F9C] -> 0x9E93
mem[X,0x0000000080000F9E] -> 0x00AE
[1004] [M]: 0x0000000080000F9C (0x00AE9E93) slli t4, t4, 0xa
x29 <- 0xF7FF200001000000

mem[X,0x0000000080000FA0] -> 0x8E93
mem[X,0x0000000080000FA2] -> 0x002E
[1005] [M]: 0x0000000080000FA0 (0x002E8E93) addi t4, t4, 0x2
x29 <- 0xF7FF200001000002

mem[X,0x0000000080000FA4] -> 0x7FBB
mem[X,0x0000000080000FA6] -> 0xB5DF
[1006] [M]: 0x0000000080000FA4 (0xB5DF7FBB) pmulhsu.h.bo t6, t5, t4
x31 <- 0x0000000F00000000

mem[X,0x0000000080000FA8] -> 0xB023
mem[X,0x0000000080000FAA] -> 0x0BF0
[1007] [M]: 0x0000000080000FA8 (0x0BF0B023) sd t6, 0xa0(ra)
mem[0x00000000800042A0] <- 0x0000000F00000000

mem[X,0x0000000080000FAC] -> 0x0F37
mem[X,0x0000000080000FAE] -> 0xFFFF
[1008] [M]: 0x0000000080000FAC (0xFFFF0F37) lui t5, -0x10
x30 <- 0xFFFFFFFFFFFF0000

mem[X,0x0000000080000FB0] -> 0x0F13
mem[X,0x0000000080000FB2] -> 0xFFCF
[1009] [M]: 0x0000000080000FB0 (0xFFCF0F13) addi t5, t5, -0x4
x30 <- 0xFFFFFFFFFFFEFFFC

mem[X,0x0000000080000FB4] -> 0x1F13
mem[X,0x0000000080000FB6] -> 0x00BF
[1010] [M]: 0x0000000080000FB4 (0x00BF1F13) slli t5, t5, 0xb
x30 <- 0xFFFFFFFFF7FFE000

mem[X,0x0000000080000FB8] -> 0x0F13
mem[X,0x0000000080000FBA] -> 0x000F
[1011] [M]: 0x0000000080000FB8 (0x000F0F13) addi t5, t5, 0x0
x30 <- 0xFFFFFFFFF7FFE000

mem[X,0x0000000080000FBC] -> 0x1F13
mem[X,0x0000000080000FBE] -> 0x00BF
[1012] [M]: 0x0000000080000FBC (0x00BF1F13) slli t5, t5, 0xb
x30 <- 0xFFFFFFBFFF000000

mem[X,0x0000000080000FC0] -> 0x0F13
mem[X,0x0000000080000FC2] -> 0x07FF
[1013] [M]: 0x0000000080000FC0 (0x07FF0F13) addi t5, t5, 0x7f
x30 <- 0xFFFFFFBFFF00007F

mem[X,0x0000000080000FC4] -> 0x1F13
mem[X,0x0000000080000FC6] -> 0x00AF
[1014] [M]: 0x0000000080000FC4 (0x00AF1F13) slli t5, t5, 0xa
x30 <- 0xFFFEFFFC0001FC00

mem[X,0x0000000080000FC8] -> 0x0F13
mem[X,0x0000000080000FCA] -> 0x37FF
[1015] [M]: 0x0000000080000FC8 (0x37FF0F13) addi t5, t5, 0x37f
x30 <- 0xFFFEFFFC0001FF7F

mem[X,0x0000000080000FCC] -> 0xFEB7
mem[X,0x0000000080000FCE] -> 0xDFFF
[1016] [M]: 0x0000000080000FCC (0xDFFFFEB7) lui t4, -0x20001
x29 <- 0xFFFFFFFFDFFFF000

mem[X,0x0000000080000FD0] -> 0x8E93
mem[X,0x0000000080000FD2] -> 0x7FFE
[1017] [M]: 0x0000000080000FD0 (0x7FFE8E93) addi t4, t4, 0x7ff
x29 <- 0xFFFFFFFFDFFFF7FF

mem[X,0x0000000080000FD4] -> 0x9E93
mem[X,0x0000000080000FD6] -> 0x00BE
[1018] [M]: 0x0000000080000FD4 (0x00BE9E93) slli t4, t4, 0xb
x29 <- 0xFFFFFEFFFFBFF800

mem[X,0x0000000080000FD8] -> 0x8E93
mem[X,0x0000000080000FDA] -> 0x7FFE
[1019] [M]: 0x0000000080000FD8 (0x7FFE8E93) addi t4, t4, 0x7ff
x29 <- 0xFFFFFEFFFFBFFFFF

mem[X,0x0000000080000FDC] -> 0x9E93
mem[X,0x0000000080000FDE] -> 0x00BE
[1020] [M]: 0x0000000080000FDC (0x00BE9E93) slli t4, t4, 0xb
x29 <- 0xFFF7FFFDFFFFF800

mem[X,0x0000000080000FE0] -> 0x8E93
mem[X,0x0000000080000FE2] -> 0x644E
[1021] [M]: 0x0000000080000FE0 (0x644E8E93) addi t4, t4, 0x644
x29 <- 0xFFF7FFFDFFFFFE44

mem[X,0x0000000080000FE4] -> 0x9E93
mem[X,0x0000000080000FE6] -> 0x00AE
[1022] [M]: 0x0000000080000FE4 (0x00AE9E93) slli t4, t4, 0xa
x29 <- 0xDFFFF7FFFFF91000

mem[X,0x0000000080000FE8] -> 0x7FBB
mem[X,0x0000000080000FEA] -> 0xB5DF
[1023] [M]: 0x0000000080000FE8 (0xB5DF7FBB) pmulhsu.h.bo t6, t5, t4
x31 <- 0x00DE00F60000000F

mem[X,0x0000000080000FEC] -> 0xB423
mem[X,0x0000000080000FEE] -> 0x0BF0
[1024] [M]: 0x0000000080000FEC (0x0BF0B423) sd t6, 0xa8(ra)
mem[0x00000000800042A8] <- 0x00DE00F60000000F

mem[X,0x0000000080000FF0] -> 0x2F37
mem[X,0x0000000080000FF2] -> 0x0200
[1025] [M]: 0x0000000080000FF0 (0x02002F37) lui t5, 0x2002
x30 <- 0x0000000002002000

mem[X,0x0000000080000FF4] -> 0x0F13
mem[X,0x0000000080000FF6] -> 0x000F
[1026] [M]: 0x0000000080000FF4 (0x000F0F13) addi t5, t5, 0x0
x30 <- 0x0000000002002000

mem[X,0x0000000080000FF8] -> 0x1F13
mem[X,0x0000000080000FFA] -> 0x00BF
[1027] [M]: 0x0000000080000FF8 (0x00BF1F13) slli t5, t5, 0xb
x30 <- 0x0000001001000000

mem[X,0x0000000080000FFC] -> 0x0F13
mem[X,0x0000000080000FFE] -> 0x7FBF
[1028] [M]: 0x0000000080000FFC (0x7FBF0F13) addi t5, t5, 0x7fb
x30 <- 0x00000010010007FB

mem[X,0x0000000080001000] -> 0x1F13
mem[X,0x0000000080001002] -> 0x00BF
[1029] [M]: 0x0000000080001000 (0x00BF1F13) slli t5, t5, 0xb
x30 <- 0x00008008003FD800

mem[X,0x0000000080001004] -> 0x0F13
mem[X,0x0000000080001006] -> 0x7C1F
[1030] [M]: 0x0000000080001004 (0x7C1F0F13) addi t5, t5, 0x7c1
x30 <- 0x00008008003FDFC1

mem[X,0x0000000080001008] -> 0x1F13
mem[X,0x000000008000100A] -> 0x00AF
[1031] [M]: 0x0000000080001008 (0x00AF1F13) slli t5, t5, 0xa
x30 <- 0x02002000FF7F0400

mem[X,0x000000008000100C] -> 0x0EB7
mem[X,0x000000008000100E] -> 0xAAAB
[1032] [M]: 0x000000008000100C (0xAAAB0EB7) lui t4, -0x55550
x29 <- 0xFFFFFFFFAAAB0000

mem[X,0x0000000080001010] -> 0x8E93
mem[X,0x0000000080001012] -> 0xFFDE
[1033] [M]: 0x0000000080001010 (0xFFDE8E93) addi t4, t4, -0x3
x29 <- 0xFFFFFFFFAAAAFFFD

mem[X,0x0000000080001014] -> 0x9E93
mem[X,0x0000000080001016] -> 0x00BE
[1034] [M]: 0x0000000080001014 (0x00BE9E93) slli t4, t4, 0xb
x29 <- 0xFFFFFD5557FFE800

mem[X,0x0000000080001018] -> 0x8E93
mem[X,0x000000008000101A] -> 0x1FFE
[1035] [M]: 0x0000000080001018 (0x1FFE8E93) addi t4, t4, 0x1ff
x29 <- 0xFFFFFD5557FFE9FF

mem[X,0x000000008000101C] -> 0x9E93
mem[X,0x000000008000101E] -> 0x00BE
[1036] [M]: 0x000000008000101C (0x00BE9E93) slli t4, t4, 0xb
x29 <- 0xFFEAAABFFF4FF800

mem[X,0x0000000080001020] -> 0x8E93
mem[X,0x0000000080001022] -> 0x7C2E
[1037] [M]: 0x0000000080001020 (0x7C2E8E93) addi t4, t4, 0x7c2
x29 <- 0xFFEAAABFFF4FFFC2

mem[X,0x0000000080001024] -> 0x9E93
mem[X,0x0000000080001026] -> 0x00AE
[1038] [M]: 0x0000000080001024 (0x00AE9E93) slli t4, t4, 0xa
x29 <- 0xAAAAFFFD3FFF0800

mem[X,0x0000000080001028] -> 0x7FBB
mem[X,0x000000008000102A] -> 0xB5DF
[1039] [M]: 0x0000000080001028 (0xB5DF7FBB) pmulhsu.h.bo t6, t5, t4
x31 <- 0x0001001F003E0000

mem[X,0x000000008000102C] -> 0xB823
mem[X,0x000000008000102E] -> 0x0BF0
[1040] [M]: 0x000000008000102C (0x0BF0B823) sd t6, 0xb0(ra)
mem[0x00000000800042B0] <- 0x0001001F003E0000

mem[X,0x0000000080001030] -> 0x5F37
mem[X,0x0000000080001032] -> 0xFFFD
[1041] [M]: 0x0000000080001030 (0xFFFD5F37) lui t5, -0x2b
x30 <- 0xFFFFFFFFFFFD5000

mem[X,0x0000000080001034] -> 0x0F13
mem[X,0x0000000080001036] -> 0x555F
[1042] [M]: 0x0000000080001034 (0x555F0F13) addi t5, t5, 0x555
x30 <- 0xFFFFFFFFFFFD5555

mem[X,0x0000000080001038] -> 0x1F13
mem[X,0x000000008000103A] -> 0x00BF
[1043] [M]: 0x0000000080001038 (0x00BF1F13) slli t5, t5, 0xb
x30 <- 0xFFFFFFFFEAAAA800

mem[X,0x000000008000103C] -> 0x0F13
mem[X,0x000000008000103E] -> 0x3FFF
[1044] [M]: 0x000000008000103C (0x3FFF0F13) addi t5, t5, 0x3ff
x30 <- 0xFFFFFFFFEAAAABFF

mem[X,0x0000000080001040] -> 0x1F13
mem[X,0x0000000080001042] -> 0x00BF
[1045] [M]: 0x0000000080001040 (0x00BF1F13) slli t5, t5, 0xb
x30 <- 0xFFFFFF55555FF800

mem[X,0x0000000080001044] -> 0x0F13
mem[X,0x0000000080001046] -> 0x7EAF
[1046] [M]: 0x0000000080001044 (0x7EAF0F13) addi t5, t5, 0x7ea
x30 <- 0xFFFFFF55555FFFEA

mem[X,0x0000000080001048] -> 0x1F13
mem[X,0x000000008000104A] -> 0x00AF
[1047] [M]: 0x0000000080001048 (0x00AF1F13) slli t5, t5, 0xa
x30 <- 0xFFFD55557FFFA800

mem[X,0x000000008000104C] -> 0x0F13
mem[X,0x000000008000104E] -> 0x2AAF
[1048] [M]: 0x000000008000104C (0x2AAF0F13) addi t5, t5, 0x2aa
x30 <- 0xFFFD55557FFFAAAA

mem[X,0x0000000080001050] -> 0xCEB7
mem[X,0x0000000080001052] -> 0x0007
[1049] [M]: 0x0000000080001050 (0x0007CEB7) lui t4, 0x7c
x29 <- 0x000000000007C000

mem[X,0x0000000080001054] -> 0x8E93
mem[X,0x0000000080001056] -> 0xFFFE
[1050] [M]: 0x0000000080001054 (0xFFFE8E93) addi t4, t4, -0x1
x29 <- 0x000000000007BFFF

mem[X,0x0000000080001058] -> 0x9E93
mem[X,0x000000008000105A] -> 0x00BE
[1051] [M]: 0x0000000080001058 (0x00BE9E93) slli t4, t4, 0xb
x29 <- 0x000000003DFFF800

mem[X,0x000000008000105C] -> 0x8E93
mem[X,0x000000008000105E] -> 0x008E
[1052] [M]: 0x000000008000105C (0x008E8E93) addi t4, t4, 0x8
x29 <- 0x000000003DFFF808

mem[X,0x0000000080001060] -> 0x9E93
mem[X,0x0000000080001062] -> 0x00BE
[1053] [M]: 0x0000000080001060 (0x00BE9E93) slli t4, t4, 0xb
x29 <- 0x000001EFFFC04000

mem[X,0x0000000080001064] -> 0x8E93
mem[X,0x0000000080001066] -> 0x020E
[1054] [M]: 0x0000000080001064 (0x020E8E93) addi t4, t4, 0x20
x29 <- 0x000001EFFFC04020

mem[X,0x0000000080001068] -> 0x9E93
mem[X,0x000000008000106A] -> 0x00AE
[1055] [M]: 0x0000000080001068 (0x00AE9E93) slli t4, t4, 0xa
x29 <- 0x0007BFFF01008000

mem[X,0x000000008000106C] -> 0x7FBB
mem[X,0x000000008000106E] -> 0xB5DF
[1056] [M]: 0x000000008000106C (0xB5DF7FBB) pmulhsu.h.bo t6, t5, t4
x31 <- 0x0000003F00000055

mem[X,0x0000000080001070] -> 0xBC23
mem[X,0x0000000080001072] -> 0x0BF0
[1057] [M]: 0x0000000080001070 (0x0BF0BC23) sd t6, 0xb8(ra)
mem[0x00000000800042B8] <- 0x0000003F00000055

mem[X,0x0000000080001074] -> 0x0F37
mem[X,0x0000000080001076] -> 0xFFF9
[1058] [M]: 0x0000000080001074 (0xFFF90F37) lui t5, -0x70
x30 <- 0xFFFFFFFFFFF90000

mem[X,0x0000000080001078] -> 0x0F13
mem[X,0x000000008000107A] -> 0x007F
[1059] [M]: 0x0000000080001078 (0x007F0F13) addi t5, t5, 0x7
x30 <- 0xFFFFFFFFFFF90007

mem[X,0x000000008000107C] -> 0x1F13
mem[X,0x000000008000107E] -> 0x00BF
[1060] [M]: 0x000000008000107C (0x00BF1F13) slli t5, t5, 0xb
x30 <- 0xFFFFFFFFC8003800

mem[X,0x0000000080001080] -> 0x0F13
mem[X,0x0000000080001082] -> 0x000F
[1061] [M]: 0x0000000080001080 (0x000F0F13) addi t5, t5, 0x0
x30 <- 0xFFFFFFFFC8003800

mem[X,0x0000000080001084] -> 0x1F13
mem[X,0x0000000080001086] -> 0x00BF
[1062] [M]: 0x0000000080001084 (0x00BF1F13) slli t5, t5, 0xb
x30 <- 0xFFFFFE4001C00000

mem[X,0x0000000080001088] -> 0x0F13
mem[X,0x000000008000108A] -> 0x08FF
[1063] [M]: 0x0000000080001088 (0x08FF0F13) addi t5, t5, 0x8f
x30 <- 0xFFFFFE4001C0008F

mem[X,0x000000008000108C] -> 0x1F13
mem[X,0x000000008000108E] -> 0x00AF
[1064] [M]: 0x000000008000108C (0x00AF1F13) slli t5, t5, 0xa
x30 <- 0xFFF9000700023C00

mem[X,0x0000000080001090] -> 0x0F13
mem[X,0x0000000080001092] -> 0x3FFF
[1065] [M]: 0x0000000080001090 (0x3FFF0F13) addi t5, t5, 0x3ff
x30 <- 0xFFF9000700023FFF

mem[X,0x0000000080001094] -> 0x5EB7
mem[X,0x0000000080001096] -> 0x4055
[1066] [M]: 0x0000000080001094 (0x40555EB7) lui t4, 0x40555
x29 <- 0x0000000040555000

mem[X,0x0000000080001098] -> 0x8E93
mem[X,0x000000008000109A] -> 0x501E
[1067] [M]: 0x0000000080001098 (0x501E8E93) addi t4, t4, 0x501
x29 <- 0x0000000040555501

mem[X,0x000000008000109C] -> 0x9E93
mem[X,0x000000008000109E] -> 0x019E
[1068] [M]: 0x000000008000109C (0x019E9E93) slli t4, t4, 0x19
x29 <- 0x0080AAAA02000000

mem[X,0x00000000800010A0] -> 0x7FBB
mem[X,0x00000000800010A2] -> 0xB5DF
[1069] [M]: 0x00000000800010A0 (0xB5DF7FBB) pmulhsu.h.bo t6, t5, t4
x31 <- 0x0000000000000000

mem[X,0x00000000800010A4] -> 0xB023
mem[X,0x00000000800010A6] -> 0x0DF0
[1070] [M]: 0x00000000800010A4 (0x0DF0B023) sd t6, 0xc0(ra)
mem[0x00000000800042C0] <- 0x0000000000000000

mem[X,0x00000000800010A8] -> 0xFF37
mem[X,0x00000000800010AA] -> 0x0010
[1071] [M]: 0x00000000800010A8 (0x0010FF37) lui t5, 0x10f
x30 <- 0x000000000010F000

mem[X,0x00000000800010AC] -> 0x0F13
mem[X,0x00000000800010AE] -> 0x7FFF
[1072] [M]: 0x00000000800010AC (0x7FFF0F13) addi t5, t5, 0x7ff
x30 <- 0x000000000010F7FF

mem[X,0x00000000800010B0] -> 0x1F13
mem[X,0x00000000800010B2] -> 0x00BF
[1073] [M]: 0x00000000800010B0 (0x00BF1F13) slli t5, t5, 0xb
x30 <- 0x0000000087BFF800

mem[X,0x00000000800010B4] -> 0x0F13
mem[X,0x00000000800010B6] -> 0x000F
[1074] [M]: 0x00000000800010B4 (0x000F0F13) addi t5, t5, 0x0
x30 <- 0x0000000087BFF800

mem[X,0x00000000800010B8] -> 0x1F13
mem[X,0x00000000800010BA] -> 0x00BF
[1075] [M]: 0x00000000800010B8 (0x00BF1F13) slli t5, t5, 0xb
x30 <- 0x0000043DFFC00000

mem[X,0x00000000800010BC] -> 0x0F13
mem[X,0x00000000800010BE] -> 0x130F
[1076] [M]: 0x00000000800010BC (0x130F0F13) addi t5, t5, 0x130
x30 <- 0x0000043DFFC00130

mem[X,0x00000000800010C0] -> 0x1F13
mem[X,0x00000000800010C2] -> 0x00AF
[1077] [M]: 0x00000000800010C0 (0x00AF1F13) slli t5, t5, 0xa
x30 <- 0x0010F7FF0004C000

mem[X,0x00000000800010C4] -> 0x0EB7
mem[X,0x00000000800010C6] -> 0xFFFC
[1078] [M]: 0x00000000800010C4 (0xFFFC0EB7) lui t4, -0x40
x29 <- 0xFFFFFFFFFFFC0000

mem[X,0x00000000800010C8] -> 0x8E93
mem[X,0x00000000800010CA] -> 0xFF6E
[1079] [M]: 0x00000000800010C8 (0xFF6E8E93) addi t4, t4, -0xa
x29 <- 0xFFFFFFFFFFFBFFF6

mem[X,0x00000000800010CC] -> 0x9E93
mem[X,0x00000000800010CE] -> 0x00BE
[1080] [M]: 0x00000000800010CC (0x00BE9E93) slli t4, t4, 0xb
x29 <- 0xFFFFFFFFDFFFB000

mem[X,0x00000000800010D0] -> 0x8E93
mem[X,0x00000000800010D2] -> 0x555E
[1081] [M]: 0x00000000800010D0 (0x555E8E93) addi t4, t4, 0x555
x29 <- 0xFFFFFFFFDFFFB555

mem[X,0x00000000800010D4] -> 0x9E93
mem[X,0x00000000800010D6] -> 0x00BE
[1082] [M]: 0x00000000800010D4 (0x00BE9E93) slli t4, t4, 0xb
x29 <- 0xFFFFFEFFFDAAA800

mem[X,0x00000000800010D8] -> 0x8E93
mem[X,0x00000000800010DA] -> 0x2BBE
[1083] [M]: 0x00000000800010D8 (0x2BBE8E93) addi t4, t4, 0x2bb
x29 <- 0xFFFFFEFFFDAAAABB

mem[X,0x00000000800010DC] -> 0x9E93
mem[X,0x00000000800010DE] -> 0x00AE
[1084] [M]: 0x00000000800010DC (0x00AE9E93) slli t4, t4, 0xa
x29 <- 0xFFFBFFF6AAAAEC00

mem[X,0x00000000800010E0] -> 0x8E93
mem[X,0x00000000800010E2] -> 0x3FFE
[1085] [M]: 0x00000000800010E0 (0x3FFE8E93) addi t4, t4, 0x3ff
x29 <- 0xFFFBFFF6AAAAEFFF

mem[X,0x00000000800010E4] -> 0x7FBB
mem[X,0x00000000800010E6] -> 0xB5DF
[1086] [M]: 0x00000000800010E4 (0xB5DF7FBB) pmulhsu.h.bo t6, t5, t4
x31 <- 0x000000F7000000B3

mem[X,0x00000000800010E8] -> 0xB423
mem[X,0x00000000800010EA] -> 0x0DF0
[1087] [M]: 0x00000000800010E8 (0x0DF0B423) sd t6, 0xc8(ra)
mem[0x00000000800042C8] <- 0x000000F7000000B3

mem[X,0x00000000800010EC] -> 0x0F37
mem[X,0x00000000800010EE] -> 0xFFF7
[1088] [M]: 0x00000000800010EC (0xFFF70F37) lui t5, -0x90
x30 <- 0xFFFFFFFFFFF70000

mem[X,0x00000000800010F0] -> 0x0F13
mem[X,0x00000000800010F2] -> 0x003F
[1089] [M]: 0x00000000800010F0 (0x003F0F13) addi t5, t5, 0x3
x30 <- 0xFFFFFFFFFFF70003

mem[X,0x00000000800010F4] -> 0x1F13
mem[X,0x00000000800010F6] -> 0x00BF
[1090] [M]: 0x00000000800010F4 (0x00BF1F13) slli t5, t5, 0xb
x30 <- 0xFFFFFFFFB8001800

mem[X,0x00000000800010F8] -> 0x0F13
mem[X,0x00000000800010FA] -> 0x000F
[1091] [M]: 0x00000000800010F8 (0x000F0F13) addi t5, t5, 0x0
x30 <- 0xFFFFFFFFB8001800

mem[X,0x00000000800010FC] -> 0x1F13
mem[X,0x00000000800010FE] -> 0x00BF
[1092] [M]: 0x00000000800010FC (0x00BF1F13) slli t5, t5, 0xb
x30 <- 0xFFFFFDC000C00000

mem[X,0x0000000080001100] -> 0x0F13
mem[X,0x0000000080001102] -> 0x20FF
[1093] [M]: 0x0000000080001100 (0x20FF0F13) addi t5, t5, 0x20f
x30 <- 0xFFFFFDC000C0020F

mem[X,0x0000000080001104] -> 0x1F13
mem[X,0x0000000080001106] -> 0x00AF
[1094] [M]: 0x0000000080001104 (0x00AF1F13) slli t5, t5, 0xa
x30 <- 0xFFF7000300083C00

mem[X,0x0000000080001108] -> 0x0F13
mem[X,0x000000008000110A] -> 0x3FFF
[1095] [M]: 0x0000000080001108 (0x3FFF0F13) addi t5, t5, 0x3ff
x30 <- 0xFFF7000300083FFF

mem[X,0x000000008000110C] -> 0x0EB7
mem[X,0x000000008000110E] -> 0xF000
[1096] [M]: 0x000000008000110C (0xF0000EB7) lui t4, -0x10000
x29 <- 0xFFFFFFFFF0000000

mem[X,0x0000000080001110] -> 0x8E93
mem[X,0x0000000080001112] -> 0xFFAE
[1097] [M]: 0x0000000080001110 (0xFFAE8E93) addi t4, t4, -0x6
x29 <- 0xFFFFFFFFEFFFFFFA

mem[X,0x0000000080001114] -> 0x9E93
mem[X,0x0000000080001116] -> 0x00BE
[1098] [M]: 0x0000000080001114 (0x00BE9E93) slli t4, t4, 0xb
x29 <- 0xFFFFFF7FFFFFD000

mem[X,0x0000000080001118] -> 0x8E93
mem[X,0x000000008000111A] -> 0x77FE
[1099] [M]: 0x0000000080001118 (0x77FE8E93) addi t4, t4, 0x77f
x29 <- 0xFFFFFF7FFFFFD77F

clint::tick mtime <- 0x000000000000000B
 clint timer pending at mtime 0x000000000000000B
htif::tick 0x0000000000000000
mem[X,0x000000008000111C] -> 0x9E93
mem[X,0x000000008000111E] -> 0x00BE
[1100] [M]: 0x000000008000111C (0x00BE9E93) slli t4, t4, 0xb
x29 <- 0xFFFBFFFFFEBBF800

mem[X,0x0000000080001120] -> 0x8E93
mem[X,0x0000000080001122] -> 0x7C0E
[1101] [M]: 0x0000000080001120 (0x7C0E8E93) addi t4, t4, 0x7c0
x29 <- 0xFFFBFFFFFEBBFFC0

mem[X,0x0000000080001124] -> 0x9E93
mem[X,0x0000000080001126] -> 0x00AE
[1102] [M]: 0x0000000080001124 (0x00AE9E93) slli t4, t4, 0xa
x29 <- 0xEFFFFFFAEFFF0000

mem[X,0x0000000080001128] -> 0x8E93
mem[X,0x000000008000112A] -> 0x009E
[1103] [M]: 0x0000000080001128 (0x009E8E93) addi t4, t4, 0x9
x29 <- 0xEFFFFFFAEFFF0009

mem[X,0x000000008000112C] -> 0x7FBB
mem[X,0x000000008000112E] -> 0xB5DF
[1104] [M]: 0x000000008000112C (0xB5DF7FBB) pmulhsu.h.bo t6, t5, t4
x31 <- 0x00EE000000000000

mem[X,0x0000000080001130] -> 0xB823
mem[X,0x0000000080001132] -> 0x0DF0
[1105] [M]: 0x0000000080001130 (0x0DF0B823) sd t6, 0xd0(ra)
mem[0x00000000800042D0] <- 0x00EE000000000000

mem[X,0x0000000080001134] -> 0x0F37
mem[X,0x0000000080001136] -> 0xFFF9
[1106] [M]: 0x0000000080001134 (0xFFF90F37) lui t5, -0x70
x30 <- 0xFFFFFFFFFFF90000

mem[X,0x0000000080001138] -> 0x0F13
mem[X,0x000000008000113A] -> 0xBFFF
[1107] [M]: 0x0000000080001138 (0xBFFF0F13) addi t5, t5, -0x401
x30 <- 0xFFFFFFFFFFF8FBFF

mem[X,0x000000008000113C] -> 0x1F13
mem[X,0x000000008000113E] -> 0x00BF
[1108] [M]: 0x000000008000113C (0x00BF1F13) slli t5, t5, 0xb
x30 <- 0xFFFFFFFFC7DFF800

mem[X,0x0000000080001140] -> 0x0F13
mem[X,0x0000000080001142] -> 0x008F
[1109] [M]: 0x0000000080001140 (0x008F0F13) addi t5, t5, 0x8
x30 <- 0xFFFFFFFFC7DFF808

mem[X,0x0000000080001144] -> 0x1F13
mem[X,0x0000000080001146] -> 0x00BF
[1110] [M]: 0x0000000080001144 (0x00BF1F13) slli t5, t5, 0xb
x30 <- 0xFFFFFE3EFFC04000

mem[X,0x0000000080001148] -> 0x0F13
mem[X,0x000000008000114A] -> 0x004F
[1111] [M]: 0x0000000080001148 (0x004F0F13) addi t5, t5, 0x4
x30 <- 0xFFFFFE3EFFC04004

mem[X,0x000000008000114C] -> 0x1F13
mem[X,0x000000008000114E] -> 0x00AF
[1112] [M]: 0x000000008000114C (0x00AF1F13) slli t5, t5, 0xa
x30 <- 0xFFF8FBFF01001000

mem[X,0x0000000080001150] -> 0x4EB7
mem[X,0x0000000080001152] -> 0xFFF6
[1113] [M]: 0x0000000080001150 (0xFFF64EB7) lui t4, -0x9c
x29 <- 0xFFFFFFFFFFF64000

mem[X,0x0000000080001154] -> 0x8E93
mem[X,0x0000000080001156] -> 0xFFFE
[1114] [M]: 0x0000000080001154 (0xFFFE8E93) addi t4, t4, -0x1
x29 <- 0xFFFFFFFFFFF63FFF

mem[X,0x0000000080001158] -> 0x9E93
mem[X,0x000000008000115A] -> 0x00BE
[1115] [M]: 0x0000000080001158 (0x00BE9E93) slli t4, t4, 0xb
x29 <- 0xFFFFFFFFB1FFF800

mem[X,0x000000008000115C] -> 0x8E93
mem[X,0x000000008000115E] -> 0x7DFE
[1116] [M]: 0x000000008000115C (0x7DFE8E93) addi t4, t4, 0x7df
x29 <- 0xFFFFFFFFB1FFFFDF

mem[X,0x0000000080001160] -> 0x9E93
mem[X,0x0000000080001162] -> 0x00BE
[1117] [M]: 0x0000000080001160 (0x00BE9E93) slli t4, t4, 0xb
x29 <- 0xFFFFFD8FFFFEF800

mem[X,0x0000000080001164] -> 0x8E93
mem[X,0x0000000080001166] -> 0x7C0E
[1118] [M]: 0x0000000080001164 (0x7C0E8E93) addi t4, t4, 0x7c0
x29 <- 0xFFFFFD8FFFFEFFC0

mem[X,0x0000000080001168] -> 0x9E93
mem[X,0x000000008000116A] -> 0x00AE
[1119] [M]: 0x0000000080001168 (0x00AE9E93) slli t4, t4, 0xa
x29 <- 0xFFF63FFFFBFF0000

mem[X,0x000000008000116C] -> 0x7FBB
mem[X,0x000000008000116E] -> 0xB5DF
[1120] [M]: 0x000000008000116C (0xB5DF7FBB) pmulhsu.h.bo t6, t5, t4
x31 <- 0x00FE003E00000000

mem[X,0x0000000080001170] -> 0xBC23
mem[X,0x0000000080001172] -> 0x0DF0
[1121] [M]: 0x0000000080001170 (0x0DF0BC23) sd t6, 0xd8(ra)
mem[0x00000000800042D8] <- 0x00FE003E00000000

mem[X,0x0000000080001174] -> 0x8F37
mem[X,0x0000000080001176] -> 0xFEFF
[1122] [M]: 0x0000000080001174 (0xFEFF8F37) lui t5, -0x1008
x30 <- 0xFFFFFFFFFEFF8000

mem[X,0x0000000080001178] -> 0x0F13
mem[X,0x000000008000117A] -> 0x000F
[1123] [M]: 0x0000000080001178 (0x000F0F13) addi t5, t5, 0x0
x30 <- 0xFFFFFFFFFEFF8000

mem[X,0x000000008000117C] -> 0x1F13
mem[X,0x000000008000117E] -> 0x00BF
[1124] [M]: 0x000000008000117C (0x00BF1F13) slli t5, t5, 0xb
x30 <- 0xFFFFFFF7FC000000

mem[X,0x0000000080001180] -> 0x0F13
mem[X,0x0000000080001182] -> 0x010F
[1125] [M]: 0x0000000080001180 (0x010F0F13) addi t5, t5, 0x10
x30 <- 0xFFFFFFF7FC000010

mem[X,0x0000000080001184] -> 0x1F13
mem[X,0x0000000080001186] -> 0x00BF
[1126] [M]: 0x0000000080001184 (0x00BF1F13) slli t5, t5, 0xb
x30 <- 0xFFFFBFE000008000

mem[X,0x0000000080001188] -> 0x0F13
mem[X,0x000000008000118A] -> 0x000F
[1127] [M]: 0x0000000080001188 (0x000F0F13) addi t5, t5, 0x0
x30 <- 0xFFFFBFE000008000

mem[X,0x000000008000118C] -> 0x1F13
mem[X,0x000000008000118E] -> 0x00AF
[1128] [M]: 0x000000008000118C (0x00AF1F13) slli t5, t5, 0xa
x30 <- 0xFEFF800002000000

mem[X,0x0000000080001190] -> 0x0F13
mem[X,0x0000000080001192] -> 0x100F
[1129] [M]: 0x0000000080001190 (0x100F0F13) addi t5, t5, 0x100
x30 <- 0xFEFF800002000100

mem[X,0x0000000080001194] -> 0x0EB7
mem[X,0x0000000080001196] -> 0xFFF0
[1130] [M]: 0x0000000080001194 (0xFFF00EB7) lui t4, -0x100
x29 <- 0xFFFFFFFFFFF00000

mem[X,0x0000000080001198] -> 0x8E93
mem[X,0x000000008000119A] -> 0xFFBE
[1131] [M]: 0x0000000080001198 (0xFFBE8E93) addi t4, t4, -0x5
x29 <- 0xFFFFFFFFFFEFFFFB

mem[X,0x000000008000119C] -> 0x9E93
mem[X,0x000000008000119E] -> 0x00BE
[1132] [M]: 0x000000008000119C (0x00BE9E93) slli t4, t4, 0xb
x29 <- 0xFFFFFFFF7FFFD800

mem[X,0x00000000800011A0] -> 0x8E93
mem[X,0x00000000800011A2] -> 0x7FFE
[1133] [M]: 0x00000000800011A0 (0x7FFE8E93) addi t4, t4, 0x7ff
x29 <- 0xFFFFFFFF7FFFDFFF

mem[X,0x00000000800011A4] -> 0x9E93
mem[X,0x00000000800011A6] -> 0x00BE
[1134] [M]: 0x00000000800011A4 (0x00BE9E93) slli t4, t4, 0xb
x29 <- 0xFFFFFBFFFEFFF800

mem[X,0x00000000800011A8] -> 0x8E93
mem[X,0x00000000800011AA] -> 0x5C0E
[1135] [M]: 0x00000000800011A8 (0x5C0E8E93) addi t4, t4, 0x5c0
x29 <- 0xFFFFFBFFFEFFFDC0

mem[X,0x00000000800011AC] -> 0x9E93
mem[X,0x00000000800011AE] -> 0x00AE
[1136] [M]: 0x00000000800011AC (0x00AE9E93) slli t4, t4, 0xa
x29 <- 0xFFEFFFFBFFF70000

mem[X,0x00000000800011B0] -> 0x8E93
mem[X,0x00000000800011B2] -> 0x200E
[1137] [M]: 0x00000000800011B0 (0x200E8E93) addi t4, t4, 0x200
x29 <- 0xFFEFFFFBFFF70200

mem[X,0x00000000800011B4] -> 0x7FBB
mem[X,0x00000000800011B6] -> 0xB5DF
[1138] [M]: 0x00000000800011B4 (0xB5DF7FBB) pmulhsu.h.bo t6, t5, t4
x31 <- 0x00FE007F00010000

mem[X,0x00000000800011B8] -> 0xB023
mem[X,0x00000000800011BA] -> 0x0FF0
[1139] [M]: 0x00000000800011B8 (0x0FF0B023) sd t6, 0xe0(ra)
mem[0x00000000800042E0] <- 0x00FE007F00010000

mem[X,0x00000000800011BC] -> 0x0F37
mem[X,0x00000000800011BE] -> 0xFFF7
[1140] [M]: 0x00000000800011BC (0xFFF70F37) lui t5, -0x90
x30 <- 0xFFFFFFFFFFF70000

mem[X,0x00000000800011C0] -> 0x0F13
mem[X,0x00000000800011C2] -> 0x003F
[1141] [M]: 0x00000000800011C0 (0x003F0F13) addi t5, t5, 0x3
x30 <- 0xFFFFFFFFFFF70003

mem[X,0x00000000800011C4] -> 0x1F13
mem[X,0x00000000800011C6] -> 0x00BF
[1142] [M]: 0x00000000800011C4 (0x00BF1F13) slli t5, t5, 0xb
x30 <- 0xFFFFFFFFB8001800

mem[X,0x00000000800011C8] -> 0x0F13
mem[X,0x00000000800011CA] -> 0x040F
[1143] [M]: 0x00000000800011C8 (0x040F0F13) addi t5, t5, 0x40
x30 <- 0xFFFFFFFFB8001840

mem[X,0x00000000800011CC] -> 0x1F13
mem[X,0x00000000800011CE] -> 0x00BF
[1144] [M]: 0x00000000800011CC (0x00BF1F13) slli t5, t5, 0xb
x30 <- 0xFFFFFDC000C20000

mem[X,0x00000000800011D0] -> 0x0F13
mem[X,0x00000000800011D2] -> 0x000F
[1145] [M]: 0x00000000800011D0 (0x000F0F13) addi t5, t5, 0x0
x30 <- 0xFFFFFDC000C20000

mem[X,0x00000000800011D4] -> 0x1F13
mem[X,0x00000000800011D6] -> 0x00AF
[1146] [M]: 0x00000000800011D4 (0x00AF1F13) slli t5, t5, 0xa
x30 <- 0xFFF7000308000000

mem[X,0x00000000800011D8] -> 0x0F13
mem[X,0x00000000800011DA] -> 0x005F
[1147] [M]: 0x00000000800011D8 (0x005F0F13) addi t5, t5, 0x5
x30 <- 0xFFF7000308000005

mem[X,0x00000000800011DC] -> 0x0EB7
mem[X,0x00000000800011DE] -> 0x0002
[1148] [M]: 0x00000000800011DC (0x00020EB7) lui t4, 0x20
x29 <- 0x0000000000020000

mem[X,0x00000000800011E0] -> 0x8E93
mem[X,0x00000000800011E2] -> 0xFF7E
[1149] [M]: 0x00000000800011E0 (0xFF7E8E93) addi t4, t4, -0x9
x29 <- 0x000000000001FFF7

mem[X,0x00000000800011E4] -> 0x9E93
mem[X,0x00000000800011E6] -> 0x00BE
[1150] [M]: 0x00000000800011E4 (0x00BE9E93) slli t4, t4, 0xb
x29 <- 0x000000000FFFB800

mem[X,0x00000000800011E8] -> 0x8E93
mem[X,0x00000000800011EA] -> 0x200E
[1151] [M]: 0x00000000800011E8 (0x200E8E93) addi t4, t4, 0x200
x29 <- 0x000000000FFFBA00

mem[X,0x00000000800011EC] -> 0x9E93
mem[X,0x00000000800011EE] -> 0x00BE
[1152] [M]: 0x00000000800011EC (0x00BE9E93) slli t4, t4, 0xb
x29 <- 0x0000007FFDD00000

mem[X,0x00000000800011F0] -> 0x8E93
mem[X,0x00000000800011F2] -> 0x000E
[1153] [M]: 0x00000000800011F0 (0x000E8E93) addi t4, t4, 0x0
x29 <- 0x0000007FFDD00000

mem[X,0x00000000800011F4] -> 0x9E93
mem[X,0x00000000800011F6] -> 0x00AE
[1154] [M]: 0x00000000800011F4 (0x00AE9E93) slli t4, t4, 0xa
x29 <- 0x0001FFF740000000

mem[X,0x00000000800011F8] -> 0x8E93
mem[X,0x00000000800011FA] -> 0x006E
[1155] [M]: 0x00000000800011F8 (0x006E8E93) addi t4, t4, 0x6
x29 <- 0x0001FFF740000006

mem[X,0x00000000800011FC] -> 0x7FBB
mem[X,0x00000000800011FE] -> 0xB5DF
[1156] [M]: 0x00000000800011FC (0xB5DF7FBB) pmulhsu.h.bo t6, t5, t4
x31 <- 0x0000000000020000

mem[X,0x0000000080001200] -> 0xB423
mem[X,0x0000000080001202] -> 0x0FF0
[1157] [M]: 0x0000000080001200 (0x0FF0B423) sd t6, 0xe8(ra)
mem[0x00000000800042E8] <- 0x0000000000020000

mem[X,0x0000000080001204] -> 0x0F37
mem[X,0x0000000080001206] -> 0x0008
[1158] [M]: 0x0000000080001204 (0x00080F37) lui t5, 0x80
x30 <- 0x0000000000080000

mem[X,0x0000000080001208] -> 0x0F13
mem[X,0x000000008000120A] -> 0xFFFF
[1159] [M]: 0x0000000080001208 (0xFFFF0F13) addi t5, t5, -0x1
x30 <- 0x000000000007FFFF

mem[X,0x000000008000120C] -> 0x1F13
mem[X,0x000000008000120E] -> 0x00BF
[1160] [M]: 0x000000008000120C (0x00BF1F13) slli t5, t5, 0xb
x30 <- 0x000000003FFFF800

mem[X,0x0000000080001210] -> 0x0F13
mem[X,0x0000000080001212] -> 0x000F
[1161] [M]: 0x0000000080001210 (0x000F0F13) addi t5, t5, 0x0
x30 <- 0x000000003FFFF800

mem[X,0x0000000080001214] -> 0x1F13
mem[X,0x0000000080001216] -> 0x00BF
[1162] [M]: 0x0000000080001214 (0x00BF1F13) slli t5, t5, 0xb
x30 <- 0x000001FFFFC00000

mem[X,0x0000000080001218] -> 0x0F13
mem[X,0x000000008000121A] -> 0x040F
[1163] [M]: 0x0000000080001218 (0x040F0F13) addi t5, t5, 0x40
x30 <- 0x000001FFFFC00040

mem[X,0x000000008000121C] -> 0x1F13
mem[X,0x000000008000121E] -> 0x00AF
[1164] [M]: 0x000000008000121C (0x00AF1F13) slli t5, t5, 0xa
x30 <- 0x0007FFFF00010000

mem[X,0x0000000080001220] -> 0x0F13
mem[X,0x0000000080001222] -> 0x080F
[1165] [M]: 0x0000000080001220 (0x080F0F13) addi t5, t5, 0x80
x30 <- 0x0007FFFF00010080

mem[X,0x0000000080001224] -> 0xFEB7
mem[X,0x0000000080001226] -> 0x0007
[1166] [M]: 0x0000000080001224 (0x0007FEB7) lui t4, 0x7f
x29 <- 0x000000000007F000

mem[X,0x0000000080001228] -> 0x8E93
mem[X,0x000000008000122A] -> 0x7FFE
[1167] [M]: 0x0000000080001228 (0x7FFE8E93) addi t4, t4, 0x7ff
x29 <- 0x000000000007F7FF

mem[X,0x000000008000122C] -> 0x9E93
mem[X,0x000000008000122E] -> 0x00BE
[1168] [M]: 0x000000008000122C (0x00BE9E93) slli t4, t4, 0xb
x29 <- 0x000000003FBFF800

mem[X,0x0000000080001230] -> 0x8E93
mem[X,0x0000000080001232] -> 0x001E
[1169] [M]: 0x0000000080001230 (0x001E8E93) addi t4, t4, 0x1
x29 <- 0x000000003FBFF801

mem[X,0x0000000080001234] -> 0x9E93
mem[X,0x0000000080001236] -> 0x00BE
[1170] [M]: 0x0000000080001234 (0x00BE9E93) slli t4, t4, 0xb
x29 <- 0x000001FDFFC00800

mem[X,0x0000000080001238] -> 0x8E93
mem[X,0x000000008000123A] -> 0x000E
[1171] [M]: 0x0000000080001238 (0x000E8E93) addi t4, t4, 0x0
x29 <- 0x000001FDFFC00800

mem[X,0x000000008000123C] -> 0x9E93
mem[X,0x000000008000123E] -> 0x00AE
[1172] [M]: 0x000000008000123C (0x00AE9E93) slli t4, t4, 0xa
x29 <- 0x0007F7FF00200000

mem[X,0x0000000080001240] -> 0x8E93
mem[X,0x0000000080001242] -> 0x040E
[1173] [M]: 0x0000000080001240 (0x040E8E93) addi t4, t4, 0x40
x29 <- 0x0007F7FF00200040

mem[X,0x0000000080001244] -> 0x7FBB
mem[X,0x0000000080001246] -> 0xB5DF
[1174] [M]: 0x0000000080001244 (0xB5DF7FBB) pmulhsu.h.bo t6, t5, t4
x31 <- 0x000000F600000000

mem[X,0x0000000080001248] -> 0xB823
mem[X,0x000000008000124A] -> 0x0FF0
[1175] [M]: 0x0000000080001248 (0x0FF0B823) sd t6, 0xf0(ra)
mem[0x00000000800042F0] <- 0x000000F600000000

mem[X,0x000000008000124C] -> 0x0F37
mem[X,0x000000008000124E] -> 0xFFF8
[1176] [M]: 0x000000008000124C (0xFFF80F37) lui t5, -0x80
x30 <- 0xFFFFFFFFFFF80000

mem[X,0x0000000080001250] -> 0x0F13
mem[X,0x0000000080001252] -> 0x003F
[1177] [M]: 0x0000000080001250 (0x003F0F13) addi t5, t5, 0x3
x30 <- 0xFFFFFFFFFFF80003

mem[X,0x0000000080001254] -> 0x1F13
mem[X,0x0000000080001256] -> 0x00BF
[1178] [M]: 0x0000000080001254 (0x00BF1F13) slli t5, t5, 0xb
x30 <- 0xFFFFFFFFC0001800

mem[X,0x0000000080001258] -> 0x0F13
mem[X,0x000000008000125A] -> 0x7FFF
[1179] [M]: 0x0000000080001258 (0x7FFF0F13) addi t5, t5, 0x7ff
x30 <- 0xFFFFFFFFC0001FFF

mem[X,0x000000008000125C] -> 0x1F13
mem[X,0x000000008000125E] -> 0x00BF
[1180] [M]: 0x000000008000125C (0x00BF1F13) slli t5, t5, 0xb
x30 <- 0xFFFFFE0000FFF800

mem[X,0x0000000080001260] -> 0x0F13
mem[X,0x0000000080001262] -> 0x780F
[1181] [M]: 0x0000000080001260 (0x780F0F13) addi t5, t5, 0x780
x30 <- 0xFFFFFE0000FFFF80

mem[X,0x0000000080001264] -> 0x1F13
mem[X,0x0000000080001266] -> 0x00AF
[1182] [M]: 0x0000000080001264 (0x00AF1F13) slli t5, t5, 0xa
x30 <- 0xFFF80003FFFE0000

mem[X,0x0000000080001268] -> 0x0F13
mem[X,0x000000008000126A] -> 0x009F
[1183] [M]: 0x0000000080001268 (0x009F0F13) addi t5, t5, 0x9
x30 <- 0xFFF80003FFFE0009

mem[X,0x000000008000126C] -> 0x0EB7
mem[X,0x000000008000126E] -> 0x3FFF
[1184] [M]: 0x000000008000126C (0x3FFF0EB7) lui t4, 0x3fff0
x29 <- 0x000000003FFF0000

mem[X,0x0000000080001270] -> 0x8E93
mem[X,0x0000000080001272] -> 0x008E
[1185] [M]: 0x0000000080001270 (0x008E8E93) addi t4, t4, 0x8
x29 <- 0x000000003FFF0008

mem[X,0x0000000080001274] -> 0x9E93
mem[X,0x0000000080001276] -> 0x00BE
[1186] [M]: 0x0000000080001274 (0x00BE9E93) slli t4, t4, 0xb
x29 <- 0x000001FFF8004000

mem[X,0x0000000080001278] -> 0x8E93
mem[X,0x000000008000127A] -> 0x000E
[1187] [M]: 0x0000000080001278 (0x000E8E93) addi t4, t4, 0x0
x29 <- 0x000001FFF8004000

mem[X,0x000000008000127C] -> 0x9E93
mem[X,0x000000008000127E] -> 0x00BE
[1188] [M]: 0x000000008000127C (0x00BE9E93) slli t4, t4, 0xb
x29 <- 0x000FFFC002000000

mem[X,0x0000000080001280] -> 0x8E93
mem[X,0x0000000080001282] -> 0x03FE
[1189] [M]: 0x0000000080001280 (0x03FE8E93) addi t4, t4, 0x3f
x29 <- 0x000FFFC00200003F

mem[X,0x0000000080001284] -> 0x9E93
mem[X,0x0000000080001286] -> 0x00AE
[1190] [M]: 0x0000000080001284 (0x00AE9E93) slli t4, t4, 0xa
x29 <- 0x3FFF00080000FC00

mem[X,0x0000000080001288] -> 0x8E93
mem[X,0x000000008000128A] -> 0x3FEE
[1191] [M]: 0x0000000080001288 (0x3FEE8E93) addi t4, t4, 0x3fe
x29 <- 0x3FFF00080000FFFE

mem[X,0x000000008000128C] -> 0x7FBB
mem[X,0x000000008000128E] -> 0xB5DF
[1192] [M]: 0x000000008000128C (0xB5DF7FBB) pmulhsu.h.bo t6, t5, t4
x31 <- 0x003E000000000000

mem[X,0x0000000080001290] -> 0xBC23
mem[X,0x0000000080001292] -> 0x0FF0
[1193] [M]: 0x0000000080001290 (0x0FF0BC23) sd t6, 0xf8(ra)
mem[0x00000000800042F8] <- 0x003E000000000000

mem[X,0x0000000080001294] -> 0x5F37
mem[X,0x0000000080001296] -> 0xEFFF
[1194] [M]: 0x0000000080001294 (0xEFFF5F37) lui t5, -0x1000b
x30 <- 0xFFFFFFFFEFFF5000

mem[X,0x0000000080001298] -> 0x0F13
mem[X,0x000000008000129A] -> 0x555F
[1195] [M]: 0x0000000080001298 (0x555F0F13) addi t5, t5, 0x555
x30 <- 0xFFFFFFFFEFFF5555

mem[X,0x000000008000129C] -> 0x1F13
mem[X,0x000000008000129E] -> 0x00BF
[1196] [M]: 0x000000008000129C (0x00BF1F13) slli t5, t5, 0xb
x30 <- 0xFFFFFF7FFAAAA800

mem[X,0x00000000800012A0] -> 0x0F13
mem[X,0x00000000800012A2] -> 0x7FEF
[1197] [M]: 0x00000000800012A0 (0x7FEF0F13) addi t5, t5, 0x7fe
x30 <- 0xFFFFFF7FFAAAAFFE

mem[X,0x00000000800012A4] -> 0x1F13
mem[X,0x00000000800012A6] -> 0x00BF
[1198] [M]: 0x00000000800012A4 (0x00BF1F13) slli t5, t5, 0xb
x30 <- 0xFFFBFFD5557FF000

mem[X,0x00000000800012A8] -> 0x0F13
mem[X,0x00000000800012AA] -> 0x7FFF
[1199] [M]: 0x00000000800012A8 (0x7FFF0F13) addi t5, t5, 0x7ff
x30 <- 0xFFFBFFD5557FF7FF

clint::tick mtime <- 0x000000000000000C
 clint timer pending at mtime 0x000000000000000C
htif::tick 0x0000000000000000
mem[X,0x00000000800012AC] -> 0x1F13
mem[X,0x00000000800012AE] -> 0x00AF
[1200] [M]: 0x00000000800012AC (0x00AF1F13) slli t5, t5, 0xa
x30 <- 0xEFFF5555FFDFFC00

mem[X,0x00000000800012B0] -> 0x0F13
mem[X,0x00000000800012B2] -> 0x3F8F
[1201] [M]: 0x00000000800012B0 (0x3F8F0F13) addi t5, t5, 0x3f8
x30 <- 0xEFFF5555FFDFFFF8

mem[X,0x00000000800012B4] -> 0x0EB7
mem[X,0x00000000800012B6] -> 0x0004
[1202] [M]: 0x00000000800012B4 (0x00040EB7) lui t4, 0x40
x29 <- 0x0000000000040000

mem[X,0x00000000800012B8] -> 0x8E93
mem[X,0x00000000800012BA] -> 0x001E
[1203] [M]: 0x00000000800012B8 (0x001E8E93) addi t4, t4, 0x1
x29 <- 0x0000000000040001

mem[X,0x00000000800012BC] -> 0x9E93
mem[X,0x00000000800012BE] -> 0x00BE
[1204] [M]: 0x00000000800012BC (0x00BE9E93) slli t4, t4, 0xb
x29 <- 0x0000000020000800

mem[X,0x00000000800012C0] -> 0x8E93
mem[X,0x00000000800012C2] -> 0x000E
[1205] [M]: 0x00000000800012C0 (0x000E8E93) addi t4, t4, 0x0
x29 <- 0x0000000020000800

mem[X,0x00000000800012C4] -> 0x9E93
mem[X,0x00000000800012C6] -> 0x00BE
[1206] [M]: 0x00000000800012C4 (0x00BE9E93) slli t4, t4, 0xb
x29 <- 0x0000010000400000

mem[X,0x00000000800012C8] -> 0x8E93
mem[X,0x00000000800012CA] -> 0x240E
[1207] [M]: 0x00000000800012C8 (0x240E8E93) addi t4, t4, 0x240
x29 <- 0x0000010000400240

mem[X,0x00000000800012CC] -> 0x9E93
mem[X,0x00000000800012CE] -> 0x00AE
[1208] [M]: 0x00000000800012CC (0x00AE9E93) slli t4, t4, 0xa
x29 <- 0x0004000100090000

mem[X,0x00000000800012D0] -> 0x8E93
mem[X,0x00000000800012D2] -> 0x009E
[1209] [M]: 0x00000000800012D0 (0x009E8E93) addi t4, t4, 0x9
x29 <- 0x0004000100090009

mem[X,0x00000000800012D4] -> 0x7FBB
mem[X,0x00000000800012D6] -> 0xB5DF
[1210] [M]: 0x00000000800012D4 (0xB5DF7FBB) pmulhsu.h.bo t6, t5, t4
x31 <- 0x0000000000000000

mem[X,0x00000000800012D8] -> 0xB023
mem[X,0x00000000800012DA] -> 0x11F0
[1211] [M]: 0x00000000800012D8 (0x11F0B023) sd t6, 0x100(ra)
mem[0x0000000080004300] <- 0x0000000000000000

mem[X,0x00000000800012DC] -> 0x0F37
mem[X,0x00000000800012DE] -> 0xC000
[1212] [M]: 0x00000000800012DC (0xC0000F37) lui t5, -0x40000
x30 <- 0xFFFFFFFFC0000000

mem[X,0x00000000800012E0] -> 0x0F13
mem[X,0x00000000800012E2] -> 0xFF9F
[1213] [M]: 0x00000000800012E0 (0xFF9F0F13) addi t5, t5, -0x7
x30 <- 0xFFFFFFFFBFFFFFF9

mem[X,0x00000000800012E4] -> 0x1F13
mem[X,0x00000000800012E6] -> 0x00BF
[1214] [M]: 0x00000000800012E4 (0x00BF1F13) slli t5, t5, 0xb
x30 <- 0xFFFFFDFFFFFFC800

mem[X,0x00000000800012E8] -> 0x0F13
mem[X,0x00000000800012EA] -> 0x7FFF
[1215] [M]: 0x00000000800012E8 (0x7FFF0F13) addi t5, t5, 0x7ff
x30 <- 0xFFFFFDFFFFFFCFFF

mem[X,0x00000000800012EC] -> 0x1F13
mem[X,0x00000000800012EE] -> 0x00BF
[1216] [M]: 0x00000000800012EC (0x00BF1F13) slli t5, t5, 0xb
x30 <- 0xFFEFFFFFFE7FF800

mem[X,0x00000000800012F0] -> 0x0F13
mem[X,0x00000000800012F2] -> 0x780F
[1217] [M]: 0x00000000800012F0 (0x780F0F13) addi t5, t5, 0x780
x30 <- 0xFFEFFFFFFE7FFF80

mem[X,0x00000000800012F4] -> 0x1F13
mem[X,0x00000000800012F6] -> 0x00AF
[1218] [M]: 0x00000000800012F4 (0x00AF1F13) slli t5, t5, 0xa
x30 <- 0xBFFFFFF9FFFE0000

mem[X,0x00000000800012F8] -> 0x0F13
mem[X,0x00000000800012FA] -> 0x006F
[1219] [M]: 0x00000000800012F8 (0x006F0F13) addi t5, t5, 0x6
x30 <- 0xBFFFFFF9FFFE0006

mem[X,0x00000000800012FC] -> 0x0EB7
mem[X,0x00000000800012FE] -> 0xFFFC
[1220] [M]: 0x00000000800012FC (0xFFFC0EB7) lui t4, -0x40
x29 <- 0xFFFFFFFFFFFC0000

mem[X,0x0000000080001300] -> 0x8E93
mem[X,0x0000000080001302] -> 0x100E
[1221] [M]: 0x0000000080001300 (0x100E8E93) addi t4, t4, 0x100
x29 <- 0xFFFFFFFFFFFC0100

mem[X,0x0000000080001304] -> 0x9E93
mem[X,0x0000000080001306] -> 0x00BE
[1222] [M]: 0x0000000080001304 (0x00BE9E93) slli t4, t4, 0xb
x29 <- 0xFFFFFFFFE0080000

mem[X,0x0000000080001308] -> 0x8E93
mem[X,0x000000008000130A] -> 0x7BFE
[1223] [M]: 0x0000000080001308 (0x7BFE8E93) addi t4, t4, 0x7bf
x29 <- 0xFFFFFFFFE00807BF

mem[X,0x000000008000130C] -> 0x9E93
mem[X,0x000000008000130E] -> 0x00BE
[1224] [M]: 0x000000008000130C (0x00BE9E93) slli t4, t4, 0xb
x29 <- 0xFFFFFF00403DF800

mem[X,0x0000000080001310] -> 0x8E93
mem[X,0x0000000080001312] -> 0x7CFE
[1225] [M]: 0x0000000080001310 (0x7CFE8E93) addi t4, t4, 0x7cf
x29 <- 0xFFFFFF00403DFFCF

mem[X,0x0000000080001314] -> 0x9E93
mem[X,0x0000000080001316] -> 0x00AE
[1226] [M]: 0x0000000080001314 (0x00AE9E93) slli t4, t4, 0xa
x29 <- 0xFFFC0100F7FF3C00

mem[X,0x0000000080001318] -> 0x8E93
mem[X,0x000000008000131A] -> 0x3FFE
[1227] [M]: 0x0000000080001318 (0x3FFE8E93) addi t4, t4, 0x3ff
x29 <- 0xFFFC0100F7FF3FFF

mem[X,0x000000008000131C] -> 0x7FBB
mem[X,0x000000008000131E] -> 0xB5DF
[1228] [M]: 0x000000008000131C (0xB5DF7FBB) pmulhsu.h.bo t6, t5, t4
x31 <- 0x00BF000000F60000

mem[X,0x0000000080001320] -> 0xB423
mem[X,0x0000000080001322] -> 0x11F0
[1229] [M]: 0x0000000080001320 (0x11F0B423) sd t6, 0x108(ra)
mem[0x0000000080004308] <- 0x00BF000000F60000

mem[X,0x0000000080001324] -> 0x0F37
mem[X,0x0000000080001326] -> 0x5556
[1230] [M]: 0x0000000080001324 (0x55560F37) lui t5, 0x55560
x30 <- 0x0000000055560000

mem[X,0x0000000080001328] -> 0x0F13
mem[X,0x000000008000132A] -> 0xEFFF
[1231] [M]: 0x0000000080001328 (0xEFFF0F13) addi t5, t5, -0x101
x30 <- 0x000000005555FEFF

mem[X,0x000000008000132C] -> 0x1F13
mem[X,0x000000008000132E] -> 0x00BF
[1232] [M]: 0x000000008000132C (0x00BF1F13) slli t5, t5, 0xb
x30 <- 0x000002AAAFF7F800

mem[X,0x0000000080001330] -> 0x0F13
mem[X,0x0000000080001332] -> 0x000F
[1233] [M]: 0x0000000080001330 (0x000F0F13) addi t5, t5, 0x0
x30 <- 0x000002AAAFF7F800

mem[X,0x0000000080001334] -> 0x1F13
mem[X,0x0000000080001336] -> 0x00BF
[1234] [M]: 0x0000000080001334 (0x00BF1F13) slli t5, t5, 0xb
x30 <- 0x0015557FBFC00000

mem[X,0x0000000080001338] -> 0x0F13
mem[X,0x000000008000133A] -> 0x040F
[1235] [M]: 0x0000000080001338 (0x040F0F13) addi t5, t5, 0x40
x30 <- 0x0015557FBFC00040

mem[X,0x000000008000133C] -> 0x1F13
mem[X,0x000000008000133E] -> 0x00AF
[1236] [M]: 0x000000008000133C (0x00AF1F13) slli t5, t5, 0xa
x30 <- 0x5555FEFF00010000

mem[X,0x0000000080001340] -> 0x0EB7
mem[X,0x0000000080001342] -> 0xAAAB
[1237] [M]: 0x0000000080001340 (0xAAAB0EB7) lui t4, -0x55550
x29 <- 0xFFFFFFFFAAAB0000

mem[X,0x0000000080001344] -> 0x8E93
mem[X,0x0000000080001346] -> 0xBFFE
[1238] [M]: 0x0000000080001344 (0xBFFE8E93) addi t4, t4, -0x401
x29 <- 0xFFFFFFFFAAAAFBFF

mem[X,0x0000000080001348] -> 0x9E93
mem[X,0x000000008000134A] -> 0x00BE
[1239] [M]: 0x0000000080001348 (0x00BE9E93) slli t4, t4, 0xb
x29 <- 0xFFFFFD5557DFF800

mem[X,0x000000008000134C] -> 0x8E93
mem[X,0x000000008000134E] -> 0x1FFE
[1240] [M]: 0x000000008000134C (0x1FFE8E93) addi t4, t4, 0x1ff
x29 <- 0xFFFFFD5557DFF9FF

mem[X,0x0000000080001350] -> 0x9E93
mem[X,0x0000000080001352] -> 0x00BE
[1241] [M]: 0x0000000080001350 (0x00BE9E93) slli t4, t4, 0xb
x29 <- 0xFFEAAABEFFCFF800

mem[X,0x0000000080001354] -> 0x8E93
mem[X,0x0000000080001356] -> 0x7C0E
[1242] [M]: 0x0000000080001354 (0x7C0E8E93) addi t4, t4, 0x7c0
x29 <- 0xFFEAAABEFFCFFFC0

mem[X,0x0000000080001358] -> 0x9E93
mem[X,0x000000008000135A] -> 0x00AE
[1243] [M]: 0x0000000080001358 (0x00AE9E93) slli t4, t4, 0xa
x29 <- 0xAAAAFBFF3FFF0000

mem[X,0x000000008000135C] -> 0x8E93
mem[X,0x000000008000135E] -> 0x200E
[1244] [M]: 0x000000008000135C (0x200E8E93) addi t4, t4, 0x200
x29 <- 0xAAAAFBFF3FFF0200

mem[X,0x0000000080001360] -> 0x7FBB
mem[X,0x0000000080001362] -> 0xB5DF
[1245] [M]: 0x0000000080001360 (0xB5DF7FBB) pmulhsu.h.bo t6, t5, t4
x31 <- 0x003800FA00000000

mem[X,0x0000000080001364] -> 0xB823
mem[X,0x0000000080001366] -> 0x11F0
[1246] [M]: 0x0000000080001364 (0x11F0B823) sd t6, 0x110(ra)
mem[0x0000000080004310] <- 0x003800FA00000000

mem[X,0x0000000080001368] -> 0x0F37
mem[X,0x000000008000136A] -> 0xAAAA
[1247] [M]: 0x0000000080001368 (0xAAAA0F37) lui t5, -0x55560
x30 <- 0xFFFFFFFFAAAA0000

mem[X,0x000000008000136C] -> 0x0F13
mem[X,0x000000008000136E] -> 0x000F
[1248] [M]: 0x000000008000136C (0x000F0F13) addi t5, t5, 0x0
x30 <- 0xFFFFFFFFAAAA0000

mem[X,0x0000000080001370] -> 0x1F13
mem[X,0x0000000080001372] -> 0x00BF
[1249] [M]: 0x0000000080001370 (0x00BF1F13) slli t5, t5, 0xb
x30 <- 0xFFFFFD5550000000

mem[X,0x0000000080001374] -> 0x0F13
mem[X,0x0000000080001376] -> 0x000F
[1250] [M]: 0x0000000080001374 (0x000F0F13) addi t5, t5, 0x0
x30 <- 0xFFFFFD5550000000

mem[X,0x0000000080001378] -> 0x1F13
mem[X,0x000000008000137A] -> 0x00BF
[1251] [M]: 0x0000000080001378 (0x00BF1F13) slli t5, t5, 0xb
x30 <- 0xFFEAAA8000000000

mem[X,0x000000008000137C] -> 0x0F13
mem[X,0x000000008000137E] -> 0x13FF
[1252] [M]: 0x000000008000137C (0x13FF0F13) addi t5, t5, 0x13f
x30 <- 0xFFEAAA800000013F

mem[X,0x0000000080001380] -> 0x1F13
mem[X,0x0000000080001382] -> 0x00AF
[1253] [M]: 0x0000000080001380 (0x00AF1F13) slli t5, t5, 0xa
x30 <- 0xAAAA00000004FC00

mem[X,0x0000000080001384] -> 0x0F13
mem[X,0x0000000080001386] -> 0x3FEF
[1254] [M]: 0x0000000080001384 (0x3FEF0F13) addi t5, t5, 0x3fe
x30 <- 0xAAAA00000004FFFE

mem[X,0x0000000080001388] -> 0x0EB7
mem[X,0x000000008000138A] -> 0x0041
[1255] [M]: 0x0000000080001388 (0x00410EB7) lui t4, 0x410
x29 <- 0x0000000000410000

mem[X,0x000000008000138C] -> 0x8E93
mem[X,0x000000008000138E] -> 0xDFFE
[1256] [M]: 0x000000008000138C (0xDFFE8E93) addi t4, t4, -0x201
x29 <- 0x000000000040FDFF

mem[X,0x0000000080001390] -> 0x9E93
mem[X,0x0000000080001392] -> 0x00BE
[1257] [M]: 0x0000000080001390 (0x00BE9E93) slli t4, t4, 0xb
x29 <- 0x0000000207EFF800

mem[X,0x0000000080001394] -> 0x8E93
mem[X,0x0000000080001396] -> 0x7FFE
[1258] [M]: 0x0000000080001394 (0x7FFE8E93) addi t4, t4, 0x7ff
x29 <- 0x0000000207EFFFFF

mem[X,0x0000000080001398] -> 0x9E93
mem[X,0x000000008000139A] -> 0x00BE
[1259] [M]: 0x0000000080001398 (0x00BE9E93) slli t4, t4, 0xb
x29 <- 0x0000103F7FFFF800

mem[X,0x000000008000139C] -> 0x8E93
mem[X,0x000000008000139E] -> 0x5BFE
[1260] [M]: 0x000000008000139C (0x5BFE8E93) addi t4, t4, 0x5bf
x29 <- 0x0000103F7FFFFDBF

mem[X,0x00000000800013A0] -> 0x9E93
mem[X,0x00000000800013A2] -> 0x00AE
[1261] [M]: 0x00000000800013A0 (0x00AE9E93) slli t4, t4, 0xa
x29 <- 0x0040FDFFFFF6FC00

mem[X,0x00000000800013A4] -> 0x8E93
mem[X,0x00000000800013A6] -> 0x3FFE
[1262] [M]: 0x00000000800013A4 (0x3FFE8E93) addi t4, t4, 0x3ff
x29 <- 0x0040FDFFFFF6FFFF

mem[X,0x00000000800013A8] -> 0x7FBB
mem[X,0x00000000800013AA] -> 0xB5DF
[1263] [M]: 0x00000000800013A8 (0xB5DF7FBB) pmulhsu.h.bo t6, t5, t4
x31 <- 0x00000000000000FE

mem[X,0x00000000800013AC] -> 0xBC23
mem[X,0x00000000800013AE] -> 0x11F0
[1264] [M]: 0x00000000800013AC (0x11F0BC23) sd t6, 0x118(ra)
mem[0x0000000080004318] <- 0x00000000000000FE

mem[X,0x00000000800013B0] -> 0x0F37
mem[X,0x00000000800013B2] -> 0xFFF7
[1265] [M]: 0x00000000800013B0 (0xFFF70F37) lui t5, -0x90
x30 <- 0xFFFFFFFFFFF70000

mem[X,0x00000000800013B4] -> 0x0F13
mem[X,0x00000000800013B6] -> 0xBFFF
[1266] [M]: 0x00000000800013B4 (0xBFFF0F13) addi t5, t5, -0x401
x30 <- 0xFFFFFFFFFFF6FBFF

mem[X,0x00000000800013B8] -> 0x1F13
mem[X,0x00000000800013BA] -> 0x00BF
[1267] [M]: 0x00000000800013B8 (0x00BF1F13) slli t5, t5, 0xb
x30 <- 0xFFFFFFFFB7DFF800

mem[X,0x00000000800013BC] -> 0x0F13
mem[X,0x00000000800013BE] -> 0x7FFF
[1268] [M]: 0x00000000800013BC (0x7FFF0F13) addi t5, t5, 0x7ff
x30 <- 0xFFFFFFFFB7DFFFFF

mem[X,0x00000000800013C0] -> 0x1F13
mem[X,0x00000000800013C2] -> 0x00BF
[1269] [M]: 0x00000000800013C0 (0x00BF1F13) slli t5, t5, 0xb
x30 <- 0xFFFFFDBEFFFFF800

mem[X,0x00000000800013C4] -> 0x0F13
mem[X,0x00000000800013C6] -> 0x710F
[1270] [M]: 0x00000000800013C4 (0x710F0F13) addi t5, t5, 0x710
x30 <- 0xFFFFFDBEFFFFFF10

mem[X,0x00000000800013C8] -> 0x1F13
mem[X,0x00000000800013CA] -> 0x00AF
[1271] [M]: 0x00000000800013C8 (0x00AF1F13) slli t5, t5, 0xa
x30 <- 0xFFF6FBFFFFFC4000

mem[X,0x00000000800013CC] -> 0xCEB7
mem[X,0x00000000800013CE] -> 0x0200
[1272] [M]: 0x00000000800013CC (0x0200CEB7) lui t4, 0x200c
x29 <- 0x000000000200C000

mem[X,0x00000000800013D0] -> 0x8E93
mem[X,0x00000000800013D2] -> 0xFFFE
[1273] [M]: 0x00000000800013D0 (0xFFFE8E93) addi t4, t4, -0x1
x29 <- 0x000000000200BFFF

mem[X,0x00000000800013D4] -> 0x9E93
mem[X,0x00000000800013D6] -> 0x00BE
[1274] [M]: 0x00000000800013D4 (0x00BE9E93) slli t4, t4, 0xb
x29 <- 0x0000001005FFF800

mem[X,0x00000000800013D8] -> 0x8E93
mem[X,0x00000000800013DA] -> 0x000E
[1275] [M]: 0x00000000800013D8 (0x000E8E93) addi t4, t4, 0x0
x29 <- 0x0000001005FFF800

mem[X,0x00000000800013DC] -> 0x9E93
mem[X,0x00000000800013DE] -> 0x00BE
[1276] [M]: 0x00000000800013DC (0x00BE9E93) slli t4, t4, 0xb
x29 <- 0x0000802FFFC00000

mem[X,0x00000000800013E0] -> 0x8E93
mem[X,0x00000000800013E2] -> 0x100E
[1277] [M]: 0x00000000800013E0 (0x100E8E93) addi t4, t4, 0x100
x29 <- 0x0000802FFFC00100

mem[X,0x00000000800013E4] -> 0x9E93
mem[X,0x00000000800013E6] -> 0x00AE
[1278] [M]: 0x00000000800013E4 (0x00AE9E93) slli t4, t4, 0xa
x29 <- 0x0200BFFF00040000

mem[X,0x00000000800013E8] -> 0x8E93
mem[X,0x00000000800013EA] -> 0x001E
[1279] [M]: 0x00000000800013E8 (0x001E8E93) addi t4, t4, 0x1
x29 <- 0x0200BFFF00040001

mem[X,0x00000000800013EC] -> 0x7FBB
mem[X,0x00000000800013EE] -> 0xB5DF
[1280] [M]: 0x00000000800013EC (0xB5DF7FBB) pmulhsu.h.bo t6, t5, t4
x31 <- 0x000100BC00000000

mem[X,0x00000000800013F0] -> 0xB023
mem[X,0x00000000800013F2] -> 0x13F0
[1281] [M]: 0x00000000800013F0 (0x13F0B023) sd t6, 0x120(ra)
mem[0x0000000080004320] <- 0x000100BC00000000

mem[X,0x00000000800013F4] -> 0xCF37
mem[X,0x00000000800013F6] -> 0x0100
[1282] [M]: 0x00000000800013F4 (0x0100CF37) lui t5, 0x100c
x30 <- 0x000000000100C000

mem[X,0x00000000800013F8] -> 0x0F13
mem[X,0x00000000800013FA] -> 0x000F
[1283] [M]: 0x00000000800013F8 (0x000F0F13) addi t5, t5, 0x0
x30 <- 0x000000000100C000

mem[X,0x00000000800013FC] -> 0x1F13
mem[X,0x00000000800013FE] -> 0x00BF
[1284] [M]: 0x00000000800013FC (0x00BF1F13) slli t5, t5, 0xb
x30 <- 0x0000000806000000

mem[X,0x0000000080001400] -> 0x0F13
mem[X,0x0000000080001402] -> 0x000F
[1285] [M]: 0x0000000080001400 (0x000F0F13) addi t5, t5, 0x0
x30 <- 0x0000000806000000

mem[X,0x0000000080001404] -> 0x1F13
mem[X,0x0000000080001406] -> 0x00BF
[1286] [M]: 0x0000000080001404 (0x00BF1F13) slli t5, t5, 0xb
x30 <- 0x0000403000000000

mem[X,0x0000000080001408] -> 0x0F13
mem[X,0x000000008000140A] -> 0x1C0F
[1287] [M]: 0x0000000080001408 (0x1C0F0F13) addi t5, t5, 0x1c0
x30 <- 0x00004030000001C0

mem[X,0x000000008000140C] -> 0x1F13
mem[X,0x000000008000140E] -> 0x00AF
[1288] [M]: 0x000000008000140C (0x00AF1F13) slli t5, t5, 0xa
x30 <- 0x0100C00000070000

mem[X,0x0000000080001410] -> 0x0F13
mem[X,0x0000000080001412] -> 0x080F
[1289] [M]: 0x0000000080001410 (0x080F0F13) addi t5, t5, 0x80
x30 <- 0x0100C00000070080

mem[X,0x0000000080001414] -> 0x0EB7
mem[X,0x0000000080001416] -> 0xDFFF
[1290] [M]: 0x0000000080001414 (0xDFFF0EB7) lui t4, -0x20010
x29 <- 0xFFFFFFFFDFFF0000

mem[X,0x0000000080001418] -> 0x8E93
mem[X,0x000000008000141A] -> 0x003E
[1291] [M]: 0x0000000080001418 (0x003E8E93) addi t4, t4, 0x3
x29 <- 0xFFFFFFFFDFFF0003

mem[X,0x000000008000141C] -> 0x9E93
mem[X,0x000000008000141E] -> 0x00BE
[1292] [M]: 0x000000008000141C (0x00BE9E93) slli t4, t4, 0xb
x29 <- 0xFFFFFEFFF8001800

mem[X,0x0000000080001420] -> 0x8E93
mem[X,0x0000000080001422] -> 0x3FFE
[1293] [M]: 0x0000000080001420 (0x3FFE8E93) addi t4, t4, 0x3ff
x29 <- 0xFFFFFEFFF8001BFF

mem[X,0x0000000080001424] -> 0x9E93
mem[X,0x0000000080001426] -> 0x00BE
[1294] [M]: 0x0000000080001424 (0x00BE9E93) slli t4, t4, 0xb
x29 <- 0xFFF7FFC000DFF800

mem[X,0x0000000080001428] -> 0x8E93
mem[X,0x000000008000142A] -> 0x7C0E
[1295] [M]: 0x0000000080001428 (0x7C0E8E93) addi t4, t4, 0x7c0
x29 <- 0xFFF7FFC000DFFFC0

mem[X,0x000000008000142C] -> 0x9E93
mem[X,0x000000008000142E] -> 0x00AE
[1296] [M]: 0x000000008000142C (0x00AE9E93) slli t4, t4, 0xa
x29 <- 0xDFFF00037FFF0000

mem[X,0x0000000080001430] -> 0x8E93
mem[X,0x0000000080001432] -> 0x020E
[1297] [M]: 0x0000000080001430 (0x020E8E93) addi t4, t4, 0x20
x29 <- 0xDFFF00037FFF0020

mem[X,0x0000000080001434] -> 0x7FBB
mem[X,0x0000000080001436] -> 0xB5DF
[1298] [M]: 0x0000000080001434 (0xB5DF7FBB) pmulhsu.h.bo t6, t5, t4
x31 <- 0x0000000000000000

mem[X,0x0000000080001438] -> 0xB423
mem[X,0x000000008000143A] -> 0x13F0
[1299] [M]: 0x0000000080001438 (0x13F0B423) sd t6, 0x128(ra)
mem[0x0000000080004328] <- 0x0000000000000000

clint::tick mtime <- 0x000000000000000D
 clint timer pending at mtime 0x000000000000000D
htif::tick 0x0000000000000000
mem[X,0x000000008000143C] -> 0x1F37
mem[X,0x000000008000143E] -> 0x0020
[1300] [M]: 0x000000008000143C (0x00201F37) lui t5, 0x201
x30 <- 0x0000000000201000

mem[X,0x0000000080001440] -> 0x0F13
mem[X,0x0000000080001442] -> 0x000F
[1301] [M]: 0x0000000080001440 (0x000F0F13) addi t5, t5, 0x0
x30 <- 0x0000000000201000

mem[X,0x0000000080001444] -> 0x1F13
mem[X,0x0000000080001446] -> 0x00BF
[1302] [M]: 0x0000000080001444 (0x00BF1F13) slli t5, t5, 0xb
x30 <- 0x0000000100800000

mem[X,0x0000000080001448] -> 0x0F13
mem[X,0x000000008000144A] -> 0x3FFF
[1303] [M]: 0x0000000080001448 (0x3FFF0F13) addi t5, t5, 0x3ff
x30 <- 0x00000001008003FF

mem[X,0x000000008000144C] -> 0x1F13
mem[X,0x000000008000144E] -> 0x00BF
[1304] [M]: 0x000000008000144C (0x00BF1F13) slli t5, t5, 0xb
x30 <- 0x00000804001FF800

mem[X,0x0000000080001450] -> 0x0F13
mem[X,0x0000000080001452] -> 0x7C0F
[1305] [M]: 0x0000000080001450 (0x7C0F0F13) addi t5, t5, 0x7c0
x30 <- 0x00000804001FFFC0

mem[X,0x0000000080001454] -> 0x1F13
mem[X,0x0000000080001456] -> 0x00AF
[1306] [M]: 0x0000000080001454 (0x00AF1F13) slli t5, t5, 0xa
x30 <- 0x002010007FFF0000

mem[X,0x0000000080001458] -> 0x0F13
mem[X,0x000000008000145A] -> 0x008F
[1307] [M]: 0x0000000080001458 (0x008F0F13) addi t5, t5, 0x8
x30 <- 0x002010007FFF0008

mem[X,0x000000008000145C] -> 0x0EB7
mem[X,0x000000008000145E] -> 0x0001
[1308] [M]: 0x000000008000145C (0x00010EB7) lui t4, 0x10
x29 <- 0x0000000000010000

mem[X,0x0000000080001460] -> 0x8E93
mem[X,0x0000000080001462] -> 0xFFFE
[1309] [M]: 0x0000000080001460 (0xFFFE8E93) addi t4, t4, -0x1
x29 <- 0x000000000000FFFF

mem[X,0x0000000080001464] -> 0x9E93
mem[X,0x0000000080001466] -> 0x00BE
[1310] [M]: 0x0000000080001464 (0x00BE9E93) slli t4, t4, 0xb
x29 <- 0x0000000007FFF800

mem[X,0x0000000080001468] -> 0x8E93
mem[X,0x000000008000146A] -> 0x100E
[1311] [M]: 0x0000000080001468 (0x100E8E93) addi t4, t4, 0x100
x29 <- 0x0000000007FFF900

mem[X,0x000000008000146C] -> 0x9E93
mem[X,0x000000008000146E] -> 0x00BE
[1312] [M]: 0x000000008000146C (0x00BE9E93) slli t4, t4, 0xb
x29 <- 0x0000003FFFC80000

mem[X,0x0000000080001470] -> 0x8E93
mem[X,0x0000000080001472] -> 0x000E
[1313] [M]: 0x0000000080001470 (0x000E8E93) addi t4, t4, 0x0
x29 <- 0x0000003FFFC80000

mem[X,0x0000000080001474] -> 0x9E93
mem[X,0x0000000080001476] -> 0x00AE
[1314] [M]: 0x0000000080001474 (0x00AE9E93) slli t4, t4, 0xa
x29 <- 0x0000FFFF20000000

mem[X,0x0000000080001478] -> 0x8E93
mem[X,0x000000008000147A] -> 0x100E
[1315] [M]: 0x0000000080001478 (0x100E8E93) addi t4, t4, 0x100
x29 <- 0x0000FFFF20000100

mem[X,0x000000008000147C] -> 0x7FBB
mem[X,0x000000008000147E] -> 0xB5DF
[1316] [M]: 0x000000008000147C (0xB5DF7FBB) pmulhsu.h.bo t6, t5, t4
x31 <- 0x0000000F000F0000

mem[X,0x0000000080001480] -> 0xB823
mem[X,0x0000000080001482] -> 0x13F0
[1317] [M]: 0x0000000080001480 (0x13F0B823) sd t6, 0x130(ra)
mem[0x0000000080004330] <- 0x0000000F000F0000

mem[X,0x0000000080001484] -> 0x1F37
mem[X,0x0000000080001486] -> 0x0006
[1318] [M]: 0x0000000080001484 (0x00061F37) lui t5, 0x61
x30 <- 0x0000000000061000

mem[X,0x0000000080001488] -> 0x0F13
mem[X,0x000000008000148A] -> 0x000F
[1319] [M]: 0x0000000080001488 (0x000F0F13) addi t5, t5, 0x0
x30 <- 0x0000000000061000

mem[X,0x000000008000148C] -> 0x1F13
mem[X,0x000000008000148E] -> 0x00BF
[1320] [M]: 0x000000008000148C (0x00BF1F13) slli t5, t5, 0xb
x30 <- 0x0000000030800000

mem[X,0x0000000080001490] -> 0x0F13
mem[X,0x0000000080001492] -> 0x080F
[1321] [M]: 0x0000000080001490 (0x080F0F13) addi t5, t5, 0x80
x30 <- 0x0000000030800080

mem[X,0x0000000080001494] -> 0x1F13
mem[X,0x0000000080001496] -> 0x00BF
[1322] [M]: 0x0000000080001494 (0x00BF1F13) slli t5, t5, 0xb
x30 <- 0x0000018400040000

mem[X,0x0000000080001498] -> 0x0F13
mem[X,0x000000008000149A] -> 0x01FF
[1323] [M]: 0x0000000080001498 (0x01FF0F13) addi t5, t5, 0x1f
x30 <- 0x000001840004001F

mem[X,0x000000008000149C] -> 0x1F13
mem[X,0x000000008000149E] -> 0x00AF
[1324] [M]: 0x000000008000149C (0x00AF1F13) slli t5, t5, 0xa
x30 <- 0x0006100010007C00

mem[X,0x00000000800014A0] -> 0x0F13
mem[X,0x00000000800014A2] -> 0x3FFF
[1325] [M]: 0x00000000800014A0 (0x3FFF0F13) addi t5, t5, 0x3ff
x30 <- 0x0006100010007FFF

mem[X,0x00000000800014A4] -> 0x0EB7
mem[X,0x00000000800014A6] -> 0xFFFB
[1326] [M]: 0x00000000800014A4 (0xFFFB0EB7) lui t4, -0x50
x29 <- 0xFFFFFFFFFFFB0000

mem[X,0x00000000800014A8] -> 0x8E93
mem[X,0x00000000800014AA] -> 0x010E
[1327] [M]: 0x00000000800014A8 (0x010E8E93) addi t4, t4, 0x10
x29 <- 0xFFFFFFFFFFFB0010

mem[X,0x00000000800014AC] -> 0x9E93
mem[X,0x00000000800014AE] -> 0x00BE
[1328] [M]: 0x00000000800014AC (0x00BE9E93) slli t4, t4, 0xb
x29 <- 0xFFFFFFFFD8008000

mem[X,0x00000000800014B0] -> 0x8E93
mem[X,0x00000000800014B2] -> 0x7FFE
[1329] [M]: 0x00000000800014B0 (0x7FFE8E93) addi t4, t4, 0x7ff
x29 <- 0xFFFFFFFFD80087FF

mem[X,0x00000000800014B4] -> 0x9E93
mem[X,0x00000000800014B6] -> 0x00BE
[1330] [M]: 0x00000000800014B4 (0x00BE9E93) slli t4, t4, 0xb
x29 <- 0xFFFFFEC0043FF800

mem[X,0x00000000800014B8] -> 0x8E93
mem[X,0x00000000800014BA] -> 0x6C1E
[1331] [M]: 0x00000000800014B8 (0x6C1E8E93) addi t4, t4, 0x6c1
x29 <- 0xFFFFFEC0043FFEC1

mem[X,0x00000000800014BC] -> 0x9E93
mem[X,0x00000000800014BE] -> 0x00AE
[1332] [M]: 0x00000000800014BC (0x00AE9E93) slli t4, t4, 0xa
x29 <- 0xFFFB0010FFFB0400

mem[X,0x00000000800014C0] -> 0x7FBB
mem[X,0x00000000800014C2] -> 0xB5DF
[1333] [M]: 0x00000000800014C0 (0xB5DF7FBB) pmulhsu.h.bo t6, t5, t4
x31 <- 0x00000000000F0001

mem[X,0x00000000800014C4] -> 0xBC23
mem[X,0x00000000800014C6] -> 0x13F0
[1334] [M]: 0x00000000800014C4 (0x13F0BC23) sd t6, 0x138(ra)
mem[0x0000000080004338] <- 0x00000000000F0001

mem[X,0x00000000800014C8] -> 0xCF37
mem[X,0x00000000800014CA] -> 0xFFFF
[1335] [M]: 0x00000000800014C8 (0xFFFFCF37) lui t5, -0x4
x30 <- 0xFFFFFFFFFFFFC000

mem[X,0x00000000800014CC] -> 0x0F13
mem[X,0x00000000800014CE] -> 0x000F
[1336] [M]: 0x00000000800014CC (0x000F0F13) addi t5, t5, 0x0
x30 <- 0xFFFFFFFFFFFFC000

mem[X,0x00000000800014D0] -> 0x1F13
mem[X,0x00000000800014D2] -> 0x00BF
[1337] [M]: 0x00000000800014D0 (0x00BF1F13) slli t5, t5, 0xb
x30 <- 0xFFFFFFFFFE000000

mem[X,0x00000000800014D4] -> 0x0F13
mem[X,0x00000000800014D6] -> 0x010F
[1338] [M]: 0x00000000800014D4 (0x010F0F13) addi t5, t5, 0x10
x30 <- 0xFFFFFFFFFE000010

mem[X,0x00000000800014D8] -> 0x1F13
mem[X,0x00000000800014DA] -> 0x00BF
[1339] [M]: 0x00000000800014D8 (0x00BF1F13) slli t5, t5, 0xb
x30 <- 0xFFFFFFF000008000

mem[X,0x00000000800014DC] -> 0x0F13
mem[X,0x00000000800014DE] -> 0x002F
[1340] [M]: 0x00000000800014DC (0x002F0F13) addi t5, t5, 0x2
x30 <- 0xFFFFFFF000008002

mem[X,0x00000000800014E0] -> 0x1F13
mem[X,0x00000000800014E2] -> 0x00AF
[1341] [M]: 0x00000000800014E0 (0x00AF1F13) slli t5, t5, 0xa
x30 <- 0xFFFFC00002000800

mem[X,0x00000000800014E4] -> 0x5EB7
mem[X,0x00000000800014E6] -> 0x0040
[1342] [M]: 0x00000000800014E4 (0x00405EB7) lui t4, 0x405
x29 <- 0x0000000000405000

mem[X,0x00000000800014E8] -> 0x8E93
mem[X,0x00000000800014EA] -> 0x555E
[1343] [M]: 0x00000000800014E8 (0x555E8E93) addi t4, t4, 0x555
x29 <- 0x0000000000405555

mem[X,0x00000000800014EC] -> 0x9E93
mem[X,0x00000000800014EE] -> 0x00BE
[1344] [M]: 0x00000000800014EC (0x00BE9E93) slli t4, t4, 0xb
x29 <- 0x0000000202AAA800

mem[X,0x00000000800014F0] -> 0x8E93
mem[X,0x00000000800014F2] -> 0x400E
[1345] [M]: 0x00000000800014F0 (0x400E8E93) addi t4, t4, 0x400
x29 <- 0x0000000202AAAC00

mem[X,0x00000000800014F4] -> 0x9E93
mem[X,0x00000000800014F6] -> 0x00BE
[1346] [M]: 0x00000000800014F4 (0x00BE9E93) slli t4, t4, 0xb
x29 <- 0x0000101555600000

mem[X,0x00000000800014F8] -> 0x8E93
mem[X,0x00000000800014FA] -> 0x008E
[1347] [M]: 0x00000000800014F8 (0x008E8E93) addi t4, t4, 0x8
x29 <- 0x0000101555600008

mem[X,0x00000000800014FC] -> 0x9E93
mem[X,0x00000000800014FE] -> 0x00AE
[1348] [M]: 0x00000000800014FC (0x00AE9E93) slli t4, t4, 0xa
x29 <- 0x0040555580002000

mem[X,0x0000000080001500] -> 0x7FBB
mem[X,0x0000000080001502] -> 0xB5DF
[1349] [M]: 0x0000000080001500 (0xB5DF7FBB) pmulhsu.h.bo t6, t5, t4
x31 <- 0x0000003F00010001

mem[X,0x0000000080001504] -> 0xB023
mem[X,0x0000000080001506] -> 0x15F0
[1350] [M]: 0x0000000080001504 (0x15F0B023) sd t6, 0x140(ra)
mem[0x0000000080004340] <- 0x0000003F00010001

mem[X,0x0000000080001508] -> 0x0F37
mem[X,0x000000008000150A] -> 0x0004
[1351] [M]: 0x0000000080001508 (0x00040F37) lui t5, 0x40
x30 <- 0x0000000000040000

mem[X,0x000000008000150C] -> 0x0F13
mem[X,0x000000008000150E] -> 0xEFFF
[1352] [M]: 0x000000008000150C (0xEFFF0F13) addi t5, t5, -0x101
x30 <- 0x000000000003FEFF

mem[X,0x0000000080001510] -> 0x1F13
mem[X,0x0000000080001512] -> 0x00BF
[1353] [M]: 0x0000000080001510 (0x00BF1F13) slli t5, t5, 0xb
x30 <- 0x000000001FF7F800

mem[X,0x0000000080001514] -> 0x0F13
mem[X,0x0000000080001516] -> 0x000F
[1354] [M]: 0x0000000080001514 (0x000F0F13) addi t5, t5, 0x0
x30 <- 0x000000001FF7F800

mem[X,0x0000000080001518] -> 0x1F13
mem[X,0x000000008000151A] -> 0x00BF
[1355] [M]: 0x0000000080001518 (0x00BF1F13) slli t5, t5, 0xb
x30 <- 0x000000FFBFC00000

mem[X,0x000000008000151C] -> 0x0F13
mem[X,0x000000008000151E] -> 0x13FF
[1356] [M]: 0x000000008000151C (0x13FF0F13) addi t5, t5, 0x13f
x30 <- 0x000000FFBFC0013F

mem[X,0x0000000080001520] -> 0x1F13
mem[X,0x0000000080001522] -> 0x00AF
[1357] [M]: 0x0000000080001520 (0x00AF1F13) slli t5, t5, 0xa
x30 <- 0x0003FEFF0004FC00

mem[X,0x0000000080001524] -> 0x0F13
mem[X,0x0000000080001526] -> 0x3F8F
[1358] [M]: 0x0000000080001524 (0x3F8F0F13) addi t5, t5, 0x3f8
x30 <- 0x0003FEFF0004FFF8

mem[X,0x0000000080001528] -> 0xCEB7
mem[X,0x000000008000152A] -> 0x0040
[1359] [M]: 0x0000000080001528 (0x0040CEB7) lui t4, 0x40c
x29 <- 0x000000000040C000

mem[X,0x000000008000152C] -> 0x8E93
mem[X,0x000000008000152E] -> 0x000E
[1360] [M]: 0x000000008000152C (0x000E8E93) addi t4, t4, 0x0
x29 <- 0x000000000040C000

mem[X,0x0000000080001530] -> 0x9E93
mem[X,0x0000000080001532] -> 0x00BE
[1361] [M]: 0x0000000080001530 (0x00BE9E93) slli t4, t4, 0xb
x29 <- 0x0000000206000000

mem[X,0x0000000080001534] -> 0x8E93
mem[X,0x0000000080001536] -> 0x010E
[1362] [M]: 0x0000000080001534 (0x010E8E93) addi t4, t4, 0x10
x29 <- 0x0000000206000010

mem[X,0x0000000080001538] -> 0x9E93
mem[X,0x000000008000153A] -> 0x00BE
[1363] [M]: 0x0000000080001538 (0x00BE9E93) slli t4, t4, 0xb
x29 <- 0x0000103000008000

mem[X,0x000000008000153C] -> 0x8E93
mem[X,0x000000008000153E] -> 0x03FE
[1364] [M]: 0x000000008000153C (0x03FE8E93) addi t4, t4, 0x3f
x29 <- 0x000010300000803F

mem[X,0x0000000080001540] -> 0x9E93
mem[X,0x0000000080001542] -> 0x00AE
[1365] [M]: 0x0000000080001540 (0x00AE9E93) slli t4, t4, 0xa
x29 <- 0x0040C0000200FC00

mem[X,0x0000000080001544] -> 0x8E93
mem[X,0x0000000080001546] -> 0x3F7E
[1366] [M]: 0x0000000080001544 (0x3F7E8E93) addi t4, t4, 0x3f7
x29 <- 0x0040C0000200FFF7

mem[X,0x0000000080001548] -> 0x7FBB
mem[X,0x000000008000154A] -> 0xB5DF
[1367] [M]: 0x0000000080001548 (0xB5DF7FBB) pmulhsu.h.bo t6, t5, t4
x31 <- 0x000000BF000000FE

mem[X,0x000000008000154C] -> 0xB423
mem[X,0x000000008000154E] -> 0x15F0
[1368] [M]: 0x000000008000154C (0x15F0B423) sd t6, 0x148(ra)
mem[0x0000000080004348] <- 0x000000BF000000FE

mem[X,0x0000000080001550] -> 0x0F37
mem[X,0x0000000080001552] -> 0x1001
[1369] [M]: 0x0000000080001550 (0x10010F37) lui t5, 0x10010
x30 <- 0x0000000010010000

mem[X,0x0000000080001554] -> 0x0F13
mem[X,0x0000000080001556] -> 0xFFBF
[1370] [M]: 0x0000000080001554 (0xFFBF0F13) addi t5, t5, -0x5
x30 <- 0x000000001000FFFB

mem[X,0x0000000080001558] -> 0x1F13
mem[X,0x000000008000155A] -> 0x00BF
[1371] [M]: 0x0000000080001558 (0x00BF1F13) slli t5, t5, 0xb
x30 <- 0x0000008007FFD800

mem[X,0x000000008000155C] -> 0x0F13
mem[X,0x000000008000155E] -> 0x7DFF
[1372] [M]: 0x000000008000155C (0x7DFF0F13) addi t5, t5, 0x7df
x30 <- 0x0000008007FFDFDF

mem[X,0x0000000080001560] -> 0x1F13
mem[X,0x0000000080001562] -> 0x00BF
[1373] [M]: 0x0000000080001560 (0x00BF1F13) slli t5, t5, 0xb
x30 <- 0x0004003FFEFEF800

mem[X,0x0000000080001564] -> 0x0F13
mem[X,0x0000000080001566] -> 0x7FFF
[1374] [M]: 0x0000000080001564 (0x7FFF0F13) addi t5, t5, 0x7ff
x30 <- 0x0004003FFEFEFFFF

mem[X,0x0000000080001568] -> 0x1F13
mem[X,0x000000008000156A] -> 0x00AF
[1375] [M]: 0x0000000080001568 (0x00AF1F13) slli t5, t5, 0xa
x30 <- 0x1000FFFBFBFFFC00

mem[X,0x000000008000156C] -> 0x0F13
mem[X,0x000000008000156E] -> 0x37FF
[1376] [M]: 0x000000008000156C (0x37FF0F13) addi t5, t5, 0x37f
x30 <- 0x1000FFFBFBFFFF7F

mem[X,0x0000000080001570] -> 0x0EB7
mem[X,0x0000000080001572] -> 0x8000
[1377] [M]: 0x0000000080001570 (0x80000EB7) lui t4, -0x80000
x29 <- 0xFFFFFFFF80000000

mem[X,0x0000000080001574] -> 0x8E93
mem[X,0x0000000080001576] -> 0xDFFE
[1378] [M]: 0x0000000080001574 (0xDFFE8E93) addi t4, t4, -0x201
x29 <- 0xFFFFFFFF7FFFFDFF

mem[X,0x0000000080001578] -> 0x9E93
mem[X,0x000000008000157A] -> 0x00BE
[1379] [M]: 0x0000000080001578 (0x00BE9E93) slli t4, t4, 0xb
x29 <- 0xFFFFFBFFFFEFF800

mem[X,0x000000008000157C] -> 0x8E93
mem[X,0x000000008000157E] -> 0x000E
[1380] [M]: 0x000000008000157C (0x000E8E93) addi t4, t4, 0x0
x29 <- 0xFFFFFBFFFFEFF800

mem[X,0x0000000080001580] -> 0x9E93
mem[X,0x0000000080001582] -> 0x00BE
[1381] [M]: 0x0000000080001580 (0x00BE9E93) slli t4, t4, 0xb
x29 <- 0xFFDFFFFF7FC00000

mem[X,0x0000000080001584] -> 0x8E93
mem[X,0x0000000080001586] -> 0x17FE
[1382] [M]: 0x0000000080001584 (0x17FE8E93) addi t4, t4, 0x17f
x29 <- 0xFFDFFFFF7FC0017F

mem[X,0x0000000080001588] -> 0x9E93
mem[X,0x000000008000158A] -> 0x00AE
[1383] [M]: 0x0000000080001588 (0x00AE9E93) slli t4, t4, 0xa
x29 <- 0x7FFFFDFF0005FC00

mem[X,0x000000008000158C] -> 0x8E93
mem[X,0x000000008000158E] -> 0x3EFE
[1384] [M]: 0x000000008000158C (0x3EFE8E93) addi t4, t4, 0x3ef
x29 <- 0x7FFFFDFF0005FFEF

mem[X,0x0000000080001590] -> 0x7FBB
mem[X,0x0000000080001592] -> 0xB5DF
[1385] [M]: 0x0000000080001590 (0xB5DF7FBB) pmulhsu.h.bo t6, t5, t4
x31 <- 0x000700FC000000FE

mem[X,0x0000000080001594] -> 0xB823
mem[X,0x0000000080001596] -> 0x15F0
[1386] [M]: 0x0000000080001594 (0x15F0B823) sd t6, 0x150(ra)
mem[0x0000000080004350] <- 0x000700FC000000FE

mem[X,0x0000000080001598] -> 0x8F37
mem[X,0x000000008000159A] -> 0xFFF9
[1387] [M]: 0x0000000080001598 (0xFFF98F37) lui t5, -0x68
x30 <- 0xFFFFFFFFFFF98000

mem[X,0x000000008000159C] -> 0x0F13
mem[X,0x000000008000159E] -> 0xFFFF
[1388] [M]: 0x000000008000159C (0xFFFF0F13) addi t5, t5, -0x1
x30 <- 0xFFFFFFFFFFF97FFF

mem[X,0x00000000800015A0] -> 0x1F13
mem[X,0x00000000800015A2] -> 0x00BF
[1389] [M]: 0x00000000800015A0 (0x00BF1F13) slli t5, t5, 0xb
x30 <- 0xFFFFFFFFCBFFF800

mem[X,0x00000000800015A4] -> 0x0F13
mem[X,0x00000000800015A6] -> 0x000F
[1390] [M]: 0x00000000800015A4 (0x000F0F13) addi t5, t5, 0x0
x30 <- 0xFFFFFFFFCBFFF800

mem[X,0x00000000800015A8] -> 0x1F13
mem[X,0x00000000800015AA] -> 0x00BF
[1391] [M]: 0x00000000800015A8 (0x00BF1F13) slli t5, t5, 0xb
x30 <- 0xFFFFFE5FFFC00000

mem[X,0x00000000800015AC] -> 0x0F13
mem[X,0x00000000800015AE] -> 0x26AF
[1392] [M]: 0x00000000800015AC (0x26AF0F13) addi t5, t5, 0x26a
x30 <- 0xFFFFFE5FFFC0026A

mem[X,0x00000000800015B0] -> 0x1F13
mem[X,0x00000000800015B2] -> 0x00AF
[1393] [M]: 0x00000000800015B0 (0x00AF1F13) slli t5, t5, 0xa
x30 <- 0xFFF97FFF0009A800

mem[X,0x00000000800015B4] -> 0x0F13
mem[X,0x00000000800015B6] -> 0x2AAF
[1394] [M]: 0x00000000800015B4 (0x2AAF0F13) addi t5, t5, 0x2aa
x30 <- 0xFFF97FFF0009AAAA

mem[X,0x00000000800015B8] -> 0x0EB7
mem[X,0x00000000800015BA] -> 0xFF00
[1395] [M]: 0x00000000800015B8 (0xFF000EB7) lui t4, -0x1000
x29 <- 0xFFFFFFFFFF000000

mem[X,0x00000000800015BC] -> 0x8E93
mem[X,0x00000000800015BE] -> 0xFF8E
[1396] [M]: 0x00000000800015BC (0xFF8E8E93) addi t4, t4, -0x8
x29 <- 0xFFFFFFFFFEFFFFF8

mem[X,0x00000000800015C0] -> 0x9E93
mem[X,0x00000000800015C2] -> 0x00BE
[1397] [M]: 0x00000000800015C0 (0x00BE9E93) slli t4, t4, 0xb
x29 <- 0xFFFFFFF7FFFFC000

mem[X,0x00000000800015C4] -> 0x8E93
mem[X,0x00000000800015C6] -> 0x7FFE
[1398] [M]: 0x00000000800015C4 (0x7FFE8E93) addi t4, t4, 0x7ff
x29 <- 0xFFFFFFF7FFFFC7FF

mem[X,0x00000000800015C8] -> 0x9E93
mem[X,0x00000000800015CA] -> 0x00BE
[1399] [M]: 0x00000000800015C8 (0x00BE9E93) slli t4, t4, 0xb
x29 <- 0xFFFFBFFFFE3FF800

clint::tick mtime <- 0x000000000000000E
 clint timer pending at mtime 0x000000000000000E
htif::tick 0x0000000000000000
mem[X,0x00000000800015CC] -> 0x8E93
mem[X,0x00000000800015CE] -> 0x63FE
[1400] [M]: 0x00000000800015CC (0x63FE8E93) addi t4, t4, 0x63f
x29 <- 0xFFFFBFFFFE3FFE3F

mem[X,0x00000000800015D0] -> 0x9E93
mem[X,0x00000000800015D2] -> 0x00AE
[1401] [M]: 0x00000000800015D0 (0x00AE9E93) slli t4, t4, 0xa
x29 <- 0xFEFFFFF8FFF8FC00

mem[X,0x00000000800015D4] -> 0x8E93
mem[X,0x00000000800015D6] -> 0x37FE
[1402] [M]: 0x00000000800015D4 (0x37FE8E93) addi t4, t4, 0x37f
x29 <- 0xFEFFFFF8FFF8FF7F

mem[X,0x00000000800015D8] -> 0x7FBB
mem[X,0x00000000800015DA] -> 0xB5DF
[1403] [M]: 0x00000000800015D8 (0xB5DF7FBB) pmulhsu.h.bo t6, t5, t4
x31 <- 0x00FD007F000000A9

mem[X,0x00000000800015DC] -> 0xBC23
mem[X,0x00000000800015DE] -> 0x15F0
[1404] [M]: 0x00000000800015DC (0x15F0BC23) sd t6, 0x158(ra)
mem[0x0000000080004358] <- 0x00FD007F000000A9

mem[X,0x00000000800015E0] -> 0x0F37
mem[X,0x00000000800015E2] -> 0xFFFE
[1405] [M]: 0x00000000800015E0 (0xFFFE0F37) lui t5, -0x20
x30 <- 0xFFFFFFFFFFFE0000

mem[X,0x00000000800015E4] -> 0x0F13
mem[X,0x00000000800015E6] -> 0x040F
[1406] [M]: 0x00000000800015E4 (0x040F0F13) addi t5, t5, 0x40
x30 <- 0xFFFFFFFFFFFE0040

mem[X,0x00000000800015E8] -> 0x1F13
mem[X,0x00000000800015EA] -> 0x00BF
[1407] [M]: 0x00000000800015E8 (0x00BF1F13) slli t5, t5, 0xb
x30 <- 0xFFFFFFFFF0020000

mem[X,0x00000000800015EC] -> 0x0F13
mem[X,0x00000000800015EE] -> 0x000F
[1408] [M]: 0x00000000800015EC (0x000F0F13) addi t5, t5, 0x0
x30 <- 0xFFFFFFFFF0020000

mem[X,0x00000000800015F0] -> 0x1F13
mem[X,0x00000000800015F2] -> 0x00BF
[1409] [M]: 0x00000000800015F0 (0x00BF1F13) slli t5, t5, 0xb
x30 <- 0xFFFFFF8010000000

mem[X,0x00000000800015F4] -> 0x0F13
mem[X,0x00000000800015F6] -> 0x17FF
[1410] [M]: 0x00000000800015F4 (0x17FF0F13) addi t5, t5, 0x17f
x30 <- 0xFFFFFF801000017F

mem[X,0x00000000800015F8] -> 0x1F13
mem[X,0x00000000800015FA] -> 0x00AF
[1411] [M]: 0x00000000800015F8 (0x00AF1F13) slli t5, t5, 0xa
x30 <- 0xFFFE00400005FC00

mem[X,0x00000000800015FC] -> 0x0F13
mem[X,0x00000000800015FE] -> 0x1FFF
[1412] [M]: 0x00000000800015FC (0x1FFF0F13) addi t5, t5, 0x1ff
x30 <- 0xFFFE00400005FDFF

mem[X,0x0000000080001600] -> 0x0EB7
mem[X,0x0000000080001602] -> 0xFC00
[1413] [M]: 0x0000000080001600 (0xFC000EB7) lui t4, -0x4000
x29 <- 0xFFFFFFFFFC000000

mem[X,0x0000000080001604] -> 0x8E93
mem[X,0x0000000080001606] -> 0xFFAE
[1414] [M]: 0x0000000080001604 (0xFFAE8E93) addi t4, t4, -0x6
x29 <- 0xFFFFFFFFFBFFFFFA

mem[X,0x0000000080001608] -> 0x9E93
mem[X,0x000000008000160A] -> 0x00BE
[1415] [M]: 0x0000000080001608 (0x00BE9E93) slli t4, t4, 0xb
x29 <- 0xFFFFFFDFFFFFD000

mem[X,0x000000008000160C] -> 0x8E93
mem[X,0x000000008000160E] -> 0x100E
[1416] [M]: 0x000000008000160C (0x100E8E93) addi t4, t4, 0x100
x29 <- 0xFFFFFFDFFFFFD100

mem[X,0x0000000080001610] -> 0x9E93
mem[X,0x0000000080001612] -> 0x00BE
[1417] [M]: 0x0000000080001610 (0x00BE9E93) slli t4, t4, 0xb
x29 <- 0xFFFEFFFFFE880000

mem[X,0x0000000080001614] -> 0x8E93
mem[X,0x0000000080001616] -> 0x03FE
[1418] [M]: 0x0000000080001614 (0x03FE8E93) addi t4, t4, 0x3f
x29 <- 0xFFFEFFFFFE88003F

mem[X,0x0000000080001618] -> 0x9E93
mem[X,0x000000008000161A] -> 0x00AE
[1419] [M]: 0x0000000080001618 (0x00AE9E93) slli t4, t4, 0xa
x29 <- 0xFBFFFFFA2000FC00

mem[X,0x000000008000161C] -> 0x8E93
mem[X,0x000000008000161E] -> 0x2FFE
[1420] [M]: 0x000000008000161C (0x2FFE8E93) addi t4, t4, 0x2ff
x29 <- 0xFBFFFFFA2000FEFF

mem[X,0x0000000080001620] -> 0x7FBB
mem[X,0x0000000080001622] -> 0xB5DF
[1421] [M]: 0x0000000080001620 (0xB5DF7FBB) pmulhsu.h.bo t6, t5, t4
x31 <- 0x00FA0000000000FC

mem[X,0x0000000080001624] -> 0xB023
mem[X,0x0000000080001626] -> 0x17F0
[1422] [M]: 0x0000000080001624 (0x17F0B023) sd t6, 0x160(ra)
mem[0x0000000080004360] <- 0x00FA0000000000FC

mem[X,0x0000000080001628] -> 0x0F37
mem[X,0x000000008000162A] -> 0x0004
[1423] [M]: 0x0000000080001628 (0x00040F37) lui t5, 0x40
x30 <- 0x0000000000040000

mem[X,0x000000008000162C] -> 0x0F13
mem[X,0x000000008000162E] -> 0xDFFF
[1424] [M]: 0x000000008000162C (0xDFFF0F13) addi t5, t5, -0x201
x30 <- 0x000000000003FDFF

mem[X,0x0000000080001630] -> 0x1F13
mem[X,0x0000000080001632] -> 0x00BF
[1425] [M]: 0x0000000080001630 (0x00BF1F13) slli t5, t5, 0xb
x30 <- 0x000000001FEFF800

mem[X,0x0000000080001634] -> 0x0F13
mem[X,0x0000000080001636] -> 0x7FFF
[1426] [M]: 0x0000000080001634 (0x7FFF0F13) addi t5, t5, 0x7ff
x30 <- 0x000000001FEFFFFF

mem[X,0x0000000080001638] -> 0x1F13
mem[X,0x000000008000163A] -> 0x00BF
[1427] [M]: 0x0000000080001638 (0x00BF1F13) slli t5, t5, 0xb
x30 <- 0x000000FF7FFFF800

mem[X,0x000000008000163C] -> 0x0F13
mem[X,0x000000008000163E] -> 0x7BBF
[1428] [M]: 0x000000008000163C (0x7BBF0F13) addi t5, t5, 0x7bb
x30 <- 0x000000FF7FFFFFBB

mem[X,0x0000000080001640] -> 0x1F13
mem[X,0x0000000080001642] -> 0x00AF
[1429] [M]: 0x0000000080001640 (0x00AF1F13) slli t5, t5, 0xa
x30 <- 0x0003FDFFFFFEEC00

mem[X,0x0000000080001644] -> 0x0F13
mem[X,0x0000000080001646] -> 0x3FFF
[1430] [M]: 0x0000000080001644 (0x3FFF0F13) addi t5, t5, 0x3ff
x30 <- 0x0003FDFFFFFEEFFF

mem[X,0x0000000080001648] -> 0x0EB7
mem[X,0x000000008000164A] -> 0x0081
[1431] [M]: 0x0000000080001648 (0x00810EB7) lui t4, 0x810
x29 <- 0x0000000000810000

mem[X,0x000000008000164C] -> 0x8E93
mem[X,0x000000008000164E] -> 0xBFFE
[1432] [M]: 0x000000008000164C (0xBFFE8E93) addi t4, t4, -0x401
x29 <- 0x000000000080FBFF

mem[X,0x0000000080001650] -> 0x9E93
mem[X,0x0000000080001652] -> 0x00BE
[1433] [M]: 0x0000000080001650 (0x00BE9E93) slli t4, t4, 0xb
x29 <- 0x0000000407DFF800

mem[X,0x0000000080001654] -> 0x8E93
mem[X,0x0000000080001656] -> 0x000E
[1434] [M]: 0x0000000080001654 (0x000E8E93) addi t4, t4, 0x0
x29 <- 0x0000000407DFF800

mem[X,0x0000000080001658] -> 0x9E93
mem[X,0x000000008000165A] -> 0x00BE
[1435] [M]: 0x0000000080001658 (0x00BE9E93) slli t4, t4, 0xb
x29 <- 0x0000203EFFC00000

mem[X,0x000000008000165C] -> 0x8E93
mem[X,0x000000008000165E] -> 0x27FE
[1436] [M]: 0x000000008000165C (0x27FE8E93) addi t4, t4, 0x27f
x29 <- 0x0000203EFFC0027F

mem[X,0x0000000080001660] -> 0x9E93
mem[X,0x0000000080001662] -> 0x00AE
[1437] [M]: 0x0000000080001660 (0x00AE9E93) slli t4, t4, 0xa
x29 <- 0x0080FBFF0009FC00

mem[X,0x0000000080001664] -> 0x8E93
mem[X,0x0000000080001666] -> 0x1FFE
[1438] [M]: 0x0000000080001664 (0x1FFE8E93) addi t4, t4, 0x1ff
x29 <- 0x0080FBFF0009FDFF

mem[X,0x0000000080001668] -> 0x7FBB
mem[X,0x000000008000166A] -> 0xB5DF
[1439] [M]: 0x0000000080001668 (0xB5DF7FBB) pmulhsu.h.bo t6, t5, t4
x31 <- 0x000000F9000000ED

mem[X,0x000000008000166C] -> 0xB423
mem[X,0x000000008000166E] -> 0x17F0
[1440] [M]: 0x000000008000166C (0x17F0B423) sd t6, 0x168(ra)
mem[0x0000000080004368] <- 0x000000F9000000ED

mem[X,0x0000000080001670] -> 0x0F37
mem[X,0x0000000080001672] -> 0xAAAB
[1441] [M]: 0x0000000080001670 (0xAAAB0F37) lui t5, -0x55550
x30 <- 0xFFFFFFFFAAAB0000

mem[X,0x0000000080001674] -> 0x0F13
mem[X,0x0000000080001676] -> 0xFDFF
[1442] [M]: 0x0000000080001674 (0xFDFF0F13) addi t5, t5, -0x21
x30 <- 0xFFFFFFFFAAAAFFDF

mem[X,0x0000000080001678] -> 0x1F13
mem[X,0x000000008000167A] -> 0x00BF
[1443] [M]: 0x0000000080001678 (0x00BF1F13) slli t5, t5, 0xb
x30 <- 0xFFFFFD5557FEF800

mem[X,0x000000008000167C] -> 0x0F13
mem[X,0x000000008000167E] -> 0x200F
[1444] [M]: 0x000000008000167C (0x200F0F13) addi t5, t5, 0x200
x30 <- 0xFFFFFD5557FEFA00

mem[X,0x0000000080001680] -> 0x1F13
mem[X,0x0000000080001682] -> 0x00BF
[1445] [M]: 0x0000000080001680 (0x00BF1F13) slli t5, t5, 0xb
x30 <- 0xFFEAAABFF7D00000

mem[X,0x0000000080001684] -> 0x0F13
mem[X,0x0000000080001686] -> 0x000F
[1446] [M]: 0x0000000080001684 (0x000F0F13) addi t5, t5, 0x0
x30 <- 0xFFEAAABFF7D00000

mem[X,0x0000000080001688] -> 0x1F13
mem[X,0x000000008000168A] -> 0x00AF
[1447] [M]: 0x0000000080001688 (0x00AF1F13) slli t5, t5, 0xa
x30 <- 0xAAAAFFDF40000000

mem[X,0x000000008000168C] -> 0x0F13
mem[X,0x000000008000168E] -> 0x001F
[1448] [M]: 0x000000008000168C (0x001F0F13) addi t5, t5, 0x1
x30 <- 0xAAAAFFDF40000001

mem[X,0x0000000080001690] -> 0x0EB7
mem[X,0x0000000080001692] -> 0xFFF9
[1449] [M]: 0x0000000080001690 (0xFFF90EB7) lui t4, -0x70
x29 <- 0xFFFFFFFFFFF90000

mem[X,0x0000000080001694] -> 0x8E93
mem[X,0x0000000080001696] -> 0xBFFE
[1450] [M]: 0x0000000080001694 (0xBFFE8E93) addi t4, t4, -0x401
x29 <- 0xFFFFFFFFFFF8FBFF

mem[X,0x0000000080001698] -> 0x9E93
mem[X,0x000000008000169A] -> 0x00BE
[1451] [M]: 0x0000000080001698 (0x00BE9E93) slli t4, t4, 0xb
x29 <- 0xFFFFFFFFC7DFF800

mem[X,0x000000008000169C] -> 0x8E93
mem[X,0x000000008000169E] -> 0x555E
[1452] [M]: 0x000000008000169C (0x555E8E93) addi t4, t4, 0x555
x29 <- 0xFFFFFFFFC7DFFD55

mem[X,0x00000000800016A0] -> 0x9E93
mem[X,0x00000000800016A2] -> 0x00BE
[1453] [M]: 0x00000000800016A0 (0x00BE9E93) slli t4, t4, 0xb
x29 <- 0xFFFFFE3EFFEAA800

mem[X,0x00000000800016A4] -> 0x8E93
mem[X,0x00000000800016A6] -> 0x295E
[1454] [M]: 0x00000000800016A4 (0x295E8E93) addi t4, t4, 0x295
x29 <- 0xFFFFFE3EFFEAAA95

mem[X,0x00000000800016A8] -> 0x9E93
mem[X,0x00000000800016AA] -> 0x00AE
[1455] [M]: 0x00000000800016A8 (0x00AE9E93) slli t4, t4, 0xa
x29 <- 0xFFF8FBFFAAAA5400

mem[X,0x00000000800016AC] -> 0x8E93
mem[X,0x00000000800016AE] -> 0x155E
[1456] [M]: 0x00000000800016AC (0x155E8E93) addi t4, t4, 0x155
x29 <- 0xFFF8FBFFAAAA5555

mem[X,0x00000000800016B0] -> 0x7FBB
mem[X,0x00000000800016B2] -> 0xB5DF
[1457] [M]: 0x00000000800016B0 (0xB5DF7FBB) pmulhsu.h.bo t6, t5, t4
x31 <- 0x00A900FA002A0000

mem[X,0x00000000800016B4] -> 0xB823
mem[X,0x00000000800016B6] -> 0x17F0
[1458] [M]: 0x00000000800016B4 (0x17F0B823) sd t6, 0x170(ra)
mem[0x0000000080004370] <- 0x00A900FA002A0000

mem[X,0x00000000800016B8] -> 0x0F37
mem[X,0x00000000800016BA] -> 0x0007
[1459] [M]: 0x00000000800016B8 (0x00070F37) lui t5, 0x70
x30 <- 0x0000000000070000

mem[X,0x00000000800016BC] -> 0x0F13
mem[X,0x00000000800016BE] -> 0xFFAF
[1460] [M]: 0x00000000800016BC (0xFFAF0F13) addi t5, t5, -0x6
x30 <- 0x000000000006FFFA

mem[X,0x00000000800016C0] -> 0x1F13
mem[X,0x00000000800016C2] -> 0x00BF
[1461] [M]: 0x00000000800016C0 (0x00BF1F13) slli t5, t5, 0xb
x30 <- 0x0000000037FFD000

mem[X,0x00000000800016C4] -> 0x0F13
mem[X,0x00000000800016C6] -> 0x7FFF
[1462] [M]: 0x00000000800016C4 (0x7FFF0F13) addi t5, t5, 0x7ff
x30 <- 0x0000000037FFD7FF

mem[X,0x00000000800016C8] -> 0x1F13
mem[X,0x00000000800016CA] -> 0x00BF
[1463] [M]: 0x00000000800016C8 (0x00BF1F13) slli t5, t5, 0xb
x30 <- 0x000001BFFEBFF800

mem[X,0x00000000800016CC] -> 0x0F13
mem[X,0x00000000800016CE] -> 0x5DFF
[1464] [M]: 0x00000000800016CC (0x5DFF0F13) addi t5, t5, 0x5df
x30 <- 0x000001BFFEBFFDDF

mem[X,0x00000000800016D0] -> 0x1F13
mem[X,0x00000000800016D2] -> 0x00AF
[1465] [M]: 0x00000000800016D0 (0x00AF1F13) slli t5, t5, 0xa
x30 <- 0x0006FFFAFFF77C00

mem[X,0x00000000800016D4] -> 0x0F13
mem[X,0x00000000800016D6] -> 0x3FFF
[1466] [M]: 0x00000000800016D4 (0x3FFF0F13) addi t5, t5, 0x3ff
x30 <- 0x0006FFFAFFF77FFF

mem[X,0x00000000800016D8] -> 0x0EB7
mem[X,0x00000000800016DA] -> 0xFFFE
[1467] [M]: 0x00000000800016D8 (0xFFFE0EB7) lui t4, -0x20
x29 <- 0xFFFFFFFFFFFE0000

mem[X,0x00000000800016DC] -> 0x8E93
mem[X,0x00000000800016DE] -> 0x080E
[1468] [M]: 0x00000000800016DC (0x080E8E93) addi t4, t4, 0x80
x29 <- 0xFFFFFFFFFFFE0080

mem[X,0x00000000800016E0] -> 0x9E93
mem[X,0x00000000800016E2] -> 0x00BE
[1469] [M]: 0x00000000800016E0 (0x00BE9E93) slli t4, t4, 0xb
x29 <- 0xFFFFFFFFF0040000

mem[X,0x00000000800016E4] -> 0x8E93
mem[X,0x00000000800016E6] -> 0x7FFE
[1470] [M]: 0x00000000800016E4 (0x7FFE8E93) addi t4, t4, 0x7ff
x29 <- 0xFFFFFFFFF00407FF

mem[X,0x00000000800016E8] -> 0x9E93
mem[X,0x00000000800016EA] -> 0x00BE
[1471] [M]: 0x00000000800016E8 (0x00BE9E93) slli t4, t4, 0xb
x29 <- 0xFFFFFF80203FF800

mem[X,0x00000000800016EC] -> 0x8E93
mem[X,0x00000000800016EE] -> 0x5AAE
[1472] [M]: 0x00000000800016EC (0x5AAE8E93) addi t4, t4, 0x5aa
x29 <- 0xFFFFFF80203FFDAA

mem[X,0x00000000800016F0] -> 0x9E93
mem[X,0x00000000800016F2] -> 0x00AE
[1473] [M]: 0x00000000800016F0 (0x00AE9E93) slli t4, t4, 0xa
x29 <- 0xFFFE0080FFF6A800

mem[X,0x00000000800016F4] -> 0x8E93
mem[X,0x00000000800016F6] -> 0x2AAE
[1474] [M]: 0x00000000800016F4 (0x2AAE8E93) addi t4, t4, 0x2aa
x29 <- 0xFFFE0080FFF6AAAA

mem[X,0x00000000800016F8] -> 0x7FBB
mem[X,0x00000000800016FA] -> 0xB5DF
[1475] [M]: 0x00000000800016F8 (0xB5DF7FBB) pmulhsu.h.bo t6, t5, t4
x31 <- 0x0000000000FE0054

mem[X,0x00000000800016FC] -> 0xBC23
mem[X,0x00000000800016FE] -> 0x17F0
[1476] [M]: 0x00000000800016FC (0x17F0BC23) sd t6, 0x178(ra)
mem[0x0000000080004378] <- 0x0000000000FE0054

mem[X,0x0000000080001700] -> 0x0F37
mem[X,0x0000000080001702] -> 0x0009
[1477] [M]: 0x0000000080001700 (0x00090F37) lui t5, 0x90
x30 <- 0x0000000000090000

mem[X,0x0000000080001704] -> 0x0F13
mem[X,0x0000000080001706] -> 0x006F
[1478] [M]: 0x0000000080001704 (0x006F0F13) addi t5, t5, 0x6
x30 <- 0x0000000000090006

mem[X,0x0000000080001708] -> 0x1F13
mem[X,0x000000008000170A] -> 0x00BF
[1479] [M]: 0x0000000080001708 (0x00BF1F13) slli t5, t5, 0xb
x30 <- 0x0000000048003000

mem[X,0x000000008000170C] -> 0x0F13
mem[X,0x000000008000170E] -> 0x7FFF
[1480] [M]: 0x000000008000170C (0x7FFF0F13) addi t5, t5, 0x7ff
x30 <- 0x00000000480037FF

mem[X,0x0000000080001710] -> 0x1F13
mem[X,0x0000000080001712] -> 0x00BF
[1481] [M]: 0x0000000080001710 (0x00BF1F13) slli t5, t5, 0xb
x30 <- 0x0000024001BFF800

mem[X,0x0000000080001714] -> 0x0F13
mem[X,0x0000000080001716] -> 0x3C8F
[1482] [M]: 0x0000000080001714 (0x3C8F0F13) addi t5, t5, 0x3c8
x30 <- 0x0000024001BFFBC8

mem[X,0x0000000080001718] -> 0x1F13
mem[X,0x000000008000171A] -> 0x00AF
[1483] [M]: 0x0000000080001718 (0x00AF1F13) slli t5, t5, 0xa
x30 <- 0x00090006FFEF2000

mem[X,0x000000008000171C] -> 0x0EB7
mem[X,0x000000008000171E] -> 0x0009
[1484] [M]: 0x000000008000171C (0x00090EB7) lui t4, 0x90
x29 <- 0x0000000000090000

mem[X,0x0000000080001720] -> 0x8E93
mem[X,0x0000000080001722] -> 0xFEFE
[1485] [M]: 0x0000000080001720 (0xFEFE8E93) addi t4, t4, -0x11
x29 <- 0x000000000008FFEF

mem[X,0x0000000080001724] -> 0x9E93
mem[X,0x0000000080001726] -> 0x00BE
[1486] [M]: 0x0000000080001724 (0x00BE9E93) slli t4, t4, 0xb
x29 <- 0x0000000047FF7800

mem[X,0x0000000080001728] -> 0x8E93
mem[X,0x000000008000172A] -> 0x7FFE
[1487] [M]: 0x0000000080001728 (0x7FFE8E93) addi t4, t4, 0x7ff
x29 <- 0x0000000047FF7FFF

mem[X,0x000000008000172C] -> 0x9E93
mem[X,0x000000008000172E] -> 0x00BE
[1488] [M]: 0x000000008000172C (0x00BE9E93) slli t4, t4, 0xb
x29 <- 0x0000023FFBFFF800

mem[X,0x0000000080001730] -> 0x8E93
mem[X,0x0000000080001732] -> 0x7EFE
[1489] [M]: 0x0000000080001730 (0x7EFE8E93) addi t4, t4, 0x7ef
x29 <- 0x0000023FFBFFFFEF

mem[X,0x0000000080001734] -> 0x9E93
mem[X,0x0000000080001736] -> 0x00AE
[1490] [M]: 0x0000000080001734 (0x00AE9E93) slli t4, t4, 0xa
x29 <- 0x0008FFEFFFFFBC00

mem[X,0x0000000080001738] -> 0x8E93
mem[X,0x000000008000173A] -> 0x3FFE
[1491] [M]: 0x0000000080001738 (0x3FFE8E93) addi t4, t4, 0x3ff
x29 <- 0x0008FFEFFFFFBFFF

mem[X,0x000000008000173C] -> 0x7FBB
mem[X,0x000000008000173E] -> 0xB5DF
[1492] [M]: 0x000000008000173C (0xB5DF7FBB) pmulhsu.h.bo t6, t5, t4
x31 <- 0x0000000000FE0017

mem[X,0x0000000080001740] -> 0xB023
mem[X,0x0000000080001742] -> 0x19F0
[1493] [M]: 0x0000000080001740 (0x19F0B023) sd t6, 0x180(ra)
mem[0x0000000080004380] <- 0x0000000000FE0017

mem[X,0x0000000080001744] -> 0xFF37
mem[X,0x0000000080001746] -> 0xFFFE
[1494] [M]: 0x0000000080001744 (0xFFFEFF37) lui t5, -0x11
x30 <- 0xFFFFFFFFFFFEF000

mem[X,0x0000000080001748] -> 0x0F13
mem[X,0x000000008000174A] -> 0xFFFF
[1495] [M]: 0x0000000080001748 (0xFFFF0F13) addi t5, t5, -0x1
x30 <- 0xFFFFFFFFFFFEEFFF

mem[X,0x000000008000174C] -> 0x1F13
mem[X,0x000000008000174E] -> 0x00BF
[1496] [M]: 0x000000008000174C (0x00BF1F13) slli t5, t5, 0xb
x30 <- 0xFFFFFFFFF77FF800

mem[X,0x0000000080001750] -> 0x0F13
mem[X,0x0000000080001752] -> 0x7FDF
[1497] [M]: 0x0000000080001750 (0x7FDF0F13) addi t5, t5, 0x7fd
x30 <- 0xFFFFFFFFF77FFFFD

mem[X,0x0000000080001754] -> 0x1F13
mem[X,0x0000000080001756] -> 0x00BF
[1498] [M]: 0x0000000080001754 (0x00BF1F13) slli t5, t5, 0xb
x30 <- 0xFFFFFFBBFFFFE800

mem[X,0x0000000080001758] -> 0x0F13
mem[X,0x000000008000175A] -> 0x7C0F
[1499] [M]: 0x0000000080001758 (0x7C0F0F13) addi t5, t5, 0x7c0
x30 <- 0xFFFFFFBBFFFFEFC0

clint::tick mtime <- 0x000000000000000F
 clint timer pending at mtime 0x000000000000000F
htif::tick 0x0000000000000000
mem[X,0x000000008000175C] -> 0x1F13
mem[X,0x000000008000175E] -> 0x00AF
[1500] [M]: 0x000000008000175C (0x00AF1F13) slli t5, t5, 0xa
x30 <- 0xFFFEEFFFFFBF0000

mem[X,0x0000000080001760] -> 0x0F13
mem[X,0x0000000080001762] -> 0x004F
[1501] [M]: 0x0000000080001760 (0x004F0F13) addi t5, t5, 0x4
x30 <- 0xFFFEEFFFFFBF0004

mem[X,0x0000000080001764] -> 0x0EB7
mem[X,0x0000000080001766] -> 0xFFBF
[1502] [M]: 0x0000000080001764 (0xFFBF0EB7) lui t4, -0x410
x29 <- 0xFFFFFFFFFFBF0000

mem[X,0x0000000080001768] -> 0x8E93
mem[X,0x000000008000176A] -> 0x000E
[1503] [M]: 0x0000000080001768 (0x000E8E93) addi t4, t4, 0x0
x29 <- 0xFFFFFFFFFFBF0000

mem[X,0x000000008000176C] -> 0x9E93
mem[X,0x000000008000176E] -> 0x00BE
[1504] [M]: 0x000000008000176C (0x00BE9E93) slli t4, t4, 0xb
x29 <- 0xFFFFFFFDF8000000

mem[X,0x0000000080001770] -> 0x8E93
mem[X,0x0000000080001772] -> 0x7FFE
[1505] [M]: 0x0000000080001770 (0x7FFE8E93) addi t4, t4, 0x7ff
x29 <- 0xFFFFFFFDF80007FF

mem[X,0x0000000080001774] -> 0x9E93
mem[X,0x0000000080001776] -> 0x00BE
[1506] [M]: 0x0000000080001774 (0x00BE9E93) slli t4, t4, 0xb
x29 <- 0xFFFFEFC0003FF800

mem[X,0x0000000080001778] -> 0x8E93
mem[X,0x000000008000177A] -> 0x3C0E
[1507] [M]: 0x0000000080001778 (0x3C0E8E93) addi t4, t4, 0x3c0
x29 <- 0xFFFFEFC0003FFBC0

mem[X,0x000000008000177C] -> 0x9E93
mem[X,0x000000008000177E] -> 0x00AE
[1508] [M]: 0x000000008000177C (0x00AE9E93) slli t4, t4, 0xa
x29 <- 0xFFBF0000FFEF0000

mem[X,0x0000000080001780] -> 0x8E93
mem[X,0x0000000080001782] -> 0x008E
[1509] [M]: 0x0000000080001780 (0x008E8E93) addi t4, t4, 0x8
x29 <- 0xFFBF0000FFEF0008

mem[X,0x0000000080001784] -> 0x7FBB
mem[X,0x0000000080001786] -> 0xB5DF
[1510] [M]: 0x0000000080001784 (0xB5DF7FBB) pmulhsu.h.bo t6, t5, t4
x31 <- 0x00FE000000FE0000

mem[X,0x0000000080001788] -> 0xB423
mem[X,0x000000008000178A] -> 0x19F0
[1511] [M]: 0x0000000080001788 (0x19F0B423) sd t6, 0x188(ra)
mem[0x0000000080004388] <- 0x00FE000000FE0000

mem[X,0x000000008000178C] -> 0x0F37
mem[X,0x000000008000178E] -> 0x0020
[1512] [M]: 0x000000008000178C (0x00200F37) lui t5, 0x200
x30 <- 0x0000000000200000

mem[X,0x0000000080001790] -> 0x0F13
mem[X,0x0000000080001792] -> 0x040F
[1513] [M]: 0x0000000080001790 (0x040F0F13) addi t5, t5, 0x40
x30 <- 0x0000000000200040

mem[X,0x0000000080001794] -> 0x1F13
mem[X,0x0000000080001796] -> 0x00BF
[1514] [M]: 0x0000000080001794 (0x00BF1F13) slli t5, t5, 0xb
x30 <- 0x0000000100020000

mem[X,0x0000000080001798] -> 0x0F13
mem[X,0x000000008000179A] -> 0x000F
[1515] [M]: 0x0000000080001798 (0x000F0F13) addi t5, t5, 0x0
x30 <- 0x0000000100020000

mem[X,0x000000008000179C] -> 0x1F13
mem[X,0x000000008000179E] -> 0x00BF
[1516] [M]: 0x000000008000179C (0x00BF1F13) slli t5, t5, 0xb
x30 <- 0x0000080010000000

mem[X,0x00000000800017A0] -> 0x0F13
mem[X,0x00000000800017A2] -> 0x16FF
[1517] [M]: 0x00000000800017A0 (0x16FF0F13) addi t5, t5, 0x16f
x30 <- 0x000008001000016F

mem[X,0x00000000800017A4] -> 0x1F13
mem[X,0x00000000800017A6] -> 0x00AF
[1518] [M]: 0x00000000800017A4 (0x00AF1F13) slli t5, t5, 0xa
x30 <- 0x002000400005BC00

mem[X,0x00000000800017A8] -> 0x0F13
mem[X,0x00000000800017AA] -> 0x3FFF
[1519] [M]: 0x00000000800017A8 (0x3FFF0F13) addi t5, t5, 0x3ff
x30 <- 0x002000400005BFFF

mem[X,0x00000000800017AC] -> 0x0EB7
mem[X,0x00000000800017AE] -> 0x4000
[1520] [M]: 0x00000000800017AC (0x40000EB7) lui t4, 0x40000
x29 <- 0x0000000040000000

mem[X,0x00000000800017B0] -> 0x8E93
mem[X,0x00000000800017B2] -> 0x009E
[1521] [M]: 0x00000000800017B0 (0x009E8E93) addi t4, t4, 0x9
x29 <- 0x0000000040000009

mem[X,0x00000000800017B4] -> 0x9E93
mem[X,0x00000000800017B6] -> 0x00BE
[1522] [M]: 0x00000000800017B4 (0x00BE9E93) slli t4, t4, 0xb
x29 <- 0x0000020000004800

mem[X,0x00000000800017B8] -> 0x8E93
mem[X,0x00000000800017BA] -> 0x002E
[1523] [M]: 0x00000000800017B8 (0x002E8E93) addi t4, t4, 0x2
x29 <- 0x0000020000004802

mem[X,0x00000000800017BC] -> 0x9E93
mem[X,0x00000000800017BE] -> 0x00BE
[1524] [M]: 0x00000000800017BC (0x00BE9E93) slli t4, t4, 0xb
x29 <- 0x0010000002401000

mem[X,0x00000000800017C0] -> 0x8E93
mem[X,0x00000000800017C2] -> 0x000E
[1525] [M]: 0x00000000800017C0 (0x000E8E93) addi t4, t4, 0x0
x29 <- 0x0010000002401000

mem[X,0x00000000800017C4] -> 0x9E93
mem[X,0x00000000800017C6] -> 0x00AE
[1526] [M]: 0x00000000800017C4 (0x00AE9E93) slli t4, t4, 0xa
x29 <- 0x4000000900400000

mem[X,0x00000000800017C8] -> 0x7FBB
mem[X,0x00000000800017CA] -> 0xB5DF
[1527] [M]: 0x00000000800017C8 (0xB5DF7FBB) pmulhsu.h.bo t6, t5, t4
x31 <- 0x0000000000000000

mem[X,0x00000000800017CC] -> 0xB823
mem[X,0x00000000800017CE] -> 0x19F0
[1528] [M]: 0x00000000800017CC (0x19F0B823) sd t6, 0x190(ra)
mem[0x0000000080004390] <- 0x0000000000000000

mem[X,0x00000000800017D0] -> 0x0F37
mem[X,0x00000000800017D2] -> 0xFF00
[1529] [M]: 0x00000000800017D0 (0xFF000F37) lui t5, -0x1000
x30 <- 0xFFFFFFFFFF000000

mem[X,0x00000000800017D4] -> 0x0F13
mem[X,0x00000000800017D6] -> 0xFEFF
[1530] [M]: 0x00000000800017D4 (0xFEFF0F13) addi t5, t5, -0x11
x30 <- 0xFFFFFFFFFEFFFFEF

mem[X,0x00000000800017D8] -> 0x1F13
mem[X,0x00000000800017DA] -> 0x00BF
[1531] [M]: 0x00000000800017D8 (0x00BF1F13) slli t5, t5, 0xb
x30 <- 0xFFFFFFF7FFFF7800

mem[X,0x00000000800017DC] -> 0x0F13
mem[X,0x00000000800017DE] -> 0x7EFF
[1532] [M]: 0x00000000800017DC (0x7EFF0F13) addi t5, t5, 0x7ef
x30 <- 0xFFFFFFF7FFFF7FEF

mem[X,0x00000000800017E0] -> 0x1F13
mem[X,0x00000000800017E2] -> 0x00BF
[1533] [M]: 0x00000000800017E0 (0x00BF1F13) slli t5, t5, 0xb
x30 <- 0xFFFFBFFFFBFF7800

mem[X,0x00000000800017E4] -> 0x0F13
mem[X,0x00000000800017E6] -> 0x7C0F
[1534] [M]: 0x00000000800017E4 (0x7C0F0F13) addi t5, t5, 0x7c0
x30 <- 0xFFFFBFFFFBFF7FC0

mem[X,0x00000000800017E8] -> 0x1F13
mem[X,0x00000000800017EA] -> 0x00AF
[1535] [M]: 0x00000000800017E8 (0x00AF1F13) slli t5, t5, 0xa
x30 <- 0xFEFFFFEFFDFF0000

mem[X,0x00000000800017EC] -> 0x0F13
mem[X,0x00000000800017EE] -> 0x004F
[1536] [M]: 0x00000000800017EC (0x004F0F13) addi t5, t5, 0x4
x30 <- 0xFEFFFFEFFDFF0004

mem[X,0x00000000800017F0] -> 0xBEB7
mem[X,0x00000000800017F2] -> 0xFFFA
[1537] [M]: 0x00000000800017F0 (0xFFFABEB7) lui t4, -0x55
x29 <- 0xFFFFFFFFFFFAB000

mem[X,0x00000000800017F4] -> 0x8E93
mem[X,0x00000000800017F6] -> 0xAAAE
[1538] [M]: 0x00000000800017F4 (0xAAAE8E93) addi t4, t4, -0x556
x29 <- 0xFFFFFFFFFFFAAAAA

mem[X,0x00000000800017F8] -> 0x9E93
mem[X,0x00000000800017FA] -> 0x00BE
[1539] [M]: 0x00000000800017F8 (0x00BE9E93) slli t4, t4, 0xb
x29 <- 0xFFFFFFFFD5555000

mem[X,0x00000000800017FC] -> 0x8E93
mem[X,0x00000000800017FE] -> 0x5FFE
[1540] [M]: 0x00000000800017FC (0x5FFE8E93) addi t4, t4, 0x5ff
x29 <- 0xFFFFFFFFD55555FF

mem[X,0x0000000080001800] -> 0x9E93
mem[X,0x0000000080001802] -> 0x00BE
[1541] [M]: 0x0000000080001800 (0x00BE9E93) slli t4, t4, 0xb
x29 <- 0xFFFFFEAAAAAFF800

mem[X,0x0000000080001804] -> 0x8E93
mem[X,0x0000000080001806] -> 0x7FFE
[1542] [M]: 0x0000000080001804 (0x7FFE8E93) addi t4, t4, 0x7ff
x29 <- 0xFFFFFEAAAAAFFFFF

mem[X,0x0000000080001808] -> 0x9E93
mem[X,0x000000008000180A] -> 0x00AE
[1543] [M]: 0x0000000080001808 (0x00AE9E93) slli t4, t4, 0xa
x29 <- 0xFFFAAAAABFFFFC00

mem[X,0x000000008000180C] -> 0x8E93
mem[X,0x000000008000180E] -> 0x37FE
[1544] [M]: 0x000000008000180C (0x37FE8E93) addi t4, t4, 0x37f
x29 <- 0xFFFAAAAABFFFFF7F

mem[X,0x0000000080001810] -> 0x7FBB
mem[X,0x0000000080001812] -> 0xB5DF
[1545] [M]: 0x0000000080001810 (0xB5DF7FBB) pmulhsu.h.bo t6, t5, t4
x31 <- 0x00FE00A900BD0000

mem[X,0x0000000080001814] -> 0xBC23
mem[X,0x0000000080001816] -> 0x19F0
[1546] [M]: 0x0000000080001814 (0x19F0BC23) sd t6, 0x198(ra)
mem[0x0000000080004398] <- 0x00FE00A900BD0000

mem[X,0x0000000080001818] -> 0x0F37
mem[X,0x000000008000181A] -> 0xFFFE
[1547] [M]: 0x0000000080001818 (0xFFFE0F37) lui t5, -0x20
x30 <- 0xFFFFFFFFFFFE0000

mem[X,0x000000008000181C] -> 0x0F13
mem[X,0x000000008000181E] -> 0x080F
[1548] [M]: 0x000000008000181C (0x080F0F13) addi t5, t5, 0x80
x30 <- 0xFFFFFFFFFFFE0080

mem[X,0x0000000080001820] -> 0x1F13
mem[X,0x0000000080001822] -> 0x00BF
[1549] [M]: 0x0000000080001820 (0x00BF1F13) slli t5, t5, 0xb
x30 <- 0xFFFFFFFFF0040000

mem[X,0x0000000080001824] -> 0x0F13
mem[X,0x0000000080001826] -> 0x77FF
[1550] [M]: 0x0000000080001824 (0x77FF0F13) addi t5, t5, 0x77f
x30 <- 0xFFFFFFFFF004077F

mem[X,0x0000000080001828] -> 0x1F13
mem[X,0x000000008000182A] -> 0x00BF
[1551] [M]: 0x0000000080001828 (0x00BF1F13) slli t5, t5, 0xb
x30 <- 0xFFFFFF80203BF800

mem[X,0x000000008000182C] -> 0x0F13
mem[X,0x000000008000182E] -> 0x7C2F
[1552] [M]: 0x000000008000182C (0x7C2F0F13) addi t5, t5, 0x7c2
x30 <- 0xFFFFFF80203BFFC2

mem[X,0x0000000080001830] -> 0x1F13
mem[X,0x0000000080001832] -> 0x00AF
[1553] [M]: 0x0000000080001830 (0x00AF1F13) slli t5, t5, 0xa
x30 <- 0xFFFE0080EFFF0800

mem[X,0x0000000080001834] -> 0x0EB7
mem[X,0x0000000080001836] -> 0x0041
[1554] [M]: 0x0000000080001834 (0x00410EB7) lui t4, 0x410
x29 <- 0x0000000000410000

mem[X,0x0000000080001838] -> 0x8E93
mem[X,0x000000008000183A] -> 0xEFFE
[1555] [M]: 0x0000000080001838 (0xEFFE8E93) addi t4, t4, -0x101
x29 <- 0x000000000040FEFF

mem[X,0x000000008000183C] -> 0x9E93
mem[X,0x000000008000183E] -> 0x00BE
[1556] [M]: 0x000000008000183C (0x00BE9E93) slli t4, t4, 0xb
x29 <- 0x0000000207F7F800

mem[X,0x0000000080001840] -> 0x8E93
mem[X,0x0000000080001842] -> 0x600E
[1557] [M]: 0x0000000080001840 (0x600E8E93) addi t4, t4, 0x600
x29 <- 0x0000000207F7FE00

mem[X,0x0000000080001844] -> 0x9E93
mem[X,0x0000000080001846] -> 0x00BE
[1558] [M]: 0x0000000080001844 (0x00BE9E93) slli t4, t4, 0xb
x29 <- 0x0000103FBFF00000

mem[X,0x0000000080001848] -> 0x8E93
mem[X,0x000000008000184A] -> 0x03FE
[1559] [M]: 0x0000000080001848 (0x03FE8E93) addi t4, t4, 0x3f
x29 <- 0x0000103FBFF0003F

mem[X,0x000000008000184C] -> 0x9E93
mem[X,0x000000008000184E] -> 0x00AE
[1560] [M]: 0x000000008000184C (0x00AE9E93) slli t4, t4, 0xa
x29 <- 0x0040FEFFC000FC00

mem[X,0x0000000080001850] -> 0x8E93
mem[X,0x0000000080001852] -> 0x3BFE
[1561] [M]: 0x0000000080001850 (0x3BFE8E93) addi t4, t4, 0x3bf
x29 <- 0x0040FEFFC000FFBF

mem[X,0x0000000080001854] -> 0x7FBB
mem[X,0x0000000080001856] -> 0xB5DF
[1562] [M]: 0x0000000080001854 (0xB5DF7FBB) pmulhsu.h.bo t6, t5, t4
x31 <- 0x0000000000B30007

mem[X,0x0000000080001858] -> 0xB023
mem[X,0x000000008000185A] -> 0x1BF0
[1563] [M]: 0x0000000080001858 (0x1BF0B023) sd t6, 0x1a0(ra)
mem[0x00000000800043A0] <- 0x0000000000B30007

mem[X,0x000000008000185C] -> 0x0F37
mem[X,0x000000008000185E] -> 0x7FFF
[1564] [M]: 0x000000008000185C (0x7FFF0F37) lui t5, 0x7fff0
x30 <- 0x000000007FFF0000

mem[X,0x0000000080001860] -> 0x0F13
mem[X,0x0000000080001862] -> 0x001F
[1565] [M]: 0x0000000080001860 (0x001F0F13) addi t5, t5, 0x1
x30 <- 0x000000007FFF0001

mem[X,0x0000000080001864] -> 0x1F13
mem[X,0x0000000080001866] -> 0x00BF
[1566] [M]: 0x0000000080001864 (0x00BF1F13) slli t5, t5, 0xb
x30 <- 0x000003FFF8000800

mem[X,0x0000000080001868] -> 0x0F13
mem[X,0x000000008000186A] -> 0x7FFF
[1567] [M]: 0x0000000080001868 (0x7FFF0F13) addi t5, t5, 0x7ff
x30 <- 0x000003FFF8000FFF

mem[X,0x000000008000186C] -> 0x1F13
mem[X,0x000000008000186E] -> 0x00BF
[1568] [M]: 0x000000008000186C (0x00BF1F13) slli t5, t5, 0xb
x30 <- 0x001FFFC0007FF800

mem[X,0x0000000080001870] -> 0x0F13
mem[X,0x0000000080001872] -> 0x660F
[1569] [M]: 0x0000000080001870 (0x660F0F13) addi t5, t5, 0x660
x30 <- 0x001FFFC0007FFE60

mem[X,0x0000000080001874] -> 0x1F13
mem[X,0x0000000080001876] -> 0x00AF
[1570] [M]: 0x0000000080001874 (0x00AF1F13) slli t5, t5, 0xa
x30 <- 0x7FFF0001FFF98000

mem[X,0x0000000080001878] -> 0x0EB7
mem[X,0x000000008000187A] -> 0x7FFF
[1571] [M]: 0x0000000080001878 (0x7FFF0EB7) lui t4, 0x7fff0
x29 <- 0x000000007FFF0000

mem[X,0x000000008000187C] -> 0x8E93
mem[X,0x000000008000187E] -> 0x003E
[1572] [M]: 0x000000008000187C (0x003E8E93) addi t4, t4, 0x3
x29 <- 0x000000007FFF0003

mem[X,0x0000000080001880] -> 0x9E93
mem[X,0x0000000080001882] -> 0x00BE
[1573] [M]: 0x0000000080001880 (0x00BE9E93) slli t4, t4, 0xb
x29 <- 0x000003FFF8001800

mem[X,0x0000000080001884] -> 0x8E93
mem[X,0x0000000080001886] -> 0x5FFE
[1574] [M]: 0x0000000080001884 (0x5FFE8E93) addi t4, t4, 0x5ff
x29 <- 0x000003FFF8001DFF

mem[X,0x0000000080001888] -> 0x9E93
mem[X,0x000000008000188A] -> 0x00BE
[1575] [M]: 0x0000000080001888 (0x00BE9E93) slli t4, t4, 0xb
x29 <- 0x001FFFC000EFF800

mem[X,0x000000008000188C] -> 0x8E93
mem[X,0x000000008000188E] -> 0x7FFE
[1576] [M]: 0x000000008000188C (0x7FFE8E93) addi t4, t4, 0x7ff
x29 <- 0x001FFFC000EFFFFF

mem[X,0x0000000080001890] -> 0x9E93
mem[X,0x0000000080001892] -> 0x00AE
[1577] [M]: 0x0000000080001890 (0x00AE9E93) slli t4, t4, 0xa
x29 <- 0x7FFF0003BFFFFC00

mem[X,0x0000000080001894] -> 0x8E93
mem[X,0x0000000080001896] -> 0x2FFE
[1578] [M]: 0x0000000080001894 (0x2FFE8E93) addi t4, t4, 0x2ff
x29 <- 0x7FFF0003BFFFFEFF

mem[X,0x0000000080001898] -> 0x7FBB
mem[X,0x000000008000189A] -> 0xB5DF
[1579] [M]: 0x0000000080001898 (0xB5DF7FBB) pmulhsu.h.bo t6, t5, t4
x31 <- 0x003F000000BE007F

mem[X,0x000000008000189C] -> 0xB423
mem[X,0x000000008000189E] -> 0x1BF0
[1580] [M]: 0x000000008000189C (0x1BF0B423) sd t6, 0x1a8(ra)
mem[0x00000000800043A8] <- 0x003F000000BE007F

mem[X,0x00000000800018A0] -> 0x0F37
mem[X,0x00000000800018A2] -> 0xF800
[1581] [M]: 0x00000000800018A0 (0xF8000F37) lui t5, -0x8000
x30 <- 0xFFFFFFFFF8000000

mem[X,0x00000000800018A4] -> 0x0F13
mem[X,0x00000000800018A6] -> 0xFFCF
[1582] [M]: 0x00000000800018A4 (0xFFCF0F13) addi t5, t5, -0x4
x30 <- 0xFFFFFFFFF7FFFFFC

mem[X,0x00000000800018A8] -> 0x1F13
mem[X,0x00000000800018AA] -> 0x00BF
[1583] [M]: 0x00000000800018A8 (0x00BF1F13) slli t5, t5, 0xb
x30 <- 0xFFFFFFBFFFFFE000

mem[X,0x00000000800018AC] -> 0x0F13
mem[X,0x00000000800018AE] -> 0x000F
[1584] [M]: 0x00000000800018AC (0x000F0F13) addi t5, t5, 0x0
x30 <- 0xFFFFFFBFFFFFE000

mem[X,0x00000000800018B0] -> 0x1F13
mem[X,0x00000000800018B2] -> 0x00BF
[1585] [M]: 0x00000000800018B0 (0x00BF1F13) slli t5, t5, 0xb
x30 <- 0xFFFDFFFFFF000000

mem[X,0x00000000800018B4] -> 0x0F13
mem[X,0x00000000800018B6] -> 0x03FF
[1586] [M]: 0x00000000800018B4 (0x03FF0F13) addi t5, t5, 0x3f
x30 <- 0xFFFDFFFFFF00003F

mem[X,0x00000000800018B8] -> 0x1F13
mem[X,0x00000000800018BA] -> 0x00AF
[1587] [M]: 0x00000000800018B8 (0x00AF1F13) slli t5, t5, 0xa
x30 <- 0xF7FFFFFC0000FC00

mem[X,0x00000000800018BC] -> 0x0F13
mem[X,0x00000000800018BE] -> 0x37FF
[1588] [M]: 0x00000000800018BC (0x37FF0F13) addi t5, t5, 0x37f
x30 <- 0xF7FFFFFC0000FF7F

mem[X,0x00000000800018C0] -> 0xCEB7
mem[X,0x00000000800018C2] -> 0x0009
[1589] [M]: 0x00000000800018C0 (0x0009CEB7) lui t4, 0x9c
x29 <- 0x000000000009C000

mem[X,0x00000000800018C4] -> 0x8E93
mem[X,0x00000000800018C6] -> 0xFFFE
[1590] [M]: 0x00000000800018C4 (0xFFFE8E93) addi t4, t4, -0x1
x29 <- 0x000000000009BFFF

mem[X,0x00000000800018C8] -> 0x9E93
mem[X,0x00000000800018CA] -> 0x00BE
[1591] [M]: 0x00000000800018C8 (0x00BE9E93) slli t4, t4, 0xb
x29 <- 0x000000004DFFF800

mem[X,0x00000000800018CC] -> 0x8E93
mem[X,0x00000000800018CE] -> 0x7FEE
[1592] [M]: 0x00000000800018CC (0x7FEE8E93) addi t4, t4, 0x7fe
x29 <- 0x000000004DFFFFFE

mem[X,0x00000000800018D0] -> 0x9E93
mem[X,0x00000000800018D2] -> 0x00BE
[1593] [M]: 0x00000000800018D0 (0x00BE9E93) slli t4, t4, 0xb
x29 <- 0x0000026FFFFFF000

mem[X,0x00000000800018D4] -> 0x8E93
mem[X,0x00000000800018D6] -> 0x7C0E
[1594] [M]: 0x00000000800018D4 (0x7C0E8E93) addi t4, t4, 0x7c0
x29 <- 0x0000026FFFFFF7C0

mem[X,0x00000000800018D8] -> 0x9E93
mem[X,0x00000000800018DA] -> 0x00AE
[1595] [M]: 0x00000000800018D8 (0x00AE9E93) slli t4, t4, 0xa
x29 <- 0x0009BFFFFFDF0000

mem[X,0x00000000800018DC] -> 0x8E93
mem[X,0x00000000800018DE] -> 0x020E
[1596] [M]: 0x00000000800018DC (0x020E8E93) addi t4, t4, 0x20
x29 <- 0x0009BFFFFFDF0020

mem[X,0x00000000800018E0] -> 0x7FBB
mem[X,0x00000000800018E2] -> 0xB5DF
[1597] [M]: 0x00000000800018E0 (0xB5DF7FBB) pmulhsu.h.bo t6, t5, t4
x31 <- 0x000000BE00000000

mem[X,0x00000000800018E4] -> 0xB823
mem[X,0x00000000800018E6] -> 0x1BF0
[1598] [M]: 0x00000000800018E4 (0x1BF0B823) sd t6, 0x1b0(ra)
mem[0x00000000800043B0] <- 0x000000BE00000000

mem[X,0x00000000800018E8] -> 0x0F37
mem[X,0x00000000800018EA] -> 0xFDFF
[1599] [M]: 0x00000000800018E8 (0xFDFF0F37) lui t5, -0x2010
x30 <- 0xFFFFFFFFFDFF0000

clint::tick mtime <- 0x0000000000000010
 clint timer pending at mtime 0x0000000000000010
htif::tick 0x0000000000000000
mem[X,0x00000000800018EC] -> 0x0F13
mem[X,0x00000000800018EE] -> 0x002F
[1600] [M]: 0x00000000800018EC (0x002F0F13) addi t5, t5, 0x2
x30 <- 0xFFFFFFFFFDFF0002

mem[X,0x00000000800018F0] -> 0x1F13
mem[X,0x00000000800018F2] -> 0x00BF
[1601] [M]: 0x00000000800018F0 (0x00BF1F13) slli t5, t5, 0xb
x30 <- 0xFFFFFFEFF8001000

mem[X,0x00000000800018F4] -> 0x0F13
mem[X,0x00000000800018F6] -> 0x3FFF
[1602] [M]: 0x00000000800018F4 (0x3FFF0F13) addi t5, t5, 0x3ff
x30 <- 0xFFFFFFEFF80013FF

mem[X,0x00000000800018F8] -> 0x1F13
mem[X,0x00000000800018FA] -> 0x00BF
[1603] [M]: 0x00000000800018F8 (0x00BF1F13) slli t5, t5, 0xb
x30 <- 0xFFFF7FC0009FF800

mem[X,0x00000000800018FC] -> 0x0F13
mem[X,0x00000000800018FE] -> 0x7FFF
[1604] [M]: 0x00000000800018FC (0x7FFF0F13) addi t5, t5, 0x7ff
x30 <- 0xFFFF7FC0009FFFFF

mem[X,0x0000000080001900] -> 0x1F13
mem[X,0x0000000080001902] -> 0x00AF
[1605] [M]: 0x0000000080001900 (0x00AF1F13) slli t5, t5, 0xa
x30 <- 0xFDFF00027FFFFC00

mem[X,0x0000000080001904] -> 0x0F13
mem[X,0x0000000080001906] -> 0x3FCF
[1606] [M]: 0x0000000080001904 (0x3FCF0F13) addi t5, t5, 0x3fc
x30 <- 0xFDFF00027FFFFFFC

mem[X,0x0000000080001908] -> 0x0EB7
mem[X,0x000000008000190A] -> 0xFE00
[1607] [M]: 0x0000000080001908 (0xFE000EB7) lui t4, -0x2000
x29 <- 0xFFFFFFFFFE000000

mem[X,0x000000008000190C] -> 0x8E93
mem[X,0x000000008000190E] -> 0xFF8E
[1608] [M]: 0x000000008000190C (0xFF8E8E93) addi t4, t4, -0x8
x29 <- 0xFFFFFFFFFDFFFFF8

mem[X,0x0000000080001910] -> 0x9E93
mem[X,0x0000000080001912] -> 0x00BE
[1609] [M]: 0x0000000080001910 (0x00BE9E93) slli t4, t4, 0xb
x29 <- 0xFFFFFFEFFFFFC000

mem[X,0x0000000080001914] -> 0x8E93
mem[X,0x0000000080001916] -> 0x6FFE
[1610] [M]: 0x0000000080001914 (0x6FFE8E93) addi t4, t4, 0x6ff
x29 <- 0xFFFFFFEFFFFFC6FF

mem[X,0x0000000080001918] -> 0x9E93
mem[X,0x000000008000191A] -> 0x00BE
[1611] [M]: 0x0000000080001918 (0x00BE9E93) slli t4, t4, 0xb
x29 <- 0xFFFF7FFFFE37F800

mem[X,0x000000008000191C] -> 0x8E93
mem[X,0x000000008000191E] -> 0x7FDE
[1612] [M]: 0x000000008000191C (0x7FDE8E93) addi t4, t4, 0x7fd
x29 <- 0xFFFF7FFFFE37FFFD

mem[X,0x0000000080001920] -> 0x9E93
mem[X,0x0000000080001922] -> 0x00AE
[1613] [M]: 0x0000000080001920 (0x00AE9E93) slli t4, t4, 0xa
x29 <- 0xFDFFFFF8DFFFF400

mem[X,0x0000000080001924] -> 0x8E93
mem[X,0x0000000080001926] -> 0x3FFE
[1614] [M]: 0x0000000080001924 (0x3FFE8E93) addi t4, t4, 0x3ff
x29 <- 0xFDFFFFF8DFFFF7FF

mem[X,0x0000000080001928] -> 0x7FBB
mem[X,0x000000008000192A] -> 0xB5DF
[1615] [M]: 0x0000000080001928 (0xB5DF7FBB) pmulhsu.h.bo t6, t5, t4
x31 <- 0x00FB0000006F00F6

mem[X,0x000000008000192C] -> 0xBC23
mem[X,0x000000008000192E] -> 0x1BF0
[1616] [M]: 0x000000008000192C (0x1BF0BC23) sd t6, 0x1b8(ra)
mem[0x00000000800043B8] <- 0x00FB0000006F00F6

mem[X,0x0000000080001930] -> 0x0F37
mem[X,0x0000000080001932] -> 0x0002
[1617] [M]: 0x0000000080001930 (0x00020F37) lui t5, 0x20
x30 <- 0x0000000000020000

mem[X,0x0000000080001934] -> 0x0F13
mem[X,0x0000000080001936] -> 0x005F
[1618] [M]: 0x0000000080001934 (0x005F0F13) addi t5, t5, 0x5
x30 <- 0x0000000000020005

mem[X,0x0000000080001938] -> 0x1F13
mem[X,0x000000008000193A] -> 0x00BF
[1619] [M]: 0x0000000080001938 (0x00BF1F13) slli t5, t5, 0xb
x30 <- 0x0000000010002800

mem[X,0x000000008000193C] -> 0x0F13
mem[X,0x000000008000193E] -> 0x010F
[1620] [M]: 0x000000008000193C (0x010F0F13) addi t5, t5, 0x10
x30 <- 0x0000000010002810

mem[X,0x0000000080001940] -> 0x1F13
mem[X,0x0000000080001942] -> 0x00BF
[1621] [M]: 0x0000000080001940 (0x00BF1F13) slli t5, t5, 0xb
x30 <- 0x0000008001408000

mem[X,0x0000000080001944] -> 0x0F13
mem[X,0x0000000080001946] -> 0x03FF
[1622] [M]: 0x0000000080001944 (0x03FF0F13) addi t5, t5, 0x3f
x30 <- 0x000000800140803F

mem[X,0x0000000080001948] -> 0x1F13
mem[X,0x000000008000194A] -> 0x00AF
[1623] [M]: 0x0000000080001948 (0x00AF1F13) slli t5, t5, 0xa
x30 <- 0x000200050200FC00

mem[X,0x000000008000194C] -> 0x0F13
mem[X,0x000000008000194E] -> 0x3DFF
[1624] [M]: 0x000000008000194C (0x3DFF0F13) addi t5, t5, 0x3df
x30 <- 0x000200050200FFDF

mem[X,0x0000000080001950] -> 0xFEB7
mem[X,0x0000000080001952] -> 0xF7FF
[1625] [M]: 0x0000000080001950 (0xF7FFFEB7) lui t4, -0x8001
x29 <- 0xFFFFFFFFF7FFF000

mem[X,0x0000000080001954] -> 0x8E93
mem[X,0x0000000080001956] -> 0xFFFE
[1626] [M]: 0x0000000080001954 (0xFFFE8E93) addi t4, t4, -0x1
x29 <- 0xFFFFFFFFF7FFEFFF

mem[X,0x0000000080001958] -> 0x9E93
mem[X,0x000000008000195A] -> 0x00BE
[1627] [M]: 0x0000000080001958 (0x00BE9E93) slli t4, t4, 0xb
x29 <- 0xFFFFFFBFFF7FF800

mem[X,0x000000008000195C] -> 0x8E93
mem[X,0x000000008000195E] -> 0x7FDE
[1628] [M]: 0x000000008000195C (0x7FDE8E93) addi t4, t4, 0x7fd
x29 <- 0xFFFFFFBFFF7FFFFD

mem[X,0x0000000080001960] -> 0x9E93
mem[X,0x0000000080001962] -> 0x00BE
[1629] [M]: 0x0000000080001960 (0x00BE9E93) slli t4, t4, 0xb
x29 <- 0xFFFDFFFBFFFFE800

mem[X,0x0000000080001964] -> 0x8E93
mem[X,0x0000000080001966] -> 0x7FFE
[1630] [M]: 0x0000000080001964 (0x7FFE8E93) addi t4, t4, 0x7ff
x29 <- 0xFFFDFFFBFFFFEFFF

mem[X,0x0000000080001968] -> 0x9E93
mem[X,0x000000008000196A] -> 0x00AE
[1631] [M]: 0x0000000080001968 (0x00AE9E93) slli t4, t4, 0xa
x29 <- 0xF7FFEFFFFFBFFC00

mem[X,0x000000008000196C] -> 0x8E93
mem[X,0x000000008000196E] -> 0x3FCE
[1632] [M]: 0x000000008000196C (0x3FCE8E93) addi t4, t4, 0x3fc
x29 <- 0xF7FFEFFFFFBFFFFC

mem[X,0x0000000080001970] -> 0x7FBB
mem[X,0x0000000080001972] -> 0xB5DF
[1633] [M]: 0x0000000080001970 (0xB5DF7FBB) pmulhsu.h.bo t6, t5, t4
x31 <- 0x00000000000100FE

mem[X,0x0000000080001974] -> 0xB023
mem[X,0x0000000080001976] -> 0x1DF0
[1634] [M]: 0x0000000080001974 (0x1DF0B023) sd t6, 0x1c0(ra)
mem[0x00000000800043C0] <- 0x00000000000100FE

mem[X,0x0000000080001978] -> 0x0F37
mem[X,0x000000008000197A] -> 0x7FFF
[1635] [M]: 0x0000000080001978 (0x7FFF0F37) lui t5, 0x7fff0
x30 <- 0x000000007FFF0000

mem[X,0x000000008000197C] -> 0x0F13
mem[X,0x000000008000197E] -> 0x008F
[1636] [M]: 0x000000008000197C (0x008F0F13) addi t5, t5, 0x8
x30 <- 0x000000007FFF0008

mem[X,0x0000000080001980] -> 0x1F13
mem[X,0x0000000080001982] -> 0x00BF
[1637] [M]: 0x0000000080001980 (0x00BF1F13) slli t5, t5, 0xb
x30 <- 0x000003FFF8004000

mem[X,0x0000000080001984] -> 0x0F13
mem[X,0x0000000080001986] -> 0x7FFF
[1638] [M]: 0x0000000080001984 (0x7FFF0F13) addi t5, t5, 0x7ff
x30 <- 0x000003FFF80047FF

mem[X,0x0000000080001988] -> 0x1F13
mem[X,0x000000008000198A] -> 0x00BF
[1639] [M]: 0x0000000080001988 (0x00BF1F13) slli t5, t5, 0xb
x30 <- 0x001FFFC0023FF800

mem[X,0x000000008000198C] -> 0x0F13
mem[X,0x000000008000198E] -> 0x73FF
[1640] [M]: 0x000000008000198C (0x73FF0F13) addi t5, t5, 0x73f
x30 <- 0x001FFFC0023FFF3F

mem[X,0x0000000080001990] -> 0x1F13
mem[X,0x0000000080001992] -> 0x00AF
[1641] [M]: 0x0000000080001990 (0x00AF1F13) slli t5, t5, 0xa
x30 <- 0x7FFF0008FFFCFC00

mem[X,0x0000000080001994] -> 0x0F13
mem[X,0x0000000080001996] -> 0x1FFF
[1642] [M]: 0x0000000080001994 (0x1FFF0F13) addi t5, t5, 0x1ff
x30 <- 0x7FFF0008FFFCFDFF

mem[X,0x0000000080001998] -> 0x0EB7
mem[X,0x000000008000199A] -> 0xE000
[1643] [M]: 0x0000000080001998 (0xE0000EB7) lui t4, -0x20000
x29 <- 0xFFFFFFFFE0000000

mem[X,0x000000008000199C] -> 0x8E93
mem[X,0x000000008000199E] -> 0xFFDE
[1644] [M]: 0x000000008000199C (0xFFDE8E93) addi t4, t4, -0x3
x29 <- 0xFFFFFFFFDFFFFFFD

mem[X,0x00000000800019A0] -> 0x9E93
mem[X,0x00000000800019A2] -> 0x00BE
[1645] [M]: 0x00000000800019A0 (0x00BE9E93) slli t4, t4, 0xb
x29 <- 0xFFFFFEFFFFFFE800

mem[X,0x00000000800019A4] -> 0x8E93
mem[X,0x00000000800019A6] -> 0x100E
[1646] [M]: 0x00000000800019A4 (0x100E8E93) addi t4, t4, 0x100
x29 <- 0xFFFFFEFFFFFFE900

mem[X,0x00000000800019A8] -> 0x9E93
mem[X,0x00000000800019AA] -> 0x00BE
[1647] [M]: 0x00000000800019A8 (0x00BE9E93) slli t4, t4, 0xb
x29 <- 0xFFF7FFFFFF480000

mem[X,0x00000000800019AC] -> 0x8E93
mem[X,0x00000000800019AE] -> 0x03FE
[1648] [M]: 0x00000000800019AC (0x03FE8E93) addi t4, t4, 0x3f
x29 <- 0xFFF7FFFFFF48003F

mem[X,0x00000000800019B0] -> 0x9E93
mem[X,0x00000000800019B2] -> 0x00AE
[1649] [M]: 0x00000000800019B0 (0x00AE9E93) slli t4, t4, 0xa
x29 <- 0xDFFFFFFD2000FC00

mem[X,0x00000000800019B4] -> 0x8E93
mem[X,0x00000000800019B6] -> 0x3DFE
[1650] [M]: 0x00000000800019B4 (0x3DFE8E93) addi t4, t4, 0x3df
x29 <- 0xDFFFFFFD2000FFDF

mem[X,0x00000000800019B8] -> 0x7FBB
mem[X,0x00000000800019BA] -> 0xB5DF
[1651] [M]: 0x00000000800019B8 (0xB5DF7FBB) pmulhsu.h.bo t6, t5, t4
x31 <- 0x006F0000001F00FD

mem[X,0x00000000800019BC] -> 0xB423
mem[X,0x00000000800019BE] -> 0x1DF0
[1652] [M]: 0x00000000800019BC (0x1DF0B423) sd t6, 0x1c8(ra)
mem[0x00000000800043C8] <- 0x006F0000001F00FD

mem[X,0x00000000800019C0] -> 0x0F37
mem[X,0x00000000800019C2] -> 0xFFFD
[1653] [M]: 0x00000000800019C0 (0xFFFD0F37) lui t5, -0x30
x30 <- 0xFFFFFFFFFFFD0000

mem[X,0x00000000800019C4] -> 0x0F13
mem[X,0x00000000800019C6] -> 0x100F
[1654] [M]: 0x00000000800019C4 (0x100F0F13) addi t5, t5, 0x100
x30 <- 0xFFFFFFFFFFFD0100

mem[X,0x00000000800019C8] -> 0x1F13
mem[X,0x00000000800019CA] -> 0x00BF
[1655] [M]: 0x00000000800019C8 (0x00BF1F13) slli t5, t5, 0xb
x30 <- 0xFFFFFFFFE8080000

mem[X,0x00000000800019CC] -> 0x0F13
mem[X,0x00000000800019CE] -> 0x7FFF
[1656] [M]: 0x00000000800019CC (0x7FFF0F13) addi t5, t5, 0x7ff
x30 <- 0xFFFFFFFFE80807FF

mem[X,0x00000000800019D0] -> 0x1F13
mem[X,0x00000000800019D2] -> 0x00BF
[1657] [M]: 0x00000000800019D0 (0x00BF1F13) slli t5, t5, 0xb
x30 <- 0xFFFFFF40403FF800

mem[X,0x00000000800019D4] -> 0x0F13
mem[X,0x00000000800019D6] -> 0x6FDF
[1658] [M]: 0x00000000800019D4 (0x6FDF0F13) addi t5, t5, 0x6fd
x30 <- 0xFFFFFF40403FFEFD

mem[X,0x00000000800019D8] -> 0x1F13
mem[X,0x00000000800019DA] -> 0x00AF
[1659] [M]: 0x00000000800019D8 (0x00AF1F13) slli t5, t5, 0xa
x30 <- 0xFFFD0100FFFBF400

mem[X,0x00000000800019DC] -> 0x0F13
mem[X,0x00000000800019DE] -> 0x3FFF
[1660] [M]: 0x00000000800019DC (0x3FFF0F13) addi t5, t5, 0x3ff
x30 <- 0xFFFD0100FFFBF7FF

mem[X,0x00000000800019E0] -> 0x5EB7
mem[X,0x00000000800019E2] -> 0xEFFF
[1661] [M]: 0x00000000800019E0 (0xEFFF5EB7) lui t4, -0x1000b
x29 <- 0xFFFFFFFFEFFF5000

mem[X,0x00000000800019E4] -> 0x8E93
mem[X,0x00000000800019E6] -> 0x555E
[1662] [M]: 0x00000000800019E4 (0x555E8E93) addi t4, t4, 0x555
x29 <- 0xFFFFFFFFEFFF5555

mem[X,0x00000000800019E8] -> 0x9E93
mem[X,0x00000000800019EA] -> 0x00BE
[1663] [M]: 0x00000000800019E8 (0x00BE9E93) slli t4, t4, 0xb
x29 <- 0xFFFFFF7FFAAAA800

mem[X,0x00000000800019EC] -> 0x8E93
mem[X,0x00000000800019EE] -> 0x7FEE
[1664] [M]: 0x00000000800019EC (0x7FEE8E93) addi t4, t4, 0x7fe
x29 <- 0xFFFFFF7FFAAAAFFE

mem[X,0x00000000800019F0] -> 0x9E93
mem[X,0x00000000800019F2] -> 0x00BE
[1665] [M]: 0x00000000800019F0 (0x00BE9E93) slli t4, t4, 0xb
x29 <- 0xFFFBFFD5557FF000

mem[X,0x00000000800019F4] -> 0x8E93
mem[X,0x00000000800019F6] -> 0x7CFE
[1666] [M]: 0x00000000800019F4 (0x7CFE8E93) addi t4, t4, 0x7cf
x29 <- 0xFFFBFFD5557FF7CF

mem[X,0x00000000800019F8] -> 0x9E93
mem[X,0x00000000800019FA] -> 0x00AE
[1667] [M]: 0x00000000800019F8 (0x00AE9E93) slli t4, t4, 0xa
x29 <- 0xEFFF5555FFDF3C00

mem[X,0x00000000800019FC] -> 0x8E93
mem[X,0x00000000800019FE] -> 0x3FFE
[1668] [M]: 0x00000000800019FC (0x3FFE8E93) addi t4, t4, 0x3ff
x29 <- 0xEFFF5555FFDF3FFF

mem[X,0x0000000080001A00] -> 0x7FBB
mem[X,0x0000000080001A02] -> 0xB5DF
[1669] [M]: 0x0000000080001A00 (0xB5DF7FBB) pmulhsu.h.bo t6, t5, t4
x31 <- 0x00EE000000FE003D

mem[X,0x0000000080001A04] -> 0xB823
mem[X,0x0000000080001A06] -> 0x1DF0
[1670] [M]: 0x0000000080001A04 (0x1DF0B823) sd t6, 0x1d0(ra)
mem[0x00000000800043D0] <- 0x00EE000000FE003D

mem[X,0x0000000080001A08] -> 0x0F37
mem[X,0x0000000080001A0A] -> 0xFF80
[1671] [M]: 0x0000000080001A08 (0xFF800F37) lui t5, -0x800
x30 <- 0xFFFFFFFFFF800000

mem[X,0x0000000080001A0C] -> 0x0F13
mem[X,0x0000000080001A0E] -> 0xFFFF
[1672] [M]: 0x0000000080001A0C (0xFFFF0F13) addi t5, t5, -0x1
x30 <- 0xFFFFFFFFFF7FFFFF

mem[X,0x0000000080001A10] -> 0x1F13
mem[X,0x0000000080001A12] -> 0x00BF
[1673] [M]: 0x0000000080001A10 (0x00BF1F13) slli t5, t5, 0xb
x30 <- 0xFFFFFFFBFFFFF800

mem[X,0x0000000080001A14] -> 0x0F13
mem[X,0x0000000080001A16] -> 0x000F
[1674] [M]: 0x0000000080001A14 (0x000F0F13) addi t5, t5, 0x0
x30 <- 0xFFFFFFFBFFFFF800

mem[X,0x0000000080001A18] -> 0x1F13
mem[X,0x0000000080001A1A] -> 0x00BF
[1675] [M]: 0x0000000080001A18 (0x00BF1F13) slli t5, t5, 0xb
x30 <- 0xFFFFDFFFFFC00000

mem[X,0x0000000080001A1C] -> 0x0F13
mem[X,0x0000000080001A1E] -> 0x415F
[1676] [M]: 0x0000000080001A1C (0x415F0F13) addi t5, t5, 0x415
x30 <- 0xFFFFDFFFFFC00415

mem[X,0x0000000080001A20] -> 0x1F13
mem[X,0x0000000080001A22] -> 0x00AF
[1677] [M]: 0x0000000080001A20 (0x00AF1F13) slli t5, t5, 0xa
x30 <- 0xFF7FFFFF00105400

mem[X,0x0000000080001A24] -> 0x0F13
mem[X,0x0000000080001A26] -> 0x155F
[1678] [M]: 0x0000000080001A24 (0x155F0F13) addi t5, t5, 0x155
x30 <- 0xFF7FFFFF00105555

mem[X,0x0000000080001A28] -> 0x0EB7
mem[X,0x0000000080001A2A] -> 0xFFC0
[1679] [M]: 0x0000000080001A28 (0xFFC00EB7) lui t4, -0x400
x29 <- 0xFFFFFFFFFFC00000

mem[X,0x0000000080001A2C] -> 0x8E93
mem[X,0x0000000080001A2E] -> 0xFDFE
[1680] [M]: 0x0000000080001A2C (0xFDFE8E93) addi t4, t4, -0x21
x29 <- 0xFFFFFFFFFFBFFFDF

mem[X,0x0000000080001A30] -> 0x9E93
mem[X,0x0000000080001A32] -> 0x00BE
[1681] [M]: 0x0000000080001A30 (0x00BE9E93) slli t4, t4, 0xb
x29 <- 0xFFFFFFFDFFFEF800

mem[X,0x0000000080001A34] -> 0x8E93
mem[X,0x0000000080001A36] -> 0x2AAE
[1682] [M]: 0x0000000080001A34 (0x2AAE8E93) addi t4, t4, 0x2aa
x29 <- 0xFFFFFFFDFFFEFAAA

mem[X,0x0000000080001A38] -> 0x9E93
mem[X,0x0000000080001A3A] -> 0x00BE
[1683] [M]: 0x0000000080001A38 (0x00BE9E93) slli t4, t4, 0xb
x29 <- 0xFFFFEFFFF7D55000

mem[X,0x0000000080001A3C] -> 0x8E93
mem[X,0x0000000080001A3E] -> 0x540E
[1684] [M]: 0x0000000080001A3C (0x540E8E93) addi t4, t4, 0x540
x29 <- 0xFFFFEFFFF7D55540

mem[X,0x0000000080001A40] -> 0x9E93
mem[X,0x0000000080001A42] -> 0x00AE
[1685] [M]: 0x0000000080001A40 (0x00AE9E93) slli t4, t4, 0xa
x29 <- 0xFFBFFFDF55550000

mem[X,0x0000000080001A44] -> 0x8E93
mem[X,0x0000000080001A46] -> 0x040E
[1686] [M]: 0x0000000080001A44 (0x040E8E93) addi t4, t4, 0x40
x29 <- 0xFFBFFFDF55550040

mem[X,0x0000000080001A48] -> 0x7FBB
mem[X,0x0000000080001A4A] -> 0xB5DF
[1687] [M]: 0x0000000080001A48 (0xB5DF7FBB) pmulhsu.h.bo t6, t5, t4
x31 <- 0x00FE00FE00000000

mem[X,0x0000000080001A4C] -> 0xBC23
mem[X,0x0000000080001A4E] -> 0x1DF0
[1688] [M]: 0x0000000080001A4C (0x1DF0BC23) sd t6, 0x1d8(ra)
mem[0x00000000800043D8] <- 0x00FE00FE00000000

mem[X,0x0000000080001A50] -> 0x1F37
mem[X,0x0000000080001A52] -> 0x0002
[1689] [M]: 0x0000000080001A50 (0x00021F37) lui t5, 0x21
x30 <- 0x0000000000021000

mem[X,0x0000000080001A54] -> 0x0F13
mem[X,0x0000000080001A56] -> 0x800F
[1690] [M]: 0x0000000080001A54 (0x800F0F13) addi t5, t5, -0x800
x30 <- 0x0000000000020800

mem[X,0x0000000080001A58] -> 0x1F13
mem[X,0x0000000080001A5A] -> 0x00BF
[1691] [M]: 0x0000000080001A58 (0x00BF1F13) slli t5, t5, 0xb
x30 <- 0x0000000010400000

mem[X,0x0000000080001A5C] -> 0x0F13
mem[X,0x0000000080001A5E] -> 0x7EFF
[1692] [M]: 0x0000000080001A5C (0x7EFF0F13) addi t5, t5, 0x7ef
x30 <- 0x00000000104007EF

mem[X,0x0000000080001A60] -> 0x1F13
mem[X,0x0000000080001A62] -> 0x00BF
[1693] [M]: 0x0000000080001A60 (0x00BF1F13) slli t5, t5, 0xb
x30 <- 0x00000082003F7800

mem[X,0x0000000080001A64] -> 0x0F13
mem[X,0x0000000080001A66] -> 0x7EFF
[1694] [M]: 0x0000000080001A64 (0x7EFF0F13) addi t5, t5, 0x7ef
x30 <- 0x00000082003F7FEF

mem[X,0x0000000080001A68] -> 0x1F13
mem[X,0x0000000080001A6A] -> 0x00AF
[1695] [M]: 0x0000000080001A68 (0x00AF1F13) slli t5, t5, 0xa
x30 <- 0x00020800FDFFBC00

mem[X,0x0000000080001A6C] -> 0x0F13
mem[X,0x0000000080001A6E] -> 0x3FFF
[1696] [M]: 0x0000000080001A6C (0x3FFF0F13) addi t5, t5, 0x3ff
x30 <- 0x00020800FDFFBFFF

mem[X,0x0000000080001A70] -> 0x0EB7
mem[X,0x0000000080001A72] -> 0x0041
[1697] [M]: 0x0000000080001A70 (0x00410EB7) lui t4, 0x410
x29 <- 0x0000000000410000

mem[X,0x0000000080001A74] -> 0x8E93
mem[X,0x0000000080001A76] -> 0xFFAE
[1698] [M]: 0x0000000080001A74 (0xFFAE8E93) addi t4, t4, -0x6
x29 <- 0x000000000040FFFA

mem[X,0x0000000080001A78] -> 0x9E93
mem[X,0x0000000080001A7A] -> 0x00BE
[1699] [M]: 0x0000000080001A78 (0x00BE9E93) slli t4, t4, 0xb
x29 <- 0x0000000207FFD000

clint::tick mtime <- 0x0000000000000011
 clint timer pending at mtime 0x0000000000000011
htif::tick 0x0000000000000000
mem[X,0x0000000080001A7C] -> 0x8E93
mem[X,0x0000000080001A7E] -> 0x001E
[1700] [M]: 0x0000000080001A7C (0x001E8E93) addi t4, t4, 0x1
x29 <- 0x0000000207FFD001

mem[X,0x0000000080001A80] -> 0x9E93
mem[X,0x0000000080001A82] -> 0x00BE
[1701] [M]: 0x0000000080001A80 (0x00BE9E93) slli t4, t4, 0xb
x29 <- 0x0000103FFE800800

mem[X,0x0000000080001A84] -> 0x8E93
mem[X,0x0000000080001A86] -> 0x010E
[1702] [M]: 0x0000000080001A84 (0x010E8E93) addi t4, t4, 0x10
x29 <- 0x0000103FFE800810

mem[X,0x0000000080001A88] -> 0x9E93
mem[X,0x0000000080001A8A] -> 0x00AE
[1703] [M]: 0x0000000080001A88 (0x00AE9E93) slli t4, t4, 0xa
x29 <- 0x0040FFFA00204000

mem[X,0x0000000080001A8C] -> 0x7FBB
mem[X,0x0000000080001A8E] -> 0xB5DF
[1704] [M]: 0x0000000080001A8C (0xB5DF7FBB) pmulhsu.h.bo t6, t5, t4
x31 <- 0x000000070000002F

mem[X,0x0000000080001A90] -> 0xB023
mem[X,0x0000000080001A92] -> 0x1FF0
[1705] [M]: 0x0000000080001A90 (0x1FF0B023) sd t6, 0x1e0(ra)
mem[0x00000000800043E0] <- 0x000000070000002F

mem[X,0x0000000080001A94] -> 0xFF37
mem[X,0x0000000080001A96] -> 0xFFFF
[1706] [M]: 0x0000000080001A94 (0xFFFFFF37) lui t5, -0x1
x30 <- 0xFFFFFFFFFFFFF000

mem[X,0x0000000080001A98] -> 0x0F13
mem[X,0x0000000080001A9A] -> 0x7FFF
[1707] [M]: 0x0000000080001A98 (0x7FFF0F13) addi t5, t5, 0x7ff
x30 <- 0xFFFFFFFFFFFFF7FF

mem[X,0x0000000080001A9C] -> 0x1F13
mem[X,0x0000000080001A9E] -> 0x00BF
[1708] [M]: 0x0000000080001A9C (0x00BF1F13) slli t5, t5, 0xb
x30 <- 0xFFFFFFFFFFBFF800

mem[X,0x0000000080001AA0] -> 0x0F13
mem[X,0x0000000080001AA2] -> 0x7BFF
[1709] [M]: 0x0000000080001AA0 (0x7BFF0F13) addi t5, t5, 0x7bf
x30 <- 0xFFFFFFFFFFBFFFBF

mem[X,0x0000000080001AA4] -> 0x1F13
mem[X,0x0000000080001AA6] -> 0x00BF
[1710] [M]: 0x0000000080001AA4 (0x00BF1F13) slli t5, t5, 0xb
x30 <- 0xFFFFFFFDFFFDF800

mem[X,0x0000000080001AA8] -> 0x0F13
mem[X,0x0000000080001AAA] -> 0x7C0F
[1711] [M]: 0x0000000080001AA8 (0x7C0F0F13) addi t5, t5, 0x7c0
x30 <- 0xFFFFFFFDFFFDFFC0

mem[X,0x0000000080001AAC] -> 0x1F13
mem[X,0x0000000080001AAE] -> 0x00AF
[1712] [M]: 0x0000000080001AAC (0x00AF1F13) slli t5, t5, 0xa
x30 <- 0xFFFFF7FFF7FF0000

mem[X,0x0000000080001AB0] -> 0x0F13
mem[X,0x0000000080001AB2] -> 0x002F
[1713] [M]: 0x0000000080001AB0 (0x002F0F13) addi t5, t5, 0x2
x30 <- 0xFFFFF7FFF7FF0002

mem[X,0x0000000080001AB4] -> 0x8EB7
mem[X,0x0000000080001AB6] -> 0x0004
[1714] [M]: 0x0000000080001AB4 (0x00048EB7) lui t4, 0x48
x29 <- 0x0000000000048000

mem[X,0x0000000080001AB8] -> 0x8E93
mem[X,0x0000000080001ABA] -> 0x000E
[1715] [M]: 0x0000000080001AB8 (0x000E8E93) addi t4, t4, 0x0
x29 <- 0x0000000000048000

mem[X,0x0000000080001ABC] -> 0x9E93
mem[X,0x0000000080001ABE] -> 0x00BE
[1716] [M]: 0x0000000080001ABC (0x00BE9E93) slli t4, t4, 0xb
x29 <- 0x0000000024000000

mem[X,0x0000000080001AC0] -> 0x8E93
mem[X,0x0000000080001AC2] -> 0x7FFE
[1717] [M]: 0x0000000080001AC0 (0x7FFE8E93) addi t4, t4, 0x7ff
x29 <- 0x00000000240007FF

mem[X,0x0000000080001AC4] -> 0x9E93
mem[X,0x0000000080001AC6] -> 0x00BE
[1718] [M]: 0x0000000080001AC4 (0x00BE9E93) slli t4, t4, 0xb
x29 <- 0x00000120003FF800

mem[X,0x0000000080001AC8] -> 0x8E93
mem[X,0x0000000080001ACA] -> 0x77BE
[1719] [M]: 0x0000000080001AC8 (0x77BE8E93) addi t4, t4, 0x77b
x29 <- 0x00000120003FFF7B

mem[X,0x0000000080001ACC] -> 0x9E93
mem[X,0x0000000080001ACE] -> 0x00AE
[1720] [M]: 0x0000000080001ACC (0x00AE9E93) slli t4, t4, 0xa
x29 <- 0x00048000FFFDEC00

mem[X,0x0000000080001AD0] -> 0x8E93
mem[X,0x0000000080001AD2] -> 0x3FFE
[1721] [M]: 0x0000000080001AD0 (0x3FFE8E93) addi t4, t4, 0x3ff
x29 <- 0x00048000FFFDEFFF

mem[X,0x0000000080001AD4] -> 0x7FBB
mem[X,0x0000000080001AD6] -> 0xB5DF
[1722] [M]: 0x0000000080001AD4 (0xB5DF7FBB) pmulhsu.h.bo t6, t5, t4
x31 <- 0x0000007B00F70000

mem[X,0x0000000080001AD8] -> 0xB423
mem[X,0x0000000080001ADA] -> 0x1FF0
[1723] [M]: 0x0000000080001AD8 (0x1FF0B423) sd t6, 0x1e8(ra)
mem[0x00000000800043E8] <- 0x0000007B00F70000

mem[X,0x0000000080001ADC] -> 0x4F37
mem[X,0x0000000080001ADE] -> 0xFFFD
[1724] [M]: 0x0000000080001ADC (0xFFFD4F37) lui t5, -0x2c
x30 <- 0xFFFFFFFFFFFD4000

mem[X,0x0000000080001AE0] -> 0x0F13
mem[X,0x0000000080001AE2] -> 0x000F
[1725] [M]: 0x0000000080001AE0 (0x000F0F13) addi t5, t5, 0x0
x30 <- 0xFFFFFFFFFFFD4000

mem[X,0x0000000080001AE4] -> 0x1F13
mem[X,0x0000000080001AE6] -> 0x00BF
[1726] [M]: 0x0000000080001AE4 (0x00BF1F13) slli t5, t5, 0xb
x30 <- 0xFFFFFFFFEA000000

mem[X,0x0000000080001AE8] -> 0x0F13
mem[X,0x0000000080001AEA] -> 0x7FFF
[1727] [M]: 0x0000000080001AE8 (0x7FFF0F13) addi t5, t5, 0x7ff
x30 <- 0xFFFFFFFFEA0007FF

mem[X,0x0000000080001AEC] -> 0x1F13
mem[X,0x0000000080001AEE] -> 0x00BF
[1728] [M]: 0x0000000080001AEC (0x00BF1F13) slli t5, t5, 0xb
x30 <- 0xFFFFFF50003FF800

mem[X,0x0000000080001AF0] -> 0x0F13
mem[X,0x0000000080001AF2] -> 0x5C0F
[1729] [M]: 0x0000000080001AF0 (0x5C0F0F13) addi t5, t5, 0x5c0
x30 <- 0xFFFFFF50003FFDC0

mem[X,0x0000000080001AF4] -> 0x1F13
mem[X,0x0000000080001AF6] -> 0x00AF
[1730] [M]: 0x0000000080001AF4 (0x00AF1F13) slli t5, t5, 0xa
x30 <- 0xFFFD4000FFF70000

mem[X,0x0000000080001AF8] -> 0x0F13
mem[X,0x0000000080001AFA] -> 0x100F
[1731] [M]: 0x0000000080001AF8 (0x100F0F13) addi t5, t5, 0x100
x30 <- 0xFFFD4000FFF70100

mem[X,0x0000000080001AFC] -> 0x2EB7
mem[X,0x0000000080001AFE] -> 0x5555
[1732] [M]: 0x0000000080001AFC (0x55552EB7) lui t4, 0x55552
x29 <- 0x0000000055552000

mem[X,0x0000000080001B00] -> 0x8E93
mem[X,0x0000000080001B02] -> 0x000E
[1733] [M]: 0x0000000080001B00 (0x000E8E93) addi t4, t4, 0x0
x29 <- 0x0000000055552000

mem[X,0x0000000080001B04] -> 0x9E93
mem[X,0x0000000080001B06] -> 0x00BE
[1734] [M]: 0x0000000080001B04 (0x00BE9E93) slli t4, t4, 0xb
x29 <- 0x000002AAA9000000

mem[X,0x0000000080001B08] -> 0x8E93
mem[X,0x0000000080001B0A] -> 0x7EFE
[1735] [M]: 0x0000000080001B08 (0x7EFE8E93) addi t4, t4, 0x7ef
x29 <- 0x000002AAA90007EF

mem[X,0x0000000080001B0C] -> 0x9E93
mem[X,0x0000000080001B0E] -> 0x00BE
[1736] [M]: 0x0000000080001B0C (0x00BE9E93) slli t4, t4, 0xb
x29 <- 0x00155548003F7800

mem[X,0x0000000080001B10] -> 0x8E93
mem[X,0x0000000080001B12] -> 0x7C2E
[1737] [M]: 0x0000000080001B10 (0x7C2E8E93) addi t4, t4, 0x7c2
x29 <- 0x00155548003F7FC2

mem[X,0x0000000080001B14] -> 0x9E93
mem[X,0x0000000080001B16] -> 0x00AE
[1738] [M]: 0x0000000080001B14 (0x00AE9E93) slli t4, t4, 0xa
x29 <- 0x55552000FDFF0800

mem[X,0x0000000080001B18] -> 0x7FBB
mem[X,0x0000000080001B1A] -> 0xB5DF
[1739] [M]: 0x0000000080001B18 (0xB5DF7FBB) pmulhsu.h.bo t6, t5, t4
x31 <- 0x0054000800FC0000

mem[X,0x0000000080001B1C] -> 0xB823
mem[X,0x0000000080001B1E] -> 0x1FF0
[1740] [M]: 0x0000000080001B1C (0x1FF0B823) sd t6, 0x1f0(ra)
mem[0x00000000800043F0] <- 0x0054000800FC0000

mem[X,0x0000000080001B20] -> 0x0F37
mem[X,0x0000000080001B22] -> 0xFFE0
[1741] [M]: 0x0000000080001B20 (0xFFE00F37) lui t5, -0x200
x30 <- 0xFFFFFFFFFFE00000

mem[X,0x0000000080001B24] -> 0x0F13
mem[X,0x0000000080001B26] -> 0xFFEF
[1742] [M]: 0x0000000080001B24 (0xFFEF0F13) addi t5, t5, -0x2
x30 <- 0xFFFFFFFFFFDFFFFE

mem[X,0x0000000080001B28] -> 0x1F13
mem[X,0x0000000080001B2A] -> 0x00BF
[1743] [M]: 0x0000000080001B28 (0x00BF1F13) slli t5, t5, 0xb
x30 <- 0xFFFFFFFEFFFFF000

mem[X,0x0000000080001B2C] -> 0x0F13
mem[X,0x0000000080001B2E] -> 0x000F
[1744] [M]: 0x0000000080001B2C (0x000F0F13) addi t5, t5, 0x0
x30 <- 0xFFFFFFFEFFFFF000

mem[X,0x0000000080001B30] -> 0x1F13
mem[X,0x0000000080001B32] -> 0x00BF
[1745] [M]: 0x0000000080001B30 (0x00BF1F13) slli t5, t5, 0xb
x30 <- 0xFFFFF7FFFF800000

mem[X,0x0000000080001B34] -> 0x0F13
mem[X,0x0000000080001B36] -> 0x140F
[1746] [M]: 0x0000000080001B34 (0x140F0F13) addi t5, t5, 0x140
x30 <- 0xFFFFF7FFFF800140

mem[X,0x0000000080001B38] -> 0x1F13
mem[X,0x0000000080001B3A] -> 0x00AF
[1747] [M]: 0x0000000080001B38 (0x00AF1F13) slli t5, t5, 0xa
x30 <- 0xFFDFFFFE00050000

mem[X,0x0000000080001B3C] -> 0x0F13
mem[X,0x0000000080001B3E] -> 0x020F
[1748] [M]: 0x0000000080001B3C (0x020F0F13) addi t5, t5, 0x20
x30 <- 0xFFDFFFFE00050020

mem[X,0x0000000080001B40] -> 0x0EB7
mem[X,0x0000000080001B42] -> 0xFF7F
[1749] [M]: 0x0000000080001B40 (0xFF7F0EB7) lui t4, -0x810
x29 <- 0xFFFFFFFFFF7F0000

mem[X,0x0000000080001B44] -> 0x8E93
mem[X,0x0000000080001B46] -> 0x010E
[1750] [M]: 0x0000000080001B44 (0x010E8E93) addi t4, t4, 0x10
x29 <- 0xFFFFFFFFFF7F0010

mem[X,0x0000000080001B48] -> 0x9E93
mem[X,0x0000000080001B4A] -> 0x00BE
[1751] [M]: 0x0000000080001B48 (0x00BE9E93) slli t4, t4, 0xb
x29 <- 0xFFFFFFFBF8008000

mem[X,0x0000000080001B4C] -> 0x8E93
mem[X,0x0000000080001B4E] -> 0x7FFE
[1752] [M]: 0x0000000080001B4C (0x7FFE8E93) addi t4, t4, 0x7ff
x29 <- 0xFFFFFFFBF80087FF

mem[X,0x0000000080001B50] -> 0x9E93
mem[X,0x0000000080001B52] -> 0x00BE
[1753] [M]: 0x0000000080001B50 (0x00BE9E93) slli t4, t4, 0xb
x29 <- 0xFFFFDFC0043FF800

mem[X,0x0000000080001B54] -> 0x8E93
mem[X,0x0000000080001B56] -> 0x7BFE
[1754] [M]: 0x0000000080001B54 (0x7BFE8E93) addi t4, t4, 0x7bf
x29 <- 0xFFFFDFC0043FFFBF

mem[X,0x0000000080001B58] -> 0x9E93
mem[X,0x0000000080001B5A] -> 0x00AE
[1755] [M]: 0x0000000080001B58 (0x00AE9E93) slli t4, t4, 0xa
x29 <- 0xFF7F0010FFFEFC00

mem[X,0x0000000080001B5C] -> 0x8E93
mem[X,0x0000000080001B5E] -> 0x3FCE
[1756] [M]: 0x0000000080001B5C (0x3FCE8E93) addi t4, t4, 0x3fc
x29 <- 0xFF7F0010FFFEFFFC

mem[X,0x0000000080001B60] -> 0x7FBB
mem[X,0x0000000080001B62] -> 0xB5DF
[1757] [M]: 0x0000000080001B60 (0xB5DF7FBB) pmulhsu.h.bo t6, t5, t4
x31 <- 0x00FE000000000000

mem[X,0x0000000080001B64] -> 0xBC23
mem[X,0x0000000080001B66] -> 0x1FF0
[1758] [M]: 0x0000000080001B64 (0x1FF0BC23) sd t6, 0x1f8(ra)
mem[0x00000000800043F8] <- 0x00FE000000000000

mem[X,0x0000000080001B68] -> 0x0F37
mem[X,0x0000000080001B6A] -> 0xF7FF
[1759] [M]: 0x0000000080001B68 (0xF7FF0F37) lui t5, -0x8010
x30 <- 0xFFFFFFFFF7FF0000

mem[X,0x0000000080001B6C] -> 0x0F13
mem[X,0x0000000080001B6E] -> 0x007F
[1760] [M]: 0x0000000080001B6C (0x007F0F13) addi t5, t5, 0x7
x30 <- 0xFFFFFFFFF7FF0007

mem[X,0x0000000080001B70] -> 0x1F13
mem[X,0x0000000080001B72] -> 0x00BF
[1761] [M]: 0x0000000080001B70 (0x00BF1F13) slli t5, t5, 0xb
x30 <- 0xFFFFFFBFF8003800

mem[X,0x0000000080001B74] -> 0x0F13
mem[X,0x0000000080001B76] -> 0x080F
[1762] [M]: 0x0000000080001B74 (0x080F0F13) addi t5, t5, 0x80
x30 <- 0xFFFFFFBFF8003880

mem[X,0x0000000080001B78] -> 0x1F13
mem[X,0x0000000080001B7A] -> 0x00BF
[1763] [M]: 0x0000000080001B78 (0x00BF1F13) slli t5, t5, 0xb
x30 <- 0xFFFDFFC001C40000

mem[X,0x0000000080001B7C] -> 0x0F13
mem[X,0x0000000080001B7E] -> 0x03DF
[1764] [M]: 0x0000000080001B7C (0x03DF0F13) addi t5, t5, 0x3d
x30 <- 0xFFFDFFC001C4003D

mem[X,0x0000000080001B80] -> 0x1F13
mem[X,0x0000000080001B82] -> 0x00AF
[1765] [M]: 0x0000000080001B80 (0x00AF1F13) slli t5, t5, 0xa
x30 <- 0xF7FF00071000F400

mem[X,0x0000000080001B84] -> 0x0F13
mem[X,0x0000000080001B86] -> 0x3FFF
[1766] [M]: 0x0000000080001B84 (0x3FFF0F13) addi t5, t5, 0x3ff
x30 <- 0xF7FF00071000F7FF

mem[X,0x0000000080001B88] -> 0x0EB7
mem[X,0x0000000080001B8A] -> 0x0009
[1767] [M]: 0x0000000080001B88 (0x00090EB7) lui t4, 0x90
x29 <- 0x0000000000090000

mem[X,0x0000000080001B8C] -> 0x8E93
mem[X,0x0000000080001B8E] -> 0x040E
[1768] [M]: 0x0000000080001B8C (0x040E8E93) addi t4, t4, 0x40
x29 <- 0x0000000000090040

mem[X,0x0000000080001B90] -> 0x9E93
mem[X,0x0000000080001B92] -> 0x00BE
[1769] [M]: 0x0000000080001B90 (0x00BE9E93) slli t4, t4, 0xb
x29 <- 0x0000000048020000

mem[X,0x0000000080001B94] -> 0x8E93
mem[X,0x0000000080001B96] -> 0x001E
[1770] [M]: 0x0000000080001B94 (0x001E8E93) addi t4, t4, 0x1
x29 <- 0x0000000048020001

mem[X,0x0000000080001B98] -> 0x9E93
mem[X,0x0000000080001B9A] -> 0x00BE
[1771] [M]: 0x0000000080001B98 (0x00BE9E93) slli t4, t4, 0xb
x29 <- 0x0000024010000800

mem[X,0x0000000080001B9C] -> 0x8E93
mem[X,0x0000000080001B9E] -> 0x000E
[1772] [M]: 0x0000000080001B9C (0x000E8E93) addi t4, t4, 0x0
x29 <- 0x0000024010000800

mem[X,0x0000000080001BA0] -> 0x9E93
mem[X,0x0000000080001BA2] -> 0x00AE
[1773] [M]: 0x0000000080001BA0 (0x00AE9E93) slli t4, t4, 0xa
x29 <- 0x0009004000200000

mem[X,0x0000000080001BA4] -> 0x8E93
mem[X,0x0000000080001BA6] -> 0x008E
[1774] [M]: 0x0000000080001BA4 (0x008E8E93) addi t4, t4, 0x8
x29 <- 0x0009004000200008

mem[X,0x0000000080001BA8] -> 0x7FBB
mem[X,0x0000000080001BAA] -> 0xB5DF
[1775] [M]: 0x0000000080001BA8 (0xB5DF7FBB) pmulhsu.h.bo t6, t5, t4
x31 <- 0x0000000000000000

mem[X,0x0000000080001BAC] -> 0xB023
mem[X,0x0000000080001BAE] -> 0x21F0
[1776] [M]: 0x0000000080001BAC (0x21F0B023) sd t6, 0x200(ra)
mem[0x0000000080004400] <- 0x0000000000000000

mem[X,0x0000000080001BB0] -> 0x0F37
mem[X,0x0000000080001BB2] -> 0xC000
[1777] [M]: 0x0000000080001BB0 (0xC0000F37) lui t5, -0x40000
x30 <- 0xFFFFFFFFC0000000

mem[X,0x0000000080001BB4] -> 0x0F13
mem[X,0x0000000080001BB6] -> 0xFFAF
[1778] [M]: 0x0000000080001BB4 (0xFFAF0F13) addi t5, t5, -0x6
x30 <- 0xFFFFFFFFBFFFFFFA

mem[X,0x0000000080001BB8] -> 0x1F13
mem[X,0x0000000080001BBA] -> 0x00BF
[1779] [M]: 0x0000000080001BB8 (0x00BF1F13) slli t5, t5, 0xb
x30 <- 0xFFFFFDFFFFFFD000

mem[X,0x0000000080001BBC] -> 0x0F13
mem[X,0x0000000080001BBE] -> 0x000F
[1780] [M]: 0x0000000080001BBC (0x000F0F13) addi t5, t5, 0x0
x30 <- 0xFFFFFDFFFFFFD000

mem[X,0x0000000080001BC0] -> 0x1F13
mem[X,0x0000000080001BC2] -> 0x00BF
[1781] [M]: 0x0000000080001BC0 (0x00BF1F13) slli t5, t5, 0xb
x30 <- 0xFFEFFFFFFE800000

mem[X,0x0000000080001BC4] -> 0x0F13
mem[X,0x0000000080001BC6] -> 0x0E0F
[1782] [M]: 0x0000000080001BC4 (0x0E0F0F13) addi t5, t5, 0xe0
x30 <- 0xFFEFFFFFFE8000E0

mem[X,0x0000000080001BC8] -> 0x1F13
mem[X,0x0000000080001BCA] -> 0x00AF
[1783] [M]: 0x0000000080001BC8 (0x00AF1F13) slli t5, t5, 0xa
x30 <- 0xBFFFFFFA00038000

mem[X,0x0000000080001BCC] -> 0x0EB7
mem[X,0x0000000080001BCE] -> 0x0004
[1784] [M]: 0x0000000080001BCC (0x00040EB7) lui t4, 0x40
x29 <- 0x0000000000040000

mem[X,0x0000000080001BD0] -> 0x8E93
mem[X,0x0000000080001BD2] -> 0x200E
[1785] [M]: 0x0000000080001BD0 (0x200E8E93) addi t4, t4, 0x200
x29 <- 0x0000000000040200

mem[X,0x0000000080001BD4] -> 0x9E93
mem[X,0x0000000080001BD6] -> 0x00BE
[1786] [M]: 0x0000000080001BD4 (0x00BE9E93) slli t4, t4, 0xb
x29 <- 0x0000000020100000

mem[X,0x0000000080001BD8] -> 0x8E93
mem[X,0x0000000080001BDA] -> 0x7FFE
[1787] [M]: 0x0000000080001BD8 (0x7FFE8E93) addi t4, t4, 0x7ff
x29 <- 0x00000000201007FF

mem[X,0x0000000080001BDC] -> 0x9E93
mem[X,0x0000000080001BDE] -> 0x00BE
[1788] [M]: 0x0000000080001BDC (0x00BE9E93) slli t4, t4, 0xb
x29 <- 0x00000100803FF800

mem[X,0x0000000080001BE0] -> 0x8E93
mem[X,0x0000000080001BE2] -> 0x795E
[1789] [M]: 0x0000000080001BE0 (0x795E8E93) addi t4, t4, 0x795
x29 <- 0x00000100803FFF95

mem[X,0x0000000080001BE4] -> 0x9E93
mem[X,0x0000000080001BE6] -> 0x00AE
[1790] [M]: 0x0000000080001BE4 (0x00AE9E93) slli t4, t4, 0xa
x29 <- 0x00040200FFFE5400

mem[X,0x0000000080001BE8] -> 0x8E93
mem[X,0x0000000080001BEA] -> 0x155E
[1791] [M]: 0x0000000080001BE8 (0x155E8E93) addi t4, t4, 0x155
x29 <- 0x00040200FFFE5555

mem[X,0x0000000080001BEC] -> 0x7FBB
mem[X,0x0000000080001BEE] -> 0xB5DF
[1792] [M]: 0x0000000080001BEC (0xB5DF7FBB) pmulhsu.h.bo t6, t5, t4
x31 <- 0x000000010000002A

mem[X,0x0000000080001BF0] -> 0xB423
mem[X,0x0000000080001BF2] -> 0x21F0
[1793] [M]: 0x0000000080001BF0 (0x21F0B423) sd t6, 0x208(ra)
mem[0x0000000080004408] <- 0x000000010000002A

mem[X,0x0000000080001BF4] -> 0x1F37
mem[X,0x0000000080001BF6] -> 0x4000
[1794] [M]: 0x0000000080001BF4 (0x40001F37) lui t5, 0x40001
x30 <- 0x0000000040001000

mem[X,0x0000000080001BF8] -> 0x0F13
mem[X,0x0000000080001BFA] -> 0x000F
[1795] [M]: 0x0000000080001BF8 (0x000F0F13) addi t5, t5, 0x0
x30 <- 0x0000000040001000

mem[X,0x0000000080001BFC] -> 0x1F13
mem[X,0x0000000080001BFE] -> 0x00BF
[1796] [M]: 0x0000000080001BFC (0x00BF1F13) slli t5, t5, 0xb
x30 <- 0x0000020000800000

mem[X,0x0000000080001C00] -> 0x0F13
mem[X,0x0000000080001C02] -> 0x004F
[1797] [M]: 0x0000000080001C00 (0x004F0F13) addi t5, t5, 0x4
x30 <- 0x0000020000800004

mem[X,0x0000000080001C04] -> 0x1F13
mem[X,0x0000000080001C06] -> 0x00BF
[1798] [M]: 0x0000000080001C04 (0x00BF1F13) slli t5, t5, 0xb
x30 <- 0x0010000400002000

mem[X,0x0000000080001C08] -> 0x0F13
mem[X,0x0000000080001C0A] -> 0x000F
[1799] [M]: 0x0000000080001C08 (0x000F0F13) addi t5, t5, 0x0
x30 <- 0x0010000400002000

clint::tick mtime <- 0x0000000000000012
 clint timer pending at mtime 0x0000000000000012
htif::tick 0x0000000000000000
mem[X,0x0000000080001C0C] -> 0x1F13
mem[X,0x0000000080001C0E] -> 0x00AF
[1800] [M]: 0x0000000080001C0C (0x00AF1F13) slli t5, t5, 0xa
x30 <- 0x4000100000800000

mem[X,0x0000000080001C10] -> 0x0F13
mem[X,0x0000000080001C12] -> 0x200F
[1801] [M]: 0x0000000080001C10 (0x200F0F13) addi t5, t5, 0x200
x30 <- 0x4000100000800200

mem[X,0x0000000080001C14] -> 0x0EB7
mem[X,0x0000000080001C16] -> 0x0001
[1802] [M]: 0x0000000080001C14 (0x00010EB7) lui t4, 0x10
x29 <- 0x0000000000010000

mem[X,0x0000000080001C18] -> 0x8E93
mem[X,0x0000000080001C1A] -> 0x400E
[1803] [M]: 0x0000000080001C18 (0x400E8E93) addi t4, t4, 0x400
x29 <- 0x0000000000010400

mem[X,0x0000000080001C1C] -> 0x9E93
mem[X,0x0000000080001C1E] -> 0x00BE
[1804] [M]: 0x0000000080001C1C (0x00BE9E93) slli t4, t4, 0xb
x29 <- 0x0000000008200000

mem[X,0x0000000080001C20] -> 0x8E93
mem[X,0x0000000080001C22] -> 0x000E
[1805] [M]: 0x0000000080001C20 (0x000E8E93) addi t4, t4, 0x0
x29 <- 0x0000000008200000

mem[X,0x0000000080001C24] -> 0x9E93
mem[X,0x0000000080001C26] -> 0x00BE
[1806] [M]: 0x0000000080001C24 (0x00BE9E93) slli t4, t4, 0xb
x29 <- 0x0000004100000000

mem[X,0x0000000080001C28] -> 0x8E93
mem[X,0x0000000080001C2A] -> 0x077E
[1807] [M]: 0x0000000080001C28 (0x077E8E93) addi t4, t4, 0x77
x29 <- 0x0000004100000077

mem[X,0x0000000080001C2C] -> 0x9E93
mem[X,0x0000000080001C2E] -> 0x00AE
[1808] [M]: 0x0000000080001C2C (0x00AE9E93) slli t4, t4, 0xa
x29 <- 0x000104000001DC00

mem[X,0x0000000080001C30] -> 0x8E93
mem[X,0x0000000080001C32] -> 0x3FFE
[1809] [M]: 0x0000000080001C30 (0x3FFE8E93) addi t4, t4, 0x3ff
x29 <- 0x000104000001DFFF

mem[X,0x0000000080001C34] -> 0x7FBB
mem[X,0x0000000080001C36] -> 0xB5DF
[1810] [M]: 0x0000000080001C34 (0xB5DF7FBB) pmulhsu.h.bo t6, t5, t4
x31 <- 0x0000000000000001

mem[X,0x0000000080001C38] -> 0xB823
mem[X,0x0000000080001C3A] -> 0x21F0
[1811] [M]: 0x0000000080001C38 (0x21F0B823) sd t6, 0x210(ra)
mem[0x0000000080004410] <- 0x0000000000000001

mem[X,0x0000000080001C3C] -> 0x0F37
mem[X,0x0000000080001C3E] -> 0x0004
[1812] [M]: 0x0000000080001C3C (0x00040F37) lui t5, 0x40
x30 <- 0x0000000000040000

mem[X,0x0000000080001C40] -> 0x0F13
mem[X,0x0000000080001C42] -> 0x080F
[1813] [M]: 0x0000000080001C40 (0x080F0F13) addi t5, t5, 0x80
x30 <- 0x0000000000040080

mem[X,0x0000000080001C44] -> 0x1F13
mem[X,0x0000000080001C46] -> 0x00BF
[1814] [M]: 0x0000000080001C44 (0x00BF1F13) slli t5, t5, 0xb
x30 <- 0x0000000020040000

mem[X,0x0000000080001C48] -> 0x0F13
mem[X,0x0000000080001C4A] -> 0x1FFF
[1815] [M]: 0x0000000080001C48 (0x1FFF0F13) addi t5, t5, 0x1ff
x30 <- 0x00000000200401FF

mem[X,0x0000000080001C4C] -> 0x1F13
mem[X,0x0000000080001C4E] -> 0x00BF
[1816] [M]: 0x0000000080001C4C (0x00BF1F13) slli t5, t5, 0xb
x30 <- 0x00000100200FF800

mem[X,0x0000000080001C50] -> 0x0F13
mem[X,0x0000000080001C52] -> 0x7D5F
[1817] [M]: 0x0000000080001C50 (0x7D5F0F13) addi t5, t5, 0x7d5
x30 <- 0x00000100200FFFD5

mem[X,0x0000000080001C54] -> 0x1F13
mem[X,0x0000000080001C56] -> 0x00AF
[1818] [M]: 0x0000000080001C54 (0x00AF1F13) slli t5, t5, 0xa
x30 <- 0x000400803FFF5400

mem[X,0x0000000080001C58] -> 0x0F13
mem[X,0x0000000080001C5A] -> 0x155F
[1819] [M]: 0x0000000080001C58 (0x155F0F13) addi t5, t5, 0x155
x30 <- 0x000400803FFF5555

mem[X,0x0000000080001C5C] -> 0x4EB7
mem[X,0x0000000080001C5E] -> 0x0009
[1820] [M]: 0x0000000080001C5C (0x00094EB7) lui t4, 0x94
x29 <- 0x0000000000094000

mem[X,0x0000000080001C60] -> 0x8E93
mem[X,0x0000000080001C62] -> 0x000E
[1821] [M]: 0x0000000080001C60 (0x000E8E93) addi t4, t4, 0x0
x29 <- 0x0000000000094000

mem[X,0x0000000080001C64] -> 0x9E93
mem[X,0x0000000080001C66] -> 0x00BE
[1822] [M]: 0x0000000080001C64 (0x00BE9E93) slli t4, t4, 0xb
x29 <- 0x000000004A000000

mem[X,0x0000000080001C68] -> 0x8E93
mem[X,0x0000000080001C6A] -> 0x3FFE
[1823] [M]: 0x0000000080001C68 (0x3FFE8E93) addi t4, t4, 0x3ff
x29 <- 0x000000004A0003FF

mem[X,0x0000000080001C6C] -> 0x9E93
mem[X,0x0000000080001C6E] -> 0x00BE
[1824] [M]: 0x0000000080001C6C (0x00BE9E93) slli t4, t4, 0xb
x29 <- 0x00000250001FF800

mem[X,0x0000000080001C70] -> 0x8E93
mem[X,0x0000000080001C72] -> 0x7C0E
[1825] [M]: 0x0000000080001C70 (0x7C0E8E93) addi t4, t4, 0x7c0
x29 <- 0x00000250001FFFC0

mem[X,0x0000000080001C74] -> 0x9E93
mem[X,0x0000000080001C76] -> 0x00AE
[1826] [M]: 0x0000000080001C74 (0x00AE9E93) slli t4, t4, 0xa
x29 <- 0x000940007FFF0000

mem[X,0x0000000080001C78] -> 0x8E93
mem[X,0x0000000080001C7A] -> 0x080E
[1827] [M]: 0x0000000080001C78 (0x080E8E93) addi t4, t4, 0x80
x29 <- 0x000940007FFF0080

mem[X,0x0000000080001C7C] -> 0x7FBB
mem[X,0x0000000080001C7E] -> 0xB5DF
[1828] [M]: 0x0000000080001C7C (0xB5DF7FBB) pmulhsu.h.bo t6, t5, t4
x31 <- 0x00000000001F0000

mem[X,0x0000000080001C80] -> 0xBC23
mem[X,0x0000000080001C82] -> 0x21F0
[1829] [M]: 0x0000000080001C80 (0x21F0BC23) sd t6, 0x218(ra)
mem[0x0000000080004418] <- 0x00000000001F0000

mem[X,0x0000000080001C84] -> 0xBF37
mem[X,0x0000000080001C86] -> 0xFFFD
[1830] [M]: 0x0000000080001C84 (0xFFFDBF37) lui t5, -0x25
x30 <- 0xFFFFFFFFFFFDB000

mem[X,0x0000000080001C88] -> 0x0F13
mem[X,0x0000000080001C8A] -> 0xAAAF
[1831] [M]: 0x0000000080001C88 (0xAAAF0F13) addi t5, t5, -0x556
x30 <- 0xFFFFFFFFFFFDAAAA

mem[X,0x0000000080001C8C] -> 0x1F13
mem[X,0x0000000080001C8E] -> 0x00BF
[1832] [M]: 0x0000000080001C8C (0x00BF1F13) slli t5, t5, 0xb
x30 <- 0xFFFFFFFFED555000

mem[X,0x0000000080001C90] -> 0x0F13
mem[X,0x0000000080001C92] -> 0x080F
[1833] [M]: 0x0000000080001C90 (0x080F0F13) addi t5, t5, 0x80
x30 <- 0xFFFFFFFFED555080

mem[X,0x0000000080001C94] -> 0x1F13
mem[X,0x0000000080001C96] -> 0x00BF
[1834] [M]: 0x0000000080001C94 (0x00BF1F13) slli t5, t5, 0xb
x30 <- 0xFFFFFF6AAA840000

mem[X,0x0000000080001C98] -> 0x0F13
mem[X,0x0000000080001C9A] -> 0x01FF
[1835] [M]: 0x0000000080001C98 (0x01FF0F13) addi t5, t5, 0x1f
x30 <- 0xFFFFFF6AAA84001F

mem[X,0x0000000080001C9C] -> 0x1F13
mem[X,0x0000000080001C9E] -> 0x00AF
[1836] [M]: 0x0000000080001C9C (0x00AF1F13) slli t5, t5, 0xa
x30 <- 0xFFFDAAAA10007C00

mem[X,0x0000000080001CA0] -> 0x0F13
mem[X,0x0000000080001CA2] -> 0x3FFF
[1837] [M]: 0x0000000080001CA0 (0x3FFF0F13) addi t5, t5, 0x3ff
x30 <- 0xFFFDAAAA10007FFF

mem[X,0x0000000080001CA4] -> 0x0EB7
mem[X,0x0000000080001CA6] -> 0x0004
[1838] [M]: 0x0000000080001CA4 (0x00040EB7) lui t4, 0x40
x29 <- 0x0000000000040000

mem[X,0x0000000080001CA8] -> 0x8E93
mem[X,0x0000000080001CAA] -> 0xFFEE
[1839] [M]: 0x0000000080001CA8 (0xFFEE8E93) addi t4, t4, -0x2
x29 <- 0x000000000003FFFE

mem[X,0x0000000080001CAC] -> 0x9E93
mem[X,0x0000000080001CAE] -> 0x00BE
[1840] [M]: 0x0000000080001CAC (0x00BE9E93) slli t4, t4, 0xb
x29 <- 0x000000001FFFF000

mem[X,0x0000000080001CB0] -> 0x8E93
mem[X,0x0000000080001CB2] -> 0x7FFE
[1841] [M]: 0x0000000080001CB0 (0x7FFE8E93) addi t4, t4, 0x7ff
x29 <- 0x000000001FFFF7FF

mem[X,0x0000000080001CB4] -> 0x9E93
mem[X,0x0000000080001CB6] -> 0x00BE
[1842] [M]: 0x0000000080001CB4 (0x00BE9E93) slli t4, t4, 0xb
x29 <- 0x000000FFFFBFF800

mem[X,0x0000000080001CB8] -> 0x8E93
mem[X,0x0000000080001CBA] -> 0x7BBE
[1843] [M]: 0x0000000080001CB8 (0x7BBE8E93) addi t4, t4, 0x7bb
x29 <- 0x000000FFFFBFFFBB

mem[X,0x0000000080001CBC] -> 0x9E93
mem[X,0x0000000080001CBE] -> 0x00AE
[1844] [M]: 0x0000000080001CBC (0x00AE9E93) slli t4, t4, 0xa
x29 <- 0x0003FFFEFFFEEC00

mem[X,0x0000000080001CC0] -> 0x8E93
mem[X,0x0000000080001CC2] -> 0x3FFE
[1845] [M]: 0x0000000080001CC0 (0x3FFE8E93) addi t4, t4, 0x3ff
x29 <- 0x0003FFFEFFFEEFFF

mem[X,0x0000000080001CC4] -> 0x7FBB
mem[X,0x0000000080001CC6] -> 0xB5DF
[1846] [M]: 0x0000000080001CC4 (0xB5DF7FBB) pmulhsu.h.bo t6, t5, t4
x31 <- 0x000000A9000F0077

mem[X,0x0000000080001CC8] -> 0xB023
mem[X,0x0000000080001CCA] -> 0x23F0
[1847] [M]: 0x0000000080001CC8 (0x23F0B023) sd t6, 0x220(ra)
mem[0x0000000080004420] <- 0x000000A9000F0077

mem[X,0x0000000080001CCC] -> 0x0F37
mem[X,0x0000000080001CCE] -> 0x0002
[1848] [M]: 0x0000000080001CCC (0x00020F37) lui t5, 0x20
x30 <- 0x0000000000020000

mem[X,0x0000000080001CD0] -> 0x0F13
mem[X,0x0000000080001CD2] -> 0xFFDF
[1849] [M]: 0x0000000080001CD0 (0xFFDF0F13) addi t5, t5, -0x3
x30 <- 0x000000000001FFFD

mem[X,0x0000000080001CD4] -> 0x1F13
mem[X,0x0000000080001CD6] -> 0x00BF
[1850] [M]: 0x0000000080001CD4 (0x00BF1F13) slli t5, t5, 0xb
x30 <- 0x000000000FFFE800

mem[X,0x0000000080001CD8] -> 0x0F13
mem[X,0x0000000080001CDA] -> 0x020F
[1851] [M]: 0x0000000080001CD8 (0x020F0F13) addi t5, t5, 0x20
x30 <- 0x000000000FFFE820

mem[X,0x0000000080001CDC] -> 0x1F13
mem[X,0x0000000080001CDE] -> 0x00BF
[1852] [M]: 0x0000000080001CDC (0x00BF1F13) slli t5, t5, 0xb
x30 <- 0x0000007FFF410000

mem[X,0x0000000080001CE0] -> 0x0F13
mem[X,0x0000000080001CE2] -> 0x000F
[1853] [M]: 0x0000000080001CE0 (0x000F0F13) addi t5, t5, 0x0
x30 <- 0x0000007FFF410000

mem[X,0x0000000080001CE4] -> 0x1F13
mem[X,0x0000000080001CE6] -> 0x00AF
[1854] [M]: 0x0000000080001CE4 (0x00AF1F13) slli t5, t5, 0xa
x30 <- 0x0001FFFD04000000

mem[X,0x0000000080001CE8] -> 0x0F13
mem[X,0x0000000080001CEA] -> 0x009F
[1855] [M]: 0x0000000080001CE8 (0x009F0F13) addi t5, t5, 0x9
x30 <- 0x0001FFFD04000009

mem[X,0x0000000080001CEC] -> 0x0EB7
mem[X,0x0000000080001CEE] -> 0x0004
[1856] [M]: 0x0000000080001CEC (0x00040EB7) lui t4, 0x40
x29 <- 0x0000000000040000

mem[X,0x0000000080001CF0] -> 0x8E93
mem[X,0x0000000080001CF2] -> 0xFF7E
[1857] [M]: 0x0000000080001CF0 (0xFF7E8E93) addi t4, t4, -0x9
x29 <- 0x000000000003FFF7

mem[X,0x0000000080001CF4] -> 0x9E93
mem[X,0x0000000080001CF6] -> 0x00BE
[1858] [M]: 0x0000000080001CF4 (0x00BE9E93) slli t4, t4, 0xb
x29 <- 0x000000001FFFB800

mem[X,0x0000000080001CF8] -> 0x8E93
mem[X,0x0000000080001CFA] -> 0x200E
[1859] [M]: 0x0000000080001CF8 (0x200E8E93) addi t4, t4, 0x200
x29 <- 0x000000001FFFBA00

mem[X,0x0000000080001CFC] -> 0x9E93
mem[X,0x0000000080001CFE] -> 0x00BE
[1860] [M]: 0x0000000080001CFC (0x00BE9E93) slli t4, t4, 0xb
x29 <- 0x000000FFFDD00000

mem[X,0x0000000080001D00] -> 0x8E93
mem[X,0x0000000080001D02] -> 0x03FE
[1861] [M]: 0x0000000080001D00 (0x03FE8E93) addi t4, t4, 0x3f
x29 <- 0x000000FFFDD0003F

mem[X,0x0000000080001D04] -> 0x9E93
mem[X,0x0000000080001D06] -> 0x00AE
[1862] [M]: 0x0000000080001D04 (0x00AE9E93) slli t4, t4, 0xa
x29 <- 0x0003FFF74000FC00

mem[X,0x0000000080001D08] -> 0x8E93
mem[X,0x0000000080001D0A] -> 0x3FAE
[1863] [M]: 0x0000000080001D08 (0x3FAE8E93) addi t4, t4, 0x3fa
x29 <- 0x0003FFF74000FFFA

mem[X,0x0000000080001D0C] -> 0x7FBB
mem[X,0x0000000080001D0E] -> 0xB5DF
[1864] [M]: 0x0000000080001D0C (0xB5DF7FBB) pmulhsu.h.bo t6, t5, t4
x31 <- 0x000000FE00010000

mem[X,0x0000000080001D10] -> 0xB423
mem[X,0x0000000080001D12] -> 0x23F0
[1865] [M]: 0x0000000080001D10 (0x23F0B423) sd t6, 0x228(ra)
mem[0x0000000080004428] <- 0x000000FE00010000

mem[X,0x0000000080001D14] -> 0x0F37
mem[X,0x0000000080001D16] -> 0x0008
[1866] [M]: 0x0000000080001D14 (0x00080F37) lui t5, 0x80
x30 <- 0x0000000000080000

mem[X,0x0000000080001D18] -> 0x0F13
mem[X,0x0000000080001D1A] -> 0x200F
[1867] [M]: 0x0000000080001D18 (0x200F0F13) addi t5, t5, 0x200
x30 <- 0x0000000000080200

mem[X,0x0000000080001D1C] -> 0x1F13
mem[X,0x0000000080001D1E] -> 0x00BF
[1868] [M]: 0x0000000080001D1C (0x00BF1F13) slli t5, t5, 0xb
x30 <- 0x0000000040100000

mem[X,0x0000000080001D20] -> 0x0F13
mem[X,0x0000000080001D22] -> 0x3FFF
[1869] [M]: 0x0000000080001D20 (0x3FFF0F13) addi t5, t5, 0x3ff
x30 <- 0x00000000401003FF

mem[X,0x0000000080001D24] -> 0x1F13
mem[X,0x0000000080001D26] -> 0x00BF
[1870] [M]: 0x0000000080001D24 (0x00BF1F13) slli t5, t5, 0xb
x30 <- 0x00000200801FF800

mem[X,0x0000000080001D28] -> 0x0F13
mem[X,0x0000000080001D2A] -> 0x7FFF
[1871] [M]: 0x0000000080001D28 (0x7FFF0F13) addi t5, t5, 0x7ff
x30 <- 0x00000200801FFFFF

mem[X,0x0000000080001D2C] -> 0x1F13
mem[X,0x0000000080001D2E] -> 0x00AF
[1872] [M]: 0x0000000080001D2C (0x00AF1F13) slli t5, t5, 0xa
x30 <- 0x000802007FFFFC00

mem[X,0x0000000080001D30] -> 0x0F13
mem[X,0x0000000080001D32] -> 0x3FBF
[1873] [M]: 0x0000000080001D30 (0x3FBF0F13) addi t5, t5, 0x3fb
x30 <- 0x000802007FFFFFFB

mem[X,0x0000000080001D34] -> 0x0EB7
mem[X,0x0000000080001D36] -> 0xFFF0
[1874] [M]: 0x0000000080001D34 (0xFFF00EB7) lui t4, -0x100
x29 <- 0xFFFFFFFFFFF00000

mem[X,0x0000000080001D38] -> 0x8E93
mem[X,0x0000000080001D3A] -> 0xFFEE
[1875] [M]: 0x0000000080001D38 (0xFFEE8E93) addi t4, t4, -0x2
x29 <- 0xFFFFFFFFFFEFFFFE

mem[X,0x0000000080001D3C] -> 0x9E93
mem[X,0x0000000080001D3E] -> 0x00BE
[1876] [M]: 0x0000000080001D3C (0x00BE9E93) slli t4, t4, 0xb
x29 <- 0xFFFFFFFF7FFFF000

mem[X,0x0000000080001D40] -> 0x8E93
mem[X,0x0000000080001D42] -> 0x000E
[1877] [M]: 0x0000000080001D40 (0x000E8E93) addi t4, t4, 0x0
x29 <- 0xFFFFFFFF7FFFF000

mem[X,0x0000000080001D44] -> 0x9E93
mem[X,0x0000000080001D46] -> 0x00BE
[1878] [M]: 0x0000000080001D44 (0x00BE9E93) slli t4, t4, 0xb
x29 <- 0xFFFFFBFFFF800000

mem[X,0x0000000080001D48] -> 0x8E93
mem[X,0x0000000080001D4A] -> 0x43FE
[1879] [M]: 0x0000000080001D48 (0x43FE8E93) addi t4, t4, 0x43f
x29 <- 0xFFFFFBFFFF80043F

mem[X,0x0000000080001D4C] -> 0x9E93
mem[X,0x0000000080001D4E] -> 0x00AE
[1880] [M]: 0x0000000080001D4C (0x00AE9E93) slli t4, t4, 0xa
x29 <- 0xFFEFFFFE0010FC00

mem[X,0x0000000080001D50] -> 0x8E93
mem[X,0x0000000080001D52] -> 0x1FFE
[1881] [M]: 0x0000000080001D50 (0x1FFE8E93) addi t4, t4, 0x1ff
x29 <- 0xFFEFFFFE0010FDFF

mem[X,0x0000000080001D54] -> 0x7FBB
mem[X,0x0000000080001D56] -> 0xB5DF
[1882] [M]: 0x0000000080001D54 (0xB5DF7FBB) pmulhsu.h.bo t6, t5, t4
x31 <- 0x00000001000000FC

mem[X,0x0000000080001D58] -> 0xB823
mem[X,0x0000000080001D5A] -> 0x23F0
[1883] [M]: 0x0000000080001D58 (0x23F0B823) sd t6, 0x230(ra)
mem[0x0000000080004430] <- 0x00000001000000FC

mem[X,0x0000000080001D5C] -> 0x0F37
mem[X,0x0000000080001D5E] -> 0x0040
[1884] [M]: 0x0000000080001D5C (0x00400F37) lui t5, 0x400
x30 <- 0x0000000000400000

mem[X,0x0000000080001D60] -> 0x0F13
mem[X,0x0000000080001D62] -> 0x400F
[1885] [M]: 0x0000000080001D60 (0x400F0F13) addi t5, t5, 0x400
x30 <- 0x0000000000400400

mem[X,0x0000000080001D64] -> 0x1F13
mem[X,0x0000000080001D66] -> 0x00BF
[1886] [M]: 0x0000000080001D64 (0x00BF1F13) slli t5, t5, 0xb
x30 <- 0x0000000200200000

mem[X,0x0000000080001D68] -> 0x0F13
mem[X,0x0000000080001D6A] -> 0x020F
[1887] [M]: 0x0000000080001D68 (0x020F0F13) addi t5, t5, 0x20
x30 <- 0x0000000200200020

mem[X,0x0000000080001D6C] -> 0x1F13
mem[X,0x0000000080001D6E] -> 0x00BF
[1888] [M]: 0x0000000080001D6C (0x00BF1F13) slli t5, t5, 0xb
x30 <- 0x0000100100010000

mem[X,0x0000000080001D70] -> 0x0F13
mem[X,0x0000000080001D72] -> 0x000F
[1889] [M]: 0x0000000080001D70 (0x000F0F13) addi t5, t5, 0x0
x30 <- 0x0000100100010000

mem[X,0x0000000080001D74] -> 0x1F13
mem[X,0x0000000080001D76] -> 0x00AF
[1890] [M]: 0x0000000080001D74 (0x00AF1F13) slli t5, t5, 0xa
x30 <- 0x0040040004000000

mem[X,0x0000000080001D78] -> 0x0F13
mem[X,0x0000000080001D7A] -> 0x008F
[1891] [M]: 0x0000000080001D78 (0x008F0F13) addi t5, t5, 0x8
x30 <- 0x0040040004000008

mem[X,0x0000000080001D7C] -> 0x1EB7
mem[X,0x0000000080001D7E] -> 0xFFBF
[1892] [M]: 0x0000000080001D7C (0xFFBF1EB7) lui t4, -0x40f
x29 <- 0xFFFFFFFFFFBF1000

mem[X,0x0000000080001D80] -> 0x8E93
mem[X,0x0000000080001D82] -> 0x800E
[1893] [M]: 0x0000000080001D80 (0x800E8E93) addi t4, t4, -0x800
x29 <- 0xFFFFFFFFFFBF0800

mem[X,0x0000000080001D84] -> 0x9E93
mem[X,0x0000000080001D86] -> 0x00BE
[1894] [M]: 0x0000000080001D84 (0x00BE9E93) slli t4, t4, 0xb
x29 <- 0xFFFFFFFDF8400000

mem[X,0x0000000080001D88] -> 0x8E93
mem[X,0x0000000080001D8A] -> 0x3FFE
[1895] [M]: 0x0000000080001D88 (0x3FFE8E93) addi t4, t4, 0x3ff
x29 <- 0xFFFFFFFDF84003FF

mem[X,0x0000000080001D8C] -> 0x9E93
mem[X,0x0000000080001D8E] -> 0x00BE
[1896] [M]: 0x0000000080001D8C (0x00BE9E93) slli t4, t4, 0xb
x29 <- 0xFFFFEFC2001FF800

mem[X,0x0000000080001D90] -> 0x8E93
mem[X,0x0000000080001D92] -> 0x7FFE
[1897] [M]: 0x0000000080001D90 (0x7FFE8E93) addi t4, t4, 0x7ff
x29 <- 0xFFFFEFC2001FFFFF

mem[X,0x0000000080001D94] -> 0x9E93
mem[X,0x0000000080001D96] -> 0x00AE
[1898] [M]: 0x0000000080001D94 (0x00AE9E93) slli t4, t4, 0xa
x29 <- 0xFFBF08007FFFFC00

mem[X,0x0000000080001D98] -> 0x8E93
mem[X,0x0000000080001D9A] -> 0x3FEE
[1899] [M]: 0x0000000080001D98 (0x3FEE8E93) addi t4, t4, 0x3fe
x29 <- 0xFFBF08007FFFFFFE

clint::tick mtime <- 0x0000000000000013
 clint timer pending at mtime 0x0000000000000013
htif::tick 0x0000000000000000
mem[X,0x0000000080001D9C] -> 0x7FBB
mem[X,0x0000000080001D9E] -> 0xB5DF
[1900] [M]: 0x0000000080001D9C (0xB5DF7FBB) pmulhsu.h.bo t6, t5, t4
x31 <- 0x0000000000010000

mem[X,0x0000000080001DA0] -> 0xBC23
mem[X,0x0000000080001DA2] -> 0x23F0
[1901] [M]: 0x0000000080001DA0 (0x23F0BC23) sd t6, 0x238(ra)
mem[0x0000000080004438] <- 0x0000000000010000

mem[X,0x0000000080001DA4] -> 0x0F37
mem[X,0x0000000080001DA6] -> 0x2001
[1902] [M]: 0x0000000080001DA4 (0x20010F37) lui t5, 0x20010
x30 <- 0x0000000020010000

mem[X,0x0000000080001DA8] -> 0x0F13
mem[X,0x0000000080001DAA] -> 0xFBFF
[1903] [M]: 0x0000000080001DA8 (0xFBFF0F13) addi t5, t5, -0x41
x30 <- 0x000000002000FFBF

mem[X,0x0000000080001DAC] -> 0x1F13
mem[X,0x0000000080001DAE] -> 0x00BF
[1904] [M]: 0x0000000080001DAC (0x00BF1F13) slli t5, t5, 0xb
x30 <- 0x0000010007FDF800

mem[X,0x0000000080001DB0] -> 0x0F13
mem[X,0x0000000080001DB2] -> 0x7FFF
[1905] [M]: 0x0000000080001DB0 (0x7FFF0F13) addi t5, t5, 0x7ff
x30 <- 0x0000010007FDFFFF

mem[X,0x0000000080001DB4] -> 0x1F13
mem[X,0x0000000080001DB6] -> 0x00BF
[1906] [M]: 0x0000000080001DB4 (0x00BF1F13) slli t5, t5, 0xb
x30 <- 0x0008003FEFFFF800

mem[X,0x0000000080001DB8] -> 0x0F13
mem[X,0x0000000080001DBA] -> 0x6FBF
[1907] [M]: 0x0000000080001DB8 (0x6FBF0F13) addi t5, t5, 0x6fb
x30 <- 0x0008003FEFFFFEFB

mem[X,0x0000000080001DBC] -> 0x1F13
mem[X,0x0000000080001DBE] -> 0x00AF
[1908] [M]: 0x0000000080001DBC (0x00AF1F13) slli t5, t5, 0xa
x30 <- 0x2000FFBFFFFBEC00

mem[X,0x0000000080001DC0] -> 0x0F13
mem[X,0x0000000080001DC2] -> 0x3FFF
[1909] [M]: 0x0000000080001DC0 (0x3FFF0F13) addi t5, t5, 0x3ff
x30 <- 0x2000FFBFFFFBEFFF

mem[X,0x0000000080001DC4] -> 0x0EB7
mem[X,0x0000000080001DC6] -> 0x0200
[1910] [M]: 0x0000000080001DC4 (0x02000EB7) lui t4, 0x2000
x29 <- 0x0000000002000000

mem[X,0x0000000080001DC8] -> 0x8E93
mem[X,0x0000000080001DCA] -> 0x003E
[1911] [M]: 0x0000000080001DC8 (0x003E8E93) addi t4, t4, 0x3
x29 <- 0x0000000002000003

mem[X,0x0000000080001DCC] -> 0x9E93
mem[X,0x0000000080001DCE] -> 0x00BE
[1912] [M]: 0x0000000080001DCC (0x00BE9E93) slli t4, t4, 0xb
x29 <- 0x0000001000001800

mem[X,0x0000000080001DD0] -> 0x8E93
mem[X,0x0000000080001DD2] -> 0x7FFE
[1913] [M]: 0x0000000080001DD0 (0x7FFE8E93) addi t4, t4, 0x7ff
x29 <- 0x0000001000001FFF

mem[X,0x0000000080001DD4] -> 0x9E93
mem[X,0x0000000080001DD6] -> 0x00BE
[1914] [M]: 0x0000000080001DD4 (0x00BE9E93) slli t4, t4, 0xb
x29 <- 0x0000800000FFF800

mem[X,0x0000000080001DD8] -> 0x8E93
mem[X,0x0000000080001DDA] -> 0x790E
[1915] [M]: 0x0000000080001DD8 (0x790E8E93) addi t4, t4, 0x790
x29 <- 0x0000800000FFFF90

mem[X,0x0000000080001DDC] -> 0x9E93
mem[X,0x0000000080001DDE] -> 0x00AE
[1916] [M]: 0x0000000080001DDC (0x00AE9E93) slli t4, t4, 0xa
x29 <- 0x02000003FFFE4000

mem[X,0x0000000080001DE0] -> 0x7FBB
mem[X,0x0000000080001DE2] -> 0xB5DF
[1917] [M]: 0x0000000080001DE0 (0xB5DF7FBB) pmulhsu.h.bo t6, t5, t4
x31 <- 0x0000000000FE003B

mem[X,0x0000000080001DE4] -> 0xB023
mem[X,0x0000000080001DE6] -> 0x25F0
[1918] [M]: 0x0000000080001DE4 (0x25F0B023) sd t6, 0x240(ra)
mem[0x0000000080004440] <- 0x0000000000FE003B

mem[X,0x0000000080001DE8] -> 0xFF37
mem[X,0x0000000080001DEA] -> 0x0040
[1919] [M]: 0x0000000080001DE8 (0x0040FF37) lui t5, 0x40f
x30 <- 0x000000000040F000

mem[X,0x0000000080001DEC] -> 0x0F13
mem[X,0x0000000080001DEE] -> 0x7FFF
[1920] [M]: 0x0000000080001DEC (0x7FFF0F13) addi t5, t5, 0x7ff
x30 <- 0x000000000040F7FF

mem[X,0x0000000080001DF0] -> 0x1F13
mem[X,0x0000000080001DF2] -> 0x00BF
[1921] [M]: 0x0000000080001DF0 (0x00BF1F13) slli t5, t5, 0xb
x30 <- 0x0000000207BFF800

mem[X,0x0000000080001DF4] -> 0x0F13
mem[X,0x0000000080001DF6] -> 0x7FFF
[1922] [M]: 0x0000000080001DF4 (0x7FFF0F13) addi t5, t5, 0x7ff
x30 <- 0x0000000207BFFFFF

mem[X,0x0000000080001DF8] -> 0x1F13
mem[X,0x0000000080001DFA] -> 0x00BF
[1923] [M]: 0x0000000080001DF8 (0x00BF1F13) slli t5, t5, 0xb
x30 <- 0x0000103DFFFFF800

mem[X,0x0000000080001DFC] -> 0x0F13
mem[X,0x0000000080001DFE] -> 0x760F
[1924] [M]: 0x0000000080001DFC (0x760F0F13) addi t5, t5, 0x760
x30 <- 0x0000103DFFFFFF60

mem[X,0x0000000080001E00] -> 0x1F13
mem[X,0x0000000080001E02] -> 0x00AF
[1925] [M]: 0x0000000080001E00 (0x00AF1F13) slli t5, t5, 0xa
x30 <- 0x0040F7FFFFFD8000

mem[X,0x0000000080001E04] -> 0x0EB7
mem[X,0x0000000080001E06] -> 0x8001
[1926] [M]: 0x0000000080001E04 (0x80010EB7) lui t4, -0x7fff0
x29 <- 0xFFFFFFFF80010000

mem[X,0x0000000080001E08] -> 0x8E93
mem[X,0x0000000080001E0A] -> 0xEFFE
[1927] [M]: 0x0000000080001E08 (0xEFFE8E93) addi t4, t4, -0x101
x29 <- 0xFFFFFFFF8000FEFF

mem[X,0x0000000080001E0C] -> 0x9E93
mem[X,0x0000000080001E0E] -> 0x00BE
[1928] [M]: 0x0000000080001E0C (0x00BE9E93) slli t4, t4, 0xb
x29 <- 0xFFFFFC0007F7F800

mem[X,0x0000000080001E10] -> 0x8E93
mem[X,0x0000000080001E12] -> 0x040E
[1929] [M]: 0x0000000080001E10 (0x040E8E93) addi t4, t4, 0x40
x29 <- 0xFFFFFC0007F7F840

mem[X,0x0000000080001E14] -> 0x9E93
mem[X,0x0000000080001E16] -> 0x00BE
[1930] [M]: 0x0000000080001E14 (0x00BE9E93) slli t4, t4, 0xb
x29 <- 0xFFE0003FBFC20000

mem[X,0x0000000080001E18] -> 0x8E93
mem[X,0x0000000080001E1A] -> 0x01FE
[1931] [M]: 0x0000000080001E18 (0x01FE8E93) addi t4, t4, 0x1f
x29 <- 0xFFE0003FBFC2001F

mem[X,0x0000000080001E1C] -> 0x9E93
mem[X,0x0000000080001E1E] -> 0x00AE
[1932] [M]: 0x0000000080001E1C (0x00AE9E93) slli t4, t4, 0xa
x29 <- 0x8000FEFF08007C00

mem[X,0x0000000080001E20] -> 0x8E93
mem[X,0x0000000080001E22] -> 0x3FFE
[1933] [M]: 0x0000000080001E20 (0x3FFE8E93) addi t4, t4, 0x3ff
x29 <- 0x8000FEFF08007FFF

mem[X,0x0000000080001E24] -> 0x7FBB
mem[X,0x0000000080001E26] -> 0xB5DF
[1934] [M]: 0x0000000080001E24 (0xB5DF7FBB) pmulhsu.h.bo t6, t5, t4
x31 <- 0x000000F60007003F

mem[X,0x0000000080001E28] -> 0xB423
mem[X,0x0000000080001E2A] -> 0x25F0
[1935] [M]: 0x0000000080001E28 (0x25F0B423) sd t6, 0x248(ra)
mem[0x0000000080004448] <- 0x000000F60007003F

mem[X,0x0000000080001E2C] -> 0x0F37
mem[X,0x0000000080001E2E] -> 0xFFF9
[1936] [M]: 0x0000000080001E2C (0xFFF90F37) lui t5, -0x70
x30 <- 0xFFFFFFFFFFF90000

mem[X,0x0000000080001E30] -> 0x0F13
mem[X,0x0000000080001E32] -> 0xFFCF
[1937] [M]: 0x0000000080001E30 (0xFFCF0F13) addi t5, t5, -0x4
x30 <- 0xFFFFFFFFFFF8FFFC

mem[X,0x0000000080001E34] -> 0x1F13
mem[X,0x0000000080001E36] -> 0x00BF
[1938] [M]: 0x0000000080001E34 (0x00BF1F13) slli t5, t5, 0xb
x30 <- 0xFFFFFFFFC7FFE000

mem[X,0x0000000080001E38] -> 0x0F13
mem[X,0x0000000080001E3A] -> 0x7FBF
[1939] [M]: 0x0000000080001E38 (0x7FBF0F13) addi t5, t5, 0x7fb
x30 <- 0xFFFFFFFFC7FFE7FB

mem[X,0x0000000080001E3C] -> 0x1F13
mem[X,0x0000000080001E3E] -> 0x00BF
[1940] [M]: 0x0000000080001E3C (0x00BF1F13) slli t5, t5, 0xb
x30 <- 0xFFFFFE3FFF3FD800

mem[X,0x0000000080001E40] -> 0x0F13
mem[X,0x0000000080001E42] -> 0x7C0F
[1941] [M]: 0x0000000080001E40 (0x7C0F0F13) addi t5, t5, 0x7c0
x30 <- 0xFFFFFE3FFF3FDFC0

mem[X,0x0000000080001E44] -> 0x1F13
mem[X,0x0000000080001E46] -> 0x00AF
[1942] [M]: 0x0000000080001E44 (0x00AF1F13) slli t5, t5, 0xa
x30 <- 0xFFF8FFFCFF7F0000

mem[X,0x0000000080001E48] -> 0x0F13
mem[X,0x0000000080001E4A] -> 0x040F
[1943] [M]: 0x0000000080001E48 (0x040F0F13) addi t5, t5, 0x40
x30 <- 0xFFF8FFFCFF7F0040

mem[X,0x0000000080001E4C] -> 0x0EB7
mem[X,0x0000000080001E4E] -> 0x0000
[1944] [M]: 0x0000000080001E4C (0x00000EB7) lui t4, 0x0
x29 <- 0x0000000000000000

mem[X,0x0000000080001E50] -> 0x8E93
mem[X,0x0000000080001E52] -> 0xDFFE
[1945] [M]: 0x0000000080001E50 (0xDFFE8E93) addi t4, t4, -0x201
x29 <- 0xFFFFFFFFFFFFFDFF

mem[X,0x0000000080001E54] -> 0x9E93
mem[X,0x0000000080001E56] -> 0x00BE
[1946] [M]: 0x0000000080001E54 (0x00BE9E93) slli t4, t4, 0xb
x29 <- 0xFFFFFFFFFFEFF800

mem[X,0x0000000080001E58] -> 0x8E93
mem[X,0x0000000080001E5A] -> 0x000E
[1947] [M]: 0x0000000080001E58 (0x000E8E93) addi t4, t4, 0x0
x29 <- 0xFFFFFFFFFFEFF800

mem[X,0x0000000080001E5C] -> 0x9E93
mem[X,0x0000000080001E5E] -> 0x00BE
[1948] [M]: 0x0000000080001E5C (0x00BE9E93) slli t4, t4, 0xb
x29 <- 0xFFFFFFFF7FC00000

mem[X,0x0000000080001E60] -> 0x8E93
mem[X,0x0000000080001E62] -> 0x07DE
[1949] [M]: 0x0000000080001E60 (0x07DE8E93) addi t4, t4, 0x7d
x29 <- 0xFFFFFFFF7FC0007D

mem[X,0x0000000080001E64] -> 0x9E93
mem[X,0x0000000080001E66] -> 0x00AE
[1950] [M]: 0x0000000080001E64 (0x00AE9E93) slli t4, t4, 0xa
x29 <- 0xFFFFFDFF0001F400

mem[X,0x0000000080001E68] -> 0x8E93
mem[X,0x0000000080001E6A] -> 0x3FFE
[1951] [M]: 0x0000000080001E68 (0x3FFE8E93) addi t4, t4, 0x3ff
x29 <- 0xFFFFFDFF0001F7FF

mem[X,0x0000000080001E6C] -> 0x7FBB
mem[X,0x0000000080001E6E] -> 0xB5DF
[1952] [M]: 0x0000000080001E6C (0xB5DF7FBB) pmulhsu.h.bo t6, t5, t4
x31 <- 0x00FE00FC00000000

mem[X,0x0000000080001E70] -> 0xB823
mem[X,0x0000000080001E72] -> 0x25F0
[1953] [M]: 0x0000000080001E70 (0x25F0B823) sd t6, 0x250(ra)
mem[0x0000000080004450] <- 0x00FE00FC00000000

mem[X,0x0000000080001E74] -> 0x1F37
mem[X,0x0000000080001E76] -> 0x8000
[1954] [M]: 0x0000000080001E74 (0x80001F37) lui t5, -0x7ffff
x30 <- 0xFFFFFFFF80001000

mem[X,0x0000000080001E78] -> 0x0F13
mem[X,0x0000000080001E7A] -> 0x800F
[1955] [M]: 0x0000000080001E78 (0x800F0F13) addi t5, t5, -0x800
x30 <- 0xFFFFFFFF80000800

mem[X,0x0000000080001E7C] -> 0x1F13
mem[X,0x0000000080001E7E] -> 0x00BF
[1956] [M]: 0x0000000080001E7C (0x00BF1F13) slli t5, t5, 0xb
x30 <- 0xFFFFFC0000400000

mem[X,0x0000000080001E80] -> 0x0F13
mem[X,0x0000000080001E82] -> 0x200F
[1957] [M]: 0x0000000080001E80 (0x200F0F13) addi t5, t5, 0x200
x30 <- 0xFFFFFC0000400200

mem[X,0x0000000080001E84] -> 0x1F13
mem[X,0x0000000080001E86] -> 0x00BF
[1958] [M]: 0x0000000080001E84 (0x00BF1F13) slli t5, t5, 0xb
x30 <- 0xFFE0000200100000

mem[X,0x0000000080001E88] -> 0x0F13
mem[X,0x0000000080001E8A] -> 0x03FF
[1959] [M]: 0x0000000080001E88 (0x03FF0F13) addi t5, t5, 0x3f
x30 <- 0xFFE000020010003F

mem[X,0x0000000080001E8C] -> 0x1F13
mem[X,0x0000000080001E8E] -> 0x00AF
[1960] [M]: 0x0000000080001E8C (0x00AF1F13) slli t5, t5, 0xa
x30 <- 0x800008004000FC00

mem[X,0x0000000080001E90] -> 0x0F13
mem[X,0x0000000080001E92] -> 0x3FAF
[1961] [M]: 0x0000000080001E90 (0x3FAF0F13) addi t5, t5, 0x3fa
x30 <- 0x800008004000FFFA

mem[X,0x0000000080001E94] -> 0x0EB7
mem[X,0x0000000080001E96] -> 0x1000
[1962] [M]: 0x0000000080001E94 (0x10000EB7) lui t4, 0x10000
x29 <- 0x0000000010000000

mem[X,0x0000000080001E98] -> 0x8E93
mem[X,0x0000000080001E9A] -> 0x004E
[1963] [M]: 0x0000000080001E98 (0x004E8E93) addi t4, t4, 0x4
x29 <- 0x0000000010000004

mem[X,0x0000000080001E9C] -> 0x9E93
mem[X,0x0000000080001E9E] -> 0x00BE
[1964] [M]: 0x0000000080001E9C (0x00BE9E93) slli t4, t4, 0xb
x29 <- 0x0000008000002000

mem[X,0x0000000080001EA0] -> 0x8E93
mem[X,0x0000000080001EA2] -> 0x7FFE
[1965] [M]: 0x0000000080001EA0 (0x7FFE8E93) addi t4, t4, 0x7ff
x29 <- 0x00000080000027FF

mem[X,0x0000000080001EA4] -> 0x9E93
mem[X,0x0000000080001EA6] -> 0x00BE
[1966] [M]: 0x0000000080001EA4 (0x00BE9E93) slli t4, t4, 0xb
x29 <- 0x00040000013FF800

mem[X,0x0000000080001EA8] -> 0x8E93
mem[X,0x0000000080001EAA] -> 0x755E
[1967] [M]: 0x0000000080001EA8 (0x755E8E93) addi t4, t4, 0x755
x29 <- 0x00040000013FFF55

mem[X,0x0000000080001EAC] -> 0x9E93
mem[X,0x0000000080001EAE] -> 0x00AE
[1968] [M]: 0x0000000080001EAC (0x00AE9E93) slli t4, t4, 0xa
x29 <- 0x10000004FFFD5400

mem[X,0x0000000080001EB0] -> 0x8E93
mem[X,0x0000000080001EB2] -> 0x155E
[1969] [M]: 0x0000000080001EB0 (0x155E8E93) addi t4, t4, 0x155
x29 <- 0x10000004FFFD5555

mem[X,0x0000000080001EB4] -> 0x7FBB
mem[X,0x0000000080001EB6] -> 0xB5DF
[1970] [M]: 0x0000000080001EB4 (0xB5DF7FBB) pmulhsu.h.bo t6, t5, t4
x31 <- 0x00080000003F0054

mem[X,0x0000000080001EB8] -> 0xBC23
mem[X,0x0000000080001EBA] -> 0x25F0
[1971] [M]: 0x0000000080001EB8 (0x25F0BC23) sd t6, 0x258(ra)
mem[0x0000000080004458] <- 0x00080000003F0054

mem[X,0x0000000080001EBC] -> 0x0F37
mem[X,0x0000000080001EBE] -> 0xFFF8
[1972] [M]: 0x0000000080001EBC (0xFFF80F37) lui t5, -0x80
x30 <- 0xFFFFFFFFFFF80000

mem[X,0x0000000080001EC0] -> 0x0F13
mem[X,0x0000000080001EC2] -> 0xF7FF
[1973] [M]: 0x0000000080001EC0 (0xF7FF0F13) addi t5, t5, -0x81
x30 <- 0xFFFFFFFFFFF7FF7F

mem[X,0x0000000080001EC4] -> 0x1F13
mem[X,0x0000000080001EC6] -> 0x00BF
[1974] [M]: 0x0000000080001EC4 (0x00BF1F13) slli t5, t5, 0xb
x30 <- 0xFFFFFFFFBFFBF800

mem[X,0x0000000080001EC8] -> 0x0F13
mem[X,0x0000000080001ECA] -> 0x000F
[1975] [M]: 0x0000000080001EC8 (0x000F0F13) addi t5, t5, 0x0
x30 <- 0xFFFFFFFFBFFBF800

mem[X,0x0000000080001ECC] -> 0x1F13
mem[X,0x0000000080001ECE] -> 0x00BF
[1976] [M]: 0x0000000080001ECC (0x00BF1F13) slli t5, t5, 0xb
x30 <- 0xFFFFFDFFDFC00000

mem[X,0x0000000080001ED0] -> 0x0F13
mem[X,0x0000000080001ED2] -> 0x082F
[1977] [M]: 0x0000000080001ED0 (0x082F0F13) addi t5, t5, 0x82
x30 <- 0xFFFFFDFFDFC00082

mem[X,0x0000000080001ED4] -> 0x1F13
mem[X,0x0000000080001ED6] -> 0x00AF
[1978] [M]: 0x0000000080001ED4 (0x00AF1F13) slli t5, t5, 0xa
x30 <- 0xFFF7FF7F00020800

mem[X,0x0000000080001ED8] -> 0x0EB7
mem[X,0x0000000080001EDA] -> 0x0003
[1979] [M]: 0x0000000080001ED8 (0x00030EB7) lui t4, 0x30
x29 <- 0x0000000000030000

mem[X,0x0000000080001EDC] -> 0x8E93
mem[X,0x0000000080001EDE] -> 0xFFDE
[1980] [M]: 0x0000000080001EDC (0xFFDE8E93) addi t4, t4, -0x3
x29 <- 0x000000000002FFFD

mem[X,0x0000000080001EE0] -> 0x9E93
mem[X,0x0000000080001EE2] -> 0x00BE
[1981] [M]: 0x0000000080001EE0 (0x00BE9E93) slli t4, t4, 0xb
x29 <- 0x0000000017FFE800

mem[X,0x0000000080001EE4] -> 0x8E93
mem[X,0x0000000080001EE6] -> 0x004E
[1982] [M]: 0x0000000080001EE4 (0x004E8E93) addi t4, t4, 0x4
x29 <- 0x0000000017FFE804

mem[X,0x0000000080001EE8] -> 0x9E93
mem[X,0x0000000080001EEA] -> 0x00BE
[1983] [M]: 0x0000000080001EE8 (0x00BE9E93) slli t4, t4, 0xb
x29 <- 0x000000BFFF402000

mem[X,0x0000000080001EEC] -> 0x8E93
mem[X,0x0000000080001EEE] -> 0x000E
[1984] [M]: 0x0000000080001EEC (0x000E8E93) addi t4, t4, 0x0
x29 <- 0x000000BFFF402000

mem[X,0x0000000080001EF0] -> 0x9E93
mem[X,0x0000000080001EF2] -> 0x00AE
[1985] [M]: 0x0000000080001EF0 (0x00AE9E93) slli t4, t4, 0xa
x29 <- 0x0002FFFD00800000

mem[X,0x0000000080001EF4] -> 0x8E93
mem[X,0x0000000080001EF6] -> 0x007E
[1986] [M]: 0x0000000080001EF4 (0x007E8E93) addi t4, t4, 0x7
x29 <- 0x0002FFFD00800007

mem[X,0x0000000080001EF8] -> 0x7FBB
mem[X,0x0000000080001EFA] -> 0xB5DF
[1987] [M]: 0x0000000080001EF8 (0xB5DF7FBB) pmulhsu.h.bo t6, t5, t4
x31 <- 0x000000FE00000000

mem[X,0x0000000080001EFC] -> 0xB023
mem[X,0x0000000080001EFE] -> 0x27F0
[1988] [M]: 0x0000000080001EFC (0x27F0B023) sd t6, 0x260(ra)
mem[0x0000000080004460] <- 0x000000FE00000000

mem[X,0x0000000080001F00] -> 0x2F37
mem[X,0x0000000080001F02] -> 0xFFF7
[1989] [M]: 0x0000000080001F00 (0xFFF72F37) lui t5, -0x8e
x30 <- 0xFFFFFFFFFFF72000

mem[X,0x0000000080001F04] -> 0x0F13
mem[X,0x0000000080001F06] -> 0x000F
[1990] [M]: 0x0000000080001F04 (0x000F0F13) addi t5, t5, 0x0
x30 <- 0xFFFFFFFFFFF72000

mem[X,0x0000000080001F08] -> 0x1F13
mem[X,0x0000000080001F0A] -> 0x00BF
[1991] [M]: 0x0000000080001F08 (0x00BF1F13) slli t5, t5, 0xb
x30 <- 0xFFFFFFFFB9000000

mem[X,0x0000000080001F0C] -> 0x0F13
mem[X,0x0000000080001F0E] -> 0x5FFF
[1992] [M]: 0x0000000080001F0C (0x5FFF0F13) addi t5, t5, 0x5ff
x30 <- 0xFFFFFFFFB90005FF

mem[X,0x0000000080001F10] -> 0x1F13
mem[X,0x0000000080001F12] -> 0x00BF
[1993] [M]: 0x0000000080001F10 (0x00BF1F13) slli t5, t5, 0xb
x30 <- 0xFFFFFDC8002FF800

mem[X,0x0000000080001F14] -> 0x0F13
mem[X,0x0000000080001F16] -> 0x7FFF
[1994] [M]: 0x0000000080001F14 (0x7FFF0F13) addi t5, t5, 0x7ff
x30 <- 0xFFFFFDC8002FFFFF

mem[X,0x0000000080001F18] -> 0x1F13
mem[X,0x0000000080001F1A] -> 0x00AF
[1995] [M]: 0x0000000080001F18 (0x00AF1F13) slli t5, t5, 0xa
x30 <- 0xFFF72000BFFFFC00

mem[X,0x0000000080001F1C] -> 0x0F13
mem[X,0x0000000080001F1E] -> 0x3FFF
[1996] [M]: 0x0000000080001F1C (0x3FFF0F13) addi t5, t5, 0x3ff
x30 <- 0xFFF72000BFFFFFFF

mem[X,0x0000000080001F20] -> 0xCEB7
mem[X,0x0000000080001F22] -> 0x0100
[1997] [M]: 0x0000000080001F20 (0x0100CEB7) lui t4, 0x100c
x29 <- 0x000000000100C000

mem[X,0x0000000080001F24] -> 0x8E93
mem[X,0x0000000080001F26] -> 0xFFFE
[1998] [M]: 0x0000000080001F24 (0xFFFE8E93) addi t4, t4, -0x1
x29 <- 0x000000000100BFFF

mem[X,0x0000000080001F28] -> 0x9E93
mem[X,0x0000000080001F2A] -> 0x00BE
[1999] [M]: 0x0000000080001F28 (0x00BE9E93) slli t4, t4, 0xb
x29 <- 0x0000000805FFF800

clint::tick mtime <- 0x0000000000000014
 clint timer pending at mtime 0x0000000000000014
htif::tick 0x0000000000000000
mem[X,0x0000000080001F2C] -> 0x8E93
mem[X,0x0000000080001F2E] -> 0x001E
[2000] [M]: 0x0000000080001F2C (0x001E8E93) addi t4, t4, 0x1
x29 <- 0x0000000805FFF801

mem[X,0x0000000080001F30] -> 0x9E93
mem[X,0x0000000080001F32] -> 0x00BE
[2001] [M]: 0x0000000080001F30 (0x00BE9E93) slli t4, t4, 0xb
x29 <- 0x0000402FFFC00800

mem[X,0x0000000080001F34] -> 0x8E93
mem[X,0x0000000080001F36] -> 0x03FE
[2002] [M]: 0x0000000080001F34 (0x03FE8E93) addi t4, t4, 0x3f
x29 <- 0x0000402FFFC0083F

mem[X,0x0000000080001F38] -> 0x9E93
mem[X,0x0000000080001F3A] -> 0x00AE
[2003] [M]: 0x0000000080001F38 (0x00AE9E93) slli t4, t4, 0xa
x29 <- 0x0100BFFF0020FC00

mem[X,0x0000000080001F3C] -> 0x8E93
mem[X,0x0000000080001F3E] -> 0x3FCE
[2004] [M]: 0x0000000080001F3C (0x3FCE8E93) addi t4, t4, 0x3fc
x29 <- 0x0100BFFF0020FFFC

mem[X,0x0000000080001F40] -> 0x7FBB
mem[X,0x0000000080001F42] -> 0xB5DF
[2005] [M]: 0x0000000080001F40 (0xB5DF7FBB) pmulhsu.h.bo t6, t5, t4
x31 <- 0x00000017000000FE

mem[X,0x0000000080001F44] -> 0xB423
mem[X,0x0000000080001F46] -> 0x27F0
[2006] [M]: 0x0000000080001F44 (0x27F0B423) sd t6, 0x268(ra)
mem[0x0000000080004468] <- 0x00000017000000FE

mem[X,0x0000000080001F48] -> 0x0F37
mem[X,0x0000000080001F4A] -> 0xDFFF
[2007] [M]: 0x0000000080001F48 (0xDFFF0F37) lui t5, -0x20010
x30 <- 0xFFFFFFFFDFFF0000

mem[X,0x0000000080001F4C] -> 0x0F13
mem[X,0x0000000080001F4E] -> 0x400F
[2008] [M]: 0x0000000080001F4C (0x400F0F13) addi t5, t5, 0x400
x30 <- 0xFFFFFFFFDFFF0400

mem[X,0x0000000080001F50] -> 0x1F13
mem[X,0x0000000080001F52] -> 0x00BF
[2009] [M]: 0x0000000080001F50 (0x00BF1F13) slli t5, t5, 0xb
x30 <- 0xFFFFFEFFF8200000

mem[X,0x0000000080001F54] -> 0x0F13
mem[X,0x0000000080001F56] -> 0x100F
[2010] [M]: 0x0000000080001F54 (0x100F0F13) addi t5, t5, 0x100
x30 <- 0xFFFFFEFFF8200100

mem[X,0x0000000080001F58] -> 0x1F13
mem[X,0x0000000080001F5A] -> 0x00BF
[2011] [M]: 0x0000000080001F58 (0x00BF1F13) slli t5, t5, 0xb
x30 <- 0xFFF7FFC100080000

mem[X,0x0000000080001F5C] -> 0x0F13
mem[X,0x0000000080001F5E] -> 0x03FF
[2012] [M]: 0x0000000080001F5C (0x03FF0F13) addi t5, t5, 0x3f
x30 <- 0xFFF7FFC10008003F

mem[X,0x0000000080001F60] -> 0x1F13
mem[X,0x0000000080001F62] -> 0x00AF
[2013] [M]: 0x0000000080001F60 (0x00AF1F13) slli t5, t5, 0xa
x30 <- 0xDFFF04002000FC00

mem[X,0x0000000080001F64] -> 0x0F13
mem[X,0x0000000080001F66] -> 0x3EFF
[2014] [M]: 0x0000000080001F64 (0x3EFF0F13) addi t5, t5, 0x3ef
x30 <- 0xDFFF04002000FFEF

mem[X,0x0000000080001F68] -> 0x0EB7
mem[X,0x0000000080001F6A] -> 0x4000
[2015] [M]: 0x0000000080001F68 (0x40000EB7) lui t4, 0x40000
x29 <- 0x0000000040000000

mem[X,0x0000000080001F6C] -> 0x8E93
mem[X,0x0000000080001F6E] -> 0xEFFE
[2016] [M]: 0x0000000080001F6C (0xEFFE8E93) addi t4, t4, -0x101
x29 <- 0x000000003FFFFEFF

mem[X,0x0000000080001F70] -> 0x9E93
mem[X,0x0000000080001F72] -> 0x00BE
[2017] [M]: 0x0000000080001F70 (0x00BE9E93) slli t4, t4, 0xb
x29 <- 0x000001FFFFF7F800

mem[X,0x0000000080001F74] -> 0x8E93
mem[X,0x0000000080001F76] -> 0x000E
[2018] [M]: 0x0000000080001F74 (0x000E8E93) addi t4, t4, 0x0
x29 <- 0x000001FFFFF7F800

mem[X,0x0000000080001F78] -> 0x9E93
mem[X,0x0000000080001F7A] -> 0x00BE
[2019] [M]: 0x0000000080001F78 (0x00BE9E93) slli t4, t4, 0xb
x29 <- 0x000FFFFFBFC00000

mem[X,0x0000000080001F7C] -> 0x8E93
mem[X,0x0000000080001F7E] -> 0x12FE
[2020] [M]: 0x0000000080001F7C (0x12FE8E93) addi t4, t4, 0x12f
x29 <- 0x000FFFFFBFC0012F

mem[X,0x0000000080001F80] -> 0x9E93
mem[X,0x0000000080001F82] -> 0x00AE
[2021] [M]: 0x0000000080001F80 (0x00AE9E93) slli t4, t4, 0xa
x29 <- 0x3FFFFEFF0004BC00

mem[X,0x0000000080001F84] -> 0x8E93
mem[X,0x0000000080001F86] -> 0x3FFE
[2022] [M]: 0x0000000080001F84 (0x3FFE8E93) addi t4, t4, 0x3ff
x29 <- 0x3FFFFEFF0004BFFF

mem[X,0x0000000080001F88] -> 0x7FBB
mem[X,0x0000000080001F8A] -> 0xB5DF
[2023] [M]: 0x0000000080001F88 (0xB5DF7FBB) pmulhsu.h.bo t6, t5, t4
x31 <- 0x00370003000000BE

mem[X,0x0000000080001F8C] -> 0xB823
mem[X,0x0000000080001F8E] -> 0x27F0
[2024] [M]: 0x0000000080001F8C (0x27F0B823) sd t6, 0x270(ra)
mem[0x0000000080004470] <- 0x00370003000000BE

mem[X,0x0000000080001F90] -> 0x006F
mem[X,0x0000000080001F92] -> 0x0380
[2025] [M]: 0x0000000080001F90 (0x0380006F) jal zero, 0x38

mem[X,0x0000000080001FC8] -> 0x0093
mem[X,0x0000000080001FCA] -> 0x0010
[2026] [M]: 0x0000000080001FC8 (0x00100093) addi ra, zero, 0x1
x1 <- 0x0000000000000001

mem[X,0x0000000080001FCC] -> 0x0F17
mem[X,0x0000000080001FCE] -> 0x0000
[2027] [M]: 0x0000000080001FCC (0x00000F17) auipc t5, 0x0
x30 <- 0x0000000080001FCC

mem[X,0x0000000080001FD0] -> 0x2A23
mem[X,0x0000000080001FD2] -> 0x021F
[2028] [M]: 0x0000000080001FD0 (0x021F2A23) sw ra, 0x34(t5)
htif[0x0000000080002000] <- 0x00000001

mem[X,0x0000000080001FD4] -> 0xF06F
mem[X,0x0000000080001FD6] -> 0xFF9F
[2029] [M]: 0x0000000080001FD4 (0xFF9FF06F) jal zero, -0x8

mem[X,0x0000000080001FCC] -> 0x0F17
mem[X,0x0000000080001FCE] -> 0x0000
[2030] [M]: 0x0000000080001FCC (0x00000F17) auipc t5, 0x0
x30 <- 0x0000000080001FCC

mem[X,0x0000000080001FD0] -> 0x2A23
mem[X,0x0000000080001FD2] -> 0x021F
[2031] [M]: 0x0000000080001FD0 (0x021F2A23) sw ra, 0x34(t5)
htif[0x0000000080002000] <- 0x00000001

mem[X,0x0000000080001FD4] -> 0xF06F
mem[X,0x0000000080001FD6] -> 0xFF9F
[2032] [M]: 0x0000000080001FD4 (0xFF9FF06F) jal zero, -0x8

mem[X,0x0000000080001FCC] -> 0x0F17
mem[X,0x0000000080001FCE] -> 0x0000
[2033] [M]: 0x0000000080001FCC (0x00000F17) auipc t5, 0x0
x30 <- 0x0000000080001FCC

mem[X,0x0000000080001FD0] -> 0x2A23
mem[X,0x0000000080001FD2] -> 0x021F
[2034] [M]: 0x0000000080001FD0 (0x021F2A23) sw ra, 0x34(t5)
htif[0x0000000080002000] <- 0x00000001
htif-syscall-proxy cmd: 0x000000000001

SUCCESS
