using /home/chsu/rvp-workspace/test-64/riscof_work/paaddu.h-01.S/ref/Reference-sail_c_simulator.signature for test-signature output.
tohost located at 0x80002000
Running file ref.elf.
ELF Entry @ 0x80000000
begin_signature: 0x80004110
end_signature: 0x80004460
CSR mstatus <- 0x0000000A00000000 (input: 0x0000000000000000)
mem[X,0x0000000000001000] -> 0x0297
mem[X,0x0000000000001002] -> 0x0000
[0] [M]: 0x0000000000001000 (0x00000297) auipc t0, 0x0
x5 <- 0x0000000000001000

mem[X,0x0000000000001004] -> 0x8593
mem[X,0x0000000000001006] -> 0x0202
[1] [M]: 0x0000000000001004 (0x02028593) addi a1, t0, 0x20
x11 <- 0x0000000000001020

mem[X,0x0000000000001008] -> 0x2573
mem[X,0x000000000000100A] -> 0xF140
[2] [M]: 0x0000000000001008 (0xF1402573) csrrs a0, mhartid, zero
CSR mhartid -> 0x0000000000000000
x10 <- 0x0000000000000000

mem[X,0x000000000000100C] -> 0xB283
mem[X,0x000000000000100E] -> 0x0182
[3] [M]: 0x000000000000100C (0x0182B283) ld t0, 0x18(t0)
mem[R,0x0000000000001018] -> 0x0000000080000000
x5 <- 0x0000000080000000

mem[X,0x0000000000001010] -> 0x8067
mem[X,0x0000000000001012] -> 0x0002
[4] [M]: 0x0000000000001010 (0x00028067) jalr zero, 0x0(t0)

mem[X,0x0000000080000000] -> 0x0837
mem[X,0x0000000080000002] -> 0x7D5C
[5] [M]: 0x0000000080000000 (0x7D5C0837) lui a6, 0x7d5c0
x16 <- 0x000000007D5C0000

mem[X,0x0000000080000004] -> 0x0813
mem[X,0x0000000080000006] -> 0xDDB8
[6] [M]: 0x0000000080000004 (0xDDB80813) addi a6, a6, -0x225
x16 <- 0x000000007D5BFDDB

mem[X,0x0000000080000008] -> 0x1813
mem[X,0x000000008000000A] -> 0x00B8
[7] [M]: 0x0000000080000008 (0x00B81813) slli a6, a6, 0xb
x16 <- 0x000003EADFEED800

mem[X,0x000000008000000C] -> 0x0813
mem[X,0x000000008000000E] -> 0x3EA8
[8] [M]: 0x000000008000000C (0x3EA80813) addi a6, a6, 0x3ea
x16 <- 0x000003EADFEEDBEA

mem[X,0x0000000080000010] -> 0x1813
mem[X,0x0000000080000012] -> 0x00B8
[9] [M]: 0x0000000080000010 (0x00B81813) slli a6, a6, 0xb
x16 <- 0x001F56FF76DF5000

mem[X,0x0000000080000014] -> 0x0813
mem[X,0x0000000080000016] -> 0x6FF8
[10] [M]: 0x0000000080000014 (0x6FF80813) addi a6, a6, 0x6ff
x16 <- 0x001F56FF76DF56FF

mem[X,0x0000000080000018] -> 0x1813
mem[X,0x000000008000001A] -> 0x00A8
[11] [M]: 0x0000000080000018 (0x00A81813) slli a6, a6, 0xa
x16 <- 0x7D5BFDDB7D5BFC00

mem[X,0x000000008000001C] -> 0x0813
mem[X,0x000000008000001E] -> 0x1DB8
[12] [M]: 0x000000008000001C (0x1DB80813) addi a6, a6, 0x1db
x16 <- 0x7D5BFDDB7D5BFDDB

mem[X,0x0000000080000020] -> 0x5893
mem[X,0x0000000080000022] -> 0x0078
[13] [M]: 0x0000000080000020 (0x00785893) srli a7, a6, 0x7
x17 <- 0x00FAB7FBB6FAB7FB

mem[X,0x0000000080000024] -> 0x5793
mem[X,0x0000000080000026] -> 0x0398
[14] [M]: 0x0000000080000024 (0x03985793) srli a5, a6, 0x39
x15 <- 0x000000000000003E

mem[X,0x0000000080000028] -> 0xE8B3
mem[X,0x000000008000002A] -> 0x00F8
[15] [M]: 0x0000000080000028 (0x00F8E8B3) or a7, a7, a5
x17 <- 0x00FAB7FBB6FAB7FF

mem[X,0x000000008000002C] -> 0xD913
mem[X,0x000000008000002E] -> 0x0078
[16] [M]: 0x000000008000002C (0x0078D913) srli s2, a7, 0x7
x18 <- 0x0001F56FF76DF56F

mem[X,0x0000000080000030] -> 0xD793
mem[X,0x0000000080000032] -> 0x0398
[17] [M]: 0x0000000080000030 (0x0398D793) srli a5, a7, 0x39
x15 <- 0x0000000000000000

mem[X,0x0000000080000034] -> 0x6933
mem[X,0x0000000080000036] -> 0x00F9
[18] [M]: 0x0000000080000034 (0x00F96933) or s2, s2, a5
x18 <- 0x0001F56FF76DF56F

mem[X,0x0000000080000038] -> 0x5993
mem[X,0x000000008000003A] -> 0x0079
[19] [M]: 0x0000000080000038 (0x00795993) srli s3, s2, 0x7
x19 <- 0x000003EADFEEDBEA

mem[X,0x000000008000003C] -> 0x5793
mem[X,0x000000008000003E] -> 0x0399
[20] [M]: 0x000000008000003C (0x03995793) srli a5, s2, 0x39
x15 <- 0x0000000000000000

mem[X,0x0000000080000040] -> 0xE9B3
mem[X,0x0000000080000042] -> 0x00F9
[21] [M]: 0x0000000080000040 (0x00F9E9B3) or s3, s3, a5
x19 <- 0x000003EADFEEDBEA

mem[X,0x0000000080000044] -> 0xDA13
mem[X,0x0000000080000046] -> 0x0079
[22] [M]: 0x0000000080000044 (0x0079DA13) srli s4, s3, 0x7
x20 <- 0x00000007D5BFDDB7

mem[X,0x0000000080000048] -> 0xD793
mem[X,0x000000008000004A] -> 0x0399
[23] [M]: 0x0000000080000048 (0x0399D793) srli a5, s3, 0x39
x15 <- 0x0000000000000000

mem[X,0x000000008000004C] -> 0x6A33
mem[X,0x000000008000004E] -> 0x00FA
[24] [M]: 0x000000008000004C (0x00FA6A33) or s4, s4, a5
x20 <- 0x00000007D5BFDDB7

mem[X,0x0000000080000050] -> 0x5A93
mem[X,0x0000000080000052] -> 0x007A
[25] [M]: 0x0000000080000050 (0x007A5A93) srli s5, s4, 0x7
x21 <- 0x000000000FAB7FBB

mem[X,0x0000000080000054] -> 0x5793
mem[X,0x0000000080000056] -> 0x039A
[26] [M]: 0x0000000080000054 (0x039A5793) srli a5, s4, 0x39
x15 <- 0x0000000000000000

mem[X,0x0000000080000058] -> 0xEAB3
mem[X,0x000000008000005A] -> 0x00FA
[27] [M]: 0x0000000080000058 (0x00FAEAB3) or s5, s5, a5
x21 <- 0x000000000FAB7FBB

mem[X,0x000000008000005C] -> 0xDB13
mem[X,0x000000008000005E] -> 0x007A
[28] [M]: 0x000000008000005C (0x007ADB13) srli s6, s5, 0x7
x22 <- 0x00000000001F56FF

mem[X,0x0000000080000060] -> 0xD793
mem[X,0x0000000080000062] -> 0x039A
[29] [M]: 0x0000000080000060 (0x039AD793) srli a5, s5, 0x39
x15 <- 0x0000000000000000

mem[X,0x0000000080000064] -> 0x6B33
mem[X,0x0000000080000066] -> 0x00FB
[30] [M]: 0x0000000080000064 (0x00FB6B33) or s6, s6, a5
x22 <- 0x00000000001F56FF

mem[X,0x0000000080000068] -> 0x5B93
mem[X,0x000000008000006A] -> 0x007B
[31] [M]: 0x0000000080000068 (0x007B5B93) srli s7, s6, 0x7
x23 <- 0x0000000000003EAD

mem[X,0x000000008000006C] -> 0x5793
mem[X,0x000000008000006E] -> 0x039B
[32] [M]: 0x000000008000006C (0x039B5793) srli a5, s6, 0x39
x15 <- 0x0000000000000000

mem[X,0x0000000080000070] -> 0xEBB3
mem[X,0x0000000080000072] -> 0x00FB
[33] [M]: 0x0000000080000070 (0x00FBEBB3) or s7, s7, a5
x23 <- 0x0000000000003EAD

mem[X,0x0000000080000074] -> 0xDC13
mem[X,0x0000000080000076] -> 0x007B
[34] [M]: 0x0000000080000074 (0x007BDC13) srli s8, s7, 0x7
x24 <- 0x000000000000007D

mem[X,0x0000000080000078] -> 0xD793
mem[X,0x000000008000007A] -> 0x039B
[35] [M]: 0x0000000080000078 (0x039BD793) srli a5, s7, 0x39
x15 <- 0x0000000000000000

mem[X,0x000000008000007C] -> 0x6C33
mem[X,0x000000008000007E] -> 0x00FC
[36] [M]: 0x000000008000007C (0x00FC6C33) or s8, s8, a5
x24 <- 0x000000000000007D

mem[X,0x0000000080000080] -> 0x5C93
mem[X,0x0000000080000082] -> 0x007C
[37] [M]: 0x0000000080000080 (0x007C5C93) srli s9, s8, 0x7
x25 <- 0x0000000000000000

mem[X,0x0000000080000084] -> 0x5793
mem[X,0x0000000080000086] -> 0x039C
[38] [M]: 0x0000000080000084 (0x039C5793) srli a5, s8, 0x39
x15 <- 0x0000000000000000

mem[X,0x0000000080000088] -> 0xECB3
mem[X,0x000000008000008A] -> 0x00FC
[39] [M]: 0x0000000080000088 (0x00FCECB3) or s9, s9, a5
x25 <- 0x0000000000000000

mem[X,0x000000008000008C] -> 0xDD13
mem[X,0x000000008000008E] -> 0x007C
[40] [M]: 0x000000008000008C (0x007CDD13) srli s10, s9, 0x7
x26 <- 0x0000000000000000

mem[X,0x0000000080000090] -> 0xD793
mem[X,0x0000000080000092] -> 0x039C
[41] [M]: 0x0000000080000090 (0x039CD793) srli a5, s9, 0x39
x15 <- 0x0000000000000000

mem[X,0x0000000080000094] -> 0x6D33
mem[X,0x0000000080000096] -> 0x00FD
[42] [M]: 0x0000000080000094 (0x00FD6D33) or s10, s10, a5
x26 <- 0x0000000000000000

mem[X,0x0000000080000098] -> 0x5D93
mem[X,0x000000008000009A] -> 0x007D
[43] [M]: 0x0000000080000098 (0x007D5D93) srli s11, s10, 0x7
x27 <- 0x0000000000000000

mem[X,0x000000008000009C] -> 0x5793
mem[X,0x000000008000009E] -> 0x039D
[44] [M]: 0x000000008000009C (0x039D5793) srli a5, s10, 0x39
x15 <- 0x0000000000000000

mem[X,0x00000000800000A0] -> 0xEDB3
mem[X,0x00000000800000A2] -> 0x00FD
[45] [M]: 0x00000000800000A0 (0x00FDEDB3) or s11, s11, a5
x27 <- 0x0000000000000000

mem[X,0x00000000800000A4] -> 0xDE13
mem[X,0x00000000800000A6] -> 0x007D
[46] [M]: 0x00000000800000A4 (0x007DDE13) srli t3, s11, 0x7
x28 <- 0x0000000000000000

mem[X,0x00000000800000A8] -> 0xD793
mem[X,0x00000000800000AA] -> 0x039D
[47] [M]: 0x00000000800000A8 (0x039DD793) srli a5, s11, 0x39
x15 <- 0x0000000000000000

mem[X,0x00000000800000AC] -> 0x6E33
mem[X,0x00000000800000AE] -> 0x00FE
[48] [M]: 0x00000000800000AC (0x00FE6E33) or t3, t3, a5
x28 <- 0x0000000000000000

mem[X,0x00000000800000B0] -> 0x5E93
mem[X,0x00000000800000B2] -> 0x007E
[49] [M]: 0x00000000800000B0 (0x007E5E93) srli t4, t3, 0x7
x29 <- 0x0000000000000000

mem[X,0x00000000800000B4] -> 0x5793
mem[X,0x00000000800000B6] -> 0x039E
[50] [M]: 0x00000000800000B4 (0x039E5793) srli a5, t3, 0x39
x15 <- 0x0000000000000000

mem[X,0x00000000800000B8] -> 0xEEB3
mem[X,0x00000000800000BA] -> 0x00FE
[51] [M]: 0x00000000800000B8 (0x00FEEEB3) or t4, t4, a5
x29 <- 0x0000000000000000

mem[X,0x00000000800000BC] -> 0xDF13
mem[X,0x00000000800000BE] -> 0x007E
[52] [M]: 0x00000000800000BC (0x007EDF13) srli t5, t4, 0x7
x30 <- 0x0000000000000000

mem[X,0x00000000800000C0] -> 0xD793
mem[X,0x00000000800000C2] -> 0x039E
[53] [M]: 0x00000000800000C0 (0x039ED793) srli a5, t4, 0x39
x15 <- 0x0000000000000000

mem[X,0x00000000800000C4] -> 0x6F33
mem[X,0x00000000800000C6] -> 0x00FF
[54] [M]: 0x00000000800000C4 (0x00FF6F33) or t5, t5, a5
x30 <- 0x0000000000000000

mem[X,0x00000000800000C8] -> 0xC0B7
mem[X,0x00000000800000CA] -> 0xFEED
[55] [M]: 0x00000000800000C8 (0xFEEDC0B7) lui ra, -0x1124
x1 <- 0xFFFFFFFFFEEDC000

mem[X,0x00000000800000CC] -> 0x8093
mem[X,0x00000000800000CE] -> 0xEAD0
[56] [M]: 0x00000000800000CC (0xEAD08093) addi ra, ra, -0x153
x1 <- 0xFFFFFFFFFEEDBEAD

mem[X,0x00000000800000D0] -> 0x9093
mem[X,0x00000000800000D2] -> 0x00B0
[57] [M]: 0x00000000800000D0 (0x00B09093) slli ra, ra, 0xb
x1 <- 0xFFFFFFF76DF56800

mem[X,0x00000000800000D4] -> 0x8093
mem[X,0x00000000800000D6] -> 0x7F70
[58] [M]: 0x00000000800000D4 (0x7F708093) addi ra, ra, 0x7f7
x1 <- 0xFFFFFFF76DF56FF7

mem[X,0x00000000800000D8] -> 0x9093
mem[X,0x00000000800000DA] -> 0x00B0
[59] [M]: 0x00000000800000D8 (0x00B09093) slli ra, ra, 0xb
x1 <- 0xFFFFBB6FAB7FB800

mem[X,0x00000000800000DC] -> 0x8093
mem[X,0x00000000800000DE] -> 0x36F0
[60] [M]: 0x00000000800000DC (0x36F08093) addi ra, ra, 0x36f
x1 <- 0xFFFFBB6FAB7FBB6F

mem[X,0x00000000800000E0] -> 0x9093
mem[X,0x00000000800000E2] -> 0x00A0
[61] [M]: 0x00000000800000E0 (0x00A09093) slli ra, ra, 0xa
x1 <- 0xFEEDBEADFEEDBC00

mem[X,0x00000000800000E4] -> 0x8093
mem[X,0x00000000800000E6] -> 0x2AD0
[62] [M]: 0x00000000800000E4 (0x2AD08093) addi ra, ra, 0x2ad
x1 <- 0xFEEDBEADFEEDBEAD

mem[X,0x00000000800000E8] -> 0xD113
mem[X,0x00000000800000EA] -> 0x0070
[63] [M]: 0x00000000800000E8 (0x0070D113) srli sp, ra, 0x7
x2 <- 0x01FDDB7D5BFDDB7D

mem[X,0x00000000800000EC] -> 0xD793
mem[X,0x00000000800000EE] -> 0x0390
[64] [M]: 0x00000000800000EC (0x0390D793) srli a5, ra, 0x39
x15 <- 0x000000000000007F

mem[X,0x00000000800000F0] -> 0x6133
mem[X,0x00000000800000F2] -> 0x00F1
[65] [M]: 0x00000000800000F0 (0x00F16133) or sp, sp, a5
x2 <- 0x01FDDB7D5BFDDB7F

mem[X,0x00000000800000F4] -> 0x5193
mem[X,0x00000000800000F6] -> 0x0071
[66] [M]: 0x00000000800000F4 (0x00715193) srli gp, sp, 0x7
x3 <- 0x0003FBB6FAB7FBB6

mem[X,0x00000000800000F8] -> 0x5793
mem[X,0x00000000800000FA] -> 0x0391
[67] [M]: 0x00000000800000F8 (0x03915793) srli a5, sp, 0x39
x15 <- 0x0000000000000000

mem[X,0x00000000800000FC] -> 0xE1B3
mem[X,0x00000000800000FE] -> 0x00F1
[68] [M]: 0x00000000800000FC (0x00F1E1B3) or gp, gp, a5
x3 <- 0x0003FBB6FAB7FBB6

mem[X,0x0000000080000100] -> 0xD213
mem[X,0x0000000080000102] -> 0x0071
[69] [M]: 0x0000000080000100 (0x0071D213) srli tp, gp, 0x7
x4 <- 0x000007F76DF56FF7

mem[X,0x0000000080000104] -> 0xD793
mem[X,0x0000000080000106] -> 0x0391
[70] [M]: 0x0000000080000104 (0x0391D793) srli a5, gp, 0x39
x15 <- 0x0000000000000000

mem[X,0x0000000080000108] -> 0x6233
mem[X,0x000000008000010A] -> 0x00F2
[71] [M]: 0x0000000080000108 (0x00F26233) or tp, tp, a5
x4 <- 0x000007F76DF56FF7

mem[X,0x000000008000010C] -> 0x5293
mem[X,0x000000008000010E] -> 0x0072
[72] [M]: 0x000000008000010C (0x00725293) srli t0, tp, 0x7
x5 <- 0x0000000FEEDBEADF

mem[X,0x0000000080000110] -> 0x5793
mem[X,0x0000000080000112] -> 0x0392
[73] [M]: 0x0000000080000110 (0x03925793) srli a5, tp, 0x39
x15 <- 0x0000000000000000

mem[X,0x0000000080000114] -> 0xE2B3
mem[X,0x0000000080000116] -> 0x00F2
[74] [M]: 0x0000000080000114 (0x00F2E2B3) or t0, t0, a5
x5 <- 0x0000000FEEDBEADF

mem[X,0x0000000080000118] -> 0xD313
mem[X,0x000000008000011A] -> 0x0072
[75] [M]: 0x0000000080000118 (0x0072D313) srli t1, t0, 0x7
x6 <- 0x000000001FDDB7D5

mem[X,0x000000008000011C] -> 0xD793
mem[X,0x000000008000011E] -> 0x0392
[76] [M]: 0x000000008000011C (0x0392D793) srli a5, t0, 0x39
x15 <- 0x0000000000000000

mem[X,0x0000000080000120] -> 0x6333
mem[X,0x0000000080000122] -> 0x00F3
[77] [M]: 0x0000000080000120 (0x00F36333) or t1, t1, a5
x6 <- 0x000000001FDDB7D5

mem[X,0x0000000080000124] -> 0x5393
mem[X,0x0000000080000126] -> 0x0073
[78] [M]: 0x0000000080000124 (0x00735393) srli t2, t1, 0x7
x7 <- 0x00000000003FBB6F

mem[X,0x0000000080000128] -> 0x5793
mem[X,0x000000008000012A] -> 0x0393
[79] [M]: 0x0000000080000128 (0x03935793) srli a5, t1, 0x39
x15 <- 0x0000000000000000

mem[X,0x000000008000012C] -> 0xE3B3
mem[X,0x000000008000012E] -> 0x00F3
[80] [M]: 0x000000008000012C (0x00F3E3B3) or t2, t2, a5
x7 <- 0x00000000003FBB6F

mem[X,0x0000000080000130] -> 0xD413
mem[X,0x0000000080000132] -> 0x0073
[81] [M]: 0x0000000080000130 (0x0073D413) srli fp, t2, 0x7
x8 <- 0x0000000000007F76

mem[X,0x0000000080000134] -> 0xD793
mem[X,0x0000000080000136] -> 0x0393
[82] [M]: 0x0000000080000134 (0x0393D793) srli a5, t2, 0x39
x15 <- 0x0000000000000000

mem[X,0x0000000080000138] -> 0x6433
mem[X,0x000000008000013A] -> 0x00F4
[83] [M]: 0x0000000080000138 (0x00F46433) or fp, fp, a5
x8 <- 0x0000000000007F76

mem[X,0x000000008000013C] -> 0x5493
mem[X,0x000000008000013E] -> 0x0074
[84] [M]: 0x000000008000013C (0x00745493) srli s1, fp, 0x7
x9 <- 0x00000000000000FE

mem[X,0x0000000080000140] -> 0x5793
mem[X,0x0000000080000142] -> 0x0394
[85] [M]: 0x0000000080000140 (0x03945793) srli a5, fp, 0x39
x15 <- 0x0000000000000000

mem[X,0x0000000080000144] -> 0xE4B3
mem[X,0x0000000080000146] -> 0x00F4
[86] [M]: 0x0000000080000144 (0x00F4E4B3) or s1, s1, a5
x9 <- 0x00000000000000FE

mem[X,0x0000000080000148] -> 0xD513
mem[X,0x000000008000014A] -> 0x0074
[87] [M]: 0x0000000080000148 (0x0074D513) srli a0, s1, 0x7
x10 <- 0x0000000000000001

mem[X,0x000000008000014C] -> 0xD793
mem[X,0x000000008000014E] -> 0x0394
[88] [M]: 0x000000008000014C (0x0394D793) srli a5, s1, 0x39
x15 <- 0x0000000000000000

mem[X,0x0000000080000150] -> 0x6533
mem[X,0x0000000080000152] -> 0x00F5
[89] [M]: 0x0000000080000150 (0x00F56533) or a0, a0, a5
x10 <- 0x0000000000000001

mem[X,0x0000000080000154] -> 0x5593
mem[X,0x0000000080000156] -> 0x0075
[90] [M]: 0x0000000080000154 (0x00755593) srli a1, a0, 0x7
x11 <- 0x0000000000000000

mem[X,0x0000000080000158] -> 0x5793
mem[X,0x000000008000015A] -> 0x0395
[91] [M]: 0x0000000080000158 (0x03955793) srli a5, a0, 0x39
x15 <- 0x0000000000000000

mem[X,0x000000008000015C] -> 0xE5B3
mem[X,0x000000008000015E] -> 0x00F5
[92] [M]: 0x000000008000015C (0x00F5E5B3) or a1, a1, a5
x11 <- 0x0000000000000000

mem[X,0x0000000080000160] -> 0xD613
mem[X,0x0000000080000162] -> 0x0075
[93] [M]: 0x0000000080000160 (0x0075D613) srli a2, a1, 0x7
x12 <- 0x0000000000000000

mem[X,0x0000000080000164] -> 0xD793
mem[X,0x0000000080000166] -> 0x0395
[94] [M]: 0x0000000080000164 (0x0395D793) srli a5, a1, 0x39
x15 <- 0x0000000000000000

mem[X,0x0000000080000168] -> 0x6633
mem[X,0x000000008000016A] -> 0x00F6
[95] [M]: 0x0000000080000168 (0x00F66633) or a2, a2, a5
x12 <- 0x0000000000000000

mem[X,0x000000008000016C] -> 0x5693
mem[X,0x000000008000016E] -> 0x0076
[96] [M]: 0x000000008000016C (0x00765693) srli a3, a2, 0x7
x13 <- 0x0000000000000000

mem[X,0x0000000080000170] -> 0x5793
mem[X,0x0000000080000172] -> 0x0396
[97] [M]: 0x0000000080000170 (0x03965793) srli a5, a2, 0x39
x15 <- 0x0000000000000000

mem[X,0x0000000080000174] -> 0xE6B3
mem[X,0x0000000080000176] -> 0x00F6
[98] [M]: 0x0000000080000174 (0x00F6E6B3) or a3, a3, a5
x13 <- 0x0000000000000000

mem[X,0x0000000080000178] -> 0x0013
mem[X,0x000000008000017A] -> 0x0000
[99] [M]: 0x0000000080000178 (0x00000013) addi zero, zero, 0x0

clint::tick mtime <- 0x0000000000000001
 clint timer pending at mtime 0x0000000000000001
htif::tick 0x0000000000000000
mem[X,0x000000008000017C] -> 0x0013
mem[X,0x000000008000017E] -> 0x0000
[100] [M]: 0x000000008000017C (0x00000013) addi zero, zero, 0x0

mem[X,0x0000000080000180] -> 0x4297
mem[X,0x0000000080000182] -> 0x0000
[101] [M]: 0x0000000080000180 (0x00004297) auipc t0, 0x4
x5 <- 0x0000000080004180

mem[X,0x0000000080000184] -> 0x8293
mem[X,0x0000000080000186] -> 0xF982
[102] [M]: 0x0000000080000184 (0xF9828293) addi t0, t0, -0x68
x5 <- 0x0000000080004118

mem[X,0x0000000080000188] -> 0x0013
mem[X,0x000000008000018A] -> 0x0000
[103] [M]: 0x0000000080000188 (0x00000013) addi zero, zero, 0x0

mem[X,0x000000008000018C] -> 0x0013
mem[X,0x000000008000018E] -> 0x0000
[104] [M]: 0x000000008000018C (0x00000013) addi zero, zero, 0x0

mem[X,0x0000000080000190] -> 0x0013
mem[X,0x0000000080000192] -> 0x0000
[105] [M]: 0x0000000080000190 (0x00000013) addi zero, zero, 0x0

mem[X,0x0000000080000194] -> 0x0013
mem[X,0x0000000080000196] -> 0x0000
[106] [M]: 0x0000000080000194 (0x00000013) addi zero, zero, 0x0

mem[X,0x0000000080000198] -> 0x0013
mem[X,0x000000008000019A] -> 0x0000
[107] [M]: 0x0000000080000198 (0x00000013) addi zero, zero, 0x0

mem[X,0x000000008000019C] -> 0x0013
mem[X,0x000000008000019E] -> 0x0000
[108] [M]: 0x000000008000019C (0x00000013) addi zero, zero, 0x0

mem[X,0x00000000800001A0] -> 0x09B7
mem[X,0x00000000800001A2] -> 0xFFFA
[109] [M]: 0x00000000800001A0 (0xFFFA09B7) lui s3, -0x60
x19 <- 0xFFFFFFFFFFFA0000

mem[X,0x00000000800001A4] -> 0x8993
mem[X,0x00000000800001A6] -> 0xFFD9
[110] [M]: 0x00000000800001A4 (0xFFD98993) addi s3, s3, -0x3
x19 <- 0xFFFFFFFFFFF9FFFD

mem[X,0x00000000800001A8] -> 0x9993
mem[X,0x00000000800001AA] -> 0x00B9
[111] [M]: 0x00000000800001A8 (0x00B99993) slli s3, s3, 0xb
x19 <- 0xFFFFFFFFCFFFE800

mem[X,0x00000000800001AC] -> 0x8993
mem[X,0x00000000800001AE] -> 0x3FF9
[112] [M]: 0x00000000800001AC (0x3FF98993) addi s3, s3, 0x3ff
x19 <- 0xFFFFFFFFCFFFEBFF

mem[X,0x00000000800001B0] -> 0x9993
mem[X,0x00000000800001B2] -> 0x00B9
[113] [M]: 0x00000000800001B0 (0x00B99993) slli s3, s3, 0xb
x19 <- 0xFFFFFE7FFF5FF800

mem[X,0x00000000800001B4] -> 0x8993
mem[X,0x00000000800001B6] -> 0x7E09
[114] [M]: 0x00000000800001B4 (0x7E098993) addi s3, s3, 0x7e0
x19 <- 0xFFFFFE7FFF5FFFE0

mem[X,0x00000000800001B8] -> 0x9993
mem[X,0x00000000800001BA] -> 0x00A9
[115] [M]: 0x00000000800001B8 (0x00A99993) slli s3, s3, 0xa
x19 <- 0xFFF9FFFD7FFF8000

mem[X,0x00000000800001BC] -> 0x04B7
mem[X,0x00000000800001BE] -> 0x0008
[116] [M]: 0x00000000800001BC (0x000804B7) lui s1, 0x80
x9 <- 0x0000000000080000

mem[X,0x00000000800001C0] -> 0x8493
mem[X,0x00000000800001C2] -> 0x0024
[117] [M]: 0x00000000800001C0 (0x00248493) addi s1, s1, 0x2
x9 <- 0x0000000000080002

mem[X,0x00000000800001C4] -> 0x9493
mem[X,0x00000000800001C6] -> 0x00B4
[118] [M]: 0x00000000800001C4 (0x00B49493) slli s1, s1, 0xb
x9 <- 0x0000000040001000

mem[X,0x00000000800001C8] -> 0x8493
mem[X,0x00000000800001CA] -> 0x3FF4
[119] [M]: 0x00000000800001C8 (0x3FF48493) addi s1, s1, 0x3ff
x9 <- 0x00000000400013FF

mem[X,0x00000000800001CC] -> 0x9493
mem[X,0x00000000800001CE] -> 0x00B4
[120] [M]: 0x00000000800001CC (0x00B49493) slli s1, s1, 0xb
x9 <- 0x00000200009FF800

mem[X,0x00000000800001D0] -> 0x8493
mem[X,0x00000000800001D2] -> 0x7FF4
[121] [M]: 0x00000000800001D0 (0x7FF48493) addi s1, s1, 0x7ff
x9 <- 0x00000200009FFFFF

mem[X,0x00000000800001D4] -> 0x9493
mem[X,0x00000000800001D6] -> 0x00A4
[122] [M]: 0x00000000800001D4 (0x00A49493) slli s1, s1, 0xa
x9 <- 0x000800027FFFFC00

mem[X,0x00000000800001D8] -> 0x8493
mem[X,0x00000000800001DA] -> 0x3F94
[123] [M]: 0x00000000800001D8 (0x3F948493) addi s1, s1, 0x3f9
x9 <- 0x000800027FFFFFF9

mem[X,0x00000000800001DC] -> 0x883B
mem[X,0x00000000800001DE] -> 0xB899
[124] [M]: 0x00000000800001DC (0xB899883B) paaddu.h a6, s3, s1
x16 <- 0x80007FFF7FFFBFFC

mem[X,0x00000000800001E0] -> 0xB023
mem[X,0x00000000800001E2] -> 0x0102
[125] [M]: 0x00000000800001E0 (0x0102B023) sd a6, 0x0(t0)
mem[0x0000000080004118] <- 0x80007FFF7FFFBFFC

mem[X,0x00000000800001E4] -> 0x0CB7
mem[X,0x00000000800001E6] -> 0xFFF9
[126] [M]: 0x00000000800001E4 (0xFFF90CB7) lui s9, -0x70
x25 <- 0xFFFFFFFFFFF90000

mem[X,0x00000000800001E8] -> 0x8C93
mem[X,0x00000000800001EA] -> 0x100C
[127] [M]: 0x00000000800001E8 (0x100C8C93) addi s9, s9, 0x100
x25 <- 0xFFFFFFFFFFF90100

mem[X,0x00000000800001EC] -> 0x9C93
mem[X,0x00000000800001EE] -> 0x00BC
[128] [M]: 0x00000000800001EC (0x00BC9C93) slli s9, s9, 0xb
x25 <- 0xFFFFFFFFC8080000

mem[X,0x00000000800001F0] -> 0x8C93
mem[X,0x00000000800001F2] -> 0x7FDC
[129] [M]: 0x00000000800001F0 (0x7FDC8C93) addi s9, s9, 0x7fd
x25 <- 0xFFFFFFFFC80807FD

mem[X,0x00000000800001F4] -> 0x9C93
mem[X,0x00000000800001F6] -> 0x00BC
[130] [M]: 0x00000000800001F4 (0x00BC9C93) slli s9, s9, 0xb
x25 <- 0xFFFFFE40403FE800

mem[X,0x00000000800001F8] -> 0x8C93
mem[X,0x00000000800001FA] -> 0x7FFC
[131] [M]: 0x00000000800001F8 (0x7FFC8C93) addi s9, s9, 0x7ff
x25 <- 0xFFFFFE40403FEFFF

mem[X,0x00000000800001FC] -> 0x9C93
mem[X,0x00000000800001FE] -> 0x00AC
[132] [M]: 0x00000000800001FC (0x00AC9C93) slli s9, s9, 0xa
x25 <- 0xFFF90100FFBFFC00

mem[X,0x0000000080000200] -> 0x8C93
mem[X,0x0000000080000202] -> 0x3FFC
[133] [M]: 0x0000000080000200 (0x3FFC8C93) addi s9, s9, 0x3ff
x25 <- 0xFFF90100FFBFFFFF

mem[X,0x0000000080000204] -> 0x0DB7
mem[X,0x0000000080000206] -> 0xFF80
[134] [M]: 0x0000000080000204 (0xFF800DB7) lui s11, -0x800
x27 <- 0xFFFFFFFFFF800000

mem[X,0x0000000080000208] -> 0x8D93
mem[X,0x000000008000020A] -> 0xFF6D
[135] [M]: 0x0000000080000208 (0xFF6D8D93) addi s11, s11, -0xa
x27 <- 0xFFFFFFFFFF7FFFF6

mem[X,0x000000008000020C] -> 0x9D93
mem[X,0x000000008000020E] -> 0x00BD
[136] [M]: 0x000000008000020C (0x00BD9D93) slli s11, s11, 0xb
x27 <- 0xFFFFFFFBFFFFB000

mem[X,0x0000000080000210] -> 0x8D93
mem[X,0x0000000080000212] -> 0x000D
[137] [M]: 0x0000000080000210 (0x000D8D93) addi s11, s11, 0x0
x27 <- 0xFFFFFFFBFFFFB000

mem[X,0x0000000080000214] -> 0x9D93
mem[X,0x0000000080000216] -> 0x00BD
[138] [M]: 0x0000000080000214 (0x00BD9D93) slli s11, s11, 0xb
x27 <- 0xFFFFDFFFFD800000

mem[X,0x0000000080000218] -> 0x8D93
mem[X,0x000000008000021A] -> 0x0DFD
[139] [M]: 0x0000000080000218 (0x0DFD8D93) addi s11, s11, 0xdf
x27 <- 0xFFFFDFFFFD8000DF

mem[X,0x000000008000021C] -> 0x9D93
mem[X,0x000000008000021E] -> 0x00AD
[140] [M]: 0x000000008000021C (0x00AD9D93) slli s11, s11, 0xa
x27 <- 0xFF7FFFF600037C00

mem[X,0x0000000080000220] -> 0x8D93
mem[X,0x0000000080000222] -> 0x3FFD
[141] [M]: 0x0000000080000220 (0x3FFD8D93) addi s11, s11, 0x3ff
x27 <- 0xFF7FFFF600037FFF

mem[X,0x0000000080000224] -> 0x8DBB
mem[X,0x0000000080000226] -> 0xB9BC
[142] [M]: 0x0000000080000224 (0xB9BC8DBB) paaddu.h s11, s9, s11
x27 <- 0xFFBC807B7FE1BFFF

mem[X,0x0000000080000228] -> 0xB423
mem[X,0x000000008000022A] -> 0x01B2
[143] [M]: 0x0000000080000228 (0x01B2B423) sd s11, 0x8(t0)
mem[0x0000000080004120] <- 0xFFBC807B7FE1BFFF

mem[X,0x000000008000022C] -> 0x1B37
mem[X,0x000000008000022E] -> 0x0004
[144] [M]: 0x000000008000022C (0x00041B37) lui s6, 0x41
x22 <- 0x0000000000041000

mem[X,0x0000000080000230] -> 0x0B13
mem[X,0x0000000080000232] -> 0x000B
[145] [M]: 0x0000000080000230 (0x000B0B13) addi s6, s6, 0x0
x22 <- 0x0000000000041000

mem[X,0x0000000080000234] -> 0x1B13
mem[X,0x0000000080000236] -> 0x00BB
[146] [M]: 0x0000000080000234 (0x00BB1B13) slli s6, s6, 0xb
x22 <- 0x0000000020800000

mem[X,0x0000000080000238] -> 0x0B13
mem[X,0x000000008000023A] -> 0x3FFB
[147] [M]: 0x0000000080000238 (0x3FFB0B13) addi s6, s6, 0x3ff
x22 <- 0x00000000208003FF

mem[X,0x000000008000023C] -> 0x1B13
mem[X,0x000000008000023E] -> 0x00BB
[148] [M]: 0x000000008000023C (0x00BB1B13) slli s6, s6, 0xb
x22 <- 0x00000104001FF800

mem[X,0x0000000080000240] -> 0x0B13
mem[X,0x0000000080000242] -> 0x7C0B
[149] [M]: 0x0000000080000240 (0x7C0B0B13) addi s6, s6, 0x7c0
x22 <- 0x00000104001FFFC0

mem[X,0x0000000080000244] -> 0x1B13
mem[X,0x0000000080000246] -> 0x00AB
[150] [M]: 0x0000000080000244 (0x00AB1B13) slli s6, s6, 0xa
x22 <- 0x000410007FFF0000

mem[X,0x0000000080000248] -> 0x0B37
mem[X,0x000000008000024A] -> 0x0011
[151] [M]: 0x0000000080000248 (0x00110B37) lui s6, 0x110
x22 <- 0x0000000000110000

mem[X,0x000000008000024C] -> 0x0B13
mem[X,0x000000008000024E] -> 0xFBFB
[152] [M]: 0x000000008000024C (0xFBFB0B13) addi s6, s6, -0x41
x22 <- 0x000000000010FFBF

mem[X,0x0000000080000250] -> 0x1B13
mem[X,0x0000000080000252] -> 0x00BB
[153] [M]: 0x0000000080000250 (0x00BB1B13) slli s6, s6, 0xb
x22 <- 0x0000000087FDF800

mem[X,0x0000000080000254] -> 0x0B13
mem[X,0x0000000080000256] -> 0x100B
[154] [M]: 0x0000000080000254 (0x100B0B13) addi s6, s6, 0x100
x22 <- 0x0000000087FDF900

mem[X,0x0000000080000258] -> 0x1B13
mem[X,0x000000008000025A] -> 0x00BB
[155] [M]: 0x0000000080000258 (0x00BB1B13) slli s6, s6, 0xb
x22 <- 0x0000043FEFC80000

mem[X,0x000000008000025C] -> 0x0B13
mem[X,0x000000008000025E] -> 0x03BB
[156] [M]: 0x000000008000025C (0x03BB0B13) addi s6, s6, 0x3b
x22 <- 0x0000043FEFC8003B

mem[X,0x0000000080000260] -> 0x1B13
mem[X,0x0000000080000262] -> 0x00AB
[157] [M]: 0x0000000080000260 (0x00AB1B13) slli s6, s6, 0xa
x22 <- 0x0010FFBF2000EC00

mem[X,0x0000000080000264] -> 0x0B13
mem[X,0x0000000080000266] -> 0x3FFB
[158] [M]: 0x0000000080000264 (0x3FFB0B13) addi s6, s6, 0x3ff
x22 <- 0x0010FFBF2000EFFF

mem[X,0x0000000080000268] -> 0x07BB
mem[X,0x000000008000026A] -> 0xB96B
[159] [M]: 0x0000000080000268 (0xB96B07BB) paaddu.h a5, s6, s6
x15 <- 0x0010FFBF2000EFFF

mem[X,0x000000008000026C] -> 0xB823
mem[X,0x000000008000026E] -> 0x00F2
[160] [M]: 0x000000008000026C (0x00F2B823) sd a5, 0x10(t0)
mem[0x0000000080004128] <- 0x0010FFBF2000EFFF

mem[X,0x0000000080000270] -> 0xBAB7
mem[X,0x0000000080000272] -> 0x0040
[161] [M]: 0x0000000080000270 (0x0040BAB7) lui s5, 0x40b
x21 <- 0x000000000040B000

mem[X,0x0000000080000274] -> 0x8A93
mem[X,0x0000000080000276] -> 0xAAAA
[162] [M]: 0x0000000080000274 (0xAAAA8A93) addi s5, s5, -0x556
x21 <- 0x000000000040AAAA

mem[X,0x0000000080000278] -> 0x9A93
mem[X,0x000000008000027A] -> 0x00BA
[163] [M]: 0x0000000080000278 (0x00BA9A93) slli s5, s5, 0xb
x21 <- 0x0000000205555000

mem[X,0x000000008000027C] -> 0x8A93
mem[X,0x000000008000027E] -> 0x7EFA
[164] [M]: 0x000000008000027C (0x7EFA8A93) addi s5, s5, 0x7ef
x21 <- 0x00000002055557EF

mem[X,0x0000000080000280] -> 0x9A93
mem[X,0x0000000080000282] -> 0x00BA
[165] [M]: 0x0000000080000280 (0x00BA9A93) slli s5, s5, 0xb
x21 <- 0x0000102AAABF7800

mem[X,0x0000000080000284] -> 0x8A93
mem[X,0x0000000080000286] -> 0x7C0A
[166] [M]: 0x0000000080000284 (0x7C0A8A93) addi s5, s5, 0x7c0
x21 <- 0x0000102AAABF7FC0

mem[X,0x0000000080000288] -> 0x9A93
mem[X,0x000000008000028A] -> 0x00AA
[167] [M]: 0x0000000080000288 (0x00AA9A93) slli s5, s5, 0xa
x21 <- 0x0040AAAAFDFF0000

mem[X,0x000000008000028C] -> 0x8A93
mem[X,0x000000008000028E] -> 0x001A
[168] [M]: 0x000000008000028C (0x001A8A93) addi s5, s5, 0x1
x21 <- 0x0040AAAAFDFF0001

mem[X,0x0000000080000290] -> 0x0337
mem[X,0x0000000080000292] -> 0xC000
[169] [M]: 0x0000000080000290 (0xC0000337) lui t1, -0x40000
x6 <- 0xFFFFFFFFC0000000

mem[X,0x0000000080000294] -> 0x0313
mem[X,0x0000000080000296] -> 0x0053
[170] [M]: 0x0000000080000294 (0x00530313) addi t1, t1, 0x5
x6 <- 0xFFFFFFFFC0000005

mem[X,0x0000000080000298] -> 0x1313
mem[X,0x000000008000029A] -> 0x00B3
[171] [M]: 0x0000000080000298 (0x00B31313) slli t1, t1, 0xb
x6 <- 0xFFFFFE0000002800

mem[X,0x000000008000029C] -> 0x0313
mem[X,0x000000008000029E] -> 0x7FD3
[172] [M]: 0x000000008000029C (0x7FD30313) addi t1, t1, 0x7fd
x6 <- 0xFFFFFE0000002FFD

mem[X,0x00000000800002A0] -> 0x1313
mem[X,0x00000000800002A2] -> 0x00B3
[173] [M]: 0x00000000800002A0 (0x00B31313) slli t1, t1, 0xb
x6 <- 0xFFF00000017FE800

mem[X,0x00000000800002A4] -> 0x0313
mem[X,0x00000000800002A6] -> 0x7C03
[174] [M]: 0x00000000800002A4 (0x7C030313) addi t1, t1, 0x7c0
x6 <- 0xFFF00000017FEFC0

mem[X,0x00000000800002A8] -> 0x1313
mem[X,0x00000000800002AA] -> 0x00A3
[175] [M]: 0x00000000800002A8 (0x00A31313) slli t1, t1, 0xa
x6 <- 0xC0000005FFBF0000

mem[X,0x00000000800002AC] -> 0x0313
mem[X,0x00000000800002AE] -> 0x0403
[176] [M]: 0x00000000800002AC (0x04030313) addi t1, t1, 0x40
x6 <- 0xC0000005FFBF0040

mem[X,0x00000000800002B0] -> 0x8ABB
mem[X,0x00000000800002B2] -> 0xB86A
[177] [M]: 0x00000000800002B0 (0xB86A8ABB) paaddu.h s5, s5, t1
x21 <- 0x60205557FEDF0020

mem[X,0x00000000800002B4] -> 0xBC23
mem[X,0x00000000800002B6] -> 0x0152
[178] [M]: 0x00000000800002B4 (0x0152BC23) sd s5, 0x18(t0)
mem[0x0000000080004130] <- 0x60205557FEDF0020

mem[X,0x00000000800002B8] -> 0x0EB7
mem[X,0x00000000800002BA] -> 0xF7FF
[179] [M]: 0x00000000800002B8 (0xF7FF0EB7) lui t4, -0x8010
x29 <- 0xFFFFFFFFF7FF0000

mem[X,0x00000000800002BC] -> 0x8E93
mem[X,0x00000000800002BE] -> 0x010E
[180] [M]: 0x00000000800002BC (0x010E8E93) addi t4, t4, 0x10
x29 <- 0xFFFFFFFFF7FF0010

mem[X,0x00000000800002C0] -> 0x9E93
mem[X,0x00000000800002C2] -> 0x00BE
[181] [M]: 0x00000000800002C0 (0x00BE9E93) slli t4, t4, 0xb
x29 <- 0xFFFFFFBFF8008000

mem[X,0x00000000800002C4] -> 0x8E93
mem[X,0x00000000800002C6] -> 0x7FBE
[182] [M]: 0x00000000800002C4 (0x7FBE8E93) addi t4, t4, 0x7fb
x29 <- 0xFFFFFFBFF80087FB

mem[X,0x00000000800002C8] -> 0x9E93
mem[X,0x00000000800002CA] -> 0x00BE
[183] [M]: 0x00000000800002C8 (0x00BE9E93) slli t4, t4, 0xb
x29 <- 0xFFFDFFC0043FD800

mem[X,0x00000000800002CC] -> 0x8E93
mem[X,0x00000000800002CE] -> 0x7DFE
[184] [M]: 0x00000000800002CC (0x7DFE8E93) addi t4, t4, 0x7df
x29 <- 0xFFFDFFC0043FDFDF

mem[X,0x00000000800002D0] -> 0x9E93
mem[X,0x00000000800002D2] -> 0x00AE
[185] [M]: 0x00000000800002D0 (0x00AE9E93) slli t4, t4, 0xa
x29 <- 0xF7FF0010FF7F7C00

mem[X,0x00000000800002D4] -> 0x8E93
mem[X,0x00000000800002D6] -> 0x3FFE
[186] [M]: 0x00000000800002D4 (0x3FFE8E93) addi t4, t4, 0x3ff
x29 <- 0xF7FF0010FF7F7FFF

mem[X,0x00000000800002D8] -> 0x0EB7
mem[X,0x00000000800002DA] -> 0xFFFD
[187] [M]: 0x00000000800002D8 (0xFFFD0EB7) lui t4, -0x30
x29 <- 0xFFFFFFFFFFFD0000

mem[X,0x00000000800002DC] -> 0x8E93
mem[X,0x00000000800002DE] -> 0xBFFE
[188] [M]: 0x00000000800002DC (0xBFFE8E93) addi t4, t4, -0x401
x29 <- 0xFFFFFFFFFFFCFBFF

mem[X,0x00000000800002E0] -> 0x9E93
mem[X,0x00000000800002E2] -> 0x00BE
[189] [M]: 0x00000000800002E0 (0x00BE9E93) slli t4, t4, 0xb
x29 <- 0xFFFFFFFFE7DFF800

mem[X,0x00000000800002E4] -> 0x8E93
mem[X,0x00000000800002E6] -> 0x7FEE
[190] [M]: 0x00000000800002E4 (0x7FEE8E93) addi t4, t4, 0x7fe
x29 <- 0xFFFFFFFFE7DFFFFE

mem[X,0x00000000800002E8] -> 0x9E93
mem[X,0x00000000800002EA] -> 0x00BE
[191] [M]: 0x00000000800002E8 (0x00BE9E93) slli t4, t4, 0xb
x29 <- 0xFFFFFF3EFFFFF000

mem[X,0x00000000800002EC] -> 0x8E93
mem[X,0x00000000800002EE] -> 0x7FFE
[192] [M]: 0x00000000800002EC (0x7FFE8E93) addi t4, t4, 0x7ff
x29 <- 0xFFFFFF3EFFFFF7FF

mem[X,0x00000000800002F0] -> 0x9E93
mem[X,0x00000000800002F2] -> 0x00AE
[193] [M]: 0x00000000800002F0 (0x00AE9E93) slli t4, t4, 0xa
x29 <- 0xFFFCFBFFFFDFFC00

mem[X,0x00000000800002F4] -> 0x8E93
mem[X,0x00000000800002F6] -> 0x1FFE
[194] [M]: 0x00000000800002F4 (0x1FFE8E93) addi t4, t4, 0x1ff
x29 <- 0xFFFCFBFFFFDFFDFF

mem[X,0x00000000800002F8] -> 0x8EBB
mem[X,0x00000000800002FA] -> 0xB9DE
[195] [M]: 0x00000000800002F8 (0xB9DE8EBB) paaddu.h t4, t4, t4
x29 <- 0xFFFCFBFFFFDFFDFF

mem[X,0x00000000800002FC] -> 0xB023
mem[X,0x00000000800002FE] -> 0x03D2
[196] [M]: 0x00000000800002FC (0x03D2B023) sd t4, 0x20(t0)
mem[0x0000000080004138] <- 0xFFFCFBFFFFDFFDFF

mem[X,0x0000000080000300] -> 0x17B7
mem[X,0x0000000080000302] -> 0x0005
[197] [M]: 0x0000000080000300 (0x000517B7) lui a5, 0x51
x15 <- 0x0000000000051000

mem[X,0x0000000080000304] -> 0x8793
mem[X,0x0000000080000306] -> 0x0007
[198] [M]: 0x0000000080000304 (0x00078793) addi a5, a5, 0x0
x15 <- 0x0000000000051000

mem[X,0x0000000080000308] -> 0x9793
mem[X,0x000000008000030A] -> 0x00B7
[199] [M]: 0x0000000080000308 (0x00B79793) slli a5, a5, 0xb
x15 <- 0x0000000028800000

clint::tick mtime <- 0x0000000000000002
 clint timer pending at mtime 0x0000000000000002
htif::tick 0x0000000000000000
mem[X,0x000000008000030C] -> 0x8793
mem[X,0x000000008000030E] -> 0x5FF7
[200] [M]: 0x000000008000030C (0x5FF78793) addi a5, a5, 0x5ff
x15 <- 0x00000000288005FF

mem[X,0x0000000080000310] -> 0x9793
mem[X,0x0000000080000312] -> 0x00B7
[201] [M]: 0x0000000080000310 (0x00B79793) slli a5, a5, 0xb
x15 <- 0x00000144002FF800

mem[X,0x0000000080000314] -> 0x8793
mem[X,0x0000000080000316] -> 0x7C07
[202] [M]: 0x0000000080000314 (0x7C078793) addi a5, a5, 0x7c0
x15 <- 0x00000144002FFFC0

mem[X,0x0000000080000318] -> 0x9793
mem[X,0x000000008000031A] -> 0x00A7
[203] [M]: 0x0000000080000318 (0x00A79793) slli a5, a5, 0xa
x15 <- 0x00051000BFFF0000

mem[X,0x000000008000031C] -> 0x8793
mem[X,0x000000008000031E] -> 0x0027
[204] [M]: 0x000000008000031C (0x00278793) addi a5, a5, 0x2
x15 <- 0x00051000BFFF0002

mem[X,0x0000000080000320] -> 0x09B7
mem[X,0x0000000080000322] -> 0xDFFF
[205] [M]: 0x0000000080000320 (0xDFFF09B7) lui s3, -0x20010
x19 <- 0xFFFFFFFFDFFF0000

mem[X,0x0000000080000324] -> 0x8993
mem[X,0x0000000080000326] -> 0x0019
[206] [M]: 0x0000000080000324 (0x00198993) addi s3, s3, 0x1
x19 <- 0xFFFFFFFFDFFF0001

mem[X,0x0000000080000328] -> 0x9993
mem[X,0x000000008000032A] -> 0x00B9
[207] [M]: 0x0000000080000328 (0x00B99993) slli s3, s3, 0xb
x19 <- 0xFFFFFEFFF8000800

mem[X,0x000000008000032C] -> 0x8993
mem[X,0x000000008000032E] -> 0x7FF9
[208] [M]: 0x000000008000032C (0x7FF98993) addi s3, s3, 0x7ff
x19 <- 0xFFFFFEFFF8000FFF

mem[X,0x0000000080000330] -> 0x9993
mem[X,0x0000000080000332] -> 0x00B9
[209] [M]: 0x0000000080000330 (0x00B99993) slli s3, s3, 0xb
x19 <- 0xFFF7FFC0007FF800

mem[X,0x0000000080000334] -> 0x8993
mem[X,0x0000000080000336] -> 0x6FF9
[210] [M]: 0x0000000080000334 (0x6FF98993) addi s3, s3, 0x6ff
x19 <- 0xFFF7FFC0007FFEFF

mem[X,0x0000000080000338] -> 0x9993
mem[X,0x000000008000033A] -> 0x00A9
[211] [M]: 0x0000000080000338 (0x00A99993) slli s3, s3, 0xa
x19 <- 0xDFFF0001FFFBFC00

mem[X,0x000000008000033C] -> 0x8993
mem[X,0x000000008000033E] -> 0x3FF9
[212] [M]: 0x000000008000033C (0x3FF98993) addi s3, s3, 0x3ff
x19 <- 0xDFFF0001FFFBFFFF

mem[X,0x0000000080000340] -> 0x8A3B
mem[X,0x0000000080000342] -> 0xB937
[213] [M]: 0x0000000080000340 (0xB9378A3B) paaddu.h s4, a5, s3
x20 <- 0x70020800DFFD8000

mem[X,0x0000000080000344] -> 0xB423
mem[X,0x0000000080000346] -> 0x0342
[214] [M]: 0x0000000080000344 (0x0342B423) sd s4, 0x28(t0)
mem[0x0000000080004140] <- 0x70020800DFFD8000

mem[X,0x0000000080000348] -> 0x0037
mem[X,0x000000008000034A] -> 0xC001
[215] [M]: 0x0000000080000348 (0xC0010037) lui zero, -0x3fff0

mem[X,0x000000008000034C] -> 0x0013
mem[X,0x000000008000034E] -> 0xBFF0
[216] [M]: 0x000000008000034C (0xBFF00013) addi zero, zero, -0x401

mem[X,0x0000000080000350] -> 0x1013
mem[X,0x0000000080000352] -> 0x00B0
[217] [M]: 0x0000000080000350 (0x00B01013) slli zero, zero, 0xb

mem[X,0x0000000080000354] -> 0x0013
mem[X,0x0000000080000356] -> 0x7FF0
[218] [M]: 0x0000000080000354 (0x7FF00013) addi zero, zero, 0x7ff

mem[X,0x0000000080000358] -> 0x1013
mem[X,0x000000008000035A] -> 0x00B0
[219] [M]: 0x0000000080000358 (0x00B01013) slli zero, zero, 0xb

mem[X,0x000000008000035C] -> 0x0013
mem[X,0x000000008000035E] -> 0x3C00
[220] [M]: 0x000000008000035C (0x3C000013) addi zero, zero, 0x3c0

mem[X,0x0000000080000360] -> 0x1013
mem[X,0x0000000080000362] -> 0x00A0
[221] [M]: 0x0000000080000360 (0x00A01013) slli zero, zero, 0xa

mem[X,0x0000000080000364] -> 0x0013
mem[X,0x0000000080000366] -> 0x0040
[222] [M]: 0x0000000080000364 (0x00400013) addi zero, zero, 0x4

mem[X,0x0000000080000368] -> 0x8837
mem[X,0x000000008000036A] -> 0x0100
[223] [M]: 0x0000000080000368 (0x01008837) lui a6, 0x1008
x16 <- 0x0000000001008000

mem[X,0x000000008000036C] -> 0x0813
mem[X,0x000000008000036E] -> 0x0008
[224] [M]: 0x000000008000036C (0x00080813) addi a6, a6, 0x0
x16 <- 0x0000000001008000

mem[X,0x0000000080000370] -> 0x1813
mem[X,0x0000000080000372] -> 0x00B8
[225] [M]: 0x0000000080000370 (0x00B81813) slli a6, a6, 0xb
x16 <- 0x0000000804000000

mem[X,0x0000000080000374] -> 0x0813
mem[X,0x0000000080000376] -> 0x7FF8
[226] [M]: 0x0000000080000374 (0x7FF80813) addi a6, a6, 0x7ff
x16 <- 0x00000008040007FF

mem[X,0x0000000080000378] -> 0x1813
mem[X,0x000000008000037A] -> 0x00B8
[227] [M]: 0x0000000080000378 (0x00B81813) slli a6, a6, 0xb
x16 <- 0x00004020003FF800

mem[X,0x000000008000037C] -> 0x0813
mem[X,0x000000008000037E] -> 0x5808
[228] [M]: 0x000000008000037C (0x58080813) addi a6, a6, 0x580
x16 <- 0x00004020003FFD80

mem[X,0x0000000080000380] -> 0x1813
mem[X,0x0000000080000382] -> 0x00A8
[229] [M]: 0x0000000080000380 (0x00A81813) slli a6, a6, 0xa
x16 <- 0x01008000FFF60000

mem[X,0x0000000080000384] -> 0x0813
mem[X,0x0000000080000386] -> 0x0088
[230] [M]: 0x0000000080000384 (0x00880813) addi a6, a6, 0x8
x16 <- 0x01008000FFF60008

mem[X,0x0000000080000388] -> 0x01BB
mem[X,0x000000008000038A] -> 0xB900
[231] [M]: 0x0000000080000388 (0xB90001BB) paaddu.h gp, zero, a6
x3 <- 0x008040007FFB0004

mem[X,0x000000008000038C] -> 0xB823
mem[X,0x000000008000038E] -> 0x0232
[232] [M]: 0x000000008000038C (0x0232B823) sd gp, 0x30(t0)
mem[0x0000000080004148] <- 0x008040007FFB0004

mem[X,0x0000000080000390] -> 0x0E37
mem[X,0x0000000080000392] -> 0xFFFD
[233] [M]: 0x0000000080000390 (0xFFFD0E37) lui t3, -0x30
x28 <- 0xFFFFFFFFFFFD0000

mem[X,0x0000000080000394] -> 0x0E13
mem[X,0x0000000080000396] -> 0x009E
[234] [M]: 0x0000000080000394 (0x009E0E13) addi t3, t3, 0x9
x28 <- 0xFFFFFFFFFFFD0009

mem[X,0x0000000080000398] -> 0x1E13
mem[X,0x000000008000039A] -> 0x00BE
[235] [M]: 0x0000000080000398 (0x00BE1E13) slli t3, t3, 0xb
x28 <- 0xFFFFFFFFE8004800

mem[X,0x000000008000039C] -> 0x0E13
mem[X,0x000000008000039E] -> 0x040E
[236] [M]: 0x000000008000039C (0x040E0E13) addi t3, t3, 0x40
x28 <- 0xFFFFFFFFE8004840

mem[X,0x00000000800003A0] -> 0x1E13
mem[X,0x00000000800003A2] -> 0x00BE
[237] [M]: 0x00000000800003A0 (0x00BE1E13) slli t3, t3, 0xb
x28 <- 0xFFFFFF4002420000

mem[X,0x00000000800003A4] -> 0x0E13
mem[X,0x00000000800003A6] -> 0x000E
[238] [M]: 0x00000000800003A4 (0x000E0E13) addi t3, t3, 0x0
x28 <- 0xFFFFFF4002420000

mem[X,0x00000000800003A8] -> 0x1E13
mem[X,0x00000000800003AA] -> 0x00AE
[239] [M]: 0x00000000800003A8 (0x00AE1E13) slli t3, t3, 0xa
x28 <- 0xFFFD000908000000

mem[X,0x00000000800003AC] -> 0x0E13
mem[X,0x00000000800003AE] -> 0x008E
[240] [M]: 0x00000000800003AC (0x008E0E13) addi t3, t3, 0x8
x28 <- 0xFFFD000908000008

mem[X,0x00000000800003B0] -> 0x01B7
mem[X,0x00000000800003B2] -> 0xFFDF
[241] [M]: 0x00000000800003B0 (0xFFDF01B7) lui gp, -0x210
x3 <- 0xFFFFFFFFFFDF0000

mem[X,0x00000000800003B4] -> 0x8193
mem[X,0x00000000800003B6] -> 0x0091
[242] [M]: 0x00000000800003B4 (0x00918193) addi gp, gp, 0x9
x3 <- 0xFFFFFFFFFFDF0009

mem[X,0x00000000800003B8] -> 0x9193
mem[X,0x00000000800003BA] -> 0x00B1
[243] [M]: 0x00000000800003B8 (0x00B19193) slli gp, gp, 0xb
x3 <- 0xFFFFFFFEF8004800

mem[X,0x00000000800003BC] -> 0x8193
mem[X,0x00000000800003BE] -> 0x0041
[244] [M]: 0x00000000800003BC (0x00418193) addi gp, gp, 0x4
x3 <- 0xFFFFFFFEF8004804

mem[X,0x00000000800003C0] -> 0x9193
mem[X,0x00000000800003C2] -> 0x00B1
[245] [M]: 0x00000000800003C0 (0x00B19193) slli gp, gp, 0xb
x3 <- 0xFFFFF7C002402000

mem[X,0x00000000800003C4] -> 0x8193
mem[X,0x00000000800003C6] -> 0x03F1
[246] [M]: 0x00000000800003C4 (0x03F18193) addi gp, gp, 0x3f
x3 <- 0xFFFFF7C00240203F

mem[X,0x00000000800003C8] -> 0x9193
mem[X,0x00000000800003CA] -> 0x00A1
[247] [M]: 0x00000000800003C8 (0x00A19193) slli gp, gp, 0xa
x3 <- 0xFFDF00090080FC00

mem[X,0x00000000800003CC] -> 0x8193
mem[X,0x00000000800003CE] -> 0x3FD1
[248] [M]: 0x00000000800003CC (0x3FD18193) addi gp, gp, 0x3fd
x3 <- 0xFFDF00090080FFFD

mem[X,0x00000000800003D0] -> 0x06BB
mem[X,0x00000000800003D2] -> 0xB83E
[249] [M]: 0x00000000800003D0 (0xB83E06BB) paaddu.h a3, t3, gp
x13 <- 0xFFEE000904408002

mem[X,0x00000000800003D4] -> 0xBC23
mem[X,0x00000000800003D6] -> 0x02D2
[250] [M]: 0x00000000800003D4 (0x02D2BC23) sd a3, 0x38(t0)
mem[0x0000000080004150] <- 0xFFEE000904408002

mem[X,0x00000000800003D8] -> 0x01B7
mem[X,0x00000000800003DA] -> 0xFBFF
[251] [M]: 0x00000000800003D8 (0xFBFF01B7) lui gp, -0x4010
x3 <- 0xFFFFFFFFFBFF0000

mem[X,0x00000000800003DC] -> 0x8193
mem[X,0x00000000800003DE] -> 0x0031
[252] [M]: 0x00000000800003DC (0x00318193) addi gp, gp, 0x3
x3 <- 0xFFFFFFFFFBFF0003

mem[X,0x00000000800003E0] -> 0x9193
mem[X,0x00000000800003E2] -> 0x00B1
[253] [M]: 0x00000000800003E0 (0x00B19193) slli gp, gp, 0xb
x3 <- 0xFFFFFFDFF8001800

mem[X,0x00000000800003E4] -> 0x8193
mem[X,0x00000000800003E6] -> 0x7BF1
[254] [M]: 0x00000000800003E4 (0x7BF18193) addi gp, gp, 0x7bf
x3 <- 0xFFFFFFDFF8001FBF

mem[X,0x00000000800003E8] -> 0x9193
mem[X,0x00000000800003EA] -> 0x00B1
[255] [M]: 0x00000000800003E8 (0x00B19193) slli gp, gp, 0xb
x3 <- 0xFFFEFFC000FDF800

mem[X,0x00000000800003EC] -> 0x8193
mem[X,0x00000000800003EE] -> 0x7C01
[256] [M]: 0x00000000800003EC (0x7C018193) addi gp, gp, 0x7c0
x3 <- 0xFFFEFFC000FDFFC0

mem[X,0x00000000800003F0] -> 0x9193
mem[X,0x00000000800003F2] -> 0x00A1
[257] [M]: 0x00000000800003F0 (0x00A19193) slli gp, gp, 0xa
x3 <- 0xFBFF0003F7FF0000

mem[X,0x00000000800003F4] -> 0x8193
mem[X,0x00000000800003F6] -> 0x0101
[258] [M]: 0x00000000800003F4 (0x01018193) addi gp, gp, 0x10
x3 <- 0xFBFF0003F7FF0010

mem[X,0x00000000800003F8] -> 0x0737
mem[X,0x00000000800003FA] -> 0xFFFC
[259] [M]: 0x00000000800003F8 (0xFFFC0737) lui a4, -0x40
x14 <- 0xFFFFFFFFFFFC0000

mem[X,0x00000000800003FC] -> 0x0713
mem[X,0x00000000800003FE] -> 0xF7F7
[260] [M]: 0x00000000800003FC (0xF7F70713) addi a4, a4, -0x81
x14 <- 0xFFFFFFFFFFFBFF7F

mem[X,0x0000000080000400] -> 0x1713
mem[X,0x0000000080000402] -> 0x00B7
[261] [M]: 0x0000000080000400 (0x00B71713) slli a4, a4, 0xb
x14 <- 0xFFFFFFFFDFFBF800

mem[X,0x0000000080000404] -> 0x0713
mem[X,0x0000000080000406] -> 0x7BF7
[262] [M]: 0x0000000080000404 (0x7BF70713) addi a4, a4, 0x7bf
x14 <- 0xFFFFFFFFDFFBFFBF

mem[X,0x0000000080000408] -> 0x1713
mem[X,0x000000008000040A] -> 0x00B7
[263] [M]: 0x0000000080000408 (0x00B71713) slli a4, a4, 0xb
x14 <- 0xFFFFFEFFDFFDF800

mem[X,0x000000008000040C] -> 0x0713
mem[X,0x000000008000040E] -> 0x7DF7
[264] [M]: 0x000000008000040C (0x7DF70713) addi a4, a4, 0x7df
x14 <- 0xFFFFFEFFDFFDFFDF

mem[X,0x0000000080000410] -> 0x1713
mem[X,0x0000000080000412] -> 0x00A7
[265] [M]: 0x0000000080000410 (0x00A71713) slli a4, a4, 0xa
x14 <- 0xFFFBFF7FF7FF7C00

mem[X,0x0000000080000414] -> 0x0713
mem[X,0x0000000080000416] -> 0x3FF7
[266] [M]: 0x0000000080000414 (0x3FF70713) addi a4, a4, 0x3ff
x14 <- 0xFFFBFF7FF7FF7FFF

mem[X,0x0000000080000418] -> 0x833B
mem[X,0x000000008000041A] -> 0xB8E1
[267] [M]: 0x0000000080000418 (0xB8E1833B) paaddu.h t1, gp, a4
x6 <- 0xFDFD7FC1F7FF4007

mem[X,0x000000008000041C] -> 0xB023
mem[X,0x000000008000041E] -> 0x0462
[268] [M]: 0x000000008000041C (0x0462B023) sd t1, 0x40(t0)
mem[0x0000000080004158] <- 0xFDFD7FC1F7FF4007

mem[X,0x0000000080000420] -> 0x0A37
mem[X,0x0000000080000422] -> 0x1001
[269] [M]: 0x0000000080000420 (0x10010A37) lui s4, 0x10010
x20 <- 0x0000000010010000

mem[X,0x0000000080000424] -> 0x0A13
mem[X,0x0000000080000426] -> 0xFFDA
[270] [M]: 0x0000000080000424 (0xFFDA0A13) addi s4, s4, -0x3
x20 <- 0x000000001000FFFD

mem[X,0x0000000080000428] -> 0x1A13
mem[X,0x000000008000042A] -> 0x00BA
[271] [M]: 0x0000000080000428 (0x00BA1A13) slli s4, s4, 0xb
x20 <- 0x0000008007FFE800

mem[X,0x000000008000042C] -> 0x0A13
mem[X,0x000000008000042E] -> 0x7FEA
[272] [M]: 0x000000008000042C (0x7FEA0A13) addi s4, s4, 0x7fe
x20 <- 0x0000008007FFEFFE

mem[X,0x0000000080000430] -> 0x1A13
mem[X,0x0000000080000432] -> 0x00BA
[273] [M]: 0x0000000080000430 (0x00BA1A13) slli s4, s4, 0xb
x20 <- 0x0004003FFF7FF000

mem[X,0x0000000080000434] -> 0x0A13
mem[X,0x0000000080000436] -> 0x7C0A
[274] [M]: 0x0000000080000434 (0x7C0A0A13) addi s4, s4, 0x7c0
x20 <- 0x0004003FFF7FF7C0

mem[X,0x0000000080000438] -> 0x1A13
mem[X,0x000000008000043A] -> 0x00AA
[275] [M]: 0x0000000080000438 (0x00AA1A13) slli s4, s4, 0xa
x20 <- 0x1000FFFDFFDF0000

mem[X,0x000000008000043C] -> 0x0A13
mem[X,0x000000008000043E] -> 0x020A
[276] [M]: 0x000000008000043C (0x020A0A13) addi s4, s4, 0x20
x20 <- 0x1000FFFDFFDF0020

mem[X,0x0000000080000440] -> 0x06B7
mem[X,0x0000000080000442] -> 0xF7FF
[277] [M]: 0x0000000080000440 (0xF7FF06B7) lui a3, -0x8010
x13 <- 0xFFFFFFFFF7FF0000

mem[X,0x0000000080000444] -> 0x8693
mem[X,0x0000000080000446] -> 0x0026
[278] [M]: 0x0000000080000444 (0x00268693) addi a3, a3, 0x2
x13 <- 0xFFFFFFFFF7FF0002

mem[X,0x0000000080000448] -> 0x9693
mem[X,0x000000008000044A] -> 0x00B6
[279] [M]: 0x0000000080000448 (0x00B69693) slli a3, a3, 0xb
x13 <- 0xFFFFFFBFF8001000

mem[X,0x000000008000044C] -> 0x8693
mem[X,0x000000008000044E] -> 0x7FE6
[280] [M]: 0x000000008000044C (0x7FE68693) addi a3, a3, 0x7fe
x13 <- 0xFFFFFFBFF80017FE

mem[X,0x0000000080000450] -> 0x9693
mem[X,0x0000000080000452] -> 0x00B6
[281] [M]: 0x0000000080000450 (0x00B69693) slli a3, a3, 0xb
x13 <- 0xFFFDFFC000BFF000

mem[X,0x0000000080000454] -> 0x8693
mem[X,0x0000000080000456] -> 0x7FF6
[282] [M]: 0x0000000080000454 (0x7FF68693) addi a3, a3, 0x7ff
x13 <- 0xFFFDFFC000BFF7FF

mem[X,0x0000000080000458] -> 0x9693
mem[X,0x000000008000045A] -> 0x00A6
[283] [M]: 0x0000000080000458 (0x00A69693) slli a3, a3, 0xa
x13 <- 0xF7FF0002FFDFFC00

mem[X,0x000000008000045C] -> 0x8693
mem[X,0x000000008000045E] -> 0x3F86
[284] [M]: 0x000000008000045C (0x3F868693) addi a3, a3, 0x3f8
x13 <- 0xF7FF0002FFDFFFF8

mem[X,0x0000000080000460] -> 0x013B
mem[X,0x0000000080000462] -> 0xB8DA
[285] [M]: 0x0000000080000460 (0xB8DA013B) paaddu.h sp, s4, a3
x2 <- 0x83FF7FFFFFDF800C

mem[X,0x0000000080000464] -> 0xB423
mem[X,0x0000000080000466] -> 0x0422
[286] [M]: 0x0000000080000464 (0x0422B423) sd sp, 0x48(t0)
mem[0x0000000080004160] <- 0x83FF7FFFFFDF800C

mem[X,0x0000000080000468] -> 0x0337
mem[X,0x000000008000046A] -> 0xFFF6
[287] [M]: 0x0000000080000468 (0xFFF60337) lui t1, -0xa0
x6 <- 0xFFFFFFFFFFF60000

mem[X,0x000000008000046C] -> 0x0313
mem[X,0x000000008000046E] -> 0x0073
[288] [M]: 0x000000008000046C (0x00730313) addi t1, t1, 0x7
x6 <- 0xFFFFFFFFFFF60007

mem[X,0x0000000080000470] -> 0x1313
mem[X,0x0000000080000472] -> 0x00B3
[289] [M]: 0x0000000080000470 (0x00B31313) slli t1, t1, 0xb
x6 <- 0xFFFFFFFFB0003800

mem[X,0x0000000080000474] -> 0x0313
mem[X,0x0000000080000476] -> 0x0203
[290] [M]: 0x0000000080000474 (0x02030313) addi t1, t1, 0x20
x6 <- 0xFFFFFFFFB0003820

mem[X,0x0000000080000478] -> 0x1313
mem[X,0x000000008000047A] -> 0x00B3
[291] [M]: 0x0000000080000478 (0x00B31313) slli t1, t1, 0xb
x6 <- 0xFFFFFD8001C10000

mem[X,0x000000008000047C] -> 0x0313
mem[X,0x000000008000047E] -> 0x0003
[292] [M]: 0x000000008000047C (0x00030313) addi t1, t1, 0x0
x6 <- 0xFFFFFD8001C10000

mem[X,0x0000000080000480] -> 0x1313
mem[X,0x0000000080000482] -> 0x00A3
[293] [M]: 0x0000000080000480 (0x00A31313) slli t1, t1, 0xa
x6 <- 0xFFF6000704000000

mem[X,0x0000000080000484] -> 0x0313
mem[X,0x0000000080000486] -> 0x0403
[294] [M]: 0x0000000080000484 (0x04030313) addi t1, t1, 0x40
x6 <- 0xFFF6000704000040

mem[X,0x0000000080000488] -> 0x0637
mem[X,0x000000008000048A] -> 0x0000
[295] [M]: 0x0000000080000488 (0x00000637) lui a2, 0x0
x12 <- 0x0000000000000000

mem[X,0x000000008000048C] -> 0x0613
mem[X,0x000000008000048E] -> 0x0206
[296] [M]: 0x000000008000048C (0x02060613) addi a2, a2, 0x20
x12 <- 0x0000000000000020

mem[X,0x0000000080000490] -> 0x1613
mem[X,0x0000000080000492] -> 0x00B6
[297] [M]: 0x0000000080000490 (0x00B61613) slli a2, a2, 0xb
x12 <- 0x0000000000010000

mem[X,0x0000000080000494] -> 0x0613
mem[X,0x0000000080000496] -> 0x2AA6
[298] [M]: 0x0000000080000494 (0x2AA60613) addi a2, a2, 0x2aa
x12 <- 0x00000000000102AA

mem[X,0x0000000080000498] -> 0x1613
mem[X,0x000000008000049A] -> 0x00B6
[299] [M]: 0x0000000080000498 (0x00B61613) slli a2, a2, 0xb
x12 <- 0x0000000008155000

clint::tick mtime <- 0x0000000000000003
 clint timer pending at mtime 0x0000000000000003
htif::tick 0x0000000000000000
mem[X,0x000000008000049C] -> 0x0613
mem[X,0x000000008000049E] -> 0x5406
[300] [M]: 0x000000008000049C (0x54060613) addi a2, a2, 0x540
x12 <- 0x0000000008155540

mem[X,0x00000000800004A0] -> 0x1613
mem[X,0x00000000800004A2] -> 0x00A6
[301] [M]: 0x00000000800004A0 (0x00A61613) slli a2, a2, 0xa
x12 <- 0x0000002055550000

mem[X,0x00000000800004A4] -> 0x0613
mem[X,0x00000000800004A6] -> 0x2006
[302] [M]: 0x00000000800004A4 (0x20060613) addi a2, a2, 0x200
x12 <- 0x0000002055550200

mem[X,0x00000000800004A8] -> 0x0FBB
mem[X,0x00000000800004AA] -> 0xB8C3
[303] [M]: 0x00000000800004A8 (0xB8C30FBB) paaddu.h t6, t1, a2
x31 <- 0x7FFB00132CAA0120

mem[X,0x00000000800004AC] -> 0xB823
mem[X,0x00000000800004AE] -> 0x05F2
[304] [M]: 0x00000000800004AC (0x05F2B823) sd t6, 0x50(t0)
mem[0x0000000080004168] <- 0x7FFB00132CAA0120

mem[X,0x00000000800004B0] -> 0x0137
mem[X,0x00000000800004B2] -> 0x3FFF
[305] [M]: 0x00000000800004B0 (0x3FFF0137) lui sp, 0x3fff0
x2 <- 0x000000003FFF0000

mem[X,0x00000000800004B4] -> 0x0113
mem[X,0x00000000800004B6] -> 0x0041
[306] [M]: 0x00000000800004B4 (0x00410113) addi sp, sp, 0x4
x2 <- 0x000000003FFF0004

mem[X,0x00000000800004B8] -> 0x1113
mem[X,0x00000000800004BA] -> 0x00B1
[307] [M]: 0x00000000800004B8 (0x00B11113) slli sp, sp, 0xb
x2 <- 0x000001FFF8002000

mem[X,0x00000000800004BC] -> 0x0113
mem[X,0x00000000800004BE] -> 0x1FF1
[308] [M]: 0x00000000800004BC (0x1FF10113) addi sp, sp, 0x1ff
x2 <- 0x000001FFF80021FF

mem[X,0x00000000800004C0] -> 0x1113
mem[X,0x00000000800004C2] -> 0x00B1
[309] [M]: 0x00000000800004C0 (0x00B11113) slli sp, sp, 0xb
x2 <- 0x000FFFC0010FF800

mem[X,0x00000000800004C4] -> 0x0113
mem[X,0x00000000800004C6] -> 0x7C01
[310] [M]: 0x00000000800004C4 (0x7C010113) addi sp, sp, 0x7c0
x2 <- 0x000FFFC0010FFFC0

mem[X,0x00000000800004C8] -> 0x1113
mem[X,0x00000000800004CA] -> 0x00A1
[311] [M]: 0x00000000800004C8 (0x00A11113) slli sp, sp, 0xa
x2 <- 0x3FFF00043FFF0000

mem[X,0x00000000800004CC] -> 0x0113
mem[X,0x00000000800004CE] -> 0x0801
[312] [M]: 0x00000000800004CC (0x08010113) addi sp, sp, 0x80
x2 <- 0x3FFF00043FFF0080

mem[X,0x00000000800004D0] -> 0x00B7
mem[X,0x00000000800004D2] -> 0x0000
[313] [M]: 0x00000000800004D0 (0x000000B7) lui ra, 0x0
x1 <- 0x0000000000000000

mem[X,0x00000000800004D4] -> 0x8093
mem[X,0x00000000800004D6] -> 0x4000
[314] [M]: 0x00000000800004D4 (0x40008093) addi ra, ra, 0x400
x1 <- 0x0000000000000400

mem[X,0x00000000800004D8] -> 0x9093
mem[X,0x00000000800004DA] -> 0x00B0
[315] [M]: 0x00000000800004D8 (0x00B09093) slli ra, ra, 0xb
x1 <- 0x0000000000200000

mem[X,0x00000000800004DC] -> 0x8093
mem[X,0x00000000800004DE] -> 0x2AA0
[316] [M]: 0x00000000800004DC (0x2AA08093) addi ra, ra, 0x2aa
x1 <- 0x00000000002002AA

mem[X,0x00000000800004E0] -> 0x9093
mem[X,0x00000000800004E2] -> 0x00B0
[317] [M]: 0x00000000800004E0 (0x00B09093) slli ra, ra, 0xb
x1 <- 0x0000000100155000

mem[X,0x00000000800004E4] -> 0x8093
mem[X,0x00000000800004E6] -> 0x5400
[318] [M]: 0x00000000800004E4 (0x54008093) addi ra, ra, 0x540
x1 <- 0x0000000100155540

mem[X,0x00000000800004E8] -> 0x9093
mem[X,0x00000000800004EA] -> 0x00A0
[319] [M]: 0x00000000800004E8 (0x00A09093) slli ra, ra, 0xa
x1 <- 0x0000040055550000

mem[X,0x00000000800004EC] -> 0x8093
mem[X,0x00000000800004EE] -> 0x0050
[320] [M]: 0x00000000800004EC (0x00508093) addi ra, ra, 0x5
x1 <- 0x0000040055550005

mem[X,0x00000000800004F0] -> 0x09BB
mem[X,0x00000000800004F2] -> 0xB811
[321] [M]: 0x00000000800004F0 (0xB81109BB) paaddu.h s3, sp, ra
x19 <- 0x1FFF02024AAA0042

mem[X,0x00000000800004F4] -> 0xBC23
mem[X,0x00000000800004F6] -> 0x0532
[322] [M]: 0x00000000800004F4 (0x0532BC23) sd s3, 0x58(t0)
mem[0x0000000080004170] <- 0x1FFF02024AAA0042

mem[X,0x00000000800004F8] -> 0x46B7
mem[X,0x00000000800004FA] -> 0xFFEF
[323] [M]: 0x00000000800004F8 (0xFFEF46B7) lui a3, -0x10c
x13 <- 0xFFFFFFFFFFEF4000

mem[X,0x00000000800004FC] -> 0x8693
mem[X,0x00000000800004FE] -> 0xFFF6
[324] [M]: 0x00000000800004FC (0xFFF68693) addi a3, a3, -0x1
x13 <- 0xFFFFFFFFFFEF3FFF

mem[X,0x0000000080000500] -> 0x9693
mem[X,0x0000000080000502] -> 0x00B6
[325] [M]: 0x0000000080000500 (0x00B69693) slli a3, a3, 0xb
x13 <- 0xFFFFFFFF79FFF800

mem[X,0x0000000080000504] -> 0x8693
mem[X,0x0000000080000506] -> 0x0086
[326] [M]: 0x0000000080000504 (0x00868693) addi a3, a3, 0x8
x13 <- 0xFFFFFFFF79FFF808

mem[X,0x0000000080000508] -> 0x9693
mem[X,0x000000008000050A] -> 0x00B6
[327] [M]: 0x0000000080000508 (0x00B69693) slli a3, a3, 0xb
x13 <- 0xFFFFFBCFFFC04000

mem[X,0x000000008000050C] -> 0x8693
mem[X,0x000000008000050E] -> 0x0006
[328] [M]: 0x000000008000050C (0x00068693) addi a3, a3, 0x0
x13 <- 0xFFFFFBCFFFC04000

mem[X,0x0000000080000510] -> 0x9693
mem[X,0x0000000080000512] -> 0x00A6
[329] [M]: 0x0000000080000510 (0x00A69693) slli a3, a3, 0xa
x13 <- 0xFFEF3FFF01000000

mem[X,0x0000000080000514] -> 0x8693
mem[X,0x0000000080000516] -> 0x1006
[330] [M]: 0x0000000080000514 (0x10068693) addi a3, a3, 0x100
x13 <- 0xFFEF3FFF01000100

mem[X,0x0000000080000518] -> 0x0D37
mem[X,0x000000008000051A] -> 0x0009
[331] [M]: 0x0000000080000518 (0x00090D37) lui s10, 0x90
x26 <- 0x0000000000090000

mem[X,0x000000008000051C] -> 0x0D13
mem[X,0x000000008000051E] -> 0x009D
[332] [M]: 0x000000008000051C (0x009D0D13) addi s10, s10, 0x9
x26 <- 0x0000000000090009

mem[X,0x0000000080000520] -> 0x1D13
mem[X,0x0000000080000522] -> 0x00BD
[333] [M]: 0x0000000080000520 (0x00BD1D13) slli s10, s10, 0xb
x26 <- 0x0000000048004800

mem[X,0x0000000080000524] -> 0x0D13
mem[X,0x0000000080000526] -> 0x555D
[334] [M]: 0x0000000080000524 (0x555D0D13) addi s10, s10, 0x555
x26 <- 0x0000000048004D55

mem[X,0x0000000080000528] -> 0x1D13
mem[X,0x000000008000052A] -> 0x00BD
[335] [M]: 0x0000000080000528 (0x00BD1D13) slli s10, s10, 0xb
x26 <- 0x00000240026AA800

mem[X,0x000000008000052C] -> 0x0D13
mem[X,0x000000008000052E] -> 0x2BFD
[336] [M]: 0x000000008000052C (0x2BFD0D13) addi s10, s10, 0x2bf
x26 <- 0x00000240026AAABF

mem[X,0x0000000080000530] -> 0x1D13
mem[X,0x0000000080000532] -> 0x00AD
[337] [M]: 0x0000000080000530 (0x00AD1D13) slli s10, s10, 0xa
x26 <- 0x00090009AAAAFC00

mem[X,0x0000000080000534] -> 0x0D13
mem[X,0x0000000080000536] -> 0x2FFD
[338] [M]: 0x0000000080000534 (0x2FFD0D13) addi s10, s10, 0x2ff
x26 <- 0x00090009AAAAFEFF

mem[X,0x0000000080000538] -> 0x8C3B
mem[X,0x000000008000053A] -> 0xB9A6
[339] [M]: 0x0000000080000538 (0xB9A68C3B) paaddu.h s8, a3, s10
x24 <- 0x7FFC200455D57FFF

mem[X,0x000000008000053C] -> 0xB023
mem[X,0x000000008000053E] -> 0x0782
[340] [M]: 0x000000008000053C (0x0782B023) sd s8, 0x60(t0)
mem[0x0000000080004178] <- 0x7FFC200455D57FFF

mem[X,0x0000000080000540] -> 0x4FB7
mem[X,0x0000000080000542] -> 0xFEFF
[341] [M]: 0x0000000080000540 (0xFEFF4FB7) lui t6, -0x100c
x31 <- 0xFFFFFFFFFEFF4000

mem[X,0x0000000080000544] -> 0x8F93
mem[X,0x0000000080000546] -> 0xFFFF
[342] [M]: 0x0000000080000544 (0xFFFF8F93) addi t6, t6, -0x1
x31 <- 0xFFFFFFFFFEFF3FFF

mem[X,0x0000000080000548] -> 0x9F93
mem[X,0x000000008000054A] -> 0x00BF
[343] [M]: 0x0000000080000548 (0x00BF9F93) slli t6, t6, 0xb
x31 <- 0xFFFFFFF7F9FFF800

mem[X,0x000000008000054C] -> 0x8F93
mem[X,0x000000008000054E] -> 0x000F
[344] [M]: 0x000000008000054C (0x000F8F93) addi t6, t6, 0x0
x31 <- 0xFFFFFFF7F9FFF800

mem[X,0x0000000080000550] -> 0x9F93
mem[X,0x0000000080000552] -> 0x00BF
[345] [M]: 0x0000000080000550 (0x00BF9F93) slli t6, t6, 0xb
x31 <- 0xFFFFBFCFFFC00000

mem[X,0x0000000080000554] -> 0x8F93
mem[X,0x0000000080000556] -> 0x140F
[346] [M]: 0x0000000080000554 (0x140F8F93) addi t6, t6, 0x140
x31 <- 0xFFFFBFCFFFC00140

mem[X,0x0000000080000558] -> 0x9F93
mem[X,0x000000008000055A] -> 0x00AF
[347] [M]: 0x0000000080000558 (0x00AF9F93) slli t6, t6, 0xa
x31 <- 0xFEFF3FFF00050000

mem[X,0x000000008000055C] -> 0x8F93
mem[X,0x000000008000055E] -> 0x200F
[348] [M]: 0x000000008000055C (0x200F8F93) addi t6, t6, 0x200
x31 <- 0xFEFF3FFF00050200

mem[X,0x0000000080000560] -> 0x0BB7
mem[X,0x0000000080000562] -> 0x0006
[349] [M]: 0x0000000080000560 (0x00060BB7) lui s7, 0x60
x23 <- 0x0000000000060000

mem[X,0x0000000080000564] -> 0x8B93
mem[X,0x0000000080000566] -> 0x400B
[350] [M]: 0x0000000080000564 (0x400B8B93) addi s7, s7, 0x400
x23 <- 0x0000000000060400

mem[X,0x0000000080000568] -> 0x9B93
mem[X,0x000000008000056A] -> 0x00BB
[351] [M]: 0x0000000080000568 (0x00BB9B93) slli s7, s7, 0xb
x23 <- 0x0000000030200000

mem[X,0x000000008000056C] -> 0x8B93
mem[X,0x000000008000056E] -> 0x7FFB
[352] [M]: 0x000000008000056C (0x7FFB8B93) addi s7, s7, 0x7ff
x23 <- 0x00000000302007FF

mem[X,0x0000000080000570] -> 0x9B93
mem[X,0x0000000080000572] -> 0x00BB
[353] [M]: 0x0000000080000570 (0x00BB9B93) slli s7, s7, 0xb
x23 <- 0x00000181003FF800

mem[X,0x0000000080000574] -> 0x8B93
mem[X,0x0000000080000576] -> 0x3FFB
[354] [M]: 0x0000000080000574 (0x3FFB8B93) addi s7, s7, 0x3ff
x23 <- 0x00000181003FFBFF

mem[X,0x0000000080000578] -> 0x9B93
mem[X,0x000000008000057A] -> 0x00AB
[355] [M]: 0x0000000080000578 (0x00AB9B93) slli s7, s7, 0xa
x23 <- 0x00060400FFEFFC00

mem[X,0x000000008000057C] -> 0x8B93
mem[X,0x000000008000057E] -> 0x37FB
[356] [M]: 0x000000008000057C (0x37FB8B93) addi s7, s7, 0x37f
x23 <- 0x00060400FFEFFF7F

mem[X,0x0000000080000580] -> 0x803B
mem[X,0x0000000080000582] -> 0xB97F
[357] [M]: 0x0000000080000580 (0xB97F803B) paaddu.h zero, t6, s7

mem[X,0x0000000080000584] -> 0xB423
mem[X,0x0000000080000586] -> 0x0602
[358] [M]: 0x0000000080000584 (0x0602B423) sd zero, 0x68(t0)
mem[0x0000000080004180] <- 0x0000000000000000

mem[X,0x0000000080000588] -> 0x1637
mem[X,0x000000008000058A] -> 0x0001
[359] [M]: 0x0000000080000588 (0x00011637) lui a2, 0x11
x12 <- 0x0000000000011000

mem[X,0x000000008000058C] -> 0x0613
mem[X,0x000000008000058E] -> 0x8006
[360] [M]: 0x000000008000058C (0x80060613) addi a2, a2, -0x800
x12 <- 0x0000000000010800

mem[X,0x0000000080000590] -> 0x1613
mem[X,0x0000000080000592] -> 0x00B6
[361] [M]: 0x0000000080000590 (0x00B61613) slli a2, a2, 0xb
x12 <- 0x0000000008400000

mem[X,0x0000000080000594] -> 0x0613
mem[X,0x0000000080000596] -> 0x7DF6
[362] [M]: 0x0000000080000594 (0x7DF60613) addi a2, a2, 0x7df
x12 <- 0x00000000084007DF

mem[X,0x0000000080000598] -> 0x1613
mem[X,0x000000008000059A] -> 0x00B6
[363] [M]: 0x0000000080000598 (0x00B61613) slli a2, a2, 0xb
x12 <- 0x00000042003EF800

mem[X,0x000000008000059C] -> 0x0613
mem[X,0x000000008000059E] -> 0x7C16
[364] [M]: 0x000000008000059C (0x7C160613) addi a2, a2, 0x7c1
x12 <- 0x00000042003EFFC1

mem[X,0x00000000800005A0] -> 0x1613
mem[X,0x00000000800005A2] -> 0x00A6
[365] [M]: 0x00000000800005A0 (0x00A61613) slli a2, a2, 0xa
x12 <- 0x00010800FBFF0400

mem[X,0x00000000800005A4] -> 0x0CB7
mem[X,0x00000000800005A6] -> 0x0005
[366] [M]: 0x00000000800005A4 (0x00050CB7) lui s9, 0x50
x25 <- 0x0000000000050000

mem[X,0x00000000800005A8] -> 0x8C93
mem[X,0x00000000800005AA] -> 0x007C
[367] [M]: 0x00000000800005A8 (0x007C8C93) addi s9, s9, 0x7
x25 <- 0x0000000000050007

mem[X,0x00000000800005AC] -> 0x9C93
mem[X,0x00000000800005AE] -> 0x00BC
[368] [M]: 0x00000000800005AC (0x00BC9C93) slli s9, s9, 0xb
x25 <- 0x0000000028003800

mem[X,0x00000000800005B0] -> 0x8C93
mem[X,0x00000000800005B2] -> 0x1FFC
[369] [M]: 0x00000000800005B0 (0x1FFC8C93) addi s9, s9, 0x1ff
x25 <- 0x00000000280039FF

mem[X,0x00000000800005B4] -> 0x9C93
mem[X,0x00000000800005B6] -> 0x00BC
[370] [M]: 0x00000000800005B4 (0x00BC9C93) slli s9, s9, 0xb
x25 <- 0x0000014001CFF800

mem[X,0x00000000800005B8] -> 0x8C93
mem[X,0x00000000800005BA] -> 0x7F7C
[371] [M]: 0x00000000800005B8 (0x7F7C8C93) addi s9, s9, 0x7f7
x25 <- 0x0000014001CFFFF7

mem[X,0x00000000800005BC] -> 0x9C93
mem[X,0x00000000800005BE] -> 0x00AC
[372] [M]: 0x00000000800005BC (0x00AC9C93) slli s9, s9, 0xa
x25 <- 0x000500073FFFDC00

mem[X,0x00000000800005C0] -> 0x8C93
mem[X,0x00000000800005C2] -> 0x3FFC
[373] [M]: 0x00000000800005C0 (0x3FFC8C93) addi s9, s9, 0x3ff
x25 <- 0x000500073FFFDFFF

mem[X,0x00000000800005C4] -> 0x0D3B
mem[X,0x00000000800005C6] -> 0xB996
[374] [M]: 0x00000000800005C4 (0xB9960D3B) paaddu.h s10, a2, s9
x26 <- 0x000304039DFF71FF

mem[X,0x00000000800005C8] -> 0xB823
mem[X,0x00000000800005CA] -> 0x07A2
[375] [M]: 0x00000000800005C8 (0x07A2B823) sd s10, 0x70(t0)
mem[0x0000000080004188] <- 0x000304039DFF71FF

mem[X,0x00000000800005CC] -> 0x08B7
mem[X,0x00000000800005CE] -> 0xAAAB
[376] [M]: 0x00000000800005CC (0xAAAB08B7) lui a7, -0x55550
x17 <- 0xFFFFFFFFAAAB0000

mem[X,0x00000000800005D0] -> 0x8893
mem[X,0x00000000800005D2] -> 0xFBF8
[377] [M]: 0x00000000800005D0 (0xFBF88893) addi a7, a7, -0x41
x17 <- 0xFFFFFFFFAAAAFFBF

mem[X,0x00000000800005D4] -> 0x9893
mem[X,0x00000000800005D6] -> 0x00B8
[378] [M]: 0x00000000800005D4 (0x00B89893) slli a7, a7, 0xb
x17 <- 0xFFFFFD5557FDF800

mem[X,0x00000000800005D8] -> 0x8893
mem[X,0x00000000800005DA] -> 0x7FE8
[379] [M]: 0x00000000800005D8 (0x7FE88893) addi a7, a7, 0x7fe
x17 <- 0xFFFFFD5557FDFFFE

mem[X,0x00000000800005DC] -> 0x9893
mem[X,0x00000000800005DE] -> 0x00B8
[380] [M]: 0x00000000800005DC (0x00B89893) slli a7, a7, 0xb
x17 <- 0xFFEAAABFEFFFF000

mem[X,0x00000000800005E0] -> 0x8893
mem[X,0x00000000800005E2] -> 0x7C28
[381] [M]: 0x00000000800005E0 (0x7C288893) addi a7, a7, 0x7c2
x17 <- 0xFFEAAABFEFFFF7C2

mem[X,0x00000000800005E4] -> 0x9893
mem[X,0x00000000800005E6] -> 0x00A8
[382] [M]: 0x00000000800005E4 (0x00A89893) slli a7, a7, 0xa
x17 <- 0xAAAAFFBFFFDF0800

mem[X,0x00000000800005E8] -> 0xB3B7
mem[X,0x00000000800005EA] -> 0x0010
[383] [M]: 0x00000000800005E8 (0x0010B3B7) lui t2, 0x10b
x7 <- 0x000000000010B000

mem[X,0x00000000800005EC] -> 0x8393
mem[X,0x00000000800005EE] -> 0xAAA3
[384] [M]: 0x00000000800005EC (0xAAA38393) addi t2, t2, -0x556
x7 <- 0x000000000010AAAA

mem[X,0x00000000800005F0] -> 0x9393
mem[X,0x00000000800005F2] -> 0x00B3
[385] [M]: 0x00000000800005F0 (0x00B39393) slli t2, t2, 0xb
x7 <- 0x0000000085555000

mem[X,0x00000000800005F4] -> 0x8393
mem[X,0x00000000800005F6] -> 0x0003
[386] [M]: 0x00000000800005F4 (0x00038393) addi t2, t2, 0x0
x7 <- 0x0000000085555000

mem[X,0x00000000800005F8] -> 0x9393
mem[X,0x00000000800005FA] -> 0x00B3
[387] [M]: 0x00000000800005F8 (0x00B39393) slli t2, t2, 0xb
x7 <- 0x0000042AAA800000

mem[X,0x00000000800005FC] -> 0x8393
mem[X,0x00000000800005FE] -> 0x1BF3
[388] [M]: 0x00000000800005FC (0x1BF38393) addi t2, t2, 0x1bf
x7 <- 0x0000042AAA8001BF

mem[X,0x0000000080000600] -> 0x9393
mem[X,0x0000000080000602] -> 0x00A3
[389] [M]: 0x0000000080000600 (0x00A39393) slli t2, t2, 0xa
x7 <- 0x0010AAAA0006FC00

mem[X,0x0000000080000604] -> 0x8393
mem[X,0x0000000080000606] -> 0x3F63
[390] [M]: 0x0000000080000604 (0x3F638393) addi t2, t2, 0x3f6
x7 <- 0x0010AAAA0006FFF6

mem[X,0x0000000080000608] -> 0x8CBB
mem[X,0x000000008000060A] -> 0xB878
[391] [M]: 0x0000000080000608 (0xB8788CBB) paaddu.h s9, a7, t2
x25 <- 0x555DD5347FF283FB

mem[X,0x000000008000060C] -> 0xBC23
mem[X,0x000000008000060E] -> 0x0792
[392] [M]: 0x000000008000060C (0x0792BC23) sd s9, 0x78(t0)
mem[0x0000000080004190] <- 0x555DD5347FF283FB

mem[X,0x0000000080000610] -> 0x0537
mem[X,0x0000000080000612] -> 0xFFF9
[393] [M]: 0x0000000080000610 (0xFFF90537) lui a0, -0x70
x10 <- 0xFFFFFFFFFFF90000

mem[X,0x0000000080000614] -> 0x0513
mem[X,0x0000000080000616] -> 0xDFF5
[394] [M]: 0x0000000080000614 (0xDFF50513) addi a0, a0, -0x201
x10 <- 0xFFFFFFFFFFF8FDFF

mem[X,0x0000000080000618] -> 0x1513
mem[X,0x000000008000061A] -> 0x00B5
[395] [M]: 0x0000000080000618 (0x00B51513) slli a0, a0, 0xb
x10 <- 0xFFFFFFFFC7EFF800

mem[X,0x000000008000061C] -> 0x0513
mem[X,0x000000008000061E] -> 0x7FE5
[396] [M]: 0x000000008000061C (0x7FE50513) addi a0, a0, 0x7fe
x10 <- 0xFFFFFFFFC7EFFFFE

mem[X,0x0000000080000620] -> 0x1513
mem[X,0x0000000080000622] -> 0x00B5
[397] [M]: 0x0000000080000620 (0x00B51513) slli a0, a0, 0xb
x10 <- 0xFFFFFE3F7FFFF000

mem[X,0x0000000080000624] -> 0x0513
mem[X,0x0000000080000626] -> 0x7C45
[398] [M]: 0x0000000080000624 (0x7C450513) addi a0, a0, 0x7c4
x10 <- 0xFFFFFE3F7FFFF7C4

mem[X,0x0000000080000628] -> 0x1513
mem[X,0x000000008000062A] -> 0x00A5
[399] [M]: 0x0000000080000628 (0x00A51513) slli a0, a0, 0xa
x10 <- 0xFFF8FDFFFFDF1000

clint::tick mtime <- 0x0000000000000004
 clint timer pending at mtime 0x0000000000000004
htif::tick 0x0000000000000000
mem[X,0x000000008000062C] -> 0x07B7
mem[X,0x000000008000062E] -> 0xBFFF
[400] [M]: 0x000000008000062C (0xBFFF07B7) lui a5, -0x40010
x15 <- 0xFFFFFFFFBFFF0000

mem[X,0x0000000080000630] -> 0x8793
mem[X,0x0000000080000632] -> 0x0207
[401] [M]: 0x0000000080000630 (0x02078793) addi a5, a5, 0x20
x15 <- 0xFFFFFFFFBFFF0020

mem[X,0x0000000080000634] -> 0x9793
mem[X,0x0000000080000636] -> 0x00B7
[402] [M]: 0x0000000080000634 (0x00B79793) slli a5, a5, 0xb
x15 <- 0xFFFFFDFFF8010000

mem[X,0x0000000080000638] -> 0x8793
mem[X,0x000000008000063A] -> 0x7FF7
[403] [M]: 0x0000000080000638 (0x7FF78793) addi a5, a5, 0x7ff
x15 <- 0xFFFFFDFFF80107FF

mem[X,0x000000008000063C] -> 0x9793
mem[X,0x000000008000063E] -> 0x00B7
[404] [M]: 0x000000008000063C (0x00B79793) slli a5, a5, 0xb
x15 <- 0xFFEFFFC0083FF800

mem[X,0x0000000080000640] -> 0x8793
mem[X,0x0000000080000642] -> 0x7BF7
[405] [M]: 0x0000000080000640 (0x7BF78793) addi a5, a5, 0x7bf
x15 <- 0xFFEFFFC0083FFFBF

mem[X,0x0000000080000644] -> 0x9793
mem[X,0x0000000080000646] -> 0x00A7
[406] [M]: 0x0000000080000644 (0x00A79793) slli a5, a5, 0xa
x15 <- 0xBFFF0020FFFEFC00

mem[X,0x0000000080000648] -> 0x8793
mem[X,0x000000008000064A] -> 0x3BF7
[407] [M]: 0x0000000080000648 (0x3BF78793) addi a5, a5, 0x3bf
x15 <- 0xBFFF0020FFFEFFBF

mem[X,0x000000008000064C] -> 0x00BB
mem[X,0x000000008000064E] -> 0xB8F5
[408] [M]: 0x000000008000064C (0xB8F500BB) paaddu.h ra, a0, a5
x1 <- 0xDFFB7F0FFFEE87DF

mem[X,0x0000000080000650] -> 0xB023
mem[X,0x0000000080000652] -> 0x0812
[409] [M]: 0x0000000080000650 (0x0812B023) sd ra, 0x80(t0)
mem[0x0000000080004198] <- 0xDFFB7F0FFFEE87DF

mem[X,0x0000000080000654] -> 0x0D37
mem[X,0x0000000080000656] -> 0x0000
[410] [M]: 0x0000000080000654 (0x00000D37) lui s10, 0x0
x26 <- 0x0000000000000000

mem[X,0x0000000080000658] -> 0x0D13
mem[X,0x000000008000065A] -> 0xFFCD
[411] [M]: 0x0000000080000658 (0xFFCD0D13) addi s10, s10, -0x4
x26 <- 0xFFFFFFFFFFFFFFFC

mem[X,0x000000008000065C] -> 0x1D13
mem[X,0x000000008000065E] -> 0x00BD
[412] [M]: 0x000000008000065C (0x00BD1D13) slli s10, s10, 0xb
x26 <- 0xFFFFFFFFFFFFE000

mem[X,0x0000000080000660] -> 0x0D13
mem[X,0x0000000080000662] -> 0x7FFD
[413] [M]: 0x0000000080000660 (0x7FFD0D13) addi s10, s10, 0x7ff
x26 <- 0xFFFFFFFFFFFFE7FF

mem[X,0x0000000080000664] -> 0x1D13
mem[X,0x0000000080000666] -> 0x00BD
[414] [M]: 0x0000000080000664 (0x00BD1D13) slli s10, s10, 0xb
x26 <- 0xFFFFFFFFFF3FF800

mem[X,0x0000000080000668] -> 0x0D13
mem[X,0x000000008000066A] -> 0x7C8D
[415] [M]: 0x0000000080000668 (0x7C8D0D13) addi s10, s10, 0x7c8
x26 <- 0xFFFFFFFFFF3FFFC8

mem[X,0x000000008000066C] -> 0x1D13
mem[X,0x000000008000066E] -> 0x00AD
[416] [M]: 0x000000008000066C (0x00AD1D13) slli s10, s10, 0xa
x26 <- 0xFFFFFFFCFFFF2000

mem[X,0x0000000080000670] -> 0x1A37
mem[X,0x0000000080000672] -> 0x0020
[417] [M]: 0x0000000080000670 (0x00201A37) lui s4, 0x201
x20 <- 0x0000000000201000

mem[X,0x0000000080000674] -> 0x0A13
mem[X,0x0000000080000676] -> 0x000A
[418] [M]: 0x0000000080000674 (0x000A0A13) addi s4, s4, 0x0
x20 <- 0x0000000000201000

mem[X,0x0000000080000678] -> 0x1A13
mem[X,0x000000008000067A] -> 0x00BA
[419] [M]: 0x0000000080000678 (0x00BA1A13) slli s4, s4, 0xb
x20 <- 0x0000000100800000

mem[X,0x000000008000067C] -> 0x0A13
mem[X,0x000000008000067E] -> 0x080A
[420] [M]: 0x000000008000067C (0x080A0A13) addi s4, s4, 0x80
x20 <- 0x0000000100800080

mem[X,0x0000000080000680] -> 0x1A13
mem[X,0x0000000080000682] -> 0x00BA
[421] [M]: 0x0000000080000680 (0x00BA1A13) slli s4, s4, 0xb
x20 <- 0x0000080400040000

mem[X,0x0000000080000684] -> 0x0A13
mem[X,0x0000000080000686] -> 0x004A
[422] [M]: 0x0000000080000684 (0x004A0A13) addi s4, s4, 0x4
x20 <- 0x0000080400040004

mem[X,0x0000000080000688] -> 0x1A13
mem[X,0x000000008000068A] -> 0x00AA
[423] [M]: 0x0000000080000688 (0x00AA1A13) slli s4, s4, 0xa
x20 <- 0x0020100010001000

mem[X,0x000000008000068C] -> 0x04BB
mem[X,0x000000008000068E] -> 0xB94D
[424] [M]: 0x000000008000068C (0xB94D04BB) paaddu.h s1, s10, s4
x9 <- 0x800F87FE87FF1800

mem[X,0x0000000080000690] -> 0xB423
mem[X,0x0000000080000692] -> 0x0892
[425] [M]: 0x0000000080000690 (0x0892B423) sd s1, 0x88(t0)
mem[0x00000000800041A0] <- 0x800F87FE87FF1800

mem[X,0x0000000080000694] -> 0x0237
mem[X,0x0000000080000696] -> 0xFDFF
[426] [M]: 0x0000000080000694 (0xFDFF0237) lui tp, -0x2010
x4 <- 0xFFFFFFFFFDFF0000

mem[X,0x0000000080000698] -> 0x0213
mem[X,0x000000008000069A] -> 0x0072
[427] [M]: 0x0000000080000698 (0x00720213) addi tp, tp, 0x7
x4 <- 0xFFFFFFFFFDFF0007

mem[X,0x000000008000069C] -> 0x1213
mem[X,0x000000008000069E] -> 0x00B2
[428] [M]: 0x000000008000069C (0x00B21213) slli tp, tp, 0xb
x4 <- 0xFFFFFFEFF8003800

mem[X,0x00000000800006A0] -> 0x0213
mem[X,0x00000000800006A2] -> 0x7FB2
[429] [M]: 0x00000000800006A0 (0x7FB20213) addi tp, tp, 0x7fb
x4 <- 0xFFFFFFEFF8003FFB

mem[X,0x00000000800006A4] -> 0x1213
mem[X,0x00000000800006A6] -> 0x00B2
[430] [M]: 0x00000000800006A4 (0x00B21213) slli tp, tp, 0xb
x4 <- 0xFFFF7FC001FFD800

mem[X,0x00000000800006A8] -> 0x0213
mem[X,0x00000000800006AA] -> 0x7D02
[431] [M]: 0x00000000800006A8 (0x7D020213) addi tp, tp, 0x7d0
x4 <- 0xFFFF7FC001FFDFD0

mem[X,0x00000000800006AC] -> 0x1213
mem[X,0x00000000800006AE] -> 0x00A2
[432] [M]: 0x00000000800006AC (0x00A21213) slli tp, tp, 0xa
x4 <- 0xFDFF0007FF7F4000

mem[X,0x00000000800006B0] -> 0x0937
mem[X,0x00000000800006B2] -> 0xFDFF
[433] [M]: 0x00000000800006B0 (0xFDFF0937) lui s2, -0x2010
x18 <- 0xFFFFFFFFFDFF0000

mem[X,0x00000000800006B4] -> 0x0913
mem[X,0x00000000800006B6] -> 0x0039
[434] [M]: 0x00000000800006B4 (0x00390913) addi s2, s2, 0x3
x18 <- 0xFFFFFFFFFDFF0003

mem[X,0x00000000800006B8] -> 0x1913
mem[X,0x00000000800006BA] -> 0x00B9
[435] [M]: 0x00000000800006B8 (0x00B91913) slli s2, s2, 0xb
x18 <- 0xFFFFFFEFF8001800

mem[X,0x00000000800006BC] -> 0x0913
mem[X,0x00000000800006BE] -> 0x7FF9
[436] [M]: 0x00000000800006BC (0x7FF90913) addi s2, s2, 0x7ff
x18 <- 0xFFFFFFEFF8001FFF

mem[X,0x00000000800006C0] -> 0x1913
mem[X,0x00000000800006C2] -> 0x00B9
[437] [M]: 0x00000000800006C0 (0x00B91913) slli s2, s2, 0xb
x18 <- 0xFFFF7FC000FFF800

mem[X,0x00000000800006C4] -> 0x0913
mem[X,0x00000000800006C6] -> 0x7309
[438] [M]: 0x00000000800006C4 (0x73090913) addi s2, s2, 0x730
x18 <- 0xFFFF7FC000FFFF30

mem[X,0x00000000800006C8] -> 0x1913
mem[X,0x00000000800006CA] -> 0x00A9
[439] [M]: 0x00000000800006C8 (0x00A91913) slli s2, s2, 0xa
x18 <- 0xFDFF0003FFFCC000

mem[X,0x00000000800006CC] -> 0x08BB
mem[X,0x00000000800006CE] -> 0xB922
[440] [M]: 0x00000000800006CC (0xB92208BB) paaddu.h a7, tp, s2
x17 <- 0xFDFF0005FFBD8000

mem[X,0x00000000800006D0] -> 0xB823
mem[X,0x00000000800006D2] -> 0x0912
[441] [M]: 0x00000000800006D0 (0x0912B823) sd a7, 0x90(t0)
mem[0x00000000800041A8] <- 0xFDFF0005FFBD8000

mem[X,0x00000000800006D4] -> 0x0013
mem[X,0x00000000800006D6] -> 0x0000
[442] [M]: 0x00000000800006D4 (0x00000013) addi zero, zero, 0x0

mem[X,0x00000000800006D8] -> 0x0013
mem[X,0x00000000800006DA] -> 0x0000
[443] [M]: 0x00000000800006D8 (0x00000013) addi zero, zero, 0x0

mem[X,0x00000000800006DC] -> 0x0013
mem[X,0x00000000800006DE] -> 0x0000
[444] [M]: 0x00000000800006DC (0x00000013) addi zero, zero, 0x0

mem[X,0x00000000800006E0] -> 0x4197
mem[X,0x00000000800006E2] -> 0x0000
[445] [M]: 0x00000000800006E0 (0x00004197) auipc gp, 0x4
x3 <- 0x00000000800046E0

mem[X,0x00000000800006E4] -> 0x8193
mem[X,0x00000000800006E6] -> 0xAD01
[446] [M]: 0x00000000800006E4 (0xAD018193) addi gp, gp, -0x530
x3 <- 0x00000000800041B0

mem[X,0x00000000800006E8] -> 0x0013
mem[X,0x00000000800006EA] -> 0x0000
[447] [M]: 0x00000000800006E8 (0x00000013) addi zero, zero, 0x0

mem[X,0x00000000800006EC] -> 0x0013
mem[X,0x00000000800006EE] -> 0x0000
[448] [M]: 0x00000000800006EC (0x00000013) addi zero, zero, 0x0

mem[X,0x00000000800006F0] -> 0x0013
mem[X,0x00000000800006F2] -> 0x0000
[449] [M]: 0x00000000800006F0 (0x00000013) addi zero, zero, 0x0

mem[X,0x00000000800006F4] -> 0x0013
mem[X,0x00000000800006F6] -> 0x0000
[450] [M]: 0x00000000800006F4 (0x00000013) addi zero, zero, 0x0

mem[X,0x00000000800006F8] -> 0x0013
mem[X,0x00000000800006FA] -> 0x0000
[451] [M]: 0x00000000800006F8 (0x00000013) addi zero, zero, 0x0

mem[X,0x00000000800006FC] -> 0x0013
mem[X,0x00000000800006FE] -> 0x0000
[452] [M]: 0x00000000800006FC (0x00000013) addi zero, zero, 0x0

mem[X,0x0000000080000700] -> 0x45B7
mem[X,0x0000000080000702] -> 0x4000
[453] [M]: 0x0000000080000700 (0x400045B7) lui a1, 0x40004
x11 <- 0x0000000040004000

mem[X,0x0000000080000704] -> 0x8593
mem[X,0x0000000080000706] -> 0x0005
[454] [M]: 0x0000000080000704 (0x00058593) addi a1, a1, 0x0
x11 <- 0x0000000040004000

mem[X,0x0000000080000708] -> 0x9593
mem[X,0x000000008000070A] -> 0x00B5
[455] [M]: 0x0000000080000708 (0x00B59593) slli a1, a1, 0xb
x11 <- 0x0000020002000000

mem[X,0x000000008000070C] -> 0x8593
mem[X,0x000000008000070E] -> 0x0005
[456] [M]: 0x000000008000070C (0x00058593) addi a1, a1, 0x0
x11 <- 0x0000020002000000

mem[X,0x0000000080000710] -> 0x9593
mem[X,0x0000000080000712] -> 0x00B5
[457] [M]: 0x0000000080000710 (0x00B59593) slli a1, a1, 0xb
x11 <- 0x0010001000000000

mem[X,0x0000000080000714] -> 0x8593
mem[X,0x0000000080000716] -> 0x17F5
[458] [M]: 0x0000000080000714 (0x17F58593) addi a1, a1, 0x17f
x11 <- 0x001000100000017F

mem[X,0x0000000080000718] -> 0x9593
mem[X,0x000000008000071A] -> 0x00A5
[459] [M]: 0x0000000080000718 (0x00A59593) slli a1, a1, 0xa
x11 <- 0x400040000005FC00

mem[X,0x000000008000071C] -> 0x8593
mem[X,0x000000008000071E] -> 0x3FE5
[460] [M]: 0x000000008000071C (0x3FE58593) addi a1, a1, 0x3fe
x11 <- 0x400040000005FFFE

mem[X,0x0000000080000720] -> 0xBFB7
mem[X,0x0000000080000722] -> 0x0009
[461] [M]: 0x0000000080000720 (0x0009BFB7) lui t6, 0x9b
x31 <- 0x000000000009B000

mem[X,0x0000000080000724] -> 0x8F93
mem[X,0x0000000080000726] -> 0xAAAF
[462] [M]: 0x0000000080000724 (0xAAAF8F93) addi t6, t6, -0x556
x31 <- 0x000000000009AAAA

mem[X,0x0000000080000728] -> 0x9F93
mem[X,0x000000008000072A] -> 0x00BF
[463] [M]: 0x0000000080000728 (0x00BF9F93) slli t6, t6, 0xb
x31 <- 0x000000004D555000

mem[X,0x000000008000072C] -> 0x8F93
mem[X,0x000000008000072E] -> 0x000F
[464] [M]: 0x000000008000072C (0x000F8F93) addi t6, t6, 0x0
x31 <- 0x000000004D555000

mem[X,0x0000000080000730] -> 0x9F93
mem[X,0x0000000080000732] -> 0x00BF
[465] [M]: 0x0000000080000730 (0x00BF9F93) slli t6, t6, 0xb
x31 <- 0x0000026AAA800000

mem[X,0x0000000080000734] -> 0x8F93
mem[X,0x0000000080000736] -> 0x43FF
[466] [M]: 0x0000000080000734 (0x43FF8F93) addi t6, t6, 0x43f
x31 <- 0x0000026AAA80043F

mem[X,0x0000000080000738] -> 0x9F93
mem[X,0x000000008000073A] -> 0x00AF
[467] [M]: 0x0000000080000738 (0x00AF9F93) slli t6, t6, 0xa
x31 <- 0x0009AAAA0010FC00

mem[X,0x000000008000073C] -> 0x8F93
mem[X,0x000000008000073E] -> 0x3EFF
[468] [M]: 0x000000008000073C (0x3EFF8F93) addi t6, t6, 0x3ef
x31 <- 0x0009AAAA0010FFEF

mem[X,0x0000000080000740] -> 0x843B
mem[X,0x0000000080000742] -> 0xB9F5
[469] [M]: 0x0000000080000740 (0xB9F5843B) paaddu.h fp, a1, t6
x8 <- 0x20047555000AFFF6

mem[X,0x0000000080000744] -> 0xB023
mem[X,0x0000000080000746] -> 0x0081
[470] [M]: 0x0000000080000744 (0x0081B023) sd fp, 0x0(gp)
mem[0x00000000800041B0] <- 0x20047555000AFFF6

mem[X,0x0000000080000748] -> 0x04B7
mem[X,0x000000008000074A] -> 0xFF00
[471] [M]: 0x0000000080000748 (0xFF0004B7) lui s1, -0x1000
x9 <- 0xFFFFFFFFFF000000

mem[X,0x000000008000074C] -> 0x8493
mem[X,0x000000008000074E] -> 0xFBF4
[472] [M]: 0x000000008000074C (0xFBF48493) addi s1, s1, -0x41
x9 <- 0xFFFFFFFFFEFFFFBF

mem[X,0x0000000080000750] -> 0x9493
mem[X,0x0000000080000752] -> 0x00B4
[473] [M]: 0x0000000080000750 (0x00B49493) slli s1, s1, 0xb
x9 <- 0xFFFFFFF7FFFDF800

mem[X,0x0000000080000754] -> 0x8493
mem[X,0x0000000080000756] -> 0x7FF4
[474] [M]: 0x0000000080000754 (0x7FF48493) addi s1, s1, 0x7ff
x9 <- 0xFFFFFFF7FFFDFFFF

mem[X,0x0000000080000758] -> 0x9493
mem[X,0x000000008000075A] -> 0x00B4
[475] [M]: 0x0000000080000758 (0x00B49493) slli s1, s1, 0xb
x9 <- 0xFFFFBFFFEFFFF800

mem[X,0x000000008000075C] -> 0x8493
mem[X,0x000000008000075E] -> 0x5BF4
[476] [M]: 0x000000008000075C (0x5BF48493) addi s1, s1, 0x5bf
x9 <- 0xFFFFBFFFEFFFFDBF

mem[X,0x0000000080000760] -> 0x9493
mem[X,0x0000000080000762] -> 0x00A4
[477] [M]: 0x0000000080000760 (0x00A49493) slli s1, s1, 0xa
x9 <- 0xFEFFFFBFFFF6FC00

mem[X,0x0000000080000764] -> 0x8493
mem[X,0x0000000080000766] -> 0x3FD4
[478] [M]: 0x0000000080000764 (0x3FD48493) addi s1, s1, 0x3fd
x9 <- 0xFEFFFFBFFFF6FFFD

mem[X,0x0000000080000768] -> 0x0E37
mem[X,0x000000008000076A] -> 0xE000
[479] [M]: 0x0000000080000768 (0xE0000E37) lui t3, -0x20000
x28 <- 0xFFFFFFFFE0000000

mem[X,0x000000008000076C] -> 0x0E13
mem[X,0x000000008000076E] -> 0xFFAE
[480] [M]: 0x000000008000076C (0xFFAE0E13) addi t3, t3, -0x6
x28 <- 0xFFFFFFFFDFFFFFFA

mem[X,0x0000000080000770] -> 0x1E13
mem[X,0x0000000080000772] -> 0x00BE
[481] [M]: 0x0000000080000770 (0x00BE1E13) slli t3, t3, 0xb
x28 <- 0xFFFFFEFFFFFFD000

mem[X,0x0000000080000774] -> 0x0E13
mem[X,0x0000000080000776] -> 0x001E
[482] [M]: 0x0000000080000774 (0x001E0E13) addi t3, t3, 0x1
x28 <- 0xFFFFFEFFFFFFD001

mem[X,0x0000000080000778] -> 0x1E13
mem[X,0x000000008000077A] -> 0x00BE
[483] [M]: 0x0000000080000778 (0x00BE1E13) slli t3, t3, 0xb
x28 <- 0xFFF7FFFFFE800800

mem[X,0x000000008000077C] -> 0x0E13
mem[X,0x000000008000077E] -> 0x000E
[484] [M]: 0x000000008000077C (0x000E0E13) addi t3, t3, 0x0
x28 <- 0xFFF7FFFFFE800800

mem[X,0x0000000080000780] -> 0x1E13
mem[X,0x0000000080000782] -> 0x00AE
[485] [M]: 0x0000000080000780 (0x00AE1E13) slli t3, t3, 0xa
x28 <- 0xDFFFFFFA00200000

mem[X,0x0000000080000784] -> 0x0E13
mem[X,0x0000000080000786] -> 0x100E
[486] [M]: 0x0000000080000784 (0x100E0E13) addi t3, t3, 0x100
x28 <- 0xDFFFFFFA00200100

mem[X,0x0000000080000788] -> 0x893B
mem[X,0x000000008000078A] -> 0xB9C4
[487] [M]: 0x0000000080000788 (0xB9C4893B) paaddu.h s2, s1, t3
x18 <- 0xEF7FFFDC800B807E

mem[X,0x000000008000078C] -> 0xB423
mem[X,0x000000008000078E] -> 0x0121
[488] [M]: 0x000000008000078C (0x0121B423) sd s2, 0x8(gp)
mem[0x00000000800041B8] <- 0xEF7FFFDC800B807E

mem[X,0x0000000080000790] -> 0x0437
mem[X,0x0000000080000792] -> 0x0002
[489] [M]: 0x0000000080000790 (0x00020437) lui fp, 0x20
x8 <- 0x0000000000020000

mem[X,0x0000000080000794] -> 0x0413
mem[X,0x0000000080000796] -> 0x0074
[490] [M]: 0x0000000080000794 (0x00740413) addi fp, fp, 0x7
x8 <- 0x0000000000020007

mem[X,0x0000000080000798] -> 0x1413
mem[X,0x000000008000079A] -> 0x00B4
[491] [M]: 0x0000000080000798 (0x00B41413) slli fp, fp, 0xb
x8 <- 0x0000000010003800

mem[X,0x000000008000079C] -> 0x0413
mem[X,0x000000008000079E] -> 0x5FF4
[492] [M]: 0x000000008000079C (0x5FF40413) addi fp, fp, 0x5ff
x8 <- 0x0000000010003DFF

mem[X,0x00000000800007A0] -> 0x1413
mem[X,0x00000000800007A2] -> 0x00B4
[493] [M]: 0x00000000800007A0 (0x00B41413) slli fp, fp, 0xb
x8 <- 0x0000008001EFF800

mem[X,0x00000000800007A4] -> 0x0413
mem[X,0x00000000800007A6] -> 0x7FF4
[494] [M]: 0x00000000800007A4 (0x7FF40413) addi fp, fp, 0x7ff
x8 <- 0x0000008001EFFFFF

mem[X,0x00000000800007A8] -> 0x1413
mem[X,0x00000000800007AA] -> 0x00A4
[495] [M]: 0x00000000800007A8 (0x00A41413) slli fp, fp, 0xa
x8 <- 0x00020007BFFFFC00

mem[X,0x00000000800007AC] -> 0x0413
mem[X,0x00000000800007AE] -> 0x3FB4
[496] [M]: 0x00000000800007AC (0x3FB40413) addi fp, fp, 0x3fb
x8 <- 0x00020007BFFFFFFB

mem[X,0x00000000800007B0] -> 0x05B7
mem[X,0x00000000800007B2] -> 0x0009
[497] [M]: 0x00000000800007B0 (0x000905B7) lui a1, 0x90
x11 <- 0x0000000000090000

mem[X,0x00000000800007B4] -> 0x8593
mem[X,0x00000000800007B6] -> 0xFFB5
[498] [M]: 0x00000000800007B4 (0xFFB58593) addi a1, a1, -0x5
x11 <- 0x000000000008FFFB

mem[X,0x00000000800007B8] -> 0x9593
mem[X,0x00000000800007BA] -> 0x00B5
[499] [M]: 0x00000000800007B8 (0x00B59593) slli a1, a1, 0xb
x11 <- 0x0000000047FFD800

clint::tick mtime <- 0x0000000000000005
 clint timer pending at mtime 0x0000000000000005
htif::tick 0x0000000000000000
mem[X,0x00000000800007BC] -> 0x8593
mem[X,0x00000000800007BE] -> 0x77F5
[500] [M]: 0x00000000800007BC (0x77F58593) addi a1, a1, 0x77f
x11 <- 0x0000000047FFDF7F

mem[X,0x00000000800007C0] -> 0x9593
mem[X,0x00000000800007C2] -> 0x00B5
[501] [M]: 0x00000000800007C0 (0x00B59593) slli a1, a1, 0xb
x11 <- 0x0000023FFEFBF800

mem[X,0x00000000800007C4] -> 0x8593
mem[X,0x00000000800007C6] -> 0x7CF5
[502] [M]: 0x00000000800007C4 (0x7CF58593) addi a1, a1, 0x7cf
x11 <- 0x0000023FFEFBFFCF

mem[X,0x00000000800007C8] -> 0x9593
mem[X,0x00000000800007CA] -> 0x00A5
[503] [M]: 0x00000000800007C8 (0x00A59593) slli a1, a1, 0xa
x11 <- 0x0008FFFBEFFF3C00

mem[X,0x00000000800007CC] -> 0x8593
mem[X,0x00000000800007CE] -> 0x3FF5
[504] [M]: 0x00000000800007CC (0x3FF58593) addi a1, a1, 0x3ff
x11 <- 0x0008FFFBEFFF3FFF

mem[X,0x00000000800007D0] -> 0x023B
mem[X,0x00000000800007D2] -> 0xB8B4
[505] [M]: 0x00000000800007D0 (0xB8B4023B) paaddu.h tp, fp, a1
x4 <- 0x00058001D7FF9FFD

mem[X,0x00000000800007D4] -> 0xB823
mem[X,0x00000000800007D6] -> 0x0041
[506] [M]: 0x00000000800007D4 (0x0041B823) sd tp, 0x10(gp)
mem[0x00000000800041C0] <- 0x00058001D7FF9FFD

mem[X,0x00000000800007D8] -> 0x0937
mem[X,0x00000000800007DA] -> 0x0005
[507] [M]: 0x00000000800007D8 (0x00050937) lui s2, 0x50
x18 <- 0x0000000000050000

mem[X,0x00000000800007DC] -> 0x0913
mem[X,0x00000000800007DE] -> 0x0019
[508] [M]: 0x00000000800007DC (0x00190913) addi s2, s2, 0x1
x18 <- 0x0000000000050001

mem[X,0x00000000800007E0] -> 0x1913
mem[X,0x00000000800007E2] -> 0x00B9
[509] [M]: 0x00000000800007E0 (0x00B91913) slli s2, s2, 0xb
x18 <- 0x0000000028000800

mem[X,0x00000000800007E4] -> 0x0913
mem[X,0x00000000800007E6] -> 0x0109
[510] [M]: 0x00000000800007E4 (0x01090913) addi s2, s2, 0x10
x18 <- 0x0000000028000810

mem[X,0x00000000800007E8] -> 0x1913
mem[X,0x00000000800007EA] -> 0x00B9
[511] [M]: 0x00000000800007E8 (0x00B91913) slli s2, s2, 0xb
x18 <- 0x0000014000408000

mem[X,0x00000000800007EC] -> 0x0913
mem[X,0x00000000800007EE] -> 0x03F9
[512] [M]: 0x00000000800007EC (0x03F90913) addi s2, s2, 0x3f
x18 <- 0x000001400040803F

mem[X,0x00000000800007F0] -> 0x1913
mem[X,0x00000000800007F2] -> 0x00A9
[513] [M]: 0x00000000800007F0 (0x00A91913) slli s2, s2, 0xa
x18 <- 0x000500010200FC00

mem[X,0x00000000800007F4] -> 0x0913
mem[X,0x00000000800007F6] -> 0x3F79
[514] [M]: 0x00000000800007F4 (0x3F790913) addi s2, s2, 0x3f7
x18 <- 0x000500010200FFF7

mem[X,0x00000000800007F8] -> 0x02B7
mem[X,0x00000000800007FA] -> 0x0011
[515] [M]: 0x00000000800007F8 (0x001102B7) lui t0, 0x110
x5 <- 0x0000000000110000

mem[X,0x00000000800007FC] -> 0x8293
mem[X,0x00000000800007FE] -> 0xFFF2
[516] [M]: 0x00000000800007FC (0xFFF28293) addi t0, t0, -0x1
x5 <- 0x000000000010FFFF

mem[X,0x0000000080000800] -> 0x9293
mem[X,0x0000000080000802] -> 0x00B2
[517] [M]: 0x0000000080000800 (0x00B29293) slli t0, t0, 0xb
x5 <- 0x0000000087FFF800

mem[X,0x0000000080000804] -> 0x8293
mem[X,0x0000000080000806] -> 0x2AA2
[518] [M]: 0x0000000080000804 (0x2AA28293) addi t0, t0, 0x2aa
x5 <- 0x0000000087FFFAAA

mem[X,0x0000000080000808] -> 0x9293
mem[X,0x000000008000080A] -> 0x00B2
[519] [M]: 0x0000000080000808 (0x00B29293) slli t0, t0, 0xb
x5 <- 0x0000043FFFD55000

mem[X,0x000000008000080C] -> 0x8293
mem[X,0x000000008000080E] -> 0x5482
[520] [M]: 0x000000008000080C (0x54828293) addi t0, t0, 0x548
x5 <- 0x0000043FFFD55548

mem[X,0x0000000080000810] -> 0x9293
mem[X,0x0000000080000812] -> 0x00A2
[521] [M]: 0x0000000080000810 (0x00A29293) slli t0, t0, 0xa
x5 <- 0x0010FFFF55552000

mem[X,0x0000000080000814] -> 0x0E3B
mem[X,0x0000000080000816] -> 0xB859
[522] [M]: 0x0000000080000814 (0xB8590E3B) paaddu.h t3, s2, t0
x28 <- 0x000A80002BAA8FFB

mem[X,0x0000000080000818] -> 0xBC23
mem[X,0x000000008000081A] -> 0x01C1
[523] [M]: 0x0000000080000818 (0x01C1BC23) sd t3, 0x18(gp)
mem[0x00000000800041C8] <- 0x000A80002BAA8FFB

mem[X,0x000000008000081C] -> 0x0BB7
mem[X,0x000000008000081E] -> 0x7FFF
[524] [M]: 0x000000008000081C (0x7FFF0BB7) lui s7, 0x7fff0
x23 <- 0x000000007FFF0000

mem[X,0x0000000080000820] -> 0x8B93
mem[X,0x0000000080000822] -> 0x004B
[525] [M]: 0x0000000080000820 (0x004B8B93) addi s7, s7, 0x4
x23 <- 0x000000007FFF0004

mem[X,0x0000000080000824] -> 0x9B93
mem[X,0x0000000080000826] -> 0x00BB
[526] [M]: 0x0000000080000824 (0x00BB9B93) slli s7, s7, 0xb
x23 <- 0x000003FFF8002000

mem[X,0x0000000080000828] -> 0x8B93
mem[X,0x000000008000082A] -> 0x000B
[527] [M]: 0x0000000080000828 (0x000B8B93) addi s7, s7, 0x0
x23 <- 0x000003FFF8002000

mem[X,0x000000008000082C] -> 0x9B93
mem[X,0x000000008000082E] -> 0x00BB
[528] [M]: 0x000000008000082C (0x00BB9B93) slli s7, s7, 0xb
x23 <- 0x001FFFC001000000

mem[X,0x0000000080000830] -> 0x8B93
mem[X,0x0000000080000832] -> 0x03FB
[529] [M]: 0x0000000080000830 (0x03FB8B93) addi s7, s7, 0x3f
x23 <- 0x001FFFC00100003F

mem[X,0x0000000080000834] -> 0x9B93
mem[X,0x0000000080000836] -> 0x00AB
[530] [M]: 0x0000000080000834 (0x00AB9B93) slli s7, s7, 0xa
x23 <- 0x7FFF00040000FC00

mem[X,0x0000000080000838] -> 0x8B93
mem[X,0x000000008000083A] -> 0x3EFB
[531] [M]: 0x0000000080000838 (0x3EFB8B93) addi s7, s7, 0x3ef
x23 <- 0x7FFF00040000FFEF

mem[X,0x000000008000083C] -> 0x0437
mem[X,0x000000008000083E] -> 0xBFFF
[532] [M]: 0x000000008000083C (0xBFFF0437) lui fp, -0x40010
x8 <- 0xFFFFFFFFBFFF0000

mem[X,0x0000000080000840] -> 0x0413
mem[X,0x0000000080000842] -> 0x0034
[533] [M]: 0x0000000080000840 (0x00340413) addi fp, fp, 0x3
x8 <- 0xFFFFFFFFBFFF0003

mem[X,0x0000000080000844] -> 0x1413
mem[X,0x0000000080000846] -> 0x00B4
[534] [M]: 0x0000000080000844 (0x00B41413) slli fp, fp, 0xb
x8 <- 0xFFFFFDFFF8001800

mem[X,0x0000000080000848] -> 0x0413
mem[X,0x000000008000084A] -> 0x7FF4
[535] [M]: 0x0000000080000848 (0x7FF40413) addi fp, fp, 0x7ff
x8 <- 0xFFFFFDFFF8001FFF

mem[X,0x000000008000084C] -> 0x1413
mem[X,0x000000008000084E] -> 0x00B4
[536] [M]: 0x000000008000084C (0x00B41413) slli fp, fp, 0xb
x8 <- 0xFFEFFFC000FFF800

mem[X,0x0000000080000850] -> 0x0413
mem[X,0x0000000080000852] -> 0x5C04
[537] [M]: 0x0000000080000850 (0x5C040413) addi fp, fp, 0x5c0
x8 <- 0xFFEFFFC000FFFDC0

mem[X,0x0000000080000854] -> 0x1413
mem[X,0x0000000080000856] -> 0x00A4
[538] [M]: 0x0000000080000854 (0x00A41413) slli fp, fp, 0xa
x8 <- 0xBFFF0003FFF70000

mem[X,0x0000000080000858] -> 0x0413
mem[X,0x000000008000085A] -> 0x0074
[539] [M]: 0x0000000080000858 (0x00740413) addi fp, fp, 0x7
x8 <- 0xBFFF0003FFF70007

mem[X,0x000000008000085C] -> 0x8F3B
mem[X,0x000000008000085E] -> 0xB88B
[540] [M]: 0x000000008000085C (0xB88B8F3B) paaddu.h t5, s7, fp
x30 <- 0x9FFF00037FFB7FFB

mem[X,0x0000000080000860] -> 0xB023
mem[X,0x0000000080000862] -> 0x03E1
[541] [M]: 0x0000000080000860 (0x03E1B023) sd t5, 0x20(gp)
mem[0x00000000800041D0] <- 0x9FFF00037FFB7FFB

mem[X,0x0000000080000864] -> 0x1837
mem[X,0x0000000080000866] -> 0x0040
[542] [M]: 0x0000000080000864 (0x00401837) lui a6, 0x401
x16 <- 0x0000000000401000

mem[X,0x0000000080000868] -> 0x0813
mem[X,0x000000008000086A] -> 0x8008
[543] [M]: 0x0000000080000868 (0x80080813) addi a6, a6, -0x800
x16 <- 0x0000000000400800

mem[X,0x000000008000086C] -> 0x1813
mem[X,0x000000008000086E] -> 0x00B8
[544] [M]: 0x000000008000086C (0x00B81813) slli a6, a6, 0xb
x16 <- 0x0000000200400000

mem[X,0x0000000080000870] -> 0x0813
mem[X,0x0000000080000872] -> 0x0108
[545] [M]: 0x0000000080000870 (0x01080813) addi a6, a6, 0x10
x16 <- 0x0000000200400010

mem[X,0x0000000080000874] -> 0x1813
mem[X,0x0000000080000876] -> 0x00B8
[546] [M]: 0x0000000080000874 (0x00B81813) slli a6, a6, 0xb
x16 <- 0x0000100200008000

mem[X,0x0000000080000878] -> 0x0813
mem[X,0x000000008000087A] -> 0x03F8
[547] [M]: 0x0000000080000878 (0x03F80813) addi a6, a6, 0x3f
x16 <- 0x000010020000803F

mem[X,0x000000008000087C] -> 0x1813
mem[X,0x000000008000087E] -> 0x00A8
[548] [M]: 0x000000008000087C (0x00A81813) slli a6, a6, 0xa
x16 <- 0x004008000200FC00

mem[X,0x0000000080000880] -> 0x0813
mem[X,0x0000000080000882] -> 0x3DF8
[549] [M]: 0x0000000080000880 (0x3DF80813) addi a6, a6, 0x3df
x16 <- 0x004008000200FFDF

mem[X,0x0000000080000884] -> 0x0F37
mem[X,0x0000000080000886] -> 0xFEFF
[550] [M]: 0x0000000080000884 (0xFEFF0F37) lui t5, -0x1010
x30 <- 0xFFFFFFFFFEFF0000

mem[X,0x0000000080000888] -> 0x0F13
mem[X,0x000000008000088A] -> 0x005F
[551] [M]: 0x0000000080000888 (0x005F0F13) addi t5, t5, 0x5
x30 <- 0xFFFFFFFFFEFF0005

mem[X,0x000000008000088C] -> 0x1F13
mem[X,0x000000008000088E] -> 0x00BF
[552] [M]: 0x000000008000088C (0x00BF1F13) slli t5, t5, 0xb
x30 <- 0xFFFFFFF7F8002800

mem[X,0x0000000080000890] -> 0x0F13
mem[X,0x0000000080000892] -> 0x000F
[553] [M]: 0x0000000080000890 (0x000F0F13) addi t5, t5, 0x0
x30 <- 0xFFFFFFF7F8002800

mem[X,0x0000000080000894] -> 0x1F13
mem[X,0x0000000080000896] -> 0x00BF
[554] [M]: 0x0000000080000894 (0x00BF1F13) slli t5, t5, 0xb
x30 <- 0xFFFFBFC001400000

mem[X,0x0000000080000898] -> 0x0F13
mem[X,0x000000008000089A] -> 0x000F
[555] [M]: 0x0000000080000898 (0x000F0F13) addi t5, t5, 0x0
x30 <- 0xFFFFBFC001400000

mem[X,0x000000008000089C] -> 0x1F13
mem[X,0x000000008000089E] -> 0x00AF
[556] [M]: 0x000000008000089C (0x00AF1F13) slli t5, t5, 0xa
x30 <- 0xFEFF000500000000

mem[X,0x00000000800008A0] -> 0x0F13
mem[X,0x00000000800008A2] -> 0x008F
[557] [M]: 0x00000000800008A0 (0x008F0F13) addi t5, t5, 0x8
x30 <- 0xFEFF000500000008

mem[X,0x00000000800008A4] -> 0x0BBB
mem[X,0x00000000800008A6] -> 0xB9E8
[558] [M]: 0x00000000800008A4 (0xB9E80BBB) paaddu.h s7, a6, t5
x23 <- 0x7F9F040201007FF3

mem[X,0x00000000800008A8] -> 0xB423
mem[X,0x00000000800008AA] -> 0x0371
[559] [M]: 0x00000000800008A8 (0x0371B423) sd s7, 0x28(gp)
mem[0x00000000800041D8] <- 0x7F9F040201007FF3

mem[X,0x00000000800008AC] -> 0x0F37
mem[X,0x00000000800008AE] -> 0xFF7F
[560] [M]: 0x00000000800008AC (0xFF7F0F37) lui t5, -0x810
x30 <- 0xFFFFFFFFFF7F0000

mem[X,0x00000000800008B0] -> 0x0F13
mem[X,0x00000000800008B2] -> 0x008F
[561] [M]: 0x00000000800008B0 (0x008F0F13) addi t5, t5, 0x8
x30 <- 0xFFFFFFFFFF7F0008

mem[X,0x00000000800008B4] -> 0x1F13
mem[X,0x00000000800008B6] -> 0x00BF
[562] [M]: 0x00000000800008B4 (0x00BF1F13) slli t5, t5, 0xb
x30 <- 0xFFFFFFFBF8004000

mem[X,0x00000000800008B8] -> 0x0F13
mem[X,0x00000000800008BA] -> 0x7FDF
[563] [M]: 0x00000000800008B8 (0x7FDF0F13) addi t5, t5, 0x7fd
x30 <- 0xFFFFFFFBF80047FD

mem[X,0x00000000800008BC] -> 0x1F13
mem[X,0x00000000800008BE] -> 0x00BF
[564] [M]: 0x00000000800008BC (0x00BF1F13) slli t5, t5, 0xb
x30 <- 0xFFFFDFC0023FE800

mem[X,0x00000000800008C0] -> 0x0F13
mem[X,0x00000000800008C2] -> 0x7FFF
[565] [M]: 0x00000000800008C0 (0x7FFF0F13) addi t5, t5, 0x7ff
x30 <- 0xFFFFDFC0023FEFFF

mem[X,0x00000000800008C4] -> 0x1F13
mem[X,0x00000000800008C6] -> 0x00AF
[566] [M]: 0x00000000800008C4 (0x00AF1F13) slli t5, t5, 0xa
x30 <- 0xFF7F0008FFBFFC00

mem[X,0x00000000800008C8] -> 0x0F13
mem[X,0x00000000800008CA] -> 0x3BFF
[567] [M]: 0x00000000800008C8 (0x3BFF0F13) addi t5, t5, 0x3bf
x30 <- 0xFF7F0008FFBFFFBF

mem[X,0x00000000800008CC] -> 0x0C37
mem[X,0x00000000800008CE] -> 0xE000
[568] [M]: 0x00000000800008CC (0xE0000C37) lui s8, -0x20000
x24 <- 0xFFFFFFFFE0000000

mem[X,0x00000000800008D0] -> 0x0C13
mem[X,0x00000000800008D2] -> 0xEFFC
[569] [M]: 0x00000000800008D0 (0xEFFC0C13) addi s8, s8, -0x101
x24 <- 0xFFFFFFFFDFFFFEFF

mem[X,0x00000000800008D4] -> 0x1C13
mem[X,0x00000000800008D6] -> 0x00BC
[570] [M]: 0x00000000800008D4 (0x00BC1C13) slli s8, s8, 0xb
x24 <- 0xFFFFFEFFFFF7F800

mem[X,0x00000000800008D8] -> 0x0C13
mem[X,0x00000000800008DA] -> 0x008C
[571] [M]: 0x00000000800008D8 (0x008C0C13) addi s8, s8, 0x8
x24 <- 0xFFFFFEFFFFF7F808

mem[X,0x00000000800008DC] -> 0x1C13
mem[X,0x00000000800008DE] -> 0x00BC
[572] [M]: 0x00000000800008DC (0x00BC1C13) slli s8, s8, 0xb
x24 <- 0xFFF7FFFFBFC04000

mem[X,0x00000000800008E0] -> 0x0C13
mem[X,0x00000000800008E2] -> 0x03FC
[573] [M]: 0x00000000800008E0 (0x03FC0C13) addi s8, s8, 0x3f
x24 <- 0xFFF7FFFFBFC0403F

mem[X,0x00000000800008E4] -> 0x1C13
mem[X,0x00000000800008E6] -> 0x00AC
[574] [M]: 0x00000000800008E4 (0x00AC1C13) slli s8, s8, 0xa
x24 <- 0xDFFFFEFF0100FC00

mem[X,0x00000000800008E8] -> 0x0C13
mem[X,0x00000000800008EA] -> 0x3BFC
[575] [M]: 0x00000000800008E8 (0x3BFC0C13) addi s8, s8, 0x3bf
x24 <- 0xDFFFFEFF0100FFBF

mem[X,0x00000000800008EC] -> 0x03BB
mem[X,0x00000000800008EE] -> 0xB98F
[576] [M]: 0x00000000800008EC (0xB98F03BB) paaddu.h t2, t5, s8
x7 <- 0xEFBF7F83805FFFBF

mem[X,0x00000000800008F0] -> 0xB823
mem[X,0x00000000800008F2] -> 0x0271
[577] [M]: 0x00000000800008F0 (0x0271B823) sd t2, 0x30(gp)
mem[0x00000000800041E0] <- 0xEFBF7F83805FFFBF

mem[X,0x00000000800008F4] -> 0xB2B7
mem[X,0x00000000800008F6] -> 0xEFFF
[578] [M]: 0x00000000800008F4 (0xEFFFB2B7) lui t0, -0x10005
x5 <- 0xFFFFFFFFEFFFB000

mem[X,0x00000000800008F8] -> 0x8293
mem[X,0x00000000800008FA] -> 0xAAA2
[579] [M]: 0x00000000800008F8 (0xAAA28293) addi t0, t0, -0x556
x5 <- 0xFFFFFFFFEFFFAAAA

mem[X,0x00000000800008FC] -> 0x9293
mem[X,0x00000000800008FE] -> 0x00B2
[580] [M]: 0x00000000800008FC (0x00B29293) slli t0, t0, 0xb
x5 <- 0xFFFFFF7FFD555000

mem[X,0x0000000080000900] -> 0x8293
mem[X,0x0000000080000902] -> 0x0202
[581] [M]: 0x0000000080000900 (0x02028293) addi t0, t0, 0x20
x5 <- 0xFFFFFF7FFD555020

mem[X,0x0000000080000904] -> 0x9293
mem[X,0x0000000080000906] -> 0x00B2
[582] [M]: 0x0000000080000904 (0x00B29293) slli t0, t0, 0xb
x5 <- 0xFFFBFFEAAA810000

mem[X,0x0000000080000908] -> 0x8293
mem[X,0x000000008000090A] -> 0x03F2
[583] [M]: 0x0000000080000908 (0x03F28293) addi t0, t0, 0x3f
x5 <- 0xFFFBFFEAAA81003F

mem[X,0x000000008000090C] -> 0x9293
mem[X,0x000000008000090E] -> 0x00A2
[584] [M]: 0x000000008000090C (0x00A29293) slli t0, t0, 0xa
x5 <- 0xEFFFAAAA0400FC00

mem[X,0x0000000080000910] -> 0x8293
mem[X,0x0000000080000912] -> 0x37F2
[585] [M]: 0x0000000080000910 (0x37F28293) addi t0, t0, 0x37f
x5 <- 0xEFFFAAAA0400FF7F

mem[X,0x0000000080000914] -> 0x0AB7
mem[X,0x0000000080000916] -> 0xF000
[586] [M]: 0x0000000080000914 (0xF0000AB7) lui s5, -0x10000
x21 <- 0xFFFFFFFFF0000000

mem[X,0x0000000080000918] -> 0x8A93
mem[X,0x000000008000091A] -> 0xFFBA
[587] [M]: 0x0000000080000918 (0xFFBA8A93) addi s5, s5, -0x5
x21 <- 0xFFFFFFFFEFFFFFFB

mem[X,0x000000008000091C] -> 0x9A93
mem[X,0x000000008000091E] -> 0x00BA
[588] [M]: 0x000000008000091C (0x00BA9A93) slli s5, s5, 0xb
x21 <- 0xFFFFFF7FFFFFD800

mem[X,0x0000000080000920] -> 0x8A93
mem[X,0x0000000080000922] -> 0x7FFA
[589] [M]: 0x0000000080000920 (0x7FFA8A93) addi s5, s5, 0x7ff
x21 <- 0xFFFFFF7FFFFFDFFF

mem[X,0x0000000080000924] -> 0x9A93
mem[X,0x0000000080000926] -> 0x00BA
[590] [M]: 0x0000000080000924 (0x00BA9A93) slli s5, s5, 0xb
x21 <- 0xFFFBFFFFFEFFF800

mem[X,0x0000000080000928] -> 0x8A93
mem[X,0x000000008000092A] -> 0x5C0A
[591] [M]: 0x0000000080000928 (0x5C0A8A93) addi s5, s5, 0x5c0
x21 <- 0xFFFBFFFFFEFFFDC0

mem[X,0x000000008000092C] -> 0x9A93
mem[X,0x000000008000092E] -> 0x00AA
[592] [M]: 0x000000008000092C (0x00AA9A93) slli s5, s5, 0xa
x21 <- 0xEFFFFFFBFFF70000

mem[X,0x0000000080000930] -> 0x8A93
mem[X,0x0000000080000932] -> 0x001A
[593] [M]: 0x0000000080000930 (0x001A8A93) addi s5, s5, 0x1
x21 <- 0xEFFFFFFBFFF70001

mem[X,0x0000000080000934] -> 0x8B3B
mem[X,0x0000000080000936] -> 0xB952
[594] [M]: 0x0000000080000934 (0xB9528B3B) paaddu.h s6, t0, s5
x22 <- 0xEFFFD55281FB7FC0

mem[X,0x0000000080000938] -> 0xBC23
mem[X,0x000000008000093A] -> 0x0361
[595] [M]: 0x0000000080000938 (0x0361BC23) sd s6, 0x38(gp)
mem[0x00000000800041E8] <- 0xEFFFD55281FB7FC0

mem[X,0x000000008000093C] -> 0x0C37
mem[X,0x000000008000093E] -> 0xFFEF
[596] [M]: 0x000000008000093C (0xFFEF0C37) lui s8, -0x110
x24 <- 0xFFFFFFFFFFEF0000

mem[X,0x0000000080000940] -> 0x0C13
mem[X,0x0000000080000942] -> 0x005C
[597] [M]: 0x0000000080000940 (0x005C0C13) addi s8, s8, 0x5
x24 <- 0xFFFFFFFFFFEF0005

mem[X,0x0000000080000944] -> 0x1C13
mem[X,0x0000000080000946] -> 0x00BC
[598] [M]: 0x0000000080000944 (0x00BC1C13) slli s8, s8, 0xb
x24 <- 0xFFFFFFFF78002800

mem[X,0x0000000080000948] -> 0x0C13
mem[X,0x000000008000094A] -> 0x040C
[599] [M]: 0x0000000080000948 (0x040C0C13) addi s8, s8, 0x40
x24 <- 0xFFFFFFFF78002840

clint::tick mtime <- 0x0000000000000006
 clint timer pending at mtime 0x0000000000000006
htif::tick 0x0000000000000000
mem[X,0x000000008000094C] -> 0x1C13
mem[X,0x000000008000094E] -> 0x00BC
[600] [M]: 0x000000008000094C (0x00BC1C13) slli s8, s8, 0xb
x24 <- 0xFFFFFBC001420000

mem[X,0x0000000080000950] -> 0x0C13
mem[X,0x0000000080000952] -> 0x03FC
[601] [M]: 0x0000000080000950 (0x03FC0C13) addi s8, s8, 0x3f
x24 <- 0xFFFFFBC00142003F

mem[X,0x0000000080000954] -> 0x1C13
mem[X,0x0000000080000956] -> 0x00AC
[602] [M]: 0x0000000080000954 (0x00AC1C13) slli s8, s8, 0xa
x24 <- 0xFFEF00050800FC00

mem[X,0x0000000080000958] -> 0x0C13
mem[X,0x000000008000095A] -> 0x2FFC
[603] [M]: 0x0000000080000958 (0x2FFC0C13) addi s8, s8, 0x2ff
x24 <- 0xFFEF00050800FEFF

mem[X,0x000000008000095C] -> 0x0037
mem[X,0x000000008000095E] -> 0x5555
[604] [M]: 0x000000008000095C (0x55550037) lui zero, 0x55550

mem[X,0x0000000080000960] -> 0x0013
mem[X,0x0000000080000962] -> 0x0040
[605] [M]: 0x0000000080000960 (0x00400013) addi zero, zero, 0x4

mem[X,0x0000000080000964] -> 0x1013
mem[X,0x0000000080000966] -> 0x00B0
[606] [M]: 0x0000000080000964 (0x00B01013) slli zero, zero, 0xb

mem[X,0x0000000080000968] -> 0x0013
mem[X,0x000000008000096A] -> 0x6FF0
[607] [M]: 0x0000000080000968 (0x6FF00013) addi zero, zero, 0x6ff

mem[X,0x000000008000096C] -> 0x1013
mem[X,0x000000008000096E] -> 0x00B0
[608] [M]: 0x000000008000096C (0x00B01013) slli zero, zero, 0xb

mem[X,0x0000000080000970] -> 0x0013
mem[X,0x0000000080000972] -> 0x7F70
[609] [M]: 0x0000000080000970 (0x7F700013) addi zero, zero, 0x7f7

mem[X,0x0000000080000974] -> 0x1013
mem[X,0x0000000080000976] -> 0x00A0
[610] [M]: 0x0000000080000974 (0x00A01013) slli zero, zero, 0xa

mem[X,0x0000000080000978] -> 0x0013
mem[X,0x000000008000097A] -> 0x3FF0
[611] [M]: 0x0000000080000978 (0x3FF00013) addi zero, zero, 0x3ff

mem[X,0x000000008000097C] -> 0x05BB
mem[X,0x000000008000097E] -> 0xB80C
[612] [M]: 0x000000008000097C (0xB80C05BB) paaddu.h a1, s8, zero
x11 <- 0x7FF7000204007F7F

mem[X,0x0000000080000980] -> 0xB023
mem[X,0x0000000080000982] -> 0x04B1
[613] [M]: 0x0000000080000980 (0x04B1B023) sd a1, 0x40(gp)
mem[0x00000000800041F0] <- 0x7FF7000204007F7F

mem[X,0x0000000080000984] -> 0x0737
mem[X,0x0000000080000986] -> 0x0010
[614] [M]: 0x0000000080000984 (0x00100737) lui a4, 0x100
x14 <- 0x0000000000100000

mem[X,0x0000000080000988] -> 0x0713
mem[X,0x000000008000098A] -> 0x0017
[615] [M]: 0x0000000080000988 (0x00170713) addi a4, a4, 0x1
x14 <- 0x0000000000100001

mem[X,0x000000008000098C] -> 0x1713
mem[X,0x000000008000098E] -> 0x00B7
[616] [M]: 0x000000008000098C (0x00B71713) slli a4, a4, 0xb
x14 <- 0x0000000080000800

mem[X,0x0000000080000990] -> 0x0713
mem[X,0x0000000080000992] -> 0x7FF7
[617] [M]: 0x0000000080000990 (0x7FF70713) addi a4, a4, 0x7ff
x14 <- 0x0000000080000FFF

mem[X,0x0000000080000994] -> 0x1713
mem[X,0x0000000080000996] -> 0x00B7
[618] [M]: 0x0000000080000994 (0x00B71713) slli a4, a4, 0xb
x14 <- 0x00000400007FF800

mem[X,0x0000000080000998] -> 0x0713
mem[X,0x000000008000099A] -> 0x77F7
[619] [M]: 0x0000000080000998 (0x77F70713) addi a4, a4, 0x77f
x14 <- 0x00000400007FFF7F

mem[X,0x000000008000099C] -> 0x1713
mem[X,0x000000008000099E] -> 0x00A7
[620] [M]: 0x000000008000099C (0x00A71713) slli a4, a4, 0xa
x14 <- 0x00100001FFFDFC00

mem[X,0x00000000800009A0] -> 0x0713
mem[X,0x00000000800009A2] -> 0x1FF7
[621] [M]: 0x00000000800009A0 (0x1FF70713) addi a4, a4, 0x1ff
x14 <- 0x00100001FFFDFDFF

mem[X,0x00000000800009A4] -> 0x0237
mem[X,0x00000000800009A6] -> 0x0801
[622] [M]: 0x00000000800009A4 (0x08010237) lui tp, 0x8010
x4 <- 0x0000000008010000

mem[X,0x00000000800009A8] -> 0x0213
mem[X,0x00000000800009AA] -> 0xFFE2
[623] [M]: 0x00000000800009A8 (0xFFE20213) addi tp, tp, -0x2
x4 <- 0x000000000800FFFE

mem[X,0x00000000800009AC] -> 0x1213
mem[X,0x00000000800009AE] -> 0x00B2
[624] [M]: 0x00000000800009AC (0x00B21213) slli tp, tp, 0xb
x4 <- 0x0000004007FFF000

mem[X,0x00000000800009B0] -> 0x0213
mem[X,0x00000000800009B2] -> 0x4002
[625] [M]: 0x00000000800009B0 (0x40020213) addi tp, tp, 0x400
x4 <- 0x0000004007FFF400

mem[X,0x00000000800009B4] -> 0x1213
mem[X,0x00000000800009B6] -> 0x00B2
[626] [M]: 0x00000000800009B4 (0x00B21213) slli tp, tp, 0xb
x4 <- 0x0002003FFFA00000

mem[X,0x00000000800009B8] -> 0x0213
mem[X,0x00000000800009BA] -> 0x0012
[627] [M]: 0x00000000800009B8 (0x00120213) addi tp, tp, 0x1
x4 <- 0x0002003FFFA00001

mem[X,0x00000000800009BC] -> 0x1213
mem[X,0x00000000800009BE] -> 0x00A2
[628] [M]: 0x00000000800009BC (0x00A21213) slli tp, tp, 0xa
x4 <- 0x0800FFFE80000400

mem[X,0x00000000800009C0] -> 0x063B
mem[X,0x00000000800009C2] -> 0xB847
[629] [M]: 0x00000000800009C0 (0xB847063B) paaddu.h a2, a4, tp
x12 <- 0x04087FFFBFFE80FF

mem[X,0x00000000800009C4] -> 0xB423
mem[X,0x00000000800009C6] -> 0x04C1
[630] [M]: 0x00000000800009C4 (0x04C1B423) sd a2, 0x48(gp)
mem[0x00000000800041F8] <- 0x04087FFFBFFE80FF

mem[X,0x00000000800009C8] -> 0xF0B7
mem[X,0x00000000800009CA] -> 0xAAAA
[631] [M]: 0x00000000800009C8 (0xAAAAF0B7) lui ra, -0x55551
x1 <- 0xFFFFFFFFAAAAF000

mem[X,0x00000000800009CC] -> 0x8093
mem[X,0x00000000800009CE] -> 0x7FF0
[632] [M]: 0x00000000800009CC (0x7FF08093) addi ra, ra, 0x7ff
x1 <- 0xFFFFFFFFAAAAF7FF

mem[X,0x00000000800009D0] -> 0x9093
mem[X,0x00000000800009D2] -> 0x00B0
[633] [M]: 0x00000000800009D0 (0x00B09093) slli ra, ra, 0xb
x1 <- 0xFFFFFD5557BFF800

mem[X,0x00000000800009D4] -> 0x8093
mem[X,0x00000000800009D6] -> 0x0000
[634] [M]: 0x00000000800009D4 (0x00008093) addi ra, ra, 0x0
x1 <- 0xFFFFFD5557BFF800

mem[X,0x00000000800009D8] -> 0x9093
mem[X,0x00000000800009DA] -> 0x00B0
[635] [M]: 0x00000000800009D8 (0x00B09093) slli ra, ra, 0xb
x1 <- 0xFFEAAABDFFC00000

mem[X,0x00000000800009DC] -> 0x8093
mem[X,0x00000000800009DE] -> 0x43E0
[636] [M]: 0x00000000800009DC (0x43E08093) addi ra, ra, 0x43e
x1 <- 0xFFEAAABDFFC0043E

mem[X,0x00000000800009E0] -> 0x9093
mem[X,0x00000000800009E2] -> 0x00A0
[637] [M]: 0x00000000800009E0 (0x00A09093) slli ra, ra, 0xa
x1 <- 0xAAAAF7FF0010F800

mem[X,0x00000000800009E4] -> 0x8093
mem[X,0x00000000800009E6] -> 0x3FF0
[638] [M]: 0x00000000800009E4 (0x3FF08093) addi ra, ra, 0x3ff
x1 <- 0xAAAAF7FF0010FBFF

mem[X,0x00000000800009E8] -> 0x0137
mem[X,0x00000000800009EA] -> 0xFFFE
[639] [M]: 0x00000000800009E8 (0xFFFE0137) lui sp, -0x20
x2 <- 0xFFFFFFFFFFFE0000

mem[X,0x00000000800009EC] -> 0x0113
mem[X,0x00000000800009EE] -> 0xFDF1
[640] [M]: 0x00000000800009EC (0xFDF10113) addi sp, sp, -0x21
x2 <- 0xFFFFFFFFFFFDFFDF

mem[X,0x00000000800009F0] -> 0x1113
mem[X,0x00000000800009F2] -> 0x00B1
[641] [M]: 0x00000000800009F0 (0x00B11113) slli sp, sp, 0xb
x2 <- 0xFFFFFFFFEFFEF800

mem[X,0x00000000800009F4] -> 0x0113
mem[X,0x00000000800009F6] -> 0x5FF1
[642] [M]: 0x00000000800009F4 (0x5FF10113) addi sp, sp, 0x5ff
x2 <- 0xFFFFFFFFEFFEFDFF

mem[X,0x00000000800009F8] -> 0x1113
mem[X,0x00000000800009FA] -> 0x00B1
[643] [M]: 0x00000000800009F8 (0x00B11113) slli sp, sp, 0xb
x2 <- 0xFFFFFF7FF7EFF800

mem[X,0x00000000800009FC] -> 0x0113
mem[X,0x00000000800009FE] -> 0x7EF1
[644] [M]: 0x00000000800009FC (0x7EF10113) addi sp, sp, 0x7ef
x2 <- 0xFFFFFF7FF7EFFFEF

mem[X,0x0000000080000A00] -> 0x1113
mem[X,0x0000000080000A02] -> 0x00A1
[645] [M]: 0x0000000080000A00 (0x00A11113) slli sp, sp, 0xa
x2 <- 0xFFFDFFDFBFFFBC00

mem[X,0x0000000080000A04] -> 0x0113
mem[X,0x0000000080000A06] -> 0x3FF1
[646] [M]: 0x0000000080000A04 (0x3FF10113) addi sp, sp, 0x3ff
x2 <- 0xFFFDFFDFBFFFBFFF

mem[X,0x0000000080000A08] -> 0x873B
mem[X,0x0000000080000A0A] -> 0xB820
[647] [M]: 0x0000000080000A08 (0xB820873B) paaddu.h a4, ra, sp
x14 <- 0xD553FBEF6007DDFF

mem[X,0x0000000080000A0C] -> 0xB823
mem[X,0x0000000080000A0E] -> 0x04E1
[648] [M]: 0x0000000080000A0C (0x04E1B823) sd a4, 0x50(gp)
mem[0x0000000080004200] <- 0xD553FBEF6007DDFF

mem[X,0x0000000080000A10] -> 0xE3B7
mem[X,0x0000000080000A12] -> 0x0000
[649] [M]: 0x0000000080000A10 (0x0000E3B7) lui t2, 0xe
x7 <- 0x000000000000E000

mem[X,0x0000000080000A14] -> 0x8393
mem[X,0x0000000080000A16] -> 0xFFF3
[650] [M]: 0x0000000080000A14 (0xFFF38393) addi t2, t2, -0x1
x7 <- 0x000000000000DFFF

mem[X,0x0000000080000A18] -> 0x9393
mem[X,0x0000000080000A1A] -> 0x00B3
[651] [M]: 0x0000000080000A18 (0x00B39393) slli t2, t2, 0xb
x7 <- 0x0000000006FFF800

mem[X,0x0000000080000A1C] -> 0x8393
mem[X,0x0000000080000A1E] -> 0x7FF3
[652] [M]: 0x0000000080000A1C (0x7FF38393) addi t2, t2, 0x7ff
x7 <- 0x0000000006FFFFFF

mem[X,0x0000000080000A20] -> 0x9393
mem[X,0x0000000080000A22] -> 0x00B3
[653] [M]: 0x0000000080000A20 (0x00B39393) slli t2, t2, 0xb
x7 <- 0x00000037FFFFF800

mem[X,0x0000000080000A24] -> 0x8393
mem[X,0x0000000080000A26] -> 0x5BD3
[654] [M]: 0x0000000080000A24 (0x5BD38393) addi t2, t2, 0x5bd
x7 <- 0x00000037FFFFFDBD

mem[X,0x0000000080000A28] -> 0x9393
mem[X,0x0000000080000A2A] -> 0x00A3
[655] [M]: 0x0000000080000A28 (0x00A39393) slli t2, t2, 0xa
x7 <- 0x0000DFFFFFF6F400

mem[X,0x0000000080000A2C] -> 0x8393
mem[X,0x0000000080000A2E] -> 0x3FF3
[656] [M]: 0x0000000080000A2C (0x3FF38393) addi t2, t2, 0x3ff
x7 <- 0x0000DFFFFFF6F7FF

mem[X,0x0000000080000A30] -> 0x08B7
mem[X,0x0000000080000A32] -> 0x2000
[657] [M]: 0x0000000080000A30 (0x200008B7) lui a7, 0x20000
x17 <- 0x0000000020000000

mem[X,0x0000000080000A34] -> 0x8893
mem[X,0x0000000080000A36] -> 0x0078
[658] [M]: 0x0000000080000A34 (0x00788893) addi a7, a7, 0x7
x17 <- 0x0000000020000007

mem[X,0x0000000080000A38] -> 0x9893
mem[X,0x0000000080000A3A] -> 0x00B8
[659] [M]: 0x0000000080000A38 (0x00B89893) slli a7, a7, 0xb
x17 <- 0x0000010000003800

mem[X,0x0000000080000A3C] -> 0x8893
mem[X,0x0000000080000A3E] -> 0x0008
[660] [M]: 0x0000000080000A3C (0x00088893) addi a7, a7, 0x0
x17 <- 0x0000010000003800

mem[X,0x0000000080000A40] -> 0x9893
mem[X,0x0000000080000A42] -> 0x00B8
[661] [M]: 0x0000000080000A40 (0x00B89893) slli a7, a7, 0xb
x17 <- 0x0008000001C00000

mem[X,0x0000000080000A44] -> 0x8893
mem[X,0x0000000080000A46] -> 0x1FF8
[662] [M]: 0x0000000080000A44 (0x1FF88893) addi a7, a7, 0x1ff
x17 <- 0x0008000001C001FF

mem[X,0x0000000080000A48] -> 0x9893
mem[X,0x0000000080000A4A] -> 0x00A8
[663] [M]: 0x0000000080000A48 (0x00A89893) slli a7, a7, 0xa
x17 <- 0x200000070007FC00

mem[X,0x0000000080000A4C] -> 0x8893
mem[X,0x0000000080000A4E] -> 0x3FB8
[664] [M]: 0x0000000080000A4C (0x3FB88893) addi a7, a7, 0x3fb
x17 <- 0x200000070007FFFB

mem[X,0x0000000080000A50] -> 0x853B
mem[X,0x0000000080000A52] -> 0xB913
[665] [M]: 0x0000000080000A50 (0xB913853B) paaddu.h a0, t2, a7
x10 <- 0x100070037FFEFBFD

mem[X,0x0000000080000A54] -> 0xBC23
mem[X,0x0000000080000A56] -> 0x04A1
[666] [M]: 0x0000000080000A54 (0x04A1BC23) sd a0, 0x58(gp)
mem[0x0000000080004208] <- 0x100070037FFEFBFD

mem[X,0x0000000080000A58] -> 0x0DB7
mem[X,0x0000000080000A5A] -> 0x0200
[667] [M]: 0x0000000080000A58 (0x02000DB7) lui s11, 0x2000
x27 <- 0x0000000002000000

mem[X,0x0000000080000A5C] -> 0x8D93
mem[X,0x0000000080000A5E] -> 0x005D
[668] [M]: 0x0000000080000A5C (0x005D8D93) addi s11, s11, 0x5
x27 <- 0x0000000002000005

mem[X,0x0000000080000A60] -> 0x9D93
mem[X,0x0000000080000A62] -> 0x00BD
[669] [M]: 0x0000000080000A60 (0x00BD9D93) slli s11, s11, 0xb
x27 <- 0x0000001000002800

mem[X,0x0000000080000A64] -> 0x8D93
mem[X,0x0000000080000A66] -> 0x3FFD
[670] [M]: 0x0000000080000A64 (0x3FFD8D93) addi s11, s11, 0x3ff
x27 <- 0x0000001000002BFF

mem[X,0x0000000080000A68] -> 0x9D93
mem[X,0x0000000080000A6A] -> 0x00BD
[671] [M]: 0x0000000080000A68 (0x00BD9D93) slli s11, s11, 0xb
x27 <- 0x00008000015FF800

mem[X,0x0000000080000A6C] -> 0x8D93
mem[X,0x0000000080000A6E] -> 0x7FBD
[672] [M]: 0x0000000080000A6C (0x7FBD8D93) addi s11, s11, 0x7fb
x27 <- 0x00008000015FFFFB

mem[X,0x0000000080000A70] -> 0x9D93
mem[X,0x0000000080000A72] -> 0x00AD
[673] [M]: 0x0000000080000A70 (0x00AD9D93) slli s11, s11, 0xa
x27 <- 0x020000057FFFEC00

mem[X,0x0000000080000A74] -> 0x8D93
mem[X,0x0000000080000A76] -> 0x3FFD
[674] [M]: 0x0000000080000A74 (0x3FFD8D93) addi s11, s11, 0x3ff
x27 <- 0x020000057FFFEFFF

mem[X,0x0000000080000A78] -> 0xC537
mem[X,0x0000000080000A7A] -> 0x7FFF
[675] [M]: 0x0000000080000A78 (0x7FFFC537) lui a0, 0x7fffc
x10 <- 0x000000007FFFC000

mem[X,0x0000000080000A7C] -> 0x0513
mem[X,0x0000000080000A7E] -> 0xFFF5
[676] [M]: 0x0000000080000A7C (0xFFF50513) addi a0, a0, -0x1
x10 <- 0x000000007FFFBFFF

mem[X,0x0000000080000A80] -> 0x1513
mem[X,0x0000000080000A82] -> 0x00B5
[677] [M]: 0x0000000080000A80 (0x00B51513) slli a0, a0, 0xb
x10 <- 0x000003FFFDFFF800

mem[X,0x0000000080000A84] -> 0x0513
mem[X,0x0000000080000A86] -> 0x5555
[678] [M]: 0x0000000080000A84 (0x55550513) addi a0, a0, 0x555
x10 <- 0x000003FFFDFFFD55

mem[X,0x0000000080000A88] -> 0x1513
mem[X,0x0000000080000A8A] -> 0x00B5
[679] [M]: 0x0000000080000A88 (0x00B51513) slli a0, a0, 0xb
x10 <- 0x001FFFEFFFEAA800

mem[X,0x0000000080000A8C] -> 0x0513
mem[X,0x0000000080000A8E] -> 0x29F5
[680] [M]: 0x0000000080000A8C (0x29F50513) addi a0, a0, 0x29f
x10 <- 0x001FFFEFFFEAAA9F

mem[X,0x0000000080000A90] -> 0x1513
mem[X,0x0000000080000A92] -> 0x00A5
[681] [M]: 0x0000000080000A90 (0x00A51513) slli a0, a0, 0xa
x10 <- 0x7FFFBFFFAAAA7C00

mem[X,0x0000000080000A94] -> 0x0513
mem[X,0x0000000080000A96] -> 0x3FF5
[682] [M]: 0x0000000080000A94 (0x3FF50513) addi a0, a0, 0x3ff
x10 <- 0x7FFFBFFFAAAA7FFF

mem[X,0x0000000080000A98] -> 0x82BB
mem[X,0x0000000080000A9A] -> 0xB8AD
[683] [M]: 0x0000000080000A98 (0xB8AD82BB) paaddu.h t0, s11, a0
x5 <- 0x40FF60029554B7FF

mem[X,0x0000000080000A9C] -> 0xB023
mem[X,0x0000000080000A9E] -> 0x0651
[684] [M]: 0x0000000080000A9C (0x0651B023) sd t0, 0x60(gp)
mem[0x0000000080004210] <- 0x40FF60029554B7FF

mem[X,0x0000000080000AA0] -> 0x4F37
mem[X,0x0000000080000AA2] -> 0xC000
[685] [M]: 0x0000000080000AA0 (0xC0004F37) lui t5, -0x3fffc
x30 <- 0xFFFFFFFFC0004000

mem[X,0x0000000080000AA4] -> 0x0F13
mem[X,0x0000000080000AA6] -> 0xFFFF
[686] [M]: 0x0000000080000AA4 (0xFFFF0F13) addi t5, t5, -0x1
x30 <- 0xFFFFFFFFC0003FFF

mem[X,0x0000000080000AA8] -> 0x1F13
mem[X,0x0000000080000AAA] -> 0x00BF
[687] [M]: 0x0000000080000AA8 (0x00BF1F13) slli t5, t5, 0xb
x30 <- 0xFFFFFE0001FFF800

mem[X,0x0000000080000AAC] -> 0x0F13
mem[X,0x0000000080000AAE] -> 0x000F
[688] [M]: 0x0000000080000AAC (0x000F0F13) addi t5, t5, 0x0
x30 <- 0xFFFFFE0001FFF800

mem[X,0x0000000080000AB0] -> 0x1F13
mem[X,0x0000000080000AB2] -> 0x00BF
[689] [M]: 0x0000000080000AB0 (0x00BF1F13) slli t5, t5, 0xb
x30 <- 0xFFF0000FFFC00000

mem[X,0x0000000080000AB4] -> 0x0F13
mem[X,0x0000000080000AB6] -> 0x1F7F
[690] [M]: 0x0000000080000AB4 (0x1F7F0F13) addi t5, t5, 0x1f7
x30 <- 0xFFF0000FFFC001F7

mem[X,0x0000000080000AB8] -> 0x1F13
mem[X,0x0000000080000ABA] -> 0x00AF
[691] [M]: 0x0000000080000AB8 (0x00AF1F13) slli t5, t5, 0xa
x30 <- 0xC0003FFF0007DC00

mem[X,0x0000000080000ABC] -> 0x0F13
mem[X,0x0000000080000ABE] -> 0x3FFF
[692] [M]: 0x0000000080000ABC (0x3FFF0F13) addi t5, t5, 0x3ff
x30 <- 0xC0003FFF0007DFFF

mem[X,0x0000000080000AC0] -> 0x0EB7
mem[X,0x0000000080000AC2] -> 0xEFFF
[693] [M]: 0x0000000080000AC0 (0xEFFF0EB7) lui t4, -0x10010
x29 <- 0xFFFFFFFFEFFF0000

mem[X,0x0000000080000AC4] -> 0x8E93
mem[X,0x0000000080000AC6] -> 0x009E
[694] [M]: 0x0000000080000AC4 (0x009E8E93) addi t4, t4, 0x9
x29 <- 0xFFFFFFFFEFFF0009

mem[X,0x0000000080000AC8] -> 0x9E93
mem[X,0x0000000080000ACA] -> 0x00BE
[695] [M]: 0x0000000080000AC8 (0x00BE9E93) slli t4, t4, 0xb
x29 <- 0xFFFFFF7FF8004800

mem[X,0x0000000080000ACC] -> 0x8E93
mem[X,0x0000000080000ACE] -> 0x400E
[696] [M]: 0x0000000080000ACC (0x400E8E93) addi t4, t4, 0x400
x29 <- 0xFFFFFF7FF8004C00

mem[X,0x0000000080000AD0] -> 0x9E93
mem[X,0x0000000080000AD2] -> 0x00BE
[697] [M]: 0x0000000080000AD0 (0x00BE9E93) slli t4, t4, 0xb
x29 <- 0xFFFBFFC002600000

mem[X,0x0000000080000AD4] -> 0x8E93
mem[X,0x0000000080000AD6] -> 0x03BE
[698] [M]: 0x0000000080000AD4 (0x03BE8E93) addi t4, t4, 0x3b
x29 <- 0xFFFBFFC00260003B

mem[X,0x0000000080000AD8] -> 0x9E93
mem[X,0x0000000080000ADA] -> 0x00AE
[699] [M]: 0x0000000080000AD8 (0x00AE9E93) slli t4, t4, 0xa
x29 <- 0xEFFF00098000EC00

clint::tick mtime <- 0x0000000000000007
 clint timer pending at mtime 0x0000000000000007
htif::tick 0x0000000000000000
mem[X,0x0000000080000ADC] -> 0x8E93
mem[X,0x0000000080000ADE] -> 0x3FFE
[700] [M]: 0x0000000080000ADC (0x3FFE8E93) addi t4, t4, 0x3ff
x29 <- 0xEFFF00098000EFFF

mem[X,0x0000000080000AE0] -> 0x0FBB
mem[X,0x0000000080000AE2] -> 0xB9DF
[701] [M]: 0x0000000080000AE0 (0xB9DF0FBB) paaddu.h t6, t5, t4
x31 <- 0xD7FF20044003E7FF

mem[X,0x0000000080000AE4] -> 0xB423
mem[X,0x0000000080000AE6] -> 0x07F1
[702] [M]: 0x0000000080000AE4 (0x07F1B423) sd t6, 0x68(gp)
mem[0x0000000080004218] <- 0xD7FF20044003E7FF

mem[X,0x0000000080000AE8] -> 0xFF37
mem[X,0x0000000080000AEA] -> 0xFFFB
[703] [M]: 0x0000000080000AE8 (0xFFFBFF37) lui t5, -0x41
x30 <- 0xFFFFFFFFFFFBF000

mem[X,0x0000000080000AEC] -> 0x0F13
mem[X,0x0000000080000AEE] -> 0x7FFF
[704] [M]: 0x0000000080000AEC (0x7FFF0F13) addi t5, t5, 0x7ff
x30 <- 0xFFFFFFFFFFFBF7FF

mem[X,0x0000000080000AF0] -> 0x1F13
mem[X,0x0000000080000AF2] -> 0x00BF
[705] [M]: 0x0000000080000AF0 (0x00BF1F13) slli t5, t5, 0xb
x30 <- 0xFFFFFFFFDFBFF800

mem[X,0x0000000080000AF4] -> 0x0F13
mem[X,0x0000000080000AF6] -> 0x555F
[706] [M]: 0x0000000080000AF4 (0x555F0F13) addi t5, t5, 0x555
x30 <- 0xFFFFFFFFDFBFFD55

mem[X,0x0000000080000AF8] -> 0x1F13
mem[X,0x0000000080000AFA] -> 0x00BF
[707] [M]: 0x0000000080000AF8 (0x00BF1F13) slli t5, t5, 0xb
x30 <- 0xFFFFFEFDFFEAA800

mem[X,0x0000000080000AFC] -> 0x0F13
mem[X,0x0000000080000AFE] -> 0x280F
[708] [M]: 0x0000000080000AFC (0x280F0F13) addi t5, t5, 0x280
x30 <- 0xFFFFFEFDFFEAAA80

mem[X,0x0000000080000B00] -> 0x1F13
mem[X,0x0000000080000B02] -> 0x00AF
[709] [M]: 0x0000000080000B00 (0x00AF1F13) slli t5, t5, 0xa
x30 <- 0xFFFBF7FFAAAA0000

mem[X,0x0000000080000B04] -> 0x0F13
mem[X,0x0000000080000B06] -> 0x003F
[710] [M]: 0x0000000080000B04 (0x003F0F13) addi t5, t5, 0x3
x30 <- 0xFFFBF7FFAAAA0003

mem[X,0x0000000080000B08] -> 0x0EB7
mem[X,0x0000000080000B0A] -> 0x0003
[711] [M]: 0x0000000080000B08 (0x00030EB7) lui t4, 0x30
x29 <- 0x0000000000030000

mem[X,0x0000000080000B0C] -> 0x8E93
mem[X,0x0000000080000B0E] -> 0xFDFE
[712] [M]: 0x0000000080000B0C (0xFDFE8E93) addi t4, t4, -0x21
x29 <- 0x000000000002FFDF

mem[X,0x0000000080000B10] -> 0x9E93
mem[X,0x0000000080000B12] -> 0x00BE
[713] [M]: 0x0000000080000B10 (0x00BE9E93) slli t4, t4, 0xb
x29 <- 0x0000000017FEF800

mem[X,0x0000000080000B14] -> 0x8E93
mem[X,0x0000000080000B16] -> 0x77FE
[714] [M]: 0x0000000080000B14 (0x77FE8E93) addi t4, t4, 0x77f
x29 <- 0x0000000017FEFF7F

mem[X,0x0000000080000B18] -> 0x9E93
mem[X,0x0000000080000B1A] -> 0x00BE
[715] [M]: 0x0000000080000B18 (0x00BE9E93) slli t4, t4, 0xb
x29 <- 0x000000BFF7FBF800

mem[X,0x0000000080000B1C] -> 0x8E93
mem[X,0x0000000080000B1E] -> 0x7CFE
[716] [M]: 0x0000000080000B1C (0x7CFE8E93) addi t4, t4, 0x7cf
x29 <- 0x000000BFF7FBFFCF

mem[X,0x0000000080000B20] -> 0x9E93
mem[X,0x0000000080000B22] -> 0x00AE
[717] [M]: 0x0000000080000B20 (0x00AE9E93) slli t4, t4, 0xa
x29 <- 0x0002FFDFEFFF3C00

mem[X,0x0000000080000B24] -> 0x8E93
mem[X,0x0000000080000B26] -> 0x3FFE
[718] [M]: 0x0000000080000B24 (0x3FFE8E93) addi t4, t4, 0x3ff
x29 <- 0x0002FFDFEFFF3FFF

mem[X,0x0000000080000B28] -> 0x0FBB
mem[X,0x0000000080000B2A] -> 0xB9DF
[719] [M]: 0x0000000080000B28 (0xB9DF0FBB) paaddu.h t6, t5, t4
x31 <- 0x7FFEFBEFCD542001

mem[X,0x0000000080000B2C] -> 0xB823
mem[X,0x0000000080000B2E] -> 0x07F1
[720] [M]: 0x0000000080000B2C (0x07F1B823) sd t6, 0x70(gp)
mem[0x0000000080004220] <- 0x7FFEFBEFCD542001

mem[X,0x0000000080000B30] -> 0x0F37
mem[X,0x0000000080000B32] -> 0xFFFF
[721] [M]: 0x0000000080000B30 (0xFFFF0F37) lui t5, -0x10
x30 <- 0xFFFFFFFFFFFF0000

mem[X,0x0000000080000B34] -> 0x0F13
mem[X,0x0000000080000B36] -> 0xF7FF
[722] [M]: 0x0000000080000B34 (0xF7FF0F13) addi t5, t5, -0x81
x30 <- 0xFFFFFFFFFFFEFF7F

mem[X,0x0000000080000B38] -> 0x1F13
mem[X,0x0000000080000B3A] -> 0x00BF
[723] [M]: 0x0000000080000B38 (0x00BF1F13) slli t5, t5, 0xb
x30 <- 0xFFFFFFFFF7FBF800

mem[X,0x0000000080000B3C] -> 0x0F13
mem[X,0x0000000080000B3E] -> 0x000F
[724] [M]: 0x0000000080000B3C (0x000F0F13) addi t5, t5, 0x0
x30 <- 0xFFFFFFFFF7FBF800

mem[X,0x0000000080000B40] -> 0x1F13
mem[X,0x0000000080000B42] -> 0x00BF
[725] [M]: 0x0000000080000B40 (0x00BF1F13) slli t5, t5, 0xb
x30 <- 0xFFFFFFBFDFC00000

mem[X,0x0000000080000B44] -> 0x0F13
mem[X,0x0000000080000B46] -> 0x1BFF
[726] [M]: 0x0000000080000B44 (0x1BFF0F13) addi t5, t5, 0x1bf
x30 <- 0xFFFFFFBFDFC001BF

mem[X,0x0000000080000B48] -> 0x1F13
mem[X,0x0000000080000B4A] -> 0x00AF
[727] [M]: 0x0000000080000B48 (0x00AF1F13) slli t5, t5, 0xa
x30 <- 0xFFFEFF7F0006FC00

mem[X,0x0000000080000B4C] -> 0x0F13
mem[X,0x0000000080000B4E] -> 0x3FDF
[728] [M]: 0x0000000080000B4C (0x3FDF0F13) addi t5, t5, 0x3fd
x30 <- 0xFFFEFF7F0006FFFD

mem[X,0x0000000080000B50] -> 0x0EB7
mem[X,0x0000000080000B52] -> 0x0004
[729] [M]: 0x0000000080000B50 (0x00040EB7) lui t4, 0x40
x29 <- 0x0000000000040000

mem[X,0x0000000080000B54] -> 0x8E93
mem[X,0x0000000080000B56] -> 0x008E
[730] [M]: 0x0000000080000B54 (0x008E8E93) addi t4, t4, 0x8
x29 <- 0x0000000000040008

mem[X,0x0000000080000B58] -> 0x9E93
mem[X,0x0000000080000B5A] -> 0x00BE
[731] [M]: 0x0000000080000B58 (0x00BE9E93) slli t4, t4, 0xb
x29 <- 0x0000000020004000

mem[X,0x0000000080000B5C] -> 0x8E93
mem[X,0x0000000080000B5E] -> 0x7FFE
[732] [M]: 0x0000000080000B5C (0x7FFE8E93) addi t4, t4, 0x7ff
x29 <- 0x00000000200047FF

mem[X,0x0000000080000B60] -> 0x9E93
mem[X,0x0000000080000B62] -> 0x00BE
[733] [M]: 0x0000000080000B60 (0x00BE9E93) slli t4, t4, 0xb
x29 <- 0x00000100023FF800

mem[X,0x0000000080000B64] -> 0x8E93
mem[X,0x0000000080000B66] -> 0x6BFE
[734] [M]: 0x0000000080000B64 (0x6BFE8E93) addi t4, t4, 0x6bf
x29 <- 0x00000100023FFEBF

mem[X,0x0000000080000B68] -> 0x9E93
mem[X,0x0000000080000B6A] -> 0x00AE
[735] [M]: 0x0000000080000B68 (0x00AE9E93) slli t4, t4, 0xa
x29 <- 0x00040008FFFAFC00

mem[X,0x0000000080000B6C] -> 0x8E93
mem[X,0x0000000080000B6E] -> 0x3EFE
[736] [M]: 0x0000000080000B6C (0x3EFE8E93) addi t4, t4, 0x3ef
x29 <- 0x00040008FFFAFFEF

mem[X,0x0000000080000B70] -> 0x0FBB
mem[X,0x0000000080000B72] -> 0xB9DF
[737] [M]: 0x0000000080000B70 (0xB9DF0FBB) paaddu.h t6, t5, t4
x31 <- 0x80017FC38000FFF6

mem[X,0x0000000080000B74] -> 0xBC23
mem[X,0x0000000080000B76] -> 0x07F1
[738] [M]: 0x0000000080000B74 (0x07F1BC23) sd t6, 0x78(gp)
mem[0x0000000080004228] <- 0x80017FC38000FFF6

mem[X,0x0000000080000B78] -> 0x0F37
mem[X,0x0000000080000B7A] -> 0x4001
[739] [M]: 0x0000000080000B78 (0x40010F37) lui t5, 0x40010
x30 <- 0x0000000040010000

mem[X,0x0000000080000B7C] -> 0x0F13
mem[X,0x0000000080000B7E] -> 0xFFCF
[740] [M]: 0x0000000080000B7C (0xFFCF0F13) addi t5, t5, -0x4
x30 <- 0x000000004000FFFC

mem[X,0x0000000080000B80] -> 0x1F13
mem[X,0x0000000080000B82] -> 0x00BF
[741] [M]: 0x0000000080000B80 (0x00BF1F13) slli t5, t5, 0xb
x30 <- 0x0000020007FFE000

mem[X,0x0000000080000B84] -> 0x0F13
mem[X,0x0000000080000B86] -> 0x000F
[742] [M]: 0x0000000080000B84 (0x000F0F13) addi t5, t5, 0x0
x30 <- 0x0000020007FFE000

mem[X,0x0000000080000B88] -> 0x1F13
mem[X,0x0000000080000B8A] -> 0x00BF
[743] [M]: 0x0000000080000B88 (0x00BF1F13) slli t5, t5, 0xb
x30 <- 0x0010003FFF000000

mem[X,0x0000000080000B8C] -> 0x0F13
mem[X,0x0000000080000B8E] -> 0x43FF
[744] [M]: 0x0000000080000B8C (0x43FF0F13) addi t5, t5, 0x43f
x30 <- 0x0010003FFF00043F

mem[X,0x0000000080000B90] -> 0x1F13
mem[X,0x0000000080000B92] -> 0x00AF
[745] [M]: 0x0000000080000B90 (0x00AF1F13) slli t5, t5, 0xa
x30 <- 0x4000FFFC0010FC00

mem[X,0x0000000080000B94] -> 0x0F13
mem[X,0x0000000080000B96] -> 0x37FF
[746] [M]: 0x0000000080000B94 (0x37FF0F13) addi t5, t5, 0x37f
x30 <- 0x4000FFFC0010FF7F

mem[X,0x0000000080000B98] -> 0x0EB7
mem[X,0x0000000080000B9A] -> 0x0041
[747] [M]: 0x0000000080000B98 (0x00410EB7) lui t4, 0x410
x29 <- 0x0000000000410000

mem[X,0x0000000080000B9C] -> 0x8E93
mem[X,0x0000000080000B9E] -> 0xFF7E
[748] [M]: 0x0000000080000B9C (0xFF7E8E93) addi t4, t4, -0x9
x29 <- 0x000000000040FFF7

mem[X,0x0000000080000BA0] -> 0x9E93
mem[X,0x0000000080000BA2] -> 0x00BE
[749] [M]: 0x0000000080000BA0 (0x00BE9E93) slli t4, t4, 0xb
x29 <- 0x0000000207FFB800

mem[X,0x0000000080000BA4] -> 0x8E93
mem[X,0x0000000080000BA6] -> 0x7FBE
[750] [M]: 0x0000000080000BA4 (0x7FBE8E93) addi t4, t4, 0x7fb
x29 <- 0x0000000207FFBFFB

mem[X,0x0000000080000BA8] -> 0x9E93
mem[X,0x0000000080000BAA] -> 0x00BE
[751] [M]: 0x0000000080000BA8 (0x00BE9E93) slli t4, t4, 0xb
x29 <- 0x0000103FFDFFD800

mem[X,0x0000000080000BAC] -> 0x8E93
mem[X,0x0000000080000BAE] -> 0x7FFE
[752] [M]: 0x0000000080000BAC (0x7FFE8E93) addi t4, t4, 0x7ff
x29 <- 0x0000103FFDFFDFFF

mem[X,0x0000000080000BB0] -> 0x9E93
mem[X,0x0000000080000BB2] -> 0x00AE
[753] [M]: 0x0000000080000BB0 (0x00AE9E93) slli t4, t4, 0xa
x29 <- 0x0040FFF7FF7FFC00

mem[X,0x0000000080000BB4] -> 0x8E93
mem[X,0x0000000080000BB6] -> 0x3F6E
[754] [M]: 0x0000000080000BB4 (0x3F6E8E93) addi t4, t4, 0x3f6
x29 <- 0x0040FFF7FF7FFFF6

mem[X,0x0000000080000BB8] -> 0x0FBB
mem[X,0x0000000080000BBA] -> 0xB9DF
[755] [M]: 0x0000000080000BB8 (0xB9DF0FBB) paaddu.h t6, t5, t4
x31 <- 0x2020FFF97FC7FFBA

mem[X,0x0000000080000BBC] -> 0xB023
mem[X,0x0000000080000BBE] -> 0x09F1
[756] [M]: 0x0000000080000BBC (0x09F1B023) sd t6, 0x80(gp)
mem[0x0000000080004230] <- 0x2020FFF97FC7FFBA

mem[X,0x0000000080000BC0] -> 0x0F37
mem[X,0x0000000080000BC2] -> 0xFFBF
[757] [M]: 0x0000000080000BC0 (0xFFBF0F37) lui t5, -0x410
x30 <- 0xFFFFFFFFFFBF0000

mem[X,0x0000000080000BC4] -> 0x0F13
mem[X,0x0000000080000BC6] -> 0x001F
[758] [M]: 0x0000000080000BC4 (0x001F0F13) addi t5, t5, 0x1
x30 <- 0xFFFFFFFFFFBF0001

mem[X,0x0000000080000BC8] -> 0x1F13
mem[X,0x0000000080000BCA] -> 0x00BF
[759] [M]: 0x0000000080000BC8 (0x00BF1F13) slli t5, t5, 0xb
x30 <- 0xFFFFFFFDF8000800

mem[X,0x0000000080000BCC] -> 0x0F13
mem[X,0x0000000080000BCE] -> 0x000F
[760] [M]: 0x0000000080000BCC (0x000F0F13) addi t5, t5, 0x0
x30 <- 0xFFFFFFFDF8000800

mem[X,0x0000000080000BD0] -> 0x1F13
mem[X,0x0000000080000BD2] -> 0x00BF
[761] [M]: 0x0000000080000BD0 (0x00BF1F13) slli t5, t5, 0xb
x30 <- 0xFFFFEFC000400000

mem[X,0x0000000080000BD4] -> 0x0F13
mem[X,0x0000000080000BD6] -> 0x1FFF
[762] [M]: 0x0000000080000BD4 (0x1FFF0F13) addi t5, t5, 0x1ff
x30 <- 0xFFFFEFC0004001FF

mem[X,0x0000000080000BD8] -> 0x1F13
mem[X,0x0000000080000BDA] -> 0x00AF
[763] [M]: 0x0000000080000BD8 (0x00AF1F13) slli t5, t5, 0xa
x30 <- 0xFFBF00010007FC00

mem[X,0x0000000080000BDC] -> 0x0F13
mem[X,0x0000000080000BDE] -> 0x1FFF
[764] [M]: 0x0000000080000BDC (0x1FFF0F13) addi t5, t5, 0x1ff
x30 <- 0xFFBF00010007FDFF

mem[X,0x0000000080000BE0] -> 0x4EB7
mem[X,0x0000000080000BE2] -> 0x0080
[765] [M]: 0x0000000080000BE0 (0x00804EB7) lui t4, 0x804
x29 <- 0x0000000000804000

mem[X,0x0000000080000BE4] -> 0x8E93
mem[X,0x0000000080000BE6] -> 0xFFFE
[766] [M]: 0x0000000080000BE4 (0xFFFE8E93) addi t4, t4, -0x1
x29 <- 0x0000000000803FFF

mem[X,0x0000000080000BE8] -> 0x9E93
mem[X,0x0000000080000BEA] -> 0x00BE
[767] [M]: 0x0000000080000BE8 (0x00BE9E93) slli t4, t4, 0xb
x29 <- 0x0000000401FFF800

mem[X,0x0000000080000BEC] -> 0x8E93
mem[X,0x0000000080000BEE] -> 0x000E
[768] [M]: 0x0000000080000BEC (0x000E8E93) addi t4, t4, 0x0
x29 <- 0x0000000401FFF800

mem[X,0x0000000080000BF0] -> 0x9E93
mem[X,0x0000000080000BF2] -> 0x00BE
[769] [M]: 0x0000000080000BF0 (0x00BE9E93) slli t4, t4, 0xb
x29 <- 0x0000200FFFC00000

mem[X,0x0000000080000BF4] -> 0x8E93
mem[X,0x0000000080000BF6] -> 0x015E
[770] [M]: 0x0000000080000BF4 (0x015E8E93) addi t4, t4, 0x15
x29 <- 0x0000200FFFC00015

mem[X,0x0000000080000BF8] -> 0x9E93
mem[X,0x0000000080000BFA] -> 0x00AE
[771] [M]: 0x0000000080000BF8 (0x00AE9E93) slli t4, t4, 0xa
x29 <- 0x00803FFF00005400

mem[X,0x0000000080000BFC] -> 0x8E93
mem[X,0x0000000080000BFE] -> 0x155E
[772] [M]: 0x0000000080000BFC (0x155E8E93) addi t4, t4, 0x155
x29 <- 0x00803FFF00005555

mem[X,0x0000000080000C00] -> 0x0FBB
mem[X,0x0000000080000C02] -> 0xB9DF
[773] [M]: 0x0000000080000C00 (0xB9DF0FBB) paaddu.h t6, t5, t4
x31 <- 0x801F20000003A9AA

mem[X,0x0000000080000C04] -> 0xB423
mem[X,0x0000000080000C06] -> 0x09F1
[774] [M]: 0x0000000080000C04 (0x09F1B423) sd t6, 0x88(gp)
mem[0x0000000080004238] <- 0x801F20000003A9AA

mem[X,0x0000000080000C08] -> 0x0F37
mem[X,0x0000000080000C0A] -> 0x8000
[775] [M]: 0x0000000080000C08 (0x80000F37) lui t5, -0x80000
x30 <- 0xFFFFFFFF80000000

mem[X,0x0000000080000C0C] -> 0x0F13
mem[X,0x0000000080000C0E] -> 0x080F
[776] [M]: 0x0000000080000C0C (0x080F0F13) addi t5, t5, 0x80
x30 <- 0xFFFFFFFF80000080

mem[X,0x0000000080000C10] -> 0x1F13
mem[X,0x0000000080000C12] -> 0x00BF
[777] [M]: 0x0000000080000C10 (0x00BF1F13) slli t5, t5, 0xb
x30 <- 0xFFFFFC0000040000

mem[X,0x0000000080000C14] -> 0x0F13
mem[X,0x0000000080000C16] -> 0x040F
[778] [M]: 0x0000000080000C14 (0x040F0F13) addi t5, t5, 0x40
x30 <- 0xFFFFFC0000040040

mem[X,0x0000000080000C18] -> 0x1F13
mem[X,0x0000000080000C1A] -> 0x00BF
[779] [M]: 0x0000000080000C18 (0x00BF1F13) slli t5, t5, 0xb
x30 <- 0xFFE0000020020000

mem[X,0x0000000080000C1C] -> 0x0F13
mem[X,0x0000000080000C1E] -> 0x000F
[780] [M]: 0x0000000080000C1C (0x000F0F13) addi t5, t5, 0x0
x30 <- 0xFFE0000020020000

mem[X,0x0000000080000C20] -> 0x1F13
mem[X,0x0000000080000C22] -> 0x00AF
[781] [M]: 0x0000000080000C20 (0x00AF1F13) slli t5, t5, 0xa
x30 <- 0x8000008008000000

mem[X,0x0000000080000C24] -> 0x0EB7
mem[X,0x0000000080000C26] -> 0x0200
[782] [M]: 0x0000000080000C24 (0x02000EB7) lui t4, 0x2000
x29 <- 0x0000000002000000

mem[X,0x0000000080000C28] -> 0x8E93
mem[X,0x0000000080000C2A] -> 0x002E
[783] [M]: 0x0000000080000C28 (0x002E8E93) addi t4, t4, 0x2
x29 <- 0x0000000002000002

mem[X,0x0000000080000C2C] -> 0x9E93
mem[X,0x0000000080000C2E] -> 0x00BE
[784] [M]: 0x0000000080000C2C (0x00BE9E93) slli t4, t4, 0xb
x29 <- 0x0000001000001000

mem[X,0x0000000080000C30] -> 0x8E93
mem[X,0x0000000080000C32] -> 0x6FFE
[785] [M]: 0x0000000080000C30 (0x6FFE8E93) addi t4, t4, 0x6ff
x29 <- 0x00000010000016FF

mem[X,0x0000000080000C34] -> 0x9E93
mem[X,0x0000000080000C36] -> 0x00BE
[786] [M]: 0x0000000080000C34 (0x00BE9E93) slli t4, t4, 0xb
x29 <- 0x0000800000B7F800

mem[X,0x0000000080000C38] -> 0x8E93
mem[X,0x0000000080000C3A] -> 0x7EFE
[787] [M]: 0x0000000080000C38 (0x7EFE8E93) addi t4, t4, 0x7ef
x29 <- 0x0000800000B7FFEF

mem[X,0x0000000080000C3C] -> 0x9E93
mem[X,0x0000000080000C3E] -> 0x00AE
[788] [M]: 0x0000000080000C3C (0x00AE9E93) slli t4, t4, 0xa
x29 <- 0x02000002DFFFBC00

mem[X,0x0000000080000C40] -> 0x8E93
mem[X,0x0000000080000C42] -> 0x3FFE
[789] [M]: 0x0000000080000C40 (0x3FFE8E93) addi t4, t4, 0x3ff
x29 <- 0x02000002DFFFBFFF

mem[X,0x0000000080000C44] -> 0x0FBB
mem[X,0x0000000080000C46] -> 0xB9DF
[790] [M]: 0x0000000080000C44 (0xB9DF0FBB) paaddu.h t6, t5, t4
x31 <- 0x4100004173FF5FFF

mem[X,0x0000000080000C48] -> 0xB823
mem[X,0x0000000080000C4A] -> 0x09F1
[791] [M]: 0x0000000080000C48 (0x09F1B823) sd t6, 0x90(gp)
mem[0x0000000080004240] <- 0x4100004173FF5FFF

mem[X,0x0000000080000C4C] -> 0x0F37
mem[X,0x0000000080000C4E] -> 0x0001
[792] [M]: 0x0000000080000C4C (0x00010F37) lui t5, 0x10
x30 <- 0x0000000000010000

mem[X,0x0000000080000C50] -> 0x0F13
mem[X,0x0000000080000C52] -> 0xFFAF
[793] [M]: 0x0000000080000C50 (0xFFAF0F13) addi t5, t5, -0x6
x30 <- 0x000000000000FFFA

mem[X,0x0000000080000C54] -> 0x1F13
mem[X,0x0000000080000C56] -> 0x00BF
[794] [M]: 0x0000000080000C54 (0x00BF1F13) slli t5, t5, 0xb
x30 <- 0x0000000007FFD000

mem[X,0x0000000080000C58] -> 0x0F13
mem[X,0x0000000080000C5A] -> 0x080F
[795] [M]: 0x0000000080000C58 (0x080F0F13) addi t5, t5, 0x80
x30 <- 0x0000000007FFD080

mem[X,0x0000000080000C5C] -> 0x1F13
mem[X,0x0000000080000C5E] -> 0x00BF
[796] [M]: 0x0000000080000C5C (0x00BF1F13) slli t5, t5, 0xb
x30 <- 0x0000003FFE840000

mem[X,0x0000000080000C60] -> 0x0F13
mem[X,0x0000000080000C62] -> 0x03FF
[797] [M]: 0x0000000080000C60 (0x03FF0F13) addi t5, t5, 0x3f
x30 <- 0x0000003FFE84003F

mem[X,0x0000000080000C64] -> 0x1F13
mem[X,0x0000000080000C66] -> 0x00AF
[798] [M]: 0x0000000080000C64 (0x00AF1F13) slli t5, t5, 0xa
x30 <- 0x0000FFFA1000FC00

mem[X,0x0000000080000C68] -> 0x0F13
mem[X,0x0000000080000C6A] -> 0x3FAF
[799] [M]: 0x0000000080000C68 (0x3FAF0F13) addi t5, t5, 0x3fa
x30 <- 0x0000FFFA1000FFFA

clint::tick mtime <- 0x0000000000000008
 clint timer pending at mtime 0x0000000000000008
htif::tick 0x0000000000000000
mem[X,0x0000000080000C6C] -> 0x5EB7
mem[X,0x0000000080000C6E] -> 0x0400
[800] [M]: 0x0000000080000C6C (0x04005EB7) lui t4, 0x4005
x29 <- 0x0000000004005000

mem[X,0x0000000080000C70] -> 0x8E93
mem[X,0x0000000080000C72] -> 0x555E
[801] [M]: 0x0000000080000C70 (0x555E8E93) addi t4, t4, 0x555
x29 <- 0x0000000004005555

mem[X,0x0000000080000C74] -> 0x9E93
mem[X,0x0000000080000C76] -> 0x00BE
[802] [M]: 0x0000000080000C74 (0x00BE9E93) slli t4, t4, 0xb
x29 <- 0x0000002002AAA800

mem[X,0x0000000080000C78] -> 0x8E93
mem[X,0x0000000080000C7A] -> 0x7FFE
[803] [M]: 0x0000000080000C78 (0x7FFE8E93) addi t4, t4, 0x7ff
x29 <- 0x0000002002AAAFFF

mem[X,0x0000000080000C7C] -> 0x9E93
mem[X,0x0000000080000C7E] -> 0x00BE
[804] [M]: 0x0000000080000C7C (0x00BE9E93) slli t4, t4, 0xb
x29 <- 0x00010015557FF800

mem[X,0x0000000080000C80] -> 0x8E93
mem[X,0x0000000080000C82] -> 0x5BFE
[805] [M]: 0x0000000080000C80 (0x5BFE8E93) addi t4, t4, 0x5bf
x29 <- 0x00010015557FFDBF

mem[X,0x0000000080000C84] -> 0x9E93
mem[X,0x0000000080000C86] -> 0x00AE
[806] [M]: 0x0000000080000C84 (0x00AE9E93) slli t4, t4, 0xa
x29 <- 0x04005555FFF6FC00

mem[X,0x0000000080000C88] -> 0x8E93
mem[X,0x0000000080000C8A] -> 0x3DFE
[807] [M]: 0x0000000080000C88 (0x3DFE8E93) addi t4, t4, 0x3df
x29 <- 0x04005555FFF6FFDF

mem[X,0x0000000080000C8C] -> 0x0FBB
mem[X,0x0000000080000C8E] -> 0xB9DF
[808] [M]: 0x0000000080000C8C (0xB9DF0FBB) paaddu.h t6, t5, t4
x31 <- 0x0200AAA787FBFFEC

mem[X,0x0000000080000C90] -> 0xBC23
mem[X,0x0000000080000C92] -> 0x09F1
[809] [M]: 0x0000000080000C90 (0x09F1BC23) sd t6, 0x98(gp)
mem[0x0000000080004248] <- 0x0200AAA787FBFFEC

mem[X,0x0000000080000C94] -> 0x1F37
mem[X,0x0000000080000C96] -> 0x0008
[810] [M]: 0x0000000080000C94 (0x00081F37) lui t5, 0x81
x30 <- 0x0000000000081000

mem[X,0x0000000080000C98] -> 0x0F13
mem[X,0x0000000080000C9A] -> 0x800F
[811] [M]: 0x0000000080000C98 (0x800F0F13) addi t5, t5, -0x800
x30 <- 0x0000000000080800

mem[X,0x0000000080000C9C] -> 0x1F13
mem[X,0x0000000080000C9E] -> 0x00BF
[812] [M]: 0x0000000080000C9C (0x00BF1F13) slli t5, t5, 0xb
x30 <- 0x0000000040400000

mem[X,0x0000000080000CA0] -> 0x0F13
mem[X,0x0000000080000CA2] -> 0x7FFF
[813] [M]: 0x0000000080000CA0 (0x7FFF0F13) addi t5, t5, 0x7ff
x30 <- 0x00000000404007FF

mem[X,0x0000000080000CA4] -> 0x1F13
mem[X,0x0000000080000CA6] -> 0x00BF
[814] [M]: 0x0000000080000CA4 (0x00BF1F13) slli t5, t5, 0xb
x30 <- 0x00000202003FF800

mem[X,0x0000000080000CA8] -> 0x0F13
mem[X,0x0000000080000CAA] -> 0x73FF
[815] [M]: 0x0000000080000CA8 (0x73FF0F13) addi t5, t5, 0x73f
x30 <- 0x00000202003FFF3F

mem[X,0x0000000080000CAC] -> 0x1F13
mem[X,0x0000000080000CAE] -> 0x00AF
[816] [M]: 0x0000000080000CAC (0x00AF1F13) slli t5, t5, 0xa
x30 <- 0x00080800FFFCFC00

mem[X,0x0000000080000CB0] -> 0x0F13
mem[X,0x0000000080000CB2] -> 0x37FF
[817] [M]: 0x0000000080000CB0 (0x37FF0F13) addi t5, t5, 0x37f
x30 <- 0x00080800FFFCFF7F

mem[X,0x0000000080000CB4] -> 0xCEB7
mem[X,0x0000000080000CB6] -> 0x1000
[818] [M]: 0x0000000080000CB4 (0x1000CEB7) lui t4, 0x1000c
x29 <- 0x000000001000C000

mem[X,0x0000000080000CB8] -> 0x8E93
mem[X,0x0000000080000CBA] -> 0x000E
[819] [M]: 0x0000000080000CB8 (0x000E8E93) addi t4, t4, 0x0
x29 <- 0x000000001000C000

mem[X,0x0000000080000CBC] -> 0x9E93
mem[X,0x0000000080000CBE] -> 0x00BE
[820] [M]: 0x0000000080000CBC (0x00BE9E93) slli t4, t4, 0xb
x29 <- 0x0000008006000000

mem[X,0x0000000080000CC0] -> 0x8E93
mem[X,0x0000000080000CC2] -> 0x002E
[821] [M]: 0x0000000080000CC0 (0x002E8E93) addi t4, t4, 0x2
x29 <- 0x0000008006000002

mem[X,0x0000000080000CC4] -> 0x9E93
mem[X,0x0000000080000CC6] -> 0x00BE
[822] [M]: 0x0000000080000CC4 (0x00BE9E93) slli t4, t4, 0xb
x29 <- 0x0004003000001000

mem[X,0x0000000080000CC8] -> 0x8E93
mem[X,0x0000000080000CCA] -> 0x030E
[823] [M]: 0x0000000080000CC8 (0x030E8E93) addi t4, t4, 0x30
x29 <- 0x0004003000001030

mem[X,0x0000000080000CCC] -> 0x9E93
mem[X,0x0000000080000CCE] -> 0x00AE
[824] [M]: 0x0000000080000CCC (0x00AE9E93) slli t4, t4, 0xa
x29 <- 0x1000C0000040C000

mem[X,0x0000000080000CD0] -> 0x0FBB
mem[X,0x0000000080000CD2] -> 0xB9DF
[825] [M]: 0x0000000080000CD0 (0xB9DF0FBB) paaddu.h t6, t5, t4
x31 <- 0x08046400801EDFBF

mem[X,0x0000000080000CD4] -> 0xB023
mem[X,0x0000000080000CD6] -> 0x0BF1
[826] [M]: 0x0000000080000CD4 (0x0BF1B023) sd t6, 0xa0(gp)
mem[0x0000000080004250] <- 0x08046400801EDFBF

mem[X,0x0000000080000CD8] -> 0xFF37
mem[X,0x0000000080000CDA] -> 0xFFBF
[827] [M]: 0x0000000080000CD8 (0xFFBFFF37) lui t5, -0x401
x30 <- 0xFFFFFFFFFFBFF000

mem[X,0x0000000080000CDC] -> 0x0F13
mem[X,0x0000000080000CDE] -> 0x7FFF
[828] [M]: 0x0000000080000CDC (0x7FFF0F13) addi t5, t5, 0x7ff
x30 <- 0xFFFFFFFFFFBFF7FF

mem[X,0x0000000080000CE0] -> 0x1F13
mem[X,0x0000000080000CE2] -> 0x00BF
[829] [M]: 0x0000000080000CE0 (0x00BF1F13) slli t5, t5, 0xb
x30 <- 0xFFFFFFFDFFBFF800

mem[X,0x0000000080000CE4] -> 0x0F13
mem[X,0x0000000080000CE6] -> 0x7EFF
[830] [M]: 0x0000000080000CE4 (0x7EFF0F13) addi t5, t5, 0x7ef
x30 <- 0xFFFFFFFDFFBFFFEF

mem[X,0x0000000080000CE8] -> 0x1F13
mem[X,0x0000000080000CEA] -> 0x00BF
[831] [M]: 0x0000000080000CE8 (0x00BF1F13) slli t5, t5, 0xb
x30 <- 0xFFFFEFFDFFFF7800

mem[X,0x0000000080000CEC] -> 0x0F13
mem[X,0x0000000080000CEE] -> 0x7FFF
[832] [M]: 0x0000000080000CEC (0x7FFF0F13) addi t5, t5, 0x7ff
x30 <- 0xFFFFEFFDFFFF7FFF

mem[X,0x0000000080000CF0] -> 0x1F13
mem[X,0x0000000080000CF2] -> 0x00AF
[833] [M]: 0x0000000080000CF0 (0x00AF1F13) slli t5, t5, 0xa
x30 <- 0xFFBFF7FFFDFFFC00

mem[X,0x0000000080000CF4] -> 0x0F13
mem[X,0x0000000080000CF6] -> 0x3FCF
[834] [M]: 0x0000000080000CF4 (0x3FCF0F13) addi t5, t5, 0x3fc
x30 <- 0xFFBFF7FFFDFFFFFC

mem[X,0x0000000080000CF8] -> 0x0EB7
mem[X,0x0000000080000CFA] -> 0x4001
[835] [M]: 0x0000000080000CF8 (0x40010EB7) lui t4, 0x40010
x29 <- 0x0000000040010000

mem[X,0x0000000080000CFC] -> 0x8E93
mem[X,0x0000000080000CFE] -> 0xDFFE
[836] [M]: 0x0000000080000CFC (0xDFFE8E93) addi t4, t4, -0x201
x29 <- 0x000000004000FDFF

mem[X,0x0000000080000D00] -> 0x9E93
mem[X,0x0000000080000D02] -> 0x00BE
[837] [M]: 0x0000000080000D00 (0x00BE9E93) slli t4, t4, 0xb
x29 <- 0x0000020007EFF800

mem[X,0x0000000080000D04] -> 0x8E93
mem[X,0x0000000080000D06] -> 0x008E
[838] [M]: 0x0000000080000D04 (0x008E8E93) addi t4, t4, 0x8
x29 <- 0x0000020007EFF808

mem[X,0x0000000080000D08] -> 0x9E93
mem[X,0x0000000080000D0A] -> 0x00BE
[839] [M]: 0x0000000080000D08 (0x00BE9E93) slli t4, t4, 0xb
x29 <- 0x0010003F7FC04000

mem[X,0x0000000080000D0C] -> 0x8E93
mem[X,0x0000000080000D0E] -> 0x000E
[840] [M]: 0x0000000080000D0C (0x000E8E93) addi t4, t4, 0x0
x29 <- 0x0010003F7FC04000

mem[X,0x0000000080000D10] -> 0x9E93
mem[X,0x0000000080000D12] -> 0x00AE
[841] [M]: 0x0000000080000D10 (0x00AE9E93) slli t4, t4, 0xa
x29 <- 0x4000FDFF01000000

mem[X,0x0000000080000D14] -> 0x8E93
mem[X,0x0000000080000D16] -> 0x020E
[842] [M]: 0x0000000080000D14 (0x020E8E93) addi t4, t4, 0x20
x29 <- 0x4000FDFF01000020

mem[X,0x0000000080000D18] -> 0x0FBB
mem[X,0x0000000080000D1A] -> 0xB9DF
[843] [M]: 0x0000000080000D18 (0xB9DF0FBB) paaddu.h t6, t5, t4
x31 <- 0x9FDFFAFF7F7F800E

mem[X,0x0000000080000D1C] -> 0xB423
mem[X,0x0000000080000D1E] -> 0x0BF1
[844] [M]: 0x0000000080000D1C (0x0BF1B423) sd t6, 0xa8(gp)
mem[0x0000000080004258] <- 0x9FDFFAFF7F7F800E

mem[X,0x0000000080000D20] -> 0x5F37
mem[X,0x0000000080000D22] -> 0x7FFF
[845] [M]: 0x0000000080000D20 (0x7FFF5F37) lui t5, 0x7fff5
x30 <- 0x000000007FFF5000

mem[X,0x0000000080000D24] -> 0x0F13
mem[X,0x0000000080000D26] -> 0x555F
[846] [M]: 0x0000000080000D24 (0x555F0F13) addi t5, t5, 0x555
x30 <- 0x000000007FFF5555

mem[X,0x0000000080000D28] -> 0x1F13
mem[X,0x0000000080000D2A] -> 0x00BF
[847] [M]: 0x0000000080000D28 (0x00BF1F13) slli t5, t5, 0xb
x30 <- 0x000003FFFAAAA800

mem[X,0x0000000080000D2C] -> 0x0F13
mem[X,0x0000000080000D2E] -> 0x7DFF
[848] [M]: 0x0000000080000D2C (0x7DFF0F13) addi t5, t5, 0x7df
x30 <- 0x000003FFFAAAAFDF

mem[X,0x0000000080000D30] -> 0x1F13
mem[X,0x0000000080000D32] -> 0x00BF
[849] [M]: 0x0000000080000D30 (0x00BF1F13) slli t5, t5, 0xb
x30 <- 0x001FFFD5557EF800

mem[X,0x0000000080000D34] -> 0x0F13
mem[X,0x0000000080000D36] -> 0x7FFF
[850] [M]: 0x0000000080000D34 (0x7FFF0F13) addi t5, t5, 0x7ff
x30 <- 0x001FFFD5557EFFFF

mem[X,0x0000000080000D38] -> 0x1F13
mem[X,0x0000000080000D3A] -> 0x00AF
[851] [M]: 0x0000000080000D38 (0x00AF1F13) slli t5, t5, 0xa
x30 <- 0x7FFF5555FBFFFC00

mem[X,0x0000000080000D3C] -> 0x0F13
mem[X,0x0000000080000D3E] -> 0x3F6F
[852] [M]: 0x0000000080000D3C (0x3F6F0F13) addi t5, t5, 0x3f6
x30 <- 0x7FFF5555FBFFFFF6

mem[X,0x0000000080000D40] -> 0x0EB7
mem[X,0x0000000080000D42] -> 0xFFFE
[853] [M]: 0x0000000080000D40 (0xFFFE0EB7) lui t4, -0x20
x29 <- 0xFFFFFFFFFFFE0000

mem[X,0x0000000080000D44] -> 0x8E93
mem[X,0x0000000080000D46] -> 0x040E
[854] [M]: 0x0000000080000D44 (0x040E8E93) addi t4, t4, 0x40
x29 <- 0xFFFFFFFFFFFE0040

mem[X,0x0000000080000D48] -> 0x9E93
mem[X,0x0000000080000D4A] -> 0x00BE
[855] [M]: 0x0000000080000D48 (0x00BE9E93) slli t4, t4, 0xb
x29 <- 0xFFFFFFFFF0020000

mem[X,0x0000000080000D4C] -> 0x8E93
mem[X,0x0000000080000D4E] -> 0x001E
[856] [M]: 0x0000000080000D4C (0x001E8E93) addi t4, t4, 0x1
x29 <- 0xFFFFFFFFF0020001

mem[X,0x0000000080000D50] -> 0x9E93
mem[X,0x0000000080000D52] -> 0x00BE
[857] [M]: 0x0000000080000D50 (0x00BE9E93) slli t4, t4, 0xb
x29 <- 0xFFFFFF8010000800

mem[X,0x0000000080000D54] -> 0x8E93
mem[X,0x0000000080000D56] -> 0x000E
[858] [M]: 0x0000000080000D54 (0x000E8E93) addi t4, t4, 0x0
x29 <- 0xFFFFFF8010000800

mem[X,0x0000000080000D58] -> 0x9E93
mem[X,0x0000000080000D5A] -> 0x00AE
[859] [M]: 0x0000000080000D58 (0x00AE9E93) slli t4, t4, 0xa
x29 <- 0xFFFE004000200000

mem[X,0x0000000080000D5C] -> 0x8E93
mem[X,0x0000000080000D5E] -> 0x007E
[860] [M]: 0x0000000080000D5C (0x007E8E93) addi t4, t4, 0x7
x29 <- 0xFFFE004000200007

mem[X,0x0000000080000D60] -> 0x0FBB
mem[X,0x0000000080000D62] -> 0xB9DF
[861] [M]: 0x0000000080000D60 (0xB9DF0FBB) paaddu.h t6, t5, t4
x31 <- 0xBFFE2ACA7E0F7FFE

mem[X,0x0000000080000D64] -> 0xB823
mem[X,0x0000000080000D66] -> 0x0BF1
[862] [M]: 0x0000000080000D64 (0x0BF1B823) sd t6, 0xb0(gp)
mem[0x0000000080004260] <- 0xBFFE2ACA7E0F7FFE

mem[X,0x0000000080000D68] -> 0x0F37
mem[X,0x0000000080000D6A] -> 0x0008
[863] [M]: 0x0000000080000D68 (0x00080F37) lui t5, 0x80
x30 <- 0x0000000000080000

mem[X,0x0000000080000D6C] -> 0x0F13
mem[X,0x0000000080000D6E] -> 0x000F
[864] [M]: 0x0000000080000D6C (0x000F0F13) addi t5, t5, 0x0
x30 <- 0x0000000000080000

mem[X,0x0000000080000D70] -> 0x1F13
mem[X,0x0000000080000D72] -> 0x00BF
[865] [M]: 0x0000000080000D70 (0x00BF1F13) slli t5, t5, 0xb
x30 <- 0x0000000040000000

mem[X,0x0000000080000D74] -> 0x0F13
mem[X,0x0000000080000D76] -> 0x000F
[866] [M]: 0x0000000080000D74 (0x000F0F13) addi t5, t5, 0x0
x30 <- 0x0000000040000000

mem[X,0x0000000080000D78] -> 0x1F13
mem[X,0x0000000080000D7A] -> 0x00BF
[867] [M]: 0x0000000080000D78 (0x00BF1F13) slli t5, t5, 0xb
x30 <- 0x0000020000000000

mem[X,0x0000000080000D7C] -> 0x0F13
mem[X,0x0000000080000D7E] -> 0x07FF
[868] [M]: 0x0000000080000D7C (0x07FF0F13) addi t5, t5, 0x7f
x30 <- 0x000002000000007F

mem[X,0x0000000080000D80] -> 0x1F13
mem[X,0x0000000080000D82] -> 0x00AF
[869] [M]: 0x0000000080000D80 (0x00AF1F13) slli t5, t5, 0xa
x30 <- 0x000800000001FC00

mem[X,0x0000000080000D84] -> 0x0F13
mem[X,0x0000000080000D86] -> 0x3FAF
[870] [M]: 0x0000000080000D84 (0x3FAF0F13) addi t5, t5, 0x3fa
x30 <- 0x000800000001FFFA

mem[X,0x0000000080000D88] -> 0x0EB7
mem[X,0x0000000080000D8A] -> 0xFFF7
[871] [M]: 0x0000000080000D88 (0xFFF70EB7) lui t4, -0x90
x29 <- 0xFFFFFFFFFFF70000

mem[X,0x0000000080000D8C] -> 0x8E93
mem[X,0x0000000080000D8E] -> 0x001E
[872] [M]: 0x0000000080000D8C (0x001E8E93) addi t4, t4, 0x1
x29 <- 0xFFFFFFFFFFF70001

mem[X,0x0000000080000D90] -> 0x9E93
mem[X,0x0000000080000D92] -> 0x00BE
[873] [M]: 0x0000000080000D90 (0x00BE9E93) slli t4, t4, 0xb
x29 <- 0xFFFFFFFFB8000800

mem[X,0x0000000080000D94] -> 0x8E93
mem[X,0x0000000080000D96] -> 0x400E
[874] [M]: 0x0000000080000D94 (0x400E8E93) addi t4, t4, 0x400
x29 <- 0xFFFFFFFFB8000C00

mem[X,0x0000000080000D98] -> 0x9E93
mem[X,0x0000000080000D9A] -> 0x00BE
[875] [M]: 0x0000000080000D98 (0x00BE9E93) slli t4, t4, 0xb
x29 <- 0xFFFFFDC000600000

mem[X,0x0000000080000D9C] -> 0x8E93
mem[X,0x0000000080000D9E] -> 0x030E
[876] [M]: 0x0000000080000D9C (0x030E8E93) addi t4, t4, 0x30
x29 <- 0xFFFFFDC000600030

mem[X,0x0000000080000DA0] -> 0x9E93
mem[X,0x0000000080000DA2] -> 0x00AE
[877] [M]: 0x0000000080000DA0 (0x00AE9E93) slli t4, t4, 0xa
x29 <- 0xFFF700018000C000

mem[X,0x0000000080000DA4] -> 0x0FBB
mem[X,0x0000000080000DA6] -> 0xB9DF
[878] [M]: 0x0000000080000DA4 (0xB9DF0FBB) paaddu.h t6, t5, t4
x31 <- 0x7FFF00004000DFFD

mem[X,0x0000000080000DA8] -> 0xBC23
mem[X,0x0000000080000DAA] -> 0x0BF1
[879] [M]: 0x0000000080000DA8 (0x0BF1BC23) sd t6, 0xb8(gp)
mem[0x0000000080004268] <- 0x7FFF00004000DFFD

mem[X,0x0000000080000DAC] -> 0x0F37
mem[X,0x0000000080000DAE] -> 0xF000
[880] [M]: 0x0000000080000DAC (0xF0000F37) lui t5, -0x10000
x30 <- 0xFFFFFFFFF0000000

mem[X,0x0000000080000DB0] -> 0x0F13
mem[X,0x0000000080000DB2] -> 0xFF9F
[881] [M]: 0x0000000080000DB0 (0xFF9F0F13) addi t5, t5, -0x7
x30 <- 0xFFFFFFFFEFFFFFF9

mem[X,0x0000000080000DB4] -> 0x1F13
mem[X,0x0000000080000DB6] -> 0x00BF
[882] [M]: 0x0000000080000DB4 (0x00BF1F13) slli t5, t5, 0xb
x30 <- 0xFFFFFF7FFFFFC800

mem[X,0x0000000080000DB8] -> 0x0F13
mem[X,0x0000000080000DBA] -> 0x000F
[883] [M]: 0x0000000080000DB8 (0x000F0F13) addi t5, t5, 0x0
x30 <- 0xFFFFFF7FFFFFC800

mem[X,0x0000000080000DBC] -> 0x1F13
mem[X,0x0000000080000DBE] -> 0x00BF
[884] [M]: 0x0000000080000DBC (0x00BF1F13) slli t5, t5, 0xb
x30 <- 0xFFFBFFFFFE400000

mem[X,0x0000000080000DC0] -> 0x0F13
mem[X,0x0000000080000DC2] -> 0x17FF
[885] [M]: 0x0000000080000DC0 (0x17FF0F13) addi t5, t5, 0x17f
x30 <- 0xFFFBFFFFFE40017F

mem[X,0x0000000080000DC4] -> 0x1F13
mem[X,0x0000000080000DC6] -> 0x00AF
[886] [M]: 0x0000000080000DC4 (0x00AF1F13) slli t5, t5, 0xa
x30 <- 0xEFFFFFF90005FC00

mem[X,0x0000000080000DC8] -> 0x0F13
mem[X,0x0000000080000DCA] -> 0x3FAF
[887] [M]: 0x0000000080000DC8 (0x3FAF0F13) addi t5, t5, 0x3fa
x30 <- 0xEFFFFFF90005FFFA

mem[X,0x0000000080000DCC] -> 0x0EB7
mem[X,0x0000000080000DCE] -> 0xFFF0
[888] [M]: 0x0000000080000DCC (0xFFF00EB7) lui t4, -0x100
x29 <- 0xFFFFFFFFFFF00000

mem[X,0x0000000080000DD0] -> 0x8E93
mem[X,0x0000000080000DD2] -> 0xFFCE
[889] [M]: 0x0000000080000DD0 (0xFFCE8E93) addi t4, t4, -0x4
x29 <- 0xFFFFFFFFFFEFFFFC

mem[X,0x0000000080000DD4] -> 0x9E93
mem[X,0x0000000080000DD6] -> 0x00BE
[890] [M]: 0x0000000080000DD4 (0x00BE9E93) slli t4, t4, 0xb
x29 <- 0xFFFFFFFF7FFFE000

mem[X,0x0000000080000DD8] -> 0x8E93
mem[X,0x0000000080000DDA] -> 0x5FFE
[891] [M]: 0x0000000080000DD8 (0x5FFE8E93) addi t4, t4, 0x5ff
x29 <- 0xFFFFFFFF7FFFE5FF

mem[X,0x0000000080000DDC] -> 0x9E93
mem[X,0x0000000080000DDE] -> 0x00BE
[892] [M]: 0x0000000080000DDC (0x00BE9E93) slli t4, t4, 0xb
x29 <- 0xFFFFFBFFFF2FF800

mem[X,0x0000000080000DE0] -> 0x8E93
mem[X,0x0000000080000DE2] -> 0x7C0E
[893] [M]: 0x0000000080000DE0 (0x7C0E8E93) addi t4, t4, 0x7c0
x29 <- 0xFFFFFBFFFF2FFFC0

mem[X,0x0000000080000DE4] -> 0x9E93
mem[X,0x0000000080000DE6] -> 0x00AE
[894] [M]: 0x0000000080000DE4 (0x00AE9E93) slli t4, t4, 0xa
x29 <- 0xFFEFFFFCBFFF0000

mem[X,0x0000000080000DE8] -> 0x8E93
mem[X,0x0000000080000DEA] -> 0x020E
[895] [M]: 0x0000000080000DE8 (0x020E8E93) addi t4, t4, 0x20
x29 <- 0xFFEFFFFCBFFF0020

mem[X,0x0000000080000DEC] -> 0x0FBB
mem[X,0x0000000080000DEE] -> 0xB9DF
[896] [M]: 0x0000000080000DEC (0xB9DF0FBB) paaddu.h t6, t5, t4
x31 <- 0xF7F7FFFA6002800D

mem[X,0x0000000080000DF0] -> 0xB023
mem[X,0x0000000080000DF2] -> 0x0DF1
[897] [M]: 0x0000000080000DF0 (0x0DF1B023) sd t6, 0xc0(gp)
mem[0x0000000080004270] <- 0xF7F7FFFA6002800D

mem[X,0x0000000080000DF4] -> 0x0F37
mem[X,0x0000000080000DF6] -> 0x0401
[898] [M]: 0x0000000080000DF4 (0x04010F37) lui t5, 0x4010
x30 <- 0x0000000004010000

mem[X,0x0000000080000DF8] -> 0x0F13
mem[X,0x0000000080000DFA] -> 0xFF6F
[899] [M]: 0x0000000080000DF8 (0xFF6F0F13) addi t5, t5, -0xa
x30 <- 0x000000000400FFF6

clint::tick mtime <- 0x0000000000000009
 clint timer pending at mtime 0x0000000000000009
htif::tick 0x0000000000000000
mem[X,0x0000000080000DFC] -> 0x1F13
mem[X,0x0000000080000DFE] -> 0x00BF
[900] [M]: 0x0000000080000DFC (0x00BF1F13) slli t5, t5, 0xb
x30 <- 0x0000002007FFB000

mem[X,0x0000000080000E00] -> 0x0F13
mem[X,0x0000000080000E02] -> 0x000F
[901] [M]: 0x0000000080000E00 (0x000F0F13) addi t5, t5, 0x0
x30 <- 0x0000002007FFB000

mem[X,0x0000000080000E04] -> 0x1F13
mem[X,0x0000000080000E06] -> 0x00BF
[902] [M]: 0x0000000080000E04 (0x00BF1F13) slli t5, t5, 0xb
x30 <- 0x0001003FFD800000

mem[X,0x0000000080000E08] -> 0x0F13
mem[X,0x0000000080000E0A] -> 0x43FF
[903] [M]: 0x0000000080000E08 (0x43FF0F13) addi t5, t5, 0x43f
x30 <- 0x0001003FFD80043F

mem[X,0x0000000080000E0C] -> 0x1F13
mem[X,0x0000000080000E0E] -> 0x00AF
[904] [M]: 0x0000000080000E0C (0x00AF1F13) slli t5, t5, 0xa
x30 <- 0x0400FFF60010FC00

mem[X,0x0000000080000E10] -> 0x0F13
mem[X,0x0000000080000E12] -> 0x3F8F
[905] [M]: 0x0000000080000E10 (0x3F8F0F13) addi t5, t5, 0x3f8
x30 <- 0x0400FFF60010FFF8

mem[X,0x0000000080000E14] -> 0x0EB7
mem[X,0x0000000080000E16] -> 0xFFBF
[906] [M]: 0x0000000080000E14 (0xFFBF0EB7) lui t4, -0x410
x29 <- 0xFFFFFFFFFFBF0000

mem[X,0x0000000080000E18] -> 0x8E93
mem[X,0x0000000080000E1A] -> 0x020E
[907] [M]: 0x0000000080000E18 (0x020E8E93) addi t4, t4, 0x20
x29 <- 0xFFFFFFFFFFBF0020

mem[X,0x0000000080000E1C] -> 0x9E93
mem[X,0x0000000080000E1E] -> 0x00BE
[908] [M]: 0x0000000080000E1C (0x00BE9E93) slli t4, t4, 0xb
x29 <- 0xFFFFFFFDF8010000

mem[X,0x0000000080000E20] -> 0x8E93
mem[X,0x0000000080000E22] -> 0x1FFE
[909] [M]: 0x0000000080000E20 (0x1FFE8E93) addi t4, t4, 0x1ff
x29 <- 0xFFFFFFFDF80101FF

mem[X,0x0000000080000E24] -> 0x9E93
mem[X,0x0000000080000E26] -> 0x00BE
[910] [M]: 0x0000000080000E24 (0x00BE9E93) slli t4, t4, 0xb
x29 <- 0xFFFFEFC0080FF800

mem[X,0x0000000080000E28] -> 0x8E93
mem[X,0x0000000080000E2A] -> 0x7C0E
[911] [M]: 0x0000000080000E28 (0x7C0E8E93) addi t4, t4, 0x7c0
x29 <- 0xFFFFEFC0080FFFC0

mem[X,0x0000000080000E2C] -> 0x9E93
mem[X,0x0000000080000E2E] -> 0x00AE
[912] [M]: 0x0000000080000E2C (0x00AE9E93) slli t4, t4, 0xa
x29 <- 0xFFBF00203FFF0000

mem[X,0x0000000080000E30] -> 0x8E93
mem[X,0x0000000080000E32] -> 0x005E
[913] [M]: 0x0000000080000E30 (0x005E8E93) addi t4, t4, 0x5
x29 <- 0xFFBF00203FFF0005

mem[X,0x0000000080000E34] -> 0x0FBB
mem[X,0x0000000080000E36] -> 0xB9DF
[914] [M]: 0x0000000080000E34 (0xB9DF0FBB) paaddu.h t6, t5, t4
x31 <- 0x81DF800B20077FFE

mem[X,0x0000000080000E38] -> 0xB423
mem[X,0x0000000080000E3A] -> 0x0DF1
[915] [M]: 0x0000000080000E38 (0x0DF1B423) sd t6, 0xc8(gp)
mem[0x0000000080004278] <- 0x81DF800B20077FFE

mem[X,0x0000000080000E3C] -> 0x1F37
mem[X,0x0000000080000E3E] -> 0xFFF6
[916] [M]: 0x0000000080000E3C (0xFFF61F37) lui t5, -0x9f
x30 <- 0xFFFFFFFFFFF61000

mem[X,0x0000000080000E40] -> 0x0F13
mem[X,0x0000000080000E42] -> 0x000F
[917] [M]: 0x0000000080000E40 (0x000F0F13) addi t5, t5, 0x0
x30 <- 0xFFFFFFFFFFF61000

mem[X,0x0000000080000E44] -> 0x1F13
mem[X,0x0000000080000E46] -> 0x00BF
[918] [M]: 0x0000000080000E44 (0x00BF1F13) slli t5, t5, 0xb
x30 <- 0xFFFFFFFFB0800000

mem[X,0x0000000080000E48] -> 0x0F13
mem[X,0x0000000080000E4A] -> 0x000F
[919] [M]: 0x0000000080000E48 (0x000F0F13) addi t5, t5, 0x0
x30 <- 0xFFFFFFFFB0800000

mem[X,0x0000000080000E4C] -> 0x1F13
mem[X,0x0000000080000E4E] -> 0x00BF
[920] [M]: 0x0000000080000E4C (0x00BF1F13) slli t5, t5, 0xb
x30 <- 0xFFFFFD8400000000

mem[X,0x0000000080000E50] -> 0x0F13
mem[X,0x0000000080000E52] -> 0x1BFF
[921] [M]: 0x0000000080000E50 (0x1BFF0F13) addi t5, t5, 0x1bf
x30 <- 0xFFFFFD84000001BF

mem[X,0x0000000080000E54] -> 0x1F13
mem[X,0x0000000080000E56] -> 0x00AF
[922] [M]: 0x0000000080000E54 (0x00AF1F13) slli t5, t5, 0xa
x30 <- 0xFFF610000006FC00

mem[X,0x0000000080000E58] -> 0x0F13
mem[X,0x0000000080000E5A] -> 0x3EFF
[923] [M]: 0x0000000080000E58 (0x3EFF0F13) addi t5, t5, 0x3ef
x30 <- 0xFFF610000006FFEF

mem[X,0x0000000080000E5C] -> 0x0EB7
mem[X,0x0000000080000E5E] -> 0xFC00
[924] [M]: 0x0000000080000E5C (0xFC000EB7) lui t4, -0x4000
x29 <- 0xFFFFFFFFFC000000

mem[X,0x0000000080000E60] -> 0x8E93
mem[X,0x0000000080000E62] -> 0xFF9E
[925] [M]: 0x0000000080000E60 (0xFF9E8E93) addi t4, t4, -0x7
x29 <- 0xFFFFFFFFFBFFFFF9

mem[X,0x0000000080000E64] -> 0x9E93
mem[X,0x0000000080000E66] -> 0x00BE
[926] [M]: 0x0000000080000E64 (0x00BE9E93) slli t4, t4, 0xb
x29 <- 0xFFFFFFDFFFFFC800

mem[X,0x0000000080000E68] -> 0x8E93
mem[X,0x0000000080000E6A] -> 0x1FFE
[927] [M]: 0x0000000080000E68 (0x1FFE8E93) addi t4, t4, 0x1ff
x29 <- 0xFFFFFFDFFFFFC9FF

mem[X,0x0000000080000E6C] -> 0x9E93
mem[X,0x0000000080000E6E] -> 0x00BE
[928] [M]: 0x0000000080000E6C (0x00BE9E93) slli t4, t4, 0xb
x29 <- 0xFFFEFFFFFE4FF800

mem[X,0x0000000080000E70] -> 0x8E93
mem[X,0x0000000080000E72] -> 0x7FFE
[929] [M]: 0x0000000080000E70 (0x7FFE8E93) addi t4, t4, 0x7ff
x29 <- 0xFFFEFFFFFE4FFFFF

mem[X,0x0000000080000E74] -> 0x9E93
mem[X,0x0000000080000E76] -> 0x00AE
[930] [M]: 0x0000000080000E74 (0x00AE9E93) slli t4, t4, 0xa
x29 <- 0xFBFFFFF93FFFFC00

mem[X,0x0000000080000E78] -> 0x8E93
mem[X,0x0000000080000E7A] -> 0x3FEE
[931] [M]: 0x0000000080000E78 (0x3FEE8E93) addi t4, t4, 0x3fe
x29 <- 0xFBFFFFF93FFFFFFE

mem[X,0x0000000080000E7C] -> 0x0FBB
mem[X,0x0000000080000E7E] -> 0xB9DF
[932] [M]: 0x0000000080000E7C (0xB9DF0FBB) paaddu.h t6, t5, t4
x31 <- 0xFDFA87FC2002FFF6

mem[X,0x0000000080000E80] -> 0xB823
mem[X,0x0000000080000E82] -> 0x0DF1
[933] [M]: 0x0000000080000E80 (0x0DF1B823) sd t6, 0xd0(gp)
mem[0x0000000080004280] <- 0xFDFA87FC2002FFF6

mem[X,0x0000000080000E84] -> 0x0F37
mem[X,0x0000000080000E86] -> 0xC000
[934] [M]: 0x0000000080000E84 (0xC0000F37) lui t5, -0x40000
x30 <- 0xFFFFFFFFC0000000

mem[X,0x0000000080000E88] -> 0x0F13
mem[X,0x0000000080000E8A] -> 0xFFBF
[935] [M]: 0x0000000080000E88 (0xFFBF0F13) addi t5, t5, -0x5
x30 <- 0xFFFFFFFFBFFFFFFB

mem[X,0x0000000080000E8C] -> 0x1F13
mem[X,0x0000000080000E8E] -> 0x00BF
[936] [M]: 0x0000000080000E8C (0x00BF1F13) slli t5, t5, 0xb
x30 <- 0xFFFFFDFFFFFFD800

mem[X,0x0000000080000E90] -> 0x0F13
mem[X,0x0000000080000E92] -> 0x000F
[937] [M]: 0x0000000080000E90 (0x000F0F13) addi t5, t5, 0x0
x30 <- 0xFFFFFDFFFFFFD800

mem[X,0x0000000080000E94] -> 0x1F13
mem[X,0x0000000080000E96] -> 0x00BF
[938] [M]: 0x0000000080000E94 (0x00BF1F13) slli t5, t5, 0xb
x30 <- 0xFFEFFFFFFEC00000

mem[X,0x0000000080000E98] -> 0x0F13
mem[X,0x0000000080000E9A] -> 0x17FF
[939] [M]: 0x0000000080000E98 (0x17FF0F13) addi t5, t5, 0x17f
x30 <- 0xFFEFFFFFFEC0017F

mem[X,0x0000000080000E9C] -> 0x1F13
mem[X,0x0000000080000E9E] -> 0x00AF
[940] [M]: 0x0000000080000E9C (0x00AF1F13) slli t5, t5, 0xa
x30 <- 0xBFFFFFFB0005FC00

mem[X,0x0000000080000EA0] -> 0x0F13
mem[X,0x0000000080000EA2] -> 0x3DFF
[941] [M]: 0x0000000080000EA0 (0x3DFF0F13) addi t5, t5, 0x3df
x30 <- 0xBFFFFFFB0005FFDF

mem[X,0x0000000080000EA4] -> 0x1EB7
mem[X,0x0000000080000EA6] -> 0xAAAA
[942] [M]: 0x0000000080000EA4 (0xAAAA1EB7) lui t4, -0x5555f
x29 <- 0xFFFFFFFFAAAA1000

mem[X,0x0000000080000EA8] -> 0x8E93
mem[X,0x0000000080000EAA] -> 0x000E
[943] [M]: 0x0000000080000EA8 (0x000E8E93) addi t4, t4, 0x0
x29 <- 0xFFFFFFFFAAAA1000

mem[X,0x0000000080000EAC] -> 0x9E93
mem[X,0x0000000080000EAE] -> 0x00BE
[944] [M]: 0x0000000080000EAC (0x00BE9E93) slli t4, t4, 0xb
x29 <- 0xFFFFFD5550800000

mem[X,0x0000000080000EB0] -> 0x8E93
mem[X,0x0000000080000EB2] -> 0x002E
[945] [M]: 0x0000000080000EB0 (0x002E8E93) addi t4, t4, 0x2
x29 <- 0xFFFFFD5550800002

mem[X,0x0000000080000EB4] -> 0x9E93
mem[X,0x0000000080000EB6] -> 0x00BE
[946] [M]: 0x0000000080000EB4 (0x00BE9E93) slli t4, t4, 0xb
x29 <- 0xFFEAAA8400001000

mem[X,0x0000000080000EB8] -> 0x8E93
mem[X,0x0000000080000EBA] -> 0x008E
[947] [M]: 0x0000000080000EB8 (0x008E8E93) addi t4, t4, 0x8
x29 <- 0xFFEAAA8400001008

mem[X,0x0000000080000EBC] -> 0x9E93
mem[X,0x0000000080000EBE] -> 0x00AE
[948] [M]: 0x0000000080000EBC (0x00AE9E93) slli t4, t4, 0xa
x29 <- 0xAAAA100000402000

mem[X,0x0000000080000EC0] -> 0x0FBB
mem[X,0x0000000080000EC2] -> 0xB9DF
[949] [M]: 0x0000000080000EC0 (0xB9DF0FBB) paaddu.h t6, t5, t4
x31 <- 0xB55487FD00228FEF

mem[X,0x0000000080000EC4] -> 0xBC23
mem[X,0x0000000080000EC6] -> 0x0DF1
[950] [M]: 0x0000000080000EC4 (0x0DF1BC23) sd t6, 0xd8(gp)
mem[0x0000000080004288] <- 0xB55487FD00228FEF

mem[X,0x0000000080000EC8] -> 0x8F37
mem[X,0x0000000080000ECA] -> 0x0040
[951] [M]: 0x0000000080000EC8 (0x00408F37) lui t5, 0x408
x30 <- 0x0000000000408000

mem[X,0x0000000080000ECC] -> 0x0F13
mem[X,0x0000000080000ECE] -> 0x000F
[952] [M]: 0x0000000080000ECC (0x000F0F13) addi t5, t5, 0x0
x30 <- 0x0000000000408000

mem[X,0x0000000080000ED0] -> 0x1F13
mem[X,0x0000000080000ED2] -> 0x00BF
[953] [M]: 0x0000000080000ED0 (0x00BF1F13) slli t5, t5, 0xb
x30 <- 0x0000000204000000

mem[X,0x0000000080000ED4] -> 0x0F13
mem[X,0x0000000080000ED6] -> 0x3FFF
[954] [M]: 0x0000000080000ED4 (0x3FFF0F13) addi t5, t5, 0x3ff
x30 <- 0x00000002040003FF

mem[X,0x0000000080000ED8] -> 0x1F13
mem[X,0x0000000080000EDA] -> 0x00BF
[955] [M]: 0x0000000080000ED8 (0x00BF1F13) slli t5, t5, 0xb
x30 <- 0x00001020001FF800

mem[X,0x0000000080000EDC] -> 0x0F13
mem[X,0x0000000080000EDE] -> 0x7EFF
[956] [M]: 0x0000000080000EDC (0x7EFF0F13) addi t5, t5, 0x7ef
x30 <- 0x00001020001FFFEF

mem[X,0x0000000080000EE0] -> 0x1F13
mem[X,0x0000000080000EE2] -> 0x00AF
[957] [M]: 0x0000000080000EE0 (0x00AF1F13) slli t5, t5, 0xa
x30 <- 0x004080007FFFBC00

mem[X,0x0000000080000EE4] -> 0x0F13
mem[X,0x0000000080000EE6] -> 0x3FFF
[958] [M]: 0x0000000080000EE4 (0x3FFF0F13) addi t5, t5, 0x3ff
x30 <- 0x004080007FFFBFFF

mem[X,0x0000000080000EE8] -> 0x0EB7
mem[X,0x0000000080000EEA] -> 0xFFDF
[959] [M]: 0x0000000080000EE8 (0xFFDF0EB7) lui t4, -0x210
x29 <- 0xFFFFFFFFFFDF0000

mem[X,0x0000000080000EEC] -> 0x8E93
mem[X,0x0000000080000EEE] -> 0x004E
[960] [M]: 0x0000000080000EEC (0x004E8E93) addi t4, t4, 0x4
x29 <- 0xFFFFFFFFFFDF0004

mem[X,0x0000000080000EF0] -> 0x9E93
mem[X,0x0000000080000EF2] -> 0x00BE
[961] [M]: 0x0000000080000EF0 (0x00BE9E93) slli t4, t4, 0xb
x29 <- 0xFFFFFFFEF8002000

mem[X,0x0000000080000EF4] -> 0x8E93
mem[X,0x0000000080000EF6] -> 0x600E
[962] [M]: 0x0000000080000EF4 (0x600E8E93) addi t4, t4, 0x600
x29 <- 0xFFFFFFFEF8002600

mem[X,0x0000000080000EF8] -> 0x9E93
mem[X,0x0000000080000EFA] -> 0x00BE
[963] [M]: 0x0000000080000EF8 (0x00BE9E93) slli t4, t4, 0xb
x29 <- 0xFFFFF7C001300000

mem[X,0x0000000080000EFC] -> 0x8E93
mem[X,0x0000000080000EFE] -> 0x01FE
[964] [M]: 0x0000000080000EFC (0x01FE8E93) addi t4, t4, 0x1f
x29 <- 0xFFFFF7C00130001F

mem[X,0x0000000080000F00] -> 0x9E93
mem[X,0x0000000080000F02] -> 0x00AE
[965] [M]: 0x0000000080000F00 (0x00AE9E93) slli t4, t4, 0xa
x29 <- 0xFFDF0004C0007C00

mem[X,0x0000000080000F04] -> 0x8E93
mem[X,0x0000000080000F06] -> 0x3FFE
[966] [M]: 0x0000000080000F04 (0x3FFE8E93) addi t4, t4, 0x3ff
x29 <- 0xFFDF0004C0007FFF

mem[X,0x0000000080000F08] -> 0x0FBB
mem[X,0x0000000080000F0A] -> 0xB9DF
[967] [M]: 0x0000000080000F08 (0xB9DF0FBB) paaddu.h t6, t5, t4
x31 <- 0x800F40029FFF9FFF

mem[X,0x0000000080000F0C] -> 0xB023
mem[X,0x0000000080000F0E] -> 0x0FF1
[968] [M]: 0x0000000080000F0C (0x0FF1B023) sd t6, 0xe0(gp)
mem[0x0000000080004290] <- 0x800F40029FFF9FFF

mem[X,0x0000000080000F10] -> 0x0F37
mem[X,0x0000000080000F12] -> 0x0000
[969] [M]: 0x0000000080000F10 (0x00000F37) lui t5, 0x0
x30 <- 0x0000000000000000

mem[X,0x0000000080000F14] -> 0x0F13
mem[X,0x0000000080000F16] -> 0x020F
[970] [M]: 0x0000000080000F14 (0x020F0F13) addi t5, t5, 0x20
x30 <- 0x0000000000000020

mem[X,0x0000000080000F18] -> 0x1F13
mem[X,0x0000000080000F1A] -> 0x00BF
[971] [M]: 0x0000000080000F18 (0x00BF1F13) slli t5, t5, 0xb
x30 <- 0x0000000000010000

mem[X,0x0000000080000F1C] -> 0x0F13
mem[X,0x0000000080000F1E] -> 0x000F
[972] [M]: 0x0000000080000F1C (0x000F0F13) addi t5, t5, 0x0
x30 <- 0x0000000000010000

mem[X,0x0000000080000F20] -> 0x1F13
mem[X,0x0000000080000F22] -> 0x00BF
[973] [M]: 0x0000000080000F20 (0x00BF1F13) slli t5, t5, 0xb
x30 <- 0x0000000008000000

mem[X,0x0000000080000F24] -> 0x0F13
mem[X,0x0000000080000F26] -> 0x255F
[974] [M]: 0x0000000080000F24 (0x255F0F13) addi t5, t5, 0x255
x30 <- 0x0000000008000255

mem[X,0x0000000080000F28] -> 0x1F13
mem[X,0x0000000080000F2A] -> 0x00AF
[975] [M]: 0x0000000080000F28 (0x00AF1F13) slli t5, t5, 0xa
x30 <- 0x0000002000095400

mem[X,0x0000000080000F2C] -> 0x0F13
mem[X,0x0000000080000F2E] -> 0x155F
[976] [M]: 0x0000000080000F2C (0x155F0F13) addi t5, t5, 0x155
x30 <- 0x0000002000095555

mem[X,0x0000000080000F30] -> 0x1EB7
mem[X,0x0000000080000F32] -> 0x0003
[977] [M]: 0x0000000080000F30 (0x00031EB7) lui t4, 0x31
x29 <- 0x0000000000031000

mem[X,0x0000000080000F34] -> 0x8E93
mem[X,0x0000000080000F36] -> 0x000E
[978] [M]: 0x0000000080000F34 (0x000E8E93) addi t4, t4, 0x0
x29 <- 0x0000000000031000

mem[X,0x0000000080000F38] -> 0x9E93
mem[X,0x0000000080000F3A] -> 0x00BE
[979] [M]: 0x0000000080000F38 (0x00BE9E93) slli t4, t4, 0xb
x29 <- 0x0000000018800000

mem[X,0x0000000080000F3C] -> 0x8E93
mem[X,0x0000000080000F3E] -> 0x7DFE
[980] [M]: 0x0000000080000F3C (0x7DFE8E93) addi t4, t4, 0x7df
x29 <- 0x00000000188007DF

mem[X,0x0000000080000F40] -> 0x9E93
mem[X,0x0000000080000F42] -> 0x00BE
[981] [M]: 0x0000000080000F40 (0x00BE9E93) slli t4, t4, 0xb
x29 <- 0x000000C4003EF800

mem[X,0x0000000080000F44] -> 0x8E93
mem[X,0x0000000080000F46] -> 0x7FFE
[982] [M]: 0x0000000080000F44 (0x7FFE8E93) addi t4, t4, 0x7ff
x29 <- 0x000000C4003EFFFF

mem[X,0x0000000080000F48] -> 0x9E93
mem[X,0x0000000080000F4A] -> 0x00AE
[983] [M]: 0x0000000080000F48 (0x00AE9E93) slli t4, t4, 0xa
x29 <- 0x00031000FBFFFC00

mem[X,0x0000000080000F4C] -> 0x8E93
mem[X,0x0000000080000F4E] -> 0x3F7E
[984] [M]: 0x0000000080000F4C (0x3F7E8E93) addi t4, t4, 0x3f7
x29 <- 0x00031000FBFFFFF7

mem[X,0x0000000080000F50] -> 0x0FBB
mem[X,0x0000000080000F52] -> 0xB9DF
[985] [M]: 0x0000000080000F50 (0xB9DF0FBB) paaddu.h t6, t5, t4
x31 <- 0x000108107E04AAA6

mem[X,0x0000000080000F54] -> 0xB423
mem[X,0x0000000080000F56] -> 0x0FF1
[986] [M]: 0x0000000080000F54 (0x0FF1B423) sd t6, 0xe8(gp)
mem[0x0000000080004298] <- 0x000108107E04AAA6

mem[X,0x0000000080000F58] -> 0x0F37
mem[X,0x0000000080000F5A] -> 0x4000
[987] [M]: 0x0000000080000F58 (0x40000F37) lui t5, 0x40000
x30 <- 0x0000000040000000

mem[X,0x0000000080000F5C] -> 0x0F13
mem[X,0x0000000080000F5E] -> 0x006F
[988] [M]: 0x0000000080000F5C (0x006F0F13) addi t5, t5, 0x6
x30 <- 0x0000000040000006

mem[X,0x0000000080000F60] -> 0x1F13
mem[X,0x0000000080000F62] -> 0x00BF
[989] [M]: 0x0000000080000F60 (0x00BF1F13) slli t5, t5, 0xb
x30 <- 0x0000020000003000

mem[X,0x0000000080000F64] -> 0x0F13
mem[X,0x0000000080000F66] -> 0x7FFF
[990] [M]: 0x0000000080000F64 (0x7FFF0F13) addi t5, t5, 0x7ff
x30 <- 0x00000200000037FF

mem[X,0x0000000080000F68] -> 0x1F13
mem[X,0x0000000080000F6A] -> 0x00BF
[991] [M]: 0x0000000080000F68 (0x00BF1F13) slli t5, t5, 0xb
x30 <- 0x0010000001BFF800

mem[X,0x0000000080000F6C] -> 0x0F13
mem[X,0x0000000080000F6E] -> 0x72AF
[992] [M]: 0x0000000080000F6C (0x72AF0F13) addi t5, t5, 0x72a
x30 <- 0x0010000001BFFF2A

mem[X,0x0000000080000F70] -> 0x1F13
mem[X,0x0000000080000F72] -> 0x00AF
[993] [M]: 0x0000000080000F70 (0x00AF1F13) slli t5, t5, 0xa
x30 <- 0x40000006FFFCA800

mem[X,0x0000000080000F74] -> 0x0F13
mem[X,0x0000000080000F76] -> 0x2AAF
[994] [M]: 0x0000000080000F74 (0x2AAF0F13) addi t5, t5, 0x2aa
x30 <- 0x40000006FFFCAAAA

mem[X,0x0000000080000F78] -> 0x0EB7
mem[X,0x0000000080000F7A] -> 0xFBFF
[995] [M]: 0x0000000080000F78 (0xFBFF0EB7) lui t4, -0x4010
x29 <- 0xFFFFFFFFFBFF0000

mem[X,0x0000000080000F7C] -> 0x8E93
mem[X,0x0000000080000F7E] -> 0x004E
[996] [M]: 0x0000000080000F7C (0x004E8E93) addi t4, t4, 0x4
x29 <- 0xFFFFFFFFFBFF0004

mem[X,0x0000000080000F80] -> 0x9E93
mem[X,0x0000000080000F82] -> 0x00BE
[997] [M]: 0x0000000080000F80 (0x00BE9E93) slli t4, t4, 0xb
x29 <- 0xFFFFFFDFF8002000

mem[X,0x0000000080000F84] -> 0x8E93
mem[X,0x0000000080000F86] -> 0x000E
[998] [M]: 0x0000000080000F84 (0x000E8E93) addi t4, t4, 0x0
x29 <- 0xFFFFFFDFF8002000

mem[X,0x0000000080000F88] -> 0x9E93
mem[X,0x0000000080000F8A] -> 0x00BE
[999] [M]: 0x0000000080000F88 (0x00BE9E93) slli t4, t4, 0xb
x29 <- 0xFFFEFFC001000000

clint::tick mtime <- 0x000000000000000A
 clint timer pending at mtime 0x000000000000000A
htif::tick 0x0000000000000000
mem[X,0x0000000080000F8C] -> 0x8E93
mem[X,0x0000000080000F8E] -> 0x0FFE
[1000] [M]: 0x0000000080000F8C (0x0FFE8E93) addi t4, t4, 0xff
x29 <- 0xFFFEFFC0010000FF

mem[X,0x0000000080000F90] -> 0x9E93
mem[X,0x0000000080000F92] -> 0x00AE
[1001] [M]: 0x0000000080000F90 (0x00AE9E93) slli t4, t4, 0xa
x29 <- 0xFBFF00040003FC00

mem[X,0x0000000080000F94] -> 0x8E93
mem[X,0x0000000080000F96] -> 0x37FE
[1002] [M]: 0x0000000080000F94 (0x37FE8E93) addi t4, t4, 0x37f
x29 <- 0xFBFF00040003FF7F

mem[X,0x0000000080000F98] -> 0x0FBB
mem[X,0x0000000080000F9A] -> 0xB9DF
[1003] [M]: 0x0000000080000F98 (0xB9DF0FBB) paaddu.h t6, t5, t4
x31 <- 0x9DFF00057FFFD514

mem[X,0x0000000080000F9C] -> 0xB823
mem[X,0x0000000080000F9E] -> 0x0FF1
[1004] [M]: 0x0000000080000F9C (0x0FF1B823) sd t6, 0xf0(gp)
mem[0x00000000800042A0] <- 0x9DFF00057FFFD514

mem[X,0x0000000080000FA0] -> 0x0F37
mem[X,0x0000000080000FA2] -> 0x0800
[1005] [M]: 0x0000000080000FA0 (0x08000F37) lui t5, 0x8000
x30 <- 0x0000000008000000

mem[X,0x0000000080000FA4] -> 0x0F13
mem[X,0x0000000080000FA6] -> 0x006F
[1006] [M]: 0x0000000080000FA4 (0x006F0F13) addi t5, t5, 0x6
x30 <- 0x0000000008000006

mem[X,0x0000000080000FA8] -> 0x1F13
mem[X,0x0000000080000FAA] -> 0x00BF
[1007] [M]: 0x0000000080000FA8 (0x00BF1F13) slli t5, t5, 0xb
x30 <- 0x0000004000003000

mem[X,0x0000000080000FAC] -> 0x0F13
mem[X,0x0000000080000FAE] -> 0x400F
[1008] [M]: 0x0000000080000FAC (0x400F0F13) addi t5, t5, 0x400
x30 <- 0x0000004000003400

mem[X,0x0000000080000FB0] -> 0x1F13
mem[X,0x0000000080000FB2] -> 0x00BF
[1009] [M]: 0x0000000080000FB0 (0x00BF1F13) slli t5, t5, 0xb
x30 <- 0x0002000001A00000

mem[X,0x0000000080000FB4] -> 0x0F13
mem[X,0x0000000080000FB6] -> 0x000F
[1010] [M]: 0x0000000080000FB4 (0x000F0F13) addi t5, t5, 0x0
x30 <- 0x0002000001A00000

mem[X,0x0000000080000FB8] -> 0x1F13
mem[X,0x0000000080000FBA] -> 0x00AF
[1011] [M]: 0x0000000080000FB8 (0x00AF1F13) slli t5, t5, 0xa
x30 <- 0x0800000680000000

mem[X,0x0000000080000FBC] -> 0x0F13
mem[X,0x0000000080000FBE] -> 0x001F
[1012] [M]: 0x0000000080000FBC (0x001F0F13) addi t5, t5, 0x1
x30 <- 0x0800000680000001

mem[X,0x0000000080000FC0] -> 0x8EB7
mem[X,0x0000000080000FC2] -> 0xFEFF
[1013] [M]: 0x0000000080000FC0 (0xFEFF8EB7) lui t4, -0x1008
x29 <- 0xFFFFFFFFFEFF8000

mem[X,0x0000000080000FC4] -> 0x8E93
mem[X,0x0000000080000FC6] -> 0x000E
[1014] [M]: 0x0000000080000FC4 (0x000E8E93) addi t4, t4, 0x0
x29 <- 0xFFFFFFFFFEFF8000

mem[X,0x0000000080000FC8] -> 0x9E93
mem[X,0x0000000080000FCA] -> 0x00BE
[1015] [M]: 0x0000000080000FC8 (0x00BE9E93) slli t4, t4, 0xb
x29 <- 0xFFFFFFF7FC000000

mem[X,0x0000000080000FCC] -> 0x8E93
mem[X,0x0000000080000FCE] -> 0x000E
[1016] [M]: 0x0000000080000FCC (0x000E8E93) addi t4, t4, 0x0
x29 <- 0xFFFFFFF7FC000000

mem[X,0x0000000080000FD0] -> 0x9E93
mem[X,0x0000000080000FD2] -> 0x00BE
[1017] [M]: 0x0000000080000FD0 (0x00BE9E93) slli t4, t4, 0xb
x29 <- 0xFFFFBFE000000000

mem[X,0x0000000080000FD4] -> 0x8E93
mem[X,0x0000000080000FD6] -> 0x188E
[1018] [M]: 0x0000000080000FD4 (0x188E8E93) addi t4, t4, 0x188
x29 <- 0xFFFFBFE000000188

mem[X,0x0000000080000FD8] -> 0x9E93
mem[X,0x0000000080000FDA] -> 0x00AE
[1019] [M]: 0x0000000080000FD8 (0x00AE9E93) slli t4, t4, 0xa
x29 <- 0xFEFF800000062000

mem[X,0x0000000080000FDC] -> 0x0FBB
mem[X,0x0000000080000FDE] -> 0xB9DF
[1020] [M]: 0x0000000080000FDC (0xB9DF0FBB) paaddu.h t6, t5, t4
x31 <- 0x837F400340031000

mem[X,0x0000000080000FE0] -> 0xBC23
mem[X,0x0000000080000FE2] -> 0x0FF1
[1021] [M]: 0x0000000080000FE0 (0x0FF1BC23) sd t6, 0xf8(gp)
mem[0x00000000800042A8] <- 0x837F400340031000

mem[X,0x0000000080000FE4] -> 0x2F37
mem[X,0x0000000080000FE6] -> 0xFFFC
[1022] [M]: 0x0000000080000FE4 (0xFFFC2F37) lui t5, -0x3e
x30 <- 0xFFFFFFFFFFFC2000

mem[X,0x0000000080000FE8] -> 0x0F13
mem[X,0x0000000080000FEA] -> 0x000F
[1023] [M]: 0x0000000080000FE8 (0x000F0F13) addi t5, t5, 0x0
x30 <- 0xFFFFFFFFFFFC2000

mem[X,0x0000000080000FEC] -> 0x1F13
mem[X,0x0000000080000FEE] -> 0x00BF
[1024] [M]: 0x0000000080000FEC (0x00BF1F13) slli t5, t5, 0xb
x30 <- 0xFFFFFFFFE1000000

mem[X,0x0000000080000FF0] -> 0x0F13
mem[X,0x0000000080000FF2] -> 0x000F
[1025] [M]: 0x0000000080000FF0 (0x000F0F13) addi t5, t5, 0x0
x30 <- 0xFFFFFFFFE1000000

mem[X,0x0000000080000FF4] -> 0x1F13
mem[X,0x0000000080000FF6] -> 0x00BF
[1026] [M]: 0x0000000080000FF4 (0x00BF1F13) slli t5, t5, 0xb
x30 <- 0xFFFFFF0800000000

mem[X,0x0000000080000FF8] -> 0x0F13
mem[X,0x0000000080000FFA] -> 0x0BBF
[1027] [M]: 0x0000000080000FF8 (0x0BBF0F13) addi t5, t5, 0xbb
x30 <- 0xFFFFFF08000000BB

mem[X,0x0000000080000FFC] -> 0x1F13
mem[X,0x0000000080000FFE] -> 0x00AF
[1028] [M]: 0x0000000080000FFC (0x00AF1F13) slli t5, t5, 0xa
x30 <- 0xFFFC20000002EC00

mem[X,0x0000000080001000] -> 0x0F13
mem[X,0x0000000080001002] -> 0x3FFF
[1029] [M]: 0x0000000080001000 (0x3FFF0F13) addi t5, t5, 0x3ff
x30 <- 0xFFFC20000002EFFF

mem[X,0x0000000080001004] -> 0xEEB7
mem[X,0x0000000080001006] -> 0x7FFF
[1030] [M]: 0x0000000080001004 (0x7FFFEEB7) lui t4, 0x7fffe
x29 <- 0x000000007FFFE000

mem[X,0x0000000080001008] -> 0x8E93
mem[X,0x000000008000100A] -> 0xFFFE
[1031] [M]: 0x0000000080001008 (0xFFFE8E93) addi t4, t4, -0x1
x29 <- 0x000000007FFFDFFF

mem[X,0x000000008000100C] -> 0x9E93
mem[X,0x000000008000100E] -> 0x00BE
[1032] [M]: 0x000000008000100C (0x00BE9E93) slli t4, t4, 0xb
x29 <- 0x000003FFFEFFF800

mem[X,0x0000000080001010] -> 0x8E93
mem[X,0x0000000080001012] -> 0x7FFE
[1033] [M]: 0x0000000080001010 (0x7FFE8E93) addi t4, t4, 0x7ff
x29 <- 0x000003FFFEFFFFFF

mem[X,0x0000000080001014] -> 0x9E93
mem[X,0x0000000080001016] -> 0x00BE
[1034] [M]: 0x0000000080001014 (0x00BE9E93) slli t4, t4, 0xb
x29 <- 0x001FFFF7FFFFF800

mem[X,0x0000000080001018] -> 0x8E93
mem[X,0x000000008000101A] -> 0x77FE
[1035] [M]: 0x0000000080001018 (0x77FE8E93) addi t4, t4, 0x77f
x29 <- 0x001FFFF7FFFFFF7F

mem[X,0x000000008000101C] -> 0x9E93
mem[X,0x000000008000101E] -> 0x00AE
[1036] [M]: 0x000000008000101C (0x00AE9E93) slli t4, t4, 0xa
x29 <- 0x7FFFDFFFFFFDFC00

mem[X,0x0000000080001020] -> 0x8E93
mem[X,0x0000000080001022] -> 0x2FFE
[1037] [M]: 0x0000000080001020 (0x2FFE8E93) addi t4, t4, 0x2ff
x29 <- 0x7FFFDFFFFFFDFEFF

mem[X,0x0000000080001024] -> 0x0FBB
mem[X,0x0000000080001026] -> 0xB9DF
[1038] [M]: 0x0000000080001024 (0xB9DF0FBB) paaddu.h t6, t5, t4
x31 <- 0xBFFD7FFF7FFFF77F

mem[X,0x0000000080001028] -> 0xB023
mem[X,0x000000008000102A] -> 0x11F1
[1039] [M]: 0x0000000080001028 (0x11F1B023) sd t6, 0x100(gp)
mem[0x00000000800042B0] <- 0xBFFD7FFF7FFFF77F

mem[X,0x000000008000102C] -> 0x0F37
mem[X,0x000000008000102E] -> 0x2001
[1040] [M]: 0x000000008000102C (0x20010F37) lui t5, 0x20010
x30 <- 0x0000000020010000

mem[X,0x0000000080001030] -> 0x0F13
mem[X,0x0000000080001032] -> 0xFFDF
[1041] [M]: 0x0000000080001030 (0xFFDF0F13) addi t5, t5, -0x3
x30 <- 0x000000002000FFFD

mem[X,0x0000000080001034] -> 0x1F13
mem[X,0x0000000080001036] -> 0x00BF
[1042] [M]: 0x0000000080001034 (0x00BF1F13) slli t5, t5, 0xb
x30 <- 0x0000010007FFE800

mem[X,0x0000000080001038] -> 0x0F13
mem[X,0x000000008000103A] -> 0x000F
[1043] [M]: 0x0000000080001038 (0x000F0F13) addi t5, t5, 0x0
x30 <- 0x0000010007FFE800

mem[X,0x000000008000103C] -> 0x1F13
mem[X,0x000000008000103E] -> 0x00BF
[1044] [M]: 0x000000008000103C (0x00BF1F13) slli t5, t5, 0xb
x30 <- 0x0008003FFF400000

mem[X,0x0000000080001040] -> 0x0F13
mem[X,0x0000000080001042] -> 0x13FF
[1045] [M]: 0x0000000080001040 (0x13FF0F13) addi t5, t5, 0x13f
x30 <- 0x0008003FFF40013F

mem[X,0x0000000080001044] -> 0x1F13
mem[X,0x0000000080001046] -> 0x00AF
[1046] [M]: 0x0000000080001044 (0x00AF1F13) slli t5, t5, 0xa
x30 <- 0x2000FFFD0004FC00

mem[X,0x0000000080001048] -> 0x0F13
mem[X,0x000000008000104A] -> 0x3F9F
[1047] [M]: 0x0000000080001048 (0x3F9F0F13) addi t5, t5, 0x3f9
x30 <- 0x2000FFFD0004FFF9

mem[X,0x000000008000104C] -> 0x0EB7
mem[X,0x000000008000104E] -> 0xFFEF
[1048] [M]: 0x000000008000104C (0xFFEF0EB7) lui t4, -0x110
x29 <- 0xFFFFFFFFFFEF0000

mem[X,0x0000000080001050] -> 0x8E93
mem[X,0x0000000080001052] -> 0x020E
[1049] [M]: 0x0000000080001050 (0x020E8E93) addi t4, t4, 0x20
x29 <- 0xFFFFFFFFFFEF0020

mem[X,0x0000000080001054] -> 0x9E93
mem[X,0x0000000080001056] -> 0x00BE
[1050] [M]: 0x0000000080001054 (0x00BE9E93) slli t4, t4, 0xb
x29 <- 0xFFFFFFFF78010000

mem[X,0x0000000080001058] -> 0x8E93
mem[X,0x000000008000105A] -> 0x7BFE
[1051] [M]: 0x0000000080001058 (0x7BFE8E93) addi t4, t4, 0x7bf
x29 <- 0xFFFFFFFF780107BF

mem[X,0x000000008000105C] -> 0x9E93
mem[X,0x000000008000105E] -> 0x00BE
[1052] [M]: 0x000000008000105C (0x00BE9E93) slli t4, t4, 0xb
x29 <- 0xFFFFFBC0083DF800

mem[X,0x0000000080001060] -> 0x8E93
mem[X,0x0000000080001062] -> 0x7FFE
[1053] [M]: 0x0000000080001060 (0x7FFE8E93) addi t4, t4, 0x7ff
x29 <- 0xFFFFFBC0083DFFFF

mem[X,0x0000000080001064] -> 0x9E93
mem[X,0x0000000080001066] -> 0x00AE
[1054] [M]: 0x0000000080001064 (0x00AE9E93) slli t4, t4, 0xa
x29 <- 0xFFEF0020F7FFFC00

mem[X,0x0000000080001068] -> 0x8E93
mem[X,0x000000008000106A] -> 0x3FBE
[1055] [M]: 0x0000000080001068 (0x3FBE8E93) addi t4, t4, 0x3fb
x29 <- 0xFFEF0020F7FFFFFB

mem[X,0x000000008000106C] -> 0x0FBB
mem[X,0x000000008000106E] -> 0xB9DF
[1056] [M]: 0x000000008000106C (0xB9DF0FBB) paaddu.h t6, t5, t4
x31 <- 0x8FF7800E7C01FFFA

mem[X,0x0000000080001070] -> 0xB423
mem[X,0x0000000080001072] -> 0x11F1
[1057] [M]: 0x0000000080001070 (0x11F1B423) sd t6, 0x108(gp)
mem[0x00000000800042B8] <- 0x8FF7800E7C01FFFA

mem[X,0x0000000080001074] -> 0x0F37
mem[X,0x0000000080001076] -> 0xFFFB
[1058] [M]: 0x0000000080001074 (0xFFFB0F37) lui t5, -0x50
x30 <- 0xFFFFFFFFFFFB0000

mem[X,0x0000000080001078] -> 0x0F13
mem[X,0x000000008000107A] -> 0xFFBF
[1059] [M]: 0x0000000080001078 (0xFFBF0F13) addi t5, t5, -0x5
x30 <- 0xFFFFFFFFFFFAFFFB

mem[X,0x000000008000107C] -> 0x1F13
mem[X,0x000000008000107E] -> 0x00BF
[1060] [M]: 0x000000008000107C (0x00BF1F13) slli t5, t5, 0xb
x30 <- 0xFFFFFFFFD7FFD800

mem[X,0x0000000080001080] -> 0x0F13
mem[X,0x0000000080001082] -> 0x000F
[1061] [M]: 0x0000000080001080 (0x000F0F13) addi t5, t5, 0x0
x30 <- 0xFFFFFFFFD7FFD800

mem[X,0x0000000080001084] -> 0x1F13
mem[X,0x0000000080001086] -> 0x00BF
[1062] [M]: 0x0000000080001084 (0x00BF1F13) slli t5, t5, 0xb
x30 <- 0xFFFFFEBFFEC00000

mem[X,0x0000000080001088] -> 0x0F13
mem[X,0x000000008000108A] -> 0x23FF
[1063] [M]: 0x0000000080001088 (0x23FF0F13) addi t5, t5, 0x23f
x30 <- 0xFFFFFEBFFEC0023F

mem[X,0x000000008000108C] -> 0x1F13
mem[X,0x000000008000108E] -> 0x00AF
[1064] [M]: 0x000000008000108C (0x00AF1F13) slli t5, t5, 0xa
x30 <- 0xFFFAFFFB0008FC00

mem[X,0x0000000080001090] -> 0x0F13
mem[X,0x0000000080001092] -> 0x3F8F
[1065] [M]: 0x0000000080001090 (0x3F8F0F13) addi t5, t5, 0x3f8
x30 <- 0xFFFAFFFB0008FFF8

mem[X,0x0000000080001094] -> 0x0EB7
mem[X,0x0000000080001096] -> 0xC000
[1066] [M]: 0x0000000080001094 (0xC0000EB7) lui t4, -0x40000
x29 <- 0xFFFFFFFFC0000000

mem[X,0x0000000080001098] -> 0x8E93
mem[X,0x000000008000109A] -> 0x005E
[1067] [M]: 0x0000000080001098 (0x005E8E93) addi t4, t4, 0x5
x29 <- 0xFFFFFFFFC0000005

mem[X,0x000000008000109C] -> 0x9E93
mem[X,0x000000008000109E] -> 0x00BE
[1068] [M]: 0x000000008000109C (0x00BE9E93) slli t4, t4, 0xb
x29 <- 0xFFFFFE0000002800

mem[X,0x00000000800010A0] -> 0x8E93
mem[X,0x00000000800010A2] -> 0x000E
[1069] [M]: 0x00000000800010A0 (0x000E8E93) addi t4, t4, 0x0
x29 <- 0xFFFFFE0000002800

mem[X,0x00000000800010A4] -> 0x9E93
mem[X,0x00000000800010A6] -> 0x00BE
[1070] [M]: 0x00000000800010A4 (0x00BE9E93) slli t4, t4, 0xb
x29 <- 0xFFF0000001400000

mem[X,0x00000000800010A8] -> 0x8E93
mem[X,0x00000000800010AA] -> 0x17EE
[1071] [M]: 0x00000000800010A8 (0x17EE8E93) addi t4, t4, 0x17e
x29 <- 0xFFF000000140017E

mem[X,0x00000000800010AC] -> 0x9E93
mem[X,0x00000000800010AE] -> 0x00AE
[1072] [M]: 0x00000000800010AC (0x00AE9E93) slli t4, t4, 0xa
x29 <- 0xC00000050005F800

mem[X,0x00000000800010B0] -> 0x8E93
mem[X,0x00000000800010B2] -> 0x3FFE
[1073] [M]: 0x00000000800010B0 (0x3FFE8E93) addi t4, t4, 0x3ff
x29 <- 0xC00000050005FBFF

mem[X,0x00000000800010B4] -> 0x0FBB
mem[X,0x00000000800010B6] -> 0xB9DF
[1074] [M]: 0x00000000800010B4 (0xB9DF0FBB) paaddu.h t6, t5, t4
x31 <- 0xDFFD80000006FDFB

mem[X,0x00000000800010B8] -> 0xB823
mem[X,0x00000000800010BA] -> 0x11F1
[1075] [M]: 0x00000000800010B8 (0x11F1B823) sd t6, 0x110(gp)
mem[0x00000000800042C0] <- 0xDFFD80000006FDFB

mem[X,0x00000000800010BC] -> 0x0F37
mem[X,0x00000000800010BE] -> 0x0100
[1076] [M]: 0x00000000800010BC (0x01000F37) lui t5, 0x1000
x30 <- 0x0000000001000000

mem[X,0x00000000800010C0] -> 0x0F13
mem[X,0x00000000800010C2] -> 0x020F
[1077] [M]: 0x00000000800010C0 (0x020F0F13) addi t5, t5, 0x20
x30 <- 0x0000000001000020

mem[X,0x00000000800010C4] -> 0x1F13
mem[X,0x00000000800010C6] -> 0x00BF
[1078] [M]: 0x00000000800010C4 (0x00BF1F13) slli t5, t5, 0xb
x30 <- 0x0000000800010000

mem[X,0x00000000800010C8] -> 0x0F13
mem[X,0x00000000800010CA] -> 0x001F
[1079] [M]: 0x00000000800010C8 (0x001F0F13) addi t5, t5, 0x1
x30 <- 0x0000000800010001

mem[X,0x00000000800010CC] -> 0x1F13
mem[X,0x00000000800010CE] -> 0x00BF
[1080] [M]: 0x00000000800010CC (0x00BF1F13) slli t5, t5, 0xb
x30 <- 0x0000400008000800

mem[X,0x00000000800010D0] -> 0x0F13
mem[X,0x00000000800010D2] -> 0x03FF
[1081] [M]: 0x00000000800010D0 (0x03FF0F13) addi t5, t5, 0x3f
x30 <- 0x000040000800083F

mem[X,0x00000000800010D4] -> 0x1F13
mem[X,0x00000000800010D6] -> 0x00AF
[1082] [M]: 0x00000000800010D4 (0x00AF1F13) slli t5, t5, 0xa
x30 <- 0x010000200020FC00

mem[X,0x00000000800010D8] -> 0x0F13
mem[X,0x00000000800010DA] -> 0x2FFF
[1083] [M]: 0x00000000800010D8 (0x2FFF0F13) addi t5, t5, 0x2ff
x30 <- 0x010000200020FEFF

mem[X,0x00000000800010DC] -> 0x0EB7
mem[X,0x00000000800010DE] -> 0x000A
[1084] [M]: 0x00000000800010DC (0x000A0EB7) lui t4, 0xa0
x29 <- 0x00000000000A0000

mem[X,0x00000000800010E0] -> 0x8E93
mem[X,0x00000000800010E2] -> 0xFDFE
[1085] [M]: 0x00000000800010E0 (0xFDFE8E93) addi t4, t4, -0x21
x29 <- 0x000000000009FFDF

mem[X,0x00000000800010E4] -> 0x9E93
mem[X,0x00000000800010E6] -> 0x00BE
[1086] [M]: 0x00000000800010E4 (0x00BE9E93) slli t4, t4, 0xb
x29 <- 0x000000004FFEF800

mem[X,0x00000000800010E8] -> 0x8E93
mem[X,0x00000000800010EA] -> 0x7FFE
[1087] [M]: 0x00000000800010E8 (0x7FFE8E93) addi t4, t4, 0x7ff
x29 <- 0x000000004FFEFFFF

mem[X,0x00000000800010EC] -> 0x9E93
mem[X,0x00000000800010EE] -> 0x00BE
[1088] [M]: 0x00000000800010EC (0x00BE9E93) slli t4, t4, 0xb
x29 <- 0x0000027FF7FFF800

mem[X,0x00000000800010F0] -> 0x8E93
mem[X,0x00000000800010F2] -> 0x600E
[1089] [M]: 0x00000000800010F0 (0x600E8E93) addi t4, t4, 0x600
x29 <- 0x0000027FF7FFFE00

mem[X,0x00000000800010F4] -> 0x9E93
mem[X,0x00000000800010F6] -> 0x00AE
[1090] [M]: 0x00000000800010F4 (0x00AE9E93) slli t4, t4, 0xa
x29 <- 0x0009FFDFFFF80000

mem[X,0x00000000800010F8] -> 0x8E93
mem[X,0x00000000800010FA] -> 0x003E
[1091] [M]: 0x00000000800010F8 (0x003E8E93) addi t4, t4, 0x3
x29 <- 0x0009FFDFFFF80003

mem[X,0x00000000800010FC] -> 0x0FBB
mem[X,0x00000000800010FE] -> 0xB9DF
[1092] [M]: 0x00000000800010FC (0xB9DF0FBB) paaddu.h t6, t5, t4
x31 <- 0x00847FFF800C7F81

mem[X,0x0000000080001100] -> 0xBC23
mem[X,0x0000000080001102] -> 0x11F1
[1093] [M]: 0x0000000080001100 (0x11F1BC23) sd t6, 0x118(gp)
mem[0x00000000800042C8] <- 0x00847FFF800C7F81

mem[X,0x0000000080001104] -> 0x0F37
mem[X,0x0000000080001106] -> 0xFFFC
[1094] [M]: 0x0000000080001104 (0xFFFC0F37) lui t5, -0x40
x30 <- 0xFFFFFFFFFFFC0000

mem[X,0x0000000080001108] -> 0x0F13
mem[X,0x000000008000110A] -> 0xFF8F
[1095] [M]: 0x0000000080001108 (0xFF8F0F13) addi t5, t5, -0x8
x30 <- 0xFFFFFFFFFFFBFFF8

mem[X,0x000000008000110C] -> 0x1F13
mem[X,0x000000008000110E] -> 0x00BF
[1096] [M]: 0x000000008000110C (0x00BF1F13) slli t5, t5, 0xb
x30 <- 0xFFFFFFFFDFFFC000

mem[X,0x0000000080001110] -> 0x0F13
mem[X,0x0000000080001112] -> 0x002F
[1097] [M]: 0x0000000080001110 (0x002F0F13) addi t5, t5, 0x2
x30 <- 0xFFFFFFFFDFFFC002

mem[X,0x0000000080001114] -> 0x1F13
mem[X,0x0000000080001116] -> 0x00BF
[1098] [M]: 0x0000000080001114 (0x00BF1F13) slli t5, t5, 0xb
x30 <- 0xFFFFFEFFFE001000

mem[X,0x0000000080001118] -> 0x0F13
mem[X,0x000000008000111A] -> 0x000F
[1099] [M]: 0x0000000080001118 (0x000F0F13) addi t5, t5, 0x0
x30 <- 0xFFFFFEFFFE001000

clint::tick mtime <- 0x000000000000000B
 clint timer pending at mtime 0x000000000000000B
htif::tick 0x0000000000000000
mem[X,0x000000008000111C] -> 0x1F13
mem[X,0x000000008000111E] -> 0x00AF
[1100] [M]: 0x000000008000111C (0x00AF1F13) slli t5, t5, 0xa
x30 <- 0xFFFBFFF800400000

mem[X,0x0000000080001120] -> 0x0F13
mem[X,0x0000000080001122] -> 0x003F
[1101] [M]: 0x0000000080001120 (0x003F0F13) addi t5, t5, 0x3
x30 <- 0xFFFBFFF800400003

mem[X,0x0000000080001124] -> 0x0EB7
mem[X,0x0000000080001126] -> 0x0007
[1102] [M]: 0x0000000080001124 (0x00070EB7) lui t4, 0x70
x29 <- 0x0000000000070000

mem[X,0x0000000080001128] -> 0x8E93
mem[X,0x000000008000112A] -> 0x040E
[1103] [M]: 0x0000000080001128 (0x040E8E93) addi t4, t4, 0x40
x29 <- 0x0000000000070040

mem[X,0x000000008000112C] -> 0x9E93
mem[X,0x000000008000112E] -> 0x00BE
[1104] [M]: 0x000000008000112C (0x00BE9E93) slli t4, t4, 0xb
x29 <- 0x0000000038020000

mem[X,0x0000000080001130] -> 0x8E93
mem[X,0x0000000080001132] -> 0x200E
[1105] [M]: 0x0000000080001130 (0x200E8E93) addi t4, t4, 0x200
x29 <- 0x0000000038020200

mem[X,0x0000000080001134] -> 0x9E93
mem[X,0x0000000080001136] -> 0x00BE
[1106] [M]: 0x0000000080001134 (0x00BE9E93) slli t4, t4, 0xb
x29 <- 0x000001C010100000

mem[X,0x0000000080001138] -> 0x8E93
mem[X,0x000000008000113A] -> 0x02FE
[1107] [M]: 0x0000000080001138 (0x02FE8E93) addi t4, t4, 0x2f
x29 <- 0x000001C01010002F

mem[X,0x000000008000113C] -> 0x9E93
mem[X,0x000000008000113E] -> 0x00AE
[1108] [M]: 0x000000008000113C (0x00AE9E93) slli t4, t4, 0xa
x29 <- 0x000700404000BC00

mem[X,0x0000000080001140] -> 0x8E93
mem[X,0x0000000080001142] -> 0x3FFE
[1109] [M]: 0x0000000080001140 (0x3FFE8E93) addi t4, t4, 0x3ff
x29 <- 0x000700404000BFFF

mem[X,0x0000000080001144] -> 0x0FBB
mem[X,0x0000000080001146] -> 0xB9DF
[1110] [M]: 0x0000000080001144 (0xB9DF0FBB) paaddu.h t6, t5, t4
x31 <- 0x8001801C20206001

mem[X,0x0000000080001148] -> 0xB023
mem[X,0x000000008000114A] -> 0x13F1
[1111] [M]: 0x0000000080001148 (0x13F1B023) sd t6, 0x120(gp)
mem[0x00000000800042D0] <- 0x8001801C20206001

mem[X,0x000000008000114C] -> 0x4F37
mem[X,0x000000008000114E] -> 0x0003
[1112] [M]: 0x000000008000114C (0x00034F37) lui t5, 0x34
x30 <- 0x0000000000034000

mem[X,0x0000000080001150] -> 0x0F13
mem[X,0x0000000080001152] -> 0x000F
[1113] [M]: 0x0000000080001150 (0x000F0F13) addi t5, t5, 0x0
x30 <- 0x0000000000034000

mem[X,0x0000000080001154] -> 0x1F13
mem[X,0x0000000080001156] -> 0x00BF
[1114] [M]: 0x0000000080001154 (0x00BF1F13) slli t5, t5, 0xb
x30 <- 0x000000001A000000

mem[X,0x0000000080001158] -> 0x0F13
mem[X,0x000000008000115A] -> 0x004F
[1115] [M]: 0x0000000080001158 (0x004F0F13) addi t5, t5, 0x4
x30 <- 0x000000001A000004

mem[X,0x000000008000115C] -> 0x1F13
mem[X,0x000000008000115E] -> 0x00BF
[1116] [M]: 0x000000008000115C (0x00BF1F13) slli t5, t5, 0xb
x30 <- 0x000000D000002000

mem[X,0x0000000080001160] -> 0x0F13
mem[X,0x0000000080001162] -> 0x000F
[1117] [M]: 0x0000000080001160 (0x000F0F13) addi t5, t5, 0x0
x30 <- 0x000000D000002000

mem[X,0x0000000080001164] -> 0x1F13
mem[X,0x0000000080001166] -> 0x00AF
[1118] [M]: 0x0000000080001164 (0x00AF1F13) slli t5, t5, 0xa
x30 <- 0x0003400000800000

mem[X,0x0000000080001168] -> 0x0F13
mem[X,0x000000008000116A] -> 0x005F
[1119] [M]: 0x0000000080001168 (0x005F0F13) addi t5, t5, 0x5
x30 <- 0x0003400000800005

mem[X,0x000000008000116C] -> 0x4EB7
mem[X,0x000000008000116E] -> 0x0000
[1120] [M]: 0x000000008000116C (0x00004EB7) lui t4, 0x4
x29 <- 0x0000000000004000

mem[X,0x0000000080001170] -> 0x8E93
mem[X,0x0000000080001172] -> 0xFFFE
[1121] [M]: 0x0000000080001170 (0xFFFE8E93) addi t4, t4, -0x1
x29 <- 0x0000000000003FFF

mem[X,0x0000000080001174] -> 0x9E93
mem[X,0x0000000080001176] -> 0x00BE
[1122] [M]: 0x0000000080001174 (0x00BE9E93) slli t4, t4, 0xb
x29 <- 0x0000000001FFF800

mem[X,0x0000000080001178] -> 0x8E93
mem[X,0x000000008000117A] -> 0x7FFE
[1123] [M]: 0x0000000080001178 (0x7FFE8E93) addi t4, t4, 0x7ff
x29 <- 0x0000000001FFFFFF

mem[X,0x000000008000117C] -> 0x9E93
mem[X,0x000000008000117E] -> 0x00BE
[1124] [M]: 0x000000008000117C (0x00BE9E93) slli t4, t4, 0xb
x29 <- 0x0000000FFFFFF800

mem[X,0x0000000080001180] -> 0x8E93
mem[X,0x0000000080001182] -> 0x655E
[1125] [M]: 0x0000000080001180 (0x655E8E93) addi t4, t4, 0x655
x29 <- 0x0000000FFFFFFE55

mem[X,0x0000000080001184] -> 0x9E93
mem[X,0x0000000080001186] -> 0x00AE
[1126] [M]: 0x0000000080001184 (0x00AE9E93) slli t4, t4, 0xa
x29 <- 0x00003FFFFFF95400

mem[X,0x0000000080001188] -> 0x8E93
mem[X,0x000000008000118A] -> 0x155E
[1127] [M]: 0x0000000080001188 (0x155E8E93) addi t4, t4, 0x155
x29 <- 0x00003FFFFFF95555

mem[X,0x000000008000118C] -> 0x0FBB
mem[X,0x000000008000118E] -> 0xB9DF
[1128] [M]: 0x000000008000118C (0xB9DF0FBB) paaddu.h t6, t5, t4
x31 <- 0x00013FFF803C2AAD

mem[X,0x0000000080001190] -> 0xB423
mem[X,0x0000000080001192] -> 0x13F1
[1129] [M]: 0x0000000080001190 (0x13F1B423) sd t6, 0x128(gp)
mem[0x00000000800042D8] <- 0x00013FFF803C2AAD

mem[X,0x0000000080001194] -> 0x0F37
mem[X,0x0000000080001196] -> 0xFE00
[1130] [M]: 0x0000000080001194 (0xFE000F37) lui t5, -0x2000
x30 <- 0xFFFFFFFFFE000000

mem[X,0x0000000080001198] -> 0x0F13
mem[X,0x000000008000119A] -> 0xFDFF
[1131] [M]: 0x0000000080001198 (0xFDFF0F13) addi t5, t5, -0x21
x30 <- 0xFFFFFFFFFDFFFFDF

mem[X,0x000000008000119C] -> 0x1F13
mem[X,0x000000008000119E] -> 0x00BF
[1132] [M]: 0x000000008000119C (0x00BF1F13) slli t5, t5, 0xb
x30 <- 0xFFFFFFEFFFFEF800

mem[X,0x00000000800011A0] -> 0x0F13
mem[X,0x00000000800011A2] -> 0x100F
[1133] [M]: 0x00000000800011A0 (0x100F0F13) addi t5, t5, 0x100
x30 <- 0xFFFFFFEFFFFEF900

mem[X,0x00000000800011A4] -> 0x1F13
mem[X,0x00000000800011A6] -> 0x00BF
[1134] [M]: 0x00000000800011A4 (0x00BF1F13) slli t5, t5, 0xb
x30 <- 0xFFFF7FFFF7C80000

mem[X,0x00000000800011A8] -> 0x0F13
mem[X,0x00000000800011AA] -> 0x037F
[1135] [M]: 0x00000000800011A8 (0x037F0F13) addi t5, t5, 0x37
x30 <- 0xFFFF7FFFF7C80037

mem[X,0x00000000800011AC] -> 0x1F13
mem[X,0x00000000800011AE] -> 0x00AF
[1136] [M]: 0x00000000800011AC (0x00AF1F13) slli t5, t5, 0xa
x30 <- 0xFDFFFFDF2000DC00

mem[X,0x00000000800011B0] -> 0x0F13
mem[X,0x00000000800011B2] -> 0x3FFF
[1137] [M]: 0x00000000800011B0 (0x3FFF0F13) addi t5, t5, 0x3ff
x30 <- 0xFDFFFFDF2000DFFF

mem[X,0x00000000800011B4] -> 0x0EB7
mem[X,0x00000000800011B6] -> 0xFFFB
[1138] [M]: 0x00000000800011B4 (0xFFFB0EB7) lui t4, -0x50
x29 <- 0xFFFFFFFFFFFB0000

mem[X,0x00000000800011B8] -> 0x8E93
mem[X,0x00000000800011BA] -> 0xFFCE
[1139] [M]: 0x00000000800011B8 (0xFFCE8E93) addi t4, t4, -0x4
x29 <- 0xFFFFFFFFFFFAFFFC

mem[X,0x00000000800011BC] -> 0x9E93
mem[X,0x00000000800011BE] -> 0x00BE
[1140] [M]: 0x00000000800011BC (0x00BE9E93) slli t4, t4, 0xb
x29 <- 0xFFFFFFFFD7FFE000

mem[X,0x00000000800011C0] -> 0x8E93
mem[X,0x00000000800011C2] -> 0x000E
[1141] [M]: 0x00000000800011C0 (0x000E8E93) addi t4, t4, 0x0
x29 <- 0xFFFFFFFFD7FFE000

mem[X,0x00000000800011C4] -> 0x9E93
mem[X,0x00000000800011C6] -> 0x00BE
[1142] [M]: 0x00000000800011C4 (0x00BE9E93) slli t4, t4, 0xb
x29 <- 0xFFFFFEBFFF000000

mem[X,0x00000000800011C8] -> 0x8E93
mem[X,0x00000000800011CA] -> 0x200E
[1143] [M]: 0x00000000800011C8 (0x200E8E93) addi t4, t4, 0x200
x29 <- 0xFFFFFEBFFF000200

mem[X,0x00000000800011CC] -> 0x9E93
mem[X,0x00000000800011CE] -> 0x00AE
[1144] [M]: 0x00000000800011CC (0x00AE9E93) slli t4, t4, 0xa
x29 <- 0xFFFAFFFC00080000

mem[X,0x00000000800011D0] -> 0x8E93
mem[X,0x00000000800011D2] -> 0x200E
[1145] [M]: 0x00000000800011D0 (0x200E8E93) addi t4, t4, 0x200
x29 <- 0xFFFAFFFC00080200

mem[X,0x00000000800011D4] -> 0x0FBB
mem[X,0x00000000800011D6] -> 0xB9DF
[1146] [M]: 0x00000000800011D4 (0xB9DF0FBB) paaddu.h t6, t5, t4
x31 <- 0xFEFCFFED100470FF

mem[X,0x00000000800011D8] -> 0xB823
mem[X,0x00000000800011DA] -> 0x13F1
[1147] [M]: 0x00000000800011D8 (0x13F1B823) sd t6, 0x130(gp)
mem[0x00000000800042E0] <- 0xFEFCFFED100470FF

mem[X,0x00000000800011DC] -> 0xEF37
mem[X,0x00000000800011DE] -> 0xFFF7
[1148] [M]: 0x00000000800011DC (0xFFF7EF37) lui t5, -0x82
x30 <- 0xFFFFFFFFFFF7E000

mem[X,0x00000000800011E0] -> 0x0F13
mem[X,0x00000000800011E2] -> 0xFFFF
[1149] [M]: 0x00000000800011E0 (0xFFFF0F13) addi t5, t5, -0x1
x30 <- 0xFFFFFFFFFFF7DFFF

mem[X,0x00000000800011E4] -> 0x1F13
mem[X,0x00000000800011E6] -> 0x00BF
[1150] [M]: 0x00000000800011E4 (0x00BF1F13) slli t5, t5, 0xb
x30 <- 0xFFFFFFFFBEFFF800

mem[X,0x00000000800011E8] -> 0x0F13
mem[X,0x00000000800011EA] -> 0x7FFF
[1151] [M]: 0x00000000800011E8 (0x7FFF0F13) addi t5, t5, 0x7ff
x30 <- 0xFFFFFFFFBEFFFFFF

mem[X,0x00000000800011EC] -> 0x1F13
mem[X,0x00000000800011EE] -> 0x00BF
[1152] [M]: 0x00000000800011EC (0x00BF1F13) slli t5, t5, 0xb
x30 <- 0xFFFFFDF7FFFFF800

mem[X,0x00000000800011F0] -> 0x0F13
mem[X,0x00000000800011F2] -> 0x7C0F
[1153] [M]: 0x00000000800011F0 (0x7C0F0F13) addi t5, t5, 0x7c0
x30 <- 0xFFFFFDF7FFFFFFC0

mem[X,0x00000000800011F4] -> 0x1F13
mem[X,0x00000000800011F6] -> 0x00AF
[1154] [M]: 0x00000000800011F4 (0x00AF1F13) slli t5, t5, 0xa
x30 <- 0xFFF7DFFFFFFF0000

mem[X,0x00000000800011F8] -> 0x0EB7
mem[X,0x00000000800011FA] -> 0x0081
[1155] [M]: 0x00000000800011F8 (0x00810EB7) lui t4, 0x810
x29 <- 0x0000000000810000

mem[X,0x00000000800011FC] -> 0x8E93
mem[X,0x00000000800011FE] -> 0xFBFE
[1156] [M]: 0x00000000800011FC (0xFBFE8E93) addi t4, t4, -0x41
x29 <- 0x000000000080FFBF

mem[X,0x0000000080001200] -> 0x9E93
mem[X,0x0000000080001202] -> 0x00BE
[1157] [M]: 0x0000000080001200 (0x00BE9E93) slli t4, t4, 0xb
x29 <- 0x0000000407FDF800

mem[X,0x0000000080001204] -> 0x8E93
mem[X,0x0000000080001206] -> 0x7FFE
[1158] [M]: 0x0000000080001204 (0x7FFE8E93) addi t4, t4, 0x7ff
x29 <- 0x0000000407FDFFFF

mem[X,0x0000000080001208] -> 0x9E93
mem[X,0x000000008000120A] -> 0x00BE
[1159] [M]: 0x0000000080001208 (0x00BE9E93) slli t4, t4, 0xb
x29 <- 0x0000203FEFFFF800

mem[X,0x000000008000120C] -> 0x8E93
mem[X,0x000000008000120E] -> 0x73FE
[1160] [M]: 0x000000008000120C (0x73FE8E93) addi t4, t4, 0x73f
x29 <- 0x0000203FEFFFFF3F

mem[X,0x0000000080001210] -> 0x9E93
mem[X,0x0000000080001212] -> 0x00AE
[1161] [M]: 0x0000000080001210 (0x00AE9E93) slli t4, t4, 0xa
x29 <- 0x0080FFBFFFFCFC00

mem[X,0x0000000080001214] -> 0x8E93
mem[X,0x0000000080001216] -> 0x3F7E
[1162] [M]: 0x0000000080001214 (0x3F7E8E93) addi t4, t4, 0x3f7
x29 <- 0x0080FFBFFFFCFFF7

mem[X,0x0000000080001218] -> 0x0FBB
mem[X,0x000000008000121A] -> 0xB9DF
[1163] [M]: 0x0000000080001218 (0xB9DF0FBB) paaddu.h t6, t5, t4
x31 <- 0x803BEFDFFFFD7FFB

mem[X,0x000000008000121C] -> 0xBC23
mem[X,0x000000008000121E] -> 0x13F1
[1164] [M]: 0x000000008000121C (0x13F1BC23) sd t6, 0x138(gp)
mem[0x00000000800042E8] <- 0x803BEFDFFFFD7FFB

mem[X,0x0000000080001220] -> 0x0F37
mem[X,0x0000000080001222] -> 0xFFE0
[1165] [M]: 0x0000000080001220 (0xFFE00F37) lui t5, -0x200
x30 <- 0xFFFFFFFFFFE00000

mem[X,0x0000000080001224] -> 0x0F13
mem[X,0x0000000080001226] -> 0xDFFF
[1166] [M]: 0x0000000080001224 (0xDFFF0F13) addi t5, t5, -0x201
x30 <- 0xFFFFFFFFFFDFFDFF

mem[X,0x0000000080001228] -> 0x1F13
mem[X,0x000000008000122A] -> 0x00BF
[1167] [M]: 0x0000000080001228 (0x00BF1F13) slli t5, t5, 0xb
x30 <- 0xFFFFFFFEFFEFF800

mem[X,0x000000008000122C] -> 0x0F13
mem[X,0x000000008000122E] -> 0x400F
[1168] [M]: 0x000000008000122C (0x400F0F13) addi t5, t5, 0x400
x30 <- 0xFFFFFFFEFFEFFC00

mem[X,0x0000000080001230] -> 0x1F13
mem[X,0x0000000080001232] -> 0x00BF
[1169] [M]: 0x0000000080001230 (0x00BF1F13) slli t5, t5, 0xb
x30 <- 0xFFFFF7FF7FE00000

mem[X,0x0000000080001234] -> 0x0F13
mem[X,0x0000000080001236] -> 0x000F
[1170] [M]: 0x0000000080001234 (0x000F0F13) addi t5, t5, 0x0
x30 <- 0xFFFFF7FF7FE00000

mem[X,0x0000000080001238] -> 0x1F13
mem[X,0x000000008000123A] -> 0x00AF
[1171] [M]: 0x0000000080001238 (0x00AF1F13) slli t5, t5, 0xa
x30 <- 0xFFDFFDFF80000000

mem[X,0x000000008000123C] -> 0x0F13
mem[X,0x000000008000123E] -> 0x200F
[1172] [M]: 0x000000008000123C (0x200F0F13) addi t5, t5, 0x200
x30 <- 0xFFDFFDFF80000200

mem[X,0x0000000080001240] -> 0xCEB7
mem[X,0x0000000080001242] -> 0x0002
[1173] [M]: 0x0000000080001240 (0x0002CEB7) lui t4, 0x2c
x29 <- 0x000000000002C000

mem[X,0x0000000080001244] -> 0x8E93
mem[X,0x0000000080001246] -> 0xFFFE
[1174] [M]: 0x0000000080001244 (0xFFFE8E93) addi t4, t4, -0x1
x29 <- 0x000000000002BFFF

mem[X,0x0000000080001248] -> 0x9E93
mem[X,0x000000008000124A] -> 0x00BE
[1175] [M]: 0x0000000080001248 (0x00BE9E93) slli t4, t4, 0xb
x29 <- 0x0000000015FFF800

mem[X,0x000000008000124C] -> 0x8E93
mem[X,0x000000008000124E] -> 0x7FDE
[1176] [M]: 0x000000008000124C (0x7FDE8E93) addi t4, t4, 0x7fd
x29 <- 0x0000000015FFFFFD

mem[X,0x0000000080001250] -> 0x9E93
mem[X,0x0000000080001252] -> 0x00BE
[1177] [M]: 0x0000000080001250 (0x00BE9E93) slli t4, t4, 0xb
x29 <- 0x000000AFFFFFE800

mem[X,0x0000000080001254] -> 0x8E93
mem[X,0x0000000080001256] -> 0x7DFE
[1178] [M]: 0x0000000080001254 (0x7DFE8E93) addi t4, t4, 0x7df
x29 <- 0x000000AFFFFFEFDF

mem[X,0x0000000080001258] -> 0x9E93
mem[X,0x000000008000125A] -> 0x00AE
[1179] [M]: 0x0000000080001258 (0x00AE9E93) slli t4, t4, 0xa
x29 <- 0x0002BFFFFFBF7C00

mem[X,0x000000008000125C] -> 0x8E93
mem[X,0x000000008000125E] -> 0x3FFE
[1180] [M]: 0x000000008000125C (0x3FFE8E93) addi t4, t4, 0x3ff
x29 <- 0x0002BFFFFFBF7FFF

mem[X,0x0000000080001260] -> 0x0FBB
mem[X,0x0000000080001262] -> 0xB9DF
[1181] [M]: 0x0000000080001260 (0xB9DF0FBB) paaddu.h t6, t5, t4
x31 <- 0x7FF0DEFFBFDF40FF

mem[X,0x0000000080001264] -> 0xB023
mem[X,0x0000000080001266] -> 0x15F1
[1182] [M]: 0x0000000080001264 (0x15F1B023) sd t6, 0x140(gp)
mem[0x00000000800042F0] <- 0x7FF0DEFFBFDF40FF

mem[X,0x0000000080001268] -> 0x2F37
mem[X,0x000000008000126A] -> 0xDFFF
[1183] [M]: 0x0000000080001268 (0xDFFF2F37) lui t5, -0x2000e
x30 <- 0xFFFFFFFFDFFF2000

mem[X,0x000000008000126C] -> 0x0F13
mem[X,0x000000008000126E] -> 0x000F
[1184] [M]: 0x000000008000126C (0x000F0F13) addi t5, t5, 0x0
x30 <- 0xFFFFFFFFDFFF2000

mem[X,0x0000000080001270] -> 0x1F13
mem[X,0x0000000080001272] -> 0x00BF
[1185] [M]: 0x0000000080001270 (0x00BF1F13) slli t5, t5, 0xb
x30 <- 0xFFFFFEFFF9000000

mem[X,0x0000000080001274] -> 0x0F13
mem[X,0x0000000080001276] -> 0x7FEF
[1186] [M]: 0x0000000080001274 (0x7FEF0F13) addi t5, t5, 0x7fe
x30 <- 0xFFFFFEFFF90007FE

mem[X,0x0000000080001278] -> 0x1F13
mem[X,0x000000008000127A] -> 0x00BF
[1187] [M]: 0x0000000080001278 (0x00BF1F13) slli t5, t5, 0xb
x30 <- 0xFFF7FFC8003FF000

mem[X,0x000000008000127C] -> 0x0F13
mem[X,0x000000008000127E] -> 0x7D0F
[1188] [M]: 0x000000008000127C (0x7D0F0F13) addi t5, t5, 0x7d0
x30 <- 0xFFF7FFC8003FF7D0

mem[X,0x0000000080001280] -> 0x1F13
mem[X,0x0000000080001282] -> 0x00AF
[1189] [M]: 0x0000000080001280 (0x00AF1F13) slli t5, t5, 0xa
x30 <- 0xDFFF2000FFDF4000

mem[X,0x0000000080001284] -> 0x0EB7
mem[X,0x0000000080001286] -> 0x0005
[1190] [M]: 0x0000000080001284 (0x00050EB7) lui t4, 0x50
x29 <- 0x0000000000050000

mem[X,0x0000000080001288] -> 0x8E93
mem[X,0x000000008000128A] -> 0x010E
[1191] [M]: 0x0000000080001288 (0x010E8E93) addi t4, t4, 0x10
x29 <- 0x0000000000050010

mem[X,0x000000008000128C] -> 0x9E93
mem[X,0x000000008000128E] -> 0x00BE
[1192] [M]: 0x000000008000128C (0x00BE9E93) slli t4, t4, 0xb
x29 <- 0x0000000028008000

mem[X,0x0000000080001290] -> 0x8E93
mem[X,0x0000000080001292] -> 0x7F7E
[1193] [M]: 0x0000000080001290 (0x7F7E8E93) addi t4, t4, 0x7f7
x29 <- 0x00000000280087F7

mem[X,0x0000000080001294] -> 0x9E93
mem[X,0x0000000080001296] -> 0x00BE
[1194] [M]: 0x0000000080001294 (0x00BE9E93) slli t4, t4, 0xb
x29 <- 0x00000140043FB800

mem[X,0x0000000080001298] -> 0x8E93
mem[X,0x000000008000129A] -> 0x7FFE
[1195] [M]: 0x0000000080001298 (0x7FFE8E93) addi t4, t4, 0x7ff
x29 <- 0x00000140043FBFFF

mem[X,0x000000008000129C] -> 0x9E93
mem[X,0x000000008000129E] -> 0x00AE
[1196] [M]: 0x000000008000129C (0x00AE9E93) slli t4, t4, 0xa
x29 <- 0x00050010FEFFFC00

mem[X,0x00000000800012A0] -> 0x8E93
mem[X,0x00000000800012A2] -> 0x2FFE
[1197] [M]: 0x00000000800012A0 (0x2FFE8E93) addi t4, t4, 0x2ff
x29 <- 0x00050010FEFFFEFF

mem[X,0x00000000800012A4] -> 0x0FBB
mem[X,0x00000000800012A6] -> 0xB9DF
[1198] [M]: 0x00000000800012A4 (0xB9DF0FBB) paaddu.h t6, t5, t4
x31 <- 0x70021008FF6F9F7F

mem[X,0x00000000800012A8] -> 0xB423
mem[X,0x00000000800012AA] -> 0x15F1
[1199] [M]: 0x00000000800012A8 (0x15F1B423) sd t6, 0x148(gp)
mem[0x00000000800042F8] <- 0x70021008FF6F9F7F

clint::tick mtime <- 0x000000000000000C
 clint timer pending at mtime 0x000000000000000C
htif::tick 0x0000000000000000
mem[X,0x00000000800012AC] -> 0xCF37
mem[X,0x00000000800012AE] -> 0x5555
[1200] [M]: 0x00000000800012AC (0x5555CF37) lui t5, 0x5555c
x30 <- 0x000000005555C000

mem[X,0x00000000800012B0] -> 0x0F13
mem[X,0x00000000800012B2] -> 0x000F
[1201] [M]: 0x00000000800012B0 (0x000F0F13) addi t5, t5, 0x0
x30 <- 0x000000005555C000

mem[X,0x00000000800012B4] -> 0x1F13
mem[X,0x00000000800012B6] -> 0x00BF
[1202] [M]: 0x00000000800012B4 (0x00BF1F13) slli t5, t5, 0xb
x30 <- 0x000002AAAE000000

mem[X,0x00000000800012B8] -> 0x0F13
mem[X,0x00000000800012BA] -> 0x7FFF
[1203] [M]: 0x00000000800012B8 (0x7FFF0F13) addi t5, t5, 0x7ff
x30 <- 0x000002AAAE0007FF

mem[X,0x00000000800012BC] -> 0x1F13
mem[X,0x00000000800012BE] -> 0x00BF
[1204] [M]: 0x00000000800012BC (0x00BF1F13) slli t5, t5, 0xb
x30 <- 0x00155570003FF800

mem[X,0x00000000800012C0] -> 0x0F13
mem[X,0x00000000800012C2] -> 0x782F
[1205] [M]: 0x00000000800012C0 (0x782F0F13) addi t5, t5, 0x782
x30 <- 0x00155570003FFF82

mem[X,0x00000000800012C4] -> 0x1F13
mem[X,0x00000000800012C6] -> 0x00AF
[1206] [M]: 0x00000000800012C4 (0x00AF1F13) slli t5, t5, 0xa
x30 <- 0x5555C000FFFE0800

mem[X,0x00000000800012C8] -> 0x0EB7
mem[X,0x00000000800012CA] -> 0xFFF8
[1207] [M]: 0x00000000800012C8 (0xFFF80EB7) lui t4, -0x80
x29 <- 0xFFFFFFFFFFF80000

mem[X,0x00000000800012CC] -> 0x8E93
mem[X,0x00000000800012CE] -> 0x080E
[1208] [M]: 0x00000000800012CC (0x080E8E93) addi t4, t4, 0x80
x29 <- 0xFFFFFFFFFFF80080

mem[X,0x00000000800012D0] -> 0x9E93
mem[X,0x00000000800012D2] -> 0x00BE
[1209] [M]: 0x00000000800012D0 (0x00BE9E93) slli t4, t4, 0xb
x29 <- 0xFFFFFFFFC0040000

mem[X,0x00000000800012D4] -> 0x8E93
mem[X,0x00000000800012D6] -> 0x008E
[1210] [M]: 0x00000000800012D4 (0x008E8E93) addi t4, t4, 0x8
x29 <- 0xFFFFFFFFC0040008

mem[X,0x00000000800012D8] -> 0x9E93
mem[X,0x00000000800012DA] -> 0x00BE
[1211] [M]: 0x00000000800012D8 (0x00BE9E93) slli t4, t4, 0xb
x29 <- 0xFFFFFE0020004000

mem[X,0x00000000800012DC] -> 0x8E93
mem[X,0x00000000800012DE] -> 0x03FE
[1212] [M]: 0x00000000800012DC (0x03FE8E93) addi t4, t4, 0x3f
x29 <- 0xFFFFFE002000403F

mem[X,0x00000000800012E0] -> 0x9E93
mem[X,0x00000000800012E2] -> 0x00AE
[1213] [M]: 0x00000000800012E0 (0x00AE9E93) slli t4, t4, 0xa
x29 <- 0xFFF800800100FC00

mem[X,0x00000000800012E4] -> 0x8E93
mem[X,0x00000000800012E6] -> 0x3FEE
[1214] [M]: 0x00000000800012E4 (0x3FEE8E93) addi t4, t4, 0x3fe
x29 <- 0xFFF800800100FFFE

mem[X,0x00000000800012E8] -> 0x0FBB
mem[X,0x00000000800012EA] -> 0xB9DF
[1215] [M]: 0x00000000800012E8 (0xB9DF0FBB) paaddu.h t6, t5, t4
x31 <- 0xAAA66040807F83FF

mem[X,0x00000000800012EC] -> 0xB823
mem[X,0x00000000800012EE] -> 0x15F1
[1216] [M]: 0x00000000800012EC (0x15F1B823) sd t6, 0x150(gp)
mem[0x0000000080004300] <- 0xAAA66040807F83FF

mem[X,0x00000000800012F0] -> 0x0F37
mem[X,0x00000000800012F2] -> 0xFF00
[1217] [M]: 0x00000000800012F0 (0xFF000F37) lui t5, -0x1000
x30 <- 0xFFFFFFFFFF000000

mem[X,0x00000000800012F4] -> 0x0F13
mem[X,0x00000000800012F6] -> 0xFFDF
[1218] [M]: 0x00000000800012F4 (0xFFDF0F13) addi t5, t5, -0x3
x30 <- 0xFFFFFFFFFEFFFFFD

mem[X,0x00000000800012F8] -> 0x1F13
mem[X,0x00000000800012FA] -> 0x00BF
[1219] [M]: 0x00000000800012F8 (0x00BF1F13) slli t5, t5, 0xb
x30 <- 0xFFFFFFF7FFFFE800

mem[X,0x00000000800012FC] -> 0x0F13
mem[X,0x00000000800012FE] -> 0x000F
[1220] [M]: 0x00000000800012FC (0x000F0F13) addi t5, t5, 0x0
x30 <- 0xFFFFFFF7FFFFE800

mem[X,0x0000000080001300] -> 0x1F13
mem[X,0x0000000080001302] -> 0x00BF
[1221] [M]: 0x0000000080001300 (0x00BF1F13) slli t5, t5, 0xb
x30 <- 0xFFFFBFFFFF400000

mem[X,0x0000000080001304] -> 0x0F13
mem[X,0x0000000080001306] -> 0x140F
[1222] [M]: 0x0000000080001304 (0x140F0F13) addi t5, t5, 0x140
x30 <- 0xFFFFBFFFFF400140

mem[X,0x0000000080001308] -> 0x1F13
mem[X,0x000000008000130A] -> 0x00AF
[1223] [M]: 0x0000000080001308 (0x00AF1F13) slli t5, t5, 0xa
x30 <- 0xFEFFFFFD00050000

mem[X,0x000000008000130C] -> 0x0EB7
mem[X,0x000000008000130E] -> 0x4000
[1224] [M]: 0x000000008000130C (0x40000EB7) lui t4, 0x40000
x29 <- 0x0000000040000000

mem[X,0x0000000080001310] -> 0x8E93
mem[X,0x0000000080001312] -> 0xFFCE
[1225] [M]: 0x0000000080001310 (0xFFCE8E93) addi t4, t4, -0x4
x29 <- 0x000000003FFFFFFC

mem[X,0x0000000080001314] -> 0x9E93
mem[X,0x0000000080001316] -> 0x00BE
[1226] [M]: 0x0000000080001314 (0x00BE9E93) slli t4, t4, 0xb
x29 <- 0x000001FFFFFFE000

mem[X,0x0000000080001318] -> 0x8E93
mem[X,0x000000008000131A] -> 0x555E
[1227] [M]: 0x0000000080001318 (0x555E8E93) addi t4, t4, 0x555
x29 <- 0x000001FFFFFFE555

mem[X,0x000000008000131C] -> 0x9E93
mem[X,0x000000008000131E] -> 0x00BE
[1228] [M]: 0x000000008000131C (0x00BE9E93) slli t4, t4, 0xb
x29 <- 0x000FFFFFFF2AA800

mem[X,0x0000000080001320] -> 0x8E93
mem[X,0x0000000080001322] -> 0x2A0E
[1229] [M]: 0x0000000080001320 (0x2A0E8E93) addi t4, t4, 0x2a0
x29 <- 0x000FFFFFFF2AAAA0

mem[X,0x0000000080001324] -> 0x9E93
mem[X,0x0000000080001326] -> 0x00AE
[1230] [M]: 0x0000000080001324 (0x00AE9E93) slli t4, t4, 0xa
x29 <- 0x3FFFFFFCAAAA8000

mem[X,0x0000000080001328] -> 0x0FBB
mem[X,0x000000008000132A] -> 0xB9DF
[1231] [M]: 0x0000000080001328 (0xB9DF0FBB) paaddu.h t6, t5, t4
x31 <- 0x9F7FFFFC55574000

mem[X,0x000000008000132C] -> 0xBC23
mem[X,0x000000008000132E] -> 0x15F1
[1232] [M]: 0x000000008000132C (0x15F1BC23) sd t6, 0x158(gp)
mem[0x0000000080004308] <- 0x9F7FFFFC55574000

mem[X,0x0000000080001330] -> 0xCF37
mem[X,0x0000000080001332] -> 0xFFFC
[1233] [M]: 0x0000000080001330 (0xFFFCCF37) lui t5, -0x34
x30 <- 0xFFFFFFFFFFFCC000

mem[X,0x0000000080001334] -> 0x0F13
mem[X,0x0000000080001336] -> 0xFFFF
[1234] [M]: 0x0000000080001334 (0xFFFF0F13) addi t5, t5, -0x1
x30 <- 0xFFFFFFFFFFFCBFFF

mem[X,0x0000000080001338] -> 0x1F13
mem[X,0x000000008000133A] -> 0x00BF
[1235] [M]: 0x0000000080001338 (0x00BF1F13) slli t5, t5, 0xb
x30 <- 0xFFFFFFFFE5FFF800

mem[X,0x000000008000133C] -> 0x0F13
mem[X,0x000000008000133E] -> 0x7BFF
[1236] [M]: 0x000000008000133C (0x7BFF0F13) addi t5, t5, 0x7bf
x30 <- 0xFFFFFFFFE5FFFFBF

mem[X,0x0000000080001340] -> 0x1F13
mem[X,0x0000000080001342] -> 0x00BF
[1237] [M]: 0x0000000080001340 (0x00BF1F13) slli t5, t5, 0xb
x30 <- 0xFFFFFF2FFFFDF800

mem[X,0x0000000080001344] -> 0x0F13
mem[X,0x0000000080001346] -> 0x7C0F
[1238] [M]: 0x0000000080001344 (0x7C0F0F13) addi t5, t5, 0x7c0
x30 <- 0xFFFFFF2FFFFDFFC0

mem[X,0x0000000080001348] -> 0x1F13
mem[X,0x000000008000134A] -> 0x00AF
[1239] [M]: 0x0000000080001348 (0x00AF1F13) slli t5, t5, 0xa
x30 <- 0xFFFCBFFFF7FF0000

mem[X,0x000000008000134C] -> 0x0F13
mem[X,0x000000008000134E] -> 0x008F
[1240] [M]: 0x000000008000134C (0x008F0F13) addi t5, t5, 0x8
x30 <- 0xFFFCBFFFF7FF0008

mem[X,0x0000000080001350] -> 0xCEB7
mem[X,0x0000000080001352] -> 0xEFFF
[1241] [M]: 0x0000000080001350 (0xEFFFCEB7) lui t4, -0x10004
x29 <- 0xFFFFFFFFEFFFC000

mem[X,0x0000000080001354] -> 0x8E93
mem[X,0x0000000080001356] -> 0xFFFE
[1242] [M]: 0x0000000080001354 (0xFFFE8E93) addi t4, t4, -0x1
x29 <- 0xFFFFFFFFEFFFBFFF

mem[X,0x0000000080001358] -> 0x9E93
mem[X,0x000000008000135A] -> 0x00BE
[1243] [M]: 0x0000000080001358 (0x00BE9E93) slli t4, t4, 0xb
x29 <- 0xFFFFFF7FFDFFF800

mem[X,0x000000008000135C] -> 0x8E93
mem[X,0x000000008000135E] -> 0x7FFE
[1244] [M]: 0x000000008000135C (0x7FFE8E93) addi t4, t4, 0x7ff
x29 <- 0xFFFFFF7FFDFFFFFF

mem[X,0x0000000080001360] -> 0x9E93
mem[X,0x0000000080001362] -> 0x00BE
[1245] [M]: 0x0000000080001360 (0x00BE9E93) slli t4, t4, 0xb
x29 <- 0xFFFBFFEFFFFFF800

mem[X,0x0000000080001364] -> 0x8E93
mem[X,0x0000000080001366] -> 0x640E
[1246] [M]: 0x0000000080001364 (0x640E8E93) addi t4, t4, 0x640
x29 <- 0xFFFBFFEFFFFFFE40

mem[X,0x0000000080001368] -> 0x9E93
mem[X,0x000000008000136A] -> 0x00AE
[1247] [M]: 0x0000000080001368 (0x00AE9E93) slli t4, t4, 0xa
x29 <- 0xEFFFBFFFFFF90000

mem[X,0x000000008000136C] -> 0x0FBB
mem[X,0x000000008000136E] -> 0xB9DF
[1248] [M]: 0x000000008000136C (0xB9DF0FBB) paaddu.h t6, t5, t4
x31 <- 0xF7FDBFFFFBFC0004

mem[X,0x0000000080001370] -> 0xB023
mem[X,0x0000000080001372] -> 0x17F1
[1249] [M]: 0x0000000080001370 (0x17F1B023) sd t6, 0x160(gp)
mem[0x0000000080004310] <- 0xF7FDBFFFFBFC0004

mem[X,0x0000000080001374] -> 0x0F37
mem[X,0x0000000080001376] -> 0xFFFF
[1250] [M]: 0x0000000080001374 (0xFFFF0F37) lui t5, -0x10
x30 <- 0xFFFFFFFFFFFF0000

mem[X,0x0000000080001378] -> 0x0F13
mem[X,0x000000008000137A] -> 0xFDFF
[1251] [M]: 0x0000000080001378 (0xFDFF0F13) addi t5, t5, -0x21
x30 <- 0xFFFFFFFFFFFEFFDF

mem[X,0x000000008000137C] -> 0x1F13
mem[X,0x000000008000137E] -> 0x00BF
[1252] [M]: 0x000000008000137C (0x00BF1F13) slli t5, t5, 0xb
x30 <- 0xFFFFFFFFF7FEF800

mem[X,0x0000000080001380] -> 0x0F13
mem[X,0x0000000080001382] -> 0x000F
[1253] [M]: 0x0000000080001380 (0x000F0F13) addi t5, t5, 0x0
x30 <- 0xFFFFFFFFF7FEF800

mem[X,0x0000000080001384] -> 0x1F13
mem[X,0x0000000080001386] -> 0x00BF
[1254] [M]: 0x0000000080001384 (0x00BF1F13) slli t5, t5, 0xb
x30 <- 0xFFFFFFBFF7C00000

mem[X,0x0000000080001388] -> 0x0F13
mem[X,0x000000008000138A] -> 0x080F
[1255] [M]: 0x0000000080001388 (0x080F0F13) addi t5, t5, 0x80
x30 <- 0xFFFFFFBFF7C00080

mem[X,0x000000008000138C] -> 0x1F13
mem[X,0x000000008000138E] -> 0x00AF
[1256] [M]: 0x000000008000138C (0x00AF1F13) slli t5, t5, 0xa
x30 <- 0xFFFEFFDF00020000

mem[X,0x0000000080001390] -> 0x0F13
mem[X,0x0000000080001392] -> 0x200F
[1257] [M]: 0x0000000080001390 (0x200F0F13) addi t5, t5, 0x200
x30 <- 0xFFFEFFDF00020200

mem[X,0x0000000080001394] -> 0x4EB7
mem[X,0x0000000080001396] -> 0xFFF9
[1258] [M]: 0x0000000080001394 (0xFFF94EB7) lui t4, -0x6c
x29 <- 0xFFFFFFFFFFF94000

mem[X,0x0000000080001398] -> 0x8E93
mem[X,0x000000008000139A] -> 0xFFFE
[1259] [M]: 0x0000000080001398 (0xFFFE8E93) addi t4, t4, -0x1
x29 <- 0xFFFFFFFFFFF93FFF

mem[X,0x000000008000139C] -> 0x9E93
mem[X,0x000000008000139E] -> 0x00BE
[1260] [M]: 0x000000008000139C (0x00BE9E93) slli t4, t4, 0xb
x29 <- 0xFFFFFFFFC9FFF800

mem[X,0x00000000800013A0] -> 0x8E93
mem[X,0x00000000800013A2] -> 0x7FFE
[1261] [M]: 0x00000000800013A0 (0x7FFE8E93) addi t4, t4, 0x7ff
x29 <- 0xFFFFFFFFC9FFFFFF

mem[X,0x00000000800013A4] -> 0x9E93
mem[X,0x00000000800013A6] -> 0x00BE
[1262] [M]: 0x00000000800013A4 (0x00BE9E93) slli t4, t4, 0xb
x29 <- 0xFFFFFE4FFFFFF800

mem[X,0x00000000800013A8] -> 0x8E93
mem[X,0x00000000800013AA] -> 0x5C0E
[1263] [M]: 0x00000000800013A8 (0x5C0E8E93) addi t4, t4, 0x5c0
x29 <- 0xFFFFFE4FFFFFFDC0

mem[X,0x00000000800013AC] -> 0x9E93
mem[X,0x00000000800013AE] -> 0x00AE
[1264] [M]: 0x00000000800013AC (0x00AE9E93) slli t4, t4, 0xa
x29 <- 0xFFF93FFFFFF70000

mem[X,0x00000000800013B0] -> 0x8E93
mem[X,0x00000000800013B2] -> 0x002E
[1265] [M]: 0x00000000800013B0 (0x002E8E93) addi t4, t4, 0x2
x29 <- 0xFFF93FFFFFF70002

mem[X,0x00000000800013B4] -> 0x0FBB
mem[X,0x00000000800013B6] -> 0xB9DF
[1266] [M]: 0x00000000800013B4 (0xB9DF0FBB) paaddu.h t6, t5, t4
x31 <- 0xFFFB9FEF7FFC0101

mem[X,0x00000000800013B8] -> 0xB423
mem[X,0x00000000800013BA] -> 0x17F1
[1267] [M]: 0x00000000800013B8 (0x17F1B423) sd t6, 0x168(gp)
mem[0x0000000080004318] <- 0xFFFB9FEF7FFC0101

mem[X,0x00000000800013BC] -> 0x4F37
mem[X,0x00000000800013BE] -> 0xFFEF
[1268] [M]: 0x00000000800013BC (0xFFEF4F37) lui t5, -0x10c
x30 <- 0xFFFFFFFFFFEF4000

mem[X,0x00000000800013C0] -> 0x0F13
mem[X,0x00000000800013C2] -> 0xFFFF
[1269] [M]: 0x00000000800013C0 (0xFFFF0F13) addi t5, t5, -0x1
x30 <- 0xFFFFFFFFFFEF3FFF

mem[X,0x00000000800013C4] -> 0x1F13
mem[X,0x00000000800013C6] -> 0x00BF
[1270] [M]: 0x00000000800013C4 (0x00BF1F13) slli t5, t5, 0xb
x30 <- 0xFFFFFFFF79FFF800

mem[X,0x00000000800013C8] -> 0x0F13
mem[X,0x00000000800013CA] -> 0x004F
[1271] [M]: 0x00000000800013C8 (0x004F0F13) addi t5, t5, 0x4
x30 <- 0xFFFFFFFF79FFF804

mem[X,0x00000000800013CC] -> 0x1F13
mem[X,0x00000000800013CE] -> 0x00BF
[1272] [M]: 0x00000000800013CC (0x00BF1F13) slli t5, t5, 0xb
x30 <- 0xFFFFFBCFFFC02000

mem[X,0x00000000800013D0] -> 0x0F13
mem[X,0x00000000800013D2] -> 0x000F
[1273] [M]: 0x00000000800013D0 (0x000F0F13) addi t5, t5, 0x0
x30 <- 0xFFFFFBCFFFC02000

mem[X,0x00000000800013D4] -> 0x1F13
mem[X,0x00000000800013D6] -> 0x00AF
[1274] [M]: 0x00000000800013D4 (0x00AF1F13) slli t5, t5, 0xa
x30 <- 0xFFEF3FFF00800000

mem[X,0x00000000800013D8] -> 0x0F13
mem[X,0x00000000800013DA] -> 0x006F
[1275] [M]: 0x00000000800013D8 (0x006F0F13) addi t5, t5, 0x6
x30 <- 0xFFEF3FFF00800006

mem[X,0x00000000800013DC] -> 0x0EB7
mem[X,0x00000000800013DE] -> 0x0081
[1276] [M]: 0x00000000800013DC (0x00810EB7) lui t4, 0x810
x29 <- 0x0000000000810000

mem[X,0x00000000800013E0] -> 0x8E93
mem[X,0x00000000800013E2] -> 0xFFEE
[1277] [M]: 0x00000000800013E0 (0xFFEE8E93) addi t4, t4, -0x2
x29 <- 0x000000000080FFFE

mem[X,0x00000000800013E4] -> 0x9E93
mem[X,0x00000000800013E6] -> 0x00BE
[1278] [M]: 0x00000000800013E4 (0x00BE9E93) slli t4, t4, 0xb
x29 <- 0x0000000407FFF000

mem[X,0x00000000800013E8] -> 0x8E93
mem[X,0x00000000800013EA] -> 0x7F7E
[1279] [M]: 0x00000000800013E8 (0x7F7E8E93) addi t4, t4, 0x7f7
x29 <- 0x0000000407FFF7F7

mem[X,0x00000000800013EC] -> 0x9E93
mem[X,0x00000000800013EE] -> 0x00BE
[1280] [M]: 0x00000000800013EC (0x00BE9E93) slli t4, t4, 0xb
x29 <- 0x0000203FFFBFB800

mem[X,0x00000000800013F0] -> 0x8E93
mem[X,0x00000000800013F2] -> 0x7C0E
[1281] [M]: 0x00000000800013F0 (0x7C0E8E93) addi t4, t4, 0x7c0
x29 <- 0x0000203FFFBFBFC0

mem[X,0x00000000800013F4] -> 0x9E93
mem[X,0x00000000800013F6] -> 0x00AE
[1282] [M]: 0x00000000800013F4 (0x00AE9E93) slli t4, t4, 0xa
x29 <- 0x0080FFFEFEFF0000

mem[X,0x00000000800013F8] -> 0x8E93
mem[X,0x00000000800013FA] -> 0x004E
[1283] [M]: 0x00000000800013F8 (0x004E8E93) addi t4, t4, 0x4
x29 <- 0x0080FFFEFEFF0004

mem[X,0x00000000800013FC] -> 0x0FBB
mem[X,0x00000000800013FE] -> 0xB9DF
[1284] [M]: 0x00000000800013FC (0xB9DF0FBB) paaddu.h t6, t5, t4
x31 <- 0x80379FFE7FBF0005

mem[X,0x0000000080001400] -> 0xB823
mem[X,0x0000000080001402] -> 0x17F1
[1285] [M]: 0x0000000080001400 (0x17F1B823) sd t6, 0x170(gp)
mem[0x0000000080004320] <- 0x80379FFE7FBF0005

mem[X,0x0000000080001404] -> 0x0F37
mem[X,0x0000000080001406] -> 0x0080
[1286] [M]: 0x0000000080001404 (0x00800F37) lui t5, 0x800
x30 <- 0x0000000000800000

mem[X,0x0000000080001408] -> 0x0F13
mem[X,0x000000008000140A] -> 0x003F
[1287] [M]: 0x0000000080001408 (0x003F0F13) addi t5, t5, 0x3
x30 <- 0x0000000000800003

mem[X,0x000000008000140C] -> 0x1F13
mem[X,0x000000008000140E] -> 0x00BF
[1288] [M]: 0x000000008000140C (0x00BF1F13) slli t5, t5, 0xb
x30 <- 0x0000000400001800

mem[X,0x0000000080001410] -> 0x0F13
mem[X,0x0000000080001412] -> 0x200F
[1289] [M]: 0x0000000080001410 (0x200F0F13) addi t5, t5, 0x200
x30 <- 0x0000000400001A00

mem[X,0x0000000080001414] -> 0x1F13
mem[X,0x0000000080001416] -> 0x00BF
[1290] [M]: 0x0000000080001414 (0x00BF1F13) slli t5, t5, 0xb
x30 <- 0x0000200000D00000

mem[X,0x0000000080001418] -> 0x0F13
mem[X,0x000000008000141A] -> 0x000F
[1291] [M]: 0x0000000080001418 (0x000F0F13) addi t5, t5, 0x0
x30 <- 0x0000200000D00000

mem[X,0x000000008000141C] -> 0x1F13
mem[X,0x000000008000141E] -> 0x00AF
[1292] [M]: 0x000000008000141C (0x00AF1F13) slli t5, t5, 0xa
x30 <- 0x0080000340000000

mem[X,0x0000000080001420] -> 0x0F13
mem[X,0x0000000080001422] -> 0x009F
[1293] [M]: 0x0000000080001420 (0x009F0F13) addi t5, t5, 0x9
x30 <- 0x0080000340000009

mem[X,0x0000000080001424] -> 0xFEB7
mem[X,0x0000000080001426] -> 0xFFF8
[1294] [M]: 0x0000000080001424 (0xFFF8FEB7) lui t4, -0x71
x29 <- 0xFFFFFFFFFFF8F000

mem[X,0x0000000080001428] -> 0x8E93
mem[X,0x000000008000142A] -> 0xFFFE
[1295] [M]: 0x0000000080001428 (0xFFFE8E93) addi t4, t4, -0x1
x29 <- 0xFFFFFFFFFFF8EFFF

mem[X,0x000000008000142C] -> 0x9E93
mem[X,0x000000008000142E] -> 0x00BE
[1296] [M]: 0x000000008000142C (0x00BE9E93) slli t4, t4, 0xb
x29 <- 0xFFFFFFFFC77FF800

mem[X,0x0000000080001430] -> 0x8E93
mem[X,0x0000000080001432] -> 0x77FE
[1297] [M]: 0x0000000080001430 (0x77FE8E93) addi t4, t4, 0x77f
x29 <- 0xFFFFFFFFC77FFF7F

mem[X,0x0000000080001434] -> 0x9E93
mem[X,0x0000000080001436] -> 0x00BE
[1298] [M]: 0x0000000080001434 (0x00BE9E93) slli t4, t4, 0xb
x29 <- 0xFFFFFE3BFFFBF800

mem[X,0x0000000080001438] -> 0x8E93
mem[X,0x000000008000143A] -> 0x7C0E
[1299] [M]: 0x0000000080001438 (0x7C0E8E93) addi t4, t4, 0x7c0
x29 <- 0xFFFFFE3BFFFBFFC0

clint::tick mtime <- 0x000000000000000D
 clint timer pending at mtime 0x000000000000000D
htif::tick 0x0000000000000000
mem[X,0x000000008000143C] -> 0x9E93
mem[X,0x000000008000143E] -> 0x00AE
[1300] [M]: 0x000000008000143C (0x00AE9E93) slli t4, t4, 0xa
x29 <- 0xFFF8EFFFEFFF0000

mem[X,0x0000000080001440] -> 0x8E93
mem[X,0x0000000080001442] -> 0x010E
[1301] [M]: 0x0000000080001440 (0x010E8E93) addi t4, t4, 0x10
x29 <- 0xFFF8EFFFEFFF0010

mem[X,0x0000000080001444] -> 0x0FBB
mem[X,0x0000000080001446] -> 0xB9DF
[1302] [M]: 0x0000000080001444 (0xB9DF0FBB) paaddu.h t6, t5, t4
x31 <- 0x803C780197FF000C

mem[X,0x0000000080001448] -> 0xBC23
mem[X,0x000000008000144A] -> 0x17F1
[1303] [M]: 0x0000000080001448 (0x17F1BC23) sd t6, 0x178(gp)
mem[0x0000000080004328] <- 0x803C780197FF000C

mem[X,0x000000008000144C] -> 0x0F37
mem[X,0x000000008000144E] -> 0x0009
[1304] [M]: 0x000000008000144C (0x00090F37) lui t5, 0x90
x30 <- 0x0000000000090000

mem[X,0x0000000080001450] -> 0x0F13
mem[X,0x0000000080001452] -> 0xFEFF
[1305] [M]: 0x0000000080001450 (0xFEFF0F13) addi t5, t5, -0x11
x30 <- 0x000000000008FFEF

mem[X,0x0000000080001454] -> 0x1F13
mem[X,0x0000000080001456] -> 0x00BF
[1306] [M]: 0x0000000080001454 (0x00BF1F13) slli t5, t5, 0xb
x30 <- 0x0000000047FF7800

mem[X,0x0000000080001458] -> 0x0F13
mem[X,0x000000008000145A] -> 0x7FFF
[1307] [M]: 0x0000000080001458 (0x7FFF0F13) addi t5, t5, 0x7ff
x30 <- 0x0000000047FF7FFF

mem[X,0x000000008000145C] -> 0x1F13
mem[X,0x000000008000145E] -> 0x00BF
[1308] [M]: 0x000000008000145C (0x00BF1F13) slli t5, t5, 0xb
x30 <- 0x0000023FFBFFF800

mem[X,0x0000000080001460] -> 0x0F13
mem[X,0x0000000080001462] -> 0x7C0F
[1309] [M]: 0x0000000080001460 (0x7C0F0F13) addi t5, t5, 0x7c0
x30 <- 0x0000023FFBFFFFC0

mem[X,0x0000000080001464] -> 0x1F13
mem[X,0x0000000080001466] -> 0x00AF
[1310] [M]: 0x0000000080001464 (0x00AF1F13) slli t5, t5, 0xa
x30 <- 0x0008FFEFFFFF0000

mem[X,0x0000000080001468] -> 0x0F13
mem[X,0x000000008000146A] -> 0x020F
[1311] [M]: 0x0000000080001468 (0x020F0F13) addi t5, t5, 0x20
x30 <- 0x0008FFEFFFFF0020

mem[X,0x000000008000146C] -> 0x0EB7
mem[X,0x000000008000146E] -> 0xFFF7
[1312] [M]: 0x000000008000146C (0xFFF70EB7) lui t4, -0x90
x29 <- 0xFFFFFFFFFFF70000

mem[X,0x0000000080001470] -> 0x8E93
mem[X,0x0000000080001472] -> 0x003E
[1313] [M]: 0x0000000080001470 (0x003E8E93) addi t4, t4, 0x3
x29 <- 0xFFFFFFFFFFF70003

mem[X,0x0000000080001474] -> 0x9E93
mem[X,0x0000000080001476] -> 0x00BE
[1314] [M]: 0x0000000080001474 (0x00BE9E93) slli t4, t4, 0xb
x29 <- 0xFFFFFFFFB8001800

mem[X,0x0000000080001478] -> 0x8E93
mem[X,0x000000008000147A] -> 0x080E
[1315] [M]: 0x0000000080001478 (0x080E8E93) addi t4, t4, 0x80
x29 <- 0xFFFFFFFFB8001880

mem[X,0x000000008000147C] -> 0x9E93
mem[X,0x000000008000147E] -> 0x00BE
[1316] [M]: 0x000000008000147C (0x00BE9E93) slli t4, t4, 0xb
x29 <- 0xFFFFFDC000C40000

mem[X,0x0000000080001480] -> 0x8E93
mem[X,0x0000000080001482] -> 0x000E
[1317] [M]: 0x0000000080001480 (0x000E8E93) addi t4, t4, 0x0
x29 <- 0xFFFFFDC000C40000

mem[X,0x0000000080001484] -> 0x9E93
mem[X,0x0000000080001486] -> 0x00AE
[1318] [M]: 0x0000000080001484 (0x00AE9E93) slli t4, t4, 0xa
x29 <- 0xFFF7000310000000

mem[X,0x0000000080001488] -> 0x8E93
mem[X,0x000000008000148A] -> 0x080E
[1319] [M]: 0x0000000080001488 (0x080E8E93) addi t4, t4, 0x80
x29 <- 0xFFF7000310000080

mem[X,0x000000008000148C] -> 0x0FBB
mem[X,0x000000008000148E] -> 0xB9DF
[1320] [M]: 0x000000008000148C (0xB9DF0FBB) paaddu.h t6, t5, t4
x31 <- 0x7FFF7FF987FF0050

mem[X,0x0000000080001490] -> 0xB023
mem[X,0x0000000080001492] -> 0x19F1
[1321] [M]: 0x0000000080001490 (0x19F1B023) sd t6, 0x180(gp)
mem[0x0000000080004330] <- 0x7FFF7FF987FF0050

mem[X,0x0000000080001494] -> 0x0F37
mem[X,0x0000000080001496] -> 0xFFDF
[1322] [M]: 0x0000000080001494 (0xFFDF0F37) lui t5, -0x210
x30 <- 0xFFFFFFFFFFDF0000

mem[X,0x0000000080001498] -> 0x0F13
mem[X,0x000000008000149A] -> 0x004F
[1323] [M]: 0x0000000080001498 (0x004F0F13) addi t5, t5, 0x4
x30 <- 0xFFFFFFFFFFDF0004

mem[X,0x000000008000149C] -> 0x1F13
mem[X,0x000000008000149E] -> 0x00BF
[1324] [M]: 0x000000008000149C (0x00BF1F13) slli t5, t5, 0xb
x30 <- 0xFFFFFFFEF8002000

mem[X,0x00000000800014A0] -> 0x0F13
mem[X,0x00000000800014A2] -> 0x7FFF
[1325] [M]: 0x00000000800014A0 (0x7FFF0F13) addi t5, t5, 0x7ff
x30 <- 0xFFFFFFFEF80027FF

mem[X,0x00000000800014A4] -> 0x1F13
mem[X,0x00000000800014A6] -> 0x00BF
[1326] [M]: 0x00000000800014A4 (0x00BF1F13) slli t5, t5, 0xb
x30 <- 0xFFFFF7C0013FF800

mem[X,0x00000000800014A8] -> 0x0F13
mem[X,0x00000000800014AA] -> 0x7FDF
[1327] [M]: 0x00000000800014A8 (0x7FDF0F13) addi t5, t5, 0x7fd
x30 <- 0xFFFFF7C0013FFFFD

mem[X,0x00000000800014AC] -> 0x1F13
mem[X,0x00000000800014AE] -> 0x00AF
[1328] [M]: 0x00000000800014AC (0x00AF1F13) slli t5, t5, 0xa
x30 <- 0xFFDF0004FFFFF400

mem[X,0x00000000800014B0] -> 0x0F13
mem[X,0x00000000800014B2] -> 0x3FFF
[1329] [M]: 0x00000000800014B0 (0x3FFF0F13) addi t5, t5, 0x3ff
x30 <- 0xFFDF0004FFFFF7FF

mem[X,0x00000000800014B4] -> 0x1EB7
mem[X,0x00000000800014B6] -> 0xFFEF
[1330] [M]: 0x00000000800014B4 (0xFFEF1EB7) lui t4, -0x10f
x29 <- 0xFFFFFFFFFFEF1000

mem[X,0x00000000800014B8] -> 0x8E93
mem[X,0x00000000800014BA] -> 0x800E
[1331] [M]: 0x00000000800014B8 (0x800E8E93) addi t4, t4, -0x800
x29 <- 0xFFFFFFFFFFEF0800

mem[X,0x00000000800014BC] -> 0x9E93
mem[X,0x00000000800014BE] -> 0x00BE
[1332] [M]: 0x00000000800014BC (0x00BE9E93) slli t4, t4, 0xb
x29 <- 0xFFFFFFFF78400000

mem[X,0x00000000800014C0] -> 0x8E93
mem[X,0x00000000800014C2] -> 0x000E
[1333] [M]: 0x00000000800014C0 (0x000E8E93) addi t4, t4, 0x0
x29 <- 0xFFFFFFFF78400000

mem[X,0x00000000800014C4] -> 0x9E93
mem[X,0x00000000800014C6] -> 0x00BE
[1334] [M]: 0x00000000800014C4 (0x00BE9E93) slli t4, t4, 0xb
x29 <- 0xFFFFFBC200000000

mem[X,0x00000000800014C8] -> 0x8E93
mem[X,0x00000000800014CA] -> 0x1C2E
[1335] [M]: 0x00000000800014C8 (0x1C2E8E93) addi t4, t4, 0x1c2
x29 <- 0xFFFFFBC2000001C2

mem[X,0x00000000800014CC] -> 0x9E93
mem[X,0x00000000800014CE] -> 0x00AE
[1336] [M]: 0x00000000800014CC (0x00AE9E93) slli t4, t4, 0xa
x29 <- 0xFFEF080000070800

mem[X,0x00000000800014D0] -> 0x0FBB
mem[X,0x00000000800014D2] -> 0xB9DF
[1337] [M]: 0x00000000800014D0 (0xB9DF0FBB) paaddu.h t6, t5, t4
x31 <- 0xFFE7040280037FFF

mem[X,0x00000000800014D4] -> 0xB423
mem[X,0x00000000800014D6] -> 0x19F1
[1338] [M]: 0x00000000800014D4 (0x19F1B423) sd t6, 0x188(gp)
mem[0x0000000080004338] <- 0xFFE7040280037FFF

mem[X,0x00000000800014D8] -> 0xCF37
mem[X,0x00000000800014DA] -> 0x7FFF
[1339] [M]: 0x00000000800014D8 (0x7FFFCF37) lui t5, 0x7fffc
x30 <- 0x000000007FFFC000

mem[X,0x00000000800014DC] -> 0x0F13
mem[X,0x00000000800014DE] -> 0x000F
[1340] [M]: 0x00000000800014DC (0x000F0F13) addi t5, t5, 0x0
x30 <- 0x000000007FFFC000

mem[X,0x00000000800014E0] -> 0x1F13
mem[X,0x00000000800014E2] -> 0x00BF
[1341] [M]: 0x00000000800014E0 (0x00BF1F13) slli t5, t5, 0xb
x30 <- 0x000003FFFE000000

mem[X,0x00000000800014E4] -> 0x0F13
mem[X,0x00000000800014E6] -> 0x008F
[1342] [M]: 0x00000000800014E4 (0x008F0F13) addi t5, t5, 0x8
x30 <- 0x000003FFFE000008

mem[X,0x00000000800014E8] -> 0x1F13
mem[X,0x00000000800014EA] -> 0x00BF
[1343] [M]: 0x00000000800014E8 (0x00BF1F13) slli t5, t5, 0xb
x30 <- 0x001FFFF000004000

mem[X,0x00000000800014EC] -> 0x0F13
mem[X,0x00000000800014EE] -> 0x02FF
[1344] [M]: 0x00000000800014EC (0x02FF0F13) addi t5, t5, 0x2f
x30 <- 0x001FFFF00000402F

mem[X,0x00000000800014F0] -> 0x1F13
mem[X,0x00000000800014F2] -> 0x00AF
[1345] [M]: 0x00000000800014F0 (0x00AF1F13) slli t5, t5, 0xa
x30 <- 0x7FFFC0000100BC00

mem[X,0x00000000800014F4] -> 0x0F13
mem[X,0x00000000800014F6] -> 0x3FFF
[1346] [M]: 0x00000000800014F4 (0x3FFF0F13) addi t5, t5, 0x3ff
x30 <- 0x7FFFC0000100BFFF

mem[X,0x00000000800014F8] -> 0x0EB7
mem[X,0x00000000800014FA] -> 0xDFFF
[1347] [M]: 0x00000000800014F8 (0xDFFF0EB7) lui t4, -0x20010
x29 <- 0xFFFFFFFFDFFF0000

mem[X,0x00000000800014FC] -> 0x8E93
mem[X,0x00000000800014FE] -> 0x002E
[1348] [M]: 0x00000000800014FC (0x002E8E93) addi t4, t4, 0x2
x29 <- 0xFFFFFFFFDFFF0002

mem[X,0x0000000080001500] -> 0x9E93
mem[X,0x0000000080001502] -> 0x00BE
[1349] [M]: 0x0000000080001500 (0x00BE9E93) slli t4, t4, 0xb
x29 <- 0xFFFFFEFFF8001000

mem[X,0x0000000080001504] -> 0x8E93
mem[X,0x0000000080001506] -> 0x7FBE
[1350] [M]: 0x0000000080001504 (0x7FBE8E93) addi t4, t4, 0x7fb
x29 <- 0xFFFFFEFFF80017FB

mem[X,0x0000000080001508] -> 0x9E93
mem[X,0x000000008000150A] -> 0x00BE
[1351] [M]: 0x0000000080001508 (0x00BE9E93) slli t4, t4, 0xb
x29 <- 0xFFF7FFC000BFD800

mem[X,0x000000008000150C] -> 0x8E93
mem[X,0x000000008000150E] -> 0x7D0E
[1352] [M]: 0x000000008000150C (0x7D0E8E93) addi t4, t4, 0x7d0
x29 <- 0xFFF7FFC000BFDFD0

mem[X,0x0000000080001510] -> 0x9E93
mem[X,0x0000000080001512] -> 0x00AE
[1353] [M]: 0x0000000080001510 (0x00AE9E93) slli t4, t4, 0xa
x29 <- 0xDFFF0002FF7F4000

mem[X,0x0000000080001514] -> 0x0FBB
mem[X,0x0000000080001516] -> 0xB9DF
[1354] [M]: 0x0000000080001514 (0xB9DF0FBB) paaddu.h t6, t5, t4
x31 <- 0xAFFF6001803F7FFF

mem[X,0x0000000080001518] -> 0xB823
mem[X,0x000000008000151A] -> 0x19F1
[1355] [M]: 0x0000000080001518 (0x19F1B823) sd t6, 0x190(gp)
mem[0x0000000080004340] <- 0xAFFF6001803F7FFF

mem[X,0x000000008000151C] -> 0x0F37
mem[X,0x000000008000151E] -> 0x0000
[1356] [M]: 0x000000008000151C (0x00000F37) lui t5, 0x0
x30 <- 0x0000000000000000

mem[X,0x0000000080001520] -> 0x0F13
mem[X,0x0000000080001522] -> 0x040F
[1357] [M]: 0x0000000080001520 (0x040F0F13) addi t5, t5, 0x40
x30 <- 0x0000000000000040

mem[X,0x0000000080001524] -> 0x1F13
mem[X,0x0000000080001526] -> 0x00BF
[1358] [M]: 0x0000000080001524 (0x00BF1F13) slli t5, t5, 0xb
x30 <- 0x0000000000020000

mem[X,0x0000000080001528] -> 0x0F13
mem[X,0x000000008000152A] -> 0x7FFF
[1359] [M]: 0x0000000080001528 (0x7FFF0F13) addi t5, t5, 0x7ff
x30 <- 0x00000000000207FF

mem[X,0x000000008000152C] -> 0x1F13
mem[X,0x000000008000152E] -> 0x00BF
[1360] [M]: 0x000000008000152C (0x00BF1F13) slli t5, t5, 0xb
x30 <- 0x00000000103FF800

mem[X,0x0000000080001530] -> 0x0F13
mem[X,0x0000000080001532] -> 0x6BFF
[1361] [M]: 0x0000000080001530 (0x6BFF0F13) addi t5, t5, 0x6bf
x30 <- 0x00000000103FFEBF

mem[X,0x0000000080001534] -> 0x1F13
mem[X,0x0000000080001536] -> 0x00AF
[1362] [M]: 0x0000000080001534 (0x00AF1F13) slli t5, t5, 0xa
x30 <- 0x00000040FFFAFC00

mem[X,0x0000000080001538] -> 0x0F13
mem[X,0x000000008000153A] -> 0x3BFF
[1363] [M]: 0x0000000080001538 (0x3BFF0F13) addi t5, t5, 0x3bf
x30 <- 0x00000040FFFAFFBF

mem[X,0x000000008000153C] -> 0x4EB7
mem[X,0x000000008000153E] -> 0x0004
[1364] [M]: 0x000000008000153C (0x00044EB7) lui t4, 0x44
x29 <- 0x0000000000044000

mem[X,0x0000000080001540] -> 0x8E93
mem[X,0x0000000080001542] -> 0x000E
[1365] [M]: 0x0000000080001540 (0x000E8E93) addi t4, t4, 0x0
x29 <- 0x0000000000044000

mem[X,0x0000000080001544] -> 0x9E93
mem[X,0x0000000080001546] -> 0x00BE
[1366] [M]: 0x0000000080001544 (0x00BE9E93) slli t4, t4, 0xb
x29 <- 0x0000000022000000

mem[X,0x0000000080001548] -> 0x8E93
mem[X,0x000000008000154A] -> 0x77FE
[1367] [M]: 0x0000000080001548 (0x77FE8E93) addi t4, t4, 0x77f
x29 <- 0x000000002200077F

mem[X,0x000000008000154C] -> 0x9E93
mem[X,0x000000008000154E] -> 0x00BE
[1368] [M]: 0x000000008000154C (0x00BE9E93) slli t4, t4, 0xb
x29 <- 0x00000110003BF800

mem[X,0x0000000080001550] -> 0x8E93
mem[X,0x0000000080001552] -> 0x7FDE
[1369] [M]: 0x0000000080001550 (0x7FDE8E93) addi t4, t4, 0x7fd
x29 <- 0x00000110003BFFFD

mem[X,0x0000000080001554] -> 0x9E93
mem[X,0x0000000080001556] -> 0x00AE
[1370] [M]: 0x0000000080001554 (0x00AE9E93) slli t4, t4, 0xa
x29 <- 0x00044000EFFFF400

mem[X,0x0000000080001558] -> 0x8E93
mem[X,0x000000008000155A] -> 0x3FFE
[1371] [M]: 0x0000000080001558 (0x3FFE8E93) addi t4, t4, 0x3ff
x29 <- 0x00044000EFFFF7FF

mem[X,0x000000008000155C] -> 0x0FBB
mem[X,0x000000008000155E] -> 0xB9DF
[1372] [M]: 0x000000008000155C (0xB9DF0FBB) paaddu.h t6, t5, t4
x31 <- 0x00022020F7FCFBDF

mem[X,0x0000000080001560] -> 0xBC23
mem[X,0x0000000080001562] -> 0x19F1
[1373] [M]: 0x0000000080001560 (0x19F1BC23) sd t6, 0x198(gp)
mem[0x0000000080004348] <- 0x00022020F7FCFBDF

mem[X,0x0000000080001564] -> 0x0F37
mem[X,0x0000000080001566] -> 0x0100
[1374] [M]: 0x0000000080001564 (0x01000F37) lui t5, 0x1000
x30 <- 0x0000000001000000

mem[X,0x0000000080001568] -> 0x0F13
mem[X,0x000000008000156A] -> 0x002F
[1375] [M]: 0x0000000080001568 (0x002F0F13) addi t5, t5, 0x2
x30 <- 0x0000000001000002

mem[X,0x000000008000156C] -> 0x1F13
mem[X,0x000000008000156E] -> 0x00BF
[1376] [M]: 0x000000008000156C (0x00BF1F13) slli t5, t5, 0xb
x30 <- 0x0000000800001000

mem[X,0x0000000080001570] -> 0x0F13
mem[X,0x0000000080001572] -> 0x100F
[1377] [M]: 0x0000000080001570 (0x100F0F13) addi t5, t5, 0x100
x30 <- 0x0000000800001100

mem[X,0x0000000080001574] -> 0x1F13
mem[X,0x0000000080001576] -> 0x00BF
[1378] [M]: 0x0000000080001574 (0x00BF1F13) slli t5, t5, 0xb
x30 <- 0x0000400000880000

mem[X,0x0000000080001578] -> 0x0F13
mem[X,0x000000008000157A] -> 0x030F
[1379] [M]: 0x0000000080001578 (0x030F0F13) addi t5, t5, 0x30
x30 <- 0x0000400000880030

mem[X,0x000000008000157C] -> 0x1F13
mem[X,0x000000008000157E] -> 0x00AF
[1380] [M]: 0x000000008000157C (0x00AF1F13) slli t5, t5, 0xa
x30 <- 0x010000022000C000

mem[X,0x0000000080001580] -> 0x0EB7
mem[X,0x0000000080001582] -> 0x2001
[1381] [M]: 0x0000000080001580 (0x20010EB7) lui t4, 0x20010
x29 <- 0x0000000020010000

mem[X,0x0000000080001584] -> 0x8E93
mem[X,0x0000000080001586] -> 0xFFAE
[1382] [M]: 0x0000000080001584 (0xFFAE8E93) addi t4, t4, -0x6
x29 <- 0x000000002000FFFA

mem[X,0x0000000080001588] -> 0x9E93
mem[X,0x000000008000158A] -> 0x00BE
[1383] [M]: 0x0000000080001588 (0x00BE9E93) slli t4, t4, 0xb
x29 <- 0x0000010007FFD000

mem[X,0x000000008000158C] -> 0x8E93
mem[X,0x000000008000158E] -> 0x5FFE
[1384] [M]: 0x000000008000158C (0x5FFE8E93) addi t4, t4, 0x5ff
x29 <- 0x0000010007FFD5FF

mem[X,0x0000000080001590] -> 0x9E93
mem[X,0x0000000080001592] -> 0x00BE
[1385] [M]: 0x0000000080001590 (0x00BE9E93) slli t4, t4, 0xb
x29 <- 0x0008003FFEAFF800

mem[X,0x0000000080001594] -> 0x8E93
mem[X,0x0000000080001596] -> 0x7EAE
[1386] [M]: 0x0000000080001594 (0x7EAE8E93) addi t4, t4, 0x7ea
x29 <- 0x0008003FFEAFFFEA

mem[X,0x0000000080001598] -> 0x9E93
mem[X,0x000000008000159A] -> 0x00AE
[1387] [M]: 0x0000000080001598 (0x00AE9E93) slli t4, t4, 0xa
x29 <- 0x2000FFFABFFFA800

mem[X,0x000000008000159C] -> 0x8E93
mem[X,0x000000008000159E] -> 0x2AAE
[1388] [M]: 0x000000008000159C (0x2AAE8E93) addi t4, t4, 0x2aa
x29 <- 0x2000FFFABFFFAAAA

mem[X,0x00000000800015A0] -> 0x0FBB
mem[X,0x00000000800015A2] -> 0xB9DF
[1389] [M]: 0x00000000800015A0 (0xB9DF0FBB) paaddu.h t6, t5, t4
x31 <- 0x10807FFE6FFFB555

mem[X,0x00000000800015A4] -> 0xB023
mem[X,0x00000000800015A6] -> 0x1BF1
[1390] [M]: 0x00000000800015A4 (0x1BF1B023) sd t6, 0x1a0(gp)
mem[0x0000000080004350] <- 0x10807FFE6FFFB555

mem[X,0x00000000800015A8] -> 0x0F37
mem[X,0x00000000800015AA] -> 0x0008
[1391] [M]: 0x00000000800015A8 (0x00080F37) lui t5, 0x80
x30 <- 0x0000000000080000

mem[X,0x00000000800015AC] -> 0x0F13
mem[X,0x00000000800015AE] -> 0xBFFF
[1392] [M]: 0x00000000800015AC (0xBFFF0F13) addi t5, t5, -0x401
x30 <- 0x000000000007FBFF

mem[X,0x00000000800015B0] -> 0x1F13
mem[X,0x00000000800015B2] -> 0x00BF
[1393] [M]: 0x00000000800015B0 (0x00BF1F13) slli t5, t5, 0xb
x30 <- 0x000000003FDFF800

mem[X,0x00000000800015B4] -> 0x0F13
mem[X,0x00000000800015B6] -> 0x7EFF
[1394] [M]: 0x00000000800015B4 (0x7EFF0F13) addi t5, t5, 0x7ef
x30 <- 0x000000003FDFFFEF

mem[X,0x00000000800015B8] -> 0x1F13
mem[X,0x00000000800015BA] -> 0x00BF
[1395] [M]: 0x00000000800015B8 (0x00BF1F13) slli t5, t5, 0xb
x30 <- 0x000001FEFFFF7800

mem[X,0x00000000800015BC] -> 0x0F13
mem[X,0x00000000800015BE] -> 0x7F0F
[1396] [M]: 0x00000000800015BC (0x7F0F0F13) addi t5, t5, 0x7f0
x30 <- 0x000001FEFFFF7FF0

mem[X,0x00000000800015C0] -> 0x1F13
mem[X,0x00000000800015C2] -> 0x00AF
[1397] [M]: 0x00000000800015C0 (0x00AF1F13) slli t5, t5, 0xa
x30 <- 0x0007FBFFFDFFC000

mem[X,0x00000000800015C4] -> 0x0EB7
mem[X,0x00000000800015C6] -> 0x0009
[1398] [M]: 0x00000000800015C4 (0x00090EB7) lui t4, 0x90
x29 <- 0x0000000000090000

mem[X,0x00000000800015C8] -> 0x8E93
mem[X,0x00000000800015CA] -> 0x001E
[1399] [M]: 0x00000000800015C8 (0x001E8E93) addi t4, t4, 0x1
x29 <- 0x0000000000090001

clint::tick mtime <- 0x000000000000000E
 clint timer pending at mtime 0x000000000000000E
htif::tick 0x0000000000000000
mem[X,0x00000000800015CC] -> 0x9E93
mem[X,0x00000000800015CE] -> 0x00BE
[1400] [M]: 0x00000000800015CC (0x00BE9E93) slli t4, t4, 0xb
x29 <- 0x0000000048000800

mem[X,0x00000000800015D0] -> 0x8E93
mem[X,0x00000000800015D2] -> 0x7FFE
[1401] [M]: 0x00000000800015D0 (0x7FFE8E93) addi t4, t4, 0x7ff
x29 <- 0x0000000048000FFF

mem[X,0x00000000800015D4] -> 0x9E93
mem[X,0x00000000800015D6] -> 0x00BE
[1402] [M]: 0x00000000800015D4 (0x00BE9E93) slli t4, t4, 0xb
x29 <- 0x00000240007FF800

mem[X,0x00000000800015D8] -> 0x8E93
mem[X,0x00000000800015DA] -> 0x7FFE
[1403] [M]: 0x00000000800015D8 (0x7FFE8E93) addi t4, t4, 0x7ff
x29 <- 0x00000240007FFFFF

mem[X,0x00000000800015DC] -> 0x9E93
mem[X,0x00000000800015DE] -> 0x00AE
[1404] [M]: 0x00000000800015DC (0x00AE9E93) slli t4, t4, 0xa
x29 <- 0x00090001FFFFFC00

mem[X,0x00000000800015E0] -> 0x8E93
mem[X,0x00000000800015E2] -> 0x37FE
[1405] [M]: 0x00000000800015E0 (0x37FE8E93) addi t4, t4, 0x37f
x29 <- 0x00090001FFFFFF7F

mem[X,0x00000000800015E4] -> 0x0FBB
mem[X,0x00000000800015E6] -> 0xB9DF
[1406] [M]: 0x00000000800015E4 (0xB9DF0FBB) paaddu.h t6, t5, t4
x31 <- 0x00087E00FEFFDFBF

mem[X,0x00000000800015E8] -> 0xB423
mem[X,0x00000000800015EA] -> 0x1BF1
[1407] [M]: 0x00000000800015E8 (0x1BF1B423) sd t6, 0x1a8(gp)
mem[0x0000000080004358] <- 0x00087E00FEFFDFBF

mem[X,0x00000000800015EC] -> 0x0F37
mem[X,0x00000000800015EE] -> 0x0041
[1408] [M]: 0x00000000800015EC (0x00410F37) lui t5, 0x410
x30 <- 0x0000000000410000

mem[X,0x00000000800015F0] -> 0x0F13
mem[X,0x00000000800015F2] -> 0xEFFF
[1409] [M]: 0x00000000800015F0 (0xEFFF0F13) addi t5, t5, -0x101
x30 <- 0x000000000040FEFF

mem[X,0x00000000800015F4] -> 0x1F13
mem[X,0x00000000800015F6] -> 0x00BF
[1410] [M]: 0x00000000800015F4 (0x00BF1F13) slli t5, t5, 0xb
x30 <- 0x0000000207F7F800

mem[X,0x00000000800015F8] -> 0x0F13
mem[X,0x00000000800015FA] -> 0x7FFF
[1411] [M]: 0x00000000800015F8 (0x7FFF0F13) addi t5, t5, 0x7ff
x30 <- 0x0000000207F7FFFF

mem[X,0x00000000800015FC] -> 0x1F13
mem[X,0x00000000800015FE] -> 0x00BF
[1412] [M]: 0x00000000800015FC (0x00BF1F13) slli t5, t5, 0xb
x30 <- 0x0000103FBFFFF800

mem[X,0x0000000080001600] -> 0x0F13
mem[X,0x0000000080001602] -> 0x770F
[1413] [M]: 0x0000000080001600 (0x770F0F13) addi t5, t5, 0x770
x30 <- 0x0000103FBFFFFF70

mem[X,0x0000000080001604] -> 0x1F13
mem[X,0x0000000080001606] -> 0x00AF
[1414] [M]: 0x0000000080001604 (0x00AF1F13) slli t5, t5, 0xa
x30 <- 0x0040FEFFFFFDC000

mem[X,0x0000000080001608] -> 0x0EB7
mem[X,0x000000008000160A] -> 0x0002
[1415] [M]: 0x0000000080001608 (0x00020EB7) lui t4, 0x20
x29 <- 0x0000000000020000

mem[X,0x000000008000160C] -> 0x8E93
mem[X,0x000000008000160E] -> 0xFFCE
[1416] [M]: 0x000000008000160C (0xFFCE8E93) addi t4, t4, -0x4
x29 <- 0x000000000001FFFC

mem[X,0x0000000080001610] -> 0x9E93
mem[X,0x0000000080001612] -> 0x00BE
[1417] [M]: 0x0000000080001610 (0x00BE9E93) slli t4, t4, 0xb
x29 <- 0x000000000FFFE000

mem[X,0x0000000080001614] -> 0x8E93
mem[X,0x0000000080001616] -> 0x000E
[1418] [M]: 0x0000000080001614 (0x000E8E93) addi t4, t4, 0x0
x29 <- 0x000000000FFFE000

mem[X,0x0000000080001618] -> 0x9E93
mem[X,0x000000008000161A] -> 0x00BE
[1419] [M]: 0x0000000080001618 (0x00BE9E93) slli t4, t4, 0xb
x29 <- 0x0000007FFF000000

mem[X,0x000000008000161C] -> 0x8E93
mem[X,0x000000008000161E] -> 0x06AE
[1420] [M]: 0x000000008000161C (0x06AE8E93) addi t4, t4, 0x6a
x29 <- 0x0000007FFF00006A

mem[X,0x0000000080001620] -> 0x9E93
mem[X,0x0000000080001622] -> 0x00AE
[1421] [M]: 0x0000000080001620 (0x00AE9E93) slli t4, t4, 0xa
x29 <- 0x0001FFFC0001A800

mem[X,0x0000000080001624] -> 0x8E93
mem[X,0x0000000080001626] -> 0x2AAE
[1422] [M]: 0x0000000080001624 (0x2AAE8E93) addi t4, t4, 0x2aa
x29 <- 0x0001FFFC0001AAAA

mem[X,0x0000000080001628] -> 0x0FBB
mem[X,0x000000008000162A] -> 0xB9DF
[1423] [M]: 0x0000000080001628 (0xB9DF0FBB) paaddu.h t6, t5, t4
x31 <- 0x0020FF7D7FFFB555

mem[X,0x000000008000162C] -> 0xB823
mem[X,0x000000008000162E] -> 0x1BF1
[1424] [M]: 0x000000008000162C (0x1BF1B823) sd t6, 0x1b0(gp)
mem[0x0000000080004360] <- 0x0020FF7D7FFFB555

mem[X,0x0000000080001630] -> 0x0F37
mem[X,0x0000000080001632] -> 0xFFC0
[1425] [M]: 0x0000000080001630 (0xFFC00F37) lui t5, -0x400
x30 <- 0xFFFFFFFFFFC00000

mem[X,0x0000000080001634] -> 0x0F13
mem[X,0x0000000080001636] -> 0xDFFF
[1426] [M]: 0x0000000080001634 (0xDFFF0F13) addi t5, t5, -0x201
x30 <- 0xFFFFFFFFFFBFFDFF

mem[X,0x0000000080001638] -> 0x1F13
mem[X,0x000000008000163A] -> 0x00BF
[1427] [M]: 0x0000000080001638 (0x00BF1F13) slli t5, t5, 0xb
x30 <- 0xFFFFFFFDFFEFF800

mem[X,0x000000008000163C] -> 0x0F13
mem[X,0x000000008000163E] -> 0x7FFF
[1428] [M]: 0x000000008000163C (0x7FFF0F13) addi t5, t5, 0x7ff
x30 <- 0xFFFFFFFDFFEFFFFF

mem[X,0x0000000080001640] -> 0x1F13
mem[X,0x0000000080001642] -> 0x00BF
[1429] [M]: 0x0000000080001640 (0x00BF1F13) slli t5, t5, 0xb
x30 <- 0xFFFFEFFF7FFFF800

mem[X,0x0000000080001644] -> 0x0F13
mem[X,0x0000000080001646] -> 0x6FBF
[1430] [M]: 0x0000000080001644 (0x6FBF0F13) addi t5, t5, 0x6fb
x30 <- 0xFFFFEFFF7FFFFEFB

mem[X,0x0000000080001648] -> 0x1F13
mem[X,0x000000008000164A] -> 0x00AF
[1431] [M]: 0x0000000080001648 (0x00AF1F13) slli t5, t5, 0xa
x30 <- 0xFFBFFDFFFFFBEC00

mem[X,0x000000008000164C] -> 0x0F13
mem[X,0x000000008000164E] -> 0x3FFF
[1432] [M]: 0x000000008000164C (0x3FFF0F13) addi t5, t5, 0x3ff
x30 <- 0xFFBFFDFFFFFBEFFF

mem[X,0x0000000080001650] -> 0x0EB7
mem[X,0x0000000080001652] -> 0x0006
[1433] [M]: 0x0000000080001650 (0x00060EB7) lui t4, 0x60
x29 <- 0x0000000000060000

mem[X,0x0000000080001654] -> 0x8E93
mem[X,0x0000000080001656] -> 0x008E
[1434] [M]: 0x0000000080001654 (0x008E8E93) addi t4, t4, 0x8
x29 <- 0x0000000000060008

mem[X,0x0000000080001658] -> 0x9E93
mem[X,0x000000008000165A] -> 0x00BE
[1435] [M]: 0x0000000080001658 (0x00BE9E93) slli t4, t4, 0xb
x29 <- 0x0000000030004000

mem[X,0x000000008000165C] -> 0x8E93
mem[X,0x000000008000165E] -> 0x7FBE
[1436] [M]: 0x000000008000165C (0x7FBE8E93) addi t4, t4, 0x7fb
x29 <- 0x00000000300047FB

mem[X,0x0000000080001660] -> 0x9E93
mem[X,0x0000000080001662] -> 0x00BE
[1437] [M]: 0x0000000080001660 (0x00BE9E93) slli t4, t4, 0xb
x29 <- 0x00000180023FD800

mem[X,0x0000000080001664] -> 0x8E93
mem[X,0x0000000080001666] -> 0x7EAE
[1438] [M]: 0x0000000080001664 (0x7EAE8E93) addi t4, t4, 0x7ea
x29 <- 0x00000180023FDFEA

mem[X,0x0000000080001668] -> 0x9E93
mem[X,0x000000008000166A] -> 0x00AE
[1439] [M]: 0x0000000080001668 (0x00AE9E93) slli t4, t4, 0xa
x29 <- 0x00060008FF7FA800

mem[X,0x000000008000166C] -> 0x8E93
mem[X,0x000000008000166E] -> 0x2AAE
[1440] [M]: 0x000000008000166C (0x2AAE8E93) addi t4, t4, 0x2aa
x29 <- 0x00060008FF7FAAAA

mem[X,0x0000000080001670] -> 0x0FBB
mem[X,0x0000000080001672] -> 0xB9DF
[1441] [M]: 0x0000000080001670 (0xB9DF0FBB) paaddu.h t6, t5, t4
x31 <- 0x7FE27F03FFBDCD54

mem[X,0x0000000080001674] -> 0xBC23
mem[X,0x0000000080001676] -> 0x1BF1
[1442] [M]: 0x0000000080001674 (0x1BF1BC23) sd t6, 0x1b8(gp)
mem[0x0000000080004368] <- 0x7FE27F03FFBDCD54

mem[X,0x0000000080001678] -> 0x0F37
mem[X,0x000000008000167A] -> 0x0001
[1443] [M]: 0x0000000080001678 (0x00010F37) lui t5, 0x10
x30 <- 0x0000000000010000

mem[X,0x000000008000167C] -> 0x0F13
mem[X,0x000000008000167E] -> 0xFF9F
[1444] [M]: 0x000000008000167C (0xFF9F0F13) addi t5, t5, -0x7
x30 <- 0x000000000000FFF9

mem[X,0x0000000080001680] -> 0x1F13
mem[X,0x0000000080001682] -> 0x00BF
[1445] [M]: 0x0000000080001680 (0x00BF1F13) slli t5, t5, 0xb
x30 <- 0x0000000007FFC800

mem[X,0x0000000080001684] -> 0x0F13
mem[X,0x0000000080001686] -> 0x002F
[1446] [M]: 0x0000000080001684 (0x002F0F13) addi t5, t5, 0x2
x30 <- 0x0000000007FFC802

mem[X,0x0000000080001688] -> 0x1F13
mem[X,0x000000008000168A] -> 0x00BF
[1447] [M]: 0x0000000080001688 (0x00BF1F13) slli t5, t5, 0xb
x30 <- 0x0000003FFE401000

mem[X,0x000000008000168C] -> 0x0F13
mem[X,0x000000008000168E] -> 0x015F
[1448] [M]: 0x000000008000168C (0x015F0F13) addi t5, t5, 0x15
x30 <- 0x0000003FFE401015

mem[X,0x0000000080001690] -> 0x1F13
mem[X,0x0000000080001692] -> 0x00AF
[1449] [M]: 0x0000000080001690 (0x00AF1F13) slli t5, t5, 0xa
x30 <- 0x0000FFF900405400

mem[X,0x0000000080001694] -> 0x0F13
mem[X,0x0000000080001696] -> 0x155F
[1450] [M]: 0x0000000080001694 (0x155F0F13) addi t5, t5, 0x155
x30 <- 0x0000FFF900405555

mem[X,0x0000000080001698] -> 0x8EB7
mem[X,0x000000008000169A] -> 0xBFFF
[1451] [M]: 0x0000000080001698 (0xBFFF8EB7) lui t4, -0x40008
x29 <- 0xFFFFFFFFBFFF8000

mem[X,0x000000008000169C] -> 0x8E93
mem[X,0x000000008000169E] -> 0x000E
[1452] [M]: 0x000000008000169C (0x000E8E93) addi t4, t4, 0x0
x29 <- 0xFFFFFFFFBFFF8000

mem[X,0x00000000800016A0] -> 0x9E93
mem[X,0x00000000800016A2] -> 0x00BE
[1453] [M]: 0x00000000800016A0 (0x00BE9E93) slli t4, t4, 0xb
x29 <- 0xFFFFFDFFFC000000

mem[X,0x00000000800016A4] -> 0x8E93
mem[X,0x00000000800016A6] -> 0x010E
[1454] [M]: 0x00000000800016A4 (0x010E8E93) addi t4, t4, 0x10
x29 <- 0xFFFFFDFFFC000010

mem[X,0x00000000800016A8] -> 0x9E93
mem[X,0x00000000800016AA] -> 0x00BE
[1455] [M]: 0x00000000800016A8 (0x00BE9E93) slli t4, t4, 0xb
x29 <- 0xFFEFFFE000008000

mem[X,0x00000000800016AC] -> 0x8E93
mem[X,0x00000000800016AE] -> 0x03FE
[1456] [M]: 0x00000000800016AC (0x03FE8E93) addi t4, t4, 0x3f
x29 <- 0xFFEFFFE00000803F

mem[X,0x00000000800016B0] -> 0x9E93
mem[X,0x00000000800016B2] -> 0x00AE
[1457] [M]: 0x00000000800016B0 (0x00AE9E93) slli t4, t4, 0xa
x29 <- 0xBFFF80000200FC00

mem[X,0x00000000800016B4] -> 0x8E93
mem[X,0x00000000800016B6] -> 0x3F8E
[1458] [M]: 0x00000000800016B4 (0x3F8E8E93) addi t4, t4, 0x3f8
x29 <- 0xBFFF80000200FFF8

mem[X,0x00000000800016B8] -> 0x0FBB
mem[X,0x00000000800016BA] -> 0xB9DF
[1459] [M]: 0x00000000800016B8 (0xB9DF0FBB) paaddu.h t6, t5, t4
x31 <- 0x5FFFBFFC0120AAA6

mem[X,0x00000000800016BC] -> 0xB023
mem[X,0x00000000800016BE] -> 0x1DF1
[1460] [M]: 0x00000000800016BC (0x1DF1B023) sd t6, 0x1c0(gp)
mem[0x0000000080004370] <- 0x5FFFBFFC0120AAA6

mem[X,0x00000000800016C0] -> 0x0F37
mem[X,0x00000000800016C2] -> 0x0002
[1461] [M]: 0x00000000800016C0 (0x00020F37) lui t5, 0x20
x30 <- 0x0000000000020000

mem[X,0x00000000800016C4] -> 0x0F13
mem[X,0x00000000800016C6] -> 0x400F
[1462] [M]: 0x00000000800016C4 (0x400F0F13) addi t5, t5, 0x400
x30 <- 0x0000000000020400

mem[X,0x00000000800016C8] -> 0x1F13
mem[X,0x00000000800016CA] -> 0x00BF
[1463] [M]: 0x00000000800016C8 (0x00BF1F13) slli t5, t5, 0xb
x30 <- 0x0000000010200000

mem[X,0x00000000800016CC] -> 0x0F13
mem[X,0x00000000800016CE] -> 0x7FFF
[1464] [M]: 0x00000000800016CC (0x7FFF0F13) addi t5, t5, 0x7ff
x30 <- 0x00000000102007FF

mem[X,0x00000000800016D0] -> 0x1F13
mem[X,0x00000000800016D2] -> 0x00BF
[1465] [M]: 0x00000000800016D0 (0x00BF1F13) slli t5, t5, 0xb
x30 <- 0x00000081003FF800

mem[X,0x00000000800016D4] -> 0x0F13
mem[X,0x00000000800016D6] -> 0x7C0F
[1466] [M]: 0x00000000800016D4 (0x7C0F0F13) addi t5, t5, 0x7c0
x30 <- 0x00000081003FFFC0

mem[X,0x00000000800016D8] -> 0x1F13
mem[X,0x00000000800016DA] -> 0x00AF
[1467] [M]: 0x00000000800016D8 (0x00AF1F13) slli t5, t5, 0xa
x30 <- 0x00020400FFFF0000

mem[X,0x00000000800016DC] -> 0x0F13
mem[X,0x00000000800016DE] -> 0x020F
[1468] [M]: 0x00000000800016DC (0x020F0F13) addi t5, t5, 0x20
x30 <- 0x00020400FFFF0020

mem[X,0x00000000800016E0] -> 0x4EB7
mem[X,0x00000000800016E2] -> 0xBFFF
[1469] [M]: 0x00000000800016E0 (0xBFFF4EB7) lui t4, -0x4000c
x29 <- 0xFFFFFFFFBFFF4000

mem[X,0x00000000800016E4] -> 0x8E93
mem[X,0x00000000800016E6] -> 0x000E
[1470] [M]: 0x00000000800016E4 (0x000E8E93) addi t4, t4, 0x0
x29 <- 0xFFFFFFFFBFFF4000

mem[X,0x00000000800016E8] -> 0x9E93
mem[X,0x00000000800016EA] -> 0x00BE
[1471] [M]: 0x00000000800016E8 (0x00BE9E93) slli t4, t4, 0xb
x29 <- 0xFFFFFDFFFA000000

mem[X,0x00000000800016EC] -> 0x8E93
mem[X,0x00000000800016EE] -> 0x020E
[1472] [M]: 0x00000000800016EC (0x020E8E93) addi t4, t4, 0x20
x29 <- 0xFFFFFDFFFA000020

mem[X,0x00000000800016F0] -> 0x9E93
mem[X,0x00000000800016F2] -> 0x00BE
[1473] [M]: 0x00000000800016F0 (0x00BE9E93) slli t4, t4, 0xb
x29 <- 0xFFEFFFD000010000

mem[X,0x00000000800016F4] -> 0x8E93
mem[X,0x00000000800016F6] -> 0x03FE
[1474] [M]: 0x00000000800016F4 (0x03FE8E93) addi t4, t4, 0x3f
x29 <- 0xFFEFFFD00001003F

mem[X,0x00000000800016F8] -> 0x9E93
mem[X,0x00000000800016FA] -> 0x00AE
[1475] [M]: 0x00000000800016F8 (0x00AE9E93) slli t4, t4, 0xa
x29 <- 0xBFFF40000400FC00

mem[X,0x00000000800016FC] -> 0x8E93
mem[X,0x00000000800016FE] -> 0x3FBE
[1476] [M]: 0x00000000800016FC (0x3FBE8E93) addi t4, t4, 0x3fb
x29 <- 0xBFFF40000400FFFB

mem[X,0x0000000080001700] -> 0x0FBB
mem[X,0x0000000080001702] -> 0xB9DF
[1477] [M]: 0x0000000080001700 (0xB9DF0FBB) paaddu.h t6, t5, t4
x31 <- 0x6000220081FF800D

mem[X,0x0000000080001704] -> 0xB423
mem[X,0x0000000080001706] -> 0x1DF1
[1478] [M]: 0x0000000080001704 (0x1DF1B423) sd t6, 0x1c8(gp)
mem[0x0000000080004378] <- 0x6000220081FF800D

mem[X,0x0000000080001708] -> 0x2F37
mem[X,0x000000008000170A] -> 0xFFFE
[1479] [M]: 0x0000000080001708 (0xFFFE2F37) lui t5, -0x1e
x30 <- 0xFFFFFFFFFFFE2000

mem[X,0x000000008000170C] -> 0x0F13
mem[X,0x000000008000170E] -> 0x000F
[1480] [M]: 0x000000008000170C (0x000F0F13) addi t5, t5, 0x0
x30 <- 0xFFFFFFFFFFFE2000

mem[X,0x0000000080001710] -> 0x1F13
mem[X,0x0000000080001712] -> 0x00BF
[1481] [M]: 0x0000000080001710 (0x00BF1F13) slli t5, t5, 0xb
x30 <- 0xFFFFFFFFF1000000

mem[X,0x0000000080001714] -> 0x0F13
mem[X,0x0000000080001716] -> 0x77FF
[1482] [M]: 0x0000000080001714 (0x77FF0F13) addi t5, t5, 0x77f
x30 <- 0xFFFFFFFFF100077F

mem[X,0x0000000080001718] -> 0x1F13
mem[X,0x000000008000171A] -> 0x00BF
[1483] [M]: 0x0000000080001718 (0x00BF1F13) slli t5, t5, 0xb
x30 <- 0xFFFFFF88003BF800

mem[X,0x000000008000171C] -> 0x0F13
mem[X,0x000000008000171E] -> 0x7FFF
[1484] [M]: 0x000000008000171C (0x7FFF0F13) addi t5, t5, 0x7ff
x30 <- 0xFFFFFF88003BFFFF

mem[X,0x0000000080001720] -> 0x1F13
mem[X,0x0000000080001722] -> 0x00AF
[1485] [M]: 0x0000000080001720 (0x00AF1F13) slli t5, t5, 0xa
x30 <- 0xFFFE2000EFFFFC00

mem[X,0x0000000080001724] -> 0x0F13
mem[X,0x0000000080001726] -> 0x3FAF
[1486] [M]: 0x0000000080001724 (0x3FAF0F13) addi t5, t5, 0x3fa
x30 <- 0xFFFE2000EFFFFFFA

mem[X,0x0000000080001728] -> 0x0EB7
mem[X,0x000000008000172A] -> 0x0080
[1487] [M]: 0x0000000080001728 (0x00800EB7) lui t4, 0x800
x29 <- 0x0000000000800000

mem[X,0x000000008000172C] -> 0x8E93
mem[X,0x000000008000172E] -> 0x000E
[1488] [M]: 0x000000008000172C (0x000E8E93) addi t4, t4, 0x0
x29 <- 0x0000000000800000

mem[X,0x0000000080001730] -> 0x9E93
mem[X,0x0000000080001732] -> 0x00BE
[1489] [M]: 0x0000000080001730 (0x00BE9E93) slli t4, t4, 0xb
x29 <- 0x0000000400000000

mem[X,0x0000000080001734] -> 0x8E93
mem[X,0x0000000080001736] -> 0x000E
[1490] [M]: 0x0000000080001734 (0x000E8E93) addi t4, t4, 0x0
x29 <- 0x0000000400000000

mem[X,0x0000000080001738] -> 0x9E93
mem[X,0x000000008000173A] -> 0x00BE
[1491] [M]: 0x0000000080001738 (0x00BE9E93) slli t4, t4, 0xb
x29 <- 0x0000200000000000

mem[X,0x000000008000173C] -> 0x8E93
mem[X,0x000000008000173E] -> 0x1FFE
[1492] [M]: 0x000000008000173C (0x1FFE8E93) addi t4, t4, 0x1ff
x29 <- 0x00002000000001FF

mem[X,0x0000000080001740] -> 0x9E93
mem[X,0x0000000080001742] -> 0x00AE
[1493] [M]: 0x0000000080001740 (0x00AE9E93) slli t4, t4, 0xa
x29 <- 0x008000000007FC00

mem[X,0x0000000080001744] -> 0x8E93
mem[X,0x0000000080001746] -> 0x3FAE
[1494] [M]: 0x0000000080001744 (0x3FAE8E93) addi t4, t4, 0x3fa
x29 <- 0x008000000007FFFA

mem[X,0x0000000080001748] -> 0x0FBB
mem[X,0x000000008000174A] -> 0xB9DF
[1495] [M]: 0x0000000080001748 (0xB9DF0FBB) paaddu.h t6, t5, t4
x31 <- 0x803F10007803FFFA

mem[X,0x000000008000174C] -> 0xB823
mem[X,0x000000008000174E] -> 0x1DF1
[1496] [M]: 0x000000008000174C (0x1DF1B823) sd t6, 0x1d0(gp)
mem[0x0000000080004380] <- 0x803F10007803FFFA

mem[X,0x0000000080001750] -> 0x0F37
mem[X,0x0000000080001752] -> 0x000A
[1497] [M]: 0x0000000080001750 (0x000A0F37) lui t5, 0xa0
x30 <- 0x00000000000A0000

mem[X,0x0000000080001754] -> 0x0F13
mem[X,0x0000000080001756] -> 0xBFFF
[1498] [M]: 0x0000000080001754 (0xBFFF0F13) addi t5, t5, -0x401
x30 <- 0x000000000009FBFF

mem[X,0x0000000080001758] -> 0x1F13
mem[X,0x000000008000175A] -> 0x00BF
[1499] [M]: 0x0000000080001758 (0x00BF1F13) slli t5, t5, 0xb
x30 <- 0x000000004FDFF800

clint::tick mtime <- 0x000000000000000F
 clint timer pending at mtime 0x000000000000000F
htif::tick 0x0000000000000000
mem[X,0x000000008000175C] -> 0x0F13
mem[X,0x000000008000175E] -> 0x7EFF
[1500] [M]: 0x000000008000175C (0x7EFF0F13) addi t5, t5, 0x7ef
x30 <- 0x000000004FDFFFEF

mem[X,0x0000000080001760] -> 0x1F13
mem[X,0x0000000080001762] -> 0x00BF
[1501] [M]: 0x0000000080001760 (0x00BF1F13) slli t5, t5, 0xb
x30 <- 0x0000027EFFFF7800

mem[X,0x0000000080001764] -> 0x0F13
mem[X,0x0000000080001766] -> 0x7FFF
[1502] [M]: 0x0000000080001764 (0x7FFF0F13) addi t5, t5, 0x7ff
x30 <- 0x0000027EFFFF7FFF

mem[X,0x0000000080001768] -> 0x1F13
mem[X,0x000000008000176A] -> 0x00AF
[1503] [M]: 0x0000000080001768 (0x00AF1F13) slli t5, t5, 0xa
x30 <- 0x0009FBFFFDFFFC00

mem[X,0x000000008000176C] -> 0x0F13
mem[X,0x000000008000176E] -> 0x3FEF
[1504] [M]: 0x000000008000176C (0x3FEF0F13) addi t5, t5, 0x3fe
x30 <- 0x0009FBFFFDFFFFFE

mem[X,0x0000000080001770] -> 0x0EB7
mem[X,0x0000000080001772] -> 0xFFC0
[1505] [M]: 0x0000000080001770 (0xFFC00EB7) lui t4, -0x400
x29 <- 0xFFFFFFFFFFC00000

mem[X,0x0000000080001774] -> 0x8E93
mem[X,0x0000000080001776] -> 0xFF7E
[1506] [M]: 0x0000000080001774 (0xFF7E8E93) addi t4, t4, -0x9
x29 <- 0xFFFFFFFFFFBFFFF7

mem[X,0x0000000080001778] -> 0x9E93
mem[X,0x000000008000177A] -> 0x00BE
[1507] [M]: 0x0000000080001778 (0x00BE9E93) slli t4, t4, 0xb
x29 <- 0xFFFFFFFDFFFFB800

mem[X,0x000000008000177C] -> 0x8E93
mem[X,0x000000008000177E] -> 0x040E
[1508] [M]: 0x000000008000177C (0x040E8E93) addi t4, t4, 0x40
x29 <- 0xFFFFFFFDFFFFB840

mem[X,0x0000000080001780] -> 0x9E93
mem[X,0x0000000080001782] -> 0x00BE
[1509] [M]: 0x0000000080001780 (0x00BE9E93) slli t4, t4, 0xb
x29 <- 0xFFFFEFFFFDC20000

mem[X,0x0000000080001784] -> 0x8E93
mem[X,0x0000000080001786] -> 0x020E
[1510] [M]: 0x0000000080001784 (0x020E8E93) addi t4, t4, 0x20
x29 <- 0xFFFFEFFFFDC20020

mem[X,0x0000000080001788] -> 0x9E93
mem[X,0x000000008000178A] -> 0x00AE
[1511] [M]: 0x0000000080001788 (0x00AE9E93) slli t4, t4, 0xa
x29 <- 0xFFBFFFF708008000

mem[X,0x000000008000178C] -> 0x0FBB
mem[X,0x000000008000178E] -> 0xB9DF
[1512] [M]: 0x000000008000178C (0xB9DF0FBB) paaddu.h t6, t5, t4
x31 <- 0x7FE4FDFB82FFBFFF

mem[X,0x0000000080001790] -> 0xBC23
mem[X,0x0000000080001792] -> 0x1DF1
[1513] [M]: 0x0000000080001790 (0x1DF1BC23) sd t6, 0x1d8(gp)
mem[0x0000000080004388] <- 0x7FE4FDFB82FFBFFF

mem[X,0x0000000080001794] -> 0x0F37
mem[X,0x0000000080001796] -> 0x0201
[1514] [M]: 0x0000000080001794 (0x02010F37) lui t5, 0x2010
x30 <- 0x0000000002010000

mem[X,0x0000000080001798] -> 0x0F13
mem[X,0x000000008000179A] -> 0xFF8F
[1515] [M]: 0x0000000080001798 (0xFF8F0F13) addi t5, t5, -0x8
x30 <- 0x000000000200FFF8

mem[X,0x000000008000179C] -> 0x1F13
mem[X,0x000000008000179E] -> 0x00BF
[1516] [M]: 0x000000008000179C (0x00BF1F13) slli t5, t5, 0xb
x30 <- 0x0000001007FFC000

mem[X,0x00000000800017A0] -> 0x0F13
mem[X,0x00000000800017A2] -> 0x6FFF
[1517] [M]: 0x00000000800017A0 (0x6FFF0F13) addi t5, t5, 0x6ff
x30 <- 0x0000001007FFC6FF

mem[X,0x00000000800017A4] -> 0x1F13
mem[X,0x00000000800017A6] -> 0x00BF
[1518] [M]: 0x00000000800017A4 (0x00BF1F13) slli t5, t5, 0xb
x30 <- 0x0000803FFE37F800

mem[X,0x00000000800017A8] -> 0x0F13
mem[X,0x00000000800017AA] -> 0x7EFF
[1519] [M]: 0x00000000800017A8 (0x7EFF0F13) addi t5, t5, 0x7ef
x30 <- 0x0000803FFE37FFEF

mem[X,0x00000000800017AC] -> 0x1F13
mem[X,0x00000000800017AE] -> 0x00AF
[1520] [M]: 0x00000000800017AC (0x00AF1F13) slli t5, t5, 0xa
x30 <- 0x0200FFF8DFFFBC00

mem[X,0x00000000800017B0] -> 0x0F13
mem[X,0x00000000800017B2] -> 0x3FFF
[1521] [M]: 0x00000000800017B0 (0x3FFF0F13) addi t5, t5, 0x3ff
x30 <- 0x0200FFF8DFFFBFFF

mem[X,0x00000000800017B4] -> 0x0EB7
mem[X,0x00000000800017B6] -> 0x0081
[1522] [M]: 0x00000000800017B4 (0x00810EB7) lui t4, 0x810
x29 <- 0x0000000000810000

mem[X,0x00000000800017B8] -> 0x8E93
mem[X,0x00000000800017BA] -> 0xFF7E
[1523] [M]: 0x00000000800017B8 (0xFF7E8E93) addi t4, t4, -0x9
x29 <- 0x000000000080FFF7

mem[X,0x00000000800017BC] -> 0x9E93
mem[X,0x00000000800017BE] -> 0x00BE
[1524] [M]: 0x00000000800017BC (0x00BE9E93) slli t4, t4, 0xb
x29 <- 0x0000000407FFB800

mem[X,0x00000000800017C0] -> 0x8E93
mem[X,0x00000000800017C2] -> 0x000E
[1525] [M]: 0x00000000800017C0 (0x000E8E93) addi t4, t4, 0x0
x29 <- 0x0000000407FFB800

mem[X,0x00000000800017C4] -> 0x9E93
mem[X,0x00000000800017C6] -> 0x00BE
[1526] [M]: 0x00000000800017C4 (0x00BE9E93) slli t4, t4, 0xb
x29 <- 0x0000203FFDC00000

mem[X,0x00000000800017C8] -> 0x8E93
mem[X,0x00000000800017CA] -> 0x1C0E
[1527] [M]: 0x00000000800017C8 (0x1C0E8E93) addi t4, t4, 0x1c0
x29 <- 0x0000203FFDC001C0

mem[X,0x00000000800017CC] -> 0x9E93
mem[X,0x00000000800017CE] -> 0x00AE
[1528] [M]: 0x00000000800017CC (0x00AE9E93) slli t4, t4, 0xa
x29 <- 0x0080FFF700070000

mem[X,0x00000000800017D0] -> 0x0FBB
mem[X,0x00000000800017D2] -> 0xB9DF
[1529] [M]: 0x00000000800017D0 (0xB9DF0FBB) paaddu.h t6, t5, t4
x31 <- 0x0140FFF770035FFF

mem[X,0x00000000800017D4] -> 0xB023
mem[X,0x00000000800017D6] -> 0x1FF1
[1530] [M]: 0x00000000800017D4 (0x1FF1B023) sd t6, 0x1e0(gp)
mem[0x0000000080004390] <- 0x0140FFF770035FFF

mem[X,0x00000000800017D8] -> 0x0F37
mem[X,0x00000000800017DA] -> 0x0000
[1531] [M]: 0x00000000800017D8 (0x00000F37) lui t5, 0x0
x30 <- 0x0000000000000000

mem[X,0x00000000800017DC] -> 0x0F13
mem[X,0x00000000800017DE] -> 0xFDFF
[1532] [M]: 0x00000000800017DC (0xFDFF0F13) addi t5, t5, -0x21
x30 <- 0xFFFFFFFFFFFFFFDF

mem[X,0x00000000800017E0] -> 0x1F13
mem[X,0x00000000800017E2] -> 0x00BF
[1533] [M]: 0x00000000800017E0 (0x00BF1F13) slli t5, t5, 0xb
x30 <- 0xFFFFFFFFFFFEF800

mem[X,0x00000000800017E4] -> 0x0F13
mem[X,0x00000000800017E6] -> 0x2AAF
[1534] [M]: 0x00000000800017E4 (0x2AAF0F13) addi t5, t5, 0x2aa
x30 <- 0xFFFFFFFFFFFEFAAA

mem[X,0x00000000800017E8] -> 0x1F13
mem[X,0x00000000800017EA] -> 0x00BF
[1535] [M]: 0x00000000800017E8 (0x00BF1F13) slli t5, t5, 0xb
x30 <- 0xFFFFFFFFF7D55000

mem[X,0x00000000800017EC] -> 0x0F13
mem[X,0x00000000800017EE] -> 0x540F
[1536] [M]: 0x00000000800017EC (0x540F0F13) addi t5, t5, 0x540
x30 <- 0xFFFFFFFFF7D55540

mem[X,0x00000000800017F0] -> 0x1F13
mem[X,0x00000000800017F2] -> 0x00AF
[1537] [M]: 0x00000000800017F0 (0x00AF1F13) slli t5, t5, 0xa
x30 <- 0xFFFFFFDF55550000

mem[X,0x00000000800017F4] -> 0x0F13
mem[X,0x00000000800017F6] -> 0x004F
[1538] [M]: 0x00000000800017F4 (0x004F0F13) addi t5, t5, 0x4
x30 <- 0xFFFFFFDF55550004

mem[X,0x00000000800017F8] -> 0x4EB7
mem[X,0x00000000800017FA] -> 0xFFFF
[1539] [M]: 0x00000000800017F8 (0xFFFF4EB7) lui t4, -0xc
x29 <- 0xFFFFFFFFFFFF4000

mem[X,0x00000000800017FC] -> 0x8E93
mem[X,0x00000000800017FE] -> 0xFFFE
[1540] [M]: 0x00000000800017FC (0xFFFE8E93) addi t4, t4, -0x1
x29 <- 0xFFFFFFFFFFFF3FFF

mem[X,0x0000000080001800] -> 0x9E93
mem[X,0x0000000080001802] -> 0x00BE
[1541] [M]: 0x0000000080001800 (0x00BE9E93) slli t4, t4, 0xb
x29 <- 0xFFFFFFFFF9FFF800

mem[X,0x0000000080001804] -> 0x8E93
mem[X,0x0000000080001806] -> 0x000E
[1542] [M]: 0x0000000080001804 (0x000E8E93) addi t4, t4, 0x0
x29 <- 0xFFFFFFFFF9FFF800

mem[X,0x0000000080001808] -> 0x9E93
mem[X,0x000000008000180A] -> 0x00BE
[1543] [M]: 0x0000000080001808 (0x00BE9E93) slli t4, t4, 0xb
x29 <- 0xFFFFFFCFFFC00000

mem[X,0x000000008000180C] -> 0x8E93
mem[X,0x000000008000180E] -> 0x0FFE
[1544] [M]: 0x000000008000180C (0x0FFE8E93) addi t4, t4, 0xff
x29 <- 0xFFFFFFCFFFC000FF

mem[X,0x0000000080001810] -> 0x9E93
mem[X,0x0000000080001812] -> 0x00AE
[1545] [M]: 0x0000000080001810 (0x00AE9E93) slli t4, t4, 0xa
x29 <- 0xFFFF3FFF0003FC00

mem[X,0x0000000080001814] -> 0x8E93
mem[X,0x0000000080001816] -> 0x3FBE
[1546] [M]: 0x0000000080001814 (0x3FBE8E93) addi t4, t4, 0x3fb
x29 <- 0xFFFF3FFF0003FFFB

mem[X,0x0000000080001818] -> 0x0FBB
mem[X,0x000000008000181A] -> 0xB9DF
[1547] [M]: 0x0000000080001818 (0xB9DF0FBB) paaddu.h t6, t5, t4
x31 <- 0xFFFF9FEF2AAC7FFF

mem[X,0x000000008000181C] -> 0xB423
mem[X,0x000000008000181E] -> 0x1FF1
[1548] [M]: 0x000000008000181C (0x1FF1B423) sd t6, 0x1e8(gp)
mem[0x0000000080004398] <- 0xFFFF9FEF2AAC7FFF

mem[X,0x0000000080001820] -> 0x0F37
mem[X,0x0000000080001822] -> 0xFFFA
[1549] [M]: 0x0000000080001820 (0xFFFA0F37) lui t5, -0x60
x30 <- 0xFFFFFFFFFFFA0000

mem[X,0x0000000080001824] -> 0x0F13
mem[X,0x0000000080001826] -> 0xFFFF
[1550] [M]: 0x0000000080001824 (0xFFFF0F13) addi t5, t5, -0x1
x30 <- 0xFFFFFFFFFFF9FFFF

mem[X,0x0000000080001828] -> 0x1F13
mem[X,0x000000008000182A] -> 0x00BF
[1551] [M]: 0x0000000080001828 (0x00BF1F13) slli t5, t5, 0xb
x30 <- 0xFFFFFFFFCFFFF800

mem[X,0x000000008000182C] -> 0x0F13
mem[X,0x000000008000182E] -> 0x004F
[1552] [M]: 0x000000008000182C (0x004F0F13) addi t5, t5, 0x4
x30 <- 0xFFFFFFFFCFFFF804

mem[X,0x0000000080001830] -> 0x1F13
mem[X,0x0000000080001832] -> 0x00BF
[1553] [M]: 0x0000000080001830 (0x00BF1F13) slli t5, t5, 0xb
x30 <- 0xFFFFFE7FFFC02000

mem[X,0x0000000080001834] -> 0x0F13
mem[X,0x0000000080001836] -> 0x002F
[1554] [M]: 0x0000000080001834 (0x002F0F13) addi t5, t5, 0x2
x30 <- 0xFFFFFE7FFFC02002

mem[X,0x0000000080001838] -> 0x1F13
mem[X,0x000000008000183A] -> 0x00AF
[1555] [M]: 0x0000000080001838 (0x00AF1F13) slli t5, t5, 0xa
x30 <- 0xFFF9FFFF00800800

mem[X,0x000000008000183C] -> 0x8EB7
mem[X,0x000000008000183E] -> 0x0200
[1556] [M]: 0x000000008000183C (0x02008EB7) lui t4, 0x2008
x29 <- 0x0000000002008000

mem[X,0x0000000080001840] -> 0x8E93
mem[X,0x0000000080001842] -> 0x000E
[1557] [M]: 0x0000000080001840 (0x000E8E93) addi t4, t4, 0x0
x29 <- 0x0000000002008000

mem[X,0x0000000080001844] -> 0x9E93
mem[X,0x0000000080001846] -> 0x00BE
[1558] [M]: 0x0000000080001844 (0x00BE9E93) slli t4, t4, 0xb
x29 <- 0x0000001004000000

mem[X,0x0000000080001848] -> 0x8E93
mem[X,0x000000008000184A] -> 0x7F7E
[1559] [M]: 0x0000000080001848 (0x7F7E8E93) addi t4, t4, 0x7f7
x29 <- 0x00000010040007F7

mem[X,0x000000008000184C] -> 0x9E93
mem[X,0x000000008000184E] -> 0x00BE
[1560] [M]: 0x000000008000184C (0x00BE9E93) slli t4, t4, 0xb
x29 <- 0x00008020003FB800

mem[X,0x0000000080001850] -> 0x8E93
mem[X,0x0000000080001852] -> 0x7C0E
[1561] [M]: 0x0000000080001850 (0x7C0E8E93) addi t4, t4, 0x7c0
x29 <- 0x00008020003FBFC0

mem[X,0x0000000080001854] -> 0x9E93
mem[X,0x0000000080001856] -> 0x00AE
[1562] [M]: 0x0000000080001854 (0x00AE9E93) slli t4, t4, 0xa
x29 <- 0x02008000FEFF0000

mem[X,0x0000000080001858] -> 0x8E93
mem[X,0x000000008000185A] -> 0x020E
[1563] [M]: 0x0000000080001858 (0x020E8E93) addi t4, t4, 0x20
x29 <- 0x02008000FEFF0020

mem[X,0x000000008000185C] -> 0x0FBB
mem[X,0x000000008000185E] -> 0xB9DF
[1564] [M]: 0x000000008000185C (0xB9DF0FBB) paaddu.h t6, t5, t4
x31 <- 0x80FCBFFF7FBF0410

mem[X,0x0000000080001860] -> 0xB823
mem[X,0x0000000080001862] -> 0x1FF1
[1565] [M]: 0x0000000080001860 (0x1FF1B823) sd t6, 0x1f0(gp)
mem[0x00000000800043A0] <- 0x80FCBFFF7FBF0410

mem[X,0x0000000080001864] -> 0x8F37
mem[X,0x0000000080001866] -> 0x0009
[1566] [M]: 0x0000000080001864 (0x00098F37) lui t5, 0x98
x30 <- 0x0000000000098000

mem[X,0x0000000080001868] -> 0x0F13
mem[X,0x000000008000186A] -> 0xFFFF
[1567] [M]: 0x0000000080001868 (0xFFFF0F13) addi t5, t5, -0x1
x30 <- 0x0000000000097FFF

mem[X,0x000000008000186C] -> 0x1F13
mem[X,0x000000008000186E] -> 0x00BF
[1568] [M]: 0x000000008000186C (0x00BF1F13) slli t5, t5, 0xb
x30 <- 0x000000004BFFF800

mem[X,0x0000000080001870] -> 0x0F13
mem[X,0x0000000080001872] -> 0x004F
[1569] [M]: 0x0000000080001870 (0x004F0F13) addi t5, t5, 0x4
x30 <- 0x000000004BFFF804

mem[X,0x0000000080001874] -> 0x1F13
mem[X,0x0000000080001876] -> 0x00BF
[1570] [M]: 0x0000000080001874 (0x00BF1F13) slli t5, t5, 0xb
x30 <- 0x0000025FFFC02000

mem[X,0x0000000080001878] -> 0x0F13
mem[X,0x000000008000187A] -> 0x03FF
[1571] [M]: 0x0000000080001878 (0x03FF0F13) addi t5, t5, 0x3f
x30 <- 0x0000025FFFC0203F

mem[X,0x000000008000187C] -> 0x1F13
mem[X,0x000000008000187E] -> 0x00AF
[1572] [M]: 0x000000008000187C (0x00AF1F13) slli t5, t5, 0xa
x30 <- 0x00097FFF0080FC00

mem[X,0x0000000080001880] -> 0x0F13
mem[X,0x0000000080001882] -> 0x3DFF
[1573] [M]: 0x0000000080001880 (0x3DFF0F13) addi t5, t5, 0x3df
x30 <- 0x00097FFF0080FFDF

mem[X,0x0000000080001884] -> 0x0EB7
mem[X,0x0000000080001886] -> 0x0080
[1574] [M]: 0x0000000080001884 (0x00800EB7) lui t4, 0x800
x29 <- 0x0000000000800000

mem[X,0x0000000080001888] -> 0x8E93
mem[X,0x000000008000188A] -> 0x400E
[1575] [M]: 0x0000000080001888 (0x400E8E93) addi t4, t4, 0x400
x29 <- 0x0000000000800400

mem[X,0x000000008000188C] -> 0x9E93
mem[X,0x000000008000188E] -> 0x00BE
[1576] [M]: 0x000000008000188C (0x00BE9E93) slli t4, t4, 0xb
x29 <- 0x0000000400200000

mem[X,0x0000000080001890] -> 0x8E93
mem[X,0x0000000080001892] -> 0x7F7E
[1577] [M]: 0x0000000080001890 (0x7F7E8E93) addi t4, t4, 0x7f7
x29 <- 0x00000004002007F7

mem[X,0x0000000080001894] -> 0x9E93
mem[X,0x0000000080001896] -> 0x00BE
[1578] [M]: 0x0000000080001894 (0x00BE9E93) slli t4, t4, 0xb
x29 <- 0x00002001003FB800

mem[X,0x0000000080001898] -> 0x8E93
mem[X,0x000000008000189A] -> 0x7FFE
[1579] [M]: 0x0000000080001898 (0x7FFE8E93) addi t4, t4, 0x7ff
x29 <- 0x00002001003FBFFF

mem[X,0x000000008000189C] -> 0x9E93
mem[X,0x000000008000189E] -> 0x00AE
[1580] [M]: 0x000000008000189C (0x00AE9E93) slli t4, t4, 0xa
x29 <- 0x00800400FEFFFC00

mem[X,0x00000000800018A0] -> 0x8E93
mem[X,0x00000000800018A2] -> 0x3EFE
[1581] [M]: 0x00000000800018A0 (0x3EFE8E93) addi t4, t4, 0x3ef
x29 <- 0x00800400FEFFFFEF

mem[X,0x00000000800018A4] -> 0x0FBB
mem[X,0x00000000800018A6] -> 0xB9DF
[1582] [M]: 0x00000000800018A4 (0xB9DF0FBB) paaddu.h t6, t5, t4
x31 <- 0x004441FF7FBFFFE7

mem[X,0x00000000800018A8] -> 0xBC23
mem[X,0x00000000800018AA] -> 0x1FF1
[1583] [M]: 0x00000000800018A8 (0x1FF1BC23) sd t6, 0x1f8(gp)
mem[0x00000000800043A8] <- 0x004441FF7FBFFFE7

mem[X,0x00000000800018AC] -> 0x0F37
mem[X,0x00000000800018AE] -> 0x0200
[1584] [M]: 0x00000000800018AC (0x02000F37) lui t5, 0x2000
x30 <- 0x0000000002000000

mem[X,0x00000000800018B0] -> 0x0F13
mem[X,0x00000000800018B2] -> 0x020F
[1585] [M]: 0x00000000800018B0 (0x020F0F13) addi t5, t5, 0x20
x30 <- 0x0000000002000020

mem[X,0x00000000800018B4] -> 0x1F13
mem[X,0x00000000800018B6] -> 0x00BF
[1586] [M]: 0x00000000800018B4 (0x00BF1F13) slli t5, t5, 0xb
x30 <- 0x0000001000010000

mem[X,0x00000000800018B8] -> 0x0F13
mem[X,0x00000000800018BA] -> 0x7FFF
[1587] [M]: 0x00000000800018B8 (0x7FFF0F13) addi t5, t5, 0x7ff
x30 <- 0x00000010000107FF

mem[X,0x00000000800018BC] -> 0x1F13
mem[X,0x00000000800018BE] -> 0x00BF
[1588] [M]: 0x00000000800018BC (0x00BF1F13) slli t5, t5, 0xb
x30 <- 0x00008000083FF800

mem[X,0x00000000800018C0] -> 0x0F13
mem[X,0x00000000800018C2] -> 0x6FFF
[1589] [M]: 0x00000000800018C0 (0x6FFF0F13) addi t5, t5, 0x6ff
x30 <- 0x00008000083FFEFF

mem[X,0x00000000800018C4] -> 0x1F13
mem[X,0x00000000800018C6] -> 0x00AF
[1590] [M]: 0x00000000800018C4 (0x00AF1F13) slli t5, t5, 0xa
x30 <- 0x02000020FFFBFC00

mem[X,0x00000000800018C8] -> 0x0F13
mem[X,0x00000000800018CA] -> 0x3F8F
[1591] [M]: 0x00000000800018C8 (0x3F8F0F13) addi t5, t5, 0x3f8
x30 <- 0x02000020FFFBFFF8

mem[X,0x00000000800018CC] -> 0xFEB7
mem[X,0x00000000800018CE] -> 0xFFFA
[1592] [M]: 0x00000000800018CC (0xFFFAFEB7) lui t4, -0x51
x29 <- 0xFFFFFFFFFFFAF000

mem[X,0x00000000800018D0] -> 0x8E93
mem[X,0x00000000800018D2] -> 0x7FFE
[1593] [M]: 0x00000000800018D0 (0x7FFE8E93) addi t4, t4, 0x7ff
x29 <- 0xFFFFFFFFFFFAF7FF

mem[X,0x00000000800018D4] -> 0x9E93
mem[X,0x00000000800018D6] -> 0x00BE
[1594] [M]: 0x00000000800018D4 (0x00BE9E93) slli t4, t4, 0xb
x29 <- 0xFFFFFFFFD7BFF800

mem[X,0x00000000800018D8] -> 0x8E93
mem[X,0x00000000800018DA] -> 0x7EFE
[1595] [M]: 0x00000000800018D8 (0x7EFE8E93) addi t4, t4, 0x7ef
x29 <- 0xFFFFFFFFD7BFFFEF

mem[X,0x00000000800018DC] -> 0x9E93
mem[X,0x00000000800018DE] -> 0x00BE
[1596] [M]: 0x00000000800018DC (0x00BE9E93) slli t4, t4, 0xb
x29 <- 0xFFFFFEBDFFFF7800

mem[X,0x00000000800018E0] -> 0x8E93
mem[X,0x00000000800018E2] -> 0x7C0E
[1597] [M]: 0x00000000800018E0 (0x7C0E8E93) addi t4, t4, 0x7c0
x29 <- 0xFFFFFEBDFFFF7FC0

mem[X,0x00000000800018E4] -> 0x9E93
mem[X,0x00000000800018E6] -> 0x00AE
[1598] [M]: 0x00000000800018E4 (0x00AE9E93) slli t4, t4, 0xa
x29 <- 0xFFFAF7FFFDFF0000

mem[X,0x00000000800018E8] -> 0x8E93
mem[X,0x00000000800018EA] -> 0x006E
[1599] [M]: 0x00000000800018E8 (0x006E8E93) addi t4, t4, 0x6
x29 <- 0xFFFAF7FFFDFF0006

clint::tick mtime <- 0x0000000000000010
 clint timer pending at mtime 0x0000000000000010
htif::tick 0x0000000000000000
mem[X,0x00000000800018EC] -> 0x0FBB
mem[X,0x00000000800018EE] -> 0xB9DF
[1600] [M]: 0x00000000800018EC (0xB9DF0FBB) paaddu.h t6, t5, t4
x31 <- 0x80FD7C0FFEFD7FFF

mem[X,0x00000000800018F0] -> 0xB023
mem[X,0x00000000800018F2] -> 0x21F1
[1601] [M]: 0x00000000800018F0 (0x21F1B023) sd t6, 0x200(gp)
mem[0x00000000800043B0] <- 0x80FD7C0FFEFD7FFF

mem[X,0x00000000800018F4] -> 0x0F37
mem[X,0x00000000800018F6] -> 0x3FFF
[1602] [M]: 0x00000000800018F4 (0x3FFF0F37) lui t5, 0x3fff0
x30 <- 0x000000003FFF0000

mem[X,0x00000000800018F8] -> 0x0F13
mem[X,0x00000000800018FA] -> 0x200F
[1603] [M]: 0x00000000800018F8 (0x200F0F13) addi t5, t5, 0x200
x30 <- 0x000000003FFF0200

mem[X,0x00000000800018FC] -> 0x1F13
mem[X,0x00000000800018FE] -> 0x00BF
[1604] [M]: 0x00000000800018FC (0x00BF1F13) slli t5, t5, 0xb
x30 <- 0x000001FFF8100000

mem[X,0x0000000080001900] -> 0x0F13
mem[X,0x0000000080001902] -> 0x000F
[1605] [M]: 0x0000000080001900 (0x000F0F13) addi t5, t5, 0x0
x30 <- 0x000001FFF8100000

mem[X,0x0000000080001904] -> 0x1F13
mem[X,0x0000000080001906] -> 0x00BF
[1606] [M]: 0x0000000080001904 (0x00BF1F13) slli t5, t5, 0xb
x30 <- 0x000FFFC080000000

mem[X,0x0000000080001908] -> 0x0F13
mem[X,0x000000008000190A] -> 0x19FF
[1607] [M]: 0x0000000080001908 (0x19FF0F13) addi t5, t5, 0x19f
x30 <- 0x000FFFC08000019F

mem[X,0x000000008000190C] -> 0x1F13
mem[X,0x000000008000190E] -> 0x00AF
[1608] [M]: 0x000000008000190C (0x00AF1F13) slli t5, t5, 0xa
x30 <- 0x3FFF020000067C00

mem[X,0x0000000080001910] -> 0x0F13
mem[X,0x0000000080001912] -> 0x3FFF
[1609] [M]: 0x0000000080001910 (0x3FFF0F13) addi t5, t5, 0x3ff
x30 <- 0x3FFF020000067FFF

mem[X,0x0000000080001914] -> 0x0EB7
mem[X,0x0000000080001916] -> 0xFFF9
[1610] [M]: 0x0000000080001914 (0xFFF90EB7) lui t4, -0x70
x29 <- 0xFFFFFFFFFFF90000

mem[X,0x0000000080001918] -> 0x8E93
mem[X,0x000000008000191A] -> 0x000E
[1611] [M]: 0x0000000080001918 (0x000E8E93) addi t4, t4, 0x0
x29 <- 0xFFFFFFFFFFF90000

mem[X,0x000000008000191C] -> 0x9E93
mem[X,0x000000008000191E] -> 0x00BE
[1612] [M]: 0x000000008000191C (0x00BE9E93) slli t4, t4, 0xb
x29 <- 0xFFFFFFFFC8000000

mem[X,0x0000000080001920] -> 0x8E93
mem[X,0x0000000080001922] -> 0x004E
[1613] [M]: 0x0000000080001920 (0x004E8E93) addi t4, t4, 0x4
x29 <- 0xFFFFFFFFC8000004

mem[X,0x0000000080001924] -> 0x9E93
mem[X,0x0000000080001926] -> 0x00BE
[1614] [M]: 0x0000000080001924 (0x00BE9E93) slli t4, t4, 0xb
x29 <- 0xFFFFFE4000002000

mem[X,0x0000000080001928] -> 0x8E93
mem[X,0x000000008000192A] -> 0x03FE
[1615] [M]: 0x0000000080001928 (0x03FE8E93) addi t4, t4, 0x3f
x29 <- 0xFFFFFE400000203F

mem[X,0x000000008000192C] -> 0x9E93
mem[X,0x000000008000192E] -> 0x00AE
[1616] [M]: 0x000000008000192C (0x00AE9E93) slli t4, t4, 0xa
x29 <- 0xFFF900000080FC00

mem[X,0x0000000080001930] -> 0x8E93
mem[X,0x0000000080001932] -> 0x3F8E
[1617] [M]: 0x0000000080001930 (0x3F8E8E93) addi t4, t4, 0x3f8
x29 <- 0xFFF900000080FFF8

mem[X,0x0000000080001934] -> 0x0FBB
mem[X,0x0000000080001936] -> 0xB9DF
[1618] [M]: 0x0000000080001934 (0xB9DF0FBB) paaddu.h t6, t5, t4
x31 <- 0x9FFC01000043BFFB

mem[X,0x0000000080001938] -> 0xB423
mem[X,0x000000008000193A] -> 0x21F1
[1619] [M]: 0x0000000080001938 (0x21F1B423) sd t6, 0x208(gp)
mem[0x00000000800043B8] <- 0x9FFC01000043BFFB

mem[X,0x000000008000193C] -> 0x4F37
mem[X,0x000000008000193E] -> 0x0080
[1620] [M]: 0x000000008000193C (0x00804F37) lui t5, 0x804
x30 <- 0x0000000000804000

mem[X,0x0000000080001940] -> 0x0F13
mem[X,0x0000000080001942] -> 0x000F
[1621] [M]: 0x0000000080001940 (0x000F0F13) addi t5, t5, 0x0
x30 <- 0x0000000000804000

mem[X,0x0000000080001944] -> 0x1F13
mem[X,0x0000000080001946] -> 0x00BF
[1622] [M]: 0x0000000080001944 (0x00BF1F13) slli t5, t5, 0xb
x30 <- 0x0000000402000000

mem[X,0x0000000080001948] -> 0x0F13
mem[X,0x000000008000194A] -> 0x7FEF
[1623] [M]: 0x0000000080001948 (0x7FEF0F13) addi t5, t5, 0x7fe
x30 <- 0x00000004020007FE

mem[X,0x000000008000194C] -> 0x1F13
mem[X,0x000000008000194E] -> 0x00BF
[1624] [M]: 0x000000008000194C (0x00BF1F13) slli t5, t5, 0xb
x30 <- 0x00002010003FF000

mem[X,0x0000000080001950] -> 0x0F13
mem[X,0x0000000080001952] -> 0x7FFF
[1625] [M]: 0x0000000080001950 (0x7FFF0F13) addi t5, t5, 0x7ff
x30 <- 0x00002010003FF7FF

mem[X,0x0000000080001954] -> 0x1F13
mem[X,0x0000000080001956] -> 0x00AF
[1626] [M]: 0x0000000080001954 (0x00AF1F13) slli t5, t5, 0xa
x30 <- 0x00804000FFDFFC00

mem[X,0x0000000080001958] -> 0x0F13
mem[X,0x000000008000195A] -> 0x3FAF
[1627] [M]: 0x0000000080001958 (0x3FAF0F13) addi t5, t5, 0x3fa
x30 <- 0x00804000FFDFFFFA

mem[X,0x000000008000195C] -> 0x0EB7
mem[X,0x000000008000195E] -> 0xFFFE
[1628] [M]: 0x000000008000195C (0xFFFE0EB7) lui t4, -0x20
x29 <- 0xFFFFFFFFFFFE0000

mem[X,0x0000000080001960] -> 0x8E93
mem[X,0x0000000080001962] -> 0x100E
[1629] [M]: 0x0000000080001960 (0x100E8E93) addi t4, t4, 0x100
x29 <- 0xFFFFFFFFFFFE0100

mem[X,0x0000000080001964] -> 0x9E93
mem[X,0x0000000080001966] -> 0x00BE
[1630] [M]: 0x0000000080001964 (0x00BE9E93) slli t4, t4, 0xb
x29 <- 0xFFFFFFFFF0080000

mem[X,0x0000000080001968] -> 0x8E93
mem[X,0x000000008000196A] -> 0x000E
[1631] [M]: 0x0000000080001968 (0x000E8E93) addi t4, t4, 0x0
x29 <- 0xFFFFFFFFF0080000

mem[X,0x000000008000196C] -> 0x9E93
mem[X,0x000000008000196E] -> 0x00BE
[1632] [M]: 0x000000008000196C (0x00BE9E93) slli t4, t4, 0xb
x29 <- 0xFFFFFF8040000000

mem[X,0x0000000080001970] -> 0x8E93
mem[X,0x0000000080001972] -> 0x137E
[1633] [M]: 0x0000000080001970 (0x137E8E93) addi t4, t4, 0x137
x29 <- 0xFFFFFF8040000137

mem[X,0x0000000080001974] -> 0x9E93
mem[X,0x0000000080001976] -> 0x00AE
[1634] [M]: 0x0000000080001974 (0x00AE9E93) slli t4, t4, 0xa
x29 <- 0xFFFE01000004DC00

mem[X,0x0000000080001978] -> 0x8E93
mem[X,0x000000008000197A] -> 0x3FFE
[1635] [M]: 0x0000000080001978 (0x3FFE8E93) addi t4, t4, 0x3ff
x29 <- 0xFFFE01000004DFFF

mem[X,0x000000008000197C] -> 0x0FBB
mem[X,0x000000008000197E] -> 0xB9DF
[1636] [M]: 0x000000008000197C (0xB9DF0FBB) paaddu.h t6, t5, t4
x31 <- 0x803F20807FF1EFFC

mem[X,0x0000000080001980] -> 0xB823
mem[X,0x0000000080001982] -> 0x21F1
[1637] [M]: 0x0000000080001980 (0x21F1B823) sd t6, 0x210(gp)
mem[0x00000000800043C0] <- 0x803F20807FF1EFFC

mem[X,0x0000000080001984] -> 0x5F37
mem[X,0x0000000080001986] -> 0xFBFF
[1638] [M]: 0x0000000080001984 (0xFBFF5F37) lui t5, -0x400b
x30 <- 0xFFFFFFFFFBFF5000

mem[X,0x0000000080001988] -> 0x0F13
mem[X,0x000000008000198A] -> 0x555F
[1639] [M]: 0x0000000080001988 (0x555F0F13) addi t5, t5, 0x555
x30 <- 0xFFFFFFFFFBFF5555

mem[X,0x000000008000198C] -> 0x1F13
mem[X,0x000000008000198E] -> 0x00BF
[1640] [M]: 0x000000008000198C (0x00BF1F13) slli t5, t5, 0xb
x30 <- 0xFFFFFFDFFAAAA800

mem[X,0x0000000080001990] -> 0x0F13
mem[X,0x0000000080001992] -> 0x7FFF
[1641] [M]: 0x0000000080001990 (0x7FFF0F13) addi t5, t5, 0x7ff
x30 <- 0xFFFFFFDFFAAAAFFF

mem[X,0x0000000080001994] -> 0x1F13
mem[X,0x0000000080001996] -> 0x00BF
[1642] [M]: 0x0000000080001994 (0x00BF1F13) slli t5, t5, 0xb
x30 <- 0xFFFEFFD5557FF800

mem[X,0x0000000080001998] -> 0x0F13
mem[X,0x000000008000199A] -> 0x5C0F
[1643] [M]: 0x0000000080001998 (0x5C0F0F13) addi t5, t5, 0x5c0
x30 <- 0xFFFEFFD5557FFDC0

mem[X,0x000000008000199C] -> 0x1F13
mem[X,0x000000008000199E] -> 0x00AF
[1644] [M]: 0x000000008000199C (0x00AF1F13) slli t5, t5, 0xa
x30 <- 0xFBFF5555FFF70000

mem[X,0x00000000800019A0] -> 0x0EB7
mem[X,0x00000000800019A2] -> 0x0021
[1645] [M]: 0x00000000800019A0 (0x00210EB7) lui t4, 0x210
x29 <- 0x0000000000210000

mem[X,0x00000000800019A4] -> 0x8E93
mem[X,0x00000000800019A6] -> 0xFF7E
[1646] [M]: 0x00000000800019A4 (0xFF7E8E93) addi t4, t4, -0x9
x29 <- 0x000000000020FFF7

mem[X,0x00000000800019A8] -> 0x9E93
mem[X,0x00000000800019AA] -> 0x00BE
[1647] [M]: 0x00000000800019A8 (0x00BE9E93) slli t4, t4, 0xb
x29 <- 0x0000000107FFB800

mem[X,0x00000000800019AC] -> 0x8E93
mem[X,0x00000000800019AE] -> 0x7FFE
[1648] [M]: 0x00000000800019AC (0x7FFE8E93) addi t4, t4, 0x7ff
x29 <- 0x0000000107FFBFFF

mem[X,0x00000000800019B0] -> 0x9E93
mem[X,0x00000000800019B2] -> 0x00BE
[1649] [M]: 0x00000000800019B0 (0x00BE9E93) slli t4, t4, 0xb
x29 <- 0x0000083FFDFFF800

mem[X,0x00000000800019B4] -> 0x8E93
mem[X,0x00000000800019B6] -> 0x5A0E
[1650] [M]: 0x00000000800019B4 (0x5A0E8E93) addi t4, t4, 0x5a0
x29 <- 0x0000083FFDFFFDA0

mem[X,0x00000000800019B8] -> 0x9E93
mem[X,0x00000000800019BA] -> 0x00AE
[1651] [M]: 0x00000000800019B8 (0x00AE9E93) slli t4, t4, 0xa
x29 <- 0x0020FFF7FFF68000

mem[X,0x00000000800019BC] -> 0x0FBB
mem[X,0x00000000800019BE] -> 0xB9DF
[1652] [M]: 0x00000000800019BC (0xB9DF0FBB) paaddu.h t6, t5, t4
x31 <- 0x7E0FAAA6FFF64000

mem[X,0x00000000800019C0] -> 0xBC23
mem[X,0x00000000800019C2] -> 0x21F1
[1653] [M]: 0x00000000800019C0 (0x21F1BC23) sd t6, 0x218(gp)
mem[0x00000000800043C8] <- 0x7E0FAAA6FFF64000

mem[X,0x00000000800019C4] -> 0x0F37
mem[X,0x00000000800019C6] -> 0x7FFF
[1654] [M]: 0x00000000800019C4 (0x7FFF0F37) lui t5, 0x7fff0
x30 <- 0x000000007FFF0000

mem[X,0x00000000800019C8] -> 0x0F13
mem[X,0x00000000800019CA] -> 0x001F
[1655] [M]: 0x00000000800019C8 (0x001F0F13) addi t5, t5, 0x1
x30 <- 0x000000007FFF0001

mem[X,0x00000000800019CC] -> 0x1F13
mem[X,0x00000000800019CE] -> 0x00BF
[1656] [M]: 0x00000000800019CC (0x00BF1F13) slli t5, t5, 0xb
x30 <- 0x000003FFF8000800

mem[X,0x00000000800019D0] -> 0x0F13
mem[X,0x00000000800019D2] -> 0x7FFF
[1657] [M]: 0x00000000800019D0 (0x7FFF0F13) addi t5, t5, 0x7ff
x30 <- 0x000003FFF8000FFF

mem[X,0x00000000800019D4] -> 0x1F13
mem[X,0x00000000800019D6] -> 0x00BF
[1658] [M]: 0x00000000800019D4 (0x00BF1F13) slli t5, t5, 0xb
x30 <- 0x001FFFC0007FF800

mem[X,0x00000000800019D8] -> 0x0F13
mem[X,0x00000000800019DA] -> 0x7BDF
[1659] [M]: 0x00000000800019D8 (0x7BDF0F13) addi t5, t5, 0x7bd
x30 <- 0x001FFFC0007FFFBD

mem[X,0x00000000800019DC] -> 0x1F13
mem[X,0x00000000800019DE] -> 0x00AF
[1660] [M]: 0x00000000800019DC (0x00AF1F13) slli t5, t5, 0xa
x30 <- 0x7FFF0001FFFEF400

mem[X,0x00000000800019E0] -> 0x0F13
mem[X,0x00000000800019E2] -> 0x3FFF
[1661] [M]: 0x00000000800019E0 (0x3FFF0F13) addi t5, t5, 0x3ff
x30 <- 0x7FFF0001FFFEF7FF

mem[X,0x00000000800019E4] -> 0x0EB7
mem[X,0x00000000800019E6] -> 0xDFFF
[1662] [M]: 0x00000000800019E4 (0xDFFF0EB7) lui t4, -0x20010
x29 <- 0xFFFFFFFFDFFF0000

mem[X,0x00000000800019E8] -> 0x8E93
mem[X,0x00000000800019EA] -> 0x200E
[1663] [M]: 0x00000000800019E8 (0x200E8E93) addi t4, t4, 0x200
x29 <- 0xFFFFFFFFDFFF0200

mem[X,0x00000000800019EC] -> 0x9E93
mem[X,0x00000000800019EE] -> 0x00BE
[1664] [M]: 0x00000000800019EC (0x00BE9E93) slli t4, t4, 0xb
x29 <- 0xFFFFFEFFF8100000

mem[X,0x00000000800019F0] -> 0x8E93
mem[X,0x00000000800019F2] -> 0x7FFE
[1665] [M]: 0x00000000800019F0 (0x7FFE8E93) addi t4, t4, 0x7ff
x29 <- 0xFFFFFEFFF81007FF

mem[X,0x00000000800019F4] -> 0x9E93
mem[X,0x00000000800019F6] -> 0x00BE
[1666] [M]: 0x00000000800019F4 (0x00BE9E93) slli t4, t4, 0xb
x29 <- 0xFFF7FFC0803FF800

mem[X,0x00000000800019F8] -> 0x8E93
mem[X,0x00000000800019FA] -> 0x6BFE
[1667] [M]: 0x00000000800019F8 (0x6BFE8E93) addi t4, t4, 0x6bf
x29 <- 0xFFF7FFC0803FFEBF

mem[X,0x00000000800019FC] -> 0x9E93
mem[X,0x00000000800019FE] -> 0x00AE
[1668] [M]: 0x00000000800019FC (0x00AE9E93) slli t4, t4, 0xa
x29 <- 0xDFFF0200FFFAFC00

mem[X,0x0000000080001A00] -> 0x8E93
mem[X,0x0000000080001A02] -> 0x3FCE
[1669] [M]: 0x0000000080001A00 (0x3FCE8E93) addi t4, t4, 0x3fc
x29 <- 0xDFFF0200FFFAFFFC

mem[X,0x0000000080001A04] -> 0x0FBB
mem[X,0x0000000080001A06] -> 0xB9DF
[1670] [M]: 0x0000000080001A04 (0xB9DF0FBB) paaddu.h t6, t5, t4
x31 <- 0xAFFF0100FFFCFBFD

mem[X,0x0000000080001A08] -> 0xB023
mem[X,0x0000000080001A0A] -> 0x23F1
[1671] [M]: 0x0000000080001A08 (0x23F1B023) sd t6, 0x220(gp)
mem[0x00000000800043D0] <- 0xAFFF0100FFFCFBFD

mem[X,0x0000000080001A0C] -> 0xFF37
mem[X,0x0000000080001A0E] -> 0x0040
[1672] [M]: 0x0000000080001A0C (0x0040FF37) lui t5, 0x40f
x30 <- 0x000000000040F000

mem[X,0x0000000080001A10] -> 0x0F13
mem[X,0x0000000080001A12] -> 0xFFFF
[1673] [M]: 0x0000000080001A10 (0xFFFF0F13) addi t5, t5, -0x1
x30 <- 0x000000000040EFFF

mem[X,0x0000000080001A14] -> 0x1F13
mem[X,0x0000000080001A16] -> 0x00BF
[1674] [M]: 0x0000000080001A14 (0x00BF1F13) slli t5, t5, 0xb
x30 <- 0x00000002077FF800

mem[X,0x0000000080001A18] -> 0x0F13
mem[X,0x0000000080001A1A] -> 0x010F
[1675] [M]: 0x0000000080001A18 (0x010F0F13) addi t5, t5, 0x10
x30 <- 0x00000002077FF810

mem[X,0x0000000080001A1C] -> 0x1F13
mem[X,0x0000000080001A1E] -> 0x00BF
[1676] [M]: 0x0000000080001A1C (0x00BF1F13) slli t5, t5, 0xb
x30 <- 0x0000103BFFC08000

mem[X,0x0000000080001A20] -> 0x0F13
mem[X,0x0000000080001A22] -> 0x008F
[1677] [M]: 0x0000000080001A20 (0x008F0F13) addi t5, t5, 0x8
x30 <- 0x0000103BFFC08008

mem[X,0x0000000080001A24] -> 0x1F13
mem[X,0x0000000080001A26] -> 0x00AF
[1678] [M]: 0x0000000080001A24 (0x00AF1F13) slli t5, t5, 0xa
x30 <- 0x0040EFFF02002000

mem[X,0x0000000080001A28] -> 0x0EB7
mem[X,0x0000000080001A2A] -> 0x1000
[1679] [M]: 0x0000000080001A28 (0x10000EB7) lui t4, 0x10000
x29 <- 0x0000000010000000

mem[X,0x0000000080001A2C] -> 0x8E93
mem[X,0x0000000080001A2E] -> 0x400E
[1680] [M]: 0x0000000080001A2C (0x400E8E93) addi t4, t4, 0x400
x29 <- 0x0000000010000400

mem[X,0x0000000080001A30] -> 0x9E93
mem[X,0x0000000080001A32] -> 0x00BE
[1681] [M]: 0x0000000080001A30 (0x00BE9E93) slli t4, t4, 0xb
x29 <- 0x0000008000200000

mem[X,0x0000000080001A34] -> 0x8E93
mem[X,0x0000000080001A36] -> 0x7FEE
[1682] [M]: 0x0000000080001A34 (0x7FEE8E93) addi t4, t4, 0x7fe
x29 <- 0x00000080002007FE

mem[X,0x0000000080001A38] -> 0x9E93
mem[X,0x0000000080001A3A] -> 0x00BE
[1683] [M]: 0x0000000080001A38 (0x00BE9E93) slli t4, t4, 0xb
x29 <- 0x00040001003FF000

mem[X,0x0000000080001A3C] -> 0x8E93
mem[X,0x0000000080001A3E] -> 0x7C0E
[1684] [M]: 0x0000000080001A3C (0x7C0E8E93) addi t4, t4, 0x7c0
x29 <- 0x00040001003FF7C0

mem[X,0x0000000080001A40] -> 0x9E93
mem[X,0x0000000080001A42] -> 0x00AE
[1685] [M]: 0x0000000080001A40 (0x00AE9E93) slli t4, t4, 0xa
x29 <- 0x10000400FFDF0000

mem[X,0x0000000080001A44] -> 0x8E93
mem[X,0x0000000080001A46] -> 0x020E
[1686] [M]: 0x0000000080001A44 (0x020E8E93) addi t4, t4, 0x20
x29 <- 0x10000400FFDF0020

mem[X,0x0000000080001A48] -> 0x0FBB
mem[X,0x0000000080001A4A] -> 0xB9DF
[1687] [M]: 0x0000000080001A48 (0xB9DF0FBB) paaddu.h t6, t5, t4
x31 <- 0x082079FF80EF1010

mem[X,0x0000000080001A4C] -> 0xB423
mem[X,0x0000000080001A4E] -> 0x23F1
[1688] [M]: 0x0000000080001A4C (0x23F1B423) sd t6, 0x228(gp)
mem[0x00000000800043D8] <- 0x082079FF80EF1010

mem[X,0x0000000080001A50] -> 0x0F37
mem[X,0x0000000080001A52] -> 0x0004
[1689] [M]: 0x0000000080001A50 (0x00040F37) lui t5, 0x40
x30 <- 0x0000000000040000

mem[X,0x0000000080001A54] -> 0x0F13
mem[X,0x0000000080001A56] -> 0x006F
[1690] [M]: 0x0000000080001A54 (0x006F0F13) addi t5, t5, 0x6
x30 <- 0x0000000000040006

mem[X,0x0000000080001A58] -> 0x1F13
mem[X,0x0000000080001A5A] -> 0x00BF
[1691] [M]: 0x0000000080001A58 (0x00BF1F13) slli t5, t5, 0xb
x30 <- 0x0000000020003000

mem[X,0x0000000080001A5C] -> 0x0F13
mem[X,0x0000000080001A5E] -> 0x7FFF
[1692] [M]: 0x0000000080001A5C (0x7FFF0F13) addi t5, t5, 0x7ff
x30 <- 0x00000000200037FF

mem[X,0x0000000080001A60] -> 0x1F13
mem[X,0x0000000080001A62] -> 0x00BF
[1693] [M]: 0x0000000080001A60 (0x00BF1F13) slli t5, t5, 0xb
x30 <- 0x0000010001BFF800

mem[X,0x0000000080001A64] -> 0x0F13
mem[X,0x0000000080001A66] -> 0x6AAF
[1694] [M]: 0x0000000080001A64 (0x6AAF0F13) addi t5, t5, 0x6aa
x30 <- 0x0000010001BFFEAA

mem[X,0x0000000080001A68] -> 0x1F13
mem[X,0x0000000080001A6A] -> 0x00AF
[1695] [M]: 0x0000000080001A68 (0x00AF1F13) slli t5, t5, 0xa
x30 <- 0x00040006FFFAA800

mem[X,0x0000000080001A6C] -> 0x0F13
mem[X,0x0000000080001A6E] -> 0x2AAF
[1696] [M]: 0x0000000080001A6C (0x2AAF0F13) addi t5, t5, 0x2aa
x30 <- 0x00040006FFFAAAAA

mem[X,0x0000000080001A70] -> 0x2EB7
mem[X,0x0000000080001A72] -> 0xFFF9
[1697] [M]: 0x0000000080001A70 (0xFFF92EB7) lui t4, -0x6e
x29 <- 0xFFFFFFFFFFF92000

mem[X,0x0000000080001A74] -> 0x8E93
mem[X,0x0000000080001A76] -> 0x000E
[1698] [M]: 0x0000000080001A74 (0x000E8E93) addi t4, t4, 0x0
x29 <- 0xFFFFFFFFFFF92000

mem[X,0x0000000080001A78] -> 0x9E93
mem[X,0x0000000080001A7A] -> 0x00BE
[1699] [M]: 0x0000000080001A78 (0x00BE9E93) slli t4, t4, 0xb
x29 <- 0xFFFFFFFFC9000000

clint::tick mtime <- 0x0000000000000011
 clint timer pending at mtime 0x0000000000000011
htif::tick 0x0000000000000000
mem[X,0x0000000080001A7C] -> 0x8E93
mem[X,0x0000000080001A7E] -> 0x7FFE
[1700] [M]: 0x0000000080001A7C (0x7FFE8E93) addi t4, t4, 0x7ff
x29 <- 0xFFFFFFFFC90007FF

mem[X,0x0000000080001A80] -> 0x9E93
mem[X,0x0000000080001A82] -> 0x00BE
[1701] [M]: 0x0000000080001A80 (0x00BE9E93) slli t4, t4, 0xb
x29 <- 0xFFFFFE48003FF800

mem[X,0x0000000080001A84] -> 0x8E93
mem[X,0x0000000080001A86] -> 0x77FE
[1702] [M]: 0x0000000080001A84 (0x77FE8E93) addi t4, t4, 0x77f
x29 <- 0xFFFFFE48003FFF7F

mem[X,0x0000000080001A88] -> 0x9E93
mem[X,0x0000000080001A8A] -> 0x00AE
[1703] [M]: 0x0000000080001A88 (0x00AE9E93) slli t4, t4, 0xa
x29 <- 0xFFF92000FFFDFC00

mem[X,0x0000000080001A8C] -> 0x8E93
mem[X,0x0000000080001A8E] -> 0x3FBE
[1704] [M]: 0x0000000080001A8C (0x3FBE8E93) addi t4, t4, 0x3fb
x29 <- 0xFFF92000FFFDFFFB

mem[X,0x0000000080001A90] -> 0x0FBB
mem[X,0x0000000080001A92] -> 0xB9DF
[1705] [M]: 0x0000000080001A90 (0xB9DF0FBB) paaddu.h t6, t5, t4
x31 <- 0x7FFE1003FFFBD552

mem[X,0x0000000080001A94] -> 0xB823
mem[X,0x0000000080001A96] -> 0x23F1
[1706] [M]: 0x0000000080001A94 (0x23F1B823) sd t6, 0x230(gp)
mem[0x00000000800043E0] <- 0x7FFE1003FFFBD552

mem[X,0x0000000080001A98] -> 0x0F37
mem[X,0x0000000080001A9A] -> 0x8001
[1707] [M]: 0x0000000080001A98 (0x80010F37) lui t5, -0x7fff0
x30 <- 0xFFFFFFFF80010000

mem[X,0x0000000080001A9C] -> 0x0F13
mem[X,0x0000000080001A9E] -> 0xFF6F
[1708] [M]: 0x0000000080001A9C (0xFF6F0F13) addi t5, t5, -0xa
x30 <- 0xFFFFFFFF8000FFF6

mem[X,0x0000000080001AA0] -> 0x1F13
mem[X,0x0000000080001AA2] -> 0x00BF
[1709] [M]: 0x0000000080001AA0 (0x00BF1F13) slli t5, t5, 0xb
x30 <- 0xFFFFFC0007FFB000

mem[X,0x0000000080001AA4] -> 0x0F13
mem[X,0x0000000080001AA6] -> 0x000F
[1710] [M]: 0x0000000080001AA4 (0x000F0F13) addi t5, t5, 0x0
x30 <- 0xFFFFFC0007FFB000

mem[X,0x0000000080001AA8] -> 0x1F13
mem[X,0x0000000080001AAA] -> 0x00BF
[1711] [M]: 0x0000000080001AA8 (0x00BF1F13) slli t5, t5, 0xb
x30 <- 0xFFE0003FFD800000

mem[X,0x0000000080001AAC] -> 0x0F13
mem[X,0x0000000080001AAE] -> 0x240F
[1712] [M]: 0x0000000080001AAC (0x240F0F13) addi t5, t5, 0x240
x30 <- 0xFFE0003FFD800240

mem[X,0x0000000080001AB0] -> 0x1F13
mem[X,0x0000000080001AB2] -> 0x00AF
[1713] [M]: 0x0000000080001AB0 (0x00AF1F13) slli t5, t5, 0xa
x30 <- 0x8000FFF600090000

mem[X,0x0000000080001AB4] -> 0x0F13
mem[X,0x0000000080001AB6] -> 0x010F
[1714] [M]: 0x0000000080001AB4 (0x010F0F13) addi t5, t5, 0x10
x30 <- 0x8000FFF600090010

mem[X,0x0000000080001AB8] -> 0x0EB7
mem[X,0x0000000080001ABA] -> 0xFC00
[1715] [M]: 0x0000000080001AB8 (0xFC000EB7) lui t4, -0x4000
x29 <- 0xFFFFFFFFFC000000

mem[X,0x0000000080001ABC] -> 0x8E93
mem[X,0x0000000080001ABE] -> 0xFFDE
[1716] [M]: 0x0000000080001ABC (0xFFDE8E93) addi t4, t4, -0x3
x29 <- 0xFFFFFFFFFBFFFFFD

mem[X,0x0000000080001AC0] -> 0x9E93
mem[X,0x0000000080001AC2] -> 0x00BE
[1717] [M]: 0x0000000080001AC0 (0x00BE9E93) slli t4, t4, 0xb
x29 <- 0xFFFFFFDFFFFFE800

mem[X,0x0000000080001AC4] -> 0x8E93
mem[X,0x0000000080001AC6] -> 0x7FFE
[1718] [M]: 0x0000000080001AC4 (0x7FFE8E93) addi t4, t4, 0x7ff
x29 <- 0xFFFFFFDFFFFFEFFF

mem[X,0x0000000080001AC8] -> 0x9E93
mem[X,0x0000000080001ACA] -> 0x00BE
[1719] [M]: 0x0000000080001AC8 (0x00BE9E93) slli t4, t4, 0xb
x29 <- 0xFFFEFFFFFF7FF800

mem[X,0x0000000080001ACC] -> 0x8E93
mem[X,0x0000000080001ACE] -> 0x73FE
[1720] [M]: 0x0000000080001ACC (0x73FE8E93) addi t4, t4, 0x73f
x29 <- 0xFFFEFFFFFF7FFF3F

mem[X,0x0000000080001AD0] -> 0x9E93
mem[X,0x0000000080001AD2] -> 0x00AE
[1721] [M]: 0x0000000080001AD0 (0x00AE9E93) slli t4, t4, 0xa
x29 <- 0xFBFFFFFDFFFCFC00

mem[X,0x0000000080001AD4] -> 0x8E93
mem[X,0x0000000080001AD6] -> 0x3FDE
[1722] [M]: 0x0000000080001AD4 (0x3FDE8E93) addi t4, t4, 0x3fd
x29 <- 0xFBFFFFFDFFFCFFFD

mem[X,0x0000000080001AD8] -> 0x0FBB
mem[X,0x0000000080001ADA] -> 0xB9DF
[1723] [M]: 0x0000000080001AD8 (0xB9DF0FBB) paaddu.h t6, t5, t4
x31 <- 0xBDFFFFF980028006

mem[X,0x0000000080001ADC] -> 0xBC23
mem[X,0x0000000080001ADE] -> 0x23F1
[1724] [M]: 0x0000000080001ADC (0x23F1BC23) sd t6, 0x238(gp)
mem[0x00000000800043E8] <- 0xBDFFFFF980028006

mem[X,0x0000000080001AE0] -> 0x0F37
mem[X,0x0000000080001AE2] -> 0x2001
[1725] [M]: 0x0000000080001AE0 (0x20010F37) lui t5, 0x20010
x30 <- 0x0000000020010000

mem[X,0x0000000080001AE4] -> 0x0F13
mem[X,0x0000000080001AE6] -> 0xFFFF
[1726] [M]: 0x0000000080001AE4 (0xFFFF0F13) addi t5, t5, -0x1
x30 <- 0x000000002000FFFF

mem[X,0x0000000080001AE8] -> 0x1F13
mem[X,0x0000000080001AEA] -> 0x00BF
[1727] [M]: 0x0000000080001AE8 (0x00BF1F13) slli t5, t5, 0xb
x30 <- 0x0000010007FFF800

mem[X,0x0000000080001AEC] -> 0x0F13
mem[X,0x0000000080001AEE] -> 0x7FFF
[1728] [M]: 0x0000000080001AEC (0x7FFF0F13) addi t5, t5, 0x7ff
x30 <- 0x0000010007FFFFFF

mem[X,0x0000000080001AF0] -> 0x1F13
mem[X,0x0000000080001AF2] -> 0x00BF
[1729] [M]: 0x0000000080001AF0 (0x00BF1F13) slli t5, t5, 0xb
x30 <- 0x0008003FFFFFF800

mem[X,0x0000000080001AF4] -> 0x0F13
mem[X,0x0000000080001AF6] -> 0x700F
[1730] [M]: 0x0000000080001AF4 (0x700F0F13) addi t5, t5, 0x700
x30 <- 0x0008003FFFFFFF00

mem[X,0x0000000080001AF8] -> 0x1F13
mem[X,0x0000000080001AFA] -> 0x00AF
[1731] [M]: 0x0000000080001AF8 (0x00AF1F13) slli t5, t5, 0xa
x30 <- 0x2000FFFFFFFC0000

mem[X,0x0000000080001AFC] -> 0x0F13
mem[X,0x0000000080001AFE] -> 0x006F
[1732] [M]: 0x0000000080001AFC (0x006F0F13) addi t5, t5, 0x6
x30 <- 0x2000FFFFFFFC0006

mem[X,0x0000000080001B00] -> 0x0EB7
mem[X,0x0000000080001B02] -> 0x0004
[1733] [M]: 0x0000000080001B00 (0x00040EB7) lui t4, 0x40
x29 <- 0x0000000000040000

mem[X,0x0000000080001B04] -> 0x8E93
mem[X,0x0000000080001B06] -> 0xFEFE
[1734] [M]: 0x0000000080001B04 (0xFEFE8E93) addi t4, t4, -0x11
x29 <- 0x000000000003FFEF

mem[X,0x0000000080001B08] -> 0x9E93
mem[X,0x0000000080001B0A] -> 0x00BE
[1735] [M]: 0x0000000080001B08 (0x00BE9E93) slli t4, t4, 0xb
x29 <- 0x000000001FFF7800

mem[X,0x0000000080001B0C] -> 0x8E93
mem[X,0x0000000080001B0E] -> 0x7FFE
[1736] [M]: 0x0000000080001B0C (0x7FFE8E93) addi t4, t4, 0x7ff
x29 <- 0x000000001FFF7FFF

mem[X,0x0000000080001B10] -> 0x9E93
mem[X,0x0000000080001B12] -> 0x00BE
[1737] [M]: 0x0000000080001B10 (0x00BE9E93) slli t4, t4, 0xb
x29 <- 0x000000FFFBFFF800

mem[X,0x0000000080001B14] -> 0x8E93
mem[X,0x0000000080001B16] -> 0x73FE
[1738] [M]: 0x0000000080001B14 (0x73FE8E93) addi t4, t4, 0x73f
x29 <- 0x000000FFFBFFFF3F

mem[X,0x0000000080001B18] -> 0x9E93
mem[X,0x0000000080001B1A] -> 0x00AE
[1739] [M]: 0x0000000080001B18 (0x00AE9E93) slli t4, t4, 0xa
x29 <- 0x0003FFEFFFFCFC00

mem[X,0x0000000080001B1C] -> 0x8E93
mem[X,0x0000000080001B1E] -> 0x3FAE
[1740] [M]: 0x0000000080001B1C (0x3FAE8E93) addi t4, t4, 0x3fa
x29 <- 0x0003FFEFFFFCFFFA

mem[X,0x0000000080001B20] -> 0x0FBB
mem[X,0x0000000080001B22] -> 0xB9DF
[1741] [M]: 0x0000000080001B20 (0xB9DF0FBB) paaddu.h t6, t5, t4
x31 <- 0x1001FFF7FFFC8000

mem[X,0x0000000080001B24] -> 0xB023
mem[X,0x0000000080001B26] -> 0x25F1
[1742] [M]: 0x0000000080001B24 (0x25F1B023) sd t6, 0x240(gp)
mem[0x00000000800043F0] <- 0x1001FFF7FFFC8000

mem[X,0x0000000080001B28] -> 0x0F37
mem[X,0x0000000080001B2A] -> 0x0100
[1743] [M]: 0x0000000080001B28 (0x01000F37) lui t5, 0x1000
x30 <- 0x0000000001000000

mem[X,0x0000000080001B2C] -> 0x0F13
mem[X,0x0000000080001B2E] -> 0x005F
[1744] [M]: 0x0000000080001B2C (0x005F0F13) addi t5, t5, 0x5
x30 <- 0x0000000001000005

mem[X,0x0000000080001B30] -> 0x1F13
mem[X,0x0000000080001B32] -> 0x00BF
[1745] [M]: 0x0000000080001B30 (0x00BF1F13) slli t5, t5, 0xb
x30 <- 0x0000000800002800

mem[X,0x0000000080001B34] -> 0x0F13
mem[X,0x0000000080001B36] -> 0x004F
[1746] [M]: 0x0000000080001B34 (0x004F0F13) addi t5, t5, 0x4
x30 <- 0x0000000800002804

mem[X,0x0000000080001B38] -> 0x1F13
mem[X,0x0000000080001B3A] -> 0x00BF
[1747] [M]: 0x0000000080001B38 (0x00BF1F13) slli t5, t5, 0xb
x30 <- 0x0000400001402000

mem[X,0x0000000080001B3C] -> 0x0F13
mem[X,0x0000000080001B3E] -> 0x000F
[1748] [M]: 0x0000000080001B3C (0x000F0F13) addi t5, t5, 0x0
x30 <- 0x0000400001402000

mem[X,0x0000000080001B40] -> 0x1F13
mem[X,0x0000000080001B42] -> 0x00AF
[1749] [M]: 0x0000000080001B40 (0x00AF1F13) slli t5, t5, 0xa
x30 <- 0x0100000500800000

mem[X,0x0000000080001B44] -> 0x0F13
mem[X,0x0000000080001B46] -> 0x009F
[1750] [M]: 0x0000000080001B44 (0x009F0F13) addi t5, t5, 0x9
x30 <- 0x0100000500800009

mem[X,0x0000000080001B48] -> 0x8EB7
mem[X,0x0000000080001B4A] -> 0x0400
[1751] [M]: 0x0000000080001B48 (0x04008EB7) lui t4, 0x4008
x29 <- 0x0000000004008000

mem[X,0x0000000080001B4C] -> 0x8E93
mem[X,0x0000000080001B4E] -> 0xFFFE
[1752] [M]: 0x0000000080001B4C (0xFFFE8E93) addi t4, t4, -0x1
x29 <- 0x0000000004007FFF

mem[X,0x0000000080001B50] -> 0x9E93
mem[X,0x0000000080001B52] -> 0x00BE
[1753] [M]: 0x0000000080001B50 (0x00BE9E93) slli t4, t4, 0xb
x29 <- 0x0000002003FFF800

mem[X,0x0000000080001B54] -> 0x8E93
mem[X,0x0000000080001B56] -> 0x7FFE
[1754] [M]: 0x0000000080001B54 (0x7FFE8E93) addi t4, t4, 0x7ff
x29 <- 0x0000002003FFFFFF

mem[X,0x0000000080001B58] -> 0x9E93
mem[X,0x0000000080001B5A] -> 0x00BE
[1755] [M]: 0x0000000080001B58 (0x00BE9E93) slli t4, t4, 0xb
x29 <- 0x0001001FFFFFF800

mem[X,0x0000000080001B5C] -> 0x8E93
mem[X,0x0000000080001B5E] -> 0x602E
[1756] [M]: 0x0000000080001B5C (0x602E8E93) addi t4, t4, 0x602
x29 <- 0x0001001FFFFFFE02

mem[X,0x0000000080001B60] -> 0x9E93
mem[X,0x0000000080001B62] -> 0x00AE
[1757] [M]: 0x0000000080001B60 (0x00AE9E93) slli t4, t4, 0xa
x29 <- 0x04007FFFFFF80800

mem[X,0x0000000080001B64] -> 0x0FBB
mem[X,0x0000000080001B66] -> 0xB9DF
[1758] [M]: 0x0000000080001B64 (0xB9DF0FBB) paaddu.h t6, t5, t4
x31 <- 0x02804002803C0404

mem[X,0x0000000080001B68] -> 0xB423
mem[X,0x0000000080001B6A] -> 0x25F1
[1759] [M]: 0x0000000080001B68 (0x25F1B423) sd t6, 0x248(gp)
mem[0x00000000800043F8] <- 0x02804002803C0404

mem[X,0x0000000080001B6C] -> 0x1F37
mem[X,0x0000000080001B6E] -> 0x0020
[1760] [M]: 0x0000000080001B6C (0x00201F37) lui t5, 0x201
x30 <- 0x0000000000201000

mem[X,0x0000000080001B70] -> 0x0F13
mem[X,0x0000000080001B72] -> 0x000F
[1761] [M]: 0x0000000080001B70 (0x000F0F13) addi t5, t5, 0x0
x30 <- 0x0000000000201000

mem[X,0x0000000080001B74] -> 0x1F13
mem[X,0x0000000080001B76] -> 0x00BF
[1762] [M]: 0x0000000080001B74 (0x00BF1F13) slli t5, t5, 0xb
x30 <- 0x0000000100800000

mem[X,0x0000000080001B78] -> 0x0F13
mem[X,0x0000000080001B7A] -> 0x008F
[1763] [M]: 0x0000000080001B78 (0x008F0F13) addi t5, t5, 0x8
x30 <- 0x0000000100800008

mem[X,0x0000000080001B7C] -> 0x1F13
mem[X,0x0000000080001B7E] -> 0x00BF
[1764] [M]: 0x0000000080001B7C (0x00BF1F13) slli t5, t5, 0xb
x30 <- 0x0000080400004000

mem[X,0x0000000080001B80] -> 0x0F13
mem[X,0x0000000080001B82] -> 0x000F
[1765] [M]: 0x0000000080001B80 (0x000F0F13) addi t5, t5, 0x0
x30 <- 0x0000080400004000

mem[X,0x0000000080001B84] -> 0x1F13
mem[X,0x0000000080001B86] -> 0x00AF
[1766] [M]: 0x0000000080001B84 (0x00AF1F13) slli t5, t5, 0xa
x30 <- 0x0020100001000000

mem[X,0x0000000080001B88] -> 0x0F13
mem[X,0x0000000080001B8A] -> 0x080F
[1767] [M]: 0x0000000080001B88 (0x080F0F13) addi t5, t5, 0x80
x30 <- 0x0020100001000080

mem[X,0x0000000080001B8C] -> 0x0EB7
mem[X,0x0000000080001B8E] -> 0xFFF7
[1768] [M]: 0x0000000080001B8C (0xFFF70EB7) lui t4, -0x90
x29 <- 0xFFFFFFFFFFF70000

mem[X,0x0000000080001B90] -> 0x8E93
mem[X,0x0000000080001B92] -> 0x010E
[1769] [M]: 0x0000000080001B90 (0x010E8E93) addi t4, t4, 0x10
x29 <- 0xFFFFFFFFFFF70010

mem[X,0x0000000080001B94] -> 0x9E93
mem[X,0x0000000080001B96] -> 0x00BE
[1770] [M]: 0x0000000080001B94 (0x00BE9E93) slli t4, t4, 0xb
x29 <- 0xFFFFFFFFB8008000

mem[X,0x0000000080001B98] -> 0x8E93
mem[X,0x0000000080001B9A] -> 0x7F7E
[1771] [M]: 0x0000000080001B98 (0x7F7E8E93) addi t4, t4, 0x7f7
x29 <- 0xFFFFFFFFB80087F7

mem[X,0x0000000080001B9C] -> 0x9E93
mem[X,0x0000000080001B9E] -> 0x00BE
[1772] [M]: 0x0000000080001B9C (0x00BE9E93) slli t4, t4, 0xb
x29 <- 0xFFFFFDC0043FB800

mem[X,0x0000000080001BA0] -> 0x8E93
mem[X,0x0000000080001BA2] -> 0x7FFE
[1773] [M]: 0x0000000080001BA0 (0x7FFE8E93) addi t4, t4, 0x7ff
x29 <- 0xFFFFFDC0043FBFFF

mem[X,0x0000000080001BA4] -> 0x9E93
mem[X,0x0000000080001BA6] -> 0x00AE
[1774] [M]: 0x0000000080001BA4 (0x00AE9E93) slli t4, t4, 0xa
x29 <- 0xFFF70010FEFFFC00

mem[X,0x0000000080001BA8] -> 0x8E93
mem[X,0x0000000080001BAA] -> 0x3DFE
[1775] [M]: 0x0000000080001BA8 (0x3DFE8E93) addi t4, t4, 0x3df
x29 <- 0xFFF70010FEFFFFDF

mem[X,0x0000000080001BAC] -> 0x0FBB
mem[X,0x0000000080001BAE] -> 0xB9DF
[1776] [M]: 0x0000000080001BAC (0xB9DF0FBB) paaddu.h t6, t5, t4
x31 <- 0x800B08087FFF802F

mem[X,0x0000000080001BB0] -> 0xB823
mem[X,0x0000000080001BB2] -> 0x25F1
[1777] [M]: 0x0000000080001BB0 (0x25F1B823) sd t6, 0x250(gp)
mem[0x0000000080004400] <- 0x800B08087FFF802F

mem[X,0x0000000080001BB4] -> 0x0F37
mem[X,0x0000000080001BB6] -> 0x1001
[1778] [M]: 0x0000000080001BB4 (0x10010F37) lui t5, 0x10010
x30 <- 0x0000000010010000

mem[X,0x0000000080001BB8] -> 0x0F13
mem[X,0x0000000080001BBA] -> 0xFBFF
[1779] [M]: 0x0000000080001BB8 (0xFBFF0F13) addi t5, t5, -0x41
x30 <- 0x000000001000FFBF

mem[X,0x0000000080001BBC] -> 0x1F13
mem[X,0x0000000080001BBE] -> 0x00BF
[1780] [M]: 0x0000000080001BBC (0x00BF1F13) slli t5, t5, 0xb
x30 <- 0x0000008007FDF800

mem[X,0x0000000080001BC0] -> 0x0F13
mem[X,0x0000000080001BC2] -> 0x7FFF
[1781] [M]: 0x0000000080001BC0 (0x7FFF0F13) addi t5, t5, 0x7ff
x30 <- 0x0000008007FDFFFF

mem[X,0x0000000080001BC4] -> 0x1F13
mem[X,0x0000000080001BC6] -> 0x00BF
[1782] [M]: 0x0000000080001BC4 (0x00BF1F13) slli t5, t5, 0xb
x30 <- 0x0004003FEFFFF800

mem[X,0x0000000080001BC8] -> 0x0F13
mem[X,0x0000000080001BCA] -> 0x630F
[1783] [M]: 0x0000000080001BC8 (0x630F0F13) addi t5, t5, 0x630
x30 <- 0x0004003FEFFFFE30

mem[X,0x0000000080001BCC] -> 0x1F13
mem[X,0x0000000080001BCE] -> 0x00AF
[1784] [M]: 0x0000000080001BCC (0x00AF1F13) slli t5, t5, 0xa
x30 <- 0x1000FFBFFFF8C000

mem[X,0x0000000080001BD0] -> 0x0EB7
mem[X,0x0000000080001BD2] -> 0x0000
[1785] [M]: 0x0000000080001BD0 (0x00000EB7) lui t4, 0x0
x29 <- 0x0000000000000000

mem[X,0x0000000080001BD4] -> 0x8E93
mem[X,0x0000000080001BD6] -> 0xFFFE
[1786] [M]: 0x0000000080001BD4 (0xFFFE8E93) addi t4, t4, -0x1
x29 <- 0xFFFFFFFFFFFFFFFF

mem[X,0x0000000080001BD8] -> 0x9E93
mem[X,0x0000000080001BDA] -> 0x00BE
[1787] [M]: 0x0000000080001BD8 (0x00BE9E93) slli t4, t4, 0xb
x29 <- 0xFFFFFFFFFFFFF800

mem[X,0x0000000080001BDC] -> 0x8E93
mem[X,0x0000000080001BDE] -> 0x000E
[1788] [M]: 0x0000000080001BDC (0x000E8E93) addi t4, t4, 0x0
x29 <- 0xFFFFFFFFFFFFF800

mem[X,0x0000000080001BE0] -> 0x9E93
mem[X,0x0000000080001BE2] -> 0x00BE
[1789] [M]: 0x0000000080001BE0 (0x00BE9E93) slli t4, t4, 0xb
x29 <- 0xFFFFFFFFFFC00000

mem[X,0x0000000080001BE4] -> 0x8E93
mem[X,0x0000000080001BE6] -> 0x080E
[1790] [M]: 0x0000000080001BE4 (0x080E8E93) addi t4, t4, 0x80
x29 <- 0xFFFFFFFFFFC00080

mem[X,0x0000000080001BE8] -> 0x9E93
mem[X,0x0000000080001BEA] -> 0x00AE
[1791] [M]: 0x0000000080001BE8 (0x00AE9E93) slli t4, t4, 0xa
x29 <- 0xFFFFFFFF00020000

mem[X,0x0000000080001BEC] -> 0x8E93
mem[X,0x0000000080001BEE] -> 0x007E
[1792] [M]: 0x0000000080001BEC (0x007E8E93) addi t4, t4, 0x7
x29 <- 0xFFFFFFFF00020007

mem[X,0x0000000080001BF0] -> 0x0FBB
mem[X,0x0000000080001BF2] -> 0xB9DF
[1793] [M]: 0x0000000080001BF0 (0xB9DF0FBB) paaddu.h t6, t5, t4
x31 <- 0x87FFFFDF7FFD6003

mem[X,0x0000000080001BF4] -> 0xBC23
mem[X,0x0000000080001BF6] -> 0x25F1
[1794] [M]: 0x0000000080001BF4 (0x25F1BC23) sd t6, 0x258(gp)
mem[0x0000000080004408] <- 0x87FFFFDF7FFD6003

mem[X,0x0000000080001BF8] -> 0x0F37
mem[X,0x0000000080001BFA] -> 0xC000
[1795] [M]: 0x0000000080001BF8 (0xC0000F37) lui t5, -0x40000
x30 <- 0xFFFFFFFFC0000000

mem[X,0x0000000080001BFC] -> 0x0F13
mem[X,0x0000000080001BFE] -> 0xFFEF
[1796] [M]: 0x0000000080001BFC (0xFFEF0F13) addi t5, t5, -0x2
x30 <- 0xFFFFFFFFBFFFFFFE

mem[X,0x0000000080001C00] -> 0x1F13
mem[X,0x0000000080001C02] -> 0x00BF
[1797] [M]: 0x0000000080001C00 (0x00BF1F13) slli t5, t5, 0xb
x30 <- 0xFFFFFDFFFFFFF000

mem[X,0x0000000080001C04] -> 0x0F13
mem[X,0x0000000080001C06] -> 0x010F
[1798] [M]: 0x0000000080001C04 (0x010F0F13) addi t5, t5, 0x10
x30 <- 0xFFFFFDFFFFFFF010

mem[X,0x0000000080001C08] -> 0x1F13
mem[X,0x0000000080001C0A] -> 0x00BF
[1799] [M]: 0x0000000080001C08 (0x00BF1F13) slli t5, t5, 0xb
x30 <- 0xFFEFFFFFFF808000

clint::tick mtime <- 0x0000000000000012
 clint timer pending at mtime 0x0000000000000012
htif::tick 0x0000000000000000
mem[X,0x0000000080001C0C] -> 0x0F13
mem[X,0x0000000080001C0E] -> 0x03FF
[1800] [M]: 0x0000000080001C0C (0x03FF0F13) addi t5, t5, 0x3f
x30 <- 0xFFEFFFFFFF80803F

mem[X,0x0000000080001C10] -> 0x1F13
mem[X,0x0000000080001C12] -> 0x00AF
[1801] [M]: 0x0000000080001C10 (0x00AF1F13) slli t5, t5, 0xa
x30 <- 0xBFFFFFFE0200FC00

mem[X,0x0000000080001C14] -> 0x0F13
mem[X,0x0000000080001C16] -> 0x3EFF
[1802] [M]: 0x0000000080001C14 (0x3EFF0F13) addi t5, t5, 0x3ef
x30 <- 0xBFFFFFFE0200FFEF

mem[X,0x0000000080001C18] -> 0x0EB7
mem[X,0x0000000080001C1A] -> 0x0002
[1803] [M]: 0x0000000080001C18 (0x00020EB7) lui t4, 0x20
x29 <- 0x0000000000020000

mem[X,0x0000000080001C1C] -> 0x8E93
mem[X,0x0000000080001C1E] -> 0xFBFE
[1804] [M]: 0x0000000080001C1C (0xFBFE8E93) addi t4, t4, -0x41
x29 <- 0x000000000001FFBF

mem[X,0x0000000080001C20] -> 0x9E93
mem[X,0x0000000080001C22] -> 0x00BE
[1805] [M]: 0x0000000080001C20 (0x00BE9E93) slli t4, t4, 0xb
x29 <- 0x000000000FFDF800

mem[X,0x0000000080001C24] -> 0x8E93
mem[X,0x0000000080001C26] -> 0x7FFE
[1806] [M]: 0x0000000080001C24 (0x7FFE8E93) addi t4, t4, 0x7ff
x29 <- 0x000000000FFDFFFF

mem[X,0x0000000080001C28] -> 0x9E93
mem[X,0x0000000080001C2A] -> 0x00BE
[1807] [M]: 0x0000000080001C28 (0x00BE9E93) slli t4, t4, 0xb
x29 <- 0x0000007FEFFFF800

mem[X,0x0000000080001C2C] -> 0x8E93
mem[X,0x0000000080001C2E] -> 0x77FE
[1808] [M]: 0x0000000080001C2C (0x77FE8E93) addi t4, t4, 0x77f
x29 <- 0x0000007FEFFFFF7F

mem[X,0x0000000080001C30] -> 0x9E93
mem[X,0x0000000080001C32] -> 0x00AE
[1809] [M]: 0x0000000080001C30 (0x00AE9E93) slli t4, t4, 0xa
x29 <- 0x0001FFBFFFFDFC00

mem[X,0x0000000080001C34] -> 0x8E93
mem[X,0x0000000080001C36] -> 0x2FFE
[1810] [M]: 0x0000000080001C34 (0x2FFE8E93) addi t4, t4, 0x2ff
x29 <- 0x0001FFBFFFFDFEFF

mem[X,0x0000000080001C38] -> 0x0FBB
mem[X,0x0000000080001C3A] -> 0xB9DF
[1811] [M]: 0x0000000080001C38 (0xB9DF0FBB) paaddu.h t6, t5, t4
x31 <- 0x6000FFDE80FEFF77

mem[X,0x0000000080001C3C] -> 0xB023
mem[X,0x0000000080001C3E] -> 0x27F1
[1812] [M]: 0x0000000080001C3C (0x27F1B023) sd t6, 0x260(gp)
mem[0x0000000080004410] <- 0x6000FFDE80FEFF77

mem[X,0x0000000080001C40] -> 0x0F37
mem[X,0x0000000080001C42] -> 0xFFF9
[1813] [M]: 0x0000000080001C40 (0xFFF90F37) lui t5, -0x70
x30 <- 0xFFFFFFFFFFF90000

mem[X,0x0000000080001C44] -> 0x0F13
mem[X,0x0000000080001C46] -> 0x001F
[1814] [M]: 0x0000000080001C44 (0x001F0F13) addi t5, t5, 0x1
x30 <- 0xFFFFFFFFFFF90001

mem[X,0x0000000080001C48] -> 0x1F13
mem[X,0x0000000080001C4A] -> 0x00BF
[1815] [M]: 0x0000000080001C48 (0x00BF1F13) slli t5, t5, 0xb
x30 <- 0xFFFFFFFFC8000800

mem[X,0x0000000080001C4C] -> 0x0F13
mem[X,0x0000000080001C4E] -> 0x000F
[1816] [M]: 0x0000000080001C4C (0x000F0F13) addi t5, t5, 0x0
x30 <- 0xFFFFFFFFC8000800

mem[X,0x0000000080001C50] -> 0x1F13
mem[X,0x0000000080001C52] -> 0x00BF
[1817] [M]: 0x0000000080001C50 (0x00BF1F13) slli t5, t5, 0xb
x30 <- 0xFFFFFE4000400000

mem[X,0x0000000080001C54] -> 0x0F13
mem[X,0x0000000080001C56] -> 0x000F
[1818] [M]: 0x0000000080001C54 (0x000F0F13) addi t5, t5, 0x0
x30 <- 0xFFFFFE4000400000

mem[X,0x0000000080001C58] -> 0x1F13
mem[X,0x0000000080001C5A] -> 0x00AF
[1819] [M]: 0x0000000080001C58 (0x00AF1F13) slli t5, t5, 0xa
x30 <- 0xFFF9000100000000

mem[X,0x0000000080001C5C] -> 0x0F13
mem[X,0x0000000080001C5E] -> 0x200F
[1820] [M]: 0x0000000080001C5C (0x200F0F13) addi t5, t5, 0x200
x30 <- 0xFFF9000100000200

mem[X,0x0000000080001C60] -> 0x1EB7
mem[X,0x0000000080001C62] -> 0x8000
[1821] [M]: 0x0000000080001C60 (0x80001EB7) lui t4, -0x7ffff
x29 <- 0xFFFFFFFF80001000

mem[X,0x0000000080001C64] -> 0x8E93
mem[X,0x0000000080001C66] -> 0x800E
[1822] [M]: 0x0000000080001C64 (0x800E8E93) addi t4, t4, -0x800
x29 <- 0xFFFFFFFF80000800

mem[X,0x0000000080001C68] -> 0x9E93
mem[X,0x0000000080001C6A] -> 0x00BE
[1823] [M]: 0x0000000080001C68 (0x00BE9E93) slli t4, t4, 0xb
x29 <- 0xFFFFFC0000400000

mem[X,0x0000000080001C6C] -> 0x8E93
mem[X,0x0000000080001C6E] -> 0x3FFE
[1824] [M]: 0x0000000080001C6C (0x3FFE8E93) addi t4, t4, 0x3ff
x29 <- 0xFFFFFC00004003FF

mem[X,0x0000000080001C70] -> 0x9E93
mem[X,0x0000000080001C72] -> 0x00BE
[1825] [M]: 0x0000000080001C70 (0x00BE9E93) slli t4, t4, 0xb
x29 <- 0xFFE00002001FF800

mem[X,0x0000000080001C74] -> 0x8E93
mem[X,0x0000000080001C76] -> 0x7F7E
[1826] [M]: 0x0000000080001C74 (0x7F7E8E93) addi t4, t4, 0x7f7
x29 <- 0xFFE00002001FFFF7

mem[X,0x0000000080001C78] -> 0x9E93
mem[X,0x0000000080001C7A] -> 0x00AE
[1827] [M]: 0x0000000080001C78 (0x00AE9E93) slli t4, t4, 0xa
x29 <- 0x800008007FFFDC00

mem[X,0x0000000080001C7C] -> 0x8E93
mem[X,0x0000000080001C7E] -> 0x3FFE
[1828] [M]: 0x0000000080001C7C (0x3FFE8E93) addi t4, t4, 0x3ff
x29 <- 0x800008007FFFDFFF

mem[X,0x0000000080001C80] -> 0x0FBB
mem[X,0x0000000080001C82] -> 0xB9DF
[1829] [M]: 0x0000000080001C80 (0xB9DF0FBB) paaddu.h t6, t5, t4
x31 <- 0xBFFC04003FFF70FF

mem[X,0x0000000080001C84] -> 0xB423
mem[X,0x0000000080001C86] -> 0x27F1
[1830] [M]: 0x0000000080001C84 (0x27F1B423) sd t6, 0x268(gp)
mem[0x0000000080004418] <- 0xBFFC04003FFF70FF

mem[X,0x0000000080001C88] -> 0x0F37
mem[X,0x0000000080001C8A] -> 0x8001
[1831] [M]: 0x0000000080001C88 (0x80010F37) lui t5, -0x7fff0
x30 <- 0xFFFFFFFF80010000

mem[X,0x0000000080001C8C] -> 0x0F13
mem[X,0x0000000080001C8E] -> 0xFF7F
[1832] [M]: 0x0000000080001C8C (0xFF7F0F13) addi t5, t5, -0x9
x30 <- 0xFFFFFFFF8000FFF7

mem[X,0x0000000080001C90] -> 0x1F13
mem[X,0x0000000080001C92] -> 0x00BF
[1833] [M]: 0x0000000080001C90 (0x00BF1F13) slli t5, t5, 0xb
x30 <- 0xFFFFFC0007FFB800

mem[X,0x0000000080001C94] -> 0x0F13
mem[X,0x0000000080001C96] -> 0x555F
[1834] [M]: 0x0000000080001C94 (0x555F0F13) addi t5, t5, 0x555
x30 <- 0xFFFFFC0007FFBD55

mem[X,0x0000000080001C98] -> 0x1F13
mem[X,0x0000000080001C9A] -> 0x00BF
[1835] [M]: 0x0000000080001C98 (0x00BF1F13) slli t5, t5, 0xb
x30 <- 0xFFE0003FFDEAA800

mem[X,0x0000000080001C9C] -> 0x0F13
mem[X,0x0000000080001C9E] -> 0x2BFF
[1836] [M]: 0x0000000080001C9C (0x2BFF0F13) addi t5, t5, 0x2bf
x30 <- 0xFFE0003FFDEAAABF

mem[X,0x0000000080001CA0] -> 0x1F13
mem[X,0x0000000080001CA2] -> 0x00AF
[1837] [M]: 0x0000000080001CA0 (0x00AF1F13) slli t5, t5, 0xa
x30 <- 0x8000FFF7AAAAFC00

mem[X,0x0000000080001CA4] -> 0x0F13
mem[X,0x0000000080001CA6] -> 0x3FAF
[1838] [M]: 0x0000000080001CA4 (0x3FAF0F13) addi t5, t5, 0x3fa
x30 <- 0x8000FFF7AAAAFFFA

mem[X,0x0000000080001CA8] -> 0x0EB7
mem[X,0x0000000080001CAA] -> 0x4000
[1839] [M]: 0x0000000080001CA8 (0x40000EB7) lui t4, 0x40000
x29 <- 0x0000000040000000

mem[X,0x0000000080001CAC] -> 0x8E93
mem[X,0x0000000080001CAE] -> 0xBFFE
[1840] [M]: 0x0000000080001CAC (0xBFFE8E93) addi t4, t4, -0x401
x29 <- 0x000000003FFFFBFF

mem[X,0x0000000080001CB0] -> 0x9E93
mem[X,0x0000000080001CB2] -> 0x00BE
[1841] [M]: 0x0000000080001CB0 (0x00BE9E93) slli t4, t4, 0xb
x29 <- 0x000001FFFFDFF800

mem[X,0x0000000080001CB4] -> 0x8E93
mem[X,0x0000000080001CB6] -> 0x001E
[1842] [M]: 0x0000000080001CB4 (0x001E8E93) addi t4, t4, 0x1
x29 <- 0x000001FFFFDFF801

mem[X,0x0000000080001CB8] -> 0x9E93
mem[X,0x0000000080001CBA] -> 0x00BE
[1843] [M]: 0x0000000080001CB8 (0x00BE9E93) slli t4, t4, 0xb
x29 <- 0x000FFFFEFFC00800

mem[X,0x0000000080001CBC] -> 0x8E93
mem[X,0x0000000080001CBE] -> 0x03FE
[1844] [M]: 0x0000000080001CBC (0x03FE8E93) addi t4, t4, 0x3f
x29 <- 0x000FFFFEFFC0083F

mem[X,0x0000000080001CC0] -> 0x9E93
mem[X,0x0000000080001CC2] -> 0x00AE
[1845] [M]: 0x0000000080001CC0 (0x00AE9E93) slli t4, t4, 0xa
x29 <- 0x3FFFFBFF0020FC00

mem[X,0x0000000080001CC4] -> 0x8E93
mem[X,0x0000000080001CC6] -> 0x3F8E
[1846] [M]: 0x0000000080001CC4 (0x3F8E8E93) addi t4, t4, 0x3f8
x29 <- 0x3FFFFBFF0020FFF8

mem[X,0x0000000080001CC8] -> 0x0FBB
mem[X,0x0000000080001CCA] -> 0xB9DF
[1847] [M]: 0x0000000080001CC8 (0xB9DF0FBB) paaddu.h t6, t5, t4
x31 <- 0x5FFFFDFB5565FFF9

mem[X,0x0000000080001CCC] -> 0xB823
mem[X,0x0000000080001CCE] -> 0x27F1
[1848] [M]: 0x0000000080001CCC (0x27F1B823) sd t6, 0x270(gp)
mem[0x0000000080004420] <- 0x5FFFFDFB5565FFF9

mem[X,0x0000000080001CD0] -> 0x0F37
mem[X,0x0000000080001CD2] -> 0xFFEF
[1849] [M]: 0x0000000080001CD0 (0xFFEF0F37) lui t5, -0x110
x30 <- 0xFFFFFFFFFFEF0000

mem[X,0x0000000080001CD4] -> 0x0F13
mem[X,0x0000000080001CD6] -> 0x200F
[1850] [M]: 0x0000000080001CD4 (0x200F0F13) addi t5, t5, 0x200
x30 <- 0xFFFFFFFFFFEF0200

mem[X,0x0000000080001CD8] -> 0x1F13
mem[X,0x0000000080001CDA] -> 0x00BF
[1851] [M]: 0x0000000080001CD8 (0x00BF1F13) slli t5, t5, 0xb
x30 <- 0xFFFFFFFF78100000

mem[X,0x0000000080001CDC] -> 0x0F13
mem[X,0x0000000080001CDE] -> 0x7F7F
[1852] [M]: 0x0000000080001CDC (0x7F7F0F13) addi t5, t5, 0x7f7
x30 <- 0xFFFFFFFF781007F7

mem[X,0x0000000080001CE0] -> 0x1F13
mem[X,0x0000000080001CE2] -> 0x00BF
[1853] [M]: 0x0000000080001CE0 (0x00BF1F13) slli t5, t5, 0xb
x30 <- 0xFFFFFBC0803FB800

mem[X,0x0000000080001CE4] -> 0x0F13
mem[X,0x0000000080001CE6] -> 0x7C0F
[1854] [M]: 0x0000000080001CE4 (0x7C0F0F13) addi t5, t5, 0x7c0
x30 <- 0xFFFFFBC0803FBFC0

mem[X,0x0000000080001CE8] -> 0x1F13
mem[X,0x0000000080001CEA] -> 0x00AF
[1855] [M]: 0x0000000080001CE8 (0x00AF1F13) slli t5, t5, 0xa
x30 <- 0xFFEF0200FEFF0000

mem[X,0x0000000080001CEC] -> 0x0F13
mem[X,0x0000000080001CEE] -> 0x004F
[1856] [M]: 0x0000000080001CEC (0x004F0F13) addi t5, t5, 0x4
x30 <- 0xFFEF0200FEFF0004

mem[X,0x0000000080001CF0] -> 0xFEB7
mem[X,0x0000000080001CF2] -> 0x7FFF
[1857] [M]: 0x0000000080001CF0 (0x7FFFFEB7) lui t4, 0x7ffff
x29 <- 0x000000007FFFF000

mem[X,0x0000000080001CF4] -> 0x8E93
mem[X,0x0000000080001CF6] -> 0x7FFE
[1858] [M]: 0x0000000080001CF4 (0x7FFE8E93) addi t4, t4, 0x7ff
x29 <- 0x000000007FFFF7FF

mem[X,0x0000000080001CF8] -> 0x9E93
mem[X,0x0000000080001CFA] -> 0x00BE
[1859] [M]: 0x0000000080001CF8 (0x00BE9E93) slli t4, t4, 0xb
x29 <- 0x000003FFFFBFF800

mem[X,0x0000000080001CFC] -> 0x8E93
mem[X,0x0000000080001CFE] -> 0x000E
[1860] [M]: 0x0000000080001CFC (0x000E8E93) addi t4, t4, 0x0
x29 <- 0x000003FFFFBFF800

mem[X,0x0000000080001D00] -> 0x9E93
mem[X,0x0000000080001D02] -> 0x00BE
[1861] [M]: 0x0000000080001D00 (0x00BE9E93) slli t4, t4, 0xb
x29 <- 0x001FFFFDFFC00000

mem[X,0x0000000080001D04] -> 0x8E93
mem[X,0x0000000080001D06] -> 0x0FFE
[1862] [M]: 0x0000000080001D04 (0x0FFE8E93) addi t4, t4, 0xff
x29 <- 0x001FFFFDFFC000FF

mem[X,0x0000000080001D08] -> 0x9E93
mem[X,0x0000000080001D0A] -> 0x00AE
[1863] [M]: 0x0000000080001D08 (0x00AE9E93) slli t4, t4, 0xa
x29 <- 0x7FFFF7FF0003FC00

mem[X,0x0000000080001D0C] -> 0x8E93
mem[X,0x0000000080001D0E] -> 0x3FEE
[1864] [M]: 0x0000000080001D0C (0x3FEE8E93) addi t4, t4, 0x3fe
x29 <- 0x7FFFF7FF0003FFFE

mem[X,0x0000000080001D10] -> 0x0FBB
mem[X,0x0000000080001D12] -> 0xB9DF
[1865] [M]: 0x0000000080001D10 (0xB9DF0FBB) paaddu.h t6, t5, t4
x31 <- 0xBFF77CFF7F818001

mem[X,0x0000000080001D14] -> 0xBC23
mem[X,0x0000000080001D16] -> 0x27F1
[1866] [M]: 0x0000000080001D14 (0x27F1BC23) sd t6, 0x278(gp)
mem[0x0000000080004428] <- 0xBFF77CFF7F818001

mem[X,0x0000000080001D18] -> 0x1F37
mem[X,0x0000000080001D1A] -> 0x0004
[1867] [M]: 0x0000000080001D18 (0x00041F37) lui t5, 0x41
x30 <- 0x0000000000041000

mem[X,0x0000000080001D1C] -> 0x0F13
mem[X,0x0000000080001D1E] -> 0x000F
[1868] [M]: 0x0000000080001D1C (0x000F0F13) addi t5, t5, 0x0
x30 <- 0x0000000000041000

mem[X,0x0000000080001D20] -> 0x1F13
mem[X,0x0000000080001D22] -> 0x00BF
[1869] [M]: 0x0000000080001D20 (0x00BF1F13) slli t5, t5, 0xb
x30 <- 0x0000000020800000

mem[X,0x0000000080001D24] -> 0x0F13
mem[X,0x0000000080001D26] -> 0x3FFF
[1870] [M]: 0x0000000080001D24 (0x3FFF0F13) addi t5, t5, 0x3ff
x30 <- 0x00000000208003FF

mem[X,0x0000000080001D28] -> 0x1F13
mem[X,0x0000000080001D2A] -> 0x00BF
[1871] [M]: 0x0000000080001D28 (0x00BF1F13) slli t5, t5, 0xb
x30 <- 0x00000104001FF800

mem[X,0x0000000080001D2C] -> 0x0F13
mem[X,0x0000000080001D2E] -> 0x7C0F
[1872] [M]: 0x0000000080001D2C (0x7C0F0F13) addi t5, t5, 0x7c0
x30 <- 0x00000104001FFFC0

mem[X,0x0000000080001D30] -> 0x1F13
mem[X,0x0000000080001D32] -> 0x00AF
[1873] [M]: 0x0000000080001D30 (0x00AF1F13) slli t5, t5, 0xa
x30 <- 0x000410007FFF0000

mem[X,0x0000000080001D34] -> 0x0EB7
mem[X,0x0000000080001D36] -> 0x0011
[1874] [M]: 0x0000000080001D34 (0x00110EB7) lui t4, 0x110
x29 <- 0x0000000000110000

mem[X,0x0000000080001D38] -> 0x8E93
mem[X,0x0000000080001D3A] -> 0xFBFE
[1875] [M]: 0x0000000080001D38 (0xFBFE8E93) addi t4, t4, -0x41
x29 <- 0x000000000010FFBF

mem[X,0x0000000080001D3C] -> 0x9E93
mem[X,0x0000000080001D3E] -> 0x00BE
[1876] [M]: 0x0000000080001D3C (0x00BE9E93) slli t4, t4, 0xb
x29 <- 0x0000000087FDF800

mem[X,0x0000000080001D40] -> 0x8E93
mem[X,0x0000000080001D42] -> 0x100E
[1877] [M]: 0x0000000080001D40 (0x100E8E93) addi t4, t4, 0x100
x29 <- 0x0000000087FDF900

mem[X,0x0000000080001D44] -> 0x9E93
mem[X,0x0000000080001D46] -> 0x00BE
[1878] [M]: 0x0000000080001D44 (0x00BE9E93) slli t4, t4, 0xb
x29 <- 0x0000043FEFC80000

mem[X,0x0000000080001D48] -> 0x8E93
mem[X,0x0000000080001D4A] -> 0x03BE
[1879] [M]: 0x0000000080001D48 (0x03BE8E93) addi t4, t4, 0x3b
x29 <- 0x0000043FEFC8003B

mem[X,0x0000000080001D4C] -> 0x9E93
mem[X,0x0000000080001D4E] -> 0x00AE
[1880] [M]: 0x0000000080001D4C (0x00AE9E93) slli t4, t4, 0xa
x29 <- 0x0010FFBF2000EC00

mem[X,0x0000000080001D50] -> 0x8E93
mem[X,0x0000000080001D52] -> 0x3FFE
[1881] [M]: 0x0000000080001D50 (0x3FFE8E93) addi t4, t4, 0x3ff
x29 <- 0x0010FFBF2000EFFF

mem[X,0x0000000080001D54] -> 0x0FBB
mem[X,0x0000000080001D56] -> 0xB9DF
[1882] [M]: 0x0000000080001D54 (0xB9DF0FBB) paaddu.h t6, t5, t4
x31 <- 0x000A87DF4FFF77FF

mem[X,0x0000000080001D58] -> 0xB023
mem[X,0x0000000080001D5A] -> 0x29F1
[1883] [M]: 0x0000000080001D58 (0x29F1B023) sd t6, 0x280(gp)
mem[0x0000000080004430] <- 0x000A87DF4FFF77FF

mem[X,0x0000000080001D5C] -> 0x0F37
mem[X,0x0000000080001D5E] -> 0xF7FF
[1884] [M]: 0x0000000080001D5C (0xF7FF0F37) lui t5, -0x8010
x30 <- 0xFFFFFFFFF7FF0000

mem[X,0x0000000080001D60] -> 0x0F13
mem[X,0x0000000080001D62] -> 0x010F
[1885] [M]: 0x0000000080001D60 (0x010F0F13) addi t5, t5, 0x10
x30 <- 0xFFFFFFFFF7FF0010

mem[X,0x0000000080001D64] -> 0x1F13
mem[X,0x0000000080001D66] -> 0x00BF
[1886] [M]: 0x0000000080001D64 (0x00BF1F13) slli t5, t5, 0xb
x30 <- 0xFFFFFFBFF8008000

mem[X,0x0000000080001D68] -> 0x0F13
mem[X,0x0000000080001D6A] -> 0x7FBF
[1887] [M]: 0x0000000080001D68 (0x7FBF0F13) addi t5, t5, 0x7fb
x30 <- 0xFFFFFFBFF80087FB

mem[X,0x0000000080001D6C] -> 0x1F13
mem[X,0x0000000080001D6E] -> 0x00BF
[1888] [M]: 0x0000000080001D6C (0x00BF1F13) slli t5, t5, 0xb
x30 <- 0xFFFDFFC0043FD800

mem[X,0x0000000080001D70] -> 0x0F13
mem[X,0x0000000080001D72] -> 0x7DFF
[1889] [M]: 0x0000000080001D70 (0x7DFF0F13) addi t5, t5, 0x7df
x30 <- 0xFFFDFFC0043FDFDF

mem[X,0x0000000080001D74] -> 0x1F13
mem[X,0x0000000080001D76] -> 0x00AF
[1890] [M]: 0x0000000080001D74 (0x00AF1F13) slli t5, t5, 0xa
x30 <- 0xF7FF0010FF7F7C00

mem[X,0x0000000080001D78] -> 0x0F13
mem[X,0x0000000080001D7A] -> 0x3FFF
[1891] [M]: 0x0000000080001D78 (0x3FFF0F13) addi t5, t5, 0x3ff
x30 <- 0xF7FF0010FF7F7FFF

mem[X,0x0000000080001D7C] -> 0x0EB7
mem[X,0x0000000080001D7E] -> 0xFFFD
[1892] [M]: 0x0000000080001D7C (0xFFFD0EB7) lui t4, -0x30
x29 <- 0xFFFFFFFFFFFD0000

mem[X,0x0000000080001D80] -> 0x8E93
mem[X,0x0000000080001D82] -> 0xBFFE
[1893] [M]: 0x0000000080001D80 (0xBFFE8E93) addi t4, t4, -0x401
x29 <- 0xFFFFFFFFFFFCFBFF

mem[X,0x0000000080001D84] -> 0x9E93
mem[X,0x0000000080001D86] -> 0x00BE
[1894] [M]: 0x0000000080001D84 (0x00BE9E93) slli t4, t4, 0xb
x29 <- 0xFFFFFFFFE7DFF800

mem[X,0x0000000080001D88] -> 0x8E93
mem[X,0x0000000080001D8A] -> 0x7FEE
[1895] [M]: 0x0000000080001D88 (0x7FEE8E93) addi t4, t4, 0x7fe
x29 <- 0xFFFFFFFFE7DFFFFE

mem[X,0x0000000080001D8C] -> 0x9E93
mem[X,0x0000000080001D8E] -> 0x00BE
[1896] [M]: 0x0000000080001D8C (0x00BE9E93) slli t4, t4, 0xb
x29 <- 0xFFFFFF3EFFFFF000

mem[X,0x0000000080001D90] -> 0x8E93
mem[X,0x0000000080001D92] -> 0x7FFE
[1897] [M]: 0x0000000080001D90 (0x7FFE8E93) addi t4, t4, 0x7ff
x29 <- 0xFFFFFF3EFFFFF7FF

mem[X,0x0000000080001D94] -> 0x9E93
mem[X,0x0000000080001D96] -> 0x00AE
[1898] [M]: 0x0000000080001D94 (0x00AE9E93) slli t4, t4, 0xa
x29 <- 0xFFFCFBFFFFDFFC00

mem[X,0x0000000080001D98] -> 0x8E93
mem[X,0x0000000080001D9A] -> 0x1FFE
[1899] [M]: 0x0000000080001D98 (0x1FFE8E93) addi t4, t4, 0x1ff
x29 <- 0xFFFCFBFFFFDFFDFF

clint::tick mtime <- 0x0000000000000013
 clint timer pending at mtime 0x0000000000000013
htif::tick 0x0000000000000000
mem[X,0x0000000080001D9C] -> 0x0FBB
mem[X,0x0000000080001D9E] -> 0xB9DF
[1900] [M]: 0x0000000080001D9C (0xB9DF0FBB) paaddu.h t6, t5, t4
x31 <- 0xFBFD7E07FFAFBEFF

mem[X,0x0000000080001DA0] -> 0xB423
mem[X,0x0000000080001DA2] -> 0x29F1
[1901] [M]: 0x0000000080001DA0 (0x29F1B423) sd t6, 0x288(gp)
mem[0x0000000080004438] <- 0xFBFD7E07FFAFBEFF

mem[X,0x0000000080001DA4] -> 0x0F37
mem[X,0x0000000080001DA6] -> 0xC001
[1902] [M]: 0x0000000080001DA4 (0xC0010F37) lui t5, -0x3fff0
x30 <- 0xFFFFFFFFC0010000

mem[X,0x0000000080001DA8] -> 0x0F13
mem[X,0x0000000080001DAA] -> 0xBFFF
[1903] [M]: 0x0000000080001DA8 (0xBFFF0F13) addi t5, t5, -0x401
x30 <- 0xFFFFFFFFC000FBFF

mem[X,0x0000000080001DAC] -> 0x1F13
mem[X,0x0000000080001DAE] -> 0x00BF
[1904] [M]: 0x0000000080001DAC (0x00BF1F13) slli t5, t5, 0xb
x30 <- 0xFFFFFE0007DFF800

mem[X,0x0000000080001DB0] -> 0x0F13
mem[X,0x0000000080001DB2] -> 0x7FFF
[1905] [M]: 0x0000000080001DB0 (0x7FFF0F13) addi t5, t5, 0x7ff
x30 <- 0xFFFFFE0007DFFFFF

mem[X,0x0000000080001DB4] -> 0x1F13
mem[X,0x0000000080001DB6] -> 0x00BF
[1906] [M]: 0x0000000080001DB4 (0x00BF1F13) slli t5, t5, 0xb
x30 <- 0xFFF0003EFFFFF800

mem[X,0x0000000080001DB8] -> 0x0F13
mem[X,0x0000000080001DBA] -> 0x3C0F
[1907] [M]: 0x0000000080001DB8 (0x3C0F0F13) addi t5, t5, 0x3c0
x30 <- 0xFFF0003EFFFFFBC0

mem[X,0x0000000080001DBC] -> 0x1F13
mem[X,0x0000000080001DBE] -> 0x00AF
[1908] [M]: 0x0000000080001DBC (0x00AF1F13) slli t5, t5, 0xa
x30 <- 0xC000FBFFFFEF0000

mem[X,0x0000000080001DC0] -> 0x0F13
mem[X,0x0000000080001DC2] -> 0x004F
[1909] [M]: 0x0000000080001DC0 (0x004F0F13) addi t5, t5, 0x4
x30 <- 0xC000FBFFFFEF0004

mem[X,0x0000000080001DC4] -> 0x8EB7
mem[X,0x0000000080001DC6] -> 0x0100
[1910] [M]: 0x0000000080001DC4 (0x01008EB7) lui t4, 0x1008
x29 <- 0x0000000001008000

mem[X,0x0000000080001DC8] -> 0x8E93
mem[X,0x0000000080001DCA] -> 0x000E
[1911] [M]: 0x0000000080001DC8 (0x000E8E93) addi t4, t4, 0x0
x29 <- 0x0000000001008000

mem[X,0x0000000080001DCC] -> 0x9E93
mem[X,0x0000000080001DCE] -> 0x00BE
[1912] [M]: 0x0000000080001DCC (0x00BE9E93) slli t4, t4, 0xb
x29 <- 0x0000000804000000

mem[X,0x0000000080001DD0] -> 0x8E93
mem[X,0x0000000080001DD2] -> 0x7FFE
[1913] [M]: 0x0000000080001DD0 (0x7FFE8E93) addi t4, t4, 0x7ff
x29 <- 0x00000008040007FF

mem[X,0x0000000080001DD4] -> 0x9E93
mem[X,0x0000000080001DD6] -> 0x00BE
[1914] [M]: 0x0000000080001DD4 (0x00BE9E93) slli t4, t4, 0xb
x29 <- 0x00004020003FF800

mem[X,0x0000000080001DD8] -> 0x8E93
mem[X,0x0000000080001DDA] -> 0x580E
[1915] [M]: 0x0000000080001DD8 (0x580E8E93) addi t4, t4, 0x580
x29 <- 0x00004020003FFD80

mem[X,0x0000000080001DDC] -> 0x9E93
mem[X,0x0000000080001DDE] -> 0x00AE
[1916] [M]: 0x0000000080001DDC (0x00AE9E93) slli t4, t4, 0xa
x29 <- 0x01008000FFF60000

mem[X,0x0000000080001DE0] -> 0x8E93
mem[X,0x0000000080001DE2] -> 0x008E
[1917] [M]: 0x0000000080001DE0 (0x008E8E93) addi t4, t4, 0x8
x29 <- 0x01008000FFF60008

mem[X,0x0000000080001DE4] -> 0x0FBB
mem[X,0x0000000080001DE6] -> 0xB9DF
[1918] [M]: 0x0000000080001DE4 (0xB9DF0FBB) paaddu.h t6, t5, t4
x31 <- 0x6080BDFFFFF20006

mem[X,0x0000000080001DE8] -> 0xB823
mem[X,0x0000000080001DEA] -> 0x29F1
[1919] [M]: 0x0000000080001DE8 (0x29F1B823) sd t6, 0x290(gp)
mem[0x0000000080004440] <- 0x6080BDFFFFF20006

mem[X,0x0000000080001DEC] -> 0x4F37
mem[X,0x0000000080001DEE] -> 0xFEFF
[1920] [M]: 0x0000000080001DEC (0xFEFF4F37) lui t5, -0x100c
x30 <- 0xFFFFFFFFFEFF4000

mem[X,0x0000000080001DF0] -> 0x0F13
mem[X,0x0000000080001DF2] -> 0xFFFF
[1921] [M]: 0x0000000080001DF0 (0xFFFF0F13) addi t5, t5, -0x1
x30 <- 0xFFFFFFFFFEFF3FFF

mem[X,0x0000000080001DF4] -> 0x1F13
mem[X,0x0000000080001DF6] -> 0x00BF
[1922] [M]: 0x0000000080001DF4 (0x00BF1F13) slli t5, t5, 0xb
x30 <- 0xFFFFFFF7F9FFF800

mem[X,0x0000000080001DF8] -> 0x0F13
mem[X,0x0000000080001DFA] -> 0x000F
[1923] [M]: 0x0000000080001DF8 (0x000F0F13) addi t5, t5, 0x0
x30 <- 0xFFFFFFF7F9FFF800

mem[X,0x0000000080001DFC] -> 0x1F13
mem[X,0x0000000080001DFE] -> 0x00BF
[1924] [M]: 0x0000000080001DFC (0x00BF1F13) slli t5, t5, 0xb
x30 <- 0xFFFFBFCFFFC00000

mem[X,0x0000000080001E00] -> 0x0F13
mem[X,0x0000000080001E02] -> 0x140F
[1925] [M]: 0x0000000080001E00 (0x140F0F13) addi t5, t5, 0x140
x30 <- 0xFFFFBFCFFFC00140

mem[X,0x0000000080001E04] -> 0x1F13
mem[X,0x0000000080001E06] -> 0x00AF
[1926] [M]: 0x0000000080001E04 (0x00AF1F13) slli t5, t5, 0xa
x30 <- 0xFEFF3FFF00050000

mem[X,0x0000000080001E08] -> 0x0F13
mem[X,0x0000000080001E0A] -> 0x200F
[1927] [M]: 0x0000000080001E08 (0x200F0F13) addi t5, t5, 0x200
x30 <- 0xFEFF3FFF00050200

mem[X,0x0000000080001E0C] -> 0x0EB7
mem[X,0x0000000080001E0E] -> 0x0006
[1928] [M]: 0x0000000080001E0C (0x00060EB7) lui t4, 0x60
x29 <- 0x0000000000060000

mem[X,0x0000000080001E10] -> 0x8E93
mem[X,0x0000000080001E12] -> 0x400E
[1929] [M]: 0x0000000080001E10 (0x400E8E93) addi t4, t4, 0x400
x29 <- 0x0000000000060400

mem[X,0x0000000080001E14] -> 0x9E93
mem[X,0x0000000080001E16] -> 0x00BE
[1930] [M]: 0x0000000080001E14 (0x00BE9E93) slli t4, t4, 0xb
x29 <- 0x0000000030200000

mem[X,0x0000000080001E18] -> 0x8E93
mem[X,0x0000000080001E1A] -> 0x7FFE
[1931] [M]: 0x0000000080001E18 (0x7FFE8E93) addi t4, t4, 0x7ff
x29 <- 0x00000000302007FF

mem[X,0x0000000080001E1C] -> 0x9E93
mem[X,0x0000000080001E1E] -> 0x00BE
[1932] [M]: 0x0000000080001E1C (0x00BE9E93) slli t4, t4, 0xb
x29 <- 0x00000181003FF800

mem[X,0x0000000080001E20] -> 0x8E93
mem[X,0x0000000080001E22] -> 0x3FFE
[1933] [M]: 0x0000000080001E20 (0x3FFE8E93) addi t4, t4, 0x3ff
x29 <- 0x00000181003FFBFF

mem[X,0x0000000080001E24] -> 0x9E93
mem[X,0x0000000080001E26] -> 0x00AE
[1934] [M]: 0x0000000080001E24 (0x00AE9E93) slli t4, t4, 0xa
x29 <- 0x00060400FFEFFC00

mem[X,0x0000000080001E28] -> 0x8E93
mem[X,0x0000000080001E2A] -> 0x37FE
[1935] [M]: 0x0000000080001E28 (0x37FE8E93) addi t4, t4, 0x37f
x29 <- 0x00060400FFEFFF7F

mem[X,0x0000000080001E2C] -> 0x0FBB
mem[X,0x0000000080001E2E] -> 0xB9DF
[1936] [M]: 0x0000000080001E2C (0xB9DF0FBB) paaddu.h t6, t5, t4
x31 <- 0x7F8221FF7FFA80BF

mem[X,0x0000000080001E30] -> 0xBC23
mem[X,0x0000000080001E32] -> 0x29F1
[1937] [M]: 0x0000000080001E30 (0x29F1BC23) sd t6, 0x298(gp)
mem[0x0000000080004448] <- 0x7F8221FF7FFA80BF

mem[X,0x0000000080001E34] -> 0x0F37
mem[X,0x0000000080001E36] -> 0xFFEF
[1938] [M]: 0x0000000080001E34 (0xFFEF0F37) lui t5, -0x110
x30 <- 0xFFFFFFFFFFEF0000

mem[X,0x0000000080001E38] -> 0x0F13
mem[X,0x0000000080001E3A] -> 0x005F
[1939] [M]: 0x0000000080001E38 (0x005F0F13) addi t5, t5, 0x5
x30 <- 0xFFFFFFFFFFEF0005

mem[X,0x0000000080001E3C] -> 0x1F13
mem[X,0x0000000080001E3E] -> 0x00BF
[1940] [M]: 0x0000000080001E3C (0x00BF1F13) slli t5, t5, 0xb
x30 <- 0xFFFFFFFF78002800

mem[X,0x0000000080001E40] -> 0x0F13
mem[X,0x0000000080001E42] -> 0x040F
[1941] [M]: 0x0000000080001E40 (0x040F0F13) addi t5, t5, 0x40
x30 <- 0xFFFFFFFF78002840

mem[X,0x0000000080001E44] -> 0x1F13
mem[X,0x0000000080001E46] -> 0x00BF
[1942] [M]: 0x0000000080001E44 (0x00BF1F13) slli t5, t5, 0xb
x30 <- 0xFFFFFBC001420000

mem[X,0x0000000080001E48] -> 0x0F13
mem[X,0x0000000080001E4A] -> 0x03FF
[1943] [M]: 0x0000000080001E48 (0x03FF0F13) addi t5, t5, 0x3f
x30 <- 0xFFFFFBC00142003F

mem[X,0x0000000080001E4C] -> 0x1F13
mem[X,0x0000000080001E4E] -> 0x00AF
[1944] [M]: 0x0000000080001E4C (0x00AF1F13) slli t5, t5, 0xa
x30 <- 0xFFEF00050800FC00

mem[X,0x0000000080001E50] -> 0x0F13
mem[X,0x0000000080001E52] -> 0x2FFF
[1945] [M]: 0x0000000080001E50 (0x2FFF0F13) addi t5, t5, 0x2ff
x30 <- 0xFFEF00050800FEFF

mem[X,0x0000000080001E54] -> 0x0EB7
mem[X,0x0000000080001E56] -> 0x5555
[1946] [M]: 0x0000000080001E54 (0x55550EB7) lui t4, 0x55550
x29 <- 0x0000000055550000

mem[X,0x0000000080001E58] -> 0x8E93
mem[X,0x0000000080001E5A] -> 0x004E
[1947] [M]: 0x0000000080001E58 (0x004E8E93) addi t4, t4, 0x4
x29 <- 0x0000000055550004

mem[X,0x0000000080001E5C] -> 0x9E93
mem[X,0x0000000080001E5E] -> 0x00BE
[1948] [M]: 0x0000000080001E5C (0x00BE9E93) slli t4, t4, 0xb
x29 <- 0x000002AAA8002000

mem[X,0x0000000080001E60] -> 0x8E93
mem[X,0x0000000080001E62] -> 0x6FFE
[1949] [M]: 0x0000000080001E60 (0x6FFE8E93) addi t4, t4, 0x6ff
x29 <- 0x000002AAA80026FF

mem[X,0x0000000080001E64] -> 0x9E93
mem[X,0x0000000080001E66] -> 0x00BE
[1950] [M]: 0x0000000080001E64 (0x00BE9E93) slli t4, t4, 0xb
x29 <- 0x001555400137F800

mem[X,0x0000000080001E68] -> 0x8E93
mem[X,0x0000000080001E6A] -> 0x7F7E
[1951] [M]: 0x0000000080001E68 (0x7F7E8E93) addi t4, t4, 0x7f7
x29 <- 0x001555400137FFF7

mem[X,0x0000000080001E6C] -> 0x9E93
mem[X,0x0000000080001E6E] -> 0x00AE
[1952] [M]: 0x0000000080001E6C (0x00AE9E93) slli t4, t4, 0xa
x29 <- 0x55550004DFFFDC00

mem[X,0x0000000080001E70] -> 0x8E93
mem[X,0x0000000080001E72] -> 0x3FFE
[1953] [M]: 0x0000000080001E70 (0x3FFE8E93) addi t4, t4, 0x3ff
x29 <- 0x55550004DFFFDFFF

mem[X,0x0000000080001E74] -> 0x0FBB
mem[X,0x0000000080001E76] -> 0xB9DF
[1954] [M]: 0x0000000080001E74 (0xB9DF0FBB) paaddu.h t6, t5, t4
x31 <- 0xAAA2000473FFEF7F

mem[X,0x0000000080001E78] -> 0xB023
mem[X,0x0000000080001E7A] -> 0x2BF1
[1955] [M]: 0x0000000080001E78 (0x2BF1B023) sd t6, 0x2a0(gp)
mem[0x0000000080004450] <- 0xAAA2000473FFEF7F

mem[X,0x0000000080001E7C] -> 0x006F
mem[X,0x0000000080001E7E] -> 0x0380
[1956] [M]: 0x0000000080001E7C (0x0380006F) jal zero, 0x38

mem[X,0x0000000080001EB4] -> 0x0093
mem[X,0x0000000080001EB6] -> 0x0010
[1957] [M]: 0x0000000080001EB4 (0x00100093) addi ra, zero, 0x1
x1 <- 0x0000000000000001

mem[X,0x0000000080001EB8] -> 0x0F17
mem[X,0x0000000080001EBA] -> 0x0000
[1958] [M]: 0x0000000080001EB8 (0x00000F17) auipc t5, 0x0
x30 <- 0x0000000080001EB8

mem[X,0x0000000080001EBC] -> 0x2423
mem[X,0x0000000080001EBE] -> 0x141F
[1959] [M]: 0x0000000080001EBC (0x141F2423) sw ra, 0x148(t5)
htif[0x0000000080002000] <- 0x00000001

mem[X,0x0000000080001EC0] -> 0xF06F
mem[X,0x0000000080001EC2] -> 0xFF9F
[1960] [M]: 0x0000000080001EC0 (0xFF9FF06F) jal zero, -0x8

mem[X,0x0000000080001EB8] -> 0x0F17
mem[X,0x0000000080001EBA] -> 0x0000
[1961] [M]: 0x0000000080001EB8 (0x00000F17) auipc t5, 0x0
x30 <- 0x0000000080001EB8

mem[X,0x0000000080001EBC] -> 0x2423
mem[X,0x0000000080001EBE] -> 0x141F
[1962] [M]: 0x0000000080001EBC (0x141F2423) sw ra, 0x148(t5)
htif[0x0000000080002000] <- 0x00000001

mem[X,0x0000000080001EC0] -> 0xF06F
mem[X,0x0000000080001EC2] -> 0xFF9F
[1963] [M]: 0x0000000080001EC0 (0xFF9FF06F) jal zero, -0x8

mem[X,0x0000000080001EB8] -> 0x0F17
mem[X,0x0000000080001EBA] -> 0x0000
[1964] [M]: 0x0000000080001EB8 (0x00000F17) auipc t5, 0x0
x30 <- 0x0000000080001EB8

mem[X,0x0000000080001EBC] -> 0x2423
mem[X,0x0000000080001EBE] -> 0x141F
[1965] [M]: 0x0000000080001EBC (0x141F2423) sw ra, 0x148(t5)
htif[0x0000000080002000] <- 0x00000001
htif-syscall-proxy cmd: 0x000000000001

SUCCESS
