using /home/chsu/rvp-workspace/test-64/riscof_work/pmhaccsu.h-01.S/ref/Reference-sail_c_simulator.signature for test-signature output.
tohost located at 0x80002000
Running file ref.elf.
ELF Entry @ 0x80000000
begin_signature: 0x80004110
end_signature: 0x80004440
CSR mstatus <- 0x0000000A00000000 (input: 0x0000000000000000)
mem[X,0x0000000000001000] -> 0x0297
mem[X,0x0000000000001002] -> 0x0000
[0] [M]: 0x0000000000001000 (0x00000297) auipc t0, 0x0
x5 <- 0x0000000000001000

mem[X,0x0000000000001004] -> 0x8593
mem[X,0x0000000000001006] -> 0x0202
[1] [M]: 0x0000000000001004 (0x02028593) addi a1, t0, 0x20
x11 <- 0x0000000000001020

mem[X,0x0000000000001008] -> 0x2573
mem[X,0x000000000000100A] -> 0xF140
[2] [M]: 0x0000000000001008 (0xF1402573) csrrs a0, mhartid, zero
CSR mhartid -> 0x0000000000000000
x10 <- 0x0000000000000000

mem[X,0x000000000000100C] -> 0xB283
mem[X,0x000000000000100E] -> 0x0182
[3] [M]: 0x000000000000100C (0x0182B283) ld t0, 0x18(t0)
mem[R,0x0000000000001018] -> 0x0000000080000000
x5 <- 0x0000000080000000

mem[X,0x0000000000001010] -> 0x8067
mem[X,0x0000000000001012] -> 0x0002
[4] [M]: 0x0000000000001010 (0x00028067) jalr zero, 0x0(t0)

mem[X,0x0000000080000000] -> 0x0837
mem[X,0x0000000080000002] -> 0x7D5C
[5] [M]: 0x0000000080000000 (0x7D5C0837) lui a6, 0x7d5c0
x16 <- 0x000000007D5C0000

mem[X,0x0000000080000004] -> 0x0813
mem[X,0x0000000080000006] -> 0xDDB8
[6] [M]: 0x0000000080000004 (0xDDB80813) addi a6, a6, -0x225
x16 <- 0x000000007D5BFDDB

mem[X,0x0000000080000008] -> 0x1813
mem[X,0x000000008000000A] -> 0x00B8
[7] [M]: 0x0000000080000008 (0x00B81813) slli a6, a6, 0xb
x16 <- 0x000003EADFEED800

mem[X,0x000000008000000C] -> 0x0813
mem[X,0x000000008000000E] -> 0x3EA8
[8] [M]: 0x000000008000000C (0x3EA80813) addi a6, a6, 0x3ea
x16 <- 0x000003EADFEEDBEA

mem[X,0x0000000080000010] -> 0x1813
mem[X,0x0000000080000012] -> 0x00B8
[9] [M]: 0x0000000080000010 (0x00B81813) slli a6, a6, 0xb
x16 <- 0x001F56FF76DF5000

mem[X,0x0000000080000014] -> 0x0813
mem[X,0x0000000080000016] -> 0x6FF8
[10] [M]: 0x0000000080000014 (0x6FF80813) addi a6, a6, 0x6ff
x16 <- 0x001F56FF76DF56FF

mem[X,0x0000000080000018] -> 0x1813
mem[X,0x000000008000001A] -> 0x00A8
[11] [M]: 0x0000000080000018 (0x00A81813) slli a6, a6, 0xa
x16 <- 0x7D5BFDDB7D5BFC00

mem[X,0x000000008000001C] -> 0x0813
mem[X,0x000000008000001E] -> 0x1DB8
[12] [M]: 0x000000008000001C (0x1DB80813) addi a6, a6, 0x1db
x16 <- 0x7D5BFDDB7D5BFDDB

mem[X,0x0000000080000020] -> 0x5893
mem[X,0x0000000080000022] -> 0x0078
[13] [M]: 0x0000000080000020 (0x00785893) srli a7, a6, 0x7
x17 <- 0x00FAB7FBB6FAB7FB

mem[X,0x0000000080000024] -> 0x5793
mem[X,0x0000000080000026] -> 0x0398
[14] [M]: 0x0000000080000024 (0x03985793) srli a5, a6, 0x39
x15 <- 0x000000000000003E

mem[X,0x0000000080000028] -> 0xE8B3
mem[X,0x000000008000002A] -> 0x00F8
[15] [M]: 0x0000000080000028 (0x00F8E8B3) or a7, a7, a5
x17 <- 0x00FAB7FBB6FAB7FF

mem[X,0x000000008000002C] -> 0xD913
mem[X,0x000000008000002E] -> 0x0078
[16] [M]: 0x000000008000002C (0x0078D913) srli s2, a7, 0x7
x18 <- 0x0001F56FF76DF56F

mem[X,0x0000000080000030] -> 0xD793
mem[X,0x0000000080000032] -> 0x0398
[17] [M]: 0x0000000080000030 (0x0398D793) srli a5, a7, 0x39
x15 <- 0x0000000000000000

mem[X,0x0000000080000034] -> 0x6933
mem[X,0x0000000080000036] -> 0x00F9
[18] [M]: 0x0000000080000034 (0x00F96933) or s2, s2, a5
x18 <- 0x0001F56FF76DF56F

mem[X,0x0000000080000038] -> 0x5993
mem[X,0x000000008000003A] -> 0x0079
[19] [M]: 0x0000000080000038 (0x00795993) srli s3, s2, 0x7
x19 <- 0x000003EADFEEDBEA

mem[X,0x000000008000003C] -> 0x5793
mem[X,0x000000008000003E] -> 0x0399
[20] [M]: 0x000000008000003C (0x03995793) srli a5, s2, 0x39
x15 <- 0x0000000000000000

mem[X,0x0000000080000040] -> 0xE9B3
mem[X,0x0000000080000042] -> 0x00F9
[21] [M]: 0x0000000080000040 (0x00F9E9B3) or s3, s3, a5
x19 <- 0x000003EADFEEDBEA

mem[X,0x0000000080000044] -> 0xDA13
mem[X,0x0000000080000046] -> 0x0079
[22] [M]: 0x0000000080000044 (0x0079DA13) srli s4, s3, 0x7
x20 <- 0x00000007D5BFDDB7

mem[X,0x0000000080000048] -> 0xD793
mem[X,0x000000008000004A] -> 0x0399
[23] [M]: 0x0000000080000048 (0x0399D793) srli a5, s3, 0x39
x15 <- 0x0000000000000000

mem[X,0x000000008000004C] -> 0x6A33
mem[X,0x000000008000004E] -> 0x00FA
[24] [M]: 0x000000008000004C (0x00FA6A33) or s4, s4, a5
x20 <- 0x00000007D5BFDDB7

mem[X,0x0000000080000050] -> 0x5A93
mem[X,0x0000000080000052] -> 0x007A
[25] [M]: 0x0000000080000050 (0x007A5A93) srli s5, s4, 0x7
x21 <- 0x000000000FAB7FBB

mem[X,0x0000000080000054] -> 0x5793
mem[X,0x0000000080000056] -> 0x039A
[26] [M]: 0x0000000080000054 (0x039A5793) srli a5, s4, 0x39
x15 <- 0x0000000000000000

mem[X,0x0000000080000058] -> 0xEAB3
mem[X,0x000000008000005A] -> 0x00FA
[27] [M]: 0x0000000080000058 (0x00FAEAB3) or s5, s5, a5
x21 <- 0x000000000FAB7FBB

mem[X,0x000000008000005C] -> 0xDB13
mem[X,0x000000008000005E] -> 0x007A
[28] [M]: 0x000000008000005C (0x007ADB13) srli s6, s5, 0x7
x22 <- 0x00000000001F56FF

mem[X,0x0000000080000060] -> 0xD793
mem[X,0x0000000080000062] -> 0x039A
[29] [M]: 0x0000000080000060 (0x039AD793) srli a5, s5, 0x39
x15 <- 0x0000000000000000

mem[X,0x0000000080000064] -> 0x6B33
mem[X,0x0000000080000066] -> 0x00FB
[30] [M]: 0x0000000080000064 (0x00FB6B33) or s6, s6, a5
x22 <- 0x00000000001F56FF

mem[X,0x0000000080000068] -> 0x5B93
mem[X,0x000000008000006A] -> 0x007B
[31] [M]: 0x0000000080000068 (0x007B5B93) srli s7, s6, 0x7
x23 <- 0x0000000000003EAD

mem[X,0x000000008000006C] -> 0x5793
mem[X,0x000000008000006E] -> 0x039B
[32] [M]: 0x000000008000006C (0x039B5793) srli a5, s6, 0x39
x15 <- 0x0000000000000000

mem[X,0x0000000080000070] -> 0xEBB3
mem[X,0x0000000080000072] -> 0x00FB
[33] [M]: 0x0000000080000070 (0x00FBEBB3) or s7, s7, a5
x23 <- 0x0000000000003EAD

mem[X,0x0000000080000074] -> 0xDC13
mem[X,0x0000000080000076] -> 0x007B
[34] [M]: 0x0000000080000074 (0x007BDC13) srli s8, s7, 0x7
x24 <- 0x000000000000007D

mem[X,0x0000000080000078] -> 0xD793
mem[X,0x000000008000007A] -> 0x039B
[35] [M]: 0x0000000080000078 (0x039BD793) srli a5, s7, 0x39
x15 <- 0x0000000000000000

mem[X,0x000000008000007C] -> 0x6C33
mem[X,0x000000008000007E] -> 0x00FC
[36] [M]: 0x000000008000007C (0x00FC6C33) or s8, s8, a5
x24 <- 0x000000000000007D

mem[X,0x0000000080000080] -> 0x5C93
mem[X,0x0000000080000082] -> 0x007C
[37] [M]: 0x0000000080000080 (0x007C5C93) srli s9, s8, 0x7
x25 <- 0x0000000000000000

mem[X,0x0000000080000084] -> 0x5793
mem[X,0x0000000080000086] -> 0x039C
[38] [M]: 0x0000000080000084 (0x039C5793) srli a5, s8, 0x39
x15 <- 0x0000000000000000

mem[X,0x0000000080000088] -> 0xECB3
mem[X,0x000000008000008A] -> 0x00FC
[39] [M]: 0x0000000080000088 (0x00FCECB3) or s9, s9, a5
x25 <- 0x0000000000000000

mem[X,0x000000008000008C] -> 0xDD13
mem[X,0x000000008000008E] -> 0x007C
[40] [M]: 0x000000008000008C (0x007CDD13) srli s10, s9, 0x7
x26 <- 0x0000000000000000

mem[X,0x0000000080000090] -> 0xD793
mem[X,0x0000000080000092] -> 0x039C
[41] [M]: 0x0000000080000090 (0x039CD793) srli a5, s9, 0x39
x15 <- 0x0000000000000000

mem[X,0x0000000080000094] -> 0x6D33
mem[X,0x0000000080000096] -> 0x00FD
[42] [M]: 0x0000000080000094 (0x00FD6D33) or s10, s10, a5
x26 <- 0x0000000000000000

mem[X,0x0000000080000098] -> 0x5D93
mem[X,0x000000008000009A] -> 0x007D
[43] [M]: 0x0000000080000098 (0x007D5D93) srli s11, s10, 0x7
x27 <- 0x0000000000000000

mem[X,0x000000008000009C] -> 0x5793
mem[X,0x000000008000009E] -> 0x039D
[44] [M]: 0x000000008000009C (0x039D5793) srli a5, s10, 0x39
x15 <- 0x0000000000000000

mem[X,0x00000000800000A0] -> 0xEDB3
mem[X,0x00000000800000A2] -> 0x00FD
[45] [M]: 0x00000000800000A0 (0x00FDEDB3) or s11, s11, a5
x27 <- 0x0000000000000000

mem[X,0x00000000800000A4] -> 0xDE13
mem[X,0x00000000800000A6] -> 0x007D
[46] [M]: 0x00000000800000A4 (0x007DDE13) srli t3, s11, 0x7
x28 <- 0x0000000000000000

mem[X,0x00000000800000A8] -> 0xD793
mem[X,0x00000000800000AA] -> 0x039D
[47] [M]: 0x00000000800000A8 (0x039DD793) srli a5, s11, 0x39
x15 <- 0x0000000000000000

mem[X,0x00000000800000AC] -> 0x6E33
mem[X,0x00000000800000AE] -> 0x00FE
[48] [M]: 0x00000000800000AC (0x00FE6E33) or t3, t3, a5
x28 <- 0x0000000000000000

mem[X,0x00000000800000B0] -> 0x5E93
mem[X,0x00000000800000B2] -> 0x007E
[49] [M]: 0x00000000800000B0 (0x007E5E93) srli t4, t3, 0x7
x29 <- 0x0000000000000000

mem[X,0x00000000800000B4] -> 0x5793
mem[X,0x00000000800000B6] -> 0x039E
[50] [M]: 0x00000000800000B4 (0x039E5793) srli a5, t3, 0x39
x15 <- 0x0000000000000000

mem[X,0x00000000800000B8] -> 0xEEB3
mem[X,0x00000000800000BA] -> 0x00FE
[51] [M]: 0x00000000800000B8 (0x00FEEEB3) or t4, t4, a5
x29 <- 0x0000000000000000

mem[X,0x00000000800000BC] -> 0xDF13
mem[X,0x00000000800000BE] -> 0x007E
[52] [M]: 0x00000000800000BC (0x007EDF13) srli t5, t4, 0x7
x30 <- 0x0000000000000000

mem[X,0x00000000800000C0] -> 0xD793
mem[X,0x00000000800000C2] -> 0x039E
[53] [M]: 0x00000000800000C0 (0x039ED793) srli a5, t4, 0x39
x15 <- 0x0000000000000000

mem[X,0x00000000800000C4] -> 0x6F33
mem[X,0x00000000800000C6] -> 0x00FF
[54] [M]: 0x00000000800000C4 (0x00FF6F33) or t5, t5, a5
x30 <- 0x0000000000000000

mem[X,0x00000000800000C8] -> 0xC0B7
mem[X,0x00000000800000CA] -> 0xFEED
[55] [M]: 0x00000000800000C8 (0xFEEDC0B7) lui ra, -0x1124
x1 <- 0xFFFFFFFFFEEDC000

mem[X,0x00000000800000CC] -> 0x8093
mem[X,0x00000000800000CE] -> 0xEAD0
[56] [M]: 0x00000000800000CC (0xEAD08093) addi ra, ra, -0x153
x1 <- 0xFFFFFFFFFEEDBEAD

mem[X,0x00000000800000D0] -> 0x9093
mem[X,0x00000000800000D2] -> 0x00B0
[57] [M]: 0x00000000800000D0 (0x00B09093) slli ra, ra, 0xb
x1 <- 0xFFFFFFF76DF56800

mem[X,0x00000000800000D4] -> 0x8093
mem[X,0x00000000800000D6] -> 0x7F70
[58] [M]: 0x00000000800000D4 (0x7F708093) addi ra, ra, 0x7f7
x1 <- 0xFFFFFFF76DF56FF7

mem[X,0x00000000800000D8] -> 0x9093
mem[X,0x00000000800000DA] -> 0x00B0
[59] [M]: 0x00000000800000D8 (0x00B09093) slli ra, ra, 0xb
x1 <- 0xFFFFBB6FAB7FB800

mem[X,0x00000000800000DC] -> 0x8093
mem[X,0x00000000800000DE] -> 0x36F0
[60] [M]: 0x00000000800000DC (0x36F08093) addi ra, ra, 0x36f
x1 <- 0xFFFFBB6FAB7FBB6F

mem[X,0x00000000800000E0] -> 0x9093
mem[X,0x00000000800000E2] -> 0x00A0
[61] [M]: 0x00000000800000E0 (0x00A09093) slli ra, ra, 0xa
x1 <- 0xFEEDBEADFEEDBC00

mem[X,0x00000000800000E4] -> 0x8093
mem[X,0x00000000800000E6] -> 0x2AD0
[62] [M]: 0x00000000800000E4 (0x2AD08093) addi ra, ra, 0x2ad
x1 <- 0xFEEDBEADFEEDBEAD

mem[X,0x00000000800000E8] -> 0xD113
mem[X,0x00000000800000EA] -> 0x0070
[63] [M]: 0x00000000800000E8 (0x0070D113) srli sp, ra, 0x7
x2 <- 0x01FDDB7D5BFDDB7D

mem[X,0x00000000800000EC] -> 0xD793
mem[X,0x00000000800000EE] -> 0x0390
[64] [M]: 0x00000000800000EC (0x0390D793) srli a5, ra, 0x39
x15 <- 0x000000000000007F

mem[X,0x00000000800000F0] -> 0x6133
mem[X,0x00000000800000F2] -> 0x00F1
[65] [M]: 0x00000000800000F0 (0x00F16133) or sp, sp, a5
x2 <- 0x01FDDB7D5BFDDB7F

mem[X,0x00000000800000F4] -> 0x5193
mem[X,0x00000000800000F6] -> 0x0071
[66] [M]: 0x00000000800000F4 (0x00715193) srli gp, sp, 0x7
x3 <- 0x0003FBB6FAB7FBB6

mem[X,0x00000000800000F8] -> 0x5793
mem[X,0x00000000800000FA] -> 0x0391
[67] [M]: 0x00000000800000F8 (0x03915793) srli a5, sp, 0x39
x15 <- 0x0000000000000000

mem[X,0x00000000800000FC] -> 0xE1B3
mem[X,0x00000000800000FE] -> 0x00F1
[68] [M]: 0x00000000800000FC (0x00F1E1B3) or gp, gp, a5
x3 <- 0x0003FBB6FAB7FBB6

mem[X,0x0000000080000100] -> 0xD213
mem[X,0x0000000080000102] -> 0x0071
[69] [M]: 0x0000000080000100 (0x0071D213) srli tp, gp, 0x7
x4 <- 0x000007F76DF56FF7

mem[X,0x0000000080000104] -> 0xD793
mem[X,0x0000000080000106] -> 0x0391
[70] [M]: 0x0000000080000104 (0x0391D793) srli a5, gp, 0x39
x15 <- 0x0000000000000000

mem[X,0x0000000080000108] -> 0x6233
mem[X,0x000000008000010A] -> 0x00F2
[71] [M]: 0x0000000080000108 (0x00F26233) or tp, tp, a5
x4 <- 0x000007F76DF56FF7

mem[X,0x000000008000010C] -> 0x5293
mem[X,0x000000008000010E] -> 0x0072
[72] [M]: 0x000000008000010C (0x00725293) srli t0, tp, 0x7
x5 <- 0x0000000FEEDBEADF

mem[X,0x0000000080000110] -> 0x5793
mem[X,0x0000000080000112] -> 0x0392
[73] [M]: 0x0000000080000110 (0x03925793) srli a5, tp, 0x39
x15 <- 0x0000000000000000

mem[X,0x0000000080000114] -> 0xE2B3
mem[X,0x0000000080000116] -> 0x00F2
[74] [M]: 0x0000000080000114 (0x00F2E2B3) or t0, t0, a5
x5 <- 0x0000000FEEDBEADF

mem[X,0x0000000080000118] -> 0xD313
mem[X,0x000000008000011A] -> 0x0072
[75] [M]: 0x0000000080000118 (0x0072D313) srli t1, t0, 0x7
x6 <- 0x000000001FDDB7D5

mem[X,0x000000008000011C] -> 0xD793
mem[X,0x000000008000011E] -> 0x0392
[76] [M]: 0x000000008000011C (0x0392D793) srli a5, t0, 0x39
x15 <- 0x0000000000000000

mem[X,0x0000000080000120] -> 0x6333
mem[X,0x0000000080000122] -> 0x00F3
[77] [M]: 0x0000000080000120 (0x00F36333) or t1, t1, a5
x6 <- 0x000000001FDDB7D5

mem[X,0x0000000080000124] -> 0x5393
mem[X,0x0000000080000126] -> 0x0073
[78] [M]: 0x0000000080000124 (0x00735393) srli t2, t1, 0x7
x7 <- 0x00000000003FBB6F

mem[X,0x0000000080000128] -> 0x5793
mem[X,0x000000008000012A] -> 0x0393
[79] [M]: 0x0000000080000128 (0x03935793) srli a5, t1, 0x39
x15 <- 0x0000000000000000

mem[X,0x000000008000012C] -> 0xE3B3
mem[X,0x000000008000012E] -> 0x00F3
[80] [M]: 0x000000008000012C (0x00F3E3B3) or t2, t2, a5
x7 <- 0x00000000003FBB6F

mem[X,0x0000000080000130] -> 0xD413
mem[X,0x0000000080000132] -> 0x0073
[81] [M]: 0x0000000080000130 (0x0073D413) srli fp, t2, 0x7
x8 <- 0x0000000000007F76

mem[X,0x0000000080000134] -> 0xD793
mem[X,0x0000000080000136] -> 0x0393
[82] [M]: 0x0000000080000134 (0x0393D793) srli a5, t2, 0x39
x15 <- 0x0000000000000000

mem[X,0x0000000080000138] -> 0x6433
mem[X,0x000000008000013A] -> 0x00F4
[83] [M]: 0x0000000080000138 (0x00F46433) or fp, fp, a5
x8 <- 0x0000000000007F76

mem[X,0x000000008000013C] -> 0x5493
mem[X,0x000000008000013E] -> 0x0074
[84] [M]: 0x000000008000013C (0x00745493) srli s1, fp, 0x7
x9 <- 0x00000000000000FE

mem[X,0x0000000080000140] -> 0x5793
mem[X,0x0000000080000142] -> 0x0394
[85] [M]: 0x0000000080000140 (0x03945793) srli a5, fp, 0x39
x15 <- 0x0000000000000000

mem[X,0x0000000080000144] -> 0xE4B3
mem[X,0x0000000080000146] -> 0x00F4
[86] [M]: 0x0000000080000144 (0x00F4E4B3) or s1, s1, a5
x9 <- 0x00000000000000FE

mem[X,0x0000000080000148] -> 0xD513
mem[X,0x000000008000014A] -> 0x0074
[87] [M]: 0x0000000080000148 (0x0074D513) srli a0, s1, 0x7
x10 <- 0x0000000000000001

mem[X,0x000000008000014C] -> 0xD793
mem[X,0x000000008000014E] -> 0x0394
[88] [M]: 0x000000008000014C (0x0394D793) srli a5, s1, 0x39
x15 <- 0x0000000000000000

mem[X,0x0000000080000150] -> 0x6533
mem[X,0x0000000080000152] -> 0x00F5
[89] [M]: 0x0000000080000150 (0x00F56533) or a0, a0, a5
x10 <- 0x0000000000000001

mem[X,0x0000000080000154] -> 0x5593
mem[X,0x0000000080000156] -> 0x0075
[90] [M]: 0x0000000080000154 (0x00755593) srli a1, a0, 0x7
x11 <- 0x0000000000000000

mem[X,0x0000000080000158] -> 0x5793
mem[X,0x000000008000015A] -> 0x0395
[91] [M]: 0x0000000080000158 (0x03955793) srli a5, a0, 0x39
x15 <- 0x0000000000000000

mem[X,0x000000008000015C] -> 0xE5B3
mem[X,0x000000008000015E] -> 0x00F5
[92] [M]: 0x000000008000015C (0x00F5E5B3) or a1, a1, a5
x11 <- 0x0000000000000000

mem[X,0x0000000080000160] -> 0xD613
mem[X,0x0000000080000162] -> 0x0075
[93] [M]: 0x0000000080000160 (0x0075D613) srli a2, a1, 0x7
x12 <- 0x0000000000000000

mem[X,0x0000000080000164] -> 0xD793
mem[X,0x0000000080000166] -> 0x0395
[94] [M]: 0x0000000080000164 (0x0395D793) srli a5, a1, 0x39
x15 <- 0x0000000000000000

mem[X,0x0000000080000168] -> 0x6633
mem[X,0x000000008000016A] -> 0x00F6
[95] [M]: 0x0000000080000168 (0x00F66633) or a2, a2, a5
x12 <- 0x0000000000000000

mem[X,0x000000008000016C] -> 0x5693
mem[X,0x000000008000016E] -> 0x0076
[96] [M]: 0x000000008000016C (0x00765693) srli a3, a2, 0x7
x13 <- 0x0000000000000000

mem[X,0x0000000080000170] -> 0x5793
mem[X,0x0000000080000172] -> 0x0396
[97] [M]: 0x0000000080000170 (0x03965793) srli a5, a2, 0x39
x15 <- 0x0000000000000000

mem[X,0x0000000080000174] -> 0xE6B3
mem[X,0x0000000080000176] -> 0x00F6
[98] [M]: 0x0000000080000174 (0x00F6E6B3) or a3, a3, a5
x13 <- 0x0000000000000000

mem[X,0x0000000080000178] -> 0x0013
mem[X,0x000000008000017A] -> 0x0000
[99] [M]: 0x0000000080000178 (0x00000013) addi zero, zero, 0x0

clint::tick mtime <- 0x0000000000000001
 clint timer pending at mtime 0x0000000000000001
htif::tick 0x0000000000000000
mem[X,0x000000008000017C] -> 0x0013
mem[X,0x000000008000017E] -> 0x0000
[100] [M]: 0x000000008000017C (0x00000013) addi zero, zero, 0x0

mem[X,0x0000000080000180] -> 0x4797
mem[X,0x0000000080000182] -> 0x0000
[101] [M]: 0x0000000080000180 (0x00004797) auipc a5, 0x4
x15 <- 0x0000000080004180

mem[X,0x0000000080000184] -> 0x8793
mem[X,0x0000000080000186] -> 0xF987
[102] [M]: 0x0000000080000184 (0xF9878793) addi a5, a5, -0x68
x15 <- 0x0000000080004118

mem[X,0x0000000080000188] -> 0x0013
mem[X,0x000000008000018A] -> 0x0000
[103] [M]: 0x0000000080000188 (0x00000013) addi zero, zero, 0x0

mem[X,0x000000008000018C] -> 0x0013
mem[X,0x000000008000018E] -> 0x0000
[104] [M]: 0x000000008000018C (0x00000013) addi zero, zero, 0x0

mem[X,0x0000000080000190] -> 0x0013
mem[X,0x0000000080000192] -> 0x0000
[105] [M]: 0x0000000080000190 (0x00000013) addi zero, zero, 0x0

mem[X,0x0000000080000194] -> 0x0013
mem[X,0x0000000080000196] -> 0x0000
[106] [M]: 0x0000000080000194 (0x00000013) addi zero, zero, 0x0

mem[X,0x0000000080000198] -> 0x0013
mem[X,0x000000008000019A] -> 0x0000
[107] [M]: 0x0000000080000198 (0x00000013) addi zero, zero, 0x0

mem[X,0x000000008000019C] -> 0x0013
mem[X,0x000000008000019E] -> 0x0000
[108] [M]: 0x000000008000019C (0x00000013) addi zero, zero, 0x0

mem[X,0x00000000800001A0] -> 0x43B7
mem[X,0x00000000800001A2] -> 0x7FFF
[109] [M]: 0x00000000800001A0 (0x7FFF43B7) lui t2, 0x7fff4
x7 <- 0x000000007FFF4000

mem[X,0x00000000800001A4] -> 0x8393
mem[X,0x00000000800001A6] -> 0xFFF3
[110] [M]: 0x00000000800001A4 (0xFFF38393) addi t2, t2, -0x1
x7 <- 0x000000007FFF3FFF

mem[X,0x00000000800001A8] -> 0x9393
mem[X,0x00000000800001AA] -> 0x00B3
[111] [M]: 0x00000000800001A8 (0x00B39393) slli t2, t2, 0xb
x7 <- 0x000003FFF9FFF800

mem[X,0x00000000800001AC] -> 0x8393
mem[X,0x00000000800001AE] -> 0x0003
[112] [M]: 0x00000000800001AC (0x00038393) addi t2, t2, 0x0
x7 <- 0x000003FFF9FFF800

mem[X,0x00000000800001B0] -> 0x9393
mem[X,0x00000000800001B2] -> 0x00B3
[113] [M]: 0x00000000800001B0 (0x00B39393) slli t2, t2, 0xb
x7 <- 0x001FFFCFFFC00000

mem[X,0x00000000800001B4] -> 0x8393
mem[X,0x00000000800001B6] -> 0x1603
[114] [M]: 0x00000000800001B4 (0x16038393) addi t2, t2, 0x160
x7 <- 0x001FFFCFFFC00160

mem[X,0x00000000800001B8] -> 0x9393
mem[X,0x00000000800001BA] -> 0x00A3
[115] [M]: 0x00000000800001B8 (0x00A39393) slli t2, t2, 0xa
x7 <- 0x7FFF3FFF00058000

mem[X,0x00000000800001BC] -> 0xEFB7
mem[X,0x00000000800001BE] -> 0x0003
[116] [M]: 0x00000000800001BC (0x0003EFB7) lui t6, 0x3e
x31 <- 0x000000000003E000

mem[X,0x00000000800001C0] -> 0x8F93
mem[X,0x00000000800001C2] -> 0xFFFF
[117] [M]: 0x00000000800001C0 (0xFFFF8F93) addi t6, t6, -0x1
x31 <- 0x000000000003DFFF

mem[X,0x00000000800001C4] -> 0x9F93
mem[X,0x00000000800001C6] -> 0x00BF
[118] [M]: 0x00000000800001C4 (0x00BF9F93) slli t6, t6, 0xb
x31 <- 0x000000001EFFF800

mem[X,0x00000000800001C8] -> 0x8F93
mem[X,0x00000000800001CA] -> 0x5FFF
[119] [M]: 0x00000000800001C8 (0x5FFF8F93) addi t6, t6, 0x5ff
x31 <- 0x000000001EFFFDFF

mem[X,0x00000000800001CC] -> 0x9F93
mem[X,0x00000000800001CE] -> 0x00BF
[120] [M]: 0x00000000800001CC (0x00BF9F93) slli t6, t6, 0xb
x31 <- 0x000000F7FFEFF800

mem[X,0x00000000800001D0] -> 0x8F93
mem[X,0x00000000800001D2] -> 0x7C0F
[121] [M]: 0x00000000800001D0 (0x7C0F8F93) addi t6, t6, 0x7c0
x31 <- 0x000000F7FFEFFFC0

mem[X,0x00000000800001D4] -> 0x9F93
mem[X,0x00000000800001D6] -> 0x00AF
[122] [M]: 0x00000000800001D4 (0x00AF9F93) slli t6, t6, 0xa
x31 <- 0x0003DFFFBFFF0000

mem[X,0x00000000800001D8] -> 0x8F93
mem[X,0x00000000800001DA] -> 0x005F
[123] [M]: 0x00000000800001D8 (0x005F8F93) addi t6, t6, 0x5
x31 <- 0x0003DFFFBFFF0005

mem[X,0x00000000800001DC] -> 0xFFBB
mem[X,0x00000000800001DE] -> 0xC9F3
[124] [M]: 0x00000000800001DC (0xC9F3FFBB) pmhaccsu.h t6, t2, t6
x31 <- 0x000417FDC0020002

mem[X,0x00000000800001E0] -> 0xB023
mem[X,0x00000000800001E2] -> 0x01F7
[125] [M]: 0x00000000800001E0 (0x01F7B023) sd t6, 0x0(a5)
mem[0x0000000080004118] <- 0x000417FDC0020002

mem[X,0x00000000800001E4] -> 0xC337
mem[X,0x00000000800001E6] -> 0xFFFD
[126] [M]: 0x00000000800001E4 (0xFFFDC337) lui t1, -0x24
x6 <- 0xFFFFFFFFFFFDC000

mem[X,0x00000000800001E8] -> 0x0313
mem[X,0x00000000800001EA] -> 0x0003
[127] [M]: 0x00000000800001E8 (0x00030313) addi t1, t1, 0x0
x6 <- 0xFFFFFFFFFFFDC000

mem[X,0x00000000800001EC] -> 0x1313
mem[X,0x00000000800001EE] -> 0x00B3
[128] [M]: 0x00000000800001EC (0x00B31313) slli t1, t1, 0xb
x6 <- 0xFFFFFFFFEE000000

mem[X,0x00000000800001F0] -> 0x0313
mem[X,0x00000000800001F2] -> 0x7FF3
[129] [M]: 0x00000000800001F0 (0x7FF30313) addi t1, t1, 0x7ff
x6 <- 0xFFFFFFFFEE0007FF

mem[X,0x00000000800001F4] -> 0x1313
mem[X,0x00000000800001F6] -> 0x00B3
[130] [M]: 0x00000000800001F4 (0x00B31313) slli t1, t1, 0xb
x6 <- 0xFFFFFF70003FF800

mem[X,0x00000000800001F8] -> 0x0313
mem[X,0x00000000800001FA] -> 0x73F3
[131] [M]: 0x00000000800001F8 (0x73F30313) addi t1, t1, 0x73f
x6 <- 0xFFFFFF70003FFF3F

mem[X,0x00000000800001FC] -> 0x1313
mem[X,0x00000000800001FE] -> 0x00A3
[132] [M]: 0x00000000800001FC (0x00A31313) slli t1, t1, 0xa
x6 <- 0xFFFDC000FFFCFC00

mem[X,0x0000000080000200] -> 0x0313
mem[X,0x0000000080000202] -> 0x3FF3
[133] [M]: 0x0000000080000200 (0x3FF30313) addi t1, t1, 0x3ff
x6 <- 0xFFFDC000FFFCFFFF

mem[X,0x0000000080000204] -> 0xC337
mem[X,0x0000000080000206] -> 0xFEFF
[134] [M]: 0x0000000080000204 (0xFEFFC337) lui t1, -0x1004
x6 <- 0xFFFFFFFFFEFFC000

mem[X,0x0000000080000208] -> 0x0313
mem[X,0x000000008000020A] -> 0x0003
[135] [M]: 0x0000000080000208 (0x00030313) addi t1, t1, 0x0
x6 <- 0xFFFFFFFFFEFFC000

mem[X,0x000000008000020C] -> 0x1313
mem[X,0x000000008000020E] -> 0x00B3
[136] [M]: 0x000000008000020C (0x00B31313) slli t1, t1, 0xb
x6 <- 0xFFFFFFF7FE000000

mem[X,0x0000000080000210] -> 0x0313
mem[X,0x0000000080000212] -> 0x6FF3
[137] [M]: 0x0000000080000210 (0x6FF30313) addi t1, t1, 0x6ff
x6 <- 0xFFFFFFF7FE0006FF

mem[X,0x0000000080000214] -> 0x1313
mem[X,0x0000000080000216] -> 0x00B3
[138] [M]: 0x0000000080000214 (0x00B31313) slli t1, t1, 0xb
x6 <- 0xFFFFBFF00037F800

mem[X,0x0000000080000218] -> 0x0313
mem[X,0x000000008000021A] -> 0x7FF3
[139] [M]: 0x0000000080000218 (0x7FF30313) addi t1, t1, 0x7ff
x6 <- 0xFFFFBFF00037FFFF

mem[X,0x000000008000021C] -> 0x1313
mem[X,0x000000008000021E] -> 0x00A3
[140] [M]: 0x000000008000021C (0x00A31313) slli t1, t1, 0xa
x6 <- 0xFEFFC000DFFFFC00

mem[X,0x0000000080000220] -> 0x0313
mem[X,0x0000000080000222] -> 0x3FC3
[141] [M]: 0x0000000080000220 (0x3FC30313) addi t1, t1, 0x3fc
x6 <- 0xFEFFC000DFFFFFFC

mem[X,0x0000000080000224] -> 0x7ABB
mem[X,0x0000000080000226] -> 0xC863
[142] [M]: 0x0000000080000224 (0xC8637ABB) pmhaccsu.h s5, t1, t1
x21 <- 0xFF00D000F3AA7FB7

mem[X,0x0000000080000228] -> 0xB423
mem[X,0x000000008000022A] -> 0x0157
[143] [M]: 0x0000000080000228 (0x0157B423) sd s5, 0x8(a5)
mem[0x0000000080004120] <- 0xFF00D000F3AA7FB7

mem[X,0x000000008000022C] -> 0x0137
mem[X,0x000000008000022E] -> 0xFFF6
[144] [M]: 0x000000008000022C (0xFFF60137) lui sp, -0xa0
x2 <- 0xFFFFFFFFFFF60000

mem[X,0x0000000080000230] -> 0x0113
mem[X,0x0000000080000232] -> 0x0041
[145] [M]: 0x0000000080000230 (0x00410113) addi sp, sp, 0x4
x2 <- 0xFFFFFFFFFFF60004

mem[X,0x0000000080000234] -> 0x1113
mem[X,0x0000000080000236] -> 0x00B1
[146] [M]: 0x0000000080000234 (0x00B11113) slli sp, sp, 0xb
x2 <- 0xFFFFFFFFB0002000

mem[X,0x0000000080000238] -> 0x0113
mem[X,0x000000008000023A] -> 0x5551
[147] [M]: 0x0000000080000238 (0x55510113) addi sp, sp, 0x555
x2 <- 0xFFFFFFFFB0002555

mem[X,0x000000008000023C] -> 0x1113
mem[X,0x000000008000023E] -> 0x00B1
[148] [M]: 0x000000008000023C (0x00B11113) slli sp, sp, 0xb
x2 <- 0xFFFFFD80012AA800

mem[X,0x0000000080000240] -> 0x0113
mem[X,0x0000000080000242] -> 0x2801
[149] [M]: 0x0000000080000240 (0x28010113) addi sp, sp, 0x280
x2 <- 0xFFFFFD80012AAA80

mem[X,0x0000000080000244] -> 0x1113
mem[X,0x0000000080000246] -> 0x00A1
[150] [M]: 0x0000000080000244 (0x00A11113) slli sp, sp, 0xa
x2 <- 0xFFF60004AAAA0000

mem[X,0x0000000080000248] -> 0x2137
mem[X,0x000000008000024A] -> 0x0008
[151] [M]: 0x0000000080000248 (0x00082137) lui sp, 0x82
x2 <- 0x0000000000082000

mem[X,0x000000008000024C] -> 0x0113
mem[X,0x000000008000024E] -> 0x0001
[152] [M]: 0x000000008000024C (0x00010113) addi sp, sp, 0x0
x2 <- 0x0000000000082000

mem[X,0x0000000080000250] -> 0x1113
mem[X,0x0000000080000252] -> 0x00B1
[153] [M]: 0x0000000080000250 (0x00B11113) slli sp, sp, 0xb
x2 <- 0x0000000041000000

mem[X,0x0000000080000254] -> 0x0113
mem[X,0x0000000080000256] -> 0x0801
[154] [M]: 0x0000000080000254 (0x08010113) addi sp, sp, 0x80
x2 <- 0x0000000041000080

mem[X,0x0000000080000258] -> 0x1113
mem[X,0x000000008000025A] -> 0x00B1
[155] [M]: 0x0000000080000258 (0x00B11113) slli sp, sp, 0xb
x2 <- 0x0000020800040000

mem[X,0x000000008000025C] -> 0x0113
mem[X,0x000000008000025E] -> 0x0001
[156] [M]: 0x000000008000025C (0x00010113) addi sp, sp, 0x0
x2 <- 0x0000020800040000

mem[X,0x0000000080000260] -> 0x1113
mem[X,0x0000000080000262] -> 0x00A1
[157] [M]: 0x0000000080000260 (0x00A11113) slli sp, sp, 0xa
x2 <- 0x0008200010000000

mem[X,0x0000000080000264] -> 0x0113
mem[X,0x0000000080000266] -> 0x0061
[158] [M]: 0x0000000080000264 (0x00610113) addi sp, sp, 0x6
x2 <- 0x0008200010000006

mem[X,0x0000000080000268] -> 0x713B
mem[X,0x000000008000026A] -> 0xC821
[159] [M]: 0x0000000080000268 (0xC821713B) pmhaccsu.h sp, sp, sp
x2 <- 0x0008240011000006

mem[X,0x000000008000026C] -> 0xB823
mem[X,0x000000008000026E] -> 0x0027
[160] [M]: 0x000000008000026C (0x0027B823) sd sp, 0x10(a5)
mem[0x0000000080004128] <- 0x0008240011000006

mem[X,0x0000000080000270] -> 0xFE37
mem[X,0x0000000080000272] -> 0x0100
[161] [M]: 0x0000000080000270 (0x0100FE37) lui t3, 0x100f
x28 <- 0x000000000100F000

mem[X,0x0000000080000274] -> 0x0E13
mem[X,0x0000000080000276] -> 0xFFFE
[162] [M]: 0x0000000080000274 (0xFFFE0E13) addi t3, t3, -0x1
x28 <- 0x000000000100EFFF

mem[X,0x0000000080000278] -> 0x1E13
mem[X,0x000000008000027A] -> 0x00BE
[163] [M]: 0x0000000080000278 (0x00BE1E13) slli t3, t3, 0xb
x28 <- 0x00000008077FF800

mem[X,0x000000008000027C] -> 0x0E13
mem[X,0x000000008000027E] -> 0x040E
[164] [M]: 0x000000008000027C (0x040E0E13) addi t3, t3, 0x40
x28 <- 0x00000008077FF840

mem[X,0x0000000080000280] -> 0x1E13
mem[X,0x0000000080000282] -> 0x00BE
[165] [M]: 0x0000000080000280 (0x00BE1E13) slli t3, t3, 0xb
x28 <- 0x0000403BFFC20000

mem[X,0x0000000080000284] -> 0x0E13
mem[X,0x0000000080000286] -> 0x000E
[166] [M]: 0x0000000080000284 (0x000E0E13) addi t3, t3, 0x0
x28 <- 0x0000403BFFC20000

mem[X,0x0000000080000288] -> 0x1E13
mem[X,0x000000008000028A] -> 0x00AE
[167] [M]: 0x0000000080000288 (0x00AE1E13) slli t3, t3, 0xa
x28 <- 0x0100EFFF08000000

mem[X,0x000000008000028C] -> 0x0E13
mem[X,0x000000008000028E] -> 0x001E
[168] [M]: 0x000000008000028C (0x001E0E13) addi t3, t3, 0x1
x28 <- 0x0100EFFF08000001

mem[X,0x0000000080000290] -> 0x0537
mem[X,0x0000000080000292] -> 0x8000
[169] [M]: 0x0000000080000290 (0x80000537) lui a0, -0x80000
x10 <- 0xFFFFFFFF80000000

mem[X,0x0000000080000294] -> 0x0513
mem[X,0x0000000080000296] -> 0x0055
[170] [M]: 0x0000000080000294 (0x00550513) addi a0, a0, 0x5
x10 <- 0xFFFFFFFF80000005

mem[X,0x0000000080000298] -> 0x1513
mem[X,0x000000008000029A] -> 0x00B5
[171] [M]: 0x0000000080000298 (0x00B51513) slli a0, a0, 0xb
x10 <- 0xFFFFFC0000002800

mem[X,0x000000008000029C] -> 0x0513
mem[X,0x000000008000029E] -> 0x0205
[172] [M]: 0x000000008000029C (0x02050513) addi a0, a0, 0x20
x10 <- 0xFFFFFC0000002820

mem[X,0x00000000800002A0] -> 0x1513
mem[X,0x00000000800002A2] -> 0x00B5
[173] [M]: 0x00000000800002A0 (0x00B51513) slli a0, a0, 0xb
x10 <- 0xFFE0000001410000

mem[X,0x00000000800002A4] -> 0x0513
mem[X,0x00000000800002A6] -> 0x03F5
[174] [M]: 0x00000000800002A4 (0x03F50513) addi a0, a0, 0x3f
x10 <- 0xFFE000000141003F

mem[X,0x00000000800002A8] -> 0x1513
mem[X,0x00000000800002AA] -> 0x00A5
[175] [M]: 0x00000000800002A8 (0x00A51513) slli a0, a0, 0xa
x10 <- 0x800000050400FC00

mem[X,0x00000000800002AC] -> 0x0513
mem[X,0x00000000800002AE] -> 0x3FE5
[176] [M]: 0x00000000800002AC (0x3FE50513) addi a0, a0, 0x3fe
x10 <- 0x800000050400FFFE

mem[X,0x00000000800002B0] -> 0x7E3B
mem[X,0x00000000800002B2] -> 0xC8AE
[177] [M]: 0x00000000800002B0 (0xC8AE7E3B) pmhaccsu.h t3, t3, a0
x28 <- 0x0180EFFE08200001

mem[X,0x00000000800002B4] -> 0xBC23
mem[X,0x00000000800002B6] -> 0x01C7
[178] [M]: 0x00000000800002B4 (0x01C7BC23) sd t3, 0x18(a5)
mem[0x0000000080004130] <- 0x0180EFFE08200001

mem[X,0x00000000800002B8] -> 0x0A37
mem[X,0x00000000800002BA] -> 0x0009
[179] [M]: 0x00000000800002B8 (0x00090A37) lui s4, 0x90
x20 <- 0x0000000000090000

mem[X,0x00000000800002BC] -> 0x0A13
mem[X,0x00000000800002BE] -> 0x001A
[180] [M]: 0x00000000800002BC (0x001A0A13) addi s4, s4, 0x1
x20 <- 0x0000000000090001

mem[X,0x00000000800002C0] -> 0x1A13
mem[X,0x00000000800002C2] -> 0x00BA
[181] [M]: 0x00000000800002C0 (0x00BA1A13) slli s4, s4, 0xb
x20 <- 0x0000000048000800

mem[X,0x00000000800002C4] -> 0x0A13
mem[X,0x00000000800002C6] -> 0x7EFA
[182] [M]: 0x00000000800002C4 (0x7EFA0A13) addi s4, s4, 0x7ef
x20 <- 0x0000000048000FEF

mem[X,0x00000000800002C8] -> 0x1A13
mem[X,0x00000000800002CA] -> 0x00BA
[183] [M]: 0x00000000800002C8 (0x00BA1A13) slli s4, s4, 0xb
x20 <- 0x00000240007F7800

mem[X,0x00000000800002CC] -> 0x0A13
mem[X,0x00000000800002CE] -> 0x7DFA
[184] [M]: 0x00000000800002CC (0x7DFA0A13) addi s4, s4, 0x7df
x20 <- 0x00000240007F7FDF

mem[X,0x00000000800002D0] -> 0x1A13
mem[X,0x00000000800002D2] -> 0x00AA
[185] [M]: 0x00000000800002D0 (0x00AA1A13) slli s4, s4, 0xa
x20 <- 0x00090001FDFF7C00

mem[X,0x00000000800002D4] -> 0x0A13
mem[X,0x00000000800002D6] -> 0x3FFA
[186] [M]: 0x00000000800002D4 (0x3FFA0A13) addi s4, s4, 0x3ff
x20 <- 0x00090001FDFF7FFF

mem[X,0x00000000800002D8] -> 0x0BB7
mem[X,0x00000000800002DA] -> 0xFFDF
[187] [M]: 0x00000000800002D8 (0xFFDF0BB7) lui s7, -0x210
x23 <- 0xFFFFFFFFFFDF0000

mem[X,0x00000000800002DC] -> 0x8B93
mem[X,0x00000000800002DE] -> 0x200B
[188] [M]: 0x00000000800002DC (0x200B8B93) addi s7, s7, 0x200
x23 <- 0xFFFFFFFFFFDF0200

mem[X,0x00000000800002E0] -> 0x9B93
mem[X,0x00000000800002E2] -> 0x00BB
[189] [M]: 0x00000000800002E0 (0x00BB9B93) slli s7, s7, 0xb
x23 <- 0xFFFFFFFEF8100000

mem[X,0x00000000800002E4] -> 0x8B93
mem[X,0x00000000800002E6] -> 0x000B
[190] [M]: 0x00000000800002E4 (0x000B8B93) addi s7, s7, 0x0
x23 <- 0xFFFFFFFEF8100000

mem[X,0x00000000800002E8] -> 0x9B93
mem[X,0x00000000800002EA] -> 0x00BB
[191] [M]: 0x00000000800002E8 (0x00BB9B93) slli s7, s7, 0xb
x23 <- 0xFFFFF7C080000000

mem[X,0x00000000800002EC] -> 0x8B93
mem[X,0x00000000800002EE] -> 0x1BFB
[192] [M]: 0x00000000800002EC (0x1BFB8B93) addi s7, s7, 0x1bf
x23 <- 0xFFFFF7C0800001BF

mem[X,0x00000000800002F0] -> 0x9B93
mem[X,0x00000000800002F2] -> 0x00AB
[193] [M]: 0x00000000800002F0 (0x00AB9B93) slli s7, s7, 0xa
x23 <- 0xFFDF02000006FC00

mem[X,0x00000000800002F4] -> 0x8B93
mem[X,0x00000000800002F6] -> 0x3FFB
[194] [M]: 0x00000000800002F4 (0x3FFB8B93) addi s7, s7, 0x3ff
x23 <- 0xFFDF02000006FFFF

mem[X,0x00000000800002F8] -> 0x72BB
mem[X,0x00000000800002FA] -> 0xC97A
[195] [M]: 0x00000000800002F8 (0xC97A72BB) pmhaccsu.h t0, s4, s7
x5 <- 0x0008000FEEDA6ADD

mem[X,0x00000000800002FC] -> 0xB023
mem[X,0x00000000800002FE] -> 0x0257
[196] [M]: 0x00000000800002FC (0x0257B023) sd t0, 0x20(a5)
mem[0x0000000080004138] <- 0x0008000FEEDA6ADD

mem[X,0x0000000080000300] -> 0x0BB7
mem[X,0x0000000080000302] -> 0xFC00
[197] [M]: 0x0000000080000300 (0xFC000BB7) lui s7, -0x4000
x23 <- 0xFFFFFFFFFC000000

mem[X,0x0000000080000304] -> 0x8B93
mem[X,0x0000000080000306] -> 0xFFCB
[198] [M]: 0x0000000080000304 (0xFFCB8B93) addi s7, s7, -0x4
x23 <- 0xFFFFFFFFFBFFFFFC

mem[X,0x0000000080000308] -> 0x9B93
mem[X,0x000000008000030A] -> 0x00BB
[199] [M]: 0x0000000080000308 (0x00BB9B93) slli s7, s7, 0xb
x23 <- 0xFFFFFFDFFFFFE000

clint::tick mtime <- 0x0000000000000002
 clint timer pending at mtime 0x0000000000000002
htif::tick 0x0000000000000000
mem[X,0x000000008000030C] -> 0x8B93
mem[X,0x000000008000030E] -> 0x000B
[200] [M]: 0x000000008000030C (0x000B8B93) addi s7, s7, 0x0
x23 <- 0xFFFFFFDFFFFFE000

mem[X,0x0000000080000310] -> 0x9B93
mem[X,0x0000000080000312] -> 0x00BB
[201] [M]: 0x0000000080000310 (0x00BB9B93) slli s7, s7, 0xb
x23 <- 0xFFFEFFFFFF000000

mem[X,0x0000000080000314] -> 0x8B93
mem[X,0x0000000080000316] -> 0x080B
[202] [M]: 0x0000000080000314 (0x080B8B93) addi s7, s7, 0x80
x23 <- 0xFFFEFFFFFF000080

mem[X,0x0000000080000318] -> 0x9B93
mem[X,0x000000008000031A] -> 0x00AB
[203] [M]: 0x0000000080000318 (0x00AB9B93) slli s7, s7, 0xa
x23 <- 0xFBFFFFFC00020000

mem[X,0x000000008000031C] -> 0x8B93
mem[X,0x000000008000031E] -> 0x002B
[204] [M]: 0x000000008000031C (0x002B8B93) addi s7, s7, 0x2
x23 <- 0xFBFFFFFC00020002

mem[X,0x0000000080000320] -> 0x0737
mem[X,0x0000000080000322] -> 0xFFFD
[205] [M]: 0x0000000080000320 (0xFFFD0737) lui a4, -0x30
x14 <- 0xFFFFFFFFFFFD0000

mem[X,0x0000000080000324] -> 0x0713
mem[X,0x0000000080000326] -> 0xF7F7
[206] [M]: 0x0000000080000324 (0xF7F70713) addi a4, a4, -0x81
x14 <- 0xFFFFFFFFFFFCFF7F

mem[X,0x0000000080000328] -> 0x1713
mem[X,0x000000008000032A] -> 0x00B7
[207] [M]: 0x0000000080000328 (0x00B71713) slli a4, a4, 0xb
x14 <- 0xFFFFFFFFE7FBF800

mem[X,0x000000008000032C] -> 0x0713
mem[X,0x000000008000032E] -> 0x7FF7
[208] [M]: 0x000000008000032C (0x7FF70713) addi a4, a4, 0x7ff
x14 <- 0xFFFFFFFFE7FBFFFF

mem[X,0x0000000080000330] -> 0x1713
mem[X,0x0000000080000332] -> 0x00B7
[209] [M]: 0x0000000080000330 (0x00B71713) slli a4, a4, 0xb
x14 <- 0xFFFFFF3FDFFFF800

mem[X,0x0000000080000334] -> 0x0713
mem[X,0x0000000080000336] -> 0x7807
[210] [M]: 0x0000000080000334 (0x78070713) addi a4, a4, 0x780
x14 <- 0xFFFFFF3FDFFFFF80

mem[X,0x0000000080000338] -> 0x1713
mem[X,0x000000008000033A] -> 0x00A7
[211] [M]: 0x0000000080000338 (0x00A71713) slli a4, a4, 0xa
x14 <- 0xFFFCFF7FFFFE0000

mem[X,0x000000008000033C] -> 0x0713
mem[X,0x000000008000033E] -> 0x0107
[212] [M]: 0x000000008000033C (0x01070713) addi a4, a4, 0x10
x14 <- 0xFFFCFF7FFFFE0010

mem[X,0x0000000080000340] -> 0xFEBB
mem[X,0x0000000080000342] -> 0xC8EB
[213] [M]: 0x0000000080000340 (0xC8EBFEBB) pmhaccsu.h t4, s7, a4
x29 <- 0xFBFFFFFC00010000

mem[X,0x0000000080000344] -> 0xB423
mem[X,0x0000000080000346] -> 0x03D7
[214] [M]: 0x0000000080000344 (0x03D7B423) sd t4, 0x28(a5)
mem[0x0000000080004140] <- 0xFBFFFFFC00010000

mem[X,0x0000000080000348] -> 0xE0B7
mem[X,0x000000008000034A] -> 0x0001
[215] [M]: 0x0000000080000348 (0x0001E0B7) lui ra, 0x1e
x1 <- 0x000000000001E000

mem[X,0x000000008000034C] -> 0x8093
mem[X,0x000000008000034E] -> 0xFFF0
[216] [M]: 0x000000008000034C (0xFFF08093) addi ra, ra, -0x1
x1 <- 0x000000000001DFFF

mem[X,0x0000000080000350] -> 0x9093
mem[X,0x0000000080000352] -> 0x00B0
[217] [M]: 0x0000000080000350 (0x00B09093) slli ra, ra, 0xb
x1 <- 0x000000000EFFF800

mem[X,0x0000000080000354] -> 0x8093
mem[X,0x0000000080000356] -> 0x7FF0
[218] [M]: 0x0000000080000354 (0x7FF08093) addi ra, ra, 0x7ff
x1 <- 0x000000000EFFFFFF

mem[X,0x0000000080000358] -> 0x9093
mem[X,0x000000008000035A] -> 0x00B0
[219] [M]: 0x0000000080000358 (0x00B09093) slli ra, ra, 0xb
x1 <- 0x00000077FFFFF800

mem[X,0x000000008000035C] -> 0x8093
mem[X,0x000000008000035E] -> 0x7800
[220] [M]: 0x000000008000035C (0x78008093) addi ra, ra, 0x780
x1 <- 0x00000077FFFFFF80

mem[X,0x0000000080000360] -> 0x9093
mem[X,0x0000000080000362] -> 0x00A0
[221] [M]: 0x0000000080000360 (0x00A09093) slli ra, ra, 0xa
x1 <- 0x0001DFFFFFFE0000

mem[X,0x0000000080000364] -> 0x8093
mem[X,0x0000000080000366] -> 0x0040
[222] [M]: 0x0000000080000364 (0x00408093) addi ra, ra, 0x4
x1 <- 0x0001DFFFFFFE0004

mem[X,0x0000000080000368] -> 0x0037
mem[X,0x000000008000036A] -> 0x0021
[223] [M]: 0x0000000080000368 (0x00210037) lui zero, 0x210

mem[X,0x000000008000036C] -> 0x0013
mem[X,0x000000008000036E] -> 0xFF60
[224] [M]: 0x000000008000036C (0xFF600013) addi zero, zero, -0xa

mem[X,0x0000000080000370] -> 0x1013
mem[X,0x0000000080000372] -> 0x00B0
[225] [M]: 0x0000000080000370 (0x00B01013) slli zero, zero, 0xb

mem[X,0x0000000080000374] -> 0x0013
mem[X,0x0000000080000376] -> 0x7F70
[226] [M]: 0x0000000080000374 (0x7F700013) addi zero, zero, 0x7f7

mem[X,0x0000000080000378] -> 0x1013
mem[X,0x000000008000037A] -> 0x00B0
[227] [M]: 0x0000000080000378 (0x00B01013) slli zero, zero, 0xb

mem[X,0x000000008000037C] -> 0x0013
mem[X,0x000000008000037E] -> 0x7FF0
[228] [M]: 0x000000008000037C (0x7FF00013) addi zero, zero, 0x7ff

mem[X,0x0000000080000380] -> 0x1013
mem[X,0x0000000080000382] -> 0x00A0
[229] [M]: 0x0000000080000380 (0x00A01013) slli zero, zero, 0xa

mem[X,0x0000000080000384] -> 0x0013
mem[X,0x0000000080000386] -> 0x37F0
[230] [M]: 0x0000000080000384 (0x37F00013) addi zero, zero, 0x37f

mem[X,0x0000000080000388] -> 0xFA3B
mem[X,0x000000008000038A] -> 0xC800
[231] [M]: 0x0000000080000388 (0xC800FA3B) pmhaccsu.h s4, ra, zero
x20 <- 0x00090001FDFF7FFF

mem[X,0x000000008000038C] -> 0xB823
mem[X,0x000000008000038E] -> 0x0347
[232] [M]: 0x000000008000038C (0x0347B823) sd s4, 0x30(a5)
mem[0x0000000080004148] <- 0x00090001FDFF7FFF

mem[X,0x0000000080000390] -> 0x04B7
mem[X,0x0000000080000392] -> 0xFFFF
[233] [M]: 0x0000000080000390 (0xFFFF04B7) lui s1, -0x10
x9 <- 0xFFFFFFFFFFFF0000

mem[X,0x0000000080000394] -> 0x8493
mem[X,0x0000000080000396] -> 0x0074
[234] [M]: 0x0000000080000394 (0x00748493) addi s1, s1, 0x7
x9 <- 0xFFFFFFFFFFFF0007

mem[X,0x0000000080000398] -> 0x9493
mem[X,0x000000008000039A] -> 0x00B4
[235] [M]: 0x0000000080000398 (0x00B49493) slli s1, s1, 0xb
x9 <- 0xFFFFFFFFF8003800

mem[X,0x000000008000039C] -> 0x8493
mem[X,0x000000008000039E] -> 0x5FF4
[236] [M]: 0x000000008000039C (0x5FF48493) addi s1, s1, 0x5ff
x9 <- 0xFFFFFFFFF8003DFF

mem[X,0x00000000800003A0] -> 0x9493
mem[X,0x00000000800003A2] -> 0x00B4
[237] [M]: 0x00000000800003A0 (0x00B49493) slli s1, s1, 0xb
x9 <- 0xFFFFFFC001EFF800

mem[X,0x00000000800003A4] -> 0x8493
mem[X,0x00000000800003A6] -> 0x7C04
[238] [M]: 0x00000000800003A4 (0x7C048493) addi s1, s1, 0x7c0
x9 <- 0xFFFFFFC001EFFFC0

mem[X,0x00000000800003A8] -> 0x9493
mem[X,0x00000000800003AA] -> 0x00A4
[239] [M]: 0x00000000800003A8 (0x00A49493) slli s1, s1, 0xa
x9 <- 0xFFFF0007BFFF0000

mem[X,0x00000000800003AC] -> 0x8493
mem[X,0x00000000800003AE] -> 0x0084
[240] [M]: 0x00000000800003AC (0x00848493) addi s1, s1, 0x8
x9 <- 0xFFFF0007BFFF0008

mem[X,0x00000000800003B0] -> 0x03B7
mem[X,0x00000000800003B2] -> 0xFFF8
[241] [M]: 0x00000000800003B0 (0xFFF803B7) lui t2, -0x80
x7 <- 0xFFFFFFFFFFF80000

mem[X,0x00000000800003B4] -> 0x8393
mem[X,0x00000000800003B6] -> 0xFFF3
[242] [M]: 0x00000000800003B4 (0xFFF38393) addi t2, t2, -0x1
x7 <- 0xFFFFFFFFFFF7FFFF

mem[X,0x00000000800003B8] -> 0x9393
mem[X,0x00000000800003BA] -> 0x00B3
[243] [M]: 0x00000000800003B8 (0x00B39393) slli t2, t2, 0xb
x7 <- 0xFFFFFFFFBFFFF800

mem[X,0x00000000800003BC] -> 0x8393
mem[X,0x00000000800003BE] -> 0x7FF3
[244] [M]: 0x00000000800003BC (0x7FF38393) addi t2, t2, 0x7ff
x7 <- 0xFFFFFFFFBFFFFFFF

mem[X,0x00000000800003C0] -> 0x9393
mem[X,0x00000000800003C2] -> 0x00B3
[245] [M]: 0x00000000800003C0 (0x00B39393) slli t2, t2, 0xb
x7 <- 0xFFFFFDFFFFFFF800

mem[X,0x00000000800003C4] -> 0x8393
mem[X,0x00000000800003C6] -> 0x63F3
[246] [M]: 0x00000000800003C4 (0x63F38393) addi t2, t2, 0x63f
x7 <- 0xFFFFFDFFFFFFFE3F

mem[X,0x00000000800003C8] -> 0x9393
mem[X,0x00000000800003CA] -> 0x00A3
[247] [M]: 0x00000000800003C8 (0x00A39393) slli t2, t2, 0xa
x7 <- 0xFFF7FFFFFFF8FC00

mem[X,0x00000000800003CC] -> 0x8393
mem[X,0x00000000800003CE] -> 0x3FE3
[248] [M]: 0x00000000800003CC (0x3FE38393) addi t2, t2, 0x3fe
x7 <- 0xFFF7FFFFFFF8FFFE

mem[X,0x00000000800003D0] -> 0xF0BB
mem[X,0x00000000800003D2] -> 0xC874
[249] [M]: 0x00000000800003D0 (0xC874F0BB) pmhaccsu.h ra, s1, t2
x1 <- 0x0000E005BFFF000B

mem[X,0x00000000800003D4] -> 0xBC23
mem[X,0x00000000800003D6] -> 0x0217
[250] [M]: 0x00000000800003D4 (0x0217BC23) sd ra, 0x38(a5)
mem[0x0000000080004150] <- 0x0000E005BFFF000B

mem[X,0x00000000800003D8] -> 0x06B7
mem[X,0x00000000800003DA] -> 0x0003
[251] [M]: 0x00000000800003D8 (0x000306B7) lui a3, 0x30
x13 <- 0x0000000000030000

mem[X,0x00000000800003DC] -> 0x8693
mem[X,0x00000000800003DE] -> 0x0026
[252] [M]: 0x00000000800003DC (0x00268693) addi a3, a3, 0x2
x13 <- 0x0000000000030002

mem[X,0x00000000800003E0] -> 0x9693
mem[X,0x00000000800003E2] -> 0x00B6
[253] [M]: 0x00000000800003E0 (0x00B69693) slli a3, a3, 0xb
x13 <- 0x0000000018001000

mem[X,0x00000000800003E4] -> 0x8693
mem[X,0x00000000800003E6] -> 0x7FF6
[254] [M]: 0x00000000800003E4 (0x7FF68693) addi a3, a3, 0x7ff
x13 <- 0x00000000180017FF

mem[X,0x00000000800003E8] -> 0x9693
mem[X,0x00000000800003EA] -> 0x00B6
[255] [M]: 0x00000000800003E8 (0x00B69693) slli a3, a3, 0xb
x13 <- 0x000000C000BFF800

mem[X,0x00000000800003EC] -> 0x8693
mem[X,0x00000000800003EE] -> 0x7006
[256] [M]: 0x00000000800003EC (0x70068693) addi a3, a3, 0x700
x13 <- 0x000000C000BFFF00

mem[X,0x00000000800003F0] -> 0x9693
mem[X,0x00000000800003F2] -> 0x00A6
[257] [M]: 0x00000000800003F0 (0x00A69693) slli a3, a3, 0xa
x13 <- 0x00030002FFFC0000

mem[X,0x00000000800003F4] -> 0x8693
mem[X,0x00000000800003F6] -> 0x0106
[258] [M]: 0x00000000800003F4 (0x01068693) addi a3, a3, 0x10
x13 <- 0x00030002FFFC0010

mem[X,0x00000000800003F8] -> 0x0B37
mem[X,0x00000000800003FA] -> 0x0200
[259] [M]: 0x00000000800003F8 (0x02000B37) lui s6, 0x2000
x22 <- 0x0000000002000000

mem[X,0x00000000800003FC] -> 0x0B13
mem[X,0x00000000800003FE] -> 0x005B
[260] [M]: 0x00000000800003FC (0x005B0B13) addi s6, s6, 0x5
x22 <- 0x0000000002000005

mem[X,0x0000000080000400] -> 0x1B13
mem[X,0x0000000080000402] -> 0x00BB
[261] [M]: 0x0000000080000400 (0x00BB1B13) slli s6, s6, 0xb
x22 <- 0x0000001000002800

mem[X,0x0000000080000404] -> 0x0B13
mem[X,0x0000000080000406] -> 0x008B
[262] [M]: 0x0000000080000404 (0x008B0B13) addi s6, s6, 0x8
x22 <- 0x0000001000002808

mem[X,0x0000000080000408] -> 0x1B13
mem[X,0x000000008000040A] -> 0x00BB
[263] [M]: 0x0000000080000408 (0x00BB1B13) slli s6, s6, 0xb
x22 <- 0x0000800001404000

mem[X,0x000000008000040C] -> 0x0B13
mem[X,0x000000008000040E] -> 0x000B
[264] [M]: 0x000000008000040C (0x000B0B13) addi s6, s6, 0x0
x22 <- 0x0000800001404000

mem[X,0x0000000080000410] -> 0x1B13
mem[X,0x0000000080000412] -> 0x00AB
[265] [M]: 0x0000000080000410 (0x00AB1B13) slli s6, s6, 0xa
x22 <- 0x0200000501000000

mem[X,0x0000000080000414] -> 0xF33B
mem[X,0x0000000080000416] -> 0xC966
[266] [M]: 0x0000000080000414 (0xC966F33B) pmhaccsu.h t1, a3, s6
x6 <- 0xFEFFC000DFFEFFFC

mem[X,0x0000000080000418] -> 0xB023
mem[X,0x000000008000041A] -> 0x0467
[267] [M]: 0x0000000080000418 (0x0467B023) sd t1, 0x40(a5)
mem[0x0000000080004158] <- 0xFEFFC000DFFEFFFC

mem[X,0x000000008000041C] -> 0x5837
mem[X,0x000000008000041E] -> 0x0200
[268] [M]: 0x000000008000041C (0x02005837) lui a6, 0x2005
x16 <- 0x0000000002005000

mem[X,0x0000000080000420] -> 0x0813
mem[X,0x0000000080000422] -> 0x5558
[269] [M]: 0x0000000080000420 (0x55580813) addi a6, a6, 0x555
x16 <- 0x0000000002005555

mem[X,0x0000000080000424] -> 0x1813
mem[X,0x0000000080000426] -> 0x00B8
[270] [M]: 0x0000000080000424 (0x00B81813) slli a6, a6, 0xb
x16 <- 0x0000001002AAA800

mem[X,0x0000000080000428] -> 0x0813
mem[X,0x000000008000042A] -> 0x0808
[271] [M]: 0x0000000080000428 (0x08080813) addi a6, a6, 0x80
x16 <- 0x0000001002AAA880

mem[X,0x000000008000042C] -> 0x1813
mem[X,0x000000008000042E] -> 0x00B8
[272] [M]: 0x000000008000042C (0x00B81813) slli a6, a6, 0xb
x16 <- 0x0000801555440000

mem[X,0x0000000080000430] -> 0x0813
mem[X,0x0000000080000432] -> 0x0008
[273] [M]: 0x0000000080000430 (0x00080813) addi a6, a6, 0x0
x16 <- 0x0000801555440000

mem[X,0x0000000080000434] -> 0x1813
mem[X,0x0000000080000436] -> 0x00A8
[274] [M]: 0x0000000080000434 (0x00A81813) slli a6, a6, 0xa
x16 <- 0x0200555510000000

mem[X,0x0000000080000438] -> 0x0813
mem[X,0x000000008000043A] -> 0x0208
[275] [M]: 0x0000000080000438 (0x02080813) addi a6, a6, 0x20
x16 <- 0x0200555510000020

mem[X,0x000000008000043C] -> 0x0437
mem[X,0x000000008000043E] -> 0xFFFB
[276] [M]: 0x000000008000043C (0xFFFB0437) lui fp, -0x50
x8 <- 0xFFFFFFFFFFFB0000

mem[X,0x0000000080000440] -> 0x0413
mem[X,0x0000000080000442] -> 0x0074
[277] [M]: 0x0000000080000440 (0x00740413) addi fp, fp, 0x7
x8 <- 0xFFFFFFFFFFFB0007

mem[X,0x0000000080000444] -> 0x1413
mem[X,0x0000000080000446] -> 0x00B4
[278] [M]: 0x0000000080000444 (0x00B41413) slli fp, fp, 0xb
x8 <- 0xFFFFFFFFD8003800

mem[X,0x0000000080000448] -> 0x0413
mem[X,0x000000008000044A] -> 0x6FF4
[279] [M]: 0x0000000080000448 (0x6FF40413) addi fp, fp, 0x6ff
x8 <- 0xFFFFFFFFD8003EFF

mem[X,0x000000008000044C] -> 0x1413
mem[X,0x000000008000044E] -> 0x00B4
[280] [M]: 0x000000008000044C (0x00B41413) slli fp, fp, 0xb
x8 <- 0xFFFFFEC001F7F800

mem[X,0x0000000080000450] -> 0x0413
mem[X,0x0000000080000452] -> 0x7C24
[281] [M]: 0x0000000080000450 (0x7C240413) addi fp, fp, 0x7c2
x8 <- 0xFFFFFEC001F7FFC2

mem[X,0x0000000080000454] -> 0x1413
mem[X,0x0000000080000456] -> 0x00A4
[282] [M]: 0x0000000080000454 (0x00A41413) slli fp, fp, 0xa
x8 <- 0xFFFB0007DFFF0800

mem[X,0x0000000080000458] -> 0x763B
mem[X,0x000000008000045A] -> 0xC888
[283] [M]: 0x0000000080000458 (0xC888763B) pmhaccsu.h a2, a6, fp
x12 <- 0x01FF00020DFF0001

mem[X,0x000000008000045C] -> 0xB423
mem[X,0x000000008000045E] -> 0x04C7
[284] [M]: 0x000000008000045C (0x04C7B423) sd a2, 0x48(a5)
mem[0x0000000080004160] <- 0x01FF00020DFF0001

mem[X,0x0000000080000460] -> 0x0937
mem[X,0x0000000080000462] -> 0x0041
[285] [M]: 0x0000000080000460 (0x00410937) lui s2, 0x410
x18 <- 0x0000000000410000

mem[X,0x0000000080000464] -> 0x0913
mem[X,0x0000000080000466] -> 0xDFF9
[286] [M]: 0x0000000080000464 (0xDFF90913) addi s2, s2, -0x201
x18 <- 0x000000000040FDFF

mem[X,0x0000000080000468] -> 0x1913
mem[X,0x000000008000046A] -> 0x00B9
[287] [M]: 0x0000000080000468 (0x00B91913) slli s2, s2, 0xb
x18 <- 0x0000000207EFF800

mem[X,0x000000008000046C] -> 0x0913
mem[X,0x000000008000046E] -> 0x0209
[288] [M]: 0x000000008000046C (0x02090913) addi s2, s2, 0x20
x18 <- 0x0000000207EFF820

mem[X,0x0000000080000470] -> 0x1913
mem[X,0x0000000080000472] -> 0x00B9
[289] [M]: 0x0000000080000470 (0x00B91913) slli s2, s2, 0xb
x18 <- 0x0000103F7FC10000

mem[X,0x0000000080000474] -> 0x0913
mem[X,0x0000000080000476] -> 0x0009
[290] [M]: 0x0000000080000474 (0x00090913) addi s2, s2, 0x0
x18 <- 0x0000103F7FC10000

mem[X,0x0000000080000478] -> 0x1913
mem[X,0x000000008000047A] -> 0x00A9
[291] [M]: 0x0000000080000478 (0x00A91913) slli s2, s2, 0xa
x18 <- 0x0040FDFF04000000

mem[X,0x000000008000047C] -> 0x0913
mem[X,0x000000008000047E] -> 0x0409
[292] [M]: 0x000000008000047C (0x04090913) addi s2, s2, 0x40
x18 <- 0x0040FDFF04000040

mem[X,0x0000000080000480] -> 0x00B7
mem[X,0x0000000080000482] -> 0x0001
[293] [M]: 0x0000000080000480 (0x000100B7) lui ra, 0x10
x1 <- 0x0000000000010000

mem[X,0x0000000080000484] -> 0x8093
mem[X,0x0000000080000486] -> 0x0200
[294] [M]: 0x0000000080000484 (0x02008093) addi ra, ra, 0x20
x1 <- 0x0000000000010020

mem[X,0x0000000080000488] -> 0x9093
mem[X,0x000000008000048A] -> 0x00B0
[295] [M]: 0x0000000080000488 (0x00B09093) slli ra, ra, 0xb
x1 <- 0x0000000008010000

mem[X,0x000000008000048C] -> 0x8093
mem[X,0x000000008000048E] -> 0x7FF0
[296] [M]: 0x000000008000048C (0x7FF08093) addi ra, ra, 0x7ff
x1 <- 0x00000000080107FF

mem[X,0x0000000080000490] -> 0x9093
mem[X,0x0000000080000492] -> 0x00B0
[297] [M]: 0x0000000080000490 (0x00B09093) slli ra, ra, 0xb
x1 <- 0x00000040083FF800

mem[X,0x0000000080000494] -> 0x8093
mem[X,0x0000000080000496] -> 0x6000
[298] [M]: 0x0000000080000494 (0x60008093) addi ra, ra, 0x600
x1 <- 0x00000040083FFE00

mem[X,0x0000000080000498] -> 0x9093
mem[X,0x000000008000049A] -> 0x00A0
[299] [M]: 0x0000000080000498 (0x00A09093) slli ra, ra, 0xa
x1 <- 0x00010020FFF80000

clint::tick mtime <- 0x0000000000000003
 clint timer pending at mtime 0x0000000000000003
htif::tick 0x0000000000000000
mem[X,0x000000008000049C] -> 0x7C3B
mem[X,0x000000008000049E] -> 0xC819
[300] [M]: 0x000000008000049C (0xC8197C3B) pmhaccsu.h s8, s2, ra
x24 <- 0x0000FFFF03FF007D

mem[X,0x00000000800004A0] -> 0xB823
mem[X,0x00000000800004A2] -> 0x0587
[301] [M]: 0x00000000800004A0 (0x0587B823) sd s8, 0x50(a5)
mem[0x0000000080004168] <- 0x0000FFFF03FF007D

mem[X,0x00000000800004A4] -> 0x0237
mem[X,0x00000000800004A6] -> 0x0001
[302] [M]: 0x00000000800004A4 (0x00010237) lui tp, 0x10
x4 <- 0x0000000000010000

mem[X,0x00000000800004A8] -> 0x0213
mem[X,0x00000000800004AA] -> 0xFF72
[303] [M]: 0x00000000800004A8 (0xFF720213) addi tp, tp, -0x9
x4 <- 0x000000000000FFF7

mem[X,0x00000000800004AC] -> 0x1213
mem[X,0x00000000800004AE] -> 0x00B2
[304] [M]: 0x00000000800004AC (0x00B21213) slli tp, tp, 0xb
x4 <- 0x0000000007FFB800

mem[X,0x00000000800004B0] -> 0x0213
mem[X,0x00000000800004B2] -> 0x0002
[305] [M]: 0x00000000800004B0 (0x00020213) addi tp, tp, 0x0
x4 <- 0x0000000007FFB800

mem[X,0x00000000800004B4] -> 0x1213
mem[X,0x00000000800004B6] -> 0x00B2
[306] [M]: 0x00000000800004B4 (0x00B21213) slli tp, tp, 0xb
x4 <- 0x0000003FFDC00000

mem[X,0x00000000800004B8] -> 0x0213
mem[X,0x00000000800004BA] -> 0x2002
[307] [M]: 0x00000000800004B8 (0x20020213) addi tp, tp, 0x200
x4 <- 0x0000003FFDC00200

mem[X,0x00000000800004BC] -> 0x1213
mem[X,0x00000000800004BE] -> 0x00A2
[308] [M]: 0x00000000800004BC (0x00A21213) slli tp, tp, 0xa
x4 <- 0x0000FFF700080000

mem[X,0x00000000800004C0] -> 0x0213
mem[X,0x00000000800004C2] -> 0x0802
[309] [M]: 0x00000000800004C0 (0x08020213) addi tp, tp, 0x80
x4 <- 0x0000FFF700080080

mem[X,0x00000000800004C4] -> 0x06B7
mem[X,0x00000000800004C6] -> 0xFFBF
[310] [M]: 0x00000000800004C4 (0xFFBF06B7) lui a3, -0x410
x13 <- 0xFFFFFFFFFFBF0000

mem[X,0x00000000800004C8] -> 0x8693
mem[X,0x00000000800004CA] -> 0x0056
[311] [M]: 0x00000000800004C8 (0x00568693) addi a3, a3, 0x5
x13 <- 0xFFFFFFFFFFBF0005

mem[X,0x00000000800004CC] -> 0x9693
mem[X,0x00000000800004CE] -> 0x00B6
[312] [M]: 0x00000000800004CC (0x00B69693) slli a3, a3, 0xb
x13 <- 0xFFFFFFFDF8002800

mem[X,0x00000000800004D0] -> 0x8693
mem[X,0x00000000800004D2] -> 0x7FF6
[313] [M]: 0x00000000800004D0 (0x7FF68693) addi a3, a3, 0x7ff
x13 <- 0xFFFFFFFDF8002FFF

mem[X,0x00000000800004D4] -> 0x9693
mem[X,0x00000000800004D6] -> 0x00B6
[314] [M]: 0x00000000800004D4 (0x00B69693) slli a3, a3, 0xb
x13 <- 0xFFFFEFC0017FF800

mem[X,0x00000000800004D8] -> 0x8693
mem[X,0x00000000800004DA] -> 0x6406
[315] [M]: 0x00000000800004D8 (0x64068693) addi a3, a3, 0x640
x13 <- 0xFFFFEFC0017FFE40

mem[X,0x00000000800004DC] -> 0x9693
mem[X,0x00000000800004DE] -> 0x00A6
[316] [M]: 0x00000000800004DC (0x00A69693) slli a3, a3, 0xa
x13 <- 0xFFBF0005FFF90000

mem[X,0x00000000800004E0] -> 0x8693
mem[X,0x00000000800004E2] -> 0x0096
[317] [M]: 0x00000000800004E0 (0x00968693) addi a3, a3, 0x9
x13 <- 0xFFBF0005FFF90009

mem[X,0x00000000800004E4] -> 0x75BB
mem[X,0x00000000800004E6] -> 0xC8D2
[318] [M]: 0x00000000800004E4 (0xC8D275BB) pmhaccsu.h a1, tp, a3
x11 <- 0x0000FFFF00070000

mem[X,0x00000000800004E8] -> 0xBC23
mem[X,0x00000000800004EA] -> 0x04B7
[319] [M]: 0x00000000800004E8 (0x04B7BC23) sd a1, 0x58(a5)
mem[0x0000000080004170] <- 0x0000FFFF00070000

mem[X,0x00000000800004EC] -> 0x01B7
mem[X,0x00000000800004EE] -> 0xFFDF
[320] [M]: 0x00000000800004EC (0xFFDF01B7) lui gp, -0x210
x3 <- 0xFFFFFFFFFFDF0000

mem[X,0x00000000800004F0] -> 0x8193
mem[X,0x00000000800004F2] -> 0x0001
[321] [M]: 0x00000000800004F0 (0x00018193) addi gp, gp, 0x0
x3 <- 0xFFFFFFFFFFDF0000

mem[X,0x00000000800004F4] -> 0x9193
mem[X,0x00000000800004F6] -> 0x00B1
[322] [M]: 0x00000000800004F4 (0x00B19193) slli gp, gp, 0xb
x3 <- 0xFFFFFFFEF8000000

mem[X,0x00000000800004F8] -> 0x8193
mem[X,0x00000000800004FA] -> 0x7FB1
[323] [M]: 0x00000000800004F8 (0x7FB18193) addi gp, gp, 0x7fb
x3 <- 0xFFFFFFFEF80007FB

mem[X,0x00000000800004FC] -> 0x9193
mem[X,0x00000000800004FE] -> 0x00B1
[324] [M]: 0x00000000800004FC (0x00B19193) slli gp, gp, 0xb
x3 <- 0xFFFFF7C0003FD800

mem[X,0x0000000080000500] -> 0x8193
mem[X,0x0000000080000502] -> 0x7C01
[325] [M]: 0x0000000080000500 (0x7C018193) addi gp, gp, 0x7c0
x3 <- 0xFFFFF7C0003FDFC0

mem[X,0x0000000080000504] -> 0x9193
mem[X,0x0000000080000506] -> 0x00A1
[326] [M]: 0x0000000080000504 (0x00A19193) slli gp, gp, 0xa
x3 <- 0xFFDF0000FF7F0000

mem[X,0x0000000080000508] -> 0x8193
mem[X,0x000000008000050A] -> 0x1001
[327] [M]: 0x0000000080000508 (0x10018193) addi gp, gp, 0x100
x3 <- 0xFFDF0000FF7F0100

mem[X,0x000000008000050C] -> 0x0C37
mem[X,0x000000008000050E] -> 0x0002
[328] [M]: 0x000000008000050C (0x00020C37) lui s8, 0x20
x24 <- 0x0000000000020000

mem[X,0x0000000080000510] -> 0x0C13
mem[X,0x0000000080000512] -> 0x080C
[329] [M]: 0x0000000080000510 (0x080C0C13) addi s8, s8, 0x80
x24 <- 0x0000000000020080

mem[X,0x0000000080000514] -> 0x1C13
mem[X,0x0000000080000516] -> 0x00BC
[330] [M]: 0x0000000080000514 (0x00BC1C13) slli s8, s8, 0xb
x24 <- 0x0000000010040000

mem[X,0x0000000080000518] -> 0x0C13
mem[X,0x000000008000051A] -> 0x6FFC
[331] [M]: 0x0000000080000518 (0x6FFC0C13) addi s8, s8, 0x6ff
x24 <- 0x00000000100406FF

mem[X,0x000000008000051C] -> 0x1C13
mem[X,0x000000008000051E] -> 0x00BC
[332] [M]: 0x000000008000051C (0x00BC1C13) slli s8, s8, 0xb
x24 <- 0x000000802037F800

mem[X,0x0000000080000520] -> 0x0C13
mem[X,0x0000000080000522] -> 0x7FBC
[333] [M]: 0x0000000080000520 (0x7FBC0C13) addi s8, s8, 0x7fb
x24 <- 0x000000802037FFFB

mem[X,0x0000000080000524] -> 0x1C13
mem[X,0x0000000080000526] -> 0x00AC
[334] [M]: 0x0000000080000524 (0x00AC1C13) slli s8, s8, 0xa
x24 <- 0x00020080DFFFEC00

mem[X,0x0000000080000528] -> 0x0C13
mem[X,0x000000008000052A] -> 0x3FFC
[335] [M]: 0x0000000080000528 (0x3FFC0C13) addi s8, s8, 0x3ff
x24 <- 0x00020080DFFFEFFF

mem[X,0x000000008000052C] -> 0xF93B
mem[X,0x000000008000052E] -> 0xC981
[336] [M]: 0x000000008000052C (0xC981F93B) pmhaccsu.h s2, gp, s8
x18 <- 0x003FFDFF038F012F

mem[X,0x0000000080000530] -> 0xB023
mem[X,0x0000000080000532] -> 0x0727
[337] [M]: 0x0000000080000530 (0x0727B023) sd s2, 0x60(a5)
mem[0x0000000080004178] <- 0x003FFDFF038F012F

mem[X,0x0000000080000534] -> 0x0CB7
mem[X,0x0000000080000536] -> 0x0000
[338] [M]: 0x0000000080000534 (0x00000CB7) lui s9, 0x0
x25 <- 0x0000000000000000

mem[X,0x0000000080000538] -> 0x8C93
mem[X,0x000000008000053A] -> 0xEFFC
[339] [M]: 0x0000000080000538 (0xEFFC8C93) addi s9, s9, -0x101
x25 <- 0xFFFFFFFFFFFFFEFF

mem[X,0x000000008000053C] -> 0x9C93
mem[X,0x000000008000053E] -> 0x00BC
[340] [M]: 0x000000008000053C (0x00BC9C93) slli s9, s9, 0xb
x25 <- 0xFFFFFFFFFFF7F800

mem[X,0x0000000080000540] -> 0x8C93
mem[X,0x0000000080000542] -> 0x7FEC
[341] [M]: 0x0000000080000540 (0x7FEC8C93) addi s9, s9, 0x7fe
x25 <- 0xFFFFFFFFFFF7FFFE

mem[X,0x0000000080000544] -> 0x9C93
mem[X,0x0000000080000546] -> 0x00BC
[342] [M]: 0x0000000080000544 (0x00BC9C93) slli s9, s9, 0xb
x25 <- 0xFFFFFFFFBFFFF000

mem[X,0x0000000080000548] -> 0x8C93
mem[X,0x000000008000054A] -> 0x7C0C
[343] [M]: 0x0000000080000548 (0x7C0C8C93) addi s9, s9, 0x7c0
x25 <- 0xFFFFFFFFBFFFF7C0

mem[X,0x000000008000054C] -> 0x9C93
mem[X,0x000000008000054E] -> 0x00AC
[344] [M]: 0x000000008000054C (0x00AC9C93) slli s9, s9, 0xa
x25 <- 0xFFFFFEFFFFDF0000

mem[X,0x0000000080000550] -> 0x8C93
mem[X,0x0000000080000552] -> 0x200C
[345] [M]: 0x0000000080000550 (0x200C8C93) addi s9, s9, 0x200
x25 <- 0xFFFFFEFFFFDF0200

mem[X,0x0000000080000554] -> 0x12B7
mem[X,0x0000000080000556] -> 0xBFFF
[346] [M]: 0x0000000080000554 (0xBFFF12B7) lui t0, -0x4000f
x5 <- 0xFFFFFFFFBFFF1000

mem[X,0x0000000080000558] -> 0x8293
mem[X,0x000000008000055A] -> 0x8002
[347] [M]: 0x0000000080000558 (0x80028293) addi t0, t0, -0x800
x5 <- 0xFFFFFFFFBFFF0800

mem[X,0x000000008000055C] -> 0x9293
mem[X,0x000000008000055E] -> 0x00B2
[348] [M]: 0x000000008000055C (0x00B29293) slli t0, t0, 0xb
x5 <- 0xFFFFFDFFF8400000

mem[X,0x0000000080000560] -> 0x8293
mem[X,0x0000000080000562] -> 0x7FB2
[349] [M]: 0x0000000080000560 (0x7FB28293) addi t0, t0, 0x7fb
x5 <- 0xFFFFFDFFF84007FB

mem[X,0x0000000080000564] -> 0x9293
mem[X,0x0000000080000566] -> 0x00B2
[350] [M]: 0x0000000080000564 (0x00B29293) slli t0, t0, 0xb
x5 <- 0xFFEFFFC2003FD800

mem[X,0x0000000080000568] -> 0x8293
mem[X,0x000000008000056A] -> 0x7DF2
[351] [M]: 0x0000000080000568 (0x7DF28293) addi t0, t0, 0x7df
x5 <- 0xFFEFFFC2003FDFDF

mem[X,0x000000008000056C] -> 0x9293
mem[X,0x000000008000056E] -> 0x00A2
[352] [M]: 0x000000008000056C (0x00A29293) slli t0, t0, 0xa
x5 <- 0xBFFF0800FF7F7C00

mem[X,0x0000000080000570] -> 0x8293
mem[X,0x0000000080000572] -> 0x3FF2
[353] [M]: 0x0000000080000570 (0x3FF28293) addi t0, t0, 0x3ff
x5 <- 0xBFFF0800FF7F7FFF

mem[X,0x0000000080000574] -> 0xFDBB
mem[X,0x0000000080000576] -> 0xC85C
[354] [M]: 0x0000000080000574 (0xC85CFDBB) pmhaccsu.h s11, s9, t0
x27 <- 0xFFFFFFF7FFDF00FF

mem[X,0x0000000080000578] -> 0xB423
mem[X,0x000000008000057A] -> 0x07B7
[355] [M]: 0x0000000080000578 (0x07B7B423) sd s11, 0x68(a5)
mem[0x0000000080004180] <- 0xFFFFFFF7FFDF00FF

mem[X,0x000000008000057C] -> 0x0013
mem[X,0x000000008000057E] -> 0x0000
[356] [M]: 0x000000008000057C (0x00000013) addi zero, zero, 0x0

mem[X,0x0000000080000580] -> 0x4097
mem[X,0x0000000080000582] -> 0x0000
[357] [M]: 0x0000000080000580 (0x00004097) auipc ra, 0x4
x1 <- 0x0000000080004580

mem[X,0x0000000080000584] -> 0x8093
mem[X,0x0000000080000586] -> 0xC080
[358] [M]: 0x0000000080000584 (0xC0808093) addi ra, ra, -0x3f8
x1 <- 0x0000000080004188

mem[X,0x0000000080000588] -> 0x0013
mem[X,0x000000008000058A] -> 0x0000
[359] [M]: 0x0000000080000588 (0x00000013) addi zero, zero, 0x0

mem[X,0x000000008000058C] -> 0x0013
mem[X,0x000000008000058E] -> 0x0000
[360] [M]: 0x000000008000058C (0x00000013) addi zero, zero, 0x0

mem[X,0x0000000080000590] -> 0x0013
mem[X,0x0000000080000592] -> 0x0000
[361] [M]: 0x0000000080000590 (0x00000013) addi zero, zero, 0x0

mem[X,0x0000000080000594] -> 0x0013
mem[X,0x0000000080000596] -> 0x0000
[362] [M]: 0x0000000080000594 (0x00000013) addi zero, zero, 0x0

mem[X,0x0000000080000598] -> 0x0013
mem[X,0x000000008000059A] -> 0x0000
[363] [M]: 0x0000000080000598 (0x00000013) addi zero, zero, 0x0

mem[X,0x000000008000059C] -> 0x0013
mem[X,0x000000008000059E] -> 0x0000
[364] [M]: 0x000000008000059C (0x00000013) addi zero, zero, 0x0

mem[X,0x00000000800005A0] -> 0x0FB7
mem[X,0x00000000800005A2] -> 0x0801
[365] [M]: 0x00000000800005A0 (0x08010FB7) lui t6, 0x8010
x31 <- 0x0000000008010000

mem[X,0x00000000800005A4] -> 0x8F93
mem[X,0x00000000800005A6] -> 0xBFFF
[366] [M]: 0x00000000800005A4 (0xBFFF8F93) addi t6, t6, -0x401
x31 <- 0x000000000800FBFF

mem[X,0x00000000800005A8] -> 0x9F93
mem[X,0x00000000800005AA] -> 0x00BF
[367] [M]: 0x00000000800005A8 (0x00BF9F93) slli t6, t6, 0xb
x31 <- 0x0000004007DFF800

mem[X,0x00000000800005AC] -> 0x8F93
mem[X,0x00000000800005AE] -> 0x000F
[368] [M]: 0x00000000800005AC (0x000F8F93) addi t6, t6, 0x0
x31 <- 0x0000004007DFF800

mem[X,0x00000000800005B0] -> 0x9F93
mem[X,0x00000000800005B2] -> 0x00BF
[369] [M]: 0x00000000800005B0 (0x00BF9F93) slli t6, t6, 0xb
x31 <- 0x0002003EFFC00000

mem[X,0x00000000800005B4] -> 0x8F93
mem[X,0x00000000800005B6] -> 0x0C1F
[370] [M]: 0x00000000800005B4 (0x0C1F8F93) addi t6, t6, 0xc1
x31 <- 0x0002003EFFC000C1

mem[X,0x00000000800005B8] -> 0x9F93
mem[X,0x00000000800005BA] -> 0x00AF
[371] [M]: 0x00000000800005B8 (0x00AF9F93) slli t6, t6, 0xa
x31 <- 0x0800FBFF00030400

mem[X,0x00000000800005BC] -> 0x0837
mem[X,0x00000000800005BE] -> 0x0002
[372] [M]: 0x00000000800005BC (0x00020837) lui a6, 0x20
x16 <- 0x0000000000020000

mem[X,0x00000000800005C0] -> 0x0813
mem[X,0x00000000800005C2] -> 0x0048
[373] [M]: 0x00000000800005C0 (0x00480813) addi a6, a6, 0x4
x16 <- 0x0000000000020004

mem[X,0x00000000800005C4] -> 0x1813
mem[X,0x00000000800005C6] -> 0x00B8
[374] [M]: 0x00000000800005C4 (0x00B81813) slli a6, a6, 0xb
x16 <- 0x0000000010002000

mem[X,0x00000000800005C8] -> 0x0813
mem[X,0x00000000800005CA] -> 0x7FF8
[375] [M]: 0x00000000800005C8 (0x7FF80813) addi a6, a6, 0x7ff
x16 <- 0x00000000100027FF

mem[X,0x00000000800005CC] -> 0x1813
mem[X,0x00000000800005CE] -> 0x00B8
[376] [M]: 0x00000000800005CC (0x00B81813) slli a6, a6, 0xb
x16 <- 0x00000080013FF800

mem[X,0x00000000800005D0] -> 0x0813
mem[X,0x00000000800005D2] -> 0x6408
[377] [M]: 0x00000000800005D0 (0x64080813) addi a6, a6, 0x640
x16 <- 0x00000080013FFE40

mem[X,0x00000000800005D4] -> 0x1813
mem[X,0x00000000800005D6] -> 0x00A8
[378] [M]: 0x00000000800005D4 (0x00A81813) slli a6, a6, 0xa
x16 <- 0x00020004FFF90000

mem[X,0x00000000800005D8] -> 0x0813
mem[X,0x00000000800005DA] -> 0x0048
[379] [M]: 0x00000000800005D8 (0x00480813) addi a6, a6, 0x4
x16 <- 0x00020004FFF90004

mem[X,0x00000000800005DC] -> 0xFBBB
mem[X,0x00000000800005DE] -> 0xC90F
[380] [M]: 0x00000000800005DC (0xC90FFBBB) pmhaccsu.h s7, t6, a6
x23 <- 0xFBFFFFFB00040002

mem[X,0x00000000800005E0] -> 0xB023
mem[X,0x00000000800005E2] -> 0x0170
[381] [M]: 0x00000000800005E0 (0x0170B023) sd s7, 0x0(ra)
mem[0x0000000080004188] <- 0xFBFFFFFB00040002

mem[X,0x00000000800005E4] -> 0x0C37
mem[X,0x00000000800005E6] -> 0x0009
[382] [M]: 0x00000000800005E4 (0x00090C37) lui s8, 0x90
x24 <- 0x0000000000090000

mem[X,0x00000000800005E8] -> 0x0C13
mem[X,0x00000000800005EA] -> 0x200C
[383] [M]: 0x00000000800005E8 (0x200C0C13) addi s8, s8, 0x200
x24 <- 0x0000000000090200

mem[X,0x00000000800005EC] -> 0x1C13
mem[X,0x00000000800005EE] -> 0x00BC
[384] [M]: 0x00000000800005EC (0x00BC1C13) slli s8, s8, 0xb
x24 <- 0x0000000048100000

mem[X,0x00000000800005F0] -> 0x0C13
mem[X,0x00000000800005F2] -> 0x7FFC
[385] [M]: 0x00000000800005F0 (0x7FFC0C13) addi s8, s8, 0x7ff
x24 <- 0x00000000481007FF

mem[X,0x00000000800005F4] -> 0x1C13
mem[X,0x00000000800005F6] -> 0x00BC
[386] [M]: 0x00000000800005F4 (0x00BC1C13) slli s8, s8, 0xb
x24 <- 0x00000240803FF800

mem[X,0x00000000800005F8] -> 0x0C13
mem[X,0x00000000800005FA] -> 0x6C2C
[387] [M]: 0x00000000800005F8 (0x6C2C0C13) addi s8, s8, 0x6c2
x24 <- 0x00000240803FFEC2

mem[X,0x00000000800005FC] -> 0x1C13
mem[X,0x00000000800005FE] -> 0x00AC
[388] [M]: 0x00000000800005FC (0x00AC1C13) slli s8, s8, 0xa
x24 <- 0x00090200FFFB0800

mem[X,0x0000000080000600] -> 0x0D37
mem[X,0x0000000080000602] -> 0xFF80
[389] [M]: 0x0000000080000600 (0xFF800D37) lui s10, -0x800
x26 <- 0xFFFFFFFFFF800000

mem[X,0x0000000080000604] -> 0x0D13
mem[X,0x0000000080000606] -> 0xFFED
[390] [M]: 0x0000000080000604 (0xFFED0D13) addi s10, s10, -0x2
x26 <- 0xFFFFFFFFFF7FFFFE

mem[X,0x0000000080000608] -> 0x1D13
mem[X,0x000000008000060A] -> 0x00BD
[391] [M]: 0x0000000080000608 (0x00BD1D13) slli s10, s10, 0xb
x26 <- 0xFFFFFFFBFFFFF000

mem[X,0x000000008000060C] -> 0x0D13
mem[X,0x000000008000060E] -> 0x7FFD
[392] [M]: 0x000000008000060C (0x7FFD0D13) addi s10, s10, 0x7ff
x26 <- 0xFFFFFFFBFFFFF7FF

mem[X,0x0000000080000610] -> 0x1D13
mem[X,0x0000000080000612] -> 0x00BD
[393] [M]: 0x0000000080000610 (0x00BD1D13) slli s10, s10, 0xb
x26 <- 0xFFFFDFFFFFBFF800

mem[X,0x0000000080000614] -> 0x0D13
mem[X,0x0000000080000616] -> 0x6C0D
[394] [M]: 0x0000000080000614 (0x6C0D0D13) addi s10, s10, 0x6c0
x26 <- 0xFFFFDFFFFFBFFEC0

mem[X,0x0000000080000618] -> 0x1D13
mem[X,0x000000008000061A] -> 0x00AD
[395] [M]: 0x0000000080000618 (0x00AD1D13) slli s10, s10, 0xa
x26 <- 0xFF7FFFFEFFFB0000

mem[X,0x000000008000061C] -> 0x0D13
mem[X,0x000000008000061E] -> 0x002D
[396] [M]: 0x000000008000061C (0x002D0D13) addi s10, s10, 0x2
x26 <- 0xFF7FFFFEFFFB0002

mem[X,0x0000000080000620] -> 0x71BB
mem[X,0x0000000080000622] -> 0xC9AC
[397] [M]: 0x0000000080000620 (0xC9AC71BB) pmhaccsu.h gp, s8, s10
x3 <- 0xFFE701FFFF7A0100

mem[X,0x0000000080000624] -> 0xB423
mem[X,0x0000000080000626] -> 0x0030
[398] [M]: 0x0000000080000624 (0x0030B423) sd gp, 0x8(ra)
mem[0x0000000080004190] <- 0xFFE701FFFF7A0100

mem[X,0x0000000080000628] -> 0xB637
mem[X,0x000000008000062A] -> 0x3FFF
[399] [M]: 0x0000000080000628 (0x3FFFB637) lui a2, 0x3fffb
x12 <- 0x000000003FFFB000

clint::tick mtime <- 0x0000000000000004
 clint timer pending at mtime 0x0000000000000004
htif::tick 0x0000000000000000
mem[X,0x000000008000062C] -> 0x0613
mem[X,0x000000008000062E] -> 0xAAA6
[400] [M]: 0x000000008000062C (0xAAA60613) addi a2, a2, -0x556
x12 <- 0x000000003FFFAAAA

mem[X,0x0000000080000630] -> 0x1613
mem[X,0x0000000080000632] -> 0x00B6
[401] [M]: 0x0000000080000630 (0x00B61613) slli a2, a2, 0xb
x12 <- 0x000001FFFD555000

mem[X,0x0000000080000634] -> 0x0613
mem[X,0x0000000080000636] -> 0x3FF6
[402] [M]: 0x0000000080000634 (0x3FF60613) addi a2, a2, 0x3ff
x12 <- 0x000001FFFD5553FF

mem[X,0x0000000080000638] -> 0x1613
mem[X,0x000000008000063A] -> 0x00B6
[403] [M]: 0x0000000080000638 (0x00B61613) slli a2, a2, 0xb
x12 <- 0x000FFFEAAA9FF800

mem[X,0x000000008000063C] -> 0x0613
mem[X,0x000000008000063E] -> 0x7C46
[404] [M]: 0x000000008000063C (0x7C460613) addi a2, a2, 0x7c4
x12 <- 0x000FFFEAAA9FFFC4

mem[X,0x0000000080000640] -> 0x1613
mem[X,0x0000000080000642] -> 0x00A6
[405] [M]: 0x0000000080000640 (0x00A61613) slli a2, a2, 0xa
x12 <- 0x3FFFAAAA7FFF1000

mem[X,0x0000000080000644] -> 0x0CB7
mem[X,0x0000000080000646] -> 0x0008
[406] [M]: 0x0000000080000644 (0x00080CB7) lui s9, 0x80
x25 <- 0x0000000000080000

mem[X,0x0000000080000648] -> 0x8C93
mem[X,0x000000008000064A] -> 0x005C
[407] [M]: 0x0000000080000648 (0x005C8C93) addi s9, s9, 0x5
x25 <- 0x0000000000080005

mem[X,0x000000008000064C] -> 0x9C93
mem[X,0x000000008000064E] -> 0x00BC
[408] [M]: 0x000000008000064C (0x00BC9C93) slli s9, s9, 0xb
x25 <- 0x0000000040002800

mem[X,0x0000000080000650] -> 0x8C93
mem[X,0x0000000080000652] -> 0x040C
[409] [M]: 0x0000000080000650 (0x040C8C93) addi s9, s9, 0x40
x25 <- 0x0000000040002840

mem[X,0x0000000080000654] -> 0x9C93
mem[X,0x0000000080000656] -> 0x00BC
[410] [M]: 0x0000000080000654 (0x00BC9C93) slli s9, s9, 0xb
x25 <- 0x0000020001420000

mem[X,0x0000000080000658] -> 0x8C93
mem[X,0x000000008000065A] -> 0x00FC
[411] [M]: 0x0000000080000658 (0x00FC8C93) addi s9, s9, 0xf
x25 <- 0x000002000142000F

mem[X,0x000000008000065C] -> 0x9C93
mem[X,0x000000008000065E] -> 0x00AC
[412] [M]: 0x000000008000065C (0x00AC9C93) slli s9, s9, 0xa
x25 <- 0x0008000508003C00

mem[X,0x0000000080000660] -> 0x8C93
mem[X,0x0000000080000662] -> 0x3FFC
[413] [M]: 0x0000000080000660 (0x3FFC8C93) addi s9, s9, 0x3ff
x25 <- 0x0008000508003FFF

mem[X,0x0000000080000664] -> 0x773B
mem[X,0x0000000080000666] -> 0xC996
[414] [M]: 0x0000000080000664 (0xC996773B) pmhaccsu.h a4, a2, s9
x14 <- 0xFFFDFF7D03FD040F

mem[X,0x0000000080000668] -> 0xB823
mem[X,0x000000008000066A] -> 0x00E0
[415] [M]: 0x0000000080000668 (0x00E0B823) sd a4, 0x10(ra)
mem[0x0000000080004198] <- 0xFFFDFF7D03FD040F

mem[X,0x000000008000066C] -> 0xB7B7
mem[X,0x000000008000066E] -> 0xFFF8
[416] [M]: 0x000000008000066C (0xFFF8B7B7) lui a5, -0x75
x15 <- 0xFFFFFFFFFFF8B000

mem[X,0x0000000080000670] -> 0x8793
mem[X,0x0000000080000672] -> 0xAAA7
[417] [M]: 0x0000000080000670 (0xAAA78793) addi a5, a5, -0x556
x15 <- 0xFFFFFFFFFFF8AAAA

mem[X,0x0000000080000674] -> 0x9793
mem[X,0x0000000080000676] -> 0x00B7
[418] [M]: 0x0000000080000674 (0x00B79793) slli a5, a5, 0xb
x15 <- 0xFFFFFFFFC5555000

mem[X,0x0000000080000678] -> 0x8793
mem[X,0x000000008000067A] -> 0x0807
[419] [M]: 0x0000000080000678 (0x08078793) addi a5, a5, 0x80
x15 <- 0xFFFFFFFFC5555080

mem[X,0x000000008000067C] -> 0x9793
mem[X,0x000000008000067E] -> 0x00B7
[420] [M]: 0x000000008000067C (0x00B79793) slli a5, a5, 0xb
x15 <- 0xFFFFFE2AAA840000

mem[X,0x0000000080000680] -> 0x8793
mem[X,0x0000000080000682] -> 0x0087
[421] [M]: 0x0000000080000680 (0x00878793) addi a5, a5, 0x8
x15 <- 0xFFFFFE2AAA840008

mem[X,0x0000000080000684] -> 0x9793
mem[X,0x0000000080000686] -> 0x00A7
[422] [M]: 0x0000000080000684 (0x00A79793) slli a5, a5, 0xa
x15 <- 0xFFF8AAAA10002000

mem[X,0x0000000080000688] -> 0x19B7
mem[X,0x000000008000068A] -> 0x0400
[423] [M]: 0x0000000080000688 (0x040019B7) lui s3, 0x4001
x19 <- 0x0000000004001000

mem[X,0x000000008000068C] -> 0x8993
mem[X,0x000000008000068E] -> 0x8009
[424] [M]: 0x000000008000068C (0x80098993) addi s3, s3, -0x800
x19 <- 0x0000000004000800

mem[X,0x0000000080000690] -> 0x9993
mem[X,0x0000000080000692] -> 0x00B9
[425] [M]: 0x0000000080000690 (0x00B99993) slli s3, s3, 0xb
x19 <- 0x0000002000400000

mem[X,0x0000000080000694] -> 0x8993
mem[X,0x0000000080000696] -> 0x7FF9
[426] [M]: 0x0000000080000694 (0x7FF98993) addi s3, s3, 0x7ff
x19 <- 0x00000020004007FF

mem[X,0x0000000080000698] -> 0x9993
mem[X,0x000000008000069A] -> 0x00B9
[427] [M]: 0x0000000080000698 (0x00B99993) slli s3, s3, 0xb
x19 <- 0x00010002003FF800

mem[X,0x000000008000069C] -> 0x8993
mem[X,0x000000008000069E] -> 0x6409
[428] [M]: 0x000000008000069C (0x64098993) addi s3, s3, 0x640
x19 <- 0x00010002003FFE40

mem[X,0x00000000800006A0] -> 0x9993
mem[X,0x00000000800006A2] -> 0x00A9
[429] [M]: 0x00000000800006A0 (0x00A99993) slli s3, s3, 0xa
x19 <- 0x04000800FFF90000

mem[X,0x00000000800006A4] -> 0x8993
mem[X,0x00000000800006A6] -> 0x0099
[430] [M]: 0x00000000800006A4 (0x00998993) addi s3, s3, 0x9
x19 <- 0x04000800FFF90009

mem[X,0x00000000800006A8] -> 0xF8BB
mem[X,0x00000000800006AA] -> 0xC937
[431] [M]: 0x00000000800006A8 (0xC937F8BB) pmhaccsu.h a7, a5, s3
x17 <- 0x00F9B550C6F9B800

mem[X,0x00000000800006AC] -> 0xBC23
mem[X,0x00000000800006AE] -> 0x0110
[432] [M]: 0x00000000800006AC (0x0110BC23) sd a7, 0x18(ra)
mem[0x00000000800041A0] <- 0x00F9B550C6F9B800

mem[X,0x00000000800006B0] -> 0x48B7
mem[X,0x00000000800006B2] -> 0x0003
[433] [M]: 0x00000000800006B0 (0x000348B7) lui a7, 0x34
x17 <- 0x0000000000034000

mem[X,0x00000000800006B4] -> 0x8893
mem[X,0x00000000800006B6] -> 0xFFF8
[434] [M]: 0x00000000800006B4 (0xFFF88893) addi a7, a7, -0x1
x17 <- 0x0000000000033FFF

mem[X,0x00000000800006B8] -> 0x9893
mem[X,0x00000000800006BA] -> 0x00B8
[435] [M]: 0x00000000800006B8 (0x00B89893) slli a7, a7, 0xb
x17 <- 0x0000000019FFF800

mem[X,0x00000000800006BC] -> 0x8893
mem[X,0x00000000800006BE] -> 0x5FF8
[436] [M]: 0x00000000800006BC (0x5FF88893) addi a7, a7, 0x5ff
x17 <- 0x0000000019FFFDFF

mem[X,0x00000000800006C0] -> 0x9893
mem[X,0x00000000800006C2] -> 0x00B8
[437] [M]: 0x00000000800006C0 (0x00B89893) slli a7, a7, 0xb
x17 <- 0x000000CFFFEFF800

mem[X,0x00000000800006C4] -> 0x8893
mem[X,0x00000000800006C6] -> 0x7D08
[438] [M]: 0x00000000800006C4 (0x7D088893) addi a7, a7, 0x7d0
x17 <- 0x000000CFFFEFFFD0

mem[X,0x00000000800006C8] -> 0x9893
mem[X,0x00000000800006CA] -> 0x00A8
[439] [M]: 0x00000000800006C8 (0x00A89893) slli a7, a7, 0xa
x17 <- 0x00033FFFBFFF4000

mem[X,0x00000000800006CC] -> 0x0AB7
mem[X,0x00000000800006CE] -> 0xFC00
[440] [M]: 0x00000000800006CC (0xFC000AB7) lui s5, -0x4000
x21 <- 0xFFFFFFFFFC000000

mem[X,0x00000000800006D0] -> 0x8A93
mem[X,0x00000000800006D2] -> 0xBFFA
[441] [M]: 0x00000000800006D0 (0xBFFA8A93) addi s5, s5, -0x401
x21 <- 0xFFFFFFFFFBFFFBFF

mem[X,0x00000000800006D4] -> 0x9A93
mem[X,0x00000000800006D6] -> 0x00BA
[442] [M]: 0x00000000800006D4 (0x00BA9A93) slli s5, s5, 0xb
x21 <- 0xFFFFFFDFFFDFF800

mem[X,0x00000000800006D8] -> 0x8A93
mem[X,0x00000000800006DA] -> 0x3FFA
[443] [M]: 0x00000000800006D8 (0x3FFA8A93) addi s5, s5, 0x3ff
x21 <- 0xFFFFFFDFFFDFFBFF

mem[X,0x00000000800006DC] -> 0x9A93
mem[X,0x00000000800006DE] -> 0x00BA
[444] [M]: 0x00000000800006DC (0x00BA9A93) slli s5, s5, 0xb
x21 <- 0xFFFEFFFEFFDFF800

mem[X,0x00000000800006E0] -> 0x8A93
mem[X,0x00000000800006E2] -> 0x7D5A
[445] [M]: 0x00000000800006E0 (0x7D5A8A93) addi s5, s5, 0x7d5
x21 <- 0xFFFEFFFEFFDFFFD5

mem[X,0x00000000800006E4] -> 0x9A93
mem[X,0x00000000800006E6] -> 0x00AA
[446] [M]: 0x00000000800006E4 (0x00AA9A93) slli s5, s5, 0xa
x21 <- 0xFBFFFBFF7FFF5400

mem[X,0x00000000800006E8] -> 0x8A93
mem[X,0x00000000800006EA] -> 0x155A
[447] [M]: 0x00000000800006E8 (0x155A8A93) addi s5, s5, 0x155
x21 <- 0xFBFFFBFF7FFF5555

mem[X,0x00000000800006EC] -> 0xF03B
mem[X,0x00000000800006EE] -> 0xC958
[448] [M]: 0x00000000800006EC (0xC958F03B) pmhaccsu.h zero, a7, s5

mem[X,0x00000000800006F0] -> 0xB023
mem[X,0x00000000800006F2] -> 0x0200
[449] [M]: 0x00000000800006F0 (0x0200B023) sd zero, 0x20(ra)
mem[0x00000000800041A8] <- 0x0000000000000000

mem[X,0x00000000800006F4] -> 0x0437
mem[X,0x00000000800006F6] -> 0xFFF8
[450] [M]: 0x00000000800006F4 (0xFFF80437) lui fp, -0x80
x8 <- 0xFFFFFFFFFFF80000

mem[X,0x00000000800006F8] -> 0x0413
mem[X,0x00000000800006FA] -> 0x0024
[451] [M]: 0x00000000800006F8 (0x00240413) addi fp, fp, 0x2
x8 <- 0xFFFFFFFFFFF80002

mem[X,0x00000000800006FC] -> 0x1413
mem[X,0x00000000800006FE] -> 0x00B4
[452] [M]: 0x00000000800006FC (0x00B41413) slli fp, fp, 0xb
x8 <- 0xFFFFFFFFC0001000

mem[X,0x0000000080000700] -> 0x0413
mem[X,0x0000000080000702] -> 0x7FF4
[453] [M]: 0x0000000080000700 (0x7FF40413) addi fp, fp, 0x7ff
x8 <- 0xFFFFFFFFC00017FF

mem[X,0x0000000080000704] -> 0x1413
mem[X,0x0000000080000706] -> 0x00B4
[454] [M]: 0x0000000080000704 (0x00B41413) slli fp, fp, 0xb
x8 <- 0xFFFFFE0000BFF800

mem[X,0x0000000080000708] -> 0x0413
mem[X,0x000000008000070A] -> 0x3FF4
[455] [M]: 0x0000000080000708 (0x3FF40413) addi fp, fp, 0x3ff
x8 <- 0xFFFFFE0000BFFBFF

mem[X,0x000000008000070C] -> 0x1413
mem[X,0x000000008000070E] -> 0x00A4
[456] [M]: 0x000000008000070C (0x00A41413) slli fp, fp, 0xa
x8 <- 0xFFF80002FFEFFC00

mem[X,0x0000000080000710] -> 0x0413
mem[X,0x0000000080000712] -> 0x3FE4
[457] [M]: 0x0000000080000710 (0x3FE40413) addi fp, fp, 0x3fe
x8 <- 0xFFF80002FFEFFFFE

mem[X,0x0000000080000714] -> 0x01B7
mem[X,0x0000000080000716] -> 0x0080
[458] [M]: 0x0000000080000714 (0x008001B7) lui gp, 0x800
x3 <- 0x0000000000800000

mem[X,0x0000000080000718] -> 0x8193
mem[X,0x000000008000071A] -> 0x0001
[459] [M]: 0x0000000080000718 (0x00018193) addi gp, gp, 0x0
x3 <- 0x0000000000800000

mem[X,0x000000008000071C] -> 0x9193
mem[X,0x000000008000071E] -> 0x00B1
[460] [M]: 0x000000008000071C (0x00B19193) slli gp, gp, 0xb
x3 <- 0x0000000400000000

mem[X,0x0000000080000720] -> 0x8193
mem[X,0x0000000080000722] -> 0x6FF1
[461] [M]: 0x0000000080000720 (0x6FF18193) addi gp, gp, 0x6ff
x3 <- 0x00000004000006FF

mem[X,0x0000000080000724] -> 0x9193
mem[X,0x0000000080000726] -> 0x00B1
[462] [M]: 0x0000000080000724 (0x00B19193) slli gp, gp, 0xb
x3 <- 0x000020000037F800

mem[X,0x0000000080000728] -> 0x8193
mem[X,0x000000008000072A] -> 0x7C01
[463] [M]: 0x0000000080000728 (0x7C018193) addi gp, gp, 0x7c0
x3 <- 0x000020000037FFC0

mem[X,0x000000008000072C] -> 0x9193
mem[X,0x000000008000072E] -> 0x00A1
[464] [M]: 0x000000008000072C (0x00A19193) slli gp, gp, 0xa
x3 <- 0x00800000DFFF0000

mem[X,0x0000000080000730] -> 0x8193
mem[X,0x0000000080000732] -> 0x0021
[465] [M]: 0x0000000080000730 (0x00218193) addi gp, gp, 0x2
x3 <- 0x00800000DFFF0002

mem[X,0x0000000080000734] -> 0x753B
mem[X,0x0000000080000736] -> 0xC834
[466] [M]: 0x0000000080000734 (0xC834753B) pmhaccsu.h a0, fp, gp
x10 <- 0x7FFF000503F1FFFD

mem[X,0x0000000080000738] -> 0xB423
mem[X,0x000000008000073A] -> 0x02A0
[467] [M]: 0x0000000080000738 (0x02A0B423) sd a0, 0x28(ra)
mem[0x00000000800041B0] <- 0x7FFF000503F1FFFD

mem[X,0x000000008000073C] -> 0x02B7
mem[X,0x000000008000073E] -> 0xDFFF
[468] [M]: 0x000000008000073C (0xDFFF02B7) lui t0, -0x20010
x5 <- 0xFFFFFFFFDFFF0000

mem[X,0x0000000080000740] -> 0x8293
mem[X,0x0000000080000742] -> 0x0092
[469] [M]: 0x0000000080000740 (0x00928293) addi t0, t0, 0x9
x5 <- 0xFFFFFFFFDFFF0009

mem[X,0x0000000080000744] -> 0x9293
mem[X,0x0000000080000746] -> 0x00B2
[470] [M]: 0x0000000080000744 (0x00B29293) slli t0, t0, 0xb
x5 <- 0xFFFFFEFFF8004800

mem[X,0x0000000080000748] -> 0x8293
mem[X,0x000000008000074A] -> 0x7FF2
[471] [M]: 0x0000000080000748 (0x7FF28293) addi t0, t0, 0x7ff
x5 <- 0xFFFFFEFFF8004FFF

mem[X,0x000000008000074C] -> 0x9293
mem[X,0x000000008000074E] -> 0x00B2
[472] [M]: 0x000000008000074C (0x00B29293) slli t0, t0, 0xb
x5 <- 0xFFF7FFC0027FF800

mem[X,0x0000000080000750] -> 0x8293
mem[X,0x0000000080000752] -> 0x77F2
[473] [M]: 0x0000000080000750 (0x77F28293) addi t0, t0, 0x77f
x5 <- 0xFFF7FFC0027FFF7F

mem[X,0x0000000080000754] -> 0x9293
mem[X,0x0000000080000756] -> 0x00A2
[474] [M]: 0x0000000080000754 (0x00A29293) slli t0, t0, 0xa
x5 <- 0xDFFF0009FFFDFC00

mem[X,0x0000000080000758] -> 0x8293
mem[X,0x000000008000075A] -> 0x3FD2
[475] [M]: 0x0000000080000758 (0x3FD28293) addi t0, t0, 0x3fd
x5 <- 0xDFFF0009FFFDFFFD

mem[X,0x000000008000075C] -> 0x0637
mem[X,0x000000008000075E] -> 0x4001
[476] [M]: 0x000000008000075C (0x40010637) lui a2, 0x40010
x12 <- 0x0000000040010000

mem[X,0x0000000080000760] -> 0x0613
mem[X,0x0000000080000762] -> 0xFF76
[477] [M]: 0x0000000080000760 (0xFF760613) addi a2, a2, -0x9
x12 <- 0x000000004000FFF7

mem[X,0x0000000080000764] -> 0x1613
mem[X,0x0000000080000766] -> 0x00B6
[478] [M]: 0x0000000080000764 (0x00B61613) slli a2, a2, 0xb
x12 <- 0x0000020007FFB800

mem[X,0x0000000080000768] -> 0x0613
mem[X,0x000000008000076A] -> 0x7FF6
[479] [M]: 0x0000000080000768 (0x7FF60613) addi a2, a2, 0x7ff
x12 <- 0x0000020007FFBFFF

mem[X,0x000000008000076C] -> 0x1613
mem[X,0x000000008000076E] -> 0x00B6
[480] [M]: 0x000000008000076C (0x00B61613) slli a2, a2, 0xb
x12 <- 0x0010003FFDFFF800

mem[X,0x0000000080000770] -> 0x0613
mem[X,0x0000000080000772] -> 0x7C06
[481] [M]: 0x0000000080000770 (0x7C060613) addi a2, a2, 0x7c0
x12 <- 0x0010003FFDFFFFC0

mem[X,0x0000000080000774] -> 0x1613
mem[X,0x0000000080000776] -> 0x00A6
[482] [M]: 0x0000000080000774 (0x00A61613) slli a2, a2, 0xa
x12 <- 0x4000FFF7FFFF0000

mem[X,0x0000000080000778] -> 0xF6BB
mem[X,0x000000008000077A] -> 0xC8C2
[483] [M]: 0x0000000080000778 (0xC8C2F6BB) pmhaccsu.h a3, t0, a2
x13 <- 0xF7BE000DFFF60009

mem[X,0x000000008000077C] -> 0xB823
mem[X,0x000000008000077E] -> 0x02D0
[484] [M]: 0x000000008000077C (0x02D0B823) sd a3, 0x30(ra)
mem[0x00000000800041B8] <- 0xF7BE000DFFF60009

mem[X,0x0000000080000780] -> 0x05B7
mem[X,0x0000000080000782] -> 0xFFEF
[485] [M]: 0x0000000080000780 (0xFFEF05B7) lui a1, -0x110
x11 <- 0xFFFFFFFFFFEF0000

mem[X,0x0000000080000784] -> 0x8593
mem[X,0x0000000080000786] -> 0x0025
[486] [M]: 0x0000000080000784 (0x00258593) addi a1, a1, 0x2
x11 <- 0xFFFFFFFFFFEF0002

mem[X,0x0000000080000788] -> 0x9593
mem[X,0x000000008000078A] -> 0x00B5
[487] [M]: 0x0000000080000788 (0x00B59593) slli a1, a1, 0xb
x11 <- 0xFFFFFFFF78001000

mem[X,0x000000008000078C] -> 0x8593
mem[X,0x000000008000078E] -> 0x0205
[488] [M]: 0x000000008000078C (0x02058593) addi a1, a1, 0x20
x11 <- 0xFFFFFFFF78001020

mem[X,0x0000000080000790] -> 0x9593
mem[X,0x0000000080000792] -> 0x00B5
[489] [M]: 0x0000000080000790 (0x00B59593) slli a1, a1, 0xb
x11 <- 0xFFFFFBC000810000

mem[X,0x0000000080000794] -> 0x8593
mem[X,0x0000000080000796] -> 0x03F5
[490] [M]: 0x0000000080000794 (0x03F58593) addi a1, a1, 0x3f
x11 <- 0xFFFFFBC00081003F

mem[X,0x0000000080000798] -> 0x9593
mem[X,0x000000008000079A] -> 0x00A5
[491] [M]: 0x0000000080000798 (0x00A59593) slli a1, a1, 0xa
x11 <- 0xFFEF00020400FC00

mem[X,0x000000008000079C] -> 0x8593
mem[X,0x000000008000079E] -> 0x3FB5
[492] [M]: 0x000000008000079C (0x3FB58593) addi a1, a1, 0x3fb
x11 <- 0xFFEF00020400FFFB

mem[X,0x00000000800007A0] -> 0x0237
mem[X,0x00000000800007A2] -> 0xFFFE
[493] [M]: 0x00000000800007A0 (0xFFFE0237) lui tp, -0x20
x4 <- 0xFFFFFFFFFFFE0000

mem[X,0x00000000800007A4] -> 0x0213
mem[X,0x00000000800007A6] -> 0xF7F2
[494] [M]: 0x00000000800007A4 (0xF7F20213) addi tp, tp, -0x81
x4 <- 0xFFFFFFFFFFFDFF7F

mem[X,0x00000000800007A8] -> 0x1213
mem[X,0x00000000800007AA] -> 0x00B2
[495] [M]: 0x00000000800007A8 (0x00B21213) slli tp, tp, 0xb
x4 <- 0xFFFFFFFFEFFBF800

mem[X,0x00000000800007AC] -> 0x0213
mem[X,0x00000000800007AE] -> 0x0002
[496] [M]: 0x00000000800007AC (0x00020213) addi tp, tp, 0x0
x4 <- 0xFFFFFFFFEFFBF800

mem[X,0x00000000800007B0] -> 0x1213
mem[X,0x00000000800007B2] -> 0x00B2
[497] [M]: 0x00000000800007B0 (0x00B21213) slli tp, tp, 0xb
x4 <- 0xFFFFFF7FDFC00000

mem[X,0x00000000800007B4] -> 0x0213
mem[X,0x00000000800007B6] -> 0x0BF2
[498] [M]: 0x00000000800007B4 (0x0BF20213) addi tp, tp, 0xbf
x4 <- 0xFFFFFF7FDFC000BF

mem[X,0x00000000800007B8] -> 0x1213
mem[X,0x00000000800007BA] -> 0x00A2
[499] [M]: 0x00000000800007B8 (0x00A21213) slli tp, tp, 0xa
x4 <- 0xFFFDFF7F0002FC00

clint::tick mtime <- 0x0000000000000005
 clint timer pending at mtime 0x0000000000000005
htif::tick 0x0000000000000000
mem[X,0x00000000800007BC] -> 0x0213
mem[X,0x00000000800007BE] -> 0x3F92
[500] [M]: 0x00000000800007BC (0x3F920213) addi tp, tp, 0x3f9
x4 <- 0xFFFDFF7F0002FFF9

mem[X,0x00000000800007C0] -> 0xF4BB
mem[X,0x00000000800007C2] -> 0xC845
[501] [M]: 0x00000000800007C0 (0xC845F4BB) pmhaccsu.h s1, a1, tp
x9 <- 0xFFEE0008BFFF0003

mem[X,0x00000000800007C4] -> 0xBC23
mem[X,0x00000000800007C6] -> 0x0290
[502] [M]: 0x00000000800007C4 (0x0290BC23) sd s1, 0x38(ra)
mem[0x00000000800041C0] <- 0xFFEE0008BFFF0003

mem[X,0x00000000800007C8] -> 0x0D37
mem[X,0x00000000800007CA] -> 0x3FFF
[503] [M]: 0x00000000800007C8 (0x3FFF0D37) lui s10, 0x3fff0
x26 <- 0x000000003FFF0000

mem[X,0x00000000800007CC] -> 0x0D13
mem[X,0x00000000800007CE] -> 0x020D
[504] [M]: 0x00000000800007CC (0x020D0D13) addi s10, s10, 0x20
x26 <- 0x000000003FFF0020

mem[X,0x00000000800007D0] -> 0x1D13
mem[X,0x00000000800007D2] -> 0x00BD
[505] [M]: 0x00000000800007D0 (0x00BD1D13) slli s10, s10, 0xb
x26 <- 0x000001FFF8010000

mem[X,0x00000000800007D4] -> 0x0D13
mem[X,0x00000000800007D6] -> 0x7DFD
[506] [M]: 0x00000000800007D4 (0x7DFD0D13) addi s10, s10, 0x7df
x26 <- 0x000001FFF80107DF

mem[X,0x00000000800007D8] -> 0x1D13
mem[X,0x00000000800007DA] -> 0x00BD
[507] [M]: 0x00000000800007D8 (0x00BD1D13) slli s10, s10, 0xb
x26 <- 0x000FFFC0083EF800

mem[X,0x00000000800007DC] -> 0x0D13
mem[X,0x00000000800007DE] -> 0x7FFD
[508] [M]: 0x00000000800007DC (0x7FFD0D13) addi s10, s10, 0x7ff
x26 <- 0x000FFFC0083EFFFF

mem[X,0x00000000800007E0] -> 0x1D13
mem[X,0x00000000800007E2] -> 0x00AD
[509] [M]: 0x00000000800007E0 (0x00AD1D13) slli s10, s10, 0xa
x26 <- 0x3FFF0020FBFFFC00

mem[X,0x00000000800007E4] -> 0x0D13
mem[X,0x00000000800007E6] -> 0x3F7D
[510] [M]: 0x00000000800007E4 (0x3F7D0D13) addi s10, s10, 0x3f7
x26 <- 0x3FFF0020FBFFFFF7

mem[X,0x00000000800007E8] -> 0x04B7
mem[X,0x00000000800007EA] -> 0x4001
[511] [M]: 0x00000000800007E8 (0x400104B7) lui s1, 0x40010
x9 <- 0x0000000040010000

mem[X,0x00000000800007EC] -> 0x8493
mem[X,0x00000000800007EE] -> 0xFF74
[512] [M]: 0x00000000800007EC (0xFF748493) addi s1, s1, -0x9
x9 <- 0x000000004000FFF7

mem[X,0x00000000800007F0] -> 0x9493
mem[X,0x00000000800007F2] -> 0x00B4
[513] [M]: 0x00000000800007F0 (0x00B49493) slli s1, s1, 0xb
x9 <- 0x0000020007FFB800

mem[X,0x00000000800007F4] -> 0x8493
mem[X,0x00000000800007F6] -> 0x6004
[514] [M]: 0x00000000800007F4 (0x60048493) addi s1, s1, 0x600
x9 <- 0x0000020007FFBE00

mem[X,0x00000000800007F8] -> 0x9493
mem[X,0x00000000800007FA] -> 0x00B4
[515] [M]: 0x00000000800007F8 (0x00B49493) slli s1, s1, 0xb
x9 <- 0x0010003FFDF00000

mem[X,0x00000000800007FC] -> 0x8493
mem[X,0x00000000800007FE] -> 0x03F4
[516] [M]: 0x00000000800007FC (0x03F48493) addi s1, s1, 0x3f
x9 <- 0x0010003FFDF0003F

mem[X,0x0000000080000800] -> 0x9493
mem[X,0x0000000080000802] -> 0x00A4
[517] [M]: 0x0000000080000800 (0x00A49493) slli s1, s1, 0xa
x9 <- 0x4000FFF7C000FC00

mem[X,0x0000000080000804] -> 0x8493
mem[X,0x0000000080000806] -> 0x3FF4
[518] [M]: 0x0000000080000804 (0x3FF48493) addi s1, s1, 0x3ff
x9 <- 0x4000FFF7C000FFFF

mem[X,0x0000000080000808] -> 0x723B
mem[X,0x000000008000080A] -> 0xC89D
[519] [M]: 0x0000000080000808 (0xC89D723B) pmhaccsu.h tp, s10, s1
x4 <- 0x0FFCFF9EFD01FFF0

mem[X,0x000000008000080C] -> 0xB023
mem[X,0x000000008000080E] -> 0x0440
[520] [M]: 0x000000008000080C (0x0440B023) sd tp, 0x40(ra)
mem[0x00000000800041C8] <- 0x0FFCFF9EFD01FFF0

mem[X,0x0000000080000810] -> 0x1537
mem[X,0x0000000080000812] -> 0xBFFF
[521] [M]: 0x0000000080000810 (0xBFFF1537) lui a0, -0x4000f
x10 <- 0xFFFFFFFFBFFF1000

mem[X,0x0000000080000814] -> 0x0513
mem[X,0x0000000080000816] -> 0x8005
[522] [M]: 0x0000000080000814 (0x80050513) addi a0, a0, -0x800
x10 <- 0xFFFFFFFFBFFF0800

mem[X,0x0000000080000818] -> 0x1513
mem[X,0x000000008000081A] -> 0x00B5
[523] [M]: 0x0000000080000818 (0x00B51513) slli a0, a0, 0xb
x10 <- 0xFFFFFDFFF8400000

mem[X,0x000000008000081C] -> 0x0513
mem[X,0x000000008000081E] -> 0x77F5
[524] [M]: 0x000000008000081C (0x77F50513) addi a0, a0, 0x77f
x10 <- 0xFFFFFDFFF840077F

mem[X,0x0000000080000820] -> 0x1513
mem[X,0x0000000080000822] -> 0x00B5
[525] [M]: 0x0000000080000820 (0x00B51513) slli a0, a0, 0xb
x10 <- 0xFFEFFFC2003BF800

mem[X,0x0000000080000824] -> 0x0513
mem[X,0x0000000080000826] -> 0x7FF5
[526] [M]: 0x0000000080000824 (0x7FF50513) addi a0, a0, 0x7ff
x10 <- 0xFFEFFFC2003BFFFF

mem[X,0x0000000080000828] -> 0x1513
mem[X,0x000000008000082A] -> 0x00A5
[527] [M]: 0x0000000080000828 (0x00A51513) slli a0, a0, 0xa
x10 <- 0xBFFF0800EFFFFC00

mem[X,0x000000008000082C] -> 0x0513
mem[X,0x000000008000082E] -> 0x3EF5
[528] [M]: 0x000000008000082C (0x3EF50513) addi a0, a0, 0x3ef
x10 <- 0xBFFF0800EFFFFFEF

mem[X,0x0000000080000830] -> 0x2937
mem[X,0x0000000080000832] -> 0x2000
[529] [M]: 0x0000000080000830 (0x20002937) lui s2, 0x20002
x18 <- 0x0000000020002000

mem[X,0x0000000080000834] -> 0x0913
mem[X,0x0000000080000836] -> 0x0009
[530] [M]: 0x0000000080000834 (0x00090913) addi s2, s2, 0x0
x18 <- 0x0000000020002000

mem[X,0x0000000080000838] -> 0x1913
mem[X,0x000000008000083A] -> 0x00B9
[531] [M]: 0x0000000080000838 (0x00B91913) slli s2, s2, 0xb
x18 <- 0x0000010001000000

mem[X,0x000000008000083C] -> 0x0913
mem[X,0x000000008000083E] -> 0x0009
[532] [M]: 0x000000008000083C (0x00090913) addi s2, s2, 0x0
x18 <- 0x0000010001000000

mem[X,0x0000000080000840] -> 0x1913
mem[X,0x0000000080000842] -> 0x00B9
[533] [M]: 0x0000000080000840 (0x00B91913) slli s2, s2, 0xb
x18 <- 0x0008000800000000

mem[X,0x0000000080000844] -> 0x0913
mem[X,0x0000000080000846] -> 0x0C09
[534] [M]: 0x0000000080000844 (0x0C090913) addi s2, s2, 0xc0
x18 <- 0x00080008000000C0

mem[X,0x0000000080000848] -> 0x1913
mem[X,0x000000008000084A] -> 0x00A9
[535] [M]: 0x0000000080000848 (0x00A91913) slli s2, s2, 0xa
x18 <- 0x2000200000030000

mem[X,0x000000008000084C] -> 0x0913
mem[X,0x000000008000084E] -> 0x0079
[536] [M]: 0x000000008000084C (0x00790913) addi s2, s2, 0x7
x18 <- 0x2000200000030007

mem[X,0x0000000080000850] -> 0x79BB
mem[X,0x0000000080000852] -> 0xC925
[537] [M]: 0x0000000080000850 (0xC92579BB) pmhaccsu.h s3, a0, s2
x19 <- 0xFBFF0900FFF80008

mem[X,0x0000000080000854] -> 0xB423
mem[X,0x0000000080000856] -> 0x0530
[538] [M]: 0x0000000080000854 (0x0530B423) sd s3, 0x48(ra)
mem[0x00000000800041D0] <- 0xFBFF0900FFF80008

mem[X,0x0000000080000858] -> 0x0EB7
mem[X,0x000000008000085A] -> 0x0021
[539] [M]: 0x0000000080000858 (0x00210EB7) lui t4, 0x210
x29 <- 0x0000000000210000

mem[X,0x000000008000085C] -> 0x8E93
mem[X,0x000000008000085E] -> 0xFFFE
[540] [M]: 0x000000008000085C (0xFFFE8E93) addi t4, t4, -0x1
x29 <- 0x000000000020FFFF

mem[X,0x0000000080000860] -> 0x9E93
mem[X,0x0000000080000862] -> 0x00BE
[541] [M]: 0x0000000080000860 (0x00BE9E93) slli t4, t4, 0xb
x29 <- 0x0000000107FFF800

mem[X,0x0000000080000864] -> 0x8E93
mem[X,0x0000000080000866] -> 0x7BFE
[542] [M]: 0x0000000080000864 (0x7BFE8E93) addi t4, t4, 0x7bf
x29 <- 0x0000000107FFFFBF

mem[X,0x0000000080000868] -> 0x9E93
mem[X,0x000000008000086A] -> 0x00BE
[543] [M]: 0x0000000080000868 (0x00BE9E93) slli t4, t4, 0xb
x29 <- 0x0000083FFFFDF800

mem[X,0x000000008000086C] -> 0x8E93
mem[X,0x000000008000086E] -> 0x7FFE
[544] [M]: 0x000000008000086C (0x7FFE8E93) addi t4, t4, 0x7ff
x29 <- 0x0000083FFFFDFFFF

mem[X,0x0000000080000870] -> 0x9E93
mem[X,0x0000000080000872] -> 0x00AE
[545] [M]: 0x0000000080000870 (0x00AE9E93) slli t4, t4, 0xa
x29 <- 0x0020FFFFF7FFFC00

mem[X,0x0000000080000874] -> 0x8E93
mem[X,0x0000000080000876] -> 0x3DFE
[546] [M]: 0x0000000080000874 (0x3DFE8E93) addi t4, t4, 0x3df
x29 <- 0x0020FFFFF7FFFFDF

mem[X,0x0000000080000878] -> 0x0F37
mem[X,0x000000008000087A] -> 0x8000
[547] [M]: 0x0000000080000878 (0x80000F37) lui t5, -0x80000
x30 <- 0xFFFFFFFF80000000

mem[X,0x000000008000087C] -> 0x0F13
mem[X,0x000000008000087E] -> 0xFF9F
[548] [M]: 0x000000008000087C (0xFF9F0F13) addi t5, t5, -0x7
x30 <- 0xFFFFFFFF7FFFFFF9

mem[X,0x0000000080000880] -> 0x1F13
mem[X,0x0000000080000882] -> 0x00BF
[549] [M]: 0x0000000080000880 (0x00BF1F13) slli t5, t5, 0xb
x30 <- 0xFFFFFBFFFFFFC800

mem[X,0x0000000080000884] -> 0x0F13
mem[X,0x0000000080000886] -> 0x010F
[550] [M]: 0x0000000080000884 (0x010F0F13) addi t5, t5, 0x10
x30 <- 0xFFFFFBFFFFFFC810

mem[X,0x0000000080000888] -> 0x1F13
mem[X,0x000000008000088A] -> 0x00BF
[551] [M]: 0x0000000080000888 (0x00BF1F13) slli t5, t5, 0xb
x30 <- 0xFFDFFFFFFE408000

mem[X,0x000000008000088C] -> 0x0F13
mem[X,0x000000008000088E] -> 0x03FF
[552] [M]: 0x000000008000088C (0x03FF0F13) addi t5, t5, 0x3f
x30 <- 0xFFDFFFFFFE40803F

mem[X,0x0000000080000890] -> 0x1F13
mem[X,0x0000000080000892] -> 0x00AF
[553] [M]: 0x0000000080000890 (0x00AF1F13) slli t5, t5, 0xa
x30 <- 0x7FFFFFF90200FC00

mem[X,0x0000000080000894] -> 0x0F13
mem[X,0x0000000080000896] -> 0x3FAF
[554] [M]: 0x0000000080000894 (0x3FAF0F13) addi t5, t5, 0x3fa
x30 <- 0x7FFFFFF90200FFFA

mem[X,0x0000000080000898] -> 0xFD3B
mem[X,0x000000008000089A] -> 0xC9EE
[555] [M]: 0x0000000080000898 (0xC9EEFD3B) pmhaccsu.h s10, t4, t5
x26 <- 0x400E001FFBEEFFD6

mem[X,0x000000008000089C] -> 0xB823
mem[X,0x000000008000089E] -> 0x05A0
[556] [M]: 0x000000008000089C (0x05A0B823) sd s10, 0x50(ra)
mem[0x00000000800041D8] <- 0x400E001FFBEEFFD6

mem[X,0x00000000800008A0] -> 0x0737
mem[X,0x00000000800008A2] -> 0xDFFF
[557] [M]: 0x00000000800008A0 (0xDFFF0737) lui a4, -0x20010
x14 <- 0xFFFFFFFFDFFF0000

mem[X,0x00000000800008A4] -> 0x0713
mem[X,0x00000000800008A6] -> 0x0407
[558] [M]: 0x00000000800008A4 (0x04070713) addi a4, a4, 0x40
x14 <- 0xFFFFFFFFDFFF0040

mem[X,0x00000000800008A8] -> 0x1713
mem[X,0x00000000800008AA] -> 0x00B7
[559] [M]: 0x00000000800008A8 (0x00B71713) slli a4, a4, 0xb
x14 <- 0xFFFFFEFFF8020000

mem[X,0x00000000800008AC] -> 0x0713
mem[X,0x00000000800008AE] -> 0x0007
[560] [M]: 0x00000000800008AC (0x00070713) addi a4, a4, 0x0
x14 <- 0xFFFFFEFFF8020000

mem[X,0x00000000800008B0] -> 0x1713
mem[X,0x00000000800008B2] -> 0x00B7
[561] [M]: 0x00000000800008B0 (0x00B71713) slli a4, a4, 0xb
x14 <- 0xFFF7FFC010000000

mem[X,0x00000000800008B4] -> 0x0713
mem[X,0x00000000800008B6] -> 0x1FF7
[562] [M]: 0x00000000800008B4 (0x1FF70713) addi a4, a4, 0x1ff
x14 <- 0xFFF7FFC0100001FF

mem[X,0x00000000800008B8] -> 0x1713
mem[X,0x00000000800008BA] -> 0x00A7
[563] [M]: 0x00000000800008B8 (0x00A71713) slli a4, a4, 0xa
x14 <- 0xDFFF00400007FC00

mem[X,0x00000000800008BC] -> 0x0713
mem[X,0x00000000800008BE] -> 0x3BF7
[564] [M]: 0x00000000800008BC (0x3BF70713) addi a4, a4, 0x3bf
x14 <- 0xDFFF00400007FFBF

mem[X,0x00000000800008C0] -> 0x08B7
mem[X,0x00000000800008C2] -> 0x000A
[565] [M]: 0x00000000800008C0 (0x000A08B7) lui a7, 0xa0
x17 <- 0x00000000000A0000

mem[X,0x00000000800008C4] -> 0x8893
mem[X,0x00000000800008C6] -> 0xFF68
[566] [M]: 0x00000000800008C4 (0xFF688893) addi a7, a7, -0xa
x17 <- 0x000000000009FFF6

mem[X,0x00000000800008C8] -> 0x9893
mem[X,0x00000000800008CA] -> 0x00B8
[567] [M]: 0x00000000800008C8 (0x00B89893) slli a7, a7, 0xb
x17 <- 0x000000004FFFB000

mem[X,0x00000000800008CC] -> 0x8893
mem[X,0x00000000800008CE] -> 0x7FF8
[568] [M]: 0x00000000800008CC (0x7FF88893) addi a7, a7, 0x7ff
x17 <- 0x000000004FFFB7FF

mem[X,0x00000000800008D0] -> 0x9893
mem[X,0x00000000800008D2] -> 0x00B8
[569] [M]: 0x00000000800008D0 (0x00B89893) slli a7, a7, 0xb
x17 <- 0x0000027FFDBFF800

mem[X,0x00000000800008D4] -> 0x8893
mem[X,0x00000000800008D6] -> 0x67F8
[570] [M]: 0x00000000800008D4 (0x67F88893) addi a7, a7, 0x67f
x17 <- 0x0000027FFDBFFE7F

mem[X,0x00000000800008D8] -> 0x9893
mem[X,0x00000000800008DA] -> 0x00A8
[571] [M]: 0x00000000800008D8 (0x00A89893) slli a7, a7, 0xa
x17 <- 0x0009FFF6FFF9FC00

mem[X,0x00000000800008DC] -> 0x8893
mem[X,0x00000000800008DE] -> 0x3FF8
[572] [M]: 0x00000000800008DC (0x3FF88893) addi a7, a7, 0x3ff
x17 <- 0x0009FFF6FFF9FFFF

mem[X,0x00000000800008E0] -> 0x77BB
mem[X,0x00000000800008E2] -> 0xC917
[573] [M]: 0x00000000800008E0 (0xC91777BB) pmhaccsu.h a5, a4, a7
x15 <- 0xFFF6AAE910061FBF

mem[X,0x00000000800008E4] -> 0xBC23
mem[X,0x00000000800008E6] -> 0x04F0
[574] [M]: 0x00000000800008E4 (0x04F0BC23) sd a5, 0x58(ra)
mem[0x00000000800041E0] <- 0xFFF6AAE910061FBF

mem[X,0x00000000800008E8] -> 0x1037
mem[X,0x00000000800008EA] -> 0x0000
[575] [M]: 0x00000000800008E8 (0x00001037) lui zero, 0x1

mem[X,0x00000000800008EC] -> 0x0013
mem[X,0x00000000800008EE] -> 0x0000
[576] [M]: 0x00000000800008EC (0x00000013) addi zero, zero, 0x0

mem[X,0x00000000800008F0] -> 0x1013
mem[X,0x00000000800008F2] -> 0x00B0
[577] [M]: 0x00000000800008F0 (0x00B01013) slli zero, zero, 0xb

mem[X,0x00000000800008F4] -> 0x0013
mem[X,0x00000000800008F6] -> 0x0020
[578] [M]: 0x00000000800008F4 (0x00200013) addi zero, zero, 0x2

mem[X,0x00000000800008F8] -> 0x1013
mem[X,0x00000000800008FA] -> 0x00B0
[579] [M]: 0x00000000800008F8 (0x00B01013) slli zero, zero, 0xb

mem[X,0x00000000800008FC] -> 0x0013
mem[X,0x00000000800008FE] -> 0x03F0
[580] [M]: 0x00000000800008FC (0x03F00013) addi zero, zero, 0x3f

mem[X,0x0000000080000900] -> 0x1013
mem[X,0x0000000080000902] -> 0x00A0
[581] [M]: 0x0000000080000900 (0x00A01013) slli zero, zero, 0xa

mem[X,0x0000000080000904] -> 0x0013
mem[X,0x0000000080000906] -> 0x37F0
[582] [M]: 0x0000000080000904 (0x37F00013) addi zero, zero, 0x37f

mem[X,0x0000000080000908] -> 0x45B7
mem[X,0x000000008000090A] -> 0xFDFF
[583] [M]: 0x0000000080000908 (0xFDFF45B7) lui a1, -0x200c
x11 <- 0xFFFFFFFFFDFF4000

mem[X,0x000000008000090C] -> 0x8593
mem[X,0x000000008000090E] -> 0x0005
[584] [M]: 0x000000008000090C (0x00058593) addi a1, a1, 0x0
x11 <- 0xFFFFFFFFFDFF4000

mem[X,0x0000000080000910] -> 0x9593
mem[X,0x0000000080000912] -> 0x00B5
[585] [M]: 0x0000000080000910 (0x00B59593) slli a1, a1, 0xb
x11 <- 0xFFFFFFEFFA000000

mem[X,0x0000000080000914] -> 0x8593
mem[X,0x0000000080000916] -> 0x7FF5
[586] [M]: 0x0000000080000914 (0x7FF58593) addi a1, a1, 0x7ff
x11 <- 0xFFFFFFEFFA0007FF

mem[X,0x0000000080000918] -> 0x9593
mem[X,0x000000008000091A] -> 0x00B5
[587] [M]: 0x0000000080000918 (0x00B59593) slli a1, a1, 0xb
x11 <- 0xFFFF7FD0003FF800

mem[X,0x000000008000091C] -> 0x8593
mem[X,0x000000008000091E] -> 0x5C05
[588] [M]: 0x000000008000091C (0x5C058593) addi a1, a1, 0x5c0
x11 <- 0xFFFF7FD0003FFDC0

mem[X,0x0000000080000920] -> 0x9593
mem[X,0x0000000080000922] -> 0x00A5
[589] [M]: 0x0000000080000920 (0x00A59593) slli a1, a1, 0xa
x11 <- 0xFDFF4000FFF70000

mem[X,0x0000000080000924] -> 0x8593
mem[X,0x0000000080000926] -> 0x0025
[590] [M]: 0x0000000080000924 (0x00258593) addi a1, a1, 0x2
x11 <- 0xFDFF4000FFF70002

mem[X,0x0000000080000928] -> 0x743B
mem[X,0x000000008000092A] -> 0xC8B0
[591] [M]: 0x0000000080000928 (0xC8B0743B) pmhaccsu.h fp, zero, a1
x8 <- 0xFFF80002FFEFFFFE

mem[X,0x000000008000092C] -> 0xB023
mem[X,0x000000008000092E] -> 0x0680
[592] [M]: 0x000000008000092C (0x0680B023) sd fp, 0x60(ra)
mem[0x00000000800041E8] <- 0xFFF80002FFEFFFFE

mem[X,0x0000000080000930] -> 0x09B7
mem[X,0x0000000080000932] -> 0xFFFD
[593] [M]: 0x0000000080000930 (0xFFFD09B7) lui s3, -0x30
x19 <- 0xFFFFFFFFFFFD0000

mem[X,0x0000000080000934] -> 0x8993
mem[X,0x0000000080000936] -> 0xEFF9
[594] [M]: 0x0000000080000934 (0xEFF98993) addi s3, s3, -0x101
x19 <- 0xFFFFFFFFFFFCFEFF

mem[X,0x0000000080000938] -> 0x9993
mem[X,0x000000008000093A] -> 0x00B9
[595] [M]: 0x0000000080000938 (0x00B99993) slli s3, s3, 0xb
x19 <- 0xFFFFFFFFE7F7F800

mem[X,0x000000008000093C] -> 0x8993
mem[X,0x000000008000093E] -> 0x1009
[596] [M]: 0x000000008000093C (0x10098993) addi s3, s3, 0x100
x19 <- 0xFFFFFFFFE7F7F900

mem[X,0x0000000080000940] -> 0x9993
mem[X,0x0000000080000942] -> 0x00B9
[597] [M]: 0x0000000080000940 (0x00B99993) slli s3, s3, 0xb
x19 <- 0xFFFFFF3FBFC80000

mem[X,0x0000000080000944] -> 0x8993
mem[X,0x0000000080000946] -> 0x03F9
[598] [M]: 0x0000000080000944 (0x03F98993) addi s3, s3, 0x3f
x19 <- 0xFFFFFF3FBFC8003F

mem[X,0x0000000080000948] -> 0x9993
mem[X,0x000000008000094A] -> 0x00A9
[599] [M]: 0x0000000080000948 (0x00A99993) slli s3, s3, 0xa
x19 <- 0xFFFCFEFF2000FC00

clint::tick mtime <- 0x0000000000000006
 clint timer pending at mtime 0x0000000000000006
htif::tick 0x0000000000000000
mem[X,0x000000008000094C] -> 0x8993
mem[X,0x000000008000094E] -> 0x2FF9
[600] [M]: 0x000000008000094C (0x2FF98993) addi s3, s3, 0x2ff
x19 <- 0xFFFCFEFF2000FEFF

mem[X,0x0000000080000950] -> 0x07B7
mem[X,0x0000000080000952] -> 0xFFFC
[601] [M]: 0x0000000080000950 (0xFFFC07B7) lui a5, -0x40
x15 <- 0xFFFFFFFFFFFC0000

mem[X,0x0000000080000954] -> 0x8793
mem[X,0x0000000080000956] -> 0x0057
[602] [M]: 0x0000000080000954 (0x00578793) addi a5, a5, 0x5
x15 <- 0xFFFFFFFFFFFC0005

mem[X,0x0000000080000958] -> 0x9793
mem[X,0x000000008000095A] -> 0x00B7
[603] [M]: 0x0000000080000958 (0x00B79793) slli a5, a5, 0xb
x15 <- 0xFFFFFFFFE0002800

mem[X,0x000000008000095C] -> 0x8793
mem[X,0x000000008000095E] -> 0x4007
[604] [M]: 0x000000008000095C (0x40078793) addi a5, a5, 0x400
x15 <- 0xFFFFFFFFE0002C00

mem[X,0x0000000080000960] -> 0x9793
mem[X,0x0000000080000962] -> 0x00B7
[605] [M]: 0x0000000080000960 (0x00B79793) slli a5, a5, 0xb
x15 <- 0xFFFFFF0001600000

mem[X,0x0000000080000964] -> 0x8793
mem[X,0x0000000080000966] -> 0x0007
[606] [M]: 0x0000000080000964 (0x00078793) addi a5, a5, 0x0
x15 <- 0xFFFFFF0001600000

mem[X,0x0000000080000968] -> 0x9793
mem[X,0x000000008000096A] -> 0x00A7
[607] [M]: 0x0000000080000968 (0x00A79793) slli a5, a5, 0xa
x15 <- 0xFFFC000580000000

mem[X,0x000000008000096C] -> 0x8793
mem[X,0x000000008000096E] -> 0x0077
[608] [M]: 0x000000008000096C (0x00778793) addi a5, a5, 0x7
x15 <- 0xFFFC000580000007

mem[X,0x0000000080000970] -> 0xFF3B
mem[X,0x0000000080000972] -> 0xC8F9
[609] [M]: 0x0000000080000970 (0xC8F9FF3B) pmhaccsu.h t5, s3, a5
x30 <- 0x7FFBFFF81200FFF9

mem[X,0x0000000080000974] -> 0xB423
mem[X,0x0000000080000976] -> 0x07E0
[610] [M]: 0x0000000080000974 (0x07E0B423) sd t5, 0x68(ra)
mem[0x00000000800041F0] <- 0x7FFBFFF81200FFF9

mem[X,0x0000000080000978] -> 0x0F37
mem[X,0x000000008000097A] -> 0x8000
[611] [M]: 0x0000000080000978 (0x80000F37) lui t5, -0x80000
x30 <- 0xFFFFFFFF80000000

mem[X,0x000000008000097C] -> 0x0F13
mem[X,0x000000008000097E] -> 0xFFCF
[612] [M]: 0x000000008000097C (0xFFCF0F13) addi t5, t5, -0x4
x30 <- 0xFFFFFFFF7FFFFFFC

mem[X,0x0000000080000980] -> 0x1F13
mem[X,0x0000000080000982] -> 0x00BF
[613] [M]: 0x0000000080000980 (0x00BF1F13) slli t5, t5, 0xb
x30 <- 0xFFFFFBFFFFFFE000

mem[X,0x0000000080000984] -> 0x0F13
mem[X,0x0000000080000986] -> 0x7BFF
[614] [M]: 0x0000000080000984 (0x7BFF0F13) addi t5, t5, 0x7bf
x30 <- 0xFFFFFBFFFFFFE7BF

mem[X,0x0000000080000988] -> 0x1F13
mem[X,0x000000008000098A] -> 0x00BF
[615] [M]: 0x0000000080000988 (0x00BF1F13) slli t5, t5, 0xb
x30 <- 0xFFDFFFFFFF3DF800

mem[X,0x000000008000098C] -> 0x0F13
mem[X,0x000000008000098E] -> 0x7FFF
[616] [M]: 0x000000008000098C (0x7FFF0F13) addi t5, t5, 0x7ff
x30 <- 0xFFDFFFFFFF3DFFFF

mem[X,0x0000000080000990] -> 0x1F13
mem[X,0x0000000080000992] -> 0x00AF
[617] [M]: 0x0000000080000990 (0x00AF1F13) slli t5, t5, 0xa
x30 <- 0x7FFFFFFCF7FFFC00

mem[X,0x0000000080000994] -> 0x0F13
mem[X,0x0000000080000996] -> 0x1FFF
[618] [M]: 0x0000000080000994 (0x1FFF0F13) addi t5, t5, 0x1ff
x30 <- 0x7FFFFFFCF7FFFDFF

mem[X,0x0000000080000998] -> 0x0A37
mem[X,0x000000008000099A] -> 0x3FFF
[619] [M]: 0x0000000080000998 (0x3FFF0A37) lui s4, 0x3fff0
x20 <- 0x000000003FFF0000

mem[X,0x000000008000099C] -> 0x0A13
mem[X,0x000000008000099E] -> 0x005A
[620] [M]: 0x000000008000099C (0x005A0A13) addi s4, s4, 0x5
x20 <- 0x000000003FFF0005

mem[X,0x00000000800009A0] -> 0x1A13
mem[X,0x00000000800009A2] -> 0x00BA
[621] [M]: 0x00000000800009A0 (0x00BA1A13) slli s4, s4, 0xb
x20 <- 0x000001FFF8002800

mem[X,0x00000000800009A4] -> 0x0A13
mem[X,0x00000000800009A6] -> 0x000A
[622] [M]: 0x00000000800009A4 (0x000A0A13) addi s4, s4, 0x0
x20 <- 0x000001FFF8002800

mem[X,0x00000000800009A8] -> 0x1A13
mem[X,0x00000000800009AA] -> 0x00BA
[623] [M]: 0x00000000800009A8 (0x00BA1A13) slli s4, s4, 0xb
x20 <- 0x000FFFC001400000

mem[X,0x00000000800009AC] -> 0x0A13
mem[X,0x00000000800009AE] -> 0x401A
[624] [M]: 0x00000000800009AC (0x401A0A13) addi s4, s4, 0x401
x20 <- 0x000FFFC001400401

mem[X,0x00000000800009B0] -> 0x1A13
mem[X,0x00000000800009B2] -> 0x00AA
[625] [M]: 0x00000000800009B0 (0x00AA1A13) slli s4, s4, 0xa
x20 <- 0x3FFF000500100400

mem[X,0x00000000800009B4] -> 0x783B
mem[X,0x00000000800009B6] -> 0xC94F
[626] [M]: 0x00000000800009B4 (0xC94F783B) pmhaccsu.h a6, t5, s4
x16 <- 0x20010003FFF8FFFB

mem[X,0x00000000800009B8] -> 0xB823
mem[X,0x00000000800009BA] -> 0x0700
[627] [M]: 0x00000000800009B8 (0x0700B823) sd a6, 0x70(ra)
mem[0x00000000800041F8] <- 0x20010003FFF8FFFB

mem[X,0x00000000800009BC] -> 0x1B37
mem[X,0x00000000800009BE] -> 0xFF7F
[628] [M]: 0x00000000800009BC (0xFF7F1B37) lui s6, -0x80f
x22 <- 0xFFFFFFFFFF7F1000

mem[X,0x00000000800009C0] -> 0x0B13
mem[X,0x00000000800009C2] -> 0x000B
[629] [M]: 0x00000000800009C0 (0x000B0B13) addi s6, s6, 0x0
x22 <- 0xFFFFFFFFFF7F1000

mem[X,0x00000000800009C4] -> 0x1B13
mem[X,0x00000000800009C6] -> 0x00BB
[630] [M]: 0x00000000800009C4 (0x00BB1B13) slli s6, s6, 0xb
x22 <- 0xFFFFFFFBF8800000

mem[X,0x00000000800009C8] -> 0x0B13
mem[X,0x00000000800009CA] -> 0x004B
[631] [M]: 0x00000000800009C8 (0x004B0B13) addi s6, s6, 0x4
x22 <- 0xFFFFFFFBF8800004

mem[X,0x00000000800009CC] -> 0x1B13
mem[X,0x00000000800009CE] -> 0x00BB
[632] [M]: 0x00000000800009CC (0x00BB1B13) slli s6, s6, 0xb
x22 <- 0xFFFFDFC400002000

mem[X,0x00000000800009D0] -> 0x0B13
mem[X,0x00000000800009D2] -> 0x03EB
[633] [M]: 0x00000000800009D0 (0x03EB0B13) addi s6, s6, 0x3e
x22 <- 0xFFFFDFC40000203E

mem[X,0x00000000800009D4] -> 0x1B13
mem[X,0x00000000800009D6] -> 0x00AB
[634] [M]: 0x00000000800009D4 (0x00AB1B13) slli s6, s6, 0xa
x22 <- 0xFF7F10000080F800

mem[X,0x00000000800009D8] -> 0x0B13
mem[X,0x00000000800009DA] -> 0x3FFB
[635] [M]: 0x00000000800009D8 (0x3FFB0B13) addi s6, s6, 0x3ff
x22 <- 0xFF7F10000080FBFF

mem[X,0x00000000800009DC] -> 0x0EB7
mem[X,0x00000000800009DE] -> 0x0007
[636] [M]: 0x00000000800009DC (0x00070EB7) lui t4, 0x70
x29 <- 0x0000000000070000

mem[X,0x00000000800009E0] -> 0x8E93
mem[X,0x00000000800009E2] -> 0xEFFE
[637] [M]: 0x00000000800009E0 (0xEFFE8E93) addi t4, t4, -0x101
x29 <- 0x000000000006FEFF

mem[X,0x00000000800009E4] -> 0x9E93
mem[X,0x00000000800009E6] -> 0x00BE
[638] [M]: 0x00000000800009E4 (0x00BE9E93) slli t4, t4, 0xb
x29 <- 0x0000000037F7F800

mem[X,0x00000000800009E8] -> 0x8E93
mem[X,0x00000000800009EA] -> 0x2AAE
[639] [M]: 0x00000000800009E8 (0x2AAE8E93) addi t4, t4, 0x2aa
x29 <- 0x0000000037F7FAAA

mem[X,0x00000000800009EC] -> 0x9E93
mem[X,0x00000000800009EE] -> 0x00BE
[640] [M]: 0x00000000800009EC (0x00BE9E93) slli t4, t4, 0xb
x29 <- 0x000001BFBFD55000

mem[X,0x00000000800009F0] -> 0x8E93
mem[X,0x00000000800009F2] -> 0x540E
[641] [M]: 0x00000000800009F0 (0x540E8E93) addi t4, t4, 0x540
x29 <- 0x000001BFBFD55540

mem[X,0x00000000800009F4] -> 0x9E93
mem[X,0x00000000800009F6] -> 0x00AE
[642] [M]: 0x00000000800009F4 (0x00AE9E93) slli t4, t4, 0xa
x29 <- 0x0006FEFF55550000

mem[X,0x00000000800009F8] -> 0x8E93
mem[X,0x00000000800009FA] -> 0x040E
[643] [M]: 0x00000000800009F8 (0x040E8E93) addi t4, t4, 0x40
x29 <- 0x0006FEFF55550040

mem[X,0x00000000800009FC] -> 0x73BB
mem[X,0x00000000800009FE] -> 0xC9DB
[644] [M]: 0x00000000800009FC (0xC9DB73BB) pmhaccsu.h t2, s6, t4
x7 <- 0xFFF60FEE0022FFFC

mem[X,0x0000000080000A00] -> 0xBC23
mem[X,0x0000000080000A02] -> 0x0670
[645] [M]: 0x0000000080000A00 (0x0670BC23) sd t2, 0x78(ra)
mem[0x0000000080004200] <- 0xFFF60FEE0022FFFC

mem[X,0x0000000080000A04] -> 0x0013
mem[X,0x0000000080000A06] -> 0x0000
[646] [M]: 0x0000000080000A04 (0x00000013) addi zero, zero, 0x0

mem[X,0x0000000080000A08] -> 0x0013
mem[X,0x0000000080000A0A] -> 0x0000
[647] [M]: 0x0000000080000A08 (0x00000013) addi zero, zero, 0x0

mem[X,0x0000000080000A0C] -> 0x0013
mem[X,0x0000000080000A0E] -> 0x0000
[648] [M]: 0x0000000080000A0C (0x00000013) addi zero, zero, 0x0

mem[X,0x0000000080000A10] -> 0x0013
mem[X,0x0000000080000A12] -> 0x0000
[649] [M]: 0x0000000080000A10 (0x00000013) addi zero, zero, 0x0

mem[X,0x0000000080000A14] -> 0x0013
mem[X,0x0000000080000A16] -> 0x0000
[650] [M]: 0x0000000080000A14 (0x00000013) addi zero, zero, 0x0

mem[X,0x0000000080000A18] -> 0x0013
mem[X,0x0000000080000A1A] -> 0x0000
[651] [M]: 0x0000000080000A18 (0x00000013) addi zero, zero, 0x0

mem[X,0x0000000080000A1C] -> 0x0013
mem[X,0x0000000080000A1E] -> 0x0000
[652] [M]: 0x0000000080000A1C (0x00000013) addi zero, zero, 0x0

mem[X,0x0000000080000A20] -> 0x3097
mem[X,0x0000000080000A22] -> 0x0000
[653] [M]: 0x0000000080000A20 (0x00003097) auipc ra, 0x3
x1 <- 0x0000000080003A20

mem[X,0x0000000080000A24] -> 0x8093
mem[X,0x0000000080000A26] -> 0x7E80
[654] [M]: 0x0000000080000A24 (0x7E808093) addi ra, ra, 0x7e8
x1 <- 0x0000000080004208

mem[X,0x0000000080000A28] -> 0x0013
mem[X,0x0000000080000A2A] -> 0x0000
[655] [M]: 0x0000000080000A28 (0x00000013) addi zero, zero, 0x0

mem[X,0x0000000080000A2C] -> 0x0013
mem[X,0x0000000080000A2E] -> 0x0000
[656] [M]: 0x0000000080000A2C (0x00000013) addi zero, zero, 0x0

mem[X,0x0000000080000A30] -> 0x0013
mem[X,0x0000000080000A32] -> 0x0000
[657] [M]: 0x0000000080000A30 (0x00000013) addi zero, zero, 0x0

mem[X,0x0000000080000A34] -> 0x0013
mem[X,0x0000000080000A36] -> 0x0000
[658] [M]: 0x0000000080000A34 (0x00000013) addi zero, zero, 0x0

mem[X,0x0000000080000A38] -> 0x0013
mem[X,0x0000000080000A3A] -> 0x0000
[659] [M]: 0x0000000080000A38 (0x00000013) addi zero, zero, 0x0

mem[X,0x0000000080000A3C] -> 0x0013
mem[X,0x0000000080000A3E] -> 0x0000
[660] [M]: 0x0000000080000A3C (0x00000013) addi zero, zero, 0x0

mem[X,0x0000000080000A40] -> 0x0AB7
mem[X,0x0000000080000A42] -> 0xFDFF
[661] [M]: 0x0000000080000A40 (0xFDFF0AB7) lui s5, -0x2010
x21 <- 0xFFFFFFFFFDFF0000

mem[X,0x0000000080000A44] -> 0x8A93
mem[X,0x0000000080000A46] -> 0x001A
[662] [M]: 0x0000000080000A44 (0x001A8A93) addi s5, s5, 0x1
x21 <- 0xFFFFFFFFFDFF0001

mem[X,0x0000000080000A48] -> 0x9A93
mem[X,0x0000000080000A4A] -> 0x00BA
[663] [M]: 0x0000000080000A48 (0x00BA9A93) slli s5, s5, 0xb
x21 <- 0xFFFFFFEFF8000800

mem[X,0x0000000080000A4C] -> 0x8A93
mem[X,0x0000000080000A4E] -> 0x2AAA
[664] [M]: 0x0000000080000A4C (0x2AAA8A93) addi s5, s5, 0x2aa
x21 <- 0xFFFFFFEFF8000AAA

mem[X,0x0000000080000A50] -> 0x9A93
mem[X,0x0000000080000A52] -> 0x00BA
[665] [M]: 0x0000000080000A50 (0x00BA9A93) slli s5, s5, 0xb
x21 <- 0xFFFF7FC000555000

mem[X,0x0000000080000A54] -> 0x8A93
mem[X,0x0000000080000A56] -> 0x57DA
[666] [M]: 0x0000000080000A54 (0x57DA8A93) addi s5, s5, 0x57d
x21 <- 0xFFFF7FC00055557D

mem[X,0x0000000080000A58] -> 0x9A93
mem[X,0x0000000080000A5A] -> 0x00AA
[667] [M]: 0x0000000080000A58 (0x00AA9A93) slli s5, s5, 0xa
x21 <- 0xFDFF00015555F400

mem[X,0x0000000080000A5C] -> 0x8A93
mem[X,0x0000000080000A5E] -> 0x3FFA
[668] [M]: 0x0000000080000A5C (0x3FFA8A93) addi s5, s5, 0x3ff
x21 <- 0xFDFF00015555F7FF

mem[X,0x0000000080000A60] -> 0x0DB7
mem[X,0x0000000080000A62] -> 0x0801
[669] [M]: 0x0000000080000A60 (0x08010DB7) lui s11, 0x8010
x27 <- 0x0000000008010000

mem[X,0x0000000080000A64] -> 0x8D93
mem[X,0x0000000080000A66] -> 0xBFFD
[670] [M]: 0x0000000080000A64 (0xBFFD8D93) addi s11, s11, -0x401
x27 <- 0x000000000800FBFF

mem[X,0x0000000080000A68] -> 0x9D93
mem[X,0x0000000080000A6A] -> 0x00BD
[671] [M]: 0x0000000080000A68 (0x00BD9D93) slli s11, s11, 0xb
x27 <- 0x0000004007DFF800

mem[X,0x0000000080000A6C] -> 0x8D93
mem[X,0x0000000080000A6E] -> 0x000D
[672] [M]: 0x0000000080000A6C (0x000D8D93) addi s11, s11, 0x0
x27 <- 0x0000004007DFF800

mem[X,0x0000000080000A70] -> 0x9D93
mem[X,0x0000000080000A72] -> 0x00BD
[673] [M]: 0x0000000080000A70 (0x00BD9D93) slli s11, s11, 0xb
x27 <- 0x0002003EFFC00000

mem[X,0x0000000080000A74] -> 0x8D93
mem[X,0x0000000080000A76] -> 0x17FD
[674] [M]: 0x0000000080000A74 (0x17FD8D93) addi s11, s11, 0x17f
x27 <- 0x0002003EFFC0017F

mem[X,0x0000000080000A78] -> 0x9D93
mem[X,0x0000000080000A7A] -> 0x00AD
[675] [M]: 0x0000000080000A78 (0x00AD9D93) slli s11, s11, 0xa
x27 <- 0x0800FBFF0005FC00

mem[X,0x0000000080000A7C] -> 0x8D93
mem[X,0x0000000080000A7E] -> 0x3F8D
[676] [M]: 0x0000000080000A7C (0x3F8D8D93) addi s11, s11, 0x3f8
x27 <- 0x0800FBFF0005FFF8

mem[X,0x0000000080000A80] -> 0xFCBB
mem[X,0x0000000080000A82] -> 0xC9BA
[677] [M]: 0x0000000080000A80 (0xC9BAFCBB) pmhaccsu.h s9, s5, s11
x25 <- 0xFFF70005080137FE

mem[X,0x0000000080000A84] -> 0xB023
mem[X,0x0000000080000A86] -> 0x0190
[678] [M]: 0x0000000080000A84 (0x0190B023) sd s9, 0x0(ra)
mem[0x0000000080004208] <- 0xFFF70005080137FE

mem[X,0x0000000080000A88] -> 0x0DB7
mem[X,0x0000000080000A8A] -> 0xBFFF
[679] [M]: 0x0000000080000A88 (0xBFFF0DB7) lui s11, -0x40010
x27 <- 0xFFFFFFFFBFFF0000

mem[X,0x0000000080000A8C] -> 0x8D93
mem[X,0x0000000080000A8E] -> 0x400D
[680] [M]: 0x0000000080000A8C (0x400D8D93) addi s11, s11, 0x400
x27 <- 0xFFFFFFFFBFFF0400

mem[X,0x0000000080000A90] -> 0x9D93
mem[X,0x0000000080000A92] -> 0x00BD
[681] [M]: 0x0000000080000A90 (0x00BD9D93) slli s11, s11, 0xb
x27 <- 0xFFFFFDFFF8200000

mem[X,0x0000000080000A94] -> 0x8D93
mem[X,0x0000000080000A96] -> 0x7FFD
[682] [M]: 0x0000000080000A94 (0x7FFD8D93) addi s11, s11, 0x7ff
x27 <- 0xFFFFFDFFF82007FF

mem[X,0x0000000080000A98] -> 0x9D93
mem[X,0x0000000080000A9A] -> 0x00BD
[683] [M]: 0x0000000080000A98 (0x00BD9D93) slli s11, s11, 0xb
x27 <- 0xFFEFFFC1003FF800

mem[X,0x0000000080000A9C] -> 0x8D93
mem[X,0x0000000080000A9E] -> 0x5BBD
[684] [M]: 0x0000000080000A9C (0x5BBD8D93) addi s11, s11, 0x5bb
x27 <- 0xFFEFFFC1003FFDBB

mem[X,0x0000000080000AA0] -> 0x9D93
mem[X,0x0000000080000AA2] -> 0x00AD
[685] [M]: 0x0000000080000AA0 (0x00AD9D93) slli s11, s11, 0xa
x27 <- 0xBFFF0400FFF6EC00

mem[X,0x0000000080000AA4] -> 0x8D93
mem[X,0x0000000080000AA6] -> 0x3FFD
[686] [M]: 0x0000000080000AA4 (0x3FFD8D93) addi s11, s11, 0x3ff
x27 <- 0xBFFF0400FFF6EFFF

mem[X,0x0000000080000AA8] -> 0xFE37
mem[X,0x0000000080000AAA] -> 0xC000
[687] [M]: 0x0000000080000AA8 (0xC000FE37) lui t3, -0x3fff1
x28 <- 0xFFFFFFFFC000F000

mem[X,0x0000000080000AAC] -> 0x0E13
mem[X,0x0000000080000AAE] -> 0x7FFE
[688] [M]: 0x0000000080000AAC (0x7FFE0E13) addi t3, t3, 0x7ff
x28 <- 0xFFFFFFFFC000F7FF

mem[X,0x0000000080000AB0] -> 0x1E13
mem[X,0x0000000080000AB2] -> 0x00BE
[689] [M]: 0x0000000080000AB0 (0x00BE1E13) slli t3, t3, 0xb
x28 <- 0xFFFFFE0007BFF800

mem[X,0x0000000080000AB4] -> 0x0E13
mem[X,0x0000000080000AB6] -> 0x000E
[690] [M]: 0x0000000080000AB4 (0x000E0E13) addi t3, t3, 0x0
x28 <- 0xFFFFFE0007BFF800

mem[X,0x0000000080000AB8] -> 0x1E13
mem[X,0x0000000080000ABA] -> 0x00BE
[691] [M]: 0x0000000080000AB8 (0x00BE1E13) slli t3, t3, 0xb
x28 <- 0xFFF0003DFFC00000

mem[X,0x0000000080000ABC] -> 0x0E13
mem[X,0x0000000080000ABE] -> 0x0BFE
[692] [M]: 0x0000000080000ABC (0x0BFE0E13) addi t3, t3, 0xbf
x28 <- 0xFFF0003DFFC000BF

mem[X,0x0000000080000AC0] -> 0x1E13
mem[X,0x0000000080000AC2] -> 0x00AE
[693] [M]: 0x0000000080000AC0 (0x00AE1E13) slli t3, t3, 0xa
x28 <- 0xC000F7FF0002FC00

mem[X,0x0000000080000AC4] -> 0x0E13
mem[X,0x0000000080000AC6] -> 0x37FE
[694] [M]: 0x0000000080000AC4 (0x37FE0E13) addi t3, t3, 0x37f
x28 <- 0xC000F7FF0002FF7F

mem[X,0x0000000080000AC8] -> 0xFB3B
mem[X,0x0000000080000ACA] -> 0xC9CD
[695] [M]: 0x0000000080000AC8 (0xC9CDFB3B) pmhaccsu.h s6, s11, t3
x22 <- 0xCF7E13DF007FEC06

mem[X,0x0000000080000ACC] -> 0xB423
mem[X,0x0000000080000ACE] -> 0x0160
[696] [M]: 0x0000000080000ACC (0x0160B423) sd s6, 0x8(ra)
mem[0x0000000080004210] <- 0xCF7E13DF007FEC06

mem[X,0x0000000080000AD0] -> 0x0F37
mem[X,0x0000000080000AD2] -> 0xFFC0
[697] [M]: 0x0000000080000AD0 (0xFFC00F37) lui t5, -0x400
x30 <- 0xFFFFFFFFFFC00000

mem[X,0x0000000080000AD4] -> 0x0F13
mem[X,0x0000000080000AD6] -> 0xFFDF
[698] [M]: 0x0000000080000AD4 (0xFFDF0F13) addi t5, t5, -0x3
x30 <- 0xFFFFFFFFFFBFFFFD

mem[X,0x0000000080000AD8] -> 0x1F13
mem[X,0x0000000080000ADA] -> 0x00BF
[699] [M]: 0x0000000080000AD8 (0x00BF1F13) slli t5, t5, 0xb
x30 <- 0xFFFFFFFDFFFFE800

clint::tick mtime <- 0x0000000000000007
 clint timer pending at mtime 0x0000000000000007
htif::tick 0x0000000000000000
mem[X,0x0000000080000ADC] -> 0x0F13
mem[X,0x0000000080000ADE] -> 0x000F
[700] [M]: 0x0000000080000ADC (0x000F0F13) addi t5, t5, 0x0
x30 <- 0xFFFFFFFDFFFFE800

mem[X,0x0000000080000AE0] -> 0x1F13
mem[X,0x0000000080000AE2] -> 0x00BF
[701] [M]: 0x0000000080000AE0 (0x00BF1F13) slli t5, t5, 0xb
x30 <- 0xFFFFEFFFFF400000

mem[X,0x0000000080000AE4] -> 0x0F13
mem[X,0x0000000080000AE6] -> 0x037F
[702] [M]: 0x0000000080000AE4 (0x037F0F13) addi t5, t5, 0x37
x30 <- 0xFFFFEFFFFF400037

mem[X,0x0000000080000AE8] -> 0x1F13
mem[X,0x0000000080000AEA] -> 0x00AF
[703] [M]: 0x0000000080000AE8 (0x00AF1F13) slli t5, t5, 0xa
x30 <- 0xFFBFFFFD0000DC00

mem[X,0x0000000080000AEC] -> 0x0F13
mem[X,0x0000000080000AEE] -> 0x3FFF
[704] [M]: 0x0000000080000AEC (0x3FFF0F13) addi t5, t5, 0x3ff
x30 <- 0xFFBFFFFD0000DFFF

mem[X,0x0000000080000AF0] -> 0x0EB7
mem[X,0x0000000080000AF2] -> 0x3FFF
[705] [M]: 0x0000000080000AF0 (0x3FFF0EB7) lui t4, 0x3fff0
x29 <- 0x000000003FFF0000

mem[X,0x0000000080000AF4] -> 0x8E93
mem[X,0x0000000080000AF6] -> 0x002E
[706] [M]: 0x0000000080000AF4 (0x002E8E93) addi t4, t4, 0x2
x29 <- 0x000000003FFF0002

mem[X,0x0000000080000AF8] -> 0x9E93
mem[X,0x0000000080000AFA] -> 0x00BE
[707] [M]: 0x0000000080000AF8 (0x00BE9E93) slli t4, t4, 0xb
x29 <- 0x000001FFF8001000

mem[X,0x0000000080000AFC] -> 0x8E93
mem[X,0x0000000080000AFE] -> 0x7FFE
[708] [M]: 0x0000000080000AFC (0x7FFE8E93) addi t4, t4, 0x7ff
x29 <- 0x000001FFF80017FF

mem[X,0x0000000080000B00] -> 0x9E93
mem[X,0x0000000080000B02] -> 0x00BE
[709] [M]: 0x0000000080000B00 (0x00BE9E93) slli t4, t4, 0xb
x29 <- 0x000FFFC000BFF800

mem[X,0x0000000080000B04] -> 0x8E93
mem[X,0x0000000080000B06] -> 0x3D5E
[710] [M]: 0x0000000080000B04 (0x3D5E8E93) addi t4, t4, 0x3d5
x29 <- 0x000FFFC000BFFBD5

mem[X,0x0000000080000B08] -> 0x9E93
mem[X,0x0000000080000B0A] -> 0x00AE
[711] [M]: 0x0000000080000B08 (0x00AE9E93) slli t4, t4, 0xa
x29 <- 0x3FFF0002FFEF5400

mem[X,0x0000000080000B0C] -> 0x8E93
mem[X,0x0000000080000B0E] -> 0x155E
[712] [M]: 0x0000000080000B0C (0x155E8E93) addi t4, t4, 0x155
x29 <- 0x3FFF0002FFEF5555

mem[X,0x0000000080000B10] -> 0x7FBB
mem[X,0x0000000080000B12] -> 0xC9DF
[713] [M]: 0x0000000080000B10 (0xC9DF7FBB) pmhaccsu.h t6, t5, t4
x31 <- 0x07EFFBFE0003F955

mem[X,0x0000000080000B14] -> 0xB823
mem[X,0x0000000080000B16] -> 0x01F0
[714] [M]: 0x0000000080000B14 (0x01F0B823) sd t6, 0x10(ra)
mem[0x0000000080004218] <- 0x07EFFBFE0003F955

mem[X,0x0000000080000B18] -> 0x0F37
mem[X,0x0000000080000B1A] -> 0xC001
[715] [M]: 0x0000000080000B18 (0xC0010F37) lui t5, -0x3fff0
x30 <- 0xFFFFFFFFC0010000

mem[X,0x0000000080000B1C] -> 0x0F13
mem[X,0x0000000080000B1E] -> 0xFFFF
[716] [M]: 0x0000000080000B1C (0xFFFF0F13) addi t5, t5, -0x1
x30 <- 0xFFFFFFFFC000FFFF

mem[X,0x0000000080000B20] -> 0x1F13
mem[X,0x0000000080000B22] -> 0x00BF
[717] [M]: 0x0000000080000B20 (0x00BF1F13) slli t5, t5, 0xb
x30 <- 0xFFFFFE0007FFF800

mem[X,0x0000000080000B24] -> 0x0F13
mem[X,0x0000000080000B26] -> 0x3FFF
[718] [M]: 0x0000000080000B24 (0x3FFF0F13) addi t5, t5, 0x3ff
x30 <- 0xFFFFFE0007FFFBFF

mem[X,0x0000000080000B28] -> 0x1F13
mem[X,0x0000000080000B2A] -> 0x00BF
[719] [M]: 0x0000000080000B28 (0x00BF1F13) slli t5, t5, 0xb
x30 <- 0xFFF0003FFFDFF800

mem[X,0x0000000080000B2C] -> 0x0F13
mem[X,0x0000000080000B2E] -> 0x7EFF
[720] [M]: 0x0000000080000B2C (0x7EFF0F13) addi t5, t5, 0x7ef
x30 <- 0xFFF0003FFFDFFFEF

mem[X,0x0000000080000B30] -> 0x1F13
mem[X,0x0000000080000B32] -> 0x00AF
[721] [M]: 0x0000000080000B30 (0x00AF1F13) slli t5, t5, 0xa
x30 <- 0xC000FFFF7FFFBC00

mem[X,0x0000000080000B34] -> 0x0F13
mem[X,0x0000000080000B36] -> 0x3FFF
[722] [M]: 0x0000000080000B34 (0x3FFF0F13) addi t5, t5, 0x3ff
x30 <- 0xC000FFFF7FFFBFFF

mem[X,0x0000000080000B38] -> 0x0EB7
mem[X,0x0000000080000B3A] -> 0x0007
[723] [M]: 0x0000000080000B38 (0x00070EB7) lui t4, 0x70
x29 <- 0x0000000000070000

mem[X,0x0000000080000B3C] -> 0x8E93
mem[X,0x0000000080000B3E] -> 0x006E
[724] [M]: 0x0000000080000B3C (0x006E8E93) addi t4, t4, 0x6
x29 <- 0x0000000000070006

mem[X,0x0000000080000B40] -> 0x9E93
mem[X,0x0000000080000B42] -> 0x00BE
[725] [M]: 0x0000000080000B40 (0x00BE9E93) slli t4, t4, 0xb
x29 <- 0x0000000038003000

mem[X,0x0000000080000B44] -> 0x8E93
mem[X,0x0000000080000B46] -> 0x400E
[726] [M]: 0x0000000080000B44 (0x400E8E93) addi t4, t4, 0x400
x29 <- 0x0000000038003400

mem[X,0x0000000080000B48] -> 0x9E93
mem[X,0x0000000080000B4A] -> 0x00BE
[727] [M]: 0x0000000080000B48 (0x00BE9E93) slli t4, t4, 0xb
x29 <- 0x000001C001A00000

mem[X,0x0000000080000B4C] -> 0x8E93
mem[X,0x0000000080000B4E] -> 0x015E
[728] [M]: 0x0000000080000B4C (0x015E8E93) addi t4, t4, 0x15
x29 <- 0x000001C001A00015

mem[X,0x0000000080000B50] -> 0x9E93
mem[X,0x0000000080000B52] -> 0x00AE
[729] [M]: 0x0000000080000B50 (0x00AE9E93) slli t4, t4, 0xa
x29 <- 0x0007000680005400

mem[X,0x0000000080000B54] -> 0x8E93
mem[X,0x0000000080000B56] -> 0x155E
[730] [M]: 0x0000000080000B54 (0x155E8E93) addi t4, t4, 0x155
x29 <- 0x0007000680005555

mem[X,0x0000000080000B58] -> 0x7FBB
mem[X,0x0000000080000B5A] -> 0xC9DF
[731] [M]: 0x0000000080000B58 (0xC9DF7FBB) pmhaccsu.h t6, t5, t4
x31 <- 0x07EDFBFD4002E3FF

mem[X,0x0000000080000B5C] -> 0xBC23
mem[X,0x0000000080000B5E] -> 0x01F0
[732] [M]: 0x0000000080000B5C (0x01F0BC23) sd t6, 0x18(ra)
mem[0x0000000080004220] <- 0x07EDFBFD4002E3FF

mem[X,0x0000000080000B60] -> 0x0F37
mem[X,0x0000000080000B62] -> 0x0008
[733] [M]: 0x0000000080000B60 (0x00080F37) lui t5, 0x80
x30 <- 0x0000000000080000

mem[X,0x0000000080000B64] -> 0x0F13
mem[X,0x0000000080000B66] -> 0xDFFF
[734] [M]: 0x0000000080000B64 (0xDFFF0F13) addi t5, t5, -0x201
x30 <- 0x000000000007FDFF

mem[X,0x0000000080000B68] -> 0x1F13
mem[X,0x0000000080000B6A] -> 0x00BF
[735] [M]: 0x0000000080000B68 (0x00BF1F13) slli t5, t5, 0xb
x30 <- 0x000000003FEFF800

mem[X,0x0000000080000B6C] -> 0x0F13
mem[X,0x0000000080000B6E] -> 0x7FFF
[736] [M]: 0x0000000080000B6C (0x7FFF0F13) addi t5, t5, 0x7ff
x30 <- 0x000000003FEFFFFF

mem[X,0x0000000080000B70] -> 0x1F13
mem[X,0x0000000080000B72] -> 0x00BF
[737] [M]: 0x0000000080000B70 (0x00BF1F13) slli t5, t5, 0xb
x30 <- 0x000001FF7FFFF800

mem[X,0x0000000080000B74] -> 0x0F13
mem[X,0x0000000080000B76] -> 0x780F
[738] [M]: 0x0000000080000B74 (0x780F0F13) addi t5, t5, 0x780
x30 <- 0x000001FF7FFFFF80

mem[X,0x0000000080000B78] -> 0x1F13
mem[X,0x0000000080000B7A] -> 0x00AF
[739] [M]: 0x0000000080000B78 (0x00AF1F13) slli t5, t5, 0xa
x30 <- 0x0007FDFFFFFE0000

mem[X,0x0000000080000B7C] -> 0x0F13
mem[X,0x0000000080000B7E] -> 0x010F
[740] [M]: 0x0000000080000B7C (0x010F0F13) addi t5, t5, 0x10
x30 <- 0x0007FDFFFFFE0010

mem[X,0x0000000080000B80] -> 0x0EB7
mem[X,0x0000000080000B82] -> 0x0005
[741] [M]: 0x0000000080000B80 (0x00050EB7) lui t4, 0x50
x29 <- 0x0000000000050000

mem[X,0x0000000080000B84] -> 0x8E93
mem[X,0x0000000080000B86] -> 0xDFFE
[742] [M]: 0x0000000080000B84 (0xDFFE8E93) addi t4, t4, -0x201
x29 <- 0x000000000004FDFF

mem[X,0x0000000080000B88] -> 0x9E93
mem[X,0x0000000080000B8A] -> 0x00BE
[743] [M]: 0x0000000080000B88 (0x00BE9E93) slli t4, t4, 0xb
x29 <- 0x0000000027EFF800

mem[X,0x0000000080000B8C] -> 0x8E93
mem[X,0x0000000080000B8E] -> 0x001E
[744] [M]: 0x0000000080000B8C (0x001E8E93) addi t4, t4, 0x1
x29 <- 0x0000000027EFF801

mem[X,0x0000000080000B90] -> 0x9E93
mem[X,0x0000000080000B92] -> 0x00BE
[745] [M]: 0x0000000080000B90 (0x00BE9E93) slli t4, t4, 0xb
x29 <- 0x0000013F7FC00800

mem[X,0x0000000080000B94] -> 0x8E93
mem[X,0x0000000080000B96] -> 0x03FE
[746] [M]: 0x0000000080000B94 (0x03FE8E93) addi t4, t4, 0x3f
x29 <- 0x0000013F7FC0083F

mem[X,0x0000000080000B98] -> 0x9E93
mem[X,0x0000000080000B9A] -> 0x00AE
[747] [M]: 0x0000000080000B98 (0x00AE9E93) slli t4, t4, 0xa
x29 <- 0x0004FDFF0020FC00

mem[X,0x0000000080000B9C] -> 0x8E93
mem[X,0x0000000080000B9E] -> 0x3F9E
[748] [M]: 0x0000000080000B9C (0x3F9E8E93) addi t4, t4, 0x3f9
x29 <- 0x0004FDFF0020FFF9

mem[X,0x0000000080000BA0] -> 0x7FBB
mem[X,0x0000000080000BA2] -> 0xC9DF
[749] [M]: 0x0000000080000BA0 (0xC9DF7FBB) pmhaccsu.h t6, t5, t4
x31 <- 0x07EDFA004001E40E

mem[X,0x0000000080000BA4] -> 0xB023
mem[X,0x0000000080000BA6] -> 0x03F0
[750] [M]: 0x0000000080000BA4 (0x03F0B023) sd t6, 0x20(ra)
mem[0x0000000080004228] <- 0x07EDFA004001E40E

mem[X,0x0000000080000BA8] -> 0x0F37
mem[X,0x0000000080000BAA] -> 0x5556
[751] [M]: 0x0000000080000BA8 (0x55560F37) lui t5, 0x55560
x30 <- 0x0000000055560000

mem[X,0x0000000080000BAC] -> 0x0F13
mem[X,0x0000000080000BAE] -> 0xFEFF
[752] [M]: 0x0000000080000BAC (0xFEFF0F13) addi t5, t5, -0x11
x30 <- 0x000000005555FFEF

mem[X,0x0000000080000BB0] -> 0x1F13
mem[X,0x0000000080000BB2] -> 0x00BF
[753] [M]: 0x0000000080000BB0 (0x00BF1F13) slli t5, t5, 0xb
x30 <- 0x000002AAAFFF7800

mem[X,0x0000000080000BB4] -> 0x0F13
mem[X,0x0000000080000BB6] -> 0x000F
[754] [M]: 0x0000000080000BB4 (0x000F0F13) addi t5, t5, 0x0
x30 <- 0x000002AAAFFF7800

mem[X,0x0000000080000BB8] -> 0x1F13
mem[X,0x0000000080000BBA] -> 0x00BF
[755] [M]: 0x0000000080000BB8 (0x00BF1F13) slli t5, t5, 0xb
x30 <- 0x0015557FFBC00000

mem[X,0x0000000080000BBC] -> 0x0F13
mem[X,0x0000000080000BBE] -> 0x200F
[756] [M]: 0x0000000080000BBC (0x200F0F13) addi t5, t5, 0x200
x30 <- 0x0015557FFBC00200

mem[X,0x0000000080000BC0] -> 0x1F13
mem[X,0x0000000080000BC2] -> 0x00AF
[757] [M]: 0x0000000080000BC0 (0x00AF1F13) slli t5, t5, 0xa
x30 <- 0x5555FFEF00080000

mem[X,0x0000000080000BC4] -> 0x0F13
mem[X,0x0000000080000BC6] -> 0x002F
[758] [M]: 0x0000000080000BC4 (0x002F0F13) addi t5, t5, 0x2
x30 <- 0x5555FFEF00080002

mem[X,0x0000000080000BC8] -> 0x0EB7
mem[X,0x0000000080000BCA] -> 0x0010
[759] [M]: 0x0000000080000BC8 (0x00100EB7) lui t4, 0x100
x29 <- 0x0000000000100000

mem[X,0x0000000080000BCC] -> 0x8E93
mem[X,0x0000000080000BCE] -> 0x001E
[760] [M]: 0x0000000080000BCC (0x001E8E93) addi t4, t4, 0x1
x29 <- 0x0000000000100001

mem[X,0x0000000080000BD0] -> 0x9E93
mem[X,0x0000000080000BD2] -> 0x00BE
[761] [M]: 0x0000000080000BD0 (0x00BE9E93) slli t4, t4, 0xb
x29 <- 0x0000000080000800

mem[X,0x0000000080000BD4] -> 0x8E93
mem[X,0x0000000080000BD6] -> 0x080E
[762] [M]: 0x0000000080000BD4 (0x080E8E93) addi t4, t4, 0x80
x29 <- 0x0000000080000880

mem[X,0x0000000080000BD8] -> 0x9E93
mem[X,0x0000000080000BDA] -> 0x00BE
[763] [M]: 0x0000000080000BD8 (0x00BE9E93) slli t4, t4, 0xb
x29 <- 0x0000040000440000

mem[X,0x0000000080000BDC] -> 0x8E93
mem[X,0x0000000080000BDE] -> 0x000E
[764] [M]: 0x0000000080000BDC (0x000E8E93) addi t4, t4, 0x0
x29 <- 0x0000040000440000

mem[X,0x0000000080000BE0] -> 0x9E93
mem[X,0x0000000080000BE2] -> 0x00AE
[765] [M]: 0x0000000080000BE0 (0x00AE9E93) slli t4, t4, 0xa
x29 <- 0x0010000110000000

mem[X,0x0000000080000BE4] -> 0x8E93
mem[X,0x0000000080000BE6] -> 0x080E
[766] [M]: 0x0000000080000BE4 (0x080E8E93) addi t4, t4, 0x80
x29 <- 0x0010000110000080

mem[X,0x0000000080000BE8] -> 0x7FBB
mem[X,0x0000000080000BEA] -> 0xC9DF
[767] [M]: 0x0000000080000BE8 (0xC9DF7FBB) pmhaccsu.h t6, t5, t4
x31 <- 0x07F2F9FF4001E40E

mem[X,0x0000000080000BEC] -> 0xB423
mem[X,0x0000000080000BEE] -> 0x03F0
[768] [M]: 0x0000000080000BEC (0x03F0B423) sd t6, 0x28(ra)
mem[0x0000000080004230] <- 0x07F2F9FF4001E40E

mem[X,0x0000000080000BF0] -> 0x0F37
mem[X,0x0000000080000BF2] -> 0xDFFF
[769] [M]: 0x0000000080000BF0 (0xDFFF0F37) lui t5, -0x20010
x30 <- 0xFFFFFFFFDFFF0000

mem[X,0x0000000080000BF4] -> 0x0F13
mem[X,0x0000000080000BF6] -> 0x009F
[770] [M]: 0x0000000080000BF4 (0x009F0F13) addi t5, t5, 0x9
x30 <- 0xFFFFFFFFDFFF0009

mem[X,0x0000000080000BF8] -> 0x1F13
mem[X,0x0000000080000BFA] -> 0x00BF
[771] [M]: 0x0000000080000BF8 (0x00BF1F13) slli t5, t5, 0xb
x30 <- 0xFFFFFEFFF8004800

mem[X,0x0000000080000BFC] -> 0x0F13
mem[X,0x0000000080000BFE] -> 0x000F
[772] [M]: 0x0000000080000BFC (0x000F0F13) addi t5, t5, 0x0
x30 <- 0xFFFFFEFFF8004800

mem[X,0x0000000080000C00] -> 0x1F13
mem[X,0x0000000080000C02] -> 0x00BF
[773] [M]: 0x0000000080000C00 (0x00BF1F13) slli t5, t5, 0xb
x30 <- 0xFFF7FFC002400000

mem[X,0x0000000080000C04] -> 0x0F13
mem[X,0x0000000080000C06] -> 0x0FDF
[774] [M]: 0x0000000080000C04 (0x0FDF0F13) addi t5, t5, 0xfd
x30 <- 0xFFF7FFC0024000FD

mem[X,0x0000000080000C08] -> 0x1F13
mem[X,0x0000000080000C0A] -> 0x00AF
[775] [M]: 0x0000000080000C08 (0x00AF1F13) slli t5, t5, 0xa
x30 <- 0xDFFF00090003F400

mem[X,0x0000000080000C0C] -> 0x0F13
mem[X,0x0000000080000C0E] -> 0x3FFF
[776] [M]: 0x0000000080000C0C (0x3FFF0F13) addi t5, t5, 0x3ff
x30 <- 0xDFFF00090003F7FF

mem[X,0x0000000080000C10] -> 0x0EB7
mem[X,0x0000000080000C12] -> 0x0040
[777] [M]: 0x0000000080000C10 (0x00400EB7) lui t4, 0x400
x29 <- 0x0000000000400000

mem[X,0x0000000080000C14] -> 0x8E93
mem[X,0x0000000080000C16] -> 0x008E
[778] [M]: 0x0000000080000C14 (0x008E8E93) addi t4, t4, 0x8
x29 <- 0x0000000000400008

mem[X,0x0000000080000C18] -> 0x9E93
mem[X,0x0000000080000C1A] -> 0x00BE
[779] [M]: 0x0000000080000C18 (0x00BE9E93) slli t4, t4, 0xb
x29 <- 0x0000000200004000

mem[X,0x0000000080000C1C] -> 0x8E93
mem[X,0x0000000080000C1E] -> 0x7FFE
[780] [M]: 0x0000000080000C1C (0x7FFE8E93) addi t4, t4, 0x7ff
x29 <- 0x00000002000047FF

mem[X,0x0000000080000C20] -> 0x9E93
mem[X,0x0000000080000C22] -> 0x00BE
[781] [M]: 0x0000000080000C20 (0x00BE9E93) slli t4, t4, 0xb
x29 <- 0x00001000023FF800

mem[X,0x0000000080000C24] -> 0x8E93
mem[X,0x0000000080000C26] -> 0x740E
[782] [M]: 0x0000000080000C24 (0x740E8E93) addi t4, t4, 0x740
x29 <- 0x00001000023FFF40

mem[X,0x0000000080000C28] -> 0x9E93
mem[X,0x0000000080000C2A] -> 0x00AE
[783] [M]: 0x0000000080000C28 (0x00AE9E93) slli t4, t4, 0xa
x29 <- 0x00400008FFFD0000

mem[X,0x0000000080000C2C] -> 0x8E93
mem[X,0x0000000080000C2E] -> 0x007E
[784] [M]: 0x0000000080000C2C (0x007E8E93) addi t4, t4, 0x7
x29 <- 0x00400008FFFD0007

mem[X,0x0000000080000C30] -> 0x7FBB
mem[X,0x0000000080000C32] -> 0xC9DF
[785] [M]: 0x0000000080000C30 (0xC9DF7FBB) pmhaccsu.h t6, t5, t4
x31 <- 0x07E9F9FF4003E40D

mem[X,0x0000000080000C34] -> 0xB823
mem[X,0x0000000080000C36] -> 0x03F0
[786] [M]: 0x0000000080000C34 (0x03F0B823) sd t6, 0x30(ra)
mem[0x0000000080004238] <- 0x07E9F9FF4003E40D

mem[X,0x0000000080000C38] -> 0x0F37
mem[X,0x0000000080000C3A] -> 0xE000
[787] [M]: 0x0000000080000C38 (0xE0000F37) lui t5, -0x20000
x30 <- 0xFFFFFFFFE0000000

mem[X,0x0000000080000C3C] -> 0x0F13
mem[X,0x0000000080000C3E] -> 0xF7FF
[788] [M]: 0x0000000080000C3C (0xF7FF0F13) addi t5, t5, -0x81
x30 <- 0xFFFFFFFFDFFFFF7F

mem[X,0x0000000080000C40] -> 0x1F13
mem[X,0x0000000080000C42] -> 0x00BF
[789] [M]: 0x0000000080000C40 (0x00BF1F13) slli t5, t5, 0xb
x30 <- 0xFFFFFEFFFFFBF800

mem[X,0x0000000080000C44] -> 0x0F13
mem[X,0x0000000080000C46] -> 0x200F
[790] [M]: 0x0000000080000C44 (0x200F0F13) addi t5, t5, 0x200
x30 <- 0xFFFFFEFFFFFBFA00

mem[X,0x0000000080000C48] -> 0x1F13
mem[X,0x0000000080000C4A] -> 0x00BF
[791] [M]: 0x0000000080000C48 (0x00BF1F13) slli t5, t5, 0xb
x30 <- 0xFFF7FFFFDFD00000

mem[X,0x0000000080000C4C] -> 0x0F13
mem[X,0x0000000080000C4E] -> 0x004F
[792] [M]: 0x0000000080000C4C (0x004F0F13) addi t5, t5, 0x4
x30 <- 0xFFF7FFFFDFD00004

mem[X,0x0000000080000C50] -> 0x1F13
mem[X,0x0000000080000C52] -> 0x00AF
[793] [M]: 0x0000000080000C50 (0x00AF1F13) slli t5, t5, 0xa
x30 <- 0xDFFFFF7F40001000

mem[X,0x0000000080000C54] -> 0x0EB7
mem[X,0x0000000080000C56] -> 0x0101
[794] [M]: 0x0000000080000C54 (0x01010EB7) lui t4, 0x1010
x29 <- 0x0000000001010000

mem[X,0x0000000080000C58] -> 0x8E93
mem[X,0x0000000080000C5A] -> 0xEFFE
[795] [M]: 0x0000000080000C58 (0xEFFE8E93) addi t4, t4, -0x101
x29 <- 0x000000000100FEFF

mem[X,0x0000000080000C5C] -> 0x9E93
mem[X,0x0000000080000C5E] -> 0x00BE
[796] [M]: 0x0000000080000C5C (0x00BE9E93) slli t4, t4, 0xb
x29 <- 0x0000000807F7F800

mem[X,0x0000000080000C60] -> 0x8E93
mem[X,0x0000000080000C62] -> 0x7FFE
[797] [M]: 0x0000000080000C60 (0x7FFE8E93) addi t4, t4, 0x7ff
x29 <- 0x0000000807F7FFFF

mem[X,0x0000000080000C64] -> 0x9E93
mem[X,0x0000000080000C66] -> 0x00BE
[798] [M]: 0x0000000080000C64 (0x00BE9E93) slli t4, t4, 0xb
x29 <- 0x0000403FBFFFF800

mem[X,0x0000000080000C68] -> 0x8E93
mem[X,0x0000000080000C6A] -> 0x6EFE
[799] [M]: 0x0000000080000C68 (0x6EFE8E93) addi t4, t4, 0x6ef
x29 <- 0x0000403FBFFFFEEF

clint::tick mtime <- 0x0000000000000008
 clint timer pending at mtime 0x0000000000000008
htif::tick 0x0000000000000000
mem[X,0x0000000080000C6C] -> 0x9E93
mem[X,0x0000000080000C6E] -> 0x00AE
[800] [M]: 0x0000000080000C6C (0x00AE9E93) slli t4, t4, 0xa
x29 <- 0x0100FEFFFFFBBC00

mem[X,0x0000000080000C70] -> 0x8E93
mem[X,0x0000000080000C72] -> 0x3FFE
[801] [M]: 0x0000000080000C70 (0x3FFE8E93) addi t4, t4, 0x3ff
x29 <- 0x0100FEFFFFFBBFFF

mem[X,0x0000000080000C74] -> 0x7FBB
mem[X,0x0000000080000C76] -> 0xC9DF
[802] [M]: 0x0000000080000C74 (0xC9DF7FBB) pmhaccsu.h t6, t5, t4
x31 <- 0x07C8F97E8001F00C

mem[X,0x0000000080000C78] -> 0xBC23
mem[X,0x0000000080000C7A] -> 0x03F0
[803] [M]: 0x0000000080000C78 (0x03F0BC23) sd t6, 0x38(ra)
mem[0x0000000080004240] <- 0x07C8F97E8001F00C

mem[X,0x0000000080000C7C] -> 0x5F37
mem[X,0x0000000080000C7E] -> 0xC000
[804] [M]: 0x0000000080000C7C (0xC0005F37) lui t5, -0x3fffb
x30 <- 0xFFFFFFFFC0005000

mem[X,0x0000000080000C80] -> 0x0F13
mem[X,0x0000000080000C82] -> 0x555F
[805] [M]: 0x0000000080000C80 (0x555F0F13) addi t5, t5, 0x555
x30 <- 0xFFFFFFFFC0005555

mem[X,0x0000000080000C84] -> 0x1F13
mem[X,0x0000000080000C86] -> 0x00BF
[806] [M]: 0x0000000080000C84 (0x00BF1F13) slli t5, t5, 0xb
x30 <- 0xFFFFFE0002AAA800

mem[X,0x0000000080000C88] -> 0x0F13
mem[X,0x0000000080000C8A] -> 0x002F
[807] [M]: 0x0000000080000C88 (0x002F0F13) addi t5, t5, 0x2
x30 <- 0xFFFFFE0002AAA802

mem[X,0x0000000080000C8C] -> 0x1F13
mem[X,0x0000000080000C8E] -> 0x00BF
[808] [M]: 0x0000000080000C8C (0x00BF1F13) slli t5, t5, 0xb
x30 <- 0xFFF0001555401000

mem[X,0x0000000080000C90] -> 0x0F13
mem[X,0x0000000080000C92] -> 0x03FF
[809] [M]: 0x0000000080000C90 (0x03FF0F13) addi t5, t5, 0x3f
x30 <- 0xFFF000155540103F

mem[X,0x0000000080000C94] -> 0x1F13
mem[X,0x0000000080000C96] -> 0x00AF
[810] [M]: 0x0000000080000C94 (0x00AF1F13) slli t5, t5, 0xa
x30 <- 0xC00055550040FC00

mem[X,0x0000000080000C98] -> 0x0F13
mem[X,0x0000000080000C9A] -> 0x3DFF
[811] [M]: 0x0000000080000C98 (0x3DFF0F13) addi t5, t5, 0x3df
x30 <- 0xC00055550040FFDF

mem[X,0x0000000080000C9C] -> 0x0EB7
mem[X,0x0000000080000C9E] -> 0x1000
[812] [M]: 0x0000000080000C9C (0x10000EB7) lui t4, 0x10000
x29 <- 0x0000000010000000

mem[X,0x0000000080000CA0] -> 0x8E93
mem[X,0x0000000080000CA2] -> 0x003E
[813] [M]: 0x0000000080000CA0 (0x003E8E93) addi t4, t4, 0x3
x29 <- 0x0000000010000003

mem[X,0x0000000080000CA4] -> 0x9E93
mem[X,0x0000000080000CA6] -> 0x00BE
[814] [M]: 0x0000000080000CA4 (0x00BE9E93) slli t4, t4, 0xb
x29 <- 0x0000008000001800

mem[X,0x0000000080000CA8] -> 0x8E93
mem[X,0x0000000080000CAA] -> 0x100E
[815] [M]: 0x0000000080000CA8 (0x100E8E93) addi t4, t4, 0x100
x29 <- 0x0000008000001900

mem[X,0x0000000080000CAC] -> 0x9E93
mem[X,0x0000000080000CAE] -> 0x00BE
[816] [M]: 0x0000000080000CAC (0x00BE9E93) slli t4, t4, 0xb
x29 <- 0x0004000000C80000

mem[X,0x0000000080000CB0] -> 0x8E93
mem[X,0x0000000080000CB2] -> 0x03FE
[817] [M]: 0x0000000080000CB0 (0x03FE8E93) addi t4, t4, 0x3f
x29 <- 0x0004000000C8003F

mem[X,0x0000000080000CB4] -> 0x9E93
mem[X,0x0000000080000CB6] -> 0x00AE
[818] [M]: 0x0000000080000CB4 (0x00AE9E93) slli t4, t4, 0xa
x29 <- 0x100000032000FC00

mem[X,0x0000000080000CB8] -> 0x8E93
mem[X,0x0000000080000CBA] -> 0x3BFE
[819] [M]: 0x0000000080000CB8 (0x3BFE8E93) addi t4, t4, 0x3bf
x29 <- 0x100000032000FFBF

mem[X,0x0000000080000CBC] -> 0x7FBB
mem[X,0x0000000080000CBE] -> 0xC9DF
[820] [M]: 0x0000000080000CBC (0xC9DF7FBB) pmhaccsu.h t6, t5, t4
x31 <- 0x03C8F97E8009EFEB

mem[X,0x0000000080000CC0] -> 0xB023
mem[X,0x0000000080000CC2] -> 0x05F0
[821] [M]: 0x0000000080000CC0 (0x05F0B023) sd t6, 0x40(ra)
mem[0x0000000080004248] <- 0x03C8F97E8009EFEB

mem[X,0x0000000080000CC4] -> 0xCF37
mem[X,0x0000000080000CC6] -> 0x0002
[822] [M]: 0x0000000080000CC4 (0x0002CF37) lui t5, 0x2c
x30 <- 0x000000000002C000

mem[X,0x0000000080000CC8] -> 0x0F13
mem[X,0x0000000080000CCA] -> 0x000F
[823] [M]: 0x0000000080000CC8 (0x000F0F13) addi t5, t5, 0x0
x30 <- 0x000000000002C000

mem[X,0x0000000080000CCC] -> 0x1F13
mem[X,0x0000000080000CCE] -> 0x00BF
[824] [M]: 0x0000000080000CCC (0x00BF1F13) slli t5, t5, 0xb
x30 <- 0x0000000016000000

mem[X,0x0000000080000CD0] -> 0x0F13
mem[X,0x0000000080000CD2] -> 0x000F
[825] [M]: 0x0000000080000CD0 (0x000F0F13) addi t5, t5, 0x0
x30 <- 0x0000000016000000

mem[X,0x0000000080000CD4] -> 0x1F13
mem[X,0x0000000080000CD6] -> 0x00BF
[826] [M]: 0x0000000080000CD4 (0x00BF1F13) slli t5, t5, 0xb
x30 <- 0x000000B000000000

mem[X,0x0000000080000CD8] -> 0x0F13
mem[X,0x0000000080000CDA] -> 0x144F
[827] [M]: 0x0000000080000CD8 (0x144F0F13) addi t5, t5, 0x144
x30 <- 0x000000B000000144

mem[X,0x0000000080000CDC] -> 0x1F13
mem[X,0x0000000080000CDE] -> 0x00AF
[828] [M]: 0x0000000080000CDC (0x00AF1F13) slli t5, t5, 0xa
x30 <- 0x0002C00000051000

mem[X,0x0000000080000CE0] -> 0x0EB7
mem[X,0x0000000080000CE2] -> 0xFFFF
[829] [M]: 0x0000000080000CE0 (0xFFFF0EB7) lui t4, -0x10
x29 <- 0xFFFFFFFFFFFF0000

mem[X,0x0000000080000CE4] -> 0x8E93
mem[X,0x0000000080000CE6] -> 0xFFDE
[830] [M]: 0x0000000080000CE4 (0xFFDE8E93) addi t4, t4, -0x3
x29 <- 0xFFFFFFFFFFFEFFFD

mem[X,0x0000000080000CE8] -> 0x9E93
mem[X,0x0000000080000CEA] -> 0x00BE
[831] [M]: 0x0000000080000CE8 (0x00BE9E93) slli t4, t4, 0xb
x29 <- 0xFFFFFFFFF7FFE800

mem[X,0x0000000080000CEC] -> 0x8E93
mem[X,0x0000000080000CEE] -> 0x7FFE
[832] [M]: 0x0000000080000CEC (0x7FFE8E93) addi t4, t4, 0x7ff
x29 <- 0xFFFFFFFFF7FFEFFF

mem[X,0x0000000080000CF0] -> 0x9E93
mem[X,0x0000000080000CF2] -> 0x00BE
[833] [M]: 0x0000000080000CF0 (0x00BE9E93) slli t4, t4, 0xb
x29 <- 0xFFFFFFBFFF7FF800

mem[X,0x0000000080000CF4] -> 0x8E93
mem[X,0x0000000080000CF6] -> 0x640E
[834] [M]: 0x0000000080000CF4 (0x640E8E93) addi t4, t4, 0x640
x29 <- 0xFFFFFFBFFF7FFE40

mem[X,0x0000000080000CF8] -> 0x9E93
mem[X,0x0000000080000CFA] -> 0x00AE
[835] [M]: 0x0000000080000CF8 (0x00AE9E93) slli t4, t4, 0xa
x29 <- 0xFFFEFFFDFFF90000

mem[X,0x0000000080000CFC] -> 0x8E93
mem[X,0x0000000080000CFE] -> 0x002E
[836] [M]: 0x0000000080000CFC (0x002E8E93) addi t4, t4, 0x2
x29 <- 0xFFFEFFFDFFF90002

mem[X,0x0000000080000D00] -> 0x7FBB
mem[X,0x0000000080000D02] -> 0xC9DF
[837] [M]: 0x0000000080000D00 (0xC9DF7FBB) pmhaccsu.h t6, t5, t4
x31 <- 0x03C9B97E800DEFEB

mem[X,0x0000000080000D04] -> 0xB423
mem[X,0x0000000080000D06] -> 0x05F0
[838] [M]: 0x0000000080000D04 (0x05F0B423) sd t6, 0x48(ra)
mem[0x0000000080004250] <- 0x03C9B97E800DEFEB

mem[X,0x0000000080000D08] -> 0xFF37
mem[X,0x0000000080000D0A] -> 0x0080
[839] [M]: 0x0000000080000D08 (0x0080FF37) lui t5, 0x80f
x30 <- 0x000000000080F000

mem[X,0x0000000080000D0C] -> 0x0F13
mem[X,0x0000000080000D0E] -> 0xFFFF
[840] [M]: 0x0000000080000D0C (0xFFFF0F13) addi t5, t5, -0x1
x30 <- 0x000000000080EFFF

mem[X,0x0000000080000D10] -> 0x1F13
mem[X,0x0000000080000D12] -> 0x00BF
[841] [M]: 0x0000000080000D10 (0x00BF1F13) slli t5, t5, 0xb
x30 <- 0x00000004077FF800

mem[X,0x0000000080000D14] -> 0x0F13
mem[X,0x0000000080000D16] -> 0x000F
[842] [M]: 0x0000000080000D14 (0x000F0F13) addi t5, t5, 0x0
x30 <- 0x00000004077FF800

mem[X,0x0000000080000D18] -> 0x1F13
mem[X,0x0000000080000D1A] -> 0x00BF
[843] [M]: 0x0000000080000D18 (0x00BF1F13) slli t5, t5, 0xb
x30 <- 0x0000203BFFC00000

mem[X,0x0000000080000D1C] -> 0x0F13
mem[X,0x0000000080000D1E] -> 0x402F
[844] [M]: 0x0000000080000D1C (0x402F0F13) addi t5, t5, 0x402
x30 <- 0x0000203BFFC00402

mem[X,0x0000000080000D20] -> 0x1F13
mem[X,0x0000000080000D22] -> 0x00AF
[845] [M]: 0x0000000080000D20 (0x00AF1F13) slli t5, t5, 0xa
x30 <- 0x0080EFFF00100800

mem[X,0x0000000080000D24] -> 0xCEB7
mem[X,0x0000000080000D26] -> 0xFFEF
[846] [M]: 0x0000000080000D24 (0xFFEFCEB7) lui t4, -0x104
x29 <- 0xFFFFFFFFFFEFC000

mem[X,0x0000000080000D28] -> 0x8E93
mem[X,0x0000000080000D2A] -> 0xFFFE
[847] [M]: 0x0000000080000D28 (0xFFFE8E93) addi t4, t4, -0x1
x29 <- 0xFFFFFFFFFFEFBFFF

mem[X,0x0000000080000D2C] -> 0x9E93
mem[X,0x0000000080000D2E] -> 0x00BE
[848] [M]: 0x0000000080000D2C (0x00BE9E93) slli t4, t4, 0xb
x29 <- 0xFFFFFFFF7DFFF800

mem[X,0x0000000080000D30] -> 0x8E93
mem[X,0x0000000080000D32] -> 0x555E
[849] [M]: 0x0000000080000D30 (0x555E8E93) addi t4, t4, 0x555
x29 <- 0xFFFFFFFF7DFFFD55

mem[X,0x0000000080000D34] -> 0x9E93
mem[X,0x0000000080000D36] -> 0x00BE
[850] [M]: 0x0000000080000D34 (0x00BE9E93) slli t4, t4, 0xb
x29 <- 0xFFFFFBEFFFEAA800

mem[X,0x0000000080000D38] -> 0x8E93
mem[X,0x0000000080000D3A] -> 0x29FE
[851] [M]: 0x0000000080000D38 (0x29FE8E93) addi t4, t4, 0x29f
x29 <- 0xFFFFFBEFFFEAAA9F

mem[X,0x0000000080000D3C] -> 0x9E93
mem[X,0x0000000080000D3E] -> 0x00AE
[852] [M]: 0x0000000080000D3C (0x00AE9E93) slli t4, t4, 0xa
x29 <- 0xFFEFBFFFAAAA7C00

mem[X,0x0000000080000D40] -> 0x8E93
mem[X,0x0000000080000D42] -> 0x3FFE
[853] [M]: 0x0000000080000D40 (0x3FFE8E93) addi t4, t4, 0x3ff
x29 <- 0xFFEFBFFFAAAA7FFF

mem[X,0x0000000080000D44] -> 0x7FBB
mem[X,0x0000000080000D46] -> 0xC9DF
[854] [M]: 0x0000000080000D44 (0xC9DF7FBB) pmhaccsu.h t6, t5, t4
x31 <- 0x0448AD7D8017F3EA

mem[X,0x0000000080000D48] -> 0xB823
mem[X,0x0000000080000D4A] -> 0x05F0
[855] [M]: 0x0000000080000D48 (0x05F0B823) sd t6, 0x50(ra)
mem[0x0000000080004258] <- 0x0448AD7D8017F3EA

mem[X,0x0000000080000D4C] -> 0x0F37
mem[X,0x0000000080000D4E] -> 0xFF80
[856] [M]: 0x0000000080000D4C (0xFF800F37) lui t5, -0x800
x30 <- 0xFFFFFFFFFF800000

mem[X,0x0000000080000D50] -> 0x0F13
mem[X,0x0000000080000D52] -> 0xF7FF
[857] [M]: 0x0000000080000D50 (0xF7FF0F13) addi t5, t5, -0x81
x30 <- 0xFFFFFFFFFF7FFF7F

mem[X,0x0000000080000D54] -> 0x1F13
mem[X,0x0000000080000D56] -> 0x00BF
[858] [M]: 0x0000000080000D54 (0x00BF1F13) slli t5, t5, 0xb
x30 <- 0xFFFFFFFBFFFBF800

mem[X,0x0000000080000D58] -> 0x0F13
mem[X,0x0000000080000D5A] -> 0x001F
[859] [M]: 0x0000000080000D58 (0x001F0F13) addi t5, t5, 0x1
x30 <- 0xFFFFFFFBFFFBF801

mem[X,0x0000000080000D5C] -> 0x1F13
mem[X,0x0000000080000D5E] -> 0x00BF
[860] [M]: 0x0000000080000D5C (0x00BF1F13) slli t5, t5, 0xb
x30 <- 0xFFFFDFFFDFC00800

mem[X,0x0000000080000D60] -> 0x0F13
mem[X,0x0000000080000D62] -> 0x015F
[861] [M]: 0x0000000080000D60 (0x015F0F13) addi t5, t5, 0x15
x30 <- 0xFFFFDFFFDFC00815

mem[X,0x0000000080000D64] -> 0x1F13
mem[X,0x0000000080000D66] -> 0x00AF
[862] [M]: 0x0000000080000D64 (0x00AF1F13) slli t5, t5, 0xa
x30 <- 0xFF7FFF7F00205400

mem[X,0x0000000080000D68] -> 0x0F13
mem[X,0x0000000080000D6A] -> 0x155F
[863] [M]: 0x0000000080000D68 (0x155F0F13) addi t5, t5, 0x155
x30 <- 0xFF7FFF7F00205555

mem[X,0x0000000080000D6C] -> 0x0EB7
mem[X,0x0000000080000D6E] -> 0xF7FF
[864] [M]: 0x0000000080000D6C (0xF7FF0EB7) lui t4, -0x8010
x29 <- 0xFFFFFFFFF7FF0000

mem[X,0x0000000080000D70] -> 0x8E93
mem[X,0x0000000080000D72] -> 0x000E
[865] [M]: 0x0000000080000D70 (0x000E8E93) addi t4, t4, 0x0
x29 <- 0xFFFFFFFFF7FF0000

mem[X,0x0000000080000D74] -> 0x9E93
mem[X,0x0000000080000D76] -> 0x00BE
[866] [M]: 0x0000000080000D74 (0x00BE9E93) slli t4, t4, 0xb
x29 <- 0xFFFFFFBFF8000000

mem[X,0x0000000080000D78] -> 0x8E93
mem[X,0x0000000080000D7A] -> 0x600E
[867] [M]: 0x0000000080000D78 (0x600E8E93) addi t4, t4, 0x600
x29 <- 0xFFFFFFBFF8000600

mem[X,0x0000000080000D7C] -> 0x9E93
mem[X,0x0000000080000D7E] -> 0x00BE
[868] [M]: 0x0000000080000D7C (0x00BE9E93) slli t4, t4, 0xb
x29 <- 0xFFFDFFC000300000

mem[X,0x0000000080000D80] -> 0x8E93
mem[X,0x0000000080000D82] -> 0x03FE
[869] [M]: 0x0000000080000D80 (0x03FE8E93) addi t4, t4, 0x3f
x29 <- 0xFFFDFFC00030003F

mem[X,0x0000000080000D84] -> 0x9E93
mem[X,0x0000000080000D86] -> 0x00AE
[870] [M]: 0x0000000080000D84 (0x00AE9E93) slli t4, t4, 0xa
x29 <- 0xF7FF0000C000FC00

mem[X,0x0000000080000D88] -> 0x8E93
mem[X,0x0000000080000D8A] -> 0x1FFE
[871] [M]: 0x0000000080000D88 (0x1FFE8E93) addi t4, t4, 0x1ff
x29 <- 0xF7FF0000C000FDFF

mem[X,0x0000000080000D8C] -> 0x7FBB
mem[X,0x0000000080000D8E] -> 0xC9DF
[872] [M]: 0x0000000080000D8C (0xC9DF7FBB) pmhaccsu.h t6, t5, t4
x31 <- 0x03CBAD7D802F4894

mem[X,0x0000000080000D90] -> 0xBC23
mem[X,0x0000000080000D92] -> 0x05F0
[873] [M]: 0x0000000080000D90 (0x05F0BC23) sd t6, 0x58(ra)
mem[0x0000000080004260] <- 0x03CBAD7D802F4894

mem[X,0x0000000080000D94] -> 0x0F37
mem[X,0x0000000080000D96] -> 0xFDFF
[874] [M]: 0x0000000080000D94 (0xFDFF0F37) lui t5, -0x2010
x30 <- 0xFFFFFFFFFDFF0000

mem[X,0x0000000080000D98] -> 0x0F13
mem[X,0x0000000080000D9A] -> 0x009F
[875] [M]: 0x0000000080000D98 (0x009F0F13) addi t5, t5, 0x9
x30 <- 0xFFFFFFFFFDFF0009

mem[X,0x0000000080000D9C] -> 0x1F13
mem[X,0x0000000080000D9E] -> 0x00BF
[876] [M]: 0x0000000080000D9C (0x00BF1F13) slli t5, t5, 0xb
x30 <- 0xFFFFFFEFF8004800

mem[X,0x0000000080000DA0] -> 0x0F13
mem[X,0x0000000080000DA2] -> 0x400F
[877] [M]: 0x0000000080000DA0 (0x400F0F13) addi t5, t5, 0x400
x30 <- 0xFFFFFFEFF8004C00

mem[X,0x0000000080000DA4] -> 0x1F13
mem[X,0x0000000080000DA6] -> 0x00BF
[878] [M]: 0x0000000080000DA4 (0x00BF1F13) slli t5, t5, 0xb
x30 <- 0xFFFF7FC002600000

mem[X,0x0000000080000DA8] -> 0x0F13
mem[X,0x0000000080000DAA] -> 0x03FF
[879] [M]: 0x0000000080000DA8 (0x03FF0F13) addi t5, t5, 0x3f
x30 <- 0xFFFF7FC00260003F

mem[X,0x0000000080000DAC] -> 0x1F13
mem[X,0x0000000080000DAE] -> 0x00AF
[880] [M]: 0x0000000080000DAC (0x00AF1F13) slli t5, t5, 0xa
x30 <- 0xFDFF00098000FC00

mem[X,0x0000000080000DB0] -> 0x0F13
mem[X,0x0000000080000DB2] -> 0x3FCF
[881] [M]: 0x0000000080000DB0 (0x3FCF0F13) addi t5, t5, 0x3fc
x30 <- 0xFDFF00098000FFFC

mem[X,0x0000000080000DB4] -> 0x0EB7
mem[X,0x0000000080000DB6] -> 0xF000
[882] [M]: 0x0000000080000DB4 (0xF0000EB7) lui t4, -0x10000
x29 <- 0xFFFFFFFFF0000000

mem[X,0x0000000080000DB8] -> 0x8E93
mem[X,0x0000000080000DBA] -> 0xFF6E
[883] [M]: 0x0000000080000DB8 (0xFF6E8E93) addi t4, t4, -0xa
x29 <- 0xFFFFFFFFEFFFFFF6

mem[X,0x0000000080000DBC] -> 0x9E93
mem[X,0x0000000080000DBE] -> 0x00BE
[884] [M]: 0x0000000080000DBC (0x00BE9E93) slli t4, t4, 0xb
x29 <- 0xFFFFFF7FFFFFB000

mem[X,0x0000000080000DC0] -> 0x8E93
mem[X,0x0000000080000DC2] -> 0x000E
[885] [M]: 0x0000000080000DC0 (0x000E8E93) addi t4, t4, 0x0
x29 <- 0xFFFFFF7FFFFFB000

mem[X,0x0000000080000DC4] -> 0x9E93
mem[X,0x0000000080000DC6] -> 0x00BE
[886] [M]: 0x0000000080000DC4 (0x00BE9E93) slli t4, t4, 0xb
x29 <- 0xFFFBFFFFFD800000

mem[X,0x0000000080000DC8] -> 0x8E93
mem[X,0x0000000080000DCA] -> 0x000E
[887] [M]: 0x0000000080000DC8 (0x000E8E93) addi t4, t4, 0x0
x29 <- 0xFFFBFFFFFD800000

mem[X,0x0000000080000DCC] -> 0x9E93
mem[X,0x0000000080000DCE] -> 0x00AE
[888] [M]: 0x0000000080000DCC (0x00AE9E93) slli t4, t4, 0xa
x29 <- 0xEFFFFFF600000000

mem[X,0x0000000080000DD0] -> 0x8E93
mem[X,0x0000000080000DD2] -> 0x006E
[889] [M]: 0x0000000080000DD0 (0x006E8E93) addi t4, t4, 0x6
x29 <- 0xEFFFFFF600000006

mem[X,0x0000000080000DD4] -> 0x7FBB
mem[X,0x0000000080000DD6] -> 0xC9DF
[890] [M]: 0x0000000080000DD4 (0xC9DF7FBB) pmhaccsu.h t6, t5, t4
x31 <- 0x01EAAD85802F4893

mem[X,0x0000000080000DD8] -> 0xB023
mem[X,0x0000000080000DDA] -> 0x07F0
[891] [M]: 0x0000000080000DD8 (0x07F0B023) sd t6, 0x60(ra)
mem[0x0000000080004268] <- 0x01EAAD85802F4893

mem[X,0x0000000080000DDC] -> 0x0F37
mem[X,0x0000000080000DDE] -> 0x0201
[892] [M]: 0x0000000080000DDC (0x02010F37) lui t5, 0x2010
x30 <- 0x0000000002010000

mem[X,0x0000000080000DE0] -> 0x0F13
mem[X,0x0000000080000DE2] -> 0xFEFF
[893] [M]: 0x0000000080000DE0 (0xFEFF0F13) addi t5, t5, -0x11
x30 <- 0x000000000200FFEF

mem[X,0x0000000080000DE4] -> 0x1F13
mem[X,0x0000000080000DE6] -> 0x00BF
[894] [M]: 0x0000000080000DE4 (0x00BF1F13) slli t5, t5, 0xb
x30 <- 0x0000001007FF7800

mem[X,0x0000000080000DE8] -> 0x0F13
mem[X,0x0000000080000DEA] -> 0x5FFF
[895] [M]: 0x0000000080000DE8 (0x5FFF0F13) addi t5, t5, 0x5ff
x30 <- 0x0000001007FF7DFF

mem[X,0x0000000080000DEC] -> 0x1F13
mem[X,0x0000000080000DEE] -> 0x00BF
[896] [M]: 0x0000000080000DEC (0x00BF1F13) slli t5, t5, 0xb
x30 <- 0x0000803FFBEFF800

mem[X,0x0000000080000DF0] -> 0x0F13
mem[X,0x0000000080000DF2] -> 0x7C0F
[897] [M]: 0x0000000080000DF0 (0x7C0F0F13) addi t5, t5, 0x7c0
x30 <- 0x0000803FFBEFFFC0

mem[X,0x0000000080000DF4] -> 0x1F13
mem[X,0x0000000080000DF6] -> 0x00AF
[898] [M]: 0x0000000080000DF4 (0x00AF1F13) slli t5, t5, 0xa
x30 <- 0x0200FFEFBFFF0000

mem[X,0x0000000080000DF8] -> 0x0F13
mem[X,0x0000000080000DFA] -> 0x100F
[899] [M]: 0x0000000080000DF8 (0x100F0F13) addi t5, t5, 0x100
x30 <- 0x0200FFEFBFFF0100

clint::tick mtime <- 0x0000000000000009
 clint timer pending at mtime 0x0000000000000009
htif::tick 0x0000000000000000
mem[X,0x0000000080000DFC] -> 0x4EB7
mem[X,0x0000000080000DFE] -> 0xDFFF
[900] [M]: 0x0000000080000DFC (0xDFFF4EB7) lui t4, -0x2000c
x29 <- 0xFFFFFFFFDFFF4000

mem[X,0x0000000080000E00] -> 0x8E93
mem[X,0x0000000080000E02] -> 0xFFFE
[901] [M]: 0x0000000080000E00 (0xFFFE8E93) addi t4, t4, -0x1
x29 <- 0xFFFFFFFFDFFF3FFF

mem[X,0x0000000080000E04] -> 0x9E93
mem[X,0x0000000080000E06] -> 0x00BE
[902] [M]: 0x0000000080000E04 (0x00BE9E93) slli t4, t4, 0xb
x29 <- 0xFFFFFEFFF9FFF800

mem[X,0x0000000080000E08] -> 0x8E93
mem[X,0x0000000080000E0A] -> 0x7FBE
[903] [M]: 0x0000000080000E08 (0x7FBE8E93) addi t4, t4, 0x7fb
x29 <- 0xFFFFFEFFF9FFFFFB

mem[X,0x0000000080000E0C] -> 0x9E93
mem[X,0x0000000080000E0E] -> 0x00BE
[904] [M]: 0x0000000080000E0C (0x00BE9E93) slli t4, t4, 0xb
x29 <- 0xFFF7FFCFFFFFD800

mem[X,0x0000000080000E10] -> 0x8E93
mem[X,0x0000000080000E12] -> 0x7D5E
[905] [M]: 0x0000000080000E10 (0x7D5E8E93) addi t4, t4, 0x7d5
x29 <- 0xFFF7FFCFFFFFDFD5

mem[X,0x0000000080000E14] -> 0x9E93
mem[X,0x0000000080000E16] -> 0x00AE
[906] [M]: 0x0000000080000E14 (0x00AE9E93) slli t4, t4, 0xa
x29 <- 0xDFFF3FFFFF7F5400

mem[X,0x0000000080000E18] -> 0x8E93
mem[X,0x0000000080000E1A] -> 0x155E
[907] [M]: 0x0000000080000E18 (0x155E8E93) addi t4, t4, 0x155
x29 <- 0xDFFF3FFFFF7F5555

mem[X,0x0000000080000E1C] -> 0x7FBB
mem[X,0x0000000080000E1E] -> 0xC9DF
[908] [M]: 0x0000000080000E1C (0xC9DF7FBB) pmhaccsu.h t6, t5, t4
x31 <- 0x03A9AD80404E48E8

mem[X,0x0000000080000E20] -> 0xB423
mem[X,0x0000000080000E22] -> 0x07F0
[909] [M]: 0x0000000080000E20 (0x07F0B423) sd t6, 0x68(ra)
mem[0x0000000080004270] <- 0x03A9AD80404E48E8

mem[X,0x0000000080000E24] -> 0x0F37
mem[X,0x0000000080000E26] -> 0xE000
[910] [M]: 0x0000000080000E24 (0xE0000F37) lui t5, -0x20000
x30 <- 0xFFFFFFFFE0000000

mem[X,0x0000000080000E28] -> 0x0F13
mem[X,0x0000000080000E2A] -> 0xFF7F
[911] [M]: 0x0000000080000E28 (0xFF7F0F13) addi t5, t5, -0x9
x30 <- 0xFFFFFFFFDFFFFFF7

mem[X,0x0000000080000E2C] -> 0x1F13
mem[X,0x0000000080000E2E] -> 0x00BF
[912] [M]: 0x0000000080000E2C (0x00BF1F13) slli t5, t5, 0xb
x30 <- 0xFFFFFEFFFFFFB800

mem[X,0x0000000080000E30] -> 0x0F13
mem[X,0x0000000080000E32] -> 0x000F
[913] [M]: 0x0000000080000E30 (0x000F0F13) addi t5, t5, 0x0
x30 <- 0xFFFFFEFFFFFFB800

mem[X,0x0000000080000E34] -> 0x1F13
mem[X,0x0000000080000E36] -> 0x00BF
[914] [M]: 0x0000000080000E34 (0x00BF1F13) slli t5, t5, 0xb
x30 <- 0xFFF7FFFFFDC00000

mem[X,0x0000000080000E38] -> 0x0F13
mem[X,0x0000000080000E3A] -> 0x0E0F
[915] [M]: 0x0000000080000E38 (0x0E0F0F13) addi t5, t5, 0xe0
x30 <- 0xFFF7FFFFFDC000E0

mem[X,0x0000000080000E3C] -> 0x1F13
mem[X,0x0000000080000E3E] -> 0x00AF
[916] [M]: 0x0000000080000E3C (0x00AF1F13) slli t5, t5, 0xa
x30 <- 0xDFFFFFF700038000

mem[X,0x0000000080000E40] -> 0x0EB7
mem[X,0x0000000080000E42] -> 0x5556
[917] [M]: 0x0000000080000E40 (0x55560EB7) lui t4, 0x55560
x29 <- 0x0000000055560000

mem[X,0x0000000080000E44] -> 0x8E93
mem[X,0x0000000080000E46] -> 0xFFDE
[918] [M]: 0x0000000080000E44 (0xFFDE8E93) addi t4, t4, -0x3
x29 <- 0x000000005555FFFD

mem[X,0x0000000080000E48] -> 0x9E93
mem[X,0x0000000080000E4A] -> 0x00BE
[919] [M]: 0x0000000080000E48 (0x00BE9E93) slli t4, t4, 0xb
x29 <- 0x000002AAAFFFE800

mem[X,0x0000000080000E4C] -> 0x8E93
mem[X,0x0000000080000E4E] -> 0x7FFE
[920] [M]: 0x0000000080000E4C (0x7FFE8E93) addi t4, t4, 0x7ff
x29 <- 0x000002AAAFFFEFFF

mem[X,0x0000000080000E50] -> 0x9E93
mem[X,0x0000000080000E52] -> 0x00BE
[921] [M]: 0x0000000080000E50 (0x00BE9E93) slli t4, t4, 0xb
x29 <- 0x0015557FFF7FF800

mem[X,0x0000000080000E54] -> 0x8E93
mem[X,0x0000000080000E56] -> 0x5BEE
[922] [M]: 0x0000000080000E54 (0x5BEE8E93) addi t4, t4, 0x5be
x29 <- 0x0015557FFF7FFDBE

mem[X,0x0000000080000E58] -> 0x9E93
mem[X,0x0000000080000E5A] -> 0x00AE
[923] [M]: 0x0000000080000E58 (0x00AE9E93) slli t4, t4, 0xa
x29 <- 0x5555FFFDFFF6F800

mem[X,0x0000000080000E5C] -> 0x8E93
mem[X,0x0000000080000E5E] -> 0x3FFE
[924] [M]: 0x0000000080000E5C (0x3FFE8E93) addi t4, t4, 0x3ff
x29 <- 0x5555FFFDFFF6FBFF

mem[X,0x0000000080000E60] -> 0x7FBB
mem[X,0x0000000080000E62] -> 0xC9DF
[925] [M]: 0x0000000080000E60 (0xC9DF7FBB) pmhaccsu.h t6, t5, t4
x31 <- 0xF8FEAD774050CAE8

mem[X,0x0000000080000E64] -> 0xB823
mem[X,0x0000000080000E66] -> 0x07F0
[926] [M]: 0x0000000080000E64 (0x07F0B823) sd t6, 0x70(ra)
mem[0x0000000080004278] <- 0xF8FEAD774050CAE8

mem[X,0x0000000080000E68] -> 0x0F37
mem[X,0x0000000080000E6A] -> 0xFFFA
[927] [M]: 0x0000000080000E68 (0xFFFA0F37) lui t5, -0x60
x30 <- 0xFFFFFFFFFFFA0000

mem[X,0x0000000080000E6C] -> 0x0F13
mem[X,0x0000000080000E6E] -> 0x040F
[928] [M]: 0x0000000080000E6C (0x040F0F13) addi t5, t5, 0x40
x30 <- 0xFFFFFFFFFFFA0040

mem[X,0x0000000080000E70] -> 0x1F13
mem[X,0x0000000080000E72] -> 0x00BF
[929] [M]: 0x0000000080000E70 (0x00BF1F13) slli t5, t5, 0xb
x30 <- 0xFFFFFFFFD0020000

mem[X,0x0000000080000E74] -> 0x0F13
mem[X,0x0000000080000E76] -> 0x008F
[930] [M]: 0x0000000080000E74 (0x008F0F13) addi t5, t5, 0x8
x30 <- 0xFFFFFFFFD0020008

mem[X,0x0000000080000E78] -> 0x1F13
mem[X,0x0000000080000E7A] -> 0x00BF
[931] [M]: 0x0000000080000E78 (0x00BF1F13) slli t5, t5, 0xb
x30 <- 0xFFFFFE8010004000

mem[X,0x0000000080000E7C] -> 0x0F13
mem[X,0x0000000080000E7E] -> 0x03FF
[932] [M]: 0x0000000080000E7C (0x03FF0F13) addi t5, t5, 0x3f
x30 <- 0xFFFFFE801000403F

mem[X,0x0000000080000E80] -> 0x1F13
mem[X,0x0000000080000E82] -> 0x00AF
[933] [M]: 0x0000000080000E80 (0x00AF1F13) slli t5, t5, 0xa
x30 <- 0xFFFA00400100FC00

mem[X,0x0000000080000E84] -> 0x0F13
mem[X,0x0000000080000E86] -> 0x3DFF
[934] [M]: 0x0000000080000E84 (0x3DFF0F13) addi t5, t5, 0x3df
x30 <- 0xFFFA00400100FFDF

mem[X,0x0000000080000E88] -> 0x1EB7
mem[X,0x0000000080000E8A] -> 0xAAAA
[935] [M]: 0x0000000080000E88 (0xAAAA1EB7) lui t4, -0x5555f
x29 <- 0xFFFFFFFFAAAA1000

mem[X,0x0000000080000E8C] -> 0x8E93
mem[X,0x0000000080000E8E] -> 0x800E
[936] [M]: 0x0000000080000E8C (0x800E8E93) addi t4, t4, -0x800
x29 <- 0xFFFFFFFFAAAA0800

mem[X,0x0000000080000E90] -> 0x9E93
mem[X,0x0000000080000E92] -> 0x00BE
[937] [M]: 0x0000000080000E90 (0x00BE9E93) slli t4, t4, 0xb
x29 <- 0xFFFFFD5550400000

mem[X,0x0000000080000E94] -> 0x8E93
mem[X,0x0000000080000E96] -> 0x7FFE
[938] [M]: 0x0000000080000E94 (0x7FFE8E93) addi t4, t4, 0x7ff
x29 <- 0xFFFFFD55504007FF

mem[X,0x0000000080000E98] -> 0x9E93
mem[X,0x0000000080000E9A] -> 0x00BE
[939] [M]: 0x0000000080000E98 (0x00BE9E93) slli t4, t4, 0xb
x29 <- 0xFFEAAA82003FF800

mem[X,0x0000000080000E9C] -> 0x8E93
mem[X,0x0000000080000E9E] -> 0x6C0E
[940] [M]: 0x0000000080000E9C (0x6C0E8E93) addi t4, t4, 0x6c0
x29 <- 0xFFEAAA82003FFEC0

mem[X,0x0000000080000EA0] -> 0x9E93
mem[X,0x0000000080000EA2] -> 0x00AE
[941] [M]: 0x0000000080000EA0 (0x00AE9E93) slli t4, t4, 0xa
x29 <- 0xAAAA0800FFFB0000

mem[X,0x0000000080000EA4] -> 0x8E93
mem[X,0x0000000080000EA6] -> 0x006E
[942] [M]: 0x0000000080000EA4 (0x006E8E93) addi t4, t4, 0x6
x29 <- 0xAAAA0800FFFB0006

mem[X,0x0000000080000EA8] -> 0x7FBB
mem[X,0x0000000080000EAA] -> 0xC9DF
[943] [M]: 0x0000000080000EA8 (0xC9DF7FBB) pmhaccsu.h t6, t5, t4
x31 <- 0xF8FAAD79414FCAE7

mem[X,0x0000000080000EAC] -> 0xBC23
mem[X,0x0000000080000EAE] -> 0x07F0
[944] [M]: 0x0000000080000EAC (0x07F0BC23) sd t6, 0x78(ra)
mem[0x0000000080004280] <- 0xF8FAAD79414FCAE7

mem[X,0x0000000080000EB0] -> 0x8F37
mem[X,0x0000000080000EB2] -> 0x0009
[945] [M]: 0x0000000080000EB0 (0x00098F37) lui t5, 0x98
x30 <- 0x0000000000098000

mem[X,0x0000000080000EB4] -> 0x0F13
mem[X,0x0000000080000EB6] -> 0x000F
[946] [M]: 0x0000000080000EB4 (0x000F0F13) addi t5, t5, 0x0
x30 <- 0x0000000000098000

mem[X,0x0000000080000EB8] -> 0x1F13
mem[X,0x0000000080000EBA] -> 0x00BF
[947] [M]: 0x0000000080000EB8 (0x00BF1F13) slli t5, t5, 0xb
x30 <- 0x000000004C000000

mem[X,0x0000000080000EBC] -> 0x0F13
mem[X,0x0000000080000EBE] -> 0x7FFF
[948] [M]: 0x0000000080000EBC (0x7FFF0F13) addi t5, t5, 0x7ff
x30 <- 0x000000004C0007FF

mem[X,0x0000000080000EC0] -> 0x1F13
mem[X,0x0000000080000EC2] -> 0x00BF
[949] [M]: 0x0000000080000EC0 (0x00BF1F13) slli t5, t5, 0xb
x30 <- 0x00000260003FF800

mem[X,0x0000000080000EC4] -> 0x0F13
mem[X,0x0000000080000EC6] -> 0x72AF
[950] [M]: 0x0000000080000EC4 (0x72AF0F13) addi t5, t5, 0x72a
x30 <- 0x00000260003FFF2A

mem[X,0x0000000080000EC8] -> 0x1F13
mem[X,0x0000000080000ECA] -> 0x00AF
[951] [M]: 0x0000000080000EC8 (0x00AF1F13) slli t5, t5, 0xa
x30 <- 0x00098000FFFCA800

mem[X,0x0000000080000ECC] -> 0x0F13
mem[X,0x0000000080000ECE] -> 0x2AAF
[952] [M]: 0x0000000080000ECC (0x2AAF0F13) addi t5, t5, 0x2aa
x30 <- 0x00098000FFFCAAAA

mem[X,0x0000000080000ED0] -> 0x4EB7
mem[X,0x0000000080000ED2] -> 0xF7FF
[953] [M]: 0x0000000080000ED0 (0xF7FF4EB7) lui t4, -0x800c
x29 <- 0xFFFFFFFFF7FF4000

mem[X,0x0000000080000ED4] -> 0x8E93
mem[X,0x0000000080000ED6] -> 0x000E
[954] [M]: 0x0000000080000ED4 (0x000E8E93) addi t4, t4, 0x0
x29 <- 0xFFFFFFFFF7FF4000

mem[X,0x0000000080000ED8] -> 0x9E93
mem[X,0x0000000080000EDA] -> 0x00BE
[955] [M]: 0x0000000080000ED8 (0x00BE9E93) slli t4, t4, 0xb
x29 <- 0xFFFFFFBFFA000000

mem[X,0x0000000080000EDC] -> 0x8E93
mem[X,0x0000000080000EDE] -> 0x6FFE
[956] [M]: 0x0000000080000EDC (0x6FFE8E93) addi t4, t4, 0x6ff
x29 <- 0xFFFFFFBFFA0006FF

mem[X,0x0000000080000EE0] -> 0x9E93
mem[X,0x0000000080000EE2] -> 0x00BE
[957] [M]: 0x0000000080000EE0 (0x00BE9E93) slli t4, t4, 0xb
x29 <- 0xFFFDFFD00037F800

mem[X,0x0000000080000EE4] -> 0x8E93
mem[X,0x0000000080000EE6] -> 0x7C0E
[958] [M]: 0x0000000080000EE4 (0x7C0E8E93) addi t4, t4, 0x7c0
x29 <- 0xFFFDFFD00037FFC0

mem[X,0x0000000080000EE8] -> 0x9E93
mem[X,0x0000000080000EEA] -> 0x00AE
[959] [M]: 0x0000000080000EE8 (0x00AE9E93) slli t4, t4, 0xa
x29 <- 0xF7FF4000DFFF0000

mem[X,0x0000000080000EEC] -> 0x8E93
mem[X,0x0000000080000EEE] -> 0x009E
[960] [M]: 0x0000000080000EEC (0x009E8E93) addi t4, t4, 0x9
x29 <- 0xF7FF4000DFFF0009

mem[X,0x0000000080000EF0] -> 0x7FBB
mem[X,0x0000000080000EF2] -> 0xC9DF
[961] [M]: 0x0000000080000EF0 (0xC9DF7FBB) pmhaccsu.h t6, t5, t4
x31 <- 0xF9028D79414BCAE3

mem[X,0x0000000080000EF4] -> 0xB023
mem[X,0x0000000080000EF6] -> 0x09F0
[962] [M]: 0x0000000080000EF4 (0x09F0B023) sd t6, 0x80(ra)
mem[0x0000000080004288] <- 0xF9028D79414BCAE3

mem[X,0x0000000080000EF8] -> 0x0F37
mem[X,0x0000000080000EFA] -> 0x0011
[963] [M]: 0x0000000080000EF8 (0x00110F37) lui t5, 0x110
x30 <- 0x0000000000110000

mem[X,0x0000000080000EFC] -> 0x0F13
mem[X,0x0000000080000EFE] -> 0xDFFF
[964] [M]: 0x0000000080000EFC (0xDFFF0F13) addi t5, t5, -0x201
x30 <- 0x000000000010FDFF

mem[X,0x0000000080000F00] -> 0x1F13
mem[X,0x0000000080000F02] -> 0x00BF
[965] [M]: 0x0000000080000F00 (0x00BF1F13) slli t5, t5, 0xb
x30 <- 0x0000000087EFF800

mem[X,0x0000000080000F04] -> 0x0F13
mem[X,0x0000000080000F06] -> 0x000F
[966] [M]: 0x0000000080000F04 (0x000F0F13) addi t5, t5, 0x0
x30 <- 0x0000000087EFF800

mem[X,0x0000000080000F08] -> 0x1F13
mem[X,0x0000000080000F0A] -> 0x00BF
[967] [M]: 0x0000000080000F08 (0x00BF1F13) slli t5, t5, 0xb
x30 <- 0x0000043F7FC00000

mem[X,0x0000000080000F0C] -> 0x0F13
mem[X,0x0000000080000F0E] -> 0x40FF
[968] [M]: 0x0000000080000F0C (0x40FF0F13) addi t5, t5, 0x40f
x30 <- 0x0000043F7FC0040F

mem[X,0x0000000080000F10] -> 0x1F13
mem[X,0x0000000080000F12] -> 0x00AF
[969] [M]: 0x0000000080000F10 (0x00AF1F13) slli t5, t5, 0xa
x30 <- 0x0010FDFF00103C00

mem[X,0x0000000080000F14] -> 0x0F13
mem[X,0x0000000080000F16] -> 0x3FFF
[970] [M]: 0x0000000080000F14 (0x3FFF0F13) addi t5, t5, 0x3ff
x30 <- 0x0010FDFF00103FFF

mem[X,0x0000000080000F18] -> 0x0EB7
mem[X,0x0000000080000F1A] -> 0xF000
[971] [M]: 0x0000000080000F18 (0xF0000EB7) lui t4, -0x10000
x29 <- 0xFFFFFFFFF0000000

mem[X,0x0000000080000F1C] -> 0x8E93
mem[X,0x0000000080000F1E] -> 0xDFFE
[972] [M]: 0x0000000080000F1C (0xDFFE8E93) addi t4, t4, -0x201
x29 <- 0xFFFFFFFFEFFFFDFF

mem[X,0x0000000080000F20] -> 0x9E93
mem[X,0x0000000080000F22] -> 0x00BE
[973] [M]: 0x0000000080000F20 (0x00BE9E93) slli t4, t4, 0xb
x29 <- 0xFFFFFF7FFFEFF800

mem[X,0x0000000080000F24] -> 0x8E93
mem[X,0x0000000080000F26] -> 0x7FFE
[974] [M]: 0x0000000080000F24 (0x7FFE8E93) addi t4, t4, 0x7ff
x29 <- 0xFFFFFF7FFFEFFFFF

mem[X,0x0000000080000F28] -> 0x9E93
mem[X,0x0000000080000F2A] -> 0x00BE
[975] [M]: 0x0000000080000F28 (0x00BE9E93) slli t4, t4, 0xb
x29 <- 0xFFFBFFFF7FFFF800

mem[X,0x0000000080000F2C] -> 0x8E93
mem[X,0x0000000080000F2E] -> 0x68FE
[976] [M]: 0x0000000080000F2C (0x68FE8E93) addi t4, t4, 0x68f
x29 <- 0xFFFBFFFF7FFFFE8F

mem[X,0x0000000080000F30] -> 0x9E93
mem[X,0x0000000080000F32] -> 0x00AE
[977] [M]: 0x0000000080000F30 (0x00AE9E93) slli t4, t4, 0xa
x29 <- 0xEFFFFDFFFFFA3C00

mem[X,0x0000000080000F34] -> 0x8E93
mem[X,0x0000000080000F36] -> 0x3FFE
[978] [M]: 0x0000000080000F34 (0x3FFE8E93) addi t4, t4, 0x3ff
x29 <- 0xEFFFFDFFFFFA3FFF

mem[X,0x0000000080000F38] -> 0x7FBB
mem[X,0x0000000080000F3A] -> 0xC9DF
[979] [M]: 0x0000000080000F38 (0xC9DF7FBB) pmhaccsu.h t6, t5, t4
x31 <- 0xF9108B7C415ADAE2

mem[X,0x0000000080000F3C] -> 0xB423
mem[X,0x0000000080000F3E] -> 0x09F0
[980] [M]: 0x0000000080000F3C (0x09F0B423) sd t6, 0x88(ra)
mem[0x0000000080004290] <- 0xF9108B7C415ADAE2

mem[X,0x0000000080000F40] -> 0x0F37
mem[X,0x0000000080000F42] -> 0xFF00
[981] [M]: 0x0000000080000F40 (0xFF000F37) lui t5, -0x1000
x30 <- 0xFFFFFFFFFF000000

mem[X,0x0000000080000F44] -> 0x0F13
mem[X,0x0000000080000F46] -> 0xFFDF
[982] [M]: 0x0000000080000F44 (0xFFDF0F13) addi t5, t5, -0x3
x30 <- 0xFFFFFFFFFEFFFFFD

mem[X,0x0000000080000F48] -> 0x1F13
mem[X,0x0000000080000F4A] -> 0x00BF
[983] [M]: 0x0000000080000F48 (0x00BF1F13) slli t5, t5, 0xb
x30 <- 0xFFFFFFF7FFFFE800

mem[X,0x0000000080000F4C] -> 0x0F13
mem[X,0x0000000080000F4E] -> 0x7FFF
[984] [M]: 0x0000000080000F4C (0x7FFF0F13) addi t5, t5, 0x7ff
x30 <- 0xFFFFFFF7FFFFEFFF

mem[X,0x0000000080000F50] -> 0x1F13
mem[X,0x0000000080000F52] -> 0x00BF
[985] [M]: 0x0000000080000F50 (0x00BF1F13) slli t5, t5, 0xb
x30 <- 0xFFFFBFFFFF7FF800

mem[X,0x0000000080000F54] -> 0x0F13
mem[X,0x0000000080000F56] -> 0x7FFF
[986] [M]: 0x0000000080000F54 (0x7FFF0F13) addi t5, t5, 0x7ff
x30 <- 0xFFFFBFFFFF7FFFFF

mem[X,0x0000000080000F58] -> 0x1F13
mem[X,0x0000000080000F5A] -> 0x00AF
[987] [M]: 0x0000000080000F58 (0x00AF1F13) slli t5, t5, 0xa
x30 <- 0xFEFFFFFDFFFFFC00

mem[X,0x0000000080000F5C] -> 0x0F13
mem[X,0x0000000080000F5E] -> 0x3F8F
[988] [M]: 0x0000000080000F5C (0x3F8F0F13) addi t5, t5, 0x3f8
x30 <- 0xFEFFFFFDFFFFFFF8

mem[X,0x0000000080000F60] -> 0x1EB7
mem[X,0x0000000080000F62] -> 0xFFF6
[989] [M]: 0x0000000080000F60 (0xFFF61EB7) lui t4, -0x9f
x29 <- 0xFFFFFFFFFFF61000

mem[X,0x0000000080000F64] -> 0x8E93
mem[X,0x0000000080000F66] -> 0x800E
[990] [M]: 0x0000000080000F64 (0x800E8E93) addi t4, t4, -0x800
x29 <- 0xFFFFFFFFFFF60800

mem[X,0x0000000080000F68] -> 0x9E93
mem[X,0x0000000080000F6A] -> 0x00BE
[991] [M]: 0x0000000080000F68 (0x00BE9E93) slli t4, t4, 0xb
x29 <- 0xFFFFFFFFB0400000

mem[X,0x0000000080000F6C] -> 0x8E93
mem[X,0x0000000080000F6E] -> 0x000E
[992] [M]: 0x0000000080000F6C (0x000E8E93) addi t4, t4, 0x0
x29 <- 0xFFFFFFFFB0400000

mem[X,0x0000000080000F70] -> 0x9E93
mem[X,0x0000000080000F72] -> 0x00BE
[993] [M]: 0x0000000080000F70 (0x00BE9E93) slli t4, t4, 0xb
x29 <- 0xFFFFFD8200000000

mem[X,0x0000000080000F74] -> 0x8E93
mem[X,0x0000000080000F76] -> 0x000E
[994] [M]: 0x0000000080000F74 (0x000E8E93) addi t4, t4, 0x0
x29 <- 0xFFFFFD8200000000

mem[X,0x0000000080000F78] -> 0x9E93
mem[X,0x0000000080000F7A] -> 0x00AE
[995] [M]: 0x0000000080000F78 (0x00AE9E93) slli t4, t4, 0xa
x29 <- 0xFFF6080000000000

mem[X,0x0000000080000F7C] -> 0x7FBB
mem[X,0x0000000080000F7E] -> 0xC9DF
[996] [M]: 0x0000000080000F7C (0xC9DF7FBB) pmhaccsu.h t6, t5, t4
x31 <- 0xF80F8B7B415ADAE2

mem[X,0x0000000080000F80] -> 0xB823
mem[X,0x0000000080000F82] -> 0x09F0
[997] [M]: 0x0000000080000F80 (0x09F0B823) sd t6, 0x90(ra)
mem[0x0000000080004298] <- 0xF80F8B7B415ADAE2

mem[X,0x0000000080000F84] -> 0xFF37
mem[X,0x0000000080000F86] -> 0x0020
[998] [M]: 0x0000000080000F84 (0x0020FF37) lui t5, 0x20f
x30 <- 0x000000000020F000

mem[X,0x0000000080000F88] -> 0x0F13
mem[X,0x0000000080000F8A] -> 0x7FFF
[999] [M]: 0x0000000080000F88 (0x7FFF0F13) addi t5, t5, 0x7ff
x30 <- 0x000000000020F7FF

clint::tick mtime <- 0x000000000000000A
 clint timer pending at mtime 0x000000000000000A
htif::tick 0x0000000000000000
mem[X,0x0000000080000F8C] -> 0x1F13
mem[X,0x0000000080000F8E] -> 0x00BF
[1000] [M]: 0x0000000080000F8C (0x00BF1F13) slli t5, t5, 0xb
x30 <- 0x0000000107BFF800

mem[X,0x0000000080000F90] -> 0x0F13
mem[X,0x0000000080000F92] -> 0x000F
[1001] [M]: 0x0000000080000F90 (0x000F0F13) addi t5, t5, 0x0
x30 <- 0x0000000107BFF800

mem[X,0x0000000080000F94] -> 0x1F13
mem[X,0x0000000080000F96] -> 0x00BF
[1002] [M]: 0x0000000080000F94 (0x00BF1F13) slli t5, t5, 0xb
x30 <- 0x0000083DFFC00000

mem[X,0x0000000080000F98] -> 0x0F13
mem[X,0x0000000080000F9A] -> 0x040F
[1003] [M]: 0x0000000080000F98 (0x040F0F13) addi t5, t5, 0x40
x30 <- 0x0000083DFFC00040

mem[X,0x0000000080000F9C] -> 0x1F13
mem[X,0x0000000080000F9E] -> 0x00AF
[1004] [M]: 0x0000000080000F9C (0x00AF1F13) slli t5, t5, 0xa
x30 <- 0x0020F7FF00010000

mem[X,0x0000000080000FA0] -> 0x0F13
mem[X,0x0000000080000FA2] -> 0x004F
[1005] [M]: 0x0000000080000FA0 (0x004F0F13) addi t5, t5, 0x4
x30 <- 0x0020F7FF00010004

mem[X,0x0000000080000FA4] -> 0x0EB7
mem[X,0x0000000080000FA6] -> 0x1000
[1006] [M]: 0x0000000080000FA4 (0x10000EB7) lui t4, 0x10000
x29 <- 0x0000000010000000

mem[X,0x0000000080000FA8] -> 0x8E93
mem[X,0x0000000080000FAA] -> 0x080E
[1007] [M]: 0x0000000080000FA8 (0x080E8E93) addi t4, t4, 0x80
x29 <- 0x0000000010000080

mem[X,0x0000000080000FAC] -> 0x9E93
mem[X,0x0000000080000FAE] -> 0x00BE
[1008] [M]: 0x0000000080000FAC (0x00BE9E93) slli t4, t4, 0xb
x29 <- 0x0000008000040000

mem[X,0x0000000080000FB0] -> 0x8E93
mem[X,0x0000000080000FB2] -> 0x7FFE
[1009] [M]: 0x0000000080000FB0 (0x7FFE8E93) addi t4, t4, 0x7ff
x29 <- 0x00000080000407FF

mem[X,0x0000000080000FB4] -> 0x9E93
mem[X,0x0000000080000FB6] -> 0x00BE
[1010] [M]: 0x0000000080000FB4 (0x00BE9E93) slli t4, t4, 0xb
x29 <- 0x00040000203FF800

mem[X,0x0000000080000FB8] -> 0x8E93
mem[X,0x0000000080000FBA] -> 0x708E
[1011] [M]: 0x0000000080000FB8 (0x708E8E93) addi t4, t4, 0x708
x29 <- 0x00040000203FFF08

mem[X,0x0000000080000FBC] -> 0x9E93
mem[X,0x0000000080000FBE] -> 0x00AE
[1012] [M]: 0x0000000080000FBC (0x00AE9E93) slli t4, t4, 0xa
x29 <- 0x10000080FFFC2000

mem[X,0x0000000080000FC0] -> 0x7FBB
mem[X,0x0000000080000FC2] -> 0xC9DF
[1013] [M]: 0x0000000080000FC0 (0xC9DF7FBB) pmhaccsu.h t6, t5, t4
x31 <- 0xF8118B76415ADAE2

mem[X,0x0000000080000FC4] -> 0xBC23
mem[X,0x0000000080000FC6] -> 0x09F0
[1014] [M]: 0x0000000080000FC4 (0x09F0BC23) sd t6, 0x98(ra)
mem[0x00000000800042A0] <- 0xF8118B76415ADAE2

mem[X,0x0000000080000FC8] -> 0xCF37
mem[X,0x0000000080000FCA] -> 0xC000
[1015] [M]: 0x0000000080000FC8 (0xC000CF37) lui t5, -0x3fff4
x30 <- 0xFFFFFFFFC000C000

mem[X,0x0000000080000FCC] -> 0x0F13
mem[X,0x0000000080000FCE] -> 0x000F
[1016] [M]: 0x0000000080000FCC (0x000F0F13) addi t5, t5, 0x0
x30 <- 0xFFFFFFFFC000C000

mem[X,0x0000000080000FD0] -> 0x1F13
mem[X,0x0000000080000FD2] -> 0x00BF
[1017] [M]: 0x0000000080000FD0 (0x00BF1F13) slli t5, t5, 0xb
x30 <- 0xFFFFFE0006000000

mem[X,0x0000000080000FD4] -> 0x0F13
mem[X,0x0000000080000FD6] -> 0x000F
[1018] [M]: 0x0000000080000FD4 (0x000F0F13) addi t5, t5, 0x0
x30 <- 0xFFFFFE0006000000

mem[X,0x0000000080000FD8] -> 0x1F13
mem[X,0x0000000080000FDA] -> 0x00BF
[1019] [M]: 0x0000000080000FD8 (0x00BF1F13) slli t5, t5, 0xb
x30 <- 0xFFF0003000000000

mem[X,0x0000000080000FDC] -> 0x0F13
mem[X,0x0000000080000FDE] -> 0x100F
[1020] [M]: 0x0000000080000FDC (0x100F0F13) addi t5, t5, 0x100
x30 <- 0xFFF0003000000100

mem[X,0x0000000080000FE0] -> 0x1F13
mem[X,0x0000000080000FE2] -> 0x00AF
[1021] [M]: 0x0000000080000FE0 (0x00AF1F13) slli t5, t5, 0xa
x30 <- 0xC000C00000040000

mem[X,0x0000000080000FE4] -> 0x0F13
mem[X,0x0000000080000FE6] -> 0x006F
[1022] [M]: 0x0000000080000FE4 (0x006F0F13) addi t5, t5, 0x6
x30 <- 0xC000C00000040006

mem[X,0x0000000080000FE8] -> 0x4EB7
mem[X,0x0000000080000FEA] -> 0x0002
[1023] [M]: 0x0000000080000FE8 (0x00024EB7) lui t4, 0x24
x29 <- 0x0000000000024000

mem[X,0x0000000080000FEC] -> 0x8E93
mem[X,0x0000000080000FEE] -> 0xFFFE
[1024] [M]: 0x0000000080000FEC (0xFFFE8E93) addi t4, t4, -0x1
x29 <- 0x0000000000023FFF

mem[X,0x0000000080000FF0] -> 0x9E93
mem[X,0x0000000080000FF2] -> 0x00BE
[1025] [M]: 0x0000000080000FF0 (0x00BE9E93) slli t4, t4, 0xb
x29 <- 0x0000000011FFF800

mem[X,0x0000000080000FF4] -> 0x8E93
mem[X,0x0000000080000FF6] -> 0x000E
[1026] [M]: 0x0000000080000FF4 (0x000E8E93) addi t4, t4, 0x0
x29 <- 0x0000000011FFF800

mem[X,0x0000000080000FF8] -> 0x9E93
mem[X,0x0000000080000FFA] -> 0x00BE
[1027] [M]: 0x0000000080000FF8 (0x00BE9E93) slli t4, t4, 0xb
x29 <- 0x0000008FFFC00000

mem[X,0x0000000080000FFC] -> 0x8E93
mem[X,0x0000000080000FFE] -> 0x13FE
[1028] [M]: 0x0000000080000FFC (0x13FE8E93) addi t4, t4, 0x13f
x29 <- 0x0000008FFFC0013F

mem[X,0x0000000080001000] -> 0x9E93
mem[X,0x0000000080001002] -> 0x00AE
[1029] [M]: 0x0000000080001000 (0x00AE9E93) slli t4, t4, 0xa
x29 <- 0x00023FFF0004FC00

mem[X,0x0000000080001004] -> 0x8E93
mem[X,0x0000000080001006] -> 0x3FDE
[1030] [M]: 0x0000000080001004 (0x3FDE8E93) addi t4, t4, 0x3fd
x29 <- 0x00023FFF0004FFFD

mem[X,0x0000000080001008] -> 0x7FBB
mem[X,0x000000008000100A] -> 0xC9DF
[1031] [M]: 0x0000000080001008 (0xC9DF7FBB) pmhaccsu.h t6, t5, t4
x31 <- 0xF8107B76415ADAE7

mem[X,0x000000008000100C] -> 0xB023
mem[X,0x000000008000100E] -> 0x0BF0
[1032] [M]: 0x000000008000100C (0x0BF0B023) sd t6, 0xa0(ra)
mem[0x00000000800042A8] <- 0xF8107B76415ADAE7

mem[X,0x0000000080001010] -> 0xFF37
mem[X,0x0000000080001012] -> 0xEFFF
[1033] [M]: 0x0000000080001010 (0xEFFFFF37) lui t5, -0x10001
x30 <- 0xFFFFFFFFEFFFF000

mem[X,0x0000000080001014] -> 0x0F13
mem[X,0x0000000080001016] -> 0x7FFF
[1034] [M]: 0x0000000080001014 (0x7FFF0F13) addi t5, t5, 0x7ff
x30 <- 0xFFFFFFFFEFFFF7FF

mem[X,0x0000000080001018] -> 0x1F13
mem[X,0x000000008000101A] -> 0x00BF
[1035] [M]: 0x0000000080001018 (0x00BF1F13) slli t5, t5, 0xb
x30 <- 0xFFFFFF7FFFBFF800

mem[X,0x000000008000101C] -> 0x0F13
mem[X,0x000000008000101E] -> 0x010F
[1036] [M]: 0x000000008000101C (0x010F0F13) addi t5, t5, 0x10
x30 <- 0xFFFFFF7FFFBFF810

mem[X,0x0000000080001020] -> 0x1F13
mem[X,0x0000000080001022] -> 0x00BF
[1037] [M]: 0x0000000080001020 (0x00BF1F13) slli t5, t5, 0xb
x30 <- 0xFFFBFFFDFFC08000

mem[X,0x0000000080001024] -> 0x0F13
mem[X,0x0000000080001026] -> 0x008F
[1038] [M]: 0x0000000080001024 (0x008F0F13) addi t5, t5, 0x8
x30 <- 0xFFFBFFFDFFC08008

mem[X,0x0000000080001028] -> 0x1F13
mem[X,0x000000008000102A] -> 0x00AF
[1039] [M]: 0x0000000080001028 (0x00AF1F13) slli t5, t5, 0xa
x30 <- 0xEFFFF7FF02002000

mem[X,0x000000008000102C] -> 0x0EB7
mem[X,0x000000008000102E] -> 0xFFE0
[1040] [M]: 0x000000008000102C (0xFFE00EB7) lui t4, -0x200
x29 <- 0xFFFFFFFFFFE00000

mem[X,0x0000000080001030] -> 0x8E93
mem[X,0x0000000080001032] -> 0xEFFE
[1041] [M]: 0x0000000080001030 (0xEFFE8E93) addi t4, t4, -0x101
x29 <- 0xFFFFFFFFFFDFFEFF

mem[X,0x0000000080001034] -> 0x9E93
mem[X,0x0000000080001036] -> 0x00BE
[1042] [M]: 0x0000000080001034 (0x00BE9E93) slli t4, t4, 0xb
x29 <- 0xFFFFFFFEFFF7F800

mem[X,0x0000000080001038] -> 0x8E93
mem[X,0x000000008000103A] -> 0x7FFE
[1043] [M]: 0x0000000080001038 (0x7FFE8E93) addi t4, t4, 0x7ff
x29 <- 0xFFFFFFFEFFF7FFFF

mem[X,0x000000008000103C] -> 0x9E93
mem[X,0x000000008000103E] -> 0x00BE
[1044] [M]: 0x000000008000103C (0x00BE9E93) slli t4, t4, 0xb
x29 <- 0xFFFFF7FFBFFFF800

mem[X,0x0000000080001040] -> 0x8E93
mem[X,0x0000000080001042] -> 0x73FE
[1045] [M]: 0x0000000080001040 (0x73FE8E93) addi t4, t4, 0x73f
x29 <- 0xFFFFF7FFBFFFFF3F

mem[X,0x0000000080001044] -> 0x9E93
mem[X,0x0000000080001046] -> 0x00AE
[1046] [M]: 0x0000000080001044 (0x00AE9E93) slli t4, t4, 0xa
x29 <- 0xFFDFFEFFFFFCFC00

mem[X,0x0000000080001048] -> 0x8E93
mem[X,0x000000008000104A] -> 0x3FDE
[1047] [M]: 0x0000000080001048 (0x3FDE8E93) addi t4, t4, 0x3fd
x29 <- 0xFFDFFEFFFFFCFFFD

mem[X,0x000000008000104C] -> 0x7FBB
mem[X,0x000000008000104E] -> 0xC9DF
[1048] [M]: 0x000000008000104C (0xC9DF7FBB) pmhaccsu.h t6, t5, t4
x31 <- 0xE811737D4359FAE6

mem[X,0x0000000080001050] -> 0xB423
mem[X,0x0000000080001052] -> 0x0BF0
[1049] [M]: 0x0000000080001050 (0x0BF0B423) sd t6, 0xa8(ra)
mem[0x00000000800042B0] <- 0xE811737D4359FAE6

mem[X,0x0000000080001054] -> 0x0F37
mem[X,0x0000000080001056] -> 0x0081
[1050] [M]: 0x0000000080001054 (0x00810F37) lui t5, 0x810
x30 <- 0x0000000000810000

mem[X,0x0000000080001058] -> 0x0F13
mem[X,0x000000008000105A] -> 0xFF7F
[1051] [M]: 0x0000000080001058 (0xFF7F0F13) addi t5, t5, -0x9
x30 <- 0x000000000080FFF7

mem[X,0x000000008000105C] -> 0x1F13
mem[X,0x000000008000105E] -> 0x00BF
[1052] [M]: 0x000000008000105C (0x00BF1F13) slli t5, t5, 0xb
x30 <- 0x0000000407FFB800

mem[X,0x0000000080001060] -> 0x0F13
mem[X,0x0000000080001062] -> 0x7FFF
[1053] [M]: 0x0000000080001060 (0x7FFF0F13) addi t5, t5, 0x7ff
x30 <- 0x0000000407FFBFFF

mem[X,0x0000000080001064] -> 0x1F13
mem[X,0x0000000080001066] -> 0x00BF
[1054] [M]: 0x0000000080001064 (0x00BF1F13) slli t5, t5, 0xb
x30 <- 0x0000203FFDFFF800

mem[X,0x0000000080001068] -> 0x0F13
mem[X,0x000000008000106A] -> 0x5FFF
[1055] [M]: 0x0000000080001068 (0x5FFF0F13) addi t5, t5, 0x5ff
x30 <- 0x0000203FFDFFFDFF

mem[X,0x000000008000106C] -> 0x1F13
mem[X,0x000000008000106E] -> 0x00AF
[1056] [M]: 0x000000008000106C (0x00AF1F13) slli t5, t5, 0xa
x30 <- 0x0080FFF7FFF7FC00

mem[X,0x0000000080001070] -> 0x0F13
mem[X,0x0000000080001072] -> 0x3EFF
[1057] [M]: 0x0000000080001070 (0x3EFF0F13) addi t5, t5, 0x3ef
x30 <- 0x0080FFF7FFF7FFEF

mem[X,0x0000000080001074] -> 0x0EB7
mem[X,0x0000000080001076] -> 0xC001
[1058] [M]: 0x0000000080001074 (0xC0010EB7) lui t4, -0x3fff0
x29 <- 0xFFFFFFFFC0010000

mem[X,0x0000000080001078] -> 0x8E93
mem[X,0x000000008000107A] -> 0xFFBE
[1059] [M]: 0x0000000080001078 (0xFFBE8E93) addi t4, t4, -0x5
x29 <- 0xFFFFFFFFC000FFFB

mem[X,0x000000008000107C] -> 0x9E93
mem[X,0x000000008000107E] -> 0x00BE
[1060] [M]: 0x000000008000107C (0x00BE9E93) slli t4, t4, 0xb
x29 <- 0xFFFFFE0007FFD800

mem[X,0x0000000080001080] -> 0x8E93
mem[X,0x0000000080001082] -> 0x1FFE
[1061] [M]: 0x0000000080001080 (0x1FFE8E93) addi t4, t4, 0x1ff
x29 <- 0xFFFFFE0007FFD9FF

mem[X,0x0000000080001084] -> 0x9E93
mem[X,0x0000000080001086] -> 0x00BE
[1062] [M]: 0x0000000080001084 (0x00BE9E93) slli t4, t4, 0xb
x29 <- 0xFFF0003FFECFF800

mem[X,0x0000000080001088] -> 0x8E93
mem[X,0x000000008000108A] -> 0x7E0E
[1063] [M]: 0x0000000080001088 (0x7E0E8E93) addi t4, t4, 0x7e0
x29 <- 0xFFF0003FFECFFFE0

mem[X,0x000000008000108C] -> 0x9E93
mem[X,0x000000008000108E] -> 0x00AE
[1064] [M]: 0x000000008000108C (0x00AE9E93) slli t4, t4, 0xa
x29 <- 0xC000FFFB3FFF8000

mem[X,0x0000000080001090] -> 0x7FBB
mem[X,0x0000000080001092] -> 0xC9DF
[1065] [M]: 0x0000000080001090 (0xC9DF7FBB) pmhaccsu.h t6, t5, t4
x31 <- 0xE87173744356FADD

mem[X,0x0000000080001094] -> 0xB823
mem[X,0x0000000080001096] -> 0x0BF0
[1066] [M]: 0x0000000080001094 (0x0BF0B823) sd t6, 0xb0(ra)
mem[0x00000000800042B8] <- 0xE87173744356FADD

mem[X,0x0000000080001098] -> 0x0F37
mem[X,0x000000008000109A] -> 0x0007
[1067] [M]: 0x0000000080001098 (0x00070F37) lui t5, 0x70
x30 <- 0x0000000000070000

mem[X,0x000000008000109C] -> 0x0F13
mem[X,0x000000008000109E] -> 0xFEFF
[1068] [M]: 0x000000008000109C (0xFEFF0F13) addi t5, t5, -0x11
x30 <- 0x000000000006FFEF

mem[X,0x00000000800010A0] -> 0x1F13
mem[X,0x00000000800010A2] -> 0x00BF
[1069] [M]: 0x00000000800010A0 (0x00BF1F13) slli t5, t5, 0xb
x30 <- 0x0000000037FF7800

mem[X,0x00000000800010A4] -> 0x0F13
mem[X,0x00000000800010A6] -> 0x7FDF
[1070] [M]: 0x00000000800010A4 (0x7FDF0F13) addi t5, t5, 0x7fd
x30 <- 0x0000000037FF7FFD

mem[X,0x00000000800010A8] -> 0x1F13
mem[X,0x00000000800010AA] -> 0x00BF
[1071] [M]: 0x00000000800010A8 (0x00BF1F13) slli t5, t5, 0xb
x30 <- 0x000001BFFBFFE800

mem[X,0x00000000800010AC] -> 0x0F13
mem[X,0x00000000800010AE] -> 0x7C0F
[1072] [M]: 0x00000000800010AC (0x7C0F0F13) addi t5, t5, 0x7c0
x30 <- 0x000001BFFBFFEFC0

mem[X,0x00000000800010B0] -> 0x1F13
mem[X,0x00000000800010B2] -> 0x00AF
[1073] [M]: 0x00000000800010B0 (0x00AF1F13) slli t5, t5, 0xa
x30 <- 0x0006FFEFFFBF0000

mem[X,0x00000000800010B4] -> 0x8EB7
mem[X,0x00000000800010B6] -> 0x0006
[1074] [M]: 0x00000000800010B4 (0x00068EB7) lui t4, 0x68
x29 <- 0x0000000000068000

mem[X,0x00000000800010B8] -> 0x8E93
mem[X,0x00000000800010BA] -> 0xFFFE
[1075] [M]: 0x00000000800010B8 (0xFFFE8E93) addi t4, t4, -0x1
x29 <- 0x0000000000067FFF

mem[X,0x00000000800010BC] -> 0x9E93
mem[X,0x00000000800010BE] -> 0x00BE
[1076] [M]: 0x00000000800010BC (0x00BE9E93) slli t4, t4, 0xb
x29 <- 0x0000000033FFF800

mem[X,0x00000000800010C0] -> 0x8E93
mem[X,0x00000000800010C2] -> 0x010E
[1077] [M]: 0x00000000800010C0 (0x010E8E93) addi t4, t4, 0x10
x29 <- 0x0000000033FFF810

mem[X,0x00000000800010C4] -> 0x9E93
mem[X,0x00000000800010C6] -> 0x00BE
[1078] [M]: 0x00000000800010C4 (0x00BE9E93) slli t4, t4, 0xb
x29 <- 0x0000019FFFC08000

mem[X,0x00000000800010C8] -> 0x8E93
mem[X,0x00000000800010CA] -> 0x037E
[1079] [M]: 0x00000000800010C8 (0x037E8E93) addi t4, t4, 0x37
x29 <- 0x0000019FFFC08037

mem[X,0x00000000800010CC] -> 0x9E93
mem[X,0x00000000800010CE] -> 0x00AE
[1080] [M]: 0x00000000800010CC (0x00AE9E93) slli t4, t4, 0xa
x29 <- 0x00067FFF0200DC00

mem[X,0x00000000800010D0] -> 0x8E93
mem[X,0x00000000800010D2] -> 0x3FFE
[1081] [M]: 0x00000000800010D0 (0x3FFE8E93) addi t4, t4, 0x3ff
x29 <- 0x00067FFF0200DFFF

mem[X,0x00000000800010D4] -> 0x7FBB
mem[X,0x00000000800010D6] -> 0xC9DF
[1082] [M]: 0x00000000800010D4 (0xC9DF7FBB) pmhaccsu.h t6, t5, t4
x31 <- 0xE871736B4355FADD

mem[X,0x00000000800010D8] -> 0xBC23
mem[X,0x00000000800010DA] -> 0x0BF0
[1083] [M]: 0x00000000800010D8 (0x0BF0BC23) sd t6, 0xb8(ra)
mem[0x00000000800042C0] <- 0xE871736B4355FADD

mem[X,0x00000000800010DC] -> 0x0F37
mem[X,0x00000000800010DE] -> 0xFFF7
[1084] [M]: 0x00000000800010DC (0xFFF70F37) lui t5, -0x90
x30 <- 0xFFFFFFFFFFF70000

mem[X,0x00000000800010E0] -> 0x0F13
mem[X,0x00000000800010E2] -> 0xFFFF
[1085] [M]: 0x00000000800010E0 (0xFFFF0F13) addi t5, t5, -0x1
x30 <- 0xFFFFFFFFFFF6FFFF

mem[X,0x00000000800010E4] -> 0x1F13
mem[X,0x00000000800010E6] -> 0x00BF
[1086] [M]: 0x00000000800010E4 (0x00BF1F13) slli t5, t5, 0xb
x30 <- 0xFFFFFFFFB7FFF800

mem[X,0x00000000800010E8] -> 0x0F13
mem[X,0x00000000800010EA] -> 0x7F7F
[1087] [M]: 0x00000000800010E8 (0x7F7F0F13) addi t5, t5, 0x7f7
x30 <- 0xFFFFFFFFB7FFFFF7

mem[X,0x00000000800010EC] -> 0x1F13
mem[X,0x00000000800010EE] -> 0x00BF
[1088] [M]: 0x00000000800010EC (0x00BF1F13) slli t5, t5, 0xb
x30 <- 0xFFFFFDBFFFFFB800

mem[X,0x00000000800010F0] -> 0x0F13
mem[X,0x00000000800010F2] -> 0x7F0F
[1089] [M]: 0x00000000800010F0 (0x7F0F0F13) addi t5, t5, 0x7f0
x30 <- 0xFFFFFDBFFFFFBFF0

mem[X,0x00000000800010F4] -> 0x1F13
mem[X,0x00000000800010F6] -> 0x00AF
[1090] [M]: 0x00000000800010F4 (0x00AF1F13) slli t5, t5, 0xa
x30 <- 0xFFF6FFFFFEFFC000

mem[X,0x00000000800010F8] -> 0x0EB7
mem[X,0x00000000800010FA] -> 0xFFFB
[1091] [M]: 0x00000000800010F8 (0xFFFB0EB7) lui t4, -0x50
x29 <- 0xFFFFFFFFFFFB0000

mem[X,0x00000000800010FC] -> 0x8E93
mem[X,0x00000000800010FE] -> 0xFF6E
[1092] [M]: 0x00000000800010FC (0xFF6E8E93) addi t4, t4, -0xa
x29 <- 0xFFFFFFFFFFFAFFF6

mem[X,0x0000000080001100] -> 0x9E93
mem[X,0x0000000080001102] -> 0x00BE
[1093] [M]: 0x0000000080001100 (0x00BE9E93) slli t4, t4, 0xb
x29 <- 0xFFFFFFFFD7FFB000

mem[X,0x0000000080001104] -> 0x8E93
mem[X,0x0000000080001106] -> 0x5FFE
[1094] [M]: 0x0000000080001104 (0x5FFE8E93) addi t4, t4, 0x5ff
x29 <- 0xFFFFFFFFD7FFB5FF

mem[X,0x0000000080001108] -> 0x9E93
mem[X,0x000000008000110A] -> 0x00BE
[1095] [M]: 0x0000000080001108 (0x00BE9E93) slli t4, t4, 0xb
x29 <- 0xFFFFFEBFFDAFF800

mem[X,0x000000008000110C] -> 0x8E93
mem[X,0x000000008000110E] -> 0x7FFE
[1096] [M]: 0x000000008000110C (0x7FFE8E93) addi t4, t4, 0x7ff
x29 <- 0xFFFFFEBFFDAFFFFF

mem[X,0x0000000080001110] -> 0x9E93
mem[X,0x0000000080001112] -> 0x00AE
[1097] [M]: 0x0000000080001110 (0x00AE9E93) slli t4, t4, 0xa
x29 <- 0xFFFAFFF6BFFFFC00

mem[X,0x0000000080001114] -> 0x8E93
mem[X,0x0000000080001116] -> 0x3F8E
[1098] [M]: 0x0000000080001114 (0x3F8E8E93) addi t4, t4, 0x3f8
x29 <- 0xFFFAFFF6BFFFFFF8

mem[X,0x0000000080001118] -> 0x7FBB
mem[X,0x000000008000111A] -> 0xC9DF
[1099] [M]: 0x0000000080001118 (0xC9DF7FBB) pmhaccsu.h t6, t5, t4
x31 <- 0xE867736A4294BADF

clint::tick mtime <- 0x000000000000000B
 clint timer pending at mtime 0x000000000000000B
htif::tick 0x0000000000000000
mem[X,0x000000008000111C] -> 0xB023
mem[X,0x000000008000111E] -> 0x0DF0
[1100] [M]: 0x000000008000111C (0x0DF0B023) sd t6, 0xc0(ra)
mem[0x00000000800042C8] <- 0xE867736A4294BADF

mem[X,0x0000000080001120] -> 0x4F37
mem[X,0x0000000080001122] -> 0xFFF9
[1101] [M]: 0x0000000080001120 (0xFFF94F37) lui t5, -0x6c
x30 <- 0xFFFFFFFFFFF94000

mem[X,0x0000000080001124] -> 0x0F13
mem[X,0x0000000080001126] -> 0x000F
[1102] [M]: 0x0000000080001124 (0x000F0F13) addi t5, t5, 0x0
x30 <- 0xFFFFFFFFFFF94000

mem[X,0x0000000080001128] -> 0x1F13
mem[X,0x000000008000112A] -> 0x00BF
[1103] [M]: 0x0000000080001128 (0x00BF1F13) slli t5, t5, 0xb
x30 <- 0xFFFFFFFFCA000000

mem[X,0x000000008000112C] -> 0x0F13
mem[X,0x000000008000112E] -> 0x6FFF
[1104] [M]: 0x000000008000112C (0x6FFF0F13) addi t5, t5, 0x6ff
x30 <- 0xFFFFFFFFCA0006FF

mem[X,0x0000000080001130] -> 0x1F13
mem[X,0x0000000080001132] -> 0x00BF
[1105] [M]: 0x0000000080001130 (0x00BF1F13) slli t5, t5, 0xb
x30 <- 0xFFFFFE500037F800

mem[X,0x0000000080001134] -> 0x0F13
mem[X,0x0000000080001136] -> 0x7FFF
[1106] [M]: 0x0000000080001134 (0x7FFF0F13) addi t5, t5, 0x7ff
x30 <- 0xFFFFFE500037FFFF

mem[X,0x0000000080001138] -> 0x1F13
mem[X,0x000000008000113A] -> 0x00AF
[1107] [M]: 0x0000000080001138 (0x00AF1F13) slli t5, t5, 0xa
x30 <- 0xFFF94000DFFFFC00

mem[X,0x000000008000113C] -> 0x0F13
mem[X,0x000000008000113E] -> 0x3FDF
[1108] [M]: 0x000000008000113C (0x3FDF0F13) addi t5, t5, 0x3fd
x30 <- 0xFFF94000DFFFFFFD

mem[X,0x0000000080001140] -> 0x5EB7
mem[X,0x0000000080001142] -> 0xDFFF
[1109] [M]: 0x0000000080001140 (0xDFFF5EB7) lui t4, -0x2000b
x29 <- 0xFFFFFFFFDFFF5000

mem[X,0x0000000080001144] -> 0x8E93
mem[X,0x0000000080001146] -> 0x555E
[1110] [M]: 0x0000000080001144 (0x555E8E93) addi t4, t4, 0x555
x29 <- 0xFFFFFFFFDFFF5555

mem[X,0x0000000080001148] -> 0x9E93
mem[X,0x000000008000114A] -> 0x00BE
[1111] [M]: 0x0000000080001148 (0x00BE9E93) slli t4, t4, 0xb
x29 <- 0xFFFFFEFFFAAAA800

mem[X,0x000000008000114C] -> 0x8E93
mem[X,0x000000008000114E] -> 0x000E
[1112] [M]: 0x000000008000114C (0x000E8E93) addi t4, t4, 0x0
x29 <- 0xFFFFFEFFFAAAA800

mem[X,0x0000000080001150] -> 0x9E93
mem[X,0x0000000080001152] -> 0x00BE
[1113] [M]: 0x0000000080001150 (0x00BE9E93) slli t4, t4, 0xb
x29 <- 0xFFF7FFD555400000

mem[X,0x0000000080001154] -> 0x8E93
mem[X,0x0000000080001156] -> 0x0FEE
[1114] [M]: 0x0000000080001154 (0x0FEE8E93) addi t4, t4, 0xfe
x29 <- 0xFFF7FFD5554000FE

mem[X,0x0000000080001158] -> 0x9E93
mem[X,0x000000008000115A] -> 0x00AE
[1115] [M]: 0x0000000080001158 (0x00AE9E93) slli t4, t4, 0xa
x29 <- 0xDFFF55550003F800

mem[X,0x000000008000115C] -> 0x8E93
mem[X,0x000000008000115E] -> 0x3FFE
[1116] [M]: 0x000000008000115C (0x3FFE8E93) addi t4, t4, 0x3ff
x29 <- 0xDFFF55550003FBFF

mem[X,0x0000000080001160] -> 0x7FBB
mem[X,0x0000000080001162] -> 0xC9DF
[1117] [M]: 0x0000000080001160 (0xC9DF7FBB) pmhaccsu.h t6, t5, t4
x31 <- 0xE86088BF4293BADC

mem[X,0x0000000080001164] -> 0xB423
mem[X,0x0000000080001166] -> 0x0DF0
[1118] [M]: 0x0000000080001164 (0x0DF0B423) sd t6, 0xc8(ra)
mem[0x00000000800042D0] <- 0xE86088BF4293BADC

mem[X,0x0000000080001168] -> 0x8F37
mem[X,0x000000008000116A] -> 0xFFFB
[1119] [M]: 0x0000000080001168 (0xFFFB8F37) lui t5, -0x48
x30 <- 0xFFFFFFFFFFFB8000

mem[X,0x000000008000116C] -> 0x0F13
mem[X,0x000000008000116E] -> 0xFFFF
[1120] [M]: 0x000000008000116C (0xFFFF0F13) addi t5, t5, -0x1
x30 <- 0xFFFFFFFFFFFB7FFF

mem[X,0x0000000080001170] -> 0x1F13
mem[X,0x0000000080001172] -> 0x00BF
[1121] [M]: 0x0000000080001170 (0x00BF1F13) slli t5, t5, 0xb
x30 <- 0xFFFFFFFFDBFFF800

mem[X,0x0000000080001174] -> 0x0F13
mem[X,0x0000000080001176] -> 0x7F7F
[1122] [M]: 0x0000000080001174 (0x7F7F0F13) addi t5, t5, 0x7f7
x30 <- 0xFFFFFFFFDBFFFFF7

mem[X,0x0000000080001178] -> 0x1F13
mem[X,0x000000008000117A] -> 0x00BF
[1123] [M]: 0x0000000080001178 (0x00BF1F13) slli t5, t5, 0xb
x30 <- 0xFFFFFEDFFFFFB800

mem[X,0x000000008000117C] -> 0x0F13
mem[X,0x000000008000117E] -> 0x7FFF
[1124] [M]: 0x000000008000117C (0x7FFF0F13) addi t5, t5, 0x7ff
x30 <- 0xFFFFFEDFFFFFBFFF

mem[X,0x0000000080001180] -> 0x1F13
mem[X,0x0000000080001182] -> 0x00AF
[1125] [M]: 0x0000000080001180 (0x00AF1F13) slli t5, t5, 0xa
x30 <- 0xFFFB7FFFFEFFFC00

mem[X,0x0000000080001184] -> 0x0F13
mem[X,0x0000000080001186] -> 0x3EFF
[1126] [M]: 0x0000000080001184 (0x3EFF0F13) addi t5, t5, 0x3ef
x30 <- 0xFFFB7FFFFEFFFFEF

mem[X,0x0000000080001188] -> 0x0EB7
mem[X,0x000000008000118A] -> 0xFFBF
[1127] [M]: 0x0000000080001188 (0xFFBF0EB7) lui t4, -0x410
x29 <- 0xFFFFFFFFFFBF0000

mem[X,0x000000008000118C] -> 0x8E93
mem[X,0x000000008000118E] -> 0x200E
[1128] [M]: 0x000000008000118C (0x200E8E93) addi t4, t4, 0x200
x29 <- 0xFFFFFFFFFFBF0200

mem[X,0x0000000080001190] -> 0x9E93
mem[X,0x0000000080001192] -> 0x00BE
[1129] [M]: 0x0000000080001190 (0x00BE9E93) slli t4, t4, 0xb
x29 <- 0xFFFFFFFDF8100000

mem[X,0x0000000080001194] -> 0x8E93
mem[X,0x0000000080001196] -> 0x7FFE
[1130] [M]: 0x0000000080001194 (0x7FFE8E93) addi t4, t4, 0x7ff
x29 <- 0xFFFFFFFDF81007FF

mem[X,0x0000000080001198] -> 0x9E93
mem[X,0x000000008000119A] -> 0x00BE
[1131] [M]: 0x0000000080001198 (0x00BE9E93) slli t4, t4, 0xb
x29 <- 0xFFFFEFC0803FF800

mem[X,0x000000008000119C] -> 0x8E93
mem[X,0x000000008000119E] -> 0x720E
[1132] [M]: 0x000000008000119C (0x720E8E93) addi t4, t4, 0x720
x29 <- 0xFFFFEFC0803FFF20

mem[X,0x00000000800011A0] -> 0x9E93
mem[X,0x00000000800011A2] -> 0x00AE
[1133] [M]: 0x00000000800011A0 (0x00AE9E93) slli t4, t4, 0xa
x29 <- 0xFFBF0200FFFC8000

mem[X,0x00000000800011A4] -> 0x7FBB
mem[X,0x00000000800011A6] -> 0xC9DF
[1134] [M]: 0x00000000800011A4 (0xC9DF7FBB) pmhaccsu.h t6, t5, t4
x31 <- 0xE85B89BE4192BAD3

mem[X,0x00000000800011A8] -> 0xB823
mem[X,0x00000000800011AA] -> 0x0DF0
[1135] [M]: 0x00000000800011A8 (0x0DF0B823) sd t6, 0xd0(ra)
mem[0x00000000800042D8] <- 0xE85B89BE4192BAD3

mem[X,0x00000000800011AC] -> 0x0F37
mem[X,0x00000000800011AE] -> 0xFFF7
[1136] [M]: 0x00000000800011AC (0xFFF70F37) lui t5, -0x90
x30 <- 0xFFFFFFFFFFF70000

mem[X,0x00000000800011B0] -> 0x0F13
mem[X,0x00000000800011B2] -> 0x080F
[1137] [M]: 0x00000000800011B0 (0x080F0F13) addi t5, t5, 0x80
x30 <- 0xFFFFFFFFFFF70080

mem[X,0x00000000800011B4] -> 0x1F13
mem[X,0x00000000800011B6] -> 0x00BF
[1138] [M]: 0x00000000800011B4 (0x00BF1F13) slli t5, t5, 0xb
x30 <- 0xFFFFFFFFB8040000

mem[X,0x00000000800011B8] -> 0x0F13
mem[X,0x00000000800011BA] -> 0x7FFF
[1139] [M]: 0x00000000800011B8 (0x7FFF0F13) addi t5, t5, 0x7ff
x30 <- 0xFFFFFFFFB80407FF

mem[X,0x00000000800011BC] -> 0x1F13
mem[X,0x00000000800011BE] -> 0x00BF
[1140] [M]: 0x00000000800011BC (0x00BF1F13) slli t5, t5, 0xb
x30 <- 0xFFFFFDC0203FF800

mem[X,0x00000000800011C0] -> 0x0F13
mem[X,0x00000000800011C2] -> 0x5BDF
[1141] [M]: 0x00000000800011C0 (0x5BDF0F13) addi t5, t5, 0x5bd
x30 <- 0xFFFFFDC0203FFDBD

mem[X,0x00000000800011C4] -> 0x1F13
mem[X,0x00000000800011C6] -> 0x00AF
[1142] [M]: 0x00000000800011C4 (0x00AF1F13) slli t5, t5, 0xa
x30 <- 0xFFF70080FFF6F400

mem[X,0x00000000800011C8] -> 0x0F13
mem[X,0x00000000800011CA] -> 0x3FFF
[1143] [M]: 0x00000000800011C8 (0x3FFF0F13) addi t5, t5, 0x3ff
x30 <- 0xFFF70080FFF6F7FF

mem[X,0x00000000800011CC] -> 0x0EB7
mem[X,0x00000000800011CE] -> 0xF800
[1144] [M]: 0x00000000800011CC (0xF8000EB7) lui t4, -0x8000
x29 <- 0xFFFFFFFFF8000000

mem[X,0x00000000800011D0] -> 0x8E93
mem[X,0x00000000800011D2] -> 0xBFFE
[1145] [M]: 0x00000000800011D0 (0xBFFE8E93) addi t4, t4, -0x401
x29 <- 0xFFFFFFFFF7FFFBFF

mem[X,0x00000000800011D4] -> 0x9E93
mem[X,0x00000000800011D6] -> 0x00BE
[1146] [M]: 0x00000000800011D4 (0x00BE9E93) slli t4, t4, 0xb
x29 <- 0xFFFFFFBFFFDFF800

mem[X,0x00000000800011D8] -> 0x8E93
mem[X,0x00000000800011DA] -> 0x600E
[1147] [M]: 0x00000000800011D8 (0x600E8E93) addi t4, t4, 0x600
x29 <- 0xFFFFFFBFFFDFFE00

mem[X,0x00000000800011DC] -> 0x9E93
mem[X,0x00000000800011DE] -> 0x00BE
[1148] [M]: 0x00000000800011DC (0x00BE9E93) slli t4, t4, 0xb
x29 <- 0xFFFDFFFEFFF00000

mem[X,0x00000000800011E0] -> 0x8E93
mem[X,0x00000000800011E2] -> 0x037E
[1149] [M]: 0x00000000800011E0 (0x037E8E93) addi t4, t4, 0x37
x29 <- 0xFFFDFFFEFFF00037

mem[X,0x00000000800011E4] -> 0x9E93
mem[X,0x00000000800011E6] -> 0x00AE
[1150] [M]: 0x00000000800011E4 (0x00AE9E93) slli t4, t4, 0xa
x29 <- 0xF7FFFBFFC000DC00

mem[X,0x00000000800011E8] -> 0x8E93
mem[X,0x00000000800011EA] -> 0x3FFE
[1151] [M]: 0x00000000800011E8 (0x3FFE8E93) addi t4, t4, 0x3ff
x29 <- 0xF7FFFBFFC000DFFF

mem[X,0x00000000800011EC] -> 0x7FBB
mem[X,0x00000000800011EE] -> 0xC9DF
[1152] [M]: 0x00000000800011EC (0xC9DF7FBB) pmhaccsu.h t6, t5, t4
x31 <- 0xE8528A3B418AB3D2

mem[X,0x00000000800011F0] -> 0xBC23
mem[X,0x00000000800011F2] -> 0x0DF0
[1153] [M]: 0x00000000800011F0 (0x0DF0BC23) sd t6, 0xd8(ra)
mem[0x00000000800042E0] <- 0xE8528A3B418AB3D2

mem[X,0x00000000800011F4] -> 0x0F37
mem[X,0x00000000800011F6] -> 0xF7FF
[1154] [M]: 0x00000000800011F4 (0xF7FF0F37) lui t5, -0x8010
x30 <- 0xFFFFFFFFF7FF0000

mem[X,0x00000000800011F8] -> 0x0F13
mem[X,0x00000000800011FA] -> 0x080F
[1155] [M]: 0x00000000800011F8 (0x080F0F13) addi t5, t5, 0x80
x30 <- 0xFFFFFFFFF7FF0080

mem[X,0x00000000800011FC] -> 0x1F13
mem[X,0x00000000800011FE] -> 0x00BF
[1156] [M]: 0x00000000800011FC (0x00BF1F13) slli t5, t5, 0xb
x30 <- 0xFFFFFFBFF8040000

mem[X,0x0000000080001200] -> 0x0F13
mem[X,0x0000000080001202] -> 0x5FFF
[1157] [M]: 0x0000000080001200 (0x5FFF0F13) addi t5, t5, 0x5ff
x30 <- 0xFFFFFFBFF80405FF

mem[X,0x0000000080001204] -> 0x1F13
mem[X,0x0000000080001206] -> 0x00BF
[1158] [M]: 0x0000000080001204 (0x00BF1F13) slli t5, t5, 0xb
x30 <- 0xFFFDFFC0202FF800

mem[X,0x0000000080001208] -> 0x0F13
mem[X,0x000000008000120A] -> 0x7FFF
[1159] [M]: 0x0000000080001208 (0x7FFF0F13) addi t5, t5, 0x7ff
x30 <- 0xFFFDFFC0202FFFFF

mem[X,0x000000008000120C] -> 0x1F13
mem[X,0x000000008000120E] -> 0x00AF
[1160] [M]: 0x000000008000120C (0x00AF1F13) slli t5, t5, 0xa
x30 <- 0xF7FF0080BFFFFC00

mem[X,0x0000000080001210] -> 0x0F13
mem[X,0x0000000080001212] -> 0x3FEF
[1161] [M]: 0x0000000080001210 (0x3FEF0F13) addi t5, t5, 0x3fe
x30 <- 0xF7FF0080BFFFFFFE

mem[X,0x0000000080001214] -> 0x0EB7
mem[X,0x0000000080001216] -> 0x0000
[1162] [M]: 0x0000000080001214 (0x00000EB7) lui t4, 0x0
x29 <- 0x0000000000000000

mem[X,0x0000000080001218] -> 0x8E93
mem[X,0x000000008000121A] -> 0xFEFE
[1163] [M]: 0x0000000080001218 (0xFEFE8E93) addi t4, t4, -0x11
x29 <- 0xFFFFFFFFFFFFFFEF

mem[X,0x000000008000121C] -> 0x9E93
mem[X,0x000000008000121E] -> 0x00BE
[1164] [M]: 0x000000008000121C (0x00BE9E93) slli t4, t4, 0xb
x29 <- 0xFFFFFFFFFFFF7800

mem[X,0x0000000080001220] -> 0x8E93
mem[X,0x0000000080001222] -> 0x7BFE
[1165] [M]: 0x0000000080001220 (0x7BFE8E93) addi t4, t4, 0x7bf
x29 <- 0xFFFFFFFFFFFF7FBF

mem[X,0x0000000080001224] -> 0x9E93
mem[X,0x0000000080001226] -> 0x00BE
[1166] [M]: 0x0000000080001224 (0x00BE9E93) slli t4, t4, 0xb
x29 <- 0xFFFFFFFFFBFDF800

mem[X,0x0000000080001228] -> 0x8E93
mem[X,0x000000008000122A] -> 0x7EAE
[1167] [M]: 0x0000000080001228 (0x7EAE8E93) addi t4, t4, 0x7ea
x29 <- 0xFFFFFFFFFBFDFFEA

mem[X,0x000000008000122C] -> 0x9E93
mem[X,0x000000008000122E] -> 0x00AE
[1168] [M]: 0x000000008000122C (0x00AE9E93) slli t4, t4, 0xa
x29 <- 0xFFFFFFEFF7FFA800

mem[X,0x0000000080001230] -> 0x8E93
mem[X,0x0000000080001232] -> 0x2AAE
[1169] [M]: 0x0000000080001230 (0x2AAE8E93) addi t4, t4, 0x2aa
x29 <- 0xFFFFFFEFF7FFAAAA

mem[X,0x0000000080001234] -> 0x7FBB
mem[X,0x0000000080001236] -> 0xC9DF
[1170] [M]: 0x0000000080001234 (0xC9DF7FBB) pmhaccsu.h t6, t5, t4
x31 <- 0xE0518ABA0389B3D0

mem[X,0x0000000080001238] -> 0xB023
mem[X,0x000000008000123A] -> 0x0FF0
[1171] [M]: 0x0000000080001238 (0x0FF0B023) sd t6, 0xe0(ra)
mem[0x00000000800042E8] <- 0xE0518ABA0389B3D0

mem[X,0x000000008000123C] -> 0xBF37
mem[X,0x000000008000123E] -> 0xAAAA
[1172] [M]: 0x000000008000123C (0xAAAABF37) lui t5, -0x55555
x30 <- 0xFFFFFFFFAAAAB000

mem[X,0x0000000080001240] -> 0x0F13
mem[X,0x0000000080001242] -> 0xAAAF
[1173] [M]: 0x0000000080001240 (0xAAAF0F13) addi t5, t5, -0x556
x30 <- 0xFFFFFFFFAAAAAAAA

mem[X,0x0000000080001244] -> 0x1F13
mem[X,0x0000000080001246] -> 0x00BF
[1174] [M]: 0x0000000080001244 (0x00BF1F13) slli t5, t5, 0xb
x30 <- 0xFFFFFD5555555000

mem[X,0x0000000080001248] -> 0x0F13
mem[X,0x000000008000124A] -> 0x400F
[1175] [M]: 0x0000000080001248 (0x400F0F13) addi t5, t5, 0x400
x30 <- 0xFFFFFD5555555400

mem[X,0x000000008000124C] -> 0x1F13
mem[X,0x000000008000124E] -> 0x00BF
[1176] [M]: 0x000000008000124C (0x00BF1F13) slli t5, t5, 0xb
x30 <- 0xFFEAAAAAAAA00000

mem[X,0x0000000080001250] -> 0x0F13
mem[X,0x0000000080001252] -> 0x03FF
[1177] [M]: 0x0000000080001250 (0x03FF0F13) addi t5, t5, 0x3f
x30 <- 0xFFEAAAAAAAA0003F

mem[X,0x0000000080001254] -> 0x1F13
mem[X,0x0000000080001256] -> 0x00AF
[1178] [M]: 0x0000000080001254 (0x00AF1F13) slli t5, t5, 0xa
x30 <- 0xAAAAAAAA8000FC00

mem[X,0x0000000080001258] -> 0x0F13
mem[X,0x000000008000125A] -> 0x37FF
[1179] [M]: 0x0000000080001258 (0x37FF0F13) addi t5, t5, 0x37f
x30 <- 0xAAAAAAAA8000FF7F

mem[X,0x000000008000125C] -> 0xBEB7
mem[X,0x000000008000125E] -> 0x0001
[1180] [M]: 0x000000008000125C (0x0001BEB7) lui t4, 0x1b
x29 <- 0x000000000001B000

mem[X,0x0000000080001260] -> 0x8E93
mem[X,0x0000000080001262] -> 0xAAAE
[1181] [M]: 0x0000000080001260 (0xAAAE8E93) addi t4, t4, -0x556
x29 <- 0x000000000001AAAA

mem[X,0x0000000080001264] -> 0x9E93
mem[X,0x0000000080001266] -> 0x00BE
[1182] [M]: 0x0000000080001264 (0x00BE9E93) slli t4, t4, 0xb
x29 <- 0x000000000D555000

mem[X,0x0000000080001268] -> 0x8E93
mem[X,0x000000008000126A] -> 0x000E
[1183] [M]: 0x0000000080001268 (0x000E8E93) addi t4, t4, 0x0
x29 <- 0x000000000D555000

mem[X,0x000000008000126C] -> 0x9E93
mem[X,0x000000008000126E] -> 0x00BE
[1184] [M]: 0x000000008000126C (0x00BE9E93) slli t4, t4, 0xb
x29 <- 0x0000006AAA800000

mem[X,0x0000000080001270] -> 0x8E93
mem[X,0x0000000080001272] -> 0x260E
[1185] [M]: 0x0000000080001270 (0x260E8E93) addi t4, t4, 0x260
x29 <- 0x0000006AAA800260

mem[X,0x0000000080001274] -> 0x9E93
mem[X,0x0000000080001276] -> 0x00AE
[1186] [M]: 0x0000000080001274 (0x00AE9E93) slli t4, t4, 0xa
x29 <- 0x0001AAAA00098000

mem[X,0x0000000080001278] -> 0x7FBB
mem[X,0x000000008000127A] -> 0xC9DF
[1187] [M]: 0x0000000080001278 (0xC9DF7FBB) pmhaccsu.h t6, t5, t4
x31 <- 0xE05051D60384B38F

mem[X,0x000000008000127C] -> 0xB423
mem[X,0x000000008000127E] -> 0x0FF0
[1188] [M]: 0x000000008000127C (0x0FF0B423) sd t6, 0xe8(ra)
mem[0x00000000800042F0] <- 0xE05051D60384B38F

mem[X,0x0000000080001280] -> 0xFF37
mem[X,0x0000000080001282] -> 0x8000
[1189] [M]: 0x0000000080001280 (0x8000FF37) lui t5, -0x7fff1
x30 <- 0xFFFFFFFF8000F000

mem[X,0x0000000080001284] -> 0x0F13
mem[X,0x0000000080001286] -> 0x7FFF
[1190] [M]: 0x0000000080001284 (0x7FFF0F13) addi t5, t5, 0x7ff
x30 <- 0xFFFFFFFF8000F7FF

mem[X,0x0000000080001288] -> 0x1F13
mem[X,0x000000008000128A] -> 0x00BF
[1191] [M]: 0x0000000080001288 (0x00BF1F13) slli t5, t5, 0xb
x30 <- 0xFFFFFC0007BFF800

mem[X,0x000000008000128C] -> 0x0F13
mem[X,0x000000008000128E] -> 0x000F
[1192] [M]: 0x000000008000128C (0x000F0F13) addi t5, t5, 0x0
x30 <- 0xFFFFFC0007BFF800

mem[X,0x0000000080001290] -> 0x1F13
mem[X,0x0000000080001292] -> 0x00BF
[1193] [M]: 0x0000000080001290 (0x00BF1F13) slli t5, t5, 0xb
x30 <- 0xFFE0003DFFC00000

mem[X,0x0000000080001294] -> 0x0F13
mem[X,0x0000000080001296] -> 0x23FF
[1194] [M]: 0x0000000080001294 (0x23FF0F13) addi t5, t5, 0x23f
x30 <- 0xFFE0003DFFC0023F

mem[X,0x0000000080001298] -> 0x1F13
mem[X,0x000000008000129A] -> 0x00AF
[1195] [M]: 0x0000000080001298 (0x00AF1F13) slli t5, t5, 0xa
x30 <- 0x8000F7FF0008FC00

mem[X,0x000000008000129C] -> 0x0F13
mem[X,0x000000008000129E] -> 0x3F8F
[1196] [M]: 0x000000008000129C (0x3F8F0F13) addi t5, t5, 0x3f8
x30 <- 0x8000F7FF0008FFF8

mem[X,0x00000000800012A0] -> 0x8EB7
mem[X,0x00000000800012A2] -> 0xEFFF
[1197] [M]: 0x00000000800012A0 (0xEFFF8EB7) lui t4, -0x10008
x29 <- 0xFFFFFFFFEFFF8000

mem[X,0x00000000800012A4] -> 0x8E93
mem[X,0x00000000800012A6] -> 0xFFFE
[1198] [M]: 0x00000000800012A4 (0xFFFE8E93) addi t4, t4, -0x1
x29 <- 0xFFFFFFFFEFFF7FFF

mem[X,0x00000000800012A8] -> 0x9E93
mem[X,0x00000000800012AA] -> 0x00BE
[1199] [M]: 0x00000000800012A8 (0x00BE9E93) slli t4, t4, 0xb
x29 <- 0xFFFFFF7FFBFFF800

clint::tick mtime <- 0x000000000000000C
 clint timer pending at mtime 0x000000000000000C
htif::tick 0x0000000000000000
mem[X,0x00000000800012AC] -> 0x8E93
mem[X,0x00000000800012AE] -> 0x000E
[1200] [M]: 0x00000000800012AC (0x000E8E93) addi t4, t4, 0x0
x29 <- 0xFFFFFF7FFBFFF800

mem[X,0x00000000800012B0] -> 0x9E93
mem[X,0x00000000800012B2] -> 0x00BE
[1201] [M]: 0x00000000800012B0 (0x00BE9E93) slli t4, t4, 0xb
x29 <- 0xFFFBFFDFFFC00000

mem[X,0x00000000800012B4] -> 0x8E93
mem[X,0x00000000800012B6] -> 0x080E
[1202] [M]: 0x00000000800012B4 (0x080E8E93) addi t4, t4, 0x80
x29 <- 0xFFFBFFDFFFC00080

mem[X,0x00000000800012B8] -> 0x9E93
mem[X,0x00000000800012BA] -> 0x00AE
[1203] [M]: 0x00000000800012B8 (0x00AE9E93) slli t4, t4, 0xa
x29 <- 0xEFFF7FFF00020000

mem[X,0x00000000800012BC] -> 0x8E93
mem[X,0x00000000800012BE] -> 0x001E
[1204] [M]: 0x00000000800012BC (0x001E8E93) addi t4, t4, 0x1
x29 <- 0xEFFF7FFF00020001

mem[X,0x00000000800012C0] -> 0x7FBB
mem[X,0x00000000800012C2] -> 0xC9DF
[1205] [M]: 0x00000000800012C0 (0xC9DF7FBB) pmhaccsu.h t6, t5, t4
x31 <- 0x68504DD50384B38E

mem[X,0x00000000800012C4] -> 0xB823
mem[X,0x00000000800012C6] -> 0x0FF0
[1206] [M]: 0x00000000800012C4 (0x0FF0B823) sd t6, 0xf0(ra)
mem[0x00000000800042F8] <- 0x68504DD50384B38E

mem[X,0x00000000800012C8] -> 0x2F37
mem[X,0x00000000800012CA] -> 0xFEFF
[1207] [M]: 0x00000000800012C8 (0xFEFF2F37) lui t5, -0x100e
x30 <- 0xFFFFFFFFFEFF2000

mem[X,0x00000000800012CC] -> 0x0F13
mem[X,0x00000000800012CE] -> 0x000F
[1208] [M]: 0x00000000800012CC (0x000F0F13) addi t5, t5, 0x0
x30 <- 0xFFFFFFFFFEFF2000

mem[X,0x00000000800012D0] -> 0x1F13
mem[X,0x00000000800012D2] -> 0x00BF
[1209] [M]: 0x00000000800012D0 (0x00BF1F13) slli t5, t5, 0xb
x30 <- 0xFFFFFFF7F9000000

mem[X,0x00000000800012D4] -> 0x0F13
mem[X,0x00000000800012D6] -> 0x7FFF
[1210] [M]: 0x00000000800012D4 (0x7FFF0F13) addi t5, t5, 0x7ff
x30 <- 0xFFFFFFF7F90007FF

mem[X,0x00000000800012D8] -> 0x1F13
mem[X,0x00000000800012DA] -> 0x00BF
[1211] [M]: 0x00000000800012D8 (0x00BF1F13) slli t5, t5, 0xb
x30 <- 0xFFFFBFC8003FF800

mem[X,0x00000000800012DC] -> 0x0F13
mem[X,0x00000000800012DE] -> 0x600F
[1212] [M]: 0x00000000800012DC (0x600F0F13) addi t5, t5, 0x600
x30 <- 0xFFFFBFC8003FFE00

mem[X,0x00000000800012E0] -> 0x1F13
mem[X,0x00000000800012E2] -> 0x00AF
[1213] [M]: 0x00000000800012E0 (0x00AF1F13) slli t5, t5, 0xa
x30 <- 0xFEFF2000FFF80000

mem[X,0x00000000800012E4] -> 0x0F13
mem[X,0x00000000800012E6] -> 0x006F
[1214] [M]: 0x00000000800012E4 (0x006F0F13) addi t5, t5, 0x6
x30 <- 0xFEFF2000FFF80006

mem[X,0x00000000800012E8] -> 0x0EB7
mem[X,0x00000000800012EA] -> 0x0005
[1215] [M]: 0x00000000800012E8 (0x00050EB7) lui t4, 0x50
x29 <- 0x0000000000050000

mem[X,0x00000000800012EC] -> 0x8E93
mem[X,0x00000000800012EE] -> 0xFF8E
[1216] [M]: 0x00000000800012EC (0xFF8E8E93) addi t4, t4, -0x8
x29 <- 0x000000000004FFF8

mem[X,0x00000000800012F0] -> 0x9E93
mem[X,0x00000000800012F2] -> 0x00BE
[1217] [M]: 0x00000000800012F0 (0x00BE9E93) slli t4, t4, 0xb
x29 <- 0x0000000027FFC000

mem[X,0x00000000800012F4] -> 0x8E93
mem[X,0x00000000800012F6] -> 0x080E
[1218] [M]: 0x00000000800012F4 (0x080E8E93) addi t4, t4, 0x80
x29 <- 0x0000000027FFC080

mem[X,0x00000000800012F8] -> 0x9E93
mem[X,0x00000000800012FA] -> 0x00BE
[1219] [M]: 0x00000000800012F8 (0x00BE9E93) slli t4, t4, 0xb
x29 <- 0x0000013FFE040000

mem[X,0x00000000800012FC] -> 0x8E93
mem[X,0x00000000800012FE] -> 0x000E
[1220] [M]: 0x00000000800012FC (0x000E8E93) addi t4, t4, 0x0
x29 <- 0x0000013FFE040000

mem[X,0x0000000080001300] -> 0x9E93
mem[X,0x0000000080001302] -> 0x00AE
[1221] [M]: 0x0000000080001300 (0x00AE9E93) slli t4, t4, 0xa
x29 <- 0x0004FFF810000000

mem[X,0x0000000080001304] -> 0x8E93
mem[X,0x0000000080001306] -> 0x008E
[1222] [M]: 0x0000000080001304 (0x008E8E93) addi t4, t4, 0x8
x29 <- 0x0004FFF810000008

mem[X,0x0000000080001308] -> 0x7FBB
mem[X,0x000000008000130A] -> 0xC9DF
[1223] [M]: 0x0000000080001308 (0xC9DF7FBB) pmhaccsu.h t6, t5, t4
x31 <- 0x684F6DD40383B38E

mem[X,0x000000008000130C] -> 0xBC23
mem[X,0x000000008000130E] -> 0x0FF0
[1224] [M]: 0x000000008000130C (0x0FF0BC23) sd t6, 0xf8(ra)
mem[0x0000000080004300] <- 0x684F6DD40383B38E

mem[X,0x0000000080001310] -> 0x0F37
mem[X,0x0000000080001312] -> 0x0040
[1225] [M]: 0x0000000080001310 (0x00400F37) lui t5, 0x400
x30 <- 0x0000000000400000

mem[X,0x0000000080001314] -> 0x0F13
mem[X,0x0000000080001316] -> 0x010F
[1226] [M]: 0x0000000080001314 (0x010F0F13) addi t5, t5, 0x10
x30 <- 0x0000000000400010

mem[X,0x0000000080001318] -> 0x1F13
mem[X,0x000000008000131A] -> 0x00BF
[1227] [M]: 0x0000000080001318 (0x00BF1F13) slli t5, t5, 0xb
x30 <- 0x0000000200008000

mem[X,0x000000008000131C] -> 0x0F13
mem[X,0x000000008000131E] -> 0x080F
[1228] [M]: 0x000000008000131C (0x080F0F13) addi t5, t5, 0x80
x30 <- 0x0000000200008080

mem[X,0x0000000080001320] -> 0x1F13
mem[X,0x0000000080001322] -> 0x00BF
[1229] [M]: 0x0000000080001320 (0x00BF1F13) slli t5, t5, 0xb
x30 <- 0x0000100004040000

mem[X,0x0000000080001324] -> 0x0F13
mem[X,0x0000000080001326] -> 0x000F
[1230] [M]: 0x0000000080001324 (0x000F0F13) addi t5, t5, 0x0
x30 <- 0x0000100004040000

mem[X,0x0000000080001328] -> 0x1F13
mem[X,0x000000008000132A] -> 0x00AF
[1231] [M]: 0x0000000080001328 (0x00AF1F13) slli t5, t5, 0xa
x30 <- 0x0040001010000000

mem[X,0x000000008000132C] -> 0x0F13
mem[X,0x000000008000132E] -> 0x100F
[1232] [M]: 0x000000008000132C (0x100F0F13) addi t5, t5, 0x100
x30 <- 0x0040001010000100

mem[X,0x0000000080001330] -> 0x0EB7
mem[X,0x0000000080001332] -> 0x0081
[1233] [M]: 0x0000000080001330 (0x00810EB7) lui t4, 0x810
x29 <- 0x0000000000810000

mem[X,0x0000000080001334] -> 0x8E93
mem[X,0x0000000080001336] -> 0xFF9E
[1234] [M]: 0x0000000080001334 (0xFF9E8E93) addi t4, t4, -0x7
x29 <- 0x000000000080FFF9

mem[X,0x0000000080001338] -> 0x9E93
mem[X,0x000000008000133A] -> 0x00BE
[1235] [M]: 0x0000000080001338 (0x00BE9E93) slli t4, t4, 0xb
x29 <- 0x0000000407FFC800

mem[X,0x000000008000133C] -> 0x8E93
mem[X,0x000000008000133E] -> 0x400E
[1236] [M]: 0x000000008000133C (0x400E8E93) addi t4, t4, 0x400
x29 <- 0x0000000407FFCC00

mem[X,0x0000000080001340] -> 0x9E93
mem[X,0x0000000080001342] -> 0x00BE
[1237] [M]: 0x0000000080001340 (0x00BE9E93) slli t4, t4, 0xb
x29 <- 0x0000203FFE600000

mem[X,0x0000000080001344] -> 0x8E93
mem[X,0x0000000080001346] -> 0x000E
[1238] [M]: 0x0000000080001344 (0x000E8E93) addi t4, t4, 0x0
x29 <- 0x0000203FFE600000

mem[X,0x0000000080001348] -> 0x9E93
mem[X,0x000000008000134A] -> 0x00AE
[1239] [M]: 0x0000000080001348 (0x00AE9E93) slli t4, t4, 0xa
x29 <- 0x0080FFF980000000

mem[X,0x000000008000134C] -> 0x8E93
mem[X,0x000000008000134E] -> 0x020E
[1240] [M]: 0x000000008000134C (0x020E8E93) addi t4, t4, 0x20
x29 <- 0x0080FFF980000020

mem[X,0x0000000080001350] -> 0x7FBB
mem[X,0x0000000080001352] -> 0xC9DF
[1241] [M]: 0x0000000080001350 (0xC9DF7FBB) pmhaccsu.h t6, t5, t4
x31 <- 0x684F6DE30B83B38E

mem[X,0x0000000080001354] -> 0xB023
mem[X,0x0000000080001356] -> 0x11F0
[1242] [M]: 0x0000000080001354 (0x11F0B023) sd t6, 0x100(ra)
mem[0x0000000080004308] <- 0x684F6DE30B83B38E

mem[X,0x0000000080001358] -> 0x0F37
mem[X,0x000000008000135A] -> 0xFF00
[1243] [M]: 0x0000000080001358 (0xFF000F37) lui t5, -0x1000
x30 <- 0xFFFFFFFFFF000000

mem[X,0x000000008000135C] -> 0x0F13
mem[X,0x000000008000135E] -> 0xFFFF
[1244] [M]: 0x000000008000135C (0xFFFF0F13) addi t5, t5, -0x1
x30 <- 0xFFFFFFFFFEFFFFFF

mem[X,0x0000000080001360] -> 0x1F13
mem[X,0x0000000080001362] -> 0x00BF
[1245] [M]: 0x0000000080001360 (0x00BF1F13) slli t5, t5, 0xb
x30 <- 0xFFFFFFF7FFFFF800

mem[X,0x0000000080001364] -> 0x0F13
mem[X,0x0000000080001366] -> 0x000F
[1246] [M]: 0x0000000080001364 (0x000F0F13) addi t5, t5, 0x0
x30 <- 0xFFFFFFF7FFFFF800

mem[X,0x0000000080001368] -> 0x1F13
mem[X,0x000000008000136A] -> 0x00BF
[1247] [M]: 0x0000000080001368 (0x00BF1F13) slli t5, t5, 0xb
x30 <- 0xFFFFBFFFFFC00000

mem[X,0x000000008000136C] -> 0x0F13
mem[X,0x000000008000136E] -> 0x1BFF
[1248] [M]: 0x000000008000136C (0x1BFF0F13) addi t5, t5, 0x1bf
x30 <- 0xFFFFBFFFFFC001BF

mem[X,0x0000000080001370] -> 0x1F13
mem[X,0x0000000080001372] -> 0x00AF
[1249] [M]: 0x0000000080001370 (0x00AF1F13) slli t5, t5, 0xa
x30 <- 0xFEFFFFFF0006FC00

mem[X,0x0000000080001374] -> 0x0F13
mem[X,0x0000000080001376] -> 0x2FFF
[1250] [M]: 0x0000000080001374 (0x2FFF0F13) addi t5, t5, 0x2ff
x30 <- 0xFEFFFFFF0006FEFF

mem[X,0x0000000080001378] -> 0x0EB7
mem[X,0x000000008000137A] -> 0x2000
[1251] [M]: 0x0000000080001378 (0x20000EB7) lui t4, 0x20000
x29 <- 0x0000000020000000

mem[X,0x000000008000137C] -> 0x8E93
mem[X,0x000000008000137E] -> 0x003E
[1252] [M]: 0x000000008000137C (0x003E8E93) addi t4, t4, 0x3
x29 <- 0x0000000020000003

mem[X,0x0000000080001380] -> 0x9E93
mem[X,0x0000000080001382] -> 0x00BE
[1253] [M]: 0x0000000080001380 (0x00BE9E93) slli t4, t4, 0xb
x29 <- 0x0000010000001800

mem[X,0x0000000080001384] -> 0x8E93
mem[X,0x0000000080001386] -> 0x010E
[1254] [M]: 0x0000000080001384 (0x010E8E93) addi t4, t4, 0x10
x29 <- 0x0000010000001810

mem[X,0x0000000080001388] -> 0x9E93
mem[X,0x000000008000138A] -> 0x00BE
[1255] [M]: 0x0000000080001388 (0x00BE9E93) slli t4, t4, 0xb
x29 <- 0x0008000000C08000

mem[X,0x000000008000138C] -> 0x8E93
mem[X,0x000000008000138E] -> 0x000E
[1256] [M]: 0x000000008000138C (0x000E8E93) addi t4, t4, 0x0
x29 <- 0x0008000000C08000

mem[X,0x0000000080001390] -> 0x9E93
mem[X,0x0000000080001392] -> 0x00AE
[1257] [M]: 0x0000000080001390 (0x00AE9E93) slli t4, t4, 0xa
x29 <- 0x2000000302000000

mem[X,0x0000000080001394] -> 0x8E93
mem[X,0x0000000080001396] -> 0x100E
[1258] [M]: 0x0000000080001394 (0x100E8E93) addi t4, t4, 0x100
x29 <- 0x2000000302000100

mem[X,0x0000000080001398] -> 0x7FBB
mem[X,0x000000008000139A] -> 0xC9DF
[1259] [M]: 0x0000000080001398 (0xC9DF7FBB) pmhaccsu.h t6, t5, t4
x31 <- 0x682E6DE20B83B38C

mem[X,0x000000008000139C] -> 0xB423
mem[X,0x000000008000139E] -> 0x11F0
[1260] [M]: 0x000000008000139C (0x11F0B423) sd t6, 0x108(ra)
mem[0x0000000080004310] <- 0x682E6DE20B83B38C

mem[X,0x00000000800013A0] -> 0x8F37
mem[X,0x00000000800013A2] -> 0xFFBF
[1261] [M]: 0x00000000800013A0 (0xFFBF8F37) lui t5, -0x408
x30 <- 0xFFFFFFFFFFBF8000

mem[X,0x00000000800013A4] -> 0x0F13
mem[X,0x00000000800013A6] -> 0x000F
[1262] [M]: 0x00000000800013A4 (0x000F0F13) addi t5, t5, 0x0
x30 <- 0xFFFFFFFFFFBF8000

mem[X,0x00000000800013A8] -> 0x1F13
mem[X,0x00000000800013AA] -> 0x00BF
[1263] [M]: 0x00000000800013A8 (0x00BF1F13) slli t5, t5, 0xb
x30 <- 0xFFFFFFFDFC000000

mem[X,0x00000000800013AC] -> 0x0F13
mem[X,0x00000000800013AE] -> 0x7FFF
[1264] [M]: 0x00000000800013AC (0x7FFF0F13) addi t5, t5, 0x7ff
x30 <- 0xFFFFFFFDFC0007FF

mem[X,0x00000000800013B0] -> 0x1F13
mem[X,0x00000000800013B2] -> 0x00BF
[1265] [M]: 0x00000000800013B0 (0x00BF1F13) slli t5, t5, 0xb
x30 <- 0xFFFFEFE0003FF800

mem[X,0x00000000800013B4] -> 0x0F13
mem[X,0x00000000800013B6] -> 0x584F
[1266] [M]: 0x00000000800013B4 (0x584F0F13) addi t5, t5, 0x584
x30 <- 0xFFFFEFE0003FFD84

mem[X,0x00000000800013B8] -> 0x1F13
mem[X,0x00000000800013BA] -> 0x00AF
[1267] [M]: 0x00000000800013B8 (0x00AF1F13) slli t5, t5, 0xa
x30 <- 0xFFBF8000FFF61000

mem[X,0x00000000800013BC] -> 0x0EB7
mem[X,0x00000000800013BE] -> 0xFFFD
[1268] [M]: 0x00000000800013BC (0xFFFD0EB7) lui t4, -0x30
x29 <- 0xFFFFFFFFFFFD0000

mem[X,0x00000000800013C0] -> 0x8E93
mem[X,0x00000000800013C2] -> 0x006E
[1269] [M]: 0x00000000800013C0 (0x006E8E93) addi t4, t4, 0x6
x29 <- 0xFFFFFFFFFFFD0006

mem[X,0x00000000800013C4] -> 0x9E93
mem[X,0x00000000800013C6] -> 0x00BE
[1270] [M]: 0x00000000800013C4 (0x00BE9E93) slli t4, t4, 0xb
x29 <- 0xFFFFFFFFE8003000

mem[X,0x00000000800013C8] -> 0x8E93
mem[X,0x00000000800013CA] -> 0x7FFE
[1271] [M]: 0x00000000800013C8 (0x7FFE8E93) addi t4, t4, 0x7ff
x29 <- 0xFFFFFFFFE80037FF

mem[X,0x00000000800013CC] -> 0x9E93
mem[X,0x00000000800013CE] -> 0x00BE
[1272] [M]: 0x00000000800013CC (0x00BE9E93) slli t4, t4, 0xb
x29 <- 0xFFFFFF4001BFF800

mem[X,0x00000000800013D0] -> 0x8E93
mem[X,0x00000000800013D2] -> 0x3C0E
[1273] [M]: 0x00000000800013D0 (0x3C0E8E93) addi t4, t4, 0x3c0
x29 <- 0xFFFFFF4001BFFBC0

mem[X,0x00000000800013D4] -> 0x9E93
mem[X,0x00000000800013D6] -> 0x00AE
[1274] [M]: 0x00000000800013D4 (0x00AE9E93) slli t4, t4, 0xa
x29 <- 0xFFFD0006FFEF0000

mem[X,0x00000000800013D8] -> 0x8E93
mem[X,0x00000000800013DA] -> 0x200E
[1275] [M]: 0x00000000800013D8 (0x200E8E93) addi t4, t4, 0x200
x29 <- 0xFFFD0006FFEF0200

mem[X,0x00000000800013DC] -> 0x7FBB
mem[X,0x00000000800013DE] -> 0xC9DF
[1276] [M]: 0x00000000800013DC (0xC9DF7FBB) pmhaccsu.h t6, t5, t4
x31 <- 0x67ED6DDF0B79B3AC

mem[X,0x00000000800013E0] -> 0xB823
mem[X,0x00000000800013E2] -> 0x11F0
[1277] [M]: 0x00000000800013E0 (0x11F0B823) sd t6, 0x110(ra)
mem[0x0000000080004318] <- 0x67ED6DDF0B79B3AC

mem[X,0x00000000800013E4] -> 0x5F37
mem[X,0x00000000800013E6] -> 0x0000
[1278] [M]: 0x00000000800013E4 (0x00005F37) lui t5, 0x5
x30 <- 0x0000000000005000

mem[X,0x00000000800013E8] -> 0x0F13
mem[X,0x00000000800013EA] -> 0x555F
[1279] [M]: 0x00000000800013E8 (0x555F0F13) addi t5, t5, 0x555
x30 <- 0x0000000000005555

mem[X,0x00000000800013EC] -> 0x1F13
mem[X,0x00000000800013EE] -> 0x00BF
[1280] [M]: 0x00000000800013EC (0x00BF1F13) slli t5, t5, 0xb
x30 <- 0x0000000002AAA800

mem[X,0x00000000800013F0] -> 0x0F13
mem[X,0x00000000800013F2] -> 0x6FFF
[1281] [M]: 0x00000000800013F0 (0x6FFF0F13) addi t5, t5, 0x6ff
x30 <- 0x0000000002AAAEFF

mem[X,0x00000000800013F4] -> 0x1F13
mem[X,0x00000000800013F6] -> 0x00BF
[1282] [M]: 0x00000000800013F4 (0x00BF1F13) slli t5, t5, 0xb
x30 <- 0x000000155577F800

mem[X,0x00000000800013F8] -> 0x0F13
mem[X,0x00000000800013FA] -> 0x7FFF
[1283] [M]: 0x00000000800013F8 (0x7FFF0F13) addi t5, t5, 0x7ff
x30 <- 0x000000155577FFFF

mem[X,0x00000000800013FC] -> 0x1F13
mem[X,0x00000000800013FE] -> 0x00AF
[1284] [M]: 0x00000000800013FC (0x00AF1F13) slli t5, t5, 0xa
x30 <- 0x00005555DFFFFC00

mem[X,0x0000000080001400] -> 0x0F13
mem[X,0x0000000080001402] -> 0x37FF
[1285] [M]: 0x0000000080001400 (0x37FF0F13) addi t5, t5, 0x37f
x30 <- 0x00005555DFFFFF7F

mem[X,0x0000000080001404] -> 0x0EB7
mem[X,0x0000000080001406] -> 0x0009
[1286] [M]: 0x0000000080001404 (0x00090EB7) lui t4, 0x90
x29 <- 0x0000000000090000

mem[X,0x0000000080001408] -> 0x8E93
mem[X,0x000000008000140A] -> 0xFFFE
[1287] [M]: 0x0000000080001408 (0xFFFE8E93) addi t4, t4, -0x1
x29 <- 0x000000000008FFFF

mem[X,0x000000008000140C] -> 0x9E93
mem[X,0x000000008000140E] -> 0x00BE
[1288] [M]: 0x000000008000140C (0x00BE9E93) slli t4, t4, 0xb
x29 <- 0x0000000047FFF800

mem[X,0x0000000080001410] -> 0x8E93
mem[X,0x0000000080001412] -> 0x000E
[1289] [M]: 0x0000000080001410 (0x000E8E93) addi t4, t4, 0x0
x29 <- 0x0000000047FFF800

mem[X,0x0000000080001414] -> 0x9E93
mem[X,0x0000000080001416] -> 0x00BE
[1290] [M]: 0x0000000080001414 (0x00BE9E93) slli t4, t4, 0xb
x29 <- 0x0000023FFFC00000

mem[X,0x0000000080001418] -> 0x8E93
mem[X,0x000000008000141A] -> 0x204E
[1291] [M]: 0x0000000080001418 (0x204E8E93) addi t4, t4, 0x204
x29 <- 0x0000023FFFC00204

mem[X,0x000000008000141C] -> 0x9E93
mem[X,0x000000008000141E] -> 0x00AE
[1292] [M]: 0x000000008000141C (0x00AE9E93) slli t4, t4, 0xa
x29 <- 0x0008FFFF00081000

mem[X,0x0000000080001420] -> 0x7FBB
mem[X,0x0000000080001422] -> 0xC9DF
[1293] [M]: 0x0000000080001420 (0xC9DF7FBB) pmhaccsu.h t6, t5, t4
x31 <- 0x67EDC3330B77B3A3

mem[X,0x0000000080001424] -> 0xBC23
mem[X,0x0000000080001426] -> 0x11F0
[1294] [M]: 0x0000000080001424 (0x11F0BC23) sd t6, 0x118(ra)
mem[0x0000000080004320] <- 0x67EDC3330B77B3A3

mem[X,0x0000000080001428] -> 0xFF37
mem[X,0x000000008000142A] -> 0x0009
[1295] [M]: 0x0000000080001428 (0x0009FF37) lui t5, 0x9f
x30 <- 0x000000000009F000

mem[X,0x000000008000142C] -> 0x0F13
mem[X,0x000000008000142E] -> 0x7FFF
[1296] [M]: 0x000000008000142C (0x7FFF0F13) addi t5, t5, 0x7ff
x30 <- 0x000000000009F7FF

mem[X,0x0000000080001430] -> 0x1F13
mem[X,0x0000000080001432] -> 0x00BF
[1297] [M]: 0x0000000080001430 (0x00BF1F13) slli t5, t5, 0xb
x30 <- 0x000000004FBFF800

mem[X,0x0000000080001434] -> 0x0F13
mem[X,0x0000000080001436] -> 0x7FFF
[1298] [M]: 0x0000000080001434 (0x7FFF0F13) addi t5, t5, 0x7ff
x30 <- 0x000000004FBFFFFF

mem[X,0x0000000080001438] -> 0x1F13
mem[X,0x000000008000143A] -> 0x00BF
[1299] [M]: 0x0000000080001438 (0x00BF1F13) slli t5, t5, 0xb
x30 <- 0x0000027DFFFFF800

clint::tick mtime <- 0x000000000000000D
 clint timer pending at mtime 0x000000000000000D
htif::tick 0x0000000000000000
mem[X,0x000000008000143C] -> 0x0F13
mem[X,0x000000008000143E] -> 0x3FDF
[1300] [M]: 0x000000008000143C (0x3FDF0F13) addi t5, t5, 0x3fd
x30 <- 0x0000027DFFFFFBFD

mem[X,0x0000000080001440] -> 0x1F13
mem[X,0x0000000080001442] -> 0x00AF
[1301] [M]: 0x0000000080001440 (0x00AF1F13) slli t5, t5, 0xa
x30 <- 0x0009F7FFFFEFF400

mem[X,0x0000000080001444] -> 0x0F13
mem[X,0x0000000080001446] -> 0x3FFF
[1302] [M]: 0x0000000080001444 (0x3FFF0F13) addi t5, t5, 0x3ff
x30 <- 0x0009F7FFFFEFF7FF

mem[X,0x0000000080001448] -> 0xFEB7
mem[X,0x000000008000144A] -> 0xFFEF
[1303] [M]: 0x0000000080001448 (0xFFEFFEB7) lui t4, -0x101
x29 <- 0xFFFFFFFFFFEFF000

mem[X,0x000000008000144C] -> 0x8E93
mem[X,0x000000008000144E] -> 0x7FFE
[1304] [M]: 0x000000008000144C (0x7FFE8E93) addi t4, t4, 0x7ff
x29 <- 0xFFFFFFFFFFEFF7FF

mem[X,0x0000000080001450] -> 0x9E93
mem[X,0x0000000080001452] -> 0x00BE
[1305] [M]: 0x0000000080001450 (0x00BE9E93) slli t4, t4, 0xb
x29 <- 0xFFFFFFFF7FBFF800

mem[X,0x0000000080001454] -> 0x8E93
mem[X,0x0000000080001456] -> 0x7FFE
[1306] [M]: 0x0000000080001454 (0x7FFE8E93) addi t4, t4, 0x7ff
x29 <- 0xFFFFFFFF7FBFFFFF

mem[X,0x0000000080001458] -> 0x9E93
mem[X,0x000000008000145A] -> 0x00BE
[1307] [M]: 0x0000000080001458 (0x00BE9E93) slli t4, t4, 0xb
x29 <- 0xFFFFFBFDFFFFF800

mem[X,0x000000008000145C] -> 0x8E93
mem[X,0x000000008000145E] -> 0x5D0E
[1308] [M]: 0x000000008000145C (0x5D0E8E93) addi t4, t4, 0x5d0
x29 <- 0xFFFFFBFDFFFFFDD0

mem[X,0x0000000080001460] -> 0x9E93
mem[X,0x0000000080001462] -> 0x00AE
[1309] [M]: 0x0000000080001460 (0x00AE9E93) slli t4, t4, 0xa
x29 <- 0xFFEFF7FFFFF74000

mem[X,0x0000000080001464] -> 0x7FBB
mem[X,0x0000000080001466] -> 0xC9DF
[1310] [M]: 0x0000000080001464 (0xC9DF7FBB) pmhaccsu.h t6, t5, t4
x31 <- 0x67F5BB720B66B1A2

mem[X,0x0000000080001468] -> 0xB023
mem[X,0x000000008000146A] -> 0x13F0
[1311] [M]: 0x0000000080001468 (0x13F0B023) sd t6, 0x120(ra)
mem[0x0000000080004328] <- 0x67F5BB720B66B1A2

mem[X,0x000000008000146C] -> 0xBF37
mem[X,0x000000008000146E] -> 0x0006
[1312] [M]: 0x000000008000146C (0x0006BF37) lui t5, 0x6b
x30 <- 0x000000000006B000

mem[X,0x0000000080001470] -> 0x0F13
mem[X,0x0000000080001472] -> 0xAAAF
[1313] [M]: 0x0000000080001470 (0xAAAF0F13) addi t5, t5, -0x556
x30 <- 0x000000000006AAAA

mem[X,0x0000000080001474] -> 0x1F13
mem[X,0x0000000080001476] -> 0x00BF
[1314] [M]: 0x0000000080001474 (0x00BF1F13) slli t5, t5, 0xb
x30 <- 0x0000000035555000

mem[X,0x0000000080001478] -> 0x0F13
mem[X,0x000000008000147A] -> 0x7F7F
[1315] [M]: 0x0000000080001478 (0x7F7F0F13) addi t5, t5, 0x7f7
x30 <- 0x00000000355557F7

mem[X,0x000000008000147C] -> 0x1F13
mem[X,0x000000008000147E] -> 0x00BF
[1316] [M]: 0x000000008000147C (0x00BF1F13) slli t5, t5, 0xb
x30 <- 0x000001AAAABFB800

mem[X,0x0000000080001480] -> 0x0F13
mem[X,0x0000000080001482] -> 0x7FFF
[1317] [M]: 0x0000000080001480 (0x7FFF0F13) addi t5, t5, 0x7ff
x30 <- 0x000001AAAABFBFFF

mem[X,0x0000000080001484] -> 0x1F13
mem[X,0x0000000080001486] -> 0x00AF
[1318] [M]: 0x0000000080001484 (0x00AF1F13) slli t5, t5, 0xa
x30 <- 0x0006AAAAFEFFFC00

mem[X,0x0000000080001488] -> 0x0F13
mem[X,0x000000008000148A] -> 0x3FCF
[1319] [M]: 0x0000000080001488 (0x3FCF0F13) addi t5, t5, 0x3fc
x30 <- 0x0006AAAAFEFFFFFC

mem[X,0x000000008000148C] -> 0x0EB7
mem[X,0x000000008000148E] -> 0xFFDF
[1320] [M]: 0x000000008000148C (0xFFDF0EB7) lui t4, -0x210
x29 <- 0xFFFFFFFFFFDF0000

mem[X,0x0000000080001490] -> 0x8E93
mem[X,0x0000000080001492] -> 0x004E
[1321] [M]: 0x0000000080001490 (0x004E8E93) addi t4, t4, 0x4
x29 <- 0xFFFFFFFFFFDF0004

mem[X,0x0000000080001494] -> 0x9E93
mem[X,0x0000000080001496] -> 0x00BE
[1322] [M]: 0x0000000080001494 (0x00BE9E93) slli t4, t4, 0xb
x29 <- 0xFFFFFFFEF8002000

mem[X,0x0000000080001498] -> 0x8E93
mem[X,0x000000008000149A] -> 0x000E
[1323] [M]: 0x0000000080001498 (0x000E8E93) addi t4, t4, 0x0
x29 <- 0xFFFFFFFEF8002000

mem[X,0x000000008000149C] -> 0x9E93
mem[X,0x000000008000149E] -> 0x00BE
[1324] [M]: 0x000000008000149C (0x00BE9E93) slli t4, t4, 0xb
x29 <- 0xFFFFF7C001000000

mem[X,0x00000000800014A0] -> 0x8E93
mem[X,0x00000000800014A2] -> 0x27FE
[1325] [M]: 0x00000000800014A0 (0x27FE8E93) addi t4, t4, 0x27f
x29 <- 0xFFFFF7C00100027F

mem[X,0x00000000800014A4] -> 0x9E93
mem[X,0x00000000800014A6] -> 0x00AE
[1326] [M]: 0x00000000800014A4 (0x00AE9E93) slli t4, t4, 0xa
x29 <- 0xFFDF00040009FC00

mem[X,0x00000000800014A8] -> 0x8E93
mem[X,0x00000000800014AA] -> 0x3FBE
[1327] [M]: 0x00000000800014A8 (0x3FBE8E93) addi t4, t4, 0x3fb
x29 <- 0xFFDF00040009FFFB

mem[X,0x00000000800014AC] -> 0x7FBB
mem[X,0x00000000800014AE] -> 0xC9DF
[1328] [M]: 0x00000000800014AC (0xC9DF7FBB) pmhaccsu.h t6, t5, t4
x31 <- 0x67FABB700B65B19E

mem[X,0x00000000800014B0] -> 0xB423
mem[X,0x00000000800014B2] -> 0x13F0
[1329] [M]: 0x00000000800014B0 (0x13F0B423) sd t6, 0x128(ra)
mem[0x0000000080004330] <- 0x67FABB700B65B19E

mem[X,0x00000000800014B4] -> 0x0F37
mem[X,0x00000000800014B6] -> 0xFFFA
[1330] [M]: 0x00000000800014B4 (0xFFFA0F37) lui t5, -0x60
x30 <- 0xFFFFFFFFFFFA0000

mem[X,0x00000000800014B8] -> 0x0F13
mem[X,0x00000000800014BA] -> 0x002F
[1331] [M]: 0x00000000800014B8 (0x002F0F13) addi t5, t5, 0x2
x30 <- 0xFFFFFFFFFFFA0002

mem[X,0x00000000800014BC] -> 0x1F13
mem[X,0x00000000800014BE] -> 0x00BF
[1332] [M]: 0x00000000800014BC (0x00BF1F13) slli t5, t5, 0xb
x30 <- 0xFFFFFFFFD0001000

mem[X,0x00000000800014C0] -> 0x0F13
mem[X,0x00000000800014C2] -> 0x600F
[1333] [M]: 0x00000000800014C0 (0x600F0F13) addi t5, t5, 0x600
x30 <- 0xFFFFFFFFD0001600

mem[X,0x00000000800014C4] -> 0x1F13
mem[X,0x00000000800014C6] -> 0x00BF
[1334] [M]: 0x00000000800014C4 (0x00BF1F13) slli t5, t5, 0xb
x30 <- 0xFFFFFE8000B00000

mem[X,0x00000000800014C8] -> 0x0F13
mem[X,0x00000000800014CA] -> 0x03FF
[1335] [M]: 0x00000000800014C8 (0x03FF0F13) addi t5, t5, 0x3f
x30 <- 0xFFFFFE8000B0003F

mem[X,0x00000000800014CC] -> 0x1F13
mem[X,0x00000000800014CE] -> 0x00AF
[1336] [M]: 0x00000000800014CC (0x00AF1F13) slli t5, t5, 0xa
x30 <- 0xFFFA0002C000FC00

mem[X,0x00000000800014D0] -> 0x0F13
mem[X,0x00000000800014D2] -> 0x3F9F
[1337] [M]: 0x00000000800014D0 (0x3F9F0F13) addi t5, t5, 0x3f9
x30 <- 0xFFFA0002C000FFF9

mem[X,0x00000000800014D4] -> 0x1EB7
mem[X,0x00000000800014D6] -> 0x0400
[1338] [M]: 0x00000000800014D4 (0x04001EB7) lui t4, 0x4001
x29 <- 0x0000000004001000

mem[X,0x00000000800014D8] -> 0x8E93
mem[X,0x00000000800014DA] -> 0x800E
[1339] [M]: 0x00000000800014D8 (0x800E8E93) addi t4, t4, -0x800
x29 <- 0x0000000004000800

mem[X,0x00000000800014DC] -> 0x9E93
mem[X,0x00000000800014DE] -> 0x00BE
[1340] [M]: 0x00000000800014DC (0x00BE9E93) slli t4, t4, 0xb
x29 <- 0x0000002000400000

mem[X,0x00000000800014E0] -> 0x8E93
mem[X,0x00000000800014E2] -> 0x7FFE
[1341] [M]: 0x00000000800014E0 (0x7FFE8E93) addi t4, t4, 0x7ff
x29 <- 0x00000020004007FF

mem[X,0x00000000800014E4] -> 0x9E93
mem[X,0x00000000800014E6] -> 0x00BE
[1342] [M]: 0x00000000800014E4 (0x00BE9E93) slli t4, t4, 0xb
x29 <- 0x00010002003FF800

mem[X,0x00000000800014E8] -> 0x8E93
mem[X,0x00000000800014EA] -> 0x77FE
[1343] [M]: 0x00000000800014E8 (0x77FE8E93) addi t4, t4, 0x77f
x29 <- 0x00010002003FFF7F

mem[X,0x00000000800014EC] -> 0x9E93
mem[X,0x00000000800014EE] -> 0x00AE
[1344] [M]: 0x00000000800014EC (0x00AE9E93) slli t4, t4, 0xa
x29 <- 0x04000800FFFDFC00

mem[X,0x00000000800014F0] -> 0x8E93
mem[X,0x00000000800014F2] -> 0x3F7E
[1345] [M]: 0x00000000800014F0 (0x3F7E8E93) addi t4, t4, 0x3f7
x29 <- 0x04000800FFFDFFF7

mem[X,0x00000000800014F4] -> 0x7FBB
mem[X,0x00000000800014F6] -> 0xC9DF
[1346] [M]: 0x00000000800014F4 (0xC9DF7FBB) pmhaccsu.h t6, t5, t4
x31 <- 0x67F9BB70CB65B197

mem[X,0x00000000800014F8] -> 0xB823
mem[X,0x00000000800014FA] -> 0x13F0
[1347] [M]: 0x00000000800014F8 (0x13F0B823) sd t6, 0x130(ra)
mem[0x0000000080004338] <- 0x67F9BB70CB65B197

mem[X,0x00000000800014FC] -> 0x0F37
mem[X,0x00000000800014FE] -> 0x0000
[1348] [M]: 0x00000000800014FC (0x00000F37) lui t5, 0x0
x30 <- 0x0000000000000000

mem[X,0x0000000080001500] -> 0x0F13
mem[X,0x0000000080001502] -> 0xFFBF
[1349] [M]: 0x0000000080001500 (0xFFBF0F13) addi t5, t5, -0x5
x30 <- 0xFFFFFFFFFFFFFFFB

mem[X,0x0000000080001504] -> 0x1F13
mem[X,0x0000000080001506] -> 0x00BF
[1350] [M]: 0x0000000080001504 (0x00BF1F13) slli t5, t5, 0xb
x30 <- 0xFFFFFFFFFFFFD800

mem[X,0x0000000080001508] -> 0x0F13
mem[X,0x000000008000150A] -> 0x008F
[1351] [M]: 0x0000000080001508 (0x008F0F13) addi t5, t5, 0x8
x30 <- 0xFFFFFFFFFFFFD808

mem[X,0x000000008000150C] -> 0x1F13
mem[X,0x000000008000150E] -> 0x00BF
[1352] [M]: 0x000000008000150C (0x00BF1F13) slli t5, t5, 0xb
x30 <- 0xFFFFFFFFFEC04000

mem[X,0x0000000080001510] -> 0x0F13
mem[X,0x0000000080001512] -> 0x008F
[1353] [M]: 0x0000000080001510 (0x008F0F13) addi t5, t5, 0x8
x30 <- 0xFFFFFFFFFEC04008

mem[X,0x0000000080001514] -> 0x1F13
mem[X,0x0000000080001516] -> 0x00AF
[1354] [M]: 0x0000000080001514 (0x00AF1F13) slli t5, t5, 0xa
x30 <- 0xFFFFFFFB01002000

mem[X,0x0000000080001518] -> 0x0EB7
mem[X,0x000000008000151A] -> 0x2001
[1355] [M]: 0x0000000080001518 (0x20010EB7) lui t4, 0x20010
x29 <- 0x0000000020010000

mem[X,0x000000008000151C] -> 0x8E93
mem[X,0x000000008000151E] -> 0xEFFE
[1356] [M]: 0x000000008000151C (0xEFFE8E93) addi t4, t4, -0x101
x29 <- 0x000000002000FEFF

mem[X,0x0000000080001520] -> 0x9E93
mem[X,0x0000000080001522] -> 0x00BE
[1357] [M]: 0x0000000080001520 (0x00BE9E93) slli t4, t4, 0xb
x29 <- 0x0000010007F7F800

mem[X,0x0000000080001524] -> 0x8E93
mem[X,0x0000000080001526] -> 0x004E
[1358] [M]: 0x0000000080001524 (0x004E8E93) addi t4, t4, 0x4
x29 <- 0x0000010007F7F804

mem[X,0x0000000080001528] -> 0x9E93
mem[X,0x000000008000152A] -> 0x00BE
[1359] [M]: 0x0000000080001528 (0x00BE9E93) slli t4, t4, 0xb
x29 <- 0x0008003FBFC02000

mem[X,0x000000008000152C] -> 0x8E93
mem[X,0x000000008000152E] -> 0x03FE
[1360] [M]: 0x000000008000152C (0x03FE8E93) addi t4, t4, 0x3f
x29 <- 0x0008003FBFC0203F

mem[X,0x0000000080001530] -> 0x9E93
mem[X,0x0000000080001532] -> 0x00AE
[1361] [M]: 0x0000000080001530 (0x00AE9E93) slli t4, t4, 0xa
x29 <- 0x2000FEFF0080FC00

mem[X,0x0000000080001534] -> 0x8E93
mem[X,0x0000000080001536] -> 0x3EFE
[1362] [M]: 0x0000000080001534 (0x3EFE8E93) addi t4, t4, 0x3ef
x29 <- 0x2000FEFF0080FFEF

mem[X,0x0000000080001538] -> 0x7FBB
mem[X,0x000000008000153A] -> 0xC9DF
[1363] [M]: 0x0000000080001538 (0xC9DF7FBB) pmhaccsu.h t6, t5, t4
x31 <- 0x67F8BB6BCB65D194

mem[X,0x000000008000153C] -> 0xBC23
mem[X,0x000000008000153E] -> 0x13F0
[1364] [M]: 0x000000008000153C (0x13F0BC23) sd t6, 0x138(ra)
mem[0x0000000080004340] <- 0x67F8BB6BCB65D194

mem[X,0x0000000080001540] -> 0x0F37
mem[X,0x0000000080001542] -> 0x0400
[1365] [M]: 0x0000000080001540 (0x04000F37) lui t5, 0x4000
x30 <- 0x0000000004000000

mem[X,0x0000000080001544] -> 0x0F13
mem[X,0x0000000080001546] -> 0x007F
[1366] [M]: 0x0000000080001544 (0x007F0F13) addi t5, t5, 0x7
x30 <- 0x0000000004000007

mem[X,0x0000000080001548] -> 0x1F13
mem[X,0x000000008000154A] -> 0x00BF
[1367] [M]: 0x0000000080001548 (0x00BF1F13) slli t5, t5, 0xb
x30 <- 0x0000002000003800

mem[X,0x000000008000154C] -> 0x0F13
mem[X,0x000000008000154E] -> 0x7FFF
[1368] [M]: 0x000000008000154C (0x7FFF0F13) addi t5, t5, 0x7ff
x30 <- 0x0000002000003FFF

mem[X,0x0000000080001550] -> 0x1F13
mem[X,0x0000000080001552] -> 0x00BF
[1369] [M]: 0x0000000080001550 (0x00BF1F13) slli t5, t5, 0xb
x30 <- 0x0001000001FFF800

mem[X,0x0000000080001554] -> 0x0F13
mem[X,0x0000000080001556] -> 0x7A0F
[1370] [M]: 0x0000000080001554 (0x7A0F0F13) addi t5, t5, 0x7a0
x30 <- 0x0001000001FFFFA0

mem[X,0x0000000080001558] -> 0x1F13
mem[X,0x000000008000155A] -> 0x00AF
[1371] [M]: 0x0000000080001558 (0x00AF1F13) slli t5, t5, 0xa
x30 <- 0x04000007FFFE8000

mem[X,0x000000008000155C] -> 0x0EB7
mem[X,0x000000008000155E] -> 0xFFFA
[1372] [M]: 0x000000008000155C (0xFFFA0EB7) lui t4, -0x60
x29 <- 0xFFFFFFFFFFFA0000

mem[X,0x0000000080001560] -> 0x8E93
mem[X,0x0000000080001562] -> 0x009E
[1373] [M]: 0x0000000080001560 (0x009E8E93) addi t4, t4, 0x9
x29 <- 0xFFFFFFFFFFFA0009

mem[X,0x0000000080001564] -> 0x9E93
mem[X,0x0000000080001566] -> 0x00BE
[1374] [M]: 0x0000000080001564 (0x00BE9E93) slli t4, t4, 0xb
x29 <- 0xFFFFFFFFD0004800

mem[X,0x0000000080001568] -> 0x8E93
mem[X,0x000000008000156A] -> 0x7FFE
[1375] [M]: 0x0000000080001568 (0x7FFE8E93) addi t4, t4, 0x7ff
x29 <- 0xFFFFFFFFD0004FFF

mem[X,0x000000008000156C] -> 0x9E93
mem[X,0x000000008000156E] -> 0x00BE
[1376] [M]: 0x000000008000156C (0x00BE9E93) slli t4, t4, 0xb
x29 <- 0xFFFFFE80027FF800

mem[X,0x0000000080001570] -> 0x8E93
mem[X,0x0000000080001572] -> 0x67FE
[1377] [M]: 0x0000000080001570 (0x67FE8E93) addi t4, t4, 0x67f
x29 <- 0xFFFFFE80027FFE7F

mem[X,0x0000000080001574] -> 0x9E93
mem[X,0x0000000080001576] -> 0x00AE
[1378] [M]: 0x0000000080001574 (0x00AE9E93) slli t4, t4, 0xa
x29 <- 0xFFFA0009FFF9FC00

mem[X,0x0000000080001578] -> 0x8E93
mem[X,0x000000008000157A] -> 0x3DFE
[1379] [M]: 0x0000000080001578 (0x3DFE8E93) addi t4, t4, 0x3df
x29 <- 0xFFFA0009FFF9FFDF

mem[X,0x000000008000157C] -> 0x7FBB
mem[X,0x000000008000157E] -> 0xC9DF
[1380] [M]: 0x000000008000157C (0xC9DF7FBB) pmhaccsu.h t6, t5, t4
x31 <- 0x6BF7BB6BCB6351A4

mem[X,0x0000000080001580] -> 0xB023
mem[X,0x0000000080001582] -> 0x15F0
[1381] [M]: 0x0000000080001580 (0x15F0B023) sd t6, 0x140(ra)
mem[0x0000000080004348] <- 0x6BF7BB6BCB6351A4

mem[X,0x0000000080001584] -> 0x0F37
mem[X,0x0000000080001586] -> 0x0000
[1382] [M]: 0x0000000080001584 (0x00000F37) lui t5, 0x0
x30 <- 0x0000000000000000

mem[X,0x0000000080001588] -> 0x0F13
mem[X,0x000000008000158A] -> 0x020F
[1383] [M]: 0x0000000080001588 (0x020F0F13) addi t5, t5, 0x20
x30 <- 0x0000000000000020

mem[X,0x000000008000158C] -> 0x1F13
mem[X,0x000000008000158E] -> 0x00BF
[1384] [M]: 0x000000008000158C (0x00BF1F13) slli t5, t5, 0xb
x30 <- 0x0000000000010000

mem[X,0x0000000080001590] -> 0x0F13
mem[X,0x0000000080001592] -> 0x7FFF
[1385] [M]: 0x0000000080001590 (0x7FFF0F13) addi t5, t5, 0x7ff
x30 <- 0x00000000000107FF

mem[X,0x0000000080001594] -> 0x1F13
mem[X,0x0000000080001596] -> 0x00BF
[1386] [M]: 0x0000000080001594 (0x00BF1F13) slli t5, t5, 0xb
x30 <- 0x00000000083FF800

mem[X,0x0000000080001598] -> 0x0F13
mem[X,0x000000008000159A] -> 0x781F
[1387] [M]: 0x0000000080001598 (0x781F0F13) addi t5, t5, 0x781
x30 <- 0x00000000083FFF81

mem[X,0x000000008000159C] -> 0x1F13
mem[X,0x000000008000159E] -> 0x00AF
[1388] [M]: 0x000000008000159C (0x00AF1F13) slli t5, t5, 0xa
x30 <- 0x00000020FFFE0400

mem[X,0x00000000800015A0] -> 0x0EB7
mem[X,0x00000000800015A2] -> 0xAAAB
[1389] [M]: 0x00000000800015A0 (0xAAAB0EB7) lui t4, -0x55550
x29 <- 0xFFFFFFFFAAAB0000

mem[X,0x00000000800015A4] -> 0x8E93
mem[X,0x00000000800015A6] -> 0xFFBE
[1390] [M]: 0x00000000800015A4 (0xFFBE8E93) addi t4, t4, -0x5
x29 <- 0xFFFFFFFFAAAAFFFB

mem[X,0x00000000800015A8] -> 0x9E93
mem[X,0x00000000800015AA] -> 0x00BE
[1391] [M]: 0x00000000800015A8 (0x00BE9E93) slli t4, t4, 0xb
x29 <- 0xFFFFFD5557FFD800

mem[X,0x00000000800015AC] -> 0x8E93
mem[X,0x00000000800015AE] -> 0x000E
[1392] [M]: 0x00000000800015AC (0x000E8E93) addi t4, t4, 0x0
x29 <- 0xFFFFFD5557FFD800

mem[X,0x00000000800015B0] -> 0x9E93
mem[X,0x00000000800015B2] -> 0x00BE
[1393] [M]: 0x00000000800015B0 (0x00BE9E93) slli t4, t4, 0xb
x29 <- 0xFFEAAABFFEC00000

mem[X,0x00000000800015B4] -> 0x8E93
mem[X,0x00000000800015B6] -> 0x0BFE
[1394] [M]: 0x00000000800015B4 (0x0BFE8E93) addi t4, t4, 0xbf
x29 <- 0xFFEAAABFFEC000BF

mem[X,0x00000000800015B8] -> 0x9E93
mem[X,0x00000000800015BA] -> 0x00AE
[1395] [M]: 0x00000000800015B8 (0x00AE9E93) slli t4, t4, 0xa
x29 <- 0xAAAAFFFB0002FC00

mem[X,0x00000000800015BC] -> 0x8E93
mem[X,0x00000000800015BE] -> 0x2FFE
[1396] [M]: 0x00000000800015BC (0x2FFE8E93) addi t4, t4, 0x2ff
x29 <- 0xAAAAFFFB0002FEFF

mem[X,0x00000000800015C0] -> 0x7FBB
mem[X,0x00000000800015C2] -> 0xC9DF
[1397] [M]: 0x00000000800015C0 (0xC9DF7FBB) pmhaccsu.h t6, t5, t4
x31 <- 0x6BF7BB8ACB62559F

mem[X,0x00000000800015C4] -> 0xB423
mem[X,0x00000000800015C6] -> 0x15F0
[1398] [M]: 0x00000000800015C4 (0x15F0B423) sd t6, 0x148(ra)
mem[0x0000000080004350] <- 0x6BF7BB8ACB62559F

mem[X,0x00000000800015C8] -> 0x0F37
mem[X,0x00000000800015CA] -> 0xFFFB
[1399] [M]: 0x00000000800015C8 (0xFFFB0F37) lui t5, -0x50
x30 <- 0xFFFFFFFFFFFB0000

clint::tick mtime <- 0x000000000000000E
 clint timer pending at mtime 0x000000000000000E
htif::tick 0x0000000000000000
mem[X,0x00000000800015CC] -> 0x0F13
mem[X,0x00000000800015CE] -> 0xFFCF
[1400] [M]: 0x00000000800015CC (0xFFCF0F13) addi t5, t5, -0x4
x30 <- 0xFFFFFFFFFFFAFFFC

mem[X,0x00000000800015D0] -> 0x1F13
mem[X,0x00000000800015D2] -> 0x00BF
[1401] [M]: 0x00000000800015D0 (0x00BF1F13) slli t5, t5, 0xb
x30 <- 0xFFFFFFFFD7FFE000

mem[X,0x00000000800015D4] -> 0x0F13
mem[X,0x00000000800015D6] -> 0x040F
[1402] [M]: 0x00000000800015D4 (0x040F0F13) addi t5, t5, 0x40
x30 <- 0xFFFFFFFFD7FFE040

mem[X,0x00000000800015D8] -> 0x1F13
mem[X,0x00000000800015DA] -> 0x00BF
[1403] [M]: 0x00000000800015D8 (0x00BF1F13) slli t5, t5, 0xb
x30 <- 0xFFFFFEBFFF020000

mem[X,0x00000000800015DC] -> 0x0F13
mem[X,0x00000000800015DE] -> 0x000F
[1404] [M]: 0x00000000800015DC (0x000F0F13) addi t5, t5, 0x0
x30 <- 0xFFFFFEBFFF020000

mem[X,0x00000000800015E0] -> 0x1F13
mem[X,0x00000000800015E2] -> 0x00AF
[1405] [M]: 0x00000000800015E0 (0x00AF1F13) slli t5, t5, 0xa
x30 <- 0xFFFAFFFC08000000

mem[X,0x00000000800015E4] -> 0x0F13
mem[X,0x00000000800015E6] -> 0x080F
[1406] [M]: 0x00000000800015E4 (0x080F0F13) addi t5, t5, 0x80
x30 <- 0xFFFAFFFC08000080

mem[X,0x00000000800015E8] -> 0x4EB7
mem[X,0x00000000800015EA] -> 0x5555
[1407] [M]: 0x00000000800015E8 (0x55554EB7) lui t4, 0x55554
x29 <- 0x0000000055554000

mem[X,0x00000000800015EC] -> 0x8E93
mem[X,0x00000000800015EE] -> 0x000E
[1408] [M]: 0x00000000800015EC (0x000E8E93) addi t4, t4, 0x0
x29 <- 0x0000000055554000

mem[X,0x00000000800015F0] -> 0x9E93
mem[X,0x00000000800015F2] -> 0x00BE
[1409] [M]: 0x00000000800015F0 (0x00BE9E93) slli t4, t4, 0xb
x29 <- 0x000002AAAA000000

mem[X,0x00000000800015F4] -> 0x8E93
mem[X,0x00000000800015F6] -> 0x200E
[1410] [M]: 0x00000000800015F4 (0x200E8E93) addi t4, t4, 0x200
x29 <- 0x000002AAAA000200

mem[X,0x00000000800015F8] -> 0x9E93
mem[X,0x00000000800015FA] -> 0x00BE
[1411] [M]: 0x00000000800015F8 (0x00BE9E93) slli t4, t4, 0xb
x29 <- 0x0015555000100000

mem[X,0x00000000800015FC] -> 0x8E93
mem[X,0x00000000800015FE] -> 0x03FE
[1412] [M]: 0x00000000800015FC (0x03FE8E93) addi t4, t4, 0x3f
x29 <- 0x001555500010003F

mem[X,0x0000000080001600] -> 0x9E93
mem[X,0x0000000080001602] -> 0x00AE
[1413] [M]: 0x0000000080001600 (0x00AE9E93) slli t4, t4, 0xa
x29 <- 0x555540004000FC00

mem[X,0x0000000080001604] -> 0x8E93
mem[X,0x0000000080001606] -> 0x3FCE
[1414] [M]: 0x0000000080001604 (0x3FCE8E93) addi t4, t4, 0x3fc
x29 <- 0x555540004000FFFC

mem[X,0x0000000080001608] -> 0x7FBB
mem[X,0x000000008000160A] -> 0xC9DF
[1415] [M]: 0x0000000080001608 (0xC9DF7FBB) pmhaccsu.h t6, t5, t4
x31 <- 0x6BF5BB89CD62561E

mem[X,0x000000008000160C] -> 0xB823
mem[X,0x000000008000160E] -> 0x15F0
[1416] [M]: 0x000000008000160C (0x15F0B823) sd t6, 0x150(ra)
mem[0x0000000080004358] <- 0x6BF5BB89CD62561E

mem[X,0x0000000080001610] -> 0x0F37
mem[X,0x0000000080001612] -> 0xFFFC
[1417] [M]: 0x0000000080001610 (0xFFFC0F37) lui t5, -0x40
x30 <- 0xFFFFFFFFFFFC0000

mem[X,0x0000000080001614] -> 0x0F13
mem[X,0x0000000080001616] -> 0xFFAF
[1418] [M]: 0x0000000080001614 (0xFFAF0F13) addi t5, t5, -0x6
x30 <- 0xFFFFFFFFFFFBFFFA

mem[X,0x0000000080001618] -> 0x1F13
mem[X,0x000000008000161A] -> 0x00BF
[1419] [M]: 0x0000000080001618 (0x00BF1F13) slli t5, t5, 0xb
x30 <- 0xFFFFFFFFDFFFD000

mem[X,0x000000008000161C] -> 0x0F13
mem[X,0x000000008000161E] -> 0x000F
[1420] [M]: 0x000000008000161C (0x000F0F13) addi t5, t5, 0x0
x30 <- 0xFFFFFFFFDFFFD000

mem[X,0x0000000080001620] -> 0x1F13
mem[X,0x0000000080001622] -> 0x00BF
[1421] [M]: 0x0000000080001620 (0x00BF1F13) slli t5, t5, 0xb
x30 <- 0xFFFFFEFFFE800000

mem[X,0x0000000080001624] -> 0x0F13
mem[X,0x0000000080001626] -> 0x044F
[1422] [M]: 0x0000000080001624 (0x044F0F13) addi t5, t5, 0x44
x30 <- 0xFFFFFEFFFE800044

mem[X,0x0000000080001628] -> 0x1F13
mem[X,0x000000008000162A] -> 0x00AF
[1423] [M]: 0x0000000080001628 (0x00AF1F13) slli t5, t5, 0xa
x30 <- 0xFFFBFFFA00011000

mem[X,0x000000008000162C] -> 0x1EB7
mem[X,0x000000008000162E] -> 0xFFF8
[1424] [M]: 0x000000008000162C (0xFFF81EB7) lui t4, -0x7f
x29 <- 0xFFFFFFFFFFF81000

mem[X,0x0000000080001630] -> 0x8E93
mem[X,0x0000000080001632] -> 0x000E
[1425] [M]: 0x0000000080001630 (0x000E8E93) addi t4, t4, 0x0
x29 <- 0xFFFFFFFFFFF81000

mem[X,0x0000000080001634] -> 0x9E93
mem[X,0x0000000080001636] -> 0x00BE
[1426] [M]: 0x0000000080001634 (0x00BE9E93) slli t4, t4, 0xb
x29 <- 0xFFFFFFFFC0800000

mem[X,0x0000000080001638] -> 0x8E93
mem[X,0x000000008000163A] -> 0x7FEE
[1427] [M]: 0x0000000080001638 (0x7FEE8E93) addi t4, t4, 0x7fe
x29 <- 0xFFFFFFFFC08007FE

mem[X,0x000000008000163C] -> 0x9E93
mem[X,0x000000008000163E] -> 0x00BE
[1428] [M]: 0x000000008000163C (0x00BE9E93) slli t4, t4, 0xb
x29 <- 0xFFFFFE04003FF000

mem[X,0x0000000080001640] -> 0x8E93
mem[X,0x0000000080001642] -> 0x7FFE
[1429] [M]: 0x0000000080001640 (0x7FFE8E93) addi t4, t4, 0x7ff
x29 <- 0xFFFFFE04003FF7FF

mem[X,0x0000000080001644] -> 0x9E93
mem[X,0x0000000080001646] -> 0x00AE
[1430] [M]: 0x0000000080001644 (0x00AE9E93) slli t4, t4, 0xa
x29 <- 0xFFF81000FFDFFC00

mem[X,0x0000000080001648] -> 0x8E93
mem[X,0x000000008000164A] -> 0x3EFE
[1431] [M]: 0x0000000080001648 (0x3EFE8E93) addi t4, t4, 0x3ef
x29 <- 0xFFF81000FFDFFFEF

mem[X,0x000000008000164C] -> 0x7FBB
mem[X,0x000000008000164E] -> 0xC9DF
[1432] [M]: 0x000000008000164C (0xC9DF7FBB) pmhaccsu.h t6, t5, t4
x31 <- 0x6BF0BB88CD62661C

mem[X,0x0000000080001650] -> 0xBC23
mem[X,0x0000000080001652] -> 0x15F0
[1433] [M]: 0x0000000080001650 (0x15F0BC23) sd t6, 0x158(ra)
mem[0x0000000080004360] <- 0x6BF0BB88CD62661C

mem[X,0x0000000080001654] -> 0xFF37
mem[X,0x0000000080001656] -> 0x0200
[1434] [M]: 0x0000000080001654 (0x0200FF37) lui t5, 0x200f
x30 <- 0x000000000200F000

mem[X,0x0000000080001658] -> 0x0F13
mem[X,0x000000008000165A] -> 0x7FFF
[1435] [M]: 0x0000000080001658 (0x7FFF0F13) addi t5, t5, 0x7ff
x30 <- 0x000000000200F7FF

mem[X,0x000000008000165C] -> 0x1F13
mem[X,0x000000008000165E] -> 0x00BF
[1436] [M]: 0x000000008000165C (0x00BF1F13) slli t5, t5, 0xb
x30 <- 0x0000001007BFF800

mem[X,0x0000000080001660] -> 0x0F13
mem[X,0x0000000080001662] -> 0x008F
[1437] [M]: 0x0000000080001660 (0x008F0F13) addi t5, t5, 0x8
x30 <- 0x0000001007BFF808

mem[X,0x0000000080001664] -> 0x1F13
mem[X,0x0000000080001666] -> 0x00BF
[1438] [M]: 0x0000000080001664 (0x00BF1F13) slli t5, t5, 0xb
x30 <- 0x0000803DFFC04000

mem[X,0x0000000080001668] -> 0x0F13
mem[X,0x000000008000166A] -> 0x00FF
[1439] [M]: 0x0000000080001668 (0x00FF0F13) addi t5, t5, 0xf
x30 <- 0x0000803DFFC0400F

mem[X,0x000000008000166C] -> 0x1F13
mem[X,0x000000008000166E] -> 0x00AF
[1440] [M]: 0x000000008000166C (0x00AF1F13) slli t5, t5, 0xa
x30 <- 0x0200F7FF01003C00

mem[X,0x0000000080001670] -> 0x0F13
mem[X,0x0000000080001672] -> 0x3FFF
[1441] [M]: 0x0000000080001670 (0x3FFF0F13) addi t5, t5, 0x3ff
x30 <- 0x0200F7FF01003FFF

mem[X,0x0000000080001674] -> 0xEEB7
mem[X,0x0000000080001676] -> 0xFBFF
[1442] [M]: 0x0000000080001674 (0xFBFFEEB7) lui t4, -0x4002
x29 <- 0xFFFFFFFFFBFFE000

mem[X,0x0000000080001678] -> 0x8E93
mem[X,0x000000008000167A] -> 0xFFFE
[1443] [M]: 0x0000000080001678 (0xFFFE8E93) addi t4, t4, -0x1
x29 <- 0xFFFFFFFFFBFFDFFF

mem[X,0x000000008000167C] -> 0x9E93
mem[X,0x000000008000167E] -> 0x00BE
[1444] [M]: 0x000000008000167C (0x00BE9E93) slli t4, t4, 0xb
x29 <- 0xFFFFFFDFFEFFF800

mem[X,0x0000000080001680] -> 0x8E93
mem[X,0x0000000080001682] -> 0x7FDE
[1445] [M]: 0x0000000080001680 (0x7FDE8E93) addi t4, t4, 0x7fd
x29 <- 0xFFFFFFDFFEFFFFFD

mem[X,0x0000000080001684] -> 0x9E93
mem[X,0x0000000080001686] -> 0x00BE
[1446] [M]: 0x0000000080001684 (0x00BE9E93) slli t4, t4, 0xb
x29 <- 0xFFFEFFF7FFFFE800

mem[X,0x0000000080001688] -> 0x8E93
mem[X,0x000000008000168A] -> 0x7FFE
[1447] [M]: 0x0000000080001688 (0x7FFE8E93) addi t4, t4, 0x7ff
x29 <- 0xFFFEFFF7FFFFEFFF

mem[X,0x000000008000168C] -> 0x9E93
mem[X,0x000000008000168E] -> 0x00AE
[1448] [M]: 0x000000008000168C (0x00AE9E93) slli t4, t4, 0xa
x29 <- 0xFBFFDFFFFFBFFC00

mem[X,0x0000000080001690] -> 0x8E93
mem[X,0x0000000080001692] -> 0x3FCE
[1449] [M]: 0x0000000080001690 (0x3FCE8E93) addi t4, t4, 0x3fc
x29 <- 0xFBFFDFFFFFBFFFFC

mem[X,0x0000000080001694] -> 0x7FBB
mem[X,0x0000000080001696] -> 0xC9DF
[1450] [M]: 0x0000000080001694 (0xC9DF7FBB) pmhaccsu.h t6, t5, t4
x31 <- 0x6DE7B487CE61A61A

mem[X,0x0000000080001698] -> 0xB023
mem[X,0x000000008000169A] -> 0x17F0
[1451] [M]: 0x0000000080001698 (0x17F0B023) sd t6, 0x160(ra)
mem[0x0000000080004368] <- 0x6DE7B487CE61A61A

mem[X,0x000000008000169C] -> 0x0F37
mem[X,0x000000008000169E] -> 0xFFF7
[1452] [M]: 0x000000008000169C (0xFFF70F37) lui t5, -0x90
x30 <- 0xFFFFFFFFFFF70000

mem[X,0x00000000800016A0] -> 0x0F13
mem[X,0x00000000800016A2] -> 0x008F
[1453] [M]: 0x00000000800016A0 (0x008F0F13) addi t5, t5, 0x8
x30 <- 0xFFFFFFFFFFF70008

mem[X,0x00000000800016A4] -> 0x1F13
mem[X,0x00000000800016A6] -> 0x00BF
[1454] [M]: 0x00000000800016A4 (0x00BF1F13) slli t5, t5, 0xb
x30 <- 0xFFFFFFFFB8004000

mem[X,0x00000000800016A8] -> 0x0F13
mem[X,0x00000000800016AA] -> 0x000F
[1455] [M]: 0x00000000800016A8 (0x000F0F13) addi t5, t5, 0x0
x30 <- 0xFFFFFFFFB8004000

mem[X,0x00000000800016AC] -> 0x1F13
mem[X,0x00000000800016AE] -> 0x00BF
[1456] [M]: 0x00000000800016AC (0x00BF1F13) slli t5, t5, 0xb
x30 <- 0xFFFFFDC002000000

mem[X,0x00000000800016B0] -> 0x0F13
mem[X,0x00000000800016B2] -> 0x240F
[1457] [M]: 0x00000000800016B0 (0x240F0F13) addi t5, t5, 0x240
x30 <- 0xFFFFFDC002000240

mem[X,0x00000000800016B4] -> 0x1F13
mem[X,0x00000000800016B6] -> 0x00AF
[1458] [M]: 0x00000000800016B4 (0x00AF1F13) slli t5, t5, 0xa
x30 <- 0xFFF7000800090000

mem[X,0x00000000800016B8] -> 0x0F13
mem[X,0x00000000800016BA] -> 0x003F
[1459] [M]: 0x00000000800016B8 (0x003F0F13) addi t5, t5, 0x3
x30 <- 0xFFF7000800090003

mem[X,0x00000000800016BC] -> 0x5EB7
mem[X,0x00000000800016BE] -> 0xFBFF
[1460] [M]: 0x00000000800016BC (0xFBFF5EB7) lui t4, -0x400b
x29 <- 0xFFFFFFFFFBFF5000

mem[X,0x00000000800016C0] -> 0x8E93
mem[X,0x00000000800016C2] -> 0x555E
[1461] [M]: 0x00000000800016C0 (0x555E8E93) addi t4, t4, 0x555
x29 <- 0xFFFFFFFFFBFF5555

mem[X,0x00000000800016C4] -> 0x9E93
mem[X,0x00000000800016C6] -> 0x00BE
[1462] [M]: 0x00000000800016C4 (0x00BE9E93) slli t4, t4, 0xb
x29 <- 0xFFFFFFDFFAAAA800

mem[X,0x00000000800016C8] -> 0x8E93
mem[X,0x00000000800016CA] -> 0x000E
[1463] [M]: 0x00000000800016C8 (0x000E8E93) addi t4, t4, 0x0
x29 <- 0xFFFFFFDFFAAAA800

mem[X,0x00000000800016CC] -> 0x9E93
mem[X,0x00000000800016CE] -> 0x00BE
[1464] [M]: 0x00000000800016CC (0x00BE9E93) slli t4, t4, 0xb
x29 <- 0xFFFEFFD555400000

mem[X,0x00000000800016D0] -> 0x8E93
mem[X,0x00000000800016D2] -> 0x07FE
[1465] [M]: 0x00000000800016D0 (0x07FE8E93) addi t4, t4, 0x7f
x29 <- 0xFFFEFFD55540007F

mem[X,0x00000000800016D4] -> 0x9E93
mem[X,0x00000000800016D6] -> 0x00AE
[1466] [M]: 0x00000000800016D4 (0x00AE9E93) slli t4, t4, 0xa
x29 <- 0xFBFF55550001FC00

mem[X,0x00000000800016D8] -> 0x8E93
mem[X,0x00000000800016DA] -> 0x3BFE
[1467] [M]: 0x00000000800016D8 (0x3BFE8E93) addi t4, t4, 0x3bf
x29 <- 0xFBFF55550001FFBF

mem[X,0x00000000800016DC] -> 0x7FBB
mem[X,0x00000000800016DE] -> 0xC9DF
[1468] [M]: 0x00000000800016DC (0xC9DF7FBB) pmhaccsu.h t6, t5, t4
x31 <- 0x6DDEB489CE61A61C

mem[X,0x00000000800016E0] -> 0xB423
mem[X,0x00000000800016E2] -> 0x17F0
[1469] [M]: 0x00000000800016E0 (0x17F0B423) sd t6, 0x168(ra)
mem[0x0000000080004370] <- 0x6DDEB489CE61A61C

mem[X,0x00000000800016E4] -> 0x0F37
mem[X,0x00000000800016E6] -> 0x0002
[1470] [M]: 0x00000000800016E4 (0x00020F37) lui t5, 0x20
x30 <- 0x0000000000020000

mem[X,0x00000000800016E8] -> 0x0F13
mem[X,0x00000000800016EA] -> 0x100F
[1471] [M]: 0x00000000800016E8 (0x100F0F13) addi t5, t5, 0x100
x30 <- 0x0000000000020100

mem[X,0x00000000800016EC] -> 0x1F13
mem[X,0x00000000800016EE] -> 0x00BF
[1472] [M]: 0x00000000800016EC (0x00BF1F13) slli t5, t5, 0xb
x30 <- 0x0000000010080000

mem[X,0x00000000800016F0] -> 0x0F13
mem[X,0x00000000800016F2] -> 0x7FFF
[1473] [M]: 0x00000000800016F0 (0x7FFF0F13) addi t5, t5, 0x7ff
x30 <- 0x00000000100807FF

mem[X,0x00000000800016F4] -> 0x1F13
mem[X,0x00000000800016F6] -> 0x00BF
[1474] [M]: 0x00000000800016F4 (0x00BF1F13) slli t5, t5, 0xb
x30 <- 0x00000080403FF800

mem[X,0x00000000800016F8] -> 0x0F13
mem[X,0x00000000800016FA] -> 0x7AFF
[1475] [M]: 0x00000000800016F8 (0x7AFF0F13) addi t5, t5, 0x7af
x30 <- 0x00000080403FFFAF

mem[X,0x00000000800016FC] -> 0x1F13
mem[X,0x00000000800016FE] -> 0x00AF
[1476] [M]: 0x00000000800016FC (0x00AF1F13) slli t5, t5, 0xa
x30 <- 0x00020100FFFEBC00

mem[X,0x0000000080001700] -> 0x0F13
mem[X,0x0000000080001702] -> 0x3FFF
[1477] [M]: 0x0000000080001700 (0x3FFF0F13) addi t5, t5, 0x3ff
x30 <- 0x00020100FFFEBFFF

mem[X,0x0000000080001704] -> 0x0EB7
mem[X,0x0000000080001706] -> 0x0002
[1478] [M]: 0x0000000080001704 (0x00020EB7) lui t4, 0x20
x29 <- 0x0000000000020000

mem[X,0x0000000080001708] -> 0x8E93
mem[X,0x000000008000170A] -> 0xFDFE
[1479] [M]: 0x0000000080001708 (0xFDFE8E93) addi t4, t4, -0x21
x29 <- 0x000000000001FFDF

mem[X,0x000000008000170C] -> 0x9E93
mem[X,0x000000008000170E] -> 0x00BE
[1480] [M]: 0x000000008000170C (0x00BE9E93) slli t4, t4, 0xb
x29 <- 0x000000000FFEF800

mem[X,0x0000000080001710] -> 0x8E93
mem[X,0x0000000080001712] -> 0x7EFE
[1481] [M]: 0x0000000080001710 (0x7EFE8E93) addi t4, t4, 0x7ef
x29 <- 0x000000000FFEFFEF

mem[X,0x0000000080001714] -> 0x9E93
mem[X,0x0000000080001716] -> 0x00BE
[1482] [M]: 0x0000000080001714 (0x00BE9E93) slli t4, t4, 0xb
x29 <- 0x0000007FF7FF7800

mem[X,0x0000000080001718] -> 0x8E93
mem[X,0x000000008000171A] -> 0x7FFE
[1483] [M]: 0x0000000080001718 (0x7FFE8E93) addi t4, t4, 0x7ff
x29 <- 0x0000007FF7FF7FFF

mem[X,0x000000008000171C] -> 0x9E93
mem[X,0x000000008000171E] -> 0x00AE
[1484] [M]: 0x000000008000171C (0x00AE9E93) slli t4, t4, 0xa
x29 <- 0x0001FFDFFDFFFC00

mem[X,0x0000000080001720] -> 0x8E93
mem[X,0x0000000080001722] -> 0x2FFE
[1485] [M]: 0x0000000080001720 (0x2FFE8E93) addi t4, t4, 0x2ff
x29 <- 0x0001FFDFFDFFFEFF

mem[X,0x0000000080001724] -> 0x7FBB
mem[X,0x0000000080001726] -> 0xC9DF
[1486] [M]: 0x0000000080001724 (0xC9DF7FBB) pmhaccsu.h t6, t5, t4
x31 <- 0x6DDEB588CE5F665B

mem[X,0x0000000080001728] -> 0xB823
mem[X,0x000000008000172A] -> 0x17F0
[1487] [M]: 0x0000000080001728 (0x17F0B823) sd t6, 0x170(ra)
mem[0x0000000080004378] <- 0x6DDEB588CE5F665B

mem[X,0x000000008000172C] -> 0xFF37
mem[X,0x000000008000172E] -> 0xFFDF
[1488] [M]: 0x000000008000172C (0xFFDFFF37) lui t5, -0x201
x30 <- 0xFFFFFFFFFFDFF000

mem[X,0x0000000080001730] -> 0x0F13
mem[X,0x0000000080001732] -> 0x7FFF
[1489] [M]: 0x0000000080001730 (0x7FFF0F13) addi t5, t5, 0x7ff
x30 <- 0xFFFFFFFFFFDFF7FF

mem[X,0x0000000080001734] -> 0x1F13
mem[X,0x0000000080001736] -> 0x00BF
[1490] [M]: 0x0000000080001734 (0x00BF1F13) slli t5, t5, 0xb
x30 <- 0xFFFFFFFEFFBFF800

mem[X,0x0000000080001738] -> 0x0F13
mem[X,0x000000008000173A] -> 0x000F
[1491] [M]: 0x0000000080001738 (0x000F0F13) addi t5, t5, 0x0
x30 <- 0xFFFFFFFEFFBFF800

mem[X,0x000000008000173C] -> 0x1F13
mem[X,0x000000008000173E] -> 0x00BF
[1492] [M]: 0x000000008000173C (0x00BF1F13) slli t5, t5, 0xb
x30 <- 0xFFFFF7FDFFC00000

mem[X,0x0000000080001740] -> 0x0F13
mem[X,0x0000000080001742] -> 0x13EF
[1493] [M]: 0x0000000080001740 (0x13EF0F13) addi t5, t5, 0x13e
x30 <- 0xFFFFF7FDFFC0013E

mem[X,0x0000000080001744] -> 0x1F13
mem[X,0x0000000080001746] -> 0x00AF
[1494] [M]: 0x0000000080001744 (0x00AF1F13) slli t5, t5, 0xa
x30 <- 0xFFDFF7FF0004F800

mem[X,0x0000000080001748] -> 0x0F13
mem[X,0x000000008000174A] -> 0x3FFF
[1495] [M]: 0x0000000080001748 (0x3FFF0F13) addi t5, t5, 0x3ff
x30 <- 0xFFDFF7FF0004FBFF

mem[X,0x000000008000174C] -> 0xBEB7
mem[X,0x000000008000174E] -> 0xFEFF
[1496] [M]: 0x000000008000174C (0xFEFFBEB7) lui t4, -0x1005
x29 <- 0xFFFFFFFFFEFFB000

mem[X,0x0000000080001750] -> 0x8E93
mem[X,0x0000000080001752] -> 0xAAAE
[1497] [M]: 0x0000000080001750 (0xAAAE8E93) addi t4, t4, -0x556
x29 <- 0xFFFFFFFFFEFFAAAA

mem[X,0x0000000080001754] -> 0x9E93
mem[X,0x0000000080001756] -> 0x00BE
[1498] [M]: 0x0000000080001754 (0x00BE9E93) slli t4, t4, 0xb
x29 <- 0xFFFFFFF7FD555000

mem[X,0x0000000080001758] -> 0x8E93
mem[X,0x000000008000175A] -> 0x7DFE
[1499] [M]: 0x0000000080001758 (0x7DFE8E93) addi t4, t4, 0x7df
x29 <- 0xFFFFFFF7FD5557DF

clint::tick mtime <- 0x000000000000000F
 clint timer pending at mtime 0x000000000000000F
htif::tick 0x0000000000000000
mem[X,0x000000008000175C] -> 0x9E93
mem[X,0x000000008000175E] -> 0x00BE
[1500] [M]: 0x000000008000175C (0x00BE9E93) slli t4, t4, 0xb
x29 <- 0xFFFFBFEAAABEF800

mem[X,0x0000000080001760] -> 0x8E93
mem[X,0x0000000080001762] -> 0x7C0E
[1501] [M]: 0x0000000080001760 (0x7C0E8E93) addi t4, t4, 0x7c0
x29 <- 0xFFFFBFEAAABEFFC0

mem[X,0x0000000080001764] -> 0x9E93
mem[X,0x0000000080001766] -> 0x00AE
[1502] [M]: 0x0000000080001764 (0x00AE9E93) slli t4, t4, 0xa
x29 <- 0xFEFFAAAAFBFF0000

mem[X,0x0000000080001768] -> 0x8E93
mem[X,0x000000008000176A] -> 0x009E
[1503] [M]: 0x0000000080001768 (0x009E8E93) addi t4, t4, 0x9
x29 <- 0xFEFFAAAAFBFF0009

mem[X,0x000000008000176C] -> 0x7FBB
mem[X,0x000000008000176E] -> 0xC9DF
[1504] [M]: 0x000000008000176C (0xC9DF7FBB) pmhaccsu.h t6, t5, t4
x31 <- 0x6DBDB032CE62665A

mem[X,0x0000000080001770] -> 0xBC23
mem[X,0x0000000080001772] -> 0x17F0
[1505] [M]: 0x0000000080001770 (0x17F0BC23) sd t6, 0x178(ra)
mem[0x0000000080004380] <- 0x6DBDB032CE62665A

mem[X,0x0000000080001774] -> 0xCF37
mem[X,0x0000000080001776] -> 0x0080
[1506] [M]: 0x0000000080001774 (0x0080CF37) lui t5, 0x80c
x30 <- 0x000000000080C000

mem[X,0x0000000080001778] -> 0x0F13
mem[X,0x000000008000177A] -> 0x000F
[1507] [M]: 0x0000000080001778 (0x000F0F13) addi t5, t5, 0x0
x30 <- 0x000000000080C000

mem[X,0x000000008000177C] -> 0x1F13
mem[X,0x000000008000177E] -> 0x00BF
[1508] [M]: 0x000000008000177C (0x00BF1F13) slli t5, t5, 0xb
x30 <- 0x0000000406000000

mem[X,0x0000000080001780] -> 0x0F13
mem[X,0x0000000080001782] -> 0x000F
[1509] [M]: 0x0000000080001780 (0x000F0F13) addi t5, t5, 0x0
x30 <- 0x0000000406000000

mem[X,0x0000000080001784] -> 0x1F13
mem[X,0x0000000080001786] -> 0x00BF
[1510] [M]: 0x0000000080001784 (0x00BF1F13) slli t5, t5, 0xb
x30 <- 0x0000203000000000

mem[X,0x0000000080001788] -> 0x0F13
mem[X,0x000000008000178A] -> 0x1B7F
[1511] [M]: 0x0000000080001788 (0x1B7F0F13) addi t5, t5, 0x1b7
x30 <- 0x00002030000001B7

mem[X,0x000000008000178C] -> 0x1F13
mem[X,0x000000008000178E] -> 0x00AF
[1512] [M]: 0x000000008000178C (0x00AF1F13) slli t5, t5, 0xa
x30 <- 0x0080C0000006DC00

mem[X,0x0000000080001790] -> 0x0F13
mem[X,0x0000000080001792] -> 0x3FFF
[1513] [M]: 0x0000000080001790 (0x3FFF0F13) addi t5, t5, 0x3ff
x30 <- 0x0080C0000006DFFF

mem[X,0x0000000080001794] -> 0x1EB7
mem[X,0x0000000080001796] -> 0x0004
[1514] [M]: 0x0000000080001794 (0x00041EB7) lui t4, 0x41
x29 <- 0x0000000000041000

mem[X,0x0000000080001798] -> 0x8E93
mem[X,0x000000008000179A] -> 0x800E
[1515] [M]: 0x0000000080001798 (0x800E8E93) addi t4, t4, -0x800
x29 <- 0x0000000000040800

mem[X,0x000000008000179C] -> 0x9E93
mem[X,0x000000008000179E] -> 0x00BE
[1516] [M]: 0x000000008000179C (0x00BE9E93) slli t4, t4, 0xb
x29 <- 0x0000000020400000

mem[X,0x00000000800017A0] -> 0x8E93
mem[X,0x00000000800017A2] -> 0x77FE
[1517] [M]: 0x00000000800017A0 (0x77FE8E93) addi t4, t4, 0x77f
x29 <- 0x000000002040077F

mem[X,0x00000000800017A4] -> 0x9E93
mem[X,0x00000000800017A6] -> 0x00BE
[1518] [M]: 0x00000000800017A4 (0x00BE9E93) slli t4, t4, 0xb
x29 <- 0x00000102003BF800

mem[X,0x00000000800017A8] -> 0x8E93
mem[X,0x00000000800017AA] -> 0x7FEE
[1519] [M]: 0x00000000800017A8 (0x7FEE8E93) addi t4, t4, 0x7fe
x29 <- 0x00000102003BFFFE

mem[X,0x00000000800017AC] -> 0x9E93
mem[X,0x00000000800017AE] -> 0x00AE
[1520] [M]: 0x00000000800017AC (0x00AE9E93) slli t4, t4, 0xa
x29 <- 0x00040800EFFFF800

mem[X,0x00000000800017B0] -> 0x8E93
mem[X,0x00000000800017B2] -> 0x3FFE
[1521] [M]: 0x00000000800017B0 (0x3FFE8E93) addi t4, t4, 0x3ff
x29 <- 0x00040800EFFFFBFF

mem[X,0x00000000800017B4] -> 0x7FBB
mem[X,0x00000000800017B6] -> 0xC9DF
[1522] [M]: 0x00000000800017B4 (0xC9DF7FBB) pmhaccsu.h t6, t5, t4
x31 <- 0x6DBDAE32CE6746D9

mem[X,0x00000000800017B8] -> 0xB023
mem[X,0x00000000800017BA] -> 0x19F0
[1523] [M]: 0x00000000800017B8 (0x19F0B023) sd t6, 0x180(ra)
mem[0x0000000080004388] <- 0x6DBDAE32CE6746D9

mem[X,0x00000000800017BC] -> 0x0F37
mem[X,0x00000000800017BE] -> 0x0002
[1524] [M]: 0x00000000800017BC (0x00020F37) lui t5, 0x20
x30 <- 0x0000000000020000

mem[X,0x00000000800017C0] -> 0x0F13
mem[X,0x00000000800017C2] -> 0x100F
[1525] [M]: 0x00000000800017C0 (0x100F0F13) addi t5, t5, 0x100
x30 <- 0x0000000000020100

mem[X,0x00000000800017C4] -> 0x1F13
mem[X,0x00000000800017C6] -> 0x00BF
[1526] [M]: 0x00000000800017C4 (0x00BF1F13) slli t5, t5, 0xb
x30 <- 0x0000000010080000

mem[X,0x00000000800017C8] -> 0x0F13
mem[X,0x00000000800017CA] -> 0x7FFF
[1527] [M]: 0x00000000800017C8 (0x7FFF0F13) addi t5, t5, 0x7ff
x30 <- 0x00000000100807FF

mem[X,0x00000000800017CC] -> 0x1F13
mem[X,0x00000000800017CE] -> 0x00BF
[1528] [M]: 0x00000000800017CC (0x00BF1F13) slli t5, t5, 0xb
x30 <- 0x00000080403FF800

mem[X,0x00000000800017D0] -> 0x0F13
mem[X,0x00000000800017D2] -> 0x63FF
[1529] [M]: 0x00000000800017D0 (0x63FF0F13) addi t5, t5, 0x63f
x30 <- 0x00000080403FFE3F

mem[X,0x00000000800017D4] -> 0x1F13
mem[X,0x00000000800017D6] -> 0x00AF
[1530] [M]: 0x00000000800017D4 (0x00AF1F13) slli t5, t5, 0xa
x30 <- 0x00020100FFF8FC00

mem[X,0x00000000800017D8] -> 0x0F13
mem[X,0x00000000800017DA] -> 0x3BFF
[1531] [M]: 0x00000000800017D8 (0x3BFF0F13) addi t5, t5, 0x3bf
x30 <- 0x00020100FFF8FFBF

mem[X,0x00000000800017DC] -> 0x8EB7
mem[X,0x00000000800017DE] -> 0x0800
[1532] [M]: 0x00000000800017DC (0x08008EB7) lui t4, 0x8008
x29 <- 0x0000000008008000

mem[X,0x00000000800017E0] -> 0x8E93
mem[X,0x00000000800017E2] -> 0x000E
[1533] [M]: 0x00000000800017E0 (0x000E8E93) addi t4, t4, 0x0
x29 <- 0x0000000008008000

mem[X,0x00000000800017E4] -> 0x9E93
mem[X,0x00000000800017E6] -> 0x00BE
[1534] [M]: 0x00000000800017E4 (0x00BE9E93) slli t4, t4, 0xb
x29 <- 0x0000004004000000

mem[X,0x00000000800017E8] -> 0x8E93
mem[X,0x00000000800017EA] -> 0x7DFE
[1535] [M]: 0x00000000800017E8 (0x7DFE8E93) addi t4, t4, 0x7df
x29 <- 0x00000040040007DF

mem[X,0x00000000800017EC] -> 0x9E93
mem[X,0x00000000800017EE] -> 0x00BE
[1536] [M]: 0x00000000800017EC (0x00BE9E93) slli t4, t4, 0xb
x29 <- 0x00020020003EF800

mem[X,0x00000000800017F0] -> 0x8E93
mem[X,0x00000000800017F2] -> 0x7C0E
[1537] [M]: 0x00000000800017F0 (0x7C0E8E93) addi t4, t4, 0x7c0
x29 <- 0x00020020003EFFC0

mem[X,0x00000000800017F4] -> 0x9E93
mem[X,0x00000000800017F6] -> 0x00AE
[1538] [M]: 0x00000000800017F4 (0x00AE9E93) slli t4, t4, 0xa
x29 <- 0x08008000FBFF0000

mem[X,0x00000000800017F8] -> 0x8E93
mem[X,0x00000000800017FA] -> 0x100E
[1539] [M]: 0x00000000800017F8 (0x100E8E93) addi t4, t4, 0x100
x29 <- 0x08008000FBFF0100

mem[X,0x00000000800017FC] -> 0x7FBB
mem[X,0x00000000800017FE] -> 0xC9DF
[1540] [M]: 0x00000000800017FC (0xC9DF7FBB) pmhaccsu.h t6, t5, t4
x31 <- 0x6DBDAEB2CE5F46D8

mem[X,0x0000000080001800] -> 0xB423
mem[X,0x0000000080001802] -> 0x19F0
[1541] [M]: 0x0000000080001800 (0x19F0B423) sd t6, 0x188(ra)
mem[0x0000000080004390] <- 0x6DBDAEB2CE5F46D8

mem[X,0x0000000080001804] -> 0x0F37
mem[X,0x0000000080001806] -> 0xFFE0
[1542] [M]: 0x0000000080001804 (0xFFE00F37) lui t5, -0x200
x30 <- 0xFFFFFFFFFFE00000

mem[X,0x0000000080001808] -> 0x0F13
mem[X,0x000000008000180A] -> 0xBFFF
[1543] [M]: 0x0000000080001808 (0xBFFF0F13) addi t5, t5, -0x401
x30 <- 0xFFFFFFFFFFDFFBFF

mem[X,0x000000008000180C] -> 0x1F13
mem[X,0x000000008000180E] -> 0x00BF
[1544] [M]: 0x000000008000180C (0x00BF1F13) slli t5, t5, 0xb
x30 <- 0xFFFFFFFEFFDFF800

mem[X,0x0000000080001810] -> 0x0F13
mem[X,0x0000000080001812] -> 0x001F
[1545] [M]: 0x0000000080001810 (0x001F0F13) addi t5, t5, 0x1
x30 <- 0xFFFFFFFEFFDFF801

mem[X,0x0000000080001814] -> 0x1F13
mem[X,0x0000000080001816] -> 0x00BF
[1546] [M]: 0x0000000080001814 (0x00BF1F13) slli t5, t5, 0xb
x30 <- 0xFFFFF7FEFFC00800

mem[X,0x0000000080001818] -> 0x0F13
mem[X,0x000000008000181A] -> 0x000F
[1547] [M]: 0x0000000080001818 (0x000F0F13) addi t5, t5, 0x0
x30 <- 0xFFFFF7FEFFC00800

mem[X,0x000000008000181C] -> 0x1F13
mem[X,0x000000008000181E] -> 0x00AF
[1548] [M]: 0x000000008000181C (0x00AF1F13) slli t5, t5, 0xa
x30 <- 0xFFDFFBFF00200000

mem[X,0x0000000080001820] -> 0x0F13
mem[X,0x0000000080001822] -> 0x003F
[1549] [M]: 0x0000000080001820 (0x003F0F13) addi t5, t5, 0x3
x30 <- 0xFFDFFBFF00200003

mem[X,0x0000000080001824] -> 0x0EB7
mem[X,0x0000000080001826] -> 0x0100
[1550] [M]: 0x0000000080001824 (0x01000EB7) lui t4, 0x1000
x29 <- 0x0000000001000000

mem[X,0x0000000080001828] -> 0x8E93
mem[X,0x000000008000182A] -> 0x01FE
[1551] [M]: 0x0000000080001828 (0x01FE8E93) addi t4, t4, 0x1f
x29 <- 0x000000000100001F

mem[X,0x000000008000182C] -> 0x9E93
mem[X,0x000000008000182E] -> 0x00EE
[1552] [M]: 0x000000008000182C (0x00EE9E93) slli t4, t4, 0xe
x29 <- 0x000000400007C000

mem[X,0x0000000080001830] -> 0x7FBB
mem[X,0x0000000080001832] -> 0xC9DF
[1553] [M]: 0x0000000080001830 (0xC9DF7FBB) pmhaccsu.h t6, t5, t4
x31 <- 0x6DBDAEB0CE5F46DA

mem[X,0x0000000080001834] -> 0xB823
mem[X,0x0000000080001836] -> 0x19F0
[1554] [M]: 0x0000000080001834 (0x19F0B823) sd t6, 0x190(ra)
mem[0x0000000080004398] <- 0x6DBDAEB0CE5F46DA

mem[X,0x0000000080001838] -> 0x0F37
mem[X,0x000000008000183A] -> 0xFFFD
[1555] [M]: 0x0000000080001838 (0xFFFD0F37) lui t5, -0x30
x30 <- 0xFFFFFFFFFFFD0000

mem[X,0x000000008000183C] -> 0x0F13
mem[X,0x000000008000183E] -> 0xFFEF
[1556] [M]: 0x000000008000183C (0xFFEF0F13) addi t5, t5, -0x2
x30 <- 0xFFFFFFFFFFFCFFFE

mem[X,0x0000000080001840] -> 0x1F13
mem[X,0x0000000080001842] -> 0x00BF
[1557] [M]: 0x0000000080001840 (0x00BF1F13) slli t5, t5, 0xb
x30 <- 0xFFFFFFFFE7FFF000

mem[X,0x0000000080001844] -> 0x0F13
mem[X,0x0000000080001846] -> 0x7FFF
[1558] [M]: 0x0000000080001844 (0x7FFF0F13) addi t5, t5, 0x7ff
x30 <- 0xFFFFFFFFE7FFF7FF

mem[X,0x0000000080001848] -> 0x1F13
mem[X,0x000000008000184A] -> 0x00BF
[1559] [M]: 0x0000000080001848 (0x00BF1F13) slli t5, t5, 0xb
x30 <- 0xFFFFFF3FFFBFF800

mem[X,0x000000008000184C] -> 0x0F13
mem[X,0x000000008000184E] -> 0x780F
[1560] [M]: 0x000000008000184C (0x780F0F13) addi t5, t5, 0x780
x30 <- 0xFFFFFF3FFFBFFF80

mem[X,0x0000000080001850] -> 0x1F13
mem[X,0x0000000080001852] -> 0x00AF
[1561] [M]: 0x0000000080001850 (0x00AF1F13) slli t5, t5, 0xa
x30 <- 0xFFFCFFFEFFFE0000

mem[X,0x0000000080001854] -> 0x0EB7
mem[X,0x0000000080001856] -> 0x0800
[1562] [M]: 0x0000000080001854 (0x08000EB7) lui t4, 0x8000
x29 <- 0x0000000008000000

mem[X,0x0000000080001858] -> 0x8E93
mem[X,0x000000008000185A] -> 0x005E
[1563] [M]: 0x0000000080001858 (0x005E8E93) addi t4, t4, 0x5
x29 <- 0x0000000008000005

mem[X,0x000000008000185C] -> 0x9E93
mem[X,0x000000008000185E] -> 0x00BE
[1564] [M]: 0x000000008000185C (0x00BE9E93) slli t4, t4, 0xb
x29 <- 0x0000004000002800

mem[X,0x0000000080001860] -> 0x8E93
mem[X,0x0000000080001862] -> 0x1FFE
[1565] [M]: 0x0000000080001860 (0x1FFE8E93) addi t4, t4, 0x1ff
x29 <- 0x00000040000029FF

mem[X,0x0000000080001864] -> 0x9E93
mem[X,0x0000000080001866] -> 0x00BE
[1566] [M]: 0x0000000080001864 (0x00BE9E93) slli t4, t4, 0xb
x29 <- 0x00020000014FF800

mem[X,0x0000000080001868] -> 0x8E93
mem[X,0x000000008000186A] -> 0x7E0E
[1567] [M]: 0x0000000080001868 (0x7E0E8E93) addi t4, t4, 0x7e0
x29 <- 0x00020000014FFFE0

mem[X,0x000000008000186C] -> 0x9E93
mem[X,0x000000008000186E] -> 0x00AE
[1568] [M]: 0x000000008000186C (0x00AE9E93) slli t4, t4, 0xa
x29 <- 0x080000053FFF8000

mem[X,0x0000000080001870] -> 0x7FBB
mem[X,0x0000000080001872] -> 0xC9DF
[1569] [M]: 0x0000000080001870 (0xC9DF7FBB) pmhaccsu.h t6, t5, t4
x31 <- 0x6DBCAEAFCE5E46DA

mem[X,0x0000000080001874] -> 0xBC23
mem[X,0x0000000080001876] -> 0x19F0
[1570] [M]: 0x0000000080001874 (0x19F0BC23) sd t6, 0x198(ra)
mem[0x00000000800043A0] <- 0x6DBCAEAFCE5E46DA

mem[X,0x0000000080001878] -> 0x0F37
mem[X,0x000000008000187A] -> 0xFF80
[1571] [M]: 0x0000000080001878 (0xFF800F37) lui t5, -0x800
x30 <- 0xFFFFFFFFFF800000

mem[X,0x000000008000187C] -> 0x0F13
mem[X,0x000000008000187E] -> 0xFDFF
[1572] [M]: 0x000000008000187C (0xFDFF0F13) addi t5, t5, -0x21
x30 <- 0xFFFFFFFFFF7FFFDF

mem[X,0x0000000080001880] -> 0x1F13
mem[X,0x0000000080001882] -> 0x00BF
[1573] [M]: 0x0000000080001880 (0x00BF1F13) slli t5, t5, 0xb
x30 <- 0xFFFFFFFBFFFEF800

mem[X,0x0000000080001884] -> 0x0F13
mem[X,0x0000000080001886] -> 0x000F
[1574] [M]: 0x0000000080001884 (0x000F0F13) addi t5, t5, 0x0
x30 <- 0xFFFFFFFBFFFEF800

mem[X,0x0000000080001888] -> 0x1F13
mem[X,0x000000008000188A] -> 0x00BF
[1575] [M]: 0x0000000080001888 (0x00BF1F13) slli t5, t5, 0xb
x30 <- 0xFFFFDFFFF7C00000

mem[X,0x000000008000188C] -> 0x0F13
mem[X,0x000000008000188E] -> 0x23FF
[1576] [M]: 0x000000008000188C (0x23FF0F13) addi t5, t5, 0x23f
x30 <- 0xFFFFDFFFF7C0023F

mem[X,0x0000000080001890] -> 0x1F13
mem[X,0x0000000080001892] -> 0x00AF
[1577] [M]: 0x0000000080001890 (0x00AF1F13) slli t5, t5, 0xa
x30 <- 0xFF7FFFDF0008FC00

mem[X,0x0000000080001894] -> 0x0F13
mem[X,0x0000000080001896] -> 0x37FF
[1578] [M]: 0x0000000080001894 (0x37FF0F13) addi t5, t5, 0x37f
x30 <- 0xFF7FFFDF0008FF7F

mem[X,0x0000000080001898] -> 0x1EB7
mem[X,0x000000008000189A] -> 0x0010
[1579] [M]: 0x0000000080001898 (0x00101EB7) lui t4, 0x101
x29 <- 0x0000000000101000

mem[X,0x000000008000189C] -> 0x8E93
mem[X,0x000000008000189E] -> 0x000E
[1580] [M]: 0x000000008000189C (0x000E8E93) addi t4, t4, 0x0
x29 <- 0x0000000000101000

mem[X,0x00000000800018A0] -> 0x9E93
mem[X,0x00000000800018A2] -> 0x00BE
[1581] [M]: 0x00000000800018A0 (0x00BE9E93) slli t4, t4, 0xb
x29 <- 0x0000000080800000

mem[X,0x00000000800018A4] -> 0x8E93
mem[X,0x00000000800018A6] -> 0x7FFE
[1582] [M]: 0x00000000800018A4 (0x7FFE8E93) addi t4, t4, 0x7ff
x29 <- 0x00000000808007FF

mem[X,0x00000000800018A8] -> 0x9E93
mem[X,0x00000000800018AA] -> 0x00BE
[1583] [M]: 0x00000000800018A8 (0x00BE9E93) slli t4, t4, 0xb
x29 <- 0x00000404003FF800

mem[X,0x00000000800018AC] -> 0x8E93
mem[X,0x00000000800018AE] -> 0x5C0E
[1584] [M]: 0x00000000800018AC (0x5C0E8E93) addi t4, t4, 0x5c0
x29 <- 0x00000404003FFDC0

mem[X,0x00000000800018B0] -> 0x9E93
mem[X,0x00000000800018B2] -> 0x00AE
[1585] [M]: 0x00000000800018B0 (0x00AE9E93) slli t4, t4, 0xa
x29 <- 0x00101000FFF70000

mem[X,0x00000000800018B4] -> 0x8E93
mem[X,0x00000000800018B6] -> 0x004E
[1586] [M]: 0x00000000800018B4 (0x004E8E93) addi t4, t4, 0x4
x29 <- 0x00101000FFF70004

mem[X,0x00000000800018B8] -> 0x7FBB
mem[X,0x00000000800018BA] -> 0xC9DF
[1587] [M]: 0x00000000800018B8 (0xC9DF7FBB) pmhaccsu.h t6, t5, t4
x31 <- 0x6DBBAEACCE6546D9

mem[X,0x00000000800018BC] -> 0xB023
mem[X,0x00000000800018BE] -> 0x1BF0
[1588] [M]: 0x00000000800018BC (0x1BF0B023) sd t6, 0x1a0(ra)
mem[0x00000000800043A8] <- 0x6DBBAEACCE6546D9

mem[X,0x00000000800018C0] -> 0xBF37
mem[X,0x00000000800018C2] -> 0x0080
[1589] [M]: 0x00000000800018C0 (0x0080BF37) lui t5, 0x80b
x30 <- 0x000000000080B000

mem[X,0x00000000800018C4] -> 0x0F13
mem[X,0x00000000800018C6] -> 0xAAAF
[1590] [M]: 0x00000000800018C4 (0xAAAF0F13) addi t5, t5, -0x556
x30 <- 0x000000000080AAAA

mem[X,0x00000000800018C8] -> 0x1F13
mem[X,0x00000000800018CA] -> 0x00BF
[1591] [M]: 0x00000000800018C8 (0x00BF1F13) slli t5, t5, 0xb
x30 <- 0x0000000405555000

mem[X,0x00000000800018CC] -> 0x0F13
mem[X,0x00000000800018CE] -> 0x080F
[1592] [M]: 0x00000000800018CC (0x080F0F13) addi t5, t5, 0x80
x30 <- 0x0000000405555080

mem[X,0x00000000800018D0] -> 0x1F13
mem[X,0x00000000800018D2] -> 0x00BF
[1593] [M]: 0x00000000800018D0 (0x00BF1F13) slli t5, t5, 0xb
x30 <- 0x0000202AAA840000

mem[X,0x00000000800018D4] -> 0x0F13
mem[X,0x00000000800018D6] -> 0x000F
[1594] [M]: 0x00000000800018D4 (0x000F0F13) addi t5, t5, 0x0
x30 <- 0x0000202AAA840000

mem[X,0x00000000800018D8] -> 0x1F13
mem[X,0x00000000800018DA] -> 0x00AF
[1595] [M]: 0x00000000800018D8 (0x00AF1F13) slli t5, t5, 0xa
x30 <- 0x0080AAAA10000000

mem[X,0x00000000800018DC] -> 0x0F13
mem[X,0x00000000800018DE] -> 0x003F
[1596] [M]: 0x00000000800018DC (0x003F0F13) addi t5, t5, 0x3
x30 <- 0x0080AAAA10000003

mem[X,0x00000000800018E0] -> 0x0EB7
mem[X,0x00000000800018E2] -> 0xDFFF
[1597] [M]: 0x00000000800018E0 (0xDFFF0EB7) lui t4, -0x20010
x29 <- 0xFFFFFFFFDFFF0000

mem[X,0x00000000800018E4] -> 0x8E93
mem[X,0x00000000800018E6] -> 0x010E
[1598] [M]: 0x00000000800018E4 (0x010E8E93) addi t4, t4, 0x10
x29 <- 0xFFFFFFFFDFFF0010

mem[X,0x00000000800018E8] -> 0x9E93
mem[X,0x00000000800018EA] -> 0x00BE
[1599] [M]: 0x00000000800018E8 (0x00BE9E93) slli t4, t4, 0xb
x29 <- 0xFFFFFEFFF8008000

clint::tick mtime <- 0x0000000000000010
 clint timer pending at mtime 0x0000000000000010
htif::tick 0x0000000000000000
mem[X,0x00000000800018EC] -> 0x8E93
mem[X,0x00000000800018EE] -> 0x7BFE
[1600] [M]: 0x00000000800018EC (0x7BFE8E93) addi t4, t4, 0x7bf
x29 <- 0xFFFFFEFFF80087BF

mem[X,0x00000000800018F0] -> 0x9E93
mem[X,0x00000000800018F2] -> 0x00BE
[1601] [M]: 0x00000000800018F0 (0x00BE9E93) slli t4, t4, 0xb
x29 <- 0xFFF7FFC0043DF800

mem[X,0x00000000800018F4] -> 0x8E93
mem[X,0x00000000800018F6] -> 0x7C4E
[1602] [M]: 0x00000000800018F4 (0x7C4E8E93) addi t4, t4, 0x7c4
x29 <- 0xFFF7FFC0043DFFC4

mem[X,0x00000000800018F8] -> 0x9E93
mem[X,0x00000000800018FA] -> 0x00AE
[1603] [M]: 0x00000000800018F8 (0x00AE9E93) slli t4, t4, 0xa
x29 <- 0xDFFF0010F7FF1000

mem[X,0x00000000800018FC] -> 0x7FBB
mem[X,0x00000000800018FE] -> 0xC9DF
[1604] [M]: 0x00000000800018FC (0xC9DF7FBB) pmhaccsu.h t6, t5, t4
x31 <- 0x6E2AAEA6DDE446D9

mem[X,0x0000000080001900] -> 0xB423
mem[X,0x0000000080001902] -> 0x1BF0
[1605] [M]: 0x0000000080001900 (0x1BF0B423) sd t6, 0x1a8(ra)
mem[0x00000000800043B0] <- 0x6E2AAEA6DDE446D9

mem[X,0x0000000080001904] -> 0x0F37
mem[X,0x0000000080001906] -> 0x4000
[1606] [M]: 0x0000000080001904 (0x40000F37) lui t5, 0x40000
x30 <- 0x0000000040000000

mem[X,0x0000000080001908] -> 0x0F13
mem[X,0x000000008000190A] -> 0xFBFF
[1607] [M]: 0x0000000080001908 (0xFBFF0F13) addi t5, t5, -0x41
x30 <- 0x000000003FFFFFBF

mem[X,0x000000008000190C] -> 0x1F13
mem[X,0x000000008000190E] -> 0x00BF
[1608] [M]: 0x000000008000190C (0x00BF1F13) slli t5, t5, 0xb
x30 <- 0x000001FFFFFDF800

mem[X,0x0000000080001910] -> 0x0F13
mem[X,0x0000000080001912] -> 0x000F
[1609] [M]: 0x0000000080001910 (0x000F0F13) addi t5, t5, 0x0
x30 <- 0x000001FFFFFDF800

mem[X,0x0000000080001914] -> 0x1F13
mem[X,0x0000000080001916] -> 0x00BF
[1610] [M]: 0x0000000080001914 (0x00BF1F13) slli t5, t5, 0xb
x30 <- 0x000FFFFFEFC00000

mem[X,0x0000000080001918] -> 0x0F13
mem[X,0x000000008000191A] -> 0x43FF
[1611] [M]: 0x0000000080001918 (0x43FF0F13) addi t5, t5, 0x43f
x30 <- 0x000FFFFFEFC0043F

mem[X,0x000000008000191C] -> 0x1F13
mem[X,0x000000008000191E] -> 0x00AF
[1612] [M]: 0x000000008000191C (0x00AF1F13) slli t5, t5, 0xa
x30 <- 0x3FFFFFBF0010FC00

mem[X,0x0000000080001920] -> 0x0F13
mem[X,0x0000000080001922] -> 0x37FF
[1613] [M]: 0x0000000080001920 (0x37FF0F13) addi t5, t5, 0x37f
x30 <- 0x3FFFFFBF0010FF7F

mem[X,0x0000000080001924] -> 0x0EB7
mem[X,0x0000000080001926] -> 0x8000
[1614] [M]: 0x0000000080001924 (0x80000EB7) lui t4, -0x80000
x29 <- 0xFFFFFFFF80000000

mem[X,0x0000000080001928] -> 0x8E93
mem[X,0x000000008000192A] -> 0xF7FE
[1615] [M]: 0x0000000080001928 (0xF7FE8E93) addi t4, t4, -0x81
x29 <- 0xFFFFFFFF7FFFFF7F

mem[X,0x000000008000192C] -> 0x9E93
mem[X,0x000000008000192E] -> 0x00BE
[1616] [M]: 0x000000008000192C (0x00BE9E93) slli t4, t4, 0xb
x29 <- 0xFFFFFBFFFFFBF800

mem[X,0x0000000080001930] -> 0x8E93
mem[X,0x0000000080001932] -> 0x7FFE
[1617] [M]: 0x0000000080001930 (0x7FFE8E93) addi t4, t4, 0x7ff
x29 <- 0xFFFFFBFFFFFBFFFF

mem[X,0x0000000080001934] -> 0x9E93
mem[X,0x0000000080001936] -> 0x00BE
[1618] [M]: 0x0000000080001934 (0x00BE9E93) slli t4, t4, 0xb
x29 <- 0xFFDFFFFFDFFFF800

mem[X,0x0000000080001938] -> 0x8E93
mem[X,0x000000008000193A] -> 0x6C1E
[1619] [M]: 0x0000000080001938 (0x6C1E8E93) addi t4, t4, 0x6c1
x29 <- 0xFFDFFFFFDFFFFEC1

mem[X,0x000000008000193C] -> 0x9E93
mem[X,0x000000008000193E] -> 0x00AE
[1620] [M]: 0x000000008000193C (0x00AE9E93) slli t4, t4, 0xa
x29 <- 0x7FFFFF7FFFFB0400

mem[X,0x0000000080001940] -> 0x7FBB
mem[X,0x0000000080001942] -> 0xC9DF
[1621] [M]: 0x0000000080001940 (0xC9DF7FBB) pmhaccsu.h t6, t5, t4
x31 <- 0x8E29AE65DDF346D6

mem[X,0x0000000080001944] -> 0xB823
mem[X,0x0000000080001946] -> 0x1BF0
[1622] [M]: 0x0000000080001944 (0x1BF0B823) sd t6, 0x1b0(ra)
mem[0x00000000800043B8] <- 0x8E29AE65DDF346D6

mem[X,0x0000000080001948] -> 0x0F37
mem[X,0x000000008000194A] -> 0xFFF6
[1623] [M]: 0x0000000080001948 (0xFFF60F37) lui t5, -0xa0
x30 <- 0xFFFFFFFFFFF60000

mem[X,0x000000008000194C] -> 0x0F13
mem[X,0x000000008000194E] -> 0x000F
[1624] [M]: 0x000000008000194C (0x000F0F13) addi t5, t5, 0x0
x30 <- 0xFFFFFFFFFFF60000

mem[X,0x0000000080001950] -> 0x1F13
mem[X,0x0000000080001952] -> 0x00BF
[1625] [M]: 0x0000000080001950 (0x00BF1F13) slli t5, t5, 0xb
x30 <- 0xFFFFFFFFB0000000

mem[X,0x0000000080001954] -> 0x0F13
mem[X,0x0000000080001956] -> 0x7FFF
[1626] [M]: 0x0000000080001954 (0x7FFF0F13) addi t5, t5, 0x7ff
x30 <- 0xFFFFFFFFB00007FF

mem[X,0x0000000080001958] -> 0x1F13
mem[X,0x000000008000195A] -> 0x00BF
[1627] [M]: 0x0000000080001958 (0x00BF1F13) slli t5, t5, 0xb
x30 <- 0xFFFFFD80003FF800

mem[X,0x000000008000195C] -> 0x0F13
mem[X,0x000000008000195E] -> 0x77FF
[1628] [M]: 0x000000008000195C (0x77FF0F13) addi t5, t5, 0x77f
x30 <- 0xFFFFFD80003FFF7F

mem[X,0x0000000080001960] -> 0x1F13
mem[X,0x0000000080001962] -> 0x00AF
[1629] [M]: 0x0000000080001960 (0x00AF1F13) slli t5, t5, 0xa
x30 <- 0xFFF60000FFFDFC00

mem[X,0x0000000080001964] -> 0x0F13
mem[X,0x0000000080001966] -> 0x3F8F
[1630] [M]: 0x0000000080001964 (0x3F8F0F13) addi t5, t5, 0x3f8
x30 <- 0xFFF60000FFFDFFF8

mem[X,0x0000000080001968] -> 0x0EB7
mem[X,0x000000008000196A] -> 0x0020
[1631] [M]: 0x0000000080001968 (0x00200EB7) lui t4, 0x200
x29 <- 0x0000000000200000

mem[X,0x000000008000196C] -> 0x8E93
mem[X,0x000000008000196E] -> 0x100E
[1632] [M]: 0x000000008000196C (0x100E8E93) addi t4, t4, 0x100
x29 <- 0x0000000000200100

mem[X,0x0000000080001970] -> 0x9E93
mem[X,0x0000000080001972] -> 0x00BE
[1633] [M]: 0x0000000080001970 (0x00BE9E93) slli t4, t4, 0xb
x29 <- 0x0000000100080000

mem[X,0x0000000080001974] -> 0x8E93
mem[X,0x0000000080001976] -> 0x7FBE
[1634] [M]: 0x0000000080001974 (0x7FBE8E93) addi t4, t4, 0x7fb
x29 <- 0x00000001000807FB

mem[X,0x0000000080001978] -> 0x9E93
mem[X,0x000000008000197A] -> 0x00BE
[1635] [M]: 0x0000000080001978 (0x00BE9E93) slli t4, t4, 0xb
x29 <- 0x00000800403FD800

mem[X,0x000000008000197C] -> 0x8E93
mem[X,0x000000008000197E] -> 0x7D5E
[1636] [M]: 0x000000008000197C (0x7D5E8E93) addi t4, t4, 0x7d5
x29 <- 0x00000800403FDFD5

mem[X,0x0000000080001980] -> 0x9E93
mem[X,0x0000000080001982] -> 0x00AE
[1637] [M]: 0x0000000080001980 (0x00AE9E93) slli t4, t4, 0xa
x29 <- 0x00200100FF7F5400

mem[X,0x0000000080001984] -> 0x8E93
mem[X,0x0000000080001986] -> 0x155E
[1638] [M]: 0x0000000080001984 (0x155E8E93) addi t4, t4, 0x155
x29 <- 0x00200100FF7F5555

mem[X,0x0000000080001988] -> 0x7FBB
mem[X,0x000000008000198A] -> 0xC9DF
[1639] [M]: 0x0000000080001988 (0xC9DF7FBB) pmhaccsu.h t6, t5, t4
x31 <- 0x8E28AE65DDF046D3

mem[X,0x000000008000198C] -> 0xBC23
mem[X,0x000000008000198E] -> 0x1BF0
[1640] [M]: 0x000000008000198C (0x1BF0BC23) sd t6, 0x1b8(ra)
mem[0x00000000800043C0] <- 0x8E28AE65DDF046D3

mem[X,0x0000000080001990] -> 0x4F37
mem[X,0x0000000080001992] -> 0xFFF8
[1641] [M]: 0x0000000080001990 (0xFFF84F37) lui t5, -0x7c
x30 <- 0xFFFFFFFFFFF84000

mem[X,0x0000000080001994] -> 0x0F13
mem[X,0x0000000080001996] -> 0xFFFF
[1642] [M]: 0x0000000080001994 (0xFFFF0F13) addi t5, t5, -0x1
x30 <- 0xFFFFFFFFFFF83FFF

mem[X,0x0000000080001998] -> 0x1F13
mem[X,0x000000008000199A] -> 0x00BF
[1643] [M]: 0x0000000080001998 (0x00BF1F13) slli t5, t5, 0xb
x30 <- 0xFFFFFFFFC1FFF800

mem[X,0x000000008000199C] -> 0x0F13
mem[X,0x000000008000199E] -> 0x1FFF
[1644] [M]: 0x000000008000199C (0x1FFF0F13) addi t5, t5, 0x1ff
x30 <- 0xFFFFFFFFC1FFF9FF

mem[X,0x00000000800019A0] -> 0x1F13
mem[X,0x00000000800019A2] -> 0x00BF
[1645] [M]: 0x00000000800019A0 (0x00BF1F13) slli t5, t5, 0xb
x30 <- 0xFFFFFE0FFFCFF800

mem[X,0x00000000800019A4] -> 0x0F13
mem[X,0x00000000800019A6] -> 0x7FFF
[1646] [M]: 0x00000000800019A4 (0x7FFF0F13) addi t5, t5, 0x7ff
x30 <- 0xFFFFFE0FFFCFFFFF

mem[X,0x00000000800019A8] -> 0x1F13
mem[X,0x00000000800019AA] -> 0x00AF
[1647] [M]: 0x00000000800019A8 (0x00AF1F13) slli t5, t5, 0xa
x30 <- 0xFFF83FFF3FFFFC00

mem[X,0x00000000800019AC] -> 0x0F13
mem[X,0x00000000800019AE] -> 0x1FFF
[1648] [M]: 0x00000000800019AC (0x1FFF0F13) addi t5, t5, 0x1ff
x30 <- 0xFFF83FFF3FFFFDFF

mem[X,0x00000000800019B0] -> 0x0EB7
mem[X,0x00000000800019B2] -> 0xFFDF
[1649] [M]: 0x00000000800019B0 (0xFFDF0EB7) lui t4, -0x210
x29 <- 0xFFFFFFFFFFDF0000

mem[X,0x00000000800019B4] -> 0x8E93
mem[X,0x00000000800019B6] -> 0x400E
[1650] [M]: 0x00000000800019B4 (0x400E8E93) addi t4, t4, 0x400
x29 <- 0xFFFFFFFFFFDF0400

mem[X,0x00000000800019B8] -> 0x9E93
mem[X,0x00000000800019BA] -> 0x00BE
[1651] [M]: 0x00000000800019B8 (0x00BE9E93) slli t4, t4, 0xb
x29 <- 0xFFFFFFFEF8200000

mem[X,0x00000000800019BC] -> 0x8E93
mem[X,0x00000000800019BE] -> 0x040E
[1652] [M]: 0x00000000800019BC (0x040E8E93) addi t4, t4, 0x40
x29 <- 0xFFFFFFFEF8200040

mem[X,0x00000000800019C0] -> 0x9E93
mem[X,0x00000000800019C2] -> 0x00BE
[1653] [M]: 0x00000000800019C0 (0x00BE9E93) slli t4, t4, 0xb
x29 <- 0xFFFFF7C100020000

mem[X,0x00000000800019C4] -> 0x8E93
mem[X,0x00000000800019C6] -> 0x037E
[1654] [M]: 0x00000000800019C4 (0x037E8E93) addi t4, t4, 0x37
x29 <- 0xFFFFF7C100020037

mem[X,0x00000000800019C8] -> 0x9E93
mem[X,0x00000000800019CA] -> 0x00AE
[1655] [M]: 0x00000000800019C8 (0x00AE9E93) slli t4, t4, 0xa
x29 <- 0xFFDF04000800DC00

mem[X,0x00000000800019CC] -> 0x8E93
mem[X,0x00000000800019CE] -> 0x3FFE
[1656] [M]: 0x00000000800019CC (0x3FFE8E93) addi t4, t4, 0x3ff
x29 <- 0xFFDF04000800DFFF

mem[X,0x00000000800019D0] -> 0x7FBB
mem[X,0x00000000800019D2] -> 0xC9DF
[1657] [M]: 0x00000000800019D0 (0xC9DF7FBB) pmhaccsu.h t6, t5, t4
x31 <- 0x8E20AF64DFEF4512

mem[X,0x00000000800019D4] -> 0xB023
mem[X,0x00000000800019D6] -> 0x1DF0
[1658] [M]: 0x00000000800019D4 (0x1DF0B023) sd t6, 0x1c0(ra)
mem[0x00000000800043C8] <- 0x8E20AF64DFEF4512

mem[X,0x00000000800019D8] -> 0xCF37
mem[X,0x00000000800019DA] -> 0xFFFE
[1659] [M]: 0x00000000800019D8 (0xFFFECF37) lui t5, -0x14
x30 <- 0xFFFFFFFFFFFEC000

mem[X,0x00000000800019DC] -> 0x0F13
mem[X,0x00000000800019DE] -> 0xFFFF
[1660] [M]: 0x00000000800019DC (0xFFFF0F13) addi t5, t5, -0x1
x30 <- 0xFFFFFFFFFFFEBFFF

mem[X,0x00000000800019E0] -> 0x1F13
mem[X,0x00000000800019E2] -> 0x00BF
[1661] [M]: 0x00000000800019E0 (0x00BF1F13) slli t5, t5, 0xb
x30 <- 0xFFFFFFFFF5FFF800

mem[X,0x00000000800019E4] -> 0x0F13
mem[X,0x00000000800019E6] -> 0x000F
[1662] [M]: 0x00000000800019E4 (0x000F0F13) addi t5, t5, 0x0
x30 <- 0xFFFFFFFFF5FFF800

mem[X,0x00000000800019E8] -> 0x1F13
mem[X,0x00000000800019EA] -> 0x00BF
[1663] [M]: 0x00000000800019E8 (0x00BF1F13) slli t5, t5, 0xb
x30 <- 0xFFFFFFAFFFC00000

mem[X,0x00000000800019EC] -> 0x0F13
mem[X,0x00000000800019EE] -> 0x12AF
[1664] [M]: 0x00000000800019EC (0x12AF0F13) addi t5, t5, 0x12a
x30 <- 0xFFFFFFAFFFC0012A

mem[X,0x00000000800019F0] -> 0x1F13
mem[X,0x00000000800019F2] -> 0x00AF
[1665] [M]: 0x00000000800019F0 (0x00AF1F13) slli t5, t5, 0xa
x30 <- 0xFFFEBFFF0004A800

mem[X,0x00000000800019F4] -> 0x0F13
mem[X,0x00000000800019F6] -> 0x2AAF
[1666] [M]: 0x00000000800019F4 (0x2AAF0F13) addi t5, t5, 0x2aa
x30 <- 0xFFFEBFFF0004AAAA

mem[X,0x00000000800019F8] -> 0x0EB7
mem[X,0x00000000800019FA] -> 0x4000
[1667] [M]: 0x00000000800019F8 (0x40000EB7) lui t4, 0x40000
x29 <- 0x0000000040000000

mem[X,0x00000000800019FC] -> 0x8E93
mem[X,0x00000000800019FE] -> 0xFFDE
[1668] [M]: 0x00000000800019FC (0xFFDE8E93) addi t4, t4, -0x3
x29 <- 0x000000003FFFFFFD

mem[X,0x0000000080001A00] -> 0x9E93
mem[X,0x0000000080001A02] -> 0x00BE
[1669] [M]: 0x0000000080001A00 (0x00BE9E93) slli t4, t4, 0xb
x29 <- 0x000001FFFFFFE800

mem[X,0x0000000080001A04] -> 0x8E93
mem[X,0x0000000080001A06] -> 0x010E
[1670] [M]: 0x0000000080001A04 (0x010E8E93) addi t4, t4, 0x10
x29 <- 0x000001FFFFFFE810

mem[X,0x0000000080001A08] -> 0x9E93
mem[X,0x0000000080001A0A] -> 0x00BE
[1671] [M]: 0x0000000080001A08 (0x00BE9E93) slli t4, t4, 0xb
x29 <- 0x000FFFFFFF408000

mem[X,0x0000000080001A0C] -> 0x8E93
mem[X,0x0000000080001A0E] -> 0x03FE
[1672] [M]: 0x0000000080001A0C (0x03FE8E93) addi t4, t4, 0x3f
x29 <- 0x000FFFFFFF40803F

mem[X,0x0000000080001A10] -> 0x9E93
mem[X,0x0000000080001A12] -> 0x00AE
[1673] [M]: 0x0000000080001A10 (0x00AE9E93) slli t4, t4, 0xa
x29 <- 0x3FFFFFFD0200FC00

mem[X,0x0000000080001A14] -> 0x8E93
mem[X,0x0000000080001A16] -> 0x2FFE
[1674] [M]: 0x0000000080001A14 (0x2FFE8E93) addi t4, t4, 0x2ff
x29 <- 0x3FFFFFFD0200FEFF

mem[X,0x0000000080001A18] -> 0x7FBB
mem[X,0x0000000080001A1A] -> 0xC9DF
[1675] [M]: 0x0000000080001A18 (0xC9DF7FBB) pmhaccsu.h t6, t5, t4
x31 <- 0x8E1F6F63DFEFF011

mem[X,0x0000000080001A1C] -> 0xB423
mem[X,0x0000000080001A1E] -> 0x1DF0
[1676] [M]: 0x0000000080001A1C (0x1DF0B423) sd t6, 0x1c8(ra)
mem[0x00000000800043D0] <- 0x8E1F6F63DFEFF011

mem[X,0x0000000080001A20] -> 0x0F37
mem[X,0x0000000080001A22] -> 0x4001
[1677] [M]: 0x0000000080001A20 (0x40010F37) lui t5, 0x40010
x30 <- 0x0000000040010000

mem[X,0x0000000080001A24] -> 0x0F13
mem[X,0x0000000080001A26] -> 0xFEFF
[1678] [M]: 0x0000000080001A24 (0xFEFF0F13) addi t5, t5, -0x11
x30 <- 0x000000004000FFEF

mem[X,0x0000000080001A28] -> 0x1F13
mem[X,0x0000000080001A2A] -> 0x00BF
[1679] [M]: 0x0000000080001A28 (0x00BF1F13) slli t5, t5, 0xb
x30 <- 0x0000020007FF7800

mem[X,0x0000000080001A2C] -> 0x0F13
mem[X,0x0000000080001A2E] -> 0x555F
[1680] [M]: 0x0000000080001A2C (0x555F0F13) addi t5, t5, 0x555
x30 <- 0x0000020007FF7D55

mem[X,0x0000000080001A30] -> 0x1F13
mem[X,0x0000000080001A32] -> 0x00BF
[1681] [M]: 0x0000000080001A30 (0x00BF1F13) slli t5, t5, 0xb
x30 <- 0x0010003FFBEAA800

mem[X,0x0000000080001A34] -> 0x0F13
mem[X,0x0000000080001A36] -> 0x280F
[1682] [M]: 0x0000000080001A34 (0x280F0F13) addi t5, t5, 0x280
x30 <- 0x0010003FFBEAAA80

mem[X,0x0000000080001A38] -> 0x1F13
mem[X,0x0000000080001A3A] -> 0x00AF
[1683] [M]: 0x0000000080001A38 (0x00AF1F13) slli t5, t5, 0xa
x30 <- 0x4000FFEFAAAA0000

mem[X,0x0000000080001A3C] -> 0x0F13
mem[X,0x0000000080001A3E] -> 0x020F
[1684] [M]: 0x0000000080001A3C (0x020F0F13) addi t5, t5, 0x20
x30 <- 0x4000FFEFAAAA0020

mem[X,0x0000000080001A40] -> 0x0EB7
mem[X,0x0000000080001A42] -> 0xFFF9
[1685] [M]: 0x0000000080001A40 (0xFFF90EB7) lui t4, -0x70
x29 <- 0xFFFFFFFFFFF90000

mem[X,0x0000000080001A44] -> 0x8E93
mem[X,0x0000000080001A46] -> 0x005E
[1686] [M]: 0x0000000080001A44 (0x005E8E93) addi t4, t4, 0x5
x29 <- 0xFFFFFFFFFFF90005

mem[X,0x0000000080001A48] -> 0x9E93
mem[X,0x0000000080001A4A] -> 0x00BE
[1687] [M]: 0x0000000080001A48 (0x00BE9E93) slli t4, t4, 0xb
x29 <- 0xFFFFFFFFC8002800

mem[X,0x0000000080001A4C] -> 0x8E93
mem[X,0x0000000080001A4E] -> 0x020E
[1688] [M]: 0x0000000080001A4C (0x020E8E93) addi t4, t4, 0x20
x29 <- 0xFFFFFFFFC8002820

mem[X,0x0000000080001A50] -> 0x9E93
mem[X,0x0000000080001A52] -> 0x00BE
[1689] [M]: 0x0000000080001A50 (0x00BE9E93) slli t4, t4, 0xb
x29 <- 0xFFFFFE4001410000

mem[X,0x0000000080001A54] -> 0x8E93
mem[X,0x0000000080001A56] -> 0x03DE
[1690] [M]: 0x0000000080001A54 (0x03DE8E93) addi t4, t4, 0x3d
x29 <- 0xFFFFFE400141003D

mem[X,0x0000000080001A58] -> 0x9E93
mem[X,0x0000000080001A5A] -> 0x00AE
[1691] [M]: 0x0000000080001A58 (0x00AE9E93) slli t4, t4, 0xa
x29 <- 0xFFF900050400F400

mem[X,0x0000000080001A5C] -> 0x8E93
mem[X,0x0000000080001A5E] -> 0x3FFE
[1692] [M]: 0x0000000080001A5C (0x3FFE8E93) addi t4, t4, 0x3ff
x29 <- 0xFFF900050400F7FF

mem[X,0x0000000080001A60] -> 0x7FBB
mem[X,0x0000000080001A62] -> 0xC9DF
[1693] [M]: 0x0000000080001A60 (0xC9DF7FBB) pmhaccsu.h t6, t5, t4
x31 <- 0xCE1D6F62DE99F02F

mem[X,0x0000000080001A64] -> 0xB823
mem[X,0x0000000080001A66] -> 0x1DF0
[1694] [M]: 0x0000000080001A64 (0x1DF0B823) sd t6, 0x1d0(ra)
mem[0x00000000800043D8] <- 0xCE1D6F62DE99F02F

mem[X,0x0000000080001A68] -> 0x0F37
mem[X,0x0000000080001A6A] -> 0xFFFF
[1695] [M]: 0x0000000080001A68 (0xFFFF0F37) lui t5, -0x10
x30 <- 0xFFFFFFFFFFFF0000

mem[X,0x0000000080001A6C] -> 0x0F13
mem[X,0x0000000080001A6E] -> 0x002F
[1696] [M]: 0x0000000080001A6C (0x002F0F13) addi t5, t5, 0x2
x30 <- 0xFFFFFFFFFFFF0002

mem[X,0x0000000080001A70] -> 0x1F13
mem[X,0x0000000080001A72] -> 0x00BF
[1697] [M]: 0x0000000080001A70 (0x00BF1F13) slli t5, t5, 0xb
x30 <- 0xFFFFFFFFF8001000

mem[X,0x0000000080001A74] -> 0x0F13
mem[X,0x0000000080001A76] -> 0x7FFF
[1698] [M]: 0x0000000080001A74 (0x7FFF0F13) addi t5, t5, 0x7ff
x30 <- 0xFFFFFFFFF80017FF

mem[X,0x0000000080001A78] -> 0x1F13
mem[X,0x0000000080001A7A] -> 0x00BF
[1699] [M]: 0x0000000080001A78 (0x00BF1F13) slli t5, t5, 0xb
x30 <- 0xFFFFFFC000BFF800

clint::tick mtime <- 0x0000000000000011
 clint timer pending at mtime 0x0000000000000011
htif::tick 0x0000000000000000
mem[X,0x0000000080001A7C] -> 0x0F13
mem[X,0x0000000080001A7E] -> 0x3DFF
[1700] [M]: 0x0000000080001A7C (0x3DFF0F13) addi t5, t5, 0x3df
x30 <- 0xFFFFFFC000BFFBDF

mem[X,0x0000000080001A80] -> 0x1F13
mem[X,0x0000000080001A82] -> 0x00AF
[1701] [M]: 0x0000000080001A80 (0x00AF1F13) slli t5, t5, 0xa
x30 <- 0xFFFF0002FFEF7C00

mem[X,0x0000000080001A84] -> 0x0F13
mem[X,0x0000000080001A86] -> 0x3FFF
[1702] [M]: 0x0000000080001A84 (0x3FFF0F13) addi t5, t5, 0x3ff
x30 <- 0xFFFF0002FFEF7FFF

mem[X,0x0000000080001A88] -> 0x0EB7
mem[X,0x0000000080001A8A] -> 0xFEFF
[1703] [M]: 0x0000000080001A88 (0xFEFF0EB7) lui t4, -0x1010
x29 <- 0xFFFFFFFFFEFF0000

mem[X,0x0000000080001A8C] -> 0x8E93
mem[X,0x0000000080001A8E] -> 0x010E
[1704] [M]: 0x0000000080001A8C (0x010E8E93) addi t4, t4, 0x10
x29 <- 0xFFFFFFFFFEFF0010

mem[X,0x0000000080001A90] -> 0x9E93
mem[X,0x0000000080001A92] -> 0x00BE
[1705] [M]: 0x0000000080001A90 (0x00BE9E93) slli t4, t4, 0xb
x29 <- 0xFFFFFFF7F8008000

mem[X,0x0000000080001A94] -> 0x8E93
mem[X,0x0000000080001A96] -> 0x002E
[1706] [M]: 0x0000000080001A94 (0x002E8E93) addi t4, t4, 0x2
x29 <- 0xFFFFFFF7F8008002

mem[X,0x0000000080001A98] -> 0x9E93
mem[X,0x0000000080001A9A] -> 0x00BE
[1707] [M]: 0x0000000080001A98 (0x00BE9E93) slli t4, t4, 0xb
x29 <- 0xFFFFBFC004001000

mem[X,0x0000000080001A9C] -> 0x8E93
mem[X,0x0000000080001A9E] -> 0x010E
[1708] [M]: 0x0000000080001A9C (0x010E8E93) addi t4, t4, 0x10
x29 <- 0xFFFFBFC004001010

mem[X,0x0000000080001AA0] -> 0x9E93
mem[X,0x0000000080001AA2] -> 0x00AE
[1709] [M]: 0x0000000080001AA0 (0x00AE9E93) slli t4, t4, 0xa
x29 <- 0xFEFF001000404000

mem[X,0x0000000080001AA4] -> 0x7FBB
mem[X,0x0000000080001AA6] -> 0xC9DF
[1710] [M]: 0x0000000080001AA4 (0xC9DF7FBB) pmhaccsu.h t6, t5, t4
x31 <- 0xCE1C6F62DE98102E

mem[X,0x0000000080001AA8] -> 0xBC23
mem[X,0x0000000080001AAA] -> 0x1DF0
[1711] [M]: 0x0000000080001AA8 (0x1DF0BC23) sd t6, 0x1d8(ra)
mem[0x00000000800043E0] <- 0xCE1C6F62DE98102E

mem[X,0x0000000080001AAC] -> 0xEF37
mem[X,0x0000000080001AAE] -> 0xFFFD
[1712] [M]: 0x0000000080001AAC (0xFFFDEF37) lui t5, -0x22
x30 <- 0xFFFFFFFFFFFDE000

mem[X,0x0000000080001AB0] -> 0x0F13
mem[X,0x0000000080001AB2] -> 0xFFFF
[1713] [M]: 0x0000000080001AB0 (0xFFFF0F13) addi t5, t5, -0x1
x30 <- 0xFFFFFFFFFFFDDFFF

mem[X,0x0000000080001AB4] -> 0x1F13
mem[X,0x0000000080001AB6] -> 0x00BF
[1714] [M]: 0x0000000080001AB4 (0x00BF1F13) slli t5, t5, 0xb
x30 <- 0xFFFFFFFFEEFFF800

mem[X,0x0000000080001AB8] -> 0x0F13
mem[X,0x0000000080001ABA] -> 0x3FFF
[1715] [M]: 0x0000000080001AB8 (0x3FFF0F13) addi t5, t5, 0x3ff
x30 <- 0xFFFFFFFFEEFFFBFF

mem[X,0x0000000080001ABC] -> 0x1F13
mem[X,0x0000000080001ABE] -> 0x00BF
[1716] [M]: 0x0000000080001ABC (0x00BF1F13) slli t5, t5, 0xb
x30 <- 0xFFFFFF77FFDFF800

mem[X,0x0000000080001AC0] -> 0x0F13
mem[X,0x0000000080001AC2] -> 0x7FDF
[1717] [M]: 0x0000000080001AC0 (0x7FDF0F13) addi t5, t5, 0x7fd
x30 <- 0xFFFFFF77FFDFFFFD

mem[X,0x0000000080001AC4] -> 0x1F13
mem[X,0x0000000080001AC6] -> 0x00AF
[1718] [M]: 0x0000000080001AC4 (0x00AF1F13) slli t5, t5, 0xa
x30 <- 0xFFFDDFFF7FFFF400

mem[X,0x0000000080001AC8] -> 0x0F13
mem[X,0x0000000080001ACA] -> 0x3FFF
[1719] [M]: 0x0000000080001AC8 (0x3FFF0F13) addi t5, t5, 0x3ff
x30 <- 0xFFFDDFFF7FFFF7FF

mem[X,0x0000000080001ACC] -> 0x0EB7
mem[X,0x0000000080001ACE] -> 0x0002
[1720] [M]: 0x0000000080001ACC (0x00020EB7) lui t4, 0x20
x29 <- 0x0000000000020000

mem[X,0x0000000080001AD0] -> 0x8E93
mem[X,0x0000000080001AD2] -> 0xFBFE
[1721] [M]: 0x0000000080001AD0 (0xFBFE8E93) addi t4, t4, -0x41
x29 <- 0x000000000001FFBF

mem[X,0x0000000080001AD4] -> 0x9E93
mem[X,0x0000000080001AD6] -> 0x00BE
[1722] [M]: 0x0000000080001AD4 (0x00BE9E93) slli t4, t4, 0xb
x29 <- 0x000000000FFDF800

mem[X,0x0000000080001AD8] -> 0x8E93
mem[X,0x0000000080001ADA] -> 0x77FE
[1723] [M]: 0x0000000080001AD8 (0x77FE8E93) addi t4, t4, 0x77f
x29 <- 0x000000000FFDFF7F

mem[X,0x0000000080001ADC] -> 0x9E93
mem[X,0x0000000080001ADE] -> 0x00BE
[1724] [M]: 0x0000000080001ADC (0x00BE9E93) slli t4, t4, 0xb
x29 <- 0x0000007FEFFBF800

mem[X,0x0000000080001AE0] -> 0x8E93
mem[X,0x0000000080001AE2] -> 0x7FBE
[1725] [M]: 0x0000000080001AE0 (0x7FBE8E93) addi t4, t4, 0x7fb
x29 <- 0x0000007FEFFBFFFB

mem[X,0x0000000080001AE4] -> 0x9E93
mem[X,0x0000000080001AE6] -> 0x00AE
[1726] [M]: 0x0000000080001AE4 (0x00AE9E93) slli t4, t4, 0xa
x29 <- 0x0001FFBFEFFFEC00

mem[X,0x0000000080001AE8] -> 0x8E93
mem[X,0x0000000080001AEA] -> 0x3FFE
[1727] [M]: 0x0000000080001AE8 (0x3FFE8E93) addi t4, t4, 0x3ff
x29 <- 0x0001FFBFEFFFEFFF

mem[X,0x0000000080001AEC] -> 0x7FBB
mem[X,0x0000000080001AEE] -> 0xC9DF
[1728] [M]: 0x0000000080001AEC (0xC9DF7FBB) pmhaccsu.h t6, t5, t4
x31 <- 0xCE1B4F69569608AD

mem[X,0x0000000080001AF0] -> 0xB023
mem[X,0x0000000080001AF2] -> 0x1FF0
[1729] [M]: 0x0000000080001AF0 (0x1FF0B023) sd t6, 0x1e0(ra)
mem[0x00000000800043E8] <- 0xCE1B4F69569608AD

mem[X,0x0000000080001AF4] -> 0x1F37
mem[X,0x0000000080001AF6] -> 0x0004
[1730] [M]: 0x0000000080001AF4 (0x00041F37) lui t5, 0x41
x30 <- 0x0000000000041000

mem[X,0x0000000080001AF8] -> 0x0F13
mem[X,0x0000000080001AFA] -> 0x000F
[1731] [M]: 0x0000000080001AF8 (0x000F0F13) addi t5, t5, 0x0
x30 <- 0x0000000000041000

mem[X,0x0000000080001AFC] -> 0x1F13
mem[X,0x0000000080001AFE] -> 0x00BF
[1732] [M]: 0x0000000080001AFC (0x00BF1F13) slli t5, t5, 0xb
x30 <- 0x0000000020800000

mem[X,0x0000000080001B00] -> 0x0F13
mem[X,0x0000000080001B02] -> 0x600F
[1733] [M]: 0x0000000080001B00 (0x600F0F13) addi t5, t5, 0x600
x30 <- 0x0000000020800600

mem[X,0x0000000080001B04] -> 0x1F13
mem[X,0x0000000080001B06] -> 0x00BF
[1734] [M]: 0x0000000080001B04 (0x00BF1F13) slli t5, t5, 0xb
x30 <- 0x0000010400300000

mem[X,0x0000000080001B08] -> 0x0F13
mem[X,0x0000000080001B0A] -> 0x008F
[1735] [M]: 0x0000000080001B08 (0x008F0F13) addi t5, t5, 0x8
x30 <- 0x0000010400300008

mem[X,0x0000000080001B0C] -> 0x1F13
mem[X,0x0000000080001B0E] -> 0x00AF
[1736] [M]: 0x0000000080001B0C (0x00AF1F13) slli t5, t5, 0xa
x30 <- 0x00041000C0002000

mem[X,0x0000000080001B10] -> 0x0EB7
mem[X,0x0000000080001B12] -> 0x0021
[1737] [M]: 0x0000000080001B10 (0x00210EB7) lui t4, 0x210
x29 <- 0x0000000000210000

mem[X,0x0000000080001B14] -> 0x8E93
mem[X,0x0000000080001B16] -> 0xFFEE
[1738] [M]: 0x0000000080001B14 (0xFFEE8E93) addi t4, t4, -0x2
x29 <- 0x000000000020FFFE

mem[X,0x0000000080001B18] -> 0x9E93
mem[X,0x0000000080001B1A] -> 0x00BE
[1739] [M]: 0x0000000080001B18 (0x00BE9E93) slli t4, t4, 0xb
x29 <- 0x0000000107FFF000

mem[X,0x0000000080001B1C] -> 0x8E93
mem[X,0x0000000080001B1E] -> 0x000E
[1740] [M]: 0x0000000080001B1C (0x000E8E93) addi t4, t4, 0x0
x29 <- 0x0000000107FFF000

mem[X,0x0000000080001B20] -> 0x9E93
mem[X,0x0000000080001B22] -> 0x00BE
[1741] [M]: 0x0000000080001B20 (0x00BE9E93) slli t4, t4, 0xb
x29 <- 0x0000083FFF800000

mem[X,0x0000000080001B24] -> 0x8E93
mem[X,0x0000000080001B26] -> 0x1FFE
[1742] [M]: 0x0000000080001B24 (0x1FFE8E93) addi t4, t4, 0x1ff
x29 <- 0x0000083FFF8001FF

mem[X,0x0000000080001B28] -> 0x9E93
mem[X,0x0000000080001B2A] -> 0x00AE
[1743] [M]: 0x0000000080001B28 (0x00AE9E93) slli t4, t4, 0xa
x29 <- 0x0020FFFE0007FC00

mem[X,0x0000000080001B2C] -> 0x8E93
mem[X,0x0000000080001B2E] -> 0x3F6E
[1744] [M]: 0x0000000080001B2C (0x3F6E8E93) addi t4, t4, 0x3f6
x29 <- 0x0020FFFE0007FFF6

mem[X,0x0000000080001B30] -> 0x7FBB
mem[X,0x0000000080001B32] -> 0xC9DF
[1745] [M]: 0x0000000080001B30 (0xC9DF7FBB) pmhaccsu.h t6, t5, t4
x31 <- 0xCE1B5F68569428AB

mem[X,0x0000000080001B34] -> 0xB423
mem[X,0x0000000080001B36] -> 0x1FF0
[1746] [M]: 0x0000000080001B34 (0x1FF0B423) sd t6, 0x1e8(ra)
mem[0x00000000800043F0] <- 0xCE1B5F68569428AB

mem[X,0x0000000080001B38] -> 0x8F37
mem[X,0x0000000080001B3A] -> 0x0008
[1747] [M]: 0x0000000080001B38 (0x00088F37) lui t5, 0x88
x30 <- 0x0000000000088000

mem[X,0x0000000080001B3C] -> 0x0F13
mem[X,0x0000000080001B3E] -> 0x000F
[1748] [M]: 0x0000000080001B3C (0x000F0F13) addi t5, t5, 0x0
x30 <- 0x0000000000088000

mem[X,0x0000000080001B40] -> 0x1F13
mem[X,0x0000000080001B42] -> 0x00BF
[1749] [M]: 0x0000000080001B40 (0x00BF1F13) slli t5, t5, 0xb
x30 <- 0x0000000044000000

mem[X,0x0000000080001B44] -> 0x0F13
mem[X,0x0000000080001B46] -> 0x7EFF
[1750] [M]: 0x0000000080001B44 (0x7EFF0F13) addi t5, t5, 0x7ef
x30 <- 0x00000000440007EF

mem[X,0x0000000080001B48] -> 0x1F13
mem[X,0x0000000080001B4A] -> 0x00BF
[1751] [M]: 0x0000000080001B48 (0x00BF1F13) slli t5, t5, 0xb
x30 <- 0x00000220003F7800

mem[X,0x0000000080001B4C] -> 0x0F13
mem[X,0x0000000080001B4E] -> 0x7C0F
[1752] [M]: 0x0000000080001B4C (0x7C0F0F13) addi t5, t5, 0x7c0
x30 <- 0x00000220003F7FC0

mem[X,0x0000000080001B50] -> 0x1F13
mem[X,0x0000000080001B52] -> 0x00AF
[1753] [M]: 0x0000000080001B50 (0x00AF1F13) slli t5, t5, 0xa
x30 <- 0x00088000FDFF0000

mem[X,0x0000000080001B54] -> 0x0F13
mem[X,0x0000000080001B56] -> 0x100F
[1754] [M]: 0x0000000080001B54 (0x100F0F13) addi t5, t5, 0x100
x30 <- 0x00088000FDFF0100

mem[X,0x0000000080001B58] -> 0xFEB7
mem[X,0x0000000080001B5A] -> 0x7FFF
[1755] [M]: 0x0000000080001B58 (0x7FFFFEB7) lui t4, 0x7ffff
x29 <- 0x000000007FFFF000

mem[X,0x0000000080001B5C] -> 0x8E93
mem[X,0x0000000080001B5E] -> 0xFFFE
[1756] [M]: 0x0000000080001B5C (0xFFFE8E93) addi t4, t4, -0x1
x29 <- 0x000000007FFFEFFF

mem[X,0x0000000080001B60] -> 0x9E93
mem[X,0x0000000080001B62] -> 0x00BE
[1757] [M]: 0x0000000080001B60 (0x00BE9E93) slli t4, t4, 0xb
x29 <- 0x000003FFFF7FF800

mem[X,0x0000000080001B64] -> 0x8E93
mem[X,0x0000000080001B66] -> 0x002E
[1758] [M]: 0x0000000080001B64 (0x002E8E93) addi t4, t4, 0x2
x29 <- 0x000003FFFF7FF802

mem[X,0x0000000080001B68] -> 0x9E93
mem[X,0x0000000080001B6A] -> 0x00BE
[1759] [M]: 0x0000000080001B68 (0x00BE9E93) slli t4, t4, 0xb
x29 <- 0x001FFFFBFFC01000

mem[X,0x0000000080001B6C] -> 0x8E93
mem[X,0x0000000080001B6E] -> 0x000E
[1760] [M]: 0x0000000080001B6C (0x000E8E93) addi t4, t4, 0x0
x29 <- 0x001FFFFBFFC01000

mem[X,0x0000000080001B70] -> 0x9E93
mem[X,0x0000000080001B72] -> 0x00AE
[1761] [M]: 0x0000000080001B70 (0x00AE9E93) slli t4, t4, 0xa
x29 <- 0x7FFFEFFF00400000

mem[X,0x0000000080001B74] -> 0x8E93
mem[X,0x0000000080001B76] -> 0x020E
[1762] [M]: 0x0000000080001B74 (0x020E8E93) addi t4, t4, 0x20
x29 <- 0x7FFFEFFF00400020

mem[X,0x0000000080001B78] -> 0x7FBB
mem[X,0x0000000080001B7A] -> 0xC9DF
[1763] [M]: 0x0000000080001B78 (0xC9DF7FBB) pmhaccsu.h t6, t5, t4
x31 <- 0xCE1EE768569328AB

mem[X,0x0000000080001B7C] -> 0xB823
mem[X,0x0000000080001B7E] -> 0x1FF0
[1764] [M]: 0x0000000080001B7C (0x1FF0B823) sd t6, 0x1f0(ra)
mem[0x00000000800043F8] <- 0xCE1EE768569328AB

mem[X,0x0000000080001B80] -> 0x0F37
mem[X,0x0000000080001B82] -> 0x1001
[1765] [M]: 0x0000000080001B80 (0x10010F37) lui t5, 0x10010
x30 <- 0x0000000010010000

mem[X,0x0000000080001B84] -> 0x0F13
mem[X,0x0000000080001B86] -> 0xFBFF
[1766] [M]: 0x0000000080001B84 (0xFBFF0F13) addi t5, t5, -0x41
x30 <- 0x000000001000FFBF

mem[X,0x0000000080001B88] -> 0x1F13
mem[X,0x0000000080001B8A] -> 0x00BF
[1767] [M]: 0x0000000080001B88 (0x00BF1F13) slli t5, t5, 0xb
x30 <- 0x0000008007FDF800

mem[X,0x0000000080001B8C] -> 0x0F13
mem[X,0x0000000080001B8E] -> 0x000F
[1768] [M]: 0x0000000080001B8C (0x000F0F13) addi t5, t5, 0x0
x30 <- 0x0000008007FDF800

mem[X,0x0000000080001B90] -> 0x1F13
mem[X,0x0000000080001B92] -> 0x00BF
[1769] [M]: 0x0000000080001B90 (0x00BF1F13) slli t5, t5, 0xb
x30 <- 0x0004003FEFC00000

mem[X,0x0000000080001B94] -> 0x0F13
mem[X,0x0000000080001B96] -> 0x140F
[1770] [M]: 0x0000000080001B94 (0x140F0F13) addi t5, t5, 0x140
x30 <- 0x0004003FEFC00140

mem[X,0x0000000080001B98] -> 0x1F13
mem[X,0x0000000080001B9A] -> 0x00AF
[1771] [M]: 0x0000000080001B98 (0x00AF1F13) slli t5, t5, 0xa
x30 <- 0x1000FFBF00050000

mem[X,0x0000000080001B9C] -> 0x0F13
mem[X,0x0000000080001B9E] -> 0x005F
[1772] [M]: 0x0000000080001B9C (0x005F0F13) addi t5, t5, 0x5
x30 <- 0x1000FFBF00050005

mem[X,0x0000000080001BA0] -> 0xFEB7
mem[X,0x0000000080001BA2] -> 0x0040
[1773] [M]: 0x0000000080001BA0 (0x0040FEB7) lui t4, 0x40f
x29 <- 0x000000000040F000

mem[X,0x0000000080001BA4] -> 0x8E93
mem[X,0x0000000080001BA6] -> 0x7FFE
[1774] [M]: 0x0000000080001BA4 (0x7FFE8E93) addi t4, t4, 0x7ff
x29 <- 0x000000000040F7FF

mem[X,0x0000000080001BA8] -> 0x9E93
mem[X,0x0000000080001BAA] -> 0x00BE
[1775] [M]: 0x0000000080001BA8 (0x00BE9E93) slli t4, t4, 0xb
x29 <- 0x0000000207BFF800

mem[X,0x0000000080001BAC] -> 0x8E93
mem[X,0x0000000080001BAE] -> 0x100E
[1776] [M]: 0x0000000080001BAC (0x100E8E93) addi t4, t4, 0x100
x29 <- 0x0000000207BFF900

mem[X,0x0000000080001BB0] -> 0x9E93
mem[X,0x0000000080001BB2] -> 0x00BE
[1777] [M]: 0x0000000080001BB0 (0x00BE9E93) slli t4, t4, 0xb
x29 <- 0x0000103DFFC80000

mem[X,0x0000000080001BB4] -> 0x8E93
mem[X,0x0000000080001BB6] -> 0x03FE
[1778] [M]: 0x0000000080001BB4 (0x03FE8E93) addi t4, t4, 0x3f
x29 <- 0x0000103DFFC8003F

mem[X,0x0000000080001BB8] -> 0x9E93
mem[X,0x0000000080001BBA] -> 0x00AE
[1779] [M]: 0x0000000080001BB8 (0x00AE9E93) slli t4, t4, 0xa
x29 <- 0x0040F7FF2000FC00

mem[X,0x0000000080001BBC] -> 0x8E93
mem[X,0x0000000080001BBE] -> 0x3F7E
[1780] [M]: 0x0000000080001BBC (0x3F7E8E93) addi t4, t4, 0x3f7
x29 <- 0x0040F7FF2000FFF7

mem[X,0x0000000080001BC0] -> 0x7FBB
mem[X,0x0000000080001BC2] -> 0xC9DF
[1781] [M]: 0x0000000080001BC0 (0xC9DF7FBB) pmhaccsu.h t6, t5, t4
x31 <- 0xCE22E729569328AF

mem[X,0x0000000080001BC4] -> 0xBC23
mem[X,0x0000000080001BC6] -> 0x1FF0
[1782] [M]: 0x0000000080001BC4 (0x1FF0BC23) sd t6, 0x1f8(ra)
mem[0x0000000080004400] <- 0xCE22E729569328AF

mem[X,0x0000000080001BC8] -> 0x5F37
mem[X,0x0000000080001BCA] -> 0x2000
[1783] [M]: 0x0000000080001BC8 (0x20005F37) lui t5, 0x20005
x30 <- 0x0000000020005000

mem[X,0x0000000080001BCC] -> 0x0F13
mem[X,0x0000000080001BCE] -> 0x555F
[1784] [M]: 0x0000000080001BCC (0x555F0F13) addi t5, t5, 0x555
x30 <- 0x0000000020005555

mem[X,0x0000000080001BD0] -> 0x1F13
mem[X,0x0000000080001BD2] -> 0x00BF
[1785] [M]: 0x0000000080001BD0 (0x00BF1F13) slli t5, t5, 0xb
x30 <- 0x0000010002AAA800

mem[X,0x0000000080001BD4] -> 0x0F13
mem[X,0x0000000080001BD6] -> 0x000F
[1786] [M]: 0x0000000080001BD4 (0x000F0F13) addi t5, t5, 0x0
x30 <- 0x0000010002AAA800

mem[X,0x0000000080001BD8] -> 0x1F13
mem[X,0x0000000080001BDA] -> 0x00BF
[1787] [M]: 0x0000000080001BD8 (0x00BF1F13) slli t5, t5, 0xb
x30 <- 0x0008001555400000

mem[X,0x0000000080001BDC] -> 0x0F13
mem[X,0x0000000080001BDE] -> 0x13FF
[1788] [M]: 0x0000000080001BDC (0x13FF0F13) addi t5, t5, 0x13f
x30 <- 0x000800155540013F

mem[X,0x0000000080001BE0] -> 0x1F13
mem[X,0x0000000080001BE2] -> 0x00AF
[1789] [M]: 0x0000000080001BE0 (0x00AF1F13) slli t5, t5, 0xa
x30 <- 0x200055550004FC00

mem[X,0x0000000080001BE4] -> 0x0F13
mem[X,0x0000000080001BE6] -> 0x3EFF
[1790] [M]: 0x0000000080001BE4 (0x3EFF0F13) addi t5, t5, 0x3ef
x30 <- 0x200055550004FFEF

mem[X,0x0000000080001BE8] -> 0x0EB7
mem[X,0x0000000080001BEA] -> 0xFFBF
[1791] [M]: 0x0000000080001BE8 (0xFFBF0EB7) lui t4, -0x410
x29 <- 0xFFFFFFFFFFBF0000

mem[X,0x0000000080001BEC] -> 0x8E93
mem[X,0x0000000080001BEE] -> 0x100E
[1792] [M]: 0x0000000080001BEC (0x100E8E93) addi t4, t4, 0x100
x29 <- 0xFFFFFFFFFFBF0100

mem[X,0x0000000080001BF0] -> 0x9E93
mem[X,0x0000000080001BF2] -> 0x00BE
[1793] [M]: 0x0000000080001BF0 (0x00BE9E93) slli t4, t4, 0xb
x29 <- 0xFFFFFFFDF8080000

mem[X,0x0000000080001BF4] -> 0x8E93
mem[X,0x0000000080001BF6] -> 0x000E
[1794] [M]: 0x0000000080001BF4 (0x000E8E93) addi t4, t4, 0x0
x29 <- 0xFFFFFFFDF8080000

mem[X,0x0000000080001BF8] -> 0x9E93
mem[X,0x0000000080001BFA] -> 0x00BE
[1795] [M]: 0x0000000080001BF8 (0x00BE9E93) slli t4, t4, 0xb
x29 <- 0xFFFFEFC040000000

mem[X,0x0000000080001BFC] -> 0x8E93
mem[X,0x0000000080001BFE] -> 0x180E
[1796] [M]: 0x0000000080001BFC (0x180E8E93) addi t4, t4, 0x180
x29 <- 0xFFFFEFC040000180

mem[X,0x0000000080001C00] -> 0x9E93
mem[X,0x0000000080001C02] -> 0x00AE
[1797] [M]: 0x0000000080001C00 (0x00AE9E93) slli t4, t4, 0xa
x29 <- 0xFFBF010000060000

mem[X,0x0000000080001C04] -> 0x8E93
mem[X,0x0000000080001C06] -> 0x020E
[1798] [M]: 0x0000000080001C04 (0x020E8E93) addi t4, t4, 0x20
x29 <- 0xFFBF010000060020

mem[X,0x0000000080001C08] -> 0x7FBB
mem[X,0x0000000080001C0A] -> 0xC9DF
[1799] [M]: 0x0000000080001C08 (0xC9DF7FBB) pmhaccsu.h t6, t5, t4
x31 <- 0xEE19E77E569328AE

clint::tick mtime <- 0x0000000000000012
 clint timer pending at mtime 0x0000000000000012
htif::tick 0x0000000000000000
mem[X,0x0000000080001C0C] -> 0xB023
mem[X,0x0000000080001C0E] -> 0x21F0
[1800] [M]: 0x0000000080001C0C (0x21F0B023) sd t6, 0x200(ra)
mem[0x0000000080004408] <- 0xEE19E77E569328AE

mem[X,0x0000000080001C10] -> 0xCF37
mem[X,0x0000000080001C12] -> 0xFFFD
[1801] [M]: 0x0000000080001C10 (0xFFFDCF37) lui t5, -0x24
x30 <- 0xFFFFFFFFFFFDC000

mem[X,0x0000000080001C14] -> 0x0F13
mem[X,0x0000000080001C16] -> 0x000F
[1802] [M]: 0x0000000080001C14 (0x000F0F13) addi t5, t5, 0x0
x30 <- 0xFFFFFFFFFFFDC000

mem[X,0x0000000080001C18] -> 0x1F13
mem[X,0x0000000080001C1A] -> 0x00BF
[1803] [M]: 0x0000000080001C18 (0x00BF1F13) slli t5, t5, 0xb
x30 <- 0xFFFFFFFFEE000000

mem[X,0x0000000080001C1C] -> 0x0F13
mem[X,0x0000000080001C1E] -> 0x7FFF
[1804] [M]: 0x0000000080001C1C (0x7FFF0F13) addi t5, t5, 0x7ff
x30 <- 0xFFFFFFFFEE0007FF

mem[X,0x0000000080001C20] -> 0x1F13
mem[X,0x0000000080001C22] -> 0x00BF
[1805] [M]: 0x0000000080001C20 (0x00BF1F13) slli t5, t5, 0xb
x30 <- 0xFFFFFF70003FF800

mem[X,0x0000000080001C24] -> 0x0F13
mem[X,0x0000000080001C26] -> 0x73FF
[1806] [M]: 0x0000000080001C24 (0x73FF0F13) addi t5, t5, 0x73f
x30 <- 0xFFFFFF70003FFF3F

mem[X,0x0000000080001C28] -> 0x1F13
mem[X,0x0000000080001C2A] -> 0x00AF
[1807] [M]: 0x0000000080001C28 (0x00AF1F13) slli t5, t5, 0xa
x30 <- 0xFFFDC000FFFCFC00

mem[X,0x0000000080001C2C] -> 0x0F13
mem[X,0x0000000080001C2E] -> 0x3FFF
[1808] [M]: 0x0000000080001C2C (0x3FFF0F13) addi t5, t5, 0x3ff
x30 <- 0xFFFDC000FFFCFFFF

mem[X,0x0000000080001C30] -> 0xCEB7
mem[X,0x0000000080001C32] -> 0xFEFF
[1809] [M]: 0x0000000080001C30 (0xFEFFCEB7) lui t4, -0x1004
x29 <- 0xFFFFFFFFFEFFC000

mem[X,0x0000000080001C34] -> 0x8E93
mem[X,0x0000000080001C36] -> 0x000E
[1810] [M]: 0x0000000080001C34 (0x000E8E93) addi t4, t4, 0x0
x29 <- 0xFFFFFFFFFEFFC000

mem[X,0x0000000080001C38] -> 0x9E93
mem[X,0x0000000080001C3A] -> 0x00BE
[1811] [M]: 0x0000000080001C38 (0x00BE9E93) slli t4, t4, 0xb
x29 <- 0xFFFFFFF7FE000000

mem[X,0x0000000080001C3C] -> 0x8E93
mem[X,0x0000000080001C3E] -> 0x6FFE
[1812] [M]: 0x0000000080001C3C (0x6FFE8E93) addi t4, t4, 0x6ff
x29 <- 0xFFFFFFF7FE0006FF

mem[X,0x0000000080001C40] -> 0x9E93
mem[X,0x0000000080001C42] -> 0x00BE
[1813] [M]: 0x0000000080001C40 (0x00BE9E93) slli t4, t4, 0xb
x29 <- 0xFFFFBFF00037F800

mem[X,0x0000000080001C44] -> 0x8E93
mem[X,0x0000000080001C46] -> 0x7FFE
[1814] [M]: 0x0000000080001C44 (0x7FFE8E93) addi t4, t4, 0x7ff
x29 <- 0xFFFFBFF00037FFFF

mem[X,0x0000000080001C48] -> 0x9E93
mem[X,0x0000000080001C4A] -> 0x00AE
[1815] [M]: 0x0000000080001C48 (0x00AE9E93) slli t4, t4, 0xa
x29 <- 0xFEFFC000DFFFFC00

mem[X,0x0000000080001C4C] -> 0x8E93
mem[X,0x0000000080001C4E] -> 0x3FCE
[1816] [M]: 0x0000000080001C4C (0x3FCE8E93) addi t4, t4, 0x3fc
x29 <- 0xFEFFC000DFFFFFFC

mem[X,0x0000000080001C50] -> 0x7FBB
mem[X,0x0000000080001C52] -> 0xC9DF
[1817] [M]: 0x0000000080001C50 (0xC9DF7FBB) pmhaccsu.h t6, t5, t4
x31 <- 0xEE16B77E568F28AD

mem[X,0x0000000080001C54] -> 0xB423
mem[X,0x0000000080001C56] -> 0x21F0
[1818] [M]: 0x0000000080001C54 (0x21F0B423) sd t6, 0x208(ra)
mem[0x0000000080004410] <- 0xEE16B77E568F28AD

mem[X,0x0000000080001C58] -> 0x0F37
mem[X,0x0000000080001C5A] -> 0xFFF6
[1819] [M]: 0x0000000080001C58 (0xFFF60F37) lui t5, -0xa0
x30 <- 0xFFFFFFFFFFF60000

mem[X,0x0000000080001C5C] -> 0x0F13
mem[X,0x0000000080001C5E] -> 0x004F
[1820] [M]: 0x0000000080001C5C (0x004F0F13) addi t5, t5, 0x4
x30 <- 0xFFFFFFFFFFF60004

mem[X,0x0000000080001C60] -> 0x1F13
mem[X,0x0000000080001C62] -> 0x00BF
[1821] [M]: 0x0000000080001C60 (0x00BF1F13) slli t5, t5, 0xb
x30 <- 0xFFFFFFFFB0002000

mem[X,0x0000000080001C64] -> 0x0F13
mem[X,0x0000000080001C66] -> 0x555F
[1822] [M]: 0x0000000080001C64 (0x555F0F13) addi t5, t5, 0x555
x30 <- 0xFFFFFFFFB0002555

mem[X,0x0000000080001C68] -> 0x1F13
mem[X,0x0000000080001C6A] -> 0x00BF
[1823] [M]: 0x0000000080001C68 (0x00BF1F13) slli t5, t5, 0xb
x30 <- 0xFFFFFD80012AA800

mem[X,0x0000000080001C6C] -> 0x0F13
mem[X,0x0000000080001C6E] -> 0x280F
[1824] [M]: 0x0000000080001C6C (0x280F0F13) addi t5, t5, 0x280
x30 <- 0xFFFFFD80012AAA80

mem[X,0x0000000080001C70] -> 0x1F13
mem[X,0x0000000080001C72] -> 0x00AF
[1825] [M]: 0x0000000080001C70 (0x00AF1F13) slli t5, t5, 0xa
x30 <- 0xFFF60004AAAA0000

mem[X,0x0000000080001C74] -> 0x2EB7
mem[X,0x0000000080001C76] -> 0x0008
[1826] [M]: 0x0000000080001C74 (0x00082EB7) lui t4, 0x82
x29 <- 0x0000000000082000

mem[X,0x0000000080001C78] -> 0x8E93
mem[X,0x0000000080001C7A] -> 0x000E
[1827] [M]: 0x0000000080001C78 (0x000E8E93) addi t4, t4, 0x0
x29 <- 0x0000000000082000

mem[X,0x0000000080001C7C] -> 0x9E93
mem[X,0x0000000080001C7E] -> 0x00BE
[1828] [M]: 0x0000000080001C7C (0x00BE9E93) slli t4, t4, 0xb
x29 <- 0x0000000041000000

mem[X,0x0000000080001C80] -> 0x8E93
mem[X,0x0000000080001C82] -> 0x080E
[1829] [M]: 0x0000000080001C80 (0x080E8E93) addi t4, t4, 0x80
x29 <- 0x0000000041000080

mem[X,0x0000000080001C84] -> 0x9E93
mem[X,0x0000000080001C86] -> 0x00BE
[1830] [M]: 0x0000000080001C84 (0x00BE9E93) slli t4, t4, 0xb
x29 <- 0x0000020800040000

mem[X,0x0000000080001C88] -> 0x8E93
mem[X,0x0000000080001C8A] -> 0x000E
[1831] [M]: 0x0000000080001C88 (0x000E8E93) addi t4, t4, 0x0
x29 <- 0x0000020800040000

mem[X,0x0000000080001C8C] -> 0x9E93
mem[X,0x0000000080001C8E] -> 0x00AE
[1832] [M]: 0x0000000080001C8C (0x00AE9E93) slli t4, t4, 0xa
x29 <- 0x0008200010000000

mem[X,0x0000000080001C90] -> 0x8E93
mem[X,0x0000000080001C92] -> 0x006E
[1833] [M]: 0x0000000080001C90 (0x006E8E93) addi t4, t4, 0x6
x29 <- 0x0008200010000006

mem[X,0x0000000080001C94] -> 0x7FBB
mem[X,0x0000000080001C96] -> 0xC9DF
[1834] [M]: 0x0000000080001C94 (0xC9DF7FBB) pmhaccsu.h t6, t5, t4
x31 <- 0xEE15B77E513928AD

mem[X,0x0000000080001C98] -> 0xB823
mem[X,0x0000000080001C9A] -> 0x21F0
[1835] [M]: 0x0000000080001C98 (0x21F0B823) sd t6, 0x210(ra)
mem[0x0000000080004418] <- 0xEE15B77E513928AD

mem[X,0x0000000080001C9C] -> 0xEF37
mem[X,0x0000000080001C9E] -> 0x0001
[1836] [M]: 0x0000000080001C9C (0x0001EF37) lui t5, 0x1e
x30 <- 0x000000000001E000

mem[X,0x0000000080001CA0] -> 0x0F13
mem[X,0x0000000080001CA2] -> 0xFFFF
[1837] [M]: 0x0000000080001CA0 (0xFFFF0F13) addi t5, t5, -0x1
x30 <- 0x000000000001DFFF

mem[X,0x0000000080001CA4] -> 0x1F13
mem[X,0x0000000080001CA6] -> 0x00BF
[1838] [M]: 0x0000000080001CA4 (0x00BF1F13) slli t5, t5, 0xb
x30 <- 0x000000000EFFF800

mem[X,0x0000000080001CA8] -> 0x0F13
mem[X,0x0000000080001CAA] -> 0x7FFF
[1839] [M]: 0x0000000080001CA8 (0x7FFF0F13) addi t5, t5, 0x7ff
x30 <- 0x000000000EFFFFFF

mem[X,0x0000000080001CAC] -> 0x1F13
mem[X,0x0000000080001CAE] -> 0x00BF
[1840] [M]: 0x0000000080001CAC (0x00BF1F13) slli t5, t5, 0xb
x30 <- 0x00000077FFFFF800

mem[X,0x0000000080001CB0] -> 0x0F13
mem[X,0x0000000080001CB2] -> 0x780F
[1841] [M]: 0x0000000080001CB0 (0x780F0F13) addi t5, t5, 0x780
x30 <- 0x00000077FFFFFF80

mem[X,0x0000000080001CB4] -> 0x1F13
mem[X,0x0000000080001CB6] -> 0x00AF
[1842] [M]: 0x0000000080001CB4 (0x00AF1F13) slli t5, t5, 0xa
x30 <- 0x0001DFFFFFFE0000

mem[X,0x0000000080001CB8] -> 0x0F13
mem[X,0x0000000080001CBA] -> 0x004F
[1843] [M]: 0x0000000080001CB8 (0x004F0F13) addi t5, t5, 0x4
x30 <- 0x0001DFFFFFFE0004

mem[X,0x0000000080001CBC] -> 0x0EB7
mem[X,0x0000000080001CBE] -> 0x0021
[1844] [M]: 0x0000000080001CBC (0x00210EB7) lui t4, 0x210
x29 <- 0x0000000000210000

mem[X,0x0000000080001CC0] -> 0x8E93
mem[X,0x0000000080001CC2] -> 0xFF6E
[1845] [M]: 0x0000000080001CC0 (0xFF6E8E93) addi t4, t4, -0xa
x29 <- 0x000000000020FFF6

mem[X,0x0000000080001CC4] -> 0x9E93
mem[X,0x0000000080001CC6] -> 0x00BE
[1846] [M]: 0x0000000080001CC4 (0x00BE9E93) slli t4, t4, 0xb
x29 <- 0x0000000107FFB000

mem[X,0x0000000080001CC8] -> 0x8E93
mem[X,0x0000000080001CCA] -> 0x7F7E
[1847] [M]: 0x0000000080001CC8 (0x7F7E8E93) addi t4, t4, 0x7f7
x29 <- 0x0000000107FFB7F7

mem[X,0x0000000080001CCC] -> 0x9E93
mem[X,0x0000000080001CCE] -> 0x00BE
[1848] [M]: 0x0000000080001CCC (0x00BE9E93) slli t4, t4, 0xb
x29 <- 0x0000083FFDBFB800

mem[X,0x0000000080001CD0] -> 0x8E93
mem[X,0x0000000080001CD2] -> 0x7FFE
[1849] [M]: 0x0000000080001CD0 (0x7FFE8E93) addi t4, t4, 0x7ff
x29 <- 0x0000083FFDBFBFFF

mem[X,0x0000000080001CD4] -> 0x9E93
mem[X,0x0000000080001CD6] -> 0x00AE
[1850] [M]: 0x0000000080001CD4 (0x00AE9E93) slli t4, t4, 0xa
x29 <- 0x0020FFF6FEFFFC00

mem[X,0x0000000080001CD8] -> 0x8E93
mem[X,0x0000000080001CDA] -> 0x37FE
[1851] [M]: 0x0000000080001CD8 (0x37FE8E93) addi t4, t4, 0x37f
x29 <- 0x0020FFF6FEFFFF7F

mem[X,0x0000000080001CDC] -> 0x7FBB
mem[X,0x0000000080001CDE] -> 0xC9DF
[1852] [M]: 0x0000000080001CDC (0xC9DF7FBB) pmhaccsu.h t6, t5, t4
x31 <- 0xEE15977E513728B0

mem[X,0x0000000080001CE0] -> 0xBC23
mem[X,0x0000000080001CE2] -> 0x21F0
[1853] [M]: 0x0000000080001CE0 (0x21F0BC23) sd t6, 0x218(ra)
mem[0x0000000080004420] <- 0xEE15977E513728B0

mem[X,0x0000000080001CE4] -> 0x4F37
mem[X,0x0000000080001CE6] -> 0x0003
[1854] [M]: 0x0000000080001CE4 (0x00034F37) lui t5, 0x34
x30 <- 0x0000000000034000

mem[X,0x0000000080001CE8] -> 0x0F13
mem[X,0x0000000080001CEA] -> 0xFFFF
[1855] [M]: 0x0000000080001CE8 (0xFFFF0F13) addi t5, t5, -0x1
x30 <- 0x0000000000033FFF

mem[X,0x0000000080001CEC] -> 0x1F13
mem[X,0x0000000080001CEE] -> 0x00BF
[1856] [M]: 0x0000000080001CEC (0x00BF1F13) slli t5, t5, 0xb
x30 <- 0x0000000019FFF800

mem[X,0x0000000080001CF0] -> 0x0F13
mem[X,0x0000000080001CF2] -> 0x5FFF
[1857] [M]: 0x0000000080001CF0 (0x5FFF0F13) addi t5, t5, 0x5ff
x30 <- 0x0000000019FFFDFF

mem[X,0x0000000080001CF4] -> 0x1F13
mem[X,0x0000000080001CF6] -> 0x00BF
[1858] [M]: 0x0000000080001CF4 (0x00BF1F13) slli t5, t5, 0xb
x30 <- 0x000000CFFFEFF800

mem[X,0x0000000080001CF8] -> 0x0F13
mem[X,0x0000000080001CFA] -> 0x7D0F
[1859] [M]: 0x0000000080001CF8 (0x7D0F0F13) addi t5, t5, 0x7d0
x30 <- 0x000000CFFFEFFFD0

mem[X,0x0000000080001CFC] -> 0x1F13
mem[X,0x0000000080001CFE] -> 0x00AF
[1860] [M]: 0x0000000080001CFC (0x00AF1F13) slli t5, t5, 0xa
x30 <- 0x00033FFFBFFF4000

mem[X,0x0000000080001D00] -> 0x0EB7
mem[X,0x0000000080001D02] -> 0xFC00
[1861] [M]: 0x0000000080001D00 (0xFC000EB7) lui t4, -0x4000
x29 <- 0xFFFFFFFFFC000000

mem[X,0x0000000080001D04] -> 0x8E93
mem[X,0x0000000080001D06] -> 0xBFFE
[1862] [M]: 0x0000000080001D04 (0xBFFE8E93) addi t4, t4, -0x401
x29 <- 0xFFFFFFFFFBFFFBFF

mem[X,0x0000000080001D08] -> 0x9E93
mem[X,0x0000000080001D0A] -> 0x00BE
[1863] [M]: 0x0000000080001D08 (0x00BE9E93) slli t4, t4, 0xb
x29 <- 0xFFFFFFDFFFDFF800

mem[X,0x0000000080001D0C] -> 0x8E93
mem[X,0x0000000080001D0E] -> 0x3FFE
[1864] [M]: 0x0000000080001D0C (0x3FFE8E93) addi t4, t4, 0x3ff
x29 <- 0xFFFFFFDFFFDFFBFF

mem[X,0x0000000080001D10] -> 0x9E93
mem[X,0x0000000080001D12] -> 0x00BE
[1865] [M]: 0x0000000080001D10 (0x00BE9E93) slli t4, t4, 0xb
x29 <- 0xFFFEFFFEFFDFF800

mem[X,0x0000000080001D14] -> 0x8E93
mem[X,0x0000000080001D16] -> 0x7D5E
[1866] [M]: 0x0000000080001D14 (0x7D5E8E93) addi t4, t4, 0x7d5
x29 <- 0xFFFEFFFEFFDFFFD5

mem[X,0x0000000080001D18] -> 0x9E93
mem[X,0x0000000080001D1A] -> 0x00AE
[1867] [M]: 0x0000000080001D18 (0x00AE9E93) slli t4, t4, 0xa
x29 <- 0xFBFFFBFF7FFF5400

mem[X,0x0000000080001D1C] -> 0x8E93
mem[X,0x0000000080001D1E] -> 0x155E
[1868] [M]: 0x0000000080001D1C (0x155E8E93) addi t4, t4, 0x155
x29 <- 0xFBFFFBFF7FFF5555

mem[X,0x0000000080001D20] -> 0x7FBB
mem[X,0x0000000080001D22] -> 0xC9DF
[1869] [M]: 0x0000000080001D20 (0xC9DF7FBB) pmhaccsu.h t6, t5, t4
x31 <- 0xEE17D67C31363E05

mem[X,0x0000000080001D24] -> 0xB023
mem[X,0x0000000080001D26] -> 0x23F0
[1870] [M]: 0x0000000080001D24 (0x23F0B023) sd t6, 0x220(ra)
mem[0x0000000080004428] <- 0xEE17D67C31363E05

mem[X,0x0000000080001D28] -> 0x1F37
mem[X,0x0000000080001D2A] -> 0x0000
[1871] [M]: 0x0000000080001D28 (0x00001F37) lui t5, 0x1
x30 <- 0x0000000000001000

mem[X,0x0000000080001D2C] -> 0x0F13
mem[X,0x0000000080001D2E] -> 0x000F
[1872] [M]: 0x0000000080001D2C (0x000F0F13) addi t5, t5, 0x0
x30 <- 0x0000000000001000

mem[X,0x0000000080001D30] -> 0x1F13
mem[X,0x0000000080001D32] -> 0x00BF
[1873] [M]: 0x0000000080001D30 (0x00BF1F13) slli t5, t5, 0xb
x30 <- 0x0000000000800000

mem[X,0x0000000080001D34] -> 0x0F13
mem[X,0x0000000080001D36] -> 0x002F
[1874] [M]: 0x0000000080001D34 (0x002F0F13) addi t5, t5, 0x2
x30 <- 0x0000000000800002

mem[X,0x0000000080001D38] -> 0x1F13
mem[X,0x0000000080001D3A] -> 0x00BF
[1875] [M]: 0x0000000080001D38 (0x00BF1F13) slli t5, t5, 0xb
x30 <- 0x0000000400001000

mem[X,0x0000000080001D3C] -> 0x0F13
mem[X,0x0000000080001D3E] -> 0x03FF
[1876] [M]: 0x0000000080001D3C (0x03FF0F13) addi t5, t5, 0x3f
x30 <- 0x000000040000103F

mem[X,0x0000000080001D40] -> 0x1F13
mem[X,0x0000000080001D42] -> 0x00AF
[1877] [M]: 0x0000000080001D40 (0x00AF1F13) slli t5, t5, 0xa
x30 <- 0x000010000040FC00

mem[X,0x0000000080001D44] -> 0x0F13
mem[X,0x0000000080001D46] -> 0x37FF
[1878] [M]: 0x0000000080001D44 (0x37FF0F13) addi t5, t5, 0x37f
x30 <- 0x000010000040FF7F

mem[X,0x0000000080001D48] -> 0x4EB7
mem[X,0x0000000080001D4A] -> 0xFDFF
[1879] [M]: 0x0000000080001D48 (0xFDFF4EB7) lui t4, -0x200c
x29 <- 0xFFFFFFFFFDFF4000

mem[X,0x0000000080001D4C] -> 0x8E93
mem[X,0x0000000080001D4E] -> 0x000E
[1880] [M]: 0x0000000080001D4C (0x000E8E93) addi t4, t4, 0x0
x29 <- 0xFFFFFFFFFDFF4000

mem[X,0x0000000080001D50] -> 0x9E93
mem[X,0x0000000080001D52] -> 0x00BE
[1881] [M]: 0x0000000080001D50 (0x00BE9E93) slli t4, t4, 0xb
x29 <- 0xFFFFFFEFFA000000

mem[X,0x0000000080001D54] -> 0x8E93
mem[X,0x0000000080001D56] -> 0x7FFE
[1882] [M]: 0x0000000080001D54 (0x7FFE8E93) addi t4, t4, 0x7ff
x29 <- 0xFFFFFFEFFA0007FF

mem[X,0x0000000080001D58] -> 0x9E93
mem[X,0x0000000080001D5A] -> 0x00BE
[1883] [M]: 0x0000000080001D58 (0x00BE9E93) slli t4, t4, 0xb
x29 <- 0xFFFF7FD0003FF800

mem[X,0x0000000080001D5C] -> 0x8E93
mem[X,0x0000000080001D5E] -> 0x5C0E
[1884] [M]: 0x0000000080001D5C (0x5C0E8E93) addi t4, t4, 0x5c0
x29 <- 0xFFFF7FD0003FFDC0

mem[X,0x0000000080001D60] -> 0x9E93
mem[X,0x0000000080001D62] -> 0x00AE
[1885] [M]: 0x0000000080001D60 (0x00AE9E93) slli t4, t4, 0xa
x29 <- 0xFDFF4000FFF70000

mem[X,0x0000000080001D64] -> 0x8E93
mem[X,0x0000000080001D66] -> 0x002E
[1886] [M]: 0x0000000080001D64 (0x002E8E93) addi t4, t4, 0x2
x29 <- 0xFDFF4000FFF70002

mem[X,0x0000000080001D68] -> 0x7FBB
mem[X,0x0000000080001D6A] -> 0xC9DF
[1887] [M]: 0x0000000080001D68 (0xC9DF7FBB) pmhaccsu.h t6, t5, t4
x31 <- 0xEE17DA7C31753E04

mem[X,0x0000000080001D6C] -> 0xB423
mem[X,0x0000000080001D6E] -> 0x23F0
[1888] [M]: 0x0000000080001D6C (0x23F0B423) sd t6, 0x228(ra)
mem[0x0000000080004430] <- 0xEE17DA7C31753E04

mem[X,0x0000000080001D70] -> 0x006F
mem[X,0x0000000080001D72] -> 0x0380
[1889] [M]: 0x0000000080001D70 (0x0380006F) jal zero, 0x38

mem[X,0x0000000080001DA8] -> 0x0093
mem[X,0x0000000080001DAA] -> 0x0010
[1890] [M]: 0x0000000080001DA8 (0x00100093) addi ra, zero, 0x1
x1 <- 0x0000000000000001

mem[X,0x0000000080001DAC] -> 0x0F17
mem[X,0x0000000080001DAE] -> 0x0000
[1891] [M]: 0x0000000080001DAC (0x00000F17) auipc t5, 0x0
x30 <- 0x0000000080001DAC

mem[X,0x0000000080001DB0] -> 0x2A23
mem[X,0x0000000080001DB2] -> 0x241F
[1892] [M]: 0x0000000080001DB0 (0x241F2A23) sw ra, 0x254(t5)
htif[0x0000000080002000] <- 0x00000001

mem[X,0x0000000080001DB4] -> 0xF06F
mem[X,0x0000000080001DB6] -> 0xFF9F
[1893] [M]: 0x0000000080001DB4 (0xFF9FF06F) jal zero, -0x8

mem[X,0x0000000080001DAC] -> 0x0F17
mem[X,0x0000000080001DAE] -> 0x0000
[1894] [M]: 0x0000000080001DAC (0x00000F17) auipc t5, 0x0
x30 <- 0x0000000080001DAC

mem[X,0x0000000080001DB0] -> 0x2A23
mem[X,0x0000000080001DB2] -> 0x241F
[1895] [M]: 0x0000000080001DB0 (0x241F2A23) sw ra, 0x254(t5)
htif[0x0000000080002000] <- 0x00000001

mem[X,0x0000000080001DB4] -> 0xF06F
mem[X,0x0000000080001DB6] -> 0xFF9F
[1896] [M]: 0x0000000080001DB4 (0xFF9FF06F) jal zero, -0x8

mem[X,0x0000000080001DAC] -> 0x0F17
mem[X,0x0000000080001DAE] -> 0x0000
[1897] [M]: 0x0000000080001DAC (0x00000F17) auipc t5, 0x0
x30 <- 0x0000000080001DAC

mem[X,0x0000000080001DB0] -> 0x2A23
mem[X,0x0000000080001DB2] -> 0x241F
[1898] [M]: 0x0000000080001DB0 (0x241F2A23) sw ra, 0x254(t5)
htif[0x0000000080002000] <- 0x00000001
htif-syscall-proxy cmd: 0x000000000001

SUCCESS
