using /home/chsu/rvp-workspace/test-64/riscof_work/sha-01.S/ref/Reference-sail_c_simulator.signature for test-signature output.
tohost located at 0x80003000
Running file ref.elf.
ELF Entry @ 0x80000000
begin_signature: 0x80005110
end_signature: 0x80005550
CSR mstatus <- 0x0000000A00000000 (input: 0x0000000000000000)
mem[X,0x0000000000001000] -> 0x0297
mem[X,0x0000000000001002] -> 0x0000
[0] [M]: 0x0000000000001000 (0x00000297) auipc t0, 0x0
x5 <- 0x0000000000001000

mem[X,0x0000000000001004] -> 0x8593
mem[X,0x0000000000001006] -> 0x0202
[1] [M]: 0x0000000000001004 (0x02028593) addi a1, t0, 0x20
x11 <- 0x0000000000001020

mem[X,0x0000000000001008] -> 0x2573
mem[X,0x000000000000100A] -> 0xF140
[2] [M]: 0x0000000000001008 (0xF1402573) csrrs a0, mhartid, zero
CSR mhartid -> 0x0000000000000000
x10 <- 0x0000000000000000

mem[X,0x000000000000100C] -> 0xB283
mem[X,0x000000000000100E] -> 0x0182
[3] [M]: 0x000000000000100C (0x0182B283) ld t0, 0x18(t0)
mem[R,0x0000000000001018] -> 0x0000000080000000
x5 <- 0x0000000080000000

mem[X,0x0000000000001010] -> 0x8067
mem[X,0x0000000000001012] -> 0x0002
[4] [M]: 0x0000000000001010 (0x00028067) jalr zero, 0x0(t0)

mem[X,0x0000000080000000] -> 0x0837
mem[X,0x0000000080000002] -> 0x7D5C
[5] [M]: 0x0000000080000000 (0x7D5C0837) lui a6, 0x7d5c0
x16 <- 0x000000007D5C0000

mem[X,0x0000000080000004] -> 0x0813
mem[X,0x0000000080000006] -> 0xDDB8
[6] [M]: 0x0000000080000004 (0xDDB80813) addi a6, a6, -0x225
x16 <- 0x000000007D5BFDDB

mem[X,0x0000000080000008] -> 0x1813
mem[X,0x000000008000000A] -> 0x00B8
[7] [M]: 0x0000000080000008 (0x00B81813) slli a6, a6, 0xb
x16 <- 0x000003EADFEED800

mem[X,0x000000008000000C] -> 0x0813
mem[X,0x000000008000000E] -> 0x3EA8
[8] [M]: 0x000000008000000C (0x3EA80813) addi a6, a6, 0x3ea
x16 <- 0x000003EADFEEDBEA

mem[X,0x0000000080000010] -> 0x1813
mem[X,0x0000000080000012] -> 0x00B8
[9] [M]: 0x0000000080000010 (0x00B81813) slli a6, a6, 0xb
x16 <- 0x001F56FF76DF5000

mem[X,0x0000000080000014] -> 0x0813
mem[X,0x0000000080000016] -> 0x6FF8
[10] [M]: 0x0000000080000014 (0x6FF80813) addi a6, a6, 0x6ff
x16 <- 0x001F56FF76DF56FF

mem[X,0x0000000080000018] -> 0x1813
mem[X,0x000000008000001A] -> 0x00A8
[11] [M]: 0x0000000080000018 (0x00A81813) slli a6, a6, 0xa
x16 <- 0x7D5BFDDB7D5BFC00

mem[X,0x000000008000001C] -> 0x0813
mem[X,0x000000008000001E] -> 0x1DB8
[12] [M]: 0x000000008000001C (0x1DB80813) addi a6, a6, 0x1db
x16 <- 0x7D5BFDDB7D5BFDDB

mem[X,0x0000000080000020] -> 0x5893
mem[X,0x0000000080000022] -> 0x0078
[13] [M]: 0x0000000080000020 (0x00785893) srli a7, a6, 0x7
x17 <- 0x00FAB7FBB6FAB7FB

mem[X,0x0000000080000024] -> 0x5793
mem[X,0x0000000080000026] -> 0x0398
[14] [M]: 0x0000000080000024 (0x03985793) srli a5, a6, 0x39
x15 <- 0x000000000000003E

mem[X,0x0000000080000028] -> 0xE8B3
mem[X,0x000000008000002A] -> 0x00F8
[15] [M]: 0x0000000080000028 (0x00F8E8B3) or a7, a7, a5
x17 <- 0x00FAB7FBB6FAB7FF

mem[X,0x000000008000002C] -> 0xD913
mem[X,0x000000008000002E] -> 0x0078
[16] [M]: 0x000000008000002C (0x0078D913) srli s2, a7, 0x7
x18 <- 0x0001F56FF76DF56F

mem[X,0x0000000080000030] -> 0xD793
mem[X,0x0000000080000032] -> 0x0398
[17] [M]: 0x0000000080000030 (0x0398D793) srli a5, a7, 0x39
x15 <- 0x0000000000000000

mem[X,0x0000000080000034] -> 0x6933
mem[X,0x0000000080000036] -> 0x00F9
[18] [M]: 0x0000000080000034 (0x00F96933) or s2, s2, a5
x18 <- 0x0001F56FF76DF56F

mem[X,0x0000000080000038] -> 0x5993
mem[X,0x000000008000003A] -> 0x0079
[19] [M]: 0x0000000080000038 (0x00795993) srli s3, s2, 0x7
x19 <- 0x000003EADFEEDBEA

mem[X,0x000000008000003C] -> 0x5793
mem[X,0x000000008000003E] -> 0x0399
[20] [M]: 0x000000008000003C (0x03995793) srli a5, s2, 0x39
x15 <- 0x0000000000000000

mem[X,0x0000000080000040] -> 0xE9B3
mem[X,0x0000000080000042] -> 0x00F9
[21] [M]: 0x0000000080000040 (0x00F9E9B3) or s3, s3, a5
x19 <- 0x000003EADFEEDBEA

mem[X,0x0000000080000044] -> 0xDA13
mem[X,0x0000000080000046] -> 0x0079
[22] [M]: 0x0000000080000044 (0x0079DA13) srli s4, s3, 0x7
x20 <- 0x00000007D5BFDDB7

mem[X,0x0000000080000048] -> 0xD793
mem[X,0x000000008000004A] -> 0x0399
[23] [M]: 0x0000000080000048 (0x0399D793) srli a5, s3, 0x39
x15 <- 0x0000000000000000

mem[X,0x000000008000004C] -> 0x6A33
mem[X,0x000000008000004E] -> 0x00FA
[24] [M]: 0x000000008000004C (0x00FA6A33) or s4, s4, a5
x20 <- 0x00000007D5BFDDB7

mem[X,0x0000000080000050] -> 0x5A93
mem[X,0x0000000080000052] -> 0x007A
[25] [M]: 0x0000000080000050 (0x007A5A93) srli s5, s4, 0x7
x21 <- 0x000000000FAB7FBB

mem[X,0x0000000080000054] -> 0x5793
mem[X,0x0000000080000056] -> 0x039A
[26] [M]: 0x0000000080000054 (0x039A5793) srli a5, s4, 0x39
x15 <- 0x0000000000000000

mem[X,0x0000000080000058] -> 0xEAB3
mem[X,0x000000008000005A] -> 0x00FA
[27] [M]: 0x0000000080000058 (0x00FAEAB3) or s5, s5, a5
x21 <- 0x000000000FAB7FBB

mem[X,0x000000008000005C] -> 0xDB13
mem[X,0x000000008000005E] -> 0x007A
[28] [M]: 0x000000008000005C (0x007ADB13) srli s6, s5, 0x7
x22 <- 0x00000000001F56FF

mem[X,0x0000000080000060] -> 0xD793
mem[X,0x0000000080000062] -> 0x039A
[29] [M]: 0x0000000080000060 (0x039AD793) srli a5, s5, 0x39
x15 <- 0x0000000000000000

mem[X,0x0000000080000064] -> 0x6B33
mem[X,0x0000000080000066] -> 0x00FB
[30] [M]: 0x0000000080000064 (0x00FB6B33) or s6, s6, a5
x22 <- 0x00000000001F56FF

mem[X,0x0000000080000068] -> 0x5B93
mem[X,0x000000008000006A] -> 0x007B
[31] [M]: 0x0000000080000068 (0x007B5B93) srli s7, s6, 0x7
x23 <- 0x0000000000003EAD

mem[X,0x000000008000006C] -> 0x5793
mem[X,0x000000008000006E] -> 0x039B
[32] [M]: 0x000000008000006C (0x039B5793) srli a5, s6, 0x39
x15 <- 0x0000000000000000

mem[X,0x0000000080000070] -> 0xEBB3
mem[X,0x0000000080000072] -> 0x00FB
[33] [M]: 0x0000000080000070 (0x00FBEBB3) or s7, s7, a5
x23 <- 0x0000000000003EAD

mem[X,0x0000000080000074] -> 0xDC13
mem[X,0x0000000080000076] -> 0x007B
[34] [M]: 0x0000000080000074 (0x007BDC13) srli s8, s7, 0x7
x24 <- 0x000000000000007D

mem[X,0x0000000080000078] -> 0xD793
mem[X,0x000000008000007A] -> 0x039B
[35] [M]: 0x0000000080000078 (0x039BD793) srli a5, s7, 0x39
x15 <- 0x0000000000000000

mem[X,0x000000008000007C] -> 0x6C33
mem[X,0x000000008000007E] -> 0x00FC
[36] [M]: 0x000000008000007C (0x00FC6C33) or s8, s8, a5
x24 <- 0x000000000000007D

mem[X,0x0000000080000080] -> 0x5C93
mem[X,0x0000000080000082] -> 0x007C
[37] [M]: 0x0000000080000080 (0x007C5C93) srli s9, s8, 0x7
x25 <- 0x0000000000000000

mem[X,0x0000000080000084] -> 0x5793
mem[X,0x0000000080000086] -> 0x039C
[38] [M]: 0x0000000080000084 (0x039C5793) srli a5, s8, 0x39
x15 <- 0x0000000000000000

mem[X,0x0000000080000088] -> 0xECB3
mem[X,0x000000008000008A] -> 0x00FC
[39] [M]: 0x0000000080000088 (0x00FCECB3) or s9, s9, a5
x25 <- 0x0000000000000000

mem[X,0x000000008000008C] -> 0xDD13
mem[X,0x000000008000008E] -> 0x007C
[40] [M]: 0x000000008000008C (0x007CDD13) srli s10, s9, 0x7
x26 <- 0x0000000000000000

mem[X,0x0000000080000090] -> 0xD793
mem[X,0x0000000080000092] -> 0x039C
[41] [M]: 0x0000000080000090 (0x039CD793) srli a5, s9, 0x39
x15 <- 0x0000000000000000

mem[X,0x0000000080000094] -> 0x6D33
mem[X,0x0000000080000096] -> 0x00FD
[42] [M]: 0x0000000080000094 (0x00FD6D33) or s10, s10, a5
x26 <- 0x0000000000000000

mem[X,0x0000000080000098] -> 0x5D93
mem[X,0x000000008000009A] -> 0x007D
[43] [M]: 0x0000000080000098 (0x007D5D93) srli s11, s10, 0x7
x27 <- 0x0000000000000000

mem[X,0x000000008000009C] -> 0x5793
mem[X,0x000000008000009E] -> 0x039D
[44] [M]: 0x000000008000009C (0x039D5793) srli a5, s10, 0x39
x15 <- 0x0000000000000000

mem[X,0x00000000800000A0] -> 0xEDB3
mem[X,0x00000000800000A2] -> 0x00FD
[45] [M]: 0x00000000800000A0 (0x00FDEDB3) or s11, s11, a5
x27 <- 0x0000000000000000

mem[X,0x00000000800000A4] -> 0xDE13
mem[X,0x00000000800000A6] -> 0x007D
[46] [M]: 0x00000000800000A4 (0x007DDE13) srli t3, s11, 0x7
x28 <- 0x0000000000000000

mem[X,0x00000000800000A8] -> 0xD793
mem[X,0x00000000800000AA] -> 0x039D
[47] [M]: 0x00000000800000A8 (0x039DD793) srli a5, s11, 0x39
x15 <- 0x0000000000000000

mem[X,0x00000000800000AC] -> 0x6E33
mem[X,0x00000000800000AE] -> 0x00FE
[48] [M]: 0x00000000800000AC (0x00FE6E33) or t3, t3, a5
x28 <- 0x0000000000000000

mem[X,0x00000000800000B0] -> 0x5E93
mem[X,0x00000000800000B2] -> 0x007E
[49] [M]: 0x00000000800000B0 (0x007E5E93) srli t4, t3, 0x7
x29 <- 0x0000000000000000

mem[X,0x00000000800000B4] -> 0x5793
mem[X,0x00000000800000B6] -> 0x039E
[50] [M]: 0x00000000800000B4 (0x039E5793) srli a5, t3, 0x39
x15 <- 0x0000000000000000

mem[X,0x00000000800000B8] -> 0xEEB3
mem[X,0x00000000800000BA] -> 0x00FE
[51] [M]: 0x00000000800000B8 (0x00FEEEB3) or t4, t4, a5
x29 <- 0x0000000000000000

mem[X,0x00000000800000BC] -> 0xDF13
mem[X,0x00000000800000BE] -> 0x007E
[52] [M]: 0x00000000800000BC (0x007EDF13) srli t5, t4, 0x7
x30 <- 0x0000000000000000

mem[X,0x00000000800000C0] -> 0xD793
mem[X,0x00000000800000C2] -> 0x039E
[53] [M]: 0x00000000800000C0 (0x039ED793) srli a5, t4, 0x39
x15 <- 0x0000000000000000

mem[X,0x00000000800000C4] -> 0x6F33
mem[X,0x00000000800000C6] -> 0x00FF
[54] [M]: 0x00000000800000C4 (0x00FF6F33) or t5, t5, a5
x30 <- 0x0000000000000000

mem[X,0x00000000800000C8] -> 0xC0B7
mem[X,0x00000000800000CA] -> 0xFEED
[55] [M]: 0x00000000800000C8 (0xFEEDC0B7) lui ra, -0x1124
x1 <- 0xFFFFFFFFFEEDC000

mem[X,0x00000000800000CC] -> 0x8093
mem[X,0x00000000800000CE] -> 0xEAD0
[56] [M]: 0x00000000800000CC (0xEAD08093) addi ra, ra, -0x153
x1 <- 0xFFFFFFFFFEEDBEAD

mem[X,0x00000000800000D0] -> 0x9093
mem[X,0x00000000800000D2] -> 0x00B0
[57] [M]: 0x00000000800000D0 (0x00B09093) slli ra, ra, 0xb
x1 <- 0xFFFFFFF76DF56800

mem[X,0x00000000800000D4] -> 0x8093
mem[X,0x00000000800000D6] -> 0x7F70
[58] [M]: 0x00000000800000D4 (0x7F708093) addi ra, ra, 0x7f7
x1 <- 0xFFFFFFF76DF56FF7

mem[X,0x00000000800000D8] -> 0x9093
mem[X,0x00000000800000DA] -> 0x00B0
[59] [M]: 0x00000000800000D8 (0x00B09093) slli ra, ra, 0xb
x1 <- 0xFFFFBB6FAB7FB800

mem[X,0x00000000800000DC] -> 0x8093
mem[X,0x00000000800000DE] -> 0x36F0
[60] [M]: 0x00000000800000DC (0x36F08093) addi ra, ra, 0x36f
x1 <- 0xFFFFBB6FAB7FBB6F

mem[X,0x00000000800000E0] -> 0x9093
mem[X,0x00000000800000E2] -> 0x00A0
[61] [M]: 0x00000000800000E0 (0x00A09093) slli ra, ra, 0xa
x1 <- 0xFEEDBEADFEEDBC00

mem[X,0x00000000800000E4] -> 0x8093
mem[X,0x00000000800000E6] -> 0x2AD0
[62] [M]: 0x00000000800000E4 (0x2AD08093) addi ra, ra, 0x2ad
x1 <- 0xFEEDBEADFEEDBEAD

mem[X,0x00000000800000E8] -> 0xD113
mem[X,0x00000000800000EA] -> 0x0070
[63] [M]: 0x00000000800000E8 (0x0070D113) srli sp, ra, 0x7
x2 <- 0x01FDDB7D5BFDDB7D

mem[X,0x00000000800000EC] -> 0xD793
mem[X,0x00000000800000EE] -> 0x0390
[64] [M]: 0x00000000800000EC (0x0390D793) srli a5, ra, 0x39
x15 <- 0x000000000000007F

mem[X,0x00000000800000F0] -> 0x6133
mem[X,0x00000000800000F2] -> 0x00F1
[65] [M]: 0x00000000800000F0 (0x00F16133) or sp, sp, a5
x2 <- 0x01FDDB7D5BFDDB7F

mem[X,0x00000000800000F4] -> 0x5193
mem[X,0x00000000800000F6] -> 0x0071
[66] [M]: 0x00000000800000F4 (0x00715193) srli gp, sp, 0x7
x3 <- 0x0003FBB6FAB7FBB6

mem[X,0x00000000800000F8] -> 0x5793
mem[X,0x00000000800000FA] -> 0x0391
[67] [M]: 0x00000000800000F8 (0x03915793) srli a5, sp, 0x39
x15 <- 0x0000000000000000

mem[X,0x00000000800000FC] -> 0xE1B3
mem[X,0x00000000800000FE] -> 0x00F1
[68] [M]: 0x00000000800000FC (0x00F1E1B3) or gp, gp, a5
x3 <- 0x0003FBB6FAB7FBB6

mem[X,0x0000000080000100] -> 0xD213
mem[X,0x0000000080000102] -> 0x0071
[69] [M]: 0x0000000080000100 (0x0071D213) srli tp, gp, 0x7
x4 <- 0x000007F76DF56FF7

mem[X,0x0000000080000104] -> 0xD793
mem[X,0x0000000080000106] -> 0x0391
[70] [M]: 0x0000000080000104 (0x0391D793) srli a5, gp, 0x39
x15 <- 0x0000000000000000

mem[X,0x0000000080000108] -> 0x6233
mem[X,0x000000008000010A] -> 0x00F2
[71] [M]: 0x0000000080000108 (0x00F26233) or tp, tp, a5
x4 <- 0x000007F76DF56FF7

mem[X,0x000000008000010C] -> 0x5293
mem[X,0x000000008000010E] -> 0x0072
[72] [M]: 0x000000008000010C (0x00725293) srli t0, tp, 0x7
x5 <- 0x0000000FEEDBEADF

mem[X,0x0000000080000110] -> 0x5793
mem[X,0x0000000080000112] -> 0x0392
[73] [M]: 0x0000000080000110 (0x03925793) srli a5, tp, 0x39
x15 <- 0x0000000000000000

mem[X,0x0000000080000114] -> 0xE2B3
mem[X,0x0000000080000116] -> 0x00F2
[74] [M]: 0x0000000080000114 (0x00F2E2B3) or t0, t0, a5
x5 <- 0x0000000FEEDBEADF

mem[X,0x0000000080000118] -> 0xD313
mem[X,0x000000008000011A] -> 0x0072
[75] [M]: 0x0000000080000118 (0x0072D313) srli t1, t0, 0x7
x6 <- 0x000000001FDDB7D5

mem[X,0x000000008000011C] -> 0xD793
mem[X,0x000000008000011E] -> 0x0392
[76] [M]: 0x000000008000011C (0x0392D793) srli a5, t0, 0x39
x15 <- 0x0000000000000000

mem[X,0x0000000080000120] -> 0x6333
mem[X,0x0000000080000122] -> 0x00F3
[77] [M]: 0x0000000080000120 (0x00F36333) or t1, t1, a5
x6 <- 0x000000001FDDB7D5

mem[X,0x0000000080000124] -> 0x5393
mem[X,0x0000000080000126] -> 0x0073
[78] [M]: 0x0000000080000124 (0x00735393) srli t2, t1, 0x7
x7 <- 0x00000000003FBB6F

mem[X,0x0000000080000128] -> 0x5793
mem[X,0x000000008000012A] -> 0x0393
[79] [M]: 0x0000000080000128 (0x03935793) srli a5, t1, 0x39
x15 <- 0x0000000000000000

mem[X,0x000000008000012C] -> 0xE3B3
mem[X,0x000000008000012E] -> 0x00F3
[80] [M]: 0x000000008000012C (0x00F3E3B3) or t2, t2, a5
x7 <- 0x00000000003FBB6F

mem[X,0x0000000080000130] -> 0xD413
mem[X,0x0000000080000132] -> 0x0073
[81] [M]: 0x0000000080000130 (0x0073D413) srli fp, t2, 0x7
x8 <- 0x0000000000007F76

mem[X,0x0000000080000134] -> 0xD793
mem[X,0x0000000080000136] -> 0x0393
[82] [M]: 0x0000000080000134 (0x0393D793) srli a5, t2, 0x39
x15 <- 0x0000000000000000

mem[X,0x0000000080000138] -> 0x6433
mem[X,0x000000008000013A] -> 0x00F4
[83] [M]: 0x0000000080000138 (0x00F46433) or fp, fp, a5
x8 <- 0x0000000000007F76

mem[X,0x000000008000013C] -> 0x5493
mem[X,0x000000008000013E] -> 0x0074
[84] [M]: 0x000000008000013C (0x00745493) srli s1, fp, 0x7
x9 <- 0x00000000000000FE

mem[X,0x0000000080000140] -> 0x5793
mem[X,0x0000000080000142] -> 0x0394
[85] [M]: 0x0000000080000140 (0x03945793) srli a5, fp, 0x39
x15 <- 0x0000000000000000

mem[X,0x0000000080000144] -> 0xE4B3
mem[X,0x0000000080000146] -> 0x00F4
[86] [M]: 0x0000000080000144 (0x00F4E4B3) or s1, s1, a5
x9 <- 0x00000000000000FE

mem[X,0x0000000080000148] -> 0xD513
mem[X,0x000000008000014A] -> 0x0074
[87] [M]: 0x0000000080000148 (0x0074D513) srli a0, s1, 0x7
x10 <- 0x0000000000000001

mem[X,0x000000008000014C] -> 0xD793
mem[X,0x000000008000014E] -> 0x0394
[88] [M]: 0x000000008000014C (0x0394D793) srli a5, s1, 0x39
x15 <- 0x0000000000000000

mem[X,0x0000000080000150] -> 0x6533
mem[X,0x0000000080000152] -> 0x00F5
[89] [M]: 0x0000000080000150 (0x00F56533) or a0, a0, a5
x10 <- 0x0000000000000001

mem[X,0x0000000080000154] -> 0x5593
mem[X,0x0000000080000156] -> 0x0075
[90] [M]: 0x0000000080000154 (0x00755593) srli a1, a0, 0x7
x11 <- 0x0000000000000000

mem[X,0x0000000080000158] -> 0x5793
mem[X,0x000000008000015A] -> 0x0395
[91] [M]: 0x0000000080000158 (0x03955793) srli a5, a0, 0x39
x15 <- 0x0000000000000000

mem[X,0x000000008000015C] -> 0xE5B3
mem[X,0x000000008000015E] -> 0x00F5
[92] [M]: 0x000000008000015C (0x00F5E5B3) or a1, a1, a5
x11 <- 0x0000000000000000

mem[X,0x0000000080000160] -> 0xD613
mem[X,0x0000000080000162] -> 0x0075
[93] [M]: 0x0000000080000160 (0x0075D613) srli a2, a1, 0x7
x12 <- 0x0000000000000000

mem[X,0x0000000080000164] -> 0xD793
mem[X,0x0000000080000166] -> 0x0395
[94] [M]: 0x0000000080000164 (0x0395D793) srli a5, a1, 0x39
x15 <- 0x0000000000000000

mem[X,0x0000000080000168] -> 0x6633
mem[X,0x000000008000016A] -> 0x00F6
[95] [M]: 0x0000000080000168 (0x00F66633) or a2, a2, a5
x12 <- 0x0000000000000000

mem[X,0x000000008000016C] -> 0x5693
mem[X,0x000000008000016E] -> 0x0076
[96] [M]: 0x000000008000016C (0x00765693) srli a3, a2, 0x7
x13 <- 0x0000000000000000

mem[X,0x0000000080000170] -> 0x5793
mem[X,0x0000000080000172] -> 0x0396
[97] [M]: 0x0000000080000170 (0x03965793) srli a5, a2, 0x39
x15 <- 0x0000000000000000

mem[X,0x0000000080000174] -> 0xE6B3
mem[X,0x0000000080000176] -> 0x00F6
[98] [M]: 0x0000000080000174 (0x00F6E6B3) or a3, a3, a5
x13 <- 0x0000000000000000

mem[X,0x0000000080000178] -> 0x0013
mem[X,0x000000008000017A] -> 0x0000
[99] [M]: 0x0000000080000178 (0x00000013) addi zero, zero, 0x0

clint::tick mtime <- 0x0000000000000001
 clint timer pending at mtime 0x0000000000000001
htif::tick 0x0000000000000000
mem[X,0x000000008000017C] -> 0x0013
mem[X,0x000000008000017E] -> 0x0000
[100] [M]: 0x000000008000017C (0x00000013) addi zero, zero, 0x0

mem[X,0x0000000080000180] -> 0x5317
mem[X,0x0000000080000182] -> 0x0000
[101] [M]: 0x0000000080000180 (0x00005317) auipc t1, 0x5
x6 <- 0x0000000080005180

mem[X,0x0000000080000184] -> 0x0313
mem[X,0x0000000080000186] -> 0xF983
[102] [M]: 0x0000000080000184 (0xF9830313) addi t1, t1, -0x68
x6 <- 0x0000000080005118

mem[X,0x0000000080000188] -> 0x0013
mem[X,0x000000008000018A] -> 0x0000
[103] [M]: 0x0000000080000188 (0x00000013) addi zero, zero, 0x0

mem[X,0x000000008000018C] -> 0x0013
mem[X,0x000000008000018E] -> 0x0000
[104] [M]: 0x000000008000018C (0x00000013) addi zero, zero, 0x0

mem[X,0x0000000080000190] -> 0x0013
mem[X,0x0000000080000192] -> 0x0000
[105] [M]: 0x0000000080000190 (0x00000013) addi zero, zero, 0x0

mem[X,0x0000000080000194] -> 0x0013
mem[X,0x0000000080000196] -> 0x0000
[106] [M]: 0x0000000080000194 (0x00000013) addi zero, zero, 0x0

mem[X,0x0000000080000198] -> 0x0013
mem[X,0x000000008000019A] -> 0x0000
[107] [M]: 0x0000000080000198 (0x00000013) addi zero, zero, 0x0

mem[X,0x000000008000019C] -> 0x0013
mem[X,0x000000008000019E] -> 0x0000
[108] [M]: 0x000000008000019C (0x00000013) addi zero, zero, 0x0

mem[X,0x00000000800001A0] -> 0x01B7
mem[X,0x00000000800001A2] -> 0x0000
[109] [M]: 0x00000000800001A0 (0x000001B7) lui gp, 0x0
x3 <- 0x0000000000000000

mem[X,0x00000000800001A4] -> 0x8193
mem[X,0x00000000800001A6] -> 0xBFF1
[110] [M]: 0x00000000800001A4 (0xBFF18193) addi gp, gp, -0x401
x3 <- 0xFFFFFFFFFFFFFBFF

mem[X,0x00000000800001A8] -> 0x9193
mem[X,0x00000000800001AA] -> 0x00B1
[111] [M]: 0x00000000800001A8 (0x00B19193) slli gp, gp, 0xb
x3 <- 0xFFFFFFFFFFDFF800

mem[X,0x00000000800001AC] -> 0x8193
mem[X,0x00000000800001AE] -> 0x4001
[112] [M]: 0x00000000800001AC (0x40018193) addi gp, gp, 0x400
x3 <- 0xFFFFFFFFFFDFFC00

mem[X,0x00000000800001B0] -> 0x9193
mem[X,0x00000000800001B2] -> 0x00B1
[113] [M]: 0x00000000800001B0 (0x00B19193) slli gp, gp, 0xb
x3 <- 0xFFFFFFFEFFE00000

mem[X,0x00000000800001B4] -> 0x8193
mem[X,0x00000000800001B6] -> 0x0001
[114] [M]: 0x00000000800001B4 (0x00018193) addi gp, gp, 0x0
x3 <- 0xFFFFFFFEFFE00000

mem[X,0x00000000800001B8] -> 0x9193
mem[X,0x00000000800001BA] -> 0x00A1
[115] [M]: 0x00000000800001B8 (0x00A19193) slli gp, gp, 0xa
x3 <- 0xFFFFFBFF80000000

mem[X,0x00000000800001BC] -> 0x0437
mem[X,0x00000000800001BE] -> 0x0000
[116] [M]: 0x00000000800001BC (0x00000437) lui fp, 0x0
x8 <- 0x0000000000000000

mem[X,0x00000000800001C0] -> 0x0413
mem[X,0x00000000800001C2] -> 0xFEF4
[117] [M]: 0x00000000800001C0 (0xFEF40413) addi fp, fp, -0x11
x8 <- 0xFFFFFFFFFFFFFFEF

mem[X,0x00000000800001C4] -> 0x1413
mem[X,0x00000000800001C6] -> 0x00B4
[118] [M]: 0x00000000800001C4 (0x00B41413) slli fp, fp, 0xb
x8 <- 0xFFFFFFFFFFFF7800

mem[X,0x00000000800001C8] -> 0x0413
mem[X,0x00000000800001CA] -> 0x7FD4
[119] [M]: 0x00000000800001C8 (0x7FD40413) addi fp, fp, 0x7fd
x8 <- 0xFFFFFFFFFFFF7FFD

mem[X,0x00000000800001CC] -> 0x1413
mem[X,0x00000000800001CE] -> 0x00B4
[120] [M]: 0x00000000800001CC (0x00B41413) slli fp, fp, 0xb
x8 <- 0xFFFFFFFFFBFFE800

mem[X,0x00000000800001D0] -> 0x0413
mem[X,0x00000000800001D2] -> 0x7FF4
[121] [M]: 0x00000000800001D0 (0x7FF40413) addi fp, fp, 0x7ff
x8 <- 0xFFFFFFFFFBFFEFFF

mem[X,0x00000000800001D4] -> 0x1413
mem[X,0x00000000800001D6] -> 0x00A4
[122] [M]: 0x00000000800001D4 (0x00A41413) slli fp, fp, 0xa
x8 <- 0xFFFFFFEFFFBFFC00

mem[X,0x00000000800001D8] -> 0x0413
mem[X,0x00000000800001DA] -> 0x3FF4
[123] [M]: 0x00000000800001D8 (0x3FF40413) addi fp, fp, 0x3ff
x8 <- 0xFFFFFFEFFFBFFFFF

mem[X,0x00000000800001DC] -> 0xA41B
mem[X,0x00000000800001DE] -> 0xEE81
[124] [M]: 0x00000000800001DC (0xEE81A41B) sha fp, gp, fp
x8 <- 0xFFFFFDFFC0000000

mem[X,0x00000000800001E0] -> 0x3023
mem[X,0x00000000800001E2] -> 0x0083
[125] [M]: 0x00000000800001E0 (0x00833023) sd fp, 0x0(t1)
mem[0x0000000080005118] <- 0xFFFFFDFFC0000000

mem[X,0x00000000800001E4] -> 0x0A13
mem[X,0x00000000800001E6] -> 0x0010
[126] [M]: 0x00000000800001E4 (0x00100A13) addi s4, zero, 0x1
x20 <- 0x0000000000000001

mem[X,0x00000000800001E8] -> 0x1A13
mem[X,0x00000000800001EA] -> 0x020A
[127] [M]: 0x00000000800001E8 (0x020A1A13) slli s4, s4, 0x20
x20 <- 0x0000000100000000

mem[X,0x00000000800001EC] -> 0x4A13
mem[X,0x00000000800001EE] -> 0xFFFA
[128] [M]: 0x00000000800001EC (0xFFFA4A13) xori s4, s4, -0x1
x20 <- 0xFFFFFFFEFFFFFFFF

mem[X,0x00000000800001F0] -> 0x0A37
mem[X,0x00000000800001F2] -> 0x0000
[129] [M]: 0x00000000800001F0 (0x00000A37) lui s4, 0x0
x20 <- 0x0000000000000000

mem[X,0x00000000800001F4] -> 0x0A13
mem[X,0x00000000800001F6] -> 0xFFCA
[130] [M]: 0x00000000800001F4 (0xFFCA0A13) addi s4, s4, -0x4
x20 <- 0xFFFFFFFFFFFFFFFC

mem[X,0x00000000800001F8] -> 0x1A13
mem[X,0x00000000800001FA] -> 0x00BA
[131] [M]: 0x00000000800001F8 (0x00BA1A13) slli s4, s4, 0xb
x20 <- 0xFFFFFFFFFFFFE000

mem[X,0x00000000800001FC] -> 0x0A13
mem[X,0x00000000800001FE] -> 0x100A
[132] [M]: 0x00000000800001FC (0x100A0A13) addi s4, s4, 0x100
x20 <- 0xFFFFFFFFFFFFE100

mem[X,0x0000000080000200] -> 0x1A13
mem[X,0x0000000080000202] -> 0x00BA
[133] [M]: 0x0000000080000200 (0x00BA1A13) slli s4, s4, 0xb
x20 <- 0xFFFFFFFFFF080000

mem[X,0x0000000080000204] -> 0x0A13
mem[X,0x0000000080000206] -> 0x000A
[134] [M]: 0x0000000080000204 (0x000A0A13) addi s4, s4, 0x0
x20 <- 0xFFFFFFFFFF080000

mem[X,0x0000000080000208] -> 0x1A13
mem[X,0x000000008000020A] -> 0x00AA
[135] [M]: 0x0000000080000208 (0x00AA1A13) slli s4, s4, 0xa
x20 <- 0xFFFFFFFC20000000

mem[X,0x000000008000020C] -> 0x2A1B
mem[X,0x000000008000020E] -> 0xEF4A
[136] [M]: 0x000000008000020C (0xEF4A2A1B) sha s4, s4, s4
x20 <- 0xFFFFFFFC20000000

mem[X,0x0000000080000210] -> 0x3423
mem[X,0x0000000080000212] -> 0x0143
[137] [M]: 0x0000000080000210 (0x01433423) sd s4, 0x8(t1)
mem[0x0000000080005120] <- 0xFFFFFFFC20000000

mem[X,0x0000000080000214] -> 0x0F13
mem[X,0x0000000080000216] -> 0x0010
[138] [M]: 0x0000000080000214 (0x00100F13) addi t5, zero, 0x1
x30 <- 0x0000000000000001

mem[X,0x0000000080000218] -> 0x1F13
mem[X,0x000000008000021A] -> 0x031F
[139] [M]: 0x0000000080000218 (0x031F1F13) slli t5, t5, 0x31
x30 <- 0x0002000000000000

mem[X,0x000000008000021C] -> 0x0F37
mem[X,0x000000008000021E] -> 0x0000
[140] [M]: 0x000000008000021C (0x00000F37) lui t5, 0x0
x30 <- 0x0000000000000000

mem[X,0x0000000080000220] -> 0x0F13
mem[X,0x0000000080000222] -> 0xFBFF
[141] [M]: 0x0000000080000220 (0xFBFF0F13) addi t5, t5, -0x41
x30 <- 0xFFFFFFFFFFFFFFBF

mem[X,0x0000000080000224] -> 0x1F13
mem[X,0x0000000080000226] -> 0x00BF
[142] [M]: 0x0000000080000224 (0x00BF1F13) slli t5, t5, 0xb
x30 <- 0xFFFFFFFFFFFDF800

mem[X,0x0000000080000228] -> 0x0F13
mem[X,0x000000008000022A] -> 0x000F
[143] [M]: 0x0000000080000228 (0x000F0F13) addi t5, t5, 0x0
x30 <- 0xFFFFFFFFFFFDF800

mem[X,0x000000008000022C] -> 0x1F13
mem[X,0x000000008000022E] -> 0x00BF
[144] [M]: 0x000000008000022C (0x00BF1F13) slli t5, t5, 0xb
x30 <- 0xFFFFFFFFEFC00000

mem[X,0x0000000080000230] -> 0x0F13
mem[X,0x0000000080000232] -> 0x001F
[145] [M]: 0x0000000080000230 (0x001F0F13) addi t5, t5, 0x1
x30 <- 0xFFFFFFFFEFC00001

mem[X,0x0000000080000234] -> 0x1F13
mem[X,0x0000000080000236] -> 0x00AF
[146] [M]: 0x0000000080000234 (0x00AF1F13) slli t5, t5, 0xa
x30 <- 0xFFFFFFBF00000400

mem[X,0x0000000080000238] -> 0x289B
mem[X,0x000000008000023A] -> 0xEFEF
[147] [M]: 0x0000000080000238 (0xEFEF289B) sha a7, t5, t5
x17 <- 0xFFFFFFBF00000400

mem[X,0x000000008000023C] -> 0x3823
mem[X,0x000000008000023E] -> 0x0113
[148] [M]: 0x000000008000023C (0x01133823) sd a7, 0x10(t1)
mem[0x0000000080005128] <- 0xFFFFFFBF00000400

mem[X,0x0000000080000240] -> 0x0DB7
mem[X,0x0000000080000242] -> 0xE000
[149] [M]: 0x0000000080000240 (0xE0000DB7) lui s11, -0x20000
x27 <- 0xFFFFFFFFE0000000

mem[X,0x0000000080000244] -> 0x8D93
mem[X,0x0000000080000246] -> 0xFFFD
[150] [M]: 0x0000000080000244 (0xFFFD8D93) addi s11, s11, -0x1
x27 <- 0xFFFFFFFFDFFFFFFF

mem[X,0x0000000080000248] -> 0x9D93
mem[X,0x000000008000024A] -> 0x00BD
[151] [M]: 0x0000000080000248 (0x00BD9D93) slli s11, s11, 0xb
x27 <- 0xFFFFFEFFFFFFF800

mem[X,0x000000008000024C] -> 0x8D93
mem[X,0x000000008000024E] -> 0x000D
[152] [M]: 0x000000008000024C (0x000D8D93) addi s11, s11, 0x0
x27 <- 0xFFFFFEFFFFFFF800

mem[X,0x0000000080000250] -> 0x9D93
mem[X,0x0000000080000252] -> 0x00BD
[153] [M]: 0x0000000080000250 (0x00BD9D93) slli s11, s11, 0xb
x27 <- 0xFFF7FFFFFFC00000

mem[X,0x0000000080000254] -> 0x8D93
mem[X,0x0000000080000256] -> 0x000D
[154] [M]: 0x0000000080000254 (0x000D8D93) addi s11, s11, 0x0
x27 <- 0xFFF7FFFFFFC00000

mem[X,0x0000000080000258] -> 0x9D93
mem[X,0x000000008000025A] -> 0x00AD
[155] [M]: 0x0000000080000258 (0x00AD9D93) slli s11, s11, 0xa
x27 <- 0xDFFFFFFF00000000

mem[X,0x000000008000025C] -> 0x8D93
mem[X,0x000000008000025E] -> 0x001D
[156] [M]: 0x000000008000025C (0x001D8D93) addi s11, s11, 0x1
x27 <- 0xDFFFFFFF00000001

mem[X,0x0000000080000260] -> 0x0C37
mem[X,0x0000000080000262] -> 0x8000
[157] [M]: 0x0000000080000260 (0x80000C37) lui s8, -0x80000
x24 <- 0xFFFFFFFF80000000

mem[X,0x0000000080000264] -> 0x0C13
mem[X,0x0000000080000266] -> 0xFFFC
[158] [M]: 0x0000000080000264 (0xFFFC0C13) addi s8, s8, -0x1
x24 <- 0xFFFFFFFF7FFFFFFF

mem[X,0x0000000080000268] -> 0x1C13
mem[X,0x000000008000026A] -> 0x00BC
[159] [M]: 0x0000000080000268 (0x00BC1C13) slli s8, s8, 0xb
x24 <- 0xFFFFFBFFFFFFF800

mem[X,0x000000008000026C] -> 0x0C13
mem[X,0x000000008000026E] -> 0x000C
[160] [M]: 0x000000008000026C (0x000C0C13) addi s8, s8, 0x0
x24 <- 0xFFFFFBFFFFFFF800

mem[X,0x0000000080000270] -> 0x1C13
mem[X,0x0000000080000272] -> 0x00BC
[161] [M]: 0x0000000080000270 (0x00BC1C13) slli s8, s8, 0xb
x24 <- 0xFFDFFFFFFFC00000

mem[X,0x0000000080000274] -> 0x0C13
mem[X,0x0000000080000276] -> 0x000C
[162] [M]: 0x0000000080000274 (0x000C0C13) addi s8, s8, 0x0
x24 <- 0xFFDFFFFFFFC00000

mem[X,0x0000000080000278] -> 0x1C13
mem[X,0x000000008000027A] -> 0x00AC
[163] [M]: 0x0000000080000278 (0x00AC1C13) slli s8, s8, 0xa
x24 <- 0x7FFFFFFF00000000

mem[X,0x000000008000027C] -> 0x0C13
mem[X,0x000000008000027E] -> 0x009C
[164] [M]: 0x000000008000027C (0x009C0C13) addi s8, s8, 0x9
x24 <- 0x7FFFFFFF00000009

mem[X,0x0000000080000280] -> 0xAD9B
mem[X,0x0000000080000282] -> 0xEF8D
[165] [M]: 0x0000000080000280 (0xEF8DAD9B) sha s11, s11, s8
x27 <- 0xFFFFFE0000000200

mem[X,0x0000000080000284] -> 0x3C23
mem[X,0x0000000080000286] -> 0x01B3
[166] [M]: 0x0000000080000284 (0x01B33C23) sd s11, 0x18(t1)
mem[0x0000000080005130] <- 0xFFFFFE0000000200

mem[X,0x0000000080000288] -> 0x43B7
mem[X,0x000000008000028A] -> 0x0000
[167] [M]: 0x0000000080000288 (0x000043B7) lui t2, 0x4
x7 <- 0x0000000000004000

mem[X,0x000000008000028C] -> 0x8393
mem[X,0x000000008000028E] -> 0x0003
[168] [M]: 0x000000008000028C (0x00038393) addi t2, t2, 0x0
x7 <- 0x0000000000004000

mem[X,0x0000000080000290] -> 0x9393
mem[X,0x0000000080000292] -> 0x00B3
[169] [M]: 0x0000000080000290 (0x00B39393) slli t2, t2, 0xb
x7 <- 0x0000000002000000

mem[X,0x0000000080000294] -> 0x8393
mem[X,0x0000000080000296] -> 0x3FF3
[170] [M]: 0x0000000080000294 (0x3FF38393) addi t2, t2, 0x3ff
x7 <- 0x00000000020003FF

mem[X,0x0000000080000298] -> 0x9393
mem[X,0x000000008000029A] -> 0x00B3
[171] [M]: 0x0000000080000298 (0x00B39393) slli t2, t2, 0xb
x7 <- 0x00000010001FF800

mem[X,0x000000008000029C] -> 0x8393
mem[X,0x000000008000029E] -> 0x7FF3
[172] [M]: 0x000000008000029C (0x7FF38393) addi t2, t2, 0x7ff
x7 <- 0x00000010001FFFFF

mem[X,0x00000000800002A0] -> 0x9393
mem[X,0x00000000800002A2] -> 0x00A3
[173] [M]: 0x00000000800002A0 (0x00A39393) slli t2, t2, 0xa
x7 <- 0x000040007FFFFC00

mem[X,0x00000000800002A4] -> 0x8393
mem[X,0x00000000800002A6] -> 0x3FF3
[174] [M]: 0x00000000800002A4 (0x3FF38393) addi t2, t2, 0x3ff
x7 <- 0x000040007FFFFFFF

mem[X,0x00000000800002A8] -> 0x07B7
mem[X,0x00000000800002AA] -> 0x1000
[175] [M]: 0x00000000800002A8 (0x100007B7) lui a5, 0x10000
x15 <- 0x0000000010000000

mem[X,0x00000000800002AC] -> 0x8793
mem[X,0x00000000800002AE] -> 0x0007
[176] [M]: 0x00000000800002AC (0x00078793) addi a5, a5, 0x0
x15 <- 0x0000000010000000

mem[X,0x00000000800002B0] -> 0x9793
mem[X,0x00000000800002B2] -> 0x00B7
[177] [M]: 0x00000000800002B0 (0x00B79793) slli a5, a5, 0xb
x15 <- 0x0000008000000000

mem[X,0x00000000800002B4] -> 0x8793
mem[X,0x00000000800002B6] -> 0x0007
[178] [M]: 0x00000000800002B4 (0x00078793) addi a5, a5, 0x0
x15 <- 0x0000008000000000

mem[X,0x00000000800002B8] -> 0x9793
mem[X,0x00000000800002BA] -> 0x00B7
[179] [M]: 0x00000000800002B8 (0x00B79793) slli a5, a5, 0xb
x15 <- 0x0004000000000000

mem[X,0x00000000800002BC] -> 0x8793
mem[X,0x00000000800002BE] -> 0x0007
[180] [M]: 0x00000000800002BC (0x00078793) addi a5, a5, 0x0
x15 <- 0x0004000000000000

mem[X,0x00000000800002C0] -> 0x9793
mem[X,0x00000000800002C2] -> 0x00A7
[181] [M]: 0x00000000800002C0 (0x00A79793) slli a5, a5, 0xa
x15 <- 0x1000000000000000

mem[X,0x00000000800002C4] -> 0x8793
mem[X,0x00000000800002C6] -> 0x0057
[182] [M]: 0x00000000800002C4 (0x00578793) addi a5, a5, 0x5
x15 <- 0x1000000000000005

mem[X,0x00000000800002C8] -> 0xA61B
mem[X,0x00000000800002CA] -> 0xEEF3
[183] [M]: 0x00000000800002C8 (0xEEF3A61B) sha a2, t2, a5
x12 <- 0x0008000FFFFFFFE0

mem[X,0x00000000800002CC] -> 0x3023
mem[X,0x00000000800002CE] -> 0x02C3
[184] [M]: 0x00000000800002CC (0x02C33023) sd a2, 0x20(t1)
mem[0x0000000080005138] <- 0x0008000FFFFFFFE0

mem[X,0x00000000800002D0] -> 0x06B7
mem[X,0x00000000800002D2] -> 0x0000
[185] [M]: 0x00000000800002D0 (0x000006B7) lui a3, 0x0
x13 <- 0x0000000000000000

mem[X,0x00000000800002D4] -> 0x8693
mem[X,0x00000000800002D6] -> 0x0106
[186] [M]: 0x00000000800002D4 (0x01068693) addi a3, a3, 0x10
x13 <- 0x0000000000000010

mem[X,0x00000000800002D8] -> 0x9693
mem[X,0x00000000800002DA] -> 0x00B6
[187] [M]: 0x00000000800002D8 (0x00B69693) slli a3, a3, 0xb
x13 <- 0x0000000000008000

mem[X,0x00000000800002DC] -> 0x8693
mem[X,0x00000000800002DE] -> 0x0006
[188] [M]: 0x00000000800002DC (0x00068693) addi a3, a3, 0x0
x13 <- 0x0000000000008000

mem[X,0x00000000800002E0] -> 0x9693
mem[X,0x00000000800002E2] -> 0x00B6
[189] [M]: 0x00000000800002E0 (0x00B69693) slli a3, a3, 0xb
x13 <- 0x0000000004000000

mem[X,0x00000000800002E4] -> 0x8693
mem[X,0x00000000800002E6] -> 0x0006
[190] [M]: 0x00000000800002E4 (0x00068693) addi a3, a3, 0x0
x13 <- 0x0000000004000000

mem[X,0x00000000800002E8] -> 0x9693
mem[X,0x00000000800002EA] -> 0x00A6
[191] [M]: 0x00000000800002E8 (0x00A69693) slli a3, a3, 0xa
x13 <- 0x0000001000000000

mem[X,0x00000000800002EC] -> 0x8693
mem[X,0x00000000800002EE] -> 0x0026
[192] [M]: 0x00000000800002EC (0x00268693) addi a3, a3, 0x2
x13 <- 0x0000001000000002

mem[X,0x00000000800002F0] -> 0x0037
mem[X,0x00000000800002F2] -> 0x0000
[193] [M]: 0x00000000800002F0 (0x00000037) lui zero, 0x0

mem[X,0x00000000800002F4] -> 0x0013
mem[X,0x00000000800002F6] -> 0x0400
[194] [M]: 0x00000000800002F4 (0x04000013) addi zero, zero, 0x40

mem[X,0x00000000800002F8] -> 0x1013
mem[X,0x00000000800002FA] -> 0x00B0
[195] [M]: 0x00000000800002F8 (0x00B01013) slli zero, zero, 0xb

mem[X,0x00000000800002FC] -> 0x0013
mem[X,0x00000000800002FE] -> 0x0000
[196] [M]: 0x00000000800002FC (0x00000013) addi zero, zero, 0x0

mem[X,0x0000000080000300] -> 0x1013
mem[X,0x0000000080000302] -> 0x00B0
[197] [M]: 0x0000000080000300 (0x00B01013) slli zero, zero, 0xb

mem[X,0x0000000080000304] -> 0x0013
mem[X,0x0000000080000306] -> 0x0000
[198] [M]: 0x0000000080000304 (0x00000013) addi zero, zero, 0x0

mem[X,0x0000000080000308] -> 0x1013
mem[X,0x000000008000030A] -> 0x00A0
[199] [M]: 0x0000000080000308 (0x00A01013) slli zero, zero, 0xa

clint::tick mtime <- 0x0000000000000002
 clint timer pending at mtime 0x0000000000000002
htif::tick 0x0000000000000000
mem[X,0x000000008000030C] -> 0x0013
mem[X,0x000000008000030E] -> 0x0800
[200] [M]: 0x000000008000030C (0x08000013) addi zero, zero, 0x80

mem[X,0x0000000080000310] -> 0xAB9B
mem[X,0x0000000080000312] -> 0xEE06
[201] [M]: 0x0000000080000310 (0xEE06AB9B) sha s7, a3, zero
x23 <- 0x0000001000000002

mem[X,0x0000000080000314] -> 0x3423
mem[X,0x0000000080000316] -> 0x0373
[202] [M]: 0x0000000080000314 (0x03733423) sd s7, 0x28(t1)
mem[0x0000000080005140] <- 0x0000001000000002

mem[X,0x0000000080000318] -> 0x0D37
mem[X,0x000000008000031A] -> 0xFF80
[203] [M]: 0x0000000080000318 (0xFF800D37) lui s10, -0x800
x26 <- 0xFFFFFFFFFF800000

mem[X,0x000000008000031C] -> 0x0D13
mem[X,0x000000008000031E] -> 0xFFFD
[204] [M]: 0x000000008000031C (0xFFFD0D13) addi s10, s10, -0x1
x26 <- 0xFFFFFFFFFF7FFFFF

mem[X,0x0000000080000320] -> 0x1D13
mem[X,0x0000000080000322] -> 0x00BD
[205] [M]: 0x0000000080000320 (0x00BD1D13) slli s10, s10, 0xb
x26 <- 0xFFFFFFFBFFFFF800

mem[X,0x0000000080000324] -> 0x0D13
mem[X,0x0000000080000326] -> 0x000D
[206] [M]: 0x0000000080000324 (0x000D0D13) addi s10, s10, 0x0
x26 <- 0xFFFFFFFBFFFFF800

mem[X,0x0000000080000328] -> 0x1D13
mem[X,0x000000008000032A] -> 0x00BD
[207] [M]: 0x0000000080000328 (0x00BD1D13) slli s10, s10, 0xb
x26 <- 0xFFFFDFFFFFC00000

mem[X,0x000000008000032C] -> 0x0D13
mem[X,0x000000008000032E] -> 0x000D
[208] [M]: 0x000000008000032C (0x000D0D13) addi s10, s10, 0x0
x26 <- 0xFFFFDFFFFFC00000

mem[X,0x0000000080000330] -> 0x1D13
mem[X,0x0000000080000332] -> 0x00AD
[209] [M]: 0x0000000080000330 (0x00AD1D13) slli s10, s10, 0xa
x26 <- 0xFF7FFFFF00000000

mem[X,0x0000000080000334] -> 0x0D13
mem[X,0x0000000080000336] -> 0x004D
[210] [M]: 0x0000000080000334 (0x004D0D13) addi s10, s10, 0x4
x26 <- 0xFF7FFFFF00000004

mem[X,0x0000000080000338] -> 0x01B7
mem[X,0x000000008000033A] -> 0xFFF8
[211] [M]: 0x0000000080000338 (0xFFF801B7) lui gp, -0x80
x3 <- 0xFFFFFFFFFFF80000

mem[X,0x000000008000033C] -> 0x8193
mem[X,0x000000008000033E] -> 0xFFF1
[212] [M]: 0x000000008000033C (0xFFF18193) addi gp, gp, -0x1
x3 <- 0xFFFFFFFFFFF7FFFF

mem[X,0x0000000080000340] -> 0x9193
mem[X,0x0000000080000342] -> 0x00B1
[213] [M]: 0x0000000080000340 (0x00B19193) slli gp, gp, 0xb
x3 <- 0xFFFFFFFFBFFFF800

mem[X,0x0000000080000344] -> 0x8193
mem[X,0x0000000080000346] -> 0x0001
[214] [M]: 0x0000000080000344 (0x00018193) addi gp, gp, 0x0
x3 <- 0xFFFFFFFFBFFFF800

mem[X,0x0000000080000348] -> 0x9193
mem[X,0x000000008000034A] -> 0x00B1
[215] [M]: 0x0000000080000348 (0x00B19193) slli gp, gp, 0xb
x3 <- 0xFFFFFDFFFFC00000

mem[X,0x000000008000034C] -> 0x8193
mem[X,0x000000008000034E] -> 0x4001
[216] [M]: 0x000000008000034C (0x40018193) addi gp, gp, 0x400
x3 <- 0xFFFFFDFFFFC00400

mem[X,0x0000000080000350] -> 0x9193
mem[X,0x0000000080000352] -> 0x00A1
[217] [M]: 0x0000000080000350 (0x00A19193) slli gp, gp, 0xa
x3 <- 0xFFF7FFFF00100000

mem[X,0x0000000080000354] -> 0x211B
mem[X,0x0000000080000356] -> 0xEE3D
[218] [M]: 0x0000000080000354 (0xEE3D211B) sha sp, s10, gp
x2 <- 0xFF7FFFFF00000004

mem[X,0x0000000080000358] -> 0x3823
mem[X,0x000000008000035A] -> 0x0223
[219] [M]: 0x0000000080000358 (0x02233823) sd sp, 0x30(t1)
mem[0x0000000080005148] <- 0xFF7FFFFF00000004

mem[X,0x000000008000035C] -> 0x0C37
mem[X,0x000000008000035E] -> 0x0000
[220] [M]: 0x000000008000035C (0x00000C37) lui s8, 0x0
x24 <- 0x0000000000000000

mem[X,0x0000000080000360] -> 0x0C13
mem[X,0x0000000080000362] -> 0xEFFC
[221] [M]: 0x0000000080000360 (0xEFFC0C13) addi s8, s8, -0x101
x24 <- 0xFFFFFFFFFFFFFEFF

mem[X,0x0000000080000364] -> 0x1C13
mem[X,0x0000000080000366] -> 0x00BC
[222] [M]: 0x0000000080000364 (0x00BC1C13) slli s8, s8, 0xb
x24 <- 0xFFFFFFFFFFF7F800

mem[X,0x0000000080000368] -> 0x0C13
mem[X,0x000000008000036A] -> 0x000C
[223] [M]: 0x0000000080000368 (0x000C0C13) addi s8, s8, 0x0
x24 <- 0xFFFFFFFFFFF7F800

mem[X,0x000000008000036C] -> 0x1C13
mem[X,0x000000008000036E] -> 0x00BC
[224] [M]: 0x000000008000036C (0x00BC1C13) slli s8, s8, 0xb
x24 <- 0xFFFFFFFFBFC00000

mem[X,0x0000000080000370] -> 0x0C13
mem[X,0x0000000080000372] -> 0x000C
[225] [M]: 0x0000000080000370 (0x000C0C13) addi s8, s8, 0x0
x24 <- 0xFFFFFFFFBFC00000

mem[X,0x0000000080000374] -> 0x1C13
mem[X,0x0000000080000376] -> 0x00AC
[226] [M]: 0x0000000080000374 (0x00AC1C13) slli s8, s8, 0xa
x24 <- 0xFFFFFEFF00000000

mem[X,0x0000000080000378] -> 0x0C13
mem[X,0x000000008000037A] -> 0x008C
[227] [M]: 0x0000000080000378 (0x008C0C13) addi s8, s8, 0x8
x24 <- 0xFFFFFEFF00000008

mem[X,0x000000008000037C] -> 0x0093
mem[X,0x000000008000037E] -> 0x0010
[228] [M]: 0x000000008000037C (0x00100093) addi ra, zero, 0x1
x1 <- 0x0000000000000001

mem[X,0x0000000080000380] -> 0x9093
mem[X,0x0000000080000382] -> 0x03A0
[229] [M]: 0x0000000080000380 (0x03A09093) slli ra, ra, 0x3a
x1 <- 0x0400000000000000

mem[X,0x0000000080000384] -> 0x221B
mem[X,0x0000000080000386] -> 0xEE1C
[230] [M]: 0x0000000080000384 (0xEE1C221B) sha tp, s8, ra
x4 <- 0xFFFFFEFF00000008

mem[X,0x0000000080000388] -> 0x3C23
mem[X,0x000000008000038A] -> 0x0243
[231] [M]: 0x0000000080000388 (0x02433C23) sd tp, 0x38(t1)
mem[0x0000000080005150] <- 0xFFFFFEFF00000008

mem[X,0x000000008000038C] -> 0x2837
mem[X,0x000000008000038E] -> 0x0000
[232] [M]: 0x000000008000038C (0x00002837) lui a6, 0x2
x16 <- 0x0000000000002000

mem[X,0x0000000080000390] -> 0x0813
mem[X,0x0000000080000392] -> 0x0008
[233] [M]: 0x0000000080000390 (0x00080813) addi a6, a6, 0x0
x16 <- 0x0000000000002000

mem[X,0x0000000080000394] -> 0x1813
mem[X,0x0000000080000396] -> 0x00B8
[234] [M]: 0x0000000080000394 (0x00B81813) slli a6, a6, 0xb
x16 <- 0x0000000001000000

mem[X,0x0000000080000398] -> 0x0813
mem[X,0x000000008000039A] -> 0x0008
[235] [M]: 0x0000000080000398 (0x00080813) addi a6, a6, 0x0
x16 <- 0x0000000001000000

mem[X,0x000000008000039C] -> 0x1813
mem[X,0x000000008000039E] -> 0x00B8
[236] [M]: 0x000000008000039C (0x00B81813) slli a6, a6, 0xb
x16 <- 0x0000000800000000

mem[X,0x00000000800003A0] -> 0x0813
mem[X,0x00000000800003A2] -> 0x0008
[237] [M]: 0x00000000800003A0 (0x00080813) addi a6, a6, 0x0
x16 <- 0x0000000800000000

mem[X,0x00000000800003A4] -> 0x1813
mem[X,0x00000000800003A6] -> 0x00A8
[238] [M]: 0x00000000800003A4 (0x00A81813) slli a6, a6, 0xa
x16 <- 0x0000200000000000

mem[X,0x00000000800003A8] -> 0x0813
mem[X,0x00000000800003AA] -> 0x0108
[239] [M]: 0x00000000800003A8 (0x01080813) addi a6, a6, 0x10
x16 <- 0x0000200000000010

mem[X,0x00000000800003AC] -> 0x0137
mem[X,0x00000000800003AE] -> 0x0000
[240] [M]: 0x00000000800003AC (0x00000137) lui sp, 0x0
x2 <- 0x0000000000000000

mem[X,0x00000000800003B0] -> 0x0113
mem[X,0x00000000800003B2] -> 0xFF81
[241] [M]: 0x00000000800003B0 (0xFF810113) addi sp, sp, -0x8
x2 <- 0xFFFFFFFFFFFFFFF8

mem[X,0x00000000800003B4] -> 0x1113
mem[X,0x00000000800003B6] -> 0x00B1
[242] [M]: 0x00000000800003B4 (0x00B11113) slli sp, sp, 0xb
x2 <- 0xFFFFFFFFFFFFC000

mem[X,0x00000000800003B8] -> 0x0113
mem[X,0x00000000800003BA] -> 0x7FF1
[243] [M]: 0x00000000800003B8 (0x7FF10113) addi sp, sp, 0x7ff
x2 <- 0xFFFFFFFFFFFFC7FF

mem[X,0x00000000800003BC] -> 0x1113
mem[X,0x00000000800003BE] -> 0x00B1
[244] [M]: 0x00000000800003BC (0x00B11113) slli sp, sp, 0xb
x2 <- 0xFFFFFFFFFE3FF800

mem[X,0x00000000800003C0] -> 0x0113
mem[X,0x00000000800003C2] -> 0x77F1
[245] [M]: 0x00000000800003C0 (0x77F10113) addi sp, sp, 0x77f
x2 <- 0xFFFFFFFFFE3FFF7F

mem[X,0x00000000800003C4] -> 0x1113
mem[X,0x00000000800003C6] -> 0x00A1
[246] [M]: 0x00000000800003C4 (0x00A11113) slli sp, sp, 0xa
x2 <- 0xFFFFFFF8FFFDFC00

mem[X,0x00000000800003C8] -> 0x0113
mem[X,0x00000000800003CA] -> 0x3FF1
[247] [M]: 0x00000000800003C8 (0x3FF10113) addi sp, sp, 0x3ff
x2 <- 0xFFFFFFF8FFFDFFFF

mem[X,0x00000000800003CC] -> 0x259B
mem[X,0x00000000800003CE] -> 0xEE28
[248] [M]: 0x00000000800003CC (0xEE28259B) sha a1, a6, sp
x11 <- 0x0000100000000008

mem[X,0x00000000800003D0] -> 0x3023
mem[X,0x00000000800003D2] -> 0x04B3
[249] [M]: 0x00000000800003D0 (0x04B33023) sd a1, 0x40(t1)
mem[0x0000000080005158] <- 0x0000100000000008

mem[X,0x00000000800003D4] -> 0x07B7
mem[X,0x00000000800003D6] -> 0x0001
[250] [M]: 0x00000000800003D4 (0x000107B7) lui a5, 0x10
x15 <- 0x0000000000010000

mem[X,0x00000000800003D8] -> 0x8793
mem[X,0x00000000800003DA] -> 0x0007
[251] [M]: 0x00000000800003D8 (0x00078793) addi a5, a5, 0x0
x15 <- 0x0000000000010000

mem[X,0x00000000800003DC] -> 0x9793
mem[X,0x00000000800003DE] -> 0x00B7
[252] [M]: 0x00000000800003DC (0x00B79793) slli a5, a5, 0xb
x15 <- 0x0000000008000000

mem[X,0x00000000800003E0] -> 0x8793
mem[X,0x00000000800003E2] -> 0x0007
[253] [M]: 0x00000000800003E0 (0x00078793) addi a5, a5, 0x0
x15 <- 0x0000000008000000

mem[X,0x00000000800003E4] -> 0x9793
mem[X,0x00000000800003E6] -> 0x00B7
[254] [M]: 0x00000000800003E4 (0x00B79793) slli a5, a5, 0xb
x15 <- 0x0000004000000000

mem[X,0x00000000800003E8] -> 0x8793
mem[X,0x00000000800003EA] -> 0x0007
[255] [M]: 0x00000000800003E8 (0x00078793) addi a5, a5, 0x0
x15 <- 0x0000004000000000

mem[X,0x00000000800003EC] -> 0x9793
mem[X,0x00000000800003EE] -> 0x00A7
[256] [M]: 0x00000000800003EC (0x00A79793) slli a5, a5, 0xa
x15 <- 0x0001000000000000

mem[X,0x00000000800003F0] -> 0x8793
mem[X,0x00000000800003F2] -> 0x0207
[257] [M]: 0x00000000800003F0 (0x02078793) addi a5, a5, 0x20
x15 <- 0x0001000000000020

mem[X,0x00000000800003F4] -> 0x14B7
mem[X,0x00000000800003F6] -> 0x0000
[258] [M]: 0x00000000800003F4 (0x000014B7) lui s1, 0x1
x9 <- 0x0000000000001000

mem[X,0x00000000800003F8] -> 0x8493
mem[X,0x00000000800003FA] -> 0x8004
[259] [M]: 0x00000000800003F8 (0x80048493) addi s1, s1, -0x800
x9 <- 0x0000000000000800

mem[X,0x00000000800003FC] -> 0x9493
mem[X,0x00000000800003FE] -> 0x00B4
[260] [M]: 0x00000000800003FC (0x00B49493) slli s1, s1, 0xb
x9 <- 0x0000000000400000

mem[X,0x0000000080000400] -> 0x8493
mem[X,0x0000000080000402] -> 0x0004
[261] [M]: 0x0000000080000400 (0x00048493) addi s1, s1, 0x0
x9 <- 0x0000000000400000

mem[X,0x0000000080000404] -> 0x9493
mem[X,0x0000000080000406] -> 0x00B4
[262] [M]: 0x0000000080000404 (0x00B49493) slli s1, s1, 0xb
x9 <- 0x0000000200000000

mem[X,0x0000000080000408] -> 0x8493
mem[X,0x000000008000040A] -> 0x0004
[263] [M]: 0x0000000080000408 (0x00048493) addi s1, s1, 0x0
x9 <- 0x0000000200000000

mem[X,0x000000008000040C] -> 0x9493
mem[X,0x000000008000040E] -> 0x00A4
[264] [M]: 0x000000008000040C (0x00A49493) slli s1, s1, 0xa
x9 <- 0x0000080000000000

mem[X,0x0000000080000410] -> 0x8493
mem[X,0x0000000080000412] -> 0x0014
[265] [M]: 0x0000000080000410 (0x00148493) addi s1, s1, 0x1
x9 <- 0x0000080000000001

mem[X,0x0000000080000414] -> 0xAD1B
mem[X,0x0000000080000416] -> 0xEE97
[266] [M]: 0x0000000080000414 (0xEE97AD1B) sha s10, a5, s1
x26 <- 0x0002000000000040

mem[X,0x0000000080000418] -> 0x3423
mem[X,0x000000008000041A] -> 0x05A3
[267] [M]: 0x0000000080000418 (0x05A33423) sd s10, 0x48(t1)
mem[0x0000000080005160] <- 0x0002000000000040

mem[X,0x000000008000041C] -> 0x0537
mem[X,0x000000008000041E] -> 0x0200
[268] [M]: 0x000000008000041C (0x02000537) lui a0, 0x2000
x10 <- 0x0000000002000000

mem[X,0x0000000080000420] -> 0x0513
mem[X,0x0000000080000422] -> 0x0005
[269] [M]: 0x0000000080000420 (0x00050513) addi a0, a0, 0x0
x10 <- 0x0000000002000000

mem[X,0x0000000080000424] -> 0x1513
mem[X,0x0000000080000426] -> 0x00B5
[270] [M]: 0x0000000080000424 (0x00B51513) slli a0, a0, 0xb
x10 <- 0x0000001000000000

mem[X,0x0000000080000428] -> 0x0513
mem[X,0x000000008000042A] -> 0x0005
[271] [M]: 0x0000000080000428 (0x00050513) addi a0, a0, 0x0
x10 <- 0x0000001000000000

mem[X,0x000000008000042C] -> 0x1513
mem[X,0x000000008000042E] -> 0x00B5
[272] [M]: 0x000000008000042C (0x00B51513) slli a0, a0, 0xb
x10 <- 0x0000800000000000

mem[X,0x0000000080000430] -> 0x0513
mem[X,0x0000000080000432] -> 0x0005
[273] [M]: 0x0000000080000430 (0x00050513) addi a0, a0, 0x0
x10 <- 0x0000800000000000

mem[X,0x0000000080000434] -> 0x1513
mem[X,0x0000000080000436] -> 0x00A5
[274] [M]: 0x0000000080000434 (0x00A51513) slli a0, a0, 0xa
x10 <- 0x0200000000000000

mem[X,0x0000000080000438] -> 0x0513
mem[X,0x000000008000043A] -> 0x0405
[275] [M]: 0x0000000080000438 (0x04050513) addi a0, a0, 0x40
x10 <- 0x0200000000000040

mem[X,0x000000008000043C] -> 0x0237
mem[X,0x000000008000043E] -> 0xC000
[276] [M]: 0x000000008000043C (0xC0000237) lui tp, -0x40000
x4 <- 0xFFFFFFFFC0000000

mem[X,0x0000000080000440] -> 0x0213
mem[X,0x0000000080000442] -> 0xFFF2
[277] [M]: 0x0000000080000440 (0xFFF20213) addi tp, tp, -0x1
x4 <- 0xFFFFFFFFBFFFFFFF

mem[X,0x0000000080000444] -> 0x1213
mem[X,0x0000000080000446] -> 0x00B2
[278] [M]: 0x0000000080000444 (0x00B21213) slli tp, tp, 0xb
x4 <- 0xFFFFFDFFFFFFF800

mem[X,0x0000000080000448] -> 0x0213
mem[X,0x000000008000044A] -> 0x7FF2
[279] [M]: 0x0000000080000448 (0x7FF20213) addi tp, tp, 0x7ff
x4 <- 0xFFFFFDFFFFFFFFFF

mem[X,0x000000008000044C] -> 0x1213
mem[X,0x000000008000044E] -> 0x00B2
[280] [M]: 0x000000008000044C (0x00B21213) slli tp, tp, 0xb
x4 <- 0xFFEFFFFFFFFFF800

mem[X,0x0000000080000450] -> 0x0213
mem[X,0x0000000080000452] -> 0x7FF2
[281] [M]: 0x0000000080000450 (0x7FF20213) addi tp, tp, 0x7ff
x4 <- 0xFFEFFFFFFFFFFFFF

mem[X,0x0000000080000454] -> 0x1213
mem[X,0x0000000080000456] -> 0x00A2
[282] [M]: 0x0000000080000454 (0x00A21213) slli tp, tp, 0xa
x4 <- 0xBFFFFFFFFFFFFC00

mem[X,0x0000000080000458] -> 0x0213
mem[X,0x000000008000045A] -> 0x3FB2
[283] [M]: 0x0000000080000458 (0x3FB20213) addi tp, tp, 0x3fb
x4 <- 0xBFFFFFFFFFFFFFFB

mem[X,0x000000008000045C] -> 0x2A9B
mem[X,0x000000008000045E] -> 0xEE45
[284] [M]: 0x000000008000045C (0xEE452A9B) sha s5, a0, tp
x21 <- 0x0010000000000002

mem[X,0x0000000080000460] -> 0x3823
mem[X,0x0000000080000462] -> 0x0553
[285] [M]: 0x0000000080000460 (0x05533823) sd s5, 0x50(t1)
mem[0x0000000080005168] <- 0x0010000000000002

mem[X,0x0000000080000464] -> 0x09B7
mem[X,0x0000000080000466] -> 0x0000
[286] [M]: 0x0000000080000464 (0x000009B7) lui s3, 0x0
x19 <- 0x0000000000000000

mem[X,0x0000000080000468] -> 0x8993
mem[X,0x000000008000046A] -> 0xFDF9
[287] [M]: 0x0000000080000468 (0xFDF98993) addi s3, s3, -0x21
x19 <- 0xFFFFFFFFFFFFFFDF

mem[X,0x000000008000046C] -> 0x9993
mem[X,0x000000008000046E] -> 0x00B9
[288] [M]: 0x000000008000046C (0x00B99993) slli s3, s3, 0xb
x19 <- 0xFFFFFFFFFFFEF800

mem[X,0x0000000080000470] -> 0x8993
mem[X,0x0000000080000472] -> 0x0009
[289] [M]: 0x0000000080000470 (0x00098993) addi s3, s3, 0x0
x19 <- 0xFFFFFFFFFFFEF800

mem[X,0x0000000080000474] -> 0x9993
mem[X,0x0000000080000476] -> 0x00B9
[290] [M]: 0x0000000080000474 (0x00B99993) slli s3, s3, 0xb
x19 <- 0xFFFFFFFFF7C00000

mem[X,0x0000000080000478] -> 0x8993
mem[X,0x000000008000047A] -> 0x0009
[291] [M]: 0x0000000080000478 (0x00098993) addi s3, s3, 0x0
x19 <- 0xFFFFFFFFF7C00000

mem[X,0x000000008000047C] -> 0x9993
mem[X,0x000000008000047E] -> 0x00A9
[292] [M]: 0x000000008000047C (0x00A99993) slli s3, s3, 0xa
x19 <- 0xFFFFFFDF00000000

mem[X,0x0000000080000480] -> 0x8993
mem[X,0x0000000080000482] -> 0x0809
[293] [M]: 0x0000000080000480 (0x08098993) addi s3, s3, 0x80
x19 <- 0xFFFFFFDF00000080

mem[X,0x0000000080000484] -> 0x0D37
mem[X,0x0000000080000486] -> 0x0000
[294] [M]: 0x0000000080000484 (0x00000D37) lui s10, 0x0
x26 <- 0x0000000000000000

mem[X,0x0000000080000488] -> 0x0D13
mem[X,0x000000008000048A] -> 0xFFED
[295] [M]: 0x0000000080000488 (0xFFED0D13) addi s10, s10, -0x2
x26 <- 0xFFFFFFFFFFFFFFFE

mem[X,0x000000008000048C] -> 0x1D13
mem[X,0x000000008000048E] -> 0x00BD
[296] [M]: 0x000000008000048C (0x00BD1D13) slli s10, s10, 0xb
x26 <- 0xFFFFFFFFFFFFF000

mem[X,0x0000000080000490] -> 0x0D13
mem[X,0x0000000080000492] -> 0x7FED
[297] [M]: 0x0000000080000490 (0x7FED0D13) addi s10, s10, 0x7fe
x26 <- 0xFFFFFFFFFFFFF7FE

mem[X,0x0000000080000494] -> 0x1D13
mem[X,0x0000000080000496] -> 0x00BD
[298] [M]: 0x0000000080000494 (0x00BD1D13) slli s10, s10, 0xb
x26 <- 0xFFFFFFFFFFBFF000

mem[X,0x0000000080000498] -> 0x0D13
mem[X,0x000000008000049A] -> 0x7FFD
[299] [M]: 0x0000000080000498 (0x7FFD0D13) addi s10, s10, 0x7ff
x26 <- 0xFFFFFFFFFFBFF7FF

clint::tick mtime <- 0x0000000000000003
 clint timer pending at mtime 0x0000000000000003
htif::tick 0x0000000000000000
mem[X,0x000000008000049C] -> 0x1D13
mem[X,0x000000008000049E] -> 0x00AD
[300] [M]: 0x000000008000049C (0x00AD1D13) slli s10, s10, 0xa
x26 <- 0xFFFFFFFEFFDFFC00

mem[X,0x00000000800004A0] -> 0x0D13
mem[X,0x00000000800004A2] -> 0x3FFD
[301] [M]: 0x00000000800004A0 (0x3FFD0D13) addi s10, s10, 0x3ff
x26 <- 0xFFFFFFFEFFDFFFFF

mem[X,0x00000000800004A4] -> 0xA29B
mem[X,0x00000000800004A6] -> 0xEFA9
[302] [M]: 0x00000000800004A4 (0xEFA9A29B) sha t0, s3, s10
x5 <- 0xFFFFFFEF80000040

mem[X,0x00000000800004A8] -> 0x3C23
mem[X,0x00000000800004AA] -> 0x0453
[303] [M]: 0x00000000800004A8 (0x04533C23) sd t0, 0x58(t1)
mem[0x0000000080005170] <- 0xFFFFFFEF80000040

mem[X,0x00000000800004AC] -> 0x00B7
mem[X,0x00000000800004AE] -> 0x0900
[304] [M]: 0x00000000800004AC (0x090000B7) lui ra, 0x9000
x1 <- 0x0000000009000000

mem[X,0x00000000800004B0] -> 0x8093
mem[X,0x00000000800004B2] -> 0x0010
[305] [M]: 0x00000000800004B0 (0x00108093) addi ra, ra, 0x1
x1 <- 0x0000000009000001

mem[X,0x00000000800004B4] -> 0x9093
mem[X,0x00000000800004B6] -> 0x0080
[306] [M]: 0x00000000800004B4 (0x00809093) slli ra, ra, 0x8
x1 <- 0x0000000900000100

mem[X,0x00000000800004B8] -> 0x02B7
mem[X,0x00000000800004BA] -> 0x4000
[307] [M]: 0x00000000800004B8 (0x400002B7) lui t0, 0x40000
x5 <- 0x0000000040000000

mem[X,0x00000000800004BC] -> 0x8293
mem[X,0x00000000800004BE] -> 0x0002
[308] [M]: 0x00000000800004BC (0x00028293) addi t0, t0, 0x0
x5 <- 0x0000000040000000

mem[X,0x00000000800004C0] -> 0x9293
mem[X,0x00000000800004C2] -> 0x00B2
[309] [M]: 0x00000000800004C0 (0x00B29293) slli t0, t0, 0xb
x5 <- 0x0000020000000000

mem[X,0x00000000800004C4] -> 0x8293
mem[X,0x00000000800004C6] -> 0x0002
[310] [M]: 0x00000000800004C4 (0x00028293) addi t0, t0, 0x0
x5 <- 0x0000020000000000

mem[X,0x00000000800004C8] -> 0x9293
mem[X,0x00000000800004CA] -> 0x00B2
[311] [M]: 0x00000000800004C8 (0x00B29293) slli t0, t0, 0xb
x5 <- 0x0010000000000000

mem[X,0x00000000800004CC] -> 0x8293
mem[X,0x00000000800004CE] -> 0x0002
[312] [M]: 0x00000000800004CC (0x00028293) addi t0, t0, 0x0
x5 <- 0x0010000000000000

mem[X,0x00000000800004D0] -> 0x9293
mem[X,0x00000000800004D2] -> 0x00A2
[313] [M]: 0x00000000800004D0 (0x00A29293) slli t0, t0, 0xa
x5 <- 0x4000000000000000

mem[X,0x00000000800004D4] -> 0x8293
mem[X,0x00000000800004D6] -> 0x0032
[314] [M]: 0x00000000800004D4 (0x00328293) addi t0, t0, 0x3
x5 <- 0x4000000000000003

mem[X,0x00000000800004D8] -> 0xAE9B
mem[X,0x00000000800004DA] -> 0xEE50
[315] [M]: 0x00000000800004D8 (0xEE50AE9B) sha t4, ra, t0
x29 <- 0x0000004800000800

mem[X,0x00000000800004DC] -> 0x3023
mem[X,0x00000000800004DE] -> 0x07D3
[316] [M]: 0x00000000800004DC (0x07D33023) sd t4, 0x60(t1)
mem[0x0000000080005178] <- 0x0000004800000800

mem[X,0x00000000800004E0] -> 0x0B37
mem[X,0x00000000800004E2] -> 0xFFF8
[317] [M]: 0x00000000800004E0 (0xFFF80B37) lui s6, -0x80
x22 <- 0xFFFFFFFFFFF80000

mem[X,0x00000000800004E4] -> 0x0B13
mem[X,0x00000000800004E6] -> 0xFFFB
[318] [M]: 0x00000000800004E4 (0xFFFB0B13) addi s6, s6, -0x1
x22 <- 0xFFFFFFFFFFF7FFFF

mem[X,0x00000000800004E8] -> 0x1B13
mem[X,0x00000000800004EA] -> 0x00BB
[319] [M]: 0x00000000800004E8 (0x00BB1B13) slli s6, s6, 0xb
x22 <- 0xFFFFFFFFBFFFF800

mem[X,0x00000000800004EC] -> 0x0B13
mem[X,0x00000000800004EE] -> 0x000B
[320] [M]: 0x00000000800004EC (0x000B0B13) addi s6, s6, 0x0
x22 <- 0xFFFFFFFFBFFFF800

mem[X,0x00000000800004F0] -> 0x1B13
mem[X,0x00000000800004F2] -> 0x00BB
[321] [M]: 0x00000000800004F0 (0x00BB1B13) slli s6, s6, 0xb
x22 <- 0xFFFFFDFFFFC00000

mem[X,0x00000000800004F4] -> 0x0B13
mem[X,0x00000000800004F6] -> 0x000B
[322] [M]: 0x00000000800004F4 (0x000B0B13) addi s6, s6, 0x0
x22 <- 0xFFFFFDFFFFC00000

mem[X,0x00000000800004F8] -> 0x1B13
mem[X,0x00000000800004FA] -> 0x00AB
[323] [M]: 0x00000000800004F8 (0x00AB1B13) slli s6, s6, 0xa
x22 <- 0xFFF7FFFF00000000

mem[X,0x00000000800004FC] -> 0x0B13
mem[X,0x00000000800004FE] -> 0x200B
[324] [M]: 0x00000000800004FC (0x200B0B13) addi s6, s6, 0x200
x22 <- 0xFFF7FFFF00000200

mem[X,0x0000000080000500] -> 0x0FB7
mem[X,0x0000000080000502] -> 0xF000
[325] [M]: 0x0000000080000500 (0xF0000FB7) lui t6, -0x10000
x31 <- 0xFFFFFFFFF0000000

mem[X,0x0000000080000504] -> 0x8F93
mem[X,0x0000000080000506] -> 0xFFFF
[326] [M]: 0x0000000080000504 (0xFFFF8F93) addi t6, t6, -0x1
x31 <- 0xFFFFFFFFEFFFFFFF

mem[X,0x0000000080000508] -> 0x9F93
mem[X,0x000000008000050A] -> 0x00BF
[327] [M]: 0x0000000080000508 (0x00BF9F93) slli t6, t6, 0xb
x31 <- 0xFFFFFF7FFFFFF800

mem[X,0x000000008000050C] -> 0x8F93
mem[X,0x000000008000050E] -> 0x7FFF
[328] [M]: 0x000000008000050C (0x7FFF8F93) addi t6, t6, 0x7ff
x31 <- 0xFFFFFF7FFFFFFFFF

mem[X,0x0000000080000510] -> 0x9F93
mem[X,0x0000000080000512] -> 0x00BF
[329] [M]: 0x0000000080000510 (0x00BF9F93) slli t6, t6, 0xb
x31 <- 0xFFFBFFFFFFFFF800

mem[X,0x0000000080000514] -> 0x8F93
mem[X,0x0000000080000516] -> 0x3FFF
[330] [M]: 0x0000000080000514 (0x3FFF8F93) addi t6, t6, 0x3ff
x31 <- 0xFFFBFFFFFFFFFBFF

mem[X,0x0000000080000518] -> 0x9F93
mem[X,0x000000008000051A] -> 0x00AF
[331] [M]: 0x0000000080000518 (0x00AF9F93) slli t6, t6, 0xa
x31 <- 0xEFFFFFFFFFEFFC00

mem[X,0x000000008000051C] -> 0x8F93
mem[X,0x000000008000051E] -> 0x3FFF
[332] [M]: 0x000000008000051C (0x3FFF8F93) addi t6, t6, 0x3ff
x31 <- 0xEFFFFFFFFFEFFFFF

mem[X,0x0000000080000520] -> 0x299B
mem[X,0x0000000080000522] -> 0xEFFB
[333] [M]: 0x0000000080000520 (0xEFFB299B) sha s3, s6, t6
x19 <- 0xFFFBFFFF80000100

mem[X,0x0000000080000524] -> 0x3423
mem[X,0x0000000080000526] -> 0x0733
[334] [M]: 0x0000000080000524 (0x07333423) sd s3, 0x68(t1)
mem[0x0000000080005180] <- 0xFFFBFFFF80000100

mem[X,0x0000000080000528] -> 0x0013
mem[X,0x000000008000052A] -> 0x0000
[335] [M]: 0x0000000080000528 (0x00000013) addi zero, zero, 0x0

mem[X,0x000000008000052C] -> 0x0013
mem[X,0x000000008000052E] -> 0x0000
[336] [M]: 0x000000008000052C (0x00000013) addi zero, zero, 0x0

mem[X,0x0000000080000530] -> 0x0013
mem[X,0x0000000080000532] -> 0x0000
[337] [M]: 0x0000000080000530 (0x00000013) addi zero, zero, 0x0

mem[X,0x0000000080000534] -> 0x0013
mem[X,0x0000000080000536] -> 0x0000
[338] [M]: 0x0000000080000534 (0x00000013) addi zero, zero, 0x0

mem[X,0x0000000080000538] -> 0x0013
mem[X,0x000000008000053A] -> 0x0000
[339] [M]: 0x0000000080000538 (0x00000013) addi zero, zero, 0x0

mem[X,0x000000008000053C] -> 0x0013
mem[X,0x000000008000053E] -> 0x0000
[340] [M]: 0x000000008000053C (0x00000013) addi zero, zero, 0x0

mem[X,0x0000000080000540] -> 0x5797
mem[X,0x0000000080000542] -> 0x0000
[341] [M]: 0x0000000080000540 (0x00005797) auipc a5, 0x5
x15 <- 0x0000000080005540

mem[X,0x0000000080000544] -> 0x8793
mem[X,0x0000000080000546] -> 0xC487
[342] [M]: 0x0000000080000544 (0xC4878793) addi a5, a5, -0x3b8
x15 <- 0x0000000080005188

mem[X,0x0000000080000548] -> 0x0013
mem[X,0x000000008000054A] -> 0x0000
[343] [M]: 0x0000000080000548 (0x00000013) addi zero, zero, 0x0

mem[X,0x000000008000054C] -> 0x0013
mem[X,0x000000008000054E] -> 0x0000
[344] [M]: 0x000000008000054C (0x00000013) addi zero, zero, 0x0

mem[X,0x0000000080000550] -> 0x0013
mem[X,0x0000000080000552] -> 0x0000
[345] [M]: 0x0000000080000550 (0x00000013) addi zero, zero, 0x0

mem[X,0x0000000080000554] -> 0x0013
mem[X,0x0000000080000556] -> 0x0000
[346] [M]: 0x0000000080000554 (0x00000013) addi zero, zero, 0x0

mem[X,0x0000000080000558] -> 0x0013
mem[X,0x000000008000055A] -> 0x0000
[347] [M]: 0x0000000080000558 (0x00000013) addi zero, zero, 0x0

mem[X,0x000000008000055C] -> 0x0013
mem[X,0x000000008000055E] -> 0x0000
[348] [M]: 0x000000008000055C (0x00000013) addi zero, zero, 0x0

mem[X,0x0000000080000560] -> 0x0CB7
mem[X,0x0000000080000562] -> 0x0080
[349] [M]: 0x0000000080000560 (0x00800CB7) lui s9, 0x800
x25 <- 0x0000000000800000

mem[X,0x0000000080000564] -> 0x8C93
mem[X,0x0000000080000566] -> 0x001C
[350] [M]: 0x0000000080000564 (0x001C8C93) addi s9, s9, 0x1
x25 <- 0x0000000000800001

mem[X,0x0000000080000568] -> 0x9C93
mem[X,0x000000008000056A] -> 0x00AC
[351] [M]: 0x0000000080000568 (0x00AC9C93) slli s9, s9, 0xa
x25 <- 0x0000000200000400

mem[X,0x000000008000056C] -> 0x0B37
mem[X,0x000000008000056E] -> 0x4000
[352] [M]: 0x000000008000056C (0x40000B37) lui s6, 0x40000
x22 <- 0x0000000040000000

mem[X,0x0000000080000570] -> 0x0B13
mem[X,0x0000000080000572] -> 0x001B
[353] [M]: 0x0000000080000570 (0x001B0B13) addi s6, s6, 0x1
x22 <- 0x0000000040000001

mem[X,0x0000000080000574] -> 0x1B13
mem[X,0x0000000080000576] -> 0x016B
[354] [M]: 0x0000000080000574 (0x016B1B13) slli s6, s6, 0x16
x22 <- 0x0010000000400000

mem[X,0x0000000080000578] -> 0xA91B
mem[X,0x000000008000057A] -> 0xEF6C
[355] [M]: 0x0000000080000578 (0xEF6CA91B) sha s2, s9, s6
x18 <- 0x0000000200000400

mem[X,0x000000008000057C] -> 0xB023
mem[X,0x000000008000057E] -> 0x0127
[356] [M]: 0x000000008000057C (0x0127B023) sd s2, 0x0(a5)
mem[0x0000000080005188] <- 0x0000000200000400

mem[X,0x0000000080000580] -> 0x0037
mem[X,0x0000000080000582] -> 0x0000
[357] [M]: 0x0000000080000580 (0x00000037) lui zero, 0x0

mem[X,0x0000000080000584] -> 0x0013
mem[X,0x0000000080000586] -> 0xFFF0
[358] [M]: 0x0000000080000584 (0xFFF00013) addi zero, zero, -0x1

mem[X,0x0000000080000588] -> 0x1013
mem[X,0x000000008000058A] -> 0x00B0
[359] [M]: 0x0000000080000588 (0x00B01013) slli zero, zero, 0xb

mem[X,0x000000008000058C] -> 0x0013
mem[X,0x000000008000058E] -> 0x0000
[360] [M]: 0x000000008000058C (0x00000013) addi zero, zero, 0x0

mem[X,0x0000000080000590] -> 0x1013
mem[X,0x0000000080000592] -> 0x00B0
[361] [M]: 0x0000000080000590 (0x00B01013) slli zero, zero, 0xb

mem[X,0x0000000080000594] -> 0x0013
mem[X,0x0000000080000596] -> 0x0020
[362] [M]: 0x0000000080000594 (0x00200013) addi zero, zero, 0x2

mem[X,0x0000000080000598] -> 0x1013
mem[X,0x000000008000059A] -> 0x00A0
[363] [M]: 0x0000000080000598 (0x00A01013) slli zero, zero, 0xa

mem[X,0x000000008000059C] -> 0x0CB7
mem[X,0x000000008000059E] -> 0x0000
[364] [M]: 0x000000008000059C (0x00000CB7) lui s9, 0x0
x25 <- 0x0000000000000000

mem[X,0x00000000800005A0] -> 0x8C93
mem[X,0x00000000800005A2] -> 0x010C
[365] [M]: 0x00000000800005A0 (0x010C8C93) addi s9, s9, 0x10
x25 <- 0x0000000000000010

mem[X,0x00000000800005A4] -> 0x9C93
mem[X,0x00000000800005A6] -> 0x00BC
[366] [M]: 0x00000000800005A4 (0x00BC9C93) slli s9, s9, 0xb
x25 <- 0x0000000000008000

mem[X,0x00000000800005A8] -> 0x8C93
mem[X,0x00000000800005AA] -> 0x000C
[367] [M]: 0x00000000800005A8 (0x000C8C93) addi s9, s9, 0x0
x25 <- 0x0000000000008000

mem[X,0x00000000800005AC] -> 0x9C93
mem[X,0x00000000800005AE] -> 0x00BC
[368] [M]: 0x00000000800005AC (0x00BC9C93) slli s9, s9, 0xb
x25 <- 0x0000000004000000

mem[X,0x00000000800005B0] -> 0x8C93
mem[X,0x00000000800005B2] -> 0x000C
[369] [M]: 0x00000000800005B0 (0x000C8C93) addi s9, s9, 0x0
x25 <- 0x0000000004000000

mem[X,0x00000000800005B4] -> 0x9C93
mem[X,0x00000000800005B6] -> 0x00AC
[370] [M]: 0x00000000800005B4 (0x00AC9C93) slli s9, s9, 0xa
x25 <- 0x0000001000000000

mem[X,0x00000000800005B8] -> 0x8C93
mem[X,0x00000000800005BA] -> 0x005C
[371] [M]: 0x00000000800005B8 (0x005C8C93) addi s9, s9, 0x5
x25 <- 0x0000001000000005

mem[X,0x00000000800005BC] -> 0x2E1B
mem[X,0x00000000800005BE] -> 0xEF90
[372] [M]: 0x00000000800005BC (0xEF902E1B) sha t3, zero, s9
x28 <- 0x0000000000000000

mem[X,0x00000000800005C0] -> 0xB423
mem[X,0x00000000800005C2] -> 0x01C7
[373] [M]: 0x00000000800005C0 (0x01C7B423) sd t3, 0x8(a5)
mem[0x0000000080005190] <- 0x0000000000000000

mem[X,0x00000000800005C4] -> 0x0137
mem[X,0x00000000800005C6] -> 0xC000
[374] [M]: 0x00000000800005C4 (0xC0000137) lui sp, -0x40000
x2 <- 0xFFFFFFFFC0000000

mem[X,0x00000000800005C8] -> 0x0113
mem[X,0x00000000800005CA] -> 0xFFF1
[375] [M]: 0x00000000800005C8 (0xFFF10113) addi sp, sp, -0x1
x2 <- 0xFFFFFFFFBFFFFFFF

mem[X,0x00000000800005CC] -> 0x1113
mem[X,0x00000000800005CE] -> 0x00B1
[376] [M]: 0x00000000800005CC (0x00B11113) slli sp, sp, 0xb
x2 <- 0xFFFFFDFFFFFFF800

mem[X,0x00000000800005D0] -> 0x0113
mem[X,0x00000000800005D2] -> 0x0001
[377] [M]: 0x00000000800005D0 (0x00010113) addi sp, sp, 0x0
x2 <- 0xFFFFFDFFFFFFF800

mem[X,0x00000000800005D4] -> 0x1113
mem[X,0x00000000800005D6] -> 0x00B1
[378] [M]: 0x00000000800005D4 (0x00B11113) slli sp, sp, 0xb
x2 <- 0xFFEFFFFFFFC00000

mem[X,0x00000000800005D8] -> 0x0113
mem[X,0x00000000800005DA] -> 0x0041
[379] [M]: 0x00000000800005D8 (0x00410113) addi sp, sp, 0x4
x2 <- 0xFFEFFFFFFFC00004

mem[X,0x00000000800005DC] -> 0x1113
mem[X,0x00000000800005DE] -> 0x00A1
[380] [M]: 0x00000000800005DC (0x00A11113) slli sp, sp, 0xa
x2 <- 0xBFFFFFFF00001000

mem[X,0x00000000800005E0] -> 0x8BB7
mem[X,0x00000000800005E2] -> 0xFFFF
[381] [M]: 0x00000000800005E0 (0xFFFF8BB7) lui s7, -0x8
x23 <- 0xFFFFFFFFFFFF8000

mem[X,0x00000000800005E4] -> 0x8B93
mem[X,0x00000000800005E6] -> 0xFFFB
[382] [M]: 0x00000000800005E4 (0xFFFB8B93) addi s7, s7, -0x1
x23 <- 0xFFFFFFFFFFFF7FFF

mem[X,0x00000000800005E8] -> 0x9B93
mem[X,0x00000000800005EA] -> 0x00BB
[383] [M]: 0x00000000800005E8 (0x00BB9B93) slli s7, s7, 0xb
x23 <- 0xFFFFFFFFFBFFF800

mem[X,0x00000000800005EC] -> 0x8B93
mem[X,0x00000000800005EE] -> 0x000B
[384] [M]: 0x00000000800005EC (0x000B8B93) addi s7, s7, 0x0
x23 <- 0xFFFFFFFFFBFFF800

mem[X,0x00000000800005F0] -> 0x9B93
mem[X,0x00000000800005F2] -> 0x00BB
[385] [M]: 0x00000000800005F0 (0x00BB9B93) slli s7, s7, 0xb
x23 <- 0xFFFFFFDFFFC00000

mem[X,0x00000000800005F4] -> 0x8B93
mem[X,0x00000000800005F6] -> 0x000B
[386] [M]: 0x00000000800005F4 (0x000B8B93) addi s7, s7, 0x0
x23 <- 0xFFFFFFDFFFC00000

mem[X,0x00000000800005F8] -> 0x9B93
mem[X,0x00000000800005FA] -> 0x00AB
[387] [M]: 0x00000000800005F8 (0x00AB9B93) slli s7, s7, 0xa
x23 <- 0xFFFF7FFF00000000

mem[X,0x00000000800005FC] -> 0x8B93
mem[X,0x00000000800005FE] -> 0x020B
[388] [M]: 0x00000000800005FC (0x020B8B93) addi s7, s7, 0x20
x23 <- 0xFFFF7FFF00000020

mem[X,0x0000000080000600] -> 0x2F9B
mem[X,0x0000000080000602] -> 0xEF71
[389] [M]: 0x0000000080000600 (0xEF712F9B) sha t6, sp, s7
x31 <- 0xFFFFFFFFBFFFFFFF

mem[X,0x0000000080000604] -> 0xB823
mem[X,0x0000000080000606] -> 0x01F7
[390] [M]: 0x0000000080000604 (0x01F7B823) sd t6, 0x10(a5)
mem[0x0000000080005198] <- 0xFFFFFFFFBFFFFFFF

mem[X,0x0000000080000608] -> 0x0E37
mem[X,0x000000008000060A] -> 0xFFFE
[391] [M]: 0x0000000080000608 (0xFFFE0E37) lui t3, -0x20
x28 <- 0xFFFFFFFFFFFE0000

mem[X,0x000000008000060C] -> 0x0E13
mem[X,0x000000008000060E] -> 0xFFFE
[392] [M]: 0x000000008000060C (0xFFFE0E13) addi t3, t3, -0x1
x28 <- 0xFFFFFFFFFFFDFFFF

mem[X,0x0000000080000610] -> 0x1E13
mem[X,0x0000000080000612] -> 0x00BE
[393] [M]: 0x0000000080000610 (0x00BE1E13) slli t3, t3, 0xb
x28 <- 0xFFFFFFFFEFFFF800

mem[X,0x0000000080000614] -> 0x0E13
mem[X,0x0000000080000616] -> 0x000E
[394] [M]: 0x0000000080000614 (0x000E0E13) addi t3, t3, 0x0
x28 <- 0xFFFFFFFFEFFFF800

mem[X,0x0000000080000618] -> 0x1E13
mem[X,0x000000008000061A] -> 0x00BE
[395] [M]: 0x0000000080000618 (0x00BE1E13) slli t3, t3, 0xb
x28 <- 0xFFFFFF7FFFC00000

mem[X,0x000000008000061C] -> 0x0E13
mem[X,0x000000008000061E] -> 0x008E
[396] [M]: 0x000000008000061C (0x008E0E13) addi t3, t3, 0x8
x28 <- 0xFFFFFF7FFFC00008

mem[X,0x0000000080000620] -> 0x1E13
mem[X,0x0000000080000622] -> 0x00AE
[397] [M]: 0x0000000080000620 (0x00AE1E13) slli t3, t3, 0xa
x28 <- 0xFFFDFFFF00002000

mem[X,0x0000000080000624] -> 0x0DB7
mem[X,0x0000000080000626] -> 0x0004
[398] [M]: 0x0000000080000624 (0x00040DB7) lui s11, 0x40
x27 <- 0x0000000000040000

mem[X,0x0000000080000628] -> 0x8D93
mem[X,0x000000008000062A] -> 0x000D
[399] [M]: 0x0000000080000628 (0x000D8D93) addi s11, s11, 0x0
x27 <- 0x0000000000040000

clint::tick mtime <- 0x0000000000000004
 clint timer pending at mtime 0x0000000000000004
htif::tick 0x0000000000000000
mem[X,0x000000008000062C] -> 0x9D93
mem[X,0x000000008000062E] -> 0x00BD
[400] [M]: 0x000000008000062C (0x00BD9D93) slli s11, s11, 0xb
x27 <- 0x0000000020000000

mem[X,0x0000000080000630] -> 0x8D93
mem[X,0x0000000080000632] -> 0x7FFD
[401] [M]: 0x0000000080000630 (0x7FFD8D93) addi s11, s11, 0x7ff
x27 <- 0x00000000200007FF

mem[X,0x0000000080000634] -> 0x9D93
mem[X,0x0000000080000636] -> 0x00BD
[402] [M]: 0x0000000080000634 (0x00BD9D93) slli s11, s11, 0xb
x27 <- 0x00000100003FF800

mem[X,0x0000000080000638] -> 0x8D93
mem[X,0x000000008000063A] -> 0x7FFD
[403] [M]: 0x0000000080000638 (0x7FFD8D93) addi s11, s11, 0x7ff
x27 <- 0x00000100003FFFFF

mem[X,0x000000008000063C] -> 0x9D93
mem[X,0x000000008000063E] -> 0x00AD
[404] [M]: 0x000000008000063C (0x00AD9D93) slli s11, s11, 0xa
x27 <- 0x00040000FFFFFC00

mem[X,0x0000000080000640] -> 0x8D93
mem[X,0x0000000080000642] -> 0x3FBD
[405] [M]: 0x0000000080000640 (0x3FBD8D93) addi s11, s11, 0x3fb
x27 <- 0x00040000FFFFFFFB

mem[X,0x0000000080000644] -> 0x271B
mem[X,0x0000000080000646] -> 0xEFBE
[406] [M]: 0x0000000080000644 (0xEFBE271B) sha a4, t3, s11
x14 <- 0xFFFFEFFFF8000100

mem[X,0x0000000080000648] -> 0xBC23
mem[X,0x000000008000064A] -> 0x00E7
[407] [M]: 0x0000000080000648 (0x00E7BC23) sd a4, 0x18(a5)
mem[0x00000000800051A0] <- 0xFFFFEFFFF8000100

mem[X,0x000000008000064C] -> 0x0FB7
mem[X,0x000000008000064E] -> 0x8000
[408] [M]: 0x000000008000064C (0x80000FB7) lui t6, -0x80000
x31 <- 0xFFFFFFFF80000000

mem[X,0x0000000080000650] -> 0x8F93
mem[X,0x0000000080000652] -> 0x000F
[409] [M]: 0x0000000080000650 (0x000F8F93) addi t6, t6, 0x0
x31 <- 0xFFFFFFFF80000000

mem[X,0x0000000080000654] -> 0x9F93
mem[X,0x0000000080000656] -> 0x00BF
[410] [M]: 0x0000000080000654 (0x00BF9F93) slli t6, t6, 0xb
x31 <- 0xFFFFFC0000000000

mem[X,0x0000000080000658] -> 0x8F93
mem[X,0x000000008000065A] -> 0x000F
[411] [M]: 0x0000000080000658 (0x000F8F93) addi t6, t6, 0x0
x31 <- 0xFFFFFC0000000000

mem[X,0x000000008000065C] -> 0x9F93
mem[X,0x000000008000065E] -> 0x00BF
[412] [M]: 0x000000008000065C (0x00BF9F93) slli t6, t6, 0xb
x31 <- 0xFFE0000000000000

mem[X,0x0000000080000660] -> 0x8F93
mem[X,0x0000000080000662] -> 0x010F
[413] [M]: 0x0000000080000660 (0x010F8F93) addi t6, t6, 0x10
x31 <- 0xFFE0000000000010

mem[X,0x0000000080000664] -> 0x9F93
mem[X,0x0000000080000666] -> 0x00AF
[414] [M]: 0x0000000080000664 (0x00AF9F93) slli t6, t6, 0xa
x31 <- 0x8000000000004000

mem[X,0x0000000080000668] -> 0x89B7
mem[X,0x000000008000066A] -> 0xFFFF
[415] [M]: 0x0000000080000668 (0xFFFF89B7) lui s3, -0x8
x19 <- 0xFFFFFFFFFFFF8000

mem[X,0x000000008000066C] -> 0x8993
mem[X,0x000000008000066E] -> 0xFFF9
[416] [M]: 0x000000008000066C (0xFFF98993) addi s3, s3, -0x1
x19 <- 0xFFFFFFFFFFFF7FFF

mem[X,0x0000000080000670] -> 0x9993
mem[X,0x0000000080000672] -> 0x00B9
[417] [M]: 0x0000000080000670 (0x00B99993) slli s3, s3, 0xb
x19 <- 0xFFFFFFFFFBFFF800

mem[X,0x0000000080000674] -> 0x8993
mem[X,0x0000000080000676] -> 0x5FF9
[418] [M]: 0x0000000080000674 (0x5FF98993) addi s3, s3, 0x5ff
x19 <- 0xFFFFFFFFFBFFFDFF

mem[X,0x0000000080000678] -> 0x9993
mem[X,0x000000008000067A] -> 0x00B9
[419] [M]: 0x0000000080000678 (0x00B99993) slli s3, s3, 0xb
x19 <- 0xFFFFFFDFFFEFF800

mem[X,0x000000008000067C] -> 0x8993
mem[X,0x000000008000067E] -> 0x7FF9
[420] [M]: 0x000000008000067C (0x7FF98993) addi s3, s3, 0x7ff
x19 <- 0xFFFFFFDFFFEFFFFF

mem[X,0x0000000080000680] -> 0x9993
mem[X,0x0000000080000682] -> 0x00A9
[421] [M]: 0x0000000080000680 (0x00A99993) slli s3, s3, 0xa
x19 <- 0xFFFF7FFFBFFFFC00

mem[X,0x0000000080000684] -> 0x8993
mem[X,0x0000000080000686] -> 0x3FF9
[422] [M]: 0x0000000080000684 (0x3FF98993) addi s3, s3, 0x3ff
x19 <- 0xFFFF7FFFBFFFFFFF

mem[X,0x0000000080000688] -> 0xA81B
mem[X,0x000000008000068A] -> 0xEF3F
[423] [M]: 0x0000000080000688 (0xEF3FA81B) sha a6, t6, s3
x16 <- 0xC000000000002000

mem[X,0x000000008000068C] -> 0xB023
mem[X,0x000000008000068E] -> 0x0307
[424] [M]: 0x000000008000068C (0x0307B023) sd a6, 0x20(a5)
mem[0x00000000800051A8] <- 0xC000000000002000

mem[X,0x0000000080000690] -> 0x82B7
mem[X,0x0000000080000692] -> 0xFFFF
[425] [M]: 0x0000000080000690 (0xFFFF82B7) lui t0, -0x8
x5 <- 0xFFFFFFFFFFFF8000

mem[X,0x0000000080000694] -> 0x8293
mem[X,0x0000000080000696] -> 0xFFF2
[426] [M]: 0x0000000080000694 (0xFFF28293) addi t0, t0, -0x1
x5 <- 0xFFFFFFFFFFFF7FFF

mem[X,0x0000000080000698] -> 0x9293
mem[X,0x000000008000069A] -> 0x00B2
[427] [M]: 0x0000000080000698 (0x00B29293) slli t0, t0, 0xb
x5 <- 0xFFFFFFFFFBFFF800

mem[X,0x000000008000069C] -> 0x8293
mem[X,0x000000008000069E] -> 0x0002
[428] [M]: 0x000000008000069C (0x00028293) addi t0, t0, 0x0
x5 <- 0xFFFFFFFFFBFFF800

mem[X,0x00000000800006A0] -> 0x9293
mem[X,0x00000000800006A2] -> 0x00B2
[429] [M]: 0x00000000800006A0 (0x00B29293) slli t0, t0, 0xb
x5 <- 0xFFFFFFDFFFC00000

mem[X,0x00000000800006A4] -> 0x8293
mem[X,0x00000000800006A6] -> 0x0202
[430] [M]: 0x00000000800006A4 (0x02028293) addi t0, t0, 0x20
x5 <- 0xFFFFFFDFFFC00020

mem[X,0x00000000800006A8] -> 0x9293
mem[X,0x00000000800006AA] -> 0x00A2
[431] [M]: 0x00000000800006A8 (0x00A29293) slli t0, t0, 0xa
x5 <- 0xFFFF7FFF00008000

mem[X,0x00000000800006AC] -> 0x03B7
mem[X,0x00000000800006AE] -> 0x4000
[432] [M]: 0x00000000800006AC (0x400003B7) lui t2, 0x40000
x7 <- 0x0000000040000000

mem[X,0x00000000800006B0] -> 0x8393
mem[X,0x00000000800006B2] -> 0x0003
[433] [M]: 0x00000000800006B0 (0x00038393) addi t2, t2, 0x0
x7 <- 0x0000000040000000

mem[X,0x00000000800006B4] -> 0x9393
mem[X,0x00000000800006B6] -> 0x00B3
[434] [M]: 0x00000000800006B4 (0x00B39393) slli t2, t2, 0xb
x7 <- 0x0000020000000000

mem[X,0x00000000800006B8] -> 0x8393
mem[X,0x00000000800006BA] -> 0x0103
[435] [M]: 0x00000000800006B8 (0x01038393) addi t2, t2, 0x10
x7 <- 0x0000020000000010

mem[X,0x00000000800006BC] -> 0x9393
mem[X,0x00000000800006BE] -> 0x00B3
[436] [M]: 0x00000000800006BC (0x00B39393) slli t2, t2, 0xb
x7 <- 0x0010000000008000

mem[X,0x00000000800006C0] -> 0x8393
mem[X,0x00000000800006C2] -> 0x0003
[437] [M]: 0x00000000800006C0 (0x00038393) addi t2, t2, 0x0
x7 <- 0x0010000000008000

mem[X,0x00000000800006C4] -> 0x9393
mem[X,0x00000000800006C6] -> 0x00A3
[438] [M]: 0x00000000800006C4 (0x00A39393) slli t2, t2, 0xa
x7 <- 0x4000000002000000

mem[X,0x00000000800006C8] -> 0xA19B
mem[X,0x00000000800006CA] -> 0xEE72
[439] [M]: 0x00000000800006C8 (0xEE72A19B) sha gp, t0, t2
x3 <- 0xFFFF7FFF00008000

mem[X,0x00000000800006CC] -> 0xB423
mem[X,0x00000000800006CE] -> 0x0237
[440] [M]: 0x00000000800006CC (0x0237B423) sd gp, 0x28(a5)
mem[0x00000000800051B0] <- 0xFFFF7FFF00008000

mem[X,0x00000000800006D0] -> 0xC637
mem[X,0x00000000800006D2] -> 0xFFFF
[441] [M]: 0x00000000800006D0 (0xFFFFC637) lui a2, -0x4
x12 <- 0xFFFFFFFFFFFFC000

mem[X,0x00000000800006D4] -> 0x0613
mem[X,0x00000000800006D6] -> 0xFFF6
[442] [M]: 0x00000000800006D4 (0xFFF60613) addi a2, a2, -0x1
x12 <- 0xFFFFFFFFFFFFBFFF

mem[X,0x00000000800006D8] -> 0x1613
mem[X,0x00000000800006DA] -> 0x00B6
[443] [M]: 0x00000000800006D8 (0x00B61613) slli a2, a2, 0xb
x12 <- 0xFFFFFFFFFDFFF800

mem[X,0x00000000800006DC] -> 0x0613
mem[X,0x00000000800006DE] -> 0x0006
[444] [M]: 0x00000000800006DC (0x00060613) addi a2, a2, 0x0
x12 <- 0xFFFFFFFFFDFFF800

mem[X,0x00000000800006E0] -> 0x1613
mem[X,0x00000000800006E2] -> 0x00B6
[445] [M]: 0x00000000800006E0 (0x00B61613) slli a2, a2, 0xb
x12 <- 0xFFFFFFEFFFC00000

mem[X,0x00000000800006E4] -> 0x0613
mem[X,0x00000000800006E6] -> 0x0406
[446] [M]: 0x00000000800006E4 (0x04060613) addi a2, a2, 0x40
x12 <- 0xFFFFFFEFFFC00040

mem[X,0x00000000800006E8] -> 0x1613
mem[X,0x00000000800006EA] -> 0x00A6
[447] [M]: 0x00000000800006E8 (0x00A61613) slli a2, a2, 0xa
x12 <- 0xFFFFBFFF00010000

mem[X,0x00000000800006EC] -> 0xF937
mem[X,0x00000000800006EE] -> 0xFFFF
[448] [M]: 0x00000000800006EC (0xFFFFF937) lui s2, -0x1
x18 <- 0xFFFFFFFFFFFFF000

mem[X,0x00000000800006F0] -> 0x0913
mem[X,0x00000000800006F2] -> 0xFFF9
[449] [M]: 0x00000000800006F0 (0xFFF90913) addi s2, s2, -0x1
x18 <- 0xFFFFFFFFFFFFEFFF

mem[X,0x00000000800006F4] -> 0x1913
mem[X,0x00000000800006F6] -> 0x00B9
[450] [M]: 0x00000000800006F4 (0x00B91913) slli s2, s2, 0xb
x18 <- 0xFFFFFFFFFF7FF800

mem[X,0x00000000800006F8] -> 0x0913
mem[X,0x00000000800006FA] -> 0x0009
[451] [M]: 0x00000000800006F8 (0x00090913) addi s2, s2, 0x0
x18 <- 0xFFFFFFFFFF7FF800

mem[X,0x00000000800006FC] -> 0x1913
mem[X,0x00000000800006FE] -> 0x00B9
[452] [M]: 0x00000000800006FC (0x00B91913) slli s2, s2, 0xb
x18 <- 0xFFFFFFFBFFC00000

mem[X,0x0000000080000700] -> 0x0913
mem[X,0x0000000080000702] -> 0x0409
[453] [M]: 0x0000000080000700 (0x04090913) addi s2, s2, 0x40
x18 <- 0xFFFFFFFBFFC00040

mem[X,0x0000000080000704] -> 0x1913
mem[X,0x0000000080000706] -> 0x00A9
[454] [M]: 0x0000000080000704 (0x00A91913) slli s2, s2, 0xa
x18 <- 0xFFFFEFFF00010000

mem[X,0x0000000080000708] -> 0x249B
mem[X,0x000000008000070A] -> 0xEF26
[455] [M]: 0x0000000080000708 (0xEF26249B) sha s1, a2, s2
x9 <- 0xFFFFBFFF00010000

mem[X,0x000000008000070C] -> 0xB823
mem[X,0x000000008000070E] -> 0x0297
[456] [M]: 0x000000008000070C (0x0297B823) sd s1, 0x30(a5)
mem[0x00000000800051B8] <- 0xFFFFBFFF00010000

mem[X,0x0000000080000710] -> 0x0937
mem[X,0x0000000080000712] -> 0xFFE0
[457] [M]: 0x0000000080000710 (0xFFE00937) lui s2, -0x200
x18 <- 0xFFFFFFFFFFE00000

mem[X,0x0000000080000714] -> 0x0913
mem[X,0x0000000080000716] -> 0xFFF9
[458] [M]: 0x0000000080000714 (0xFFF90913) addi s2, s2, -0x1
x18 <- 0xFFFFFFFFFFDFFFFF

mem[X,0x0000000080000718] -> 0x1913
mem[X,0x000000008000071A] -> 0x00B9
[459] [M]: 0x0000000080000718 (0x00B91913) slli s2, s2, 0xb
x18 <- 0xFFFFFFFEFFFFF800

mem[X,0x000000008000071C] -> 0x0913
mem[X,0x000000008000071E] -> 0x0009
[460] [M]: 0x000000008000071C (0x00090913) addi s2, s2, 0x0
x18 <- 0xFFFFFFFEFFFFF800

mem[X,0x0000000080000720] -> 0x1913
mem[X,0x0000000080000722] -> 0x00B9
[461] [M]: 0x0000000080000720 (0x00B91913) slli s2, s2, 0xb
x18 <- 0xFFFFF7FFFFC00000

mem[X,0x0000000080000724] -> 0x0913
mem[X,0x0000000080000726] -> 0x0809
[462] [M]: 0x0000000080000724 (0x08090913) addi s2, s2, 0x80
x18 <- 0xFFFFF7FFFFC00080

mem[X,0x0000000080000728] -> 0x1913
mem[X,0x000000008000072A] -> 0x00A9
[463] [M]: 0x0000000080000728 (0x00A91913) slli s2, s2, 0xa
x18 <- 0xFFDFFFFF00020000

mem[X,0x000000008000072C] -> 0x05B7
mem[X,0x000000008000072E] -> 0xFFFF
[464] [M]: 0x000000008000072C (0xFFFF05B7) lui a1, -0x10
x11 <- 0xFFFFFFFFFFFF0000

mem[X,0x0000000080000730] -> 0x8593
mem[X,0x0000000080000732] -> 0xFFF5
[465] [M]: 0x0000000080000730 (0xFFF58593) addi a1, a1, -0x1
x11 <- 0xFFFFFFFFFFFEFFFF

mem[X,0x0000000080000734] -> 0x9593
mem[X,0x0000000080000736] -> 0x00B5
[466] [M]: 0x0000000080000734 (0x00B59593) slli a1, a1, 0xb
x11 <- 0xFFFFFFFFF7FFF800

mem[X,0x0000000080000738] -> 0x8593
mem[X,0x000000008000073A] -> 0x0005
[467] [M]: 0x0000000080000738 (0x00058593) addi a1, a1, 0x0
x11 <- 0xFFFFFFFFF7FFF800

mem[X,0x000000008000073C] -> 0x9593
mem[X,0x000000008000073E] -> 0x00B5
[468] [M]: 0x000000008000073C (0x00B59593) slli a1, a1, 0xb
x11 <- 0xFFFFFFBFFFC00000

mem[X,0x0000000080000740] -> 0x8593
mem[X,0x0000000080000742] -> 0x0005
[469] [M]: 0x0000000080000740 (0x00058593) addi a1, a1, 0x0
x11 <- 0xFFFFFFBFFFC00000

mem[X,0x0000000080000744] -> 0x9593
mem[X,0x0000000080000746] -> 0x00A5
[470] [M]: 0x0000000080000744 (0x00A59593) slli a1, a1, 0xa
x11 <- 0xFFFEFFFF00000000

mem[X,0x0000000080000748] -> 0x8593
mem[X,0x000000008000074A] -> 0x0105
[471] [M]: 0x0000000080000748 (0x01058593) addi a1, a1, 0x10
x11 <- 0xFFFEFFFF00000010

mem[X,0x000000008000074C] -> 0x201B
mem[X,0x000000008000074E] -> 0xEEB9
[472] [M]: 0x000000008000074C (0xEEB9201B) sha zero, s2, a1

mem[X,0x0000000080000750] -> 0xBC23
mem[X,0x0000000080000752] -> 0x0207
[473] [M]: 0x0000000080000750 (0x0207BC23) sd zero, 0x38(a5)
mem[0x00000000800051C0] <- 0x0000000000000000

mem[X,0x0000000080000754] -> 0x0BB7
mem[X,0x0000000080000756] -> 0x0000
[474] [M]: 0x0000000080000754 (0x00000BB7) lui s7, 0x0
x23 <- 0x0000000000000000

mem[X,0x0000000080000758] -> 0x8B93
mem[X,0x000000008000075A] -> 0xFBFB
[475] [M]: 0x0000000080000758 (0xFBFB8B93) addi s7, s7, -0x41
x23 <- 0xFFFFFFFFFFFFFFBF

mem[X,0x000000008000075C] -> 0x9B93
mem[X,0x000000008000075E] -> 0x00BB
[476] [M]: 0x000000008000075C (0x00BB9B93) slli s7, s7, 0xb
x23 <- 0xFFFFFFFFFFFDF800

mem[X,0x0000000080000760] -> 0x8B93
mem[X,0x0000000080000762] -> 0x000B
[477] [M]: 0x0000000080000760 (0x000B8B93) addi s7, s7, 0x0
x23 <- 0xFFFFFFFFFFFDF800

mem[X,0x0000000080000764] -> 0x9B93
mem[X,0x0000000080000766] -> 0x00BB
[478] [M]: 0x0000000080000764 (0x00BB9B93) slli s7, s7, 0xb
x23 <- 0xFFFFFFFFEFC00000

mem[X,0x0000000080000768] -> 0x8B93
mem[X,0x000000008000076A] -> 0x100B
[479] [M]: 0x0000000080000768 (0x100B8B93) addi s7, s7, 0x100
x23 <- 0xFFFFFFFFEFC00100

mem[X,0x000000008000076C] -> 0x9B93
mem[X,0x000000008000076E] -> 0x00AB
[480] [M]: 0x000000008000076C (0x00AB9B93) slli s7, s7, 0xa
x23 <- 0xFFFFFFBF00040000

mem[X,0x0000000080000770] -> 0x1737
mem[X,0x0000000080000772] -> 0x0000
[481] [M]: 0x0000000080000770 (0x00001737) lui a4, 0x1
x14 <- 0x0000000000001000

mem[X,0x0000000080000774] -> 0x0713
mem[X,0x0000000080000776] -> 0x0007
[482] [M]: 0x0000000080000774 (0x00070713) addi a4, a4, 0x0
x14 <- 0x0000000000001000

mem[X,0x0000000080000778] -> 0x1713
mem[X,0x000000008000077A] -> 0x00B7
[483] [M]: 0x0000000080000778 (0x00B71713) slli a4, a4, 0xb
x14 <- 0x0000000000800000

mem[X,0x000000008000077C] -> 0x0713
mem[X,0x000000008000077E] -> 0x7FF7
[484] [M]: 0x000000008000077C (0x7FF70713) addi a4, a4, 0x7ff
x14 <- 0x00000000008007FF

mem[X,0x0000000080000780] -> 0x1713
mem[X,0x0000000080000782] -> 0x00B7
[485] [M]: 0x0000000080000780 (0x00B71713) slli a4, a4, 0xb
x14 <- 0x00000004003FF800

mem[X,0x0000000080000784] -> 0x0713
mem[X,0x0000000080000786] -> 0x7FB7
[486] [M]: 0x0000000080000784 (0x7FB70713) addi a4, a4, 0x7fb
x14 <- 0x00000004003FFFFB

mem[X,0x0000000080000788] -> 0x1713
mem[X,0x000000008000078A] -> 0x00A7
[487] [M]: 0x0000000080000788 (0x00A71713) slli a4, a4, 0xa
x14 <- 0x00001000FFFFEC00

mem[X,0x000000008000078C] -> 0x0713
mem[X,0x000000008000078E] -> 0x3FF7
[488] [M]: 0x000000008000078C (0x3FF70713) addi a4, a4, 0x3ff
x14 <- 0x00001000FFFFEFFF

mem[X,0x0000000080000790] -> 0xAF1B
mem[X,0x0000000080000792] -> 0xEEEB
[489] [M]: 0x0000000080000790 (0xEEEBAF1B) sha t5, s7, a4
x30 <- 0xFFFFFFDF80020000

mem[X,0x0000000080000794] -> 0xB023
mem[X,0x0000000080000796] -> 0x05E7
[490] [M]: 0x0000000080000794 (0x05E7B023) sd t5, 0x40(a5)
mem[0x00000000800051C8] <- 0xFFFFFFDF80020000

mem[X,0x0000000080000798] -> 0x08B7
mem[X,0x000000008000079A] -> 0x8000
[491] [M]: 0x0000000080000798 (0x800008B7) lui a7, -0x80000
x17 <- 0xFFFFFFFF80000000

mem[X,0x000000008000079C] -> 0x8893
mem[X,0x000000008000079E] -> 0xFFF8
[492] [M]: 0x000000008000079C (0xFFF88893) addi a7, a7, -0x1
x17 <- 0xFFFFFFFF7FFFFFFF

mem[X,0x00000000800007A0] -> 0x9893
mem[X,0x00000000800007A2] -> 0x00B8
[493] [M]: 0x00000000800007A0 (0x00B89893) slli a7, a7, 0xb
x17 <- 0xFFFFFBFFFFFFF800

mem[X,0x00000000800007A4] -> 0x8893
mem[X,0x00000000800007A6] -> 0x0008
[494] [M]: 0x00000000800007A4 (0x00088893) addi a7, a7, 0x0
x17 <- 0xFFFFFBFFFFFFF800

mem[X,0x00000000800007A8] -> 0x9893
mem[X,0x00000000800007AA] -> 0x00B8
[495] [M]: 0x00000000800007A8 (0x00B89893) slli a7, a7, 0xb
x17 <- 0xFFDFFFFFFFC00000

mem[X,0x00000000800007AC] -> 0x8893
mem[X,0x00000000800007AE] -> 0x2008
[496] [M]: 0x00000000800007AC (0x20088893) addi a7, a7, 0x200
x17 <- 0xFFDFFFFFFFC00200

mem[X,0x00000000800007B0] -> 0x9893
mem[X,0x00000000800007B2] -> 0x00A8
[497] [M]: 0x00000000800007B0 (0x00A89893) slli a7, a7, 0xa
x17 <- 0x7FFFFFFF00080000

mem[X,0x00000000800007B4] -> 0x06B7
mem[X,0x00000000800007B6] -> 0x0400
[498] [M]: 0x00000000800007B4 (0x040006B7) lui a3, 0x4000
x13 <- 0x0000000004000000

mem[X,0x00000000800007B8] -> 0x8693
mem[X,0x00000000800007BA] -> 0x0006
[499] [M]: 0x00000000800007B8 (0x00068693) addi a3, a3, 0x0
x13 <- 0x0000000004000000

clint::tick mtime <- 0x0000000000000005
 clint timer pending at mtime 0x0000000000000005
htif::tick 0x0000000000000000
mem[X,0x00000000800007BC] -> 0x9693
mem[X,0x00000000800007BE] -> 0x00B6
[500] [M]: 0x00000000800007BC (0x00B69693) slli a3, a3, 0xb
x13 <- 0x0000002000000000

mem[X,0x00000000800007C0] -> 0x8693
mem[X,0x00000000800007C2] -> 0x0006
[501] [M]: 0x00000000800007C0 (0x00068693) addi a3, a3, 0x0
x13 <- 0x0000002000000000

mem[X,0x00000000800007C4] -> 0x9693
mem[X,0x00000000800007C6] -> 0x00B6
[502] [M]: 0x00000000800007C4 (0x00B69693) slli a3, a3, 0xb
x13 <- 0x0001000000000000

mem[X,0x00000000800007C8] -> 0x8693
mem[X,0x00000000800007CA] -> 0x0026
[503] [M]: 0x00000000800007C8 (0x00268693) addi a3, a3, 0x2
x13 <- 0x0001000000000002

mem[X,0x00000000800007CC] -> 0x9693
mem[X,0x00000000800007CE] -> 0x00A6
[504] [M]: 0x00000000800007CC (0x00A69693) slli a3, a3, 0xa
x13 <- 0x0400000000000800

mem[X,0x00000000800007D0] -> 0xAB1B
mem[X,0x00000000800007D2] -> 0xEED8
[505] [M]: 0x00000000800007D0 (0xEED8AB1B) sha s6, a7, a3
x22 <- 0x7FFFFFFF00080000

mem[X,0x00000000800007D4] -> 0xB423
mem[X,0x00000000800007D6] -> 0x0567
[506] [M]: 0x00000000800007D4 (0x0567B423) sd s6, 0x48(a5)
mem[0x00000000800051D0] <- 0x7FFFFFFF00080000

mem[X,0x00000000800007D8] -> 0x45B7
mem[X,0x00000000800007DA] -> 0x0000
[507] [M]: 0x00000000800007D8 (0x000045B7) lui a1, 0x4
x11 <- 0x0000000000004000

mem[X,0x00000000800007DC] -> 0x8593
mem[X,0x00000000800007DE] -> 0x0015
[508] [M]: 0x00000000800007DC (0x00158593) addi a1, a1, 0x1
x11 <- 0x0000000000004001

mem[X,0x00000000800007E0] -> 0x9593
mem[X,0x00000000800007E2] -> 0x0145
[509] [M]: 0x00000000800007E0 (0x01459593) slli a1, a1, 0x14
x11 <- 0x0000000400100000

mem[X,0x00000000800007E4] -> 0x5337
mem[X,0x00000000800007E6] -> 0x5555
[510] [M]: 0x00000000800007E4 (0x55555337) lui t1, 0x55555
x6 <- 0x0000000055555000

mem[X,0x00000000800007E8] -> 0x0313
mem[X,0x00000000800007EA] -> 0x5553
[511] [M]: 0x00000000800007E8 (0x55530313) addi t1, t1, 0x555
x6 <- 0x0000000055555555

mem[X,0x00000000800007EC] -> 0x1313
mem[X,0x00000000800007EE] -> 0x00B3
[512] [M]: 0x00000000800007EC (0x00B31313) slli t1, t1, 0xb
x6 <- 0x000002AAAAAAA800

mem[X,0x00000000800007F0] -> 0x0313
mem[X,0x00000000800007F2] -> 0x0003
[513] [M]: 0x00000000800007F0 (0x00030313) addi t1, t1, 0x0
x6 <- 0x000002AAAAAAA800

mem[X,0x00000000800007F4] -> 0x1313
mem[X,0x00000000800007F6] -> 0x00B3
[514] [M]: 0x00000000800007F4 (0x00B31313) slli t1, t1, 0xb
x6 <- 0x0015555555400000

mem[X,0x00000000800007F8] -> 0x0313
mem[X,0x00000000800007FA] -> 0x0003
[515] [M]: 0x00000000800007F8 (0x00030313) addi t1, t1, 0x0
x6 <- 0x0015555555400000

mem[X,0x00000000800007FC] -> 0x1313
mem[X,0x00000000800007FE] -> 0x00A3
[516] [M]: 0x00000000800007FC (0x00A31313) slli t1, t1, 0xa
x6 <- 0x5555555500000000

mem[X,0x0000000080000800] -> 0x0313
mem[X,0x0000000080000802] -> 0x0053
[517] [M]: 0x0000000080000800 (0x00530313) addi t1, t1, 0x5
x6 <- 0x5555555500000005

mem[X,0x0000000080000804] -> 0xAC9B
mem[X,0x0000000080000806] -> 0xEE65
[518] [M]: 0x0000000080000804 (0xEE65AC9B) sha s9, a1, t1
x25 <- 0x0000008002000000

mem[X,0x0000000080000808] -> 0xB823
mem[X,0x000000008000080A] -> 0x0597
[519] [M]: 0x0000000080000808 (0x0597B823) sd s9, 0x50(a5)
mem[0x00000000800051D8] <- 0x0000008002000000

mem[X,0x000000008000080C] -> 0x0237
mem[X,0x000000008000080E] -> 0xFFE0
[520] [M]: 0x000000008000080C (0xFFE00237) lui tp, -0x200
x4 <- 0xFFFFFFFFFFE00000

mem[X,0x0000000080000810] -> 0x0213
mem[X,0x0000000080000812] -> 0xFFF2
[521] [M]: 0x0000000080000810 (0xFFF20213) addi tp, tp, -0x1
x4 <- 0xFFFFFFFFFFDFFFFF

mem[X,0x0000000080000814] -> 0x1213
mem[X,0x0000000080000816] -> 0x00B2
[522] [M]: 0x0000000080000814 (0x00B21213) slli tp, tp, 0xb
x4 <- 0xFFFFFFFEFFFFF800

mem[X,0x0000000080000818] -> 0x0213
mem[X,0x000000008000081A] -> 0x0012
[523] [M]: 0x0000000080000818 (0x00120213) addi tp, tp, 0x1
x4 <- 0xFFFFFFFEFFFFF801

mem[X,0x000000008000081C] -> 0x1213
mem[X,0x000000008000081E] -> 0x00B2
[524] [M]: 0x000000008000081C (0x00B21213) slli tp, tp, 0xb
x4 <- 0xFFFFF7FFFFC00800

mem[X,0x0000000080000820] -> 0x0213
mem[X,0x0000000080000822] -> 0x0002
[525] [M]: 0x0000000080000820 (0x00020213) addi tp, tp, 0x0
x4 <- 0xFFFFF7FFFFC00800

mem[X,0x0000000080000824] -> 0x1213
mem[X,0x0000000080000826] -> 0x00A2
[526] [M]: 0x0000000080000824 (0x00A21213) slli tp, tp, 0xa
x4 <- 0xFFDFFFFF00200000

mem[X,0x0000000080000828] -> 0x0637
mem[X,0x000000008000082A] -> 0xFFFE
[527] [M]: 0x0000000080000828 (0xFFFE0637) lui a2, -0x20
x12 <- 0xFFFFFFFFFFFE0000

mem[X,0x000000008000082C] -> 0x0613
mem[X,0x000000008000082E] -> 0xFFF6
[528] [M]: 0x000000008000082C (0xFFF60613) addi a2, a2, -0x1
x12 <- 0xFFFFFFFFFFFDFFFF

mem[X,0x0000000080000830] -> 0x1613
mem[X,0x0000000080000832] -> 0x00B6
[529] [M]: 0x0000000080000830 (0x00B61613) slli a2, a2, 0xb
x12 <- 0xFFFFFFFFEFFFF800

mem[X,0x0000000080000834] -> 0x0613
mem[X,0x0000000080000836] -> 0x7FF6
[530] [M]: 0x0000000080000834 (0x7FF60613) addi a2, a2, 0x7ff
x12 <- 0xFFFFFFFFEFFFFFFF

mem[X,0x0000000080000838] -> 0x1613
mem[X,0x000000008000083A] -> 0x00B6
[531] [M]: 0x0000000080000838 (0x00B61613) slli a2, a2, 0xb
x12 <- 0xFFFFFF7FFFFFF800

mem[X,0x000000008000083C] -> 0x0613
mem[X,0x000000008000083E] -> 0x7FF6
[532] [M]: 0x000000008000083C (0x7FF60613) addi a2, a2, 0x7ff
x12 <- 0xFFFFFF7FFFFFFFFF

mem[X,0x0000000080000840] -> 0x1613
mem[X,0x0000000080000842] -> 0x00A6
[533] [M]: 0x0000000080000840 (0x00A61613) slli a2, a2, 0xa
x12 <- 0xFFFDFFFFFFFFFC00

mem[X,0x0000000080000844] -> 0x0613
mem[X,0x0000000080000846] -> 0x2FF6
[534] [M]: 0x0000000080000844 (0x2FF60613) addi a2, a2, 0x2ff
x12 <- 0xFFFDFFFFFFFFFEFF

mem[X,0x0000000080000848] -> 0x239B
mem[X,0x000000008000084A] -> 0xEEC2
[535] [M]: 0x0000000080000848 (0xEEC2239B) sha t2, tp, a2
x7 <- 0xFFEFFFFF80100000

mem[X,0x000000008000084C] -> 0xBC23
mem[X,0x000000008000084E] -> 0x0477
[536] [M]: 0x000000008000084C (0x0477BC23) sd t2, 0x58(a5)
mem[0x00000000800051E0] <- 0xFFEFFFFF80100000

mem[X,0x0000000080000850] -> 0x0437
mem[X,0x0000000080000852] -> 0xFFC0
[537] [M]: 0x0000000080000850 (0xFFC00437) lui fp, -0x400
x8 <- 0xFFFFFFFFFFC00000

mem[X,0x0000000080000854] -> 0x0413
mem[X,0x0000000080000856] -> 0xFFF4
[538] [M]: 0x0000000080000854 (0xFFF40413) addi fp, fp, -0x1
x8 <- 0xFFFFFFFFFFBFFFFF

mem[X,0x0000000080000858] -> 0x1413
mem[X,0x000000008000085A] -> 0x00B4
[539] [M]: 0x0000000080000858 (0x00B41413) slli fp, fp, 0xb
x8 <- 0xFFFFFFFDFFFFF800

mem[X,0x000000008000085C] -> 0x0413
mem[X,0x000000008000085E] -> 0x0024
[540] [M]: 0x000000008000085C (0x00240413) addi fp, fp, 0x2
x8 <- 0xFFFFFFFDFFFFF802

mem[X,0x0000000080000860] -> 0x1413
mem[X,0x0000000080000862] -> 0x00B4
[541] [M]: 0x0000000080000860 (0x00B41413) slli fp, fp, 0xb
x8 <- 0xFFFFEFFFFFC01000

mem[X,0x0000000080000864] -> 0x0413
mem[X,0x0000000080000866] -> 0x0004
[542] [M]: 0x0000000080000864 (0x00040413) addi fp, fp, 0x0
x8 <- 0xFFFFEFFFFFC01000

mem[X,0x0000000080000868] -> 0x1413
mem[X,0x000000008000086A] -> 0x00A4
[543] [M]: 0x0000000080000868 (0x00A41413) slli fp, fp, 0xa
x8 <- 0xFFBFFFFF00400000

mem[X,0x000000008000086C] -> 0x0A93
mem[X,0x000000008000086E] -> 0x0010
[544] [M]: 0x000000008000086C (0x00100A93) addi s5, zero, 0x1
x21 <- 0x0000000000000001

mem[X,0x0000000080000870] -> 0x9A93
mem[X,0x0000000080000872] -> 0x039A
[545] [M]: 0x0000000080000870 (0x039A9A93) slli s5, s5, 0x39
x21 <- 0x0200000000000000

mem[X,0x0000000080000874] -> 0xCA93
mem[X,0x0000000080000876] -> 0xFFFA
[546] [M]: 0x0000000080000874 (0xFFFACA93) xori s5, s5, -0x1
x21 <- 0xFDFFFFFFFFFFFFFF

mem[X,0x0000000080000878] -> 0x231B
mem[X,0x000000008000087A] -> 0xEF54
[547] [M]: 0x0000000080000878 (0xEF54231B) sha t1, fp, s5
x6 <- 0xFFDFFFFF80200000

mem[X,0x000000008000087C] -> 0xB023
mem[X,0x000000008000087E] -> 0x0667
[548] [M]: 0x000000008000087C (0x0667B023) sd t1, 0x60(a5)
mem[0x00000000800051E8] <- 0xFFDFFFFF80200000

mem[X,0x0000000080000880] -> 0x0A93
mem[X,0x0000000080000882] -> 0x4010
[549] [M]: 0x0000000080000880 (0x40100A93) addi s5, zero, 0x401
x21 <- 0x0000000000000401

mem[X,0x0000000080000884] -> 0x9A93
mem[X,0x0000000080000886] -> 0x017A
[550] [M]: 0x0000000080000884 (0x017A9A93) slli s5, s5, 0x17
x21 <- 0x0000000200800000

mem[X,0x0000000080000888] -> 0x0537
mem[X,0x000000008000088A] -> 0x0100
[551] [M]: 0x0000000080000888 (0x01000537) lui a0, 0x1000
x10 <- 0x0000000001000000

mem[X,0x000000008000088C] -> 0x0513
mem[X,0x000000008000088E] -> 0x0015
[552] [M]: 0x000000008000088C (0x00150513) addi a0, a0, 0x1
x10 <- 0x0000000001000001

mem[X,0x0000000080000890] -> 0x1513
mem[X,0x0000000080000892] -> 0x00D5
[553] [M]: 0x0000000080000890 (0x00D51513) slli a0, a0, 0xd
x10 <- 0x0000002000002000

mem[X,0x0000000080000894] -> 0xA69B
mem[X,0x0000000080000896] -> 0xEEAA
[554] [M]: 0x0000000080000894 (0xEEAAA69B) sha a3, s5, a0
x13 <- 0x0000000200800000

mem[X,0x0000000080000898] -> 0xB423
mem[X,0x000000008000089A] -> 0x06D7
[555] [M]: 0x0000000080000898 (0x06D7B423) sd a3, 0x68(a5)
mem[0x00000000800051F0] <- 0x0000000200800000

mem[X,0x000000008000089C] -> 0x0737
mem[X,0x000000008000089E] -> 0x0004
[556] [M]: 0x000000008000089C (0x00040737) lui a4, 0x40
x14 <- 0x0000000000040000

mem[X,0x00000000800008A0] -> 0x0713
mem[X,0x00000000800008A2] -> 0x0017
[557] [M]: 0x00000000800008A0 (0x00170713) addi a4, a4, 0x1
x14 <- 0x0000000000040001

mem[X,0x00000000800008A4] -> 0x1713
mem[X,0x00000000800008A6] -> 0x0187
[558] [M]: 0x00000000800008A4 (0x01871713) slli a4, a4, 0x18
x14 <- 0x0000040001000000

mem[X,0x00000000800008A8] -> 0xF8B7
mem[X,0x00000000800008AA] -> 0xFFFF
[559] [M]: 0x00000000800008A8 (0xFFFFF8B7) lui a7, -0x1
x17 <- 0xFFFFFFFFFFFFF000

mem[X,0x00000000800008AC] -> 0x8893
mem[X,0x00000000800008AE] -> 0xFFF8
[560] [M]: 0x00000000800008AC (0xFFF88893) addi a7, a7, -0x1
x17 <- 0xFFFFFFFFFFFFEFFF

mem[X,0x00000000800008B0] -> 0x9893
mem[X,0x00000000800008B2] -> 0x00B8
[561] [M]: 0x00000000800008B0 (0x00B89893) slli a7, a7, 0xb
x17 <- 0xFFFFFFFFFF7FF800

mem[X,0x00000000800008B4] -> 0x8893
mem[X,0x00000000800008B6] -> 0x7FF8
[562] [M]: 0x00000000800008B4 (0x7FF88893) addi a7, a7, 0x7ff
x17 <- 0xFFFFFFFFFF7FFFFF

mem[X,0x00000000800008B8] -> 0x9893
mem[X,0x00000000800008BA] -> 0x00B8
[563] [M]: 0x00000000800008B8 (0x00B89893) slli a7, a7, 0xb
x17 <- 0xFFFFFFFBFFFFF800

mem[X,0x00000000800008BC] -> 0x8893
mem[X,0x00000000800008BE] -> 0x7FF8
[564] [M]: 0x00000000800008BC (0x7FF88893) addi a7, a7, 0x7ff
x17 <- 0xFFFFFFFBFFFFFFFF

mem[X,0x00000000800008C0] -> 0x9893
mem[X,0x00000000800008C2] -> 0x00A8
[565] [M]: 0x00000000800008C0 (0x00A89893) slli a7, a7, 0xa
x17 <- 0xFFFFEFFFFFFFFC00

mem[X,0x00000000800008C4] -> 0x8893
mem[X,0x00000000800008C6] -> 0x3FA8
[566] [M]: 0x00000000800008C4 (0x3FA88893) addi a7, a7, 0x3fa
x17 <- 0xFFFFEFFFFFFFFFFA

mem[X,0x00000000800008C8] -> 0x209B
mem[X,0x00000000800008CA] -> 0xEF17
[567] [M]: 0x00000000800008C8 (0xEF17209B) sha ra, a4, a7
x1 <- 0x0000001000040000

mem[X,0x00000000800008CC] -> 0xB823
mem[X,0x00000000800008CE] -> 0x0617
[568] [M]: 0x00000000800008CC (0x0617B823) sd ra, 0x70(a5)
mem[0x00000000800051F8] <- 0x0000001000040000

mem[X,0x00000000800008D0] -> 0x0013
mem[X,0x00000000800008D2] -> 0x0000
[569] [M]: 0x00000000800008D0 (0x00000013) addi zero, zero, 0x0

mem[X,0x00000000800008D4] -> 0x0013
mem[X,0x00000000800008D6] -> 0x0000
[570] [M]: 0x00000000800008D4 (0x00000013) addi zero, zero, 0x0

mem[X,0x00000000800008D8] -> 0x0013
mem[X,0x00000000800008DA] -> 0x0000
[571] [M]: 0x00000000800008D8 (0x00000013) addi zero, zero, 0x0

mem[X,0x00000000800008DC] -> 0x0013
mem[X,0x00000000800008DE] -> 0x0000
[572] [M]: 0x00000000800008DC (0x00000013) addi zero, zero, 0x0

mem[X,0x00000000800008E0] -> 0x5097
mem[X,0x00000000800008E2] -> 0x0000
[573] [M]: 0x00000000800008E0 (0x00005097) auipc ra, 0x5
x1 <- 0x00000000800058E0

mem[X,0x00000000800008E4] -> 0x8093
mem[X,0x00000000800008E6] -> 0x9200
[574] [M]: 0x00000000800008E4 (0x92008093) addi ra, ra, -0x6e0
x1 <- 0x0000000080005200

mem[X,0x00000000800008E8] -> 0x0013
mem[X,0x00000000800008EA] -> 0x0000
[575] [M]: 0x00000000800008E8 (0x00000013) addi zero, zero, 0x0

mem[X,0x00000000800008EC] -> 0x0013
mem[X,0x00000000800008EE] -> 0x0000
[576] [M]: 0x00000000800008EC (0x00000013) addi zero, zero, 0x0

mem[X,0x00000000800008F0] -> 0x0013
mem[X,0x00000000800008F2] -> 0x0000
[577] [M]: 0x00000000800008F0 (0x00000013) addi zero, zero, 0x0

mem[X,0x00000000800008F4] -> 0x0013
mem[X,0x00000000800008F6] -> 0x0000
[578] [M]: 0x00000000800008F4 (0x00000013) addi zero, zero, 0x0

mem[X,0x00000000800008F8] -> 0x0013
mem[X,0x00000000800008FA] -> 0x0000
[579] [M]: 0x00000000800008F8 (0x00000013) addi zero, zero, 0x0

mem[X,0x00000000800008FC] -> 0x0013
mem[X,0x00000000800008FE] -> 0x0000
[580] [M]: 0x00000000800008FC (0x00000013) addi zero, zero, 0x0

mem[X,0x0000000080000900] -> 0x0337
mem[X,0x0000000080000902] -> 0xE000
[581] [M]: 0x0000000080000900 (0xE0000337) lui t1, -0x20000
x6 <- 0xFFFFFFFFE0000000

mem[X,0x0000000080000904] -> 0x0313
mem[X,0x0000000080000906] -> 0xFFF3
[582] [M]: 0x0000000080000904 (0xFFF30313) addi t1, t1, -0x1
x6 <- 0xFFFFFFFFDFFFFFFF

mem[X,0x0000000080000908] -> 0x1313
mem[X,0x000000008000090A] -> 0x00B3
[583] [M]: 0x0000000080000908 (0x00B31313) slli t1, t1, 0xb
x6 <- 0xFFFFFEFFFFFFF800

mem[X,0x000000008000090C] -> 0x0313
mem[X,0x000000008000090E] -> 0x0103
[584] [M]: 0x000000008000090C (0x01030313) addi t1, t1, 0x10
x6 <- 0xFFFFFEFFFFFFF810

mem[X,0x0000000080000910] -> 0x1313
mem[X,0x0000000080000912] -> 0x00B3
[585] [M]: 0x0000000080000910 (0x00B31313) slli t1, t1, 0xb
x6 <- 0xFFF7FFFFFFC08000

mem[X,0x0000000080000914] -> 0x0313
mem[X,0x0000000080000916] -> 0x0003
[586] [M]: 0x0000000080000914 (0x00030313) addi t1, t1, 0x0
x6 <- 0xFFF7FFFFFFC08000

mem[X,0x0000000080000918] -> 0x1313
mem[X,0x000000008000091A] -> 0x00A3
[587] [M]: 0x0000000080000918 (0x00A31313) slli t1, t1, 0xa
x6 <- 0xDFFFFFFF02000000

mem[X,0x000000008000091C] -> 0x0837
mem[X,0x000000008000091E] -> 0x0010
[588] [M]: 0x000000008000091C (0x00100837) lui a6, 0x100
x16 <- 0x0000000000100000

mem[X,0x0000000080000920] -> 0x0813
mem[X,0x0000000080000922] -> 0x0018
[589] [M]: 0x0000000080000920 (0x00180813) addi a6, a6, 0x1
x16 <- 0x0000000000100001

mem[X,0x0000000080000924] -> 0x1813
mem[X,0x0000000080000926] -> 0x0138
[590] [M]: 0x0000000080000924 (0x01381813) slli a6, a6, 0x13
x16 <- 0x0000008000080000

mem[X,0x0000000080000928] -> 0x251B
mem[X,0x000000008000092A] -> 0xEF03
[591] [M]: 0x0000000080000928 (0xEF03251B) sha a0, t1, a6
x10 <- 0xDFFFFFFF02000000

mem[X,0x000000008000092C] -> 0xB023
mem[X,0x000000008000092E] -> 0x00A0
[592] [M]: 0x000000008000092C (0x00A0B023) sd a0, 0x0(ra)
mem[0x0000000080005200] <- 0xDFFFFFFF02000000

mem[X,0x0000000080000930] -> 0x0EB7
mem[X,0x0000000080000932] -> 0x0400
[593] [M]: 0x0000000080000930 (0x04000EB7) lui t4, 0x4000
x29 <- 0x0000000004000000

mem[X,0x0000000080000934] -> 0x8E93
mem[X,0x0000000080000936] -> 0x000E
[594] [M]: 0x0000000080000934 (0x000E8E93) addi t4, t4, 0x0
x29 <- 0x0000000004000000

mem[X,0x0000000080000938] -> 0x9E93
mem[X,0x000000008000093A] -> 0x00BE
[595] [M]: 0x0000000080000938 (0x00BE9E93) slli t4, t4, 0xb
x29 <- 0x0000002000000000

mem[X,0x000000008000093C] -> 0x8E93
mem[X,0x000000008000093E] -> 0x020E
[596] [M]: 0x000000008000093C (0x020E8E93) addi t4, t4, 0x20
x29 <- 0x0000002000000020

mem[X,0x0000000080000940] -> 0x9E93
mem[X,0x0000000080000942] -> 0x00BE
[597] [M]: 0x0000000080000940 (0x00BE9E93) slli t4, t4, 0xb
x29 <- 0x0001000000010000

mem[X,0x0000000080000944] -> 0x8E93
mem[X,0x0000000080000946] -> 0x000E
[598] [M]: 0x0000000080000944 (0x000E8E93) addi t4, t4, 0x0
x29 <- 0x0001000000010000

mem[X,0x0000000080000948] -> 0x9E93
mem[X,0x000000008000094A] -> 0x00AE
[599] [M]: 0x0000000080000948 (0x00AE9E93) slli t4, t4, 0xa
x29 <- 0x0400000004000000

clint::tick mtime <- 0x0000000000000006
 clint timer pending at mtime 0x0000000000000006
htif::tick 0x0000000000000000
mem[X,0x000000008000094C] -> 0xEE37
mem[X,0x000000008000094E] -> 0xFFFF
[600] [M]: 0x000000008000094C (0xFFFFEE37) lui t3, -0x2
x28 <- 0xFFFFFFFFFFFFE000

mem[X,0x0000000080000950] -> 0x0E13
mem[X,0x0000000080000952] -> 0xFFFE
[601] [M]: 0x0000000080000950 (0xFFFE0E13) addi t3, t3, -0x1
x28 <- 0xFFFFFFFFFFFFDFFF

mem[X,0x0000000080000954] -> 0x1E13
mem[X,0x0000000080000956] -> 0x00BE
[602] [M]: 0x0000000080000954 (0x00BE1E13) slli t3, t3, 0xb
x28 <- 0xFFFFFFFFFEFFF800

mem[X,0x0000000080000958] -> 0x0E13
mem[X,0x000000008000095A] -> 0x004E
[603] [M]: 0x0000000080000958 (0x004E0E13) addi t3, t3, 0x4
x28 <- 0xFFFFFFFFFEFFF804

mem[X,0x000000008000095C] -> 0x1E13
mem[X,0x000000008000095E] -> 0x00BE
[604] [M]: 0x000000008000095C (0x00BE1E13) slli t3, t3, 0xb
x28 <- 0xFFFFFFF7FFC02000

mem[X,0x0000000080000960] -> 0x0E13
mem[X,0x0000000080000962] -> 0x000E
[605] [M]: 0x0000000080000960 (0x000E0E13) addi t3, t3, 0x0
x28 <- 0xFFFFFFF7FFC02000

mem[X,0x0000000080000964] -> 0x1E13
mem[X,0x0000000080000966] -> 0x00AE
[606] [M]: 0x0000000080000964 (0x00AE1E13) slli t3, t3, 0xa
x28 <- 0xFFFFDFFF00800000

mem[X,0x0000000080000968] -> 0xAC1B
mem[X,0x000000008000096A] -> 0xEFCE
[607] [M]: 0x0000000080000968 (0xEFCEAC1B) sha s8, t4, t3
x24 <- 0x0400000004000000

mem[X,0x000000008000096C] -> 0xB423
mem[X,0x000000008000096E] -> 0x0180
[608] [M]: 0x000000008000096C (0x0180B423) sd s8, 0x8(ra)
mem[0x0000000080005208] <- 0x0400000004000000

mem[X,0x0000000080000970] -> 0x04B7
mem[X,0x0000000080000972] -> 0x0040
[609] [M]: 0x0000000080000970 (0x004004B7) lui s1, 0x400
x9 <- 0x0000000000400000

mem[X,0x0000000080000974] -> 0x8493
mem[X,0x0000000080000976] -> 0x0014
[610] [M]: 0x0000000080000974 (0x00148493) addi s1, s1, 0x1
x9 <- 0x0000000000400001

mem[X,0x0000000080000978] -> 0x9493
mem[X,0x000000008000097A] -> 0x01B4
[611] [M]: 0x0000000080000978 (0x01B49493) slli s1, s1, 0x1b
x9 <- 0x0002000008000000

mem[X,0x000000008000097C] -> 0x5EB7
mem[X,0x000000008000097E] -> 0x5555
[612] [M]: 0x000000008000097C (0x55555EB7) lui t4, 0x55555
x29 <- 0x0000000055555000

mem[X,0x0000000080000980] -> 0x8E93
mem[X,0x0000000080000982] -> 0x555E
[613] [M]: 0x0000000080000980 (0x555E8E93) addi t4, t4, 0x555
x29 <- 0x0000000055555555

mem[X,0x0000000080000984] -> 0x9E93
mem[X,0x0000000080000986] -> 0x00BE
[614] [M]: 0x0000000080000984 (0x00BE9E93) slli t4, t4, 0xb
x29 <- 0x000002AAAAAAA800

mem[X,0x0000000080000988] -> 0x8E93
mem[X,0x000000008000098A] -> 0x000E
[615] [M]: 0x0000000080000988 (0x000E8E93) addi t4, t4, 0x0
x29 <- 0x000002AAAAAAA800

mem[X,0x000000008000098C] -> 0x9E93
mem[X,0x000000008000098E] -> 0x00BE
[616] [M]: 0x000000008000098C (0x00BE9E93) slli t4, t4, 0xb
x29 <- 0x0015555555400000

mem[X,0x0000000080000990] -> 0x8E93
mem[X,0x0000000080000992] -> 0x020E
[617] [M]: 0x0000000080000990 (0x020E8E93) addi t4, t4, 0x20
x29 <- 0x0015555555400020

mem[X,0x0000000080000994] -> 0x9E93
mem[X,0x0000000080000996] -> 0x00AE
[618] [M]: 0x0000000080000994 (0x00AE9E93) slli t4, t4, 0xa
x29 <- 0x5555555500008000

mem[X,0x0000000080000998] -> 0xA79B
mem[X,0x000000008000099A] -> 0xEFD4
[619] [M]: 0x0000000080000998 (0xEFD4A79B) sha a5, s1, t4
x15 <- 0x0002000008000000

mem[X,0x000000008000099C] -> 0xB823
mem[X,0x000000008000099E] -> 0x00F0
[620] [M]: 0x000000008000099C (0x00F0B823) sd a5, 0x10(ra)
mem[0x0000000080005210] <- 0x0002000008000000

mem[X,0x00000000800009A0] -> 0x0F37
mem[X,0x00000000800009A2] -> 0xC000
[621] [M]: 0x00000000800009A0 (0xC0000F37) lui t5, -0x40000
x30 <- 0xFFFFFFFFC0000000

mem[X,0x00000000800009A4] -> 0x0F13
mem[X,0x00000000800009A6] -> 0x000F
[622] [M]: 0x00000000800009A4 (0x000F0F13) addi t5, t5, 0x0
x30 <- 0xFFFFFFFFC0000000

mem[X,0x00000000800009A8] -> 0x1F13
mem[X,0x00000000800009AA] -> 0x00BF
[623] [M]: 0x00000000800009A8 (0x00BF1F13) slli t5, t5, 0xb
x30 <- 0xFFFFFE0000000000

mem[X,0x00000000800009AC] -> 0x0F13
mem[X,0x00000000800009AE] -> 0x080F
[624] [M]: 0x00000000800009AC (0x080F0F13) addi t5, t5, 0x80
x30 <- 0xFFFFFE0000000080

mem[X,0x00000000800009B0] -> 0x1F13
mem[X,0x00000000800009B2] -> 0x00BF
[625] [M]: 0x00000000800009B0 (0x00BF1F13) slli t5, t5, 0xb
x30 <- 0xFFF0000000040000

mem[X,0x00000000800009B4] -> 0x0F13
mem[X,0x00000000800009B6] -> 0x000F
[626] [M]: 0x00000000800009B4 (0x000F0F13) addi t5, t5, 0x0
x30 <- 0xFFF0000000040000

mem[X,0x00000000800009B8] -> 0x1F13
mem[X,0x00000000800009BA] -> 0x00AF
[627] [M]: 0x00000000800009B8 (0x00AF1F13) slli t5, t5, 0xa
x30 <- 0xC000000010000000

mem[X,0x00000000800009BC] -> 0x0EB7
mem[X,0x00000000800009BE] -> 0x0008
[628] [M]: 0x00000000800009BC (0x00080EB7) lui t4, 0x80
x29 <- 0x0000000000080000

mem[X,0x00000000800009C0] -> 0x8E93
mem[X,0x00000000800009C2] -> 0x000E
[629] [M]: 0x00000000800009C0 (0x000E8E93) addi t4, t4, 0x0
x29 <- 0x0000000000080000

mem[X,0x00000000800009C4] -> 0x9E93
mem[X,0x00000000800009C6] -> 0x00BE
[630] [M]: 0x00000000800009C4 (0x00BE9E93) slli t4, t4, 0xb
x29 <- 0x0000000040000000

mem[X,0x00000000800009C8] -> 0x8E93
mem[X,0x00000000800009CA] -> 0x7FFE
[631] [M]: 0x00000000800009C8 (0x7FFE8E93) addi t4, t4, 0x7ff
x29 <- 0x00000000400007FF

mem[X,0x00000000800009CC] -> 0x9E93
mem[X,0x00000000800009CE] -> 0x00BE
[632] [M]: 0x00000000800009CC (0x00BE9E93) slli t4, t4, 0xb
x29 <- 0x00000200003FF800

mem[X,0x00000000800009D0] -> 0x8E93
mem[X,0x00000000800009D2] -> 0x7FFE
[633] [M]: 0x00000000800009D0 (0x7FFE8E93) addi t4, t4, 0x7ff
x29 <- 0x00000200003FFFFF

mem[X,0x00000000800009D4] -> 0x9E93
mem[X,0x00000000800009D6] -> 0x00AE
[634] [M]: 0x00000000800009D4 (0x00AE9E93) slli t4, t4, 0xa
x29 <- 0x00080000FFFFFC00

mem[X,0x00000000800009D8] -> 0x8E93
mem[X,0x00000000800009DA] -> 0x1FFE
[635] [M]: 0x00000000800009D8 (0x1FFE8E93) addi t4, t4, 0x1ff
x29 <- 0x00080000FFFFFDFF

mem[X,0x00000000800009DC] -> 0x2F9B
mem[X,0x00000000800009DE] -> 0xEFDF
[636] [M]: 0x00000000800009DC (0xEFDF2F9B) sha t6, t5, t4
x31 <- 0xE000000008000000

mem[X,0x00000000800009E0] -> 0xBC23
mem[X,0x00000000800009E2] -> 0x01F0
[637] [M]: 0x00000000800009E0 (0x01F0BC23) sd t6, 0x18(ra)
mem[0x0000000080005218] <- 0xE000000008000000

mem[X,0x00000000800009E4] -> 0x0F37
mem[X,0x00000000800009E6] -> 0xFF80
[638] [M]: 0x00000000800009E4 (0xFF800F37) lui t5, -0x800
x30 <- 0xFFFFFFFFFF800000

mem[X,0x00000000800009E8] -> 0x0F13
mem[X,0x00000000800009EA] -> 0xFFFF
[639] [M]: 0x00000000800009E8 (0xFFFF0F13) addi t5, t5, -0x1
x30 <- 0xFFFFFFFFFF7FFFFF

mem[X,0x00000000800009EC] -> 0x1F13
mem[X,0x00000000800009EE] -> 0x00BF
[640] [M]: 0x00000000800009EC (0x00BF1F13) slli t5, t5, 0xb
x30 <- 0xFFFFFFFBFFFFF800

mem[X,0x00000000800009F0] -> 0x0F13
mem[X,0x00000000800009F2] -> 0x100F
[641] [M]: 0x00000000800009F0 (0x100F0F13) addi t5, t5, 0x100
x30 <- 0xFFFFFFFBFFFFF900

mem[X,0x00000000800009F4] -> 0x1F13
mem[X,0x00000000800009F6] -> 0x00BF
[642] [M]: 0x00000000800009F4 (0x00BF1F13) slli t5, t5, 0xb
x30 <- 0xFFFFDFFFFFC80000

mem[X,0x00000000800009F8] -> 0x0F13
mem[X,0x00000000800009FA] -> 0x000F
[643] [M]: 0x00000000800009F8 (0x000F0F13) addi t5, t5, 0x0
x30 <- 0xFFFFDFFFFFC80000

mem[X,0x00000000800009FC] -> 0x1F13
mem[X,0x00000000800009FE] -> 0x00AF
[644] [M]: 0x00000000800009FC (0x00AF1F13) slli t5, t5, 0xa
x30 <- 0xFF7FFFFF20000000

mem[X,0x0000000080000A00] -> 0x0EB7
mem[X,0x0000000080000A02] -> 0x0000
[645] [M]: 0x0000000080000A00 (0x00000EB7) lui t4, 0x0
x29 <- 0x0000000000000000

mem[X,0x0000000080000A04] -> 0x8E93
mem[X,0x0000000080000A06] -> 0x007E
[646] [M]: 0x0000000080000A04 (0x007E8E93) addi t4, t4, 0x7
x29 <- 0x0000000000000007

mem[X,0x0000000080000A08] -> 0x9E93
mem[X,0x0000000080000A0A] -> 0x00BE
[647] [M]: 0x0000000080000A08 (0x00BE9E93) slli t4, t4, 0xb
x29 <- 0x0000000000003800

mem[X,0x0000000080000A0C] -> 0x8E93
mem[X,0x0000000080000A0E] -> 0x002E
[648] [M]: 0x0000000080000A0C (0x002E8E93) addi t4, t4, 0x2
x29 <- 0x0000000000003802

mem[X,0x0000000080000A10] -> 0x9E93
mem[X,0x0000000080000A12] -> 0x00BE
[649] [M]: 0x0000000080000A10 (0x00BE9E93) slli t4, t4, 0xb
x29 <- 0x0000000001C01000

mem[X,0x0000000080000A14] -> 0x8E93
mem[X,0x0000000080000A16] -> 0x000E
[650] [M]: 0x0000000080000A14 (0x000E8E93) addi t4, t4, 0x0
x29 <- 0x0000000001C01000

mem[X,0x0000000080000A18] -> 0x9E93
mem[X,0x0000000080000A1A] -> 0x00AE
[651] [M]: 0x0000000080000A18 (0x00AE9E93) slli t4, t4, 0xa
x29 <- 0x0000000700400000

mem[X,0x0000000080000A1C] -> 0x2F9B
mem[X,0x0000000080000A1E] -> 0xEFDF
[652] [M]: 0x0000000080000A1C (0xEFDF2F9B) sha t6, t5, t4
x31 <- 0xFF7FFFFF20000000

mem[X,0x0000000080000A20] -> 0xB023
mem[X,0x0000000080000A22] -> 0x03F0
[653] [M]: 0x0000000080000A20 (0x03F0B023) sd t6, 0x20(ra)
mem[0x0000000080005220] <- 0xFF7FFFFF20000000

mem[X,0x0000000080000A24] -> 0x0F37
mem[X,0x0000000080000A26] -> 0x2000
[654] [M]: 0x0000000080000A24 (0x20000F37) lui t5, 0x20000
x30 <- 0x0000000020000000

mem[X,0x0000000080000A28] -> 0x0F13
mem[X,0x0000000080000A2A] -> 0x000F
[655] [M]: 0x0000000080000A28 (0x000F0F13) addi t5, t5, 0x0
x30 <- 0x0000000020000000

mem[X,0x0000000080000A2C] -> 0x1F13
mem[X,0x0000000080000A2E] -> 0x00BF
[656] [M]: 0x0000000080000A2C (0x00BF1F13) slli t5, t5, 0xb
x30 <- 0x0000010000000000

mem[X,0x0000000080000A30] -> 0x0F13
mem[X,0x0000000080000A32] -> 0x200F
[657] [M]: 0x0000000080000A30 (0x200F0F13) addi t5, t5, 0x200
x30 <- 0x0000010000000200

mem[X,0x0000000080000A34] -> 0x1F13
mem[X,0x0000000080000A36] -> 0x00BF
[658] [M]: 0x0000000080000A34 (0x00BF1F13) slli t5, t5, 0xb
x30 <- 0x0008000000100000

mem[X,0x0000000080000A38] -> 0x0F13
mem[X,0x0000000080000A3A] -> 0x000F
[659] [M]: 0x0000000080000A38 (0x000F0F13) addi t5, t5, 0x0
x30 <- 0x0008000000100000

mem[X,0x0000000080000A3C] -> 0x1F13
mem[X,0x0000000080000A3E] -> 0x00AF
[660] [M]: 0x0000000080000A3C (0x00AF1F13) slli t5, t5, 0xa
x30 <- 0x2000000040000000

mem[X,0x0000000080000A40] -> 0x0E93
mem[X,0x0000000080000A42] -> 0x0080
[661] [M]: 0x0000000080000A40 (0x00800E93) addi t4, zero, 0x8
x29 <- 0x0000000000000008

mem[X,0x0000000080000A44] -> 0x2F9B
mem[X,0x0000000080000A46] -> 0xEFDF
[662] [M]: 0x0000000080000A44 (0xEFDF2F9B) sha t6, t5, t4
x31 <- 0x0000004000000000

mem[X,0x0000000080000A48] -> 0xB423
mem[X,0x0000000080000A4A] -> 0x03F0
[663] [M]: 0x0000000080000A48 (0x03F0B423) sd t6, 0x28(ra)
mem[0x0000000080005228] <- 0x0000004000000000

mem[X,0x0000000080000A4C] -> 0x0F37
mem[X,0x0000000080000A4E] -> 0x0000
[664] [M]: 0x0000000080000A4C (0x00000F37) lui t5, 0x0
x30 <- 0x0000000000000000

mem[X,0x0000000080000A50] -> 0x0F13
mem[X,0x0000000080000A52] -> 0xFFDF
[665] [M]: 0x0000000080000A50 (0xFFDF0F13) addi t5, t5, -0x3
x30 <- 0xFFFFFFFFFFFFFFFD

mem[X,0x0000000080000A54] -> 0x1F13
mem[X,0x0000000080000A56] -> 0x00BF
[666] [M]: 0x0000000080000A54 (0x00BF1F13) slli t5, t5, 0xb
x30 <- 0xFFFFFFFFFFFFE800

mem[X,0x0000000080000A58] -> 0x0F13
mem[X,0x0000000080000A5A] -> 0x7FFF
[667] [M]: 0x0000000080000A58 (0x7FFF0F13) addi t5, t5, 0x7ff
x30 <- 0xFFFFFFFFFFFFEFFF

mem[X,0x0000000080000A5C] -> 0x1F13
mem[X,0x0000000080000A5E] -> 0x00BF
[668] [M]: 0x0000000080000A5C (0x00BF1F13) slli t5, t5, 0xb
x30 <- 0xFFFFFFFFFF7FF800

mem[X,0x0000000080000A60] -> 0x0F13
mem[X,0x0000000080000A62] -> 0x7FFF
[669] [M]: 0x0000000080000A60 (0x7FFF0F13) addi t5, t5, 0x7ff
x30 <- 0xFFFFFFFFFF7FFFFF

mem[X,0x0000000080000A64] -> 0x1F13
mem[X,0x0000000080000A66] -> 0x00AF
[670] [M]: 0x0000000080000A64 (0x00AF1F13) slli t5, t5, 0xa
x30 <- 0xFFFFFFFDFFFFFC00

mem[X,0x0000000080000A68] -> 0x0F13
mem[X,0x0000000080000A6A] -> 0x3FEF
[671] [M]: 0x0000000080000A68 (0x3FEF0F13) addi t5, t5, 0x3fe
x30 <- 0xFFFFFFFDFFFFFFFE

mem[X,0x0000000080000A6C] -> 0x0EB7
mem[X,0x0000000080000A6E] -> 0xF000
[672] [M]: 0x0000000080000A6C (0xF0000EB7) lui t4, -0x10000
x29 <- 0xFFFFFFFFF0000000

mem[X,0x0000000080000A70] -> 0x8E93
mem[X,0x0000000080000A72] -> 0xFFFE
[673] [M]: 0x0000000080000A70 (0xFFFE8E93) addi t4, t4, -0x1
x29 <- 0xFFFFFFFFEFFFFFFF

mem[X,0x0000000080000A74] -> 0x9E93
mem[X,0x0000000080000A76] -> 0x00BE
[674] [M]: 0x0000000080000A74 (0x00BE9E93) slli t4, t4, 0xb
x29 <- 0xFFFFFF7FFFFFF800

mem[X,0x0000000080000A78] -> 0x8E93
mem[X,0x0000000080000A7A] -> 0x7FFE
[675] [M]: 0x0000000080000A78 (0x7FFE8E93) addi t4, t4, 0x7ff
x29 <- 0xFFFFFF7FFFFFFFFF

mem[X,0x0000000080000A7C] -> 0x9E93
mem[X,0x0000000080000A7E] -> 0x00BE
[676] [M]: 0x0000000080000A7C (0x00BE9E93) slli t4, t4, 0xb
x29 <- 0xFFFBFFFFFFFFF800

mem[X,0x0000000080000A80] -> 0x8E93
mem[X,0x0000000080000A82] -> 0x7F7E
[677] [M]: 0x0000000080000A80 (0x7F7E8E93) addi t4, t4, 0x7f7
x29 <- 0xFFFBFFFFFFFFFFF7

mem[X,0x0000000080000A84] -> 0x9E93
mem[X,0x0000000080000A86] -> 0x00AE
[678] [M]: 0x0000000080000A84 (0x00AE9E93) slli t4, t4, 0xa
x29 <- 0xEFFFFFFFFFFFDC00

mem[X,0x0000000080000A88] -> 0x8E93
mem[X,0x0000000080000A8A] -> 0x3FFE
[679] [M]: 0x0000000080000A88 (0x3FFE8E93) addi t4, t4, 0x3ff
x29 <- 0xEFFFFFFFFFFFDFFF

mem[X,0x0000000080000A8C] -> 0x2F9B
mem[X,0x0000000080000A8E] -> 0xEFDF
[680] [M]: 0x0000000080000A8C (0xEFDF2F9B) sha t6, t5, t4
x31 <- 0xFFFFFFFEFFFFFFFF

mem[X,0x0000000080000A90] -> 0xB823
mem[X,0x0000000080000A92] -> 0x03F0
[681] [M]: 0x0000000080000A90 (0x03F0B823) sd t6, 0x30(ra)
mem[0x0000000080005230] <- 0xFFFFFFFEFFFFFFFF

mem[X,0x0000000080000A94] -> 0x0F37
mem[X,0x0000000080000A96] -> 0xF800
[682] [M]: 0x0000000080000A94 (0xF8000F37) lui t5, -0x8000
x30 <- 0xFFFFFFFFF8000000

mem[X,0x0000000080000A98] -> 0x0F13
mem[X,0x0000000080000A9A] -> 0xFFFF
[683] [M]: 0x0000000080000A98 (0xFFFF0F13) addi t5, t5, -0x1
x30 <- 0xFFFFFFFFF7FFFFFF

mem[X,0x0000000080000A9C] -> 0x1F13
mem[X,0x0000000080000A9E] -> 0x00BF
[684] [M]: 0x0000000080000A9C (0x00BF1F13) slli t5, t5, 0xb
x30 <- 0xFFFFFFBFFFFFF800

mem[X,0x0000000080000AA0] -> 0x0F13
mem[X,0x0000000080000AA2] -> 0x7FFF
[685] [M]: 0x0000000080000AA0 (0x7FFF0F13) addi t5, t5, 0x7ff
x30 <- 0xFFFFFFBFFFFFFFFF

mem[X,0x0000000080000AA4] -> 0x1F13
mem[X,0x0000000080000AA6] -> 0x00BF
[686] [M]: 0x0000000080000AA4 (0x00BF1F13) slli t5, t5, 0xb
x30 <- 0xFFFDFFFFFFFFF800

mem[X,0x0000000080000AA8] -> 0x0F13
mem[X,0x0000000080000AAA] -> 0x7FFF
[687] [M]: 0x0000000080000AA8 (0x7FFF0F13) addi t5, t5, 0x7ff
x30 <- 0xFFFDFFFFFFFFFFFF

mem[X,0x0000000080000AAC] -> 0x1F13
mem[X,0x0000000080000AAE] -> 0x00AF
[688] [M]: 0x0000000080000AAC (0x00AF1F13) slli t5, t5, 0xa
x30 <- 0xF7FFFFFFFFFFFC00

mem[X,0x0000000080000AB0] -> 0x0F13
mem[X,0x0000000080000AB2] -> 0x3FDF
[689] [M]: 0x0000000080000AB0 (0x3FDF0F13) addi t5, t5, 0x3fd
x30 <- 0xF7FFFFFFFFFFFFFD

mem[X,0x0000000080000AB4] -> 0x0EB7
mem[X,0x0000000080000AB6] -> 0x0000
[690] [M]: 0x0000000080000AB4 (0x00000EB7) lui t4, 0x0
x29 <- 0x0000000000000000

mem[X,0x0000000080000AB8] -> 0x8E93
mem[X,0x0000000080000ABA] -> 0x002E
[691] [M]: 0x0000000080000AB8 (0x002E8E93) addi t4, t4, 0x2
x29 <- 0x0000000000000002

mem[X,0x0000000080000ABC] -> 0x9E93
mem[X,0x0000000080000ABE] -> 0x00BE
[692] [M]: 0x0000000080000ABC (0x00BE9E93) slli t4, t4, 0xb
x29 <- 0x0000000000001000

mem[X,0x0000000080000AC0] -> 0x8E93
mem[X,0x0000000080000AC2] -> 0x7FFE
[693] [M]: 0x0000000080000AC0 (0x7FFE8E93) addi t4, t4, 0x7ff
x29 <- 0x00000000000017FF

mem[X,0x0000000080000AC4] -> 0x9E93
mem[X,0x0000000080000AC6] -> 0x00BE
[694] [M]: 0x0000000080000AC4 (0x00BE9E93) slli t4, t4, 0xb
x29 <- 0x0000000000BFF800

mem[X,0x0000000080000AC8] -> 0x8E93
mem[X,0x0000000080000ACA] -> 0x7FFE
[695] [M]: 0x0000000080000AC8 (0x7FFE8E93) addi t4, t4, 0x7ff
x29 <- 0x0000000000BFFFFF

mem[X,0x0000000080000ACC] -> 0x9E93
mem[X,0x0000000080000ACE] -> 0x00AE
[696] [M]: 0x0000000080000ACC (0x00AE9E93) slli t4, t4, 0xa
x29 <- 0x00000002FFFFFC00

mem[X,0x0000000080000AD0] -> 0x8E93
mem[X,0x0000000080000AD2] -> 0x3F7E
[697] [M]: 0x0000000080000AD0 (0x3F7E8E93) addi t4, t4, 0x3f7
x29 <- 0x00000002FFFFFFF7

mem[X,0x0000000080000AD4] -> 0x2F9B
mem[X,0x0000000080000AD6] -> 0xEFDF
[698] [M]: 0x0000000080000AD4 (0xEFDF2F9B) sha t6, t5, t4
x31 <- 0xFFFBFFFFFFFFFFFF

mem[X,0x0000000080000AD8] -> 0xBC23
mem[X,0x0000000080000ADA] -> 0x03F0
[699] [M]: 0x0000000080000AD8 (0x03F0BC23) sd t6, 0x38(ra)
mem[0x0000000080005238] <- 0xFFFBFFFFFFFFFFFF

clint::tick mtime <- 0x0000000000000007
 clint timer pending at mtime 0x0000000000000007
htif::tick 0x0000000000000000
mem[X,0x0000000080000ADC] -> 0x0F37
mem[X,0x0000000080000ADE] -> 0x0000
[700] [M]: 0x0000000080000ADC (0x00000F37) lui t5, 0x0
x30 <- 0x0000000000000000

mem[X,0x0000000080000AE0] -> 0x0F13
mem[X,0x0000000080000AE2] -> 0x010F
[701] [M]: 0x0000000080000AE0 (0x010F0F13) addi t5, t5, 0x10
x30 <- 0x0000000000000010

mem[X,0x0000000080000AE4] -> 0x1F13
mem[X,0x0000000080000AE6] -> 0x00BF
[702] [M]: 0x0000000080000AE4 (0x00BF1F13) slli t5, t5, 0xb
x30 <- 0x0000000000008000

mem[X,0x0000000080000AE8] -> 0x0F13
mem[X,0x0000000080000AEA] -> 0x7FFF
[703] [M]: 0x0000000080000AE8 (0x7FFF0F13) addi t5, t5, 0x7ff
x30 <- 0x00000000000087FF

mem[X,0x0000000080000AEC] -> 0x1F13
mem[X,0x0000000080000AEE] -> 0x00BF
[704] [M]: 0x0000000080000AEC (0x00BF1F13) slli t5, t5, 0xb
x30 <- 0x00000000043FF800

mem[X,0x0000000080000AF0] -> 0x0F13
mem[X,0x0000000080000AF2] -> 0x7FFF
[705] [M]: 0x0000000080000AF0 (0x7FFF0F13) addi t5, t5, 0x7ff
x30 <- 0x00000000043FFFFF

mem[X,0x0000000080000AF4] -> 0x1F13
mem[X,0x0000000080000AF6] -> 0x00AF
[706] [M]: 0x0000000080000AF4 (0x00AF1F13) slli t5, t5, 0xa
x30 <- 0x00000010FFFFFC00

mem[X,0x0000000080000AF8] -> 0x0F13
mem[X,0x0000000080000AFA] -> 0x3FBF
[707] [M]: 0x0000000080000AF8 (0x3FBF0F13) addi t5, t5, 0x3fb
x30 <- 0x00000010FFFFFFFB

mem[X,0x0000000080000AFC] -> 0x0EB7
mem[X,0x0000000080000AFE] -> 0x0000
[708] [M]: 0x0000000080000AFC (0x00000EB7) lui t4, 0x0
x29 <- 0x0000000000000000

mem[X,0x0000000080000B00] -> 0x8E93
mem[X,0x0000000080000B02] -> 0xF7FE
[709] [M]: 0x0000000080000B00 (0xF7FE8E93) addi t4, t4, -0x81
x29 <- 0xFFFFFFFFFFFFFF7F

mem[X,0x0000000080000B04] -> 0x9E93
mem[X,0x0000000080000B06] -> 0x00BE
[710] [M]: 0x0000000080000B04 (0x00BE9E93) slli t4, t4, 0xb
x29 <- 0xFFFFFFFFFFFBF800

mem[X,0x0000000080000B08] -> 0x8E93
mem[X,0x0000000080000B0A] -> 0x000E
[711] [M]: 0x0000000080000B08 (0x000E8E93) addi t4, t4, 0x0
x29 <- 0xFFFFFFFFFFFBF800

mem[X,0x0000000080000B0C] -> 0x9E93
mem[X,0x0000000080000B0E] -> 0x00BE
[712] [M]: 0x0000000080000B0C (0x00BE9E93) slli t4, t4, 0xb
x29 <- 0xFFFFFFFFDFC00000

mem[X,0x0000000080000B10] -> 0x8E93
mem[X,0x0000000080000B12] -> 0x000E
[713] [M]: 0x0000000080000B10 (0x000E8E93) addi t4, t4, 0x0
x29 <- 0xFFFFFFFFDFC00000

mem[X,0x0000000080000B14] -> 0x9E93
mem[X,0x0000000080000B16] -> 0x00AE
[714] [M]: 0x0000000080000B14 (0x00AE9E93) slli t4, t4, 0xa
x29 <- 0xFFFFFF7F00000000

mem[X,0x0000000080000B18] -> 0x8E93
mem[X,0x0000000080000B1A] -> 0x007E
[715] [M]: 0x0000000080000B18 (0x007E8E93) addi t4, t4, 0x7
x29 <- 0xFFFFFF7F00000007

mem[X,0x0000000080000B1C] -> 0x2F9B
mem[X,0x0000000080000B1E] -> 0xEFDF
[716] [M]: 0x0000000080000B1C (0xEFDF2F9B) sha t6, t5, t4
x31 <- 0x0000087FFFFFFD80

mem[X,0x0000000080000B20] -> 0xB023
mem[X,0x0000000080000B22] -> 0x05F0
[717] [M]: 0x0000000080000B20 (0x05F0B023) sd t6, 0x40(ra)
mem[0x0000000080005240] <- 0x0000087FFFFFFD80

mem[X,0x0000000080000B24] -> 0x0F37
mem[X,0x0000000080000B26] -> 0x4000
[718] [M]: 0x0000000080000B24 (0x40000F37) lui t5, 0x40000
x30 <- 0x0000000040000000

mem[X,0x0000000080000B28] -> 0x0F13
mem[X,0x0000000080000B2A] -> 0x000F
[719] [M]: 0x0000000080000B28 (0x000F0F13) addi t5, t5, 0x0
x30 <- 0x0000000040000000

mem[X,0x0000000080000B2C] -> 0x1F13
mem[X,0x0000000080000B2E] -> 0x00BF
[720] [M]: 0x0000000080000B2C (0x00BF1F13) slli t5, t5, 0xb
x30 <- 0x0000020000000000

mem[X,0x0000000080000B30] -> 0x0F13
mem[X,0x0000000080000B32] -> 0x7FFF
[721] [M]: 0x0000000080000B30 (0x7FFF0F13) addi t5, t5, 0x7ff
x30 <- 0x00000200000007FF

mem[X,0x0000000080000B34] -> 0x1F13
mem[X,0x0000000080000B36] -> 0x00BF
[722] [M]: 0x0000000080000B34 (0x00BF1F13) slli t5, t5, 0xb
x30 <- 0x00100000003FF800

mem[X,0x0000000080000B38] -> 0x0F13
mem[X,0x0000000080000B3A] -> 0x7FFF
[723] [M]: 0x0000000080000B38 (0x7FFF0F13) addi t5, t5, 0x7ff
x30 <- 0x00100000003FFFFF

mem[X,0x0000000080000B3C] -> 0x1F13
mem[X,0x0000000080000B3E] -> 0x00AF
[724] [M]: 0x0000000080000B3C (0x00AF1F13) slli t5, t5, 0xa
x30 <- 0x40000000FFFFFC00

mem[X,0x0000000080000B40] -> 0x0F13
mem[X,0x0000000080000B42] -> 0x3F7F
[725] [M]: 0x0000000080000B40 (0x3F7F0F13) addi t5, t5, 0x3f7
x30 <- 0x40000000FFFFFFF7

mem[X,0x0000000080000B44] -> 0x1EB7
mem[X,0x0000000080000B46] -> 0x0000
[726] [M]: 0x0000000080000B44 (0x00001EB7) lui t4, 0x1
x29 <- 0x0000000000001000

mem[X,0x0000000080000B48] -> 0x8E93
mem[X,0x0000000080000B4A] -> 0x000E
[727] [M]: 0x0000000080000B48 (0x000E8E93) addi t4, t4, 0x0
x29 <- 0x0000000000001000

mem[X,0x0000000080000B4C] -> 0x9E93
mem[X,0x0000000080000B4E] -> 0x00BE
[728] [M]: 0x0000000080000B4C (0x00BE9E93) slli t4, t4, 0xb
x29 <- 0x0000000000800000

mem[X,0x0000000080000B50] -> 0x8E93
mem[X,0x0000000080000B52] -> 0x7FFE
[729] [M]: 0x0000000080000B50 (0x7FFE8E93) addi t4, t4, 0x7ff
x29 <- 0x00000000008007FF

mem[X,0x0000000080000B54] -> 0x9E93
mem[X,0x0000000080000B56] -> 0x00BE
[730] [M]: 0x0000000080000B54 (0x00BE9E93) slli t4, t4, 0xb
x29 <- 0x00000004003FF800

mem[X,0x0000000080000B58] -> 0x8E93
mem[X,0x0000000080000B5A] -> 0x7FFE
[731] [M]: 0x0000000080000B58 (0x7FFE8E93) addi t4, t4, 0x7ff
x29 <- 0x00000004003FFFFF

mem[X,0x0000000080000B5C] -> 0x9E93
mem[X,0x0000000080000B5E] -> 0x00AE
[732] [M]: 0x0000000080000B5C (0x00AE9E93) slli t4, t4, 0xa
x29 <- 0x00001000FFFFFC00

mem[X,0x0000000080000B60] -> 0x8E93
mem[X,0x0000000080000B62] -> 0x3FCE
[733] [M]: 0x0000000080000B60 (0x3FCE8E93) addi t4, t4, 0x3fc
x29 <- 0x00001000FFFFFFFC

mem[X,0x0000000080000B64] -> 0x2F9B
mem[X,0x0000000080000B66] -> 0xEFDF
[734] [M]: 0x0000000080000B64 (0xEFDF2F9B) sha t6, t5, t4
x31 <- 0x040000000FFFFFFF

mem[X,0x0000000080000B68] -> 0xB423
mem[X,0x0000000080000B6A] -> 0x05F0
[735] [M]: 0x0000000080000B68 (0x05F0B423) sd t6, 0x48(ra)
mem[0x0000000080005248] <- 0x040000000FFFFFFF

mem[X,0x0000000080000B6C] -> 0x0F37
mem[X,0x0000000080000B6E] -> 0x2000
[736] [M]: 0x0000000080000B6C (0x20000F37) lui t5, 0x20000
x30 <- 0x0000000020000000

mem[X,0x0000000080000B70] -> 0x0F13
mem[X,0x0000000080000B72] -> 0x000F
[737] [M]: 0x0000000080000B70 (0x000F0F13) addi t5, t5, 0x0
x30 <- 0x0000000020000000

mem[X,0x0000000080000B74] -> 0x1F13
mem[X,0x0000000080000B76] -> 0x00BF
[738] [M]: 0x0000000080000B74 (0x00BF1F13) slli t5, t5, 0xb
x30 <- 0x0000010000000000

mem[X,0x0000000080000B78] -> 0x0F13
mem[X,0x0000000080000B7A] -> 0x7FFF
[739] [M]: 0x0000000080000B78 (0x7FFF0F13) addi t5, t5, 0x7ff
x30 <- 0x00000100000007FF

mem[X,0x0000000080000B7C] -> 0x1F13
mem[X,0x0000000080000B7E] -> 0x00BF
[740] [M]: 0x0000000080000B7C (0x00BF1F13) slli t5, t5, 0xb
x30 <- 0x00080000003FF800

mem[X,0x0000000080000B80] -> 0x0F13
mem[X,0x0000000080000B82] -> 0x7FFF
[741] [M]: 0x0000000080000B80 (0x7FFF0F13) addi t5, t5, 0x7ff
x30 <- 0x00080000003FFFFF

mem[X,0x0000000080000B84] -> 0x1F13
mem[X,0x0000000080000B86] -> 0x00AF
[742] [M]: 0x0000000080000B84 (0x00AF1F13) slli t5, t5, 0xa
x30 <- 0x20000000FFFFFC00

mem[X,0x0000000080000B88] -> 0x0F13
mem[X,0x0000000080000B8A] -> 0x3EFF
[743] [M]: 0x0000000080000B88 (0x3EFF0F13) addi t5, t5, 0x3ef
x30 <- 0x20000000FFFFFFEF

mem[X,0x0000000080000B8C] -> 0x0EB7
mem[X,0x0000000080000B8E] -> 0x0800
[744] [M]: 0x0000000080000B8C (0x08000EB7) lui t4, 0x8000
x29 <- 0x0000000008000000

mem[X,0x0000000080000B90] -> 0x8E93
mem[X,0x0000000080000B92] -> 0x000E
[745] [M]: 0x0000000080000B90 (0x000E8E93) addi t4, t4, 0x0
x29 <- 0x0000000008000000

mem[X,0x0000000080000B94] -> 0x9E93
mem[X,0x0000000080000B96] -> 0x00BE
[746] [M]: 0x0000000080000B94 (0x00BE9E93) slli t4, t4, 0xb
x29 <- 0x0000004000000000

mem[X,0x0000000080000B98] -> 0x8E93
mem[X,0x0000000080000B9A] -> 0x7FFE
[747] [M]: 0x0000000080000B98 (0x7FFE8E93) addi t4, t4, 0x7ff
x29 <- 0x00000040000007FF

mem[X,0x0000000080000B9C] -> 0x9E93
mem[X,0x0000000080000B9E] -> 0x00BE
[748] [M]: 0x0000000080000B9C (0x00BE9E93) slli t4, t4, 0xb
x29 <- 0x00020000003FF800

mem[X,0x0000000080000BA0] -> 0x8E93
mem[X,0x0000000080000BA2] -> 0x7FFE
[749] [M]: 0x0000000080000BA0 (0x7FFE8E93) addi t4, t4, 0x7ff
x29 <- 0x00020000003FFFFF

mem[X,0x0000000080000BA4] -> 0x9E93
mem[X,0x0000000080000BA6] -> 0x00AE
[750] [M]: 0x0000000080000BA4 (0x00AE9E93) slli t4, t4, 0xa
x29 <- 0x08000000FFFFFC00

mem[X,0x0000000080000BA8] -> 0x8E93
mem[X,0x0000000080000BAA] -> 0x37FE
[751] [M]: 0x0000000080000BA8 (0x37FE8E93) addi t4, t4, 0x37f
x29 <- 0x08000000FFFFFF7F

mem[X,0x0000000080000BAC] -> 0x2F9B
mem[X,0x0000000080000BAE] -> 0xEFDF
[752] [M]: 0x0000000080000BAC (0xEFDF2F9B) sha t6, t5, t4
x31 <- 0x100000007FFFFFF7

mem[X,0x0000000080000BB0] -> 0xB823
mem[X,0x0000000080000BB2] -> 0x05F0
[753] [M]: 0x0000000080000BB0 (0x05F0B823) sd t6, 0x50(ra)
mem[0x0000000080005250] <- 0x100000007FFFFFF7

mem[X,0x0000000080000BB4] -> 0x0F37
mem[X,0x0000000080000BB6] -> 0x0008
[754] [M]: 0x0000000080000BB4 (0x00080F37) lui t5, 0x80
x30 <- 0x0000000000080000

mem[X,0x0000000080000BB8] -> 0x0F13
mem[X,0x0000000080000BBA] -> 0x000F
[755] [M]: 0x0000000080000BB8 (0x000F0F13) addi t5, t5, 0x0
x30 <- 0x0000000000080000

mem[X,0x0000000080000BBC] -> 0x1F13
mem[X,0x0000000080000BBE] -> 0x00BF
[756] [M]: 0x0000000080000BBC (0x00BF1F13) slli t5, t5, 0xb
x30 <- 0x0000000040000000

mem[X,0x0000000080000BC0] -> 0x0F13
mem[X,0x0000000080000BC2] -> 0x7FFF
[757] [M]: 0x0000000080000BC0 (0x7FFF0F13) addi t5, t5, 0x7ff
x30 <- 0x00000000400007FF

mem[X,0x0000000080000BC4] -> 0x1F13
mem[X,0x0000000080000BC6] -> 0x00BF
[758] [M]: 0x0000000080000BC4 (0x00BF1F13) slli t5, t5, 0xb
x30 <- 0x00000200003FF800

mem[X,0x0000000080000BC8] -> 0x0F13
mem[X,0x0000000080000BCA] -> 0x7FFF
[759] [M]: 0x0000000080000BC8 (0x7FFF0F13) addi t5, t5, 0x7ff
x30 <- 0x00000200003FFFFF

mem[X,0x0000000080000BCC] -> 0x1F13
mem[X,0x0000000080000BCE] -> 0x00AF
[760] [M]: 0x0000000080000BCC (0x00AF1F13) slli t5, t5, 0xa
x30 <- 0x00080000FFFFFC00

mem[X,0x0000000080000BD0] -> 0x0F13
mem[X,0x0000000080000BD2] -> 0x3DFF
[761] [M]: 0x0000000080000BD0 (0x3DFF0F13) addi t5, t5, 0x3df
x30 <- 0x00080000FFFFFFDF

mem[X,0x0000000080000BD4] -> 0x0EB7
mem[X,0x0000000080000BD6] -> 0x0200
[762] [M]: 0x0000000080000BD4 (0x02000EB7) lui t4, 0x2000
x29 <- 0x0000000002000000

mem[X,0x0000000080000BD8] -> 0x8E93
mem[X,0x0000000080000BDA] -> 0x000E
[763] [M]: 0x0000000080000BD8 (0x000E8E93) addi t4, t4, 0x0
x29 <- 0x0000000002000000

mem[X,0x0000000080000BDC] -> 0x9E93
mem[X,0x0000000080000BDE] -> 0x00BE
[764] [M]: 0x0000000080000BDC (0x00BE9E93) slli t4, t4, 0xb
x29 <- 0x0000001000000000

mem[X,0x0000000080000BE0] -> 0x8E93
mem[X,0x0000000080000BE2] -> 0x77FE
[765] [M]: 0x0000000080000BE0 (0x77FE8E93) addi t4, t4, 0x77f
x29 <- 0x000000100000077F

mem[X,0x0000000080000BE4] -> 0x9E93
mem[X,0x0000000080000BE6] -> 0x00BE
[766] [M]: 0x0000000080000BE4 (0x00BE9E93) slli t4, t4, 0xb
x29 <- 0x00008000003BF800

mem[X,0x0000000080000BE8] -> 0x8E93
mem[X,0x0000000080000BEA] -> 0x7FFE
[767] [M]: 0x0000000080000BE8 (0x7FFE8E93) addi t4, t4, 0x7ff
x29 <- 0x00008000003BFFFF

mem[X,0x0000000080000BEC] -> 0x9E93
mem[X,0x0000000080000BEE] -> 0x00AE
[768] [M]: 0x0000000080000BEC (0x00AE9E93) slli t4, t4, 0xa
x29 <- 0x02000000EFFFFC00

mem[X,0x0000000080000BF0] -> 0x8E93
mem[X,0x0000000080000BF2] -> 0x3FFE
[769] [M]: 0x0000000080000BF0 (0x3FFE8E93) addi t4, t4, 0x3ff
x29 <- 0x02000000EFFFFFFF

mem[X,0x0000000080000BF4] -> 0x2F9B
mem[X,0x0000000080000BF6] -> 0xEFDF
[770] [M]: 0x0000000080000BF4 (0xEFDF2F9B) sha t6, t5, t4
x31 <- 0x000400007FFFFFEF

mem[X,0x0000000080000BF8] -> 0xBC23
mem[X,0x0000000080000BFA] -> 0x05F0
[771] [M]: 0x0000000080000BF8 (0x05F0BC23) sd t6, 0x58(ra)
mem[0x0000000080005258] <- 0x000400007FFFFFEF

mem[X,0x0000000080000BFC] -> 0x1F37
mem[X,0x0000000080000BFE] -> 0x0000
[772] [M]: 0x0000000080000BFC (0x00001F37) lui t5, 0x1
x30 <- 0x0000000000001000

mem[X,0x0000000080000C00] -> 0x0F13
mem[X,0x0000000080000C02] -> 0x800F
[773] [M]: 0x0000000080000C00 (0x800F0F13) addi t5, t5, -0x800
x30 <- 0x0000000000000800

mem[X,0x0000000080000C04] -> 0x1F13
mem[X,0x0000000080000C06] -> 0x00BF
[774] [M]: 0x0000000080000C04 (0x00BF1F13) slli t5, t5, 0xb
x30 <- 0x0000000000400000

mem[X,0x0000000080000C08] -> 0x0F13
mem[X,0x0000000080000C0A] -> 0x7FFF
[775] [M]: 0x0000000080000C08 (0x7FFF0F13) addi t5, t5, 0x7ff
x30 <- 0x00000000004007FF

mem[X,0x0000000080000C0C] -> 0x1F13
mem[X,0x0000000080000C0E] -> 0x00BF
[776] [M]: 0x0000000080000C0C (0x00BF1F13) slli t5, t5, 0xb
x30 <- 0x00000002003FF800

mem[X,0x0000000080000C10] -> 0x0F13
mem[X,0x0000000080000C12] -> 0x7FFF
[777] [M]: 0x0000000080000C10 (0x7FFF0F13) addi t5, t5, 0x7ff
x30 <- 0x00000002003FFFFF

mem[X,0x0000000080000C14] -> 0x1F13
mem[X,0x0000000080000C16] -> 0x00AF
[778] [M]: 0x0000000080000C14 (0x00AF1F13) slli t5, t5, 0xa
x30 <- 0x00000800FFFFFC00

mem[X,0x0000000080000C18] -> 0x0F13
mem[X,0x0000000080000C1A] -> 0x3BFF
[779] [M]: 0x0000000080000C18 (0x3BFF0F13) addi t5, t5, 0x3bf
x30 <- 0x00000800FFFFFFBF

mem[X,0x0000000080000C1C] -> 0x0EB7
mem[X,0x0000000080000C1E] -> 0x8000
[780] [M]: 0x0000000080000C1C (0x80000EB7) lui t4, -0x80000
x29 <- 0xFFFFFFFF80000000

mem[X,0x0000000080000C20] -> 0x8E93
mem[X,0x0000000080000C22] -> 0x000E
[781] [M]: 0x0000000080000C20 (0x000E8E93) addi t4, t4, 0x0
x29 <- 0xFFFFFFFF80000000

mem[X,0x0000000080000C24] -> 0x9E93
mem[X,0x0000000080000C26] -> 0x00BE
[782] [M]: 0x0000000080000C24 (0x00BE9E93) slli t4, t4, 0xb
x29 <- 0xFFFFFC0000000000

mem[X,0x0000000080000C28] -> 0x8E93
mem[X,0x0000000080000C2A] -> 0x000E
[783] [M]: 0x0000000080000C28 (0x000E8E93) addi t4, t4, 0x0
x29 <- 0xFFFFFC0000000000

mem[X,0x0000000080000C2C] -> 0x9E93
mem[X,0x0000000080000C2E] -> 0x00BE
[784] [M]: 0x0000000080000C2C (0x00BE9E93) slli t4, t4, 0xb
x29 <- 0xFFE0000000000000

mem[X,0x0000000080000C30] -> 0x8E93
mem[X,0x0000000080000C32] -> 0x000E
[785] [M]: 0x0000000080000C30 (0x000E8E93) addi t4, t4, 0x0
x29 <- 0xFFE0000000000000

mem[X,0x0000000080000C34] -> 0x9E93
mem[X,0x0000000080000C36] -> 0x00AE
[786] [M]: 0x0000000080000C34 (0x00AE9E93) slli t4, t4, 0xa
x29 <- 0x8000000000000000

mem[X,0x0000000080000C38] -> 0x8E93
mem[X,0x0000000080000C3A] -> 0x008E
[787] [M]: 0x0000000080000C38 (0x008E8E93) addi t4, t4, 0x8
x29 <- 0x8000000000000008

mem[X,0x0000000080000C3C] -> 0x2F9B
mem[X,0x0000000080000C3E] -> 0xEFDF
[788] [M]: 0x0000000080000C3C (0xEFDF2F9B) sha t6, t5, t4
x31 <- 0x000800FFFFFFBF00

mem[X,0x0000000080000C40] -> 0xB023
mem[X,0x0000000080000C42] -> 0x07F0
[789] [M]: 0x0000000080000C40 (0x07F0B023) sd t6, 0x60(ra)
mem[0x0000000080005260] <- 0x000800FFFFFFBF00

mem[X,0x0000000080000C44] -> 0x0F37
mem[X,0x0000000080000C46] -> 0x0000
[790] [M]: 0x0000000080000C44 (0x00000F37) lui t5, 0x0
x30 <- 0x0000000000000000

mem[X,0x0000000080000C48] -> 0x0F13
mem[X,0x0000000080000C4A] -> 0x003F
[791] [M]: 0x0000000080000C48 (0x003F0F13) addi t5, t5, 0x3
x30 <- 0x0000000000000003

mem[X,0x0000000080000C4C] -> 0x1F13
mem[X,0x0000000080000C4E] -> 0x00BF
[792] [M]: 0x0000000080000C4C (0x00BF1F13) slli t5, t5, 0xb
x30 <- 0x0000000000001800

mem[X,0x0000000080000C50] -> 0x0F13
mem[X,0x0000000080000C52] -> 0x7FFF
[793] [M]: 0x0000000080000C50 (0x7FFF0F13) addi t5, t5, 0x7ff
x30 <- 0x0000000000001FFF

mem[X,0x0000000080000C54] -> 0x1F13
mem[X,0x0000000080000C56] -> 0x00BF
[794] [M]: 0x0000000080000C54 (0x00BF1F13) slli t5, t5, 0xb
x30 <- 0x0000000000FFF800

mem[X,0x0000000080000C58] -> 0x0F13
mem[X,0x0000000080000C5A] -> 0x7FFF
[795] [M]: 0x0000000080000C58 (0x7FFF0F13) addi t5, t5, 0x7ff
x30 <- 0x0000000000FFFFFF

mem[X,0x0000000080000C5C] -> 0x1F13
mem[X,0x0000000080000C5E] -> 0x00AF
[796] [M]: 0x0000000080000C5C (0x00AF1F13) slli t5, t5, 0xa
x30 <- 0x00000003FFFFFC00

mem[X,0x0000000080000C60] -> 0x0F13
mem[X,0x0000000080000C62] -> 0x37FF
[797] [M]: 0x0000000080000C60 (0x37FF0F13) addi t5, t5, 0x37f
x30 <- 0x00000003FFFFFF7F

mem[X,0x0000000080000C64] -> 0x0EB7
mem[X,0x0000000080000C66] -> 0x0000
[798] [M]: 0x0000000080000C64 (0x00000EB7) lui t4, 0x0
x29 <- 0x0000000000000000

mem[X,0x0000000080000C68] -> 0x8E93
mem[X,0x0000000080000C6A] -> 0x005E
[799] [M]: 0x0000000080000C68 (0x005E8E93) addi t4, t4, 0x5
x29 <- 0x0000000000000005

clint::tick mtime <- 0x0000000000000008
 clint timer pending at mtime 0x0000000000000008
htif::tick 0x0000000000000000
mem[X,0x0000000080000C6C] -> 0x9E93
mem[X,0x0000000080000C6E] -> 0x00BE
[800] [M]: 0x0000000080000C6C (0x00BE9E93) slli t4, t4, 0xb
x29 <- 0x0000000000002800

mem[X,0x0000000080000C70] -> 0x8E93
mem[X,0x0000000080000C72] -> 0x7FFE
[801] [M]: 0x0000000080000C70 (0x7FFE8E93) addi t4, t4, 0x7ff
x29 <- 0x0000000000002FFF

mem[X,0x0000000080000C74] -> 0x9E93
mem[X,0x0000000080000C76] -> 0x00BE
[802] [M]: 0x0000000080000C74 (0x00BE9E93) slli t4, t4, 0xb
x29 <- 0x00000000017FF800

mem[X,0x0000000080000C78] -> 0x8E93
mem[X,0x0000000080000C7A] -> 0x7FBE
[803] [M]: 0x0000000080000C78 (0x7FBE8E93) addi t4, t4, 0x7fb
x29 <- 0x00000000017FFFFB

mem[X,0x0000000080000C7C] -> 0x9E93
mem[X,0x0000000080000C7E] -> 0x00AE
[804] [M]: 0x0000000080000C7C (0x00AE9E93) slli t4, t4, 0xa
x29 <- 0x00000005FFFFEC00

mem[X,0x0000000080000C80] -> 0x8E93
mem[X,0x0000000080000C82] -> 0x3FFE
[805] [M]: 0x0000000080000C80 (0x3FFE8E93) addi t4, t4, 0x3ff
x29 <- 0x00000005FFFFEFFF

mem[X,0x0000000080000C84] -> 0x2F9B
mem[X,0x0000000080000C86] -> 0xEFDF
[806] [M]: 0x0000000080000C84 (0xEFDF2F9B) sha t6, t5, t4
x31 <- 0x00000001FFFFFFBF

mem[X,0x0000000080000C88] -> 0xB423
mem[X,0x0000000080000C8A] -> 0x07F0
[807] [M]: 0x0000000080000C88 (0x07F0B423) sd t6, 0x68(ra)
mem[0x0000000080005268] <- 0x00000001FFFFFFBF

mem[X,0x0000000080000C8C] -> 0x0F37
mem[X,0x0000000080000C8E] -> 0x0080
[808] [M]: 0x0000000080000C8C (0x00800F37) lui t5, 0x800
x30 <- 0x0000000000800000

mem[X,0x0000000080000C90] -> 0x0F13
mem[X,0x0000000080000C92] -> 0x000F
[809] [M]: 0x0000000080000C90 (0x000F0F13) addi t5, t5, 0x0
x30 <- 0x0000000000800000

mem[X,0x0000000080000C94] -> 0x1F13
mem[X,0x0000000080000C96] -> 0x00BF
[810] [M]: 0x0000000080000C94 (0x00BF1F13) slli t5, t5, 0xb
x30 <- 0x0000000400000000

mem[X,0x0000000080000C98] -> 0x0F13
mem[X,0x0000000080000C9A] -> 0x7FFF
[811] [M]: 0x0000000080000C98 (0x7FFF0F13) addi t5, t5, 0x7ff
x30 <- 0x00000004000007FF

mem[X,0x0000000080000C9C] -> 0x1F13
mem[X,0x0000000080000C9E] -> 0x00BF
[812] [M]: 0x0000000080000C9C (0x00BF1F13) slli t5, t5, 0xb
x30 <- 0x00002000003FF800

mem[X,0x0000000080000CA0] -> 0x0F13
mem[X,0x0000000080000CA2] -> 0x7FFF
[813] [M]: 0x0000000080000CA0 (0x7FFF0F13) addi t5, t5, 0x7ff
x30 <- 0x00002000003FFFFF

mem[X,0x0000000080000CA4] -> 0x1F13
mem[X,0x0000000080000CA6] -> 0x00AF
[814] [M]: 0x0000000080000CA4 (0x00AF1F13) slli t5, t5, 0xa
x30 <- 0x00800000FFFFFC00

mem[X,0x0000000080000CA8] -> 0x0F13
mem[X,0x0000000080000CAA] -> 0x2FFF
[815] [M]: 0x0000000080000CA8 (0x2FFF0F13) addi t5, t5, 0x2ff
x30 <- 0x00800000FFFFFEFF

mem[X,0x0000000080000CAC] -> 0x0EB7
mem[X,0x0000000080000CAE] -> 0xFF00
[816] [M]: 0x0000000080000CAC (0xFF000EB7) lui t4, -0x1000
x29 <- 0xFFFFFFFFFF000000

mem[X,0x0000000080000CB0] -> 0x8E93
mem[X,0x0000000080000CB2] -> 0xFFFE
[817] [M]: 0x0000000080000CB0 (0xFFFE8E93) addi t4, t4, -0x1
x29 <- 0xFFFFFFFFFEFFFFFF

mem[X,0x0000000080000CB4] -> 0x9E93
mem[X,0x0000000080000CB6] -> 0x00BE
[818] [M]: 0x0000000080000CB4 (0x00BE9E93) slli t4, t4, 0xb
x29 <- 0xFFFFFFF7FFFFF800

mem[X,0x0000000080000CB8] -> 0x8E93
mem[X,0x0000000080000CBA] -> 0x002E
[819] [M]: 0x0000000080000CB8 (0x002E8E93) addi t4, t4, 0x2
x29 <- 0xFFFFFFF7FFFFF802

mem[X,0x0000000080000CBC] -> 0x9E93
mem[X,0x0000000080000CBE] -> 0x00BE
[820] [M]: 0x0000000080000CBC (0x00BE9E93) slli t4, t4, 0xb
x29 <- 0xFFFFBFFFFFC01000

mem[X,0x0000000080000CC0] -> 0x8E93
mem[X,0x0000000080000CC2] -> 0x000E
[821] [M]: 0x0000000080000CC0 (0x000E8E93) addi t4, t4, 0x0
x29 <- 0xFFFFBFFFFFC01000

mem[X,0x0000000080000CC4] -> 0x9E93
mem[X,0x0000000080000CC6] -> 0x00AE
[822] [M]: 0x0000000080000CC4 (0x00AE9E93) slli t4, t4, 0xa
x29 <- 0xFEFFFFFF00400000

mem[X,0x0000000080000CC8] -> 0x2F9B
mem[X,0x0000000080000CCA] -> 0xEFDF
[823] [M]: 0x0000000080000CC8 (0xEFDF2F9B) sha t6, t5, t4
x31 <- 0x00800000FFFFFEFF

mem[X,0x0000000080000CCC] -> 0xB823
mem[X,0x0000000080000CCE] -> 0x07F0
[824] [M]: 0x0000000080000CCC (0x07F0B823) sd t6, 0x70(ra)
mem[0x0000000080005270] <- 0x00800000FFFFFEFF

mem[X,0x0000000080000CD0] -> 0x0F37
mem[X,0x0000000080000CD2] -> 0xFFF8
[825] [M]: 0x0000000080000CD0 (0xFFF80F37) lui t5, -0x80
x30 <- 0xFFFFFFFFFFF80000

mem[X,0x0000000080000CD4] -> 0x0F13
mem[X,0x0000000080000CD6] -> 0xFFFF
[826] [M]: 0x0000000080000CD4 (0xFFFF0F13) addi t5, t5, -0x1
x30 <- 0xFFFFFFFFFFF7FFFF

mem[X,0x0000000080000CD8] -> 0x1F13
mem[X,0x0000000080000CDA] -> 0x00BF
[827] [M]: 0x0000000080000CD8 (0x00BF1F13) slli t5, t5, 0xb
x30 <- 0xFFFFFFFFBFFFF800

mem[X,0x0000000080000CDC] -> 0x0F13
mem[X,0x0000000080000CDE] -> 0x7FFF
[828] [M]: 0x0000000080000CDC (0x7FFF0F13) addi t5, t5, 0x7ff
x30 <- 0xFFFFFFFFBFFFFFFF

mem[X,0x0000000080000CE0] -> 0x1F13
mem[X,0x0000000080000CE2] -> 0x00BF
[829] [M]: 0x0000000080000CE0 (0x00BF1F13) slli t5, t5, 0xb
x30 <- 0xFFFFFDFFFFFFF800

mem[X,0x0000000080000CE4] -> 0x0F13
mem[X,0x0000000080000CE6] -> 0x7FFF
[830] [M]: 0x0000000080000CE4 (0x7FFF0F13) addi t5, t5, 0x7ff
x30 <- 0xFFFFFDFFFFFFFFFF

mem[X,0x0000000080000CE8] -> 0x1F13
mem[X,0x0000000080000CEA] -> 0x00AF
[831] [M]: 0x0000000080000CE8 (0x00AF1F13) slli t5, t5, 0xa
x30 <- 0xFFF7FFFFFFFFFC00

mem[X,0x0000000080000CEC] -> 0x0F13
mem[X,0x0000000080000CEE] -> 0x1FFF
[832] [M]: 0x0000000080000CEC (0x1FFF0F13) addi t5, t5, 0x1ff
x30 <- 0xFFF7FFFFFFFFFDFF

mem[X,0x0000000080000CF0] -> 0x0EB7
mem[X,0x0000000080000CF2] -> 0x0000
[833] [M]: 0x0000000080000CF0 (0x00000EB7) lui t4, 0x0
x29 <- 0x0000000000000000

mem[X,0x0000000080000CF4] -> 0x8E93
mem[X,0x0000000080000CF6] -> 0x080E
[834] [M]: 0x0000000080000CF4 (0x080E8E93) addi t4, t4, 0x80
x29 <- 0x0000000000000080

mem[X,0x0000000080000CF8] -> 0x9E93
mem[X,0x0000000080000CFA] -> 0x00BE
[835] [M]: 0x0000000080000CF8 (0x00BE9E93) slli t4, t4, 0xb
x29 <- 0x0000000000040000

mem[X,0x0000000080000CFC] -> 0x8E93
mem[X,0x0000000080000CFE] -> 0x000E
[836] [M]: 0x0000000080000CFC (0x000E8E93) addi t4, t4, 0x0
x29 <- 0x0000000000040000

mem[X,0x0000000080000D00] -> 0x9E93
mem[X,0x0000000080000D02] -> 0x00BE
[837] [M]: 0x0000000080000D00 (0x00BE9E93) slli t4, t4, 0xb
x29 <- 0x0000000020000000

mem[X,0x0000000080000D04] -> 0x8E93
mem[X,0x0000000080000D06] -> 0x000E
[838] [M]: 0x0000000080000D04 (0x000E8E93) addi t4, t4, 0x0
x29 <- 0x0000000020000000

mem[X,0x0000000080000D08] -> 0x9E93
mem[X,0x0000000080000D0A] -> 0x00AE
[839] [M]: 0x0000000080000D08 (0x00AE9E93) slli t4, t4, 0xa
x29 <- 0x0000008000000000

mem[X,0x0000000080000D0C] -> 0x8E93
mem[X,0x0000000080000D0E] -> 0x001E
[840] [M]: 0x0000000080000D0C (0x001E8E93) addi t4, t4, 0x1
x29 <- 0x0000008000000001

mem[X,0x0000000080000D10] -> 0x2F9B
mem[X,0x0000000080000D12] -> 0xEFDF
[841] [M]: 0x0000000080000D10 (0xEFDF2F9B) sha t6, t5, t4
x31 <- 0xFFEFFFFFFFFFFBFE

mem[X,0x0000000080000D14] -> 0xBC23
mem[X,0x0000000080000D16] -> 0x07F0
[842] [M]: 0x0000000080000D14 (0x07F0BC23) sd t6, 0x78(ra)
mem[0x0000000080005278] <- 0xFFEFFFFFFFFFFBFE

mem[X,0x0000000080000D18] -> 0x0F37
mem[X,0x0000000080000D1A] -> 0x0800
[843] [M]: 0x0000000080000D18 (0x08000F37) lui t5, 0x8000
x30 <- 0x0000000008000000

mem[X,0x0000000080000D1C] -> 0x0F13
mem[X,0x0000000080000D1E] -> 0x000F
[844] [M]: 0x0000000080000D1C (0x000F0F13) addi t5, t5, 0x0
x30 <- 0x0000000008000000

mem[X,0x0000000080000D20] -> 0x1F13
mem[X,0x0000000080000D22] -> 0x00BF
[845] [M]: 0x0000000080000D20 (0x00BF1F13) slli t5, t5, 0xb
x30 <- 0x0000004000000000

mem[X,0x0000000080000D24] -> 0x0F13
mem[X,0x0000000080000D26] -> 0x7FFF
[846] [M]: 0x0000000080000D24 (0x7FFF0F13) addi t5, t5, 0x7ff
x30 <- 0x00000040000007FF

mem[X,0x0000000080000D28] -> 0x1F13
mem[X,0x0000000080000D2A] -> 0x00BF
[847] [M]: 0x0000000080000D28 (0x00BF1F13) slli t5, t5, 0xb
x30 <- 0x00020000003FF800

mem[X,0x0000000080000D2C] -> 0x0F13
mem[X,0x0000000080000D2E] -> 0x7FEF
[848] [M]: 0x0000000080000D2C (0x7FEF0F13) addi t5, t5, 0x7fe
x30 <- 0x00020000003FFFFE

mem[X,0x0000000080000D30] -> 0x1F13
mem[X,0x0000000080000D32] -> 0x00AF
[849] [M]: 0x0000000080000D30 (0x00AF1F13) slli t5, t5, 0xa
x30 <- 0x08000000FFFFF800

mem[X,0x0000000080000D34] -> 0x0F13
mem[X,0x0000000080000D36] -> 0x3FFF
[850] [M]: 0x0000000080000D34 (0x3FFF0F13) addi t5, t5, 0x3ff
x30 <- 0x08000000FFFFFBFF

mem[X,0x0000000080000D38] -> 0x5EB7
mem[X,0x0000000080000D3A] -> 0x5555
[851] [M]: 0x0000000080000D38 (0x55555EB7) lui t4, 0x55555
x29 <- 0x0000000055555000

mem[X,0x0000000080000D3C] -> 0x8E93
mem[X,0x0000000080000D3E] -> 0x555E
[852] [M]: 0x0000000080000D3C (0x555E8E93) addi t4, t4, 0x555
x29 <- 0x0000000055555555

mem[X,0x0000000080000D40] -> 0x9E93
mem[X,0x0000000080000D42] -> 0x00BE
[853] [M]: 0x0000000080000D40 (0x00BE9E93) slli t4, t4, 0xb
x29 <- 0x000002AAAAAAA800

mem[X,0x0000000080000D44] -> 0x8E93
mem[X,0x0000000080000D46] -> 0x000E
[854] [M]: 0x0000000080000D44 (0x000E8E93) addi t4, t4, 0x0
x29 <- 0x000002AAAAAAA800

mem[X,0x0000000080000D48] -> 0x9E93
mem[X,0x0000000080000D4A] -> 0x00BE
[855] [M]: 0x0000000080000D48 (0x00BE9E93) slli t4, t4, 0xb
x29 <- 0x0015555555400000

mem[X,0x0000000080000D4C] -> 0x8E93
mem[X,0x0000000080000D4E] -> 0x080E
[856] [M]: 0x0000000080000D4C (0x080E8E93) addi t4, t4, 0x80
x29 <- 0x0015555555400080

mem[X,0x0000000080000D50] -> 0x9E93
mem[X,0x0000000080000D52] -> 0x00AE
[857] [M]: 0x0000000080000D50 (0x00AE9E93) slli t4, t4, 0xa
x29 <- 0x5555555500020000

mem[X,0x0000000080000D54] -> 0x2F9B
mem[X,0x0000000080000D56] -> 0xEFDF
[858] [M]: 0x0000000080000D54 (0xEFDF2F9B) sha t6, t5, t4
x31 <- 0x08000000FFFFFBFF

mem[X,0x0000000080000D58] -> 0xB023
mem[X,0x0000000080000D5A] -> 0x09F0
[859] [M]: 0x0000000080000D58 (0x09F0B023) sd t6, 0x80(ra)
mem[0x0000000080005280] <- 0x08000000FFFFFBFF

mem[X,0x0000000080000D5C] -> 0x0F37
mem[X,0x0000000080000D5E] -> 0xFFFF
[860] [M]: 0x0000000080000D5C (0xFFFF0F37) lui t5, -0x10
x30 <- 0xFFFFFFFFFFFF0000

mem[X,0x0000000080000D60] -> 0x0F13
mem[X,0x0000000080000D62] -> 0xFFFF
[861] [M]: 0x0000000080000D60 (0xFFFF0F13) addi t5, t5, -0x1
x30 <- 0xFFFFFFFFFFFEFFFF

mem[X,0x0000000080000D64] -> 0x1F13
mem[X,0x0000000080000D66] -> 0x00BF
[862] [M]: 0x0000000080000D64 (0x00BF1F13) slli t5, t5, 0xb
x30 <- 0xFFFFFFFFF7FFF800

mem[X,0x0000000080000D68] -> 0x0F13
mem[X,0x0000000080000D6A] -> 0x7FFF
[863] [M]: 0x0000000080000D68 (0x7FFF0F13) addi t5, t5, 0x7ff
x30 <- 0xFFFFFFFFF7FFFFFF

mem[X,0x0000000080000D6C] -> 0x1F13
mem[X,0x0000000080000D6E] -> 0x00BF
[864] [M]: 0x0000000080000D6C (0x00BF1F13) slli t5, t5, 0xb
x30 <- 0xFFFFFFBFFFFFF800

mem[X,0x0000000080000D70] -> 0x0F13
mem[X,0x0000000080000D72] -> 0x7FDF
[865] [M]: 0x0000000080000D70 (0x7FDF0F13) addi t5, t5, 0x7fd
x30 <- 0xFFFFFFBFFFFFFFFD

mem[X,0x0000000080000D74] -> 0x1F13
mem[X,0x0000000080000D76] -> 0x00AF
[866] [M]: 0x0000000080000D74 (0x00AF1F13) slli t5, t5, 0xa
x30 <- 0xFFFEFFFFFFFFF400

mem[X,0x0000000080000D78] -> 0x0F13
mem[X,0x0000000080000D7A] -> 0x3FFF
[867] [M]: 0x0000000080000D78 (0x3FFF0F13) addi t5, t5, 0x3ff
x30 <- 0xFFFEFFFFFFFFF7FF

mem[X,0x0000000080000D7C] -> 0x0EB7
mem[X,0x0000000080000D7E] -> 0x0010
[868] [M]: 0x0000000080000D7C (0x00100EB7) lui t4, 0x100
x29 <- 0x0000000000100000

mem[X,0x0000000080000D80] -> 0x8E93
mem[X,0x0000000080000D82] -> 0x000E
[869] [M]: 0x0000000080000D80 (0x000E8E93) addi t4, t4, 0x0
x29 <- 0x0000000000100000

mem[X,0x0000000080000D84] -> 0x9E93
mem[X,0x0000000080000D86] -> 0x00BE
[870] [M]: 0x0000000080000D84 (0x00BE9E93) slli t4, t4, 0xb
x29 <- 0x0000000080000000

mem[X,0x0000000080000D88] -> 0x8E93
mem[X,0x0000000080000D8A] -> 0x7FFE
[871] [M]: 0x0000000080000D88 (0x7FFE8E93) addi t4, t4, 0x7ff
x29 <- 0x00000000800007FF

mem[X,0x0000000080000D8C] -> 0x9E93
mem[X,0x0000000080000D8E] -> 0x00BE
[872] [M]: 0x0000000080000D8C (0x00BE9E93) slli t4, t4, 0xb
x29 <- 0x00000400003FF800

mem[X,0x0000000080000D90] -> 0x8E93
mem[X,0x0000000080000D92] -> 0x7FFE
[873] [M]: 0x0000000080000D90 (0x7FFE8E93) addi t4, t4, 0x7ff
x29 <- 0x00000400003FFFFF

mem[X,0x0000000080000D94] -> 0x9E93
mem[X,0x0000000080000D96] -> 0x00AE
[874] [M]: 0x0000000080000D94 (0x00AE9E93) slli t4, t4, 0xa
x29 <- 0x00100000FFFFFC00

mem[X,0x0000000080000D98] -> 0x8E93
mem[X,0x0000000080000D9A] -> 0x3F8E
[875] [M]: 0x0000000080000D98 (0x3F8E8E93) addi t4, t4, 0x3f8
x29 <- 0x00100000FFFFFFF8

mem[X,0x0000000080000D9C] -> 0x2F9B
mem[X,0x0000000080000D9E] -> 0xEFDF
[876] [M]: 0x0000000080000D9C (0xEFDF2F9B) sha t6, t5, t4
x31 <- 0xFFFFFEFFFFFFFFF7

mem[X,0x0000000080000DA0] -> 0xB423
mem[X,0x0000000080000DA2] -> 0x09F0
[877] [M]: 0x0000000080000DA0 (0x09F0B423) sd t6, 0x88(ra)
mem[0x0000000080005288] <- 0xFFFFFEFFFFFFFFF7

mem[X,0x0000000080000DA4] -> 0x0F37
mem[X,0x0000000080000DA6] -> 0x0000
[878] [M]: 0x0000000080000DA4 (0x00000F37) lui t5, 0x0
x30 <- 0x0000000000000000

mem[X,0x0000000080000DA8] -> 0x0F13
mem[X,0x0000000080000DAA] -> 0x040F
[879] [M]: 0x0000000080000DA8 (0x040F0F13) addi t5, t5, 0x40
x30 <- 0x0000000000000040

mem[X,0x0000000080000DAC] -> 0x1F13
mem[X,0x0000000080000DAE] -> 0x00BF
[880] [M]: 0x0000000080000DAC (0x00BF1F13) slli t5, t5, 0xb
x30 <- 0x0000000000020000

mem[X,0x0000000080000DB0] -> 0x0F13
mem[X,0x0000000080000DB2] -> 0x7FFF
[881] [M]: 0x0000000080000DB0 (0x7FFF0F13) addi t5, t5, 0x7ff
x30 <- 0x00000000000207FF

mem[X,0x0000000080000DB4] -> 0x1F13
mem[X,0x0000000080000DB6] -> 0x00BF
[882] [M]: 0x0000000080000DB4 (0x00BF1F13) slli t5, t5, 0xb
x30 <- 0x00000000103FF800

mem[X,0x0000000080000DB8] -> 0x0F13
mem[X,0x0000000080000DBA] -> 0x7F7F
[883] [M]: 0x0000000080000DB8 (0x7F7F0F13) addi t5, t5, 0x7f7
x30 <- 0x00000000103FFFF7

mem[X,0x0000000080000DBC] -> 0x1F13
mem[X,0x0000000080000DBE] -> 0x00AF
[884] [M]: 0x0000000080000DBC (0x00AF1F13) slli t5, t5, 0xa
x30 <- 0x00000040FFFFDC00

mem[X,0x0000000080000DC0] -> 0x0F13
mem[X,0x0000000080000DC2] -> 0x3FFF
[885] [M]: 0x0000000080000DC0 (0x3FFF0F13) addi t5, t5, 0x3ff
x30 <- 0x00000040FFFFDFFF

mem[X,0x0000000080000DC4] -> 0x0EB7
mem[X,0x0000000080000DC6] -> 0xFFFC
[886] [M]: 0x0000000080000DC4 (0xFFFC0EB7) lui t4, -0x40
x29 <- 0xFFFFFFFFFFFC0000

mem[X,0x0000000080000DC8] -> 0x8E93
mem[X,0x0000000080000DCA] -> 0xFFFE
[887] [M]: 0x0000000080000DC8 (0xFFFE8E93) addi t4, t4, -0x1
x29 <- 0xFFFFFFFFFFFBFFFF

mem[X,0x0000000080000DCC] -> 0x9E93
mem[X,0x0000000080000DCE] -> 0x00BE
[888] [M]: 0x0000000080000DCC (0x00BE9E93) slli t4, t4, 0xb
x29 <- 0xFFFFFFFFDFFFF800

mem[X,0x0000000080000DD0] -> 0x8E93
mem[X,0x0000000080000DD2] -> 0x000E
[889] [M]: 0x0000000080000DD0 (0x000E8E93) addi t4, t4, 0x0
x29 <- 0xFFFFFFFFDFFFF800

mem[X,0x0000000080000DD4] -> 0x9E93
mem[X,0x0000000080000DD6] -> 0x00BE
[890] [M]: 0x0000000080000DD4 (0x00BE9E93) slli t4, t4, 0xb
x29 <- 0xFFFFFEFFFFC00000

mem[X,0x0000000080000DD8] -> 0x8E93
mem[X,0x0000000080000DDA] -> 0x000E
[891] [M]: 0x0000000080000DD8 (0x000E8E93) addi t4, t4, 0x0
x29 <- 0xFFFFFEFFFFC00000

mem[X,0x0000000080000DDC] -> 0x9E93
mem[X,0x0000000080000DDE] -> 0x00AE
[892] [M]: 0x0000000080000DDC (0x00AE9E93) slli t4, t4, 0xa
x29 <- 0xFFFBFFFF00000000

mem[X,0x0000000080000DE0] -> 0x2F9B
mem[X,0x0000000080000DE2] -> 0xEFDF
[893] [M]: 0x0000000080000DE0 (0xEFDF2F9B) sha t6, t5, t4
x31 <- 0x00000040FFFFDFFF

mem[X,0x0000000080000DE4] -> 0xB823
mem[X,0x0000000080000DE6] -> 0x09F0
[894] [M]: 0x0000000080000DE4 (0x09F0B823) sd t6, 0x90(ra)
mem[0x0000000080005290] <- 0x00000040FFFFDFFF

mem[X,0x0000000080000DE8] -> 0x5F37
mem[X,0x0000000080000DEA] -> 0x5555
[895] [M]: 0x0000000080000DE8 (0x55555F37) lui t5, 0x55555
x30 <- 0x0000000055555000

mem[X,0x0000000080000DEC] -> 0x0F13
mem[X,0x0000000080000DEE] -> 0x555F
[896] [M]: 0x0000000080000DEC (0x555F0F13) addi t5, t5, 0x555
x30 <- 0x0000000055555555

mem[X,0x0000000080000DF0] -> 0x1F13
mem[X,0x0000000080000DF2] -> 0x00BF
[897] [M]: 0x0000000080000DF0 (0x00BF1F13) slli t5, t5, 0xb
x30 <- 0x000002AAAAAAA800

mem[X,0x0000000080000DF4] -> 0x0F13
mem[X,0x0000000080000DF6] -> 0x000F
[898] [M]: 0x0000000080000DF4 (0x000F0F13) addi t5, t5, 0x0
x30 <- 0x000002AAAAAAA800

mem[X,0x0000000080000DF8] -> 0x1F13
mem[X,0x0000000080000DFA] -> 0x00BF
[899] [M]: 0x0000000080000DF8 (0x00BF1F13) slli t5, t5, 0xb
x30 <- 0x0015555555400000

clint::tick mtime <- 0x0000000000000009
 clint timer pending at mtime 0x0000000000000009
htif::tick 0x0000000000000000
mem[X,0x0000000080000DFC] -> 0x0F13
mem[X,0x0000000080000DFE] -> 0x000F
[900] [M]: 0x0000000080000DFC (0x000F0F13) addi t5, t5, 0x0
x30 <- 0x0015555555400000

mem[X,0x0000000080000E00] -> 0x1F13
mem[X,0x0000000080000E02] -> 0x00AF
[901] [M]: 0x0000000080000E00 (0x00AF1F13) slli t5, t5, 0xa
x30 <- 0x5555555500000000

mem[X,0x0000000080000E04] -> 0x0F13
mem[X,0x0000000080000E06] -> 0x006F
[902] [M]: 0x0000000080000E04 (0x006F0F13) addi t5, t5, 0x6
x30 <- 0x5555555500000006

mem[X,0x0000000080000E08] -> 0x0EB7
mem[X,0x0000000080000E0A] -> 0xFFF0
[903] [M]: 0x0000000080000E08 (0xFFF00EB7) lui t4, -0x100
x29 <- 0xFFFFFFFFFFF00000

mem[X,0x0000000080000E0C] -> 0x8E93
mem[X,0x0000000080000E0E] -> 0xFFFE
[904] [M]: 0x0000000080000E0C (0xFFFE8E93) addi t4, t4, -0x1
x29 <- 0xFFFFFFFFFFEFFFFF

mem[X,0x0000000080000E10] -> 0x9E93
mem[X,0x0000000080000E12] -> 0x00BE
[905] [M]: 0x0000000080000E10 (0x00BE9E93) slli t4, t4, 0xb
x29 <- 0xFFFFFFFF7FFFF800

mem[X,0x0000000080000E14] -> 0x8E93
mem[X,0x0000000080000E16] -> 0x020E
[906] [M]: 0x0000000080000E14 (0x020E8E93) addi t4, t4, 0x20
x29 <- 0xFFFFFFFF7FFFF820

mem[X,0x0000000080000E18] -> 0x9E93
mem[X,0x0000000080000E1A] -> 0x00BE
[907] [M]: 0x0000000080000E18 (0x00BE9E93) slli t4, t4, 0xb
x29 <- 0xFFFFFBFFFFC10000

mem[X,0x0000000080000E1C] -> 0x8E93
mem[X,0x0000000080000E1E] -> 0x000E
[908] [M]: 0x0000000080000E1C (0x000E8E93) addi t4, t4, 0x0
x29 <- 0xFFFFFBFFFFC10000

mem[X,0x0000000080000E20] -> 0x9E93
mem[X,0x0000000080000E22] -> 0x00AE
[909] [M]: 0x0000000080000E20 (0x00AE9E93) slli t4, t4, 0xa
x29 <- 0xFFEFFFFF04000000

mem[X,0x0000000080000E24] -> 0x2F9B
mem[X,0x0000000080000E26] -> 0xEFDF
[910] [M]: 0x0000000080000E24 (0xEFDF2F9B) sha t6, t5, t4
x31 <- 0x5555555500000006

mem[X,0x0000000080000E28] -> 0xBC23
mem[X,0x0000000080000E2A] -> 0x09F0
[911] [M]: 0x0000000080000E28 (0x09F0BC23) sd t6, 0x98(ra)
mem[0x0000000080005298] <- 0x5555555500000006

mem[X,0x0000000080000E2C] -> 0x0F37
mem[X,0x0000000080000E2E] -> 0x0000
[912] [M]: 0x0000000080000E2C (0x00000F37) lui t5, 0x0
x30 <- 0x0000000000000000

mem[X,0x0000000080000E30] -> 0x0F13
mem[X,0x0000000080000E32] -> 0xDFFF
[913] [M]: 0x0000000080000E30 (0xDFFF0F13) addi t5, t5, -0x201
x30 <- 0xFFFFFFFFFFFFFDFF

mem[X,0x0000000080000E34] -> 0x1F13
mem[X,0x0000000080000E36] -> 0x00BF
[914] [M]: 0x0000000080000E34 (0x00BF1F13) slli t5, t5, 0xb
x30 <- 0xFFFFFFFFFFEFF800

mem[X,0x0000000080000E38] -> 0x0F13
mem[X,0x0000000080000E3A] -> 0x555F
[915] [M]: 0x0000000080000E38 (0x555F0F13) addi t5, t5, 0x555
x30 <- 0xFFFFFFFFFFEFFD55

mem[X,0x0000000080000E3C] -> 0x1F13
mem[X,0x0000000080000E3E] -> 0x00BF
[916] [M]: 0x0000000080000E3C (0x00BF1F13) slli t5, t5, 0xb
x30 <- 0xFFFFFFFF7FEAA800

mem[X,0x0000000080000E40] -> 0x0F13
mem[X,0x0000000080000E42] -> 0x2AAF
[917] [M]: 0x0000000080000E40 (0x2AAF0F13) addi t5, t5, 0x2aa
x30 <- 0xFFFFFFFF7FEAAAAA

mem[X,0x0000000080000E44] -> 0x1F13
mem[X,0x0000000080000E46] -> 0x00AF
[918] [M]: 0x0000000080000E44 (0x00AF1F13) slli t5, t5, 0xa
x30 <- 0xFFFFFDFFAAAAA800

mem[X,0x0000000080000E48] -> 0x0F13
mem[X,0x0000000080000E4A] -> 0x2AAF
[919] [M]: 0x0000000080000E48 (0x2AAF0F13) addi t5, t5, 0x2aa
x30 <- 0xFFFFFDFFAAAAAAAA

mem[X,0x0000000080000E4C] -> 0x0EB7
mem[X,0x0000000080000E4E] -> 0xFFE0
[920] [M]: 0x0000000080000E4C (0xFFE00EB7) lui t4, -0x200
x29 <- 0xFFFFFFFFFFE00000

mem[X,0x0000000080000E50] -> 0x8E93
mem[X,0x0000000080000E52] -> 0xFFFE
[921] [M]: 0x0000000080000E50 (0xFFFE8E93) addi t4, t4, -0x1
x29 <- 0xFFFFFFFFFFDFFFFF

mem[X,0x0000000080000E54] -> 0x9E93
mem[X,0x0000000080000E56] -> 0x00BE
[922] [M]: 0x0000000080000E54 (0x00BE9E93) slli t4, t4, 0xb
x29 <- 0xFFFFFFFEFFFFF800

mem[X,0x0000000080000E58] -> 0x8E93
mem[X,0x0000000080000E5A] -> 0x7BFE
[923] [M]: 0x0000000080000E58 (0x7BFE8E93) addi t4, t4, 0x7bf
x29 <- 0xFFFFFFFEFFFFFFBF

mem[X,0x0000000080000E5C] -> 0x9E93
mem[X,0x0000000080000E5E] -> 0x00BE
[924] [M]: 0x0000000080000E5C (0x00BE9E93) slli t4, t4, 0xb
x29 <- 0xFFFFF7FFFFFDF800

mem[X,0x0000000080000E60] -> 0x8E93
mem[X,0x0000000080000E62] -> 0x7FFE
[925] [M]: 0x0000000080000E60 (0x7FFE8E93) addi t4, t4, 0x7ff
x29 <- 0xFFFFF7FFFFFDFFFF

mem[X,0x0000000080000E64] -> 0x9E93
mem[X,0x0000000080000E66] -> 0x00AE
[926] [M]: 0x0000000080000E64 (0x00AE9E93) slli t4, t4, 0xa
x29 <- 0xFFDFFFFFF7FFFC00

mem[X,0x0000000080000E68] -> 0x8E93
mem[X,0x0000000080000E6A] -> 0x3FFE
[927] [M]: 0x0000000080000E68 (0x3FFE8E93) addi t4, t4, 0x3ff
x29 <- 0xFFDFFFFFF7FFFFFF

mem[X,0x0000000080000E6C] -> 0x2F9B
mem[X,0x0000000080000E6E] -> 0xEFDF
[928] [M]: 0x0000000080000E6C (0xEFDF2F9B) sha t6, t5, t4
x31 <- 0xFFFFFEFFD5555555

mem[X,0x0000000080000E70] -> 0xB023
mem[X,0x0000000080000E72] -> 0x0BF0
[929] [M]: 0x0000000080000E70 (0x0BF0B023) sd t6, 0xa0(ra)
mem[0x00000000800052A0] <- 0xFFFFFEFFD5555555

mem[X,0x0000000080000E74] -> 0x0F37
mem[X,0x0000000080000E76] -> 0x0000
[930] [M]: 0x0000000080000E74 (0x00000F37) lui t5, 0x0
x30 <- 0x0000000000000000

mem[X,0x0000000080000E78] -> 0x0F13
mem[X,0x0000000080000E7A] -> 0x004F
[931] [M]: 0x0000000080000E78 (0x004F0F13) addi t5, t5, 0x4
x30 <- 0x0000000000000004

mem[X,0x0000000080000E7C] -> 0x1F13
mem[X,0x0000000080000E7E] -> 0x00BF
[932] [M]: 0x0000000080000E7C (0x00BF1F13) slli t5, t5, 0xb
x30 <- 0x0000000000002000

mem[X,0x0000000080000E80] -> 0x0F13
mem[X,0x0000000080000E82] -> 0x000F
[933] [M]: 0x0000000080000E80 (0x000F0F13) addi t5, t5, 0x0
x30 <- 0x0000000000002000

mem[X,0x0000000080000E84] -> 0x1F13
mem[X,0x0000000080000E86] -> 0x00BF
[934] [M]: 0x0000000080000E84 (0x00BF1F13) slli t5, t5, 0xb
x30 <- 0x0000000001000000

mem[X,0x0000000080000E88] -> 0x0F13
mem[X,0x0000000080000E8A] -> 0x000F
[935] [M]: 0x0000000080000E88 (0x000F0F13) addi t5, t5, 0x0
x30 <- 0x0000000001000000

mem[X,0x0000000080000E8C] -> 0x1F13
mem[X,0x0000000080000E8E] -> 0x00AF
[936] [M]: 0x0000000080000E8C (0x00AF1F13) slli t5, t5, 0xa
x30 <- 0x0000000400000000

mem[X,0x0000000080000E90] -> 0x0F13
mem[X,0x0000000080000E92] -> 0x002F
[937] [M]: 0x0000000080000E90 (0x002F0F13) addi t5, t5, 0x2
x30 <- 0x0000000400000002

mem[X,0x0000000080000E94] -> 0x0EB7
mem[X,0x0000000080000E96] -> 0xFFC0
[938] [M]: 0x0000000080000E94 (0xFFC00EB7) lui t4, -0x400
x29 <- 0xFFFFFFFFFFC00000

mem[X,0x0000000080000E98] -> 0x8E93
mem[X,0x0000000080000E9A] -> 0xFFFE
[939] [M]: 0x0000000080000E98 (0xFFFE8E93) addi t4, t4, -0x1
x29 <- 0xFFFFFFFFFFBFFFFF

mem[X,0x0000000080000E9C] -> 0x9E93
mem[X,0x0000000080000E9E] -> 0x00BE
[940] [M]: 0x0000000080000E9C (0x00BE9E93) slli t4, t4, 0xb
x29 <- 0xFFFFFFFDFFFFF800

mem[X,0x0000000080000EA0] -> 0x8E93
mem[X,0x0000000080000EA2] -> 0x1FFE
[941] [M]: 0x0000000080000EA0 (0x1FFE8E93) addi t4, t4, 0x1ff
x29 <- 0xFFFFFFFDFFFFF9FF

mem[X,0x0000000080000EA4] -> 0x9E93
mem[X,0x0000000080000EA6] -> 0x00BE
[942] [M]: 0x0000000080000EA4 (0x00BE9E93) slli t4, t4, 0xb
x29 <- 0xFFFFEFFFFFCFF800

mem[X,0x0000000080000EA8] -> 0x8E93
mem[X,0x0000000080000EAA] -> 0x7FFE
[943] [M]: 0x0000000080000EA8 (0x7FFE8E93) addi t4, t4, 0x7ff
x29 <- 0xFFFFEFFFFFCFFFFF

mem[X,0x0000000080000EAC] -> 0x9E93
mem[X,0x0000000080000EAE] -> 0x00AE
[944] [M]: 0x0000000080000EAC (0x00AE9E93) slli t4, t4, 0xa
x29 <- 0xFFBFFFFF3FFFFC00

mem[X,0x0000000080000EB0] -> 0x8E93
mem[X,0x0000000080000EB2] -> 0x3FFE
[945] [M]: 0x0000000080000EB0 (0x3FFE8E93) addi t4, t4, 0x3ff
x29 <- 0xFFBFFFFF3FFFFFFF

mem[X,0x0000000080000EB4] -> 0x2F9B
mem[X,0x0000000080000EB6] -> 0xEFDF
[946] [M]: 0x0000000080000EB4 (0xEFDF2F9B) sha t6, t5, t4
x31 <- 0x0000000200000001

mem[X,0x0000000080000EB8] -> 0xB423
mem[X,0x0000000080000EBA] -> 0x0BF0
[947] [M]: 0x0000000080000EB8 (0x0BF0B423) sd t6, 0xa8(ra)
mem[0x00000000800052A8] <- 0x0000000200000001

mem[X,0x0000000080000EBC] -> 0x0F37
mem[X,0x0000000080000EBE] -> 0x0008
[948] [M]: 0x0000000080000EBC (0x00080F37) lui t5, 0x80
x30 <- 0x0000000000080000

mem[X,0x0000000080000EC0] -> 0x0F13
mem[X,0x0000000080000EC2] -> 0x000F
[949] [M]: 0x0000000080000EC0 (0x000F0F13) addi t5, t5, 0x0
x30 <- 0x0000000000080000

mem[X,0x0000000080000EC4] -> 0x1F13
mem[X,0x0000000080000EC6] -> 0x00BF
[950] [M]: 0x0000000080000EC4 (0x00BF1F13) slli t5, t5, 0xb
x30 <- 0x0000000040000000

mem[X,0x0000000080000EC8] -> 0x0F13
mem[X,0x0000000080000ECA] -> 0x7FFF
[951] [M]: 0x0000000080000EC8 (0x7FFF0F13) addi t5, t5, 0x7ff
x30 <- 0x00000000400007FF

mem[X,0x0000000080000ECC] -> 0x1F13
mem[X,0x0000000080000ECE] -> 0x00BF
[952] [M]: 0x0000000080000ECC (0x00BF1F13) slli t5, t5, 0xb
x30 <- 0x00000200003FF800

mem[X,0x0000000080000ED0] -> 0x0F13
mem[X,0x0000000080000ED2] -> 0x7FFF
[953] [M]: 0x0000000080000ED0 (0x7FFF0F13) addi t5, t5, 0x7ff
x30 <- 0x00000200003FFFFF

mem[X,0x0000000080000ED4] -> 0x1F13
mem[X,0x0000000080000ED6] -> 0x00AF
[954] [M]: 0x0000000080000ED4 (0x00AF1F13) slli t5, t5, 0xa
x30 <- 0x00080000FFFFFC00

mem[X,0x0000000080000ED8] -> 0x0F13
mem[X,0x0000000080000EDA] -> 0x1FFF
[955] [M]: 0x0000000080000ED8 (0x1FFF0F13) addi t5, t5, 0x1ff
x30 <- 0x00080000FFFFFDFF

mem[X,0x0000000080000EDC] -> 0x0EB7
mem[X,0x0000000080000EDE] -> 0xFF80
[956] [M]: 0x0000000080000EDC (0xFF800EB7) lui t4, -0x800
x29 <- 0xFFFFFFFFFF800000

mem[X,0x0000000080000EE0] -> 0x8E93
mem[X,0x0000000080000EE2] -> 0xFFFE
[957] [M]: 0x0000000080000EE0 (0xFFFE8E93) addi t4, t4, -0x1
x29 <- 0xFFFFFFFFFF7FFFFF

mem[X,0x0000000080000EE4] -> 0x9E93
mem[X,0x0000000080000EE6] -> 0x00BE
[958] [M]: 0x0000000080000EE4 (0x00BE9E93) slli t4, t4, 0xb
x29 <- 0xFFFFFFFBFFFFF800

mem[X,0x0000000080000EE8] -> 0x8E93
mem[X,0x0000000080000EEA] -> 0x000E
[959] [M]: 0x0000000080000EE8 (0x000E8E93) addi t4, t4, 0x0
x29 <- 0xFFFFFFFBFFFFF800

mem[X,0x0000000080000EEC] -> 0x9E93
mem[X,0x0000000080000EEE] -> 0x00BE
[960] [M]: 0x0000000080000EEC (0x00BE9E93) slli t4, t4, 0xb
x29 <- 0xFFFFDFFFFFC00000

mem[X,0x0000000080000EF0] -> 0x8E93
mem[X,0x0000000080000EF2] -> 0x000E
[961] [M]: 0x0000000080000EF0 (0x000E8E93) addi t4, t4, 0x0
x29 <- 0xFFFFDFFFFFC00000

mem[X,0x0000000080000EF4] -> 0x9E93
mem[X,0x0000000080000EF6] -> 0x00AE
[962] [M]: 0x0000000080000EF4 (0x00AE9E93) slli t4, t4, 0xa
x29 <- 0xFF7FFFFF00000000

mem[X,0x0000000080000EF8] -> 0x8E93
mem[X,0x0000000080000EFA] -> 0x200E
[963] [M]: 0x0000000080000EF8 (0x200E8E93) addi t4, t4, 0x200
x29 <- 0xFF7FFFFF00000200

mem[X,0x0000000080000EFC] -> 0x2F9B
mem[X,0x0000000080000EFE] -> 0xEFDF
[964] [M]: 0x0000000080000EFC (0xEFDF2F9B) sha t6, t5, t4
x31 <- 0x00080000FFFFFDFF

mem[X,0x0000000080000F00] -> 0xB823
mem[X,0x0000000080000F02] -> 0x0BF0
[965] [M]: 0x0000000080000F00 (0x0BF0B823) sd t6, 0xb0(ra)
mem[0x00000000800052B0] <- 0x00080000FFFFFDFF

mem[X,0x0000000080000F04] -> 0x0F37
mem[X,0x0000000080000F06] -> 0xE000
[966] [M]: 0x0000000080000F04 (0xE0000F37) lui t5, -0x20000
x30 <- 0xFFFFFFFFE0000000

mem[X,0x0000000080000F08] -> 0x0F13
mem[X,0x0000000080000F0A] -> 0xFFFF
[967] [M]: 0x0000000080000F08 (0xFFFF0F13) addi t5, t5, -0x1
x30 <- 0xFFFFFFFFDFFFFFFF

mem[X,0x0000000080000F0C] -> 0x1F13
mem[X,0x0000000080000F0E] -> 0x00BF
[968] [M]: 0x0000000080000F0C (0x00BF1F13) slli t5, t5, 0xb
x30 <- 0xFFFFFEFFFFFFF800

mem[X,0x0000000080000F10] -> 0x0F13
mem[X,0x0000000080000F12] -> 0x000F
[969] [M]: 0x0000000080000F10 (0x000F0F13) addi t5, t5, 0x0
x30 <- 0xFFFFFEFFFFFFF800

mem[X,0x0000000080000F14] -> 0x1F13
mem[X,0x0000000080000F16] -> 0x00BF
[970] [M]: 0x0000000080000F14 (0x00BF1F13) slli t5, t5, 0xb
x30 <- 0xFFF7FFFFFFC00000

mem[X,0x0000000080000F18] -> 0x0F13
mem[X,0x0000000080000F1A] -> 0x000F
[971] [M]: 0x0000000080000F18 (0x000F0F13) addi t5, t5, 0x0
x30 <- 0xFFF7FFFFFFC00000

mem[X,0x0000000080000F1C] -> 0x1F13
mem[X,0x0000000080000F1E] -> 0x00AF
[972] [M]: 0x0000000080000F1C (0x00AF1F13) slli t5, t5, 0xa
x30 <- 0xDFFFFFFF00000000

mem[X,0x0000000080000F20] -> 0x0F13
mem[X,0x0000000080000F22] -> 0x001F
[973] [M]: 0x0000000080000F20 (0x001F0F13) addi t5, t5, 0x1
x30 <- 0xDFFFFFFF00000001

mem[X,0x0000000080000F24] -> 0x0EB7
mem[X,0x0000000080000F26] -> 0xFC00
[974] [M]: 0x0000000080000F24 (0xFC000EB7) lui t4, -0x4000
x29 <- 0xFFFFFFFFFC000000

mem[X,0x0000000080000F28] -> 0x8E93
mem[X,0x0000000080000F2A] -> 0xFFFE
[975] [M]: 0x0000000080000F28 (0xFFFE8E93) addi t4, t4, -0x1
x29 <- 0xFFFFFFFFFBFFFFFF

mem[X,0x0000000080000F2C] -> 0x9E93
mem[X,0x0000000080000F2E] -> 0x00BE
[976] [M]: 0x0000000080000F2C (0x00BE9E93) slli t4, t4, 0xb
x29 <- 0xFFFFFFDFFFFFF800

mem[X,0x0000000080000F30] -> 0x8E93
mem[X,0x0000000080000F32] -> 0x7FFE
[977] [M]: 0x0000000080000F30 (0x7FFE8E93) addi t4, t4, 0x7ff
x29 <- 0xFFFFFFDFFFFFFFFF

mem[X,0x0000000080000F34] -> 0x9E93
mem[X,0x0000000080000F36] -> 0x00BE
[978] [M]: 0x0000000080000F34 (0x00BE9E93) slli t4, t4, 0xb
x29 <- 0xFFFEFFFFFFFFF800

mem[X,0x0000000080000F38] -> 0x8E93
mem[X,0x0000000080000F3A] -> 0x7EFE
[979] [M]: 0x0000000080000F38 (0x7EFE8E93) addi t4, t4, 0x7ef
x29 <- 0xFFFEFFFFFFFFFFEF

mem[X,0x0000000080000F3C] -> 0x9E93
mem[X,0x0000000080000F3E] -> 0x00AE
[980] [M]: 0x0000000080000F3C (0x00AE9E93) slli t4, t4, 0xa
x29 <- 0xFBFFFFFFFFFFBC00

mem[X,0x0000000080000F40] -> 0x8E93
mem[X,0x0000000080000F42] -> 0x3FFE
[981] [M]: 0x0000000080000F40 (0x3FFE8E93) addi t4, t4, 0x3ff
x29 <- 0xFBFFFFFFFFFFBFFF

mem[X,0x0000000080000F44] -> 0x2F9B
mem[X,0x0000000080000F46] -> 0xEFDF
[982] [M]: 0x0000000080000F44 (0xEFDF2F9B) sha t6, t5, t4
x31 <- 0xEFFFFFFF80000000

mem[X,0x0000000080000F48] -> 0xBC23
mem[X,0x0000000080000F4A] -> 0x0BF0
[983] [M]: 0x0000000080000F48 (0x0BF0BC23) sd t6, 0xb8(ra)
mem[0x00000000800052B8] <- 0xEFFFFFFF80000000

mem[X,0x0000000080000F4C] -> 0x0F37
mem[X,0x0000000080000F4E] -> 0x0000
[984] [M]: 0x0000000080000F4C (0x00000F37) lui t5, 0x0
x30 <- 0x0000000000000000

mem[X,0x0000000080000F50] -> 0x0F13
mem[X,0x0000000080000F52] -> 0xFFCF
[985] [M]: 0x0000000080000F50 (0xFFCF0F13) addi t5, t5, -0x4
x30 <- 0xFFFFFFFFFFFFFFFC

mem[X,0x0000000080000F54] -> 0x1F13
mem[X,0x0000000080000F56] -> 0x00BF
[986] [M]: 0x0000000080000F54 (0x00BF1F13) slli t5, t5, 0xb
x30 <- 0xFFFFFFFFFFFFE000

mem[X,0x0000000080000F58] -> 0x0F13
mem[X,0x0000000080000F5A] -> 0x7FFF
[987] [M]: 0x0000000080000F58 (0x7FFF0F13) addi t5, t5, 0x7ff
x30 <- 0xFFFFFFFFFFFFE7FF

mem[X,0x0000000080000F5C] -> 0x1F13
mem[X,0x0000000080000F5E] -> 0x00BF
[988] [M]: 0x0000000080000F5C (0x00BF1F13) slli t5, t5, 0xb
x30 <- 0xFFFFFFFFFF3FF800

mem[X,0x0000000080000F60] -> 0x0F13
mem[X,0x0000000080000F62] -> 0x7FFF
[989] [M]: 0x0000000080000F60 (0x7FFF0F13) addi t5, t5, 0x7ff
x30 <- 0xFFFFFFFFFF3FFFFF

mem[X,0x0000000080000F64] -> 0x1F13
mem[X,0x0000000080000F66] -> 0x00AF
[990] [M]: 0x0000000080000F64 (0x00AF1F13) slli t5, t5, 0xa
x30 <- 0xFFFFFFFCFFFFFC00

mem[X,0x0000000080000F68] -> 0x0F13
mem[X,0x0000000080000F6A] -> 0x3FCF
[991] [M]: 0x0000000080000F68 (0x3FCF0F13) addi t5, t5, 0x3fc
x30 <- 0xFFFFFFFCFFFFFFFC

mem[X,0x0000000080000F6C] -> 0x0EB7
mem[X,0x0000000080000F6E] -> 0xF800
[992] [M]: 0x0000000080000F6C (0xF8000EB7) lui t4, -0x8000
x29 <- 0xFFFFFFFFF8000000

mem[X,0x0000000080000F70] -> 0x8E93
mem[X,0x0000000080000F72] -> 0xFFFE
[993] [M]: 0x0000000080000F70 (0xFFFE8E93) addi t4, t4, -0x1
x29 <- 0xFFFFFFFFF7FFFFFF

mem[X,0x0000000080000F74] -> 0x9E93
mem[X,0x0000000080000F76] -> 0x00BE
[994] [M]: 0x0000000080000F74 (0x00BE9E93) slli t4, t4, 0xb
x29 <- 0xFFFFFFBFFFFFF800

mem[X,0x0000000080000F78] -> 0x8E93
mem[X,0x0000000080000F7A] -> 0x7FFE
[995] [M]: 0x0000000080000F78 (0x7FFE8E93) addi t4, t4, 0x7ff
x29 <- 0xFFFFFFBFFFFFFFFF

mem[X,0x0000000080000F7C] -> 0x9E93
mem[X,0x0000000080000F7E] -> 0x00BE
[996] [M]: 0x0000000080000F7C (0x00BE9E93) slli t4, t4, 0xb
x29 <- 0xFFFDFFFFFFFFF800

mem[X,0x0000000080000F80] -> 0x8E93
mem[X,0x0000000080000F82] -> 0x7FFE
[997] [M]: 0x0000000080000F80 (0x7FFE8E93) addi t4, t4, 0x7ff
x29 <- 0xFFFDFFFFFFFFFFFF

mem[X,0x0000000080000F84] -> 0x9E93
mem[X,0x0000000080000F86] -> 0x00AE
[998] [M]: 0x0000000080000F84 (0x00AE9E93) slli t4, t4, 0xa
x29 <- 0xF7FFFFFFFFFFFC00

mem[X,0x0000000080000F88] -> 0x8E93
mem[X,0x0000000080000F8A] -> 0x3DFE
[999] [M]: 0x0000000080000F88 (0x3DFE8E93) addi t4, t4, 0x3df
x29 <- 0xF7FFFFFFFFFFFFDF

clint::tick mtime <- 0x000000000000000A
 clint timer pending at mtime 0x000000000000000A
htif::tick 0x0000000000000000
mem[X,0x0000000080000F8C] -> 0x2F9B
mem[X,0x0000000080000F8E] -> 0xEFDF
[1000] [M]: 0x0000000080000F8C (0xEFDF2F9B) sha t6, t5, t4
x31 <- 0x7FFFFFFE00000000

mem[X,0x0000000080000F90] -> 0xB023
mem[X,0x0000000080000F92] -> 0x0DF0
[1001] [M]: 0x0000000080000F90 (0x0DF0B023) sd t6, 0xc0(ra)
mem[0x00000000800052C0] <- 0x7FFFFFFE00000000

mem[X,0x0000000080000F94] -> 0x0F37
mem[X,0x0000000080000F96] -> 0xFFFE
[1002] [M]: 0x0000000080000F94 (0xFFFE0F37) lui t5, -0x20
x30 <- 0xFFFFFFFFFFFE0000

mem[X,0x0000000080000F98] -> 0x0F13
mem[X,0x0000000080000F9A] -> 0xFFFF
[1003] [M]: 0x0000000080000F98 (0xFFFF0F13) addi t5, t5, -0x1
x30 <- 0xFFFFFFFFFFFDFFFF

mem[X,0x0000000080000F9C] -> 0x1F13
mem[X,0x0000000080000F9E] -> 0x00BF
[1004] [M]: 0x0000000080000F9C (0x00BF1F13) slli t5, t5, 0xb
x30 <- 0xFFFFFFFFEFFFF800

mem[X,0x0000000080000FA0] -> 0x0F13
mem[X,0x0000000080000FA2] -> 0x000F
[1005] [M]: 0x0000000080000FA0 (0x000F0F13) addi t5, t5, 0x0
x30 <- 0xFFFFFFFFEFFFF800

mem[X,0x0000000080000FA4] -> 0x1F13
mem[X,0x0000000080000FA6] -> 0x00BF
[1006] [M]: 0x0000000080000FA4 (0x00BF1F13) slli t5, t5, 0xb
x30 <- 0xFFFFFF7FFFC00000

mem[X,0x0000000080000FA8] -> 0x0F13
mem[X,0x0000000080000FAA] -> 0x000F
[1007] [M]: 0x0000000080000FA8 (0x000F0F13) addi t5, t5, 0x0
x30 <- 0xFFFFFF7FFFC00000

mem[X,0x0000000080000FAC] -> 0x1F13
mem[X,0x0000000080000FAE] -> 0x00AF
[1008] [M]: 0x0000000080000FAC (0x00AF1F13) slli t5, t5, 0xa
x30 <- 0xFFFDFFFF00000000

mem[X,0x0000000080000FB0] -> 0x0F13
mem[X,0x0000000080000FB2] -> 0x100F
[1009] [M]: 0x0000000080000FB0 (0x100F0F13) addi t5, t5, 0x100
x30 <- 0xFFFDFFFF00000100

mem[X,0x0000000080000FB4] -> 0x0EB7
mem[X,0x0000000080000FB6] -> 0xE000
[1010] [M]: 0x0000000080000FB4 (0xE0000EB7) lui t4, -0x20000
x29 <- 0xFFFFFFFFE0000000

mem[X,0x0000000080000FB8] -> 0x8E93
mem[X,0x0000000080000FBA] -> 0xFFFE
[1011] [M]: 0x0000000080000FB8 (0xFFFE8E93) addi t4, t4, -0x1
x29 <- 0xFFFFFFFFDFFFFFFF

mem[X,0x0000000080000FBC] -> 0x9E93
mem[X,0x0000000080000FBE] -> 0x00BE
[1012] [M]: 0x0000000080000FBC (0x00BE9E93) slli t4, t4, 0xb
x29 <- 0xFFFFFEFFFFFFF800

mem[X,0x0000000080000FC0] -> 0x8E93
mem[X,0x0000000080000FC2] -> 0x000E
[1013] [M]: 0x0000000080000FC0 (0x000E8E93) addi t4, t4, 0x0
x29 <- 0xFFFFFEFFFFFFF800

mem[X,0x0000000080000FC4] -> 0x9E93
mem[X,0x0000000080000FC6] -> 0x00BE
[1014] [M]: 0x0000000080000FC4 (0x00BE9E93) slli t4, t4, 0xb
x29 <- 0xFFF7FFFFFFC00000

mem[X,0x0000000080000FC8] -> 0x8E93
mem[X,0x0000000080000FCA] -> 0x000E
[1015] [M]: 0x0000000080000FC8 (0x000E8E93) addi t4, t4, 0x0
x29 <- 0xFFF7FFFFFFC00000

mem[X,0x0000000080000FCC] -> 0x9E93
mem[X,0x0000000080000FCE] -> 0x00AE
[1016] [M]: 0x0000000080000FCC (0x00AE9E93) slli t4, t4, 0xa
x29 <- 0xDFFFFFFF00000000

mem[X,0x0000000080000FD0] -> 0x8E93
mem[X,0x0000000080000FD2] -> 0x009E
[1017] [M]: 0x0000000080000FD0 (0x009E8E93) addi t4, t4, 0x9
x29 <- 0xDFFFFFFF00000009

mem[X,0x0000000080000FD4] -> 0x2F9B
mem[X,0x0000000080000FD6] -> 0xEFDF
[1018] [M]: 0x0000000080000FD4 (0xEFDF2F9B) sha t6, t5, t4
x31 <- 0xFBFFFE0000020000

mem[X,0x0000000080000FD8] -> 0xB423
mem[X,0x0000000080000FDA] -> 0x0DF0
[1019] [M]: 0x0000000080000FD8 (0x0DF0B423) sd t6, 0xc8(ra)
mem[0x00000000800052C8] <- 0xFBFFFE0000020000

mem[X,0x0000000080000FDC] -> 0x5F37
mem[X,0x0000000080000FDE] -> 0x5555
[1020] [M]: 0x0000000080000FDC (0x55555F37) lui t5, 0x55555
x30 <- 0x0000000055555000

mem[X,0x0000000080000FE0] -> 0x0F13
mem[X,0x0000000080000FE2] -> 0x555F
[1021] [M]: 0x0000000080000FE0 (0x555F0F13) addi t5, t5, 0x555
x30 <- 0x0000000055555555

mem[X,0x0000000080000FE4] -> 0x1F13
mem[X,0x0000000080000FE6] -> 0x00BF
[1022] [M]: 0x0000000080000FE4 (0x00BF1F13) slli t5, t5, 0xb
x30 <- 0x000002AAAAAAA800

mem[X,0x0000000080000FE8] -> 0x0F13
mem[X,0x0000000080000FEA] -> 0x000F
[1023] [M]: 0x0000000080000FE8 (0x000F0F13) addi t5, t5, 0x0
x30 <- 0x000002AAAAAAA800

mem[X,0x0000000080000FEC] -> 0x1F13
mem[X,0x0000000080000FEE] -> 0x00BF
[1024] [M]: 0x0000000080000FEC (0x00BF1F13) slli t5, t5, 0xb
x30 <- 0x0015555555400000

mem[X,0x0000000080000FF0] -> 0x0F13
mem[X,0x0000000080000FF2] -> 0x000F
[1025] [M]: 0x0000000080000FF0 (0x000F0F13) addi t5, t5, 0x0
x30 <- 0x0015555555400000

mem[X,0x0000000080000FF4] -> 0x1F13
mem[X,0x0000000080000FF6] -> 0x00AF
[1026] [M]: 0x0000000080000FF4 (0x00AF1F13) slli t5, t5, 0xa
x30 <- 0x5555555500000000

mem[X,0x0000000080000FF8] -> 0x0F13
mem[X,0x0000000080000FFA] -> 0x002F
[1027] [M]: 0x0000000080000FF8 (0x002F0F13) addi t5, t5, 0x2
x30 <- 0x5555555500000002

mem[X,0x0000000080000FFC] -> 0xBEB7
mem[X,0x0000000080000FFE] -> 0xAAAA
[1028] [M]: 0x0000000080000FFC (0xAAAABEB7) lui t4, -0x55555
x29 <- 0xFFFFFFFFAAAAB000

mem[X,0x0000000080001000] -> 0x8E93
mem[X,0x0000000080001002] -> 0xAAAE
[1029] [M]: 0x0000000080001000 (0xAAAE8E93) addi t4, t4, -0x556
x29 <- 0xFFFFFFFFAAAAAAAA

mem[X,0x0000000080001004] -> 0x9E93
mem[X,0x0000000080001006] -> 0x00BE
[1030] [M]: 0x0000000080001004 (0x00BE9E93) slli t4, t4, 0xb
x29 <- 0xFFFFFD5555555000

mem[X,0x0000000080001008] -> 0x8E93
mem[X,0x000000008000100A] -> 0x400E
[1031] [M]: 0x0000000080001008 (0x400E8E93) addi t4, t4, 0x400
x29 <- 0xFFFFFD5555555400

mem[X,0x000000008000100C] -> 0x9E93
mem[X,0x000000008000100E] -> 0x00BE
[1032] [M]: 0x000000008000100C (0x00BE9E93) slli t4, t4, 0xb
x29 <- 0xFFEAAAAAAAA00000

mem[X,0x0000000080001010] -> 0x8E93
mem[X,0x0000000080001012] -> 0x000E
[1033] [M]: 0x0000000080001010 (0x000E8E93) addi t4, t4, 0x0
x29 <- 0xFFEAAAAAAAA00000

mem[X,0x0000000080001014] -> 0x9E93
mem[X,0x0000000080001016] -> 0x00AE
[1034] [M]: 0x0000000080001014 (0x00AE9E93) slli t4, t4, 0xa
x29 <- 0xAAAAAAAA80000000

mem[X,0x0000000080001018] -> 0x2F9B
mem[X,0x000000008000101A] -> 0xEFDF
[1035] [M]: 0x0000000080001018 (0xEFDF2F9B) sha t6, t5, t4
x31 <- 0x5555555500000002

mem[X,0x000000008000101C] -> 0xB823
mem[X,0x000000008000101E] -> 0x0DF0
[1036] [M]: 0x000000008000101C (0x0DF0B823) sd t6, 0xd0(ra)
mem[0x00000000800052D0] <- 0x5555555500000002

mem[X,0x0000000080001020] -> 0x2F37
mem[X,0x0000000080001022] -> 0x0000
[1037] [M]: 0x0000000080001020 (0x00002F37) lui t5, 0x2
x30 <- 0x0000000000002000

mem[X,0x0000000080001024] -> 0x0F13
mem[X,0x0000000080001026] -> 0x000F
[1038] [M]: 0x0000000080001024 (0x000F0F13) addi t5, t5, 0x0
x30 <- 0x0000000000002000

mem[X,0x0000000080001028] -> 0x1F13
mem[X,0x000000008000102A] -> 0x00BF
[1039] [M]: 0x0000000080001028 (0x00BF1F13) slli t5, t5, 0xb
x30 <- 0x0000000001000000

mem[X,0x000000008000102C] -> 0x0F13
mem[X,0x000000008000102E] -> 0x000F
[1040] [M]: 0x000000008000102C (0x000F0F13) addi t5, t5, 0x0
x30 <- 0x0000000001000000

mem[X,0x0000000080001030] -> 0x1F13
mem[X,0x0000000080001032] -> 0x00BF
[1041] [M]: 0x0000000080001030 (0x00BF1F13) slli t5, t5, 0xb
x30 <- 0x0000000800000000

mem[X,0x0000000080001034] -> 0x0F13
mem[X,0x0000000080001036] -> 0x000F
[1042] [M]: 0x0000000080001034 (0x000F0F13) addi t5, t5, 0x0
x30 <- 0x0000000800000000

mem[X,0x0000000080001038] -> 0x1F13
mem[X,0x000000008000103A] -> 0x00AF
[1043] [M]: 0x0000000080001038 (0x00AF1F13) slli t5, t5, 0xa
x30 <- 0x0000200000000000

mem[X,0x000000008000103C] -> 0x0F13
mem[X,0x000000008000103E] -> 0x010F
[1044] [M]: 0x000000008000103C (0x010F0F13) addi t5, t5, 0x10
x30 <- 0x0000200000000010

mem[X,0x0000000080001040] -> 0x2EB7
mem[X,0x0000000080001042] -> 0x0000
[1045] [M]: 0x0000000080001040 (0x00002EB7) lui t4, 0x2
x29 <- 0x0000000000002000

mem[X,0x0000000080001044] -> 0x8E93
mem[X,0x0000000080001046] -> 0x000E
[1046] [M]: 0x0000000080001044 (0x000E8E93) addi t4, t4, 0x0
x29 <- 0x0000000000002000

mem[X,0x0000000080001048] -> 0x9E93
mem[X,0x000000008000104A] -> 0x00BE
[1047] [M]: 0x0000000080001048 (0x00BE9E93) slli t4, t4, 0xb
x29 <- 0x0000000001000000

mem[X,0x000000008000104C] -> 0x8E93
mem[X,0x000000008000104E] -> 0x000E
[1048] [M]: 0x000000008000104C (0x000E8E93) addi t4, t4, 0x0
x29 <- 0x0000000001000000

mem[X,0x0000000080001050] -> 0x9E93
mem[X,0x0000000080001052] -> 0x00BE
[1049] [M]: 0x0000000080001050 (0x00BE9E93) slli t4, t4, 0xb
x29 <- 0x0000000800000000

mem[X,0x0000000080001054] -> 0x8E93
mem[X,0x0000000080001056] -> 0x000E
[1050] [M]: 0x0000000080001054 (0x000E8E93) addi t4, t4, 0x0
x29 <- 0x0000000800000000

mem[X,0x0000000080001058] -> 0x9E93
mem[X,0x000000008000105A] -> 0x00AE
[1051] [M]: 0x0000000080001058 (0x00AE9E93) slli t4, t4, 0xa
x29 <- 0x0000200000000000

mem[X,0x000000008000105C] -> 0x8E93
mem[X,0x000000008000105E] -> 0x007E
[1052] [M]: 0x000000008000105C (0x007E8E93) addi t4, t4, 0x7
x29 <- 0x0000200000000007

mem[X,0x0000000080001060] -> 0x2F9B
mem[X,0x0000000080001062] -> 0xEFDF
[1053] [M]: 0x0000000080001060 (0xEFDF2F9B) sha t6, t5, t4
x31 <- 0x0010000000000800

mem[X,0x0000000080001064] -> 0xBC23
mem[X,0x0000000080001066] -> 0x0DF0
[1054] [M]: 0x0000000080001064 (0x0DF0BC23) sd t6, 0xd8(ra)
mem[0x00000000800052D8] <- 0x0010000000000800

mem[X,0x0000000080001068] -> 0x0F37
mem[X,0x000000008000106A] -> 0x0000
[1055] [M]: 0x0000000080001068 (0x00000F37) lui t5, 0x0
x30 <- 0x0000000000000000

mem[X,0x000000008000106C] -> 0x0F13
mem[X,0x000000008000106E] -> 0x003F
[1056] [M]: 0x000000008000106C (0x003F0F13) addi t5, t5, 0x3
x30 <- 0x0000000000000003

mem[X,0x0000000080001070] -> 0x1F13
mem[X,0x0000000080001072] -> 0x00BF
[1057] [M]: 0x0000000080001070 (0x00BF1F13) slli t5, t5, 0xb
x30 <- 0x0000000000001800

mem[X,0x0000000080001074] -> 0x0F13
mem[X,0x0000000080001076] -> 0x7FFF
[1058] [M]: 0x0000000080001074 (0x7FFF0F13) addi t5, t5, 0x7ff
x30 <- 0x0000000000001FFF

mem[X,0x0000000080001078] -> 0x1F13
mem[X,0x000000008000107A] -> 0x00BF
[1059] [M]: 0x0000000080001078 (0x00BF1F13) slli t5, t5, 0xb
x30 <- 0x0000000000FFF800

mem[X,0x000000008000107C] -> 0x0F13
mem[X,0x000000008000107E] -> 0x7FBF
[1060] [M]: 0x000000008000107C (0x7FBF0F13) addi t5, t5, 0x7fb
x30 <- 0x0000000000FFFFFB

mem[X,0x0000000080001080] -> 0x1F13
mem[X,0x0000000080001082] -> 0x00AF
[1061] [M]: 0x0000000080001080 (0x00AF1F13) slli t5, t5, 0xa
x30 <- 0x00000003FFFFEC00

mem[X,0x0000000080001084] -> 0x0F13
mem[X,0x0000000080001086] -> 0x3FFF
[1062] [M]: 0x0000000080001084 (0x3FFF0F13) addi t5, t5, 0x3ff
x30 <- 0x00000003FFFFEFFF

mem[X,0x0000000080001088] -> 0xEEB7
mem[X,0x000000008000108A] -> 0xFFFF
[1063] [M]: 0x0000000080001088 (0xFFFFEEB7) lui t4, -0x2
x29 <- 0xFFFFFFFFFFFFE000

mem[X,0x000000008000108C] -> 0x8E93
mem[X,0x000000008000108E] -> 0xFFFE
[1064] [M]: 0x000000008000108C (0xFFFE8E93) addi t4, t4, -0x1
x29 <- 0xFFFFFFFFFFFFDFFF

mem[X,0x0000000080001090] -> 0x9E93
mem[X,0x0000000080001092] -> 0x00BE
[1065] [M]: 0x0000000080001090 (0x00BE9E93) slli t4, t4, 0xb
x29 <- 0xFFFFFFFFFEFFF800

mem[X,0x0000000080001094] -> 0x8E93
mem[X,0x0000000080001096] -> 0x000E
[1066] [M]: 0x0000000080001094 (0x000E8E93) addi t4, t4, 0x0
x29 <- 0xFFFFFFFFFEFFF800

mem[X,0x0000000080001098] -> 0x9E93
mem[X,0x000000008000109A] -> 0x00BE
[1067] [M]: 0x0000000080001098 (0x00BE9E93) slli t4, t4, 0xb
x29 <- 0xFFFFFFF7FFC00000

mem[X,0x000000008000109C] -> 0x8E93
mem[X,0x000000008000109E] -> 0x000E
[1068] [M]: 0x000000008000109C (0x000E8E93) addi t4, t4, 0x0
x29 <- 0xFFFFFFF7FFC00000

mem[X,0x00000000800010A0] -> 0x9E93
mem[X,0x00000000800010A2] -> 0x00AE
[1069] [M]: 0x00000000800010A0 (0x00AE9E93) slli t4, t4, 0xa
x29 <- 0xFFFFDFFF00000000

mem[X,0x00000000800010A4] -> 0x8E93
mem[X,0x00000000800010A6] -> 0x001E
[1070] [M]: 0x00000000800010A4 (0x001E8E93) addi t4, t4, 0x1
x29 <- 0xFFFFDFFF00000001

mem[X,0x00000000800010A8] -> 0x2F9B
mem[X,0x00000000800010AA] -> 0xEFDF
[1071] [M]: 0x00000000800010A8 (0xEFDF2F9B) sha t6, t5, t4
x31 <- 0x00000007FFFFDFFE

mem[X,0x00000000800010AC] -> 0xB023
mem[X,0x00000000800010AE] -> 0x0FF0
[1072] [M]: 0x00000000800010AC (0x0FF0B023) sd t6, 0xe0(ra)
mem[0x00000000800052E0] <- 0x00000007FFFFDFFE

mem[X,0x00000000800010B0] -> 0x1F37
mem[X,0x00000000800010B2] -> 0x0000
[1073] [M]: 0x00000000800010B0 (0x00001F37) lui t5, 0x1
x30 <- 0x0000000000001000

mem[X,0x00000000800010B4] -> 0x0F13
mem[X,0x00000000800010B6] -> 0x000F
[1074] [M]: 0x00000000800010B4 (0x000F0F13) addi t5, t5, 0x0
x30 <- 0x0000000000001000

mem[X,0x00000000800010B8] -> 0x1F13
mem[X,0x00000000800010BA] -> 0x00BF
[1075] [M]: 0x00000000800010B8 (0x00BF1F13) slli t5, t5, 0xb
x30 <- 0x0000000000800000

mem[X,0x00000000800010BC] -> 0x0F13
mem[X,0x00000000800010BE] -> 0x7FFF
[1076] [M]: 0x00000000800010BC (0x7FFF0F13) addi t5, t5, 0x7ff
x30 <- 0x00000000008007FF

mem[X,0x00000000800010C0] -> 0x1F13
mem[X,0x00000000800010C2] -> 0x00BF
[1077] [M]: 0x00000000800010C0 (0x00BF1F13) slli t5, t5, 0xb
x30 <- 0x00000004003FF800

mem[X,0x00000000800010C4] -> 0x0F13
mem[X,0x00000000800010C6] -> 0x7EFF
[1078] [M]: 0x00000000800010C4 (0x7EFF0F13) addi t5, t5, 0x7ef
x30 <- 0x00000004003FFFEF

mem[X,0x00000000800010C8] -> 0x1F13
mem[X,0x00000000800010CA] -> 0x00AF
[1079] [M]: 0x00000000800010C8 (0x00AF1F13) slli t5, t5, 0xa
x30 <- 0x00001000FFFFBC00

mem[X,0x00000000800010CC] -> 0x0F13
mem[X,0x00000000800010CE] -> 0x3FFF
[1080] [M]: 0x00000000800010CC (0x3FFF0F13) addi t5, t5, 0x3ff
x30 <- 0x00001000FFFFBFFF

mem[X,0x00000000800010D0] -> 0x0EB7
mem[X,0x00000000800010D2] -> 0x0000
[1081] [M]: 0x00000000800010D0 (0x00000EB7) lui t4, 0x0
x29 <- 0x0000000000000000

mem[X,0x00000000800010D4] -> 0x8E93
mem[X,0x00000000800010D6] -> 0x010E
[1082] [M]: 0x00000000800010D4 (0x010E8E93) addi t4, t4, 0x10
x29 <- 0x0000000000000010

mem[X,0x00000000800010D8] -> 0x9E93
mem[X,0x00000000800010DA] -> 0x00BE
[1083] [M]: 0x00000000800010D8 (0x00BE9E93) slli t4, t4, 0xb
x29 <- 0x0000000000008000

mem[X,0x00000000800010DC] -> 0x8E93
mem[X,0x00000000800010DE] -> 0x2AAE
[1084] [M]: 0x00000000800010DC (0x2AAE8E93) addi t4, t4, 0x2aa
x29 <- 0x00000000000082AA

mem[X,0x00000000800010E0] -> 0x9E93
mem[X,0x00000000800010E2] -> 0x00BE
[1085] [M]: 0x00000000800010E0 (0x00BE9E93) slli t4, t4, 0xb
x29 <- 0x0000000004155000

mem[X,0x00000000800010E4] -> 0x8E93
mem[X,0x00000000800010E6] -> 0x555E
[1086] [M]: 0x00000000800010E4 (0x555E8E93) addi t4, t4, 0x555
x29 <- 0x0000000004155555

mem[X,0x00000000800010E8] -> 0x9E93
mem[X,0x00000000800010EA] -> 0x00AE
[1087] [M]: 0x00000000800010E8 (0x00AE9E93) slli t4, t4, 0xa
x29 <- 0x0000001055555400

mem[X,0x00000000800010EC] -> 0x8E93
mem[X,0x00000000800010EE] -> 0x155E
[1088] [M]: 0x00000000800010EC (0x155E8E93) addi t4, t4, 0x155
x29 <- 0x0000001055555555

mem[X,0x00000000800010F0] -> 0x2F9B
mem[X,0x00000000800010F2] -> 0xEFDF
[1089] [M]: 0x00000000800010F0 (0xEFDF2F9B) sha t6, t5, t4
x31 <- 0x001FFFF7FFE00000

mem[X,0x00000000800010F4] -> 0xB423
mem[X,0x00000000800010F6] -> 0x0FF0
[1090] [M]: 0x00000000800010F4 (0x0FF0B423) sd t6, 0xe8(ra)
mem[0x00000000800052E8] <- 0x001FFFF7FFE00000

mem[X,0x00000000800010F8] -> 0xEF37
mem[X,0x00000000800010FA] -> 0xFFFF
[1091] [M]: 0x00000000800010F8 (0xFFFFEF37) lui t5, -0x2
x30 <- 0xFFFFFFFFFFFFE000

mem[X,0x00000000800010FC] -> 0x0F13
mem[X,0x00000000800010FE] -> 0xFFFF
[1092] [M]: 0x00000000800010FC (0xFFFF0F13) addi t5, t5, -0x1
x30 <- 0xFFFFFFFFFFFFDFFF

mem[X,0x0000000080001100] -> 0x1F13
mem[X,0x0000000080001102] -> 0x00BF
[1093] [M]: 0x0000000080001100 (0x00BF1F13) slli t5, t5, 0xb
x30 <- 0xFFFFFFFFFEFFF800

mem[X,0x0000000080001104] -> 0x0F13
mem[X,0x0000000080001106] -> 0x7FFF
[1094] [M]: 0x0000000080001104 (0x7FFF0F13) addi t5, t5, 0x7ff
x30 <- 0xFFFFFFFFFEFFFFFF

mem[X,0x0000000080001108] -> 0x1F13
mem[X,0x000000008000110A] -> 0x00BF
[1095] [M]: 0x0000000080001108 (0x00BF1F13) slli t5, t5, 0xb
x30 <- 0xFFFFFFF7FFFFF800

mem[X,0x000000008000110C] -> 0x0F13
mem[X,0x000000008000110E] -> 0x7DFF
[1096] [M]: 0x000000008000110C (0x7DFF0F13) addi t5, t5, 0x7df
x30 <- 0xFFFFFFF7FFFFFFDF

mem[X,0x0000000080001110] -> 0x1F13
mem[X,0x0000000080001112] -> 0x00AF
[1097] [M]: 0x0000000080001110 (0x00AF1F13) slli t5, t5, 0xa
x30 <- 0xFFFFDFFFFFFF7C00

mem[X,0x0000000080001114] -> 0x0F13
mem[X,0x0000000080001116] -> 0x3FFF
[1098] [M]: 0x0000000080001114 (0x3FFF0F13) addi t5, t5, 0x3ff
x30 <- 0xFFFFDFFFFFFF7FFF

mem[X,0x0000000080001118] -> 0x0EB7
mem[X,0x000000008000111A] -> 0xFFE0
[1099] [M]: 0x0000000080001118 (0xFFE00EB7) lui t4, -0x200
x29 <- 0xFFFFFFFFFFE00000

clint::tick mtime <- 0x000000000000000B
 clint timer pending at mtime 0x000000000000000B
htif::tick 0x0000000000000000
mem[X,0x000000008000111C] -> 0x8E93
mem[X,0x000000008000111E] -> 0xFFFE
[1100] [M]: 0x000000008000111C (0xFFFE8E93) addi t4, t4, -0x1
x29 <- 0xFFFFFFFFFFDFFFFF

mem[X,0x0000000080001120] -> 0x9E93
mem[X,0x0000000080001122] -> 0x00BE
[1101] [M]: 0x0000000080001120 (0x00BE9E93) slli t4, t4, 0xb
x29 <- 0xFFFFFFFEFFFFF800

mem[X,0x0000000080001124] -> 0x8E93
mem[X,0x0000000080001126] -> 0x7FFE
[1102] [M]: 0x0000000080001124 (0x7FFE8E93) addi t4, t4, 0x7ff
x29 <- 0xFFFFFFFEFFFFFFFF

mem[X,0x0000000080001128] -> 0x9E93
mem[X,0x000000008000112A] -> 0x00BE
[1103] [M]: 0x0000000080001128 (0x00BE9E93) slli t4, t4, 0xb
x29 <- 0xFFFFF7FFFFFFF800

mem[X,0x000000008000112C] -> 0x8E93
mem[X,0x000000008000112E] -> 0x7F7E
[1104] [M]: 0x000000008000112C (0x7F7E8E93) addi t4, t4, 0x7f7
x29 <- 0xFFFFF7FFFFFFFFF7

mem[X,0x0000000080001130] -> 0x9E93
mem[X,0x0000000080001132] -> 0x00AE
[1105] [M]: 0x0000000080001130 (0x00AE9E93) slli t4, t4, 0xa
x29 <- 0xFFDFFFFFFFFFDC00

mem[X,0x0000000080001134] -> 0x8E93
mem[X,0x0000000080001136] -> 0x3FFE
[1106] [M]: 0x0000000080001134 (0x3FFE8E93) addi t4, t4, 0x3ff
x29 <- 0xFFDFFFFFFFFFDFFF

mem[X,0x0000000080001138] -> 0x2F9B
mem[X,0x000000008000113A] -> 0xEFDF
[1107] [M]: 0x0000000080001138 (0xEFDF2F9B) sha t6, t5, t4
x31 <- 0xFFFFEFFFFFFFBFFF

mem[X,0x000000008000113C] -> 0xB823
mem[X,0x000000008000113E] -> 0x0FF0
[1108] [M]: 0x000000008000113C (0x0FF0B823) sd t6, 0xf0(ra)
mem[0x00000000800052F0] <- 0xFFFFEFFFFFFFBFFF

mem[X,0x0000000080001140] -> 0x0F37
mem[X,0x0000000080001142] -> 0x0010
[1109] [M]: 0x0000000080001140 (0x00100F37) lui t5, 0x100
x30 <- 0x0000000000100000

mem[X,0x0000000080001144] -> 0x0F13
mem[X,0x0000000080001146] -> 0x000F
[1110] [M]: 0x0000000080001144 (0x000F0F13) addi t5, t5, 0x0
x30 <- 0x0000000000100000

mem[X,0x0000000080001148] -> 0x1F13
mem[X,0x000000008000114A] -> 0x00BF
[1111] [M]: 0x0000000080001148 (0x00BF1F13) slli t5, t5, 0xb
x30 <- 0x0000000080000000

mem[X,0x000000008000114C] -> 0x0F13
mem[X,0x000000008000114E] -> 0x7FFF
[1112] [M]: 0x000000008000114C (0x7FFF0F13) addi t5, t5, 0x7ff
x30 <- 0x00000000800007FF

mem[X,0x0000000080001150] -> 0x1F13
mem[X,0x0000000080001152] -> 0x00BF
[1113] [M]: 0x0000000080001150 (0x00BF1F13) slli t5, t5, 0xb
x30 <- 0x00000400003FF800

mem[X,0x0000000080001154] -> 0x0F13
mem[X,0x0000000080001156] -> 0x7BFF
[1114] [M]: 0x0000000080001154 (0x7BFF0F13) addi t5, t5, 0x7bf
x30 <- 0x00000400003FFFBF

mem[X,0x0000000080001158] -> 0x1F13
mem[X,0x000000008000115A] -> 0x00AF
[1115] [M]: 0x0000000080001158 (0x00AF1F13) slli t5, t5, 0xa
x30 <- 0x00100000FFFEFC00

mem[X,0x000000008000115C] -> 0x0F13
mem[X,0x000000008000115E] -> 0x3FFF
[1116] [M]: 0x000000008000115C (0x3FFF0F13) addi t5, t5, 0x3ff
x30 <- 0x00100000FFFEFFFF

mem[X,0x0000000080001160] -> 0x0EB7
mem[X,0x0000000080001162] -> 0x0004
[1117] [M]: 0x0000000080001160 (0x00040EB7) lui t4, 0x40
x29 <- 0x0000000000040000

mem[X,0x0000000080001164] -> 0x8E93
mem[X,0x0000000080001166] -> 0x000E
[1118] [M]: 0x0000000080001164 (0x000E8E93) addi t4, t4, 0x0
x29 <- 0x0000000000040000

mem[X,0x0000000080001168] -> 0x9E93
mem[X,0x000000008000116A] -> 0x00BE
[1119] [M]: 0x0000000080001168 (0x00BE9E93) slli t4, t4, 0xb
x29 <- 0x0000000020000000

mem[X,0x000000008000116C] -> 0x8E93
mem[X,0x000000008000116E] -> 0x7FFE
[1120] [M]: 0x000000008000116C (0x7FFE8E93) addi t4, t4, 0x7ff
x29 <- 0x00000000200007FF

mem[X,0x0000000080001170] -> 0x9E93
mem[X,0x0000000080001172] -> 0x00BE
[1121] [M]: 0x0000000080001170 (0x00BE9E93) slli t4, t4, 0xb
x29 <- 0x00000100003FF800

mem[X,0x0000000080001174] -> 0x8E93
mem[X,0x0000000080001176] -> 0x7FBE
[1122] [M]: 0x0000000080001174 (0x7FBE8E93) addi t4, t4, 0x7fb
x29 <- 0x00000100003FFFFB

mem[X,0x0000000080001178] -> 0x9E93
mem[X,0x000000008000117A] -> 0x00AE
[1123] [M]: 0x0000000080001178 (0x00AE9E93) slli t4, t4, 0xa
x29 <- 0x00040000FFFFEC00

mem[X,0x000000008000117C] -> 0x8E93
mem[X,0x000000008000117E] -> 0x3FFE
[1124] [M]: 0x000000008000117C (0x3FFE8E93) addi t4, t4, 0x3ff
x29 <- 0x00040000FFFFEFFF

mem[X,0x0000000080001180] -> 0x2F9B
mem[X,0x0000000080001182] -> 0xEFDF
[1125] [M]: 0x0000000080001180 (0xEFDF2F9B) sha t6, t5, t4
x31 <- 0x000800007FFF7FFF

mem[X,0x0000000080001184] -> 0xBC23
mem[X,0x0000000080001186] -> 0x0FF0
[1126] [M]: 0x0000000080001184 (0x0FF0BC23) sd t6, 0xf8(ra)
mem[0x00000000800052F8] <- 0x000800007FFF7FFF

mem[X,0x0000000080001188] -> 0x8F37
mem[X,0x000000008000118A] -> 0xFFFF
[1127] [M]: 0x0000000080001188 (0xFFFF8F37) lui t5, -0x8
x30 <- 0xFFFFFFFFFFFF8000

mem[X,0x000000008000118C] -> 0x0F13
mem[X,0x000000008000118E] -> 0xFFFF
[1128] [M]: 0x000000008000118C (0xFFFF0F13) addi t5, t5, -0x1
x30 <- 0xFFFFFFFFFFFF7FFF

mem[X,0x0000000080001190] -> 0x1F13
mem[X,0x0000000080001192] -> 0x00BF
[1129] [M]: 0x0000000080001190 (0x00BF1F13) slli t5, t5, 0xb
x30 <- 0xFFFFFFFFFBFFF800

mem[X,0x0000000080001194] -> 0x0F13
mem[X,0x0000000080001196] -> 0x7FFF
[1130] [M]: 0x0000000080001194 (0x7FFF0F13) addi t5, t5, 0x7ff
x30 <- 0xFFFFFFFFFBFFFFFF

mem[X,0x0000000080001198] -> 0x1F13
mem[X,0x000000008000119A] -> 0x00BF
[1131] [M]: 0x0000000080001198 (0x00BF1F13) slli t5, t5, 0xb
x30 <- 0xFFFFFFDFFFFFF800

mem[X,0x000000008000119C] -> 0x0F13
mem[X,0x000000008000119E] -> 0x77FF
[1132] [M]: 0x000000008000119C (0x77FF0F13) addi t5, t5, 0x77f
x30 <- 0xFFFFFFDFFFFFFF7F

mem[X,0x00000000800011A0] -> 0x1F13
mem[X,0x00000000800011A2] -> 0x00AF
[1133] [M]: 0x00000000800011A0 (0x00AF1F13) slli t5, t5, 0xa
x30 <- 0xFFFF7FFFFFFDFC00

mem[X,0x00000000800011A4] -> 0x0F13
mem[X,0x00000000800011A6] -> 0x3FFF
[1134] [M]: 0x00000000800011A4 (0x3FFF0F13) addi t5, t5, 0x3ff
x30 <- 0xFFFF7FFFFFFDFFFF

mem[X,0x00000000800011A8] -> 0x0EB7
mem[X,0x00000000800011AA] -> 0xFE00
[1135] [M]: 0x00000000800011A8 (0xFE000EB7) lui t4, -0x2000
x29 <- 0xFFFFFFFFFE000000

mem[X,0x00000000800011AC] -> 0x8E93
mem[X,0x00000000800011AE] -> 0xFFFE
[1136] [M]: 0x00000000800011AC (0xFFFE8E93) addi t4, t4, -0x1
x29 <- 0xFFFFFFFFFDFFFFFF

mem[X,0x00000000800011B0] -> 0x9E93
mem[X,0x00000000800011B2] -> 0x00BE
[1137] [M]: 0x00000000800011B0 (0x00BE9E93) slli t4, t4, 0xb
x29 <- 0xFFFFFFEFFFFFF800

mem[X,0x00000000800011B4] -> 0x8E93
mem[X,0x00000000800011B6] -> 0x000E
[1138] [M]: 0x00000000800011B4 (0x000E8E93) addi t4, t4, 0x0
x29 <- 0xFFFFFFEFFFFFF800

mem[X,0x00000000800011B8] -> 0x9E93
mem[X,0x00000000800011BA] -> 0x00BE
[1139] [M]: 0x00000000800011B8 (0x00BE9E93) slli t4, t4, 0xb
x29 <- 0xFFFF7FFFFFC00000

mem[X,0x00000000800011BC] -> 0x8E93
mem[X,0x00000000800011BE] -> 0x000E
[1140] [M]: 0x00000000800011BC (0x000E8E93) addi t4, t4, 0x0
x29 <- 0xFFFF7FFFFFC00000

mem[X,0x00000000800011C0] -> 0x9E93
mem[X,0x00000000800011C2] -> 0x00AE
[1141] [M]: 0x00000000800011C0 (0x00AE9E93) slli t4, t4, 0xa
x29 <- 0xFDFFFFFF00000000

mem[X,0x00000000800011C4] -> 0x8E93
mem[X,0x00000000800011C6] -> 0x005E
[1142] [M]: 0x00000000800011C4 (0x005E8E93) addi t4, t4, 0x5
x29 <- 0xFDFFFFFF00000005

mem[X,0x00000000800011C8] -> 0x2F9B
mem[X,0x00000000800011CA] -> 0xEFDF
[1143] [M]: 0x00000000800011C8 (0xEFDF2F9B) sha t6, t5, t4
x31 <- 0xFFEFFFFFFFBFFFE0

mem[X,0x00000000800011CC] -> 0xB023
mem[X,0x00000000800011CE] -> 0x11F0
[1144] [M]: 0x00000000800011CC (0x11F0B023) sd t6, 0x100(ra)
mem[0x0000000080005300] <- 0xFFEFFFFFFFBFFFE0

mem[X,0x00000000800011D0] -> 0x0F37
mem[X,0x00000000800011D2] -> 0x0000
[1145] [M]: 0x00000000800011D0 (0x00000F37) lui t5, 0x0
x30 <- 0x0000000000000000

mem[X,0x00000000800011D4] -> 0x0F13
mem[X,0x00000000800011D6] -> 0xFFEF
[1146] [M]: 0x00000000800011D4 (0xFFEF0F13) addi t5, t5, -0x2
x30 <- 0xFFFFFFFFFFFFFFFE

mem[X,0x00000000800011D8] -> 0x1F13
mem[X,0x00000000800011DA] -> 0x00BF
[1147] [M]: 0x00000000800011D8 (0x00BF1F13) slli t5, t5, 0xb
x30 <- 0xFFFFFFFFFFFFF000

mem[X,0x00000000800011DC] -> 0x0F13
mem[X,0x00000000800011DE] -> 0x7FFF
[1148] [M]: 0x00000000800011DC (0x7FFF0F13) addi t5, t5, 0x7ff
x30 <- 0xFFFFFFFFFFFFF7FF

mem[X,0x00000000800011E0] -> 0x1F13
mem[X,0x00000000800011E2] -> 0x00BF
[1149] [M]: 0x00000000800011E0 (0x00BF1F13) slli t5, t5, 0xb
x30 <- 0xFFFFFFFFFFBFF800

mem[X,0x00000000800011E4] -> 0x0F13
mem[X,0x00000000800011E6] -> 0x6FFF
[1150] [M]: 0x00000000800011E4 (0x6FFF0F13) addi t5, t5, 0x6ff
x30 <- 0xFFFFFFFFFFBFFEFF

mem[X,0x00000000800011E8] -> 0x1F13
mem[X,0x00000000800011EA] -> 0x00AF
[1151] [M]: 0x00000000800011E8 (0x00AF1F13) slli t5, t5, 0xa
x30 <- 0xFFFFFFFEFFFBFC00

mem[X,0x00000000800011EC] -> 0x0F13
mem[X,0x00000000800011EE] -> 0x3FFF
[1152] [M]: 0x00000000800011EC (0x3FFF0F13) addi t5, t5, 0x3ff
x30 <- 0xFFFFFFFEFFFBFFFF

mem[X,0x00000000800011F0] -> 0x0EB7
mem[X,0x00000000800011F2] -> 0x0000
[1153] [M]: 0x00000000800011F0 (0x00000EB7) lui t4, 0x0
x29 <- 0x0000000000000000

mem[X,0x00000000800011F4] -> 0x8E93
mem[X,0x00000000800011F6] -> 0x100E
[1154] [M]: 0x00000000800011F4 (0x100E8E93) addi t4, t4, 0x100
x29 <- 0x0000000000000100

mem[X,0x00000000800011F8] -> 0x9E93
mem[X,0x00000000800011FA] -> 0x00BE
[1155] [M]: 0x00000000800011F8 (0x00BE9E93) slli t4, t4, 0xb
x29 <- 0x0000000000080000

mem[X,0x00000000800011FC] -> 0x8E93
mem[X,0x00000000800011FE] -> 0x7FFE
[1156] [M]: 0x00000000800011FC (0x7FFE8E93) addi t4, t4, 0x7ff
x29 <- 0x00000000000807FF

mem[X,0x0000000080001200] -> 0x9E93
mem[X,0x0000000080001202] -> 0x00BE
[1157] [M]: 0x0000000080001200 (0x00BE9E93) slli t4, t4, 0xb
x29 <- 0x00000000403FF800

mem[X,0x0000000080001204] -> 0x8E93
mem[X,0x0000000080001206] -> 0x7FFE
[1158] [M]: 0x0000000080001204 (0x7FFE8E93) addi t4, t4, 0x7ff
x29 <- 0x00000000403FFFFF

mem[X,0x0000000080001208] -> 0x9E93
mem[X,0x000000008000120A] -> 0x00AE
[1159] [M]: 0x0000000080001208 (0x00AE9E93) slli t4, t4, 0xa
x29 <- 0x00000100FFFFFC00

mem[X,0x000000008000120C] -> 0x8E93
mem[X,0x000000008000120E] -> 0x3EFE
[1160] [M]: 0x000000008000120C (0x3EFE8E93) addi t4, t4, 0x3ef
x29 <- 0x00000100FFFFFFEF

mem[X,0x0000000080001210] -> 0x2F9B
mem[X,0x0000000080001212] -> 0xEFDF
[1161] [M]: 0x0000000080001210 (0xEFDF2F9B) sha t6, t5, t4
x31 <- 0xFFFFFFFFFFFF7FFD

mem[X,0x0000000080001214] -> 0xB423
mem[X,0x0000000080001216] -> 0x11F0
[1162] [M]: 0x0000000080001214 (0x11F0B423) sd t6, 0x108(ra)
mem[0x0000000080005308] <- 0xFFFFFFFFFFFF7FFD

mem[X,0x0000000080001218] -> 0x0F37
mem[X,0x000000008000121A] -> 0x0000
[1163] [M]: 0x0000000080001218 (0x00000F37) lui t5, 0x0
x30 <- 0x0000000000000000

mem[X,0x000000008000121C] -> 0x0F13
mem[X,0x000000008000121E] -> 0xFFDF
[1164] [M]: 0x000000008000121C (0xFFDF0F13) addi t5, t5, -0x3
x30 <- 0xFFFFFFFFFFFFFFFD

mem[X,0x0000000080001220] -> 0x1F13
mem[X,0x0000000080001222] -> 0x00BF
[1165] [M]: 0x0000000080001220 (0x00BF1F13) slli t5, t5, 0xb
x30 <- 0xFFFFFFFFFFFFE800

mem[X,0x0000000080001224] -> 0x0F13
mem[X,0x0000000080001226] -> 0x7FFF
[1166] [M]: 0x0000000080001224 (0x7FFF0F13) addi t5, t5, 0x7ff
x30 <- 0xFFFFFFFFFFFFEFFF

mem[X,0x0000000080001228] -> 0x1F13
mem[X,0x000000008000122A] -> 0x00BF
[1167] [M]: 0x0000000080001228 (0x00BF1F13) slli t5, t5, 0xb
x30 <- 0xFFFFFFFFFF7FF800

mem[X,0x000000008000122C] -> 0x0F13
mem[X,0x000000008000122E] -> 0x5FFF
[1168] [M]: 0x000000008000122C (0x5FFF0F13) addi t5, t5, 0x5ff
x30 <- 0xFFFFFFFFFF7FFDFF

mem[X,0x0000000080001230] -> 0x1F13
mem[X,0x0000000080001232] -> 0x00AF
[1169] [M]: 0x0000000080001230 (0x00AF1F13) slli t5, t5, 0xa
x30 <- 0xFFFFFFFDFFF7FC00

mem[X,0x0000000080001234] -> 0x0F13
mem[X,0x0000000080001236] -> 0x3FFF
[1170] [M]: 0x0000000080001234 (0x3FFF0F13) addi t5, t5, 0x3ff
x30 <- 0xFFFFFFFDFFF7FFFF

mem[X,0x0000000080001238] -> 0x0EB7
mem[X,0x000000008000123A] -> 0xFFF0
[1171] [M]: 0x0000000080001238 (0xFFF00EB7) lui t4, -0x100
x29 <- 0xFFFFFFFFFFF00000

mem[X,0x000000008000123C] -> 0x8E93
mem[X,0x000000008000123E] -> 0xFFFE
[1172] [M]: 0x000000008000123C (0xFFFE8E93) addi t4, t4, -0x1
x29 <- 0xFFFFFFFFFFEFFFFF

mem[X,0x0000000080001240] -> 0x9E93
mem[X,0x0000000080001242] -> 0x00BE
[1173] [M]: 0x0000000080001240 (0x00BE9E93) slli t4, t4, 0xb
x29 <- 0xFFFFFFFF7FFFF800

mem[X,0x0000000080001244] -> 0x8E93
mem[X,0x0000000080001246] -> 0x000E
[1174] [M]: 0x0000000080001244 (0x000E8E93) addi t4, t4, 0x0
x29 <- 0xFFFFFFFF7FFFF800

mem[X,0x0000000080001248] -> 0x9E93
mem[X,0x000000008000124A] -> 0x00BE
[1175] [M]: 0x0000000080001248 (0x00BE9E93) slli t4, t4, 0xb
x29 <- 0xFFFFFBFFFFC00000

mem[X,0x000000008000124C] -> 0x8E93
mem[X,0x000000008000124E] -> 0x000E
[1176] [M]: 0x000000008000124C (0x000E8E93) addi t4, t4, 0x0
x29 <- 0xFFFFFBFFFFC00000

mem[X,0x0000000080001250] -> 0x9E93
mem[X,0x0000000080001252] -> 0x00AE
[1177] [M]: 0x0000000080001250 (0x00AE9E93) slli t4, t4, 0xa
x29 <- 0xFFEFFFFF00000000

mem[X,0x0000000080001254] -> 0x8E93
mem[X,0x0000000080001256] -> 0x006E
[1178] [M]: 0x0000000080001254 (0x006E8E93) addi t4, t4, 0x6
x29 <- 0xFFEFFFFF00000006

mem[X,0x0000000080001258] -> 0x2F9B
mem[X,0x000000008000125A] -> 0xEFDF
[1179] [M]: 0x0000000080001258 (0xEFDF2F9B) sha t6, t5, t4
x31 <- 0xFFFFFF7FFDFFFFC0

mem[X,0x000000008000125C] -> 0xB823
mem[X,0x000000008000125E] -> 0x11F0
[1180] [M]: 0x000000008000125C (0x11F0B823) sd t6, 0x110(ra)
mem[0x0000000080005310] <- 0xFFFFFF7FFDFFFFC0

mem[X,0x0000000080001260] -> 0x0F37
mem[X,0x0000000080001262] -> 0x8000
[1181] [M]: 0x0000000080001260 (0x80000F37) lui t5, -0x80000
x30 <- 0xFFFFFFFF80000000

mem[X,0x0000000080001264] -> 0x0F13
mem[X,0x0000000080001266] -> 0xFFFF
[1182] [M]: 0x0000000080001264 (0xFFFF0F13) addi t5, t5, -0x1
x30 <- 0xFFFFFFFF7FFFFFFF

mem[X,0x0000000080001268] -> 0x1F13
mem[X,0x000000008000126A] -> 0x00BF
[1183] [M]: 0x0000000080001268 (0x00BF1F13) slli t5, t5, 0xb
x30 <- 0xFFFFFBFFFFFFF800

mem[X,0x000000008000126C] -> 0x0F13
mem[X,0x000000008000126E] -> 0x7FFF
[1184] [M]: 0x000000008000126C (0x7FFF0F13) addi t5, t5, 0x7ff
x30 <- 0xFFFFFBFFFFFFFFFF

mem[X,0x0000000080001270] -> 0x1F13
mem[X,0x0000000080001272] -> 0x00BF
[1185] [M]: 0x0000000080001270 (0x00BF1F13) slli t5, t5, 0xb
x30 <- 0xFFDFFFFFFFFFF800

mem[X,0x0000000080001274] -> 0x0F13
mem[X,0x0000000080001276] -> 0x3FFF
[1186] [M]: 0x0000000080001274 (0x3FFF0F13) addi t5, t5, 0x3ff
x30 <- 0xFFDFFFFFFFFFFBFF

mem[X,0x0000000080001278] -> 0x1F13
mem[X,0x000000008000127A] -> 0x00AF
[1187] [M]: 0x0000000080001278 (0x00AF1F13) slli t5, t5, 0xa
x30 <- 0x7FFFFFFFFFEFFC00

mem[X,0x000000008000127C] -> 0x0F13
mem[X,0x000000008000127E] -> 0x3FFF
[1188] [M]: 0x000000008000127C (0x3FFF0F13) addi t5, t5, 0x3ff
x30 <- 0x7FFFFFFFFFEFFFFF

mem[X,0x0000000080001280] -> 0x0EB7
mem[X,0x0000000080001282] -> 0x0000
[1189] [M]: 0x0000000080001280 (0x00000EB7) lui t4, 0x0
x29 <- 0x0000000000000000

mem[X,0x0000000080001284] -> 0x8E93
mem[X,0x0000000080001286] -> 0xFFBE
[1190] [M]: 0x0000000080001284 (0xFFBE8E93) addi t4, t4, -0x5
x29 <- 0xFFFFFFFFFFFFFFFB

mem[X,0x0000000080001288] -> 0x9E93
mem[X,0x000000008000128A] -> 0x00BE
[1191] [M]: 0x0000000080001288 (0x00BE9E93) slli t4, t4, 0xb
x29 <- 0xFFFFFFFFFFFFD800

mem[X,0x000000008000128C] -> 0x8E93
mem[X,0x000000008000128E] -> 0x000E
[1192] [M]: 0x000000008000128C (0x000E8E93) addi t4, t4, 0x0
x29 <- 0xFFFFFFFFFFFFD800

mem[X,0x0000000080001290] -> 0x9E93
mem[X,0x0000000080001292] -> 0x00BE
[1193] [M]: 0x0000000080001290 (0x00BE9E93) slli t4, t4, 0xb
x29 <- 0xFFFFFFFFFEC00000

mem[X,0x0000000080001294] -> 0x8E93
mem[X,0x0000000080001296] -> 0x000E
[1194] [M]: 0x0000000080001294 (0x000E8E93) addi t4, t4, 0x0
x29 <- 0xFFFFFFFFFEC00000

mem[X,0x0000000080001298] -> 0x9E93
mem[X,0x000000008000129A] -> 0x00AE
[1195] [M]: 0x0000000080001298 (0x00AE9E93) slli t4, t4, 0xa
x29 <- 0xFFFFFFFB00000000

mem[X,0x000000008000129C] -> 0x8E93
mem[X,0x000000008000129E] -> 0x080E
[1196] [M]: 0x000000008000129C (0x080E8E93) addi t4, t4, 0x80
x29 <- 0xFFFFFFFB00000080

mem[X,0x00000000800012A0] -> 0x2F9B
mem[X,0x00000000800012A2] -> 0xEFDF
[1197] [M]: 0x00000000800012A0 (0xEFDF2F9B) sha t6, t5, t4
x31 <- 0x7FFFFFFFFFEFFFFF

mem[X,0x00000000800012A4] -> 0xBC23
mem[X,0x00000000800012A6] -> 0x11F0
[1198] [M]: 0x00000000800012A4 (0x11F0BC23) sd t6, 0x118(ra)
mem[0x0000000080005318] <- 0x7FFFFFFFFFEFFFFF

mem[X,0x00000000800012A8] -> 0x0F37
mem[X,0x00000000800012AA] -> 0x0000
[1199] [M]: 0x00000000800012A8 (0x00000F37) lui t5, 0x0
x30 <- 0x0000000000000000

clint::tick mtime <- 0x000000000000000C
 clint timer pending at mtime 0x000000000000000C
htif::tick 0x0000000000000000
mem[X,0x00000000800012AC] -> 0x0F13
mem[X,0x00000000800012AE] -> 0xFBFF
[1200] [M]: 0x00000000800012AC (0xFBFF0F13) addi t5, t5, -0x41
x30 <- 0xFFFFFFFFFFFFFFBF

mem[X,0x00000000800012B0] -> 0x1F13
mem[X,0x00000000800012B2] -> 0x00BF
[1201] [M]: 0x00000000800012B0 (0x00BF1F13) slli t5, t5, 0xb
x30 <- 0xFFFFFFFFFFFDF800

mem[X,0x00000000800012B4] -> 0x0F13
mem[X,0x00000000800012B6] -> 0x7FEF
[1202] [M]: 0x00000000800012B4 (0x7FEF0F13) addi t5, t5, 0x7fe
x30 <- 0xFFFFFFFFFFFDFFFE

mem[X,0x00000000800012B8] -> 0x1F13
mem[X,0x00000000800012BA] -> 0x00BF
[1203] [M]: 0x00000000800012B8 (0x00BF1F13) slli t5, t5, 0xb
x30 <- 0xFFFFFFFFEFFFF000

mem[X,0x00000000800012BC] -> 0x0F13
mem[X,0x00000000800012BE] -> 0x7FFF
[1204] [M]: 0x00000000800012BC (0x7FFF0F13) addi t5, t5, 0x7ff
x30 <- 0xFFFFFFFFEFFFF7FF

mem[X,0x00000000800012C0] -> 0x1F13
mem[X,0x00000000800012C2] -> 0x00AF
[1205] [M]: 0x00000000800012C0 (0x00AF1F13) slli t5, t5, 0xa
x30 <- 0xFFFFFFBFFFDFFC00

mem[X,0x00000000800012C4] -> 0x0F13
mem[X,0x00000000800012C6] -> 0x3FFF
[1206] [M]: 0x00000000800012C4 (0x3FFF0F13) addi t5, t5, 0x3ff
x30 <- 0xFFFFFFBFFFDFFFFF

mem[X,0x00000000800012C8] -> 0x0EB7
mem[X,0x00000000800012CA] -> 0x0000
[1207] [M]: 0x00000000800012C8 (0x00000EB7) lui t4, 0x0
x29 <- 0x0000000000000000

mem[X,0x00000000800012CC] -> 0x8E93
mem[X,0x00000000800012CE] -> 0xFF7E
[1208] [M]: 0x00000000800012CC (0xFF7E8E93) addi t4, t4, -0x9
x29 <- 0xFFFFFFFFFFFFFFF7

mem[X,0x00000000800012D0] -> 0x9E93
mem[X,0x00000000800012D2] -> 0x00BE
[1209] [M]: 0x00000000800012D0 (0x00BE9E93) slli t4, t4, 0xb
x29 <- 0xFFFFFFFFFFFFB800

mem[X,0x00000000800012D4] -> 0x8E93
mem[X,0x00000000800012D6] -> 0x200E
[1210] [M]: 0x00000000800012D4 (0x200E8E93) addi t4, t4, 0x200
x29 <- 0xFFFFFFFFFFFFBA00

mem[X,0x00000000800012D8] -> 0x9E93
mem[X,0x00000000800012DA] -> 0x00BE
[1211] [M]: 0x00000000800012D8 (0x00BE9E93) slli t4, t4, 0xb
x29 <- 0xFFFFFFFFFDD00000

mem[X,0x00000000800012DC] -> 0x8E93
mem[X,0x00000000800012DE] -> 0x000E
[1212] [M]: 0x00000000800012DC (0x000E8E93) addi t4, t4, 0x0
x29 <- 0xFFFFFFFFFDD00000

mem[X,0x00000000800012E0] -> 0x9E93
mem[X,0x00000000800012E2] -> 0x00AE
[1213] [M]: 0x00000000800012E0 (0x00AE9E93) slli t4, t4, 0xa
x29 <- 0xFFFFFFF740000000

mem[X,0x00000000800012E4] -> 0x2F9B
mem[X,0x00000000800012E6] -> 0xEFDF
[1214] [M]: 0x00000000800012E4 (0xEFDF2F9B) sha t6, t5, t4
x31 <- 0xFFFFFFBFFFDFFFFF

mem[X,0x00000000800012E8] -> 0xB023
mem[X,0x00000000800012EA] -> 0x13F0
[1215] [M]: 0x00000000800012E8 (0x13F0B023) sd t6, 0x120(ra)
mem[0x0000000080005320] <- 0xFFFFFFBFFFDFFFFF

mem[X,0x00000000800012EC] -> 0x0F37
mem[X,0x00000000800012EE] -> 0x0000
[1216] [M]: 0x00000000800012EC (0x00000F37) lui t5, 0x0
x30 <- 0x0000000000000000

mem[X,0x00000000800012F0] -> 0x0F13
mem[X,0x00000000800012F2] -> 0x006F
[1217] [M]: 0x00000000800012F0 (0x006F0F13) addi t5, t5, 0x6
x30 <- 0x0000000000000006

mem[X,0x00000000800012F4] -> 0x1F13
mem[X,0x00000000800012F6] -> 0x00BF
[1218] [M]: 0x00000000800012F4 (0x00BF1F13) slli t5, t5, 0xb
x30 <- 0x0000000000003000

mem[X,0x00000000800012F8] -> 0x0F13
mem[X,0x00000000800012FA] -> 0x7FDF
[1219] [M]: 0x00000000800012F8 (0x7FDF0F13) addi t5, t5, 0x7fd
x30 <- 0x00000000000037FD

mem[X,0x00000000800012FC] -> 0x1F13
mem[X,0x00000000800012FE] -> 0x00BF
[1220] [M]: 0x00000000800012FC (0x00BF1F13) slli t5, t5, 0xb
x30 <- 0x0000000001BFE800

mem[X,0x0000000080001300] -> 0x0F13
mem[X,0x0000000080001302] -> 0x7FFF
[1221] [M]: 0x0000000080001300 (0x7FFF0F13) addi t5, t5, 0x7ff
x30 <- 0x0000000001BFEFFF

mem[X,0x0000000080001304] -> 0x1F13
mem[X,0x0000000080001306] -> 0x00AF
[1222] [M]: 0x0000000080001304 (0x00AF1F13) slli t5, t5, 0xa
x30 <- 0x00000006FFBFFC00

mem[X,0x0000000080001308] -> 0x0F13
mem[X,0x000000008000130A] -> 0x3FFF
[1223] [M]: 0x0000000080001308 (0x3FFF0F13) addi t5, t5, 0x3ff
x30 <- 0x00000006FFBFFFFF

mem[X,0x000000008000130C] -> 0x0EB7
mem[X,0x000000008000130E] -> 0x0000
[1224] [M]: 0x000000008000130C (0x00000EB7) lui t4, 0x0
x29 <- 0x0000000000000000

mem[X,0x0000000080001310] -> 0x8E93
mem[X,0x0000000080001312] -> 0x008E
[1225] [M]: 0x0000000080001310 (0x008E8E93) addi t4, t4, 0x8
x29 <- 0x0000000000000008

mem[X,0x0000000080001314] -> 0x9E93
mem[X,0x0000000080001316] -> 0x00BE
[1226] [M]: 0x0000000080001314 (0x00BE9E93) slli t4, t4, 0xb
x29 <- 0x0000000000004000

mem[X,0x0000000080001318] -> 0x8E93
mem[X,0x000000008000131A] -> 0x7FDE
[1227] [M]: 0x0000000080001318 (0x7FDE8E93) addi t4, t4, 0x7fd
x29 <- 0x00000000000047FD

mem[X,0x000000008000131C] -> 0x9E93
mem[X,0x000000008000131E] -> 0x00BE
[1228] [M]: 0x000000008000131C (0x00BE9E93) slli t4, t4, 0xb
x29 <- 0x00000000023FE800

mem[X,0x0000000080001320] -> 0x8E93
mem[X,0x0000000080001322] -> 0x7FFE
[1229] [M]: 0x0000000080001320 (0x7FFE8E93) addi t4, t4, 0x7ff
x29 <- 0x00000000023FEFFF

mem[X,0x0000000080001324] -> 0x9E93
mem[X,0x0000000080001326] -> 0x00AE
[1230] [M]: 0x0000000080001324 (0x00AE9E93) slli t4, t4, 0xa
x29 <- 0x00000008FFBFFC00

mem[X,0x0000000080001328] -> 0x8E93
mem[X,0x000000008000132A] -> 0x3FFE
[1231] [M]: 0x0000000080001328 (0x3FFE8E93) addi t4, t4, 0x3ff
x29 <- 0x00000008FFBFFFFF

mem[X,0x000000008000132C] -> 0x2F9B
mem[X,0x000000008000132E] -> 0xEFDF
[1232] [M]: 0x000000008000132C (0xEFDF2F9B) sha t6, t5, t4
x31 <- 0x000000037FDFFFFF

mem[X,0x0000000080001330] -> 0xB423
mem[X,0x0000000080001332] -> 0x13F0
[1233] [M]: 0x0000000080001330 (0x13F0B423) sd t6, 0x128(ra)
mem[0x0000000080005328] <- 0x000000037FDFFFFF

mem[X,0x0000000080001334] -> 0x0F37
mem[X,0x0000000080001336] -> 0x4000
[1234] [M]: 0x0000000080001334 (0x40000F37) lui t5, 0x40000
x30 <- 0x0000000040000000

mem[X,0x0000000080001338] -> 0x0F13
mem[X,0x000000008000133A] -> 0xFFFF
[1235] [M]: 0x0000000080001338 (0xFFFF0F13) addi t5, t5, -0x1
x30 <- 0x000000003FFFFFFF

mem[X,0x000000008000133C] -> 0x1F13
mem[X,0x000000008000133E] -> 0x00BF
[1236] [M]: 0x000000008000133C (0x00BF1F13) slli t5, t5, 0xb
x30 <- 0x000001FFFFFFF800

mem[X,0x0000000080001340] -> 0x0F13
mem[X,0x0000000080001342] -> 0x7FBF
[1237] [M]: 0x0000000080001340 (0x7FBF0F13) addi t5, t5, 0x7fb
x30 <- 0x000001FFFFFFFFFB

mem[X,0x0000000080001344] -> 0x1F13
mem[X,0x0000000080001346] -> 0x00BF
[1238] [M]: 0x0000000080001344 (0x00BF1F13) slli t5, t5, 0xb
x30 <- 0x000FFFFFFFFFD800

mem[X,0x0000000080001348] -> 0x0F13
mem[X,0x000000008000134A] -> 0x7FFF
[1239] [M]: 0x0000000080001348 (0x7FFF0F13) addi t5, t5, 0x7ff
x30 <- 0x000FFFFFFFFFDFFF

mem[X,0x000000008000134C] -> 0x1F13
mem[X,0x000000008000134E] -> 0x00AF
[1240] [M]: 0x000000008000134C (0x00AF1F13) slli t5, t5, 0xa
x30 <- 0x3FFFFFFFFF7FFC00

mem[X,0x0000000080001350] -> 0x0F13
mem[X,0x0000000080001352] -> 0x3FFF
[1241] [M]: 0x0000000080001350 (0x3FFF0F13) addi t5, t5, 0x3ff
x30 <- 0x3FFFFFFFFF7FFFFF

mem[X,0x0000000080001354] -> 0x0EB7
mem[X,0x0000000080001356] -> 0x0E00
[1242] [M]: 0x0000000080001354 (0x0E000EB7) lui t4, 0xe000
x29 <- 0x000000000E000000

mem[X,0x0000000080001358] -> 0x8E93
mem[X,0x000000008000135A] -> 0x001E
[1243] [M]: 0x0000000080001358 (0x001E8E93) addi t4, t4, 0x1
x29 <- 0x000000000E000001

mem[X,0x000000008000135C] -> 0x9E93
mem[X,0x000000008000135E] -> 0x007E
[1244] [M]: 0x000000008000135C (0x007E9E93) slli t4, t4, 0x7
x29 <- 0x0000000700000080

mem[X,0x0000000080001360] -> 0x2F9B
mem[X,0x0000000080001362] -> 0xEFDF
[1245] [M]: 0x0000000080001360 (0xEFDF2F9B) sha t6, t5, t4
x31 <- 0x3FFFFFFFFF7FFFFF

mem[X,0x0000000080001364] -> 0xB823
mem[X,0x0000000080001366] -> 0x13F0
[1246] [M]: 0x0000000080001364 (0x13F0B823) sd t6, 0x130(ra)
mem[0x0000000080005330] <- 0x3FFFFFFFFF7FFFFF

mem[X,0x0000000080001368] -> 0x0F37
mem[X,0x000000008000136A] -> 0x8000
[1247] [M]: 0x0000000080001368 (0x80000F37) lui t5, -0x80000
x30 <- 0xFFFFFFFF80000000

mem[X,0x000000008000136C] -> 0x0F13
mem[X,0x000000008000136E] -> 0x000F
[1248] [M]: 0x000000008000136C (0x000F0F13) addi t5, t5, 0x0
x30 <- 0xFFFFFFFF80000000

mem[X,0x0000000080001370] -> 0x1F13
mem[X,0x0000000080001372] -> 0x00BF
[1249] [M]: 0x0000000080001370 (0x00BF1F13) slli t5, t5, 0xb
x30 <- 0xFFFFFC0000000000

mem[X,0x0000000080001374] -> 0x0F13
mem[X,0x0000000080001376] -> 0x7F7F
[1250] [M]: 0x0000000080001374 (0x7F7F0F13) addi t5, t5, 0x7f7
x30 <- 0xFFFFFC00000007F7

mem[X,0x0000000080001378] -> 0x1F13
mem[X,0x000000008000137A] -> 0x00BF
[1251] [M]: 0x0000000080001378 (0x00BF1F13) slli t5, t5, 0xb
x30 <- 0xFFE00000003FB800

mem[X,0x000000008000137C] -> 0x0F13
mem[X,0x000000008000137E] -> 0x7FFF
[1252] [M]: 0x000000008000137C (0x7FFF0F13) addi t5, t5, 0x7ff
x30 <- 0xFFE00000003FBFFF

mem[X,0x0000000080001380] -> 0x1F13
mem[X,0x0000000080001382] -> 0x00AF
[1253] [M]: 0x0000000080001380 (0x00AF1F13) slli t5, t5, 0xa
x30 <- 0x80000000FEFFFC00

mem[X,0x0000000080001384] -> 0x0F13
mem[X,0x0000000080001386] -> 0x3FFF
[1254] [M]: 0x0000000080001384 (0x3FFF0F13) addi t5, t5, 0x3ff
x30 <- 0x80000000FEFFFFFF

mem[X,0x0000000080001388] -> 0x0EB7
mem[X,0x000000008000138A] -> 0x0000
[1255] [M]: 0x0000000080001388 (0x00000EB7) lui t4, 0x0
x29 <- 0x0000000000000000

mem[X,0x000000008000138C] -> 0x8E93
mem[X,0x000000008000138E] -> 0xFDFE
[1256] [M]: 0x000000008000138C (0xFDFE8E93) addi t4, t4, -0x21
x29 <- 0xFFFFFFFFFFFFFFDF

mem[X,0x0000000080001390] -> 0x9E93
mem[X,0x0000000080001392] -> 0x00BE
[1257] [M]: 0x0000000080001390 (0x00BE9E93) slli t4, t4, 0xb
x29 <- 0xFFFFFFFFFFFEF800

mem[X,0x0000000080001394] -> 0x8E93
mem[X,0x0000000080001396] -> 0x7FFE
[1258] [M]: 0x0000000080001394 (0x7FFE8E93) addi t4, t4, 0x7ff
x29 <- 0xFFFFFFFFFFFEFFFF

mem[X,0x0000000080001398] -> 0x9E93
mem[X,0x000000008000139A] -> 0x00BE
[1259] [M]: 0x0000000080001398 (0x00BE9E93) slli t4, t4, 0xb
x29 <- 0xFFFFFFFFF7FFF800

mem[X,0x000000008000139C] -> 0x8E93
mem[X,0x000000008000139E] -> 0x7FEE
[1260] [M]: 0x000000008000139C (0x7FEE8E93) addi t4, t4, 0x7fe
x29 <- 0xFFFFFFFFF7FFFFFE

mem[X,0x00000000800013A0] -> 0x9E93
mem[X,0x00000000800013A2] -> 0x00AE
[1261] [M]: 0x00000000800013A0 (0x00AE9E93) slli t4, t4, 0xa
x29 <- 0xFFFFFFDFFFFFF800

mem[X,0x00000000800013A4] -> 0x8E93
mem[X,0x00000000800013A6] -> 0x3FFE
[1262] [M]: 0x00000000800013A4 (0x3FFE8E93) addi t4, t4, 0x3ff
x29 <- 0xFFFFFFDFFFFFFBFF

mem[X,0x00000000800013A8] -> 0x2F9B
mem[X,0x00000000800013AA] -> 0xEFDF
[1263] [M]: 0x00000000800013A8 (0xEFDF2F9B) sha t6, t5, t4
x31 <- 0xC00000007F7FFFFF

mem[X,0x00000000800013AC] -> 0xBC23
mem[X,0x00000000800013AE] -> 0x13F0
[1264] [M]: 0x00000000800013AC (0x13F0BC23) sd t6, 0x138(ra)
mem[0x0000000080005338] <- 0xC00000007F7FFFFF

mem[X,0x00000000800013B0] -> 0x0F37
mem[X,0x00000000800013B2] -> 0x0000
[1265] [M]: 0x00000000800013B0 (0x00000F37) lui t5, 0x0
x30 <- 0x0000000000000000

mem[X,0x00000000800013B4] -> 0x0F13
mem[X,0x00000000800013B6] -> 0x010F
[1266] [M]: 0x00000000800013B4 (0x010F0F13) addi t5, t5, 0x10
x30 <- 0x0000000000000010

mem[X,0x00000000800013B8] -> 0x1F13
mem[X,0x00000000800013BA] -> 0x00BF
[1267] [M]: 0x00000000800013B8 (0x00BF1F13) slli t5, t5, 0xb
x30 <- 0x0000000000008000

mem[X,0x00000000800013BC] -> 0x0F13
mem[X,0x00000000800013BE] -> 0x7EFF
[1268] [M]: 0x00000000800013BC (0x7EFF0F13) addi t5, t5, 0x7ef
x30 <- 0x00000000000087EF

mem[X,0x00000000800013C0] -> 0x1F13
mem[X,0x00000000800013C2] -> 0x00BF
[1269] [M]: 0x00000000800013C0 (0x00BF1F13) slli t5, t5, 0xb
x30 <- 0x00000000043F7800

mem[X,0x00000000800013C4] -> 0x0F13
mem[X,0x00000000800013C6] -> 0x7FFF
[1270] [M]: 0x00000000800013C4 (0x7FFF0F13) addi t5, t5, 0x7ff
x30 <- 0x00000000043F7FFF

mem[X,0x00000000800013C8] -> 0x1F13
mem[X,0x00000000800013CA] -> 0x00AF
[1271] [M]: 0x00000000800013C8 (0x00AF1F13) slli t5, t5, 0xa
x30 <- 0x00000010FDFFFC00

mem[X,0x00000000800013CC] -> 0x0F13
mem[X,0x00000000800013CE] -> 0x3FFF
[1272] [M]: 0x00000000800013CC (0x3FFF0F13) addi t5, t5, 0x3ff
x30 <- 0x00000010FDFFFFFF

mem[X,0x00000000800013D0] -> 0x0EB7
mem[X,0x00000000800013D2] -> 0x0000
[1273] [M]: 0x00000000800013D0 (0x00000EB7) lui t4, 0x0
x29 <- 0x0000000000000000

mem[X,0x00000000800013D4] -> 0x8E93
mem[X,0x00000000800013D6] -> 0xFEFE
[1274] [M]: 0x00000000800013D4 (0xFEFE8E93) addi t4, t4, -0x11
x29 <- 0xFFFFFFFFFFFFFFEF

mem[X,0x00000000800013D8] -> 0x9E93
mem[X,0x00000000800013DA] -> 0x00BE
[1275] [M]: 0x00000000800013D8 (0x00BE9E93) slli t4, t4, 0xb
x29 <- 0xFFFFFFFFFFFF7800

mem[X,0x00000000800013DC] -> 0x8E93
mem[X,0x00000000800013DE] -> 0x7FFE
[1276] [M]: 0x00000000800013DC (0x7FFE8E93) addi t4, t4, 0x7ff
x29 <- 0xFFFFFFFFFFFF7FFF

mem[X,0x00000000800013E0] -> 0x9E93
mem[X,0x00000000800013E2] -> 0x00BE
[1277] [M]: 0x00000000800013E0 (0x00BE9E93) slli t4, t4, 0xb
x29 <- 0xFFFFFFFFFBFFF800

mem[X,0x00000000800013E4] -> 0x8E93
mem[X,0x00000000800013E6] -> 0x3FFE
[1278] [M]: 0x00000000800013E4 (0x3FFE8E93) addi t4, t4, 0x3ff
x29 <- 0xFFFFFFFFFBFFFBFF

mem[X,0x00000000800013E8] -> 0x9E93
mem[X,0x00000000800013EA] -> 0x00AE
[1279] [M]: 0x00000000800013E8 (0x00AE9E93) slli t4, t4, 0xa
x29 <- 0xFFFFFFEFFFEFFC00

mem[X,0x00000000800013EC] -> 0x8E93
mem[X,0x00000000800013EE] -> 0x3FFE
[1280] [M]: 0x00000000800013EC (0x3FFE8E93) addi t4, t4, 0x3ff
x29 <- 0xFFFFFFEFFFEFFFFF

mem[X,0x00000000800013F0] -> 0x2F9B
mem[X,0x00000000800013F2] -> 0xEFDF
[1281] [M]: 0x00000000800013F0 (0xEFDF2F9B) sha t6, t5, t4
x31 <- 0x000000087EFFFFFF

mem[X,0x00000000800013F4] -> 0xB023
mem[X,0x00000000800013F6] -> 0x15F0
[1282] [M]: 0x00000000800013F4 (0x15F0B023) sd t6, 0x140(ra)
mem[0x0000000080005340] <- 0x000000087EFFFFFF

mem[X,0x00000000800013F8] -> 0xCF37
mem[X,0x00000000800013FA] -> 0xFFFF
[1283] [M]: 0x00000000800013F8 (0xFFFFCF37) lui t5, -0x4
x30 <- 0xFFFFFFFFFFFFC000

mem[X,0x00000000800013FC] -> 0x0F13
mem[X,0x00000000800013FE] -> 0xFFFF
[1284] [M]: 0x00000000800013FC (0xFFFF0F13) addi t5, t5, -0x1
x30 <- 0xFFFFFFFFFFFFBFFF

mem[X,0x0000000080001400] -> 0x1F13
mem[X,0x0000000080001402] -> 0x00BF
[1285] [M]: 0x0000000080001400 (0x00BF1F13) slli t5, t5, 0xb
x30 <- 0xFFFFFFFFFDFFF800

mem[X,0x0000000080001404] -> 0x0F13
mem[X,0x0000000080001406] -> 0x7DFF
[1286] [M]: 0x0000000080001404 (0x7DFF0F13) addi t5, t5, 0x7df
x30 <- 0xFFFFFFFFFDFFFFDF

mem[X,0x0000000080001408] -> 0x1F13
mem[X,0x000000008000140A] -> 0x00BF
[1287] [M]: 0x0000000080001408 (0x00BF1F13) slli t5, t5, 0xb
x30 <- 0xFFFFFFEFFFFEF800

mem[X,0x000000008000140C] -> 0x0F13
mem[X,0x000000008000140E] -> 0x7FFF
[1288] [M]: 0x000000008000140C (0x7FFF0F13) addi t5, t5, 0x7ff
x30 <- 0xFFFFFFEFFFFEFFFF

mem[X,0x0000000080001410] -> 0x1F13
mem[X,0x0000000080001412] -> 0x00AF
[1289] [M]: 0x0000000080001410 (0x00AF1F13) slli t5, t5, 0xa
x30 <- 0xFFFFBFFFFBFFFC00

mem[X,0x0000000080001414] -> 0x0F13
mem[X,0x0000000080001416] -> 0x3FFF
[1290] [M]: 0x0000000080001414 (0x3FFF0F13) addi t5, t5, 0x3ff
x30 <- 0xFFFFBFFFFBFFFFFF

mem[X,0x0000000080001418] -> 0x0EB7
mem[X,0x000000008000141A] -> 0x0000
[1291] [M]: 0x0000000080001418 (0x00000EB7) lui t4, 0x0
x29 <- 0x0000000000000000

mem[X,0x000000008000141C] -> 0x8E93
mem[X,0x000000008000141E] -> 0xFDFE
[1292] [M]: 0x000000008000141C (0xFDFE8E93) addi t4, t4, -0x21
x29 <- 0xFFFFFFFFFFFFFFDF

mem[X,0x0000000080001420] -> 0x9E93
mem[X,0x0000000080001422] -> 0x00BE
[1293] [M]: 0x0000000080001420 (0x00BE9E93) slli t4, t4, 0xb
x29 <- 0xFFFFFFFFFFFEF800

mem[X,0x0000000080001424] -> 0x8E93
mem[X,0x0000000080001426] -> 0x7FFE
[1294] [M]: 0x0000000080001424 (0x7FFE8E93) addi t4, t4, 0x7ff
x29 <- 0xFFFFFFFFFFFEFFFF

mem[X,0x0000000080001428] -> 0x9E93
mem[X,0x000000008000142A] -> 0x00BE
[1295] [M]: 0x0000000080001428 (0x00BE9E93) slli t4, t4, 0xb
x29 <- 0xFFFFFFFFF7FFF800

mem[X,0x000000008000142C] -> 0x8E93
mem[X,0x000000008000142E] -> 0x7FFE
[1296] [M]: 0x000000008000142C (0x7FFE8E93) addi t4, t4, 0x7ff
x29 <- 0xFFFFFFFFF7FFFFFF

mem[X,0x0000000080001430] -> 0x9E93
mem[X,0x0000000080001432] -> 0x00AE
[1297] [M]: 0x0000000080001430 (0x00AE9E93) slli t4, t4, 0xa
x29 <- 0xFFFFFFDFFFFFFC00

mem[X,0x0000000080001434] -> 0x8E93
mem[X,0x0000000080001436] -> 0x37FE
[1298] [M]: 0x0000000080001434 (0x37FE8E93) addi t4, t4, 0x37f
x29 <- 0xFFFFFFDFFFFFFF7F

mem[X,0x0000000080001438] -> 0x2F9B
mem[X,0x000000008000143A] -> 0xEFDF
[1299] [M]: 0x0000000080001438 (0xEFDF2F9B) sha t6, t5, t4
x31 <- 0xFFFFDFFFFDFFFFFF

clint::tick mtime <- 0x000000000000000D
 clint timer pending at mtime 0x000000000000000D
htif::tick 0x0000000000000000
mem[X,0x000000008000143C] -> 0xB423
mem[X,0x000000008000143E] -> 0x15F0
[1300] [M]: 0x000000008000143C (0x15F0B423) sd t6, 0x148(ra)
mem[0x0000000080005348] <- 0xFFFFDFFFFDFFFFFF

mem[X,0x0000000080001440] -> 0x0F37
mem[X,0x0000000080001442] -> 0x2000
[1301] [M]: 0x0000000080001440 (0x20000F37) lui t5, 0x20000
x30 <- 0x0000000020000000

mem[X,0x0000000080001444] -> 0x0F13
mem[X,0x0000000080001446] -> 0x000F
[1302] [M]: 0x0000000080001444 (0x000F0F13) addi t5, t5, 0x0
x30 <- 0x0000000020000000

mem[X,0x0000000080001448] -> 0x1F13
mem[X,0x000000008000144A] -> 0x00BF
[1303] [M]: 0x0000000080001448 (0x00BF1F13) slli t5, t5, 0xb
x30 <- 0x0000010000000000

mem[X,0x000000008000144C] -> 0x0F13
mem[X,0x000000008000144E] -> 0x7BFF
[1304] [M]: 0x000000008000144C (0x7BFF0F13) addi t5, t5, 0x7bf
x30 <- 0x00000100000007BF

mem[X,0x0000000080001450] -> 0x1F13
mem[X,0x0000000080001452] -> 0x00BF
[1305] [M]: 0x0000000080001450 (0x00BF1F13) slli t5, t5, 0xb
x30 <- 0x00080000003DF800

mem[X,0x0000000080001454] -> 0x0F13
mem[X,0x0000000080001456] -> 0x7FFF
[1306] [M]: 0x0000000080001454 (0x7FFF0F13) addi t5, t5, 0x7ff
x30 <- 0x00080000003DFFFF

mem[X,0x0000000080001458] -> 0x1F13
mem[X,0x000000008000145A] -> 0x00AF
[1307] [M]: 0x0000000080001458 (0x00AF1F13) slli t5, t5, 0xa
x30 <- 0x20000000F7FFFC00

mem[X,0x000000008000145C] -> 0x0F13
mem[X,0x000000008000145E] -> 0x3FFF
[1308] [M]: 0x000000008000145C (0x3FFF0F13) addi t5, t5, 0x3ff
x30 <- 0x20000000F7FFFFFF

mem[X,0x0000000080001460] -> 0x0E93
mem[X,0x0000000080001462] -> 0x0050
[1309] [M]: 0x0000000080001460 (0x00500E93) addi t4, zero, 0x5
x29 <- 0x0000000000000005

mem[X,0x0000000080001464] -> 0x9E93
mem[X,0x0000000080001466] -> 0x01EE
[1310] [M]: 0x0000000080001464 (0x01EE9E93) slli t4, t4, 0x1e
x29 <- 0x0000000140000000

mem[X,0x0000000080001468] -> 0x2F9B
mem[X,0x000000008000146A] -> 0xEFDF
[1311] [M]: 0x0000000080001468 (0xEFDF2F9B) sha t6, t5, t4
x31 <- 0x20000000F7FFFFFF

mem[X,0x000000008000146C] -> 0xB823
mem[X,0x000000008000146E] -> 0x15F0
[1312] [M]: 0x000000008000146C (0x15F0B823) sd t6, 0x150(ra)
mem[0x0000000080005350] <- 0x20000000F7FFFFFF

mem[X,0x0000000080001470] -> 0x0F37
mem[X,0x0000000080001472] -> 0x0080
[1313] [M]: 0x0000000080001470 (0x00800F37) lui t5, 0x800
x30 <- 0x0000000000800000

mem[X,0x0000000080001474] -> 0x0F13
mem[X,0x0000000080001476] -> 0x000F
[1314] [M]: 0x0000000080001474 (0x000F0F13) addi t5, t5, 0x0
x30 <- 0x0000000000800000

mem[X,0x0000000080001478] -> 0x1F13
mem[X,0x000000008000147A] -> 0x00BF
[1315] [M]: 0x0000000080001478 (0x00BF1F13) slli t5, t5, 0xb
x30 <- 0x0000000400000000

mem[X,0x000000008000147C] -> 0x0F13
mem[X,0x000000008000147E] -> 0x77FF
[1316] [M]: 0x000000008000147C (0x77FF0F13) addi t5, t5, 0x77f
x30 <- 0x000000040000077F

mem[X,0x0000000080001480] -> 0x1F13
mem[X,0x0000000080001482] -> 0x00BF
[1317] [M]: 0x0000000080001480 (0x00BF1F13) slli t5, t5, 0xb
x30 <- 0x00002000003BF800

mem[X,0x0000000080001484] -> 0x0F13
mem[X,0x0000000080001486] -> 0x7FFF
[1318] [M]: 0x0000000080001484 (0x7FFF0F13) addi t5, t5, 0x7ff
x30 <- 0x00002000003BFFFF

mem[X,0x0000000080001488] -> 0x1F13
mem[X,0x000000008000148A] -> 0x00AF
[1319] [M]: 0x0000000080001488 (0x00AF1F13) slli t5, t5, 0xa
x30 <- 0x00800000EFFFFC00

mem[X,0x000000008000148C] -> 0x0F13
mem[X,0x000000008000148E] -> 0x3FFF
[1320] [M]: 0x000000008000148C (0x3FFF0F13) addi t5, t5, 0x3ff
x30 <- 0x00800000EFFFFFFF

mem[X,0x0000000080001490] -> 0xEEB7
mem[X,0x0000000080001492] -> 0xFFFF
[1321] [M]: 0x0000000080001490 (0xFFFFEEB7) lui t4, -0x2
x29 <- 0xFFFFFFFFFFFFE000

mem[X,0x0000000080001494] -> 0x8E93
mem[X,0x0000000080001496] -> 0xFFFE
[1322] [M]: 0x0000000080001494 (0xFFFE8E93) addi t4, t4, -0x1
x29 <- 0xFFFFFFFFFFFFDFFF

mem[X,0x0000000080001498] -> 0x9E93
mem[X,0x000000008000149A] -> 0x00BE
[1323] [M]: 0x0000000080001498 (0x00BE9E93) slli t4, t4, 0xb
x29 <- 0xFFFFFFFFFEFFF800

mem[X,0x000000008000149C] -> 0x8E93
mem[X,0x000000008000149E] -> 0x7FFE
[1324] [M]: 0x000000008000149C (0x7FFE8E93) addi t4, t4, 0x7ff
x29 <- 0xFFFFFFFFFEFFFFFF

mem[X,0x00000000800014A0] -> 0x9E93
mem[X,0x00000000800014A2] -> 0x00BE
[1325] [M]: 0x00000000800014A0 (0x00BE9E93) slli t4, t4, 0xb
x29 <- 0xFFFFFFF7FFFFF800

mem[X,0x00000000800014A4] -> 0x8E93
mem[X,0x00000000800014A6] -> 0x7FFE
[1326] [M]: 0x00000000800014A4 (0x7FFE8E93) addi t4, t4, 0x7ff
x29 <- 0xFFFFFFF7FFFFFFFF

mem[X,0x00000000800014A8] -> 0x9E93
mem[X,0x00000000800014AA] -> 0x00AE
[1327] [M]: 0x00000000800014A8 (0x00AE9E93) slli t4, t4, 0xa
x29 <- 0xFFFFDFFFFFFFFC00

mem[X,0x00000000800014AC] -> 0x8E93
mem[X,0x00000000800014AE] -> 0x3FAE
[1328] [M]: 0x00000000800014AC (0x3FAE8E93) addi t4, t4, 0x3fa
x29 <- 0xFFFFDFFFFFFFFFFA

mem[X,0x00000000800014B0] -> 0x2F9B
mem[X,0x00000000800014B2] -> 0xEFDF
[1329] [M]: 0x00000000800014B0 (0xEFDF2F9B) sha t6, t5, t4
x31 <- 0x0002000003BFFFFF

mem[X,0x00000000800014B4] -> 0xBC23
mem[X,0x00000000800014B6] -> 0x15F0
[1330] [M]: 0x00000000800014B4 (0x15F0BC23) sd t6, 0x158(ra)
mem[0x0000000080005358] <- 0x0002000003BFFFFF

mem[X,0x00000000800014B8] -> 0x4F37
mem[X,0x00000000800014BA] -> 0x0000
[1331] [M]: 0x00000000800014B8 (0x00004F37) lui t5, 0x4
x30 <- 0x0000000000004000

mem[X,0x00000000800014BC] -> 0x0F13
mem[X,0x00000000800014BE] -> 0x000F
[1332] [M]: 0x00000000800014BC (0x000F0F13) addi t5, t5, 0x0
x30 <- 0x0000000000004000

mem[X,0x00000000800014C0] -> 0x1F13
mem[X,0x00000000800014C2] -> 0x00BF
[1333] [M]: 0x00000000800014C0 (0x00BF1F13) slli t5, t5, 0xb
x30 <- 0x0000000002000000

mem[X,0x00000000800014C4] -> 0x0F13
mem[X,0x00000000800014C6] -> 0x6FFF
[1334] [M]: 0x00000000800014C4 (0x6FFF0F13) addi t5, t5, 0x6ff
x30 <- 0x00000000020006FF

mem[X,0x00000000800014C8] -> 0x1F13
mem[X,0x00000000800014CA] -> 0x00BF
[1335] [M]: 0x00000000800014C8 (0x00BF1F13) slli t5, t5, 0xb
x30 <- 0x000000100037F800

mem[X,0x00000000800014CC] -> 0x0F13
mem[X,0x00000000800014CE] -> 0x7FFF
[1336] [M]: 0x00000000800014CC (0x7FFF0F13) addi t5, t5, 0x7ff
x30 <- 0x000000100037FFFF

mem[X,0x00000000800014D0] -> 0x1F13
mem[X,0x00000000800014D2] -> 0x00AF
[1337] [M]: 0x00000000800014D0 (0x00AF1F13) slli t5, t5, 0xa
x30 <- 0x00004000DFFFFC00

mem[X,0x00000000800014D4] -> 0x0F13
mem[X,0x00000000800014D6] -> 0x3FFF
[1338] [M]: 0x00000000800014D4 (0x3FFF0F13) addi t5, t5, 0x3ff
x30 <- 0x00004000DFFFFFFF

mem[X,0x00000000800014D8] -> 0x0EB7
mem[X,0x00000000800014DA] -> 0x0020
[1339] [M]: 0x00000000800014D8 (0x00200EB7) lui t4, 0x200
x29 <- 0x0000000000200000

mem[X,0x00000000800014DC] -> 0x8E93
mem[X,0x00000000800014DE] -> 0x000E
[1340] [M]: 0x00000000800014DC (0x000E8E93) addi t4, t4, 0x0
x29 <- 0x0000000000200000

mem[X,0x00000000800014E0] -> 0x9E93
mem[X,0x00000000800014E2] -> 0x00BE
[1341] [M]: 0x00000000800014E0 (0x00BE9E93) slli t4, t4, 0xb
x29 <- 0x0000000100000000

mem[X,0x00000000800014E4] -> 0x8E93
mem[X,0x00000000800014E6] -> 0x7FFE
[1342] [M]: 0x00000000800014E4 (0x7FFE8E93) addi t4, t4, 0x7ff
x29 <- 0x00000001000007FF

mem[X,0x00000000800014E8] -> 0x9E93
mem[X,0x00000000800014EA] -> 0x00BE
[1343] [M]: 0x00000000800014E8 (0x00BE9E93) slli t4, t4, 0xb
x29 <- 0x00000800003FF800

mem[X,0x00000000800014EC] -> 0x8E93
mem[X,0x00000000800014EE] -> 0x7FDE
[1344] [M]: 0x00000000800014EC (0x7FDE8E93) addi t4, t4, 0x7fd
x29 <- 0x00000800003FFFFD

mem[X,0x00000000800014F0] -> 0x9E93
mem[X,0x00000000800014F2] -> 0x00AE
[1345] [M]: 0x00000000800014F0 (0x00AE9E93) slli t4, t4, 0xa
x29 <- 0x00200000FFFFF400

mem[X,0x00000000800014F4] -> 0x8E93
mem[X,0x00000000800014F6] -> 0x3FFE
[1346] [M]: 0x00000000800014F4 (0x3FFE8E93) addi t4, t4, 0x3ff
x29 <- 0x00200000FFFFF7FF

mem[X,0x00000000800014F8] -> 0x2F9B
mem[X,0x00000000800014FA] -> 0xEFDF
[1347] [M]: 0x00000000800014F8 (0xEFDF2F9B) sha t6, t5, t4
x31 <- 0x000020006FFFFFFF

mem[X,0x00000000800014FC] -> 0xB023
mem[X,0x00000000800014FE] -> 0x17F0
[1348] [M]: 0x00000000800014FC (0x17F0B023) sd t6, 0x160(ra)
mem[0x0000000080005360] <- 0x000020006FFFFFFF

mem[X,0x0000000080001500] -> 0x1F37
mem[X,0x0000000080001502] -> 0x0000
[1349] [M]: 0x0000000080001500 (0x00001F37) lui t5, 0x1
x30 <- 0x0000000000001000

mem[X,0x0000000080001504] -> 0x0F13
mem[X,0x0000000080001506] -> 0x000F
[1350] [M]: 0x0000000080001504 (0x000F0F13) addi t5, t5, 0x0
x30 <- 0x0000000000001000

mem[X,0x0000000080001508] -> 0x1F13
mem[X,0x000000008000150A] -> 0x00BF
[1351] [M]: 0x0000000080001508 (0x00BF1F13) slli t5, t5, 0xb
x30 <- 0x0000000000800000

mem[X,0x000000008000150C] -> 0x0F13
mem[X,0x000000008000150E] -> 0x5FFF
[1352] [M]: 0x000000008000150C (0x5FFF0F13) addi t5, t5, 0x5ff
x30 <- 0x00000000008005FF

mem[X,0x0000000080001510] -> 0x1F13
mem[X,0x0000000080001512] -> 0x00BF
[1353] [M]: 0x0000000080001510 (0x00BF1F13) slli t5, t5, 0xb
x30 <- 0x00000004002FF800

mem[X,0x0000000080001514] -> 0x0F13
mem[X,0x0000000080001516] -> 0x7FFF
[1354] [M]: 0x0000000080001514 (0x7FFF0F13) addi t5, t5, 0x7ff
x30 <- 0x00000004002FFFFF

mem[X,0x0000000080001518] -> 0x1F13
mem[X,0x000000008000151A] -> 0x00AF
[1355] [M]: 0x0000000080001518 (0x00AF1F13) slli t5, t5, 0xa
x30 <- 0x00001000BFFFFC00

mem[X,0x000000008000151C] -> 0x0F13
mem[X,0x000000008000151E] -> 0x3FFF
[1356] [M]: 0x000000008000151C (0x3FFF0F13) addi t5, t5, 0x3ff
x30 <- 0x00001000BFFFFFFF

mem[X,0x0000000080001520] -> 0xCEB7
mem[X,0x0000000080001522] -> 0xFFFF
[1357] [M]: 0x0000000080001520 (0xFFFFCEB7) lui t4, -0x4
x29 <- 0xFFFFFFFFFFFFC000

mem[X,0x0000000080001524] -> 0x8E93
mem[X,0x0000000080001526] -> 0xFFFE
[1358] [M]: 0x0000000080001524 (0xFFFE8E93) addi t4, t4, -0x1
x29 <- 0xFFFFFFFFFFFFBFFF

mem[X,0x0000000080001528] -> 0x9E93
mem[X,0x000000008000152A] -> 0x00BE
[1359] [M]: 0x0000000080001528 (0x00BE9E93) slli t4, t4, 0xb
x29 <- 0xFFFFFFFFFDFFF800

mem[X,0x000000008000152C] -> 0x8E93
mem[X,0x000000008000152E] -> 0x000E
[1360] [M]: 0x000000008000152C (0x000E8E93) addi t4, t4, 0x0
x29 <- 0xFFFFFFFFFDFFF800

mem[X,0x0000000080001530] -> 0x9E93
mem[X,0x0000000080001532] -> 0x00BE
[1361] [M]: 0x0000000080001530 (0x00BE9E93) slli t4, t4, 0xb
x29 <- 0xFFFFFFEFFFC00000

mem[X,0x0000000080001534] -> 0x8E93
mem[X,0x0000000080001536] -> 0x200E
[1362] [M]: 0x0000000080001534 (0x200E8E93) addi t4, t4, 0x200
x29 <- 0xFFFFFFEFFFC00200

mem[X,0x0000000080001538] -> 0x9E93
mem[X,0x000000008000153A] -> 0x00AE
[1363] [M]: 0x0000000080001538 (0x00AE9E93) slli t4, t4, 0xa
x29 <- 0xFFFFBFFF00080000

mem[X,0x000000008000153C] -> 0x2F9B
mem[X,0x000000008000153E] -> 0xEFDF
[1364] [M]: 0x000000008000153C (0xEFDF2F9B) sha t6, t5, t4
x31 <- 0x00001000BFFFFFFF

mem[X,0x0000000080001540] -> 0xB423
mem[X,0x0000000080001542] -> 0x17F0
[1365] [M]: 0x0000000080001540 (0x17F0B423) sd t6, 0x168(ra)
mem[0x0000000080005368] <- 0x00001000BFFFFFFF

mem[X,0x0000000080001544] -> 0x0F37
mem[X,0x0000000080001546] -> 0x2000
[1366] [M]: 0x0000000080001544 (0x20000F37) lui t5, 0x20000
x30 <- 0x0000000020000000

mem[X,0x0000000080001548] -> 0x0F13
mem[X,0x000000008000154A] -> 0x000F
[1367] [M]: 0x0000000080001548 (0x000F0F13) addi t5, t5, 0x0
x30 <- 0x0000000020000000

mem[X,0x000000008000154C] -> 0x1F13
mem[X,0x000000008000154E] -> 0x00BF
[1368] [M]: 0x000000008000154C (0x00BF1F13) slli t5, t5, 0xb
x30 <- 0x0000010000000000

mem[X,0x0000000080001550] -> 0x0F13
mem[X,0x0000000080001552] -> 0x2AAF
[1369] [M]: 0x0000000080001550 (0x2AAF0F13) addi t5, t5, 0x2aa
x30 <- 0x00000100000002AA

mem[X,0x0000000080001554] -> 0x1F13
mem[X,0x0000000080001556] -> 0x00BF
[1370] [M]: 0x0000000080001554 (0x00BF1F13) slli t5, t5, 0xb
x30 <- 0x0008000000155000

mem[X,0x0000000080001558] -> 0x0F13
mem[X,0x000000008000155A] -> 0x555F
[1371] [M]: 0x0000000080001558 (0x555F0F13) addi t5, t5, 0x555
x30 <- 0x0008000000155555

mem[X,0x000000008000155C] -> 0x1F13
mem[X,0x000000008000155E] -> 0x00AF
[1372] [M]: 0x000000008000155C (0x00AF1F13) slli t5, t5, 0xa
x30 <- 0x2000000055555400

mem[X,0x0000000080001560] -> 0x0F13
mem[X,0x0000000080001562] -> 0x155F
[1373] [M]: 0x0000000080001560 (0x155F0F13) addi t5, t5, 0x155
x30 <- 0x2000000055555555

mem[X,0x0000000080001564] -> 0x1EB7
mem[X,0x0000000080001566] -> 0x0000
[1374] [M]: 0x0000000080001564 (0x00001EB7) lui t4, 0x1
x29 <- 0x0000000000001000

mem[X,0x0000000080001568] -> 0x8E93
mem[X,0x000000008000156A] -> 0x800E
[1375] [M]: 0x0000000080001568 (0x800E8E93) addi t4, t4, -0x800
x29 <- 0x0000000000000800

mem[X,0x000000008000156C] -> 0x9E93
mem[X,0x000000008000156E] -> 0x00BE
[1376] [M]: 0x000000008000156C (0x00BE9E93) slli t4, t4, 0xb
x29 <- 0x0000000000400000

mem[X,0x0000000080001570] -> 0x8E93
mem[X,0x0000000080001572] -> 0x000E
[1377] [M]: 0x0000000080001570 (0x000E8E93) addi t4, t4, 0x0
x29 <- 0x0000000000400000

mem[X,0x0000000080001574] -> 0x9E93
mem[X,0x0000000080001576] -> 0x00BE
[1378] [M]: 0x0000000080001574 (0x00BE9E93) slli t4, t4, 0xb
x29 <- 0x0000000200000000

mem[X,0x0000000080001578] -> 0x8E93
mem[X,0x000000008000157A] -> 0x000E
[1379] [M]: 0x0000000080001578 (0x000E8E93) addi t4, t4, 0x0
x29 <- 0x0000000200000000

mem[X,0x000000008000157C] -> 0x9E93
mem[X,0x000000008000157E] -> 0x00AE
[1380] [M]: 0x000000008000157C (0x00AE9E93) slli t4, t4, 0xa
x29 <- 0x0000080000000000

mem[X,0x0000000080001580] -> 0x8E93
mem[X,0x0000000080001582] -> 0x007E
[1381] [M]: 0x0000000080001580 (0x007E8E93) addi t4, t4, 0x7
x29 <- 0x0000080000000007

mem[X,0x0000000080001584] -> 0x2F9B
mem[X,0x0000000080001586] -> 0xEFDF
[1382] [M]: 0x0000000080001584 (0xEFDF2F9B) sha t6, t5, t4
x31 <- 0x0000002AAAAAAA80

mem[X,0x0000000080001588] -> 0xB823
mem[X,0x000000008000158A] -> 0x17F0
[1383] [M]: 0x0000000080001588 (0x17F0B823) sd t6, 0x170(ra)
mem[0x0000000080005370] <- 0x0000002AAAAAAA80

mem[X,0x000000008000158C] -> 0x5F37
mem[X,0x000000008000158E] -> 0x5555
[1384] [M]: 0x000000008000158C (0x55555F37) lui t5, 0x55555
x30 <- 0x0000000055555000

mem[X,0x0000000080001590] -> 0x0F13
mem[X,0x0000000080001592] -> 0x555F
[1385] [M]: 0x0000000080001590 (0x555F0F13) addi t5, t5, 0x555
x30 <- 0x0000000055555555

mem[X,0x0000000080001594] -> 0x1F13
mem[X,0x0000000080001596] -> 0x001F
[1386] [M]: 0x0000000080001594 (0x001F1F13) slli t5, t5, 0x1
x30 <- 0x00000000AAAAAAAA

mem[X,0x0000000080001598] -> 0x0EB7
mem[X,0x000000008000159A] -> 0x0000
[1387] [M]: 0x0000000080001598 (0x00000EB7) lui t4, 0x0
x29 <- 0x0000000000000000

mem[X,0x000000008000159C] -> 0x8E93
mem[X,0x000000008000159E] -> 0xFF6E
[1388] [M]: 0x000000008000159C (0xFF6E8E93) addi t4, t4, -0xa
x29 <- 0xFFFFFFFFFFFFFFF6

mem[X,0x00000000800015A0] -> 0x9E93
mem[X,0x00000000800015A2] -> 0x00BE
[1389] [M]: 0x00000000800015A0 (0x00BE9E93) slli t4, t4, 0xb
x29 <- 0xFFFFFFFFFFFFB000

mem[X,0x00000000800015A4] -> 0x8E93
mem[X,0x00000000800015A6] -> 0x7FDE
[1390] [M]: 0x00000000800015A4 (0x7FDE8E93) addi t4, t4, 0x7fd
x29 <- 0xFFFFFFFFFFFFB7FD

mem[X,0x00000000800015A8] -> 0x9E93
mem[X,0x00000000800015AA] -> 0x00BE
[1391] [M]: 0x00000000800015A8 (0x00BE9E93) slli t4, t4, 0xb
x29 <- 0xFFFFFFFFFDBFE800

mem[X,0x00000000800015AC] -> 0x8E93
mem[X,0x00000000800015AE] -> 0x7FFE
[1392] [M]: 0x00000000800015AC (0x7FFE8E93) addi t4, t4, 0x7ff
x29 <- 0xFFFFFFFFFDBFEFFF

mem[X,0x00000000800015B0] -> 0x9E93
mem[X,0x00000000800015B2] -> 0x00AE
[1393] [M]: 0x00000000800015B0 (0x00AE9E93) slli t4, t4, 0xa
x29 <- 0xFFFFFFF6FFBFFC00

mem[X,0x00000000800015B4] -> 0x8E93
mem[X,0x00000000800015B6] -> 0x3FFE
[1394] [M]: 0x00000000800015B4 (0x3FFE8E93) addi t4, t4, 0x3ff
x29 <- 0xFFFFFFF6FFBFFFFF

mem[X,0x00000000800015B8] -> 0x2F9B
mem[X,0x00000000800015BA] -> 0xEFDF
[1395] [M]: 0x00000000800015B8 (0xEFDF2F9B) sha t6, t5, t4
x31 <- 0x0000000055555555

mem[X,0x00000000800015BC] -> 0xBC23
mem[X,0x00000000800015BE] -> 0x17F0
[1396] [M]: 0x00000000800015BC (0x17F0BC23) sd t6, 0x178(ra)
mem[0x0000000080005378] <- 0x0000000055555555

mem[X,0x00000000800015C0] -> 0x0F37
mem[X,0x00000000800015C2] -> 0x0000
[1397] [M]: 0x00000000800015C0 (0x00000F37) lui t5, 0x0
x30 <- 0x0000000000000000

mem[X,0x00000000800015C4] -> 0x0F13
mem[X,0x00000000800015C6] -> 0x001F
[1398] [M]: 0x00000000800015C4 (0x001F0F13) addi t5, t5, 0x1
x30 <- 0x0000000000000001

mem[X,0x00000000800015C8] -> 0x1F13
mem[X,0x00000000800015CA] -> 0x00BF
[1399] [M]: 0x00000000800015C8 (0x00BF1F13) slli t5, t5, 0xb
x30 <- 0x0000000000000800

clint::tick mtime <- 0x000000000000000E
 clint timer pending at mtime 0x000000000000000E
htif::tick 0x0000000000000000
mem[X,0x00000000800015CC] -> 0x0F13
mem[X,0x00000000800015CE] -> 0x001F
[1400] [M]: 0x00000000800015CC (0x001F0F13) addi t5, t5, 0x1
x30 <- 0x0000000000000801

mem[X,0x00000000800015D0] -> 0x1F13
mem[X,0x00000000800015D2] -> 0x00BF
[1401] [M]: 0x00000000800015D0 (0x00BF1F13) slli t5, t5, 0xb
x30 <- 0x0000000000400800

mem[X,0x00000000800015D4] -> 0x0F13
mem[X,0x00000000800015D6] -> 0x000F
[1402] [M]: 0x00000000800015D4 (0x000F0F13) addi t5, t5, 0x0
x30 <- 0x0000000000400800

mem[X,0x00000000800015D8] -> 0x1F13
mem[X,0x00000000800015DA] -> 0x00AF
[1403] [M]: 0x00000000800015D8 (0x00AF1F13) slli t5, t5, 0xa
x30 <- 0x0000000100200000

mem[X,0x00000000800015DC] -> 0x0EB7
mem[X,0x00000000800015DE] -> 0x0000
[1404] [M]: 0x00000000800015DC (0x00000EB7) lui t4, 0x0
x29 <- 0x0000000000000000

mem[X,0x00000000800015E0] -> 0x8E93
mem[X,0x00000000800015E2] -> 0xFFCE
[1405] [M]: 0x00000000800015E0 (0xFFCE8E93) addi t4, t4, -0x4
x29 <- 0xFFFFFFFFFFFFFFFC

mem[X,0x00000000800015E4] -> 0x9E93
mem[X,0x00000000800015E6] -> 0x00BE
[1406] [M]: 0x00000000800015E4 (0x00BE9E93) slli t4, t4, 0xb
x29 <- 0xFFFFFFFFFFFFE000

mem[X,0x00000000800015E8] -> 0x8E93
mem[X,0x00000000800015EA] -> 0x000E
[1407] [M]: 0x00000000800015E8 (0x000E8E93) addi t4, t4, 0x0
x29 <- 0xFFFFFFFFFFFFE000

mem[X,0x00000000800015EC] -> 0x9E93
mem[X,0x00000000800015EE] -> 0x00BE
[1408] [M]: 0x00000000800015EC (0x00BE9E93) slli t4, t4, 0xb
x29 <- 0xFFFFFFFFFF000000

mem[X,0x00000000800015F0] -> 0x8E93
mem[X,0x00000000800015F2] -> 0x001E
[1409] [M]: 0x00000000800015F0 (0x001E8E93) addi t4, t4, 0x1
x29 <- 0xFFFFFFFFFF000001

mem[X,0x00000000800015F4] -> 0x9E93
mem[X,0x00000000800015F6] -> 0x00AE
[1410] [M]: 0x00000000800015F4 (0x00AE9E93) slli t4, t4, 0xa
x29 <- 0xFFFFFFFC00000400

mem[X,0x00000000800015F8] -> 0x2F9B
mem[X,0x00000000800015FA] -> 0xEFDF
[1411] [M]: 0x00000000800015F8 (0xEFDF2F9B) sha t6, t5, t4
x31 <- 0x0000000100200000

mem[X,0x00000000800015FC] -> 0xB023
mem[X,0x00000000800015FE] -> 0x19F0
[1412] [M]: 0x00000000800015FC (0x19F0B023) sd t6, 0x180(ra)
mem[0x0000000080005380] <- 0x0000000100200000

mem[X,0x0000000080001600] -> 0x0F37
mem[X,0x0000000080001602] -> 0x0000
[1413] [M]: 0x0000000080001600 (0x00000F37) lui t5, 0x0
x30 <- 0x0000000000000000

mem[X,0x0000000080001604] -> 0x0F13
mem[X,0x0000000080001606] -> 0x008F
[1414] [M]: 0x0000000080001604 (0x008F0F13) addi t5, t5, 0x8
x30 <- 0x0000000000000008

mem[X,0x0000000080001608] -> 0x1F13
mem[X,0x000000008000160A] -> 0x00BF
[1415] [M]: 0x0000000080001608 (0x00BF1F13) slli t5, t5, 0xb
x30 <- 0x0000000000004000

mem[X,0x000000008000160C] -> 0x0F13
mem[X,0x000000008000160E] -> 0x7FFF
[1416] [M]: 0x000000008000160C (0x7FFF0F13) addi t5, t5, 0x7ff
x30 <- 0x00000000000047FF

mem[X,0x0000000080001610] -> 0x1F13
mem[X,0x0000000080001612] -> 0x00BF
[1417] [M]: 0x0000000080001610 (0x00BF1F13) slli t5, t5, 0xb
x30 <- 0x00000000023FF800

mem[X,0x0000000080001614] -> 0x0F13
mem[X,0x0000000080001616] -> 0x7FFF
[1418] [M]: 0x0000000080001614 (0x7FFF0F13) addi t5, t5, 0x7ff
x30 <- 0x00000000023FFFFF

mem[X,0x0000000080001618] -> 0x1F13
mem[X,0x000000008000161A] -> 0x00AF
[1419] [M]: 0x0000000080001618 (0x00AF1F13) slli t5, t5, 0xa
x30 <- 0x00000008FFFFFC00

mem[X,0x000000008000161C] -> 0x0F13
mem[X,0x000000008000161E] -> 0x3F8F
[1420] [M]: 0x000000008000161C (0x3F8F0F13) addi t5, t5, 0x3f8
x30 <- 0x00000008FFFFFFF8

mem[X,0x0000000080001620] -> 0xFEB7
mem[X,0x0000000080001622] -> 0xFFFF
[1421] [M]: 0x0000000080001620 (0xFFFFFEB7) lui t4, -0x1
x29 <- 0xFFFFFFFFFFFFF000

mem[X,0x0000000080001624] -> 0x8E93
mem[X,0x0000000080001626] -> 0xFFFE
[1422] [M]: 0x0000000080001624 (0xFFFE8E93) addi t4, t4, -0x1
x29 <- 0xFFFFFFFFFFFFEFFF

mem[X,0x0000000080001628] -> 0x9E93
mem[X,0x000000008000162A] -> 0x00BE
[1423] [M]: 0x0000000080001628 (0x00BE9E93) slli t4, t4, 0xb
x29 <- 0xFFFFFFFFFF7FF800

mem[X,0x000000008000162C] -> 0x8E93
mem[X,0x000000008000162E] -> 0x000E
[1424] [M]: 0x000000008000162C (0x000E8E93) addi t4, t4, 0x0
x29 <- 0xFFFFFFFFFF7FF800

mem[X,0x0000000080001630] -> 0x9E93
mem[X,0x0000000080001632] -> 0x00BE
[1425] [M]: 0x0000000080001630 (0x00BE9E93) slli t4, t4, 0xb
x29 <- 0xFFFFFFFBFFC00000

mem[X,0x0000000080001634] -> 0x8E93
mem[X,0x0000000080001636] -> 0x400E
[1426] [M]: 0x0000000080001634 (0x400E8E93) addi t4, t4, 0x400
x29 <- 0xFFFFFFFBFFC00400

mem[X,0x0000000080001638] -> 0x9E93
mem[X,0x000000008000163A] -> 0x00AE
[1427] [M]: 0x0000000080001638 (0x00AE9E93) slli t4, t4, 0xa
x29 <- 0xFFFFEFFF00100000

mem[X,0x000000008000163C] -> 0x2F9B
mem[X,0x000000008000163E] -> 0xEFDF
[1428] [M]: 0x000000008000163C (0xEFDF2F9B) sha t6, t5, t4
x31 <- 0x00000008FFFFFFF8

mem[X,0x0000000080001640] -> 0xB423
mem[X,0x0000000080001642] -> 0x19F0
[1429] [M]: 0x0000000080001640 (0x19F0B423) sd t6, 0x188(ra)
mem[0x0000000080005388] <- 0x00000008FFFFFFF8

mem[X,0x0000000080001644] -> 0x0F37
mem[X,0x0000000080001646] -> 0x0000
[1430] [M]: 0x0000000080001644 (0x00000F37) lui t5, 0x0
x30 <- 0x0000000000000000

mem[X,0x0000000080001648] -> 0x0F13
mem[X,0x000000008000164A] -> 0x020F
[1431] [M]: 0x0000000080001648 (0x020F0F13) addi t5, t5, 0x20
x30 <- 0x0000000000000020

mem[X,0x000000008000164C] -> 0x1F13
mem[X,0x000000008000164E] -> 0x00BF
[1432] [M]: 0x000000008000164C (0x00BF1F13) slli t5, t5, 0xb
x30 <- 0x0000000000010000

mem[X,0x0000000080001650] -> 0x0F13
mem[X,0x0000000080001652] -> 0x7FFF
[1433] [M]: 0x0000000080001650 (0x7FFF0F13) addi t5, t5, 0x7ff
x30 <- 0x00000000000107FF

mem[X,0x0000000080001654] -> 0x1F13
mem[X,0x0000000080001656] -> 0x00BF
[1434] [M]: 0x0000000080001654 (0x00BF1F13) slli t5, t5, 0xb
x30 <- 0x00000000083FF800

mem[X,0x0000000080001658] -> 0x0F13
mem[X,0x000000008000165A] -> 0x7FFF
[1435] [M]: 0x0000000080001658 (0x7FFF0F13) addi t5, t5, 0x7ff
x30 <- 0x00000000083FFFFF

mem[X,0x000000008000165C] -> 0x1F13
mem[X,0x000000008000165E] -> 0x00AF
[1436] [M]: 0x000000008000165C (0x00AF1F13) slli t5, t5, 0xa
x30 <- 0x00000020FFFFFC00

mem[X,0x0000000080001660] -> 0x0F13
mem[X,0x0000000080001662] -> 0x3BFF
[1437] [M]: 0x0000000080001660 (0x3BFF0F13) addi t5, t5, 0x3bf
x30 <- 0x00000020FFFFFFBF

mem[X,0x0000000080001664] -> 0x0E93
mem[X,0x0000000080001666] -> 0xFFF0
[1438] [M]: 0x0000000080001664 (0xFFF00E93) addi t4, zero, -0x1
x29 <- 0xFFFFFFFFFFFFFFFF

mem[X,0x0000000080001668] -> 0x9E93
mem[X,0x000000008000166A] -> 0x01EE
[1439] [M]: 0x0000000080001668 (0x01EE9E93) slli t4, t4, 0x1e
x29 <- 0xFFFFFFFFC0000000

mem[X,0x000000008000166C] -> 0x2F9B
mem[X,0x000000008000166E] -> 0xEFDF
[1440] [M]: 0x000000008000166C (0xEFDF2F9B) sha t6, t5, t4
x31 <- 0x00000020FFFFFFBF

mem[X,0x0000000080001670] -> 0xB823
mem[X,0x0000000080001672] -> 0x19F0
[1441] [M]: 0x0000000080001670 (0x19F0B823) sd t6, 0x190(ra)
mem[0x0000000080005390] <- 0x00000020FFFFFFBF

mem[X,0x0000000080001674] -> 0x0F37
mem[X,0x0000000080001676] -> 0x0000
[1442] [M]: 0x0000000080001674 (0x00000F37) lui t5, 0x0
x30 <- 0x0000000000000000

mem[X,0x0000000080001678] -> 0x0F13
mem[X,0x000000008000167A] -> 0x080F
[1443] [M]: 0x0000000080001678 (0x080F0F13) addi t5, t5, 0x80
x30 <- 0x0000000000000080

mem[X,0x000000008000167C] -> 0x1F13
mem[X,0x000000008000167E] -> 0x00BF
[1444] [M]: 0x000000008000167C (0x00BF1F13) slli t5, t5, 0xb
x30 <- 0x0000000000040000

mem[X,0x0000000080001680] -> 0x0F13
mem[X,0x0000000080001682] -> 0x000F
[1445] [M]: 0x0000000080001680 (0x000F0F13) addi t5, t5, 0x0
x30 <- 0x0000000000040000

mem[X,0x0000000080001684] -> 0x1F13
mem[X,0x0000000080001686] -> 0x00BF
[1446] [M]: 0x0000000080001684 (0x00BF1F13) slli t5, t5, 0xb
x30 <- 0x0000000020000000

mem[X,0x0000000080001688] -> 0x0F13
mem[X,0x000000008000168A] -> 0x000F
[1447] [M]: 0x0000000080001688 (0x000F0F13) addi t5, t5, 0x0
x30 <- 0x0000000020000000

mem[X,0x000000008000168C] -> 0x1F13
mem[X,0x000000008000168E] -> 0x00AF
[1448] [M]: 0x000000008000168C (0x00AF1F13) slli t5, t5, 0xa
x30 <- 0x0000008000000000

mem[X,0x0000000080001690] -> 0x0F13
mem[X,0x0000000080001692] -> 0x080F
[1449] [M]: 0x0000000080001690 (0x080F0F13) addi t5, t5, 0x80
x30 <- 0x0000008000000080

mem[X,0x0000000080001694] -> 0xFEB7
mem[X,0x0000000080001696] -> 0xFFFF
[1450] [M]: 0x0000000080001694 (0xFFFFFEB7) lui t4, -0x1
x29 <- 0xFFFFFFFFFFFFF000

mem[X,0x0000000080001698] -> 0x8E93
mem[X,0x000000008000169A] -> 0xFFFE
[1451] [M]: 0x0000000080001698 (0xFFFE8E93) addi t4, t4, -0x1
x29 <- 0xFFFFFFFFFFFFEFFF

mem[X,0x000000008000169C] -> 0x9E93
mem[X,0x000000008000169E] -> 0x00BE
[1452] [M]: 0x000000008000169C (0x00BE9E93) slli t4, t4, 0xb
x29 <- 0xFFFFFFFFFF7FF800

mem[X,0x00000000800016A0] -> 0x8E93
mem[X,0x00000000800016A2] -> 0x004E
[1453] [M]: 0x00000000800016A0 (0x004E8E93) addi t4, t4, 0x4
x29 <- 0xFFFFFFFFFF7FF804

mem[X,0x00000000800016A4] -> 0x9E93
mem[X,0x00000000800016A6] -> 0x00BE
[1454] [M]: 0x00000000800016A4 (0x00BE9E93) slli t4, t4, 0xb
x29 <- 0xFFFFFFFBFFC02000

mem[X,0x00000000800016A8] -> 0x8E93
mem[X,0x00000000800016AA] -> 0x000E
[1455] [M]: 0x00000000800016A8 (0x000E8E93) addi t4, t4, 0x0
x29 <- 0xFFFFFFFBFFC02000

mem[X,0x00000000800016AC] -> 0x9E93
mem[X,0x00000000800016AE] -> 0x00AE
[1456] [M]: 0x00000000800016AC (0x00AE9E93) slli t4, t4, 0xa
x29 <- 0xFFFFEFFF00800000

mem[X,0x00000000800016B0] -> 0x2F9B
mem[X,0x00000000800016B2] -> 0xEFDF
[1457] [M]: 0x00000000800016B0 (0xEFDF2F9B) sha t6, t5, t4
x31 <- 0x0000008000000080

mem[X,0x00000000800016B4] -> 0xBC23
mem[X,0x00000000800016B6] -> 0x19F0
[1458] [M]: 0x00000000800016B4 (0x19F0BC23) sd t6, 0x198(ra)
mem[0x0000000080005398] <- 0x0000008000000080

mem[X,0x00000000800016B8] -> 0x0F37
mem[X,0x00000000800016BA] -> 0xFE00
[1459] [M]: 0x00000000800016B8 (0xFE000F37) lui t5, -0x2000
x30 <- 0xFFFFFFFFFE000000

mem[X,0x00000000800016BC] -> 0x0F13
mem[X,0x00000000800016BE] -> 0xFFFF
[1460] [M]: 0x00000000800016BC (0xFFFF0F13) addi t5, t5, -0x1
x30 <- 0xFFFFFFFFFDFFFFFF

mem[X,0x00000000800016C0] -> 0x1F13
mem[X,0x00000000800016C2] -> 0x00BF
[1461] [M]: 0x00000000800016C0 (0x00BF1F13) slli t5, t5, 0xb
x30 <- 0xFFFFFFEFFFFFF800

mem[X,0x00000000800016C4] -> 0x0F13
mem[X,0x00000000800016C6] -> 0x7FFF
[1462] [M]: 0x00000000800016C4 (0x7FFF0F13) addi t5, t5, 0x7ff
x30 <- 0xFFFFFFEFFFFFFFFF

mem[X,0x00000000800016C8] -> 0x1F13
mem[X,0x00000000800016CA] -> 0x00BF
[1463] [M]: 0x00000000800016C8 (0x00BF1F13) slli t5, t5, 0xb
x30 <- 0xFFFF7FFFFFFFF800

mem[X,0x00000000800016CC] -> 0x0F13
mem[X,0x00000000800016CE] -> 0x7FFF
[1464] [M]: 0x00000000800016CC (0x7FFF0F13) addi t5, t5, 0x7ff
x30 <- 0xFFFF7FFFFFFFFFFF

mem[X,0x00000000800016D0] -> 0x1F13
mem[X,0x00000000800016D2] -> 0x00AF
[1465] [M]: 0x00000000800016D0 (0x00AF1F13) slli t5, t5, 0xa
x30 <- 0xFDFFFFFFFFFFFC00

mem[X,0x00000000800016D4] -> 0x0F13
mem[X,0x00000000800016D6] -> 0x37FF
[1466] [M]: 0x00000000800016D4 (0x37FF0F13) addi t5, t5, 0x37f
x30 <- 0xFDFFFFFFFFFFFF7F

mem[X,0x00000000800016D8] -> 0x8EB7
mem[X,0x00000000800016DA] -> 0x0000
[1467] [M]: 0x00000000800016D8 (0x00008EB7) lui t4, 0x8
x29 <- 0x0000000000008000

mem[X,0x00000000800016DC] -> 0x8E93
mem[X,0x00000000800016DE] -> 0x000E
[1468] [M]: 0x00000000800016DC (0x000E8E93) addi t4, t4, 0x0
x29 <- 0x0000000000008000

mem[X,0x00000000800016E0] -> 0x9E93
mem[X,0x00000000800016E2] -> 0x00BE
[1469] [M]: 0x00000000800016E0 (0x00BE9E93) slli t4, t4, 0xb
x29 <- 0x0000000004000000

mem[X,0x00000000800016E4] -> 0x8E93
mem[X,0x00000000800016E6] -> 0x7FFE
[1470] [M]: 0x00000000800016E4 (0x7FFE8E93) addi t4, t4, 0x7ff
x29 <- 0x00000000040007FF

mem[X,0x00000000800016E8] -> 0x9E93
mem[X,0x00000000800016EA] -> 0x00BE
[1471] [M]: 0x00000000800016E8 (0x00BE9E93) slli t4, t4, 0xb
x29 <- 0x00000020003FF800

mem[X,0x00000000800016EC] -> 0x8E93
mem[X,0x00000000800016EE] -> 0x7FFE
[1472] [M]: 0x00000000800016EC (0x7FFE8E93) addi t4, t4, 0x7ff
x29 <- 0x00000020003FFFFF

mem[X,0x00000000800016F0] -> 0x9E93
mem[X,0x00000000800016F2] -> 0x00AE
[1473] [M]: 0x00000000800016F0 (0x00AE9E93) slli t4, t4, 0xa
x29 <- 0x00008000FFFFFC00

mem[X,0x00000000800016F4] -> 0x8E93
mem[X,0x00000000800016F6] -> 0x3F9E
[1474] [M]: 0x00000000800016F4 (0x3F9E8E93) addi t4, t4, 0x3f9
x29 <- 0x00008000FFFFFFF9

mem[X,0x00000000800016F8] -> 0x2F9B
mem[X,0x00000000800016FA] -> 0xEFDF
[1475] [M]: 0x00000000800016F8 (0xEFDF2F9B) sha t6, t5, t4
x31 <- 0xFFFBFFFFFFFFFFFE

mem[X,0x00000000800016FC] -> 0xB023
mem[X,0x00000000800016FE] -> 0x1BF0
[1476] [M]: 0x00000000800016FC (0x1BF0B023) sd t6, 0x1a0(ra)
mem[0x00000000800053A0] <- 0xFFFBFFFFFFFFFFFE

mem[X,0x0000000080001700] -> 0x0F37
mem[X,0x0000000080001702] -> 0xFC00
[1477] [M]: 0x0000000080001700 (0xFC000F37) lui t5, -0x4000
x30 <- 0xFFFFFFFFFC000000

mem[X,0x0000000080001704] -> 0x0F13
mem[X,0x0000000080001706] -> 0xFFFF
[1478] [M]: 0x0000000080001704 (0xFFFF0F13) addi t5, t5, -0x1
x30 <- 0xFFFFFFFFFBFFFFFF

mem[X,0x0000000080001708] -> 0x1F13
mem[X,0x000000008000170A] -> 0x00BF
[1479] [M]: 0x0000000080001708 (0x00BF1F13) slli t5, t5, 0xb
x30 <- 0xFFFFFFDFFFFFF800

mem[X,0x000000008000170C] -> 0x0F13
mem[X,0x000000008000170E] -> 0x5FFF
[1480] [M]: 0x000000008000170C (0x5FFF0F13) addi t5, t5, 0x5ff
x30 <- 0xFFFFFFDFFFFFFDFF

mem[X,0x0000000080001710] -> 0x1F13
mem[X,0x0000000080001712] -> 0x00BF
[1481] [M]: 0x0000000080001710 (0x00BF1F13) slli t5, t5, 0xb
x30 <- 0xFFFEFFFFFFEFF800

mem[X,0x0000000080001714] -> 0x0F13
mem[X,0x0000000080001716] -> 0x7FFF
[1482] [M]: 0x0000000080001714 (0x7FFF0F13) addi t5, t5, 0x7ff
x30 <- 0xFFFEFFFFFFEFFFFF

mem[X,0x0000000080001718] -> 0x1F13
mem[X,0x000000008000171A] -> 0x00AF
[1483] [M]: 0x0000000080001718 (0x00AF1F13) slli t5, t5, 0xa
x30 <- 0xFBFFFFFFBFFFFC00

mem[X,0x000000008000171C] -> 0x0F13
mem[X,0x000000008000171E] -> 0x3FFF
[1484] [M]: 0x000000008000171C (0x3FFF0F13) addi t5, t5, 0x3ff
x30 <- 0xFBFFFFFFBFFFFFFF

mem[X,0x0000000080001720] -> 0x0E93
mem[X,0x0000000080001722] -> 0x0050
[1485] [M]: 0x0000000080001720 (0x00500E93) addi t4, zero, 0x5
x29 <- 0x0000000000000005

mem[X,0x0000000080001724] -> 0x2F9B
mem[X,0x0000000080001726] -> 0xEFDF
[1486] [M]: 0x0000000080001724 (0xEFDF2F9B) sha t6, t5, t4
x31 <- 0x7FFFFFF7FFFFFFE0

mem[X,0x0000000080001728] -> 0xB423
mem[X,0x000000008000172A] -> 0x1BF0
[1487] [M]: 0x0000000080001728 (0x1BF0B423) sd t6, 0x1a8(ra)
mem[0x00000000800053A8] <- 0x7FFFFFF7FFFFFFE0

mem[X,0x000000008000172C] -> 0x0F37
mem[X,0x000000008000172E] -> 0xF000
[1488] [M]: 0x000000008000172C (0xF0000F37) lui t5, -0x10000
x30 <- 0xFFFFFFFFF0000000

mem[X,0x0000000080001730] -> 0x0F13
mem[X,0x0000000080001732] -> 0xFFFF
[1489] [M]: 0x0000000080001730 (0xFFFF0F13) addi t5, t5, -0x1
x30 <- 0xFFFFFFFFEFFFFFFF

mem[X,0x0000000080001734] -> 0x1F13
mem[X,0x0000000080001736] -> 0x00BF
[1490] [M]: 0x0000000080001734 (0x00BF1F13) slli t5, t5, 0xb
x30 <- 0xFFFFFF7FFFFFF800

mem[X,0x0000000080001738] -> 0x0F13
mem[X,0x000000008000173A] -> 0x000F
[1491] [M]: 0x0000000080001738 (0x000F0F13) addi t5, t5, 0x0
x30 <- 0xFFFFFF7FFFFFF800

mem[X,0x000000008000173C] -> 0x1F13
mem[X,0x000000008000173E] -> 0x00BF
[1492] [M]: 0x000000008000173C (0x00BF1F13) slli t5, t5, 0xb
x30 <- 0xFFFBFFFFFFC00000

mem[X,0x0000000080001740] -> 0x0F13
mem[X,0x0000000080001742] -> 0x004F
[1493] [M]: 0x0000000080001740 (0x004F0F13) addi t5, t5, 0x4
x30 <- 0xFFFBFFFFFFC00004

mem[X,0x0000000080001744] -> 0x1F13
mem[X,0x0000000080001746] -> 0x00AF
[1494] [M]: 0x0000000080001744 (0x00AF1F13) slli t5, t5, 0xa
x30 <- 0xEFFFFFFF00001000

mem[X,0x0000000080001748] -> 0x0EB7
mem[X,0x000000008000174A] -> 0xE000
[1495] [M]: 0x0000000080001748 (0xE0000EB7) lui t4, -0x20000
x29 <- 0xFFFFFFFFE0000000

mem[X,0x000000008000174C] -> 0x8E93
mem[X,0x000000008000174E] -> 0xFFFE
[1496] [M]: 0x000000008000174C (0xFFFE8E93) addi t4, t4, -0x1
x29 <- 0xFFFFFFFFDFFFFFFF

mem[X,0x0000000080001750] -> 0x9E93
mem[X,0x0000000080001752] -> 0x00BE
[1497] [M]: 0x0000000080001750 (0x00BE9E93) slli t4, t4, 0xb
x29 <- 0xFFFFFEFFFFFFF800

mem[X,0x0000000080001754] -> 0x8E93
mem[X,0x0000000080001756] -> 0x7FFE
[1498] [M]: 0x0000000080001754 (0x7FFE8E93) addi t4, t4, 0x7ff
x29 <- 0xFFFFFEFFFFFFFFFF

mem[X,0x0000000080001758] -> 0x9E93
mem[X,0x000000008000175A] -> 0x00BE
[1499] [M]: 0x0000000080001758 (0x00BE9E93) slli t4, t4, 0xb
x29 <- 0xFFF7FFFFFFFFF800

clint::tick mtime <- 0x000000000000000F
 clint timer pending at mtime 0x000000000000000F
htif::tick 0x0000000000000000
mem[X,0x000000008000175C] -> 0x8E93
mem[X,0x000000008000175E] -> 0x7FFE
[1500] [M]: 0x000000008000175C (0x7FFE8E93) addi t4, t4, 0x7ff
x29 <- 0xFFF7FFFFFFFFFFFF

mem[X,0x0000000080001760] -> 0x9E93
mem[X,0x0000000080001762] -> 0x00AE
[1501] [M]: 0x0000000080001760 (0x00AE9E93) slli t4, t4, 0xa
x29 <- 0xDFFFFFFFFFFFFC00

mem[X,0x0000000080001764] -> 0x8E93
mem[X,0x0000000080001766] -> 0x3EFE
[1502] [M]: 0x0000000080001764 (0x3EFE8E93) addi t4, t4, 0x3ef
x29 <- 0xDFFFFFFFFFFFFFEF

mem[X,0x0000000080001768] -> 0x2F9B
mem[X,0x000000008000176A] -> 0xEFDF
[1503] [M]: 0x0000000080001768 (0xEFDF2F9B) sha t6, t5, t4
x31 <- 0xFFFFF7FFFFFF8000

mem[X,0x000000008000176C] -> 0xB823
mem[X,0x000000008000176E] -> 0x1BF0
[1504] [M]: 0x000000008000176C (0x1BF0B823) sd t6, 0x1b0(ra)
mem[0x00000000800053B0] <- 0xFFFFF7FFFFFF8000

mem[X,0x0000000080001770] -> 0xBF37
mem[X,0x0000000080001772] -> 0xAAAA
[1505] [M]: 0x0000000080001770 (0xAAAABF37) lui t5, -0x55555
x30 <- 0xFFFFFFFFAAAAB000

mem[X,0x0000000080001774] -> 0x0F13
mem[X,0x0000000080001776] -> 0xAAAF
[1506] [M]: 0x0000000080001774 (0xAAAF0F13) addi t5, t5, -0x556
x30 <- 0xFFFFFFFFAAAAAAAA

mem[X,0x0000000080001778] -> 0x1F13
mem[X,0x000000008000177A] -> 0x00BF
[1507] [M]: 0x0000000080001778 (0x00BF1F13) slli t5, t5, 0xb
x30 <- 0xFFFFFD5555555000

mem[X,0x000000008000177C] -> 0x0F13
mem[X,0x000000008000177E] -> 0x5FFF
[1508] [M]: 0x000000008000177C (0x5FFF0F13) addi t5, t5, 0x5ff
x30 <- 0xFFFFFD55555555FF

mem[X,0x0000000080001780] -> 0x1F13
mem[X,0x0000000080001782] -> 0x00BF
[1509] [M]: 0x0000000080001780 (0x00BF1F13) slli t5, t5, 0xb
x30 <- 0xFFEAAAAAAAAFF800

mem[X,0x0000000080001784] -> 0x0F13
mem[X,0x0000000080001786] -> 0x7FFF
[1510] [M]: 0x0000000080001784 (0x7FFF0F13) addi t5, t5, 0x7ff
x30 <- 0xFFEAAAAAAAAFFFFF

mem[X,0x0000000080001788] -> 0x1F13
mem[X,0x000000008000178A] -> 0x00AF
[1511] [M]: 0x0000000080001788 (0x00AF1F13) slli t5, t5, 0xa
x30 <- 0xAAAAAAAABFFFFC00

mem[X,0x000000008000178C] -> 0x0F13
mem[X,0x000000008000178E] -> 0x3FFF
[1512] [M]: 0x000000008000178C (0x3FFF0F13) addi t5, t5, 0x3ff
x30 <- 0xAAAAAAAABFFFFFFF

mem[X,0x0000000080001790] -> 0x0EB7
mem[X,0x0000000080001792] -> 0x0000
[1513] [M]: 0x0000000080001790 (0x00000EB7) lui t4, 0x0
x29 <- 0x0000000000000000

mem[X,0x0000000080001794] -> 0x8E93
mem[X,0x0000000080001796] -> 0x040E
[1514] [M]: 0x0000000080001794 (0x040E8E93) addi t4, t4, 0x40
x29 <- 0x0000000000000040

mem[X,0x0000000080001798] -> 0x9E93
mem[X,0x000000008000179A] -> 0x00BE
[1515] [M]: 0x0000000080001798 (0x00BE9E93) slli t4, t4, 0xb
x29 <- 0x0000000000020000

mem[X,0x000000008000179C] -> 0x8E93
mem[X,0x000000008000179E] -> 0x7FFE
[1516] [M]: 0x000000008000179C (0x7FFE8E93) addi t4, t4, 0x7ff
x29 <- 0x00000000000207FF

mem[X,0x00000000800017A0] -> 0x9E93
mem[X,0x00000000800017A2] -> 0x00BE
[1517] [M]: 0x00000000800017A0 (0x00BE9E93) slli t4, t4, 0xb
x29 <- 0x00000000103FF800

mem[X,0x00000000800017A4] -> 0x8E93
mem[X,0x00000000800017A6] -> 0x7FFE
[1518] [M]: 0x00000000800017A4 (0x7FFE8E93) addi t4, t4, 0x7ff
x29 <- 0x00000000103FFFFF

mem[X,0x00000000800017A8] -> 0x9E93
mem[X,0x00000000800017AA] -> 0x00AE
[1519] [M]: 0x00000000800017A8 (0x00AE9E93) slli t4, t4, 0xa
x29 <- 0x00000040FFFFFC00

mem[X,0x00000000800017AC] -> 0x8E93
mem[X,0x00000000800017AE] -> 0x3FBE
[1520] [M]: 0x00000000800017AC (0x3FBE8E93) addi t4, t4, 0x3fb
x29 <- 0x00000040FFFFFFFB

mem[X,0x00000000800017B0] -> 0x2F9B
mem[X,0x00000000800017B2] -> 0xEFDF
[1521] [M]: 0x00000000800017B0 (0xEFDF2F9B) sha t6, t5, t4
x31 <- 0xFD55555555FFFFFF

mem[X,0x00000000800017B4] -> 0xBC23
mem[X,0x00000000800017B6] -> 0x1BF0
[1522] [M]: 0x00000000800017B4 (0x1BF0BC23) sd t6, 0x1b8(ra)
mem[0x00000000800053B8] <- 0xFD55555555FFFFFF

mem[X,0x00000000800017B8] -> 0x0F37
mem[X,0x00000000800017BA] -> 0xFC00
[1523] [M]: 0x00000000800017B8 (0xFC000F37) lui t5, -0x4000
x30 <- 0xFFFFFFFFFC000000

mem[X,0x00000000800017BC] -> 0x0F13
mem[X,0x00000000800017BE] -> 0xFFFF
[1524] [M]: 0x00000000800017BC (0xFFFF0F13) addi t5, t5, -0x1
x30 <- 0xFFFFFFFFFBFFFFFF

mem[X,0x00000000800017C0] -> 0x1F13
mem[X,0x00000000800017C2] -> 0x00BF
[1525] [M]: 0x00000000800017C0 (0x00BF1F13) slli t5, t5, 0xb
x30 <- 0xFFFFFFDFFFFFF800

mem[X,0x00000000800017C4] -> 0x0F13
mem[X,0x00000000800017C6] -> 0x7FFF
[1526] [M]: 0x00000000800017C4 (0x7FFF0F13) addi t5, t5, 0x7ff
x30 <- 0xFFFFFFDFFFFFFFFF

mem[X,0x00000000800017C8] -> 0x1F13
mem[X,0x00000000800017CA] -> 0x00BF
[1527] [M]: 0x00000000800017C8 (0x00BF1F13) slli t5, t5, 0xb
x30 <- 0xFFFEFFFFFFFFF800

mem[X,0x00000000800017CC] -> 0x0F13
mem[X,0x00000000800017CE] -> 0x6FFF
[1528] [M]: 0x00000000800017CC (0x6FFF0F13) addi t5, t5, 0x6ff
x30 <- 0xFFFEFFFFFFFFFEFF

mem[X,0x00000000800017D0] -> 0x1F13
mem[X,0x00000000800017D2] -> 0x00AF
[1529] [M]: 0x00000000800017D0 (0x00AF1F13) slli t5, t5, 0xa
x30 <- 0xFBFFFFFFFFFBFC00

mem[X,0x00000000800017D4] -> 0x0F13
mem[X,0x00000000800017D6] -> 0x3FFF
[1530] [M]: 0x00000000800017D4 (0x3FFF0F13) addi t5, t5, 0x3ff
x30 <- 0xFBFFFFFFFFFBFFFF

mem[X,0x00000000800017D8] -> 0x0E93
mem[X,0x00000000800017DA] -> 0xFFF0
[1531] [M]: 0x00000000800017D8 (0xFFF00E93) addi t4, zero, -0x1
x29 <- 0xFFFFFFFFFFFFFFFF

mem[X,0x00000000800017DC] -> 0xDE93
mem[X,0x00000000800017DE] -> 0x03DE
[1532] [M]: 0x00000000800017DC (0x03DEDE93) srli t4, t4, 0x3d
x29 <- 0x0000000000000007

mem[X,0x00000000800017E0] -> 0x9E93
mem[X,0x00000000800017E2] -> 0x01FE
[1533] [M]: 0x00000000800017E0 (0x01FE9E93) slli t4, t4, 0x1f
x29 <- 0x0000000380000000

mem[X,0x00000000800017E4] -> 0xCE93
mem[X,0x00000000800017E6] -> 0xFFFE
[1534] [M]: 0x00000000800017E4 (0xFFFECE93) xori t4, t4, -0x1
x29 <- 0xFFFFFFFC7FFFFFFF

mem[X,0x00000000800017E8] -> 0x2F9B
mem[X,0x00000000800017EA] -> 0xEFDF
[1535] [M]: 0x00000000800017E8 (0xEFDF2F9B) sha t6, t5, t4
x31 <- 0xFDFFFFFFFFFDFFFF

mem[X,0x00000000800017EC] -> 0xB023
mem[X,0x00000000800017EE] -> 0x1DF0
[1536] [M]: 0x00000000800017EC (0x1DF0B023) sd t6, 0x1c0(ra)
mem[0x00000000800053C0] <- 0xFDFFFFFFFFFDFFFF

mem[X,0x00000000800017F0] -> 0x0F37
mem[X,0x00000000800017F2] -> 0x0000
[1537] [M]: 0x00000000800017F0 (0x00000F37) lui t5, 0x0
x30 <- 0x0000000000000000

mem[X,0x00000000800017F4] -> 0x0F13
mem[X,0x00000000800017F6] -> 0x200F
[1538] [M]: 0x00000000800017F4 (0x200F0F13) addi t5, t5, 0x200
x30 <- 0x0000000000000200

mem[X,0x00000000800017F8] -> 0x1F13
mem[X,0x00000000800017FA] -> 0x00BF
[1539] [M]: 0x00000000800017F8 (0x00BF1F13) slli t5, t5, 0xb
x30 <- 0x0000000000100000

mem[X,0x00000000800017FC] -> 0x0F13
mem[X,0x00000000800017FE] -> 0x7FFF
[1540] [M]: 0x00000000800017FC (0x7FFF0F13) addi t5, t5, 0x7ff
x30 <- 0x00000000001007FF

mem[X,0x0000000080001800] -> 0x1F13
mem[X,0x0000000080001802] -> 0x00BF
[1541] [M]: 0x0000000080001800 (0x00BF1F13) slli t5, t5, 0xb
x30 <- 0x00000000803FF800

mem[X,0x0000000080001804] -> 0x0F13
mem[X,0x0000000080001806] -> 0x7DFF
[1542] [M]: 0x0000000080001804 (0x7DFF0F13) addi t5, t5, 0x7df
x30 <- 0x00000000803FFFDF

mem[X,0x0000000080001808] -> 0x1F13
mem[X,0x000000008000180A] -> 0x00AF
[1543] [M]: 0x0000000080001808 (0x00AF1F13) slli t5, t5, 0xa
x30 <- 0x00000200FFFF7C00

mem[X,0x000000008000180C] -> 0x0F13
mem[X,0x000000008000180E] -> 0x3FFF
[1544] [M]: 0x000000008000180C (0x3FFF0F13) addi t5, t5, 0x3ff
x30 <- 0x00000200FFFF7FFF

mem[X,0x0000000080001810] -> 0x0EB7
mem[X,0x0000000080001812] -> 0x0000
[1545] [M]: 0x0000000080001810 (0x00000EB7) lui t4, 0x0
x29 <- 0x0000000000000000

mem[X,0x0000000080001814] -> 0x8E93
mem[X,0x0000000080001816] -> 0xFFDE
[1546] [M]: 0x0000000080001814 (0xFFDE8E93) addi t4, t4, -0x3
x29 <- 0xFFFFFFFFFFFFFFFD

mem[X,0x0000000080001818] -> 0x9E93
mem[X,0x000000008000181A] -> 0x00BE
[1547] [M]: 0x0000000080001818 (0x00BE9E93) slli t4, t4, 0xb
x29 <- 0xFFFFFFFFFFFFE800

mem[X,0x000000008000181C] -> 0x8E93
mem[X,0x000000008000181E] -> 0x000E
[1548] [M]: 0x000000008000181C (0x000E8E93) addi t4, t4, 0x0
x29 <- 0xFFFFFFFFFFFFE800

mem[X,0x0000000080001820] -> 0x9E93
mem[X,0x0000000080001822] -> 0x00BE
[1549] [M]: 0x0000000080001820 (0x00BE9E93) slli t4, t4, 0xb
x29 <- 0xFFFFFFFFFF400000

mem[X,0x0000000080001824] -> 0x8E93
mem[X,0x0000000080001826] -> 0x000E
[1550] [M]: 0x0000000080001824 (0x000E8E93) addi t4, t4, 0x0
x29 <- 0xFFFFFFFFFF400000

mem[X,0x0000000080001828] -> 0x9E93
mem[X,0x000000008000182A] -> 0x00AE
[1551] [M]: 0x0000000080001828 (0x00AE9E93) slli t4, t4, 0xa
x29 <- 0xFFFFFFFD00000000

mem[X,0x000000008000182C] -> 0x8E93
mem[X,0x000000008000182E] -> 0x002E
[1552] [M]: 0x000000008000182C (0x002E8E93) addi t4, t4, 0x2
x29 <- 0xFFFFFFFD00000002

mem[X,0x0000000080001830] -> 0x2F9B
mem[X,0x0000000080001832] -> 0xEFDF
[1553] [M]: 0x0000000080001830 (0xEFDF2F9B) sha t6, t5, t4
x31 <- 0x00000803FFFDFFFC

mem[X,0x0000000080001834] -> 0xB423
mem[X,0x0000000080001836] -> 0x1DF0
[1554] [M]: 0x0000000080001834 (0x1DF0B423) sd t6, 0x1c8(ra)
mem[0x00000000800053C8] <- 0x00000803FFFDFFFC

mem[X,0x0000000080001838] -> 0x0F37
mem[X,0x000000008000183A] -> 0x0000
[1555] [M]: 0x0000000080001838 (0x00000F37) lui t5, 0x0
x30 <- 0x0000000000000000

mem[X,0x000000008000183C] -> 0x0F13
mem[X,0x000000008000183E] -> 0x002F
[1556] [M]: 0x000000008000183C (0x002F0F13) addi t5, t5, 0x2
x30 <- 0x0000000000000002

mem[X,0x0000000080001840] -> 0x1F13
mem[X,0x0000000080001842] -> 0x00BF
[1557] [M]: 0x0000000080001840 (0x00BF1F13) slli t5, t5, 0xb
x30 <- 0x0000000000001000

mem[X,0x0000000080001844] -> 0x0F13
mem[X,0x0000000080001846] -> 0x7FFF
[1558] [M]: 0x0000000080001844 (0x7FFF0F13) addi t5, t5, 0x7ff
x30 <- 0x00000000000017FF

mem[X,0x0000000080001848] -> 0x1F13
mem[X,0x000000008000184A] -> 0x00BF
[1559] [M]: 0x0000000080001848 (0x00BF1F13) slli t5, t5, 0xb
x30 <- 0x0000000000BFF800

mem[X,0x000000008000184C] -> 0x0F13
mem[X,0x000000008000184E] -> 0x77FF
[1560] [M]: 0x000000008000184C (0x77FF0F13) addi t5, t5, 0x77f
x30 <- 0x0000000000BFFF7F

mem[X,0x0000000080001850] -> 0x1F13
mem[X,0x0000000080001852] -> 0x00AF
[1561] [M]: 0x0000000080001850 (0x00AF1F13) slli t5, t5, 0xa
x30 <- 0x00000002FFFDFC00

mem[X,0x0000000080001854] -> 0x0F13
mem[X,0x0000000080001856] -> 0x3FFF
[1562] [M]: 0x0000000080001854 (0x3FFF0F13) addi t5, t5, 0x3ff
x30 <- 0x00000002FFFDFFFF

mem[X,0x0000000080001858] -> 0x0EB7
mem[X,0x000000008000185A] -> 0x0000
[1563] [M]: 0x0000000080001858 (0x00000EB7) lui t4, 0x0
x29 <- 0x0000000000000000

mem[X,0x000000008000185C] -> 0x8E93
mem[X,0x000000008000185E] -> 0xFBFE
[1564] [M]: 0x000000008000185C (0xFBFE8E93) addi t4, t4, -0x41
x29 <- 0xFFFFFFFFFFFFFFBF

mem[X,0x0000000080001860] -> 0x9E93
mem[X,0x0000000080001862] -> 0x00BE
[1565] [M]: 0x0000000080001860 (0x00BE9E93) slli t4, t4, 0xb
x29 <- 0xFFFFFFFFFFFDF800

mem[X,0x0000000080001864] -> 0x8E93
mem[X,0x0000000080001866] -> 0x000E
[1566] [M]: 0x0000000080001864 (0x000E8E93) addi t4, t4, 0x0
x29 <- 0xFFFFFFFFFFFDF800

mem[X,0x0000000080001868] -> 0x9E93
mem[X,0x000000008000186A] -> 0x00BE
[1567] [M]: 0x0000000080001868 (0x00BE9E93) slli t4, t4, 0xb
x29 <- 0xFFFFFFFFEFC00000

mem[X,0x000000008000186C] -> 0x8E93
mem[X,0x000000008000186E] -> 0x000E
[1568] [M]: 0x000000008000186C (0x000E8E93) addi t4, t4, 0x0
x29 <- 0xFFFFFFFFEFC00000

mem[X,0x0000000080001870] -> 0x9E93
mem[X,0x0000000080001872] -> 0x00AE
[1569] [M]: 0x0000000080001870 (0x00AE9E93) slli t4, t4, 0xa
x29 <- 0xFFFFFFBF00000000

mem[X,0x0000000080001874] -> 0x8E93
mem[X,0x0000000080001876] -> 0x004E
[1570] [M]: 0x0000000080001874 (0x004E8E93) addi t4, t4, 0x4
x29 <- 0xFFFFFFBF00000004

mem[X,0x0000000080001878] -> 0x2F9B
mem[X,0x000000008000187A] -> 0xEFDF
[1571] [M]: 0x0000000080001878 (0xEFDF2F9B) sha t6, t5, t4
x31 <- 0x0000002FFFDFFFF0

mem[X,0x000000008000187C] -> 0xB823
mem[X,0x000000008000187E] -> 0x1DF0
[1572] [M]: 0x000000008000187C (0x1DF0B823) sd t6, 0x1d0(ra)
mem[0x00000000800053D0] <- 0x0000002FFFDFFFF0

mem[X,0x0000000080001880] -> 0x0F37
mem[X,0x0000000080001882] -> 0xFC00
[1573] [M]: 0x0000000080001880 (0xFC000F37) lui t5, -0x4000
x30 <- 0xFFFFFFFFFC000000

mem[X,0x0000000080001884] -> 0x0F13
mem[X,0x0000000080001886] -> 0xFFFF
[1574] [M]: 0x0000000080001884 (0xFFFF0F13) addi t5, t5, -0x1
x30 <- 0xFFFFFFFFFBFFFFFF

mem[X,0x0000000080001888] -> 0x1F13
mem[X,0x000000008000188A] -> 0x00BF
[1575] [M]: 0x0000000080001888 (0x00BF1F13) slli t5, t5, 0xb
x30 <- 0xFFFFFFDFFFFFF800

mem[X,0x000000008000188C] -> 0x0F13
mem[X,0x000000008000188E] -> 0x000F
[1576] [M]: 0x000000008000188C (0x000F0F13) addi t5, t5, 0x0
x30 <- 0xFFFFFFDFFFFFF800

mem[X,0x0000000080001890] -> 0x1F13
mem[X,0x0000000080001892] -> 0x00BF
[1577] [M]: 0x0000000080001890 (0x00BF1F13) slli t5, t5, 0xb
x30 <- 0xFFFEFFFFFFC00000

mem[X,0x0000000080001894] -> 0x0F13
mem[X,0x0000000080001896] -> 0x000F
[1578] [M]: 0x0000000080001894 (0x000F0F13) addi t5, t5, 0x0
x30 <- 0xFFFEFFFFFFC00000

mem[X,0x0000000080001898] -> 0x1F13
mem[X,0x000000008000189A] -> 0x00AF
[1579] [M]: 0x0000000080001898 (0x00AF1F13) slli t5, t5, 0xa
x30 <- 0xFBFFFFFF00000000

mem[X,0x000000008000189C] -> 0x0F13
mem[X,0x000000008000189E] -> 0x008F
[1580] [M]: 0x000000008000189C (0x008F0F13) addi t5, t5, 0x8
x30 <- 0xFBFFFFFF00000008

mem[X,0x00000000800018A0] -> 0x0EB7
mem[X,0x00000000800018A2] -> 0x0C00
[1581] [M]: 0x00000000800018A0 (0x0C000EB7) lui t4, 0xc000
x29 <- 0x000000000C000000

mem[X,0x00000000800018A4] -> 0x8E93
mem[X,0x00000000800018A6] -> 0x001E
[1582] [M]: 0x00000000800018A4 (0x001E8E93) addi t4, t4, 0x1
x29 <- 0x000000000C000001

mem[X,0x00000000800018A8] -> 0x9E93
mem[X,0x00000000800018AA] -> 0x006E
[1583] [M]: 0x00000000800018A8 (0x006E9E93) slli t4, t4, 0x6
x29 <- 0x0000000300000040

mem[X,0x00000000800018AC] -> 0x2F9B
mem[X,0x00000000800018AE] -> 0xEFDF
[1584] [M]: 0x00000000800018AC (0xEFDF2F9B) sha t6, t5, t4
x31 <- 0xFBFFFFFF00000008

mem[X,0x00000000800018B0] -> 0xBC23
mem[X,0x00000000800018B2] -> 0x1DF0
[1585] [M]: 0x00000000800018B0 (0x1DF0BC23) sd t6, 0x1d8(ra)
mem[0x00000000800053D8] <- 0xFBFFFFFF00000008

mem[X,0x00000000800018B4] -> 0x0F37
mem[X,0x00000000800018B6] -> 0x0000
[1586] [M]: 0x00000000800018B4 (0x00000F37) lui t5, 0x0
x30 <- 0x0000000000000000

mem[X,0x00000000800018B8] -> 0x0F13
mem[X,0x00000000800018BA] -> 0xFF7F
[1587] [M]: 0x00000000800018B8 (0xFF7F0F13) addi t5, t5, -0x9
x30 <- 0xFFFFFFFFFFFFFFF7

mem[X,0x00000000800018BC] -> 0x1F13
mem[X,0x00000000800018BE] -> 0x00BF
[1588] [M]: 0x00000000800018BC (0x00BF1F13) slli t5, t5, 0xb
x30 <- 0xFFFFFFFFFFFFB800

mem[X,0x00000000800018C0] -> 0x0F13
mem[X,0x00000000800018C2] -> 0x000F
[1589] [M]: 0x00000000800018C0 (0x000F0F13) addi t5, t5, 0x0
x30 <- 0xFFFFFFFFFFFFB800

mem[X,0x00000000800018C4] -> 0x1F13
mem[X,0x00000000800018C6] -> 0x00BF
[1590] [M]: 0x00000000800018C4 (0x00BF1F13) slli t5, t5, 0xb
x30 <- 0xFFFFFFFFFDC00000

mem[X,0x00000000800018C8] -> 0x0F13
mem[X,0x00000000800018CA] -> 0x100F
[1591] [M]: 0x00000000800018C8 (0x100F0F13) addi t5, t5, 0x100
x30 <- 0xFFFFFFFFFDC00100

mem[X,0x00000000800018CC] -> 0x1F13
mem[X,0x00000000800018CE] -> 0x00AF
[1592] [M]: 0x00000000800018CC (0x00AF1F13) slli t5, t5, 0xa
x30 <- 0xFFFFFFF700040000

mem[X,0x00000000800018D0] -> 0x0EB7
mem[X,0x00000000800018D2] -> 0x0100
[1593] [M]: 0x00000000800018D0 (0x01000EB7) lui t4, 0x1000
x29 <- 0x0000000001000000

mem[X,0x00000000800018D4] -> 0x8E93
mem[X,0x00000000800018D6] -> 0x000E
[1594] [M]: 0x00000000800018D4 (0x000E8E93) addi t4, t4, 0x0
x29 <- 0x0000000001000000

mem[X,0x00000000800018D8] -> 0x9E93
mem[X,0x00000000800018DA] -> 0x00BE
[1595] [M]: 0x00000000800018D8 (0x00BE9E93) slli t4, t4, 0xb
x29 <- 0x0000000800000000

mem[X,0x00000000800018DC] -> 0x8E93
mem[X,0x00000000800018DE] -> 0x000E
[1596] [M]: 0x00000000800018DC (0x000E8E93) addi t4, t4, 0x0
x29 <- 0x0000000800000000

mem[X,0x00000000800018E0] -> 0x9E93
mem[X,0x00000000800018E2] -> 0x00BE
[1597] [M]: 0x00000000800018E0 (0x00BE9E93) slli t4, t4, 0xb
x29 <- 0x0000400000000000

mem[X,0x00000000800018E4] -> 0x8E93
mem[X,0x00000000800018E6] -> 0x000E
[1598] [M]: 0x00000000800018E4 (0x000E8E93) addi t4, t4, 0x0
x29 <- 0x0000400000000000

mem[X,0x00000000800018E8] -> 0x9E93
mem[X,0x00000000800018EA] -> 0x00AE
[1599] [M]: 0x00000000800018E8 (0x00AE9E93) slli t4, t4, 0xa
x29 <- 0x0100000000000000

clint::tick mtime <- 0x0000000000000010
 clint timer pending at mtime 0x0000000000000010
htif::tick 0x0000000000000000
mem[X,0x00000000800018EC] -> 0x8E93
mem[X,0x00000000800018EE] -> 0x100E
[1600] [M]: 0x00000000800018EC (0x100E8E93) addi t4, t4, 0x100
x29 <- 0x0100000000000100

mem[X,0x00000000800018F0] -> 0x2F9B
mem[X,0x00000000800018F2] -> 0xEFDF
[1601] [M]: 0x00000000800018F0 (0xEFDF2F9B) sha t6, t5, t4
x31 <- 0xFFFFFFF700040000

mem[X,0x00000000800018F4] -> 0xB023
mem[X,0x00000000800018F6] -> 0x1FF0
[1602] [M]: 0x00000000800018F4 (0x1FF0B023) sd t6, 0x1e0(ra)
mem[0x00000000800053E0] <- 0xFFFFFFF700040000

mem[X,0x00000000800018F8] -> 0x0F37
mem[X,0x00000000800018FA] -> 0x0000
[1603] [M]: 0x00000000800018F8 (0x00000F37) lui t5, 0x0
x30 <- 0x0000000000000000

mem[X,0x00000000800018FC] -> 0x0F13
mem[X,0x00000000800018FE] -> 0xF7FF
[1604] [M]: 0x00000000800018FC (0xF7FF0F13) addi t5, t5, -0x81
x30 <- 0xFFFFFFFFFFFFFF7F

mem[X,0x0000000080001900] -> 0x1F13
mem[X,0x0000000080001902] -> 0x00BF
[1605] [M]: 0x0000000080001900 (0x00BF1F13) slli t5, t5, 0xb
x30 <- 0xFFFFFFFFFFFBF800

mem[X,0x0000000080001904] -> 0x0F13
mem[X,0x0000000080001906] -> 0x7FFF
[1606] [M]: 0x0000000080001904 (0x7FFF0F13) addi t5, t5, 0x7ff
x30 <- 0xFFFFFFFFFFFBFFFF

mem[X,0x0000000080001908] -> 0x1F13
mem[X,0x000000008000190A] -> 0x00BF
[1607] [M]: 0x0000000080001908 (0x00BF1F13) slli t5, t5, 0xb
x30 <- 0xFFFFFFFFDFFFF800

mem[X,0x000000008000190C] -> 0x0F13
mem[X,0x000000008000190E] -> 0x7F7F
[1608] [M]: 0x000000008000190C (0x7F7F0F13) addi t5, t5, 0x7f7
x30 <- 0xFFFFFFFFDFFFFFF7

mem[X,0x0000000080001910] -> 0x1F13
mem[X,0x0000000080001912] -> 0x00AF
[1609] [M]: 0x0000000080001910 (0x00AF1F13) slli t5, t5, 0xa
x30 <- 0xFFFFFF7FFFFFDC00

mem[X,0x0000000080001914] -> 0x0F13
mem[X,0x0000000080001916] -> 0x3FFF
[1610] [M]: 0x0000000080001914 (0x3FFF0F13) addi t5, t5, 0x3ff
x30 <- 0xFFFFFF7FFFFFDFFF

mem[X,0x0000000080001918] -> 0x0EB7
mem[X,0x000000008000191A] -> 0x0090
[1611] [M]: 0x0000000080001918 (0x00900EB7) lui t4, 0x900
x29 <- 0x0000000000900000

mem[X,0x000000008000191C] -> 0x8E93
mem[X,0x000000008000191E] -> 0x001E
[1612] [M]: 0x000000008000191C (0x001E8E93) addi t4, t4, 0x1
x29 <- 0x0000000000900001

mem[X,0x0000000080001920] -> 0x9E93
mem[X,0x0000000080001922] -> 0x00CE
[1613] [M]: 0x0000000080001920 (0x00CE9E93) slli t4, t4, 0xc
x29 <- 0x0000000900001000

mem[X,0x0000000080001924] -> 0x2F9B
mem[X,0x0000000080001926] -> 0xEFDF
[1614] [M]: 0x0000000080001924 (0xEFDF2F9B) sha t6, t5, t4
x31 <- 0xFFFFFF7FFFFFDFFF

mem[X,0x0000000080001928] -> 0xB423
mem[X,0x000000008000192A] -> 0x1FF0
[1615] [M]: 0x0000000080001928 (0x1FF0B423) sd t6, 0x1e8(ra)
mem[0x00000000800053E8] <- 0xFFFFFF7FFFFFDFFF

mem[X,0x000000008000192C] -> 0x1F37
mem[X,0x000000008000192E] -> 0x0000
[1616] [M]: 0x000000008000192C (0x00001F37) lui t5, 0x1
x30 <- 0x0000000000001000

mem[X,0x0000000080001930] -> 0x0F13
mem[X,0x0000000080001932] -> 0x800F
[1617] [M]: 0x0000000080001930 (0x800F0F13) addi t5, t5, -0x800
x30 <- 0x0000000000000800

mem[X,0x0000000080001934] -> 0x1F13
mem[X,0x0000000080001936] -> 0x00BF
[1618] [M]: 0x0000000080001934 (0x00BF1F13) slli t5, t5, 0xb
x30 <- 0x0000000000400000

mem[X,0x0000000080001938] -> 0x0F13
mem[X,0x000000008000193A] -> 0x7FFF
[1619] [M]: 0x0000000080001938 (0x7FFF0F13) addi t5, t5, 0x7ff
x30 <- 0x00000000004007FF

mem[X,0x000000008000193C] -> 0x1F13
mem[X,0x000000008000193E] -> 0x00BF
[1620] [M]: 0x000000008000193C (0x00BF1F13) slli t5, t5, 0xb
x30 <- 0x00000002003FF800

mem[X,0x0000000080001940] -> 0x0F13
mem[X,0x0000000080001942] -> 0x7DFF
[1621] [M]: 0x0000000080001940 (0x7DFF0F13) addi t5, t5, 0x7df
x30 <- 0x00000002003FFFDF

mem[X,0x0000000080001944] -> 0x1F13
mem[X,0x0000000080001946] -> 0x00AF
[1622] [M]: 0x0000000080001944 (0x00AF1F13) slli t5, t5, 0xa
x30 <- 0x00000800FFFF7C00

mem[X,0x0000000080001948] -> 0x0F13
mem[X,0x000000008000194A] -> 0x3FFF
[1623] [M]: 0x0000000080001948 (0x3FFF0F13) addi t5, t5, 0x3ff
x30 <- 0x00000800FFFF7FFF

mem[X,0x000000008000194C] -> 0x0E93
mem[X,0x000000008000194E] -> 0x0010
[1624] [M]: 0x000000008000194C (0x00100E93) addi t4, zero, 0x1
x29 <- 0x0000000000000001

mem[X,0x0000000080001950] -> 0x9E93
mem[X,0x0000000080001952] -> 0x00EE
[1625] [M]: 0x0000000080001950 (0x00EE9E93) slli t4, t4, 0xe
x29 <- 0x0000000000004000

mem[X,0x0000000080001954] -> 0x2F9B
mem[X,0x0000000080001956] -> 0xEFDF
[1626] [M]: 0x0000000080001954 (0xEFDF2F9B) sha t6, t5, t4
x31 <- 0x00000800FFFF7FFF

mem[X,0x0000000080001958] -> 0xB823
mem[X,0x000000008000195A] -> 0x1FF0
[1627] [M]: 0x0000000080001958 (0x1FF0B823) sd t6, 0x1f0(ra)
mem[0x00000000800053F0] <- 0x00000800FFFF7FFF

mem[X,0x000000008000195C] -> 0x8F37
mem[X,0x000000008000195E] -> 0x0000
[1628] [M]: 0x000000008000195C (0x00008F37) lui t5, 0x8
x30 <- 0x0000000000008000

mem[X,0x0000000080001960] -> 0x0F13
mem[X,0x0000000080001962] -> 0x000F
[1629] [M]: 0x0000000080001960 (0x000F0F13) addi t5, t5, 0x0
x30 <- 0x0000000000008000

mem[X,0x0000000080001964] -> 0x1F13
mem[X,0x0000000080001966] -> 0x00BF
[1630] [M]: 0x0000000080001964 (0x00BF1F13) slli t5, t5, 0xb
x30 <- 0x0000000004000000

mem[X,0x0000000080001968] -> 0x0F13
mem[X,0x000000008000196A] -> 0x000F
[1631] [M]: 0x0000000080001968 (0x000F0F13) addi t5, t5, 0x0
x30 <- 0x0000000004000000

mem[X,0x000000008000196C] -> 0x1F13
mem[X,0x000000008000196E] -> 0x00BF
[1632] [M]: 0x000000008000196C (0x00BF1F13) slli t5, t5, 0xb
x30 <- 0x0000002000000000

mem[X,0x0000000080001970] -> 0x0F13
mem[X,0x0000000080001972] -> 0x000F
[1633] [M]: 0x0000000080001970 (0x000F0F13) addi t5, t5, 0x0
x30 <- 0x0000002000000000

mem[X,0x0000000080001974] -> 0x1F13
mem[X,0x0000000080001976] -> 0x00AF
[1634] [M]: 0x0000000080001974 (0x00AF1F13) slli t5, t5, 0xa
x30 <- 0x0000800000000000

mem[X,0x0000000080001978] -> 0x0F13
mem[X,0x000000008000197A] -> 0x003F
[1635] [M]: 0x0000000080001978 (0x003F0F13) addi t5, t5, 0x3
x30 <- 0x0000800000000003

mem[X,0x000000008000197C] -> 0xCEB7
mem[X,0x000000008000197E] -> 0xFFFF
[1636] [M]: 0x000000008000197C (0xFFFFCEB7) lui t4, -0x4
x29 <- 0xFFFFFFFFFFFFC000

mem[X,0x0000000080001980] -> 0x8E93
mem[X,0x0000000080001982] -> 0xFFFE
[1637] [M]: 0x0000000080001980 (0xFFFE8E93) addi t4, t4, -0x1
x29 <- 0xFFFFFFFFFFFFBFFF

mem[X,0x0000000080001984] -> 0x9E93
mem[X,0x0000000080001986] -> 0x00BE
[1638] [M]: 0x0000000080001984 (0x00BE9E93) slli t4, t4, 0xb
x29 <- 0xFFFFFFFFFDFFF800

mem[X,0x0000000080001988] -> 0x8E93
mem[X,0x000000008000198A] -> 0x000E
[1639] [M]: 0x0000000080001988 (0x000E8E93) addi t4, t4, 0x0
x29 <- 0xFFFFFFFFFDFFF800

mem[X,0x000000008000198C] -> 0x9E93
mem[X,0x000000008000198E] -> 0x00BE
[1640] [M]: 0x000000008000198C (0x00BE9E93) slli t4, t4, 0xb
x29 <- 0xFFFFFFEFFFC00000

mem[X,0x0000000080001990] -> 0x8E93
mem[X,0x0000000080001992] -> 0x100E
[1641] [M]: 0x0000000080001990 (0x100E8E93) addi t4, t4, 0x100
x29 <- 0xFFFFFFEFFFC00100

mem[X,0x0000000080001994] -> 0x9E93
mem[X,0x0000000080001996] -> 0x00AE
[1642] [M]: 0x0000000080001994 (0x00AE9E93) slli t4, t4, 0xa
x29 <- 0xFFFFBFFF00040000

mem[X,0x0000000080001998] -> 0x2F9B
mem[X,0x000000008000199A] -> 0xEFDF
[1643] [M]: 0x0000000080001998 (0xEFDF2F9B) sha t6, t5, t4
x31 <- 0x0000800000000003

mem[X,0x000000008000199C] -> 0xBC23
mem[X,0x000000008000199E] -> 0x1FF0
[1644] [M]: 0x000000008000199C (0x1FF0BC23) sd t6, 0x1f8(ra)
mem[0x00000000800053F8] <- 0x0000800000000003

mem[X,0x00000000800019A0] -> 0x0F37
mem[X,0x00000000800019A2] -> 0xFFC0
[1645] [M]: 0x00000000800019A0 (0xFFC00F37) lui t5, -0x400
x30 <- 0xFFFFFFFFFFC00000

mem[X,0x00000000800019A4] -> 0x0F13
mem[X,0x00000000800019A6] -> 0xFFFF
[1646] [M]: 0x00000000800019A4 (0xFFFF0F13) addi t5, t5, -0x1
x30 <- 0xFFFFFFFFFFBFFFFF

mem[X,0x00000000800019A8] -> 0x1F13
mem[X,0x00000000800019AA] -> 0x00BF
[1647] [M]: 0x00000000800019A8 (0x00BF1F13) slli t5, t5, 0xb
x30 <- 0xFFFFFFFDFFFFF800

mem[X,0x00000000800019AC] -> 0x0F13
mem[X,0x00000000800019AE] -> 0x000F
[1648] [M]: 0x00000000800019AC (0x000F0F13) addi t5, t5, 0x0
x30 <- 0xFFFFFFFDFFFFF800

mem[X,0x00000000800019B0] -> 0x1F13
mem[X,0x00000000800019B2] -> 0x00BF
[1649] [M]: 0x00000000800019B0 (0x00BF1F13) slli t5, t5, 0xb
x30 <- 0xFFFFEFFFFFC00000

mem[X,0x00000000800019B4] -> 0x0F13
mem[X,0x00000000800019B6] -> 0x000F
[1650] [M]: 0x00000000800019B4 (0x000F0F13) addi t5, t5, 0x0
x30 <- 0xFFFFEFFFFFC00000

mem[X,0x00000000800019B8] -> 0x1F13
mem[X,0x00000000800019BA] -> 0x00AF
[1651] [M]: 0x00000000800019B8 (0x00AF1F13) slli t5, t5, 0xa
x30 <- 0xFFBFFFFF00000000

mem[X,0x00000000800019BC] -> 0x0EB7
mem[X,0x00000000800019BE] -> 0x0000
[1652] [M]: 0x00000000800019BC (0x00000EB7) lui t4, 0x0
x29 <- 0x0000000000000000

mem[X,0x00000000800019C0] -> 0x8E93
mem[X,0x00000000800019C2] -> 0xFF8E
[1653] [M]: 0x00000000800019C0 (0xFF8E8E93) addi t4, t4, -0x8
x29 <- 0xFFFFFFFFFFFFFFF8

mem[X,0x00000000800019C4] -> 0x9E93
mem[X,0x00000000800019C6] -> 0x00BE
[1654] [M]: 0x00000000800019C4 (0x00BE9E93) slli t4, t4, 0xb
x29 <- 0xFFFFFFFFFFFFC000

mem[X,0x00000000800019C8] -> 0x8E93
mem[X,0x00000000800019CA] -> 0x001E
[1655] [M]: 0x00000000800019C8 (0x001E8E93) addi t4, t4, 0x1
x29 <- 0xFFFFFFFFFFFFC001

mem[X,0x00000000800019CC] -> 0x9E93
mem[X,0x00000000800019CE] -> 0x00BE
[1656] [M]: 0x00000000800019CC (0x00BE9E93) slli t4, t4, 0xb
x29 <- 0xFFFFFFFFFE000800

mem[X,0x00000000800019D0] -> 0x8E93
mem[X,0x00000000800019D2] -> 0x000E
[1657] [M]: 0x00000000800019D0 (0x000E8E93) addi t4, t4, 0x0
x29 <- 0xFFFFFFFFFE000800

mem[X,0x00000000800019D4] -> 0x9E93
mem[X,0x00000000800019D6] -> 0x00AE
[1658] [M]: 0x00000000800019D4 (0x00AE9E93) slli t4, t4, 0xa
x29 <- 0xFFFFFFF800200000

mem[X,0x00000000800019D8] -> 0x2F9B
mem[X,0x00000000800019DA] -> 0xEFDF
[1659] [M]: 0x00000000800019D8 (0xEFDF2F9B) sha t6, t5, t4
x31 <- 0xFFBFFFFF00000000

mem[X,0x00000000800019DC] -> 0xB023
mem[X,0x00000000800019DE] -> 0x21F0
[1660] [M]: 0x00000000800019DC (0x21F0B023) sd t6, 0x200(ra)
mem[0x0000000080005400] <- 0xFFBFFFFF00000000

mem[X,0x00000000800019E0] -> 0x0F37
mem[X,0x00000000800019E2] -> 0x0001
[1661] [M]: 0x00000000800019E0 (0x00010F37) lui t5, 0x10
x30 <- 0x0000000000010000

mem[X,0x00000000800019E4] -> 0x0F13
mem[X,0x00000000800019E6] -> 0x001F
[1662] [M]: 0x00000000800019E4 (0x001F0F13) addi t5, t5, 0x1
x30 <- 0x0000000000010001

mem[X,0x00000000800019E8] -> 0x1F13
mem[X,0x00000000800019EA] -> 0x01AF
[1663] [M]: 0x00000000800019E8 (0x01AF1F13) slli t5, t5, 0x1a
x30 <- 0x0000040004000000

mem[X,0x00000000800019EC] -> 0x0E93
mem[X,0x00000000800019EE] -> 0x1010
[1664] [M]: 0x00000000800019EC (0x10100E93) addi t4, zero, 0x101
x29 <- 0x0000000000000101

mem[X,0x00000000800019F0] -> 0x9E93
mem[X,0x00000000800019F2] -> 0x018E
[1665] [M]: 0x00000000800019F0 (0x018E9E93) slli t4, t4, 0x18
x29 <- 0x0000000101000000

mem[X,0x00000000800019F4] -> 0x2F9B
mem[X,0x00000000800019F6] -> 0xEFDF
[1666] [M]: 0x00000000800019F4 (0xEFDF2F9B) sha t6, t5, t4
x31 <- 0x0000040004000000

mem[X,0x00000000800019F8] -> 0xB423
mem[X,0x00000000800019FA] -> 0x21F0
[1667] [M]: 0x00000000800019F8 (0x21F0B423) sd t6, 0x208(ra)
mem[0x0000000080005408] <- 0x0000040004000000

mem[X,0x00000000800019FC] -> 0xFF37
mem[X,0x00000000800019FE] -> 0xFFFF
[1668] [M]: 0x00000000800019FC (0xFFFFFF37) lui t5, -0x1
x30 <- 0xFFFFFFFFFFFFF000

mem[X,0x0000000080001A00] -> 0x0F13
mem[X,0x0000000080001A02] -> 0x7FFF
[1669] [M]: 0x0000000080001A00 (0x7FFF0F13) addi t5, t5, 0x7ff
x30 <- 0xFFFFFFFFFFFFF7FF

mem[X,0x0000000080001A04] -> 0x1F13
mem[X,0x0000000080001A06] -> 0x00BF
[1670] [M]: 0x0000000080001A04 (0x00BF1F13) slli t5, t5, 0xb
x30 <- 0xFFFFFFFFFFBFF800

mem[X,0x0000000080001A08] -> 0x0F13
mem[X,0x0000000080001A0A] -> 0x7FFF
[1671] [M]: 0x0000000080001A08 (0x7FFF0F13) addi t5, t5, 0x7ff
x30 <- 0xFFFFFFFFFFBFFFFF

mem[X,0x0000000080001A0C] -> 0x1F13
mem[X,0x0000000080001A0E] -> 0x00BF
[1672] [M]: 0x0000000080001A0C (0x00BF1F13) slli t5, t5, 0xb
x30 <- 0xFFFFFFFDFFFFF800

mem[X,0x0000000080001A10] -> 0x0F13
mem[X,0x0000000080001A12] -> 0x7F7F
[1673] [M]: 0x0000000080001A10 (0x7F7F0F13) addi t5, t5, 0x7f7
x30 <- 0xFFFFFFFDFFFFFFF7

mem[X,0x0000000080001A14] -> 0x1F13
mem[X,0x0000000080001A16] -> 0x00AF
[1674] [M]: 0x0000000080001A14 (0x00AF1F13) slli t5, t5, 0xa
x30 <- 0xFFFFF7FFFFFFDC00

mem[X,0x0000000080001A18] -> 0x0F13
mem[X,0x0000000080001A1A] -> 0x3FFF
[1675] [M]: 0x0000000080001A18 (0x3FFF0F13) addi t5, t5, 0x3ff
x30 <- 0xFFFFF7FFFFFFDFFF

mem[X,0x0000000080001A1C] -> 0x0E93
mem[X,0x0000000080001A1E] -> 0x2010
[1676] [M]: 0x0000000080001A1C (0x20100E93) addi t4, zero, 0x201
x29 <- 0x0000000000000201

mem[X,0x0000000080001A20] -> 0x9E93
mem[X,0x0000000080001A22] -> 0x01BE
[1677] [M]: 0x0000000080001A20 (0x01BE9E93) slli t4, t4, 0x1b
x29 <- 0x0000001008000000

mem[X,0x0000000080001A24] -> 0x2F9B
mem[X,0x0000000080001A26] -> 0xEFDF
[1678] [M]: 0x0000000080001A24 (0xEFDF2F9B) sha t6, t5, t4
x31 <- 0xFFFFF7FFFFFFDFFF

mem[X,0x0000000080001A28] -> 0xB823
mem[X,0x0000000080001A2A] -> 0x21F0
[1679] [M]: 0x0000000080001A28 (0x21F0B823) sd t6, 0x210(ra)
mem[0x0000000080005410] <- 0xFFFFF7FFFFFFDFFF

mem[X,0x0000000080001A2C] -> 0x0F37
mem[X,0x0000000080001A2E] -> 0x0000
[1680] [M]: 0x0000000080001A2C (0x00000F37) lui t5, 0x0
x30 <- 0x0000000000000000

mem[X,0x0000000080001A30] -> 0x0F13
mem[X,0x0000000080001A32] -> 0x008F
[1681] [M]: 0x0000000080001A30 (0x008F0F13) addi t5, t5, 0x8
x30 <- 0x0000000000000008

mem[X,0x0000000080001A34] -> 0x1F13
mem[X,0x0000000080001A36] -> 0x00BF
[1682] [M]: 0x0000000080001A34 (0x00BF1F13) slli t5, t5, 0xb
x30 <- 0x0000000000004000

mem[X,0x0000000080001A38] -> 0x0F13
mem[X,0x0000000080001A3A] -> 0x000F
[1683] [M]: 0x0000000080001A38 (0x000F0F13) addi t5, t5, 0x0
x30 <- 0x0000000000004000

mem[X,0x0000000080001A3C] -> 0x1F13
mem[X,0x0000000080001A3E] -> 0x00BF
[1684] [M]: 0x0000000080001A3C (0x00BF1F13) slli t5, t5, 0xb
x30 <- 0x0000000002000000

mem[X,0x0000000080001A40] -> 0x0F13
mem[X,0x0000000080001A42] -> 0x000F
[1685] [M]: 0x0000000080001A40 (0x000F0F13) addi t5, t5, 0x0
x30 <- 0x0000000002000000

mem[X,0x0000000080001A44] -> 0x1F13
mem[X,0x0000000080001A46] -> 0x00AF
[1686] [M]: 0x0000000080001A44 (0x00AF1F13) slli t5, t5, 0xa
x30 <- 0x0000000800000000

mem[X,0x0000000080001A48] -> 0x0F13
mem[X,0x0000000080001A4A] -> 0x004F
[1687] [M]: 0x0000000080001A48 (0x004F0F13) addi t5, t5, 0x4
x30 <- 0x0000000800000004

mem[X,0x0000000080001A4C] -> 0x0EB7
mem[X,0x0000000080001A4E] -> 0x0000
[1688] [M]: 0x0000000080001A4C (0x00000EB7) lui t4, 0x0
x29 <- 0x0000000000000000

mem[X,0x0000000080001A50] -> 0x8E93
mem[X,0x0000000080001A52] -> 0xFFDE
[1689] [M]: 0x0000000080001A50 (0xFFDE8E93) addi t4, t4, -0x3
x29 <- 0xFFFFFFFFFFFFFFFD

mem[X,0x0000000080001A54] -> 0x9E93
mem[X,0x0000000080001A56] -> 0x00BE
[1690] [M]: 0x0000000080001A54 (0x00BE9E93) slli t4, t4, 0xb
x29 <- 0xFFFFFFFFFFFFE800

mem[X,0x0000000080001A58] -> 0x8E93
mem[X,0x0000000080001A5A] -> 0x080E
[1691] [M]: 0x0000000080001A58 (0x080E8E93) addi t4, t4, 0x80
x29 <- 0xFFFFFFFFFFFFE880

mem[X,0x0000000080001A5C] -> 0x9E93
mem[X,0x0000000080001A5E] -> 0x00BE
[1692] [M]: 0x0000000080001A5C (0x00BE9E93) slli t4, t4, 0xb
x29 <- 0xFFFFFFFFFF440000

mem[X,0x0000000080001A60] -> 0x8E93
mem[X,0x0000000080001A62] -> 0x000E
[1693] [M]: 0x0000000080001A60 (0x000E8E93) addi t4, t4, 0x0
x29 <- 0xFFFFFFFFFF440000

mem[X,0x0000000080001A64] -> 0x9E93
mem[X,0x0000000080001A66] -> 0x00AE
[1694] [M]: 0x0000000080001A64 (0x00AE9E93) slli t4, t4, 0xa
x29 <- 0xFFFFFFFD10000000

mem[X,0x0000000080001A68] -> 0x2F9B
mem[X,0x0000000080001A6A] -> 0xEFDF
[1695] [M]: 0x0000000080001A68 (0xEFDF2F9B) sha t6, t5, t4
x31 <- 0x0000000800000004

mem[X,0x0000000080001A6C] -> 0xBC23
mem[X,0x0000000080001A6E] -> 0x21F0
[1696] [M]: 0x0000000080001A6C (0x21F0BC23) sd t6, 0x218(ra)
mem[0x0000000080005418] <- 0x0000000800000004

mem[X,0x0000000080001A70] -> 0x0F37
mem[X,0x0000000080001A72] -> 0x0000
[1697] [M]: 0x0000000080001A70 (0x00000F37) lui t5, 0x0
x30 <- 0x0000000000000000

mem[X,0x0000000080001A74] -> 0x0F13
mem[X,0x0000000080001A76] -> 0xFF7F
[1698] [M]: 0x0000000080001A74 (0xFF7F0F13) addi t5, t5, -0x9
x30 <- 0xFFFFFFFFFFFFFFF7

mem[X,0x0000000080001A78] -> 0x1F13
mem[X,0x0000000080001A7A] -> 0x00BF
[1699] [M]: 0x0000000080001A78 (0x00BF1F13) slli t5, t5, 0xb
x30 <- 0xFFFFFFFFFFFFB800

clint::tick mtime <- 0x0000000000000011
 clint timer pending at mtime 0x0000000000000011
htif::tick 0x0000000000000000
mem[X,0x0000000080001A7C] -> 0x0F13
mem[X,0x0000000080001A7E] -> 0x7FFF
[1700] [M]: 0x0000000080001A7C (0x7FFF0F13) addi t5, t5, 0x7ff
x30 <- 0xFFFFFFFFFFFFBFFF

mem[X,0x0000000080001A80] -> 0x1F13
mem[X,0x0000000080001A82] -> 0x00BF
[1701] [M]: 0x0000000080001A80 (0x00BF1F13) slli t5, t5, 0xb
x30 <- 0xFFFFFFFFFDFFF800

mem[X,0x0000000080001A84] -> 0x0F13
mem[X,0x0000000080001A86] -> 0x7FFF
[1702] [M]: 0x0000000080001A84 (0x7FFF0F13) addi t5, t5, 0x7ff
x30 <- 0xFFFFFFFFFDFFFFFF

mem[X,0x0000000080001A88] -> 0x1F13
mem[X,0x0000000080001A8A] -> 0x00AF
[1703] [M]: 0x0000000080001A88 (0x00AF1F13) slli t5, t5, 0xa
x30 <- 0xFFFFFFF7FFFFFC00

mem[X,0x0000000080001A8C] -> 0x0F13
mem[X,0x0000000080001A8E] -> 0x3F9F
[1704] [M]: 0x0000000080001A8C (0x3F9F0F13) addi t5, t5, 0x3f9
x30 <- 0xFFFFFFF7FFFFFFF9

mem[X,0x0000000080001A90] -> 0x8EB7
mem[X,0x0000000080001A92] -> 0x0000
[1705] [M]: 0x0000000080001A90 (0x00008EB7) lui t4, 0x8
x29 <- 0x0000000000008000

mem[X,0x0000000080001A94] -> 0x8E93
mem[X,0x0000000080001A96] -> 0x000E
[1706] [M]: 0x0000000080001A94 (0x000E8E93) addi t4, t4, 0x0
x29 <- 0x0000000000008000

mem[X,0x0000000080001A98] -> 0x9E93
mem[X,0x0000000080001A9A] -> 0x00BE
[1707] [M]: 0x0000000080001A98 (0x00BE9E93) slli t4, t4, 0xb
x29 <- 0x0000000004000000

mem[X,0x0000000080001A9C] -> 0x8E93
mem[X,0x0000000080001A9E] -> 0x7FFE
[1708] [M]: 0x0000000080001A9C (0x7FFE8E93) addi t4, t4, 0x7ff
x29 <- 0x00000000040007FF

mem[X,0x0000000080001AA0] -> 0x9E93
mem[X,0x0000000080001AA2] -> 0x00BE
[1709] [M]: 0x0000000080001AA0 (0x00BE9E93) slli t4, t4, 0xb
x29 <- 0x00000020003FF800

mem[X,0x0000000080001AA4] -> 0x8E93
mem[X,0x0000000080001AA6] -> 0x7FFE
[1710] [M]: 0x0000000080001AA4 (0x7FFE8E93) addi t4, t4, 0x7ff
x29 <- 0x00000020003FFFFF

mem[X,0x0000000080001AA8] -> 0x9E93
mem[X,0x0000000080001AAA] -> 0x00AE
[1711] [M]: 0x0000000080001AA8 (0x00AE9E93) slli t4, t4, 0xa
x29 <- 0x00008000FFFFFC00

mem[X,0x0000000080001AAC] -> 0x8E93
mem[X,0x0000000080001AAE] -> 0x3FEE
[1712] [M]: 0x0000000080001AAC (0x3FEE8E93) addi t4, t4, 0x3fe
x29 <- 0x00008000FFFFFFFE

mem[X,0x0000000080001AB0] -> 0x2F9B
mem[X,0x0000000080001AB2] -> 0xEFDF
[1713] [M]: 0x0000000080001AB0 (0xEFDF2F9B) sha t6, t5, t4
x31 <- 0xFFFFFFFDFFFFFFFE

mem[X,0x0000000080001AB4] -> 0xB023
mem[X,0x0000000080001AB6] -> 0x23F0
[1714] [M]: 0x0000000080001AB4 (0x23F0B023) sd t6, 0x220(ra)
mem[0x0000000080005420] <- 0xFFFFFFFDFFFFFFFE

mem[X,0x0000000080001AB8] -> 0xBF37
mem[X,0x0000000080001ABA] -> 0xAAAA
[1715] [M]: 0x0000000080001AB8 (0xAAAABF37) lui t5, -0x55555
x30 <- 0xFFFFFFFFAAAAB000

mem[X,0x0000000080001ABC] -> 0x0F13
mem[X,0x0000000080001ABE] -> 0xAAAF
[1716] [M]: 0x0000000080001ABC (0xAAAF0F13) addi t5, t5, -0x556
x30 <- 0xFFFFFFFFAAAAAAAA

mem[X,0x0000000080001AC0] -> 0x1F13
mem[X,0x0000000080001AC2] -> 0x00BF
[1717] [M]: 0x0000000080001AC0 (0x00BF1F13) slli t5, t5, 0xb
x30 <- 0xFFFFFD5555555000

mem[X,0x0000000080001AC4] -> 0x0F13
mem[X,0x0000000080001AC6] -> 0x000F
[1718] [M]: 0x0000000080001AC4 (0x000F0F13) addi t5, t5, 0x0
x30 <- 0xFFFFFD5555555000

mem[X,0x0000000080001AC8] -> 0x1F13
mem[X,0x0000000080001ACA] -> 0x00BF
[1719] [M]: 0x0000000080001AC8 (0x00BF1F13) slli t5, t5, 0xb
x30 <- 0xFFEAAAAAAA800000

mem[X,0x0000000080001ACC] -> 0x0F13
mem[X,0x0000000080001ACE] -> 0x000F
[1720] [M]: 0x0000000080001ACC (0x000F0F13) addi t5, t5, 0x0
x30 <- 0xFFEAAAAAAA800000

mem[X,0x0000000080001AD0] -> 0x1F13
mem[X,0x0000000080001AD2] -> 0x00AF
[1721] [M]: 0x0000000080001AD0 (0x00AF1F13) slli t5, t5, 0xa
x30 <- 0xAAAAAAAA00000000

mem[X,0x0000000080001AD4] -> 0x0F13
mem[X,0x0000000080001AD6] -> 0x002F
[1722] [M]: 0x0000000080001AD4 (0x002F0F13) addi t5, t5, 0x2
x30 <- 0xAAAAAAAA00000002

mem[X,0x0000000080001AD8] -> 0x0EB7
mem[X,0x0000000080001ADA] -> 0x0000
[1723] [M]: 0x0000000080001AD8 (0x00000EB7) lui t4, 0x0
x29 <- 0x0000000000000000

mem[X,0x0000000080001ADC] -> 0x8E93
mem[X,0x0000000080001ADE] -> 0x006E
[1724] [M]: 0x0000000080001ADC (0x006E8E93) addi t4, t4, 0x6
x29 <- 0x0000000000000006

mem[X,0x0000000080001AE0] -> 0x9E93
mem[X,0x0000000080001AE2] -> 0x00BE
[1725] [M]: 0x0000000080001AE0 (0x00BE9E93) slli t4, t4, 0xb
x29 <- 0x0000000000003000

mem[X,0x0000000080001AE4] -> 0x8E93
mem[X,0x0000000080001AE6] -> 0x7FFE
[1726] [M]: 0x0000000080001AE4 (0x7FFE8E93) addi t4, t4, 0x7ff
x29 <- 0x00000000000037FF

mem[X,0x0000000080001AE8] -> 0x9E93
mem[X,0x0000000080001AEA] -> 0x00BE
[1727] [M]: 0x0000000080001AE8 (0x00BE9E93) slli t4, t4, 0xb
x29 <- 0x0000000001BFF800

mem[X,0x0000000080001AEC] -> 0x8E93
mem[X,0x0000000080001AEE] -> 0x7FFE
[1728] [M]: 0x0000000080001AEC (0x7FFE8E93) addi t4, t4, 0x7ff
x29 <- 0x0000000001BFFFFF

mem[X,0x0000000080001AF0] -> 0x9E93
mem[X,0x0000000080001AF2] -> 0x00AE
[1729] [M]: 0x0000000080001AF0 (0x00AE9E93) slli t4, t4, 0xa
x29 <- 0x00000006FFFFFC00

mem[X,0x0000000080001AF4] -> 0x8E93
mem[X,0x0000000080001AF6] -> 0x3FDE
[1730] [M]: 0x0000000080001AF4 (0x3FDE8E93) addi t4, t4, 0x3fd
x29 <- 0x00000006FFFFFFFD

mem[X,0x0000000080001AF8] -> 0x2F9B
mem[X,0x0000000080001AFA] -> 0xEFDF
[1731] [M]: 0x0000000080001AF8 (0xEFDF2F9B) sha t6, t5, t4
x31 <- 0xF555555540000000

mem[X,0x0000000080001AFC] -> 0xB423
mem[X,0x0000000080001AFE] -> 0x23F0
[1732] [M]: 0x0000000080001AFC (0x23F0B423) sd t6, 0x228(ra)
mem[0x0000000080005428] <- 0xF555555540000000

mem[X,0x0000000080001B00] -> 0x0F37
mem[X,0x0000000080001B02] -> 0x0002
[1733] [M]: 0x0000000080001B00 (0x00020F37) lui t5, 0x20
x30 <- 0x0000000000020000

mem[X,0x0000000080001B04] -> 0x0F13
mem[X,0x0000000080001B06] -> 0x000F
[1734] [M]: 0x0000000080001B04 (0x000F0F13) addi t5, t5, 0x0
x30 <- 0x0000000000020000

mem[X,0x0000000080001B08] -> 0x1F13
mem[X,0x0000000080001B0A] -> 0x00BF
[1735] [M]: 0x0000000080001B08 (0x00BF1F13) slli t5, t5, 0xb
x30 <- 0x0000000010000000

mem[X,0x0000000080001B0C] -> 0x0F13
mem[X,0x0000000080001B0E] -> 0x7FFF
[1736] [M]: 0x0000000080001B0C (0x7FFF0F13) addi t5, t5, 0x7ff
x30 <- 0x00000000100007FF

mem[X,0x0000000080001B10] -> 0x1F13
mem[X,0x0000000080001B12] -> 0x00BF
[1737] [M]: 0x0000000080001B10 (0x00BF1F13) slli t5, t5, 0xb
x30 <- 0x00000080003FF800

mem[X,0x0000000080001B14] -> 0x0F13
mem[X,0x0000000080001B16] -> 0x7FEF
[1738] [M]: 0x0000000080001B14 (0x7FEF0F13) addi t5, t5, 0x7fe
x30 <- 0x00000080003FFFFE

mem[X,0x0000000080001B18] -> 0x1F13
mem[X,0x0000000080001B1A] -> 0x00AF
[1739] [M]: 0x0000000080001B18 (0x00AF1F13) slli t5, t5, 0xa
x30 <- 0x00020000FFFFF800

mem[X,0x0000000080001B1C] -> 0x0F13
mem[X,0x0000000080001B1E] -> 0x3FFF
[1740] [M]: 0x0000000080001B1C (0x3FFF0F13) addi t5, t5, 0x3ff
x30 <- 0x00020000FFFFFBFF

mem[X,0x0000000080001B20] -> 0x0EB7
mem[X,0x0000000080001B22] -> 0x0000
[1741] [M]: 0x0000000080001B20 (0x00000EB7) lui t4, 0x0
x29 <- 0x0000000000000000

mem[X,0x0000000080001B24] -> 0x8E93
mem[X,0x0000000080001B26] -> 0xF7FE
[1742] [M]: 0x0000000080001B24 (0xF7FE8E93) addi t4, t4, -0x81
x29 <- 0xFFFFFFFFFFFFFF7F

mem[X,0x0000000080001B28] -> 0x9E93
mem[X,0x0000000080001B2A] -> 0x00BE
[1743] [M]: 0x0000000080001B28 (0x00BE9E93) slli t4, t4, 0xb
x29 <- 0xFFFFFFFFFFFBF800

mem[X,0x0000000080001B2C] -> 0x8E93
mem[X,0x0000000080001B2E] -> 0x7FFE
[1744] [M]: 0x0000000080001B2C (0x7FFE8E93) addi t4, t4, 0x7ff
x29 <- 0xFFFFFFFFFFFBFFFF

mem[X,0x0000000080001B30] -> 0x9E93
mem[X,0x0000000080001B32] -> 0x00BE
[1745] [M]: 0x0000000080001B30 (0x00BE9E93) slli t4, t4, 0xb
x29 <- 0xFFFFFFFFDFFFF800

mem[X,0x0000000080001B34] -> 0x8E93
mem[X,0x0000000080001B36] -> 0x7FFE
[1746] [M]: 0x0000000080001B34 (0x7FFE8E93) addi t4, t4, 0x7ff
x29 <- 0xFFFFFFFFDFFFFFFF

mem[X,0x0000000080001B38] -> 0x9E93
mem[X,0x0000000080001B3A] -> 0x00AE
[1747] [M]: 0x0000000080001B38 (0x00AE9E93) slli t4, t4, 0xa
x29 <- 0xFFFFFF7FFFFFFC00

mem[X,0x0000000080001B3C] -> 0x8E93
mem[X,0x0000000080001B3E] -> 0x3BFE
[1748] [M]: 0x0000000080001B3C (0x3BFE8E93) addi t4, t4, 0x3bf
x29 <- 0xFFFFFF7FFFFFFFBF

mem[X,0x0000000080001B40] -> 0x2F9B
mem[X,0x0000000080001B42] -> 0xEFDF
[1749] [M]: 0x0000000080001B40 (0xEFDF2F9B) sha t6, t5, t4
x31 <- 0x000100007FFFFDFF

mem[X,0x0000000080001B44] -> 0xB823
mem[X,0x0000000080001B46] -> 0x23F0
[1750] [M]: 0x0000000080001B44 (0x23F0B823) sd t6, 0x230(ra)
mem[0x0000000080005430] <- 0x000100007FFFFDFF

mem[X,0x0000000080001B48] -> 0x0F37
mem[X,0x0000000080001B4A] -> 0x0000
[1751] [M]: 0x0000000080001B48 (0x00000F37) lui t5, 0x0
x30 <- 0x0000000000000000

mem[X,0x0000000080001B4C] -> 0x0F13
mem[X,0x0000000080001B4E] -> 0xFFCF
[1752] [M]: 0x0000000080001B4C (0xFFCF0F13) addi t5, t5, -0x4
x30 <- 0xFFFFFFFFFFFFFFFC

mem[X,0x0000000080001B50] -> 0x1F13
mem[X,0x0000000080001B52] -> 0x00BF
[1753] [M]: 0x0000000080001B50 (0x00BF1F13) slli t5, t5, 0xb
x30 <- 0xFFFFFFFFFFFFE000

mem[X,0x0000000080001B54] -> 0x0F13
mem[X,0x0000000080001B56] -> 0x002F
[1754] [M]: 0x0000000080001B54 (0x002F0F13) addi t5, t5, 0x2
x30 <- 0xFFFFFFFFFFFFE002

mem[X,0x0000000080001B58] -> 0x1F13
mem[X,0x0000000080001B5A] -> 0x00BF
[1755] [M]: 0x0000000080001B58 (0x00BF1F13) slli t5, t5, 0xb
x30 <- 0xFFFFFFFFFF001000

mem[X,0x0000000080001B5C] -> 0x0F13
mem[X,0x0000000080001B5E] -> 0x000F
[1756] [M]: 0x0000000080001B5C (0x000F0F13) addi t5, t5, 0x0
x30 <- 0xFFFFFFFFFF001000

mem[X,0x0000000080001B60] -> 0x1F13
mem[X,0x0000000080001B62] -> 0x00AF
[1757] [M]: 0x0000000080001B60 (0x00AF1F13) slli t5, t5, 0xa
x30 <- 0xFFFFFFFC00400000

mem[X,0x0000000080001B64] -> 0x0EB7
mem[X,0x0000000080001B66] -> 0x4000
[1758] [M]: 0x0000000080001B64 (0x40000EB7) lui t4, 0x40000
x29 <- 0x0000000040000000

mem[X,0x0000000080001B68] -> 0x8E93
mem[X,0x0000000080001B6A] -> 0xFFFE
[1759] [M]: 0x0000000080001B68 (0xFFFE8E93) addi t4, t4, -0x1
x29 <- 0x000000003FFFFFFF

mem[X,0x0000000080001B6C] -> 0x9E93
mem[X,0x0000000080001B6E] -> 0x00BE
[1760] [M]: 0x0000000080001B6C (0x00BE9E93) slli t4, t4, 0xb
x29 <- 0x000001FFFFFFF800

mem[X,0x0000000080001B70] -> 0x8E93
mem[X,0x0000000080001B72] -> 0x7FFE
[1761] [M]: 0x0000000080001B70 (0x7FFE8E93) addi t4, t4, 0x7ff
x29 <- 0x000001FFFFFFFFFF

mem[X,0x0000000080001B74] -> 0x9E93
mem[X,0x0000000080001B76] -> 0x00BE
[1762] [M]: 0x0000000080001B74 (0x00BE9E93) slli t4, t4, 0xb
x29 <- 0x000FFFFFFFFFF800

mem[X,0x0000000080001B78] -> 0x8E93
mem[X,0x0000000080001B7A] -> 0x7DFE
[1763] [M]: 0x0000000080001B78 (0x7DFE8E93) addi t4, t4, 0x7df
x29 <- 0x000FFFFFFFFFFFDF

mem[X,0x0000000080001B7C] -> 0x9E93
mem[X,0x0000000080001B7E] -> 0x00AE
[1764] [M]: 0x0000000080001B7C (0x00AE9E93) slli t4, t4, 0xa
x29 <- 0x3FFFFFFFFFFF7C00

mem[X,0x0000000080001B80] -> 0x8E93
mem[X,0x0000000080001B82] -> 0x3FFE
[1765] [M]: 0x0000000080001B80 (0x3FFE8E93) addi t4, t4, 0x3ff
x29 <- 0x3FFFFFFFFFFF7FFF

mem[X,0x0000000080001B84] -> 0x2F9B
mem[X,0x0000000080001B86] -> 0xEFDF
[1766] [M]: 0x0000000080001B84 (0xEFDF2F9B) sha t6, t5, t4
x31 <- 0xFFFFFFFE00200000

mem[X,0x0000000080001B88] -> 0xBC23
mem[X,0x0000000080001B8A] -> 0x23F0
[1767] [M]: 0x0000000080001B88 (0x23F0BC23) sd t6, 0x238(ra)
mem[0x0000000080005438] <- 0xFFFFFFFE00200000

mem[X,0x0000000080001B8C] -> 0x0F37
mem[X,0x0000000080001B8E] -> 0xFFF8
[1768] [M]: 0x0000000080001B8C (0xFFF80F37) lui t5, -0x80
x30 <- 0xFFFFFFFFFFF80000

mem[X,0x0000000080001B90] -> 0x0F13
mem[X,0x0000000080001B92] -> 0xFFFF
[1769] [M]: 0x0000000080001B90 (0xFFFF0F13) addi t5, t5, -0x1
x30 <- 0xFFFFFFFFFFF7FFFF

mem[X,0x0000000080001B94] -> 0x1F13
mem[X,0x0000000080001B96] -> 0x00BF
[1770] [M]: 0x0000000080001B94 (0x00BF1F13) slli t5, t5, 0xb
x30 <- 0xFFFFFFFFBFFFF800

mem[X,0x0000000080001B98] -> 0x0F13
mem[X,0x0000000080001B9A] -> 0x000F
[1771] [M]: 0x0000000080001B98 (0x000F0F13) addi t5, t5, 0x0
x30 <- 0xFFFFFFFFBFFFF800

mem[X,0x0000000080001B9C] -> 0x1F13
mem[X,0x0000000080001B9E] -> 0x00BF
[1772] [M]: 0x0000000080001B9C (0x00BF1F13) slli t5, t5, 0xb
x30 <- 0xFFFFFDFFFFC00000

mem[X,0x0000000080001BA0] -> 0x0F13
mem[X,0x0000000080001BA2] -> 0x000F
[1773] [M]: 0x0000000080001BA0 (0x000F0F13) addi t5, t5, 0x0
x30 <- 0xFFFFFDFFFFC00000

mem[X,0x0000000080001BA4] -> 0x1F13
mem[X,0x0000000080001BA6] -> 0x00AF
[1774] [M]: 0x0000000080001BA4 (0x00AF1F13) slli t5, t5, 0xa
x30 <- 0xFFF7FFFF00000000

mem[X,0x0000000080001BA8] -> 0x0F13
mem[X,0x0000000080001BAA] -> 0x008F
[1775] [M]: 0x0000000080001BA8 (0x008F0F13) addi t5, t5, 0x8
x30 <- 0xFFF7FFFF00000008

mem[X,0x0000000080001BAC] -> 0x0EB7
mem[X,0x0000000080001BAE] -> 0x0000
[1776] [M]: 0x0000000080001BAC (0x00000EB7) lui t4, 0x0
x29 <- 0x0000000000000000

mem[X,0x0000000080001BB0] -> 0x8E93
mem[X,0x0000000080001BB2] -> 0xFFDE
[1777] [M]: 0x0000000080001BB0 (0xFFDE8E93) addi t4, t4, -0x3
x29 <- 0xFFFFFFFFFFFFFFFD

mem[X,0x0000000080001BB4] -> 0x9E93
mem[X,0x0000000080001BB6] -> 0x00BE
[1778] [M]: 0x0000000080001BB4 (0x00BE9E93) slli t4, t4, 0xb
x29 <- 0xFFFFFFFFFFFFE800

mem[X,0x0000000080001BB8] -> 0x8E93
mem[X,0x0000000080001BBA] -> 0x7FFE
[1779] [M]: 0x0000000080001BB8 (0x7FFE8E93) addi t4, t4, 0x7ff
x29 <- 0xFFFFFFFFFFFFEFFF

mem[X,0x0000000080001BBC] -> 0x9E93
mem[X,0x0000000080001BBE] -> 0x00BE
[1780] [M]: 0x0000000080001BBC (0x00BE9E93) slli t4, t4, 0xb
x29 <- 0xFFFFFFFFFF7FF800

mem[X,0x0000000080001BC0] -> 0x8E93
mem[X,0x0000000080001BC2] -> 0x7BFE
[1781] [M]: 0x0000000080001BC0 (0x7BFE8E93) addi t4, t4, 0x7bf
x29 <- 0xFFFFFFFFFF7FFFBF

mem[X,0x0000000080001BC4] -> 0x9E93
mem[X,0x0000000080001BC6] -> 0x00AE
[1782] [M]: 0x0000000080001BC4 (0x00AE9E93) slli t4, t4, 0xa
x29 <- 0xFFFFFFFDFFFEFC00

mem[X,0x0000000080001BC8] -> 0x8E93
mem[X,0x0000000080001BCA] -> 0x3FFE
[1783] [M]: 0x0000000080001BC8 (0x3FFE8E93) addi t4, t4, 0x3ff
x29 <- 0xFFFFFFFDFFFEFFFF

mem[X,0x0000000080001BCC] -> 0x2F9B
mem[X,0x0000000080001BCE] -> 0xEFDF
[1784] [M]: 0x0000000080001BCC (0xEFDF2F9B) sha t6, t5, t4
x31 <- 0xFFFBFFFF80000004

mem[X,0x0000000080001BD0] -> 0xB023
mem[X,0x0000000080001BD2] -> 0x25F0
[1785] [M]: 0x0000000080001BD0 (0x25F0B023) sd t6, 0x240(ra)
mem[0x0000000080005440] <- 0xFFFBFFFF80000004

mem[X,0x0000000080001BD4] -> 0x2F37
mem[X,0x0000000080001BD6] -> 0x0000
[1786] [M]: 0x0000000080001BD4 (0x00002F37) lui t5, 0x2
x30 <- 0x0000000000002000

mem[X,0x0000000080001BD8] -> 0x0F13
mem[X,0x0000000080001BDA] -> 0x000F
[1787] [M]: 0x0000000080001BD8 (0x000F0F13) addi t5, t5, 0x0
x30 <- 0x0000000000002000

mem[X,0x0000000080001BDC] -> 0x1F13
mem[X,0x0000000080001BDE] -> 0x00BF
[1788] [M]: 0x0000000080001BDC (0x00BF1F13) slli t5, t5, 0xb
x30 <- 0x0000000001000000

mem[X,0x0000000080001BE0] -> 0x0F13
mem[X,0x0000000080001BE2] -> 0x5FFF
[1789] [M]: 0x0000000080001BE0 (0x5FFF0F13) addi t5, t5, 0x5ff
x30 <- 0x00000000010005FF

mem[X,0x0000000080001BE4] -> 0x1F13
mem[X,0x0000000080001BE6] -> 0x00BF
[1790] [M]: 0x0000000080001BE4 (0x00BF1F13) slli t5, t5, 0xb
x30 <- 0x00000008002FF800

mem[X,0x0000000080001BE8] -> 0x0F13
mem[X,0x0000000080001BEA] -> 0x7FFF
[1791] [M]: 0x0000000080001BE8 (0x7FFF0F13) addi t5, t5, 0x7ff
x30 <- 0x00000008002FFFFF

mem[X,0x0000000080001BEC] -> 0x1F13
mem[X,0x0000000080001BEE] -> 0x00AF
[1792] [M]: 0x0000000080001BEC (0x00AF1F13) slli t5, t5, 0xa
x30 <- 0x00002000BFFFFC00

mem[X,0x0000000080001BF0] -> 0x0F13
mem[X,0x0000000080001BF2] -> 0x3FFF
[1793] [M]: 0x0000000080001BF0 (0x3FFF0F13) addi t5, t5, 0x3ff
x30 <- 0x00002000BFFFFFFF

mem[X,0x0000000080001BF4] -> 0x0EB7
mem[X,0x0000000080001BF6] -> 0x0000
[1794] [M]: 0x0000000080001BF4 (0x00000EB7) lui t4, 0x0
x29 <- 0x0000000000000000

mem[X,0x0000000080001BF8] -> 0x8E93
mem[X,0x0000000080001BFA] -> 0xFF9E
[1795] [M]: 0x0000000080001BF8 (0xFF9E8E93) addi t4, t4, -0x7
x29 <- 0xFFFFFFFFFFFFFFF9

mem[X,0x0000000080001BFC] -> 0x9E93
mem[X,0x0000000080001BFE] -> 0x00BE
[1796] [M]: 0x0000000080001BFC (0x00BE9E93) slli t4, t4, 0xb
x29 <- 0xFFFFFFFFFFFFC800

mem[X,0x0000000080001C00] -> 0x8E93
mem[X,0x0000000080001C02] -> 0x7FFE
[1797] [M]: 0x0000000080001C00 (0x7FFE8E93) addi t4, t4, 0x7ff
x29 <- 0xFFFFFFFFFFFFCFFF

mem[X,0x0000000080001C04] -> 0x9E93
mem[X,0x0000000080001C06] -> 0x00BE
[1798] [M]: 0x0000000080001C04 (0x00BE9E93) slli t4, t4, 0xb
x29 <- 0xFFFFFFFFFE7FF800

mem[X,0x0000000080001C08] -> 0x8E93
mem[X,0x0000000080001C0A] -> 0x6FFE
[1799] [M]: 0x0000000080001C08 (0x6FFE8E93) addi t4, t4, 0x6ff
x29 <- 0xFFFFFFFFFE7FFEFF

clint::tick mtime <- 0x0000000000000012
 clint timer pending at mtime 0x0000000000000012
htif::tick 0x0000000000000000
mem[X,0x0000000080001C0C] -> 0x9E93
mem[X,0x0000000080001C0E] -> 0x00AE
[1800] [M]: 0x0000000080001C0C (0x00AE9E93) slli t4, t4, 0xa
x29 <- 0xFFFFFFF9FFFBFC00

mem[X,0x0000000080001C10] -> 0x8E93
mem[X,0x0000000080001C12] -> 0x3FFE
[1801] [M]: 0x0000000080001C10 (0x3FFE8E93) addi t4, t4, 0x3ff
x29 <- 0xFFFFFFF9FFFBFFFF

mem[X,0x0000000080001C14] -> 0x2F9B
mem[X,0x0000000080001C16] -> 0xEFDF
[1802] [M]: 0x0000000080001C14 (0xEFDF2F9B) sha t6, t5, t4
x31 <- 0x000010005FFFFFFF

mem[X,0x0000000080001C18] -> 0xB423
mem[X,0x0000000080001C1A] -> 0x25F0
[1803] [M]: 0x0000000080001C18 (0x25F0B423) sd t6, 0x248(ra)
mem[0x0000000080005448] <- 0x000010005FFFFFFF

mem[X,0x0000000080001C1C] -> 0x0F37
mem[X,0x0000000080001C1E] -> 0xFFC0
[1804] [M]: 0x0000000080001C1C (0xFFC00F37) lui t5, -0x400
x30 <- 0xFFFFFFFFFFC00000

mem[X,0x0000000080001C20] -> 0x0F13
mem[X,0x0000000080001C22] -> 0xFFFF
[1805] [M]: 0x0000000080001C20 (0xFFFF0F13) addi t5, t5, -0x1
x30 <- 0xFFFFFFFFFFBFFFFF

mem[X,0x0000000080001C24] -> 0x1F13
mem[X,0x0000000080001C26] -> 0x00BF
[1806] [M]: 0x0000000080001C24 (0x00BF1F13) slli t5, t5, 0xb
x30 <- 0xFFFFFFFDFFFFF800

mem[X,0x0000000080001C28] -> 0x0F13
mem[X,0x0000000080001C2A] -> 0x7FFF
[1807] [M]: 0x0000000080001C28 (0x7FFF0F13) addi t5, t5, 0x7ff
x30 <- 0xFFFFFFFDFFFFFFFF

mem[X,0x0000000080001C2C] -> 0x1F13
mem[X,0x0000000080001C2E] -> 0x00BF
[1808] [M]: 0x0000000080001C2C (0x00BF1F13) slli t5, t5, 0xb
x30 <- 0xFFFFEFFFFFFFF800

mem[X,0x0000000080001C30] -> 0x0F13
mem[X,0x0000000080001C32] -> 0x7FFF
[1809] [M]: 0x0000000080001C30 (0x7FFF0F13) addi t5, t5, 0x7ff
x30 <- 0xFFFFEFFFFFFFFFFF

mem[X,0x0000000080001C34] -> 0x1F13
mem[X,0x0000000080001C36] -> 0x00AF
[1810] [M]: 0x0000000080001C34 (0x00AF1F13) slli t5, t5, 0xa
x30 <- 0xFFBFFFFFFFFFFC00

mem[X,0x0000000080001C38] -> 0x0F13
mem[X,0x0000000080001C3A] -> 0x3F9F
[1811] [M]: 0x0000000080001C38 (0x3F9F0F13) addi t5, t5, 0x3f9
x30 <- 0xFFBFFFFFFFFFFFF9

mem[X,0x0000000080001C3C] -> 0x0EB7
mem[X,0x0000000080001C3E] -> 0xC000
[1812] [M]: 0x0000000080001C3C (0xC0000EB7) lui t4, -0x40000
x29 <- 0xFFFFFFFFC0000000

mem[X,0x0000000080001C40] -> 0x8E93
mem[X,0x0000000080001C42] -> 0xFFFE
[1813] [M]: 0x0000000080001C40 (0xFFFE8E93) addi t4, t4, -0x1
x29 <- 0xFFFFFFFFBFFFFFFF

mem[X,0x0000000080001C44] -> 0x9E93
mem[X,0x0000000080001C46] -> 0x00BE
[1814] [M]: 0x0000000080001C44 (0x00BE9E93) slli t4, t4, 0xb
x29 <- 0xFFFFFDFFFFFFF800

mem[X,0x0000000080001C48] -> 0x8E93
mem[X,0x0000000080001C4A] -> 0x7FFE
[1815] [M]: 0x0000000080001C48 (0x7FFE8E93) addi t4, t4, 0x7ff
x29 <- 0xFFFFFDFFFFFFFFFF

mem[X,0x0000000080001C4C] -> 0x9E93
mem[X,0x0000000080001C4E] -> 0x00BE
[1816] [M]: 0x0000000080001C4C (0x00BE9E93) slli t4, t4, 0xb
x29 <- 0xFFEFFFFFFFFFF800

mem[X,0x0000000080001C50] -> 0x8E93
mem[X,0x0000000080001C52] -> 0x5FFE
[1817] [M]: 0x0000000080001C50 (0x5FFE8E93) addi t4, t4, 0x5ff
x29 <- 0xFFEFFFFFFFFFFDFF

mem[X,0x0000000080001C54] -> 0x9E93
mem[X,0x0000000080001C56] -> 0x00AE
[1818] [M]: 0x0000000080001C54 (0x00AE9E93) slli t4, t4, 0xa
x29 <- 0xBFFFFFFFFFF7FC00

mem[X,0x0000000080001C58] -> 0x8E93
mem[X,0x0000000080001C5A] -> 0x3FFE
[1819] [M]: 0x0000000080001C58 (0x3FFE8E93) addi t4, t4, 0x3ff
x29 <- 0xBFFFFFFFFFF7FFFF

mem[X,0x0000000080001C5C] -> 0x2F9B
mem[X,0x0000000080001C5E] -> 0xEFDF
[1820] [M]: 0x0000000080001C5C (0xEFDF2F9B) sha t6, t5, t4
x31 <- 0xFFDFFFFFFFFFFFFC

mem[X,0x0000000080001C60] -> 0xB823
mem[X,0x0000000080001C62] -> 0x25F0
[1821] [M]: 0x0000000080001C60 (0x25F0B823) sd t6, 0x250(ra)
mem[0x0000000080005450] <- 0xFFDFFFFFFFFFFFFC

mem[X,0x0000000080001C64] -> 0x8F37
mem[X,0x0000000080001C66] -> 0xFFFF
[1822] [M]: 0x0000000080001C64 (0xFFFF8F37) lui t5, -0x8
x30 <- 0xFFFFFFFFFFFF8000

mem[X,0x0000000080001C68] -> 0x0F13
mem[X,0x0000000080001C6A] -> 0xFFFF
[1823] [M]: 0x0000000080001C68 (0xFFFF0F13) addi t5, t5, -0x1
x30 <- 0xFFFFFFFFFFFF7FFF

mem[X,0x0000000080001C6C] -> 0x1F13
mem[X,0x0000000080001C6E] -> 0x00BF
[1824] [M]: 0x0000000080001C6C (0x00BF1F13) slli t5, t5, 0xb
x30 <- 0xFFFFFFFFFBFFF800

mem[X,0x0000000080001C70] -> 0x0F13
mem[X,0x0000000080001C72] -> 0x3FFF
[1825] [M]: 0x0000000080001C70 (0x3FFF0F13) addi t5, t5, 0x3ff
x30 <- 0xFFFFFFFFFBFFFBFF

mem[X,0x0000000080001C74] -> 0x1F13
mem[X,0x0000000080001C76] -> 0x00BF
[1826] [M]: 0x0000000080001C74 (0x00BF1F13) slli t5, t5, 0xb
x30 <- 0xFFFFFFDFFFDFF800

mem[X,0x0000000080001C78] -> 0x0F13
mem[X,0x0000000080001C7A] -> 0x7FFF
[1827] [M]: 0x0000000080001C78 (0x7FFF0F13) addi t5, t5, 0x7ff
x30 <- 0xFFFFFFDFFFDFFFFF

mem[X,0x0000000080001C7C] -> 0x1F13
mem[X,0x0000000080001C7E] -> 0x00AF
[1828] [M]: 0x0000000080001C7C (0x00AF1F13) slli t5, t5, 0xa
x30 <- 0xFFFF7FFF7FFFFC00

mem[X,0x0000000080001C80] -> 0x0F13
mem[X,0x0000000080001C82] -> 0x3FFF
[1829] [M]: 0x0000000080001C80 (0x3FFF0F13) addi t5, t5, 0x3ff
x30 <- 0xFFFF7FFF7FFFFFFF

mem[X,0x0000000080001C84] -> 0x0EB7
mem[X,0x0000000080001C86] -> 0x2000
[1830] [M]: 0x0000000080001C84 (0x20000EB7) lui t4, 0x20000
x29 <- 0x0000000020000000

mem[X,0x0000000080001C88] -> 0x8E93
mem[X,0x0000000080001C8A] -> 0x000E
[1831] [M]: 0x0000000080001C88 (0x000E8E93) addi t4, t4, 0x0
x29 <- 0x0000000020000000

mem[X,0x0000000080001C8C] -> 0x9E93
mem[X,0x0000000080001C8E] -> 0x00BE
[1832] [M]: 0x0000000080001C8C (0x00BE9E93) slli t4, t4, 0xb
x29 <- 0x0000010000000000

mem[X,0x0000000080001C90] -> 0x8E93
mem[X,0x0000000080001C92] -> 0x7FBE
[1833] [M]: 0x0000000080001C90 (0x7FBE8E93) addi t4, t4, 0x7fb
x29 <- 0x00000100000007FB

mem[X,0x0000000080001C94] -> 0x9E93
mem[X,0x0000000080001C96] -> 0x00BE
[1834] [M]: 0x0000000080001C94 (0x00BE9E93) slli t4, t4, 0xb
x29 <- 0x00080000003FD800

mem[X,0x0000000080001C98] -> 0x8E93
mem[X,0x0000000080001C9A] -> 0x7FFE
[1835] [M]: 0x0000000080001C98 (0x7FFE8E93) addi t4, t4, 0x7ff
x29 <- 0x00080000003FDFFF

mem[X,0x0000000080001C9C] -> 0x9E93
mem[X,0x0000000080001C9E] -> 0x00AE
[1836] [M]: 0x0000000080001C9C (0x00AE9E93) slli t4, t4, 0xa
x29 <- 0x20000000FF7FFC00

mem[X,0x0000000080001CA0] -> 0x8E93
mem[X,0x0000000080001CA2] -> 0x3FFE
[1837] [M]: 0x0000000080001CA0 (0x3FFE8E93) addi t4, t4, 0x3ff
x29 <- 0x20000000FF7FFFFF

mem[X,0x0000000080001CA4] -> 0x2F9B
mem[X,0x0000000080001CA6] -> 0xEFDF
[1838] [M]: 0x0000000080001CA4 (0xEFDF2F9B) sha t6, t5, t4
x31 <- 0xFFFFBFFFBFFFFFFF

mem[X,0x0000000080001CA8] -> 0xBC23
mem[X,0x0000000080001CAA] -> 0x25F0
[1839] [M]: 0x0000000080001CA8 (0x25F0BC23) sd t6, 0x258(ra)
mem[0x0000000080005458] <- 0xFFFFBFFFBFFFFFFF

mem[X,0x0000000080001CAC] -> 0x0F37
mem[X,0x0000000080001CAE] -> 0x0000
[1840] [M]: 0x0000000080001CAC (0x00000F37) lui t5, 0x0
x30 <- 0x0000000000000000

mem[X,0x0000000080001CB0] -> 0x0F13
mem[X,0x0000000080001CB2] -> 0x006F
[1841] [M]: 0x0000000080001CB0 (0x006F0F13) addi t5, t5, 0x6
x30 <- 0x0000000000000006

mem[X,0x0000000080001CB4] -> 0x1F13
mem[X,0x0000000080001CB6] -> 0x00BF
[1842] [M]: 0x0000000080001CB4 (0x00BF1F13) slli t5, t5, 0xb
x30 <- 0x0000000000003000

mem[X,0x0000000080001CB8] -> 0x0F13
mem[X,0x0000000080001CBA] -> 0x7FFF
[1843] [M]: 0x0000000080001CB8 (0x7FFF0F13) addi t5, t5, 0x7ff
x30 <- 0x00000000000037FF

mem[X,0x0000000080001CBC] -> 0x1F13
mem[X,0x0000000080001CBE] -> 0x00BF
[1844] [M]: 0x0000000080001CBC (0x00BF1F13) slli t5, t5, 0xb
x30 <- 0x0000000001BFF800

mem[X,0x0000000080001CC0] -> 0x0F13
mem[X,0x0000000080001CC2] -> 0x7FFF
[1845] [M]: 0x0000000080001CC0 (0x7FFF0F13) addi t5, t5, 0x7ff
x30 <- 0x0000000001BFFFFF

mem[X,0x0000000080001CC4] -> 0x1F13
mem[X,0x0000000080001CC6] -> 0x00AF
[1846] [M]: 0x0000000080001CC4 (0x00AF1F13) slli t5, t5, 0xa
x30 <- 0x00000006FFFFFC00

mem[X,0x0000000080001CC8] -> 0x0F13
mem[X,0x0000000080001CCA] -> 0x3FFF
[1847] [M]: 0x0000000080001CC8 (0x3FFF0F13) addi t5, t5, 0x3ff
x30 <- 0x00000006FFFFFFFF

mem[X,0x0000000080001CCC] -> 0x5EB7
mem[X,0x0000000080001CCE] -> 0x5555
[1848] [M]: 0x0000000080001CCC (0x55555EB7) lui t4, 0x55555
x29 <- 0x0000000055555000

mem[X,0x0000000080001CD0] -> 0x8E93
mem[X,0x0000000080001CD2] -> 0x555E
[1849] [M]: 0x0000000080001CD0 (0x555E8E93) addi t4, t4, 0x555
x29 <- 0x0000000055555555

mem[X,0x0000000080001CD4] -> 0x9E93
mem[X,0x0000000080001CD6] -> 0x00BE
[1850] [M]: 0x0000000080001CD4 (0x00BE9E93) slli t4, t4, 0xb
x29 <- 0x000002AAAAAAA800

mem[X,0x0000000080001CD8] -> 0x8E93
mem[X,0x0000000080001CDA] -> 0x7F7E
[1851] [M]: 0x0000000080001CD8 (0x7F7E8E93) addi t4, t4, 0x7f7
x29 <- 0x000002AAAAAAAFF7

mem[X,0x0000000080001CDC] -> 0x9E93
mem[X,0x0000000080001CDE] -> 0x00BE
[1852] [M]: 0x0000000080001CDC (0x00BE9E93) slli t4, t4, 0xb
x29 <- 0x00155555557FB800

mem[X,0x0000000080001CE0] -> 0x8E93
mem[X,0x0000000080001CE2] -> 0x7FFE
[1853] [M]: 0x0000000080001CE0 (0x7FFE8E93) addi t4, t4, 0x7ff
x29 <- 0x00155555557FBFFF

mem[X,0x0000000080001CE4] -> 0x9E93
mem[X,0x0000000080001CE6] -> 0x00AE
[1854] [M]: 0x0000000080001CE4 (0x00AE9E93) slli t4, t4, 0xa
x29 <- 0x55555555FEFFFC00

mem[X,0x0000000080001CE8] -> 0x8E93
mem[X,0x0000000080001CEA] -> 0x3FFE
[1855] [M]: 0x0000000080001CE8 (0x3FFE8E93) addi t4, t4, 0x3ff
x29 <- 0x55555555FEFFFFFF

mem[X,0x0000000080001CEC] -> 0x2F9B
mem[X,0x0000000080001CEE] -> 0xEFDF
[1856] [M]: 0x0000000080001CEC (0xEFDF2F9B) sha t6, t5, t4
x31 <- 0x000000037FFFFFFF

mem[X,0x0000000080001CF0] -> 0xB023
mem[X,0x0000000080001CF2] -> 0x27F0
[1857] [M]: 0x0000000080001CF0 (0x27F0B023) sd t6, 0x260(ra)
mem[0x0000000080005460] <- 0x000000037FFFFFFF

mem[X,0x0000000080001CF4] -> 0x0F37
mem[X,0x0000000080001CF6] -> 0xC000
[1858] [M]: 0x0000000080001CF4 (0xC0000F37) lui t5, -0x40000
x30 <- 0xFFFFFFFFC0000000

mem[X,0x0000000080001CF8] -> 0x0F13
mem[X,0x0000000080001CFA] -> 0xFFFF
[1859] [M]: 0x0000000080001CF8 (0xFFFF0F13) addi t5, t5, -0x1
x30 <- 0xFFFFFFFFBFFFFFFF

mem[X,0x0000000080001CFC] -> 0x1F13
mem[X,0x0000000080001CFE] -> 0x00BF
[1860] [M]: 0x0000000080001CFC (0x00BF1F13) slli t5, t5, 0xb
x30 <- 0xFFFFFDFFFFFFF800

mem[X,0x0000000080001D00] -> 0x0F13
mem[X,0x0000000080001D02] -> 0x7FFF
[1861] [M]: 0x0000000080001D00 (0x7FFF0F13) addi t5, t5, 0x7ff
x30 <- 0xFFFFFDFFFFFFFFFF

mem[X,0x0000000080001D04] -> 0x1F13
mem[X,0x0000000080001D06] -> 0x00BF
[1862] [M]: 0x0000000080001D04 (0x00BF1F13) slli t5, t5, 0xb
x30 <- 0xFFEFFFFFFFFFF800

mem[X,0x0000000080001D08] -> 0x0F13
mem[X,0x0000000080001D0A] -> 0x7DFF
[1863] [M]: 0x0000000080001D08 (0x7DFF0F13) addi t5, t5, 0x7df
x30 <- 0xFFEFFFFFFFFFFFDF

mem[X,0x0000000080001D0C] -> 0x1F13
mem[X,0x0000000080001D0E] -> 0x00AF
[1864] [M]: 0x0000000080001D0C (0x00AF1F13) slli t5, t5, 0xa
x30 <- 0xBFFFFFFFFFFF7C00

mem[X,0x0000000080001D10] -> 0x0F13
mem[X,0x0000000080001D12] -> 0x3FFF
[1865] [M]: 0x0000000080001D10 (0x3FFF0F13) addi t5, t5, 0x3ff
x30 <- 0xBFFFFFFFFFFF7FFF

mem[X,0x0000000080001D14] -> 0x0EB7
mem[X,0x0000000080001D16] -> 0x0000
[1866] [M]: 0x0000000080001D14 (0x00000EB7) lui t4, 0x0
x29 <- 0x0000000000000000

mem[X,0x0000000080001D18] -> 0x8E93
mem[X,0x0000000080001D1A] -> 0x200E
[1867] [M]: 0x0000000080001D18 (0x200E8E93) addi t4, t4, 0x200
x29 <- 0x0000000000000200

mem[X,0x0000000080001D1C] -> 0x9E93
mem[X,0x0000000080001D1E] -> 0x00BE
[1868] [M]: 0x0000000080001D1C (0x00BE9E93) slli t4, t4, 0xb
x29 <- 0x0000000000100000

mem[X,0x0000000080001D20] -> 0x8E93
mem[X,0x0000000080001D22] -> 0x7EFE
[1869] [M]: 0x0000000080001D20 (0x7EFE8E93) addi t4, t4, 0x7ef
x29 <- 0x00000000001007EF

mem[X,0x0000000080001D24] -> 0x9E93
mem[X,0x0000000080001D26] -> 0x00BE
[1870] [M]: 0x0000000080001D24 (0x00BE9E93) slli t4, t4, 0xb
x29 <- 0x00000000803F7800

mem[X,0x0000000080001D28] -> 0x8E93
mem[X,0x0000000080001D2A] -> 0x7FFE
[1871] [M]: 0x0000000080001D28 (0x7FFE8E93) addi t4, t4, 0x7ff
x29 <- 0x00000000803F7FFF

mem[X,0x0000000080001D2C] -> 0x9E93
mem[X,0x0000000080001D2E] -> 0x00AE
[1872] [M]: 0x0000000080001D2C (0x00AE9E93) slli t4, t4, 0xa
x29 <- 0x00000200FDFFFC00

mem[X,0x0000000080001D30] -> 0x8E93
mem[X,0x0000000080001D32] -> 0x3FFE
[1873] [M]: 0x0000000080001D30 (0x3FFE8E93) addi t4, t4, 0x3ff
x29 <- 0x00000200FDFFFFFF

mem[X,0x0000000080001D34] -> 0x2F9B
mem[X,0x0000000080001D36] -> 0xEFDF
[1874] [M]: 0x0000000080001D34 (0xEFDF2F9B) sha t6, t5, t4
x31 <- 0xDFFFFFFFFFFFBFFF

mem[X,0x0000000080001D38] -> 0xB423
mem[X,0x0000000080001D3A] -> 0x27F0
[1875] [M]: 0x0000000080001D38 (0x27F0B423) sd t6, 0x268(ra)
mem[0x0000000080005468] <- 0xDFFFFFFFFFFFBFFF

mem[X,0x0000000080001D3C] -> 0x0F37
mem[X,0x0000000080001D3E] -> 0x0400
[1876] [M]: 0x0000000080001D3C (0x04000F37) lui t5, 0x4000
x30 <- 0x0000000004000000

mem[X,0x0000000080001D40] -> 0x0F13
mem[X,0x0000000080001D42] -> 0x000F
[1877] [M]: 0x0000000080001D40 (0x000F0F13) addi t5, t5, 0x0
x30 <- 0x0000000004000000

mem[X,0x0000000080001D44] -> 0x1F13
mem[X,0x0000000080001D46] -> 0x00BF
[1878] [M]: 0x0000000080001D44 (0x00BF1F13) slli t5, t5, 0xb
x30 <- 0x0000002000000000

mem[X,0x0000000080001D48] -> 0x0F13
mem[X,0x0000000080001D4A] -> 0x000F
[1879] [M]: 0x0000000080001D48 (0x000F0F13) addi t5, t5, 0x0
x30 <- 0x0000002000000000

mem[X,0x0000000080001D4C] -> 0x1F13
mem[X,0x0000000080001D4E] -> 0x00BF
[1880] [M]: 0x0000000080001D4C (0x00BF1F13) slli t5, t5, 0xb
x30 <- 0x0001000000000000

mem[X,0x0000000080001D50] -> 0x0F13
mem[X,0x0000000080001D52] -> 0x000F
[1881] [M]: 0x0000000080001D50 (0x000F0F13) addi t5, t5, 0x0
x30 <- 0x0001000000000000

mem[X,0x0000000080001D54] -> 0x1F13
mem[X,0x0000000080001D56] -> 0x00AF
[1882] [M]: 0x0000000080001D54 (0x00AF1F13) slli t5, t5, 0xa
x30 <- 0x0400000000000000

mem[X,0x0000000080001D58] -> 0x0F13
mem[X,0x0000000080001D5A] -> 0x009F
[1883] [M]: 0x0000000080001D58 (0x009F0F13) addi t5, t5, 0x9
x30 <- 0x0400000000000009

mem[X,0x0000000080001D5C] -> 0x0EB7
mem[X,0x0000000080001D5E] -> 0x0000
[1884] [M]: 0x0000000080001D5C (0x00000EB7) lui t4, 0x0
x29 <- 0x0000000000000000

mem[X,0x0000000080001D60] -> 0x8E93
mem[X,0x0000000080001D62] -> 0x040E
[1885] [M]: 0x0000000080001D60 (0x040E8E93) addi t4, t4, 0x40
x29 <- 0x0000000000000040

mem[X,0x0000000080001D64] -> 0x9E93
mem[X,0x0000000080001D66] -> 0x00BE
[1886] [M]: 0x0000000080001D64 (0x00BE9E93) slli t4, t4, 0xb
x29 <- 0x0000000000020000

mem[X,0x0000000080001D68] -> 0x8E93
mem[X,0x0000000080001D6A] -> 0x7DFE
[1887] [M]: 0x0000000080001D68 (0x7DFE8E93) addi t4, t4, 0x7df
x29 <- 0x00000000000207DF

mem[X,0x0000000080001D6C] -> 0x9E93
mem[X,0x0000000080001D6E] -> 0x00BE
[1888] [M]: 0x0000000080001D6C (0x00BE9E93) slli t4, t4, 0xb
x29 <- 0x00000000103EF800

mem[X,0x0000000080001D70] -> 0x8E93
mem[X,0x0000000080001D72] -> 0x7FFE
[1889] [M]: 0x0000000080001D70 (0x7FFE8E93) addi t4, t4, 0x7ff
x29 <- 0x00000000103EFFFF

mem[X,0x0000000080001D74] -> 0x9E93
mem[X,0x0000000080001D76] -> 0x00AE
[1890] [M]: 0x0000000080001D74 (0x00AE9E93) slli t4, t4, 0xa
x29 <- 0x00000040FBFFFC00

mem[X,0x0000000080001D78] -> 0x8E93
mem[X,0x0000000080001D7A] -> 0x3FFE
[1891] [M]: 0x0000000080001D78 (0x3FFE8E93) addi t4, t4, 0x3ff
x29 <- 0x00000040FBFFFFFF

mem[X,0x0000000080001D7C] -> 0x2F9B
mem[X,0x0000000080001D7E] -> 0xEFDF
[1892] [M]: 0x0000000080001D7C (0xEFDF2F9B) sha t6, t5, t4
x31 <- 0x0200000000000004

mem[X,0x0000000080001D80] -> 0xB823
mem[X,0x0000000080001D82] -> 0x27F0
[1893] [M]: 0x0000000080001D80 (0x27F0B823) sd t6, 0x270(ra)
mem[0x0000000080005470] <- 0x0200000000000004

mem[X,0x0000000080001D84] -> 0x0F37
mem[X,0x0000000080001D86] -> 0x0004
[1894] [M]: 0x0000000080001D84 (0x00040F37) lui t5, 0x40
x30 <- 0x0000000000040000

mem[X,0x0000000080001D88] -> 0x0F13
mem[X,0x0000000080001D8A] -> 0x001F
[1895] [M]: 0x0000000080001D88 (0x001F0F13) addi t5, t5, 0x1
x30 <- 0x0000000000040001

mem[X,0x0000000080001D8C] -> 0x1F13
mem[X,0x0000000080001D8E] -> 0x01FF
[1896] [M]: 0x0000000080001D8C (0x01FF1F13) slli t5, t5, 0x1f
x30 <- 0x0002000080000000

mem[X,0x0000000080001D90] -> 0x0EB7
mem[X,0x0000000080001D92] -> 0x0000
[1897] [M]: 0x0000000080001D90 (0x00000EB7) lui t4, 0x0
x29 <- 0x0000000000000000

mem[X,0x0000000080001D94] -> 0x8E93
mem[X,0x0000000080001D96] -> 0x003E
[1898] [M]: 0x0000000080001D94 (0x003E8E93) addi t4, t4, 0x3
x29 <- 0x0000000000000003

mem[X,0x0000000080001D98] -> 0x9E93
mem[X,0x0000000080001D9A] -> 0x00BE
[1899] [M]: 0x0000000080001D98 (0x00BE9E93) slli t4, t4, 0xb
x29 <- 0x0000000000001800

clint::tick mtime <- 0x0000000000000013
 clint timer pending at mtime 0x0000000000000013
htif::tick 0x0000000000000000
mem[X,0x0000000080001D9C] -> 0x8E93
mem[X,0x0000000080001D9E] -> 0x6FFE
[1900] [M]: 0x0000000080001D9C (0x6FFE8E93) addi t4, t4, 0x6ff
x29 <- 0x0000000000001EFF

mem[X,0x0000000080001DA0] -> 0x9E93
mem[X,0x0000000080001DA2] -> 0x00BE
[1901] [M]: 0x0000000080001DA0 (0x00BE9E93) slli t4, t4, 0xb
x29 <- 0x0000000000F7F800

mem[X,0x0000000080001DA4] -> 0x8E93
mem[X,0x0000000080001DA6] -> 0x7FFE
[1902] [M]: 0x0000000080001DA4 (0x7FFE8E93) addi t4, t4, 0x7ff
x29 <- 0x0000000000F7FFFF

mem[X,0x0000000080001DA8] -> 0x9E93
mem[X,0x0000000080001DAA] -> 0x00AE
[1903] [M]: 0x0000000080001DA8 (0x00AE9E93) slli t4, t4, 0xa
x29 <- 0x00000003DFFFFC00

mem[X,0x0000000080001DAC] -> 0x8E93
mem[X,0x0000000080001DAE] -> 0x3FFE
[1904] [M]: 0x0000000080001DAC (0x3FFE8E93) addi t4, t4, 0x3ff
x29 <- 0x00000003DFFFFFFF

mem[X,0x0000000080001DB0] -> 0x2F9B
mem[X,0x0000000080001DB2] -> 0xEFDF
[1905] [M]: 0x0000000080001DB0 (0xEFDF2F9B) sha t6, t5, t4
x31 <- 0x0001000040000000

mem[X,0x0000000080001DB4] -> 0xBC23
mem[X,0x0000000080001DB6] -> 0x27F0
[1906] [M]: 0x0000000080001DB4 (0x27F0BC23) sd t6, 0x278(ra)
mem[0x0000000080005478] <- 0x0001000040000000

mem[X,0x0000000080001DB8] -> 0x0F37
mem[X,0x0000000080001DBA] -> 0x0200
[1907] [M]: 0x0000000080001DB8 (0x02000F37) lui t5, 0x2000
x30 <- 0x0000000002000000

mem[X,0x0000000080001DBC] -> 0x0F13
mem[X,0x0000000080001DBE] -> 0x001F
[1908] [M]: 0x0000000080001DBC (0x001F0F13) addi t5, t5, 0x1
x30 <- 0x0000000002000001

mem[X,0x0000000080001DC0] -> 0x1F13
mem[X,0x0000000080001DC2] -> 0x016F
[1909] [M]: 0x0000000080001DC0 (0x016F1F13) slli t5, t5, 0x16
x30 <- 0x0000800000400000

mem[X,0x0000000080001DC4] -> 0x0EB7
mem[X,0x0000000080001DC6] -> 0x0000
[1910] [M]: 0x0000000080001DC4 (0x00000EB7) lui t4, 0x0
x29 <- 0x0000000000000000

mem[X,0x0000000080001DC8] -> 0x8E93
mem[X,0x0000000080001DCA] -> 0x001E
[1911] [M]: 0x0000000080001DC8 (0x001E8E93) addi t4, t4, 0x1
x29 <- 0x0000000000000001

mem[X,0x0000000080001DCC] -> 0x9E93
mem[X,0x0000000080001DCE] -> 0x00BE
[1912] [M]: 0x0000000080001DCC (0x00BE9E93) slli t4, t4, 0xb
x29 <- 0x0000000000000800

mem[X,0x0000000080001DD0] -> 0x8E93
mem[X,0x0000000080001DD2] -> 0x555E
[1913] [M]: 0x0000000080001DD0 (0x555E8E93) addi t4, t4, 0x555
x29 <- 0x0000000000000D55

mem[X,0x0000000080001DD4] -> 0x9E93
mem[X,0x0000000080001DD6] -> 0x00BE
[1914] [M]: 0x0000000080001DD4 (0x00BE9E93) slli t4, t4, 0xb
x29 <- 0x00000000006AA800

mem[X,0x0000000080001DD8] -> 0x8E93
mem[X,0x0000000080001DDA] -> 0x2AAE
[1915] [M]: 0x0000000080001DD8 (0x2AAE8E93) addi t4, t4, 0x2aa
x29 <- 0x00000000006AAAAA

mem[X,0x0000000080001DDC] -> 0x9E93
mem[X,0x0000000080001DDE] -> 0x00AE
[1916] [M]: 0x0000000080001DDC (0x00AE9E93) slli t4, t4, 0xa
x29 <- 0x00000001AAAAA800

mem[X,0x0000000080001DE0] -> 0x8E93
mem[X,0x0000000080001DE2] -> 0x2AAE
[1917] [M]: 0x0000000080001DE0 (0x2AAE8E93) addi t4, t4, 0x2aa
x29 <- 0x00000001AAAAAAAA

mem[X,0x0000000080001DE4] -> 0x2F9B
mem[X,0x0000000080001DE6] -> 0xEFDF
[1918] [M]: 0x0000000080001DE4 (0xEFDF2F9B) sha t6, t5, t4
x31 <- 0x0000000002000001

mem[X,0x0000000080001DE8] -> 0xB023
mem[X,0x0000000080001DEA] -> 0x29F0
[1919] [M]: 0x0000000080001DE8 (0x29F0B023) sd t6, 0x280(ra)
mem[0x0000000080005480] <- 0x0000000002000001

mem[X,0x0000000080001DEC] -> 0x0F37
mem[X,0x0000000080001DEE] -> 0x0000
[1920] [M]: 0x0000000080001DEC (0x00000F37) lui t5, 0x0
x30 <- 0x0000000000000000

mem[X,0x0000000080001DF0] -> 0x0F13
mem[X,0x0000000080001DF2] -> 0x100F
[1921] [M]: 0x0000000080001DF0 (0x100F0F13) addi t5, t5, 0x100
x30 <- 0x0000000000000100

mem[X,0x0000000080001DF4] -> 0x1F13
mem[X,0x0000000080001DF6] -> 0x00BF
[1922] [M]: 0x0000000080001DF4 (0x00BF1F13) slli t5, t5, 0xb
x30 <- 0x0000000000080000

mem[X,0x0000000080001DF8] -> 0x0F13
mem[X,0x0000000080001DFA] -> 0x000F
[1923] [M]: 0x0000000080001DF8 (0x000F0F13) addi t5, t5, 0x0
x30 <- 0x0000000000080000

mem[X,0x0000000080001DFC] -> 0x1F13
mem[X,0x0000000080001DFE] -> 0x00BF
[1924] [M]: 0x0000000080001DFC (0x00BF1F13) slli t5, t5, 0xb
x30 <- 0x0000000040000000

mem[X,0x0000000080001E00] -> 0x0F13
mem[X,0x0000000080001E02] -> 0x000F
[1925] [M]: 0x0000000080001E00 (0x000F0F13) addi t5, t5, 0x0
x30 <- 0x0000000040000000

mem[X,0x0000000080001E04] -> 0x1F13
mem[X,0x0000000080001E06] -> 0x00AF
[1926] [M]: 0x0000000080001E04 (0x00AF1F13) slli t5, t5, 0xa
x30 <- 0x0000010000000000

mem[X,0x0000000080001E08] -> 0x0F13
mem[X,0x0000000080001E0A] -> 0x006F
[1927] [M]: 0x0000000080001E08 (0x006F0F13) addi t5, t5, 0x6
x30 <- 0x0000010000000006

mem[X,0x0000000080001E0C] -> 0x0EB7
mem[X,0x0000000080001E0E] -> 0x0000
[1928] [M]: 0x0000000080001E0C (0x00000EB7) lui t4, 0x0
x29 <- 0x0000000000000000

mem[X,0x0000000080001E10] -> 0x8E93
mem[X,0x0000000080001E12] -> 0x004E
[1929] [M]: 0x0000000080001E10 (0x004E8E93) addi t4, t4, 0x4
x29 <- 0x0000000000000004

mem[X,0x0000000080001E14] -> 0x9E93
mem[X,0x0000000080001E16] -> 0x00BE
[1930] [M]: 0x0000000080001E14 (0x00BE9E93) slli t4, t4, 0xb
x29 <- 0x0000000000002000

mem[X,0x0000000080001E18] -> 0x8E93
mem[X,0x0000000080001E1A] -> 0x7FFE
[1931] [M]: 0x0000000080001E18 (0x7FFE8E93) addi t4, t4, 0x7ff
x29 <- 0x00000000000027FF

mem[X,0x0000000080001E1C] -> 0x9E93
mem[X,0x0000000080001E1E] -> 0x00BE
[1932] [M]: 0x0000000080001E1C (0x00BE9E93) slli t4, t4, 0xb
x29 <- 0x00000000013FF800

mem[X,0x0000000080001E20] -> 0x8E93
mem[X,0x0000000080001E22] -> 0x7FFE
[1933] [M]: 0x0000000080001E20 (0x7FFE8E93) addi t4, t4, 0x7ff
x29 <- 0x00000000013FFFFF

mem[X,0x0000000080001E24] -> 0x9E93
mem[X,0x0000000080001E26] -> 0x00AE
[1934] [M]: 0x0000000080001E24 (0x00AE9E93) slli t4, t4, 0xa
x29 <- 0x00000004FFFFFC00

mem[X,0x0000000080001E28] -> 0x8E93
mem[X,0x0000000080001E2A] -> 0x3EFE
[1935] [M]: 0x0000000080001E28 (0x3EFE8E93) addi t4, t4, 0x3ef
x29 <- 0x00000004FFFFFFEF

mem[X,0x0000000080001E2C] -> 0x2F9B
mem[X,0x0000000080001E2E] -> 0xEFDF
[1936] [M]: 0x0000000080001E2C (0xEFDF2F9B) sha t6, t5, t4
x31 <- 0x0000000000800000

mem[X,0x0000000080001E30] -> 0xB423
mem[X,0x0000000080001E32] -> 0x29F0
[1937] [M]: 0x0000000080001E30 (0x29F0B423) sd t6, 0x288(ra)
mem[0x0000000080005488] <- 0x0000000000800000

mem[X,0x0000000080001E34] -> 0x0F37
mem[X,0x0000000080001E36] -> 0x0004
[1938] [M]: 0x0000000080001E34 (0x00040F37) lui t5, 0x40
x30 <- 0x0000000000040000

mem[X,0x0000000080001E38] -> 0x0F13
mem[X,0x0000000080001E3A] -> 0x000F
[1939] [M]: 0x0000000080001E38 (0x000F0F13) addi t5, t5, 0x0
x30 <- 0x0000000000040000

mem[X,0x0000000080001E3C] -> 0x1F13
mem[X,0x0000000080001E3E] -> 0x00BF
[1940] [M]: 0x0000000080001E3C (0x00BF1F13) slli t5, t5, 0xb
x30 <- 0x0000000020000000

mem[X,0x0000000080001E40] -> 0x0F13
mem[X,0x0000000080001E42] -> 0x3FFF
[1941] [M]: 0x0000000080001E40 (0x3FFF0F13) addi t5, t5, 0x3ff
x30 <- 0x00000000200003FF

mem[X,0x0000000080001E44] -> 0x1F13
mem[X,0x0000000080001E46] -> 0x00BF
[1942] [M]: 0x0000000080001E44 (0x00BF1F13) slli t5, t5, 0xb
x30 <- 0x00000100001FF800

mem[X,0x0000000080001E48] -> 0x0F13
mem[X,0x0000000080001E4A] -> 0x7FFF
[1943] [M]: 0x0000000080001E48 (0x7FFF0F13) addi t5, t5, 0x7ff
x30 <- 0x00000100001FFFFF

mem[X,0x0000000080001E4C] -> 0x1F13
mem[X,0x0000000080001E4E] -> 0x00AF
[1944] [M]: 0x0000000080001E4C (0x00AF1F13) slli t5, t5, 0xa
x30 <- 0x000400007FFFFC00

mem[X,0x0000000080001E50] -> 0x0F13
mem[X,0x0000000080001E52] -> 0x3FFF
[1945] [M]: 0x0000000080001E50 (0x3FFF0F13) addi t5, t5, 0x3ff
x30 <- 0x000400007FFFFFFF

mem[X,0x0000000080001E54] -> 0x1EB7
mem[X,0x0000000080001E56] -> 0x0000
[1946] [M]: 0x0000000080001E54 (0x00001EB7) lui t4, 0x1
x29 <- 0x0000000000001000

mem[X,0x0000000080001E58] -> 0x8E93
mem[X,0x0000000080001E5A] -> 0x001E
[1947] [M]: 0x0000000080001E58 (0x001E8E93) addi t4, t4, 0x1
x29 <- 0x0000000000001001

mem[X,0x0000000080001E5C] -> 0x9E93
mem[X,0x0000000080001E5E] -> 0x017E
[1948] [M]: 0x0000000080001E5C (0x017E9E93) slli t4, t4, 0x17
x29 <- 0x0000000800800000

mem[X,0x0000000080001E60] -> 0x2F9B
mem[X,0x0000000080001E62] -> 0xEFDF
[1949] [M]: 0x0000000080001E60 (0xEFDF2F9B) sha t6, t5, t4
x31 <- 0x000400007FFFFFFF

mem[X,0x0000000080001E64] -> 0xB823
mem[X,0x0000000080001E66] -> 0x29F0
[1950] [M]: 0x0000000080001E64 (0x29F0B823) sd t6, 0x290(ra)
mem[0x0000000080005490] <- 0x000400007FFFFFFF

mem[X,0x0000000080001E68] -> 0x0F37
mem[X,0x0000000080001E6A] -> 0x0100
[1951] [M]: 0x0000000080001E68 (0x01000F37) lui t5, 0x1000
x30 <- 0x0000000001000000

mem[X,0x0000000080001E6C] -> 0x0F13
mem[X,0x0000000080001E6E] -> 0x000F
[1952] [M]: 0x0000000080001E6C (0x000F0F13) addi t5, t5, 0x0
x30 <- 0x0000000001000000

mem[X,0x0000000080001E70] -> 0x1F13
mem[X,0x0000000080001E72] -> 0x00BF
[1953] [M]: 0x0000000080001E70 (0x00BF1F13) slli t5, t5, 0xb
x30 <- 0x0000000800000000

mem[X,0x0000000080001E74] -> 0x0F13
mem[X,0x0000000080001E76] -> 0x7FFF
[1954] [M]: 0x0000000080001E74 (0x7FFF0F13) addi t5, t5, 0x7ff
x30 <- 0x00000008000007FF

mem[X,0x0000000080001E78] -> 0x1F13
mem[X,0x0000000080001E7A] -> 0x00BF
[1955] [M]: 0x0000000080001E78 (0x00BF1F13) slli t5, t5, 0xb
x30 <- 0x00004000003FF800

mem[X,0x0000000080001E7C] -> 0x0F13
mem[X,0x0000000080001E7E] -> 0x7FDF
[1956] [M]: 0x0000000080001E7C (0x7FDF0F13) addi t5, t5, 0x7fd
x30 <- 0x00004000003FFFFD

mem[X,0x0000000080001E80] -> 0x1F13
mem[X,0x0000000080001E82] -> 0x00AF
[1957] [M]: 0x0000000080001E80 (0x00AF1F13) slli t5, t5, 0xa
x30 <- 0x01000000FFFFF400

mem[X,0x0000000080001E84] -> 0x0F13
mem[X,0x0000000080001E86] -> 0x3FFF
[1958] [M]: 0x0000000080001E84 (0x3FFF0F13) addi t5, t5, 0x3ff
x30 <- 0x01000000FFFFF7FF

mem[X,0x0000000080001E88] -> 0x0EB7
mem[X,0x0000000080001E8A] -> 0x0000
[1959] [M]: 0x0000000080001E88 (0x00000EB7) lui t4, 0x0
x29 <- 0x0000000000000000

mem[X,0x0000000080001E8C] -> 0x8E93
mem[X,0x0000000080001E8E] -> 0x400E
[1960] [M]: 0x0000000080001E8C (0x400E8E93) addi t4, t4, 0x400
x29 <- 0x0000000000000400

mem[X,0x0000000080001E90] -> 0x9E93
mem[X,0x0000000080001E92] -> 0x00BE
[1961] [M]: 0x0000000080001E90 (0x00BE9E93) slli t4, t4, 0xb
x29 <- 0x0000000000200000

mem[X,0x0000000080001E94] -> 0x8E93
mem[X,0x0000000080001E96] -> 0x7FDE
[1962] [M]: 0x0000000080001E94 (0x7FDE8E93) addi t4, t4, 0x7fd
x29 <- 0x00000000002007FD

mem[X,0x0000000080001E98] -> 0x9E93
mem[X,0x0000000080001E9A] -> 0x00BE
[1963] [M]: 0x0000000080001E98 (0x00BE9E93) slli t4, t4, 0xb
x29 <- 0x00000001003FE800

mem[X,0x0000000080001E9C] -> 0x8E93
mem[X,0x0000000080001E9E] -> 0x7FFE
[1964] [M]: 0x0000000080001E9C (0x7FFE8E93) addi t4, t4, 0x7ff
x29 <- 0x00000001003FEFFF

mem[X,0x0000000080001EA0] -> 0x9E93
mem[X,0x0000000080001EA2] -> 0x00AE
[1965] [M]: 0x0000000080001EA0 (0x00AE9E93) slli t4, t4, 0xa
x29 <- 0x00000400FFBFFC00

mem[X,0x0000000080001EA4] -> 0x8E93
mem[X,0x0000000080001EA6] -> 0x3FFE
[1966] [M]: 0x0000000080001EA4 (0x3FFE8E93) addi t4, t4, 0x3ff
x29 <- 0x00000400FFBFFFFF

mem[X,0x0000000080001EA8] -> 0x2F9B
mem[X,0x0000000080001EAA] -> 0xEFDF
[1967] [M]: 0x0000000080001EA8 (0xEFDF2F9B) sha t6, t5, t4
x31 <- 0x008000007FFFFBFF

mem[X,0x0000000080001EAC] -> 0xBC23
mem[X,0x0000000080001EAE] -> 0x29F0
[1968] [M]: 0x0000000080001EAC (0x29F0BC23) sd t6, 0x298(ra)
mem[0x0000000080005498] <- 0x008000007FFFFBFF

mem[X,0x0000000080001EB0] -> 0x0F37
mem[X,0x0000000080001EB2] -> 0x0020
[1969] [M]: 0x0000000080001EB0 (0x00200F37) lui t5, 0x200
x30 <- 0x0000000000200000

mem[X,0x0000000080001EB4] -> 0x0F13
mem[X,0x0000000080001EB6] -> 0x000F
[1970] [M]: 0x0000000080001EB4 (0x000F0F13) addi t5, t5, 0x0
x30 <- 0x0000000000200000

mem[X,0x0000000080001EB8] -> 0x1F13
mem[X,0x0000000080001EBA] -> 0x00BF
[1971] [M]: 0x0000000080001EB8 (0x00BF1F13) slli t5, t5, 0xb
x30 <- 0x0000000100000000

mem[X,0x0000000080001EBC] -> 0x0F13
mem[X,0x0000000080001EBE] -> 0x7FFF
[1972] [M]: 0x0000000080001EBC (0x7FFF0F13) addi t5, t5, 0x7ff
x30 <- 0x00000001000007FF

mem[X,0x0000000080001EC0] -> 0x1F13
mem[X,0x0000000080001EC2] -> 0x00BF
[1973] [M]: 0x0000000080001EC0 (0x00BF1F13) slli t5, t5, 0xb
x30 <- 0x00000800003FF800

mem[X,0x0000000080001EC4] -> 0x0F13
mem[X,0x0000000080001EC6] -> 0x7FFF
[1974] [M]: 0x0000000080001EC4 (0x7FFF0F13) addi t5, t5, 0x7ff
x30 <- 0x00000800003FFFFF

mem[X,0x0000000080001EC8] -> 0x1F13
mem[X,0x0000000080001ECA] -> 0x00AF
[1975] [M]: 0x0000000080001EC8 (0x00AF1F13) slli t5, t5, 0xa
x30 <- 0x00200000FFFFFC00

mem[X,0x0000000080001ECC] -> 0x0F13
mem[X,0x0000000080001ECE] -> 0x3FCF
[1976] [M]: 0x0000000080001ECC (0x3FCF0F13) addi t5, t5, 0x3fc
x30 <- 0x00200000FFFFFFFC

mem[X,0x0000000080001ED0] -> 0x0EB7
mem[X,0x0000000080001ED2] -> 0x8000
[1977] [M]: 0x0000000080001ED0 (0x80000EB7) lui t4, -0x80000
x29 <- 0xFFFFFFFF80000000

mem[X,0x0000000080001ED4] -> 0x8E93
mem[X,0x0000000080001ED6] -> 0xFFFE
[1978] [M]: 0x0000000080001ED4 (0xFFFE8E93) addi t4, t4, -0x1
x29 <- 0xFFFFFFFF7FFFFFFF

mem[X,0x0000000080001ED8] -> 0x9E93
mem[X,0x0000000080001EDA] -> 0x00BE
[1979] [M]: 0x0000000080001ED8 (0x00BE9E93) slli t4, t4, 0xb
x29 <- 0xFFFFFBFFFFFFF800

mem[X,0x0000000080001EDC] -> 0x8E93
mem[X,0x0000000080001EDE] -> 0x7FFE
[1980] [M]: 0x0000000080001EDC (0x7FFE8E93) addi t4, t4, 0x7ff
x29 <- 0xFFFFFBFFFFFFFFFF

mem[X,0x0000000080001EE0] -> 0x9E93
mem[X,0x0000000080001EE2] -> 0x00BE
[1981] [M]: 0x0000000080001EE0 (0x00BE9E93) slli t4, t4, 0xb
x29 <- 0xFFDFFFFFFFFFF800

mem[X,0x0000000080001EE4] -> 0x8E93
mem[X,0x0000000080001EE6] -> 0x7BFE
[1982] [M]: 0x0000000080001EE4 (0x7BFE8E93) addi t4, t4, 0x7bf
x29 <- 0xFFDFFFFFFFFFFFBF

mem[X,0x0000000080001EE8] -> 0x9E93
mem[X,0x0000000080001EEA] -> 0x00AE
[1983] [M]: 0x0000000080001EE8 (0x00AE9E93) slli t4, t4, 0xa
x29 <- 0x7FFFFFFFFFFEFC00

mem[X,0x0000000080001EEC] -> 0x8E93
mem[X,0x0000000080001EEE] -> 0x3FFE
[1984] [M]: 0x0000000080001EEC (0x3FFE8E93) addi t4, t4, 0x3ff
x29 <- 0x7FFFFFFFFFFEFFFF

mem[X,0x0000000080001EF0] -> 0x2F9B
mem[X,0x0000000080001EF2] -> 0xEFDF
[1985] [M]: 0x0000000080001EF0 (0xEFDF2F9B) sha t6, t5, t4
x31 <- 0x001000007FFFFFFE

mem[X,0x0000000080001EF4] -> 0xB023
mem[X,0x0000000080001EF6] -> 0x2BF0
[1986] [M]: 0x0000000080001EF4 (0x2BF0B023) sd t6, 0x2a0(ra)
mem[0x00000000800054A0] <- 0x001000007FFFFFFE

mem[X,0x0000000080001EF8] -> 0x0F37
mem[X,0x0000000080001EFA] -> 0x0040
[1987] [M]: 0x0000000080001EF8 (0x00400F37) lui t5, 0x400
x30 <- 0x0000000000400000

mem[X,0x0000000080001EFC] -> 0x0F13
mem[X,0x0000000080001EFE] -> 0x000F
[1988] [M]: 0x0000000080001EFC (0x000F0F13) addi t5, t5, 0x0
x30 <- 0x0000000000400000

mem[X,0x0000000080001F00] -> 0x1F13
mem[X,0x0000000080001F02] -> 0x00BF
[1989] [M]: 0x0000000080001F00 (0x00BF1F13) slli t5, t5, 0xb
x30 <- 0x0000000200000000

mem[X,0x0000000080001F04] -> 0x0F13
mem[X,0x0000000080001F06] -> 0x000F
[1990] [M]: 0x0000000080001F04 (0x000F0F13) addi t5, t5, 0x0
x30 <- 0x0000000200000000

mem[X,0x0000000080001F08] -> 0x1F13
mem[X,0x0000000080001F0A] -> 0x00BF
[1991] [M]: 0x0000000080001F08 (0x00BF1F13) slli t5, t5, 0xb
x30 <- 0x0000100000000000

mem[X,0x0000000080001F0C] -> 0x0F13
mem[X,0x0000000080001F0E] -> 0x040F
[1992] [M]: 0x0000000080001F0C (0x040F0F13) addi t5, t5, 0x40
x30 <- 0x0000100000000040

mem[X,0x0000000080001F10] -> 0x1F13
mem[X,0x0000000080001F12] -> 0x00AF
[1993] [M]: 0x0000000080001F10 (0x00AF1F13) slli t5, t5, 0xa
x30 <- 0x0040000000010000

mem[X,0x0000000080001F14] -> 0x0EB7
mem[X,0x0000000080001F16] -> 0x0400
[1994] [M]: 0x0000000080001F14 (0x04000EB7) lui t4, 0x4000
x29 <- 0x0000000004000000

mem[X,0x0000000080001F18] -> 0x8E93
mem[X,0x0000000080001F1A] -> 0x000E
[1995] [M]: 0x0000000080001F18 (0x000E8E93) addi t4, t4, 0x0
x29 <- 0x0000000004000000

mem[X,0x0000000080001F1C] -> 0x9E93
mem[X,0x0000000080001F1E] -> 0x00BE
[1996] [M]: 0x0000000080001F1C (0x00BE9E93) slli t4, t4, 0xb
x29 <- 0x0000002000000000

mem[X,0x0000000080001F20] -> 0x8E93
mem[X,0x0000000080001F22] -> 0x000E
[1997] [M]: 0x0000000080001F20 (0x000E8E93) addi t4, t4, 0x0
x29 <- 0x0000002000000000

mem[X,0x0000000080001F24] -> 0x9E93
mem[X,0x0000000080001F26] -> 0x00BE
[1998] [M]: 0x0000000080001F24 (0x00BE9E93) slli t4, t4, 0xb
x29 <- 0x0001000000000000

mem[X,0x0000000080001F28] -> 0x8E93
mem[X,0x0000000080001F2A] -> 0x000E
[1999] [M]: 0x0000000080001F28 (0x000E8E93) addi t4, t4, 0x0
x29 <- 0x0001000000000000

clint::tick mtime <- 0x0000000000000014
 clint timer pending at mtime 0x0000000000000014
htif::tick 0x0000000000000000
mem[X,0x0000000080001F2C] -> 0x9E93
mem[X,0x0000000080001F2E] -> 0x00AE
[2000] [M]: 0x0000000080001F2C (0x00AE9E93) slli t4, t4, 0xa
x29 <- 0x0400000000000000

mem[X,0x0000000080001F30] -> 0x8E93
mem[X,0x0000000080001F32] -> 0x002E
[2001] [M]: 0x0000000080001F30 (0x002E8E93) addi t4, t4, 0x2
x29 <- 0x0400000000000002

mem[X,0x0000000080001F34] -> 0x2F9B
mem[X,0x0000000080001F36] -> 0xEFDF
[2002] [M]: 0x0000000080001F34 (0xEFDF2F9B) sha t6, t5, t4
x31 <- 0x0100000000040000

mem[X,0x0000000080001F38] -> 0xB423
mem[X,0x0000000080001F3A] -> 0x2BF0
[2003] [M]: 0x0000000080001F38 (0x2BF0B423) sd t6, 0x2a8(ra)
mem[0x00000000800054A8] <- 0x0100000000040000

mem[X,0x0000000080001F3C] -> 0x0F37
mem[X,0x0000000080001F3E] -> 0x0004
[2004] [M]: 0x0000000080001F3C (0x00040F37) lui t5, 0x40
x30 <- 0x0000000000040000

mem[X,0x0000000080001F40] -> 0x0F13
mem[X,0x0000000080001F42] -> 0x000F
[2005] [M]: 0x0000000080001F40 (0x000F0F13) addi t5, t5, 0x0
x30 <- 0x0000000000040000

mem[X,0x0000000080001F44] -> 0x1F13
mem[X,0x0000000080001F46] -> 0x00BF
[2006] [M]: 0x0000000080001F44 (0x00BF1F13) slli t5, t5, 0xb
x30 <- 0x0000000020000000

mem[X,0x0000000080001F48] -> 0x0F13
mem[X,0x0000000080001F4A] -> 0x6FFF
[2007] [M]: 0x0000000080001F48 (0x6FFF0F13) addi t5, t5, 0x6ff
x30 <- 0x00000000200006FF

mem[X,0x0000000080001F4C] -> 0x1F13
mem[X,0x0000000080001F4E] -> 0x00BF
[2008] [M]: 0x0000000080001F4C (0x00BF1F13) slli t5, t5, 0xb
x30 <- 0x000001000037F800

mem[X,0x0000000080001F50] -> 0x0F13
mem[X,0x0000000080001F52] -> 0x7FFF
[2009] [M]: 0x0000000080001F50 (0x7FFF0F13) addi t5, t5, 0x7ff
x30 <- 0x000001000037FFFF

mem[X,0x0000000080001F54] -> 0x1F13
mem[X,0x0000000080001F56] -> 0x00AF
[2010] [M]: 0x0000000080001F54 (0x00AF1F13) slli t5, t5, 0xa
x30 <- 0x00040000DFFFFC00

mem[X,0x0000000080001F58] -> 0x0F13
mem[X,0x0000000080001F5A] -> 0x3FFF
[2011] [M]: 0x0000000080001F58 (0x3FFF0F13) addi t5, t5, 0x3ff
x30 <- 0x00040000DFFFFFFF

mem[X,0x0000000080001F5C] -> 0x4EB7
mem[X,0x0000000080001F5E] -> 0x0000
[2012] [M]: 0x0000000080001F5C (0x00004EB7) lui t4, 0x4
x29 <- 0x0000000000004000

mem[X,0x0000000080001F60] -> 0x8E93
mem[X,0x0000000080001F62] -> 0x000E
[2013] [M]: 0x0000000080001F60 (0x000E8E93) addi t4, t4, 0x0
x29 <- 0x0000000000004000

mem[X,0x0000000080001F64] -> 0x9E93
mem[X,0x0000000080001F66] -> 0x00BE
[2014] [M]: 0x0000000080001F64 (0x00BE9E93) slli t4, t4, 0xb
x29 <- 0x0000000002000000

mem[X,0x0000000080001F68] -> 0x8E93
mem[X,0x0000000080001F6A] -> 0x000E
[2015] [M]: 0x0000000080001F68 (0x000E8E93) addi t4, t4, 0x0
x29 <- 0x0000000002000000

mem[X,0x0000000080001F6C] -> 0x9E93
mem[X,0x0000000080001F6E] -> 0x00BE
[2016] [M]: 0x0000000080001F6C (0x00BE9E93) slli t4, t4, 0xb
x29 <- 0x0000001000000000

mem[X,0x0000000080001F70] -> 0x8E93
mem[X,0x0000000080001F72] -> 0x000E
[2017] [M]: 0x0000000080001F70 (0x000E8E93) addi t4, t4, 0x0
x29 <- 0x0000001000000000

mem[X,0x0000000080001F74] -> 0x9E93
mem[X,0x0000000080001F76] -> 0x00AE
[2018] [M]: 0x0000000080001F74 (0x00AE9E93) slli t4, t4, 0xa
x29 <- 0x0000400000000000

mem[X,0x0000000080001F78] -> 0x8E93
mem[X,0x0000000080001F7A] -> 0x003E
[2019] [M]: 0x0000000080001F78 (0x003E8E93) addi t4, t4, 0x3
x29 <- 0x0000400000000003

mem[X,0x0000000080001F7C] -> 0x2F9B
mem[X,0x0000000080001F7E] -> 0xEFDF
[2020] [M]: 0x0000000080001F7C (0xEFDF2F9B) sha t6, t5, t4
x31 <- 0x00200006FFFFFFF8

mem[X,0x0000000080001F80] -> 0xB823
mem[X,0x0000000080001F82] -> 0x2BF0
[2021] [M]: 0x0000000080001F80 (0x2BF0B823) sd t6, 0x2b0(ra)
mem[0x00000000800054B0] <- 0x00200006FFFFFFF8

mem[X,0x0000000080001F84] -> 0x1F37
mem[X,0x0000000080001F86] -> 0x0000
[2022] [M]: 0x0000000080001F84 (0x00001F37) lui t5, 0x1
x30 <- 0x0000000000001000

mem[X,0x0000000080001F88] -> 0x0F13
mem[X,0x0000000080001F8A] -> 0x000F
[2023] [M]: 0x0000000080001F88 (0x000F0F13) addi t5, t5, 0x0
x30 <- 0x0000000000001000

mem[X,0x0000000080001F8C] -> 0x1F13
mem[X,0x0000000080001F8E] -> 0x00BF
[2024] [M]: 0x0000000080001F8C (0x00BF1F13) slli t5, t5, 0xb
x30 <- 0x0000000000800000

mem[X,0x0000000080001F90] -> 0x0F13
mem[X,0x0000000080001F92] -> 0x7FFF
[2025] [M]: 0x0000000080001F90 (0x7FFF0F13) addi t5, t5, 0x7ff
x30 <- 0x00000000008007FF

mem[X,0x0000000080001F94] -> 0x1F13
mem[X,0x0000000080001F96] -> 0x00BF
[2026] [M]: 0x0000000080001F94 (0x00BF1F13) slli t5, t5, 0xb
x30 <- 0x00000004003FF800

mem[X,0x0000000080001F98] -> 0x0F13
mem[X,0x0000000080001F9A] -> 0x3FFF
[2027] [M]: 0x0000000080001F98 (0x3FFF0F13) addi t5, t5, 0x3ff
x30 <- 0x00000004003FFBFF

mem[X,0x0000000080001F9C] -> 0x1F13
mem[X,0x0000000080001F9E] -> 0x00AF
[2028] [M]: 0x0000000080001F9C (0x00AF1F13) slli t5, t5, 0xa
x30 <- 0x00001000FFEFFC00

mem[X,0x0000000080001FA0] -> 0x0F13
mem[X,0x0000000080001FA2] -> 0x3FFF
[2029] [M]: 0x0000000080001FA0 (0x3FFF0F13) addi t5, t5, 0x3ff
x30 <- 0x00001000FFEFFFFF

mem[X,0x0000000080001FA4] -> 0x0EB7
mem[X,0x0000000080001FA6] -> 0x0001
[2030] [M]: 0x0000000080001FA4 (0x00010EB7) lui t4, 0x10
x29 <- 0x0000000000010000

mem[X,0x0000000080001FA8] -> 0x8E93
mem[X,0x0000000080001FAA] -> 0x000E
[2031] [M]: 0x0000000080001FA8 (0x000E8E93) addi t4, t4, 0x0
x29 <- 0x0000000000010000

mem[X,0x0000000080001FAC] -> 0x9E93
mem[X,0x0000000080001FAE] -> 0x00BE
[2032] [M]: 0x0000000080001FAC (0x00BE9E93) slli t4, t4, 0xb
x29 <- 0x0000000008000000

mem[X,0x0000000080001FB0] -> 0x8E93
mem[X,0x0000000080001FB2] -> 0x000E
[2033] [M]: 0x0000000080001FB0 (0x000E8E93) addi t4, t4, 0x0
x29 <- 0x0000000008000000

mem[X,0x0000000080001FB4] -> 0x9E93
mem[X,0x0000000080001FB6] -> 0x00BE
[2034] [M]: 0x0000000080001FB4 (0x00BE9E93) slli t4, t4, 0xb
x29 <- 0x0000004000000000

mem[X,0x0000000080001FB8] -> 0x8E93
mem[X,0x0000000080001FBA] -> 0x001E
[2035] [M]: 0x0000000080001FB8 (0x001E8E93) addi t4, t4, 0x1
x29 <- 0x0000004000000001

mem[X,0x0000000080001FBC] -> 0x9E93
mem[X,0x0000000080001FBE] -> 0x00AE
[2036] [M]: 0x0000000080001FBC (0x00AE9E93) slli t4, t4, 0xa
x29 <- 0x0001000000000400

mem[X,0x0000000080001FC0] -> 0x2F9B
mem[X,0x0000000080001FC2] -> 0xEFDF
[2037] [M]: 0x0000000080001FC0 (0xEFDF2F9B) sha t6, t5, t4
x31 <- 0x00001000FFEFFFFF

mem[X,0x0000000080001FC4] -> 0xBC23
mem[X,0x0000000080001FC6] -> 0x2BF0
[2038] [M]: 0x0000000080001FC4 (0x2BF0BC23) sd t6, 0x2b8(ra)
mem[0x00000000800054B8] <- 0x00001000FFEFFFFF

mem[X,0x0000000080001FC8] -> 0x0F37
mem[X,0x0000000080001FCA] -> 0x0000
[2039] [M]: 0x0000000080001FC8 (0x00000F37) lui t5, 0x0
x30 <- 0x0000000000000000

mem[X,0x0000000080001FCC] -> 0x0F13
mem[X,0x0000000080001FCE] -> 0xFDFF
[2040] [M]: 0x0000000080001FCC (0xFDFF0F13) addi t5, t5, -0x21
x30 <- 0xFFFFFFFFFFFFFFDF

mem[X,0x0000000080001FD0] -> 0x1F13
mem[X,0x0000000080001FD2] -> 0x00BF
[2041] [M]: 0x0000000080001FD0 (0x00BF1F13) slli t5, t5, 0xb
x30 <- 0xFFFFFFFFFFFEF800

mem[X,0x0000000080001FD4] -> 0x0F13
mem[X,0x0000000080001FD6] -> 0x000F
[2042] [M]: 0x0000000080001FD4 (0x000F0F13) addi t5, t5, 0x0
x30 <- 0xFFFFFFFFFFFEF800

mem[X,0x0000000080001FD8] -> 0x1F13
mem[X,0x0000000080001FDA] -> 0x00BF
[2043] [M]: 0x0000000080001FD8 (0x00BF1F13) slli t5, t5, 0xb
x30 <- 0xFFFFFFFFF7C00000

mem[X,0x0000000080001FDC] -> 0x0F13
mem[X,0x0000000080001FDE] -> 0x080F
[2044] [M]: 0x0000000080001FDC (0x080F0F13) addi t5, t5, 0x80
x30 <- 0xFFFFFFFFF7C00080

mem[X,0x0000000080001FE0] -> 0x1F13
mem[X,0x0000000080001FE2] -> 0x00AF
[2045] [M]: 0x0000000080001FE0 (0x00AF1F13) slli t5, t5, 0xa
x30 <- 0xFFFFFFDF00020000

mem[X,0x0000000080001FE4] -> 0x0EB7
mem[X,0x0000000080001FE6] -> 0x0002
[2046] [M]: 0x0000000080001FE4 (0x00020EB7) lui t4, 0x20
x29 <- 0x0000000000020000

mem[X,0x0000000080001FE8] -> 0x8E93
mem[X,0x0000000080001FEA] -> 0x000E
[2047] [M]: 0x0000000080001FE8 (0x000E8E93) addi t4, t4, 0x0
x29 <- 0x0000000000020000

mem[X,0x0000000080001FEC] -> 0x9E93
mem[X,0x0000000080001FEE] -> 0x00BE
[2048] [M]: 0x0000000080001FEC (0x00BE9E93) slli t4, t4, 0xb
x29 <- 0x0000000010000000

mem[X,0x0000000080001FF0] -> 0x8E93
mem[X,0x0000000080001FF2] -> 0x000E
[2049] [M]: 0x0000000080001FF0 (0x000E8E93) addi t4, t4, 0x0
x29 <- 0x0000000010000000

mem[X,0x0000000080001FF4] -> 0x9E93
mem[X,0x0000000080001FF6] -> 0x00BE
[2050] [M]: 0x0000000080001FF4 (0x00BE9E93) slli t4, t4, 0xb
x29 <- 0x0000008000000000

mem[X,0x0000000080001FF8] -> 0x8E93
mem[X,0x0000000080001FFA] -> 0x000E
[2051] [M]: 0x0000000080001FF8 (0x000E8E93) addi t4, t4, 0x0
x29 <- 0x0000008000000000

mem[X,0x0000000080001FFC] -> 0x9E93
mem[X,0x0000000080001FFE] -> 0x00AE
[2052] [M]: 0x0000000080001FFC (0x00AE9E93) slli t4, t4, 0xa
x29 <- 0x0002000000000000

mem[X,0x0000000080002000] -> 0x8E93
mem[X,0x0000000080002002] -> 0x200E
[2053] [M]: 0x0000000080002000 (0x200E8E93) addi t4, t4, 0x200
x29 <- 0x0002000000000200

mem[X,0x0000000080002004] -> 0x2F9B
mem[X,0x0000000080002006] -> 0xEFDF
[2054] [M]: 0x0000000080002004 (0xEFDF2F9B) sha t6, t5, t4
x31 <- 0xFFFFFFDF00020000

mem[X,0x0000000080002008] -> 0xB023
mem[X,0x000000008000200A] -> 0x2DF0
[2055] [M]: 0x0000000080002008 (0x2DF0B023) sd t6, 0x2c0(ra)
mem[0x00000000800054C0] <- 0xFFFFFFDF00020000

mem[X,0x000000008000200C] -> 0x0F37
mem[X,0x000000008000200E] -> 0xFFFC
[2056] [M]: 0x000000008000200C (0xFFFC0F37) lui t5, -0x40
x30 <- 0xFFFFFFFFFFFC0000

mem[X,0x0000000080002010] -> 0x0F13
mem[X,0x0000000080002012] -> 0xFFFF
[2057] [M]: 0x0000000080002010 (0xFFFF0F13) addi t5, t5, -0x1
x30 <- 0xFFFFFFFFFFFBFFFF

mem[X,0x0000000080002014] -> 0x1F13
mem[X,0x0000000080002016] -> 0x00BF
[2058] [M]: 0x0000000080002014 (0x00BF1F13) slli t5, t5, 0xb
x30 <- 0xFFFFFFFFDFFFF800

mem[X,0x0000000080002018] -> 0x0F13
mem[X,0x000000008000201A] -> 0x7FFF
[2059] [M]: 0x0000000080002018 (0x7FFF0F13) addi t5, t5, 0x7ff
x30 <- 0xFFFFFFFFDFFFFFFF

mem[X,0x000000008000201C] -> 0x1F13
mem[X,0x000000008000201E] -> 0x00BF
[2060] [M]: 0x000000008000201C (0x00BF1F13) slli t5, t5, 0xb
x30 <- 0xFFFFFEFFFFFFF800

mem[X,0x0000000080002020] -> 0x0F13
mem[X,0x0000000080002022] -> 0x7FDF
[2061] [M]: 0x0000000080002020 (0x7FDF0F13) addi t5, t5, 0x7fd
x30 <- 0xFFFFFEFFFFFFFFFD

mem[X,0x0000000080002024] -> 0x1F13
mem[X,0x0000000080002026] -> 0x00AF
[2062] [M]: 0x0000000080002024 (0x00AF1F13) slli t5, t5, 0xa
x30 <- 0xFFFBFFFFFFFFF400

mem[X,0x0000000080002028] -> 0x0F13
mem[X,0x000000008000202A] -> 0x3FFF
[2063] [M]: 0x0000000080002028 (0x3FFF0F13) addi t5, t5, 0x3ff
x30 <- 0xFFFBFFFFFFFFF7FF

mem[X,0x000000008000202C] -> 0x0EB7
mem[X,0x000000008000202E] -> 0xFE00
[2064] [M]: 0x000000008000202C (0xFE000EB7) lui t4, -0x2000
x29 <- 0xFFFFFFFFFE000000

mem[X,0x0000000080002030] -> 0x8E93
mem[X,0x0000000080002032] -> 0xFFFE
[2065] [M]: 0x0000000080002030 (0xFFFE8E93) addi t4, t4, -0x1
x29 <- 0xFFFFFFFFFDFFFFFF

mem[X,0x0000000080002034] -> 0x9E93
mem[X,0x0000000080002036] -> 0x00BE
[2066] [M]: 0x0000000080002034 (0x00BE9E93) slli t4, t4, 0xb
x29 <- 0xFFFFFFEFFFFFF800

mem[X,0x0000000080002038] -> 0x8E93
mem[X,0x000000008000203A] -> 0x000E
[2067] [M]: 0x0000000080002038 (0x000E8E93) addi t4, t4, 0x0
x29 <- 0xFFFFFFEFFFFFF800

mem[X,0x000000008000203C] -> 0x9E93
mem[X,0x000000008000203E] -> 0x00BE
[2068] [M]: 0x000000008000203C (0x00BE9E93) slli t4, t4, 0xb
x29 <- 0xFFFF7FFFFFC00000

mem[X,0x0000000080002040] -> 0x8E93
mem[X,0x0000000080002042] -> 0x100E
[2069] [M]: 0x0000000080002040 (0x100E8E93) addi t4, t4, 0x100
x29 <- 0xFFFF7FFFFFC00100

mem[X,0x0000000080002044] -> 0x9E93
mem[X,0x0000000080002046] -> 0x00AE
[2070] [M]: 0x0000000080002044 (0x00AE9E93) slli t4, t4, 0xa
x29 <- 0xFDFFFFFF00040000

mem[X,0x0000000080002048] -> 0x2F9B
mem[X,0x000000008000204A] -> 0xEFDF
[2071] [M]: 0x0000000080002048 (0xEFDF2F9B) sha t6, t5, t4
x31 <- 0xFFFBFFFFFFFFF7FF

mem[X,0x000000008000204C] -> 0xB423
mem[X,0x000000008000204E] -> 0x2DF0
[2072] [M]: 0x000000008000204C (0x2DF0B423) sd t6, 0x2c8(ra)
mem[0x00000000800054C8] <- 0xFFFBFFFFFFFFF7FF

mem[X,0x0000000080002050] -> 0x0F37
mem[X,0x0000000080002052] -> 0x1000
[2073] [M]: 0x0000000080002050 (0x10000F37) lui t5, 0x10000
x30 <- 0x0000000010000000

mem[X,0x0000000080002054] -> 0x0F13
mem[X,0x0000000080002056] -> 0x000F
[2074] [M]: 0x0000000080002054 (0x000F0F13) addi t5, t5, 0x0
x30 <- 0x0000000010000000

mem[X,0x0000000080002058] -> 0x1F13
mem[X,0x000000008000205A] -> 0x00BF
[2075] [M]: 0x0000000080002058 (0x00BF1F13) slli t5, t5, 0xb
x30 <- 0x0000008000000000

mem[X,0x000000008000205C] -> 0x0F13
mem[X,0x000000008000205E] -> 0x008F
[2076] [M]: 0x000000008000205C (0x008F0F13) addi t5, t5, 0x8
x30 <- 0x0000008000000008

mem[X,0x0000000080002060] -> 0x1F13
mem[X,0x0000000080002062] -> 0x00BF
[2077] [M]: 0x0000000080002060 (0x00BF1F13) slli t5, t5, 0xb
x30 <- 0x0004000000004000

mem[X,0x0000000080002064] -> 0x0F13
mem[X,0x0000000080002066] -> 0x000F
[2078] [M]: 0x0000000080002064 (0x000F0F13) addi t5, t5, 0x0
x30 <- 0x0004000000004000

mem[X,0x0000000080002068] -> 0x1F13
mem[X,0x000000008000206A] -> 0x00AF
[2079] [M]: 0x0000000080002068 (0x00AF1F13) slli t5, t5, 0xa
x30 <- 0x1000000001000000

mem[X,0x000000008000206C] -> 0xEEB7
mem[X,0x000000008000206E] -> 0xFFFF
[2080] [M]: 0x000000008000206C (0xFFFFEEB7) lui t4, -0x2
x29 <- 0xFFFFFFFFFFFFE000

mem[X,0x0000000080002070] -> 0x8E93
mem[X,0x0000000080002072] -> 0xFFFE
[2081] [M]: 0x0000000080002070 (0xFFFE8E93) addi t4, t4, -0x1
x29 <- 0xFFFFFFFFFFFFDFFF

mem[X,0x0000000080002074] -> 0x9E93
mem[X,0x0000000080002076] -> 0x00BE
[2082] [M]: 0x0000000080002074 (0x00BE9E93) slli t4, t4, 0xb
x29 <- 0xFFFFFFFFFEFFF800

mem[X,0x0000000080002078] -> 0x8E93
mem[X,0x000000008000207A] -> 0x000E
[2083] [M]: 0x0000000080002078 (0x000E8E93) addi t4, t4, 0x0
x29 <- 0xFFFFFFFFFEFFF800

mem[X,0x000000008000207C] -> 0x9E93
mem[X,0x000000008000207E] -> 0x00BE
[2084] [M]: 0x000000008000207C (0x00BE9E93) slli t4, t4, 0xb
x29 <- 0xFFFFFFF7FFC00000

mem[X,0x0000000080002080] -> 0x8E93
mem[X,0x0000000080002082] -> 0x400E
[2085] [M]: 0x0000000080002080 (0x400E8E93) addi t4, t4, 0x400
x29 <- 0xFFFFFFF7FFC00400

mem[X,0x0000000080002084] -> 0x9E93
mem[X,0x0000000080002086] -> 0x00AE
[2086] [M]: 0x0000000080002084 (0x00AE9E93) slli t4, t4, 0xa
x29 <- 0xFFFFDFFF00100000

mem[X,0x0000000080002088] -> 0x2F9B
mem[X,0x000000008000208A] -> 0xEFDF
[2087] [M]: 0x0000000080002088 (0xEFDF2F9B) sha t6, t5, t4
x31 <- 0x1000000001000000

mem[X,0x000000008000208C] -> 0xB823
mem[X,0x000000008000208E] -> 0x2DF0
[2088] [M]: 0x000000008000208C (0x2DF0B823) sd t6, 0x2d0(ra)
mem[0x00000000800054D0] <- 0x1000000001000000

mem[X,0x0000000080002090] -> 0x0F37
mem[X,0x0000000080002092] -> 0x0000
[2089] [M]: 0x0000000080002090 (0x00000F37) lui t5, 0x0
x30 <- 0x0000000000000000

mem[X,0x0000000080002094] -> 0x0F13
mem[X,0x0000000080002096] -> 0x008F
[2090] [M]: 0x0000000080002094 (0x008F0F13) addi t5, t5, 0x8
x30 <- 0x0000000000000008

mem[X,0x0000000080002098] -> 0x1F13
mem[X,0x000000008000209A] -> 0x00BF
[2091] [M]: 0x0000000080002098 (0x00BF1F13) slli t5, t5, 0xb
x30 <- 0x0000000000004000

mem[X,0x000000008000209C] -> 0x0F13
mem[X,0x000000008000209E] -> 0x7FFF
[2092] [M]: 0x000000008000209C (0x7FFF0F13) addi t5, t5, 0x7ff
x30 <- 0x00000000000047FF

mem[X,0x00000000800020A0] -> 0x1F13
mem[X,0x00000000800020A2] -> 0x00BF
[2093] [M]: 0x00000000800020A0 (0x00BF1F13) slli t5, t5, 0xb
x30 <- 0x00000000023FF800

mem[X,0x00000000800020A4] -> 0x0F13
mem[X,0x00000000800020A6] -> 0x7FFF
[2094] [M]: 0x00000000800020A4 (0x7FFF0F13) addi t5, t5, 0x7ff
x30 <- 0x00000000023FFFFF

mem[X,0x00000000800020A8] -> 0x1F13
mem[X,0x00000000800020AA] -> 0x00AF
[2095] [M]: 0x00000000800020A8 (0x00AF1F13) slli t5, t5, 0xa
x30 <- 0x00000008FFFFFC00

mem[X,0x00000000800020AC] -> 0x0F13
mem[X,0x00000000800020AE] -> 0x3FCF
[2096] [M]: 0x00000000800020AC (0x3FCF0F13) addi t5, t5, 0x3fc
x30 <- 0x00000008FFFFFFFC

mem[X,0x00000000800020B0] -> 0x0EB7
mem[X,0x00000000800020B2] -> 0x0040
[2097] [M]: 0x00000000800020B0 (0x00400EB7) lui t4, 0x400
x29 <- 0x0000000000400000

mem[X,0x00000000800020B4] -> 0x8E93
mem[X,0x00000000800020B6] -> 0x000E
[2098] [M]: 0x00000000800020B4 (0x000E8E93) addi t4, t4, 0x0
x29 <- 0x0000000000400000

mem[X,0x00000000800020B8] -> 0x9E93
mem[X,0x00000000800020BA] -> 0x00BE
[2099] [M]: 0x00000000800020B8 (0x00BE9E93) slli t4, t4, 0xb
x29 <- 0x0000000200000000

clint::tick mtime <- 0x0000000000000015
 clint timer pending at mtime 0x0000000000000015
htif::tick 0x0000000000000000
mem[X,0x00000000800020BC] -> 0x8E93
mem[X,0x00000000800020BE] -> 0x000E
[2100] [M]: 0x00000000800020BC (0x000E8E93) addi t4, t4, 0x0
x29 <- 0x0000000200000000

mem[X,0x00000000800020C0] -> 0x9E93
mem[X,0x00000000800020C2] -> 0x00BE
[2101] [M]: 0x00000000800020C0 (0x00BE9E93) slli t4, t4, 0xb
x29 <- 0x0000100000000000

mem[X,0x00000000800020C4] -> 0x8E93
mem[X,0x00000000800020C6] -> 0x000E
[2102] [M]: 0x00000000800020C4 (0x000E8E93) addi t4, t4, 0x0
x29 <- 0x0000100000000000

mem[X,0x00000000800020C8] -> 0x9E93
mem[X,0x00000000800020CA] -> 0x00AE
[2103] [M]: 0x00000000800020C8 (0x00AE9E93) slli t4, t4, 0xa
x29 <- 0x0040000000000000

mem[X,0x00000000800020CC] -> 0x8E93
mem[X,0x00000000800020CE] -> 0x001E
[2104] [M]: 0x00000000800020CC (0x001E8E93) addi t4, t4, 0x1
x29 <- 0x0040000000000001

mem[X,0x00000000800020D0] -> 0x2F9B
mem[X,0x00000000800020D2] -> 0xEFDF
[2105] [M]: 0x00000000800020D0 (0xEFDF2F9B) sha t6, t5, t4
x31 <- 0x00000011FFFFFFF8

mem[X,0x00000000800020D4] -> 0xBC23
mem[X,0x00000000800020D6] -> 0x2DF0
[2106] [M]: 0x00000000800020D4 (0x2DF0BC23) sd t6, 0x2d8(ra)
mem[0x00000000800054D8] <- 0x00000011FFFFFFF8

mem[X,0x00000000800020D8] -> 0x0F13
mem[X,0x00000000800020DA] -> 0x0050
[2107] [M]: 0x00000000800020D8 (0x00500F13) addi t5, zero, 0x5
x30 <- 0x0000000000000005

mem[X,0x00000000800020DC] -> 0x1F13
mem[X,0x00000000800020DE] -> 0x020F
[2108] [M]: 0x00000000800020DC (0x020F1F13) slli t5, t5, 0x20
x30 <- 0x0000000500000000

mem[X,0x00000000800020E0] -> 0x0EB7
mem[X,0x00000000800020E2] -> 0x0080
[2109] [M]: 0x00000000800020E0 (0x00800EB7) lui t4, 0x800
x29 <- 0x0000000000800000

mem[X,0x00000000800020E4] -> 0x8E93
mem[X,0x00000000800020E6] -> 0x000E
[2110] [M]: 0x00000000800020E4 (0x000E8E93) addi t4, t4, 0x0
x29 <- 0x0000000000800000

mem[X,0x00000000800020E8] -> 0x9E93
mem[X,0x00000000800020EA] -> 0x00BE
[2111] [M]: 0x00000000800020E8 (0x00BE9E93) slli t4, t4, 0xb
x29 <- 0x0000000400000000

mem[X,0x00000000800020EC] -> 0x8E93
mem[X,0x00000000800020EE] -> 0x7FFE
[2112] [M]: 0x00000000800020EC (0x7FFE8E93) addi t4, t4, 0x7ff
x29 <- 0x00000004000007FF

mem[X,0x00000000800020F0] -> 0x9E93
mem[X,0x00000000800020F2] -> 0x00BE
[2113] [M]: 0x00000000800020F0 (0x00BE9E93) slli t4, t4, 0xb
x29 <- 0x00002000003FF800

mem[X,0x00000000800020F4] -> 0x8E93
mem[X,0x00000000800020F6] -> 0x7FEE
[2114] [M]: 0x00000000800020F4 (0x7FEE8E93) addi t4, t4, 0x7fe
x29 <- 0x00002000003FFFFE

mem[X,0x00000000800020F8] -> 0x9E93
mem[X,0x00000000800020FA] -> 0x00AE
[2115] [M]: 0x00000000800020F8 (0x00AE9E93) slli t4, t4, 0xa
x29 <- 0x00800000FFFFF800

mem[X,0x00000000800020FC] -> 0x8E93
mem[X,0x00000000800020FE] -> 0x3FFE
[2116] [M]: 0x00000000800020FC (0x3FFE8E93) addi t4, t4, 0x3ff
x29 <- 0x00800000FFFFFBFF

mem[X,0x0000000080002100] -> 0x2F9B
mem[X,0x0000000080002102] -> 0xEFDF
[2117] [M]: 0x0000000080002100 (0xEFDF2F9B) sha t6, t5, t4
x31 <- 0x0000000280000000

mem[X,0x0000000080002104] -> 0xB023
mem[X,0x0000000080002106] -> 0x2FF0
[2118] [M]: 0x0000000080002104 (0x2FF0B023) sd t6, 0x2e0(ra)
mem[0x00000000800054E0] <- 0x0000000280000000

mem[X,0x0000000080002108] -> 0x0F37
mem[X,0x000000008000210A] -> 0x0000
[2119] [M]: 0x0000000080002108 (0x00000F37) lui t5, 0x0
x30 <- 0x0000000000000000

mem[X,0x000000008000210C] -> 0x0F13
mem[X,0x000000008000210E] -> 0xFFBF
[2120] [M]: 0x000000008000210C (0xFFBF0F13) addi t5, t5, -0x5
x30 <- 0xFFFFFFFFFFFFFFFB

mem[X,0x0000000080002110] -> 0x1F13
mem[X,0x0000000080002112] -> 0x00BF
[2121] [M]: 0x0000000080002110 (0x00BF1F13) slli t5, t5, 0xb
x30 <- 0xFFFFFFFFFFFFD800

mem[X,0x0000000080002114] -> 0x0F13
mem[X,0x0000000080002116] -> 0x1FFF
[2122] [M]: 0x0000000080002114 (0x1FFF0F13) addi t5, t5, 0x1ff
x30 <- 0xFFFFFFFFFFFFD9FF

mem[X,0x0000000080002118] -> 0x1F13
mem[X,0x000000008000211A] -> 0x00BF
[2123] [M]: 0x0000000080002118 (0x00BF1F13) slli t5, t5, 0xb
x30 <- 0xFFFFFFFFFECFF800

mem[X,0x000000008000211C] -> 0x0F13
mem[X,0x000000008000211E] -> 0x7FFF
[2124] [M]: 0x000000008000211C (0x7FFF0F13) addi t5, t5, 0x7ff
x30 <- 0xFFFFFFFFFECFFFFF

mem[X,0x0000000080002120] -> 0x1F13
mem[X,0x0000000080002122] -> 0x00AF
[2125] [M]: 0x0000000080002120 (0x00AF1F13) slli t5, t5, 0xa
x30 <- 0xFFFFFFFB3FFFFC00

mem[X,0x0000000080002124] -> 0x0F13
mem[X,0x0000000080002126] -> 0x3FFF
[2126] [M]: 0x0000000080002124 (0x3FFF0F13) addi t5, t5, 0x3ff
x30 <- 0xFFFFFFFB3FFFFFFF

mem[X,0x0000000080002128] -> 0x0EB7
mem[X,0x000000008000212A] -> 0x0008
[2127] [M]: 0x0000000080002128 (0x00080EB7) lui t4, 0x80
x29 <- 0x0000000000080000

mem[X,0x000000008000212C] -> 0x8E93
mem[X,0x000000008000212E] -> 0x001E
[2128] [M]: 0x000000008000212C (0x001E8E93) addi t4, t4, 0x1
x29 <- 0x0000000000080001

mem[X,0x0000000080002130] -> 0x9E93
mem[X,0x0000000080002132] -> 0x01AE
[2129] [M]: 0x0000000080002130 (0x01AE9E93) slli t4, t4, 0x1a
x29 <- 0x0000200004000000

mem[X,0x0000000080002134] -> 0x2F9B
mem[X,0x0000000080002136] -> 0xEFDF
[2130] [M]: 0x0000000080002134 (0xEFDF2F9B) sha t6, t5, t4
x31 <- 0xFFFFFFFB3FFFFFFF

mem[X,0x0000000080002138] -> 0xB423
mem[X,0x000000008000213A] -> 0x2FF0
[2131] [M]: 0x0000000080002138 (0x2FF0B423) sd t6, 0x2e8(ra)
mem[0x00000000800054E8] <- 0xFFFFFFFB3FFFFFFF

mem[X,0x000000008000213C] -> 0x0F37
mem[X,0x000000008000213E] -> 0x0000
[2132] [M]: 0x000000008000213C (0x00000F37) lui t5, 0x0
x30 <- 0x0000000000000000

mem[X,0x0000000080002140] -> 0x0F13
mem[X,0x0000000080002142] -> 0xFEFF
[2133] [M]: 0x0000000080002140 (0xFEFF0F13) addi t5, t5, -0x11
x30 <- 0xFFFFFFFFFFFFFFEF

mem[X,0x0000000080002144] -> 0x1F13
mem[X,0x0000000080002146] -> 0x00BF
[2134] [M]: 0x0000000080002144 (0x00BF1F13) slli t5, t5, 0xb
x30 <- 0xFFFFFFFFFFFF7800

mem[X,0x0000000080002148] -> 0x0F13
mem[X,0x000000008000214A] -> 0x7FFF
[2135] [M]: 0x0000000080002148 (0x7FFF0F13) addi t5, t5, 0x7ff
x30 <- 0xFFFFFFFFFFFF7FFF

mem[X,0x000000008000214C] -> 0x1F13
mem[X,0x000000008000214E] -> 0x00BF
[2136] [M]: 0x000000008000214C (0x00BF1F13) slli t5, t5, 0xb
x30 <- 0xFFFFFFFFFBFFF800

mem[X,0x0000000080002150] -> 0x0F13
mem[X,0x0000000080002152] -> 0x7FFF
[2137] [M]: 0x0000000080002150 (0x7FFF0F13) addi t5, t5, 0x7ff
x30 <- 0xFFFFFFFFFBFFFFFF

mem[X,0x0000000080002154] -> 0x1F13
mem[X,0x0000000080002156] -> 0x00AF
[2138] [M]: 0x0000000080002154 (0x00AF1F13) slli t5, t5, 0xa
x30 <- 0xFFFFFFEFFFFFFC00

mem[X,0x0000000080002158] -> 0x0F13
mem[X,0x000000008000215A] -> 0x3F8F
[2139] [M]: 0x0000000080002158 (0x3F8F0F13) addi t5, t5, 0x3f8
x30 <- 0xFFFFFFEFFFFFFFF8

mem[X,0x000000008000215C] -> 0x0EB7
mem[X,0x000000008000215E] -> 0x0040
[2140] [M]: 0x000000008000215C (0x00400EB7) lui t4, 0x400
x29 <- 0x0000000000400000

mem[X,0x0000000080002160] -> 0x8E93
mem[X,0x0000000080002162] -> 0x000E
[2141] [M]: 0x0000000080002160 (0x000E8E93) addi t4, t4, 0x0
x29 <- 0x0000000000400000

mem[X,0x0000000080002164] -> 0x9E93
mem[X,0x0000000080002166] -> 0x00BE
[2142] [M]: 0x0000000080002164 (0x00BE9E93) slli t4, t4, 0xb
x29 <- 0x0000000200000000

mem[X,0x0000000080002168] -> 0x8E93
mem[X,0x000000008000216A] -> 0x7FFE
[2143] [M]: 0x0000000080002168 (0x7FFE8E93) addi t4, t4, 0x7ff
x29 <- 0x00000002000007FF

mem[X,0x000000008000216C] -> 0x9E93
mem[X,0x000000008000216E] -> 0x00BE
[2144] [M]: 0x000000008000216C (0x00BE9E93) slli t4, t4, 0xb
x29 <- 0x00001000003FF800

mem[X,0x0000000080002170] -> 0x8E93
mem[X,0x0000000080002172] -> 0x7FFE
[2145] [M]: 0x0000000080002170 (0x7FFE8E93) addi t4, t4, 0x7ff
x29 <- 0x00001000003FFFFF

mem[X,0x0000000080002174] -> 0x9E93
mem[X,0x0000000080002176] -> 0x00AE
[2146] [M]: 0x0000000080002174 (0x00AE9E93) slli t4, t4, 0xa
x29 <- 0x00400000FFFFFC00

mem[X,0x0000000080002178] -> 0x8E93
mem[X,0x000000008000217A] -> 0x1FFE
[2147] [M]: 0x0000000080002178 (0x1FFE8E93) addi t4, t4, 0x1ff
x29 <- 0x00400000FFFFFDFF

mem[X,0x000000008000217C] -> 0x2F9B
mem[X,0x000000008000217E] -> 0xEFDF
[2148] [M]: 0x000000008000217C (0xEFDF2F9B) sha t6, t5, t4
x31 <- 0xFFFFFFF7FFFFFFFC

mem[X,0x0000000080002180] -> 0xB823
mem[X,0x0000000080002182] -> 0x2FF0
[2149] [M]: 0x0000000080002180 (0x2FF0B823) sd t6, 0x2f0(ra)
mem[0x00000000800054F0] <- 0xFFFFFFF7FFFFFFFC

mem[X,0x0000000080002184] -> 0xFF37
mem[X,0x0000000080002186] -> 0xFFFF
[2150] [M]: 0x0000000080002184 (0xFFFFFF37) lui t5, -0x1
x30 <- 0xFFFFFFFFFFFFF000

mem[X,0x0000000080002188] -> 0x0F13
mem[X,0x000000008000218A] -> 0xFFFF
[2151] [M]: 0x0000000080002188 (0xFFFF0F13) addi t5, t5, -0x1
x30 <- 0xFFFFFFFFFFFFEFFF

mem[X,0x000000008000218C] -> 0x1F13
mem[X,0x000000008000218E] -> 0x00BF
[2152] [M]: 0x000000008000218C (0x00BF1F13) slli t5, t5, 0xb
x30 <- 0xFFFFFFFFFF7FF800

mem[X,0x0000000080002190] -> 0x0F13
mem[X,0x0000000080002192] -> 0x000F
[2153] [M]: 0x0000000080002190 (0x000F0F13) addi t5, t5, 0x0
x30 <- 0xFFFFFFFFFF7FF800

mem[X,0x0000000080002194] -> 0x1F13
mem[X,0x0000000080002196] -> 0x00BF
[2154] [M]: 0x0000000080002194 (0x00BF1F13) slli t5, t5, 0xb
x30 <- 0xFFFFFFFBFFC00000

mem[X,0x0000000080002198] -> 0x0F13
mem[X,0x000000008000219A] -> 0x400F
[2155] [M]: 0x0000000080002198 (0x400F0F13) addi t5, t5, 0x400
x30 <- 0xFFFFFFFBFFC00400

mem[X,0x000000008000219C] -> 0x1F13
mem[X,0x000000008000219E] -> 0x00AF
[2156] [M]: 0x000000008000219C (0x00AF1F13) slli t5, t5, 0xa
x30 <- 0xFFFFEFFF00100000

mem[X,0x00000000800021A0] -> 0x0EB7
mem[X,0x00000000800021A2] -> 0x0080
[2157] [M]: 0x00000000800021A0 (0x00800EB7) lui t4, 0x800
x29 <- 0x0000000000800000

mem[X,0x00000000800021A4] -> 0x8E93
mem[X,0x00000000800021A6] -> 0x000E
[2158] [M]: 0x00000000800021A4 (0x000E8E93) addi t4, t4, 0x0
x29 <- 0x0000000000800000

mem[X,0x00000000800021A8] -> 0x9E93
mem[X,0x00000000800021AA] -> 0x00BE
[2159] [M]: 0x00000000800021A8 (0x00BE9E93) slli t4, t4, 0xb
x29 <- 0x0000000400000000

mem[X,0x00000000800021AC] -> 0x8E93
mem[X,0x00000000800021AE] -> 0x000E
[2160] [M]: 0x00000000800021AC (0x000E8E93) addi t4, t4, 0x0
x29 <- 0x0000000400000000

mem[X,0x00000000800021B0] -> 0x9E93
mem[X,0x00000000800021B2] -> 0x00BE
[2161] [M]: 0x00000000800021B0 (0x00BE9E93) slli t4, t4, 0xb
x29 <- 0x0000200000000000

mem[X,0x00000000800021B4] -> 0x8E93
mem[X,0x00000000800021B6] -> 0x400E
[2162] [M]: 0x00000000800021B4 (0x400E8E93) addi t4, t4, 0x400
x29 <- 0x0000200000000400

mem[X,0x00000000800021B8] -> 0x9E93
mem[X,0x00000000800021BA] -> 0x00AE
[2163] [M]: 0x00000000800021B8 (0x00AE9E93) slli t4, t4, 0xa
x29 <- 0x0080000000100000

mem[X,0x00000000800021BC] -> 0x2F9B
mem[X,0x00000000800021BE] -> 0xEFDF
[2164] [M]: 0x00000000800021BC (0xEFDF2F9B) sha t6, t5, t4
x31 <- 0xFFFFEFFF00100000

mem[X,0x00000000800021C0] -> 0xBC23
mem[X,0x00000000800021C2] -> 0x2FF0
[2165] [M]: 0x00000000800021C0 (0x2FF0BC23) sd t6, 0x2f8(ra)
mem[0x00000000800054F8] <- 0xFFFFEFFF00100000

mem[X,0x00000000800021C4] -> 0x0F37
mem[X,0x00000000800021C6] -> 0x0010
[2166] [M]: 0x00000000800021C4 (0x00100F37) lui t5, 0x100
x30 <- 0x0000000000100000

mem[X,0x00000000800021C8] -> 0x0F13
mem[X,0x00000000800021CA] -> 0x000F
[2167] [M]: 0x00000000800021C8 (0x000F0F13) addi t5, t5, 0x0
x30 <- 0x0000000000100000

mem[X,0x00000000800021CC] -> 0x1F13
mem[X,0x00000000800021CE] -> 0x00BF
[2168] [M]: 0x00000000800021CC (0x00BF1F13) slli t5, t5, 0xb
x30 <- 0x0000000080000000

mem[X,0x00000000800021D0] -> 0x0F13
mem[X,0x00000000800021D2] -> 0x7FFF
[2169] [M]: 0x00000000800021D0 (0x7FFF0F13) addi t5, t5, 0x7ff
x30 <- 0x00000000800007FF

mem[X,0x00000000800021D4] -> 0x1F13
mem[X,0x00000000800021D6] -> 0x00BF
[2170] [M]: 0x00000000800021D4 (0x00BF1F13) slli t5, t5, 0xb
x30 <- 0x00000400003FF800

mem[X,0x00000000800021D8] -> 0x0F13
mem[X,0x00000000800021DA] -> 0x7FFF
[2171] [M]: 0x00000000800021D8 (0x7FFF0F13) addi t5, t5, 0x7ff
x30 <- 0x00000400003FFFFF

mem[X,0x00000000800021DC] -> 0x1F13
mem[X,0x00000000800021DE] -> 0x00AF
[2172] [M]: 0x00000000800021DC (0x00AF1F13) slli t5, t5, 0xa
x30 <- 0x00100000FFFFFC00

mem[X,0x00000000800021E0] -> 0x0F13
mem[X,0x00000000800021E2] -> 0x3F7F
[2173] [M]: 0x00000000800021E0 (0x3F7F0F13) addi t5, t5, 0x3f7
x30 <- 0x00100000FFFFFFF7

mem[X,0x00000000800021E4] -> 0x0EB7
mem[X,0x00000000800021E6] -> 0x0000
[2174] [M]: 0x00000000800021E4 (0x00000EB7) lui t4, 0x0
x29 <- 0x0000000000000000

mem[X,0x00000000800021E8] -> 0x8E93
mem[X,0x00000000800021EA] -> 0xEFFE
[2175] [M]: 0x00000000800021E8 (0xEFFE8E93) addi t4, t4, -0x101
x29 <- 0xFFFFFFFFFFFFFEFF

mem[X,0x00000000800021EC] -> 0x9E93
mem[X,0x00000000800021EE] -> 0x00BE
[2176] [M]: 0x00000000800021EC (0x00BE9E93) slli t4, t4, 0xb
x29 <- 0xFFFFFFFFFFF7F800

mem[X,0x00000000800021F0] -> 0x8E93
mem[X,0x00000000800021F2] -> 0x77FE
[2177] [M]: 0x00000000800021F0 (0x77FE8E93) addi t4, t4, 0x77f
x29 <- 0xFFFFFFFFFFF7FF7F

mem[X,0x00000000800021F4] -> 0x9E93
mem[X,0x00000000800021F6] -> 0x00BE
[2178] [M]: 0x00000000800021F4 (0x00BE9E93) slli t4, t4, 0xb
x29 <- 0xFFFFFFFFBFFBF800

mem[X,0x00000000800021F8] -> 0x8E93
mem[X,0x00000000800021FA] -> 0x7FFE
[2179] [M]: 0x00000000800021F8 (0x7FFE8E93) addi t4, t4, 0x7ff
x29 <- 0xFFFFFFFFBFFBFFFF

mem[X,0x00000000800021FC] -> 0x9E93
mem[X,0x00000000800021FE] -> 0x00AE
[2180] [M]: 0x00000000800021FC (0x00AE9E93) slli t4, t4, 0xa
x29 <- 0xFFFFFEFFEFFFFC00

mem[X,0x0000000080002200] -> 0x8E93
mem[X,0x0000000080002202] -> 0x3FFE
[2181] [M]: 0x0000000080002200 (0x3FFE8E93) addi t4, t4, 0x3ff
x29 <- 0xFFFFFEFFEFFFFFFF

mem[X,0x0000000080002204] -> 0x2F9B
mem[X,0x0000000080002206] -> 0xEFDF
[2182] [M]: 0x0000000080002204 (0xEFDF2F9B) sha t6, t5, t4
x31 <- 0x000800007FFFFFFB

mem[X,0x0000000080002208] -> 0xB023
mem[X,0x000000008000220A] -> 0x31F0
[2183] [M]: 0x0000000080002208 (0x31F0B023) sd t6, 0x300(ra)
mem[0x0000000080005500] <- 0x000800007FFFFFFB

mem[X,0x000000008000220C] -> 0x0F37
mem[X,0x000000008000220E] -> 0x0000
[2184] [M]: 0x000000008000220C (0x00000F37) lui t5, 0x0
x30 <- 0x0000000000000000

mem[X,0x0000000080002210] -> 0x0F13
mem[X,0x0000000080002212] -> 0x200F
[2185] [M]: 0x0000000080002210 (0x200F0F13) addi t5, t5, 0x200
x30 <- 0x0000000000000200

mem[X,0x0000000080002214] -> 0x1F13
mem[X,0x0000000080002216] -> 0x00BF
[2186] [M]: 0x0000000080002214 (0x00BF1F13) slli t5, t5, 0xb
x30 <- 0x0000000000100000

mem[X,0x0000000080002218] -> 0x0F13
mem[X,0x000000008000221A] -> 0x000F
[2187] [M]: 0x0000000080002218 (0x000F0F13) addi t5, t5, 0x0
x30 <- 0x0000000000100000

mem[X,0x000000008000221C] -> 0x1F13
mem[X,0x000000008000221E] -> 0x00BF
[2188] [M]: 0x000000008000221C (0x00BF1F13) slli t5, t5, 0xb
x30 <- 0x0000000080000000

mem[X,0x0000000080002220] -> 0x0F13
mem[X,0x0000000080002222] -> 0x000F
[2189] [M]: 0x0000000080002220 (0x000F0F13) addi t5, t5, 0x0
x30 <- 0x0000000080000000

mem[X,0x0000000080002224] -> 0x1F13
mem[X,0x0000000080002226] -> 0x00AF
[2190] [M]: 0x0000000080002224 (0x00AF1F13) slli t5, t5, 0xa
x30 <- 0x0000020000000000

mem[X,0x0000000080002228] -> 0x0F13
mem[X,0x000000008000222A] -> 0x001F
[2191] [M]: 0x0000000080002228 (0x001F0F13) addi t5, t5, 0x1
x30 <- 0x0000020000000001

mem[X,0x000000008000222C] -> 0x0EB7
mem[X,0x000000008000222E] -> 0x0000
[2192] [M]: 0x000000008000222C (0x00000EB7) lui t4, 0x0
x29 <- 0x0000000000000000

mem[X,0x0000000080002230] -> 0x8E93
mem[X,0x0000000080002232] -> 0xDFFE
[2193] [M]: 0x0000000080002230 (0xDFFE8E93) addi t4, t4, -0x201
x29 <- 0xFFFFFFFFFFFFFDFF

mem[X,0x0000000080002234] -> 0x9E93
mem[X,0x0000000080002236] -> 0x00BE
[2194] [M]: 0x0000000080002234 (0x00BE9E93) slli t4, t4, 0xb
x29 <- 0xFFFFFFFFFFEFF800

mem[X,0x0000000080002238] -> 0x8E93
mem[X,0x000000008000223A] -> 0x000E
[2195] [M]: 0x0000000080002238 (0x000E8E93) addi t4, t4, 0x0
x29 <- 0xFFFFFFFFFFEFF800

mem[X,0x000000008000223C] -> 0x9E93
mem[X,0x000000008000223E] -> 0x00BE
[2196] [M]: 0x000000008000223C (0x00BE9E93) slli t4, t4, 0xb
x29 <- 0xFFFFFFFF7FC00000

mem[X,0x0000000080002240] -> 0x8E93
mem[X,0x0000000080002242] -> 0x100E
[2197] [M]: 0x0000000080002240 (0x100E8E93) addi t4, t4, 0x100
x29 <- 0xFFFFFFFF7FC00100

mem[X,0x0000000080002244] -> 0x9E93
mem[X,0x0000000080002246] -> 0x00AE
[2198] [M]: 0x0000000080002244 (0x00AE9E93) slli t4, t4, 0xa
x29 <- 0xFFFFFDFF00040000

mem[X,0x0000000080002248] -> 0x2F9B
mem[X,0x000000008000224A] -> 0xEFDF
[2199] [M]: 0x0000000080002248 (0xEFDF2F9B) sha t6, t5, t4
x31 <- 0x0000020000000001

clint::tick mtime <- 0x0000000000000016
 clint timer pending at mtime 0x0000000000000016
htif::tick 0x0000000000000000
mem[X,0x000000008000224C] -> 0xB423
mem[X,0x000000008000224E] -> 0x31F0
[2200] [M]: 0x000000008000224C (0x31F0B423) sd t6, 0x308(ra)
mem[0x0000000080005508] <- 0x0000020000000001

mem[X,0x0000000080002250] -> 0x0F37
mem[X,0x0000000080002252] -> 0x0018
[2201] [M]: 0x0000000080002250 (0x00180F37) lui t5, 0x180
x30 <- 0x0000000000180000

mem[X,0x0000000080002254] -> 0x0F13
mem[X,0x0000000080002256] -> 0x001F
[2202] [M]: 0x0000000080002254 (0x001F0F13) addi t5, t5, 0x1
x30 <- 0x0000000000180001

mem[X,0x0000000080002258] -> 0x1F13
mem[X,0x000000008000225A] -> 0x00EF
[2203] [M]: 0x0000000080002258 (0x00EF1F13) slli t5, t5, 0xe
x30 <- 0x0000000600004000

mem[X,0x000000008000225C] -> 0x0EB7
mem[X,0x000000008000225E] -> 0x0000
[2204] [M]: 0x000000008000225C (0x00000EB7) lui t4, 0x0
x29 <- 0x0000000000000000

mem[X,0x0000000080002260] -> 0x8E93
mem[X,0x0000000080002262] -> 0xBFFE
[2205] [M]: 0x0000000080002260 (0xBFFE8E93) addi t4, t4, -0x401
x29 <- 0xFFFFFFFFFFFFFBFF

mem[X,0x0000000080002264] -> 0x9E93
mem[X,0x0000000080002266] -> 0x00BE
[2206] [M]: 0x0000000080002264 (0x00BE9E93) slli t4, t4, 0xb
x29 <- 0xFFFFFFFFFFDFF800

mem[X,0x0000000080002268] -> 0x8E93
mem[X,0x000000008000226A] -> 0x002E
[2207] [M]: 0x0000000080002268 (0x002E8E93) addi t4, t4, 0x2
x29 <- 0xFFFFFFFFFFDFF802

mem[X,0x000000008000226C] -> 0x9E93
mem[X,0x000000008000226E] -> 0x00BE
[2208] [M]: 0x000000008000226C (0x00BE9E93) slli t4, t4, 0xb
x29 <- 0xFFFFFFFEFFC01000

mem[X,0x0000000080002270] -> 0x8E93
mem[X,0x0000000080002272] -> 0x000E
[2209] [M]: 0x0000000080002270 (0x000E8E93) addi t4, t4, 0x0
x29 <- 0xFFFFFFFEFFC01000

mem[X,0x0000000080002274] -> 0x9E93
mem[X,0x0000000080002276] -> 0x00AE
[2210] [M]: 0x0000000080002274 (0x00AE9E93) slli t4, t4, 0xa
x29 <- 0xFFFFFBFF00400000

mem[X,0x0000000080002278] -> 0x2F9B
mem[X,0x000000008000227A] -> 0xEFDF
[2211] [M]: 0x0000000080002278 (0xEFDF2F9B) sha t6, t5, t4
x31 <- 0x0000000600004000

mem[X,0x000000008000227C] -> 0xB823
mem[X,0x000000008000227E] -> 0x31F0
[2212] [M]: 0x000000008000227C (0x31F0B823) sd t6, 0x310(ra)
mem[0x0000000080005510] <- 0x0000000600004000

mem[X,0x0000000080002280] -> 0x0F37
mem[X,0x0000000080002282] -> 0x0000
[2213] [M]: 0x0000000080002280 (0x00000F37) lui t5, 0x0
x30 <- 0x0000000000000000

mem[X,0x0000000080002284] -> 0x0F13
mem[X,0x0000000080002286] -> 0xDFFF
[2214] [M]: 0x0000000080002284 (0xDFFF0F13) addi t5, t5, -0x201
x30 <- 0xFFFFFFFFFFFFFDFF

mem[X,0x0000000080002288] -> 0x1F13
mem[X,0x000000008000228A] -> 0x00BF
[2215] [M]: 0x0000000080002288 (0x00BF1F13) slli t5, t5, 0xb
x30 <- 0xFFFFFFFFFFEFF800

mem[X,0x000000008000228C] -> 0x0F13
mem[X,0x000000008000228E] -> 0x3FFF
[2216] [M]: 0x000000008000228C (0x3FFF0F13) addi t5, t5, 0x3ff
x30 <- 0xFFFFFFFFFFEFFBFF

mem[X,0x0000000080002290] -> 0x1F13
mem[X,0x0000000080002292] -> 0x00BF
[2217] [M]: 0x0000000080002290 (0x00BF1F13) slli t5, t5, 0xb
x30 <- 0xFFFFFFFF7FDFF800

mem[X,0x0000000080002294] -> 0x0F13
mem[X,0x0000000080002296] -> 0x7FFF
[2218] [M]: 0x0000000080002294 (0x7FFF0F13) addi t5, t5, 0x7ff
x30 <- 0xFFFFFFFF7FDFFFFF

mem[X,0x0000000080002298] -> 0x1F13
mem[X,0x000000008000229A] -> 0x00AF
[2219] [M]: 0x0000000080002298 (0x00AF1F13) slli t5, t5, 0xa
x30 <- 0xFFFFFDFF7FFFFC00

mem[X,0x000000008000229C] -> 0x0F13
mem[X,0x000000008000229E] -> 0x3FFF
[2220] [M]: 0x000000008000229C (0x3FFF0F13) addi t5, t5, 0x3ff
x30 <- 0xFFFFFDFF7FFFFFFF

mem[X,0x00000000800022A0] -> 0xFEB7
mem[X,0x00000000800022A2] -> 0xFFFF
[2221] [M]: 0x00000000800022A0 (0xFFFFFEB7) lui t4, -0x1
x29 <- 0xFFFFFFFFFFFFF000

mem[X,0x00000000800022A4] -> 0x8E93
mem[X,0x00000000800022A6] -> 0x7FFE
[2222] [M]: 0x00000000800022A4 (0x7FFE8E93) addi t4, t4, 0x7ff
x29 <- 0xFFFFFFFFFFFFF7FF

mem[X,0x00000000800022A8] -> 0x9E93
mem[X,0x00000000800022AA] -> 0x00BE
[2223] [M]: 0x00000000800022A8 (0x00BE9E93) slli t4, t4, 0xb
x29 <- 0xFFFFFFFFFFBFF800

mem[X,0x00000000800022AC] -> 0x8E93
mem[X,0x00000000800022AE] -> 0x008E
[2224] [M]: 0x00000000800022AC (0x008E8E93) addi t4, t4, 0x8
x29 <- 0xFFFFFFFFFFBFF808

mem[X,0x00000000800022B0] -> 0x9E93
mem[X,0x00000000800022B2] -> 0x00BE
[2225] [M]: 0x00000000800022B0 (0x00BE9E93) slli t4, t4, 0xb
x29 <- 0xFFFFFFFDFFC04000

mem[X,0x00000000800022B4] -> 0x8E93
mem[X,0x00000000800022B6] -> 0x000E
[2226] [M]: 0x00000000800022B4 (0x000E8E93) addi t4, t4, 0x0
x29 <- 0xFFFFFFFDFFC04000

mem[X,0x00000000800022B8] -> 0x9E93
mem[X,0x00000000800022BA] -> 0x00AE
[2227] [M]: 0x00000000800022B8 (0x00AE9E93) slli t4, t4, 0xa
x29 <- 0xFFFFF7FF01000000

mem[X,0x00000000800022BC] -> 0x2F9B
mem[X,0x00000000800022BE] -> 0xEFDF
[2228] [M]: 0x00000000800022BC (0xEFDF2F9B) sha t6, t5, t4
x31 <- 0xFFFFFDFF7FFFFFFF

mem[X,0x00000000800022C0] -> 0xBC23
mem[X,0x00000000800022C2] -> 0x31F0
[2229] [M]: 0x00000000800022C0 (0x31F0BC23) sd t6, 0x318(ra)
mem[0x0000000080005518] <- 0xFFFFFDFF7FFFFFFF

mem[X,0x00000000800022C4] -> 0x0F37
mem[X,0x00000000800022C6] -> 0xFFF0
[2230] [M]: 0x00000000800022C4 (0xFFF00F37) lui t5, -0x100
x30 <- 0xFFFFFFFFFFF00000

mem[X,0x00000000800022C8] -> 0x0F13
mem[X,0x00000000800022CA] -> 0xFFFF
[2231] [M]: 0x00000000800022C8 (0xFFFF0F13) addi t5, t5, -0x1
x30 <- 0xFFFFFFFFFFEFFFFF

mem[X,0x00000000800022CC] -> 0x1F13
mem[X,0x00000000800022CE] -> 0x00BF
[2232] [M]: 0x00000000800022CC (0x00BF1F13) slli t5, t5, 0xb
x30 <- 0xFFFFFFFF7FFFF800

mem[X,0x00000000800022D0] -> 0x0F13
mem[X,0x00000000800022D2] -> 0x555F
[2233] [M]: 0x00000000800022D0 (0x555F0F13) addi t5, t5, 0x555
x30 <- 0xFFFFFFFF7FFFFD55

mem[X,0x00000000800022D4] -> 0x1F13
mem[X,0x00000000800022D6] -> 0x00BF
[2234] [M]: 0x00000000800022D4 (0x00BF1F13) slli t5, t5, 0xb
x30 <- 0xFFFFFBFFFFEAA800

mem[X,0x00000000800022D8] -> 0x0F13
mem[X,0x00000000800022DA] -> 0x2AAF
[2235] [M]: 0x00000000800022D8 (0x2AAF0F13) addi t5, t5, 0x2aa
x30 <- 0xFFFFFBFFFFEAAAAA

mem[X,0x00000000800022DC] -> 0x1F13
mem[X,0x00000000800022DE] -> 0x00AF
[2236] [M]: 0x00000000800022DC (0x00AF1F13) slli t5, t5, 0xa
x30 <- 0xFFEFFFFFAAAAA800

mem[X,0x00000000800022E0] -> 0x0F13
mem[X,0x00000000800022E2] -> 0x2AAF
[2237] [M]: 0x00000000800022E0 (0x2AAF0F13) addi t5, t5, 0x2aa
x30 <- 0xFFEFFFFFAAAAAAAA

mem[X,0x00000000800022E4] -> 0x0EB7
mem[X,0x00000000800022E6] -> 0xFFF0
[2238] [M]: 0x00000000800022E4 (0xFFF00EB7) lui t4, -0x100
x29 <- 0xFFFFFFFFFFF00000

mem[X,0x00000000800022E8] -> 0x8E93
mem[X,0x00000000800022EA] -> 0xFFFE
[2239] [M]: 0x00000000800022E8 (0xFFFE8E93) addi t4, t4, -0x1
x29 <- 0xFFFFFFFFFFEFFFFF

mem[X,0x00000000800022EC] -> 0x9E93
mem[X,0x00000000800022EE] -> 0x00BE
[2240] [M]: 0x00000000800022EC (0x00BE9E93) slli t4, t4, 0xb
x29 <- 0xFFFFFFFF7FFFF800

mem[X,0x00000000800022F0] -> 0x8E93
mem[X,0x00000000800022F2] -> 0x000E
[2241] [M]: 0x00000000800022F0 (0x000E8E93) addi t4, t4, 0x0
x29 <- 0xFFFFFFFF7FFFF800

mem[X,0x00000000800022F4] -> 0x9E93
mem[X,0x00000000800022F6] -> 0x00BE
[2242] [M]: 0x00000000800022F4 (0x00BE9E93) slli t4, t4, 0xb
x29 <- 0xFFFFFBFFFFC00000

mem[X,0x00000000800022F8] -> 0x8E93
mem[X,0x00000000800022FA] -> 0x000E
[2243] [M]: 0x00000000800022F8 (0x000E8E93) addi t4, t4, 0x0
x29 <- 0xFFFFFBFFFFC00000

mem[X,0x00000000800022FC] -> 0x9E93
mem[X,0x00000000800022FE] -> 0x00AE
[2244] [M]: 0x00000000800022FC (0x00AE9E93) slli t4, t4, 0xa
x29 <- 0xFFEFFFFF00000000

mem[X,0x0000000080002300] -> 0x8E93
mem[X,0x0000000080002302] -> 0x004E
[2245] [M]: 0x0000000080002300 (0x004E8E93) addi t4, t4, 0x4
x29 <- 0xFFEFFFFF00000004

mem[X,0x0000000080002304] -> 0x2F9B
mem[X,0x0000000080002306] -> 0xEFDF
[2246] [M]: 0x0000000080002304 (0xEFDF2F9B) sha t6, t5, t4
x31 <- 0xFEFFFFFAAAAAAAA0

mem[X,0x0000000080002308] -> 0xB023
mem[X,0x000000008000230A] -> 0x33F0
[2247] [M]: 0x0000000080002308 (0x33F0B023) sd t6, 0x320(ra)
mem[0x0000000080005520] <- 0xFEFFFFFAAAAAAAA0

mem[X,0x000000008000230C] -> 0x0F37
mem[X,0x000000008000230E] -> 0xFF00
[2248] [M]: 0x000000008000230C (0xFF000F37) lui t5, -0x1000
x30 <- 0xFFFFFFFFFF000000

mem[X,0x0000000080002310] -> 0x0F13
mem[X,0x0000000080002312] -> 0xFFFF
[2249] [M]: 0x0000000080002310 (0xFFFF0F13) addi t5, t5, -0x1
x30 <- 0xFFFFFFFFFEFFFFFF

mem[X,0x0000000080002314] -> 0x1F13
mem[X,0x0000000080002316] -> 0x00BF
[2250] [M]: 0x0000000080002314 (0x00BF1F13) slli t5, t5, 0xb
x30 <- 0xFFFFFFF7FFFFF800

mem[X,0x0000000080002318] -> 0x0F13
mem[X,0x000000008000231A] -> 0x7FFF
[2251] [M]: 0x0000000080002318 (0x7FFF0F13) addi t5, t5, 0x7ff
x30 <- 0xFFFFFFF7FFFFFFFF

mem[X,0x000000008000231C] -> 0x1F13
mem[X,0x000000008000231E] -> 0x00BF
[2252] [M]: 0x000000008000231C (0x00BF1F13) slli t5, t5, 0xb
x30 <- 0xFFFFBFFFFFFFF800

mem[X,0x0000000080002320] -> 0x0F13
mem[X,0x0000000080002322] -> 0x7FEF
[2253] [M]: 0x0000000080002320 (0x7FEF0F13) addi t5, t5, 0x7fe
x30 <- 0xFFFFBFFFFFFFFFFE

mem[X,0x0000000080002324] -> 0x1F13
mem[X,0x0000000080002326] -> 0x00AF
[2254] [M]: 0x0000000080002324 (0x00AF1F13) slli t5, t5, 0xa
x30 <- 0xFEFFFFFFFFFFF800

mem[X,0x0000000080002328] -> 0x0F13
mem[X,0x000000008000232A] -> 0x3FFF
[2255] [M]: 0x0000000080002328 (0x3FFF0F13) addi t5, t5, 0x3ff
x30 <- 0xFEFFFFFFFFFFFBFF

mem[X,0x000000008000232C] -> 0xEEB7
mem[X,0x000000008000232E] -> 0xFFFF
[2256] [M]: 0x000000008000232C (0xFFFFEEB7) lui t4, -0x2
x29 <- 0xFFFFFFFFFFFFE000

mem[X,0x0000000080002330] -> 0x8E93
mem[X,0x0000000080002332] -> 0xFFFE
[2257] [M]: 0x0000000080002330 (0xFFFE8E93) addi t4, t4, -0x1
x29 <- 0xFFFFFFFFFFFFDFFF

mem[X,0x0000000080002334] -> 0x9E93
mem[X,0x0000000080002336] -> 0x00BE
[2258] [M]: 0x0000000080002334 (0x00BE9E93) slli t4, t4, 0xb
x29 <- 0xFFFFFFFFFEFFF800

mem[X,0x0000000080002338] -> 0x8E93
mem[X,0x000000008000233A] -> 0x000E
[2259] [M]: 0x0000000080002338 (0x000E8E93) addi t4, t4, 0x0
x29 <- 0xFFFFFFFFFEFFF800

mem[X,0x000000008000233C] -> 0x9E93
mem[X,0x000000008000233E] -> 0x00BE
[2260] [M]: 0x000000008000233C (0x00BE9E93) slli t4, t4, 0xb
x29 <- 0xFFFFFFF7FFC00000

mem[X,0x0000000080002340] -> 0x8E93
mem[X,0x0000000080002342] -> 0x020E
[2261] [M]: 0x0000000080002340 (0x020E8E93) addi t4, t4, 0x20
x29 <- 0xFFFFFFF7FFC00020

mem[X,0x0000000080002344] -> 0x9E93
mem[X,0x0000000080002346] -> 0x00AE
[2262] [M]: 0x0000000080002344 (0x00AE9E93) slli t4, t4, 0xa
x29 <- 0xFFFFDFFF00008000

mem[X,0x0000000080002348] -> 0x2F9B
mem[X,0x000000008000234A] -> 0xEFDF
[2263] [M]: 0x0000000080002348 (0xEFDF2F9B) sha t6, t5, t4
x31 <- 0xFEFFFFFFFFFFFBFF

mem[X,0x000000008000234C] -> 0xB423
mem[X,0x000000008000234E] -> 0x33F0
[2264] [M]: 0x000000008000234C (0x33F0B423) sd t6, 0x328(ra)
mem[0x0000000080005528] <- 0xFEFFFFFFFFFFFBFF

mem[X,0x0000000080002350] -> 0x0F13
mem[X,0x0000000080002352] -> 0x0010
[2265] [M]: 0x0000000080002350 (0x00100F13) addi t5, zero, 0x1
x30 <- 0x0000000000000001

mem[X,0x0000000080002354] -> 0x1F13
mem[X,0x0000000080002356] -> 0x020F
[2266] [M]: 0x0000000080002354 (0x020F1F13) slli t5, t5, 0x20
x30 <- 0x0000000100000000

mem[X,0x0000000080002358] -> 0x4F13
mem[X,0x000000008000235A] -> 0xFFFF
[2267] [M]: 0x0000000080002358 (0xFFFF4F13) xori t5, t5, -0x1
x30 <- 0xFFFFFFFEFFFFFFFF

mem[X,0x000000008000235C] -> 0x0EB7
mem[X,0x000000008000235E] -> 0x0000
[2268] [M]: 0x000000008000235C (0x00000EB7) lui t4, 0x0
x29 <- 0x0000000000000000

mem[X,0x0000000080002360] -> 0x8E93
mem[X,0x0000000080002362] -> 0xFFCE
[2269] [M]: 0x0000000080002360 (0xFFCE8E93) addi t4, t4, -0x4
x29 <- 0xFFFFFFFFFFFFFFFC

mem[X,0x0000000080002364] -> 0x9E93
mem[X,0x0000000080002366] -> 0x00BE
[2270] [M]: 0x0000000080002364 (0x00BE9E93) slli t4, t4, 0xb
x29 <- 0xFFFFFFFFFFFFE000

mem[X,0x0000000080002368] -> 0x8E93
mem[X,0x000000008000236A] -> 0x100E
[2271] [M]: 0x0000000080002368 (0x100E8E93) addi t4, t4, 0x100
x29 <- 0xFFFFFFFFFFFFE100

mem[X,0x000000008000236C] -> 0x9E93
mem[X,0x000000008000236E] -> 0x00BE
[2272] [M]: 0x000000008000236C (0x00BE9E93) slli t4, t4, 0xb
x29 <- 0xFFFFFFFFFF080000

mem[X,0x0000000080002370] -> 0x8E93
mem[X,0x0000000080002372] -> 0x000E
[2273] [M]: 0x0000000080002370 (0x000E8E93) addi t4, t4, 0x0
x29 <- 0xFFFFFFFFFF080000

mem[X,0x0000000080002374] -> 0x9E93
mem[X,0x0000000080002376] -> 0x00AE
[2274] [M]: 0x0000000080002374 (0x00AE9E93) slli t4, t4, 0xa
x29 <- 0xFFFFFFFC20000000

mem[X,0x0000000080002378] -> 0x2F9B
mem[X,0x000000008000237A] -> 0xEFDF
[2275] [M]: 0x0000000080002378 (0xEFDF2F9B) sha t6, t5, t4
x31 <- 0xFFFFFFFEFFFFFFFF

mem[X,0x000000008000237C] -> 0xB823
mem[X,0x000000008000237E] -> 0x33F0
[2276] [M]: 0x000000008000237C (0x33F0B823) sd t6, 0x330(ra)
mem[0x0000000080005530] <- 0xFFFFFFFEFFFFFFFF

mem[X,0x0000000080002380] -> 0x0F37
mem[X,0x0000000080002382] -> 0x0000
[2277] [M]: 0x0000000080002380 (0x00000F37) lui t5, 0x0
x30 <- 0x0000000000000000

mem[X,0x0000000080002384] -> 0x0F13
mem[X,0x0000000080002386] -> 0xFFFF
[2278] [M]: 0x0000000080002384 (0xFFFF0F13) addi t5, t5, -0x1
x30 <- 0xFFFFFFFFFFFFFFFF

mem[X,0x0000000080002388] -> 0x1F13
mem[X,0x000000008000238A] -> 0x00BF
[2279] [M]: 0x0000000080002388 (0x00BF1F13) slli t5, t5, 0xb
x30 <- 0xFFFFFFFFFFFFF800

mem[X,0x000000008000238C] -> 0x0F13
mem[X,0x000000008000238E] -> 0x000F
[2280] [M]: 0x000000008000238C (0x000F0F13) addi t5, t5, 0x0
x30 <- 0xFFFFFFFFFFFFF800

mem[X,0x0000000080002390] -> 0x1F13
mem[X,0x0000000080002392] -> 0x00BF
[2281] [M]: 0x0000000080002390 (0x00BF1F13) slli t5, t5, 0xb
x30 <- 0xFFFFFFFFFFC00000

mem[X,0x0000000080002394] -> 0x0F13
mem[X,0x0000000080002396] -> 0x002F
[2282] [M]: 0x0000000080002394 (0x002F0F13) addi t5, t5, 0x2
x30 <- 0xFFFFFFFFFFC00002

mem[X,0x0000000080002398] -> 0x1F13
mem[X,0x000000008000239A] -> 0x00AF
[2283] [M]: 0x0000000080002398 (0x00AF1F13) slli t5, t5, 0xa
x30 <- 0xFFFFFFFF00000800

mem[X,0x000000008000239C] -> 0x0EB7
mem[X,0x000000008000239E] -> 0x0000
[2284] [M]: 0x000000008000239C (0x00000EB7) lui t4, 0x0
x29 <- 0x0000000000000000

mem[X,0x00000000800023A0] -> 0x8E93
mem[X,0x00000000800023A2] -> 0x010E
[2285] [M]: 0x00000000800023A0 (0x010E8E93) addi t4, t4, 0x10
x29 <- 0x0000000000000010

mem[X,0x00000000800023A4] -> 0x9E93
mem[X,0x00000000800023A6] -> 0x00BE
[2286] [M]: 0x00000000800023A4 (0x00BE9E93) slli t4, t4, 0xb
x29 <- 0x0000000000008000

mem[X,0x00000000800023A8] -> 0x8E93
mem[X,0x00000000800023AA] -> 0x000E
[2287] [M]: 0x00000000800023A8 (0x000E8E93) addi t4, t4, 0x0
x29 <- 0x0000000000008000

mem[X,0x00000000800023AC] -> 0x9E93
mem[X,0x00000000800023AE] -> 0x00BE
[2288] [M]: 0x00000000800023AC (0x00BE9E93) slli t4, t4, 0xb
x29 <- 0x0000000004000000

mem[X,0x00000000800023B0] -> 0x8E93
mem[X,0x00000000800023B2] -> 0x000E
[2289] [M]: 0x00000000800023B0 (0x000E8E93) addi t4, t4, 0x0
x29 <- 0x0000000004000000

mem[X,0x00000000800023B4] -> 0x9E93
mem[X,0x00000000800023B6] -> 0x00AE
[2290] [M]: 0x00000000800023B4 (0x00AE9E93) slli t4, t4, 0xa
x29 <- 0x0000001000000000

mem[X,0x00000000800023B8] -> 0x8E93
mem[X,0x00000000800023BA] -> 0x005E
[2291] [M]: 0x00000000800023B8 (0x005E8E93) addi t4, t4, 0x5
x29 <- 0x0000001000000005

mem[X,0x00000000800023BC] -> 0x2F9B
mem[X,0x00000000800023BE] -> 0xEFDF
[2292] [M]: 0x00000000800023BC (0xEFDF2F9B) sha t6, t5, t4
x31 <- 0xFFFFFFE000010000

mem[X,0x00000000800023C0] -> 0xBC23
mem[X,0x00000000800023C2] -> 0x33F0
[2293] [M]: 0x00000000800023C0 (0x33F0BC23) sd t6, 0x338(ra)
mem[0x0000000080005538] <- 0xFFFFFFE000010000

mem[X,0x00000000800023C4] -> 0x0F37
mem[X,0x00000000800023C6] -> 0xFFE0
[2294] [M]: 0x00000000800023C4 (0xFFE00F37) lui t5, -0x200
x30 <- 0xFFFFFFFFFFE00000

mem[X,0x00000000800023C8] -> 0x0F13
mem[X,0x00000000800023CA] -> 0xFFFF
[2295] [M]: 0x00000000800023C8 (0xFFFF0F13) addi t5, t5, -0x1
x30 <- 0xFFFFFFFFFFDFFFFF

mem[X,0x00000000800023CC] -> 0x1F13
mem[X,0x00000000800023CE] -> 0x00BF
[2296] [M]: 0x00000000800023CC (0x00BF1F13) slli t5, t5, 0xb
x30 <- 0xFFFFFFFEFFFFF800

mem[X,0x00000000800023D0] -> 0x0F13
mem[X,0x00000000800023D2] -> 0x000F
[2297] [M]: 0x00000000800023D0 (0x000F0F13) addi t5, t5, 0x0
x30 <- 0xFFFFFFFEFFFFF800

mem[X,0x00000000800023D4] -> 0x1F13
mem[X,0x00000000800023D6] -> 0x00BF
[2298] [M]: 0x00000000800023D4 (0x00BF1F13) slli t5, t5, 0xb
x30 <- 0xFFFFF7FFFFC00000

mem[X,0x00000000800023D8] -> 0x0F13
mem[X,0x00000000800023DA] -> 0x080F
[2299] [M]: 0x00000000800023D8 (0x080F0F13) addi t5, t5, 0x80
x30 <- 0xFFFFF7FFFFC00080

clint::tick mtime <- 0x0000000000000017
 clint timer pending at mtime 0x0000000000000017
htif::tick 0x0000000000000000
mem[X,0x00000000800023DC] -> 0x1F13
mem[X,0x00000000800023DE] -> 0x00AF
[2300] [M]: 0x00000000800023DC (0x00AF1F13) slli t5, t5, 0xa
x30 <- 0xFFDFFFFF00020000

mem[X,0x00000000800023E0] -> 0x0EB7
mem[X,0x00000000800023E2] -> 0xFFFF
[2301] [M]: 0x00000000800023E0 (0xFFFF0EB7) lui t4, -0x10
x29 <- 0xFFFFFFFFFFFF0000

mem[X,0x00000000800023E4] -> 0x8E93
mem[X,0x00000000800023E6] -> 0xFFFE
[2302] [M]: 0x00000000800023E4 (0xFFFE8E93) addi t4, t4, -0x1
x29 <- 0xFFFFFFFFFFFEFFFF

mem[X,0x00000000800023E8] -> 0x9E93
mem[X,0x00000000800023EA] -> 0x00BE
[2303] [M]: 0x00000000800023E8 (0x00BE9E93) slli t4, t4, 0xb
x29 <- 0xFFFFFFFFF7FFF800

mem[X,0x00000000800023EC] -> 0x8E93
mem[X,0x00000000800023EE] -> 0x000E
[2304] [M]: 0x00000000800023EC (0x000E8E93) addi t4, t4, 0x0
x29 <- 0xFFFFFFFFF7FFF800

mem[X,0x00000000800023F0] -> 0x9E93
mem[X,0x00000000800023F2] -> 0x00BE
[2305] [M]: 0x00000000800023F0 (0x00BE9E93) slli t4, t4, 0xb
x29 <- 0xFFFFFFBFFFC00000

mem[X,0x00000000800023F4] -> 0x8E93
mem[X,0x00000000800023F6] -> 0x000E
[2306] [M]: 0x00000000800023F4 (0x000E8E93) addi t4, t4, 0x0
x29 <- 0xFFFFFFBFFFC00000

mem[X,0x00000000800023F8] -> 0x9E93
mem[X,0x00000000800023FA] -> 0x00AE
[2307] [M]: 0x00000000800023F8 (0x00AE9E93) slli t4, t4, 0xa
x29 <- 0xFFFEFFFF00000000

mem[X,0x00000000800023FC] -> 0x8E93
mem[X,0x00000000800023FE] -> 0x010E
[2308] [M]: 0x00000000800023FC (0x010E8E93) addi t4, t4, 0x10
x29 <- 0xFFFEFFFF00000010

mem[X,0x0000000080002400] -> 0x2F9B
mem[X,0x0000000080002402] -> 0xEFDF
[2309] [M]: 0x0000000080002400 (0xEFDF2F9B) sha t6, t5, t4
x31 <- 0xFFFF000200000000

mem[X,0x0000000080002404] -> 0xB023
mem[X,0x0000000080002406] -> 0x35F0
[2310] [M]: 0x0000000080002404 (0x35F0B023) sd t6, 0x340(ra)
mem[0x0000000080005540] <- 0xFFFF000200000000

mem[X,0x0000000080002408] -> 0x006F
mem[X,0x000000008000240A] -> 0x0380
[2311] [M]: 0x0000000080002408 (0x0380006F) jal zero, 0x38

mem[X,0x0000000080002440] -> 0x0093
mem[X,0x0000000080002442] -> 0x0010
[2312] [M]: 0x0000000080002440 (0x00100093) addi ra, zero, 0x1
x1 <- 0x0000000000000001

mem[X,0x0000000080002444] -> 0x1F17
mem[X,0x0000000080002446] -> 0x0000
[2313] [M]: 0x0000000080002444 (0x00001F17) auipc t5, 0x1
x30 <- 0x0000000080003444

mem[X,0x0000000080002448] -> 0x2E23
mem[X,0x000000008000244A] -> 0xBA1F
[2314] [M]: 0x0000000080002448 (0xBA1F2E23) sw ra, -0x444(t5)
htif[0x0000000080003000] <- 0x00000001

mem[X,0x000000008000244C] -> 0xF06F
mem[X,0x000000008000244E] -> 0xFF9F
[2315] [M]: 0x000000008000244C (0xFF9FF06F) jal zero, -0x8

mem[X,0x0000000080002444] -> 0x1F17
mem[X,0x0000000080002446] -> 0x0000
[2316] [M]: 0x0000000080002444 (0x00001F17) auipc t5, 0x1
x30 <- 0x0000000080003444

mem[X,0x0000000080002448] -> 0x2E23
mem[X,0x000000008000244A] -> 0xBA1F
[2317] [M]: 0x0000000080002448 (0xBA1F2E23) sw ra, -0x444(t5)
htif[0x0000000080003000] <- 0x00000001

mem[X,0x000000008000244C] -> 0xF06F
mem[X,0x000000008000244E] -> 0xFF9F
[2318] [M]: 0x000000008000244C (0xFF9FF06F) jal zero, -0x8

mem[X,0x0000000080002444] -> 0x1F17
mem[X,0x0000000080002446] -> 0x0000
[2319] [M]: 0x0000000080002444 (0x00001F17) auipc t5, 0x1
x30 <- 0x0000000080003444

mem[X,0x0000000080002448] -> 0x2E23
mem[X,0x000000008000244A] -> 0xBA1F
[2320] [M]: 0x0000000080002448 (0xBA1F2E23) sw ra, -0x444(t5)
htif[0x0000000080003000] <- 0x00000001
htif-syscall-proxy cmd: 0x000000000001

SUCCESS
