using /home/chsu/rvp-workspace/test-64/riscof_work/pmulh.h.bo-01.S/ref/Reference-sail_c_simulator.signature for test-signature output.
tohost located at 0x80002000
Running file ref.elf.
ELF Entry @ 0x80000000
begin_signature: 0x80004110
end_signature: 0x80004460
CSR mstatus <- 0x0000000A00000000 (input: 0x0000000000000000)
mem[X,0x0000000000001000] -> 0x0297
mem[X,0x0000000000001002] -> 0x0000
[0] [M]: 0x0000000000001000 (0x00000297) auipc t0, 0x0
x5 <- 0x0000000000001000

mem[X,0x0000000000001004] -> 0x8593
mem[X,0x0000000000001006] -> 0x0202
[1] [M]: 0x0000000000001004 (0x02028593) addi a1, t0, 0x20
x11 <- 0x0000000000001020

mem[X,0x0000000000001008] -> 0x2573
mem[X,0x000000000000100A] -> 0xF140
[2] [M]: 0x0000000000001008 (0xF1402573) csrrs a0, mhartid, zero
CSR mhartid -> 0x0000000000000000
x10 <- 0x0000000000000000

mem[X,0x000000000000100C] -> 0xB283
mem[X,0x000000000000100E] -> 0x0182
[3] [M]: 0x000000000000100C (0x0182B283) ld t0, 0x18(t0)
mem[R,0x0000000000001018] -> 0x0000000080000000
x5 <- 0x0000000080000000

mem[X,0x0000000000001010] -> 0x8067
mem[X,0x0000000000001012] -> 0x0002
[4] [M]: 0x0000000000001010 (0x00028067) jalr zero, 0x0(t0)

mem[X,0x0000000080000000] -> 0x0837
mem[X,0x0000000080000002] -> 0x7D5C
[5] [M]: 0x0000000080000000 (0x7D5C0837) lui a6, 0x7d5c0
x16 <- 0x000000007D5C0000

mem[X,0x0000000080000004] -> 0x0813
mem[X,0x0000000080000006] -> 0xDDB8
[6] [M]: 0x0000000080000004 (0xDDB80813) addi a6, a6, -0x225
x16 <- 0x000000007D5BFDDB

mem[X,0x0000000080000008] -> 0x1813
mem[X,0x000000008000000A] -> 0x00B8
[7] [M]: 0x0000000080000008 (0x00B81813) slli a6, a6, 0xb
x16 <- 0x000003EADFEED800

mem[X,0x000000008000000C] -> 0x0813
mem[X,0x000000008000000E] -> 0x3EA8
[8] [M]: 0x000000008000000C (0x3EA80813) addi a6, a6, 0x3ea
x16 <- 0x000003EADFEEDBEA

mem[X,0x0000000080000010] -> 0x1813
mem[X,0x0000000080000012] -> 0x00B8
[9] [M]: 0x0000000080000010 (0x00B81813) slli a6, a6, 0xb
x16 <- 0x001F56FF76DF5000

mem[X,0x0000000080000014] -> 0x0813
mem[X,0x0000000080000016] -> 0x6FF8
[10] [M]: 0x0000000080000014 (0x6FF80813) addi a6, a6, 0x6ff
x16 <- 0x001F56FF76DF56FF

mem[X,0x0000000080000018] -> 0x1813
mem[X,0x000000008000001A] -> 0x00A8
[11] [M]: 0x0000000080000018 (0x00A81813) slli a6, a6, 0xa
x16 <- 0x7D5BFDDB7D5BFC00

mem[X,0x000000008000001C] -> 0x0813
mem[X,0x000000008000001E] -> 0x1DB8
[12] [M]: 0x000000008000001C (0x1DB80813) addi a6, a6, 0x1db
x16 <- 0x7D5BFDDB7D5BFDDB

mem[X,0x0000000080000020] -> 0x5893
mem[X,0x0000000080000022] -> 0x0078
[13] [M]: 0x0000000080000020 (0x00785893) srli a7, a6, 0x7
x17 <- 0x00FAB7FBB6FAB7FB

mem[X,0x0000000080000024] -> 0x5793
mem[X,0x0000000080000026] -> 0x0398
[14] [M]: 0x0000000080000024 (0x03985793) srli a5, a6, 0x39
x15 <- 0x000000000000003E

mem[X,0x0000000080000028] -> 0xE8B3
mem[X,0x000000008000002A] -> 0x00F8
[15] [M]: 0x0000000080000028 (0x00F8E8B3) or a7, a7, a5
x17 <- 0x00FAB7FBB6FAB7FF

mem[X,0x000000008000002C] -> 0xD913
mem[X,0x000000008000002E] -> 0x0078
[16] [M]: 0x000000008000002C (0x0078D913) srli s2, a7, 0x7
x18 <- 0x0001F56FF76DF56F

mem[X,0x0000000080000030] -> 0xD793
mem[X,0x0000000080000032] -> 0x0398
[17] [M]: 0x0000000080000030 (0x0398D793) srli a5, a7, 0x39
x15 <- 0x0000000000000000

mem[X,0x0000000080000034] -> 0x6933
mem[X,0x0000000080000036] -> 0x00F9
[18] [M]: 0x0000000080000034 (0x00F96933) or s2, s2, a5
x18 <- 0x0001F56FF76DF56F

mem[X,0x0000000080000038] -> 0x5993
mem[X,0x000000008000003A] -> 0x0079
[19] [M]: 0x0000000080000038 (0x00795993) srli s3, s2, 0x7
x19 <- 0x000003EADFEEDBEA

mem[X,0x000000008000003C] -> 0x5793
mem[X,0x000000008000003E] -> 0x0399
[20] [M]: 0x000000008000003C (0x03995793) srli a5, s2, 0x39
x15 <- 0x0000000000000000

mem[X,0x0000000080000040] -> 0xE9B3
mem[X,0x0000000080000042] -> 0x00F9
[21] [M]: 0x0000000080000040 (0x00F9E9B3) or s3, s3, a5
x19 <- 0x000003EADFEEDBEA

mem[X,0x0000000080000044] -> 0xDA13
mem[X,0x0000000080000046] -> 0x0079
[22] [M]: 0x0000000080000044 (0x0079DA13) srli s4, s3, 0x7
x20 <- 0x00000007D5BFDDB7

mem[X,0x0000000080000048] -> 0xD793
mem[X,0x000000008000004A] -> 0x0399
[23] [M]: 0x0000000080000048 (0x0399D793) srli a5, s3, 0x39
x15 <- 0x0000000000000000

mem[X,0x000000008000004C] -> 0x6A33
mem[X,0x000000008000004E] -> 0x00FA
[24] [M]: 0x000000008000004C (0x00FA6A33) or s4, s4, a5
x20 <- 0x00000007D5BFDDB7

mem[X,0x0000000080000050] -> 0x5A93
mem[X,0x0000000080000052] -> 0x007A
[25] [M]: 0x0000000080000050 (0x007A5A93) srli s5, s4, 0x7
x21 <- 0x000000000FAB7FBB

mem[X,0x0000000080000054] -> 0x5793
mem[X,0x0000000080000056] -> 0x039A
[26] [M]: 0x0000000080000054 (0x039A5793) srli a5, s4, 0x39
x15 <- 0x0000000000000000

mem[X,0x0000000080000058] -> 0xEAB3
mem[X,0x000000008000005A] -> 0x00FA
[27] [M]: 0x0000000080000058 (0x00FAEAB3) or s5, s5, a5
x21 <- 0x000000000FAB7FBB

mem[X,0x000000008000005C] -> 0xDB13
mem[X,0x000000008000005E] -> 0x007A
[28] [M]: 0x000000008000005C (0x007ADB13) srli s6, s5, 0x7
x22 <- 0x00000000001F56FF

mem[X,0x0000000080000060] -> 0xD793
mem[X,0x0000000080000062] -> 0x039A
[29] [M]: 0x0000000080000060 (0x039AD793) srli a5, s5, 0x39
x15 <- 0x0000000000000000

mem[X,0x0000000080000064] -> 0x6B33
mem[X,0x0000000080000066] -> 0x00FB
[30] [M]: 0x0000000080000064 (0x00FB6B33) or s6, s6, a5
x22 <- 0x00000000001F56FF

mem[X,0x0000000080000068] -> 0x5B93
mem[X,0x000000008000006A] -> 0x007B
[31] [M]: 0x0000000080000068 (0x007B5B93) srli s7, s6, 0x7
x23 <- 0x0000000000003EAD

mem[X,0x000000008000006C] -> 0x5793
mem[X,0x000000008000006E] -> 0x039B
[32] [M]: 0x000000008000006C (0x039B5793) srli a5, s6, 0x39
x15 <- 0x0000000000000000

mem[X,0x0000000080000070] -> 0xEBB3
mem[X,0x0000000080000072] -> 0x00FB
[33] [M]: 0x0000000080000070 (0x00FBEBB3) or s7, s7, a5
x23 <- 0x0000000000003EAD

mem[X,0x0000000080000074] -> 0xDC13
mem[X,0x0000000080000076] -> 0x007B
[34] [M]: 0x0000000080000074 (0x007BDC13) srli s8, s7, 0x7
x24 <- 0x000000000000007D

mem[X,0x0000000080000078] -> 0xD793
mem[X,0x000000008000007A] -> 0x039B
[35] [M]: 0x0000000080000078 (0x039BD793) srli a5, s7, 0x39
x15 <- 0x0000000000000000

mem[X,0x000000008000007C] -> 0x6C33
mem[X,0x000000008000007E] -> 0x00FC
[36] [M]: 0x000000008000007C (0x00FC6C33) or s8, s8, a5
x24 <- 0x000000000000007D

mem[X,0x0000000080000080] -> 0x5C93
mem[X,0x0000000080000082] -> 0x007C
[37] [M]: 0x0000000080000080 (0x007C5C93) srli s9, s8, 0x7
x25 <- 0x0000000000000000

mem[X,0x0000000080000084] -> 0x5793
mem[X,0x0000000080000086] -> 0x039C
[38] [M]: 0x0000000080000084 (0x039C5793) srli a5, s8, 0x39
x15 <- 0x0000000000000000

mem[X,0x0000000080000088] -> 0xECB3
mem[X,0x000000008000008A] -> 0x00FC
[39] [M]: 0x0000000080000088 (0x00FCECB3) or s9, s9, a5
x25 <- 0x0000000000000000

mem[X,0x000000008000008C] -> 0xDD13
mem[X,0x000000008000008E] -> 0x007C
[40] [M]: 0x000000008000008C (0x007CDD13) srli s10, s9, 0x7
x26 <- 0x0000000000000000

mem[X,0x0000000080000090] -> 0xD793
mem[X,0x0000000080000092] -> 0x039C
[41] [M]: 0x0000000080000090 (0x039CD793) srli a5, s9, 0x39
x15 <- 0x0000000000000000

mem[X,0x0000000080000094] -> 0x6D33
mem[X,0x0000000080000096] -> 0x00FD
[42] [M]: 0x0000000080000094 (0x00FD6D33) or s10, s10, a5
x26 <- 0x0000000000000000

mem[X,0x0000000080000098] -> 0x5D93
mem[X,0x000000008000009A] -> 0x007D
[43] [M]: 0x0000000080000098 (0x007D5D93) srli s11, s10, 0x7
x27 <- 0x0000000000000000

mem[X,0x000000008000009C] -> 0x5793
mem[X,0x000000008000009E] -> 0x039D
[44] [M]: 0x000000008000009C (0x039D5793) srli a5, s10, 0x39
x15 <- 0x0000000000000000

mem[X,0x00000000800000A0] -> 0xEDB3
mem[X,0x00000000800000A2] -> 0x00FD
[45] [M]: 0x00000000800000A0 (0x00FDEDB3) or s11, s11, a5
x27 <- 0x0000000000000000

mem[X,0x00000000800000A4] -> 0xDE13
mem[X,0x00000000800000A6] -> 0x007D
[46] [M]: 0x00000000800000A4 (0x007DDE13) srli t3, s11, 0x7
x28 <- 0x0000000000000000

mem[X,0x00000000800000A8] -> 0xD793
mem[X,0x00000000800000AA] -> 0x039D
[47] [M]: 0x00000000800000A8 (0x039DD793) srli a5, s11, 0x39
x15 <- 0x0000000000000000

mem[X,0x00000000800000AC] -> 0x6E33
mem[X,0x00000000800000AE] -> 0x00FE
[48] [M]: 0x00000000800000AC (0x00FE6E33) or t3, t3, a5
x28 <- 0x0000000000000000

mem[X,0x00000000800000B0] -> 0x5E93
mem[X,0x00000000800000B2] -> 0x007E
[49] [M]: 0x00000000800000B0 (0x007E5E93) srli t4, t3, 0x7
x29 <- 0x0000000000000000

mem[X,0x00000000800000B4] -> 0x5793
mem[X,0x00000000800000B6] -> 0x039E
[50] [M]: 0x00000000800000B4 (0x039E5793) srli a5, t3, 0x39
x15 <- 0x0000000000000000

mem[X,0x00000000800000B8] -> 0xEEB3
mem[X,0x00000000800000BA] -> 0x00FE
[51] [M]: 0x00000000800000B8 (0x00FEEEB3) or t4, t4, a5
x29 <- 0x0000000000000000

mem[X,0x00000000800000BC] -> 0xDF13
mem[X,0x00000000800000BE] -> 0x007E
[52] [M]: 0x00000000800000BC (0x007EDF13) srli t5, t4, 0x7
x30 <- 0x0000000000000000

mem[X,0x00000000800000C0] -> 0xD793
mem[X,0x00000000800000C2] -> 0x039E
[53] [M]: 0x00000000800000C0 (0x039ED793) srli a5, t4, 0x39
x15 <- 0x0000000000000000

mem[X,0x00000000800000C4] -> 0x6F33
mem[X,0x00000000800000C6] -> 0x00FF
[54] [M]: 0x00000000800000C4 (0x00FF6F33) or t5, t5, a5
x30 <- 0x0000000000000000

mem[X,0x00000000800000C8] -> 0xC0B7
mem[X,0x00000000800000CA] -> 0xFEED
[55] [M]: 0x00000000800000C8 (0xFEEDC0B7) lui ra, -0x1124
x1 <- 0xFFFFFFFFFEEDC000

mem[X,0x00000000800000CC] -> 0x8093
mem[X,0x00000000800000CE] -> 0xEAD0
[56] [M]: 0x00000000800000CC (0xEAD08093) addi ra, ra, -0x153
x1 <- 0xFFFFFFFFFEEDBEAD

mem[X,0x00000000800000D0] -> 0x9093
mem[X,0x00000000800000D2] -> 0x00B0
[57] [M]: 0x00000000800000D0 (0x00B09093) slli ra, ra, 0xb
x1 <- 0xFFFFFFF76DF56800

mem[X,0x00000000800000D4] -> 0x8093
mem[X,0x00000000800000D6] -> 0x7F70
[58] [M]: 0x00000000800000D4 (0x7F708093) addi ra, ra, 0x7f7
x1 <- 0xFFFFFFF76DF56FF7

mem[X,0x00000000800000D8] -> 0x9093
mem[X,0x00000000800000DA] -> 0x00B0
[59] [M]: 0x00000000800000D8 (0x00B09093) slli ra, ra, 0xb
x1 <- 0xFFFFBB6FAB7FB800

mem[X,0x00000000800000DC] -> 0x8093
mem[X,0x00000000800000DE] -> 0x36F0
[60] [M]: 0x00000000800000DC (0x36F08093) addi ra, ra, 0x36f
x1 <- 0xFFFFBB6FAB7FBB6F

mem[X,0x00000000800000E0] -> 0x9093
mem[X,0x00000000800000E2] -> 0x00A0
[61] [M]: 0x00000000800000E0 (0x00A09093) slli ra, ra, 0xa
x1 <- 0xFEEDBEADFEEDBC00

mem[X,0x00000000800000E4] -> 0x8093
mem[X,0x00000000800000E6] -> 0x2AD0
[62] [M]: 0x00000000800000E4 (0x2AD08093) addi ra, ra, 0x2ad
x1 <- 0xFEEDBEADFEEDBEAD

mem[X,0x00000000800000E8] -> 0xD113
mem[X,0x00000000800000EA] -> 0x0070
[63] [M]: 0x00000000800000E8 (0x0070D113) srli sp, ra, 0x7
x2 <- 0x01FDDB7D5BFDDB7D

mem[X,0x00000000800000EC] -> 0xD793
mem[X,0x00000000800000EE] -> 0x0390
[64] [M]: 0x00000000800000EC (0x0390D793) srli a5, ra, 0x39
x15 <- 0x000000000000007F

mem[X,0x00000000800000F0] -> 0x6133
mem[X,0x00000000800000F2] -> 0x00F1
[65] [M]: 0x00000000800000F0 (0x00F16133) or sp, sp, a5
x2 <- 0x01FDDB7D5BFDDB7F

mem[X,0x00000000800000F4] -> 0x5193
mem[X,0x00000000800000F6] -> 0x0071
[66] [M]: 0x00000000800000F4 (0x00715193) srli gp, sp, 0x7
x3 <- 0x0003FBB6FAB7FBB6

mem[X,0x00000000800000F8] -> 0x5793
mem[X,0x00000000800000FA] -> 0x0391
[67] [M]: 0x00000000800000F8 (0x03915793) srli a5, sp, 0x39
x15 <- 0x0000000000000000

mem[X,0x00000000800000FC] -> 0xE1B3
mem[X,0x00000000800000FE] -> 0x00F1
[68] [M]: 0x00000000800000FC (0x00F1E1B3) or gp, gp, a5
x3 <- 0x0003FBB6FAB7FBB6

mem[X,0x0000000080000100] -> 0xD213
mem[X,0x0000000080000102] -> 0x0071
[69] [M]: 0x0000000080000100 (0x0071D213) srli tp, gp, 0x7
x4 <- 0x000007F76DF56FF7

mem[X,0x0000000080000104] -> 0xD793
mem[X,0x0000000080000106] -> 0x0391
[70] [M]: 0x0000000080000104 (0x0391D793) srli a5, gp, 0x39
x15 <- 0x0000000000000000

mem[X,0x0000000080000108] -> 0x6233
mem[X,0x000000008000010A] -> 0x00F2
[71] [M]: 0x0000000080000108 (0x00F26233) or tp, tp, a5
x4 <- 0x000007F76DF56FF7

mem[X,0x000000008000010C] -> 0x5293
mem[X,0x000000008000010E] -> 0x0072
[72] [M]: 0x000000008000010C (0x00725293) srli t0, tp, 0x7
x5 <- 0x0000000FEEDBEADF

mem[X,0x0000000080000110] -> 0x5793
mem[X,0x0000000080000112] -> 0x0392
[73] [M]: 0x0000000080000110 (0x03925793) srli a5, tp, 0x39
x15 <- 0x0000000000000000

mem[X,0x0000000080000114] -> 0xE2B3
mem[X,0x0000000080000116] -> 0x00F2
[74] [M]: 0x0000000080000114 (0x00F2E2B3) or t0, t0, a5
x5 <- 0x0000000FEEDBEADF

mem[X,0x0000000080000118] -> 0xD313
mem[X,0x000000008000011A] -> 0x0072
[75] [M]: 0x0000000080000118 (0x0072D313) srli t1, t0, 0x7
x6 <- 0x000000001FDDB7D5

mem[X,0x000000008000011C] -> 0xD793
mem[X,0x000000008000011E] -> 0x0392
[76] [M]: 0x000000008000011C (0x0392D793) srli a5, t0, 0x39
x15 <- 0x0000000000000000

mem[X,0x0000000080000120] -> 0x6333
mem[X,0x0000000080000122] -> 0x00F3
[77] [M]: 0x0000000080000120 (0x00F36333) or t1, t1, a5
x6 <- 0x000000001FDDB7D5

mem[X,0x0000000080000124] -> 0x5393
mem[X,0x0000000080000126] -> 0x0073
[78] [M]: 0x0000000080000124 (0x00735393) srli t2, t1, 0x7
x7 <- 0x00000000003FBB6F

mem[X,0x0000000080000128] -> 0x5793
mem[X,0x000000008000012A] -> 0x0393
[79] [M]: 0x0000000080000128 (0x03935793) srli a5, t1, 0x39
x15 <- 0x0000000000000000

mem[X,0x000000008000012C] -> 0xE3B3
mem[X,0x000000008000012E] -> 0x00F3
[80] [M]: 0x000000008000012C (0x00F3E3B3) or t2, t2, a5
x7 <- 0x00000000003FBB6F

mem[X,0x0000000080000130] -> 0xD413
mem[X,0x0000000080000132] -> 0x0073
[81] [M]: 0x0000000080000130 (0x0073D413) srli fp, t2, 0x7
x8 <- 0x0000000000007F76

mem[X,0x0000000080000134] -> 0xD793
mem[X,0x0000000080000136] -> 0x0393
[82] [M]: 0x0000000080000134 (0x0393D793) srli a5, t2, 0x39
x15 <- 0x0000000000000000

mem[X,0x0000000080000138] -> 0x6433
mem[X,0x000000008000013A] -> 0x00F4
[83] [M]: 0x0000000080000138 (0x00F46433) or fp, fp, a5
x8 <- 0x0000000000007F76

mem[X,0x000000008000013C] -> 0x5493
mem[X,0x000000008000013E] -> 0x0074
[84] [M]: 0x000000008000013C (0x00745493) srli s1, fp, 0x7
x9 <- 0x00000000000000FE

mem[X,0x0000000080000140] -> 0x5793
mem[X,0x0000000080000142] -> 0x0394
[85] [M]: 0x0000000080000140 (0x03945793) srli a5, fp, 0x39
x15 <- 0x0000000000000000

mem[X,0x0000000080000144] -> 0xE4B3
mem[X,0x0000000080000146] -> 0x00F4
[86] [M]: 0x0000000080000144 (0x00F4E4B3) or s1, s1, a5
x9 <- 0x00000000000000FE

mem[X,0x0000000080000148] -> 0xD513
mem[X,0x000000008000014A] -> 0x0074
[87] [M]: 0x0000000080000148 (0x0074D513) srli a0, s1, 0x7
x10 <- 0x0000000000000001

mem[X,0x000000008000014C] -> 0xD793
mem[X,0x000000008000014E] -> 0x0394
[88] [M]: 0x000000008000014C (0x0394D793) srli a5, s1, 0x39
x15 <- 0x0000000000000000

mem[X,0x0000000080000150] -> 0x6533
mem[X,0x0000000080000152] -> 0x00F5
[89] [M]: 0x0000000080000150 (0x00F56533) or a0, a0, a5
x10 <- 0x0000000000000001

mem[X,0x0000000080000154] -> 0x5593
mem[X,0x0000000080000156] -> 0x0075
[90] [M]: 0x0000000080000154 (0x00755593) srli a1, a0, 0x7
x11 <- 0x0000000000000000

mem[X,0x0000000080000158] -> 0x5793
mem[X,0x000000008000015A] -> 0x0395
[91] [M]: 0x0000000080000158 (0x03955793) srli a5, a0, 0x39
x15 <- 0x0000000000000000

mem[X,0x000000008000015C] -> 0xE5B3
mem[X,0x000000008000015E] -> 0x00F5
[92] [M]: 0x000000008000015C (0x00F5E5B3) or a1, a1, a5
x11 <- 0x0000000000000000

mem[X,0x0000000080000160] -> 0xD613
mem[X,0x0000000080000162] -> 0x0075
[93] [M]: 0x0000000080000160 (0x0075D613) srli a2, a1, 0x7
x12 <- 0x0000000000000000

mem[X,0x0000000080000164] -> 0xD793
mem[X,0x0000000080000166] -> 0x0395
[94] [M]: 0x0000000080000164 (0x0395D793) srli a5, a1, 0x39
x15 <- 0x0000000000000000

mem[X,0x0000000080000168] -> 0x6633
mem[X,0x000000008000016A] -> 0x00F6
[95] [M]: 0x0000000080000168 (0x00F66633) or a2, a2, a5
x12 <- 0x0000000000000000

mem[X,0x000000008000016C] -> 0x5693
mem[X,0x000000008000016E] -> 0x0076
[96] [M]: 0x000000008000016C (0x00765693) srli a3, a2, 0x7
x13 <- 0x0000000000000000

mem[X,0x0000000080000170] -> 0x5793
mem[X,0x0000000080000172] -> 0x0396
[97] [M]: 0x0000000080000170 (0x03965793) srli a5, a2, 0x39
x15 <- 0x0000000000000000

mem[X,0x0000000080000174] -> 0xE6B3
mem[X,0x0000000080000176] -> 0x00F6
[98] [M]: 0x0000000080000174 (0x00F6E6B3) or a3, a3, a5
x13 <- 0x0000000000000000

mem[X,0x0000000080000178] -> 0x0013
mem[X,0x000000008000017A] -> 0x0000
[99] [M]: 0x0000000080000178 (0x00000013) addi zero, zero, 0x0

clint::tick mtime <- 0x0000000000000001
 clint timer pending at mtime 0x0000000000000001
htif::tick 0x0000000000000000
mem[X,0x000000008000017C] -> 0x0013
mem[X,0x000000008000017E] -> 0x0000
[100] [M]: 0x000000008000017C (0x00000013) addi zero, zero, 0x0

mem[X,0x0000000080000180] -> 0x4217
mem[X,0x0000000080000182] -> 0x0000
[101] [M]: 0x0000000080000180 (0x00004217) auipc tp, 0x4
x4 <- 0x0000000080004180

mem[X,0x0000000080000184] -> 0x0213
mem[X,0x0000000080000186] -> 0xF982
[102] [M]: 0x0000000080000184 (0xF9820213) addi tp, tp, -0x68
x4 <- 0x0000000080004118

mem[X,0x0000000080000188] -> 0x0013
mem[X,0x000000008000018A] -> 0x0000
[103] [M]: 0x0000000080000188 (0x00000013) addi zero, zero, 0x0

mem[X,0x000000008000018C] -> 0x0013
mem[X,0x000000008000018E] -> 0x0000
[104] [M]: 0x000000008000018C (0x00000013) addi zero, zero, 0x0

mem[X,0x0000000080000190] -> 0x0013
mem[X,0x0000000080000192] -> 0x0000
[105] [M]: 0x0000000080000190 (0x00000013) addi zero, zero, 0x0

mem[X,0x0000000080000194] -> 0x0013
mem[X,0x0000000080000196] -> 0x0000
[106] [M]: 0x0000000080000194 (0x00000013) addi zero, zero, 0x0

mem[X,0x0000000080000198] -> 0x0013
mem[X,0x000000008000019A] -> 0x0000
[107] [M]: 0x0000000080000198 (0x00000013) addi zero, zero, 0x0

mem[X,0x000000008000019C] -> 0x0013
mem[X,0x000000008000019E] -> 0x0000
[108] [M]: 0x000000008000019C (0x00000013) addi zero, zero, 0x0

mem[X,0x00000000800001A0] -> 0x12B7
mem[X,0x00000000800001A2] -> 0x2000
[109] [M]: 0x00000000800001A0 (0x200012B7) lui t0, 0x20001
x5 <- 0x0000000020001000

mem[X,0x00000000800001A4] -> 0x8293
mem[X,0x00000000800001A6] -> 0x0002
[110] [M]: 0x00000000800001A4 (0x00028293) addi t0, t0, 0x0
x5 <- 0x0000000020001000

mem[X,0x00000000800001A8] -> 0x9293
mem[X,0x00000000800001AA] -> 0x00B2
[111] [M]: 0x00000000800001A8 (0x00B29293) slli t0, t0, 0xb
x5 <- 0x0000010000800000

mem[X,0x00000000800001AC] -> 0x8293
mem[X,0x00000000800001AE] -> 0x5552
[112] [M]: 0x00000000800001AC (0x55528293) addi t0, t0, 0x555
x5 <- 0x0000010000800555

mem[X,0x00000000800001B0] -> 0x9293
mem[X,0x00000000800001B2] -> 0x00B2
[113] [M]: 0x00000000800001B0 (0x00B29293) slli t0, t0, 0xb
x5 <- 0x00080004002AA800

mem[X,0x00000000800001B4] -> 0x8293
mem[X,0x00000000800001B6] -> 0x2A02
[114] [M]: 0x00000000800001B4 (0x2A028293) addi t0, t0, 0x2a0
x5 <- 0x00080004002AAAA0

mem[X,0x00000000800001B8] -> 0x9293
mem[X,0x00000000800001BA] -> 0x00A2
[115] [M]: 0x00000000800001B8 (0x00A29293) slli t0, t0, 0xa
x5 <- 0x20001000AAAA8000

mem[X,0x00000000800001BC] -> 0x05B7
mem[X,0x00000000800001BE] -> 0xFFFC
[116] [M]: 0x00000000800001BC (0xFFFC05B7) lui a1, -0x40
x11 <- 0xFFFFFFFFFFFC0000

mem[X,0x00000000800001C0] -> 0x8593
mem[X,0x00000000800001C2] -> 0x0105
[117] [M]: 0x00000000800001C0 (0x01058593) addi a1, a1, 0x10
x11 <- 0xFFFFFFFFFFFC0010

mem[X,0x00000000800001C4] -> 0x9593
mem[X,0x00000000800001C6] -> 0x00B5
[118] [M]: 0x00000000800001C4 (0x00B59593) slli a1, a1, 0xb
x11 <- 0xFFFFFFFFE0008000

mem[X,0x00000000800001C8] -> 0x8593
mem[X,0x00000000800001CA] -> 0x7FF5
[119] [M]: 0x00000000800001C8 (0x7FF58593) addi a1, a1, 0x7ff
x11 <- 0xFFFFFFFFE00087FF

mem[X,0x00000000800001CC] -> 0x9593
mem[X,0x00000000800001CE] -> 0x00B5
[120] [M]: 0x00000000800001CC (0x00B59593) slli a1, a1, 0xb
x11 <- 0xFFFFFF00043FF800

mem[X,0x00000000800001D0] -> 0x8593
mem[X,0x00000000800001D2] -> 0x6C25
[121] [M]: 0x00000000800001D0 (0x6C258593) addi a1, a1, 0x6c2
x11 <- 0xFFFFFF00043FFEC2

mem[X,0x00000000800001D4] -> 0x9593
mem[X,0x00000000800001D6] -> 0x00A5
[122] [M]: 0x00000000800001D4 (0x00A59593) slli a1, a1, 0xa
x11 <- 0xFFFC0010FFFB0800

mem[X,0x00000000800001D8] -> 0xF5BB
mem[X,0x00000000800001DA] -> 0xB0B2
[123] [M]: 0x00000000800001D8 (0xB0B2F5BB) pmulh.h.bo a1, t0, a1
x11 <- 0xFFFF00000000FFFC

mem[X,0x00000000800001DC] -> 0x3023
mem[X,0x00000000800001DE] -> 0x00B2
[124] [M]: 0x00000000800001DC (0x00B23023) sd a1, 0x0(tp)
mem[0x0000000080004118] <- 0xFFFF00000000FFFC

mem[X,0x00000000800001E0] -> 0x0F37
mem[X,0x00000000800001E2] -> 0xFFF6
[125] [M]: 0x00000000800001E0 (0xFFF60F37) lui t5, -0xa0
x30 <- 0xFFFFFFFFFFF60000

mem[X,0x00000000800001E4] -> 0x0F13
mem[X,0x00000000800001E6] -> 0x006F
[126] [M]: 0x00000000800001E4 (0x006F0F13) addi t5, t5, 0x6
x30 <- 0xFFFFFFFFFFF60006

mem[X,0x00000000800001E8] -> 0x1F13
mem[X,0x00000000800001EA] -> 0x00BF
[127] [M]: 0x00000000800001E8 (0x00BF1F13) slli t5, t5, 0xb
x30 <- 0xFFFFFFFFB0003000

mem[X,0x00000000800001EC] -> 0x0F13
mem[X,0x00000000800001EE] -> 0x000F
[128] [M]: 0x00000000800001EC (0x000F0F13) addi t5, t5, 0x0
x30 <- 0xFFFFFFFFB0003000

mem[X,0x00000000800001F0] -> 0x1F13
mem[X,0x00000000800001F2] -> 0x00BF
[129] [M]: 0x00000000800001F0 (0x00BF1F13) slli t5, t5, 0xb
x30 <- 0xFFFFFD8001800000

mem[X,0x00000000800001F4] -> 0x0F13
mem[X,0x00000000800001F6] -> 0x27FF
[130] [M]: 0x00000000800001F4 (0x27FF0F13) addi t5, t5, 0x27f
x30 <- 0xFFFFFD800180027F

mem[X,0x00000000800001F8] -> 0x1F13
mem[X,0x00000000800001FA] -> 0x00AF
[131] [M]: 0x00000000800001F8 (0x00AF1F13) slli t5, t5, 0xa
x30 <- 0xFFF600060009FC00

mem[X,0x00000000800001FC] -> 0x0F13
mem[X,0x00000000800001FE] -> 0x3FFF
[132] [M]: 0x00000000800001FC (0x3FFF0F13) addi t5, t5, 0x3ff
x30 <- 0xFFF600060009FFFF

mem[X,0x0000000080000200] -> 0x0F37
mem[X,0x0000000080000202] -> 0xF000
[133] [M]: 0x0000000080000200 (0xF0000F37) lui t5, -0x10000
x30 <- 0xFFFFFFFFF0000000

mem[X,0x0000000080000204] -> 0x0F13
mem[X,0x0000000080000206] -> 0xFF6F
[134] [M]: 0x0000000080000204 (0xFF6F0F13) addi t5, t5, -0xa
x30 <- 0xFFFFFFFFEFFFFFF6

mem[X,0x0000000080000208] -> 0x1F13
mem[X,0x000000008000020A] -> 0x00BF
[135] [M]: 0x0000000080000208 (0x00BF1F13) slli t5, t5, 0xb
x30 <- 0xFFFFFF7FFFFFB000

mem[X,0x000000008000020C] -> 0x0F13
mem[X,0x000000008000020E] -> 0x000F
[136] [M]: 0x000000008000020C (0x000F0F13) addi t5, t5, 0x0
x30 <- 0xFFFFFF7FFFFFB000

mem[X,0x0000000080000210] -> 0x1F13
mem[X,0x0000000080000212] -> 0x00BF
[137] [M]: 0x0000000080000210 (0x00BF1F13) slli t5, t5, 0xb
x30 <- 0xFFFBFFFFFD800000

mem[X,0x0000000080000214] -> 0x0F13
mem[X,0x0000000080000216] -> 0x43FF
[138] [M]: 0x0000000080000214 (0x43FF0F13) addi t5, t5, 0x43f
x30 <- 0xFFFBFFFFFD80043F

mem[X,0x0000000080000218] -> 0x1F13
mem[X,0x000000008000021A] -> 0x00AF
[139] [M]: 0x0000000080000218 (0x00AF1F13) slli t5, t5, 0xa
x30 <- 0xEFFFFFF60010FC00

mem[X,0x000000008000021C] -> 0x0F13
mem[X,0x000000008000021E] -> 0x3EFF
[140] [M]: 0x000000008000021C (0x3EFF0F13) addi t5, t5, 0x3ef
x30 <- 0xEFFFFFF60010FFEF

mem[X,0x0000000080000220] -> 0x7C3B
mem[X,0x0000000080000222] -> 0xB1EF
[141] [M]: 0x0000000080000220 (0xB1EF7C3B) pmulh.h.bo s8, t5, t5
x24 <- 0x0001000000000000

mem[X,0x0000000080000224] -> 0x3423
mem[X,0x0000000080000226] -> 0x0182
[142] [M]: 0x0000000080000224 (0x01823423) sd s8, 0x8(tp)
mem[0x0000000080004120] <- 0x0001000000000000

mem[X,0x0000000080000228] -> 0x1037
mem[X,0x000000008000022A] -> 0xFFFB
[143] [M]: 0x0000000080000228 (0xFFFB1037) lui zero, -0x4f

mem[X,0x000000008000022C] -> 0x0013
mem[X,0x000000008000022E] -> 0x8000
[144] [M]: 0x000000008000022C (0x80000013) addi zero, zero, -0x800

mem[X,0x0000000080000230] -> 0x1013
mem[X,0x0000000080000232] -> 0x00B0
[145] [M]: 0x0000000080000230 (0x00B01013) slli zero, zero, 0xb

mem[X,0x0000000080000234] -> 0x0013
mem[X,0x0000000080000236] -> 0x0080
[146] [M]: 0x0000000080000234 (0x00800013) addi zero, zero, 0x8

mem[X,0x0000000080000238] -> 0x1013
mem[X,0x000000008000023A] -> 0x00B0
[147] [M]: 0x0000000080000238 (0x00B01013) slli zero, zero, 0xb

mem[X,0x000000008000023C] -> 0x0013
mem[X,0x000000008000023E] -> 0x0000
[148] [M]: 0x000000008000023C (0x00000013) addi zero, zero, 0x0

mem[X,0x0000000080000240] -> 0x1013
mem[X,0x0000000080000242] -> 0x00A0
[149] [M]: 0x0000000080000240 (0x00A01013) slli zero, zero, 0xa

mem[X,0x0000000080000244] -> 0x0037
mem[X,0x0000000080000246] -> 0xFFF8
[150] [M]: 0x0000000080000244 (0xFFF80037) lui zero, -0x80

mem[X,0x0000000080000248] -> 0x0013
mem[X,0x000000008000024A] -> 0xFEF0
[151] [M]: 0x0000000080000248 (0xFEF00013) addi zero, zero, -0x11

mem[X,0x000000008000024C] -> 0x1013
mem[X,0x000000008000024E] -> 0x00B0
[152] [M]: 0x000000008000024C (0x00B01013) slli zero, zero, 0xb

mem[X,0x0000000080000250] -> 0x0013
mem[X,0x0000000080000252] -> 0x0100
[153] [M]: 0x0000000080000250 (0x01000013) addi zero, zero, 0x10

mem[X,0x0000000080000254] -> 0x1013
mem[X,0x0000000080000256] -> 0x00B0
[154] [M]: 0x0000000080000254 (0x00B01013) slli zero, zero, 0xb

mem[X,0x0000000080000258] -> 0x0013
mem[X,0x000000008000025A] -> 0x03F0
[155] [M]: 0x0000000080000258 (0x03F00013) addi zero, zero, 0x3f

mem[X,0x000000008000025C] -> 0x1013
mem[X,0x000000008000025E] -> 0x00A0
[156] [M]: 0x000000008000025C (0x00A01013) slli zero, zero, 0xa

mem[X,0x0000000080000260] -> 0x0013
mem[X,0x0000000080000262] -> 0x3FE0
[157] [M]: 0x0000000080000260 (0x3FE00013) addi zero, zero, 0x3fe

mem[X,0x0000000080000264] -> 0x703B
mem[X,0x0000000080000266] -> 0xB000
[158] [M]: 0x0000000080000264 (0xB000703B) pmulh.h.bo zero, zero, zero

mem[X,0x0000000080000268] -> 0x3823
mem[X,0x000000008000026A] -> 0x0002
[159] [M]: 0x0000000080000268 (0x00023823) sd zero, 0x10(tp)
mem[0x0000000080004128] <- 0x0000000000000000

mem[X,0x000000008000026C] -> 0x03B7
mem[X,0x000000008000026E] -> 0x5555
[160] [M]: 0x000000008000026C (0x555503B7) lui t2, 0x55550
x7 <- 0x0000000055550000

mem[X,0x0000000080000270] -> 0x8393
mem[X,0x0000000080000272] -> 0x0053
[161] [M]: 0x0000000080000270 (0x00538393) addi t2, t2, 0x5
x7 <- 0x0000000055550005

mem[X,0x0000000080000274] -> 0x9393
mem[X,0x0000000080000276] -> 0x00B3
[162] [M]: 0x0000000080000274 (0x00B39393) slli t2, t2, 0xb
x7 <- 0x000002AAA8002800

mem[X,0x0000000080000278] -> 0x8393
mem[X,0x000000008000027A] -> 0x0003
[163] [M]: 0x0000000080000278 (0x00038393) addi t2, t2, 0x0
x7 <- 0x000002AAA8002800

mem[X,0x000000008000027C] -> 0x9393
mem[X,0x000000008000027E] -> 0x00B3
[164] [M]: 0x000000008000027C (0x00B39393) slli t2, t2, 0xb
x7 <- 0x0015554001400000

mem[X,0x0000000080000280] -> 0x8393
mem[X,0x0000000080000282] -> 0x4003
[165] [M]: 0x0000000080000280 (0x40038393) addi t2, t2, 0x400
x7 <- 0x0015554001400400

mem[X,0x0000000080000284] -> 0x9393
mem[X,0x0000000080000286] -> 0x00A3
[166] [M]: 0x0000000080000284 (0x00A39393) slli t2, t2, 0xa
x7 <- 0x5555000500100000

mem[X,0x0000000080000288] -> 0x8393
mem[X,0x000000008000028A] -> 0x0013
[167] [M]: 0x0000000080000288 (0x00138393) addi t2, t2, 0x1
x7 <- 0x5555000500100001

mem[X,0x000000008000028C] -> 0x0BB7
mem[X,0x000000008000028E] -> 0x0008
[168] [M]: 0x000000008000028C (0x00080BB7) lui s7, 0x80
x23 <- 0x0000000000080000

mem[X,0x0000000080000290] -> 0x8B93
mem[X,0x0000000080000292] -> 0x004B
[169] [M]: 0x0000000080000290 (0x004B8B93) addi s7, s7, 0x4
x23 <- 0x0000000000080004

mem[X,0x0000000080000294] -> 0x9B93
mem[X,0x0000000080000296] -> 0x00BB
[170] [M]: 0x0000000080000294 (0x00BB9B93) slli s7, s7, 0xb
x23 <- 0x0000000040002000

mem[X,0x0000000080000298] -> 0x8B93
mem[X,0x000000008000029A] -> 0x2AAB
[171] [M]: 0x0000000080000298 (0x2AAB8B93) addi s7, s7, 0x2aa
x23 <- 0x00000000400022AA

mem[X,0x000000008000029C] -> 0x9B93
mem[X,0x000000008000029E] -> 0x00BB
[172] [M]: 0x000000008000029C (0x00BB9B93) slli s7, s7, 0xb
x23 <- 0x0000020001155000

mem[X,0x00000000800002A0] -> 0x8B93
mem[X,0x00000000800002A2] -> 0x540B
[173] [M]: 0x00000000800002A0 (0x540B8B93) addi s7, s7, 0x540
x23 <- 0x0000020001155540

mem[X,0x00000000800002A4] -> 0x9B93
mem[X,0x00000000800002A6] -> 0x00AB
[174] [M]: 0x00000000800002A4 (0x00AB9B93) slli s7, s7, 0xa
x23 <- 0x0008000455550000

mem[X,0x00000000800002A8] -> 0x8B93
mem[X,0x00000000800002AA] -> 0x020B
[175] [M]: 0x00000000800002A8 (0x020B8B93) addi s7, s7, 0x20
x23 <- 0x0008000455550020

mem[X,0x00000000800002AC] -> 0xF3BB
mem[X,0x00000000800002AE] -> 0xB173
[176] [M]: 0x00000000800002AC (0xB173F3BB) pmulh.h.bo t2, t2, s7
x7 <- 0x0000000000000000

mem[X,0x00000000800002B0] -> 0x3C23
mem[X,0x00000000800002B2] -> 0x0072
[177] [M]: 0x00000000800002B0 (0x00723C23) sd t2, 0x18(tp)
mem[0x0000000080004130] <- 0x0000000000000000

mem[X,0x00000000800002B4] -> 0x0837
mem[X,0x00000000800002B6] -> 0x0007
[178] [M]: 0x00000000800002B4 (0x00070837) lui a6, 0x70
x16 <- 0x0000000000070000

mem[X,0x00000000800002B8] -> 0x0813
mem[X,0x00000000800002BA] -> 0xFBF8
[179] [M]: 0x00000000800002B8 (0xFBF80813) addi a6, a6, -0x41
x16 <- 0x000000000006FFBF

mem[X,0x00000000800002BC] -> 0x1813
mem[X,0x00000000800002BE] -> 0x00B8
[180] [M]: 0x00000000800002BC (0x00B81813) slli a6, a6, 0xb
x16 <- 0x0000000037FDF800

mem[X,0x00000000800002C0] -> 0x0813
mem[X,0x00000000800002C2] -> 0x7FF8
[181] [M]: 0x00000000800002C0 (0x7FF80813) addi a6, a6, 0x7ff
x16 <- 0x0000000037FDFFFF

mem[X,0x00000000800002C4] -> 0x1813
mem[X,0x00000000800002C6] -> 0x00B8
[182] [M]: 0x00000000800002C4 (0x00B81813) slli a6, a6, 0xb
x16 <- 0x000001BFEFFFF800

mem[X,0x00000000800002C8] -> 0x0813
mem[X,0x00000000800002CA] -> 0x79F8
[183] [M]: 0x00000000800002C8 (0x79F80813) addi a6, a6, 0x79f
x16 <- 0x000001BFEFFFFF9F

mem[X,0x00000000800002CC] -> 0x1813
mem[X,0x00000000800002CE] -> 0x00A8
[184] [M]: 0x00000000800002CC (0x00A81813) slli a6, a6, 0xa
x16 <- 0x0006FFBFFFFE7C00

mem[X,0x00000000800002D0] -> 0x0813
mem[X,0x00000000800002D2] -> 0x3FF8
[185] [M]: 0x00000000800002D0 (0x3FF80813) addi a6, a6, 0x3ff
x16 <- 0x0006FFBFFFFE7FFF

mem[X,0x00000000800002D4] -> 0x07B7
mem[X,0x00000000800002D6] -> 0x0002
[186] [M]: 0x00000000800002D4 (0x000207B7) lui a5, 0x20
x15 <- 0x0000000000020000

mem[X,0x00000000800002D8] -> 0x8793
mem[X,0x00000000800002DA] -> 0x2007
[187] [M]: 0x00000000800002D8 (0x20078793) addi a5, a5, 0x200
x15 <- 0x0000000000020200

mem[X,0x00000000800002DC] -> 0x9793
mem[X,0x00000000800002DE] -> 0x00B7
[188] [M]: 0x00000000800002DC (0x00B79793) slli a5, a5, 0xb
x15 <- 0x0000000010100000

mem[X,0x00000000800002E0] -> 0x8793
mem[X,0x00000000800002E2] -> 0x7FF7
[189] [M]: 0x00000000800002E0 (0x7FF78793) addi a5, a5, 0x7ff
x15 <- 0x00000000101007FF

mem[X,0x00000000800002E4] -> 0x9793
mem[X,0x00000000800002E6] -> 0x00B7
[190] [M]: 0x00000000800002E4 (0x00B79793) slli a5, a5, 0xb
x15 <- 0x00000080803FF800

mem[X,0x00000000800002E8] -> 0x8793
mem[X,0x00000000800002EA] -> 0x77F7
[191] [M]: 0x00000000800002E8 (0x77F78793) addi a5, a5, 0x77f
x15 <- 0x00000080803FFF7F

mem[X,0x00000000800002EC] -> 0x9793
mem[X,0x00000000800002EE] -> 0x00A7
[192] [M]: 0x00000000800002EC (0x00A79793) slli a5, a5, 0xa
x15 <- 0x00020200FFFDFC00

mem[X,0x00000000800002F0] -> 0x8793
mem[X,0x00000000800002F2] -> 0x1FF7
[193] [M]: 0x00000000800002F0 (0x1FF78793) addi a5, a5, 0x1ff
x15 <- 0x00020200FFFDFDFF

mem[X,0x00000000800002F4] -> 0x79BB
mem[X,0x00000000800002F6] -> 0xB0F8
[194] [M]: 0x00000000800002F4 (0xB0F879BB) pmulh.h.bo s3, a6, a5
x19 <- 0x0000FFFF0000FFFE

mem[X,0x00000000800002F8] -> 0x3023
mem[X,0x00000000800002FA] -> 0x0332
[195] [M]: 0x00000000800002F8 (0x03323023) sd s3, 0x20(tp)
mem[0x0000000080004138] <- 0x0000FFFF0000FFFE

mem[X,0x00000000800002FC] -> 0x08B7
mem[X,0x00000000800002FE] -> 0x2001
[196] [M]: 0x00000000800002FC (0x200108B7) lui a7, 0x20010
x17 <- 0x0000000020010000

mem[X,0x0000000080000300] -> 0x8893
mem[X,0x0000000080000302] -> 0xFFD8
[197] [M]: 0x0000000080000300 (0xFFD88893) addi a7, a7, -0x3
x17 <- 0x000000002000FFFD

mem[X,0x0000000080000304] -> 0x9893
mem[X,0x0000000080000306] -> 0x00B8
[198] [M]: 0x0000000080000304 (0x00B89893) slli a7, a7, 0xb
x17 <- 0x0000010007FFE800

mem[X,0x0000000080000308] -> 0x8893
mem[X,0x000000008000030A] -> 0x0008
[199] [M]: 0x0000000080000308 (0x00088893) addi a7, a7, 0x0
x17 <- 0x0000010007FFE800

clint::tick mtime <- 0x0000000000000002
 clint timer pending at mtime 0x0000000000000002
htif::tick 0x0000000000000000
mem[X,0x000000008000030C] -> 0x9893
mem[X,0x000000008000030E] -> 0x00B8
[200] [M]: 0x000000008000030C (0x00B89893) slli a7, a7, 0xb
x17 <- 0x0008003FFF400000

mem[X,0x0000000080000310] -> 0x8893
mem[X,0x0000000080000312] -> 0x1408
[201] [M]: 0x0000000080000310 (0x14088893) addi a7, a7, 0x140
x17 <- 0x0008003FFF400140

mem[X,0x0000000080000314] -> 0x9893
mem[X,0x0000000080000316] -> 0x00A8
[202] [M]: 0x0000000080000314 (0x00A89893) slli a7, a7, 0xa
x17 <- 0x2000FFFD00050000

mem[X,0x0000000080000318] -> 0x8893
mem[X,0x000000008000031A] -> 0x0028
[203] [M]: 0x0000000080000318 (0x00288893) addi a7, a7, 0x2
x17 <- 0x2000FFFD00050002

mem[X,0x000000008000031C] -> 0x0137
mem[X,0x000000008000031E] -> 0x8001
[204] [M]: 0x000000008000031C (0x80010137) lui sp, -0x7fff0
x2 <- 0xFFFFFFFF80010000

mem[X,0x0000000080000320] -> 0x0113
mem[X,0x0000000080000322] -> 0xFFC1
[205] [M]: 0x0000000080000320 (0xFFC10113) addi sp, sp, -0x4
x2 <- 0xFFFFFFFF8000FFFC

mem[X,0x0000000080000324] -> 0x1113
mem[X,0x0000000080000326] -> 0x00B1
[206] [M]: 0x0000000080000324 (0x00B11113) slli sp, sp, 0xb
x2 <- 0xFFFFFC0007FFE000

mem[X,0x0000000080000328] -> 0x0113
mem[X,0x000000008000032A] -> 0x7FB1
[207] [M]: 0x0000000080000328 (0x7FB10113) addi sp, sp, 0x7fb
x2 <- 0xFFFFFC0007FFE7FB

mem[X,0x000000008000032C] -> 0x1113
mem[X,0x000000008000032E] -> 0x00B1
[208] [M]: 0x000000008000032C (0x00B11113) slli sp, sp, 0xb
x2 <- 0xFFE0003FFF3FD800

mem[X,0x0000000080000330] -> 0x0113
mem[X,0x0000000080000332] -> 0x7D51
[209] [M]: 0x0000000080000330 (0x7D510113) addi sp, sp, 0x7d5
x2 <- 0xFFE0003FFF3FDFD5

mem[X,0x0000000080000334] -> 0x1113
mem[X,0x0000000080000336] -> 0x00A1
[210] [M]: 0x0000000080000334 (0x00A11113) slli sp, sp, 0xa
x2 <- 0x8000FFFCFF7F5400

mem[X,0x0000000080000338] -> 0x0113
mem[X,0x000000008000033A] -> 0x1551
[211] [M]: 0x0000000080000338 (0x15510113) addi sp, sp, 0x155
x2 <- 0x8000FFFCFF7F5555

mem[X,0x000000008000033C] -> 0xF33B
mem[X,0x000000008000033E] -> 0xB028
[212] [M]: 0x000000008000033C (0xB028F33B) pmulh.h.bo t1, a7, sp
x6 <- 0xFFF00000FFFF0000

mem[X,0x0000000080000340] -> 0x3423
mem[X,0x0000000080000342] -> 0x0262
[213] [M]: 0x0000000080000340 (0x02623423) sd t1, 0x28(tp)
mem[0x0000000080004140] <- 0xFFF00000FFFF0000

mem[X,0x0000000080000344] -> 0x04B7
mem[X,0x0000000080000346] -> 0xFFFB
[214] [M]: 0x0000000080000344 (0xFFFB04B7) lui s1, -0x50
x9 <- 0xFFFFFFFFFFFB0000

mem[X,0x0000000080000348] -> 0x8493
mem[X,0x000000008000034A] -> 0xFF74
[215] [M]: 0x0000000080000348 (0xFF748493) addi s1, s1, -0x9
x9 <- 0xFFFFFFFFFFFAFFF7

mem[X,0x000000008000034C] -> 0x9493
mem[X,0x000000008000034E] -> 0x00B4
[216] [M]: 0x000000008000034C (0x00B49493) slli s1, s1, 0xb
x9 <- 0xFFFFFFFFD7FFB800

mem[X,0x0000000080000350] -> 0x8493
mem[X,0x0000000080000352] -> 0x1004
[217] [M]: 0x0000000080000350 (0x10048493) addi s1, s1, 0x100
x9 <- 0xFFFFFFFFD7FFB900

mem[X,0x0000000080000354] -> 0x9493
mem[X,0x0000000080000356] -> 0x00B4
[218] [M]: 0x0000000080000354 (0x00B49493) slli s1, s1, 0xb
x9 <- 0xFFFFFEBFFDC80000

mem[X,0x0000000080000358] -> 0x8493
mem[X,0x000000008000035A] -> 0x0004
[219] [M]: 0x0000000080000358 (0x00048493) addi s1, s1, 0x0
x9 <- 0xFFFFFEBFFDC80000

mem[X,0x000000008000035C] -> 0x9493
mem[X,0x000000008000035E] -> 0x00A4
[220] [M]: 0x000000008000035C (0x00A49493) slli s1, s1, 0xa
x9 <- 0xFFFAFFF720000000

mem[X,0x0000000080000360] -> 0x8493
mem[X,0x0000000080000362] -> 0x0044
[221] [M]: 0x0000000080000360 (0x00448493) addi s1, s1, 0x4
x9 <- 0xFFFAFFF720000004

mem[X,0x0000000080000364] -> 0x0E37
mem[X,0x0000000080000366] -> 0xEFFF
[222] [M]: 0x0000000080000364 (0xEFFF0E37) lui t3, -0x10010
x28 <- 0xFFFFFFFFEFFF0000

mem[X,0x0000000080000368] -> 0x0E13
mem[X,0x000000008000036A] -> 0x009E
[223] [M]: 0x0000000080000368 (0x009E0E13) addi t3, t3, 0x9
x28 <- 0xFFFFFFFFEFFF0009

mem[X,0x000000008000036C] -> 0x1E13
mem[X,0x000000008000036E] -> 0x00BE
[224] [M]: 0x000000008000036C (0x00BE1E13) slli t3, t3, 0xb
x28 <- 0xFFFFFF7FF8004800

mem[X,0x0000000080000370] -> 0x0E13
mem[X,0x0000000080000372] -> 0x3FFE
[225] [M]: 0x0000000080000370 (0x3FFE0E13) addi t3, t3, 0x3ff
x28 <- 0xFFFFFF7FF8004BFF

mem[X,0x0000000080000374] -> 0x1E13
mem[X,0x0000000080000376] -> 0x00BE
[226] [M]: 0x0000000080000374 (0x00BE1E13) slli t3, t3, 0xb
x28 <- 0xFFFBFFC0025FF800

mem[X,0x0000000080000378] -> 0x0E13
mem[X,0x000000008000037A] -> 0x7C0E
[227] [M]: 0x0000000080000378 (0x7C0E0E13) addi t3, t3, 0x7c0
x28 <- 0xFFFBFFC0025FFFC0

mem[X,0x000000008000037C] -> 0x1E13
mem[X,0x000000008000037E] -> 0x00AE
[228] [M]: 0x000000008000037C (0x00AE1E13) slli t3, t3, 0xa
x28 <- 0xEFFF00097FFF0000

mem[X,0x0000000080000380] -> 0x0E13
mem[X,0x0000000080000382] -> 0x009E
[229] [M]: 0x0000000080000380 (0x009E0E13) addi t3, t3, 0x9
x28 <- 0xEFFF00097FFF0009

mem[X,0x0000000080000384] -> 0xF0BB
mem[X,0x0000000080000386] -> 0xB1C4
[230] [M]: 0x0000000080000384 (0xB1C4F0BB) pmulh.h.bo ra, s1, t3
x1 <- 0x00000000000F0000

mem[X,0x0000000080000388] -> 0x3823
mem[X,0x000000008000038A] -> 0x0212
[231] [M]: 0x0000000080000388 (0x02123823) sd ra, 0x30(tp)
mem[0x0000000080004148] <- 0x00000000000F0000

mem[X,0x000000008000038C] -> 0x0EB7
mem[X,0x000000008000038E] -> 0xDFFF
[232] [M]: 0x000000008000038C (0xDFFF0EB7) lui t4, -0x20010
x29 <- 0xFFFFFFFFDFFF0000

mem[X,0x0000000080000390] -> 0x8E93
mem[X,0x0000000080000392] -> 0x040E
[233] [M]: 0x0000000080000390 (0x040E8E93) addi t4, t4, 0x40
x29 <- 0xFFFFFFFFDFFF0040

mem[X,0x0000000080000394] -> 0x9E93
mem[X,0x0000000080000396] -> 0x00BE
[234] [M]: 0x0000000080000394 (0x00BE9E93) slli t4, t4, 0xb
x29 <- 0xFFFFFEFFF8020000

mem[X,0x0000000080000398] -> 0x8E93
mem[X,0x000000008000039A] -> 0x002E
[235] [M]: 0x0000000080000398 (0x002E8E93) addi t4, t4, 0x2
x29 <- 0xFFFFFEFFF8020002

mem[X,0x000000008000039C] -> 0x9E93
mem[X,0x000000008000039E] -> 0x00BE
[236] [M]: 0x000000008000039C (0x00BE9E93) slli t4, t4, 0xb
x29 <- 0xFFF7FFC010001000

mem[X,0x00000000800003A0] -> 0x8E93
mem[X,0x00000000800003A2] -> 0x000E
[237] [M]: 0x00000000800003A0 (0x000E8E93) addi t4, t4, 0x0
x29 <- 0xFFF7FFC010001000

mem[X,0x00000000800003A4] -> 0x9E93
mem[X,0x00000000800003A6] -> 0x00AE
[238] [M]: 0x00000000800003A4 (0x00AE9E93) slli t4, t4, 0xa
x29 <- 0xDFFF004000400000

mem[X,0x00000000800003A8] -> 0x8E93
mem[X,0x00000000800003AA] -> 0x008E
[239] [M]: 0x00000000800003A8 (0x008E8E93) addi t4, t4, 0x8
x29 <- 0xDFFF004000400008

mem[X,0x00000000800003AC] -> 0x0637
mem[X,0x00000000800003AE] -> 0x4000
[240] [M]: 0x00000000800003AC (0x40000637) lui a2, 0x40000
x12 <- 0x0000000040000000

mem[X,0x00000000800003B0] -> 0x0613
mem[X,0x00000000800003B2] -> 0xFFD6
[241] [M]: 0x00000000800003B0 (0xFFD60613) addi a2, a2, -0x3
x12 <- 0x000000003FFFFFFD

mem[X,0x00000000800003B4] -> 0x1613
mem[X,0x00000000800003B6] -> 0x00B6
[242] [M]: 0x00000000800003B4 (0x00B61613) slli a2, a2, 0xb
x12 <- 0x000001FFFFFFE800

mem[X,0x00000000800003B8] -> 0x0613
mem[X,0x00000000800003BA] -> 0x5FF6
[243] [M]: 0x00000000800003B8 (0x5FF60613) addi a2, a2, 0x5ff
x12 <- 0x000001FFFFFFEDFF

mem[X,0x00000000800003BC] -> 0x1613
mem[X,0x00000000800003BE] -> 0x00B6
[244] [M]: 0x00000000800003BC (0x00B61613) slli a2, a2, 0xb
x12 <- 0x000FFFFFFF6FF800

mem[X,0x00000000800003C0] -> 0x0613
mem[X,0x00000000800003C2] -> 0x7C06
[245] [M]: 0x00000000800003C0 (0x7C060613) addi a2, a2, 0x7c0
x12 <- 0x000FFFFFFF6FFFC0

mem[X,0x00000000800003C4] -> 0x1613
mem[X,0x00000000800003C6] -> 0x00A6
[246] [M]: 0x00000000800003C4 (0x00A61613) slli a2, a2, 0xa
x12 <- 0x3FFFFFFDBFFF0000

mem[X,0x00000000800003C8] -> 0x0613
mem[X,0x00000000800003CA] -> 0x0016
[247] [M]: 0x00000000800003C8 (0x00160613) addi a2, a2, 0x1
x12 <- 0x3FFFFFFDBFFF0001

mem[X,0x00000000800003CC] -> 0xF4BB
mem[X,0x00000000800003CE] -> 0xB0CE
[248] [M]: 0x00000000800003CC (0xB0CEF4BB) pmulh.h.bo s1, t4, a2
x9 <- 0xFFF8FFFFFFFF0000

mem[X,0x00000000800003D0] -> 0x3C23
mem[X,0x00000000800003D2] -> 0x0292
[249] [M]: 0x00000000800003D0 (0x02923C23) sd s1, 0x38(tp)
mem[0x0000000080004150] <- 0xFFF8FFFFFFFF0000

mem[X,0x00000000800003D4] -> 0x11B7
mem[X,0x00000000800003D6] -> 0x1000
[250] [M]: 0x00000000800003D4 (0x100011B7) lui gp, 0x10001
x3 <- 0x0000000010001000

mem[X,0x00000000800003D8] -> 0x8193
mem[X,0x00000000800003DA] -> 0x8001
[251] [M]: 0x00000000800003D8 (0x80018193) addi gp, gp, -0x800
x3 <- 0x0000000010000800

mem[X,0x00000000800003DC] -> 0x9193
mem[X,0x00000000800003DE] -> 0x00B1
[252] [M]: 0x00000000800003DC (0x00B19193) slli gp, gp, 0xb
x3 <- 0x0000008000400000

mem[X,0x00000000800003E0] -> 0x8193
mem[X,0x00000000800003E2] -> 0x7BF1
[253] [M]: 0x00000000800003E0 (0x7BF18193) addi gp, gp, 0x7bf
x3 <- 0x00000080004007BF

mem[X,0x00000000800003E4] -> 0x9193
mem[X,0x00000000800003E6] -> 0x00B1
[254] [M]: 0x00000000800003E4 (0x00B19193) slli gp, gp, 0xb
x3 <- 0x00040002003DF800

mem[X,0x00000000800003E8] -> 0x8193
mem[X,0x00000000800003EA] -> 0x7C01
[255] [M]: 0x00000000800003E8 (0x7C018193) addi gp, gp, 0x7c0
x3 <- 0x00040002003DFFC0

mem[X,0x00000000800003EC] -> 0x9193
mem[X,0x00000000800003EE] -> 0x00A1
[256] [M]: 0x00000000800003EC (0x00A19193) slli gp, gp, 0xa
x3 <- 0x10000800F7FF0000

mem[X,0x00000000800003F0] -> 0x8193
mem[X,0x00000000800003F2] -> 0x0101
[257] [M]: 0x00000000800003F0 (0x01018193) addi gp, gp, 0x10
x3 <- 0x10000800F7FF0010

mem[X,0x00000000800003F4] -> 0x0C37
mem[X,0x00000000800003F6] -> 0x0011
[258] [M]: 0x00000000800003F4 (0x00110C37) lui s8, 0x110
x24 <- 0x0000000000110000

mem[X,0x00000000800003F8] -> 0x0C13
mem[X,0x00000000800003FA] -> 0xFF9C
[259] [M]: 0x00000000800003F8 (0xFF9C0C13) addi s8, s8, -0x7
x24 <- 0x000000000010FFF9

mem[X,0x00000000800003FC] -> 0x1C13
mem[X,0x00000000800003FE] -> 0x00BC
[260] [M]: 0x00000000800003FC (0x00BC1C13) slli s8, s8, 0xb
x24 <- 0x0000000087FFC800

mem[X,0x0000000080000400] -> 0x0C13
mem[X,0x0000000080000402] -> 0x001C
[261] [M]: 0x0000000080000400 (0x001C0C13) addi s8, s8, 0x1
x24 <- 0x0000000087FFC801

mem[X,0x0000000080000404] -> 0x1C13
mem[X,0x0000000080000406] -> 0x00BC
[262] [M]: 0x0000000080000404 (0x00BC1C13) slli s8, s8, 0xb
x24 <- 0x0000043FFE400800

mem[X,0x0000000080000408] -> 0x0C13
mem[X,0x000000008000040A] -> 0x00FC
[263] [M]: 0x0000000080000408 (0x00FC0C13) addi s8, s8, 0xf
x24 <- 0x0000043FFE40080F

mem[X,0x000000008000040C] -> 0x1C13
mem[X,0x000000008000040E] -> 0x00AC
[264] [M]: 0x000000008000040C (0x00AC1C13) slli s8, s8, 0xa
x24 <- 0x0010FFF900203C00

mem[X,0x0000000080000410] -> 0x0C13
mem[X,0x0000000080000412] -> 0x3FFC
[265] [M]: 0x0000000080000410 (0x3FFC0C13) addi s8, s8, 0x3ff
x24 <- 0x0010FFF900203FFF

mem[X,0x0000000080000414] -> 0xFF3B
mem[X,0x0000000080000416] -> 0xB181
[266] [M]: 0x0000000080000414 (0xB181FF3B) pmulh.h.bo t5, gp, s8
x30 <- 0x0000FFFF00000000

mem[X,0x0000000080000418] -> 0x3023
mem[X,0x000000008000041A] -> 0x05E2
[267] [M]: 0x0000000080000418 (0x05E23023) sd t5, 0x40(tp)
mem[0x0000000080004158] <- 0x0000FFFF00000000

mem[X,0x000000008000041C] -> 0x00B7
mem[X,0x000000008000041E] -> 0x0021
[268] [M]: 0x000000008000041C (0x002100B7) lui ra, 0x210
x1 <- 0x0000000000210000

mem[X,0x0000000080000420] -> 0x8093
mem[X,0x0000000080000422] -> 0xFBF0
[269] [M]: 0x0000000080000420 (0xFBF08093) addi ra, ra, -0x41
x1 <- 0x000000000020FFBF

mem[X,0x0000000080000424] -> 0x9093
mem[X,0x0000000080000426] -> 0x00B0
[270] [M]: 0x0000000080000424 (0x00B09093) slli ra, ra, 0xb
x1 <- 0x0000000107FDF800

mem[X,0x0000000080000428] -> 0x8093
mem[X,0x000000008000042A] -> 0x0000
[271] [M]: 0x0000000080000428 (0x00008093) addi ra, ra, 0x0
x1 <- 0x0000000107FDF800

mem[X,0x000000008000042C] -> 0x9093
mem[X,0x000000008000042E] -> 0x00B0
[272] [M]: 0x000000008000042C (0x00B09093) slli ra, ra, 0xb
x1 <- 0x0000083FEFC00000

mem[X,0x0000000080000430] -> 0x8093
mem[X,0x0000000080000432] -> 0x0C00
[273] [M]: 0x0000000080000430 (0x0C008093) addi ra, ra, 0xc0
x1 <- 0x0000083FEFC000C0

mem[X,0x0000000080000434] -> 0x9093
mem[X,0x0000000080000436] -> 0x00A0
[274] [M]: 0x0000000080000434 (0x00A09093) slli ra, ra, 0xa
x1 <- 0x0020FFBF00030000

mem[X,0x0000000080000438] -> 0x8093
mem[X,0x000000008000043A] -> 0x0200
[275] [M]: 0x0000000080000438 (0x02008093) addi ra, ra, 0x20
x1 <- 0x0020FFBF00030020

mem[X,0x000000008000043C] -> 0x0A37
mem[X,0x000000008000043E] -> 0xFF00
[276] [M]: 0x000000008000043C (0xFF000A37) lui s4, -0x1000
x20 <- 0xFFFFFFFFFF000000

mem[X,0x0000000080000440] -> 0x0A13
mem[X,0x0000000080000442] -> 0xFFFA
[277] [M]: 0x0000000080000440 (0xFFFA0A13) addi s4, s4, -0x1
x20 <- 0xFFFFFFFFFEFFFFFF

mem[X,0x0000000080000444] -> 0x1A13
mem[X,0x0000000080000446] -> 0x00BA
[278] [M]: 0x0000000080000444 (0x00BA1A13) slli s4, s4, 0xb
x20 <- 0xFFFFFFF7FFFFF800

mem[X,0x0000000080000448] -> 0x0A13
mem[X,0x000000008000044A] -> 0x200A
[279] [M]: 0x0000000080000448 (0x200A0A13) addi s4, s4, 0x200
x20 <- 0xFFFFFFF7FFFFFA00

mem[X,0x000000008000044C] -> 0x1A13
mem[X,0x000000008000044E] -> 0x00BA
[280] [M]: 0x000000008000044C (0x00BA1A13) slli s4, s4, 0xb
x20 <- 0xFFFFBFFFFFD00000

mem[X,0x0000000080000450] -> 0x0A13
mem[X,0x0000000080000452] -> 0x000A
[281] [M]: 0x0000000080000450 (0x000A0A13) addi s4, s4, 0x0
x20 <- 0xFFFFBFFFFFD00000

mem[X,0x0000000080000454] -> 0x1A13
mem[X,0x0000000080000456] -> 0x00AA
[282] [M]: 0x0000000080000454 (0x00AA1A13) slli s4, s4, 0xa
x20 <- 0xFEFFFFFF40000000

mem[X,0x0000000080000458] -> 0x0A13
mem[X,0x000000008000045A] -> 0x100A
[283] [M]: 0x0000000080000458 (0x100A0A13) addi s4, s4, 0x100
x20 <- 0xFEFFFFFF40000100

mem[X,0x000000008000045C] -> 0xFD3B
mem[X,0x000000008000045E] -> 0xB140
[284] [M]: 0x000000008000045C (0xB140FD3B) pmulh.h.bo s10, ra, s4
x26 <- 0xFFFF000000000000

mem[X,0x0000000080000460] -> 0x3423
mem[X,0x0000000080000462] -> 0x05A2
[285] [M]: 0x0000000080000460 (0x05A23423) sd s10, 0x48(tp)
mem[0x0000000080004160] <- 0xFFFF000000000000

mem[X,0x0000000080000464] -> 0x0337
mem[X,0x0000000080000466] -> 0x8000
[286] [M]: 0x0000000080000464 (0x80000337) lui t1, -0x80000
x6 <- 0xFFFFFFFF80000000

mem[X,0x0000000080000468] -> 0x0313
mem[X,0x000000008000046A] -> 0x0403
[287] [M]: 0x0000000080000468 (0x04030313) addi t1, t1, 0x40
x6 <- 0xFFFFFFFF80000040

mem[X,0x000000008000046C] -> 0x1313
mem[X,0x000000008000046E] -> 0x00B3
[288] [M]: 0x000000008000046C (0x00B31313) slli t1, t1, 0xb
x6 <- 0xFFFFFC0000020000

mem[X,0x0000000080000470] -> 0x0313
mem[X,0x0000000080000472] -> 0x0003
[289] [M]: 0x0000000080000470 (0x00030313) addi t1, t1, 0x0
x6 <- 0xFFFFFC0000020000

mem[X,0x0000000080000474] -> 0x1313
mem[X,0x0000000080000476] -> 0x00B3
[290] [M]: 0x0000000080000474 (0x00B31313) slli t1, t1, 0xb
x6 <- 0xFFE0000010000000

mem[X,0x0000000080000478] -> 0x0313
mem[X,0x000000008000047A] -> 0x1403
[291] [M]: 0x0000000080000478 (0x14030313) addi t1, t1, 0x140
x6 <- 0xFFE0000010000140

mem[X,0x000000008000047C] -> 0x1313
mem[X,0x000000008000047E] -> 0x00A3
[292] [M]: 0x000000008000047C (0x00A31313) slli t1, t1, 0xa
x6 <- 0x8000004000050000

mem[X,0x0000000080000480] -> 0x0313
mem[X,0x0000000080000482] -> 0x0403
[293] [M]: 0x0000000080000480 (0x04030313) addi t1, t1, 0x40
x6 <- 0x8000004000050040

mem[X,0x0000000080000484] -> 0x00B7
mem[X,0x0000000080000486] -> 0x0009
[294] [M]: 0x0000000080000484 (0x000900B7) lui ra, 0x90
x1 <- 0x0000000000090000

mem[X,0x0000000080000488] -> 0x8093
mem[X,0x000000008000048A] -> 0xDFF0
[295] [M]: 0x0000000080000488 (0xDFF08093) addi ra, ra, -0x201
x1 <- 0x000000000008FDFF

mem[X,0x000000008000048C] -> 0x9093
mem[X,0x000000008000048E] -> 0x00B0
[296] [M]: 0x000000008000048C (0x00B09093) slli ra, ra, 0xb
x1 <- 0x0000000047EFF800

mem[X,0x0000000080000490] -> 0x8093
mem[X,0x0000000080000492] -> 0x2000
[297] [M]: 0x0000000080000490 (0x20008093) addi ra, ra, 0x200
x1 <- 0x0000000047EFFA00

mem[X,0x0000000080000494] -> 0x9093
mem[X,0x0000000080000496] -> 0x00B0
[298] [M]: 0x0000000080000494 (0x00B09093) slli ra, ra, 0xb
x1 <- 0x0000023F7FD00000

mem[X,0x0000000080000498] -> 0x8093
mem[X,0x000000008000049A] -> 0x03F0
[299] [M]: 0x0000000080000498 (0x03F08093) addi ra, ra, 0x3f
x1 <- 0x0000023F7FD0003F

clint::tick mtime <- 0x0000000000000003
 clint timer pending at mtime 0x0000000000000003
htif::tick 0x0000000000000000
mem[X,0x000000008000049C] -> 0x9093
mem[X,0x000000008000049E] -> 0x00A0
[300] [M]: 0x000000008000049C (0x00A09093) slli ra, ra, 0xa
x1 <- 0x0008FDFF4000FC00

mem[X,0x00000000800004A0] -> 0x8093
mem[X,0x00000000800004A2] -> 0x3F80
[301] [M]: 0x00000000800004A0 (0x3F808093) addi ra, ra, 0x3f8
x1 <- 0x0008FDFF4000FFF8

mem[X,0x00000000800004A4] -> 0x77BB
mem[X,0x00000000800004A6] -> 0xB013
[302] [M]: 0x00000000800004A4 (0xB01377BB) pmulh.h.bo a5, t1, ra
x15 <- 0x0000FFFF0000FFFF

mem[X,0x00000000800004A8] -> 0x3823
mem[X,0x00000000800004AA] -> 0x04F2
[303] [M]: 0x00000000800004A8 (0x04F23823) sd a5, 0x50(tp)
mem[0x0000000080004168] <- 0x0000FFFF0000FFFF

mem[X,0x00000000800004AC] -> 0x5137
mem[X,0x00000000800004AE] -> 0xFFFB
[304] [M]: 0x00000000800004AC (0xFFFB5137) lui sp, -0x4b
x2 <- 0xFFFFFFFFFFFB5000

mem[X,0x00000000800004B0] -> 0x0113
mem[X,0x00000000800004B2] -> 0x5551
[305] [M]: 0x00000000800004B0 (0x55510113) addi sp, sp, 0x555
x2 <- 0xFFFFFFFFFFFB5555

mem[X,0x00000000800004B4] -> 0x1113
mem[X,0x00000000800004B6] -> 0x00B1
[306] [M]: 0x00000000800004B4 (0x00B11113) slli sp, sp, 0xb
x2 <- 0xFFFFFFFFDAAAA800

mem[X,0x00000000800004B8] -> 0x0113
mem[X,0x00000000800004BA] -> 0x0201
[307] [M]: 0x00000000800004B8 (0x02010113) addi sp, sp, 0x20
x2 <- 0xFFFFFFFFDAAAA820

mem[X,0x00000000800004BC] -> 0x1113
mem[X,0x00000000800004BE] -> 0x00B1
[308] [M]: 0x00000000800004BC (0x00B11113) slli sp, sp, 0xb
x2 <- 0xFFFFFED555410000

mem[X,0x00000000800004C0] -> 0x0113
mem[X,0x00000000800004C2] -> 0x0001
[309] [M]: 0x00000000800004C0 (0x00010113) addi sp, sp, 0x0
x2 <- 0xFFFFFED555410000

mem[X,0x00000000800004C4] -> 0x1113
mem[X,0x00000000800004C6] -> 0x00A1
[310] [M]: 0x00000000800004C4 (0x00A11113) slli sp, sp, 0xa
x2 <- 0xFFFB555504000000

mem[X,0x00000000800004C8] -> 0x0113
mem[X,0x00000000800004CA] -> 0x0801
[311] [M]: 0x00000000800004C8 (0x08010113) addi sp, sp, 0x80
x2 <- 0xFFFB555504000080

mem[X,0x00000000800004CC] -> 0x0937
mem[X,0x00000000800004CE] -> 0xF7FF
[312] [M]: 0x00000000800004CC (0xF7FF0937) lui s2, -0x8010
x18 <- 0xFFFFFFFFF7FF0000

mem[X,0x00000000800004D0] -> 0x0913
mem[X,0x00000000800004D2] -> 0x0049
[313] [M]: 0x00000000800004D0 (0x00490913) addi s2, s2, 0x4
x18 <- 0xFFFFFFFFF7FF0004

mem[X,0x00000000800004D4] -> 0x1913
mem[X,0x00000000800004D6] -> 0x00B9
[314] [M]: 0x00000000800004D4 (0x00B91913) slli s2, s2, 0xb
x18 <- 0xFFFFFFBFF8002000

mem[X,0x00000000800004D8] -> 0x0913
mem[X,0x00000000800004DA] -> 0x7FE9
[315] [M]: 0x00000000800004D8 (0x7FE90913) addi s2, s2, 0x7fe
x18 <- 0xFFFFFFBFF80027FE

mem[X,0x00000000800004DC] -> 0x1913
mem[X,0x00000000800004DE] -> 0x00B9
[316] [M]: 0x00000000800004DC (0x00B91913) slli s2, s2, 0xb
x18 <- 0xFFFDFFC0013FF000

mem[X,0x00000000800004E0] -> 0x0913
mem[X,0x00000000800004E2] -> 0x7FF9
[317] [M]: 0x00000000800004E0 (0x7FF90913) addi s2, s2, 0x7ff
x18 <- 0xFFFDFFC0013FF7FF

mem[X,0x00000000800004E4] -> 0x1913
mem[X,0x00000000800004E6] -> 0x00A9
[318] [M]: 0x00000000800004E4 (0x00A91913) slli s2, s2, 0xa
x18 <- 0xF7FF0004FFDFFC00

mem[X,0x00000000800004E8] -> 0x0913
mem[X,0x00000000800004EA] -> 0x3F89
[319] [M]: 0x00000000800004E8 (0x3F890913) addi s2, s2, 0x3f8
x18 <- 0xF7FF0004FFDFFFF8

mem[X,0x00000000800004EC] -> 0x7DBB
mem[X,0x00000000800004EE] -> 0xB121
[320] [M]: 0x00000000800004EC (0xB1217DBB) pmulh.h.bo s11, sp, s2
x27 <- 0x00000000FFFFFFFF

mem[X,0x00000000800004F0] -> 0x3C23
mem[X,0x00000000800004F2] -> 0x05B2
[321] [M]: 0x00000000800004F0 (0x05B23C23) sd s11, 0x58(tp)
mem[0x0000000080004170] <- 0x00000000FFFFFFFF

mem[X,0x00000000800004F4] -> 0x47B7
mem[X,0x00000000800004F6] -> 0x2000
[322] [M]: 0x00000000800004F4 (0x200047B7) lui a5, 0x20004
x15 <- 0x0000000020004000

mem[X,0x00000000800004F8] -> 0x8793
mem[X,0x00000000800004FA] -> 0x0007
[323] [M]: 0x00000000800004F8 (0x00078793) addi a5, a5, 0x0
x15 <- 0x0000000020004000

mem[X,0x00000000800004FC] -> 0x9793
mem[X,0x00000000800004FE] -> 0x00B7
[324] [M]: 0x00000000800004FC (0x00B79793) slli a5, a5, 0xb
x15 <- 0x0000010002000000

mem[X,0x0000000080000500] -> 0x8793
mem[X,0x0000000080000502] -> 0x0007
[325] [M]: 0x0000000080000500 (0x00078793) addi a5, a5, 0x0
x15 <- 0x0000010002000000

mem[X,0x0000000080000504] -> 0x9793
mem[X,0x0000000080000506] -> 0x00B7
[326] [M]: 0x0000000080000504 (0x00B79793) slli a5, a5, 0xb
x15 <- 0x0008001000000000

mem[X,0x0000000080000508] -> 0x8793
mem[X,0x000000008000050A] -> 0x4007
[327] [M]: 0x0000000080000508 (0x40078793) addi a5, a5, 0x400
x15 <- 0x0008001000000400

mem[X,0x000000008000050C] -> 0x9793
mem[X,0x000000008000050E] -> 0x00A7
[328] [M]: 0x000000008000050C (0x00A79793) slli a5, a5, 0xa
x15 <- 0x2000400000100000

mem[X,0x0000000080000510] -> 0x8793
mem[X,0x0000000080000512] -> 0x1007
[329] [M]: 0x0000000080000510 (0x10078793) addi a5, a5, 0x100
x15 <- 0x2000400000100100

mem[X,0x0000000080000514] -> 0x0CB7
mem[X,0x0000000080000516] -> 0xFFF8
[330] [M]: 0x0000000080000514 (0xFFF80CB7) lui s9, -0x80
x25 <- 0xFFFFFFFFFFF80000

mem[X,0x0000000080000518] -> 0x8C93
mem[X,0x000000008000051A] -> 0xFDFC
[331] [M]: 0x0000000080000518 (0xFDFC8C93) addi s9, s9, -0x21
x25 <- 0xFFFFFFFFFFF7FFDF

mem[X,0x000000008000051C] -> 0x9C93
mem[X,0x000000008000051E] -> 0x00BC
[332] [M]: 0x000000008000051C (0x00BC9C93) slli s9, s9, 0xb
x25 <- 0xFFFFFFFFBFFEF800

mem[X,0x0000000080000520] -> 0x8C93
mem[X,0x0000000080000522] -> 0x7FFC
[333] [M]: 0x0000000080000520 (0x7FFC8C93) addi s9, s9, 0x7ff
x25 <- 0xFFFFFFFFBFFEFFFF

mem[X,0x0000000080000524] -> 0x9C93
mem[X,0x0000000080000526] -> 0x00BC
[334] [M]: 0x0000000080000524 (0x00BC9C93) slli s9, s9, 0xb
x25 <- 0xFFFFFDFFF7FFF800

mem[X,0x0000000080000528] -> 0x8C93
mem[X,0x000000008000052A] -> 0x7AAC
[335] [M]: 0x0000000080000528 (0x7AAC8C93) addi s9, s9, 0x7aa
x25 <- 0xFFFFFDFFF7FFFFAA

mem[X,0x000000008000052C] -> 0x9C93
mem[X,0x000000008000052E] -> 0x00AC
[336] [M]: 0x000000008000052C (0x00AC9C93) slli s9, s9, 0xa
x25 <- 0xFFF7FFDFFFFEA800

mem[X,0x0000000080000530] -> 0x8C93
mem[X,0x0000000080000532] -> 0x2AAC
[337] [M]: 0x0000000080000530 (0x2AAC8C93) addi s9, s9, 0x2aa
x25 <- 0xFFF7FFDFFFFEAAAA

mem[X,0x0000000080000534] -> 0xF6BB
mem[X,0x0000000080000536] -> 0xB197
[338] [M]: 0x0000000080000534 (0xB197F6BB) pmulh.h.bo a3, a5, s9
x13 <- 0xFFFFFFFFFFFFFFFF

mem[X,0x0000000080000538] -> 0x3023
mem[X,0x000000008000053A] -> 0x06D2
[339] [M]: 0x0000000080000538 (0x06D23023) sd a3, 0x60(tp)
mem[0x0000000080004178] <- 0xFFFFFFFFFFFFFFFF

mem[X,0x000000008000053C] -> 0x0CB7
mem[X,0x000000008000053E] -> 0xFFFC
[340] [M]: 0x000000008000053C (0xFFFC0CB7) lui s9, -0x40
x25 <- 0xFFFFFFFFFFFC0000

mem[X,0x0000000080000540] -> 0x8C93
mem[X,0x0000000080000542] -> 0xFFCC
[341] [M]: 0x0000000080000540 (0xFFCC8C93) addi s9, s9, -0x4
x25 <- 0xFFFFFFFFFFFBFFFC

mem[X,0x0000000080000544] -> 0x9C93
mem[X,0x0000000080000546] -> 0x00BC
[342] [M]: 0x0000000080000544 (0x00BC9C93) slli s9, s9, 0xb
x25 <- 0xFFFFFFFFDFFFE000

mem[X,0x0000000080000548] -> 0x8C93
mem[X,0x000000008000054A] -> 0x008C
[343] [M]: 0x0000000080000548 (0x008C8C93) addi s9, s9, 0x8
x25 <- 0xFFFFFFFFDFFFE008

mem[X,0x000000008000054C] -> 0x9C93
mem[X,0x000000008000054E] -> 0x00BC
[344] [M]: 0x000000008000054C (0x00BC9C93) slli s9, s9, 0xb
x25 <- 0xFFFFFEFFFF004000

mem[X,0x0000000080000550] -> 0x8C93
mem[X,0x0000000080000552] -> 0x000C
[345] [M]: 0x0000000080000550 (0x000C8C93) addi s9, s9, 0x0
x25 <- 0xFFFFFEFFFF004000

mem[X,0x0000000080000554] -> 0x9C93
mem[X,0x0000000080000556] -> 0x00AC
[346] [M]: 0x0000000080000554 (0x00AC9C93) slli s9, s9, 0xa
x25 <- 0xFFFBFFFC01000000

mem[X,0x0000000080000558] -> 0x8C93
mem[X,0x000000008000055A] -> 0x200C
[347] [M]: 0x0000000080000558 (0x200C8C93) addi s9, s9, 0x200
x25 <- 0xFFFBFFFC01000200

mem[X,0x000000008000055C] -> 0x0437
mem[X,0x000000008000055E] -> 0xFFFD
[348] [M]: 0x000000008000055C (0xFFFD0437) lui fp, -0x30
x8 <- 0xFFFFFFFFFFFD0000

mem[X,0x0000000080000560] -> 0x0413
mem[X,0x0000000080000562] -> 0x4004
[349] [M]: 0x0000000080000560 (0x40040413) addi fp, fp, 0x400
x8 <- 0xFFFFFFFFFFFD0400

mem[X,0x0000000080000564] -> 0x1413
mem[X,0x0000000080000566] -> 0x00B4
[350] [M]: 0x0000000080000564 (0x00B41413) slli fp, fp, 0xb
x8 <- 0xFFFFFFFFE8200000

mem[X,0x0000000080000568] -> 0x0413
mem[X,0x000000008000056A] -> 0x7FD4
[351] [M]: 0x0000000080000568 (0x7FD40413) addi fp, fp, 0x7fd
x8 <- 0xFFFFFFFFE82007FD

mem[X,0x000000008000056C] -> 0x1413
mem[X,0x000000008000056E] -> 0x00B4
[352] [M]: 0x000000008000056C (0x00B41413) slli fp, fp, 0xb
x8 <- 0xFFFFFF41003FE800

mem[X,0x0000000080000570] -> 0x0413
mem[X,0x0000000080000572] -> 0x7FF4
[353] [M]: 0x0000000080000570 (0x7FF40413) addi fp, fp, 0x7ff
x8 <- 0xFFFFFF41003FEFFF

mem[X,0x0000000080000574] -> 0x1413
mem[X,0x0000000080000576] -> 0x00A4
[354] [M]: 0x0000000080000574 (0x00A41413) slli fp, fp, 0xa
x8 <- 0xFFFD0400FFBFFC00

mem[X,0x0000000080000578] -> 0x0413
mem[X,0x000000008000057A] -> 0x37F4
[355] [M]: 0x0000000080000578 (0x37F40413) addi fp, fp, 0x37f
x8 <- 0xFFFD0400FFBFFF7F

mem[X,0x000000008000057C] -> 0xF93B
mem[X,0x000000008000057E] -> 0xB08C
[356] [M]: 0x000000008000057C (0xB08CF93B) pmulh.h.bo s2, s9, fp
x18 <- 0x0000FFFFFFFFFFFF

mem[X,0x0000000080000580] -> 0x3423
mem[X,0x0000000080000582] -> 0x0722
[357] [M]: 0x0000000080000580 (0x07223423) sd s2, 0x68(tp)
mem[0x0000000080004180] <- 0x0000FFFFFFFFFFFF

mem[X,0x0000000080000584] -> 0x0BB7
mem[X,0x0000000080000586] -> 0x8000
[358] [M]: 0x0000000080000584 (0x80000BB7) lui s7, -0x80000
x23 <- 0xFFFFFFFF80000000

mem[X,0x0000000080000588] -> 0x8B93
mem[X,0x000000008000058A] -> 0x040B
[359] [M]: 0x0000000080000588 (0x040B8B93) addi s7, s7, 0x40
x23 <- 0xFFFFFFFF80000040

mem[X,0x000000008000058C] -> 0x9B93
mem[X,0x000000008000058E] -> 0x00BB
[360] [M]: 0x000000008000058C (0x00BB9B93) slli s7, s7, 0xb
x23 <- 0xFFFFFC0000020000

mem[X,0x0000000080000590] -> 0x8B93
mem[X,0x0000000080000592] -> 0x100B
[361] [M]: 0x0000000080000590 (0x100B8B93) addi s7, s7, 0x100
x23 <- 0xFFFFFC0000020100

mem[X,0x0000000080000594] -> 0x9B93
mem[X,0x0000000080000596] -> 0x00BB
[362] [M]: 0x0000000080000594 (0x00BB9B93) slli s7, s7, 0xb
x23 <- 0xFFE0000010080000

mem[X,0x0000000080000598] -> 0x8B93
mem[X,0x000000008000059A] -> 0x001B
[363] [M]: 0x0000000080000598 (0x001B8B93) addi s7, s7, 0x1
x23 <- 0xFFE0000010080001

mem[X,0x000000008000059C] -> 0x9B93
mem[X,0x000000008000059E] -> 0x00AB
[364] [M]: 0x000000008000059C (0x00AB9B93) slli s7, s7, 0xa
x23 <- 0x8000004020000400

mem[X,0x00000000800005A0] -> 0x0AB7
mem[X,0x00000000800005A2] -> 0xFFEF
[365] [M]: 0x00000000800005A0 (0xFFEF0AB7) lui s5, -0x110
x21 <- 0xFFFFFFFFFFEF0000

mem[X,0x00000000800005A4] -> 0x8A93
mem[X,0x00000000800005A6] -> 0x001A
[366] [M]: 0x00000000800005A4 (0x001A8A93) addi s5, s5, 0x1
x21 <- 0xFFFFFFFFFFEF0001

mem[X,0x00000000800005A8] -> 0x9A93
mem[X,0x00000000800005AA] -> 0x00BA
[367] [M]: 0x00000000800005A8 (0x00BA9A93) slli s5, s5, 0xb
x21 <- 0xFFFFFFFF78000800

mem[X,0x00000000800005AC] -> 0x8A93
mem[X,0x00000000800005AE] -> 0x002A
[368] [M]: 0x00000000800005AC (0x002A8A93) addi s5, s5, 0x2
x21 <- 0xFFFFFFFF78000802

mem[X,0x00000000800005B0] -> 0x9A93
mem[X,0x00000000800005B2] -> 0x00BA
[369] [M]: 0x00000000800005B0 (0x00BA9A93) slli s5, s5, 0xb
x21 <- 0xFFFFFBC000401000

mem[X,0x00000000800005B4] -> 0x8A93
mem[X,0x00000000800005B6] -> 0x03FA
[370] [M]: 0x00000000800005B4 (0x03FA8A93) addi s5, s5, 0x3f
x21 <- 0xFFFFFBC00040103F

mem[X,0x00000000800005B8] -> 0x9A93
mem[X,0x00000000800005BA] -> 0x00AA
[371] [M]: 0x00000000800005B8 (0x00AA9A93) slli s5, s5, 0xa
x21 <- 0xFFEF00010040FC00

mem[X,0x00000000800005BC] -> 0x8A93
mem[X,0x00000000800005BE] -> 0x3EFA
[372] [M]: 0x00000000800005BC (0x3EFA8A93) addi s5, s5, 0x3ef
x21 <- 0xFFEF00010040FFEF

mem[X,0x00000000800005C0] -> 0xF13B
mem[X,0x00000000800005C2] -> 0xB15B
[373] [M]: 0x00000000800005C0 (0xB15BF13B) pmulh.h.bo sp, s7, s5
x2 <- 0x000000000000FFFF

mem[X,0x00000000800005C4] -> 0x3823
mem[X,0x00000000800005C6] -> 0x0622
[374] [M]: 0x00000000800005C4 (0x06223823) sd sp, 0x70(tp)
mem[0x0000000080004188] <- 0x000000000000FFFF

mem[X,0x00000000800005C8] -> 0x0013
mem[X,0x00000000800005CA] -> 0x0000
[375] [M]: 0x00000000800005C8 (0x00000013) addi zero, zero, 0x0

mem[X,0x00000000800005CC] -> 0x0013
mem[X,0x00000000800005CE] -> 0x0000
[376] [M]: 0x00000000800005CC (0x00000013) addi zero, zero, 0x0

mem[X,0x00000000800005D0] -> 0x0013
mem[X,0x00000000800005D2] -> 0x0000
[377] [M]: 0x00000000800005D0 (0x00000013) addi zero, zero, 0x0

mem[X,0x00000000800005D4] -> 0x0013
mem[X,0x00000000800005D6] -> 0x0000
[378] [M]: 0x00000000800005D4 (0x00000013) addi zero, zero, 0x0

mem[X,0x00000000800005D8] -> 0x0013
mem[X,0x00000000800005DA] -> 0x0000
[379] [M]: 0x00000000800005D8 (0x00000013) addi zero, zero, 0x0

mem[X,0x00000000800005DC] -> 0x0013
mem[X,0x00000000800005DE] -> 0x0000
[380] [M]: 0x00000000800005DC (0x00000013) addi zero, zero, 0x0

mem[X,0x00000000800005E0] -> 0x4097
mem[X,0x00000000800005E2] -> 0x0000
[381] [M]: 0x00000000800005E0 (0x00004097) auipc ra, 0x4
x1 <- 0x00000000800045E0

mem[X,0x00000000800005E4] -> 0x8093
mem[X,0x00000000800005E6] -> 0xBB00
[382] [M]: 0x00000000800005E4 (0xBB008093) addi ra, ra, -0x450
x1 <- 0x0000000080004190

mem[X,0x00000000800005E8] -> 0x0013
mem[X,0x00000000800005EA] -> 0x0000
[383] [M]: 0x00000000800005E8 (0x00000013) addi zero, zero, 0x0

mem[X,0x00000000800005EC] -> 0x0013
mem[X,0x00000000800005EE] -> 0x0000
[384] [M]: 0x00000000800005EC (0x00000013) addi zero, zero, 0x0

mem[X,0x00000000800005F0] -> 0x0013
mem[X,0x00000000800005F2] -> 0x0000
[385] [M]: 0x00000000800005F0 (0x00000013) addi zero, zero, 0x0

mem[X,0x00000000800005F4] -> 0x0013
mem[X,0x00000000800005F6] -> 0x0000
[386] [M]: 0x00000000800005F4 (0x00000013) addi zero, zero, 0x0

mem[X,0x00000000800005F8] -> 0x0013
mem[X,0x00000000800005FA] -> 0x0000
[387] [M]: 0x00000000800005F8 (0x00000013) addi zero, zero, 0x0

mem[X,0x00000000800005FC] -> 0x0013
mem[X,0x00000000800005FE] -> 0x0000
[388] [M]: 0x00000000800005FC (0x00000013) addi zero, zero, 0x0

mem[X,0x0000000080000600] -> 0x06B7
mem[X,0x0000000080000602] -> 0xFFF8
[389] [M]: 0x0000000080000600 (0xFFF806B7) lui a3, -0x80
x13 <- 0xFFFFFFFFFFF80000

mem[X,0x0000000080000604] -> 0x8693
mem[X,0x0000000080000606] -> 0x2006
[390] [M]: 0x0000000080000604 (0x20068693) addi a3, a3, 0x200
x13 <- 0xFFFFFFFFFFF80200

mem[X,0x0000000080000608] -> 0x9693
mem[X,0x000000008000060A] -> 0x00B6
[391] [M]: 0x0000000080000608 (0x00B69693) slli a3, a3, 0xb
x13 <- 0xFFFFFFFFC0100000

mem[X,0x000000008000060C] -> 0x8693
mem[X,0x000000008000060E] -> 0x1FF6
[392] [M]: 0x000000008000060C (0x1FF68693) addi a3, a3, 0x1ff
x13 <- 0xFFFFFFFFC01001FF

mem[X,0x0000000080000610] -> 0x9693
mem[X,0x0000000080000612] -> 0x00B6
[393] [M]: 0x0000000080000610 (0x00B69693) slli a3, a3, 0xb
x13 <- 0xFFFFFE00800FF800

mem[X,0x0000000080000614] -> 0x8693
mem[X,0x0000000080000616] -> 0x7C26
[394] [M]: 0x0000000080000614 (0x7C268693) addi a3, a3, 0x7c2
x13 <- 0xFFFFFE00800FFFC2

mem[X,0x0000000080000618] -> 0x9693
mem[X,0x000000008000061A] -> 0x00A6
[395] [M]: 0x0000000080000618 (0x00A69693) slli a3, a3, 0xa
x13 <- 0xFFF802003FFF0800

mem[X,0x000000008000061C] -> 0x0B37
mem[X,0x000000008000061E] -> 0xFBFF
[396] [M]: 0x000000008000061C (0xFBFF0B37) lui s6, -0x4010
x22 <- 0xFFFFFFFFFBFF0000

mem[X,0x0000000080000620] -> 0x0B13
mem[X,0x0000000080000622] -> 0x003B
[397] [M]: 0x0000000080000620 (0x003B0B13) addi s6, s6, 0x3
x22 <- 0xFFFFFFFFFBFF0003

mem[X,0x0000000080000624] -> 0x1B13
mem[X,0x0000000080000626] -> 0x00BB
[398] [M]: 0x0000000080000624 (0x00BB1B13) slli s6, s6, 0xb
x22 <- 0xFFFFFFDFF8001800

mem[X,0x0000000080000628] -> 0x0B13
mem[X,0x000000008000062A] -> 0x7FFB
[399] [M]: 0x0000000080000628 (0x7FFB0B13) addi s6, s6, 0x7ff
x22 <- 0xFFFFFFDFF8001FFF

clint::tick mtime <- 0x0000000000000004
 clint timer pending at mtime 0x0000000000000004
htif::tick 0x0000000000000000
mem[X,0x000000008000062C] -> 0x1B13
mem[X,0x000000008000062E] -> 0x00BB
[400] [M]: 0x000000008000062C (0x00BB1B13) slli s6, s6, 0xb
x22 <- 0xFFFEFFC000FFF800

mem[X,0x0000000080000630] -> 0x0B13
mem[X,0x0000000080000632] -> 0x6C0B
[401] [M]: 0x0000000080000630 (0x6C0B0B13) addi s6, s6, 0x6c0
x22 <- 0xFFFEFFC000FFFEC0

mem[X,0x0000000080000634] -> 0x1B13
mem[X,0x0000000080000636] -> 0x00AB
[402] [M]: 0x0000000080000634 (0x00AB1B13) slli s6, s6, 0xa
x22 <- 0xFBFF0003FFFB0000

mem[X,0x0000000080000638] -> 0x0B13
mem[X,0x000000008000063A] -> 0x008B
[403] [M]: 0x0000000080000638 (0x008B0B13) addi s6, s6, 0x8
x22 <- 0xFBFF0003FFFB0008

mem[X,0x000000008000063C] -> 0xF43B
mem[X,0x000000008000063E] -> 0xB166
[404] [M]: 0x000000008000063C (0xB166F43B) pmulh.h.bo fp, a3, s6
x8 <- 0x00000000FFFF0000

mem[X,0x0000000080000640] -> 0xB023
mem[X,0x0000000080000642] -> 0x0080
[405] [M]: 0x0000000080000640 (0x0080B023) sd fp, 0x0(ra)
mem[0x0000000080004190] <- 0x00000000FFFF0000

mem[X,0x0000000080000644] -> 0x25B7
mem[X,0x0000000080000646] -> 0xFFF8
[406] [M]: 0x0000000080000644 (0xFFF825B7) lui a1, -0x7e
x11 <- 0xFFFFFFFFFFF82000

mem[X,0x0000000080000648] -> 0x8593
mem[X,0x000000008000064A] -> 0x0005
[407] [M]: 0x0000000080000648 (0x00058593) addi a1, a1, 0x0
x11 <- 0xFFFFFFFFFFF82000

mem[X,0x000000008000064C] -> 0x9593
mem[X,0x000000008000064E] -> 0x00B5
[408] [M]: 0x000000008000064C (0x00B59593) slli a1, a1, 0xb
x11 <- 0xFFFFFFFFC1000000

mem[X,0x0000000080000650] -> 0x8593
mem[X,0x0000000080000652] -> 0x0005
[409] [M]: 0x0000000080000650 (0x00058593) addi a1, a1, 0x0
x11 <- 0xFFFFFFFFC1000000

mem[X,0x0000000080000654] -> 0x9593
mem[X,0x0000000080000656] -> 0x00B5
[410] [M]: 0x0000000080000654 (0x00B59593) slli a1, a1, 0xb
x11 <- 0xFFFFFE0800000000

mem[X,0x0000000080000658] -> 0x8593
mem[X,0x000000008000065A] -> 0x1C45
[411] [M]: 0x0000000080000658 (0x1C458593) addi a1, a1, 0x1c4
x11 <- 0xFFFFFE08000001C4

mem[X,0x000000008000065C] -> 0x9593
mem[X,0x000000008000065E] -> 0x00A5
[412] [M]: 0x000000008000065C (0x00A59593) slli a1, a1, 0xa
x11 <- 0xFFF8200000071000

mem[X,0x0000000080000660] -> 0x0FB7
mem[X,0x0000000080000662] -> 0xFFF9
[413] [M]: 0x0000000080000660 (0xFFF90FB7) lui t6, -0x70
x31 <- 0xFFFFFFFFFFF90000

mem[X,0x0000000080000664] -> 0x8F93
mem[X,0x0000000080000666] -> 0xBFFF
[414] [M]: 0x0000000080000664 (0xBFFF8F93) addi t6, t6, -0x401
x31 <- 0xFFFFFFFFFFF8FBFF

mem[X,0x0000000080000668] -> 0x9F93
mem[X,0x000000008000066A] -> 0x00BF
[415] [M]: 0x0000000080000668 (0x00BF9F93) slli t6, t6, 0xb
x31 <- 0xFFFFFFFFC7DFF800

mem[X,0x000000008000066C] -> 0x8F93
mem[X,0x000000008000066E] -> 0x7F7F
[416] [M]: 0x000000008000066C (0x7F7F8F93) addi t6, t6, 0x7f7
x31 <- 0xFFFFFFFFC7DFFFF7

mem[X,0x0000000080000670] -> 0x9F93
mem[X,0x0000000080000672] -> 0x00BF
[417] [M]: 0x0000000080000670 (0x00BF9F93) slli t6, t6, 0xb
x31 <- 0xFFFFFE3EFFFFB800

mem[X,0x0000000080000674] -> 0x8F93
mem[X,0x0000000080000676] -> 0x7F0F
[418] [M]: 0x0000000080000674 (0x7F0F8F93) addi t6, t6, 0x7f0
x31 <- 0xFFFFFE3EFFFFBFF0

mem[X,0x0000000080000678] -> 0x9F93
mem[X,0x000000008000067A] -> 0x00AF
[419] [M]: 0x0000000080000678 (0x00AF9F93) slli t6, t6, 0xa
x31 <- 0xFFF8FBFFFEFFC000

mem[X,0x000000008000067C] -> 0xFB3B
mem[X,0x000000008000067E] -> 0xB1F5
[420] [M]: 0x000000008000067C (0xB1F5FB3B) pmulh.h.bo s6, a1, t6
x22 <- 0x0000FFFFFFFFFFFC

mem[X,0x0000000080000680] -> 0xB423
mem[X,0x0000000080000682] -> 0x0160
[421] [M]: 0x0000000080000680 (0x0160B423) sd s6, 0x8(ra)
mem[0x0000000080004198] <- 0x0000FFFFFFFFFFFC

mem[X,0x0000000080000684] -> 0xB537
mem[X,0x0000000080000686] -> 0x0000
[422] [M]: 0x0000000080000684 (0x0000B537) lui a0, 0xb
x10 <- 0x000000000000B000

mem[X,0x0000000080000688] -> 0x0513
mem[X,0x000000008000068A] -> 0xAAA5
[423] [M]: 0x0000000080000688 (0xAAA50513) addi a0, a0, -0x556
x10 <- 0x000000000000AAAA

mem[X,0x000000008000068C] -> 0x1513
mem[X,0x000000008000068E] -> 0x00B5
[424] [M]: 0x000000008000068C (0x00B51513) slli a0, a0, 0xb
x10 <- 0x0000000005555000

mem[X,0x0000000080000690] -> 0x0513
mem[X,0x0000000080000692] -> 0x0085
[425] [M]: 0x0000000080000690 (0x00850513) addi a0, a0, 0x8
x10 <- 0x0000000005555008

mem[X,0x0000000080000694] -> 0x1513
mem[X,0x0000000080000696] -> 0x00B5
[426] [M]: 0x0000000080000694 (0x00B51513) slli a0, a0, 0xb
x10 <- 0x0000002AAA804000

mem[X,0x0000000080000698] -> 0x0513
mem[X,0x000000008000069A] -> 0x0085
[427] [M]: 0x0000000080000698 (0x00850513) addi a0, a0, 0x8
x10 <- 0x0000002AAA804008

mem[X,0x000000008000069C] -> 0x1513
mem[X,0x000000008000069E] -> 0x00A5
[428] [M]: 0x000000008000069C (0x00A51513) slli a0, a0, 0xa
x10 <- 0x0000AAAA01002000

mem[X,0x00000000800006A0] -> 0x0237
mem[X,0x00000000800006A2] -> 0x7FFF
[429] [M]: 0x00000000800006A0 (0x7FFF0237) lui tp, 0x7fff0
x4 <- 0x000000007FFF0000

mem[X,0x00000000800006A4] -> 0x0213
mem[X,0x00000000800006A6] -> 0x0032
[430] [M]: 0x00000000800006A4 (0x00320213) addi tp, tp, 0x3
x4 <- 0x000000007FFF0003

mem[X,0x00000000800006A8] -> 0x1213
mem[X,0x00000000800006AA] -> 0x00B2
[431] [M]: 0x00000000800006A8 (0x00B21213) slli tp, tp, 0xb
x4 <- 0x000003FFF8001800

mem[X,0x00000000800006AC] -> 0x0213
mem[X,0x00000000800006AE] -> 0x7F72
[432] [M]: 0x00000000800006AC (0x7F720213) addi tp, tp, 0x7f7
x4 <- 0x000003FFF8001FF7

mem[X,0x00000000800006B0] -> 0x1213
mem[X,0x00000000800006B2] -> 0x00B2
[433] [M]: 0x00000000800006B0 (0x00B21213) slli tp, tp, 0xb
x4 <- 0x001FFFC000FFB800

mem[X,0x00000000800006B4] -> 0x0213
mem[X,0x00000000800006B6] -> 0x7C02
[434] [M]: 0x00000000800006B4 (0x7C020213) addi tp, tp, 0x7c0
x4 <- 0x001FFFC000FFBFC0

mem[X,0x00000000800006B8] -> 0x1213
mem[X,0x00000000800006BA] -> 0x00A2
[435] [M]: 0x00000000800006B8 (0x00A21213) slli tp, tp, 0xa
x4 <- 0x7FFF0003FEFF0000

mem[X,0x00000000800006BC] -> 0x0213
mem[X,0x00000000800006BE] -> 0x0102
[436] [M]: 0x00000000800006BC (0x01020213) addi tp, tp, 0x10
x4 <- 0x7FFF0003FEFF0010

mem[X,0x00000000800006C0] -> 0x78BB
mem[X,0x00000000800006C2] -> 0xB045
[437] [M]: 0x00000000800006C0 (0xB04578BB) pmulh.h.bo a7, a0, tp
x17 <- 0x00000000FFFF0000

mem[X,0x00000000800006C4] -> 0xB823
mem[X,0x00000000800006C6] -> 0x0110
[438] [M]: 0x00000000800006C4 (0x0110B823) sd a7, 0x10(ra)
mem[0x00000000800041A0] <- 0x00000000FFFF0000

mem[X,0x00000000800006C8] -> 0x0C37
mem[X,0x00000000800006CA] -> 0x0002
[439] [M]: 0x00000000800006C8 (0x00020C37) lui s8, 0x20
x24 <- 0x0000000000020000

mem[X,0x00000000800006CC] -> 0x0C13
mem[X,0x00000000800006CE] -> 0x001C
[440] [M]: 0x00000000800006CC (0x001C0C13) addi s8, s8, 0x1
x24 <- 0x0000000000020001

mem[X,0x00000000800006D0] -> 0x1C13
mem[X,0x00000000800006D2] -> 0x00BC
[441] [M]: 0x00000000800006D0 (0x00BC1C13) slli s8, s8, 0xb
x24 <- 0x0000000010000800

mem[X,0x00000000800006D4] -> 0x0C13
mem[X,0x00000000800006D6] -> 0x002C
[442] [M]: 0x00000000800006D4 (0x002C0C13) addi s8, s8, 0x2
x24 <- 0x0000000010000802

mem[X,0x00000000800006D8] -> 0x1C13
mem[X,0x00000000800006DA] -> 0x00BC
[443] [M]: 0x00000000800006D8 (0x00BC1C13) slli s8, s8, 0xb
x24 <- 0x0000008000401000

mem[X,0x00000000800006DC] -> 0x0C13
mem[X,0x00000000800006DE] -> 0x010C
[444] [M]: 0x00000000800006DC (0x010C0C13) addi s8, s8, 0x10
x24 <- 0x0000008000401010

mem[X,0x00000000800006E0] -> 0x1C13
mem[X,0x00000000800006E2] -> 0x00AC
[445] [M]: 0x00000000800006E0 (0x00AC1C13) slli s8, s8, 0xa
x24 <- 0x0002000100404000

mem[X,0x00000000800006E4] -> 0x0EB7
mem[X,0x00000000800006E6] -> 0x0000
[446] [M]: 0x00000000800006E4 (0x00000EB7) lui t4, 0x0
x29 <- 0x0000000000000000

mem[X,0x00000000800006E8] -> 0x8E93
mem[X,0x00000000800006EA] -> 0xFFBE
[447] [M]: 0x00000000800006E8 (0xFFBE8E93) addi t4, t4, -0x5
x29 <- 0xFFFFFFFFFFFFFFFB

mem[X,0x00000000800006EC] -> 0x9E93
mem[X,0x00000000800006EE] -> 0x00BE
[448] [M]: 0x00000000800006EC (0x00BE9E93) slli t4, t4, 0xb
x29 <- 0xFFFFFFFFFFFFD800

mem[X,0x00000000800006F0] -> 0x8E93
mem[X,0x00000000800006F2] -> 0x200E
[449] [M]: 0x00000000800006F0 (0x200E8E93) addi t4, t4, 0x200
x29 <- 0xFFFFFFFFFFFFDA00

mem[X,0x00000000800006F4] -> 0x9E93
mem[X,0x00000000800006F6] -> 0x00BE
[450] [M]: 0x00000000800006F4 (0x00BE9E93) slli t4, t4, 0xb
x29 <- 0xFFFFFFFFFED00000

mem[X,0x00000000800006F8] -> 0x8E93
mem[X,0x00000000800006FA] -> 0x03EE
[451] [M]: 0x00000000800006F8 (0x03EE8E93) addi t4, t4, 0x3e
x29 <- 0xFFFFFFFFFED0003E

mem[X,0x00000000800006FC] -> 0x9E93
mem[X,0x00000000800006FE] -> 0x00AE
[452] [M]: 0x00000000800006FC (0x00AE9E93) slli t4, t4, 0xa
x29 <- 0xFFFFFFFB4000F800

mem[X,0x0000000080000700] -> 0x8E93
mem[X,0x0000000080000702] -> 0x3FFE
[453] [M]: 0x0000000080000700 (0x3FFE8E93) addi t4, t4, 0x3ff
x29 <- 0xFFFFFFFB4000FBFF

mem[X,0x0000000080000704] -> 0x723B
mem[X,0x0000000080000706] -> 0xB1DC
[454] [M]: 0x0000000080000704 (0xB1DC723B) pmulh.h.bo tp, s8, t4
x4 <- 0xFFFFFFFF0000FFFE

mem[X,0x0000000080000708] -> 0xBC23
mem[X,0x000000008000070A] -> 0x0040
[455] [M]: 0x0000000080000708 (0x0040BC23) sd tp, 0x18(ra)
mem[0x00000000800041A8] <- 0xFFFFFFFF0000FFFE

mem[X,0x000000008000070C] -> 0x0637
mem[X,0x000000008000070E] -> 0x0007
[456] [M]: 0x000000008000070C (0x00070637) lui a2, 0x70
x12 <- 0x0000000000070000

mem[X,0x0000000080000710] -> 0x0613
mem[X,0x0000000080000712] -> 0xFF96
[457] [M]: 0x0000000080000710 (0xFF960613) addi a2, a2, -0x7
x12 <- 0x000000000006FFF9

mem[X,0x0000000080000714] -> 0x1613
mem[X,0x0000000080000716] -> 0x00B6
[458] [M]: 0x0000000080000714 (0x00B61613) slli a2, a2, 0xb
x12 <- 0x0000000037FFC800

mem[X,0x0000000080000718] -> 0x0613
mem[X,0x000000008000071A] -> 0x0006
[459] [M]: 0x0000000080000718 (0x00060613) addi a2, a2, 0x0
x12 <- 0x0000000037FFC800

mem[X,0x000000008000071C] -> 0x1613
mem[X,0x000000008000071E] -> 0x00B6
[460] [M]: 0x000000008000071C (0x00B61613) slli a2, a2, 0xb
x12 <- 0x000001BFFE400000

mem[X,0x0000000080000720] -> 0x0613
mem[X,0x0000000080000722] -> 0x0FF6
[461] [M]: 0x0000000080000720 (0x0FF60613) addi a2, a2, 0xff
x12 <- 0x000001BFFE4000FF

mem[X,0x0000000080000724] -> 0x1613
mem[X,0x0000000080000726] -> 0x00A6
[462] [M]: 0x0000000080000724 (0x00A61613) slli a2, a2, 0xa
x12 <- 0x0006FFF90003FC00

mem[X,0x0000000080000728] -> 0x0613
mem[X,0x000000008000072A] -> 0x3FE6
[463] [M]: 0x0000000080000728 (0x3FE60613) addi a2, a2, 0x3fe
x12 <- 0x0006FFF90003FFFE

mem[X,0x000000008000072C] -> 0x0D37
mem[X,0x000000008000072E] -> 0xFFF6
[464] [M]: 0x000000008000072C (0xFFF60D37) lui s10, -0xa0
x26 <- 0xFFFFFFFFFFF60000

mem[X,0x0000000080000730] -> 0x0D13
mem[X,0x0000000080000732] -> 0x005D
[465] [M]: 0x0000000080000730 (0x005D0D13) addi s10, s10, 0x5
x26 <- 0xFFFFFFFFFFF60005

mem[X,0x0000000080000734] -> 0x1D13
mem[X,0x0000000080000736] -> 0x00BD
[466] [M]: 0x0000000080000734 (0x00BD1D13) slli s10, s10, 0xb
x26 <- 0xFFFFFFFFB0002800

mem[X,0x0000000080000738] -> 0x0D13
mem[X,0x000000008000073A] -> 0x000D
[467] [M]: 0x0000000080000738 (0x000D0D13) addi s10, s10, 0x0
x26 <- 0xFFFFFFFFB0002800

mem[X,0x000000008000073C] -> 0x1D13
mem[X,0x000000008000073E] -> 0x00BD
[468] [M]: 0x000000008000073C (0x00BD1D13) slli s10, s10, 0xb
x26 <- 0xFFFFFD8001400000

mem[X,0x0000000080000740] -> 0x0D13
mem[X,0x0000000080000742] -> 0x040D
[469] [M]: 0x0000000080000740 (0x040D0D13) addi s10, s10, 0x40
x26 <- 0xFFFFFD8001400040

mem[X,0x0000000080000744] -> 0x1D13
mem[X,0x0000000080000746] -> 0x00AD
[470] [M]: 0x0000000080000744 (0x00AD1D13) slli s10, s10, 0xa
x26 <- 0xFFF6000500010000

mem[X,0x0000000080000748] -> 0x0D13
mem[X,0x000000008000074A] -> 0x080D
[471] [M]: 0x0000000080000748 (0x080D0D13) addi s10, s10, 0x80
x26 <- 0xFFF6000500010080

mem[X,0x000000008000074C] -> 0x783B
mem[X,0x000000008000074E] -> 0xB1A6
[472] [M]: 0x000000008000074C (0xB1A6783B) pmulh.h.bo a6, a2, s10
x16 <- 0xFFFF000000000000

mem[X,0x0000000080000750] -> 0xB023
mem[X,0x0000000080000752] -> 0x0300
[473] [M]: 0x0000000080000750 (0x0300B023) sd a6, 0x20(ra)
mem[0x00000000800041B0] <- 0xFFFF000000000000

mem[X,0x0000000080000754] -> 0x0D37
mem[X,0x0000000080000756] -> 0xFF7F
[474] [M]: 0x0000000080000754 (0xFF7F0D37) lui s10, -0x810
x26 <- 0xFFFFFFFFFF7F0000

mem[X,0x0000000080000758] -> 0x0D13
mem[X,0x000000008000075A] -> 0x007D
[475] [M]: 0x0000000080000758 (0x007D0D13) addi s10, s10, 0x7
x26 <- 0xFFFFFFFFFF7F0007

mem[X,0x000000008000075C] -> 0x1D13
mem[X,0x000000008000075E] -> 0x00BD
[476] [M]: 0x000000008000075C (0x00BD1D13) slli s10, s10, 0xb
x26 <- 0xFFFFFFFBF8003800

mem[X,0x0000000080000760] -> 0x0D13
mem[X,0x0000000080000762] -> 0x600D
[477] [M]: 0x0000000080000760 (0x600D0D13) addi s10, s10, 0x600
x26 <- 0xFFFFFFFBF8003E00

mem[X,0x0000000080000764] -> 0x1D13
mem[X,0x0000000080000766] -> 0x00BD
[478] [M]: 0x0000000080000764 (0x00BD1D13) slli s10, s10, 0xb
x26 <- 0xFFFFDFC001F00000

mem[X,0x0000000080000768] -> 0x0D13
mem[X,0x000000008000076A] -> 0x03FD
[479] [M]: 0x0000000080000768 (0x03FD0D13) addi s10, s10, 0x3f
x26 <- 0xFFFFDFC001F0003F

mem[X,0x000000008000076C] -> 0x1D13
mem[X,0x000000008000076E] -> 0x00AD
[480] [M]: 0x000000008000076C (0x00AD1D13) slli s10, s10, 0xa
x26 <- 0xFF7F0007C000FC00

mem[X,0x0000000080000770] -> 0x0D13
mem[X,0x0000000080000772] -> 0x3FDD
[481] [M]: 0x0000000080000770 (0x3FDD0D13) addi s10, s10, 0x3fd
x26 <- 0xFF7F0007C000FFFD

mem[X,0x0000000080000774] -> 0x03B7
mem[X,0x0000000080000776] -> 0xFFF6
[482] [M]: 0x0000000080000774 (0xFFF603B7) lui t2, -0xa0
x7 <- 0xFFFFFFFFFFF60000

mem[X,0x0000000080000778] -> 0x8393
mem[X,0x000000008000077A] -> 0x0033
[483] [M]: 0x0000000080000778 (0x00338393) addi t2, t2, 0x3
x7 <- 0xFFFFFFFFFFF60003

mem[X,0x000000008000077C] -> 0x9393
mem[X,0x000000008000077E] -> 0x00B3
[484] [M]: 0x000000008000077C (0x00B39393) slli t2, t2, 0xb
x7 <- 0xFFFFFFFFB0001800

mem[X,0x0000000080000780] -> 0x8393
mem[X,0x0000000080000782] -> 0x7FF3
[485] [M]: 0x0000000080000780 (0x7FF38393) addi t2, t2, 0x7ff
x7 <- 0xFFFFFFFFB0001FFF

mem[X,0x0000000080000784] -> 0x9393
mem[X,0x0000000080000786] -> 0x00B3
[486] [M]: 0x0000000080000784 (0x00B39393) slli t2, t2, 0xb
x7 <- 0xFFFFFD8000FFF800

mem[X,0x0000000080000788] -> 0x8393
mem[X,0x000000008000078A] -> 0x6BF3
[487] [M]: 0x0000000080000788 (0x6BF38393) addi t2, t2, 0x6bf
x7 <- 0xFFFFFD8000FFFEBF

mem[X,0x000000008000078C] -> 0x9393
mem[X,0x000000008000078E] -> 0x00A3
[488] [M]: 0x000000008000078C (0x00A39393) slli t2, t2, 0xa
x7 <- 0xFFF60003FFFAFC00

mem[X,0x0000000080000790] -> 0x8393
mem[X,0x0000000080000792] -> 0x3EF3
[489] [M]: 0x0000000080000790 (0x3EF38393) addi t2, t2, 0x3ef
x7 <- 0xFFF60003FFFAFFEF

mem[X,0x0000000080000794] -> 0x71BB
mem[X,0x0000000080000796] -> 0xB07D
[490] [M]: 0x0000000080000794 (0xB07D71BB) pmulh.h.bo gp, s10, t2
x3 <- 0x0000000000000000

mem[X,0x0000000080000798] -> 0xB423
mem[X,0x000000008000079A] -> 0x0230
[491] [M]: 0x0000000080000798 (0x0230B423) sd gp, 0x28(ra)
mem[0x00000000800041B8] <- 0x0000000000000000

mem[X,0x000000008000079C] -> 0x0DB7
mem[X,0x000000008000079E] -> 0x1001
[492] [M]: 0x000000008000079C (0x10010DB7) lui s11, 0x10010
x27 <- 0x0000000010010000

mem[X,0x00000000800007A0] -> 0x8D93
mem[X,0x00000000800007A2] -> 0xFFFD
[493] [M]: 0x00000000800007A0 (0xFFFD8D93) addi s11, s11, -0x1
x27 <- 0x000000001000FFFF

mem[X,0x00000000800007A4] -> 0x9D93
mem[X,0x00000000800007A6] -> 0x00BD
[494] [M]: 0x00000000800007A4 (0x00BD9D93) slli s11, s11, 0xb
x27 <- 0x0000008007FFF800

mem[X,0x00000000800007A8] -> 0x8D93
mem[X,0x00000000800007AA] -> 0x7FFD
[495] [M]: 0x00000000800007A8 (0x7FFD8D93) addi s11, s11, 0x7ff
x27 <- 0x0000008007FFFFFF

mem[X,0x00000000800007AC] -> 0x9D93
mem[X,0x00000000800007AE] -> 0x00BD
[496] [M]: 0x00000000800007AC (0x00BD9D93) slli s11, s11, 0xb
x27 <- 0x0004003FFFFFF800

mem[X,0x00000000800007B0] -> 0x8D93
mem[X,0x00000000800007B2] -> 0x5BFD
[497] [M]: 0x00000000800007B0 (0x5BFD8D93) addi s11, s11, 0x5bf
x27 <- 0x0004003FFFFFFDBF

mem[X,0x00000000800007B4] -> 0x9D93
mem[X,0x00000000800007B6] -> 0x00AD
[498] [M]: 0x00000000800007B4 (0x00AD9D93) slli s11, s11, 0xa
x27 <- 0x1000FFFFFFF6FC00

mem[X,0x00000000800007B8] -> 0x8D93
mem[X,0x00000000800007BA] -> 0x3FBD
[499] [M]: 0x00000000800007B8 (0x3FBD8D93) addi s11, s11, 0x3fb
x27 <- 0x1000FFFFFFF6FFFB

clint::tick mtime <- 0x0000000000000005
 clint timer pending at mtime 0x0000000000000005
htif::tick 0x0000000000000000
mem[X,0x00000000800007BC] -> 0x04B7
mem[X,0x00000000800007BE] -> 0xFFEF
[500] [M]: 0x00000000800007BC (0xFFEF04B7) lui s1, -0x110
x9 <- 0xFFFFFFFFFFEF0000

mem[X,0x00000000800007C0] -> 0x8493
mem[X,0x00000000800007C2] -> 0x0014
[501] [M]: 0x00000000800007C0 (0x00148493) addi s1, s1, 0x1
x9 <- 0xFFFFFFFFFFEF0001

mem[X,0x00000000800007C4] -> 0x9493
mem[X,0x00000000800007C6] -> 0x00B4
[502] [M]: 0x00000000800007C4 (0x00B49493) slli s1, s1, 0xb
x9 <- 0xFFFFFFFF78000800

mem[X,0x00000000800007C8] -> 0x8493
mem[X,0x00000000800007CA] -> 0x77F4
[503] [M]: 0x00000000800007C8 (0x77F48493) addi s1, s1, 0x77f
x9 <- 0xFFFFFFFF78000F7F

mem[X,0x00000000800007CC] -> 0x9493
mem[X,0x00000000800007CE] -> 0x00B4
[504] [M]: 0x00000000800007CC (0x00B49493) slli s1, s1, 0xb
x9 <- 0xFFFFFBC0007BF800

mem[X,0x00000000800007D0] -> 0x8493
mem[X,0x00000000800007D2] -> 0x7FF4
[505] [M]: 0x00000000800007D0 (0x7FF48493) addi s1, s1, 0x7ff
x9 <- 0xFFFFFBC0007BFFFF

mem[X,0x00000000800007D4] -> 0x9493
mem[X,0x00000000800007D6] -> 0x00A4
[506] [M]: 0x00000000800007D4 (0x00A49493) slli s1, s1, 0xa
x9 <- 0xFFEF0001EFFFFC00

mem[X,0x00000000800007D8] -> 0x8493
mem[X,0x00000000800007DA] -> 0x3F74
[507] [M]: 0x00000000800007D8 (0x3F748493) addi s1, s1, 0x3f7
x9 <- 0xFFEF0001EFFFFFF7

mem[X,0x00000000800007DC] -> 0xFA3B
mem[X,0x00000000800007DE] -> 0xB09D
[508] [M]: 0x00000000800007DC (0xB09DFA3B) pmulh.h.bo s4, s11, s1
x20 <- 0xFFFF000000000000

mem[X,0x00000000800007E0] -> 0xB823
mem[X,0x00000000800007E2] -> 0x0340
[509] [M]: 0x00000000800007E0 (0x0340B823) sd s4, 0x30(ra)
mem[0x00000000800041C0] <- 0xFFFF000000000000

mem[X,0x00000000800007E4] -> 0x0437
mem[X,0x00000000800007E6] -> 0x5556
[510] [M]: 0x00000000800007E4 (0x55560437) lui fp, 0x55560
x8 <- 0x0000000055560000

mem[X,0x00000000800007E8] -> 0x0413
mem[X,0x00000000800007EA] -> 0xFF94
[511] [M]: 0x00000000800007E8 (0xFF940413) addi fp, fp, -0x7
x8 <- 0x000000005555FFF9

mem[X,0x00000000800007EC] -> 0x1413
mem[X,0x00000000800007EE] -> 0x00B4
[512] [M]: 0x00000000800007EC (0x00B41413) slli fp, fp, 0xb
x8 <- 0x000002AAAFFFC800

mem[X,0x00000000800007F0] -> 0x0413
mem[X,0x00000000800007F2] -> 0x7FF4
[513] [M]: 0x00000000800007F0 (0x7FF40413) addi fp, fp, 0x7ff
x8 <- 0x000002AAAFFFCFFF

mem[X,0x00000000800007F4] -> 0x1413
mem[X,0x00000000800007F6] -> 0x00B4
[514] [M]: 0x00000000800007F4 (0x00B41413) slli fp, fp, 0xb
x8 <- 0x0015557FFE7FF800

mem[X,0x00000000800007F8] -> 0x0413
mem[X,0x00000000800007FA] -> 0x77F4
[515] [M]: 0x00000000800007F8 (0x77F40413) addi fp, fp, 0x77f
x8 <- 0x0015557FFE7FFF7F

mem[X,0x00000000800007FC] -> 0x1413
mem[X,0x00000000800007FE] -> 0x00A4
[516] [M]: 0x00000000800007FC (0x00A41413) slli fp, fp, 0xa
x8 <- 0x5555FFF9FFFDFC00

mem[X,0x0000000080000800] -> 0x0413
mem[X,0x0000000080000802] -> 0x3F74
[517] [M]: 0x0000000080000800 (0x3F740413) addi fp, fp, 0x3f7
x8 <- 0x5555FFF9FFFDFFF7

mem[X,0x0000000080000804] -> 0x0DB7
mem[X,0x0000000080000806] -> 0xFFF7
[518] [M]: 0x0000000080000804 (0xFFF70DB7) lui s11, -0x90
x27 <- 0xFFFFFFFFFFF70000

mem[X,0x0000000080000808] -> 0x8D93
mem[X,0x000000008000080A] -> 0x200D
[519] [M]: 0x0000000080000808 (0x200D8D93) addi s11, s11, 0x200
x27 <- 0xFFFFFFFFFFF70200

mem[X,0x000000008000080C] -> 0x9D93
mem[X,0x000000008000080E] -> 0x00BD
[520] [M]: 0x000000008000080C (0x00BD9D93) slli s11, s11, 0xb
x27 <- 0xFFFFFFFFB8100000

mem[X,0x0000000080000810] -> 0x8D93
mem[X,0x0000000080000812] -> 0x7FFD
[521] [M]: 0x0000000080000810 (0x7FFD8D93) addi s11, s11, 0x7ff
x27 <- 0xFFFFFFFFB81007FF

mem[X,0x0000000080000814] -> 0x9D93
mem[X,0x0000000080000816] -> 0x00BD
[522] [M]: 0x0000000080000814 (0x00BD9D93) slli s11, s11, 0xb
x27 <- 0xFFFFFDC0803FF800

mem[X,0x0000000080000818] -> 0x8D93
mem[X,0x000000008000081A] -> 0x7C0D
[523] [M]: 0x0000000080000818 (0x7C0D8D93) addi s11, s11, 0x7c0
x27 <- 0xFFFFFDC0803FFFC0

mem[X,0x000000008000081C] -> 0x9D93
mem[X,0x000000008000081E] -> 0x00AD
[524] [M]: 0x000000008000081C (0x00AD9D93) slli s11, s11, 0xa
x27 <- 0xFFF70200FFFF0000

mem[X,0x0000000080000820] -> 0x8D93
mem[X,0x0000000080000822] -> 0x040D
[525] [M]: 0x0000000080000820 (0x040D8D93) addi s11, s11, 0x40
x27 <- 0xFFF70200FFFF0040

mem[X,0x0000000080000824] -> 0x763B
mem[X,0x0000000080000826] -> 0xB1B4
[526] [M]: 0x0000000080000824 (0xB1B4763B) pmulh.h.bo a2, fp, s11
x12 <- 0xFFFFFFFF00000000

mem[X,0x0000000080000828] -> 0xBC23
mem[X,0x000000008000082A] -> 0x02C0
[527] [M]: 0x0000000080000828 (0x02C0BC23) sd a2, 0x38(ra)
mem[0x00000000800041C8] <- 0xFFFFFFFF00000000

mem[X,0x000000008000082C] -> 0x0937
mem[X,0x000000008000082E] -> 0x0002
[528] [M]: 0x000000008000082C (0x00020937) lui s2, 0x20
x18 <- 0x0000000000020000

mem[X,0x0000000080000830] -> 0x0913
mem[X,0x0000000080000832] -> 0xFFD9
[529] [M]: 0x0000000080000830 (0xFFD90913) addi s2, s2, -0x3
x18 <- 0x000000000001FFFD

mem[X,0x0000000080000834] -> 0x1913
mem[X,0x0000000080000836] -> 0x00B9
[530] [M]: 0x0000000080000834 (0x00B91913) slli s2, s2, 0xb
x18 <- 0x000000000FFFE800

mem[X,0x0000000080000838] -> 0x0913
mem[X,0x000000008000083A] -> 0x0009
[531] [M]: 0x0000000080000838 (0x00090913) addi s2, s2, 0x0
x18 <- 0x000000000FFFE800

mem[X,0x000000008000083C] -> 0x1913
mem[X,0x000000008000083E] -> 0x00B9
[532] [M]: 0x000000008000083C (0x00B91913) slli s2, s2, 0xb
x18 <- 0x0000007FFF400000

mem[X,0x0000000080000840] -> 0x0913
mem[X,0x0000000080000842] -> 0x17F9
[533] [M]: 0x0000000080000840 (0x17F90913) addi s2, s2, 0x17f
x18 <- 0x0000007FFF40017F

mem[X,0x0000000080000844] -> 0x1913
mem[X,0x0000000080000846] -> 0x00A9
[534] [M]: 0x0000000080000844 (0x00A91913) slli s2, s2, 0xa
x18 <- 0x0001FFFD0005FC00

mem[X,0x0000000080000848] -> 0x0913
mem[X,0x000000008000084A] -> 0x3EF9
[535] [M]: 0x0000000080000848 (0x3EF90913) addi s2, s2, 0x3ef
x18 <- 0x0001FFFD0005FFEF

mem[X,0x000000008000084C] -> 0x86B7
mem[X,0x000000008000084E] -> 0xFDFF
[536] [M]: 0x000000008000084C (0xFDFF86B7) lui a3, -0x2008
x13 <- 0xFFFFFFFFFDFF8000

mem[X,0x0000000080000850] -> 0x8693
mem[X,0x0000000080000852] -> 0xFFF6
[537] [M]: 0x0000000080000850 (0xFFF68693) addi a3, a3, -0x1
x13 <- 0xFFFFFFFFFDFF7FFF

mem[X,0x0000000080000854] -> 0x9693
mem[X,0x0000000080000856] -> 0x00B6
[538] [M]: 0x0000000080000854 (0x00B69693) slli a3, a3, 0xb
x13 <- 0xFFFFFFEFFBFFF800

mem[X,0x0000000080000858] -> 0x8693
mem[X,0x000000008000085A] -> 0x0006
[539] [M]: 0x0000000080000858 (0x00068693) addi a3, a3, 0x0
x13 <- 0xFFFFFFEFFBFFF800

mem[X,0x000000008000085C] -> 0x9693
mem[X,0x000000008000085E] -> 0x00B6
[540] [M]: 0x000000008000085C (0x00B69693) slli a3, a3, 0xb
x13 <- 0xFFFF7FDFFFC00000

mem[X,0x0000000080000860] -> 0x8693
mem[X,0x0000000080000862] -> 0x07E6
[541] [M]: 0x0000000080000860 (0x07E68693) addi a3, a3, 0x7e
x13 <- 0xFFFF7FDFFFC0007E

mem[X,0x0000000080000864] -> 0x9693
mem[X,0x0000000080000866] -> 0x00A6
[542] [M]: 0x0000000080000864 (0x00A69693) slli a3, a3, 0xa
x13 <- 0xFDFF7FFF0001F800

mem[X,0x0000000080000868] -> 0x8693
mem[X,0x000000008000086A] -> 0x3FF6
[543] [M]: 0x0000000080000868 (0x3FF68693) addi a3, a3, 0x3ff
x13 <- 0xFDFF7FFF0001FBFF

mem[X,0x000000008000086C] -> 0x7ABB
mem[X,0x000000008000086E] -> 0xB0D9
[544] [M]: 0x000000008000086C (0xB0D97ABB) pmulh.h.bo s5, s2, a3
x21 <- 0xFFFFFFFF00000000

mem[X,0x0000000080000870] -> 0xB023
mem[X,0x0000000080000872] -> 0x0550
[545] [M]: 0x0000000080000870 (0x0550B023) sd s5, 0x40(ra)
mem[0x00000000800041D0] <- 0xFFFFFFFF00000000

mem[X,0x0000000080000874] -> 0x0B37
mem[X,0x0000000080000876] -> 0x0041
[546] [M]: 0x0000000080000874 (0x00410B37) lui s6, 0x410
x22 <- 0x0000000000410000

mem[X,0x0000000080000878] -> 0x0B13
mem[X,0x000000008000087A] -> 0xBFFB
[547] [M]: 0x0000000080000878 (0xBFFB0B13) addi s6, s6, -0x401
x22 <- 0x000000000040FBFF

mem[X,0x000000008000087C] -> 0x1B13
mem[X,0x000000008000087E] -> 0x00BB
[548] [M]: 0x000000008000087C (0x00BB1B13) slli s6, s6, 0xb
x22 <- 0x0000000207DFF800

mem[X,0x0000000080000880] -> 0x0B13
mem[X,0x0000000080000882] -> 0x7F7B
[549] [M]: 0x0000000080000880 (0x7F7B0B13) addi s6, s6, 0x7f7
x22 <- 0x0000000207DFFFF7

mem[X,0x0000000080000884] -> 0x1B13
mem[X,0x0000000080000886] -> 0x00BB
[550] [M]: 0x0000000080000884 (0x00BB1B13) slli s6, s6, 0xb
x22 <- 0x0000103EFFFFB800

mem[X,0x0000000080000888] -> 0x0B13
mem[X,0x000000008000088A] -> 0x7FFB
[551] [M]: 0x0000000080000888 (0x7FFB0B13) addi s6, s6, 0x7ff
x22 <- 0x0000103EFFFFBFFF

mem[X,0x000000008000088C] -> 0x1B13
mem[X,0x000000008000088E] -> 0x00AB
[552] [M]: 0x000000008000088C (0x00AB1B13) slli s6, s6, 0xa
x22 <- 0x0040FBFFFEFFFC00

mem[X,0x0000000080000890] -> 0x0B13
mem[X,0x0000000080000892] -> 0x3DFB
[553] [M]: 0x0000000080000890 (0x3DFB0B13) addi s6, s6, 0x3df
x22 <- 0x0040FBFFFEFFFFDF

mem[X,0x0000000080000894] -> 0x0837
mem[X,0x0000000080000896] -> 0x0001
[554] [M]: 0x0000000080000894 (0x00010837) lui a6, 0x10
x16 <- 0x0000000000010000

mem[X,0x0000000080000898] -> 0x0813
mem[X,0x000000008000089A] -> 0x0038
[555] [M]: 0x0000000080000898 (0x00380813) addi a6, a6, 0x3
x16 <- 0x0000000000010003

mem[X,0x000000008000089C] -> 0x1813
mem[X,0x000000008000089E] -> 0x00B8
[556] [M]: 0x000000008000089C (0x00B81813) slli a6, a6, 0xb
x16 <- 0x0000000008001800

mem[X,0x00000000800008A0] -> 0x0813
mem[X,0x00000000800008A2] -> 0x7FF8
[557] [M]: 0x00000000800008A0 (0x7FF80813) addi a6, a6, 0x7ff
x16 <- 0x0000000008001FFF

mem[X,0x00000000800008A4] -> 0x1813
mem[X,0x00000000800008A6] -> 0x00B8
[558] [M]: 0x00000000800008A4 (0x00B81813) slli a6, a6, 0xb
x16 <- 0x0000004000FFF800

mem[X,0x00000000800008A8] -> 0x0813
mem[X,0x00000000800008AA] -> 0x7BF8
[559] [M]: 0x00000000800008A8 (0x7BF80813) addi a6, a6, 0x7bf
x16 <- 0x0000004000FFFFBF

mem[X,0x00000000800008AC] -> 0x1813
mem[X,0x00000000800008AE] -> 0x00A8
[560] [M]: 0x00000000800008AC (0x00A81813) slli a6, a6, 0xa
x16 <- 0x00010003FFFEFC00

mem[X,0x00000000800008B0] -> 0x0813
mem[X,0x00000000800008B2] -> 0x3F88
[561] [M]: 0x00000000800008B0 (0x3F880813) addi a6, a6, 0x3f8
x16 <- 0x00010003FFFEFFF8

mem[X,0x00000000800008B4] -> 0x773B
mem[X,0x00000000800008B6] -> 0xB10B
[562] [M]: 0x00000000800008B4 (0xB10B773B) pmulh.h.bo a4, s6, a6
x14 <- 0x0000000000000000

mem[X,0x00000000800008B8] -> 0xB423
mem[X,0x00000000800008BA] -> 0x04E0
[563] [M]: 0x00000000800008B8 (0x04E0B423) sd a4, 0x48(ra)
mem[0x00000000800041D8] <- 0x0000000000000000

mem[X,0x00000000800008BC] -> 0xFE37
mem[X,0x00000000800008BE] -> 0x4000
[564] [M]: 0x00000000800008BC (0x4000FE37) lui t3, 0x4000f
x28 <- 0x000000004000F000

mem[X,0x00000000800008C0] -> 0x0E13
mem[X,0x00000000800008C2] -> 0xFFFE
[565] [M]: 0x00000000800008C0 (0xFFFE0E13) addi t3, t3, -0x1
x28 <- 0x000000004000EFFF

mem[X,0x00000000800008C4] -> 0x1E13
mem[X,0x00000000800008C6] -> 0x00BE
[566] [M]: 0x00000000800008C4 (0x00BE1E13) slli t3, t3, 0xb
x28 <- 0x00000200077FF800

mem[X,0x00000000800008C8] -> 0x0E13
mem[X,0x00000000800008CA] -> 0x7FFE
[567] [M]: 0x00000000800008C8 (0x7FFE0E13) addi t3, t3, 0x7ff
x28 <- 0x00000200077FFFFF

mem[X,0x00000000800008CC] -> 0x1E13
mem[X,0x00000000800008CE] -> 0x00BE
[568] [M]: 0x00000000800008CC (0x00BE1E13) slli t3, t3, 0xb
x28 <- 0x0010003BFFFFF800

mem[X,0x00000000800008D0] -> 0x0E13
mem[X,0x00000000800008D2] -> 0x5FFE
[569] [M]: 0x00000000800008D0 (0x5FFE0E13) addi t3, t3, 0x5ff
x28 <- 0x0010003BFFFFFDFF

mem[X,0x00000000800008D4] -> 0x1E13
mem[X,0x00000000800008D6] -> 0x00AE
[570] [M]: 0x00000000800008D4 (0x00AE1E13) slli t3, t3, 0xa
x28 <- 0x4000EFFFFFF7FC00

mem[X,0x00000000800008D8] -> 0x0E13
mem[X,0x00000000800008DA] -> 0x3BFE
[571] [M]: 0x00000000800008D8 (0x3BFE0E13) addi t3, t3, 0x3bf
x28 <- 0x4000EFFFFFF7FFBF

mem[X,0x00000000800008DC] -> 0x0337
mem[X,0x00000000800008DE] -> 0xBFFF
[572] [M]: 0x00000000800008DC (0xBFFF0337) lui t1, -0x40010
x6 <- 0xFFFFFFFFBFFF0000

mem[X,0x00000000800008E0] -> 0x0313
mem[X,0x00000000800008E2] -> 0x0033
[573] [M]: 0x00000000800008E0 (0x00330313) addi t1, t1, 0x3
x6 <- 0xFFFFFFFFBFFF0003

mem[X,0x00000000800008E4] -> 0x1313
mem[X,0x00000000800008E6] -> 0x00B3
[574] [M]: 0x00000000800008E4 (0x00B31313) slli t1, t1, 0xb
x6 <- 0xFFFFFDFFF8001800

mem[X,0x00000000800008E8] -> 0x0313
mem[X,0x00000000800008EA] -> 0x7FF3
[575] [M]: 0x00000000800008E8 (0x7FF30313) addi t1, t1, 0x7ff
x6 <- 0xFFFFFDFFF8001FFF

mem[X,0x00000000800008EC] -> 0x1313
mem[X,0x00000000800008EE] -> 0x00B3
[576] [M]: 0x00000000800008EC (0x00B31313) slli t1, t1, 0xb
x6 <- 0xFFEFFFC000FFF800

mem[X,0x00000000800008F0] -> 0x0313
mem[X,0x00000000800008F2] -> 0x7FF3
[577] [M]: 0x00000000800008F0 (0x7FF30313) addi t1, t1, 0x7ff
x6 <- 0xFFEFFFC000FFFFFF

mem[X,0x00000000800008F4] -> 0x1313
mem[X,0x00000000800008F6] -> 0x00A3
[578] [M]: 0x00000000800008F4 (0x00A31313) slli t1, t1, 0xa
x6 <- 0xBFFF0003FFFFFC00

mem[X,0x00000000800008F8] -> 0x0313
mem[X,0x00000000800008FA] -> 0x3FB3
[579] [M]: 0x00000000800008F8 (0x3FB30313) addi t1, t1, 0x3fb
x6 <- 0xBFFF0003FFFFFFFB

mem[X,0x00000000800008FC] -> 0x7CBB
mem[X,0x00000000800008FE] -> 0xB06E
[580] [M]: 0x00000000800008FC (0xB06E7CBB) pmulh.h.bo s9, t3, t1
x25 <- 0xFFEF000000000000

mem[X,0x0000000080000900] -> 0xB823
mem[X,0x0000000080000902] -> 0x0590
[581] [M]: 0x0000000080000900 (0x0590B823) sd s9, 0x50(ra)
mem[0x00000000800041E0] <- 0xFFEF000000000000

mem[X,0x0000000080000904] -> 0x09B7
mem[X,0x0000000080000906] -> 0xFFFA
[582] [M]: 0x0000000080000904 (0xFFFA09B7) lui s3, -0x60
x19 <- 0xFFFFFFFFFFFA0000

mem[X,0x0000000080000908] -> 0x8993
mem[X,0x000000008000090A] -> 0xFFF9
[583] [M]: 0x0000000080000908 (0xFFF98993) addi s3, s3, -0x1
x19 <- 0xFFFFFFFFFFF9FFFF

mem[X,0x000000008000090C] -> 0x9993
mem[X,0x000000008000090E] -> 0x00B9
[584] [M]: 0x000000008000090C (0x00B99993) slli s3, s3, 0xb
x19 <- 0xFFFFFFFFCFFFF800

mem[X,0x0000000080000910] -> 0x8993
mem[X,0x0000000080000912] -> 0x0809
[585] [M]: 0x0000000080000910 (0x08098993) addi s3, s3, 0x80
x19 <- 0xFFFFFFFFCFFFF880

mem[X,0x0000000080000914] -> 0x9993
mem[X,0x0000000080000916] -> 0x00B9
[586] [M]: 0x0000000080000914 (0x00B99993) slli s3, s3, 0xb
x19 <- 0xFFFFFE7FFFC40000

mem[X,0x0000000080000918] -> 0x8993
mem[X,0x000000008000091A] -> 0x03F9
[587] [M]: 0x0000000080000918 (0x03F98993) addi s3, s3, 0x3f
x19 <- 0xFFFFFE7FFFC4003F

mem[X,0x000000008000091C] -> 0x9993
mem[X,0x000000008000091E] -> 0x00A9
[588] [M]: 0x000000008000091C (0x00A99993) slli s3, s3, 0xa
x19 <- 0xFFF9FFFF1000FC00

mem[X,0x0000000080000920] -> 0x8993
mem[X,0x0000000080000922] -> 0x37F9
[589] [M]: 0x0000000080000920 (0x37F98993) addi s3, s3, 0x37f
x19 <- 0xFFF9FFFF1000FF7F

mem[X,0x0000000080000924] -> 0x01B7
mem[X,0x0000000080000926] -> 0xFFF7
[590] [M]: 0x0000000080000924 (0xFFF701B7) lui gp, -0x90
x3 <- 0xFFFFFFFFFFF70000

mem[X,0x0000000080000928] -> 0x8193
mem[X,0x000000008000092A] -> 0x0061
[591] [M]: 0x0000000080000928 (0x00618193) addi gp, gp, 0x6
x3 <- 0xFFFFFFFFFFF70006

mem[X,0x000000008000092C] -> 0x9193
mem[X,0x000000008000092E] -> 0x00B1
[592] [M]: 0x000000008000092C (0x00B19193) slli gp, gp, 0xb
x3 <- 0xFFFFFFFFB8003000

mem[X,0x0000000080000930] -> 0x8193
mem[X,0x0000000080000932] -> 0x7BF1
[593] [M]: 0x0000000080000930 (0x7BF18193) addi gp, gp, 0x7bf
x3 <- 0xFFFFFFFFB80037BF

mem[X,0x0000000080000934] -> 0x9193
mem[X,0x0000000080000936] -> 0x00B1
[594] [M]: 0x0000000080000934 (0x00B19193) slli gp, gp, 0xb
x3 <- 0xFFFFFDC001BDF800

mem[X,0x0000000080000938] -> 0x8193
mem[X,0x000000008000093A] -> 0x7C11
[595] [M]: 0x0000000080000938 (0x7C118193) addi gp, gp, 0x7c1
x3 <- 0xFFFFFDC001BDFFC1

mem[X,0x000000008000093C] -> 0x9193
mem[X,0x000000008000093E] -> 0x00A1
[596] [M]: 0x000000008000093C (0x00A19193) slli gp, gp, 0xa
x3 <- 0xFFF70006F7FF0400

mem[X,0x0000000080000940] -> 0xFEBB
mem[X,0x0000000080000942] -> 0xB039
[597] [M]: 0x0000000080000940 (0xB039FEBB) pmulh.h.bo t4, s3, gp
x29 <- 0x00000000FFFFFFFF

mem[X,0x0000000080000944] -> 0xBC23
mem[X,0x0000000080000946] -> 0x05D0
[598] [M]: 0x0000000080000944 (0x05D0BC23) sd t4, 0x58(ra)
mem[0x00000000800041E8] <- 0x00000000FFFFFFFF

mem[X,0x0000000080000948] -> 0xB237
mem[X,0x000000008000094A] -> 0xFFFF
[599] [M]: 0x0000000080000948 (0xFFFFB237) lui tp, -0x5
x4 <- 0xFFFFFFFFFFFFB000

clint::tick mtime <- 0x0000000000000006
 clint timer pending at mtime 0x0000000000000006
htif::tick 0x0000000000000000
mem[X,0x000000008000094C] -> 0x0213
mem[X,0x000000008000094E] -> 0xAAA2
[600] [M]: 0x000000008000094C (0xAAA20213) addi tp, tp, -0x556
x4 <- 0xFFFFFFFFFFFFAAAA

mem[X,0x0000000080000950] -> 0x1213
mem[X,0x0000000080000952] -> 0x00B2
[601] [M]: 0x0000000080000950 (0x00B21213) slli tp, tp, 0xb
x4 <- 0xFFFFFFFFFD555000

mem[X,0x0000000080000954] -> 0x0213
mem[X,0x0000000080000956] -> 0x7FF2
[602] [M]: 0x0000000080000954 (0x7FF20213) addi tp, tp, 0x7ff
x4 <- 0xFFFFFFFFFD5557FF

mem[X,0x0000000080000958] -> 0x1213
mem[X,0x000000008000095A] -> 0x00B2
[603] [M]: 0x0000000080000958 (0x00B21213) slli tp, tp, 0xb
x4 <- 0xFFFFFFEAAABFF800

mem[X,0x000000008000095C] -> 0x0213
mem[X,0x000000008000095E] -> 0x63F2
[604] [M]: 0x000000008000095C (0x63F20213) addi tp, tp, 0x63f
x4 <- 0xFFFFFFEAAABFFE3F

mem[X,0x0000000080000960] -> 0x1213
mem[X,0x0000000080000962] -> 0x00A2
[605] [M]: 0x0000000080000960 (0x00A21213) slli tp, tp, 0xa
x4 <- 0xFFFFAAAAFFF8FC00

mem[X,0x0000000080000964] -> 0x0213
mem[X,0x0000000080000966] -> 0x2FF2
[606] [M]: 0x0000000080000964 (0x2FF20213) addi tp, tp, 0x2ff
x4 <- 0xFFFFAAAAFFF8FEFF

mem[X,0x0000000080000968] -> 0x0737
mem[X,0x000000008000096A] -> 0x2001
[607] [M]: 0x0000000080000968 (0x20010737) lui a4, 0x20010
x14 <- 0x0000000020010000

mem[X,0x000000008000096C] -> 0x0713
mem[X,0x000000008000096E] -> 0xFFF7
[608] [M]: 0x000000008000096C (0xFFF70713) addi a4, a4, -0x1
x14 <- 0x000000002000FFFF

mem[X,0x0000000080000970] -> 0x1713
mem[X,0x0000000080000972] -> 0x00B7
[609] [M]: 0x0000000080000970 (0x00B71713) slli a4, a4, 0xb
x14 <- 0x0000010007FFF800

mem[X,0x0000000080000974] -> 0x0713
mem[X,0x0000000080000976] -> 0x0807
[610] [M]: 0x0000000080000974 (0x08070713) addi a4, a4, 0x80
x14 <- 0x0000010007FFF880

mem[X,0x0000000080000978] -> 0x1713
mem[X,0x000000008000097A] -> 0x00B7
[611] [M]: 0x0000000080000978 (0x00B71713) slli a4, a4, 0xb
x14 <- 0x0008003FFFC40000

mem[X,0x000000008000097C] -> 0x0713
mem[X,0x000000008000097E] -> 0x03F7
[612] [M]: 0x000000008000097C (0x03F70713) addi a4, a4, 0x3f
x14 <- 0x0008003FFFC4003F

mem[X,0x0000000080000980] -> 0x1713
mem[X,0x0000000080000982] -> 0x00A7
[613] [M]: 0x0000000080000980 (0x00A71713) slli a4, a4, 0xa
x14 <- 0x2000FFFF1000FC00

mem[X,0x0000000080000984] -> 0x0713
mem[X,0x0000000080000986] -> 0x3FE7
[614] [M]: 0x0000000080000984 (0x3FE70713) addi a4, a4, 0x3fe
x14 <- 0x2000FFFF1000FFFE

mem[X,0x0000000080000988] -> 0x72BB
mem[X,0x000000008000098A] -> 0xB0E2
[615] [M]: 0x0000000080000988 (0xB0E272BB) pmulh.h.bo t0, tp, a4
x5 <- 0xFFFF0000FFFF0000

mem[X,0x000000008000098C] -> 0xB023
mem[X,0x000000008000098E] -> 0x0650
[616] [M]: 0x000000008000098C (0x0650B023) sd t0, 0x60(ra)
mem[0x00000000800041F0] <- 0xFFFF0000FFFF0000

mem[X,0x0000000080000990] -> 0x0013
mem[X,0x0000000080000992] -> 0x0000
[617] [M]: 0x0000000080000990 (0x00000013) addi zero, zero, 0x0

mem[X,0x0000000080000994] -> 0x0013
mem[X,0x0000000080000996] -> 0x0000
[618] [M]: 0x0000000080000994 (0x00000013) addi zero, zero, 0x0

mem[X,0x0000000080000998] -> 0x0013
mem[X,0x000000008000099A] -> 0x0000
[619] [M]: 0x0000000080000998 (0x00000013) addi zero, zero, 0x0

mem[X,0x000000008000099C] -> 0x0013
mem[X,0x000000008000099E] -> 0x0000
[620] [M]: 0x000000008000099C (0x00000013) addi zero, zero, 0x0

mem[X,0x00000000800009A0] -> 0x4097
mem[X,0x00000000800009A2] -> 0x0000
[621] [M]: 0x00000000800009A0 (0x00004097) auipc ra, 0x4
x1 <- 0x00000000800049A0

mem[X,0x00000000800009A4] -> 0x8093
mem[X,0x00000000800009A6] -> 0x8580
[622] [M]: 0x00000000800009A4 (0x85808093) addi ra, ra, -0x7a8
x1 <- 0x00000000800041F8

mem[X,0x00000000800009A8] -> 0x0013
mem[X,0x00000000800009AA] -> 0x0000
[623] [M]: 0x00000000800009A8 (0x00000013) addi zero, zero, 0x0

mem[X,0x00000000800009AC] -> 0x0013
mem[X,0x00000000800009AE] -> 0x0000
[624] [M]: 0x00000000800009AC (0x00000013) addi zero, zero, 0x0

mem[X,0x00000000800009B0] -> 0x0013
mem[X,0x00000000800009B2] -> 0x0000
[625] [M]: 0x00000000800009B0 (0x00000013) addi zero, zero, 0x0

mem[X,0x00000000800009B4] -> 0x0013
mem[X,0x00000000800009B6] -> 0x0000
[626] [M]: 0x00000000800009B4 (0x00000013) addi zero, zero, 0x0

mem[X,0x00000000800009B8] -> 0x0013
mem[X,0x00000000800009BA] -> 0x0000
[627] [M]: 0x00000000800009B8 (0x00000013) addi zero, zero, 0x0

mem[X,0x00000000800009BC] -> 0x0013
mem[X,0x00000000800009BE] -> 0x0000
[628] [M]: 0x00000000800009BC (0x00000013) addi zero, zero, 0x0

mem[X,0x00000000800009C0] -> 0x0AB7
mem[X,0x00000000800009C2] -> 0x0401
[629] [M]: 0x00000000800009C0 (0x04010AB7) lui s5, 0x4010
x21 <- 0x0000000004010000

mem[X,0x00000000800009C4] -> 0x8A93
mem[X,0x00000000800009C6] -> 0xFFFA
[630] [M]: 0x00000000800009C4 (0xFFFA8A93) addi s5, s5, -0x1
x21 <- 0x000000000400FFFF

mem[X,0x00000000800009C8] -> 0x9A93
mem[X,0x00000000800009CA] -> 0x00BA
[631] [M]: 0x00000000800009C8 (0x00BA9A93) slli s5, s5, 0xb
x21 <- 0x0000002007FFF800

mem[X,0x00000000800009CC] -> 0x8A93
mem[X,0x00000000800009CE] -> 0x000A
[632] [M]: 0x00000000800009CC (0x000A8A93) addi s5, s5, 0x0
x21 <- 0x0000002007FFF800

mem[X,0x00000000800009D0] -> 0x9A93
mem[X,0x00000000800009D2] -> 0x00BA
[633] [M]: 0x00000000800009D0 (0x00BA9A93) slli s5, s5, 0xb
x21 <- 0x0001003FFFC00000

mem[X,0x00000000800009D4] -> 0x8A93
mem[X,0x00000000800009D6] -> 0x27FA
[634] [M]: 0x00000000800009D4 (0x27FA8A93) addi s5, s5, 0x27f
x21 <- 0x0001003FFFC0027F

mem[X,0x00000000800009D8] -> 0x9A93
mem[X,0x00000000800009DA] -> 0x00AA
[635] [M]: 0x00000000800009D8 (0x00AA9A93) slli s5, s5, 0xa
x21 <- 0x0400FFFF0009FC00

mem[X,0x00000000800009DC] -> 0x8A93
mem[X,0x00000000800009DE] -> 0x1FFA
[636] [M]: 0x00000000800009DC (0x1FFA8A93) addi s5, s5, 0x1ff
x21 <- 0x0400FFFF0009FDFF

mem[X,0x00000000800009E0] -> 0x02B7
mem[X,0x00000000800009E2] -> 0xFFF7
[637] [M]: 0x00000000800009E0 (0xFFF702B7) lui t0, -0x90
x5 <- 0xFFFFFFFFFFF70000

mem[X,0x00000000800009E4] -> 0x8293
mem[X,0x00000000800009E6] -> 0x0072
[638] [M]: 0x00000000800009E4 (0x00728293) addi t0, t0, 0x7
x5 <- 0xFFFFFFFFFFF70007

mem[X,0x00000000800009E8] -> 0x9293
mem[X,0x00000000800009EA] -> 0x00B2
[639] [M]: 0x00000000800009E8 (0x00B29293) slli t0, t0, 0xb
x5 <- 0xFFFFFFFFB8003800

mem[X,0x00000000800009EC] -> 0x8293
mem[X,0x00000000800009EE] -> 0x7FB2
[640] [M]: 0x00000000800009EC (0x7FB28293) addi t0, t0, 0x7fb
x5 <- 0xFFFFFFFFB8003FFB

mem[X,0x00000000800009F0] -> 0x9293
mem[X,0x00000000800009F2] -> 0x00B2
[641] [M]: 0x00000000800009F0 (0x00B29293) slli t0, t0, 0xb
x5 <- 0xFFFFFDC001FFD800

mem[X,0x00000000800009F4] -> 0x8293
mem[X,0x00000000800009F6] -> 0x7C02
[642] [M]: 0x00000000800009F4 (0x7C028293) addi t0, t0, 0x7c0
x5 <- 0xFFFFFDC001FFDFC0

mem[X,0x00000000800009F8] -> 0x9293
mem[X,0x00000000800009FA] -> 0x00A2
[643] [M]: 0x00000000800009F8 (0x00A29293) slli t0, t0, 0xa
x5 <- 0xFFF70007FF7F0000

mem[X,0x00000000800009FC] -> 0x8293
mem[X,0x00000000800009FE] -> 0x0062
[644] [M]: 0x00000000800009FC (0x00628293) addi t0, t0, 0x6
x5 <- 0xFFF70007FF7F0006

mem[X,0x0000000080000A00] -> 0xFFBB
mem[X,0x0000000080000A02] -> 0xB05A
[645] [M]: 0x0000000080000A00 (0xB05AFFBB) pmulh.h.bo t6, s5, t0
x31 <- 0xFFFF0000FFFF0000

mem[X,0x0000000080000A04] -> 0xB023
mem[X,0x0000000080000A06] -> 0x01F0
[646] [M]: 0x0000000080000A04 (0x01F0B023) sd t6, 0x0(ra)
mem[0x00000000800041F8] <- 0xFFFF0000FFFF0000

mem[X,0x0000000080000A08] -> 0x0A37
mem[X,0x0000000080000A0A] -> 0x8000
[647] [M]: 0x0000000080000A08 (0x80000A37) lui s4, -0x80000
x20 <- 0xFFFFFFFF80000000

mem[X,0x0000000080000A0C] -> 0x0A13
mem[X,0x0000000080000A0E] -> 0xFF7A
[648] [M]: 0x0000000080000A0C (0xFF7A0A13) addi s4, s4, -0x9
x20 <- 0xFFFFFFFF7FFFFFF7

mem[X,0x0000000080000A10] -> 0x1A13
mem[X,0x0000000080000A12] -> 0x00BA
[649] [M]: 0x0000000080000A10 (0x00BA1A13) slli s4, s4, 0xb
x20 <- 0xFFFFFBFFFFFFB800

mem[X,0x0000000080000A14] -> 0x0A13
mem[X,0x0000000080000A16] -> 0x7FFA
[650] [M]: 0x0000000080000A14 (0x7FFA0A13) addi s4, s4, 0x7ff
x20 <- 0xFFFFFBFFFFFFBFFF

mem[X,0x0000000080000A18] -> 0x1A13
mem[X,0x0000000080000A1A] -> 0x00BA
[651] [M]: 0x0000000080000A18 (0x00BA1A13) slli s4, s4, 0xb
x20 <- 0xFFDFFFFFFDFFF800

mem[X,0x0000000080000A1C] -> 0x0A13
mem[X,0x0000000080000A1E] -> 0x67EA
[652] [M]: 0x0000000080000A1C (0x67EA0A13) addi s4, s4, 0x67e
x20 <- 0xFFDFFFFFFDFFFE7E

mem[X,0x0000000080000A20] -> 0x1A13
mem[X,0x0000000080000A22] -> 0x00AA
[653] [M]: 0x0000000080000A20 (0x00AA1A13) slli s4, s4, 0xa
x20 <- 0x7FFFFFF7FFF9F800

mem[X,0x0000000080000A24] -> 0x0A13
mem[X,0x0000000080000A26] -> 0x3FFA
[654] [M]: 0x0000000080000A24 (0x3FFA0A13) addi s4, s4, 0x3ff
x20 <- 0x7FFFFFF7FFF9FBFF

mem[X,0x0000000080000A28] -> 0x0537
mem[X,0x0000000080000A2A] -> 0x2000
[655] [M]: 0x0000000080000A28 (0x20000537) lui a0, 0x20000
x10 <- 0x0000000020000000

mem[X,0x0000000080000A2C] -> 0x0513
mem[X,0x0000000080000A2E] -> 0x0085
[656] [M]: 0x0000000080000A2C (0x00850513) addi a0, a0, 0x8
x10 <- 0x0000000020000008

mem[X,0x0000000080000A30] -> 0x1513
mem[X,0x0000000080000A32] -> 0x00B5
[657] [M]: 0x0000000080000A30 (0x00B51513) slli a0, a0, 0xb
x10 <- 0x0000010000004000

mem[X,0x0000000080000A34] -> 0x0513
mem[X,0x0000000080000A36] -> 0x7FF5
[658] [M]: 0x0000000080000A34 (0x7FF50513) addi a0, a0, 0x7ff
x10 <- 0x00000100000047FF

mem[X,0x0000000080000A38] -> 0x1513
mem[X,0x0000000080000A3A] -> 0x00B5
[659] [M]: 0x0000000080000A38 (0x00B51513) slli a0, a0, 0xb
x10 <- 0x00080000023FF800

mem[X,0x0000000080000A3C] -> 0x0513
mem[X,0x0000000080000A3E] -> 0x3D05
[660] [M]: 0x0000000080000A3C (0x3D050513) addi a0, a0, 0x3d0
x10 <- 0x00080000023FFBD0

mem[X,0x0000000080000A40] -> 0x1513
mem[X,0x0000000080000A42] -> 0x00A5
[661] [M]: 0x0000000080000A40 (0x00A51513) slli a0, a0, 0xa
x10 <- 0x20000008FFEF4000

mem[X,0x0000000080000A44] -> 0x7BBB
mem[X,0x0000000080000A46] -> 0xB0AA
[662] [M]: 0x0000000080000A44 (0xB0AA7BBB) pmulh.h.bo s7, s4, a0
x23 <- 0x000F00000000FFFE

mem[X,0x0000000080000A48] -> 0xB423
mem[X,0x0000000080000A4A] -> 0x0170
[663] [M]: 0x0000000080000A48 (0x0170B423) sd s7, 0x8(ra)
mem[0x0000000080004200] <- 0x000F00000000FFFE

mem[X,0x0000000080000A4C] -> 0x0FB7
mem[X,0x0000000080000A4E] -> 0xFFF9
[664] [M]: 0x0000000080000A4C (0xFFF90FB7) lui t6, -0x70
x31 <- 0xFFFFFFFFFFF90000

mem[X,0x0000000080000A50] -> 0x8F93
mem[X,0x0000000080000A52] -> 0x000F
[665] [M]: 0x0000000080000A50 (0x000F8F93) addi t6, t6, 0x0
x31 <- 0xFFFFFFFFFFF90000

mem[X,0x0000000080000A54] -> 0x9F93
mem[X,0x0000000080000A56] -> 0x00BF
[666] [M]: 0x0000000080000A54 (0x00BF9F93) slli t6, t6, 0xb
x31 <- 0xFFFFFFFFC8000000

mem[X,0x0000000080000A58] -> 0x8F93
mem[X,0x0000000080000A5A] -> 0x000F
[667] [M]: 0x0000000080000A58 (0x000F8F93) addi t6, t6, 0x0
x31 <- 0xFFFFFFFFC8000000

mem[X,0x0000000080000A5C] -> 0x9F93
mem[X,0x0000000080000A5E] -> 0x00BF
[668] [M]: 0x0000000080000A5C (0x00BF9F93) slli t6, t6, 0xb
x31 <- 0xFFFFFE4000000000

mem[X,0x0000000080000A60] -> 0x8F93
mem[X,0x0000000080000A62] -> 0x07DF
[669] [M]: 0x0000000080000A60 (0x07DF8F93) addi t6, t6, 0x7d
x31 <- 0xFFFFFE400000007D

mem[X,0x0000000080000A64] -> 0x9F93
mem[X,0x0000000080000A66] -> 0x00AF
[670] [M]: 0x0000000080000A64 (0x00AF9F93) slli t6, t6, 0xa
x31 <- 0xFFF900000001F400

mem[X,0x0000000080000A68] -> 0x8F93
mem[X,0x0000000080000A6A] -> 0x3FFF
[671] [M]: 0x0000000080000A68 (0x3FFF8F93) addi t6, t6, 0x3ff
x31 <- 0xFFF900000001F7FF

mem[X,0x0000000080000A6C] -> 0x08B7
mem[X,0x0000000080000A6E] -> 0x1000
[672] [M]: 0x0000000080000A6C (0x100008B7) lui a7, 0x10000
x17 <- 0x0000000010000000

mem[X,0x0000000080000A70] -> 0x8893
mem[X,0x0000000080000A72] -> 0x0068
[673] [M]: 0x0000000080000A70 (0x00688893) addi a7, a7, 0x6
x17 <- 0x0000000010000006

mem[X,0x0000000080000A74] -> 0x9893
mem[X,0x0000000080000A76] -> 0x00B8
[674] [M]: 0x0000000080000A74 (0x00B89893) slli a7, a7, 0xb
x17 <- 0x0000008000003000

mem[X,0x0000000080000A78] -> 0x8893
mem[X,0x0000000080000A7A] -> 0x7FE8
[675] [M]: 0x0000000080000A78 (0x7FE88893) addi a7, a7, 0x7fe
x17 <- 0x00000080000037FE

mem[X,0x0000000080000A7C] -> 0x9893
mem[X,0x0000000080000A7E] -> 0x00B8
[676] [M]: 0x0000000080000A7C (0x00B89893) slli a7, a7, 0xb
x17 <- 0x0004000001BFF000

mem[X,0x0000000080000A80] -> 0x8893
mem[X,0x0000000080000A82] -> 0x7FF8
[677] [M]: 0x0000000080000A80 (0x7FF88893) addi a7, a7, 0x7ff
x17 <- 0x0004000001BFF7FF

mem[X,0x0000000080000A84] -> 0x9893
mem[X,0x0000000080000A86] -> 0x00A8
[678] [M]: 0x0000000080000A84 (0x00A89893) slli a7, a7, 0xa
x17 <- 0x10000006FFDFFC00

mem[X,0x0000000080000A88] -> 0x8893
mem[X,0x0000000080000A8A] -> 0x3FA8
[679] [M]: 0x0000000080000A88 (0x3FA88893) addi a7, a7, 0x3fa
x17 <- 0x10000006FFDFFFFA

mem[X,0x0000000080000A8C] -> 0xF53B
mem[X,0x0000000080000A8E] -> 0xB11F
[680] [M]: 0x0000000080000A8C (0xB11FF53B) pmulh.h.bo a0, t6, a7
x10 <- 0xFFFF0000FFFF0000

mem[X,0x0000000080000A90] -> 0xB823
mem[X,0x0000000080000A92] -> 0x00A0
[681] [M]: 0x0000000080000A90 (0x00A0B823) sd a0, 0x10(ra)
mem[0x0000000080004208] <- 0xFFFF0000FFFF0000

mem[X,0x0000000080000A94] -> 0x0737
mem[X,0x0000000080000A96] -> 0x0400
[682] [M]: 0x0000000080000A94 (0x04000737) lui a4, 0x4000
x14 <- 0x0000000004000000

mem[X,0x0000000080000A98] -> 0x0713
mem[X,0x0000000080000A9A] -> 0x0047
[683] [M]: 0x0000000080000A98 (0x00470713) addi a4, a4, 0x4
x14 <- 0x0000000004000004

mem[X,0x0000000080000A9C] -> 0x1713
mem[X,0x0000000080000A9E] -> 0x00B7
[684] [M]: 0x0000000080000A9C (0x00B71713) slli a4, a4, 0xb
x14 <- 0x0000002000002000

mem[X,0x0000000080000AA0] -> 0x0713
mem[X,0x0000000080000AA2] -> 0x0107
[685] [M]: 0x0000000080000AA0 (0x01070713) addi a4, a4, 0x10
x14 <- 0x0000002000002010

mem[X,0x0000000080000AA4] -> 0x1713
mem[X,0x0000000080000AA6] -> 0x00B7
[686] [M]: 0x0000000080000AA4 (0x00B71713) slli a4, a4, 0xb
x14 <- 0x0001000001008000

mem[X,0x0000000080000AA8] -> 0x0713
mem[X,0x0000000080000AAA] -> 0x03B7
[687] [M]: 0x0000000080000AA8 (0x03B70713) addi a4, a4, 0x3b
x14 <- 0x000100000100803B

mem[X,0x0000000080000AAC] -> 0x1713
mem[X,0x0000000080000AAE] -> 0x00A7
[688] [M]: 0x0000000080000AAC (0x00A71713) slli a4, a4, 0xa
x14 <- 0x040000040200EC00

mem[X,0x0000000080000AB0] -> 0x0713
mem[X,0x0000000080000AB2] -> 0x3FF7
[689] [M]: 0x0000000080000AB0 (0x3FF70713) addi a4, a4, 0x3ff
x14 <- 0x040000040200EFFF

mem[X,0x0000000080000AB4] -> 0xF9B7
mem[X,0x0000000080000AB6] -> 0x0400
[690] [M]: 0x0000000080000AB4 (0x0400F9B7) lui s3, 0x400f
x19 <- 0x000000000400F000

mem[X,0x0000000080000AB8] -> 0x8993
mem[X,0x0000000080000ABA] -> 0x7FF9
[691] [M]: 0x0000000080000AB8 (0x7FF98993) addi s3, s3, 0x7ff
x19 <- 0x000000000400F7FF

mem[X,0x0000000080000ABC] -> 0x9993
mem[X,0x0000000080000ABE] -> 0x00B9
[692] [M]: 0x0000000080000ABC (0x00B99993) slli s3, s3, 0xb
x19 <- 0x0000002007BFF800

mem[X,0x0000000080000AC0] -> 0x8993
mem[X,0x0000000080000AC2] -> 0x7FF9
[693] [M]: 0x0000000080000AC0 (0x7FF98993) addi s3, s3, 0x7ff
x19 <- 0x0000002007BFFFFF

mem[X,0x0000000080000AC4] -> 0x9993
mem[X,0x0000000080000AC6] -> 0x00B9
[694] [M]: 0x0000000080000AC4 (0x00B99993) slli s3, s3, 0xb
x19 <- 0x0001003DFFFFF800

mem[X,0x0000000080000AC8] -> 0x8993
mem[X,0x0000000080000ACA] -> 0x7BF9
[695] [M]: 0x0000000080000AC8 (0x7BF98993) addi s3, s3, 0x7bf
x19 <- 0x0001003DFFFFFFBF

mem[X,0x0000000080000ACC] -> 0x9993
mem[X,0x0000000080000ACE] -> 0x00A9
[696] [M]: 0x0000000080000ACC (0x00A99993) slli s3, s3, 0xa
x19 <- 0x0400F7FFFFFEFC00

mem[X,0x0000000080000AD0] -> 0x8993
mem[X,0x0000000080000AD2] -> 0x3FD9
[697] [M]: 0x0000000080000AD0 (0x3FD98993) addi s3, s3, 0x3fd
x19 <- 0x0400F7FFFFFEFFFD

mem[X,0x0000000080000AD4] -> 0x7E3B
mem[X,0x0000000080000AD6] -> 0xB137
[698] [M]: 0x0000000080000AD4 (0xB1377E3B) pmulh.h.bo t3, a4, s3
x28 <- 0x0000FFFFFFFF0000

mem[X,0x0000000080000AD8] -> 0xBC23
mem[X,0x0000000080000ADA] -> 0x01C0
[699] [M]: 0x0000000080000AD8 (0x01C0BC23) sd t3, 0x18(ra)
mem[0x0000000080004210] <- 0x0000FFFFFFFF0000

clint::tick mtime <- 0x0000000000000007
 clint timer pending at mtime 0x0000000000000007
htif::tick 0x0000000000000000
mem[X,0x0000000080000ADC] -> 0x4F37
mem[X,0x0000000080000ADE] -> 0x0008
[700] [M]: 0x0000000080000ADC (0x00084F37) lui t5, 0x84
x30 <- 0x0000000000084000

mem[X,0x0000000080000AE0] -> 0x0F13
mem[X,0x0000000080000AE2] -> 0xFFFF
[701] [M]: 0x0000000080000AE0 (0xFFFF0F13) addi t5, t5, -0x1
x30 <- 0x0000000000083FFF

mem[X,0x0000000080000AE4] -> 0x1F13
mem[X,0x0000000080000AE6] -> 0x00BF
[702] [M]: 0x0000000080000AE4 (0x00BF1F13) slli t5, t5, 0xb
x30 <- 0x0000000041FFF800

mem[X,0x0000000080000AE8] -> 0x0F13
mem[X,0x0000000080000AEA] -> 0x3FFF
[703] [M]: 0x0000000080000AE8 (0x3FFF0F13) addi t5, t5, 0x3ff
x30 <- 0x0000000041FFFBFF

mem[X,0x0000000080000AEC] -> 0x1F13
mem[X,0x0000000080000AEE] -> 0x00BF
[704] [M]: 0x0000000080000AEC (0x00BF1F13) slli t5, t5, 0xb
x30 <- 0x0000020FFFDFF800

mem[X,0x0000000080000AF0] -> 0x0F13
mem[X,0x0000000080000AF2] -> 0x7F7F
[705] [M]: 0x0000000080000AF0 (0x7F7F0F13) addi t5, t5, 0x7f7
x30 <- 0x0000020FFFDFFFF7

mem[X,0x0000000080000AF4] -> 0x1F13
mem[X,0x0000000080000AF6] -> 0x00AF
[706] [M]: 0x0000000080000AF4 (0x00AF1F13) slli t5, t5, 0xa
x30 <- 0x00083FFF7FFFDC00

mem[X,0x0000000080000AF8] -> 0x0F13
mem[X,0x0000000080000AFA] -> 0x3FFF
[707] [M]: 0x0000000080000AF8 (0x3FFF0F13) addi t5, t5, 0x3ff
x30 <- 0x00083FFF7FFFDFFF

mem[X,0x0000000080000AFC] -> 0x0EB7
mem[X,0x0000000080000AFE] -> 0x0002
[708] [M]: 0x0000000080000AFC (0x00020EB7) lui t4, 0x20
x29 <- 0x0000000000020000

mem[X,0x0000000080000B00] -> 0x8E93
mem[X,0x0000000080000B02] -> 0x002E
[709] [M]: 0x0000000080000B00 (0x002E8E93) addi t4, t4, 0x2
x29 <- 0x0000000000020002

mem[X,0x0000000080000B04] -> 0x9E93
mem[X,0x0000000080000B06] -> 0x00BE
[710] [M]: 0x0000000080000B04 (0x00BE9E93) slli t4, t4, 0xb
x29 <- 0x0000000010001000

mem[X,0x0000000080000B08] -> 0x8E93
mem[X,0x0000000080000B0A] -> 0x600E
[711] [M]: 0x0000000080000B08 (0x600E8E93) addi t4, t4, 0x600
x29 <- 0x0000000010001600

mem[X,0x0000000080000B0C] -> 0x9E93
mem[X,0x0000000080000B0E] -> 0x00BE
[712] [M]: 0x0000000080000B0C (0x00BE9E93) slli t4, t4, 0xb
x29 <- 0x0000008000B00000

mem[X,0x0000000080000B10] -> 0x8E93
mem[X,0x0000000080000B12] -> 0x02FE
[713] [M]: 0x0000000080000B10 (0x02FE8E93) addi t4, t4, 0x2f
x29 <- 0x0000008000B0002F

mem[X,0x0000000080000B14] -> 0x9E93
mem[X,0x0000000080000B16] -> 0x00AE
[714] [M]: 0x0000000080000B14 (0x00AE9E93) slli t4, t4, 0xa
x29 <- 0x00020002C000BC00

mem[X,0x0000000080000B18] -> 0x8E93
mem[X,0x0000000080000B1A] -> 0x3FFE
[715] [M]: 0x0000000080000B18 (0x3FFE8E93) addi t4, t4, 0x3ff
x29 <- 0x00020002C000BFFF

mem[X,0x0000000080000B1C] -> 0x7FBB
mem[X,0x0000000080000B1E] -> 0xB1DF
[716] [M]: 0x0000000080000B1C (0xB1DF7FBB) pmulh.h.bo t6, t5, t4
x31 <- 0x00000000FFE00008

mem[X,0x0000000080000B20] -> 0xB023
mem[X,0x0000000080000B22] -> 0x03F0
[717] [M]: 0x0000000080000B20 (0x03F0B023) sd t6, 0x20(ra)
mem[0x0000000080004218] <- 0x00000000FFE00008

mem[X,0x0000000080000B24] -> 0x0F37
mem[X,0x0000000080000B26] -> 0x0009
[718] [M]: 0x0000000080000B24 (0x00090F37) lui t5, 0x90
x30 <- 0x0000000000090000

mem[X,0x0000000080000B28] -> 0x0F13
mem[X,0x0000000080000B2A] -> 0x002F
[719] [M]: 0x0000000080000B28 (0x002F0F13) addi t5, t5, 0x2
x30 <- 0x0000000000090002

mem[X,0x0000000080000B2C] -> 0x1F13
mem[X,0x0000000080000B2E] -> 0x00BF
[720] [M]: 0x0000000080000B2C (0x00BF1F13) slli t5, t5, 0xb
x30 <- 0x0000000048001000

mem[X,0x0000000080000B30] -> 0x0F13
mem[X,0x0000000080000B32] -> 0x000F
[721] [M]: 0x0000000080000B30 (0x000F0F13) addi t5, t5, 0x0
x30 <- 0x0000000048001000

mem[X,0x0000000080000B34] -> 0x1F13
mem[X,0x0000000080000B36] -> 0x00BF
[722] [M]: 0x0000000080000B34 (0x00BF1F13) slli t5, t5, 0xb
x30 <- 0x0000024000800000

mem[X,0x0000000080000B38] -> 0x0F13
mem[X,0x0000000080000B3A] -> 0x0EFF
[723] [M]: 0x0000000080000B38 (0x0EFF0F13) addi t5, t5, 0xef
x30 <- 0x00000240008000EF

mem[X,0x0000000080000B3C] -> 0x1F13
mem[X,0x0000000080000B3E] -> 0x00AF
[724] [M]: 0x0000000080000B3C (0x00AF1F13) slli t5, t5, 0xa
x30 <- 0x000900020003BC00

mem[X,0x0000000080000B40] -> 0x0F13
mem[X,0x0000000080000B42] -> 0x3FFF
[725] [M]: 0x0000000080000B40 (0x3FFF0F13) addi t5, t5, 0x3ff
x30 <- 0x000900020003BFFF

mem[X,0x0000000080000B44] -> 0x0EB7
mem[X,0x0000000080000B46] -> 0xFFEF
[726] [M]: 0x0000000080000B44 (0xFFEF0EB7) lui t4, -0x110
x29 <- 0xFFFFFFFFFFEF0000

mem[X,0x0000000080000B48] -> 0x8E93
mem[X,0x0000000080000B4A] -> 0x005E
[727] [M]: 0x0000000080000B48 (0x005E8E93) addi t4, t4, 0x5
x29 <- 0xFFFFFFFFFFEF0005

mem[X,0x0000000080000B4C] -> 0x9E93
mem[X,0x0000000080000B4E] -> 0x00BE
[728] [M]: 0x0000000080000B4C (0x00BE9E93) slli t4, t4, 0xb
x29 <- 0xFFFFFFFF78002800

mem[X,0x0000000080000B50] -> 0x8E93
mem[X,0x0000000080000B52] -> 0x7EFE
[729] [M]: 0x0000000080000B50 (0x7EFE8E93) addi t4, t4, 0x7ef
x29 <- 0xFFFFFFFF78002FEF

mem[X,0x0000000080000B54] -> 0x9E93
mem[X,0x0000000080000B56] -> 0x00BE
[730] [M]: 0x0000000080000B54 (0x00BE9E93) slli t4, t4, 0xb
x29 <- 0xFFFFFBC0017F7800

mem[X,0x0000000080000B58] -> 0x8E93
mem[X,0x0000000080000B5A] -> 0x7C4E
[731] [M]: 0x0000000080000B58 (0x7C4E8E93) addi t4, t4, 0x7c4
x29 <- 0xFFFFFBC0017F7FC4

mem[X,0x0000000080000B5C] -> 0x9E93
mem[X,0x0000000080000B5E] -> 0x00AE
[732] [M]: 0x0000000080000B5C (0x00AE9E93) slli t4, t4, 0xa
x29 <- 0xFFEF0005FDFF1000

mem[X,0x0000000080000B60] -> 0x7FBB
mem[X,0x0000000080000B62] -> 0xB1DF
[733] [M]: 0x0000000080000B60 (0xB1DF7FBB) pmulh.h.bo t6, t5, t4
x31 <- 0xFFFF0000FFFFFFFB

mem[X,0x0000000080000B64] -> 0xB423
mem[X,0x0000000080000B66] -> 0x03F0
[734] [M]: 0x0000000080000B64 (0x03F0B423) sd t6, 0x28(ra)
mem[0x0000000080004220] <- 0xFFFF0000FFFFFFFB

mem[X,0x0000000080000B68] -> 0x0F37
mem[X,0x0000000080000B6A] -> 0x0041
[735] [M]: 0x0000000080000B68 (0x00410F37) lui t5, 0x410
x30 <- 0x0000000000410000

mem[X,0x0000000080000B6C] -> 0x0F13
mem[X,0x0000000080000B6E] -> 0xFFAF
[736] [M]: 0x0000000080000B6C (0xFFAF0F13) addi t5, t5, -0x6
x30 <- 0x000000000040FFFA

mem[X,0x0000000080000B70] -> 0x1F13
mem[X,0x0000000080000B72] -> 0x00BF
[737] [M]: 0x0000000080000B70 (0x00BF1F13) slli t5, t5, 0xb
x30 <- 0x0000000207FFD000

mem[X,0x0000000080000B74] -> 0x0F13
mem[X,0x0000000080000B76] -> 0x000F
[738] [M]: 0x0000000080000B74 (0x000F0F13) addi t5, t5, 0x0
x30 <- 0x0000000207FFD000

mem[X,0x0000000080000B78] -> 0x1F13
mem[X,0x0000000080000B7A] -> 0x00BF
[739] [M]: 0x0000000080000B78 (0x00BF1F13) slli t5, t5, 0xb
x30 <- 0x0000103FFE800000

mem[X,0x0000000080000B7C] -> 0x0F13
mem[X,0x0000000080000B7E] -> 0x015F
[740] [M]: 0x0000000080000B7C (0x015F0F13) addi t5, t5, 0x15
x30 <- 0x0000103FFE800015

mem[X,0x0000000080000B80] -> 0x1F13
mem[X,0x0000000080000B82] -> 0x00AF
[741] [M]: 0x0000000080000B80 (0x00AF1F13) slli t5, t5, 0xa
x30 <- 0x0040FFFA00005400

mem[X,0x0000000080000B84] -> 0x0F13
mem[X,0x0000000080000B86] -> 0x155F
[742] [M]: 0x0000000080000B84 (0x155F0F13) addi t5, t5, 0x155
x30 <- 0x0040FFFA00005555

mem[X,0x0000000080000B88] -> 0x0EB7
mem[X,0x0000000080000B8A] -> 0x1000
[743] [M]: 0x0000000080000B88 (0x10000EB7) lui t4, 0x10000
x29 <- 0x0000000010000000

mem[X,0x0000000080000B8C] -> 0x8E93
mem[X,0x0000000080000B8E] -> 0x020E
[744] [M]: 0x0000000080000B8C (0x020E8E93) addi t4, t4, 0x20
x29 <- 0x0000000010000020

mem[X,0x0000000080000B90] -> 0x9E93
mem[X,0x0000000080000B92] -> 0x00BE
[745] [M]: 0x0000000080000B90 (0x00BE9E93) slli t4, t4, 0xb
x29 <- 0x0000008000010000

mem[X,0x0000000080000B94] -> 0x8E93
mem[X,0x0000000080000B96] -> 0x7FFE
[746] [M]: 0x0000000080000B94 (0x7FFE8E93) addi t4, t4, 0x7ff
x29 <- 0x00000080000107FF

mem[X,0x0000000080000B98] -> 0x9E93
mem[X,0x0000000080000B9A] -> 0x00BE
[747] [M]: 0x0000000080000B98 (0x00BE9E93) slli t4, t4, 0xb
x29 <- 0x00040000083FF800

mem[X,0x0000000080000B9C] -> 0x8E93
mem[X,0x0000000080000B9E] -> 0x63FE
[748] [M]: 0x0000000080000B9C (0x63FE8E93) addi t4, t4, 0x63f
x29 <- 0x00040000083FFE3F

mem[X,0x0000000080000BA0] -> 0x9E93
mem[X,0x0000000080000BA2] -> 0x00AE
[749] [M]: 0x0000000080000BA0 (0x00AE9E93) slli t4, t4, 0xa
x29 <- 0x10000020FFF8FC00

mem[X,0x0000000080000BA4] -> 0x8E93
mem[X,0x0000000080000BA6] -> 0x3DFE
[750] [M]: 0x0000000080000BA4 (0x3DFE8E93) addi t4, t4, 0x3df
x29 <- 0x10000020FFF8FFDF

mem[X,0x0000000080000BA8] -> 0x7FBB
mem[X,0x0000000080000BAA] -> 0xB1DF
[751] [M]: 0x0000000080000BA8 (0xB1DF7FBB) pmulh.h.bo t6, t5, t4
x31 <- 0x000000000000FFFF

mem[X,0x0000000080000BAC] -> 0xB823
mem[X,0x0000000080000BAE] -> 0x03F0
[752] [M]: 0x0000000080000BAC (0x03F0B823) sd t6, 0x30(ra)
mem[0x0000000080004228] <- 0x000000000000FFFF

mem[X,0x0000000080000BB0] -> 0x0F37
mem[X,0x0000000080000BB2] -> 0x0003
[753] [M]: 0x0000000080000BB0 (0x00030F37) lui t5, 0x30
x30 <- 0x0000000000030000

mem[X,0x0000000080000BB4] -> 0x0F13
mem[X,0x0000000080000BB6] -> 0xFFAF
[754] [M]: 0x0000000080000BB4 (0xFFAF0F13) addi t5, t5, -0x6
x30 <- 0x000000000002FFFA

mem[X,0x0000000080000BB8] -> 0x1F13
mem[X,0x0000000080000BBA] -> 0x00BF
[755] [M]: 0x0000000080000BB8 (0x00BF1F13) slli t5, t5, 0xb
x30 <- 0x0000000017FFD000

mem[X,0x0000000080000BBC] -> 0x0F13
mem[X,0x0000000080000BBE] -> 0x7FFF
[756] [M]: 0x0000000080000BBC (0x7FFF0F13) addi t5, t5, 0x7ff
x30 <- 0x0000000017FFD7FF

mem[X,0x0000000080000BC0] -> 0x1F13
mem[X,0x0000000080000BC2] -> 0x00BF
[757] [M]: 0x0000000080000BC0 (0x00BF1F13) slli t5, t5, 0xb
x30 <- 0x000000BFFEBFF800

mem[X,0x0000000080000BC4] -> 0x0F13
mem[X,0x0000000080000BC6] -> 0x780F
[758] [M]: 0x0000000080000BC4 (0x780F0F13) addi t5, t5, 0x780
x30 <- 0x000000BFFEBFFF80

mem[X,0x0000000080000BC8] -> 0x1F13
mem[X,0x0000000080000BCA] -> 0x00AF
[759] [M]: 0x0000000080000BC8 (0x00AF1F13) slli t5, t5, 0xa
x30 <- 0x0002FFFAFFFE0000

mem[X,0x0000000080000BCC] -> 0x0F13
mem[X,0x0000000080000BCE] -> 0x001F
[760] [M]: 0x0000000080000BCC (0x001F0F13) addi t5, t5, 0x1
x30 <- 0x0002FFFAFFFE0001

mem[X,0x0000000080000BD0] -> 0x0EB7
mem[X,0x0000000080000BD2] -> 0x0005
[761] [M]: 0x0000000080000BD0 (0x00050EB7) lui t4, 0x50
x29 <- 0x0000000000050000

mem[X,0x0000000080000BD4] -> 0x8E93
mem[X,0x0000000080000BD6] -> 0xFFCE
[762] [M]: 0x0000000080000BD4 (0xFFCE8E93) addi t4, t4, -0x4
x29 <- 0x000000000004FFFC

mem[X,0x0000000080000BD8] -> 0x9E93
mem[X,0x0000000080000BDA] -> 0x00BE
[763] [M]: 0x0000000080000BD8 (0x00BE9E93) slli t4, t4, 0xb
x29 <- 0x0000000027FFE000

mem[X,0x0000000080000BDC] -> 0x8E93
mem[X,0x0000000080000BDE] -> 0x600E
[764] [M]: 0x0000000080000BDC (0x600E8E93) addi t4, t4, 0x600
x29 <- 0x0000000027FFE600

mem[X,0x0000000080000BE0] -> 0x9E93
mem[X,0x0000000080000BE2] -> 0x00BE
[765] [M]: 0x0000000080000BE0 (0x00BE9E93) slli t4, t4, 0xb
x29 <- 0x0000013FFF300000

mem[X,0x0000000080000BE4] -> 0x8E93
mem[X,0x0000000080000BE6] -> 0x030E
[766] [M]: 0x0000000080000BE4 (0x030E8E93) addi t4, t4, 0x30
x29 <- 0x0000013FFF300030

mem[X,0x0000000080000BE8] -> 0x9E93
mem[X,0x0000000080000BEA] -> 0x00AE
[767] [M]: 0x0000000080000BE8 (0x00AE9E93) slli t4, t4, 0xa
x29 <- 0x0004FFFCC000C000

mem[X,0x0000000080000BEC] -> 0x7FBB
mem[X,0x0000000080000BEE] -> 0xB1DF
[768] [M]: 0x0000000080000BEC (0xB1DF7FBB) pmulh.h.bo t6, t5, t4
x31 <- 0x000000000000FFFF

mem[X,0x0000000080000BF0] -> 0xBC23
mem[X,0x0000000080000BF2] -> 0x03F0
[769] [M]: 0x0000000080000BF0 (0x03F0BC23) sd t6, 0x38(ra)
mem[0x0000000080004230] <- 0x000000000000FFFF

mem[X,0x0000000080000BF4] -> 0x0F37
mem[X,0x0000000080000BF6] -> 0xFEFF
[770] [M]: 0x0000000080000BF4 (0xFEFF0F37) lui t5, -0x1010
x30 <- 0xFFFFFFFFFEFF0000

mem[X,0x0000000080000BF8] -> 0x0F13
mem[X,0x0000000080000BFA] -> 0x002F
[771] [M]: 0x0000000080000BF8 (0x002F0F13) addi t5, t5, 0x2
x30 <- 0xFFFFFFFFFEFF0002

mem[X,0x0000000080000BFC] -> 0x1F13
mem[X,0x0000000080000BFE] -> 0x00BF
[772] [M]: 0x0000000080000BFC (0x00BF1F13) slli t5, t5, 0xb
x30 <- 0xFFFFFFF7F8001000

mem[X,0x0000000080000C00] -> 0x0F13
mem[X,0x0000000080000C02] -> 0x000F
[773] [M]: 0x0000000080000C00 (0x000F0F13) addi t5, t5, 0x0
x30 <- 0xFFFFFFF7F8001000

mem[X,0x0000000080000C04] -> 0x1F13
mem[X,0x0000000080000C06] -> 0x00BF
[774] [M]: 0x0000000080000C04 (0x00BF1F13) slli t5, t5, 0xb
x30 <- 0xFFFFBFC000800000

mem[X,0x0000000080000C08] -> 0x0F13
mem[X,0x0000000080000C0A] -> 0x140F
[775] [M]: 0x0000000080000C08 (0x140F0F13) addi t5, t5, 0x140
x30 <- 0xFFFFBFC000800140

mem[X,0x0000000080000C0C] -> 0x1F13
mem[X,0x0000000080000C0E] -> 0x00AF
[776] [M]: 0x0000000080000C0C (0x00AF1F13) slli t5, t5, 0xa
x30 <- 0xFEFF000200050000

mem[X,0x0000000080000C10] -> 0x0F13
mem[X,0x0000000080000C12] -> 0x002F
[777] [M]: 0x0000000080000C10 (0x002F0F13) addi t5, t5, 0x2
x30 <- 0xFEFF000200050002

mem[X,0x0000000080000C14] -> 0x0EB7
mem[X,0x0000000080000C16] -> 0x0020
[778] [M]: 0x0000000080000C14 (0x00200EB7) lui t4, 0x200
x29 <- 0x0000000000200000

mem[X,0x0000000080000C18] -> 0x8E93
mem[X,0x0000000080000C1A] -> 0x040E
[779] [M]: 0x0000000080000C18 (0x040E8E93) addi t4, t4, 0x40
x29 <- 0x0000000000200040

mem[X,0x0000000080000C1C] -> 0x9E93
mem[X,0x0000000080000C1E] -> 0x00BE
[780] [M]: 0x0000000080000C1C (0x00BE9E93) slli t4, t4, 0xb
x29 <- 0x0000000100020000

mem[X,0x0000000080000C20] -> 0x8E93
mem[X,0x0000000080000C22] -> 0x7FFE
[781] [M]: 0x0000000080000C20 (0x7FFE8E93) addi t4, t4, 0x7ff
x29 <- 0x00000001000207FF

mem[X,0x0000000080000C24] -> 0x9E93
mem[X,0x0000000080000C26] -> 0x00BE
[782] [M]: 0x0000000080000C24 (0x00BE9E93) slli t4, t4, 0xb
x29 <- 0x00000800103FF800

mem[X,0x0000000080000C28] -> 0x8E93
mem[X,0x0000000080000C2A] -> 0x680E
[783] [M]: 0x0000000080000C28 (0x680E8E93) addi t4, t4, 0x680
x29 <- 0x00000800103FFE80

mem[X,0x0000000080000C2C] -> 0x9E93
mem[X,0x0000000080000C2E] -> 0x00AE
[784] [M]: 0x0000000080000C2C (0x00AE9E93) slli t4, t4, 0xa
x29 <- 0x00200040FFFA0000

mem[X,0x0000000080000C30] -> 0x8E93
mem[X,0x0000000080000C32] -> 0x002E
[785] [M]: 0x0000000080000C30 (0x002E8E93) addi t4, t4, 0x2
x29 <- 0x00200040FFFA0002

mem[X,0x0000000080000C34] -> 0x7FBB
mem[X,0x0000000080000C36] -> 0xB1DF
[786] [M]: 0x0000000080000C34 (0xB1DF7FBB) pmulh.h.bo t6, t5, t4
x31 <- 0x00000000FFFF0000

mem[X,0x0000000080000C38] -> 0xB023
mem[X,0x0000000080000C3A] -> 0x05F0
[787] [M]: 0x0000000080000C38 (0x05F0B023) sd t6, 0x40(ra)
mem[0x0000000080004238] <- 0x00000000FFFF0000

mem[X,0x0000000080000C3C] -> 0x0F37
mem[X,0x0000000080000C3E] -> 0x0100
[788] [M]: 0x0000000080000C3C (0x01000F37) lui t5, 0x1000
x30 <- 0x0000000001000000

mem[X,0x0000000080000C40] -> 0x0F13
mem[X,0x0000000080000C42] -> 0x010F
[789] [M]: 0x0000000080000C40 (0x010F0F13) addi t5, t5, 0x10
x30 <- 0x0000000001000010

mem[X,0x0000000080000C44] -> 0x1F13
mem[X,0x0000000080000C46] -> 0x00BF
[790] [M]: 0x0000000080000C44 (0x00BF1F13) slli t5, t5, 0xb
x30 <- 0x0000000800008000

mem[X,0x0000000080000C48] -> 0x0F13
mem[X,0x0000000080000C4A] -> 0x2AAF
[791] [M]: 0x0000000080000C48 (0x2AAF0F13) addi t5, t5, 0x2aa
x30 <- 0x00000008000082AA

mem[X,0x0000000080000C4C] -> 0x1F13
mem[X,0x0000000080000C4E] -> 0x00BF
[792] [M]: 0x0000000080000C4C (0x00BF1F13) slli t5, t5, 0xb
x30 <- 0x0000400004155000

mem[X,0x0000000080000C50] -> 0x0F13
mem[X,0x0000000080000C52] -> 0x544F
[793] [M]: 0x0000000080000C50 (0x544F0F13) addi t5, t5, 0x544
x30 <- 0x0000400004155544

mem[X,0x0000000080000C54] -> 0x1F13
mem[X,0x0000000080000C56] -> 0x00AF
[794] [M]: 0x0000000080000C54 (0x00AF1F13) slli t5, t5, 0xa
x30 <- 0x0100001055551000

mem[X,0x0000000080000C58] -> 0x0EB7
mem[X,0x0000000080000C5A] -> 0x0041
[795] [M]: 0x0000000080000C58 (0x00410EB7) lui t4, 0x410
x29 <- 0x0000000000410000

mem[X,0x0000000080000C5C] -> 0x8E93
mem[X,0x0000000080000C5E] -> 0xFFEE
[796] [M]: 0x0000000080000C5C (0xFFEE8E93) addi t4, t4, -0x2
x29 <- 0x000000000040FFFE

mem[X,0x0000000080000C60] -> 0x9E93
mem[X,0x0000000080000C62] -> 0x00BE
[797] [M]: 0x0000000080000C60 (0x00BE9E93) slli t4, t4, 0xb
x29 <- 0x0000000207FFF000

mem[X,0x0000000080000C64] -> 0x8E93
mem[X,0x0000000080000C66] -> 0x000E
[798] [M]: 0x0000000080000C64 (0x000E8E93) addi t4, t4, 0x0
x29 <- 0x0000000207FFF000

mem[X,0x0000000080000C68] -> 0x9E93
mem[X,0x0000000080000C6A] -> 0x00BE
[799] [M]: 0x0000000080000C68 (0x00BE9E93) slli t4, t4, 0xb
x29 <- 0x0000103FFF800000

clint::tick mtime <- 0x0000000000000008
 clint timer pending at mtime 0x0000000000000008
htif::tick 0x0000000000000000
mem[X,0x0000000080000C6C] -> 0x8E93
mem[X,0x0000000080000C6E] -> 0x180E
[800] [M]: 0x0000000080000C6C (0x180E8E93) addi t4, t4, 0x180
x29 <- 0x0000103FFF800180

mem[X,0x0000000080000C70] -> 0x9E93
mem[X,0x0000000080000C72] -> 0x00AE
[801] [M]: 0x0000000080000C70 (0x00AE9E93) slli t4, t4, 0xa
x29 <- 0x0040FFFE00060000

mem[X,0x0000000080000C74] -> 0x8E93
mem[X,0x0000000080000C76] -> 0x008E
[802] [M]: 0x0000000080000C74 (0x008E8E93) addi t4, t4, 0x8
x29 <- 0x0040FFFE00060008

mem[X,0x0000000080000C78] -> 0x7FBB
mem[X,0x0000000080000C7A] -> 0xB1DF
[803] [M]: 0x0000000080000C78 (0xB1DF7FBB) pmulh.h.bo t6, t5, t4
x31 <- 0x0000FFFF00000000

mem[X,0x0000000080000C7C] -> 0xB423
mem[X,0x0000000080000C7E] -> 0x05F0
[804] [M]: 0x0000000080000C7C (0x05F0B423) sd t6, 0x48(ra)
mem[0x0000000080004240] <- 0x0000FFFF00000000

mem[X,0x0000000080000C80] -> 0x0F37
mem[X,0x0000000080000C82] -> 0xFFFE
[805] [M]: 0x0000000080000C80 (0xFFFE0F37) lui t5, -0x20
x30 <- 0xFFFFFFFFFFFE0000

mem[X,0x0000000080000C84] -> 0x0F13
mem[X,0x0000000080000C86] -> 0x000F
[806] [M]: 0x0000000080000C84 (0x000F0F13) addi t5, t5, 0x0
x30 <- 0xFFFFFFFFFFFE0000

mem[X,0x0000000080000C88] -> 0x1F13
mem[X,0x0000000080000C8A] -> 0x00BF
[807] [M]: 0x0000000080000C88 (0x00BF1F13) slli t5, t5, 0xb
x30 <- 0xFFFFFFFFF0000000

mem[X,0x0000000080000C8C] -> 0x0F13
mem[X,0x0000000080000C8E] -> 0x000F
[808] [M]: 0x0000000080000C8C (0x000F0F13) addi t5, t5, 0x0
x30 <- 0xFFFFFFFFF0000000

mem[X,0x0000000080000C90] -> 0x1F13
mem[X,0x0000000080000C92] -> 0x00BF
[809] [M]: 0x0000000080000C90 (0x00BF1F13) slli t5, t5, 0xb
x30 <- 0xFFFFFF8000000000

mem[X,0x0000000080000C94] -> 0x0F13
mem[X,0x0000000080000C96] -> 0x160F
[810] [M]: 0x0000000080000C94 (0x160F0F13) addi t5, t5, 0x160
x30 <- 0xFFFFFF8000000160

mem[X,0x0000000080000C98] -> 0x1F13
mem[X,0x0000000080000C9A] -> 0x00AF
[811] [M]: 0x0000000080000C98 (0x00AF1F13) slli t5, t5, 0xa
x30 <- 0xFFFE000000058000

mem[X,0x0000000080000C9C] -> 0x2EB7
mem[X,0x0000000080000C9E] -> 0x0080
[812] [M]: 0x0000000080000C9C (0x00802EB7) lui t4, 0x802
x29 <- 0x0000000000802000

mem[X,0x0000000080000CA0] -> 0x8E93
mem[X,0x0000000080000CA2] -> 0x000E
[813] [M]: 0x0000000080000CA0 (0x000E8E93) addi t4, t4, 0x0
x29 <- 0x0000000000802000

mem[X,0x0000000080000CA4] -> 0x9E93
mem[X,0x0000000080000CA6] -> 0x00BE
[814] [M]: 0x0000000080000CA4 (0x00BE9E93) slli t4, t4, 0xb
x29 <- 0x0000000401000000

mem[X,0x0000000080000CA8] -> 0x8E93
mem[X,0x0000000080000CAA] -> 0x7FFE
[815] [M]: 0x0000000080000CA8 (0x7FFE8E93) addi t4, t4, 0x7ff
x29 <- 0x00000004010007FF

mem[X,0x0000000080000CAC] -> 0x9E93
mem[X,0x0000000080000CAE] -> 0x00BE
[816] [M]: 0x0000000080000CAC (0x00BE9E93) slli t4, t4, 0xb
x29 <- 0x00002008003FF800

mem[X,0x0000000080000CB0] -> 0x8E93
mem[X,0x0000000080000CB2] -> 0x740E
[817] [M]: 0x0000000080000CB0 (0x740E8E93) addi t4, t4, 0x740
x29 <- 0x00002008003FFF40

mem[X,0x0000000080000CB4] -> 0x9E93
mem[X,0x0000000080000CB6] -> 0x00AE
[818] [M]: 0x0000000080000CB4 (0x00AE9E93) slli t4, t4, 0xa
x29 <- 0x00802000FFFD0000

mem[X,0x0000000080000CB8] -> 0x8E93
mem[X,0x0000000080000CBA] -> 0x020E
[819] [M]: 0x0000000080000CB8 (0x020E8E93) addi t4, t4, 0x20
x29 <- 0x00802000FFFD0020

mem[X,0x0000000080000CBC] -> 0x7FBB
mem[X,0x0000000080000CBE] -> 0xB1DF
[820] [M]: 0x0000000080000CBC (0xB1DF7FBB) pmulh.h.bo t6, t5, t4
x31 <- 0x00000000FFFF0000

mem[X,0x0000000080000CC0] -> 0xB823
mem[X,0x0000000080000CC2] -> 0x05F0
[821] [M]: 0x0000000080000CC0 (0x05F0B823) sd t6, 0x50(ra)
mem[0x0000000080004248] <- 0x00000000FFFF0000

mem[X,0x0000000080000CC4] -> 0x0F37
mem[X,0x0000000080000CC6] -> 0x5555
[822] [M]: 0x0000000080000CC4 (0x55550F37) lui t5, 0x55550
x30 <- 0x0000000055550000

mem[X,0x0000000080000CC8] -> 0x0F13
mem[X,0x0000000080000CCA] -> 0x003F
[823] [M]: 0x0000000080000CC8 (0x003F0F13) addi t5, t5, 0x3
x30 <- 0x0000000055550003

mem[X,0x0000000080000CCC] -> 0x1F13
mem[X,0x0000000080000CCE] -> 0x00BF
[824] [M]: 0x0000000080000CCC (0x00BF1F13) slli t5, t5, 0xb
x30 <- 0x000002AAA8001800

mem[X,0x0000000080000CD0] -> 0x0F13
mem[X,0x0000000080000CD2] -> 0x7FFF
[825] [M]: 0x0000000080000CD0 (0x7FFF0F13) addi t5, t5, 0x7ff
x30 <- 0x000002AAA8001FFF

mem[X,0x0000000080000CD4] -> 0x1F13
mem[X,0x0000000080000CD6] -> 0x00BF
[826] [M]: 0x0000000080000CD4 (0x00BF1F13) slli t5, t5, 0xb
x30 <- 0x0015554000FFF800

mem[X,0x0000000080000CD8] -> 0x0F13
mem[X,0x0000000080000CDA] -> 0x5FFF
[827] [M]: 0x0000000080000CD8 (0x5FFF0F13) addi t5, t5, 0x5ff
x30 <- 0x0015554000FFFDFF

mem[X,0x0000000080000CDC] -> 0x1F13
mem[X,0x0000000080000CDE] -> 0x00AF
[828] [M]: 0x0000000080000CDC (0x00AF1F13) slli t5, t5, 0xa
x30 <- 0x55550003FFF7FC00

mem[X,0x0000000080000CE0] -> 0x0F13
mem[X,0x0000000080000CE2] -> 0x3FCF
[829] [M]: 0x0000000080000CE0 (0x3FCF0F13) addi t5, t5, 0x3fc
x30 <- 0x55550003FFF7FFFC

mem[X,0x0000000080000CE4] -> 0x0EB7
mem[X,0x0000000080000CE6] -> 0x0101
[830] [M]: 0x0000000080000CE4 (0x01010EB7) lui t4, 0x1010
x29 <- 0x0000000001010000

mem[X,0x0000000080000CE8] -> 0x8E93
mem[X,0x0000000080000CEA] -> 0xFFDE
[831] [M]: 0x0000000080000CE8 (0xFFDE8E93) addi t4, t4, -0x3
x29 <- 0x000000000100FFFD

mem[X,0x0000000080000CEC] -> 0x9E93
mem[X,0x0000000080000CEE] -> 0x00BE
[832] [M]: 0x0000000080000CEC (0x00BE9E93) slli t4, t4, 0xb
x29 <- 0x0000000807FFE800

mem[X,0x0000000080000CF0] -> 0x8E93
mem[X,0x0000000080000CF2] -> 0x2AAE
[833] [M]: 0x0000000080000CF0 (0x2AAE8E93) addi t4, t4, 0x2aa
x29 <- 0x0000000807FFEAAA

mem[X,0x0000000080000CF4] -> 0x9E93
mem[X,0x0000000080000CF6] -> 0x00BE
[834] [M]: 0x0000000080000CF4 (0x00BE9E93) slli t4, t4, 0xb
x29 <- 0x0000403FFF555000

mem[X,0x0000000080000CF8] -> 0x8E93
mem[X,0x0000000080000CFA] -> 0x540E
[835] [M]: 0x0000000080000CF8 (0x540E8E93) addi t4, t4, 0x540
x29 <- 0x0000403FFF555540

mem[X,0x0000000080000CFC] -> 0x9E93
mem[X,0x0000000080000CFE] -> 0x00AE
[836] [M]: 0x0000000080000CFC (0x00AE9E93) slli t4, t4, 0xa
x29 <- 0x0100FFFD55550000

mem[X,0x0000000080000D00] -> 0x7FBB
mem[X,0x0000000080000D02] -> 0xB1DF
[837] [M]: 0x0000000080000D00 (0xB1DF7FBB) pmulh.h.bo t6, t5, t4
x31 <- 0x0000FFFFFFFF0000

mem[X,0x0000000080000D04] -> 0xBC23
mem[X,0x0000000080000D06] -> 0x05F0
[838] [M]: 0x0000000080000D04 (0x05F0BC23) sd t6, 0x58(ra)
mem[0x0000000080004250] <- 0x0000FFFFFFFF0000

mem[X,0x0000000080000D08] -> 0x0F37
mem[X,0x0000000080000D0A] -> 0x0801
[839] [M]: 0x0000000080000D08 (0x08010F37) lui t5, 0x8010
x30 <- 0x0000000008010000

mem[X,0x0000000080000D0C] -> 0x0F13
mem[X,0x0000000080000D0E] -> 0xFFEF
[840] [M]: 0x0000000080000D0C (0xFFEF0F13) addi t5, t5, -0x2
x30 <- 0x000000000800FFFE

mem[X,0x0000000080000D10] -> 0x1F13
mem[X,0x0000000080000D12] -> 0x00BF
[841] [M]: 0x0000000080000D10 (0x00BF1F13) slli t5, t5, 0xb
x30 <- 0x0000004007FFF000

mem[X,0x0000000080000D14] -> 0x0F13
mem[X,0x0000000080000D16] -> 0x7FFF
[842] [M]: 0x0000000080000D14 (0x7FFF0F13) addi t5, t5, 0x7ff
x30 <- 0x0000004007FFF7FF

mem[X,0x0000000080000D18] -> 0x1F13
mem[X,0x0000000080000D1A] -> 0x00BF
[843] [M]: 0x0000000080000D18 (0x00BF1F13) slli t5, t5, 0xb
x30 <- 0x0002003FFFBFF800

mem[X,0x0000000080000D1C] -> 0x0F13
mem[X,0x0000000080000D1E] -> 0x7FFF
[844] [M]: 0x0000000080000D1C (0x7FFF0F13) addi t5, t5, 0x7ff
x30 <- 0x0002003FFFBFFFFF

mem[X,0x0000000080000D20] -> 0x1F13
mem[X,0x0000000080000D22] -> 0x00AF
[845] [M]: 0x0000000080000D20 (0x00AF1F13) slli t5, t5, 0xa
x30 <- 0x0800FFFEFFFFFC00

mem[X,0x0000000080000D24] -> 0x0F13
mem[X,0x0000000080000D26] -> 0x3FDF
[846] [M]: 0x0000000080000D24 (0x3FDF0F13) addi t5, t5, 0x3fd
x30 <- 0x0800FFFEFFFFFFFD

mem[X,0x0000000080000D28] -> 0x1EB7
mem[X,0x0000000080000D2A] -> 0x0200
[847] [M]: 0x0000000080000D28 (0x02001EB7) lui t4, 0x2001
x29 <- 0x0000000002001000

mem[X,0x0000000080000D2C] -> 0x8E93
mem[X,0x0000000080000D2E] -> 0x000E
[848] [M]: 0x0000000080000D2C (0x000E8E93) addi t4, t4, 0x0
x29 <- 0x0000000002001000

mem[X,0x0000000080000D30] -> 0x9E93
mem[X,0x0000000080000D32] -> 0x00BE
[849] [M]: 0x0000000080000D30 (0x00BE9E93) slli t4, t4, 0xb
x29 <- 0x0000001000800000

mem[X,0x0000000080000D34] -> 0x8E93
mem[X,0x0000000080000D36] -> 0x002E
[850] [M]: 0x0000000080000D34 (0x002E8E93) addi t4, t4, 0x2
x29 <- 0x0000001000800002

mem[X,0x0000000080000D38] -> 0x9E93
mem[X,0x0000000080000D3A] -> 0x00BE
[851] [M]: 0x0000000080000D38 (0x00BE9E93) slli t4, t4, 0xb
x29 <- 0x0000800400001000

mem[X,0x0000000080000D3C] -> 0x8E93
mem[X,0x0000000080000D3E] -> 0x000E
[852] [M]: 0x0000000080000D3C (0x000E8E93) addi t4, t4, 0x0
x29 <- 0x0000800400001000

mem[X,0x0000000080000D40] -> 0x9E93
mem[X,0x0000000080000D42] -> 0x00AE
[853] [M]: 0x0000000080000D40 (0x00AE9E93) slli t4, t4, 0xa
x29 <- 0x0200100000400000

mem[X,0x0000000080000D44] -> 0x8E93
mem[X,0x0000000080000D46] -> 0x001E
[854] [M]: 0x0000000080000D44 (0x001E8E93) addi t4, t4, 0x1
x29 <- 0x0200100000400001

mem[X,0x0000000080000D48] -> 0x7FBB
mem[X,0x0000000080000D4A] -> 0xB1DF
[855] [M]: 0x0000000080000D48 (0xB1DF7FBB) pmulh.h.bo t6, t5, t4
x31 <- 0x0000FFFF00000000

mem[X,0x0000000080000D4C] -> 0xB023
mem[X,0x0000000080000D4E] -> 0x07F0
[856] [M]: 0x0000000080000D4C (0x07F0B023) sd t6, 0x60(ra)
mem[0x0000000080004258] <- 0x0000FFFF00000000

mem[X,0x0000000080000D50] -> 0x0F37
mem[X,0x0000000080000D52] -> 0x0003
[857] [M]: 0x0000000080000D50 (0x00030F37) lui t5, 0x30
x30 <- 0x0000000000030000

mem[X,0x0000000080000D54] -> 0x0F13
mem[X,0x0000000080000D56] -> 0x010F
[858] [M]: 0x0000000080000D54 (0x010F0F13) addi t5, t5, 0x10
x30 <- 0x0000000000030010

mem[X,0x0000000080000D58] -> 0x1F13
mem[X,0x0000000080000D5A] -> 0x00BF
[859] [M]: 0x0000000080000D58 (0x00BF1F13) slli t5, t5, 0xb
x30 <- 0x0000000018008000

mem[X,0x0000000080000D5C] -> 0x0F13
mem[X,0x0000000080000D5E] -> 0x7DFF
[860] [M]: 0x0000000080000D5C (0x7DFF0F13) addi t5, t5, 0x7df
x30 <- 0x00000000180087DF

mem[X,0x0000000080000D60] -> 0x1F13
mem[X,0x0000000080000D62] -> 0x00BF
[861] [M]: 0x0000000080000D60 (0x00BF1F13) slli t5, t5, 0xb
x30 <- 0x000000C0043EF800

mem[X,0x0000000080000D64] -> 0x0F13
mem[X,0x0000000080000D66] -> 0x7FFF
[862] [M]: 0x0000000080000D64 (0x7FFF0F13) addi t5, t5, 0x7ff
x30 <- 0x000000C0043EFFFF

mem[X,0x0000000080000D68] -> 0x1F13
mem[X,0x0000000080000D6A] -> 0x00AF
[863] [M]: 0x0000000080000D68 (0x00AF1F13) slli t5, t5, 0xa
x30 <- 0x00030010FBFFFC00

mem[X,0x0000000080000D6C] -> 0x0F13
mem[X,0x0000000080000D6E] -> 0x3FBF
[864] [M]: 0x0000000080000D6C (0x3FBF0F13) addi t5, t5, 0x3fb
x30 <- 0x00030010FBFFFFFB

mem[X,0x0000000080000D70] -> 0x0EB7
mem[X,0x0000000080000D72] -> 0x0801
[865] [M]: 0x0000000080000D70 (0x08010EB7) lui t4, 0x8010
x29 <- 0x0000000008010000

mem[X,0x0000000080000D74] -> 0x8E93
mem[X,0x0000000080000D76] -> 0xFF7E
[866] [M]: 0x0000000080000D74 (0xFF7E8E93) addi t4, t4, -0x9
x29 <- 0x000000000800FFF7

mem[X,0x0000000080000D78] -> 0x9E93
mem[X,0x0000000080000D7A] -> 0x00BE
[867] [M]: 0x0000000080000D78 (0x00BE9E93) slli t4, t4, 0xb
x29 <- 0x0000004007FFB800

mem[X,0x0000000080000D7C] -> 0x8E93
mem[X,0x0000000080000D7E] -> 0x000E
[868] [M]: 0x0000000080000D7C (0x000E8E93) addi t4, t4, 0x0
x29 <- 0x0000004007FFB800

mem[X,0x0000000080000D80] -> 0x9E93
mem[X,0x0000000080000D82] -> 0x00BE
[869] [M]: 0x0000000080000D80 (0x00BE9E93) slli t4, t4, 0xb
x29 <- 0x0002003FFDC00000

mem[X,0x0000000080000D84] -> 0x8E93
mem[X,0x0000000080000D86] -> 0x077E
[870] [M]: 0x0000000080000D84 (0x077E8E93) addi t4, t4, 0x77
x29 <- 0x0002003FFDC00077

mem[X,0x0000000080000D88] -> 0x9E93
mem[X,0x0000000080000D8A] -> 0x00AE
[871] [M]: 0x0000000080000D88 (0x00AE9E93) slli t4, t4, 0xa
x29 <- 0x0800FFF70001DC00

mem[X,0x0000000080000D8C] -> 0x8E93
mem[X,0x0000000080000D8E] -> 0x3FFE
[872] [M]: 0x0000000080000D8C (0x3FFE8E93) addi t4, t4, 0x3ff
x29 <- 0x0800FFF70001DFFF

mem[X,0x0000000080000D90] -> 0x7FBB
mem[X,0x0000000080000D92] -> 0xB1DF
[873] [M]: 0x0000000080000D90 (0xB1DF7FBB) pmulh.h.bo t6, t5, t4
x31 <- 0x0000FFFF00000000

mem[X,0x0000000080000D94] -> 0xB423
mem[X,0x0000000080000D96] -> 0x07F0
[874] [M]: 0x0000000080000D94 (0x07F0B423) sd t6, 0x68(ra)
mem[0x0000000080004260] <- 0x0000FFFF00000000

mem[X,0x0000000080000D98] -> 0x0F37
mem[X,0x0000000080000D9A] -> 0xFFFA
[875] [M]: 0x0000000080000D98 (0xFFFA0F37) lui t5, -0x60
x30 <- 0xFFFFFFFFFFFA0000

mem[X,0x0000000080000D9C] -> 0x0F13
mem[X,0x0000000080000D9E] -> 0xFDFF
[876] [M]: 0x0000000080000D9C (0xFDFF0F13) addi t5, t5, -0x21
x30 <- 0xFFFFFFFFFFF9FFDF

mem[X,0x0000000080000DA0] -> 0x1F13
mem[X,0x0000000080000DA2] -> 0x00BF
[877] [M]: 0x0000000080000DA0 (0x00BF1F13) slli t5, t5, 0xb
x30 <- 0xFFFFFFFFCFFEF800

mem[X,0x0000000080000DA4] -> 0x0F13
mem[X,0x0000000080000DA6] -> 0x6FFF
[878] [M]: 0x0000000080000DA4 (0x6FFF0F13) addi t5, t5, 0x6ff
x30 <- 0xFFFFFFFFCFFEFEFF

mem[X,0x0000000080000DA8] -> 0x1F13
mem[X,0x0000000080000DAA] -> 0x00BF
[879] [M]: 0x0000000080000DA8 (0x00BF1F13) slli t5, t5, 0xb
x30 <- 0xFFFFFE7FF7F7F800

mem[X,0x0000000080000DAC] -> 0x0F13
mem[X,0x0000000080000DAE] -> 0x7FEF
[880] [M]: 0x0000000080000DAC (0x7FEF0F13) addi t5, t5, 0x7fe
x30 <- 0xFFFFFE7FF7F7FFFE

mem[X,0x0000000080000DB0] -> 0x1F13
mem[X,0x0000000080000DB2] -> 0x00AF
[881] [M]: 0x0000000080000DB0 (0x00AF1F13) slli t5, t5, 0xa
x30 <- 0xFFF9FFDFDFFFF800

mem[X,0x0000000080000DB4] -> 0x0F13
mem[X,0x0000000080000DB6] -> 0x3FFF
[882] [M]: 0x0000000080000DB4 (0x3FFF0F13) addi t5, t5, 0x3ff
x30 <- 0xFFF9FFDFDFFFFBFF

mem[X,0x0000000080000DB8] -> 0x0EB7
mem[X,0x0000000080000DBA] -> 0x4000
[883] [M]: 0x0000000080000DB8 (0x40000EB7) lui t4, 0x40000
x29 <- 0x0000000040000000

mem[X,0x0000000080000DBC] -> 0x8E93
mem[X,0x0000000080000DBE] -> 0x001E
[884] [M]: 0x0000000080000DBC (0x001E8E93) addi t4, t4, 0x1
x29 <- 0x0000000040000001

mem[X,0x0000000080000DC0] -> 0x9E93
mem[X,0x0000000080000DC2] -> 0x00BE
[885] [M]: 0x0000000080000DC0 (0x00BE9E93) slli t4, t4, 0xb
x29 <- 0x0000020000000800

mem[X,0x0000000080000DC4] -> 0x8E93
mem[X,0x0000000080000DC6] -> 0x000E
[886] [M]: 0x0000000080000DC4 (0x000E8E93) addi t4, t4, 0x0
x29 <- 0x0000020000000800

mem[X,0x0000000080000DC8] -> 0x9E93
mem[X,0x0000000080000DCA] -> 0x00BE
[887] [M]: 0x0000000080000DC8 (0x00BE9E93) slli t4, t4, 0xb
x29 <- 0x0010000000400000

mem[X,0x0000000080000DCC] -> 0x8E93
mem[X,0x0000000080000DCE] -> 0x43DE
[888] [M]: 0x0000000080000DCC (0x43DE8E93) addi t4, t4, 0x43d
x29 <- 0x001000000040043D

mem[X,0x0000000080000DD0] -> 0x9E93
mem[X,0x0000000080000DD2] -> 0x00AE
[889] [M]: 0x0000000080000DD0 (0x00AE9E93) slli t4, t4, 0xa
x29 <- 0x400000010010F400

mem[X,0x0000000080000DD4] -> 0x8E93
mem[X,0x0000000080000DD6] -> 0x3FFE
[890] [M]: 0x0000000080000DD4 (0x3FFE8E93) addi t4, t4, 0x3ff
x29 <- 0x400000010010F7FF

mem[X,0x0000000080000DD8] -> 0x7FBB
mem[X,0x0000000080000DDA] -> 0xB1DF
[891] [M]: 0x0000000080000DD8 (0xB1DF7FBB) pmulh.h.bo t6, t5, t4
x31 <- 0xFFFF000000000000

mem[X,0x0000000080000DDC] -> 0xB823
mem[X,0x0000000080000DDE] -> 0x07F0
[892] [M]: 0x0000000080000DDC (0x07F0B823) sd t6, 0x70(ra)
mem[0x0000000080004268] <- 0xFFFF000000000000

mem[X,0x0000000080000DE0] -> 0xFF37
mem[X,0x0000000080000DE2] -> 0xFFF9
[893] [M]: 0x0000000080000DE0 (0xFFF9FF37) lui t5, -0x61
x30 <- 0xFFFFFFFFFFF9F000

mem[X,0x0000000080000DE4] -> 0x0F13
mem[X,0x0000000080000DE6] -> 0x7FFF
[894] [M]: 0x0000000080000DE4 (0x7FFF0F13) addi t5, t5, 0x7ff
x30 <- 0xFFFFFFFFFFF9F7FF

mem[X,0x0000000080000DE8] -> 0x1F13
mem[X,0x0000000080000DEA] -> 0x00BF
[895] [M]: 0x0000000080000DE8 (0x00BF1F13) slli t5, t5, 0xb
x30 <- 0xFFFFFFFFCFBFF800

mem[X,0x0000000080000DEC] -> 0x0F13
mem[X,0x0000000080000DEE] -> 0x100F
[896] [M]: 0x0000000080000DEC (0x100F0F13) addi t5, t5, 0x100
x30 <- 0xFFFFFFFFCFBFF900

mem[X,0x0000000080000DF0] -> 0x1F13
mem[X,0x0000000080000DF2] -> 0x00BF
[897] [M]: 0x0000000080000DF0 (0x00BF1F13) slli t5, t5, 0xb
x30 <- 0xFFFFFE7DFFC80000

mem[X,0x0000000080000DF4] -> 0x0F13
mem[X,0x0000000080000DF6] -> 0x002F
[898] [M]: 0x0000000080000DF4 (0x002F0F13) addi t5, t5, 0x2
x30 <- 0xFFFFFE7DFFC80002

mem[X,0x0000000080000DF8] -> 0x1F13
mem[X,0x0000000080000DFA] -> 0x00AF
[899] [M]: 0x0000000080000DF8 (0x00AF1F13) slli t5, t5, 0xa
x30 <- 0xFFF9F7FF20000800

clint::tick mtime <- 0x0000000000000009
 clint timer pending at mtime 0x0000000000000009
htif::tick 0x0000000000000000
mem[X,0x0000000080000DFC] -> 0xFEB7
mem[X,0x0000000080000DFE] -> 0xFFFE
[900] [M]: 0x0000000080000DFC (0xFFFEFEB7) lui t4, -0x11
x29 <- 0xFFFFFFFFFFFEF000

mem[X,0x0000000080000E00] -> 0x8E93
mem[X,0x0000000080000E02] -> 0xFFFE
[901] [M]: 0x0000000080000E00 (0xFFFE8E93) addi t4, t4, -0x1
x29 <- 0xFFFFFFFFFFFEEFFF

mem[X,0x0000000080000E04] -> 0x9E93
mem[X,0x0000000080000E06] -> 0x00BE
[902] [M]: 0x0000000080000E04 (0x00BE9E93) slli t4, t4, 0xb
x29 <- 0xFFFFFFFFF77FF800

mem[X,0x0000000080000E08] -> 0x8E93
mem[X,0x0000000080000E0A] -> 0x600E
[903] [M]: 0x0000000080000E08 (0x600E8E93) addi t4, t4, 0x600
x29 <- 0xFFFFFFFFF77FFE00

mem[X,0x0000000080000E0C] -> 0x9E93
mem[X,0x0000000080000E0E] -> 0x00BE
[904] [M]: 0x0000000080000E0C (0x00BE9E93) slli t4, t4, 0xb
x29 <- 0xFFFFFFBBFFF00000

mem[X,0x0000000080000E10] -> 0x8E93
mem[X,0x0000000080000E12] -> 0x02FE
[905] [M]: 0x0000000080000E10 (0x02FE8E93) addi t4, t4, 0x2f
x29 <- 0xFFFFFFBBFFF0002F

mem[X,0x0000000080000E14] -> 0x9E93
mem[X,0x0000000080000E16] -> 0x00AE
[906] [M]: 0x0000000080000E14 (0x00AE9E93) slli t4, t4, 0xa
x29 <- 0xFFFEEFFFC000BC00

mem[X,0x0000000080000E18] -> 0x8E93
mem[X,0x0000000080000E1A] -> 0x3FFE
[907] [M]: 0x0000000080000E18 (0x3FFE8E93) addi t4, t4, 0x3ff
x29 <- 0xFFFEEFFFC000BFFF

mem[X,0x0000000080000E1C] -> 0x7FBB
mem[X,0x0000000080000E1E] -> 0xB1DF
[908] [M]: 0x0000000080000E1C (0xB1DF7FBB) pmulh.h.bo t6, t5, t4
x31 <- 0x00000000FFF8FFFD

mem[X,0x0000000080000E20] -> 0xBC23
mem[X,0x0000000080000E22] -> 0x07F0
[909] [M]: 0x0000000080000E20 (0x07F0BC23) sd t6, 0x78(ra)
mem[0x0000000080004270] <- 0x00000000FFF8FFFD

mem[X,0x0000000080000E24] -> 0x4F37
mem[X,0x0000000080000E26] -> 0x7FFF
[910] [M]: 0x0000000080000E24 (0x7FFF4F37) lui t5, 0x7fff4
x30 <- 0x000000007FFF4000

mem[X,0x0000000080000E28] -> 0x0F13
mem[X,0x0000000080000E2A] -> 0xFFFF
[911] [M]: 0x0000000080000E28 (0xFFFF0F13) addi t5, t5, -0x1
x30 <- 0x000000007FFF3FFF

mem[X,0x0000000080000E2C] -> 0x1F13
mem[X,0x0000000080000E2E] -> 0x00BF
[912] [M]: 0x0000000080000E2C (0x00BF1F13) slli t5, t5, 0xb
x30 <- 0x000003FFF9FFF800

mem[X,0x0000000080000E30] -> 0x0F13
mem[X,0x0000000080000E32] -> 0x000F
[913] [M]: 0x0000000080000E30 (0x000F0F13) addi t5, t5, 0x0
x30 <- 0x000003FFF9FFF800

mem[X,0x0000000080000E34] -> 0x1F13
mem[X,0x0000000080000E36] -> 0x00BF
[914] [M]: 0x0000000080000E34 (0x00BF1F13) slli t5, t5, 0xb
x30 <- 0x001FFFCFFFC00000

mem[X,0x0000000080000E38] -> 0x0F13
mem[X,0x0000000080000E3A] -> 0x0F7F
[915] [M]: 0x0000000080000E38 (0x0F7F0F13) addi t5, t5, 0xf7
x30 <- 0x001FFFCFFFC000F7

mem[X,0x0000000080000E3C] -> 0x1F13
mem[X,0x0000000080000E3E] -> 0x00AF
[916] [M]: 0x0000000080000E3C (0x00AF1F13) slli t5, t5, 0xa
x30 <- 0x7FFF3FFF0003DC00

mem[X,0x0000000080000E40] -> 0x0F13
mem[X,0x0000000080000E42] -> 0x3FFF
[917] [M]: 0x0000000080000E40 (0x3FFF0F13) addi t5, t5, 0x3ff
x30 <- 0x7FFF3FFF0003DFFF

mem[X,0x0000000080000E44] -> 0x0EB7
mem[X,0x0000000080000E46] -> 0xFFFC
[918] [M]: 0x0000000080000E44 (0xFFFC0EB7) lui t4, -0x40
x29 <- 0xFFFFFFFFFFFC0000

mem[X,0x0000000080000E48] -> 0x8E93
mem[X,0x0000000080000E4A] -> 0xFFDE
[919] [M]: 0x0000000080000E48 (0xFFDE8E93) addi t4, t4, -0x3
x29 <- 0xFFFFFFFFFFFBFFFD

mem[X,0x0000000080000E4C] -> 0x9E93
mem[X,0x0000000080000E4E] -> 0x00BE
[920] [M]: 0x0000000080000E4C (0x00BE9E93) slli t4, t4, 0xb
x29 <- 0xFFFFFFFFDFFFE800

mem[X,0x0000000080000E50] -> 0x8E93
mem[X,0x0000000080000E52] -> 0x000E
[921] [M]: 0x0000000080000E50 (0x000E8E93) addi t4, t4, 0x0
x29 <- 0xFFFFFFFFDFFFE800

mem[X,0x0000000080000E54] -> 0x9E93
mem[X,0x0000000080000E56] -> 0x00BE
[922] [M]: 0x0000000080000E54 (0x00BE9E93) slli t4, t4, 0xb
x29 <- 0xFFFFFEFFFF400000

mem[X,0x0000000080000E58] -> 0x8E93
mem[X,0x0000000080000E5A] -> 0x07FE
[923] [M]: 0x0000000080000E58 (0x07FE8E93) addi t4, t4, 0x7f
x29 <- 0xFFFFFEFFFF40007F

mem[X,0x0000000080000E5C] -> 0x9E93
mem[X,0x0000000080000E5E] -> 0x00AE
[924] [M]: 0x0000000080000E5C (0x00AE9E93) slli t4, t4, 0xa
x29 <- 0xFFFBFFFD0001FC00

mem[X,0x0000000080000E60] -> 0x8E93
mem[X,0x0000000080000E62] -> 0x3F7E
[925] [M]: 0x0000000080000E60 (0x3F7E8E93) addi t4, t4, 0x3f7
x29 <- 0xFFFBFFFD0001FFF7

mem[X,0x0000000080000E64] -> 0x7FBB
mem[X,0x0000000080000E66] -> 0xB1DF
[926] [M]: 0x0000000080000E64 (0xB1DF7FBB) pmulh.h.bo t6, t5, t4
x31 <- 0xFFFFFFFF00000000

mem[X,0x0000000080000E68] -> 0xB023
mem[X,0x0000000080000E6A] -> 0x09F0
[927] [M]: 0x0000000080000E68 (0x09F0B023) sd t6, 0x80(ra)
mem[0x0000000080004278] <- 0xFFFFFFFF00000000

mem[X,0x0000000080000E6C] -> 0x0F37
mem[X,0x0000000080000E6E] -> 0xFF7F
[928] [M]: 0x0000000080000E6C (0xFF7F0F37) lui t5, -0x810
x30 <- 0xFFFFFFFFFF7F0000

mem[X,0x0000000080000E70] -> 0x0F13
mem[X,0x0000000080000E72] -> 0x002F
[929] [M]: 0x0000000080000E70 (0x002F0F13) addi t5, t5, 0x2
x30 <- 0xFFFFFFFFFF7F0002

mem[X,0x0000000080000E74] -> 0x1F13
mem[X,0x0000000080000E76] -> 0x00BF
[930] [M]: 0x0000000080000E74 (0x00BF1F13) slli t5, t5, 0xb
x30 <- 0xFFFFFFFBF8001000

mem[X,0x0000000080000E78] -> 0x0F13
mem[X,0x0000000080000E7A] -> 0x100F
[931] [M]: 0x0000000080000E78 (0x100F0F13) addi t5, t5, 0x100
x30 <- 0xFFFFFFFBF8001100

mem[X,0x0000000080000E7C] -> 0x1F13
mem[X,0x0000000080000E7E] -> 0x00BF
[932] [M]: 0x0000000080000E7C (0x00BF1F13) slli t5, t5, 0xb
x30 <- 0xFFFFDFC000880000

mem[X,0x0000000080000E80] -> 0x0F13
mem[X,0x0000000080000E82] -> 0x000F
[933] [M]: 0x0000000080000E80 (0x000F0F13) addi t5, t5, 0x0
x30 <- 0xFFFFDFC000880000

mem[X,0x0000000080000E84] -> 0x1F13
mem[X,0x0000000080000E86] -> 0x00AF
[934] [M]: 0x0000000080000E84 (0x00AF1F13) slli t5, t5, 0xa
x30 <- 0xFF7F000220000000

mem[X,0x0000000080000E88] -> 0x0F13
mem[X,0x0000000080000E8A] -> 0x007F
[935] [M]: 0x0000000080000E88 (0x007F0F13) addi t5, t5, 0x7
x30 <- 0xFF7F000220000007

mem[X,0x0000000080000E8C] -> 0x0EB7
mem[X,0x0000000080000E8E] -> 0xFFE0
[936] [M]: 0x0000000080000E8C (0xFFE00EB7) lui t4, -0x200
x29 <- 0xFFFFFFFFFFE00000

mem[X,0x0000000080000E90] -> 0x8E93
mem[X,0x0000000080000E92] -> 0xFF8E
[937] [M]: 0x0000000080000E90 (0xFF8E8E93) addi t4, t4, -0x8
x29 <- 0xFFFFFFFFFFDFFFF8

mem[X,0x0000000080000E94] -> 0x9E93
mem[X,0x0000000080000E96] -> 0x00BE
[938] [M]: 0x0000000080000E94 (0x00BE9E93) slli t4, t4, 0xb
x29 <- 0xFFFFFFFEFFFFC000

mem[X,0x0000000080000E98] -> 0x8E93
mem[X,0x0000000080000E9A] -> 0x000E
[939] [M]: 0x0000000080000E98 (0x000E8E93) addi t4, t4, 0x0
x29 <- 0xFFFFFFFEFFFFC000

mem[X,0x0000000080000E9C] -> 0x9E93
mem[X,0x0000000080000E9E] -> 0x00BE
[940] [M]: 0x0000000080000E9C (0x00BE9E93) slli t4, t4, 0xb
x29 <- 0xFFFFF7FFFE000000

mem[X,0x0000000080000EA0] -> 0x8E93
mem[X,0x0000000080000EA2] -> 0x07FE
[941] [M]: 0x0000000080000EA0 (0x07FE8E93) addi t4, t4, 0x7f
x29 <- 0xFFFFF7FFFE00007F

mem[X,0x0000000080000EA4] -> 0x9E93
mem[X,0x0000000080000EA6] -> 0x00AE
[942] [M]: 0x0000000080000EA4 (0x00AE9E93) slli t4, t4, 0xa
x29 <- 0xFFDFFFF80001FC00

mem[X,0x0000000080000EA8] -> 0x8E93
mem[X,0x0000000080000EAA] -> 0x3BFE
[943] [M]: 0x0000000080000EA8 (0x3BFE8E93) addi t4, t4, 0x3bf
x29 <- 0xFFDFFFF80001FFBF

mem[X,0x0000000080000EAC] -> 0x7FBB
mem[X,0x0000000080000EAE] -> 0xB1DF
[944] [M]: 0x0000000080000EAC (0xB1DF7FBB) pmulh.h.bo t6, t5, t4
x31 <- 0x0000FFFF0000FFFF

mem[X,0x0000000080000EB0] -> 0xB423
mem[X,0x0000000080000EB2] -> 0x09F0
[945] [M]: 0x0000000080000EB0 (0x09F0B423) sd t6, 0x88(ra)
mem[0x0000000080004280] <- 0x0000FFFF0000FFFF

mem[X,0x0000000080000EB4] -> 0xEF37
mem[X,0x0000000080000EB6] -> 0x0005
[946] [M]: 0x0000000080000EB4 (0x0005EF37) lui t5, 0x5e
x30 <- 0x000000000005E000

mem[X,0x0000000080000EB8] -> 0x0F13
mem[X,0x0000000080000EBA] -> 0xFFFF
[947] [M]: 0x0000000080000EB8 (0xFFFF0F13) addi t5, t5, -0x1
x30 <- 0x000000000005DFFF

mem[X,0x0000000080000EBC] -> 0x1F13
mem[X,0x0000000080000EBE] -> 0x00BF
[948] [M]: 0x0000000080000EBC (0x00BF1F13) slli t5, t5, 0xb
x30 <- 0x000000002EFFF800

mem[X,0x0000000080000EC0] -> 0x0F13
mem[X,0x0000000080000EC2] -> 0x000F
[949] [M]: 0x0000000080000EC0 (0x000F0F13) addi t5, t5, 0x0
x30 <- 0x000000002EFFF800

mem[X,0x0000000080000EC4] -> 0x1F13
mem[X,0x0000000080000EC6] -> 0x00BF
[950] [M]: 0x0000000080000EC4 (0x00BF1F13) slli t5, t5, 0xb
x30 <- 0x00000177FFC00000

mem[X,0x0000000080000EC8] -> 0x0F13
mem[X,0x0000000080000ECA] -> 0x19FF
[951] [M]: 0x0000000080000EC8 (0x19FF0F13) addi t5, t5, 0x19f
x30 <- 0x00000177FFC0019F

mem[X,0x0000000080000ECC] -> 0x1F13
mem[X,0x0000000080000ECE] -> 0x00AF
[952] [M]: 0x0000000080000ECC (0x00AF1F13) slli t5, t5, 0xa
x30 <- 0x0005DFFF00067C00

mem[X,0x0000000080000ED0] -> 0x0F13
mem[X,0x0000000080000ED2] -> 0x3FFF
[953] [M]: 0x0000000080000ED0 (0x3FFF0F13) addi t5, t5, 0x3ff
x30 <- 0x0005DFFF00067FFF

mem[X,0x0000000080000ED4] -> 0x0EB7
mem[X,0x0000000080000ED6] -> 0xFFBF
[954] [M]: 0x0000000080000ED4 (0xFFBF0EB7) lui t4, -0x410
x29 <- 0xFFFFFFFFFFBF0000

mem[X,0x0000000080000ED8] -> 0x8E93
mem[X,0x0000000080000EDA] -> 0x004E
[955] [M]: 0x0000000080000ED8 (0x004E8E93) addi t4, t4, 0x4
x29 <- 0xFFFFFFFFFFBF0004

mem[X,0x0000000080000EDC] -> 0x9E93
mem[X,0x0000000080000EDE] -> 0x00BE
[956] [M]: 0x0000000080000EDC (0x00BE9E93) slli t4, t4, 0xb
x29 <- 0xFFFFFFFDF8002000

mem[X,0x0000000080000EE0] -> 0x8E93
mem[X,0x0000000080000EE2] -> 0x7FFE
[957] [M]: 0x0000000080000EE0 (0x7FFE8E93) addi t4, t4, 0x7ff
x29 <- 0xFFFFFFFDF80027FF

mem[X,0x0000000080000EE4] -> 0x9E93
mem[X,0x0000000080000EE6] -> 0x00BE
[958] [M]: 0x0000000080000EE4 (0x00BE9E93) slli t4, t4, 0xb
x29 <- 0xFFFFEFC0013FF800

mem[X,0x0000000080000EE8] -> 0x8E93
mem[X,0x0000000080000EEA] -> 0x73FE
[959] [M]: 0x0000000080000EE8 (0x73FE8E93) addi t4, t4, 0x73f
x29 <- 0xFFFFEFC0013FFF3F

mem[X,0x0000000080000EEC] -> 0x9E93
mem[X,0x0000000080000EEE] -> 0x00AE
[960] [M]: 0x0000000080000EEC (0x00AE9E93) slli t4, t4, 0xa
x29 <- 0xFFBF0004FFFCFC00

mem[X,0x0000000080000EF0] -> 0x8E93
mem[X,0x0000000080000EF2] -> 0x3F6E
[961] [M]: 0x0000000080000EF0 (0x3F6E8E93) addi t4, t4, 0x3f6
x29 <- 0xFFBF0004FFFCFFF6

mem[X,0x0000000080000EF4] -> 0x7FBB
mem[X,0x0000000080000EF6] -> 0xB1DF
[962] [M]: 0x0000000080000EF4 (0xB1DF7FBB) pmulh.h.bo t6, t5, t4
x31 <- 0xFFFF0000FFFFFFFF

mem[X,0x0000000080000EF8] -> 0xB823
mem[X,0x0000000080000EFA] -> 0x09F0
[963] [M]: 0x0000000080000EF8 (0x09F0B823) sd t6, 0x90(ra)
mem[0x0000000080004288] <- 0xFFFF0000FFFFFFFF

mem[X,0x0000000080000EFC] -> 0xEF37
mem[X,0x0000000080000EFE] -> 0xFFF6
[964] [M]: 0x0000000080000EFC (0xFFF6EF37) lui t5, -0x92
x30 <- 0xFFFFFFFFFFF6E000

mem[X,0x0000000080000F00] -> 0x0F13
mem[X,0x0000000080000F02] -> 0xFFFF
[965] [M]: 0x0000000080000F00 (0xFFFF0F13) addi t5, t5, -0x1
x30 <- 0xFFFFFFFFFFF6DFFF

mem[X,0x0000000080000F04] -> 0x1F13
mem[X,0x0000000080000F06] -> 0x00BF
[966] [M]: 0x0000000080000F04 (0x00BF1F13) slli t5, t5, 0xb
x30 <- 0xFFFFFFFFB6FFF800

mem[X,0x0000000080000F08] -> 0x0F13
mem[X,0x0000000080000F0A] -> 0x040F
[967] [M]: 0x0000000080000F08 (0x040F0F13) addi t5, t5, 0x40
x30 <- 0xFFFFFFFFB6FFF840

mem[X,0x0000000080000F0C] -> 0x1F13
mem[X,0x0000000080000F0E] -> 0x00BF
[968] [M]: 0x0000000080000F0C (0x00BF1F13) slli t5, t5, 0xb
x30 <- 0xFFFFFDB7FFC20000

mem[X,0x0000000080000F10] -> 0x0F13
mem[X,0x0000000080000F12] -> 0x000F
[969] [M]: 0x0000000080000F10 (0x000F0F13) addi t5, t5, 0x0
x30 <- 0xFFFFFDB7FFC20000

mem[X,0x0000000080000F14] -> 0x1F13
mem[X,0x0000000080000F16] -> 0x00AF
[970] [M]: 0x0000000080000F14 (0x00AF1F13) slli t5, t5, 0xa
x30 <- 0xFFF6DFFF08000000

mem[X,0x0000000080000F18] -> 0x0F13
mem[X,0x0000000080000F1A] -> 0x003F
[971] [M]: 0x0000000080000F18 (0x003F0F13) addi t5, t5, 0x3
x30 <- 0xFFF6DFFF08000003

mem[X,0x0000000080000F1C] -> 0x0EB7
mem[X,0x0000000080000F1E] -> 0xFF7F
[972] [M]: 0x0000000080000F1C (0xFF7F0EB7) lui t4, -0x810
x29 <- 0xFFFFFFFFFF7F0000

mem[X,0x0000000080000F20] -> 0x8E93
mem[X,0x0000000080000F22] -> 0x200E
[973] [M]: 0x0000000080000F20 (0x200E8E93) addi t4, t4, 0x200
x29 <- 0xFFFFFFFFFF7F0200

mem[X,0x0000000080000F24] -> 0x9E93
mem[X,0x0000000080000F26] -> 0x00BE
[974] [M]: 0x0000000080000F24 (0x00BE9E93) slli t4, t4, 0xb
x29 <- 0xFFFFFFFBF8100000

mem[X,0x0000000080000F28] -> 0x8E93
mem[X,0x0000000080000F2A] -> 0x7FFE
[975] [M]: 0x0000000080000F28 (0x7FFE8E93) addi t4, t4, 0x7ff
x29 <- 0xFFFFFFFBF81007FF

mem[X,0x0000000080000F2C] -> 0x9E93
mem[X,0x0000000080000F2E] -> 0x00BE
[976] [M]: 0x0000000080000F2C (0x00BE9E93) slli t4, t4, 0xb
x29 <- 0xFFFFDFC0803FF800

mem[X,0x0000000080000F30] -> 0x8E93
mem[X,0x0000000080000F32] -> 0x700E
[977] [M]: 0x0000000080000F30 (0x700E8E93) addi t4, t4, 0x700
x29 <- 0xFFFFDFC0803FFF00

mem[X,0x0000000080000F34] -> 0x9E93
mem[X,0x0000000080000F36] -> 0x00AE
[978] [M]: 0x0000000080000F34 (0x00AE9E93) slli t4, t4, 0xa
x29 <- 0xFF7F0200FFFC0000

mem[X,0x0000000080000F38] -> 0x8E93
mem[X,0x0000000080000F3A] -> 0x004E
[979] [M]: 0x0000000080000F38 (0x004E8E93) addi t4, t4, 0x4
x29 <- 0xFF7F0200FFFC0004

mem[X,0x0000000080000F3C] -> 0x7FBB
mem[X,0x0000000080000F3E] -> 0xB1DF
[980] [M]: 0x0000000080000F3C (0xB1DF7FBB) pmulh.h.bo t6, t5, t4
x31 <- 0x0000FFFFFFFF0000

mem[X,0x0000000080000F40] -> 0xBC23
mem[X,0x0000000080000F42] -> 0x09F0
[981] [M]: 0x0000000080000F40 (0x09F0BC23) sd t6, 0x98(ra)
mem[0x0000000080004290] <- 0x0000FFFFFFFF0000

mem[X,0x0000000080000F44] -> 0x0F37
mem[X,0x0000000080000F46] -> 0xFFF6
[982] [M]: 0x0000000080000F44 (0xFFF60F37) lui t5, -0xa0
x30 <- 0xFFFFFFFFFFF60000

mem[X,0x0000000080000F48] -> 0x0F13
mem[X,0x0000000080000F4A] -> 0x010F
[983] [M]: 0x0000000080000F48 (0x010F0F13) addi t5, t5, 0x10
x30 <- 0xFFFFFFFFFFF60010

mem[X,0x0000000080000F4C] -> 0x1F13
mem[X,0x0000000080000F4E] -> 0x00BF
[984] [M]: 0x0000000080000F4C (0x00BF1F13) slli t5, t5, 0xb
x30 <- 0xFFFFFFFFB0008000

mem[X,0x0000000080000F50] -> 0x0F13
mem[X,0x0000000080000F52] -> 0x7FFF
[985] [M]: 0x0000000080000F50 (0x7FFF0F13) addi t5, t5, 0x7ff
x30 <- 0xFFFFFFFFB00087FF

mem[X,0x0000000080000F54] -> 0x1F13
mem[X,0x0000000080000F56] -> 0x00BF
[986] [M]: 0x0000000080000F54 (0x00BF1F13) slli t5, t5, 0xb
x30 <- 0xFFFFFD80043FF800

mem[X,0x0000000080000F58] -> 0x0F13
mem[X,0x0000000080000F5A] -> 0x67FF
[987] [M]: 0x0000000080000F58 (0x67FF0F13) addi t5, t5, 0x67f
x30 <- 0xFFFFFD80043FFE7F

mem[X,0x0000000080000F5C] -> 0x1F13
mem[X,0x0000000080000F5E] -> 0x00AF
[988] [M]: 0x0000000080000F5C (0x00AF1F13) slli t5, t5, 0xa
x30 <- 0xFFF60010FFF9FC00

mem[X,0x0000000080000F60] -> 0x0F13
mem[X,0x0000000080000F62] -> 0x3FEF
[989] [M]: 0x0000000080000F60 (0x3FEF0F13) addi t5, t5, 0x3fe
x30 <- 0xFFF60010FFF9FFFE

mem[X,0x0000000080000F64] -> 0x8EB7
mem[X,0x0000000080000F66] -> 0xDFFF
[990] [M]: 0x0000000080000F64 (0xDFFF8EB7) lui t4, -0x20008
x29 <- 0xFFFFFFFFDFFF8000

mem[X,0x0000000080000F68] -> 0x8E93
mem[X,0x0000000080000F6A] -> 0x000E
[991] [M]: 0x0000000080000F68 (0x000E8E93) addi t4, t4, 0x0
x29 <- 0xFFFFFFFFDFFF8000

mem[X,0x0000000080000F6C] -> 0x9E93
mem[X,0x0000000080000F6E] -> 0x00BE
[992] [M]: 0x0000000080000F6C (0x00BE9E93) slli t4, t4, 0xb
x29 <- 0xFFFFFEFFFC000000

mem[X,0x0000000080000F70] -> 0x8E93
mem[X,0x0000000080000F72] -> 0x7FFE
[993] [M]: 0x0000000080000F70 (0x7FFE8E93) addi t4, t4, 0x7ff
x29 <- 0xFFFFFEFFFC0007FF

mem[X,0x0000000080000F74] -> 0x9E93
mem[X,0x0000000080000F76] -> 0x00BE
[994] [M]: 0x0000000080000F74 (0x00BE9E93) slli t4, t4, 0xb
x29 <- 0xFFF7FFE0003FF800

mem[X,0x0000000080000F78] -> 0x8E93
mem[X,0x0000000080000F7A] -> 0x640E
[995] [M]: 0x0000000080000F78 (0x640E8E93) addi t4, t4, 0x640
x29 <- 0xFFF7FFE0003FFE40

mem[X,0x0000000080000F7C] -> 0x9E93
mem[X,0x0000000080000F7E] -> 0x00AE
[996] [M]: 0x0000000080000F7C (0x00AE9E93) slli t4, t4, 0xa
x29 <- 0xDFFF8000FFF90000

mem[X,0x0000000080000F80] -> 0x8E93
mem[X,0x0000000080000F82] -> 0x004E
[997] [M]: 0x0000000080000F80 (0x004E8E93) addi t4, t4, 0x4
x29 <- 0xDFFF8000FFF90004

mem[X,0x0000000080000F84] -> 0x7FBB
mem[X,0x0000000080000F86] -> 0xB1DF
[998] [M]: 0x0000000080000F84 (0xB1DF7FBB) pmulh.h.bo t6, t5, t4
x31 <- 0x0000FFFF00000000

mem[X,0x0000000080000F88] -> 0xB023
mem[X,0x0000000080000F8A] -> 0x0BF0
[999] [M]: 0x0000000080000F88 (0x0BF0B023) sd t6, 0xa0(ra)
mem[0x0000000080004298] <- 0x0000FFFF00000000

clint::tick mtime <- 0x000000000000000A
 clint timer pending at mtime 0x000000000000000A
htif::tick 0x0000000000000000
mem[X,0x0000000080000F8C] -> 0x5F37
mem[X,0x0000000080000F8E] -> 0xFFF9
[1000] [M]: 0x0000000080000F8C (0xFFF95F37) lui t5, -0x6b
x30 <- 0xFFFFFFFFFFF95000

mem[X,0x0000000080000F90] -> 0x0F13
mem[X,0x0000000080000F92] -> 0x555F
[1001] [M]: 0x0000000080000F90 (0x555F0F13) addi t5, t5, 0x555
x30 <- 0xFFFFFFFFFFF95555

mem[X,0x0000000080000F94] -> 0x1F13
mem[X,0x0000000080000F96] -> 0x00BF
[1002] [M]: 0x0000000080000F94 (0x00BF1F13) slli t5, t5, 0xb
x30 <- 0xFFFFFFFFCAAAA800

mem[X,0x0000000080000F98] -> 0x0F13
mem[X,0x0000000080000F9A] -> 0x7FDF
[1003] [M]: 0x0000000080000F98 (0x7FDF0F13) addi t5, t5, 0x7fd
x30 <- 0xFFFFFFFFCAAAAFFD

mem[X,0x0000000080000F9C] -> 0x1F13
mem[X,0x0000000080000F9E] -> 0x00BF
[1004] [M]: 0x0000000080000F9C (0x00BF1F13) slli t5, t5, 0xb
x30 <- 0xFFFFFE55557FE800

mem[X,0x0000000080000FA0] -> 0x0F13
mem[X,0x0000000080000FA2] -> 0x7C1F
[1005] [M]: 0x0000000080000FA0 (0x7C1F0F13) addi t5, t5, 0x7c1
x30 <- 0xFFFFFE55557FEFC1

mem[X,0x0000000080000FA4] -> 0x1F13
mem[X,0x0000000080000FA6] -> 0x00AF
[1006] [M]: 0x0000000080000FA4 (0x00AF1F13) slli t5, t5, 0xa
x30 <- 0xFFF95555FFBF0400

mem[X,0x0000000080000FA8] -> 0x0EB7
mem[X,0x0000000080000FAA] -> 0x5556
[1007] [M]: 0x0000000080000FA8 (0x55560EB7) lui t4, 0x55560
x29 <- 0x0000000055560000

mem[X,0x0000000080000FAC] -> 0x8E93
mem[X,0x0000000080000FAE] -> 0xFF8E
[1008] [M]: 0x0000000080000FAC (0xFF8E8E93) addi t4, t4, -0x8
x29 <- 0x000000005555FFF8

mem[X,0x0000000080000FB0] -> 0x9E93
mem[X,0x0000000080000FB2] -> 0x00BE
[1009] [M]: 0x0000000080000FB0 (0x00BE9E93) slli t4, t4, 0xb
x29 <- 0x000002AAAFFFC000

mem[X,0x0000000080000FB4] -> 0x8E93
mem[X,0x0000000080000FB6] -> 0x000E
[1010] [M]: 0x0000000080000FB4 (0x000E8E93) addi t4, t4, 0x0
x29 <- 0x000002AAAFFFC000

mem[X,0x0000000080000FB8] -> 0x9E93
mem[X,0x0000000080000FBA] -> 0x00BE
[1011] [M]: 0x0000000080000FB8 (0x00BE9E93) slli t4, t4, 0xb
x29 <- 0x0015557FFE000000

mem[X,0x0000000080000FBC] -> 0x8E93
mem[X,0x0000000080000FBE] -> 0x180E
[1012] [M]: 0x0000000080000FBC (0x180E8E93) addi t4, t4, 0x180
x29 <- 0x0015557FFE000180

mem[X,0x0000000080000FC0] -> 0x9E93
mem[X,0x0000000080000FC2] -> 0x00AE
[1013] [M]: 0x0000000080000FC0 (0x00AE9E93) slli t4, t4, 0xa
x29 <- 0x5555FFF800060000

mem[X,0x0000000080000FC4] -> 0x8E93
mem[X,0x0000000080000FC6] -> 0x008E
[1014] [M]: 0x0000000080000FC4 (0x008E8E93) addi t4, t4, 0x8
x29 <- 0x5555FFF800060008

mem[X,0x0000000080000FC8] -> 0x7FBB
mem[X,0x0000000080000FCA] -> 0xB1DF
[1015] [M]: 0x0000000080000FC8 (0xB1DF7FBB) pmulh.h.bo t6, t5, t4
x31 <- 0xFFFFFFFF00000000

mem[X,0x0000000080000FCC] -> 0xB423
mem[X,0x0000000080000FCE] -> 0x0BF0
[1016] [M]: 0x0000000080000FCC (0x0BF0B423) sd t6, 0xa8(ra)
mem[0x00000000800042A0] <- 0xFFFFFFFF00000000

mem[X,0x0000000080000FD0] -> 0x0F37
mem[X,0x0000000080000FD2] -> 0x0040
[1017] [M]: 0x0000000080000FD0 (0x00400F37) lui t5, 0x400
x30 <- 0x0000000000400000

mem[X,0x0000000080000FD4] -> 0x0F13
mem[X,0x0000000080000FD6] -> 0x007F
[1018] [M]: 0x0000000080000FD4 (0x007F0F13) addi t5, t5, 0x7
x30 <- 0x0000000000400007

mem[X,0x0000000080000FD8] -> 0x1F13
mem[X,0x0000000080000FDA] -> 0x00BF
[1019] [M]: 0x0000000080000FD8 (0x00BF1F13) slli t5, t5, 0xb
x30 <- 0x0000000200003800

mem[X,0x0000000080000FDC] -> 0x0F13
mem[X,0x0000000080000FDE] -> 0x7FFF
[1020] [M]: 0x0000000080000FDC (0x7FFF0F13) addi t5, t5, 0x7ff
x30 <- 0x0000000200003FFF

mem[X,0x0000000080000FE0] -> 0x1F13
mem[X,0x0000000080000FE2] -> 0x00BF
[1021] [M]: 0x0000000080000FE0 (0x00BF1F13) slli t5, t5, 0xb
x30 <- 0x0000100001FFF800

mem[X,0x0000000080000FE4] -> 0x0F13
mem[X,0x0000000080000FE6] -> 0x3FFF
[1022] [M]: 0x0000000080000FE4 (0x3FFF0F13) addi t5, t5, 0x3ff
x30 <- 0x0000100001FFFBFF

mem[X,0x0000000080000FE8] -> 0x1F13
mem[X,0x0000000080000FEA] -> 0x00AF
[1023] [M]: 0x0000000080000FE8 (0x00AF1F13) slli t5, t5, 0xa
x30 <- 0x00400007FFEFFC00

mem[X,0x0000000080000FEC] -> 0x0F13
mem[X,0x0000000080000FEE] -> 0x3FFF
[1024] [M]: 0x0000000080000FEC (0x3FFF0F13) addi t5, t5, 0x3ff
x30 <- 0x00400007FFEFFFFF

mem[X,0x0000000080000FF0] -> 0x0EB7
mem[X,0x0000000080000FF2] -> 0xAAAA
[1025] [M]: 0x0000000080000FF0 (0xAAAA0EB7) lui t4, -0x55560
x29 <- 0xFFFFFFFFAAAA0000

mem[X,0x0000000080000FF4] -> 0x8E93
mem[X,0x0000000080000FF6] -> 0x007E
[1026] [M]: 0x0000000080000FF4 (0x007E8E93) addi t4, t4, 0x7
x29 <- 0xFFFFFFFFAAAA0007

mem[X,0x0000000080000FF8] -> 0x9E93
mem[X,0x0000000080000FFA] -> 0x00BE
[1027] [M]: 0x0000000080000FF8 (0x00BE9E93) slli t4, t4, 0xb
x29 <- 0xFFFFFD5550003800

mem[X,0x0000000080000FFC] -> 0x8E93
mem[X,0x0000000080000FFE] -> 0x080E
[1028] [M]: 0x0000000080000FFC (0x080E8E93) addi t4, t4, 0x80
x29 <- 0xFFFFFD5550003880

mem[X,0x0000000080001000] -> 0x9E93
mem[X,0x0000000080001002] -> 0x00BE
[1029] [M]: 0x0000000080001000 (0x00BE9E93) slli t4, t4, 0xb
x29 <- 0xFFEAAA8001C40000

mem[X,0x0000000080001004] -> 0x8E93
mem[X,0x0000000080001006] -> 0x000E
[1030] [M]: 0x0000000080001004 (0x000E8E93) addi t4, t4, 0x0
x29 <- 0xFFEAAA8001C40000

mem[X,0x0000000080001008] -> 0x9E93
mem[X,0x000000008000100A] -> 0x00AE
[1031] [M]: 0x0000000080001008 (0x00AE9E93) slli t4, t4, 0xa
x29 <- 0xAAAA000710000000

mem[X,0x000000008000100C] -> 0x8E93
mem[X,0x000000008000100E] -> 0x100E
[1032] [M]: 0x000000008000100C (0x100E8E93) addi t4, t4, 0x100
x29 <- 0xAAAA000710000100

mem[X,0x0000000080001010] -> 0x7FBB
mem[X,0x0000000080001012] -> 0xB1DF
[1033] [M]: 0x0000000080001010 (0xB1DF7FBB) pmulh.h.bo t6, t5, t4
x31 <- 0xFFFF0000FFFFFFFF

mem[X,0x0000000080001014] -> 0xB823
mem[X,0x0000000080001016] -> 0x0BF0
[1034] [M]: 0x0000000080001014 (0x0BF0B823) sd t6, 0xb0(ra)
mem[0x00000000800042A8] <- 0xFFFF0000FFFFFFFF

mem[X,0x0000000080001018] -> 0xCF37
mem[X,0x000000008000101A] -> 0x0006
[1035] [M]: 0x0000000080001018 (0x0006CF37) lui t5, 0x6c
x30 <- 0x000000000006C000

mem[X,0x000000008000101C] -> 0x0F13
mem[X,0x000000008000101E] -> 0x000F
[1036] [M]: 0x000000008000101C (0x000F0F13) addi t5, t5, 0x0
x30 <- 0x000000000006C000

mem[X,0x0000000080001020] -> 0x1F13
mem[X,0x0000000080001022] -> 0x00BF
[1037] [M]: 0x0000000080001020 (0x00BF1F13) slli t5, t5, 0xb
x30 <- 0x0000000036000000

mem[X,0x0000000080001024] -> 0x0F13
mem[X,0x0000000080001026] -> 0x000F
[1038] [M]: 0x0000000080001024 (0x000F0F13) addi t5, t5, 0x0
x30 <- 0x0000000036000000

mem[X,0x0000000080001028] -> 0x1F13
mem[X,0x000000008000102A] -> 0x00BF
[1039] [M]: 0x0000000080001028 (0x00BF1F13) slli t5, t5, 0xb
x30 <- 0x000001B000000000

mem[X,0x000000008000102C] -> 0x0F13
mem[X,0x000000008000102E] -> 0x12AF
[1040] [M]: 0x000000008000102C (0x12AF0F13) addi t5, t5, 0x12a
x30 <- 0x000001B00000012A

mem[X,0x0000000080001030] -> 0x1F13
mem[X,0x0000000080001032] -> 0x00AF
[1041] [M]: 0x0000000080001030 (0x00AF1F13) slli t5, t5, 0xa
x30 <- 0x0006C0000004A800

mem[X,0x0000000080001034] -> 0x0F13
mem[X,0x0000000080001036] -> 0x2AAF
[1042] [M]: 0x0000000080001034 (0x2AAF0F13) addi t5, t5, 0x2aa
x30 <- 0x0006C0000004AAAA

mem[X,0x0000000080001038] -> 0x0EB7
mem[X,0x000000008000103A] -> 0x0800
[1043] [M]: 0x0000000080001038 (0x08000EB7) lui t4, 0x8000
x29 <- 0x0000000008000000

mem[X,0x000000008000103C] -> 0x8E93
mem[X,0x000000008000103E] -> 0x003E
[1044] [M]: 0x000000008000103C (0x003E8E93) addi t4, t4, 0x3
x29 <- 0x0000000008000003

mem[X,0x0000000080001040] -> 0x9E93
mem[X,0x0000000080001042] -> 0x00BE
[1045] [M]: 0x0000000080001040 (0x00BE9E93) slli t4, t4, 0xb
x29 <- 0x0000004000001800

mem[X,0x0000000080001044] -> 0x8E93
mem[X,0x0000000080001046] -> 0x7BFE
[1046] [M]: 0x0000000080001044 (0x7BFE8E93) addi t4, t4, 0x7bf
x29 <- 0x0000004000001FBF

mem[X,0x0000000080001048] -> 0x9E93
mem[X,0x000000008000104A] -> 0x00BE
[1047] [M]: 0x0000000080001048 (0x00BE9E93) slli t4, t4, 0xb
x29 <- 0x0002000000FDF800

mem[X,0x000000008000104C] -> 0x8E93
mem[X,0x000000008000104E] -> 0x7C0E
[1048] [M]: 0x000000008000104C (0x7C0E8E93) addi t4, t4, 0x7c0
x29 <- 0x0002000000FDFFC0

mem[X,0x0000000080001050] -> 0x9E93
mem[X,0x0000000080001052] -> 0x00AE
[1049] [M]: 0x0000000080001050 (0x00AE9E93) slli t4, t4, 0xa
x29 <- 0x08000003F7FF0000

mem[X,0x0000000080001054] -> 0x8E93
mem[X,0x0000000080001056] -> 0x040E
[1050] [M]: 0x0000000080001054 (0x040E8E93) addi t4, t4, 0x40
x29 <- 0x08000003F7FF0040

mem[X,0x0000000080001058] -> 0x7FBB
mem[X,0x000000008000105A] -> 0xB1DF
[1051] [M]: 0x0000000080001058 (0xB1DF7FBB) pmulh.h.bo t6, t5, t4
x31 <- 0x00000000FFFF0000

mem[X,0x000000008000105C] -> 0xBC23
mem[X,0x000000008000105E] -> 0x0BF0
[1052] [M]: 0x000000008000105C (0x0BF0BC23) sd t6, 0xb8(ra)
mem[0x00000000800042B0] <- 0x00000000FFFF0000

mem[X,0x0000000080001060] -> 0x0F37
mem[X,0x0000000080001062] -> 0xFFFA
[1053] [M]: 0x0000000080001060 (0xFFFA0F37) lui t5, -0x60
x30 <- 0xFFFFFFFFFFFA0000

mem[X,0x0000000080001064] -> 0x0F13
mem[X,0x0000000080001066] -> 0x200F
[1054] [M]: 0x0000000080001064 (0x200F0F13) addi t5, t5, 0x200
x30 <- 0xFFFFFFFFFFFA0200

mem[X,0x0000000080001068] -> 0x1F13
mem[X,0x000000008000106A] -> 0x00BF
[1055] [M]: 0x0000000080001068 (0x00BF1F13) slli t5, t5, 0xb
x30 <- 0xFFFFFFFFD0100000

mem[X,0x000000008000106C] -> 0x0F13
mem[X,0x000000008000106E] -> 0x400F
[1056] [M]: 0x000000008000106C (0x400F0F13) addi t5, t5, 0x400
x30 <- 0xFFFFFFFFD0100400

mem[X,0x0000000080001070] -> 0x1F13
mem[X,0x0000000080001072] -> 0x00BF
[1057] [M]: 0x0000000080001070 (0x00BF1F13) slli t5, t5, 0xb
x30 <- 0xFFFFFE8080200000

mem[X,0x0000000080001074] -> 0x0F13
mem[X,0x0000000080001076] -> 0x03DF
[1058] [M]: 0x0000000080001074 (0x03DF0F13) addi t5, t5, 0x3d
x30 <- 0xFFFFFE808020003D

mem[X,0x0000000080001078] -> 0x1F13
mem[X,0x000000008000107A] -> 0x00AF
[1059] [M]: 0x0000000080001078 (0x00AF1F13) slli t5, t5, 0xa
x30 <- 0xFFFA02008000F400

mem[X,0x000000008000107C] -> 0x0F13
mem[X,0x000000008000107E] -> 0x3FFF
[1060] [M]: 0x000000008000107C (0x3FFF0F13) addi t5, t5, 0x3ff
x30 <- 0xFFFA02008000F7FF

mem[X,0x0000000080001080] -> 0x5EB7
mem[X,0x0000000080001082] -> 0x0200
[1061] [M]: 0x0000000080001080 (0x02005EB7) lui t4, 0x2005
x29 <- 0x0000000002005000

mem[X,0x0000000080001084] -> 0x8E93
mem[X,0x0000000080001086] -> 0x555E
[1062] [M]: 0x0000000080001084 (0x555E8E93) addi t4, t4, 0x555
x29 <- 0x0000000002005555

mem[X,0x0000000080001088] -> 0x9E93
mem[X,0x000000008000108A] -> 0x00BE
[1063] [M]: 0x0000000080001088 (0x00BE9E93) slli t4, t4, 0xb
x29 <- 0x0000001002AAA800

mem[X,0x000000008000108C] -> 0x8E93
mem[X,0x000000008000108E] -> 0x200E
[1064] [M]: 0x000000008000108C (0x200E8E93) addi t4, t4, 0x200
x29 <- 0x0000001002AAAA00

mem[X,0x0000000080001090] -> 0x9E93
mem[X,0x0000000080001092] -> 0x00BE
[1065] [M]: 0x0000000080001090 (0x00BE9E93) slli t4, t4, 0xb
x29 <- 0x0000801555500000

mem[X,0x0000000080001094] -> 0x8E93
mem[X,0x0000000080001096] -> 0x000E
[1066] [M]: 0x0000000080001094 (0x000E8E93) addi t4, t4, 0x0
x29 <- 0x0000801555500000

mem[X,0x0000000080001098] -> 0x9E93
mem[X,0x000000008000109A] -> 0x00AE
[1067] [M]: 0x0000000080001098 (0x00AE9E93) slli t4, t4, 0xa
x29 <- 0x0200555540000000

mem[X,0x000000008000109C] -> 0x8E93
mem[X,0x000000008000109E] -> 0x006E
[1068] [M]: 0x000000008000109C (0x006E8E93) addi t4, t4, 0x6
x29 <- 0x0200555540000006

mem[X,0x00000000800010A0] -> 0x7FBB
mem[X,0x00000000800010A2] -> 0xB1DF
[1069] [M]: 0x00000000800010A0 (0xB1DF7FBB) pmulh.h.bo t6, t5, t4
x31 <- 0xFFFF0000FFE00000

mem[X,0x00000000800010A4] -> 0xB023
mem[X,0x00000000800010A6] -> 0x0DF0
[1070] [M]: 0x00000000800010A4 (0x0DF0B023) sd t6, 0xc0(ra)
mem[0x00000000800042B8] <- 0xFFFF0000FFE00000

mem[X,0x00000000800010A8] -> 0x0F37
mem[X,0x00000000800010AA] -> 0xC001
[1071] [M]: 0x00000000800010A8 (0xC0010F37) lui t5, -0x3fff0
x30 <- 0xFFFFFFFFC0010000

mem[X,0x00000000800010AC] -> 0x0F13
mem[X,0x00000000800010AE] -> 0xFF7F
[1072] [M]: 0x00000000800010AC (0xFF7F0F13) addi t5, t5, -0x9
x30 <- 0xFFFFFFFFC000FFF7

mem[X,0x00000000800010B0] -> 0x1F13
mem[X,0x00000000800010B2] -> 0x00BF
[1073] [M]: 0x00000000800010B0 (0x00BF1F13) slli t5, t5, 0xb
x30 <- 0xFFFFFE0007FFB800

mem[X,0x00000000800010B4] -> 0x0F13
mem[X,0x00000000800010B6] -> 0x000F
[1074] [M]: 0x00000000800010B4 (0x000F0F13) addi t5, t5, 0x0
x30 <- 0xFFFFFE0007FFB800

mem[X,0x00000000800010B8] -> 0x1F13
mem[X,0x00000000800010BA] -> 0x00BF
[1075] [M]: 0x00000000800010B8 (0x00BF1F13) slli t5, t5, 0xb
x30 <- 0xFFF0003FFDC00000

mem[X,0x00000000800010BC] -> 0x0F13
mem[X,0x00000000800010BE] -> 0x0BFF
[1076] [M]: 0x00000000800010BC (0x0BFF0F13) addi t5, t5, 0xbf
x30 <- 0xFFF0003FFDC000BF

mem[X,0x00000000800010C0] -> 0x1F13
mem[X,0x00000000800010C2] -> 0x00AF
[1077] [M]: 0x00000000800010C0 (0x00AF1F13) slli t5, t5, 0xa
x30 <- 0xC000FFF70002FC00

mem[X,0x00000000800010C4] -> 0x0F13
mem[X,0x00000000800010C6] -> 0x3FFF
[1078] [M]: 0x00000000800010C4 (0x3FFF0F13) addi t5, t5, 0x3ff
x30 <- 0xC000FFF70002FFFF

mem[X,0x00000000800010C8] -> 0x0EB7
mem[X,0x00000000800010CA] -> 0x0004
[1079] [M]: 0x00000000800010C8 (0x00040EB7) lui t4, 0x40
x29 <- 0x0000000000040000

mem[X,0x00000000800010CC] -> 0x8E93
mem[X,0x00000000800010CE] -> 0x400E
[1080] [M]: 0x00000000800010CC (0x400E8E93) addi t4, t4, 0x400
x29 <- 0x0000000000040400

mem[X,0x00000000800010D0] -> 0x9E93
mem[X,0x00000000800010D2] -> 0x00BE
[1081] [M]: 0x00000000800010D0 (0x00BE9E93) slli t4, t4, 0xb
x29 <- 0x0000000020200000

mem[X,0x00000000800010D4] -> 0x8E93
mem[X,0x00000000800010D6] -> 0x7F7E
[1082] [M]: 0x00000000800010D4 (0x7F7E8E93) addi t4, t4, 0x7f7
x29 <- 0x00000000202007F7

mem[X,0x00000000800010D8] -> 0x9E93
mem[X,0x00000000800010DA] -> 0x00BE
[1083] [M]: 0x00000000800010D8 (0x00BE9E93) slli t4, t4, 0xb
x29 <- 0x00000101003FB800

mem[X,0x00000000800010DC] -> 0x8E93
mem[X,0x00000000800010DE] -> 0x7D5E
[1084] [M]: 0x00000000800010DC (0x7D5E8E93) addi t4, t4, 0x7d5
x29 <- 0x00000101003FBFD5

mem[X,0x00000000800010E0] -> 0x9E93
mem[X,0x00000000800010E2] -> 0x00AE
[1085] [M]: 0x00000000800010E0 (0x00AE9E93) slli t4, t4, 0xa
x29 <- 0x00040400FEFF5400

mem[X,0x00000000800010E4] -> 0x8E93
mem[X,0x00000000800010E6] -> 0x155E
[1086] [M]: 0x00000000800010E4 (0x155E8E93) addi t4, t4, 0x155
x29 <- 0x00040400FEFF5555

mem[X,0x00000000800010E8] -> 0x7FBB
mem[X,0x00000000800010EA] -> 0xB1DF
[1087] [M]: 0x00000000800010E8 (0xB1DF7FBB) pmulh.h.bo t6, t5, t4
x31 <- 0x0000FFFFFFFFFFFF

mem[X,0x00000000800010EC] -> 0xB423
mem[X,0x00000000800010EE] -> 0x0DF0
[1088] [M]: 0x00000000800010EC (0x0DF0B423) sd t6, 0xc8(ra)
mem[0x00000000800042C0] <- 0x0000FFFFFFFFFFFF

mem[X,0x00000000800010F0] -> 0x0F37
mem[X,0x00000000800010F2] -> 0xFFC0
[1089] [M]: 0x00000000800010F0 (0xFFC00F37) lui t5, -0x400
x30 <- 0xFFFFFFFFFFC00000

mem[X,0x00000000800010F4] -> 0x0F13
mem[X,0x00000000800010F6] -> 0xFF8F
[1090] [M]: 0x00000000800010F4 (0xFF8F0F13) addi t5, t5, -0x8
x30 <- 0xFFFFFFFFFFBFFFF8

mem[X,0x00000000800010F8] -> 0x1F13
mem[X,0x00000000800010FA] -> 0x00BF
[1091] [M]: 0x00000000800010F8 (0x00BF1F13) slli t5, t5, 0xb
x30 <- 0xFFFFFFFDFFFFC000

mem[X,0x00000000800010FC] -> 0x0F13
mem[X,0x00000000800010FE] -> 0x000F
[1092] [M]: 0x00000000800010FC (0x000F0F13) addi t5, t5, 0x0
x30 <- 0xFFFFFFFDFFFFC000

mem[X,0x0000000080001100] -> 0x1F13
mem[X,0x0000000080001102] -> 0x00BF
[1093] [M]: 0x0000000080001100 (0x00BF1F13) slli t5, t5, 0xb
x30 <- 0xFFFFEFFFFE000000

mem[X,0x0000000080001104] -> 0x0F13
mem[X,0x0000000080001106] -> 0x200F
[1094] [M]: 0x0000000080001104 (0x200F0F13) addi t5, t5, 0x200
x30 <- 0xFFFFEFFFFE000200

mem[X,0x0000000080001108] -> 0x1F13
mem[X,0x000000008000110A] -> 0x00AF
[1095] [M]: 0x0000000080001108 (0x00AF1F13) slli t5, t5, 0xa
x30 <- 0xFFBFFFF800080000

mem[X,0x000000008000110C] -> 0x0F13
mem[X,0x000000008000110E] -> 0x007F
[1096] [M]: 0x000000008000110C (0x007F0F13) addi t5, t5, 0x7
x30 <- 0xFFBFFFF800080007

mem[X,0x0000000080001110] -> 0x0EB7
mem[X,0x0000000080001112] -> 0xFFE0
[1097] [M]: 0x0000000080001110 (0xFFE00EB7) lui t4, -0x200
x29 <- 0xFFFFFFFFFFE00000

mem[X,0x0000000080001114] -> 0x8E93
mem[X,0x0000000080001116] -> 0xFFEE
[1098] [M]: 0x0000000080001114 (0xFFEE8E93) addi t4, t4, -0x2
x29 <- 0xFFFFFFFFFFDFFFFE

mem[X,0x0000000080001118] -> 0x9E93
mem[X,0x000000008000111A] -> 0x00BE
[1099] [M]: 0x0000000080001118 (0x00BE9E93) slli t4, t4, 0xb
x29 <- 0xFFFFFFFEFFFFF000

clint::tick mtime <- 0x000000000000000B
 clint timer pending at mtime 0x000000000000000B
htif::tick 0x0000000000000000
mem[X,0x000000008000111C] -> 0x8E93
mem[X,0x000000008000111E] -> 0x001E
[1100] [M]: 0x000000008000111C (0x001E8E93) addi t4, t4, 0x1
x29 <- 0xFFFFFFFEFFFFF001

mem[X,0x0000000080001120] -> 0x9E93
mem[X,0x0000000080001122] -> 0x00BE
[1101] [M]: 0x0000000080001120 (0x00BE9E93) slli t4, t4, 0xb
x29 <- 0xFFFFF7FFFF800800

mem[X,0x0000000080001124] -> 0x8E93
mem[X,0x0000000080001126] -> 0x000E
[1102] [M]: 0x0000000080001124 (0x000E8E93) addi t4, t4, 0x0
x29 <- 0xFFFFF7FFFF800800

mem[X,0x0000000080001128] -> 0x9E93
mem[X,0x000000008000112A] -> 0x00AE
[1103] [M]: 0x0000000080001128 (0x00AE9E93) slli t4, t4, 0xa
x29 <- 0xFFDFFFFE00200000

mem[X,0x000000008000112C] -> 0x8E93
mem[X,0x000000008000112E] -> 0x007E
[1104] [M]: 0x000000008000112C (0x007E8E93) addi t4, t4, 0x7
x29 <- 0xFFDFFFFE00200007

mem[X,0x0000000080001130] -> 0x7FBB
mem[X,0x0000000080001132] -> 0xB1DF
[1105] [M]: 0x0000000080001130 (0xB1DF7FBB) pmulh.h.bo t6, t5, t4
x31 <- 0x0000000000000000

mem[X,0x0000000080001134] -> 0xB823
mem[X,0x0000000080001136] -> 0x0DF0
[1106] [M]: 0x0000000080001134 (0x0DF0B823) sd t6, 0xd0(ra)
mem[0x00000000800042C8] <- 0x0000000000000000

mem[X,0x0000000080001138] -> 0x8F37
mem[X,0x000000008000113A] -> 0xF7FF
[1107] [M]: 0x0000000080001138 (0xF7FF8F37) lui t5, -0x8008
x30 <- 0xFFFFFFFFF7FF8000

mem[X,0x000000008000113C] -> 0x0F13
mem[X,0x000000008000113E] -> 0x000F
[1108] [M]: 0x000000008000113C (0x000F0F13) addi t5, t5, 0x0
x30 <- 0xFFFFFFFFF7FF8000

mem[X,0x0000000080001140] -> 0x1F13
mem[X,0x0000000080001142] -> 0x00BF
[1109] [M]: 0x0000000080001140 (0x00BF1F13) slli t5, t5, 0xb
x30 <- 0xFFFFFFBFFC000000

mem[X,0x0000000080001144] -> 0x0F13
mem[X,0x0000000080001146] -> 0x001F
[1110] [M]: 0x0000000080001144 (0x001F0F13) addi t5, t5, 0x1
x30 <- 0xFFFFFFBFFC000001

mem[X,0x0000000080001148] -> 0x1F13
mem[X,0x000000008000114A] -> 0x00BF
[1111] [M]: 0x0000000080001148 (0x00BF1F13) slli t5, t5, 0xb
x30 <- 0xFFFDFFE000000800

mem[X,0x000000008000114C] -> 0x0F13
mem[X,0x000000008000114E] -> 0x010F
[1112] [M]: 0x000000008000114C (0x010F0F13) addi t5, t5, 0x10
x30 <- 0xFFFDFFE000000810

mem[X,0x0000000080001150] -> 0x1F13
mem[X,0x0000000080001152] -> 0x00AF
[1113] [M]: 0x0000000080001150 (0x00AF1F13) slli t5, t5, 0xa
x30 <- 0xF7FF800000204000

mem[X,0x0000000080001154] -> 0x0EB7
mem[X,0x0000000080001156] -> 0x0002
[1114] [M]: 0x0000000080001154 (0x00020EB7) lui t4, 0x20
x29 <- 0x0000000000020000

mem[X,0x0000000080001158] -> 0x8E93
mem[X,0x000000008000115A] -> 0xDFFE
[1115] [M]: 0x0000000080001158 (0xDFFE8E93) addi t4, t4, -0x201
x29 <- 0x000000000001FDFF

mem[X,0x000000008000115C] -> 0x9E93
mem[X,0x000000008000115E] -> 0x00BE
[1116] [M]: 0x000000008000115C (0x00BE9E93) slli t4, t4, 0xb
x29 <- 0x000000000FEFF800

mem[X,0x0000000080001160] -> 0x8E93
mem[X,0x0000000080001162] -> 0x000E
[1117] [M]: 0x0000000080001160 (0x000E8E93) addi t4, t4, 0x0
x29 <- 0x000000000FEFF800

mem[X,0x0000000080001164] -> 0x9E93
mem[X,0x0000000080001166] -> 0x00BE
[1118] [M]: 0x0000000080001164 (0x00BE9E93) slli t4, t4, 0xb
x29 <- 0x0000007F7FC00000

mem[X,0x0000000080001168] -> 0x8E93
mem[X,0x000000008000116A] -> 0x1BFE
[1119] [M]: 0x0000000080001168 (0x1BFE8E93) addi t4, t4, 0x1bf
x29 <- 0x0000007F7FC001BF

mem[X,0x000000008000116C] -> 0x9E93
mem[X,0x000000008000116E] -> 0x00AE
[1120] [M]: 0x000000008000116C (0x00AE9E93) slli t4, t4, 0xa
x29 <- 0x0001FDFF0006FC00

mem[X,0x0000000080001170] -> 0x8E93
mem[X,0x0000000080001172] -> 0x3BFE
[1121] [M]: 0x0000000080001170 (0x3BFE8E93) addi t4, t4, 0x3bf
x29 <- 0x0001FDFF0006FFBF

mem[X,0x0000000080001174] -> 0x7FBB
mem[X,0x0000000080001176] -> 0xB1DF
[1122] [M]: 0x0000000080001174 (0xB1DF7FBB) pmulh.h.bo t6, t5, t4
x31 <- 0x000000010000FFFF

mem[X,0x0000000080001178] -> 0xBC23
mem[X,0x000000008000117A] -> 0x0DF0
[1123] [M]: 0x0000000080001178 (0x0DF0BC23) sd t6, 0xd8(ra)
mem[0x00000000800042D0] <- 0x000000010000FFFF

mem[X,0x000000008000117C] -> 0x5F37
mem[X,0x000000008000117E] -> 0x1000
[1124] [M]: 0x000000008000117C (0x10005F37) lui t5, 0x10005
x30 <- 0x0000000010005000

mem[X,0x0000000080001180] -> 0x0F13
mem[X,0x0000000080001182] -> 0x555F
[1125] [M]: 0x0000000080001180 (0x555F0F13) addi t5, t5, 0x555
x30 <- 0x0000000010005555

mem[X,0x0000000080001184] -> 0x1F13
mem[X,0x0000000080001186] -> 0x00BF
[1126] [M]: 0x0000000080001184 (0x00BF1F13) slli t5, t5, 0xb
x30 <- 0x0000008002AAA800

mem[X,0x0000000080001188] -> 0x0F13
mem[X,0x000000008000118A] -> 0x004F
[1127] [M]: 0x0000000080001188 (0x004F0F13) addi t5, t5, 0x4
x30 <- 0x0000008002AAA804

mem[X,0x000000008000118C] -> 0x1F13
mem[X,0x000000008000118E] -> 0x00BF
[1128] [M]: 0x000000008000118C (0x00BF1F13) slli t5, t5, 0xb
x30 <- 0x0004001555402000

mem[X,0x0000000080001190] -> 0x0F13
mem[X,0x0000000080001192] -> 0x000F
[1129] [M]: 0x0000000080001190 (0x000F0F13) addi t5, t5, 0x0
x30 <- 0x0004001555402000

mem[X,0x0000000080001194] -> 0x1F13
mem[X,0x0000000080001196] -> 0x00AF
[1130] [M]: 0x0000000080001194 (0x00AF1F13) slli t5, t5, 0xa
x30 <- 0x1000555500800000

mem[X,0x0000000080001198] -> 0x0F13
mem[X,0x000000008000119A] -> 0x006F
[1131] [M]: 0x0000000080001198 (0x006F0F13) addi t5, t5, 0x6
x30 <- 0x1000555500800006

mem[X,0x000000008000119C] -> 0x1EB7
mem[X,0x000000008000119E] -> 0xFFDF
[1132] [M]: 0x000000008000119C (0xFFDF1EB7) lui t4, -0x20f
x29 <- 0xFFFFFFFFFFDF1000

mem[X,0x00000000800011A0] -> 0x8E93
mem[X,0x00000000800011A2] -> 0x800E
[1133] [M]: 0x00000000800011A0 (0x800E8E93) addi t4, t4, -0x800
x29 <- 0xFFFFFFFFFFDF0800

mem[X,0x00000000800011A4] -> 0x9E93
mem[X,0x00000000800011A6] -> 0x00BE
[1134] [M]: 0x00000000800011A4 (0x00BE9E93) slli t4, t4, 0xb
x29 <- 0xFFFFFFFEF8400000

mem[X,0x00000000800011A8] -> 0x8E93
mem[X,0x00000000800011AA] -> 0x77FE
[1135] [M]: 0x00000000800011A8 (0x77FE8E93) addi t4, t4, 0x77f
x29 <- 0xFFFFFFFEF840077F

mem[X,0x00000000800011AC] -> 0x9E93
mem[X,0x00000000800011AE] -> 0x00BE
[1136] [M]: 0x00000000800011AC (0x00BE9E93) slli t4, t4, 0xb
x29 <- 0xFFFFF7C2003BF800

mem[X,0x00000000800011B0] -> 0x8E93
mem[X,0x00000000800011B2] -> 0x7C0E
[1137] [M]: 0x00000000800011B0 (0x7C0E8E93) addi t4, t4, 0x7c0
x29 <- 0xFFFFF7C2003BFFC0

mem[X,0x00000000800011B4] -> 0x9E93
mem[X,0x00000000800011B6] -> 0x00AE
[1138] [M]: 0x00000000800011B4 (0x00AE9E93) slli t4, t4, 0xa
x29 <- 0xFFDF0800EFFF0000

mem[X,0x00000000800011B8] -> 0x8E93
mem[X,0x00000000800011BA] -> 0x080E
[1139] [M]: 0x00000000800011B8 (0x080E8E93) addi t4, t4, 0x80
x29 <- 0xFFDF0800EFFF0080

mem[X,0x00000000800011BC] -> 0x7FBB
mem[X,0x00000000800011BE] -> 0xB1DF
[1140] [M]: 0x00000000800011BC (0xB1DF7FBB) pmulh.h.bo t6, t5, t4
x31 <- 0xFFFF0002FFFF0000

mem[X,0x00000000800011C0] -> 0xB023
mem[X,0x00000000800011C2] -> 0x0FF0
[1141] [M]: 0x00000000800011C0 (0x0FF0B023) sd t6, 0xe0(ra)
mem[0x00000000800042D8] <- 0xFFFF0002FFFF0000

mem[X,0x00000000800011C4] -> 0x0F37
mem[X,0x00000000800011C6] -> 0x1100
[1142] [M]: 0x00000000800011C4 (0x11000F37) lui t5, 0x11000
x30 <- 0x0000000011000000

mem[X,0x00000000800011C8] -> 0x0F13
mem[X,0x00000000800011CA] -> 0x001F
[1143] [M]: 0x00000000800011C8 (0x001F0F13) addi t5, t5, 0x1
x30 <- 0x0000000011000001

mem[X,0x00000000800011CC] -> 0x1F13
mem[X,0x00000000800011CE] -> 0x006F
[1144] [M]: 0x00000000800011CC (0x006F1F13) slli t5, t5, 0x6
x30 <- 0x0000000440000040

mem[X,0x00000000800011D0] -> 0x0EB7
mem[X,0x00000000800011D2] -> 0x0041
[1145] [M]: 0x00000000800011D0 (0x00410EB7) lui t4, 0x410
x29 <- 0x0000000000410000

mem[X,0x00000000800011D4] -> 0x8E93
mem[X,0x00000000800011D6] -> 0xFDFE
[1146] [M]: 0x00000000800011D4 (0xFDFE8E93) addi t4, t4, -0x21
x29 <- 0x000000000040FFDF

mem[X,0x00000000800011D8] -> 0x9E93
mem[X,0x00000000800011DA] -> 0x00BE
[1147] [M]: 0x00000000800011D8 (0x00BE9E93) slli t4, t4, 0xb
x29 <- 0x0000000207FEF800

mem[X,0x00000000800011DC] -> 0x8E93
mem[X,0x00000000800011DE] -> 0x7F7E
[1148] [M]: 0x00000000800011DC (0x7F7E8E93) addi t4, t4, 0x7f7
x29 <- 0x0000000207FEFFF7

mem[X,0x00000000800011E0] -> 0x9E93
mem[X,0x00000000800011E2] -> 0x00BE
[1149] [M]: 0x00000000800011E0 (0x00BE9E93) slli t4, t4, 0xb
x29 <- 0x0000103FF7FFB800

mem[X,0x00000000800011E4] -> 0x8E93
mem[X,0x00000000800011E6] -> 0x7D5E
[1150] [M]: 0x00000000800011E4 (0x7D5E8E93) addi t4, t4, 0x7d5
x29 <- 0x0000103FF7FFBFD5

mem[X,0x00000000800011E8] -> 0x9E93
mem[X,0x00000000800011EA] -> 0x00AE
[1151] [M]: 0x00000000800011E8 (0x00AE9E93) slli t4, t4, 0xa
x29 <- 0x0040FFDFFEFF5400

mem[X,0x00000000800011EC] -> 0x8E93
mem[X,0x00000000800011EE] -> 0x155E
[1152] [M]: 0x00000000800011EC (0x155E8E93) addi t4, t4, 0x155
x29 <- 0x0040FFDFFEFF5555

mem[X,0x00000000800011F0] -> 0x7FBB
mem[X,0x00000000800011F2] -> 0xB1DF
[1153] [M]: 0x00000000800011F0 (0xB1DF7FBB) pmulh.h.bo t6, t5, t4
x31 <- 0x0000FFFFFFFF0000

mem[X,0x00000000800011F4] -> 0xB423
mem[X,0x00000000800011F6] -> 0x0FF0
[1154] [M]: 0x00000000800011F4 (0x0FF0B423) sd t6, 0xe8(ra)
mem[0x00000000800042E0] <- 0x0000FFFFFFFF0000

mem[X,0x00000000800011F8] -> 0x1F37
mem[X,0x00000000800011FA] -> 0xFFFD
[1155] [M]: 0x00000000800011F8 (0xFFFD1F37) lui t5, -0x2f
x30 <- 0xFFFFFFFFFFFD1000

mem[X,0x00000000800011FC] -> 0x0F13
mem[X,0x00000000800011FE] -> 0x800F
[1156] [M]: 0x00000000800011FC (0x800F0F13) addi t5, t5, -0x800
x30 <- 0xFFFFFFFFFFFD0800

mem[X,0x0000000080001200] -> 0x1F13
mem[X,0x0000000080001202] -> 0x00BF
[1157] [M]: 0x0000000080001200 (0x00BF1F13) slli t5, t5, 0xb
x30 <- 0xFFFFFFFFE8400000

mem[X,0x0000000080001204] -> 0x0F13
mem[X,0x0000000080001206] -> 0x7FDF
[1158] [M]: 0x0000000080001204 (0x7FDF0F13) addi t5, t5, 0x7fd
x30 <- 0xFFFFFFFFE84007FD

mem[X,0x0000000080001208] -> 0x1F13
mem[X,0x000000008000120A] -> 0x00BF
[1159] [M]: 0x0000000080001208 (0x00BF1F13) slli t5, t5, 0xb
x30 <- 0xFFFFFF42003FE800

mem[X,0x000000008000120C] -> 0x0F13
mem[X,0x000000008000120E] -> 0x7FFF
[1160] [M]: 0x000000008000120C (0x7FFF0F13) addi t5, t5, 0x7ff
x30 <- 0xFFFFFF42003FEFFF

mem[X,0x0000000080001210] -> 0x1F13
mem[X,0x0000000080001212] -> 0x00AF
[1161] [M]: 0x0000000080001210 (0x00AF1F13) slli t5, t5, 0xa
x30 <- 0xFFFD0800FFBFFC00

mem[X,0x0000000080001214] -> 0x0F13
mem[X,0x0000000080001216] -> 0x3BFF
[1162] [M]: 0x0000000080001214 (0x3BFF0F13) addi t5, t5, 0x3bf
x30 <- 0xFFFD0800FFBFFFBF

mem[X,0x0000000080001218] -> 0xBEB7
mem[X,0x000000008000121A] -> 0x0004
[1163] [M]: 0x0000000080001218 (0x0004BEB7) lui t4, 0x4b
x29 <- 0x000000000004B000

mem[X,0x000000008000121C] -> 0x8E93
mem[X,0x000000008000121E] -> 0xAAAE
[1164] [M]: 0x000000008000121C (0xAAAE8E93) addi t4, t4, -0x556
x29 <- 0x000000000004AAAA

mem[X,0x0000000080001220] -> 0x9E93
mem[X,0x0000000080001222] -> 0x00BE
[1165] [M]: 0x0000000080001220 (0x00BE9E93) slli t4, t4, 0xb
x29 <- 0x0000000025555000

mem[X,0x0000000080001224] -> 0x8E93
mem[X,0x0000000080001226] -> 0x080E
[1166] [M]: 0x0000000080001224 (0x080E8E93) addi t4, t4, 0x80
x29 <- 0x0000000025555080

mem[X,0x0000000080001228] -> 0x9E93
mem[X,0x000000008000122A] -> 0x00BE
[1167] [M]: 0x0000000080001228 (0x00BE9E93) slli t4, t4, 0xb
x29 <- 0x0000012AAA840000

mem[X,0x000000008000122C] -> 0x8E93
mem[X,0x000000008000122E] -> 0x000E
[1168] [M]: 0x000000008000122C (0x000E8E93) addi t4, t4, 0x0
x29 <- 0x0000012AAA840000

mem[X,0x0000000080001230] -> 0x9E93
mem[X,0x0000000080001232] -> 0x00AE
[1169] [M]: 0x0000000080001230 (0x00AE9E93) slli t4, t4, 0xa
x29 <- 0x0004AAAA10000000

mem[X,0x0000000080001234] -> 0x8E93
mem[X,0x0000000080001236] -> 0x040E
[1170] [M]: 0x0000000080001234 (0x040E8E93) addi t4, t4, 0x40
x29 <- 0x0004AAAA10000040

mem[X,0x0000000080001238] -> 0x7FBB
mem[X,0x000000008000123A] -> 0xB1DF
[1171] [M]: 0x0000000080001238 (0xB1DF7FBB) pmulh.h.bo t6, t5, t4
x31 <- 0x0000FFFDFFFF0000

mem[X,0x000000008000123C] -> 0xB823
mem[X,0x000000008000123E] -> 0x0FF0
[1172] [M]: 0x000000008000123C (0x0FF0B823) sd t6, 0xf0(ra)
mem[0x00000000800042E8] <- 0x0000FFFDFFFF0000

mem[X,0x0000000080001240] -> 0xFF37
mem[X,0x0000000080001242] -> 0xFFF7
[1173] [M]: 0x0000000080001240 (0xFFF7FF37) lui t5, -0x81
x30 <- 0xFFFFFFFFFFF7F000

mem[X,0x0000000080001244] -> 0x0F13
mem[X,0x0000000080001246] -> 0xFFFF
[1174] [M]: 0x0000000080001244 (0xFFFF0F13) addi t5, t5, -0x1
x30 <- 0xFFFFFFFFFFF7EFFF

mem[X,0x0000000080001248] -> 0x1F13
mem[X,0x000000008000124A] -> 0x00BF
[1175] [M]: 0x0000000080001248 (0x00BF1F13) slli t5, t5, 0xb
x30 <- 0xFFFFFFFFBF7FF800

mem[X,0x000000008000124C] -> 0x0F13
mem[X,0x000000008000124E] -> 0x7FFF
[1176] [M]: 0x000000008000124C (0x7FFF0F13) addi t5, t5, 0x7ff
x30 <- 0xFFFFFFFFBF7FFFFF

mem[X,0x0000000080001250] -> 0x1F13
mem[X,0x0000000080001252] -> 0x00BF
[1177] [M]: 0x0000000080001250 (0x00BF1F13) slli t5, t5, 0xb
x30 <- 0xFFFFFDFBFFFFF800

mem[X,0x0000000080001254] -> 0x0F13
mem[X,0x0000000080001256] -> 0x680F
[1178] [M]: 0x0000000080001254 (0x680F0F13) addi t5, t5, 0x680
x30 <- 0xFFFFFDFBFFFFFE80

mem[X,0x0000000080001258] -> 0x1F13
mem[X,0x000000008000125A] -> 0x00AF
[1179] [M]: 0x0000000080001258 (0x00AF1F13) slli t5, t5, 0xa
x30 <- 0xFFF7EFFFFFFA0000

mem[X,0x000000008000125C] -> 0x0F13
mem[X,0x000000008000125E] -> 0x001F
[1180] [M]: 0x000000008000125C (0x001F0F13) addi t5, t5, 0x1
x30 <- 0xFFF7EFFFFFFA0001

mem[X,0x0000000080001260] -> 0x0EB7
mem[X,0x0000000080001262] -> 0xFFBF
[1181] [M]: 0x0000000080001260 (0xFFBF0EB7) lui t4, -0x410
x29 <- 0xFFFFFFFFFFBF0000

mem[X,0x0000000080001264] -> 0x8E93
mem[X,0x0000000080001266] -> 0x004E
[1182] [M]: 0x0000000080001264 (0x004E8E93) addi t4, t4, 0x4
x29 <- 0xFFFFFFFFFFBF0004

mem[X,0x0000000080001268] -> 0x9E93
mem[X,0x000000008000126A] -> 0x00BE
[1183] [M]: 0x0000000080001268 (0x00BE9E93) slli t4, t4, 0xb
x29 <- 0xFFFFFFFDF8002000

mem[X,0x000000008000126C] -> 0x8E93
mem[X,0x000000008000126E] -> 0x7FFE
[1184] [M]: 0x000000008000126C (0x7FFE8E93) addi t4, t4, 0x7ff
x29 <- 0xFFFFFFFDF80027FF

mem[X,0x0000000080001270] -> 0x9E93
mem[X,0x0000000080001272] -> 0x00BE
[1185] [M]: 0x0000000080001270 (0x00BE9E93) slli t4, t4, 0xb
x29 <- 0xFFFFEFC0013FF800

mem[X,0x0000000080001274] -> 0x8E93
mem[X,0x0000000080001276] -> 0x7BDE
[1186] [M]: 0x0000000080001274 (0x7BDE8E93) addi t4, t4, 0x7bd
x29 <- 0xFFFFEFC0013FFFBD

mem[X,0x0000000080001278] -> 0x9E93
mem[X,0x000000008000127A] -> 0x00AE
[1187] [M]: 0x0000000080001278 (0x00AE9E93) slli t4, t4, 0xa
x29 <- 0xFFBF0004FFFEF400

mem[X,0x000000008000127C] -> 0x8E93
mem[X,0x000000008000127E] -> 0x3FFE
[1188] [M]: 0x000000008000127C (0x3FFE8E93) addi t4, t4, 0x3ff
x29 <- 0xFFBF0004FFFEF7FF

mem[X,0x0000000080001280] -> 0x7FBB
mem[X,0x0000000080001282] -> 0xB1DF
[1189] [M]: 0x0000000080001280 (0xB1DF7FBB) pmulh.h.bo t6, t5, t4
x31 <- 0x000000000000FFFF

mem[X,0x0000000080001284] -> 0xBC23
mem[X,0x0000000080001286] -> 0x0FF0
[1190] [M]: 0x0000000080001284 (0x0FF0BC23) sd t6, 0xf8(ra)
mem[0x00000000800042F0] <- 0x000000000000FFFF

mem[X,0x0000000080001288] -> 0x0F37
mem[X,0x000000008000128A] -> 0xFFF0
[1191] [M]: 0x0000000080001288 (0xFFF00F37) lui t5, -0x100
x30 <- 0xFFFFFFFFFFF00000

mem[X,0x000000008000128C] -> 0x0F13
mem[X,0x000000008000128E] -> 0xEFFF
[1192] [M]: 0x000000008000128C (0xEFFF0F13) addi t5, t5, -0x101
x30 <- 0xFFFFFFFFFFEFFEFF

mem[X,0x0000000080001290] -> 0x1F13
mem[X,0x0000000080001292] -> 0x00BF
[1193] [M]: 0x0000000080001290 (0x00BF1F13) slli t5, t5, 0xb
x30 <- 0xFFFFFFFF7FF7F800

mem[X,0x0000000080001294] -> 0x0F13
mem[X,0x0000000080001296] -> 0x200F
[1194] [M]: 0x0000000080001294 (0x200F0F13) addi t5, t5, 0x200
x30 <- 0xFFFFFFFF7FF7FA00

mem[X,0x0000000080001298] -> 0x1F13
mem[X,0x000000008000129A] -> 0x00BF
[1195] [M]: 0x0000000080001298 (0x00BF1F13) slli t5, t5, 0xb
x30 <- 0xFFFFFBFFBFD00000

mem[X,0x000000008000129C] -> 0x0F13
mem[X,0x000000008000129E] -> 0x000F
[1196] [M]: 0x000000008000129C (0x000F0F13) addi t5, t5, 0x0
x30 <- 0xFFFFFBFFBFD00000

mem[X,0x00000000800012A0] -> 0x1F13
mem[X,0x00000000800012A2] -> 0x00AF
[1197] [M]: 0x00000000800012A0 (0x00AF1F13) slli t5, t5, 0xa
x30 <- 0xFFEFFEFF40000000

mem[X,0x00000000800012A4] -> 0x8EB7
mem[X,0x00000000800012A6] -> 0x0400
[1198] [M]: 0x00000000800012A4 (0x04008EB7) lui t4, 0x4008
x29 <- 0x0000000004008000

mem[X,0x00000000800012A8] -> 0x8E93
mem[X,0x00000000800012AA] -> 0x000E
[1199] [M]: 0x00000000800012A8 (0x000E8E93) addi t4, t4, 0x0
x29 <- 0x0000000004008000

clint::tick mtime <- 0x000000000000000C
 clint timer pending at mtime 0x000000000000000C
htif::tick 0x0000000000000000
mem[X,0x00000000800012AC] -> 0x9E93
mem[X,0x00000000800012AE] -> 0x00BE
[1200] [M]: 0x00000000800012AC (0x00BE9E93) slli t4, t4, 0xb
x29 <- 0x0000002004000000

mem[X,0x00000000800012B0] -> 0x8E93
mem[X,0x00000000800012B2] -> 0x7DFE
[1201] [M]: 0x00000000800012B0 (0x7DFE8E93) addi t4, t4, 0x7df
x29 <- 0x00000020040007DF

mem[X,0x00000000800012B4] -> 0x9E93
mem[X,0x00000000800012B6] -> 0x00BE
[1202] [M]: 0x00000000800012B4 (0x00BE9E93) slli t4, t4, 0xb
x29 <- 0x00010020003EF800

mem[X,0x00000000800012B8] -> 0x8E93
mem[X,0x00000000800012BA] -> 0x7C0E
[1203] [M]: 0x00000000800012B8 (0x7C0E8E93) addi t4, t4, 0x7c0
x29 <- 0x00010020003EFFC0

mem[X,0x00000000800012BC] -> 0x9E93
mem[X,0x00000000800012BE] -> 0x00AE
[1204] [M]: 0x00000000800012BC (0x00AE9E93) slli t4, t4, 0xa
x29 <- 0x04008000FBFF0000

mem[X,0x00000000800012C0] -> 0x8E93
mem[X,0x00000000800012C2] -> 0x004E
[1205] [M]: 0x00000000800012C0 (0x004E8E93) addi t4, t4, 0x4
x29 <- 0x04008000FBFF0004

mem[X,0x00000000800012C4] -> 0x7FBB
mem[X,0x00000000800012C6] -> 0xB1DF
[1206] [M]: 0x00000000800012C4 (0xB1DF7FBB) pmulh.h.bo t6, t5, t4
x31 <- 0xFFFF0000FFFE0000

mem[X,0x00000000800012C8] -> 0xB023
mem[X,0x00000000800012CA] -> 0x11F0
[1207] [M]: 0x00000000800012C8 (0x11F0B023) sd t6, 0x100(ra)
mem[0x00000000800042F8] <- 0xFFFF0000FFFE0000

mem[X,0x00000000800012CC] -> 0x0F37
mem[X,0x00000000800012CE] -> 0xFFDF
[1208] [M]: 0x00000000800012CC (0xFFDF0F37) lui t5, -0x210
x30 <- 0xFFFFFFFFFFDF0000

mem[X,0x00000000800012D0] -> 0x0F13
mem[X,0x00000000800012D2] -> 0x003F
[1209] [M]: 0x00000000800012D0 (0x003F0F13) addi t5, t5, 0x3
x30 <- 0xFFFFFFFFFFDF0003

mem[X,0x00000000800012D4] -> 0x1F13
mem[X,0x00000000800012D6] -> 0x00BF
[1210] [M]: 0x00000000800012D4 (0x00BF1F13) slli t5, t5, 0xb
x30 <- 0xFFFFFFFEF8001800

mem[X,0x00000000800012D8] -> 0x0F13
mem[X,0x00000000800012DA] -> 0x000F
[1211] [M]: 0x00000000800012D8 (0x000F0F13) addi t5, t5, 0x0
x30 <- 0xFFFFFFFEF8001800

mem[X,0x00000000800012DC] -> 0x1F13
mem[X,0x00000000800012DE] -> 0x00BF
[1212] [M]: 0x00000000800012DC (0x00BF1F13) slli t5, t5, 0xb
x30 <- 0xFFFFF7C000C00000

mem[X,0x00000000800012E0] -> 0x0F13
mem[X,0x00000000800012E2] -> 0x15FF
[1213] [M]: 0x00000000800012E0 (0x15FF0F13) addi t5, t5, 0x15f
x30 <- 0xFFFFF7C000C0015F

mem[X,0x00000000800012E4] -> 0x1F13
mem[X,0x00000000800012E6] -> 0x00AF
[1214] [M]: 0x00000000800012E4 (0x00AF1F13) slli t5, t5, 0xa
x30 <- 0xFFDF000300057C00

mem[X,0x00000000800012E8] -> 0x0F13
mem[X,0x00000000800012EA] -> 0x3FFF
[1215] [M]: 0x00000000800012E8 (0x3FFF0F13) addi t5, t5, 0x3ff
x30 <- 0xFFDF000300057FFF

mem[X,0x00000000800012EC] -> 0x0EB7
mem[X,0x00000000800012EE] -> 0x0200
[1216] [M]: 0x00000000800012EC (0x02000EB7) lui t4, 0x2000
x29 <- 0x0000000002000000

mem[X,0x00000000800012F0] -> 0x8E93
mem[X,0x00000000800012F2] -> 0x400E
[1217] [M]: 0x00000000800012F0 (0x400E8E93) addi t4, t4, 0x400
x29 <- 0x0000000002000400

mem[X,0x00000000800012F4] -> 0x9E93
mem[X,0x00000000800012F6] -> 0x00BE
[1218] [M]: 0x00000000800012F4 (0x00BE9E93) slli t4, t4, 0xb
x29 <- 0x0000001000200000

mem[X,0x00000000800012F8] -> 0x8E93
mem[X,0x00000000800012FA] -> 0x080E
[1219] [M]: 0x00000000800012F8 (0x080E8E93) addi t4, t4, 0x80
x29 <- 0x0000001000200080

mem[X,0x00000000800012FC] -> 0x9E93
mem[X,0x00000000800012FE] -> 0x00BE
[1220] [M]: 0x00000000800012FC (0x00BE9E93) slli t4, t4, 0xb
x29 <- 0x0000800100040000

mem[X,0x0000000080001300] -> 0x8E93
mem[X,0x0000000080001302] -> 0x03FE
[1221] [M]: 0x0000000080001300 (0x03FE8E93) addi t4, t4, 0x3f
x29 <- 0x000080010004003F

mem[X,0x0000000080001304] -> 0x9E93
mem[X,0x0000000080001306] -> 0x00AE
[1222] [M]: 0x0000000080001304 (0x00AE9E93) slli t4, t4, 0xa
x29 <- 0x020004001000FC00

mem[X,0x0000000080001308] -> 0x8E93
mem[X,0x000000008000130A] -> 0x3FAE
[1223] [M]: 0x0000000080001308 (0x3FAE8E93) addi t4, t4, 0x3fa
x29 <- 0x020004001000FFFA

mem[X,0x000000008000130C] -> 0x7FBB
mem[X,0x000000008000130E] -> 0xB1DF
[1224] [M]: 0x000000008000130C (0xB1DF7FBB) pmulh.h.bo t6, t5, t4
x31 <- 0xFFFF00000000FFFF

mem[X,0x0000000080001310] -> 0xB423
mem[X,0x0000000080001312] -> 0x11F0
[1225] [M]: 0x0000000080001310 (0x11F0B423) sd t6, 0x108(ra)
mem[0x0000000080004300] <- 0xFFFF00000000FFFF

mem[X,0x0000000080001314] -> 0x0F37
mem[X,0x0000000080001316] -> 0xFE00
[1226] [M]: 0x0000000080001314 (0xFE000F37) lui t5, -0x2000
x30 <- 0xFFFFFFFFFE000000

mem[X,0x0000000080001318] -> 0x0F13
mem[X,0x000000008000131A] -> 0xF7FF
[1227] [M]: 0x0000000080001318 (0xF7FF0F13) addi t5, t5, -0x81
x30 <- 0xFFFFFFFFFDFFFF7F

mem[X,0x000000008000131C] -> 0x1F13
mem[X,0x000000008000131E] -> 0x00BF
[1228] [M]: 0x000000008000131C (0x00BF1F13) slli t5, t5, 0xb
x30 <- 0xFFFFFFEFFFFBF800

mem[X,0x0000000080001320] -> 0x0F13
mem[X,0x0000000080001322] -> 0x010F
[1229] [M]: 0x0000000080001320 (0x010F0F13) addi t5, t5, 0x10
x30 <- 0xFFFFFFEFFFFBF810

mem[X,0x0000000080001324] -> 0x1F13
mem[X,0x0000000080001326] -> 0x00BF
[1230] [M]: 0x0000000080001324 (0x00BF1F13) slli t5, t5, 0xb
x30 <- 0xFFFF7FFFDFC08000

mem[X,0x0000000080001328] -> 0x0F13
mem[X,0x000000008000132A] -> 0x004F
[1231] [M]: 0x0000000080001328 (0x004F0F13) addi t5, t5, 0x4
x30 <- 0xFFFF7FFFDFC08004

mem[X,0x000000008000132C] -> 0x1F13
mem[X,0x000000008000132E] -> 0x00AF
[1232] [M]: 0x000000008000132C (0x00AF1F13) slli t5, t5, 0xa
x30 <- 0xFDFFFF7F02001000

mem[X,0x0000000080001330] -> 0xBEB7
mem[X,0x0000000080001332] -> 0xFFFA
[1233] [M]: 0x0000000080001330 (0xFFFABEB7) lui t4, -0x55
x29 <- 0xFFFFFFFFFFFAB000

mem[X,0x0000000080001334] -> 0x8E93
mem[X,0x0000000080001336] -> 0xAAAE
[1234] [M]: 0x0000000080001334 (0xAAAE8E93) addi t4, t4, -0x556
x29 <- 0xFFFFFFFFFFFAAAAA

mem[X,0x0000000080001338] -> 0x9E93
mem[X,0x000000008000133A] -> 0x00BE
[1235] [M]: 0x0000000080001338 (0x00BE9E93) slli t4, t4, 0xb
x29 <- 0xFFFFFFFFD5555000

mem[X,0x000000008000133C] -> 0x8E93
mem[X,0x000000008000133E] -> 0x020E
[1236] [M]: 0x000000008000133C (0x020E8E93) addi t4, t4, 0x20
x29 <- 0xFFFFFFFFD5555020

mem[X,0x0000000080001340] -> 0x9E93
mem[X,0x0000000080001342] -> 0x00BE
[1237] [M]: 0x0000000080001340 (0x00BE9E93) slli t4, t4, 0xb
x29 <- 0xFFFFFEAAAA810000

mem[X,0x0000000080001344] -> 0x8E93
mem[X,0x0000000080001346] -> 0x000E
[1238] [M]: 0x0000000080001344 (0x000E8E93) addi t4, t4, 0x0
x29 <- 0xFFFFFEAAAA810000

mem[X,0x0000000080001348] -> 0x9E93
mem[X,0x000000008000134A] -> 0x00AE
[1239] [M]: 0x0000000080001348 (0x00AE9E93) slli t4, t4, 0xa
x29 <- 0xFFFAAAAA04000000

mem[X,0x000000008000134C] -> 0x8E93
mem[X,0x000000008000134E] -> 0x003E
[1240] [M]: 0x000000008000134C (0x003E8E93) addi t4, t4, 0x3
x29 <- 0xFFFAAAAA04000003

mem[X,0x0000000080001350] -> 0x7FBB
mem[X,0x0000000080001352] -> 0xB1DF
[1241] [M]: 0x0000000080001350 (0xB1DF7FBB) pmulh.h.bo t6, t5, t4
x31 <- 0x0000000000000000

mem[X,0x0000000080001354] -> 0xB823
mem[X,0x0000000080001356] -> 0x11F0
[1242] [M]: 0x0000000080001354 (0x11F0B823) sd t6, 0x110(ra)
mem[0x0000000080004308] <- 0x0000000000000000

mem[X,0x0000000080001358] -> 0x0F37
mem[X,0x000000008000135A] -> 0xFBFF
[1243] [M]: 0x0000000080001358 (0xFBFF0F37) lui t5, -0x4010
x30 <- 0xFFFFFFFFFBFF0000

mem[X,0x000000008000135C] -> 0x0F13
mem[X,0x000000008000135E] -> 0x005F
[1244] [M]: 0x000000008000135C (0x005F0F13) addi t5, t5, 0x5
x30 <- 0xFFFFFFFFFBFF0005

mem[X,0x0000000080001360] -> 0x1F13
mem[X,0x0000000080001362] -> 0x00BF
[1245] [M]: 0x0000000080001360 (0x00BF1F13) slli t5, t5, 0xb
x30 <- 0xFFFFFFDFF8002800

mem[X,0x0000000080001364] -> 0x0F13
mem[X,0x0000000080001366] -> 0x7FFF
[1246] [M]: 0x0000000080001364 (0x7FFF0F13) addi t5, t5, 0x7ff
x30 <- 0xFFFFFFDFF8002FFF

mem[X,0x0000000080001368] -> 0x1F13
mem[X,0x000000008000136A] -> 0x00BF
[1247] [M]: 0x0000000080001368 (0x00BF1F13) slli t5, t5, 0xb
x30 <- 0xFFFEFFC0017FF800

mem[X,0x000000008000136C] -> 0x0F13
mem[X,0x000000008000136E] -> 0x67FF
[1248] [M]: 0x000000008000136C (0x67FF0F13) addi t5, t5, 0x67f
x30 <- 0xFFFEFFC0017FFE7F

mem[X,0x0000000080001370] -> 0x1F13
mem[X,0x0000000080001372] -> 0x00AF
[1249] [M]: 0x0000000080001370 (0x00AF1F13) slli t5, t5, 0xa
x30 <- 0xFBFF0005FFF9FC00

mem[X,0x0000000080001374] -> 0x0F13
mem[X,0x0000000080001376] -> 0x3FBF
[1250] [M]: 0x0000000080001374 (0x3FBF0F13) addi t5, t5, 0x3fb
x30 <- 0xFBFF0005FFF9FFFB

mem[X,0x0000000080001378] -> 0x0EB7
mem[X,0x000000008000137A] -> 0x4000
[1251] [M]: 0x0000000080001378 (0x40000EB7) lui t4, 0x40000
x29 <- 0x0000000040000000

mem[X,0x000000008000137C] -> 0x8E93
mem[X,0x000000008000137E] -> 0x000E
[1252] [M]: 0x000000008000137C (0x000E8E93) addi t4, t4, 0x0
x29 <- 0x0000000040000000

mem[X,0x0000000080001380] -> 0x9E93
mem[X,0x0000000080001382] -> 0x00BE
[1253] [M]: 0x0000000080001380 (0x00BE9E93) slli t4, t4, 0xb
x29 <- 0x0000020000000000

mem[X,0x0000000080001384] -> 0x8E93
mem[X,0x0000000080001386] -> 0x400E
[1254] [M]: 0x0000000080001384 (0x400E8E93) addi t4, t4, 0x400
x29 <- 0x0000020000000400

mem[X,0x0000000080001388] -> 0x9E93
mem[X,0x000000008000138A] -> 0x00BE
[1255] [M]: 0x0000000080001388 (0x00BE9E93) slli t4, t4, 0xb
x29 <- 0x0010000000200000

mem[X,0x000000008000138C] -> 0x8E93
mem[X,0x000000008000138E] -> 0x000E
[1256] [M]: 0x000000008000138C (0x000E8E93) addi t4, t4, 0x0
x29 <- 0x0010000000200000

mem[X,0x0000000080001390] -> 0x9E93
mem[X,0x0000000080001392] -> 0x00AE
[1257] [M]: 0x0000000080001390 (0x00AE9E93) slli t4, t4, 0xa
x29 <- 0x4000000080000000

mem[X,0x0000000080001394] -> 0x8E93
mem[X,0x0000000080001396] -> 0x040E
[1258] [M]: 0x0000000080001394 (0x040E8E93) addi t4, t4, 0x40
x29 <- 0x4000000080000040

mem[X,0x0000000080001398] -> 0x7FBB
mem[X,0x000000008000139A] -> 0xB1DF
[1259] [M]: 0x0000000080001398 (0xB1DF7FBB) pmulh.h.bo t6, t5, t4
x31 <- 0xFFFE000000000000

mem[X,0x000000008000139C] -> 0xBC23
mem[X,0x000000008000139E] -> 0x11F0
[1260] [M]: 0x000000008000139C (0x11F0BC23) sd t6, 0x118(ra)
mem[0x0000000080004310] <- 0xFFFE000000000000

mem[X,0x00000000800013A0] -> 0x0F37
mem[X,0x00000000800013A2] -> 0xEFFF
[1261] [M]: 0x00000000800013A0 (0xEFFF0F37) lui t5, -0x10010
x30 <- 0xFFFFFFFFEFFF0000

mem[X,0x00000000800013A4] -> 0x0F13
mem[X,0x00000000800013A6] -> 0x010F
[1262] [M]: 0x00000000800013A4 (0x010F0F13) addi t5, t5, 0x10
x30 <- 0xFFFFFFFFEFFF0010

mem[X,0x00000000800013A8] -> 0x1F13
mem[X,0x00000000800013AA] -> 0x00BF
[1263] [M]: 0x00000000800013A8 (0x00BF1F13) slli t5, t5, 0xb
x30 <- 0xFFFFFF7FF8008000

mem[X,0x00000000800013AC] -> 0x0F13
mem[X,0x00000000800013AE] -> 0x000F
[1264] [M]: 0x00000000800013AC (0x000F0F13) addi t5, t5, 0x0
x30 <- 0xFFFFFF7FF8008000

mem[X,0x00000000800013B0] -> 0x1F13
mem[X,0x00000000800013B2] -> 0x00BF
[1265] [M]: 0x00000000800013B0 (0x00BF1F13) slli t5, t5, 0xb
x30 <- 0xFFFBFFC004000000

mem[X,0x00000000800013B4] -> 0x0F13
mem[X,0x00000000800013B6] -> 0x400F
[1266] [M]: 0x00000000800013B4 (0x400F0F13) addi t5, t5, 0x400
x30 <- 0xFFFBFFC004000400

mem[X,0x00000000800013B8] -> 0x1F13
mem[X,0x00000000800013BA] -> 0x00AF
[1267] [M]: 0x00000000800013B8 (0x00AF1F13) slli t5, t5, 0xa
x30 <- 0xEFFF001000100000

mem[X,0x00000000800013BC] -> 0x0F13
mem[X,0x00000000800013BE] -> 0x001F
[1268] [M]: 0x00000000800013BC (0x001F0F13) addi t5, t5, 0x1
x30 <- 0xEFFF001000100001

mem[X,0x00000000800013C0] -> 0x8EB7
mem[X,0x00000000800013C2] -> 0xFBFF
[1269] [M]: 0x00000000800013C0 (0xFBFF8EB7) lui t4, -0x4008
x29 <- 0xFFFFFFFFFBFF8000

mem[X,0x00000000800013C4] -> 0x8E93
mem[X,0x00000000800013C6] -> 0xFFFE
[1270] [M]: 0x00000000800013C4 (0xFFFE8E93) addi t4, t4, -0x1
x29 <- 0xFFFFFFFFFBFF7FFF

mem[X,0x00000000800013C8] -> 0x9E93
mem[X,0x00000000800013CA] -> 0x00BE
[1271] [M]: 0x00000000800013C8 (0x00BE9E93) slli t4, t4, 0xb
x29 <- 0xFFFFFFDFFBFFF800

mem[X,0x00000000800013CC] -> 0x8E93
mem[X,0x00000000800013CE] -> 0x600E
[1272] [M]: 0x00000000800013CC (0x600E8E93) addi t4, t4, 0x600
x29 <- 0xFFFFFFDFFBFFFE00

mem[X,0x00000000800013D0] -> 0x9E93
mem[X,0x00000000800013D2] -> 0x00BE
[1273] [M]: 0x00000000800013D0 (0x00BE9E93) slli t4, t4, 0xb
x29 <- 0xFFFEFFDFFFF00000

mem[X,0x00000000800013D4] -> 0x8E93
mem[X,0x00000000800013D6] -> 0x000E
[1274] [M]: 0x00000000800013D4 (0x000E8E93) addi t4, t4, 0x0
x29 <- 0xFFFEFFDFFFF00000

mem[X,0x00000000800013D8] -> 0x9E93
mem[X,0x00000000800013DA] -> 0x00AE
[1275] [M]: 0x00000000800013D8 (0x00AE9E93) slli t4, t4, 0xa
x29 <- 0xFBFF7FFFC0000000

mem[X,0x00000000800013DC] -> 0x8E93
mem[X,0x00000000800013DE] -> 0x005E
[1276] [M]: 0x00000000800013DC (0x005E8E93) addi t4, t4, 0x5
x29 <- 0xFBFF7FFFC0000005

mem[X,0x00000000800013E0] -> 0x7FBB
mem[X,0x00000000800013E2] -> 0xB1DF
[1277] [M]: 0x00000000800013E0 (0xB1DF7FBB) pmulh.h.bo t6, t5, t4
x31 <- 0x00000000FFFF0000

mem[X,0x00000000800013E4] -> 0xB023
mem[X,0x00000000800013E6] -> 0x13F0
[1278] [M]: 0x00000000800013E4 (0x13F0B023) sd t6, 0x120(ra)
mem[0x0000000080004318] <- 0x00000000FFFF0000

mem[X,0x00000000800013E8] -> 0x0F37
mem[X,0x00000000800013EA] -> 0xBFFF
[1279] [M]: 0x00000000800013E8 (0xBFFF0F37) lui t5, -0x40010
x30 <- 0xFFFFFFFFBFFF0000

mem[X,0x00000000800013EC] -> 0x0F13
mem[X,0x00000000800013EE] -> 0x002F
[1280] [M]: 0x00000000800013EC (0x002F0F13) addi t5, t5, 0x2
x30 <- 0xFFFFFFFFBFFF0002

mem[X,0x00000000800013F0] -> 0x1F13
mem[X,0x00000000800013F2] -> 0x00BF
[1281] [M]: 0x00000000800013F0 (0x00BF1F13) slli t5, t5, 0xb
x30 <- 0xFFFFFDFFF8001000

mem[X,0x00000000800013F4] -> 0x0F13
mem[X,0x00000000800013F6] -> 0x77FF
[1282] [M]: 0x00000000800013F4 (0x77FF0F13) addi t5, t5, 0x77f
x30 <- 0xFFFFFDFFF800177F

mem[X,0x00000000800013F8] -> 0x1F13
mem[X,0x00000000800013FA] -> 0x00BF
[1283] [M]: 0x00000000800013F8 (0x00BF1F13) slli t5, t5, 0xb
x30 <- 0xFFEFFFC000BBF800

mem[X,0x00000000800013FC] -> 0x0F13
mem[X,0x00000000800013FE] -> 0x7C4F
[1284] [M]: 0x00000000800013FC (0x7C4F0F13) addi t5, t5, 0x7c4
x30 <- 0xFFEFFFC000BBFFC4

mem[X,0x0000000080001400] -> 0x1F13
mem[X,0x0000000080001402] -> 0x00AF
[1285] [M]: 0x0000000080001400 (0x00AF1F13) slli t5, t5, 0xa
x30 <- 0xBFFF0002EFFF1000

mem[X,0x0000000080001404] -> 0x0EB7
mem[X,0x0000000080001406] -> 0x0010
[1286] [M]: 0x0000000080001404 (0x00100EB7) lui t4, 0x100
x29 <- 0x0000000000100000

mem[X,0x0000000080001408] -> 0x8E93
mem[X,0x000000008000140A] -> 0x040E
[1287] [M]: 0x0000000080001408 (0x040E8E93) addi t4, t4, 0x40
x29 <- 0x0000000000100040

mem[X,0x000000008000140C] -> 0x9E93
mem[X,0x000000008000140E] -> 0x00BE
[1288] [M]: 0x000000008000140C (0x00BE9E93) slli t4, t4, 0xb
x29 <- 0x0000000080020000

mem[X,0x0000000080001410] -> 0x8E93
mem[X,0x0000000080001412] -> 0x000E
[1289] [M]: 0x0000000080001410 (0x000E8E93) addi t4, t4, 0x0
x29 <- 0x0000000080020000

mem[X,0x0000000080001414] -> 0x9E93
mem[X,0x0000000080001416] -> 0x00BE
[1290] [M]: 0x0000000080001414 (0x00BE9E93) slli t4, t4, 0xb
x29 <- 0x0000040010000000

mem[X,0x0000000080001418] -> 0x8E93
mem[X,0x000000008000141A] -> 0x144E
[1291] [M]: 0x0000000080001418 (0x144E8E93) addi t4, t4, 0x144
x29 <- 0x0000040010000144

mem[X,0x000000008000141C] -> 0x9E93
mem[X,0x000000008000141E] -> 0x00AE
[1292] [M]: 0x000000008000141C (0x00AE9E93) slli t4, t4, 0xa
x29 <- 0x0010004000051000

mem[X,0x0000000080001420] -> 0x7FBB
mem[X,0x0000000080001422] -> 0xB1DF
[1293] [M]: 0x0000000080001420 (0xB1DF7FBB) pmulh.h.bo t6, t5, t4
x31 <- 0x0000000000000001

mem[X,0x0000000080001424] -> 0xB423
mem[X,0x0000000080001426] -> 0x13F0
[1294] [M]: 0x0000000080001424 (0x13F0B423) sd t6, 0x128(ra)
mem[0x0000000080004320] <- 0x0000000000000001

mem[X,0x0000000080001428] -> 0x0F37
mem[X,0x000000008000142A] -> 0xAAAA
[1295] [M]: 0x0000000080001428 (0xAAAA0F37) lui t5, -0x55560
x30 <- 0xFFFFFFFFAAAA0000

mem[X,0x000000008000142C] -> 0x0F13
mem[X,0x000000008000142E] -> 0x020F
[1296] [M]: 0x000000008000142C (0x020F0F13) addi t5, t5, 0x20
x30 <- 0xFFFFFFFFAAAA0020

mem[X,0x0000000080001430] -> 0x1F13
mem[X,0x0000000080001432] -> 0x00BF
[1297] [M]: 0x0000000080001430 (0x00BF1F13) slli t5, t5, 0xb
x30 <- 0xFFFFFD5550010000

mem[X,0x0000000080001434] -> 0x0F13
mem[X,0x0000000080001436] -> 0x000F
[1298] [M]: 0x0000000080001434 (0x000F0F13) addi t5, t5, 0x0
x30 <- 0xFFFFFD5550010000

mem[X,0x0000000080001438] -> 0x1F13
mem[X,0x000000008000143A] -> 0x00BF
[1299] [M]: 0x0000000080001438 (0x00BF1F13) slli t5, t5, 0xb
x30 <- 0xFFEAAA8008000000

clint::tick mtime <- 0x000000000000000D
 clint timer pending at mtime 0x000000000000000D
htif::tick 0x0000000000000000
mem[X,0x000000008000143C] -> 0x0F13
mem[X,0x000000008000143E] -> 0x0FBF
[1300] [M]: 0x000000008000143C (0x0FBF0F13) addi t5, t5, 0xfb
x30 <- 0xFFEAAA80080000FB

mem[X,0x0000000080001440] -> 0x1F13
mem[X,0x0000000080001442] -> 0x00AF
[1301] [M]: 0x0000000080001440 (0x00AF1F13) slli t5, t5, 0xa
x30 <- 0xAAAA00200003EC00

mem[X,0x0000000080001444] -> 0x0F13
mem[X,0x0000000080001446] -> 0x3FFF
[1302] [M]: 0x0000000080001444 (0x3FFF0F13) addi t5, t5, 0x3ff
x30 <- 0xAAAA00200003EFFF

mem[X,0x0000000080001448] -> 0x8EB7
mem[X,0x000000008000144A] -> 0xFFFF
[1303] [M]: 0x0000000080001448 (0xFFFF8EB7) lui t4, -0x8
x29 <- 0xFFFFFFFFFFFF8000

mem[X,0x000000008000144C] -> 0x8E93
mem[X,0x000000008000144E] -> 0xFFFE
[1304] [M]: 0x000000008000144C (0xFFFE8E93) addi t4, t4, -0x1
x29 <- 0xFFFFFFFFFFFF7FFF

mem[X,0x0000000080001450] -> 0x9E93
mem[X,0x0000000080001452] -> 0x00BE
[1305] [M]: 0x0000000080001450 (0x00BE9E93) slli t4, t4, 0xb
x29 <- 0xFFFFFFFFFBFFF800

mem[X,0x0000000080001454] -> 0x8E93
mem[X,0x0000000080001456] -> 0x080E
[1306] [M]: 0x0000000080001454 (0x080E8E93) addi t4, t4, 0x80
x29 <- 0xFFFFFFFFFBFFF880

mem[X,0x0000000080001458] -> 0x9E93
mem[X,0x000000008000145A] -> 0x00BE
[1307] [M]: 0x0000000080001458 (0x00BE9E93) slli t4, t4, 0xb
x29 <- 0xFFFFFFDFFFC40000

mem[X,0x000000008000145C] -> 0x8E93
mem[X,0x000000008000145E] -> 0x03FE
[1308] [M]: 0x000000008000145C (0x03FE8E93) addi t4, t4, 0x3f
x29 <- 0xFFFFFFDFFFC4003F

mem[X,0x0000000080001460] -> 0x9E93
mem[X,0x0000000080001462] -> 0x00AE
[1309] [M]: 0x0000000080001460 (0x00AE9E93) slli t4, t4, 0xa
x29 <- 0xFFFF7FFF1000FC00

mem[X,0x0000000080001464] -> 0x8E93
mem[X,0x0000000080001466] -> 0x3BFE
[1310] [M]: 0x0000000080001464 (0x3BFE8E93) addi t4, t4, 0x3bf
x29 <- 0xFFFF7FFF1000FFBF

mem[X,0x0000000080001468] -> 0x7FBB
mem[X,0x000000008000146A] -> 0xB1DF
[1311] [M]: 0x0000000080001468 (0xB1DF7FBB) pmulh.h.bo t6, t5, t4
x31 <- 0x0000000000000000

mem[X,0x000000008000146C] -> 0xB823
mem[X,0x000000008000146E] -> 0x13F0
[1312] [M]: 0x000000008000146C (0x13F0B823) sd t6, 0x130(ra)
mem[0x0000000080004328] <- 0x0000000000000000

mem[X,0x0000000080001470] -> 0x0F37
mem[X,0x0000000080001472] -> 0x0006
[1313] [M]: 0x0000000080001470 (0x00060F37) lui t5, 0x60
x30 <- 0x0000000000060000

mem[X,0x0000000080001474] -> 0x0F13
mem[X,0x0000000080001476] -> 0xFF9F
[1314] [M]: 0x0000000080001474 (0xFF9F0F13) addi t5, t5, -0x7
x30 <- 0x000000000005FFF9

mem[X,0x0000000080001478] -> 0x1F13
mem[X,0x000000008000147A] -> 0x00BF
[1315] [M]: 0x0000000080001478 (0x00BF1F13) slli t5, t5, 0xb
x30 <- 0x000000002FFFC800

mem[X,0x000000008000147C] -> 0x0F13
mem[X,0x000000008000147E] -> 0x1FFF
[1316] [M]: 0x000000008000147C (0x1FFF0F13) addi t5, t5, 0x1ff
x30 <- 0x000000002FFFC9FF

mem[X,0x0000000080001480] -> 0x1F13
mem[X,0x0000000080001482] -> 0x00BF
[1317] [M]: 0x0000000080001480 (0x00BF1F13) slli t5, t5, 0xb
x30 <- 0x0000017FFE4FF800

mem[X,0x0000000080001484] -> 0x0F13
mem[X,0x0000000080001486] -> 0x7C0F
[1318] [M]: 0x0000000080001484 (0x7C0F0F13) addi t5, t5, 0x7c0
x30 <- 0x0000017FFE4FFFC0

mem[X,0x0000000080001488] -> 0x1F13
mem[X,0x000000008000148A] -> 0x00AF
[1319] [M]: 0x0000000080001488 (0x00AF1F13) slli t5, t5, 0xa
x30 <- 0x0005FFF93FFF0000

mem[X,0x000000008000148C] -> 0x0EB7
mem[X,0x000000008000148E] -> 0x8000
[1320] [M]: 0x000000008000148C (0x80000EB7) lui t4, -0x80000
x29 <- 0xFFFFFFFF80000000

mem[X,0x0000000080001490] -> 0x8E93
mem[X,0x0000000080001492] -> 0x020E
[1321] [M]: 0x0000000080001490 (0x020E8E93) addi t4, t4, 0x20
x29 <- 0xFFFFFFFF80000020

mem[X,0x0000000080001494] -> 0x9E93
mem[X,0x0000000080001496] -> 0x00BE
[1322] [M]: 0x0000000080001494 (0x00BE9E93) slli t4, t4, 0xb
x29 <- 0xFFFFFC0000010000

mem[X,0x0000000080001498] -> 0x8E93
mem[X,0x000000008000149A] -> 0x000E
[1323] [M]: 0x0000000080001498 (0x000E8E93) addi t4, t4, 0x0
x29 <- 0xFFFFFC0000010000

mem[X,0x000000008000149C] -> 0x9E93
mem[X,0x000000008000149E] -> 0x00BE
[1324] [M]: 0x000000008000149C (0x00BE9E93) slli t4, t4, 0xb
x29 <- 0xFFE0000008000000

mem[X,0x00000000800014A0] -> 0x8E93
mem[X,0x00000000800014A2] -> 0x420E
[1325] [M]: 0x00000000800014A0 (0x420E8E93) addi t4, t4, 0x420
x29 <- 0xFFE0000008000420

mem[X,0x00000000800014A4] -> 0x9E93
mem[X,0x00000000800014A6] -> 0x00AE
[1326] [M]: 0x00000000800014A4 (0x00AE9E93) slli t4, t4, 0xa
x29 <- 0x8000002000108000

mem[X,0x00000000800014A8] -> 0x7FBB
mem[X,0x00000000800014AA] -> 0xB1DF
[1327] [M]: 0x00000000800014A8 (0xB1DF7FBB) pmulh.h.bo t6, t5, t4
x31 <- 0xFFFF000000000000

mem[X,0x00000000800014AC] -> 0xBC23
mem[X,0x00000000800014AE] -> 0x13F0
[1328] [M]: 0x00000000800014AC (0x13F0BC23) sd t6, 0x138(ra)
mem[0x0000000080004330] <- 0xFFFF000000000000

mem[X,0x00000000800014B0] -> 0x0F37
mem[X,0x00000000800014B2] -> 0x5555
[1329] [M]: 0x00000000800014B0 (0x55550F37) lui t5, 0x55550
x30 <- 0x0000000055550000

mem[X,0x00000000800014B4] -> 0x0F13
mem[X,0x00000000800014B6] -> 0x010F
[1330] [M]: 0x00000000800014B4 (0x010F0F13) addi t5, t5, 0x10
x30 <- 0x0000000055550010

mem[X,0x00000000800014B8] -> 0x1F13
mem[X,0x00000000800014BA] -> 0x00BF
[1331] [M]: 0x00000000800014B8 (0x00BF1F13) slli t5, t5, 0xb
x30 <- 0x000002AAA8008000

mem[X,0x00000000800014BC] -> 0x0F13
mem[X,0x00000000800014BE] -> 0x000F
[1332] [M]: 0x00000000800014BC (0x000F0F13) addi t5, t5, 0x0
x30 <- 0x000002AAA8008000

mem[X,0x00000000800014C0] -> 0x1F13
mem[X,0x00000000800014C2] -> 0x00BF
[1333] [M]: 0x00000000800014C0 (0x00BF1F13) slli t5, t5, 0xb
x30 <- 0x0015554004000000

mem[X,0x00000000800014C4] -> 0x0F13
mem[X,0x00000000800014C6] -> 0x240F
[1334] [M]: 0x00000000800014C4 (0x240F0F13) addi t5, t5, 0x240
x30 <- 0x0015554004000240

mem[X,0x00000000800014C8] -> 0x1F13
mem[X,0x00000000800014CA] -> 0x00AF
[1335] [M]: 0x00000000800014C8 (0x00AF1F13) slli t5, t5, 0xa
x30 <- 0x5555001000090000

mem[X,0x00000000800014CC] -> 0x0F13
mem[X,0x00000000800014CE] -> 0x100F
[1336] [M]: 0x00000000800014CC (0x100F0F13) addi t5, t5, 0x100
x30 <- 0x5555001000090100

mem[X,0x00000000800014D0] -> 0x0EB7
mem[X,0x00000000800014D2] -> 0xFFC0
[1337] [M]: 0x00000000800014D0 (0xFFC00EB7) lui t4, -0x400
x29 <- 0xFFFFFFFFFFC00000

mem[X,0x00000000800014D4] -> 0x8E93
mem[X,0x00000000800014D6] -> 0xFEFE
[1338] [M]: 0x00000000800014D4 (0xFEFE8E93) addi t4, t4, -0x11
x29 <- 0xFFFFFFFFFFBFFFEF

mem[X,0x00000000800014D8] -> 0x9E93
mem[X,0x00000000800014DA] -> 0x00BE
[1339] [M]: 0x00000000800014D8 (0x00BE9E93) slli t4, t4, 0xb
x29 <- 0xFFFFFFFDFFFF7800

mem[X,0x00000000800014DC] -> 0x8E93
mem[X,0x00000000800014DE] -> 0x3FFE
[1340] [M]: 0x00000000800014DC (0x3FFE8E93) addi t4, t4, 0x3ff
x29 <- 0xFFFFFFFDFFFF7BFF

mem[X,0x00000000800014E0] -> 0x9E93
mem[X,0x00000000800014E2] -> 0x00BE
[1341] [M]: 0x00000000800014E0 (0x00BE9E93) slli t4, t4, 0xb
x29 <- 0xFFFFEFFFFBDFF800

mem[X,0x00000000800014E4] -> 0x8E93
mem[X,0x00000000800014E6] -> 0x7FFE
[1342] [M]: 0x00000000800014E4 (0x7FFE8E93) addi t4, t4, 0x7ff
x29 <- 0xFFFFEFFFFBDFFFFF

mem[X,0x00000000800014E8] -> 0x9E93
mem[X,0x00000000800014EA] -> 0x00AE
[1343] [M]: 0x00000000800014E8 (0x00AE9E93) slli t4, t4, 0xa
x29 <- 0xFFBFFFEF7FFFFC00

mem[X,0x00000000800014EC] -> 0x8E93
mem[X,0x00000000800014EE] -> 0x3FFE
[1344] [M]: 0x00000000800014EC (0x3FFE8E93) addi t4, t4, 0x3ff
x29 <- 0xFFBFFFEF7FFFFFFF

mem[X,0x00000000800014F0] -> 0x7FBB
mem[X,0x00000000800014F2] -> 0xB1DF
[1345] [M]: 0x00000000800014F0 (0xB1DF7FBB) pmulh.h.bo t6, t5, t4
x31 <- 0xFFFFFFFF0000FFFF

mem[X,0x00000000800014F4] -> 0xB023
mem[X,0x00000000800014F6] -> 0x15F0
[1346] [M]: 0x00000000800014F4 (0x15F0B023) sd t6, 0x140(ra)
mem[0x0000000080004338] <- 0xFFFFFFFF0000FFFF

mem[X,0x00000000800014F8] -> 0x0F37
mem[X,0x00000000800014FA] -> 0xFFFE
[1347] [M]: 0x00000000800014F8 (0xFFFE0F37) lui t5, -0x20
x30 <- 0xFFFFFFFFFFFE0000

mem[X,0x00000000800014FC] -> 0x0F13
mem[X,0x00000000800014FE] -> 0xFFBF
[1348] [M]: 0x00000000800014FC (0xFFBF0F13) addi t5, t5, -0x5
x30 <- 0xFFFFFFFFFFFDFFFB

mem[X,0x0000000080001500] -> 0x1F13
mem[X,0x0000000080001502] -> 0x00BF
[1349] [M]: 0x0000000080001500 (0x00BF1F13) slli t5, t5, 0xb
x30 <- 0xFFFFFFFFEFFFD800

mem[X,0x0000000080001504] -> 0x0F13
mem[X,0x0000000080001506] -> 0x100F
[1350] [M]: 0x0000000080001504 (0x100F0F13) addi t5, t5, 0x100
x30 <- 0xFFFFFFFFEFFFD900

mem[X,0x0000000080001508] -> 0x1F13
mem[X,0x000000008000150A] -> 0x00BF
[1351] [M]: 0x0000000080001508 (0x00BF1F13) slli t5, t5, 0xb
x30 <- 0xFFFFFF7FFEC80000

mem[X,0x000000008000150C] -> 0x0F13
mem[X,0x000000008000150E] -> 0x03FF
[1352] [M]: 0x000000008000150C (0x03FF0F13) addi t5, t5, 0x3f
x30 <- 0xFFFFFF7FFEC8003F

mem[X,0x0000000080001510] -> 0x1F13
mem[X,0x0000000080001512] -> 0x00AF
[1353] [M]: 0x0000000080001510 (0x00AF1F13) slli t5, t5, 0xa
x30 <- 0xFFFDFFFB2000FC00

mem[X,0x0000000080001514] -> 0x0F13
mem[X,0x0000000080001516] -> 0x3EFF
[1354] [M]: 0x0000000080001514 (0x3EFF0F13) addi t5, t5, 0x3ef
x30 <- 0xFFFDFFFB2000FFEF

mem[X,0x0000000080001518] -> 0x0EB7
mem[X,0x000000008000151A] -> 0xFFF7
[1355] [M]: 0x0000000080001518 (0xFFF70EB7) lui t4, -0x90
x29 <- 0xFFFFFFFFFFF70000

mem[X,0x000000008000151C] -> 0x8E93
mem[X,0x000000008000151E] -> 0x020E
[1356] [M]: 0x000000008000151C (0x020E8E93) addi t4, t4, 0x20
x29 <- 0xFFFFFFFFFFF70020

mem[X,0x0000000080001520] -> 0x9E93
mem[X,0x0000000080001522] -> 0x00BE
[1357] [M]: 0x0000000080001520 (0x00BE9E93) slli t4, t4, 0xb
x29 <- 0xFFFFFFFFB8010000

mem[X,0x0000000080001524] -> 0x8E93
mem[X,0x0000000080001526] -> 0x5FFE
[1358] [M]: 0x0000000080001524 (0x5FFE8E93) addi t4, t4, 0x5ff
x29 <- 0xFFFFFFFFB80105FF

mem[X,0x0000000080001528] -> 0x9E93
mem[X,0x000000008000152A] -> 0x00BE
[1359] [M]: 0x0000000080001528 (0x00BE9E93) slli t4, t4, 0xb
x29 <- 0xFFFFFDC0082FF800

mem[X,0x000000008000152C] -> 0x8E93
mem[X,0x000000008000152E] -> 0x7DFE
[1360] [M]: 0x000000008000152C (0x7DFE8E93) addi t4, t4, 0x7df
x29 <- 0xFFFFFDC0082FFFDF

mem[X,0x0000000080001530] -> 0x9E93
mem[X,0x0000000080001532] -> 0x00AE
[1361] [M]: 0x0000000080001530 (0x00AE9E93) slli t4, t4, 0xa
x29 <- 0xFFF70020BFFF7C00

mem[X,0x0000000080001534] -> 0x8E93
mem[X,0x0000000080001536] -> 0x3FFE
[1362] [M]: 0x0000000080001534 (0x3FFE8E93) addi t4, t4, 0x3ff
x29 <- 0xFFF70020BFFF7FFF

mem[X,0x0000000080001538] -> 0x7FBB
mem[X,0x000000008000153A] -> 0xB1DF
[1363] [M]: 0x0000000080001538 (0xB1DF7FBB) pmulh.h.bo t6, t5, t4
x31 <- 0x00000000FFF7FFFF

mem[X,0x000000008000153C] -> 0xB423
mem[X,0x000000008000153E] -> 0x15F0
[1364] [M]: 0x000000008000153C (0x15F0B423) sd t6, 0x148(ra)
mem[0x0000000080004340] <- 0x00000000FFF7FFFF

mem[X,0x0000000080001540] -> 0x0F37
mem[X,0x0000000080001542] -> 0xFF80
[1365] [M]: 0x0000000080001540 (0xFF800F37) lui t5, -0x800
x30 <- 0xFFFFFFFFFF800000

mem[X,0x0000000080001544] -> 0x0F13
mem[X,0x0000000080001546] -> 0xEFFF
[1366] [M]: 0x0000000080001544 (0xEFFF0F13) addi t5, t5, -0x101
x30 <- 0xFFFFFFFFFF7FFEFF

mem[X,0x0000000080001548] -> 0x1F13
mem[X,0x000000008000154A] -> 0x00BF
[1367] [M]: 0x0000000080001548 (0x00BF1F13) slli t5, t5, 0xb
x30 <- 0xFFFFFFFBFFF7F800

mem[X,0x000000008000154C] -> 0x0F13
mem[X,0x000000008000154E] -> 0x5FFF
[1368] [M]: 0x000000008000154C (0x5FFF0F13) addi t5, t5, 0x5ff
x30 <- 0xFFFFFFFBFFF7FDFF

mem[X,0x0000000080001550] -> 0x1F13
mem[X,0x0000000080001552] -> 0x00BF
[1369] [M]: 0x0000000080001550 (0x00BF1F13) slli t5, t5, 0xb
x30 <- 0xFFFFDFFFBFEFF800

mem[X,0x0000000080001554] -> 0x0F13
mem[X,0x0000000080001556] -> 0x7C0F
[1370] [M]: 0x0000000080001554 (0x7C0F0F13) addi t5, t5, 0x7c0
x30 <- 0xFFFFDFFFBFEFFFC0

mem[X,0x0000000080001558] -> 0x1F13
mem[X,0x000000008000155A] -> 0x00AF
[1371] [M]: 0x0000000080001558 (0x00AF1F13) slli t5, t5, 0xa
x30 <- 0xFF7FFEFFBFFF0000

mem[X,0x000000008000155C] -> 0x0EB7
mem[X,0x000000008000155E] -> 0x0007
[1372] [M]: 0x000000008000155C (0x00070EB7) lui t4, 0x70
x29 <- 0x0000000000070000

mem[X,0x0000000080001560] -> 0x8E93
mem[X,0x0000000080001562] -> 0x010E
[1373] [M]: 0x0000000080001560 (0x010E8E93) addi t4, t4, 0x10
x29 <- 0x0000000000070010

mem[X,0x0000000080001564] -> 0x9E93
mem[X,0x0000000080001566] -> 0x00BE
[1374] [M]: 0x0000000080001564 (0x00BE9E93) slli t4, t4, 0xb
x29 <- 0x0000000038008000

mem[X,0x0000000080001568] -> 0x8E93
mem[X,0x000000008000156A] -> 0x600E
[1375] [M]: 0x0000000080001568 (0x600E8E93) addi t4, t4, 0x600
x29 <- 0x0000000038008600

mem[X,0x000000008000156C] -> 0x9E93
mem[X,0x000000008000156E] -> 0x00BE
[1376] [M]: 0x000000008000156C (0x00BE9E93) slli t4, t4, 0xb
x29 <- 0x000001C004300000

mem[X,0x0000000080001570] -> 0x8E93
mem[X,0x0000000080001572] -> 0x000E
[1377] [M]: 0x0000000080001570 (0x000E8E93) addi t4, t4, 0x0
x29 <- 0x000001C004300000

mem[X,0x0000000080001574] -> 0x9E93
mem[X,0x0000000080001576] -> 0x00AE
[1378] [M]: 0x0000000080001574 (0x00AE9E93) slli t4, t4, 0xa
x29 <- 0x00070010C0000000

mem[X,0x0000000080001578] -> 0x8E93
mem[X,0x000000008000157A] -> 0x200E
[1379] [M]: 0x0000000080001578 (0x200E8E93) addi t4, t4, 0x200
x29 <- 0x00070010C0000200

mem[X,0x000000008000157C] -> 0x7FBB
mem[X,0x000000008000157E] -> 0xB1DF
[1380] [M]: 0x000000008000157C (0xB1DF7FBB) pmulh.h.bo t6, t5, t4
x31 <- 0x0000000000100000

mem[X,0x0000000080001580] -> 0xB823
mem[X,0x0000000080001582] -> 0x15F0
[1381] [M]: 0x0000000080001580 (0x15F0B823) sd t6, 0x150(ra)
mem[0x0000000080004348] <- 0x0000000000100000

mem[X,0x0000000080001584] -> 0x4F37
mem[X,0x0000000080001586] -> 0x0000
[1382] [M]: 0x0000000080001584 (0x00004F37) lui t5, 0x4
x30 <- 0x0000000000004000

mem[X,0x0000000080001588] -> 0x0F13
mem[X,0x000000008000158A] -> 0x000F
[1383] [M]: 0x0000000080001588 (0x000F0F13) addi t5, t5, 0x0
x30 <- 0x0000000000004000

mem[X,0x000000008000158C] -> 0x1F13
mem[X,0x000000008000158E] -> 0x00BF
[1384] [M]: 0x000000008000158C (0x00BF1F13) slli t5, t5, 0xb
x30 <- 0x0000000002000000

mem[X,0x0000000080001590] -> 0x0F13
mem[X,0x0000000080001592] -> 0x000F
[1385] [M]: 0x0000000080001590 (0x000F0F13) addi t5, t5, 0x0
x30 <- 0x0000000002000000

mem[X,0x0000000080001594] -> 0x1F13
mem[X,0x0000000080001596] -> 0x00BF
[1386] [M]: 0x0000000080001594 (0x00BF1F13) slli t5, t5, 0xb
x30 <- 0x0000001000000000

mem[X,0x0000000080001598] -> 0x0F13
mem[X,0x000000008000159A] -> 0x0B0F
[1387] [M]: 0x0000000080001598 (0x0B0F0F13) addi t5, t5, 0xb0
x30 <- 0x00000010000000B0

mem[X,0x000000008000159C] -> 0x1F13
mem[X,0x000000008000159E] -> 0x00AF
[1388] [M]: 0x000000008000159C (0x00AF1F13) slli t5, t5, 0xa
x30 <- 0x000040000002C000

mem[X,0x00000000800015A0] -> 0x0EB7
mem[X,0x00000000800015A2] -> 0x0002
[1389] [M]: 0x00000000800015A0 (0x00020EB7) lui t4, 0x20
x29 <- 0x0000000000020000

mem[X,0x00000000800015A4] -> 0x8E93
mem[X,0x00000000800015A6] -> 0xFDFE
[1390] [M]: 0x00000000800015A4 (0xFDFE8E93) addi t4, t4, -0x21
x29 <- 0x000000000001FFDF

mem[X,0x00000000800015A8] -> 0x9E93
mem[X,0x00000000800015AA] -> 0x00BE
[1391] [M]: 0x00000000800015A8 (0x00BE9E93) slli t4, t4, 0xb
x29 <- 0x000000000FFEF800

mem[X,0x00000000800015AC] -> 0x8E93
mem[X,0x00000000800015AE] -> 0x000E
[1392] [M]: 0x00000000800015AC (0x000E8E93) addi t4, t4, 0x0
x29 <- 0x000000000FFEF800

mem[X,0x00000000800015B0] -> 0x9E93
mem[X,0x00000000800015B2] -> 0x00BE
[1393] [M]: 0x00000000800015B0 (0x00BE9E93) slli t4, t4, 0xb
x29 <- 0x0000007FF7C00000

mem[X,0x00000000800015B4] -> 0x8E93
mem[X,0x00000000800015B6] -> 0x008E
[1394] [M]: 0x00000000800015B4 (0x008E8E93) addi t4, t4, 0x8
x29 <- 0x0000007FF7C00008

mem[X,0x00000000800015B8] -> 0x9E93
mem[X,0x00000000800015BA] -> 0x00AE
[1395] [M]: 0x00000000800015B8 (0x00AE9E93) slli t4, t4, 0xa
x29 <- 0x0001FFDF00002000

mem[X,0x00000000800015BC] -> 0x7FBB
mem[X,0x00000000800015BE] -> 0xB1DF
[1396] [M]: 0x00000000800015BC (0xB1DF7FBB) pmulh.h.bo t6, t5, t4
x31 <- 0x0000FFFF0000FFF8

mem[X,0x00000000800015C0] -> 0xBC23
mem[X,0x00000000800015C2] -> 0x15F0
[1397] [M]: 0x00000000800015C0 (0x15F0BC23) sd t6, 0x158(ra)
mem[0x0000000080004350] <- 0x0000FFFF0000FFF8

mem[X,0x00000000800015C4] -> 0x0F37
mem[X,0x00000000800015C6] -> 0xFFFA
[1398] [M]: 0x00000000800015C4 (0xFFFA0F37) lui t5, -0x60
x30 <- 0xFFFFFFFFFFFA0000

mem[X,0x00000000800015C8] -> 0x0F13
mem[X,0x00000000800015CA] -> 0xFFAF
[1399] [M]: 0x00000000800015C8 (0xFFAF0F13) addi t5, t5, -0x6
x30 <- 0xFFFFFFFFFFF9FFFA

clint::tick mtime <- 0x000000000000000E
 clint timer pending at mtime 0x000000000000000E
htif::tick 0x0000000000000000
mem[X,0x00000000800015CC] -> 0x1F13
mem[X,0x00000000800015CE] -> 0x00BF
[1400] [M]: 0x00000000800015CC (0x00BF1F13) slli t5, t5, 0xb
x30 <- 0xFFFFFFFFCFFFD000

mem[X,0x00000000800015D0] -> 0x0F13
mem[X,0x00000000800015D2] -> 0x555F
[1401] [M]: 0x00000000800015D0 (0x555F0F13) addi t5, t5, 0x555
x30 <- 0xFFFFFFFFCFFFD555

mem[X,0x00000000800015D4] -> 0x1F13
mem[X,0x00000000800015D6] -> 0x00BF
[1402] [M]: 0x00000000800015D4 (0x00BF1F13) slli t5, t5, 0xb
x30 <- 0xFFFFFE7FFEAAA800

mem[X,0x00000000800015D8] -> 0x0F13
mem[X,0x00000000800015DA] -> 0x2B0F
[1403] [M]: 0x00000000800015D8 (0x2B0F0F13) addi t5, t5, 0x2b0
x30 <- 0xFFFFFE7FFEAAAAB0

mem[X,0x00000000800015DC] -> 0x1F13
mem[X,0x00000000800015DE] -> 0x00AF
[1404] [M]: 0x00000000800015DC (0x00AF1F13) slli t5, t5, 0xa
x30 <- 0xFFF9FFFAAAAAC000

mem[X,0x00000000800015E0] -> 0x0EB7
mem[X,0x00000000800015E2] -> 0xFFDF
[1405] [M]: 0x00000000800015E0 (0xFFDF0EB7) lui t4, -0x210
x29 <- 0xFFFFFFFFFFDF0000

mem[X,0x00000000800015E4] -> 0x8E93
mem[X,0x00000000800015E6] -> 0x001E
[1406] [M]: 0x00000000800015E4 (0x001E8E93) addi t4, t4, 0x1
x29 <- 0xFFFFFFFFFFDF0001

mem[X,0x00000000800015E8] -> 0x9E93
mem[X,0x00000000800015EA] -> 0x00BE
[1407] [M]: 0x00000000800015E8 (0x00BE9E93) slli t4, t4, 0xb
x29 <- 0xFFFFFFFEF8000800

mem[X,0x00000000800015EC] -> 0x8E93
mem[X,0x00000000800015EE] -> 0x7FFE
[1408] [M]: 0x00000000800015EC (0x7FFE8E93) addi t4, t4, 0x7ff
x29 <- 0xFFFFFFFEF8000FFF

mem[X,0x00000000800015F0] -> 0x9E93
mem[X,0x00000000800015F2] -> 0x00BE
[1409] [M]: 0x00000000800015F0 (0x00BE9E93) slli t4, t4, 0xb
x29 <- 0xFFFFF7C0007FF800

mem[X,0x00000000800015F4] -> 0x8E93
mem[X,0x00000000800015F6] -> 0x77FE
[1410] [M]: 0x00000000800015F4 (0x77FE8E93) addi t4, t4, 0x77f
x29 <- 0xFFFFF7C0007FFF7F

mem[X,0x00000000800015F8] -> 0x9E93
mem[X,0x00000000800015FA] -> 0x00AE
[1411] [M]: 0x00000000800015F8 (0x00AE9E93) slli t4, t4, 0xa
x29 <- 0xFFDF0001FFFDFC00

mem[X,0x00000000800015FC] -> 0x8E93
mem[X,0x00000000800015FE] -> 0x2FFE
[1412] [M]: 0x00000000800015FC (0x2FFE8E93) addi t4, t4, 0x2ff
x29 <- 0xFFDF0001FFFDFEFF

mem[X,0x0000000080001600] -> 0x7FBB
mem[X,0x0000000080001602] -> 0xB1DF
[1413] [M]: 0x0000000080001600 (0xB1DF7FBB) pmulh.h.bo t6, t5, t4
x31 <- 0x0000000000000000

mem[X,0x0000000080001604] -> 0xB023
mem[X,0x0000000080001606] -> 0x17F0
[1414] [M]: 0x0000000080001604 (0x17F0B023) sd t6, 0x160(ra)
mem[0x0000000080004358] <- 0x0000000000000000

mem[X,0x0000000080001608] -> 0x0F37
mem[X,0x000000008000160A] -> 0x2001
[1415] [M]: 0x0000000080001608 (0x20010F37) lui t5, 0x20010
x30 <- 0x0000000020010000

mem[X,0x000000008000160C] -> 0x0F13
mem[X,0x000000008000160E] -> 0xFFCF
[1416] [M]: 0x000000008000160C (0xFFCF0F13) addi t5, t5, -0x4
x30 <- 0x000000002000FFFC

mem[X,0x0000000080001610] -> 0x1F13
mem[X,0x0000000080001612] -> 0x00BF
[1417] [M]: 0x0000000080001610 (0x00BF1F13) slli t5, t5, 0xb
x30 <- 0x0000010007FFE000

mem[X,0x0000000080001614] -> 0x0F13
mem[X,0x0000000080001616] -> 0x000F
[1418] [M]: 0x0000000080001614 (0x000F0F13) addi t5, t5, 0x0
x30 <- 0x0000010007FFE000

mem[X,0x0000000080001618] -> 0x1F13
mem[X,0x000000008000161A] -> 0x00BF
[1419] [M]: 0x0000000080001618 (0x00BF1F13) slli t5, t5, 0xb
x30 <- 0x0008003FFF000000

mem[X,0x000000008000161C] -> 0x0F13
mem[X,0x000000008000161E] -> 0x07FF
[1420] [M]: 0x000000008000161C (0x07FF0F13) addi t5, t5, 0x7f
x30 <- 0x0008003FFF00007F

mem[X,0x0000000080001620] -> 0x1F13
mem[X,0x0000000080001622] -> 0x00AF
[1421] [M]: 0x0000000080001620 (0x00AF1F13) slli t5, t5, 0xa
x30 <- 0x2000FFFC0001FC00

mem[X,0x0000000080001624] -> 0x0F13
mem[X,0x0000000080001626] -> 0x1FFF
[1422] [M]: 0x0000000080001624 (0x1FFF0F13) addi t5, t5, 0x1ff
x30 <- 0x2000FFFC0001FDFF

mem[X,0x0000000080001628] -> 0x0EB7
mem[X,0x000000008000162A] -> 0x0005
[1423] [M]: 0x0000000080001628 (0x00050EB7) lui t4, 0x50
x29 <- 0x0000000000050000

mem[X,0x000000008000162C] -> 0x8E93
mem[X,0x000000008000162E] -> 0x009E
[1424] [M]: 0x000000008000162C (0x009E8E93) addi t4, t4, 0x9
x29 <- 0x0000000000050009

mem[X,0x0000000080001630] -> 0x9E93
mem[X,0x0000000080001632] -> 0x00BE
[1425] [M]: 0x0000000080001630 (0x00BE9E93) slli t4, t4, 0xb
x29 <- 0x0000000028004800

mem[X,0x0000000080001634] -> 0x8E93
mem[X,0x0000000080001636] -> 0x7FFE
[1426] [M]: 0x0000000080001634 (0x7FFE8E93) addi t4, t4, 0x7ff
x29 <- 0x0000000028004FFF

mem[X,0x0000000080001638] -> 0x9E93
mem[X,0x000000008000163A] -> 0x00BE
[1427] [M]: 0x0000000080001638 (0x00BE9E93) slli t4, t4, 0xb
x29 <- 0x00000140027FF800

mem[X,0x000000008000163C] -> 0x8E93
mem[X,0x000000008000163E] -> 0x63BE
[1428] [M]: 0x000000008000163C (0x63BE8E93) addi t4, t4, 0x63b
x29 <- 0x00000140027FFE3B

mem[X,0x0000000080001640] -> 0x9E93
mem[X,0x0000000080001642] -> 0x00AE
[1429] [M]: 0x0000000080001640 (0x00AE9E93) slli t4, t4, 0xa
x29 <- 0x00050009FFF8EC00

mem[X,0x0000000080001644] -> 0x8E93
mem[X,0x0000000080001646] -> 0x3FFE
[1430] [M]: 0x0000000080001644 (0x3FFE8E93) addi t4, t4, 0x3ff
x29 <- 0x00050009FFF8EFFF

mem[X,0x0000000080001648] -> 0x7FBB
mem[X,0x000000008000164A] -> 0xB1DF
[1431] [M]: 0x0000000080001648 (0xB1DF7FBB) pmulh.h.bo t6, t5, t4
x31 <- 0x00000000FFFF0000

mem[X,0x000000008000164C] -> 0xB423
mem[X,0x000000008000164E] -> 0x17F0
[1432] [M]: 0x000000008000164C (0x17F0B423) sd t6, 0x168(ra)
mem[0x0000000080004360] <- 0x00000000FFFF0000

mem[X,0x0000000080001650] -> 0xFF37
mem[X,0x0000000080001652] -> 0xFFFC
[1433] [M]: 0x0000000080001650 (0xFFFCFF37) lui t5, -0x31
x30 <- 0xFFFFFFFFFFFCF000

mem[X,0x0000000080001654] -> 0x0F13
mem[X,0x0000000080001656] -> 0xFFFF
[1434] [M]: 0x0000000080001654 (0xFFFF0F13) addi t5, t5, -0x1
x30 <- 0xFFFFFFFFFFFCEFFF

mem[X,0x0000000080001658] -> 0x1F13
mem[X,0x000000008000165A] -> 0x00BF
[1435] [M]: 0x0000000080001658 (0x00BF1F13) slli t5, t5, 0xb
x30 <- 0xFFFFFFFFE77FF800

mem[X,0x000000008000165C] -> 0x0F13
mem[X,0x000000008000165E] -> 0x7FFF
[1436] [M]: 0x000000008000165C (0x7FFF0F13) addi t5, t5, 0x7ff
x30 <- 0xFFFFFFFFE77FFFFF

mem[X,0x0000000080001660] -> 0x1F13
mem[X,0x0000000080001662] -> 0x00BF
[1437] [M]: 0x0000000080001660 (0x00BF1F13) slli t5, t5, 0xb
x30 <- 0xFFFFFF3BFFFFF800

mem[X,0x0000000080001664] -> 0x0F13
mem[X,0x0000000080001666] -> 0x6D0F
[1438] [M]: 0x0000000080001664 (0x6D0F0F13) addi t5, t5, 0x6d0
x30 <- 0xFFFFFF3BFFFFFED0

mem[X,0x0000000080001668] -> 0x1F13
mem[X,0x000000008000166A] -> 0x00AF
[1439] [M]: 0x0000000080001668 (0x00AF1F13) slli t5, t5, 0xa
x30 <- 0xFFFCEFFFFFFB4000

mem[X,0x000000008000166C] -> 0x0EB7
mem[X,0x000000008000166E] -> 0xAAAA
[1440] [M]: 0x000000008000166C (0xAAAA0EB7) lui t4, -0x55560
x29 <- 0xFFFFFFFFAAAA0000

mem[X,0x0000000080001670] -> 0x8E93
mem[X,0x0000000080001672] -> 0x010E
[1441] [M]: 0x0000000080001670 (0x010E8E93) addi t4, t4, 0x10
x29 <- 0xFFFFFFFFAAAA0010

mem[X,0x0000000080001674] -> 0x9E93
mem[X,0x0000000080001676] -> 0x00BE
[1442] [M]: 0x0000000080001674 (0x00BE9E93) slli t4, t4, 0xb
x29 <- 0xFFFFFD5550008000

mem[X,0x0000000080001678] -> 0x8E93
mem[X,0x000000008000167A] -> 0x7FFE
[1443] [M]: 0x0000000080001678 (0x7FFE8E93) addi t4, t4, 0x7ff
x29 <- 0xFFFFFD55500087FF

mem[X,0x000000008000167C] -> 0x9E93
mem[X,0x000000008000167E] -> 0x00BE
[1444] [M]: 0x000000008000167C (0x00BE9E93) slli t4, t4, 0xb
x29 <- 0xFFEAAA80043FF800

mem[X,0x0000000080001680] -> 0x8E93
mem[X,0x0000000080001682] -> 0x5A0E
[1445] [M]: 0x0000000080001680 (0x5A0E8E93) addi t4, t4, 0x5a0
x29 <- 0xFFEAAA80043FFDA0

mem[X,0x0000000080001684] -> 0x9E93
mem[X,0x0000000080001686] -> 0x00AE
[1446] [M]: 0x0000000080001684 (0x00AE9E93) slli t4, t4, 0xa
x29 <- 0xAAAA0010FFF68000

mem[X,0x0000000080001688] -> 0x7FBB
mem[X,0x000000008000168A] -> 0xB1DF
[1447] [M]: 0x0000000080001688 (0xB1DF7FBB) pmulh.h.bo t6, t5, t4
x31 <- 0x000000000000FFE0

mem[X,0x000000008000168C] -> 0xB823
mem[X,0x000000008000168E] -> 0x17F0
[1448] [M]: 0x000000008000168C (0x17F0B823) sd t6, 0x170(ra)
mem[0x0000000080004368] <- 0x000000000000FFE0

mem[X,0x0000000080001690] -> 0xCF37
mem[X,0x0000000080001692] -> 0xFFDF
[1449] [M]: 0x0000000080001690 (0xFFDFCF37) lui t5, -0x204
x30 <- 0xFFFFFFFFFFDFC000

mem[X,0x0000000080001694] -> 0x0F13
mem[X,0x0000000080001696] -> 0xFFFF
[1450] [M]: 0x0000000080001694 (0xFFFF0F13) addi t5, t5, -0x1
x30 <- 0xFFFFFFFFFFDFBFFF

mem[X,0x0000000080001698] -> 0x1F13
mem[X,0x000000008000169A] -> 0x00BF
[1451] [M]: 0x0000000080001698 (0x00BF1F13) slli t5, t5, 0xb
x30 <- 0xFFFFFFFEFDFFF800

mem[X,0x000000008000169C] -> 0x0F13
mem[X,0x000000008000169E] -> 0x000F
[1452] [M]: 0x000000008000169C (0x000F0F13) addi t5, t5, 0x0
x30 <- 0xFFFFFFFEFDFFF800

mem[X,0x00000000800016A0] -> 0x1F13
mem[X,0x00000000800016A2] -> 0x00BF
[1453] [M]: 0x00000000800016A0 (0x00BF1F13) slli t5, t5, 0xb
x30 <- 0xFFFFF7EFFFC00000

mem[X,0x00000000800016A4] -> 0x0F13
mem[X,0x00000000800016A6] -> 0x240F
[1454] [M]: 0x00000000800016A4 (0x240F0F13) addi t5, t5, 0x240
x30 <- 0xFFFFF7EFFFC00240

mem[X,0x00000000800016A8] -> 0x1F13
mem[X,0x00000000800016AA] -> 0x00AF
[1455] [M]: 0x00000000800016A8 (0x00AF1F13) slli t5, t5, 0xa
x30 <- 0xFFDFBFFF00090000

mem[X,0x00000000800016AC] -> 0x0F13
mem[X,0x00000000800016AE] -> 0x009F
[1456] [M]: 0x00000000800016AC (0x009F0F13) addi t5, t5, 0x9
x30 <- 0xFFDFBFFF00090009

mem[X,0x00000000800016B0] -> 0x0EB7
mem[X,0x00000000800016B2] -> 0x0004
[1457] [M]: 0x00000000800016B0 (0x00040EB7) lui t4, 0x40
x29 <- 0x0000000000040000

mem[X,0x00000000800016B4] -> 0x8E93
mem[X,0x00000000800016B6] -> 0xFFBE
[1458] [M]: 0x00000000800016B4 (0xFFBE8E93) addi t4, t4, -0x5
x29 <- 0x000000000003FFFB

mem[X,0x00000000800016B8] -> 0x9E93
mem[X,0x00000000800016BA] -> 0x00BE
[1459] [M]: 0x00000000800016B8 (0x00BE9E93) slli t4, t4, 0xb
x29 <- 0x000000001FFFD800

mem[X,0x00000000800016BC] -> 0x8E93
mem[X,0x00000000800016BE] -> 0x000E
[1460] [M]: 0x00000000800016BC (0x000E8E93) addi t4, t4, 0x0
x29 <- 0x000000001FFFD800

mem[X,0x00000000800016C0] -> 0x9E93
mem[X,0x00000000800016C2] -> 0x00BE
[1461] [M]: 0x00000000800016C0 (0x00BE9E93) slli t4, t4, 0xb
x29 <- 0x000000FFFEC00000

mem[X,0x00000000800016C4] -> 0x8E93
mem[X,0x00000000800016C6] -> 0x0BDE
[1462] [M]: 0x00000000800016C4 (0x0BDE8E93) addi t4, t4, 0xbd
x29 <- 0x000000FFFEC000BD

mem[X,0x00000000800016C8] -> 0x9E93
mem[X,0x00000000800016CA] -> 0x00AE
[1463] [M]: 0x00000000800016C8 (0x00AE9E93) slli t4, t4, 0xa
x29 <- 0x0003FFFB0002F400

mem[X,0x00000000800016CC] -> 0x8E93
mem[X,0x00000000800016CE] -> 0x3FFE
[1464] [M]: 0x00000000800016CC (0x3FFE8E93) addi t4, t4, 0x3ff
x29 <- 0x0003FFFB0002F7FF

mem[X,0x00000000800016D0] -> 0x7FBB
mem[X,0x00000000800016D2] -> 0xB1DF
[1465] [M]: 0x00000000800016D0 (0xB1DF7FBB) pmulh.h.bo t6, t5, t4
x31 <- 0x000000000000FFFF

mem[X,0x00000000800016D4] -> 0xBC23
mem[X,0x00000000800016D6] -> 0x17F0
[1466] [M]: 0x00000000800016D4 (0x17F0BC23) sd t6, 0x178(ra)
mem[0x0000000080004370] <- 0x000000000000FFFF

mem[X,0x00000000800016D8] -> 0x0F37
mem[X,0x00000000800016DA] -> 0xFC00
[1467] [M]: 0x00000000800016D8 (0xFC000F37) lui t5, -0x4000
x30 <- 0xFFFFFFFFFC000000

mem[X,0x00000000800016DC] -> 0x0F13
mem[X,0x00000000800016DE] -> 0xFFBF
[1468] [M]: 0x00000000800016DC (0xFFBF0F13) addi t5, t5, -0x5
x30 <- 0xFFFFFFFFFBFFFFFB

mem[X,0x00000000800016E0] -> 0x1F13
mem[X,0x00000000800016E2] -> 0x00BF
[1469] [M]: 0x00000000800016E0 (0x00BF1F13) slli t5, t5, 0xb
x30 <- 0xFFFFFFDFFFFFD800

mem[X,0x00000000800016E4] -> 0x0F13
mem[X,0x00000000800016E6] -> 0x7FFF
[1470] [M]: 0x00000000800016E4 (0x7FFF0F13) addi t5, t5, 0x7ff
x30 <- 0xFFFFFFDFFFFFDFFF

mem[X,0x00000000800016E8] -> 0x1F13
mem[X,0x00000000800016EA] -> 0x00BF
[1471] [M]: 0x00000000800016E8 (0x00BF1F13) slli t5, t5, 0xb
x30 <- 0xFFFEFFFFFEFFF800

mem[X,0x00000000800016EC] -> 0x0F13
mem[X,0x00000000800016EE] -> 0x5BFF
[1472] [M]: 0x00000000800016EC (0x5BFF0F13) addi t5, t5, 0x5bf
x30 <- 0xFFFEFFFFFEFFFDBF

mem[X,0x00000000800016F0] -> 0x1F13
mem[X,0x00000000800016F2] -> 0x00AF
[1473] [M]: 0x00000000800016F0 (0x00AF1F13) slli t5, t5, 0xa
x30 <- 0xFBFFFFFBFFF6FC00

mem[X,0x00000000800016F4] -> 0x0F13
mem[X,0x00000000800016F6] -> 0x3F7F
[1474] [M]: 0x00000000800016F4 (0x3F7F0F13) addi t5, t5, 0x3f7
x30 <- 0xFBFFFFFBFFF6FFF7

mem[X,0x00000000800016F8] -> 0x0EB7
mem[X,0x00000000800016FA] -> 0xFFFA
[1475] [M]: 0x00000000800016F8 (0xFFFA0EB7) lui t4, -0x60
x29 <- 0xFFFFFFFFFFFA0000

mem[X,0x00000000800016FC] -> 0x8E93
mem[X,0x00000000800016FE] -> 0xFFDE
[1476] [M]: 0x00000000800016FC (0xFFDE8E93) addi t4, t4, -0x3
x29 <- 0xFFFFFFFFFFF9FFFD

mem[X,0x0000000080001700] -> 0x9E93
mem[X,0x0000000080001702] -> 0x00BE
[1477] [M]: 0x0000000080001700 (0x00BE9E93) slli t4, t4, 0xb
x29 <- 0xFFFFFFFFCFFFE800

mem[X,0x0000000080001704] -> 0x8E93
mem[X,0x0000000080001706] -> 0x000E
[1478] [M]: 0x0000000080001704 (0x000E8E93) addi t4, t4, 0x0
x29 <- 0xFFFFFFFFCFFFE800

mem[X,0x0000000080001708] -> 0x9E93
mem[X,0x000000008000170A] -> 0x00BE
[1479] [M]: 0x0000000080001708 (0x00BE9E93) slli t4, t4, 0xb
x29 <- 0xFFFFFE7FFF400000

mem[X,0x000000008000170C] -> 0x8E93
mem[X,0x000000008000170E] -> 0x13FE
[1480] [M]: 0x000000008000170C (0x13FE8E93) addi t4, t4, 0x13f
x29 <- 0xFFFFFE7FFF40013F

mem[X,0x0000000080001710] -> 0x9E93
mem[X,0x0000000080001712] -> 0x00AE
[1481] [M]: 0x0000000080001710 (0x00AE9E93) slli t4, t4, 0xa
x29 <- 0xFFF9FFFD0004FC00

mem[X,0x0000000080001714] -> 0x8E93
mem[X,0x0000000080001716] -> 0x3EFE
[1482] [M]: 0x0000000080001714 (0x3EFE8E93) addi t4, t4, 0x3ef
x29 <- 0xFFF9FFFD0004FFEF

mem[X,0x0000000080001718] -> 0x7FBB
mem[X,0x000000008000171A] -> 0xB1DF
[1483] [M]: 0x0000000080001718 (0xB1DF7FBB) pmulh.h.bo t6, t5, t4
x31 <- 0x0000000000000000

mem[X,0x000000008000171C] -> 0xB023
mem[X,0x000000008000171E] -> 0x19F0
[1484] [M]: 0x000000008000171C (0x19F0B023) sd t6, 0x180(ra)
mem[0x0000000080004378] <- 0x0000000000000000

mem[X,0x0000000080001720] -> 0x2F37
mem[X,0x0000000080001722] -> 0x0007
[1485] [M]: 0x0000000080001720 (0x00072F37) lui t5, 0x72
x30 <- 0x0000000000072000

mem[X,0x0000000080001724] -> 0x0F13
mem[X,0x0000000080001726] -> 0x000F
[1486] [M]: 0x0000000080001724 (0x000F0F13) addi t5, t5, 0x0
x30 <- 0x0000000000072000

mem[X,0x0000000080001728] -> 0x1F13
mem[X,0x000000008000172A] -> 0x00BF
[1487] [M]: 0x0000000080001728 (0x00BF1F13) slli t5, t5, 0xb
x30 <- 0x0000000039000000

mem[X,0x000000008000172C] -> 0x0F13
mem[X,0x000000008000172E] -> 0x7EFF
[1488] [M]: 0x000000008000172C (0x7EFF0F13) addi t5, t5, 0x7ef
x30 <- 0x00000000390007EF

mem[X,0x0000000080001730] -> 0x1F13
mem[X,0x0000000080001732] -> 0x00BF
[1489] [M]: 0x0000000080001730 (0x00BF1F13) slli t5, t5, 0xb
x30 <- 0x000001C8003F7800

mem[X,0x0000000080001734] -> 0x0F13
mem[X,0x0000000080001736] -> 0x7C0F
[1490] [M]: 0x0000000080001734 (0x7C0F0F13) addi t5, t5, 0x7c0
x30 <- 0x000001C8003F7FC0

mem[X,0x0000000080001738] -> 0x1F13
mem[X,0x000000008000173A] -> 0x00AF
[1491] [M]: 0x0000000080001738 (0x00AF1F13) slli t5, t5, 0xa
x30 <- 0x00072000FDFF0000

mem[X,0x000000008000173C] -> 0x0EB7
mem[X,0x000000008000173E] -> 0x0401
[1492] [M]: 0x000000008000173C (0x04010EB7) lui t4, 0x4010
x29 <- 0x0000000004010000

mem[X,0x0000000080001740] -> 0x8E93
mem[X,0x0000000080001742] -> 0xBFFE
[1493] [M]: 0x0000000080001740 (0xBFFE8E93) addi t4, t4, -0x401
x29 <- 0x000000000400FBFF

mem[X,0x0000000080001744] -> 0x9E93
mem[X,0x0000000080001746] -> 0x00BE
[1494] [M]: 0x0000000080001744 (0x00BE9E93) slli t4, t4, 0xb
x29 <- 0x0000002007DFF800

mem[X,0x0000000080001748] -> 0x8E93
mem[X,0x000000008000174A] -> 0x6FFE
[1495] [M]: 0x0000000080001748 (0x6FFE8E93) addi t4, t4, 0x6ff
x29 <- 0x0000002007DFFEFF

mem[X,0x000000008000174C] -> 0x9E93
mem[X,0x000000008000174E] -> 0x00BE
[1496] [M]: 0x000000008000174C (0x00BE9E93) slli t4, t4, 0xb
x29 <- 0x0001003EFFF7F800

mem[X,0x0000000080001750] -> 0x8E93
mem[X,0x0000000080001752] -> 0x7C0E
[1497] [M]: 0x0000000080001750 (0x7C0E8E93) addi t4, t4, 0x7c0
x29 <- 0x0001003EFFF7FFC0

mem[X,0x0000000080001754] -> 0x9E93
mem[X,0x0000000080001756] -> 0x00AE
[1498] [M]: 0x0000000080001754 (0x00AE9E93) slli t4, t4, 0xa
x29 <- 0x0400FBFFDFFF0000

mem[X,0x0000000080001758] -> 0x8E93
mem[X,0x000000008000175A] -> 0x008E
[1499] [M]: 0x0000000080001758 (0x008E8E93) addi t4, t4, 0x8
x29 <- 0x0400FBFFDFFF0008

clint::tick mtime <- 0x000000000000000F
 clint timer pending at mtime 0x000000000000000F
htif::tick 0x0000000000000000
mem[X,0x000000008000175C] -> 0x7FBB
mem[X,0x000000008000175E] -> 0xB1DF
[1500] [M]: 0x000000008000175C (0xB1DF7FBB) pmulh.h.bo t6, t5, t4
x31 <- 0x0000FFFF00000000

mem[X,0x0000000080001760] -> 0xB423
mem[X,0x0000000080001762] -> 0x19F0
[1501] [M]: 0x0000000080001760 (0x19F0B423) sd t6, 0x188(ra)
mem[0x0000000080004380] <- 0x0000FFFF00000000

mem[X,0x0000000080001764] -> 0x0F37
mem[X,0x0000000080001766] -> 0x5556
[1502] [M]: 0x0000000080001764 (0x55560F37) lui t5, 0x55560
x30 <- 0x0000000055560000

mem[X,0x0000000080001768] -> 0x0F13
mem[X,0x000000008000176A] -> 0xFF6F
[1503] [M]: 0x0000000080001768 (0xFF6F0F13) addi t5, t5, -0xa
x30 <- 0x000000005555FFF6

mem[X,0x000000008000176C] -> 0x1F13
mem[X,0x000000008000176E] -> 0x00BF
[1504] [M]: 0x000000008000176C (0x00BF1F13) slli t5, t5, 0xb
x30 <- 0x000002AAAFFFB000

mem[X,0x0000000080001770] -> 0x0F13
mem[X,0x0000000080001772] -> 0x5FFF
[1505] [M]: 0x0000000080001770 (0x5FFF0F13) addi t5, t5, 0x5ff
x30 <- 0x000002AAAFFFB5FF

mem[X,0x0000000080001774] -> 0x1F13
mem[X,0x0000000080001776] -> 0x00BF
[1506] [M]: 0x0000000080001774 (0x00BF1F13) slli t5, t5, 0xb
x30 <- 0x0015557FFDAFF800

mem[X,0x0000000080001778] -> 0x0F13
mem[X,0x000000008000177A] -> 0x7C0F
[1507] [M]: 0x0000000080001778 (0x7C0F0F13) addi t5, t5, 0x7c0
x30 <- 0x0015557FFDAFFFC0

mem[X,0x000000008000177C] -> 0x1F13
mem[X,0x000000008000177E] -> 0x00AF
[1508] [M]: 0x000000008000177C (0x00AF1F13) slli t5, t5, 0xa
x30 <- 0x5555FFF6BFFF0000

mem[X,0x0000000080001780] -> 0x0F13
mem[X,0x0000000080001782] -> 0x010F
[1509] [M]: 0x0000000080001780 (0x010F0F13) addi t5, t5, 0x10
x30 <- 0x5555FFF6BFFF0010

mem[X,0x0000000080001784] -> 0x0EB7
mem[X,0x0000000080001786] -> 0xAAAA
[1510] [M]: 0x0000000080001784 (0xAAAA0EB7) lui t4, -0x55560
x29 <- 0xFFFFFFFFAAAA0000

mem[X,0x0000000080001788] -> 0x8E93
mem[X,0x000000008000178A] -> 0x040E
[1511] [M]: 0x0000000080001788 (0x040E8E93) addi t4, t4, 0x40
x29 <- 0xFFFFFFFFAAAA0040

mem[X,0x000000008000178C] -> 0x9E93
mem[X,0x000000008000178E] -> 0x00BE
[1512] [M]: 0x000000008000178C (0x00BE9E93) slli t4, t4, 0xb
x29 <- 0xFFFFFD5550020000

mem[X,0x0000000080001790] -> 0x8E93
mem[X,0x0000000080001792] -> 0x008E
[1513] [M]: 0x0000000080001790 (0x008E8E93) addi t4, t4, 0x8
x29 <- 0xFFFFFD5550020008

mem[X,0x0000000080001794] -> 0x9E93
mem[X,0x0000000080001796] -> 0x00BE
[1514] [M]: 0x0000000080001794 (0x00BE9E93) slli t4, t4, 0xb
x29 <- 0xFFEAAA8010004000

mem[X,0x0000000080001798] -> 0x8E93
mem[X,0x000000008000179A] -> 0x000E
[1515] [M]: 0x0000000080001798 (0x000E8E93) addi t4, t4, 0x0
x29 <- 0xFFEAAA8010004000

mem[X,0x000000008000179C] -> 0x9E93
mem[X,0x000000008000179E] -> 0x00AE
[1516] [M]: 0x000000008000179C (0x00AE9E93) slli t4, t4, 0xa
x29 <- 0xAAAA004001000000

mem[X,0x00000000800017A0] -> 0x8E93
mem[X,0x00000000800017A2] -> 0x080E
[1517] [M]: 0x00000000800017A0 (0x080E8E93) addi t4, t4, 0x80
x29 <- 0xAAAA004001000080

mem[X,0x00000000800017A4] -> 0x7FBB
mem[X,0x00000000800017A6] -> 0xB1DF
[1518] [M]: 0x00000000800017A4 (0xB1DF7FBB) pmulh.h.bo t6, t5, t4
x31 <- 0xFFE30000FFFF0000

mem[X,0x00000000800017A8] -> 0xB823
mem[X,0x00000000800017AA] -> 0x19F0
[1519] [M]: 0x00000000800017A8 (0x19F0B823) sd t6, 0x190(ra)
mem[0x0000000080004388] <- 0xFFE30000FFFF0000

mem[X,0x00000000800017AC] -> 0x0F37
mem[X,0x00000000800017AE] -> 0x1000
[1520] [M]: 0x00000000800017AC (0x10000F37) lui t5, 0x10000
x30 <- 0x0000000010000000

mem[X,0x00000000800017B0] -> 0x0F13
mem[X,0x00000000800017B2] -> 0x009F
[1521] [M]: 0x00000000800017B0 (0x009F0F13) addi t5, t5, 0x9
x30 <- 0x0000000010000009

mem[X,0x00000000800017B4] -> 0x1F13
mem[X,0x00000000800017B6] -> 0x00BF
[1522] [M]: 0x00000000800017B4 (0x00BF1F13) slli t5, t5, 0xb
x30 <- 0x0000008000004800

mem[X,0x00000000800017B8] -> 0x0F13
mem[X,0x00000000800017BA] -> 0x555F
[1523] [M]: 0x00000000800017B8 (0x555F0F13) addi t5, t5, 0x555
x30 <- 0x0000008000004D55

mem[X,0x00000000800017BC] -> 0x1F13
mem[X,0x00000000800017BE] -> 0x00BF
[1524] [M]: 0x00000000800017BC (0x00BF1F13) slli t5, t5, 0xb
x30 <- 0x00040000026AA800

mem[X,0x00000000800017C0] -> 0x0F13
mem[X,0x00000000800017C2] -> 0x2BFF
[1525] [M]: 0x00000000800017C0 (0x2BFF0F13) addi t5, t5, 0x2bf
x30 <- 0x00040000026AAABF

mem[X,0x00000000800017C4] -> 0x1F13
mem[X,0x00000000800017C6] -> 0x00AF
[1526] [M]: 0x00000000800017C4 (0x00AF1F13) slli t5, t5, 0xa
x30 <- 0x10000009AAAAFC00

mem[X,0x00000000800017C8] -> 0x0F13
mem[X,0x00000000800017CA] -> 0x2FFF
[1527] [M]: 0x00000000800017C8 (0x2FFF0F13) addi t5, t5, 0x2ff
x30 <- 0x10000009AAAAFEFF

mem[X,0x00000000800017CC] -> 0x0EB7
mem[X,0x00000000800017CE] -> 0xF800
[1528] [M]: 0x00000000800017CC (0xF8000EB7) lui t4, -0x8000
x29 <- 0xFFFFFFFFF8000000

mem[X,0x00000000800017D0] -> 0x8E93
mem[X,0x00000000800017D2] -> 0xFFBE
[1529] [M]: 0x00000000800017D0 (0xFFBE8E93) addi t4, t4, -0x5
x29 <- 0xFFFFFFFFF7FFFFFB

mem[X,0x00000000800017D4] -> 0x9E93
mem[X,0x00000000800017D6] -> 0x00BE
[1530] [M]: 0x00000000800017D4 (0x00BE9E93) slli t4, t4, 0xb
x29 <- 0xFFFFFFBFFFFFD800

mem[X,0x00000000800017D8] -> 0x8E93
mem[X,0x00000000800017DA] -> 0x040E
[1531] [M]: 0x00000000800017D8 (0x040E8E93) addi t4, t4, 0x40
x29 <- 0xFFFFFFBFFFFFD840

mem[X,0x00000000800017DC] -> 0x9E93
mem[X,0x00000000800017DE] -> 0x00BE
[1532] [M]: 0x00000000800017DC (0x00BE9E93) slli t4, t4, 0xb
x29 <- 0xFFFDFFFFFEC20000

mem[X,0x00000000800017E0] -> 0x8E93
mem[X,0x00000000800017E2] -> 0x03FE
[1533] [M]: 0x00000000800017E0 (0x03FE8E93) addi t4, t4, 0x3f
x29 <- 0xFFFDFFFFFEC2003F

mem[X,0x00000000800017E4] -> 0x9E93
mem[X,0x00000000800017E6] -> 0x00AE
[1534] [M]: 0x00000000800017E4 (0x00AE9E93) slli t4, t4, 0xa
x29 <- 0xF7FFFFFB0800FC00

mem[X,0x00000000800017E8] -> 0x8E93
mem[X,0x00000000800017EA] -> 0x37FE
[1535] [M]: 0x00000000800017E8 (0x37FE8E93) addi t4, t4, 0x37f
x29 <- 0xF7FFFFFB0800FF7F

mem[X,0x00000000800017EC] -> 0x7FBB
mem[X,0x00000000800017EE] -> 0xB1DF
[1536] [M]: 0x00000000800017EC (0xB1DF7FBB) pmulh.h.bo t6, t5, t4
x31 <- 0xFFFFFFFFFFFD0000

mem[X,0x00000000800017F0] -> 0xBC23
mem[X,0x00000000800017F2] -> 0x19F0
[1537] [M]: 0x00000000800017F0 (0x19F0BC23) sd t6, 0x198(ra)
mem[0x0000000080004390] <- 0xFFFFFFFFFFFD0000

mem[X,0x00000000800017F4] -> 0x0F37
mem[X,0x00000000800017F6] -> 0xFFFC
[1538] [M]: 0x00000000800017F4 (0xFFFC0F37) lui t5, -0x40
x30 <- 0xFFFFFFFFFFFC0000

mem[X,0x00000000800017F8] -> 0x0F13
mem[X,0x00000000800017FA] -> 0x000F
[1539] [M]: 0x00000000800017F8 (0x000F0F13) addi t5, t5, 0x0
x30 <- 0xFFFFFFFFFFFC0000

mem[X,0x00000000800017FC] -> 0x1F13
mem[X,0x00000000800017FE] -> 0x00BF
[1540] [M]: 0x00000000800017FC (0x00BF1F13) slli t5, t5, 0xb
x30 <- 0xFFFFFFFFE0000000

mem[X,0x0000000080001800] -> 0x0F13
mem[X,0x0000000080001802] -> 0x000F
[1541] [M]: 0x0000000080001800 (0x000F0F13) addi t5, t5, 0x0
x30 <- 0xFFFFFFFFE0000000

mem[X,0x0000000080001804] -> 0x1F13
mem[X,0x0000000080001806] -> 0x00BF
[1542] [M]: 0x0000000080001804 (0x00BF1F13) slli t5, t5, 0xb
x30 <- 0xFFFFFF0000000000

mem[X,0x0000000080001808] -> 0x0F13
mem[X,0x000000008000180A] -> 0x23FF
[1543] [M]: 0x0000000080001808 (0x23FF0F13) addi t5, t5, 0x23f
x30 <- 0xFFFFFF000000023F

mem[X,0x000000008000180C] -> 0x1F13
mem[X,0x000000008000180E] -> 0x00AF
[1544] [M]: 0x000000008000180C (0x00AF1F13) slli t5, t5, 0xa
x30 <- 0xFFFC00000008FC00

mem[X,0x0000000080001810] -> 0x0F13
mem[X,0x0000000080001812] -> 0x2FFF
[1545] [M]: 0x0000000080001810 (0x2FFF0F13) addi t5, t5, 0x2ff
x30 <- 0xFFFC00000008FEFF

mem[X,0x0000000080001814] -> 0x4EB7
mem[X,0x0000000080001816] -> 0xFFFD
[1546] [M]: 0x0000000080001814 (0xFFFD4EB7) lui t4, -0x2c
x29 <- 0xFFFFFFFFFFFD4000

mem[X,0x0000000080001818] -> 0x8E93
mem[X,0x000000008000181A] -> 0xFFFE
[1547] [M]: 0x0000000080001818 (0xFFFE8E93) addi t4, t4, -0x1
x29 <- 0xFFFFFFFFFFFD3FFF

mem[X,0x000000008000181C] -> 0x9E93
mem[X,0x000000008000181E] -> 0x00BE
[1548] [M]: 0x000000008000181C (0x00BE9E93) slli t4, t4, 0xb
x29 <- 0xFFFFFFFFE9FFF800

mem[X,0x0000000080001820] -> 0x8E93
mem[X,0x0000000080001822] -> 0x100E
[1549] [M]: 0x0000000080001820 (0x100E8E93) addi t4, t4, 0x100
x29 <- 0xFFFFFFFFE9FFF900

mem[X,0x0000000080001824] -> 0x9E93
mem[X,0x0000000080001826] -> 0x00BE
[1550] [M]: 0x0000000080001824 (0x00BE9E93) slli t4, t4, 0xb
x29 <- 0xFFFFFF4FFFC80000

mem[X,0x0000000080001828] -> 0x8E93
mem[X,0x000000008000182A] -> 0x000E
[1551] [M]: 0x0000000080001828 (0x000E8E93) addi t4, t4, 0x0
x29 <- 0xFFFFFF4FFFC80000

mem[X,0x000000008000182C] -> 0x9E93
mem[X,0x000000008000182E] -> 0x00AE
[1552] [M]: 0x000000008000182C (0x00AE9E93) slli t4, t4, 0xa
x29 <- 0xFFFD3FFF20000000

mem[X,0x0000000080001830] -> 0x8E93
mem[X,0x0000000080001832] -> 0x002E
[1553] [M]: 0x0000000080001830 (0x002E8E93) addi t4, t4, 0x2
x29 <- 0xFFFD3FFF20000002

mem[X,0x0000000080001834] -> 0x7FBB
mem[X,0x0000000080001836] -> 0xB1DF
[1554] [M]: 0x0000000080001834 (0xB1DF7FBB) pmulh.h.bo t6, t5, t4
x31 <- 0x0000000000000000

mem[X,0x0000000080001838] -> 0xB023
mem[X,0x000000008000183A] -> 0x1BF0
[1555] [M]: 0x0000000080001838 (0x1BF0B023) sd t6, 0x1a0(ra)
mem[0x0000000080004398] <- 0x0000000000000000

mem[X,0x000000008000183C] -> 0x0F37
mem[X,0x000000008000183E] -> 0x0080
[1556] [M]: 0x000000008000183C (0x00800F37) lui t5, 0x800
x30 <- 0x0000000000800000

mem[X,0x0000000080001840] -> 0x0F13
mem[X,0x0000000080001842] -> 0x009F
[1557] [M]: 0x0000000080001840 (0x009F0F13) addi t5, t5, 0x9
x30 <- 0x0000000000800009

mem[X,0x0000000080001844] -> 0x1F13
mem[X,0x0000000080001846] -> 0x00BF
[1558] [M]: 0x0000000080001844 (0x00BF1F13) slli t5, t5, 0xb
x30 <- 0x0000000400004800

mem[X,0x0000000080001848] -> 0x0F13
mem[X,0x000000008000184A] -> 0x7FBF
[1559] [M]: 0x0000000080001848 (0x7FBF0F13) addi t5, t5, 0x7fb
x30 <- 0x0000000400004FFB

mem[X,0x000000008000184C] -> 0x1F13
mem[X,0x000000008000184E] -> 0x00BF
[1560] [M]: 0x000000008000184C (0x00BF1F13) slli t5, t5, 0xb
x30 <- 0x00002000027FD800

mem[X,0x0000000080001850] -> 0x0F13
mem[X,0x0000000080001852] -> 0x7FFF
[1561] [M]: 0x0000000080001850 (0x7FFF0F13) addi t5, t5, 0x7ff
x30 <- 0x00002000027FDFFF

mem[X,0x0000000080001854] -> 0x1F13
mem[X,0x0000000080001856] -> 0x00AF
[1562] [M]: 0x0000000080001854 (0x00AF1F13) slli t5, t5, 0xa
x30 <- 0x00800009FF7FFC00

mem[X,0x0000000080001858] -> 0x0F13
mem[X,0x000000008000185A] -> 0x3FBF
[1563] [M]: 0x0000000080001858 (0x3FBF0F13) addi t5, t5, 0x3fb
x30 <- 0x00800009FF7FFFFB

mem[X,0x000000008000185C] -> 0x0EB7
mem[X,0x000000008000185E] -> 0xBFFF
[1564] [M]: 0x000000008000185C (0xBFFF0EB7) lui t4, -0x40010
x29 <- 0xFFFFFFFFBFFF0000

mem[X,0x0000000080001860] -> 0x8E93
mem[X,0x0000000080001862] -> 0x007E
[1565] [M]: 0x0000000080001860 (0x007E8E93) addi t4, t4, 0x7
x29 <- 0xFFFFFFFFBFFF0007

mem[X,0x0000000080001864] -> 0x9E93
mem[X,0x0000000080001866] -> 0x00BE
[1566] [M]: 0x0000000080001864 (0x00BE9E93) slli t4, t4, 0xb
x29 <- 0xFFFFFDFFF8003800

mem[X,0x0000000080001868] -> 0x8E93
mem[X,0x000000008000186A] -> 0x7FFE
[1567] [M]: 0x0000000080001868 (0x7FFE8E93) addi t4, t4, 0x7ff
x29 <- 0xFFFFFDFFF8003FFF

mem[X,0x000000008000186C] -> 0x9E93
mem[X,0x000000008000186E] -> 0x00BE
[1568] [M]: 0x000000008000186C (0x00BE9E93) slli t4, t4, 0xb
x29 <- 0xFFEFFFC001FFF800

mem[X,0x0000000080001870] -> 0x8E93
mem[X,0x0000000080001872] -> 0x5FFE
[1569] [M]: 0x0000000080001870 (0x5FFE8E93) addi t4, t4, 0x5ff
x29 <- 0xFFEFFFC001FFFDFF

mem[X,0x0000000080001874] -> 0x9E93
mem[X,0x0000000080001876] -> 0x00AE
[1570] [M]: 0x0000000080001874 (0x00AE9E93) slli t4, t4, 0xa
x29 <- 0xBFFF0007FFF7FC00

mem[X,0x0000000080001878] -> 0x8E93
mem[X,0x000000008000187A] -> 0x3F7E
[1571] [M]: 0x0000000080001878 (0x3F7E8E93) addi t4, t4, 0x3f7
x29 <- 0xBFFF0007FFF7FFF7

mem[X,0x000000008000187C] -> 0x7FBB
mem[X,0x000000008000187E] -> 0xB1DF
[1572] [M]: 0x000000008000187C (0xB1DF7FBB) pmulh.h.bo t6, t5, t4
x31 <- 0xFFFF000000000000

mem[X,0x0000000080001880] -> 0xB423
mem[X,0x0000000080001882] -> 0x1BF0
[1573] [M]: 0x0000000080001880 (0x1BF0B423) sd t6, 0x1a8(ra)
mem[0x00000000800043A0] <- 0xFFFF000000000000

mem[X,0x0000000080001884] -> 0x8F37
mem[X,0x0000000080001886] -> 0x1000
[1574] [M]: 0x0000000080001884 (0x10008F37) lui t5, 0x10008
x30 <- 0x0000000010008000

mem[X,0x0000000080001888] -> 0x0F13
mem[X,0x000000008000188A] -> 0xFFFF
[1575] [M]: 0x0000000080001888 (0xFFFF0F13) addi t5, t5, -0x1
x30 <- 0x0000000010007FFF

mem[X,0x000000008000188C] -> 0x1F13
mem[X,0x000000008000188E] -> 0x00BF
[1576] [M]: 0x000000008000188C (0x00BF1F13) slli t5, t5, 0xb
x30 <- 0x0000008003FFF800

mem[X,0x0000000080001890] -> 0x0F13
mem[X,0x0000000080001892] -> 0x000F
[1577] [M]: 0x0000000080001890 (0x000F0F13) addi t5, t5, 0x0
x30 <- 0x0000008003FFF800

mem[X,0x0000000080001894] -> 0x1F13
mem[X,0x0000000080001896] -> 0x00BF
[1578] [M]: 0x0000000080001894 (0x00BF1F13) slli t5, t5, 0xb
x30 <- 0x0004001FFFC00000

mem[X,0x0000000080001898] -> 0x0F13
mem[X,0x000000008000189A] -> 0x000F
[1579] [M]: 0x0000000080001898 (0x000F0F13) addi t5, t5, 0x0
x30 <- 0x0004001FFFC00000

mem[X,0x000000008000189C] -> 0x1F13
mem[X,0x000000008000189E] -> 0x00AF
[1580] [M]: 0x000000008000189C (0x00AF1F13) slli t5, t5, 0xa
x30 <- 0x10007FFF00000000

mem[X,0x00000000800018A0] -> 0x0F13
mem[X,0x00000000800018A2] -> 0x100F
[1581] [M]: 0x00000000800018A0 (0x100F0F13) addi t5, t5, 0x100
x30 <- 0x10007FFF00000100

mem[X,0x00000000800018A4] -> 0x0EB7
mem[X,0x00000000800018A6] -> 0xFFFA
[1582] [M]: 0x00000000800018A4 (0xFFFA0EB7) lui t4, -0x60
x29 <- 0xFFFFFFFFFFFA0000

mem[X,0x00000000800018A8] -> 0x8E93
mem[X,0x00000000800018AA] -> 0x003E
[1583] [M]: 0x00000000800018A8 (0x003E8E93) addi t4, t4, 0x3
x29 <- 0xFFFFFFFFFFFA0003

mem[X,0x00000000800018AC] -> 0x9E93
mem[X,0x00000000800018AE] -> 0x00BE
[1584] [M]: 0x00000000800018AC (0x00BE9E93) slli t4, t4, 0xb
x29 <- 0xFFFFFFFFD0001800

mem[X,0x00000000800018B0] -> 0x8E93
mem[X,0x00000000800018B2] -> 0x77FE
[1585] [M]: 0x00000000800018B0 (0x77FE8E93) addi t4, t4, 0x77f
x29 <- 0xFFFFFFFFD0001F7F

mem[X,0x00000000800018B4] -> 0x9E93
mem[X,0x00000000800018B6] -> 0x00BE
[1586] [M]: 0x00000000800018B4 (0x00BE9E93) slli t4, t4, 0xb
x29 <- 0xFFFFFE8000FBF800

mem[X,0x00000000800018B8] -> 0x8E93
mem[X,0x00000000800018BA] -> 0x7C4E
[1587] [M]: 0x00000000800018B8 (0x7C4E8E93) addi t4, t4, 0x7c4
x29 <- 0xFFFFFE8000FBFFC4

mem[X,0x00000000800018BC] -> 0x9E93
mem[X,0x00000000800018BE] -> 0x00AE
[1588] [M]: 0x00000000800018BC (0x00AE9E93) slli t4, t4, 0xa
x29 <- 0xFFFA0003EFFF1000

mem[X,0x00000000800018C0] -> 0x7FBB
mem[X,0x00000000800018C2] -> 0xB1DF
[1589] [M]: 0x00000000800018C0 (0xB1DF7FBB) pmulh.h.bo t6, t5, t4
x31 <- 0xFFFF000000000000

mem[X,0x00000000800018C4] -> 0xB823
mem[X,0x00000000800018C6] -> 0x1BF0
[1590] [M]: 0x00000000800018C4 (0x1BF0B823) sd t6, 0x1b0(ra)
mem[0x00000000800043A8] <- 0xFFFF000000000000

mem[X,0x00000000800018C8] -> 0x0F37
mem[X,0x00000000800018CA] -> 0x0080
[1591] [M]: 0x00000000800018C8 (0x00800F37) lui t5, 0x800
x30 <- 0x0000000000800000

mem[X,0x00000000800018CC] -> 0x0F13
mem[X,0x00000000800018CE] -> 0x008F
[1592] [M]: 0x00000000800018CC (0x008F0F13) addi t5, t5, 0x8
x30 <- 0x0000000000800008

mem[X,0x00000000800018D0] -> 0x1F13
mem[X,0x00000000800018D2] -> 0x00BF
[1593] [M]: 0x00000000800018D0 (0x00BF1F13) slli t5, t5, 0xb
x30 <- 0x0000000400004000

mem[X,0x00000000800018D4] -> 0x0F13
mem[X,0x00000000800018D6] -> 0x7FFF
[1594] [M]: 0x00000000800018D4 (0x7FFF0F13) addi t5, t5, 0x7ff
x30 <- 0x00000004000047FF

mem[X,0x00000000800018D8] -> 0x1F13
mem[X,0x00000000800018DA] -> 0x00BF
[1595] [M]: 0x00000000800018D8 (0x00BF1F13) slli t5, t5, 0xb
x30 <- 0x00002000023FF800

mem[X,0x00000000800018DC] -> 0x0F13
mem[X,0x00000000800018DE] -> 0x680F
[1596] [M]: 0x00000000800018DC (0x680F0F13) addi t5, t5, 0x680
x30 <- 0x00002000023FFE80

mem[X,0x00000000800018E0] -> 0x1F13
mem[X,0x00000000800018E2] -> 0x00AF
[1597] [M]: 0x00000000800018E0 (0x00AF1F13) slli t5, t5, 0xa
x30 <- 0x00800008FFFA0000

mem[X,0x00000000800018E4] -> 0x0F13
mem[X,0x00000000800018E6] -> 0x040F
[1598] [M]: 0x00000000800018E4 (0x040F0F13) addi t5, t5, 0x40
x30 <- 0x00800008FFFA0040

mem[X,0x00000000800018E8] -> 0x0EB7
mem[X,0x00000000800018EA] -> 0xFBFF
[1599] [M]: 0x00000000800018E8 (0xFBFF0EB7) lui t4, -0x4010
x29 <- 0xFFFFFFFFFBFF0000

clint::tick mtime <- 0x0000000000000010
 clint timer pending at mtime 0x0000000000000010
htif::tick 0x0000000000000000
mem[X,0x00000000800018EC] -> 0x8E93
mem[X,0x00000000800018EE] -> 0x003E
[1600] [M]: 0x00000000800018EC (0x003E8E93) addi t4, t4, 0x3
x29 <- 0xFFFFFFFFFBFF0003

mem[X,0x00000000800018F0] -> 0x9E93
mem[X,0x00000000800018F2] -> 0x00BE
[1601] [M]: 0x00000000800018F0 (0x00BE9E93) slli t4, t4, 0xb
x29 <- 0xFFFFFFDFF8001800

mem[X,0x00000000800018F4] -> 0x8E93
mem[X,0x00000000800018F6] -> 0x000E
[1602] [M]: 0x00000000800018F4 (0x000E8E93) addi t4, t4, 0x0
x29 <- 0xFFFFFFDFF8001800

mem[X,0x00000000800018F8] -> 0x9E93
mem[X,0x00000000800018FA] -> 0x00BE
[1603] [M]: 0x00000000800018F8 (0x00BE9E93) slli t4, t4, 0xb
x29 <- 0xFFFEFFC000C00000

mem[X,0x00000000800018FC] -> 0x8E93
mem[X,0x00000000800018FE] -> 0x100E
[1604] [M]: 0x00000000800018FC (0x100E8E93) addi t4, t4, 0x100
x29 <- 0xFFFEFFC000C00100

mem[X,0x0000000080001900] -> 0x9E93
mem[X,0x0000000080001902] -> 0x00AE
[1605] [M]: 0x0000000080001900 (0x00AE9E93) slli t4, t4, 0xa
x29 <- 0xFBFF000300040000

mem[X,0x0000000080001904] -> 0x8E93
mem[X,0x0000000080001906] -> 0x080E
[1606] [M]: 0x0000000080001904 (0x080E8E93) addi t4, t4, 0x80
x29 <- 0xFBFF000300040080

mem[X,0x0000000080001908] -> 0x7FBB
mem[X,0x000000008000190A] -> 0xB1DF
[1607] [M]: 0x0000000080001908 (0xB1DF7FBB) pmulh.h.bo t6, t5, t4
x31 <- 0xFFFF000000000000

mem[X,0x000000008000190C] -> 0xBC23
mem[X,0x000000008000190E] -> 0x1BF0
[1608] [M]: 0x000000008000190C (0x1BF0BC23) sd t6, 0x1b8(ra)
mem[0x00000000800043B0] <- 0xFFFF000000000000

mem[X,0x0000000080001910] -> 0x0F37
mem[X,0x0000000080001912] -> 0xFFBF
[1609] [M]: 0x0000000080001910 (0xFFBF0F37) lui t5, -0x410
x30 <- 0xFFFFFFFFFFBF0000

mem[X,0x0000000080001914] -> 0x0F13
mem[X,0x0000000080001916] -> 0x080F
[1610] [M]: 0x0000000080001914 (0x080F0F13) addi t5, t5, 0x80
x30 <- 0xFFFFFFFFFFBF0080

mem[X,0x0000000080001918] -> 0x1F13
mem[X,0x000000008000191A] -> 0x00BF
[1611] [M]: 0x0000000080001918 (0x00BF1F13) slli t5, t5, 0xb
x30 <- 0xFFFFFFFDF8040000

mem[X,0x000000008000191C] -> 0x0F13
mem[X,0x000000008000191E] -> 0x7BFF
[1612] [M]: 0x000000008000191C (0x7BFF0F13) addi t5, t5, 0x7bf
x30 <- 0xFFFFFFFDF80407BF

mem[X,0x0000000080001920] -> 0x1F13
mem[X,0x0000000080001922] -> 0x00BF
[1613] [M]: 0x0000000080001920 (0x00BF1F13) slli t5, t5, 0xb
x30 <- 0xFFFFEFC0203DF800

mem[X,0x0000000080001924] -> 0x0F13
mem[X,0x0000000080001926] -> 0x7FFF
[1614] [M]: 0x0000000080001924 (0x7FFF0F13) addi t5, t5, 0x7ff
x30 <- 0xFFFFEFC0203DFFFF

mem[X,0x0000000080001928] -> 0x1F13
mem[X,0x000000008000192A] -> 0x00AF
[1615] [M]: 0x0000000080001928 (0x00AF1F13) slli t5, t5, 0xa
x30 <- 0xFFBF0080F7FFFC00

mem[X,0x000000008000192C] -> 0x0F13
mem[X,0x000000008000192E] -> 0x2FFF
[1616] [M]: 0x000000008000192C (0x2FFF0F13) addi t5, t5, 0x2ff
x30 <- 0xFFBF0080F7FFFEFF

mem[X,0x0000000080001930] -> 0x2EB7
mem[X,0x0000000080001932] -> 0x0200
[1617] [M]: 0x0000000080001930 (0x02002EB7) lui t4, 0x2002
x29 <- 0x0000000002002000

mem[X,0x0000000080001934] -> 0x8E93
mem[X,0x0000000080001936] -> 0x000E
[1618] [M]: 0x0000000080001934 (0x000E8E93) addi t4, t4, 0x0
x29 <- 0x0000000002002000

mem[X,0x0000000080001938] -> 0x9E93
mem[X,0x000000008000193A] -> 0x00BE
[1619] [M]: 0x0000000080001938 (0x00BE9E93) slli t4, t4, 0xb
x29 <- 0x0000001001000000

mem[X,0x000000008000193C] -> 0x8E93
mem[X,0x000000008000193E] -> 0x000E
[1620] [M]: 0x000000008000193C (0x000E8E93) addi t4, t4, 0x0
x29 <- 0x0000001001000000

mem[X,0x0000000080001940] -> 0x9E93
mem[X,0x0000000080001942] -> 0x00BE
[1621] [M]: 0x0000000080001940 (0x00BE9E93) slli t4, t4, 0xb
x29 <- 0x0000800800000000

mem[X,0x0000000080001944] -> 0x8E93
mem[X,0x0000000080001946] -> 0x0C4E
[1622] [M]: 0x0000000080001944 (0x0C4E8E93) addi t4, t4, 0xc4
x29 <- 0x00008008000000C4

mem[X,0x0000000080001948] -> 0x9E93
mem[X,0x000000008000194A] -> 0x00AE
[1623] [M]: 0x0000000080001948 (0x00AE9E93) slli t4, t4, 0xa
x29 <- 0x0200200000031000

mem[X,0x000000008000194C] -> 0x7FBB
mem[X,0x000000008000194E] -> 0xB1DF
[1624] [M]: 0x000000008000194C (0xB1DF7FBB) pmulh.h.bo t6, t5, t4
x31 <- 0xFFFF00000000FFFF

mem[X,0x0000000080001950] -> 0xB023
mem[X,0x0000000080001952] -> 0x1DF0
[1625] [M]: 0x0000000080001950 (0x1DF0B023) sd t6, 0x1c0(ra)
mem[0x00000000800043B8] <- 0xFFFF00000000FFFF

mem[X,0x0000000080001954] -> 0x0F37
mem[X,0x0000000080001956] -> 0xFFF7
[1626] [M]: 0x0000000080001954 (0xFFF70F37) lui t5, -0x90
x30 <- 0xFFFFFFFFFFF70000

mem[X,0x0000000080001958] -> 0x0F13
mem[X,0x000000008000195A] -> 0x100F
[1627] [M]: 0x0000000080001958 (0x100F0F13) addi t5, t5, 0x100
x30 <- 0xFFFFFFFFFFF70100

mem[X,0x000000008000195C] -> 0x1F13
mem[X,0x000000008000195E] -> 0x00BF
[1628] [M]: 0x000000008000195C (0x00BF1F13) slli t5, t5, 0xb
x30 <- 0xFFFFFFFFB8080000

mem[X,0x0000000080001960] -> 0x0F13
mem[X,0x0000000080001962] -> 0x080F
[1629] [M]: 0x0000000080001960 (0x080F0F13) addi t5, t5, 0x80
x30 <- 0xFFFFFFFFB8080080

mem[X,0x0000000080001964] -> 0x1F13
mem[X,0x0000000080001966] -> 0x00BF
[1630] [M]: 0x0000000080001964 (0x00BF1F13) slli t5, t5, 0xb
x30 <- 0xFFFFFDC040040000

mem[X,0x0000000080001968] -> 0x0F13
mem[X,0x000000008000196A] -> 0x000F
[1631] [M]: 0x0000000080001968 (0x000F0F13) addi t5, t5, 0x0
x30 <- 0xFFFFFDC040040000

mem[X,0x000000008000196C] -> 0x1F13
mem[X,0x000000008000196E] -> 0x00AF
[1632] [M]: 0x000000008000196C (0x00AF1F13) slli t5, t5, 0xa
x30 <- 0xFFF7010010000000

mem[X,0x0000000080001970] -> 0x0F13
mem[X,0x0000000080001972] -> 0x080F
[1633] [M]: 0x0000000080001970 (0x080F0F13) addi t5, t5, 0x80
x30 <- 0xFFF7010010000080

mem[X,0x0000000080001974] -> 0x0EB7
mem[X,0x0000000080001976] -> 0xC000
[1634] [M]: 0x0000000080001974 (0xC0000EB7) lui t4, -0x40000
x29 <- 0xFFFFFFFFC0000000

mem[X,0x0000000080001978] -> 0x8E93
mem[X,0x000000008000197A] -> 0x000E
[1635] [M]: 0x0000000080001978 (0x000E8E93) addi t4, t4, 0x0
x29 <- 0xFFFFFFFFC0000000

mem[X,0x000000008000197C] -> 0x9E93
mem[X,0x000000008000197E] -> 0x00BE
[1636] [M]: 0x000000008000197C (0x00BE9E93) slli t4, t4, 0xb
x29 <- 0xFFFFFE0000000000

mem[X,0x0000000080001980] -> 0x8E93
mem[X,0x0000000080001982] -> 0x000E
[1637] [M]: 0x0000000080001980 (0x000E8E93) addi t4, t4, 0x0
x29 <- 0xFFFFFE0000000000

mem[X,0x0000000080001984] -> 0x9E93
mem[X,0x0000000080001986] -> 0x00BE
[1638] [M]: 0x0000000080001984 (0x00BE9E93) slli t4, t4, 0xb
x29 <- 0xFFF0000000000000

mem[X,0x0000000080001988] -> 0x8E93
mem[X,0x000000008000198A] -> 0x0B0E
[1639] [M]: 0x0000000080001988 (0x0B0E8E93) addi t4, t4, 0xb0
x29 <- 0xFFF00000000000B0

mem[X,0x000000008000198C] -> 0x9E93
mem[X,0x000000008000198E] -> 0x00AE
[1640] [M]: 0x000000008000198C (0x00AE9E93) slli t4, t4, 0xa
x29 <- 0xC00000000002C000

mem[X,0x0000000080001990] -> 0x7FBB
mem[X,0x0000000080001992] -> 0xB1DF
[1641] [M]: 0x0000000080001990 (0xB1DF7FBB) pmulh.h.bo t6, t5, t4
x31 <- 0x000000000000FFFF

mem[X,0x0000000080001994] -> 0xB423
mem[X,0x0000000080001996] -> 0x1DF0
[1642] [M]: 0x0000000080001994 (0x1DF0B423) sd t6, 0x1c8(ra)
mem[0x00000000800043C0] <- 0x000000000000FFFF

mem[X,0x0000000080001998] -> 0x0F37
mem[X,0x000000008000199A] -> 0xFBFF
[1643] [M]: 0x0000000080001998 (0xFBFF0F37) lui t5, -0x4010
x30 <- 0xFFFFFFFFFBFF0000

mem[X,0x000000008000199C] -> 0x0F13
mem[X,0x000000008000199E] -> 0x400F
[1644] [M]: 0x000000008000199C (0x400F0F13) addi t5, t5, 0x400
x30 <- 0xFFFFFFFFFBFF0400

mem[X,0x00000000800019A0] -> 0x1F13
mem[X,0x00000000800019A2] -> 0x00BF
[1645] [M]: 0x00000000800019A0 (0x00BF1F13) slli t5, t5, 0xb
x30 <- 0xFFFFFFDFF8200000

mem[X,0x00000000800019A4] -> 0x0F13
mem[X,0x00000000800019A6] -> 0x004F
[1646] [M]: 0x00000000800019A4 (0x004F0F13) addi t5, t5, 0x4
x30 <- 0xFFFFFFDFF8200004

mem[X,0x00000000800019A8] -> 0x1F13
mem[X,0x00000000800019AA] -> 0x00BF
[1647] [M]: 0x00000000800019A8 (0x00BF1F13) slli t5, t5, 0xb
x30 <- 0xFFFEFFC100002000

mem[X,0x00000000800019AC] -> 0x0F13
mem[X,0x00000000800019AE] -> 0x03FF
[1648] [M]: 0x00000000800019AC (0x03FF0F13) addi t5, t5, 0x3f
x30 <- 0xFFFEFFC10000203F

mem[X,0x00000000800019B0] -> 0x1F13
mem[X,0x00000000800019B2] -> 0x00AF
[1649] [M]: 0x00000000800019B0 (0x00AF1F13) slli t5, t5, 0xa
x30 <- 0xFBFF04000080FC00

mem[X,0x00000000800019B4] -> 0x0F13
mem[X,0x00000000800019B6] -> 0x3F8F
[1650] [M]: 0x00000000800019B4 (0x3F8F0F13) addi t5, t5, 0x3f8
x30 <- 0xFBFF04000080FFF8

mem[X,0x00000000800019B8] -> 0x0EB7
mem[X,0x00000000800019BA] -> 0x8000
[1651] [M]: 0x00000000800019B8 (0x80000EB7) lui t4, -0x80000
x29 <- 0xFFFFFFFF80000000

mem[X,0x00000000800019BC] -> 0x8E93
mem[X,0x00000000800019BE] -> 0x020E
[1652] [M]: 0x00000000800019BC (0x020E8E93) addi t4, t4, 0x20
x29 <- 0xFFFFFFFF80000020

mem[X,0x00000000800019C0] -> 0x9E93
mem[X,0x00000000800019C2] -> 0x00BE
[1653] [M]: 0x00000000800019C0 (0x00BE9E93) slli t4, t4, 0xb
x29 <- 0xFFFFFC0000010000

mem[X,0x00000000800019C4] -> 0x8E93
mem[X,0x00000000800019C6] -> 0x1FFE
[1654] [M]: 0x00000000800019C4 (0x1FFE8E93) addi t4, t4, 0x1ff
x29 <- 0xFFFFFC00000101FF

mem[X,0x00000000800019C8] -> 0x9E93
mem[X,0x00000000800019CA] -> 0x00BE
[1655] [M]: 0x00000000800019C8 (0x00BE9E93) slli t4, t4, 0xb
x29 <- 0xFFE00000080FF800

mem[X,0x00000000800019CC] -> 0x8E93
mem[X,0x00000000800019CE] -> 0x7C0E
[1656] [M]: 0x00000000800019CC (0x7C0E8E93) addi t4, t4, 0x7c0
x29 <- 0xFFE00000080FFFC0

mem[X,0x00000000800019D0] -> 0x9E93
mem[X,0x00000000800019D2] -> 0x00AE
[1657] [M]: 0x00000000800019D0 (0x00AE9E93) slli t4, t4, 0xa
x29 <- 0x800000203FFF0000

mem[X,0x00000000800019D4] -> 0x8E93
mem[X,0x00000000800019D6] -> 0x020E
[1658] [M]: 0x00000000800019D4 (0x020E8E93) addi t4, t4, 0x20
x29 <- 0x800000203FFF0020

mem[X,0x00000000800019D8] -> 0x7FBB
mem[X,0x00000000800019DA] -> 0xB1DF
[1659] [M]: 0x00000000800019D8 (0xB1DF7FBB) pmulh.h.bo t6, t5, t4
x31 <- 0x0002000000000000

mem[X,0x00000000800019DC] -> 0xB823
mem[X,0x00000000800019DE] -> 0x1DF0
[1660] [M]: 0x00000000800019DC (0x1DF0B823) sd t6, 0x1d0(ra)
mem[0x00000000800043C8] <- 0x0002000000000000

mem[X,0x00000000800019E0] -> 0x0F37
mem[X,0x00000000800019E2] -> 0x0006
[1661] [M]: 0x00000000800019E0 (0x00060F37) lui t5, 0x60
x30 <- 0x0000000000060000

mem[X,0x00000000800019E4] -> 0x0F13
mem[X,0x00000000800019E6] -> 0xFF7F
[1662] [M]: 0x00000000800019E4 (0xFF7F0F13) addi t5, t5, -0x9
x30 <- 0x000000000005FFF7

mem[X,0x00000000800019E8] -> 0x1F13
mem[X,0x00000000800019EA] -> 0x00BF
[1663] [M]: 0x00000000800019E8 (0x00BF1F13) slli t5, t5, 0xb
x30 <- 0x000000002FFFB800

mem[X,0x00000000800019EC] -> 0x0F13
mem[X,0x00000000800019EE] -> 0x7FFF
[1664] [M]: 0x00000000800019EC (0x7FFF0F13) addi t5, t5, 0x7ff
x30 <- 0x000000002FFFBFFF

mem[X,0x00000000800019F0] -> 0x1F13
mem[X,0x00000000800019F2] -> 0x00BF
[1665] [M]: 0x00000000800019F0 (0x00BF1F13) slli t5, t5, 0xb
x30 <- 0x0000017FFDFFF800

mem[X,0x00000000800019F4] -> 0x0F13
mem[X,0x00000000800019F6] -> 0x6B7F
[1666] [M]: 0x00000000800019F4 (0x6B7F0F13) addi t5, t5, 0x6b7
x30 <- 0x0000017FFDFFFEB7

mem[X,0x00000000800019F8] -> 0x1F13
mem[X,0x00000000800019FA] -> 0x00AF
[1667] [M]: 0x00000000800019F8 (0x00AF1F13) slli t5, t5, 0xa
x30 <- 0x0005FFF7FFFADC00

mem[X,0x00000000800019FC] -> 0x0F13
mem[X,0x00000000800019FE] -> 0x3FFF
[1668] [M]: 0x00000000800019FC (0x3FFF0F13) addi t5, t5, 0x3ff
x30 <- 0x0005FFF7FFFADFFF

mem[X,0x0000000080001A00] -> 0x0EB7
mem[X,0x0000000080001A02] -> 0x0011
[1669] [M]: 0x0000000080001A00 (0x00110EB7) lui t4, 0x110
x29 <- 0x0000000000110000

mem[X,0x0000000080001A04] -> 0x8E93
mem[X,0x0000000080001A06] -> 0xFFAE
[1670] [M]: 0x0000000080001A04 (0xFFAE8E93) addi t4, t4, -0x6
x29 <- 0x000000000010FFFA

mem[X,0x0000000080001A08] -> 0x9E93
mem[X,0x0000000080001A0A] -> 0x00BE
[1671] [M]: 0x0000000080001A08 (0x00BE9E93) slli t4, t4, 0xb
x29 <- 0x0000000087FFD000

mem[X,0x0000000080001A0C] -> 0x8E93
mem[X,0x0000000080001A0E] -> 0x555E
[1672] [M]: 0x0000000080001A0C (0x555E8E93) addi t4, t4, 0x555
x29 <- 0x0000000087FFD555

mem[X,0x0000000080001A10] -> 0x9E93
mem[X,0x0000000080001A12] -> 0x00BE
[1673] [M]: 0x0000000080001A10 (0x00BE9E93) slli t4, t4, 0xb
x29 <- 0x0000043FFEAAA800

mem[X,0x0000000080001A14] -> 0x8E93
mem[X,0x0000000080001A16] -> 0x280E
[1674] [M]: 0x0000000080001A14 (0x280E8E93) addi t4, t4, 0x280
x29 <- 0x0000043FFEAAAA80

mem[X,0x0000000080001A18] -> 0x9E93
mem[X,0x0000000080001A1A] -> 0x00AE
[1675] [M]: 0x0000000080001A18 (0x00AE9E93) slli t4, t4, 0xa
x29 <- 0x0010FFFAAAAA0000

mem[X,0x0000000080001A1C] -> 0x8E93
mem[X,0x0000000080001A1E] -> 0x080E
[1676] [M]: 0x0000000080001A1C (0x080E8E93) addi t4, t4, 0x80
x29 <- 0x0010FFFAAAAA0080

mem[X,0x0000000080001A20] -> 0x7FBB
mem[X,0x0000000080001A22] -> 0xB1DF
[1677] [M]: 0x0000000080001A20 (0xB1DF7FBB) pmulh.h.bo t6, t5, t4
x31 <- 0x0000000000000000

mem[X,0x0000000080001A24] -> 0xBC23
mem[X,0x0000000080001A26] -> 0x1DF0
[1678] [M]: 0x0000000080001A24 (0x1DF0BC23) sd t6, 0x1d8(ra)
mem[0x00000000800043D0] <- 0x0000000000000000

mem[X,0x0000000080001A28] -> 0x0F37
mem[X,0x0000000080001A2A] -> 0xFFE0
[1679] [M]: 0x0000000080001A28 (0xFFE00F37) lui t5, -0x200
x30 <- 0xFFFFFFFFFFE00000

mem[X,0x0000000080001A2C] -> 0x0F13
mem[X,0x0000000080001A2E] -> 0xFEFF
[1680] [M]: 0x0000000080001A2C (0xFEFF0F13) addi t5, t5, -0x11
x30 <- 0xFFFFFFFFFFDFFFEF

mem[X,0x0000000080001A30] -> 0x1F13
mem[X,0x0000000080001A32] -> 0x00BF
[1681] [M]: 0x0000000080001A30 (0x00BF1F13) slli t5, t5, 0xb
x30 <- 0xFFFFFFFEFFFF7800

mem[X,0x0000000080001A34] -> 0x0F13
mem[X,0x0000000080001A36] -> 0x7FFF
[1682] [M]: 0x0000000080001A34 (0x7FFF0F13) addi t5, t5, 0x7ff
x30 <- 0xFFFFFFFEFFFF7FFF

mem[X,0x0000000080001A38] -> 0x1F13
mem[X,0x0000000080001A3A] -> 0x00BF
[1683] [M]: 0x0000000080001A38 (0x00BF1F13) slli t5, t5, 0xb
x30 <- 0xFFFFF7FFFBFFF800

mem[X,0x0000000080001A3C] -> 0x0F13
mem[X,0x0000000080001A3E] -> 0x73FF
[1684] [M]: 0x0000000080001A3C (0x73FF0F13) addi t5, t5, 0x73f
x30 <- 0xFFFFF7FFFBFFFF3F

mem[X,0x0000000080001A40] -> 0x1F13
mem[X,0x0000000080001A42] -> 0x00AF
[1685] [M]: 0x0000000080001A40 (0x00AF1F13) slli t5, t5, 0xa
x30 <- 0xFFDFFFEFFFFCFC00

mem[X,0x0000000080001A44] -> 0x0F13
mem[X,0x0000000080001A46] -> 0x3BFF
[1686] [M]: 0x0000000080001A44 (0x3BFF0F13) addi t5, t5, 0x3bf
x30 <- 0xFFDFFFEFFFFCFFBF

mem[X,0x0000000080001A48] -> 0x0EB7
mem[X,0x0000000080001A4A] -> 0xFF80
[1687] [M]: 0x0000000080001A48 (0xFF800EB7) lui t4, -0x800
x29 <- 0xFFFFFFFFFF800000

mem[X,0x0000000080001A4C] -> 0x8E93
mem[X,0x0000000080001A4E] -> 0xFFBE
[1688] [M]: 0x0000000080001A4C (0xFFBE8E93) addi t4, t4, -0x5
x29 <- 0xFFFFFFFFFF7FFFFB

mem[X,0x0000000080001A50] -> 0x9E93
mem[X,0x0000000080001A52] -> 0x00BE
[1689] [M]: 0x0000000080001A50 (0x00BE9E93) slli t4, t4, 0xb
x29 <- 0xFFFFFFFBFFFFD800

mem[X,0x0000000080001A54] -> 0x8E93
mem[X,0x0000000080001A56] -> 0x400E
[1690] [M]: 0x0000000080001A54 (0x400E8E93) addi t4, t4, 0x400
x29 <- 0xFFFFFFFBFFFFDC00

mem[X,0x0000000080001A58] -> 0x9E93
mem[X,0x0000000080001A5A] -> 0x00BE
[1691] [M]: 0x0000000080001A58 (0x00BE9E93) slli t4, t4, 0xb
x29 <- 0xFFFFDFFFFEE00000

mem[X,0x0000000080001A5C] -> 0x8E93
mem[X,0x0000000080001A5E] -> 0x03BE
[1692] [M]: 0x0000000080001A5C (0x03BE8E93) addi t4, t4, 0x3b
x29 <- 0xFFFFDFFFFEE0003B

mem[X,0x0000000080001A60] -> 0x9E93
mem[X,0x0000000080001A62] -> 0x00AE
[1693] [M]: 0x0000000080001A60 (0x00AE9E93) slli t4, t4, 0xa
x29 <- 0xFF7FFFFB8000EC00

mem[X,0x0000000080001A64] -> 0x8E93
mem[X,0x0000000080001A66] -> 0x3FFE
[1694] [M]: 0x0000000080001A64 (0x3FFE8E93) addi t4, t4, 0x3ff
x29 <- 0xFF7FFFFB8000EFFF

mem[X,0x0000000080001A68] -> 0x7FBB
mem[X,0x0000000080001A6A] -> 0xB1DF
[1695] [M]: 0x0000000080001A68 (0xB1DF7FBB) pmulh.h.bo t6, t5, t4
x31 <- 0x0000000000000000

mem[X,0x0000000080001A6C] -> 0xB023
mem[X,0x0000000080001A6E] -> 0x1FF0
[1696] [M]: 0x0000000080001A6C (0x1FF0B023) sd t6, 0x1e0(ra)
mem[0x00000000800043D8] <- 0x0000000000000000

mem[X,0x0000000080001A70] -> 0x0F37
mem[X,0x0000000080001A72] -> 0x0200
[1697] [M]: 0x0000000080001A70 (0x02000F37) lui t5, 0x2000
x30 <- 0x0000000002000000

mem[X,0x0000000080001A74] -> 0x0F13
mem[X,0x0000000080001A76] -> 0x002F
[1698] [M]: 0x0000000080001A74 (0x002F0F13) addi t5, t5, 0x2
x30 <- 0x0000000002000002

mem[X,0x0000000080001A78] -> 0x1F13
mem[X,0x0000000080001A7A] -> 0x00BF
[1699] [M]: 0x0000000080001A78 (0x00BF1F13) slli t5, t5, 0xb
x30 <- 0x0000001000001000

clint::tick mtime <- 0x0000000000000011
 clint timer pending at mtime 0x0000000000000011
htif::tick 0x0000000000000000
mem[X,0x0000000080001A7C] -> 0x0F13
mem[X,0x0000000080001A7E] -> 0x3FFF
[1700] [M]: 0x0000000080001A7C (0x3FFF0F13) addi t5, t5, 0x3ff
x30 <- 0x00000010000013FF

mem[X,0x0000000080001A80] -> 0x1F13
mem[X,0x0000000080001A82] -> 0x00BF
[1701] [M]: 0x0000000080001A80 (0x00BF1F13) slli t5, t5, 0xb
x30 <- 0x00008000009FF800

mem[X,0x0000000080001A84] -> 0x0F13
mem[X,0x0000000080001A86] -> 0x7FEF
[1702] [M]: 0x0000000080001A84 (0x7FEF0F13) addi t5, t5, 0x7fe
x30 <- 0x00008000009FFFFE

mem[X,0x0000000080001A88] -> 0x1F13
mem[X,0x0000000080001A8A] -> 0x00AF
[1703] [M]: 0x0000000080001A88 (0x00AF1F13) slli t5, t5, 0xa
x30 <- 0x020000027FFFF800

mem[X,0x0000000080001A8C] -> 0x0F13
mem[X,0x0000000080001A8E] -> 0x3FFF
[1704] [M]: 0x0000000080001A8C (0x3FFF0F13) addi t5, t5, 0x3ff
x30 <- 0x020000027FFFFBFF

mem[X,0x0000000080001A90] -> 0x0EB7
mem[X,0x0000000080001A92] -> 0x4000
[1705] [M]: 0x0000000080001A90 (0x40000EB7) lui t4, 0x40000
x29 <- 0x0000000040000000

mem[X,0x0000000080001A94] -> 0x8E93
mem[X,0x0000000080001A96] -> 0xFEFE
[1706] [M]: 0x0000000080001A94 (0xFEFE8E93) addi t4, t4, -0x11
x29 <- 0x000000003FFFFFEF

mem[X,0x0000000080001A98] -> 0x9E93
mem[X,0x0000000080001A9A] -> 0x00BE
[1707] [M]: 0x0000000080001A98 (0x00BE9E93) slli t4, t4, 0xb
x29 <- 0x000001FFFFFF7800

mem[X,0x0000000080001A9C] -> 0x8E93
mem[X,0x0000000080001A9E] -> 0x000E
[1708] [M]: 0x0000000080001A9C (0x000E8E93) addi t4, t4, 0x0
x29 <- 0x000001FFFFFF7800

mem[X,0x0000000080001AA0] -> 0x9E93
mem[X,0x0000000080001AA2] -> 0x00BE
[1709] [M]: 0x0000000080001AA0 (0x00BE9E93) slli t4, t4, 0xb
x29 <- 0x000FFFFFFBC00000

mem[X,0x0000000080001AA4] -> 0x8E93
mem[X,0x0000000080001AA6] -> 0x180E
[1710] [M]: 0x0000000080001AA4 (0x180E8E93) addi t4, t4, 0x180
x29 <- 0x000FFFFFFBC00180

mem[X,0x0000000080001AA8] -> 0x9E93
mem[X,0x0000000080001AAA] -> 0x00AE
[1711] [M]: 0x0000000080001AA8 (0x00AE9E93) slli t4, t4, 0xa
x29 <- 0x3FFFFFEF00060000

mem[X,0x0000000080001AAC] -> 0x8E93
mem[X,0x0000000080001AAE] -> 0x100E
[1712] [M]: 0x0000000080001AAC (0x100E8E93) addi t4, t4, 0x100
x29 <- 0x3FFFFFEF00060100

mem[X,0x0000000080001AB0] -> 0x7FBB
mem[X,0x0000000080001AB2] -> 0xB1DF
[1713] [M]: 0x0000000080001AB0 (0xB1DF7FBB) pmulh.h.bo t6, t5, t4
x31 <- 0x0000FFFF0000FFFF

mem[X,0x0000000080001AB4] -> 0xB423
mem[X,0x0000000080001AB6] -> 0x1FF0
[1714] [M]: 0x0000000080001AB4 (0x1FF0B423) sd t6, 0x1e8(ra)
mem[0x00000000800043E0] <- 0x0000FFFF0000FFFF

mem[X,0x0000000080001AB8] -> 0x8F37
mem[X,0x0000000080001ABA] -> 0xFFF7
[1715] [M]: 0x0000000080001AB8 (0xFFF78F37) lui t5, -0x88
x30 <- 0xFFFFFFFFFFF78000

mem[X,0x0000000080001ABC] -> 0x0F13
mem[X,0x0000000080001ABE] -> 0xFFFF
[1716] [M]: 0x0000000080001ABC (0xFFFF0F13) addi t5, t5, -0x1
x30 <- 0xFFFFFFFFFFF77FFF

mem[X,0x0000000080001AC0] -> 0x1F13
mem[X,0x0000000080001AC2] -> 0x00BF
[1717] [M]: 0x0000000080001AC0 (0x00BF1F13) slli t5, t5, 0xb
x30 <- 0xFFFFFFFFBBFFF800

mem[X,0x0000000080001AC4] -> 0x0F13
mem[X,0x0000000080001AC6] -> 0x7FFF
[1718] [M]: 0x0000000080001AC4 (0x7FFF0F13) addi t5, t5, 0x7ff
x30 <- 0xFFFFFFFFBBFFFFFF

mem[X,0x0000000080001AC8] -> 0x1F13
mem[X,0x0000000080001ACA] -> 0x00BF
[1719] [M]: 0x0000000080001AC8 (0x00BF1F13) slli t5, t5, 0xb
x30 <- 0xFFFFFDDFFFFFF800

mem[X,0x0000000080001ACC] -> 0x0F13
mem[X,0x0000000080001ACE] -> 0x3F0F
[1720] [M]: 0x0000000080001ACC (0x3F0F0F13) addi t5, t5, 0x3f0
x30 <- 0xFFFFFDDFFFFFFBF0

mem[X,0x0000000080001AD0] -> 0x1F13
mem[X,0x0000000080001AD2] -> 0x00AF
[1721] [M]: 0x0000000080001AD0 (0x00AF1F13) slli t5, t5, 0xa
x30 <- 0xFFF77FFFFFEFC000

mem[X,0x0000000080001AD4] -> 0x0EB7
mem[X,0x0000000080001AD6] -> 0x0004
[1722] [M]: 0x0000000080001AD4 (0x00040EB7) lui t4, 0x40
x29 <- 0x0000000000040000

mem[X,0x0000000080001AD8] -> 0x8E93
mem[X,0x0000000080001ADA] -> 0x080E
[1723] [M]: 0x0000000080001AD8 (0x080E8E93) addi t4, t4, 0x80
x29 <- 0x0000000000040080

mem[X,0x0000000080001ADC] -> 0x9E93
mem[X,0x0000000080001ADE] -> 0x00BE
[1724] [M]: 0x0000000080001ADC (0x00BE9E93) slli t4, t4, 0xb
x29 <- 0x0000000020040000

mem[X,0x0000000080001AE0] -> 0x8E93
mem[X,0x0000000080001AE2] -> 0x000E
[1725] [M]: 0x0000000080001AE0 (0x000E8E93) addi t4, t4, 0x0
x29 <- 0x0000000020040000

mem[X,0x0000000080001AE4] -> 0x9E93
mem[X,0x0000000080001AE6] -> 0x00BE
[1726] [M]: 0x0000000080001AE4 (0x00BE9E93) slli t4, t4, 0xb
x29 <- 0x0000010020000000

mem[X,0x0000000080001AE8] -> 0x8E93
mem[X,0x0000000080001AEA] -> 0x240E
[1727] [M]: 0x0000000080001AE8 (0x240E8E93) addi t4, t4, 0x240
x29 <- 0x0000010020000240

mem[X,0x0000000080001AEC] -> 0x9E93
mem[X,0x0000000080001AEE] -> 0x00AE
[1728] [M]: 0x0000000080001AEC (0x00AE9E93) slli t4, t4, 0xa
x29 <- 0x0004008000090000

mem[X,0x0000000080001AF0] -> 0x8E93
mem[X,0x0000000080001AF2] -> 0x005E
[1729] [M]: 0x0000000080001AF0 (0x005E8E93) addi t4, t4, 0x5
x29 <- 0x0004008000090005

mem[X,0x0000000080001AF4] -> 0x7FBB
mem[X,0x0000000080001AF6] -> 0xB1DF
[1730] [M]: 0x0000000080001AF4 (0xB1DF7FBB) pmulh.h.bo t6, t5, t4
x31 <- 0x0000000000000000

mem[X,0x0000000080001AF8] -> 0xB823
mem[X,0x0000000080001AFA] -> 0x1FF0
[1731] [M]: 0x0000000080001AF8 (0x1FF0B823) sd t6, 0x1f0(ra)
mem[0x00000000800043E8] <- 0x0000000000000000

mem[X,0x0000000080001AFC] -> 0x0F37
mem[X,0x0000000080001AFE] -> 0x0005
[1732] [M]: 0x0000000080001AFC (0x00050F37) lui t5, 0x50
x30 <- 0x0000000000050000

mem[X,0x0000000080001B00] -> 0x0F13
mem[X,0x0000000080001B02] -> 0xDFFF
[1733] [M]: 0x0000000080001B00 (0xDFFF0F13) addi t5, t5, -0x201
x30 <- 0x000000000004FDFF

mem[X,0x0000000080001B04] -> 0x1F13
mem[X,0x0000000080001B06] -> 0x00BF
[1734] [M]: 0x0000000080001B04 (0x00BF1F13) slli t5, t5, 0xb
x30 <- 0x0000000027EFF800

mem[X,0x0000000080001B08] -> 0x0F13
mem[X,0x0000000080001B0A] -> 0x080F
[1735] [M]: 0x0000000080001B08 (0x080F0F13) addi t5, t5, 0x80
x30 <- 0x0000000027EFF880

mem[X,0x0000000080001B0C] -> 0x1F13
mem[X,0x0000000080001B0E] -> 0x00BF
[1736] [M]: 0x0000000080001B0C (0x00BF1F13) slli t5, t5, 0xb
x30 <- 0x0000013F7FC40000

mem[X,0x0000000080001B10] -> 0x0F13
mem[X,0x0000000080001B12] -> 0x03BF
[1737] [M]: 0x0000000080001B10 (0x03BF0F13) addi t5, t5, 0x3b
x30 <- 0x0000013F7FC4003B

mem[X,0x0000000080001B14] -> 0x1F13
mem[X,0x0000000080001B16] -> 0x00AF
[1738] [M]: 0x0000000080001B14 (0x00AF1F13) slli t5, t5, 0xa
x30 <- 0x0004FDFF1000EC00

mem[X,0x0000000080001B18] -> 0x0F13
mem[X,0x0000000080001B1A] -> 0x3FFF
[1739] [M]: 0x0000000080001B18 (0x3FFF0F13) addi t5, t5, 0x3ff
x30 <- 0x0004FDFF1000EFFF

mem[X,0x0000000080001B1C] -> 0x0EB7
mem[X,0x0000000080001B1E] -> 0x0041
[1740] [M]: 0x0000000080001B1C (0x00410EB7) lui t4, 0x410
x29 <- 0x0000000000410000

mem[X,0x0000000080001B20] -> 0x8E93
mem[X,0x0000000080001B22] -> 0xFEFE
[1741] [M]: 0x0000000080001B20 (0xFEFE8E93) addi t4, t4, -0x11
x29 <- 0x000000000040FFEF

mem[X,0x0000000080001B24] -> 0x9E93
mem[X,0x0000000080001B26] -> 0x00BE
[1742] [M]: 0x0000000080001B24 (0x00BE9E93) slli t4, t4, 0xb
x29 <- 0x0000000207FF7800

mem[X,0x0000000080001B28] -> 0x8E93
mem[X,0x0000000080001B2A] -> 0x000E
[1743] [M]: 0x0000000080001B28 (0x000E8E93) addi t4, t4, 0x0
x29 <- 0x0000000207FF7800

mem[X,0x0000000080001B2C] -> 0x9E93
mem[X,0x0000000080001B2E] -> 0x00BE
[1744] [M]: 0x0000000080001B2C (0x00BE9E93) slli t4, t4, 0xb
x29 <- 0x0000103FFBC00000

mem[X,0x0000000080001B30] -> 0x8E93
mem[X,0x0000000080001B32] -> 0x400E
[1745] [M]: 0x0000000080001B30 (0x400E8E93) addi t4, t4, 0x400
x29 <- 0x0000103FFBC00400

mem[X,0x0000000080001B34] -> 0x9E93
mem[X,0x0000000080001B36] -> 0x00AE
[1746] [M]: 0x0000000080001B34 (0x00AE9E93) slli t4, t4, 0xa
x29 <- 0x0040FFEF00100000

mem[X,0x0000000080001B38] -> 0x8E93
mem[X,0x0000000080001B3A] -> 0x040E
[1747] [M]: 0x0000000080001B38 (0x040E8E93) addi t4, t4, 0x40
x29 <- 0x0040FFEF00100040

mem[X,0x0000000080001B3C] -> 0x7FBB
mem[X,0x0000000080001B3E] -> 0xB1DF
[1748] [M]: 0x0000000080001B3C (0xB1DF7FBB) pmulh.h.bo t6, t5, t4
x31 <- 0x0000000000000000

mem[X,0x0000000080001B40] -> 0xBC23
mem[X,0x0000000080001B42] -> 0x1FF0
[1749] [M]: 0x0000000080001B40 (0x1FF0BC23) sd t6, 0x1f8(ra)
mem[0x00000000800043F0] <- 0x0000000000000000

mem[X,0x0000000080001B44] -> 0x0F37
mem[X,0x0000000080001B46] -> 0x0021
[1750] [M]: 0x0000000080001B44 (0x00210F37) lui t5, 0x210
x30 <- 0x0000000000210000

mem[X,0x0000000080001B48] -> 0x0F13
mem[X,0x0000000080001B4A] -> 0xFFDF
[1751] [M]: 0x0000000080001B48 (0xFFDF0F13) addi t5, t5, -0x3
x30 <- 0x000000000020FFFD

mem[X,0x0000000080001B4C] -> 0x1F13
mem[X,0x0000000080001B4E] -> 0x00BF
[1752] [M]: 0x0000000080001B4C (0x00BF1F13) slli t5, t5, 0xb
x30 <- 0x0000000107FFE800

mem[X,0x0000000080001B50] -> 0x0F13
mem[X,0x0000000080001B52] -> 0x7FFF
[1753] [M]: 0x0000000080001B50 (0x7FFF0F13) addi t5, t5, 0x7ff
x30 <- 0x0000000107FFEFFF

mem[X,0x0000000080001B54] -> 0x1F13
mem[X,0x0000000080001B56] -> 0x00BF
[1754] [M]: 0x0000000080001B54 (0x00BF1F13) slli t5, t5, 0xb
x30 <- 0x0000083FFF7FF800

mem[X,0x0000000080001B58] -> 0x0F13
mem[X,0x0000000080001B5A] -> 0x63FF
[1755] [M]: 0x0000000080001B58 (0x63FF0F13) addi t5, t5, 0x63f
x30 <- 0x0000083FFF7FFE3F

mem[X,0x0000000080001B5C] -> 0x1F13
mem[X,0x0000000080001B5E] -> 0x00AF
[1756] [M]: 0x0000000080001B5C (0x00AF1F13) slli t5, t5, 0xa
x30 <- 0x0020FFFDFFF8FC00

mem[X,0x0000000080001B60] -> 0x0F13
mem[X,0x0000000080001B62] -> 0x3FEF
[1757] [M]: 0x0000000080001B60 (0x3FEF0F13) addi t5, t5, 0x3fe
x30 <- 0x0020FFFDFFF8FFFE

mem[X,0x0000000080001B64] -> 0x0EB7
mem[X,0x0000000080001B66] -> 0x0007
[1758] [M]: 0x0000000080001B64 (0x00070EB7) lui t4, 0x70
x29 <- 0x0000000000070000

mem[X,0x0000000080001B68] -> 0x8E93
mem[X,0x0000000080001B6A] -> 0x100E
[1759] [M]: 0x0000000080001B68 (0x100E8E93) addi t4, t4, 0x100
x29 <- 0x0000000000070100

mem[X,0x0000000080001B6C] -> 0x9E93
mem[X,0x0000000080001B6E] -> 0x00BE
[1760] [M]: 0x0000000080001B6C (0x00BE9E93) slli t4, t4, 0xb
x29 <- 0x0000000038080000

mem[X,0x0000000080001B70] -> 0x8E93
mem[X,0x0000000080001B72] -> 0x020E
[1761] [M]: 0x0000000080001B70 (0x020E8E93) addi t4, t4, 0x20
x29 <- 0x0000000038080020

mem[X,0x0000000080001B74] -> 0x9E93
mem[X,0x0000000080001B76] -> 0x00BE
[1762] [M]: 0x0000000080001B74 (0x00BE9E93) slli t4, t4, 0xb
x29 <- 0x000001C040010000

mem[X,0x0000000080001B78] -> 0x8E93
mem[X,0x0000000080001B7A] -> 0x001E
[1763] [M]: 0x0000000080001B78 (0x001E8E93) addi t4, t4, 0x1
x29 <- 0x000001C040010001

mem[X,0x0000000080001B7C] -> 0x9E93
mem[X,0x0000000080001B7E] -> 0x00AE
[1764] [M]: 0x0000000080001B7C (0x00AE9E93) slli t4, t4, 0xa
x29 <- 0x0007010004000400

mem[X,0x0000000080001B80] -> 0x7FBB
mem[X,0x0000000080001B82] -> 0xB1DF
[1765] [M]: 0x0000000080001B80 (0xB1DF7FBB) pmulh.h.bo t6, t5, t4
x31 <- 0x0000FFFFFFFFFFFF

mem[X,0x0000000080001B84] -> 0xB023
mem[X,0x0000000080001B86] -> 0x21F0
[1766] [M]: 0x0000000080001B84 (0x21F0B023) sd t6, 0x200(ra)
mem[0x00000000800043F8] <- 0x0000FFFFFFFFFFFF

mem[X,0x0000000080001B88] -> 0x2F37
mem[X,0x0000000080001B8A] -> 0x0007
[1767] [M]: 0x0000000080001B88 (0x00072F37) lui t5, 0x72
x30 <- 0x0000000000072000

mem[X,0x0000000080001B8C] -> 0x0F13
mem[X,0x0000000080001B8E] -> 0x000F
[1768] [M]: 0x0000000080001B8C (0x000F0F13) addi t5, t5, 0x0
x30 <- 0x0000000000072000

mem[X,0x0000000080001B90] -> 0x1F13
mem[X,0x0000000080001B92] -> 0x00BF
[1769] [M]: 0x0000000080001B90 (0x00BF1F13) slli t5, t5, 0xb
x30 <- 0x0000000039000000

mem[X,0x0000000080001B94] -> 0x0F13
mem[X,0x0000000080001B96] -> 0x7FEF
[1770] [M]: 0x0000000080001B94 (0x7FEF0F13) addi t5, t5, 0x7fe
x30 <- 0x00000000390007FE

mem[X,0x0000000080001B98] -> 0x1F13
mem[X,0x0000000080001B9A] -> 0x00BF
[1771] [M]: 0x0000000080001B98 (0x00BF1F13) slli t5, t5, 0xb
x30 <- 0x000001C8003FF000

mem[X,0x0000000080001B9C] -> 0x0F13
mem[X,0x0000000080001B9E] -> 0x7C8F
[1772] [M]: 0x0000000080001B9C (0x7C8F0F13) addi t5, t5, 0x7c8
x30 <- 0x000001C8003FF7C8

mem[X,0x0000000080001BA0] -> 0x1F13
mem[X,0x0000000080001BA2] -> 0x00AF
[1773] [M]: 0x0000000080001BA0 (0x00AF1F13) slli t5, t5, 0xa
x30 <- 0x00072000FFDF2000

mem[X,0x0000000080001BA4] -> 0x4EB7
mem[X,0x0000000080001BA6] -> 0xEFFF
[1774] [M]: 0x0000000080001BA4 (0xEFFF4EB7) lui t4, -0x1000c
x29 <- 0xFFFFFFFFEFFF4000

mem[X,0x0000000080001BA8] -> 0x8E93
mem[X,0x0000000080001BAA] -> 0x000E
[1775] [M]: 0x0000000080001BA8 (0x000E8E93) addi t4, t4, 0x0
x29 <- 0xFFFFFFFFEFFF4000

mem[X,0x0000000080001BAC] -> 0x9E93
mem[X,0x0000000080001BAE] -> 0x00BE
[1776] [M]: 0x0000000080001BAC (0x00BE9E93) slli t4, t4, 0xb
x29 <- 0xFFFFFF7FFA000000

mem[X,0x0000000080001BB0] -> 0x8E93
mem[X,0x0000000080001BB2] -> 0x7FFE
[1777] [M]: 0x0000000080001BB0 (0x7FFE8E93) addi t4, t4, 0x7ff
x29 <- 0xFFFFFF7FFA0007FF

mem[X,0x0000000080001BB4] -> 0x9E93
mem[X,0x0000000080001BB6] -> 0x00BE
[1778] [M]: 0x0000000080001BB4 (0x00BE9E93) slli t4, t4, 0xb
x29 <- 0xFFFBFFD0003FF800

mem[X,0x0000000080001BB8] -> 0x8E93
mem[X,0x0000000080001BBA] -> 0x6BFE
[1779] [M]: 0x0000000080001BB8 (0x6BFE8E93) addi t4, t4, 0x6bf
x29 <- 0xFFFBFFD0003FFEBF

mem[X,0x0000000080001BBC] -> 0x9E93
mem[X,0x0000000080001BBE] -> 0x00AE
[1780] [M]: 0x0000000080001BBC (0x00AE9E93) slli t4, t4, 0xa
x29 <- 0xEFFF4000FFFAFC00

mem[X,0x0000000080001BC0] -> 0x8E93
mem[X,0x0000000080001BC2] -> 0x3F9E
[1781] [M]: 0x0000000080001BC0 (0x3F9E8E93) addi t4, t4, 0x3f9
x29 <- 0xEFFF4000FFFAFFF9

mem[X,0x0000000080001BC4] -> 0x7FBB
mem[X,0x0000000080001BC6] -> 0xB1DF
[1782] [M]: 0x0000000080001BC4 (0xB1DF7FBB) pmulh.h.bo t6, t5, t4
x31 <- 0xFFFF00080000FFFF

mem[X,0x0000000080001BC8] -> 0xB423
mem[X,0x0000000080001BCA] -> 0x21F0
[1783] [M]: 0x0000000080001BC8 (0x21F0B423) sd t6, 0x208(ra)
mem[0x0000000080004400] <- 0xFFFF00080000FFFF

mem[X,0x0000000080001BCC] -> 0x0F37
mem[X,0x0000000080001BCE] -> 0xFDFF
[1784] [M]: 0x0000000080001BCC (0xFDFF0F37) lui t5, -0x2010
x30 <- 0xFFFFFFFFFDFF0000

mem[X,0x0000000080001BD0] -> 0x0F13
mem[X,0x0000000080001BD2] -> 0x020F
[1785] [M]: 0x0000000080001BD0 (0x020F0F13) addi t5, t5, 0x20
x30 <- 0xFFFFFFFFFDFF0020

mem[X,0x0000000080001BD4] -> 0x1F13
mem[X,0x0000000080001BD6] -> 0x00BF
[1786] [M]: 0x0000000080001BD4 (0x00BF1F13) slli t5, t5, 0xb
x30 <- 0xFFFFFFEFF8010000

mem[X,0x0000000080001BD8] -> 0x0F13
mem[X,0x0000000080001BDA] -> 0x77FF
[1787] [M]: 0x0000000080001BD8 (0x77FF0F13) addi t5, t5, 0x77f
x30 <- 0xFFFFFFEFF801077F

mem[X,0x0000000080001BDC] -> 0x1F13
mem[X,0x0000000080001BDE] -> 0x00BF
[1788] [M]: 0x0000000080001BDC (0x00BF1F13) slli t5, t5, 0xb
x30 <- 0xFFFF7FC0083BF800

mem[X,0x0000000080001BE0] -> 0x0F13
mem[X,0x0000000080001BE2] -> 0x7FFF
[1789] [M]: 0x0000000080001BE0 (0x7FFF0F13) addi t5, t5, 0x7ff
x30 <- 0xFFFF7FC0083BFFFF

mem[X,0x0000000080001BE4] -> 0x1F13
mem[X,0x0000000080001BE6] -> 0x00AF
[1790] [M]: 0x0000000080001BE4 (0x00AF1F13) slli t5, t5, 0xa
x30 <- 0xFDFF0020EFFFFC00

mem[X,0x0000000080001BE8] -> 0x0F13
mem[X,0x0000000080001BEA] -> 0x3F6F
[1791] [M]: 0x0000000080001BE8 (0x3F6F0F13) addi t5, t5, 0x3f6
x30 <- 0xFDFF0020EFFFFFF6

mem[X,0x0000000080001BEC] -> 0x0EB7
mem[X,0x0000000080001BEE] -> 0xFFE0
[1792] [M]: 0x0000000080001BEC (0xFFE00EB7) lui t4, -0x200
x29 <- 0xFFFFFFFFFFE00000

mem[X,0x0000000080001BF0] -> 0x8E93
mem[X,0x0000000080001BF2] -> 0xFBFE
[1793] [M]: 0x0000000080001BF0 (0xFBFE8E93) addi t4, t4, -0x41
x29 <- 0xFFFFFFFFFFDFFFBF

mem[X,0x0000000080001BF4] -> 0x9E93
mem[X,0x0000000080001BF6] -> 0x00BE
[1794] [M]: 0x0000000080001BF4 (0x00BE9E93) slli t4, t4, 0xb
x29 <- 0xFFFFFFFEFFFDF800

mem[X,0x0000000080001BF8] -> 0x8E93
mem[X,0x0000000080001BFA] -> 0x7FBE
[1795] [M]: 0x0000000080001BF8 (0x7FBE8E93) addi t4, t4, 0x7fb
x29 <- 0xFFFFFFFEFFFDFFFB

mem[X,0x0000000080001BFC] -> 0x9E93
mem[X,0x0000000080001BFE] -> 0x00BE
[1796] [M]: 0x0000000080001BFC (0x00BE9E93) slli t4, t4, 0xb
x29 <- 0xFFFFF7FFEFFFD800

mem[X,0x0000000080001C00] -> 0x8E93
mem[X,0x0000000080001C02] -> 0x7FEE
[1797] [M]: 0x0000000080001C00 (0x7FEE8E93) addi t4, t4, 0x7fe
x29 <- 0xFFFFF7FFEFFFDFFE

mem[X,0x0000000080001C04] -> 0x9E93
mem[X,0x0000000080001C06] -> 0x00AE
[1798] [M]: 0x0000000080001C04 (0x00AE9E93) slli t4, t4, 0xa
x29 <- 0xFFDFFFBFFF7FF800

mem[X,0x0000000080001C08] -> 0x8E93
mem[X,0x0000000080001C0A] -> 0x3FFE
[1799] [M]: 0x0000000080001C08 (0x3FFE8E93) addi t4, t4, 0x3ff
x29 <- 0xFFDFFFBFFF7FFBFF

clint::tick mtime <- 0x0000000000000012
 clint timer pending at mtime 0x0000000000000012
htif::tick 0x0000000000000000
mem[X,0x0000000080001C0C] -> 0x7FBB
mem[X,0x0000000080001C0E] -> 0xB1DF
[1800] [M]: 0x0000000080001C0C (0xB1DF7FBB) pmulh.h.bo t6, t5, t4
x31 <- 0x0000FFFF00000000

mem[X,0x0000000080001C10] -> 0xB823
mem[X,0x0000000080001C12] -> 0x21F0
[1801] [M]: 0x0000000080001C10 (0x21F0B823) sd t6, 0x210(ra)
mem[0x0000000080004408] <- 0x0000FFFF00000000

mem[X,0x0000000080001C14] -> 0xCF37
mem[X,0x0000000080001C16] -> 0xFFF6
[1802] [M]: 0x0000000080001C14 (0xFFF6CF37) lui t5, -0x94
x30 <- 0xFFFFFFFFFFF6C000

mem[X,0x0000000080001C18] -> 0x0F13
mem[X,0x0000000080001C1A] -> 0x000F
[1803] [M]: 0x0000000080001C18 (0x000F0F13) addi t5, t5, 0x0
x30 <- 0xFFFFFFFFFFF6C000

mem[X,0x0000000080001C1C] -> 0x1F13
mem[X,0x0000000080001C1E] -> 0x00BF
[1804] [M]: 0x0000000080001C1C (0x00BF1F13) slli t5, t5, 0xb
x30 <- 0xFFFFFFFFB6000000

mem[X,0x0000000080001C20] -> 0x0F13
mem[X,0x0000000080001C22] -> 0x7FEF
[1805] [M]: 0x0000000080001C20 (0x7FEF0F13) addi t5, t5, 0x7fe
x30 <- 0xFFFFFFFFB60007FE

mem[X,0x0000000080001C24] -> 0x1F13
mem[X,0x0000000080001C26] -> 0x00BF
[1806] [M]: 0x0000000080001C24 (0x00BF1F13) slli t5, t5, 0xb
x30 <- 0xFFFFFDB0003FF000

mem[X,0x0000000080001C28] -> 0x0F13
mem[X,0x0000000080001C2A] -> 0x7FFF
[1807] [M]: 0x0000000080001C28 (0x7FFF0F13) addi t5, t5, 0x7ff
x30 <- 0xFFFFFDB0003FF7FF

mem[X,0x0000000080001C2C] -> 0x1F13
mem[X,0x0000000080001C2E] -> 0x00AF
[1808] [M]: 0x0000000080001C2C (0x00AF1F13) slli t5, t5, 0xa
x30 <- 0xFFF6C000FFDFFC00

mem[X,0x0000000080001C30] -> 0x0F13
mem[X,0x0000000080001C32] -> 0x3FDF
[1809] [M]: 0x0000000080001C30 (0x3FDF0F13) addi t5, t5, 0x3fd
x30 <- 0xFFF6C000FFDFFFFD

mem[X,0x0000000080001C34] -> 0x0EB7
mem[X,0x0000000080001C36] -> 0x0009
[1810] [M]: 0x0000000080001C34 (0x00090EB7) lui t4, 0x90
x29 <- 0x0000000000090000

mem[X,0x0000000080001C38] -> 0x8E93
mem[X,0x0000000080001C3A] -> 0xF7FE
[1811] [M]: 0x0000000080001C38 (0xF7FE8E93) addi t4, t4, -0x81
x29 <- 0x000000000008FF7F

mem[X,0x0000000080001C3C] -> 0x9E93
mem[X,0x0000000080001C3E] -> 0x00BE
[1812] [M]: 0x0000000080001C3C (0x00BE9E93) slli t4, t4, 0xb
x29 <- 0x0000000047FBF800

mem[X,0x0000000080001C40] -> 0x8E93
mem[X,0x0000000080001C42] -> 0x5FFE
[1813] [M]: 0x0000000080001C40 (0x5FFE8E93) addi t4, t4, 0x5ff
x29 <- 0x0000000047FBFDFF

mem[X,0x0000000080001C44] -> 0x9E93
mem[X,0x0000000080001C46] -> 0x00BE
[1814] [M]: 0x0000000080001C44 (0x00BE9E93) slli t4, t4, 0xb
x29 <- 0x0000023FDFEFF800

mem[X,0x0000000080001C48] -> 0x8E93
mem[X,0x0000000080001C4A] -> 0x7FFE
[1815] [M]: 0x0000000080001C48 (0x7FFE8E93) addi t4, t4, 0x7ff
x29 <- 0x0000023FDFEFFFFF

mem[X,0x0000000080001C4C] -> 0x9E93
mem[X,0x0000000080001C4E] -> 0x00AE
[1816] [M]: 0x0000000080001C4C (0x00AE9E93) slli t4, t4, 0xa
x29 <- 0x0008FF7FBFFFFC00

mem[X,0x0000000080001C50] -> 0x8E93
mem[X,0x0000000080001C52] -> 0x3FAE
[1817] [M]: 0x0000000080001C50 (0x3FAE8E93) addi t4, t4, 0x3fa
x29 <- 0x0008FF7FBFFFFFFA

mem[X,0x0000000080001C54] -> 0x7FBB
mem[X,0x0000000080001C56] -> 0xB1DF
[1818] [M]: 0x0000000080001C54 (0xB1DF7FBB) pmulh.h.bo t6, t5, t4
x31 <- 0x0000000000000000

mem[X,0x0000000080001C58] -> 0xBC23
mem[X,0x0000000080001C5A] -> 0x21F0
[1819] [M]: 0x0000000080001C58 (0x21F0BC23) sd t6, 0x218(ra)
mem[0x0000000080004410] <- 0x0000000000000000

mem[X,0x0000000080001C5C] -> 0x0F37
mem[X,0x0000000080001C5E] -> 0x0010
[1820] [M]: 0x0000000080001C5C (0x00100F37) lui t5, 0x100
x30 <- 0x0000000000100000

mem[X,0x0000000080001C60] -> 0x0F13
mem[X,0x0000000080001C62] -> 0x000F
[1821] [M]: 0x0000000080001C60 (0x000F0F13) addi t5, t5, 0x0
x30 <- 0x0000000000100000

mem[X,0x0000000080001C64] -> 0x1F13
mem[X,0x0000000080001C66] -> 0x00BF
[1822] [M]: 0x0000000080001C64 (0x00BF1F13) slli t5, t5, 0xb
x30 <- 0x0000000080000000

mem[X,0x0000000080001C68] -> 0x0F13
mem[X,0x0000000080001C6A] -> 0x080F
[1823] [M]: 0x0000000080001C68 (0x080F0F13) addi t5, t5, 0x80
x30 <- 0x0000000080000080

mem[X,0x0000000080001C6C] -> 0x1F13
mem[X,0x0000000080001C6E] -> 0x00BF
[1824] [M]: 0x0000000080001C6C (0x00BF1F13) slli t5, t5, 0xb
x30 <- 0x0000040000040000

mem[X,0x0000000080001C70] -> 0x0F13
mem[X,0x0000000080001C72] -> 0x03FF
[1825] [M]: 0x0000000080001C70 (0x03FF0F13) addi t5, t5, 0x3f
x30 <- 0x000004000004003F

mem[X,0x0000000080001C74] -> 0x1F13
mem[X,0x0000000080001C76] -> 0x00AF
[1826] [M]: 0x0000000080001C74 (0x00AF1F13) slli t5, t5, 0xa
x30 <- 0x001000001000FC00

mem[X,0x0000000080001C78] -> 0x0F13
mem[X,0x0000000080001C7A] -> 0x3BFF
[1827] [M]: 0x0000000080001C78 (0x3BFF0F13) addi t5, t5, 0x3bf
x30 <- 0x001000001000FFBF

mem[X,0x0000000080001C7C] -> 0x0EB7
mem[X,0x0000000080001C7E] -> 0x0006
[1828] [M]: 0x0000000080001C7C (0x00060EB7) lui t4, 0x60
x29 <- 0x0000000000060000

mem[X,0x0000000080001C80] -> 0x8E93
mem[X,0x0000000080001C82] -> 0xEFFE
[1829] [M]: 0x0000000080001C80 (0xEFFE8E93) addi t4, t4, -0x101
x29 <- 0x000000000005FEFF

mem[X,0x0000000080001C84] -> 0x9E93
mem[X,0x0000000080001C86] -> 0x00BE
[1830] [M]: 0x0000000080001C84 (0x00BE9E93) slli t4, t4, 0xb
x29 <- 0x000000002FF7F800

mem[X,0x0000000080001C88] -> 0x8E93
mem[X,0x0000000080001C8A] -> 0x000E
[1831] [M]: 0x0000000080001C88 (0x000E8E93) addi t4, t4, 0x0
x29 <- 0x000000002FF7F800

mem[X,0x0000000080001C8C] -> 0x9E93
mem[X,0x0000000080001C8E] -> 0x00BE
[1832] [M]: 0x0000000080001C8C (0x00BE9E93) slli t4, t4, 0xb
x29 <- 0x0000017FBFC00000

mem[X,0x0000000080001C90] -> 0x8E93
mem[X,0x0000000080001C92] -> 0x07FE
[1833] [M]: 0x0000000080001C90 (0x07FE8E93) addi t4, t4, 0x7f
x29 <- 0x0000017FBFC0007F

mem[X,0x0000000080001C94] -> 0x9E93
mem[X,0x0000000080001C96] -> 0x00AE
[1834] [M]: 0x0000000080001C94 (0x00AE9E93) slli t4, t4, 0xa
x29 <- 0x0005FEFF0001FC00

mem[X,0x0000000080001C98] -> 0x8E93
mem[X,0x0000000080001C9A] -> 0x3FCE
[1835] [M]: 0x0000000080001C98 (0x3FCE8E93) addi t4, t4, 0x3fc
x29 <- 0x0005FEFF0001FFFC

mem[X,0x0000000080001C9C] -> 0x7FBB
mem[X,0x0000000080001C9E] -> 0xB1DF
[1836] [M]: 0x0000000080001C9C (0xB1DF7FBB) pmulh.h.bo t6, t5, t4
x31 <- 0x0000000000000000

mem[X,0x0000000080001CA0] -> 0xB023
mem[X,0x0000000080001CA2] -> 0x23F0
[1837] [M]: 0x0000000080001CA0 (0x23F0B023) sd t6, 0x220(ra)
mem[0x0000000080004418] <- 0x0000000000000000

mem[X,0x0000000080001CA4] -> 0x0F37
mem[X,0x0000000080001CA6] -> 0x8000
[1838] [M]: 0x0000000080001CA4 (0x80000F37) lui t5, -0x80000
x30 <- 0xFFFFFFFF80000000

mem[X,0x0000000080001CA8] -> 0x0F13
mem[X,0x0000000080001CAA] -> 0x400F
[1839] [M]: 0x0000000080001CA8 (0x400F0F13) addi t5, t5, 0x400
x30 <- 0xFFFFFFFF80000400

mem[X,0x0000000080001CAC] -> 0x1F13
mem[X,0x0000000080001CAE] -> 0x00BF
[1840] [M]: 0x0000000080001CAC (0x00BF1F13) slli t5, t5, 0xb
x30 <- 0xFFFFFC0000200000

mem[X,0x0000000080001CB0] -> 0x0F13
mem[X,0x0000000080001CB2] -> 0x000F
[1841] [M]: 0x0000000080001CB0 (0x000F0F13) addi t5, t5, 0x0
x30 <- 0xFFFFFC0000200000

mem[X,0x0000000080001CB4] -> 0x1F13
mem[X,0x0000000080001CB6] -> 0x00BF
[1842] [M]: 0x0000000080001CB4 (0x00BF1F13) slli t5, t5, 0xb
x30 <- 0xFFE0000100000000

mem[X,0x0000000080001CB8] -> 0x0F13
mem[X,0x0000000080001CBA] -> 0x26AF
[1843] [M]: 0x0000000080001CB8 (0x26AF0F13) addi t5, t5, 0x26a
x30 <- 0xFFE000010000026A

mem[X,0x0000000080001CBC] -> 0x1F13
mem[X,0x0000000080001CBE] -> 0x00AF
[1844] [M]: 0x0000000080001CBC (0x00AF1F13) slli t5, t5, 0xa
x30 <- 0x800004000009A800

mem[X,0x0000000080001CC0] -> 0x0F13
mem[X,0x0000000080001CC2] -> 0x2AAF
[1845] [M]: 0x0000000080001CC0 (0x2AAF0F13) addi t5, t5, 0x2aa
x30 <- 0x800004000009AAAA

mem[X,0x0000000080001CC4] -> 0xEEB7
mem[X,0x0000000080001CC6] -> 0x0005
[1846] [M]: 0x0000000080001CC4 (0x0005EEB7) lui t4, 0x5e
x29 <- 0x000000000005E000

mem[X,0x0000000080001CC8] -> 0x8E93
mem[X,0x0000000080001CCA] -> 0xFFFE
[1847] [M]: 0x0000000080001CC8 (0xFFFE8E93) addi t4, t4, -0x1
x29 <- 0x000000000005DFFF

mem[X,0x0000000080001CCC] -> 0x9E93
mem[X,0x0000000080001CCE] -> 0x00BE
[1848] [M]: 0x0000000080001CCC (0x00BE9E93) slli t4, t4, 0xb
x29 <- 0x000000002EFFF800

mem[X,0x0000000080001CD0] -> 0x8E93
mem[X,0x0000000080001CD2] -> 0x7FFE
[1849] [M]: 0x0000000080001CD0 (0x7FFE8E93) addi t4, t4, 0x7ff
x29 <- 0x000000002EFFFFFF

mem[X,0x0000000080001CD4] -> 0x9E93
mem[X,0x0000000080001CD6] -> 0x00BE
[1850] [M]: 0x0000000080001CD4 (0x00BE9E93) slli t4, t4, 0xb
x29 <- 0x00000177FFFFF800

mem[X,0x0000000080001CD8] -> 0x8E93
mem[X,0x0000000080001CDA] -> 0x6BBE
[1851] [M]: 0x0000000080001CD8 (0x6BBE8E93) addi t4, t4, 0x6bb
x29 <- 0x00000177FFFFFEBB

mem[X,0x0000000080001CDC] -> 0x9E93
mem[X,0x0000000080001CDE] -> 0x00AE
[1852] [M]: 0x0000000080001CDC (0x00AE9E93) slli t4, t4, 0xa
x29 <- 0x0005DFFFFFFAEC00

mem[X,0x0000000080001CE0] -> 0x8E93
mem[X,0x0000000080001CE2] -> 0x3FFE
[1853] [M]: 0x0000000080001CE0 (0x3FFE8E93) addi t4, t4, 0x3ff
x29 <- 0x0005DFFFFFFAEFFF

mem[X,0x0000000080001CE4] -> 0x7FBB
mem[X,0x0000000080001CE6] -> 0xB1DF
[1854] [M]: 0x0000000080001CE4 (0xB1DF7FBB) pmulh.h.bo t6, t5, t4
x31 <- 0x0000FFFFFFFF0005

mem[X,0x0000000080001CE8] -> 0xB423
mem[X,0x0000000080001CEA] -> 0x23F0
[1855] [M]: 0x0000000080001CE8 (0x23F0B423) sd t6, 0x228(ra)
mem[0x0000000080004420] <- 0x0000FFFFFFFF0005

mem[X,0x0000000080001CEC] -> 0x0F37
mem[X,0x0000000080001CEE] -> 0xFFFC
[1856] [M]: 0x0000000080001CEC (0xFFFC0F37) lui t5, -0x40
x30 <- 0xFFFFFFFFFFFC0000

mem[X,0x0000000080001CF0] -> 0x0F13
mem[X,0x0000000080001CF2] -> 0xFFDF
[1857] [M]: 0x0000000080001CF0 (0xFFDF0F13) addi t5, t5, -0x3
x30 <- 0xFFFFFFFFFFFBFFFD

mem[X,0x0000000080001CF4] -> 0x1F13
mem[X,0x0000000080001CF6] -> 0x00BF
[1858] [M]: 0x0000000080001CF4 (0x00BF1F13) slli t5, t5, 0xb
x30 <- 0xFFFFFFFFDFFFE800

mem[X,0x0000000080001CF8] -> 0x0F13
mem[X,0x0000000080001CFA] -> 0x010F
[1859] [M]: 0x0000000080001CF8 (0x010F0F13) addi t5, t5, 0x10
x30 <- 0xFFFFFFFFDFFFE810

mem[X,0x0000000080001CFC] -> 0x1F13
mem[X,0x0000000080001CFE] -> 0x00BF
[1860] [M]: 0x0000000080001CFC (0x00BF1F13) slli t5, t5, 0xb
x30 <- 0xFFFFFEFFFF408000

mem[X,0x0000000080001D00] -> 0x0F13
mem[X,0x0000000080001D02] -> 0x03FF
[1861] [M]: 0x0000000080001D00 (0x03FF0F13) addi t5, t5, 0x3f
x30 <- 0xFFFFFEFFFF40803F

mem[X,0x0000000080001D04] -> 0x1F13
mem[X,0x0000000080001D06] -> 0x00AF
[1862] [M]: 0x0000000080001D04 (0x00AF1F13) slli t5, t5, 0xa
x30 <- 0xFFFBFFFD0200FC00

mem[X,0x0000000080001D08] -> 0x0F13
mem[X,0x0000000080001D0A] -> 0x3FFF
[1863] [M]: 0x0000000080001D08 (0x3FFF0F13) addi t5, t5, 0x3ff
x30 <- 0xFFFBFFFD0200FFFF

mem[X,0x0000000080001D0C] -> 0xCEB7
mem[X,0x0000000080001D0E] -> 0x0020
[1864] [M]: 0x0000000080001D0C (0x0020CEB7) lui t4, 0x20c
x29 <- 0x000000000020C000

mem[X,0x0000000080001D10] -> 0x8E93
mem[X,0x0000000080001D12] -> 0xFFFE
[1865] [M]: 0x0000000080001D10 (0xFFFE8E93) addi t4, t4, -0x1
x29 <- 0x000000000020BFFF

mem[X,0x0000000080001D14] -> 0x9E93
mem[X,0x0000000080001D16] -> 0x00BE
[1866] [M]: 0x0000000080001D14 (0x00BE9E93) slli t4, t4, 0xb
x29 <- 0x0000000105FFF800

mem[X,0x0000000080001D18] -> 0x8E93
mem[X,0x0000000080001D1A] -> 0x7FFE
[1867] [M]: 0x0000000080001D18 (0x7FFE8E93) addi t4, t4, 0x7ff
x29 <- 0x0000000105FFFFFF

mem[X,0x0000000080001D1C] -> 0x9E93
mem[X,0x0000000080001D1E] -> 0x00BE
[1868] [M]: 0x0000000080001D1C (0x00BE9E93) slli t4, t4, 0xb
x29 <- 0x0000082FFFFFF800

mem[X,0x0000000080001D20] -> 0x8E93
mem[X,0x0000000080001D22] -> 0x748E
[1869] [M]: 0x0000000080001D20 (0x748E8E93) addi t4, t4, 0x748
x29 <- 0x0000082FFFFFFF48

mem[X,0x0000000080001D24] -> 0x9E93
mem[X,0x0000000080001D26] -> 0x00AE
[1870] [M]: 0x0000000080001D24 (0x00AE9E93) slli t4, t4, 0xa
x29 <- 0x0020BFFFFFFD2000

mem[X,0x0000000080001D28] -> 0x7FBB
mem[X,0x0000000080001D2A] -> 0xB1DF
[1871] [M]: 0x0000000080001D28 (0xB1DF7FBB) pmulh.h.bo t6, t5, t4
x31 <- 0x00000000FFFFFFFF

mem[X,0x0000000080001D2C] -> 0xB823
mem[X,0x0000000080001D2E] -> 0x23F0
[1872] [M]: 0x0000000080001D2C (0x23F0B823) sd t6, 0x230(ra)
mem[0x0000000080004428] <- 0x00000000FFFFFFFF

mem[X,0x0000000080001D30] -> 0x0F37
mem[X,0x0000000080001D32] -> 0x0010
[1873] [M]: 0x0000000080001D30 (0x00100F37) lui t5, 0x100
x30 <- 0x0000000000100000

mem[X,0x0000000080001D34] -> 0x0F13
mem[X,0x0000000080001D36] -> 0x009F
[1874] [M]: 0x0000000080001D34 (0x009F0F13) addi t5, t5, 0x9
x30 <- 0x0000000000100009

mem[X,0x0000000080001D38] -> 0x1F13
mem[X,0x0000000080001D3A] -> 0x00BF
[1875] [M]: 0x0000000080001D38 (0x00BF1F13) slli t5, t5, 0xb
x30 <- 0x0000000080004800

mem[X,0x0000000080001D3C] -> 0x0F13
mem[X,0x0000000080001D3E] -> 0x3FFF
[1876] [M]: 0x0000000080001D3C (0x3FFF0F13) addi t5, t5, 0x3ff
x30 <- 0x0000000080004BFF

mem[X,0x0000000080001D40] -> 0x1F13
mem[X,0x0000000080001D42] -> 0x00BF
[1877] [M]: 0x0000000080001D40 (0x00BF1F13) slli t5, t5, 0xb
x30 <- 0x00000400025FF800

mem[X,0x0000000080001D44] -> 0x0F13
mem[X,0x0000000080001D46] -> 0x7C2F
[1878] [M]: 0x0000000080001D44 (0x7C2F0F13) addi t5, t5, 0x7c2
x30 <- 0x00000400025FFFC2

mem[X,0x0000000080001D48] -> 0x1F13
mem[X,0x0000000080001D4A] -> 0x00AF
[1879] [M]: 0x0000000080001D48 (0x00AF1F13) slli t5, t5, 0xa
x30 <- 0x001000097FFF0800

mem[X,0x0000000080001D4C] -> 0x0EB7
mem[X,0x0000000080001D4E] -> 0x0011
[1880] [M]: 0x0000000080001D4C (0x00110EB7) lui t4, 0x110
x29 <- 0x0000000000110000

mem[X,0x0000000080001D50] -> 0x8E93
mem[X,0x0000000080001D52] -> 0xBFFE
[1881] [M]: 0x0000000080001D50 (0xBFFE8E93) addi t4, t4, -0x401
x29 <- 0x000000000010FBFF

mem[X,0x0000000080001D54] -> 0x9E93
mem[X,0x0000000080001D56] -> 0x00BE
[1882] [M]: 0x0000000080001D54 (0x00BE9E93) slli t4, t4, 0xb
x29 <- 0x0000000087DFF800

mem[X,0x0000000080001D58] -> 0x8E93
mem[X,0x0000000080001D5A] -> 0x000E
[1883] [M]: 0x0000000080001D58 (0x000E8E93) addi t4, t4, 0x0
x29 <- 0x0000000087DFF800

mem[X,0x0000000080001D5C] -> 0x9E93
mem[X,0x0000000080001D5E] -> 0x00BE
[1884] [M]: 0x0000000080001D5C (0x00BE9E93) slli t4, t4, 0xb
x29 <- 0x0000043EFFC00000

mem[X,0x0000000080001D60] -> 0x8E93
mem[X,0x0000000080001D62] -> 0x200E
[1885] [M]: 0x0000000080001D60 (0x200E8E93) addi t4, t4, 0x200
x29 <- 0x0000043EFFC00200

mem[X,0x0000000080001D64] -> 0x9E93
mem[X,0x0000000080001D66] -> 0x00AE
[1886] [M]: 0x0000000080001D64 (0x00AE9E93) slli t4, t4, 0xa
x29 <- 0x0010FBFF00080000

mem[X,0x0000000080001D68] -> 0x8E93
mem[X,0x0000000080001D6A] -> 0x002E
[1887] [M]: 0x0000000080001D68 (0x002E8E93) addi t4, t4, 0x2
x29 <- 0x0010FBFF00080002

mem[X,0x0000000080001D6C] -> 0x7FBB
mem[X,0x0000000080001D6E] -> 0xB1DF
[1888] [M]: 0x0000000080001D6C (0xB1DF7FBB) pmulh.h.bo t6, t5, t4
x31 <- 0x0000FFFF00000000

mem[X,0x0000000080001D70] -> 0xBC23
mem[X,0x0000000080001D72] -> 0x23F0
[1889] [M]: 0x0000000080001D70 (0x23F0BC23) sd t6, 0x238(ra)
mem[0x0000000080004430] <- 0x0000FFFF00000000

mem[X,0x0000000080001D74] -> 0xCF37
mem[X,0x0000000080001D76] -> 0xFBFF
[1890] [M]: 0x0000000080001D74 (0xFBFFCF37) lui t5, -0x4004
x30 <- 0xFFFFFFFFFBFFC000

mem[X,0x0000000080001D78] -> 0x0F13
mem[X,0x0000000080001D7A] -> 0x000F
[1891] [M]: 0x0000000080001D78 (0x000F0F13) addi t5, t5, 0x0
x30 <- 0xFFFFFFFFFBFFC000

mem[X,0x0000000080001D7C] -> 0x1F13
mem[X,0x0000000080001D7E] -> 0x00BF
[1892] [M]: 0x0000000080001D7C (0x00BF1F13) slli t5, t5, 0xb
x30 <- 0xFFFFFFDFFE000000

mem[X,0x0000000080001D80] -> 0x0F13
mem[X,0x0000000080001D82] -> 0x7FFF
[1893] [M]: 0x0000000080001D80 (0x7FFF0F13) addi t5, t5, 0x7ff
x30 <- 0xFFFFFFDFFE0007FF

mem[X,0x0000000080001D84] -> 0x1F13
mem[X,0x0000000080001D86] -> 0x00BF
[1894] [M]: 0x0000000080001D84 (0x00BF1F13) slli t5, t5, 0xb
x30 <- 0xFFFEFFF0003FF800

mem[X,0x0000000080001D88] -> 0x0F13
mem[X,0x0000000080001D8A] -> 0x580F
[1895] [M]: 0x0000000080001D88 (0x580F0F13) addi t5, t5, 0x580
x30 <- 0xFFFEFFF0003FFD80

mem[X,0x0000000080001D8C] -> 0x1F13
mem[X,0x0000000080001D8E] -> 0x00AF
[1896] [M]: 0x0000000080001D8C (0x00AF1F13) slli t5, t5, 0xa
x30 <- 0xFBFFC000FFF60000

mem[X,0x0000000080001D90] -> 0x0F13
mem[X,0x0000000080001D92] -> 0x002F
[1897] [M]: 0x0000000080001D90 (0x002F0F13) addi t5, t5, 0x2
x30 <- 0xFBFFC000FFF60002

mem[X,0x0000000080001D94] -> 0x0EB7
mem[X,0x0000000080001D96] -> 0x0000
[1898] [M]: 0x0000000080001D94 (0x00000EB7) lui t4, 0x0
x29 <- 0x0000000000000000

mem[X,0x0000000080001D98] -> 0x8E93
mem[X,0x0000000080001D9A] -> 0x010E
[1899] [M]: 0x0000000080001D98 (0x010E8E93) addi t4, t4, 0x10
x29 <- 0x0000000000000010

clint::tick mtime <- 0x0000000000000013
 clint timer pending at mtime 0x0000000000000013
htif::tick 0x0000000000000000
mem[X,0x0000000080001D9C] -> 0x9E93
mem[X,0x0000000080001D9E] -> 0x00BE
[1900] [M]: 0x0000000080001D9C (0x00BE9E93) slli t4, t4, 0xb
x29 <- 0x0000000000008000

mem[X,0x0000000080001DA0] -> 0x8E93
mem[X,0x0000000080001DA2] -> 0x7FFE
[1901] [M]: 0x0000000080001DA0 (0x7FFE8E93) addi t4, t4, 0x7ff
x29 <- 0x00000000000087FF

mem[X,0x0000000080001DA4] -> 0x9E93
mem[X,0x0000000080001DA6] -> 0x00BE
[1902] [M]: 0x0000000080001DA4 (0x00BE9E93) slli t4, t4, 0xb
x29 <- 0x00000000043FF800

mem[X,0x0000000080001DA8] -> 0x8E93
mem[X,0x0000000080001DAA] -> 0x6FFE
[1903] [M]: 0x0000000080001DA8 (0x6FFE8E93) addi t4, t4, 0x6ff
x29 <- 0x00000000043FFEFF

mem[X,0x0000000080001DAC] -> 0x9E93
mem[X,0x0000000080001DAE] -> 0x00AE
[1904] [M]: 0x0000000080001DAC (0x00AE9E93) slli t4, t4, 0xa
x29 <- 0x00000010FFFBFC00

mem[X,0x0000000080001DB0] -> 0x8E93
mem[X,0x0000000080001DB2] -> 0x3BFE
[1905] [M]: 0x0000000080001DB0 (0x3BFE8E93) addi t4, t4, 0x3bf
x29 <- 0x00000010FFFBFFBF

mem[X,0x0000000080001DB4] -> 0x7FBB
mem[X,0x0000000080001DB6] -> 0xB1DF
[1906] [M]: 0x0000000080001DB4 (0xB1DF7FBB) pmulh.h.bo t6, t5, t4
x31 <- 0x000000000000FFFF

mem[X,0x0000000080001DB8] -> 0xB023
mem[X,0x0000000080001DBA] -> 0x25F0
[1907] [M]: 0x0000000080001DB8 (0x25F0B023) sd t6, 0x240(ra)
mem[0x0000000080004438] <- 0x000000000000FFFF

mem[X,0x0000000080001DBC] -> 0xFF37
mem[X,0x0000000080001DBE] -> 0x1000
[1908] [M]: 0x0000000080001DBC (0x1000FF37) lui t5, 0x1000f
x30 <- 0x000000001000F000

mem[X,0x0000000080001DC0] -> 0x0F13
mem[X,0x0000000080001DC2] -> 0xFFFF
[1909] [M]: 0x0000000080001DC0 (0xFFFF0F13) addi t5, t5, -0x1
x30 <- 0x000000001000EFFF

mem[X,0x0000000080001DC4] -> 0x1F13
mem[X,0x0000000080001DC6] -> 0x00BF
[1910] [M]: 0x0000000080001DC4 (0x00BF1F13) slli t5, t5, 0xb
x30 <- 0x00000080077FF800

mem[X,0x0000000080001DC8] -> 0x0F13
mem[X,0x0000000080001DCA] -> 0x555F
[1911] [M]: 0x0000000080001DC8 (0x555F0F13) addi t5, t5, 0x555
x30 <- 0x00000080077FFD55

mem[X,0x0000000080001DCC] -> 0x1F13
mem[X,0x0000000080001DCE] -> 0x00BF
[1912] [M]: 0x0000000080001DCC (0x00BF1F13) slli t5, t5, 0xb
x30 <- 0x0004003BFFEAA800

mem[X,0x0000000080001DD0] -> 0x0F13
mem[X,0x0000000080001DD2] -> 0x2BFF
[1913] [M]: 0x0000000080001DD0 (0x2BFF0F13) addi t5, t5, 0x2bf
x30 <- 0x0004003BFFEAAABF

mem[X,0x0000000080001DD4] -> 0x1F13
mem[X,0x0000000080001DD6] -> 0x00AF
[1914] [M]: 0x0000000080001DD4 (0x00AF1F13) slli t5, t5, 0xa
x30 <- 0x1000EFFFAAAAFC00

mem[X,0x0000000080001DD8] -> 0x0F13
mem[X,0x0000000080001DDA] -> 0x2FFF
[1915] [M]: 0x0000000080001DD8 (0x2FFF0F13) addi t5, t5, 0x2ff
x30 <- 0x1000EFFFAAAAFEFF

mem[X,0x0000000080001DDC] -> 0x0EB7
mem[X,0x0000000080001DDE] -> 0xFF80
[1916] [M]: 0x0000000080001DDC (0xFF800EB7) lui t4, -0x800
x29 <- 0xFFFFFFFFFF800000

mem[X,0x0000000080001DE0] -> 0x8E93
mem[X,0x0000000080001DE2] -> 0xDFFE
[1917] [M]: 0x0000000080001DE0 (0xDFFE8E93) addi t4, t4, -0x201
x29 <- 0xFFFFFFFFFF7FFDFF

mem[X,0x0000000080001DE4] -> 0x9E93
mem[X,0x0000000080001DE6] -> 0x00BE
[1918] [M]: 0x0000000080001DE4 (0x00BE9E93) slli t4, t4, 0xb
x29 <- 0xFFFFFFFBFFEFF800

mem[X,0x0000000080001DE8] -> 0x8E93
mem[X,0x0000000080001DEA] -> 0x004E
[1919] [M]: 0x0000000080001DE8 (0x004E8E93) addi t4, t4, 0x4
x29 <- 0xFFFFFFFBFFEFF804

mem[X,0x0000000080001DEC] -> 0x9E93
mem[X,0x0000000080001DEE] -> 0x00BE
[1920] [M]: 0x0000000080001DEC (0x00BE9E93) slli t4, t4, 0xb
x29 <- 0xFFFFDFFF7FC02000

mem[X,0x0000000080001DF0] -> 0x8E93
mem[X,0x0000000080001DF2] -> 0x000E
[1921] [M]: 0x0000000080001DF0 (0x000E8E93) addi t4, t4, 0x0
x29 <- 0xFFFFDFFF7FC02000

mem[X,0x0000000080001DF4] -> 0x9E93
mem[X,0x0000000080001DF6] -> 0x00AE
[1922] [M]: 0x0000000080001DF4 (0x00AE9E93) slli t4, t4, 0xa
x29 <- 0xFF7FFDFF00800000

mem[X,0x0000000080001DF8] -> 0x8E93
mem[X,0x0000000080001DFA] -> 0x080E
[1923] [M]: 0x0000000080001DF8 (0x080E8E93) addi t4, t4, 0x80
x29 <- 0xFF7FFDFF00800080

mem[X,0x0000000080001DFC] -> 0x7FBB
mem[X,0x0000000080001DFE] -> 0xB1DF
[1924] [M]: 0x0000000080001DFC (0xB1DF7FBB) pmulh.h.bo t6, t5, t4
x31 <- 0xFFFF000000000000

mem[X,0x0000000080001E00] -> 0xB423
mem[X,0x0000000080001E02] -> 0x25F0
[1925] [M]: 0x0000000080001E00 (0x25F0B423) sd t6, 0x248(ra)
mem[0x0000000080004440] <- 0xFFFF000000000000

mem[X,0x0000000080001E04] -> 0x1F37
mem[X,0x0000000080001E06] -> 0xFFFB
[1926] [M]: 0x0000000080001E04 (0xFFFB1F37) lui t5, -0x4f
x30 <- 0xFFFFFFFFFFFB1000

mem[X,0x0000000080001E08] -> 0x0F13
mem[X,0x0000000080001E0A] -> 0x800F
[1927] [M]: 0x0000000080001E08 (0x800F0F13) addi t5, t5, -0x800
x30 <- 0xFFFFFFFFFFFB0800

mem[X,0x0000000080001E0C] -> 0x1F13
mem[X,0x0000000080001E0E] -> 0x00BF
[1928] [M]: 0x0000000080001E0C (0x00BF1F13) slli t5, t5, 0xb
x30 <- 0xFFFFFFFFD8400000

mem[X,0x0000000080001E10] -> 0x0F13
mem[X,0x0000000080001E12] -> 0x008F
[1929] [M]: 0x0000000080001E10 (0x008F0F13) addi t5, t5, 0x8
x30 <- 0xFFFFFFFFD8400008

mem[X,0x0000000080001E14] -> 0x1F13
mem[X,0x0000000080001E16] -> 0x00BF
[1930] [M]: 0x0000000080001E14 (0x00BF1F13) slli t5, t5, 0xb
x30 <- 0xFFFFFEC200004000

mem[X,0x0000000080001E18] -> 0x0F13
mem[X,0x0000000080001E1A] -> 0x000F
[1931] [M]: 0x0000000080001E18 (0x000F0F13) addi t5, t5, 0x0
x30 <- 0xFFFFFEC200004000

mem[X,0x0000000080001E1C] -> 0x1F13
mem[X,0x0000000080001E1E] -> 0x00AF
[1932] [M]: 0x0000000080001E1C (0x00AF1F13) slli t5, t5, 0xa
x30 <- 0xFFFB080001000000

mem[X,0x0000000080001E20] -> 0x0EB7
mem[X,0x0000000080001E22] -> 0xFFF8
[1933] [M]: 0x0000000080001E20 (0xFFF80EB7) lui t4, -0x80
x29 <- 0xFFFFFFFFFFF80000

mem[X,0x0000000080001E24] -> 0x8E93
mem[X,0x0000000080001E26] -> 0xFEFE
[1934] [M]: 0x0000000080001E24 (0xFEFE8E93) addi t4, t4, -0x11
x29 <- 0xFFFFFFFFFFF7FFEF

mem[X,0x0000000080001E28] -> 0x9E93
mem[X,0x0000000080001E2A] -> 0x00BE
[1935] [M]: 0x0000000080001E28 (0x00BE9E93) slli t4, t4, 0xb
x29 <- 0xFFFFFFFFBFFF7800

mem[X,0x0000000080001E2C] -> 0x8E93
mem[X,0x0000000080001E2E] -> 0x010E
[1936] [M]: 0x0000000080001E2C (0x010E8E93) addi t4, t4, 0x10
x29 <- 0xFFFFFFFFBFFF7810

mem[X,0x0000000080001E30] -> 0x9E93
mem[X,0x0000000080001E32] -> 0x00BE
[1937] [M]: 0x0000000080001E30 (0x00BE9E93) slli t4, t4, 0xb
x29 <- 0xFFFFFDFFFBC08000

mem[X,0x0000000080001E34] -> 0x8E93
mem[X,0x0000000080001E36] -> 0x03FE
[1938] [M]: 0x0000000080001E34 (0x03FE8E93) addi t4, t4, 0x3f
x29 <- 0xFFFFFDFFFBC0803F

mem[X,0x0000000080001E38] -> 0x9E93
mem[X,0x0000000080001E3A] -> 0x00AE
[1939] [M]: 0x0000000080001E38 (0x00AE9E93) slli t4, t4, 0xa
x29 <- 0xFFF7FFEF0200FC00

mem[X,0x0000000080001E3C] -> 0x8E93
mem[X,0x0000000080001E3E] -> 0x3FEE
[1940] [M]: 0x0000000080001E3C (0x3FEE8E93) addi t4, t4, 0x3fe
x29 <- 0xFFF7FFEF0200FFFE

mem[X,0x0000000080001E40] -> 0x7FBB
mem[X,0x0000000080001E42] -> 0xB1DF
[1941] [M]: 0x0000000080001E40 (0xB1DF7FBB) pmulh.h.bo t6, t5, t4
x31 <- 0x0000FFFF00000000

mem[X,0x0000000080001E44] -> 0xB823
mem[X,0x0000000080001E46] -> 0x25F0
[1942] [M]: 0x0000000080001E44 (0x25F0B823) sd t6, 0x250(ra)
mem[0x0000000080004448] <- 0x0000FFFF00000000

mem[X,0x0000000080001E48] -> 0x006F
mem[X,0x0000000080001E4A] -> 0x0380
[1943] [M]: 0x0000000080001E48 (0x0380006F) jal zero, 0x38

mem[X,0x0000000080001E80] -> 0x0093
mem[X,0x0000000080001E82] -> 0x0010
[1944] [M]: 0x0000000080001E80 (0x00100093) addi ra, zero, 0x1
x1 <- 0x0000000000000001

mem[X,0x0000000080001E84] -> 0x0F17
mem[X,0x0000000080001E86] -> 0x0000
[1945] [M]: 0x0000000080001E84 (0x00000F17) auipc t5, 0x0
x30 <- 0x0000000080001E84

mem[X,0x0000000080001E88] -> 0x2E23
mem[X,0x0000000080001E8A] -> 0x161F
[1946] [M]: 0x0000000080001E88 (0x161F2E23) sw ra, 0x17c(t5)
htif[0x0000000080002000] <- 0x00000001

mem[X,0x0000000080001E8C] -> 0xF06F
mem[X,0x0000000080001E8E] -> 0xFF9F
[1947] [M]: 0x0000000080001E8C (0xFF9FF06F) jal zero, -0x8

mem[X,0x0000000080001E84] -> 0x0F17
mem[X,0x0000000080001E86] -> 0x0000
[1948] [M]: 0x0000000080001E84 (0x00000F17) auipc t5, 0x0
x30 <- 0x0000000080001E84

mem[X,0x0000000080001E88] -> 0x2E23
mem[X,0x0000000080001E8A] -> 0x161F
[1949] [M]: 0x0000000080001E88 (0x161F2E23) sw ra, 0x17c(t5)
htif[0x0000000080002000] <- 0x00000001

mem[X,0x0000000080001E8C] -> 0xF06F
mem[X,0x0000000080001E8E] -> 0xFF9F
[1950] [M]: 0x0000000080001E8C (0xFF9FF06F) jal zero, -0x8

mem[X,0x0000000080001E84] -> 0x0F17
mem[X,0x0000000080001E86] -> 0x0000
[1951] [M]: 0x0000000080001E84 (0x00000F17) auipc t5, 0x0
x30 <- 0x0000000080001E84

mem[X,0x0000000080001E88] -> 0x2E23
mem[X,0x0000000080001E8A] -> 0x161F
[1952] [M]: 0x0000000080001E88 (0x161F2E23) sw ra, 0x17c(t5)
htif[0x0000000080002000] <- 0x00000001
htif-syscall-proxy cmd: 0x000000000001

SUCCESS
