using /home/chsu/rvp-workspace/test-64/riscof_work/paaddu.b-01.S/ref/Reference-sail_c_simulator.signature for test-signature output.
tohost located at 0x80002000
Running file ref.elf.
ELF Entry @ 0x80000000
begin_signature: 0x80004110
end_signature: 0x800043b0
CSR mstatus <- 0x0000000A00000000 (input: 0x0000000000000000)
mem[X,0x0000000000001000] -> 0x0297
mem[X,0x0000000000001002] -> 0x0000
[0] [M]: 0x0000000000001000 (0x00000297) auipc t0, 0x0
x5 <- 0x0000000000001000

mem[X,0x0000000000001004] -> 0x8593
mem[X,0x0000000000001006] -> 0x0202
[1] [M]: 0x0000000000001004 (0x02028593) addi a1, t0, 0x20
x11 <- 0x0000000000001020

mem[X,0x0000000000001008] -> 0x2573
mem[X,0x000000000000100A] -> 0xF140
[2] [M]: 0x0000000000001008 (0xF1402573) csrrs a0, mhartid, zero
CSR mhartid -> 0x0000000000000000
x10 <- 0x0000000000000000

mem[X,0x000000000000100C] -> 0xB283
mem[X,0x000000000000100E] -> 0x0182
[3] [M]: 0x000000000000100C (0x0182B283) ld t0, 0x18(t0)
mem[R,0x0000000000001018] -> 0x0000000080000000
x5 <- 0x0000000080000000

mem[X,0x0000000000001010] -> 0x8067
mem[X,0x0000000000001012] -> 0x0002
[4] [M]: 0x0000000000001010 (0x00028067) jalr zero, 0x0(t0)

mem[X,0x0000000080000000] -> 0x0837
mem[X,0x0000000080000002] -> 0x7D5C
[5] [M]: 0x0000000080000000 (0x7D5C0837) lui a6, 0x7d5c0
x16 <- 0x000000007D5C0000

mem[X,0x0000000080000004] -> 0x0813
mem[X,0x0000000080000006] -> 0xDDB8
[6] [M]: 0x0000000080000004 (0xDDB80813) addi a6, a6, -0x225
x16 <- 0x000000007D5BFDDB

mem[X,0x0000000080000008] -> 0x1813
mem[X,0x000000008000000A] -> 0x00B8
[7] [M]: 0x0000000080000008 (0x00B81813) slli a6, a6, 0xb
x16 <- 0x000003EADFEED800

mem[X,0x000000008000000C] -> 0x0813
mem[X,0x000000008000000E] -> 0x3EA8
[8] [M]: 0x000000008000000C (0x3EA80813) addi a6, a6, 0x3ea
x16 <- 0x000003EADFEEDBEA

mem[X,0x0000000080000010] -> 0x1813
mem[X,0x0000000080000012] -> 0x00B8
[9] [M]: 0x0000000080000010 (0x00B81813) slli a6, a6, 0xb
x16 <- 0x001F56FF76DF5000

mem[X,0x0000000080000014] -> 0x0813
mem[X,0x0000000080000016] -> 0x6FF8
[10] [M]: 0x0000000080000014 (0x6FF80813) addi a6, a6, 0x6ff
x16 <- 0x001F56FF76DF56FF

mem[X,0x0000000080000018] -> 0x1813
mem[X,0x000000008000001A] -> 0x00A8
[11] [M]: 0x0000000080000018 (0x00A81813) slli a6, a6, 0xa
x16 <- 0x7D5BFDDB7D5BFC00

mem[X,0x000000008000001C] -> 0x0813
mem[X,0x000000008000001E] -> 0x1DB8
[12] [M]: 0x000000008000001C (0x1DB80813) addi a6, a6, 0x1db
x16 <- 0x7D5BFDDB7D5BFDDB

mem[X,0x0000000080000020] -> 0x5893
mem[X,0x0000000080000022] -> 0x0078
[13] [M]: 0x0000000080000020 (0x00785893) srli a7, a6, 0x7
x17 <- 0x00FAB7FBB6FAB7FB

mem[X,0x0000000080000024] -> 0x5793
mem[X,0x0000000080000026] -> 0x0398
[14] [M]: 0x0000000080000024 (0x03985793) srli a5, a6, 0x39
x15 <- 0x000000000000003E

mem[X,0x0000000080000028] -> 0xE8B3
mem[X,0x000000008000002A] -> 0x00F8
[15] [M]: 0x0000000080000028 (0x00F8E8B3) or a7, a7, a5
x17 <- 0x00FAB7FBB6FAB7FF

mem[X,0x000000008000002C] -> 0xD913
mem[X,0x000000008000002E] -> 0x0078
[16] [M]: 0x000000008000002C (0x0078D913) srli s2, a7, 0x7
x18 <- 0x0001F56FF76DF56F

mem[X,0x0000000080000030] -> 0xD793
mem[X,0x0000000080000032] -> 0x0398
[17] [M]: 0x0000000080000030 (0x0398D793) srli a5, a7, 0x39
x15 <- 0x0000000000000000

mem[X,0x0000000080000034] -> 0x6933
mem[X,0x0000000080000036] -> 0x00F9
[18] [M]: 0x0000000080000034 (0x00F96933) or s2, s2, a5
x18 <- 0x0001F56FF76DF56F

mem[X,0x0000000080000038] -> 0x5993
mem[X,0x000000008000003A] -> 0x0079
[19] [M]: 0x0000000080000038 (0x00795993) srli s3, s2, 0x7
x19 <- 0x000003EADFEEDBEA

mem[X,0x000000008000003C] -> 0x5793
mem[X,0x000000008000003E] -> 0x0399
[20] [M]: 0x000000008000003C (0x03995793) srli a5, s2, 0x39
x15 <- 0x0000000000000000

mem[X,0x0000000080000040] -> 0xE9B3
mem[X,0x0000000080000042] -> 0x00F9
[21] [M]: 0x0000000080000040 (0x00F9E9B3) or s3, s3, a5
x19 <- 0x000003EADFEEDBEA

mem[X,0x0000000080000044] -> 0xDA13
mem[X,0x0000000080000046] -> 0x0079
[22] [M]: 0x0000000080000044 (0x0079DA13) srli s4, s3, 0x7
x20 <- 0x00000007D5BFDDB7

mem[X,0x0000000080000048] -> 0xD793
mem[X,0x000000008000004A] -> 0x0399
[23] [M]: 0x0000000080000048 (0x0399D793) srli a5, s3, 0x39
x15 <- 0x0000000000000000

mem[X,0x000000008000004C] -> 0x6A33
mem[X,0x000000008000004E] -> 0x00FA
[24] [M]: 0x000000008000004C (0x00FA6A33) or s4, s4, a5
x20 <- 0x00000007D5BFDDB7

mem[X,0x0000000080000050] -> 0x5A93
mem[X,0x0000000080000052] -> 0x007A
[25] [M]: 0x0000000080000050 (0x007A5A93) srli s5, s4, 0x7
x21 <- 0x000000000FAB7FBB

mem[X,0x0000000080000054] -> 0x5793
mem[X,0x0000000080000056] -> 0x039A
[26] [M]: 0x0000000080000054 (0x039A5793) srli a5, s4, 0x39
x15 <- 0x0000000000000000

mem[X,0x0000000080000058] -> 0xEAB3
mem[X,0x000000008000005A] -> 0x00FA
[27] [M]: 0x0000000080000058 (0x00FAEAB3) or s5, s5, a5
x21 <- 0x000000000FAB7FBB

mem[X,0x000000008000005C] -> 0xDB13
mem[X,0x000000008000005E] -> 0x007A
[28] [M]: 0x000000008000005C (0x007ADB13) srli s6, s5, 0x7
x22 <- 0x00000000001F56FF

mem[X,0x0000000080000060] -> 0xD793
mem[X,0x0000000080000062] -> 0x039A
[29] [M]: 0x0000000080000060 (0x039AD793) srli a5, s5, 0x39
x15 <- 0x0000000000000000

mem[X,0x0000000080000064] -> 0x6B33
mem[X,0x0000000080000066] -> 0x00FB
[30] [M]: 0x0000000080000064 (0x00FB6B33) or s6, s6, a5
x22 <- 0x00000000001F56FF

mem[X,0x0000000080000068] -> 0x5B93
mem[X,0x000000008000006A] -> 0x007B
[31] [M]: 0x0000000080000068 (0x007B5B93) srli s7, s6, 0x7
x23 <- 0x0000000000003EAD

mem[X,0x000000008000006C] -> 0x5793
mem[X,0x000000008000006E] -> 0x039B
[32] [M]: 0x000000008000006C (0x039B5793) srli a5, s6, 0x39
x15 <- 0x0000000000000000

mem[X,0x0000000080000070] -> 0xEBB3
mem[X,0x0000000080000072] -> 0x00FB
[33] [M]: 0x0000000080000070 (0x00FBEBB3) or s7, s7, a5
x23 <- 0x0000000000003EAD

mem[X,0x0000000080000074] -> 0xDC13
mem[X,0x0000000080000076] -> 0x007B
[34] [M]: 0x0000000080000074 (0x007BDC13) srli s8, s7, 0x7
x24 <- 0x000000000000007D

mem[X,0x0000000080000078] -> 0xD793
mem[X,0x000000008000007A] -> 0x039B
[35] [M]: 0x0000000080000078 (0x039BD793) srli a5, s7, 0x39
x15 <- 0x0000000000000000

mem[X,0x000000008000007C] -> 0x6C33
mem[X,0x000000008000007E] -> 0x00FC
[36] [M]: 0x000000008000007C (0x00FC6C33) or s8, s8, a5
x24 <- 0x000000000000007D

mem[X,0x0000000080000080] -> 0x5C93
mem[X,0x0000000080000082] -> 0x007C
[37] [M]: 0x0000000080000080 (0x007C5C93) srli s9, s8, 0x7
x25 <- 0x0000000000000000

mem[X,0x0000000080000084] -> 0x5793
mem[X,0x0000000080000086] -> 0x039C
[38] [M]: 0x0000000080000084 (0x039C5793) srli a5, s8, 0x39
x15 <- 0x0000000000000000

mem[X,0x0000000080000088] -> 0xECB3
mem[X,0x000000008000008A] -> 0x00FC
[39] [M]: 0x0000000080000088 (0x00FCECB3) or s9, s9, a5
x25 <- 0x0000000000000000

mem[X,0x000000008000008C] -> 0xDD13
mem[X,0x000000008000008E] -> 0x007C
[40] [M]: 0x000000008000008C (0x007CDD13) srli s10, s9, 0x7
x26 <- 0x0000000000000000

mem[X,0x0000000080000090] -> 0xD793
mem[X,0x0000000080000092] -> 0x039C
[41] [M]: 0x0000000080000090 (0x039CD793) srli a5, s9, 0x39
x15 <- 0x0000000000000000

mem[X,0x0000000080000094] -> 0x6D33
mem[X,0x0000000080000096] -> 0x00FD
[42] [M]: 0x0000000080000094 (0x00FD6D33) or s10, s10, a5
x26 <- 0x0000000000000000

mem[X,0x0000000080000098] -> 0x5D93
mem[X,0x000000008000009A] -> 0x007D
[43] [M]: 0x0000000080000098 (0x007D5D93) srli s11, s10, 0x7
x27 <- 0x0000000000000000

mem[X,0x000000008000009C] -> 0x5793
mem[X,0x000000008000009E] -> 0x039D
[44] [M]: 0x000000008000009C (0x039D5793) srli a5, s10, 0x39
x15 <- 0x0000000000000000

mem[X,0x00000000800000A0] -> 0xEDB3
mem[X,0x00000000800000A2] -> 0x00FD
[45] [M]: 0x00000000800000A0 (0x00FDEDB3) or s11, s11, a5
x27 <- 0x0000000000000000

mem[X,0x00000000800000A4] -> 0xDE13
mem[X,0x00000000800000A6] -> 0x007D
[46] [M]: 0x00000000800000A4 (0x007DDE13) srli t3, s11, 0x7
x28 <- 0x0000000000000000

mem[X,0x00000000800000A8] -> 0xD793
mem[X,0x00000000800000AA] -> 0x039D
[47] [M]: 0x00000000800000A8 (0x039DD793) srli a5, s11, 0x39
x15 <- 0x0000000000000000

mem[X,0x00000000800000AC] -> 0x6E33
mem[X,0x00000000800000AE] -> 0x00FE
[48] [M]: 0x00000000800000AC (0x00FE6E33) or t3, t3, a5
x28 <- 0x0000000000000000

mem[X,0x00000000800000B0] -> 0x5E93
mem[X,0x00000000800000B2] -> 0x007E
[49] [M]: 0x00000000800000B0 (0x007E5E93) srli t4, t3, 0x7
x29 <- 0x0000000000000000

mem[X,0x00000000800000B4] -> 0x5793
mem[X,0x00000000800000B6] -> 0x039E
[50] [M]: 0x00000000800000B4 (0x039E5793) srli a5, t3, 0x39
x15 <- 0x0000000000000000

mem[X,0x00000000800000B8] -> 0xEEB3
mem[X,0x00000000800000BA] -> 0x00FE
[51] [M]: 0x00000000800000B8 (0x00FEEEB3) or t4, t4, a5
x29 <- 0x0000000000000000

mem[X,0x00000000800000BC] -> 0xDF13
mem[X,0x00000000800000BE] -> 0x007E
[52] [M]: 0x00000000800000BC (0x007EDF13) srli t5, t4, 0x7
x30 <- 0x0000000000000000

mem[X,0x00000000800000C0] -> 0xD793
mem[X,0x00000000800000C2] -> 0x039E
[53] [M]: 0x00000000800000C0 (0x039ED793) srli a5, t4, 0x39
x15 <- 0x0000000000000000

mem[X,0x00000000800000C4] -> 0x6F33
mem[X,0x00000000800000C6] -> 0x00FF
[54] [M]: 0x00000000800000C4 (0x00FF6F33) or t5, t5, a5
x30 <- 0x0000000000000000

mem[X,0x00000000800000C8] -> 0xC0B7
mem[X,0x00000000800000CA] -> 0xFEED
[55] [M]: 0x00000000800000C8 (0xFEEDC0B7) lui ra, -0x1124
x1 <- 0xFFFFFFFFFEEDC000

mem[X,0x00000000800000CC] -> 0x8093
mem[X,0x00000000800000CE] -> 0xEAD0
[56] [M]: 0x00000000800000CC (0xEAD08093) addi ra, ra, -0x153
x1 <- 0xFFFFFFFFFEEDBEAD

mem[X,0x00000000800000D0] -> 0x9093
mem[X,0x00000000800000D2] -> 0x00B0
[57] [M]: 0x00000000800000D0 (0x00B09093) slli ra, ra, 0xb
x1 <- 0xFFFFFFF76DF56800

mem[X,0x00000000800000D4] -> 0x8093
mem[X,0x00000000800000D6] -> 0x7F70
[58] [M]: 0x00000000800000D4 (0x7F708093) addi ra, ra, 0x7f7
x1 <- 0xFFFFFFF76DF56FF7

mem[X,0x00000000800000D8] -> 0x9093
mem[X,0x00000000800000DA] -> 0x00B0
[59] [M]: 0x00000000800000D8 (0x00B09093) slli ra, ra, 0xb
x1 <- 0xFFFFBB6FAB7FB800

mem[X,0x00000000800000DC] -> 0x8093
mem[X,0x00000000800000DE] -> 0x36F0
[60] [M]: 0x00000000800000DC (0x36F08093) addi ra, ra, 0x36f
x1 <- 0xFFFFBB6FAB7FBB6F

mem[X,0x00000000800000E0] -> 0x9093
mem[X,0x00000000800000E2] -> 0x00A0
[61] [M]: 0x00000000800000E0 (0x00A09093) slli ra, ra, 0xa
x1 <- 0xFEEDBEADFEEDBC00

mem[X,0x00000000800000E4] -> 0x8093
mem[X,0x00000000800000E6] -> 0x2AD0
[62] [M]: 0x00000000800000E4 (0x2AD08093) addi ra, ra, 0x2ad
x1 <- 0xFEEDBEADFEEDBEAD

mem[X,0x00000000800000E8] -> 0xD113
mem[X,0x00000000800000EA] -> 0x0070
[63] [M]: 0x00000000800000E8 (0x0070D113) srli sp, ra, 0x7
x2 <- 0x01FDDB7D5BFDDB7D

mem[X,0x00000000800000EC] -> 0xD793
mem[X,0x00000000800000EE] -> 0x0390
[64] [M]: 0x00000000800000EC (0x0390D793) srli a5, ra, 0x39
x15 <- 0x000000000000007F

mem[X,0x00000000800000F0] -> 0x6133
mem[X,0x00000000800000F2] -> 0x00F1
[65] [M]: 0x00000000800000F0 (0x00F16133) or sp, sp, a5
x2 <- 0x01FDDB7D5BFDDB7F

mem[X,0x00000000800000F4] -> 0x5193
mem[X,0x00000000800000F6] -> 0x0071
[66] [M]: 0x00000000800000F4 (0x00715193) srli gp, sp, 0x7
x3 <- 0x0003FBB6FAB7FBB6

mem[X,0x00000000800000F8] -> 0x5793
mem[X,0x00000000800000FA] -> 0x0391
[67] [M]: 0x00000000800000F8 (0x03915793) srli a5, sp, 0x39
x15 <- 0x0000000000000000

mem[X,0x00000000800000FC] -> 0xE1B3
mem[X,0x00000000800000FE] -> 0x00F1
[68] [M]: 0x00000000800000FC (0x00F1E1B3) or gp, gp, a5
x3 <- 0x0003FBB6FAB7FBB6

mem[X,0x0000000080000100] -> 0xD213
mem[X,0x0000000080000102] -> 0x0071
[69] [M]: 0x0000000080000100 (0x0071D213) srli tp, gp, 0x7
x4 <- 0x000007F76DF56FF7

mem[X,0x0000000080000104] -> 0xD793
mem[X,0x0000000080000106] -> 0x0391
[70] [M]: 0x0000000080000104 (0x0391D793) srli a5, gp, 0x39
x15 <- 0x0000000000000000

mem[X,0x0000000080000108] -> 0x6233
mem[X,0x000000008000010A] -> 0x00F2
[71] [M]: 0x0000000080000108 (0x00F26233) or tp, tp, a5
x4 <- 0x000007F76DF56FF7

mem[X,0x000000008000010C] -> 0x5293
mem[X,0x000000008000010E] -> 0x0072
[72] [M]: 0x000000008000010C (0x00725293) srli t0, tp, 0x7
x5 <- 0x0000000FEEDBEADF

mem[X,0x0000000080000110] -> 0x5793
mem[X,0x0000000080000112] -> 0x0392
[73] [M]: 0x0000000080000110 (0x03925793) srli a5, tp, 0x39
x15 <- 0x0000000000000000

mem[X,0x0000000080000114] -> 0xE2B3
mem[X,0x0000000080000116] -> 0x00F2
[74] [M]: 0x0000000080000114 (0x00F2E2B3) or t0, t0, a5
x5 <- 0x0000000FEEDBEADF

mem[X,0x0000000080000118] -> 0xD313
mem[X,0x000000008000011A] -> 0x0072
[75] [M]: 0x0000000080000118 (0x0072D313) srli t1, t0, 0x7
x6 <- 0x000000001FDDB7D5

mem[X,0x000000008000011C] -> 0xD793
mem[X,0x000000008000011E] -> 0x0392
[76] [M]: 0x000000008000011C (0x0392D793) srli a5, t0, 0x39
x15 <- 0x0000000000000000

mem[X,0x0000000080000120] -> 0x6333
mem[X,0x0000000080000122] -> 0x00F3
[77] [M]: 0x0000000080000120 (0x00F36333) or t1, t1, a5
x6 <- 0x000000001FDDB7D5

mem[X,0x0000000080000124] -> 0x5393
mem[X,0x0000000080000126] -> 0x0073
[78] [M]: 0x0000000080000124 (0x00735393) srli t2, t1, 0x7
x7 <- 0x00000000003FBB6F

mem[X,0x0000000080000128] -> 0x5793
mem[X,0x000000008000012A] -> 0x0393
[79] [M]: 0x0000000080000128 (0x03935793) srli a5, t1, 0x39
x15 <- 0x0000000000000000

mem[X,0x000000008000012C] -> 0xE3B3
mem[X,0x000000008000012E] -> 0x00F3
[80] [M]: 0x000000008000012C (0x00F3E3B3) or t2, t2, a5
x7 <- 0x00000000003FBB6F

mem[X,0x0000000080000130] -> 0xD413
mem[X,0x0000000080000132] -> 0x0073
[81] [M]: 0x0000000080000130 (0x0073D413) srli fp, t2, 0x7
x8 <- 0x0000000000007F76

mem[X,0x0000000080000134] -> 0xD793
mem[X,0x0000000080000136] -> 0x0393
[82] [M]: 0x0000000080000134 (0x0393D793) srli a5, t2, 0x39
x15 <- 0x0000000000000000

mem[X,0x0000000080000138] -> 0x6433
mem[X,0x000000008000013A] -> 0x00F4
[83] [M]: 0x0000000080000138 (0x00F46433) or fp, fp, a5
x8 <- 0x0000000000007F76

mem[X,0x000000008000013C] -> 0x5493
mem[X,0x000000008000013E] -> 0x0074
[84] [M]: 0x000000008000013C (0x00745493) srli s1, fp, 0x7
x9 <- 0x00000000000000FE

mem[X,0x0000000080000140] -> 0x5793
mem[X,0x0000000080000142] -> 0x0394
[85] [M]: 0x0000000080000140 (0x03945793) srli a5, fp, 0x39
x15 <- 0x0000000000000000

mem[X,0x0000000080000144] -> 0xE4B3
mem[X,0x0000000080000146] -> 0x00F4
[86] [M]: 0x0000000080000144 (0x00F4E4B3) or s1, s1, a5
x9 <- 0x00000000000000FE

mem[X,0x0000000080000148] -> 0xD513
mem[X,0x000000008000014A] -> 0x0074
[87] [M]: 0x0000000080000148 (0x0074D513) srli a0, s1, 0x7
x10 <- 0x0000000000000001

mem[X,0x000000008000014C] -> 0xD793
mem[X,0x000000008000014E] -> 0x0394
[88] [M]: 0x000000008000014C (0x0394D793) srli a5, s1, 0x39
x15 <- 0x0000000000000000

mem[X,0x0000000080000150] -> 0x6533
mem[X,0x0000000080000152] -> 0x00F5
[89] [M]: 0x0000000080000150 (0x00F56533) or a0, a0, a5
x10 <- 0x0000000000000001

mem[X,0x0000000080000154] -> 0x5593
mem[X,0x0000000080000156] -> 0x0075
[90] [M]: 0x0000000080000154 (0x00755593) srli a1, a0, 0x7
x11 <- 0x0000000000000000

mem[X,0x0000000080000158] -> 0x5793
mem[X,0x000000008000015A] -> 0x0395
[91] [M]: 0x0000000080000158 (0x03955793) srli a5, a0, 0x39
x15 <- 0x0000000000000000

mem[X,0x000000008000015C] -> 0xE5B3
mem[X,0x000000008000015E] -> 0x00F5
[92] [M]: 0x000000008000015C (0x00F5E5B3) or a1, a1, a5
x11 <- 0x0000000000000000

mem[X,0x0000000080000160] -> 0xD613
mem[X,0x0000000080000162] -> 0x0075
[93] [M]: 0x0000000080000160 (0x0075D613) srli a2, a1, 0x7
x12 <- 0x0000000000000000

mem[X,0x0000000080000164] -> 0xD793
mem[X,0x0000000080000166] -> 0x0395
[94] [M]: 0x0000000080000164 (0x0395D793) srli a5, a1, 0x39
x15 <- 0x0000000000000000

mem[X,0x0000000080000168] -> 0x6633
mem[X,0x000000008000016A] -> 0x00F6
[95] [M]: 0x0000000080000168 (0x00F66633) or a2, a2, a5
x12 <- 0x0000000000000000

mem[X,0x000000008000016C] -> 0x5693
mem[X,0x000000008000016E] -> 0x0076
[96] [M]: 0x000000008000016C (0x00765693) srli a3, a2, 0x7
x13 <- 0x0000000000000000

mem[X,0x0000000080000170] -> 0x5793
mem[X,0x0000000080000172] -> 0x0396
[97] [M]: 0x0000000080000170 (0x03965793) srli a5, a2, 0x39
x15 <- 0x0000000000000000

mem[X,0x0000000080000174] -> 0xE6B3
mem[X,0x0000000080000176] -> 0x00F6
[98] [M]: 0x0000000080000174 (0x00F6E6B3) or a3, a3, a5
x13 <- 0x0000000000000000

mem[X,0x0000000080000178] -> 0x0013
mem[X,0x000000008000017A] -> 0x0000
[99] [M]: 0x0000000080000178 (0x00000013) addi zero, zero, 0x0

clint::tick mtime <- 0x0000000000000001
 clint timer pending at mtime 0x0000000000000001
htif::tick 0x0000000000000000
mem[X,0x000000008000017C] -> 0x0013
mem[X,0x000000008000017E] -> 0x0000
[100] [M]: 0x000000008000017C (0x00000013) addi zero, zero, 0x0

mem[X,0x0000000080000180] -> 0x4297
mem[X,0x0000000080000182] -> 0x0000
[101] [M]: 0x0000000080000180 (0x00004297) auipc t0, 0x4
x5 <- 0x0000000080004180

mem[X,0x0000000080000184] -> 0x8293
mem[X,0x0000000080000186] -> 0xF982
[102] [M]: 0x0000000080000184 (0xF9828293) addi t0, t0, -0x68
x5 <- 0x0000000080004118

mem[X,0x0000000080000188] -> 0x0013
mem[X,0x000000008000018A] -> 0x0000
[103] [M]: 0x0000000080000188 (0x00000013) addi zero, zero, 0x0

mem[X,0x000000008000018C] -> 0x0013
mem[X,0x000000008000018E] -> 0x0000
[104] [M]: 0x000000008000018C (0x00000013) addi zero, zero, 0x0

mem[X,0x0000000080000190] -> 0x0013
mem[X,0x0000000080000192] -> 0x0000
[105] [M]: 0x0000000080000190 (0x00000013) addi zero, zero, 0x0

mem[X,0x0000000080000194] -> 0x0013
mem[X,0x0000000080000196] -> 0x0000
[106] [M]: 0x0000000080000194 (0x00000013) addi zero, zero, 0x0

mem[X,0x0000000080000198] -> 0x0013
mem[X,0x000000008000019A] -> 0x0000
[107] [M]: 0x0000000080000198 (0x00000013) addi zero, zero, 0x0

mem[X,0x000000008000019C] -> 0x0013
mem[X,0x000000008000019E] -> 0x0000
[108] [M]: 0x000000008000019C (0x00000013) addi zero, zero, 0x0

mem[X,0x00000000800001A0] -> 0xFFB7
mem[X,0x00000000800001A2] -> 0x80F7
[109] [M]: 0x00000000800001A0 (0x80F7FFB7) lui t6, -0x7f081
x31 <- 0xFFFFFFFF80F7F000

mem[X,0x00000000800001A4] -> 0x8F93
mem[X,0x00000000800001A6] -> 0xFF8F
[110] [M]: 0x00000000800001A4 (0xFF8F8F93) addi t6, t6, -0x8
x31 <- 0xFFFFFFFF80F7EFF8

mem[X,0x00000000800001A8] -> 0x9F93
mem[X,0x00000000800001AA] -> 0x00BF
[111] [M]: 0x00000000800001A8 (0x00BF9F93) slli t6, t6, 0xb
x31 <- 0xFFFFFC07BF7FC000

mem[X,0x00000000800001AC] -> 0x8F93
mem[X,0x00000000800001AE] -> 0x7EBF
[112] [M]: 0x00000000800001AC (0x7EBF8F93) addi t6, t6, 0x7eb
x31 <- 0xFFFFFC07BF7FC7EB

mem[X,0x00000000800001B0] -> 0x9F93
mem[X,0x00000000800001B2] -> 0x00BF
[113] [M]: 0x00000000800001B0 (0x00BF9F93) slli t6, t6, 0xb
x31 <- 0xFFE03DFBFE3F5800

mem[X,0x00000000800001B4] -> 0x8F93
mem[X,0x00000000800001B6] -> 0x7C0F
[114] [M]: 0x00000000800001B4 (0x7C0F8F93) addi t6, t6, 0x7c0
x31 <- 0xFFE03DFBFE3F5FC0

mem[X,0x00000000800001B8] -> 0x9F93
mem[X,0x00000000800001BA] -> 0x00AF
[115] [M]: 0x00000000800001B8 (0x00AF9F93) slli t6, t6, 0xa
x31 <- 0x80F7EFF8FD7F0000

mem[X,0x00000000800001BC] -> 0x8F93
mem[X,0x00000000800001BE] -> 0x080F
[116] [M]: 0x00000000800001BC (0x080F8F93) addi t6, t6, 0x80
x31 <- 0x80F7EFF8FD7F0080

mem[X,0x00000000800001C0] -> 0x4737
mem[X,0x00000000800001C2] -> 0xFBAA
[117] [M]: 0x00000000800001C0 (0xFBAA4737) lui a4, -0x455c
x14 <- 0xFFFFFFFFFBAA4000

mem[X,0x00000000800001C4] -> 0x0713
mem[X,0x00000000800001C6] -> 0x07F7
[118] [M]: 0x00000000800001C4 (0x07F70713) addi a4, a4, 0x7f
x14 <- 0xFFFFFFFFFBAA407F

mem[X,0x00000000800001C8] -> 0x1713
mem[X,0x00000000800001CA] -> 0x00B7
[119] [M]: 0x00000000800001C8 (0x00B71713) slli a4, a4, 0xb
x14 <- 0xFFFFFFDD5203F800

mem[X,0x00000000800001CC] -> 0x0713
mem[X,0x00000000800001CE] -> 0x00D7
[120] [M]: 0x00000000800001CC (0x00D70713) addi a4, a4, 0xd
x14 <- 0xFFFFFFDD5203F80D

mem[X,0x00000000800001D0] -> 0x1713
mem[X,0x00000000800001D2] -> 0x00B7
[121] [M]: 0x00000000800001D0 (0x00B71713) slli a4, a4, 0xb
x14 <- 0xFFFEEA901FC06800

mem[X,0x00000000800001D4] -> 0x0713
mem[X,0x00000000800001D6] -> 0x7C07
[122] [M]: 0x00000000800001D4 (0x7C070713) addi a4, a4, 0x7c0
x14 <- 0xFFFEEA901FC06FC0

mem[X,0x00000000800001D8] -> 0x1713
mem[X,0x00000000800001DA] -> 0x00A7
[123] [M]: 0x00000000800001D8 (0x00A71713) slli a4, a4, 0xa
x14 <- 0xFBAA407F01BF0000

mem[X,0x00000000800001DC] -> 0x0713
mem[X,0x00000000800001DE] -> 0x1077
[124] [M]: 0x00000000800001DC (0x10770713) addi a4, a4, 0x107
x14 <- 0xFBAA407F01BF0107

mem[X,0x00000000800001E0] -> 0x81BB
mem[X,0x00000000800001E2] -> 0xBCEF
[125] [M]: 0x00000000800001E0 (0xBCEF81BB) paaddu.b gp, t6, a4
x3 <- 0xBDD097BB7F9F0043

mem[X,0x00000000800001E4] -> 0xB023
mem[X,0x00000000800001E6] -> 0x0032
[126] [M]: 0x00000000800001E4 (0x0032B023) sd gp, 0x0(t0)
mem[0x0000000080004118] <- 0xBDD097BB7F9F0043

mem[X,0x00000000800001E8] -> 0x04B7
mem[X,0x00000000800001EA] -> 0xF77F
[127] [M]: 0x00000000800001E8 (0xF77F04B7) lui s1, -0x8810
x9 <- 0xFFFFFFFFF77F0000

mem[X,0x00000000800001EC] -> 0x8493
mem[X,0x00000000800001EE] -> 0x5FE4
[128] [M]: 0x00000000800001EC (0x5FE48493) addi s1, s1, 0x5fe
x9 <- 0xFFFFFFFFF77F05FE

mem[X,0x00000000800001F0] -> 0x9493
mem[X,0x00000000800001F2] -> 0x00B4
[129] [M]: 0x00000000800001F0 (0x00B49493) slli s1, s1, 0xb
x9 <- 0xFFFFFFBBF82FF000

mem[X,0x00000000800001F4] -> 0x8493
mem[X,0x00000000800001F6] -> 0x1FF4
[130] [M]: 0x00000000800001F4 (0x1FF48493) addi s1, s1, 0x1ff
x9 <- 0xFFFFFFBBF82FF1FF

mem[X,0x00000000800001F8] -> 0x9493
mem[X,0x00000000800001FA] -> 0x00B4
[131] [M]: 0x00000000800001F8 (0x00B49493) slli s1, s1, 0xb
x9 <- 0xFFFDDFC17F8FF800

mem[X,0x00000000800001FC] -> 0x8493
mem[X,0x00000000800001FE] -> 0x5804
[132] [M]: 0x00000000800001FC (0x58048493) addi s1, s1, 0x580
x9 <- 0xFFFDDFC17F8FFD80

mem[X,0x0000000080000200] -> 0x9493
mem[X,0x0000000080000202] -> 0x00A4
[133] [M]: 0x0000000080000200 (0x00A49493) slli s1, s1, 0xa
x9 <- 0xF77F05FE3FF60000

mem[X,0x0000000080000204] -> 0x8493
mem[X,0x0000000080000206] -> 0x1FF4
[134] [M]: 0x0000000080000204 (0x1FF48493) addi s1, s1, 0x1ff
x9 <- 0xF77F05FE3FF601FF

mem[X,0x0000000080000208] -> 0x4F37
mem[X,0x000000008000020A] -> 0xFB03
[135] [M]: 0x0000000080000208 (0xFB034F37) lui t5, -0x4fcc
x30 <- 0xFFFFFFFFFB034000

mem[X,0x000000008000020C] -> 0x0F13
mem[X,0x000000008000020E] -> 0xF55F
[136] [M]: 0x000000008000020C (0xF55F0F13) addi t5, t5, -0xab
x30 <- 0xFFFFFFFFFB033F55

mem[X,0x0000000080000210] -> 0x1F13
mem[X,0x0000000080000212] -> 0x00BF
[137] [M]: 0x0000000080000210 (0x00BF1F13) slli t5, t5, 0xb
x30 <- 0xFFFFFFD819FAA800

mem[X,0x0000000080000214] -> 0x0F13
mem[X,0x0000000080000216] -> 0x007F
[138] [M]: 0x0000000080000214 (0x007F0F13) addi t5, t5, 0x7
x30 <- 0xFFFFFFD819FAA807

mem[X,0x0000000080000218] -> 0x1F13
mem[X,0x000000008000021A] -> 0x00BF
[139] [M]: 0x0000000080000218 (0x00BF1F13) slli t5, t5, 0xb
x30 <- 0xFFFEC0CFD5403800

mem[X,0x000000008000021C] -> 0x0F13
mem[X,0x000000008000021E] -> 0x744F
[140] [M]: 0x000000008000021C (0x744F0F13) addi t5, t5, 0x744
x30 <- 0xFFFEC0CFD5403F44

mem[X,0x0000000080000220] -> 0x1F13
mem[X,0x0000000080000222] -> 0x00AF
[141] [M]: 0x0000000080000220 (0x00AF1F13) slli t5, t5, 0xa
x30 <- 0xFB033F5500FD1000

mem[X,0x0000000080000224] -> 0x0F13
mem[X,0x0000000080000226] -> 0x007F
[142] [M]: 0x0000000080000224 (0x007F0F13) addi t5, t5, 0x7
x30 <- 0xFB033F5500FD1007

mem[X,0x0000000080000228] -> 0x8F3B
mem[X,0x000000008000022A] -> 0xBDE4
[143] [M]: 0x0000000080000228 (0xBDE48F3B) paaddu.b t5, s1, t5
x30 <- 0xF94122A91FF90883

mem[X,0x000000008000022C] -> 0xB423
mem[X,0x000000008000022E] -> 0x01E2
[144] [M]: 0x000000008000022C (0x01E2B423) sd t5, 0x8(t0)
mem[0x0000000080004120] <- 0xF94122A91FF90883

mem[X,0x0000000080000230] -> 0x8DB7
mem[X,0x0000000080000232] -> 0xEFFC
[145] [M]: 0x0000000080000230 (0xEFFC8DB7) lui s11, -0x10038
x27 <- 0xFFFFFFFFEFFC8000

mem[X,0x0000000080000234] -> 0x8D93
mem[X,0x0000000080000236] -> 0xFFFD
[146] [M]: 0x0000000080000234 (0xFFFD8D93) addi s11, s11, -0x1
x27 <- 0xFFFFFFFFEFFC7FFF

mem[X,0x0000000080000238] -> 0x9D93
mem[X,0x000000008000023A] -> 0x00BD
[147] [M]: 0x0000000080000238 (0x00BD9D93) slli s11, s11, 0xb
x27 <- 0xFFFFFF7FE3FFF800

mem[X,0x000000008000023C] -> 0x8D93
mem[X,0x000000008000023E] -> 0x7D0D
[148] [M]: 0x000000008000023C (0x7D0D8D93) addi s11, s11, 0x7d0
x27 <- 0xFFFFFF7FE3FFFFD0

mem[X,0x0000000080000240] -> 0x9D93
mem[X,0x0000000080000242] -> 0x00BD
[149] [M]: 0x0000000080000240 (0x00BD9D93) slli s11, s11, 0xb
x27 <- 0xFFFBFF1FFFFE8000

mem[X,0x0000000080000244] -> 0x8D93
mem[X,0x0000000080000246] -> 0x140D
[150] [M]: 0x0000000080000244 (0x140D8D93) addi s11, s11, 0x140
x27 <- 0xFFFBFF1FFFFE8140

mem[X,0x0000000080000248] -> 0x9D93
mem[X,0x000000008000024A] -> 0x00AD
[151] [M]: 0x0000000080000248 (0x00AD9D93) slli s11, s11, 0xa
x27 <- 0xEFFC7FFFFA050000

mem[X,0x000000008000024C] -> 0x8D93
mem[X,0x000000008000024E] -> 0x100D
[152] [M]: 0x000000008000024C (0x100D8D93) addi s11, s11, 0x100
x27 <- 0xEFFC7FFFFA050100

mem[X,0x0000000080000250] -> 0x4DB7
mem[X,0x0000000080000252] -> 0x00EF
[153] [M]: 0x0000000080000250 (0x00EF4DB7) lui s11, 0xef4
x27 <- 0x0000000000EF4000

mem[X,0x0000000080000254] -> 0x8D93
mem[X,0x0000000080000256] -> 0xF07D
[154] [M]: 0x0000000080000254 (0xF07D8D93) addi s11, s11, -0xf9
x27 <- 0x0000000000EF3F07

mem[X,0x0000000080000258] -> 0x9D93
mem[X,0x000000008000025A] -> 0x00BD
[155] [M]: 0x0000000080000258 (0x00BD9D93) slli s11, s11, 0xb
x27 <- 0x0000000779F83800

mem[X,0x000000008000025C] -> 0x8D93
mem[X,0x000000008000025E] -> 0x203D
[156] [M]: 0x000000008000025C (0x203D8D93) addi s11, s11, 0x203
x27 <- 0x0000000779F83A03

mem[X,0x0000000080000260] -> 0x9D93
mem[X,0x0000000080000262] -> 0x00BD
[157] [M]: 0x0000000080000260 (0x00BD9D93) slli s11, s11, 0xb
x27 <- 0x00003BCFC1D01800

mem[X,0x0000000080000264] -> 0x8D93
mem[X,0x0000000080000266] -> 0x7FBD
[158] [M]: 0x0000000080000264 (0x7FBD8D93) addi s11, s11, 0x7fb
x27 <- 0x00003BCFC1D01FFB

mem[X,0x0000000080000268] -> 0x9D93
mem[X,0x000000008000026A] -> 0x00AD
[159] [M]: 0x0000000080000268 (0x00AD9D93) slli s11, s11, 0xa
x27 <- 0x00EF3F07407FEC00

mem[X,0x000000008000026C] -> 0x8D93
mem[X,0x000000008000026E] -> 0x3F8D
[160] [M]: 0x000000008000026C (0x3F8D8D93) addi s11, s11, 0x3f8
x27 <- 0x00EF3F07407FEFF8

mem[X,0x0000000080000270] -> 0x853B
mem[X,0x0000000080000272] -> 0xBDBD
[161] [M]: 0x0000000080000270 (0xBDBD853B) paaddu.b a0, s11, s11
x10 <- 0x00EF3F07407FEFF8

mem[X,0x0000000080000274] -> 0xB823
mem[X,0x0000000080000276] -> 0x00A2
[162] [M]: 0x0000000080000274 (0x00A2B823) sd a0, 0x10(t0)
mem[0x0000000080004128] <- 0x00EF3F07407FEFF8

mem[X,0x0000000080000278] -> 0xE437
mem[X,0x000000008000027A] -> 0x087F
[163] [M]: 0x0000000080000278 (0x087FE437) lui fp, 0x87fe
x8 <- 0x00000000087FE000

mem[X,0x000000008000027C] -> 0x0413
mem[X,0x000000008000027E] -> 0xF3F4
[164] [M]: 0x000000008000027C (0xF3F40413) addi fp, fp, -0xc1
x8 <- 0x00000000087FDF3F

mem[X,0x0000000080000280] -> 0x1413
mem[X,0x0000000080000282] -> 0x00B4
[165] [M]: 0x0000000080000280 (0x00B41413) slli fp, fp, 0xb
x8 <- 0x00000043FEF9F800

mem[X,0x0000000080000284] -> 0x0413
mem[X,0x0000000080000286] -> 0x1024
[166] [M]: 0x0000000080000284 (0x10240413) addi fp, fp, 0x102
x8 <- 0x00000043FEF9F902

mem[X,0x0000000080000288] -> 0x1413
mem[X,0x000000008000028A] -> 0x00B4
[167] [M]: 0x0000000080000288 (0x00B41413) slli fp, fp, 0xb
x8 <- 0x00021FF7CFC81000

mem[X,0x000000008000028C] -> 0x0413
mem[X,0x000000008000028E] -> 0x57D4
[168] [M]: 0x000000008000028C (0x57D40413) addi fp, fp, 0x57d
x8 <- 0x00021FF7CFC8157D

mem[X,0x0000000080000290] -> 0x1413
mem[X,0x0000000080000292] -> 0x00A4
[169] [M]: 0x0000000080000290 (0x00A41413) slli fp, fp, 0xa
x8 <- 0x087FDF3F2055F400

mem[X,0x0000000080000294] -> 0x0413
mem[X,0x0000000080000296] -> 0x2014
[170] [M]: 0x0000000080000294 (0x20140413) addi fp, fp, 0x201
x8 <- 0x087FDF3F2055F601

mem[X,0x0000000080000298] -> 0x0AB7
mem[X,0x000000008000029A] -> 0xFBFD
[171] [M]: 0x0000000080000298 (0xFBFD0AB7) lui s5, -0x4030
x21 <- 0xFFFFFFFFFBFD0000

mem[X,0x000000008000029C] -> 0x8A93
mem[X,0x000000008000029E] -> 0x7C0A
[172] [M]: 0x000000008000029C (0x7C0A8A93) addi s5, s5, 0x7c0
x21 <- 0xFFFFFFFFFBFD07C0

mem[X,0x00000000800002A0] -> 0x9A93
mem[X,0x00000000800002A2] -> 0x00BA
[173] [M]: 0x00000000800002A0 (0x00BA9A93) slli s5, s5, 0xb
x21 <- 0xFFFFFFDFE83E0000

mem[X,0x00000000800002A4] -> 0x8A93
mem[X,0x00000000800002A6] -> 0x037A
[174] [M]: 0x00000000800002A4 (0x037A8A93) addi s5, s5, 0x37
x21 <- 0xFFFFFFDFE83E0037

mem[X,0x00000000800002A8] -> 0x9A93
mem[X,0x00000000800002AA] -> 0x00BA
[175] [M]: 0x00000000800002A8 (0x00BA9A93) slli s5, s5, 0xb
x21 <- 0xFFFEFF41F001B800

mem[X,0x00000000800002AC] -> 0x8A93
mem[X,0x00000000800002AE] -> 0x5BFA
[176] [M]: 0x00000000800002AC (0x5BFA8A93) addi s5, s5, 0x5bf
x21 <- 0xFFFEFF41F001BDBF

mem[X,0x00000000800002B0] -> 0x9A93
mem[X,0x00000000800002B2] -> 0x00AA
[177] [M]: 0x00000000800002B0 (0x00AA9A93) slli s5, s5, 0xa
x21 <- 0xFBFD07C006F6FC00

mem[X,0x00000000800002B4] -> 0x8A93
mem[X,0x00000000800002B6] -> 0x1EFA
[178] [M]: 0x00000000800002B4 (0x1EFA8A93) addi s5, s5, 0x1ef
x21 <- 0xFBFD07C006F6FDEF

mem[X,0x00000000800002B8] -> 0x043B
mem[X,0x00000000800002BA] -> 0xBD54
[179] [M]: 0x00000000800002B8 (0xBD54043B) paaddu.b fp, fp, s5
x8 <- 0x81BE737F13A5F978

mem[X,0x00000000800002BC] -> 0xBC23
mem[X,0x00000000800002BE] -> 0x0082
[180] [M]: 0x00000000800002BC (0x0082BC23) sd fp, 0x18(t0)
mem[0x0000000080004130] <- 0x81BE737F13A5F978

mem[X,0x00000000800002C0] -> 0x0337
mem[X,0x00000000800002C2] -> 0x04FB
[181] [M]: 0x00000000800002C0 (0x04FB0337) lui t1, 0x4fb0
x6 <- 0x0000000004FB0000

mem[X,0x00000000800002C4] -> 0x0313
mem[X,0x00000000800002C6] -> 0xBF73
[182] [M]: 0x00000000800002C4 (0xBF730313) addi t1, t1, -0x409
x6 <- 0x0000000004FAFBF7

mem[X,0x00000000800002C8] -> 0x1313
mem[X,0x00000000800002CA] -> 0x00B3
[183] [M]: 0x00000000800002C8 (0x00B31313) slli t1, t1, 0xb
x6 <- 0x00000027D7DFB800

mem[X,0x00000000800002CC] -> 0x0313
mem[X,0x00000000800002CE] -> 0x02A3
[184] [M]: 0x00000000800002CC (0x02A30313) addi t1, t1, 0x2a
x6 <- 0x00000027D7DFB82A

mem[X,0x00000000800002D0] -> 0x1313
mem[X,0x00000000800002D2] -> 0x00B3
[185] [M]: 0x00000000800002D0 (0x00B31313) slli t1, t1, 0xb
x6 <- 0x00013EBEFDC15000

mem[X,0x00000000800002D4] -> 0x0313
mem[X,0x00000000800002D6] -> 0x03F3
[186] [M]: 0x00000000800002D4 (0x03F30313) addi t1, t1, 0x3f
x6 <- 0x00013EBEFDC1503F

mem[X,0x00000000800002D8] -> 0x1313
mem[X,0x00000000800002DA] -> 0x00A3
[187] [M]: 0x00000000800002D8 (0x00A31313) slli t1, t1, 0xa
x6 <- 0x04FAFBF70540FC00

mem[X,0x00000000800002DC] -> 0x0313
mem[X,0x00000000800002DE] -> 0x37F3
[188] [M]: 0x00000000800002DC (0x37F30313) addi t1, t1, 0x37f
x6 <- 0x04FAFBF70540FF7F

mem[X,0x00000000800002E0] -> 0x0337
mem[X,0x00000000800002E2] -> 0x01FA
[189] [M]: 0x00000000800002E0 (0x01FA0337) lui t1, 0x1fa0
x6 <- 0x0000000001FA0000

mem[X,0x00000000800002E4] -> 0x0313
mem[X,0x00000000800002E6] -> 0x4403
[190] [M]: 0x00000000800002E4 (0x44030313) addi t1, t1, 0x440
x6 <- 0x0000000001FA0440

mem[X,0x00000000800002E8] -> 0x1313
mem[X,0x00000000800002EA] -> 0x00B3
[191] [M]: 0x00000000800002E8 (0x00B31313) slli t1, t1, 0xb
x6 <- 0x0000000FD0220000

mem[X,0x00000000800002EC] -> 0x0313
mem[X,0x00000000800002EE] -> 0x02F3
[192] [M]: 0x00000000800002EC (0x02F30313) addi t1, t1, 0x2f
x6 <- 0x0000000FD022002F

mem[X,0x00000000800002F0] -> 0x1313
mem[X,0x00000000800002F2] -> 0x00B3
[193] [M]: 0x00000000800002F0 (0x00B31313) slli t1, t1, 0xb
x6 <- 0x00007E8110017800

mem[X,0x00000000800002F4] -> 0x0313
mem[X,0x00000000800002F6] -> 0x3FE3
[194] [M]: 0x00000000800002F4 (0x3FE30313) addi t1, t1, 0x3fe
x6 <- 0x00007E8110017BFE

mem[X,0x00000000800002F8] -> 0x1313
mem[X,0x00000000800002FA] -> 0x00A3
[195] [M]: 0x00000000800002F8 (0x00A31313) slli t1, t1, 0xa
x6 <- 0x01FA044005EFF800

mem[X,0x00000000800002FC] -> 0x0313
mem[X,0x00000000800002FE] -> 0x0043
[196] [M]: 0x00000000800002FC (0x00430313) addi t1, t1, 0x4
x6 <- 0x01FA044005EFF804

mem[X,0x0000000080000300] -> 0x033B
mem[X,0x0000000080000302] -> 0xBC63
[197] [M]: 0x0000000080000300 (0xBC63033B) paaddu.b t1, t1, t1
x6 <- 0x01FA044005EFF804

mem[X,0x0000000080000304] -> 0xB023
mem[X,0x0000000080000306] -> 0x0262
[198] [M]: 0x0000000080000304 (0x0262B023) sd t1, 0x20(t0)
mem[0x0000000080004138] <- 0x01FA044005EFF804

mem[X,0x0000000080000308] -> 0x0E37
mem[X,0x000000008000030A] -> 0x5511
[199] [M]: 0x0000000080000308 (0x55110E37) lui t3, 0x55110
x28 <- 0x0000000055110000

clint::tick mtime <- 0x0000000000000002
 clint timer pending at mtime 0x0000000000000002
htif::tick 0x0000000000000000
mem[X,0x000000008000030C] -> 0x0E13
mem[X,0x000000008000030E] -> 0xC07E
[200] [M]: 0x000000008000030C (0xC07E0E13) addi t3, t3, -0x3f9
x28 <- 0x000000005510FC07

mem[X,0x0000000080000310] -> 0x1E13
mem[X,0x0000000080000312] -> 0x00BE
[201] [M]: 0x0000000080000310 (0x00BE1E13) slli t3, t3, 0xb
x28 <- 0x000002A887E03800

mem[X,0x0000000080000314] -> 0x0E13
mem[X,0x0000000080000316] -> 0x7C7E
[202] [M]: 0x0000000080000314 (0x7C7E0E13) addi t3, t3, 0x7c7
x28 <- 0x000002A887E03FC7

mem[X,0x0000000080000318] -> 0x1E13
mem[X,0x000000008000031A] -> 0x00BE
[203] [M]: 0x0000000080000318 (0x00BE1E13) slli t3, t3, 0xb
x28 <- 0x0015443F01FE3800

mem[X,0x000000008000031C] -> 0x0E13
mem[X,0x000000008000031E] -> 0x7FFE
[204] [M]: 0x000000008000031C (0x7FFE0E13) addi t3, t3, 0x7ff
x28 <- 0x0015443F01FE3FFF

mem[X,0x0000000080000320] -> 0x1E13
mem[X,0x0000000080000322] -> 0x00AE
[205] [M]: 0x0000000080000320 (0x00AE1E13) slli t3, t3, 0xa
x28 <- 0x5510FC07F8FFFC00

mem[X,0x0000000080000324] -> 0x0E13
mem[X,0x0000000080000326] -> 0x302E
[206] [M]: 0x0000000080000324 (0x302E0E13) addi t3, t3, 0x302
x28 <- 0x5510FC07F8FFFF02

mem[X,0x0000000080000328] -> 0x07B7
mem[X,0x000000008000032A] -> 0xFDE0
[207] [M]: 0x0000000080000328 (0xFDE007B7) lui a5, -0x2200
x15 <- 0xFFFFFFFFFDE00000

mem[X,0x000000008000032C] -> 0x8793
mem[X,0x000000008000032E] -> 0xDF87
[208] [M]: 0x000000008000032C (0xDF878793) addi a5, a5, -0x208
x15 <- 0xFFFFFFFFFDDFFDF8

mem[X,0x0000000080000330] -> 0x9793
mem[X,0x0000000080000332] -> 0x00B7
[209] [M]: 0x0000000080000330 (0x00B79793) slli a5, a5, 0xb
x15 <- 0xFFFFFFEEFFEFC000

mem[X,0x0000000080000334] -> 0x8793
mem[X,0x0000000080000336] -> 0x0807
[210] [M]: 0x0000000080000334 (0x08078793) addi a5, a5, 0x80
x15 <- 0xFFFFFFEEFFEFC080

mem[X,0x0000000080000338] -> 0x9793
mem[X,0x000000008000033A] -> 0x00B7
[211] [M]: 0x0000000080000338 (0x00B79793) slli a5, a5, 0xb
x15 <- 0xFFFF77FF7E040000

mem[X,0x000000008000033C] -> 0x8793
mem[X,0x000000008000033E] -> 0x1017
[212] [M]: 0x000000008000033C (0x10178793) addi a5, a5, 0x101
x15 <- 0xFFFF77FF7E040101

mem[X,0x0000000080000340] -> 0x9793
mem[X,0x0000000080000342] -> 0x00A7
[213] [M]: 0x0000000080000340 (0x00A79793) slli a5, a5, 0xa
x15 <- 0xFDDFFDF810040400

mem[X,0x0000000080000344] -> 0x8793
mem[X,0x0000000080000346] -> 0x3C07
[214] [M]: 0x0000000080000344 (0x3C078793) addi a5, a5, 0x3c0
x15 <- 0xFDDFFDF8100407C0

mem[X,0x0000000080000348] -> 0x06BB
mem[X,0x000000008000034A] -> 0xBCFE
[215] [M]: 0x0000000080000348 (0xBCFE06BB) paaddu.b a3, t3, a5
x13 <- 0xA977FC7F84818361

mem[X,0x000000008000034C] -> 0xB423
mem[X,0x000000008000034E] -> 0x02D2
[216] [M]: 0x000000008000034C (0x02D2B423) sd a3, 0x28(t0)
mem[0x0000000080004140] <- 0xA977FC7F84818361

mem[X,0x0000000080000350] -> 0x4D37
mem[X,0x0000000080000352] -> 0xF9FA
[217] [M]: 0x0000000080000350 (0xF9FA4D37) lui s10, -0x605c
x26 <- 0xFFFFFFFFF9FA4000

mem[X,0x0000000080000354] -> 0x0D13
mem[X,0x0000000080000356] -> 0xFFED
[218] [M]: 0x0000000080000354 (0xFFED0D13) addi s10, s10, -0x2
x26 <- 0xFFFFFFFFF9FA3FFE

mem[X,0x0000000080000358] -> 0x1D13
mem[X,0x000000008000035A] -> 0x00BD
[219] [M]: 0x0000000080000358 (0x00BD1D13) slli s10, s10, 0xb
x26 <- 0xFFFFFFCFD1FFF000

mem[X,0x000000008000035C] -> 0x0D13
mem[X,0x000000008000035E] -> 0x081D
[220] [M]: 0x000000008000035C (0x081D0D13) addi s10, s10, 0x81
x26 <- 0xFFFFFFCFD1FFF081

mem[X,0x0000000080000360] -> 0x1D13
mem[X,0x0000000080000362] -> 0x00BD
[221] [M]: 0x0000000080000360 (0x00BD1D13) slli s10, s10, 0xb
x26 <- 0xFFFE7E8FFF840800

mem[X,0x0000000080000364] -> 0x0D13
mem[X,0x0000000080000366] -> 0x7C1D
[222] [M]: 0x0000000080000364 (0x7C1D0D13) addi s10, s10, 0x7c1
x26 <- 0xFFFE7E8FFF840FC1

mem[X,0x0000000080000368] -> 0x1D13
mem[X,0x000000008000036A] -> 0x00AD
[223] [M]: 0x0000000080000368 (0x00AD1D13) slli s10, s10, 0xa
x26 <- 0xF9FA3FFE103F0400

mem[X,0x000000008000036C] -> 0x0D13
mem[X,0x000000008000036E] -> 0x104D
[224] [M]: 0x000000008000036C (0x104D0D13) addi s10, s10, 0x104
x26 <- 0xF9FA3FFE103F0504

mem[X,0x0000000080000370] -> 0x0EB7
mem[X,0x0000000080000372] -> 0xF9BF
[225] [M]: 0x0000000080000370 (0xF9BF0EB7) lui t4, -0x6410
x29 <- 0xFFFFFFFFF9BF0000

mem[X,0x0000000080000374] -> 0x8E93
mem[X,0x0000000080000376] -> 0x2F9E
[226] [M]: 0x0000000080000374 (0x2F9E8E93) addi t4, t4, 0x2f9
x29 <- 0xFFFFFFFFF9BF02F9

mem[X,0x0000000080000378] -> 0x9E93
mem[X,0x000000008000037A] -> 0x00BE
[227] [M]: 0x0000000080000378 (0x00BE9E93) slli t4, t4, 0xb
x29 <- 0xFFFFFFCDF817C800

mem[X,0x000000008000037C] -> 0x8E93
mem[X,0x000000008000037E] -> 0x7F7E
[228] [M]: 0x000000008000037C (0x7F7E8E93) addi t4, t4, 0x7f7
x29 <- 0xFFFFFFCDF817CFF7

mem[X,0x0000000080000380] -> 0x9E93
mem[X,0x0000000080000382] -> 0x00BE
[229] [M]: 0x0000000080000380 (0x00BE9E93) slli t4, t4, 0xb
x29 <- 0xFFFE6FC0BE7FB800

mem[X,0x0000000080000384] -> 0x8E93
mem[X,0x0000000080000386] -> 0x6CFE
[230] [M]: 0x0000000080000384 (0x6CFE8E93) addi t4, t4, 0x6cf
x29 <- 0xFFFE6FC0BE7FBECF

mem[X,0x0000000080000388] -> 0x9E93
mem[X,0x000000008000038A] -> 0x00AE
[231] [M]: 0x0000000080000388 (0x00AE9E93) slli t4, t4, 0xa
x29 <- 0xF9BF02F9FEFB3C00

mem[X,0x000000008000038C] -> 0x8E93
mem[X,0x000000008000038E] -> 0x3EFE
[232] [M]: 0x000000008000038C (0x3EFE8E93) addi t4, t4, 0x3ef
x29 <- 0xF9BF02F9FEFB3FEF

mem[X,0x0000000080000390] -> 0x0FBB
mem[X,0x0000000080000392] -> 0xBDDD
[233] [M]: 0x0000000080000390 (0xBDDD0FBB) paaddu.b t6, s10, t4
x31 <- 0xF9DC20FB879D2279

mem[X,0x0000000080000394] -> 0xB823
mem[X,0x0000000080000396] -> 0x03F2
[234] [M]: 0x0000000080000394 (0x03F2B823) sd t6, 0x30(t0)
mem[0x0000000080004148] <- 0xF9DC20FB879D2279

mem[X,0x0000000080000398] -> 0x05B7
mem[X,0x000000008000039A] -> 0xFF05
[235] [M]: 0x0000000080000398 (0xFF0505B7) lui a1, -0xfb0
x11 <- 0xFFFFFFFFFF050000

mem[X,0x000000008000039C] -> 0x8593
mem[X,0x000000008000039E] -> 0xA205
[236] [M]: 0x000000008000039C (0xA2058593) addi a1, a1, -0x5e0
x11 <- 0xFFFFFFFFFF04FA20

mem[X,0x00000000800003A0] -> 0x9593
mem[X,0x00000000800003A2] -> 0x00B5
[237] [M]: 0x00000000800003A0 (0x00B59593) slli a1, a1, 0xb
x11 <- 0xFFFFFFF827D10000

mem[X,0x00000000800003A4] -> 0x8593
mem[X,0x00000000800003A6] -> 0x7FA5
[238] [M]: 0x00000000800003A4 (0x7FA58593) addi a1, a1, 0x7fa
x11 <- 0xFFFFFFF827D107FA

mem[X,0x00000000800003A8] -> 0x9593
mem[X,0x00000000800003AA] -> 0x00B5
[239] [M]: 0x00000000800003A8 (0x00B59593) slli a1, a1, 0xb
x11 <- 0xFFFFC13E883FD000

mem[X,0x00000000800003AC] -> 0x8593
mem[X,0x00000000800003AE] -> 0x03F5
[240] [M]: 0x00000000800003AC (0x03F58593) addi a1, a1, 0x3f
x11 <- 0xFFFFC13E883FD03F

mem[X,0x00000000800003B0] -> 0x9593
mem[X,0x00000000800003B2] -> 0x00A5
[241] [M]: 0x00000000800003B0 (0x00A59593) slli a1, a1, 0xa
x11 <- 0xFF04FA20FF40FC00

mem[X,0x00000000800003B4] -> 0x8593
mem[X,0x00000000800003B6] -> 0x1085
[242] [M]: 0x00000000800003B4 (0x10858593) addi a1, a1, 0x108
x11 <- 0xFF04FA20FF40FD08

mem[X,0x00000000800003B8] -> 0x11B7
mem[X,0x00000000800003BA] -> 0x3FFA
[243] [M]: 0x00000000800003B8 (0x3FFA11B7) lui gp, 0x3ffa1
x3 <- 0x000000003FFA1000

mem[X,0x00000000800003BC] -> 0x8193
mem[X,0x00000000800003BE] -> 0x0051
[244] [M]: 0x00000000800003BC (0x00518193) addi gp, gp, 0x5
x3 <- 0x000000003FFA1005

mem[X,0x00000000800003C0] -> 0x9193
mem[X,0x00000000800003C2] -> 0x00B1
[245] [M]: 0x00000000800003C0 (0x00B19193) slli gp, gp, 0xb
x3 <- 0x000001FFD0802800

mem[X,0x00000000800003C4] -> 0x8193
mem[X,0x00000000800003C6] -> 0x7DF1
[246] [M]: 0x00000000800003C4 (0x7DF18193) addi gp, gp, 0x7df
x3 <- 0x000001FFD0802FDF

mem[X,0x00000000800003C8] -> 0x9193
mem[X,0x00000000800003CA] -> 0x00B1
[247] [M]: 0x00000000800003C8 (0x00B19193) slli gp, gp, 0xb
x3 <- 0x000FFE84017EF800

mem[X,0x00000000800003CC] -> 0x8193
mem[X,0x00000000800003CE] -> 0x7811
[248] [M]: 0x00000000800003CC (0x78118193) addi gp, gp, 0x781
x3 <- 0x000FFE84017EFF81

mem[X,0x00000000800003D0] -> 0x9193
mem[X,0x00000000800003D2] -> 0x00A1
[249] [M]: 0x00000000800003D0 (0x00A19193) slli gp, gp, 0xa
x3 <- 0x3FFA1005FBFE0400

mem[X,0x00000000800003D4] -> 0x8193
mem[X,0x00000000800003D6] -> 0x3DF1
[250] [M]: 0x00000000800003D4 (0x3DF18193) addi gp, gp, 0x3df
x3 <- 0x3FFA1005FBFE07DF

mem[X,0x00000000800003D8] -> 0x803B
mem[X,0x00000000800003DA] -> 0xBC35
[251] [M]: 0x00000000800003D8 (0xBC35803B) paaddu.b zero, a1, gp

mem[X,0x00000000800003DC] -> 0xBC23
mem[X,0x00000000800003DE] -> 0x0202
[252] [M]: 0x00000000800003DC (0x0202BC23) sd zero, 0x38(t0)
mem[0x0000000080004150] <- 0x0000000000000000

mem[X,0x00000000800003E0] -> 0x0737
mem[X,0x00000000800003E2] -> 0xF808
[253] [M]: 0x00000000800003E0 (0xF8080737) lui a4, -0x7f80
x14 <- 0xFFFFFFFFF8080000

mem[X,0x00000000800003E4] -> 0x0713
mem[X,0x00000000800003E6] -> 0x2407
[254] [M]: 0x00000000800003E4 (0x24070713) addi a4, a4, 0x240
x14 <- 0xFFFFFFFFF8080240

mem[X,0x00000000800003E8] -> 0x1713
mem[X,0x00000000800003EA] -> 0x00B7
[255] [M]: 0x00000000800003E8 (0x00B71713) slli a4, a4, 0xb
x14 <- 0xFFFFFFC040120000

mem[X,0x00000000800003EC] -> 0x0713
mem[X,0x00000000800003EE] -> 0x0377
[256] [M]: 0x00000000800003EC (0x03770713) addi a4, a4, 0x37
x14 <- 0xFFFFFFC040120037

mem[X,0x00000000800003F0] -> 0x1713
mem[X,0x00000000800003F2] -> 0x00B7
[257] [M]: 0x00000000800003F0 (0x00B71713) slli a4, a4, 0xb
x14 <- 0xFFFE02009001B800

mem[X,0x00000000800003F4] -> 0x0713
mem[X,0x00000000800003F6] -> 0x6817
[258] [M]: 0x00000000800003F4 (0x68170713) addi a4, a4, 0x681
x14 <- 0xFFFE02009001BE81

mem[X,0x00000000800003F8] -> 0x1713
mem[X,0x00000000800003FA] -> 0x00A7
[259] [M]: 0x00000000800003F8 (0x00A71713) slli a4, a4, 0xa
x14 <- 0xF808024006FA0400

mem[X,0x00000000800003FC] -> 0x0713
mem[X,0x00000000800003FE] -> 0x1107
[260] [M]: 0x00000000800003FC (0x11070713) addi a4, a4, 0x110
x14 <- 0xF808024006FA0510

mem[X,0x0000000080000400] -> 0x0D37
mem[X,0x0000000080000402] -> 0xFEC0
[261] [M]: 0x0000000080000400 (0xFEC00D37) lui s10, -0x1400
x26 <- 0xFFFFFFFFFEC00000

mem[X,0x0000000080000404] -> 0x0D13
mem[X,0x0000000080000406] -> 0x003D
[262] [M]: 0x0000000080000404 (0x003D0D13) addi s10, s10, 0x3
x26 <- 0xFFFFFFFFFEC00003

mem[X,0x0000000080000408] -> 0x1D13
mem[X,0x000000008000040A] -> 0x00BD
[263] [M]: 0x0000000080000408 (0x00BD1D13) slli s10, s10, 0xb
x26 <- 0xFFFFFFF600001800

mem[X,0x000000008000040C] -> 0x0D13
mem[X,0x000000008000040E] -> 0x027D
[264] [M]: 0x000000008000040C (0x027D0D13) addi s10, s10, 0x27
x26 <- 0xFFFFFFF600001827

mem[X,0x0000000080000410] -> 0x1D13
mem[X,0x0000000080000412] -> 0x00BD
[265] [M]: 0x0000000080000410 (0x00BD1D13) slli s10, s10, 0xb
x26 <- 0xFFFFB00000C13800

mem[X,0x0000000080000414] -> 0x0D13
mem[X,0x0000000080000416] -> 0x680D
[266] [M]: 0x0000000080000414 (0x680D0D13) addi s10, s10, 0x680
x26 <- 0xFFFFB00000C13E80

mem[X,0x0000000080000418] -> 0x1D13
mem[X,0x000000008000041A] -> 0x00AD
[267] [M]: 0x0000000080000418 (0x00AD1D13) slli s10, s10, 0xa
x26 <- 0xFEC0000304FA0000

mem[X,0x000000008000041C] -> 0x0D13
mem[X,0x000000008000041E] -> 0x310D
[268] [M]: 0x000000008000041C (0x310D0D13) addi s10, s10, 0x310
x26 <- 0xFEC0000304FA0310

mem[X,0x0000000080000420] -> 0x083B
mem[X,0x0000000080000422] -> 0xBDA7
[269] [M]: 0x0000000080000420 (0xBDA7083B) paaddu.b a6, a4, s10
x16 <- 0xFB64012105FA0410

mem[X,0x0000000080000424] -> 0xB023
mem[X,0x0000000080000426] -> 0x0502
[270] [M]: 0x0000000080000424 (0x0502B023) sd a6, 0x40(t0)
mem[0x0000000080004158] <- 0xFB64012105FA0410

mem[X,0x0000000080000428] -> 0x0F37
mem[X,0x000000008000042A] -> 0xFFFB
[271] [M]: 0x0000000080000428 (0xFFFB0F37) lui t5, -0x50
x30 <- 0xFFFFFFFFFFFB0000

mem[X,0x000000008000042C] -> 0x0F13
mem[X,0x000000008000042E] -> 0x8BFF
[272] [M]: 0x000000008000042C (0x8BFF0F13) addi t5, t5, -0x741
x30 <- 0xFFFFFFFFFFFAF8BF

mem[X,0x0000000080000430] -> 0x1F13
mem[X,0x0000000080000432] -> 0x00BF
[273] [M]: 0x0000000080000430 (0x00BF1F13) slli t5, t5, 0xb
x30 <- 0xFFFFFFFFD7C5F800

mem[X,0x0000000080000434] -> 0x0F13
mem[X,0x0000000080000436] -> 0x3F8F
[274] [M]: 0x0000000080000434 (0x3F8F0F13) addi t5, t5, 0x3f8
x30 <- 0xFFFFFFFFD7C5FBF8

mem[X,0x0000000080000438] -> 0x1F13
mem[X,0x000000008000043A] -> 0x00BF
[275] [M]: 0x0000000080000438 (0x00BF1F13) slli t5, t5, 0xb
x30 <- 0xFFFFFEBE2FDFC000

mem[X,0x000000008000043C] -> 0x0F13
mem[X,0x000000008000043E] -> 0x0FFF
[276] [M]: 0x000000008000043C (0x0FFF0F13) addi t5, t5, 0xff
x30 <- 0xFFFFFEBE2FDFC0FF

mem[X,0x0000000080000440] -> 0x1F13
mem[X,0x0000000080000442] -> 0x00AF
[277] [M]: 0x0000000080000440 (0x00AF1F13) slli t5, t5, 0xa
x30 <- 0xFFFAF8BF7F03FC00

mem[X,0x0000000080000444] -> 0x0F13
mem[X,0x0000000080000446] -> 0x320F
[278] [M]: 0x0000000080000444 (0x320F0F13) addi t5, t5, 0x320
x30 <- 0xFFFAF8BF7F03FF20

mem[X,0x0000000080000448] -> 0x0A37
mem[X,0x000000008000044A] -> 0xF7F6
[279] [M]: 0x0000000080000448 (0xF7F60A37) lui s4, -0x80a0
x20 <- 0xFFFFFFFFF7F60000

mem[X,0x000000008000044C] -> 0x0A13
mem[X,0x000000008000044E] -> 0x102A
[280] [M]: 0x000000008000044C (0x102A0A13) addi s4, s4, 0x102
x20 <- 0xFFFFFFFFF7F60102

mem[X,0x0000000080000450] -> 0x1A13
mem[X,0x0000000080000452] -> 0x00BA
[281] [M]: 0x0000000080000450 (0x00BA1A13) slli s4, s4, 0xb
x20 <- 0xFFFFFFBFB0081000

mem[X,0x0000000080000454] -> 0x0A13
mem[X,0x0000000080000456] -> 0x020A
[282] [M]: 0x0000000080000454 (0x020A0A13) addi s4, s4, 0x20
x20 <- 0xFFFFFFBFB0081020

mem[X,0x0000000080000458] -> 0x1A13
mem[X,0x000000008000045A] -> 0x00BA
[283] [M]: 0x0000000080000458 (0x00BA1A13) slli s4, s4, 0xb
x20 <- 0xFFFDFD8040810000

mem[X,0x000000008000045C] -> 0x0A13
mem[X,0x000000008000045E] -> 0x18FA
[284] [M]: 0x000000008000045C (0x18FA0A13) addi s4, s4, 0x18f
x20 <- 0xFFFDFD804081018F

mem[X,0x0000000080000460] -> 0x1A13
mem[X,0x0000000080000462] -> 0x00AA
[285] [M]: 0x0000000080000460 (0x00AA1A13) slli s4, s4, 0xa
x20 <- 0xF7F6010204063C00

mem[X,0x0000000080000464] -> 0x0A13
mem[X,0x0000000080000466] -> 0x301A
[286] [M]: 0x0000000080000464 (0x301A0A13) addi s4, s4, 0x301
x20 <- 0xF7F6010204063F01

mem[X,0x0000000080000468] -> 0x023B
mem[X,0x000000008000046A] -> 0xBD4F
[287] [M]: 0x0000000080000468 (0xBD4F023B) paaddu.b tp, t5, s4
x4 <- 0xFBF87C6041049F10

mem[X,0x000000008000046C] -> 0xB423
mem[X,0x000000008000046E] -> 0x0442
[288] [M]: 0x000000008000046C (0x0442B423) sd tp, 0x48(t0)
mem[0x0000000080004160] <- 0xFBF87C6041049F10

mem[X,0x0000000080000470] -> 0x0037
mem[X,0x0000000080000472] -> 0xFB40
[289] [M]: 0x0000000080000470 (0xFB400037) lui zero, -0x4c00

mem[X,0x0000000080000474] -> 0x0013
mem[X,0x0000000080000476] -> 0x7FB0
[290] [M]: 0x0000000080000474 (0x7FB00013) addi zero, zero, 0x7fb

mem[X,0x0000000080000478] -> 0x1013
mem[X,0x000000008000047A] -> 0x00B0
[291] [M]: 0x0000000080000478 (0x00B01013) slli zero, zero, 0xb

mem[X,0x000000008000047C] -> 0x0013
mem[X,0x000000008000047E] -> 0x3F80
[292] [M]: 0x000000008000047C (0x3F800013) addi zero, zero, 0x3f8

mem[X,0x0000000080000480] -> 0x1013
mem[X,0x0000000080000482] -> 0x00B0
[293] [M]: 0x0000000080000480 (0x00B01013) slli zero, zero, 0xb

mem[X,0x0000000080000484] -> 0x0013
mem[X,0x0000000080000486] -> 0x13F0
[294] [M]: 0x0000000080000484 (0x13F00013) addi zero, zero, 0x13f

mem[X,0x0000000080000488] -> 0x1013
mem[X,0x000000008000048A] -> 0x00A0
[295] [M]: 0x0000000080000488 (0x00A01013) slli zero, zero, 0xa

mem[X,0x000000008000048C] -> 0x0013
mem[X,0x000000008000048E] -> 0x3400
[296] [M]: 0x000000008000048C (0x34000013) addi zero, zero, 0x340

mem[X,0x0000000080000490] -> 0x09B7
mem[X,0x0000000080000492] -> 0xFD07
[297] [M]: 0x0000000080000490 (0xFD0709B7) lui s3, -0x2f90
x19 <- 0xFFFFFFFFFD070000

mem[X,0x0000000080000494] -> 0x8993
mem[X,0x0000000080000496] -> 0xD079
[298] [M]: 0x0000000080000494 (0xD0798993) addi s3, s3, -0x2f9
x19 <- 0xFFFFFFFFFD06FD07

mem[X,0x0000000080000498] -> 0x9993
mem[X,0x000000008000049A] -> 0x00B9
[299] [M]: 0x0000000080000498 (0x00B99993) slli s3, s3, 0xb
x19 <- 0xFFFFFFE837E83800

clint::tick mtime <- 0x0000000000000003
 clint timer pending at mtime 0x0000000000000003
htif::tick 0x0000000000000000
mem[X,0x000000008000049C] -> 0x8993
mem[X,0x000000008000049E] -> 0x7D09
[300] [M]: 0x000000008000049C (0x7D098993) addi s3, s3, 0x7d0
x19 <- 0xFFFFFFE837E83FD0

mem[X,0x00000000800004A0] -> 0x9993
mem[X,0x00000000800004A2] -> 0x00B9
[301] [M]: 0x00000000800004A0 (0x00B99993) slli s3, s3, 0xb
x19 <- 0xFFFF41BF41FE8000

mem[X,0x00000000800004A4] -> 0x8993
mem[X,0x00000000800004A6] -> 0x1FB9
[302] [M]: 0x00000000800004A4 (0x1FB98993) addi s3, s3, 0x1fb
x19 <- 0xFFFF41BF41FE81FB

mem[X,0x00000000800004A8] -> 0x9993
mem[X,0x00000000800004AA] -> 0x00A9
[303] [M]: 0x00000000800004A8 (0x00A99993) slli s3, s3, 0xa
x19 <- 0xFD06FD07FA07EC00

mem[X,0x00000000800004AC] -> 0x8993
mem[X,0x00000000800004AE] -> 0x3039
[304] [M]: 0x00000000800004AC (0x30398993) addi s3, s3, 0x303
x19 <- 0xFD06FD07FA07EF03

mem[X,0x00000000800004B0] -> 0x0CBB
mem[X,0x00000000800004B2] -> 0xBD30
[305] [M]: 0x00000000800004B0 (0xBD300CBB) paaddu.b s9, zero, s3
x25 <- 0x7E037E037D037701

mem[X,0x00000000800004B4] -> 0xB823
mem[X,0x00000000800004B6] -> 0x0592
[306] [M]: 0x00000000800004B4 (0x0592B823) sd s9, 0x50(t0)
mem[0x0000000080004168] <- 0x7E037E037D037701

mem[X,0x00000000800004B8] -> 0x0237
mem[X,0x00000000800004BA] -> 0xFDF0
[307] [M]: 0x00000000800004B8 (0xFDF00237) lui tp, -0x2100
x4 <- 0xFFFFFFFFFDF00000

mem[X,0x00000000800004BC] -> 0x0213
mem[X,0x00000000800004BE] -> 0xC042
[308] [M]: 0x00000000800004BC (0xC0420213) addi tp, tp, -0x3fc
x4 <- 0xFFFFFFFFFDEFFC04

mem[X,0x00000000800004C0] -> 0x1213
mem[X,0x00000000800004C2] -> 0x00B2
[309] [M]: 0x00000000800004C0 (0x00B21213) slli tp, tp, 0xb
x4 <- 0xFFFFFFEF7FE02000

mem[X,0x00000000800004C4] -> 0x0213
mem[X,0x00000000800004C6] -> 0x0802
[310] [M]: 0x00000000800004C4 (0x08020213) addi tp, tp, 0x80
x4 <- 0xFFFFFFEF7FE02080

mem[X,0x00000000800004C8] -> 0x1213
mem[X,0x00000000800004CA] -> 0x00B2
[311] [M]: 0x00000000800004C8 (0x00B21213) slli tp, tp, 0xb
x4 <- 0xFFFF7BFF01040000

mem[X,0x00000000800004CC] -> 0x0213
mem[X,0x00000000800004CE] -> 0x4012
[312] [M]: 0x00000000800004CC (0x40120213) addi tp, tp, 0x401
x4 <- 0xFFFF7BFF01040401

mem[X,0x00000000800004D0] -> 0x1213
mem[X,0x00000000800004D2] -> 0x00A2
[313] [M]: 0x00000000800004D0 (0x00A21213) slli tp, tp, 0xa
x4 <- 0xFDEFFC0410100400

mem[X,0x00000000800004D4] -> 0x0213
mem[X,0x00000000800004D6] -> 0x1FE2
[314] [M]: 0x00000000800004D4 (0x1FE20213) addi tp, tp, 0x1fe
x4 <- 0xFDEFFC04101005FE

mem[X,0x00000000800004D8] -> 0x0BB7
mem[X,0x00000000800004DA] -> 0xFBF0
[315] [M]: 0x00000000800004D8 (0xFBF00BB7) lui s7, -0x4100
x23 <- 0xFFFFFFFFFBF00000

mem[X,0x00000000800004DC] -> 0x8B93
mem[X,0x00000000800004DE] -> 0xDFBB
[316] [M]: 0x00000000800004DC (0xDFBB8B93) addi s7, s7, -0x205
x23 <- 0xFFFFFFFFFBEFFDFB

mem[X,0x00000000800004E0] -> 0x9B93
mem[X,0x00000000800004E2] -> 0x00BB
[317] [M]: 0x00000000800004E0 (0x00BB9B93) slli s7, s7, 0xb
x23 <- 0xFFFFFFDF7FEFD800

mem[X,0x00000000800004E4] -> 0x8B93
mem[X,0x00000000800004E6] -> 0x1F8B
[318] [M]: 0x00000000800004E4 (0x1F8B8B93) addi s7, s7, 0x1f8
x23 <- 0xFFFFFFDF7FEFD9F8

mem[X,0x00000000800004E8] -> 0x9B93
mem[X,0x00000000800004EA] -> 0x00BB
[319] [M]: 0x00000000800004E8 (0x00BB9B93) slli s7, s7, 0xb
x23 <- 0xFFFEFBFF7ECFC000

mem[X,0x00000000800004EC] -> 0x8B93
mem[X,0x00000000800004EE] -> 0x1FEB
[320] [M]: 0x00000000800004EC (0x1FEB8B93) addi s7, s7, 0x1fe
x23 <- 0xFFFEFBFF7ECFC1FE

mem[X,0x00000000800004F0] -> 0x9B93
mem[X,0x00000000800004F2] -> 0x00AB
[321] [M]: 0x00000000800004F0 (0x00AB9B93) slli s7, s7, 0xa
x23 <- 0xFBEFFDFB3F07F800

mem[X,0x00000000800004F4] -> 0x8B93
mem[X,0x00000000800004F6] -> 0x020B
[322] [M]: 0x00000000800004F4 (0x020B8B93) addi s7, s7, 0x20
x23 <- 0xFBEFFDFB3F07F820

mem[X,0x00000000800004F8] -> 0x04BB
mem[X,0x00000000800004FA] -> 0xBD72
[323] [M]: 0x00000000800004F8 (0xBD7204BB) paaddu.b s1, tp, s7
x9 <- 0xFCEFFC7F270B7E8F

mem[X,0x00000000800004FC] -> 0xBC23
mem[X,0x00000000800004FE] -> 0x0492
[324] [M]: 0x00000000800004FC (0x0492BC23) sd s1, 0x58(t0)
mem[0x0000000080004170] <- 0xFCEFFC7F270B7E8F

mem[X,0x0000000080000500] -> 0xFBB7
mem[X,0x0000000080000502] -> 0xAAAA
[325] [M]: 0x0000000080000500 (0xAAAAFBB7) lui s7, -0x55551
x23 <- 0xFFFFFFFFAAAAF000

mem[X,0x0000000080000504] -> 0x8B93
mem[X,0x0000000080000506] -> 0xF01B
[326] [M]: 0x0000000080000504 (0xF01B8B93) addi s7, s7, -0xff
x23 <- 0xFFFFFFFFAAAAEF01

mem[X,0x0000000080000508] -> 0x9B93
mem[X,0x000000008000050A] -> 0x00BB
[327] [M]: 0x0000000080000508 (0x00BB9B93) slli s7, s7, 0xb
x23 <- 0xFFFFFD5557780800

mem[X,0x000000008000050C] -> 0x8B93
mem[X,0x000000008000050E] -> 0x7D8B
[328] [M]: 0x000000008000050C (0x7D8B8B93) addi s7, s7, 0x7d8
x23 <- 0xFFFFFD5557780FD8

mem[X,0x0000000080000510] -> 0x9B93
mem[X,0x0000000080000512] -> 0x00BB
[329] [M]: 0x0000000080000510 (0x00BB9B93) slli s7, s7, 0xb
x23 <- 0xFFEAAABBC07EC000

mem[X,0x0000000080000514] -> 0x8B93
mem[X,0x0000000080000516] -> 0x041B
[330] [M]: 0x0000000080000514 (0x041B8B93) addi s7, s7, 0x41
x23 <- 0xFFEAAABBC07EC041

mem[X,0x0000000080000518] -> 0x9B93
mem[X,0x000000008000051A] -> 0x00AB
[331] [M]: 0x0000000080000518 (0x00AB9B93) slli s7, s7, 0xa
x23 <- 0xAAAAEF01FB010400

mem[X,0x000000008000051C] -> 0x8B93
mem[X,0x000000008000051E] -> 0x3FDB
[332] [M]: 0x000000008000051C (0x3FDB8B93) addi s7, s7, 0x3fd
x23 <- 0xAAAAEF01FB0107FD

mem[X,0x0000000080000520] -> 0x0FB7
mem[X,0x0000000080000522] -> 0x7FC0
[333] [M]: 0x0000000080000520 (0x7FC00FB7) lui t6, 0x7fc00
x31 <- 0x000000007FC00000

mem[X,0x0000000080000524] -> 0x8F93
mem[X,0x0000000080000526] -> 0xF03F
[334] [M]: 0x0000000080000524 (0xF03F8F93) addi t6, t6, -0xfd
x31 <- 0x000000007FBFFF03

mem[X,0x0000000080000528] -> 0x9F93
mem[X,0x000000008000052A] -> 0x00BF
[335] [M]: 0x0000000080000528 (0x00BF9F93) slli t6, t6, 0xb
x31 <- 0x000003FDFFF81800

mem[X,0x000000008000052C] -> 0x8F93
mem[X,0x000000008000052E] -> 0x087F
[336] [M]: 0x000000008000052C (0x087F8F93) addi t6, t6, 0x87
x31 <- 0x000003FDFFF81887

mem[X,0x0000000080000530] -> 0x9F93
mem[X,0x0000000080000532] -> 0x00BF
[337] [M]: 0x0000000080000530 (0x00BF9F93) slli t6, t6, 0xb
x31 <- 0x001FEFFFC0C43800

mem[X,0x0000000080000534] -> 0x8F93
mem[X,0x0000000080000536] -> 0x6C0F
[338] [M]: 0x0000000080000534 (0x6C0F8F93) addi t6, t6, 0x6c0
x31 <- 0x001FEFFFC0C43EC0

mem[X,0x0000000080000538] -> 0x9F93
mem[X,0x000000008000053A] -> 0x00AF
[339] [M]: 0x0000000080000538 (0x00AF9F93) slli t6, t6, 0xa
x31 <- 0x7FBFFF0310FB0000

mem[X,0x000000008000053C] -> 0x8F93
mem[X,0x000000008000053E] -> 0x3FAF
[340] [M]: 0x000000008000053C (0x3FAF8F93) addi t6, t6, 0x3fa
x31 <- 0x7FBFFF0310FB03FA

mem[X,0x0000000080000540] -> 0x8E3B
mem[X,0x0000000080000542] -> 0xBDFB
[341] [M]: 0x0000000080000540 (0xBDFB8E3B) paaddu.b t3, s7, t6
x28 <- 0x94B4F702857E05FB

mem[X,0x0000000080000544] -> 0xB023
mem[X,0x0000000080000546] -> 0x07C2
[342] [M]: 0x0000000080000544 (0x07C2B023) sd t3, 0x60(t0)
mem[0x0000000080004178] <- 0x94B4F702857E05FB

mem[X,0x0000000080000548] -> 0x1CB7
mem[X,0x000000008000054A] -> 0xBFEF
[343] [M]: 0x0000000080000548 (0xBFEF1CB7) lui s9, -0x4010f
x25 <- 0xFFFFFFFFBFEF1000

mem[X,0x000000008000054C] -> 0x8C93
mem[X,0x000000008000054E] -> 0x0FCC
[344] [M]: 0x000000008000054C (0x0FCC8C93) addi s9, s9, 0xfc
x25 <- 0xFFFFFFFFBFEF10FC

mem[X,0x0000000080000550] -> 0x9C93
mem[X,0x0000000080000552] -> 0x00BC
[345] [M]: 0x0000000080000550 (0x00BC9C93) slli s9, s9, 0xb
x25 <- 0xFFFFFDFF7887E000

mem[X,0x0000000080000554] -> 0x8C93
mem[X,0x0000000080000556] -> 0x7C8C
[346] [M]: 0x0000000080000554 (0x7C8C8C93) addi s9, s9, 0x7c8
x25 <- 0xFFFFFDFF7887E7C8

mem[X,0x0000000080000558] -> 0x9C93
mem[X,0x000000008000055A] -> 0x00BC
[347] [M]: 0x0000000080000558 (0x00BC9C93) slli s9, s9, 0xb
x25 <- 0xFFEFFBC43F3E4000

mem[X,0x000000008000055C] -> 0x8C93
mem[X,0x000000008000055E] -> 0x000C
[348] [M]: 0x000000008000055C (0x000C8C93) addi s9, s9, 0x0
x25 <- 0xFFEFFBC43F3E4000

mem[X,0x0000000080000560] -> 0x9C93
mem[X,0x0000000080000562] -> 0x00AC
[349] [M]: 0x0000000080000560 (0x00AC9C93) slli s9, s9, 0xa
x25 <- 0xBFEF10FCF9000000

mem[X,0x0000000080000564] -> 0x8C93
mem[X,0x0000000080000566] -> 0x3FBC
[350] [M]: 0x0000000080000564 (0x3FBC8C93) addi s9, s9, 0x3fb
x25 <- 0xBFEF10FCF90003FB

mem[X,0x0000000080000568] -> 0x0037
mem[X,0x000000008000056A] -> 0x10FF
[351] [M]: 0x0000000080000568 (0x10FF0037) lui zero, 0x10ff0

mem[X,0x000000008000056C] -> 0x0013
mem[X,0x000000008000056E] -> 0xE020
[352] [M]: 0x000000008000056C (0xE0200013) addi zero, zero, -0x1fe

mem[X,0x0000000080000570] -> 0x1013
mem[X,0x0000000080000572] -> 0x00B0
[353] [M]: 0x0000000080000570 (0x00B01013) slli zero, zero, 0xb

mem[X,0x0000000080000574] -> 0x0013
mem[X,0x0000000080000576] -> 0x02C0
[354] [M]: 0x0000000080000574 (0x02C00013) addi zero, zero, 0x2c

mem[X,0x0000000080000578] -> 0x1013
mem[X,0x000000008000057A] -> 0x00B0
[355] [M]: 0x0000000080000578 (0x00B01013) slli zero, zero, 0xb

mem[X,0x000000008000057C] -> 0x0013
mem[X,0x000000008000057E] -> 0x03B0
[356] [M]: 0x000000008000057C (0x03B00013) addi zero, zero, 0x3b

mem[X,0x0000000080000580] -> 0x1013
mem[X,0x0000000080000582] -> 0x00A0
[357] [M]: 0x0000000080000580 (0x00A01013) slli zero, zero, 0xa

mem[X,0x0000000080000584] -> 0x0013
mem[X,0x0000000080000586] -> 0x3FB0
[358] [M]: 0x0000000080000584 (0x3FB00013) addi zero, zero, 0x3fb

mem[X,0x0000000080000588] -> 0x8B3B
mem[X,0x000000008000058A] -> 0xBC0C
[359] [M]: 0x0000000080000588 (0xBC0C8B3B) paaddu.b s6, s9, zero
x22 <- 0x5F77087E7C00017D

mem[X,0x000000008000058C] -> 0xB423
mem[X,0x000000008000058E] -> 0x0762
[360] [M]: 0x000000008000058C (0x0762B423) sd s6, 0x68(t0)
mem[0x0000000080004180] <- 0x5F77087E7C00017D

mem[X,0x0000000080000590] -> 0x0EB7
mem[X,0x0000000080000592] -> 0x5521
[361] [M]: 0x0000000080000590 (0x55210EB7) lui t4, 0x55210
x29 <- 0x0000000055210000

mem[X,0x0000000080000594] -> 0x8E93
mem[X,0x0000000080000596] -> 0xF06E
[362] [M]: 0x0000000080000594 (0xF06E8E93) addi t4, t4, -0xfa
x29 <- 0x000000005520FF06

mem[X,0x0000000080000598] -> 0x9E93
mem[X,0x000000008000059A] -> 0x00BE
[363] [M]: 0x0000000080000598 (0x00BE9E93) slli t4, t4, 0xb
x29 <- 0x000002A907F83000

mem[X,0x000000008000059C] -> 0x8E93
mem[X,0x000000008000059E] -> 0x7DFE
[364] [M]: 0x000000008000059C (0x7DFE8E93) addi t4, t4, 0x7df
x29 <- 0x000002A907F837DF

mem[X,0x00000000800005A0] -> 0x9E93
mem[X,0x00000000800005A2] -> 0x00BE
[365] [M]: 0x00000000800005A0 (0x00BE9E93) slli t4, t4, 0xb
x29 <- 0x0015483FC1BEF800

mem[X,0x00000000800005A4] -> 0x8E93
mem[X,0x00000000800005A6] -> 0x684E
[366] [M]: 0x00000000800005A4 (0x684E8E93) addi t4, t4, 0x684
x29 <- 0x0015483FC1BEFE84

mem[X,0x00000000800005A8] -> 0x9E93
mem[X,0x00000000800005AA] -> 0x00AE
[367] [M]: 0x00000000800005A8 (0x00AE9E93) slli t4, t4, 0xa
x29 <- 0x5520FF06FBFA1000

mem[X,0x00000000800005AC] -> 0x8E93
mem[X,0x00000000800005AE] -> 0x0F7E
[368] [M]: 0x00000000800005AC (0x0F7E8E93) addi t4, t4, 0xf7
x29 <- 0x5520FF06FBFA10F7

mem[X,0x00000000800005B0] -> 0x1137
mem[X,0x00000000800005B2] -> 0xFB01
[369] [M]: 0x00000000800005B0 (0xFB011137) lui sp, -0x4fef
x2 <- 0xFFFFFFFFFB011000

mem[X,0x00000000800005B4] -> 0x0113
mem[X,0x00000000800005B6] -> 0x9051
[370] [M]: 0x00000000800005B4 (0x90510113) addi sp, sp, -0x6fb
x2 <- 0xFFFFFFFFFB010905

mem[X,0x00000000800005B8] -> 0x1113
mem[X,0x00000000800005BA] -> 0x00B1
[371] [M]: 0x00000000800005B8 (0x00B11113) slli sp, sp, 0xb
x2 <- 0xFFFFFFD808482800

mem[X,0x00000000800005BC] -> 0x0113
mem[X,0x00000000800005BE] -> 0x7E01
[372] [M]: 0x00000000800005BC (0x7E010113) addi sp, sp, 0x7e0
x2 <- 0xFFFFFFD808482FE0

mem[X,0x00000000800005C0] -> 0x1113
mem[X,0x00000000800005C2] -> 0x00B1
[373] [M]: 0x00000000800005C0 (0x00B11113) slli sp, sp, 0xb
x2 <- 0xFFFEC042417F0000

mem[X,0x00000000800005C4] -> 0x0113
mem[X,0x00000000800005C6] -> 0x0011
[374] [M]: 0x00000000800005C4 (0x00110113) addi sp, sp, 0x1
x2 <- 0xFFFEC042417F0001

mem[X,0x00000000800005C8] -> 0x1113
mem[X,0x00000000800005CA] -> 0x00A1
[375] [M]: 0x00000000800005C8 (0x00A11113) slli sp, sp, 0xa
x2 <- 0xFB010905FC000400

mem[X,0x00000000800005CC] -> 0x0113
mem[X,0x00000000800005CE] -> 0x2FF1
[376] [M]: 0x00000000800005CC (0x2FF10113) addi sp, sp, 0x2ff
x2 <- 0xFB010905FC0006FF

mem[X,0x00000000800005D0] -> 0x8DBB
mem[X,0x00000000800005D2] -> 0xBC2E
[377] [M]: 0x00000000800005D0 (0xBC2E8DBB) paaddu.b s11, t4, sp
x27 <- 0xA8108405FB7D0BFB

mem[X,0x00000000800005D4] -> 0xB823
mem[X,0x00000000800005D6] -> 0x07B2
[378] [M]: 0x00000000800005D4 (0x07B2B823) sd s11, 0x70(t0)
mem[0x0000000080004188] <- 0xA8108405FB7D0BFB

mem[X,0x00000000800005D8] -> 0x4637
mem[X,0x00000000800005DA] -> 0xFC55
[379] [M]: 0x00000000800005D8 (0xFC554637) lui a2, -0x3aac
x12 <- 0xFFFFFFFFFC554000

mem[X,0x00000000800005DC] -> 0x0613
mem[X,0x00000000800005DE] -> 0xFF76
[380] [M]: 0x00000000800005DC (0xFF760613) addi a2, a2, -0x9
x12 <- 0xFFFFFFFFFC553FF7

mem[X,0x00000000800005E0] -> 0x1613
mem[X,0x00000000800005E2] -> 0x00B6
[381] [M]: 0x00000000800005E0 (0x00B61613) slli a2, a2, 0xb
x12 <- 0xFFFFFFE2A9FFB800

mem[X,0x00000000800005E4] -> 0x0613
mem[X,0x00000000800005E6] -> 0x7DE6
[382] [M]: 0x00000000800005E4 (0x7DE60613) addi a2, a2, 0x7de
x12 <- 0xFFFFFFE2A9FFBFDE

mem[X,0x00000000800005E8] -> 0x1613
mem[X,0x00000000800005EA] -> 0x00B6
[383] [M]: 0x00000000800005E8 (0x00B61613) slli a2, a2, 0xb
x12 <- 0xFFFF154FFDFEF000

mem[X,0x00000000800005EC] -> 0x0613
mem[X,0x00000000800005EE] -> 0x7E06
[384] [M]: 0x00000000800005EC (0x7E060613) addi a2, a2, 0x7e0
x12 <- 0xFFFF154FFDFEF7E0

mem[X,0x00000000800005F0] -> 0x1613
mem[X,0x00000000800005F2] -> 0x00A6
[385] [M]: 0x00000000800005F0 (0x00A61613) slli a2, a2, 0xa
x12 <- 0xFC553FF7FBDF8000

mem[X,0x00000000800005F4] -> 0x0613
mem[X,0x00000000800005F6] -> 0x0EF6
[386] [M]: 0x00000000800005F4 (0x0EF60613) addi a2, a2, 0xef
x12 <- 0xFC553FF7FBDF80EF

mem[X,0x00000000800005F8] -> 0x05B7
mem[X,0x00000000800005FA] -> 0xBFF8
[387] [M]: 0x00000000800005F8 (0xBFF805B7) lui a1, -0x40080
x11 <- 0xFFFFFFFFBFF80000

mem[X,0x00000000800005FC] -> 0x8593
mem[X,0x00000000800005FE] -> 0x3805
[388] [M]: 0x00000000800005FC (0x38058593) addi a1, a1, 0x380
x11 <- 0xFFFFFFFFBFF80380

mem[X,0x0000000080000600] -> 0x9593
mem[X,0x0000000080000602] -> 0x00B5
[389] [M]: 0x0000000080000600 (0x00B59593) slli a1, a1, 0xb
x11 <- 0xFFFFFDFFC01C0000

mem[X,0x0000000080000604] -> 0x8593
mem[X,0x0000000080000606] -> 0x0385
[390] [M]: 0x0000000080000604 (0x03858593) addi a1, a1, 0x38
x11 <- 0xFFFFFDFFC01C0038

mem[X,0x0000000080000608] -> 0x9593
mem[X,0x000000008000060A] -> 0x00B5
[391] [M]: 0x0000000080000608 (0x00B59593) slli a1, a1, 0xb
x11 <- 0xFFEFFE00E001C000

mem[X,0x000000008000060C] -> 0x8593
mem[X,0x000000008000060E] -> 0x0885
[392] [M]: 0x000000008000060C (0x08858593) addi a1, a1, 0x88
x11 <- 0xFFEFFE00E001C088

mem[X,0x0000000080000610] -> 0x9593
mem[X,0x0000000080000612] -> 0x00A5
[393] [M]: 0x0000000080000610 (0x00A59593) slli a1, a1, 0xa
x11 <- 0xBFF8038007022000

mem[X,0x0000000080000614] -> 0x00BB
mem[X,0x0000000080000616] -> 0xBCB6
[394] [M]: 0x0000000080000614 (0xBCB600BB) paaddu.b ra, a2, a1
x1 <- 0xDDA621BB81705077

mem[X,0x0000000080000618] -> 0xBC23
mem[X,0x000000008000061A] -> 0x0612
[395] [M]: 0x0000000080000618 (0x0612BC23) sd ra, 0x78(t0)
mem[0x0000000080004190] <- 0xDDA621BB81705077

mem[X,0x000000008000061C] -> 0x0013
mem[X,0x000000008000061E] -> 0x0000
[396] [M]: 0x000000008000061C (0x00000013) addi zero, zero, 0x0

mem[X,0x0000000080000620] -> 0x4317
mem[X,0x0000000080000622] -> 0x0000
[397] [M]: 0x0000000080000620 (0x00004317) auipc t1, 0x4
x6 <- 0x0000000080004620

mem[X,0x0000000080000624] -> 0x0313
mem[X,0x0000000080000626] -> 0xB783
[398] [M]: 0x0000000080000624 (0xB7830313) addi t1, t1, -0x488
x6 <- 0x0000000080004198

mem[X,0x0000000080000628] -> 0x0013
mem[X,0x000000008000062A] -> 0x0000
[399] [M]: 0x0000000080000628 (0x00000013) addi zero, zero, 0x0

clint::tick mtime <- 0x0000000000000004
 clint timer pending at mtime 0x0000000000000004
htif::tick 0x0000000000000000
mem[X,0x000000008000062C] -> 0x0013
mem[X,0x000000008000062E] -> 0x0000
[400] [M]: 0x000000008000062C (0x00000013) addi zero, zero, 0x0

mem[X,0x0000000080000630] -> 0x0013
mem[X,0x0000000080000632] -> 0x0000
[401] [M]: 0x0000000080000630 (0x00000013) addi zero, zero, 0x0

mem[X,0x0000000080000634] -> 0x0013
mem[X,0x0000000080000636] -> 0x0000
[402] [M]: 0x0000000080000634 (0x00000013) addi zero, zero, 0x0

mem[X,0x0000000080000638] -> 0x0013
mem[X,0x000000008000063A] -> 0x0000
[403] [M]: 0x0000000080000638 (0x00000013) addi zero, zero, 0x0

mem[X,0x000000008000063C] -> 0x0013
mem[X,0x000000008000063E] -> 0x0000
[404] [M]: 0x000000008000063C (0x00000013) addi zero, zero, 0x0

mem[X,0x0000000080000640] -> 0x06B7
mem[X,0x0000000080000642] -> 0x06FE
[405] [M]: 0x0000000080000640 (0x06FE06B7) lui a3, 0x6fe0
x13 <- 0x0000000006FE0000

mem[X,0x0000000080000644] -> 0x8693
mem[X,0x0000000080000646] -> 0x47F6
[406] [M]: 0x0000000080000644 (0x47F68693) addi a3, a3, 0x47f
x13 <- 0x0000000006FE047F

mem[X,0x0000000080000648] -> 0x9693
mem[X,0x000000008000064A] -> 0x00B6
[407] [M]: 0x0000000080000648 (0x00B69693) slli a3, a3, 0xb
x13 <- 0x00000037F023F800

mem[X,0x000000008000064C] -> 0x8693
mem[X,0x000000008000064E] -> 0x00F6
[408] [M]: 0x000000008000064C (0x00F68693) addi a3, a3, 0xf
x13 <- 0x00000037F023F80F

mem[X,0x0000000080000650] -> 0x9693
mem[X,0x0000000080000652] -> 0x00B6
[409] [M]: 0x0000000080000650 (0x00B69693) slli a3, a3, 0xb
x13 <- 0x0001BF811FC07800

mem[X,0x0000000080000654] -> 0x8693
mem[X,0x0000000080000656] -> 0x60F6
[410] [M]: 0x0000000080000654 (0x60F68693) addi a3, a3, 0x60f
x13 <- 0x0001BF811FC07E0F

mem[X,0x0000000080000658] -> 0x9693
mem[X,0x000000008000065A] -> 0x00A6
[411] [M]: 0x0000000080000658 (0x00A69693) slli a3, a3, 0xa
x13 <- 0x06FE047F01F83C00

mem[X,0x000000008000065C] -> 0x8693
mem[X,0x000000008000065E] -> 0x3DF6
[412] [M]: 0x000000008000065C (0x3DF68693) addi a3, a3, 0x3df
x13 <- 0x06FE047F01F83FDF

mem[X,0x0000000080000660] -> 0x8E37
mem[X,0x0000000080000662] -> 0xEF06
[413] [M]: 0x0000000080000660 (0xEF068E37) lui t3, -0x10f98
x28 <- 0xFFFFFFFFEF068000

mem[X,0x0000000080000664] -> 0x0E13
mem[X,0x0000000080000666] -> 0x0C0E
[414] [M]: 0x0000000080000664 (0x0C0E0E13) addi t3, t3, 0xc0
x28 <- 0xFFFFFFFFEF0680C0

mem[X,0x0000000080000668] -> 0x1E13
mem[X,0x000000008000066A] -> 0x00BE
[415] [M]: 0x0000000080000668 (0x00BE1E13) slli t3, t3, 0xb
x28 <- 0xFFFFFF7834060000

mem[X,0x000000008000066C] -> 0x0E13
mem[X,0x000000008000066E] -> 0x77FE
[416] [M]: 0x000000008000066C (0x77FE0E13) addi t3, t3, 0x77f
x28 <- 0xFFFFFF783406077F

mem[X,0x0000000080000670] -> 0x1E13
mem[X,0x0000000080000672] -> 0x00BE
[417] [M]: 0x0000000080000670 (0x00BE1E13) slli t3, t3, 0xb
x28 <- 0xFFFBC1A0303BF800

mem[X,0x0000000080000674] -> 0x0E13
mem[X,0x0000000080000676] -> 0x6F7E
[418] [M]: 0x0000000080000674 (0x6F7E0E13) addi t3, t3, 0x6f7
x28 <- 0xFFFBC1A0303BFEF7

mem[X,0x0000000080000678] -> 0x1E13
mem[X,0x000000008000067A] -> 0x00AE
[419] [M]: 0x0000000080000678 (0x00AE1E13) slli t3, t3, 0xa
x28 <- 0xEF0680C0EFFBDC00

mem[X,0x000000008000067C] -> 0x0E13
mem[X,0x000000008000067E] -> 0x305E
[420] [M]: 0x000000008000067C (0x305E0E13) addi t3, t3, 0x305
x28 <- 0xEF0680C0EFFBDF05

mem[X,0x0000000080000680] -> 0x873B
mem[X,0x0000000080000682] -> 0xBDC6
[421] [M]: 0x0000000080000680 (0xBDC6873B) paaddu.b a4, a3, t3
x14 <- 0x7A82429F78F98F72

mem[X,0x0000000080000684] -> 0x3023
mem[X,0x0000000080000686] -> 0x00E3
[422] [M]: 0x0000000080000684 (0x00E33023) sd a4, 0x0(t1)
mem[0x0000000080004198] <- 0x7A82429F78F98F72

mem[X,0x0000000080000688] -> 0x00B7
mem[X,0x000000008000068A] -> 0x0308
[423] [M]: 0x0000000080000688 (0x030800B7) lui ra, 0x3080
x1 <- 0x0000000003080000

mem[X,0x000000008000068C] -> 0x8093
mem[X,0x000000008000068E] -> 0x13F0
[424] [M]: 0x000000008000068C (0x13F08093) addi ra, ra, 0x13f
x1 <- 0x000000000308013F

mem[X,0x0000000080000690] -> 0x9093
mem[X,0x0000000080000692] -> 0x00B0
[425] [M]: 0x0000000080000690 (0x00B09093) slli ra, ra, 0xb
x1 <- 0x000000184009F800

mem[X,0x0000000080000694] -> 0x8093
mem[X,0x0000000080000696] -> 0x0320
[426] [M]: 0x0000000080000694 (0x03208093) addi ra, ra, 0x32
x1 <- 0x000000184009F832

mem[X,0x0000000080000698] -> 0x9093
mem[X,0x000000008000069A] -> 0x00B0
[427] [M]: 0x0000000080000698 (0x00B09093) slli ra, ra, 0xb
x1 <- 0x0000C2004FC19000

mem[X,0x000000008000069C] -> 0x8093
mem[X,0x000000008000069E] -> 0x57F0
[428] [M]: 0x000000008000069C (0x57F08093) addi ra, ra, 0x57f
x1 <- 0x0000C2004FC1957F

mem[X,0x00000000800006A0] -> 0x9093
mem[X,0x00000000800006A2] -> 0x00A0
[429] [M]: 0x00000000800006A0 (0x00A09093) slli ra, ra, 0xa
x1 <- 0x0308013F0655FC00

mem[X,0x00000000800006A4] -> 0x8093
mem[X,0x00000000800006A6] -> 0x3BF0
[430] [M]: 0x00000000800006A4 (0x3BF08093) addi ra, ra, 0x3bf
x1 <- 0x0308013F0655FFBF

mem[X,0x00000000800006A8] -> 0xC4B7
mem[X,0x00000000800006AA] -> 0xC080
[431] [M]: 0x00000000800006A8 (0xC080C4B7) lui s1, -0x3f7f4
x9 <- 0xFFFFFFFFC080C000

mem[X,0x00000000800006AC] -> 0x8493
mem[X,0x00000000800006AE] -> 0x0034
[432] [M]: 0x00000000800006AC (0x00348493) addi s1, s1, 0x3
x9 <- 0xFFFFFFFFC080C003

mem[X,0x00000000800006B0] -> 0x9493
mem[X,0x00000000800006B2] -> 0x00B4
[433] [M]: 0x00000000800006B0 (0x00B49493) slli s1, s1, 0xb
x9 <- 0xFFFFFE0406001800

mem[X,0x00000000800006B4] -> 0x8493
mem[X,0x00000000800006B6] -> 0x0344
[434] [M]: 0x00000000800006B4 (0x03448493) addi s1, s1, 0x34
x9 <- 0xFFFFFE0406001834

mem[X,0x00000000800006B8] -> 0x9493
mem[X,0x00000000800006BA] -> 0x00B4
[435] [M]: 0x00000000800006B8 (0x00B49493) slli s1, s1, 0xb
x9 <- 0xFFF0203000C1A000

mem[X,0x00000000800006BC] -> 0x8493
mem[X,0x00000000800006BE] -> 0x0014
[436] [M]: 0x00000000800006BC (0x00148493) addi s1, s1, 0x1
x9 <- 0xFFF0203000C1A001

mem[X,0x00000000800006C0] -> 0x9493
mem[X,0x00000000800006C2] -> 0x00A4
[437] [M]: 0x00000000800006C0 (0x00A49493) slli s1, s1, 0xa
x9 <- 0xC080C00306800400

mem[X,0x00000000800006C4] -> 0x8493
mem[X,0x00000000800006C6] -> 0x0F64
[438] [M]: 0x00000000800006C4 (0x0F648493) addi s1, s1, 0xf6
x9 <- 0xC080C003068004F6

mem[X,0x00000000800006C8] -> 0x813B
mem[X,0x00000000800006CA] -> 0xBC90
[439] [M]: 0x00000000800006C8 (0xBC90813B) paaddu.b sp, ra, s1
x2 <- 0x61446021066A81DA

mem[X,0x00000000800006CC] -> 0x3423
mem[X,0x00000000800006CE] -> 0x0023
[440] [M]: 0x00000000800006CC (0x00233423) sd sp, 0x8(t1)
mem[0x00000000800041A0] <- 0x61446021066A81DA

mem[X,0x00000000800006D0] -> 0xFA37
mem[X,0x00000000800006D2] -> 0x2001
[441] [M]: 0x00000000800006D0 (0x2001FA37) lui s4, 0x2001f
x20 <- 0x000000002001F000

mem[X,0x00000000800006D4] -> 0x0A13
mem[X,0x00000000800006D6] -> 0xFAAA
[442] [M]: 0x00000000800006D4 (0xFAAA0A13) addi s4, s4, -0x56
x20 <- 0x000000002001EFAA

mem[X,0x00000000800006D8] -> 0x1A13
mem[X,0x00000000800006DA] -> 0x00BA
[443] [M]: 0x00000000800006D8 (0x00BA1A13) slli s4, s4, 0xb
x20 <- 0x000001000F7D5000

mem[X,0x00000000800006DC] -> 0x0A13
mem[X,0x00000000800006DE] -> 0x087A
[444] [M]: 0x00000000800006DC (0x087A0A13) addi s4, s4, 0x87
x20 <- 0x000001000F7D5087

mem[X,0x00000000800006E0] -> 0x1A13
mem[X,0x00000000800006E2] -> 0x00BA
[445] [M]: 0x00000000800006E0 (0x00BA1A13) slli s4, s4, 0xb
x20 <- 0x0008007BEA843800

mem[X,0x00000000800006E4] -> 0x0A13
mem[X,0x00000000800006E6] -> 0x7FFA
[446] [M]: 0x00000000800006E4 (0x7FFA0A13) addi s4, s4, 0x7ff
x20 <- 0x0008007BEA843FFF

mem[X,0x00000000800006E8] -> 0x1A13
mem[X,0x00000000800006EA] -> 0x00AA
[447] [M]: 0x00000000800006E8 (0x00AA1A13) slli s4, s4, 0xa
x20 <- 0x2001EFAA10FFFC00

mem[X,0x00000000800006EC] -> 0x0A13
mem[X,0x00000000800006EE] -> 0x255A
[448] [M]: 0x00000000800006EC (0x255A0A13) addi s4, s4, 0x255
x20 <- 0x2001EFAA10FFFE55

mem[X,0x00000000800006F0] -> 0x0C37
mem[X,0x00000000800006F2] -> 0x0804
[449] [M]: 0x00000000800006F0 (0x08040C37) lui s8, 0x8040
x24 <- 0x0000000008040000

mem[X,0x00000000800006F4] -> 0x0C13
mem[X,0x00000000800006F6] -> 0x808C
[450] [M]: 0x00000000800006F4 (0x808C0C13) addi s8, s8, -0x7f8
x24 <- 0x000000000803F808

mem[X,0x00000000800006F8] -> 0x1C13
mem[X,0x00000000800006FA] -> 0x00BC
[451] [M]: 0x00000000800006F8 (0x00BC1C13) slli s8, s8, 0xb
x24 <- 0x000000401FC04000

mem[X,0x00000000800006FC] -> 0x0C13
mem[X,0x00000000800006FE] -> 0x778C
[452] [M]: 0x00000000800006FC (0x778C0C13) addi s8, s8, 0x778
x24 <- 0x000000401FC04778

mem[X,0x0000000080000700] -> 0x1C13
mem[X,0x0000000080000702] -> 0x00BC
[453] [M]: 0x0000000080000700 (0x00BC1C13) slli s8, s8, 0xb
x24 <- 0x000200FE023BC000

mem[X,0x0000000080000704] -> 0x0C13
mem[X,0x0000000080000706] -> 0x180C
[454] [M]: 0x0000000080000704 (0x180C0C13) addi s8, s8, 0x180
x24 <- 0x000200FE023BC180

mem[X,0x0000000080000708] -> 0x1C13
mem[X,0x000000008000070A] -> 0x00AC
[455] [M]: 0x0000000080000708 (0x00AC1C13) slli s8, s8, 0xa
x24 <- 0x0803F808EF060000

mem[X,0x000000008000070C] -> 0x0C13
mem[X,0x000000008000070E] -> 0x0F8C
[456] [M]: 0x000000008000070C (0x0F8C0C13) addi s8, s8, 0xf8
x24 <- 0x0803F808EF0600F8

mem[X,0x0000000080000710] -> 0x063B
mem[X,0x0000000080000712] -> 0xBD8A
[457] [M]: 0x0000000080000710 (0xBD8A063B) paaddu.b a2, s4, s8
x12 <- 0x1402F3597F827FA6

mem[X,0x0000000080000714] -> 0x3823
mem[X,0x0000000080000716] -> 0x00C3
[458] [M]: 0x0000000080000714 (0x00C33823) sd a2, 0x10(t1)
mem[0x00000000800041A8] <- 0x1402F3597F827FA6

mem[X,0x0000000080000718] -> 0x59B7
mem[X,0x000000008000071A] -> 0xBF02
[459] [M]: 0x0000000080000718 (0xBF0259B7) lui s3, -0x40fdb
x19 <- 0xFFFFFFFFBF025000

mem[X,0x000000008000071C] -> 0x8993
mem[X,0x000000008000071E] -> 0x5409
[460] [M]: 0x000000008000071C (0x54098993) addi s3, s3, 0x540
x19 <- 0xFFFFFFFFBF025540

mem[X,0x0000000080000720] -> 0x9993
mem[X,0x0000000080000722] -> 0x00B9
[461] [M]: 0x0000000080000720 (0x00B99993) slli s3, s3, 0xb
x19 <- 0xFFFFFDF812AA0000

mem[X,0x0000000080000724] -> 0x8993
mem[X,0x0000000080000726] -> 0x00D9
[462] [M]: 0x0000000080000724 (0x00D98993) addi s3, s3, 0xd
x19 <- 0xFFFFFDF812AA000D

mem[X,0x0000000080000728] -> 0x9993
mem[X,0x000000008000072A] -> 0x00B9
[463] [M]: 0x0000000080000728 (0x00B99993) slli s3, s3, 0xb
x19 <- 0xFFEFC09550006800

mem[X,0x000000008000072C] -> 0x8993
mem[X,0x000000008000072E] -> 0x2BD9
[464] [M]: 0x000000008000072C (0x2BD98993) addi s3, s3, 0x2bd
x19 <- 0xFFEFC09550006ABD

mem[X,0x0000000080000730] -> 0x9993
mem[X,0x0000000080000732] -> 0x00A9
[465] [M]: 0x0000000080000730 (0x00A99993) slli s3, s3, 0xa
x19 <- 0xBF02554001AAF400

mem[X,0x0000000080000734] -> 0x8993
mem[X,0x0000000080000736] -> 0x2AA9
[466] [M]: 0x0000000080000734 (0x2AA98993) addi s3, s3, 0x2aa
x19 <- 0xBF02554001AAF6AA

mem[X,0x0000000080000738] -> 0x1537
mem[X,0x000000008000073A] -> 0xF901
[467] [M]: 0x0000000080000738 (0xF9011537) lui a0, -0x6fef
x10 <- 0xFFFFFFFFF9011000

mem[X,0x000000008000073C] -> 0x0513
mem[X,0x000000008000073E] -> 0x03F5
[468] [M]: 0x000000008000073C (0x03F50513) addi a0, a0, 0x3f
x10 <- 0xFFFFFFFFF901103F

mem[X,0x0000000080000740] -> 0x1513
mem[X,0x0000000080000742] -> 0x00B5
[469] [M]: 0x0000000080000740 (0x00B51513) slli a0, a0, 0xb
x10 <- 0xFFFFFFC80881F800

mem[X,0x0000000080000744] -> 0x0513
mem[X,0x0000000080000746] -> 0x6005
[470] [M]: 0x0000000080000744 (0x60050513) addi a0, a0, 0x600
x10 <- 0xFFFFFFC80881FE00

mem[X,0x0000000080000748] -> 0x1513
mem[X,0x000000008000074A] -> 0x00B5
[471] [M]: 0x0000000080000748 (0x00B51513) slli a0, a0, 0xb
x10 <- 0xFFFE40440FF00000

mem[X,0x000000008000074C] -> 0x0513
mem[X,0x000000008000074E] -> 0x1C15
[472] [M]: 0x000000008000074C (0x1C150513) addi a0, a0, 0x1c1
x10 <- 0xFFFE40440FF001C1

mem[X,0x0000000080000750] -> 0x1513
mem[X,0x0000000080000752] -> 0x00A5
[473] [M]: 0x0000000080000750 (0x00A51513) slli a0, a0, 0xa
x10 <- 0xF901103FC0070400

mem[X,0x0000000080000754] -> 0x0513
mem[X,0x0000000080000756] -> 0x3035
[474] [M]: 0x0000000080000754 (0x30350513) addi a0, a0, 0x303
x10 <- 0xF901103FC0070703

mem[X,0x0000000080000758] -> 0x8EBB
mem[X,0x000000008000075A] -> 0xBCA9
[475] [M]: 0x0000000080000758 (0xBCA98EBB) paaddu.b t4, s3, a0
x29 <- 0xDC01323F60587E56

mem[X,0x000000008000075C] -> 0x3C23
mem[X,0x000000008000075E] -> 0x01D3
[476] [M]: 0x000000008000075C (0x01D33C23) sd t4, 0x18(t1)
mem[0x00000000800041B0] <- 0xDC01323F60587E56

mem[X,0x0000000080000760] -> 0x08B7
mem[X,0x0000000080000762] -> 0x3F21
[477] [M]: 0x0000000080000760 (0x3F2108B7) lui a7, 0x3f210
x17 <- 0x000000003F210000

mem[X,0x0000000080000764] -> 0x8893
mem[X,0x0000000080000766] -> 0xA208
[478] [M]: 0x0000000080000764 (0xA2088893) addi a7, a7, -0x5e0
x17 <- 0x000000003F20FA20

mem[X,0x0000000080000768] -> 0x9893
mem[X,0x000000008000076A] -> 0x00B8
[479] [M]: 0x0000000080000768 (0x00B89893) slli a7, a7, 0xb
x17 <- 0x000001F907D10000

mem[X,0x000000008000076C] -> 0x8893
mem[X,0x000000008000076E] -> 0x0308
[480] [M]: 0x000000008000076C (0x03088893) addi a7, a7, 0x30
x17 <- 0x000001F907D10030

mem[X,0x0000000080000770] -> 0x9893
mem[X,0x0000000080000772] -> 0x00B8
[481] [M]: 0x0000000080000770 (0x00B89893) slli a7, a7, 0xb
x17 <- 0x000FC83E88018000

mem[X,0x0000000080000774] -> 0x8893
mem[X,0x0000000080000776] -> 0x05F8
[482] [M]: 0x0000000080000774 (0x05F88893) addi a7, a7, 0x5f
x17 <- 0x000FC83E8801805F

mem[X,0x0000000080000778] -> 0x9893
mem[X,0x000000008000077A] -> 0x00A8
[483] [M]: 0x0000000080000778 (0x00A89893) slli a7, a7, 0xa
x17 <- 0x3F20FA2006017C00

mem[X,0x000000008000077C] -> 0x8893
mem[X,0x000000008000077E] -> 0x3FB8
[484] [M]: 0x000000008000077C (0x3FB88893) addi a7, a7, 0x3fb
x17 <- 0x3F20FA2006017FFB

mem[X,0x0000000080000780] -> 0x0837
mem[X,0x0000000080000782] -> 0xFB81
[485] [M]: 0x0000000080000780 (0xFB810837) lui a6, -0x47f0
x16 <- 0xFFFFFFFFFB810000

mem[X,0x0000000080000784] -> 0x0813
mem[X,0x0000000080000786] -> 0x8078
[486] [M]: 0x0000000080000784 (0x80780813) addi a6, a6, -0x7f9
x16 <- 0xFFFFFFFFFB80F807

mem[X,0x0000000080000788] -> 0x1813
mem[X,0x000000008000078A] -> 0x00B8
[487] [M]: 0x0000000080000788 (0x00B81813) slli a6, a6, 0xb
x16 <- 0xFFFFFFDC07C03800

mem[X,0x000000008000078C] -> 0x0813
mem[X,0x000000008000078E] -> 0x2AD8
[488] [M]: 0x000000008000078C (0x2AD80813) addi a6, a6, 0x2ad
x16 <- 0xFFFFFFDC07C03AAD

mem[X,0x0000000080000790] -> 0x1813
mem[X,0x0000000080000792] -> 0x00B8
[489] [M]: 0x0000000080000790 (0x00B81813) slli a6, a6, 0xb
x16 <- 0xFFFEE03E01D56800

mem[X,0x0000000080000794] -> 0x0813
mem[X,0x0000000080000796] -> 0x7F78
[490] [M]: 0x0000000080000794 (0x7F780813) addi a6, a6, 0x7f7
x16 <- 0xFFFEE03E01D56FF7

mem[X,0x0000000080000798] -> 0x1813
mem[X,0x000000008000079A] -> 0x00A8
[491] [M]: 0x0000000080000798 (0x00A81813) slli a6, a6, 0xa
x16 <- 0xFB80F80755BFDC00

mem[X,0x000000008000079C] -> 0x0813
mem[X,0x000000008000079E] -> 0x3038
[492] [M]: 0x000000008000079C (0x30380813) addi a6, a6, 0x303
x16 <- 0xFB80F80755BFDF03

mem[X,0x00000000800007A0] -> 0x89BB
mem[X,0x00000000800007A2] -> 0xBD08
[493] [M]: 0x00000000800007A0 (0xBD0889BB) paaddu.b s3, a7, a6
x19 <- 0x9D50F9132D60AF7F

mem[X,0x00000000800007A4] -> 0x3023
mem[X,0x00000000800007A6] -> 0x0333
[494] [M]: 0x00000000800007A4 (0x03333023) sd s3, 0x20(t1)
mem[0x00000000800041B8] <- 0x9D50F9132D60AF7F

mem[X,0x00000000800007A8] -> 0xF537
mem[X,0x00000000800007AA] -> 0x0007
[495] [M]: 0x00000000800007A8 (0x0007F537) lui a0, 0x7f
x10 <- 0x000000000007F000

mem[X,0x00000000800007AC] -> 0x0513
mem[X,0x00000000800007AE] -> 0x7FE5
[496] [M]: 0x00000000800007AC (0x7FE50513) addi a0, a0, 0x7fe
x10 <- 0x000000000007F7FE

mem[X,0x00000000800007B0] -> 0x1513
mem[X,0x00000000800007B2] -> 0x00B5
[497] [M]: 0x00000000800007B0 (0x00B51513) slli a0, a0, 0xb
x10 <- 0x000000003FBFF000

mem[X,0x00000000800007B4] -> 0x0513
mem[X,0x00000000800007B6] -> 0x0475
[498] [M]: 0x00000000800007B4 (0x04750513) addi a0, a0, 0x47
x10 <- 0x000000003FBFF047

mem[X,0x00000000800007B8] -> 0x1513
mem[X,0x00000000800007BA] -> 0x00B5
[499] [M]: 0x00000000800007B8 (0x00B51513) slli a0, a0, 0xb
x10 <- 0x000001FDFF823800

clint::tick mtime <- 0x0000000000000005
 clint timer pending at mtime 0x0000000000000005
htif::tick 0x0000000000000000
mem[X,0x00000000800007BC] -> 0x0513
mem[X,0x00000000800007BE] -> 0x5C05
[500] [M]: 0x00000000800007BC (0x5C050513) addi a0, a0, 0x5c0
x10 <- 0x000001FDFF823DC0

mem[X,0x00000000800007C0] -> 0x1513
mem[X,0x00000000800007C2] -> 0x00A5
[501] [M]: 0x00000000800007C0 (0x00A51513) slli a0, a0, 0xa
x10 <- 0x0007F7FE08F70000

mem[X,0x00000000800007C4] -> 0x0513
mem[X,0x00000000800007C6] -> 0x2FB5
[502] [M]: 0x00000000800007C4 (0x2FB50513) addi a0, a0, 0x2fb
x10 <- 0x0007F7FE08F702FB

mem[X,0x00000000800007C8] -> 0x86B7
mem[X,0x00000000800007CA] -> 0x0904
[503] [M]: 0x00000000800007C8 (0x090486B7) lui a3, 0x9048
x13 <- 0x0000000009048000

mem[X,0x00000000800007CC] -> 0x8693
mem[X,0x00000000800007CE] -> 0x0026
[504] [M]: 0x00000000800007CC (0x00268693) addi a3, a3, 0x2
x13 <- 0x0000000009048002

mem[X,0x00000000800007D0] -> 0x9693
mem[X,0x00000000800007D2] -> 0x00B6
[505] [M]: 0x00000000800007D0 (0x00B69693) slli a3, a3, 0xb
x13 <- 0x0000004824001000

mem[X,0x00000000800007D4] -> 0x8693
mem[X,0x00000000800007D6] -> 0x7BF6
[506] [M]: 0x00000000800007D4 (0x7BF68693) addi a3, a3, 0x7bf
x13 <- 0x00000048240017BF

mem[X,0x00000000800007D8] -> 0x9693
mem[X,0x00000000800007DA] -> 0x00B6
[507] [M]: 0x00000000800007D8 (0x00B69693) slli a3, a3, 0xb
x13 <- 0x0002412000BDF800

mem[X,0x00000000800007DC] -> 0x8693
mem[X,0x00000000800007DE] -> 0x7406
[508] [M]: 0x00000000800007DC (0x74068693) addi a3, a3, 0x740
x13 <- 0x0002412000BDFF40

mem[X,0x00000000800007E0] -> 0x9693
mem[X,0x00000000800007E2] -> 0x00A6
[509] [M]: 0x00000000800007E0 (0x00A69693) slli a3, a3, 0xa
x13 <- 0x09048002F7FD0000

mem[X,0x00000000800007E4] -> 0x8693
mem[X,0x00000000800007E6] -> 0x3DF6
[510] [M]: 0x00000000800007E4 (0x3DF68693) addi a3, a3, 0x3df
x13 <- 0x09048002F7FD03DF

mem[X,0x00000000800007E8] -> 0x0A3B
mem[X,0x00000000800007EA] -> 0xBCD5
[511] [M]: 0x00000000800007E8 (0xBCD50A3B) paaddu.b s4, a0, a3
x20 <- 0x0405BB807FFA02ED

mem[X,0x00000000800007EC] -> 0x3423
mem[X,0x00000000800007EE] -> 0x0343
[512] [M]: 0x00000000800007EC (0x03433423) sd s4, 0x28(t1)
mem[0x00000000800041C0] <- 0x0405BB807FFA02ED

mem[X,0x00000000800007F0] -> 0x0C37
mem[X,0x00000000800007F2] -> 0x55F6
[513] [M]: 0x00000000800007F0 (0x55F60C37) lui s8, 0x55f60
x24 <- 0x0000000055F60000

mem[X,0x00000000800007F4] -> 0x0C13
mem[X,0x00000000800007F6] -> 0x009C
[514] [M]: 0x00000000800007F4 (0x009C0C13) addi s8, s8, 0x9
x24 <- 0x0000000055F60009

mem[X,0x00000000800007F8] -> 0x1C13
mem[X,0x00000000800007FA] -> 0x00BC
[515] [M]: 0x00000000800007F8 (0x00BC1C13) slli s8, s8, 0xb
x24 <- 0x000002AFB0004800

mem[X,0x00000000800007FC] -> 0x0C13
mem[X,0x00000000800007FE] -> 0x030C
[516] [M]: 0x00000000800007FC (0x030C0C13) addi s8, s8, 0x30
x24 <- 0x000002AFB0004830

mem[X,0x0000000080000800] -> 0x1C13
mem[X,0x0000000080000802] -> 0x00BC
[517] [M]: 0x0000000080000800 (0x00BC1C13) slli s8, s8, 0xb
x24 <- 0x00157D8002418000

mem[X,0x0000000080000804] -> 0x0C13
mem[X,0x0000000080000806] -> 0x041C
[518] [M]: 0x0000000080000804 (0x041C0C13) addi s8, s8, 0x41
x24 <- 0x00157D8002418041

mem[X,0x0000000080000808] -> 0x1C13
mem[X,0x000000008000080A] -> 0x00AC
[519] [M]: 0x0000000080000808 (0x00AC1C13) slli s8, s8, 0xa
x24 <- 0x55F6000906010400

mem[X,0x000000008000080C] -> 0x0C13
mem[X,0x000000008000080E] -> 0x007C
[520] [M]: 0x000000008000080C (0x007C0C13) addi s8, s8, 0x7
x24 <- 0x55F6000906010407

mem[X,0x0000000080000810] -> 0xE0B7
mem[X,0x0000000080000812] -> 0x7F09
[521] [M]: 0x0000000080000810 (0x7F09E0B7) lui ra, 0x7f09e
x1 <- 0x000000007F09E000

mem[X,0x0000000080000814] -> 0x8093
mem[X,0x0000000080000816] -> 0xF200
[522] [M]: 0x0000000080000814 (0xF2008093) addi ra, ra, -0xe0
x1 <- 0x000000007F09DF20

mem[X,0x0000000080000818] -> 0x9093
mem[X,0x000000008000081A] -> 0x00B0
[523] [M]: 0x0000000080000818 (0x00B09093) slli ra, ra, 0xb
x1 <- 0x000003F84EF90000

mem[X,0x000000008000081C] -> 0x8093
mem[X,0x000000008000081E] -> 0x7E80
[524] [M]: 0x000000008000081C (0x7E808093) addi ra, ra, 0x7e8
x1 <- 0x000003F84EF907E8

mem[X,0x0000000080000820] -> 0x9093
mem[X,0x0000000080000822] -> 0x00B0
[525] [M]: 0x0000000080000820 (0x00B09093) slli ra, ra, 0xb
x1 <- 0x001FC277C83F4000

mem[X,0x0000000080000824] -> 0x8093
mem[X,0x0000000080000826] -> 0x0FE0
[526] [M]: 0x0000000080000824 (0x0FE08093) addi ra, ra, 0xfe
x1 <- 0x001FC277C83F40FE

mem[X,0x0000000080000828] -> 0x9093
mem[X,0x000000008000082A] -> 0x00A0
[527] [M]: 0x0000000080000828 (0x00A09093) slli ra, ra, 0xa
x1 <- 0x7F09DF20FD03F800

mem[X,0x000000008000082C] -> 0x8093
mem[X,0x000000008000082E] -> 0x2BF0
[528] [M]: 0x000000008000082C (0x2BF08093) addi ra, ra, 0x2bf
x1 <- 0x7F09DF20FD03FABF

mem[X,0x0000000080000830] -> 0x02BB
mem[X,0x0000000080000832] -> 0xBC1C
[529] [M]: 0x0000000080000830 (0xBC1C02BB) paaddu.b t0, s8, ra
x5 <- 0x6A7F6F1481027F63

mem[X,0x0000000080000834] -> 0x3823
mem[X,0x0000000080000836] -> 0x0253
[530] [M]: 0x0000000080000834 (0x02533823) sd t0, 0x30(t1)
mem[0x00000000800041C8] <- 0x6A7F6F1481027F63

mem[X,0x0000000080000838] -> 0x0937
mem[X,0x000000008000083A] -> 0xF681
[531] [M]: 0x0000000080000838 (0xF6810937) lui s2, -0x97f0
x18 <- 0xFFFFFFFFF6810000

mem[X,0x000000008000083C] -> 0x0913
mem[X,0x000000008000083E] -> 0xBF99
[532] [M]: 0x000000008000083C (0xBF990913) addi s2, s2, -0x407
x18 <- 0xFFFFFFFFF680FBF9

mem[X,0x0000000080000840] -> 0x1913
mem[X,0x0000000080000842] -> 0x00B9
[533] [M]: 0x0000000080000840 (0x00B91913) slli s2, s2, 0xb
x18 <- 0xFFFFFFB407DFC800

mem[X,0x0000000080000844] -> 0x0913
mem[X,0x0000000080000846] -> 0x0279
[534] [M]: 0x0000000080000844 (0x02790913) addi s2, s2, 0x27
x18 <- 0xFFFFFFB407DFC827

mem[X,0x0000000080000848] -> 0x1913
mem[X,0x000000008000084A] -> 0x00B9
[535] [M]: 0x0000000080000848 (0x00B91913) slli s2, s2, 0xb
x18 <- 0xFFFDA03EFE413800

mem[X,0x000000008000084C] -> 0x0913
mem[X,0x000000008000084E] -> 0x6829
[536] [M]: 0x000000008000084C (0x68290913) addi s2, s2, 0x682
x18 <- 0xFFFDA03EFE413E82

mem[X,0x0000000080000850] -> 0x1913
mem[X,0x0000000080000852] -> 0x00A9
[537] [M]: 0x0000000080000850 (0x00A91913) slli s2, s2, 0xa
x18 <- 0xF680FBF904FA0800

mem[X,0x0000000080000854] -> 0x0913
mem[X,0x0000000080000856] -> 0x0409
[538] [M]: 0x0000000080000854 (0x04090913) addi s2, s2, 0x40
x18 <- 0xF680FBF904FA0840

mem[X,0x0000000080000858] -> 0x02B7
mem[X,0x000000008000085A] -> 0x02FC
[539] [M]: 0x0000000080000858 (0x02FC02B7) lui t0, 0x2fc0
x5 <- 0x0000000002FC0000

mem[X,0x000000008000085C] -> 0x8293
mem[X,0x000000008000085E] -> 0x3042
[540] [M]: 0x000000008000085C (0x30428293) addi t0, t0, 0x304
x5 <- 0x0000000002FC0304

mem[X,0x0000000080000860] -> 0x9293
mem[X,0x0000000080000862] -> 0x00B2
[541] [M]: 0x0000000080000860 (0x00B29293) slli t0, t0, 0xb
x5 <- 0x00000017E0182000

mem[X,0x0000000080000864] -> 0x8293
mem[X,0x0000000080000866] -> 0x0082
[542] [M]: 0x0000000080000864 (0x00828293) addi t0, t0, 0x8
x5 <- 0x00000017E0182008

mem[X,0x0000000080000868] -> 0x9293
mem[X,0x000000008000086A] -> 0x00B2
[543] [M]: 0x0000000080000868 (0x00B29293) slli t0, t0, 0xb
x5 <- 0x0000BF00C1004000

mem[X,0x000000008000086C] -> 0x8293
mem[X,0x000000008000086E] -> 0x2602
[544] [M]: 0x000000008000086C (0x26028293) addi t0, t0, 0x260
x5 <- 0x0000BF00C1004260

mem[X,0x0000000080000870] -> 0x9293
mem[X,0x0000000080000872] -> 0x00A2
[545] [M]: 0x0000000080000870 (0x00A29293) slli t0, t0, 0xa
x5 <- 0x02FC030401098000

mem[X,0x0000000080000874] -> 0x8293
mem[X,0x0000000080000876] -> 0x0FE2
[546] [M]: 0x0000000080000874 (0x0FE28293) addi t0, t0, 0xfe
x5 <- 0x02FC0304010980FE

mem[X,0x0000000080000878] -> 0x08BB
mem[X,0x000000008000087A] -> 0xBC59
[547] [M]: 0x0000000080000878 (0xBC5908BB) paaddu.b a7, s2, t0
x17 <- 0x7CBE7F7E0281449F

mem[X,0x000000008000087C] -> 0x3C23
mem[X,0x000000008000087E] -> 0x0313
[548] [M]: 0x000000008000087C (0x03133C23) sd a7, 0x38(t1)
mem[0x00000000800041D0] <- 0x7CBE7F7E0281449F

mem[X,0x0000000080000880] -> 0x07B7
mem[X,0x0000000080000882] -> 0x0509
[549] [M]: 0x0000000080000880 (0x050907B7) lui a5, 0x5090
x15 <- 0x0000000005090000

mem[X,0x0000000080000884] -> 0x8793
mem[X,0x0000000080000886] -> 0x6F67
[550] [M]: 0x0000000080000884 (0x6F678793) addi a5, a5, 0x6f6
x15 <- 0x00000000050906F6

mem[X,0x0000000080000888] -> 0x9793
mem[X,0x000000008000088A] -> 0x00B7
[551] [M]: 0x0000000080000888 (0x00B79793) slli a5, a5, 0xb
x15 <- 0x000000284837B000

mem[X,0x000000008000088C] -> 0x8793
mem[X,0x000000008000088E] -> 0x77F7
[552] [M]: 0x000000008000088C (0x77F78793) addi a5, a5, 0x77f
x15 <- 0x000000284837B77F

mem[X,0x0000000080000890] -> 0x9793
mem[X,0x0000000080000892] -> 0x00B7
[553] [M]: 0x0000000080000890 (0x00B79793) slli a5, a5, 0xb
x15 <- 0x00014241BDBBF800

mem[X,0x0000000080000894] -> 0x8793
mem[X,0x0000000080000896] -> 0x6C87
[554] [M]: 0x0000000080000894 (0x6C878793) addi a5, a5, 0x6c8
x15 <- 0x00014241BDBBFEC8

mem[X,0x0000000080000898] -> 0x9793
mem[X,0x000000008000089A] -> 0x00A7
[555] [M]: 0x0000000080000898 (0x00A79793) slli a5, a5, 0xa
x15 <- 0x050906F6EFFB2000

mem[X,0x000000008000089C] -> 0x8793
mem[X,0x000000008000089E] -> 0x0DF7
[556] [M]: 0x000000008000089C (0x0DF78793) addi a5, a5, 0xdf
x15 <- 0x050906F6EFFB20DF

mem[X,0x00000000800008A0] -> 0x13B7
mem[X,0x00000000800008A2] -> 0xF9F6
[557] [M]: 0x00000000800008A0 (0xF9F613B7) lui t2, -0x609f
x7 <- 0xFFFFFFFFF9F61000

mem[X,0x00000000800008A4] -> 0x8393
mem[X,0x00000000800008A6] -> 0x9F73
[558] [M]: 0x00000000800008A4 (0x9F738393) addi t2, t2, -0x609
x7 <- 0xFFFFFFFFF9F609F7

mem[X,0x00000000800008A8] -> 0x9393
mem[X,0x00000000800008AA] -> 0x00B3
[559] [M]: 0x00000000800008A8 (0x00B39393) slli t2, t2, 0xb
x7 <- 0xFFFFFFCFB04FB800

mem[X,0x00000000800008AC] -> 0x8393
mem[X,0x00000000800008AE] -> 0x7E13
[560] [M]: 0x00000000800008AC (0x7E138393) addi t2, t2, 0x7e1
x7 <- 0xFFFFFFCFB04FBFE1

mem[X,0x00000000800008B0] -> 0x9393
mem[X,0x00000000800008B2] -> 0x00B3
[561] [M]: 0x00000000800008B0 (0x00B39393) slli t2, t2, 0xb
x7 <- 0xFFFE7D827DFF0800

mem[X,0x00000000800008B4] -> 0x8393
mem[X,0x00000000800008B6] -> 0x03F3
[562] [M]: 0x00000000800008B4 (0x03F38393) addi t2, t2, 0x3f
x7 <- 0xFFFE7D827DFF083F

mem[X,0x00000000800008B8] -> 0x9393
mem[X,0x00000000800008BA] -> 0x00A3
[563] [M]: 0x00000000800008B8 (0x00A39393) slli t2, t2, 0xa
x7 <- 0xF9F609F7FC20FC00

mem[X,0x00000000800008BC] -> 0x8393
mem[X,0x00000000800008BE] -> 0x1F93
[564] [M]: 0x00000000800008BC (0x1F938393) addi t2, t2, 0x1f9
x7 <- 0xF9F609F7FC20FDF9

mem[X,0x00000000800008C0] -> 0x893B
mem[X,0x00000000800008C2] -> 0xBC77
[565] [M]: 0x00000000800008C0 (0xBC77893B) paaddu.b s2, a5, t2
x18 <- 0x7F7F07F6F58D8EEC

mem[X,0x00000000800008C4] -> 0x3023
mem[X,0x00000000800008C6] -> 0x0523
[566] [M]: 0x00000000800008C4 (0x05233023) sd s2, 0x40(t1)
mem[0x00000000800041D8] <- 0x7F7F07F6F58D8EEC

mem[X,0x00000000800008C8] -> 0xFAB7
mem[X,0x00000000800008CA] -> 0xBFFF
[567] [M]: 0x00000000800008C8 (0xBFFFFAB7) lui s5, -0x40001
x21 <- 0xFFFFFFFFBFFFF000

mem[X,0x00000000800008CC] -> 0x8A93
mem[X,0x00000000800008CE] -> 0xF02A
[568] [M]: 0x00000000800008CC (0xF02A8A93) addi s5, s5, -0xfe
x21 <- 0xFFFFFFFFBFFFEF02

mem[X,0x00000000800008D0] -> 0x9A93
mem[X,0x00000000800008D2] -> 0x00BA
[569] [M]: 0x00000000800008D0 (0x00BA9A93) slli s5, s5, 0xb
x21 <- 0xFFFFFDFFFF781000

mem[X,0x00000000800008D4] -> 0x8A93
mem[X,0x00000000800008D6] -> 0x00FA
[570] [M]: 0x00000000800008D4 (0x00FA8A93) addi s5, s5, 0xf
x21 <- 0xFFFFFDFFFF78100F

mem[X,0x00000000800008D8] -> 0x9A93
mem[X,0x00000000800008DA] -> 0x00BA
[571] [M]: 0x00000000800008D8 (0x00BA9A93) slli s5, s5, 0xb
x21 <- 0xFFEFFFFBC0807800

mem[X,0x00000000800008DC] -> 0x8A93
mem[X,0x00000000800008DE] -> 0x610A
[572] [M]: 0x00000000800008DC (0x610A8A93) addi s5, s5, 0x610
x21 <- 0xFFEFFFFBC0807E10

mem[X,0x00000000800008E0] -> 0x9A93
mem[X,0x00000000800008E2] -> 0x00AA
[573] [M]: 0x00000000800008E0 (0x00AA9A93) slli s5, s5, 0xa
x21 <- 0xBFFFEF0201F84000

mem[X,0x00000000800008E4] -> 0x8A93
mem[X,0x00000000800008E6] -> 0x040A
[574] [M]: 0x00000000800008E4 (0x040A8A93) addi s5, s5, 0x40
x21 <- 0xBFFFEF0201F84040

mem[X,0x00000000800008E8] -> 0xB637
mem[X,0x00000000800008EA] -> 0xF755
[575] [M]: 0x00000000800008E8 (0xF755B637) lui a2, -0x8aa5
x12 <- 0xFFFFFFFFF755B000

mem[X,0x00000000800008EC] -> 0x0613
mem[X,0x00000000800008EE] -> 0xA7F6
[576] [M]: 0x00000000800008EC (0xA7F60613) addi a2, a2, -0x581
x12 <- 0xFFFFFFFFF755AA7F

mem[X,0x00000000800008F0] -> 0x1613
mem[X,0x00000000800008F2] -> 0x00B6
[577] [M]: 0x00000000800008F0 (0x00B61613) slli a2, a2, 0xb
x12 <- 0xFFFFFFBAAD53F800

mem[X,0x00000000800008F4] -> 0x0613
mem[X,0x00000000800008F6] -> 0x2016
[578] [M]: 0x00000000800008F4 (0x20160613) addi a2, a2, 0x201
x12 <- 0xFFFFFFBAAD53FA01

mem[X,0x00000000800008F8] -> 0x1613
mem[X,0x00000000800008FA] -> 0x00B6
[579] [M]: 0x00000000800008F8 (0x00B61613) slli a2, a2, 0xb
x12 <- 0xFFFDD56A9FD00800

mem[X,0x00000000800008FC] -> 0x0613
mem[X,0x00000000800008FE] -> 0x7C16
[580] [M]: 0x00000000800008FC (0x7C160613) addi a2, a2, 0x7c1
x12 <- 0xFFFDD56A9FD00FC1

mem[X,0x0000000080000900] -> 0x1613
mem[X,0x0000000080000902] -> 0x00A6
[581] [M]: 0x0000000080000900 (0x00A61613) slli a2, a2, 0xa
x12 <- 0xF755AA7F403F0400

mem[X,0x0000000080000904] -> 0x0613
mem[X,0x0000000080000906] -> 0x1DF6
[582] [M]: 0x0000000080000904 (0x1DF60613) addi a2, a2, 0x1df
x12 <- 0xF755AA7F403F05DF

mem[X,0x0000000080000908] -> 0x8BBB
mem[X,0x000000008000090A] -> 0xBCCA
[583] [M]: 0x0000000080000908 (0xBCCA8BBB) paaddu.b s7, s5, a2
x23 <- 0xDBAACC40209B228F

mem[X,0x000000008000090C] -> 0x3423
mem[X,0x000000008000090E] -> 0x0573
[584] [M]: 0x000000008000090C (0x05733423) sd s7, 0x48(t1)
mem[0x00000000800041E0] <- 0xDBAACC40209B228F

mem[X,0x0000000080000910] -> 0xF3B7
mem[X,0x0000000080000912] -> 0xDFEF
[585] [M]: 0x0000000080000910 (0xDFEFF3B7) lui t2, -0x20101
x7 <- 0xFFFFFFFFDFEFF000

mem[X,0x0000000080000914] -> 0x8393
mem[X,0x0000000080000916] -> 0xF103
[586] [M]: 0x0000000080000914 (0xF1038393) addi t2, t2, -0xf0
x7 <- 0xFFFFFFFFDFEFEF10

mem[X,0x0000000080000918] -> 0x9393
mem[X,0x000000008000091A] -> 0x00B3
[587] [M]: 0x0000000080000918 (0x00B39393) slli t2, t2, 0xb
x7 <- 0xFFFFFEFF7F788000

mem[X,0x000000008000091C] -> 0x8393
mem[X,0x000000008000091E] -> 0x0303
[588] [M]: 0x000000008000091C (0x03038393) addi t2, t2, 0x30
x7 <- 0xFFFFFEFF7F788030

mem[X,0x0000000080000920] -> 0x9393
mem[X,0x0000000080000922] -> 0x00B3
[589] [M]: 0x0000000080000920 (0x00B39393) slli t2, t2, 0xb
x7 <- 0xFFF7FBFBC4018000

mem[X,0x0000000080000924] -> 0x8393
mem[X,0x0000000080000926] -> 0x13E3
[590] [M]: 0x0000000080000924 (0x13E38393) addi t2, t2, 0x13e
x7 <- 0xFFF7FBFBC401813E

mem[X,0x0000000080000928] -> 0x9393
mem[X,0x000000008000092A] -> 0x00A3
[591] [M]: 0x0000000080000928 (0x00A39393) slli t2, t2, 0xa
x7 <- 0xDFEFEF100604F800

mem[X,0x000000008000092C] -> 0x8393
mem[X,0x000000008000092E] -> 0x3F83
[592] [M]: 0x000000008000092C (0x3F838393) addi t2, t2, 0x3f8
x7 <- 0xDFEFEF100604FBF8

mem[X,0x0000000080000930] -> 0x0CB7
mem[X,0x0000000080000932] -> 0xF8FC
[593] [M]: 0x0000000080000930 (0xF8FC0CB7) lui s9, -0x7040
x25 <- 0xFFFFFFFFF8FC0000

mem[X,0x0000000080000934] -> 0x8C93
mem[X,0x0000000080000936] -> 0x5FAC
[594] [M]: 0x0000000080000934 (0x5FAC8C93) addi s9, s9, 0x5fa
x25 <- 0xFFFFFFFFF8FC05FA

mem[X,0x0000000080000938] -> 0x9C93
mem[X,0x000000008000093A] -> 0x00BC
[595] [M]: 0x0000000080000938 (0x00BC9C93) slli s9, s9, 0xb
x25 <- 0xFFFFFFC7E02FD000

mem[X,0x000000008000093C] -> 0x8C93
mem[X,0x000000008000093E] -> 0x2AFC
[596] [M]: 0x000000008000093C (0x2AFC8C93) addi s9, s9, 0x2af
x25 <- 0xFFFFFFC7E02FD2AF

mem[X,0x0000000080000940] -> 0x9C93
mem[X,0x0000000080000942] -> 0x00BC
[597] [M]: 0x0000000080000940 (0x00BC9C93) slli s9, s9, 0xb
x25 <- 0xFFFE3F017E957800

mem[X,0x0000000080000944] -> 0x8C93
mem[X,0x0000000080000946] -> 0x3FFC
[598] [M]: 0x0000000080000944 (0x3FFC8C93) addi s9, s9, 0x3ff
x25 <- 0xFFFE3F017E957BFF

mem[X,0x0000000080000948] -> 0x9C93
mem[X,0x000000008000094A] -> 0x00AC
[599] [M]: 0x0000000080000948 (0x00AC9C93) slli s9, s9, 0xa
x25 <- 0xF8FC05FA55EFFC00

clint::tick mtime <- 0x0000000000000006
 clint timer pending at mtime 0x0000000000000006
htif::tick 0x0000000000000000
mem[X,0x000000008000094C] -> 0x8C93
mem[X,0x000000008000094E] -> 0x201C
[600] [M]: 0x000000008000094C (0x201C8C93) addi s9, s9, 0x201
x25 <- 0xF8FC05FA55EFFE01

mem[X,0x0000000080000950] -> 0x8ABB
mem[X,0x0000000080000952] -> 0xBD93
[601] [M]: 0x0000000080000950 (0xBD938ABB) paaddu.b s5, t2, s9
x21 <- 0xEBF57A852D79FC7C

mem[X,0x0000000080000954] -> 0x3823
mem[X,0x0000000080000956] -> 0x0553
[602] [M]: 0x0000000080000954 (0x05533823) sd s5, 0x50(t1)
mem[0x00000000800041E8] <- 0xEBF57A852D79FC7C

mem[X,0x0000000080000958] -> 0x41B7
mem[X,0x000000008000095A] -> 0xF904
[603] [M]: 0x0000000080000958 (0xF90441B7) lui gp, -0x6fbc
x3 <- 0xFFFFFFFFF9044000

mem[X,0x000000008000095C] -> 0x8193
mem[X,0x000000008000095E] -> 0x0011
[604] [M]: 0x000000008000095C (0x00118193) addi gp, gp, 0x1
x3 <- 0xFFFFFFFFF9044001

mem[X,0x0000000080000960] -> 0x9193
mem[X,0x0000000080000962] -> 0x00B1
[605] [M]: 0x0000000080000960 (0x00B19193) slli gp, gp, 0xb
x3 <- 0xFFFFFFC822000800

mem[X,0x0000000080000964] -> 0x8193
mem[X,0x0000000080000966] -> 0x7D91
[606] [M]: 0x0000000080000964 (0x7D918193) addi gp, gp, 0x7d9
x3 <- 0xFFFFFFC822000FD9

mem[X,0x0000000080000968] -> 0x9193
mem[X,0x000000008000096A] -> 0x00B1
[607] [M]: 0x0000000080000968 (0x00B19193) slli gp, gp, 0xb
x3 <- 0xFFFE4110007EC800

mem[X,0x000000008000096C] -> 0x8193
mem[X,0x000000008000096E] -> 0x7FD1
[608] [M]: 0x000000008000096C (0x7FD18193) addi gp, gp, 0x7fd
x3 <- 0xFFFE4110007ECFFD

mem[X,0x0000000080000970] -> 0x9193
mem[X,0x0000000080000972] -> 0x00A1
[609] [M]: 0x0000000080000970 (0x00A19193) slli gp, gp, 0xa
x3 <- 0xF9044001FB3FF400

mem[X,0x0000000080000974] -> 0x8193
mem[X,0x0000000080000976] -> 0x3F61
[610] [M]: 0x0000000080000974 (0x3F618193) addi gp, gp, 0x3f6
x3 <- 0xF9044001FB3FF7F6

mem[X,0x0000000080000978] -> 0xC437
mem[X,0x000000008000097A] -> 0x04F7
[611] [M]: 0x0000000080000978 (0x04F7C437) lui fp, 0x4f7c
x8 <- 0x0000000004F7C000

mem[X,0x000000008000097C] -> 0x0413
mem[X,0x000000008000097E] -> 0x0EF4
[612] [M]: 0x000000008000097C (0x0EF40413) addi fp, fp, 0xef
x8 <- 0x0000000004F7C0EF

mem[X,0x0000000080000980] -> 0x1413
mem[X,0x0000000080000982] -> 0x00B4
[613] [M]: 0x0000000080000980 (0x00B41413) slli fp, fp, 0xb
x8 <- 0x00000027BE077800

mem[X,0x0000000080000984] -> 0x0413
mem[X,0x0000000080000986] -> 0x04E4
[614] [M]: 0x0000000080000984 (0x04E40413) addi fp, fp, 0x4e
x8 <- 0x00000027BE07784E

mem[X,0x0000000080000988] -> 0x1413
mem[X,0x000000008000098A] -> 0x00B4
[615] [M]: 0x0000000080000988 (0x00B41413) slli fp, fp, 0xb
x8 <- 0x00013DF03BC27000

mem[X,0x000000008000098C] -> 0x0413
mem[X,0x000000008000098E] -> 0x7C14
[616] [M]: 0x000000008000098C (0x7C140413) addi fp, fp, 0x7c1
x8 <- 0x00013DF03BC277C1

mem[X,0x0000000080000990] -> 0x1413
mem[X,0x0000000080000992] -> 0x00A4
[617] [M]: 0x0000000080000990 (0x00A41413) slli fp, fp, 0xa
x8 <- 0x04F7C0EF09DF0400

mem[X,0x0000000080000994] -> 0x0413
mem[X,0x0000000080000996] -> 0x3064
[618] [M]: 0x0000000080000994 (0x30640413) addi fp, fp, 0x306
x8 <- 0x04F7C0EF09DF0706

mem[X,0x0000000080000998] -> 0x85BB
mem[X,0x000000008000099A] -> 0xBC81
[619] [M]: 0x0000000080000998 (0xBC8185BB) paaddu.b a1, gp, fp
x11 <- 0x7E7D8078828F7F7E

mem[X,0x000000008000099C] -> 0x3C23
mem[X,0x000000008000099E] -> 0x04B3
[620] [M]: 0x000000008000099C (0x04B33C23) sd a1, 0x58(t1)
mem[0x00000000800041F0] <- 0x7E7D8078828F7F7E

mem[X,0x00000000800009A0] -> 0xFB37
mem[X,0x00000000800009A2] -> 0xF809
[621] [M]: 0x00000000800009A0 (0xF809FB37) lui s6, -0x7f61
x22 <- 0xFFFFFFFFF809F000

mem[X,0x00000000800009A4] -> 0x0B13
mem[X,0x00000000800009A6] -> 0xF10B
[622] [M]: 0x00000000800009A4 (0xF10B0B13) addi s6, s6, -0xf0
x22 <- 0xFFFFFFFFF809EF10

mem[X,0x00000000800009A8] -> 0x1B13
mem[X,0x00000000800009AA] -> 0x00BB
[623] [M]: 0x00000000800009A8 (0x00BB1B13) slli s6, s6, 0xb
x22 <- 0xFFFFFFC04F788000

mem[X,0x00000000800009AC] -> 0x0B13
mem[X,0x00000000800009AE] -> 0x6FAB
[624] [M]: 0x00000000800009AC (0x6FAB0B13) addi s6, s6, 0x6fa
x22 <- 0xFFFFFFC04F7886FA

mem[X,0x00000000800009B0] -> 0x1B13
mem[X,0x00000000800009B2] -> 0x00BB
[625] [M]: 0x00000000800009B0 (0x00BB1B13) slli s6, s6, 0xb
x22 <- 0xFFFE027BC437D000

mem[X,0x00000000800009B4] -> 0x0B13
mem[X,0x00000000800009B6] -> 0x570B
[626] [M]: 0x00000000800009B4 (0x570B0B13) addi s6, s6, 0x570
x22 <- 0xFFFE027BC437D570

mem[X,0x00000000800009B8] -> 0x1B13
mem[X,0x00000000800009BA] -> 0x00AB
[627] [M]: 0x00000000800009B8 (0x00AB1B13) slli s6, s6, 0xa
x22 <- 0xF809EF10DF55C000

mem[X,0x00000000800009BC] -> 0x0B13
mem[X,0x00000000800009BE] -> 0x0DFB
[628] [M]: 0x00000000800009BC (0x0DFB0B13) addi s6, s6, 0xdf
x22 <- 0xF809EF10DF55C0DF

mem[X,0x00000000800009C0] -> 0x0237
mem[X,0x00000000800009C2] -> 0x5556
[629] [M]: 0x00000000800009C0 (0x55560237) lui tp, 0x55560
x4 <- 0x0000000055560000

mem[X,0x00000000800009C4] -> 0x0213
mem[X,0x00000000800009C6] -> 0xADF2
[630] [M]: 0x00000000800009C4 (0xADF20213) addi tp, tp, -0x521
x4 <- 0x000000005555FADF

mem[X,0x00000000800009C8] -> 0x1213
mem[X,0x00000000800009CA] -> 0x00B2
[631] [M]: 0x00000000800009C8 (0x00B21213) slli tp, tp, 0xb
x4 <- 0x000002AAAFD6F800

mem[X,0x00000000800009CC] -> 0x0213
mem[X,0x00000000800009CE] -> 0x7DE2
[632] [M]: 0x00000000800009CC (0x7DE20213) addi tp, tp, 0x7de
x4 <- 0x000002AAAFD6FFDE

mem[X,0x00000000800009D0] -> 0x1213
mem[X,0x00000000800009D2] -> 0x00B2
[633] [M]: 0x00000000800009D0 (0x00B21213) slli tp, tp, 0xb
x4 <- 0x0015557EB7FEF000

mem[X,0x00000000800009D4] -> 0x0213
mem[X,0x00000000800009D6] -> 0x03B2
[634] [M]: 0x00000000800009D4 (0x03B20213) addi tp, tp, 0x3b
x4 <- 0x0015557EB7FEF03B

mem[X,0x00000000800009D8] -> 0x1213
mem[X,0x00000000800009DA] -> 0x00A2
[635] [M]: 0x00000000800009D8 (0x00A21213) slli tp, tp, 0xa
x4 <- 0x5555FADFFBC0EC00

mem[X,0x00000000800009DC] -> 0x0213
mem[X,0x00000000800009DE] -> 0x3FD2
[636] [M]: 0x00000000800009DC (0x3FD20213) addi tp, tp, 0x3fd
x4 <- 0x5555FADFFBC0EFFD

mem[X,0x00000000800009E0] -> 0x0C3B
mem[X,0x00000000800009E2] -> 0xBC4B
[637] [M]: 0x00000000800009E0 (0xBC4B0C3B) paaddu.b s8, s6, tp
x24 <- 0xA62FF477ED8AD7EE

mem[X,0x00000000800009E4] -> 0x3023
mem[X,0x00000000800009E6] -> 0x0783
[638] [M]: 0x00000000800009E4 (0x07833023) sd s8, 0x60(t1)
mem[0x00000000800041F8] <- 0xA62FF477ED8AD7EE

mem[X,0x00000000800009E8] -> 0x0013
mem[X,0x00000000800009EA] -> 0x0000
[639] [M]: 0x00000000800009E8 (0x00000013) addi zero, zero, 0x0

mem[X,0x00000000800009EC] -> 0x0013
mem[X,0x00000000800009EE] -> 0x0000
[640] [M]: 0x00000000800009EC (0x00000013) addi zero, zero, 0x0

mem[X,0x00000000800009F0] -> 0x0013
mem[X,0x00000000800009F2] -> 0x0000
[641] [M]: 0x00000000800009F0 (0x00000013) addi zero, zero, 0x0

mem[X,0x00000000800009F4] -> 0x0013
mem[X,0x00000000800009F6] -> 0x0000
[642] [M]: 0x00000000800009F4 (0x00000013) addi zero, zero, 0x0

mem[X,0x00000000800009F8] -> 0x0013
mem[X,0x00000000800009FA] -> 0x0000
[643] [M]: 0x00000000800009F8 (0x00000013) addi zero, zero, 0x0

mem[X,0x00000000800009FC] -> 0x0013
mem[X,0x00000000800009FE] -> 0x0000
[644] [M]: 0x00000000800009FC (0x00000013) addi zero, zero, 0x0

mem[X,0x0000000080000A00] -> 0x4097
mem[X,0x0000000080000A02] -> 0x0000
[645] [M]: 0x0000000080000A00 (0x00004097) auipc ra, 0x4
x1 <- 0x0000000080004A00

mem[X,0x0000000080000A04] -> 0x8093
mem[X,0x0000000080000A06] -> 0x8000
[646] [M]: 0x0000000080000A04 (0x80008093) addi ra, ra, -0x800
x1 <- 0x0000000080004200

mem[X,0x0000000080000A08] -> 0x0013
mem[X,0x0000000080000A0A] -> 0x0000
[647] [M]: 0x0000000080000A08 (0x00000013) addi zero, zero, 0x0

mem[X,0x0000000080000A0C] -> 0x0013
mem[X,0x0000000080000A0E] -> 0x0000
[648] [M]: 0x0000000080000A0C (0x00000013) addi zero, zero, 0x0

mem[X,0x0000000080000A10] -> 0x0013
mem[X,0x0000000080000A12] -> 0x0000
[649] [M]: 0x0000000080000A10 (0x00000013) addi zero, zero, 0x0

mem[X,0x0000000080000A14] -> 0x0013
mem[X,0x0000000080000A16] -> 0x0000
[650] [M]: 0x0000000080000A14 (0x00000013) addi zero, zero, 0x0

mem[X,0x0000000080000A18] -> 0x0013
mem[X,0x0000000080000A1A] -> 0x0000
[651] [M]: 0x0000000080000A18 (0x00000013) addi zero, zero, 0x0

mem[X,0x0000000080000A1C] -> 0x0013
mem[X,0x0000000080000A1E] -> 0x0000
[652] [M]: 0x0000000080000A1C (0x00000013) addi zero, zero, 0x0

mem[X,0x0000000080000A20] -> 0xC137
mem[X,0x0000000080000A22] -> 0x0205
[653] [M]: 0x0000000080000A20 (0x0205C137) lui sp, 0x205c
x2 <- 0x000000000205C000

mem[X,0x0000000080000A24] -> 0x0113
mem[X,0x0000000080000A26] -> 0x0051
[654] [M]: 0x0000000080000A24 (0x00510113) addi sp, sp, 0x5
x2 <- 0x000000000205C005

mem[X,0x0000000080000A28] -> 0x1113
mem[X,0x0000000080000A2A] -> 0x00B1
[655] [M]: 0x0000000080000A28 (0x00B11113) slli sp, sp, 0xb
x2 <- 0x000000102E002800

mem[X,0x0000000080000A2C] -> 0x0113
mem[X,0x0000000080000A2E] -> 0x0181
[656] [M]: 0x0000000080000A2C (0x01810113) addi sp, sp, 0x18
x2 <- 0x000000102E002818

mem[X,0x0000000080000A30] -> 0x1113
mem[X,0x0000000080000A32] -> 0x00B1
[657] [M]: 0x0000000080000A30 (0x00B11113) slli sp, sp, 0xb
x2 <- 0x000081700140C000

mem[X,0x0000000080000A34] -> 0x0113
mem[X,0x0000000080000A36] -> 0x2001
[658] [M]: 0x0000000080000A34 (0x20010113) addi sp, sp, 0x200
x2 <- 0x000081700140C200

mem[X,0x0000000080000A38] -> 0x1113
mem[X,0x0000000080000A3A] -> 0x00A1
[659] [M]: 0x0000000080000A38 (0x00A11113) slli sp, sp, 0xa
x2 <- 0x0205C00503080000

mem[X,0x0000000080000A3C] -> 0x0113
mem[X,0x0000000080000A3E] -> 0x1FE1
[660] [M]: 0x0000000080000A3C (0x1FE10113) addi sp, sp, 0x1fe
x2 <- 0x0205C005030801FE

mem[X,0x0000000080000A40] -> 0x4937
mem[X,0x0000000080000A42] -> 0xC07F
[661] [M]: 0x0000000080000A40 (0xC07F4937) lui s2, -0x3f80c
x18 <- 0xFFFFFFFFC07F4000

mem[X,0x0000000080000A44] -> 0x0913
mem[X,0x0000000080000A46] -> 0x0BF9
[662] [M]: 0x0000000080000A44 (0x0BF90913) addi s2, s2, 0xbf
x18 <- 0xFFFFFFFFC07F40BF

mem[X,0x0000000080000A48] -> 0x1913
mem[X,0x0000000080000A4A] -> 0x00B9
[663] [M]: 0x0000000080000A48 (0x00B91913) slli s2, s2, 0xb
x18 <- 0xFFFFFE03FA05F800

mem[X,0x0000000080000A4C] -> 0x0913
mem[X,0x0000000080000A4E] -> 0x04E9
[664] [M]: 0x0000000080000A4C (0x04E90913) addi s2, s2, 0x4e
x18 <- 0xFFFFFE03FA05F84E

mem[X,0x0000000080000A50] -> 0x1913
mem[X,0x0000000080000A52] -> 0x00B9
[665] [M]: 0x0000000080000A50 (0x00B91913) slli s2, s2, 0xb
x18 <- 0xFFF01FD02FC27000

mem[X,0x0000000080000A54] -> 0x0913
mem[X,0x0000000080000A56] -> 0x02F9
[666] [M]: 0x0000000080000A54 (0x02F90913) addi s2, s2, 0x2f
x18 <- 0xFFF01FD02FC2702F

mem[X,0x0000000080000A58] -> 0x1913
mem[X,0x0000000080000A5A] -> 0x00A9
[667] [M]: 0x0000000080000A58 (0x00A91913) slli s2, s2, 0xa
x18 <- 0xC07F40BF09C0BC00

mem[X,0x0000000080000A5C] -> 0x0913
mem[X,0x0000000080000A5E] -> 0x3099
[668] [M]: 0x0000000080000A5C (0x30990913) addi s2, s2, 0x309
x18 <- 0xC07F40BF09C0BF09

mem[X,0x0000000080000A60] -> 0x03BB
mem[X,0x0000000080000A62] -> 0xBD21
[669] [M]: 0x0000000080000A60 (0xBD2103BB) paaddu.b t2, sp, s2
x7 <- 0x6142806206646083

mem[X,0x0000000080000A64] -> 0xB023
mem[X,0x0000000080000A66] -> 0x0070
[670] [M]: 0x0000000080000A64 (0x0070B023) sd t2, 0x0(ra)
mem[0x0000000080004200] <- 0x6142806206646083

mem[X,0x0000000080000A68] -> 0x42B7
mem[X,0x0000000080000A6A] -> 0xAAFD
[671] [M]: 0x0000000080000A68 (0xAAFD42B7) lui t0, -0x5502c
x5 <- 0xFFFFFFFFAAFD4000

mem[X,0x0000000080000A6C] -> 0x8293
mem[X,0x0000000080000A6E] -> 0xFDF2
[672] [M]: 0x0000000080000A6C (0xFDF28293) addi t0, t0, -0x21
x5 <- 0xFFFFFFFFAAFD3FDF

mem[X,0x0000000080000A70] -> 0x9293
mem[X,0x0000000080000A72] -> 0x00B2
[673] [M]: 0x0000000080000A70 (0x00B29293) slli t0, t0, 0xb
x5 <- 0xFFFFFD57E9FEF800

mem[X,0x0000000080000A74] -> 0x8293
mem[X,0x0000000080000A76] -> 0x6FB2
[674] [M]: 0x0000000080000A74 (0x6FB28293) addi t0, t0, 0x6fb
x5 <- 0xFFFFFD57E9FEFEFB

mem[X,0x0000000080000A78] -> 0x9293
mem[X,0x0000000080000A7A] -> 0x00B2
[675] [M]: 0x0000000080000A78 (0x00B29293) slli t0, t0, 0xb
x5 <- 0xFFEABF4FF7F7D800

mem[X,0x0000000080000A7C] -> 0x8293
mem[X,0x0000000080000A7E] -> 0x7EF2
[676] [M]: 0x0000000080000A7C (0x7EF28293) addi t0, t0, 0x7ef
x5 <- 0xFFEABF4FF7F7DFEF

mem[X,0x0000000080000A80] -> 0x9293
mem[X,0x0000000080000A82] -> 0x00A2
[677] [M]: 0x0000000080000A80 (0x00A29293) slli t0, t0, 0xa
x5 <- 0xAAFD3FDFDF7FBC00

mem[X,0x0000000080000A84] -> 0x8293
mem[X,0x0000000080000A86] -> 0x3F82
[678] [M]: 0x0000000080000A84 (0x3F828293) addi t0, t0, 0x3f8
x5 <- 0xAAFD3FDFDF7FBFF8

mem[X,0x0000000080000A88] -> 0x0B37
mem[X,0x0000000080000A8A] -> 0xAAFE
[679] [M]: 0x0000000080000A88 (0xAAFE0B37) lui s6, -0x55020
x22 <- 0xFFFFFFFFAAFE0000

mem[X,0x0000000080000A8C] -> 0x0B13
mem[X,0x0000000080000A8E] -> 0xAAAB
[680] [M]: 0x0000000080000A8C (0xAAAB0B13) addi s6, s6, -0x556
x22 <- 0xFFFFFFFFAAFDFAAA

mem[X,0x0000000080000A90] -> 0x1B13
mem[X,0x0000000080000A92] -> 0x00BB
[681] [M]: 0x0000000080000A90 (0x00BB1B13) slli s6, s6, 0xb
x22 <- 0xFFFFFD57EFD55000

mem[X,0x0000000080000A94] -> 0x0B13
mem[X,0x0000000080000A96] -> 0x7B0B
[682] [M]: 0x0000000080000A94 (0x7B0B0B13) addi s6, s6, 0x7b0
x22 <- 0xFFFFFD57EFD557B0

mem[X,0x0000000080000A98] -> 0x1B13
mem[X,0x0000000080000A9A] -> 0x00BB
[683] [M]: 0x0000000080000A98 (0x00BB1B13) slli s6, s6, 0xb
x22 <- 0xFFEABF7EAABD8000

mem[X,0x0000000080000A9C] -> 0x0B13
mem[X,0x0000000080000A9E] -> 0x181B
[684] [M]: 0x0000000080000A9C (0x181B0B13) addi s6, s6, 0x181
x22 <- 0xFFEABF7EAABD8181

mem[X,0x0000000080000AA0] -> 0x1B13
mem[X,0x0000000080000AA2] -> 0x00AB
[685] [M]: 0x0000000080000AA0 (0x00AB1B13) slli s6, s6, 0xa
x22 <- 0xAAFDFAAAF6060400

mem[X,0x0000000080000AA4] -> 0x0B13
mem[X,0x0000000080000AA6] -> 0x3C0B
[686] [M]: 0x0000000080000AA4 (0x3C0B0B13) addi s6, s6, 0x3c0
x22 <- 0xAAFDFAAAF60607C0

mem[X,0x0000000080000AA8] -> 0x8D3B
mem[X,0x0000000080000AAA] -> 0xBD62
[687] [M]: 0x0000000080000AA8 (0xBD628D3B) paaddu.b s10, t0, s6
x26 <- 0xAAFD9CC4EA4263DC

mem[X,0x0000000080000AAC] -> 0xB423
mem[X,0x0000000080000AAE] -> 0x01A0
[688] [M]: 0x0000000080000AAC (0x01A0B423) sd s10, 0x8(ra)
mem[0x0000000080004208] <- 0xAAFD9CC4EA4263DC

mem[X,0x0000000080000AB0] -> 0x0837
mem[X,0x0000000080000AB2] -> 0x2009
[689] [M]: 0x0000000080000AB0 (0x20090837) lui a6, 0x20090
x16 <- 0x0000000020090000

mem[X,0x0000000080000AB4] -> 0x0813
mem[X,0x0000000080000AB6] -> 0x4098
[690] [M]: 0x0000000080000AB4 (0x40980813) addi a6, a6, 0x409
x16 <- 0x0000000020090409

mem[X,0x0000000080000AB8] -> 0x1813
mem[X,0x0000000080000ABA] -> 0x00B8
[691] [M]: 0x0000000080000AB8 (0x00B81813) slli a6, a6, 0xb
x16 <- 0x0000010048204800

mem[X,0x0000000080000ABC] -> 0x0813
mem[X,0x0000000080000ABE] -> 0x7D78
[692] [M]: 0x0000000080000ABC (0x7D780813) addi a6, a6, 0x7d7
x16 <- 0x0000010048204FD7

mem[X,0x0000000080000AC0] -> 0x1813
mem[X,0x0000000080000AC2] -> 0x00B8
[693] [M]: 0x0000000080000AC0 (0x00B81813) slli a6, a6, 0xb
x16 <- 0x00080241027EB800

mem[X,0x0000000080000AC4] -> 0x0813
mem[X,0x0000000080000AC6] -> 0x6BF8
[694] [M]: 0x0000000080000AC4 (0x6BF80813) addi a6, a6, 0x6bf
x16 <- 0x00080241027EBEBF

mem[X,0x0000000080000AC8] -> 0x1813
mem[X,0x0000000080000ACA] -> 0x00A8
[695] [M]: 0x0000000080000AC8 (0x00A81813) slli a6, a6, 0xa
x16 <- 0x20090409FAFAFC00

mem[X,0x0000000080000ACC] -> 0x0813
mem[X,0x0000000080000ACE] -> 0x1098
[696] [M]: 0x0000000080000ACC (0x10980813) addi a6, a6, 0x109
x16 <- 0x20090409FAFAFD09

mem[X,0x0000000080000AD0] -> 0x88B7
mem[X,0x0000000080000AD2] -> 0xFDAA
[697] [M]: 0x0000000080000AD0 (0xFDAA88B7) lui a7, -0x2558
x17 <- 0xFFFFFFFFFDAA8000

mem[X,0x0000000080000AD4] -> 0x8893
mem[X,0x0000000080000AD6] -> 0xFF78
[698] [M]: 0x0000000080000AD4 (0xFF788893) addi a7, a7, -0x9
x17 <- 0xFFFFFFFFFDAA7FF7

mem[X,0x0000000080000AD8] -> 0x9893
mem[X,0x0000000080000ADA] -> 0x00B8
[699] [M]: 0x0000000080000AD8 (0x00B89893) slli a7, a7, 0xb
x17 <- 0xFFFFFFED53FFB800

clint::tick mtime <- 0x0000000000000007
 clint timer pending at mtime 0x0000000000000007
htif::tick 0x0000000000000000
mem[X,0x0000000080000ADC] -> 0x8893
mem[X,0x0000000080000ADE] -> 0x0018
[700] [M]: 0x0000000080000ADC (0x00188893) addi a7, a7, 0x1
x17 <- 0xFFFFFFED53FFB801

mem[X,0x0000000080000AE0] -> 0x9893
mem[X,0x0000000080000AE2] -> 0x00B8
[701] [M]: 0x0000000080000AE0 (0x00B89893) slli a7, a7, 0xb
x17 <- 0xFFFF6A9FFDC00800

mem[X,0x0000000080000AE4] -> 0x8893
mem[X,0x0000000080000AE6] -> 0x0018
[702] [M]: 0x0000000080000AE4 (0x00188893) addi a7, a7, 0x1
x17 <- 0xFFFF6A9FFDC00801

mem[X,0x0000000080000AE8] -> 0x9893
mem[X,0x0000000080000AEA] -> 0x00A8
[703] [M]: 0x0000000080000AE8 (0x00A89893) slli a7, a7, 0xa
x17 <- 0xFDAA7FF700200400

mem[X,0x0000000080000AEC] -> 0x8893
mem[X,0x0000000080000AEE] -> 0x1FD8
[704] [M]: 0x0000000080000AEC (0x1FD88893) addi a7, a7, 0x1fd
x17 <- 0xFDAA7FF7002005FD

mem[X,0x0000000080000AF0] -> 0x07BB
mem[X,0x0000000080000AF2] -> 0xBD18
[705] [M]: 0x0000000080000AF0 (0xBD1807BB) paaddu.b a5, a6, a7
x15 <- 0x8E5941807D8D8183

mem[X,0x0000000080000AF4] -> 0xB823
mem[X,0x0000000080000AF6] -> 0x00F0
[706] [M]: 0x0000000080000AF4 (0x00F0B823) sd a5, 0x10(ra)
mem[0x0000000080004210] <- 0x8E5941807D8D8183

mem[X,0x0000000080000AF8] -> 0x0F37
mem[X,0x0000000080000AFA] -> 0x0400
[707] [M]: 0x0000000080000AF8 (0x04000F37) lui t5, 0x4000
x30 <- 0x0000000004000000

mem[X,0x0000000080000AFC] -> 0x0F13
mem[X,0x0000000080000AFE] -> 0xC20F
[708] [M]: 0x0000000080000AFC (0xC20F0F13) addi t5, t5, -0x3e0
x30 <- 0x0000000003FFFC20

mem[X,0x0000000080000B00] -> 0x1F13
mem[X,0x0000000080000B02] -> 0x00BF
[709] [M]: 0x0000000080000B00 (0x00BF1F13) slli t5, t5, 0xb
x30 <- 0x0000001FFFE10000

mem[X,0x0000000080000B04] -> 0x0F13
mem[X,0x0000000080000B06] -> 0x7F8F
[710] [M]: 0x0000000080000B04 (0x7F8F0F13) addi t5, t5, 0x7f8
x30 <- 0x0000001FFFE107F8

mem[X,0x0000000080000B08] -> 0x1F13
mem[X,0x0000000080000B0A] -> 0x00BF
[711] [M]: 0x0000000080000B08 (0x00BF1F13) slli t5, t5, 0xb
x30 <- 0x0000FFFF083FC000

mem[X,0x0000000080000B0C] -> 0x0F13
mem[X,0x0000000080000B0E] -> 0x081F
[712] [M]: 0x0000000080000B0C (0x081F0F13) addi t5, t5, 0x81
x30 <- 0x0000FFFF083FC081

mem[X,0x0000000080000B10] -> 0x1F13
mem[X,0x0000000080000B12] -> 0x00AF
[713] [M]: 0x0000000080000B10 (0x00AF1F13) slli t5, t5, 0xa
x30 <- 0x03FFFC20FF020400

mem[X,0x0000000080000B14] -> 0x0F13
mem[X,0x0000000080000B16] -> 0x0C0F
[714] [M]: 0x0000000080000B14 (0x0C0F0F13) addi t5, t5, 0xc0
x30 <- 0x03FFFC20FF0204C0

mem[X,0x0000000080000B18] -> 0x1EB7
mem[X,0x0000000080000B1A] -> 0x20F6
[715] [M]: 0x0000000080000B18 (0x20F61EB7) lui t4, 0x20f61
x29 <- 0x0000000020F61000

mem[X,0x0000000080000B1C] -> 0x8E93
mem[X,0x0000000080000B1E] -> 0x8EFE
[716] [M]: 0x0000000080000B1C (0x8EFE8E93) addi t4, t4, -0x711
x29 <- 0x0000000020F608EF

mem[X,0x0000000080000B20] -> 0x9E93
mem[X,0x0000000080000B22] -> 0x00BE
[717] [M]: 0x0000000080000B20 (0x00BE9E93) slli t4, t4, 0xb
x29 <- 0x00000107B0477800

mem[X,0x0000000080000B24] -> 0x8E93
mem[X,0x0000000080000B26] -> 0x7CDE
[718] [M]: 0x0000000080000B24 (0x7CDE8E93) addi t4, t4, 0x7cd
x29 <- 0x00000107B0477FCD

mem[X,0x0000000080000B28] -> 0x9E93
mem[X,0x0000000080000B2A] -> 0x00BE
[719] [M]: 0x0000000080000B28 (0x00BE9E93) slli t4, t4, 0xb
x29 <- 0x00083D823BFE6800

mem[X,0x0000000080000B2C] -> 0x8E93
mem[X,0x0000000080000B2E] -> 0x7EAE
[720] [M]: 0x0000000080000B2C (0x7EAE8E93) addi t4, t4, 0x7ea
x29 <- 0x00083D823BFE6FEA

mem[X,0x0000000080000B30] -> 0x9E93
mem[X,0x0000000080000B32] -> 0x00AE
[721] [M]: 0x0000000080000B30 (0x00AE9E93) slli t4, t4, 0xa
x29 <- 0x20F608EFF9BFA800

mem[X,0x0000000080000B34] -> 0x8E93
mem[X,0x0000000080000B36] -> 0x255E
[722] [M]: 0x0000000080000B34 (0x255E8E93) addi t4, t4, 0x255
x29 <- 0x20F608EFF9BFAA55

mem[X,0x0000000080000B38] -> 0x0FBB
mem[X,0x0000000080000B3A] -> 0xBDDF
[723] [M]: 0x0000000080000B38 (0xBDDF0FBB) paaddu.b t6, t5, t4
x31 <- 0x11FA8287FC60578A

mem[X,0x0000000080000B3C] -> 0xBC23
mem[X,0x0000000080000B3E] -> 0x01F0
[724] [M]: 0x0000000080000B3C (0x01F0BC23) sd t6, 0x18(ra)
mem[0x0000000080004218] <- 0x11FA8287FC60578A

mem[X,0x0000000080000B40] -> 0x0F37
mem[X,0x0000000080000B42] -> 0xF740
[725] [M]: 0x0000000080000B40 (0xF7400F37) lui t5, -0x8c00
x30 <- 0xFFFFFFFFF7400000

mem[X,0x0000000080000B44] -> 0x0F13
mem[X,0x0000000080000B46] -> 0x9AAF
[726] [M]: 0x0000000080000B44 (0x9AAF0F13) addi t5, t5, -0x656
x30 <- 0xFFFFFFFFF73FF9AA

mem[X,0x0000000080000B48] -> 0x1F13
mem[X,0x0000000080000B4A] -> 0x00BF
[727] [M]: 0x0000000080000B48 (0x00BF1F13) slli t5, t5, 0xb
x30 <- 0xFFFFFFB9FFCD5000

mem[X,0x0000000080000B4C] -> 0x0F13
mem[X,0x0000000080000B4E] -> 0x018F
[728] [M]: 0x0000000080000B4C (0x018F0F13) addi t5, t5, 0x18
x30 <- 0xFFFFFFB9FFCD5018

mem[X,0x0000000080000B50] -> 0x1F13
mem[X,0x0000000080000B52] -> 0x00BF
[729] [M]: 0x0000000080000B50 (0x00BF1F13) slli t5, t5, 0xb
x30 <- 0xFFFDCFFE6A80C000

mem[X,0x0000000080000B54] -> 0x0F13
mem[X,0x0000000080000B56] -> 0x1B7F
[730] [M]: 0x0000000080000B54 (0x1B7F0F13) addi t5, t5, 0x1b7
x30 <- 0xFFFDCFFE6A80C1B7

mem[X,0x0000000080000B58] -> 0x1F13
mem[X,0x0000000080000B5A] -> 0x00AF
[731] [M]: 0x0000000080000B58 (0x00AF1F13) slli t5, t5, 0xa
x30 <- 0xF73FF9AA0306DC00

mem[X,0x0000000080000B5C] -> 0x0F13
mem[X,0x0000000080000B5E] -> 0x3FBF
[732] [M]: 0x0000000080000B5C (0x3FBF0F13) addi t5, t5, 0x3fb
x30 <- 0xF73FF9AA0306DFFB

mem[X,0x0000000080000B60] -> 0x2EB7
mem[X,0x0000000080000B62] -> 0xFEFC
[733] [M]: 0x0000000080000B60 (0xFEFC2EB7) lui t4, -0x103e
x29 <- 0xFFFFFFFFFEFC2000

mem[X,0x0000000080000B64] -> 0x8E93
mem[X,0x0000000080000B66] -> 0x0F7E
[734] [M]: 0x0000000080000B64 (0x0F7E8E93) addi t4, t4, 0xf7
x29 <- 0xFFFFFFFFFEFC20F7

mem[X,0x0000000080000B68] -> 0x9E93
mem[X,0x0000000080000B6A] -> 0x00BE
[735] [M]: 0x0000000080000B68 (0x00BE9E93) slli t4, t4, 0xb
x29 <- 0xFFFFFFF7E107B800

mem[X,0x0000000080000B6C] -> 0x8E93
mem[X,0x0000000080000B6E] -> 0x406E
[736] [M]: 0x0000000080000B6C (0x406E8E93) addi t4, t4, 0x406
x29 <- 0xFFFFFFF7E107BC06

mem[X,0x0000000080000B70] -> 0x9E93
mem[X,0x0000000080000B72] -> 0x00BE
[737] [M]: 0x0000000080000B70 (0x00BE9E93) slli t4, t4, 0xb
x29 <- 0xFFFFBF083DE03000

mem[X,0x0000000080000B74] -> 0x8E93
mem[X,0x0000000080000B76] -> 0x02AE
[738] [M]: 0x0000000080000B74 (0x02AE8E93) addi t4, t4, 0x2a
x29 <- 0xFFFFBF083DE0302A

mem[X,0x0000000080000B78] -> 0x9E93
mem[X,0x0000000080000B7A] -> 0x00AE
[739] [M]: 0x0000000080000B78 (0x00AE9E93) slli t4, t4, 0xa
x29 <- 0xFEFC20F780C0A800

mem[X,0x0000000080000B7C] -> 0x8E93
mem[X,0x0000000080000B7E] -> 0x2C0E
[740] [M]: 0x0000000080000B7C (0x2C0E8E93) addi t4, t4, 0x2c0
x29 <- 0xFEFC20F780C0AAC0

mem[X,0x0000000080000B80] -> 0x0FBB
mem[X,0x0000000080000B82] -> 0xBDDF
[741] [M]: 0x0000000080000B80 (0xBDDF0FBB) paaddu.b t6, t5, t4
x31 <- 0xFA9D8CD04163C4DD

mem[X,0x0000000080000B84] -> 0xB023
mem[X,0x0000000080000B86] -> 0x03F0
[742] [M]: 0x0000000080000B84 (0x03F0B023) sd t6, 0x20(ra)
mem[0x0000000080004220] <- 0xFA9D8CD04163C4DD

mem[X,0x0000000080000B88] -> 0x0F37
mem[X,0x0000000080000B8A] -> 0xFA40
[743] [M]: 0x0000000080000B88 (0xFA400F37) lui t5, -0x5c00
x30 <- 0xFFFFFFFFFA400000

mem[X,0x0000000080000B8C] -> 0x0F13
mem[X,0x0000000080000B8E] -> 0x1EFF
[744] [M]: 0x0000000080000B8C (0x1EFF0F13) addi t5, t5, 0x1ef
x30 <- 0xFFFFFFFFFA4001EF

mem[X,0x0000000080000B90] -> 0x1F13
mem[X,0x0000000080000B92] -> 0x00BF
[745] [M]: 0x0000000080000B90 (0x00BF1F13) slli t5, t5, 0xb
x30 <- 0xFFFFFFD2000F7800

mem[X,0x0000000080000B94] -> 0x0F13
mem[X,0x0000000080000B96] -> 0x600F
[746] [M]: 0x0000000080000B94 (0x600F0F13) addi t5, t5, 0x600
x30 <- 0xFFFFFFD2000F7E00

mem[X,0x0000000080000B98] -> 0x1F13
mem[X,0x0000000080000B9A] -> 0x00BF
[747] [M]: 0x0000000080000B98 (0x00BF1F13) slli t5, t5, 0xb
x30 <- 0xFFFE90007BF00000

mem[X,0x0000000080000B9C] -> 0x0F13
mem[X,0x0000000080000B9E] -> 0x055F
[748] [M]: 0x0000000080000B9C (0x055F0F13) addi t5, t5, 0x55
x30 <- 0xFFFE90007BF00055

mem[X,0x0000000080000BA0] -> 0x1F13
mem[X,0x0000000080000BA2] -> 0x00AF
[749] [M]: 0x0000000080000BA0 (0x00AF1F13) slli t5, t5, 0xa
x30 <- 0xFA4001EFC0015400

mem[X,0x0000000080000BA4] -> 0x0F13
mem[X,0x0000000080000BA6] -> 0x1F6F
[750] [M]: 0x0000000080000BA4 (0x1F6F0F13) addi t5, t5, 0x1f6
x30 <- 0xFA4001EFC00155F6

mem[X,0x0000000080000BA8] -> 0x0EB7
mem[X,0x0000000080000BAA] -> 0xC009
[751] [M]: 0x0000000080000BA8 (0xC0090EB7) lui t4, -0x3ff70
x29 <- 0xFFFFFFFFC0090000

mem[X,0x0000000080000BAC] -> 0x8E93
mem[X,0x0000000080000BAE] -> 0xBFAE
[752] [M]: 0x0000000080000BAC (0xBFAE8E93) addi t4, t4, -0x406
x29 <- 0xFFFFFFFFC008FBFA

mem[X,0x0000000080000BB0] -> 0x9E93
mem[X,0x0000000080000BB2] -> 0x00BE
[753] [M]: 0x0000000080000BB0 (0x00BE9E93) slli t4, t4, 0xb
x29 <- 0xFFFFFE0047DFD000

mem[X,0x0000000080000BB4] -> 0x8E93
mem[X,0x0000000080000BB6] -> 0x401E
[754] [M]: 0x0000000080000BB4 (0x401E8E93) addi t4, t4, 0x401
x29 <- 0xFFFFFE0047DFD401

mem[X,0x0000000080000BB8] -> 0x9E93
mem[X,0x0000000080000BBA] -> 0x00BE
[755] [M]: 0x0000000080000BB8 (0x00BE9E93) slli t4, t4, 0xb
x29 <- 0xFFF0023EFEA00800

mem[X,0x0000000080000BBC] -> 0x8E93
mem[X,0x0000000080000BBE] -> 0x7DFE
[756] [M]: 0x0000000080000BBC (0x7DFE8E93) addi t4, t4, 0x7df
x29 <- 0xFFF0023EFEA00FDF

mem[X,0x0000000080000BC0] -> 0x9E93
mem[X,0x0000000080000BC2] -> 0x00AE
[757] [M]: 0x0000000080000BC0 (0x00AE9E93) slli t4, t4, 0xa
x29 <- 0xC008FBFA803F7C00

mem[X,0x0000000080000BC4] -> 0x8E93
mem[X,0x0000000080000BC6] -> 0x301E
[758] [M]: 0x0000000080000BC4 (0x301E8E93) addi t4, t4, 0x301
x29 <- 0xC008FBFA803F7F01

mem[X,0x0000000080000BC8] -> 0x0FBB
mem[X,0x0000000080000BCA] -> 0xBDDF
[759] [M]: 0x0000000080000BC8 (0xBDDF0FBB) paaddu.b t6, t5, t4
x31 <- 0xDD247EF4A0206A7B

mem[X,0x0000000080000BCC] -> 0xB423
mem[X,0x0000000080000BCE] -> 0x03F0
[760] [M]: 0x0000000080000BCC (0x03F0B423) sd t6, 0x28(ra)
mem[0x0000000080004228] <- 0xDD247EF4A0206A7B

mem[X,0x0000000080000BD0] -> 0x0F37
mem[X,0x0000000080000BD2] -> 0xFB40
[761] [M]: 0x0000000080000BD0 (0xFB400F37) lui t5, -0x4c00
x30 <- 0xFFFFFFFFFB400000

mem[X,0x0000000080000BD4] -> 0x0F13
mem[X,0x0000000080000BD6] -> 0x8FAF
[762] [M]: 0x0000000080000BD4 (0x8FAF0F13) addi t5, t5, -0x706
x30 <- 0xFFFFFFFFFB3FF8FA

mem[X,0x0000000080000BD8] -> 0x1F13
mem[X,0x0000000080000BDA] -> 0x00BF
[763] [M]: 0x0000000080000BD8 (0x00BF1F13) slli t5, t5, 0xb
x30 <- 0xFFFFFFD9FFC7D000

mem[X,0x0000000080000BDC] -> 0x0F13
mem[X,0x0000000080000BDE] -> 0x100F
[764] [M]: 0x0000000080000BDC (0x100F0F13) addi t5, t5, 0x100
x30 <- 0xFFFFFFD9FFC7D100

mem[X,0x0000000080000BE0] -> 0x1F13
mem[X,0x0000000080000BE2] -> 0x00BF
[765] [M]: 0x0000000080000BE0 (0x00BF1F13) slli t5, t5, 0xb
x30 <- 0xFFFECFFE3E880000

mem[X,0x0000000080000BE4] -> 0x0F13
mem[X,0x0000000080000BE6] -> 0x03FF
[766] [M]: 0x0000000080000BE4 (0x03FF0F13) addi t5, t5, 0x3f
x30 <- 0xFFFECFFE3E88003F

mem[X,0x0000000080000BE8] -> 0x1F13
mem[X,0x0000000080000BEA] -> 0x00AF
[767] [M]: 0x0000000080000BE8 (0x00AF1F13) slli t5, t5, 0xa
x30 <- 0xFB3FF8FA2000FC00

mem[X,0x0000000080000BEC] -> 0xFEB7
mem[X,0x0000000080000BEE] -> 0x0640
[768] [M]: 0x0000000080000BEC (0x0640FEB7) lui t4, 0x640f
x29 <- 0x000000000640F000

mem[X,0x0000000080000BF0] -> 0x8E93
mem[X,0x0000000080000BF2] -> 0x706E
[769] [M]: 0x0000000080000BF0 (0x706E8E93) addi t4, t4, 0x706
x29 <- 0x000000000640F706

mem[X,0x0000000080000BF4] -> 0x9E93
mem[X,0x0000000080000BF6] -> 0x00BE
[770] [M]: 0x0000000080000BF4 (0x00BE9E93) slli t4, t4, 0xb
x29 <- 0x0000003207B83000

mem[X,0x0000000080000BF8] -> 0x8E93
mem[X,0x0000000080000BFA] -> 0x038E
[771] [M]: 0x0000000080000BF8 (0x038E8E93) addi t4, t4, 0x38
x29 <- 0x0000003207B83038

mem[X,0x0000000080000BFC] -> 0x9E93
mem[X,0x0000000080000BFE] -> 0x00BE
[772] [M]: 0x0000000080000BFC (0x00BE9E93) slli t4, t4, 0xb
x29 <- 0x0001903DC181C000

mem[X,0x0000000080000C00] -> 0x8E93
mem[X,0x0000000080000C02] -> 0x23EE
[773] [M]: 0x0000000080000C00 (0x23EE8E93) addi t4, t4, 0x23e
x29 <- 0x0001903DC181C23E

mem[X,0x0000000080000C04] -> 0x9E93
mem[X,0x0000000080000C06] -> 0x00AE
[774] [M]: 0x0000000080000C04 (0x00AE9E93) slli t4, t4, 0xa
x29 <- 0x0640F7060708F800

mem[X,0x0000000080000C08] -> 0x8E93
mem[X,0x0000000080000C0A] -> 0x3C0E
[775] [M]: 0x0000000080000C08 (0x3C0E8E93) addi t4, t4, 0x3c0
x29 <- 0x0640F7060708FBC0

mem[X,0x0000000080000C0C] -> 0x0FBB
mem[X,0x0000000080000C0E] -> 0xBDDF
[776] [M]: 0x0000000080000C0C (0xBDDF0FBB) paaddu.b t6, t5, t4
x31 <- 0x803FF7801304FB60

mem[X,0x0000000080000C10] -> 0xB823
mem[X,0x0000000080000C12] -> 0x03F0
[777] [M]: 0x0000000080000C10 (0x03F0B823) sd t6, 0x30(ra)
mem[0x0000000080004230] <- 0x803FF7801304FB60

mem[X,0x0000000080000C14] -> 0x1F37
mem[X,0x0000000080000C16] -> 0xFBF6
[778] [M]: 0x0000000080000C14 (0xFBF61F37) lui t5, -0x409f
x30 <- 0xFFFFFFFFFBF61000

mem[X,0x0000000080000C18] -> 0x0F13
mem[X,0x0000000080000C1A] -> 0x980F
[779] [M]: 0x0000000080000C18 (0x980F0F13) addi t5, t5, -0x680
x30 <- 0xFFFFFFFFFBF60980

mem[X,0x0000000080000C1C] -> 0x1F13
mem[X,0x0000000080000C1E] -> 0x00BF
[780] [M]: 0x0000000080000C1C (0x00BF1F13) slli t5, t5, 0xb
x30 <- 0xFFFFFFDFB04C0000

mem[X,0x0000000080000C20] -> 0x0F13
mem[X,0x0000000080000C22] -> 0x048F
[781] [M]: 0x0000000080000C20 (0x048F0F13) addi t5, t5, 0x48
x30 <- 0xFFFFFFDFB04C0048

mem[X,0x0000000080000C24] -> 0x1F13
mem[X,0x0000000080000C26] -> 0x00BF
[782] [M]: 0x0000000080000C24 (0x00BF1F13) slli t5, t5, 0xb
x30 <- 0xFFFEFD8260024000

mem[X,0x0000000080000C28] -> 0x0F13
mem[X,0x0000000080000C2A] -> 0x202F
[783] [M]: 0x0000000080000C28 (0x202F0F13) addi t5, t5, 0x202
x30 <- 0xFFFEFD8260024202

mem[X,0x0000000080000C2C] -> 0x1F13
mem[X,0x0000000080000C2E] -> 0x00AF
[784] [M]: 0x0000000080000C2C (0x00AF1F13) slli t5, t5, 0xa
x30 <- 0xFBF6098009080800

mem[X,0x0000000080000C30] -> 0x0F13
mem[X,0x0000000080000C32] -> 0x0F9F
[785] [M]: 0x0000000080000C30 (0x0F9F0F13) addi t5, t5, 0xf9
x30 <- 0xFBF60980090808F9

mem[X,0x0000000080000C34] -> 0xFEB7
mem[X,0x0000000080000C36] -> 0xFCFB
[786] [M]: 0x0000000080000C34 (0xFCFBFEB7) lui t4, -0x3041
x29 <- 0xFFFFFFFFFCFBF000

mem[X,0x0000000080000C38] -> 0x8E93
mem[X,0x0000000080000C3A] -> 0xFAAE
[787] [M]: 0x0000000080000C38 (0xFAAE8E93) addi t4, t4, -0x56
x29 <- 0xFFFFFFFFFCFBEFAA

mem[X,0x0000000080000C3C] -> 0x9E93
mem[X,0x0000000080000C3E] -> 0x00BE
[788] [M]: 0x0000000080000C3C (0x00BE9E93) slli t4, t4, 0xb
x29 <- 0xFFFFFFE7DF7D5000

mem[X,0x0000000080000C40] -> 0x8E93
mem[X,0x0000000080000C42] -> 0x040E
[789] [M]: 0x0000000080000C40 (0x040E8E93) addi t4, t4, 0x40
x29 <- 0xFFFFFFE7DF7D5040

mem[X,0x0000000080000C44] -> 0x9E93
mem[X,0x0000000080000C46] -> 0x00BE
[790] [M]: 0x0000000080000C44 (0x00BE9E93) slli t4, t4, 0xb
x29 <- 0xFFFF3EFBEA820000

mem[X,0x0000000080000C48] -> 0x8E93
mem[X,0x0000000080000C4A] -> 0x180E
[791] [M]: 0x0000000080000C48 (0x180E8E93) addi t4, t4, 0x180
x29 <- 0xFFFF3EFBEA820180

mem[X,0x0000000080000C4C] -> 0x9E93
mem[X,0x0000000080000C4E] -> 0x00AE
[792] [M]: 0x0000000080000C4C (0x00AE9E93) slli t4, t4, 0xa
x29 <- 0xFCFBEFAA08060000

mem[X,0x0000000080000C50] -> 0x0FBB
mem[X,0x0000000080000C52] -> 0xBDDF
[793] [M]: 0x0000000080000C50 (0xBDDF0FBB) paaddu.b t6, t5, t4
x31 <- 0xFBF87C950807047C

mem[X,0x0000000080000C54] -> 0xBC23
mem[X,0x0000000080000C56] -> 0x03F0
[794] [M]: 0x0000000080000C54 (0x03F0BC23) sd t6, 0x38(ra)
mem[0x0000000080004238] <- 0xFBF87C950807047C

mem[X,0x0000000080000C58] -> 0x5F37
mem[X,0x0000000080000C5A] -> 0xFEF8
[795] [M]: 0x0000000080000C58 (0xFEF85F37) lui t5, -0x107b
x30 <- 0xFFFFFFFFFEF85000

mem[X,0x0000000080000C5C] -> 0x0F13
mem[X,0x0000000080000C5E] -> 0x5C0F
[796] [M]: 0x0000000080000C5C (0x5C0F0F13) addi t5, t5, 0x5c0
x30 <- 0xFFFFFFFFFEF855C0

mem[X,0x0000000080000C60] -> 0x1F13
mem[X,0x0000000080000C62] -> 0x00BF
[797] [M]: 0x0000000080000C60 (0x00BF1F13) slli t5, t5, 0xb
x30 <- 0xFFFFFFF7C2AE0000

mem[X,0x0000000080000C64] -> 0x0F13
mem[X,0x0000000080000C66] -> 0x037F
[798] [M]: 0x0000000080000C64 (0x037F0F13) addi t5, t5, 0x37
x30 <- 0xFFFFFFF7C2AE0037

mem[X,0x0000000080000C68] -> 0x1F13
mem[X,0x0000000080000C6A] -> 0x00BF
[799] [M]: 0x0000000080000C68 (0x00BF1F13) slli t5, t5, 0xb
x30 <- 0xFFFFBE157001B800

clint::tick mtime <- 0x0000000000000008
 clint timer pending at mtime 0x0000000000000008
htif::tick 0x0000000000000000
mem[X,0x0000000080000C6C] -> 0x0F13
mem[X,0x0000000080000C6E] -> 0x63FF
[800] [M]: 0x0000000080000C6C (0x63FF0F13) addi t5, t5, 0x63f
x30 <- 0xFFFFBE157001BE3F

mem[X,0x0000000080000C70] -> 0x1F13
mem[X,0x0000000080000C72] -> 0x00AF
[801] [M]: 0x0000000080000C70 (0x00AF1F13) slli t5, t5, 0xa
x30 <- 0xFEF855C006F8FC00

mem[X,0x0000000080000C74] -> 0x0F13
mem[X,0x0000000080000C76] -> 0x120F
[802] [M]: 0x0000000080000C74 (0x120F0F13) addi t5, t5, 0x120
x30 <- 0xFEF855C006F8FD20

mem[X,0x0000000080000C78] -> 0xCEB7
mem[X,0x0000000080000C7A] -> 0x0540
[803] [M]: 0x0000000080000C78 (0x0540CEB7) lui t4, 0x540c
x29 <- 0x000000000540C000

mem[X,0x0000000080000C7C] -> 0x8E93
mem[X,0x0000000080000C7E] -> 0xF07E
[804] [M]: 0x0000000080000C7C (0xF07E8E93) addi t4, t4, -0xf9
x29 <- 0x000000000540BF07

mem[X,0x0000000080000C80] -> 0x9E93
mem[X,0x0000000080000C82] -> 0x00BE
[805] [M]: 0x0000000080000C80 (0x00BE9E93) slli t4, t4, 0xb
x29 <- 0x0000002A05F83800

mem[X,0x0000000080000C84] -> 0x8E93
mem[X,0x0000000080000C86] -> 0x018E
[806] [M]: 0x0000000080000C84 (0x018E8E93) addi t4, t4, 0x18
x29 <- 0x0000002A05F83818

mem[X,0x0000000080000C88] -> 0x9E93
mem[X,0x0000000080000C8A] -> 0x00BE
[807] [M]: 0x0000000080000C88 (0x00BE9E93) slli t4, t4, 0xb
x29 <- 0x0001502FC1C0C000

mem[X,0x0000000080000C8C] -> 0x8E93
mem[X,0x0000000080000C8E] -> 0x27EE
[808] [M]: 0x0000000080000C8C (0x27EE8E93) addi t4, t4, 0x27e
x29 <- 0x0001502FC1C0C27E

mem[X,0x0000000080000C90] -> 0x9E93
mem[X,0x0000000080000C92] -> 0x00AE
[809] [M]: 0x0000000080000C90 (0x00AE9E93) slli t4, t4, 0xa
x29 <- 0x0540BF070309F800

mem[X,0x0000000080000C94] -> 0x8E93
mem[X,0x0000000080000C96] -> 0x3C0E
[810] [M]: 0x0000000080000C94 (0x3C0E8E93) addi t4, t4, 0x3c0
x29 <- 0x0540BF070309FBC0

mem[X,0x0000000080000C98] -> 0x0FBB
mem[X,0x0000000080000C9A] -> 0xBDDF
[811] [M]: 0x0000000080000C98 (0xBDDF0FBB) paaddu.b t6, t5, t4
x31 <- 0x819C8A630480FC70

mem[X,0x0000000080000C9C] -> 0xB023
mem[X,0x0000000080000C9E] -> 0x05F0
[812] [M]: 0x0000000080000C9C (0x05F0B023) sd t6, 0x40(ra)
mem[0x0000000080004240] <- 0x819C8A630480FC70

mem[X,0x0000000080000CA0] -> 0x1F37
mem[X,0x0000000080000CA2] -> 0xFD04
[813] [M]: 0x0000000080000CA0 (0xFD041F37) lui t5, -0x2fbf
x30 <- 0xFFFFFFFFFD041000

mem[X,0x0000000080000CA4] -> 0x0F13
mem[X,0x0000000080000CA6] -> 0x807F
[814] [M]: 0x0000000080000CA4 (0x807F0F13) addi t5, t5, -0x7f9
x30 <- 0xFFFFFFFFFD040807

mem[X,0x0000000080000CA8] -> 0x1F13
mem[X,0x0000000080000CAA] -> 0x00BF
[815] [M]: 0x0000000080000CA8 (0x00BF1F13) slli t5, t5, 0xb
x30 <- 0xFFFFFFE820403800

mem[X,0x0000000080000CAC] -> 0x0F13
mem[X,0x0000000080000CAE] -> 0x7E0F
[816] [M]: 0x0000000080000CAC (0x7E0F0F13) addi t5, t5, 0x7e0
x30 <- 0xFFFFFFE820403FE0

mem[X,0x0000000080000CB0] -> 0x1F13
mem[X,0x0000000080000CB2] -> 0x00BF
[817] [M]: 0x0000000080000CB0 (0x00BF1F13) slli t5, t5, 0xb
x30 <- 0xFFFF410201FF0000

mem[X,0x0000000080000CB4] -> 0x0F13
mem[X,0x0000000080000CB6] -> 0x17FF
[818] [M]: 0x0000000080000CB4 (0x17FF0F13) addi t5, t5, 0x17f
x30 <- 0xFFFF410201FF017F

mem[X,0x0000000080000CB8] -> 0x1F13
mem[X,0x0000000080000CBA] -> 0x00AF
[819] [M]: 0x0000000080000CB8 (0x00AF1F13) slli t5, t5, 0xa
x30 <- 0xFD040807FC05FC00

mem[X,0x0000000080000CBC] -> 0x0F13
mem[X,0x0000000080000CBE] -> 0x0BFF
[820] [M]: 0x0000000080000CBC (0x0BFF0F13) addi t5, t5, 0xbf
x30 <- 0xFD040807FC05FCBF

mem[X,0x0000000080000CC0] -> 0x5EB7
mem[X,0x0000000080000CC2] -> 0x0709
[821] [M]: 0x0000000080000CC0 (0x07095EB7) lui t4, 0x7095
x29 <- 0x0000000007095000

mem[X,0x0000000080000CC4] -> 0x8E93
mem[X,0x0000000080000CC6] -> 0x540E
[822] [M]: 0x0000000080000CC4 (0x540E8E93) addi t4, t4, 0x540
x29 <- 0x0000000007095540

mem[X,0x0000000080000CC8] -> 0x9E93
mem[X,0x0000000080000CCA] -> 0x00BE
[823] [M]: 0x0000000080000CC8 (0x00BE9E93) slli t4, t4, 0xb
x29 <- 0x000000384AAA0000

mem[X,0x0000000080000CCC] -> 0x8E93
mem[X,0x0000000080000CCE] -> 0x032E
[824] [M]: 0x0000000080000CCC (0x032E8E93) addi t4, t4, 0x32
x29 <- 0x000000384AAA0032

mem[X,0x0000000080000CD0] -> 0x9E93
mem[X,0x0000000080000CD2] -> 0x00BE
[825] [M]: 0x0000000080000CD0 (0x00BE9E93) slli t4, t4, 0xb
x29 <- 0x0001C25550019000

mem[X,0x0000000080000CD4] -> 0x8E93
mem[X,0x0000000080000CD6] -> 0x56FE
[826] [M]: 0x0000000080000CD4 (0x56FE8E93) addi t4, t4, 0x56f
x29 <- 0x0001C2555001956F

mem[X,0x0000000080000CD8] -> 0x9E93
mem[X,0x0000000080000CDA] -> 0x00AE
[827] [M]: 0x0000000080000CD8 (0x00AE9E93) slli t4, t4, 0xa
x29 <- 0x070955400655BC00

mem[X,0x0000000080000CDC] -> 0x8E93
mem[X,0x0000000080000CDE] -> 0x320E
[828] [M]: 0x0000000080000CDC (0x320E8E93) addi t4, t4, 0x320
x29 <- 0x070955400655BF20

mem[X,0x0000000080000CE0] -> 0x0FBB
mem[X,0x0000000080000CE2] -> 0xBDDF
[829] [M]: 0x0000000080000CE0 (0xBDDF0FBB) paaddu.b t6, t5, t4
x31 <- 0x82062E23812DDD6F

mem[X,0x0000000080000CE4] -> 0xB423
mem[X,0x0000000080000CE6] -> 0x05F0
[830] [M]: 0x0000000080000CE4 (0x05F0B423) sd t6, 0x48(ra)
mem[0x0000000080004248] <- 0x82062E23812DDD6F

mem[X,0x0000000080000CE8] -> 0x0F37
mem[X,0x0000000080000CEA] -> 0x0800
[831] [M]: 0x0000000080000CE8 (0x08000F37) lui t5, 0x8000
x30 <- 0x0000000008000000

mem[X,0x0000000080000CEC] -> 0x0F13
mem[X,0x0000000080000CEE] -> 0x680F
[832] [M]: 0x0000000080000CEC (0x680F0F13) addi t5, t5, 0x680
x30 <- 0x0000000008000680

mem[X,0x0000000080000CF0] -> 0x1F13
mem[X,0x0000000080000CF2] -> 0x00BF
[833] [M]: 0x0000000080000CF0 (0x00BF1F13) slli t5, t5, 0xb
x30 <- 0x0000004000340000

mem[X,0x0000000080000CF4] -> 0x0F13
mem[X,0x0000000080000CF6] -> 0x5FFF
[834] [M]: 0x0000000080000CF4 (0x5FFF0F13) addi t5, t5, 0x5ff
x30 <- 0x00000040003405FF

mem[X,0x0000000080000CF8] -> 0x1F13
mem[X,0x0000000080000CFA] -> 0x00BF
[835] [M]: 0x0000000080000CF8 (0x00BF1F13) slli t5, t5, 0xb
x30 <- 0x00020001A02FF800

mem[X,0x0000000080000CFC] -> 0x0F13
mem[X,0x0000000080000CFE] -> 0x5F0F
[836] [M]: 0x0000000080000CFC (0x5F0F0F13) addi t5, t5, 0x5f0
x30 <- 0x00020001A02FFDF0

mem[X,0x0000000080000D00] -> 0x1F13
mem[X,0x0000000080000D02] -> 0x00AF
[837] [M]: 0x0000000080000D00 (0x00AF1F13) slli t5, t5, 0xa
x30 <- 0x08000680BFF7C000

mem[X,0x0000000080000D04] -> 0x0F13
mem[X,0x0000000080000D06] -> 0x0F8F
[838] [M]: 0x0000000080000D04 (0x0F8F0F13) addi t5, t5, 0xf8
x30 <- 0x08000680BFF7C0F8

mem[X,0x0000000080000D08] -> 0xFEB7
mem[X,0x0000000080000D0A] -> 0xFFFF
[839] [M]: 0x0000000080000D08 (0xFFFFFEB7) lui t4, -0x1
x29 <- 0xFFFFFFFFFFFFF000

mem[X,0x0000000080000D0C] -> 0x8E93
mem[X,0x0000000080000D0E] -> 0x755E
[840] [M]: 0x0000000080000D0C (0x755E8E93) addi t4, t4, 0x755
x29 <- 0xFFFFFFFFFFFFF755

mem[X,0x0000000080000D10] -> 0x9E93
mem[X,0x0000000080000D12] -> 0x00BE
[841] [M]: 0x0000000080000D10 (0x00BE9E93) slli t4, t4, 0xb
x29 <- 0xFFFFFFFFFFBAA800

mem[X,0x0000000080000D14] -> 0x8E93
mem[X,0x0000000080000D16] -> 0x02FE
[842] [M]: 0x0000000080000D14 (0x02FE8E93) addi t4, t4, 0x2f
x29 <- 0xFFFFFFFFFFBAA82F

mem[X,0x0000000080000D18] -> 0x9E93
mem[X,0x0000000080000D1A] -> 0x00BE
[843] [M]: 0x0000000080000D18 (0x00BE9E93) slli t4, t4, 0xb
x29 <- 0xFFFFFFFDD5417800

mem[X,0x0000000080000D1C] -> 0x8E93
mem[X,0x0000000080000D1E] -> 0x704E
[844] [M]: 0x0000000080000D1C (0x704E8E93) addi t4, t4, 0x704
x29 <- 0xFFFFFFFDD5417F04

mem[X,0x0000000080000D20] -> 0x9E93
mem[X,0x0000000080000D22] -> 0x00AE
[845] [M]: 0x0000000080000D20 (0x00AE9E93) slli t4, t4, 0xa
x29 <- 0xFFFFF75505FC1000

mem[X,0x0000000080000D24] -> 0x8E93
mem[X,0x0000000080000D26] -> 0x0AAE
[846] [M]: 0x0000000080000D24 (0x0AAE8E93) addi t4, t4, 0xaa
x29 <- 0xFFFFF75505FC10AA

mem[X,0x0000000080000D28] -> 0x0FBB
mem[X,0x0000000080000D2A] -> 0xBDDF
[847] [M]: 0x0000000080000D28 (0xBDDF0FBB) paaddu.b t6, t5, t4
x31 <- 0x837F7E6A62F968D1

mem[X,0x0000000080000D2C] -> 0xB823
mem[X,0x0000000080000D2E] -> 0x05F0
[848] [M]: 0x0000000080000D2C (0x05F0B823) sd t6, 0x50(ra)
mem[0x0000000080004250] <- 0x837F7E6A62F968D1

mem[X,0x0000000080000D30] -> 0x2F37
mem[X,0x0000000080000D32] -> 0x0310
[849] [M]: 0x0000000080000D30 (0x03102F37) lui t5, 0x3102
x30 <- 0x0000000003102000

mem[X,0x0000000080000D34] -> 0x0F13
mem[X,0x0000000080000D36] -> 0x004F
[850] [M]: 0x0000000080000D34 (0x004F0F13) addi t5, t5, 0x4
x30 <- 0x0000000003102004

mem[X,0x0000000080000D38] -> 0x1F13
mem[X,0x0000000080000D3A] -> 0x00BF
[851] [M]: 0x0000000080000D38 (0x00BF1F13) slli t5, t5, 0xb
x30 <- 0x0000001881002000

mem[X,0x0000000080000D3C] -> 0x0F13
mem[X,0x0000000080000D3E] -> 0x7F7F
[852] [M]: 0x0000000080000D3C (0x7F7F0F13) addi t5, t5, 0x7f7
x30 <- 0x00000018810027F7

mem[X,0x0000000080000D40] -> 0x1F13
mem[X,0x0000000080000D42] -> 0x00BF
[853] [M]: 0x0000000080000D40 (0x00BF1F13) slli t5, t5, 0xb
x30 <- 0x0000C408013FB800

mem[X,0x0000000080000D44] -> 0x0F13
mem[X,0x0000000080000D46] -> 0x700F
[854] [M]: 0x0000000080000D44 (0x700F0F13) addi t5, t5, 0x700
x30 <- 0x0000C408013FBF00

mem[X,0x0000000080000D48] -> 0x1F13
mem[X,0x0000000080000D4A] -> 0x00AF
[855] [M]: 0x0000000080000D48 (0x00AF1F13) slli t5, t5, 0xa
x30 <- 0x03102004FEFC0000

mem[X,0x0000000080000D4C] -> 0x0F13
mem[X,0x0000000080000D4E] -> 0x2FDF
[856] [M]: 0x0000000080000D4C (0x2FDF0F13) addi t5, t5, 0x2fd
x30 <- 0x03102004FEFC02FD

mem[X,0x0000000080000D50] -> 0x0EB7
mem[X,0x0000000080000D52] -> 0x0901
[857] [M]: 0x0000000080000D50 (0x09010EB7) lui t4, 0x9010
x29 <- 0x0000000009010000

mem[X,0x0000000080000D54] -> 0x8E93
mem[X,0x0000000080000D56] -> 0xABFE
[858] [M]: 0x0000000080000D54 (0xABFE8E93) addi t4, t4, -0x541
x29 <- 0x000000000900FABF

mem[X,0x0000000080000D58] -> 0x9E93
mem[X,0x0000000080000D5A] -> 0x00BE
[859] [M]: 0x0000000080000D58 (0x00BE9E93) slli t4, t4, 0xb
x29 <- 0x0000004807D5F800

mem[X,0x0000000080000D5C] -> 0x8E93
mem[X,0x0000000080000D5E] -> 0x030E
[860] [M]: 0x0000000080000D5C (0x030E8E93) addi t4, t4, 0x30
x29 <- 0x0000004807D5F830

mem[X,0x0000000080000D60] -> 0x9E93
mem[X,0x0000000080000D62] -> 0x00BE
[861] [M]: 0x0000000080000D60 (0x00BE9E93) slli t4, t4, 0xb
x29 <- 0x0002403EAFC18000

mem[X,0x0000000080000D64] -> 0x8E93
mem[X,0x0000000080000D66] -> 0x1C4E
[862] [M]: 0x0000000080000D64 (0x1C4E8E93) addi t4, t4, 0x1c4
x29 <- 0x0002403EAFC181C4

mem[X,0x0000000080000D68] -> 0x9E93
mem[X,0x0000000080000D6A] -> 0x00AE
[863] [M]: 0x0000000080000D68 (0x00AE9E93) slli t4, t4, 0xa
x29 <- 0x0900FABF06071000

mem[X,0x0000000080000D6C] -> 0x8E93
mem[X,0x0000000080000D6E] -> 0x007E
[864] [M]: 0x0000000080000D6C (0x007E8E93) addi t4, t4, 0x7
x29 <- 0x0900FABF06071007

mem[X,0x0000000080000D70] -> 0x0FBB
mem[X,0x0000000080000D72] -> 0xBDDF
[865] [M]: 0x0000000080000D70 (0xBDDF0FBB) paaddu.b t6, t5, t4
x31 <- 0x06088D6182810982

mem[X,0x0000000080000D74] -> 0xBC23
mem[X,0x0000000080000D76] -> 0x05F0
[866] [M]: 0x0000000080000D74 (0x05F0BC23) sd t6, 0x58(ra)
mem[0x0000000080004258] <- 0x06088D6182810982

mem[X,0x0000000080000D78] -> 0x5F37
mem[X,0x0000000080000D7A] -> 0x5508
[867] [M]: 0x0000000080000D78 (0x55085F37) lui t5, 0x55085
x30 <- 0x0000000055085000

mem[X,0x0000000080000D7C] -> 0x0F13
mem[X,0x0000000080000D7E] -> 0x506F
[868] [M]: 0x0000000080000D7C (0x506F0F13) addi t5, t5, 0x506
x30 <- 0x0000000055085506

mem[X,0x0000000080000D80] -> 0x1F13
mem[X,0x0000000080000D82] -> 0x00BF
[869] [M]: 0x0000000080000D80 (0x00BF1F13) slli t5, t5, 0xb
x30 <- 0x000002A842A83000

mem[X,0x0000000080000D84] -> 0x0F13
mem[X,0x0000000080000D86] -> 0x557F
[870] [M]: 0x0000000080000D84 (0x557F0F13) addi t5, t5, 0x557
x30 <- 0x000002A842A83557

mem[X,0x0000000080000D88] -> 0x1F13
mem[X,0x0000000080000D8A] -> 0x00BF
[871] [M]: 0x0000000080000D88 (0x00BF1F13) slli t5, t5, 0xb
x30 <- 0x0015421541AAB800

mem[X,0x0000000080000D8C] -> 0x0F13
mem[X,0x0000000080000D8E] -> 0x590F
[872] [M]: 0x0000000080000D8C (0x590F0F13) addi t5, t5, 0x590
x30 <- 0x0015421541AABD90

mem[X,0x0000000080000D90] -> 0x1F13
mem[X,0x0000000080000D92] -> 0x00AF
[873] [M]: 0x0000000080000D90 (0x00AF1F13) slli t5, t5, 0xa
x30 <- 0x55085506AAF64000

mem[X,0x0000000080000D94] -> 0x0F13
mem[X,0x0000000080000D96] -> 0x009F
[874] [M]: 0x0000000080000D94 (0x009F0F13) addi t5, t5, 0x9
x30 <- 0x55085506AAF64009

mem[X,0x0000000080000D98] -> 0x4EB7
mem[X,0x0000000080000D9A] -> 0x0002
[875] [M]: 0x0000000080000D98 (0x00024EB7) lui t4, 0x24
x29 <- 0x0000000000024000

mem[X,0x0000000080000D9C] -> 0x8E93
mem[X,0x0000000080000D9E] -> 0xF06E
[876] [M]: 0x0000000080000D9C (0xF06E8E93) addi t4, t4, -0xfa
x29 <- 0x0000000000023F06

mem[X,0x0000000080000DA0] -> 0x9E93
mem[X,0x0000000080000DA2] -> 0x00BE
[877] [M]: 0x0000000080000DA0 (0x00BE9E93) slli t4, t4, 0xb
x29 <- 0x0000000011F83000

mem[X,0x0000000080000DA4] -> 0x8E93
mem[X,0x0000000080000DA6] -> 0x7BFE
[878] [M]: 0x0000000080000DA4 (0x7BFE8E93) addi t4, t4, 0x7bf
x29 <- 0x0000000011F837BF

mem[X,0x0000000080000DA8] -> 0x9E93
mem[X,0x0000000080000DAA] -> 0x00BE
[879] [M]: 0x0000000080000DA8 (0x00BE9E93) slli t4, t4, 0xb
x29 <- 0x0000008FC1BDF800

mem[X,0x0000000080000DAC] -> 0x8E93
mem[X,0x0000000080000DAE] -> 0x6D0E
[880] [M]: 0x0000000080000DAC (0x6D0E8E93) addi t4, t4, 0x6d0
x29 <- 0x0000008FC1BDFED0

mem[X,0x0000000080000DB0] -> 0x9E93
mem[X,0x0000000080000DB2] -> 0x00AE
[881] [M]: 0x0000000080000DB0 (0x00AE9E93) slli t4, t4, 0xa
x29 <- 0x00023F06F7FB4000

mem[X,0x0000000080000DB4] -> 0x8E93
mem[X,0x0000000080000DB6] -> 0x040E
[882] [M]: 0x0000000080000DB4 (0x040E8E93) addi t4, t4, 0x40
x29 <- 0x00023F06F7FB4040

mem[X,0x0000000080000DB8] -> 0x0FBB
mem[X,0x0000000080000DBA] -> 0xBDDF
[883] [M]: 0x0000000080000DB8 (0xBDDF0FBB) paaddu.b t6, t5, t4
x31 <- 0x2A054A06D0F84024

mem[X,0x0000000080000DBC] -> 0xB023
mem[X,0x0000000080000DBE] -> 0x07F0
[884] [M]: 0x0000000080000DBC (0x07F0B023) sd t6, 0x60(ra)
mem[0x0000000080004260] <- 0x2A054A06D0F84024

mem[X,0x0000000080000DC0] -> 0xCF37
mem[X,0x0000000080000DC2] -> 0x0509
[885] [M]: 0x0000000080000DC0 (0x0509CF37) lui t5, 0x509c
x30 <- 0x000000000509C000

mem[X,0x0000000080000DC4] -> 0x0F13
mem[X,0x0000000080000DC6] -> 0x020F
[886] [M]: 0x0000000080000DC4 (0x020F0F13) addi t5, t5, 0x20
x30 <- 0x000000000509C020

mem[X,0x0000000080000DC8] -> 0x1F13
mem[X,0x0000000080000DCA] -> 0x00BF
[887] [M]: 0x0000000080000DC8 (0x00BF1F13) slli t5, t5, 0xb
x30 <- 0x000000284E010000

mem[X,0x0000000080000DCC] -> 0x0F13
mem[X,0x0000000080000DCE] -> 0x552F
[888] [M]: 0x0000000080000DCC (0x552F0F13) addi t5, t5, 0x552
x30 <- 0x000000284E010552

mem[X,0x0000000080000DD0] -> 0x1F13
mem[X,0x0000000080000DD2] -> 0x00BF
[889] [M]: 0x0000000080000DD0 (0x00BF1F13) slli t5, t5, 0xb
x30 <- 0x00014270082A9000

mem[X,0x0000000080000DD4] -> 0x0F13
mem[X,0x0000000080000DD6] -> 0x57DF
[890] [M]: 0x0000000080000DD4 (0x57DF0F13) addi t5, t5, 0x57d
x30 <- 0x00014270082A957D

mem[X,0x0000000080000DD8] -> 0x1F13
mem[X,0x0000000080000DDA] -> 0x00AF
[891] [M]: 0x0000000080000DD8 (0x00AF1F13) slli t5, t5, 0xa
x30 <- 0x0509C020AA55F400

mem[X,0x0000000080000DDC] -> 0x0F13
mem[X,0x0000000080000DDE] -> 0x3F7F
[892] [M]: 0x0000000080000DDC (0x3F7F0F13) addi t5, t5, 0x3f7
x30 <- 0x0509C020AA55F7F7

mem[X,0x0000000080000DE0] -> 0xBEB7
mem[X,0x0000000080000DE2] -> 0x4010
[893] [M]: 0x0000000080000DE0 (0x4010BEB7) lui t4, 0x4010b
x29 <- 0x000000004010B000

mem[X,0x0000000080000DE4] -> 0x8E93
mem[X,0x0000000080000DE6] -> 0xA55E
[894] [M]: 0x0000000080000DE4 (0xA55E8E93) addi t4, t4, -0x5ab
x29 <- 0x000000004010AA55

mem[X,0x0000000080000DE8] -> 0x9E93
mem[X,0x0000000080000DEA] -> 0x00BE
[895] [M]: 0x0000000080000DE8 (0x00BE9E93) slli t4, t4, 0xb
x29 <- 0x000002008552A800

mem[X,0x0000000080000DEC] -> 0x8E93
mem[X,0x0000000080000DEE] -> 0x407E
[896] [M]: 0x0000000080000DEC (0x407E8E93) addi t4, t4, 0x407
x29 <- 0x000002008552AC07

mem[X,0x0000000080000DF0] -> 0x9E93
mem[X,0x0000000080000DF2] -> 0x00BE
[897] [M]: 0x0000000080000DF0 (0x00BE9E93) slli t4, t4, 0xb
x29 <- 0x0010042A95603800

mem[X,0x0000000080000DF4] -> 0x8E93
mem[X,0x0000000080000DF6] -> 0x3FDE
[898] [M]: 0x0000000080000DF4 (0x3FDE8E93) addi t4, t4, 0x3fd
x29 <- 0x0010042A95603BFD

mem[X,0x0000000080000DF8] -> 0x9E93
mem[X,0x0000000080000DFA] -> 0x00AE
[899] [M]: 0x0000000080000DF8 (0x00AE9E93) slli t4, t4, 0xa
x29 <- 0x4010AA5580EFF400

clint::tick mtime <- 0x0000000000000009
 clint timer pending at mtime 0x0000000000000009
htif::tick 0x0000000000000000
mem[X,0x0000000080000DFC] -> 0x8E93
mem[X,0x0000000080000DFE] -> 0x307E
[900] [M]: 0x0000000080000DFC (0x307E8E93) addi t4, t4, 0x307
x29 <- 0x4010AA5580EFF707

mem[X,0x0000000080000E00] -> 0x0FBB
mem[X,0x0000000080000E02] -> 0xBDDF
[901] [M]: 0x0000000080000E00 (0xBDDF0FBB) paaddu.b t6, t5, t4
x31 <- 0x220CB53A95A2F77F

mem[X,0x0000000080000E04] -> 0xB423
mem[X,0x0000000080000E06] -> 0x07F0
[902] [M]: 0x0000000080000E04 (0x07F0B423) sd t6, 0x68(ra)
mem[0x0000000080004268] <- 0x220CB53A95A2F77F

mem[X,0x0000000080000E08] -> 0x5F37
mem[X,0x0000000080000E0A] -> 0x5500
[903] [M]: 0x0000000080000E08 (0x55005F37) lui t5, 0x55005
x30 <- 0x0000000055005000

mem[X,0x0000000080000E0C] -> 0x0F13
mem[X,0x0000000080000E0E] -> 0x5F7F
[904] [M]: 0x0000000080000E0C (0x5F7F0F13) addi t5, t5, 0x5f7
x30 <- 0x00000000550055F7

mem[X,0x0000000080000E10] -> 0x1F13
mem[X,0x0000000080000E12] -> 0x00BF
[905] [M]: 0x0000000080000E10 (0x00BF1F13) slli t5, t5, 0xb
x30 <- 0x000002A802AFB800

mem[X,0x0000000080000E14] -> 0x0F13
mem[X,0x0000000080000E16] -> 0x00DF
[906] [M]: 0x0000000080000E14 (0x00DF0F13) addi t5, t5, 0xd
x30 <- 0x000002A802AFB80D

mem[X,0x0000000080000E18] -> 0x1F13
mem[X,0x0000000080000E1A] -> 0x00BF
[907] [M]: 0x0000000080000E18 (0x00BF1F13) slli t5, t5, 0xb
x30 <- 0x001540157DC06800

mem[X,0x0000000080000E1C] -> 0x0F13
mem[X,0x0000000080000E1E] -> 0x7EFF
[908] [M]: 0x0000000080000E1C (0x7EFF0F13) addi t5, t5, 0x7ef
x30 <- 0x001540157DC06FEF

mem[X,0x0000000080000E20] -> 0x1F13
mem[X,0x0000000080000E22] -> 0x00AF
[909] [M]: 0x0000000080000E20 (0x00AF1F13) slli t5, t5, 0xa
x30 <- 0x550055F701BFBC00

mem[X,0x0000000080000E24] -> 0x0F13
mem[X,0x0000000080000E26] -> 0x380F
[910] [M]: 0x0000000080000E24 (0x380F0F13) addi t5, t5, 0x380
x30 <- 0x550055F701BFBF80

mem[X,0x0000000080000E28] -> 0x0EB7
mem[X,0x0000000080000E2A] -> 0xC020
[911] [M]: 0x0000000080000E28 (0xC0200EB7) lui t4, -0x3fe00
x29 <- 0xFFFFFFFFC0200000

mem[X,0x0000000080000E2C] -> 0x8E93
mem[X,0x0000000080000E2E] -> 0x109E
[912] [M]: 0x0000000080000E2C (0x109E8E93) addi t4, t4, 0x109
x29 <- 0xFFFFFFFFC0200109

mem[X,0x0000000080000E30] -> 0x9E93
mem[X,0x0000000080000E32] -> 0x00BE
[913] [M]: 0x0000000080000E30 (0x00BE9E93) slli t4, t4, 0xb
x29 <- 0xFFFFFE0100084800

mem[X,0x0000000080000E34] -> 0x8E93
mem[X,0x0000000080000E36] -> 0x7E6E
[914] [M]: 0x0000000080000E34 (0x7E6E8E93) addi t4, t4, 0x7e6
x29 <- 0xFFFFFE0100084FE6

mem[X,0x0000000080000E38] -> 0x9E93
mem[X,0x0000000080000E3A] -> 0x00BE
[915] [M]: 0x0000000080000E38 (0x00BE9E93) slli t4, t4, 0xb
x29 <- 0xFFF00800427F3000

mem[X,0x0000000080000E3C] -> 0x8E93
mem[X,0x0000000080000E3E] -> 0x015E
[916] [M]: 0x0000000080000E3C (0x015E8E93) addi t4, t4, 0x15
x29 <- 0xFFF00800427F3015

mem[X,0x0000000080000E40] -> 0x9E93
mem[X,0x0000000080000E42] -> 0x00AE
[917] [M]: 0x0000000080000E40 (0x00AE9E93) slli t4, t4, 0xa
x29 <- 0xC0200109FCC05400

mem[X,0x0000000080000E44] -> 0x8E93
mem[X,0x0000000080000E46] -> 0x1F9E
[918] [M]: 0x0000000080000E44 (0x1F9E8E93) addi t4, t4, 0x1f9
x29 <- 0xC0200109FCC055F9

mem[X,0x0000000080000E48] -> 0x0FBB
mem[X,0x0000000080000E4A] -> 0xBDDF
[919] [M]: 0x0000000080000E48 (0xBDDF0FBB) paaddu.b t6, t5, t4
x31 <- 0x8A102B807EBF8ABC

mem[X,0x0000000080000E4C] -> 0xB823
mem[X,0x0000000080000E4E] -> 0x07F0
[920] [M]: 0x0000000080000E4C (0x07F0B823) sd t6, 0x70(ra)
mem[0x0000000080004270] <- 0x8A102B807EBF8ABC

mem[X,0x0000000080000E50] -> 0x0F37
mem[X,0x0000000080000E52] -> 0xF6FC
[921] [M]: 0x0000000080000E50 (0xF6FC0F37) lui t5, -0x9040
x30 <- 0xFFFFFFFFF6FC0000

mem[X,0x0000000080000E54] -> 0x0F13
mem[X,0x0000000080000E56] -> 0xA08F
[922] [M]: 0x0000000080000E54 (0xA08F0F13) addi t5, t5, -0x5f8
x30 <- 0xFFFFFFFFF6FBFA08

mem[X,0x0000000080000E58] -> 0x1F13
mem[X,0x0000000080000E5A] -> 0x00BF
[923] [M]: 0x0000000080000E58 (0x00BF1F13) slli t5, t5, 0xb
x30 <- 0xFFFFFFB7DFD04000

mem[X,0x0000000080000E5C] -> 0x0F13
mem[X,0x0000000080000E5E] -> 0x1FCF
[924] [M]: 0x0000000080000E5C (0x1FCF0F13) addi t5, t5, 0x1fc
x30 <- 0xFFFFFFB7DFD041FC

mem[X,0x0000000080000E60] -> 0x1F13
mem[X,0x0000000080000E62] -> 0x00BF
[925] [M]: 0x0000000080000E60 (0x00BF1F13) slli t5, t5, 0xb
x30 <- 0xFFFDBEFE820FE000

mem[X,0x0000000080000E64] -> 0x0F13
mem[X,0x0000000080000E66] -> 0x004F
[926] [M]: 0x0000000080000E64 (0x004F0F13) addi t5, t5, 0x4
x30 <- 0xFFFDBEFE820FE004

mem[X,0x0000000080000E68] -> 0x1F13
mem[X,0x0000000080000E6A] -> 0x00AF
[927] [M]: 0x0000000080000E68 (0x00AF1F13) slli t5, t5, 0xa
x30 <- 0xF6FBFA083F801000

mem[X,0x0000000080000E6C] -> 0x0F13
mem[X,0x0000000080000E6E] -> 0x080F
[928] [M]: 0x0000000080000E6C (0x080F0F13) addi t5, t5, 0x80
x30 <- 0xF6FBFA083F801080

mem[X,0x0000000080000E70] -> 0x1EB7
mem[X,0x0000000080000E72] -> 0xFFF7
[929] [M]: 0x0000000080000E70 (0xFFF71EB7) lui t4, -0x8f
x29 <- 0xFFFFFFFFFFF71000

mem[X,0x0000000080000E74] -> 0x8E93
mem[X,0x0000000080000E76] -> 0x0F6E
[930] [M]: 0x0000000080000E74 (0x0F6E8E93) addi t4, t4, 0xf6
x29 <- 0xFFFFFFFFFFF710F6

mem[X,0x0000000080000E78] -> 0x9E93
mem[X,0x0000000080000E7A] -> 0x00BE
[931] [M]: 0x0000000080000E78 (0x00BE9E93) slli t4, t4, 0xb
x29 <- 0xFFFFFFFFB887B000

mem[X,0x0000000080000E7C] -> 0x8E93
mem[X,0x0000000080000E7E] -> 0x7E6E
[932] [M]: 0x0000000080000E7C (0x7E6E8E93) addi t4, t4, 0x7e6
x29 <- 0xFFFFFFFFB887B7E6

mem[X,0x0000000080000E80] -> 0x9E93
mem[X,0x0000000080000E82] -> 0x00BE
[933] [M]: 0x0000000080000E80 (0x00BE9E93) slli t4, t4, 0xb
x29 <- 0xFFFFFDC43DBF3000

mem[X,0x0000000080000E84] -> 0x8E93
mem[X,0x0000000080000E86] -> 0x03EE
[934] [M]: 0x0000000080000E84 (0x03EE8E93) addi t4, t4, 0x3e
x29 <- 0xFFFFFDC43DBF303E

mem[X,0x0000000080000E88] -> 0x9E93
mem[X,0x0000000080000E8A] -> 0x00AE
[935] [M]: 0x0000000080000E88 (0x00AE9E93) slli t4, t4, 0xa
x29 <- 0xFFF710F6FCC0F800

mem[X,0x0000000080000E8C] -> 0x8E93
mem[X,0x0000000080000E8E] -> 0x280E
[936] [M]: 0x0000000080000E8C (0x280E8E93) addi t4, t4, 0x280
x29 <- 0xFFF710F6FCC0FA80

mem[X,0x0000000080000E90] -> 0x0FBB
mem[X,0x0000000080000E92] -> 0xBDDF
[937] [M]: 0x0000000080000E90 (0xBDDF0FBB) paaddu.b t6, t5, t4
x31 <- 0xFAF9857F9DA08580

mem[X,0x0000000080000E94] -> 0xBC23
mem[X,0x0000000080000E96] -> 0x07F0
[938] [M]: 0x0000000080000E94 (0x07F0BC23) sd t6, 0x78(ra)
mem[0x0000000080004278] <- 0xFAF9857F9DA08580

mem[X,0x0000000080000E98] -> 0xFF37
mem[X,0x0000000080000E9A] -> 0xF6DF
[939] [M]: 0x0000000080000E98 (0xF6DFFF37) lui t5, -0x9201
x30 <- 0xFFFFFFFFF6DFF000

mem[X,0x0000000080000E9C] -> 0x0F13
mem[X,0x0000000080000E9E] -> 0xFFFF
[940] [M]: 0x0000000080000E9C (0xFFFF0F13) addi t5, t5, -0x1
x30 <- 0xFFFFFFFFF6DFEFFF

mem[X,0x0000000080000EA0] -> 0x1F13
mem[X,0x0000000080000EA2] -> 0x00BF
[941] [M]: 0x0000000080000EA0 (0x00BF1F13) slli t5, t5, 0xb
x30 <- 0xFFFFFFB6FF7FF800

mem[X,0x0000000080000EA4] -> 0x0F13
mem[X,0x0000000080000EA6] -> 0x6F9F
[942] [M]: 0x0000000080000EA4 (0x6F9F0F13) addi t5, t5, 0x6f9
x30 <- 0xFFFFFFB6FF7FFEF9

mem[X,0x0000000080000EA8] -> 0x1F13
mem[X,0x0000000080000EAA] -> 0x00BF
[943] [M]: 0x0000000080000EA8 (0x00BF1F13) slli t5, t5, 0xb
x30 <- 0xFFFDB7FBFFF7C800

mem[X,0x0000000080000EAC] -> 0x0F13
mem[X,0x0000000080000EAE] -> 0x7D0F
[944] [M]: 0x0000000080000EAC (0x7D0F0F13) addi t5, t5, 0x7d0
x30 <- 0xFFFDB7FBFFF7CFD0

mem[X,0x0000000080000EB0] -> 0x1F13
mem[X,0x0000000080000EB2] -> 0x00AF
[945] [M]: 0x0000000080000EB0 (0x00AF1F13) slli t5, t5, 0xa
x30 <- 0xF6DFEFFFDF3F4000

mem[X,0x0000000080000EB4] -> 0x0F13
mem[X,0x0000000080000EB6] -> 0x006F
[946] [M]: 0x0000000080000EB4 (0x006F0F13) addi t5, t5, 0x6
x30 <- 0xF6DFEFFFDF3F4006

mem[X,0x0000000080000EB8] -> 0x4EB7
mem[X,0x0000000080000EBA] -> 0xBF02
[947] [M]: 0x0000000080000EB8 (0xBF024EB7) lui t4, -0x40fdc
x29 <- 0xFFFFFFFFBF024000

mem[X,0x0000000080000EBC] -> 0x8E93
mem[X,0x0000000080000EBE] -> 0xFFDE
[948] [M]: 0x0000000080000EBC (0xFFDE8E93) addi t4, t4, -0x3
x29 <- 0xFFFFFFFFBF023FFD

mem[X,0x0000000080000EC0] -> 0x9E93
mem[X,0x0000000080000EC2] -> 0x00BE
[949] [M]: 0x0000000080000EC0 (0x00BE9E93) slli t4, t4, 0xb
x29 <- 0xFFFFFDF811FFE800

mem[X,0x0000000080000EC4] -> 0x8E93
mem[X,0x0000000080000EC6] -> 0x204E
[950] [M]: 0x0000000080000EC4 (0x204E8E93) addi t4, t4, 0x204
x29 <- 0xFFFFFDF811FFEA04

mem[X,0x0000000080000EC8] -> 0x9E93
mem[X,0x0000000080000ECA] -> 0x00BE
[951] [M]: 0x0000000080000EC8 (0x00BE9E93) slli t4, t4, 0xb
x29 <- 0xFFEFC08FFF502000

mem[X,0x0000000080000ECC] -> 0x8E93
mem[X,0x0000000080000ECE] -> 0x03FE
[952] [M]: 0x0000000080000ECC (0x03FE8E93) addi t4, t4, 0x3f
x29 <- 0xFFEFC08FFF50203F

mem[X,0x0000000080000ED0] -> 0x9E93
mem[X,0x0000000080000ED2] -> 0x00AE
[953] [M]: 0x0000000080000ED0 (0x00AE9E93) slli t4, t4, 0xa
x29 <- 0xBF023FFD4080FC00

mem[X,0x0000000080000ED4] -> 0x8E93
mem[X,0x0000000080000ED6] -> 0x0FEE
[954] [M]: 0x0000000080000ED4 (0x0FEE8E93) addi t4, t4, 0xfe
x29 <- 0xBF023FFD4080FCFE

mem[X,0x0000000080000ED8] -> 0x0FBB
mem[X,0x0000000080000EDA] -> 0xBDDF
[955] [M]: 0x0000000080000ED8 (0xBDDF0FBB) paaddu.b t6, t5, t4
x31 <- 0xDA7097FE8F5F9E82

mem[X,0x0000000080000EDC] -> 0xB023
mem[X,0x0000000080000EDE] -> 0x09F0
[956] [M]: 0x0000000080000EDC (0x09F0B023) sd t6, 0x80(ra)
mem[0x0000000080004280] <- 0xDA7097FE8F5F9E82

mem[X,0x0000000080000EE0] -> 0x4F37
mem[X,0x0000000080000EE2] -> 0xF7BF
[957] [M]: 0x0000000080000EE0 (0xF7BF4F37) lui t5, -0x840c
x30 <- 0xFFFFFFFFF7BF4000

mem[X,0x0000000080000EE4] -> 0x0F13
mem[X,0x0000000080000EE6] -> 0xF03F
[958] [M]: 0x0000000080000EE4 (0xF03F0F13) addi t5, t5, -0xfd
x30 <- 0xFFFFFFFFF7BF3F03

mem[X,0x0000000080000EE8] -> 0x1F13
mem[X,0x0000000080000EEA] -> 0x00BF
[959] [M]: 0x0000000080000EE8 (0x00BF1F13) slli t5, t5, 0xb
x30 <- 0xFFFFFFBDF9F81800

mem[X,0x0000000080000EEC] -> 0x0F13
mem[X,0x0000000080000EEE] -> 0x01DF
[960] [M]: 0x0000000080000EEC (0x01DF0F13) addi t5, t5, 0x1d
x30 <- 0xFFFFFFBDF9F8181D

mem[X,0x0000000080000EF0] -> 0x1F13
mem[X,0x0000000080000EF2] -> 0x00BF
[961] [M]: 0x0000000080000EF0 (0x00BF1F13) slli t5, t5, 0xb
x30 <- 0xFFFDEFCFC0C0E800

mem[X,0x0000000080000EF4] -> 0x0F13
mem[X,0x0000000080000EF6] -> 0x2AFF
[962] [M]: 0x0000000080000EF4 (0x2AFF0F13) addi t5, t5, 0x2af
x30 <- 0xFFFDEFCFC0C0EAAF

mem[X,0x0000000080000EF8] -> 0x1F13
mem[X,0x0000000080000EFA] -> 0x00AF
[963] [M]: 0x0000000080000EF8 (0x00AF1F13) slli t5, t5, 0xa
x30 <- 0xF7BF3F0303AABC00

mem[X,0x0000000080000EFC] -> 0x0F13
mem[X,0x0000000080000EFE] -> 0x310F
[964] [M]: 0x0000000080000EFC (0x310F0F13) addi t5, t5, 0x310
x30 <- 0xF7BF3F0303AABF10

mem[X,0x0000000080000F00] -> 0x2EB7
mem[X,0x0000000080000F02] -> 0x02F7
[965] [M]: 0x0000000080000F00 (0x02F72EB7) lui t4, 0x2f72
x29 <- 0x0000000002F72000

mem[X,0x0000000080000F04] -> 0x8E93
mem[X,0x0000000080000F06] -> 0x0FFE
[966] [M]: 0x0000000080000F04 (0x0FFE8E93) addi t4, t4, 0xff
x29 <- 0x0000000002F720FF

mem[X,0x0000000080000F08] -> 0x9E93
mem[X,0x0000000080000F0A] -> 0x00BE
[967] [M]: 0x0000000080000F08 (0x00BE9E93) slli t4, t4, 0xb
x29 <- 0x00000017B907F800

mem[X,0x0000000080000F0C] -> 0x8E93
mem[X,0x0000000080000F0E] -> 0x7EEE
[968] [M]: 0x0000000080000F0C (0x7EEE8E93) addi t4, t4, 0x7ee
x29 <- 0x00000017B907FFEE

mem[X,0x0000000080000F10] -> 0x9E93
mem[X,0x0000000080000F12] -> 0x00BE
[969] [M]: 0x0000000080000F10 (0x00BE9E93) slli t4, t4, 0xb
x29 <- 0x0000BDC83FFF7000

mem[X,0x0000000080000F14] -> 0x8E93
mem[X,0x0000000080000F16] -> 0x030E
[970] [M]: 0x0000000080000F14 (0x030E8E93) addi t4, t4, 0x30
x29 <- 0x0000BDC83FFF7030

mem[X,0x0000000080000F18] -> 0x9E93
mem[X,0x0000000080000F1A] -> 0x00AE
[971] [M]: 0x0000000080000F18 (0x00AE9E93) slli t4, t4, 0xa
x29 <- 0x02F720FFFDC0C000

mem[X,0x0000000080000F1C] -> 0x8E93
mem[X,0x0000000080000F1E] -> 0x0FFE
[972] [M]: 0x0000000080000F1C (0x0FFE8E93) addi t4, t4, 0xff
x29 <- 0x02F720FFFDC0C0FF

mem[X,0x0000000080000F20] -> 0x0FBB
mem[X,0x0000000080000F22] -> 0xBDDF
[973] [M]: 0x0000000080000F20 (0xBDDF0FBB) paaddu.b t6, t5, t4
x31 <- 0x7CDB2F8180B5BF87

mem[X,0x0000000080000F24] -> 0xB423
mem[X,0x0000000080000F26] -> 0x09F0
[974] [M]: 0x0000000080000F24 (0x09F0B423) sd t6, 0x88(ra)
mem[0x0000000080004288] <- 0x7CDB2F8180B5BF87

mem[X,0x0000000080000F28] -> 0x0F37
mem[X,0x0000000080000F2A] -> 0x01F0
[975] [M]: 0x0000000080000F28 (0x01F00F37) lui t5, 0x1f00
x30 <- 0x0000000001F00000

mem[X,0x0000000080000F2C] -> 0x0F13
mem[X,0x0000000080000F2E] -> 0xE01F
[976] [M]: 0x0000000080000F2C (0xE01F0F13) addi t5, t5, -0x1ff
x30 <- 0x0000000001EFFE01

mem[X,0x0000000080000F30] -> 0x1F13
mem[X,0x0000000080000F32] -> 0x00BF
[977] [M]: 0x0000000080000F30 (0x00BF1F13) slli t5, t5, 0xb
x30 <- 0x0000000F7FF00800

mem[X,0x0000000080000F34] -> 0x0F13
mem[X,0x0000000080000F36] -> 0x404F
[978] [M]: 0x0000000080000F34 (0x404F0F13) addi t5, t5, 0x404
x30 <- 0x0000000F7FF00C04

mem[X,0x0000000080000F38] -> 0x1F13
mem[X,0x0000000080000F3A] -> 0x00BF
[979] [M]: 0x0000000080000F38 (0x00BF1F13) slli t5, t5, 0xb
x30 <- 0x00007BFF80602000

mem[X,0x0000000080000F3C] -> 0x0F13
mem[X,0x0000000080000F3E] -> 0x000F
[980] [M]: 0x0000000080000F3C (0x000F0F13) addi t5, t5, 0x0
x30 <- 0x00007BFF80602000

mem[X,0x0000000080000F40] -> 0x1F13
mem[X,0x0000000080000F42] -> 0x00AF
[981] [M]: 0x0000000080000F40 (0x00AF1F13) slli t5, t5, 0xa
x30 <- 0x01EFFE0180800000

mem[X,0x0000000080000F44] -> 0x0F13
mem[X,0x0000000080000F46] -> 0x17FF
[982] [M]: 0x0000000080000F44 (0x17FF0F13) addi t5, t5, 0x17f
x30 <- 0x01EFFE018080017F

mem[X,0x0000000080000F48] -> 0x2EB7
mem[X,0x0000000080000F4A] -> 0x02FD
[983] [M]: 0x0000000080000F48 (0x02FD2EB7) lui t4, 0x2fd2
x29 <- 0x0000000002FD2000

mem[X,0x0000000080000F4C] -> 0x8E93
mem[X,0x0000000080000F4E] -> 0x0EFE
[984] [M]: 0x0000000080000F4C (0x0EFE8E93) addi t4, t4, 0xef
x29 <- 0x0000000002FD20EF

mem[X,0x0000000080000F50] -> 0x9E93
mem[X,0x0000000080000F52] -> 0x00BE
[985] [M]: 0x0000000080000F50 (0x00BE9E93) slli t4, t4, 0xb
x29 <- 0x00000017E9077800

mem[X,0x0000000080000F54] -> 0x8E93
mem[X,0x0000000080000F56] -> 0x02FE
[986] [M]: 0x0000000080000F54 (0x02FE8E93) addi t4, t4, 0x2f
x29 <- 0x00000017E907782F

mem[X,0x0000000080000F58] -> 0x9E93
mem[X,0x0000000080000F5A] -> 0x00BE
[987] [M]: 0x0000000080000F58 (0x00BE9E93) slli t4, t4, 0xb
x29 <- 0x0000BF483BC17800

mem[X,0x0000000080000F5C] -> 0x8E93
mem[X,0x0000000080000F5E] -> 0x580E
[988] [M]: 0x0000000080000F5C (0x580E8E93) addi t4, t4, 0x580
x29 <- 0x0000BF483BC17D80

mem[X,0x0000000080000F60] -> 0x9E93
mem[X,0x0000000080000F62] -> 0x00AE
[989] [M]: 0x0000000080000F60 (0x00AE9E93) slli t4, t4, 0xa
x29 <- 0x02FD20EF05F60000

mem[X,0x0000000080000F64] -> 0x8E93
mem[X,0x0000000080000F66] -> 0x1F7E
[990] [M]: 0x0000000080000F64 (0x1F7E8E93) addi t4, t4, 0x1f7
x29 <- 0x02FD20EF05F601F7

mem[X,0x0000000080000F68] -> 0x0FBB
mem[X,0x0000000080000F6A] -> 0xBDDF
[991] [M]: 0x0000000080000F68 (0xBDDF0FBB) paaddu.b t6, t5, t4
x31 <- 0x01F68F7842BB01BB

mem[X,0x0000000080000F6C] -> 0xB823
mem[X,0x0000000080000F6E] -> 0x09F0
[992] [M]: 0x0000000080000F6C (0x09F0B823) sd t6, 0x90(ra)
mem[0x0000000080004290] <- 0x01F68F7842BB01BB

mem[X,0x0000000080000F70] -> 0x1F37
mem[X,0x0000000080000F72] -> 0x7F40
[993] [M]: 0x0000000080000F70 (0x7F401F37) lui t5, 0x7f401
x30 <- 0x000000007F401000

mem[X,0x0000000080000F74] -> 0x0F13
mem[X,0x0000000080000F76] -> 0x8BFF
[994] [M]: 0x0000000080000F74 (0x8BFF0F13) addi t5, t5, -0x741
x30 <- 0x000000007F4008BF

mem[X,0x0000000080000F78] -> 0x1F13
mem[X,0x0000000080000F7A] -> 0x00BF
[995] [M]: 0x0000000080000F78 (0x00BF1F13) slli t5, t5, 0xb
x30 <- 0x000003FA0045F800

mem[X,0x0000000080000F7C] -> 0x0F13
mem[X,0x0000000080000F7E] -> 0x007F
[996] [M]: 0x0000000080000F7C (0x007F0F13) addi t5, t5, 0x7
x30 <- 0x000003FA0045F807

mem[X,0x0000000080000F80] -> 0x1F13
mem[X,0x0000000080000F82] -> 0x00BF
[997] [M]: 0x0000000080000F80 (0x00BF1F13) slli t5, t5, 0xb
x30 <- 0x001FD0022FC03800

mem[X,0x0000000080000F84] -> 0x0F13
mem[X,0x0000000080000F86] -> 0x602F
[998] [M]: 0x0000000080000F84 (0x602F0F13) addi t5, t5, 0x602
x30 <- 0x001FD0022FC03E02

mem[X,0x0000000080000F88] -> 0x1F13
mem[X,0x0000000080000F8A] -> 0x00AF
[999] [M]: 0x0000000080000F88 (0x00AF1F13) slli t5, t5, 0xa
x30 <- 0x7F4008BF00F80800

clint::tick mtime <- 0x000000000000000A
 clint timer pending at mtime 0x000000000000000A
htif::tick 0x0000000000000000
mem[X,0x0000000080000F8C] -> 0x0F13
mem[X,0x0000000080000F8E] -> 0x007F
[1000] [M]: 0x0000000080000F8C (0x007F0F13) addi t5, t5, 0x7
x30 <- 0x7F4008BF00F80807

mem[X,0x0000000080000F90] -> 0x0EB7
mem[X,0x0000000080000F92] -> 0xDFFA
[1001] [M]: 0x0000000080000F90 (0xDFFA0EB7) lui t4, -0x20060
x29 <- 0xFFFFFFFFDFFA0000

mem[X,0x0000000080000F94] -> 0x8E93
mem[X,0x0000000080000F96] -> 0x3FBE
[1002] [M]: 0x0000000080000F94 (0x3FBE8E93) addi t4, t4, 0x3fb
x29 <- 0xFFFFFFFFDFFA03FB

mem[X,0x0000000080000F98] -> 0x9E93
mem[X,0x0000000080000F9A] -> 0x00BE
[1003] [M]: 0x0000000080000F98 (0x00BE9E93) slli t4, t4, 0xb
x29 <- 0xFFFFFEFFD01FD800

mem[X,0x0000000080000F9C] -> 0x8E93
mem[X,0x0000000080000F9E] -> 0x047E
[1004] [M]: 0x0000000080000F9C (0x047E8E93) addi t4, t4, 0x47
x29 <- 0xFFFFFEFFD01FD847

mem[X,0x0000000080000FA0] -> 0x9E93
mem[X,0x0000000080000FA2] -> 0x00BE
[1005] [M]: 0x0000000080000FA0 (0x00BE9E93) slli t4, t4, 0xb
x29 <- 0xFFF7FE80FEC23800

mem[X,0x0000000080000FA4] -> 0x8E93
mem[X,0x0000000080000FA6] -> 0x6B7E
[1006] [M]: 0x0000000080000FA4 (0x6B7E8E93) addi t4, t4, 0x6b7
x29 <- 0xFFF7FE80FEC23EB7

mem[X,0x0000000080000FA8] -> 0x9E93
mem[X,0x0000000080000FAA] -> 0x00AE
[1007] [M]: 0x0000000080000FA8 (0x00AE9E93) slli t4, t4, 0xa
x29 <- 0xDFFA03FB08FADC00

mem[X,0x0000000080000FAC] -> 0x8E93
mem[X,0x0000000080000FAE] -> 0x3EFE
[1008] [M]: 0x0000000080000FAC (0x3EFE8E93) addi t4, t4, 0x3ef
x29 <- 0xDFFA03FB08FADFEF

mem[X,0x0000000080000FB0] -> 0x0FBB
mem[X,0x0000000080000FB2] -> 0xBDDF
[1009] [M]: 0x0000000080000FB0 (0xBDDF0FBB) paaddu.b t6, t5, t4
x31 <- 0xAF9D05DD04F9737B

mem[X,0x0000000080000FB4] -> 0xBC23
mem[X,0x0000000080000FB6] -> 0x09F0
[1010] [M]: 0x0000000080000FB4 (0x09F0BC23) sd t6, 0x98(ra)
mem[0x0000000080004298] <- 0xAF9D05DD04F9737B

mem[X,0x0000000080000FB8] -> 0x8F37
mem[X,0x0000000080000FBA] -> 0x10F7
[1011] [M]: 0x0000000080000FB8 (0x10F78F37) lui t5, 0x10f78
x30 <- 0x0000000010F78000

mem[X,0x0000000080000FBC] -> 0x0F13
mem[X,0x0000000080000FBE] -> 0x0F7F
[1012] [M]: 0x0000000080000FBC (0x0F7F0F13) addi t5, t5, 0xf7
x30 <- 0x0000000010F780F7

mem[X,0x0000000080000FC0] -> 0x1F13
mem[X,0x0000000080000FC2] -> 0x00BF
[1013] [M]: 0x0000000080000FC0 (0x00BF1F13) slli t5, t5, 0xb
x30 <- 0x00000087BC07B800

mem[X,0x0000000080000FC4] -> 0x0F13
mem[X,0x0000000080000FC6] -> 0x012F
[1014] [M]: 0x0000000080000FC4 (0x012F0F13) addi t5, t5, 0x12
x30 <- 0x00000087BC07B812

mem[X,0x0000000080000FC8] -> 0x1F13
mem[X,0x0000000080000FCA] -> 0x00BF
[1015] [M]: 0x0000000080000FC8 (0x00BF1F13) slli t5, t5, 0xb
x30 <- 0x00043DE03DC09000

mem[X,0x0000000080000FCC] -> 0x0F13
mem[X,0x0000000080000FCE] -> 0x03DF
[1016] [M]: 0x0000000080000FCC (0x03DF0F13) addi t5, t5, 0x3d
x30 <- 0x00043DE03DC0903D

mem[X,0x0000000080000FD0] -> 0x1F13
mem[X,0x0000000080000FD2] -> 0x00AF
[1017] [M]: 0x0000000080000FD0 (0x00AF1F13) slli t5, t5, 0xa
x30 <- 0x10F780F70240F400

mem[X,0x0000000080000FD4] -> 0x0F13
mem[X,0x0000000080000FD6] -> 0x2F7F
[1018] [M]: 0x0000000080000FD4 (0x2F7F0F13) addi t5, t5, 0x2f7
x30 <- 0x10F780F70240F6F7

mem[X,0x0000000080000FD8] -> 0xEEB7
mem[X,0x0000000080000FDA] -> 0xFD10
[1019] [M]: 0x0000000080000FD8 (0xFD10EEB7) lui t4, -0x2ef2
x29 <- 0xFFFFFFFFFD10E000

mem[X,0x0000000080000FDC] -> 0x8E93
mem[X,0x0000000080000FDE] -> 0xF08E
[1020] [M]: 0x0000000080000FDC (0xF08E8E93) addi t4, t4, -0xf8
x29 <- 0xFFFFFFFFFD10DF08

mem[X,0x0000000080000FE0] -> 0x9E93
mem[X,0x0000000080000FE2] -> 0x00BE
[1021] [M]: 0x0000000080000FE0 (0x00BE9E93) slli t4, t4, 0xb
x29 <- 0xFFFFFFE886F84000

mem[X,0x0000000080000FE4] -> 0x8E93
mem[X,0x0000000080000FE6] -> 0x7E1E
[1022] [M]: 0x0000000080000FE4 (0x7E1E8E93) addi t4, t4, 0x7e1
x29 <- 0xFFFFFFE886F847E1

mem[X,0x0000000080000FE8] -> 0x9E93
mem[X,0x0000000080000FEA] -> 0x00BE
[1023] [M]: 0x0000000080000FE8 (0x00BE9E93) slli t4, t4, 0xb
x29 <- 0xFFFF4437C23F0800

mem[X,0x0000000080000FEC] -> 0x8E93
mem[X,0x0000000080000FEE] -> 0x7D0E
[1024] [M]: 0x0000000080000FEC (0x7D0E8E93) addi t4, t4, 0x7d0
x29 <- 0xFFFF4437C23F0FD0

mem[X,0x0000000080000FF0] -> 0x9E93
mem[X,0x0000000080000FF2] -> 0x00AE
[1025] [M]: 0x0000000080000FF0 (0x00AE9E93) slli t4, t4, 0xa
x29 <- 0xFD10DF08FC3F4000

mem[X,0x0000000080000FF4] -> 0x8E93
mem[X,0x0000000080000FF6] -> 0x002E
[1026] [M]: 0x0000000080000FF4 (0x002E8E93) addi t4, t4, 0x2
x29 <- 0xFD10DF08FC3F4002

mem[X,0x0000000080000FF8] -> 0x0FBB
mem[X,0x0000000080000FFA] -> 0xBDDF
[1027] [M]: 0x0000000080000FF8 (0xBDDF0FBB) paaddu.b t6, t5, t4
x31 <- 0x8683AF7F7F3F9B7C

mem[X,0x0000000080000FFC] -> 0xB023
mem[X,0x0000000080000FFE] -> 0x0BF0
[1028] [M]: 0x0000000080000FFC (0x0BF0B023) sd t6, 0xa0(ra)
mem[0x00000000800042A0] <- 0x8683AF7F7F3F9B7C

mem[X,0x0000000080001000] -> 0x0F37
mem[X,0x0000000080001002] -> 0x40FB
[1029] [M]: 0x0000000080001000 (0x40FB0F37) lui t5, 0x40fb0
x30 <- 0x0000000040FB0000

mem[X,0x0000000080001004] -> 0x0F13
mem[X,0x0000000080001006] -> 0x905F
[1030] [M]: 0x0000000080001004 (0x905F0F13) addi t5, t5, -0x6fb
x30 <- 0x0000000040FAF905

mem[X,0x0000000080001008] -> 0x1F13
mem[X,0x000000008000100A] -> 0x00BF
[1031] [M]: 0x0000000080001008 (0x00BF1F13) slli t5, t5, 0xb
x30 <- 0x00000207D7C82800

mem[X,0x000000008000100C] -> 0x0F13
mem[X,0x000000008000100E] -> 0x7CEF
[1032] [M]: 0x000000008000100C (0x7CEF0F13) addi t5, t5, 0x7ce
x30 <- 0x00000207D7C82FCE

mem[X,0x0000000080001010] -> 0x1F13
mem[X,0x0000000080001012] -> 0x00BF
[1033] [M]: 0x0000000080001010 (0x00BF1F13) slli t5, t5, 0xb
x30 <- 0x00103EBE417E7000

mem[X,0x0000000080001014] -> 0x0F13
mem[X,0x0000000080001016] -> 0x004F
[1034] [M]: 0x0000000080001014 (0x004F0F13) addi t5, t5, 0x4
x30 <- 0x00103EBE417E7004

mem[X,0x0000000080001018] -> 0x1F13
mem[X,0x000000008000101A] -> 0x00AF
[1035] [M]: 0x0000000080001018 (0x00AF1F13) slli t5, t5, 0xa
x30 <- 0x40FAF905F9C01000

mem[X,0x000000008000101C] -> 0x0F13
mem[X,0x000000008000101E] -> 0x0FCF
[1036] [M]: 0x000000008000101C (0x0FCF0F13) addi t5, t5, 0xfc
x30 <- 0x40FAF905F9C010FC

mem[X,0x0000000080001020] -> 0x8EB7
mem[X,0x0000000080001022] -> 0xC0F6
[1037] [M]: 0x0000000080001020 (0xC0F68EB7) lui t4, -0x3f098
x29 <- 0xFFFFFFFFC0F68000

mem[X,0x0000000080001024] -> 0x8E93
mem[X,0x0000000080001026] -> 0x000E
[1038] [M]: 0x0000000080001024 (0x000E8E93) addi t4, t4, 0x0
x29 <- 0xFFFFFFFFC0F68000

mem[X,0x0000000080001028] -> 0x9E93
mem[X,0x000000008000102A] -> 0x00BE
[1039] [M]: 0x0000000080001028 (0x00BE9E93) slli t4, t4, 0xb
x29 <- 0xFFFFFE07B4000000

mem[X,0x000000008000102C] -> 0x8E93
mem[X,0x000000008000102E] -> 0x7C0E
[1040] [M]: 0x000000008000102C (0x7C0E8E93) addi t4, t4, 0x7c0
x29 <- 0xFFFFFE07B40007C0

mem[X,0x0000000080001030] -> 0x9E93
mem[X,0x0000000080001032] -> 0x00BE
[1041] [M]: 0x0000000080001030 (0x00BE9E93) slli t4, t4, 0xb
x29 <- 0xFFF03DA0003E0000

mem[X,0x0000000080001034] -> 0x8E93
mem[X,0x0000000080001036] -> 0x1C1E
[1042] [M]: 0x0000000080001034 (0x1C1E8E93) addi t4, t4, 0x1c1
x29 <- 0xFFF03DA0003E01C1

mem[X,0x0000000080001038] -> 0x9E93
mem[X,0x000000008000103A] -> 0x00AE
[1043] [M]: 0x0000000080001038 (0x00AE9E93) slli t4, t4, 0xa
x29 <- 0xC0F68000F8070400

mem[X,0x000000008000103C] -> 0x8E93
mem[X,0x000000008000103E] -> 0x33FE
[1044] [M]: 0x000000008000103C (0x33FE8E93) addi t4, t4, 0x33f
x29 <- 0xC0F68000F807073F

mem[X,0x0000000080001040] -> 0x0FBB
mem[X,0x0000000080001042] -> 0xBDDF
[1045] [M]: 0x0000000080001040 (0xBDDF0FBB) paaddu.b t6, t5, t4
x31 <- 0x80F8BC02F8630B9D

mem[X,0x0000000080001044] -> 0xB423
mem[X,0x0000000080001046] -> 0x0BF0
[1046] [M]: 0x0000000080001044 (0x0BF0B423) sd t6, 0xa8(ra)
mem[0x00000000800042A8] <- 0x80F8BC02F8630B9D

mem[X,0x0000000080001048] -> 0x4F37
mem[X,0x000000008000104A] -> 0x0508
[1047] [M]: 0x0000000080001048 (0x05084F37) lui t5, 0x5084
x30 <- 0x0000000005084000

mem[X,0x000000008000104C] -> 0x0F13
mem[X,0x000000008000104E] -> 0xFDFF
[1048] [M]: 0x000000008000104C (0xFDFF0F13) addi t5, t5, -0x21
x30 <- 0x0000000005083FDF

mem[X,0x0000000080001050] -> 0x1F13
mem[X,0x0000000080001052] -> 0x00BF
[1049] [M]: 0x0000000080001050 (0x00BF1F13) slli t5, t5, 0xb
x30 <- 0x0000002841FEF800

mem[X,0x0000000080001054] -> 0x0F13
mem[X,0x0000000080001056] -> 0x020F
[1050] [M]: 0x0000000080001054 (0x020F0F13) addi t5, t5, 0x20
x30 <- 0x0000002841FEF820

mem[X,0x0000000080001058] -> 0x1F13
mem[X,0x000000008000105A] -> 0x00BF
[1051] [M]: 0x0000000080001058 (0x00BF1F13) slli t5, t5, 0xb
x30 <- 0x0001420FF7C10000

mem[X,0x000000008000105C] -> 0x0F13
mem[X,0x000000008000105E] -> 0x43BF
[1052] [M]: 0x000000008000105C (0x43BF0F13) addi t5, t5, 0x43b
x30 <- 0x0001420FF7C1043B

mem[X,0x0000000080001060] -> 0x1F13
mem[X,0x0000000080001062] -> 0x00AF
[1053] [M]: 0x0000000080001060 (0x00AF1F13) slli t5, t5, 0xa
x30 <- 0x05083FDF0410EC00

mem[X,0x0000000080001064] -> 0x0F13
mem[X,0x0000000080001066] -> 0x3F7F
[1054] [M]: 0x0000000080001064 (0x3F7F0F13) addi t5, t5, 0x3f7
x30 <- 0x05083FDF0410EFF7

mem[X,0x0000000080001068] -> 0x0EB7
mem[X,0x000000008000106A] -> 0x80E0
[1055] [M]: 0x0000000080001068 (0x80E00EB7) lui t4, -0x7f200
x29 <- 0xFFFFFFFF80E00000

mem[X,0x000000008000106C] -> 0x8E93
mem[X,0x000000008000106E] -> 0xC55E
[1056] [M]: 0x000000008000106C (0xC55E8E93) addi t4, t4, -0x3ab
x29 <- 0xFFFFFFFF80DFFC55

mem[X,0x0000000080001070] -> 0x9E93
mem[X,0x0000000080001072] -> 0x00BE
[1057] [M]: 0x0000000080001070 (0x00BE9E93) slli t4, t4, 0xb
x29 <- 0xFFFFFC06FFE2A800

mem[X,0x0000000080001074] -> 0x8E93
mem[X,0x0000000080001076] -> 0x7EAE
[1058] [M]: 0x0000000080001074 (0x7EAE8E93) addi t4, t4, 0x7ea
x29 <- 0xFFFFFC06FFE2AFEA

mem[X,0x0000000080001078] -> 0x9E93
mem[X,0x000000008000107A] -> 0x00BE
[1059] [M]: 0x0000000080001078 (0x00BE9E93) slli t4, t4, 0xb
x29 <- 0xFFE037FF157F5000

mem[X,0x000000008000107C] -> 0x8E93
mem[X,0x000000008000107E] -> 0x57EE
[1060] [M]: 0x000000008000107C (0x57EE8E93) addi t4, t4, 0x57e
x29 <- 0xFFE037FF157F557E

mem[X,0x0000000080001080] -> 0x9E93
mem[X,0x0000000080001082] -> 0x00AE
[1061] [M]: 0x0000000080001080 (0x00AE9E93) slli t4, t4, 0xa
x29 <- 0x80DFFC55FD55F800

mem[X,0x0000000080001084] -> 0x8E93
mem[X,0x0000000080001086] -> 0x2FAE
[1062] [M]: 0x0000000080001084 (0x2FAE8E93) addi t4, t4, 0x2fa
x29 <- 0x80DFFC55FD55FAFA

mem[X,0x0000000080001088] -> 0x0FBB
mem[X,0x000000008000108A] -> 0xBDDF
[1063] [M]: 0x0000000080001088 (0xBDDF0FBB) paaddu.b t6, t5, t4
x31 <- 0x42739D9A8032F4F8

mem[X,0x000000008000108C] -> 0xB823
mem[X,0x000000008000108E] -> 0x0BF0
[1064] [M]: 0x000000008000108C (0x0BF0B823) sd t6, 0xb0(ra)
mem[0x00000000800042B0] <- 0x42739D9A8032F4F8

mem[X,0x0000000080001090] -> 0xCF37
mem[X,0x0000000080001092] -> 0xFCF8
[1065] [M]: 0x0000000080001090 (0xFCF8CF37) lui t5, -0x3074
x30 <- 0xFFFFFFFFFCF8C000

mem[X,0x0000000080001094] -> 0x0F13
mem[X,0x0000000080001096] -> 0x0C0F
[1066] [M]: 0x0000000080001094 (0x0C0F0F13) addi t5, t5, 0xc0
x30 <- 0xFFFFFFFFFCF8C0C0

mem[X,0x0000000080001098] -> 0x1F13
mem[X,0x000000008000109A] -> 0x00BF
[1067] [M]: 0x0000000080001098 (0x00BF1F13) slli t5, t5, 0xb
x30 <- 0xFFFFFFE7C6060000

mem[X,0x000000008000109C] -> 0x0F13
mem[X,0x000000008000109E] -> 0x7C4F
[1068] [M]: 0x000000008000109C (0x7C4F0F13) addi t5, t5, 0x7c4
x30 <- 0xFFFFFFE7C60607C4

mem[X,0x00000000800010A0] -> 0x1F13
mem[X,0x00000000800010A2] -> 0x00BF
[1069] [M]: 0x00000000800010A0 (0x00BF1F13) slli t5, t5, 0xb
x30 <- 0xFFFF3E30303E2000

mem[X,0x00000000800010A4] -> 0x0F13
mem[X,0x00000000800010A6] -> 0x000F
[1070] [M]: 0x00000000800010A4 (0x000F0F13) addi t5, t5, 0x0
x30 <- 0xFFFF3E30303E2000

mem[X,0x00000000800010A8] -> 0x1F13
mem[X,0x00000000800010AA] -> 0x00AF
[1071] [M]: 0x00000000800010A8 (0x00AF1F13) slli t5, t5, 0xa
x30 <- 0xFCF8C0C0F8800000

mem[X,0x00000000800010AC] -> 0x0F13
mem[X,0x00000000800010AE] -> 0x106F
[1072] [M]: 0x00000000800010AC (0x106F0F13) addi t5, t5, 0x106
x30 <- 0xFCF8C0C0F8800106

mem[X,0x00000000800010B0] -> 0x0EB7
mem[X,0x00000000800010B2] -> 0x2006
[1073] [M]: 0x00000000800010B0 (0x20060EB7) lui t4, 0x20060
x29 <- 0x0000000020060000

mem[X,0x00000000800010B4] -> 0x8E93
mem[X,0x00000000800010B6] -> 0x8F7E
[1074] [M]: 0x00000000800010B4 (0x8F7E8E93) addi t4, t4, -0x709
x29 <- 0x000000002005F8F7

mem[X,0x00000000800010B8] -> 0x9E93
mem[X,0x00000000800010BA] -> 0x00BE
[1075] [M]: 0x00000000800010B8 (0x00BE9E93) slli t4, t4, 0xb
x29 <- 0x000001002FC7B800

mem[X,0x00000000800010BC] -> 0x8E93
mem[X,0x00000000800010BE] -> 0x00FE
[1076] [M]: 0x00000000800010BC (0x00FE8E93) addi t4, t4, 0xf
x29 <- 0x000001002FC7B80F

mem[X,0x00000000800010C0] -> 0x9E93
mem[X,0x00000000800010C2] -> 0x00BE
[1077] [M]: 0x00000000800010C0 (0x00BE9E93) slli t4, t4, 0xb
x29 <- 0x0008017E3DC07800

mem[X,0x00000000800010C4] -> 0x8E93
mem[X,0x00000000800010C6] -> 0x78FE
[1078] [M]: 0x00000000800010C4 (0x78FE8E93) addi t4, t4, 0x78f
x29 <- 0x0008017E3DC07F8F

mem[X,0x00000000800010C8] -> 0x9E93
mem[X,0x00000000800010CA] -> 0x00AE
[1079] [M]: 0x00000000800010C8 (0x00AE9E93) slli t4, t4, 0xa
x29 <- 0x2005F8F701FE3C00

mem[X,0x00000000800010CC] -> 0x8E93
mem[X,0x00000000800010CE] -> 0x37FE
[1080] [M]: 0x00000000800010CC (0x37FE8E93) addi t4, t4, 0x37f
x29 <- 0x2005F8F701FE3F7F

mem[X,0x00000000800010D0] -> 0x0FBB
mem[X,0x00000000800010D2] -> 0xBDDF
[1081] [M]: 0x00000000800010D0 (0xBDDF0FBB) paaddu.b t6, t5, t4
x31 <- 0x8E7EDCDB7CBF2042

mem[X,0x00000000800010D4] -> 0xBC23
mem[X,0x00000000800010D6] -> 0x0BF0
[1082] [M]: 0x00000000800010D4 (0x0BF0BC23) sd t6, 0xb8(ra)
mem[0x00000000800042B8] <- 0x8E7EDCDB7CBF2042

mem[X,0x00000000800010D8] -> 0xEF37
mem[X,0x00000000800010DA] -> 0xFEC0
[1083] [M]: 0x00000000800010D8 (0xFEC0EF37) lui t5, -0x13f2
x30 <- 0xFFFFFFFFFEC0E000

mem[X,0x00000000800010DC] -> 0x0F13
mem[X,0x00000000800010DE] -> 0xFEFF
[1084] [M]: 0x00000000800010DC (0xFEFF0F13) addi t5, t5, -0x11
x30 <- 0xFFFFFFFFFEC0DFEF

mem[X,0x00000000800010E0] -> 0x1F13
mem[X,0x00000000800010E2] -> 0x00BF
[1085] [M]: 0x00000000800010E0 (0x00BF1F13) slli t5, t5, 0xb
x30 <- 0xFFFFFFF606FF7800

mem[X,0x00000000800010E4] -> 0x0F13
mem[X,0x00000000800010E6] -> 0x007F
[1086] [M]: 0x00000000800010E4 (0x007F0F13) addi t5, t5, 0x7
x30 <- 0xFFFFFFF606FF7807

mem[X,0x00000000800010E8] -> 0x1F13
mem[X,0x00000000800010EA] -> 0x00BF
[1087] [M]: 0x00000000800010E8 (0x00BF1F13) slli t5, t5, 0xb
x30 <- 0xFFFFB037FBC03800

mem[X,0x00000000800010EC] -> 0x0F13
mem[X,0x00000000800010EE] -> 0x3EAF
[1088] [M]: 0x00000000800010EC (0x3EAF0F13) addi t5, t5, 0x3ea
x30 <- 0xFFFFB037FBC03BEA

mem[X,0x00000000800010F0] -> 0x1F13
mem[X,0x00000000800010F2] -> 0x00AF
[1089] [M]: 0x00000000800010F0 (0x00AF1F13) slli t5, t5, 0xa
x30 <- 0xFEC0DFEF00EFA800

mem[X,0x00000000800010F4] -> 0x0F13
mem[X,0x00000000800010F6] -> 0x2DFF
[1090] [M]: 0x00000000800010F4 (0x2DFF0F13) addi t5, t5, 0x2df
x30 <- 0xFEC0DFEF00EFAADF

mem[X,0x00000000800010F8] -> 0x0EB7
mem[X,0x00000000800010FA] -> 0x0710
[1091] [M]: 0x00000000800010F8 (0x07100EB7) lui t4, 0x7100
x29 <- 0x0000000007100000

mem[X,0x00000000800010FC] -> 0x8E93
mem[X,0x00000000800010FE] -> 0x2AAE
[1092] [M]: 0x00000000800010FC (0x2AAE8E93) addi t4, t4, 0x2aa
x29 <- 0x00000000071002AA

mem[X,0x0000000080001100] -> 0x9E93
mem[X,0x0000000080001102] -> 0x00BE
[1093] [M]: 0x0000000080001100 (0x00BE9E93) slli t4, t4, 0xb
x29 <- 0x0000003880155000

mem[X,0x0000000080001104] -> 0x8E93
mem[X,0x0000000080001106] -> 0x010E
[1094] [M]: 0x0000000080001104 (0x010E8E93) addi t4, t4, 0x10
x29 <- 0x0000003880155010

mem[X,0x0000000080001108] -> 0x9E93
mem[X,0x000000008000110A] -> 0x00BE
[1095] [M]: 0x0000000080001108 (0x00BE9E93) slli t4, t4, 0xb
x29 <- 0x0001C400AA808000

mem[X,0x000000008000110C] -> 0x8E93
mem[X,0x000000008000110E] -> 0x401E
[1096] [M]: 0x000000008000110C (0x401E8E93) addi t4, t4, 0x401
x29 <- 0x0001C400AA808401

mem[X,0x0000000080001110] -> 0x9E93
mem[X,0x0000000080001112] -> 0x00AE
[1097] [M]: 0x0000000080001110 (0x00AE9E93) slli t4, t4, 0xa
x29 <- 0x071002AA02100400

mem[X,0x0000000080001114] -> 0x8E93
mem[X,0x0000000080001116] -> 0x201E
[1098] [M]: 0x0000000080001114 (0x201E8E93) addi t4, t4, 0x201
x29 <- 0x071002AA02100601

mem[X,0x0000000080001118] -> 0x0FBB
mem[X,0x000000008000111A] -> 0xBDDF
[1099] [M]: 0x0000000080001118 (0xBDDF0FBB) paaddu.b t6, t5, t4
x31 <- 0x826870CC017F5870

clint::tick mtime <- 0x000000000000000B
 clint timer pending at mtime 0x000000000000000B
htif::tick 0x0000000000000000
mem[X,0x000000008000111C] -> 0xB023
mem[X,0x000000008000111E] -> 0x0DF0
[1100] [M]: 0x000000008000111C (0x0DF0B023) sd t6, 0xc0(ra)
mem[0x00000000800042C0] <- 0x826870CC017F5870

mem[X,0x0000000080001120] -> 0x1F37
mem[X,0x0000000080001122] -> 0x01F9
[1101] [M]: 0x0000000080001120 (0x01F91F37) lui t5, 0x1f91
x30 <- 0x0000000001F91000

mem[X,0x0000000080001124] -> 0x0F13
mem[X,0x0000000080001126] -> 0x940F
[1102] [M]: 0x0000000080001124 (0x940F0F13) addi t5, t5, -0x6c0
x30 <- 0x0000000001F90940

mem[X,0x0000000080001128] -> 0x1F13
mem[X,0x000000008000112A] -> 0x00BF
[1103] [M]: 0x0000000080001128 (0x00BF1F13) slli t5, t5, 0xb
x30 <- 0x0000000FC84A0000

mem[X,0x000000008000112C] -> 0x0F13
mem[X,0x000000008000112E] -> 0x03BF
[1104] [M]: 0x000000008000112C (0x03BF0F13) addi t5, t5, 0x3b
x30 <- 0x0000000FC84A003B

mem[X,0x0000000080001130] -> 0x1F13
mem[X,0x0000000080001132] -> 0x00BF
[1105] [M]: 0x0000000080001130 (0x00BF1F13) slli t5, t5, 0xb
x30 <- 0x00007E425001D800

mem[X,0x0000000080001134] -> 0x0F13
mem[X,0x0000000080001136] -> 0x7C2F
[1106] [M]: 0x0000000080001134 (0x7C2F0F13) addi t5, t5, 0x7c2
x30 <- 0x00007E425001DFC2

mem[X,0x0000000080001138] -> 0x1F13
mem[X,0x000000008000113A] -> 0x00AF
[1107] [M]: 0x0000000080001138 (0x00AF1F13) slli t5, t5, 0xa
x30 <- 0x01F90940077F0800

mem[X,0x000000008000113C] -> 0x0F13
mem[X,0x000000008000113E] -> 0x108F
[1108] [M]: 0x000000008000113C (0x108F0F13) addi t5, t5, 0x108
x30 <- 0x01F90940077F0908

mem[X,0x0000000080001140] -> 0x0EB7
mem[X,0x0000000080001142] -> 0xF6C1
[1109] [M]: 0x0000000080001140 (0xF6C10EB7) lui t4, -0x93f0
x29 <- 0xFFFFFFFFF6C10000

mem[X,0x0000000080001144] -> 0x8E93
mem[X,0x0000000080001146] -> 0xE07E
[1110] [M]: 0x0000000080001144 (0xE07E8E93) addi t4, t4, -0x1f9
x29 <- 0xFFFFFFFFF6C0FE07

mem[X,0x0000000080001148] -> 0x9E93
mem[X,0x000000008000114A] -> 0x00BE
[1111] [M]: 0x0000000080001148 (0x00BE9E93) slli t4, t4, 0xb
x29 <- 0xFFFFFFB607F03800

mem[X,0x000000008000114C] -> 0x8E93
mem[X,0x000000008000114E] -> 0x77FE
[1112] [M]: 0x000000008000114C (0x77FE8E93) addi t4, t4, 0x77f
x29 <- 0xFFFFFFB607F03F7F

mem[X,0x0000000080001150] -> 0x9E93
mem[X,0x0000000080001152] -> 0x00BE
[1113] [M]: 0x0000000080001150 (0x00BE9E93) slli t4, t4, 0xb
x29 <- 0xFFFDB03F81FBF800

mem[X,0x0000000080001154] -> 0x8E93
mem[X,0x0000000080001156] -> 0x5BBE
[1114] [M]: 0x0000000080001154 (0x5BBE8E93) addi t4, t4, 0x5bb
x29 <- 0xFFFDB03F81FBFDBB

mem[X,0x0000000080001158] -> 0x9E93
mem[X,0x000000008000115A] -> 0x00AE
[1115] [M]: 0x0000000080001158 (0x00AE9E93) slli t4, t4, 0xa
x29 <- 0xF6C0FE07EFF6EC00

mem[X,0x000000008000115C] -> 0x8E93
mem[X,0x000000008000115E] -> 0x308E
[1116] [M]: 0x000000008000115C (0x308E8E93) addi t4, t4, 0x308
x29 <- 0xF6C0FE07EFF6EF08

mem[X,0x0000000080001160] -> 0x0FBB
mem[X,0x0000000080001162] -> 0xBDDF
[1117] [M]: 0x0000000080001160 (0xBDDF0FBB) paaddu.b t6, t5, t4
x31 <- 0x7BDC83237BBA7C08

mem[X,0x0000000080001164] -> 0xB423
mem[X,0x0000000080001166] -> 0x0DF0
[1118] [M]: 0x0000000080001164 (0x0DF0B423) sd t6, 0xc8(ra)
mem[0x00000000800042C8] <- 0x7BDC83237BBA7C08

mem[X,0x0000000080001168] -> 0xFF37
mem[X,0x000000008000116A] -> 0xBF05
[1119] [M]: 0x0000000080001168 (0xBF05FF37) lui t5, -0x40fa1
x30 <- 0xFFFFFFFFBF05F000

mem[X,0x000000008000116C] -> 0x0F13
mem[X,0x000000008000116E] -> 0x609F
[1120] [M]: 0x000000008000116C (0x609F0F13) addi t5, t5, 0x609
x30 <- 0xFFFFFFFFBF05F609

mem[X,0x0000000080001170] -> 0x1F13
mem[X,0x0000000080001172] -> 0x00BF
[1121] [M]: 0x0000000080001170 (0x00BF1F13) slli t5, t5, 0xb
x30 <- 0xFFFFFDF82FB04800

mem[X,0x0000000080001174] -> 0x0F13
mem[X,0x0000000080001176] -> 0x200F
[1122] [M]: 0x0000000080001174 (0x200F0F13) addi t5, t5, 0x200
x30 <- 0xFFFFFDF82FB04A00

mem[X,0x0000000080001178] -> 0x1F13
mem[X,0x000000008000117A] -> 0x00BF
[1123] [M]: 0x0000000080001178 (0x00BF1F13) slli t5, t5, 0xb
x30 <- 0xFFEFC17D82500000

mem[X,0x000000008000117C] -> 0x0F13
mem[X,0x000000008000117E] -> 0x1A0F
[1124] [M]: 0x000000008000117C (0x1A0F0F13) addi t5, t5, 0x1a0
x30 <- 0xFFEFC17D825001A0

mem[X,0x0000000080001180] -> 0x1F13
mem[X,0x0000000080001182] -> 0x00AF
[1125] [M]: 0x0000000080001180 (0x00AF1F13) slli t5, t5, 0xa
x30 <- 0xBF05F60940068000

mem[X,0x0000000080001184] -> 0x0F13
mem[X,0x0000000080001186] -> 0x009F
[1126] [M]: 0x0000000080001184 (0x009F0F13) addi t5, t5, 0x9
x30 <- 0xBF05F60940068009

mem[X,0x0000000080001188] -> 0xCEB7
mem[X,0x000000008000118A] -> 0x4009
[1127] [M]: 0x0000000080001188 (0x4009CEB7) lui t4, 0x4009c
x29 <- 0x000000004009C000

mem[X,0x000000008000118C] -> 0x8E93
mem[X,0x000000008000118E] -> 0xF04E
[1128] [M]: 0x000000008000118C (0xF04E8E93) addi t4, t4, -0xfc
x29 <- 0x000000004009BF04

mem[X,0x0000000080001190] -> 0x9E93
mem[X,0x0000000080001192] -> 0x00BE
[1129] [M]: 0x0000000080001190 (0x00BE9E93) slli t4, t4, 0xb
x29 <- 0x000002004DF82000

mem[X,0x0000000080001194] -> 0x8E93
mem[X,0x0000000080001196] -> 0x2AEE
[1130] [M]: 0x0000000080001194 (0x2AEE8E93) addi t4, t4, 0x2ae
x29 <- 0x000002004DF822AE

mem[X,0x0000000080001198] -> 0x9E93
mem[X,0x000000008000119A] -> 0x00BE
[1131] [M]: 0x0000000080001198 (0x00BE9E93) slli t4, t4, 0xb
x29 <- 0x0010026FC1157000

mem[X,0x000000008000119C] -> 0x8E93
mem[X,0x000000008000119E] -> 0x7FEE
[1132] [M]: 0x000000008000119C (0x7FEE8E93) addi t4, t4, 0x7fe
x29 <- 0x0010026FC11577FE

mem[X,0x00000000800011A0] -> 0x9E93
mem[X,0x00000000800011A2] -> 0x00AE
[1133] [M]: 0x00000000800011A0 (0x00AE9E93) slli t4, t4, 0xa
x29 <- 0x4009BF0455DFF800

mem[X,0x00000000800011A4] -> 0x8E93
mem[X,0x00000000800011A6] -> 0x240E
[1134] [M]: 0x00000000800011A4 (0x240E8E93) addi t4, t4, 0x240
x29 <- 0x4009BF0455DFFA40

mem[X,0x00000000800011A8] -> 0x0FBB
mem[X,0x00000000800011AA] -> 0xBDDF
[1135] [M]: 0x00000000800011A8 (0xBDDF0FBB) paaddu.b t6, t5, t4
x31 <- 0x7F07DA064A72BD24

mem[X,0x00000000800011AC] -> 0xB823
mem[X,0x00000000800011AE] -> 0x0DF0
[1136] [M]: 0x00000000800011AC (0x0DF0B823) sd t6, 0xd0(ra)
mem[0x00000000800042D0] <- 0x7F07DA064A72BD24

mem[X,0x00000000800011B0] -> 0xEF37
mem[X,0x00000000800011B2] -> 0x043F
[1137] [M]: 0x00000000800011B0 (0x043FEF37) lui t5, 0x43fe
x30 <- 0x00000000043FE000

mem[X,0x00000000800011B4] -> 0x0F13
mem[X,0x00000000800011B6] -> 0xF20F
[1138] [M]: 0x00000000800011B4 (0xF20F0F13) addi t5, t5, -0xe0
x30 <- 0x00000000043FDF20

mem[X,0x00000000800011B8] -> 0x1F13
mem[X,0x00000000800011BA] -> 0x00BF
[1139] [M]: 0x00000000800011B8 (0x00BF1F13) slli t5, t5, 0xb
x30 <- 0x00000021FEF90000

mem[X,0x00000000800011BC] -> 0x0F13
mem[X,0x00000000800011BE] -> 0x6FAF
[1140] [M]: 0x00000000800011BC (0x6FAF0F13) addi t5, t5, 0x6fa
x30 <- 0x00000021FEF906FA

mem[X,0x00000000800011C0] -> 0x1F13
mem[X,0x00000000800011C2] -> 0x00BF
[1141] [M]: 0x00000000800011C0 (0x00BF1F13) slli t5, t5, 0xb
x30 <- 0x00010FF7C837D000

mem[X,0x00000000800011C4] -> 0x0F13
mem[X,0x00000000800011C6] -> 0x570F
[1142] [M]: 0x00000000800011C4 (0x570F0F13) addi t5, t5, 0x570
x30 <- 0x00010FF7C837D570

mem[X,0x00000000800011C8] -> 0x1F13
mem[X,0x00000000800011CA] -> 0x00AF
[1143] [M]: 0x00000000800011C8 (0x00AF1F13) slli t5, t5, 0xa
x30 <- 0x043FDF20DF55C000

mem[X,0x00000000800011CC] -> 0x0F13
mem[X,0x00000000800011CE] -> 0x0BFF
[1144] [M]: 0x00000000800011CC (0x0BFF0F13) addi t5, t5, 0xbf
x30 <- 0x043FDF20DF55C0BF

mem[X,0x00000000800011D0] -> 0x2EB7
mem[X,0x00000000800011D2] -> 0x0205
[1145] [M]: 0x00000000800011D0 (0x02052EB7) lui t4, 0x2052
x29 <- 0x0000000002052000

mem[X,0x00000000800011D4] -> 0x8E93
mem[X,0x00000000800011D6] -> 0x0C0E
[1146] [M]: 0x00000000800011D4 (0x0C0E8E93) addi t4, t4, 0xc0
x29 <- 0x00000000020520C0

mem[X,0x00000000800011D8] -> 0x9E93
mem[X,0x00000000800011DA] -> 0x00BE
[1147] [M]: 0x00000000800011D8 (0x00BE9E93) slli t4, t4, 0xb
x29 <- 0x0000001029060000

mem[X,0x00000000800011DC] -> 0x8E93
mem[X,0x00000000800011DE] -> 0x7FFE
[1148] [M]: 0x00000000800011DC (0x7FFE8E93) addi t4, t4, 0x7ff
x29 <- 0x00000010290607FF

mem[X,0x00000000800011E0] -> 0x9E93
mem[X,0x00000000800011E2] -> 0x00BE
[1149] [M]: 0x00000000800011E0 (0x00BE9E93) slli t4, t4, 0xb
x29 <- 0x00008148303FF800

mem[X,0x00000000800011E4] -> 0x8E93
mem[X,0x00000000800011E6] -> 0x7C8E
[1150] [M]: 0x00000000800011E4 (0x7C8E8E93) addi t4, t4, 0x7c8
x29 <- 0x00008148303FFFC8

mem[X,0x00000000800011E8] -> 0x9E93
mem[X,0x00000000800011EA] -> 0x00AE
[1151] [M]: 0x00000000800011E8 (0x00AE9E93) slli t4, t4, 0xa
x29 <- 0x020520C0FFFF2000

mem[X,0x00000000800011EC] -> 0x8E93
mem[X,0x00000000800011EE] -> 0x002E
[1152] [M]: 0x00000000800011EC (0x002E8E93) addi t4, t4, 0x2
x29 <- 0x020520C0FFFF2002

mem[X,0x00000000800011F0] -> 0x0FBB
mem[X,0x00000000800011F2] -> 0xBDDF
[1153] [M]: 0x00000000800011F0 (0xBDDF0FBB) paaddu.b t6, t5, t4
x31 <- 0x03227F70EFAA7060

mem[X,0x00000000800011F4] -> 0xBC23
mem[X,0x00000000800011F6] -> 0x0DF0
[1154] [M]: 0x00000000800011F4 (0x0DF0BC23) sd t6, 0xd8(ra)
mem[0x00000000800042D8] <- 0x03227F70EFAA7060

mem[X,0x00000000800011F8] -> 0x0F37
mem[X,0x00000000800011FA] -> 0xBFFD
[1155] [M]: 0x00000000800011F8 (0xBFFD0F37) lui t5, -0x40030
x30 <- 0xFFFFFFFFBFFD0000

mem[X,0x00000000800011FC] -> 0x0F13
mem[X,0x00000000800011FE] -> 0xF3FF
[1156] [M]: 0x00000000800011FC (0xF3FF0F13) addi t5, t5, -0xc1
x30 <- 0xFFFFFFFFBFFCFF3F

mem[X,0x0000000080001200] -> 0x1F13
mem[X,0x0000000080001202] -> 0x00BF
[1157] [M]: 0x0000000080001200 (0x00BF1F13) slli t5, t5, 0xb
x30 <- 0xFFFFFDFFE7F9F800

mem[X,0x0000000080001204] -> 0x0F13
mem[X,0x0000000080001206] -> 0x7B8F
[1158] [M]: 0x0000000080001204 (0x7B8F0F13) addi t5, t5, 0x7b8
x30 <- 0xFFFFFDFFE7F9FFB8

mem[X,0x0000000080001208] -> 0x1F13
mem[X,0x000000008000120A] -> 0x00BF
[1159] [M]: 0x0000000080001208 (0x00BF1F13) slli t5, t5, 0xb
x30 <- 0xFFEFFF3FCFFDC000

mem[X,0x000000008000120C] -> 0x0F13
mem[X,0x000000008000120E] -> 0x140F
[1160] [M]: 0x000000008000120C (0x140F0F13) addi t5, t5, 0x140
x30 <- 0xFFEFFF3FCFFDC140

mem[X,0x0000000080001210] -> 0x1F13
mem[X,0x0000000080001212] -> 0x00AF
[1161] [M]: 0x0000000080001210 (0x00AF1F13) slli t5, t5, 0xa
x30 <- 0xBFFCFF3FF7050000

mem[X,0x0000000080001214] -> 0x0F13
mem[X,0x0000000080001216] -> 0x3EFF
[1162] [M]: 0x0000000080001214 (0x3EFF0F13) addi t5, t5, 0x3ef
x30 <- 0xBFFCFF3FF70503EF

mem[X,0x0000000080001218] -> 0x0EB7
mem[X,0x000000008000121A] -> 0x40FA
[1163] [M]: 0x0000000080001218 (0x40FA0EB7) lui t4, 0x40fa0
x29 <- 0x0000000040FA0000

mem[X,0x000000008000121C] -> 0x8E93
mem[X,0x000000008000121E] -> 0x940E
[1164] [M]: 0x000000008000121C (0x940E8E93) addi t4, t4, -0x6c0
x29 <- 0x0000000040F9F940

mem[X,0x0000000080001220] -> 0x9E93
mem[X,0x0000000080001222] -> 0x00BE
[1165] [M]: 0x0000000080001220 (0x00BE9E93) slli t4, t4, 0xb
x29 <- 0x00000207CFCA0000

mem[X,0x0000000080001224] -> 0x8E93
mem[X,0x0000000080001226] -> 0x020E
[1166] [M]: 0x0000000080001224 (0x020E8E93) addi t4, t4, 0x20
x29 <- 0x00000207CFCA0020

mem[X,0x0000000080001228] -> 0x9E93
mem[X,0x000000008000122A] -> 0x00BE
[1167] [M]: 0x0000000080001228 (0x00BE9E93) slli t4, t4, 0xb
x29 <- 0x00103E7E50010000

mem[X,0x000000008000122C] -> 0x8E93
mem[X,0x000000008000122E] -> 0x020E
[1168] [M]: 0x000000008000122C (0x020E8E93) addi t4, t4, 0x20
x29 <- 0x00103E7E50010020

mem[X,0x0000000080001230] -> 0x9E93
mem[X,0x0000000080001232] -> 0x00AE
[1169] [M]: 0x0000000080001230 (0x00AE9E93) slli t4, t4, 0xa
x29 <- 0x40F9F94004008000

mem[X,0x0000000080001234] -> 0x8E93
mem[X,0x0000000080001236] -> 0x005E
[1170] [M]: 0x0000000080001234 (0x005E8E93) addi t4, t4, 0x5
x29 <- 0x40F9F94004008005

mem[X,0x0000000080001238] -> 0x0FBB
mem[X,0x000000008000123A] -> 0xBDDF
[1171] [M]: 0x0000000080001238 (0xBDDF0FBB) paaddu.b t6, t5, t4
x31 <- 0x7FFAFC3F7D02417A

mem[X,0x000000008000123C] -> 0xB023
mem[X,0x000000008000123E] -> 0x0FF0
[1172] [M]: 0x000000008000123C (0x0FF0B023) sd t6, 0xe0(ra)
mem[0x00000000800042E0] <- 0x7FFAFC3F7D02417A

mem[X,0x0000000080001240] -> 0x0F37
mem[X,0x0000000080001242] -> 0x207F
[1173] [M]: 0x0000000080001240 (0x207F0F37) lui t5, 0x207f0
x30 <- 0x00000000207F0000

mem[X,0x0000000080001244] -> 0x0F13
mem[X,0x0000000080001246] -> 0x7FBF
[1174] [M]: 0x0000000080001244 (0x7FBF0F13) addi t5, t5, 0x7fb
x30 <- 0x00000000207F07FB

mem[X,0x0000000080001248] -> 0x1F13
mem[X,0x000000008000124A] -> 0x00BF
[1175] [M]: 0x0000000080001248 (0x00BF1F13) slli t5, t5, 0xb
x30 <- 0x00000103F83FD800

mem[X,0x000000008000124C] -> 0x0F13
mem[X,0x000000008000124E] -> 0x6FEF
[1176] [M]: 0x000000008000124C (0x6FEF0F13) addi t5, t5, 0x6fe
x30 <- 0x00000103F83FDEFE

mem[X,0x0000000080001250] -> 0x1F13
mem[X,0x0000000080001252] -> 0x00BF
[1177] [M]: 0x0000000080001250 (0x00BF1F13) slli t5, t5, 0xb
x30 <- 0x00081FC1FEF7F000

mem[X,0x0000000080001254] -> 0x0F13
mem[X,0x0000000080001256] -> 0x020F
[1178] [M]: 0x0000000080001254 (0x020F0F13) addi t5, t5, 0x20
x30 <- 0x00081FC1FEF7F020

mem[X,0x0000000080001258] -> 0x1F13
mem[X,0x000000008000125A] -> 0x00AF
[1179] [M]: 0x0000000080001258 (0x00AF1F13) slli t5, t5, 0xa
x30 <- 0x207F07FBDFC08000

mem[X,0x000000008000125C] -> 0x0F13
mem[X,0x000000008000125E] -> 0x0FEF
[1180] [M]: 0x000000008000125C (0x0FEF0F13) addi t5, t5, 0xfe
x30 <- 0x207F07FBDFC080FE

mem[X,0x0000000080001260] -> 0x0EB7
mem[X,0x0000000080001262] -> 0xAABF
[1181] [M]: 0x0000000080001260 (0xAABF0EB7) lui t4, -0x55410
x29 <- 0xFFFFFFFFAABF0000

mem[X,0x0000000080001264] -> 0x8E93
mem[X,0x0000000080001266] -> 0x5FAE
[1182] [M]: 0x0000000080001264 (0x5FAE8E93) addi t4, t4, 0x5fa
x29 <- 0xFFFFFFFFAABF05FA

mem[X,0x0000000080001268] -> 0x9E93
mem[X,0x000000008000126A] -> 0x00BE
[1183] [M]: 0x0000000080001268 (0x00BE9E93) slli t4, t4, 0xb
x29 <- 0xFFFFFD55F82FD000

mem[X,0x000000008000126C] -> 0x8E93
mem[X,0x000000008000126E] -> 0x7E8E
[1184] [M]: 0x000000008000126C (0x7E8E8E93) addi t4, t4, 0x7e8
x29 <- 0xFFFFFD55F82FD7E8

mem[X,0x0000000080001270] -> 0x9E93
mem[X,0x0000000080001272] -> 0x00BE
[1185] [M]: 0x0000000080001270 (0x00BE9E93) slli t4, t4, 0xb
x29 <- 0xFFEAAFC17EBF4000

mem[X,0x0000000080001274] -> 0x8E93
mem[X,0x0000000080001276] -> 0x07FE
[1186] [M]: 0x0000000080001274 (0x07FE8E93) addi t4, t4, 0x7f
x29 <- 0xFFEAAFC17EBF407F

mem[X,0x0000000080001278] -> 0x9E93
mem[X,0x000000008000127A] -> 0x00AE
[1187] [M]: 0x0000000080001278 (0x00AE9E93) slli t4, t4, 0xa
x29 <- 0xAABF05FAFD01FC00

mem[X,0x000000008000127C] -> 0x8E93
mem[X,0x000000008000127E] -> 0x1F7E
[1188] [M]: 0x000000008000127C (0x1F7E8E93) addi t4, t4, 0x1f7
x29 <- 0xAABF05FAFD01FDF7

mem[X,0x0000000080001280] -> 0x0FBB
mem[X,0x0000000080001282] -> 0xBDDF
[1189] [M]: 0x0000000080001280 (0xBDDF0FBB) paaddu.b t6, t5, t4
x31 <- 0x659F06FAEE60BEFA

mem[X,0x0000000080001284] -> 0xB423
mem[X,0x0000000080001286] -> 0x0FF0
[1190] [M]: 0x0000000080001284 (0x0FF0B423) sd t6, 0xe8(ra)
mem[0x00000000800042E8] <- 0x659F06FAEE60BEFA

mem[X,0x0000000080001288] -> 0x1F37
mem[X,0x000000008000128A] -> 0x0108
[1191] [M]: 0x0000000080001288 (0x01081F37) lui t5, 0x1081
x30 <- 0x0000000001081000

mem[X,0x000000008000128C] -> 0x0F13
mem[X,0x000000008000128E] -> 0x8FCF
[1192] [M]: 0x000000008000128C (0x8FCF0F13) addi t5, t5, -0x704
x30 <- 0x00000000010808FC

mem[X,0x0000000080001290] -> 0x1F13
mem[X,0x0000000080001292] -> 0x00BF
[1193] [M]: 0x0000000080001290 (0x00BF1F13) slli t5, t5, 0xb
x30 <- 0x000000084047E000

mem[X,0x0000000080001294] -> 0x0F13
mem[X,0x0000000080001296] -> 0x2A8F
[1194] [M]: 0x0000000080001294 (0x2A8F0F13) addi t5, t5, 0x2a8
x30 <- 0x000000084047E2A8

mem[X,0x0000000080001298] -> 0x1F13
mem[X,0x000000008000129A] -> 0x00BF
[1195] [M]: 0x0000000080001298 (0x00BF1F13) slli t5, t5, 0xb
x30 <- 0x000042023F154000

mem[X,0x000000008000129C] -> 0x0F13
mem[X,0x000000008000129E] -> 0x13DF
[1196] [M]: 0x000000008000129C (0x13DF0F13) addi t5, t5, 0x13d
x30 <- 0x000042023F15413D

mem[X,0x00000000800012A0] -> 0x1F13
mem[X,0x00000000800012A2] -> 0x00AF
[1197] [M]: 0x00000000800012A0 (0x00AF1F13) slli t5, t5, 0xa
x30 <- 0x010808FC5504F400

mem[X,0x00000000800012A4] -> 0x0F13
mem[X,0x00000000800012A6] -> 0x3C0F
[1198] [M]: 0x00000000800012A4 (0x3C0F0F13) addi t5, t5, 0x3c0
x30 <- 0x010808FC5504F7C0

mem[X,0x00000000800012A8] -> 0x0EB7
mem[X,0x00000000800012AA] -> 0x7F07
[1199] [M]: 0x00000000800012A8 (0x7F070EB7) lui t4, 0x7f070
x29 <- 0x000000007F070000

clint::tick mtime <- 0x000000000000000C
 clint timer pending at mtime 0x000000000000000C
htif::tick 0x0000000000000000
mem[X,0x00000000800012AC] -> 0x8E93
mem[X,0x00000000800012AE] -> 0xDF6E
[1200] [M]: 0x00000000800012AC (0xDF6E8E93) addi t4, t4, -0x20a
x29 <- 0x000000007F06FDF6

mem[X,0x00000000800012B0] -> 0x9E93
mem[X,0x00000000800012B2] -> 0x00BE
[1201] [M]: 0x00000000800012B0 (0x00BE9E93) slli t4, t4, 0xb
x29 <- 0x000003F837EFB000

mem[X,0x00000000800012B4] -> 0x8E93
mem[X,0x00000000800012B6] -> 0x7B8E
[1202] [M]: 0x00000000800012B4 (0x7B8E8E93) addi t4, t4, 0x7b8
x29 <- 0x000003F837EFB7B8

mem[X,0x00000000800012B8] -> 0x9E93
mem[X,0x00000000800012BA] -> 0x00BE
[1203] [M]: 0x00000000800012B8 (0x00BE9E93) slli t4, t4, 0xb
x29 <- 0x001FC1BF7DBDC000

mem[X,0x00000000800012BC] -> 0x8E93
mem[X,0x00000000800012BE] -> 0x1C4E
[1204] [M]: 0x00000000800012BC (0x1C4E8E93) addi t4, t4, 0x1c4
x29 <- 0x001FC1BF7DBDC1C4

mem[X,0x00000000800012C0] -> 0x9E93
mem[X,0x00000000800012C2] -> 0x00AE
[1205] [M]: 0x00000000800012C0 (0x00AE9E93) slli t4, t4, 0xa
x29 <- 0x7F06FDF6F7071000

mem[X,0x00000000800012C4] -> 0x8E93
mem[X,0x00000000800012C6] -> 0x005E
[1206] [M]: 0x00000000800012C4 (0x005E8E93) addi t4, t4, 0x5
x29 <- 0x7F06FDF6F7071005

mem[X,0x00000000800012C8] -> 0x0FBB
mem[X,0x00000000800012CA] -> 0xBDDF
[1207] [M]: 0x00000000800012C8 (0xBDDF0FBB) paaddu.b t6, t5, t4
x31 <- 0x400782F9A6058362

mem[X,0x00000000800012CC] -> 0xB823
mem[X,0x00000000800012CE] -> 0x0FF0
[1208] [M]: 0x00000000800012CC (0x0FF0B823) sd t6, 0xf0(ra)
mem[0x00000000800042F0] <- 0x400782F9A6058362

mem[X,0x00000000800012D0] -> 0x4F37
mem[X,0x00000000800012D2] -> 0xFBFA
[1209] [M]: 0x00000000800012D0 (0xFBFA4F37) lui t5, -0x405c
x30 <- 0xFFFFFFFFFBFA4000

mem[X,0x00000000800012D4] -> 0x0F13
mem[X,0x00000000800012D6] -> 0xF00F
[1210] [M]: 0x00000000800012D4 (0xF00F0F13) addi t5, t5, -0x100
x30 <- 0xFFFFFFFFFBFA3F00

mem[X,0x00000000800012D8] -> 0x1F13
mem[X,0x00000000800012DA] -> 0x00BF
[1211] [M]: 0x00000000800012D8 (0x00BF1F13) slli t5, t5, 0xb
x30 <- 0xFFFFFFDFD1F80000

mem[X,0x00000000800012DC] -> 0x0F13
mem[X,0x00000000800012DE] -> 0x7F7F
[1212] [M]: 0x00000000800012DC (0x7F7F0F13) addi t5, t5, 0x7f7
x30 <- 0xFFFFFFDFD1F807F7

mem[X,0x00000000800012E0] -> 0x1F13
mem[X,0x00000000800012E2] -> 0x00BF
[1213] [M]: 0x00000000800012E0 (0x00BF1F13) slli t5, t5, 0xb
x30 <- 0xFFFEFE8FC03FB800

mem[X,0x00000000800012E4] -> 0x0F13
mem[X,0x00000000800012E6] -> 0x700F
[1214] [M]: 0x00000000800012E4 (0x700F0F13) addi t5, t5, 0x700
x30 <- 0xFFFEFE8FC03FBF00

mem[X,0x00000000800012E8] -> 0x1F13
mem[X,0x00000000800012EA] -> 0x00AF
[1215] [M]: 0x00000000800012E8 (0x00AF1F13) slli t5, t5, 0xa
x30 <- 0xFBFA3F00FEFC0000

mem[X,0x00000000800012EC] -> 0x0F13
mem[X,0x00000000800012EE] -> 0x355F
[1216] [M]: 0x00000000800012EC (0x355F0F13) addi t5, t5, 0x355
x30 <- 0xFBFA3F00FEFC0355

mem[X,0x00000000800012F0] -> 0xCEB7
mem[X,0x00000000800012F2] -> 0x4000
[1217] [M]: 0x00000000800012F0 (0x4000CEB7) lui t4, 0x4000c
x29 <- 0x000000004000C000

mem[X,0x00000000800012F4] -> 0x8E93
mem[X,0x00000000800012F6] -> 0x003E
[1218] [M]: 0x00000000800012F4 (0x003E8E93) addi t4, t4, 0x3
x29 <- 0x000000004000C003

mem[X,0x00000000800012F8] -> 0x9E93
mem[X,0x00000000800012FA] -> 0x00BE
[1219] [M]: 0x00000000800012F8 (0x00BE9E93) slli t4, t4, 0xb
x29 <- 0x0000020006001800

mem[X,0x00000000800012FC] -> 0x8E93
mem[X,0x00000000800012FE] -> 0x7E8E
[1220] [M]: 0x00000000800012FC (0x7E8E8E93) addi t4, t4, 0x7e8
x29 <- 0x0000020006001FE8

mem[X,0x0000000080001300] -> 0x9E93
mem[X,0x0000000080001302] -> 0x00BE
[1221] [M]: 0x0000000080001300 (0x00BE9E93) slli t4, t4, 0xb
x29 <- 0x0010003000FF4000

mem[X,0x0000000080001304] -> 0x8E93
mem[X,0x0000000080001306] -> 0x43EE
[1222] [M]: 0x0000000080001304 (0x43EE8E93) addi t4, t4, 0x43e
x29 <- 0x0010003000FF443E

mem[X,0x0000000080001308] -> 0x9E93
mem[X,0x000000008000130A] -> 0x00AE
[1223] [M]: 0x0000000080001308 (0x00AE9E93) slli t4, t4, 0xa
x29 <- 0x4000C003FD10F800

mem[X,0x000000008000130C] -> 0x8E93
mem[X,0x000000008000130E] -> 0x302E
[1224] [M]: 0x000000008000130C (0x302E8E93) addi t4, t4, 0x302
x29 <- 0x4000C003FD10FB02

mem[X,0x0000000080001310] -> 0x0FBB
mem[X,0x0000000080001312] -> 0xBDDF
[1225] [M]: 0x0000000080001310 (0xBDDF0FBB) paaddu.b t6, t5, t4
x31 <- 0x9D7D7F01FD867F2B

mem[X,0x0000000080001314] -> 0xBC23
mem[X,0x0000000080001316] -> 0x0FF0
[1226] [M]: 0x0000000080001314 (0x0FF0BC23) sd t6, 0xf8(ra)
mem[0x00000000800042F8] <- 0x9D7D7F01FD867F2B

mem[X,0x0000000080001318] -> 0x0F37
mem[X,0x000000008000131A] -> 0xBF11
[1227] [M]: 0x0000000080001318 (0xBF110F37) lui t5, -0x40ef0
x30 <- 0xFFFFFFFFBF110000

mem[X,0x000000008000131C] -> 0x0F13
mem[X,0x000000008000131E] -> 0xEFBF
[1228] [M]: 0x000000008000131C (0xEFBF0F13) addi t5, t5, -0x105
x30 <- 0xFFFFFFFFBF10FEFB

mem[X,0x0000000080001320] -> 0x1F13
mem[X,0x0000000080001322] -> 0x00BF
[1229] [M]: 0x0000000080001320 (0x00BF1F13) slli t5, t5, 0xb
x30 <- 0xFFFFFDF887F7D800

mem[X,0x0000000080001324] -> 0x0F13
mem[X,0x0000000080001326] -> 0x02FF
[1230] [M]: 0x0000000080001324 (0x02FF0F13) addi t5, t5, 0x2f
x30 <- 0xFFFFFDF887F7D82F

mem[X,0x0000000080001328] -> 0x1F13
mem[X,0x000000008000132A] -> 0x00BF
[1231] [M]: 0x0000000080001328 (0x00BF1F13) slli t5, t5, 0xb
x30 <- 0xFFEFC43FBEC17800

mem[X,0x000000008000132C] -> 0x0F13
mem[X,0x000000008000132E] -> 0x755F
[1232] [M]: 0x000000008000132C (0x755F0F13) addi t5, t5, 0x755
x30 <- 0xFFEFC43FBEC17F55

mem[X,0x0000000080001330] -> 0x1F13
mem[X,0x0000000080001332] -> 0x00AF
[1233] [M]: 0x0000000080001330 (0x00AF1F13) slli t5, t5, 0xa
x30 <- 0xBF10FEFB05FD5400

mem[X,0x0000000080001334] -> 0x0F13
mem[X,0x0000000080001336] -> 0x107F
[1234] [M]: 0x0000000080001334 (0x107F0F13) addi t5, t5, 0x107
x30 <- 0xBF10FEFB05FD5507

mem[X,0x0000000080001338] -> 0xCEB7
mem[X,0x000000008000133A] -> 0xF8C0
[1235] [M]: 0x0000000080001338 (0xF8C0CEB7) lui t4, -0x73f4
x29 <- 0xFFFFFFFFF8C0C000

mem[X,0x000000008000133C] -> 0x8E93
mem[X,0x000000008000133E] -> 0x03FE
[1236] [M]: 0x000000008000133C (0x03FE8E93) addi t4, t4, 0x3f
x29 <- 0xFFFFFFFFF8C0C03F

mem[X,0x0000000080001340] -> 0x9E93
mem[X,0x0000000080001342] -> 0x00BE
[1237] [M]: 0x0000000080001340 (0x00BE9E93) slli t4, t4, 0xb
x29 <- 0xFFFFFFC60601F800

mem[X,0x0000000080001344] -> 0x8E93
mem[X,0x0000000080001346] -> 0x012E
[1238] [M]: 0x0000000080001344 (0x012E8E93) addi t4, t4, 0x12
x29 <- 0xFFFFFFC60601F812

mem[X,0x0000000080001348] -> 0x9E93
mem[X,0x000000008000134A] -> 0x00BE
[1239] [M]: 0x0000000080001348 (0x00BE9E93) slli t4, t4, 0xb
x29 <- 0xFFFE30300FC09000

mem[X,0x000000008000134C] -> 0x8E93
mem[X,0x000000008000134E] -> 0x000E
[1240] [M]: 0x000000008000134C (0x000E8E93) addi t4, t4, 0x0
x29 <- 0xFFFE30300FC09000

mem[X,0x0000000080001350] -> 0x9E93
mem[X,0x0000000080001352] -> 0x00AE
[1241] [M]: 0x0000000080001350 (0x00AE9E93) slli t4, t4, 0xa
x29 <- 0xF8C0C03F02400000

mem[X,0x0000000080001354] -> 0x8E93
mem[X,0x0000000080001356] -> 0x0F6E
[1242] [M]: 0x0000000080001354 (0x0F6E8E93) addi t4, t4, 0xf6
x29 <- 0xF8C0C03F024000F6

mem[X,0x0000000080001358] -> 0x0FBB
mem[X,0x000000008000135A] -> 0xBDDF
[1243] [M]: 0x0000000080001358 (0xBDDF0FBB) paaddu.b t6, t5, t4
x31 <- 0xDB68DF9D039E2A7E

mem[X,0x000000008000135C] -> 0xB023
mem[X,0x000000008000135E] -> 0x11F0
[1244] [M]: 0x000000008000135C (0x11F0B023) sd t6, 0x100(ra)
mem[0x0000000080004300] <- 0xDB68DF9D039E2A7E

mem[X,0x0000000080001360] -> 0x0F37
mem[X,0x0000000080001362] -> 0xFC07
[1245] [M]: 0x0000000080001360 (0xFC070F37) lui t5, -0x3f90
x30 <- 0xFFFFFFFFFC070000

mem[X,0x0000000080001364] -> 0x0F13
mem[X,0x0000000080001366] -> 0x640F
[1246] [M]: 0x0000000080001364 (0x640F0F13) addi t5, t5, 0x640
x30 <- 0xFFFFFFFFFC070640

mem[X,0x0000000080001368] -> 0x1F13
mem[X,0x000000008000136A] -> 0x00BF
[1247] [M]: 0x0000000080001368 (0x00BF1F13) slli t5, t5, 0xb
x30 <- 0xFFFFFFE038320000

mem[X,0x000000008000136C] -> 0x0F13
mem[X,0x000000008000136E] -> 0x028F
[1248] [M]: 0x000000008000136C (0x028F0F13) addi t5, t5, 0x28
x30 <- 0xFFFFFFE038320028

mem[X,0x0000000080001370] -> 0x1F13
mem[X,0x0000000080001372] -> 0x00BF
[1249] [M]: 0x0000000080001370 (0x00BF1F13) slli t5, t5, 0xb
x30 <- 0xFFFF01C190014000

mem[X,0x0000000080001374] -> 0x0F13
mem[X,0x0000000080001376] -> 0x208F
[1250] [M]: 0x0000000080001374 (0x208F0F13) addi t5, t5, 0x208
x30 <- 0xFFFF01C190014208

mem[X,0x0000000080001378] -> 0x1F13
mem[X,0x000000008000137A] -> 0x00AF
[1251] [M]: 0x0000000080001378 (0x00AF1F13) slli t5, t5, 0xa
x30 <- 0xFC07064005082000

mem[X,0x000000008000137C] -> 0x0F13
mem[X,0x000000008000137E] -> 0x0F8F
[1252] [M]: 0x000000008000137C (0x0F8F0F13) addi t5, t5, 0xf8
x30 <- 0xFC070640050820F8

mem[X,0x0000000080001380] -> 0xFEB7
mem[X,0x0000000080001382] -> 0x3F10
[1253] [M]: 0x0000000080001380 (0x3F10FEB7) lui t4, 0x3f10f
x29 <- 0x000000003F10F000

mem[X,0x0000000080001384] -> 0x8E93
mem[X,0x0000000080001386] -> 0xFFDE
[1254] [M]: 0x0000000080001384 (0xFFDE8E93) addi t4, t4, -0x3
x29 <- 0x000000003F10EFFD

mem[X,0x0000000080001388] -> 0x9E93
mem[X,0x000000008000138A] -> 0x00BE
[1255] [M]: 0x0000000080001388 (0x00BE9E93) slli t4, t4, 0xb
x29 <- 0x000001F8877FE800

mem[X,0x000000008000138C] -> 0x8E93
mem[X,0x000000008000138E] -> 0x607E
[1256] [M]: 0x000000008000138C (0x607E8E93) addi t4, t4, 0x607
x29 <- 0x000001F8877FEE07

mem[X,0x0000000080001390] -> 0x9E93
mem[X,0x0000000080001392] -> 0x00BE
[1257] [M]: 0x0000000080001390 (0x00BE9E93) slli t4, t4, 0xb
x29 <- 0x000FC43BFF703800

mem[X,0x0000000080001394] -> 0x8E93
mem[X,0x0000000080001396] -> 0x5FEE
[1258] [M]: 0x0000000080001394 (0x5FEE8E93) addi t4, t4, 0x5fe
x29 <- 0x000FC43BFF703DFE

mem[X,0x0000000080001398] -> 0x9E93
mem[X,0x000000008000139A] -> 0x00AE
[1259] [M]: 0x0000000080001398 (0x00AE9E93) slli t4, t4, 0xa
x29 <- 0x3F10EFFDC0F7F800

mem[X,0x000000008000139C] -> 0x8E93
mem[X,0x000000008000139E] -> 0x355E
[1260] [M]: 0x000000008000139C (0x355E8E93) addi t4, t4, 0x355
x29 <- 0x3F10EFFDC0F7FB55

mem[X,0x00000000800013A0] -> 0x0FBB
mem[X,0x00000000800013A2] -> 0xBDDF
[1261] [M]: 0x00000000800013A0 (0xBDDF0FBB) paaddu.b t6, t5, t4
x31 <- 0x9D0B7A9E627F8DA6

mem[X,0x00000000800013A4] -> 0xB423
mem[X,0x00000000800013A6] -> 0x11F0
[1262] [M]: 0x00000000800013A4 (0x11F0B423) sd t6, 0x108(ra)
mem[0x0000000080004308] <- 0x9D0B7A9E627F8DA6

mem[X,0x00000000800013A8] -> 0x0F37
mem[X,0x00000000800013AA] -> 0xDF03
[1263] [M]: 0x00000000800013A8 (0xDF030F37) lui t5, -0x20fd0
x30 <- 0xFFFFFFFFDF030000

mem[X,0x00000000800013AC] -> 0x0F13
mem[X,0x00000000800013AE] -> 0xEF6F
[1264] [M]: 0x00000000800013AC (0xEF6F0F13) addi t5, t5, -0x10a
x30 <- 0xFFFFFFFFDF02FEF6

mem[X,0x00000000800013B0] -> 0x1F13
mem[X,0x00000000800013B2] -> 0x00BF
[1265] [M]: 0x00000000800013B0 (0x00BF1F13) slli t5, t5, 0xb
x30 <- 0xFFFFFEF817F7B000

mem[X,0x00000000800013B4] -> 0x0F13
mem[X,0x00000000800013B6] -> 0x087F
[1266] [M]: 0x00000000800013B4 (0x087F0F13) addi t5, t5, 0x87
x30 <- 0xFFFFFEF817F7B087

mem[X,0x00000000800013B8] -> 0x1F13
mem[X,0x00000000800013BA] -> 0x00BF
[1267] [M]: 0x00000000800013B8 (0x00BF1F13) slli t5, t5, 0xb
x30 <- 0xFFF7C0BFBD843800

mem[X,0x00000000800013BC] -> 0x0F13
mem[X,0x00000000800013BE] -> 0x73FF
[1268] [M]: 0x00000000800013BC (0x73FF0F13) addi t5, t5, 0x73f
x30 <- 0xFFF7C0BFBD843F3F

mem[X,0x00000000800013C0] -> 0x1F13
mem[X,0x00000000800013C2] -> 0x00AF
[1269] [M]: 0x00000000800013C0 (0x00AF1F13) slli t5, t5, 0xa
x30 <- 0xDF02FEF610FCFC00

mem[X,0x00000000800013C4] -> 0x0F13
mem[X,0x00000000800013C6] -> 0x1FEF
[1270] [M]: 0x00000000800013C4 (0x1FEF0F13) addi t5, t5, 0x1fe
x30 <- 0xDF02FEF610FCFDFE

mem[X,0x00000000800013C8] -> 0x0EB7
mem[X,0x00000000800013CA] -> 0xF609
[1271] [M]: 0x00000000800013C8 (0xF6090EB7) lui t4, -0x9f70
x29 <- 0xFFFFFFFFF6090000

mem[X,0x00000000800013CC] -> 0x8E93
mem[X,0x00000000800013CE] -> 0x380E
[1272] [M]: 0x00000000800013CC (0x380E8E93) addi t4, t4, 0x380
x29 <- 0xFFFFFFFFF6090380

mem[X,0x00000000800013D0] -> 0x9E93
mem[X,0x00000000800013D2] -> 0x00BE
[1273] [M]: 0x00000000800013D0 (0x00BE9E93) slli t4, t4, 0xb
x29 <- 0xFFFFFFB0481C0000

mem[X,0x00000000800013D4] -> 0x8E93
mem[X,0x00000000800013D6] -> 0x6FDE
[1274] [M]: 0x00000000800013D4 (0x6FDE8E93) addi t4, t4, 0x6fd
x29 <- 0xFFFFFFB0481C06FD

mem[X,0x00000000800013D8] -> 0x9E93
mem[X,0x00000000800013DA] -> 0x00BE
[1275] [M]: 0x00000000800013D8 (0x00BE9E93) slli t4, t4, 0xb
x29 <- 0xFFFD8240E037E800

mem[X,0x00000000800013DC] -> 0x8E93
mem[X,0x00000000800013DE] -> 0x2BEE
[1276] [M]: 0x00000000800013DC (0x2BEE8E93) addi t4, t4, 0x2be
x29 <- 0xFFFD8240E037EABE

mem[X,0x00000000800013E0] -> 0x9E93
mem[X,0x00000000800013E2] -> 0x00AE
[1277] [M]: 0x00000000800013E0 (0x00AE9E93) slli t4, t4, 0xa
x29 <- 0xF6090380DFAAF800

mem[X,0x00000000800013E4] -> 0x8E93
mem[X,0x00000000800013E6] -> 0x103E
[1278] [M]: 0x00000000800013E4 (0x103E8E93) addi t4, t4, 0x103
x29 <- 0xF6090380DFAAF903

mem[X,0x00000000800013E8] -> 0x0FBB
mem[X,0x00000000800013EA] -> 0xBDDF
[1279] [M]: 0x00000000800013E8 (0xBDDF0FBB) paaddu.b t6, t5, t4
x31 <- 0xEA0580BB77D3FB80

mem[X,0x00000000800013EC] -> 0xB823
mem[X,0x00000000800013EE] -> 0x11F0
[1280] [M]: 0x00000000800013EC (0x11F0B823) sd t6, 0x110(ra)
mem[0x0000000080004310] <- 0xEA0580BB77D3FB80

mem[X,0x00000000800013F0] -> 0x0F37
mem[X,0x00000000800013F2] -> 0x08AB
[1281] [M]: 0x00000000800013F0 (0x08AB0F37) lui t5, 0x8ab0
x30 <- 0x0000000008AB0000

mem[X,0x00000000800013F4] -> 0x0F13
mem[X,0x00000000800013F6] -> 0x9FDF
[1282] [M]: 0x00000000800013F4 (0x9FDF0F13) addi t5, t5, -0x603
x30 <- 0x0000000008AAF9FD

mem[X,0x00000000800013F8] -> 0x1F13
mem[X,0x00000000800013FA] -> 0x00BF
[1283] [M]: 0x00000000800013F8 (0x00BF1F13) slli t5, t5, 0xb
x30 <- 0x0000004557CFE800

mem[X,0x00000000800013FC] -> 0x0F13
mem[X,0x00000000800013FE] -> 0x200F
[1284] [M]: 0x00000000800013FC (0x200F0F13) addi t5, t5, 0x200
x30 <- 0x0000004557CFEA00

mem[X,0x0000000080001400] -> 0x1F13
mem[X,0x0000000080001402] -> 0x00BF
[1285] [M]: 0x0000000080001400 (0x00BF1F13) slli t5, t5, 0xb
x30 <- 0x00022ABE7F500000

mem[X,0x0000000080001404] -> 0x0F13
mem[X,0x0000000080001406] -> 0x1BDF
[1286] [M]: 0x0000000080001404 (0x1BDF0F13) addi t5, t5, 0x1bd
x30 <- 0x00022ABE7F5001BD

mem[X,0x0000000080001408] -> 0x1F13
mem[X,0x000000008000140A] -> 0x00AF
[1287] [M]: 0x0000000080001408 (0x00AF1F13) slli t5, t5, 0xa
x30 <- 0x08AAF9FD4006F400

mem[X,0x000000008000140C] -> 0x0F13
mem[X,0x000000008000140E] -> 0x202F
[1288] [M]: 0x000000008000140C (0x202F0F13) addi t5, t5, 0x202
x30 <- 0x08AAF9FD4006F602

mem[X,0x0000000080001410] -> 0x0EB7
mem[X,0x0000000080001412] -> 0xFC81
[1289] [M]: 0x0000000080001410 (0xFC810EB7) lui t4, -0x37f0
x29 <- 0xFFFFFFFFFC810000

mem[X,0x0000000080001414] -> 0x8E93
mem[X,0x0000000080001416] -> 0xDAAE
[1290] [M]: 0x0000000080001414 (0xDAAE8E93) addi t4, t4, -0x256
x29 <- 0xFFFFFFFFFC80FDAA

mem[X,0x0000000080001418] -> 0x9E93
mem[X,0x000000008000141A] -> 0x00BE
[1291] [M]: 0x0000000080001418 (0x00BE9E93) slli t4, t4, 0xb
x29 <- 0xFFFFFFE407ED5000

mem[X,0x000000008000141C] -> 0x8E93
mem[X,0x000000008000141E] -> 0x7C7E
[1292] [M]: 0x000000008000141C (0x7C7E8E93) addi t4, t4, 0x7c7
x29 <- 0xFFFFFFE407ED57C7

mem[X,0x0000000080001420] -> 0x9E93
mem[X,0x0000000080001422] -> 0x00BE
[1293] [M]: 0x0000000080001420 (0x00BE9E93) slli t4, t4, 0xb
x29 <- 0xFFFF203F6ABE3800

mem[X,0x0000000080001424] -> 0x8E93
mem[X,0x0000000080001426] -> 0x63EE
[1294] [M]: 0x0000000080001424 (0x63EE8E93) addi t4, t4, 0x63e
x29 <- 0xFFFF203F6ABE3E3E

mem[X,0x0000000080001428] -> 0x9E93
mem[X,0x000000008000142A] -> 0x00AE
[1295] [M]: 0x0000000080001428 (0x00AE9E93) slli t4, t4, 0xa
x29 <- 0xFC80FDAAF8F8F800

mem[X,0x000000008000142C] -> 0x8E93
mem[X,0x000000008000142E] -> 0x2FDE
[1296] [M]: 0x000000008000142C (0x2FDE8E93) addi t4, t4, 0x2fd
x29 <- 0xFC80FDAAF8F8FAFD

mem[X,0x0000000080001430] -> 0x0FBB
mem[X,0x0000000080001432] -> 0xBDDF
[1297] [M]: 0x0000000080001430 (0xBDDF0FBB) paaddu.b t6, t5, t4
x31 <- 0x8295FBD39C7FF87F

mem[X,0x0000000080001434] -> 0xBC23
mem[X,0x0000000080001436] -> 0x11F0
[1298] [M]: 0x0000000080001434 (0x11F0BC23) sd t6, 0x118(ra)
mem[0x0000000080004318] <- 0x8295FBD39C7FF87F

mem[X,0x0000000080001438] -> 0x8F37
mem[X,0x000000008000143A] -> 0x3FFB
[1299] [M]: 0x0000000080001438 (0x3FFB8F37) lui t5, 0x3ffb8
x30 <- 0x000000003FFB8000

clint::tick mtime <- 0x000000000000000D
 clint timer pending at mtime 0x000000000000000D
htif::tick 0x0000000000000000
mem[X,0x000000008000143C] -> 0x0F13
mem[X,0x000000008000143E] -> 0xF01F
[1300] [M]: 0x000000008000143C (0xF01F0F13) addi t5, t5, -0xff
x30 <- 0x000000003FFB7F01

mem[X,0x0000000080001440] -> 0x1F13
mem[X,0x0000000080001442] -> 0x00BF
[1301] [M]: 0x0000000080001440 (0x00BF1F13) slli t5, t5, 0xb
x30 <- 0x000001FFDBF80800

mem[X,0x0000000080001444] -> 0x0F13
mem[X,0x0000000080001446] -> 0x7B0F
[1302] [M]: 0x0000000080001444 (0x7B0F0F13) addi t5, t5, 0x7b0
x30 <- 0x000001FFDBF80FB0

mem[X,0x0000000080001448] -> 0x1F13
mem[X,0x000000008000144A] -> 0x00BF
[1303] [M]: 0x0000000080001448 (0x00BF1F13) slli t5, t5, 0xb
x30 <- 0x000FFEDFC07D8000

mem[X,0x000000008000144C] -> 0x0F13
mem[X,0x000000008000144E] -> 0x26AF
[1304] [M]: 0x000000008000144C (0x26AF0F13) addi t5, t5, 0x26a
x30 <- 0x000FFEDFC07D826A

mem[X,0x0000000080001450] -> 0x1F13
mem[X,0x0000000080001452] -> 0x00AF
[1305] [M]: 0x0000000080001450 (0x00AF1F13) slli t5, t5, 0xa
x30 <- 0x3FFB7F01F609A800

mem[X,0x0000000080001454] -> 0x0F13
mem[X,0x0000000080001456] -> 0x2AAF
[1306] [M]: 0x0000000080001454 (0x2AAF0F13) addi t5, t5, 0x2aa
x30 <- 0x3FFB7F01F609AAAA

mem[X,0x0000000080001458] -> 0x0EB7
mem[X,0x000000008000145A] -> 0x3FFA
[1307] [M]: 0x0000000080001458 (0x3FFA0EB7) lui t4, 0x3ffa0
x29 <- 0x000000003FFA0000

mem[X,0x000000008000145C] -> 0x8E93
mem[X,0x000000008000145E] -> 0xDF6E
[1308] [M]: 0x000000008000145C (0xDF6E8E93) addi t4, t4, -0x20a
x29 <- 0x000000003FF9FDF6

mem[X,0x0000000080001460] -> 0x9E93
mem[X,0x0000000080001462] -> 0x00BE
[1309] [M]: 0x0000000080001460 (0x00BE9E93) slli t4, t4, 0xb
x29 <- 0x000001FFCFEFB000

mem[X,0x0000000080001464] -> 0x8E93
mem[X,0x0000000080001466] -> 0x3FBE
[1310] [M]: 0x0000000080001464 (0x3FBE8E93) addi t4, t4, 0x3fb
x29 <- 0x000001FFCFEFB3FB

mem[X,0x0000000080001468] -> 0x9E93
mem[X,0x000000008000146A] -> 0x00BE
[1311] [M]: 0x0000000080001468 (0x00BE9E93) slli t4, t4, 0xb
x29 <- 0x000FFE7F7D9FD800

mem[X,0x000000008000146C] -> 0x8E93
mem[X,0x000000008000146E] -> 0x7E0E
[1312] [M]: 0x000000008000146C (0x7E0E8E93) addi t4, t4, 0x7e0
x29 <- 0x000FFE7F7D9FDFE0

mem[X,0x0000000080001470] -> 0x9E93
mem[X,0x0000000080001472] -> 0x00AE
[1313] [M]: 0x0000000080001470 (0x00AE9E93) slli t4, t4, 0xa
x29 <- 0x3FF9FDF67F7F8000

mem[X,0x0000000080001474] -> 0x8E93
mem[X,0x0000000080001476] -> 0x0FFE
[1314] [M]: 0x0000000080001474 (0x0FFE8E93) addi t4, t4, 0xff
x29 <- 0x3FF9FDF67F7F80FF

mem[X,0x0000000080001478] -> 0x0FBB
mem[X,0x000000008000147A] -> 0xBDDF
[1315] [M]: 0x0000000080001478 (0xBDDF0FBB) paaddu.b t6, t5, t4
x31 <- 0x3FFABE7BBA4495D4

mem[X,0x000000008000147C] -> 0xB023
mem[X,0x000000008000147E] -> 0x13F0
[1316] [M]: 0x000000008000147C (0x13F0B023) sd t6, 0x120(ra)
mem[0x0000000080004320] <- 0x3FFABE7BBA4495D4

mem[X,0x0000000080001480] -> 0xFF37
mem[X,0x0000000080001482] -> 0xFBAA
[1317] [M]: 0x0000000080001480 (0xFBAAFF37) lui t5, -0x4551
x30 <- 0xFFFFFFFFFBAAF000

mem[X,0x0000000080001484] -> 0x0F13
mem[X,0x0000000080001486] -> 0x755F
[1318] [M]: 0x0000000080001484 (0x755F0F13) addi t5, t5, 0x755
x30 <- 0xFFFFFFFFFBAAF755

mem[X,0x0000000080001488] -> 0x1F13
mem[X,0x000000008000148A] -> 0x00BF
[1319] [M]: 0x0000000080001488 (0x00BF1F13) slli t5, t5, 0xb
x30 <- 0xFFFFFFDD57BAA800

mem[X,0x000000008000148C] -> 0x0F13
mem[X,0x000000008000148E] -> 0x7E0F
[1320] [M]: 0x000000008000148C (0x7E0F0F13) addi t5, t5, 0x7e0
x30 <- 0xFFFFFFDD57BAAFE0

mem[X,0x0000000080001490] -> 0x1F13
mem[X,0x0000000080001492] -> 0x00BF
[1321] [M]: 0x0000000080001490 (0x00BF1F13) slli t5, t5, 0xb
x30 <- 0xFFFEEABDD57F0000

mem[X,0x0000000080001494] -> 0x0F13
mem[X,0x0000000080001496] -> 0x060F
[1322] [M]: 0x0000000080001494 (0x060F0F13) addi t5, t5, 0x60
x30 <- 0xFFFEEABDD57F0060

mem[X,0x0000000080001498] -> 0x1F13
mem[X,0x000000008000149A] -> 0x00AF
[1323] [M]: 0x0000000080001498 (0x00AF1F13) slli t5, t5, 0xa
x30 <- 0xFBAAF755FC018000

mem[X,0x000000008000149C] -> 0x0F13
mem[X,0x000000008000149E] -> 0x005F
[1324] [M]: 0x000000008000149C (0x005F0F13) addi t5, t5, 0x5
x30 <- 0xFBAAF755FC018005

mem[X,0x00000000800014A0] -> 0x0EB7
mem[X,0x00000000800014A2] -> 0xF655
[1325] [M]: 0x00000000800014A0 (0xF6550EB7) lui t4, -0x9ab0
x29 <- 0xFFFFFFFFF6550000

mem[X,0x00000000800014A4] -> 0x8E93
mem[X,0x00000000800014A6] -> 0x6F9E
[1326] [M]: 0x00000000800014A4 (0x6F9E8E93) addi t4, t4, 0x6f9
x29 <- 0xFFFFFFFFF65506F9

mem[X,0x00000000800014A8] -> 0x9E93
mem[X,0x00000000800014AA] -> 0x00BE
[1327] [M]: 0x00000000800014A8 (0x00BE9E93) slli t4, t4, 0xb
x29 <- 0xFFFFFFB2A837C800

mem[X,0x00000000800014AC] -> 0x8E93
mem[X,0x00000000800014AE] -> 0x5FFE
[1328] [M]: 0x00000000800014AC (0x5FFE8E93) addi t4, t4, 0x5ff
x29 <- 0xFFFFFFB2A837CDFF

mem[X,0x00000000800014B0] -> 0x9E93
mem[X,0x00000000800014B2] -> 0x00BE
[1329] [M]: 0x00000000800014B0 (0x00BE9E93) slli t4, t4, 0xb
x29 <- 0xFFFD9541BE6FF800

mem[X,0x00000000800014B4] -> 0x8E93
mem[X,0x00000000800014B6] -> 0x5EFE
[1330] [M]: 0x00000000800014B4 (0x5EFE8E93) addi t4, t4, 0x5ef
x29 <- 0xFFFD9541BE6FFDEF

mem[X,0x00000000800014B8] -> 0x9E93
mem[X,0x00000000800014BA] -> 0x00AE
[1331] [M]: 0x00000000800014B8 (0x00AE9E93) slli t4, t4, 0xa
x29 <- 0xF65506F9BFF7BC00

mem[X,0x00000000800014BC] -> 0x8E93
mem[X,0x00000000800014BE] -> 0x3FEE
[1332] [M]: 0x00000000800014BC (0x3FEE8E93) addi t4, t4, 0x3fe
x29 <- 0xF65506F9BFF7BFFE

mem[X,0x00000000800014C0] -> 0x0FBB
mem[X,0x00000000800014C2] -> 0xBDDF
[1333] [M]: 0x00000000800014C0 (0xBDDF0FBB) paaddu.b t6, t5, t4
x31 <- 0xF87F7EA7DD7C9F81

mem[X,0x00000000800014C4] -> 0xB423
mem[X,0x00000000800014C6] -> 0x13F0
[1334] [M]: 0x00000000800014C4 (0x13F0B423) sd t6, 0x128(ra)
mem[0x0000000080004328] <- 0xF87F7EA7DD7C9F81

mem[X,0x00000000800014C8] -> 0x0F37
mem[X,0x00000000800014CA] -> 0x0000
[1335] [M]: 0x00000000800014C8 (0x00000F37) lui t5, 0x0
x30 <- 0x0000000000000000

mem[X,0x00000000800014CC] -> 0x0F13
mem[X,0x00000000800014CE] -> 0xFEFF
[1336] [M]: 0x00000000800014CC (0xFEFF0F13) addi t5, t5, -0x11
x30 <- 0xFFFFFFFFFFFFFFEF

mem[X,0x00000000800014D0] -> 0x1F13
mem[X,0x00000000800014D2] -> 0x00BF
[1337] [M]: 0x00000000800014D0 (0x00BF1F13) slli t5, t5, 0xb
x30 <- 0xFFFFFFFFFFFF7800

mem[X,0x00000000800014D4] -> 0x0F13
mem[X,0x00000000800014D6] -> 0x020F
[1338] [M]: 0x00000000800014D4 (0x020F0F13) addi t5, t5, 0x20
x30 <- 0xFFFFFFFFFFFF7820

mem[X,0x00000000800014D8] -> 0x1F13
mem[X,0x00000000800014DA] -> 0x00BF
[1339] [M]: 0x00000000800014D8 (0x00BF1F13) slli t5, t5, 0xb
x30 <- 0xFFFFFFFFFBC10000

mem[X,0x00000000800014DC] -> 0x0F13
mem[X,0x00000000800014DE] -> 0x1C8F
[1340] [M]: 0x00000000800014DC (0x1C8F0F13) addi t5, t5, 0x1c8
x30 <- 0xFFFFFFFFFBC101C8

mem[X,0x00000000800014E0] -> 0x1F13
mem[X,0x00000000800014E2] -> 0x00AF
[1341] [M]: 0x00000000800014E0 (0x00AF1F13) slli t5, t5, 0xa
x30 <- 0xFFFFFFEF04072000

mem[X,0x00000000800014E4] -> 0x0F13
mem[X,0x00000000800014E6] -> 0x001F
[1342] [M]: 0x00000000800014E4 (0x001F0F13) addi t5, t5, 0x1
x30 <- 0xFFFFFFEF04072001

mem[X,0x00000000800014E8] -> 0x0EB7
mem[X,0x00000000800014EA] -> 0x10FC
[1343] [M]: 0x00000000800014E8 (0x10FC0EB7) lui t4, 0x10fc0
x29 <- 0x0000000010FC0000

mem[X,0x00000000800014EC] -> 0x8E93
mem[X,0x00000000800014EE] -> 0xFFDE
[1344] [M]: 0x00000000800014EC (0xFFDE8E93) addi t4, t4, -0x3
x29 <- 0x0000000010FBFFFD

mem[X,0x00000000800014F0] -> 0x9E93
mem[X,0x00000000800014F2] -> 0x00BE
[1345] [M]: 0x00000000800014F0 (0x00BE9E93) slli t4, t4, 0xb
x29 <- 0x00000087DFFFE800

mem[X,0x00000000800014F4] -> 0x8E93
mem[X,0x00000000800014F6] -> 0x7E8E
[1346] [M]: 0x00000000800014F4 (0x7E8E8E93) addi t4, t4, 0x7e8
x29 <- 0x00000087DFFFEFE8

mem[X,0x00000000800014F8] -> 0x9E93
mem[X,0x00000000800014FA] -> 0x00BE
[1347] [M]: 0x00000000800014F8 (0x00BE9E93) slli t4, t4, 0xb
x29 <- 0x00043EFFFF7F4000

mem[X,0x00000000800014FC] -> 0x8E93
mem[X,0x00000000800014FE] -> 0x241E
[1348] [M]: 0x00000000800014FC (0x241E8E93) addi t4, t4, 0x241
x29 <- 0x00043EFFFF7F4241

mem[X,0x0000000080001500] -> 0x9E93
mem[X,0x0000000080001502] -> 0x00AE
[1349] [M]: 0x0000000080001500 (0x00AE9E93) slli t4, t4, 0xa
x29 <- 0x10FBFFFDFD090400

mem[X,0x0000000080001504] -> 0x8E93
mem[X,0x0000000080001506] -> 0x3BFE
[1350] [M]: 0x0000000080001504 (0x3BFE8E93) addi t4, t4, 0x3bf
x29 <- 0x10FBFFFDFD0907BF

mem[X,0x0000000080001508] -> 0x0FBB
mem[X,0x000000008000150A] -> 0xBDDF
[1351] [M]: 0x0000000080001508 (0xBDDF0FBB) paaddu.b t6, t5, t4
x31 <- 0x87FDFFF680081360

mem[X,0x000000008000150C] -> 0xB823
mem[X,0x000000008000150E] -> 0x13F0
[1352] [M]: 0x000000008000150C (0x13F0B823) sd t6, 0x130(ra)
mem[0x0000000080004330] <- 0x87FDFFF680081360

mem[X,0x0000000080001510] -> 0x0F37
mem[X,0x0000000080001512] -> 0xF901
[1353] [M]: 0x0000000080001510 (0xF9010F37) lui t5, -0x6ff0
x30 <- 0xFFFFFFFFF9010000

mem[X,0x0000000080001514] -> 0x0F13
mem[X,0x0000000080001516] -> 0xC10F
[1354] [M]: 0x0000000080001514 (0xC10F0F13) addi t5, t5, -0x3f0
x30 <- 0xFFFFFFFFF900FC10

mem[X,0x0000000080001518] -> 0x1F13
mem[X,0x000000008000151A] -> 0x00BF
[1355] [M]: 0x0000000080001518 (0x00BF1F13) slli t5, t5, 0xb
x30 <- 0xFFFFFFC807E08000

mem[X,0x000000008000151C] -> 0x0F13
mem[X,0x000000008000151E] -> 0x7CFF
[1356] [M]: 0x000000008000151C (0x7CFF0F13) addi t5, t5, 0x7cf
x30 <- 0xFFFFFFC807E087CF

mem[X,0x0000000080001520] -> 0x1F13
mem[X,0x0000000080001522] -> 0x00BF
[1357] [M]: 0x0000000080001520 (0x00BF1F13) slli t5, t5, 0xb
x30 <- 0xFFFE403F043E7800

mem[X,0x0000000080001524] -> 0x0F13
mem[X,0x0000000080001526] -> 0x641F
[1358] [M]: 0x0000000080001524 (0x641F0F13) addi t5, t5, 0x641
x30 <- 0xFFFE403F043E7E41

mem[X,0x0000000080001528] -> 0x1F13
mem[X,0x000000008000152A] -> 0x00AF
[1359] [M]: 0x0000000080001528 (0x00AF1F13) slli t5, t5, 0xa
x30 <- 0xF900FC10F9F90400

mem[X,0x000000008000152C] -> 0x0F13
mem[X,0x000000008000152E] -> 0x209F
[1360] [M]: 0x000000008000152C (0x209F0F13) addi t5, t5, 0x209
x30 <- 0xF900FC10F9F90609

mem[X,0x0000000080001530] -> 0xFEB7
mem[X,0x0000000080001532] -> 0xFFF9
[1361] [M]: 0x0000000080001530 (0xFFF9FEB7) lui t4, -0x61
x29 <- 0xFFFFFFFFFFF9F000

mem[X,0x0000000080001534] -> 0x8E93
mem[X,0x0000000080001536] -> 0x6AAE
[1362] [M]: 0x0000000080001534 (0x6AAE8E93) addi t4, t4, 0x6aa
x29 <- 0xFFFFFFFFFFF9F6AA

mem[X,0x0000000080001538] -> 0x9E93
mem[X,0x000000008000153A] -> 0x00BE
[1363] [M]: 0x0000000080001538 (0x00BE9E93) slli t4, t4, 0xb
x29 <- 0xFFFFFFFFCFB55000

mem[X,0x000000008000153C] -> 0x8E93
mem[X,0x000000008000153E] -> 0x100E
[1364] [M]: 0x000000008000153C (0x100E8E93) addi t4, t4, 0x100
x29 <- 0xFFFFFFFFCFB55100

mem[X,0x0000000080001540] -> 0x9E93
mem[X,0x0000000080001542] -> 0x00BE
[1365] [M]: 0x0000000080001540 (0x00BE9E93) slli t4, t4, 0xb
x29 <- 0xFFFFFE7DAA880000

mem[X,0x0000000080001544] -> 0x8E93
mem[X,0x0000000080001546] -> 0x101E
[1366] [M]: 0x0000000080001544 (0x101E8E93) addi t4, t4, 0x101
x29 <- 0xFFFFFE7DAA880101

mem[X,0x0000000080001548] -> 0x9E93
mem[X,0x000000008000154A] -> 0x00AE
[1367] [M]: 0x0000000080001548 (0x00AE9E93) slli t4, t4, 0xa
x29 <- 0xFFF9F6AA20040400

mem[X,0x000000008000154C] -> 0x8E93
mem[X,0x000000008000154E] -> 0x308E
[1368] [M]: 0x000000008000154C (0x308E8E93) addi t4, t4, 0x308
x29 <- 0xFFF9F6AA20040708

mem[X,0x0000000080001550] -> 0x0FBB
mem[X,0x0000000080001552] -> 0xBDDF
[1369] [M]: 0x0000000080001550 (0xBDDF0FBB) paaddu.b t6, t5, t4
x31 <- 0xFC7CF95D8C7E0608

mem[X,0x0000000080001554] -> 0xBC23
mem[X,0x0000000080001556] -> 0x13F0
[1370] [M]: 0x0000000080001554 (0x13F0BC23) sd t6, 0x138(ra)
mem[0x0000000080004338] <- 0xFC7CF95D8C7E0608

mem[X,0x0000000080001558] -> 0x5F37
mem[X,0x000000008000155A] -> 0x3FFA
[1371] [M]: 0x0000000080001558 (0x3FFA5F37) lui t5, 0x3ffa5
x30 <- 0x000000003FFA5000

mem[X,0x000000008000155C] -> 0x0F13
mem[X,0x000000008000155E] -> 0x5FFF
[1372] [M]: 0x000000008000155C (0x5FFF0F13) addi t5, t5, 0x5ff
x30 <- 0x000000003FFA55FF

mem[X,0x0000000080001560] -> 0x1F13
mem[X,0x0000000080001562] -> 0x00BF
[1373] [M]: 0x0000000080001560 (0x00BF1F13) slli t5, t5, 0xb
x30 <- 0x000001FFD2AFF800

mem[X,0x0000000080001564] -> 0x0F13
mem[X,0x0000000080001566] -> 0x5FFF
[1374] [M]: 0x0000000080001564 (0x5FFF0F13) addi t5, t5, 0x5ff
x30 <- 0x000001FFD2AFFDFF

mem[X,0x0000000080001568] -> 0x1F13
mem[X,0x000000008000156A] -> 0x00BF
[1375] [M]: 0x0000000080001568 (0x00BF1F13) slli t5, t5, 0xb
x30 <- 0x000FFE957FEFF800

mem[X,0x000000008000156C] -> 0x0F13
mem[X,0x000000008000156E] -> 0x682F
[1376] [M]: 0x000000008000156C (0x682F0F13) addi t5, t5, 0x682
x30 <- 0x000FFE957FEFFE82

mem[X,0x0000000080001570] -> 0x1F13
mem[X,0x0000000080001572] -> 0x00AF
[1377] [M]: 0x0000000080001570 (0x00AF1F13) slli t5, t5, 0xa
x30 <- 0x3FFA55FFBFFA0800

mem[X,0x0000000080001574] -> 0x0F13
mem[X,0x0000000080001576] -> 0x101F
[1378] [M]: 0x0000000080001574 (0x101F0F13) addi t5, t5, 0x101
x30 <- 0x3FFA55FFBFFA0901

mem[X,0x0000000080001578] -> 0x0EB7
mem[X,0x000000008000157A] -> 0xF7E0
[1379] [M]: 0x0000000080001578 (0xF7E00EB7) lui t4, -0x8200
x29 <- 0xFFFFFFFFF7E00000

mem[X,0x000000008000157C] -> 0x8E93
mem[X,0x000000008000157E] -> 0xDF6E
[1380] [M]: 0x000000008000157C (0xDF6E8E93) addi t4, t4, -0x20a
x29 <- 0xFFFFFFFFF7DFFDF6

mem[X,0x0000000080001580] -> 0x9E93
mem[X,0x0000000080001582] -> 0x00BE
[1381] [M]: 0x0000000080001580 (0x00BE9E93) slli t4, t4, 0xb
x29 <- 0xFFFFFFBEFFEFB000

mem[X,0x0000000080001584] -> 0x8E93
mem[X,0x0000000080001586] -> 0x557E
[1382] [M]: 0x0000000080001584 (0x557E8E93) addi t4, t4, 0x557
x29 <- 0xFFFFFFBEFFEFB557

mem[X,0x0000000080001588] -> 0x9E93
mem[X,0x000000008000158A] -> 0x00BE
[1383] [M]: 0x0000000080001588 (0x00BE9E93) slli t4, t4, 0xb
x29 <- 0xFFFDF7FF7DAAB800

mem[X,0x000000008000158C] -> 0x8E93
mem[X,0x000000008000158E] -> 0x3C2E
[1384] [M]: 0x000000008000158C (0x3C2E8E93) addi t4, t4, 0x3c2
x29 <- 0xFFFDF7FF7DAABBC2

mem[X,0x0000000080001590] -> 0x9E93
mem[X,0x0000000080001592] -> 0x00AE
[1385] [M]: 0x0000000080001590 (0x00AE9E93) slli t4, t4, 0xa
x29 <- 0xF7DFFDF6AAEF0800

mem[X,0x0000000080001594] -> 0x8E93
mem[X,0x0000000080001596] -> 0x1FCE
[1386] [M]: 0x0000000080001594 (0x1FCE8E93) addi t4, t4, 0x1fc
x29 <- 0xF7DFFDF6AAEF09FC

mem[X,0x0000000080001598] -> 0x0FBB
mem[X,0x000000008000159A] -> 0xBDDF
[1387] [M]: 0x0000000080001598 (0xBDDF0FBB) paaddu.b t6, t5, t4
x31 <- 0x9BECA9FAB4F4097E

mem[X,0x000000008000159C] -> 0xB023
mem[X,0x000000008000159E] -> 0x15F0
[1388] [M]: 0x000000008000159C (0x15F0B023) sd t6, 0x140(ra)
mem[0x0000000080004340] <- 0x9BECA9FAB4F4097E

mem[X,0x00000000800015A0] -> 0x1F37
mem[X,0x00000000800015A2] -> 0x03BF
[1389] [M]: 0x00000000800015A0 (0x03BF1F37) lui t5, 0x3bf1
x30 <- 0x0000000003BF1000

mem[X,0x00000000800015A4] -> 0x0F13
mem[X,0x00000000800015A6] -> 0x903F
[1390] [M]: 0x00000000800015A4 (0x903F0F13) addi t5, t5, -0x6fd
x30 <- 0x0000000003BF0903

mem[X,0x00000000800015A8] -> 0x1F13
mem[X,0x00000000800015AA] -> 0x00BF
[1391] [M]: 0x00000000800015A8 (0x00BF1F13) slli t5, t5, 0xb
x30 <- 0x0000001DF8481800

mem[X,0x00000000800015AC] -> 0x0F13
mem[X,0x00000000800015AE] -> 0x7D0F
[1392] [M]: 0x00000000800015AC (0x7D0F0F13) addi t5, t5, 0x7d0
x30 <- 0x0000001DF8481FD0

mem[X,0x00000000800015B0] -> 0x1F13
mem[X,0x00000000800015B2] -> 0x00BF
[1393] [M]: 0x00000000800015B0 (0x00BF1F13) slli t5, t5, 0xb
x30 <- 0x0000EFC240FE8000

mem[X,0x00000000800015B4] -> 0x0F13
mem[X,0x00000000800015B6] -> 0x18FF
[1394] [M]: 0x00000000800015B4 (0x18FF0F13) addi t5, t5, 0x18f
x30 <- 0x0000EFC240FE818F

mem[X,0x00000000800015B8] -> 0x1F13
mem[X,0x00000000800015BA] -> 0x00AF
[1395] [M]: 0x00000000800015B8 (0x00AF1F13) slli t5, t5, 0xa
x30 <- 0x03BF0903FA063C00

mem[X,0x00000000800015BC] -> 0x0F13
mem[X,0x00000000800015BE] -> 0x320F
[1396] [M]: 0x00000000800015BC (0x320F0F13) addi t5, t5, 0x320
x30 <- 0x03BF0903FA063F20

mem[X,0x00000000800015C0] -> 0xFEB7
mem[X,0x00000000800015C2] -> 0xFD09
[1397] [M]: 0x00000000800015C0 (0xFD09FEB7) lui t4, -0x2f61
x29 <- 0xFFFFFFFFFD09F000

mem[X,0x00000000800015C4] -> 0x8E93
mem[X,0x00000000800015C6] -> 0xFAAE
[1398] [M]: 0x00000000800015C4 (0xFAAE8E93) addi t4, t4, -0x56
x29 <- 0xFFFFFFFFFD09EFAA

mem[X,0x00000000800015C8] -> 0x9E93
mem[X,0x00000000800015CA] -> 0x00BE
[1399] [M]: 0x00000000800015C8 (0x00BE9E93) slli t4, t4, 0xb
x29 <- 0xFFFFFFE84F7D5000

clint::tick mtime <- 0x000000000000000E
 clint timer pending at mtime 0x000000000000000E
htif::tick 0x0000000000000000
mem[X,0x00000000800015CC] -> 0x8E93
mem[X,0x00000000800015CE] -> 0x7CFE
[1400] [M]: 0x00000000800015CC (0x7CFE8E93) addi t4, t4, 0x7cf
x29 <- 0xFFFFFFE84F7D57CF

mem[X,0x00000000800015D0] -> 0x9E93
mem[X,0x00000000800015D2] -> 0x00BE
[1401] [M]: 0x00000000800015D0 (0x00BE9E93) slli t4, t4, 0xb
x29 <- 0xFFFF427BEABE7800

mem[X,0x00000000800015D4] -> 0x8E93
mem[X,0x00000000800015D6] -> 0x602E
[1402] [M]: 0x00000000800015D4 (0x602E8E93) addi t4, t4, 0x602
x29 <- 0xFFFF427BEABE7E02

mem[X,0x00000000800015D8] -> 0x9E93
mem[X,0x00000000800015DA] -> 0x00AE
[1403] [M]: 0x00000000800015D8 (0x00AE9E93) slli t4, t4, 0xa
x29 <- 0xFD09EFAAF9F80800

mem[X,0x00000000800015DC] -> 0x8E93
mem[X,0x00000000800015DE] -> 0x0DFE
[1404] [M]: 0x00000000800015DC (0x0DFE8E93) addi t4, t4, 0xdf
x29 <- 0xFD09EFAAF9F808DF

mem[X,0x00000000800015E0] -> 0x0FBB
mem[X,0x00000000800015E2] -> 0xBDDF
[1405] [M]: 0x00000000800015E0 (0xBDDF0FBB) paaddu.b t6, t5, t4
x31 <- 0x80647C56F97F237F

mem[X,0x00000000800015E4] -> 0xB423
mem[X,0x00000000800015E6] -> 0x15F0
[1406] [M]: 0x00000000800015E4 (0x15F0B423) sd t6, 0x148(ra)
mem[0x0000000080004348] <- 0x80647C56F97F237F

mem[X,0x00000000800015E8] -> 0x0F37
mem[X,0x00000000800015EA] -> 0x3FAB
[1407] [M]: 0x00000000800015E8 (0x3FAB0F37) lui t5, 0x3fab0
x30 <- 0x000000003FAB0000

mem[X,0x00000000800015EC] -> 0x0F13
mem[X,0x00000000800015EE] -> 0xD08F
[1408] [M]: 0x00000000800015EC (0xD08F0F13) addi t5, t5, -0x2f8
x30 <- 0x000000003FAAFD08

mem[X,0x00000000800015F0] -> 0x1F13
mem[X,0x00000000800015F2] -> 0x00BF
[1409] [M]: 0x00000000800015F0 (0x00BF1F13) slli t5, t5, 0xb
x30 <- 0x000001FD57E84000

mem[X,0x00000000800015F4] -> 0x0F13
mem[X,0x00000000800015F6] -> 0x019F
[1410] [M]: 0x00000000800015F4 (0x019F0F13) addi t5, t5, 0x19
x30 <- 0x000001FD57E84019

mem[X,0x00000000800015F8] -> 0x1F13
mem[X,0x00000000800015FA] -> 0x00BF
[1411] [M]: 0x00000000800015F8 (0x00BF1F13) slli t5, t5, 0xb
x30 <- 0x000FEABF4200C800

mem[X,0x00000000800015FC] -> 0x0F13
mem[X,0x00000000800015FE] -> 0x7C1F
[1412] [M]: 0x00000000800015FC (0x7C1F0F13) addi t5, t5, 0x7c1
x30 <- 0x000FEABF4200CFC1

mem[X,0x0000000080001600] -> 0x1F13
mem[X,0x0000000080001602] -> 0x00AF
[1413] [M]: 0x0000000080001600 (0x00AF1F13) slli t5, t5, 0xa
x30 <- 0x3FAAFD08033F0400

mem[X,0x0000000080001604] -> 0x0F13
mem[X,0x0000000080001606] -> 0x080F
[1414] [M]: 0x0000000080001604 (0x080F0F13) addi t5, t5, 0x80
x30 <- 0x3FAAFD08033F0480

mem[X,0x0000000080001608] -> 0xCEB7
mem[X,0x000000008000160A] -> 0x09FE
[1415] [M]: 0x0000000080001608 (0x09FECEB7) lui t4, 0x9fec
x29 <- 0x0000000009FEC000

mem[X,0x000000008000160C] -> 0x8E93
mem[X,0x000000008000160E] -> 0xFDFE
[1416] [M]: 0x000000008000160C (0xFDFE8E93) addi t4, t4, -0x21
x29 <- 0x0000000009FEBFDF

mem[X,0x0000000080001610] -> 0x9E93
mem[X,0x0000000080001612] -> 0x00BE
[1417] [M]: 0x0000000080001610 (0x00BE9E93) slli t4, t4, 0xb
x29 <- 0x0000004FF5FEF800

mem[X,0x0000000080001614] -> 0x8E93
mem[X,0x0000000080001616] -> 0x7CFE
[1418] [M]: 0x0000000080001614 (0x7CFE8E93) addi t4, t4, 0x7cf
x29 <- 0x0000004FF5FEFFCF

mem[X,0x0000000080001618] -> 0x9E93
mem[X,0x000000008000161A] -> 0x00BE
[1419] [M]: 0x0000000080001618 (0x00BE9E93) slli t4, t4, 0xb
x29 <- 0x00027FAFF7FE7800

mem[X,0x000000008000161C] -> 0x8E93
mem[X,0x000000008000161E] -> 0x73FE
[1420] [M]: 0x000000008000161C (0x73FE8E93) addi t4, t4, 0x73f
x29 <- 0x00027FAFF7FE7F3F

mem[X,0x0000000080001620] -> 0x9E93
mem[X,0x0000000080001622] -> 0x00AE
[1421] [M]: 0x0000000080001620 (0x00AE9E93) slli t4, t4, 0xa
x29 <- 0x09FEBFDFF9FCFC00

mem[X,0x0000000080001624] -> 0x8E93
mem[X,0x0000000080001626] -> 0x306E
[1422] [M]: 0x0000000080001624 (0x306E8E93) addi t4, t4, 0x306
x29 <- 0x09FEBFDFF9FCFF06

mem[X,0x0000000080001628] -> 0x0FBB
mem[X,0x000000008000162A] -> 0xBDDF
[1423] [M]: 0x0000000080001628 (0xBDDF0FBB) paaddu.b t6, t5, t4
x31 <- 0x24D4DE737E9D8143

mem[X,0x000000008000162C] -> 0xB823
mem[X,0x000000008000162E] -> 0x15F0
[1424] [M]: 0x000000008000162C (0x15F0B823) sd t6, 0x150(ra)
mem[0x0000000080004350] <- 0x24D4DE737E9D8143

mem[X,0x0000000080001630] -> 0x0F37
mem[X,0x0000000080001632] -> 0xAA11
[1425] [M]: 0x0000000080001630 (0xAA110F37) lui t5, -0x55ef0
x30 <- 0xFFFFFFFFAA110000

mem[X,0x0000000080001634] -> 0x0F13
mem[X,0x0000000080001636] -> 0xC07F
[1426] [M]: 0x0000000080001634 (0xC07F0F13) addi t5, t5, -0x3f9
x30 <- 0xFFFFFFFFAA10FC07

mem[X,0x0000000080001638] -> 0x1F13
mem[X,0x000000008000163A] -> 0x00BF
[1427] [M]: 0x0000000080001638 (0x00BF1F13) slli t5, t5, 0xb
x30 <- 0xFFFFFD5087E03800

mem[X,0x000000008000163C] -> 0x0F13
mem[X,0x000000008000163E] -> 0x7B1F
[1428] [M]: 0x000000008000163C (0x7B1F0F13) addi t5, t5, 0x7b1
x30 <- 0xFFFFFD5087E03FB1

mem[X,0x0000000080001640] -> 0x1F13
mem[X,0x0000000080001642] -> 0x00BF
[1429] [M]: 0x0000000080001640 (0x00BF1F13) slli t5, t5, 0xb
x30 <- 0xFFEA843F01FD8800

mem[X,0x0000000080001644] -> 0x0F13
mem[X,0x0000000080001646] -> 0x001F
[1430] [M]: 0x0000000080001644 (0x001F0F13) addi t5, t5, 0x1
x30 <- 0xFFEA843F01FD8801

mem[X,0x0000000080001648] -> 0x1F13
mem[X,0x000000008000164A] -> 0x00AF
[1431] [M]: 0x0000000080001648 (0x00AF1F13) slli t5, t5, 0xa
x30 <- 0xAA10FC07F6200400

mem[X,0x000000008000164C] -> 0x0F13
mem[X,0x000000008000164E] -> 0x155F
[1432] [M]: 0x000000008000164C (0x155F0F13) addi t5, t5, 0x155
x30 <- 0xAA10FC07F6200555

mem[X,0x0000000080001650] -> 0x0EB7
mem[X,0x0000000080001652] -> 0xF703
[1433] [M]: 0x0000000080001650 (0xF7030EB7) lui t4, -0x8fd0
x29 <- 0xFFFFFFFFF7030000

mem[X,0x0000000080001654] -> 0x8E93
mem[X,0x0000000080001656] -> 0x1FCE
[1434] [M]: 0x0000000080001654 (0x1FCE8E93) addi t4, t4, 0x1fc
x29 <- 0xFFFFFFFFF70301FC

mem[X,0x0000000080001658] -> 0x9E93
mem[X,0x000000008000165A] -> 0x00BE
[1435] [M]: 0x0000000080001658 (0x00BE9E93) slli t4, t4, 0xb
x29 <- 0xFFFFFFB8180FE000

mem[X,0x000000008000165C] -> 0x8E93
mem[X,0x000000008000165E] -> 0x2AFE
[1436] [M]: 0x000000008000165C (0x2AFE8E93) addi t4, t4, 0x2af
x29 <- 0xFFFFFFB8180FE2AF

mem[X,0x0000000080001660] -> 0x9E93
mem[X,0x0000000080001662] -> 0x00BE
[1437] [M]: 0x0000000080001660 (0x00BE9E93) slli t4, t4, 0xb
x29 <- 0xFFFDC0C07F157800

mem[X,0x0000000080001664] -> 0x8E93
mem[X,0x0000000080001666] -> 0x580E
[1438] [M]: 0x0000000080001664 (0x580E8E93) addi t4, t4, 0x580
x29 <- 0xFFFDC0C07F157D80

mem[X,0x0000000080001668] -> 0x9E93
mem[X,0x000000008000166A] -> 0x00AE
[1439] [M]: 0x0000000080001668 (0x00AE9E93) slli t4, t4, 0xa
x29 <- 0xF70301FC55F60000

mem[X,0x000000008000166C] -> 0x8E93
mem[X,0x000000008000166E] -> 0x1FDE
[1440] [M]: 0x000000008000166C (0x1FDE8E93) addi t4, t4, 0x1fd
x29 <- 0xF70301FC55F601FD

mem[X,0x0000000080001670] -> 0x0FBB
mem[X,0x0000000080001672] -> 0xBDDF
[1441] [M]: 0x0000000080001670 (0xBDDF0FBB) paaddu.b t6, t5, t4
x31 <- 0xD0097E81A58B03A9

mem[X,0x0000000080001674] -> 0xBC23
mem[X,0x0000000080001676] -> 0x15F0
[1442] [M]: 0x0000000080001674 (0x15F0BC23) sd t6, 0x158(ra)
mem[0x0000000080004358] <- 0xD0097E81A58B03A9

mem[X,0x0000000080001678] -> 0x0F37
mem[X,0x000000008000167A] -> 0x0004
[1443] [M]: 0x0000000080001678 (0x00040F37) lui t5, 0x40
x30 <- 0x0000000000040000

mem[X,0x000000008000167C] -> 0x0F13
mem[X,0x000000008000167E] -> 0x6FEF
[1444] [M]: 0x000000008000167C (0x6FEF0F13) addi t5, t5, 0x6fe
x30 <- 0x00000000000406FE

mem[X,0x0000000080001680] -> 0x1F13
mem[X,0x0000000080001682] -> 0x00BF
[1445] [M]: 0x0000000080001680 (0x00BF1F13) slli t5, t5, 0xb
x30 <- 0x000000002037F000

mem[X,0x0000000080001684] -> 0x0F13
mem[X,0x0000000080001686] -> 0x7BFF
[1446] [M]: 0x0000000080001684 (0x7BFF0F13) addi t5, t5, 0x7bf
x30 <- 0x000000002037F7BF

mem[X,0x0000000080001688] -> 0x1F13
mem[X,0x000000008000168A] -> 0x00BF
[1447] [M]: 0x0000000080001688 (0x00BF1F13) slli t5, t5, 0xb
x30 <- 0x00000101BFBDF800

mem[X,0x000000008000168C] -> 0x0F13
mem[X,0x000000008000168E] -> 0x780F
[1448] [M]: 0x000000008000168C (0x780F0F13) addi t5, t5, 0x780
x30 <- 0x00000101BFBDFF80

mem[X,0x0000000080001690] -> 0x1F13
mem[X,0x0000000080001692] -> 0x00AF
[1449] [M]: 0x0000000080001690 (0x00AF1F13) slli t5, t5, 0xa
x30 <- 0x000406FEF7FE0000

mem[X,0x0000000080001694] -> 0x0F13
mem[X,0x0000000080001696] -> 0x13FF
[1450] [M]: 0x0000000080001694 (0x13FF0F13) addi t5, t5, 0x13f
x30 <- 0x000406FEF7FE013F

mem[X,0x0000000080001698] -> 0x0EB7
mem[X,0x000000008000169A] -> 0xDFFE
[1451] [M]: 0x0000000080001698 (0xDFFE0EB7) lui t4, -0x20020
x29 <- 0xFFFFFFFFDFFE0000

mem[X,0x000000008000169C] -> 0x8E93
mem[X,0x000000008000169E] -> 0x304E
[1452] [M]: 0x000000008000169C (0x304E8E93) addi t4, t4, 0x304
x29 <- 0xFFFFFFFFDFFE0304

mem[X,0x00000000800016A0] -> 0x9E93
mem[X,0x00000000800016A2] -> 0x00BE
[1453] [M]: 0x00000000800016A0 (0x00BE9E93) slli t4, t4, 0xb
x29 <- 0xFFFFFEFFF0182000

mem[X,0x00000000800016A4] -> 0x8E93
mem[X,0x00000000800016A6] -> 0x040E
[1454] [M]: 0x00000000800016A4 (0x040E8E93) addi t4, t4, 0x40
x29 <- 0xFFFFFEFFF0182040

mem[X,0x00000000800016A8] -> 0x9E93
mem[X,0x00000000800016AA] -> 0x00BE
[1455] [M]: 0x00000000800016A8 (0x00BE9E93) slli t4, t4, 0xb
x29 <- 0xFFF7FF80C1020000

mem[X,0x00000000800016AC] -> 0x8E93
mem[X,0x00000000800016AE] -> 0x000E
[1456] [M]: 0x00000000800016AC (0x000E8E93) addi t4, t4, 0x0
x29 <- 0xFFF7FF80C1020000

mem[X,0x00000000800016B0] -> 0x9E93
mem[X,0x00000000800016B2] -> 0x00AE
[1457] [M]: 0x00000000800016B0 (0x00AE9E93) slli t4, t4, 0xa
x29 <- 0xDFFE030408000000

mem[X,0x00000000800016B4] -> 0x8E93
mem[X,0x00000000800016B6] -> 0x255E
[1458] [M]: 0x00000000800016B4 (0x255E8E93) addi t4, t4, 0x255
x29 <- 0xDFFE030408000255

mem[X,0x00000000800016B8] -> 0x0FBB
mem[X,0x00000000800016BA] -> 0xBDDF
[1459] [M]: 0x00000000800016B8 (0xBDDF0FBB) paaddu.b t6, t5, t4
x31 <- 0x6F8104817F7F014A

mem[X,0x00000000800016BC] -> 0xB023
mem[X,0x00000000800016BE] -> 0x17F0
[1460] [M]: 0x00000000800016BC (0x17F0B023) sd t6, 0x160(ra)
mem[0x0000000080004360] <- 0x6F8104817F7F014A

mem[X,0x00000000800016C0] -> 0x1F37
mem[X,0x00000000800016C2] -> 0xFF07
[1461] [M]: 0x00000000800016C0 (0xFF071F37) lui t5, -0xf8f
x30 <- 0xFFFFFFFFFF071000

mem[X,0x00000000800016C4] -> 0x0F13
mem[X,0x00000000800016C6] -> 0x97FF
[1462] [M]: 0x00000000800016C4 (0x97FF0F13) addi t5, t5, -0x681
x30 <- 0xFFFFFFFFFF07097F

mem[X,0x00000000800016C8] -> 0x1F13
mem[X,0x00000000800016CA] -> 0x00BF
[1463] [M]: 0x00000000800016C8 (0x00BF1F13) slli t5, t5, 0xb
x30 <- 0xFFFFFFF8384BF800

mem[X,0x00000000800016CC] -> 0x0F13
mem[X,0x00000000800016CE] -> 0x3FFF
[1464] [M]: 0x00000000800016CC (0x3FFF0F13) addi t5, t5, 0x3ff
x30 <- 0xFFFFFFF8384BFBFF

mem[X,0x00000000800016D0] -> 0x1F13
mem[X,0x00000000800016D2] -> 0x00BF
[1465] [M]: 0x00000000800016D0 (0x00BF1F13) slli t5, t5, 0xb
x30 <- 0xFFFFC1C25FDFF800

mem[X,0x00000000800016D4] -> 0x0F13
mem[X,0x00000000800016D6] -> 0x7FEF
[1466] [M]: 0x00000000800016D4 (0x7FEF0F13) addi t5, t5, 0x7fe
x30 <- 0xFFFFC1C25FDFFFFE

mem[X,0x00000000800016D8] -> 0x1F13
mem[X,0x00000000800016DA] -> 0x00AF
[1467] [M]: 0x00000000800016D8 (0x00AF1F13) slli t5, t5, 0xa
x30 <- 0xFF07097F7FFFF800

mem[X,0x00000000800016DC] -> 0x0F13
mem[X,0x00000000800016DE] -> 0x2F8F
[1468] [M]: 0x00000000800016DC (0x2F8F0F13) addi t5, t5, 0x2f8
x30 <- 0xFF07097F7FFFFAF8

mem[X,0x00000000800016E0] -> 0x0EB7
mem[X,0x00000000800016E2] -> 0xC005
[1469] [M]: 0x00000000800016E0 (0xC0050EB7) lui t4, -0x3ffb0
x29 <- 0xFFFFFFFFC0050000

mem[X,0x00000000800016E4] -> 0x8E93
mem[X,0x00000000800016E6] -> 0x801E
[1470] [M]: 0x00000000800016E4 (0x801E8E93) addi t4, t4, -0x7ff
x29 <- 0xFFFFFFFFC004F801

mem[X,0x00000000800016E8] -> 0x9E93
mem[X,0x00000000800016EA] -> 0x00BE
[1471] [M]: 0x00000000800016E8 (0x00BE9E93) slli t4, t4, 0xb
x29 <- 0xFFFFFE0027C00800

mem[X,0x00000000800016EC] -> 0x8E93
mem[X,0x00000000800016EE] -> 0x7D8E
[1472] [M]: 0x00000000800016EC (0x7D8E8E93) addi t4, t4, 0x7d8
x29 <- 0xFFFFFE0027C00FD8

mem[X,0x00000000800016F0] -> 0x9E93
mem[X,0x00000000800016F2] -> 0x00BE
[1473] [M]: 0x00000000800016F0 (0x00BE9E93) slli t4, t4, 0xb
x29 <- 0xFFF0013E007EC000

mem[X,0x00000000800016F4] -> 0x8E93
mem[X,0x00000000800016F6] -> 0x23FE
[1474] [M]: 0x00000000800016F4 (0x23FE8E93) addi t4, t4, 0x23f
x29 <- 0xFFF0013E007EC23F

mem[X,0x00000000800016F8] -> 0x9E93
mem[X,0x00000000800016FA] -> 0x00AE
[1475] [M]: 0x00000000800016F8 (0x00AE9E93) slli t4, t4, 0xa
x29 <- 0xC004F801FB08FC00

mem[X,0x00000000800016FC] -> 0x8E93
mem[X,0x00000000800016FE] -> 0x008E
[1476] [M]: 0x00000000800016FC (0x008E8E93) addi t4, t4, 0x8
x29 <- 0xC004F801FB08FC08

mem[X,0x0000000080001700] -> 0x0FBB
mem[X,0x0000000080001702] -> 0xBDDF
[1477] [M]: 0x0000000080001700 (0xBDDF0FBB) paaddu.b t6, t5, t4
x31 <- 0xDF058040BD83FB80

mem[X,0x0000000080001704] -> 0xB423
mem[X,0x0000000080001706] -> 0x17F0
[1478] [M]: 0x0000000080001704 (0x17F0B423) sd t6, 0x168(ra)
mem[0x0000000080004368] <- 0xDF058040BD83FB80

mem[X,0x0000000080001708] -> 0xFF37
mem[X,0x000000008000170A] -> 0xFDC0
[1479] [M]: 0x0000000080001708 (0xFDC0FF37) lui t5, -0x23f1
x30 <- 0xFFFFFFFFFDC0F000

mem[X,0x000000008000170C] -> 0x0F13
mem[X,0x000000008000170E] -> 0x6FAF
[1480] [M]: 0x000000008000170C (0x6FAF0F13) addi t5, t5, 0x6fa
x30 <- 0xFFFFFFFFFDC0F6FA

mem[X,0x0000000080001710] -> 0x1F13
mem[X,0x0000000080001712] -> 0x00BF
[1481] [M]: 0x0000000080001710 (0x00BF1F13) slli t5, t5, 0xb
x30 <- 0xFFFFFFEE07B7D000

mem[X,0x0000000080001714] -> 0x0F13
mem[X,0x0000000080001716] -> 0x7C9F
[1482] [M]: 0x0000000080001714 (0x7C9F0F13) addi t5, t5, 0x7c9
x30 <- 0xFFFFFFEE07B7D7C9

mem[X,0x0000000080001718] -> 0x1F13
mem[X,0x000000008000171A] -> 0x00BF
[1483] [M]: 0x0000000080001718 (0x00BF1F13) slli t5, t5, 0xb
x30 <- 0xFFFF703DBEBE4800

mem[X,0x000000008000171C] -> 0x0F13
mem[X,0x000000008000171E] -> 0x001F
[1484] [M]: 0x000000008000171C (0x001F0F13) addi t5, t5, 0x1
x30 <- 0xFFFF703DBEBE4801

mem[X,0x0000000080001720] -> 0x1F13
mem[X,0x0000000080001722] -> 0x00AF
[1485] [M]: 0x0000000080001720 (0x00AF1F13) slli t5, t5, 0xa
x30 <- 0xFDC0F6FAF9200400

mem[X,0x0000000080001724] -> 0x0F13
mem[X,0x0000000080001726] -> 0x1FFF
[1486] [M]: 0x0000000080001724 (0x1FFF0F13) addi t5, t5, 0x1ff
x30 <- 0xFDC0F6FAF92005FF

mem[X,0x0000000080001728] -> 0x0EB7
mem[X,0x000000008000172A] -> 0x08DF
[1487] [M]: 0x0000000080001728 (0x08DF0EB7) lui t4, 0x8df0
x29 <- 0x0000000008DF0000

mem[X,0x000000008000172C] -> 0x8E93
mem[X,0x000000008000172E] -> 0x010E
[1488] [M]: 0x000000008000172C (0x010E8E93) addi t4, t4, 0x10
x29 <- 0x0000000008DF0010

mem[X,0x0000000080001730] -> 0x9E93
mem[X,0x0000000080001732] -> 0x00BE
[1489] [M]: 0x0000000080001730 (0x00BE9E93) slli t4, t4, 0xb
x29 <- 0x00000046F8008000

mem[X,0x0000000080001734] -> 0x8E93
mem[X,0x0000000080001736] -> 0x6FFE
[1490] [M]: 0x0000000080001734 (0x6FFE8E93) addi t4, t4, 0x6ff
x29 <- 0x00000046F80086FF

mem[X,0x0000000080001738] -> 0x9E93
mem[X,0x000000008000173A] -> 0x00BE
[1491] [M]: 0x0000000080001738 (0x00BE9E93) slli t4, t4, 0xb
x29 <- 0x000237C00437F800

mem[X,0x000000008000173C] -> 0x8E93
mem[X,0x000000008000173E] -> 0x7EAE
[1492] [M]: 0x000000008000173C (0x7EAE8E93) addi t4, t4, 0x7ea
x29 <- 0x000237C00437FFEA

mem[X,0x0000000080001740] -> 0x9E93
mem[X,0x0000000080001742] -> 0x00AE
[1493] [M]: 0x0000000080001740 (0x00AE9E93) slli t4, t4, 0xa
x29 <- 0x08DF0010DFFFA800

mem[X,0x0000000080001744] -> 0x8E93
mem[X,0x0000000080001746] -> 0x2DFE
[1494] [M]: 0x0000000080001744 (0x2DFE8E93) addi t4, t4, 0x2df
x29 <- 0x08DF0010DFFFAADF

mem[X,0x0000000080001748] -> 0x0FBB
mem[X,0x000000008000174A] -> 0xBDDF
[1495] [M]: 0x0000000080001748 (0xBDDF0FBB) paaddu.b t6, t5, t4
x31 <- 0x82CF7B85EC8F57EF

mem[X,0x000000008000174C] -> 0xB823
mem[X,0x000000008000174E] -> 0x17F0
[1496] [M]: 0x000000008000174C (0x17F0B823) sd t6, 0x170(ra)
mem[0x0000000080004370] <- 0x82CF7B85EC8F57EF

mem[X,0x0000000080001750] -> 0x0F37
mem[X,0x0000000080001752] -> 0x04F7
[1497] [M]: 0x0000000080001750 (0x04F70F37) lui t5, 0x4f70
x30 <- 0x0000000004F70000

mem[X,0x0000000080001754] -> 0x0F13
mem[X,0x0000000080001756] -> 0x6BFF
[1498] [M]: 0x0000000080001754 (0x6BFF0F13) addi t5, t5, 0x6bf
x30 <- 0x0000000004F706BF

mem[X,0x0000000080001758] -> 0x1F13
mem[X,0x000000008000175A] -> 0x00BF
[1499] [M]: 0x0000000080001758 (0x00BF1F13) slli t5, t5, 0xb
x30 <- 0x00000027B835F800

clint::tick mtime <- 0x000000000000000F
 clint timer pending at mtime 0x000000000000000F
htif::tick 0x0000000000000000
mem[X,0x000000008000175C] -> 0x0F13
mem[X,0x000000008000175E] -> 0x026F
[1500] [M]: 0x000000008000175C (0x026F0F13) addi t5, t5, 0x26
x30 <- 0x00000027B835F826

mem[X,0x0000000080001760] -> 0x1F13
mem[X,0x0000000080001762] -> 0x00BF
[1501] [M]: 0x0000000080001760 (0x00BF1F13) slli t5, t5, 0xb
x30 <- 0x00013DC1AFC13000

mem[X,0x0000000080001764] -> 0x0F13
mem[X,0x0000000080001766] -> 0x7FFF
[1502] [M]: 0x0000000080001764 (0x7FFF0F13) addi t5, t5, 0x7ff
x30 <- 0x00013DC1AFC137FF

mem[X,0x0000000080001768] -> 0x1F13
mem[X,0x000000008000176A] -> 0x00AF
[1503] [M]: 0x0000000080001768 (0x00AF1F13) slli t5, t5, 0xa
x30 <- 0x04F706BF04DFFC00

mem[X,0x000000008000176C] -> 0x0F13
mem[X,0x000000008000176E] -> 0x1FBF
[1504] [M]: 0x000000008000176C (0x1FBF0F13) addi t5, t5, 0x1fb
x30 <- 0x04F706BF04DFFDFB

mem[X,0x0000000080001770] -> 0xFEB7
mem[X,0x0000000080001772] -> 0x09FA
[1505] [M]: 0x0000000080001770 (0x09FAFEB7) lui t4, 0x9faf
x29 <- 0x0000000009FAF000

mem[X,0x0000000080001774] -> 0x8E93
mem[X,0x0000000080001776] -> 0x7FEE
[1506] [M]: 0x0000000080001774 (0x7FEE8E93) addi t4, t4, 0x7fe
x29 <- 0x0000000009FAF7FE

mem[X,0x0000000080001778] -> 0x9E93
mem[X,0x000000008000177A] -> 0x00BE
[1507] [M]: 0x0000000080001778 (0x00BE9E93) slli t4, t4, 0xb
x29 <- 0x0000004FD7BFF000

mem[X,0x000000008000177C] -> 0x8E93
mem[X,0x000000008000177E] -> 0x025E
[1508] [M]: 0x000000008000177C (0x025E8E93) addi t4, t4, 0x25
x29 <- 0x0000004FD7BFF025

mem[X,0x0000000080001780] -> 0x9E93
mem[X,0x0000000080001782] -> 0x00BE
[1509] [M]: 0x0000000080001780 (0x00BE9E93) slli t4, t4, 0xb
x29 <- 0x00027EBDFF812800

mem[X,0x0000000080001784] -> 0x8E93
mem[X,0x0000000080001786] -> 0x7C0E
[1510] [M]: 0x0000000080001784 (0x7C0E8E93) addi t4, t4, 0x7c0
x29 <- 0x00027EBDFF812FC0

mem[X,0x0000000080001788] -> 0x9E93
mem[X,0x000000008000178A] -> 0x00AE
[1511] [M]: 0x0000000080001788 (0x00AE9E93) slli t4, t4, 0xa
x29 <- 0x09FAF7FE04BF0000

mem[X,0x000000008000178C] -> 0x8E93
mem[X,0x000000008000178E] -> 0x0F8E
[1512] [M]: 0x000000008000178C (0x0F8E8E93) addi t4, t4, 0xf8
x29 <- 0x09FAF7FE04BF00F8

mem[X,0x0000000080001790] -> 0x0FBB
mem[X,0x0000000080001792] -> 0xBDDF
[1513] [M]: 0x0000000080001790 (0xBDDF0FBB) paaddu.b t6, t5, t4
x31 <- 0x06F87EDE04CF7EF9

mem[X,0x0000000080001794] -> 0xBC23
mem[X,0x0000000080001796] -> 0x17F0
[1514] [M]: 0x0000000080001794 (0x17F0BC23) sd t6, 0x178(ra)
mem[0x0000000080004378] <- 0x06F87EDE04CF7EF9

mem[X,0x0000000080001798] -> 0xCF37
mem[X,0x000000008000179A] -> 0xFC03
[1515] [M]: 0x0000000080001798 (0xFC03CF37) lui t5, -0x3fc4
x30 <- 0xFFFFFFFFFC03C000

mem[X,0x000000008000179C] -> 0x0F13
mem[X,0x000000008000179E] -> 0xFFBF
[1516] [M]: 0x000000008000179C (0xFFBF0F13) addi t5, t5, -0x5
x30 <- 0xFFFFFFFFFC03BFFB

mem[X,0x00000000800017A0] -> 0x1F13
mem[X,0x00000000800017A2] -> 0x00BF
[1517] [M]: 0x00000000800017A0 (0x00BF1F13) slli t5, t5, 0xb
x30 <- 0xFFFFFFE01DFFD800

mem[X,0x00000000800017A4] -> 0x0F13
mem[X,0x00000000800017A6] -> 0x049F
[1518] [M]: 0x00000000800017A4 (0x049F0F13) addi t5, t5, 0x49
x30 <- 0xFFFFFFE01DFFD849

mem[X,0x00000000800017A8] -> 0x1F13
mem[X,0x00000000800017AA] -> 0x00BF
[1519] [M]: 0x00000000800017A8 (0x00BF1F13) slli t5, t5, 0xb
x30 <- 0xFFFF00EFFEC24800

mem[X,0x00000000800017AC] -> 0x0F13
mem[X,0x00000000800017AE] -> 0x7D5F
[1520] [M]: 0x00000000800017AC (0x7D5F0F13) addi t5, t5, 0x7d5
x30 <- 0xFFFF00EFFEC24FD5

mem[X,0x00000000800017B0] -> 0x1F13
mem[X,0x00000000800017B2] -> 0x00AF
[1521] [M]: 0x00000000800017B0 (0x00AF1F13) slli t5, t5, 0xa
x30 <- 0xFC03BFFB093F5400

mem[X,0x00000000800017B4] -> 0x0F13
mem[X,0x00000000800017B6] -> 0x1AAF
[1522] [M]: 0x00000000800017B4 (0x1AAF0F13) addi t5, t5, 0x1aa
x30 <- 0xFC03BFFB093F55AA

mem[X,0x00000000800017B8] -> 0x0EB7
mem[X,0x00000000800017BA] -> 0x0304
[1523] [M]: 0x00000000800017B8 (0x03040EB7) lui t4, 0x3040
x29 <- 0x0000000003040000

mem[X,0x00000000800017BC] -> 0x8E93
mem[X,0x00000000800017BE] -> 0xF02E
[1524] [M]: 0x00000000800017BC (0xF02E8E93) addi t4, t4, -0xfe
x29 <- 0x000000000303FF02

mem[X,0x00000000800017C0] -> 0x9E93
mem[X,0x00000000800017C2] -> 0x00BE
[1525] [M]: 0x00000000800017C0 (0x00BE9E93) slli t4, t4, 0xb
x29 <- 0x000000181FF81000

mem[X,0x00000000800017C4] -> 0x8E93
mem[X,0x00000000800017C6] -> 0x407E
[1526] [M]: 0x00000000800017C4 (0x407E8E93) addi t4, t4, 0x407
x29 <- 0x000000181FF81407

mem[X,0x00000000800017C8] -> 0x9E93
mem[X,0x00000000800017CA] -> 0x00BE
[1527] [M]: 0x00000000800017C8 (0x00BE9E93) slli t4, t4, 0xb
x29 <- 0x0000C0FFC0A03800

mem[X,0x00000000800017CC] -> 0x8E93
mem[X,0x00000000800017CE] -> 0x688E
[1528] [M]: 0x00000000800017CC (0x688E8E93) addi t4, t4, 0x688
x29 <- 0x0000C0FFC0A03E88

mem[X,0x00000000800017D0] -> 0x9E93
mem[X,0x00000000800017D2] -> 0x00AE
[1529] [M]: 0x00000000800017D0 (0x00AE9E93) slli t4, t4, 0xa
x29 <- 0x0303FF0280FA2000

mem[X,0x00000000800017D4] -> 0x8E93
mem[X,0x00000000800017D6] -> 0x002E
[1530] [M]: 0x00000000800017D4 (0x002E8E93) addi t4, t4, 0x2
x29 <- 0x0303FF0280FA2002

mem[X,0x00000000800017D8] -> 0x0FBB
mem[X,0x00000000800017DA] -> 0xBDDF
[1531] [M]: 0x00000000800017D8 (0xBDDF0FBB) paaddu.b t6, t5, t4
x31 <- 0x7F03DF7E449C3A56

mem[X,0x00000000800017DC] -> 0xB023
mem[X,0x00000000800017DE] -> 0x19F0
[1532] [M]: 0x00000000800017DC (0x19F0B023) sd t6, 0x180(ra)
mem[0x0000000080004380] <- 0x7F03DF7E449C3A56

mem[X,0x00000000800017E0] -> 0xBF37
mem[X,0x00000000800017E2] -> 0xF9F6
[1533] [M]: 0x00000000800017E0 (0xF9F6BF37) lui t5, -0x6095
x30 <- 0xFFFFFFFFF9F6B000

mem[X,0x00000000800017E4] -> 0x0F13
mem[X,0x00000000800017E6] -> 0xABFF
[1534] [M]: 0x00000000800017E4 (0xABFF0F13) addi t5, t5, -0x541
x30 <- 0xFFFFFFFFF9F6AABF

mem[X,0x00000000800017E8] -> 0x1F13
mem[X,0x00000000800017EA] -> 0x00BF
[1535] [M]: 0x00000000800017E8 (0x00BF1F13) slli t5, t5, 0xb
x30 <- 0xFFFFFFCFB555F800

mem[X,0x00000000800017EC] -> 0x0F13
mem[X,0x00000000800017EE] -> 0x7E0F
[1536] [M]: 0x00000000800017EC (0x7E0F0F13) addi t5, t5, 0x7e0
x30 <- 0xFFFFFFCFB555FFE0

mem[X,0x00000000800017F0] -> 0x1F13
mem[X,0x00000000800017F2] -> 0x00BF
[1537] [M]: 0x00000000800017F0 (0x00BF1F13) slli t5, t5, 0xb
x30 <- 0xFFFE7DAAAFFF0000

mem[X,0x00000000800017F4] -> 0x0F13
mem[X,0x00000000800017F6] -> 0x0C2F
[1538] [M]: 0x00000000800017F4 (0x0C2F0F13) addi t5, t5, 0xc2
x30 <- 0xFFFE7DAAAFFF00C2

mem[X,0x00000000800017F8] -> 0x1F13
mem[X,0x00000000800017FA] -> 0x00AF
[1539] [M]: 0x00000000800017F8 (0x00AF1F13) slli t5, t5, 0xa
x30 <- 0xF9F6AABFFC030800

mem[X,0x00000000800017FC] -> 0x0F13
mem[X,0x00000000800017FE] -> 0x104F
[1540] [M]: 0x00000000800017FC (0x104F0F13) addi t5, t5, 0x104
x30 <- 0xF9F6AABFFC030904

mem[X,0x0000000080001800] -> 0xFEB7
mem[X,0x0000000080001802] -> 0xF8F8
[1541] [M]: 0x0000000080001800 (0xF8F8FEB7) lui t4, -0x7071
x29 <- 0xFFFFFFFFF8F8F000

mem[X,0x0000000080001804] -> 0x8E93
mem[X,0x0000000080001806] -> 0x640E
[1542] [M]: 0x0000000080001804 (0x640E8E93) addi t4, t4, 0x640
x29 <- 0xFFFFFFFFF8F8F640

mem[X,0x0000000080001808] -> 0x9E93
mem[X,0x000000008000180A] -> 0x00BE
[1543] [M]: 0x0000000080001808 (0x00BE9E93) slli t4, t4, 0xb
x29 <- 0xFFFFFFC7C7B20000

mem[X,0x000000008000180C] -> 0x8E93
mem[X,0x000000008000180E] -> 0x031E
[1544] [M]: 0x000000008000180C (0x031E8E93) addi t4, t4, 0x31
x29 <- 0xFFFFFFC7C7B20031

mem[X,0x0000000080001810] -> 0x9E93
mem[X,0x0000000080001812] -> 0x00BE
[1545] [M]: 0x0000000080001810 (0x00BE9E93) slli t4, t4, 0xb
x29 <- 0xFFFE3E3D90018800

mem[X,0x0000000080001814] -> 0x8E93
mem[X,0x0000000080001816] -> 0x03DE
[1546] [M]: 0x0000000080001814 (0x03DE8E93) addi t4, t4, 0x3d
x29 <- 0xFFFE3E3D9001883D

mem[X,0x0000000080001818] -> 0x9E93
mem[X,0x000000008000181A] -> 0x00AE
[1547] [M]: 0x0000000080001818 (0x00AE9E93) slli t4, t4, 0xa
x29 <- 0xF8F8F6400620F400

mem[X,0x000000008000181C] -> 0x8E93
mem[X,0x000000008000181E] -> 0x300E
[1548] [M]: 0x000000008000181C (0x300E8E93) addi t4, t4, 0x300
x29 <- 0xF8F8F6400620F700

mem[X,0x0000000080001820] -> 0x0FBB
mem[X,0x0000000080001822] -> 0xBDDF
[1549] [M]: 0x0000000080001820 (0xBDDF0FBB) paaddu.b t6, t5, t4
x31 <- 0xF8F7D07F81118002

mem[X,0x0000000080001824] -> 0xB423
mem[X,0x0000000080001826] -> 0x19F0
[1550] [M]: 0x0000000080001824 (0x19F0B423) sd t6, 0x188(ra)
mem[0x0000000080004388] <- 0xF8F7D07F81118002

mem[X,0x0000000080001828] -> 0x8F37
mem[X,0x000000008000182A] -> 0xEFFC
[1551] [M]: 0x0000000080001828 (0xEFFC8F37) lui t5, -0x10038
x30 <- 0xFFFFFFFFEFFC8000

mem[X,0x000000008000182C] -> 0x0F13
mem[X,0x000000008000182E] -> 0xFFFF
[1552] [M]: 0x000000008000182C (0xFFFF0F13) addi t5, t5, -0x1
x30 <- 0xFFFFFFFFEFFC7FFF

mem[X,0x0000000080001830] -> 0x1F13
mem[X,0x0000000080001832] -> 0x00BF
[1553] [M]: 0x0000000080001830 (0x00BF1F13) slli t5, t5, 0xb
x30 <- 0xFFFFFF7FE3FFF800

mem[X,0x0000000080001834] -> 0x0F13
mem[X,0x0000000080001836] -> 0x7D0F
[1554] [M]: 0x0000000080001834 (0x7D0F0F13) addi t5, t5, 0x7d0
x30 <- 0xFFFFFF7FE3FFFFD0

mem[X,0x0000000080001838] -> 0x1F13
mem[X,0x000000008000183A] -> 0x00BF
[1555] [M]: 0x0000000080001838 (0x00BF1F13) slli t5, t5, 0xb
x30 <- 0xFFFBFF1FFFFE8000

mem[X,0x000000008000183C] -> 0x0F13
mem[X,0x000000008000183E] -> 0x140F
[1556] [M]: 0x000000008000183C (0x140F0F13) addi t5, t5, 0x140
x30 <- 0xFFFBFF1FFFFE8140

mem[X,0x0000000080001840] -> 0x1F13
mem[X,0x0000000080001842] -> 0x00AF
[1557] [M]: 0x0000000080001840 (0x00AF1F13) slli t5, t5, 0xa
x30 <- 0xEFFC7FFFFA050000

mem[X,0x0000000080001844] -> 0x0F13
mem[X,0x0000000080001846] -> 0x100F
[1558] [M]: 0x0000000080001844 (0x100F0F13) addi t5, t5, 0x100
x30 <- 0xEFFC7FFFFA050100

mem[X,0x0000000080001848] -> 0x4EB7
mem[X,0x000000008000184A] -> 0x00EF
[1559] [M]: 0x0000000080001848 (0x00EF4EB7) lui t4, 0xef4
x29 <- 0x0000000000EF4000

mem[X,0x000000008000184C] -> 0x8E93
mem[X,0x000000008000184E] -> 0xF07E
[1560] [M]: 0x000000008000184C (0xF07E8E93) addi t4, t4, -0xf9
x29 <- 0x0000000000EF3F07

mem[X,0x0000000080001850] -> 0x9E93
mem[X,0x0000000080001852] -> 0x00BE
[1561] [M]: 0x0000000080001850 (0x00BE9E93) slli t4, t4, 0xb
x29 <- 0x0000000779F83800

mem[X,0x0000000080001854] -> 0x8E93
mem[X,0x0000000080001856] -> 0x203E
[1562] [M]: 0x0000000080001854 (0x203E8E93) addi t4, t4, 0x203
x29 <- 0x0000000779F83A03

mem[X,0x0000000080001858] -> 0x9E93
mem[X,0x000000008000185A] -> 0x00BE
[1563] [M]: 0x0000000080001858 (0x00BE9E93) slli t4, t4, 0xb
x29 <- 0x00003BCFC1D01800

mem[X,0x000000008000185C] -> 0x8E93
mem[X,0x000000008000185E] -> 0x7FBE
[1564] [M]: 0x000000008000185C (0x7FBE8E93) addi t4, t4, 0x7fb
x29 <- 0x00003BCFC1D01FFB

mem[X,0x0000000080001860] -> 0x9E93
mem[X,0x0000000080001862] -> 0x00AE
[1565] [M]: 0x0000000080001860 (0x00AE9E93) slli t4, t4, 0xa
x29 <- 0x00EF3F07407FEC00

mem[X,0x0000000080001864] -> 0x8E93
mem[X,0x0000000080001866] -> 0x3F8E
[1566] [M]: 0x0000000080001864 (0x3F8E8E93) addi t4, t4, 0x3f8
x29 <- 0x00EF3F07407FEFF8

mem[X,0x0000000080001868] -> 0x0FBB
mem[X,0x000000008000186A] -> 0xBDDF
[1567] [M]: 0x0000000080001868 (0xBDDF0FBB) paaddu.b t6, t5, t4
x31 <- 0x77F55F839D42787C

mem[X,0x000000008000186C] -> 0xB823
mem[X,0x000000008000186E] -> 0x19F0
[1568] [M]: 0x000000008000186C (0x19F0B823) sd t6, 0x190(ra)
mem[0x0000000080004390] <- 0x77F55F839D42787C

mem[X,0x0000000080001870] -> 0x0F37
mem[X,0x0000000080001872] -> 0x04FB
[1569] [M]: 0x0000000080001870 (0x04FB0F37) lui t5, 0x4fb0
x30 <- 0x0000000004FB0000

mem[X,0x0000000080001874] -> 0x0F13
mem[X,0x0000000080001876] -> 0xBF7F
[1570] [M]: 0x0000000080001874 (0xBF7F0F13) addi t5, t5, -0x409
x30 <- 0x0000000004FAFBF7

mem[X,0x0000000080001878] -> 0x1F13
mem[X,0x000000008000187A] -> 0x00BF
[1571] [M]: 0x0000000080001878 (0x00BF1F13) slli t5, t5, 0xb
x30 <- 0x00000027D7DFB800

mem[X,0x000000008000187C] -> 0x0F13
mem[X,0x000000008000187E] -> 0x02AF
[1572] [M]: 0x000000008000187C (0x02AF0F13) addi t5, t5, 0x2a
x30 <- 0x00000027D7DFB82A

mem[X,0x0000000080001880] -> 0x1F13
mem[X,0x0000000080001882] -> 0x00BF
[1573] [M]: 0x0000000080001880 (0x00BF1F13) slli t5, t5, 0xb
x30 <- 0x00013EBEFDC15000

mem[X,0x0000000080001884] -> 0x0F13
mem[X,0x0000000080001886] -> 0x03FF
[1574] [M]: 0x0000000080001884 (0x03FF0F13) addi t5, t5, 0x3f
x30 <- 0x00013EBEFDC1503F

mem[X,0x0000000080001888] -> 0x1F13
mem[X,0x000000008000188A] -> 0x00AF
[1575] [M]: 0x0000000080001888 (0x00AF1F13) slli t5, t5, 0xa
x30 <- 0x04FAFBF70540FC00

mem[X,0x000000008000188C] -> 0x0F13
mem[X,0x000000008000188E] -> 0x37FF
[1576] [M]: 0x000000008000188C (0x37FF0F13) addi t5, t5, 0x37f
x30 <- 0x04FAFBF70540FF7F

mem[X,0x0000000080001890] -> 0x0EB7
mem[X,0x0000000080001892] -> 0x01FA
[1577] [M]: 0x0000000080001890 (0x01FA0EB7) lui t4, 0x1fa0
x29 <- 0x0000000001FA0000

mem[X,0x0000000080001894] -> 0x8E93
mem[X,0x0000000080001896] -> 0x440E
[1578] [M]: 0x0000000080001894 (0x440E8E93) addi t4, t4, 0x440
x29 <- 0x0000000001FA0440

mem[X,0x0000000080001898] -> 0x9E93
mem[X,0x000000008000189A] -> 0x00BE
[1579] [M]: 0x0000000080001898 (0x00BE9E93) slli t4, t4, 0xb
x29 <- 0x0000000FD0220000

mem[X,0x000000008000189C] -> 0x8E93
mem[X,0x000000008000189E] -> 0x02FE
[1580] [M]: 0x000000008000189C (0x02FE8E93) addi t4, t4, 0x2f
x29 <- 0x0000000FD022002F

mem[X,0x00000000800018A0] -> 0x9E93
mem[X,0x00000000800018A2] -> 0x00BE
[1581] [M]: 0x00000000800018A0 (0x00BE9E93) slli t4, t4, 0xb
x29 <- 0x00007E8110017800

mem[X,0x00000000800018A4] -> 0x8E93
mem[X,0x00000000800018A6] -> 0x3FEE
[1582] [M]: 0x00000000800018A4 (0x3FEE8E93) addi t4, t4, 0x3fe
x29 <- 0x00007E8110017BFE

mem[X,0x00000000800018A8] -> 0x9E93
mem[X,0x00000000800018AA] -> 0x00AE
[1583] [M]: 0x00000000800018A8 (0x00AE9E93) slli t4, t4, 0xa
x29 <- 0x01FA044005EFF800

mem[X,0x00000000800018AC] -> 0x8E93
mem[X,0x00000000800018AE] -> 0x004E
[1584] [M]: 0x00000000800018AC (0x004E8E93) addi t4, t4, 0x4
x29 <- 0x01FA044005EFF804

mem[X,0x00000000800018B0] -> 0x0FBB
mem[X,0x00000000800018B2] -> 0xBDDF
[1585] [M]: 0x00000000800018B0 (0xBDDF0FBB) paaddu.b t6, t5, t4
x31 <- 0x02FA7F9B0597FB41

mem[X,0x00000000800018B4] -> 0xBC23
mem[X,0x00000000800018B6] -> 0x19F0
[1586] [M]: 0x00000000800018B4 (0x19F0BC23) sd t6, 0x198(ra)
mem[0x0000000080004398] <- 0x02FA7F9B0597FB41

mem[X,0x00000000800018B8] -> 0x1F37
mem[X,0x00000000800018BA] -> 0xBFEF
[1587] [M]: 0x00000000800018B8 (0xBFEF1F37) lui t5, -0x4010f
x30 <- 0xFFFFFFFFBFEF1000

mem[X,0x00000000800018BC] -> 0x0F13
mem[X,0x00000000800018BE] -> 0x0FCF
[1588] [M]: 0x00000000800018BC (0x0FCF0F13) addi t5, t5, 0xfc
x30 <- 0xFFFFFFFFBFEF10FC

mem[X,0x00000000800018C0] -> 0x1F13
mem[X,0x00000000800018C2] -> 0x00BF
[1589] [M]: 0x00000000800018C0 (0x00BF1F13) slli t5, t5, 0xb
x30 <- 0xFFFFFDFF7887E000

mem[X,0x00000000800018C4] -> 0x0F13
mem[X,0x00000000800018C6] -> 0x7C8F
[1590] [M]: 0x00000000800018C4 (0x7C8F0F13) addi t5, t5, 0x7c8
x30 <- 0xFFFFFDFF7887E7C8

mem[X,0x00000000800018C8] -> 0x1F13
mem[X,0x00000000800018CA] -> 0x00BF
[1591] [M]: 0x00000000800018C8 (0x00BF1F13) slli t5, t5, 0xb
x30 <- 0xFFEFFBC43F3E4000

mem[X,0x00000000800018CC] -> 0x0F13
mem[X,0x00000000800018CE] -> 0x000F
[1592] [M]: 0x00000000800018CC (0x000F0F13) addi t5, t5, 0x0
x30 <- 0xFFEFFBC43F3E4000

mem[X,0x00000000800018D0] -> 0x1F13
mem[X,0x00000000800018D2] -> 0x00AF
[1593] [M]: 0x00000000800018D0 (0x00AF1F13) slli t5, t5, 0xa
x30 <- 0xBFEF10FCF9000000

mem[X,0x00000000800018D4] -> 0x0F13
mem[X,0x00000000800018D6] -> 0x3FBF
[1594] [M]: 0x00000000800018D4 (0x3FBF0F13) addi t5, t5, 0x3fb
x30 <- 0xBFEF10FCF90003FB

mem[X,0x00000000800018D8] -> 0x0EB7
mem[X,0x00000000800018DA] -> 0x10FF
[1595] [M]: 0x00000000800018D8 (0x10FF0EB7) lui t4, 0x10ff0
x29 <- 0x0000000010FF0000

mem[X,0x00000000800018DC] -> 0x8E93
mem[X,0x00000000800018DE] -> 0xE02E
[1596] [M]: 0x00000000800018DC (0xE02E8E93) addi t4, t4, -0x1fe
x29 <- 0x0000000010FEFE02

mem[X,0x00000000800018E0] -> 0x9E93
mem[X,0x00000000800018E2] -> 0x00BE
[1597] [M]: 0x00000000800018E0 (0x00BE9E93) slli t4, t4, 0xb
x29 <- 0x00000087F7F01000

mem[X,0x00000000800018E4] -> 0x8E93
mem[X,0x00000000800018E6] -> 0x02CE
[1598] [M]: 0x00000000800018E4 (0x02CE8E93) addi t4, t4, 0x2c
x29 <- 0x00000087F7F0102C

mem[X,0x00000000800018E8] -> 0x9E93
mem[X,0x00000000800018EA] -> 0x00BE
[1599] [M]: 0x00000000800018E8 (0x00BE9E93) slli t4, t4, 0xb
x29 <- 0x00043FBF80816000

clint::tick mtime <- 0x0000000000000010
 clint timer pending at mtime 0x0000000000000010
htif::tick 0x0000000000000000
mem[X,0x00000000800018EC] -> 0x8E93
mem[X,0x00000000800018EE] -> 0x03BE
[1600] [M]: 0x00000000800018EC (0x03BE8E93) addi t4, t4, 0x3b
x29 <- 0x00043FBF8081603B

mem[X,0x00000000800018F0] -> 0x9E93
mem[X,0x00000000800018F2] -> 0x00AE
[1601] [M]: 0x00000000800018F0 (0x00AE9E93) slli t4, t4, 0xa
x29 <- 0x10FEFE020580EC00

mem[X,0x00000000800018F4] -> 0x8E93
mem[X,0x00000000800018F6] -> 0x3FBE
[1602] [M]: 0x00000000800018F4 (0x3FBE8E93) addi t4, t4, 0x3fb
x29 <- 0x10FEFE020580EFFB

mem[X,0x00000000800018F8] -> 0x0FBB
mem[X,0x00000000800018FA] -> 0xBDDF
[1603] [M]: 0x00000000800018F8 (0xBDDF0FBB) paaddu.b t6, t5, t4
x31 <- 0x67F6877F7F4079FB

mem[X,0x00000000800018FC] -> 0xB023
mem[X,0x00000000800018FE] -> 0x1BF0
[1604] [M]: 0x00000000800018FC (0x1BF0B023) sd t6, 0x1a0(ra)
mem[0x00000000800043A0] <- 0x67F6877F7F4079FB

mem[X,0x0000000080001900] -> 0x006F
mem[X,0x0000000080001902] -> 0x0380
[1605] [M]: 0x0000000080001900 (0x0380006F) jal zero, 0x38

mem[X,0x0000000080001938] -> 0x0093
mem[X,0x000000008000193A] -> 0x0010
[1606] [M]: 0x0000000080001938 (0x00100093) addi ra, zero, 0x1
x1 <- 0x0000000000000001

mem[X,0x000000008000193C] -> 0x0F17
mem[X,0x000000008000193E] -> 0x0000
[1607] [M]: 0x000000008000193C (0x00000F17) auipc t5, 0x0
x30 <- 0x000000008000193C

mem[X,0x0000000080001940] -> 0x2223
mem[X,0x0000000080001942] -> 0x6C1F
[1608] [M]: 0x0000000080001940 (0x6C1F2223) sw ra, 0x6c4(t5)
htif[0x0000000080002000] <- 0x00000001

mem[X,0x0000000080001944] -> 0xF06F
mem[X,0x0000000080001946] -> 0xFF9F
[1609] [M]: 0x0000000080001944 (0xFF9FF06F) jal zero, -0x8

mem[X,0x000000008000193C] -> 0x0F17
mem[X,0x000000008000193E] -> 0x0000
[1610] [M]: 0x000000008000193C (0x00000F17) auipc t5, 0x0
x30 <- 0x000000008000193C

mem[X,0x0000000080001940] -> 0x2223
mem[X,0x0000000080001942] -> 0x6C1F
[1611] [M]: 0x0000000080001940 (0x6C1F2223) sw ra, 0x6c4(t5)
htif[0x0000000080002000] <- 0x00000001

mem[X,0x0000000080001944] -> 0xF06F
mem[X,0x0000000080001946] -> 0xFF9F
[1612] [M]: 0x0000000080001944 (0xFF9FF06F) jal zero, -0x8

mem[X,0x000000008000193C] -> 0x0F17
mem[X,0x000000008000193E] -> 0x0000
[1613] [M]: 0x000000008000193C (0x00000F17) auipc t5, 0x0
x30 <- 0x000000008000193C

mem[X,0x0000000080001940] -> 0x2223
mem[X,0x0000000080001942] -> 0x6C1F
[1614] [M]: 0x0000000080001940 (0x6C1F2223) sw ra, 0x6c4(t5)
htif[0x0000000080002000] <- 0x00000001
htif-syscall-proxy cmd: 0x000000000001

SUCCESS
