using /home/chsu/rvp-workspace/test-64/riscof_work/pdifu.h-01.S/ref/Reference-sail_c_simulator.signature for test-signature output.
tohost located at 0x80002000
Running file ref.elf.
ELF Entry @ 0x80000000
begin_signature: 0x80004110
end_signature: 0x80004440
CSR mstatus <- 0x0000000A00000000 (input: 0x0000000000000000)
mem[X,0x0000000000001000] -> 0x0297
mem[X,0x0000000000001002] -> 0x0000
[0] [M]: 0x0000000000001000 (0x00000297) auipc t0, 0x0
x5 <- 0x0000000000001000

mem[X,0x0000000000001004] -> 0x8593
mem[X,0x0000000000001006] -> 0x0202
[1] [M]: 0x0000000000001004 (0x02028593) addi a1, t0, 0x20
x11 <- 0x0000000000001020

mem[X,0x0000000000001008] -> 0x2573
mem[X,0x000000000000100A] -> 0xF140
[2] [M]: 0x0000000000001008 (0xF1402573) csrrs a0, mhartid, zero
CSR mhartid -> 0x0000000000000000
x10 <- 0x0000000000000000

mem[X,0x000000000000100C] -> 0xB283
mem[X,0x000000000000100E] -> 0x0182
[3] [M]: 0x000000000000100C (0x0182B283) ld t0, 0x18(t0)
mem[R,0x0000000000001018] -> 0x0000000080000000
x5 <- 0x0000000080000000

mem[X,0x0000000000001010] -> 0x8067
mem[X,0x0000000000001012] -> 0x0002
[4] [M]: 0x0000000000001010 (0x00028067) jalr zero, 0x0(t0)

mem[X,0x0000000080000000] -> 0x0837
mem[X,0x0000000080000002] -> 0x7D5C
[5] [M]: 0x0000000080000000 (0x7D5C0837) lui a6, 0x7d5c0
x16 <- 0x000000007D5C0000

mem[X,0x0000000080000004] -> 0x0813
mem[X,0x0000000080000006] -> 0xDDB8
[6] [M]: 0x0000000080000004 (0xDDB80813) addi a6, a6, -0x225
x16 <- 0x000000007D5BFDDB

mem[X,0x0000000080000008] -> 0x1813
mem[X,0x000000008000000A] -> 0x00B8
[7] [M]: 0x0000000080000008 (0x00B81813) slli a6, a6, 0xb
x16 <- 0x000003EADFEED800

mem[X,0x000000008000000C] -> 0x0813
mem[X,0x000000008000000E] -> 0x3EA8
[8] [M]: 0x000000008000000C (0x3EA80813) addi a6, a6, 0x3ea
x16 <- 0x000003EADFEEDBEA

mem[X,0x0000000080000010] -> 0x1813
mem[X,0x0000000080000012] -> 0x00B8
[9] [M]: 0x0000000080000010 (0x00B81813) slli a6, a6, 0xb
x16 <- 0x001F56FF76DF5000

mem[X,0x0000000080000014] -> 0x0813
mem[X,0x0000000080000016] -> 0x6FF8
[10] [M]: 0x0000000080000014 (0x6FF80813) addi a6, a6, 0x6ff
x16 <- 0x001F56FF76DF56FF

mem[X,0x0000000080000018] -> 0x1813
mem[X,0x000000008000001A] -> 0x00A8
[11] [M]: 0x0000000080000018 (0x00A81813) slli a6, a6, 0xa
x16 <- 0x7D5BFDDB7D5BFC00

mem[X,0x000000008000001C] -> 0x0813
mem[X,0x000000008000001E] -> 0x1DB8
[12] [M]: 0x000000008000001C (0x1DB80813) addi a6, a6, 0x1db
x16 <- 0x7D5BFDDB7D5BFDDB

mem[X,0x0000000080000020] -> 0x5893
mem[X,0x0000000080000022] -> 0x0078
[13] [M]: 0x0000000080000020 (0x00785893) srli a7, a6, 0x7
x17 <- 0x00FAB7FBB6FAB7FB

mem[X,0x0000000080000024] -> 0x5793
mem[X,0x0000000080000026] -> 0x0398
[14] [M]: 0x0000000080000024 (0x03985793) srli a5, a6, 0x39
x15 <- 0x000000000000003E

mem[X,0x0000000080000028] -> 0xE8B3
mem[X,0x000000008000002A] -> 0x00F8
[15] [M]: 0x0000000080000028 (0x00F8E8B3) or a7, a7, a5
x17 <- 0x00FAB7FBB6FAB7FF

mem[X,0x000000008000002C] -> 0xD913
mem[X,0x000000008000002E] -> 0x0078
[16] [M]: 0x000000008000002C (0x0078D913) srli s2, a7, 0x7
x18 <- 0x0001F56FF76DF56F

mem[X,0x0000000080000030] -> 0xD793
mem[X,0x0000000080000032] -> 0x0398
[17] [M]: 0x0000000080000030 (0x0398D793) srli a5, a7, 0x39
x15 <- 0x0000000000000000

mem[X,0x0000000080000034] -> 0x6933
mem[X,0x0000000080000036] -> 0x00F9
[18] [M]: 0x0000000080000034 (0x00F96933) or s2, s2, a5
x18 <- 0x0001F56FF76DF56F

mem[X,0x0000000080000038] -> 0x5993
mem[X,0x000000008000003A] -> 0x0079
[19] [M]: 0x0000000080000038 (0x00795993) srli s3, s2, 0x7
x19 <- 0x000003EADFEEDBEA

mem[X,0x000000008000003C] -> 0x5793
mem[X,0x000000008000003E] -> 0x0399
[20] [M]: 0x000000008000003C (0x03995793) srli a5, s2, 0x39
x15 <- 0x0000000000000000

mem[X,0x0000000080000040] -> 0xE9B3
mem[X,0x0000000080000042] -> 0x00F9
[21] [M]: 0x0000000080000040 (0x00F9E9B3) or s3, s3, a5
x19 <- 0x000003EADFEEDBEA

mem[X,0x0000000080000044] -> 0xDA13
mem[X,0x0000000080000046] -> 0x0079
[22] [M]: 0x0000000080000044 (0x0079DA13) srli s4, s3, 0x7
x20 <- 0x00000007D5BFDDB7

mem[X,0x0000000080000048] -> 0xD793
mem[X,0x000000008000004A] -> 0x0399
[23] [M]: 0x0000000080000048 (0x0399D793) srli a5, s3, 0x39
x15 <- 0x0000000000000000

mem[X,0x000000008000004C] -> 0x6A33
mem[X,0x000000008000004E] -> 0x00FA
[24] [M]: 0x000000008000004C (0x00FA6A33) or s4, s4, a5
x20 <- 0x00000007D5BFDDB7

mem[X,0x0000000080000050] -> 0x5A93
mem[X,0x0000000080000052] -> 0x007A
[25] [M]: 0x0000000080000050 (0x007A5A93) srli s5, s4, 0x7
x21 <- 0x000000000FAB7FBB

mem[X,0x0000000080000054] -> 0x5793
mem[X,0x0000000080000056] -> 0x039A
[26] [M]: 0x0000000080000054 (0x039A5793) srli a5, s4, 0x39
x15 <- 0x0000000000000000

mem[X,0x0000000080000058] -> 0xEAB3
mem[X,0x000000008000005A] -> 0x00FA
[27] [M]: 0x0000000080000058 (0x00FAEAB3) or s5, s5, a5
x21 <- 0x000000000FAB7FBB

mem[X,0x000000008000005C] -> 0xDB13
mem[X,0x000000008000005E] -> 0x007A
[28] [M]: 0x000000008000005C (0x007ADB13) srli s6, s5, 0x7
x22 <- 0x00000000001F56FF

mem[X,0x0000000080000060] -> 0xD793
mem[X,0x0000000080000062] -> 0x039A
[29] [M]: 0x0000000080000060 (0x039AD793) srli a5, s5, 0x39
x15 <- 0x0000000000000000

mem[X,0x0000000080000064] -> 0x6B33
mem[X,0x0000000080000066] -> 0x00FB
[30] [M]: 0x0000000080000064 (0x00FB6B33) or s6, s6, a5
x22 <- 0x00000000001F56FF

mem[X,0x0000000080000068] -> 0x5B93
mem[X,0x000000008000006A] -> 0x007B
[31] [M]: 0x0000000080000068 (0x007B5B93) srli s7, s6, 0x7
x23 <- 0x0000000000003EAD

mem[X,0x000000008000006C] -> 0x5793
mem[X,0x000000008000006E] -> 0x039B
[32] [M]: 0x000000008000006C (0x039B5793) srli a5, s6, 0x39
x15 <- 0x0000000000000000

mem[X,0x0000000080000070] -> 0xEBB3
mem[X,0x0000000080000072] -> 0x00FB
[33] [M]: 0x0000000080000070 (0x00FBEBB3) or s7, s7, a5
x23 <- 0x0000000000003EAD

mem[X,0x0000000080000074] -> 0xDC13
mem[X,0x0000000080000076] -> 0x007B
[34] [M]: 0x0000000080000074 (0x007BDC13) srli s8, s7, 0x7
x24 <- 0x000000000000007D

mem[X,0x0000000080000078] -> 0xD793
mem[X,0x000000008000007A] -> 0x039B
[35] [M]: 0x0000000080000078 (0x039BD793) srli a5, s7, 0x39
x15 <- 0x0000000000000000

mem[X,0x000000008000007C] -> 0x6C33
mem[X,0x000000008000007E] -> 0x00FC
[36] [M]: 0x000000008000007C (0x00FC6C33) or s8, s8, a5
x24 <- 0x000000000000007D

mem[X,0x0000000080000080] -> 0x5C93
mem[X,0x0000000080000082] -> 0x007C
[37] [M]: 0x0000000080000080 (0x007C5C93) srli s9, s8, 0x7
x25 <- 0x0000000000000000

mem[X,0x0000000080000084] -> 0x5793
mem[X,0x0000000080000086] -> 0x039C
[38] [M]: 0x0000000080000084 (0x039C5793) srli a5, s8, 0x39
x15 <- 0x0000000000000000

mem[X,0x0000000080000088] -> 0xECB3
mem[X,0x000000008000008A] -> 0x00FC
[39] [M]: 0x0000000080000088 (0x00FCECB3) or s9, s9, a5
x25 <- 0x0000000000000000

mem[X,0x000000008000008C] -> 0xDD13
mem[X,0x000000008000008E] -> 0x007C
[40] [M]: 0x000000008000008C (0x007CDD13) srli s10, s9, 0x7
x26 <- 0x0000000000000000

mem[X,0x0000000080000090] -> 0xD793
mem[X,0x0000000080000092] -> 0x039C
[41] [M]: 0x0000000080000090 (0x039CD793) srli a5, s9, 0x39
x15 <- 0x0000000000000000

mem[X,0x0000000080000094] -> 0x6D33
mem[X,0x0000000080000096] -> 0x00FD
[42] [M]: 0x0000000080000094 (0x00FD6D33) or s10, s10, a5
x26 <- 0x0000000000000000

mem[X,0x0000000080000098] -> 0x5D93
mem[X,0x000000008000009A] -> 0x007D
[43] [M]: 0x0000000080000098 (0x007D5D93) srli s11, s10, 0x7
x27 <- 0x0000000000000000

mem[X,0x000000008000009C] -> 0x5793
mem[X,0x000000008000009E] -> 0x039D
[44] [M]: 0x000000008000009C (0x039D5793) srli a5, s10, 0x39
x15 <- 0x0000000000000000

mem[X,0x00000000800000A0] -> 0xEDB3
mem[X,0x00000000800000A2] -> 0x00FD
[45] [M]: 0x00000000800000A0 (0x00FDEDB3) or s11, s11, a5
x27 <- 0x0000000000000000

mem[X,0x00000000800000A4] -> 0xDE13
mem[X,0x00000000800000A6] -> 0x007D
[46] [M]: 0x00000000800000A4 (0x007DDE13) srli t3, s11, 0x7
x28 <- 0x0000000000000000

mem[X,0x00000000800000A8] -> 0xD793
mem[X,0x00000000800000AA] -> 0x039D
[47] [M]: 0x00000000800000A8 (0x039DD793) srli a5, s11, 0x39
x15 <- 0x0000000000000000

mem[X,0x00000000800000AC] -> 0x6E33
mem[X,0x00000000800000AE] -> 0x00FE
[48] [M]: 0x00000000800000AC (0x00FE6E33) or t3, t3, a5
x28 <- 0x0000000000000000

mem[X,0x00000000800000B0] -> 0x5E93
mem[X,0x00000000800000B2] -> 0x007E
[49] [M]: 0x00000000800000B0 (0x007E5E93) srli t4, t3, 0x7
x29 <- 0x0000000000000000

mem[X,0x00000000800000B4] -> 0x5793
mem[X,0x00000000800000B6] -> 0x039E
[50] [M]: 0x00000000800000B4 (0x039E5793) srli a5, t3, 0x39
x15 <- 0x0000000000000000

mem[X,0x00000000800000B8] -> 0xEEB3
mem[X,0x00000000800000BA] -> 0x00FE
[51] [M]: 0x00000000800000B8 (0x00FEEEB3) or t4, t4, a5
x29 <- 0x0000000000000000

mem[X,0x00000000800000BC] -> 0xDF13
mem[X,0x00000000800000BE] -> 0x007E
[52] [M]: 0x00000000800000BC (0x007EDF13) srli t5, t4, 0x7
x30 <- 0x0000000000000000

mem[X,0x00000000800000C0] -> 0xD793
mem[X,0x00000000800000C2] -> 0x039E
[53] [M]: 0x00000000800000C0 (0x039ED793) srli a5, t4, 0x39
x15 <- 0x0000000000000000

mem[X,0x00000000800000C4] -> 0x6F33
mem[X,0x00000000800000C6] -> 0x00FF
[54] [M]: 0x00000000800000C4 (0x00FF6F33) or t5, t5, a5
x30 <- 0x0000000000000000

mem[X,0x00000000800000C8] -> 0xC0B7
mem[X,0x00000000800000CA] -> 0xFEED
[55] [M]: 0x00000000800000C8 (0xFEEDC0B7) lui ra, -0x1124
x1 <- 0xFFFFFFFFFEEDC000

mem[X,0x00000000800000CC] -> 0x8093
mem[X,0x00000000800000CE] -> 0xEAD0
[56] [M]: 0x00000000800000CC (0xEAD08093) addi ra, ra, -0x153
x1 <- 0xFFFFFFFFFEEDBEAD

mem[X,0x00000000800000D0] -> 0x9093
mem[X,0x00000000800000D2] -> 0x00B0
[57] [M]: 0x00000000800000D0 (0x00B09093) slli ra, ra, 0xb
x1 <- 0xFFFFFFF76DF56800

mem[X,0x00000000800000D4] -> 0x8093
mem[X,0x00000000800000D6] -> 0x7F70
[58] [M]: 0x00000000800000D4 (0x7F708093) addi ra, ra, 0x7f7
x1 <- 0xFFFFFFF76DF56FF7

mem[X,0x00000000800000D8] -> 0x9093
mem[X,0x00000000800000DA] -> 0x00B0
[59] [M]: 0x00000000800000D8 (0x00B09093) slli ra, ra, 0xb
x1 <- 0xFFFFBB6FAB7FB800

mem[X,0x00000000800000DC] -> 0x8093
mem[X,0x00000000800000DE] -> 0x36F0
[60] [M]: 0x00000000800000DC (0x36F08093) addi ra, ra, 0x36f
x1 <- 0xFFFFBB6FAB7FBB6F

mem[X,0x00000000800000E0] -> 0x9093
mem[X,0x00000000800000E2] -> 0x00A0
[61] [M]: 0x00000000800000E0 (0x00A09093) slli ra, ra, 0xa
x1 <- 0xFEEDBEADFEEDBC00

mem[X,0x00000000800000E4] -> 0x8093
mem[X,0x00000000800000E6] -> 0x2AD0
[62] [M]: 0x00000000800000E4 (0x2AD08093) addi ra, ra, 0x2ad
x1 <- 0xFEEDBEADFEEDBEAD

mem[X,0x00000000800000E8] -> 0xD113
mem[X,0x00000000800000EA] -> 0x0070
[63] [M]: 0x00000000800000E8 (0x0070D113) srli sp, ra, 0x7
x2 <- 0x01FDDB7D5BFDDB7D

mem[X,0x00000000800000EC] -> 0xD793
mem[X,0x00000000800000EE] -> 0x0390
[64] [M]: 0x00000000800000EC (0x0390D793) srli a5, ra, 0x39
x15 <- 0x000000000000007F

mem[X,0x00000000800000F0] -> 0x6133
mem[X,0x00000000800000F2] -> 0x00F1
[65] [M]: 0x00000000800000F0 (0x00F16133) or sp, sp, a5
x2 <- 0x01FDDB7D5BFDDB7F

mem[X,0x00000000800000F4] -> 0x5193
mem[X,0x00000000800000F6] -> 0x0071
[66] [M]: 0x00000000800000F4 (0x00715193) srli gp, sp, 0x7
x3 <- 0x0003FBB6FAB7FBB6

mem[X,0x00000000800000F8] -> 0x5793
mem[X,0x00000000800000FA] -> 0x0391
[67] [M]: 0x00000000800000F8 (0x03915793) srli a5, sp, 0x39
x15 <- 0x0000000000000000

mem[X,0x00000000800000FC] -> 0xE1B3
mem[X,0x00000000800000FE] -> 0x00F1
[68] [M]: 0x00000000800000FC (0x00F1E1B3) or gp, gp, a5
x3 <- 0x0003FBB6FAB7FBB6

mem[X,0x0000000080000100] -> 0xD213
mem[X,0x0000000080000102] -> 0x0071
[69] [M]: 0x0000000080000100 (0x0071D213) srli tp, gp, 0x7
x4 <- 0x000007F76DF56FF7

mem[X,0x0000000080000104] -> 0xD793
mem[X,0x0000000080000106] -> 0x0391
[70] [M]: 0x0000000080000104 (0x0391D793) srli a5, gp, 0x39
x15 <- 0x0000000000000000

mem[X,0x0000000080000108] -> 0x6233
mem[X,0x000000008000010A] -> 0x00F2
[71] [M]: 0x0000000080000108 (0x00F26233) or tp, tp, a5
x4 <- 0x000007F76DF56FF7

mem[X,0x000000008000010C] -> 0x5293
mem[X,0x000000008000010E] -> 0x0072
[72] [M]: 0x000000008000010C (0x00725293) srli t0, tp, 0x7
x5 <- 0x0000000FEEDBEADF

mem[X,0x0000000080000110] -> 0x5793
mem[X,0x0000000080000112] -> 0x0392
[73] [M]: 0x0000000080000110 (0x03925793) srli a5, tp, 0x39
x15 <- 0x0000000000000000

mem[X,0x0000000080000114] -> 0xE2B3
mem[X,0x0000000080000116] -> 0x00F2
[74] [M]: 0x0000000080000114 (0x00F2E2B3) or t0, t0, a5
x5 <- 0x0000000FEEDBEADF

mem[X,0x0000000080000118] -> 0xD313
mem[X,0x000000008000011A] -> 0x0072
[75] [M]: 0x0000000080000118 (0x0072D313) srli t1, t0, 0x7
x6 <- 0x000000001FDDB7D5

mem[X,0x000000008000011C] -> 0xD793
mem[X,0x000000008000011E] -> 0x0392
[76] [M]: 0x000000008000011C (0x0392D793) srli a5, t0, 0x39
x15 <- 0x0000000000000000

mem[X,0x0000000080000120] -> 0x6333
mem[X,0x0000000080000122] -> 0x00F3
[77] [M]: 0x0000000080000120 (0x00F36333) or t1, t1, a5
x6 <- 0x000000001FDDB7D5

mem[X,0x0000000080000124] -> 0x5393
mem[X,0x0000000080000126] -> 0x0073
[78] [M]: 0x0000000080000124 (0x00735393) srli t2, t1, 0x7
x7 <- 0x00000000003FBB6F

mem[X,0x0000000080000128] -> 0x5793
mem[X,0x000000008000012A] -> 0x0393
[79] [M]: 0x0000000080000128 (0x03935793) srli a5, t1, 0x39
x15 <- 0x0000000000000000

mem[X,0x000000008000012C] -> 0xE3B3
mem[X,0x000000008000012E] -> 0x00F3
[80] [M]: 0x000000008000012C (0x00F3E3B3) or t2, t2, a5
x7 <- 0x00000000003FBB6F

mem[X,0x0000000080000130] -> 0xD413
mem[X,0x0000000080000132] -> 0x0073
[81] [M]: 0x0000000080000130 (0x0073D413) srli fp, t2, 0x7
x8 <- 0x0000000000007F76

mem[X,0x0000000080000134] -> 0xD793
mem[X,0x0000000080000136] -> 0x0393
[82] [M]: 0x0000000080000134 (0x0393D793) srli a5, t2, 0x39
x15 <- 0x0000000000000000

mem[X,0x0000000080000138] -> 0x6433
mem[X,0x000000008000013A] -> 0x00F4
[83] [M]: 0x0000000080000138 (0x00F46433) or fp, fp, a5
x8 <- 0x0000000000007F76

mem[X,0x000000008000013C] -> 0x5493
mem[X,0x000000008000013E] -> 0x0074
[84] [M]: 0x000000008000013C (0x00745493) srli s1, fp, 0x7
x9 <- 0x00000000000000FE

mem[X,0x0000000080000140] -> 0x5793
mem[X,0x0000000080000142] -> 0x0394
[85] [M]: 0x0000000080000140 (0x03945793) srli a5, fp, 0x39
x15 <- 0x0000000000000000

mem[X,0x0000000080000144] -> 0xE4B3
mem[X,0x0000000080000146] -> 0x00F4
[86] [M]: 0x0000000080000144 (0x00F4E4B3) or s1, s1, a5
x9 <- 0x00000000000000FE

mem[X,0x0000000080000148] -> 0xD513
mem[X,0x000000008000014A] -> 0x0074
[87] [M]: 0x0000000080000148 (0x0074D513) srli a0, s1, 0x7
x10 <- 0x0000000000000001

mem[X,0x000000008000014C] -> 0xD793
mem[X,0x000000008000014E] -> 0x0394
[88] [M]: 0x000000008000014C (0x0394D793) srli a5, s1, 0x39
x15 <- 0x0000000000000000

mem[X,0x0000000080000150] -> 0x6533
mem[X,0x0000000080000152] -> 0x00F5
[89] [M]: 0x0000000080000150 (0x00F56533) or a0, a0, a5
x10 <- 0x0000000000000001

mem[X,0x0000000080000154] -> 0x5593
mem[X,0x0000000080000156] -> 0x0075
[90] [M]: 0x0000000080000154 (0x00755593) srli a1, a0, 0x7
x11 <- 0x0000000000000000

mem[X,0x0000000080000158] -> 0x5793
mem[X,0x000000008000015A] -> 0x0395
[91] [M]: 0x0000000080000158 (0x03955793) srli a5, a0, 0x39
x15 <- 0x0000000000000000

mem[X,0x000000008000015C] -> 0xE5B3
mem[X,0x000000008000015E] -> 0x00F5
[92] [M]: 0x000000008000015C (0x00F5E5B3) or a1, a1, a5
x11 <- 0x0000000000000000

mem[X,0x0000000080000160] -> 0xD613
mem[X,0x0000000080000162] -> 0x0075
[93] [M]: 0x0000000080000160 (0x0075D613) srli a2, a1, 0x7
x12 <- 0x0000000000000000

mem[X,0x0000000080000164] -> 0xD793
mem[X,0x0000000080000166] -> 0x0395
[94] [M]: 0x0000000080000164 (0x0395D793) srli a5, a1, 0x39
x15 <- 0x0000000000000000

mem[X,0x0000000080000168] -> 0x6633
mem[X,0x000000008000016A] -> 0x00F6
[95] [M]: 0x0000000080000168 (0x00F66633) or a2, a2, a5
x12 <- 0x0000000000000000

mem[X,0x000000008000016C] -> 0x5693
mem[X,0x000000008000016E] -> 0x0076
[96] [M]: 0x000000008000016C (0x00765693) srli a3, a2, 0x7
x13 <- 0x0000000000000000

mem[X,0x0000000080000170] -> 0x5793
mem[X,0x0000000080000172] -> 0x0396
[97] [M]: 0x0000000080000170 (0x03965793) srli a5, a2, 0x39
x15 <- 0x0000000000000000

mem[X,0x0000000080000174] -> 0xE6B3
mem[X,0x0000000080000176] -> 0x00F6
[98] [M]: 0x0000000080000174 (0x00F6E6B3) or a3, a3, a5
x13 <- 0x0000000000000000

mem[X,0x0000000080000178] -> 0x0013
mem[X,0x000000008000017A] -> 0x0000
[99] [M]: 0x0000000080000178 (0x00000013) addi zero, zero, 0x0

clint::tick mtime <- 0x0000000000000001
 clint timer pending at mtime 0x0000000000000001
htif::tick 0x0000000000000000
mem[X,0x000000008000017C] -> 0x0013
mem[X,0x000000008000017E] -> 0x0000
[100] [M]: 0x000000008000017C (0x00000013) addi zero, zero, 0x0

mem[X,0x0000000080000180] -> 0x4297
mem[X,0x0000000080000182] -> 0x0000
[101] [M]: 0x0000000080000180 (0x00004297) auipc t0, 0x4
x5 <- 0x0000000080004180

mem[X,0x0000000080000184] -> 0x8293
mem[X,0x0000000080000186] -> 0xF982
[102] [M]: 0x0000000080000184 (0xF9828293) addi t0, t0, -0x68
x5 <- 0x0000000080004118

mem[X,0x0000000080000188] -> 0x0013
mem[X,0x000000008000018A] -> 0x0000
[103] [M]: 0x0000000080000188 (0x00000013) addi zero, zero, 0x0

mem[X,0x000000008000018C] -> 0x0013
mem[X,0x000000008000018E] -> 0x0000
[104] [M]: 0x000000008000018C (0x00000013) addi zero, zero, 0x0

mem[X,0x0000000080000190] -> 0x0013
mem[X,0x0000000080000192] -> 0x0000
[105] [M]: 0x0000000080000190 (0x00000013) addi zero, zero, 0x0

mem[X,0x0000000080000194] -> 0x0013
mem[X,0x0000000080000196] -> 0x0000
[106] [M]: 0x0000000080000194 (0x00000013) addi zero, zero, 0x0

mem[X,0x0000000080000198] -> 0x0013
mem[X,0x000000008000019A] -> 0x0000
[107] [M]: 0x0000000080000198 (0x00000013) addi zero, zero, 0x0

mem[X,0x000000008000019C] -> 0x0013
mem[X,0x000000008000019E] -> 0x0000
[108] [M]: 0x000000008000019C (0x00000013) addi zero, zero, 0x0

mem[X,0x00000000800001A0] -> 0x0FB7
mem[X,0x00000000800001A2] -> 0xFFC0
[109] [M]: 0x00000000800001A0 (0xFFC00FB7) lui t6, -0x400
x31 <- 0xFFFFFFFFFFC00000

mem[X,0x00000000800001A4] -> 0x8F93
mem[X,0x00000000800001A6] -> 0xFFBF
[110] [M]: 0x00000000800001A4 (0xFFBF8F93) addi t6, t6, -0x5
x31 <- 0xFFFFFFFFFFBFFFFB

mem[X,0x00000000800001A8] -> 0x9F93
mem[X,0x00000000800001AA] -> 0x00BF
[111] [M]: 0x00000000800001A8 (0x00BF9F93) slli t6, t6, 0xb
x31 <- 0xFFFFFFFDFFFFD800

mem[X,0x00000000800001AC] -> 0x8F93
mem[X,0x00000000800001AE] -> 0x100F
[112] [M]: 0x00000000800001AC (0x100F8F93) addi t6, t6, 0x100
x31 <- 0xFFFFFFFDFFFFD900

mem[X,0x00000000800001B0] -> 0x9F93
mem[X,0x00000000800001B2] -> 0x00BF
[113] [M]: 0x00000000800001B0 (0x00BF9F93) slli t6, t6, 0xb
x31 <- 0xFFFFEFFFFEC80000

mem[X,0x00000000800001B4] -> 0x8F93
mem[X,0x00000000800001B6] -> 0x020F
[114] [M]: 0x00000000800001B4 (0x020F8F93) addi t6, t6, 0x20
x31 <- 0xFFFFEFFFFEC80020

mem[X,0x00000000800001B8] -> 0x9F93
mem[X,0x00000000800001BA] -> 0x00AF
[115] [M]: 0x00000000800001B8 (0x00AF9F93) slli t6, t6, 0xa
x31 <- 0xFFBFFFFB20008000

mem[X,0x00000000800001BC] -> 0x0237
mem[X,0x00000000800001BE] -> 0xC001
[116] [M]: 0x00000000800001BC (0xC0010237) lui tp, -0x3fff0
x4 <- 0xFFFFFFFFC0010000

mem[X,0x00000000800001C0] -> 0x0213
mem[X,0x00000000800001C2] -> 0xFDF2
[117] [M]: 0x00000000800001C0 (0xFDF20213) addi tp, tp, -0x21
x4 <- 0xFFFFFFFFC000FFDF

mem[X,0x00000000800001C4] -> 0x1213
mem[X,0x00000000800001C6] -> 0x00B2
[118] [M]: 0x00000000800001C4 (0x00B21213) slli tp, tp, 0xb
x4 <- 0xFFFFFE0007FEF800

mem[X,0x00000000800001C8] -> 0x0213
mem[X,0x00000000800001CA] -> 0x7F72
[119] [M]: 0x00000000800001C8 (0x7F720213) addi tp, tp, 0x7f7
x4 <- 0xFFFFFE0007FEFFF7

mem[X,0x00000000800001CC] -> 0x1213
mem[X,0x00000000800001CE] -> 0x00B2
[120] [M]: 0x00000000800001CC (0x00B21213) slli tp, tp, 0xb
x4 <- 0xFFF0003FF7FFB800

mem[X,0x00000000800001D0] -> 0x0213
mem[X,0x00000000800001D2] -> 0x7F72
[121] [M]: 0x00000000800001D0 (0x7F720213) addi tp, tp, 0x7f7
x4 <- 0xFFF0003FF7FFBFF7

mem[X,0x00000000800001D4] -> 0x1213
mem[X,0x00000000800001D6] -> 0x00A2
[122] [M]: 0x00000000800001D4 (0x00A21213) slli tp, tp, 0xa
x4 <- 0xC000FFDFFEFFDC00

mem[X,0x00000000800001D8] -> 0x0213
mem[X,0x00000000800001DA] -> 0x3FF2
[123] [M]: 0x00000000800001D8 (0x3FF20213) addi tp, tp, 0x3ff
x4 <- 0xC000FFDFFEFFDFFF

mem[X,0x00000000800001DC] -> 0x86BB
mem[X,0x00000000800001DE] -> 0xE84F
[124] [M]: 0x00000000800001DC (0xE84F86BB) pdifu.h a3, t6, tp
x13 <- 0x3FBF001C21015FFF

mem[X,0x00000000800001E0] -> 0xB023
mem[X,0x00000000800001E2] -> 0x00D2
[125] [M]: 0x00000000800001E0 (0x00D2B023) sd a3, 0x0(t0)
mem[0x0000000080004118] <- 0x3FBF001C21015FFF

mem[X,0x00000000800001E4] -> 0x8CB7
mem[X,0x00000000800001E6] -> 0x0000
[126] [M]: 0x00000000800001E4 (0x00008CB7) lui s9, 0x8
x25 <- 0x0000000000008000

mem[X,0x00000000800001E8] -> 0x8C93
mem[X,0x00000000800001EA] -> 0xFFFC
[127] [M]: 0x00000000800001E8 (0xFFFC8C93) addi s9, s9, -0x1
x25 <- 0x0000000000007FFF

mem[X,0x00000000800001EC] -> 0x9C93
mem[X,0x00000000800001EE] -> 0x00BC
[128] [M]: 0x00000000800001EC (0x00BC9C93) slli s9, s9, 0xb
x25 <- 0x0000000003FFF800

mem[X,0x00000000800001F0] -> 0x8C93
mem[X,0x00000000800001F2] -> 0x400C
[129] [M]: 0x00000000800001F0 (0x400C8C93) addi s9, s9, 0x400
x25 <- 0x0000000003FFFC00

mem[X,0x00000000800001F4] -> 0x9C93
mem[X,0x00000000800001F6] -> 0x00BC
[130] [M]: 0x00000000800001F4 (0x00BC9C93) slli s9, s9, 0xb
x25 <- 0x0000001FFFE00000

mem[X,0x00000000800001F8] -> 0x8C93
mem[X,0x00000000800001FA] -> 0x03FC
[131] [M]: 0x00000000800001F8 (0x03FC8C93) addi s9, s9, 0x3f
x25 <- 0x0000001FFFE0003F

mem[X,0x00000000800001FC] -> 0x9C93
mem[X,0x00000000800001FE] -> 0x00AC
[132] [M]: 0x00000000800001FC (0x00AC9C93) slli s9, s9, 0xa
x25 <- 0x00007FFF8000FC00

mem[X,0x0000000080000200] -> 0x8C93
mem[X,0x0000000080000202] -> 0x3FFC
[133] [M]: 0x0000000080000200 (0x3FFC8C93) addi s9, s9, 0x3ff
x25 <- 0x00007FFF8000FFFF

mem[X,0x0000000080000204] -> 0x25B7
mem[X,0x0000000080000206] -> 0xFFFB
[134] [M]: 0x0000000080000204 (0xFFFB25B7) lui a1, -0x4e
x11 <- 0xFFFFFFFFFFFB2000

mem[X,0x0000000080000208] -> 0x8593
mem[X,0x000000008000020A] -> 0x0005
[135] [M]: 0x0000000080000208 (0x00058593) addi a1, a1, 0x0
x11 <- 0xFFFFFFFFFFFB2000

mem[X,0x000000008000020C] -> 0x9593
mem[X,0x000000008000020E] -> 0x00B5
[136] [M]: 0x000000008000020C (0x00B59593) slli a1, a1, 0xb
x11 <- 0xFFFFFFFFD9000000

mem[X,0x0000000080000210] -> 0x8593
mem[X,0x0000000080000212] -> 0x7FF5
[137] [M]: 0x0000000080000210 (0x7FF58593) addi a1, a1, 0x7ff
x11 <- 0xFFFFFFFFD90007FF

mem[X,0x0000000080000214] -> 0x9593
mem[X,0x0000000080000216] -> 0x00B5
[138] [M]: 0x0000000080000214 (0x00B59593) slli a1, a1, 0xb
x11 <- 0xFFFFFEC8003FF800

mem[X,0x0000000080000218] -> 0x8593
mem[X,0x000000008000021A] -> 0x6005
[139] [M]: 0x0000000080000218 (0x60058593) addi a1, a1, 0x600
x11 <- 0xFFFFFEC8003FFE00

mem[X,0x000000008000021C] -> 0x9593
mem[X,0x000000008000021E] -> 0x00A5
[140] [M]: 0x000000008000021C (0x00A59593) slli a1, a1, 0xa
x11 <- 0xFFFB2000FFF80000

mem[X,0x0000000080000220] -> 0x8593
mem[X,0x0000000080000222] -> 0x0045
[141] [M]: 0x0000000080000220 (0x00458593) addi a1, a1, 0x4
x11 <- 0xFFFB2000FFF80004

mem[X,0x0000000080000224] -> 0x85BB
mem[X,0x0000000080000226] -> 0xE8BC
[142] [M]: 0x0000000080000224 (0xE8BC85BB) pdifu.h a1, s9, a1
x11 <- 0x00055FFF7FF80005

mem[X,0x0000000080000228] -> 0xB423
mem[X,0x000000008000022A] -> 0x00B2
[143] [M]: 0x0000000080000228 (0x00B2B423) sd a1, 0x8(t0)
mem[0x0000000080004120] <- 0x00055FFF7FF80005

mem[X,0x000000008000022C] -> 0x0137
mem[X,0x000000008000022E] -> 0x0000
[144] [M]: 0x000000008000022C (0x00000137) lui sp, 0x0
x2 <- 0x0000000000000000

mem[X,0x0000000080000230] -> 0x0113
mem[X,0x0000000080000232] -> 0x0021
[145] [M]: 0x0000000080000230 (0x00210113) addi sp, sp, 0x2
x2 <- 0x0000000000000002

mem[X,0x0000000080000234] -> 0x1113
mem[X,0x0000000080000236] -> 0x00B1
[146] [M]: 0x0000000080000234 (0x00B11113) slli sp, sp, 0xb
x2 <- 0x0000000000001000

mem[X,0x0000000080000238] -> 0x0113
mem[X,0x000000008000023A] -> 0x7FF1
[147] [M]: 0x0000000080000238 (0x7FF10113) addi sp, sp, 0x7ff
x2 <- 0x00000000000017FF

mem[X,0x000000008000023C] -> 0x1113
mem[X,0x000000008000023E] -> 0x00B1
[148] [M]: 0x000000008000023C (0x00B11113) slli sp, sp, 0xb
x2 <- 0x0000000000BFF800

mem[X,0x0000000080000240] -> 0x0113
mem[X,0x0000000080000242] -> 0x7401
[149] [M]: 0x0000000080000240 (0x74010113) addi sp, sp, 0x740
x2 <- 0x0000000000BFFF40

mem[X,0x0000000080000244] -> 0x1113
mem[X,0x0000000080000246] -> 0x00A1
[150] [M]: 0x0000000080000244 (0x00A11113) slli sp, sp, 0xa
x2 <- 0x00000002FFFD0000

mem[X,0x0000000080000248] -> 0x0137
mem[X,0x000000008000024A] -> 0xFFBF
[151] [M]: 0x0000000080000248 (0xFFBF0137) lui sp, -0x410
x2 <- 0xFFFFFFFFFFBF0000

mem[X,0x000000008000024C] -> 0x0113
mem[X,0x000000008000024E] -> 0x4001
[152] [M]: 0x000000008000024C (0x40010113) addi sp, sp, 0x400
x2 <- 0xFFFFFFFFFFBF0400

mem[X,0x0000000080000250] -> 0x1113
mem[X,0x0000000080000252] -> 0x00B1
[153] [M]: 0x0000000080000250 (0x00B11113) slli sp, sp, 0xb
x2 <- 0xFFFFFFFDF8200000

mem[X,0x0000000080000254] -> 0x0113
mem[X,0x0000000080000256] -> 0x7F71
[154] [M]: 0x0000000080000254 (0x7F710113) addi sp, sp, 0x7f7
x2 <- 0xFFFFFFFDF82007F7

mem[X,0x0000000080000258] -> 0x1113
mem[X,0x000000008000025A] -> 0x00B1
[155] [M]: 0x0000000080000258 (0x00B11113) slli sp, sp, 0xb
x2 <- 0xFFFFEFC1003FB800

mem[X,0x000000008000025C] -> 0x0113
mem[X,0x000000008000025E] -> 0x7FF1
[156] [M]: 0x000000008000025C (0x7FF10113) addi sp, sp, 0x7ff
x2 <- 0xFFFFEFC1003FBFFF

mem[X,0x0000000080000260] -> 0x1113
mem[X,0x0000000080000262] -> 0x00A1
[157] [M]: 0x0000000080000260 (0x00A11113) slli sp, sp, 0xa
x2 <- 0xFFBF0400FEFFFC00

mem[X,0x0000000080000264] -> 0x0113
mem[X,0x0000000080000266] -> 0x3FD1
[158] [M]: 0x0000000080000264 (0x3FD10113) addi sp, sp, 0x3fd
x2 <- 0xFFBF0400FEFFFFFD

mem[X,0x0000000080000268] -> 0x01BB
mem[X,0x000000008000026A] -> 0xE821
[159] [M]: 0x0000000080000268 (0xE82101BB) pdifu.h gp, sp, sp
x3 <- 0x0000000000000000

mem[X,0x000000008000026C] -> 0xB823
mem[X,0x000000008000026E] -> 0x0032
[160] [M]: 0x000000008000026C (0x0032B823) sd gp, 0x10(t0)
mem[0x0000000080004128] <- 0x0000000000000000

mem[X,0x0000000080000270] -> 0xEF37
mem[X,0x0000000080000272] -> 0x0100
[161] [M]: 0x0000000080000270 (0x0100EF37) lui t5, 0x100e
x30 <- 0x000000000100E000

mem[X,0x0000000080000274] -> 0x0F13
mem[X,0x0000000080000276] -> 0xFFFF
[162] [M]: 0x0000000080000274 (0xFFFF0F13) addi t5, t5, -0x1
x30 <- 0x000000000100DFFF

mem[X,0x0000000080000278] -> 0x1F13
mem[X,0x000000008000027A] -> 0x00BF
[163] [M]: 0x0000000080000278 (0x00BF1F13) slli t5, t5, 0xb
x30 <- 0x0000000806FFF800

mem[X,0x000000008000027C] -> 0x0F13
mem[X,0x000000008000027E] -> 0x010F
[164] [M]: 0x000000008000027C (0x010F0F13) addi t5, t5, 0x10
x30 <- 0x0000000806FFF810

mem[X,0x0000000080000280] -> 0x1F13
mem[X,0x0000000080000282] -> 0x00BF
[165] [M]: 0x0000000080000280 (0x00BF1F13) slli t5, t5, 0xb
x30 <- 0x00004037FFC08000

mem[X,0x0000000080000284] -> 0x0F13
mem[X,0x0000000080000286] -> 0x000F
[166] [M]: 0x0000000080000284 (0x000F0F13) addi t5, t5, 0x0
x30 <- 0x00004037FFC08000

mem[X,0x0000000080000288] -> 0x1F13
mem[X,0x000000008000028A] -> 0x00AF
[167] [M]: 0x0000000080000288 (0x00AF1F13) slli t5, t5, 0xa
x30 <- 0x0100DFFF02000000

mem[X,0x000000008000028C] -> 0x0F13
mem[X,0x000000008000028E] -> 0x001F
[168] [M]: 0x000000008000028C (0x001F0F13) addi t5, t5, 0x1
x30 <- 0x0100DFFF02000001

mem[X,0x0000000080000290] -> 0x0037
mem[X,0x0000000080000292] -> 0xFFBF
[169] [M]: 0x0000000080000290 (0xFFBF0037) lui zero, -0x410

mem[X,0x0000000080000294] -> 0x0013
mem[X,0x0000000080000296] -> 0x0070
[170] [M]: 0x0000000080000294 (0x00700013) addi zero, zero, 0x7

mem[X,0x0000000080000298] -> 0x1013
mem[X,0x000000008000029A] -> 0x00B0
[171] [M]: 0x0000000080000298 (0x00B01013) slli zero, zero, 0xb

mem[X,0x000000008000029C] -> 0x0013
mem[X,0x000000008000029E] -> 0x7FF0
[172] [M]: 0x000000008000029C (0x7FF00013) addi zero, zero, 0x7ff

mem[X,0x00000000800002A0] -> 0x1013
mem[X,0x00000000800002A2] -> 0x00B0
[173] [M]: 0x00000000800002A0 (0x00B01013) slli zero, zero, 0xb

mem[X,0x00000000800002A4] -> 0x0013
mem[X,0x00000000800002A6] -> 0x5FF0
[174] [M]: 0x00000000800002A4 (0x5FF00013) addi zero, zero, 0x5ff

mem[X,0x00000000800002A8] -> 0x1013
mem[X,0x00000000800002AA] -> 0x00A0
[175] [M]: 0x00000000800002A8 (0x00A01013) slli zero, zero, 0xa

mem[X,0x00000000800002AC] -> 0x0013
mem[X,0x00000000800002AE] -> 0x3BF0
[176] [M]: 0x00000000800002AC (0x3BF00013) addi zero, zero, 0x3bf

mem[X,0x00000000800002B0] -> 0x0F3B
mem[X,0x00000000800002B2] -> 0xE80F
[177] [M]: 0x00000000800002B0 (0xE80F0F3B) pdifu.h t5, t5, zero
x30 <- 0x0100200102000001

mem[X,0x00000000800002B4] -> 0xBC23
mem[X,0x00000000800002B6] -> 0x01E2
[178] [M]: 0x00000000800002B4 (0x01E2BC23) sd t5, 0x18(t0)
mem[0x0000000080004130] <- 0x0100200102000001

mem[X,0x00000000800002B8] -> 0x0D37
mem[X,0x00000000800002BA] -> 0xFBFF
[179] [M]: 0x00000000800002B8 (0xFBFF0D37) lui s10, -0x4010
x26 <- 0xFFFFFFFFFBFF0000

mem[X,0x00000000800002BC] -> 0x0D13
mem[X,0x00000000800002BE] -> 0x008D
[180] [M]: 0x00000000800002BC (0x008D0D13) addi s10, s10, 0x8
x26 <- 0xFFFFFFFFFBFF0008

mem[X,0x00000000800002C0] -> 0x1D13
mem[X,0x00000000800002C2] -> 0x00BD
[181] [M]: 0x00000000800002C0 (0x00BD1D13) slli s10, s10, 0xb
x26 <- 0xFFFFFFDFF8004000

mem[X,0x00000000800002C4] -> 0x0D13
mem[X,0x00000000800002C6] -> 0x000D
[182] [M]: 0x00000000800002C4 (0x000D0D13) addi s10, s10, 0x0
x26 <- 0xFFFFFFDFF8004000

mem[X,0x00000000800002C8] -> 0x1D13
mem[X,0x00000000800002CA] -> 0x00BD
[183] [M]: 0x00000000800002C8 (0x00BD1D13) slli s10, s10, 0xb
x26 <- 0xFFFEFFC002000000

mem[X,0x00000000800002CC] -> 0x0D13
mem[X,0x00000000800002CE] -> 0x09FD
[184] [M]: 0x00000000800002CC (0x09FD0D13) addi s10, s10, 0x9f
x26 <- 0xFFFEFFC00200009F

mem[X,0x00000000800002D0] -> 0x1D13
mem[X,0x00000000800002D2] -> 0x00AD
[185] [M]: 0x00000000800002D0 (0x00AD1D13) slli s10, s10, 0xa
x26 <- 0xFBFF000800027C00

mem[X,0x00000000800002D4] -> 0x0D13
mem[X,0x00000000800002D6] -> 0x3FFD
[186] [M]: 0x00000000800002D4 (0x3FFD0D13) addi s10, s10, 0x3ff
x26 <- 0xFBFF000800027FFF

mem[X,0x00000000800002D8] -> 0x0D37
mem[X,0x00000000800002DA] -> 0x0005
[187] [M]: 0x00000000800002D8 (0x00050D37) lui s10, 0x50
x26 <- 0x0000000000050000

mem[X,0x00000000800002DC] -> 0x0D13
mem[X,0x00000000800002DE] -> 0xBFFD
[188] [M]: 0x00000000800002DC (0xBFFD0D13) addi s10, s10, -0x401
x26 <- 0x000000000004FBFF

mem[X,0x00000000800002E0] -> 0x1D13
mem[X,0x00000000800002E2] -> 0x00BD
[189] [M]: 0x00000000800002E0 (0x00BD1D13) slli s10, s10, 0xb
x26 <- 0x0000000027DFF800

mem[X,0x00000000800002E4] -> 0x0D13
mem[X,0x00000000800002E6] -> 0x000D
[190] [M]: 0x00000000800002E4 (0x000D0D13) addi s10, s10, 0x0
x26 <- 0x0000000027DFF800

mem[X,0x00000000800002E8] -> 0x1D13
mem[X,0x00000000800002EA] -> 0x00BD
[191] [M]: 0x00000000800002E8 (0x00BD1D13) slli s10, s10, 0xb
x26 <- 0x0000013EFFC00000

mem[X,0x00000000800002EC] -> 0x0D13
mem[X,0x00000000800002EE] -> 0x17FD
[192] [M]: 0x00000000800002EC (0x17FD0D13) addi s10, s10, 0x17f
x26 <- 0x0000013EFFC0017F

mem[X,0x00000000800002F0] -> 0x1D13
mem[X,0x00000000800002F2] -> 0x00AD
[193] [M]: 0x00000000800002F0 (0x00AD1D13) slli s10, s10, 0xa
x26 <- 0x0004FBFF0005FC00

mem[X,0x00000000800002F4] -> 0x0D13
mem[X,0x00000000800002F6] -> 0x3FED
[194] [M]: 0x00000000800002F4 (0x3FED0D13) addi s10, s10, 0x3fe
x26 <- 0x0004FBFF0005FFFE

mem[X,0x00000000800002F8] -> 0x0D3B
mem[X,0x00000000800002FA] -> 0xE9AD
[195] [M]: 0x00000000800002F8 (0xE9AD0D3B) pdifu.h s10, s10, s10
x26 <- 0x0000000000000000

mem[X,0x00000000800002FC] -> 0xB023
mem[X,0x00000000800002FE] -> 0x03A2
[196] [M]: 0x00000000800002FC (0x03A2B023) sd s10, 0x20(t0)
mem[0x0000000080004138] <- 0x0000000000000000

mem[X,0x0000000080000300] -> 0x0637
mem[X,0x0000000080000302] -> 0xFFF9
[197] [M]: 0x0000000080000300 (0xFFF90637) lui a2, -0x70
x12 <- 0xFFFFFFFFFFF90000

mem[X,0x0000000080000304] -> 0x0613
mem[X,0x0000000080000306] -> 0x0046
[198] [M]: 0x0000000080000304 (0x00460613) addi a2, a2, 0x4
x12 <- 0xFFFFFFFFFFF90004

mem[X,0x0000000080000308] -> 0x1613
mem[X,0x000000008000030A] -> 0x00B6
[199] [M]: 0x0000000080000308 (0x00B61613) slli a2, a2, 0xb
x12 <- 0xFFFFFFFFC8002000

clint::tick mtime <- 0x0000000000000002
 clint timer pending at mtime 0x0000000000000002
htif::tick 0x0000000000000000
mem[X,0x000000008000030C] -> 0x0613
mem[X,0x000000008000030E] -> 0x7FF6
[200] [M]: 0x000000008000030C (0x7FF60613) addi a2, a2, 0x7ff
x12 <- 0xFFFFFFFFC80027FF

mem[X,0x0000000080000310] -> 0x1613
mem[X,0x0000000080000312] -> 0x00B6
[201] [M]: 0x0000000080000310 (0x00B61613) slli a2, a2, 0xb
x12 <- 0xFFFFFE40013FF800

mem[X,0x0000000080000314] -> 0x0613
mem[X,0x0000000080000316] -> 0x6406
[202] [M]: 0x0000000080000314 (0x64060613) addi a2, a2, 0x640
x12 <- 0xFFFFFE40013FFE40

mem[X,0x0000000080000318] -> 0x1613
mem[X,0x000000008000031A] -> 0x00A6
[203] [M]: 0x0000000080000318 (0x00A61613) slli a2, a2, 0xa
x12 <- 0xFFF90004FFF90000

mem[X,0x000000008000031C] -> 0x0613
mem[X,0x000000008000031E] -> 0x0026
[204] [M]: 0x000000008000031C (0x00260613) addi a2, a2, 0x2
x12 <- 0xFFF90004FFF90002

mem[X,0x0000000080000320] -> 0x0C37
mem[X,0x0000000080000322] -> 0xFFF7
[205] [M]: 0x0000000080000320 (0xFFF70C37) lui s8, -0x90
x24 <- 0xFFFFFFFFFFF70000

mem[X,0x0000000080000324] -> 0x0C13
mem[X,0x0000000080000326] -> 0x009C
[206] [M]: 0x0000000080000324 (0x009C0C13) addi s8, s8, 0x9
x24 <- 0xFFFFFFFFFFF70009

mem[X,0x0000000080000328] -> 0x1C13
mem[X,0x000000008000032A] -> 0x00BC
[207] [M]: 0x0000000080000328 (0x00BC1C13) slli s8, s8, 0xb
x24 <- 0xFFFFFFFFB8004800

mem[X,0x000000008000032C] -> 0x0C13
mem[X,0x000000008000032E] -> 0x008C
[208] [M]: 0x000000008000032C (0x008C0C13) addi s8, s8, 0x8
x24 <- 0xFFFFFFFFB8004808

mem[X,0x0000000080000330] -> 0x1C13
mem[X,0x0000000080000332] -> 0x00BC
[209] [M]: 0x0000000080000330 (0x00BC1C13) slli s8, s8, 0xb
x24 <- 0xFFFFFDC002404000

mem[X,0x0000000080000334] -> 0x0C13
mem[X,0x0000000080000336] -> 0x000C
[210] [M]: 0x0000000080000334 (0x000C0C13) addi s8, s8, 0x0
x24 <- 0xFFFFFDC002404000

mem[X,0x0000000080000338] -> 0x1C13
mem[X,0x000000008000033A] -> 0x00AC
[211] [M]: 0x0000000080000338 (0x00AC1C13) slli s8, s8, 0xa
x24 <- 0xFFF7000901000000

mem[X,0x000000008000033C] -> 0x0C13
mem[X,0x000000008000033E] -> 0x040C
[212] [M]: 0x000000008000033C (0x040C0C13) addi s8, s8, 0x40
x24 <- 0xFFF7000901000040

mem[X,0x0000000080000340] -> 0x003B
mem[X,0x0000000080000342] -> 0xE986
[213] [M]: 0x0000000080000340 (0xE986003B) pdifu.h zero, a2, s8

mem[X,0x0000000080000344] -> 0xB423
mem[X,0x0000000080000346] -> 0x0202
[214] [M]: 0x0000000080000344 (0x0202B423) sd zero, 0x28(t0)
mem[0x0000000080004140] <- 0x0000000000000000

mem[X,0x0000000080000348] -> 0x0537
mem[X,0x000000008000034A] -> 0x0020
[215] [M]: 0x0000000080000348 (0x00200537) lui a0, 0x200
x10 <- 0x0000000000200000

mem[X,0x000000008000034C] -> 0x0513
mem[X,0x000000008000034E] -> 0x0045
[216] [M]: 0x000000008000034C (0x00450513) addi a0, a0, 0x4
x10 <- 0x0000000000200004

mem[X,0x0000000080000350] -> 0x1513
mem[X,0x0000000080000352] -> 0x00B5
[217] [M]: 0x0000000080000350 (0x00B51513) slli a0, a0, 0xb
x10 <- 0x0000000100002000

mem[X,0x0000000080000354] -> 0x0513
mem[X,0x0000000080000356] -> 0x0015
[218] [M]: 0x0000000080000354 (0x00150513) addi a0, a0, 0x1
x10 <- 0x0000000100002001

mem[X,0x0000000080000358] -> 0x1513
mem[X,0x000000008000035A] -> 0x00B5
[219] [M]: 0x0000000080000358 (0x00B51513) slli a0, a0, 0xb
x10 <- 0x0000080001000800

mem[X,0x000000008000035C] -> 0x0513
mem[X,0x000000008000035E] -> 0x0005
[220] [M]: 0x000000008000035C (0x00050513) addi a0, a0, 0x0
x10 <- 0x0000080001000800

mem[X,0x0000000080000360] -> 0x1513
mem[X,0x0000000080000362] -> 0x00A5
[221] [M]: 0x0000000080000360 (0x00A51513) slli a0, a0, 0xa
x10 <- 0x0020000400200000

mem[X,0x0000000080000364] -> 0x0513
mem[X,0x0000000080000366] -> 0x0045
[222] [M]: 0x0000000080000364 (0x00450513) addi a0, a0, 0x4
x10 <- 0x0020000400200004

mem[X,0x0000000080000368] -> 0x0CB7
mem[X,0x000000008000036A] -> 0x0002
[223] [M]: 0x0000000080000368 (0x00020CB7) lui s9, 0x20
x25 <- 0x0000000000020000

mem[X,0x000000008000036C] -> 0x8C93
mem[X,0x000000008000036E] -> 0xFF6C
[224] [M]: 0x000000008000036C (0xFF6C8C93) addi s9, s9, -0xa
x25 <- 0x000000000001FFF6

mem[X,0x0000000080000370] -> 0x9C93
mem[X,0x0000000080000372] -> 0x00BC
[225] [M]: 0x0000000080000370 (0x00BC9C93) slli s9, s9, 0xb
x25 <- 0x000000000FFFB000

mem[X,0x0000000080000374] -> 0x8C93
mem[X,0x0000000080000376] -> 0x7FFC
[226] [M]: 0x0000000080000374 (0x7FFC8C93) addi s9, s9, 0x7ff
x25 <- 0x000000000FFFB7FF

mem[X,0x0000000080000378] -> 0x9C93
mem[X,0x000000008000037A] -> 0x00BC
[227] [M]: 0x0000000080000378 (0x00BC9C93) slli s9, s9, 0xb
x25 <- 0x0000007FFDBFF800

mem[X,0x000000008000037C] -> 0x8C93
mem[X,0x000000008000037E] -> 0x784C
[228] [M]: 0x000000008000037C (0x784C8C93) addi s9, s9, 0x784
x25 <- 0x0000007FFDBFFF84

mem[X,0x0000000080000380] -> 0x9C93
mem[X,0x0000000080000382] -> 0x00AC
[229] [M]: 0x0000000080000380 (0x00AC9C93) slli s9, s9, 0xa
x25 <- 0x0001FFF6FFFE1000

mem[X,0x0000000080000384] -> 0x083B
mem[X,0x0000000080000386] -> 0xE995
[230] [M]: 0x0000000080000384 (0xE995083B) pdifu.h a6, a0, s9
x16 <- 0x001F000E00220FFC

mem[X,0x0000000080000388] -> 0xB823
mem[X,0x000000008000038A] -> 0x0302
[231] [M]: 0x0000000080000388 (0x0302B823) sd a6, 0x30(t0)
mem[0x0000000080004148] <- 0x001F000E00220FFC

mem[X,0x000000008000038C] -> 0x0AB7
mem[X,0x000000008000038E] -> 0x0011
[232] [M]: 0x000000008000038C (0x00110AB7) lui s5, 0x110
x21 <- 0x0000000000110000

mem[X,0x0000000080000390] -> 0x8A93
mem[X,0x0000000080000392] -> 0xFDFA
[233] [M]: 0x0000000080000390 (0xFDFA8A93) addi s5, s5, -0x21
x21 <- 0x000000000010FFDF

mem[X,0x0000000080000394] -> 0x9A93
mem[X,0x0000000080000396] -> 0x00BA
[234] [M]: 0x0000000080000394 (0x00BA9A93) slli s5, s5, 0xb
x21 <- 0x0000000087FEF800

mem[X,0x0000000080000398] -> 0x8A93
mem[X,0x000000008000039A] -> 0x020A
[235] [M]: 0x0000000080000398 (0x020A8A93) addi s5, s5, 0x20
x21 <- 0x0000000087FEF820

mem[X,0x000000008000039C] -> 0x9A93
mem[X,0x000000008000039E] -> 0x00BA
[236] [M]: 0x000000008000039C (0x00BA9A93) slli s5, s5, 0xb
x21 <- 0x0000043FF7C10000

mem[X,0x00000000800003A0] -> 0x8A93
mem[X,0x00000000800003A2] -> 0x000A
[237] [M]: 0x00000000800003A0 (0x000A8A93) addi s5, s5, 0x0
x21 <- 0x0000043FF7C10000

mem[X,0x00000000800003A4] -> 0x9A93
mem[X,0x00000000800003A6] -> 0x00AA
[238] [M]: 0x00000000800003A4 (0x00AA9A93) slli s5, s5, 0xa
x21 <- 0x0010FFDF04000000

mem[X,0x00000000800003A8] -> 0x8A93
mem[X,0x00000000800003AA] -> 0x008A
[239] [M]: 0x00000000800003A8 (0x008A8A93) addi s5, s5, 0x8
x21 <- 0x0010FFDF04000008

mem[X,0x00000000800003AC] -> 0x0B37
mem[X,0x00000000800003AE] -> 0x0021
[240] [M]: 0x00000000800003AC (0x00210B37) lui s6, 0x210
x22 <- 0x0000000000210000

mem[X,0x00000000800003B0] -> 0x0B13
mem[X,0x00000000800003B2] -> 0xF7FB
[241] [M]: 0x00000000800003B0 (0xF7FB0B13) addi s6, s6, -0x81
x22 <- 0x000000000020FF7F

mem[X,0x00000000800003B4] -> 0x1B13
mem[X,0x00000000800003B6] -> 0x00BB
[242] [M]: 0x00000000800003B4 (0x00BB1B13) slli s6, s6, 0xb
x22 <- 0x0000000107FBF800

mem[X,0x00000000800003B8] -> 0x0B13
mem[X,0x00000000800003BA] -> 0x7FFB
[243] [M]: 0x00000000800003B8 (0x7FFB0B13) addi s6, s6, 0x7ff
x22 <- 0x0000000107FBFFFF

mem[X,0x00000000800003BC] -> 0x1B13
mem[X,0x00000000800003BE] -> 0x00BB
[244] [M]: 0x00000000800003BC (0x00BB1B13) slli s6, s6, 0xb
x22 <- 0x0000083FDFFFF800

mem[X,0x00000000800003C0] -> 0x0B13
mem[X,0x00000000800003C2] -> 0x7C0B
[245] [M]: 0x00000000800003C0 (0x7C0B0B13) addi s6, s6, 0x7c0
x22 <- 0x0000083FDFFFFFC0

mem[X,0x00000000800003C4] -> 0x1B13
mem[X,0x00000000800003C6] -> 0x00AB
[246] [M]: 0x00000000800003C4 (0x00AB1B13) slli s6, s6, 0xa
x22 <- 0x0020FF7FFFFF0000

mem[X,0x00000000800003C8] -> 0x0B13
mem[X,0x00000000800003CA] -> 0x009B
[247] [M]: 0x00000000800003C8 (0x009B0B13) addi s6, s6, 0x9
x22 <- 0x0020FF7FFFFF0009

mem[X,0x00000000800003CC] -> 0x813B
mem[X,0x00000000800003CE] -> 0xE96A
[248] [M]: 0x00000000800003CC (0xE96A813B) pdifu.h sp, s5, s6
x2 <- 0x0010006004010001

mem[X,0x00000000800003D0] -> 0xBC23
mem[X,0x00000000800003D2] -> 0x0222
[249] [M]: 0x00000000800003D0 (0x0222BC23) sd sp, 0x38(t0)
mem[0x0000000080004150] <- 0x0010006004010001

mem[X,0x00000000800003D4] -> 0xCBB7
mem[X,0x00000000800003D6] -> 0xFFFF
[250] [M]: 0x00000000800003D4 (0xFFFFCBB7) lui s7, -0x4
x23 <- 0xFFFFFFFFFFFFC000

mem[X,0x00000000800003D8] -> 0x8B93
mem[X,0x00000000800003DA] -> 0xFFFB
[251] [M]: 0x00000000800003D8 (0xFFFB8B93) addi s7, s7, -0x1
x23 <- 0xFFFFFFFFFFFFBFFF

mem[X,0x00000000800003DC] -> 0x9B93
mem[X,0x00000000800003DE] -> 0x00BB
[252] [M]: 0x00000000800003DC (0x00BB9B93) slli s7, s7, 0xb
x23 <- 0xFFFFFFFFFDFFF800

mem[X,0x00000000800003E0] -> 0x8B93
mem[X,0x00000000800003E2] -> 0x001B
[253] [M]: 0x00000000800003E0 (0x001B8B93) addi s7, s7, 0x1
x23 <- 0xFFFFFFFFFDFFF801

mem[X,0x00000000800003E4] -> 0x9B93
mem[X,0x00000000800003E6] -> 0x00BB
[254] [M]: 0x00000000800003E4 (0x00BB9B93) slli s7, s7, 0xb
x23 <- 0xFFFFFFEFFFC00800

mem[X,0x00000000800003E8] -> 0x8B93
mem[X,0x00000000800003EA] -> 0x000B
[255] [M]: 0x00000000800003E8 (0x000B8B93) addi s7, s7, 0x0
x23 <- 0xFFFFFFEFFFC00800

mem[X,0x00000000800003EC] -> 0x9B93
mem[X,0x00000000800003EE] -> 0x00AB
[256] [M]: 0x00000000800003EC (0x00AB9B93) slli s7, s7, 0xa
x23 <- 0xFFFFBFFF00200000

mem[X,0x00000000800003F0] -> 0x8B93
mem[X,0x00000000800003F2] -> 0x010B
[257] [M]: 0x00000000800003F0 (0x010B8B93) addi s7, s7, 0x10
x23 <- 0xFFFFBFFF00200010

mem[X,0x00000000800003F4] -> 0x04B7
mem[X,0x00000000800003F6] -> 0x8001
[258] [M]: 0x00000000800003F4 (0x800104B7) lui s1, -0x7fff0
x9 <- 0xFFFFFFFF80010000

mem[X,0x00000000800003F8] -> 0x8493
mem[X,0x00000000800003FA] -> 0xFBF4
[259] [M]: 0x00000000800003F8 (0xFBF48493) addi s1, s1, -0x41
x9 <- 0xFFFFFFFF8000FFBF

mem[X,0x00000000800003FC] -> 0x9493
mem[X,0x00000000800003FE] -> 0x00B4
[260] [M]: 0x00000000800003FC (0x00B49493) slli s1, s1, 0xb
x9 <- 0xFFFFFC0007FDF800

mem[X,0x0000000080000400] -> 0x8493
mem[X,0x0000000080000402] -> 0x0004
[261] [M]: 0x0000000080000400 (0x00048493) addi s1, s1, 0x0
x9 <- 0xFFFFFC0007FDF800

mem[X,0x0000000080000404] -> 0x9493
mem[X,0x0000000080000406] -> 0x00B4
[262] [M]: 0x0000000080000404 (0x00B49493) slli s1, s1, 0xb
x9 <- 0xFFE0003FEFC00000

mem[X,0x0000000080000408] -> 0x8493
mem[X,0x000000008000040A] -> 0x0804
[263] [M]: 0x0000000080000408 (0x08048493) addi s1, s1, 0x80
x9 <- 0xFFE0003FEFC00080

mem[X,0x000000008000040C] -> 0x9493
mem[X,0x000000008000040E] -> 0x00A4
[264] [M]: 0x000000008000040C (0x00A49493) slli s1, s1, 0xa
x9 <- 0x8000FFBF00020000

mem[X,0x0000000080000410] -> 0x8493
mem[X,0x0000000080000412] -> 0x0074
[265] [M]: 0x0000000080000410 (0x00748493) addi s1, s1, 0x7
x9 <- 0x8000FFBF00020007

mem[X,0x0000000080000414] -> 0x823B
mem[X,0x0000000080000416] -> 0xE89B
[266] [M]: 0x0000000080000414 (0xE89B823B) pdifu.h tp, s7, s1
x4 <- 0x7FFF3FC0001E0009

mem[X,0x0000000080000418] -> 0xB023
mem[X,0x000000008000041A] -> 0x0442
[267] [M]: 0x0000000080000418 (0x0442B023) sd tp, 0x40(t0)
mem[0x0000000080004158] <- 0x7FFF3FC0001E0009

mem[X,0x000000008000041C] -> 0x0EB7
mem[X,0x000000008000041E] -> 0xFC00
[268] [M]: 0x000000008000041C (0xFC000EB7) lui t4, -0x4000
x29 <- 0xFFFFFFFFFC000000

mem[X,0x0000000080000420] -> 0x8E93
mem[X,0x0000000080000422] -> 0xFFBE
[269] [M]: 0x0000000080000420 (0xFFBE8E93) addi t4, t4, -0x5
x29 <- 0xFFFFFFFFFBFFFFFB

mem[X,0x0000000080000424] -> 0x9E93
mem[X,0x0000000080000426] -> 0x00BE
[270] [M]: 0x0000000080000424 (0x00BE9E93) slli t4, t4, 0xb
x29 <- 0xFFFFFFDFFFFFD800

mem[X,0x0000000080000428] -> 0x8E93
mem[X,0x000000008000042A] -> 0x7F7E
[271] [M]: 0x0000000080000428 (0x7F7E8E93) addi t4, t4, 0x7f7
x29 <- 0xFFFFFFDFFFFFDFF7

mem[X,0x000000008000042C] -> 0x9E93
mem[X,0x000000008000042E] -> 0x00BE
[272] [M]: 0x000000008000042C (0x00BE9E93) slli t4, t4, 0xb
x29 <- 0xFFFEFFFFFEFFB800

mem[X,0x0000000080000430] -> 0x8E93
mem[X,0x0000000080000432] -> 0x7C0E
[273] [M]: 0x0000000080000430 (0x7C0E8E93) addi t4, t4, 0x7c0
x29 <- 0xFFFEFFFFFEFFBFC0

mem[X,0x0000000080000434] -> 0x9E93
mem[X,0x0000000080000436] -> 0x00AE
[274] [M]: 0x0000000080000434 (0x00AE9E93) slli t4, t4, 0xa
x29 <- 0xFBFFFFFBFEFF0000

mem[X,0x0000000080000438] -> 0x8E93
mem[X,0x000000008000043A] -> 0x020E
[275] [M]: 0x0000000080000438 (0x020E8E93) addi t4, t4, 0x20
x29 <- 0xFBFFFFFBFEFF0020

mem[X,0x000000008000043C] -> 0x5737
mem[X,0x000000008000043E] -> 0xEFFF
[276] [M]: 0x000000008000043C (0xEFFF5737) lui a4, -0x1000b
x14 <- 0xFFFFFFFFEFFF5000

mem[X,0x0000000080000440] -> 0x0713
mem[X,0x0000000080000442] -> 0x5557
[277] [M]: 0x0000000080000440 (0x55570713) addi a4, a4, 0x555
x14 <- 0xFFFFFFFFEFFF5555

mem[X,0x0000000080000444] -> 0x1713
mem[X,0x0000000080000446] -> 0x00B7
[278] [M]: 0x0000000080000444 (0x00B71713) slli a4, a4, 0xb
x14 <- 0xFFFFFF7FFAAAA800

mem[X,0x0000000080000448] -> 0x0713
mem[X,0x000000008000044A] -> 0x7FF7
[279] [M]: 0x0000000080000448 (0x7FF70713) addi a4, a4, 0x7ff
x14 <- 0xFFFFFF7FFAAAAFFF

mem[X,0x000000008000044C] -> 0x1713
mem[X,0x000000008000044E] -> 0x00B7
[280] [M]: 0x000000008000044C (0x00B71713) slli a4, a4, 0xb
x14 <- 0xFFFBFFD5557FF800

mem[X,0x0000000080000450] -> 0x0713
mem[X,0x0000000080000452] -> 0x60F7
[281] [M]: 0x0000000080000450 (0x60F70713) addi a4, a4, 0x60f
x14 <- 0xFFFBFFD5557FFE0F

mem[X,0x0000000080000454] -> 0x1713
mem[X,0x0000000080000456] -> 0x00A7
[282] [M]: 0x0000000080000454 (0x00A71713) slli a4, a4, 0xa
x14 <- 0xEFFF5555FFF83C00

mem[X,0x0000000080000458] -> 0x0713
mem[X,0x000000008000045A] -> 0x3FF7
[283] [M]: 0x0000000080000458 (0x3FF70713) addi a4, a4, 0x3ff
x14 <- 0xEFFF5555FFF83FFF

mem[X,0x000000008000045C] -> 0x8ABB
mem[X,0x000000008000045E] -> 0xE8EE
[284] [M]: 0x000000008000045C (0xE8EE8ABB) pdifu.h s5, t4, a4
x21 <- 0x0C00555A00F93FDF

mem[X,0x0000000080000460] -> 0xB423
mem[X,0x0000000080000462] -> 0x0552
[285] [M]: 0x0000000080000460 (0x0552B423) sd s5, 0x48(t0)
mem[0x0000000080004160] <- 0x0C00555A00F93FDF

mem[X,0x0000000080000464] -> 0x06B7
mem[X,0x0000000080000466] -> 0xFFFF
[286] [M]: 0x0000000080000464 (0xFFFF06B7) lui a3, -0x10
x13 <- 0xFFFFFFFFFFFF0000

mem[X,0x0000000080000468] -> 0x8693
mem[X,0x000000008000046A] -> 0xFFD6
[287] [M]: 0x0000000080000468 (0xFFD68693) addi a3, a3, -0x3
x13 <- 0xFFFFFFFFFFFEFFFD

mem[X,0x000000008000046C] -> 0x9693
mem[X,0x000000008000046E] -> 0x00B6
[288] [M]: 0x000000008000046C (0x00B69693) slli a3, a3, 0xb
x13 <- 0xFFFFFFFFF7FFE800

mem[X,0x0000000080000470] -> 0x8693
mem[X,0x0000000080000472] -> 0x0006
[289] [M]: 0x0000000080000470 (0x00068693) addi a3, a3, 0x0
x13 <- 0xFFFFFFFFF7FFE800

mem[X,0x0000000080000474] -> 0x9693
mem[X,0x0000000080000476] -> 0x00B6
[290] [M]: 0x0000000080000474 (0x00B69693) slli a3, a3, 0xb
x13 <- 0xFFFFFFBFFF400000

mem[X,0x0000000080000478] -> 0x8693
mem[X,0x000000008000047A] -> 0x1406
[291] [M]: 0x0000000080000478 (0x14068693) addi a3, a3, 0x140
x13 <- 0xFFFFFFBFFF400140

mem[X,0x000000008000047C] -> 0x9693
mem[X,0x000000008000047E] -> 0x00A6
[292] [M]: 0x000000008000047C (0x00A69693) slli a3, a3, 0xa
x13 <- 0xFFFEFFFD00050000

mem[X,0x0000000080000480] -> 0x8693
mem[X,0x0000000080000482] -> 0x0406
[293] [M]: 0x0000000080000480 (0x04068693) addi a3, a3, 0x40
x13 <- 0xFFFEFFFD00050040

mem[X,0x0000000080000484] -> 0x0537
mem[X,0x0000000080000486] -> 0x0201
[294] [M]: 0x0000000080000484 (0x02010537) lui a0, 0x2010
x10 <- 0x0000000002010000

mem[X,0x0000000080000488] -> 0x0513
mem[X,0x000000008000048A] -> 0xFF65
[295] [M]: 0x0000000080000488 (0xFF650513) addi a0, a0, -0xa
x10 <- 0x000000000200FFF6

mem[X,0x000000008000048C] -> 0x1513
mem[X,0x000000008000048E] -> 0x00B5
[296] [M]: 0x000000008000048C (0x00B51513) slli a0, a0, 0xb
x10 <- 0x0000001007FFB000

mem[X,0x0000000080000490] -> 0x0513
mem[X,0x0000000080000492] -> 0x0005
[297] [M]: 0x0000000080000490 (0x00050513) addi a0, a0, 0x0
x10 <- 0x0000001007FFB000

mem[X,0x0000000080000494] -> 0x1513
mem[X,0x0000000080000496] -> 0x00B5
[298] [M]: 0x0000000080000494 (0x00B51513) slli a0, a0, 0xb
x10 <- 0x0000803FFD800000

mem[X,0x0000000080000498] -> 0x0513
mem[X,0x000000008000049A] -> 0x4005
[299] [M]: 0x0000000080000498 (0x40050513) addi a0, a0, 0x400
x10 <- 0x0000803FFD800400

clint::tick mtime <- 0x0000000000000003
 clint timer pending at mtime 0x0000000000000003
htif::tick 0x0000000000000000
mem[X,0x000000008000049C] -> 0x1513
mem[X,0x000000008000049E] -> 0x00A5
[300] [M]: 0x000000008000049C (0x00A51513) slli a0, a0, 0xa
x10 <- 0x0200FFF600100000

mem[X,0x00000000800004A0] -> 0x0513
mem[X,0x00000000800004A2] -> 0x0025
[301] [M]: 0x00000000800004A0 (0x00250513) addi a0, a0, 0x2
x10 <- 0x0200FFF600100002

mem[X,0x00000000800004A4] -> 0x83BB
mem[X,0x00000000800004A6] -> 0xE8A6
[302] [M]: 0x00000000800004A4 (0xE8A683BB) pdifu.h t2, a3, a0
x7 <- 0x02020007000B003E

mem[X,0x00000000800004A8] -> 0xB823
mem[X,0x00000000800004AA] -> 0x0472
[303] [M]: 0x00000000800004A8 (0x0472B823) sd t2, 0x50(t0)
mem[0x0000000080004168] <- 0x02020007000B003E

mem[X,0x00000000800004AC] -> 0x01B7
mem[X,0x00000000800004AE] -> 0x1001
[304] [M]: 0x00000000800004AC (0x100101B7) lui gp, 0x10010
x3 <- 0x0000000010010000

mem[X,0x00000000800004B0] -> 0x8193
mem[X,0x00000000800004B2] -> 0xFF91
[305] [M]: 0x00000000800004B0 (0xFF918193) addi gp, gp, -0x7
x3 <- 0x000000001000FFF9

mem[X,0x00000000800004B4] -> 0x9193
mem[X,0x00000000800004B6] -> 0x00B1
[306] [M]: 0x00000000800004B4 (0x00B19193) slli gp, gp, 0xb
x3 <- 0x0000008007FFC800

mem[X,0x00000000800004B8] -> 0x8193
mem[X,0x00000000800004BA] -> 0x7FF1
[307] [M]: 0x00000000800004B8 (0x7FF18193) addi gp, gp, 0x7ff
x3 <- 0x0000008007FFCFFF

mem[X,0x00000000800004BC] -> 0x9193
mem[X,0x00000000800004BE] -> 0x00B1
[308] [M]: 0x00000000800004BC (0x00B19193) slli gp, gp, 0xb
x3 <- 0x0004003FFE7FF800

mem[X,0x00000000800004C0] -> 0x8193
mem[X,0x00000000800004C2] -> 0x7801
[309] [M]: 0x00000000800004C0 (0x78018193) addi gp, gp, 0x780
x3 <- 0x0004003FFE7FFF80

mem[X,0x00000000800004C4] -> 0x9193
mem[X,0x00000000800004C6] -> 0x00A1
[310] [M]: 0x00000000800004C4 (0x00A19193) slli gp, gp, 0xa
x3 <- 0x1000FFF9FFFE0000

mem[X,0x00000000800004C8] -> 0x8193
mem[X,0x00000000800004CA] -> 0x0801
[311] [M]: 0x00000000800004C8 (0x08018193) addi gp, gp, 0x80
x3 <- 0x1000FFF9FFFE0080

mem[X,0x00000000800004CC] -> 0x00B7
mem[X,0x00000000800004CE] -> 0x0800
[312] [M]: 0x00000000800004CC (0x080000B7) lui ra, 0x8000
x1 <- 0x0000000008000000

mem[X,0x00000000800004D0] -> 0x8093
mem[X,0x00000000800004D2] -> 0x0050
[313] [M]: 0x00000000800004D0 (0x00508093) addi ra, ra, 0x5
x1 <- 0x0000000008000005

mem[X,0x00000000800004D4] -> 0x9093
mem[X,0x00000000800004D6] -> 0x00B0
[314] [M]: 0x00000000800004D4 (0x00B09093) slli ra, ra, 0xb
x1 <- 0x0000004000002800

mem[X,0x00000000800004D8] -> 0x8093
mem[X,0x00000000800004DA] -> 0x7FB0
[315] [M]: 0x00000000800004D8 (0x7FB08093) addi ra, ra, 0x7fb
x1 <- 0x0000004000002FFB

mem[X,0x00000000800004DC] -> 0x9093
mem[X,0x00000000800004DE] -> 0x00B0
[316] [M]: 0x00000000800004DC (0x00B09093) slli ra, ra, 0xb
x1 <- 0x00020000017FD800

mem[X,0x00000000800004E0] -> 0x8093
mem[X,0x00000000800004E2] -> 0x7C00
[317] [M]: 0x00000000800004E0 (0x7C008093) addi ra, ra, 0x7c0
x1 <- 0x00020000017FDFC0

mem[X,0x00000000800004E4] -> 0x9093
mem[X,0x00000000800004E6] -> 0x00A0
[318] [M]: 0x00000000800004E4 (0x00A09093) slli ra, ra, 0xa
x1 <- 0x08000005FF7F0000

mem[X,0x00000000800004E8] -> 0x8093
mem[X,0x00000000800004EA] -> 0x2000
[319] [M]: 0x00000000800004E8 (0x20008093) addi ra, ra, 0x200
x1 <- 0x08000005FF7F0200

mem[X,0x00000000800004EC] -> 0x8E3B
mem[X,0x00000000800004EE] -> 0xE811
[320] [M]: 0x00000000800004EC (0xE8118E3B) pdifu.h t3, gp, ra
x28 <- 0x0800000C007F0180

mem[X,0x00000000800004F0] -> 0xBC23
mem[X,0x00000000800004F2] -> 0x05C2
[321] [M]: 0x00000000800004F0 (0x05C2BC23) sd t3, 0x58(t0)
mem[0x0000000080004170] <- 0x0800000C007F0180

mem[X,0x00000000800004F4] -> 0x04B7
mem[X,0x00000000800004F6] -> 0x0009
[322] [M]: 0x00000000800004F4 (0x000904B7) lui s1, 0x90
x9 <- 0x0000000000090000

mem[X,0x00000000800004F8] -> 0x8493
mem[X,0x00000000800004FA] -> 0xF7F4
[323] [M]: 0x00000000800004F8 (0xF7F48493) addi s1, s1, -0x81
x9 <- 0x000000000008FF7F

mem[X,0x00000000800004FC] -> 0x9493
mem[X,0x00000000800004FE] -> 0x00B4
[324] [M]: 0x00000000800004FC (0x00B49493) slli s1, s1, 0xb
x9 <- 0x0000000047FBF800

mem[X,0x0000000080000500] -> 0x8493
mem[X,0x0000000080000502] -> 0x0004
[325] [M]: 0x0000000080000500 (0x00048493) addi s1, s1, 0x0
x9 <- 0x0000000047FBF800

mem[X,0x0000000080000504] -> 0x9493
mem[X,0x0000000080000506] -> 0x00B4
[326] [M]: 0x0000000080000504 (0x00B49493) slli s1, s1, 0xb
x9 <- 0x0000023FDFC00000

mem[X,0x0000000080000508] -> 0x8493
mem[X,0x000000008000050A] -> 0x0C04
[327] [M]: 0x0000000080000508 (0x0C048493) addi s1, s1, 0xc0
x9 <- 0x0000023FDFC000C0

mem[X,0x000000008000050C] -> 0x9493
mem[X,0x000000008000050E] -> 0x00A4
[328] [M]: 0x000000008000050C (0x00A49493) slli s1, s1, 0xa
x9 <- 0x0008FF7F00030000

mem[X,0x0000000080000510] -> 0x8493
mem[X,0x0000000080000512] -> 0x1004
[329] [M]: 0x0000000080000510 (0x10048493) addi s1, s1, 0x100
x9 <- 0x0008FF7F00030100

mem[X,0x0000000080000514] -> 0x0F37
mem[X,0x0000000080000516] -> 0xEFFF
[330] [M]: 0x0000000080000514 (0xEFFF0F37) lui t5, -0x10010
x30 <- 0xFFFFFFFFEFFF0000

mem[X,0x0000000080000518] -> 0x0F13
mem[X,0x000000008000051A] -> 0x008F
[331] [M]: 0x0000000080000518 (0x008F0F13) addi t5, t5, 0x8
x30 <- 0xFFFFFFFFEFFF0008

mem[X,0x000000008000051C] -> 0x1F13
mem[X,0x000000008000051E] -> 0x00BF
[332] [M]: 0x000000008000051C (0x00BF1F13) slli t5, t5, 0xb
x30 <- 0xFFFFFF7FF8004000

mem[X,0x0000000080000520] -> 0x0F13
mem[X,0x0000000080000522] -> 0x008F
[333] [M]: 0x0000000080000520 (0x008F0F13) addi t5, t5, 0x8
x30 <- 0xFFFFFF7FF8004008

mem[X,0x0000000080000524] -> 0x1F13
mem[X,0x0000000080000526] -> 0x00BF
[334] [M]: 0x0000000080000524 (0x00BF1F13) slli t5, t5, 0xb
x30 <- 0xFFFBFFC002004000

mem[X,0x0000000080000528] -> 0x0F13
mem[X,0x000000008000052A] -> 0x03FF
[335] [M]: 0x0000000080000528 (0x03FF0F13) addi t5, t5, 0x3f
x30 <- 0xFFFBFFC00200403F

mem[X,0x000000008000052C] -> 0x1F13
mem[X,0x000000008000052E] -> 0x00AF
[336] [M]: 0x000000008000052C (0x00AF1F13) slli t5, t5, 0xa
x30 <- 0xEFFF00080100FC00

mem[X,0x0000000080000530] -> 0x0F13
mem[X,0x0000000080000532] -> 0x1FFF
[337] [M]: 0x0000000080000530 (0x1FFF0F13) addi t5, t5, 0x1ff
x30 <- 0xEFFF00080100FDFF

mem[X,0x0000000080000534] -> 0x8DBB
mem[X,0x0000000080000536] -> 0xE9E4
[338] [M]: 0x0000000080000534 (0xE9E48DBB) pdifu.h s11, s1, t5
x27 <- 0x1009008900FD0301

mem[X,0x0000000080000538] -> 0xB023
mem[X,0x000000008000053A] -> 0x07B2
[339] [M]: 0x0000000080000538 (0x07B2B023) sd s11, 0x60(t0)
mem[0x0000000080004178] <- 0x1009008900FD0301

mem[X,0x000000008000053C] -> 0x83B7
mem[X,0x000000008000053E] -> 0x0002
[340] [M]: 0x000000008000053C (0x000283B7) lui t2, 0x28
x7 <- 0x0000000000028000

mem[X,0x0000000080000540] -> 0x8393
mem[X,0x0000000080000542] -> 0xFFF3
[341] [M]: 0x0000000080000540 (0xFFF38393) addi t2, t2, -0x1
x7 <- 0x0000000000027FFF

mem[X,0x0000000080000544] -> 0x9393
mem[X,0x0000000080000546] -> 0x00B3
[342] [M]: 0x0000000080000544 (0x00B39393) slli t2, t2, 0xb
x7 <- 0x0000000013FFF800

mem[X,0x0000000080000548] -> 0x8393
mem[X,0x000000008000054A] -> 0x0003
[343] [M]: 0x0000000080000548 (0x00038393) addi t2, t2, 0x0
x7 <- 0x0000000013FFF800

mem[X,0x000000008000054C] -> 0x9393
mem[X,0x000000008000054E] -> 0x00B3
[344] [M]: 0x000000008000054C (0x00B39393) slli t2, t2, 0xb
x7 <- 0x0000009FFFC00000

mem[X,0x0000000080000550] -> 0x8393
mem[X,0x0000000080000552] -> 0x1403
[345] [M]: 0x0000000080000550 (0x14038393) addi t2, t2, 0x140
x7 <- 0x0000009FFFC00140

mem[X,0x0000000080000554] -> 0x9393
mem[X,0x0000000080000556] -> 0x00A3
[346] [M]: 0x0000000080000554 (0x00A39393) slli t2, t2, 0xa
x7 <- 0x00027FFF00050000

mem[X,0x0000000080000558] -> 0x8393
mem[X,0x000000008000055A] -> 0x2003
[347] [M]: 0x0000000080000558 (0x20038393) addi t2, t2, 0x200
x7 <- 0x00027FFF00050200

mem[X,0x000000008000055C] -> 0x0337
mem[X,0x000000008000055E] -> 0xFFF6
[348] [M]: 0x000000008000055C (0xFFF60337) lui t1, -0xa0
x6 <- 0xFFFFFFFFFFF60000

mem[X,0x0000000080000560] -> 0x0313
mem[X,0x0000000080000562] -> 0x0073
[349] [M]: 0x0000000080000560 (0x00730313) addi t1, t1, 0x7
x6 <- 0xFFFFFFFFFFF60007

mem[X,0x0000000080000564] -> 0x1313
mem[X,0x0000000080000566] -> 0x00B3
[350] [M]: 0x0000000080000564 (0x00B31313) slli t1, t1, 0xb
x6 <- 0xFFFFFFFFB0003800

mem[X,0x0000000080000568] -> 0x0313
mem[X,0x000000008000056A] -> 0x7BF3
[351] [M]: 0x0000000080000568 (0x7BF30313) addi t1, t1, 0x7bf
x6 <- 0xFFFFFFFFB0003FBF

mem[X,0x000000008000056C] -> 0x1313
mem[X,0x000000008000056E] -> 0x00B3
[352] [M]: 0x000000008000056C (0x00B31313) slli t1, t1, 0xb
x6 <- 0xFFFFFD8001FDF800

mem[X,0x0000000080000570] -> 0x0313
mem[X,0x0000000080000572] -> 0x7FF3
[353] [M]: 0x0000000080000570 (0x7FF30313) addi t1, t1, 0x7ff
x6 <- 0xFFFFFD8001FDFFFF

mem[X,0x0000000080000574] -> 0x1313
mem[X,0x0000000080000576] -> 0x00A3
[354] [M]: 0x0000000080000574 (0x00A31313) slli t1, t1, 0xa
x6 <- 0xFFF60007F7FFFC00

mem[X,0x0000000080000578] -> 0x0313
mem[X,0x000000008000057A] -> 0x3FA3
[355] [M]: 0x0000000080000578 (0x3FA30313) addi t1, t1, 0x3fa
x6 <- 0xFFF60007F7FFFFFA

mem[X,0x000000008000057C] -> 0x8BBB
mem[X,0x000000008000057E] -> 0xE863
[356] [M]: 0x000000008000057C (0xE8638BBB) pdifu.h s7, t2, t1
x23 <- 0x000C7FF808060206

mem[X,0x0000000080000580] -> 0xB423
mem[X,0x0000000080000582] -> 0x0772
[357] [M]: 0x0000000080000580 (0x0772B423) sd s7, 0x68(t0)
mem[0x0000000080004180] <- 0x000C7FF808060206

mem[X,0x0000000080000584] -> 0x09B7
mem[X,0x0000000080000586] -> 0x2001
[358] [M]: 0x0000000080000584 (0x200109B7) lui s3, 0x20010
x19 <- 0x0000000020010000

mem[X,0x0000000080000588] -> 0x8993
mem[X,0x000000008000058A] -> 0xDFF9
[359] [M]: 0x0000000080000588 (0xDFF98993) addi s3, s3, -0x201
x19 <- 0x000000002000FDFF

mem[X,0x000000008000058C] -> 0x9993
mem[X,0x000000008000058E] -> 0x00B9
[360] [M]: 0x000000008000058C (0x00B99993) slli s3, s3, 0xb
x19 <- 0x0000010007EFF800

mem[X,0x0000000080000590] -> 0x8993
mem[X,0x0000000080000592] -> 0x7FF9
[361] [M]: 0x0000000080000590 (0x7FF98993) addi s3, s3, 0x7ff
x19 <- 0x0000010007EFFFFF

mem[X,0x0000000080000594] -> 0x9993
mem[X,0x0000000080000596] -> 0x00B9
[362] [M]: 0x0000000080000594 (0x00B99993) slli s3, s3, 0xb
x19 <- 0x0008003F7FFFF800

mem[X,0x0000000080000598] -> 0x8993
mem[X,0x000000008000059A] -> 0x7419
[363] [M]: 0x0000000080000598 (0x74198993) addi s3, s3, 0x741
x19 <- 0x0008003F7FFFFF41

mem[X,0x000000008000059C] -> 0x9993
mem[X,0x000000008000059E] -> 0x00A9
[364] [M]: 0x000000008000059C (0x00A99993) slli s3, s3, 0xa
x19 <- 0x2000FDFFFFFD0400

mem[X,0x00000000800005A0] -> 0x0937
mem[X,0x00000000800005A2] -> 0xFF7F
[365] [M]: 0x00000000800005A0 (0xFF7F0937) lui s2, -0x810
x18 <- 0xFFFFFFFFFF7F0000

mem[X,0x00000000800005A4] -> 0x0913
mem[X,0x00000000800005A6] -> 0x0069
[366] [M]: 0x00000000800005A4 (0x00690913) addi s2, s2, 0x6
x18 <- 0xFFFFFFFFFF7F0006

mem[X,0x00000000800005A8] -> 0x1913
mem[X,0x00000000800005AA] -> 0x00B9
[367] [M]: 0x00000000800005A8 (0x00B91913) slli s2, s2, 0xb
x18 <- 0xFFFFFFFBF8003000

mem[X,0x00000000800005AC] -> 0x0913
mem[X,0x00000000800005AE] -> 0x0809
[368] [M]: 0x00000000800005AC (0x08090913) addi s2, s2, 0x80
x18 <- 0xFFFFFFFBF8003080

mem[X,0x00000000800005B0] -> 0x1913
mem[X,0x00000000800005B2] -> 0x00B9
[369] [M]: 0x00000000800005B0 (0x00B91913) slli s2, s2, 0xb
x18 <- 0xFFFFDFC001840000

mem[X,0x00000000800005B4] -> 0x0913
mem[X,0x00000000800005B6] -> 0x0009
[370] [M]: 0x00000000800005B4 (0x00090913) addi s2, s2, 0x0
x18 <- 0xFFFFDFC001840000

mem[X,0x00000000800005B8] -> 0x1913
mem[X,0x00000000800005BA] -> 0x00A9
[371] [M]: 0x00000000800005B8 (0x00A91913) slli s2, s2, 0xa
x18 <- 0xFF7F000610000000

mem[X,0x00000000800005BC] -> 0x80BB
mem[X,0x00000000800005BE] -> 0xE929
[372] [M]: 0x00000000800005BC (0xE92980BB) pdifu.h ra, s3, s2
x1 <- 0x2081020710030400

mem[X,0x00000000800005C0] -> 0xB823
mem[X,0x00000000800005C2] -> 0x0612
[373] [M]: 0x00000000800005C0 (0x0612B823) sd ra, 0x70(t0)
mem[0x0000000080004188] <- 0x2081020710030400

mem[X,0x00000000800005C4] -> 0x0013
mem[X,0x00000000800005C6] -> 0x0000
[374] [M]: 0x00000000800005C4 (0x00000013) addi zero, zero, 0x0

mem[X,0x00000000800005C8] -> 0x0013
mem[X,0x00000000800005CA] -> 0x0000
[375] [M]: 0x00000000800005C8 (0x00000013) addi zero, zero, 0x0

mem[X,0x00000000800005CC] -> 0x0013
mem[X,0x00000000800005CE] -> 0x0000
[376] [M]: 0x00000000800005CC (0x00000013) addi zero, zero, 0x0

mem[X,0x00000000800005D0] -> 0x0013
mem[X,0x00000000800005D2] -> 0x0000
[377] [M]: 0x00000000800005D0 (0x00000013) addi zero, zero, 0x0

mem[X,0x00000000800005D4] -> 0x0013
mem[X,0x00000000800005D6] -> 0x0000
[378] [M]: 0x00000000800005D4 (0x00000013) addi zero, zero, 0x0

mem[X,0x00000000800005D8] -> 0x0013
mem[X,0x00000000800005DA] -> 0x0000
[379] [M]: 0x00000000800005D8 (0x00000013) addi zero, zero, 0x0

mem[X,0x00000000800005DC] -> 0x0013
mem[X,0x00000000800005DE] -> 0x0000
[380] [M]: 0x00000000800005DC (0x00000013) addi zero, zero, 0x0

mem[X,0x00000000800005E0] -> 0x4117
mem[X,0x00000000800005E2] -> 0x0000
[381] [M]: 0x00000000800005E0 (0x00004117) auipc sp, 0x4
x2 <- 0x00000000800045E0

mem[X,0x00000000800005E4] -> 0x0113
mem[X,0x00000000800005E6] -> 0xBB01
[382] [M]: 0x00000000800005E4 (0xBB010113) addi sp, sp, -0x450
x2 <- 0x0000000080004190

mem[X,0x00000000800005E8] -> 0x0013
mem[X,0x00000000800005EA] -> 0x0000
[383] [M]: 0x00000000800005E8 (0x00000013) addi zero, zero, 0x0

mem[X,0x00000000800005EC] -> 0x0013
mem[X,0x00000000800005EE] -> 0x0000
[384] [M]: 0x00000000800005EC (0x00000013) addi zero, zero, 0x0

mem[X,0x00000000800005F0] -> 0x0013
mem[X,0x00000000800005F2] -> 0x0000
[385] [M]: 0x00000000800005F0 (0x00000013) addi zero, zero, 0x0

mem[X,0x00000000800005F4] -> 0x0013
mem[X,0x00000000800005F6] -> 0x0000
[386] [M]: 0x00000000800005F4 (0x00000013) addi zero, zero, 0x0

mem[X,0x00000000800005F8] -> 0x0013
mem[X,0x00000000800005FA] -> 0x0000
[387] [M]: 0x00000000800005F8 (0x00000013) addi zero, zero, 0x0

mem[X,0x00000000800005FC] -> 0x0013
mem[X,0x00000000800005FE] -> 0x0000
[388] [M]: 0x00000000800005FC (0x00000013) addi zero, zero, 0x0

mem[X,0x0000000080000600] -> 0x0037
mem[X,0x0000000080000602] -> 0xFFF7
[389] [M]: 0x0000000080000600 (0xFFF70037) lui zero, -0x90

mem[X,0x0000000080000604] -> 0x0013
mem[X,0x0000000080000606] -> 0xFFF0
[390] [M]: 0x0000000080000604 (0xFFF00013) addi zero, zero, -0x1

mem[X,0x0000000080000608] -> 0x1013
mem[X,0x000000008000060A] -> 0x00B0
[391] [M]: 0x0000000080000608 (0x00B01013) slli zero, zero, 0xb

mem[X,0x000000008000060C] -> 0x0013
mem[X,0x000000008000060E] -> 0x7FF0
[392] [M]: 0x000000008000060C (0x7FF00013) addi zero, zero, 0x7ff

mem[X,0x0000000080000610] -> 0x1013
mem[X,0x0000000080000612] -> 0x00B0
[393] [M]: 0x0000000080000610 (0x00B01013) slli zero, zero, 0xb

mem[X,0x0000000080000614] -> 0x0013
mem[X,0x0000000080000616] -> 0x6C20
[394] [M]: 0x0000000080000614 (0x6C200013) addi zero, zero, 0x6c2

mem[X,0x0000000080000618] -> 0x1013
mem[X,0x000000008000061A] -> 0x00A0
[395] [M]: 0x0000000080000618 (0x00A01013) slli zero, zero, 0xa

mem[X,0x000000008000061C] -> 0x09B7
mem[X,0x000000008000061E] -> 0xFFFB
[396] [M]: 0x000000008000061C (0xFFFB09B7) lui s3, -0x50
x19 <- 0xFFFFFFFFFFFB0000

mem[X,0x0000000080000620] -> 0x8993
mem[X,0x0000000080000622] -> 0xFF79
[397] [M]: 0x0000000080000620 (0xFF798993) addi s3, s3, -0x9
x19 <- 0xFFFFFFFFFFFAFFF7

mem[X,0x0000000080000624] -> 0x9993
mem[X,0x0000000080000626] -> 0x00B9
[398] [M]: 0x0000000080000624 (0x00B99993) slli s3, s3, 0xb
x19 <- 0xFFFFFFFFD7FFB800

mem[X,0x0000000080000628] -> 0x8993
mem[X,0x000000008000062A] -> 0x0009
[399] [M]: 0x0000000080000628 (0x00098993) addi s3, s3, 0x0
x19 <- 0xFFFFFFFFD7FFB800

clint::tick mtime <- 0x0000000000000004
 clint timer pending at mtime 0x0000000000000004
htif::tick 0x0000000000000000
mem[X,0x000000008000062C] -> 0x9993
mem[X,0x000000008000062E] -> 0x00B9
[400] [M]: 0x000000008000062C (0x00B99993) slli s3, s3, 0xb
x19 <- 0xFFFFFEBFFDC00000

mem[X,0x0000000080000630] -> 0x8993
mem[X,0x0000000080000632] -> 0x0FF9
[401] [M]: 0x0000000080000630 (0x0FF98993) addi s3, s3, 0xff
x19 <- 0xFFFFFEBFFDC000FF

mem[X,0x0000000080000634] -> 0x9993
mem[X,0x0000000080000636] -> 0x00A9
[402] [M]: 0x0000000080000634 (0x00A99993) slli s3, s3, 0xa
x19 <- 0xFFFAFFF70003FC00

mem[X,0x0000000080000638] -> 0x8993
mem[X,0x000000008000063A] -> 0x1FF9
[403] [M]: 0x0000000080000638 (0x1FF98993) addi s3, s3, 0x1ff
x19 <- 0xFFFAFFF70003FDFF

mem[X,0x000000008000063C] -> 0x04BB
mem[X,0x000000008000063E] -> 0xE930
[404] [M]: 0x000000008000063C (0xE93004BB) pdifu.h s1, zero, s3
x9 <- 0x0006000900030201

mem[X,0x0000000080000640] -> 0x3023
mem[X,0x0000000080000642] -> 0x0091
[405] [M]: 0x0000000080000640 (0x00913023) sd s1, 0x0(sp)
mem[0x0000000080004190] <- 0x0006000900030201

mem[X,0x0000000080000644] -> 0x85B7
mem[X,0x0000000080000646] -> 0xAAAA
[406] [M]: 0x0000000080000644 (0xAAAA85B7) lui a1, -0x55558
x11 <- 0xFFFFFFFFAAAA8000

mem[X,0x0000000080000648] -> 0x8593
mem[X,0x000000008000064A] -> 0x0005
[407] [M]: 0x0000000080000648 (0x00058593) addi a1, a1, 0x0
x11 <- 0xFFFFFFFFAAAA8000

mem[X,0x000000008000064C] -> 0x9593
mem[X,0x000000008000064E] -> 0x00B5
[408] [M]: 0x000000008000064C (0x00B59593) slli a1, a1, 0xb
x11 <- 0xFFFFFD5554000000

mem[X,0x0000000080000650] -> 0x8593
mem[X,0x0000000080000652] -> 0x1005
[409] [M]: 0x0000000080000650 (0x10058593) addi a1, a1, 0x100
x11 <- 0xFFFFFD5554000100

mem[X,0x0000000080000654] -> 0x9593
mem[X,0x0000000080000656] -> 0x00B5
[410] [M]: 0x0000000080000654 (0x00B59593) slli a1, a1, 0xb
x11 <- 0xFFEAAAA000080000

mem[X,0x0000000080000658] -> 0x8593
mem[X,0x000000008000065A] -> 0x0045
[411] [M]: 0x0000000080000658 (0x00458593) addi a1, a1, 0x4
x11 <- 0xFFEAAAA000080004

mem[X,0x000000008000065C] -> 0x9593
mem[X,0x000000008000065E] -> 0x00A5
[412] [M]: 0x000000008000065C (0x00A59593) slli a1, a1, 0xa
x11 <- 0xAAAA800020001000

mem[X,0x0000000080000660] -> 0x0EB7
mem[X,0x0000000080000662] -> 0xFFFB
[413] [M]: 0x0000000080000660 (0xFFFB0EB7) lui t4, -0x50
x29 <- 0xFFFFFFFFFFFB0000

mem[X,0x0000000080000664] -> 0x8E93
mem[X,0x0000000080000666] -> 0xFFBE
[414] [M]: 0x0000000080000664 (0xFFBE8E93) addi t4, t4, -0x5
x29 <- 0xFFFFFFFFFFFAFFFB

mem[X,0x0000000080000668] -> 0x9E93
mem[X,0x000000008000066A] -> 0x00BE
[415] [M]: 0x0000000080000668 (0x00BE9E93) slli t4, t4, 0xb
x29 <- 0xFFFFFFFFD7FFD800

mem[X,0x000000008000066C] -> 0x8E93
mem[X,0x000000008000066E] -> 0x7EFE
[416] [M]: 0x000000008000066C (0x7EFE8E93) addi t4, t4, 0x7ef
x29 <- 0xFFFFFFFFD7FFDFEF

mem[X,0x0000000080000670] -> 0x9E93
mem[X,0x0000000080000672] -> 0x00BE
[417] [M]: 0x0000000080000670 (0x00BE9E93) slli t4, t4, 0xb
x29 <- 0xFFFFFEBFFEFF7800

mem[X,0x0000000080000674] -> 0x8E93
mem[X,0x0000000080000676] -> 0x7FFE
[418] [M]: 0x0000000080000674 (0x7FFE8E93) addi t4, t4, 0x7ff
x29 <- 0xFFFFFEBFFEFF7FFF

mem[X,0x0000000080000678] -> 0x9E93
mem[X,0x000000008000067A] -> 0x00AE
[419] [M]: 0x0000000080000678 (0x00AE9E93) slli t4, t4, 0xa
x29 <- 0xFFFAFFFBFDFFFC00

mem[X,0x000000008000067C] -> 0x8E93
mem[X,0x000000008000067E] -> 0x2FFE
[420] [M]: 0x000000008000067C (0x2FFE8E93) addi t4, t4, 0x2ff
x29 <- 0xFFFAFFFBFDFFFEFF

mem[X,0x0000000080000680] -> 0x8FBB
mem[X,0x0000000080000682] -> 0xE9D5
[421] [M]: 0x0000000080000680 (0xE9D58FBB) pdifu.h t6, a1, t4
x31 <- 0x55507FFB22011101

mem[X,0x0000000080000684] -> 0x3423
mem[X,0x0000000080000686] -> 0x01F1
[422] [M]: 0x0000000080000684 (0x01F13423) sd t6, 0x8(sp)
mem[0x0000000080004198] <- 0x55507FFB22011101

mem[X,0x0000000080000688] -> 0x0A37
mem[X,0x000000008000068A] -> 0x8000
[423] [M]: 0x0000000080000688 (0x80000A37) lui s4, -0x80000
x20 <- 0xFFFFFFFF80000000

mem[X,0x000000008000068C] -> 0x0A13
mem[X,0x000000008000068E] -> 0xBFFA
[424] [M]: 0x000000008000068C (0xBFFA0A13) addi s4, s4, -0x401
x20 <- 0xFFFFFFFF7FFFFBFF

mem[X,0x0000000080000690] -> 0x1A13
mem[X,0x0000000080000692] -> 0x00BA
[425] [M]: 0x0000000080000690 (0x00BA1A13) slli s4, s4, 0xb
x20 <- 0xFFFFFBFFFFDFF800

mem[X,0x0000000080000694] -> 0x0A13
mem[X,0x0000000080000696] -> 0x000A
[426] [M]: 0x0000000080000694 (0x000A0A13) addi s4, s4, 0x0
x20 <- 0xFFFFFBFFFFDFF800

mem[X,0x0000000080000698] -> 0x1A13
mem[X,0x000000008000069A] -> 0x00BA
[427] [M]: 0x0000000080000698 (0x00BA1A13) slli s4, s4, 0xb
x20 <- 0xFFDFFFFEFFC00000

mem[X,0x000000008000069C] -> 0x0A13
mem[X,0x000000008000069E] -> 0x248A
[428] [M]: 0x000000008000069C (0x248A0A13) addi s4, s4, 0x248
x20 <- 0xFFDFFFFEFFC00248

mem[X,0x00000000800006A0] -> 0x1A13
mem[X,0x00000000800006A2] -> 0x00AA
[429] [M]: 0x00000000800006A0 (0x00AA1A13) slli s4, s4, 0xa
x20 <- 0x7FFFFBFF00092000

mem[X,0x00000000800006A4] -> 0x8DB7
mem[X,0x00000000800006A6] -> 0x0100
[430] [M]: 0x00000000800006A4 (0x01008DB7) lui s11, 0x1008
x27 <- 0x0000000001008000

mem[X,0x00000000800006A8] -> 0x8D93
mem[X,0x00000000800006AA] -> 0x000D
[431] [M]: 0x00000000800006A8 (0x000D8D93) addi s11, s11, 0x0
x27 <- 0x0000000001008000

mem[X,0x00000000800006AC] -> 0x9D93
mem[X,0x00000000800006AE] -> 0x00BD
[432] [M]: 0x00000000800006AC (0x00BD9D93) slli s11, s11, 0xb
x27 <- 0x0000000804000000

mem[X,0x00000000800006B0] -> 0x8D93
mem[X,0x00000000800006B2] -> 0x7FFD
[433] [M]: 0x00000000800006B0 (0x7FFD8D93) addi s11, s11, 0x7ff
x27 <- 0x00000008040007FF

mem[X,0x00000000800006B4] -> 0x9D93
mem[X,0x00000000800006B6] -> 0x00BD
[434] [M]: 0x00000000800006B4 (0x00BD9D93) slli s11, s11, 0xb
x27 <- 0x00004020003FF800

mem[X,0x00000000800006B8] -> 0x8D93
mem[X,0x00000000800006BA] -> 0x63BD
[435] [M]: 0x00000000800006B8 (0x63BD8D93) addi s11, s11, 0x63b
x27 <- 0x00004020003FFE3B

mem[X,0x00000000800006BC] -> 0x9D93
mem[X,0x00000000800006BE] -> 0x00AD
[436] [M]: 0x00000000800006BC (0x00AD9D93) slli s11, s11, 0xa
x27 <- 0x01008000FFF8EC00

mem[X,0x00000000800006C0] -> 0x8D93
mem[X,0x00000000800006C2] -> 0x3FFD
[437] [M]: 0x00000000800006C0 (0x3FFD8D93) addi s11, s11, 0x3ff
x27 <- 0x01008000FFF8EFFF

mem[X,0x00000000800006C4] -> 0x0CBB
mem[X,0x00000000800006C6] -> 0xE9BA
[438] [M]: 0x00000000800006C4 (0xE9BA0CBB) pdifu.h s9, s4, s11
x25 <- 0x7EFF7BFF00113001

mem[X,0x00000000800006C8] -> 0x3823
mem[X,0x00000000800006CA] -> 0x0191
[439] [M]: 0x00000000800006C8 (0x01913823) sd s9, 0x10(sp)
mem[0x00000000800041A0] <- 0x7EFF7BFF00113001

mem[X,0x00000000800006CC] -> 0x02B7
mem[X,0x00000000800006CE] -> 0xFFFE
[440] [M]: 0x00000000800006CC (0xFFFE02B7) lui t0, -0x20
x5 <- 0xFFFFFFFFFFFE0000

mem[X,0x00000000800006D0] -> 0x8293
mem[X,0x00000000800006D2] -> 0xFF72
[441] [M]: 0x00000000800006D0 (0xFF728293) addi t0, t0, -0x9
x5 <- 0xFFFFFFFFFFFDFFF7

mem[X,0x00000000800006D4] -> 0x9293
mem[X,0x00000000800006D6] -> 0x00B2
[442] [M]: 0x00000000800006D4 (0x00B29293) slli t0, t0, 0xb
x5 <- 0xFFFFFFFFEFFFB800

mem[X,0x00000000800006D8] -> 0x8293
mem[X,0x00000000800006DA] -> 0x7FF2
[443] [M]: 0x00000000800006D8 (0x7FF28293) addi t0, t0, 0x7ff
x5 <- 0xFFFFFFFFEFFFBFFF

mem[X,0x00000000800006DC] -> 0x9293
mem[X,0x00000000800006DE] -> 0x00B2
[444] [M]: 0x00000000800006DC (0x00B29293) slli t0, t0, 0xb
x5 <- 0xFFFFFF7FFDFFF800

mem[X,0x00000000800006E0] -> 0x8293
mem[X,0x00000000800006E2] -> 0x5902
[445] [M]: 0x00000000800006E0 (0x59028293) addi t0, t0, 0x590
x5 <- 0xFFFFFF7FFDFFFD90

mem[X,0x00000000800006E4] -> 0x9293
mem[X,0x00000000800006E6] -> 0x00A2
[446] [M]: 0x00000000800006E4 (0x00A29293) slli t0, t0, 0xa
x5 <- 0xFFFDFFF7FFF64000

mem[X,0x00000000800006E8] -> 0x0637
mem[X,0x00000000800006EA] -> 0x0041
[447] [M]: 0x00000000800006E8 (0x00410637) lui a2, 0x410
x12 <- 0x0000000000410000

mem[X,0x00000000800006EC] -> 0x0613
mem[X,0x00000000800006EE] -> 0xFBF6
[448] [M]: 0x00000000800006EC (0xFBF60613) addi a2, a2, -0x41
x12 <- 0x000000000040FFBF

mem[X,0x00000000800006F0] -> 0x1613
mem[X,0x00000000800006F2] -> 0x00B6
[449] [M]: 0x00000000800006F0 (0x00B61613) slli a2, a2, 0xb
x12 <- 0x0000000207FDF800

mem[X,0x00000000800006F4] -> 0x0613
mem[X,0x00000000800006F6] -> 0x0006
[450] [M]: 0x00000000800006F4 (0x00060613) addi a2, a2, 0x0
x12 <- 0x0000000207FDF800

mem[X,0x00000000800006F8] -> 0x1613
mem[X,0x00000000800006FA] -> 0x00B6
[451] [M]: 0x00000000800006F8 (0x00B61613) slli a2, a2, 0xb
x12 <- 0x0000103FEFC00000

mem[X,0x00000000800006FC] -> 0x0613
mem[X,0x00000000800006FE] -> 0x1FF6
[452] [M]: 0x00000000800006FC (0x1FF60613) addi a2, a2, 0x1ff
x12 <- 0x0000103FEFC001FF

mem[X,0x0000000080000700] -> 0x1613
mem[X,0x0000000080000702] -> 0x00A6
[453] [M]: 0x0000000080000700 (0x00A61613) slli a2, a2, 0xa
x12 <- 0x0040FFBF0007FC00

mem[X,0x0000000080000704] -> 0x0613
mem[X,0x0000000080000706] -> 0x3FD6
[454] [M]: 0x0000000080000704 (0x3FD60613) addi a2, a2, 0x3fd
x12 <- 0x0040FFBF0007FFFD

mem[X,0x0000000080000708] -> 0x893B
mem[X,0x000000008000070A] -> 0xE8C2
[455] [M]: 0x0000000080000708 (0xE8C2893B) pdifu.h s2, t0, a2
x18 <- 0x0043003800114003

mem[X,0x000000008000070C] -> 0x3C23
mem[X,0x000000008000070E] -> 0x0121
[456] [M]: 0x000000008000070C (0x01213C23) sd s2, 0x18(sp)
mem[0x00000000800041A8] <- 0x0043003800114003

mem[X,0x0000000080000710] -> 0xF937
mem[X,0x0000000080000712] -> 0xAAAA
[457] [M]: 0x0000000080000710 (0xAAAAF937) lui s2, -0x55551
x18 <- 0xFFFFFFFFAAAAF000

mem[X,0x0000000080000714] -> 0x0913
mem[X,0x0000000080000716] -> 0x7FF9
[458] [M]: 0x0000000080000714 (0x7FF90913) addi s2, s2, 0x7ff
x18 <- 0xFFFFFFFFAAAAF7FF

mem[X,0x0000000080000718] -> 0x1913
mem[X,0x000000008000071A] -> 0x00B9
[459] [M]: 0x0000000080000718 (0x00B91913) slli s2, s2, 0xb
x18 <- 0xFFFFFD5557BFF800

mem[X,0x000000008000071C] -> 0x0913
mem[X,0x000000008000071E] -> 0x7FF9
[460] [M]: 0x000000008000071C (0x7FF90913) addi s2, s2, 0x7ff
x18 <- 0xFFFFFD5557BFFFFF

mem[X,0x0000000080000720] -> 0x1913
mem[X,0x0000000080000722] -> 0x00B9
[461] [M]: 0x0000000080000720 (0x00B91913) slli s2, s2, 0xb
x18 <- 0xFFEAAABDFFFFF800

mem[X,0x0000000080000724] -> 0x0913
mem[X,0x0000000080000726] -> 0x63F9
[462] [M]: 0x0000000080000724 (0x63F90913) addi s2, s2, 0x63f
x18 <- 0xFFEAAABDFFFFFE3F

mem[X,0x0000000080000728] -> 0x1913
mem[X,0x000000008000072A] -> 0x00A9
[463] [M]: 0x0000000080000728 (0x00A91913) slli s2, s2, 0xa
x18 <- 0xAAAAF7FFFFF8FC00

mem[X,0x000000008000072C] -> 0x0913
mem[X,0x000000008000072E] -> 0x3FE9
[464] [M]: 0x000000008000072C (0x3FE90913) addi s2, s2, 0x3fe
x18 <- 0xAAAAF7FFFFF8FFFE

mem[X,0x0000000080000730] -> 0x0BB7
mem[X,0x0000000080000732] -> 0x000A
[465] [M]: 0x0000000080000730 (0x000A0BB7) lui s7, 0xa0
x23 <- 0x00000000000A0000

mem[X,0x0000000080000734] -> 0x8B93
mem[X,0x0000000080000736] -> 0xF7FB
[466] [M]: 0x0000000080000734 (0xF7FB8B93) addi s7, s7, -0x81
x23 <- 0x000000000009FF7F

mem[X,0x0000000080000738] -> 0x9B93
mem[X,0x000000008000073A] -> 0x00BB
[467] [M]: 0x0000000080000738 (0x00BB9B93) slli s7, s7, 0xb
x23 <- 0x000000004FFBF800

mem[X,0x000000008000073C] -> 0x8B93
mem[X,0x000000008000073E] -> 0x004B
[468] [M]: 0x000000008000073C (0x004B8B93) addi s7, s7, 0x4
x23 <- 0x000000004FFBF804

mem[X,0x0000000080000740] -> 0x9B93
mem[X,0x0000000080000742] -> 0x00BB
[469] [M]: 0x0000000080000740 (0x00BB9B93) slli s7, s7, 0xb
x23 <- 0x0000027FDFC02000

mem[X,0x0000000080000744] -> 0x8B93
mem[X,0x0000000080000746] -> 0x03FB
[470] [M]: 0x0000000080000744 (0x03FB8B93) addi s7, s7, 0x3f
x23 <- 0x0000027FDFC0203F

mem[X,0x0000000080000748] -> 0x9B93
mem[X,0x000000008000074A] -> 0x00AB
[471] [M]: 0x0000000080000748 (0x00AB9B93) slli s7, s7, 0xa
x23 <- 0x0009FF7F0080FC00

mem[X,0x000000008000074C] -> 0x8B93
mem[X,0x000000008000074E] -> 0x3FAB
[472] [M]: 0x000000008000074C (0x3FAB8B93) addi s7, s7, 0x3fa
x23 <- 0x0009FF7F0080FFFA

mem[X,0x0000000080000750] -> 0x0B3B
mem[X,0x0000000080000752] -> 0xE979
[473] [M]: 0x0000000080000750 (0xE9790B3B) pdifu.h s6, s2, s7
x22 <- 0x555F078000880004

mem[X,0x0000000080000754] -> 0x3023
mem[X,0x0000000080000756] -> 0x0361
[474] [M]: 0x0000000080000754 (0x03613023) sd s6, 0x20(sp)
mem[0x00000000800041B0] <- 0x555F078000880004

mem[X,0x0000000080000758] -> 0xFC37
mem[X,0x000000008000075A] -> 0xFF7F
[475] [M]: 0x0000000080000758 (0xFF7FFC37) lui s8, -0x801
x24 <- 0xFFFFFFFFFF7FF000

mem[X,0x000000008000075C] -> 0x0C13
mem[X,0x000000008000075E] -> 0xFFFC
[476] [M]: 0x000000008000075C (0xFFFC0C13) addi s8, s8, -0x1
x24 <- 0xFFFFFFFFFF7FEFFF

mem[X,0x0000000080000760] -> 0x1C13
mem[X,0x0000000080000762] -> 0x00BC
[477] [M]: 0x0000000080000760 (0x00BC1C13) slli s8, s8, 0xb
x24 <- 0xFFFFFFFBFF7FF800

mem[X,0x0000000080000764] -> 0x0C13
mem[X,0x0000000080000766] -> 0x001C
[478] [M]: 0x0000000080000764 (0x001C0C13) addi s8, s8, 0x1
x24 <- 0xFFFFFFFBFF7FF801

mem[X,0x0000000080000768] -> 0x1C13
mem[X,0x000000008000076A] -> 0x00BC
[479] [M]: 0x0000000080000768 (0x00BC1C13) slli s8, s8, 0xb
x24 <- 0xFFFFDFFBFFC00800

mem[X,0x000000008000076C] -> 0x0C13
mem[X,0x000000008000076E] -> 0x03FC
[480] [M]: 0x000000008000076C (0x03FC0C13) addi s8, s8, 0x3f
x24 <- 0xFFFFDFFBFFC0083F

mem[X,0x0000000080000770] -> 0x1C13
mem[X,0x0000000080000772] -> 0x00AC
[481] [M]: 0x0000000080000770 (0x00AC1C13) slli s8, s8, 0xa
x24 <- 0xFF7FEFFF0020FC00

mem[X,0x0000000080000774] -> 0x0C13
mem[X,0x0000000080000776] -> 0x3FDC
[482] [M]: 0x0000000080000774 (0x3FDC0C13) addi s8, s8, 0x3fd
x24 <- 0xFF7FEFFF0020FFFD

mem[X,0x0000000080000778] -> 0x07B7
mem[X,0x000000008000077A] -> 0x2001
[483] [M]: 0x0000000080000778 (0x200107B7) lui a5, 0x20010
x15 <- 0x0000000020010000

mem[X,0x000000008000077C] -> 0x8793
mem[X,0x000000008000077E] -> 0xFFA7
[484] [M]: 0x000000008000077C (0xFFA78793) addi a5, a5, -0x6
x15 <- 0x000000002000FFFA

mem[X,0x0000000080000780] -> 0x9793
mem[X,0x0000000080000782] -> 0x00B7
[485] [M]: 0x0000000080000780 (0x00B79793) slli a5, a5, 0xb
x15 <- 0x0000010007FFD000

mem[X,0x0000000080000784] -> 0x8793
mem[X,0x0000000080000786] -> 0x77F7
[486] [M]: 0x0000000080000784 (0x77F78793) addi a5, a5, 0x77f
x15 <- 0x0000010007FFD77F

mem[X,0x0000000080000788] -> 0x9793
mem[X,0x000000008000078A] -> 0x00B7
[487] [M]: 0x0000000080000788 (0x00B79793) slli a5, a5, 0xb
x15 <- 0x0008003FFEBBF800

mem[X,0x000000008000078C] -> 0x8793
mem[X,0x000000008000078E] -> 0x7C07
[488] [M]: 0x000000008000078C (0x7C078793) addi a5, a5, 0x7c0
x15 <- 0x0008003FFEBBFFC0

mem[X,0x0000000080000790] -> 0x9793
mem[X,0x0000000080000792] -> 0x00A7
[489] [M]: 0x0000000080000790 (0x00A79793) slli a5, a5, 0xa
x15 <- 0x2000FFFAEFFF0000

mem[X,0x0000000080000794] -> 0x8793
mem[X,0x0000000080000796] -> 0x0207
[490] [M]: 0x0000000080000794 (0x02078793) addi a5, a5, 0x20
x15 <- 0x2000FFFAEFFF0020

mem[X,0x0000000080000798] -> 0x033B
mem[X,0x000000008000079A] -> 0xE8FC
[491] [M]: 0x0000000080000798 (0xE8FC033B) pdifu.h t1, s8, a5
x6 <- 0x20810FFB10210023

mem[X,0x000000008000079C] -> 0x3423
mem[X,0x000000008000079E] -> 0x0261
[492] [M]: 0x000000008000079C (0x02613423) sd t1, 0x28(sp)
mem[0x00000000800041B8] <- 0x20810FFB10210023

mem[X,0x00000000800007A0] -> 0x00B7
mem[X,0x00000000800007A2] -> 0x0005
[493] [M]: 0x00000000800007A0 (0x000500B7) lui ra, 0x50
x1 <- 0x0000000000050000

mem[X,0x00000000800007A4] -> 0x8093
mem[X,0x00000000800007A6] -> 0x0400
[494] [M]: 0x00000000800007A4 (0x04008093) addi ra, ra, 0x40
x1 <- 0x0000000000050040

mem[X,0x00000000800007A8] -> 0x9093
mem[X,0x00000000800007AA] -> 0x00B0
[495] [M]: 0x00000000800007A8 (0x00B09093) slli ra, ra, 0xb
x1 <- 0x0000000028020000

mem[X,0x00000000800007AC] -> 0x8093
mem[X,0x00000000800007AE] -> 0x7FF0
[496] [M]: 0x00000000800007AC (0x7FF08093) addi ra, ra, 0x7ff
x1 <- 0x00000000280207FF

mem[X,0x00000000800007B0] -> 0x9093
mem[X,0x00000000800007B2] -> 0x00B0
[497] [M]: 0x00000000800007B0 (0x00B09093) slli ra, ra, 0xb
x1 <- 0x00000140103FF800

mem[X,0x00000000800007B4] -> 0x8093
mem[X,0x00000000800007B6] -> 0x6FF0
[498] [M]: 0x00000000800007B4 (0x6FF08093) addi ra, ra, 0x6ff
x1 <- 0x00000140103FFEFF

mem[X,0x00000000800007B8] -> 0x9093
mem[X,0x00000000800007BA] -> 0x00A0
[499] [M]: 0x00000000800007B8 (0x00A09093) slli ra, ra, 0xa
x1 <- 0x00050040FFFBFC00

clint::tick mtime <- 0x0000000000000005
 clint timer pending at mtime 0x0000000000000005
htif::tick 0x0000000000000000
mem[X,0x00000000800007BC] -> 0x8093
mem[X,0x00000000800007BE] -> 0x3FB0
[500] [M]: 0x00000000800007BC (0x3FB08093) addi ra, ra, 0x3fb
x1 <- 0x00050040FFFBFFFB

mem[X,0x00000000800007C0] -> 0x8837
mem[X,0x00000000800007C2] -> 0xFFF8
[501] [M]: 0x00000000800007C0 (0xFFF88837) lui a6, -0x78
x16 <- 0xFFFFFFFFFFF88000

mem[X,0x00000000800007C4] -> 0x0813
mem[X,0x00000000800007C6] -> 0xFFF8
[502] [M]: 0x00000000800007C4 (0xFFF80813) addi a6, a6, -0x1
x16 <- 0xFFFFFFFFFFF87FFF

mem[X,0x00000000800007C8] -> 0x1813
mem[X,0x00000000800007CA] -> 0x00B8
[503] [M]: 0x00000000800007C8 (0x00B81813) slli a6, a6, 0xb
x16 <- 0xFFFFFFFFC3FFF800

mem[X,0x00000000800007CC] -> 0x0813
mem[X,0x00000000800007CE] -> 0x7FF8
[504] [M]: 0x00000000800007CC (0x7FF80813) addi a6, a6, 0x7ff
x16 <- 0xFFFFFFFFC3FFFFFF

mem[X,0x00000000800007D0] -> 0x1813
mem[X,0x00000000800007D2] -> 0x00B8
[505] [M]: 0x00000000800007D0 (0x00B81813) slli a6, a6, 0xb
x16 <- 0xFFFFFE1FFFFFF800

mem[X,0x00000000800007D4] -> 0x0813
mem[X,0x00000000800007D6] -> 0x7408
[506] [M]: 0x00000000800007D4 (0x74080813) addi a6, a6, 0x740
x16 <- 0xFFFFFE1FFFFFFF40

mem[X,0x00000000800007D8] -> 0x1813
mem[X,0x00000000800007DA] -> 0x00A8
[507] [M]: 0x00000000800007D8 (0x00A81813) slli a6, a6, 0xa
x16 <- 0xFFF87FFFFFFD0000

mem[X,0x00000000800007DC] -> 0x0813
mem[X,0x00000000800007DE] -> 0x1008
[508] [M]: 0x00000000800007DC (0x10080813) addi a6, a6, 0x100
x16 <- 0xFFF87FFFFFFD0100

mem[X,0x00000000800007E0] -> 0x88BB
mem[X,0x00000000800007E2] -> 0xE900
[509] [M]: 0x00000000800007E0 (0xE90088BB) pdifu.h a7, ra, a6
x17 <- 0x000D7FBF00020105

mem[X,0x00000000800007E4] -> 0x3823
mem[X,0x00000000800007E6] -> 0x0311
[510] [M]: 0x00000000800007E4 (0x03113823) sd a7, 0x30(sp)
mem[0x00000000800041C0] <- 0x000D7FBF00020105

mem[X,0x00000000800007E8] -> 0x0737
mem[X,0x00000000800007EA] -> 0x4001
[511] [M]: 0x00000000800007E8 (0x40010737) lui a4, 0x40010
x14 <- 0x0000000040010000

mem[X,0x00000000800007EC] -> 0x0713
mem[X,0x00000000800007EE] -> 0xBFF7
[512] [M]: 0x00000000800007EC (0xBFF70713) addi a4, a4, -0x401
x14 <- 0x000000004000FBFF

mem[X,0x00000000800007F0] -> 0x1713
mem[X,0x00000000800007F2] -> 0x00B7
[513] [M]: 0x00000000800007F0 (0x00B71713) slli a4, a4, 0xb
x14 <- 0x0000020007DFF800

mem[X,0x00000000800007F4] -> 0x0713
mem[X,0x00000000800007F6] -> 0x7BF7
[514] [M]: 0x00000000800007F4 (0x7BF70713) addi a4, a4, 0x7bf
x14 <- 0x0000020007DFFFBF

mem[X,0x00000000800007F8] -> 0x1713
mem[X,0x00000000800007FA] -> 0x00B7
[515] [M]: 0x00000000800007F8 (0x00B71713) slli a4, a4, 0xb
x14 <- 0x0010003EFFFDF800

mem[X,0x00000000800007FC] -> 0x0713
mem[X,0x00000000800007FE] -> 0x7FF7
[516] [M]: 0x00000000800007FC (0x7FF70713) addi a4, a4, 0x7ff
x14 <- 0x0010003EFFFDFFFF

mem[X,0x0000000080000800] -> 0x1713
mem[X,0x0000000080000802] -> 0x00A7
[517] [M]: 0x0000000080000800 (0x00A71713) slli a4, a4, 0xa
x14 <- 0x4000FBFFF7FFFC00

mem[X,0x0000000080000804] -> 0x0713
mem[X,0x0000000080000806] -> 0x3F77
[518] [M]: 0x0000000080000804 (0x3F770713) addi a4, a4, 0x3f7
x14 <- 0x4000FBFFF7FFFFF7

mem[X,0x0000000080000808] -> 0x0A37
mem[X,0x000000008000080A] -> 0xFEFF
[519] [M]: 0x0000000080000808 (0xFEFF0A37) lui s4, -0x1010
x20 <- 0xFFFFFFFFFEFF0000

mem[X,0x000000008000080C] -> 0x0A13
mem[X,0x000000008000080E] -> 0x006A
[520] [M]: 0x000000008000080C (0x006A0A13) addi s4, s4, 0x6
x20 <- 0xFFFFFFFFFEFF0006

mem[X,0x0000000080000810] -> 0x1A13
mem[X,0x0000000080000812] -> 0x00BA
[521] [M]: 0x0000000080000810 (0x00BA1A13) slli s4, s4, 0xb
x20 <- 0xFFFFFFF7F8003000

mem[X,0x0000000080000814] -> 0x0A13
mem[X,0x0000000080000816] -> 0x5FFA
[522] [M]: 0x0000000080000814 (0x5FFA0A13) addi s4, s4, 0x5ff
x20 <- 0xFFFFFFF7F80035FF

mem[X,0x0000000080000818] -> 0x1A13
mem[X,0x000000008000081A] -> 0x00BA
[523] [M]: 0x0000000080000818 (0x00BA1A13) slli s4, s4, 0xb
x20 <- 0xFFFFBFC001AFF800

mem[X,0x000000008000081C] -> 0x0A13
mem[X,0x000000008000081E] -> 0x7C0A
[524] [M]: 0x000000008000081C (0x7C0A0A13) addi s4, s4, 0x7c0
x20 <- 0xFFFFBFC001AFFFC0

mem[X,0x0000000080000820] -> 0x1A13
mem[X,0x0000000080000822] -> 0x00AA
[525] [M]: 0x0000000080000820 (0x00AA1A13) slli s4, s4, 0xa
x20 <- 0xFEFF0006BFFF0000

mem[X,0x0000000080000824] -> 0x0A13
mem[X,0x0000000080000826] -> 0x040A
[526] [M]: 0x0000000080000824 (0x040A0A13) addi s4, s4, 0x40
x20 <- 0xFEFF0006BFFF0040

mem[X,0x0000000080000828] -> 0x07BB
mem[X,0x000000008000082A] -> 0xE947
[527] [M]: 0x0000000080000828 (0xE94707BB) pdifu.h a5, a4, s4
x15 <- 0x4101040738000049

mem[X,0x000000008000082C] -> 0x3C23
mem[X,0x000000008000082E] -> 0x02F1
[528] [M]: 0x000000008000082C (0x02F13C23) sd a5, 0x38(sp)
mem[0x00000000800041C8] <- 0x4101040738000049

mem[X,0x0000000080000830] -> 0x0B37
mem[X,0x0000000080000832] -> 0x0200
[529] [M]: 0x0000000080000830 (0x02000B37) lui s6, 0x2000
x22 <- 0x0000000002000000

mem[X,0x0000000080000834] -> 0x0B13
mem[X,0x0000000080000836] -> 0x010B
[530] [M]: 0x0000000080000834 (0x010B0B13) addi s6, s6, 0x10
x22 <- 0x0000000002000010

mem[X,0x0000000080000838] -> 0x1B13
mem[X,0x000000008000083A] -> 0x00BB
[531] [M]: 0x0000000080000838 (0x00BB1B13) slli s6, s6, 0xb
x22 <- 0x0000001000008000

mem[X,0x000000008000083C] -> 0x0B13
mem[X,0x000000008000083E] -> 0x008B
[532] [M]: 0x000000008000083C (0x008B0B13) addi s6, s6, 0x8
x22 <- 0x0000001000008008

mem[X,0x0000000080000840] -> 0x1B13
mem[X,0x0000000080000842] -> 0x00BB
[533] [M]: 0x0000000080000840 (0x00BB1B13) slli s6, s6, 0xb
x22 <- 0x0000800004004000

mem[X,0x0000000080000844] -> 0x0B13
mem[X,0x0000000080000846] -> 0x03FB
[534] [M]: 0x0000000080000844 (0x03FB0B13) addi s6, s6, 0x3f
x22 <- 0x000080000400403F

mem[X,0x0000000080000848] -> 0x1B13
mem[X,0x000000008000084A] -> 0x00AB
[535] [M]: 0x0000000080000848 (0x00AB1B13) slli s6, s6, 0xa
x22 <- 0x020000100100FC00

mem[X,0x000000008000084C] -> 0x0B13
mem[X,0x000000008000084E] -> 0x3EFB
[536] [M]: 0x000000008000084C (0x3EFB0B13) addi s6, s6, 0x3ef
x22 <- 0x020000100100FFEF

mem[X,0x0000000080000850] -> 0x03B7
mem[X,0x0000000080000852] -> 0xDFFF
[537] [M]: 0x0000000080000850 (0xDFFF03B7) lui t2, -0x20010
x7 <- 0xFFFFFFFFDFFF0000

mem[X,0x0000000080000854] -> 0x8393
mem[X,0x0000000080000856] -> 0x0803
[538] [M]: 0x0000000080000854 (0x08038393) addi t2, t2, 0x80
x7 <- 0xFFFFFFFFDFFF0080

mem[X,0x0000000080000858] -> 0x9393
mem[X,0x000000008000085A] -> 0x00B3
[539] [M]: 0x0000000080000858 (0x00B39393) slli t2, t2, 0xb
x7 <- 0xFFFFFEFFF8040000

mem[X,0x000000008000085C] -> 0x8393
mem[X,0x000000008000085E] -> 0x7FF3
[540] [M]: 0x000000008000085C (0x7FF38393) addi t2, t2, 0x7ff
x7 <- 0xFFFFFEFFF80407FF

mem[X,0x0000000080000860] -> 0x9393
mem[X,0x0000000080000862] -> 0x00B3
[541] [M]: 0x0000000080000860 (0x00B39393) slli t2, t2, 0xb
x7 <- 0xFFF7FFC0203FF800

mem[X,0x0000000080000864] -> 0x8393
mem[X,0x0000000080000866] -> 0x5FF3
[542] [M]: 0x0000000080000864 (0x5FF38393) addi t2, t2, 0x5ff
x7 <- 0xFFF7FFC0203FFDFF

mem[X,0x0000000080000868] -> 0x9393
mem[X,0x000000008000086A] -> 0x00A3
[543] [M]: 0x0000000080000868 (0x00A39393) slli t2, t2, 0xa
x7 <- 0xDFFF0080FFF7FC00

mem[X,0x000000008000086C] -> 0x8393
mem[X,0x000000008000086E] -> 0x3F73
[544] [M]: 0x000000008000086C (0x3F738393) addi t2, t2, 0x3f7
x7 <- 0xDFFF0080FFF7FFF7

mem[X,0x0000000080000870] -> 0x073B
mem[X,0x0000000080000872] -> 0xE87B
[545] [M]: 0x0000000080000870 (0xE87B073B) pdifu.h a4, s6, t2
x14 <- 0x2201007001090008

mem[X,0x0000000080000874] -> 0x3023
mem[X,0x0000000080000876] -> 0x04E1
[546] [M]: 0x0000000080000874 (0x04E13023) sd a4, 0x40(sp)
mem[0x00000000800041D0] <- 0x2201007001090008

mem[X,0x0000000080000878] -> 0x0237
mem[X,0x000000008000087A] -> 0x0800
[547] [M]: 0x0000000080000878 (0x08000237) lui tp, 0x8000
x4 <- 0x0000000008000000

mem[X,0x000000008000087C] -> 0x0213
mem[X,0x000000008000087E] -> 0x0052
[548] [M]: 0x000000008000087C (0x00520213) addi tp, tp, 0x5
x4 <- 0x0000000008000005

mem[X,0x0000000080000880] -> 0x1213
mem[X,0x0000000080000882] -> 0x00B2
[549] [M]: 0x0000000080000880 (0x00B21213) slli tp, tp, 0xb
x4 <- 0x0000004000002800

mem[X,0x0000000080000884] -> 0x0213
mem[X,0x0000000080000886] -> 0x0002
[550] [M]: 0x0000000080000884 (0x00020213) addi tp, tp, 0x0
x4 <- 0x0000004000002800

mem[X,0x0000000080000888] -> 0x1213
mem[X,0x000000008000088A] -> 0x00B2
[551] [M]: 0x0000000080000888 (0x00B21213) slli tp, tp, 0xb
x4 <- 0x0002000001400000

mem[X,0x000000008000088C] -> 0x0213
mem[X,0x000000008000088E] -> 0x07F2
[552] [M]: 0x000000008000088C (0x07F20213) addi tp, tp, 0x7f
x4 <- 0x000200000140007F

mem[X,0x0000000080000890] -> 0x1213
mem[X,0x0000000080000892] -> 0x00A2
[553] [M]: 0x0000000080000890 (0x00A21213) slli tp, tp, 0xa
x4 <- 0x080000050001FC00

mem[X,0x0000000080000894] -> 0x0213
mem[X,0x0000000080000896] -> 0x3DF2
[554] [M]: 0x0000000080000894 (0x3DF20213) addi tp, tp, 0x3df
x4 <- 0x080000050001FFDF

mem[X,0x0000000080000898] -> 0x08B7
mem[X,0x000000008000089A] -> 0x000A
[555] [M]: 0x0000000080000898 (0x000A08B7) lui a7, 0xa0
x17 <- 0x00000000000A0000

mem[X,0x000000008000089C] -> 0x8893
mem[X,0x000000008000089E] -> 0x0038
[556] [M]: 0x000000008000089C (0x00388893) addi a7, a7, 0x3
x17 <- 0x00000000000A0003

mem[X,0x00000000800008A0] -> 0x9893
mem[X,0x00000000800008A2] -> 0x00F8
[557] [M]: 0x00000000800008A0 (0x00F89893) slli a7, a7, 0xf
x17 <- 0x0000000500018000

mem[X,0x00000000800008A4] -> 0x09BB
mem[X,0x00000000800008A6] -> 0xE912
[558] [M]: 0x00000000800008A4 (0xE91209BB) pdifu.h s3, tp, a7
x19 <- 0x0800000000007FDF

mem[X,0x00000000800008A8] -> 0x3423
mem[X,0x00000000800008AA] -> 0x0531
[559] [M]: 0x00000000800008A8 (0x05313423) sd s3, 0x48(sp)
mem[0x00000000800041D8] <- 0x0800000000007FDF

mem[X,0x00000000800008AC] -> 0x4437
mem[X,0x00000000800008AE] -> 0x0002
[560] [M]: 0x00000000800008AC (0x00024437) lui fp, 0x24
x8 <- 0x0000000000024000

mem[X,0x00000000800008B0] -> 0x0413
mem[X,0x00000000800008B2] -> 0xFFF4
[561] [M]: 0x00000000800008B0 (0xFFF40413) addi fp, fp, -0x1
x8 <- 0x0000000000023FFF

mem[X,0x00000000800008B4] -> 0x1413
mem[X,0x00000000800008B6] -> 0x00B4
[562] [M]: 0x00000000800008B4 (0x00B41413) slli fp, fp, 0xb
x8 <- 0x0000000011FFF800

mem[X,0x00000000800008B8] -> 0x0413
mem[X,0x00000000800008BA] -> 0x7FF4
[563] [M]: 0x00000000800008B8 (0x7FF40413) addi fp, fp, 0x7ff
x8 <- 0x0000000011FFFFFF

mem[X,0x00000000800008BC] -> 0x1413
mem[X,0x00000000800008BE] -> 0x00B4
[564] [M]: 0x00000000800008BC (0x00B41413) slli fp, fp, 0xb
x8 <- 0x0000008FFFFFF800

mem[X,0x00000000800008C0] -> 0x0413
mem[X,0x00000000800008C2] -> 0x5FF4
[565] [M]: 0x00000000800008C0 (0x5FF40413) addi fp, fp, 0x5ff
x8 <- 0x0000008FFFFFFDFF

mem[X,0x00000000800008C4] -> 0x1413
mem[X,0x00000000800008C6] -> 0x00A4
[566] [M]: 0x00000000800008C4 (0x00A41413) slli fp, fp, 0xa
x8 <- 0x00023FFFFFF7FC00

mem[X,0x00000000800008C8] -> 0x0413
mem[X,0x00000000800008CA] -> 0x3BF4
[567] [M]: 0x00000000800008C8 (0x3BF40413) addi fp, fp, 0x3bf
x8 <- 0x00023FFFFFF7FFBF

mem[X,0x00000000800008CC] -> 0x06B7
mem[X,0x00000000800008CE] -> 0x0011
[568] [M]: 0x00000000800008CC (0x001106B7) lui a3, 0x110
x13 <- 0x0000000000110000

mem[X,0x00000000800008D0] -> 0x8693
mem[X,0x00000000800008D2] -> 0xFFA6
[569] [M]: 0x00000000800008D0 (0xFFA68693) addi a3, a3, -0x6
x13 <- 0x000000000010FFFA

mem[X,0x00000000800008D4] -> 0x9693
mem[X,0x00000000800008D6] -> 0x00B6
[570] [M]: 0x00000000800008D4 (0x00B69693) slli a3, a3, 0xb
x13 <- 0x0000000087FFD000

mem[X,0x00000000800008D8] -> 0x8693
mem[X,0x00000000800008DA] -> 0x0406
[571] [M]: 0x00000000800008D8 (0x04068693) addi a3, a3, 0x40
x13 <- 0x0000000087FFD040

mem[X,0x00000000800008DC] -> 0x9693
mem[X,0x00000000800008DE] -> 0x00B6
[572] [M]: 0x00000000800008DC (0x00B69693) slli a3, a3, 0xb
x13 <- 0x0000043FFE820000

mem[X,0x00000000800008E0] -> 0x8693
mem[X,0x00000000800008E2] -> 0x01F6
[573] [M]: 0x00000000800008E0 (0x01F68693) addi a3, a3, 0x1f
x13 <- 0x0000043FFE82001F

mem[X,0x00000000800008E4] -> 0x9693
mem[X,0x00000000800008E6] -> 0x00A6
[574] [M]: 0x00000000800008E4 (0x00A69693) slli a3, a3, 0xa
x13 <- 0x0010FFFA08007C00

mem[X,0x00000000800008E8] -> 0x8693
mem[X,0x00000000800008EA] -> 0x3FF6
[575] [M]: 0x00000000800008E8 (0x3FF68693) addi a3, a3, 0x3ff
x13 <- 0x0010FFFA08007FFF

mem[X,0x00000000800008EC] -> 0x0A3B
mem[X,0x00000000800008EE] -> 0xE8D4
[576] [M]: 0x00000000800008EC (0xE8D40A3B) pdifu.h s4, fp, a3
x20 <- 0x000E400508097FC0

mem[X,0x00000000800008F0] -> 0x3823
mem[X,0x00000000800008F2] -> 0x0541
[577] [M]: 0x00000000800008F0 (0x05413823) sd s4, 0x50(sp)
mem[0x00000000800041E0] <- 0x000E400508097FC0

mem[X,0x00000000800008F4] -> 0x0E37
mem[X,0x00000000800008F6] -> 0xFFF8
[578] [M]: 0x00000000800008F4 (0xFFF80E37) lui t3, -0x80
x28 <- 0xFFFFFFFFFFF80000

mem[X,0x00000000800008F8] -> 0x0E13
mem[X,0x00000000800008FA] -> 0xDFFE
[579] [M]: 0x00000000800008F8 (0xDFFE0E13) addi t3, t3, -0x201
x28 <- 0xFFFFFFFFFFF7FDFF

mem[X,0x00000000800008FC] -> 0x1E13
mem[X,0x00000000800008FE] -> 0x00BE
[580] [M]: 0x00000000800008FC (0x00BE1E13) slli t3, t3, 0xb
x28 <- 0xFFFFFFFFBFEFF800

mem[X,0x0000000080000900] -> 0x0E13
mem[X,0x0000000080000902] -> 0x7DFE
[581] [M]: 0x0000000080000900 (0x7DFE0E13) addi t3, t3, 0x7df
x28 <- 0xFFFFFFFFBFEFFFDF

mem[X,0x0000000080000904] -> 0x1E13
mem[X,0x0000000080000906] -> 0x00BE
[582] [M]: 0x0000000080000904 (0x00BE1E13) slli t3, t3, 0xb
x28 <- 0xFFFFFDFF7FFEF800

mem[X,0x0000000080000908] -> 0x0E13
mem[X,0x000000008000090A] -> 0x7FFE
[583] [M]: 0x0000000080000908 (0x7FFE0E13) addi t3, t3, 0x7ff
x28 <- 0xFFFFFDFF7FFEFFFF

mem[X,0x000000008000090C] -> 0x1E13
mem[X,0x000000008000090E] -> 0x00AE
[584] [M]: 0x000000008000090C (0x00AE1E13) slli t3, t3, 0xa
x28 <- 0xFFF7FDFFFBFFFC00

mem[X,0x0000000080000910] -> 0x0E13
mem[X,0x0000000080000912] -> 0x37FE
[585] [M]: 0x0000000080000910 (0x37FE0E13) addi t3, t3, 0x37f
x28 <- 0xFFF7FDFFFBFFFF7F

mem[X,0x0000000080000914] -> 0x02B7
mem[X,0x0000000080000916] -> 0x0007
[586] [M]: 0x0000000080000914 (0x000702B7) lui t0, 0x70
x5 <- 0x0000000000070000

mem[X,0x0000000080000918] -> 0x8293
mem[X,0x000000008000091A] -> 0x4002
[587] [M]: 0x0000000080000918 (0x40028293) addi t0, t0, 0x400
x5 <- 0x0000000000070400

mem[X,0x000000008000091C] -> 0x9293
mem[X,0x000000008000091E] -> 0x00B2
[588] [M]: 0x000000008000091C (0x00B29293) slli t0, t0, 0xb
x5 <- 0x0000000038200000

mem[X,0x0000000080000920] -> 0x8293
mem[X,0x0000000080000922] -> 0x0002
[589] [M]: 0x0000000080000920 (0x00028293) addi t0, t0, 0x0
x5 <- 0x0000000038200000

mem[X,0x0000000080000924] -> 0x9293
mem[X,0x0000000080000926] -> 0x00B2
[590] [M]: 0x0000000080000924 (0x00B29293) slli t0, t0, 0xb
x5 <- 0x000001C100000000

mem[X,0x0000000080000928] -> 0x8293
mem[X,0x000000008000092A] -> 0x2402
[591] [M]: 0x0000000080000928 (0x24028293) addi t0, t0, 0x240
x5 <- 0x000001C100000240

mem[X,0x000000008000092C] -> 0x9293
mem[X,0x000000008000092E] -> 0x00A2
[592] [M]: 0x000000008000092C (0x00A29293) slli t0, t0, 0xa
x5 <- 0x0007040000090000

mem[X,0x0000000080000930] -> 0x8293
mem[X,0x0000000080000932] -> 0x0082
[593] [M]: 0x0000000080000930 (0x00828293) addi t0, t0, 0x8
x5 <- 0x0007040000090008

mem[X,0x0000000080000934] -> 0x0EBB
mem[X,0x0000000080000936] -> 0xE85E
[594] [M]: 0x0000000080000934 (0xE85E0EBB) pdifu.h t4, t3, t0
x29 <- 0x00100601040A0089

mem[X,0x0000000080000938] -> 0x3C23
mem[X,0x000000008000093A] -> 0x05D1
[595] [M]: 0x0000000080000938 (0x05D13C23) sd t4, 0x58(sp)
mem[0x00000000800041E8] <- 0x00100601040A0089

mem[X,0x000000008000093C] -> 0x0337
mem[X,0x000000008000093E] -> 0x0003
[596] [M]: 0x000000008000093C (0x00030337) lui t1, 0x30
x6 <- 0x0000000000030000

mem[X,0x0000000080000940] -> 0x0313
mem[X,0x0000000080000942] -> 0x0033
[597] [M]: 0x0000000080000940 (0x00330313) addi t1, t1, 0x3
x6 <- 0x0000000000030003

mem[X,0x0000000080000944] -> 0x1313
mem[X,0x0000000080000946] -> 0x00B3
[598] [M]: 0x0000000080000944 (0x00B31313) slli t1, t1, 0xb
x6 <- 0x0000000018001800

mem[X,0x0000000080000948] -> 0x0313
mem[X,0x000000008000094A] -> 0x7FF3
[599] [M]: 0x0000000080000948 (0x7FF30313) addi t1, t1, 0x7ff
x6 <- 0x0000000018001FFF

clint::tick mtime <- 0x0000000000000006
 clint timer pending at mtime 0x0000000000000006
htif::tick 0x0000000000000000
mem[X,0x000000008000094C] -> 0x1313
mem[X,0x000000008000094E] -> 0x00B3
[600] [M]: 0x000000008000094C (0x00B31313) slli t1, t1, 0xb
x6 <- 0x000000C000FFF800

mem[X,0x0000000080000950] -> 0x0313
mem[X,0x0000000080000952] -> 0x7BF3
[601] [M]: 0x0000000080000950 (0x7BF30313) addi t1, t1, 0x7bf
x6 <- 0x000000C000FFFFBF

mem[X,0x0000000080000954] -> 0x1313
mem[X,0x0000000080000956] -> 0x00A3
[602] [M]: 0x0000000080000954 (0x00A31313) slli t1, t1, 0xa
x6 <- 0x00030003FFFEFC00

mem[X,0x0000000080000958] -> 0x0313
mem[X,0x000000008000095A] -> 0x2FF3
[603] [M]: 0x0000000080000958 (0x2FF30313) addi t1, t1, 0x2ff
x6 <- 0x00030003FFFEFEFF

mem[X,0x000000008000095C] -> 0x0437
mem[X,0x000000008000095E] -> 0xFF7F
[604] [M]: 0x000000008000095C (0xFF7F0437) lui fp, -0x810
x8 <- 0xFFFFFFFFFF7F0000

mem[X,0x0000000080000960] -> 0x0413
mem[X,0x0000000080000962] -> 0x0014
[605] [M]: 0x0000000080000960 (0x00140413) addi fp, fp, 0x1
x8 <- 0xFFFFFFFFFF7F0001

mem[X,0x0000000080000964] -> 0x1413
mem[X,0x0000000080000966] -> 0x00B4
[606] [M]: 0x0000000080000964 (0x00B41413) slli fp, fp, 0xb
x8 <- 0xFFFFFFFBF8000800

mem[X,0x0000000080000968] -> 0x0413
mem[X,0x000000008000096A] -> 0x7FF4
[607] [M]: 0x0000000080000968 (0x7FF40413) addi fp, fp, 0x7ff
x8 <- 0xFFFFFFFBF8000FFF

mem[X,0x000000008000096C] -> 0x1413
mem[X,0x000000008000096E] -> 0x00B4
[608] [M]: 0x000000008000096C (0x00B41413) slli fp, fp, 0xb
x8 <- 0xFFFFDFC0007FF800

mem[X,0x0000000080000970] -> 0x0413
mem[X,0x0000000080000972] -> 0x63F4
[609] [M]: 0x0000000080000970 (0x63F40413) addi fp, fp, 0x63f
x8 <- 0xFFFFDFC0007FFE3F

mem[X,0x0000000080000974] -> 0x1413
mem[X,0x0000000080000976] -> 0x00A4
[610] [M]: 0x0000000080000974 (0x00A41413) slli fp, fp, 0xa
x8 <- 0xFF7F0001FFF8FC00

mem[X,0x0000000080000978] -> 0x0413
mem[X,0x000000008000097A] -> 0x3FA4
[611] [M]: 0x0000000080000978 (0x3FA40413) addi fp, fp, 0x3fa
x8 <- 0xFF7F0001FFF8FFFA

mem[X,0x000000008000097C] -> 0x0C3B
mem[X,0x000000008000097E] -> 0xE883
[612] [M]: 0x000000008000097C (0xE8830C3B) pdifu.h s8, t1, fp
x24 <- 0x00840002000600FB

mem[X,0x0000000080000980] -> 0x3023
mem[X,0x0000000080000982] -> 0x0781
[613] [M]: 0x0000000080000980 (0x07813023) sd s8, 0x60(sp)
mem[0x00000000800041F0] <- 0x00840002000600FB

mem[X,0x0000000080000984] -> 0x08B7
mem[X,0x0000000080000986] -> 0xFDFF
[614] [M]: 0x0000000080000984 (0xFDFF08B7) lui a7, -0x2010
x17 <- 0xFFFFFFFFFDFF0000

mem[X,0x0000000080000988] -> 0x8893
mem[X,0x000000008000098A] -> 0x2008
[615] [M]: 0x0000000080000988 (0x20088893) addi a7, a7, 0x200
x17 <- 0xFFFFFFFFFDFF0200

mem[X,0x000000008000098C] -> 0x9893
mem[X,0x000000008000098E] -> 0x00B8
[616] [M]: 0x000000008000098C (0x00B89893) slli a7, a7, 0xb
x17 <- 0xFFFFFFEFF8100000

mem[X,0x0000000080000990] -> 0x8893
mem[X,0x0000000080000992] -> 0x0008
[617] [M]: 0x0000000080000990 (0x00088893) addi a7, a7, 0x0
x17 <- 0xFFFFFFEFF8100000

mem[X,0x0000000080000994] -> 0x9893
mem[X,0x0000000080000996] -> 0x00B8
[618] [M]: 0x0000000080000994 (0x00B89893) slli a7, a7, 0xb
x17 <- 0xFFFF7FC080000000

mem[X,0x0000000080000998] -> 0x8893
mem[X,0x000000008000099A] -> 0x0BF8
[619] [M]: 0x0000000080000998 (0x0BF88893) addi a7, a7, 0xbf
x17 <- 0xFFFF7FC0800000BF

mem[X,0x000000008000099C] -> 0x9893
mem[X,0x000000008000099E] -> 0x00A8
[620] [M]: 0x000000008000099C (0x00A89893) slli a7, a7, 0xa
x17 <- 0xFDFF02000002FC00

mem[X,0x00000000800009A0] -> 0x8893
mem[X,0x00000000800009A2] -> 0x1FF8
[621] [M]: 0x00000000800009A0 (0x1FF88893) addi a7, a7, 0x1ff
x17 <- 0xFDFF02000002FDFF

mem[X,0x00000000800009A4] -> 0x0AB7
mem[X,0x00000000800009A6] -> 0x8000
[622] [M]: 0x00000000800009A4 (0x80000AB7) lui s5, -0x80000
x21 <- 0xFFFFFFFF80000000

mem[X,0x00000000800009A8] -> 0x8A93
mem[X,0x00000000800009AA] -> 0x004A
[623] [M]: 0x00000000800009A8 (0x004A8A93) addi s5, s5, 0x4
x21 <- 0xFFFFFFFF80000004

mem[X,0x00000000800009AC] -> 0x9A93
mem[X,0x00000000800009AE] -> 0x00BA
[624] [M]: 0x00000000800009AC (0x00BA9A93) slli s5, s5, 0xb
x21 <- 0xFFFFFC0000002000

mem[X,0x00000000800009B0] -> 0x8A93
mem[X,0x00000000800009B2] -> 0x010A
[625] [M]: 0x00000000800009B0 (0x010A8A93) addi s5, s5, 0x10
x21 <- 0xFFFFFC0000002010

mem[X,0x00000000800009B4] -> 0x9A93
mem[X,0x00000000800009B6] -> 0x00BA
[626] [M]: 0x00000000800009B4 (0x00BA9A93) slli s5, s5, 0xb
x21 <- 0xFFE0000001008000

mem[X,0x00000000800009B8] -> 0x8A93
mem[X,0x00000000800009BA] -> 0x03FA
[627] [M]: 0x00000000800009B8 (0x03FA8A93) addi s5, s5, 0x3f
x21 <- 0xFFE000000100803F

mem[X,0x00000000800009BC] -> 0x9A93
mem[X,0x00000000800009BE] -> 0x00AA
[628] [M]: 0x00000000800009BC (0x00AA9A93) slli s5, s5, 0xa
x21 <- 0x800000040200FC00

mem[X,0x00000000800009C0] -> 0x8A93
mem[X,0x00000000800009C2] -> 0x3FDA
[629] [M]: 0x00000000800009C0 (0x3FDA8A93) addi s5, s5, 0x3fd
x21 <- 0x800000040200FFFD

mem[X,0x00000000800009C4] -> 0x843B
mem[X,0x00000000800009C6] -> 0xE958
[630] [M]: 0x00000000800009C4 (0xE958843B) pdifu.h fp, a7, s5
x8 <- 0x7DFF01FC01FE01FE

mem[X,0x00000000800009C8] -> 0x3423
mem[X,0x00000000800009CA] -> 0x0681
[631] [M]: 0x00000000800009C8 (0x06813423) sd fp, 0x68(sp)
mem[0x00000000800041F8] <- 0x7DFF01FC01FE01FE

mem[X,0x00000000800009CC] -> 0x0013
mem[X,0x00000000800009CE] -> 0x0000
[632] [M]: 0x00000000800009CC (0x00000013) addi zero, zero, 0x0

mem[X,0x00000000800009D0] -> 0x0013
mem[X,0x00000000800009D2] -> 0x0000
[633] [M]: 0x00000000800009D0 (0x00000013) addi zero, zero, 0x0

mem[X,0x00000000800009D4] -> 0x0013
mem[X,0x00000000800009D6] -> 0x0000
[634] [M]: 0x00000000800009D4 (0x00000013) addi zero, zero, 0x0

mem[X,0x00000000800009D8] -> 0x0013
mem[X,0x00000000800009DA] -> 0x0000
[635] [M]: 0x00000000800009D8 (0x00000013) addi zero, zero, 0x0

mem[X,0x00000000800009DC] -> 0x0013
mem[X,0x00000000800009DE] -> 0x0000
[636] [M]: 0x00000000800009DC (0x00000013) addi zero, zero, 0x0

mem[X,0x00000000800009E0] -> 0x4097
mem[X,0x00000000800009E2] -> 0x0000
[637] [M]: 0x00000000800009E0 (0x00004097) auipc ra, 0x4
x1 <- 0x00000000800049E0

mem[X,0x00000000800009E4] -> 0x8093
mem[X,0x00000000800009E6] -> 0x8200
[638] [M]: 0x00000000800009E4 (0x82008093) addi ra, ra, -0x7e0
x1 <- 0x0000000080004200

mem[X,0x00000000800009E8] -> 0x0013
mem[X,0x00000000800009EA] -> 0x0000
[639] [M]: 0x00000000800009E8 (0x00000013) addi zero, zero, 0x0

mem[X,0x00000000800009EC] -> 0x0013
mem[X,0x00000000800009EE] -> 0x0000
[640] [M]: 0x00000000800009EC (0x00000013) addi zero, zero, 0x0

mem[X,0x00000000800009F0] -> 0x0013
mem[X,0x00000000800009F2] -> 0x0000
[641] [M]: 0x00000000800009F0 (0x00000013) addi zero, zero, 0x0

mem[X,0x00000000800009F4] -> 0x0013
mem[X,0x00000000800009F6] -> 0x0000
[642] [M]: 0x00000000800009F4 (0x00000013) addi zero, zero, 0x0

mem[X,0x00000000800009F8] -> 0x0013
mem[X,0x00000000800009FA] -> 0x0000
[643] [M]: 0x00000000800009F8 (0x00000013) addi zero, zero, 0x0

mem[X,0x00000000800009FC] -> 0x0013
mem[X,0x00000000800009FE] -> 0x0000
[644] [M]: 0x00000000800009FC (0x00000013) addi zero, zero, 0x0

mem[X,0x0000000080000A00] -> 0x0DB7
mem[X,0x0000000080000A02] -> 0xFF80
[645] [M]: 0x0000000080000A00 (0xFF800DB7) lui s11, -0x800
x27 <- 0xFFFFFFFFFF800000

mem[X,0x0000000080000A04] -> 0x8D93
mem[X,0x0000000080000A06] -> 0xDFFD
[646] [M]: 0x0000000080000A04 (0xDFFD8D93) addi s11, s11, -0x201
x27 <- 0xFFFFFFFFFF7FFDFF

mem[X,0x0000000080000A08] -> 0x9D93
mem[X,0x0000000080000A0A] -> 0x00BD
[647] [M]: 0x0000000080000A08 (0x00BD9D93) slli s11, s11, 0xb
x27 <- 0xFFFFFFFBFFEFF800

mem[X,0x0000000080000A0C] -> 0x8D93
mem[X,0x0000000080000A0E] -> 0x000D
[648] [M]: 0x0000000080000A0C (0x000D8D93) addi s11, s11, 0x0
x27 <- 0xFFFFFFFBFFEFF800

mem[X,0x0000000080000A10] -> 0x9D93
mem[X,0x0000000080000A12] -> 0x00BD
[649] [M]: 0x0000000080000A10 (0x00BD9D93) slli s11, s11, 0xb
x27 <- 0xFFFFDFFF7FC00000

mem[X,0x0000000080000A14] -> 0x8D93
mem[X,0x0000000080000A16] -> 0x1FED
[650] [M]: 0x0000000080000A14 (0x1FED8D93) addi s11, s11, 0x1fe
x27 <- 0xFFFFDFFF7FC001FE

mem[X,0x0000000080000A18] -> 0x9D93
mem[X,0x0000000080000A1A] -> 0x00AD
[651] [M]: 0x0000000080000A18 (0x00AD9D93) slli s11, s11, 0xa
x27 <- 0xFF7FFDFF0007F800

mem[X,0x0000000080000A1C] -> 0x8D93
mem[X,0x0000000080000A1E] -> 0x3FFD
[652] [M]: 0x0000000080000A1C (0x3FFD8D93) addi s11, s11, 0x3ff
x27 <- 0xFF7FFDFF0007FBFF

mem[X,0x0000000080000A20] -> 0x0E37
mem[X,0x0000000080000A22] -> 0xFF80
[653] [M]: 0x0000000080000A20 (0xFF800E37) lui t3, -0x800
x28 <- 0xFFFFFFFFFF800000

mem[X,0x0000000080000A24] -> 0x0E13
mem[X,0x0000000080000A26] -> 0xEFFE
[654] [M]: 0x0000000080000A24 (0xEFFE0E13) addi t3, t3, -0x101
x28 <- 0xFFFFFFFFFF7FFEFF

mem[X,0x0000000080000A28] -> 0x1E13
mem[X,0x0000000080000A2A] -> 0x00BE
[655] [M]: 0x0000000080000A28 (0x00BE1E13) slli t3, t3, 0xb
x28 <- 0xFFFFFFFBFFF7F800

mem[X,0x0000000080000A2C] -> 0x0E13
mem[X,0x0000000080000A2E] -> 0x000E
[656] [M]: 0x0000000080000A2C (0x000E0E13) addi t3, t3, 0x0
x28 <- 0xFFFFFFFBFFF7F800

mem[X,0x0000000080000A30] -> 0x1E13
mem[X,0x0000000080000A32] -> 0x00BE
[657] [M]: 0x0000000080000A30 (0x00BE1E13) slli t3, t3, 0xb
x28 <- 0xFFFFDFFFBFC00000

mem[X,0x0000000080000A34] -> 0x0E13
mem[X,0x0000000080000A36] -> 0x17FE
[658] [M]: 0x0000000080000A34 (0x17FE0E13) addi t3, t3, 0x17f
x28 <- 0xFFFFDFFFBFC0017F

mem[X,0x0000000080000A38] -> 0x1E13
mem[X,0x0000000080000A3A] -> 0x00AE
[659] [M]: 0x0000000080000A38 (0x00AE1E13) slli t3, t3, 0xa
x28 <- 0xFF7FFEFF0005FC00

mem[X,0x0000000080000A3C] -> 0x0E13
mem[X,0x0000000080000A3E] -> 0x3FCE
[660] [M]: 0x0000000080000A3C (0x3FCE0E13) addi t3, t3, 0x3fc
x28 <- 0xFF7FFEFF0005FFFC

mem[X,0x0000000080000A40] -> 0x853B
mem[X,0x0000000080000A42] -> 0xE9CD
[661] [M]: 0x0000000080000A40 (0xE9CD853B) pdifu.h a0, s11, t3
x10 <- 0x00000100000203FD

mem[X,0x0000000080000A44] -> 0xB023
mem[X,0x0000000080000A46] -> 0x00A0
[662] [M]: 0x0000000080000A44 (0x00A0B023) sd a0, 0x0(ra)
mem[0x0000000080004200] <- 0x00000100000203FD

mem[X,0x0000000080000A48] -> 0x07B7
mem[X,0x0000000080000A4A] -> 0x5556
[663] [M]: 0x0000000080000A48 (0x555607B7) lui a5, 0x55560
x15 <- 0x0000000055560000

mem[X,0x0000000080000A4C] -> 0x8793
mem[X,0x0000000080000A4E] -> 0xFF67
[664] [M]: 0x0000000080000A4C (0xFF678793) addi a5, a5, -0xa
x15 <- 0x000000005555FFF6

mem[X,0x0000000080000A50] -> 0x9793
mem[X,0x0000000080000A52] -> 0x00B7
[665] [M]: 0x0000000080000A50 (0x00B79793) slli a5, a5, 0xb
x15 <- 0x000002AAAFFFB000

mem[X,0x0000000080000A54] -> 0x8793
mem[X,0x0000000080000A56] -> 0x0007
[666] [M]: 0x0000000080000A54 (0x00078793) addi a5, a5, 0x0
x15 <- 0x000002AAAFFFB000

mem[X,0x0000000080000A58] -> 0x9793
mem[X,0x0000000080000A5A] -> 0x00B7
[667] [M]: 0x0000000080000A58 (0x00B79793) slli a5, a5, 0xb
x15 <- 0x0015557FFD800000

mem[X,0x0000000080000A5C] -> 0x8793
mem[X,0x0000000080000A5E] -> 0x13D7
[668] [M]: 0x0000000080000A5C (0x13D78793) addi a5, a5, 0x13d
x15 <- 0x0015557FFD80013D

mem[X,0x0000000080000A60] -> 0x9793
mem[X,0x0000000080000A62] -> 0x00A7
[669] [M]: 0x0000000080000A60 (0x00A79793) slli a5, a5, 0xa
x15 <- 0x5555FFF60004F400

mem[X,0x0000000080000A64] -> 0x8793
mem[X,0x0000000080000A66] -> 0x3FF7
[670] [M]: 0x0000000080000A64 (0x3FF78793) addi a5, a5, 0x3ff
x15 <- 0x5555FFF60004F7FF

mem[X,0x0000000080000A68] -> 0x0FB7
mem[X,0x0000000080000A6A] -> 0xC000
[671] [M]: 0x0000000080000A68 (0xC0000FB7) lui t6, -0x40000
x31 <- 0xFFFFFFFFC0000000

mem[X,0x0000000080000A6C] -> 0x8F93
mem[X,0x0000000080000A6E] -> 0xFF6F
[672] [M]: 0x0000000080000A6C (0xFF6F8F93) addi t6, t6, -0xa
x31 <- 0xFFFFFFFFBFFFFFF6

mem[X,0x0000000080000A70] -> 0x9F93
mem[X,0x0000000080000A72] -> 0x00BF
[673] [M]: 0x0000000080000A70 (0x00BF9F93) slli t6, t6, 0xb
x31 <- 0xFFFFFDFFFFFFB000

mem[X,0x0000000080000A74] -> 0x8F93
mem[X,0x0000000080000A76] -> 0x7FDF
[674] [M]: 0x0000000080000A74 (0x7FDF8F93) addi t6, t6, 0x7fd
x31 <- 0xFFFFFDFFFFFFB7FD

mem[X,0x0000000080000A78] -> 0x9F93
mem[X,0x0000000080000A7A] -> 0x00BF
[675] [M]: 0x0000000080000A78 (0x00BF9F93) slli t6, t6, 0xb
x31 <- 0xFFEFFFFFFDBFE800

mem[X,0x0000000080000A7C] -> 0x8F93
mem[X,0x0000000080000A7E] -> 0x7FBF
[676] [M]: 0x0000000080000A7C (0x7FBF8F93) addi t6, t6, 0x7fb
x31 <- 0xFFEFFFFFFDBFEFFB

mem[X,0x0000000080000A80] -> 0x9F93
mem[X,0x0000000080000A82] -> 0x00AF
[677] [M]: 0x0000000080000A80 (0x00AF9F93) slli t6, t6, 0xa
x31 <- 0xBFFFFFF6FFBFEC00

mem[X,0x0000000080000A84] -> 0x8F93
mem[X,0x0000000080000A86] -> 0x3FFF
[678] [M]: 0x0000000080000A84 (0x3FFF8F93) addi t6, t6, 0x3ff
x31 <- 0xBFFFFFF6FFBFEFFF

mem[X,0x0000000080000A88] -> 0x82BB
mem[X,0x0000000080000A8A] -> 0xE9F7
[679] [M]: 0x0000000080000A88 (0xE9F782BB) pdifu.h t0, a5, t6
x5 <- 0x6AAA000000450800

mem[X,0x0000000080000A8C] -> 0xB423
mem[X,0x0000000080000A8E] -> 0x0050
[680] [M]: 0x0000000080000A8C (0x0050B423) sd t0, 0x8(ra)
mem[0x0000000080004208] <- 0x6AAA000000450800

mem[X,0x0000000080000A90] -> 0xF837
mem[X,0x0000000080000A92] -> 0x0009
[681] [M]: 0x0000000080000A90 (0x0009F837) lui a6, 0x9f
x16 <- 0x000000000009F000

mem[X,0x0000000080000A94] -> 0x0813
mem[X,0x0000000080000A96] -> 0x7FF8
[682] [M]: 0x0000000080000A94 (0x7FF80813) addi a6, a6, 0x7ff
x16 <- 0x000000000009F7FF

mem[X,0x0000000080000A98] -> 0x1813
mem[X,0x0000000080000A9A] -> 0x00B8
[683] [M]: 0x0000000080000A98 (0x00B81813) slli a6, a6, 0xb
x16 <- 0x000000004FBFF800

mem[X,0x0000000080000A9C] -> 0x0813
mem[X,0x0000000080000A9E] -> 0x1008
[684] [M]: 0x0000000080000A9C (0x10080813) addi a6, a6, 0x100
x16 <- 0x000000004FBFF900

mem[X,0x0000000080000AA0] -> 0x1813
mem[X,0x0000000080000AA2] -> 0x00B8
[685] [M]: 0x0000000080000AA0 (0x00B81813) slli a6, a6, 0xb
x16 <- 0x0000027DFFC80000

mem[X,0x0000000080000AA4] -> 0x0813
mem[X,0x0000000080000AA6] -> 0x03B8
[686] [M]: 0x0000000080000AA4 (0x03B80813) addi a6, a6, 0x3b
x16 <- 0x0000027DFFC8003B

mem[X,0x0000000080000AA8] -> 0x1813
mem[X,0x0000000080000AAA] -> 0x00A8
[687] [M]: 0x0000000080000AA8 (0x00A81813) slli a6, a6, 0xa
x16 <- 0x0009F7FF2000EC00

mem[X,0x0000000080000AAC] -> 0x0813
mem[X,0x0000000080000AAE] -> 0x3FF8
[688] [M]: 0x0000000080000AAC (0x3FF80813) addi a6, a6, 0x3ff
x16 <- 0x0009F7FF2000EFFF

mem[X,0x0000000080000AB0] -> 0x01B7
mem[X,0x0000000080000AB2] -> 0xFF7F
[689] [M]: 0x0000000080000AB0 (0xFF7F01B7) lui gp, -0x810
x3 <- 0xFFFFFFFFFF7F0000

mem[X,0x0000000080000AB4] -> 0x8193
mem[X,0x0000000080000AB6] -> 0x0801
[690] [M]: 0x0000000080000AB4 (0x08018193) addi gp, gp, 0x80
x3 <- 0xFFFFFFFFFF7F0080

mem[X,0x0000000080000AB8] -> 0x9193
mem[X,0x0000000080000ABA] -> 0x00B1
[691] [M]: 0x0000000080000AB8 (0x00B19193) slli gp, gp, 0xb
x3 <- 0xFFFFFFFBF8040000

mem[X,0x0000000080000ABC] -> 0x8193
mem[X,0x0000000080000ABE] -> 0x0001
[692] [M]: 0x0000000080000ABC (0x00018193) addi gp, gp, 0x0
x3 <- 0xFFFFFFFBF8040000

mem[X,0x0000000080000AC0] -> 0x9193
mem[X,0x0000000080000AC2] -> 0x00B1
[693] [M]: 0x0000000080000AC0 (0x00B19193) slli gp, gp, 0xb
x3 <- 0xFFFFDFC020000000

mem[X,0x0000000080000AC4] -> 0x8193
mem[X,0x0000000080000AC6] -> 0x24F1
[694] [M]: 0x0000000080000AC4 (0x24F18193) addi gp, gp, 0x24f
x3 <- 0xFFFFDFC02000024F

mem[X,0x0000000080000AC8] -> 0x9193
mem[X,0x0000000080000ACA] -> 0x00A1
[695] [M]: 0x0000000080000AC8 (0x00A19193) slli gp, gp, 0xa
x3 <- 0xFF7F008000093C00

mem[X,0x0000000080000ACC] -> 0x8193
mem[X,0x0000000080000ACE] -> 0x3FF1
[696] [M]: 0x0000000080000ACC (0x3FF18193) addi gp, gp, 0x3ff
x3 <- 0xFF7F008000093FFF

mem[X,0x0000000080000AD0] -> 0x063B
mem[X,0x0000000080000AD2] -> 0xE838
[697] [M]: 0x0000000080000AD0 (0xE838063B) pdifu.h a2, a6, gp
x12 <- 0x008A08811FF75000

mem[X,0x0000000080000AD4] -> 0xB823
mem[X,0x0000000080000AD6] -> 0x00C0
[698] [M]: 0x0000000080000AD4 (0x00C0B823) sd a2, 0x10(ra)
mem[0x0000000080004210] <- 0x008A08811FF75000

mem[X,0x0000000080000AD8] -> 0x0F37
mem[X,0x0000000080000ADA] -> 0xFFFB
[699] [M]: 0x0000000080000AD8 (0xFFFB0F37) lui t5, -0x50
x30 <- 0xFFFFFFFFFFFB0000

clint::tick mtime <- 0x0000000000000007
 clint timer pending at mtime 0x0000000000000007
htif::tick 0x0000000000000000
mem[X,0x0000000080000ADC] -> 0x0F13
mem[X,0x0000000080000ADE] -> 0x010F
[700] [M]: 0x0000000080000ADC (0x010F0F13) addi t5, t5, 0x10
x30 <- 0xFFFFFFFFFFFB0010

mem[X,0x0000000080000AE0] -> 0x1F13
mem[X,0x0000000080000AE2] -> 0x00BF
[701] [M]: 0x0000000080000AE0 (0x00BF1F13) slli t5, t5, 0xb
x30 <- 0xFFFFFFFFD8008000

mem[X,0x0000000080000AE4] -> 0x0F13
mem[X,0x0000000080000AE6] -> 0x7FFF
[702] [M]: 0x0000000080000AE4 (0x7FFF0F13) addi t5, t5, 0x7ff
x30 <- 0xFFFFFFFFD80087FF

mem[X,0x0000000080000AE8] -> 0x1F13
mem[X,0x0000000080000AEA] -> 0x00BF
[703] [M]: 0x0000000080000AE8 (0x00BF1F13) slli t5, t5, 0xb
x30 <- 0xFFFFFEC0043FF800

mem[X,0x0000000080000AEC] -> 0x0F13
mem[X,0x0000000080000AEE] -> 0x6BFF
[704] [M]: 0x0000000080000AEC (0x6BFF0F13) addi t5, t5, 0x6bf
x30 <- 0xFFFFFEC0043FFEBF

mem[X,0x0000000080000AF0] -> 0x1F13
mem[X,0x0000000080000AF2] -> 0x00AF
[705] [M]: 0x0000000080000AF0 (0x00AF1F13) slli t5, t5, 0xa
x30 <- 0xFFFB0010FFFAFC00

mem[X,0x0000000080000AF4] -> 0x0F13
mem[X,0x0000000080000AF6] -> 0x3F8F
[706] [M]: 0x0000000080000AF4 (0x3F8F0F13) addi t5, t5, 0x3f8
x30 <- 0xFFFB0010FFFAFFF8

mem[X,0x0000000080000AF8] -> 0x4EB7
mem[X,0x0000000080000AFA] -> 0x7FFF
[707] [M]: 0x0000000080000AF8 (0x7FFF4EB7) lui t4, 0x7fff4
x29 <- 0x000000007FFF4000

mem[X,0x0000000080000AFC] -> 0x8E93
mem[X,0x0000000080000AFE] -> 0x000E
[708] [M]: 0x0000000080000AFC (0x000E8E93) addi t4, t4, 0x0
x29 <- 0x000000007FFF4000

mem[X,0x0000000080000B00] -> 0x9E93
mem[X,0x0000000080000B02] -> 0x00BE
[709] [M]: 0x0000000080000B00 (0x00BE9E93) slli t4, t4, 0xb
x29 <- 0x000003FFFA000000

mem[X,0x0000000080000B04] -> 0x8E93
mem[X,0x0000000080000B06] -> 0x000E
[710] [M]: 0x0000000080000B04 (0x000E8E93) addi t4, t4, 0x0
x29 <- 0x000003FFFA000000

mem[X,0x0000000080000B08] -> 0x9E93
mem[X,0x0000000080000B0A] -> 0x00BE
[711] [M]: 0x0000000080000B08 (0x00BE9E93) slli t4, t4, 0xb
x29 <- 0x001FFFD000000000

mem[X,0x0000000080000B0C] -> 0x8E93
mem[X,0x0000000080000B0E] -> 0x1BFE
[712] [M]: 0x0000000080000B0C (0x1BFE8E93) addi t4, t4, 0x1bf
x29 <- 0x001FFFD0000001BF

mem[X,0x0000000080000B10] -> 0x9E93
mem[X,0x0000000080000B12] -> 0x00AE
[713] [M]: 0x0000000080000B10 (0x00AE9E93) slli t4, t4, 0xa
x29 <- 0x7FFF40000006FC00

mem[X,0x0000000080000B14] -> 0x8E93
mem[X,0x0000000080000B16] -> 0x3DFE
[714] [M]: 0x0000000080000B14 (0x3DFE8E93) addi t4, t4, 0x3df
x29 <- 0x7FFF40000006FFDF

mem[X,0x0000000080000B18] -> 0x0FBB
mem[X,0x0000000080000B1A] -> 0xE9DF
[715] [M]: 0x0000000080000B18 (0xE9DF0FBB) pdifu.h t6, t5, t4
x31 <- 0x7FFC3FF0000C0019

mem[X,0x0000000080000B1C] -> 0xBC23
mem[X,0x0000000080000B1E] -> 0x01F0
[716] [M]: 0x0000000080000B1C (0x01F0BC23) sd t6, 0x18(ra)
mem[0x0000000080004218] <- 0x7FFC3FF0000C0019

mem[X,0x0000000080000B20] -> 0x0F37
mem[X,0x0000000080000B22] -> 0x3FFF
[717] [M]: 0x0000000080000B20 (0x3FFF0F37) lui t5, 0x3fff0
x30 <- 0x000000003FFF0000

mem[X,0x0000000080000B24] -> 0x0F13
mem[X,0x0000000080000B26] -> 0x200F
[718] [M]: 0x0000000080000B24 (0x200F0F13) addi t5, t5, 0x200
x30 <- 0x000000003FFF0200

mem[X,0x0000000080000B28] -> 0x1F13
mem[X,0x0000000080000B2A] -> 0x00BF
[719] [M]: 0x0000000080000B28 (0x00BF1F13) slli t5, t5, 0xb
x30 <- 0x000001FFF8100000

mem[X,0x0000000080000B2C] -> 0x0F13
mem[X,0x0000000080000B2E] -> 0x7EFF
[720] [M]: 0x0000000080000B2C (0x7EFF0F13) addi t5, t5, 0x7ef
x30 <- 0x000001FFF81007EF

mem[X,0x0000000080000B30] -> 0x1F13
mem[X,0x0000000080000B32] -> 0x00BF
[721] [M]: 0x0000000080000B30 (0x00BF1F13) slli t5, t5, 0xb
x30 <- 0x000FFFC0803F7800

mem[X,0x0000000080000B34] -> 0x0F13
mem[X,0x0000000080000B36] -> 0x7FFF
[722] [M]: 0x0000000080000B34 (0x7FFF0F13) addi t5, t5, 0x7ff
x30 <- 0x000FFFC0803F7FFF

mem[X,0x0000000080000B38] -> 0x1F13
mem[X,0x0000000080000B3A] -> 0x00AF
[723] [M]: 0x0000000080000B38 (0x00AF1F13) slli t5, t5, 0xa
x30 <- 0x3FFF0200FDFFFC00

mem[X,0x0000000080000B3C] -> 0x0F13
mem[X,0x0000000080000B3E] -> 0x3FDF
[724] [M]: 0x0000000080000B3C (0x3FDF0F13) addi t5, t5, 0x3fd
x30 <- 0x3FFF0200FDFFFFFD

mem[X,0x0000000080000B40] -> 0xFEB7
mem[X,0x0000000080000B42] -> 0x0002
[725] [M]: 0x0000000080000B40 (0x0002FEB7) lui t4, 0x2f
x29 <- 0x000000000002F000

mem[X,0x0000000080000B44] -> 0x8E93
mem[X,0x0000000080000B46] -> 0xFFFE
[726] [M]: 0x0000000080000B44 (0xFFFE8E93) addi t4, t4, -0x1
x29 <- 0x000000000002EFFF

mem[X,0x0000000080000B48] -> 0x9E93
mem[X,0x0000000080000B4A] -> 0x00BE
[727] [M]: 0x0000000080000B48 (0x00BE9E93) slli t4, t4, 0xb
x29 <- 0x00000000177FF800

mem[X,0x0000000080000B4C] -> 0x8E93
mem[X,0x0000000080000B4E] -> 0x555E
[728] [M]: 0x0000000080000B4C (0x555E8E93) addi t4, t4, 0x555
x29 <- 0x00000000177FFD55

mem[X,0x0000000080000B50] -> 0x9E93
mem[X,0x0000000080000B52] -> 0x00BE
[729] [M]: 0x0000000080000B50 (0x00BE9E93) slli t4, t4, 0xb
x29 <- 0x000000BBFFEAA800

mem[X,0x0000000080000B54] -> 0x8E93
mem[X,0x0000000080000B56] -> 0x2AFE
[730] [M]: 0x0000000080000B54 (0x2AFE8E93) addi t4, t4, 0x2af
x29 <- 0x000000BBFFEAAAAF

mem[X,0x0000000080000B58] -> 0x9E93
mem[X,0x0000000080000B5A] -> 0x00AE
[731] [M]: 0x0000000080000B58 (0x00AE9E93) slli t4, t4, 0xa
x29 <- 0x0002EFFFAAAABC00

mem[X,0x0000000080000B5C] -> 0x8E93
mem[X,0x0000000080000B5E] -> 0x3FFE
[732] [M]: 0x0000000080000B5C (0x3FFE8E93) addi t4, t4, 0x3ff
x29 <- 0x0002EFFFAAAABFFF

mem[X,0x0000000080000B60] -> 0x0FBB
mem[X,0x0000000080000B62] -> 0xE9DF
[733] [M]: 0x0000000080000B60 (0xE9DF0FBB) pdifu.h t6, t5, t4
x31 <- 0x3FFD120153553FFE

mem[X,0x0000000080000B64] -> 0xB023
mem[X,0x0000000080000B66] -> 0x03F0
[734] [M]: 0x0000000080000B64 (0x03F0B023) sd t6, 0x20(ra)
mem[0x0000000080004220] <- 0x3FFD120153553FFE

mem[X,0x0000000080000B68] -> 0x0F37
mem[X,0x0000000080000B6A] -> 0x3FFF
[735] [M]: 0x0000000080000B68 (0x3FFF0F37) lui t5, 0x3fff0
x30 <- 0x000000003FFF0000

mem[X,0x0000000080000B6C] -> 0x0F13
mem[X,0x0000000080000B6E] -> 0x400F
[736] [M]: 0x0000000080000B6C (0x400F0F13) addi t5, t5, 0x400
x30 <- 0x000000003FFF0400

mem[X,0x0000000080000B70] -> 0x1F13
mem[X,0x0000000080000B72] -> 0x00BF
[737] [M]: 0x0000000080000B70 (0x00BF1F13) slli t5, t5, 0xb
x30 <- 0x000001FFF8200000

mem[X,0x0000000080000B74] -> 0x0F13
mem[X,0x0000000080000B76] -> 0x7FFF
[738] [M]: 0x0000000080000B74 (0x7FFF0F13) addi t5, t5, 0x7ff
x30 <- 0x000001FFF82007FF

mem[X,0x0000000080000B78] -> 0x1F13
mem[X,0x0000000080000B7A] -> 0x00BF
[739] [M]: 0x0000000080000B78 (0x00BF1F13) slli t5, t5, 0xb
x30 <- 0x000FFFC1003FF800

mem[X,0x0000000080000B7C] -> 0x0F13
mem[X,0x0000000080000B7E] -> 0x780F
[740] [M]: 0x0000000080000B7C (0x780F0F13) addi t5, t5, 0x780
x30 <- 0x000FFFC1003FFF80

mem[X,0x0000000080000B80] -> 0x1F13
mem[X,0x0000000080000B82] -> 0x00AF
[741] [M]: 0x0000000080000B80 (0x00AF1F13) slli t5, t5, 0xa
x30 <- 0x3FFF0400FFFE0000

mem[X,0x0000000080000B84] -> 0x0F13
mem[X,0x0000000080000B86] -> 0x008F
[742] [M]: 0x0000000080000B84 (0x008F0F13) addi t5, t5, 0x8
x30 <- 0x3FFF0400FFFE0008

mem[X,0x0000000080000B88] -> 0x8EB7
mem[X,0x0000000080000B8A] -> 0x0008
[743] [M]: 0x0000000080000B88 (0x00088EB7) lui t4, 0x88
x29 <- 0x0000000000088000

mem[X,0x0000000080000B8C] -> 0x8E93
mem[X,0x0000000080000B8E] -> 0xFFFE
[744] [M]: 0x0000000080000B8C (0xFFFE8E93) addi t4, t4, -0x1
x29 <- 0x0000000000087FFF

mem[X,0x0000000080000B90] -> 0x9E93
mem[X,0x0000000080000B92] -> 0x00BE
[745] [M]: 0x0000000080000B90 (0x00BE9E93) slli t4, t4, 0xb
x29 <- 0x0000000043FFF800

mem[X,0x0000000080000B94] -> 0x8E93
mem[X,0x0000000080000B96] -> 0x5FFE
[746] [M]: 0x0000000080000B94 (0x5FFE8E93) addi t4, t4, 0x5ff
x29 <- 0x0000000043FFFDFF

mem[X,0x0000000080000B98] -> 0x9E93
mem[X,0x0000000080000B9A] -> 0x00BE
[747] [M]: 0x0000000080000B98 (0x00BE9E93) slli t4, t4, 0xb
x29 <- 0x0000021FFFEFF800

mem[X,0x0000000080000B9C] -> 0x8E93
mem[X,0x0000000080000B9E] -> 0x7D0E
[748] [M]: 0x0000000080000B9C (0x7D0E8E93) addi t4, t4, 0x7d0
x29 <- 0x0000021FFFEFFFD0

mem[X,0x0000000080000BA0] -> 0x9E93
mem[X,0x0000000080000BA2] -> 0x00AE
[749] [M]: 0x0000000080000BA0 (0x00AE9E93) slli t4, t4, 0xa
x29 <- 0x00087FFFBFFF4000

mem[X,0x0000000080000BA4] -> 0x0FBB
mem[X,0x0000000080000BA6] -> 0xE9DF
[750] [M]: 0x0000000080000BA4 (0xE9DF0FBB) pdifu.h t6, t5, t4
x31 <- 0x3FF77BFF3FFF3FF8

mem[X,0x0000000080000BA8] -> 0xB423
mem[X,0x0000000080000BAA] -> 0x03F0
[751] [M]: 0x0000000080000BA8 (0x03F0B423) sd t6, 0x28(ra)
mem[0x0000000080004228] <- 0x3FF77BFF3FFF3FF8

mem[X,0x0000000080000BAC] -> 0x0F37
mem[X,0x0000000080000BAE] -> 0xFFFC
[752] [M]: 0x0000000080000BAC (0xFFFC0F37) lui t5, -0x40
x30 <- 0xFFFFFFFFFFFC0000

mem[X,0x0000000080000BB0] -> 0x0F13
mem[X,0x0000000080000BB2] -> 0xFDFF
[753] [M]: 0x0000000080000BB0 (0xFDFF0F13) addi t5, t5, -0x21
x30 <- 0xFFFFFFFFFFFBFFDF

mem[X,0x0000000080000BB4] -> 0x1F13
mem[X,0x0000000080000BB6] -> 0x00BF
[754] [M]: 0x0000000080000BB4 (0x00BF1F13) slli t5, t5, 0xb
x30 <- 0xFFFFFFFFDFFEF800

mem[X,0x0000000080000BB8] -> 0x0F13
mem[X,0x0000000080000BBA] -> 0x7FFF
[755] [M]: 0x0000000080000BB8 (0x7FFF0F13) addi t5, t5, 0x7ff
x30 <- 0xFFFFFFFFDFFEFFFF

mem[X,0x0000000080000BBC] -> 0x1F13
mem[X,0x0000000080000BBE] -> 0x00BF
[756] [M]: 0x0000000080000BBC (0x00BF1F13) slli t5, t5, 0xb
x30 <- 0xFFFFFEFFF7FFF800

mem[X,0x0000000080000BC0] -> 0x0F13
mem[X,0x0000000080000BC2] -> 0x581F
[757] [M]: 0x0000000080000BC0 (0x581F0F13) addi t5, t5, 0x581
x30 <- 0xFFFFFEFFF7FFFD81

mem[X,0x0000000080000BC4] -> 0x1F13
mem[X,0x0000000080000BC6] -> 0x00AF
[758] [M]: 0x0000000080000BC4 (0x00AF1F13) slli t5, t5, 0xa
x30 <- 0xFFFBFFDFFFF60400

mem[X,0x0000000080000BC8] -> 0x5EB7
mem[X,0x0000000080000BCA] -> 0x0080
[759] [M]: 0x0000000080000BC8 (0x00805EB7) lui t4, 0x805
x29 <- 0x0000000000805000

mem[X,0x0000000080000BCC] -> 0x8E93
mem[X,0x0000000080000BCE] -> 0x555E
[760] [M]: 0x0000000080000BCC (0x555E8E93) addi t4, t4, 0x555
x29 <- 0x0000000000805555

mem[X,0x0000000080000BD0] -> 0x9E93
mem[X,0x0000000080000BD2] -> 0x00BE
[761] [M]: 0x0000000080000BD0 (0x00BE9E93) slli t4, t4, 0xb
x29 <- 0x0000000402AAA800

mem[X,0x0000000080000BD4] -> 0x8E93
mem[X,0x0000000080000BD6] -> 0x200E
[762] [M]: 0x0000000080000BD4 (0x200E8E93) addi t4, t4, 0x200
x29 <- 0x0000000402AAAA00

mem[X,0x0000000080000BD8] -> 0x9E93
mem[X,0x0000000080000BDA] -> 0x00BE
[763] [M]: 0x0000000080000BD8 (0x00BE9E93) slli t4, t4, 0xb
x29 <- 0x0000201555500000

mem[X,0x0000000080000BDC] -> 0x8E93
mem[X,0x0000000080000BDE] -> 0x03FE
[764] [M]: 0x0000000080000BDC (0x03FE8E93) addi t4, t4, 0x3f
x29 <- 0x000020155550003F

mem[X,0x0000000080000BE0] -> 0x9E93
mem[X,0x0000000080000BE2] -> 0x00AE
[765] [M]: 0x0000000080000BE0 (0x00AE9E93) slli t4, t4, 0xa
x29 <- 0x008055554000FC00

mem[X,0x0000000080000BE4] -> 0x8E93
mem[X,0x0000000080000BE6] -> 0x3F7E
[766] [M]: 0x0000000080000BE4 (0x3F7E8E93) addi t4, t4, 0x3f7
x29 <- 0x008055554000FFF7

mem[X,0x0000000080000BE8] -> 0x0FBB
mem[X,0x0000000080000BEA] -> 0xE9DF
[767] [M]: 0x0000000080000BE8 (0xE9DF0FBB) pdifu.h t6, t5, t4
x31 <- 0x00855576400A0409

mem[X,0x0000000080000BEC] -> 0xB823
mem[X,0x0000000080000BEE] -> 0x03F0
[768] [M]: 0x0000000080000BEC (0x03F0B823) sd t6, 0x30(ra)
mem[0x0000000080004230] <- 0x00855576400A0409

mem[X,0x0000000080000BF0] -> 0x0F37
mem[X,0x0000000080000BF2] -> 0x0001
[769] [M]: 0x0000000080000BF0 (0x00010F37) lui t5, 0x10
x30 <- 0x0000000000010000

mem[X,0x0000000080000BF4] -> 0x0F13
mem[X,0x0000000080000BF6] -> 0xFFEF
[770] [M]: 0x0000000080000BF4 (0xFFEF0F13) addi t5, t5, -0x2
x30 <- 0x000000000000FFFE

mem[X,0x0000000080000BF8] -> 0x1F13
mem[X,0x0000000080000BFA] -> 0x00BF
[771] [M]: 0x0000000080000BF8 (0x00BF1F13) slli t5, t5, 0xb
x30 <- 0x0000000007FFF000

mem[X,0x0000000080000BFC] -> 0x0F13
mem[X,0x0000000080000BFE] -> 0x000F
[772] [M]: 0x0000000080000BFC (0x000F0F13) addi t5, t5, 0x0
x30 <- 0x0000000007FFF000

mem[X,0x0000000080000C00] -> 0x1F13
mem[X,0x0000000080000C02] -> 0x00BF
[773] [M]: 0x0000000080000C00 (0x00BF1F13) slli t5, t5, 0xb
x30 <- 0x0000003FFF800000

mem[X,0x0000000080000C04] -> 0x0F13
mem[X,0x0000000080000C06] -> 0x0C0F
[774] [M]: 0x0000000080000C04 (0x0C0F0F13) addi t5, t5, 0xc0
x30 <- 0x0000003FFF8000C0

mem[X,0x0000000080000C08] -> 0x1F13
mem[X,0x0000000080000C0A] -> 0x00AF
[775] [M]: 0x0000000080000C08 (0x00AF1F13) slli t5, t5, 0xa
x30 <- 0x0000FFFE00030000

mem[X,0x0000000080000C0C] -> 0x0F13
mem[X,0x0000000080000C0E] -> 0x007F
[776] [M]: 0x0000000080000C0C (0x007F0F13) addi t5, t5, 0x7
x30 <- 0x0000FFFE00030007

mem[X,0x0000000080000C10] -> 0xFEB7
mem[X,0x0000000080000C12] -> 0x0400
[777] [M]: 0x0000000080000C10 (0x0400FEB7) lui t4, 0x400f
x29 <- 0x000000000400F000

mem[X,0x0000000080000C14] -> 0x8E93
mem[X,0x0000000080000C16] -> 0x7FFE
[778] [M]: 0x0000000080000C14 (0x7FFE8E93) addi t4, t4, 0x7ff
x29 <- 0x000000000400F7FF

mem[X,0x0000000080000C18] -> 0x9E93
mem[X,0x0000000080000C1A] -> 0x00BE
[779] [M]: 0x0000000080000C18 (0x00BE9E93) slli t4, t4, 0xb
x29 <- 0x0000002007BFF800

mem[X,0x0000000080000C1C] -> 0x8E93
mem[X,0x0000000080000C1E] -> 0x400E
[780] [M]: 0x0000000080000C1C (0x400E8E93) addi t4, t4, 0x400
x29 <- 0x0000002007BFFC00

mem[X,0x0000000080000C20] -> 0x9E93
mem[X,0x0000000080000C22] -> 0x00BE
[781] [M]: 0x0000000080000C20 (0x00BE9E93) slli t4, t4, 0xb
x29 <- 0x0001003DFFE00000

mem[X,0x0000000080000C24] -> 0x8E93
mem[X,0x0000000080000C26] -> 0x000E
[782] [M]: 0x0000000080000C24 (0x000E8E93) addi t4, t4, 0x0
x29 <- 0x0001003DFFE00000

mem[X,0x0000000080000C28] -> 0x9E93
mem[X,0x0000000080000C2A] -> 0x00AE
[783] [M]: 0x0000000080000C28 (0x00AE9E93) slli t4, t4, 0xa
x29 <- 0x0400F7FF80000000

mem[X,0x0000000080000C2C] -> 0x8E93
mem[X,0x0000000080000C2E] -> 0x007E
[784] [M]: 0x0000000080000C2C (0x007E8E93) addi t4, t4, 0x7
x29 <- 0x0400F7FF80000007

mem[X,0x0000000080000C30] -> 0x0FBB
mem[X,0x0000000080000C32] -> 0xE9DF
[785] [M]: 0x0000000080000C30 (0xE9DF0FBB) pdifu.h t6, t5, t4
x31 <- 0x040007FF7FFD0000

mem[X,0x0000000080000C34] -> 0xBC23
mem[X,0x0000000080000C36] -> 0x03F0
[786] [M]: 0x0000000080000C34 (0x03F0BC23) sd t6, 0x38(ra)
mem[0x0000000080004238] <- 0x040007FF7FFD0000

mem[X,0x0000000080000C38] -> 0x0F37
mem[X,0x0000000080000C3A] -> 0x0010
[787] [M]: 0x0000000080000C38 (0x00100F37) lui t5, 0x100
x30 <- 0x0000000000100000

mem[X,0x0000000080000C3C] -> 0x0F13
mem[X,0x0000000080000C3E] -> 0x000F
[788] [M]: 0x0000000080000C3C (0x000F0F13) addi t5, t5, 0x0
x30 <- 0x0000000000100000

mem[X,0x0000000080000C40] -> 0x1F13
mem[X,0x0000000080000C42] -> 0x00BF
[789] [M]: 0x0000000080000C40 (0x00BF1F13) slli t5, t5, 0xb
x30 <- 0x0000000080000000

mem[X,0x0000000080000C44] -> 0x0F13
mem[X,0x0000000080000C46] -> 0x080F
[790] [M]: 0x0000000080000C44 (0x080F0F13) addi t5, t5, 0x80
x30 <- 0x0000000080000080

mem[X,0x0000000080000C48] -> 0x1F13
mem[X,0x0000000080000C4A] -> 0x00BF
[791] [M]: 0x0000000080000C48 (0x00BF1F13) slli t5, t5, 0xb
x30 <- 0x0000040000040000

mem[X,0x0000000080000C4C] -> 0x0F13
mem[X,0x0000000080000C4E] -> 0x01FF
[792] [M]: 0x0000000080000C4C (0x01FF0F13) addi t5, t5, 0x1f
x30 <- 0x000004000004001F

mem[X,0x0000000080000C50] -> 0x1F13
mem[X,0x0000000080000C52] -> 0x00AF
[793] [M]: 0x0000000080000C50 (0x00AF1F13) slli t5, t5, 0xa
x30 <- 0x0010000010007C00

mem[X,0x0000000080000C54] -> 0x0F13
mem[X,0x0000000080000C56] -> 0x3FFF
[794] [M]: 0x0000000080000C54 (0x3FFF0F13) addi t5, t5, 0x3ff
x30 <- 0x0010000010007FFF

mem[X,0x0000000080000C58] -> 0x0EB7
mem[X,0x0000000080000C5A] -> 0x1000
[795] [M]: 0x0000000080000C58 (0x10000EB7) lui t4, 0x10000
x29 <- 0x0000000010000000

mem[X,0x0000000080000C5C] -> 0x8E93
mem[X,0x0000000080000C5E] -> 0x008E
[796] [M]: 0x0000000080000C5C (0x008E8E93) addi t4, t4, 0x8
x29 <- 0x0000000010000008

mem[X,0x0000000080000C60] -> 0x9E93
mem[X,0x0000000080000C62] -> 0x00BE
[797] [M]: 0x0000000080000C60 (0x00BE9E93) slli t4, t4, 0xb
x29 <- 0x0000008000004000

mem[X,0x0000000080000C64] -> 0x8E93
mem[X,0x0000000080000C66] -> 0x7FEE
[798] [M]: 0x0000000080000C64 (0x7FEE8E93) addi t4, t4, 0x7fe
x29 <- 0x00000080000047FE

mem[X,0x0000000080000C68] -> 0x9E93
mem[X,0x0000000080000C6A] -> 0x00BE
[799] [M]: 0x0000000080000C68 (0x00BE9E93) slli t4, t4, 0xb
x29 <- 0x00040000023FF000

clint::tick mtime <- 0x0000000000000008
 clint timer pending at mtime 0x0000000000000008
htif::tick 0x0000000000000000
mem[X,0x0000000080000C6C] -> 0x8E93
mem[X,0x0000000080000C6E] -> 0x7EFE
[800] [M]: 0x0000000080000C6C (0x7EFE8E93) addi t4, t4, 0x7ef
x29 <- 0x00040000023FF7EF

mem[X,0x0000000080000C70] -> 0x9E93
mem[X,0x0000000080000C72] -> 0x00AE
[801] [M]: 0x0000000080000C70 (0x00AE9E93) slli t4, t4, 0xa
x29 <- 0x10000008FFDFBC00

mem[X,0x0000000080000C74] -> 0x8E93
mem[X,0x0000000080000C76] -> 0x3FFE
[802] [M]: 0x0000000080000C74 (0x3FFE8E93) addi t4, t4, 0x3ff
x29 <- 0x10000008FFDFBFFF

mem[X,0x0000000080000C78] -> 0x0FBB
mem[X,0x0000000080000C7A] -> 0xE9DF
[803] [M]: 0x0000000080000C78 (0xE9DF0FBB) pdifu.h t6, t5, t4
x31 <- 0x0FF0000810214000

mem[X,0x0000000080000C7C] -> 0xB023
mem[X,0x0000000080000C7E] -> 0x05F0
[804] [M]: 0x0000000080000C7C (0x05F0B023) sd t6, 0x40(ra)
mem[0x0000000080004240] <- 0x0FF0000810214000

mem[X,0x0000000080000C80] -> 0x0F37
mem[X,0x0000000080000C82] -> 0xFFFC
[805] [M]: 0x0000000080000C80 (0xFFFC0F37) lui t5, -0x40
x30 <- 0xFFFFFFFFFFFC0000

mem[X,0x0000000080000C84] -> 0x0F13
mem[X,0x0000000080000C86] -> 0x020F
[806] [M]: 0x0000000080000C84 (0x020F0F13) addi t5, t5, 0x20
x30 <- 0xFFFFFFFFFFFC0020

mem[X,0x0000000080000C88] -> 0x1F13
mem[X,0x0000000080000C8A] -> 0x00BF
[807] [M]: 0x0000000080000C88 (0x00BF1F13) slli t5, t5, 0xb
x30 <- 0xFFFFFFFFE0010000

mem[X,0x0000000080000C8C] -> 0x0F13
mem[X,0x0000000080000C8E] -> 0x7F7F
[808] [M]: 0x0000000080000C8C (0x7F7F0F13) addi t5, t5, 0x7f7
x30 <- 0xFFFFFFFFE00107F7

mem[X,0x0000000080000C90] -> 0x1F13
mem[X,0x0000000080000C92] -> 0x00BF
[809] [M]: 0x0000000080000C90 (0x00BF1F13) slli t5, t5, 0xb
x30 <- 0xFFFFFF00083FB800

mem[X,0x0000000080000C94] -> 0x0F13
mem[X,0x0000000080000C96] -> 0x7FFF
[810] [M]: 0x0000000080000C94 (0x7FFF0F13) addi t5, t5, 0x7ff
x30 <- 0xFFFFFF00083FBFFF

mem[X,0x0000000080000C98] -> 0x1F13
mem[X,0x0000000080000C9A] -> 0x00AF
[811] [M]: 0x0000000080000C98 (0x00AF1F13) slli t5, t5, 0xa
x30 <- 0xFFFC0020FEFFFC00

mem[X,0x0000000080000C9C] -> 0x0F13
mem[X,0x0000000080000C9E] -> 0x1FFF
[812] [M]: 0x0000000080000C9C (0x1FFF0F13) addi t5, t5, 0x1ff
x30 <- 0xFFFC0020FEFFFDFF

mem[X,0x0000000080000CA0] -> 0x2EB7
mem[X,0x0000000080000CA2] -> 0x4000
[813] [M]: 0x0000000080000CA0 (0x40002EB7) lui t4, 0x40002
x29 <- 0x0000000040002000

mem[X,0x0000000080000CA4] -> 0x8E93
mem[X,0x0000000080000CA6] -> 0x000E
[814] [M]: 0x0000000080000CA4 (0x000E8E93) addi t4, t4, 0x0
x29 <- 0x0000000040002000

mem[X,0x0000000080000CA8] -> 0x9E93
mem[X,0x0000000080000CAA] -> 0x00BE
[815] [M]: 0x0000000080000CA8 (0x00BE9E93) slli t4, t4, 0xb
x29 <- 0x0000020001000000

mem[X,0x0000000080000CAC] -> 0x8E93
mem[X,0x0000000080000CAE] -> 0x7FFE
[816] [M]: 0x0000000080000CAC (0x7FFE8E93) addi t4, t4, 0x7ff
x29 <- 0x00000200010007FF

mem[X,0x0000000080000CB0] -> 0x9E93
mem[X,0x0000000080000CB2] -> 0x00BE
[817] [M]: 0x0000000080000CB0 (0x00BE9E93) slli t4, t4, 0xb
x29 <- 0x00100008003FF800

mem[X,0x0000000080000CB4] -> 0x8E93
mem[X,0x0000000080000CB6] -> 0x670E
[818] [M]: 0x0000000080000CB4 (0x670E8E93) addi t4, t4, 0x670
x29 <- 0x00100008003FFE70

mem[X,0x0000000080000CB8] -> 0x9E93
mem[X,0x0000000080000CBA] -> 0x00AE
[819] [M]: 0x0000000080000CB8 (0x00AE9E93) slli t4, t4, 0xa
x29 <- 0x40002000FFF9C000

mem[X,0x0000000080000CBC] -> 0x0FBB
mem[X,0x0000000080000CBE] -> 0xE9DF
[820] [M]: 0x0000000080000CBC (0xE9DF0FBB) pdifu.h t6, t5, t4
x31 <- 0x40041FE000FA3DFF

mem[X,0x0000000080000CC0] -> 0xB423
mem[X,0x0000000080000CC2] -> 0x05F0
[821] [M]: 0x0000000080000CC0 (0x05F0B423) sd t6, 0x48(ra)
mem[0x0000000080004248] <- 0x40041FE000FA3DFF

mem[X,0x0000000080000CC4] -> 0xBF37
mem[X,0x0000000080000CC6] -> 0xFBFF
[822] [M]: 0x0000000080000CC4 (0xFBFFBF37) lui t5, -0x4005
x30 <- 0xFFFFFFFFFBFFB000

mem[X,0x0000000080000CC8] -> 0x0F13
mem[X,0x0000000080000CCA] -> 0xAAAF
[823] [M]: 0x0000000080000CC8 (0xAAAF0F13) addi t5, t5, -0x556
x30 <- 0xFFFFFFFFFBFFAAAA

mem[X,0x0000000080000CCC] -> 0x1F13
mem[X,0x0000000080000CCE] -> 0x00BF
[824] [M]: 0x0000000080000CCC (0x00BF1F13) slli t5, t5, 0xb
x30 <- 0xFFFFFFDFFD555000

mem[X,0x0000000080000CD0] -> 0x0F13
mem[X,0x0000000080000CD2] -> 0x000F
[825] [M]: 0x0000000080000CD0 (0x000F0F13) addi t5, t5, 0x0
x30 <- 0xFFFFFFDFFD555000

mem[X,0x0000000080000CD4] -> 0x1F13
mem[X,0x0000000080000CD6] -> 0x00BF
[826] [M]: 0x0000000080000CD4 (0x00BF1F13) slli t5, t5, 0xb
x30 <- 0xFFFEFFEAAA800000

mem[X,0x0000000080000CD8] -> 0x0F13
mem[X,0x0000000080000CDA] -> 0x0BFF
[827] [M]: 0x0000000080000CD8 (0x0BFF0F13) addi t5, t5, 0xbf
x30 <- 0xFFFEFFEAAA8000BF

mem[X,0x0000000080000CDC] -> 0x1F13
mem[X,0x0000000080000CDE] -> 0x00AF
[828] [M]: 0x0000000080000CDC (0x00AF1F13) slli t5, t5, 0xa
x30 <- 0xFBFFAAAA0002FC00

mem[X,0x0000000080000CE0] -> 0x0F13
mem[X,0x0000000080000CE2] -> 0x3FFF
[829] [M]: 0x0000000080000CE0 (0x3FFF0F13) addi t5, t5, 0x3ff
x30 <- 0xFBFFAAAA0002FFFF

mem[X,0x0000000080000CE4] -> 0x0EB7
mem[X,0x0000000080000CE6] -> 0xFFFE
[830] [M]: 0x0000000080000CE4 (0xFFFE0EB7) lui t4, -0x20
x29 <- 0xFFFFFFFFFFFE0000

mem[X,0x0000000080000CE8] -> 0x8E93
mem[X,0x0000000080000CEA] -> 0x001E
[831] [M]: 0x0000000080000CE8 (0x001E8E93) addi t4, t4, 0x1
x29 <- 0xFFFFFFFFFFFE0001

mem[X,0x0000000080000CEC] -> 0x9E93
mem[X,0x0000000080000CEE] -> 0x00BE
[832] [M]: 0x0000000080000CEC (0x00BE9E93) slli t4, t4, 0xb
x29 <- 0xFFFFFFFFF0000800

mem[X,0x0000000080000CF0] -> 0x8E93
mem[X,0x0000000080000CF2] -> 0x7FFE
[833] [M]: 0x0000000080000CF0 (0x7FFE8E93) addi t4, t4, 0x7ff
x29 <- 0xFFFFFFFFF0000FFF

mem[X,0x0000000080000CF4] -> 0x9E93
mem[X,0x0000000080000CF6] -> 0x00BE
[834] [M]: 0x0000000080000CF4 (0x00BE9E93) slli t4, t4, 0xb
x29 <- 0xFFFFFF80007FF800

mem[X,0x0000000080000CF8] -> 0x8E93
mem[X,0x0000000080000CFA] -> 0x3C0E
[835] [M]: 0x0000000080000CF8 (0x3C0E8E93) addi t4, t4, 0x3c0
x29 <- 0xFFFFFF80007FFBC0

mem[X,0x0000000080000CFC] -> 0x9E93
mem[X,0x0000000080000CFE] -> 0x00AE
[836] [M]: 0x0000000080000CFC (0x00AE9E93) slli t4, t4, 0xa
x29 <- 0xFFFE0001FFEF0000

mem[X,0x0000000080000D00] -> 0x8E93
mem[X,0x0000000080000D02] -> 0x006E
[837] [M]: 0x0000000080000D00 (0x006E8E93) addi t4, t4, 0x6
x29 <- 0xFFFE0001FFEF0006

mem[X,0x0000000080000D04] -> 0x0FBB
mem[X,0x0000000080000D06] -> 0xE9DF
[838] [M]: 0x0000000080000D04 (0xE9DF0FBB) pdifu.h t6, t5, t4
x31 <- 0x03FF555700130007

mem[X,0x0000000080000D08] -> 0xB823
mem[X,0x0000000080000D0A] -> 0x05F0
[839] [M]: 0x0000000080000D08 (0x05F0B823) sd t6, 0x50(ra)
mem[0x0000000080004250] <- 0x03FF555700130007

mem[X,0x0000000080000D0C] -> 0x4F37
mem[X,0x0000000080000D0E] -> 0x0005
[840] [M]: 0x0000000080000D0C (0x00054F37) lui t5, 0x54
x30 <- 0x0000000000054000

mem[X,0x0000000080000D10] -> 0x0F13
mem[X,0x0000000080000D12] -> 0xFFFF
[841] [M]: 0x0000000080000D10 (0xFFFF0F13) addi t5, t5, -0x1
x30 <- 0x0000000000053FFF

mem[X,0x0000000080000D14] -> 0x1F13
mem[X,0x0000000080000D16] -> 0x00BF
[842] [M]: 0x0000000080000D14 (0x00BF1F13) slli t5, t5, 0xb
x30 <- 0x0000000029FFF800

mem[X,0x0000000080000D18] -> 0x0F13
mem[X,0x0000000080000D1A] -> 0x000F
[843] [M]: 0x0000000080000D18 (0x000F0F13) addi t5, t5, 0x0
x30 <- 0x0000000029FFF800

mem[X,0x0000000080000D1C] -> 0x1F13
mem[X,0x0000000080000D1E] -> 0x00BF
[844] [M]: 0x0000000080000D1C (0x00BF1F13) slli t5, t5, 0xb
x30 <- 0x0000014FFFC00000

mem[X,0x0000000080000D20] -> 0x0F13
mem[X,0x0000000080000D22] -> 0x140F
[845] [M]: 0x0000000080000D20 (0x140F0F13) addi t5, t5, 0x140
x30 <- 0x0000014FFFC00140

mem[X,0x0000000080000D24] -> 0x1F13
mem[X,0x0000000080000D26] -> 0x00AF
[846] [M]: 0x0000000080000D24 (0x00AF1F13) slli t5, t5, 0xa
x30 <- 0x00053FFF00050000

mem[X,0x0000000080000D28] -> 0x0F13
mem[X,0x0000000080000D2A] -> 0x003F
[847] [M]: 0x0000000080000D28 (0x003F0F13) addi t5, t5, 0x3
x30 <- 0x00053FFF00050003

mem[X,0x0000000080000D2C] -> 0x0EB7
mem[X,0x0000000080000D2E] -> 0xFFFE
[848] [M]: 0x0000000080000D2C (0xFFFE0EB7) lui t4, -0x20
x29 <- 0xFFFFFFFFFFFE0000

mem[X,0x0000000080000D30] -> 0x8E93
mem[X,0x0000000080000D32] -> 0xFFCE
[849] [M]: 0x0000000080000D30 (0xFFCE8E93) addi t4, t4, -0x4
x29 <- 0xFFFFFFFFFFFDFFFC

mem[X,0x0000000080000D34] -> 0x9E93
mem[X,0x0000000080000D36] -> 0x00BE
[850] [M]: 0x0000000080000D34 (0x00BE9E93) slli t4, t4, 0xb
x29 <- 0xFFFFFFFFEFFFE000

mem[X,0x0000000080000D38] -> 0x8E93
mem[X,0x0000000080000D3A] -> 0x200E
[851] [M]: 0x0000000080000D38 (0x200E8E93) addi t4, t4, 0x200
x29 <- 0xFFFFFFFFEFFFE200

mem[X,0x0000000080000D3C] -> 0x9E93
mem[X,0x0000000080000D3E] -> 0x00BE
[852] [M]: 0x0000000080000D3C (0x00BE9E93) slli t4, t4, 0xb
x29 <- 0xFFFFFF7FFF100000

mem[X,0x0000000080000D40] -> 0x8E93
mem[X,0x0000000080000D42] -> 0x000E
[853] [M]: 0x0000000080000D40 (0x000E8E93) addi t4, t4, 0x0
x29 <- 0xFFFFFF7FFF100000

mem[X,0x0000000080000D44] -> 0x9E93
mem[X,0x0000000080000D46] -> 0x00AE
[854] [M]: 0x0000000080000D44 (0x00AE9E93) slli t4, t4, 0xa
x29 <- 0xFFFDFFFC40000000

mem[X,0x0000000080000D48] -> 0x0FBB
mem[X,0x0000000080000D4A] -> 0xE9DF
[855] [M]: 0x0000000080000D48 (0xE9DF0FBB) pdifu.h t6, t5, t4
x31 <- 0x000840033FFB0003

mem[X,0x0000000080000D4C] -> 0xBC23
mem[X,0x0000000080000D4E] -> 0x05F0
[856] [M]: 0x0000000080000D4C (0x05F0BC23) sd t6, 0x58(ra)
mem[0x0000000080004258] <- 0x000840033FFB0003

mem[X,0x0000000080000D50] -> 0x0F37
mem[X,0x0000000080000D52] -> 0x0003
[857] [M]: 0x0000000080000D50 (0x00030F37) lui t5, 0x30
x30 <- 0x0000000000030000

mem[X,0x0000000080000D54] -> 0x0F13
mem[X,0x0000000080000D56] -> 0x000F
[858] [M]: 0x0000000080000D54 (0x000F0F13) addi t5, t5, 0x0
x30 <- 0x0000000000030000

mem[X,0x0000000080000D58] -> 0x1F13
mem[X,0x0000000080000D5A] -> 0x00BF
[859] [M]: 0x0000000080000D58 (0x00BF1F13) slli t5, t5, 0xb
x30 <- 0x0000000018000000

mem[X,0x0000000080000D5C] -> 0x0F13
mem[X,0x0000000080000D5E] -> 0x000F
[860] [M]: 0x0000000080000D5C (0x000F0F13) addi t5, t5, 0x0
x30 <- 0x0000000018000000

mem[X,0x0000000080000D60] -> 0x1F13
mem[X,0x0000000080000D62] -> 0x00BF
[861] [M]: 0x0000000080000D60 (0x00BF1F13) slli t5, t5, 0xb
x30 <- 0x000000C000000000

mem[X,0x0000000080000D64] -> 0x0F13
mem[X,0x0000000080000D66] -> 0x43FF
[862] [M]: 0x0000000080000D64 (0x43FF0F13) addi t5, t5, 0x43f
x30 <- 0x000000C00000043F

mem[X,0x0000000080000D68] -> 0x1F13
mem[X,0x0000000080000D6A] -> 0x00AF
[863] [M]: 0x0000000080000D68 (0x00AF1F13) slli t5, t5, 0xa
x30 <- 0x000300000010FC00

mem[X,0x0000000080000D6C] -> 0x0F13
mem[X,0x0000000080000D6E] -> 0x2FFF
[864] [M]: 0x0000000080000D6C (0x2FFF0F13) addi t5, t5, 0x2ff
x30 <- 0x000300000010FEFF

mem[X,0x0000000080000D70] -> 0x0EB7
mem[X,0x0000000080000D72] -> 0xFFF0
[865] [M]: 0x0000000080000D70 (0xFFF00EB7) lui t4, -0x100
x29 <- 0xFFFFFFFFFFF00000

mem[X,0x0000000080000D74] -> 0x8E93
mem[X,0x0000000080000D76] -> 0xDFFE
[866] [M]: 0x0000000080000D74 (0xDFFE8E93) addi t4, t4, -0x201
x29 <- 0xFFFFFFFFFFEFFDFF

mem[X,0x0000000080000D78] -> 0x9E93
mem[X,0x0000000080000D7A] -> 0x00BE
[867] [M]: 0x0000000080000D78 (0x00BE9E93) slli t4, t4, 0xb
x29 <- 0xFFFFFFFF7FEFF800

mem[X,0x0000000080000D7C] -> 0x8E93
mem[X,0x0000000080000D7E] -> 0x010E
[868] [M]: 0x0000000080000D7C (0x010E8E93) addi t4, t4, 0x10
x29 <- 0xFFFFFFFF7FEFF810

mem[X,0x0000000080000D80] -> 0x9E93
mem[X,0x0000000080000D82] -> 0x00BE
[869] [M]: 0x0000000080000D80 (0x00BE9E93) slli t4, t4, 0xb
x29 <- 0xFFFFFBFF7FC08000

mem[X,0x0000000080000D84] -> 0x8E93
mem[X,0x0000000080000D86] -> 0x03FE
[870] [M]: 0x0000000080000D84 (0x03FE8E93) addi t4, t4, 0x3f
x29 <- 0xFFFFFBFF7FC0803F

mem[X,0x0000000080000D88] -> 0x9E93
mem[X,0x0000000080000D8A] -> 0x00AE
[871] [M]: 0x0000000080000D88 (0x00AE9E93) slli t4, t4, 0xa
x29 <- 0xFFEFFDFF0200FC00

mem[X,0x0000000080000D8C] -> 0x8E93
mem[X,0x0000000080000D8E] -> 0x3FEE
[872] [M]: 0x0000000080000D8C (0x3FEE8E93) addi t4, t4, 0x3fe
x29 <- 0xFFEFFDFF0200FFFE

mem[X,0x0000000080000D90] -> 0x0FBB
mem[X,0x0000000080000D92] -> 0xE9DF
[873] [M]: 0x0000000080000D90 (0xE9DF0FBB) pdifu.h t6, t5, t4
x31 <- 0x0014020101F000FF

mem[X,0x0000000080000D94] -> 0xB023
mem[X,0x0000000080000D96] -> 0x07F0
[874] [M]: 0x0000000080000D94 (0x07F0B023) sd t6, 0x60(ra)
mem[0x0000000080004260] <- 0x0014020101F000FF

mem[X,0x0000000080000D98] -> 0x0F37
mem[X,0x0000000080000D9A] -> 0x0010
[875] [M]: 0x0000000080000D98 (0x00100F37) lui t5, 0x100
x30 <- 0x0000000000100000

mem[X,0x0000000080000D9C] -> 0x0F13
mem[X,0x0000000080000D9E] -> 0x100F
[876] [M]: 0x0000000080000D9C (0x100F0F13) addi t5, t5, 0x100
x30 <- 0x0000000000100100

mem[X,0x0000000080000DA0] -> 0x1F13
mem[X,0x0000000080000DA2] -> 0x00BF
[877] [M]: 0x0000000080000DA0 (0x00BF1F13) slli t5, t5, 0xb
x30 <- 0x0000000080080000

mem[X,0x0000000080000DA4] -> 0x0F13
mem[X,0x0000000080000DA6] -> 0x001F
[878] [M]: 0x0000000080000DA4 (0x001F0F13) addi t5, t5, 0x1
x30 <- 0x0000000080080001

mem[X,0x0000000080000DA8] -> 0x1F13
mem[X,0x0000000080000DAA] -> 0x00BF
[879] [M]: 0x0000000080000DA8 (0x00BF1F13) slli t5, t5, 0xb
x30 <- 0x0000040040000800

mem[X,0x0000000080000DAC] -> 0x0F13
mem[X,0x0000000080000DAE] -> 0x020F
[880] [M]: 0x0000000080000DAC (0x020F0F13) addi t5, t5, 0x20
x30 <- 0x0000040040000820

mem[X,0x0000000080000DB0] -> 0x1F13
mem[X,0x0000000080000DB2] -> 0x00AF
[881] [M]: 0x0000000080000DB0 (0x00AF1F13) slli t5, t5, 0xa
x30 <- 0x0010010000208000

mem[X,0x0000000080000DB4] -> 0x0EB7
mem[X,0x0000000080000DB6] -> 0xFFDF
[882] [M]: 0x0000000080000DB4 (0xFFDF0EB7) lui t4, -0x210
x29 <- 0xFFFFFFFFFFDF0000

mem[X,0x0000000080000DB8] -> 0x8E93
mem[X,0x0000000080000DBA] -> 0x000E
[883] [M]: 0x0000000080000DB8 (0x000E8E93) addi t4, t4, 0x0
x29 <- 0xFFFFFFFFFFDF0000

mem[X,0x0000000080000DBC] -> 0x9E93
mem[X,0x0000000080000DBE] -> 0x00BE
[884] [M]: 0x0000000080000DBC (0x00BE9E93) slli t4, t4, 0xb
x29 <- 0xFFFFFFFEF8000000

mem[X,0x0000000080000DC0] -> 0x8E93
mem[X,0x0000000080000DC2] -> 0x000E
[885] [M]: 0x0000000080000DC0 (0x000E8E93) addi t4, t4, 0x0
x29 <- 0xFFFFFFFEF8000000

mem[X,0x0000000080000DC4] -> 0x9E93
mem[X,0x0000000080000DC6] -> 0x00BE
[886] [M]: 0x0000000080000DC4 (0x00BE9E93) slli t4, t4, 0xb
x29 <- 0xFFFFF7C000000000

mem[X,0x0000000080000DC8] -> 0x8E93
mem[X,0x0000000080000DCA] -> 0x23DE
[887] [M]: 0x0000000080000DC8 (0x23DE8E93) addi t4, t4, 0x23d
x29 <- 0xFFFFF7C00000023D

mem[X,0x0000000080000DCC] -> 0x9E93
mem[X,0x0000000080000DCE] -> 0x00AE
[888] [M]: 0x0000000080000DCC (0x00AE9E93) slli t4, t4, 0xa
x29 <- 0xFFDF00000008F400

mem[X,0x0000000080000DD0] -> 0x8E93
mem[X,0x0000000080000DD2] -> 0x3FFE
[889] [M]: 0x0000000080000DD0 (0x3FFE8E93) addi t4, t4, 0x3ff
x29 <- 0xFFDF00000008F7FF

mem[X,0x0000000080000DD4] -> 0x0FBB
mem[X,0x0000000080000DD6] -> 0xE9DF
[890] [M]: 0x0000000080000DD4 (0xE9DF0FBB) pdifu.h t6, t5, t4
x31 <- 0x00310100001877FF

mem[X,0x0000000080000DD8] -> 0xB423
mem[X,0x0000000080000DDA] -> 0x07F0
[891] [M]: 0x0000000080000DD8 (0x07F0B423) sd t6, 0x68(ra)
mem[0x0000000080004268] <- 0x00310100001877FF

mem[X,0x0000000080000DDC] -> 0x0F37
mem[X,0x0000000080000DDE] -> 0x0200
[892] [M]: 0x0000000080000DDC (0x02000F37) lui t5, 0x2000
x30 <- 0x0000000002000000

mem[X,0x0000000080000DE0] -> 0x0F13
mem[X,0x0000000080000DE2] -> 0x100F
[893] [M]: 0x0000000080000DE0 (0x100F0F13) addi t5, t5, 0x100
x30 <- 0x0000000002000100

mem[X,0x0000000080000DE4] -> 0x1F13
mem[X,0x0000000080000DE6] -> 0x00BF
[894] [M]: 0x0000000080000DE4 (0x00BF1F13) slli t5, t5, 0xb
x30 <- 0x0000001000080000

mem[X,0x0000000080000DE8] -> 0x0F13
mem[X,0x0000000080000DEA] -> 0x001F
[895] [M]: 0x0000000080000DE8 (0x001F0F13) addi t5, t5, 0x1
x30 <- 0x0000001000080001

mem[X,0x0000000080000DEC] -> 0x1F13
mem[X,0x0000000080000DEE] -> 0x00BF
[896] [M]: 0x0000000080000DEC (0x00BF1F13) slli t5, t5, 0xb
x30 <- 0x0000800040000800

mem[X,0x0000000080000DF0] -> 0x0F13
mem[X,0x0000000080000DF2] -> 0x03FF
[897] [M]: 0x0000000080000DF0 (0x03FF0F13) addi t5, t5, 0x3f
x30 <- 0x000080004000083F

mem[X,0x0000000080000DF4] -> 0x1F13
mem[X,0x0000000080000DF6] -> 0x00AF
[898] [M]: 0x0000000080000DF4 (0x00AF1F13) slli t5, t5, 0xa
x30 <- 0x020001000020FC00

mem[X,0x0000000080000DF8] -> 0x0F13
mem[X,0x0000000080000DFA] -> 0x3F6F
[899] [M]: 0x0000000080000DF8 (0x3F6F0F13) addi t5, t5, 0x3f6
x30 <- 0x020001000020FFF6

clint::tick mtime <- 0x0000000000000009
 clint timer pending at mtime 0x0000000000000009
htif::tick 0x0000000000000000
mem[X,0x0000000080000DFC] -> 0x0EB7
mem[X,0x0000000080000DFE] -> 0xFE00
[900] [M]: 0x0000000080000DFC (0xFE000EB7) lui t4, -0x2000
x29 <- 0xFFFFFFFFFE000000

mem[X,0x0000000080000E00] -> 0x8E93
mem[X,0x0000000080000E02] -> 0xF7FE
[901] [M]: 0x0000000080000E00 (0xF7FE8E93) addi t4, t4, -0x81
x29 <- 0xFFFFFFFFFDFFFF7F

mem[X,0x0000000080000E04] -> 0x9E93
mem[X,0x0000000080000E06] -> 0x00BE
[902] [M]: 0x0000000080000E04 (0x00BE9E93) slli t4, t4, 0xb
x29 <- 0xFFFFFFEFFFFBF800

mem[X,0x0000000080000E08] -> 0x8E93
mem[X,0x0000000080000E0A] -> 0x020E
[903] [M]: 0x0000000080000E08 (0x020E8E93) addi t4, t4, 0x20
x29 <- 0xFFFFFFEFFFFBF820

mem[X,0x0000000080000E0C] -> 0x9E93
mem[X,0x0000000080000E0E] -> 0x00BE
[904] [M]: 0x0000000080000E0C (0x00BE9E93) slli t4, t4, 0xb
x29 <- 0xFFFF7FFFDFC10000

mem[X,0x0000000080000E10] -> 0x8E93
mem[X,0x0000000080000E12] -> 0x000E
[905] [M]: 0x0000000080000E10 (0x000E8E93) addi t4, t4, 0x0
x29 <- 0xFFFF7FFFDFC10000

mem[X,0x0000000080000E14] -> 0x9E93
mem[X,0x0000000080000E16] -> 0x00AE
[906] [M]: 0x0000000080000E14 (0x00AE9E93) slli t4, t4, 0xa
x29 <- 0xFDFFFF7F04000000

mem[X,0x0000000080000E18] -> 0x8E93
mem[X,0x0000000080000E1A] -> 0x008E
[907] [M]: 0x0000000080000E18 (0x008E8E93) addi t4, t4, 0x8
x29 <- 0xFDFFFF7F04000008

mem[X,0x0000000080000E1C] -> 0x0FBB
mem[X,0x0000000080000E1E] -> 0xE9DF
[908] [M]: 0x0000000080000E1C (0xE9DF0FBB) pdifu.h t6, t5, t4
x31 <- 0x0401018103E00012

mem[X,0x0000000080000E20] -> 0xB823
mem[X,0x0000000080000E22] -> 0x07F0
[909] [M]: 0x0000000080000E20 (0x07F0B823) sd t6, 0x70(ra)
mem[0x0000000080004270] <- 0x0401018103E00012

mem[X,0x0000000080000E24] -> 0x1F37
mem[X,0x0000000080000E26] -> 0xFFFF
[910] [M]: 0x0000000080000E24 (0xFFFF1F37) lui t5, -0xf
x30 <- 0xFFFFFFFFFFFF1000

mem[X,0x0000000080000E28] -> 0x0F13
mem[X,0x0000000080000E2A] -> 0x800F
[911] [M]: 0x0000000080000E28 (0x800F0F13) addi t5, t5, -0x800
x30 <- 0xFFFFFFFFFFFF0800

mem[X,0x0000000080000E2C] -> 0x1F13
mem[X,0x0000000080000E2E] -> 0x00BF
[912] [M]: 0x0000000080000E2C (0x00BF1F13) slli t5, t5, 0xb
x30 <- 0xFFFFFFFFF8400000

mem[X,0x0000000080000E30] -> 0x0F13
mem[X,0x0000000080000E32] -> 0x200F
[913] [M]: 0x0000000080000E30 (0x200F0F13) addi t5, t5, 0x200
x30 <- 0xFFFFFFFFF8400200

mem[X,0x0000000080000E34] -> 0x1F13
mem[X,0x0000000080000E36] -> 0x00BF
[914] [M]: 0x0000000080000E34 (0x00BF1F13) slli t5, t5, 0xb
x30 <- 0xFFFFFFC200100000

mem[X,0x0000000080000E38] -> 0x0F13
mem[X,0x0000000080000E3A] -> 0x000F
[915] [M]: 0x0000000080000E38 (0x000F0F13) addi t5, t5, 0x0
x30 <- 0xFFFFFFC200100000

mem[X,0x0000000080000E3C] -> 0x1F13
mem[X,0x0000000080000E3E] -> 0x00AF
[916] [M]: 0x0000000080000E3C (0x00AF1F13) slli t5, t5, 0xa
x30 <- 0xFFFF080040000000

mem[X,0x0000000080000E40] -> 0x0F13
mem[X,0x0000000080000E42] -> 0x040F
[917] [M]: 0x0000000080000E40 (0x040F0F13) addi t5, t5, 0x40
x30 <- 0xFFFF080040000040

mem[X,0x0000000080000E44] -> 0x0EB7
mem[X,0x0000000080000E46] -> 0xFC00
[918] [M]: 0x0000000080000E44 (0xFC000EB7) lui t4, -0x4000
x29 <- 0xFFFFFFFFFC000000

mem[X,0x0000000080000E48] -> 0x8E93
mem[X,0x0000000080000E4A] -> 0xFF8E
[919] [M]: 0x0000000080000E48 (0xFF8E8E93) addi t4, t4, -0x8
x29 <- 0xFFFFFFFFFBFFFFF8

mem[X,0x0000000080000E4C] -> 0x9E93
mem[X,0x0000000080000E4E] -> 0x00BE
[920] [M]: 0x0000000080000E4C (0x00BE9E93) slli t4, t4, 0xb
x29 <- 0xFFFFFFDFFFFFC000

mem[X,0x0000000080000E50] -> 0x8E93
mem[X,0x0000000080000E52] -> 0x000E
[921] [M]: 0x0000000080000E50 (0x000E8E93) addi t4, t4, 0x0
x29 <- 0xFFFFFFDFFFFFC000

mem[X,0x0000000080000E54] -> 0x9E93
mem[X,0x0000000080000E56] -> 0x00BE
[922] [M]: 0x0000000080000E54 (0x00BE9E93) slli t4, t4, 0xb
x29 <- 0xFFFEFFFFFE000000

mem[X,0x0000000080000E58] -> 0x8E93
mem[X,0x0000000080000E5A] -> 0x240E
[923] [M]: 0x0000000080000E58 (0x240E8E93) addi t4, t4, 0x240
x29 <- 0xFFFEFFFFFE000240

mem[X,0x0000000080000E5C] -> 0x9E93
mem[X,0x0000000080000E5E] -> 0x00AE
[924] [M]: 0x0000000080000E5C (0x00AE9E93) slli t4, t4, 0xa
x29 <- 0xFBFFFFF800090000

mem[X,0x0000000080000E60] -> 0x8E93
mem[X,0x0000000080000E62] -> 0x020E
[925] [M]: 0x0000000080000E60 (0x020E8E93) addi t4, t4, 0x20
x29 <- 0xFBFFFFF800090020

mem[X,0x0000000080000E64] -> 0x0FBB
mem[X,0x0000000080000E66] -> 0xE9DF
[926] [M]: 0x0000000080000E64 (0xE9DF0FBB) pdifu.h t6, t5, t4
x31 <- 0x040008083FF70020

mem[X,0x0000000080000E68] -> 0xBC23
mem[X,0x0000000080000E6A] -> 0x07F0
[927] [M]: 0x0000000080000E68 (0x07F0BC23) sd t6, 0x78(ra)
mem[0x0000000080004278] <- 0x040008083FF70020

mem[X,0x0000000080000E6C] -> 0x0F37
mem[X,0x0000000080000E6E] -> 0xFF7F
[928] [M]: 0x0000000080000E6C (0xFF7F0F37) lui t5, -0x810
x30 <- 0xFFFFFFFFFF7F0000

mem[X,0x0000000080000E70] -> 0x0F13
mem[X,0x0000000080000E72] -> 0x009F
[929] [M]: 0x0000000080000E70 (0x009F0F13) addi t5, t5, 0x9
x30 <- 0xFFFFFFFFFF7F0009

mem[X,0x0000000080000E74] -> 0x1F13
mem[X,0x0000000080000E76] -> 0x00BF
[930] [M]: 0x0000000080000E74 (0x00BF1F13) slli t5, t5, 0xb
x30 <- 0xFFFFFFFBF8004800

mem[X,0x0000000080000E78] -> 0x0F13
mem[X,0x0000000080000E7A] -> 0x200F
[931] [M]: 0x0000000080000E78 (0x200F0F13) addi t5, t5, 0x200
x30 <- 0xFFFFFFFBF8004A00

mem[X,0x0000000080000E7C] -> 0x1F13
mem[X,0x0000000080000E7E] -> 0x00BF
[932] [M]: 0x0000000080000E7C (0x00BF1F13) slli t5, t5, 0xb
x30 <- 0xFFFFDFC002500000

mem[X,0x0000000080000E80] -> 0x0F13
mem[X,0x0000000080000E82] -> 0x03FF
[933] [M]: 0x0000000080000E80 (0x03FF0F13) addi t5, t5, 0x3f
x30 <- 0xFFFFDFC00250003F

mem[X,0x0000000080000E84] -> 0x1F13
mem[X,0x0000000080000E86] -> 0x00AF
[934] [M]: 0x0000000080000E84 (0x00AF1F13) slli t5, t5, 0xa
x30 <- 0xFF7F00094000FC00

mem[X,0x0000000080000E88] -> 0x0F13
mem[X,0x0000000080000E8A] -> 0x1FFF
[935] [M]: 0x0000000080000E88 (0x1FFF0F13) addi t5, t5, 0x1ff
x30 <- 0xFF7F00094000FDFF

mem[X,0x0000000080000E8C] -> 0x4EB7
mem[X,0x0000000080000E8E] -> 0xF7FF
[936] [M]: 0x0000000080000E8C (0xF7FF4EB7) lui t4, -0x800c
x29 <- 0xFFFFFFFFF7FF4000

mem[X,0x0000000080000E90] -> 0x8E93
mem[X,0x0000000080000E92] -> 0xFFFE
[937] [M]: 0x0000000080000E90 (0xFFFE8E93) addi t4, t4, -0x1
x29 <- 0xFFFFFFFFF7FF3FFF

mem[X,0x0000000080000E94] -> 0x9E93
mem[X,0x0000000080000E96] -> 0x00BE
[938] [M]: 0x0000000080000E94 (0x00BE9E93) slli t4, t4, 0xb
x29 <- 0xFFFFFFBFF9FFF800

mem[X,0x0000000080000E98] -> 0x8E93
mem[X,0x0000000080000E9A] -> 0x010E
[939] [M]: 0x0000000080000E98 (0x010E8E93) addi t4, t4, 0x10
x29 <- 0xFFFFFFBFF9FFF810

mem[X,0x0000000080000E9C] -> 0x9E93
mem[X,0x0000000080000E9E] -> 0x00BE
[940] [M]: 0x0000000080000E9C (0x00BE9E93) slli t4, t4, 0xb
x29 <- 0xFFFDFFCFFFC08000

mem[X,0x0000000080000EA0] -> 0x8E93
mem[X,0x0000000080000EA2] -> 0x03FE
[941] [M]: 0x0000000080000EA0 (0x03FE8E93) addi t4, t4, 0x3f
x29 <- 0xFFFDFFCFFFC0803F

mem[X,0x0000000080000EA4] -> 0x9E93
mem[X,0x0000000080000EA6] -> 0x00AE
[942] [M]: 0x0000000080000EA4 (0x00AE9E93) slli t4, t4, 0xa
x29 <- 0xF7FF3FFF0200FC00

mem[X,0x0000000080000EA8] -> 0x8E93
mem[X,0x0000000080000EAA] -> 0x3F9E
[943] [M]: 0x0000000080000EA8 (0x3F9E8E93) addi t4, t4, 0x3f9
x29 <- 0xF7FF3FFF0200FFF9

mem[X,0x0000000080000EAC] -> 0x0FBB
mem[X,0x0000000080000EAE] -> 0xE9DF
[944] [M]: 0x0000000080000EAC (0xE9DF0FBB) pdifu.h t6, t5, t4
x31 <- 0x07803FF63E0001FA

mem[X,0x0000000080000EB0] -> 0xB023
mem[X,0x0000000080000EB2] -> 0x09F0
[945] [M]: 0x0000000080000EB0 (0x09F0B023) sd t6, 0x80(ra)
mem[0x0000000080004280] <- 0x07803FF63E0001FA

mem[X,0x0000000080000EB4] -> 0x0F37
mem[X,0x0000000080000EB6] -> 0xFFFF
[946] [M]: 0x0000000080000EB4 (0xFFFF0F37) lui t5, -0x10
x30 <- 0xFFFFFFFFFFFF0000

mem[X,0x0000000080000EB8] -> 0x0F13
mem[X,0x0000000080000EBA] -> 0xFFEF
[947] [M]: 0x0000000080000EB8 (0xFFEF0F13) addi t5, t5, -0x2
x30 <- 0xFFFFFFFFFFFEFFFE

mem[X,0x0000000080000EBC] -> 0x1F13
mem[X,0x0000000080000EBE] -> 0x00BF
[948] [M]: 0x0000000080000EBC (0x00BF1F13) slli t5, t5, 0xb
x30 <- 0xFFFFFFFFF7FFF000

mem[X,0x0000000080000EC0] -> 0x0F13
mem[X,0x0000000080000EC2] -> 0x7FFF
[949] [M]: 0x0000000080000EC0 (0x7FFF0F13) addi t5, t5, 0x7ff
x30 <- 0xFFFFFFFFF7FFF7FF

mem[X,0x0000000080000EC4] -> 0x1F13
mem[X,0x0000000080000EC6] -> 0x00BF
[950] [M]: 0x0000000080000EC4 (0x00BF1F13) slli t5, t5, 0xb
x30 <- 0xFFFFFFBFFFBFF800

mem[X,0x0000000080000EC8] -> 0x0F13
mem[X,0x0000000080000ECA] -> 0x5A0F
[951] [M]: 0x0000000080000EC8 (0x5A0F0F13) addi t5, t5, 0x5a0
x30 <- 0xFFFFFFBFFFBFFDA0

mem[X,0x0000000080000ECC] -> 0x1F13
mem[X,0x0000000080000ECE] -> 0x00AF
[952] [M]: 0x0000000080000ECC (0x00AF1F13) slli t5, t5, 0xa
x30 <- 0xFFFEFFFEFFF68000

mem[X,0x0000000080000ED0] -> 0x8EB7
mem[X,0x0000000080000ED2] -> 0x5555
[953] [M]: 0x0000000080000ED0 (0x55558EB7) lui t4, 0x55558
x29 <- 0x0000000055558000

mem[X,0x0000000080000ED4] -> 0x8E93
mem[X,0x0000000080000ED6] -> 0x000E
[954] [M]: 0x0000000080000ED4 (0x000E8E93) addi t4, t4, 0x0
x29 <- 0x0000000055558000

mem[X,0x0000000080000ED8] -> 0x9E93
mem[X,0x0000000080000EDA] -> 0x00BE
[955] [M]: 0x0000000080000ED8 (0x00BE9E93) slli t4, t4, 0xb
x29 <- 0x000002AAAC000000

mem[X,0x0000000080000EDC] -> 0x8E93
mem[X,0x0000000080000EDE] -> 0x7BFE
[956] [M]: 0x0000000080000EDC (0x7BFE8E93) addi t4, t4, 0x7bf
x29 <- 0x000002AAAC0007BF

mem[X,0x0000000080000EE0] -> 0x9E93
mem[X,0x0000000080000EE2] -> 0x00BE
[957] [M]: 0x0000000080000EE0 (0x00BE9E93) slli t4, t4, 0xb
x29 <- 0x00155560003DF800

mem[X,0x0000000080000EE4] -> 0x8E93
mem[X,0x0000000080000EE6] -> 0x7FFE
[958] [M]: 0x0000000080000EE4 (0x7FFE8E93) addi t4, t4, 0x7ff
x29 <- 0x00155560003DFFFF

mem[X,0x0000000080000EE8] -> 0x9E93
mem[X,0x0000000080000EEA] -> 0x00AE
[959] [M]: 0x0000000080000EE8 (0x00AE9E93) slli t4, t4, 0xa
x29 <- 0x55558000F7FFFC00

mem[X,0x0000000080000EEC] -> 0x8E93
mem[X,0x0000000080000EEE] -> 0x3F8E
[960] [M]: 0x0000000080000EEC (0x3F8E8E93) addi t4, t4, 0x3f8
x29 <- 0x55558000F7FFFFF8

mem[X,0x0000000080000EF0] -> 0x0FBB
mem[X,0x0000000080000EF2] -> 0xE9DF
[961] [M]: 0x0000000080000EF0 (0xE9DF0FBB) pdifu.h t6, t5, t4
x31 <- 0x55577FFE07F77FF8

mem[X,0x0000000080000EF4] -> 0xB423
mem[X,0x0000000080000EF6] -> 0x09F0
[962] [M]: 0x0000000080000EF4 (0x09F0B423) sd t6, 0x88(ra)
mem[0x0000000080004288] <- 0x55577FFE07F77FF8

mem[X,0x0000000080000EF8] -> 0x0F37
mem[X,0x0000000080000EFA] -> 0x0080
[963] [M]: 0x0000000080000EF8 (0x00800F37) lui t5, 0x800
x30 <- 0x0000000000800000

mem[X,0x0000000080000EFC] -> 0x0F13
mem[X,0x0000000080000EFE] -> 0x020F
[964] [M]: 0x0000000080000EFC (0x020F0F13) addi t5, t5, 0x20
x30 <- 0x0000000000800020

mem[X,0x0000000080000F00] -> 0x1F13
mem[X,0x0000000080000F02] -> 0x00BF
[965] [M]: 0x0000000080000F00 (0x00BF1F13) slli t5, t5, 0xb
x30 <- 0x0000000400010000

mem[X,0x0000000080000F04] -> 0x0F13
mem[X,0x0000000080000F06] -> 0x000F
[966] [M]: 0x0000000080000F04 (0x000F0F13) addi t5, t5, 0x0
x30 <- 0x0000000400010000

mem[X,0x0000000080000F08] -> 0x1F13
mem[X,0x0000000080000F0A] -> 0x00BF
[967] [M]: 0x0000000080000F08 (0x00BF1F13) slli t5, t5, 0xb
x30 <- 0x0000200008000000

mem[X,0x0000000080000F0C] -> 0x0F13
mem[X,0x0000000080000F0E] -> 0x23FF
[968] [M]: 0x0000000080000F0C (0x23FF0F13) addi t5, t5, 0x23f
x30 <- 0x000020000800023F

mem[X,0x0000000080000F10] -> 0x1F13
mem[X,0x0000000080000F12] -> 0x00AF
[969] [M]: 0x0000000080000F10 (0x00AF1F13) slli t5, t5, 0xa
x30 <- 0x008000200008FC00

mem[X,0x0000000080000F14] -> 0x0F13
mem[X,0x0000000080000F16] -> 0x37FF
[970] [M]: 0x0000000080000F14 (0x37FF0F13) addi t5, t5, 0x37f
x30 <- 0x008000200008FF7F

mem[X,0x0000000080000F18] -> 0xCEB7
mem[X,0x0000000080000F1A] -> 0xAAAA
[971] [M]: 0x0000000080000F18 (0xAAAACEB7) lui t4, -0x55554
x29 <- 0xFFFFFFFFAAAAC000

mem[X,0x0000000080000F1C] -> 0x8E93
mem[X,0x0000000080000F1E] -> 0xFFFE
[972] [M]: 0x0000000080000F1C (0xFFFE8E93) addi t4, t4, -0x1
x29 <- 0xFFFFFFFFAAAABFFF

mem[X,0x0000000080000F20] -> 0x9E93
mem[X,0x0000000080000F22] -> 0x00BE
[973] [M]: 0x0000000080000F20 (0x00BE9E93) slli t4, t4, 0xb
x29 <- 0xFFFFFD5555FFF800

mem[X,0x0000000080000F24] -> 0x8E93
mem[X,0x0000000080000F26] -> 0x7FFE
[974] [M]: 0x0000000080000F24 (0x7FFE8E93) addi t4, t4, 0x7ff
x29 <- 0xFFFFFD5555FFFFFF

mem[X,0x0000000080000F28] -> 0x9E93
mem[X,0x0000000080000F2A] -> 0x00BE
[975] [M]: 0x0000000080000F28 (0x00BE9E93) slli t4, t4, 0xb
x29 <- 0xFFEAAAAFFFFFF800

mem[X,0x0000000080000F2C] -> 0x8E93
mem[X,0x0000000080000F2E] -> 0x5FFE
[976] [M]: 0x0000000080000F2C (0x5FFE8E93) addi t4, t4, 0x5ff
x29 <- 0xFFEAAAAFFFFFFDFF

mem[X,0x0000000080000F30] -> 0x9E93
mem[X,0x0000000080000F32] -> 0x00AE
[977] [M]: 0x0000000080000F30 (0x00AE9E93) slli t4, t4, 0xa
x29 <- 0xAAAABFFFFFF7FC00

mem[X,0x0000000080000F34] -> 0x8E93
mem[X,0x0000000080000F36] -> 0x3F9E
[978] [M]: 0x0000000080000F34 (0x3F9E8E93) addi t4, t4, 0x3f9
x29 <- 0xAAAABFFFFFF7FFF9

mem[X,0x0000000080000F38] -> 0x0FBB
mem[X,0x0000000080000F3A] -> 0xE9DF
[979] [M]: 0x0000000080000F38 (0xE9DF0FBB) pdifu.h t6, t5, t4
x31 <- 0x55D640210011007A

mem[X,0x0000000080000F3C] -> 0xB823
mem[X,0x0000000080000F3E] -> 0x09F0
[980] [M]: 0x0000000080000F3C (0x09F0B823) sd t6, 0x90(ra)
mem[0x0000000080004290] <- 0x55D640210011007A

mem[X,0x0000000080000F40] -> 0x0F37
mem[X,0x0000000080000F42] -> 0xF800
[981] [M]: 0x0000000080000F40 (0xF8000F37) lui t5, -0x8000
x30 <- 0xFFFFFFFFF8000000

mem[X,0x0000000080000F44] -> 0x0F13
mem[X,0x0000000080000F46] -> 0xFF6F
[982] [M]: 0x0000000080000F44 (0xFF6F0F13) addi t5, t5, -0xa
x30 <- 0xFFFFFFFFF7FFFFF6

mem[X,0x0000000080000F48] -> 0x1F13
mem[X,0x0000000080000F4A] -> 0x00BF
[983] [M]: 0x0000000080000F48 (0x00BF1F13) slli t5, t5, 0xb
x30 <- 0xFFFFFFBFFFFFB000

mem[X,0x0000000080000F4C] -> 0x0F13
mem[X,0x0000000080000F4E] -> 0x008F
[984] [M]: 0x0000000080000F4C (0x008F0F13) addi t5, t5, 0x8
x30 <- 0xFFFFFFBFFFFFB008

mem[X,0x0000000080000F50] -> 0x1F13
mem[X,0x0000000080000F52] -> 0x00BF
[985] [M]: 0x0000000080000F50 (0x00BF1F13) slli t5, t5, 0xb
x30 <- 0xFFFDFFFFFD804000

mem[X,0x0000000080000F54] -> 0x0F13
mem[X,0x0000000080000F56] -> 0x037F
[986] [M]: 0x0000000080000F54 (0x037F0F13) addi t5, t5, 0x37
x30 <- 0xFFFDFFFFFD804037

mem[X,0x0000000080000F58] -> 0x1F13
mem[X,0x0000000080000F5A] -> 0x00AF
[987] [M]: 0x0000000080000F58 (0x00AF1F13) slli t5, t5, 0xa
x30 <- 0xF7FFFFF60100DC00

mem[X,0x0000000080000F5C] -> 0x0F13
mem[X,0x0000000080000F5E] -> 0x3FFF
[988] [M]: 0x0000000080000F5C (0x3FFF0F13) addi t5, t5, 0x3ff
x30 <- 0xF7FFFFF60100DFFF

mem[X,0x0000000080000F60] -> 0x0EB7
mem[X,0x0000000080000F62] -> 0x0801
[989] [M]: 0x0000000080000F60 (0x08010EB7) lui t4, 0x8010
x29 <- 0x0000000008010000

mem[X,0x0000000080000F64] -> 0x8E93
mem[X,0x0000000080000F66] -> 0xFFBE
[990] [M]: 0x0000000080000F64 (0xFFBE8E93) addi t4, t4, -0x5
x29 <- 0x000000000800FFFB

mem[X,0x0000000080000F68] -> 0x9E93
mem[X,0x0000000080000F6A] -> 0x00BE
[991] [M]: 0x0000000080000F68 (0x00BE9E93) slli t4, t4, 0xb
x29 <- 0x0000004007FFD800

mem[X,0x0000000080000F6C] -> 0x8E93
mem[X,0x0000000080000F6E] -> 0x010E
[992] [M]: 0x0000000080000F6C (0x010E8E93) addi t4, t4, 0x10
x29 <- 0x0000004007FFD810

mem[X,0x0000000080000F70] -> 0x9E93
mem[X,0x0000000080000F72] -> 0x00BE
[993] [M]: 0x0000000080000F70 (0x00BE9E93) slli t4, t4, 0xb
x29 <- 0x0002003FFEC08000

mem[X,0x0000000080000F74] -> 0x8E93
mem[X,0x0000000080000F76] -> 0x000E
[994] [M]: 0x0000000080000F74 (0x000E8E93) addi t4, t4, 0x0
x29 <- 0x0002003FFEC08000

mem[X,0x0000000080000F78] -> 0x9E93
mem[X,0x0000000080000F7A] -> 0x00AE
[995] [M]: 0x0000000080000F78 (0x00AE9E93) slli t4, t4, 0xa
x29 <- 0x0800FFFB02000000

mem[X,0x0000000080000F7C] -> 0x8E93
mem[X,0x0000000080000F7E] -> 0x200E
[996] [M]: 0x0000000080000F7C (0x200E8E93) addi t4, t4, 0x200
x29 <- 0x0800FFFB02000200

mem[X,0x0000000080000F80] -> 0x0FBB
mem[X,0x0000000080000F82] -> 0xE9DF
[997] [M]: 0x0000000080000F80 (0xE9DF0FBB) pdifu.h t6, t5, t4
x31 <- 0x1001000501002201

mem[X,0x0000000080000F84] -> 0xBC23
mem[X,0x0000000080000F86] -> 0x09F0
[998] [M]: 0x0000000080000F84 (0x09F0BC23) sd t6, 0x98(ra)
mem[0x0000000080004298] <- 0x1001000501002201

mem[X,0x0000000080000F88] -> 0xBF37
mem[X,0x0000000080000F8A] -> 0x0004
[999] [M]: 0x0000000080000F88 (0x0004BF37) lui t5, 0x4b
x30 <- 0x000000000004B000

clint::tick mtime <- 0x000000000000000A
 clint timer pending at mtime 0x000000000000000A
htif::tick 0x0000000000000000
mem[X,0x0000000080000F8C] -> 0x0F13
mem[X,0x0000000080000F8E] -> 0xAAAF
[1000] [M]: 0x0000000080000F8C (0xAAAF0F13) addi t5, t5, -0x556
x30 <- 0x000000000004AAAA

mem[X,0x0000000080000F90] -> 0x1F13
mem[X,0x0000000080000F92] -> 0x00BF
[1001] [M]: 0x0000000080000F90 (0x00BF1F13) slli t5, t5, 0xb
x30 <- 0x0000000025555000

mem[X,0x0000000080000F94] -> 0x0F13
mem[X,0x0000000080000F96] -> 0x7FFF
[1002] [M]: 0x0000000080000F94 (0x7FFF0F13) addi t5, t5, 0x7ff
x30 <- 0x00000000255557FF

mem[X,0x0000000080000F98] -> 0x1F13
mem[X,0x0000000080000F9A] -> 0x00BF
[1003] [M]: 0x0000000080000F98 (0x00BF1F13) slli t5, t5, 0xb
x30 <- 0x0000012AAABFF800

mem[X,0x0000000080000F9C] -> 0x0F13
mem[X,0x0000000080000F9E] -> 0x66FF
[1004] [M]: 0x0000000080000F9C (0x66FF0F13) addi t5, t5, 0x66f
x30 <- 0x0000012AAABFFE6F

mem[X,0x0000000080000FA0] -> 0x1F13
mem[X,0x0000000080000FA2] -> 0x00AF
[1005] [M]: 0x0000000080000FA0 (0x00AF1F13) slli t5, t5, 0xa
x30 <- 0x0004AAAAFFF9BC00

mem[X,0x0000000080000FA4] -> 0x0F13
mem[X,0x0000000080000FA6] -> 0x3FFF
[1006] [M]: 0x0000000080000FA4 (0x3FFF0F13) addi t5, t5, 0x3ff
x30 <- 0x0004AAAAFFF9BFFF

mem[X,0x0000000080000FA8] -> 0x4EB7
mem[X,0x0000000080000FAA] -> 0xFDFF
[1007] [M]: 0x0000000080000FA8 (0xFDFF4EB7) lui t4, -0x200c
x29 <- 0xFFFFFFFFFDFF4000

mem[X,0x0000000080000FAC] -> 0x8E93
mem[X,0x0000000080000FAE] -> 0xFFFE
[1008] [M]: 0x0000000080000FAC (0xFFFE8E93) addi t4, t4, -0x1
x29 <- 0xFFFFFFFFFDFF3FFF

mem[X,0x0000000080000FB0] -> 0x9E93
mem[X,0x0000000080000FB2] -> 0x00BE
[1009] [M]: 0x0000000080000FB0 (0x00BE9E93) slli t4, t4, 0xb
x29 <- 0xFFFFFFEFF9FFF800

mem[X,0x0000000080000FB4] -> 0x8E93
mem[X,0x0000000080000FB6] -> 0x020E
[1010] [M]: 0x0000000080000FB4 (0x020E8E93) addi t4, t4, 0x20
x29 <- 0xFFFFFFEFF9FFF820

mem[X,0x0000000080000FB8] -> 0x9E93
mem[X,0x0000000080000FBA] -> 0x00BE
[1011] [M]: 0x0000000080000FB8 (0x00BE9E93) slli t4, t4, 0xb
x29 <- 0xFFFF7FCFFFC10000

mem[X,0x0000000080000FBC] -> 0x8E93
mem[X,0x0000000080000FBE] -> 0x03FE
[1012] [M]: 0x0000000080000FBC (0x03FE8E93) addi t4, t4, 0x3f
x29 <- 0xFFFF7FCFFFC1003F

mem[X,0x0000000080000FC0] -> 0x9E93
mem[X,0x0000000080000FC2] -> 0x00AE
[1013] [M]: 0x0000000080000FC0 (0x00AE9E93) slli t4, t4, 0xa
x29 <- 0xFDFF3FFF0400FC00

mem[X,0x0000000080000FC4] -> 0x8E93
mem[X,0x0000000080000FC6] -> 0x3F6E
[1014] [M]: 0x0000000080000FC4 (0x3F6E8E93) addi t4, t4, 0x3f6
x29 <- 0xFDFF3FFF0400FFF6

mem[X,0x0000000080000FC8] -> 0x0FBB
mem[X,0x0000000080000FCA] -> 0xE9DF
[1015] [M]: 0x0000000080000FC8 (0xE9DF0FBB) pdifu.h t6, t5, t4
x31 <- 0x02056AAB04073FF7

mem[X,0x0000000080000FCC] -> 0xB023
mem[X,0x0000000080000FCE] -> 0x0BF0
[1016] [M]: 0x0000000080000FCC (0x0BF0B023) sd t6, 0xa0(ra)
mem[0x00000000800042A0] <- 0x02056AAB04073FF7

mem[X,0x0000000080000FD0] -> 0x0F37
mem[X,0x0000000080000FD2] -> 0xAAAB
[1017] [M]: 0x0000000080000FD0 (0xAAAB0F37) lui t5, -0x55550
x30 <- 0xFFFFFFFFAAAB0000

mem[X,0x0000000080000FD4] -> 0x0F13
mem[X,0x0000000080000FD6] -> 0xFFEF
[1018] [M]: 0x0000000080000FD4 (0xFFEF0F13) addi t5, t5, -0x2
x30 <- 0xFFFFFFFFAAAAFFFE

mem[X,0x0000000080000FD8] -> 0x1F13
mem[X,0x0000000080000FDA] -> 0x00BF
[1019] [M]: 0x0000000080000FD8 (0x00BF1F13) slli t5, t5, 0xb
x30 <- 0xFFFFFD5557FFF000

mem[X,0x0000000080000FDC] -> 0x0F13
mem[X,0x0000000080000FDE] -> 0x7FFF
[1020] [M]: 0x0000000080000FDC (0x7FFF0F13) addi t5, t5, 0x7ff
x30 <- 0xFFFFFD5557FFF7FF

mem[X,0x0000000080000FE0] -> 0x1F13
mem[X,0x0000000080000FE2] -> 0x00BF
[1021] [M]: 0x0000000080000FE0 (0x00BF1F13) slli t5, t5, 0xb
x30 <- 0xFFEAAABFFFBFF800

mem[X,0x0000000080000FE4] -> 0x0F13
mem[X,0x0000000080000FE6] -> 0x655F
[1022] [M]: 0x0000000080000FE4 (0x655F0F13) addi t5, t5, 0x655
x30 <- 0xFFEAAABFFFBFFE55

mem[X,0x0000000080000FE8] -> 0x1F13
mem[X,0x0000000080000FEA] -> 0x00AF
[1023] [M]: 0x0000000080000FE8 (0x00AF1F13) slli t5, t5, 0xa
x30 <- 0xAAAAFFFEFFF95400

mem[X,0x0000000080000FEC] -> 0x0F13
mem[X,0x0000000080000FEE] -> 0x155F
[1024] [M]: 0x0000000080000FEC (0x155F0F13) addi t5, t5, 0x155
x30 <- 0xAAAAFFFEFFF95555

mem[X,0x0000000080000FF0] -> 0x0EB7
mem[X,0x0000000080000FF2] -> 0xAAAA
[1025] [M]: 0x0000000080000FF0 (0xAAAA0EB7) lui t4, -0x55560
x29 <- 0xFFFFFFFFAAAA0000

mem[X,0x0000000080000FF4] -> 0x8E93
mem[X,0x0000000080000FF6] -> 0x002E
[1026] [M]: 0x0000000080000FF4 (0x002E8E93) addi t4, t4, 0x2
x29 <- 0xFFFFFFFFAAAA0002

mem[X,0x0000000080000FF8] -> 0x9E93
mem[X,0x0000000080000FFA] -> 0x00BE
[1027] [M]: 0x0000000080000FF8 (0x00BE9E93) slli t4, t4, 0xb
x29 <- 0xFFFFFD5550001000

mem[X,0x0000000080000FFC] -> 0x8E93
mem[X,0x0000000080000FFE] -> 0x7BFE
[1028] [M]: 0x0000000080000FFC (0x7BFE8E93) addi t4, t4, 0x7bf
x29 <- 0xFFFFFD55500017BF

mem[X,0x0000000080001000] -> 0x9E93
mem[X,0x0000000080001002] -> 0x00BE
[1029] [M]: 0x0000000080001000 (0x00BE9E93) slli t4, t4, 0xb
x29 <- 0xFFEAAA8000BDF800

mem[X,0x0000000080001004] -> 0x8E93
mem[X,0x0000000080001006] -> 0x7F0E
[1030] [M]: 0x0000000080001004 (0x7F0E8E93) addi t4, t4, 0x7f0
x29 <- 0xFFEAAA8000BDFFF0

mem[X,0x0000000080001008] -> 0x9E93
mem[X,0x000000008000100A] -> 0x00AE
[1031] [M]: 0x0000000080001008 (0x00AE9E93) slli t4, t4, 0xa
x29 <- 0xAAAA0002F7FFC000

mem[X,0x000000008000100C] -> 0x0FBB
mem[X,0x000000008000100E] -> 0xE9DF
[1032] [M]: 0x000000008000100C (0xE9DF0FBB) pdifu.h t6, t5, t4
x31 <- 0x0000000407FA6AAB

mem[X,0x0000000080001010] -> 0xB423
mem[X,0x0000000080001012] -> 0x0BF0
[1033] [M]: 0x0000000080001010 (0x0BF0B423) sd t6, 0xa8(ra)
mem[0x00000000800042A8] <- 0x0000000407FA6AAB

mem[X,0x0000000080001014] -> 0x0F37
mem[X,0x0000000080001016] -> 0x0020
[1034] [M]: 0x0000000080001014 (0x00200F37) lui t5, 0x200
x30 <- 0x0000000000200000

mem[X,0x0000000080001018] -> 0x0F13
mem[X,0x000000008000101A] -> 0x200F
[1035] [M]: 0x0000000080001018 (0x200F0F13) addi t5, t5, 0x200
x30 <- 0x0000000000200200

mem[X,0x000000008000101C] -> 0x1F13
mem[X,0x000000008000101E] -> 0x00BF
[1036] [M]: 0x000000008000101C (0x00BF1F13) slli t5, t5, 0xb
x30 <- 0x0000000100100000

mem[X,0x0000000080001020] -> 0x0F13
mem[X,0x0000000080001022] -> 0x7DFF
[1037] [M]: 0x0000000080001020 (0x7DFF0F13) addi t5, t5, 0x7df
x30 <- 0x00000001001007DF

mem[X,0x0000000080001024] -> 0x1F13
mem[X,0x0000000080001026] -> 0x00BF
[1038] [M]: 0x0000000080001024 (0x00BF1F13) slli t5, t5, 0xb
x30 <- 0x00000800803EF800

mem[X,0x0000000080001028] -> 0x0F13
mem[X,0x000000008000102A] -> 0x7EAF
[1039] [M]: 0x0000000080001028 (0x7EAF0F13) addi t5, t5, 0x7ea
x30 <- 0x00000800803EFFEA

mem[X,0x000000008000102C] -> 0x1F13
mem[X,0x000000008000102E] -> 0x00AF
[1040] [M]: 0x000000008000102C (0x00AF1F13) slli t5, t5, 0xa
x30 <- 0x00200200FBFFA800

mem[X,0x0000000080001030] -> 0x0F13
mem[X,0x0000000080001032] -> 0x2AAF
[1041] [M]: 0x0000000080001030 (0x2AAF0F13) addi t5, t5, 0x2aa
x30 <- 0x00200200FBFFAAAA

mem[X,0x0000000080001034] -> 0x5EB7
mem[X,0x0000000080001036] -> 0xFF7F
[1042] [M]: 0x0000000080001034 (0xFF7F5EB7) lui t4, -0x80b
x29 <- 0xFFFFFFFFFF7F5000

mem[X,0x0000000080001038] -> 0x8E93
mem[X,0x000000008000103A] -> 0x555E
[1043] [M]: 0x0000000080001038 (0x555E8E93) addi t4, t4, 0x555
x29 <- 0xFFFFFFFFFF7F5555

mem[X,0x000000008000103C] -> 0x9E93
mem[X,0x000000008000103E] -> 0x00BE
[1044] [M]: 0x000000008000103C (0x00BE9E93) slli t4, t4, 0xb
x29 <- 0xFFFFFFFBFAAAA800

mem[X,0x0000000080001040] -> 0x8E93
mem[X,0x0000000080001042] -> 0x7FFE
[1045] [M]: 0x0000000080001040 (0x7FFE8E93) addi t4, t4, 0x7ff
x29 <- 0xFFFFFFFBFAAAAFFF

mem[X,0x0000000080001044] -> 0x9E93
mem[X,0x0000000080001046] -> 0x00BE
[1046] [M]: 0x0000000080001044 (0x00BE9E93) slli t4, t4, 0xb
x29 <- 0xFFFFDFD5557FF800

mem[X,0x0000000080001048] -> 0x8E93
mem[X,0x000000008000104A] -> 0x73EE
[1047] [M]: 0x0000000080001048 (0x73EE8E93) addi t4, t4, 0x73e
x29 <- 0xFFFFDFD5557FFF3E

mem[X,0x000000008000104C] -> 0x9E93
mem[X,0x000000008000104E] -> 0x00AE
[1048] [M]: 0x000000008000104C (0x00AE9E93) slli t4, t4, 0xa
x29 <- 0xFF7F5555FFFCF800

mem[X,0x0000000080001050] -> 0x8E93
mem[X,0x0000000080001052] -> 0x3FFE
[1049] [M]: 0x0000000080001050 (0x3FFE8E93) addi t4, t4, 0x3ff
x29 <- 0xFF7F5555FFFCFBFF

mem[X,0x0000000080001054] -> 0x0FBB
mem[X,0x0000000080001056] -> 0xE9DF
[1050] [M]: 0x0000000080001054 (0xE9DF0FBB) pdifu.h t6, t5, t4
x31 <- 0x00A1535503FD5155

mem[X,0x0000000080001058] -> 0xB823
mem[X,0x000000008000105A] -> 0x0BF0
[1051] [M]: 0x0000000080001058 (0x0BF0B823) sd t6, 0xb0(ra)
mem[0x00000000800042B0] <- 0x00A1535503FD5155

mem[X,0x000000008000105C] -> 0x0F37
mem[X,0x000000008000105E] -> 0x0080
[1052] [M]: 0x000000008000105C (0x00800F37) lui t5, 0x800
x30 <- 0x0000000000800000

mem[X,0x0000000080001060] -> 0x0F13
mem[X,0x0000000080001062] -> 0x003F
[1053] [M]: 0x0000000080001060 (0x003F0F13) addi t5, t5, 0x3
x30 <- 0x0000000000800003

mem[X,0x0000000080001064] -> 0x1F13
mem[X,0x0000000080001066] -> 0x00BF
[1054] [M]: 0x0000000080001064 (0x00BF1F13) slli t5, t5, 0xb
x30 <- 0x0000000400001800

mem[X,0x0000000080001068] -> 0x0F13
mem[X,0x000000008000106A] -> 0x7FFF
[1055] [M]: 0x0000000080001068 (0x7FFF0F13) addi t5, t5, 0x7ff
x30 <- 0x0000000400001FFF

mem[X,0x000000008000106C] -> 0x1F13
mem[X,0x000000008000106E] -> 0x00BF
[1056] [M]: 0x000000008000106C (0x00BF1F13) slli t5, t5, 0xb
x30 <- 0x0000200000FFF800

mem[X,0x0000000080001070] -> 0x0F13
mem[X,0x0000000080001072] -> 0x7C0F
[1057] [M]: 0x0000000080001070 (0x7C0F0F13) addi t5, t5, 0x7c0
x30 <- 0x0000200000FFFFC0

mem[X,0x0000000080001074] -> 0x1F13
mem[X,0x0000000080001076] -> 0x00AF
[1058] [M]: 0x0000000080001074 (0x00AF1F13) slli t5, t5, 0xa
x30 <- 0x00800003FFFF0000

mem[X,0x0000000080001078] -> 0xCEB7
mem[X,0x000000008000107A] -> 0xAAAA
[1059] [M]: 0x0000000080001078 (0xAAAACEB7) lui t4, -0x55554
x29 <- 0xFFFFFFFFAAAAC000

mem[X,0x000000008000107C] -> 0x8E93
mem[X,0x000000008000107E] -> 0x000E
[1060] [M]: 0x000000008000107C (0x000E8E93) addi t4, t4, 0x0
x29 <- 0xFFFFFFFFAAAAC000

mem[X,0x0000000080001080] -> 0x9E93
mem[X,0x0000000080001082] -> 0x00BE
[1061] [M]: 0x0000000080001080 (0x00BE9E93) slli t4, t4, 0xb
x29 <- 0xFFFFFD5556000000

mem[X,0x0000000080001084] -> 0x8E93
mem[X,0x0000000080001086] -> 0x000E
[1062] [M]: 0x0000000080001084 (0x000E8E93) addi t4, t4, 0x0
x29 <- 0xFFFFFD5556000000

mem[X,0x0000000080001088] -> 0x9E93
mem[X,0x000000008000108A] -> 0x00BE
[1063] [M]: 0x0000000080001088 (0x00BE9E93) slli t4, t4, 0xb
x29 <- 0xFFEAAAB000000000

mem[X,0x000000008000108C] -> 0x8E93
mem[X,0x000000008000108E] -> 0x040E
[1064] [M]: 0x000000008000108C (0x040E8E93) addi t4, t4, 0x40
x29 <- 0xFFEAAAB000000040

mem[X,0x0000000080001090] -> 0x9E93
mem[X,0x0000000080001092] -> 0x00AE
[1065] [M]: 0x0000000080001090 (0x00AE9E93) slli t4, t4, 0xa
x29 <- 0xAAAAC00000010000

mem[X,0x0000000080001094] -> 0x8E93
mem[X,0x0000000080001096] -> 0x020E
[1066] [M]: 0x0000000080001094 (0x020E8E93) addi t4, t4, 0x20
x29 <- 0xAAAAC00000010020

mem[X,0x0000000080001098] -> 0x0FBB
mem[X,0x000000008000109A] -> 0xE9DF
[1067] [M]: 0x0000000080001098 (0xE9DF0FBB) pdifu.h t6, t5, t4
x31 <- 0x55D6400300020020

mem[X,0x000000008000109C] -> 0xBC23
mem[X,0x000000008000109E] -> 0x0BF0
[1068] [M]: 0x000000008000109C (0x0BF0BC23) sd t6, 0xb8(ra)
mem[0x00000000800042B8] <- 0x55D6400300020020

mem[X,0x00000000800010A0] -> 0x0F37
mem[X,0x00000000800010A2] -> 0x0009
[1069] [M]: 0x00000000800010A0 (0x00090F37) lui t5, 0x90
x30 <- 0x0000000000090000

mem[X,0x00000000800010A4] -> 0x0F13
mem[X,0x00000000800010A6] -> 0xEFFF
[1070] [M]: 0x00000000800010A4 (0xEFFF0F13) addi t5, t5, -0x101
x30 <- 0x000000000008FEFF

mem[X,0x00000000800010A8] -> 0x1F13
mem[X,0x00000000800010AA] -> 0x00BF
[1071] [M]: 0x00000000800010A8 (0x00BF1F13) slli t5, t5, 0xb
x30 <- 0x0000000047F7F800

mem[X,0x00000000800010AC] -> 0x0F13
mem[X,0x00000000800010AE] -> 0x000F
[1072] [M]: 0x00000000800010AC (0x000F0F13) addi t5, t5, 0x0
x30 <- 0x0000000047F7F800

mem[X,0x00000000800010B0] -> 0x1F13
mem[X,0x00000000800010B2] -> 0x00BF
[1073] [M]: 0x00000000800010B0 (0x00BF1F13) slli t5, t5, 0xb
x30 <- 0x0000023FBFC00000

mem[X,0x00000000800010B4] -> 0x0F13
mem[X,0x00000000800010B6] -> 0x000F
[1074] [M]: 0x00000000800010B4 (0x000F0F13) addi t5, t5, 0x0
x30 <- 0x0000023FBFC00000

mem[X,0x00000000800010B8] -> 0x1F13
mem[X,0x00000000800010BA] -> 0x00AF
[1075] [M]: 0x00000000800010B8 (0x00AF1F13) slli t5, t5, 0xa
x30 <- 0x0008FEFF00000000

mem[X,0x00000000800010BC] -> 0x0F13
mem[X,0x00000000800010BE] -> 0x001F
[1076] [M]: 0x00000000800010BC (0x001F0F13) addi t5, t5, 0x1
x30 <- 0x0008FEFF00000001

mem[X,0x00000000800010C0] -> 0x0EB7
mem[X,0x00000000800010C2] -> 0x5555
[1077] [M]: 0x00000000800010C0 (0x55550EB7) lui t4, 0x55550
x29 <- 0x0000000055550000

mem[X,0x00000000800010C4] -> 0x8E93
mem[X,0x00000000800010C6] -> 0x007E
[1078] [M]: 0x00000000800010C4 (0x007E8E93) addi t4, t4, 0x7
x29 <- 0x0000000055550007

mem[X,0x00000000800010C8] -> 0x9E93
mem[X,0x00000000800010CA] -> 0x00BE
[1079] [M]: 0x00000000800010C8 (0x00BE9E93) slli t4, t4, 0xb
x29 <- 0x000002AAA8003800

mem[X,0x00000000800010CC] -> 0x8E93
mem[X,0x00000000800010CE] -> 0x040E
[1080] [M]: 0x00000000800010CC (0x040E8E93) addi t4, t4, 0x40
x29 <- 0x000002AAA8003840

mem[X,0x00000000800010D0] -> 0x9E93
mem[X,0x00000000800010D2] -> 0x00BE
[1081] [M]: 0x00000000800010D0 (0x00BE9E93) slli t4, t4, 0xb
x29 <- 0x0015554001C20000

mem[X,0x00000000800010D4] -> 0x8E93
mem[X,0x00000000800010D6] -> 0x01FE
[1082] [M]: 0x00000000800010D4 (0x01FE8E93) addi t4, t4, 0x1f
x29 <- 0x0015554001C2001F

mem[X,0x00000000800010D8] -> 0x9E93
mem[X,0x00000000800010DA] -> 0x00AE
[1083] [M]: 0x00000000800010D8 (0x00AE9E93) slli t4, t4, 0xa
x29 <- 0x5555000708007C00

mem[X,0x00000000800010DC] -> 0x8E93
mem[X,0x00000000800010DE] -> 0x3FFE
[1084] [M]: 0x00000000800010DC (0x3FFE8E93) addi t4, t4, 0x3ff
x29 <- 0x5555000708007FFF

mem[X,0x00000000800010E0] -> 0x0FBB
mem[X,0x00000000800010E2] -> 0xE9DF
[1085] [M]: 0x00000000800010E0 (0xE9DF0FBB) pdifu.h t6, t5, t4
x31 <- 0x554D010808007FFE

mem[X,0x00000000800010E4] -> 0xB023
mem[X,0x00000000800010E6] -> 0x0DF0
[1086] [M]: 0x00000000800010E4 (0x0DF0B023) sd t6, 0xc0(ra)
mem[0x00000000800042C0] <- 0x554D010808007FFE

mem[X,0x00000000800010E8] -> 0x0F37
mem[X,0x00000000800010EA] -> 0x0007
[1087] [M]: 0x00000000800010E8 (0x00070F37) lui t5, 0x70
x30 <- 0x0000000000070000

mem[X,0x00000000800010EC] -> 0x0F13
mem[X,0x00000000800010EE] -> 0xFBFF
[1088] [M]: 0x00000000800010EC (0xFBFF0F13) addi t5, t5, -0x41
x30 <- 0x000000000006FFBF

mem[X,0x00000000800010F0] -> 0x1F13
mem[X,0x00000000800010F2] -> 0x00BF
[1089] [M]: 0x00000000800010F0 (0x00BF1F13) slli t5, t5, 0xb
x30 <- 0x0000000037FDF800

mem[X,0x00000000800010F4] -> 0x0F13
mem[X,0x00000000800010F6] -> 0x3FFF
[1090] [M]: 0x00000000800010F4 (0x3FFF0F13) addi t5, t5, 0x3ff
x30 <- 0x0000000037FDFBFF

mem[X,0x00000000800010F8] -> 0x1F13
mem[X,0x00000000800010FA] -> 0x00BF
[1091] [M]: 0x00000000800010F8 (0x00BF1F13) slli t5, t5, 0xb
x30 <- 0x000001BFEFDFF800

mem[X,0x00000000800010FC] -> 0x0F13
mem[X,0x00000000800010FE] -> 0x7C0F
[1092] [M]: 0x00000000800010FC (0x7C0F0F13) addi t5, t5, 0x7c0
x30 <- 0x000001BFEFDFFFC0

mem[X,0x0000000080001100] -> 0x1F13
mem[X,0x0000000080001102] -> 0x00AF
[1093] [M]: 0x0000000080001100 (0x00AF1F13) slli t5, t5, 0xa
x30 <- 0x0006FFBF7FFF0000

mem[X,0x0000000080001104] -> 0x0F13
mem[X,0x0000000080001106] -> 0x007F
[1094] [M]: 0x0000000080001104 (0x007F0F13) addi t5, t5, 0x7
x30 <- 0x0006FFBF7FFF0007

mem[X,0x0000000080001108] -> 0x0EB7
mem[X,0x000000008000110A] -> 0x8000
[1095] [M]: 0x0000000080001108 (0x80000EB7) lui t4, -0x80000
x29 <- 0xFFFFFFFF80000000

mem[X,0x000000008000110C] -> 0x8E93
mem[X,0x000000008000110E] -> 0x002E
[1096] [M]: 0x000000008000110C (0x002E8E93) addi t4, t4, 0x2
x29 <- 0xFFFFFFFF80000002

mem[X,0x0000000080001110] -> 0x9E93
mem[X,0x0000000080001112] -> 0x00BE
[1097] [M]: 0x0000000080001110 (0x00BE9E93) slli t4, t4, 0xb
x29 <- 0xFFFFFC0000001000

mem[X,0x0000000080001114] -> 0x8E93
mem[X,0x0000000080001116] -> 0x7FFE
[1098] [M]: 0x0000000080001114 (0x7FFE8E93) addi t4, t4, 0x7ff
x29 <- 0xFFFFFC00000017FF

mem[X,0x0000000080001118] -> 0x9E93
mem[X,0x000000008000111A] -> 0x00BE
[1099] [M]: 0x0000000080001118 (0x00BE9E93) slli t4, t4, 0xb
x29 <- 0xFFE0000000BFF800

clint::tick mtime <- 0x000000000000000B
 clint timer pending at mtime 0x000000000000000B
htif::tick 0x0000000000000000
mem[X,0x000000008000111C] -> 0x8E93
mem[X,0x000000008000111E] -> 0x580E
[1100] [M]: 0x000000008000111C (0x580E8E93) addi t4, t4, 0x580
x29 <- 0xFFE0000000BFFD80

mem[X,0x0000000080001120] -> 0x9E93
mem[X,0x0000000080001122] -> 0x00AE
[1101] [M]: 0x0000000080001120 (0x00AE9E93) slli t4, t4, 0xa
x29 <- 0x80000002FFF60000

mem[X,0x0000000080001124] -> 0x8E93
mem[X,0x0000000080001126] -> 0x080E
[1102] [M]: 0x0000000080001124 (0x080E8E93) addi t4, t4, 0x80
x29 <- 0x80000002FFF60080

mem[X,0x0000000080001128] -> 0x0FBB
mem[X,0x000000008000112A] -> 0xE9DF
[1103] [M]: 0x0000000080001128 (0xE9DF0FBB) pdifu.h t6, t5, t4
x31 <- 0x7FFA00437FF70079

mem[X,0x000000008000112C] -> 0xB423
mem[X,0x000000008000112E] -> 0x0DF0
[1104] [M]: 0x000000008000112C (0x0DF0B423) sd t6, 0xc8(ra)
mem[0x00000000800042C8] <- 0x7FFA00437FF70079

mem[X,0x0000000080001130] -> 0x0F37
mem[X,0x0000000080001132] -> 0xF000
[1105] [M]: 0x0000000080001130 (0xF0000F37) lui t5, -0x10000
x30 <- 0xFFFFFFFFF0000000

mem[X,0x0000000080001134] -> 0x0F13
mem[X,0x0000000080001136] -> 0xFF8F
[1106] [M]: 0x0000000080001134 (0xFF8F0F13) addi t5, t5, -0x8
x30 <- 0xFFFFFFFFEFFFFFF8

mem[X,0x0000000080001138] -> 0x1F13
mem[X,0x000000008000113A] -> 0x00BF
[1107] [M]: 0x0000000080001138 (0x00BF1F13) slli t5, t5, 0xb
x30 <- 0xFFFFFF7FFFFFC000

mem[X,0x000000008000113C] -> 0x0F13
mem[X,0x000000008000113E] -> 0x002F
[1108] [M]: 0x000000008000113C (0x002F0F13) addi t5, t5, 0x2
x30 <- 0xFFFFFF7FFFFFC002

mem[X,0x0000000080001140] -> 0x1F13
mem[X,0x0000000080001142] -> 0x00BF
[1109] [M]: 0x0000000080001140 (0x00BF1F13) slli t5, t5, 0xb
x30 <- 0xFFFBFFFFFE001000

mem[X,0x0000000080001144] -> 0x0F13
mem[X,0x0000000080001146] -> 0x000F
[1110] [M]: 0x0000000080001144 (0x000F0F13) addi t5, t5, 0x0
x30 <- 0xFFFBFFFFFE001000

mem[X,0x0000000080001148] -> 0x1F13
mem[X,0x000000008000114A] -> 0x00AF
[1111] [M]: 0x0000000080001148 (0x00AF1F13) slli t5, t5, 0xa
x30 <- 0xEFFFFFF800400000

mem[X,0x000000008000114C] -> 0x0F13
mem[X,0x000000008000114E] -> 0x080F
[1112] [M]: 0x000000008000114C (0x080F0F13) addi t5, t5, 0x80
x30 <- 0xEFFFFFF800400080

mem[X,0x0000000080001150] -> 0xCEB7
mem[X,0x0000000080001152] -> 0xFFF6
[1113] [M]: 0x0000000080001150 (0xFFF6CEB7) lui t4, -0x94
x29 <- 0xFFFFFFFFFFF6C000

mem[X,0x0000000080001154] -> 0x8E93
mem[X,0x0000000080001156] -> 0xFFFE
[1114] [M]: 0x0000000080001154 (0xFFFE8E93) addi t4, t4, -0x1
x29 <- 0xFFFFFFFFFFF6BFFF

mem[X,0x0000000080001158] -> 0x9E93
mem[X,0x000000008000115A] -> 0x00BE
[1115] [M]: 0x0000000080001158 (0x00BE9E93) slli t4, t4, 0xb
x29 <- 0xFFFFFFFFB5FFF800

mem[X,0x000000008000115C] -> 0x8E93
mem[X,0x000000008000115E] -> 0x77FE
[1116] [M]: 0x000000008000115C (0x77FE8E93) addi t4, t4, 0x77f
x29 <- 0xFFFFFFFFB5FFFF7F

mem[X,0x0000000080001160] -> 0x9E93
mem[X,0x0000000080001162] -> 0x00BE
[1117] [M]: 0x0000000080001160 (0x00BE9E93) slli t4, t4, 0xb
x29 <- 0xFFFFFDAFFFFBF800

mem[X,0x0000000080001164] -> 0x8E93
mem[X,0x0000000080001166] -> 0x7FFE
[1118] [M]: 0x0000000080001164 (0x7FFE8E93) addi t4, t4, 0x7ff
x29 <- 0xFFFFFDAFFFFBFFFF

mem[X,0x0000000080001168] -> 0x9E93
mem[X,0x000000008000116A] -> 0x00AE
[1119] [M]: 0x0000000080001168 (0x00AE9E93) slli t4, t4, 0xa
x29 <- 0xFFF6BFFFEFFFFC00

mem[X,0x000000008000116C] -> 0x8E93
mem[X,0x000000008000116E] -> 0x3F8E
[1120] [M]: 0x000000008000116C (0x3F8E8E93) addi t4, t4, 0x3f8
x29 <- 0xFFF6BFFFEFFFFFF8

mem[X,0x0000000080001170] -> 0x0FBB
mem[X,0x0000000080001172] -> 0xE9DF
[1121] [M]: 0x0000000080001170 (0xE9DF0FBB) pdifu.h t6, t5, t4
x31 <- 0x0FF73FF910410088

mem[X,0x0000000080001174] -> 0xB823
mem[X,0x0000000080001176] -> 0x0DF0
[1122] [M]: 0x0000000080001174 (0x0DF0B823) sd t6, 0xd0(ra)
mem[0x00000000800042D0] <- 0x0FF73FF910410088

mem[X,0x0000000080001178] -> 0x0F37
mem[X,0x000000008000117A] -> 0xFFF0
[1123] [M]: 0x0000000080001178 (0xFFF00F37) lui t5, -0x100
x30 <- 0xFFFFFFFFFFF00000

mem[X,0x000000008000117C] -> 0x0F13
mem[X,0x000000008000117E] -> 0xFBFF
[1124] [M]: 0x000000008000117C (0xFBFF0F13) addi t5, t5, -0x41
x30 <- 0xFFFFFFFFFFEFFFBF

mem[X,0x0000000080001180] -> 0x1F13
mem[X,0x0000000080001182] -> 0x00BF
[1125] [M]: 0x0000000080001180 (0x00BF1F13) slli t5, t5, 0xb
x30 <- 0xFFFFFFFF7FFDF800

mem[X,0x0000000080001184] -> 0x0F13
mem[X,0x0000000080001186] -> 0x3FFF
[1126] [M]: 0x0000000080001184 (0x3FFF0F13) addi t5, t5, 0x3ff
x30 <- 0xFFFFFFFF7FFDFBFF

mem[X,0x0000000080001188] -> 0x1F13
mem[X,0x000000008000118A] -> 0x00BF
[1127] [M]: 0x0000000080001188 (0x00BF1F13) slli t5, t5, 0xb
x30 <- 0xFFFFFBFFEFDFF800

mem[X,0x000000008000118C] -> 0x0F13
mem[X,0x000000008000118E] -> 0x7FFF
[1128] [M]: 0x000000008000118C (0x7FFF0F13) addi t5, t5, 0x7ff
x30 <- 0xFFFFFBFFEFDFFFFF

mem[X,0x0000000080001190] -> 0x1F13
mem[X,0x0000000080001192] -> 0x00AF
[1129] [M]: 0x0000000080001190 (0x00AF1F13) slli t5, t5, 0xa
x30 <- 0xFFEFFFBF7FFFFC00

mem[X,0x0000000080001194] -> 0x0F13
mem[X,0x0000000080001196] -> 0x3FEF
[1130] [M]: 0x0000000080001194 (0x3FEF0F13) addi t5, t5, 0x3fe
x30 <- 0xFFEFFFBF7FFFFFFE

mem[X,0x0000000080001198] -> 0x5EB7
mem[X,0x000000008000119A] -> 0x7FFF
[1131] [M]: 0x0000000080001198 (0x7FFF5EB7) lui t4, 0x7fff5
x29 <- 0x000000007FFF5000

mem[X,0x000000008000119C] -> 0x8E93
mem[X,0x000000008000119E] -> 0x555E
[1132] [M]: 0x000000008000119C (0x555E8E93) addi t4, t4, 0x555
x29 <- 0x000000007FFF5555

mem[X,0x00000000800011A0] -> 0x9E93
mem[X,0x00000000800011A2] -> 0x00BE
[1133] [M]: 0x00000000800011A0 (0x00BE9E93) slli t4, t4, 0xb
x29 <- 0x000003FFFAAAA800

mem[X,0x00000000800011A4] -> 0x8E93
mem[X,0x00000000800011A6] -> 0x080E
[1134] [M]: 0x00000000800011A4 (0x080E8E93) addi t4, t4, 0x80
x29 <- 0x000003FFFAAAA880

mem[X,0x00000000800011A8] -> 0x9E93
mem[X,0x00000000800011AA] -> 0x00BE
[1135] [M]: 0x00000000800011A8 (0x00BE9E93) slli t4, t4, 0xb
x29 <- 0x001FFFD555440000

mem[X,0x00000000800011AC] -> 0x8E93
mem[X,0x00000000800011AE] -> 0x020E
[1136] [M]: 0x00000000800011AC (0x020E8E93) addi t4, t4, 0x20
x29 <- 0x001FFFD555440020

mem[X,0x00000000800011B0] -> 0x9E93
mem[X,0x00000000800011B2] -> 0x00AE
[1137] [M]: 0x00000000800011B0 (0x00AE9E93) slli t4, t4, 0xa
x29 <- 0x7FFF555510008000

mem[X,0x00000000800011B4] -> 0x0FBB
mem[X,0x00000000800011B6] -> 0xE9DF
[1138] [M]: 0x00000000800011B4 (0xE9DF0FBB) pdifu.h t6, t5, t4
x31 <- 0x7FF055966FFF7FFE

mem[X,0x00000000800011B8] -> 0xBC23
mem[X,0x00000000800011BA] -> 0x0DF0
[1139] [M]: 0x00000000800011B8 (0x0DF0BC23) sd t6, 0xd8(ra)
mem[0x00000000800042D8] <- 0x7FF055966FFF7FFE

mem[X,0x00000000800011BC] -> 0xCF37
mem[X,0x00000000800011BE] -> 0xFFDF
[1140] [M]: 0x00000000800011BC (0xFFDFCF37) lui t5, -0x204
x30 <- 0xFFFFFFFFFFDFC000

mem[X,0x00000000800011C0] -> 0x0F13
mem[X,0x00000000800011C2] -> 0xFFFF
[1141] [M]: 0x00000000800011C0 (0xFFFF0F13) addi t5, t5, -0x1
x30 <- 0xFFFFFFFFFFDFBFFF

mem[X,0x00000000800011C4] -> 0x1F13
mem[X,0x00000000800011C6] -> 0x00BF
[1142] [M]: 0x00000000800011C4 (0x00BF1F13) slli t5, t5, 0xb
x30 <- 0xFFFFFFFEFDFFF800

mem[X,0x00000000800011C8] -> 0x0F13
mem[X,0x00000000800011CA] -> 0x000F
[1143] [M]: 0x00000000800011C8 (0x000F0F13) addi t5, t5, 0x0
x30 <- 0xFFFFFFFEFDFFF800

mem[X,0x00000000800011CC] -> 0x1F13
mem[X,0x00000000800011CE] -> 0x00BF
[1144] [M]: 0x00000000800011CC (0x00BF1F13) slli t5, t5, 0xb
x30 <- 0xFFFFF7EFFFC00000

mem[X,0x00000000800011D0] -> 0x0F13
mem[X,0x00000000800011D2] -> 0x0FFF
[1145] [M]: 0x00000000800011D0 (0x0FFF0F13) addi t5, t5, 0xff
x30 <- 0xFFFFF7EFFFC000FF

mem[X,0x00000000800011D4] -> 0x1F13
mem[X,0x00000000800011D6] -> 0x00AF
[1146] [M]: 0x00000000800011D4 (0x00AF1F13) slli t5, t5, 0xa
x30 <- 0xFFDFBFFF0003FC00

mem[X,0x00000000800011D8] -> 0x0F13
mem[X,0x00000000800011DA] -> 0x3DFF
[1147] [M]: 0x00000000800011D8 (0x3DFF0F13) addi t5, t5, 0x3df
x30 <- 0xFFDFBFFF0003FFDF

mem[X,0x00000000800011DC] -> 0xFEB7
mem[X,0x00000000800011DE] -> 0xFFFE
[1148] [M]: 0x00000000800011DC (0xFFFEFEB7) lui t4, -0x11
x29 <- 0xFFFFFFFFFFFEF000

mem[X,0x00000000800011E0] -> 0x8E93
mem[X,0x00000000800011E2] -> 0xFFFE
[1149] [M]: 0x00000000800011E0 (0xFFFE8E93) addi t4, t4, -0x1
x29 <- 0xFFFFFFFFFFFEEFFF

mem[X,0x00000000800011E4] -> 0x9E93
mem[X,0x00000000800011E6] -> 0x00BE
[1150] [M]: 0x00000000800011E4 (0x00BE9E93) slli t4, t4, 0xb
x29 <- 0xFFFFFFFFF77FF800

mem[X,0x00000000800011E8] -> 0x8E93
mem[X,0x00000000800011EA] -> 0x7FFE
[1151] [M]: 0x00000000800011E8 (0x7FFE8E93) addi t4, t4, 0x7ff
x29 <- 0xFFFFFFFFF77FFFFF

mem[X,0x00000000800011EC] -> 0x9E93
mem[X,0x00000000800011EE] -> 0x00BE
[1152] [M]: 0x00000000800011EC (0x00BE9E93) slli t4, t4, 0xb
x29 <- 0xFFFFFFBBFFFFF800

mem[X,0x00000000800011F0] -> 0x8E93
mem[X,0x00000000800011F2] -> 0x6F7E
[1153] [M]: 0x00000000800011F0 (0x6F7E8E93) addi t4, t4, 0x6f7
x29 <- 0xFFFFFFBBFFFFFEF7

mem[X,0x00000000800011F4] -> 0x9E93
mem[X,0x00000000800011F6] -> 0x00AE
[1154] [M]: 0x00000000800011F4 (0x00AE9E93) slli t4, t4, 0xa
x29 <- 0xFFFEEFFFFFFBDC00

mem[X,0x00000000800011F8] -> 0x8E93
mem[X,0x00000000800011FA] -> 0x3FFE
[1155] [M]: 0x00000000800011F8 (0x3FFE8E93) addi t4, t4, 0x3ff
x29 <- 0xFFFEEFFFFFFBDFFF

mem[X,0x00000000800011FC] -> 0x0FBB
mem[X,0x00000000800011FE] -> 0xE9DF
[1156] [M]: 0x00000000800011FC (0xE9DF0FBB) pdifu.h t6, t5, t4
x31 <- 0x001F300000081FE0

mem[X,0x0000000080001200] -> 0xB023
mem[X,0x0000000080001202] -> 0x0FF0
[1157] [M]: 0x0000000080001200 (0x0FF0B023) sd t6, 0xe0(ra)
mem[0x00000000800042E0] <- 0x001F300000081FE0

mem[X,0x0000000080001204] -> 0x0F37
mem[X,0x0000000080001206] -> 0xFF00
[1158] [M]: 0x0000000080001204 (0xFF000F37) lui t5, -0x1000
x30 <- 0xFFFFFFFFFF000000

mem[X,0x0000000080001208] -> 0x0F13
mem[X,0x000000008000120A] -> 0xFFBF
[1159] [M]: 0x0000000080001208 (0xFFBF0F13) addi t5, t5, -0x5
x30 <- 0xFFFFFFFFFEFFFFFB

mem[X,0x000000008000120C] -> 0x1F13
mem[X,0x000000008000120E] -> 0x00BF
[1160] [M]: 0x000000008000120C (0x00BF1F13) slli t5, t5, 0xb
x30 <- 0xFFFFFFF7FFFFD800

mem[X,0x0000000080001210] -> 0x0F13
mem[X,0x0000000080001212] -> 0x6FFF
[1161] [M]: 0x0000000080001210 (0x6FFF0F13) addi t5, t5, 0x6ff
x30 <- 0xFFFFFFF7FFFFDEFF

mem[X,0x0000000080001214] -> 0x1F13
mem[X,0x0000000080001216] -> 0x00BF
[1162] [M]: 0x0000000080001214 (0x00BF1F13) slli t5, t5, 0xb
x30 <- 0xFFFFBFFFFEF7F800

mem[X,0x0000000080001218] -> 0x0F13
mem[X,0x000000008000121A] -> 0x7FFF
[1163] [M]: 0x0000000080001218 (0x7FFF0F13) addi t5, t5, 0x7ff
x30 <- 0xFFFFBFFFFEF7FFFF

mem[X,0x000000008000121C] -> 0x1F13
mem[X,0x000000008000121E] -> 0x00AF
[1164] [M]: 0x000000008000121C (0x00AF1F13) slli t5, t5, 0xa
x30 <- 0xFEFFFFFBDFFFFC00

mem[X,0x0000000080001220] -> 0x0F13
mem[X,0x0000000080001222] -> 0x3F9F
[1165] [M]: 0x0000000080001220 (0x3F9F0F13) addi t5, t5, 0x3f9
x30 <- 0xFEFFFFFBDFFFFFF9

mem[X,0x0000000080001224] -> 0x8EB7
mem[X,0x0000000080001226] -> 0xFFDF
[1166] [M]: 0x0000000080001224 (0xFFDF8EB7) lui t4, -0x208
x29 <- 0xFFFFFFFFFFDF8000

mem[X,0x0000000080001228] -> 0x8E93
mem[X,0x000000008000122A] -> 0x000E
[1167] [M]: 0x0000000080001228 (0x000E8E93) addi t4, t4, 0x0
x29 <- 0xFFFFFFFFFFDF8000

mem[X,0x000000008000122C] -> 0x9E93
mem[X,0x000000008000122E] -> 0x00BE
[1168] [M]: 0x000000008000122C (0x00BE9E93) slli t4, t4, 0xb
x29 <- 0xFFFFFFFEFC000000

mem[X,0x0000000080001230] -> 0x8E93
mem[X,0x0000000080001232] -> 0x040E
[1169] [M]: 0x0000000080001230 (0x040E8E93) addi t4, t4, 0x40
x29 <- 0xFFFFFFFEFC000040

mem[X,0x0000000080001234] -> 0x9E93
mem[X,0x0000000080001236] -> 0x00BE
[1170] [M]: 0x0000000080001234 (0x00BE9E93) slli t4, t4, 0xb
x29 <- 0xFFFFF7E000020000

mem[X,0x0000000080001238] -> 0x8E93
mem[X,0x000000008000123A] -> 0x030E
[1171] [M]: 0x0000000080001238 (0x030E8E93) addi t4, t4, 0x30
x29 <- 0xFFFFF7E000020030

mem[X,0x000000008000123C] -> 0x9E93
mem[X,0x000000008000123E] -> 0x00AE
[1172] [M]: 0x000000008000123C (0x00AE9E93) slli t4, t4, 0xa
x29 <- 0xFFDF80000800C000

mem[X,0x0000000080001240] -> 0x0FBB
mem[X,0x0000000080001242] -> 0xE9DF
[1173] [M]: 0x0000000080001240 (0xE9DF0FBB) pdifu.h t6, t5, t4
x31 <- 0x00E07FFB28013FF9

mem[X,0x0000000080001244] -> 0xB423
mem[X,0x0000000080001246] -> 0x0FF0
[1174] [M]: 0x0000000080001244 (0x0FF0B423) sd t6, 0xe8(ra)
mem[0x00000000800042E8] <- 0x00E07FFB28013FF9

mem[X,0x0000000080001248] -> 0x8F37
mem[X,0x000000008000124A] -> 0xDFFF
[1175] [M]: 0x0000000080001248 (0xDFFF8F37) lui t5, -0x20008
x30 <- 0xFFFFFFFFDFFF8000

mem[X,0x000000008000124C] -> 0x0F13
mem[X,0x000000008000124E] -> 0x000F
[1176] [M]: 0x000000008000124C (0x000F0F13) addi t5, t5, 0x0
x30 <- 0xFFFFFFFFDFFF8000

mem[X,0x0000000080001250] -> 0x1F13
mem[X,0x0000000080001252] -> 0x00BF
[1177] [M]: 0x0000000080001250 (0x00BF1F13) slli t5, t5, 0xb
x30 <- 0xFFFFFEFFFC000000

mem[X,0x0000000080001254] -> 0x0F13
mem[X,0x0000000080001256] -> 0x080F
[1178] [M]: 0x0000000080001254 (0x080F0F13) addi t5, t5, 0x80
x30 <- 0xFFFFFEFFFC000080

mem[X,0x0000000080001258] -> 0x1F13
mem[X,0x000000008000125A] -> 0x00BF
[1179] [M]: 0x0000000080001258 (0x00BF1F13) slli t5, t5, 0xb
x30 <- 0xFFF7FFE000040000

mem[X,0x000000008000125C] -> 0x0F13
mem[X,0x000000008000125E] -> 0x03FF
[1180] [M]: 0x000000008000125C (0x03FF0F13) addi t5, t5, 0x3f
x30 <- 0xFFF7FFE00004003F

mem[X,0x0000000080001260] -> 0x1F13
mem[X,0x0000000080001262] -> 0x00AF
[1181] [M]: 0x0000000080001260 (0x00AF1F13) slli t5, t5, 0xa
x30 <- 0xDFFF80001000FC00

mem[X,0x0000000080001264] -> 0x0F13
mem[X,0x0000000080001266] -> 0x3FAF
[1182] [M]: 0x0000000080001264 (0x3FAF0F13) addi t5, t5, 0x3fa
x30 <- 0xDFFF80001000FFFA

mem[X,0x0000000080001268] -> 0x4EB7
mem[X,0x000000008000126A] -> 0x8000
[1183] [M]: 0x0000000080001268 (0x80004EB7) lui t4, -0x7fffc
x29 <- 0xFFFFFFFF80004000

mem[X,0x000000008000126C] -> 0x8E93
mem[X,0x000000008000126E] -> 0xFFFE
[1184] [M]: 0x000000008000126C (0xFFFE8E93) addi t4, t4, -0x1
x29 <- 0xFFFFFFFF80003FFF

mem[X,0x0000000080001270] -> 0x9E93
mem[X,0x0000000080001272] -> 0x00BE
[1185] [M]: 0x0000000080001270 (0x00BE9E93) slli t4, t4, 0xb
x29 <- 0xFFFFFC0001FFF800

mem[X,0x0000000080001274] -> 0x8E93
mem[X,0x0000000080001276] -> 0x555E
[1186] [M]: 0x0000000080001274 (0x555E8E93) addi t4, t4, 0x555
x29 <- 0xFFFFFC0001FFFD55

mem[X,0x0000000080001278] -> 0x9E93
mem[X,0x000000008000127A] -> 0x00BE
[1187] [M]: 0x0000000080001278 (0x00BE9E93) slli t4, t4, 0xb
x29 <- 0xFFE0000FFFEAA800

mem[X,0x000000008000127C] -> 0x8E93
mem[X,0x000000008000127E] -> 0x2BFE
[1188] [M]: 0x000000008000127C (0x2BFE8E93) addi t4, t4, 0x2bf
x29 <- 0xFFE0000FFFEAAABF

mem[X,0x0000000080001280] -> 0x9E93
mem[X,0x0000000080001282] -> 0x00AE
[1189] [M]: 0x0000000080001280 (0x00AE9E93) slli t4, t4, 0xa
x29 <- 0x80003FFFAAAAFC00

mem[X,0x0000000080001284] -> 0x8E93
mem[X,0x0000000080001286] -> 0x3F6E
[1190] [M]: 0x0000000080001284 (0x3F6E8E93) addi t4, t4, 0x3f6
x29 <- 0x80003FFFAAAAFFF6

mem[X,0x0000000080001288] -> 0x0FBB
mem[X,0x000000008000128A] -> 0xE9DF
[1191] [M]: 0x0000000080001288 (0xE9DF0FBB) pdifu.h t6, t5, t4
x31 <- 0x5FFF400165560004

mem[X,0x000000008000128C] -> 0xB823
mem[X,0x000000008000128E] -> 0x0FF0
[1192] [M]: 0x000000008000128C (0x0FF0B823) sd t6, 0xf0(ra)
mem[0x00000000800042F0] <- 0x5FFF400165560004

mem[X,0x0000000080001290] -> 0x0F37
mem[X,0x0000000080001292] -> 0xBFFF
[1193] [M]: 0x0000000080001290 (0xBFFF0F37) lui t5, -0x40010
x30 <- 0xFFFFFFFFBFFF0000

mem[X,0x0000000080001294] -> 0x0F13
mem[X,0x0000000080001296] -> 0x006F
[1194] [M]: 0x0000000080001294 (0x006F0F13) addi t5, t5, 0x6
x30 <- 0xFFFFFFFFBFFF0006

mem[X,0x0000000080001298] -> 0x1F13
mem[X,0x000000008000129A] -> 0x00BF
[1195] [M]: 0x0000000080001298 (0x00BF1F13) slli t5, t5, 0xb
x30 <- 0xFFFFFDFFF8003000

mem[X,0x000000008000129C] -> 0x0F13
mem[X,0x000000008000129E] -> 0x7FFF
[1196] [M]: 0x000000008000129C (0x7FFF0F13) addi t5, t5, 0x7ff
x30 <- 0xFFFFFDFFF80037FF

mem[X,0x00000000800012A0] -> 0x1F13
mem[X,0x00000000800012A2] -> 0x00BF
[1197] [M]: 0x00000000800012A0 (0x00BF1F13) slli t5, t5, 0xb
x30 <- 0xFFEFFFC001BFF800

mem[X,0x00000000800012A4] -> 0x0F13
mem[X,0x00000000800012A6] -> 0x5BFF
[1198] [M]: 0x00000000800012A4 (0x5BFF0F13) addi t5, t5, 0x5bf
x30 <- 0xFFEFFFC001BFFDBF

mem[X,0x00000000800012A8] -> 0x1F13
mem[X,0x00000000800012AA] -> 0x00AF
[1199] [M]: 0x00000000800012A8 (0x00AF1F13) slli t5, t5, 0xa
x30 <- 0xBFFF0006FFF6FC00

clint::tick mtime <- 0x000000000000000C
 clint timer pending at mtime 0x000000000000000C
htif::tick 0x0000000000000000
mem[X,0x00000000800012AC] -> 0x0F13
mem[X,0x00000000800012AE] -> 0x3FAF
[1200] [M]: 0x00000000800012AC (0x3FAF0F13) addi t5, t5, 0x3fa
x30 <- 0xBFFF0006FFF6FFFA

mem[X,0x00000000800012B0] -> 0x0EB7
mem[X,0x00000000800012B2] -> 0xFFFA
[1201] [M]: 0x00000000800012B0 (0xFFFA0EB7) lui t4, -0x60
x29 <- 0xFFFFFFFFFFFA0000

mem[X,0x00000000800012B4] -> 0x8E93
mem[X,0x00000000800012B6] -> 0xFFEE
[1202] [M]: 0x00000000800012B4 (0xFFEE8E93) addi t4, t4, -0x2
x29 <- 0xFFFFFFFFFFF9FFFE

mem[X,0x00000000800012B8] -> 0x9E93
mem[X,0x00000000800012BA] -> 0x00BE
[1203] [M]: 0x00000000800012B8 (0x00BE9E93) slli t4, t4, 0xb
x29 <- 0xFFFFFFFFCFFFF000

mem[X,0x00000000800012BC] -> 0x8E93
mem[X,0x00000000800012BE] -> 0x7FFE
[1204] [M]: 0x00000000800012BC (0x7FFE8E93) addi t4, t4, 0x7ff
x29 <- 0xFFFFFFFFCFFFF7FF

mem[X,0x00000000800012C0] -> 0x9E93
mem[X,0x00000000800012C2] -> 0x00BE
[1205] [M]: 0x00000000800012C0 (0x00BE9E93) slli t4, t4, 0xb
x29 <- 0xFFFFFE7FFFBFF800

mem[X,0x00000000800012C4] -> 0x8E93
mem[X,0x00000000800012C6] -> 0x3FFE
[1206] [M]: 0x00000000800012C4 (0x3FFE8E93) addi t4, t4, 0x3ff
x29 <- 0xFFFFFE7FFFBFFBFF

mem[X,0x00000000800012C8] -> 0x9E93
mem[X,0x00000000800012CA] -> 0x00AE
[1207] [M]: 0x00000000800012C8 (0x00AE9E93) slli t4, t4, 0xa
x29 <- 0xFFF9FFFEFFEFFC00

mem[X,0x00000000800012CC] -> 0x8E93
mem[X,0x00000000800012CE] -> 0x3FAE
[1208] [M]: 0x00000000800012CC (0x3FAE8E93) addi t4, t4, 0x3fa
x29 <- 0xFFF9FFFEFFEFFFFA

mem[X,0x00000000800012D0] -> 0x0FBB
mem[X,0x00000000800012D2] -> 0xE9DF
[1209] [M]: 0x00000000800012D0 (0xE9DF0FBB) pdifu.h t6, t5, t4
x31 <- 0x3FFA000800070000

mem[X,0x00000000800012D4] -> 0xBC23
mem[X,0x00000000800012D6] -> 0x0FF0
[1210] [M]: 0x00000000800012D4 (0x0FF0BC23) sd t6, 0xf8(ra)
mem[0x00000000800042F8] <- 0x3FFA000800070000

mem[X,0x00000000800012D8] -> 0x0F37
mem[X,0x00000000800012DA] -> 0xF800
[1211] [M]: 0x00000000800012D8 (0xF8000F37) lui t5, -0x8000
x30 <- 0xFFFFFFFFF8000000

mem[X,0x00000000800012DC] -> 0x0F13
mem[X,0x00000000800012DE] -> 0xBFFF
[1212] [M]: 0x00000000800012DC (0xBFFF0F13) addi t5, t5, -0x401
x30 <- 0xFFFFFFFFF7FFFBFF

mem[X,0x00000000800012E0] -> 0x1F13
mem[X,0x00000000800012E2] -> 0x00BF
[1213] [M]: 0x00000000800012E0 (0x00BF1F13) slli t5, t5, 0xb
x30 <- 0xFFFFFFBFFFDFF800

mem[X,0x00000000800012E4] -> 0x0F13
mem[X,0x00000000800012E6] -> 0x001F
[1214] [M]: 0x00000000800012E4 (0x001F0F13) addi t5, t5, 0x1
x30 <- 0xFFFFFFBFFFDFF801

mem[X,0x00000000800012E8] -> 0x1F13
mem[X,0x00000000800012EA] -> 0x00BF
[1215] [M]: 0x00000000800012E8 (0x00BF1F13) slli t5, t5, 0xb
x30 <- 0xFFFDFFFEFFC00800

mem[X,0x00000000800012EC] -> 0x0F13
mem[X,0x00000000800012EE] -> 0x020F
[1216] [M]: 0x00000000800012EC (0x020F0F13) addi t5, t5, 0x20
x30 <- 0xFFFDFFFEFFC00820

mem[X,0x00000000800012F0] -> 0x1F13
mem[X,0x00000000800012F2] -> 0x00AF
[1217] [M]: 0x00000000800012F0 (0x00AF1F13) slli t5, t5, 0xa
x30 <- 0xF7FFFBFF00208000

mem[X,0x00000000800012F4] -> 0x8EB7
mem[X,0x00000000800012F6] -> 0x0010
[1218] [M]: 0x00000000800012F4 (0x00108EB7) lui t4, 0x108
x29 <- 0x0000000000108000

mem[X,0x00000000800012F8] -> 0x8E93
mem[X,0x00000000800012FA] -> 0xFFFE
[1219] [M]: 0x00000000800012F8 (0xFFFE8E93) addi t4, t4, -0x1
x29 <- 0x0000000000107FFF

mem[X,0x00000000800012FC] -> 0x9E93
mem[X,0x00000000800012FE] -> 0x00BE
[1220] [M]: 0x00000000800012FC (0x00BE9E93) slli t4, t4, 0xb
x29 <- 0x0000000083FFF800

mem[X,0x0000000080001300] -> 0x8E93
mem[X,0x0000000080001302] -> 0x7FFE
[1221] [M]: 0x0000000080001300 (0x7FFE8E93) addi t4, t4, 0x7ff
x29 <- 0x0000000083FFFFFF

mem[X,0x0000000080001304] -> 0x9E93
mem[X,0x0000000080001306] -> 0x00BE
[1222] [M]: 0x0000000080001304 (0x00BE9E93) slli t4, t4, 0xb
x29 <- 0x0000041FFFFFF800

mem[X,0x0000000080001308] -> 0x8E93
mem[X,0x000000008000130A] -> 0x6BFE
[1223] [M]: 0x0000000080001308 (0x6BFE8E93) addi t4, t4, 0x6bf
x29 <- 0x0000041FFFFFFEBF

mem[X,0x000000008000130C] -> 0x9E93
mem[X,0x000000008000130E] -> 0x00AE
[1224] [M]: 0x000000008000130C (0x00AE9E93) slli t4, t4, 0xa
x29 <- 0x00107FFFFFFAFC00

mem[X,0x0000000080001310] -> 0x8E93
mem[X,0x0000000080001312] -> 0x3FFE
[1225] [M]: 0x0000000080001310 (0x3FFE8E93) addi t4, t4, 0x3ff
x29 <- 0x00107FFFFFFAFFFF

mem[X,0x0000000080001314] -> 0x0FBB
mem[X,0x0000000080001316] -> 0xE9DF
[1226] [M]: 0x0000000080001314 (0xE9DF0FBB) pdifu.h t6, t5, t4
x31 <- 0x08117C0000267FFF

mem[X,0x0000000080001318] -> 0xB023
mem[X,0x000000008000131A] -> 0x11F0
[1227] [M]: 0x0000000080001318 (0x11F0B023) sd t6, 0x100(ra)
mem[0x0000000080004300] <- 0x08117C0000267FFF

mem[X,0x000000008000131C] -> 0xFF37
mem[X,0x000000008000131E] -> 0xC000
[1228] [M]: 0x000000008000131C (0xC000FF37) lui t5, -0x3fff1
x30 <- 0xFFFFFFFFC000F000

mem[X,0x0000000080001320] -> 0x0F13
mem[X,0x0000000080001322] -> 0x7FFF
[1229] [M]: 0x0000000080001320 (0x7FFF0F13) addi t5, t5, 0x7ff
x30 <- 0xFFFFFFFFC000F7FF

mem[X,0x0000000080001324] -> 0x1F13
mem[X,0x0000000080001326] -> 0x00BF
[1230] [M]: 0x0000000080001324 (0x00BF1F13) slli t5, t5, 0xb
x30 <- 0xFFFFFE0007BFF800

mem[X,0x0000000080001328] -> 0x0F13
mem[X,0x000000008000132A] -> 0x000F
[1231] [M]: 0x0000000080001328 (0x000F0F13) addi t5, t5, 0x0
x30 <- 0xFFFFFE0007BFF800

mem[X,0x000000008000132C] -> 0x1F13
mem[X,0x000000008000132E] -> 0x00BF
[1232] [M]: 0x000000008000132C (0x00BF1F13) slli t5, t5, 0xb
x30 <- 0xFFF0003DFFC00000

mem[X,0x0000000080001330] -> 0x0F13
mem[X,0x0000000080001332] -> 0x23FF
[1233] [M]: 0x0000000080001330 (0x23FF0F13) addi t5, t5, 0x23f
x30 <- 0xFFF0003DFFC0023F

mem[X,0x0000000080001334] -> 0x1F13
mem[X,0x0000000080001336] -> 0x00AF
[1234] [M]: 0x0000000080001334 (0x00AF1F13) slli t5, t5, 0xa
x30 <- 0xC000F7FF0008FC00

mem[X,0x0000000080001338] -> 0x0F13
mem[X,0x000000008000133A] -> 0x3BFF
[1235] [M]: 0x0000000080001338 (0x3BFF0F13) addi t5, t5, 0x3bf
x30 <- 0xC000F7FF0008FFBF

mem[X,0x000000008000133C] -> 0x0EB7
mem[X,0x000000008000133E] -> 0xFFFC
[1236] [M]: 0x000000008000133C (0xFFFC0EB7) lui t4, -0x40
x29 <- 0xFFFFFFFFFFFC0000

mem[X,0x0000000080001340] -> 0x8E93
mem[X,0x0000000080001342] -> 0x009E
[1237] [M]: 0x0000000080001340 (0x009E8E93) addi t4, t4, 0x9
x29 <- 0xFFFFFFFFFFFC0009

mem[X,0x0000000080001344] -> 0x9E93
mem[X,0x0000000080001346] -> 0x00BE
[1238] [M]: 0x0000000080001344 (0x00BE9E93) slli t4, t4, 0xb
x29 <- 0xFFFFFFFFE0004800

mem[X,0x0000000080001348] -> 0x8E93
mem[X,0x000000008000134A] -> 0x010E
[1239] [M]: 0x0000000080001348 (0x010E8E93) addi t4, t4, 0x10
x29 <- 0xFFFFFFFFE0004810

mem[X,0x000000008000134C] -> 0x9E93
mem[X,0x000000008000134E] -> 0x00BE
[1240] [M]: 0x000000008000134C (0x00BE9E93) slli t4, t4, 0xb
x29 <- 0xFFFFFF0002408000

mem[X,0x0000000080001350] -> 0x8E93
mem[X,0x0000000080001352] -> 0x000E
[1241] [M]: 0x0000000080001350 (0x000E8E93) addi t4, t4, 0x0
x29 <- 0xFFFFFF0002408000

mem[X,0x0000000080001354] -> 0x9E93
mem[X,0x0000000080001356] -> 0x00AE
[1242] [M]: 0x0000000080001354 (0x00AE9E93) slli t4, t4, 0xa
x29 <- 0xFFFC000902000000

mem[X,0x0000000080001358] -> 0x8E93
mem[X,0x000000008000135A] -> 0x001E
[1243] [M]: 0x0000000080001358 (0x001E8E93) addi t4, t4, 0x1
x29 <- 0xFFFC000902000001

mem[X,0x000000008000135C] -> 0x0FBB
mem[X,0x000000008000135E] -> 0xE9DF
[1244] [M]: 0x000000008000135C (0xE9DF0FBB) pdifu.h t6, t5, t4
x31 <- 0x3FFC080A01F80042

mem[X,0x0000000080001360] -> 0xB423
mem[X,0x0000000080001362] -> 0x11F0
[1245] [M]: 0x0000000080001360 (0x11F0B423) sd t6, 0x108(ra)
mem[0x0000000080004308] <- 0x3FFC080A01F80042

mem[X,0x0000000080001364] -> 0x0F37
mem[X,0x0000000080001366] -> 0x7FFF
[1246] [M]: 0x0000000080001364 (0x7FFF0F37) lui t5, 0x7fff0
x30 <- 0x000000007FFF0000

mem[X,0x0000000080001368] -> 0x0F13
mem[X,0x000000008000136A] -> 0x002F
[1247] [M]: 0x0000000080001368 (0x002F0F13) addi t5, t5, 0x2
x30 <- 0x000000007FFF0002

mem[X,0x000000008000136C] -> 0x1F13
mem[X,0x000000008000136E] -> 0x00BF
[1248] [M]: 0x000000008000136C (0x00BF1F13) slli t5, t5, 0xb
x30 <- 0x000003FFF8001000

mem[X,0x0000000080001370] -> 0x0F13
mem[X,0x0000000080001372] -> 0x7FBF
[1249] [M]: 0x0000000080001370 (0x7FBF0F13) addi t5, t5, 0x7fb
x30 <- 0x000003FFF80017FB

mem[X,0x0000000080001374] -> 0x1F13
mem[X,0x0000000080001376] -> 0x00BF
[1250] [M]: 0x0000000080001374 (0x00BF1F13) slli t5, t5, 0xb
x30 <- 0x001FFFC000BFD800

mem[X,0x0000000080001378] -> 0x0F13
mem[X,0x000000008000137A] -> 0x7FFF
[1251] [M]: 0x0000000080001378 (0x7FFF0F13) addi t5, t5, 0x7ff
x30 <- 0x001FFFC000BFDFFF

mem[X,0x000000008000137C] -> 0x1F13
mem[X,0x000000008000137E] -> 0x00AF
[1252] [M]: 0x000000008000137C (0x00AF1F13) slli t5, t5, 0xa
x30 <- 0x7FFF0002FF7FFC00

mem[X,0x0000000080001380] -> 0x0F13
mem[X,0x0000000080001382] -> 0x37FF
[1253] [M]: 0x0000000080001380 (0x37FF0F13) addi t5, t5, 0x37f
x30 <- 0x7FFF0002FF7FFF7F

mem[X,0x0000000080001384] -> 0x4EB7
mem[X,0x0000000080001386] -> 0x0007
[1254] [M]: 0x0000000080001384 (0x00074EB7) lui t4, 0x74
x29 <- 0x0000000000074000

mem[X,0x0000000080001388] -> 0x8E93
mem[X,0x000000008000138A] -> 0x000E
[1255] [M]: 0x0000000080001388 (0x000E8E93) addi t4, t4, 0x0
x29 <- 0x0000000000074000

mem[X,0x000000008000138C] -> 0x9E93
mem[X,0x000000008000138E] -> 0x00BE
[1256] [M]: 0x000000008000138C (0x00BE9E93) slli t4, t4, 0xb
x29 <- 0x000000003A000000

mem[X,0x0000000080001390] -> 0x8E93
mem[X,0x0000000080001392] -> 0x7FDE
[1257] [M]: 0x0000000080001390 (0x7FDE8E93) addi t4, t4, 0x7fd
x29 <- 0x000000003A0007FD

mem[X,0x0000000080001394] -> 0x9E93
mem[X,0x0000000080001396] -> 0x00BE
[1258] [M]: 0x0000000080001394 (0x00BE9E93) slli t4, t4, 0xb
x29 <- 0x000001D0003FE800

mem[X,0x0000000080001398] -> 0x8E93
mem[X,0x000000008000139A] -> 0x7C0E
[1259] [M]: 0x0000000080001398 (0x7C0E8E93) addi t4, t4, 0x7c0
x29 <- 0x000001D0003FEFC0

mem[X,0x000000008000139C] -> 0x9E93
mem[X,0x000000008000139E] -> 0x00AE
[1260] [M]: 0x000000008000139C (0x00AE9E93) slli t4, t4, 0xa
x29 <- 0x00074000FFBF0000

mem[X,0x00000000800013A0] -> 0x8E93
mem[X,0x00000000800013A2] -> 0x010E
[1261] [M]: 0x00000000800013A0 (0x010E8E93) addi t4, t4, 0x10
x29 <- 0x00074000FFBF0010

mem[X,0x00000000800013A4] -> 0x0FBB
mem[X,0x00000000800013A6] -> 0xE9DF
[1262] [M]: 0x00000000800013A4 (0xE9DF0FBB) pdifu.h t6, t5, t4
x31 <- 0x7FF83FFE00400091

mem[X,0x00000000800013A8] -> 0xB823
mem[X,0x00000000800013AA] -> 0x11F0
[1263] [M]: 0x00000000800013A8 (0x11F0B823) sd t6, 0x110(ra)
mem[0x0000000080004310] <- 0x7FF83FFE00400091

mem[X,0x00000000800013AC] -> 0x0F37
mem[X,0x00000000800013AE] -> 0xFFFA
[1264] [M]: 0x00000000800013AC (0xFFFA0F37) lui t5, -0x60
x30 <- 0xFFFFFFFFFFFA0000

mem[X,0x00000000800013B0] -> 0x0F13
mem[X,0x00000000800013B2] -> 0x100F
[1265] [M]: 0x00000000800013B0 (0x100F0F13) addi t5, t5, 0x100
x30 <- 0xFFFFFFFFFFFA0100

mem[X,0x00000000800013B4] -> 0x1F13
mem[X,0x00000000800013B6] -> 0x00BF
[1266] [M]: 0x00000000800013B4 (0x00BF1F13) slli t5, t5, 0xb
x30 <- 0xFFFFFFFFD0080000

mem[X,0x00000000800013B8] -> 0x0F13
mem[X,0x00000000800013BA] -> 0x000F
[1267] [M]: 0x00000000800013B8 (0x000F0F13) addi t5, t5, 0x0
x30 <- 0xFFFFFFFFD0080000

mem[X,0x00000000800013BC] -> 0x1F13
mem[X,0x00000000800013BE] -> 0x00BF
[1268] [M]: 0x00000000800013BC (0x00BF1F13) slli t5, t5, 0xb
x30 <- 0xFFFFFE8040000000

mem[X,0x00000000800013C0] -> 0x0F13
mem[X,0x00000000800013C2] -> 0x100F
[1269] [M]: 0x00000000800013C0 (0x100F0F13) addi t5, t5, 0x100
x30 <- 0xFFFFFE8040000100

mem[X,0x00000000800013C4] -> 0x1F13
mem[X,0x00000000800013C6] -> 0x00AF
[1270] [M]: 0x00000000800013C4 (0x00AF1F13) slli t5, t5, 0xa
x30 <- 0xFFFA010000040000

mem[X,0x00000000800013C8] -> 0x0F13
mem[X,0x00000000800013CA] -> 0x001F
[1271] [M]: 0x00000000800013C8 (0x001F0F13) addi t5, t5, 0x1
x30 <- 0xFFFA010000040001

mem[X,0x00000000800013CC] -> 0x4EB7
mem[X,0x00000000800013CE] -> 0xFFF8
[1272] [M]: 0x00000000800013CC (0xFFF84EB7) lui t4, -0x7c
x29 <- 0xFFFFFFFFFFF84000

mem[X,0x00000000800013D0] -> 0x8E93
mem[X,0x00000000800013D2] -> 0x000E
[1273] [M]: 0x00000000800013D0 (0x000E8E93) addi t4, t4, 0x0
x29 <- 0xFFFFFFFFFFF84000

mem[X,0x00000000800013D4] -> 0x9E93
mem[X,0x00000000800013D6] -> 0x00BE
[1274] [M]: 0x00000000800013D4 (0x00BE9E93) slli t4, t4, 0xb
x29 <- 0xFFFFFFFFC2000000

mem[X,0x00000000800013D8] -> 0x8E93
mem[X,0x00000000800013DA] -> 0x000E
[1275] [M]: 0x00000000800013D8 (0x000E8E93) addi t4, t4, 0x0
x29 <- 0xFFFFFFFFC2000000

mem[X,0x00000000800013DC] -> 0x9E93
mem[X,0x00000000800013DE] -> 0x00BE
[1276] [M]: 0x00000000800013DC (0x00BE9E93) slli t4, t4, 0xb
x29 <- 0xFFFFFE1000000000

mem[X,0x00000000800013E0] -> 0x8E93
mem[X,0x00000000800013E2] -> 0x141E
[1277] [M]: 0x00000000800013E0 (0x141E8E93) addi t4, t4, 0x141
x29 <- 0xFFFFFE1000000141

mem[X,0x00000000800013E4] -> 0x9E93
mem[X,0x00000000800013E6] -> 0x00AE
[1278] [M]: 0x00000000800013E4 (0x00AE9E93) slli t4, t4, 0xa
x29 <- 0xFFF8400000050400

mem[X,0x00000000800013E8] -> 0x0FBB
mem[X,0x00000000800013EA] -> 0xE9DF
[1279] [M]: 0x00000000800013E8 (0xE9DF0FBB) pdifu.h t6, t5, t4
x31 <- 0x00023F00000103FF

mem[X,0x00000000800013EC] -> 0xBC23
mem[X,0x00000000800013EE] -> 0x11F0
[1280] [M]: 0x00000000800013EC (0x11F0BC23) sd t6, 0x118(ra)
mem[0x0000000080004318] <- 0x00023F00000103FF

mem[X,0x00000000800013F0] -> 0x2F37
mem[X,0x00000000800013F2] -> 0xFFEF
[1281] [M]: 0x00000000800013F0 (0xFFEF2F37) lui t5, -0x10e
x30 <- 0xFFFFFFFFFFEF2000

mem[X,0x00000000800013F4] -> 0x0F13
mem[X,0x00000000800013F6] -> 0x000F
[1282] [M]: 0x00000000800013F4 (0x000F0F13) addi t5, t5, 0x0
x30 <- 0xFFFFFFFFFFEF2000

mem[X,0x00000000800013F8] -> 0x1F13
mem[X,0x00000000800013FA] -> 0x00BF
[1283] [M]: 0x00000000800013F8 (0x00BF1F13) slli t5, t5, 0xb
x30 <- 0xFFFFFFFF79000000

mem[X,0x00000000800013FC] -> 0x0F13
mem[X,0x00000000800013FE] -> 0x001F
[1284] [M]: 0x00000000800013FC (0x001F0F13) addi t5, t5, 0x1
x30 <- 0xFFFFFFFF79000001

mem[X,0x0000000080001400] -> 0x1F13
mem[X,0x0000000080001402] -> 0x00BF
[1285] [M]: 0x0000000080001400 (0x00BF1F13) slli t5, t5, 0xb
x30 <- 0xFFFFFBC800000800

mem[X,0x0000000080001404] -> 0x0F13
mem[X,0x0000000080001406] -> 0x000F
[1286] [M]: 0x0000000080001404 (0x000F0F13) addi t5, t5, 0x0
x30 <- 0xFFFFFBC800000800

mem[X,0x0000000080001408] -> 0x1F13
mem[X,0x000000008000140A] -> 0x00AF
[1287] [M]: 0x0000000080001408 (0x00AF1F13) slli t5, t5, 0xa
x30 <- 0xFFEF200000200000

mem[X,0x000000008000140C] -> 0x0F13
mem[X,0x000000008000140E] -> 0x040F
[1288] [M]: 0x000000008000140C (0x040F0F13) addi t5, t5, 0x40
x30 <- 0xFFEF200000200040

mem[X,0x0000000080001410] -> 0x0EB7
mem[X,0x0000000080001412] -> 0x2000
[1289] [M]: 0x0000000080001410 (0x20000EB7) lui t4, 0x20000
x29 <- 0x0000000020000000

mem[X,0x0000000080001414] -> 0x8E93
mem[X,0x0000000080001416] -> 0x400E
[1290] [M]: 0x0000000080001414 (0x400E8E93) addi t4, t4, 0x400
x29 <- 0x0000000020000400

mem[X,0x0000000080001418] -> 0x9E93
mem[X,0x000000008000141A] -> 0x00BE
[1291] [M]: 0x0000000080001418 (0x00BE9E93) slli t4, t4, 0xb
x29 <- 0x0000010000200000

mem[X,0x000000008000141C] -> 0x8E93
mem[X,0x000000008000141E] -> 0x7FEE
[1292] [M]: 0x000000008000141C (0x7FEE8E93) addi t4, t4, 0x7fe
x29 <- 0x00000100002007FE

mem[X,0x0000000080001420] -> 0x9E93
mem[X,0x0000000080001422] -> 0x00BE
[1293] [M]: 0x0000000080001420 (0x00BE9E93) slli t4, t4, 0xb
x29 <- 0x00080001003FF000

mem[X,0x0000000080001424] -> 0x8E93
mem[X,0x0000000080001426] -> 0x7C2E
[1294] [M]: 0x0000000080001424 (0x7C2E8E93) addi t4, t4, 0x7c2
x29 <- 0x00080001003FF7C2

mem[X,0x0000000080001428] -> 0x9E93
mem[X,0x000000008000142A] -> 0x00AE
[1295] [M]: 0x0000000080001428 (0x00AE9E93) slli t4, t4, 0xa
x29 <- 0x20000400FFDF0800

mem[X,0x000000008000142C] -> 0x0FBB
mem[X,0x000000008000142E] -> 0xE9DF
[1296] [M]: 0x000000008000142C (0xE9DF0FBB) pdifu.h t6, t5, t4
x31 <- 0x20111C00004107C0

mem[X,0x0000000080001430] -> 0xB023
mem[X,0x0000000080001432] -> 0x13F0
[1297] [M]: 0x0000000080001430 (0x13F0B023) sd t6, 0x120(ra)
mem[0x0000000080004320] <- 0x20111C00004107C0

mem[X,0x0000000080001434] -> 0x0F37
mem[X,0x0000000080001436] -> 0x000A
[1298] [M]: 0x0000000080001434 (0x000A0F37) lui t5, 0xa0
x30 <- 0x00000000000A0000

mem[X,0x0000000080001438] -> 0x0F13
mem[X,0x000000008000143A] -> 0xEFFF
[1299] [M]: 0x0000000080001438 (0xEFFF0F13) addi t5, t5, -0x101
x30 <- 0x000000000009FEFF

clint::tick mtime <- 0x000000000000000D
 clint timer pending at mtime 0x000000000000000D
htif::tick 0x0000000000000000
mem[X,0x000000008000143C] -> 0x1F13
mem[X,0x000000008000143E] -> 0x00BF
[1300] [M]: 0x000000008000143C (0x00BF1F13) slli t5, t5, 0xb
x30 <- 0x000000004FF7F800

mem[X,0x0000000080001440] -> 0x0F13
mem[X,0x0000000080001442] -> 0x7FFF
[1301] [M]: 0x0000000080001440 (0x7FFF0F13) addi t5, t5, 0x7ff
x30 <- 0x000000004FF7FFFF

mem[X,0x0000000080001444] -> 0x1F13
mem[X,0x0000000080001446] -> 0x00BF
[1302] [M]: 0x0000000080001444 (0x00BF1F13) slli t5, t5, 0xb
x30 <- 0x0000027FBFFFF800

mem[X,0x0000000080001448] -> 0x0F13
mem[X,0x000000008000144A] -> 0x67FF
[1303] [M]: 0x0000000080001448 (0x67FF0F13) addi t5, t5, 0x67f
x30 <- 0x0000027FBFFFFE7F

mem[X,0x000000008000144C] -> 0x1F13
mem[X,0x000000008000144E] -> 0x00AF
[1304] [M]: 0x000000008000144C (0x00AF1F13) slli t5, t5, 0xa
x30 <- 0x0009FEFFFFF9FC00

mem[X,0x0000000080001450] -> 0x0F13
mem[X,0x0000000080001452] -> 0x1FFF
[1305] [M]: 0x0000000080001450 (0x1FFF0F13) addi t5, t5, 0x1ff
x30 <- 0x0009FEFFFFF9FDFF

mem[X,0x0000000080001454] -> 0x0EB7
mem[X,0x0000000080001456] -> 0xFC00
[1306] [M]: 0x0000000080001454 (0xFC000EB7) lui t4, -0x4000
x29 <- 0xFFFFFFFFFC000000

mem[X,0x0000000080001458] -> 0x8E93
mem[X,0x000000008000145A] -> 0xBFFE
[1307] [M]: 0x0000000080001458 (0xBFFE8E93) addi t4, t4, -0x401
x29 <- 0xFFFFFFFFFBFFFBFF

mem[X,0x000000008000145C] -> 0x9E93
mem[X,0x000000008000145E] -> 0x00BE
[1308] [M]: 0x000000008000145C (0x00BE9E93) slli t4, t4, 0xb
x29 <- 0xFFFFFFDFFFDFF800

mem[X,0x0000000080001460] -> 0x8E93
mem[X,0x0000000080001462] -> 0x000E
[1309] [M]: 0x0000000080001460 (0x000E8E93) addi t4, t4, 0x0
x29 <- 0xFFFFFFDFFFDFF800

mem[X,0x0000000080001464] -> 0x9E93
mem[X,0x0000000080001466] -> 0x00BE
[1310] [M]: 0x0000000080001464 (0x00BE9E93) slli t4, t4, 0xb
x29 <- 0xFFFEFFFEFFC00000

mem[X,0x0000000080001468] -> 0x8E93
mem[X,0x000000008000146A] -> 0x048E
[1311] [M]: 0x0000000080001468 (0x048E8E93) addi t4, t4, 0x48
x29 <- 0xFFFEFFFEFFC00048

mem[X,0x000000008000146C] -> 0x9E93
mem[X,0x000000008000146E] -> 0x00AE
[1312] [M]: 0x000000008000146C (0x00AE9E93) slli t4, t4, 0xa
x29 <- 0xFBFFFBFF00012000

mem[X,0x0000000080001470] -> 0x0FBB
mem[X,0x0000000080001472] -> 0xE9DF
[1313] [M]: 0x0000000080001470 (0xE9DF0FBB) pdifu.h t6, t5, t4
x31 <- 0x040A030000082201

mem[X,0x0000000080001474] -> 0xB423
mem[X,0x0000000080001476] -> 0x13F0
[1314] [M]: 0x0000000080001474 (0x13F0B423) sd t6, 0x128(ra)
mem[0x0000000080004328] <- 0x040A030000082201

mem[X,0x0000000080001478] -> 0x5F37
mem[X,0x000000008000147A] -> 0x0010
[1315] [M]: 0x0000000080001478 (0x00105F37) lui t5, 0x105
x30 <- 0x0000000000105000

mem[X,0x000000008000147C] -> 0x0F13
mem[X,0x000000008000147E] -> 0x555F
[1316] [M]: 0x000000008000147C (0x555F0F13) addi t5, t5, 0x555
x30 <- 0x0000000000105555

mem[X,0x0000000080001480] -> 0x1F13
mem[X,0x0000000080001482] -> 0x00BF
[1317] [M]: 0x0000000080001480 (0x00BF1F13) slli t5, t5, 0xb
x30 <- 0x0000000082AAA800

mem[X,0x0000000080001484] -> 0x0F13
mem[X,0x0000000080001486] -> 0x2AAF
[1318] [M]: 0x0000000080001484 (0x2AAF0F13) addi t5, t5, 0x2aa
x30 <- 0x0000000082AAAAAA

mem[X,0x0000000080001488] -> 0x1F13
mem[X,0x000000008000148A] -> 0x00BF
[1319] [M]: 0x0000000080001488 (0x00BF1F13) slli t5, t5, 0xb
x30 <- 0x0000041555555000

mem[X,0x000000008000148C] -> 0x0F13
mem[X,0x000000008000148E] -> 0x57FF
[1320] [M]: 0x000000008000148C (0x57FF0F13) addi t5, t5, 0x57f
x30 <- 0x000004155555557F

mem[X,0x0000000080001490] -> 0x1F13
mem[X,0x0000000080001492] -> 0x00AF
[1321] [M]: 0x0000000080001490 (0x00AF1F13) slli t5, t5, 0xa
x30 <- 0x001055555555FC00

mem[X,0x0000000080001494] -> 0x0F13
mem[X,0x0000000080001496] -> 0x3F8F
[1322] [M]: 0x0000000080001494 (0x3F8F0F13) addi t5, t5, 0x3f8
x30 <- 0x001055555555FFF8

mem[X,0x0000000080001498] -> 0xCEB7
mem[X,0x000000008000149A] -> 0xFFFA
[1323] [M]: 0x0000000080001498 (0xFFFACEB7) lui t4, -0x54
x29 <- 0xFFFFFFFFFFFAC000

mem[X,0x000000008000149C] -> 0x8E93
mem[X,0x000000008000149E] -> 0x000E
[1324] [M]: 0x000000008000149C (0x000E8E93) addi t4, t4, 0x0
x29 <- 0xFFFFFFFFFFFAC000

mem[X,0x00000000800014A0] -> 0x9E93
mem[X,0x00000000800014A2] -> 0x00BE
[1325] [M]: 0x00000000800014A0 (0x00BE9E93) slli t4, t4, 0xb
x29 <- 0xFFFFFFFFD6000000

mem[X,0x00000000800014A4] -> 0x8E93
mem[X,0x00000000800014A6] -> 0x2AAE
[1326] [M]: 0x00000000800014A4 (0x2AAE8E93) addi t4, t4, 0x2aa
x29 <- 0xFFFFFFFFD60002AA

mem[X,0x00000000800014A8] -> 0x9E93
mem[X,0x00000000800014AA] -> 0x00BE
[1327] [M]: 0x00000000800014A8 (0x00BE9E93) slli t4, t4, 0xb
x29 <- 0xFFFFFEB000155000

mem[X,0x00000000800014AC] -> 0x8E93
mem[X,0x00000000800014AE] -> 0x57FE
[1328] [M]: 0x00000000800014AC (0x57FE8E93) addi t4, t4, 0x57f
x29 <- 0xFFFFFEB00015557F

mem[X,0x00000000800014B0] -> 0x9E93
mem[X,0x00000000800014B2] -> 0x00AE
[1329] [M]: 0x00000000800014B0 (0x00AE9E93) slli t4, t4, 0xa
x29 <- 0xFFFAC0005555FC00

mem[X,0x00000000800014B4] -> 0x8E93
mem[X,0x00000000800014B6] -> 0x3FBE
[1330] [M]: 0x00000000800014B4 (0x3FBE8E93) addi t4, t4, 0x3fb
x29 <- 0xFFFAC0005555FFFB

mem[X,0x00000000800014B8] -> 0x0FBB
mem[X,0x00000000800014BA] -> 0xE9DF
[1331] [M]: 0x00000000800014B8 (0xE9DF0FBB) pdifu.h t6, t5, t4
x31 <- 0x00166AAB00000003

mem[X,0x00000000800014BC] -> 0xB823
mem[X,0x00000000800014BE] -> 0x13F0
[1332] [M]: 0x00000000800014BC (0x13F0B823) sd t6, 0x130(ra)
mem[0x0000000080004330] <- 0x00166AAB00000003

mem[X,0x00000000800014C0] -> 0x0F37
mem[X,0x00000000800014C2] -> 0x4001
[1333] [M]: 0x00000000800014C0 (0x40010F37) lui t5, 0x40010
x30 <- 0x0000000040010000

mem[X,0x00000000800014C4] -> 0x0F13
mem[X,0x00000000800014C6] -> 0xFF6F
[1334] [M]: 0x00000000800014C4 (0xFF6F0F13) addi t5, t5, -0xa
x30 <- 0x000000004000FFF6

mem[X,0x00000000800014C8] -> 0x1F13
mem[X,0x00000000800014CA] -> 0x00BF
[1335] [M]: 0x00000000800014C8 (0x00BF1F13) slli t5, t5, 0xb
x30 <- 0x0000020007FFB000

mem[X,0x00000000800014CC] -> 0x0F13
mem[X,0x00000000800014CE] -> 0x7FFF
[1336] [M]: 0x00000000800014CC (0x7FFF0F13) addi t5, t5, 0x7ff
x30 <- 0x0000020007FFB7FF

mem[X,0x00000000800014D0] -> 0x1F13
mem[X,0x00000000800014D2] -> 0x00BF
[1337] [M]: 0x00000000800014D0 (0x00BF1F13) slli t5, t5, 0xb
x30 <- 0x0010003FFDBFF800

mem[X,0x00000000800014D4] -> 0x0F13
mem[X,0x00000000800014D6] -> 0x680F
[1338] [M]: 0x00000000800014D4 (0x680F0F13) addi t5, t5, 0x680
x30 <- 0x0010003FFDBFFE80

mem[X,0x00000000800014D8] -> 0x1F13
mem[X,0x00000000800014DA] -> 0x00AF
[1339] [M]: 0x00000000800014D8 (0x00AF1F13) slli t5, t5, 0xa
x30 <- 0x4000FFF6FFFA0000

mem[X,0x00000000800014DC] -> 0x0F13
mem[X,0x00000000800014DE] -> 0x003F
[1340] [M]: 0x00000000800014DC (0x003F0F13) addi t5, t5, 0x3
x30 <- 0x4000FFF6FFFA0003

mem[X,0x00000000800014E0] -> 0x0EB7
mem[X,0x00000000800014E2] -> 0xC000
[1341] [M]: 0x00000000800014E0 (0xC0000EB7) lui t4, -0x40000
x29 <- 0xFFFFFFFFC0000000

mem[X,0x00000000800014E4] -> 0x8E93
mem[X,0x00000000800014E6] -> 0x080E
[1342] [M]: 0x00000000800014E4 (0x080E8E93) addi t4, t4, 0x80
x29 <- 0xFFFFFFFFC0000080

mem[X,0x00000000800014E8] -> 0x9E93
mem[X,0x00000000800014EA] -> 0x00BE
[1343] [M]: 0x00000000800014E8 (0x00BE9E93) slli t4, t4, 0xb
x29 <- 0xFFFFFE0000040000

mem[X,0x00000000800014EC] -> 0x8E93
mem[X,0x00000000800014EE] -> 0x000E
[1344] [M]: 0x00000000800014EC (0x000E8E93) addi t4, t4, 0x0
x29 <- 0xFFFFFE0000040000

mem[X,0x00000000800014F0] -> 0x9E93
mem[X,0x00000000800014F2] -> 0x00BE
[1345] [M]: 0x00000000800014F0 (0x00BE9E93) slli t4, t4, 0xb
x29 <- 0xFFF0000020000000

mem[X,0x00000000800014F4] -> 0x8E93
mem[X,0x00000000800014F6] -> 0x03FE
[1346] [M]: 0x00000000800014F4 (0x03FE8E93) addi t4, t4, 0x3f
x29 <- 0xFFF000002000003F

mem[X,0x00000000800014F8] -> 0x9E93
mem[X,0x00000000800014FA] -> 0x00AE
[1347] [M]: 0x00000000800014F8 (0x00AE9E93) slli t4, t4, 0xa
x29 <- 0xC00000800000FC00

mem[X,0x00000000800014FC] -> 0x8E93
mem[X,0x00000000800014FE] -> 0x3EFE
[1348] [M]: 0x00000000800014FC (0x3EFE8E93) addi t4, t4, 0x3ef
x29 <- 0xC00000800000FFEF

mem[X,0x0000000080001500] -> 0x0FBB
mem[X,0x0000000080001502] -> 0xE9DF
[1349] [M]: 0x0000000080001500 (0xE9DF0FBB) pdifu.h t6, t5, t4
x31 <- 0x8000008A00060014

mem[X,0x0000000080001504] -> 0xBC23
mem[X,0x0000000080001506] -> 0x13F0
[1350] [M]: 0x0000000080001504 (0x13F0BC23) sd t6, 0x138(ra)
mem[0x0000000080004338] <- 0x8000008A00060014

mem[X,0x0000000080001508] -> 0x0F37
mem[X,0x000000008000150A] -> 0xFFF7
[1351] [M]: 0x0000000080001508 (0xFFF70F37) lui t5, -0x90
x30 <- 0xFFFFFFFFFFF70000

mem[X,0x000000008000150C] -> 0x0F13
mem[X,0x000000008000150E] -> 0xFBFF
[1352] [M]: 0x000000008000150C (0xFBFF0F13) addi t5, t5, -0x41
x30 <- 0xFFFFFFFFFFF6FFBF

mem[X,0x0000000080001510] -> 0x1F13
mem[X,0x0000000080001512] -> 0x00BF
[1353] [M]: 0x0000000080001510 (0x00BF1F13) slli t5, t5, 0xb
x30 <- 0xFFFFFFFFB7FDF800

mem[X,0x0000000080001514] -> 0x0F13
mem[X,0x0000000080001516] -> 0x008F
[1354] [M]: 0x0000000080001514 (0x008F0F13) addi t5, t5, 0x8
x30 <- 0xFFFFFFFFB7FDF808

mem[X,0x0000000080001518] -> 0x1F13
mem[X,0x000000008000151A] -> 0x00BF
[1355] [M]: 0x0000000080001518 (0x00BF1F13) slli t5, t5, 0xb
x30 <- 0xFFFFFDBFEFC04000

mem[X,0x000000008000151C] -> 0x0F13
mem[X,0x000000008000151E] -> 0x03EF
[1356] [M]: 0x000000008000151C (0x03EF0F13) addi t5, t5, 0x3e
x30 <- 0xFFFFFDBFEFC0403E

mem[X,0x0000000080001520] -> 0x1F13
mem[X,0x0000000080001522] -> 0x00AF
[1357] [M]: 0x0000000080001520 (0x00AF1F13) slli t5, t5, 0xa
x30 <- 0xFFF6FFBF0100F800

mem[X,0x0000000080001524] -> 0x0F13
mem[X,0x0000000080001526] -> 0x3FFF
[1358] [M]: 0x0000000080001524 (0x3FFF0F13) addi t5, t5, 0x3ff
x30 <- 0xFFF6FFBF0100FBFF

mem[X,0x0000000080001528] -> 0x4EB7
mem[X,0x000000008000152A] -> 0x0800
[1359] [M]: 0x0000000080001528 (0x08004EB7) lui t4, 0x8004
x29 <- 0x0000000008004000

mem[X,0x000000008000152C] -> 0x8E93
mem[X,0x000000008000152E] -> 0xFFFE
[1360] [M]: 0x000000008000152C (0xFFFE8E93) addi t4, t4, -0x1
x29 <- 0x0000000008003FFF

mem[X,0x0000000080001530] -> 0x9E93
mem[X,0x0000000080001532] -> 0x00BE
[1361] [M]: 0x0000000080001530 (0x00BE9E93) slli t4, t4, 0xb
x29 <- 0x0000004001FFF800

mem[X,0x0000000080001534] -> 0x8E93
mem[X,0x0000000080001536] -> 0x7FFE
[1362] [M]: 0x0000000080001534 (0x7FFE8E93) addi t4, t4, 0x7ff
x29 <- 0x0000004001FFFFFF

mem[X,0x0000000080001538] -> 0x9E93
mem[X,0x000000008000153A] -> 0x00BE
[1363] [M]: 0x0000000080001538 (0x00BE9E93) slli t4, t4, 0xb
x29 <- 0x0002000FFFFFF800

mem[X,0x000000008000153C] -> 0x8E93
mem[X,0x000000008000153E] -> 0x3FFE
[1364] [M]: 0x000000008000153C (0x3FFE8E93) addi t4, t4, 0x3ff
x29 <- 0x0002000FFFFFFBFF

mem[X,0x0000000080001540] -> 0x9E93
mem[X,0x0000000080001542] -> 0x00AE
[1365] [M]: 0x0000000080001540 (0x00AE9E93) slli t4, t4, 0xa
x29 <- 0x08003FFFFFEFFC00

mem[X,0x0000000080001544] -> 0x8E93
mem[X,0x0000000080001546] -> 0x37FE
[1366] [M]: 0x0000000080001544 (0x37FE8E93) addi t4, t4, 0x37f
x29 <- 0x08003FFFFFEFFF7F

mem[X,0x0000000080001548] -> 0x0FBB
mem[X,0x000000008000154A] -> 0xE9DF
[1367] [M]: 0x0000000080001548 (0xE9DF0FBB) pdifu.h t6, t5, t4
x31 <- 0x080A404001110380

mem[X,0x000000008000154C] -> 0xB023
mem[X,0x000000008000154E] -> 0x15F0
[1368] [M]: 0x000000008000154C (0x15F0B023) sd t6, 0x140(ra)
mem[0x0000000080004340] <- 0x080A404001110380

mem[X,0x0000000080001550] -> 0x0F37
mem[X,0x0000000080001552] -> 0x8000
[1369] [M]: 0x0000000080001550 (0x80000F37) lui t5, -0x80000
x30 <- 0xFFFFFFFF80000000

mem[X,0x0000000080001554] -> 0x0F13
mem[X,0x0000000080001556] -> 0x002F
[1370] [M]: 0x0000000080001554 (0x002F0F13) addi t5, t5, 0x2
x30 <- 0xFFFFFFFF80000002

mem[X,0x0000000080001558] -> 0x1F13
mem[X,0x000000008000155A] -> 0x00BF
[1371] [M]: 0x0000000080001558 (0x00BF1F13) slli t5, t5, 0xb
x30 <- 0xFFFFFC0000001000

mem[X,0x000000008000155C] -> 0x0F13
mem[X,0x000000008000155E] -> 0x004F
[1372] [M]: 0x000000008000155C (0x004F0F13) addi t5, t5, 0x4
x30 <- 0xFFFFFC0000001004

mem[X,0x0000000080001560] -> 0x1F13
mem[X,0x0000000080001562] -> 0x00BF
[1373] [M]: 0x0000000080001560 (0x00BF1F13) slli t5, t5, 0xb
x30 <- 0xFFE0000000802000

mem[X,0x0000000080001564] -> 0x0F13
mem[X,0x0000000080001566] -> 0x000F
[1374] [M]: 0x0000000080001564 (0x000F0F13) addi t5, t5, 0x0
x30 <- 0xFFE0000000802000

mem[X,0x0000000080001568] -> 0x1F13
mem[X,0x000000008000156A] -> 0x00AF
[1375] [M]: 0x0000000080001568 (0x00AF1F13) slli t5, t5, 0xa
x30 <- 0x8000000200800000

mem[X,0x000000008000156C] -> 0x0F13
mem[X,0x000000008000156E] -> 0x006F
[1376] [M]: 0x000000008000156C (0x006F0F13) addi t5, t5, 0x6
x30 <- 0x8000000200800006

mem[X,0x0000000080001570] -> 0x0EB7
mem[X,0x0000000080001572] -> 0xFC00
[1377] [M]: 0x0000000080001570 (0xFC000EB7) lui t4, -0x4000
x29 <- 0xFFFFFFFFFC000000

mem[X,0x0000000080001574] -> 0x8E93
mem[X,0x0000000080001576] -> 0xFBFE
[1378] [M]: 0x0000000080001574 (0xFBFE8E93) addi t4, t4, -0x41
x29 <- 0xFFFFFFFFFBFFFFBF

mem[X,0x0000000080001578] -> 0x9E93
mem[X,0x000000008000157A] -> 0x00BE
[1379] [M]: 0x0000000080001578 (0x00BE9E93) slli t4, t4, 0xb
x29 <- 0xFFFFFFDFFFFDF800

mem[X,0x000000008000157C] -> 0x8E93
mem[X,0x000000008000157E] -> 0x600E
[1380] [M]: 0x000000008000157C (0x600E8E93) addi t4, t4, 0x600
x29 <- 0xFFFFFFDFFFFDFE00

mem[X,0x0000000080001580] -> 0x9E93
mem[X,0x0000000080001582] -> 0x00BE
[1381] [M]: 0x0000000080001580 (0x00BE9E93) slli t4, t4, 0xb
x29 <- 0xFFFEFFFFEFF00000

mem[X,0x0000000080001584] -> 0x8E93
mem[X,0x0000000080001586] -> 0x03FE
[1382] [M]: 0x0000000080001584 (0x03FE8E93) addi t4, t4, 0x3f
x29 <- 0xFFFEFFFFEFF0003F

mem[X,0x0000000080001588] -> 0x9E93
mem[X,0x000000008000158A] -> 0x00AE
[1383] [M]: 0x0000000080001588 (0x00AE9E93) slli t4, t4, 0xa
x29 <- 0xFBFFFFBFC000FC00

mem[X,0x000000008000158C] -> 0x8E93
mem[X,0x000000008000158E] -> 0x2FFE
[1384] [M]: 0x000000008000158C (0x2FFE8E93) addi t4, t4, 0x2ff
x29 <- 0xFBFFFFBFC000FEFF

mem[X,0x0000000080001590] -> 0x0FBB
mem[X,0x0000000080001592] -> 0xE9DF
[1385] [M]: 0x0000000080001590 (0xE9DF0FBB) pdifu.h t6, t5, t4
x31 <- 0x7BFF004340800107

mem[X,0x0000000080001594] -> 0xB423
mem[X,0x0000000080001596] -> 0x15F0
[1386] [M]: 0x0000000080001594 (0x15F0B423) sd t6, 0x148(ra)
mem[0x0000000080004348] <- 0x7BFF004340800107

mem[X,0x0000000080001598] -> 0xCF37
mem[X,0x000000008000159A] -> 0xEFFF
[1387] [M]: 0x0000000080001598 (0xEFFFCF37) lui t5, -0x10004
x30 <- 0xFFFFFFFFEFFFC000

mem[X,0x000000008000159C] -> 0x0F13
mem[X,0x000000008000159E] -> 0x000F
[1388] [M]: 0x000000008000159C (0x000F0F13) addi t5, t5, 0x0
x30 <- 0xFFFFFFFFEFFFC000

mem[X,0x00000000800015A0] -> 0x1F13
mem[X,0x00000000800015A2] -> 0x00BF
[1389] [M]: 0x00000000800015A0 (0x00BF1F13) slli t5, t5, 0xb
x30 <- 0xFFFFFF7FFE000000

mem[X,0x00000000800015A4] -> 0x0F13
mem[X,0x00000000800015A6] -> 0x7FFF
[1390] [M]: 0x00000000800015A4 (0x7FFF0F13) addi t5, t5, 0x7ff
x30 <- 0xFFFFFF7FFE0007FF

mem[X,0x00000000800015A8] -> 0x1F13
mem[X,0x00000000800015AA] -> 0x00BF
[1391] [M]: 0x00000000800015A8 (0x00BF1F13) slli t5, t5, 0xb
x30 <- 0xFFFBFFF0003FF800

mem[X,0x00000000800015AC] -> 0x0F13
mem[X,0x00000000800015AE] -> 0x73FF
[1392] [M]: 0x00000000800015AC (0x73FF0F13) addi t5, t5, 0x73f
x30 <- 0xFFFBFFF0003FFF3F

mem[X,0x00000000800015B0] -> 0x1F13
mem[X,0x00000000800015B2] -> 0x00AF
[1393] [M]: 0x00000000800015B0 (0x00AF1F13) slli t5, t5, 0xa
x30 <- 0xEFFFC000FFFCFC00

mem[X,0x00000000800015B4] -> 0x0F13
mem[X,0x00000000800015B6] -> 0x3F9F
[1394] [M]: 0x00000000800015B4 (0x3F9F0F13) addi t5, t5, 0x3f9
x30 <- 0xEFFFC000FFFCFFF9

mem[X,0x00000000800015B8] -> 0x4EB7
mem[X,0x00000000800015BA] -> 0x1000
[1395] [M]: 0x00000000800015B8 (0x10004EB7) lui t4, 0x10004
x29 <- 0x0000000010004000

mem[X,0x00000000800015BC] -> 0x8E93
mem[X,0x00000000800015BE] -> 0xFFFE
[1396] [M]: 0x00000000800015BC (0xFFFE8E93) addi t4, t4, -0x1
x29 <- 0x0000000010003FFF

mem[X,0x00000000800015C0] -> 0x9E93
mem[X,0x00000000800015C2] -> 0x00BE
[1397] [M]: 0x00000000800015C0 (0x00BE9E93) slli t4, t4, 0xb
x29 <- 0x0000008001FFF800

mem[X,0x00000000800015C4] -> 0x8E93
mem[X,0x00000000800015C6] -> 0x000E
[1398] [M]: 0x00000000800015C4 (0x000E8E93) addi t4, t4, 0x0
x29 <- 0x0000008001FFF800

mem[X,0x00000000800015C8] -> 0x9E93
mem[X,0x00000000800015CA] -> 0x00BE
[1399] [M]: 0x00000000800015C8 (0x00BE9E93) slli t4, t4, 0xb
x29 <- 0x0004000FFFC00000

clint::tick mtime <- 0x000000000000000E
 clint timer pending at mtime 0x000000000000000E
htif::tick 0x0000000000000000
mem[X,0x00000000800015CC] -> 0x8E93
mem[X,0x00000000800015CE] -> 0x155E
[1400] [M]: 0x00000000800015CC (0x155E8E93) addi t4, t4, 0x155
x29 <- 0x0004000FFFC00155

mem[X,0x00000000800015D0] -> 0x9E93
mem[X,0x00000000800015D2] -> 0x00AE
[1401] [M]: 0x00000000800015D0 (0x00AE9E93) slli t4, t4, 0xa
x29 <- 0x10003FFF00055400

mem[X,0x00000000800015D4] -> 0x8E93
mem[X,0x00000000800015D6] -> 0x155E
[1402] [M]: 0x00000000800015D4 (0x155E8E93) addi t4, t4, 0x155
x29 <- 0x10003FFF00055555

mem[X,0x00000000800015D8] -> 0x0FBB
mem[X,0x00000000800015DA] -> 0xE9DF
[1403] [M]: 0x00000000800015D8 (0xE9DF0FBB) pdifu.h t6, t5, t4
x31 <- 0x20017FFF0009555C

mem[X,0x00000000800015DC] -> 0xB823
mem[X,0x00000000800015DE] -> 0x15F0
[1404] [M]: 0x00000000800015DC (0x15F0B823) sd t6, 0x150(ra)
mem[0x0000000080004350] <- 0x20017FFF0009555C

mem[X,0x00000000800015E0] -> 0xFF37
mem[X,0x00000000800015E2] -> 0xF7FF
[1405] [M]: 0x00000000800015E0 (0xF7FFFF37) lui t5, -0x8001
x30 <- 0xFFFFFFFFF7FFF000

mem[X,0x00000000800015E4] -> 0x0F13
mem[X,0x00000000800015E6] -> 0x7FFF
[1406] [M]: 0x00000000800015E4 (0x7FFF0F13) addi t5, t5, 0x7ff
x30 <- 0xFFFFFFFFF7FFF7FF

mem[X,0x00000000800015E8] -> 0x1F13
mem[X,0x00000000800015EA] -> 0x00BF
[1407] [M]: 0x00000000800015E8 (0x00BF1F13) slli t5, t5, 0xb
x30 <- 0xFFFFFFBFFFBFF800

mem[X,0x00000000800015EC] -> 0x0F13
mem[X,0x00000000800015EE] -> 0x040F
[1408] [M]: 0x00000000800015EC (0x040F0F13) addi t5, t5, 0x40
x30 <- 0xFFFFFFBFFFBFF840

mem[X,0x00000000800015F0] -> 0x1F13
mem[X,0x00000000800015F2] -> 0x00BF
[1409] [M]: 0x00000000800015F0 (0x00BF1F13) slli t5, t5, 0xb
x30 <- 0xFFFDFFFDFFC20000

mem[X,0x00000000800015F4] -> 0x0F13
mem[X,0x00000000800015F6] -> 0x03FF
[1410] [M]: 0x00000000800015F4 (0x03FF0F13) addi t5, t5, 0x3f
x30 <- 0xFFFDFFFDFFC2003F

mem[X,0x00000000800015F8] -> 0x1F13
mem[X,0x00000000800015FA] -> 0x00AF
[1411] [M]: 0x00000000800015F8 (0x00AF1F13) slli t5, t5, 0xa
x30 <- 0xF7FFF7FF0800FC00

mem[X,0x00000000800015FC] -> 0x0F13
mem[X,0x00000000800015FE] -> 0x3BFF
[1412] [M]: 0x00000000800015FC (0x3BFF0F13) addi t5, t5, 0x3bf
x30 <- 0xF7FFF7FF0800FFBF

mem[X,0x0000000080001600] -> 0x4EB7
mem[X,0x0000000080001602] -> 0xFFFF
[1413] [M]: 0x0000000080001600 (0xFFFF4EB7) lui t4, -0xc
x29 <- 0xFFFFFFFFFFFF4000

mem[X,0x0000000080001604] -> 0x8E93
mem[X,0x0000000080001606] -> 0xFFFE
[1414] [M]: 0x0000000080001604 (0xFFFE8E93) addi t4, t4, -0x1
x29 <- 0xFFFFFFFFFFFF3FFF

mem[X,0x0000000080001608] -> 0x9E93
mem[X,0x000000008000160A] -> 0x00BE
[1415] [M]: 0x0000000080001608 (0x00BE9E93) slli t4, t4, 0xb
x29 <- 0xFFFFFFFFF9FFF800

mem[X,0x000000008000160C] -> 0x8E93
mem[X,0x000000008000160E] -> 0x002E
[1416] [M]: 0x000000008000160C (0x002E8E93) addi t4, t4, 0x2
x29 <- 0xFFFFFFFFF9FFF802

mem[X,0x0000000080001610] -> 0x9E93
mem[X,0x0000000080001612] -> 0x00BE
[1417] [M]: 0x0000000080001610 (0x00BE9E93) slli t4, t4, 0xb
x29 <- 0xFFFFFFCFFFC01000

mem[X,0x0000000080001614] -> 0x8E93
mem[X,0x0000000080001616] -> 0x03FE
[1418] [M]: 0x0000000080001614 (0x03FE8E93) addi t4, t4, 0x3f
x29 <- 0xFFFFFFCFFFC0103F

mem[X,0x0000000080001618] -> 0x9E93
mem[X,0x000000008000161A] -> 0x00AE
[1419] [M]: 0x0000000080001618 (0x00AE9E93) slli t4, t4, 0xa
x29 <- 0xFFFF3FFF0040FC00

mem[X,0x000000008000161C] -> 0x8E93
mem[X,0x000000008000161E] -> 0x3FEE
[1420] [M]: 0x000000008000161C (0x3FEE8E93) addi t4, t4, 0x3fe
x29 <- 0xFFFF3FFF0040FFFE

mem[X,0x0000000080001620] -> 0x0FBB
mem[X,0x0000000080001622] -> 0xE9DF
[1421] [M]: 0x0000000080001620 (0xE9DF0FBB) pdifu.h t6, t5, t4
x31 <- 0x0800480007C0003F

mem[X,0x0000000080001624] -> 0xBC23
mem[X,0x0000000080001626] -> 0x15F0
[1422] [M]: 0x0000000080001624 (0x15F0BC23) sd t6, 0x158(ra)
mem[0x0000000080004358] <- 0x0800480007C0003F

mem[X,0x0000000080001628] -> 0x0F37
mem[X,0x000000008000162A] -> 0x0009
[1423] [M]: 0x0000000080001628 (0x00090F37) lui t5, 0x90
x30 <- 0x0000000000090000

mem[X,0x000000008000162C] -> 0x0F13
mem[X,0x000000008000162E] -> 0x010F
[1424] [M]: 0x000000008000162C (0x010F0F13) addi t5, t5, 0x10
x30 <- 0x0000000000090010

mem[X,0x0000000080001630] -> 0x1F13
mem[X,0x0000000080001632] -> 0x00BF
[1425] [M]: 0x0000000080001630 (0x00BF1F13) slli t5, t5, 0xb
x30 <- 0x0000000048008000

mem[X,0x0000000080001634] -> 0x0F13
mem[X,0x0000000080001636] -> 0x020F
[1426] [M]: 0x0000000080001634 (0x020F0F13) addi t5, t5, 0x20
x30 <- 0x0000000048008020

mem[X,0x0000000080001638] -> 0x1F13
mem[X,0x000000008000163A] -> 0x00BF
[1427] [M]: 0x0000000080001638 (0x00BF1F13) slli t5, t5, 0xb
x30 <- 0x0000024004010000

mem[X,0x000000008000163C] -> 0x0F13
mem[X,0x000000008000163E] -> 0x03FF
[1428] [M]: 0x000000008000163C (0x03FF0F13) addi t5, t5, 0x3f
x30 <- 0x000002400401003F

mem[X,0x0000000080001640] -> 0x1F13
mem[X,0x0000000080001642] -> 0x00AF
[1429] [M]: 0x0000000080001640 (0x00AF1F13) slli t5, t5, 0xa
x30 <- 0x000900100400FC00

mem[X,0x0000000080001644] -> 0x0F13
mem[X,0x0000000080001646] -> 0x3FFF
[1430] [M]: 0x0000000080001644 (0x3FFF0F13) addi t5, t5, 0x3ff
x30 <- 0x000900100400FFFF

mem[X,0x0000000080001648] -> 0x0EB7
mem[X,0x000000008000164A] -> 0x0080
[1431] [M]: 0x0000000080001648 (0x00800EB7) lui t4, 0x800
x29 <- 0x0000000000800000

mem[X,0x000000008000164C] -> 0x8E93
mem[X,0x000000008000164E] -> 0x001E
[1432] [M]: 0x000000008000164C (0x001E8E93) addi t4, t4, 0x1
x29 <- 0x0000000000800001

mem[X,0x0000000080001650] -> 0x9E93
mem[X,0x0000000080001652] -> 0x00BE
[1433] [M]: 0x0000000080001650 (0x00BE9E93) slli t4, t4, 0xb
x29 <- 0x0000000400000800

mem[X,0x0000000080001654] -> 0x8E93
mem[X,0x0000000080001656] -> 0x7EFE
[1434] [M]: 0x0000000080001654 (0x7EFE8E93) addi t4, t4, 0x7ef
x29 <- 0x0000000400000FEF

mem[X,0x0000000080001658] -> 0x9E93
mem[X,0x000000008000165A] -> 0x00BE
[1435] [M]: 0x0000000080001658 (0x00BE9E93) slli t4, t4, 0xb
x29 <- 0x00002000007F7800

mem[X,0x000000008000165C] -> 0x8E93
mem[X,0x000000008000165E] -> 0x7EAE
[1436] [M]: 0x000000008000165C (0x7EAE8E93) addi t4, t4, 0x7ea
x29 <- 0x00002000007F7FEA

mem[X,0x0000000080001660] -> 0x9E93
mem[X,0x0000000080001662] -> 0x00AE
[1437] [M]: 0x0000000080001660 (0x00AE9E93) slli t4, t4, 0xa
x29 <- 0x00800001FDFFA800

mem[X,0x0000000080001664] -> 0x8E93
mem[X,0x0000000080001666] -> 0x2AAE
[1438] [M]: 0x0000000080001664 (0x2AAE8E93) addi t4, t4, 0x2aa
x29 <- 0x00800001FDFFAAAA

mem[X,0x0000000080001668] -> 0x0FBB
mem[X,0x000000008000166A] -> 0xE9DF
[1439] [M]: 0x0000000080001668 (0xE9DF0FBB) pdifu.h t6, t5, t4
x31 <- 0x0077000F06015555

mem[X,0x000000008000166C] -> 0xB023
mem[X,0x000000008000166E] -> 0x17F0
[1440] [M]: 0x000000008000166C (0x17F0B023) sd t6, 0x160(ra)
mem[0x0000000080004360] <- 0x0077000F06015555

mem[X,0x0000000080001670] -> 0x0F37
mem[X,0x0000000080001672] -> 0xE000
[1441] [M]: 0x0000000080001670 (0xE0000F37) lui t5, -0x20000
x30 <- 0xFFFFFFFFE0000000

mem[X,0x0000000080001674] -> 0x0F13
mem[X,0x0000000080001676] -> 0xFDFF
[1442] [M]: 0x0000000080001674 (0xFDFF0F13) addi t5, t5, -0x21
x30 <- 0xFFFFFFFFDFFFFFDF

mem[X,0x0000000080001678] -> 0x1F13
mem[X,0x000000008000167A] -> 0x00BF
[1443] [M]: 0x0000000080001678 (0x00BF1F13) slli t5, t5, 0xb
x30 <- 0xFFFFFEFFFFFEF800

mem[X,0x000000008000167C] -> 0x0F13
mem[X,0x000000008000167E] -> 0x77FF
[1444] [M]: 0x000000008000167C (0x77FF0F13) addi t5, t5, 0x77f
x30 <- 0xFFFFFEFFFFFEFF7F

mem[X,0x0000000080001680] -> 0x1F13
mem[X,0x0000000080001682] -> 0x00BF
[1445] [M]: 0x0000000080001680 (0x00BF1F13) slli t5, t5, 0xb
x30 <- 0xFFF7FFFFF7FBF800

mem[X,0x0000000080001684] -> 0x0F13
mem[X,0x0000000080001686] -> 0x7FFF
[1446] [M]: 0x0000000080001684 (0x7FFF0F13) addi t5, t5, 0x7ff
x30 <- 0xFFF7FFFFF7FBFFFF

mem[X,0x0000000080001688] -> 0x1F13
mem[X,0x000000008000168A] -> 0x00AF
[1447] [M]: 0x0000000080001688 (0x00AF1F13) slli t5, t5, 0xa
x30 <- 0xDFFFFFDFEFFFFC00

mem[X,0x000000008000168C] -> 0x0F13
mem[X,0x000000008000168E] -> 0x3F7F
[1448] [M]: 0x000000008000168C (0x3F7F0F13) addi t5, t5, 0x3f7
x30 <- 0xDFFFFFDFEFFFFFF7

mem[X,0x0000000080001690] -> 0x0EB7
mem[X,0x0000000080001692] -> 0xFE00
[1449] [M]: 0x0000000080001690 (0xFE000EB7) lui t4, -0x2000
x29 <- 0xFFFFFFFFFE000000

mem[X,0x0000000080001694] -> 0x8E93
mem[X,0x0000000080001696] -> 0xFF8E
[1450] [M]: 0x0000000080001694 (0xFF8E8E93) addi t4, t4, -0x8
x29 <- 0xFFFFFFFFFDFFFFF8

mem[X,0x0000000080001698] -> 0x9E93
mem[X,0x000000008000169A] -> 0x00BE
[1451] [M]: 0x0000000080001698 (0x00BE9E93) slli t4, t4, 0xb
x29 <- 0xFFFFFFEFFFFFC000

mem[X,0x000000008000169C] -> 0x8E93
mem[X,0x000000008000169E] -> 0x3FFE
[1452] [M]: 0x000000008000169C (0x3FFE8E93) addi t4, t4, 0x3ff
x29 <- 0xFFFFFFEFFFFFC3FF

mem[X,0x00000000800016A0] -> 0x9E93
mem[X,0x00000000800016A2] -> 0x00BE
[1453] [M]: 0x00000000800016A0 (0x00BE9E93) slli t4, t4, 0xb
x29 <- 0xFFFF7FFFFE1FF800

mem[X,0x00000000800016A4] -> 0x8E93
mem[X,0x00000000800016A6] -> 0x7C0E
[1454] [M]: 0x00000000800016A4 (0x7C0E8E93) addi t4, t4, 0x7c0
x29 <- 0xFFFF7FFFFE1FFFC0

mem[X,0x00000000800016A8] -> 0x9E93
mem[X,0x00000000800016AA] -> 0x00AE
[1455] [M]: 0x00000000800016A8 (0x00AE9E93) slli t4, t4, 0xa
x29 <- 0xFDFFFFF87FFF0000

mem[X,0x00000000800016AC] -> 0x8E93
mem[X,0x00000000800016AE] -> 0x005E
[1456] [M]: 0x00000000800016AC (0x005E8E93) addi t4, t4, 0x5
x29 <- 0xFDFFFFF87FFF0005

mem[X,0x00000000800016B0] -> 0x0FBB
mem[X,0x00000000800016B2] -> 0xE9DF
[1457] [M]: 0x00000000800016B0 (0xE9DF0FBB) pdifu.h t6, t5, t4
x31 <- 0x1E0000197000000E

mem[X,0x00000000800016B4] -> 0xB423
mem[X,0x00000000800016B6] -> 0x17F0
[1458] [M]: 0x00000000800016B4 (0x17F0B423) sd t6, 0x168(ra)
mem[0x0000000080004368] <- 0x1E0000197000000E

mem[X,0x00000000800016B8] -> 0x0F37
mem[X,0x00000000800016BA] -> 0xAAAB
[1459] [M]: 0x00000000800016B8 (0xAAAB0F37) lui t5, -0x55550
x30 <- 0xFFFFFFFFAAAB0000

mem[X,0x00000000800016BC] -> 0x0F13
mem[X,0x00000000800016BE] -> 0xFF9F
[1460] [M]: 0x00000000800016BC (0xFF9F0F13) addi t5, t5, -0x7
x30 <- 0xFFFFFFFFAAAAFFF9

mem[X,0x00000000800016C0] -> 0x1F13
mem[X,0x00000000800016C2] -> 0x00BF
[1461] [M]: 0x00000000800016C0 (0x00BF1F13) slli t5, t5, 0xb
x30 <- 0xFFFFFD5557FFC800

mem[X,0x00000000800016C4] -> 0x0F13
mem[X,0x00000000800016C6] -> 0x5FFF
[1462] [M]: 0x00000000800016C4 (0x5FFF0F13) addi t5, t5, 0x5ff
x30 <- 0xFFFFFD5557FFCDFF

mem[X,0x00000000800016C8] -> 0x1F13
mem[X,0x00000000800016CA] -> 0x00BF
[1463] [M]: 0x00000000800016C8 (0x00BF1F13) slli t5, t5, 0xb
x30 <- 0xFFEAAABFFE6FF800

mem[X,0x00000000800016CC] -> 0x0F13
mem[X,0x00000000800016CE] -> 0x7FFF
[1464] [M]: 0x00000000800016CC (0x7FFF0F13) addi t5, t5, 0x7ff
x30 <- 0xFFEAAABFFE6FFFFF

mem[X,0x00000000800016D0] -> 0x1F13
mem[X,0x00000000800016D2] -> 0x00AF
[1465] [M]: 0x00000000800016D0 (0x00AF1F13) slli t5, t5, 0xa
x30 <- 0xAAAAFFF9BFFFFC00

mem[X,0x00000000800016D4] -> 0x0F13
mem[X,0x00000000800016D6] -> 0x3EFF
[1466] [M]: 0x00000000800016D4 (0x3EFF0F13) addi t5, t5, 0x3ef
x30 <- 0xAAAAFFF9BFFFFFEF

mem[X,0x00000000800016D8] -> 0x0EB7
mem[X,0x00000000800016DA] -> 0xFFFB
[1467] [M]: 0x00000000800016D8 (0xFFFB0EB7) lui t4, -0x50
x29 <- 0xFFFFFFFFFFFB0000

mem[X,0x00000000800016DC] -> 0x8E93
mem[X,0x00000000800016DE] -> 0x200E
[1468] [M]: 0x00000000800016DC (0x200E8E93) addi t4, t4, 0x200
x29 <- 0xFFFFFFFFFFFB0200

mem[X,0x00000000800016E0] -> 0x9E93
mem[X,0x00000000800016E2] -> 0x00BE
[1469] [M]: 0x00000000800016E0 (0x00BE9E93) slli t4, t4, 0xb
x29 <- 0xFFFFFFFFD8100000

mem[X,0x00000000800016E4] -> 0x8E93
mem[X,0x00000000800016E6] -> 0x7FBE
[1470] [M]: 0x00000000800016E4 (0x7FBE8E93) addi t4, t4, 0x7fb
x29 <- 0xFFFFFFFFD81007FB

mem[X,0x00000000800016E8] -> 0x9E93
mem[X,0x00000000800016EA] -> 0x00BE
[1471] [M]: 0x00000000800016E8 (0x00BE9E93) slli t4, t4, 0xb
x29 <- 0xFFFFFEC0803FD800

mem[X,0x00000000800016EC] -> 0x8E93
mem[X,0x00000000800016EE] -> 0x7DFE
[1472] [M]: 0x00000000800016EC (0x7DFE8E93) addi t4, t4, 0x7df
x29 <- 0xFFFFFEC0803FDFDF

mem[X,0x00000000800016F0] -> 0x9E93
mem[X,0x00000000800016F2] -> 0x00AE
[1473] [M]: 0x00000000800016F0 (0x00AE9E93) slli t4, t4, 0xa
x29 <- 0xFFFB0200FF7F7C00

mem[X,0x00000000800016F4] -> 0x8E93
mem[X,0x00000000800016F6] -> 0x3FFE
[1474] [M]: 0x00000000800016F4 (0x3FFE8E93) addi t4, t4, 0x3ff
x29 <- 0xFFFB0200FF7F7FFF

mem[X,0x00000000800016F8] -> 0x0FBB
mem[X,0x00000000800016FA] -> 0xE9DF
[1475] [M]: 0x00000000800016F8 (0xE9DF0FBB) pdifu.h t6, t5, t4
x31 <- 0x555102073F807FF0

mem[X,0x00000000800016FC] -> 0xB823
mem[X,0x00000000800016FE] -> 0x17F0
[1476] [M]: 0x00000000800016FC (0x17F0B823) sd t6, 0x170(ra)
mem[0x0000000080004370] <- 0x555102073F807FF0

mem[X,0x0000000080001700] -> 0x0F37
mem[X,0x0000000080001702] -> 0xFFF6
[1477] [M]: 0x0000000080001700 (0xFFF60F37) lui t5, -0xa0
x30 <- 0xFFFFFFFFFFF60000

mem[X,0x0000000080001704] -> 0x0F13
mem[X,0x0000000080001706] -> 0x007F
[1478] [M]: 0x0000000080001704 (0x007F0F13) addi t5, t5, 0x7
x30 <- 0xFFFFFFFFFFF60007

mem[X,0x0000000080001708] -> 0x1F13
mem[X,0x000000008000170A] -> 0x00BF
[1479] [M]: 0x0000000080001708 (0x00BF1F13) slli t5, t5, 0xb
x30 <- 0xFFFFFFFFB0003800

mem[X,0x000000008000170C] -> 0x0F13
mem[X,0x000000008000170E] -> 0x7FFF
[1480] [M]: 0x000000008000170C (0x7FFF0F13) addi t5, t5, 0x7ff
x30 <- 0xFFFFFFFFB0003FFF

mem[X,0x0000000080001710] -> 0x1F13
mem[X,0x0000000080001712] -> 0x00BF
[1481] [M]: 0x0000000080001710 (0x00BF1F13) slli t5, t5, 0xb
x30 <- 0xFFFFFD8001FFF800

mem[X,0x0000000080001714] -> 0x0F13
mem[X,0x0000000080001716] -> 0x7C8F
[1482] [M]: 0x0000000080001714 (0x7C8F0F13) addi t5, t5, 0x7c8
x30 <- 0xFFFFFD8001FFFFC8

mem[X,0x0000000080001718] -> 0x1F13
mem[X,0x000000008000171A] -> 0x00AF
[1483] [M]: 0x0000000080001718 (0x00AF1F13) slli t5, t5, 0xa
x30 <- 0xFFF60007FFFF2000

mem[X,0x000000008000171C] -> 0x0EB7
mem[X,0x000000008000171E] -> 0x0005
[1484] [M]: 0x000000008000171C (0x00050EB7) lui t4, 0x50
x29 <- 0x0000000000050000

mem[X,0x0000000080001720] -> 0x8E93
mem[X,0x0000000080001722] -> 0x009E
[1485] [M]: 0x0000000080001720 (0x009E8E93) addi t4, t4, 0x9
x29 <- 0x0000000000050009

mem[X,0x0000000080001724] -> 0x9E93
mem[X,0x0000000080001726] -> 0x00BE
[1486] [M]: 0x0000000080001724 (0x00BE9E93) slli t4, t4, 0xb
x29 <- 0x0000000028004800

mem[X,0x0000000080001728] -> 0x8E93
mem[X,0x000000008000172A] -> 0x100E
[1487] [M]: 0x0000000080001728 (0x100E8E93) addi t4, t4, 0x100
x29 <- 0x0000000028004900

mem[X,0x000000008000172C] -> 0x9E93
mem[X,0x000000008000172E] -> 0x00BE
[1488] [M]: 0x000000008000172C (0x00BE9E93) slli t4, t4, 0xb
x29 <- 0x0000014002480000

mem[X,0x0000000080001730] -> 0x8E93
mem[X,0x0000000080001732] -> 0x03FE
[1489] [M]: 0x0000000080001730 (0x03FE8E93) addi t4, t4, 0x3f
x29 <- 0x000001400248003F

mem[X,0x0000000080001734] -> 0x9E93
mem[X,0x0000000080001736] -> 0x00AE
[1490] [M]: 0x0000000080001734 (0x00AE9E93) slli t4, t4, 0xa
x29 <- 0x000500092000FC00

mem[X,0x0000000080001738] -> 0x8E93
mem[X,0x000000008000173A] -> 0x3DFE
[1491] [M]: 0x0000000080001738 (0x3DFE8E93) addi t4, t4, 0x3df
x29 <- 0x000500092000FFDF

mem[X,0x000000008000173C] -> 0x0FBB
mem[X,0x000000008000173E] -> 0xE9DF
[1492] [M]: 0x000000008000173C (0xE9DF0FBB) pdifu.h t6, t5, t4
x31 <- 0x000F000220012021

mem[X,0x0000000080001740] -> 0xBC23
mem[X,0x0000000080001742] -> 0x17F0
[1493] [M]: 0x0000000080001740 (0x17F0BC23) sd t6, 0x178(ra)
mem[0x0000000080004378] <- 0x000F000220012021

mem[X,0x0000000080001744] -> 0x0F37
mem[X,0x0000000080001746] -> 0xFDFF
[1494] [M]: 0x0000000080001744 (0xFDFF0F37) lui t5, -0x2010
x30 <- 0xFFFFFFFFFDFF0000

mem[X,0x0000000080001748] -> 0x0F13
mem[X,0x000000008000174A] -> 0x080F
[1495] [M]: 0x0000000080001748 (0x080F0F13) addi t5, t5, 0x80
x30 <- 0xFFFFFFFFFDFF0080

mem[X,0x000000008000174C] -> 0x1F13
mem[X,0x000000008000174E] -> 0x00BF
[1496] [M]: 0x000000008000174C (0x00BF1F13) slli t5, t5, 0xb
x30 <- 0xFFFFFFEFF8040000

mem[X,0x0000000080001750] -> 0x0F13
mem[X,0x0000000080001752] -> 0x555F
[1497] [M]: 0x0000000080001750 (0x555F0F13) addi t5, t5, 0x555
x30 <- 0xFFFFFFEFF8040555

mem[X,0x0000000080001754] -> 0x1F13
mem[X,0x0000000080001756] -> 0x00BF
[1498] [M]: 0x0000000080001754 (0x00BF1F13) slli t5, t5, 0xb
x30 <- 0xFFFF7FC0202AA800

mem[X,0x0000000080001758] -> 0x0F13
mem[X,0x000000008000175A] -> 0x2AAF
[1499] [M]: 0x0000000080001758 (0x2AAF0F13) addi t5, t5, 0x2aa
x30 <- 0xFFFF7FC0202AAAAA

clint::tick mtime <- 0x000000000000000F
 clint timer pending at mtime 0x000000000000000F
htif::tick 0x0000000000000000
mem[X,0x000000008000175C] -> 0x1F13
mem[X,0x000000008000175E] -> 0x00AF
[1500] [M]: 0x000000008000175C (0x00AF1F13) slli t5, t5, 0xa
x30 <- 0xFDFF0080AAAAA800

mem[X,0x0000000080001760] -> 0x0F13
mem[X,0x0000000080001762] -> 0x2AAF
[1501] [M]: 0x0000000080001760 (0x2AAF0F13) addi t5, t5, 0x2aa
x30 <- 0xFDFF0080AAAAAAAA

mem[X,0x0000000080001764] -> 0x0EB7
mem[X,0x0000000080001766] -> 0xFFFF
[1502] [M]: 0x0000000080001764 (0xFFFF0EB7) lui t4, -0x10
x29 <- 0xFFFFFFFFFFFF0000

mem[X,0x0000000080001768] -> 0x8E93
mem[X,0x000000008000176A] -> 0xFFDE
[1503] [M]: 0x0000000080001768 (0xFFDE8E93) addi t4, t4, -0x3
x29 <- 0xFFFFFFFFFFFEFFFD

mem[X,0x000000008000176C] -> 0x9E93
mem[X,0x000000008000176E] -> 0x00BE
[1504] [M]: 0x000000008000176C (0x00BE9E93) slli t4, t4, 0xb
x29 <- 0xFFFFFFFFF7FFE800

mem[X,0x0000000080001770] -> 0x8E93
mem[X,0x0000000080001772] -> 0x6FFE
[1505] [M]: 0x0000000080001770 (0x6FFE8E93) addi t4, t4, 0x6ff
x29 <- 0xFFFFFFFFF7FFEEFF

mem[X,0x0000000080001774] -> 0x9E93
mem[X,0x0000000080001776] -> 0x00BE
[1506] [M]: 0x0000000080001774 (0x00BE9E93) slli t4, t4, 0xb
x29 <- 0xFFFFFFBFFF77F800

mem[X,0x0000000080001778] -> 0x8E93
mem[X,0x000000008000177A] -> 0x7FFE
[1507] [M]: 0x0000000080001778 (0x7FFE8E93) addi t4, t4, 0x7ff
x29 <- 0xFFFFFFBFFF77FFFF

mem[X,0x000000008000177C] -> 0x9E93
mem[X,0x000000008000177E] -> 0x00AE
[1508] [M]: 0x000000008000177C (0x00AE9E93) slli t4, t4, 0xa
x29 <- 0xFFFEFFFDDFFFFC00

mem[X,0x0000000080001780] -> 0x8E93
mem[X,0x0000000080001782] -> 0x3FAE
[1509] [M]: 0x0000000080001780 (0x3FAE8E93) addi t4, t4, 0x3fa
x29 <- 0xFFFEFFFDDFFFFFFA

mem[X,0x0000000080001784] -> 0x0FBB
mem[X,0x0000000080001786] -> 0xE9DF
[1510] [M]: 0x0000000080001784 (0xE9DF0FBB) pdifu.h t6, t5, t4
x31 <- 0x01FF008335555550

mem[X,0x0000000080001788] -> 0xB023
mem[X,0x000000008000178A] -> 0x19F0
[1511] [M]: 0x0000000080001788 (0x19F0B023) sd t6, 0x180(ra)
mem[0x0000000080004380] <- 0x01FF008335555550

mem[X,0x000000008000178C] -> 0x0F37
mem[X,0x000000008000178E] -> 0x8000
[1512] [M]: 0x000000008000178C (0x80000F37) lui t5, -0x80000
x30 <- 0xFFFFFFFF80000000

mem[X,0x0000000080001790] -> 0x0F13
mem[X,0x0000000080001792] -> 0x001F
[1513] [M]: 0x0000000080001790 (0x001F0F13) addi t5, t5, 0x1
x30 <- 0xFFFFFFFF80000001

mem[X,0x0000000080001794] -> 0x1F13
mem[X,0x0000000080001796] -> 0x00BF
[1514] [M]: 0x0000000080001794 (0x00BF1F13) slli t5, t5, 0xb
x30 <- 0xFFFFFC0000000800

mem[X,0x0000000080001798] -> 0x0F13
mem[X,0x000000008000179A] -> 0x7FFF
[1515] [M]: 0x0000000080001798 (0x7FFF0F13) addi t5, t5, 0x7ff
x30 <- 0xFFFFFC0000000FFF

mem[X,0x000000008000179C] -> 0x1F13
mem[X,0x000000008000179E] -> 0x00BF
[1516] [M]: 0x000000008000179C (0x00BF1F13) slli t5, t5, 0xb
x30 <- 0xFFE00000007FF800

mem[X,0x00000000800017A0] -> 0x0F13
mem[X,0x00000000800017A2] -> 0x3FFF
[1517] [M]: 0x00000000800017A0 (0x3FFF0F13) addi t5, t5, 0x3ff
x30 <- 0xFFE00000007FFBFF

mem[X,0x00000000800017A4] -> 0x1F13
mem[X,0x00000000800017A6] -> 0x00AF
[1518] [M]: 0x00000000800017A4 (0x00AF1F13) slli t5, t5, 0xa
x30 <- 0x80000001FFEFFC00

mem[X,0x00000000800017A8] -> 0x0F13
mem[X,0x00000000800017AA] -> 0x2FFF
[1519] [M]: 0x00000000800017A8 (0x2FFF0F13) addi t5, t5, 0x2ff
x30 <- 0x80000001FFEFFEFF

mem[X,0x00000000800017AC] -> 0x0EB7
mem[X,0x00000000800017AE] -> 0x0009
[1520] [M]: 0x00000000800017AC (0x00090EB7) lui t4, 0x90
x29 <- 0x0000000000090000

mem[X,0x00000000800017B0] -> 0x8E93
mem[X,0x00000000800017B2] -> 0x200E
[1521] [M]: 0x00000000800017B0 (0x200E8E93) addi t4, t4, 0x200
x29 <- 0x0000000000090200

mem[X,0x00000000800017B4] -> 0x9E93
mem[X,0x00000000800017B6] -> 0x00BE
[1522] [M]: 0x00000000800017B4 (0x00BE9E93) slli t4, t4, 0xb
x29 <- 0x0000000048100000

mem[X,0x00000000800017B8] -> 0x8E93
mem[X,0x00000000800017BA] -> 0x001E
[1523] [M]: 0x00000000800017B8 (0x001E8E93) addi t4, t4, 0x1
x29 <- 0x0000000048100001

mem[X,0x00000000800017BC] -> 0x9E93
mem[X,0x00000000800017BE] -> 0x00BE
[1524] [M]: 0x00000000800017BC (0x00BE9E93) slli t4, t4, 0xb
x29 <- 0x0000024080000800

mem[X,0x00000000800017C0] -> 0x8E93
mem[X,0x00000000800017C2] -> 0x01FE
[1525] [M]: 0x00000000800017C0 (0x01FE8E93) addi t4, t4, 0x1f
x29 <- 0x000002408000081F

mem[X,0x00000000800017C4] -> 0x9E93
mem[X,0x00000000800017C6] -> 0x00AE
[1526] [M]: 0x00000000800017C4 (0x00AE9E93) slli t4, t4, 0xa
x29 <- 0x0009020000207C00

mem[X,0x00000000800017C8] -> 0x8E93
mem[X,0x00000000800017CA] -> 0x3FFE
[1527] [M]: 0x00000000800017C8 (0x3FFE8E93) addi t4, t4, 0x3ff
x29 <- 0x0009020000207FFF

mem[X,0x00000000800017CC] -> 0x0FBB
mem[X,0x00000000800017CE] -> 0xE9DF
[1528] [M]: 0x00000000800017CC (0xE9DF0FBB) pdifu.h t6, t5, t4
x31 <- 0x7FF701FF00317F00

mem[X,0x00000000800017D0] -> 0xB423
mem[X,0x00000000800017D2] -> 0x19F0
[1529] [M]: 0x00000000800017D0 (0x19F0B423) sd t6, 0x188(ra)
mem[0x0000000080004388] <- 0x7FF701FF00317F00

mem[X,0x00000000800017D4] -> 0x0F37
mem[X,0x00000000800017D6] -> 0xFFE0
[1530] [M]: 0x00000000800017D4 (0xFFE00F37) lui t5, -0x200
x30 <- 0xFFFFFFFFFFE00000

mem[X,0x00000000800017D8] -> 0x0F13
mem[X,0x00000000800017DA] -> 0xFF6F
[1531] [M]: 0x00000000800017D8 (0xFF6F0F13) addi t5, t5, -0xa
x30 <- 0xFFFFFFFFFFDFFFF6

mem[X,0x00000000800017DC] -> 0x1F13
mem[X,0x00000000800017DE] -> 0x00BF
[1532] [M]: 0x00000000800017DC (0x00BF1F13) slli t5, t5, 0xb
x30 <- 0xFFFFFFFEFFFFB000

mem[X,0x00000000800017E0] -> 0x0F13
mem[X,0x00000000800017E2] -> 0x7FDF
[1533] [M]: 0x00000000800017E0 (0x7FDF0F13) addi t5, t5, 0x7fd
x30 <- 0xFFFFFFFEFFFFB7FD

mem[X,0x00000000800017E4] -> 0x1F13
mem[X,0x00000000800017E6] -> 0x00BF
[1534] [M]: 0x00000000800017E4 (0x00BF1F13) slli t5, t5, 0xb
x30 <- 0xFFFFF7FFFDBFE800

mem[X,0x00000000800017E8] -> 0x0F13
mem[X,0x00000000800017EA] -> 0x7FFF
[1535] [M]: 0x00000000800017E8 (0x7FFF0F13) addi t5, t5, 0x7ff
x30 <- 0xFFFFF7FFFDBFEFFF

mem[X,0x00000000800017EC] -> 0x1F13
mem[X,0x00000000800017EE] -> 0x00AF
[1536] [M]: 0x00000000800017EC (0x00AF1F13) slli t5, t5, 0xa
x30 <- 0xFFDFFFF6FFBFFC00

mem[X,0x00000000800017F0] -> 0x0F13
mem[X,0x00000000800017F2] -> 0x3F9F
[1537] [M]: 0x00000000800017F0 (0x3F9F0F13) addi t5, t5, 0x3f9
x30 <- 0xFFDFFFF6FFBFFFF9

mem[X,0x00000000800017F4] -> 0x0EB7
mem[X,0x00000000800017F6] -> 0xFFDF
[1538] [M]: 0x00000000800017F4 (0xFFDF0EB7) lui t4, -0x210
x29 <- 0xFFFFFFFFFFDF0000

mem[X,0x00000000800017F8] -> 0x8E93
mem[X,0x00000000800017FA] -> 0x010E
[1539] [M]: 0x00000000800017F8 (0x010E8E93) addi t4, t4, 0x10
x29 <- 0xFFFFFFFFFFDF0010

mem[X,0x00000000800017FC] -> 0x9E93
mem[X,0x00000000800017FE] -> 0x00BE
[1540] [M]: 0x00000000800017FC (0x00BE9E93) slli t4, t4, 0xb
x29 <- 0xFFFFFFFEF8008000

mem[X,0x0000000080001800] -> 0x8E93
mem[X,0x0000000080001802] -> 0x7DFE
[1541] [M]: 0x0000000080001800 (0x7DFE8E93) addi t4, t4, 0x7df
x29 <- 0xFFFFFFFEF80087DF

mem[X,0x0000000080001804] -> 0x9E93
mem[X,0x0000000080001806] -> 0x00BE
[1542] [M]: 0x0000000080001804 (0x00BE9E93) slli t4, t4, 0xb
x29 <- 0xFFFFF7C0043EF800

mem[X,0x0000000080001808] -> 0x8E93
mem[X,0x000000008000180A] -> 0x7C0E
[1543] [M]: 0x0000000080001808 (0x7C0E8E93) addi t4, t4, 0x7c0
x29 <- 0xFFFFF7C0043EFFC0

mem[X,0x000000008000180C] -> 0x9E93
mem[X,0x000000008000180E] -> 0x00AE
[1544] [M]: 0x000000008000180C (0x00AE9E93) slli t4, t4, 0xa
x29 <- 0xFFDF0010FBFF0000

mem[X,0x0000000080001810] -> 0x0FBB
mem[X,0x0000000080001812] -> 0xE9DF
[1545] [M]: 0x0000000080001810 (0xE9DF0FBB) pdifu.h t6, t5, t4
x31 <- 0x0000001A03C00007

mem[X,0x0000000080001814] -> 0xB823
mem[X,0x0000000080001816] -> 0x19F0
[1546] [M]: 0x0000000080001814 (0x19F0B823) sd t6, 0x190(ra)
mem[0x0000000080004390] <- 0x0000001A03C00007

mem[X,0x0000000080001818] -> 0x1F37
mem[X,0x000000008000181A] -> 0x0400
[1547] [M]: 0x0000000080001818 (0x04001F37) lui t5, 0x4001
x30 <- 0x0000000004001000

mem[X,0x000000008000181C] -> 0x0F13
mem[X,0x000000008000181E] -> 0x000F
[1548] [M]: 0x000000008000181C (0x000F0F13) addi t5, t5, 0x0
x30 <- 0x0000000004001000

mem[X,0x0000000080001820] -> 0x1F13
mem[X,0x0000000080001822] -> 0x00BF
[1549] [M]: 0x0000000080001820 (0x00BF1F13) slli t5, t5, 0xb
x30 <- 0x0000002000800000

mem[X,0x0000000080001824] -> 0x0F13
mem[X,0x0000000080001826] -> 0x080F
[1550] [M]: 0x0000000080001824 (0x080F0F13) addi t5, t5, 0x80
x30 <- 0x0000002000800080

mem[X,0x0000000080001828] -> 0x1F13
mem[X,0x000000008000182A] -> 0x00BF
[1551] [M]: 0x0000000080001828 (0x00BF1F13) slli t5, t5, 0xb
x30 <- 0x0001000400040000

mem[X,0x000000008000182C] -> 0x0F13
mem[X,0x000000008000182E] -> 0x03FF
[1552] [M]: 0x000000008000182C (0x03FF0F13) addi t5, t5, 0x3f
x30 <- 0x000100040004003F

mem[X,0x0000000080001830] -> 0x1F13
mem[X,0x0000000080001832] -> 0x00AF
[1553] [M]: 0x0000000080001830 (0x00AF1F13) slli t5, t5, 0xa
x30 <- 0x040010001000FC00

mem[X,0x0000000080001834] -> 0x0F13
mem[X,0x0000000080001836] -> 0x3F6F
[1554] [M]: 0x0000000080001834 (0x3F6F0F13) addi t5, t5, 0x3f6
x30 <- 0x040010001000FFF6

mem[X,0x0000000080001838] -> 0x8EB7
mem[X,0x000000008000183A] -> 0xFFFE
[1555] [M]: 0x0000000080001838 (0xFFFE8EB7) lui t4, -0x18
x29 <- 0xFFFFFFFFFFFE8000

mem[X,0x000000008000183C] -> 0x8E93
mem[X,0x000000008000183E] -> 0x000E
[1556] [M]: 0x000000008000183C (0x000E8E93) addi t4, t4, 0x0
x29 <- 0xFFFFFFFFFFFE8000

mem[X,0x0000000080001840] -> 0x9E93
mem[X,0x0000000080001842] -> 0x00BE
[1557] [M]: 0x0000000080001840 (0x00BE9E93) slli t4, t4, 0xb
x29 <- 0xFFFFFFFFF4000000

mem[X,0x0000000080001844] -> 0x8E93
mem[X,0x0000000080001846] -> 0x002E
[1558] [M]: 0x0000000080001844 (0x002E8E93) addi t4, t4, 0x2
x29 <- 0xFFFFFFFFF4000002

mem[X,0x0000000080001848] -> 0x9E93
mem[X,0x000000008000184A] -> 0x00BE
[1559] [M]: 0x0000000080001848 (0x00BE9E93) slli t4, t4, 0xb
x29 <- 0xFFFFFFA000001000

mem[X,0x000000008000184C] -> 0x8E93
mem[X,0x000000008000184E] -> 0x03FE
[1560] [M]: 0x000000008000184C (0x03FE8E93) addi t4, t4, 0x3f
x29 <- 0xFFFFFFA00000103F

mem[X,0x0000000080001850] -> 0x9E93
mem[X,0x0000000080001852] -> 0x00AE
[1561] [M]: 0x0000000080001850 (0x00AE9E93) slli t4, t4, 0xa
x29 <- 0xFFFE80000040FC00

mem[X,0x0000000080001854] -> 0x8E93
mem[X,0x0000000080001856] -> 0x3F7E
[1562] [M]: 0x0000000080001854 (0x3F7E8E93) addi t4, t4, 0x3f7
x29 <- 0xFFFE80000040FFF7

mem[X,0x0000000080001858] -> 0x0FBB
mem[X,0x000000008000185A] -> 0xE9DF
[1563] [M]: 0x0000000080001858 (0xE9DF0FBB) pdifu.h t6, t5, t4
x31 <- 0x040270000FC00001

mem[X,0x000000008000185C] -> 0xBC23
mem[X,0x000000008000185E] -> 0x19F0
[1564] [M]: 0x000000008000185C (0x19F0BC23) sd t6, 0x198(ra)
mem[0x0000000080004398] <- 0x040270000FC00001

mem[X,0x0000000080001860] -> 0xEF37
mem[X,0x0000000080001862] -> 0x1000
[1565] [M]: 0x0000000080001860 (0x1000EF37) lui t5, 0x1000e
x30 <- 0x000000001000E000

mem[X,0x0000000080001864] -> 0x0F13
mem[X,0x0000000080001866] -> 0xFFFF
[1566] [M]: 0x0000000080001864 (0xFFFF0F13) addi t5, t5, -0x1
x30 <- 0x000000001000DFFF

mem[X,0x0000000080001868] -> 0x1F13
mem[X,0x000000008000186A] -> 0x00BF
[1567] [M]: 0x0000000080001868 (0x00BF1F13) slli t5, t5, 0xb
x30 <- 0x0000008006FFF800

mem[X,0x000000008000186C] -> 0x0F13
mem[X,0x000000008000186E] -> 0x7DFF
[1568] [M]: 0x000000008000186C (0x7DFF0F13) addi t5, t5, 0x7df
x30 <- 0x0000008006FFFFDF

mem[X,0x0000000080001870] -> 0x1F13
mem[X,0x0000000080001872] -> 0x00BF
[1569] [M]: 0x0000000080001870 (0x00BF1F13) slli t5, t5, 0xb
x30 <- 0x00040037FFFEF800

mem[X,0x0000000080001874] -> 0x0F13
mem[X,0x0000000080001876] -> 0x7C0F
[1570] [M]: 0x0000000080001874 (0x7C0F0F13) addi t5, t5, 0x7c0
x30 <- 0x00040037FFFEFFC0

mem[X,0x0000000080001878] -> 0x1F13
mem[X,0x000000008000187A] -> 0x00AF
[1571] [M]: 0x0000000080001878 (0x00AF1F13) slli t5, t5, 0xa
x30 <- 0x1000DFFFFBFF0000

mem[X,0x000000008000187C] -> 0x0F13
mem[X,0x000000008000187E] -> 0x010F
[1572] [M]: 0x000000008000187C (0x010F0F13) addi t5, t5, 0x10
x30 <- 0x1000DFFFFBFF0010

mem[X,0x0000000080001880] -> 0x0EB7
mem[X,0x0000000080001882] -> 0x0007
[1573] [M]: 0x0000000080001880 (0x00070EB7) lui t4, 0x70
x29 <- 0x0000000000070000

mem[X,0x0000000080001884] -> 0x8E93
mem[X,0x0000000080001886] -> 0xFFFE
[1574] [M]: 0x0000000080001884 (0xFFFE8E93) addi t4, t4, -0x1
x29 <- 0x000000000006FFFF

mem[X,0x0000000080001888] -> 0x9E93
mem[X,0x000000008000188A] -> 0x00BE
[1575] [M]: 0x0000000080001888 (0x00BE9E93) slli t4, t4, 0xb
x29 <- 0x0000000037FFF800

mem[X,0x000000008000188C] -> 0x8E93
mem[X,0x000000008000188E] -> 0x000E
[1576] [M]: 0x000000008000188C (0x000E8E93) addi t4, t4, 0x0
x29 <- 0x0000000037FFF800

mem[X,0x0000000080001890] -> 0x9E93
mem[X,0x0000000080001892] -> 0x00BE
[1577] [M]: 0x0000000080001890 (0x00BE9E93) slli t4, t4, 0xb
x29 <- 0x000001BFFFC00000

mem[X,0x0000000080001894] -> 0x8E93
mem[X,0x0000000080001896] -> 0x23BE
[1578] [M]: 0x0000000080001894 (0x23BE8E93) addi t4, t4, 0x23b
x29 <- 0x000001BFFFC0023B

mem[X,0x0000000080001898] -> 0x9E93
mem[X,0x000000008000189A] -> 0x00AE
[1579] [M]: 0x0000000080001898 (0x00AE9E93) slli t4, t4, 0xa
x29 <- 0x0006FFFF0008EC00

mem[X,0x000000008000189C] -> 0x8E93
mem[X,0x000000008000189E] -> 0x3FFE
[1580] [M]: 0x000000008000189C (0x3FFE8E93) addi t4, t4, 0x3ff
x29 <- 0x0006FFFF0008EFFF

mem[X,0x00000000800018A0] -> 0x0FBB
mem[X,0x00000000800018A2] -> 0xE9DF
[1581] [M]: 0x00000000800018A0 (0xE9DF0FBB) pdifu.h t6, t5, t4
x31 <- 0x0FFA200004091011

mem[X,0x00000000800018A4] -> 0xB023
mem[X,0x00000000800018A6] -> 0x1BF0
[1582] [M]: 0x00000000800018A4 (0x1BF0B023) sd t6, 0x1a0(ra)
mem[0x00000000800043A0] <- 0x0FFA200004091011

mem[X,0x00000000800018A8] -> 0x0F37
mem[X,0x00000000800018AA] -> 0x2001
[1583] [M]: 0x00000000800018A8 (0x20010F37) lui t5, 0x20010
x30 <- 0x0000000020010000

mem[X,0x00000000800018AC] -> 0x0F13
mem[X,0x00000000800018AE] -> 0xFFDF
[1584] [M]: 0x00000000800018AC (0xFFDF0F13) addi t5, t5, -0x3
x30 <- 0x000000002000FFFD

mem[X,0x00000000800018B0] -> 0x1F13
mem[X,0x00000000800018B2] -> 0x00BF
[1585] [M]: 0x00000000800018B0 (0x00BF1F13) slli t5, t5, 0xb
x30 <- 0x0000010007FFE800

mem[X,0x00000000800018B4] -> 0x0F13
mem[X,0x00000000800018B6] -> 0x000F
[1586] [M]: 0x00000000800018B4 (0x000F0F13) addi t5, t5, 0x0
x30 <- 0x0000010007FFE800

mem[X,0x00000000800018B8] -> 0x1F13
mem[X,0x00000000800018BA] -> 0x00BF
[1587] [M]: 0x00000000800018B8 (0x00BF1F13) slli t5, t5, 0xb
x30 <- 0x0008003FFF400000

mem[X,0x00000000800018BC] -> 0x0F13
mem[X,0x00000000800018BE] -> 0x401F
[1588] [M]: 0x00000000800018BC (0x401F0F13) addi t5, t5, 0x401
x30 <- 0x0008003FFF400401

mem[X,0x00000000800018C0] -> 0x1F13
mem[X,0x00000000800018C2] -> 0x00AF
[1589] [M]: 0x00000000800018C0 (0x00AF1F13) slli t5, t5, 0xa
x30 <- 0x2000FFFD00100400

mem[X,0x00000000800018C4] -> 0x0EB7
mem[X,0x00000000800018C6] -> 0x7FFF
[1590] [M]: 0x00000000800018C4 (0x7FFF0EB7) lui t4, 0x7fff0
x29 <- 0x000000007FFF0000

mem[X,0x00000000800018C8] -> 0x8E93
mem[X,0x00000000800018CA] -> 0x020E
[1591] [M]: 0x00000000800018C8 (0x020E8E93) addi t4, t4, 0x20
x29 <- 0x000000007FFF0020

mem[X,0x00000000800018CC] -> 0x9E93
mem[X,0x00000000800018CE] -> 0x00BE
[1592] [M]: 0x00000000800018CC (0x00BE9E93) slli t4, t4, 0xb
x29 <- 0x000003FFF8010000

mem[X,0x00000000800018D0] -> 0x8E93
mem[X,0x00000000800018D2] -> 0x7FDE
[1593] [M]: 0x00000000800018D0 (0x7FDE8E93) addi t4, t4, 0x7fd
x29 <- 0x000003FFF80107FD

mem[X,0x00000000800018D4] -> 0x9E93
mem[X,0x00000000800018D6] -> 0x00BE
[1594] [M]: 0x00000000800018D4 (0x00BE9E93) slli t4, t4, 0xb
x29 <- 0x001FFFC0083FE800

mem[X,0x00000000800018D8] -> 0x8E93
mem[X,0x00000000800018DA] -> 0x7FFE
[1595] [M]: 0x00000000800018D8 (0x7FFE8E93) addi t4, t4, 0x7ff
x29 <- 0x001FFFC0083FEFFF

mem[X,0x00000000800018DC] -> 0x9E93
mem[X,0x00000000800018DE] -> 0x00AE
[1596] [M]: 0x00000000800018DC (0x00AE9E93) slli t4, t4, 0xa
x29 <- 0x7FFF0020FFBFFC00

mem[X,0x00000000800018E0] -> 0x8E93
mem[X,0x00000000800018E2] -> 0x37FE
[1597] [M]: 0x00000000800018E0 (0x37FE8E93) addi t4, t4, 0x37f
x29 <- 0x7FFF0020FFBFFF7F

mem[X,0x00000000800018E4] -> 0x0FBB
mem[X,0x00000000800018E6] -> 0xE9DF
[1598] [M]: 0x00000000800018E4 (0xE9DF0FBB) pdifu.h t6, t5, t4
x31 <- 0x5FFF002300510481

mem[X,0x00000000800018E8] -> 0xB423
mem[X,0x00000000800018EA] -> 0x1BF0
[1599] [M]: 0x00000000800018E8 (0x1BF0B423) sd t6, 0x1a8(ra)
mem[0x00000000800043A8] <- 0x5FFF002300510481

clint::tick mtime <- 0x0000000000000010
 clint timer pending at mtime 0x0000000000000010
htif::tick 0x0000000000000000
mem[X,0x00000000800018EC] -> 0x0F37
mem[X,0x00000000800018EE] -> 0xFBFF
[1600] [M]: 0x00000000800018EC (0xFBFF0F37) lui t5, -0x4010
x30 <- 0xFFFFFFFFFBFF0000

mem[X,0x00000000800018F0] -> 0x0F13
mem[X,0x00000000800018F2] -> 0x000F
[1601] [M]: 0x00000000800018F0 (0x000F0F13) addi t5, t5, 0x0
x30 <- 0xFFFFFFFFFBFF0000

mem[X,0x00000000800018F4] -> 0x1F13
mem[X,0x00000000800018F6] -> 0x00BF
[1602] [M]: 0x00000000800018F4 (0x00BF1F13) slli t5, t5, 0xb
x30 <- 0xFFFFFFDFF8000000

mem[X,0x00000000800018F8] -> 0x0F13
mem[X,0x00000000800018FA] -> 0x7FEF
[1603] [M]: 0x00000000800018F8 (0x7FEF0F13) addi t5, t5, 0x7fe
x30 <- 0xFFFFFFDFF80007FE

mem[X,0x00000000800018FC] -> 0x1F13
mem[X,0x00000000800018FE] -> 0x00BF
[1604] [M]: 0x00000000800018FC (0x00BF1F13) slli t5, t5, 0xb
x30 <- 0xFFFEFFC0003FF000

mem[X,0x0000000080001900] -> 0x0F13
mem[X,0x0000000080001902] -> 0x7FFF
[1605] [M]: 0x0000000080001900 (0x7FFF0F13) addi t5, t5, 0x7ff
x30 <- 0xFFFEFFC0003FF7FF

mem[X,0x0000000080001904] -> 0x1F13
mem[X,0x0000000080001906] -> 0x00AF
[1606] [M]: 0x0000000080001904 (0x00AF1F13) slli t5, t5, 0xa
x30 <- 0xFBFF0000FFDFFC00

mem[X,0x0000000080001908] -> 0x0F13
mem[X,0x000000008000190A] -> 0x37FF
[1607] [M]: 0x0000000080001908 (0x37FF0F13) addi t5, t5, 0x37f
x30 <- 0xFBFF0000FFDFFF7F

mem[X,0x000000008000190C] -> 0x0EB7
mem[X,0x000000008000190E] -> 0xFFFB
[1608] [M]: 0x000000008000190C (0xFFFB0EB7) lui t4, -0x50
x29 <- 0xFFFFFFFFFFFB0000

mem[X,0x0000000080001910] -> 0x8E93
mem[X,0x0000000080001912] -> 0x040E
[1609] [M]: 0x0000000080001910 (0x040E8E93) addi t4, t4, 0x40
x29 <- 0xFFFFFFFFFFFB0040

mem[X,0x0000000080001914] -> 0x9E93
mem[X,0x0000000080001916] -> 0x00BE
[1610] [M]: 0x0000000080001914 (0x00BE9E93) slli t4, t4, 0xb
x29 <- 0xFFFFFFFFD8020000

mem[X,0x0000000080001918] -> 0x8E93
mem[X,0x000000008000191A] -> 0x7DFE
[1611] [M]: 0x0000000080001918 (0x7DFE8E93) addi t4, t4, 0x7df
x29 <- 0xFFFFFFFFD80207DF

mem[X,0x000000008000191C] -> 0x9E93
mem[X,0x000000008000191E] -> 0x00BE
[1612] [M]: 0x000000008000191C (0x00BE9E93) slli t4, t4, 0xb
x29 <- 0xFFFFFEC0103EF800

mem[X,0x0000000080001920] -> 0x8E93
mem[X,0x0000000080001922] -> 0x7C0E
[1613] [M]: 0x0000000080001920 (0x7C0E8E93) addi t4, t4, 0x7c0
x29 <- 0xFFFFFEC0103EFFC0

mem[X,0x0000000080001924] -> 0x9E93
mem[X,0x0000000080001926] -> 0x00AE
[1614] [M]: 0x0000000080001924 (0x00AE9E93) slli t4, t4, 0xa
x29 <- 0xFFFB0040FBFF0000

mem[X,0x0000000080001928] -> 0x8E93
mem[X,0x000000008000192A] -> 0x008E
[1615] [M]: 0x0000000080001928 (0x008E8E93) addi t4, t4, 0x8
x29 <- 0xFFFB0040FBFF0008

mem[X,0x000000008000192C] -> 0x0FBB
mem[X,0x000000008000192E] -> 0xE9DF
[1616] [M]: 0x000000008000192C (0xE9DF0FBB) pdifu.h t6, t5, t4
x31 <- 0x03FC004003E00089

mem[X,0x0000000080001930] -> 0xB823
mem[X,0x0000000080001932] -> 0x1BF0
[1617] [M]: 0x0000000080001930 (0x1BF0B823) sd t6, 0x1b0(ra)
mem[0x00000000800043B0] <- 0x03FC004003E00089

mem[X,0x0000000080001934] -> 0x0F37
mem[X,0x0000000080001936] -> 0xDFFF
[1618] [M]: 0x0000000080001934 (0xDFFF0F37) lui t5, -0x20010
x30 <- 0xFFFFFFFFDFFF0000

mem[X,0x0000000080001938] -> 0x0F13
mem[X,0x000000008000193A] -> 0x007F
[1619] [M]: 0x0000000080001938 (0x007F0F13) addi t5, t5, 0x7
x30 <- 0xFFFFFFFFDFFF0007

mem[X,0x000000008000193C] -> 0x1F13
mem[X,0x000000008000193E] -> 0x00BF
[1620] [M]: 0x000000008000193C (0x00BF1F13) slli t5, t5, 0xb
x30 <- 0xFFFFFEFFF8003800

mem[X,0x0000000080001940] -> 0x0F13
mem[X,0x0000000080001942] -> 0x7FFF
[1621] [M]: 0x0000000080001940 (0x7FFF0F13) addi t5, t5, 0x7ff
x30 <- 0xFFFFFEFFF8003FFF

mem[X,0x0000000080001944] -> 0x1F13
mem[X,0x0000000080001946] -> 0x00BF
[1622] [M]: 0x0000000080001944 (0x00BF1F13) slli t5, t5, 0xb
x30 <- 0xFFF7FFC001FFF800

mem[X,0x0000000080001948] -> 0x0F13
mem[X,0x000000008000194A] -> 0x6C0F
[1623] [M]: 0x0000000080001948 (0x6C0F0F13) addi t5, t5, 0x6c0
x30 <- 0xFFF7FFC001FFFEC0

mem[X,0x000000008000194C] -> 0x1F13
mem[X,0x000000008000194E] -> 0x00AF
[1624] [M]: 0x000000008000194C (0x00AF1F13) slli t5, t5, 0xa
x30 <- 0xDFFF0007FFFB0000

mem[X,0x0000000080001950] -> 0x0F13
mem[X,0x0000000080001952] -> 0x008F
[1625] [M]: 0x0000000080001950 (0x008F0F13) addi t5, t5, 0x8
x30 <- 0xDFFF0007FFFB0008

mem[X,0x0000000080001954] -> 0x0EB7
mem[X,0x0000000080001956] -> 0xFFFC
[1626] [M]: 0x0000000080001954 (0xFFFC0EB7) lui t4, -0x40
x29 <- 0xFFFFFFFFFFFC0000

mem[X,0x0000000080001958] -> 0x8E93
mem[X,0x000000008000195A] -> 0x100E
[1627] [M]: 0x0000000080001958 (0x100E8E93) addi t4, t4, 0x100
x29 <- 0xFFFFFFFFFFFC0100

mem[X,0x000000008000195C] -> 0x9E93
mem[X,0x000000008000195E] -> 0x00BE
[1628] [M]: 0x000000008000195C (0x00BE9E93) slli t4, t4, 0xb
x29 <- 0xFFFFFFFFE0080000

mem[X,0x0000000080001960] -> 0x8E93
mem[X,0x0000000080001962] -> 0x000E
[1629] [M]: 0x0000000080001960 (0x000E8E93) addi t4, t4, 0x0
x29 <- 0xFFFFFFFFE0080000

mem[X,0x0000000080001964] -> 0x9E93
mem[X,0x0000000080001966] -> 0x00BE
[1630] [M]: 0x0000000080001964 (0x00BE9E93) slli t4, t4, 0xb
x29 <- 0xFFFFFF0040000000

mem[X,0x0000000080001968] -> 0x8E93
mem[X,0x000000008000196A] -> 0x248E
[1631] [M]: 0x0000000080001968 (0x248E8E93) addi t4, t4, 0x248
x29 <- 0xFFFFFF0040000248

mem[X,0x000000008000196C] -> 0x9E93
mem[X,0x000000008000196E] -> 0x00AE
[1632] [M]: 0x000000008000196C (0x00AE9E93) slli t4, t4, 0xa
x29 <- 0xFFFC010000092000

mem[X,0x0000000080001970] -> 0x0FBB
mem[X,0x0000000080001972] -> 0xE9DF
[1633] [M]: 0x0000000080001970 (0xE9DF0FBB) pdifu.h t6, t5, t4
x31 <- 0x1FFD00F9000E1FF8

mem[X,0x0000000080001974] -> 0xBC23
mem[X,0x0000000080001976] -> 0x1BF0
[1634] [M]: 0x0000000080001974 (0x1BF0BC23) sd t6, 0x1b8(ra)
mem[0x00000000800043B8] <- 0x1FFD00F9000E1FF8

mem[X,0x0000000080001978] -> 0x4F37
mem[X,0x000000008000197A] -> 0xFFF6
[1635] [M]: 0x0000000080001978 (0xFFF64F37) lui t5, -0x9c
x30 <- 0xFFFFFFFFFFF64000

mem[X,0x000000008000197C] -> 0x0F13
mem[X,0x000000008000197E] -> 0x000F
[1636] [M]: 0x000000008000197C (0x000F0F13) addi t5, t5, 0x0
x30 <- 0xFFFFFFFFFFF64000

mem[X,0x0000000080001980] -> 0x1F13
mem[X,0x0000000080001982] -> 0x00BF
[1637] [M]: 0x0000000080001980 (0x00BF1F13) slli t5, t5, 0xb
x30 <- 0xFFFFFFFFB2000000

mem[X,0x0000000080001984] -> 0x0F13
mem[X,0x0000000080001986] -> 0x3FFF
[1638] [M]: 0x0000000080001984 (0x3FFF0F13) addi t5, t5, 0x3ff
x30 <- 0xFFFFFFFFB20003FF

mem[X,0x0000000080001988] -> 0x1F13
mem[X,0x000000008000198A] -> 0x00BF
[1639] [M]: 0x0000000080001988 (0x00BF1F13) slli t5, t5, 0xb
x30 <- 0xFFFFFD90001FF800

mem[X,0x000000008000198C] -> 0x0F13
mem[X,0x000000008000198E] -> 0x7C0F
[1640] [M]: 0x000000008000198C (0x7C0F0F13) addi t5, t5, 0x7c0
x30 <- 0xFFFFFD90001FFFC0

mem[X,0x0000000080001990] -> 0x1F13
mem[X,0x0000000080001992] -> 0x00AF
[1641] [M]: 0x0000000080001990 (0x00AF1F13) slli t5, t5, 0xa
x30 <- 0xFFF640007FFF0000

mem[X,0x0000000080001994] -> 0x0F13
mem[X,0x0000000080001996] -> 0x010F
[1642] [M]: 0x0000000080001994 (0x010F0F13) addi t5, t5, 0x10
x30 <- 0xFFF640007FFF0010

mem[X,0x0000000080001998] -> 0xEEB7
mem[X,0x000000008000199A] -> 0x0200
[1643] [M]: 0x0000000080001998 (0x0200EEB7) lui t4, 0x200e
x29 <- 0x000000000200E000

mem[X,0x000000008000199C] -> 0x8E93
mem[X,0x000000008000199E] -> 0xFFFE
[1644] [M]: 0x000000008000199C (0xFFFE8E93) addi t4, t4, -0x1
x29 <- 0x000000000200DFFF

mem[X,0x00000000800019A0] -> 0x9E93
mem[X,0x00000000800019A2] -> 0x00BE
[1645] [M]: 0x00000000800019A0 (0x00BE9E93) slli t4, t4, 0xb
x29 <- 0x0000001006FFF800

mem[X,0x00000000800019A4] -> 0x8E93
mem[X,0x00000000800019A6] -> 0x004E
[1646] [M]: 0x00000000800019A4 (0x004E8E93) addi t4, t4, 0x4
x29 <- 0x0000001006FFF804

mem[X,0x00000000800019A8] -> 0x9E93
mem[X,0x00000000800019AA] -> 0x00BE
[1647] [M]: 0x00000000800019A8 (0x00BE9E93) slli t4, t4, 0xb
x29 <- 0x00008037FFC02000

mem[X,0x00000000800019AC] -> 0x8E93
mem[X,0x00000000800019AE] -> 0x000E
[1648] [M]: 0x00000000800019AC (0x000E8E93) addi t4, t4, 0x0
x29 <- 0x00008037FFC02000

mem[X,0x00000000800019B0] -> 0x9E93
mem[X,0x00000000800019B2] -> 0x00AE
[1649] [M]: 0x00000000800019B0 (0x00AE9E93) slli t4, t4, 0xa
x29 <- 0x0200DFFF00800000

mem[X,0x00000000800019B4] -> 0x8E93
mem[X,0x00000000800019B6] -> 0x002E
[1650] [M]: 0x00000000800019B4 (0x002E8E93) addi t4, t4, 0x2
x29 <- 0x0200DFFF00800002

mem[X,0x00000000800019B8] -> 0x0FBB
mem[X,0x00000000800019BA] -> 0xE9DF
[1651] [M]: 0x00000000800019B8 (0xE9DF0FBB) pdifu.h t6, t5, t4
x31 <- 0x020A60017F7F000E

mem[X,0x00000000800019BC] -> 0xB023
mem[X,0x00000000800019BE] -> 0x1DF0
[1652] [M]: 0x00000000800019BC (0x1DF0B023) sd t6, 0x1c0(ra)
mem[0x00000000800043C0] <- 0x020A60017F7F000E

mem[X,0x00000000800019C0] -> 0x1F37
mem[X,0x00000000800019C2] -> 0x7FFF
[1653] [M]: 0x00000000800019C0 (0x7FFF1F37) lui t5, 0x7fff1
x30 <- 0x000000007FFF1000

mem[X,0x00000000800019C4] -> 0x0F13
mem[X,0x00000000800019C6] -> 0x800F
[1654] [M]: 0x00000000800019C4 (0x800F0F13) addi t5, t5, -0x800
x30 <- 0x000000007FFF0800

mem[X,0x00000000800019C8] -> 0x1F13
mem[X,0x00000000800019CA] -> 0x00BF
[1655] [M]: 0x00000000800019C8 (0x00BF1F13) slli t5, t5, 0xb
x30 <- 0x000003FFF8400000

mem[X,0x00000000800019CC] -> 0x0F13
mem[X,0x00000000800019CE] -> 0x100F
[1656] [M]: 0x00000000800019CC (0x100F0F13) addi t5, t5, 0x100
x30 <- 0x000003FFF8400100

mem[X,0x00000000800019D0] -> 0x1F13
mem[X,0x00000000800019D2] -> 0x00BF
[1657] [M]: 0x00000000800019D0 (0x00BF1F13) slli t5, t5, 0xb
x30 <- 0x001FFFC200080000

mem[X,0x00000000800019D4] -> 0x0F13
mem[X,0x00000000800019D6] -> 0x002F
[1658] [M]: 0x00000000800019D4 (0x002F0F13) addi t5, t5, 0x2
x30 <- 0x001FFFC200080002

mem[X,0x00000000800019D8] -> 0x1F13
mem[X,0x00000000800019DA] -> 0x00AF
[1659] [M]: 0x00000000800019D8 (0x00AF1F13) slli t5, t5, 0xa
x30 <- 0x7FFF080020000800

mem[X,0x00000000800019DC] -> 0x1EB7
mem[X,0x00000000800019DE] -> 0x3FFF
[1660] [M]: 0x00000000800019DC (0x3FFF1EB7) lui t4, 0x3fff1
x29 <- 0x000000003FFF1000

mem[X,0x00000000800019E0] -> 0x8E93
mem[X,0x00000000800019E2] -> 0x800E
[1661] [M]: 0x00000000800019E0 (0x800E8E93) addi t4, t4, -0x800
x29 <- 0x000000003FFF0800

mem[X,0x00000000800019E4] -> 0x9E93
mem[X,0x00000000800019E6] -> 0x00BE
[1662] [M]: 0x00000000800019E4 (0x00BE9E93) slli t4, t4, 0xb
x29 <- 0x000001FFF8400000

mem[X,0x00000000800019E8] -> 0x8E93
mem[X,0x00000000800019EA] -> 0x5FFE
[1663] [M]: 0x00000000800019E8 (0x5FFE8E93) addi t4, t4, 0x5ff
x29 <- 0x000001FFF84005FF

mem[X,0x00000000800019EC] -> 0x9E93
mem[X,0x00000000800019EE] -> 0x00BE
[1664] [M]: 0x00000000800019EC (0x00BE9E93) slli t4, t4, 0xb
x29 <- 0x000FFFC2002FF800

mem[X,0x00000000800019F0] -> 0x8E93
mem[X,0x00000000800019F2] -> 0x7C1E
[1665] [M]: 0x00000000800019F0 (0x7C1E8E93) addi t4, t4, 0x7c1
x29 <- 0x000FFFC2002FFFC1

mem[X,0x00000000800019F4] -> 0x9E93
mem[X,0x00000000800019F6] -> 0x00AE
[1666] [M]: 0x00000000800019F4 (0x00AE9E93) slli t4, t4, 0xa
x29 <- 0x3FFF0800BFFF0400

mem[X,0x00000000800019F8] -> 0x0FBB
mem[X,0x00000000800019FA] -> 0xE9DF
[1667] [M]: 0x00000000800019F8 (0xE9DF0FBB) pdifu.h t6, t5, t4
x31 <- 0x4000000060010400

mem[X,0x00000000800019FC] -> 0xB423
mem[X,0x00000000800019FE] -> 0x1DF0
[1668] [M]: 0x00000000800019FC (0x1DF0B423) sd t6, 0x1c8(ra)
mem[0x00000000800043C8] <- 0x4000000060010400

mem[X,0x0000000080001A00] -> 0x0F37
mem[X,0x0000000080001A02] -> 0x0800
[1669] [M]: 0x0000000080001A00 (0x08000F37) lui t5, 0x8000
x30 <- 0x0000000008000000

mem[X,0x0000000080001A04] -> 0x0F13
mem[X,0x0000000080001A06] -> 0x006F
[1670] [M]: 0x0000000080001A04 (0x006F0F13) addi t5, t5, 0x6
x30 <- 0x0000000008000006

mem[X,0x0000000080001A08] -> 0x1F13
mem[X,0x0000000080001A0A] -> 0x00BF
[1671] [M]: 0x0000000080001A08 (0x00BF1F13) slli t5, t5, 0xb
x30 <- 0x0000004000003000

mem[X,0x0000000080001A0C] -> 0x0F13
mem[X,0x0000000080001A0E] -> 0x020F
[1672] [M]: 0x0000000080001A0C (0x020F0F13) addi t5, t5, 0x20
x30 <- 0x0000004000003020

mem[X,0x0000000080001A10] -> 0x1F13
mem[X,0x0000000080001A12] -> 0x00BF
[1673] [M]: 0x0000000080001A10 (0x00BF1F13) slli t5, t5, 0xb
x30 <- 0x0002000001810000

mem[X,0x0000000080001A14] -> 0x0F13
mem[X,0x0000000080001A16] -> 0x000F
[1674] [M]: 0x0000000080001A14 (0x000F0F13) addi t5, t5, 0x0
x30 <- 0x0002000001810000

mem[X,0x0000000080001A18] -> 0x1F13
mem[X,0x0000000080001A1A] -> 0x00AF
[1675] [M]: 0x0000000080001A18 (0x00AF1F13) slli t5, t5, 0xa
x30 <- 0x0800000604000000

mem[X,0x0000000080001A1C] -> 0x0F13
mem[X,0x0000000080001A1E] -> 0x200F
[1676] [M]: 0x0000000080001A1C (0x200F0F13) addi t5, t5, 0x200
x30 <- 0x0800000604000200

mem[X,0x0000000080001A20] -> 0x0EB7
mem[X,0x0000000080001A22] -> 0xFFFF
[1677] [M]: 0x0000000080001A20 (0xFFFF0EB7) lui t4, -0x10
x29 <- 0xFFFFFFFFFFFF0000

mem[X,0x0000000080001A24] -> 0x8E93
mem[X,0x0000000080001A26] -> 0xFEFE
[1678] [M]: 0x0000000080001A24 (0xFEFE8E93) addi t4, t4, -0x11
x29 <- 0xFFFFFFFFFFFEFFEF

mem[X,0x0000000080001A28] -> 0x9E93
mem[X,0x0000000080001A2A] -> 0x00BE
[1679] [M]: 0x0000000080001A28 (0x00BE9E93) slli t4, t4, 0xb
x29 <- 0xFFFFFFFFF7FF7800

mem[X,0x0000000080001A2C] -> 0x8E93
mem[X,0x0000000080001A2E] -> 0x3FFE
[1680] [M]: 0x0000000080001A2C (0x3FFE8E93) addi t4, t4, 0x3ff
x29 <- 0xFFFFFFFFF7FF7BFF

mem[X,0x0000000080001A30] -> 0x9E93
mem[X,0x0000000080001A32] -> 0x00BE
[1681] [M]: 0x0000000080001A30 (0x00BE9E93) slli t4, t4, 0xb
x29 <- 0xFFFFFFBFFBDFF800

mem[X,0x0000000080001A34] -> 0x8E93
mem[X,0x0000000080001A36] -> 0x7CFE
[1682] [M]: 0x0000000080001A34 (0x7CFE8E93) addi t4, t4, 0x7cf
x29 <- 0xFFFFFFBFFBDFFFCF

mem[X,0x0000000080001A38] -> 0x9E93
mem[X,0x0000000080001A3A] -> 0x00AE
[1683] [M]: 0x0000000080001A38 (0x00AE9E93) slli t4, t4, 0xa
x29 <- 0xFFFEFFEF7FFF3C00

mem[X,0x0000000080001A3C] -> 0x8E93
mem[X,0x0000000080001A3E] -> 0x3FFE
[1684] [M]: 0x0000000080001A3C (0x3FFE8E93) addi t4, t4, 0x3ff
x29 <- 0xFFFEFFEF7FFF3FFF

mem[X,0x0000000080001A40] -> 0x0FBB
mem[X,0x0000000080001A42] -> 0xE9DF
[1685] [M]: 0x0000000080001A40 (0xE9DF0FBB) pdifu.h t6, t5, t4
x31 <- 0x080200177BFF3DFF

mem[X,0x0000000080001A44] -> 0xB823
mem[X,0x0000000080001A46] -> 0x1DF0
[1686] [M]: 0x0000000080001A44 (0x1DF0B823) sd t6, 0x1d0(ra)
mem[0x00000000800043D0] <- 0x080200177BFF3DFF

mem[X,0x0000000080001A48] -> 0x0F37
mem[X,0x0000000080001A4A] -> 0x0040
[1687] [M]: 0x0000000080001A48 (0x00400F37) lui t5, 0x400
x30 <- 0x0000000000400000

mem[X,0x0000000080001A4C] -> 0x0F13
mem[X,0x0000000080001A4E] -> 0x000F
[1688] [M]: 0x0000000080001A4C (0x000F0F13) addi t5, t5, 0x0
x30 <- 0x0000000000400000

mem[X,0x0000000080001A50] -> 0x1F13
mem[X,0x0000000080001A52] -> 0x00BF
[1689] [M]: 0x0000000080001A50 (0x00BF1F13) slli t5, t5, 0xb
x30 <- 0x0000000200000000

mem[X,0x0000000080001A54] -> 0x0F13
mem[X,0x0000000080001A56] -> 0x7EFF
[1690] [M]: 0x0000000080001A54 (0x7EFF0F13) addi t5, t5, 0x7ef
x30 <- 0x00000002000007EF

mem[X,0x0000000080001A58] -> 0x1F13
mem[X,0x0000000080001A5A] -> 0x00BF
[1691] [M]: 0x0000000080001A58 (0x00BF1F13) slli t5, t5, 0xb
x30 <- 0x00001000003F7800

mem[X,0x0000000080001A5C] -> 0x0F13
mem[X,0x0000000080001A5E] -> 0x7FDF
[1692] [M]: 0x0000000080001A5C (0x7FDF0F13) addi t5, t5, 0x7fd
x30 <- 0x00001000003F7FFD

mem[X,0x0000000080001A60] -> 0x1F13
mem[X,0x0000000080001A62] -> 0x00AF
[1693] [M]: 0x0000000080001A60 (0x00AF1F13) slli t5, t5, 0xa
x30 <- 0x00400000FDFFF400

mem[X,0x0000000080001A64] -> 0x0F13
mem[X,0x0000000080001A66] -> 0x3FFF
[1694] [M]: 0x0000000080001A64 (0x3FFF0F13) addi t5, t5, 0x3ff
x30 <- 0x00400000FDFFF7FF

mem[X,0x0000000080001A68] -> 0x0EB7
mem[X,0x0000000080001A6A] -> 0xFFF9
[1695] [M]: 0x0000000080001A68 (0xFFF90EB7) lui t4, -0x70
x29 <- 0xFFFFFFFFFFF90000

mem[X,0x0000000080001A6C] -> 0x8E93
mem[X,0x0000000080001A6E] -> 0xFF9E
[1696] [M]: 0x0000000080001A6C (0xFF9E8E93) addi t4, t4, -0x7
x29 <- 0xFFFFFFFFFFF8FFF9

mem[X,0x0000000080001A70] -> 0x9E93
mem[X,0x0000000080001A72] -> 0x00BE
[1697] [M]: 0x0000000080001A70 (0x00BE9E93) slli t4, t4, 0xb
x29 <- 0xFFFFFFFFC7FFC800

mem[X,0x0000000080001A74] -> 0x8E93
mem[X,0x0000000080001A76] -> 0x2AAE
[1698] [M]: 0x0000000080001A74 (0x2AAE8E93) addi t4, t4, 0x2aa
x29 <- 0xFFFFFFFFC7FFCAAA

mem[X,0x0000000080001A78] -> 0x9E93
mem[X,0x0000000080001A7A] -> 0x00BE
[1699] [M]: 0x0000000080001A78 (0x00BE9E93) slli t4, t4, 0xb
x29 <- 0xFFFFFE3FFE555000

clint::tick mtime <- 0x0000000000000011
 clint timer pending at mtime 0x0000000000000011
htif::tick 0x0000000000000000
mem[X,0x0000000080001A7C] -> 0x8E93
mem[X,0x0000000080001A7E] -> 0x57FE
[1700] [M]: 0x0000000080001A7C (0x57FE8E93) addi t4, t4, 0x57f
x29 <- 0xFFFFFE3FFE55557F

mem[X,0x0000000080001A80] -> 0x9E93
mem[X,0x0000000080001A82] -> 0x00AE
[1701] [M]: 0x0000000080001A80 (0x00AE9E93) slli t4, t4, 0xa
x29 <- 0xFFF8FFF95555FC00

mem[X,0x0000000080001A84] -> 0x8E93
mem[X,0x0000000080001A86] -> 0x3EFE
[1702] [M]: 0x0000000080001A84 (0x3EFE8E93) addi t4, t4, 0x3ef
x29 <- 0xFFF8FFF95555FFEF

mem[X,0x0000000080001A88] -> 0x0FBB
mem[X,0x0000000080001A8A] -> 0xE9DF
[1703] [M]: 0x0000000080001A88 (0xE9DF0FBB) pdifu.h t6, t5, t4
x31 <- 0x00480007575607F0

mem[X,0x0000000080001A8C] -> 0xBC23
mem[X,0x0000000080001A8E] -> 0x1DF0
[1704] [M]: 0x0000000080001A8C (0x1DF0BC23) sd t6, 0x1d8(ra)
mem[0x00000000800043D8] <- 0x00480007575607F0

mem[X,0x0000000080001A90] -> 0x0F37
mem[X,0x0000000080001A92] -> 0xFEFF
[1705] [M]: 0x0000000080001A90 (0xFEFF0F37) lui t5, -0x1010
x30 <- 0xFFFFFFFFFEFF0000

mem[X,0x0000000080001A94] -> 0x0F13
mem[X,0x0000000080001A96] -> 0x007F
[1706] [M]: 0x0000000080001A94 (0x007F0F13) addi t5, t5, 0x7
x30 <- 0xFFFFFFFFFEFF0007

mem[X,0x0000000080001A98] -> 0x1F13
mem[X,0x0000000080001A9A] -> 0x00BF
[1707] [M]: 0x0000000080001A98 (0x00BF1F13) slli t5, t5, 0xb
x30 <- 0xFFFFFFF7F8003800

mem[X,0x0000000080001A9C] -> 0x0F13
mem[X,0x0000000080001A9E] -> 0x000F
[1708] [M]: 0x0000000080001A9C (0x000F0F13) addi t5, t5, 0x0
x30 <- 0xFFFFFFF7F8003800

mem[X,0x0000000080001AA0] -> 0x1F13
mem[X,0x0000000080001AA2] -> 0x00BF
[1709] [M]: 0x0000000080001AA0 (0x00BF1F13) slli t5, t5, 0xb
x30 <- 0xFFFFBFC001C00000

mem[X,0x0000000080001AA4] -> 0x0F13
mem[X,0x0000000080001AA6] -> 0x000F
[1710] [M]: 0x0000000080001AA4 (0x000F0F13) addi t5, t5, 0x0
x30 <- 0xFFFFBFC001C00000

mem[X,0x0000000080001AA8] -> 0x1F13
mem[X,0x0000000080001AAA] -> 0x00AF
[1711] [M]: 0x0000000080001AA8 (0x00AF1F13) slli t5, t5, 0xa
x30 <- 0xFEFF000700000000

mem[X,0x0000000080001AAC] -> 0x0F13
mem[X,0x0000000080001AAE] -> 0x001F
[1712] [M]: 0x0000000080001AAC (0x001F0F13) addi t5, t5, 0x1
x30 <- 0xFEFF000700000001

mem[X,0x0000000080001AB0] -> 0x1EB7
mem[X,0x0000000080001AB2] -> 0x0006
[1713] [M]: 0x0000000080001AB0 (0x00061EB7) lui t4, 0x61
x29 <- 0x0000000000061000

mem[X,0x0000000080001AB4] -> 0x8E93
mem[X,0x0000000080001AB6] -> 0x000E
[1714] [M]: 0x0000000080001AB4 (0x000E8E93) addi t4, t4, 0x0
x29 <- 0x0000000000061000

mem[X,0x0000000080001AB8] -> 0x9E93
mem[X,0x0000000080001ABA] -> 0x00BE
[1715] [M]: 0x0000000080001AB8 (0x00BE9E93) slli t4, t4, 0xb
x29 <- 0x0000000030800000

mem[X,0x0000000080001ABC] -> 0x8E93
mem[X,0x0000000080001ABE] -> 0x000E
[1716] [M]: 0x0000000080001ABC (0x000E8E93) addi t4, t4, 0x0
x29 <- 0x0000000030800000

mem[X,0x0000000080001AC0] -> 0x9E93
mem[X,0x0000000080001AC2] -> 0x00BE
[1717] [M]: 0x0000000080001AC0 (0x00BE9E93) slli t4, t4, 0xb
x29 <- 0x0000018400000000

mem[X,0x0000000080001AC4] -> 0x8E93
mem[X,0x0000000080001AC6] -> 0x03FE
[1718] [M]: 0x0000000080001AC4 (0x03FE8E93) addi t4, t4, 0x3f
x29 <- 0x000001840000003F

mem[X,0x0000000080001AC8] -> 0x9E93
mem[X,0x0000000080001ACA] -> 0x00AE
[1719] [M]: 0x0000000080001AC8 (0x00AE9E93) slli t4, t4, 0xa
x29 <- 0x000610000000FC00

mem[X,0x0000000080001ACC] -> 0x8E93
mem[X,0x0000000080001ACE] -> 0x3FEE
[1720] [M]: 0x0000000080001ACC (0x3FEE8E93) addi t4, t4, 0x3fe
x29 <- 0x000610000000FFFE

mem[X,0x0000000080001AD0] -> 0x0FBB
mem[X,0x0000000080001AD2] -> 0xE9DF
[1721] [M]: 0x0000000080001AD0 (0xE9DF0FBB) pdifu.h t6, t5, t4
x31 <- 0x01070FF900000003

mem[X,0x0000000080001AD4] -> 0xB023
mem[X,0x0000000080001AD6] -> 0x1FF0
[1722] [M]: 0x0000000080001AD4 (0x1FF0B023) sd t6, 0x1e0(ra)
mem[0x00000000800043E0] <- 0x01070FF900000003

mem[X,0x0000000080001AD8] -> 0x0F37
mem[X,0x0000000080001ADA] -> 0xFFFF
[1723] [M]: 0x0000000080001AD8 (0xFFFF0F37) lui t5, -0x10
x30 <- 0xFFFFFFFFFFFF0000

mem[X,0x0000000080001ADC] -> 0x0F13
mem[X,0x0000000080001ADE] -> 0xFF7F
[1724] [M]: 0x0000000080001ADC (0xFF7F0F13) addi t5, t5, -0x9
x30 <- 0xFFFFFFFFFFFEFFF7

mem[X,0x0000000080001AE0] -> 0x1F13
mem[X,0x0000000080001AE2] -> 0x00BF
[1725] [M]: 0x0000000080001AE0 (0x00BF1F13) slli t5, t5, 0xb
x30 <- 0xFFFFFFFFF7FFB800

mem[X,0x0000000080001AE4] -> 0x0F13
mem[X,0x0000000080001AE6] -> 0x7FFF
[1726] [M]: 0x0000000080001AE4 (0x7FFF0F13) addi t5, t5, 0x7ff
x30 <- 0xFFFFFFFFF7FFBFFF

mem[X,0x0000000080001AE8] -> 0x1F13
mem[X,0x0000000080001AEA] -> 0x00BF
[1727] [M]: 0x0000000080001AE8 (0x00BF1F13) slli t5, t5, 0xb
x30 <- 0xFFFFFFBFFDFFF800

mem[X,0x0000000080001AEC] -> 0x0F13
mem[X,0x0000000080001AEE] -> 0x73FF
[1728] [M]: 0x0000000080001AEC (0x73FF0F13) addi t5, t5, 0x73f
x30 <- 0xFFFFFFBFFDFFFF3F

mem[X,0x0000000080001AF0] -> 0x1F13
mem[X,0x0000000080001AF2] -> 0x00AF
[1729] [M]: 0x0000000080001AF0 (0x00AF1F13) slli t5, t5, 0xa
x30 <- 0xFFFEFFF7FFFCFC00

mem[X,0x0000000080001AF4] -> 0x0F13
mem[X,0x0000000080001AF6] -> 0x3EFF
[1730] [M]: 0x0000000080001AF4 (0x3EFF0F13) addi t5, t5, 0x3ef
x30 <- 0xFFFEFFF7FFFCFFEF

mem[X,0x0000000080001AF8] -> 0x0EB7
mem[X,0x0000000080001AFA] -> 0xFFFA
[1731] [M]: 0x0000000080001AF8 (0xFFFA0EB7) lui t4, -0x60
x29 <- 0xFFFFFFFFFFFA0000

mem[X,0x0000000080001AFC] -> 0x8E93
mem[X,0x0000000080001AFE] -> 0xFF9E
[1732] [M]: 0x0000000080001AFC (0xFF9E8E93) addi t4, t4, -0x7
x29 <- 0xFFFFFFFFFFF9FFF9

mem[X,0x0000000080001B00] -> 0x9E93
mem[X,0x0000000080001B02] -> 0x00BE
[1733] [M]: 0x0000000080001B00 (0x00BE9E93) slli t4, t4, 0xb
x29 <- 0xFFFFFFFFCFFFC800

mem[X,0x0000000080001B04] -> 0x8E93
mem[X,0x0000000080001B06] -> 0x000E
[1734] [M]: 0x0000000080001B04 (0x000E8E93) addi t4, t4, 0x0
x29 <- 0xFFFFFFFFCFFFC800

mem[X,0x0000000080001B08] -> 0x9E93
mem[X,0x0000000080001B0A] -> 0x00BE
[1735] [M]: 0x0000000080001B08 (0x00BE9E93) slli t4, t4, 0xb
x29 <- 0xFFFFFE7FFE400000

mem[X,0x0000000080001B0C] -> 0x8E93
mem[X,0x0000000080001B0E] -> 0x10FE
[1736] [M]: 0x0000000080001B0C (0x10FE8E93) addi t4, t4, 0x10f
x29 <- 0xFFFFFE7FFE40010F

mem[X,0x0000000080001B10] -> 0x9E93
mem[X,0x0000000080001B12] -> 0x00AE
[1737] [M]: 0x0000000080001B10 (0x00AE9E93) slli t4, t4, 0xa
x29 <- 0xFFF9FFF900043C00

mem[X,0x0000000080001B14] -> 0x8E93
mem[X,0x0000000080001B16] -> 0x3FFE
[1738] [M]: 0x0000000080001B14 (0x3FFE8E93) addi t4, t4, 0x3ff
x29 <- 0xFFF9FFF900043FFF

mem[X,0x0000000080001B18] -> 0x0FBB
mem[X,0x0000000080001B1A] -> 0xE9DF
[1739] [M]: 0x0000000080001B18 (0xE9DF0FBB) pdifu.h t6, t5, t4
x31 <- 0x0005000200084010

mem[X,0x0000000080001B1C] -> 0xB423
mem[X,0x0000000080001B1E] -> 0x1FF0
[1740] [M]: 0x0000000080001B1C (0x1FF0B423) sd t6, 0x1e8(ra)
mem[0x00000000800043E8] <- 0x0005000200084010

mem[X,0x0000000080001B20] -> 0x0F37
mem[X,0x0000000080001B22] -> 0xFFFB
[1741] [M]: 0x0000000080001B20 (0xFFFB0F37) lui t5, -0x50
x30 <- 0xFFFFFFFFFFFB0000

mem[X,0x0000000080001B24] -> 0x0F13
mem[X,0x0000000080001B26] -> 0xFF8F
[1742] [M]: 0x0000000080001B24 (0xFF8F0F13) addi t5, t5, -0x8
x30 <- 0xFFFFFFFFFFFAFFF8

mem[X,0x0000000080001B28] -> 0x1F13
mem[X,0x0000000080001B2A] -> 0x00BF
[1743] [M]: 0x0000000080001B28 (0x00BF1F13) slli t5, t5, 0xb
x30 <- 0xFFFFFFFFD7FFC000

mem[X,0x0000000080001B2C] -> 0x0F13
mem[X,0x0000000080001B2E] -> 0x555F
[1744] [M]: 0x0000000080001B2C (0x555F0F13) addi t5, t5, 0x555
x30 <- 0xFFFFFFFFD7FFC555

mem[X,0x0000000080001B30] -> 0x1F13
mem[X,0x0000000080001B32] -> 0x00BF
[1745] [M]: 0x0000000080001B30 (0x00BF1F13) slli t5, t5, 0xb
x30 <- 0xFFFFFEBFFE2AA800

mem[X,0x0000000080001B34] -> 0x0F13
mem[X,0x0000000080001B36] -> 0x2B0F
[1746] [M]: 0x0000000080001B34 (0x2B0F0F13) addi t5, t5, 0x2b0
x30 <- 0xFFFFFEBFFE2AAAB0

mem[X,0x0000000080001B38] -> 0x1F13
mem[X,0x0000000080001B3A] -> 0x00AF
[1747] [M]: 0x0000000080001B38 (0x00AF1F13) slli t5, t5, 0xa
x30 <- 0xFFFAFFF8AAAAC000

mem[X,0x0000000080001B3C] -> 0xBEB7
mem[X,0x0000000080001B3E] -> 0xFFFA
[1748] [M]: 0x0000000080001B3C (0xFFFABEB7) lui t4, -0x55
x29 <- 0xFFFFFFFFFFFAB000

mem[X,0x0000000080001B40] -> 0x8E93
mem[X,0x0000000080001B42] -> 0xAAAE
[1749] [M]: 0x0000000080001B40 (0xAAAE8E93) addi t4, t4, -0x556
x29 <- 0xFFFFFFFFFFFAAAAA

mem[X,0x0000000080001B44] -> 0x9E93
mem[X,0x0000000080001B46] -> 0x00BE
[1750] [M]: 0x0000000080001B44 (0x00BE9E93) slli t4, t4, 0xb
x29 <- 0xFFFFFFFFD5555000

mem[X,0x0000000080001B48] -> 0x8E93
mem[X,0x0000000080001B4A] -> 0x200E
[1751] [M]: 0x0000000080001B48 (0x200E8E93) addi t4, t4, 0x200
x29 <- 0xFFFFFFFFD5555200

mem[X,0x0000000080001B4C] -> 0x9E93
mem[X,0x0000000080001B4E] -> 0x00BE
[1752] [M]: 0x0000000080001B4C (0x00BE9E93) slli t4, t4, 0xb
x29 <- 0xFFFFFEAAAA900000

mem[X,0x0000000080001B50] -> 0x8E93
mem[X,0x0000000080001B52] -> 0x03FE
[1753] [M]: 0x0000000080001B50 (0x03FE8E93) addi t4, t4, 0x3f
x29 <- 0xFFFFFEAAAA90003F

mem[X,0x0000000080001B54] -> 0x9E93
mem[X,0x0000000080001B56] -> 0x00AE
[1754] [M]: 0x0000000080001B54 (0x00AE9E93) slli t4, t4, 0xa
x29 <- 0xFFFAAAAA4000FC00

mem[X,0x0000000080001B58] -> 0x8E93
mem[X,0x0000000080001B5A] -> 0x1FFE
[1755] [M]: 0x0000000080001B58 (0x1FFE8E93) addi t4, t4, 0x1ff
x29 <- 0xFFFAAAAA4000FDFF

mem[X,0x0000000080001B5C] -> 0x0FBB
mem[X,0x0000000080001B5E] -> 0xE9DF
[1756] [M]: 0x0000000080001B5C (0xE9DF0FBB) pdifu.h t6, t5, t4
x31 <- 0x0000554E6AAA3DFF

mem[X,0x0000000080001B60] -> 0xB823
mem[X,0x0000000080001B62] -> 0x1FF0
[1757] [M]: 0x0000000080001B60 (0x1FF0B823) sd t6, 0x1f0(ra)
mem[0x00000000800043F0] <- 0x0000554E6AAA3DFF

mem[X,0x0000000080001B64] -> 0x8F37
mem[X,0x0000000080001B66] -> 0x0001
[1758] [M]: 0x0000000080001B64 (0x00018F37) lui t5, 0x18
x30 <- 0x0000000000018000

mem[X,0x0000000080001B68] -> 0x0F13
mem[X,0x0000000080001B6A] -> 0x000F
[1759] [M]: 0x0000000080001B68 (0x000F0F13) addi t5, t5, 0x0
x30 <- 0x0000000000018000

mem[X,0x0000000080001B6C] -> 0x1F13
mem[X,0x0000000080001B6E] -> 0x00BF
[1760] [M]: 0x0000000080001B6C (0x00BF1F13) slli t5, t5, 0xb
x30 <- 0x000000000C000000

mem[X,0x0000000080001B70] -> 0x0F13
mem[X,0x0000000080001B72] -> 0x5FFF
[1761] [M]: 0x0000000080001B70 (0x5FFF0F13) addi t5, t5, 0x5ff
x30 <- 0x000000000C0005FF

mem[X,0x0000000080001B74] -> 0x1F13
mem[X,0x0000000080001B76] -> 0x00BF
[1762] [M]: 0x0000000080001B74 (0x00BF1F13) slli t5, t5, 0xb
x30 <- 0x00000060002FF800

mem[X,0x0000000080001B78] -> 0x0F13
mem[X,0x0000000080001B7A] -> 0x7FFF
[1763] [M]: 0x0000000080001B78 (0x7FFF0F13) addi t5, t5, 0x7ff
x30 <- 0x00000060002FFFFF

mem[X,0x0000000080001B7C] -> 0x1F13
mem[X,0x0000000080001B7E] -> 0x00AF
[1764] [M]: 0x0000000080001B7C (0x00AF1F13) slli t5, t5, 0xa
x30 <- 0x00018000BFFFFC00

mem[X,0x0000000080001B80] -> 0x0F13
mem[X,0x0000000080001B82] -> 0x3F8F
[1765] [M]: 0x0000000080001B80 (0x3F8F0F13) addi t5, t5, 0x3f8
x30 <- 0x00018000BFFFFFF8

mem[X,0x0000000080001B84] -> 0x0EB7
mem[X,0x0000000080001B86] -> 0x0008
[1766] [M]: 0x0000000080001B84 (0x00080EB7) lui t4, 0x80
x29 <- 0x0000000000080000

mem[X,0x0000000080001B88] -> 0x8E93
mem[X,0x0000000080001B8A] -> 0x009E
[1767] [M]: 0x0000000080001B88 (0x009E8E93) addi t4, t4, 0x9
x29 <- 0x0000000000080009

mem[X,0x0000000080001B8C] -> 0x9E93
mem[X,0x0000000080001B8E] -> 0x00BE
[1768] [M]: 0x0000000080001B8C (0x00BE9E93) slli t4, t4, 0xb
x29 <- 0x0000000040004800

mem[X,0x0000000080001B90] -> 0x8E93
mem[X,0x0000000080001B92] -> 0x000E
[1769] [M]: 0x0000000080001B90 (0x000E8E93) addi t4, t4, 0x0
x29 <- 0x0000000040004800

mem[X,0x0000000080001B94] -> 0x9E93
mem[X,0x0000000080001B96] -> 0x00BE
[1770] [M]: 0x0000000080001B94 (0x00BE9E93) slli t4, t4, 0xb
x29 <- 0x0000020002400000

mem[X,0x0000000080001B98] -> 0x8E93
mem[X,0x0000000080001B9A] -> 0x181E
[1771] [M]: 0x0000000080001B98 (0x181E8E93) addi t4, t4, 0x181
x29 <- 0x0000020002400181

mem[X,0x0000000080001B9C] -> 0x9E93
mem[X,0x0000000080001B9E] -> 0x00AE
[1772] [M]: 0x0000000080001B9C (0x00AE9E93) slli t4, t4, 0xa
x29 <- 0x0008000900060400

mem[X,0x0000000080001BA0] -> 0x0FBB
mem[X,0x0000000080001BA2] -> 0xE9DF
[1773] [M]: 0x0000000080001BA0 (0xE9DF0FBB) pdifu.h t6, t5, t4
x31 <- 0x00077FF740070408

mem[X,0x0000000080001BA4] -> 0xBC23
mem[X,0x0000000080001BA6] -> 0x1FF0
[1774] [M]: 0x0000000080001BA4 (0x1FF0BC23) sd t6, 0x1f8(ra)
mem[0x00000000800043F8] <- 0x00077FF740070408

mem[X,0x0000000080001BA8] -> 0x0F37
mem[X,0x0000000080001BAA] -> 0x0000
[1775] [M]: 0x0000000080001BA8 (0x00000F37) lui t5, 0x0
x30 <- 0x0000000000000000

mem[X,0x0000000080001BAC] -> 0x0F13
mem[X,0x0000000080001BAE] -> 0xFEFF
[1776] [M]: 0x0000000080001BAC (0xFEFF0F13) addi t5, t5, -0x11
x30 <- 0xFFFFFFFFFFFFFFEF

mem[X,0x0000000080001BB0] -> 0x1F13
mem[X,0x0000000080001BB2] -> 0x00BF
[1777] [M]: 0x0000000080001BB0 (0x00BF1F13) slli t5, t5, 0xb
x30 <- 0xFFFFFFFFFFFF7800

mem[X,0x0000000080001BB4] -> 0x0F13
mem[X,0x0000000080001BB6] -> 0x200F
[1778] [M]: 0x0000000080001BB4 (0x200F0F13) addi t5, t5, 0x200
x30 <- 0xFFFFFFFFFFFF7A00

mem[X,0x0000000080001BB8] -> 0x1F13
mem[X,0x0000000080001BBA] -> 0x00BF
[1779] [M]: 0x0000000080001BB8 (0x00BF1F13) slli t5, t5, 0xb
x30 <- 0xFFFFFFFFFBD00000

mem[X,0x0000000080001BBC] -> 0x0F13
mem[X,0x0000000080001BBE] -> 0x000F
[1780] [M]: 0x0000000080001BBC (0x000F0F13) addi t5, t5, 0x0
x30 <- 0xFFFFFFFFFBD00000

mem[X,0x0000000080001BC0] -> 0x1F13
mem[X,0x0000000080001BC2] -> 0x00AF
[1781] [M]: 0x0000000080001BC0 (0x00AF1F13) slli t5, t5, 0xa
x30 <- 0xFFFFFFEF40000000

mem[X,0x0000000080001BC4] -> 0x0F13
mem[X,0x0000000080001BC6] -> 0x100F
[1782] [M]: 0x0000000080001BC4 (0x100F0F13) addi t5, t5, 0x100
x30 <- 0xFFFFFFEF40000100

mem[X,0x0000000080001BC8] -> 0x0EB7
mem[X,0x0000000080001BCA] -> 0x0005
[1783] [M]: 0x0000000080001BC8 (0x00050EB7) lui t4, 0x50
x29 <- 0x0000000000050000

mem[X,0x0000000080001BCC] -> 0x8E93
mem[X,0x0000000080001BCE] -> 0xFF8E
[1784] [M]: 0x0000000080001BCC (0xFF8E8E93) addi t4, t4, -0x8
x29 <- 0x000000000004FFF8

mem[X,0x0000000080001BD0] -> 0x9E93
mem[X,0x0000000080001BD2] -> 0x00BE
[1785] [M]: 0x0000000080001BD0 (0x00BE9E93) slli t4, t4, 0xb
x29 <- 0x0000000027FFC000

mem[X,0x0000000080001BD4] -> 0x8E93
mem[X,0x0000000080001BD6] -> 0x7FFE
[1786] [M]: 0x0000000080001BD4 (0x7FFE8E93) addi t4, t4, 0x7ff
x29 <- 0x0000000027FFC7FF

mem[X,0x0000000080001BD8] -> 0x9E93
mem[X,0x0000000080001BDA] -> 0x00BE
[1787] [M]: 0x0000000080001BD8 (0x00BE9E93) slli t4, t4, 0xb
x29 <- 0x0000013FFE3FF800

mem[X,0x0000000080001BDC] -> 0x8E93
mem[X,0x0000000080001BDE] -> 0x63FE
[1788] [M]: 0x0000000080001BDC (0x63FE8E93) addi t4, t4, 0x63f
x29 <- 0x0000013FFE3FFE3F

mem[X,0x0000000080001BE0] -> 0x9E93
mem[X,0x0000000080001BE2] -> 0x00AE
[1789] [M]: 0x0000000080001BE0 (0x00AE9E93) slli t4, t4, 0xa
x29 <- 0x0004FFF8FFF8FC00

mem[X,0x0000000080001BE4] -> 0x8E93
mem[X,0x0000000080001BE6] -> 0x3FEE
[1790] [M]: 0x0000000080001BE4 (0x3FEE8E93) addi t4, t4, 0x3fe
x29 <- 0x0004FFF8FFF8FFFE

mem[X,0x0000000080001BE8] -> 0x0FBB
mem[X,0x0000000080001BEA] -> 0xE9DF
[1791] [M]: 0x0000000080001BE8 (0xE9DF0FBB) pdifu.h t6, t5, t4
x31 <- 0x0005000940080102

mem[X,0x0000000080001BEC] -> 0xB023
mem[X,0x0000000080001BEE] -> 0x21F0
[1792] [M]: 0x0000000080001BEC (0x21F0B023) sd t6, 0x200(ra)
mem[0x0000000080004400] <- 0x0005000940080102

mem[X,0x0000000080001BF0] -> 0x0F37
mem[X,0x0000000080001BF2] -> 0x0000
[1793] [M]: 0x0000000080001BF0 (0x00000F37) lui t5, 0x0
x30 <- 0x0000000000000000

mem[X,0x0000000080001BF4] -> 0x0F13
mem[X,0x0000000080001BF6] -> 0x002F
[1794] [M]: 0x0000000080001BF4 (0x002F0F13) addi t5, t5, 0x2
x30 <- 0x0000000000000002

mem[X,0x0000000080001BF8] -> 0x1F13
mem[X,0x0000000080001BFA] -> 0x00BF
[1795] [M]: 0x0000000080001BF8 (0x00BF1F13) slli t5, t5, 0xb
x30 <- 0x0000000000001000

mem[X,0x0000000080001BFC] -> 0x0F13
mem[X,0x0000000080001BFE] -> 0x7FFF
[1796] [M]: 0x0000000080001BFC (0x7FFF0F13) addi t5, t5, 0x7ff
x30 <- 0x00000000000017FF

mem[X,0x0000000080001C00] -> 0x1F13
mem[X,0x0000000080001C02] -> 0x00BF
[1797] [M]: 0x0000000080001C00 (0x00BF1F13) slli t5, t5, 0xb
x30 <- 0x0000000000BFF800

mem[X,0x0000000080001C04] -> 0x0F13
mem[X,0x0000000080001C06] -> 0x740F
[1798] [M]: 0x0000000080001C04 (0x740F0F13) addi t5, t5, 0x740
x30 <- 0x0000000000BFFF40

mem[X,0x0000000080001C08] -> 0x1F13
mem[X,0x0000000080001C0A] -> 0x00AF
[1799] [M]: 0x0000000080001C08 (0x00AF1F13) slli t5, t5, 0xa
x30 <- 0x00000002FFFD0000

clint::tick mtime <- 0x0000000000000012
 clint timer pending at mtime 0x0000000000000012
htif::tick 0x0000000000000000
mem[X,0x0000000080001C0C] -> 0x0EB7
mem[X,0x0000000080001C0E] -> 0xFFBF
[1800] [M]: 0x0000000080001C0C (0xFFBF0EB7) lui t4, -0x410
x29 <- 0xFFFFFFFFFFBF0000

mem[X,0x0000000080001C10] -> 0x8E93
mem[X,0x0000000080001C12] -> 0x400E
[1801] [M]: 0x0000000080001C10 (0x400E8E93) addi t4, t4, 0x400
x29 <- 0xFFFFFFFFFFBF0400

mem[X,0x0000000080001C14] -> 0x9E93
mem[X,0x0000000080001C16] -> 0x00BE
[1802] [M]: 0x0000000080001C14 (0x00BE9E93) slli t4, t4, 0xb
x29 <- 0xFFFFFFFDF8200000

mem[X,0x0000000080001C18] -> 0x8E93
mem[X,0x0000000080001C1A] -> 0x7F7E
[1803] [M]: 0x0000000080001C18 (0x7F7E8E93) addi t4, t4, 0x7f7
x29 <- 0xFFFFFFFDF82007F7

mem[X,0x0000000080001C1C] -> 0x9E93
mem[X,0x0000000080001C1E] -> 0x00BE
[1804] [M]: 0x0000000080001C1C (0x00BE9E93) slli t4, t4, 0xb
x29 <- 0xFFFFEFC1003FB800

mem[X,0x0000000080001C20] -> 0x8E93
mem[X,0x0000000080001C22] -> 0x7FFE
[1805] [M]: 0x0000000080001C20 (0x7FFE8E93) addi t4, t4, 0x7ff
x29 <- 0xFFFFEFC1003FBFFF

mem[X,0x0000000080001C24] -> 0x9E93
mem[X,0x0000000080001C26] -> 0x00AE
[1806] [M]: 0x0000000080001C24 (0x00AE9E93) slli t4, t4, 0xa
x29 <- 0xFFBF0400FEFFFC00

mem[X,0x0000000080001C28] -> 0x8E93
mem[X,0x0000000080001C2A] -> 0x3FDE
[1807] [M]: 0x0000000080001C28 (0x3FDE8E93) addi t4, t4, 0x3fd
x29 <- 0xFFBF0400FEFFFFFD

mem[X,0x0000000080001C2C] -> 0x0FBB
mem[X,0x0000000080001C2E] -> 0xE9DF
[1808] [M]: 0x0000000080001C2C (0xE9DF0FBB) pdifu.h t6, t5, t4
x31 <- 0x004103FE00FE0003

mem[X,0x0000000080001C30] -> 0xB423
mem[X,0x0000000080001C32] -> 0x21F0
[1809] [M]: 0x0000000080001C30 (0x21F0B423) sd t6, 0x208(ra)
mem[0x0000000080004408] <- 0x004103FE00FE0003

mem[X,0x0000000080001C34] -> 0xEF37
mem[X,0x0000000080001C36] -> 0x0100
[1810] [M]: 0x0000000080001C34 (0x0100EF37) lui t5, 0x100e
x30 <- 0x000000000100E000

mem[X,0x0000000080001C38] -> 0x0F13
mem[X,0x0000000080001C3A] -> 0xFFFF
[1811] [M]: 0x0000000080001C38 (0xFFFF0F13) addi t5, t5, -0x1
x30 <- 0x000000000100DFFF

mem[X,0x0000000080001C3C] -> 0x1F13
mem[X,0x0000000080001C3E] -> 0x00BF
[1812] [M]: 0x0000000080001C3C (0x00BF1F13) slli t5, t5, 0xb
x30 <- 0x0000000806FFF800

mem[X,0x0000000080001C40] -> 0x0F13
mem[X,0x0000000080001C42] -> 0x010F
[1813] [M]: 0x0000000080001C40 (0x010F0F13) addi t5, t5, 0x10
x30 <- 0x0000000806FFF810

mem[X,0x0000000080001C44] -> 0x1F13
mem[X,0x0000000080001C46] -> 0x00BF
[1814] [M]: 0x0000000080001C44 (0x00BF1F13) slli t5, t5, 0xb
x30 <- 0x00004037FFC08000

mem[X,0x0000000080001C48] -> 0x0F13
mem[X,0x0000000080001C4A] -> 0x000F
[1815] [M]: 0x0000000080001C48 (0x000F0F13) addi t5, t5, 0x0
x30 <- 0x00004037FFC08000

mem[X,0x0000000080001C4C] -> 0x1F13
mem[X,0x0000000080001C4E] -> 0x00AF
[1816] [M]: 0x0000000080001C4C (0x00AF1F13) slli t5, t5, 0xa
x30 <- 0x0100DFFF02000000

mem[X,0x0000000080001C50] -> 0x0F13
mem[X,0x0000000080001C52] -> 0x001F
[1817] [M]: 0x0000000080001C50 (0x001F0F13) addi t5, t5, 0x1
x30 <- 0x0100DFFF02000001

mem[X,0x0000000080001C54] -> 0x0EB7
mem[X,0x0000000080001C56] -> 0xFFBF
[1818] [M]: 0x0000000080001C54 (0xFFBF0EB7) lui t4, -0x410
x29 <- 0xFFFFFFFFFFBF0000

mem[X,0x0000000080001C58] -> 0x8E93
mem[X,0x0000000080001C5A] -> 0x007E
[1819] [M]: 0x0000000080001C58 (0x007E8E93) addi t4, t4, 0x7
x29 <- 0xFFFFFFFFFFBF0007

mem[X,0x0000000080001C5C] -> 0x9E93
mem[X,0x0000000080001C5E] -> 0x00BE
[1820] [M]: 0x0000000080001C5C (0x00BE9E93) slli t4, t4, 0xb
x29 <- 0xFFFFFFFDF8003800

mem[X,0x0000000080001C60] -> 0x8E93
mem[X,0x0000000080001C62] -> 0x7FFE
[1821] [M]: 0x0000000080001C60 (0x7FFE8E93) addi t4, t4, 0x7ff
x29 <- 0xFFFFFFFDF8003FFF

mem[X,0x0000000080001C64] -> 0x9E93
mem[X,0x0000000080001C66] -> 0x00BE
[1822] [M]: 0x0000000080001C64 (0x00BE9E93) slli t4, t4, 0xb
x29 <- 0xFFFFEFC001FFF800

mem[X,0x0000000080001C68] -> 0x8E93
mem[X,0x0000000080001C6A] -> 0x5FFE
[1823] [M]: 0x0000000080001C68 (0x5FFE8E93) addi t4, t4, 0x5ff
x29 <- 0xFFFFEFC001FFFDFF

mem[X,0x0000000080001C6C] -> 0x9E93
mem[X,0x0000000080001C6E] -> 0x00AE
[1824] [M]: 0x0000000080001C6C (0x00AE9E93) slli t4, t4, 0xa
x29 <- 0xFFBF0007FFF7FC00

mem[X,0x0000000080001C70] -> 0x8E93
mem[X,0x0000000080001C72] -> 0x3BFE
[1825] [M]: 0x0000000080001C70 (0x3BFE8E93) addi t4, t4, 0x3bf
x29 <- 0xFFBF0007FFF7FFBF

mem[X,0x0000000080001C74] -> 0x0FBB
mem[X,0x0000000080001C76] -> 0xE9DF
[1826] [M]: 0x0000000080001C74 (0xE9DF0FBB) pdifu.h t6, t5, t4
x31 <- 0x0141200802090042

mem[X,0x0000000080001C78] -> 0xB823
mem[X,0x0000000080001C7A] -> 0x21F0
[1827] [M]: 0x0000000080001C78 (0x21F0B823) sd t6, 0x210(ra)
mem[0x0000000080004410] <- 0x0141200802090042

mem[X,0x0000000080001C7C] -> 0x0F37
mem[X,0x0000000080001C7E] -> 0xFBFF
[1828] [M]: 0x0000000080001C7C (0xFBFF0F37) lui t5, -0x4010
x30 <- 0xFFFFFFFFFBFF0000

mem[X,0x0000000080001C80] -> 0x0F13
mem[X,0x0000000080001C82] -> 0x008F
[1829] [M]: 0x0000000080001C80 (0x008F0F13) addi t5, t5, 0x8
x30 <- 0xFFFFFFFFFBFF0008

mem[X,0x0000000080001C84] -> 0x1F13
mem[X,0x0000000080001C86] -> 0x00BF
[1830] [M]: 0x0000000080001C84 (0x00BF1F13) slli t5, t5, 0xb
x30 <- 0xFFFFFFDFF8004000

mem[X,0x0000000080001C88] -> 0x0F13
mem[X,0x0000000080001C8A] -> 0x000F
[1831] [M]: 0x0000000080001C88 (0x000F0F13) addi t5, t5, 0x0
x30 <- 0xFFFFFFDFF8004000

mem[X,0x0000000080001C8C] -> 0x1F13
mem[X,0x0000000080001C8E] -> 0x00BF
[1832] [M]: 0x0000000080001C8C (0x00BF1F13) slli t5, t5, 0xb
x30 <- 0xFFFEFFC002000000

mem[X,0x0000000080001C90] -> 0x0F13
mem[X,0x0000000080001C92] -> 0x09FF
[1833] [M]: 0x0000000080001C90 (0x09FF0F13) addi t5, t5, 0x9f
x30 <- 0xFFFEFFC00200009F

mem[X,0x0000000080001C94] -> 0x1F13
mem[X,0x0000000080001C96] -> 0x00AF
[1834] [M]: 0x0000000080001C94 (0x00AF1F13) slli t5, t5, 0xa
x30 <- 0xFBFF000800027C00

mem[X,0x0000000080001C98] -> 0x0F13
mem[X,0x0000000080001C9A] -> 0x3FFF
[1835] [M]: 0x0000000080001C98 (0x3FFF0F13) addi t5, t5, 0x3ff
x30 <- 0xFBFF000800027FFF

mem[X,0x0000000080001C9C] -> 0x0EB7
mem[X,0x0000000080001C9E] -> 0x0005
[1836] [M]: 0x0000000080001C9C (0x00050EB7) lui t4, 0x50
x29 <- 0x0000000000050000

mem[X,0x0000000080001CA0] -> 0x8E93
mem[X,0x0000000080001CA2] -> 0xBFFE
[1837] [M]: 0x0000000080001CA0 (0xBFFE8E93) addi t4, t4, -0x401
x29 <- 0x000000000004FBFF

mem[X,0x0000000080001CA4] -> 0x9E93
mem[X,0x0000000080001CA6] -> 0x00BE
[1838] [M]: 0x0000000080001CA4 (0x00BE9E93) slli t4, t4, 0xb
x29 <- 0x0000000027DFF800

mem[X,0x0000000080001CA8] -> 0x8E93
mem[X,0x0000000080001CAA] -> 0x000E
[1839] [M]: 0x0000000080001CA8 (0x000E8E93) addi t4, t4, 0x0
x29 <- 0x0000000027DFF800

mem[X,0x0000000080001CAC] -> 0x9E93
mem[X,0x0000000080001CAE] -> 0x00BE
[1840] [M]: 0x0000000080001CAC (0x00BE9E93) slli t4, t4, 0xb
x29 <- 0x0000013EFFC00000

mem[X,0x0000000080001CB0] -> 0x8E93
mem[X,0x0000000080001CB2] -> 0x17FE
[1841] [M]: 0x0000000080001CB0 (0x17FE8E93) addi t4, t4, 0x17f
x29 <- 0x0000013EFFC0017F

mem[X,0x0000000080001CB4] -> 0x9E93
mem[X,0x0000000080001CB6] -> 0x00AE
[1842] [M]: 0x0000000080001CB4 (0x00AE9E93) slli t4, t4, 0xa
x29 <- 0x0004FBFF0005FC00

mem[X,0x0000000080001CB8] -> 0x8E93
mem[X,0x0000000080001CBA] -> 0x3FEE
[1843] [M]: 0x0000000080001CB8 (0x3FEE8E93) addi t4, t4, 0x3fe
x29 <- 0x0004FBFF0005FFFE

mem[X,0x0000000080001CBC] -> 0x0FBB
mem[X,0x0000000080001CBE] -> 0xE9DF
[1844] [M]: 0x0000000080001CBC (0xE9DF0FBB) pdifu.h t6, t5, t4
x31 <- 0x0405040900037FFF

mem[X,0x0000000080001CC0] -> 0xBC23
mem[X,0x0000000080001CC2] -> 0x21F0
[1845] [M]: 0x0000000080001CC0 (0x21F0BC23) sd t6, 0x218(ra)
mem[0x0000000080004418] <- 0x0405040900037FFF

mem[X,0x0000000080001CC4] -> 0x0F37
mem[X,0x0000000080001CC6] -> 0xFFF9
[1846] [M]: 0x0000000080001CC4 (0xFFF90F37) lui t5, -0x70
x30 <- 0xFFFFFFFFFFF90000

mem[X,0x0000000080001CC8] -> 0x0F13
mem[X,0x0000000080001CCA] -> 0x004F
[1847] [M]: 0x0000000080001CC8 (0x004F0F13) addi t5, t5, 0x4
x30 <- 0xFFFFFFFFFFF90004

mem[X,0x0000000080001CCC] -> 0x1F13
mem[X,0x0000000080001CCE] -> 0x00BF
[1848] [M]: 0x0000000080001CCC (0x00BF1F13) slli t5, t5, 0xb
x30 <- 0xFFFFFFFFC8002000

mem[X,0x0000000080001CD0] -> 0x0F13
mem[X,0x0000000080001CD2] -> 0x7FFF
[1849] [M]: 0x0000000080001CD0 (0x7FFF0F13) addi t5, t5, 0x7ff
x30 <- 0xFFFFFFFFC80027FF

mem[X,0x0000000080001CD4] -> 0x1F13
mem[X,0x0000000080001CD6] -> 0x00BF
[1850] [M]: 0x0000000080001CD4 (0x00BF1F13) slli t5, t5, 0xb
x30 <- 0xFFFFFE40013FF800

mem[X,0x0000000080001CD8] -> 0x0F13
mem[X,0x0000000080001CDA] -> 0x640F
[1851] [M]: 0x0000000080001CD8 (0x640F0F13) addi t5, t5, 0x640
x30 <- 0xFFFFFE40013FFE40

mem[X,0x0000000080001CDC] -> 0x1F13
mem[X,0x0000000080001CDE] -> 0x00AF
[1852] [M]: 0x0000000080001CDC (0x00AF1F13) slli t5, t5, 0xa
x30 <- 0xFFF90004FFF90000

mem[X,0x0000000080001CE0] -> 0x0F13
mem[X,0x0000000080001CE2] -> 0x002F
[1853] [M]: 0x0000000080001CE0 (0x002F0F13) addi t5, t5, 0x2
x30 <- 0xFFF90004FFF90002

mem[X,0x0000000080001CE4] -> 0x0EB7
mem[X,0x0000000080001CE6] -> 0xFFF7
[1854] [M]: 0x0000000080001CE4 (0xFFF70EB7) lui t4, -0x90
x29 <- 0xFFFFFFFFFFF70000

mem[X,0x0000000080001CE8] -> 0x8E93
mem[X,0x0000000080001CEA] -> 0x009E
[1855] [M]: 0x0000000080001CE8 (0x009E8E93) addi t4, t4, 0x9
x29 <- 0xFFFFFFFFFFF70009

mem[X,0x0000000080001CEC] -> 0x9E93
mem[X,0x0000000080001CEE] -> 0x00BE
[1856] [M]: 0x0000000080001CEC (0x00BE9E93) slli t4, t4, 0xb
x29 <- 0xFFFFFFFFB8004800

mem[X,0x0000000080001CF0] -> 0x8E93
mem[X,0x0000000080001CF2] -> 0x008E
[1857] [M]: 0x0000000080001CF0 (0x008E8E93) addi t4, t4, 0x8
x29 <- 0xFFFFFFFFB8004808

mem[X,0x0000000080001CF4] -> 0x9E93
mem[X,0x0000000080001CF6] -> 0x00BE
[1858] [M]: 0x0000000080001CF4 (0x00BE9E93) slli t4, t4, 0xb
x29 <- 0xFFFFFDC002404000

mem[X,0x0000000080001CF8] -> 0x8E93
mem[X,0x0000000080001CFA] -> 0x000E
[1859] [M]: 0x0000000080001CF8 (0x000E8E93) addi t4, t4, 0x0
x29 <- 0xFFFFFDC002404000

mem[X,0x0000000080001CFC] -> 0x9E93
mem[X,0x0000000080001CFE] -> 0x00AE
[1860] [M]: 0x0000000080001CFC (0x00AE9E93) slli t4, t4, 0xa
x29 <- 0xFFF7000901000000

mem[X,0x0000000080001D00] -> 0x8E93
mem[X,0x0000000080001D02] -> 0x040E
[1861] [M]: 0x0000000080001D00 (0x040E8E93) addi t4, t4, 0x40
x29 <- 0xFFF7000901000040

mem[X,0x0000000080001D04] -> 0x0FBB
mem[X,0x0000000080001D06] -> 0xE9DF
[1862] [M]: 0x0000000080001D04 (0xE9DF0FBB) pdifu.h t6, t5, t4
x31 <- 0x000200050107003E

mem[X,0x0000000080001D08] -> 0xB023
mem[X,0x0000000080001D0A] -> 0x23F0
[1863] [M]: 0x0000000080001D08 (0x23F0B023) sd t6, 0x220(ra)
mem[0x0000000080004420] <- 0x000200050107003E

mem[X,0x0000000080001D0C] -> 0x0F37
mem[X,0x0000000080001D0E] -> 0xFFF7
[1864] [M]: 0x0000000080001D0C (0xFFF70F37) lui t5, -0x90
x30 <- 0xFFFFFFFFFFF70000

mem[X,0x0000000080001D10] -> 0x0F13
mem[X,0x0000000080001D12] -> 0xFFFF
[1865] [M]: 0x0000000080001D10 (0xFFFF0F13) addi t5, t5, -0x1
x30 <- 0xFFFFFFFFFFF6FFFF

mem[X,0x0000000080001D14] -> 0x1F13
mem[X,0x0000000080001D16] -> 0x00BF
[1866] [M]: 0x0000000080001D14 (0x00BF1F13) slli t5, t5, 0xb
x30 <- 0xFFFFFFFFB7FFF800

mem[X,0x0000000080001D18] -> 0x0F13
mem[X,0x0000000080001D1A] -> 0x7FFF
[1867] [M]: 0x0000000080001D18 (0x7FFF0F13) addi t5, t5, 0x7ff
x30 <- 0xFFFFFFFFB7FFFFFF

mem[X,0x0000000080001D1C] -> 0x1F13
mem[X,0x0000000080001D1E] -> 0x00BF
[1868] [M]: 0x0000000080001D1C (0x00BF1F13) slli t5, t5, 0xb
x30 <- 0xFFFFFDBFFFFFF800

mem[X,0x0000000080001D20] -> 0x0F13
mem[X,0x0000000080001D22] -> 0x6C2F
[1869] [M]: 0x0000000080001D20 (0x6C2F0F13) addi t5, t5, 0x6c2
x30 <- 0xFFFFFDBFFFFFFEC2

mem[X,0x0000000080001D24] -> 0x1F13
mem[X,0x0000000080001D26] -> 0x00AF
[1870] [M]: 0x0000000080001D24 (0x00AF1F13) slli t5, t5, 0xa
x30 <- 0xFFF6FFFFFFFB0800

mem[X,0x0000000080001D28] -> 0x0EB7
mem[X,0x0000000080001D2A] -> 0xFFFB
[1871] [M]: 0x0000000080001D28 (0xFFFB0EB7) lui t4, -0x50
x29 <- 0xFFFFFFFFFFFB0000

mem[X,0x0000000080001D2C] -> 0x8E93
mem[X,0x0000000080001D2E] -> 0xFF7E
[1872] [M]: 0x0000000080001D2C (0xFF7E8E93) addi t4, t4, -0x9
x29 <- 0xFFFFFFFFFFFAFFF7

mem[X,0x0000000080001D30] -> 0x9E93
mem[X,0x0000000080001D32] -> 0x00BE
[1873] [M]: 0x0000000080001D30 (0x00BE9E93) slli t4, t4, 0xb
x29 <- 0xFFFFFFFFD7FFB800

mem[X,0x0000000080001D34] -> 0x8E93
mem[X,0x0000000080001D36] -> 0x000E
[1874] [M]: 0x0000000080001D34 (0x000E8E93) addi t4, t4, 0x0
x29 <- 0xFFFFFFFFD7FFB800

mem[X,0x0000000080001D38] -> 0x9E93
mem[X,0x0000000080001D3A] -> 0x00BE
[1875] [M]: 0x0000000080001D38 (0x00BE9E93) slli t4, t4, 0xb
x29 <- 0xFFFFFEBFFDC00000

mem[X,0x0000000080001D3C] -> 0x8E93
mem[X,0x0000000080001D3E] -> 0x0FFE
[1876] [M]: 0x0000000080001D3C (0x0FFE8E93) addi t4, t4, 0xff
x29 <- 0xFFFFFEBFFDC000FF

mem[X,0x0000000080001D40] -> 0x9E93
mem[X,0x0000000080001D42] -> 0x00AE
[1877] [M]: 0x0000000080001D40 (0x00AE9E93) slli t4, t4, 0xa
x29 <- 0xFFFAFFF70003FC00

mem[X,0x0000000080001D44] -> 0x8E93
mem[X,0x0000000080001D46] -> 0x1FFE
[1878] [M]: 0x0000000080001D44 (0x1FFE8E93) addi t4, t4, 0x1ff
x29 <- 0xFFFAFFF70003FDFF

mem[X,0x0000000080001D48] -> 0x0FBB
mem[X,0x0000000080001D4A] -> 0xE9DF
[1879] [M]: 0x0000000080001D48 (0xE9DF0FBB) pdifu.h t6, t5, t4
x31 <- 0x0004000800080A01

mem[X,0x0000000080001D4C] -> 0xB423
mem[X,0x0000000080001D4E] -> 0x23F0
[1880] [M]: 0x0000000080001D4C (0x23F0B423) sd t6, 0x228(ra)
mem[0x0000000080004428] <- 0x0004000800080A01

mem[X,0x0000000080001D50] -> 0x006F
mem[X,0x0000000080001D52] -> 0x0380
[1881] [M]: 0x0000000080001D50 (0x0380006F) jal zero, 0x38

mem[X,0x0000000080001D88] -> 0x0093
mem[X,0x0000000080001D8A] -> 0x0010
[1882] [M]: 0x0000000080001D88 (0x00100093) addi ra, zero, 0x1
x1 <- 0x0000000000000001

mem[X,0x0000000080001D8C] -> 0x0F17
mem[X,0x0000000080001D8E] -> 0x0000
[1883] [M]: 0x0000000080001D8C (0x00000F17) auipc t5, 0x0
x30 <- 0x0000000080001D8C

mem[X,0x0000000080001D90] -> 0x2A23
mem[X,0x0000000080001D92] -> 0x261F
[1884] [M]: 0x0000000080001D90 (0x261F2A23) sw ra, 0x274(t5)
htif[0x0000000080002000] <- 0x00000001

mem[X,0x0000000080001D94] -> 0xF06F
mem[X,0x0000000080001D96] -> 0xFF9F
[1885] [M]: 0x0000000080001D94 (0xFF9FF06F) jal zero, -0x8

mem[X,0x0000000080001D8C] -> 0x0F17
mem[X,0x0000000080001D8E] -> 0x0000
[1886] [M]: 0x0000000080001D8C (0x00000F17) auipc t5, 0x0
x30 <- 0x0000000080001D8C

mem[X,0x0000000080001D90] -> 0x2A23
mem[X,0x0000000080001D92] -> 0x261F
[1887] [M]: 0x0000000080001D90 (0x261F2A23) sw ra, 0x274(t5)
htif[0x0000000080002000] <- 0x00000001

mem[X,0x0000000080001D94] -> 0xF06F
mem[X,0x0000000080001D96] -> 0xFF9F
[1888] [M]: 0x0000000080001D94 (0xFF9FF06F) jal zero, -0x8

mem[X,0x0000000080001D8C] -> 0x0F17
mem[X,0x0000000080001D8E] -> 0x0000
[1889] [M]: 0x0000000080001D8C (0x00000F17) auipc t5, 0x0
x30 <- 0x0000000080001D8C

mem[X,0x0000000080001D90] -> 0x2A23
mem[X,0x0000000080001D92] -> 0x261F
[1890] [M]: 0x0000000080001D90 (0x261F2A23) sw ra, 0x274(t5)
htif[0x0000000080002000] <- 0x00000001
htif-syscall-proxy cmd: 0x000000000001

SUCCESS
