using /home/chsu/rvp-workspace/test-64/riscof_work/pasubu.b-01.S/ref/Reference-sail_c_simulator.signature for test-signature output.
tohost located at 0x80002000
Running file ref.elf.
ELF Entry @ 0x80000000
begin_signature: 0x80004110
end_signature: 0x800043c0
CSR mstatus <- 0x0000000A00000000 (input: 0x0000000000000000)
mem[X,0x0000000000001000] -> 0x0297
mem[X,0x0000000000001002] -> 0x0000
[0] [M]: 0x0000000000001000 (0x00000297) auipc t0, 0x0
x5 <- 0x0000000000001000

mem[X,0x0000000000001004] -> 0x8593
mem[X,0x0000000000001006] -> 0x0202
[1] [M]: 0x0000000000001004 (0x02028593) addi a1, t0, 0x20
x11 <- 0x0000000000001020

mem[X,0x0000000000001008] -> 0x2573
mem[X,0x000000000000100A] -> 0xF140
[2] [M]: 0x0000000000001008 (0xF1402573) csrrs a0, mhartid, zero
CSR mhartid -> 0x0000000000000000
x10 <- 0x0000000000000000

mem[X,0x000000000000100C] -> 0xB283
mem[X,0x000000000000100E] -> 0x0182
[3] [M]: 0x000000000000100C (0x0182B283) ld t0, 0x18(t0)
mem[R,0x0000000000001018] -> 0x0000000080000000
x5 <- 0x0000000080000000

mem[X,0x0000000000001010] -> 0x8067
mem[X,0x0000000000001012] -> 0x0002
[4] [M]: 0x0000000000001010 (0x00028067) jalr zero, 0x0(t0)

mem[X,0x0000000080000000] -> 0x0837
mem[X,0x0000000080000002] -> 0x7D5C
[5] [M]: 0x0000000080000000 (0x7D5C0837) lui a6, 0x7d5c0
x16 <- 0x000000007D5C0000

mem[X,0x0000000080000004] -> 0x0813
mem[X,0x0000000080000006] -> 0xDDB8
[6] [M]: 0x0000000080000004 (0xDDB80813) addi a6, a6, -0x225
x16 <- 0x000000007D5BFDDB

mem[X,0x0000000080000008] -> 0x1813
mem[X,0x000000008000000A] -> 0x00B8
[7] [M]: 0x0000000080000008 (0x00B81813) slli a6, a6, 0xb
x16 <- 0x000003EADFEED800

mem[X,0x000000008000000C] -> 0x0813
mem[X,0x000000008000000E] -> 0x3EA8
[8] [M]: 0x000000008000000C (0x3EA80813) addi a6, a6, 0x3ea
x16 <- 0x000003EADFEEDBEA

mem[X,0x0000000080000010] -> 0x1813
mem[X,0x0000000080000012] -> 0x00B8
[9] [M]: 0x0000000080000010 (0x00B81813) slli a6, a6, 0xb
x16 <- 0x001F56FF76DF5000

mem[X,0x0000000080000014] -> 0x0813
mem[X,0x0000000080000016] -> 0x6FF8
[10] [M]: 0x0000000080000014 (0x6FF80813) addi a6, a6, 0x6ff
x16 <- 0x001F56FF76DF56FF

mem[X,0x0000000080000018] -> 0x1813
mem[X,0x000000008000001A] -> 0x00A8
[11] [M]: 0x0000000080000018 (0x00A81813) slli a6, a6, 0xa
x16 <- 0x7D5BFDDB7D5BFC00

mem[X,0x000000008000001C] -> 0x0813
mem[X,0x000000008000001E] -> 0x1DB8
[12] [M]: 0x000000008000001C (0x1DB80813) addi a6, a6, 0x1db
x16 <- 0x7D5BFDDB7D5BFDDB

mem[X,0x0000000080000020] -> 0x5893
mem[X,0x0000000080000022] -> 0x0078
[13] [M]: 0x0000000080000020 (0x00785893) srli a7, a6, 0x7
x17 <- 0x00FAB7FBB6FAB7FB

mem[X,0x0000000080000024] -> 0x5793
mem[X,0x0000000080000026] -> 0x0398
[14] [M]: 0x0000000080000024 (0x03985793) srli a5, a6, 0x39
x15 <- 0x000000000000003E

mem[X,0x0000000080000028] -> 0xE8B3
mem[X,0x000000008000002A] -> 0x00F8
[15] [M]: 0x0000000080000028 (0x00F8E8B3) or a7, a7, a5
x17 <- 0x00FAB7FBB6FAB7FF

mem[X,0x000000008000002C] -> 0xD913
mem[X,0x000000008000002E] -> 0x0078
[16] [M]: 0x000000008000002C (0x0078D913) srli s2, a7, 0x7
x18 <- 0x0001F56FF76DF56F

mem[X,0x0000000080000030] -> 0xD793
mem[X,0x0000000080000032] -> 0x0398
[17] [M]: 0x0000000080000030 (0x0398D793) srli a5, a7, 0x39
x15 <- 0x0000000000000000

mem[X,0x0000000080000034] -> 0x6933
mem[X,0x0000000080000036] -> 0x00F9
[18] [M]: 0x0000000080000034 (0x00F96933) or s2, s2, a5
x18 <- 0x0001F56FF76DF56F

mem[X,0x0000000080000038] -> 0x5993
mem[X,0x000000008000003A] -> 0x0079
[19] [M]: 0x0000000080000038 (0x00795993) srli s3, s2, 0x7
x19 <- 0x000003EADFEEDBEA

mem[X,0x000000008000003C] -> 0x5793
mem[X,0x000000008000003E] -> 0x0399
[20] [M]: 0x000000008000003C (0x03995793) srli a5, s2, 0x39
x15 <- 0x0000000000000000

mem[X,0x0000000080000040] -> 0xE9B3
mem[X,0x0000000080000042] -> 0x00F9
[21] [M]: 0x0000000080000040 (0x00F9E9B3) or s3, s3, a5
x19 <- 0x000003EADFEEDBEA

mem[X,0x0000000080000044] -> 0xDA13
mem[X,0x0000000080000046] -> 0x0079
[22] [M]: 0x0000000080000044 (0x0079DA13) srli s4, s3, 0x7
x20 <- 0x00000007D5BFDDB7

mem[X,0x0000000080000048] -> 0xD793
mem[X,0x000000008000004A] -> 0x0399
[23] [M]: 0x0000000080000048 (0x0399D793) srli a5, s3, 0x39
x15 <- 0x0000000000000000

mem[X,0x000000008000004C] -> 0x6A33
mem[X,0x000000008000004E] -> 0x00FA
[24] [M]: 0x000000008000004C (0x00FA6A33) or s4, s4, a5
x20 <- 0x00000007D5BFDDB7

mem[X,0x0000000080000050] -> 0x5A93
mem[X,0x0000000080000052] -> 0x007A
[25] [M]: 0x0000000080000050 (0x007A5A93) srli s5, s4, 0x7
x21 <- 0x000000000FAB7FBB

mem[X,0x0000000080000054] -> 0x5793
mem[X,0x0000000080000056] -> 0x039A
[26] [M]: 0x0000000080000054 (0x039A5793) srli a5, s4, 0x39
x15 <- 0x0000000000000000

mem[X,0x0000000080000058] -> 0xEAB3
mem[X,0x000000008000005A] -> 0x00FA
[27] [M]: 0x0000000080000058 (0x00FAEAB3) or s5, s5, a5
x21 <- 0x000000000FAB7FBB

mem[X,0x000000008000005C] -> 0xDB13
mem[X,0x000000008000005E] -> 0x007A
[28] [M]: 0x000000008000005C (0x007ADB13) srli s6, s5, 0x7
x22 <- 0x00000000001F56FF

mem[X,0x0000000080000060] -> 0xD793
mem[X,0x0000000080000062] -> 0x039A
[29] [M]: 0x0000000080000060 (0x039AD793) srli a5, s5, 0x39
x15 <- 0x0000000000000000

mem[X,0x0000000080000064] -> 0x6B33
mem[X,0x0000000080000066] -> 0x00FB
[30] [M]: 0x0000000080000064 (0x00FB6B33) or s6, s6, a5
x22 <- 0x00000000001F56FF

mem[X,0x0000000080000068] -> 0x5B93
mem[X,0x000000008000006A] -> 0x007B
[31] [M]: 0x0000000080000068 (0x007B5B93) srli s7, s6, 0x7
x23 <- 0x0000000000003EAD

mem[X,0x000000008000006C] -> 0x5793
mem[X,0x000000008000006E] -> 0x039B
[32] [M]: 0x000000008000006C (0x039B5793) srli a5, s6, 0x39
x15 <- 0x0000000000000000

mem[X,0x0000000080000070] -> 0xEBB3
mem[X,0x0000000080000072] -> 0x00FB
[33] [M]: 0x0000000080000070 (0x00FBEBB3) or s7, s7, a5
x23 <- 0x0000000000003EAD

mem[X,0x0000000080000074] -> 0xDC13
mem[X,0x0000000080000076] -> 0x007B
[34] [M]: 0x0000000080000074 (0x007BDC13) srli s8, s7, 0x7
x24 <- 0x000000000000007D

mem[X,0x0000000080000078] -> 0xD793
mem[X,0x000000008000007A] -> 0x039B
[35] [M]: 0x0000000080000078 (0x039BD793) srli a5, s7, 0x39
x15 <- 0x0000000000000000

mem[X,0x000000008000007C] -> 0x6C33
mem[X,0x000000008000007E] -> 0x00FC
[36] [M]: 0x000000008000007C (0x00FC6C33) or s8, s8, a5
x24 <- 0x000000000000007D

mem[X,0x0000000080000080] -> 0x5C93
mem[X,0x0000000080000082] -> 0x007C
[37] [M]: 0x0000000080000080 (0x007C5C93) srli s9, s8, 0x7
x25 <- 0x0000000000000000

mem[X,0x0000000080000084] -> 0x5793
mem[X,0x0000000080000086] -> 0x039C
[38] [M]: 0x0000000080000084 (0x039C5793) srli a5, s8, 0x39
x15 <- 0x0000000000000000

mem[X,0x0000000080000088] -> 0xECB3
mem[X,0x000000008000008A] -> 0x00FC
[39] [M]: 0x0000000080000088 (0x00FCECB3) or s9, s9, a5
x25 <- 0x0000000000000000

mem[X,0x000000008000008C] -> 0xDD13
mem[X,0x000000008000008E] -> 0x007C
[40] [M]: 0x000000008000008C (0x007CDD13) srli s10, s9, 0x7
x26 <- 0x0000000000000000

mem[X,0x0000000080000090] -> 0xD793
mem[X,0x0000000080000092] -> 0x039C
[41] [M]: 0x0000000080000090 (0x039CD793) srli a5, s9, 0x39
x15 <- 0x0000000000000000

mem[X,0x0000000080000094] -> 0x6D33
mem[X,0x0000000080000096] -> 0x00FD
[42] [M]: 0x0000000080000094 (0x00FD6D33) or s10, s10, a5
x26 <- 0x0000000000000000

mem[X,0x0000000080000098] -> 0x5D93
mem[X,0x000000008000009A] -> 0x007D
[43] [M]: 0x0000000080000098 (0x007D5D93) srli s11, s10, 0x7
x27 <- 0x0000000000000000

mem[X,0x000000008000009C] -> 0x5793
mem[X,0x000000008000009E] -> 0x039D
[44] [M]: 0x000000008000009C (0x039D5793) srli a5, s10, 0x39
x15 <- 0x0000000000000000

mem[X,0x00000000800000A0] -> 0xEDB3
mem[X,0x00000000800000A2] -> 0x00FD
[45] [M]: 0x00000000800000A0 (0x00FDEDB3) or s11, s11, a5
x27 <- 0x0000000000000000

mem[X,0x00000000800000A4] -> 0xDE13
mem[X,0x00000000800000A6] -> 0x007D
[46] [M]: 0x00000000800000A4 (0x007DDE13) srli t3, s11, 0x7
x28 <- 0x0000000000000000

mem[X,0x00000000800000A8] -> 0xD793
mem[X,0x00000000800000AA] -> 0x039D
[47] [M]: 0x00000000800000A8 (0x039DD793) srli a5, s11, 0x39
x15 <- 0x0000000000000000

mem[X,0x00000000800000AC] -> 0x6E33
mem[X,0x00000000800000AE] -> 0x00FE
[48] [M]: 0x00000000800000AC (0x00FE6E33) or t3, t3, a5
x28 <- 0x0000000000000000

mem[X,0x00000000800000B0] -> 0x5E93
mem[X,0x00000000800000B2] -> 0x007E
[49] [M]: 0x00000000800000B0 (0x007E5E93) srli t4, t3, 0x7
x29 <- 0x0000000000000000

mem[X,0x00000000800000B4] -> 0x5793
mem[X,0x00000000800000B6] -> 0x039E
[50] [M]: 0x00000000800000B4 (0x039E5793) srli a5, t3, 0x39
x15 <- 0x0000000000000000

mem[X,0x00000000800000B8] -> 0xEEB3
mem[X,0x00000000800000BA] -> 0x00FE
[51] [M]: 0x00000000800000B8 (0x00FEEEB3) or t4, t4, a5
x29 <- 0x0000000000000000

mem[X,0x00000000800000BC] -> 0xDF13
mem[X,0x00000000800000BE] -> 0x007E
[52] [M]: 0x00000000800000BC (0x007EDF13) srli t5, t4, 0x7
x30 <- 0x0000000000000000

mem[X,0x00000000800000C0] -> 0xD793
mem[X,0x00000000800000C2] -> 0x039E
[53] [M]: 0x00000000800000C0 (0x039ED793) srli a5, t4, 0x39
x15 <- 0x0000000000000000

mem[X,0x00000000800000C4] -> 0x6F33
mem[X,0x00000000800000C6] -> 0x00FF
[54] [M]: 0x00000000800000C4 (0x00FF6F33) or t5, t5, a5
x30 <- 0x0000000000000000

mem[X,0x00000000800000C8] -> 0xC0B7
mem[X,0x00000000800000CA] -> 0xFEED
[55] [M]: 0x00000000800000C8 (0xFEEDC0B7) lui ra, -0x1124
x1 <- 0xFFFFFFFFFEEDC000

mem[X,0x00000000800000CC] -> 0x8093
mem[X,0x00000000800000CE] -> 0xEAD0
[56] [M]: 0x00000000800000CC (0xEAD08093) addi ra, ra, -0x153
x1 <- 0xFFFFFFFFFEEDBEAD

mem[X,0x00000000800000D0] -> 0x9093
mem[X,0x00000000800000D2] -> 0x00B0
[57] [M]: 0x00000000800000D0 (0x00B09093) slli ra, ra, 0xb
x1 <- 0xFFFFFFF76DF56800

mem[X,0x00000000800000D4] -> 0x8093
mem[X,0x00000000800000D6] -> 0x7F70
[58] [M]: 0x00000000800000D4 (0x7F708093) addi ra, ra, 0x7f7
x1 <- 0xFFFFFFF76DF56FF7

mem[X,0x00000000800000D8] -> 0x9093
mem[X,0x00000000800000DA] -> 0x00B0
[59] [M]: 0x00000000800000D8 (0x00B09093) slli ra, ra, 0xb
x1 <- 0xFFFFBB6FAB7FB800

mem[X,0x00000000800000DC] -> 0x8093
mem[X,0x00000000800000DE] -> 0x36F0
[60] [M]: 0x00000000800000DC (0x36F08093) addi ra, ra, 0x36f
x1 <- 0xFFFFBB6FAB7FBB6F

mem[X,0x00000000800000E0] -> 0x9093
mem[X,0x00000000800000E2] -> 0x00A0
[61] [M]: 0x00000000800000E0 (0x00A09093) slli ra, ra, 0xa
x1 <- 0xFEEDBEADFEEDBC00

mem[X,0x00000000800000E4] -> 0x8093
mem[X,0x00000000800000E6] -> 0x2AD0
[62] [M]: 0x00000000800000E4 (0x2AD08093) addi ra, ra, 0x2ad
x1 <- 0xFEEDBEADFEEDBEAD

mem[X,0x00000000800000E8] -> 0xD113
mem[X,0x00000000800000EA] -> 0x0070
[63] [M]: 0x00000000800000E8 (0x0070D113) srli sp, ra, 0x7
x2 <- 0x01FDDB7D5BFDDB7D

mem[X,0x00000000800000EC] -> 0xD793
mem[X,0x00000000800000EE] -> 0x0390
[64] [M]: 0x00000000800000EC (0x0390D793) srli a5, ra, 0x39
x15 <- 0x000000000000007F

mem[X,0x00000000800000F0] -> 0x6133
mem[X,0x00000000800000F2] -> 0x00F1
[65] [M]: 0x00000000800000F0 (0x00F16133) or sp, sp, a5
x2 <- 0x01FDDB7D5BFDDB7F

mem[X,0x00000000800000F4] -> 0x5193
mem[X,0x00000000800000F6] -> 0x0071
[66] [M]: 0x00000000800000F4 (0x00715193) srli gp, sp, 0x7
x3 <- 0x0003FBB6FAB7FBB6

mem[X,0x00000000800000F8] -> 0x5793
mem[X,0x00000000800000FA] -> 0x0391
[67] [M]: 0x00000000800000F8 (0x03915793) srli a5, sp, 0x39
x15 <- 0x0000000000000000

mem[X,0x00000000800000FC] -> 0xE1B3
mem[X,0x00000000800000FE] -> 0x00F1
[68] [M]: 0x00000000800000FC (0x00F1E1B3) or gp, gp, a5
x3 <- 0x0003FBB6FAB7FBB6

mem[X,0x0000000080000100] -> 0xD213
mem[X,0x0000000080000102] -> 0x0071
[69] [M]: 0x0000000080000100 (0x0071D213) srli tp, gp, 0x7
x4 <- 0x000007F76DF56FF7

mem[X,0x0000000080000104] -> 0xD793
mem[X,0x0000000080000106] -> 0x0391
[70] [M]: 0x0000000080000104 (0x0391D793) srli a5, gp, 0x39
x15 <- 0x0000000000000000

mem[X,0x0000000080000108] -> 0x6233
mem[X,0x000000008000010A] -> 0x00F2
[71] [M]: 0x0000000080000108 (0x00F26233) or tp, tp, a5
x4 <- 0x000007F76DF56FF7

mem[X,0x000000008000010C] -> 0x5293
mem[X,0x000000008000010E] -> 0x0072
[72] [M]: 0x000000008000010C (0x00725293) srli t0, tp, 0x7
x5 <- 0x0000000FEEDBEADF

mem[X,0x0000000080000110] -> 0x5793
mem[X,0x0000000080000112] -> 0x0392
[73] [M]: 0x0000000080000110 (0x03925793) srli a5, tp, 0x39
x15 <- 0x0000000000000000

mem[X,0x0000000080000114] -> 0xE2B3
mem[X,0x0000000080000116] -> 0x00F2
[74] [M]: 0x0000000080000114 (0x00F2E2B3) or t0, t0, a5
x5 <- 0x0000000FEEDBEADF

mem[X,0x0000000080000118] -> 0xD313
mem[X,0x000000008000011A] -> 0x0072
[75] [M]: 0x0000000080000118 (0x0072D313) srli t1, t0, 0x7
x6 <- 0x000000001FDDB7D5

mem[X,0x000000008000011C] -> 0xD793
mem[X,0x000000008000011E] -> 0x0392
[76] [M]: 0x000000008000011C (0x0392D793) srli a5, t0, 0x39
x15 <- 0x0000000000000000

mem[X,0x0000000080000120] -> 0x6333
mem[X,0x0000000080000122] -> 0x00F3
[77] [M]: 0x0000000080000120 (0x00F36333) or t1, t1, a5
x6 <- 0x000000001FDDB7D5

mem[X,0x0000000080000124] -> 0x5393
mem[X,0x0000000080000126] -> 0x0073
[78] [M]: 0x0000000080000124 (0x00735393) srli t2, t1, 0x7
x7 <- 0x00000000003FBB6F

mem[X,0x0000000080000128] -> 0x5793
mem[X,0x000000008000012A] -> 0x0393
[79] [M]: 0x0000000080000128 (0x03935793) srli a5, t1, 0x39
x15 <- 0x0000000000000000

mem[X,0x000000008000012C] -> 0xE3B3
mem[X,0x000000008000012E] -> 0x00F3
[80] [M]: 0x000000008000012C (0x00F3E3B3) or t2, t2, a5
x7 <- 0x00000000003FBB6F

mem[X,0x0000000080000130] -> 0xD413
mem[X,0x0000000080000132] -> 0x0073
[81] [M]: 0x0000000080000130 (0x0073D413) srli fp, t2, 0x7
x8 <- 0x0000000000007F76

mem[X,0x0000000080000134] -> 0xD793
mem[X,0x0000000080000136] -> 0x0393
[82] [M]: 0x0000000080000134 (0x0393D793) srli a5, t2, 0x39
x15 <- 0x0000000000000000

mem[X,0x0000000080000138] -> 0x6433
mem[X,0x000000008000013A] -> 0x00F4
[83] [M]: 0x0000000080000138 (0x00F46433) or fp, fp, a5
x8 <- 0x0000000000007F76

mem[X,0x000000008000013C] -> 0x5493
mem[X,0x000000008000013E] -> 0x0074
[84] [M]: 0x000000008000013C (0x00745493) srli s1, fp, 0x7
x9 <- 0x00000000000000FE

mem[X,0x0000000080000140] -> 0x5793
mem[X,0x0000000080000142] -> 0x0394
[85] [M]: 0x0000000080000140 (0x03945793) srli a5, fp, 0x39
x15 <- 0x0000000000000000

mem[X,0x0000000080000144] -> 0xE4B3
mem[X,0x0000000080000146] -> 0x00F4
[86] [M]: 0x0000000080000144 (0x00F4E4B3) or s1, s1, a5
x9 <- 0x00000000000000FE

mem[X,0x0000000080000148] -> 0xD513
mem[X,0x000000008000014A] -> 0x0074
[87] [M]: 0x0000000080000148 (0x0074D513) srli a0, s1, 0x7
x10 <- 0x0000000000000001

mem[X,0x000000008000014C] -> 0xD793
mem[X,0x000000008000014E] -> 0x0394
[88] [M]: 0x000000008000014C (0x0394D793) srli a5, s1, 0x39
x15 <- 0x0000000000000000

mem[X,0x0000000080000150] -> 0x6533
mem[X,0x0000000080000152] -> 0x00F5
[89] [M]: 0x0000000080000150 (0x00F56533) or a0, a0, a5
x10 <- 0x0000000000000001

mem[X,0x0000000080000154] -> 0x5593
mem[X,0x0000000080000156] -> 0x0075
[90] [M]: 0x0000000080000154 (0x00755593) srli a1, a0, 0x7
x11 <- 0x0000000000000000

mem[X,0x0000000080000158] -> 0x5793
mem[X,0x000000008000015A] -> 0x0395
[91] [M]: 0x0000000080000158 (0x03955793) srli a5, a0, 0x39
x15 <- 0x0000000000000000

mem[X,0x000000008000015C] -> 0xE5B3
mem[X,0x000000008000015E] -> 0x00F5
[92] [M]: 0x000000008000015C (0x00F5E5B3) or a1, a1, a5
x11 <- 0x0000000000000000

mem[X,0x0000000080000160] -> 0xD613
mem[X,0x0000000080000162] -> 0x0075
[93] [M]: 0x0000000080000160 (0x0075D613) srli a2, a1, 0x7
x12 <- 0x0000000000000000

mem[X,0x0000000080000164] -> 0xD793
mem[X,0x0000000080000166] -> 0x0395
[94] [M]: 0x0000000080000164 (0x0395D793) srli a5, a1, 0x39
x15 <- 0x0000000000000000

mem[X,0x0000000080000168] -> 0x6633
mem[X,0x000000008000016A] -> 0x00F6
[95] [M]: 0x0000000080000168 (0x00F66633) or a2, a2, a5
x12 <- 0x0000000000000000

mem[X,0x000000008000016C] -> 0x5693
mem[X,0x000000008000016E] -> 0x0076
[96] [M]: 0x000000008000016C (0x00765693) srli a3, a2, 0x7
x13 <- 0x0000000000000000

mem[X,0x0000000080000170] -> 0x5793
mem[X,0x0000000080000172] -> 0x0396
[97] [M]: 0x0000000080000170 (0x03965793) srli a5, a2, 0x39
x15 <- 0x0000000000000000

mem[X,0x0000000080000174] -> 0xE6B3
mem[X,0x0000000080000176] -> 0x00F6
[98] [M]: 0x0000000080000174 (0x00F6E6B3) or a3, a3, a5
x13 <- 0x0000000000000000

mem[X,0x0000000080000178] -> 0x0013
mem[X,0x000000008000017A] -> 0x0000
[99] [M]: 0x0000000080000178 (0x00000013) addi zero, zero, 0x0

clint::tick mtime <- 0x0000000000000001
 clint timer pending at mtime 0x0000000000000001
htif::tick 0x0000000000000000
mem[X,0x000000008000017C] -> 0x0013
mem[X,0x000000008000017E] -> 0x0000
[100] [M]: 0x000000008000017C (0x00000013) addi zero, zero, 0x0

mem[X,0x0000000080000180] -> 0x4217
mem[X,0x0000000080000182] -> 0x0000
[101] [M]: 0x0000000080000180 (0x00004217) auipc tp, 0x4
x4 <- 0x0000000080004180

mem[X,0x0000000080000184] -> 0x0213
mem[X,0x0000000080000186] -> 0xF982
[102] [M]: 0x0000000080000184 (0xF9820213) addi tp, tp, -0x68
x4 <- 0x0000000080004118

mem[X,0x0000000080000188] -> 0x0013
mem[X,0x000000008000018A] -> 0x0000
[103] [M]: 0x0000000080000188 (0x00000013) addi zero, zero, 0x0

mem[X,0x000000008000018C] -> 0x0013
mem[X,0x000000008000018E] -> 0x0000
[104] [M]: 0x000000008000018C (0x00000013) addi zero, zero, 0x0

mem[X,0x0000000080000190] -> 0x0013
mem[X,0x0000000080000192] -> 0x0000
[105] [M]: 0x0000000080000190 (0x00000013) addi zero, zero, 0x0

mem[X,0x0000000080000194] -> 0x0013
mem[X,0x0000000080000196] -> 0x0000
[106] [M]: 0x0000000080000194 (0x00000013) addi zero, zero, 0x0

mem[X,0x0000000080000198] -> 0x0013
mem[X,0x000000008000019A] -> 0x0000
[107] [M]: 0x0000000080000198 (0x00000013) addi zero, zero, 0x0

mem[X,0x000000008000019C] -> 0x0013
mem[X,0x000000008000019E] -> 0x0000
[108] [M]: 0x000000008000019C (0x00000013) addi zero, zero, 0x0

mem[X,0x00000000800001A0] -> 0x0037
mem[X,0x00000000800001A2] -> 0xBF40
[109] [M]: 0x00000000800001A0 (0xBF400037) lui zero, -0x40c00

mem[X,0x00000000800001A4] -> 0x0013
mem[X,0x00000000800001A6] -> 0x9040
[110] [M]: 0x00000000800001A4 (0x90400013) addi zero, zero, -0x6fc

mem[X,0x00000000800001A8] -> 0x1013
mem[X,0x00000000800001AA] -> 0x00B0
[111] [M]: 0x00000000800001A8 (0x00B01013) slli zero, zero, 0xb

mem[X,0x00000000800001AC] -> 0x0013
mem[X,0x00000000800001AE] -> 0x0100
[112] [M]: 0x00000000800001AC (0x01000013) addi zero, zero, 0x10

mem[X,0x00000000800001B0] -> 0x1013
mem[X,0x00000000800001B2] -> 0x00B0
[113] [M]: 0x00000000800001B0 (0x00B01013) slli zero, zero, 0xb

mem[X,0x00000000800001B4] -> 0x0013
mem[X,0x00000000800001B6] -> 0x1FE0
[114] [M]: 0x00000000800001B4 (0x1FE00013) addi zero, zero, 0x1fe

mem[X,0x00000000800001B8] -> 0x1013
mem[X,0x00000000800001BA] -> 0x00A0
[115] [M]: 0x00000000800001B8 (0x00A01013) slli zero, zero, 0xa

mem[X,0x00000000800001BC] -> 0x0013
mem[X,0x00000000800001BE] -> 0x1800
[116] [M]: 0x00000000800001BC (0x18000013) addi zero, zero, 0x180

mem[X,0x00000000800001C0] -> 0x20B7
mem[X,0x00000000800001C2] -> 0x3F07
[117] [M]: 0x00000000800001C0 (0x3F0720B7) lui ra, 0x3f072
x1 <- 0x000000003F072000

mem[X,0x00000000800001C4] -> 0x8093
mem[X,0x00000000800001C6] -> 0x0000
[118] [M]: 0x00000000800001C4 (0x00008093) addi ra, ra, 0x0
x1 <- 0x000000003F072000

mem[X,0x00000000800001C8] -> 0x9093
mem[X,0x00000000800001CA] -> 0x00B0
[119] [M]: 0x00000000800001C8 (0x00B09093) slli ra, ra, 0xb
x1 <- 0x000001F839000000

mem[X,0x00000000800001CC] -> 0x8093
mem[X,0x00000000800001CE] -> 0x7BC0
[120] [M]: 0x00000000800001CC (0x7BC08093) addi ra, ra, 0x7bc
x1 <- 0x000001F8390007BC

mem[X,0x00000000800001D0] -> 0x9093
mem[X,0x00000000800001D2] -> 0x00B0
[121] [M]: 0x00000000800001D0 (0x00B09093) slli ra, ra, 0xb
x1 <- 0x000FC1C8003DE000

mem[X,0x00000000800001D4] -> 0x8093
mem[X,0x00000000800001D6] -> 0x0080
[122] [M]: 0x00000000800001D4 (0x00808093) addi ra, ra, 0x8
x1 <- 0x000FC1C8003DE008

mem[X,0x00000000800001D8] -> 0x9093
mem[X,0x00000000800001DA] -> 0x00A0
[123] [M]: 0x00000000800001D8 (0x00A09093) slli ra, ra, 0xa
x1 <- 0x3F072000F7802000

mem[X,0x00000000800001DC] -> 0x8093
mem[X,0x00000000800001DE] -> 0x0FA0
[124] [M]: 0x00000000800001DC (0x0FA08093) addi ra, ra, 0xfa
x1 <- 0x3F072000F78020FA

mem[X,0x00000000800001E0] -> 0x043B
mem[X,0x00000000800001E2] -> 0xFC10
[125] [M]: 0x00000000800001E0 (0xFC10043B) pasubu.b fp, zero, ra
x8 <- 0xE0FCF00084C0F083

mem[X,0x00000000800001E4] -> 0x3023
mem[X,0x00000000800001E6] -> 0x0082
[126] [M]: 0x00000000800001E4 (0x00823023) sd fp, 0x0(tp)
mem[0x0000000080004118] <- 0xE0FCF00084C0F083

mem[X,0x00000000800001E8] -> 0xCDB7
mem[X,0x00000000800001EA] -> 0xF7DF
[127] [M]: 0x00000000800001E8 (0xF7DFCDB7) lui s11, -0x8204
x27 <- 0xFFFFFFFFF7DFC000

mem[X,0x00000000800001EC] -> 0x8D93
mem[X,0x00000000800001EE] -> 0x008D
[128] [M]: 0x00000000800001EC (0x008D8D93) addi s11, s11, 0x8
x27 <- 0xFFFFFFFFF7DFC008

mem[X,0x00000000800001F0] -> 0x9D93
mem[X,0x00000000800001F2] -> 0x00BD
[129] [M]: 0x00000000800001F0 (0x00BD9D93) slli s11, s11, 0xb
x27 <- 0xFFFFFFBEFE004000

mem[X,0x00000000800001F4] -> 0x8D93
mem[X,0x00000000800001F6] -> 0x7C0D
[130] [M]: 0x00000000800001F4 (0x7C0D8D93) addi s11, s11, 0x7c0
x27 <- 0xFFFFFFBEFE0047C0

mem[X,0x00000000800001F8] -> 0x9D93
mem[X,0x00000000800001FA] -> 0x00BD
[131] [M]: 0x00000000800001F8 (0x00BD9D93) slli s11, s11, 0xb
x27 <- 0xFFFDF7F0023E0000

mem[X,0x00000000800001FC] -> 0x8D93
mem[X,0x00000000800001FE] -> 0x0FFD
[132] [M]: 0x00000000800001FC (0x0FFD8D93) addi s11, s11, 0xff
x27 <- 0xFFFDF7F0023E00FF

mem[X,0x0000000080000200] -> 0x9D93
mem[X,0x0000000080000202] -> 0x00AD
[133] [M]: 0x0000000080000200 (0x00AD9D93) slli s11, s11, 0xa
x27 <- 0xF7DFC008F803FC00

mem[X,0x0000000080000204] -> 0x8D93
mem[X,0x0000000080000206] -> 0x2FFD
[134] [M]: 0x0000000080000204 (0x2FFD8D93) addi s11, s11, 0x2ff
x27 <- 0xF7DFC008F803FEFF

mem[X,0x0000000080000208] -> 0xC337
mem[X,0x000000008000020A] -> 0xF803
[135] [M]: 0x0000000080000208 (0xF803C337) lui t1, -0x7fc4
x6 <- 0xFFFFFFFFF803C000

mem[X,0x000000008000020C] -> 0x0313
mem[X,0x000000008000020E] -> 0x0FA3
[136] [M]: 0x000000008000020C (0x0FA30313) addi t1, t1, 0xfa
x6 <- 0xFFFFFFFFF803C0FA

mem[X,0x0000000080000210] -> 0x1313
mem[X,0x0000000080000212] -> 0x00B3
[137] [M]: 0x0000000080000210 (0x00B31313) slli t1, t1, 0xb
x6 <- 0xFFFFFFC01E07D000

mem[X,0x0000000080000214] -> 0x0313
mem[X,0x0000000080000216] -> 0x0283
[138] [M]: 0x0000000080000214 (0x02830313) addi t1, t1, 0x28
x6 <- 0xFFFFFFC01E07D028

mem[X,0x0000000080000218] -> 0x1313
mem[X,0x000000008000021A] -> 0x00B3
[139] [M]: 0x0000000080000218 (0x00B31313) slli t1, t1, 0xb
x6 <- 0xFFFE00F03E814000

mem[X,0x000000008000021C] -> 0x0313
mem[X,0x000000008000021E] -> 0x1003
[140] [M]: 0x000000008000021C (0x10030313) addi t1, t1, 0x100
x6 <- 0xFFFE00F03E814100

mem[X,0x0000000080000220] -> 0x1313
mem[X,0x0000000080000222] -> 0x00A3
[141] [M]: 0x0000000080000220 (0x00A31313) slli t1, t1, 0xa
x6 <- 0xF803C0FA05040000

mem[X,0x0000000080000224] -> 0x0313
mem[X,0x0000000080000226] -> 0x2203
[142] [M]: 0x0000000080000224 (0x22030313) addi t1, t1, 0x220
x6 <- 0xF803C0FA05040220

mem[X,0x0000000080000228] -> 0x833B
mem[X,0x000000008000022A] -> 0xFC6D
[143] [M]: 0x0000000080000228 (0xFC6D833B) pasubu.b t1, s11, t1
x6 <- 0xFF6E008779FF7E6F

mem[X,0x000000008000022C] -> 0x3423
mem[X,0x000000008000022E] -> 0x0062
[144] [M]: 0x000000008000022C (0x00623423) sd t1, 0x8(tp)
mem[0x0000000080004120] <- 0xFF6E008779FF7E6F

mem[X,0x0000000080000230] -> 0x0937
mem[X,0x0000000080000232] -> 0xFDFA
[145] [M]: 0x0000000080000230 (0xFDFA0937) lui s2, -0x2060
x18 <- 0xFFFFFFFFFDFA0000

mem[X,0x0000000080000234] -> 0x0913
mem[X,0x0000000080000236] -> 0x0DF9
[146] [M]: 0x0000000080000234 (0x0DF90913) addi s2, s2, 0xdf
x18 <- 0xFFFFFFFFFDFA00DF

mem[X,0x0000000080000238] -> 0x1913
mem[X,0x000000008000023A] -> 0x00B9
[147] [M]: 0x0000000080000238 (0x00B91913) slli s2, s2, 0xb
x18 <- 0xFFFFFFEFD006F800

mem[X,0x000000008000023C] -> 0x0913
mem[X,0x000000008000023E] -> 0x1FC9
[148] [M]: 0x000000008000023C (0x1FC90913) addi s2, s2, 0x1fc
x18 <- 0xFFFFFFEFD006F9FC

mem[X,0x0000000080000240] -> 0x1913
mem[X,0x0000000080000242] -> 0x00B9
[149] [M]: 0x0000000080000240 (0x00B91913) slli s2, s2, 0xb
x18 <- 0xFFFF7E8037CFE000

mem[X,0x0000000080000244] -> 0x0913
mem[X,0x0000000080000246] -> 0x0159
[150] [M]: 0x0000000080000244 (0x01590913) addi s2, s2, 0x15
x18 <- 0xFFFF7E8037CFE015

mem[X,0x0000000080000248] -> 0x1913
mem[X,0x000000008000024A] -> 0x00A9
[151] [M]: 0x0000000080000248 (0x00A91913) slli s2, s2, 0xa
x18 <- 0xFDFA00DF3F805400

mem[X,0x000000008000024C] -> 0x0913
mem[X,0x000000008000024E] -> 0x1009
[152] [M]: 0x000000008000024C (0x10090913) addi s2, s2, 0x100
x18 <- 0xFDFA00DF3F805500

mem[X,0x0000000080000250] -> 0xE937
mem[X,0x0000000080000252] -> 0x7FF9
[153] [M]: 0x0000000080000250 (0x7FF9E937) lui s2, 0x7ff9e
x18 <- 0x000000007FF9E000

mem[X,0x0000000080000254] -> 0x0913
mem[X,0x0000000080000256] -> 0xF809
[154] [M]: 0x0000000080000254 (0xF8090913) addi s2, s2, -0x80
x18 <- 0x000000007FF9DF80

mem[X,0x0000000080000258] -> 0x1913
mem[X,0x000000008000025A] -> 0x00B9
[155] [M]: 0x0000000080000258 (0x00B91913) slli s2, s2, 0xb
x18 <- 0x000003FFCEFC0000

mem[X,0x000000008000025C] -> 0x0913
mem[X,0x000000008000025E] -> 0x0859
[156] [M]: 0x000000008000025C (0x08590913) addi s2, s2, 0x85
x18 <- 0x000003FFCEFC0085

mem[X,0x0000000080000260] -> 0x1913
mem[X,0x0000000080000262] -> 0x00B9
[157] [M]: 0x0000000080000260 (0x00B91913) slli s2, s2, 0xb
x18 <- 0x001FFE77E0042800

mem[X,0x0000000080000264] -> 0x0913
mem[X,0x0000000080000266] -> 0x7CF9
[158] [M]: 0x0000000080000264 (0x7CF90913) addi s2, s2, 0x7cf
x18 <- 0x001FFE77E0042FCF

mem[X,0x0000000080000268] -> 0x1913
mem[X,0x000000008000026A] -> 0x00A9
[159] [M]: 0x0000000080000268 (0x00A91913) slli s2, s2, 0xa
x18 <- 0x7FF9DF8010BF3C00

mem[X,0x000000008000026C] -> 0x0913
mem[X,0x000000008000026E] -> 0x3079
[160] [M]: 0x000000008000026C (0x30790913) addi s2, s2, 0x307
x18 <- 0x7FF9DF8010BF3F07

mem[X,0x0000000080000270] -> 0x083B
mem[X,0x0000000080000272] -> 0xFD29
[161] [M]: 0x0000000080000270 (0xFD29083B) pasubu.b a6, s2, s2
x16 <- 0x0000000000000000

mem[X,0x0000000080000274] -> 0x3823
mem[X,0x0000000080000276] -> 0x0102
[162] [M]: 0x0000000080000274 (0x01023823) sd a6, 0x10(tp)
mem[0x0000000080004128] <- 0x0000000000000000

mem[X,0x0000000080000278] -> 0x02B7
mem[X,0x000000008000027A] -> 0xF9FE
[163] [M]: 0x0000000080000278 (0xF9FE02B7) lui t0, -0x6020
x5 <- 0xFFFFFFFFF9FE0000

mem[X,0x000000008000027C] -> 0x8293
mem[X,0x000000008000027E] -> 0x0092
[164] [M]: 0x000000008000027C (0x00928293) addi t0, t0, 0x9
x5 <- 0xFFFFFFFFF9FE0009

mem[X,0x0000000080000280] -> 0x9293
mem[X,0x0000000080000282] -> 0x00B2
[165] [M]: 0x0000000080000280 (0x00B29293) slli t0, t0, 0xb
x5 <- 0xFFFFFFCFF0004800

mem[X,0x0000000080000284] -> 0x8293
mem[X,0x0000000080000286] -> 0x5FF2
[166] [M]: 0x0000000080000284 (0x5FF28293) addi t0, t0, 0x5ff
x5 <- 0xFFFFFFCFF0004DFF

mem[X,0x0000000080000288] -> 0x9293
mem[X,0x000000008000028A] -> 0x00B2
[167] [M]: 0x0000000080000288 (0x00B29293) slli t0, t0, 0xb
x5 <- 0xFFFE7F80026FF800

mem[X,0x000000008000028C] -> 0x8293
mem[X,0x000000008000028E] -> 0x5812
[168] [M]: 0x000000008000028C (0x58128293) addi t0, t0, 0x581
x5 <- 0xFFFE7F80026FFD81

mem[X,0x0000000080000290] -> 0x9293
mem[X,0x0000000080000292] -> 0x00A2
[169] [M]: 0x0000000080000290 (0x00A29293) slli t0, t0, 0xa
x5 <- 0xF9FE0009BFF60400

mem[X,0x0000000080000294] -> 0x8293
mem[X,0x0000000080000296] -> 0x1012
[170] [M]: 0x0000000080000294 (0x10128293) addi t0, t0, 0x101
x5 <- 0xF9FE0009BFF60501

mem[X,0x0000000080000298] -> 0x04B7
mem[X,0x000000008000029A] -> 0xC0EF
[171] [M]: 0x0000000080000298 (0xC0EF04B7) lui s1, -0x3f110
x9 <- 0xFFFFFFFFC0EF0000

mem[X,0x000000008000029C] -> 0x8493
mem[X,0x000000008000029E] -> 0x63F4
[172] [M]: 0x000000008000029C (0x63F48493) addi s1, s1, 0x63f
x9 <- 0xFFFFFFFFC0EF063F

mem[X,0x00000000800002A0] -> 0x9493
mem[X,0x00000000800002A2] -> 0x00B4
[173] [M]: 0x00000000800002A0 (0x00B49493) slli s1, s1, 0xb
x9 <- 0xFFFFFE077831F800

mem[X,0x00000000800002A4] -> 0x8493
mem[X,0x00000000800002A6] -> 0x2004
[174] [M]: 0x00000000800002A4 (0x20048493) addi s1, s1, 0x200
x9 <- 0xFFFFFE077831FA00

mem[X,0x00000000800002A8] -> 0x9493
mem[X,0x00000000800002AA] -> 0x00B4
[175] [M]: 0x00000000800002A8 (0x00B49493) slli s1, s1, 0xb
x9 <- 0xFFF03BC18FD00000

mem[X,0x00000000800002AC] -> 0x8493
mem[X,0x00000000800002AE] -> 0x0414
[176] [M]: 0x00000000800002AC (0x04148493) addi s1, s1, 0x41
x9 <- 0xFFF03BC18FD00041

mem[X,0x00000000800002B0] -> 0x9493
mem[X,0x00000000800002B2] -> 0x00A4
[177] [M]: 0x00000000800002B0 (0x00A49493) slli s1, s1, 0xa
x9 <- 0xC0EF063F40010400

mem[X,0x00000000800002B4] -> 0x8493
mem[X,0x00000000800002B6] -> 0x0F84
[178] [M]: 0x00000000800002B4 (0x0F848493) addi s1, s1, 0xf8
x9 <- 0xC0EF063F400104F8

mem[X,0x00000000800002B8] -> 0x82BB
mem[X,0x00000000800002BA] -> 0xFC92
[179] [M]: 0x00000000800002B8 (0xFC9282BB) pasubu.b t0, t0, s1
x5 <- 0x1C07FDE53F7A0084

mem[X,0x00000000800002BC] -> 0x3C23
mem[X,0x00000000800002BE] -> 0x0052
[180] [M]: 0x00000000800002BC (0x00523C23) sd t0, 0x18(tp)
mem[0x0000000080004130] <- 0x1C07FDE53F7A0084

mem[X,0x00000000800002C0] -> 0x0B37
mem[X,0x00000000800002C2] -> 0xFC10
[181] [M]: 0x00000000800002C0 (0xFC100B37) lui s6, -0x3f00
x22 <- 0xFFFFFFFFFC100000

mem[X,0x00000000800002C4] -> 0x0B13
mem[X,0x00000000800002C6] -> 0x201B
[182] [M]: 0x00000000800002C4 (0x201B0B13) addi s6, s6, 0x201
x22 <- 0xFFFFFFFFFC100201

mem[X,0x00000000800002C8] -> 0x1B13
mem[X,0x00000000800002CA] -> 0x00BB
[183] [M]: 0x00000000800002C8 (0x00BB1B13) slli s6, s6, 0xb
x22 <- 0xFFFFFFE080100800

mem[X,0x00000000800002CC] -> 0x0B13
mem[X,0x00000000800002CE] -> 0x02FB
[184] [M]: 0x00000000800002CC (0x02FB0B13) addi s6, s6, 0x2f
x22 <- 0xFFFFFFE08010082F

mem[X,0x00000000800002D0] -> 0x1B13
mem[X,0x00000000800002D2] -> 0x00BB
[185] [M]: 0x00000000800002D0 (0x00BB1B13) slli s6, s6, 0xb
x22 <- 0xFFFF040080417800

mem[X,0x00000000800002D4] -> 0x0B13
mem[X,0x00000000800002D6] -> 0x615B
[186] [M]: 0x00000000800002D4 (0x615B0B13) addi s6, s6, 0x615
x22 <- 0xFFFF040080417E15

mem[X,0x00000000800002D8] -> 0x1B13
mem[X,0x00000000800002DA] -> 0x00AB
[187] [M]: 0x00000000800002D8 (0x00AB1B13) slli s6, s6, 0xa
x22 <- 0xFC10020105F85400

mem[X,0x00000000800002DC] -> 0x0B13
mem[X,0x00000000800002DE] -> 0x17FB
[188] [M]: 0x00000000800002DC (0x17FB0B13) addi s6, s6, 0x17f
x22 <- 0xFC10020105F8557F

mem[X,0x00000000800002E0] -> 0xCB37
mem[X,0x00000000800002E2] -> 0xC004
[189] [M]: 0x00000000800002E0 (0xC004CB37) lui s6, -0x3ffb4
x22 <- 0xFFFFFFFFC004C000

mem[X,0x00000000800002E4] -> 0x0B13
mem[X,0x00000000800002E6] -> 0x0BFB
[190] [M]: 0x00000000800002E4 (0x0BFB0B13) addi s6, s6, 0xbf
x22 <- 0xFFFFFFFFC004C0BF

mem[X,0x00000000800002E8] -> 0x1B13
mem[X,0x00000000800002EA] -> 0x00BB
[191] [M]: 0x00000000800002E8 (0x00BB1B13) slli s6, s6, 0xb
x22 <- 0xFFFFFE002605F800

mem[X,0x00000000800002EC] -> 0x0B13
mem[X,0x00000000800002EE] -> 0x081B
[192] [M]: 0x00000000800002EC (0x081B0B13) addi s6, s6, 0x81
x22 <- 0xFFFFFE002605F881

mem[X,0x00000000800002F0] -> 0x1B13
mem[X,0x00000000800002F2] -> 0x00BB
[193] [M]: 0x00000000800002F0 (0x00BB1B13) slli s6, s6, 0xb
x22 <- 0xFFF001302FC40800

mem[X,0x00000000800002F4] -> 0x0B13
mem[X,0x00000000800002F6] -> 0x010B
[194] [M]: 0x00000000800002F4 (0x010B0B13) addi s6, s6, 0x10
x22 <- 0xFFF001302FC40810

mem[X,0x00000000800002F8] -> 0x1B13
mem[X,0x00000000800002FA] -> 0x00AB
[195] [M]: 0x00000000800002F8 (0x00AB1B13) slli s6, s6, 0xa
x22 <- 0xC004C0BF10204000

mem[X,0x00000000800002FC] -> 0x0B13
mem[X,0x00000000800002FE] -> 0x0FCB
[196] [M]: 0x00000000800002FC (0x0FCB0B13) addi s6, s6, 0xfc
x22 <- 0xC004C0BF102040FC

mem[X,0x0000000080000300] -> 0x0B3B
mem[X,0x0000000080000302] -> 0xFD6B
[197] [M]: 0x0000000080000300 (0xFD6B0B3B) pasubu.b s6, s6, s6
x22 <- 0x0000000000000000

mem[X,0x0000000080000304] -> 0x3023
mem[X,0x0000000080000306] -> 0x0362
[198] [M]: 0x0000000080000304 (0x03623023) sd s6, 0x20(tp)
mem[0x0000000080004138] <- 0x0000000000000000

mem[X,0x0000000080000308] -> 0x06B7
mem[X,0x000000008000030A] -> 0xDFFD
[199] [M]: 0x0000000080000308 (0xDFFD06B7) lui a3, -0x20030
x13 <- 0xFFFFFFFFDFFD0000

clint::tick mtime <- 0x0000000000000002
 clint timer pending at mtime 0x0000000000000002
htif::tick 0x0000000000000000
mem[X,0x000000008000030C] -> 0x8693
mem[X,0x000000008000030E] -> 0x9DF6
[200] [M]: 0x000000008000030C (0x9DF68693) addi a3, a3, -0x621
x13 <- 0xFFFFFFFFDFFCF9DF

mem[X,0x0000000080000310] -> 0x9693
mem[X,0x0000000080000312] -> 0x00B6
[201] [M]: 0x0000000080000310 (0x00B69693) slli a3, a3, 0xb
x13 <- 0xFFFFFEFFE7CEF800

mem[X,0x0000000080000314] -> 0x8693
mem[X,0x0000000080000316] -> 0x0076
[202] [M]: 0x0000000080000314 (0x00768693) addi a3, a3, 0x7
x13 <- 0xFFFFFEFFE7CEF807

mem[X,0x0000000080000318] -> 0x9693
mem[X,0x000000008000031A] -> 0x00B6
[203] [M]: 0x0000000080000318 (0x00B69693) slli a3, a3, 0xb
x13 <- 0xFFF7FF3E77C03800

mem[X,0x000000008000031C] -> 0x8693
mem[X,0x000000008000031E] -> 0x6826
[204] [M]: 0x000000008000031C (0x68268693) addi a3, a3, 0x682
x13 <- 0xFFF7FF3E77C03E82

mem[X,0x0000000080000320] -> 0x9693
mem[X,0x0000000080000322] -> 0x00A6
[205] [M]: 0x0000000080000320 (0x00A69693) slli a3, a3, 0xa
x13 <- 0xDFFCF9DF00FA0800

mem[X,0x0000000080000324] -> 0x8693
mem[X,0x0000000080000326] -> 0x1026
[206] [M]: 0x0000000080000324 (0x10268693) addi a3, a3, 0x102
x13 <- 0xDFFCF9DF00FA0902

mem[X,0x0000000080000328] -> 0x02B7
mem[X,0x000000008000032A] -> 0xDF21
[207] [M]: 0x0000000080000328 (0xDF2102B7) lui t0, -0x20df0
x5 <- 0xFFFFFFFFDF210000

mem[X,0x000000008000032C] -> 0x8293
mem[X,0x000000008000032E] -> 0xB072
[208] [M]: 0x000000008000032C (0xB0728293) addi t0, t0, -0x4f9
x5 <- 0xFFFFFFFFDF20FB07

mem[X,0x0000000080000330] -> 0x9293
mem[X,0x0000000080000332] -> 0x00B2
[209] [M]: 0x0000000080000330 (0x00B29293) slli t0, t0, 0xb
x5 <- 0xFFFFFEF907D83800

mem[X,0x0000000080000334] -> 0x8293
mem[X,0x0000000080000336] -> 0x0382
[210] [M]: 0x0000000080000334 (0x03828293) addi t0, t0, 0x38
x5 <- 0xFFFFFEF907D83838

mem[X,0x0000000080000338] -> 0x9293
mem[X,0x000000008000033A] -> 0x00B2
[211] [M]: 0x0000000080000338 (0x00B29293) slli t0, t0, 0xb
x5 <- 0xFFF7C83EC1C1C000

mem[X,0x000000008000033C] -> 0x8293
mem[X,0x000000008000033E] -> 0x40F2
[212] [M]: 0x000000008000033C (0x40F28293) addi t0, t0, 0x40f
x5 <- 0xFFF7C83EC1C1C40F

mem[X,0x0000000080000340] -> 0x9293
mem[X,0x0000000080000342] -> 0x00A2
[213] [M]: 0x0000000080000340 (0x00A29293) slli t0, t0, 0xa
x5 <- 0xDF20FB0707103C00

mem[X,0x0000000080000344] -> 0x8293
mem[X,0x0000000080000346] -> 0x3072
[214] [M]: 0x0000000080000344 (0x30728293) addi t0, t0, 0x307
x5 <- 0xDF20FB0707103F07

mem[X,0x0000000080000348] -> 0x87BB
mem[X,0x000000008000034A] -> 0xFC56
[215] [M]: 0x0000000080000348 (0xFC5687BB) pasubu.b a5, a3, t0
x15 <- 0x006EFF6CFC75E5FD

mem[X,0x000000008000034C] -> 0x3423
mem[X,0x000000008000034E] -> 0x02F2
[216] [M]: 0x000000008000034C (0x02F23423) sd a5, 0x28(tp)
mem[0x0000000080004140] <- 0x006EFF6CFC75E5FD

mem[X,0x0000000080000350] -> 0xC4B7
mem[X,0x0000000080000352] -> 0xAA05
[217] [M]: 0x0000000080000350 (0xAA05C4B7) lui s1, -0x55fa4
x9 <- 0xFFFFFFFFAA05C000

mem[X,0x0000000080000354] -> 0x8493
mem[X,0x0000000080000356] -> 0xF804
[218] [M]: 0x0000000080000354 (0xF8048493) addi s1, s1, -0x80
x9 <- 0xFFFFFFFFAA05BF80

mem[X,0x0000000080000358] -> 0x9493
mem[X,0x000000008000035A] -> 0x00B4
[219] [M]: 0x0000000080000358 (0x00B49493) slli s1, s1, 0xb
x9 <- 0xFFFFFD502DFC0000

mem[X,0x000000008000035C] -> 0x8493
mem[X,0x000000008000035E] -> 0x04F4
[220] [M]: 0x000000008000035C (0x04F48493) addi s1, s1, 0x4f
x9 <- 0xFFFFFD502DFC004F

mem[X,0x0000000080000360] -> 0x9493
mem[X,0x0000000080000362] -> 0x00B4
[221] [M]: 0x0000000080000360 (0x00B49493) slli s1, s1, 0xb
x9 <- 0xFFEA816FE0027800

mem[X,0x0000000080000364] -> 0x8493
mem[X,0x0000000080000366] -> 0x7014
[222] [M]: 0x0000000080000364 (0x70148493) addi s1, s1, 0x701
x9 <- 0xFFEA816FE0027F01

mem[X,0x0000000080000368] -> 0x9493
mem[X,0x000000008000036A] -> 0x00A4
[223] [M]: 0x0000000080000368 (0x00A49493) slli s1, s1, 0xa
x9 <- 0xAA05BF8009FC0400

mem[X,0x000000008000036C] -> 0x8493
mem[X,0x000000008000036E] -> 0x2044
[224] [M]: 0x000000008000036C (0x20448493) addi s1, s1, 0x204
x9 <- 0xAA05BF8009FC0604

mem[X,0x0000000080000370] -> 0x2BB7
mem[X,0x0000000080000372] -> 0xF905
[225] [M]: 0x0000000080000370 (0xF9052BB7) lui s7, -0x6fae
x23 <- 0xFFFFFFFFF9052000

mem[X,0x0000000080000374] -> 0x8B93
mem[X,0x0000000080000376] -> 0x0FEB
[226] [M]: 0x0000000080000374 (0x0FEB8B93) addi s7, s7, 0xfe
x23 <- 0xFFFFFFFFF90520FE

mem[X,0x0000000080000378] -> 0x9B93
mem[X,0x000000008000037A] -> 0x00BB
[227] [M]: 0x0000000080000378 (0x00BB9B93) slli s7, s7, 0xb
x23 <- 0xFFFFFFC82907F000

mem[X,0x000000008000037C] -> 0x8B93
mem[X,0x000000008000037E] -> 0x7B1B
[228] [M]: 0x000000008000037C (0x7B1B8B93) addi s7, s7, 0x7b1
x23 <- 0xFFFFFFC82907F7B1

mem[X,0x0000000080000380] -> 0x9B93
mem[X,0x0000000080000382] -> 0x00BB
[229] [M]: 0x0000000080000380 (0x00BB9B93) slli s7, s7, 0xb
x23 <- 0xFFFE41483FBD8800

mem[X,0x0000000080000384] -> 0x8B93
mem[X,0x0000000080000386] -> 0x000B
[230] [M]: 0x0000000080000384 (0x000B8B93) addi s7, s7, 0x0
x23 <- 0xFFFE41483FBD8800

mem[X,0x0000000080000388] -> 0x9B93
mem[X,0x000000008000038A] -> 0x00AB
[231] [M]: 0x0000000080000388 (0x00AB9B93) slli s7, s7, 0xa
x23 <- 0xF90520FEF6200000

mem[X,0x000000008000038C] -> 0x8B93
mem[X,0x000000008000038E] -> 0x303B
[232] [M]: 0x000000008000038C (0x303B8B93) addi s7, s7, 0x303
x23 <- 0xF90520FEF6200303

mem[X,0x0000000080000390] -> 0x81BB
mem[X,0x0000000080000392] -> 0xFD74
[233] [M]: 0x0000000080000390 (0xFD7481BB) pasubu.b gp, s1, s7
x3 <- 0xD8004FC1896E0100

mem[X,0x0000000080000394] -> 0x3823
mem[X,0x0000000080000396] -> 0x0232
[234] [M]: 0x0000000080000394 (0x02323823) sd gp, 0x30(tp)
mem[0x0000000080004148] <- 0xD8004FC1896E0100

mem[X,0x0000000080000398] -> 0x5837
mem[X,0x000000008000039A] -> 0xBFEF
[235] [M]: 0x0000000080000398 (0xBFEF5837) lui a6, -0x4010b
x16 <- 0xFFFFFFFFBFEF5000

mem[X,0x000000008000039C] -> 0x0813
mem[X,0x000000008000039E] -> 0x5208
[236] [M]: 0x000000008000039C (0x52080813) addi a6, a6, 0x520
x16 <- 0xFFFFFFFFBFEF5520

mem[X,0x00000000800003A0] -> 0x1813
mem[X,0x00000000800003A2] -> 0x00B8
[237] [M]: 0x00000000800003A0 (0x00B81813) slli a6, a6, 0xb
x16 <- 0xFFFFFDFF7AA90000

mem[X,0x00000000800003A4] -> 0x0813
mem[X,0x00000000800003A6] -> 0x04F8
[238] [M]: 0x00000000800003A4 (0x04F80813) addi a6, a6, 0x4f
x16 <- 0xFFFFFDFF7AA9004F

mem[X,0x00000000800003A8] -> 0x1813
mem[X,0x00000000800003AA] -> 0x00B8
[239] [M]: 0x00000000800003A8 (0x00B81813) slli a6, a6, 0xb
x16 <- 0xFFEFFBD548027800

mem[X,0x00000000800003AC] -> 0x0813
mem[X,0x00000000800003AE] -> 0x69F8
[240] [M]: 0x00000000800003AC (0x69F80813) addi a6, a6, 0x69f
x16 <- 0xFFEFFBD548027E9F

mem[X,0x00000000800003B0] -> 0x1813
mem[X,0x00000000800003B2] -> 0x00A8
[241] [M]: 0x00000000800003B0 (0x00A81813) slli a6, a6, 0xa
x16 <- 0xBFEF552009FA7C00

mem[X,0x00000000800003B4] -> 0x0813
mem[X,0x00000000800003B6] -> 0x3088
[242] [M]: 0x00000000800003B4 (0x30880813) addi a6, a6, 0x308
x16 <- 0xBFEF552009FA7F08

mem[X,0x00000000800003B8] -> 0x0C37
mem[X,0x00000000800003BA] -> 0x06F9
[243] [M]: 0x00000000800003B8 (0x06F90C37) lui s8, 0x6f90
x24 <- 0x0000000006F90000

mem[X,0x00000000800003BC] -> 0x0C13
mem[X,0x00000000800003BE] -> 0x6FBC
[244] [M]: 0x00000000800003BC (0x6FBC0C13) addi s8, s8, 0x6fb
x24 <- 0x0000000006F906FB

mem[X,0x00000000800003C0] -> 0x1C13
mem[X,0x00000000800003C2] -> 0x00BC
[245] [M]: 0x00000000800003C0 (0x00BC1C13) slli s8, s8, 0xb
x24 <- 0x00000037C837D800

mem[X,0x00000000800003C4] -> 0x0C13
mem[X,0x00000000800003C6] -> 0x00FC
[246] [M]: 0x00000000800003C4 (0x00FC0C13) addi s8, s8, 0xf
x24 <- 0x00000037C837D80F

mem[X,0x00000000800003C8] -> 0x1C13
mem[X,0x00000000800003CA] -> 0x00BC
[247] [M]: 0x00000000800003C8 (0x00BC1C13) slli s8, s8, 0xb
x24 <- 0x0001BE41BEC07800

mem[X,0x00000000800003CC] -> 0x0C13
mem[X,0x00000000800003CE] -> 0x600C
[248] [M]: 0x00000000800003CC (0x600C0C13) addi s8, s8, 0x600
x24 <- 0x0001BE41BEC07E00

mem[X,0x00000000800003D0] -> 0x1C13
mem[X,0x00000000800003D2] -> 0x00AC
[249] [M]: 0x00000000800003D0 (0x00AC1C13) slli s8, s8, 0xa
x24 <- 0x06F906FB01F80000

mem[X,0x00000000800003D4] -> 0x0C13
mem[X,0x00000000800003D6] -> 0x208C
[250] [M]: 0x00000000800003D4 (0x208C0C13) addi s8, s8, 0x208
x24 <- 0x06F906FB01F80208

mem[X,0x00000000800003D8] -> 0x0BBB
mem[X,0x00000000800003DA] -> 0xFD88
[251] [M]: 0x00000000800003D8 (0xFD880BBB) pasubu.b s7, a6, s8
x23 <- 0x5CFB279204013E00

mem[X,0x00000000800003DC] -> 0x3C23
mem[X,0x00000000800003DE] -> 0x0372
[252] [M]: 0x00000000800003DC (0x03723C23) sd s7, 0x38(tp)
mem[0x0000000080004150] <- 0x5CFB279204013E00

mem[X,0x00000000800003E0] -> 0x01B7
mem[X,0x00000000800003E2] -> 0x1001
[253] [M]: 0x00000000800003E0 (0x100101B7) lui gp, 0x10010
x3 <- 0x0000000010010000

mem[X,0x00000000800003E4] -> 0x8193
mem[X,0x00000000800003E6] -> 0x9071
[254] [M]: 0x00000000800003E4 (0x90718193) addi gp, gp, -0x6f9
x3 <- 0x000000001000F907

mem[X,0x00000000800003E8] -> 0x9193
mem[X,0x00000000800003EA] -> 0x00B1
[255] [M]: 0x00000000800003E8 (0x00B19193) slli gp, gp, 0xb
x3 <- 0x0000008007C83800

mem[X,0x00000000800003EC] -> 0x8193
mem[X,0x00000000800003EE] -> 0x7C81
[256] [M]: 0x00000000800003EC (0x7C818193) addi gp, gp, 0x7c8
x3 <- 0x0000008007C83FC8

mem[X,0x00000000800003F0] -> 0x9193
mem[X,0x00000000800003F2] -> 0x00B1
[257] [M]: 0x00000000800003F0 (0x00B19193) slli gp, gp, 0xb
x3 <- 0x0004003E41FE4000

mem[X,0x00000000800003F4] -> 0x8193
mem[X,0x00000000800003F6] -> 0x0801
[258] [M]: 0x00000000800003F4 (0x08018193) addi gp, gp, 0x80
x3 <- 0x0004003E41FE4080

mem[X,0x00000000800003F8] -> 0x9193
mem[X,0x00000000800003FA] -> 0x00A1
[259] [M]: 0x00000000800003F8 (0x00A19193) slli gp, gp, 0xa
x3 <- 0x1000F907F9020000

mem[X,0x00000000800003FC] -> 0x8193
mem[X,0x00000000800003FE] -> 0x1101
[260] [M]: 0x00000000800003FC (0x11018193) addi gp, gp, 0x110
x3 <- 0x1000F907F9020110

mem[X,0x0000000080000400] -> 0x4437
mem[X,0x0000000080000402] -> 0xDFF7
[261] [M]: 0x0000000080000400 (0xDFF74437) lui fp, -0x2008c
x8 <- 0xFFFFFFFFDFF74000

mem[X,0x0000000080000404] -> 0x0413
mem[X,0x0000000080000406] -> 0x0FF4
[262] [M]: 0x0000000080000404 (0x0FF40413) addi fp, fp, 0xff
x8 <- 0xFFFFFFFFDFF740FF

mem[X,0x0000000080000408] -> 0x1413
mem[X,0x000000008000040A] -> 0x00B4
[263] [M]: 0x0000000080000408 (0x00B41413) slli fp, fp, 0xb
x8 <- 0xFFFFFEFFBA07F800

mem[X,0x000000008000040C] -> 0x0413
mem[X,0x000000008000040E] -> 0x7F04
[264] [M]: 0x000000008000040C (0x7F040413) addi fp, fp, 0x7f0
x8 <- 0xFFFFFEFFBA07FFF0

mem[X,0x0000000080000410] -> 0x1413
mem[X,0x0000000080000412] -> 0x00B4
[265] [M]: 0x0000000080000410 (0x00B41413) slli fp, fp, 0xb
x8 <- 0xFFF7FDD03FFF8000

mem[X,0x0000000080000414] -> 0x0413
mem[X,0x0000000080000416] -> 0x17E4
[266] [M]: 0x0000000080000414 (0x17E40413) addi fp, fp, 0x17e
x8 <- 0xFFF7FDD03FFF817E

mem[X,0x0000000080000418] -> 0x1413
mem[X,0x000000008000041A] -> 0x00A4
[267] [M]: 0x0000000080000418 (0x00A41413) slli fp, fp, 0xa
x8 <- 0xDFF740FFFE05F800

mem[X,0x000000008000041C] -> 0x0413
mem[X,0x000000008000041E] -> 0x3F74
[268] [M]: 0x000000008000041C (0x3F740413) addi fp, fp, 0x3f7
x8 <- 0xDFF740FFFE05FBF7

mem[X,0x0000000080000420] -> 0x89BB
mem[X,0x0000000080000422] -> 0xFC81
[269] [M]: 0x0000000080000420 (0xFC8189BB) pasubu.b s3, gp, fp
x19 <- 0x98845C84FDFE838C

mem[X,0x0000000080000424] -> 0x3023
mem[X,0x0000000080000426] -> 0x0532
[270] [M]: 0x0000000080000424 (0x05323023) sd s3, 0x40(tp)
mem[0x0000000080004158] <- 0x98845C84FDFE838C

mem[X,0x0000000080000428] -> 0xC137
mem[X,0x000000008000042A] -> 0x05FA
[271] [M]: 0x0000000080000428 (0x05FAC137) lui sp, 0x5fac
x2 <- 0x0000000005FAC000

mem[X,0x000000008000042C] -> 0x0113
mem[X,0x000000008000042E] -> 0xF091
[272] [M]: 0x000000008000042C (0xF0910113) addi sp, sp, -0xf7
x2 <- 0x0000000005FABF09

mem[X,0x0000000080000430] -> 0x1113
mem[X,0x0000000080000432] -> 0x00B1
[273] [M]: 0x0000000080000430 (0x00B11113) slli sp, sp, 0xb
x2 <- 0x0000002FD5F84800

mem[X,0x0000000080000434] -> 0x0113
mem[X,0x0000000080000436] -> 0x7C71
[274] [M]: 0x0000000080000434 (0x7C710113) addi sp, sp, 0x7c7
x2 <- 0x0000002FD5F84FC7

mem[X,0x0000000080000438] -> 0x1113
mem[X,0x000000008000043A] -> 0x00B1
[275] [M]: 0x0000000080000438 (0x00B11113) slli sp, sp, 0xb
x2 <- 0x00017EAFC27E3800

mem[X,0x000000008000043C] -> 0x0113
mem[X,0x000000008000043E] -> 0x6BE1
[276] [M]: 0x000000008000043C (0x6BE10113) addi sp, sp, 0x6be
x2 <- 0x00017EAFC27E3EBE

mem[X,0x0000000080000440] -> 0x1113
mem[X,0x0000000080000442] -> 0x00A1
[277] [M]: 0x0000000080000440 (0x00A11113) slli sp, sp, 0xa
x2 <- 0x05FABF09F8FAF800

mem[X,0x0000000080000444] -> 0x0113
mem[X,0x0000000080000446] -> 0x1201
[278] [M]: 0x0000000080000444 (0x12010113) addi sp, sp, 0x120
x2 <- 0x05FABF09F8FAF920

mem[X,0x0000000080000448] -> 0x0AB7
mem[X,0x000000008000044A] -> 0xAA09
[279] [M]: 0x0000000080000448 (0xAA090AB7) lui s5, -0x55f70
x21 <- 0xFFFFFFFFAA090000

mem[X,0x000000008000044C] -> 0x8A93
mem[X,0x000000008000044E] -> 0x2FCA
[280] [M]: 0x000000008000044C (0x2FCA8A93) addi s5, s5, 0x2fc
x21 <- 0xFFFFFFFFAA0902FC

mem[X,0x0000000080000450] -> 0x9A93
mem[X,0x0000000080000452] -> 0x00BA
[281] [M]: 0x0000000080000450 (0x00BA9A93) slli s5, s5, 0xb
x21 <- 0xFFFFFD504817E000

mem[X,0x0000000080000454] -> 0x8A93
mem[X,0x0000000080000456] -> 0x007A
[282] [M]: 0x0000000080000454 (0x007A8A93) addi s5, s5, 0x7
x21 <- 0xFFFFFD504817E007

mem[X,0x0000000080000458] -> 0x9A93
mem[X,0x000000008000045A] -> 0x00BA
[283] [M]: 0x0000000080000458 (0x00BA9A93) slli s5, s5, 0xb
x21 <- 0xFFEA8240BF003800

mem[X,0x000000008000045C] -> 0x8A93
mem[X,0x000000008000045E] -> 0x6FEA
[284] [M]: 0x000000008000045C (0x6FEA8A93) addi s5, s5, 0x6fe
x21 <- 0xFFEA8240BF003EFE

mem[X,0x0000000080000460] -> 0x9A93
mem[X,0x0000000080000462] -> 0x00AA
[285] [M]: 0x0000000080000460 (0x00AA9A93) slli s5, s5, 0xa
x21 <- 0xAA0902FC00FBF800

mem[X,0x0000000080000464] -> 0x8A93
mem[X,0x0000000080000466] -> 0x0F8A
[286] [M]: 0x0000000080000464 (0x0F8A8A93) addi s5, s5, 0xf8
x21 <- 0xAA0902FC00FBF8F8

mem[X,0x0000000080000468] -> 0x0EBB
mem[X,0x000000008000046A] -> 0xFD51
[287] [M]: 0x0000000080000468 (0xFD510EBB) pasubu.b t4, sp, s5
x29 <- 0xAD785E867CFF0094

mem[X,0x000000008000046C] -> 0x3423
mem[X,0x000000008000046E] -> 0x05D2
[288] [M]: 0x000000008000046C (0x05D23423) sd t4, 0x48(tp)
mem[0x0000000080004160] <- 0xAD785E867CFF0094

mem[X,0x0000000080000470] -> 0x0D37
mem[X,0x0000000080000472] -> 0x40FA
[289] [M]: 0x0000000080000470 (0x40FA0D37) lui s10, 0x40fa0
x26 <- 0x0000000040FA0000

mem[X,0x0000000080000474] -> 0x0D13
mem[X,0x0000000080000476] -> 0xC08D
[290] [M]: 0x0000000080000474 (0xC08D0D13) addi s10, s10, -0x3f8
x26 <- 0x0000000040F9FC08

mem[X,0x0000000080000478] -> 0x1D13
mem[X,0x000000008000047A] -> 0x00BD
[291] [M]: 0x0000000080000478 (0x00BD1D13) slli s10, s10, 0xb
x26 <- 0x00000207CFE04000

mem[X,0x000000008000047C] -> 0x0D13
mem[X,0x000000008000047E] -> 0x1FFD
[292] [M]: 0x000000008000047C (0x1FFD0D13) addi s10, s10, 0x1ff
x26 <- 0x00000207CFE041FF

mem[X,0x0000000080000480] -> 0x1D13
mem[X,0x0000000080000482] -> 0x00BD
[293] [M]: 0x0000000080000480 (0x00BD1D13) slli s10, s10, 0xb
x26 <- 0x00103E7F020FF800

mem[X,0x0000000080000484] -> 0x0D13
mem[X,0x0000000080000486] -> 0x640D
[294] [M]: 0x0000000080000484 (0x640D0D13) addi s10, s10, 0x640
x26 <- 0x00103E7F020FFE40

mem[X,0x0000000080000488] -> 0x1D13
mem[X,0x000000008000048A] -> 0x00AD
[295] [M]: 0x0000000080000488 (0x00AD1D13) slli s10, s10, 0xa
x26 <- 0x40F9FC083FF90000

mem[X,0x000000008000048C] -> 0x0D13
mem[X,0x000000008000048E] -> 0x240D
[296] [M]: 0x000000008000048C (0x240D0D13) addi s10, s10, 0x240
x26 <- 0x40F9FC083FF90240

mem[X,0x0000000080000490] -> 0x2537
mem[X,0x0000000080000492] -> 0xDF40
[297] [M]: 0x0000000080000490 (0xDF402537) lui a0, -0x20bfe
x10 <- 0xFFFFFFFFDF402000

mem[X,0x0000000080000494] -> 0x0513
mem[X,0x0000000080000496] -> 0x0F85
[298] [M]: 0x0000000080000494 (0x0F850513) addi a0, a0, 0xf8
x10 <- 0xFFFFFFFFDF4020F8

mem[X,0x0000000080000498] -> 0x1513
mem[X,0x000000008000049A] -> 0x00B5
[299] [M]: 0x0000000080000498 (0x00B51513) slli a0, a0, 0xb
x10 <- 0xFFFFFEFA0107C000

clint::tick mtime <- 0x0000000000000003
 clint timer pending at mtime 0x0000000000000003
htif::tick 0x0000000000000000
mem[X,0x000000008000049C] -> 0x0513
mem[X,0x000000008000049E] -> 0x7BF5
[300] [M]: 0x000000008000049C (0x7BF50513) addi a0, a0, 0x7bf
x10 <- 0xFFFFFEFA0107C7BF

mem[X,0x00000000800004A0] -> 0x1513
mem[X,0x00000000800004A2] -> 0x00B5
[301] [M]: 0x00000000800004A0 (0x00B51513) slli a0, a0, 0xb
x10 <- 0xFFF7D0083E3DF800

mem[X,0x00000000800004A4] -> 0x0513
mem[X,0x00000000800004A6] -> 0x70F5
[302] [M]: 0x00000000800004A4 (0x70F50513) addi a0, a0, 0x70f
x10 <- 0xFFF7D0083E3DFF0F

mem[X,0x00000000800004A8] -> 0x1513
mem[X,0x00000000800004AA] -> 0x00A5
[303] [M]: 0x00000000800004A8 (0x00A51513) slli a0, a0, 0xa
x10 <- 0xDF4020F8F7FC3C00

mem[X,0x00000000800004AC] -> 0x0513
mem[X,0x00000000800004AE] -> 0x3F95
[304] [M]: 0x00000000800004AC (0x3F950513) addi a0, a0, 0x3f9
x10 <- 0xDF4020F8F7FC3FF9

mem[X,0x00000000800004B0] -> 0x03BB
mem[X,0x00000000800004B2] -> 0xFCAD
[305] [M]: 0x00000000800004B0 (0xFCAD03BB) pasubu.b t2, s10, a0
x7 <- 0xB05C6E88A4FEE1A3

mem[X,0x00000000800004B4] -> 0x3823
mem[X,0x00000000800004B6] -> 0x0472
[306] [M]: 0x00000000800004B4 (0x04723823) sd t2, 0x50(tp)
mem[0x0000000080004168] <- 0xB05C6E88A4FEE1A3

mem[X,0x00000000800004B8] -> 0x8BB7
mem[X,0x00000000800004BA] -> 0xDFFE
[307] [M]: 0x00000000800004B8 (0xDFFE8BB7) lui s7, -0x20018
x23 <- 0xFFFFFFFFDFFE8000

mem[X,0x00000000800004BC] -> 0x8B93
mem[X,0x00000000800004BE] -> 0xFDFB
[308] [M]: 0x00000000800004BC (0xFDFB8B93) addi s7, s7, -0x21
x23 <- 0xFFFFFFFFDFFE7FDF

mem[X,0x00000000800004C0] -> 0x9B93
mem[X,0x00000000800004C2] -> 0x00BB
[309] [M]: 0x00000000800004C0 (0x00BB9B93) slli s7, s7, 0xb
x23 <- 0xFFFFFEFFF3FEF800

mem[X,0x00000000800004C4] -> 0x8B93
mem[X,0x00000000800004C6] -> 0x6F8B
[310] [M]: 0x00000000800004C4 (0x6F8B8B93) addi s7, s7, 0x6f8
x23 <- 0xFFFFFEFFF3FEFEF8

mem[X,0x00000000800004C8] -> 0x9B93
mem[X,0x00000000800004CA] -> 0x00BB
[311] [M]: 0x00000000800004C8 (0x00BB9B93) slli s7, s7, 0xb
x23 <- 0xFFF7FF9FF7F7C000

mem[X,0x00000000800004CC] -> 0x8B93
mem[X,0x00000000800004CE] -> 0x26AB
[312] [M]: 0x00000000800004CC (0x26AB8B93) addi s7, s7, 0x26a
x23 <- 0xFFF7FF9FF7F7C26A

mem[X,0x00000000800004D0] -> 0x9B93
mem[X,0x00000000800004D2] -> 0x00AB
[313] [M]: 0x00000000800004D0 (0x00AB9B93) slli s7, s7, 0xa
x23 <- 0xDFFE7FDFDF09A800

mem[X,0x00000000800004D4] -> 0x8B93
mem[X,0x00000000800004D6] -> 0x2FEB
[314] [M]: 0x00000000800004D4 (0x2FEB8B93) addi s7, s7, 0x2fe
x23 <- 0xDFFE7FDFDF09AAFE

mem[X,0x00000000800004D8] -> 0x03B7
mem[X,0x00000000800004DA] -> 0xC000
[315] [M]: 0x00000000800004D8 (0xC00003B7) lui t2, -0x40000
x7 <- 0xFFFFFFFFC0000000

mem[X,0x00000000800004DC] -> 0x8393
mem[X,0x00000000800004DE] -> 0x0FD3
[316] [M]: 0x00000000800004DC (0x0FD38393) addi t2, t2, 0xfd
x7 <- 0xFFFFFFFFC00000FD

mem[X,0x00000000800004E0] -> 0x9393
mem[X,0x00000000800004E2] -> 0x00B3
[317] [M]: 0x00000000800004E0 (0x00B39393) slli t2, t2, 0xb
x7 <- 0xFFFFFE000007E800

mem[X,0x00000000800004E4] -> 0x8393
mem[X,0x00000000800004E6] -> 0x7783
[318] [M]: 0x00000000800004E4 (0x77838393) addi t2, t2, 0x778
x7 <- 0xFFFFFE000007EF78

mem[X,0x00000000800004E8] -> 0x9393
mem[X,0x00000000800004EA] -> 0x00B3
[319] [M]: 0x00000000800004E8 (0x00B39393) slli t2, t2, 0xb
x7 <- 0xFFF000003F7BC000

mem[X,0x00000000800004EC] -> 0x8393
mem[X,0x00000000800004EE] -> 0x1503
[320] [M]: 0x00000000800004EC (0x15038393) addi t2, t2, 0x150
x7 <- 0xFFF000003F7BC150

mem[X,0x00000000800004F0] -> 0x9393
mem[X,0x00000000800004F2] -> 0x00A3
[321] [M]: 0x00000000800004F0 (0x00A39393) slli t2, t2, 0xa
x7 <- 0xC00000FDEF054000

mem[X,0x00000000800004F4] -> 0x8393
mem[X,0x00000000800004F6] -> 0x0033
[322] [M]: 0x00000000800004F4 (0x00338393) addi t2, t2, 0x3
x7 <- 0xC00000FDEF054003

mem[X,0x00000000800004F8] -> 0x8E3B
mem[X,0x00000000800004FA] -> 0xFC7B
[323] [M]: 0x00000000800004F8 (0xFC7B8E3B) pasubu.b t3, s7, t2
x28 <- 0x0F7F3FF1F802357D

mem[X,0x00000000800004FC] -> 0x3C23
mem[X,0x00000000800004FE] -> 0x05C2
[324] [M]: 0x00000000800004FC (0x05C23C23) sd t3, 0x58(tp)
mem[0x0000000080004170] <- 0x0F7F3FF1F802357D

mem[X,0x0000000080000500] -> 0xF737
mem[X,0x0000000080000502] -> 0x06FC
[325] [M]: 0x0000000080000500 (0x06FCF737) lui a4, 0x6fcf
x14 <- 0x0000000006FCF000

mem[X,0x0000000080000504] -> 0x0713
mem[X,0x0000000080000506] -> 0xF047
[326] [M]: 0x0000000080000504 (0xF0470713) addi a4, a4, -0xfc
x14 <- 0x0000000006FCEF04

mem[X,0x0000000080000508] -> 0x1713
mem[X,0x000000008000050A] -> 0x00B7
[327] [M]: 0x0000000080000508 (0x00B71713) slli a4, a4, 0xb
x14 <- 0x00000037E7782000

mem[X,0x000000008000050C] -> 0x0713
mem[X,0x000000008000050E] -> 0x7EF7
[328] [M]: 0x000000008000050C (0x7EF70713) addi a4, a4, 0x7ef
x14 <- 0x00000037E77827EF

mem[X,0x0000000080000510] -> 0x1713
mem[X,0x0000000080000512] -> 0x00B7
[329] [M]: 0x0000000080000510 (0x00B71713) slli a4, a4, 0xb
x14 <- 0x0001BF3BC13F7800

mem[X,0x0000000080000514] -> 0x0713
mem[X,0x0000000080000516] -> 0x6017
[330] [M]: 0x0000000080000514 (0x60170713) addi a4, a4, 0x601
x14 <- 0x0001BF3BC13F7E01

mem[X,0x0000000080000518] -> 0x1713
mem[X,0x000000008000051A] -> 0x00A7
[331] [M]: 0x0000000080000518 (0x00A71713) slli a4, a4, 0xa
x14 <- 0x06FCEF04FDF80400

mem[X,0x000000008000051C] -> 0x0713
mem[X,0x000000008000051E] -> 0x1FD7
[332] [M]: 0x000000008000051C (0x1FD70713) addi a4, a4, 0x1fd
x14 <- 0x06FCEF04FDF805FD

mem[X,0x0000000080000520] -> 0xFFB7
mem[X,0x0000000080000522] -> 0xFC06
[333] [M]: 0x0000000080000520 (0xFC06FFB7) lui t6, -0x3f91
x31 <- 0xFFFFFFFFFC06F000

mem[X,0x0000000080000524] -> 0x8F93
mem[X,0x0000000080000526] -> 0x7FBF
[334] [M]: 0x0000000080000524 (0x7FBF8F93) addi t6, t6, 0x7fb
x31 <- 0xFFFFFFFFFC06F7FB

mem[X,0x0000000080000528] -> 0x9F93
mem[X,0x000000008000052A] -> 0x00BF
[335] [M]: 0x0000000080000528 (0x00BF9F93) slli t6, t6, 0xb
x31 <- 0xFFFFFFE037BFD800

mem[X,0x000000008000052C] -> 0x8F93
mem[X,0x000000008000052E] -> 0x7E0F
[336] [M]: 0x000000008000052C (0x7E0F8F93) addi t6, t6, 0x7e0
x31 <- 0xFFFFFFE037BFDFE0

mem[X,0x0000000080000530] -> 0x9F93
mem[X,0x0000000080000532] -> 0x00BF
[337] [M]: 0x0000000080000530 (0x00BF9F93) slli t6, t6, 0xb
x31 <- 0xFFFF01BDFEFF0000

mem[X,0x0000000080000534] -> 0x8F93
mem[X,0x0000000080000536] -> 0x241F
[338] [M]: 0x0000000080000534 (0x241F8F93) addi t6, t6, 0x241
x31 <- 0xFFFF01BDFEFF0241

mem[X,0x0000000080000538] -> 0x9F93
mem[X,0x000000008000053A] -> 0x00AF
[339] [M]: 0x0000000080000538 (0x00AF9F93) slli t6, t6, 0xa
x31 <- 0xFC06F7FBFC090400

mem[X,0x000000008000053C] -> 0x8F93
mem[X,0x000000008000053E] -> 0x006F
[340] [M]: 0x000000008000053C (0x006F8F93) addi t6, t6, 0x6
x31 <- 0xFC06F7FBFC090406

mem[X,0x0000000080000540] -> 0x0ABB
mem[X,0x0000000080000542] -> 0xFDF7
[341] [M]: 0x0000000080000540 (0xFDF70ABB) pasubu.b s5, a4, t6
x21 <- 0x857BFC840077007B

mem[X,0x0000000080000544] -> 0x3023
mem[X,0x0000000080000546] -> 0x0752
[342] [M]: 0x0000000080000544 (0x07523023) sd s5, 0x60(tp)
mem[0x0000000080004178] <- 0x857BFC840077007B

mem[X,0x0000000080000548] -> 0x1537
mem[X,0x000000008000054A] -> 0xEFFF
[343] [M]: 0x0000000080000548 (0xEFFF1537) lui a0, -0x1000f
x10 <- 0xFFFFFFFFEFFF1000

mem[X,0x000000008000054C] -> 0x0513
mem[X,0x000000008000054E] -> 0x8DF5
[344] [M]: 0x000000008000054C (0x8DF50513) addi a0, a0, -0x721
x10 <- 0xFFFFFFFFEFFF08DF

mem[X,0x0000000080000550] -> 0x1513
mem[X,0x0000000080000552] -> 0x00B5
[345] [M]: 0x0000000080000550 (0x00B51513) slli a0, a0, 0xb
x10 <- 0xFFFFFF7FF846F800

mem[X,0x0000000080000554] -> 0x0513
mem[X,0x0000000080000556] -> 0x0185
[346] [M]: 0x0000000080000554 (0x01850513) addi a0, a0, 0x18
x10 <- 0xFFFFFF7FF846F818

mem[X,0x0000000080000558] -> 0x1513
mem[X,0x000000008000055A] -> 0x00B5
[347] [M]: 0x0000000080000558 (0x00B51513) slli a0, a0, 0xb
x10 <- 0xFFFBFFC237C0C000

mem[X,0x000000008000055C] -> 0x0513
mem[X,0x000000008000055E] -> 0x0885
[348] [M]: 0x000000008000055C (0x08850513) addi a0, a0, 0x88
x10 <- 0xFFFBFFC237C0C088

mem[X,0x0000000080000560] -> 0x1513
mem[X,0x0000000080000562] -> 0x00A5
[349] [M]: 0x0000000080000560 (0x00A51513) slli a0, a0, 0xa
x10 <- 0xEFFF08DF03022000

mem[X,0x0000000080000564] -> 0x0513
mem[X,0x0000000080000566] -> 0x0FB5
[350] [M]: 0x0000000080000564 (0x0FB50513) addi a0, a0, 0xfb
x10 <- 0xEFFF08DF030220FB

mem[X,0x0000000080000568] -> 0x0DB7
mem[X,0x000000008000056A] -> 0x05FF
[351] [M]: 0x0000000080000568 (0x05FF0DB7) lui s11, 0x5ff0
x27 <- 0x0000000005FF0000

mem[X,0x000000008000056C] -> 0x8D93
mem[X,0x000000008000056E] -> 0x708D
[352] [M]: 0x000000008000056C (0x708D8D93) addi s11, s11, 0x708
x27 <- 0x0000000005FF0708

mem[X,0x0000000080000570] -> 0x9D93
mem[X,0x0000000080000572] -> 0x00BD
[353] [M]: 0x0000000080000570 (0x00BD9D93) slli s11, s11, 0xb
x27 <- 0x0000002FF8384000

mem[X,0x0000000080000574] -> 0x8D93
mem[X,0x0000000080000576] -> 0x7C7D
[354] [M]: 0x0000000080000574 (0x7C7D8D93) addi s11, s11, 0x7c7
x27 <- 0x0000002FF83847C7

mem[X,0x0000000080000578] -> 0x9D93
mem[X,0x000000008000057A] -> 0x00BD
[355] [M]: 0x0000000080000578 (0x00BD9D93) slli s11, s11, 0xb
x27 <- 0x00017FC1C23E3800

mem[X,0x000000008000057C] -> 0x8D93
mem[X,0x000000008000057E] -> 0x77ED
[356] [M]: 0x000000008000057C (0x77ED8D93) addi s11, s11, 0x77e
x27 <- 0x00017FC1C23E3F7E

mem[X,0x0000000080000580] -> 0x9D93
mem[X,0x0000000080000582] -> 0x00AD
[357] [M]: 0x0000000080000580 (0x00AD9D93) slli s11, s11, 0xa
x27 <- 0x05FF0708F8FDF800

mem[X,0x0000000080000584] -> 0x8D93
mem[X,0x0000000080000586] -> 0x008D
[358] [M]: 0x0000000080000584 (0x008D8D93) addi s11, s11, 0x8
x27 <- 0x05FF0708F8FDF808

mem[X,0x0000000080000588] -> 0x00BB
mem[X,0x000000008000058A] -> 0xFDB5
[359] [M]: 0x0000000080000588 (0xFDB500BB) pasubu.b ra, a0, s11
x1 <- 0x7500006B85829479

mem[X,0x000000008000058C] -> 0x3423
mem[X,0x000000008000058E] -> 0x0612
[360] [M]: 0x000000008000058C (0x06123423) sd ra, 0x68(tp)
mem[0x0000000080004180] <- 0x7500006B85829479

mem[X,0x0000000080000590] -> 0x09B7
mem[X,0x0000000080000592] -> 0x5580
[361] [M]: 0x0000000080000590 (0x558009B7) lui s3, 0x55800
x19 <- 0x0000000055800000

mem[X,0x0000000080000594] -> 0x8993
mem[X,0x0000000080000596] -> 0x1009
[362] [M]: 0x0000000080000594 (0x10098993) addi s3, s3, 0x100
x19 <- 0x0000000055800100

mem[X,0x0000000080000598] -> 0x9993
mem[X,0x000000008000059A] -> 0x00B9
[363] [M]: 0x0000000080000598 (0x00B99993) slli s3, s3, 0xb
x19 <- 0x000002AC00080000

mem[X,0x000000008000059C] -> 0x8993
mem[X,0x000000008000059E] -> 0x7B89
[364] [M]: 0x000000008000059C (0x7B898993) addi s3, s3, 0x7b8
x19 <- 0x000002AC000807B8

mem[X,0x00000000800005A0] -> 0x9993
mem[X,0x00000000800005A2] -> 0x00B9
[365] [M]: 0x00000000800005A0 (0x00B99993) slli s3, s3, 0xb
x19 <- 0x00156000403DC000

mem[X,0x00000000800005A4] -> 0x8993
mem[X,0x00000000800005A6] -> 0x0409
[366] [M]: 0x00000000800005A4 (0x04098993) addi s3, s3, 0x40
x19 <- 0x00156000403DC040

mem[X,0x00000000800005A8] -> 0x9993
mem[X,0x00000000800005AA] -> 0x00A9
[367] [M]: 0x00000000800005A8 (0x00A99993) slli s3, s3, 0xa
x19 <- 0x55800100F7010000

mem[X,0x00000000800005AC] -> 0x8993
mem[X,0x00000000800005AE] -> 0x2F79
[368] [M]: 0x00000000800005AC (0x2F798993) addi s3, s3, 0x2f7
x19 <- 0x55800100F70102F7

mem[X,0x00000000800005B0] -> 0x05B7
mem[X,0x00000000800005B2] -> 0xF680
[369] [M]: 0x00000000800005B0 (0xF68005B7) lui a1, -0x9800
x11 <- 0xFFFFFFFFF6800000

mem[X,0x00000000800005B4] -> 0x8593
mem[X,0x00000000800005B6] -> 0xFF65
[370] [M]: 0x00000000800005B4 (0xFF658593) addi a1, a1, -0xa
x11 <- 0xFFFFFFFFF67FFFF6

mem[X,0x00000000800005B8] -> 0x9593
mem[X,0x00000000800005BA] -> 0x00B5
[371] [M]: 0x00000000800005B8 (0x00B59593) slli a1, a1, 0xb
x11 <- 0xFFFFFFB3FFFFB000

mem[X,0x00000000800005BC] -> 0x8593
mem[X,0x00000000800005BE] -> 0x7CF5
[372] [M]: 0x00000000800005BC (0x7CF58593) addi a1, a1, 0x7cf
x11 <- 0xFFFFFFB3FFFFB7CF

mem[X,0x00000000800005C0] -> 0x9593
mem[X,0x00000000800005C2] -> 0x00B5
[373] [M]: 0x00000000800005C0 (0x00B59593) slli a1, a1, 0xb
x11 <- 0xFFFD9FFFFDBE7800

mem[X,0x00000000800005C4] -> 0x8593
mem[X,0x00000000800005C6] -> 0x6E05
[374] [M]: 0x00000000800005C4 (0x6E058593) addi a1, a1, 0x6e0
x11 <- 0xFFFD9FFFFDBE7EE0

mem[X,0x00000000800005C8] -> 0x9593
mem[X,0x00000000800005CA] -> 0x00A5
[375] [M]: 0x00000000800005C8 (0x00A59593) slli a1, a1, 0xa
x11 <- 0xF67FFFF6F9FB8000

mem[X,0x00000000800005CC] -> 0x8593
mem[X,0x00000000800005CE] -> 0x0C05
[376] [M]: 0x00000000800005CC (0x0C058593) addi a1, a1, 0xc0
x11 <- 0xF67FFFF6F9FB80C0

mem[X,0x00000000800005D0] -> 0x853B
mem[X,0x00000000800005D2] -> 0xFCB9
[377] [M]: 0x00000000800005D0 (0xFCB9853B) pasubu.b a0, s3, a1
x10 <- 0xAF008185FF83C11B

mem[X,0x00000000800005D4] -> 0x3823
mem[X,0x00000000800005D6] -> 0x06A2
[378] [M]: 0x00000000800005D4 (0x06A23823) sd a0, 0x70(tp)
mem[0x0000000080004188] <- 0xAF008185FF83C11B

mem[X,0x00000000800005D8] -> 0x48B7
mem[X,0x00000000800005DA] -> 0xF8F7
[379] [M]: 0x00000000800005D8 (0xF8F748B7) lui a7, -0x708c
x17 <- 0xFFFFFFFFF8F74000

mem[X,0x00000000800005DC] -> 0x8893
mem[X,0x00000000800005DE] -> 0x0558
[380] [M]: 0x00000000800005DC (0x05588893) addi a7, a7, 0x55
x17 <- 0xFFFFFFFFF8F74055

mem[X,0x00000000800005E0] -> 0x9893
mem[X,0x00000000800005E2] -> 0x00B8
[381] [M]: 0x00000000800005E0 (0x00B89893) slli a7, a7, 0xb
x17 <- 0xFFFFFFC7BA02A800

mem[X,0x00000000800005E4] -> 0x8893
mem[X,0x00000000800005E6] -> 0x3FF8
[382] [M]: 0x00000000800005E4 (0x3FF88893) addi a7, a7, 0x3ff
x17 <- 0xFFFFFFC7BA02ABFF

mem[X,0x00000000800005E8] -> 0x9893
mem[X,0x00000000800005EA] -> 0x00B8
[383] [M]: 0x00000000800005E8 (0x00B89893) slli a7, a7, 0xb
x17 <- 0xFFFE3DD0155FF800

mem[X,0x00000000800005EC] -> 0x8893
mem[X,0x00000000800005EE] -> 0x3D58
[384] [M]: 0x00000000800005EC (0x3D588893) addi a7, a7, 0x3d5
x17 <- 0xFFFE3DD0155FFBD5

mem[X,0x00000000800005F0] -> 0x9893
mem[X,0x00000000800005F2] -> 0x00A8
[385] [M]: 0x00000000800005F0 (0x00A89893) slli a7, a7, 0xa
x17 <- 0xF8F740557FEF5400

mem[X,0x00000000800005F4] -> 0x8893
mem[X,0x00000000800005F6] -> 0x1EF8
[386] [M]: 0x00000000800005F4 (0x1EF88893) addi a7, a7, 0x1ef
x17 <- 0xF8F740557FEF55EF

mem[X,0x00000000800005F8] -> 0x0D37
mem[X,0x00000000800005FA] -> 0xF7AA
[387] [M]: 0x00000000800005F8 (0xF7AA0D37) lui s10, -0x8560
x26 <- 0xFFFFFFFFF7AA0000

mem[X,0x00000000800005FC] -> 0x0D13
mem[X,0x00000000800005FE] -> 0x6FED
[388] [M]: 0x00000000800005FC (0x6FED0D13) addi s10, s10, 0x6fe
x26 <- 0xFFFFFFFFF7AA06FE

mem[X,0x0000000080000600] -> 0x1D13
mem[X,0x0000000080000602] -> 0x00BD
[389] [M]: 0x0000000080000600 (0x00BD1D13) slli s10, s10, 0xb
x26 <- 0xFFFFFFBD5037F000

mem[X,0x0000000080000604] -> 0x0D13
mem[X,0x0000000080000606] -> 0x7EFD
[390] [M]: 0x0000000080000604 (0x7EFD0D13) addi s10, s10, 0x7ef
x26 <- 0xFFFFFFBD5037F7EF

mem[X,0x0000000080000608] -> 0x1D13
mem[X,0x000000008000060A] -> 0x00BD
[391] [M]: 0x0000000080000608 (0x00BD1D13) slli s10, s10, 0xb
x26 <- 0xFFFDEA81BFBF7800

mem[X,0x000000008000060C] -> 0x0D13
mem[X,0x000000008000060E] -> 0x6CFD
[392] [M]: 0x000000008000060C (0x6CFD0D13) addi s10, s10, 0x6cf
x26 <- 0xFFFDEA81BFBF7ECF

mem[X,0x0000000080000610] -> 0x1D13
mem[X,0x0000000080000612] -> 0x00AD
[393] [M]: 0x0000000080000610 (0x00AD1D13) slli s10, s10, 0xa
x26 <- 0xF7AA06FEFDFB3C00

mem[X,0x0000000080000614] -> 0x0D13
mem[X,0x0000000080000616] -> 0x33FD
[394] [M]: 0x0000000080000614 (0x33FD0D13) addi s10, s10, 0x33f
x26 <- 0xF7AA06FEFDFB3F3F

mem[X,0x0000000080000618] -> 0x873B
mem[X,0x000000008000061A] -> 0xFDA8
[395] [M]: 0x0000000080000618 (0xFDA8873B) pasubu.b a4, a7, s10
x14 <- 0x00261DABC1FA0B58

mem[X,0x000000008000061C] -> 0x3C23
mem[X,0x000000008000061E] -> 0x06E2
[396] [M]: 0x000000008000061C (0x06E23C23) sd a4, 0x78(tp)
mem[0x0000000080004190] <- 0x00261DABC1FA0B58

mem[X,0x0000000080000620] -> 0x4297
mem[X,0x0000000080000622] -> 0x0000
[397] [M]: 0x0000000080000620 (0x00004297) auipc t0, 0x4
x5 <- 0x0000000080004620

mem[X,0x0000000080000624] -> 0x8293
mem[X,0x0000000080000626] -> 0xB782
[398] [M]: 0x0000000080000624 (0xB7828293) addi t0, t0, -0x488
x5 <- 0x0000000080004198

mem[X,0x0000000080000628] -> 0x0013
mem[X,0x000000008000062A] -> 0x0000
[399] [M]: 0x0000000080000628 (0x00000013) addi zero, zero, 0x0

clint::tick mtime <- 0x0000000000000004
 clint timer pending at mtime 0x0000000000000004
htif::tick 0x0000000000000000
mem[X,0x000000008000062C] -> 0x0013
mem[X,0x000000008000062E] -> 0x0000
[400] [M]: 0x000000008000062C (0x00000013) addi zero, zero, 0x0

mem[X,0x0000000080000630] -> 0x0013
mem[X,0x0000000080000632] -> 0x0000
[401] [M]: 0x0000000080000630 (0x00000013) addi zero, zero, 0x0

mem[X,0x0000000080000634] -> 0x0013
mem[X,0x0000000080000636] -> 0x0000
[402] [M]: 0x0000000080000634 (0x00000013) addi zero, zero, 0x0

mem[X,0x0000000080000638] -> 0x0013
mem[X,0x000000008000063A] -> 0x0000
[403] [M]: 0x0000000080000638 (0x00000013) addi zero, zero, 0x0

mem[X,0x000000008000063C] -> 0x0013
mem[X,0x000000008000063E] -> 0x0000
[404] [M]: 0x000000008000063C (0x00000013) addi zero, zero, 0x0

mem[X,0x0000000080000640] -> 0xEE37
mem[X,0x0000000080000642] -> 0x00FC
[405] [M]: 0x0000000080000640 (0x00FCEE37) lui t3, 0xfce
x28 <- 0x0000000000FCE000

mem[X,0x0000000080000644] -> 0x0E13
mem[X,0x0000000080000646] -> 0xFF6E
[406] [M]: 0x0000000080000644 (0xFF6E0E13) addi t3, t3, -0xa
x28 <- 0x0000000000FCDFF6

mem[X,0x0000000080000648] -> 0x1E13
mem[X,0x000000008000064A] -> 0x00BE
[407] [M]: 0x0000000080000648 (0x00BE1E13) slli t3, t3, 0xb
x28 <- 0x00000007E6FFB000

mem[X,0x000000008000064C] -> 0x0E13
mem[X,0x000000008000064E] -> 0x3FFE
[408] [M]: 0x000000008000064C (0x3FFE0E13) addi t3, t3, 0x3ff
x28 <- 0x00000007E6FFB3FF

mem[X,0x0000000080000650] -> 0x1E13
mem[X,0x0000000080000652] -> 0x00BE
[409] [M]: 0x0000000080000650 (0x00BE1E13) slli t3, t3, 0xb
x28 <- 0x00003F37FD9FF800

mem[X,0x0000000080000654] -> 0x0E13
mem[X,0x0000000080000656] -> 0x6FEE
[410] [M]: 0x0000000080000654 (0x6FEE0E13) addi t3, t3, 0x6fe
x28 <- 0x00003F37FD9FFEFE

mem[X,0x0000000080000658] -> 0x1E13
mem[X,0x000000008000065A] -> 0x00AE
[411] [M]: 0x0000000080000658 (0x00AE1E13) slli t3, t3, 0xa
x28 <- 0x00FCDFF67FFBF800

mem[X,0x000000008000065C] -> 0x0E13
mem[X,0x000000008000065E] -> 0x0DFE
[412] [M]: 0x000000008000065C (0x0DFE0E13) addi t3, t3, 0xdf
x28 <- 0x00FCDFF67FFBF8DF

mem[X,0x0000000080000660] -> 0xF237
mem[X,0x0000000080000662] -> 0x04F6
[413] [M]: 0x0000000080000660 (0x04F6F237) lui tp, 0x4f6f
x4 <- 0x0000000004F6F000

mem[X,0x0000000080000664] -> 0x0213
mem[X,0x0000000080000666] -> 0xFEF2
[414] [M]: 0x0000000080000664 (0xFEF20213) addi tp, tp, -0x11
x4 <- 0x0000000004F6EFEF

mem[X,0x0000000080000668] -> 0x1213
mem[X,0x000000008000066A] -> 0x00B2
[415] [M]: 0x0000000080000668 (0x00B21213) slli tp, tp, 0xb
x4 <- 0x00000027B77F7800

mem[X,0x000000008000066C] -> 0x0213
mem[X,0x000000008000066E] -> 0x1FA2
[416] [M]: 0x000000008000066C (0x1FA20213) addi tp, tp, 0x1fa
x4 <- 0x00000027B77F79FA

mem[X,0x0000000080000670] -> 0x1213
mem[X,0x0000000080000672] -> 0x00B2
[417] [M]: 0x0000000080000670 (0x00B21213) slli tp, tp, 0xb
x4 <- 0x00013DBBFBCFD000

mem[X,0x0000000080000674] -> 0x0213
mem[X,0x0000000080000676] -> 0x5402
[418] [M]: 0x0000000080000674 (0x54020213) addi tp, tp, 0x540
x4 <- 0x00013DBBFBCFD540

mem[X,0x0000000080000678] -> 0x1213
mem[X,0x000000008000067A] -> 0x00A2
[419] [M]: 0x0000000080000678 (0x00A21213) slli tp, tp, 0xa
x4 <- 0x04F6EFEF3F550000

mem[X,0x000000008000067C] -> 0x0213
mem[X,0x000000008000067E] -> 0x2012
[420] [M]: 0x000000008000067C (0x20120213) addi tp, tp, 0x201
x4 <- 0x04F6EFEF3F550201

mem[X,0x0000000080000680] -> 0x0C3B
mem[X,0x0000000080000682] -> 0xFC4E
[421] [M]: 0x0000000080000680 (0xFC4E0C3B) pasubu.b s8, t3, tp
x24 <- 0xFE03F80320537B6F

mem[X,0x0000000080000684] -> 0xB023
mem[X,0x0000000080000686] -> 0x0182
[422] [M]: 0x0000000080000684 (0x0182B023) sd s8, 0x0(t0)
mem[0x0000000080004198] <- 0xFE03F80320537B6F

mem[X,0x0000000080000688] -> 0x1437
mem[X,0x000000008000068A] -> 0x0480
[423] [M]: 0x0000000080000688 (0x04801437) lui fp, 0x4801
x8 <- 0x0000000004801000

mem[X,0x000000008000068C] -> 0x0413
mem[X,0x000000008000068E] -> 0x0F94
[424] [M]: 0x000000008000068C (0x0F940413) addi fp, fp, 0xf9
x8 <- 0x00000000048010F9

mem[X,0x0000000080000690] -> 0x1413
mem[X,0x0000000080000692] -> 0x00B4
[425] [M]: 0x0000000080000690 (0x00B41413) slli fp, fp, 0xb
x8 <- 0x000000240087C800

mem[X,0x0000000080000694] -> 0x0413
mem[X,0x0000000080000696] -> 0x1004
[426] [M]: 0x0000000080000694 (0x10040413) addi fp, fp, 0x100
x8 <- 0x000000240087C900

mem[X,0x0000000080000698] -> 0x1413
mem[X,0x000000008000069A] -> 0x00B4
[427] [M]: 0x0000000080000698 (0x00B41413) slli fp, fp, 0xb
x8 <- 0x000120043E480000

mem[X,0x000000008000069C] -> 0x0413
mem[X,0x000000008000069E] -> 0x0C14
[428] [M]: 0x000000008000069C (0x0C140413) addi fp, fp, 0xc1
x8 <- 0x000120043E4800C1

mem[X,0x00000000800006A0] -> 0x1413
mem[X,0x00000000800006A2] -> 0x00A4
[429] [M]: 0x00000000800006A0 (0x00A41413) slli fp, fp, 0xa
x8 <- 0x048010F920030400

mem[X,0x00000000800006A4] -> 0x0413
mem[X,0x00000000800006A6] -> 0x1BF4
[430] [M]: 0x00000000800006A4 (0x1BF40413) addi fp, fp, 0x1bf
x8 <- 0x048010F9200305BF

mem[X,0x00000000800006A8] -> 0x0637
mem[X,0x00000000800006AA] -> 0x04FB
[431] [M]: 0x00000000800006A8 (0x04FB0637) lui a2, 0x4fb0
x12 <- 0x0000000004FB0000

mem[X,0x00000000800006AC] -> 0x0613
mem[X,0x00000000800006AE] -> 0x0FB6
[432] [M]: 0x00000000800006AC (0x0FB60613) addi a2, a2, 0xfb
x12 <- 0x0000000004FB00FB

mem[X,0x00000000800006B0] -> 0x1613
mem[X,0x00000000800006B2] -> 0x00B6
[433] [M]: 0x00000000800006B0 (0x00B61613) slli a2, a2, 0xb
x12 <- 0x00000027D807D800

mem[X,0x00000000800006B4] -> 0x0613
mem[X,0x00000000800006B6] -> 0x5576
[434] [M]: 0x00000000800006B4 (0x55760613) addi a2, a2, 0x557
x12 <- 0x00000027D807DD57

mem[X,0x00000000800006B8] -> 0x1613
mem[X,0x00000000800006BA] -> 0x00B6
[435] [M]: 0x00000000800006B8 (0x00B61613) slli a2, a2, 0xb
x12 <- 0x00013EC03EEAB800

mem[X,0x00000000800006BC] -> 0x0613
mem[X,0x00000000800006BE] -> 0x5C16
[436] [M]: 0x00000000800006BC (0x5C160613) addi a2, a2, 0x5c1
x12 <- 0x00013EC03EEABDC1

mem[X,0x00000000800006C0] -> 0x1613
mem[X,0x00000000800006C2] -> 0x00A6
[437] [M]: 0x00000000800006C0 (0x00A61613) slli a2, a2, 0xa
x12 <- 0x04FB00FBAAF70400

mem[X,0x00000000800006C4] -> 0x0613
mem[X,0x00000000800006C6] -> 0x1076
[438] [M]: 0x00000000800006C4 (0x10760613) addi a2, a2, 0x107
x12 <- 0x04FB00FBAAF70507

mem[X,0x00000000800006C8] -> 0x0F3B
mem[X,0x00000000800006CA] -> 0xFCC4
[439] [M]: 0x00000000800006C8 (0xFCC40F3B) pasubu.b t5, fp, a2
x30 <- 0x00C208FFBB86005C

mem[X,0x00000000800006CC] -> 0xB423
mem[X,0x00000000800006CE] -> 0x01E2
[440] [M]: 0x00000000800006CC (0x01E2B423) sd t5, 0x8(t0)
mem[0x00000000800041A0] <- 0x00C208FFBB86005C

mem[X,0x00000000800006D0] -> 0x15B7
mem[X,0x00000000800006D2] -> 0xFBDF
[441] [M]: 0x00000000800006D0 (0xFBDF15B7) lui a1, -0x420f
x11 <- 0xFFFFFFFFFBDF1000

mem[X,0x00000000800006D4] -> 0x8593
mem[X,0x00000000800006D6] -> 0x8BF5
[442] [M]: 0x00000000800006D4 (0x8BF58593) addi a1, a1, -0x741
x11 <- 0xFFFFFFFFFBDF08BF

mem[X,0x00000000800006D8] -> 0x9593
mem[X,0x00000000800006DA] -> 0x00B5
[443] [M]: 0x00000000800006D8 (0x00B59593) slli a1, a1, 0xb
x11 <- 0xFFFFFFDEF845F800

mem[X,0x00000000800006DC] -> 0x8593
mem[X,0x00000000800006DE] -> 0x7EC5
[444] [M]: 0x00000000800006DC (0x7EC58593) addi a1, a1, 0x7ec
x11 <- 0xFFFFFFDEF845FFEC

mem[X,0x00000000800006E0] -> 0x9593
mem[X,0x00000000800006E2] -> 0x00B5
[445] [M]: 0x00000000800006E0 (0x00B59593) slli a1, a1, 0xb
x11 <- 0xFFFEF7C22FFF6000

mem[X,0x00000000800006E4] -> 0x8593
mem[X,0x00000000800006E6] -> 0x01F5
[446] [M]: 0x00000000800006E4 (0x01F58593) addi a1, a1, 0x1f
x11 <- 0xFFFEF7C22FFF601F

mem[X,0x00000000800006E8] -> 0x9593
mem[X,0x00000000800006EA] -> 0x00A5
[447] [M]: 0x00000000800006E8 (0x00A59593) slli a1, a1, 0xa
x11 <- 0xFBDF08BFFD807C00

mem[X,0x00000000800006EC] -> 0x8593
mem[X,0x00000000800006EE] -> 0x3555
[448] [M]: 0x00000000800006EC (0x35558593) addi a1, a1, 0x355
x11 <- 0xFBDF08BFFD807F55

mem[X,0x00000000800006F0] -> 0x0A37
mem[X,0x00000000800006F2] -> 0xFAF0
[449] [M]: 0x00000000800006F0 (0xFAF00A37) lui s4, -0x5100
x20 <- 0xFFFFFFFFFAF00000

mem[X,0x00000000800006F4] -> 0x0A13
mem[X,0x00000000800006F6] -> 0xD00A
[450] [M]: 0x00000000800006F4 (0xD00A0A13) addi s4, s4, -0x300
x20 <- 0xFFFFFFFFFAEFFD00

mem[X,0x00000000800006F8] -> 0x1A13
mem[X,0x00000000800006FA] -> 0x00BA
[451] [M]: 0x00000000800006F8 (0x00BA1A13) slli s4, s4, 0xb
x20 <- 0xFFFFFFD77FE80000

mem[X,0x00000000800006FC] -> 0x0A13
mem[X,0x00000000800006FE] -> 0x7E7A
[452] [M]: 0x00000000800006FC (0x7E7A0A13) addi s4, s4, 0x7e7
x20 <- 0xFFFFFFD77FE807E7

mem[X,0x0000000080000700] -> 0x1A13
mem[X,0x0000000080000702] -> 0x00BA
[453] [M]: 0x0000000080000700 (0x00BA1A13) slli s4, s4, 0xb
x20 <- 0xFFFEBBFF403F3800

mem[X,0x0000000080000704] -> 0x0A13
mem[X,0x0000000080000706] -> 0x784A
[454] [M]: 0x0000000080000704 (0x784A0A13) addi s4, s4, 0x784
x20 <- 0xFFFEBBFF403F3F84

mem[X,0x0000000080000708] -> 0x1A13
mem[X,0x000000008000070A] -> 0x00AA
[455] [M]: 0x0000000080000708 (0x00AA1A13) slli s4, s4, 0xa
x20 <- 0xFAEFFD00FCFE1000

mem[X,0x000000008000070C] -> 0x0A13
mem[X,0x000000008000070E] -> 0x010A
[456] [M]: 0x000000008000070C (0x010A0A13) addi s4, s4, 0x10
x20 <- 0xFAEFFD00FCFE1010

mem[X,0x0000000080000710] -> 0x803B
mem[X,0x0000000080000712] -> 0xFD45
[457] [M]: 0x0000000080000710 (0xFD45803B) pasubu.b zero, a1, s4

mem[X,0x0000000080000714] -> 0xB823
mem[X,0x0000000080000716] -> 0x0002
[458] [M]: 0x0000000080000714 (0x0002B823) sd zero, 0x10(t0)
mem[0x00000000800041A8] <- 0x0000000000000000

mem[X,0x0000000080000718] -> 0x0C37
mem[X,0x000000008000071A] -> 0xFCFD
[459] [M]: 0x0000000080000718 (0xFCFD0C37) lui s8, -0x3030
x24 <- 0xFFFFFFFFFCFD0000

mem[X,0x000000008000071C] -> 0x0C13
mem[X,0x000000008000071E] -> 0x206C
[460] [M]: 0x000000008000071C (0x206C0C13) addi s8, s8, 0x206
x24 <- 0xFFFFFFFFFCFD0206

mem[X,0x0000000080000720] -> 0x1C13
mem[X,0x0000000080000722] -> 0x00BC
[461] [M]: 0x0000000080000720 (0x00BC1C13) slli s8, s8, 0xb
x24 <- 0xFFFFFFE7E8103000

mem[X,0x0000000080000724] -> 0x0C13
mem[X,0x0000000080000726] -> 0x5F8C
[462] [M]: 0x0000000080000724 (0x5F8C0C13) addi s8, s8, 0x5f8
x24 <- 0xFFFFFFE7E81035F8

mem[X,0x0000000080000728] -> 0x1C13
mem[X,0x000000008000072A] -> 0x00BC
[463] [M]: 0x0000000080000728 (0x00BC1C13) slli s8, s8, 0xb
x24 <- 0xFFFF3F4081AFC000

mem[X,0x000000008000072C] -> 0x0C13
mem[X,0x000000008000072E] -> 0x220C
[464] [M]: 0x000000008000072C (0x220C0C13) addi s8, s8, 0x220
x24 <- 0xFFFF3F4081AFC220

mem[X,0x0000000080000730] -> 0x1C13
mem[X,0x0000000080000732] -> 0x00AC
[465] [M]: 0x0000000080000730 (0x00AC1C13) slli s8, s8, 0xa
x24 <- 0xFCFD0206BF088000

mem[X,0x0000000080000734] -> 0x0C13
mem[X,0x0000000080000736] -> 0x0AAC
[466] [M]: 0x0000000080000734 (0x0AAC0C13) addi s8, s8, 0xaa
x24 <- 0xFCFD0206BF0880AA

mem[X,0x0000000080000738] -> 0x08B7
mem[X,0x000000008000073A] -> 0x8006
[467] [M]: 0x0000000080000738 (0x800608B7) lui a7, -0x7ffa0
x17 <- 0xFFFFFFFF80060000

mem[X,0x000000008000073C] -> 0x8893
mem[X,0x000000008000073E] -> 0x2F98
[468] [M]: 0x000000008000073C (0x2F988893) addi a7, a7, 0x2f9
x17 <- 0xFFFFFFFF800602F9

mem[X,0x0000000080000740] -> 0x9893
mem[X,0x0000000080000742] -> 0x00B8
[469] [M]: 0x0000000080000740 (0x00B89893) slli a7, a7, 0xb
x17 <- 0xFFFFFC003017C800

mem[X,0x0000000080000744] -> 0x8893
mem[X,0x0000000080000746] -> 0x0088
[470] [M]: 0x0000000080000744 (0x00888893) addi a7, a7, 0x8
x17 <- 0xFFFFFC003017C808

mem[X,0x0000000080000748] -> 0x9893
mem[X,0x000000008000074A] -> 0x00B8
[471] [M]: 0x0000000080000748 (0x00B89893) slli a7, a7, 0xb
x17 <- 0xFFE00180BE404000

mem[X,0x000000008000074C] -> 0x8893
mem[X,0x000000008000074E] -> 0x27E8
[472] [M]: 0x000000008000074C (0x27E88893) addi a7, a7, 0x27e
x17 <- 0xFFE00180BE40427E

mem[X,0x0000000080000750] -> 0x9893
mem[X,0x0000000080000752] -> 0x00A8
[473] [M]: 0x0000000080000750 (0x00A89893) slli a7, a7, 0xa
x17 <- 0x800602F90109F800

mem[X,0x0000000080000754] -> 0x8893
mem[X,0x0000000080000756] -> 0x3DF8
[474] [M]: 0x0000000080000754 (0x3DF88893) addi a7, a7, 0x3df
x17 <- 0x800602F90109FBDF

mem[X,0x0000000080000758] -> 0x063B
mem[X,0x000000008000075A] -> 0xFD1C
[475] [M]: 0x0000000080000758 (0xFD1C063B) pasubu.b a2, s8, a7
x12 <- 0x3E7B00865FFFC2E5

mem[X,0x000000008000075C] -> 0xBC23
mem[X,0x000000008000075E] -> 0x00C2
[476] [M]: 0x000000008000075C (0x00C2BC23) sd a2, 0x18(t0)
mem[0x00000000800041B0] <- 0x3E7B00865FFFC2E5

mem[X,0x0000000080000760] -> 0x0637
mem[X,0x0000000080000762] -> 0x8009
[477] [M]: 0x0000000080000760 (0x80090637) lui a2, -0x7ff70
x12 <- 0xFFFFFFFF80090000

mem[X,0x0000000080000764] -> 0x0613
mem[X,0x0000000080000766] -> 0xDFF6
[478] [M]: 0x0000000080000764 (0xDFF60613) addi a2, a2, -0x201
x12 <- 0xFFFFFFFF8008FDFF

mem[X,0x0000000080000768] -> 0x1613
mem[X,0x000000008000076A] -> 0x00B6
[479] [M]: 0x0000000080000768 (0x00B61613) slli a2, a2, 0xb
x12 <- 0xFFFFFC0047EFF800

mem[X,0x000000008000076C] -> 0x0613
mem[X,0x000000008000076E] -> 0x7F86
[480] [M]: 0x000000008000076C (0x7F860613) addi a2, a2, 0x7f8
x12 <- 0xFFFFFC0047EFFFF8

mem[X,0x0000000080000770] -> 0x1613
mem[X,0x0000000080000772] -> 0x00B6
[481] [M]: 0x0000000080000770 (0x00B61613) slli a2, a2, 0xb
x12 <- 0xFFE0023F7FFFC000

mem[X,0x0000000080000774] -> 0x0613
mem[X,0x0000000080000776] -> 0x23F6
[482] [M]: 0x0000000080000774 (0x23F60613) addi a2, a2, 0x23f
x12 <- 0xFFE0023F7FFFC23F

mem[X,0x0000000080000778] -> 0x1613
mem[X,0x000000008000077A] -> 0x00A6
[483] [M]: 0x0000000080000778 (0x00A61613) slli a2, a2, 0xa
x12 <- 0x8008FDFFFF08FC00

mem[X,0x000000008000077C] -> 0x0613
mem[X,0x000000008000077E] -> 0x3406
[484] [M]: 0x000000008000077C (0x34060613) addi a2, a2, 0x340
x12 <- 0x8008FDFFFF08FF40

mem[X,0x0000000080000780] -> 0x06B7
mem[X,0x0000000080000782] -> 0xEF03
[485] [M]: 0x0000000080000780 (0xEF0306B7) lui a3, -0x10fd0
x13 <- 0xFFFFFFFFEF030000

mem[X,0x0000000080000784] -> 0x8693
mem[X,0x0000000080000786] -> 0xFF76
[486] [M]: 0x0000000080000784 (0xFF768693) addi a3, a3, -0x9
x13 <- 0xFFFFFFFFEF02FFF7

mem[X,0x0000000080000788] -> 0x9693
mem[X,0x000000008000078A] -> 0x00B6
[487] [M]: 0x0000000080000788 (0x00B69693) slli a3, a3, 0xb
x13 <- 0xFFFFFF7817FFB800

mem[X,0x000000008000078C] -> 0x8693
mem[X,0x000000008000078E] -> 0x5566
[488] [M]: 0x000000008000078C (0x55668693) addi a3, a3, 0x556
x13 <- 0xFFFFFF7817FFBD56

mem[X,0x0000000080000790] -> 0x9693
mem[X,0x0000000080000792] -> 0x00B6
[489] [M]: 0x0000000080000790 (0x00B69693) slli a3, a3, 0xb
x13 <- 0xFFFBC0BFFDEAB000

mem[X,0x0000000080000794] -> 0x8693
mem[X,0x0000000080000796] -> 0x0026
[490] [M]: 0x0000000080000794 (0x00268693) addi a3, a3, 0x2
x13 <- 0xFFFBC0BFFDEAB002

mem[X,0x0000000080000798] -> 0x9693
mem[X,0x000000008000079A] -> 0x00A6
[491] [M]: 0x0000000080000798 (0x00A69693) slli a3, a3, 0xa
x13 <- 0xEF02FFF7AAC00800

mem[X,0x000000008000079C] -> 0x8693
mem[X,0x000000008000079E] -> 0x0FE6
[492] [M]: 0x000000008000079C (0x0FE68693) addi a3, a3, 0xfe
x13 <- 0xEF02FFF7AAC008FE

mem[X,0x00000000800007A0] -> 0x013B
mem[X,0x00000000800007A2] -> 0xFCD6
[493] [M]: 0x00000000800007A0 (0xFCD6013B) pasubu.b sp, a2, a3
x2 <- 0xC803FF042AA47BA1

mem[X,0x00000000800007A4] -> 0xB023
mem[X,0x00000000800007A6] -> 0x0222
[494] [M]: 0x00000000800007A4 (0x0222B023) sd sp, 0x20(t0)
mem[0x00000000800041B8] <- 0xC803FF042AA47BA1

mem[X,0x00000000800007A8] -> 0x4CB7
mem[X,0x00000000800007AA] -> 0x04FA
[495] [M]: 0x00000000800007A8 (0x04FA4CB7) lui s9, 0x4fa4
x25 <- 0x0000000004FA4000

mem[X,0x00000000800007AC] -> 0x8C93
mem[X,0x00000000800007AE] -> 0xF00C
[496] [M]: 0x00000000800007AC (0xF00C8C93) addi s9, s9, -0x100
x25 <- 0x0000000004FA3F00

mem[X,0x00000000800007B0] -> 0x9C93
mem[X,0x00000000800007B2] -> 0x00BC
[497] [M]: 0x00000000800007B0 (0x00BC9C93) slli s9, s9, 0xb
x25 <- 0x00000027D1F80000

mem[X,0x00000000800007B4] -> 0x8C93
mem[X,0x00000000800007B6] -> 0x7B8C
[498] [M]: 0x00000000800007B4 (0x7B8C8C93) addi s9, s9, 0x7b8
x25 <- 0x00000027D1F807B8

mem[X,0x00000000800007B8] -> 0x9C93
mem[X,0x00000000800007BA] -> 0x00BC
[499] [M]: 0x00000000800007B8 (0x00BC9C93) slli s9, s9, 0xb
x25 <- 0x00013E8FC03DC000

clint::tick mtime <- 0x0000000000000005
 clint timer pending at mtime 0x0000000000000005
htif::tick 0x0000000000000000
mem[X,0x00000000800007BC] -> 0x8C93
mem[X,0x00000000800007BE] -> 0x100C
[500] [M]: 0x00000000800007BC (0x100C8C93) addi s9, s9, 0x100
x25 <- 0x00013E8FC03DC100

mem[X,0x00000000800007C0] -> 0x9C93
mem[X,0x00000000800007C2] -> 0x00AC
[501] [M]: 0x00000000800007C0 (0x00AC9C93) slli s9, s9, 0xa
x25 <- 0x04FA3F00F7040000

mem[X,0x00000000800007C4] -> 0x8C93
mem[X,0x00000000800007C6] -> 0x040C
[502] [M]: 0x00000000800007C4 (0x040C8C93) addi s9, s9, 0x40
x25 <- 0x04FA3F00F7040040

mem[X,0x00000000800007C8] -> 0x09B7
mem[X,0x00000000800007CA] -> 0x0500
[503] [M]: 0x00000000800007C8 (0x050009B7) lui s3, 0x5000
x19 <- 0x0000000005000000

mem[X,0x00000000800007CC] -> 0x8993
mem[X,0x00000000800007CE] -> 0x0F99
[504] [M]: 0x00000000800007CC (0x0F998993) addi s3, s3, 0xf9
x19 <- 0x00000000050000F9

mem[X,0x00000000800007D0] -> 0x9993
mem[X,0x00000000800007D2] -> 0x00B9
[505] [M]: 0x00000000800007D0 (0x00B99993) slli s3, s3, 0xb
x19 <- 0x000000280007C800

mem[X,0x00000000800007D4] -> 0x8993
mem[X,0x00000000800007D6] -> 0x6FF9
[506] [M]: 0x00000000800007D4 (0x6FF98993) addi s3, s3, 0x6ff
x19 <- 0x000000280007CEFF

mem[X,0x00000000800007D8] -> 0x9993
mem[X,0x00000000800007DA] -> 0x00B9
[507] [M]: 0x00000000800007D8 (0x00B99993) slli s3, s3, 0xb
x19 <- 0x000140003E77F800

mem[X,0x00000000800007DC] -> 0x8993
mem[X,0x00000000800007DE] -> 0x6B79
[508] [M]: 0x00000000800007DC (0x6B798993) addi s3, s3, 0x6b7
x19 <- 0x000140003E77FEB7

mem[X,0x00000000800007E0] -> 0x9993
mem[X,0x00000000800007E2] -> 0x00A9
[509] [M]: 0x00000000800007E0 (0x00A99993) slli s3, s3, 0xa
x19 <- 0x050000F9DFFADC00

mem[X,0x00000000800007E4] -> 0x8993
mem[X,0x00000000800007E6] -> 0x3039
[510] [M]: 0x00000000800007E4 (0x30398993) addi s3, s3, 0x303
x19 <- 0x050000F9DFFADF03

mem[X,0x00000000800007E8] -> 0x823B
mem[X,0x00000000800007EA] -> 0xFD3C
[511] [M]: 0x00000000800007E8 (0xFD3C823B) pasubu.b tp, s9, s3
x4 <- 0xFF7D1F830C85901E

mem[X,0x00000000800007EC] -> 0xB423
mem[X,0x00000000800007EE] -> 0x0242
[512] [M]: 0x00000000800007EC (0x0242B423) sd tp, 0x28(t0)
mem[0x00000000800041C0] <- 0xFF7D1F830C85901E

mem[X,0x00000000800007F0] -> 0xCFB7
mem[X,0x00000000800007F2] -> 0xF707
[513] [M]: 0x00000000800007F0 (0xF707CFB7) lui t6, -0x8f84
x31 <- 0xFFFFFFFFF707C000

mem[X,0x00000000800007F4] -> 0x8F93
mem[X,0x00000000800007F6] -> 0xF55F
[514] [M]: 0x00000000800007F4 (0xF55F8F93) addi t6, t6, -0xab
x31 <- 0xFFFFFFFFF707BF55

mem[X,0x00000000800007F8] -> 0x9F93
mem[X,0x00000000800007FA] -> 0x00BF
[515] [M]: 0x00000000800007F8 (0x00BF9F93) slli t6, t6, 0xb
x31 <- 0xFFFFFFB83DFAA800

mem[X,0x00000000800007FC] -> 0x8F93
mem[X,0x00000000800007FE] -> 0x040F
[516] [M]: 0x00000000800007FC (0x040F8F93) addi t6, t6, 0x40
x31 <- 0xFFFFFFB83DFAA840

mem[X,0x0000000080000800] -> 0x9F93
mem[X,0x0000000080000802] -> 0x00BF
[517] [M]: 0x0000000080000800 (0x00BF9F93) slli t6, t6, 0xb
x31 <- 0xFFFDC1EFD5420000

mem[X,0x0000000080000804] -> 0x8F93
mem[X,0x0000000080000806] -> 0x181F
[518] [M]: 0x0000000080000804 (0x181F8F93) addi t6, t6, 0x181
x31 <- 0xFFFDC1EFD5420181

mem[X,0x0000000080000808] -> 0x9F93
mem[X,0x000000008000080A] -> 0x00AF
[519] [M]: 0x0000000080000808 (0x00AF9F93) slli t6, t6, 0xa
x31 <- 0xF707BF5508060400

mem[X,0x000000008000080C] -> 0x8F93
mem[X,0x000000008000080E] -> 0x080F
[520] [M]: 0x000000008000080C (0x080F8F93) addi t6, t6, 0x80
x31 <- 0xF707BF5508060480

mem[X,0x0000000080000810] -> 0x01B7
mem[X,0x0000000080000812] -> 0xAABF
[521] [M]: 0x0000000080000810 (0xAABF01B7) lui gp, -0x55410
x3 <- 0xFFFFFFFFAABF0000

mem[X,0x0000000080000814] -> 0x8193
mem[X,0x0000000080000816] -> 0x7AA1
[522] [M]: 0x0000000080000814 (0x7AA18193) addi gp, gp, 0x7aa
x3 <- 0xFFFFFFFFAABF07AA

mem[X,0x0000000080000818] -> 0x9193
mem[X,0x000000008000081A] -> 0x00B1
[523] [M]: 0x0000000080000818 (0x00B19193) slli gp, gp, 0xb
x3 <- 0xFFFFFD55F83D5000

mem[X,0x000000008000081C] -> 0x8193
mem[X,0x000000008000081E] -> 0x0481
[524] [M]: 0x000000008000081C (0x04818193) addi gp, gp, 0x48
x3 <- 0xFFFFFD55F83D5048

mem[X,0x0000000080000820] -> 0x9193
mem[X,0x0000000080000822] -> 0x00B1
[525] [M]: 0x0000000080000820 (0x00B19193) slli gp, gp, 0xb
x3 <- 0xFFEAAFC1EA824000

mem[X,0x0000000080000824] -> 0x8193
mem[X,0x0000000080000826] -> 0x1821
[526] [M]: 0x0000000080000824 (0x18218193) addi gp, gp, 0x182
x3 <- 0xFFEAAFC1EA824182

mem[X,0x0000000080000828] -> 0x9193
mem[X,0x000000008000082A] -> 0x00A1
[527] [M]: 0x0000000080000828 (0x00A19193) slli gp, gp, 0xa
x3 <- 0xAABF07AA09060800

mem[X,0x000000008000082C] -> 0x8193
mem[X,0x000000008000082E] -> 0x1C01
[528] [M]: 0x000000008000082C (0x1C018193) addi gp, gp, 0x1c0
x3 <- 0xAABF07AA090609C0

mem[X,0x0000000080000830] -> 0x893B
mem[X,0x0000000080000832] -> 0xFC3F
[529] [M]: 0x0000000080000830 (0xFC3F893B) pasubu.b s2, t6, gp
x18 <- 0x26A45CD5FF00FDE0

mem[X,0x0000000080000834] -> 0xB823
mem[X,0x0000000080000836] -> 0x0322
[530] [M]: 0x0000000080000834 (0x0322B823) sd s2, 0x30(t0)
mem[0x00000000800041C8] <- 0x26A45CD5FF00FDE0

mem[X,0x0000000080000838] -> 0x17B7
mem[X,0x000000008000083A] -> 0x05FB
[531] [M]: 0x0000000080000838 (0x05FB17B7) lui a5, 0x5fb1
x15 <- 0x0000000005FB1000

mem[X,0x000000008000083C] -> 0x8793
mem[X,0x000000008000083E] -> 0x0087
[532] [M]: 0x000000008000083C (0x00878793) addi a5, a5, 0x8
x15 <- 0x0000000005FB1008

mem[X,0x0000000080000840] -> 0x9793
mem[X,0x0000000080000842] -> 0x00B7
[533] [M]: 0x0000000080000840 (0x00B79793) slli a5, a5, 0xb
x15 <- 0x0000002FD8804000

mem[X,0x0000000080000844] -> 0x8793
mem[X,0x0000000080000846] -> 0x3FF7
[534] [M]: 0x0000000080000844 (0x3FF78793) addi a5, a5, 0x3ff
x15 <- 0x0000002FD88043FF

mem[X,0x0000000080000848] -> 0x9793
mem[X,0x000000008000084A] -> 0x00B7
[535] [M]: 0x0000000080000848 (0x00B79793) slli a5, a5, 0xb
x15 <- 0x00017EC4021FF800

mem[X,0x000000008000084C] -> 0x8793
mem[X,0x000000008000084E] -> 0x5C27
[536] [M]: 0x000000008000084C (0x5C278793) addi a5, a5, 0x5c2
x15 <- 0x00017EC4021FFDC2

mem[X,0x0000000080000850] -> 0x9793
mem[X,0x0000000080000852] -> 0x00A7
[537] [M]: 0x0000000080000850 (0x00A79793) slli a5, a5, 0xa
x15 <- 0x05FB10087FF70800

mem[X,0x0000000080000854] -> 0x8793
mem[X,0x0000000080000856] -> 0x0C07
[538] [M]: 0x0000000080000854 (0x0C078793) addi a5, a5, 0xc0
x15 <- 0x05FB10087FF708C0

mem[X,0x0000000080000858] -> 0x0037
mem[X,0x000000008000085A] -> 0xF740
[539] [M]: 0x0000000080000858 (0xF7400037) lui zero, -0x8c00

mem[X,0x000000008000085C] -> 0x0013
mem[X,0x000000008000085E] -> 0x63F0
[540] [M]: 0x000000008000085C (0x63F00013) addi zero, zero, 0x63f

mem[X,0x0000000080000860] -> 0x1013
mem[X,0x0000000080000862] -> 0x00B0
[541] [M]: 0x0000000080000860 (0x00B01013) slli zero, zero, 0xb

mem[X,0x0000000080000864] -> 0x0013
mem[X,0x0000000080000866] -> 0x2AF0
[542] [M]: 0x0000000080000864 (0x2AF00013) addi zero, zero, 0x2af

mem[X,0x0000000080000868] -> 0x1013
mem[X,0x000000008000086A] -> 0x00B0
[543] [M]: 0x0000000080000868 (0x00B01013) slli zero, zero, 0xb

mem[X,0x000000008000086C] -> 0x0013
mem[X,0x000000008000086E] -> 0x5BD0
[544] [M]: 0x000000008000086C (0x5BD00013) addi zero, zero, 0x5bd

mem[X,0x0000000080000870] -> 0x1013
mem[X,0x0000000080000872] -> 0x00A0
[545] [M]: 0x0000000080000870 (0x00A01013) slli zero, zero, 0xa

mem[X,0x0000000080000874] -> 0x0013
mem[X,0x0000000080000876] -> 0x3040
[546] [M]: 0x0000000080000874 (0x30400013) addi zero, zero, 0x304

mem[X,0x0000000080000878] -> 0x8FBB
mem[X,0x000000008000087A] -> 0xFC07
[547] [M]: 0x0000000080000878 (0xFC078FBB) pasubu.b t6, a5, zero
x31 <- 0x027D08043F7B0460

mem[X,0x000000008000087C] -> 0xBC23
mem[X,0x000000008000087E] -> 0x03F2
[548] [M]: 0x000000008000087C (0x03F2BC23) sd t6, 0x38(t0)
mem[0x00000000800041D0] <- 0x027D08043F7B0460

mem[X,0x0000000080000880] -> 0xFAB7
mem[X,0x0000000080000882] -> 0xF7FF
[549] [M]: 0x0000000080000880 (0xF7FFFAB7) lui s5, -0x8001
x21 <- 0xFFFFFFFFF7FFF000

mem[X,0x0000000080000884] -> 0x8A93
mem[X,0x0000000080000886] -> 0x6C0A
[550] [M]: 0x0000000080000884 (0x6C0A8A93) addi s5, s5, 0x6c0
x21 <- 0xFFFFFFFFF7FFF6C0

mem[X,0x0000000080000888] -> 0x9A93
mem[X,0x000000008000088A] -> 0x00BA
[551] [M]: 0x0000000080000888 (0x00BA9A93) slli s5, s5, 0xb
x21 <- 0xFFFFFFBFFFB60000

mem[X,0x000000008000088C] -> 0x8A93
mem[X,0x000000008000088E] -> 0x038A
[552] [M]: 0x000000008000088C (0x038A8A93) addi s5, s5, 0x38
x21 <- 0xFFFFFFBFFFB60038

mem[X,0x0000000080000890] -> 0x9A93
mem[X,0x0000000080000892] -> 0x00BA
[553] [M]: 0x0000000080000890 (0x00BA9A93) slli s5, s5, 0xb
x21 <- 0xFFFDFFFDB001C000

mem[X,0x0000000080000894] -> 0x8A93
mem[X,0x0000000080000896] -> 0x404A
[554] [M]: 0x0000000080000894 (0x404A8A93) addi s5, s5, 0x404
x21 <- 0xFFFDFFFDB001C404

mem[X,0x0000000080000898] -> 0x9A93
mem[X,0x000000008000089A] -> 0x00AA
[555] [M]: 0x0000000080000898 (0x00AA9A93) slli s5, s5, 0xa
x21 <- 0xF7FFF6C007101000

mem[X,0x000000008000089C] -> 0x8A93
mem[X,0x000000008000089E] -> 0x006A
[556] [M]: 0x000000008000089C (0x006A8A93) addi s5, s5, 0x6
x21 <- 0xF7FFF6C007101006

mem[X,0x00000000800008A0] -> 0x0137
mem[X,0x00000000800008A2] -> 0x200A
[557] [M]: 0x00000000800008A0 (0x200A0137) lui sp, 0x200a0
x2 <- 0x00000000200A0000

mem[X,0x00000000800008A4] -> 0x0113
mem[X,0x00000000800008A6] -> 0xB801
[558] [M]: 0x00000000800008A4 (0xB8010113) addi sp, sp, -0x480
x2 <- 0x000000002009FB80

mem[X,0x00000000800008A8] -> 0x1113
mem[X,0x00000000800008AA] -> 0x00B1
[559] [M]: 0x00000000800008A8 (0x00B11113) slli sp, sp, 0xb
x2 <- 0x000001004FDC0000

mem[X,0x00000000800008AC] -> 0x0113
mem[X,0x00000000800008AE] -> 0x03D1
[560] [M]: 0x00000000800008AC (0x03D10113) addi sp, sp, 0x3d
x2 <- 0x000001004FDC003D

mem[X,0x00000000800008B0] -> 0x1113
mem[X,0x00000000800008B2] -> 0x00B1
[561] [M]: 0x00000000800008B0 (0x00B11113) slli sp, sp, 0xb
x2 <- 0x0008027EE001E800

mem[X,0x00000000800008B4] -> 0x0113
mem[X,0x00000000800008B6] -> 0x2801
[562] [M]: 0x00000000800008B4 (0x28010113) addi sp, sp, 0x280
x2 <- 0x0008027EE001EA80

mem[X,0x00000000800008B8] -> 0x1113
mem[X,0x00000000800008BA] -> 0x00A1
[563] [M]: 0x00000000800008B8 (0x00A11113) slli sp, sp, 0xa
x2 <- 0x2009FB8007AA0000

mem[X,0x00000000800008BC] -> 0x0113
mem[X,0x00000000800008BE] -> 0x1F91
[564] [M]: 0x00000000800008BC (0x1F910113) addi sp, sp, 0x1f9
x2 <- 0x2009FB8007AA01F9

mem[X,0x00000000800008C0] -> 0x88BB
mem[X,0x00000000800008C2] -> 0xFC2A
[565] [M]: 0x00000000800008C0 (0xFC2A88BB) pasubu.b a7, s5, sp
x17 <- 0x6B7BFD2000B30786

mem[X,0x00000000800008C4] -> 0xB023
mem[X,0x00000000800008C6] -> 0x0512
[566] [M]: 0x00000000800008C4 (0x0512B023) sd a7, 0x40(t0)
mem[0x00000000800041D8] <- 0x6B7BFD2000B30786

mem[X,0x00000000800008C8] -> 0x1EB7
mem[X,0x00000000800008CA] -> 0x003F
[567] [M]: 0x00000000800008C8 (0x003F1EB7) lui t4, 0x3f1
x29 <- 0x00000000003F1000

mem[X,0x00000000800008CC] -> 0x8E93
mem[X,0x00000000800008CE] -> 0x805E
[568] [M]: 0x00000000800008CC (0x805E8E93) addi t4, t4, -0x7fb
x29 <- 0x00000000003F0805

mem[X,0x00000000800008D0] -> 0x9E93
mem[X,0x00000000800008D2] -> 0x00BE
[569] [M]: 0x00000000800008D0 (0x00BE9E93) slli t4, t4, 0xb
x29 <- 0x00000001F8402800

mem[X,0x00000000800008D4] -> 0x8E93
mem[X,0x00000000800008D6] -> 0x01FE
[570] [M]: 0x00000000800008D4 (0x01FE8E93) addi t4, t4, 0x1f
x29 <- 0x00000001F840281F

mem[X,0x00000000800008D8] -> 0x9E93
mem[X,0x00000000800008DA] -> 0x00BE
[571] [M]: 0x00000000800008D8 (0x00BE9E93) slli t4, t4, 0xb
x29 <- 0x00000FC20140F800

mem[X,0x00000000800008DC] -> 0x8E93
mem[X,0x00000000800008DE] -> 0x6D0E
[572] [M]: 0x00000000800008DC (0x6D0E8E93) addi t4, t4, 0x6d0
x29 <- 0x00000FC20140FED0

mem[X,0x00000000800008E0] -> 0x9E93
mem[X,0x00000000800008E2] -> 0x00AE
[573] [M]: 0x00000000800008E0 (0x00AE9E93) slli t4, t4, 0xa
x29 <- 0x003F080503FB4000

mem[X,0x00000000800008E4] -> 0x8E93
mem[X,0x00000000800008E6] -> 0x010E
[574] [M]: 0x00000000800008E4 (0x010E8E93) addi t4, t4, 0x10
x29 <- 0x003F080503FB4010

mem[X,0x00000000800008E8] -> 0x4837
mem[X,0x00000000800008EA] -> 0x0410
[575] [M]: 0x00000000800008E8 (0x04104837) lui a6, 0x4104
x16 <- 0x0000000004104000

mem[X,0x00000000800008EC] -> 0x0813
mem[X,0x00000000800008EE] -> 0x03F8
[576] [M]: 0x00000000800008EC (0x03F80813) addi a6, a6, 0x3f
x16 <- 0x000000000410403F

mem[X,0x00000000800008F0] -> 0x1813
mem[X,0x00000000800008F2] -> 0x00B8
[577] [M]: 0x00000000800008F0 (0x00B81813) slli a6, a6, 0xb
x16 <- 0x000000208201F800

mem[X,0x00000000800008F4] -> 0x0813
mem[X,0x00000000800008F6] -> 0x7FD8
[578] [M]: 0x00000000800008F4 (0x7FD80813) addi a6, a6, 0x7fd
x16 <- 0x000000208201FFFD

mem[X,0x00000000800008F8] -> 0x1813
mem[X,0x00000000800008FA] -> 0x00B8
[579] [M]: 0x00000000800008F8 (0x00B81813) slli a6, a6, 0xb
x16 <- 0x000104100FFFE800

mem[X,0x00000000800008FC] -> 0x0813
mem[X,0x00000000800008FE] -> 0x7D08
[580] [M]: 0x00000000800008FC (0x7D080813) addi a6, a6, 0x7d0
x16 <- 0x000104100FFFEFD0

mem[X,0x0000000080000900] -> 0x1813
mem[X,0x0000000080000902] -> 0x00A8
[581] [M]: 0x0000000080000900 (0x00A81813) slli a6, a6, 0xa
x16 <- 0x0410403FFFBF4000

mem[X,0x0000000080000904] -> 0x0813
mem[X,0x0000000080000906] -> 0x0C08
[582] [M]: 0x0000000080000904 (0x0C080813) addi a6, a6, 0xc0
x16 <- 0x0410403FFFBF40C0

mem[X,0x0000000080000908] -> 0x86BB
mem[X,0x000000008000090A] -> 0xFD0E
[583] [M]: 0x0000000080000908 (0xFD0E86BB) pasubu.b a3, t4, a6
x13 <- 0xFE17E4E3821E00A8

mem[X,0x000000008000090C] -> 0xB423
mem[X,0x000000008000090E] -> 0x04D2
[584] [M]: 0x000000008000090C (0x04D2B423) sd a3, 0x48(t0)
mem[0x00000000800041E0] <- 0xFE17E4E3821E00A8

mem[X,0x0000000080000910] -> 0x0337
mem[X,0x0000000080000912] -> 0xEF80
[585] [M]: 0x0000000080000910 (0xEF800337) lui t1, -0x10800
x6 <- 0xFFFFFFFFEF800000

mem[X,0x0000000080000914] -> 0x0313
mem[X,0x0000000080000916] -> 0x2043
[586] [M]: 0x0000000080000914 (0x20430313) addi t1, t1, 0x204
x6 <- 0xFFFFFFFFEF800204

mem[X,0x0000000080000918] -> 0x1313
mem[X,0x000000008000091A] -> 0x00B3
[587] [M]: 0x0000000080000918 (0x00B31313) slli t1, t1, 0xb
x6 <- 0xFFFFFF7C00102000

mem[X,0x000000008000091C] -> 0x0313
mem[X,0x000000008000091E] -> 0x3FD3
[588] [M]: 0x000000008000091C (0x3FD30313) addi t1, t1, 0x3fd
x6 <- 0xFFFFFF7C001023FD

mem[X,0x0000000080000920] -> 0x1313
mem[X,0x0000000080000922] -> 0x00B3
[589] [M]: 0x0000000080000920 (0x00B31313) slli t1, t1, 0xb
x6 <- 0xFFFBE000811FE800

mem[X,0x0000000080000924] -> 0x0313
mem[X,0x0000000080000926] -> 0x2BF3
[590] [M]: 0x0000000080000924 (0x2BF30313) addi t1, t1, 0x2bf
x6 <- 0xFFFBE000811FEABF

mem[X,0x0000000080000928] -> 0x1313
mem[X,0x000000008000092A] -> 0x00A3
[591] [M]: 0x0000000080000928 (0x00A31313) slli t1, t1, 0xa
x6 <- 0xEF8002047FAAFC00

mem[X,0x000000008000092C] -> 0x0313
mem[X,0x000000008000092E] -> 0x1FA3
[592] [M]: 0x000000008000092C (0x1FA30313) addi t1, t1, 0x1fa
x6 <- 0xEF8002047FAAFDFA

mem[X,0x0000000080000930] -> 0xB737
mem[X,0x0000000080000932] -> 0xBF01
[593] [M]: 0x0000000080000930 (0xBF01B737) lui a4, -0x40fe5
x14 <- 0xFFFFFFFFBF01B000

mem[X,0x0000000080000934] -> 0x0713
mem[X,0x0000000080000936] -> 0xAFF7
[594] [M]: 0x0000000080000934 (0xAFF70713) addi a4, a4, -0x501
x14 <- 0xFFFFFFFFBF01AAFF

mem[X,0x0000000080000938] -> 0x1713
mem[X,0x000000008000093A] -> 0x00B7
[595] [M]: 0x0000000080000938 (0x00B71713) slli a4, a4, 0xb
x14 <- 0xFFFFFDF80D57F800

mem[X,0x000000008000093C] -> 0x0713
mem[X,0x000000008000093E] -> 0x7E87
[596] [M]: 0x000000008000093C (0x7E870713) addi a4, a4, 0x7e8
x14 <- 0xFFFFFDF80D57FFE8

mem[X,0x0000000080000940] -> 0x1713
mem[X,0x0000000080000942] -> 0x00B7
[597] [M]: 0x0000000080000940 (0x00B71713) slli a4, a4, 0xb
x14 <- 0xFFEFC06ABFFF4000

mem[X,0x0000000080000944] -> 0x0713
mem[X,0x0000000080000946] -> 0x0807
[598] [M]: 0x0000000080000944 (0x08070713) addi a4, a4, 0x80
x14 <- 0xFFEFC06ABFFF4080

mem[X,0x0000000080000948] -> 0x1713
mem[X,0x000000008000094A] -> 0x00A7
[599] [M]: 0x0000000080000948 (0x00A71713) slli a4, a4, 0xa
x14 <- 0xBF01AAFFFD020000

clint::tick mtime <- 0x0000000000000006
 clint timer pending at mtime 0x0000000000000006
htif::tick 0x0000000000000000
mem[X,0x000000008000094C] -> 0x0713
mem[X,0x000000008000094E] -> 0x07F7
[600] [M]: 0x000000008000094C (0x07F70713) addi a4, a4, 0x7f
x14 <- 0xBF01AAFFFD02007F

mem[X,0x0000000080000950] -> 0x0D3B
mem[X,0x0000000080000952] -> 0xFCE3
[601] [M]: 0x0000000080000950 (0xFCE30D3B) pasubu.b s10, t1, a4
x26 <- 0x183FAC82C1547E3D

mem[X,0x0000000080000954] -> 0xB823
mem[X,0x0000000080000956] -> 0x05A2
[602] [M]: 0x0000000080000954 (0x05A2B823) sd s10, 0x50(t0)
mem[0x00000000800041E8] <- 0x183FAC82C1547E3D

mem[X,0x0000000080000958] -> 0x0237
mem[X,0x000000008000095A] -> 0xEF08
[603] [M]: 0x0000000080000958 (0xEF080237) lui tp, -0x10f80
x4 <- 0xFFFFFFFFEF080000

mem[X,0x000000008000095C] -> 0x0213
mem[X,0x000000008000095E] -> 0xDFA2
[604] [M]: 0x000000008000095C (0xDFA20213) addi tp, tp, -0x206
x4 <- 0xFFFFFFFFEF07FDFA

mem[X,0x0000000080000960] -> 0x1213
mem[X,0x0000000080000962] -> 0x00B2
[605] [M]: 0x0000000080000960 (0x00B21213) slli tp, tp, 0xb
x4 <- 0xFFFFFF783FEFD000

mem[X,0x0000000080000964] -> 0x0213
mem[X,0x0000000080000966] -> 0x7E52
[606] [M]: 0x0000000080000964 (0x7E520213) addi tp, tp, 0x7e5
x4 <- 0xFFFFFF783FEFD7E5

mem[X,0x0000000080000968] -> 0x1213
mem[X,0x000000008000096A] -> 0x00B2
[607] [M]: 0x0000000080000968 (0x00B21213) slli tp, tp, 0xb
x4 <- 0xFFFBC1FF7EBF2800

mem[X,0x000000008000096C] -> 0x0213
mem[X,0x000000008000096E] -> 0x7FE2
[608] [M]: 0x000000008000096C (0x7FE20213) addi tp, tp, 0x7fe
x4 <- 0xFFFBC1FF7EBF2FFE

mem[X,0x0000000080000970] -> 0x1213
mem[X,0x0000000080000972] -> 0x00A2
[609] [M]: 0x0000000080000970 (0x00A21213) slli tp, tp, 0xa
x4 <- 0xEF07FDFAFCBFF800

mem[X,0x0000000080000974] -> 0x0213
mem[X,0x0000000080000976] -> 0x3042
[610] [M]: 0x0000000080000974 (0x30420213) addi tp, tp, 0x304
x4 <- 0xEF07FDFAFCBFFB04

mem[X,0x0000000080000978] -> 0xBCB7
mem[X,0x000000008000097A] -> 0xBF7F
[611] [M]: 0x0000000080000978 (0xBF7FBCB7) lui s9, -0x40805
x25 <- 0xFFFFFFFFBF7FB000

mem[X,0x000000008000097C] -> 0x8C93
mem[X,0x000000008000097E] -> 0xAAAC
[612] [M]: 0x000000008000097C (0xAAAC8C93) addi s9, s9, -0x556
x25 <- 0xFFFFFFFFBF7FAAAA

mem[X,0x0000000080000980] -> 0x9C93
mem[X,0x0000000080000982] -> 0x00BC
[613] [M]: 0x0000000080000980 (0x00BC9C93) slli s9, s9, 0xb
x25 <- 0xFFFFFDFBFD555000

mem[X,0x0000000080000984] -> 0x8C93
mem[X,0x0000000080000986] -> 0x1F8C
[614] [M]: 0x0000000080000984 (0x1F8C8C93) addi s9, s9, 0x1f8
x25 <- 0xFFFFFDFBFD5551F8

mem[X,0x0000000080000988] -> 0x9C93
mem[X,0x000000008000098A] -> 0x00BC
[615] [M]: 0x0000000080000988 (0x00BC9C93) slli s9, s9, 0xb
x25 <- 0xFFEFDFEAAA8FC000

mem[X,0x000000008000098C] -> 0x8C93
mem[X,0x000000008000098E] -> 0x042C
[616] [M]: 0x000000008000098C (0x042C8C93) addi s9, s9, 0x42
x25 <- 0xFFEFDFEAAA8FC042

mem[X,0x0000000080000990] -> 0x9C93
mem[X,0x0000000080000992] -> 0x00AC
[617] [M]: 0x0000000080000990 (0x00AC9C93) slli s9, s9, 0xa
x25 <- 0xBF7FAAAA3F010800

mem[X,0x0000000080000994] -> 0x8C93
mem[X,0x0000000080000996] -> 0x002C
[618] [M]: 0x0000000080000994 (0x002C8C93) addi s9, s9, 0x2
x25 <- 0xBF7FAAAA3F010802

mem[X,0x0000000080000998] -> 0x05BB
mem[X,0x000000008000099A] -> 0xFD92
[619] [M]: 0x0000000080000998 (0xFD9205BB) pasubu.b a1, tp, s9
x11 <- 0x18C429285E5F7901

mem[X,0x000000008000099C] -> 0xBC23
mem[X,0x000000008000099E] -> 0x04B2
[620] [M]: 0x000000008000099C (0x04B2BC23) sd a1, 0x58(t0)
mem[0x00000000800041F0] <- 0x18C429285E5F7901

mem[X,0x00000000800009A0] -> 0x00B7
mem[X,0x00000000800009A2] -> 0x4006
[621] [M]: 0x00000000800009A0 (0x400600B7) lui ra, 0x40060
x1 <- 0x0000000040060000

mem[X,0x00000000800009A4] -> 0x8093
mem[X,0x00000000800009A6] -> 0xADF0
[622] [M]: 0x00000000800009A4 (0xADF08093) addi ra, ra, -0x521
x1 <- 0x000000004005FADF

mem[X,0x00000000800009A8] -> 0x9093
mem[X,0x00000000800009AA] -> 0x00B0
[623] [M]: 0x00000000800009A8 (0x00B09093) slli ra, ra, 0xb
x1 <- 0x000002002FD6F800

mem[X,0x00000000800009AC] -> 0x8093
mem[X,0x00000000800009AE] -> 0x04B0
[624] [M]: 0x00000000800009AC (0x04B08093) addi ra, ra, 0x4b
x1 <- 0x000002002FD6F84B

mem[X,0x00000000800009B0] -> 0x9093
mem[X,0x00000000800009B2] -> 0x00B0
[625] [M]: 0x00000000800009B0 (0x00B09093) slli ra, ra, 0xb
x1 <- 0x0010017EB7C25800

mem[X,0x00000000800009B4] -> 0x8093
mem[X,0x00000000800009B6] -> 0x7FD0
[626] [M]: 0x00000000800009B4 (0x7FD08093) addi ra, ra, 0x7fd
x1 <- 0x0010017EB7C25FFD

mem[X,0x00000000800009B8] -> 0x9093
mem[X,0x00000000800009BA] -> 0x00A0
[627] [M]: 0x00000000800009B8 (0x00A09093) slli ra, ra, 0xa
x1 <- 0x4005FADF097FF400

mem[X,0x00000000800009BC] -> 0x8093
mem[X,0x00000000800009BE] -> 0x3090
[628] [M]: 0x00000000800009BC (0x30908093) addi ra, ra, 0x309
x1 <- 0x4005FADF097FF709

mem[X,0x00000000800009C0] -> 0x0EB7
mem[X,0x00000000800009C2] -> 0x0840
[629] [M]: 0x00000000800009C0 (0x08400EB7) lui t4, 0x8400
x29 <- 0x0000000008400000

mem[X,0x00000000800009C4] -> 0x8E93
mem[X,0x00000000800009C6] -> 0x5DFE
[630] [M]: 0x00000000800009C4 (0x5DFE8E93) addi t4, t4, 0x5df
x29 <- 0x00000000084005DF

mem[X,0x00000000800009C8] -> 0x9E93
mem[X,0x00000000800009CA] -> 0x00BE
[631] [M]: 0x00000000800009C8 (0x00BE9E93) slli t4, t4, 0xb
x29 <- 0x00000042002EF800

mem[X,0x00000000800009CC] -> 0x8E93
mem[X,0x00000000800009CE] -> 0x7B0E
[632] [M]: 0x00000000800009CC (0x7B0E8E93) addi t4, t4, 0x7b0
x29 <- 0x00000042002EFFB0

mem[X,0x00000000800009D0] -> 0x9E93
mem[X,0x00000000800009D2] -> 0x00BE
[633] [M]: 0x00000000800009D0 (0x00BE9E93) slli t4, t4, 0xb
x29 <- 0x0002100177FD8000

mem[X,0x00000000800009D4] -> 0x8E93
mem[X,0x00000000800009D6] -> 0x0C0E
[634] [M]: 0x00000000800009D4 (0x0C0E8E93) addi t4, t4, 0xc0
x29 <- 0x0002100177FD80C0

mem[X,0x00000000800009D8] -> 0x9E93
mem[X,0x00000000800009DA] -> 0x00AE
[635] [M]: 0x00000000800009D8 (0x00AE9E93) slli t4, t4, 0xa
x29 <- 0x084005DFF6030000

mem[X,0x00000000800009DC] -> 0x8E93
mem[X,0x00000000800009DE] -> 0x100E
[636] [M]: 0x00000000800009DC (0x100E8E93) addi t4, t4, 0x100
x29 <- 0x084005DFF6030100

mem[X,0x00000000800009E0] -> 0x8DBB
mem[X,0x00000000800009E2] -> 0xFDD0
[637] [M]: 0x00000000800009E0 (0xFDD08DBB) pasubu.b s11, ra, t4
x27 <- 0x1CE27A00893E7B04

mem[X,0x00000000800009E4] -> 0xB023
mem[X,0x00000000800009E6] -> 0x07B2
[638] [M]: 0x00000000800009E4 (0x07B2B023) sd s11, 0x60(t0)
mem[0x00000000800041F8] <- 0x1CE27A00893E7B04

mem[X,0x00000000800009E8] -> 0x03B7
mem[X,0x00000000800009EA] -> 0x10FB
[639] [M]: 0x00000000800009E8 (0x10FB03B7) lui t2, 0x10fb0
x7 <- 0x0000000010FB0000

mem[X,0x00000000800009EC] -> 0x8393
mem[X,0x00000000800009EE] -> 0x2FB3
[640] [M]: 0x00000000800009EC (0x2FB38393) addi t2, t2, 0x2fb
x7 <- 0x0000000010FB02FB

mem[X,0x00000000800009F0] -> 0x9393
mem[X,0x00000000800009F2] -> 0x00B3
[641] [M]: 0x00000000800009F0 (0x00B39393) slli t2, t2, 0xb
x7 <- 0x00000087D817D800

mem[X,0x00000000800009F4] -> 0x8393
mem[X,0x00000000800009F6] -> 0x0013
[642] [M]: 0x00000000800009F4 (0x00138393) addi t2, t2, 0x1
x7 <- 0x00000087D817D801

mem[X,0x00000000800009F8] -> 0x9393
mem[X,0x00000000800009FA] -> 0x00B3
[643] [M]: 0x00000000800009F8 (0x00B39393) slli t2, t2, 0xb
x7 <- 0x00043EC0BEC00800

mem[X,0x00000000800009FC] -> 0x8393
mem[X,0x00000000800009FE] -> 0x7C03
[644] [M]: 0x00000000800009FC (0x7C038393) addi t2, t2, 0x7c0
x7 <- 0x00043EC0BEC00FC0

mem[X,0x0000000080000A00] -> 0x9393
mem[X,0x0000000080000A02] -> 0x00A3
[645] [M]: 0x0000000080000A00 (0x00A39393) slli t2, t2, 0xa
x7 <- 0x10FB02FB003F0000

mem[X,0x0000000080000A04] -> 0x8393
mem[X,0x0000000080000A06] -> 0x3553
[646] [M]: 0x0000000080000A04 (0x35538393) addi t2, t2, 0x355
x7 <- 0x10FB02FB003F0355

mem[X,0x0000000080000A08] -> 0x57B7
mem[X,0x0000000080000A0A] -> 0x0105
[647] [M]: 0x0000000080000A08 (0x010557B7) lui a5, 0x1055
x15 <- 0x0000000001055000

mem[X,0x0000000080000A0C] -> 0x8793
mem[X,0x0000000080000A0E] -> 0x5557
[648] [M]: 0x0000000080000A0C (0x55578793) addi a5, a5, 0x555
x15 <- 0x0000000001055555

mem[X,0x0000000080000A10] -> 0x9793
mem[X,0x0000000080000A12] -> 0x00B7
[649] [M]: 0x0000000080000A10 (0x00B79793) slli a5, a5, 0xb
x15 <- 0x000000082AAAA800

mem[X,0x0000000080000A14] -> 0x8793
mem[X,0x0000000080000A16] -> 0x7B57
[650] [M]: 0x0000000080000A14 (0x7B578793) addi a5, a5, 0x7b5
x15 <- 0x000000082AAAAFB5

mem[X,0x0000000080000A18] -> 0x9793
mem[X,0x0000000080000A1A] -> 0x00B7
[651] [M]: 0x0000000080000A18 (0x00B79793) slli a5, a5, 0xb
x15 <- 0x00004155557DA800

mem[X,0x0000000080000A1C] -> 0x8793
mem[X,0x0000000080000A1E] -> 0x7FE7
[652] [M]: 0x0000000080000A1C (0x7FE78793) addi a5, a5, 0x7fe
x15 <- 0x00004155557DAFFE

mem[X,0x0000000080000A20] -> 0x9793
mem[X,0x0000000080000A22] -> 0x00A7
[653] [M]: 0x0000000080000A20 (0x00A79793) slli a5, a5, 0xa
x15 <- 0x01055555F6BFF800

mem[X,0x0000000080000A24] -> 0x8793
mem[X,0x0000000080000A26] -> 0x3FD7
[654] [M]: 0x0000000080000A24 (0x3FD78793) addi a5, a5, 0x3fd
x15 <- 0x01055555F6BFFBFD

mem[X,0x0000000080000A28] -> 0x8CBB
mem[X,0x0000000080000A2A] -> 0xFCF3
[655] [M]: 0x0000000080000A28 (0xFCF38CBB) pasubu.b s9, t2, a5
x25 <- 0x077BD65385C084AC

mem[X,0x0000000080000A2C] -> 0xB423
mem[X,0x0000000080000A2E] -> 0x0792
[656] [M]: 0x0000000080000A2C (0x0792B423) sd s9, 0x68(t0)
mem[0x0000000080004200] <- 0x077BD65385C084AC

mem[X,0x0000000080000A30] -> 0x0013
mem[X,0x0000000080000A32] -> 0x0000
[657] [M]: 0x0000000080000A30 (0x00000013) addi zero, zero, 0x0

mem[X,0x0000000080000A34] -> 0x0013
mem[X,0x0000000080000A36] -> 0x0000
[658] [M]: 0x0000000080000A34 (0x00000013) addi zero, zero, 0x0

mem[X,0x0000000080000A38] -> 0x0013
mem[X,0x0000000080000A3A] -> 0x0000
[659] [M]: 0x0000000080000A38 (0x00000013) addi zero, zero, 0x0

mem[X,0x0000000080000A3C] -> 0x0013
mem[X,0x0000000080000A3E] -> 0x0000
[660] [M]: 0x0000000080000A3C (0x00000013) addi zero, zero, 0x0

mem[X,0x0000000080000A40] -> 0x3097
mem[X,0x0000000080000A42] -> 0x0000
[661] [M]: 0x0000000080000A40 (0x00003097) auipc ra, 0x3
x1 <- 0x0000000080003A40

mem[X,0x0000000080000A44] -> 0x8093
mem[X,0x0000000080000A46] -> 0x7C80
[662] [M]: 0x0000000080000A44 (0x7C808093) addi ra, ra, 0x7c8
x1 <- 0x0000000080004208

mem[X,0x0000000080000A48] -> 0x0013
mem[X,0x0000000080000A4A] -> 0x0000
[663] [M]: 0x0000000080000A48 (0x00000013) addi zero, zero, 0x0

mem[X,0x0000000080000A4C] -> 0x0013
mem[X,0x0000000080000A4E] -> 0x0000
[664] [M]: 0x0000000080000A4C (0x00000013) addi zero, zero, 0x0

mem[X,0x0000000080000A50] -> 0x0013
mem[X,0x0000000080000A52] -> 0x0000
[665] [M]: 0x0000000080000A50 (0x00000013) addi zero, zero, 0x0

mem[X,0x0000000080000A54] -> 0x0013
mem[X,0x0000000080000A56] -> 0x0000
[666] [M]: 0x0000000080000A54 (0x00000013) addi zero, zero, 0x0

mem[X,0x0000000080000A58] -> 0x0013
mem[X,0x0000000080000A5A] -> 0x0000
[667] [M]: 0x0000000080000A58 (0x00000013) addi zero, zero, 0x0

mem[X,0x0000000080000A5C] -> 0x0013
mem[X,0x0000000080000A5E] -> 0x0000
[668] [M]: 0x0000000080000A5C (0x00000013) addi zero, zero, 0x0

mem[X,0x0000000080000A60] -> 0xFF37
mem[X,0x0000000080000A62] -> 0xFD03
[669] [M]: 0x0000000080000A60 (0xFD03FF37) lui t5, -0x2fc1
x30 <- 0xFFFFFFFFFD03F000

mem[X,0x0000000080000A64] -> 0x0F13
mem[X,0x0000000080000A66] -> 0x6EFF
[670] [M]: 0x0000000080000A64 (0x6EFF0F13) addi t5, t5, 0x6ef
x30 <- 0xFFFFFFFFFD03F6EF

mem[X,0x0000000080000A68] -> 0x1F13
mem[X,0x0000000080000A6A] -> 0x00BF
[671] [M]: 0x0000000080000A68 (0x00BF1F13) slli t5, t5, 0xb
x30 <- 0xFFFFFFE81FB77800

mem[X,0x0000000080000A6C] -> 0x0F13
mem[X,0x0000000080000A6E] -> 0x029F
[672] [M]: 0x0000000080000A6C (0x029F0F13) addi t5, t5, 0x29
x30 <- 0xFFFFFFE81FB77829

mem[X,0x0000000080000A70] -> 0x1F13
mem[X,0x0000000080000A72] -> 0x00BF
[673] [M]: 0x0000000080000A70 (0x00BF1F13) slli t5, t5, 0xb
x30 <- 0xFFFF40FDBBC14800

mem[X,0x0000000080000A74] -> 0x0F13
mem[X,0x0000000080000A76] -> 0x7EAF
[674] [M]: 0x0000000080000A74 (0x7EAF0F13) addi t5, t5, 0x7ea
x30 <- 0xFFFF40FDBBC14FEA

mem[X,0x0000000080000A78] -> 0x1F13
mem[X,0x0000000080000A7A] -> 0x00AF
[675] [M]: 0x0000000080000A78 (0x00AF1F13) slli t5, t5, 0xa
x30 <- 0xFD03F6EF053FA800

mem[X,0x0000000080000A7C] -> 0x0F13
mem[X,0x0000000080000A7E] -> 0x2F6F
[676] [M]: 0x0000000080000A7C (0x2F6F0F13) addi t5, t5, 0x2f6
x30 <- 0xFD03F6EF053FAAF6

mem[X,0x0000000080000A80] -> 0x8E37
mem[X,0x0000000080000A82] -> 0x00FC
[677] [M]: 0x0000000080000A80 (0x00FC8E37) lui t3, 0xfc8
x28 <- 0x0000000000FC8000

mem[X,0x0000000080000A84] -> 0x0E13
mem[X,0x0000000080000A86] -> 0x001E
[678] [M]: 0x0000000080000A84 (0x001E0E13) addi t3, t3, 0x1
x28 <- 0x0000000000FC8001

mem[X,0x0000000080000A88] -> 0x1E13
mem[X,0x0000000080000A8A] -> 0x00BE
[679] [M]: 0x0000000080000A88 (0x00BE1E13) slli t3, t3, 0xb
x28 <- 0x00000007E4000800

mem[X,0x0000000080000A8C] -> 0x0E13
mem[X,0x0000000080000A8E] -> 0x1F8E
[680] [M]: 0x0000000080000A8C (0x1F8E0E13) addi t3, t3, 0x1f8
x28 <- 0x00000007E40009F8

mem[X,0x0000000080000A90] -> 0x1E13
mem[X,0x0000000080000A92] -> 0x00BE
[681] [M]: 0x0000000080000A90 (0x00BE1E13) slli t3, t3, 0xb
x28 <- 0x00003F20004FC000

mem[X,0x0000000080000A94] -> 0x0E13
mem[X,0x0000000080000A96] -> 0x0F7E
[682] [M]: 0x0000000080000A94 (0x0F7E0E13) addi t3, t3, 0xf7
x28 <- 0x00003F20004FC0F7

mem[X,0x0000000080000A98] -> 0x1E13
mem[X,0x0000000080000A9A] -> 0x00AE
[683] [M]: 0x0000000080000A98 (0x00AE1E13) slli t3, t3, 0xa
x28 <- 0x00FC80013F03DC00

mem[X,0x0000000080000A9C] -> 0x0E13
mem[X,0x0000000080000A9E] -> 0x3FDE
[684] [M]: 0x0000000080000A9C (0x3FDE0E13) addi t3, t3, 0x3fd
x28 <- 0x00FC80013F03DFFD

mem[X,0x0000000080000AA0] -> 0x0A3B
mem[X,0x0000000080000AA2] -> 0xFDCF
[685] [M]: 0x0000000080000AA0 (0xFDCF0A3B) pasubu.b s4, t5, t3
x20 <- 0x7E833B77E31EE5FC

mem[X,0x0000000080000AA4] -> 0xB023
mem[X,0x0000000080000AA6] -> 0x0140
[686] [M]: 0x0000000080000AA4 (0x0140B023) sd s4, 0x0(ra)
mem[0x0000000080004208] <- 0x7E833B77E31EE5FC

mem[X,0x0000000080000AA8] -> 0x0A37
mem[X,0x0000000080000AAA] -> 0x00FB
[687] [M]: 0x0000000080000AA8 (0x00FB0A37) lui s4, 0xfb0
x20 <- 0x0000000000FB0000

mem[X,0x0000000080000AAC] -> 0x0A13
mem[X,0x0000000080000AAE] -> 0x309A
[688] [M]: 0x0000000080000AAC (0x309A0A13) addi s4, s4, 0x309
x20 <- 0x0000000000FB0309

mem[X,0x0000000080000AB0] -> 0x1A13
mem[X,0x0000000080000AB2] -> 0x00BA
[689] [M]: 0x0000000080000AB0 (0x00BA1A13) slli s4, s4, 0xb
x20 <- 0x00000007D8184800

mem[X,0x0000000080000AB4] -> 0x0A13
mem[X,0x0000000080000AB6] -> 0x602A
[690] [M]: 0x0000000080000AB4 (0x602A0A13) addi s4, s4, 0x602
x20 <- 0x00000007D8184E02

mem[X,0x0000000080000AB8] -> 0x1A13
mem[X,0x0000000080000ABA] -> 0x00BA
[691] [M]: 0x0000000080000AB8 (0x00BA1A13) slli s4, s4, 0xb
x20 <- 0x00003EC0C2701000

mem[X,0x0000000080000ABC] -> 0x0A13
mem[X,0x0000000080000ABE] -> 0x03DA
[692] [M]: 0x0000000080000ABC (0x03DA0A13) addi s4, s4, 0x3d
x20 <- 0x00003EC0C270103D

mem[X,0x0000000080000AC0] -> 0x1A13
mem[X,0x0000000080000AC2] -> 0x00AA
[693] [M]: 0x0000000080000AC0 (0x00AA1A13) slli s4, s4, 0xa
x20 <- 0x00FB0309C040F400

mem[X,0x0000000080000AC4] -> 0x0A13
mem[X,0x0000000080000AC6] -> 0x3BFA
[694] [M]: 0x0000000080000AC4 (0x3BFA0A13) addi s4, s4, 0x3bf
x20 <- 0x00FB0309C040F7BF

mem[X,0x0000000080000AC8] -> 0x0F37
mem[X,0x0000000080000ACA] -> 0xDFF8
[695] [M]: 0x0000000080000AC8 (0xDFF80F37) lui t5, -0x20080
x30 <- 0xFFFFFFFFDFF80000

mem[X,0x0000000080000ACC] -> 0x0F13
mem[X,0x0000000080000ACE] -> 0x13FF
[696] [M]: 0x0000000080000ACC (0x13FF0F13) addi t5, t5, 0x13f
x30 <- 0xFFFFFFFFDFF8013F

mem[X,0x0000000080000AD0] -> 0x1F13
mem[X,0x0000000080000AD2] -> 0x00BF
[697] [M]: 0x0000000080000AD0 (0x00BF1F13) slli t5, t5, 0xb
x30 <- 0xFFFFFEFFC009F800

mem[X,0x0000000080000AD4] -> 0x0F13
mem[X,0x0000000080000AD6] -> 0x028F
[698] [M]: 0x0000000080000AD4 (0x028F0F13) addi t5, t5, 0x28
x30 <- 0xFFFFFEFFC009F828

mem[X,0x0000000080000AD8] -> 0x1F13
mem[X,0x0000000080000ADA] -> 0x00BF
[699] [M]: 0x0000000080000AD8 (0x00BF1F13) slli t5, t5, 0xb
x30 <- 0xFFF7FE004FC14000

clint::tick mtime <- 0x0000000000000007
 clint timer pending at mtime 0x0000000000000007
htif::tick 0x0000000000000000
mem[X,0x0000000080000ADC] -> 0x0F13
mem[X,0x0000000080000ADE] -> 0x1C2F
[700] [M]: 0x0000000080000ADC (0x1C2F0F13) addi t5, t5, 0x1c2
x30 <- 0xFFF7FE004FC141C2

mem[X,0x0000000080000AE0] -> 0x1F13
mem[X,0x0000000080000AE2] -> 0x00AF
[701] [M]: 0x0000000080000AE0 (0x00AF1F13) slli t5, t5, 0xa
x30 <- 0xDFF8013F05070800

mem[X,0x0000000080000AE4] -> 0x0F13
mem[X,0x0000000080000AE6] -> 0x001F
[702] [M]: 0x0000000080000AE4 (0x001F0F13) addi t5, t5, 0x1
x30 <- 0xDFF8013F05070801

mem[X,0x0000000080000AE8] -> 0x04BB
mem[X,0x0000000080000AEA] -> 0xFDEA
[703] [M]: 0x0000000080000AE8 (0xFDEA04BB) pasubu.b s1, s4, t5
x9 <- 0x900101E55D1C775F

mem[X,0x0000000080000AEC] -> 0xB423
mem[X,0x0000000080000AEE] -> 0x0090
[704] [M]: 0x0000000080000AEC (0x0090B423) sd s1, 0x8(ra)
mem[0x0000000080004210] <- 0x900101E55D1C775F

mem[X,0x0000000080000AF0] -> 0x1F37
mem[X,0x0000000080000AF2] -> 0x09EF
[705] [M]: 0x0000000080000AF0 (0x09EF1F37) lui t5, 0x9ef1
x30 <- 0x0000000009EF1000

mem[X,0x0000000080000AF4] -> 0x0F13
mem[X,0x0000000080000AF6] -> 0x83FF
[706] [M]: 0x0000000080000AF4 (0x83FF0F13) addi t5, t5, -0x7c1
x30 <- 0x0000000009EF083F

mem[X,0x0000000080000AF8] -> 0x1F13
mem[X,0x0000000080000AFA] -> 0x00BF
[707] [M]: 0x0000000080000AF8 (0x00BF1F13) slli t5, t5, 0xb
x30 <- 0x0000004F7841F800

mem[X,0x0000000080000AFC] -> 0x0F13
mem[X,0x0000000080000AFE] -> 0x047F
[708] [M]: 0x0000000080000AFC (0x047F0F13) addi t5, t5, 0x47
x30 <- 0x0000004F7841F847

mem[X,0x0000000080000B00] -> 0x1F13
mem[X,0x0000000080000B02] -> 0x00BF
[709] [M]: 0x0000000080000B00 (0x00BF1F13) slli t5, t5, 0xb
x30 <- 0x00027BC20FC23800

mem[X,0x0000000080000B04] -> 0x0F13
mem[X,0x0000000080000B06] -> 0x78FF
[710] [M]: 0x0000000080000B04 (0x78FF0F13) addi t5, t5, 0x78f
x30 <- 0x00027BC20FC23F8F

mem[X,0x0000000080000B08] -> 0x1F13
mem[X,0x0000000080000B0A] -> 0x00AF
[711] [M]: 0x0000000080000B08 (0x00AF1F13) slli t5, t5, 0xa
x30 <- 0x09EF083F08FE3C00

mem[X,0x0000000080000B0C] -> 0x0F13
mem[X,0x0000000080000B0E] -> 0x3AAF
[712] [M]: 0x0000000080000B0C (0x3AAF0F13) addi t5, t5, 0x3aa
x30 <- 0x09EF083F08FE3FAA

mem[X,0x0000000080000B10] -> 0x8EB7
mem[X,0x0000000080000B12] -> 0x0120
[713] [M]: 0x0000000080000B10 (0x01208EB7) lui t4, 0x1208
x29 <- 0x0000000001208000

mem[X,0x0000000080000B14] -> 0x8E93
mem[X,0x0000000080000B16] -> 0xF7FE
[714] [M]: 0x0000000080000B14 (0xF7FE8E93) addi t4, t4, -0x81
x29 <- 0x0000000001207F7F

mem[X,0x0000000080000B18] -> 0x9E93
mem[X,0x0000000080000B1A] -> 0x00BE
[715] [M]: 0x0000000080000B18 (0x00BE9E93) slli t4, t4, 0xb
x29 <- 0x0000000903FBF800

mem[X,0x0000000080000B1C] -> 0x8E93
mem[X,0x0000000080000B1E] -> 0x77AE
[716] [M]: 0x0000000080000B1C (0x77AE8E93) addi t4, t4, 0x77a
x29 <- 0x0000000903FBFF7A

mem[X,0x0000000080000B20] -> 0x9E93
mem[X,0x0000000080000B22] -> 0x00BE
[717] [M]: 0x0000000080000B20 (0x00BE9E93) slli t4, t4, 0xb
x29 <- 0x0000481FDFFBD000

mem[X,0x0000000080000B24] -> 0x8E93
mem[X,0x0000000080000B26] -> 0x020E
[718] [M]: 0x0000000080000B24 (0x020E8E93) addi t4, t4, 0x20
x29 <- 0x0000481FDFFBD020

mem[X,0x0000000080000B28] -> 0x9E93
mem[X,0x0000000080000B2A] -> 0x00AE
[719] [M]: 0x0000000080000B28 (0x00AE9E93) slli t4, t4, 0xa
x29 <- 0x01207F7FEF408000

mem[X,0x0000000080000B2C] -> 0x8E93
mem[X,0x0000000080000B2E] -> 0x001E
[720] [M]: 0x0000000080000B2C (0x001E8E93) addi t4, t4, 0x1
x29 <- 0x01207F7FEF408001

mem[X,0x0000000080000B30] -> 0x0FBB
mem[X,0x0000000080000B32] -> 0xFDDF
[721] [M]: 0x0000000080000B30 (0xFDDF0FBB) pasubu.b t6, t5, t4
x31 <- 0x0467C4E08C5FDF54

mem[X,0x0000000080000B34] -> 0xB823
mem[X,0x0000000080000B36] -> 0x01F0
[722] [M]: 0x0000000080000B34 (0x01F0B823) sd t6, 0x10(ra)
mem[0x0000000080004218] <- 0x0467C4E08C5FDF54

mem[X,0x0000000080000B38] -> 0x4F37
mem[X,0x0000000080000B3A] -> 0x40F8
[723] [M]: 0x0000000080000B38 (0x40F84F37) lui t5, 0x40f84
x30 <- 0x0000000040F84000

mem[X,0x0000000080000B3C] -> 0x0F13
mem[X,0x0000000080000B3E] -> 0xF02F
[724] [M]: 0x0000000080000B3C (0xF02F0F13) addi t5, t5, -0xfe
x30 <- 0x0000000040F83F02

mem[X,0x0000000080000B40] -> 0x1F13
mem[X,0x0000000080000B42] -> 0x00BF
[725] [M]: 0x0000000080000B40 (0x00BF1F13) slli t5, t5, 0xb
x30 <- 0x00000207C1F81000

mem[X,0x0000000080000B44] -> 0x0F13
mem[X,0x0000000080000B46] -> 0x607F
[726] [M]: 0x0000000080000B44 (0x607F0F13) addi t5, t5, 0x607
x30 <- 0x00000207C1F81607

mem[X,0x0000000080000B48] -> 0x1F13
mem[X,0x0000000080000B4A] -> 0x00BF
[727] [M]: 0x0000000080000B48 (0x00BF1F13) slli t5, t5, 0xb
x30 <- 0x00103E0FC0B03800

mem[X,0x0000000080000B4C] -> 0x0F13
mem[X,0x0000000080000B4E] -> 0x640F
[728] [M]: 0x0000000080000B4C (0x640F0F13) addi t5, t5, 0x640
x30 <- 0x00103E0FC0B03E40

mem[X,0x0000000080000B50] -> 0x1F13
mem[X,0x0000000080000B52] -> 0x00AF
[729] [M]: 0x0000000080000B50 (0x00AF1F13) slli t5, t5, 0xa
x30 <- 0x40F83F02C0F90000

mem[X,0x0000000080000B54] -> 0x0F13
mem[X,0x0000000080000B56] -> 0x240F
[730] [M]: 0x0000000080000B54 (0x240F0F13) addi t5, t5, 0x240
x30 <- 0x40F83F02C0F90240

mem[X,0x0000000080000B58] -> 0x0EB7
mem[X,0x0000000080000B5A] -> 0x4005
[731] [M]: 0x0000000080000B58 (0x40050EB7) lui t4, 0x40050
x29 <- 0x0000000040050000

mem[X,0x0000000080000B5C] -> 0x8E93
mem[X,0x0000000080000B5E] -> 0x4FAE
[732] [M]: 0x0000000080000B5C (0x4FAE8E93) addi t4, t4, 0x4fa
x29 <- 0x00000000400504FA

mem[X,0x0000000080000B60] -> 0x9E93
mem[X,0x0000000080000B62] -> 0x00BE
[733] [M]: 0x0000000080000B60 (0x00BE9E93) slli t4, t4, 0xb
x29 <- 0x000002002827D000

mem[X,0x0000000080000B64] -> 0x8E93
mem[X,0x0000000080000B66] -> 0x047E
[734] [M]: 0x0000000080000B64 (0x047E8E93) addi t4, t4, 0x47
x29 <- 0x000002002827D047

mem[X,0x0000000080000B68] -> 0x9E93
mem[X,0x0000000080000B6A] -> 0x00BE
[735] [M]: 0x0000000080000B68 (0x00BE9E93) slli t4, t4, 0xb
x29 <- 0x001001413E823800

mem[X,0x0000000080000B6C] -> 0x8E93
mem[X,0x0000000080000B6E] -> 0x7BBE
[736] [M]: 0x0000000080000B6C (0x7BBE8E93) addi t4, t4, 0x7bb
x29 <- 0x001001413E823FBB

mem[X,0x0000000080000B70] -> 0x9E93
mem[X,0x0000000080000B72] -> 0x00AE
[737] [M]: 0x0000000080000B70 (0x00AE9E93) slli t4, t4, 0xa
x29 <- 0x400504FA08FEEC00

mem[X,0x0000000080000B74] -> 0x8E93
mem[X,0x0000000080000B76] -> 0x3DFE
[738] [M]: 0x0000000080000B74 (0x3DFE8E93) addi t4, t4, 0x3df
x29 <- 0x400504FA08FEEFDF

mem[X,0x0000000080000B78] -> 0x0FBB
mem[X,0x0000000080000B7A] -> 0xFDDF
[739] [M]: 0x0000000080000B78 (0xFDDF0FBB) pasubu.b t6, t5, t4
x31 <- 0x00791D845CFD89B0

mem[X,0x0000000080000B7C] -> 0xBC23
mem[X,0x0000000080000B7E] -> 0x01F0
[740] [M]: 0x0000000080000B7C (0x01F0BC23) sd t6, 0x18(ra)
mem[0x0000000080004220] <- 0x00791D845CFD89B0

mem[X,0x0000000080000B80] -> 0x0F37
mem[X,0x0000000080000B82] -> 0x0208
[741] [M]: 0x0000000080000B80 (0x02080F37) lui t5, 0x2080
x30 <- 0x0000000002080000

mem[X,0x0000000080000B84] -> 0x0F13
mem[X,0x0000000080000B86] -> 0x520F
[742] [M]: 0x0000000080000B84 (0x520F0F13) addi t5, t5, 0x520
x30 <- 0x0000000002080520

mem[X,0x0000000080000B88] -> 0x1F13
mem[X,0x0000000080000B8A] -> 0x00BF
[743] [M]: 0x0000000080000B88 (0x00BF1F13) slli t5, t5, 0xb
x30 <- 0x0000001040290000

mem[X,0x0000000080000B8C] -> 0x0F13
mem[X,0x0000000080000B8E] -> 0x3F9F
[744] [M]: 0x0000000080000B8C (0x3F9F0F13) addi t5, t5, 0x3f9
x30 <- 0x00000010402903F9

mem[X,0x0000000080000B90] -> 0x1F13
mem[X,0x0000000080000B92] -> 0x00BF
[745] [M]: 0x0000000080000B90 (0x00BF1F13) slli t5, t5, 0xb
x30 <- 0x00008201481FC800

mem[X,0x0000000080000B94] -> 0x0F13
mem[X,0x0000000080000B96] -> 0x03FF
[746] [M]: 0x0000000080000B94 (0x03FF0F13) addi t5, t5, 0x3f
x30 <- 0x00008201481FC83F

mem[X,0x0000000080000B98] -> 0x1F13
mem[X,0x0000000080000B9A] -> 0x00AF
[747] [M]: 0x0000000080000B98 (0x00AF1F13) slli t5, t5, 0xa
x30 <- 0x020805207F20FC00

mem[X,0x0000000080000B9C] -> 0x0F13
mem[X,0x0000000080000B9E] -> 0x1F7F
[748] [M]: 0x0000000080000B9C (0x1F7F0F13) addi t5, t5, 0x1f7
x30 <- 0x020805207F20FDF7

mem[X,0x0000000080000BA0] -> 0x1EB7
mem[X,0x0000000080000BA2] -> 0xF904
[749] [M]: 0x0000000080000BA0 (0xF9041EB7) lui t4, -0x6fbf
x29 <- 0xFFFFFFFFF9041000

mem[X,0x0000000080000BA4] -> 0x8E93
mem[X,0x0000000080000BA6] -> 0x8C0E
[750] [M]: 0x0000000080000BA4 (0x8C0E8E93) addi t4, t4, -0x740
x29 <- 0xFFFFFFFFF90408C0

mem[X,0x0000000080000BA8] -> 0x9E93
mem[X,0x0000000080000BAA] -> 0x00BE
[751] [M]: 0x0000000080000BA8 (0x00BE9E93) slli t4, t4, 0xb
x29 <- 0xFFFFFFC820460000

mem[X,0x0000000080000BAC] -> 0x8E93
mem[X,0x0000000080000BAE] -> 0x7F0E
[752] [M]: 0x0000000080000BAC (0x7F0E8E93) addi t4, t4, 0x7f0
x29 <- 0xFFFFFFC8204607F0

mem[X,0x0000000080000BB0] -> 0x9E93
mem[X,0x0000000080000BB2] -> 0x00BE
[753] [M]: 0x0000000080000BB0 (0x00BE9E93) slli t4, t4, 0xb
x29 <- 0xFFFE4102303F8000

mem[X,0x0000000080000BB4] -> 0x8E93
mem[X,0x0000000080000BB6] -> 0x1B7E
[754] [M]: 0x0000000080000BB4 (0x1B7E8E93) addi t4, t4, 0x1b7
x29 <- 0xFFFE4102303F81B7

mem[X,0x0000000080000BB8] -> 0x9E93
mem[X,0x0000000080000BBA] -> 0x00AE
[755] [M]: 0x0000000080000BB8 (0x00AE9E93) slli t4, t4, 0xa
x29 <- 0xF90408C0FE06DC00

mem[X,0x0000000080000BBC] -> 0x8E93
mem[X,0x0000000080000BBE] -> 0x3DFE
[756] [M]: 0x0000000080000BBC (0x3DFE8E93) addi t4, t4, 0x3df
x29 <- 0xF90408C0FE06DFDF

mem[X,0x0000000080000BC0] -> 0x0FBB
mem[X,0x0000000080000BC2] -> 0xFDDF
[757] [M]: 0x0000000080000BC0 (0xFDDF0FBB) pasubu.b t6, t5, t4
x31 <- 0x8402FEB0C00D0F0C

mem[X,0x0000000080000BC4] -> 0xB023
mem[X,0x0000000080000BC6] -> 0x03F0
[758] [M]: 0x0000000080000BC4 (0x03F0B023) sd t6, 0x20(ra)
mem[0x0000000080004228] <- 0x8402FEB0C00D0F0C

mem[X,0x0000000080000BC8] -> 0x0F37
mem[X,0x0000000080000BCA] -> 0xAAFC
[759] [M]: 0x0000000080000BC8 (0xAAFC0F37) lui t5, -0x55040
x30 <- 0xFFFFFFFFAAFC0000

mem[X,0x0000000080000BCC] -> 0x0F13
mem[X,0x0000000080000BCE] -> 0xCFCF
[760] [M]: 0x0000000080000BCC (0xCFCF0F13) addi t5, t5, -0x304
x30 <- 0xFFFFFFFFAAFBFCFC

mem[X,0x0000000080000BD0] -> 0x1F13
mem[X,0x0000000080000BD2] -> 0x00BF
[761] [M]: 0x0000000080000BD0 (0x00BF1F13) slli t5, t5, 0xb
x30 <- 0xFFFFFD57DFE7E000

mem[X,0x0000000080000BD4] -> 0x0F13
mem[X,0x0000000080000BD6] -> 0x7F3F
[762] [M]: 0x0000000080000BD4 (0x7F3F0F13) addi t5, t5, 0x7f3
x30 <- 0xFFFFFD57DFE7E7F3

mem[X,0x0000000080000BD8] -> 0x1F13
mem[X,0x0000000080000BDA] -> 0x00BF
[763] [M]: 0x0000000080000BD8 (0x00BF1F13) slli t5, t5, 0xb
x30 <- 0xFFEABEFF3F3F9800

mem[X,0x0000000080000BDC] -> 0x0F13
mem[X,0x0000000080000BDE] -> 0x7CFF
[764] [M]: 0x0000000080000BDC (0x7CFF0F13) addi t5, t5, 0x7cf
x30 <- 0xFFEABEFF3F3F9FCF

mem[X,0x0000000080000BE0] -> 0x1F13
mem[X,0x0000000080000BE2] -> 0x00AF
[765] [M]: 0x0000000080000BE0 (0x00AF1F13) slli t5, t5, 0xa
x30 <- 0xAAFBFCFCFE7F3C00

mem[X,0x0000000080000BE4] -> 0x0F13
mem[X,0x0000000080000BE6] -> 0x305F
[766] [M]: 0x0000000080000BE4 (0x305F0F13) addi t5, t5, 0x305
x30 <- 0xAAFBFCFCFE7F3F05

mem[X,0x0000000080000BE8] -> 0x1EB7
mem[X,0x0000000080000BEA] -> 0x5507
[767] [M]: 0x0000000080000BE8 (0x55071EB7) lui t4, 0x55071
x29 <- 0x0000000055071000

mem[X,0x0000000080000BEC] -> 0x8E93
mem[X,0x0000000080000BEE] -> 0x0F7E
[768] [M]: 0x0000000080000BEC (0x0F7E8E93) addi t4, t4, 0xf7
x29 <- 0x00000000550710F7

mem[X,0x0000000080000BF0] -> 0x9E93
mem[X,0x0000000080000BF2] -> 0x00BE
[769] [M]: 0x0000000080000BF0 (0x00BE9E93) slli t4, t4, 0xb
x29 <- 0x000002A83887B800

mem[X,0x0000000080000BF4] -> 0x8E93
mem[X,0x0000000080000BF6] -> 0x77FE
[770] [M]: 0x0000000080000BF4 (0x77FE8E93) addi t4, t4, 0x77f
x29 <- 0x000002A83887BF7F

mem[X,0x0000000080000BF8] -> 0x9E93
mem[X,0x0000000080000BFA] -> 0x00BE
[771] [M]: 0x0000000080000BF8 (0x00BE9E93) slli t4, t4, 0xb
x29 <- 0x001541C43DFBF800

mem[X,0x0000000080000BFC] -> 0x8E93
mem[X,0x0000000080000BFE] -> 0x5BBE
[772] [M]: 0x0000000080000BFC (0x5BBE8E93) addi t4, t4, 0x5bb
x29 <- 0x001541C43DFBFDBB

mem[X,0x0000000080000C00] -> 0x9E93
mem[X,0x0000000080000C02] -> 0x00AE
[773] [M]: 0x0000000080000C00 (0x00AE9E93) slli t4, t4, 0xa
x29 <- 0x550710F7EFF6EC00

mem[X,0x0000000080000C04] -> 0x8E93
mem[X,0x0000000080000C06] -> 0x3DFE
[774] [M]: 0x0000000080000C04 (0x3DFE8E93) addi t4, t4, 0x3df
x29 <- 0x550710F7EFF6EFDF

mem[X,0x0000000080000C08] -> 0x0FBB
mem[X,0x0000000080000C0A] -> 0xFDDF
[775] [M]: 0x0000000080000C08 (0xFDDF0FBB) pasubu.b t6, t5, t4
x31 <- 0x2A7A760207C4A893

mem[X,0x0000000080000C0C] -> 0xB423
mem[X,0x0000000080000C0E] -> 0x03F0
[776] [M]: 0x0000000080000C0C (0x03F0B423) sd t6, 0x28(ra)
mem[0x0000000080004230] <- 0x2A7A760207C4A893

mem[X,0x0000000080000C10] -> 0x0F37
mem[X,0x0000000080000C12] -> 0x10FA
[777] [M]: 0x0000000080000C10 (0x10FA0F37) lui t5, 0x10fa0
x30 <- 0x0000000010FA0000

mem[X,0x0000000080000C14] -> 0x0F13
mem[X,0x0000000080000C16] -> 0x401F
[778] [M]: 0x0000000080000C14 (0x401F0F13) addi t5, t5, 0x401
x30 <- 0x0000000010FA0401

mem[X,0x0000000080000C18] -> 0x1F13
mem[X,0x0000000080000C1A] -> 0x00BF
[779] [M]: 0x0000000080000C18 (0x00BF1F13) slli t5, t5, 0xb
x30 <- 0x00000087D0200800

mem[X,0x0000000080000C1C] -> 0x0F13
mem[X,0x0000000080000C1E] -> 0x6FFF
[780] [M]: 0x0000000080000C1C (0x6FFF0F13) addi t5, t5, 0x6ff
x30 <- 0x00000087D0200EFF

mem[X,0x0000000080000C20] -> 0x1F13
mem[X,0x0000000080000C22] -> 0x00BF
[781] [M]: 0x0000000080000C20 (0x00BF1F13) slli t5, t5, 0xb
x30 <- 0x00043E810077F800

mem[X,0x0000000080000C24] -> 0x0F13
mem[X,0x0000000080000C26] -> 0x7C0F
[782] [M]: 0x0000000080000C24 (0x7C0F0F13) addi t5, t5, 0x7c0
x30 <- 0x00043E810077FFC0

mem[X,0x0000000080000C28] -> 0x1F13
mem[X,0x0000000080000C2A] -> 0x00AF
[783] [M]: 0x0000000080000C28 (0x00AF1F13) slli t5, t5, 0xa
x30 <- 0x10FA0401DFFF0000

mem[X,0x0000000080000C2C] -> 0x0F13
mem[X,0x0000000080000C2E] -> 0x0C0F
[784] [M]: 0x0000000080000C2C (0x0C0F0F13) addi t5, t5, 0xc0
x30 <- 0x10FA0401DFFF00C0

mem[X,0x0000000080000C30] -> 0x0EB7
mem[X,0x0000000080000C32] -> 0x0509
[785] [M]: 0x0000000080000C30 (0x05090EB7) lui t4, 0x5090
x29 <- 0x0000000005090000

mem[X,0x0000000080000C34] -> 0x8E93
mem[X,0x0000000080000C36] -> 0xEC0E
[786] [M]: 0x0000000080000C34 (0xEC0E8E93) addi t4, t4, -0x140
x29 <- 0x000000000508FEC0

mem[X,0x0000000080000C38] -> 0x9E93
mem[X,0x0000000080000C3A] -> 0x00BE
[787] [M]: 0x0000000080000C38 (0x00BE9E93) slli t4, t4, 0xb
x29 <- 0x0000002847F60000

mem[X,0x0000000080000C3C] -> 0x8E93
mem[X,0x0000000080000C3E] -> 0x406E
[788] [M]: 0x0000000080000C3C (0x406E8E93) addi t4, t4, 0x406
x29 <- 0x0000002847F60406

mem[X,0x0000000080000C40] -> 0x9E93
mem[X,0x0000000080000C42] -> 0x00BE
[789] [M]: 0x0000000080000C40 (0x00BE9E93) slli t4, t4, 0xb
x29 <- 0x0001423FB0203000

mem[X,0x0000000080000C44] -> 0x8E93
mem[X,0x0000000080000C46] -> 0x03BE
[790] [M]: 0x0000000080000C44 (0x03BE8E93) addi t4, t4, 0x3b
x29 <- 0x0001423FB020303B

mem[X,0x0000000080000C48] -> 0x9E93
mem[X,0x0000000080000C4A] -> 0x00AE
[791] [M]: 0x0000000080000C48 (0x00AE9E93) slli t4, t4, 0xa
x29 <- 0x0508FEC080C0EC00

mem[X,0x0000000080000C4C] -> 0x8E93
mem[X,0x0000000080000C4E] -> 0x304E
[792] [M]: 0x0000000080000C4C (0x304E8E93) addi t4, t4, 0x304
x29 <- 0x0508FEC080C0EF04

mem[X,0x0000000080000C50] -> 0x0FBB
mem[X,0x0000000080000C52] -> 0xFDDF
[793] [M]: 0x0000000080000C50 (0xFDDF0FBB) pasubu.b t6, t5, t4
x31 <- 0x057983A02F1F885E

mem[X,0x0000000080000C54] -> 0xB823
mem[X,0x0000000080000C56] -> 0x03F0
[794] [M]: 0x0000000080000C54 (0x03F0B823) sd t6, 0x30(ra)
mem[0x0000000080004238] <- 0x057983A02F1F885E

mem[X,0x0000000080000C58] -> 0x1F37
mem[X,0x0000000080000C5A] -> 0xFC55
[795] [M]: 0x0000000080000C58 (0xFC551F37) lui t5, -0x3aaf
x30 <- 0xFFFFFFFFFC551000

mem[X,0x0000000080000C5C] -> 0x0F13
mem[X,0x0000000080000C5E] -> 0x840F
[796] [M]: 0x0000000080000C5C (0x840F0F13) addi t5, t5, -0x7c0
x30 <- 0xFFFFFFFFFC550840

mem[X,0x0000000080000C60] -> 0x1F13
mem[X,0x0000000080000C62] -> 0x00BF
[797] [M]: 0x0000000080000C60 (0x00BF1F13) slli t5, t5, 0xb
x30 <- 0xFFFFFFE2A8420000

mem[X,0x0000000080000C64] -> 0x0F13
mem[X,0x0000000080000C66] -> 0x402F
[798] [M]: 0x0000000080000C64 (0x402F0F13) addi t5, t5, 0x402
x30 <- 0xFFFFFFE2A8420402

mem[X,0x0000000080000C68] -> 0x1F13
mem[X,0x0000000080000C6A] -> 0x00BF
[799] [M]: 0x0000000080000C68 (0x00BF1F13) slli t5, t5, 0xb
x30 <- 0xFFFF154210201000

clint::tick mtime <- 0x0000000000000008
 clint timer pending at mtime 0x0000000000000008
htif::tick 0x0000000000000000
mem[X,0x0000000080000C6C] -> 0x0F13
mem[X,0x0000000080000C6E] -> 0x02AF
[800] [M]: 0x0000000080000C6C (0x02AF0F13) addi t5, t5, 0x2a
x30 <- 0xFFFF15421020102A

mem[X,0x0000000080000C70] -> 0x1F13
mem[X,0x0000000080000C72] -> 0x00AF
[801] [M]: 0x0000000080000C70 (0x00AF1F13) slli t5, t5, 0xa
x30 <- 0xFC5508408040A800

mem[X,0x0000000080000C74] -> 0x0F13
mem[X,0x0000000080000C76] -> 0x2F6F
[802] [M]: 0x0000000080000C74 (0x2F6F0F13) addi t5, t5, 0x2f6
x30 <- 0xFC5508408040AAF6

mem[X,0x0000000080000C78] -> 0xCEB7
mem[X,0x0000000080000C7A] -> 0x40EF
[803] [M]: 0x0000000080000C78 (0x40EFCEB7) lui t4, 0x40efc
x29 <- 0x0000000040EFC000

mem[X,0x0000000080000C7C] -> 0x8E93
mem[X,0x0000000080000C7E] -> 0xF04E
[804] [M]: 0x0000000080000C7C (0xF04E8E93) addi t4, t4, -0xfc
x29 <- 0x0000000040EFBF04

mem[X,0x0000000080000C80] -> 0x9E93
mem[X,0x0000000080000C82] -> 0x00BE
[805] [M]: 0x0000000080000C80 (0x00BE9E93) slli t4, t4, 0xb
x29 <- 0x000002077DF82000

mem[X,0x0000000080000C84] -> 0x8E93
mem[X,0x0000000080000C86] -> 0x7EFE
[806] [M]: 0x0000000080000C84 (0x7EFE8E93) addi t4, t4, 0x7ef
x29 <- 0x000002077DF827EF

mem[X,0x0000000080000C88] -> 0x9E93
mem[X,0x0000000080000C8A] -> 0x00BE
[807] [M]: 0x0000000080000C88 (0x00BE9E93) slli t4, t4, 0xb
x29 <- 0x00103BEFC13F7800

mem[X,0x0000000080000C8C] -> 0x8E93
mem[X,0x0000000080000C8E] -> 0x741E
[808] [M]: 0x0000000080000C8C (0x741E8E93) addi t4, t4, 0x741
x29 <- 0x00103BEFC13F7F41

mem[X,0x0000000080000C90] -> 0x9E93
mem[X,0x0000000080000C92] -> 0x00AE
[809] [M]: 0x0000000080000C90 (0x00AE9E93) slli t4, t4, 0xa
x29 <- 0x40EFBF04FDFD0400

mem[X,0x0000000080000C94] -> 0x8E93
mem[X,0x0000000080000C96] -> 0x380E
[810] [M]: 0x0000000080000C94 (0x380E8E93) addi t4, t4, 0x380
x29 <- 0x40EFBF04FDFD0780

mem[X,0x0000000080000C98] -> 0x0FBB
mem[X,0x0000000080000C9A] -> 0xFDDF
[811] [M]: 0x0000000080000C98 (0xFDDF0FBB) pasubu.b t6, t5, t4
x31 <- 0x5EB3A41EC1A1513B

mem[X,0x0000000080000C9C] -> 0xBC23
mem[X,0x0000000080000C9E] -> 0x03F0
[812] [M]: 0x0000000080000C9C (0x03F0BC23) sd t6, 0x38(ra)
mem[0x0000000080004240] <- 0x5EB3A41EC1A1513B

mem[X,0x0000000080000CA0] -> 0x1F37
mem[X,0x0000000080000CA2] -> 0xFEBF
[813] [M]: 0x0000000080000CA0 (0xFEBF1F37) lui t5, -0x140f
x30 <- 0xFFFFFFFFFEBF1000

mem[X,0x0000000080000CA4] -> 0x0F13
mem[X,0x0000000080000CA6] -> 0x855F
[814] [M]: 0x0000000080000CA4 (0x855F0F13) addi t5, t5, -0x7ab
x30 <- 0xFFFFFFFFFEBF0855

mem[X,0x0000000080000CA8] -> 0x1F13
mem[X,0x0000000080000CAA] -> 0x00BF
[815] [M]: 0x0000000080000CA8 (0x00BF1F13) slli t5, t5, 0xb
x30 <- 0xFFFFFFF5F842A800

mem[X,0x0000000080000CAC] -> 0x0F13
mem[X,0x0000000080000CAE] -> 0x607F
[816] [M]: 0x0000000080000CAC (0x607F0F13) addi t5, t5, 0x607
x30 <- 0xFFFFFFF5F842AE07

mem[X,0x0000000080000CB0] -> 0x1F13
mem[X,0x0000000080000CB2] -> 0x00BF
[817] [M]: 0x0000000080000CB0 (0x00BF1F13) slli t5, t5, 0xb
x30 <- 0xFFFFAFC215703800

mem[X,0x0000000080000CB4] -> 0x0F13
mem[X,0x0000000080000CB6] -> 0x61FF
[818] [M]: 0x0000000080000CB4 (0x61FF0F13) addi t5, t5, 0x61f
x30 <- 0xFFFFAFC215703E1F

mem[X,0x0000000080000CB8] -> 0x1F13
mem[X,0x0000000080000CBA] -> 0x00AF
[819] [M]: 0x0000000080000CB8 (0x00AF1F13) slli t5, t5, 0xa
x30 <- 0xFEBF0855C0F87C00

mem[X,0x0000000080000CBC] -> 0x0F13
mem[X,0x0000000080000CBE] -> 0x309F
[820] [M]: 0x0000000080000CBC (0x309F0F13) addi t5, t5, 0x309
x30 <- 0xFEBF0855C0F87F09

mem[X,0x0000000080000CC0] -> 0xEEB7
mem[X,0x0000000080000CC2] -> 0x0880
[821] [M]: 0x0000000080000CC0 (0x0880EEB7) lui t4, 0x880e
x29 <- 0x000000000880E000

mem[X,0x0000000080000CC4] -> 0x8E93
mem[X,0x0000000080000CC6] -> 0xF20E
[822] [M]: 0x0000000080000CC4 (0xF20E8E93) addi t4, t4, -0xe0
x29 <- 0x000000000880DF20

mem[X,0x0000000080000CC8] -> 0x9E93
mem[X,0x0000000080000CCA] -> 0x00BE
[823] [M]: 0x0000000080000CC8 (0x00BE9E93) slli t4, t4, 0xb
x29 <- 0x0000004406F90000

mem[X,0x0000000080000CCC] -> 0x8E93
mem[X,0x0000000080000CCE] -> 0x011E
[824] [M]: 0x0000000080000CCC (0x011E8E93) addi t4, t4, 0x11
x29 <- 0x0000004406F90011

mem[X,0x0000000080000CD0] -> 0x9E93
mem[X,0x0000000080000CD2] -> 0x00BE
[825] [M]: 0x0000000080000CD0 (0x00BE9E93) slli t4, t4, 0xb
x29 <- 0x00022037C8008800

mem[X,0x0000000080000CD4] -> 0x8E93
mem[X,0x0000000080000CD6] -> 0x7EAE
[826] [M]: 0x0000000080000CD4 (0x7EAE8E93) addi t4, t4, 0x7ea
x29 <- 0x00022037C8008FEA

mem[X,0x0000000080000CD8] -> 0x9E93
mem[X,0x0000000080000CDA] -> 0x00AE
[827] [M]: 0x0000000080000CD8 (0x00AE9E93) slli t4, t4, 0xa
x29 <- 0x0880DF20023FA800

mem[X,0x0000000080000CDC] -> 0x8E93
mem[X,0x0000000080000CDE] -> 0x2DFE
[828] [M]: 0x0000000080000CDC (0x2DFE8E93) addi t4, t4, 0x2df
x29 <- 0x0880DF20023FAADF

mem[X,0x0000000080000CE0] -> 0x0FBB
mem[X,0x0000000080000CE2] -> 0xFDDF
[829] [M]: 0x0000000080000CE0 (0xFDDF0FBB) pasubu.b t6, t5, t4
x31 <- 0x7B1F941A5F5CEA95

mem[X,0x0000000080000CE4] -> 0xB023
mem[X,0x0000000080000CE6] -> 0x05F0
[830] [M]: 0x0000000080000CE4 (0x05F0B023) sd t6, 0x40(ra)
mem[0x0000000080004248] <- 0x7B1F941A5F5CEA95

mem[X,0x0000000080000CE8] -> 0x0F37
mem[X,0x0000000080000CEA] -> 0xFE81
[831] [M]: 0x0000000080000CE8 (0xFE810F37) lui t5, -0x17f0
x30 <- 0xFFFFFFFFFE810000

mem[X,0x0000000080000CEC] -> 0x0F13
mem[X,0x0000000080000CEE] -> 0xC08F
[832] [M]: 0x0000000080000CEC (0xC08F0F13) addi t5, t5, -0x3f8
x30 <- 0xFFFFFFFFFE80FC08

mem[X,0x0000000080000CF0] -> 0x1F13
mem[X,0x0000000080000CF2] -> 0x00BF
[833] [M]: 0x0000000080000CF0 (0x00BF1F13) slli t5, t5, 0xb
x30 <- 0xFFFFFFF407E04000

mem[X,0x0000000080000CF4] -> 0x0F13
mem[X,0x0000000080000CF6] -> 0x401F
[834] [M]: 0x0000000080000CF4 (0x401F0F13) addi t5, t5, 0x401
x30 <- 0xFFFFFFF407E04401

mem[X,0x0000000080000CF8] -> 0x1F13
mem[X,0x0000000080000CFA] -> 0x00BF
[835] [M]: 0x0000000080000CF8 (0x00BF1F13) slli t5, t5, 0xb
x30 <- 0xFFFFA03F02200800

mem[X,0x0000000080000CFC] -> 0x0F13
mem[X,0x0000000080000CFE] -> 0x7FBF
[836] [M]: 0x0000000080000CFC (0x7FBF0F13) addi t5, t5, 0x7fb
x30 <- 0xFFFFA03F02200FFB

mem[X,0x0000000080000D00] -> 0x1F13
mem[X,0x0000000080000D02] -> 0x00AF
[837] [M]: 0x0000000080000D00 (0x00AF1F13) slli t5, t5, 0xa
x30 <- 0xFE80FC08803FEC00

mem[X,0x0000000080000D04] -> 0x0F13
mem[X,0x0000000080000D06] -> 0x340F
[838] [M]: 0x0000000080000D04 (0x340F0F13) addi t5, t5, 0x340
x30 <- 0xFE80FC08803FEF40

mem[X,0x0000000080000D08] -> 0xCEB7
mem[X,0x0000000080000D0A] -> 0x007F
[839] [M]: 0x0000000080000D08 (0x007FCEB7) lui t4, 0x7fc
x29 <- 0x00000000007FC000

mem[X,0x0000000080000D0C] -> 0x8E93
mem[X,0x0000000080000D0E] -> 0xF40E
[840] [M]: 0x0000000080000D0C (0xF40E8E93) addi t4, t4, -0xc0
x29 <- 0x00000000007FBF40

mem[X,0x0000000080000D10] -> 0x9E93
mem[X,0x0000000080000D12] -> 0x00BE
[841] [M]: 0x0000000080000D10 (0x00BE9E93) slli t4, t4, 0xb
x29 <- 0x00000003FDFA0000

mem[X,0x0000000080000D14] -> 0x8E93
mem[X,0x0000000080000D16] -> 0x03EE
[842] [M]: 0x0000000080000D14 (0x03EE8E93) addi t4, t4, 0x3e
x29 <- 0x00000003FDFA003E

mem[X,0x0000000080000D18] -> 0x9E93
mem[X,0x0000000080000D1A] -> 0x00BE
[843] [M]: 0x0000000080000D18 (0x00BE9E93) slli t4, t4, 0xb
x29 <- 0x00001FEFD001F000

mem[X,0x0000000080000D1C] -> 0x8E93
mem[X,0x0000000080000D1E] -> 0x000E
[844] [M]: 0x0000000080000D1C (0x000E8E93) addi t4, t4, 0x0
x29 <- 0x00001FEFD001F000

mem[X,0x0000000080000D20] -> 0x9E93
mem[X,0x0000000080000D22] -> 0x00AE
[845] [M]: 0x0000000080000D20 (0x00AE9E93) slli t4, t4, 0xa
x29 <- 0x007FBF4007C00000

mem[X,0x0000000080000D24] -> 0x8E93
mem[X,0x0000000080000D26] -> 0x3EFE
[846] [M]: 0x0000000080000D24 (0x3EFE8E93) addi t4, t4, 0x3ef
x29 <- 0x007FBF4007C003EF

mem[X,0x0000000080000D28] -> 0x0FBB
mem[X,0x0000000080000D2A] -> 0xFDDF
[847] [M]: 0x0000000080000D28 (0xFDDF0FBB) pasubu.b t6, t5, t4
x31 <- 0x7F001EE43CBF76A8

mem[X,0x0000000080000D2C] -> 0xB423
mem[X,0x0000000080000D2E] -> 0x05F0
[848] [M]: 0x0000000080000D2C (0x05F0B423) sd t6, 0x48(ra)
mem[0x0000000080004250] <- 0x7F001EE43CBF76A8

mem[X,0x0000000080000D30] -> 0x1F37
mem[X,0x0000000080000D32] -> 0xFAFF
[849] [M]: 0x0000000080000D30 (0xFAFF1F37) lui t5, -0x500f
x30 <- 0xFFFFFFFFFAFF1000

mem[X,0x0000000080000D34] -> 0x0F13
mem[X,0x0000000080000D36] -> 0x806F
[850] [M]: 0x0000000080000D34 (0x806F0F13) addi t5, t5, -0x7fa
x30 <- 0xFFFFFFFFFAFF0806

mem[X,0x0000000080000D38] -> 0x1F13
mem[X,0x0000000080000D3A] -> 0x00BF
[851] [M]: 0x0000000080000D38 (0x00BF1F13) slli t5, t5, 0xb
x30 <- 0xFFFFFFD7F8403000

mem[X,0x0000000080000D3C] -> 0x0F13
mem[X,0x0000000080000D3E] -> 0x011F
[852] [M]: 0x0000000080000D3C (0x011F0F13) addi t5, t5, 0x11
x30 <- 0xFFFFFFD7F8403011

mem[X,0x0000000080000D40] -> 0x1F13
mem[X,0x0000000080000D42] -> 0x00BF
[853] [M]: 0x0000000080000D40 (0x00BF1F13) slli t5, t5, 0xb
x30 <- 0xFFFEBFC201808800

mem[X,0x0000000080000D44] -> 0x0F13
mem[X,0x0000000080000D46] -> 0x7C4F
[854] [M]: 0x0000000080000D44 (0x7C4F0F13) addi t5, t5, 0x7c4
x30 <- 0xFFFEBFC201808FC4

mem[X,0x0000000080000D48] -> 0x1F13
mem[X,0x0000000080000D4A] -> 0x00AF
[855] [M]: 0x0000000080000D48 (0x00AF1F13) slli t5, t5, 0xa
x30 <- 0xFAFF0806023F1000

mem[X,0x0000000080000D4C] -> 0x0F13
mem[X,0x0000000080000D4E] -> 0x0DFF
[856] [M]: 0x0000000080000D4C (0x0DFF0F13) addi t5, t5, 0xdf
x30 <- 0xFAFF0806023F10DF

mem[X,0x0000000080000D50] -> 0x5EB7
mem[X,0x0000000080000D52] -> 0x01FE
[857] [M]: 0x0000000080000D50 (0x01FE5EB7) lui t4, 0x1fe5
x29 <- 0x0000000001FE5000

mem[X,0x0000000080000D54] -> 0x8E93
mem[X,0x0000000080000D56] -> 0x5FEE
[858] [M]: 0x0000000080000D54 (0x5FEE8E93) addi t4, t4, 0x5fe
x29 <- 0x0000000001FE55FE

mem[X,0x0000000080000D58] -> 0x9E93
mem[X,0x0000000080000D5A] -> 0x00BE
[859] [M]: 0x0000000080000D58 (0x00BE9E93) slli t4, t4, 0xb
x29 <- 0x0000000FF2AFF000

mem[X,0x0000000080000D5C] -> 0x8E93
mem[X,0x0000000080000D5E] -> 0x7C8E
[860] [M]: 0x0000000080000D5C (0x7C8E8E93) addi t4, t4, 0x7c8
x29 <- 0x0000000FF2AFF7C8

mem[X,0x0000000080000D60] -> 0x9E93
mem[X,0x0000000080000D62] -> 0x00BE
[861] [M]: 0x0000000080000D60 (0x00BE9E93) slli t4, t4, 0xb
x29 <- 0x00007F957FBE4000

mem[X,0x0000000080000D64] -> 0x8E93
mem[X,0x0000000080000D66] -> 0x244E
[862] [M]: 0x0000000080000D64 (0x244E8E93) addi t4, t4, 0x244
x29 <- 0x00007F957FBE4244

mem[X,0x0000000080000D68] -> 0x9E93
mem[X,0x0000000080000D6A] -> 0x00AE
[863] [M]: 0x0000000080000D68 (0x00AE9E93) slli t4, t4, 0xa
x29 <- 0x01FE55FEF9091000

mem[X,0x0000000080000D6C] -> 0x8E93
mem[X,0x0000000080000D6E] -> 0x0FFE
[864] [M]: 0x0000000080000D6C (0x0FFE8E93) addi t4, t4, 0xff
x29 <- 0x01FE55FEF90910FF

mem[X,0x0000000080000D70] -> 0x0FBB
mem[X,0x0000000080000D72] -> 0xFDDF
[865] [M]: 0x0000000080000D70 (0xFDDF0FBB) pasubu.b t6, t5, t4
x31 <- 0x7C00D984841B00F0

mem[X,0x0000000080000D74] -> 0xB823
mem[X,0x0000000080000D76] -> 0x05F0
[866] [M]: 0x0000000080000D74 (0x05F0B823) sd t6, 0x50(ra)
mem[0x0000000080004258] <- 0x7C00D984841B00F0

mem[X,0x0000000080000D78] -> 0xFF37
mem[X,0x0000000080000D7A] -> 0x0555
[867] [M]: 0x0000000080000D78 (0x0555FF37) lui t5, 0x555f
x30 <- 0x000000000555F000

mem[X,0x0000000080000D7C] -> 0x0F13
mem[X,0x0000000080000D7E] -> 0x6BFF
[868] [M]: 0x0000000080000D7C (0x6BFF0F13) addi t5, t5, 0x6bf
x30 <- 0x000000000555F6BF

mem[X,0x0000000080000D80] -> 0x1F13
mem[X,0x0000000080000D82] -> 0x00BF
[869] [M]: 0x0000000080000D80 (0x00BF1F13) slli t5, t5, 0xb
x30 <- 0x0000002AAFB5F800

mem[X,0x0000000080000D84] -> 0x0F13
mem[X,0x0000000080000D86] -> 0x008F
[870] [M]: 0x0000000080000D84 (0x008F0F13) addi t5, t5, 0x8
x30 <- 0x0000002AAFB5F808

mem[X,0x0000000080000D88] -> 0x1F13
mem[X,0x0000000080000D8A] -> 0x00BF
[871] [M]: 0x0000000080000D88 (0x00BF1F13) slli t5, t5, 0xb
x30 <- 0x0001557DAFC04000

mem[X,0x0000000080000D8C] -> 0x0F13
mem[X,0x0000000080000D8E] -> 0x137F
[872] [M]: 0x0000000080000D8C (0x137F0F13) addi t5, t5, 0x137
x30 <- 0x0001557DAFC04137

mem[X,0x0000000080000D90] -> 0x1F13
mem[X,0x0000000080000D92] -> 0x00AF
[873] [M]: 0x0000000080000D90 (0x00AF1F13) slli t5, t5, 0xa
x30 <- 0x0555F6BF0104DC00

mem[X,0x0000000080000D94] -> 0x0F13
mem[X,0x0000000080000D96] -> 0x340F
[874] [M]: 0x0000000080000D94 (0x340F0F13) addi t5, t5, 0x340
x30 <- 0x0555F6BF0104DF40

mem[X,0x0000000080000D98] -> 0x2EB7
mem[X,0x0000000080000D9A] -> 0x0605
[875] [M]: 0x0000000080000D98 (0x06052EB7) lui t4, 0x6052
x29 <- 0x0000000006052000

mem[X,0x0000000080000D9C] -> 0x8E93
mem[X,0x0000000080000D9E] -> 0x0FDE
[876] [M]: 0x0000000080000D9C (0x0FDE8E93) addi t4, t4, 0xfd
x29 <- 0x00000000060520FD

mem[X,0x0000000080000DA0] -> 0x9E93
mem[X,0x0000000080000DA2] -> 0x00BE
[877] [M]: 0x0000000080000DA0 (0x00BE9E93) slli t4, t4, 0xb
x29 <- 0x000000302907E800

mem[X,0x0000000080000DA4] -> 0x8E93
mem[X,0x0000000080000DA6] -> 0x400E
[878] [M]: 0x0000000080000DA4 (0x400E8E93) addi t4, t4, 0x400
x29 <- 0x000000302907EC00

mem[X,0x0000000080000DA8] -> 0x9E93
mem[X,0x0000000080000DAA] -> 0x00BE
[879] [M]: 0x0000000080000DA8 (0x00BE9E93) slli t4, t4, 0xb
x29 <- 0x000181483F600000

mem[X,0x0000000080000DAC] -> 0x8E93
mem[X,0x0000000080000DAE] -> 0x141E
[880] [M]: 0x0000000080000DAC (0x141E8E93) addi t4, t4, 0x141
x29 <- 0x000181483F600141

mem[X,0x0000000080000DB0] -> 0x9E93
mem[X,0x0000000080000DB2] -> 0x00AE
[881] [M]: 0x0000000080000DB0 (0x00AE9E93) slli t4, t4, 0xa
x29 <- 0x060520FD80050400

mem[X,0x0000000080000DB4] -> 0x8E93
mem[X,0x0000000080000DB6] -> 0x3FBE
[882] [M]: 0x0000000080000DB4 (0x3FBE8E93) addi t4, t4, 0x3fb
x29 <- 0x060520FD800507FB

mem[X,0x0000000080000DB8] -> 0x0FBB
mem[X,0x0000000080000DBA] -> 0xFDDF
[883] [M]: 0x0000000080000DB8 (0xFDDF0FBB) pasubu.b t6, t5, t4
x31 <- 0xFF286BE1C0FF6CA2

mem[X,0x0000000080000DBC] -> 0xBC23
mem[X,0x0000000080000DBE] -> 0x05F0
[884] [M]: 0x0000000080000DBC (0x05F0BC23) sd t6, 0x58(ra)
mem[0x0000000080004260] <- 0xFF286BE1C0FF6CA2

mem[X,0x0000000080000DC0] -> 0x0F37
mem[X,0x0000000080000DC2] -> 0xC0FE
[885] [M]: 0x0000000080000DC0 (0xC0FE0F37) lui t5, -0x3f020
x30 <- 0xFFFFFFFFC0FE0000

mem[X,0x0000000080000DC4] -> 0x0F13
mem[X,0x0000000080000DC6] -> 0x6F9F
[886] [M]: 0x0000000080000DC4 (0x6F9F0F13) addi t5, t5, 0x6f9
x30 <- 0xFFFFFFFFC0FE06F9

mem[X,0x0000000080000DC8] -> 0x1F13
mem[X,0x0000000080000DCA] -> 0x00BF
[887] [M]: 0x0000000080000DC8 (0x00BF1F13) slli t5, t5, 0xb
x30 <- 0xFFFFFE07F037C800

mem[X,0x0000000080000DCC] -> 0x0F13
mem[X,0x0000000080000DCE] -> 0x1FFF
[888] [M]: 0x0000000080000DCC (0x1FFF0F13) addi t5, t5, 0x1ff
x30 <- 0xFFFFFE07F037C9FF

mem[X,0x0000000080000DD0] -> 0x1F13
mem[X,0x0000000080000DD2] -> 0x00BF
[889] [M]: 0x0000000080000DD0 (0x00BF1F13) slli t5, t5, 0xb
x30 <- 0xFFF03F81BE4FF800

mem[X,0x0000000080000DD4] -> 0x0F13
mem[X,0x0000000080000DD6] -> 0x6AAF
[890] [M]: 0x0000000080000DD4 (0x6AAF0F13) addi t5, t5, 0x6aa
x30 <- 0xFFF03F81BE4FFEAA

mem[X,0x0000000080000DD8] -> 0x1F13
mem[X,0x0000000080000DDA] -> 0x00AF
[891] [M]: 0x0000000080000DD8 (0x00AF1F13) slli t5, t5, 0xa
x30 <- 0xC0FE06F93FFAA800

mem[X,0x0000000080000DDC] -> 0x0F13
mem[X,0x0000000080000DDE] -> 0x2F7F
[892] [M]: 0x0000000080000DDC (0x2F7F0F13) addi t5, t5, 0x2f7
x30 <- 0xC0FE06F93FFAAAF7

mem[X,0x0000000080000DE0] -> 0x8EB7
mem[X,0x0000000080000DE2] -> 0xFFFD
[893] [M]: 0x0000000080000DE0 (0xFFFD8EB7) lui t4, -0x28
x29 <- 0xFFFFFFFFFFFD8000

mem[X,0x0000000080000DE4] -> 0x8E93
mem[X,0x0000000080000DE6] -> 0xFDFE
[894] [M]: 0x0000000080000DE4 (0xFDFE8E93) addi t4, t4, -0x21
x29 <- 0xFFFFFFFFFFFD7FDF

mem[X,0x0000000080000DE8] -> 0x9E93
mem[X,0x0000000080000DEA] -> 0x00BE
[895] [M]: 0x0000000080000DE8 (0x00BE9E93) slli t4, t4, 0xb
x29 <- 0xFFFFFFFFEBFEF800

mem[X,0x0000000080000DEC] -> 0x8E93
mem[X,0x0000000080000DEE] -> 0x200E
[896] [M]: 0x0000000080000DEC (0x200E8E93) addi t4, t4, 0x200
x29 <- 0xFFFFFFFFEBFEFA00

mem[X,0x0000000080000DF0] -> 0x9E93
mem[X,0x0000000080000DF2] -> 0x00BE
[897] [M]: 0x0000000080000DF0 (0x00BE9E93) slli t4, t4, 0xb
x29 <- 0xFFFFFF5FF7D00000

mem[X,0x0000000080000DF4] -> 0x8E93
mem[X,0x0000000080000DF6] -> 0x0C1E
[898] [M]: 0x0000000080000DF4 (0x0C1E8E93) addi t4, t4, 0xc1
x29 <- 0xFFFFFF5FF7D000C1

mem[X,0x0000000080000DF8] -> 0x9E93
mem[X,0x0000000080000DFA] -> 0x00AE
[899] [M]: 0x0000000080000DF8 (0x00AE9E93) slli t4, t4, 0xa
x29 <- 0xFFFD7FDF40030400

clint::tick mtime <- 0x0000000000000009
 clint timer pending at mtime 0x0000000000000009
htif::tick 0x0000000000000000
mem[X,0x0000000080000DFC] -> 0x8E93
mem[X,0x0000000080000DFE] -> 0x3F8E
[900] [M]: 0x0000000080000DFC (0x3F8E8E93) addi t4, t4, 0x3f8
x29 <- 0xFFFD7FDF400307F8

mem[X,0x0000000080000E00] -> 0x0FBB
mem[X,0x0000000080000E02] -> 0xFDDF
[901] [M]: 0x0000000080000E00 (0xFDDF0FBB) pasubu.b t6, t5, t4
x31 <- 0xE000C30DFF7B51FF

mem[X,0x0000000080000E04] -> 0xB023
mem[X,0x0000000080000E06] -> 0x07F0
[902] [M]: 0x0000000080000E04 (0x07F0B023) sd t6, 0x60(ra)
mem[0x0000000080004268] <- 0xE000C30DFF7B51FF

mem[X,0x0000000080000E08] -> 0x8F37
mem[X,0x0000000080000E0A] -> 0x3FFB
[903] [M]: 0x0000000080000E08 (0x3FFB8F37) lui t5, 0x3ffb8
x30 <- 0x000000003FFB8000

mem[X,0x0000000080000E0C] -> 0x0F13
mem[X,0x0000000080000E0E] -> 0xFFEF
[904] [M]: 0x0000000080000E0C (0xFFEF0F13) addi t5, t5, -0x2
x30 <- 0x000000003FFB7FFE

mem[X,0x0000000080000E10] -> 0x1F13
mem[X,0x0000000080000E12] -> 0x00BF
[905] [M]: 0x0000000080000E10 (0x00BF1F13) slli t5, t5, 0xb
x30 <- 0x000001FFDBFFF000

mem[X,0x0000000080000E14] -> 0x0F13
mem[X,0x0000000080000E16] -> 0x027F
[906] [M]: 0x0000000080000E14 (0x027F0F13) addi t5, t5, 0x27
x30 <- 0x000001FFDBFFF027

mem[X,0x0000000080000E18] -> 0x1F13
mem[X,0x0000000080000E1A] -> 0x00BF
[907] [M]: 0x0000000080000E18 (0x00BF1F13) slli t5, t5, 0xb
x30 <- 0x000FFEDFFF813800

mem[X,0x0000000080000E1C] -> 0x0F13
mem[X,0x0000000080000E1E] -> 0x6AFF
[908] [M]: 0x0000000080000E1C (0x6AFF0F13) addi t5, t5, 0x6af
x30 <- 0x000FFEDFFF813EAF

mem[X,0x0000000080000E20] -> 0x1F13
mem[X,0x0000000080000E22] -> 0x00AF
[909] [M]: 0x0000000080000E20 (0x00AF1F13) slli t5, t5, 0xa
x30 <- 0x3FFB7FFE04FABC00

mem[X,0x0000000080000E24] -> 0x0F13
mem[X,0x0000000080000E26] -> 0x3FDF
[910] [M]: 0x0000000080000E24 (0x3FDF0F13) addi t5, t5, 0x3fd
x30 <- 0x3FFB7FFE04FABFFD

mem[X,0x0000000080000E28] -> 0x0EB7
mem[X,0x0000000080000E2A] -> 0x40F8
[911] [M]: 0x0000000080000E28 (0x40F80EB7) lui t4, 0x40f80
x29 <- 0x0000000040F80000

mem[X,0x0000000080000E2C] -> 0x8E93
mem[X,0x0000000080000E2E] -> 0xA04E
[912] [M]: 0x0000000080000E2C (0xA04E8E93) addi t4, t4, -0x5fc
x29 <- 0x0000000040F7FA04

mem[X,0x0000000080000E30] -> 0x9E93
mem[X,0x0000000080000E32] -> 0x00BE
[913] [M]: 0x0000000080000E30 (0x00BE9E93) slli t4, t4, 0xb
x29 <- 0x00000207BFD02000

mem[X,0x0000000080000E34] -> 0x8E93
mem[X,0x0000000080000E36] -> 0x040E
[914] [M]: 0x0000000080000E34 (0x040E8E93) addi t4, t4, 0x40
x29 <- 0x00000207BFD02040

mem[X,0x0000000080000E38] -> 0x9E93
mem[X,0x0000000080000E3A] -> 0x00BE
[915] [M]: 0x0000000080000E38 (0x00BE9E93) slli t4, t4, 0xb
x29 <- 0x00103DFE81020000

mem[X,0x0000000080000E3C] -> 0x8E93
mem[X,0x0000000080000E3E] -> 0x0D0E
[916] [M]: 0x0000000080000E3C (0x0D0E8E93) addi t4, t4, 0xd0
x29 <- 0x00103DFE810200D0

mem[X,0x0000000080000E40] -> 0x9E93
mem[X,0x0000000080000E42] -> 0x00AE
[917] [M]: 0x0000000080000E40 (0x00AE9E93) slli t4, t4, 0xa
x29 <- 0x40F7FA0408034000

mem[X,0x0000000080000E44] -> 0x8E93
mem[X,0x0000000080000E46] -> 0x010E
[918] [M]: 0x0000000080000E44 (0x010E8E93) addi t4, t4, 0x10
x29 <- 0x40F7FA0408034010

mem[X,0x0000000080000E48] -> 0x0FBB
mem[X,0x0000000080000E4A] -> 0xFDDF
[919] [M]: 0x0000000080000E48 (0xFDDF0FBB) pasubu.b t6, t5, t4
x31 <- 0xFF02C27DFE7B3F76

mem[X,0x0000000080000E4C] -> 0xB423
mem[X,0x0000000080000E4E] -> 0x07F0
[920] [M]: 0x0000000080000E4C (0x07F0B423) sd t6, 0x68(ra)
mem[0x0000000080004270] <- 0xFF02C27DFE7B3F76

mem[X,0x0000000080000E50] -> 0x1F37
mem[X,0x0000000080000E52] -> 0x0205
[921] [M]: 0x0000000080000E50 (0x02051F37) lui t5, 0x2051
x30 <- 0x0000000002051000

mem[X,0x0000000080000E54] -> 0x0F13
mem[X,0x0000000080000E56] -> 0x0FBF
[922] [M]: 0x0000000080000E54 (0x0FBF0F13) addi t5, t5, 0xfb
x30 <- 0x00000000020510FB

mem[X,0x0000000080000E58] -> 0x1F13
mem[X,0x0000000080000E5A] -> 0x00BF
[923] [M]: 0x0000000080000E58 (0x00BF1F13) slli t5, t5, 0xb
x30 <- 0x000000102887D800

mem[X,0x0000000080000E5C] -> 0x0F13
mem[X,0x0000000080000E5E] -> 0x7CFF
[924] [M]: 0x0000000080000E5C (0x7CFF0F13) addi t5, t5, 0x7cf
x30 <- 0x000000102887DFCF

mem[X,0x0000000080000E60] -> 0x1F13
mem[X,0x0000000080000E62] -> 0x00BF
[925] [M]: 0x0000000080000E60 (0x00BF1F13) slli t5, t5, 0xb
x30 <- 0x000081443EFE7800

mem[X,0x0000000080000E64] -> 0x0F13
mem[X,0x0000000080000E66] -> 0x5BDF
[926] [M]: 0x0000000080000E64 (0x5BDF0F13) addi t5, t5, 0x5bd
x30 <- 0x000081443EFE7DBD

mem[X,0x0000000080000E68] -> 0x1F13
mem[X,0x0000000080000E6A] -> 0x00AF
[927] [M]: 0x0000000080000E68 (0x00AF1F13) slli t5, t5, 0xa
x30 <- 0x020510FBF9F6F400

mem[X,0x0000000080000E6C] -> 0x0F13
mem[X,0x0000000080000E6E] -> 0x380F
[928] [M]: 0x0000000080000E6C (0x380F0F13) addi t5, t5, 0x380
x30 <- 0x020510FBF9F6F780

mem[X,0x0000000080000E70] -> 0x1EB7
mem[X,0x0000000080000E72] -> 0x7FDF
[929] [M]: 0x0000000080000E70 (0x7FDF1EB7) lui t4, 0x7fdf1
x29 <- 0x000000007FDF1000

mem[X,0x0000000080000E74] -> 0x8E93
mem[X,0x0000000080000E76] -> 0x807E
[930] [M]: 0x0000000080000E74 (0x807E8E93) addi t4, t4, -0x7f9
x29 <- 0x000000007FDF0807

mem[X,0x0000000080000E78] -> 0x9E93
mem[X,0x0000000080000E7A] -> 0x00BE
[931] [M]: 0x0000000080000E78 (0x00BE9E93) slli t4, t4, 0xb
x29 <- 0x000003FEF8403800

mem[X,0x0000000080000E7C] -> 0x8E93
mem[X,0x0000000080000E7E] -> 0x200E
[932] [M]: 0x0000000080000E7C (0x200E8E93) addi t4, t4, 0x200
x29 <- 0x000003FEF8403A00

mem[X,0x0000000080000E80] -> 0x9E93
mem[X,0x0000000080000E82] -> 0x00BE
[933] [M]: 0x0000000080000E80 (0x00BE9E93) slli t4, t4, 0xb
x29 <- 0x001FF7C201D00000

mem[X,0x0000000080000E84] -> 0x8E93
mem[X,0x0000000080000E86] -> 0x141E
[934] [M]: 0x0000000080000E84 (0x141E8E93) addi t4, t4, 0x141
x29 <- 0x001FF7C201D00141

mem[X,0x0000000080000E88] -> 0x9E93
mem[X,0x0000000080000E8A] -> 0x00AE
[935] [M]: 0x0000000080000E88 (0x00AE9E93) slli t4, t4, 0xa
x29 <- 0x7FDF080740050400

mem[X,0x0000000080000E8C] -> 0x8E93
mem[X,0x0000000080000E8E] -> 0x0FEE
[936] [M]: 0x0000000080000E8C (0x0FEE8E93) addi t4, t4, 0xfe
x29 <- 0x7FDF0807400504FE

mem[X,0x0000000080000E90] -> 0x0FBB
mem[X,0x0000000080000E92] -> 0xFDDF
[937] [M]: 0x0000000080000E90 (0xFDDF0FBB) pasubu.b t6, t5, t4
x31 <- 0xC193047A5C7879C1

mem[X,0x0000000080000E94] -> 0xB823
mem[X,0x0000000080000E96] -> 0x07F0
[938] [M]: 0x0000000080000E94 (0x07F0B823) sd t6, 0x70(ra)
mem[0x0000000080004278] <- 0xC193047A5C7879C1

mem[X,0x0000000080000E98] -> 0x0F37
mem[X,0x0000000080000E9A] -> 0x1021
[939] [M]: 0x0000000080000E98 (0x10210F37) lui t5, 0x10210
x30 <- 0x0000000010210000

mem[X,0x0000000080000E9C] -> 0x0F13
mem[X,0x0000000080000E9E] -> 0xE03F
[940] [M]: 0x0000000080000E9C (0xE03F0F13) addi t5, t5, -0x1fd
x30 <- 0x000000001020FE03

mem[X,0x0000000080000EA0] -> 0x1F13
mem[X,0x0000000080000EA2] -> 0x00BF
[941] [M]: 0x0000000080000EA0 (0x00BF1F13) slli t5, t5, 0xb
x30 <- 0x0000008107F01800

mem[X,0x0000000080000EA4] -> 0x0F13
mem[X,0x0000000080000EA6] -> 0x017F
[942] [M]: 0x0000000080000EA4 (0x017F0F13) addi t5, t5, 0x17
x30 <- 0x0000008107F01817

mem[X,0x0000000080000EA8] -> 0x1F13
mem[X,0x0000000080000EAA] -> 0x00BF
[943] [M]: 0x0000000080000EA8 (0x00BF1F13) slli t5, t5, 0xb
x30 <- 0x0004083F80C0B800

mem[X,0x0000000080000EAC] -> 0x0F13
mem[X,0x0000000080000EAE] -> 0x6E0F
[944] [M]: 0x0000000080000EAC (0x6E0F0F13) addi t5, t5, 0x6e0
x30 <- 0x0004083F80C0BEE0

mem[X,0x0000000080000EB0] -> 0x1F13
mem[X,0x0000000080000EB2] -> 0x00AF
[945] [M]: 0x0000000080000EB0 (0x00AF1F13) slli t5, t5, 0xa
x30 <- 0x1020FE0302FB8000

mem[X,0x0000000080000EB4] -> 0x0F13
mem[X,0x0000000080000EB6] -> 0x0FCF
[946] [M]: 0x0000000080000EB4 (0x0FCF0F13) addi t5, t5, 0xfc
x30 <- 0x1020FE0302FB80FC

mem[X,0x0000000080000EB8] -> 0x0EB7
mem[X,0x0000000080000EBA] -> 0xEFF7
[947] [M]: 0x0000000080000EB8 (0xEFF70EB7) lui t4, -0x10090
x29 <- 0xFFFFFFFFEFF70000

mem[X,0x0000000080000EBC] -> 0x8E93
mem[X,0x0000000080000EBE] -> 0xAFFE
[948] [M]: 0x0000000080000EBC (0xAFFE8E93) addi t4, t4, -0x501
x29 <- 0xFFFFFFFFEFF6FAFF

mem[X,0x0000000080000EC0] -> 0x9E93
mem[X,0x0000000080000EC2] -> 0x00BE
[949] [M]: 0x0000000080000EC0 (0x00BE9E93) slli t4, t4, 0xb
x29 <- 0xFFFFFF7FB7D7F800

mem[X,0x0000000080000EC4] -> 0x8E93
mem[X,0x0000000080000EC6] -> 0x6FCE
[950] [M]: 0x0000000080000EC4 (0x6FCE8E93) addi t4, t4, 0x6fc
x29 <- 0xFFFFFF7FB7D7FEFC

mem[X,0x0000000080000EC8] -> 0x9E93
mem[X,0x0000000080000ECA] -> 0x00BE
[951] [M]: 0x0000000080000EC8 (0x00BE9E93) slli t4, t4, 0xb
x29 <- 0xFFFBFDBEBFF7E000

mem[X,0x0000000080000ECC] -> 0x8E93
mem[X,0x0000000080000ECE] -> 0x015E
[952] [M]: 0x0000000080000ECC (0x015E8E93) addi t4, t4, 0x15
x29 <- 0xFFFBFDBEBFF7E015

mem[X,0x0000000080000ED0] -> 0x9E93
mem[X,0x0000000080000ED2] -> 0x00AE
[953] [M]: 0x0000000080000ED0 (0x00AE9E93) slli t4, t4, 0xa
x29 <- 0xEFF6FAFFDF805400

mem[X,0x0000000080000ED4] -> 0x8E93
mem[X,0x0000000080000ED6] -> 0x100E
[954] [M]: 0x0000000080000ED4 (0x100E8E93) addi t4, t4, 0x100
x29 <- 0xEFF6FAFFDF805500

mem[X,0x0000000080000ED8] -> 0x0FBB
mem[X,0x0000000080000EDA] -> 0xFDDF
[955] [M]: 0x0000000080000ED8 (0xFDDF0FBB) pasubu.b t6, t5, t4
x31 <- 0x90950282913D157E

mem[X,0x0000000080000EDC] -> 0xBC23
mem[X,0x0000000080000EDE] -> 0x07F0
[956] [M]: 0x0000000080000EDC (0x07F0BC23) sd t6, 0x78(ra)
mem[0x0000000080004280] <- 0x90950282913D157E

mem[X,0x0000000080000EE0] -> 0x0F37
mem[X,0x0000000080000EE2] -> 0xFE40
[957] [M]: 0x0000000080000EE0 (0xFE400F37) lui t5, -0x1c00
x30 <- 0xFFFFFFFFFE400000

mem[X,0x0000000080000EE4] -> 0x0F13
mem[X,0x0000000080000EE6] -> 0x4FEF
[958] [M]: 0x0000000080000EE4 (0x4FEF0F13) addi t5, t5, 0x4fe
x30 <- 0xFFFFFFFFFE4004FE

mem[X,0x0000000080000EE8] -> 0x1F13
mem[X,0x0000000080000EEA] -> 0x00BF
[959] [M]: 0x0000000080000EE8 (0x00BF1F13) slli t5, t5, 0xb
x30 <- 0xFFFFFFF20027F000

mem[X,0x0000000080000EEC] -> 0x0F13
mem[X,0x0000000080000EEE] -> 0x7F7F
[960] [M]: 0x0000000080000EEC (0x7F7F0F13) addi t5, t5, 0x7f7
x30 <- 0xFFFFFFF20027F7F7

mem[X,0x0000000080000EF0] -> 0x1F13
mem[X,0x0000000080000EF2] -> 0x00BF
[961] [M]: 0x0000000080000EF0 (0x00BF1F13) slli t5, t5, 0xb
x30 <- 0xFFFF90013FBFB800

mem[X,0x0000000080000EF4] -> 0x0F13
mem[X,0x0000000080000EF6] -> 0x6AAF
[962] [M]: 0x0000000080000EF4 (0x6AAF0F13) addi t5, t5, 0x6aa
x30 <- 0xFFFF90013FBFBEAA

mem[X,0x0000000080000EF8] -> 0x1F13
mem[X,0x0000000080000EFA] -> 0x00AF
[963] [M]: 0x0000000080000EF8 (0x00AF1F13) slli t5, t5, 0xa
x30 <- 0xFE4004FEFEFAA800

mem[X,0x0000000080000EFC] -> 0x0F13
mem[X,0x0000000080000EFE] -> 0x2BFF
[964] [M]: 0x0000000080000EFC (0x2BFF0F13) addi t5, t5, 0x2bf
x30 <- 0xFE4004FEFEFAAABF

mem[X,0x0000000080000F00] -> 0x0EB7
mem[X,0x0000000080000F02] -> 0xFDC0
[965] [M]: 0x0000000080000F00 (0xFDC00EB7) lui t4, -0x2400
x29 <- 0xFFFFFFFFFDC00000

mem[X,0x0000000080000F04] -> 0x8E93
mem[X,0x0000000080000F06] -> 0xDF6E
[966] [M]: 0x0000000080000F04 (0xDF6E8E93) addi t4, t4, -0x20a
x29 <- 0xFFFFFFFFFDBFFDF6

mem[X,0x0000000080000F08] -> 0x9E93
mem[X,0x0000000080000F0A] -> 0x00BE
[967] [M]: 0x0000000080000F08 (0x00BE9E93) slli t4, t4, 0xb
x29 <- 0xFFFFFFEDFFEFB000

mem[X,0x0000000080000F0C] -> 0x8E93
mem[X,0x0000000080000F0E] -> 0x7C1E
[968] [M]: 0x0000000080000F0C (0x7C1E8E93) addi t4, t4, 0x7c1
x29 <- 0xFFFFFFEDFFEFB7C1

mem[X,0x0000000080000F10] -> 0x9E93
mem[X,0x0000000080000F12] -> 0x00BE
[969] [M]: 0x0000000080000F10 (0x00BE9E93) slli t4, t4, 0xb
x29 <- 0xFFFF6FFF7DBE0800

mem[X,0x0000000080000F14] -> 0x8E93
mem[X,0x0000000080000F16] -> 0x03EE
[970] [M]: 0x0000000080000F14 (0x03EE8E93) addi t4, t4, 0x3e
x29 <- 0xFFFF6FFF7DBE083E

mem[X,0x0000000080000F18] -> 0x9E93
mem[X,0x0000000080000F1A] -> 0x00AE
[971] [M]: 0x0000000080000F18 (0x00AE9E93) slli t4, t4, 0xa
x29 <- 0xFDBFFDF6F820F800

mem[X,0x0000000080000F1C] -> 0x8E93
mem[X,0x0000000080000F1E] -> 0x108E
[972] [M]: 0x0000000080000F1C (0x108E8E93) addi t4, t4, 0x108
x29 <- 0xFDBFFDF6F820F908

mem[X,0x0000000080000F20] -> 0x0FBB
mem[X,0x0000000080000F22] -> 0xFDDF
[973] [M]: 0x0000000080000F20 (0xFDDF0FBB) pasubu.b t6, t5, t4
x31 <- 0x00C08304036DD85B

mem[X,0x0000000080000F24] -> 0xB023
mem[X,0x0000000080000F26] -> 0x09F0
[974] [M]: 0x0000000080000F24 (0x09F0B023) sd t6, 0x80(ra)
mem[0x0000000080004288] <- 0x00C08304036DD85B

mem[X,0x0000000080000F28] -> 0x0F37
mem[X,0x0000000080000F2A] -> 0x55AA
[975] [M]: 0x0000000080000F28 (0x55AA0F37) lui t5, 0x55aa0
x30 <- 0x0000000055AA0000

mem[X,0x0000000080000F2C] -> 0x0F13
mem[X,0x0000000080000F2E] -> 0x2FAF
[976] [M]: 0x0000000080000F2C (0x2FAF0F13) addi t5, t5, 0x2fa
x30 <- 0x0000000055AA02FA

mem[X,0x0000000080000F30] -> 0x1F13
mem[X,0x0000000080000F32] -> 0x00BF
[977] [M]: 0x0000000080000F30 (0x00BF1F13) slli t5, t5, 0xb
x30 <- 0x000002AD5017D000

mem[X,0x0000000080000F34] -> 0x0F13
mem[X,0x0000000080000F36] -> 0x046F
[978] [M]: 0x0000000080000F34 (0x046F0F13) addi t5, t5, 0x46
x30 <- 0x000002AD5017D046

mem[X,0x0000000080000F38] -> 0x1F13
mem[X,0x0000000080000F3A] -> 0x00BF
[979] [M]: 0x0000000080000F38 (0x00BF1F13) slli t5, t5, 0xb
x30 <- 0x00156A80BE823000

mem[X,0x0000000080000F3C] -> 0x0F13
mem[X,0x0000000080000F3E] -> 0x000F
[980] [M]: 0x0000000080000F3C (0x000F0F13) addi t5, t5, 0x0
x30 <- 0x00156A80BE823000

mem[X,0x0000000080000F40] -> 0x1F13
mem[X,0x0000000080000F42] -> 0x00AF
[981] [M]: 0x0000000080000F40 (0x00AF1F13) slli t5, t5, 0xa
x30 <- 0x55AA02FA08C00000

mem[X,0x0000000080000F44] -> 0x0F13
mem[X,0x0000000080000F46] -> 0x1F9F
[982] [M]: 0x0000000080000F44 (0x1F9F0F13) addi t5, t5, 0x1f9
x30 <- 0x55AA02FA08C001F9

mem[X,0x0000000080000F48] -> 0x0EB7
mem[X,0x0000000080000F4A] -> 0x0604
[983] [M]: 0x0000000080000F48 (0x06040EB7) lui t4, 0x6040
x29 <- 0x0000000006040000

mem[X,0x0000000080000F4C] -> 0x8E93
mem[X,0x0000000080000F4E] -> 0xE20E
[984] [M]: 0x0000000080000F4C (0xE20E8E93) addi t4, t4, -0x1e0
x29 <- 0x000000000603FE20

mem[X,0x0000000080000F50] -> 0x9E93
mem[X,0x0000000080000F52] -> 0x00BE
[985] [M]: 0x0000000080000F50 (0x00BE9E93) slli t4, t4, 0xb
x29 <- 0x000000301FF10000

mem[X,0x0000000080000F54] -> 0x8E93
mem[X,0x0000000080000F56] -> 0x01CE
[986] [M]: 0x0000000080000F54 (0x01CE8E93) addi t4, t4, 0x1c
x29 <- 0x000000301FF1001C

mem[X,0x0000000080000F58] -> 0x9E93
mem[X,0x0000000080000F5A] -> 0x00BE
[987] [M]: 0x0000000080000F58 (0x00BE9E93) slli t4, t4, 0xb
x29 <- 0x000180FF8800E000

mem[X,0x0000000080000F5C] -> 0x8E93
mem[X,0x0000000080000F5E] -> 0x001E
[988] [M]: 0x0000000080000F5C (0x001E8E93) addi t4, t4, 0x1
x29 <- 0x000180FF8800E001

mem[X,0x0000000080000F60] -> 0x9E93
mem[X,0x0000000080000F62] -> 0x00AE
[989] [M]: 0x0000000080000F60 (0x00AE9E93) slli t4, t4, 0xa
x29 <- 0x0603FE2003800400

mem[X,0x0000000080000F64] -> 0x8E93
mem[X,0x0000000080000F66] -> 0x0F9E
[990] [M]: 0x0000000080000F64 (0x0F9E8E93) addi t4, t4, 0xf9
x29 <- 0x0603FE20038004F9

mem[X,0x0000000080000F68] -> 0x0FBB
mem[X,0x0000000080000F6A] -> 0xFDDF
[991] [M]: 0x0000000080000F68 (0xFDDF0FBB) pasubu.b t6, t5, t4
x31 <- 0x2753826D0220FE00

mem[X,0x0000000080000F6C] -> 0xB423
mem[X,0x0000000080000F6E] -> 0x09F0
[992] [M]: 0x0000000080000F6C (0x09F0B423) sd t6, 0x88(ra)
mem[0x0000000080004290] <- 0x2753826D0220FE00

mem[X,0x0000000080000F70] -> 0x2F37
mem[X,0x0000000080000F72] -> 0xFF06
[993] [M]: 0x0000000080000F70 (0xFF062F37) lui t5, -0xf9e
x30 <- 0xFFFFFFFFFF062000

mem[X,0x0000000080000F74] -> 0x0F13
mem[X,0x0000000080000F76] -> 0x055F
[994] [M]: 0x0000000080000F74 (0x055F0F13) addi t5, t5, 0x55
x30 <- 0xFFFFFFFFFF062055

mem[X,0x0000000080000F78] -> 0x1F13
mem[X,0x0000000080000F7A] -> 0x00BF
[995] [M]: 0x0000000080000F78 (0x00BF1F13) slli t5, t5, 0xb
x30 <- 0xFFFFFFF83102A800

mem[X,0x0000000080000F7C] -> 0x0F13
mem[X,0x0000000080000F7E] -> 0x039F
[996] [M]: 0x0000000080000F7C (0x039F0F13) addi t5, t5, 0x39
x30 <- 0xFFFFFFF83102A839

mem[X,0x0000000080000F80] -> 0x1F13
mem[X,0x0000000080000F82] -> 0x00BF
[997] [M]: 0x0000000080000F80 (0x00BF1F13) slli t5, t5, 0xb
x30 <- 0xFFFFC1881541C800

mem[X,0x0000000080000F84] -> 0x0F13
mem[X,0x0000000080000F86] -> 0x7FEF
[998] [M]: 0x0000000080000F84 (0x7FEF0F13) addi t5, t5, 0x7fe
x30 <- 0xFFFFC1881541CFFE

mem[X,0x0000000080000F88] -> 0x1F13
mem[X,0x0000000080000F8A] -> 0x00AF
[999] [M]: 0x0000000080000F88 (0x00AF1F13) slli t5, t5, 0xa
x30 <- 0xFF062055073FF800

clint::tick mtime <- 0x000000000000000A
 clint timer pending at mtime 0x000000000000000A
htif::tick 0x0000000000000000
mem[X,0x0000000080000F8C] -> 0x0F13
mem[X,0x0000000080000F8E] -> 0x1EFF
[1000] [M]: 0x0000000080000F8C (0x1EFF0F13) addi t5, t5, 0x1ef
x30 <- 0xFF062055073FF9EF

mem[X,0x0000000080000F90] -> 0x0EB7
mem[X,0x0000000080000F92] -> 0x06F9
[1001] [M]: 0x0000000080000F90 (0x06F90EB7) lui t4, 0x6f90
x29 <- 0x0000000006F90000

mem[X,0x0000000080000F94] -> 0x8E93
mem[X,0x0000000080000F96] -> 0x6FDE
[1002] [M]: 0x0000000080000F94 (0x6FDE8E93) addi t4, t4, 0x6fd
x29 <- 0x0000000006F906FD

mem[X,0x0000000080000F98] -> 0x9E93
mem[X,0x0000000080000F9A] -> 0x00BE
[1003] [M]: 0x0000000080000F98 (0x00BE9E93) slli t4, t4, 0xb
x29 <- 0x00000037C837E800

mem[X,0x0000000080000F9C] -> 0x8E93
mem[X,0x0000000080000F9E] -> 0x7B7E
[1004] [M]: 0x0000000080000F9C (0x7B7E8E93) addi t4, t4, 0x7b7
x29 <- 0x00000037C837EFB7

mem[X,0x0000000080000FA0] -> 0x9E93
mem[X,0x0000000080000FA2] -> 0x00BE
[1005] [M]: 0x0000000080000FA0 (0x00BE9E93) slli t4, t4, 0xb
x29 <- 0x0001BE41BF7DB800

mem[X,0x0000000080000FA4] -> 0x8E93
mem[X,0x0000000080000FA6] -> 0x73DE
[1006] [M]: 0x0000000080000FA4 (0x73DE8E93) addi t4, t4, 0x73d
x29 <- 0x0001BE41BF7DBF3D

mem[X,0x0000000080000FA8] -> 0x9E93
mem[X,0x0000000080000FAA] -> 0x00AE
[1007] [M]: 0x0000000080000FA8 (0x00AE9E93) slli t4, t4, 0xa
x29 <- 0x06F906FDF6FCF400

mem[X,0x0000000080000FAC] -> 0x8E93
mem[X,0x0000000080000FAE] -> 0x3FEE
[1008] [M]: 0x0000000080000FAC (0x3FEE8E93) addi t4, t4, 0x3fe
x29 <- 0x06F906FDF6FCF7FE

mem[X,0x0000000080000FB0] -> 0x0FBB
mem[X,0x0000000080000FB2] -> 0xFDDF
[1009] [M]: 0x0000000080000FB0 (0xFDDF0FBB) pasubu.b t6, t5, t4
x31 <- 0x7C860DAC88A101F8

mem[X,0x0000000080000FB4] -> 0xB823
mem[X,0x0000000080000FB6] -> 0x09F0
[1010] [M]: 0x0000000080000FB4 (0x09F0B823) sd t6, 0x90(ra)
mem[0x0000000080004298] <- 0x7C860DAC88A101F8

mem[X,0x0000000080000FB8] -> 0x1F37
mem[X,0x0000000080000FBA] -> 0x01F7
[1011] [M]: 0x0000000080000FB8 (0x01F71F37) lui t5, 0x1f71
x30 <- 0x0000000001F71000

mem[X,0x0000000080000FBC] -> 0x0F13
mem[X,0x0000000080000FBE] -> 0x0FFF
[1012] [M]: 0x0000000080000FBC (0x0FFF0F13) addi t5, t5, 0xff
x30 <- 0x0000000001F710FF

mem[X,0x0000000080000FC0] -> 0x1F13
mem[X,0x0000000080000FC2] -> 0x00BF
[1013] [M]: 0x0000000080000FC0 (0x00BF1F13) slli t5, t5, 0xb
x30 <- 0x0000000FB887F800

mem[X,0x0000000080000FC4] -> 0x0F13
mem[X,0x0000000080000FC6] -> 0x03FF
[1014] [M]: 0x0000000080000FC4 (0x03FF0F13) addi t5, t5, 0x3f
x30 <- 0x0000000FB887F83F

mem[X,0x0000000080000FC8] -> 0x1F13
mem[X,0x0000000080000FCA] -> 0x00BF
[1015] [M]: 0x0000000080000FC8 (0x00BF1F13) slli t5, t5, 0xb
x30 <- 0x00007DC43FC1F800

mem[X,0x0000000080000FCC] -> 0x0F13
mem[X,0x0000000080000FCE] -> 0x3EFF
[1016] [M]: 0x0000000080000FCC (0x3EFF0F13) addi t5, t5, 0x3ef
x30 <- 0x00007DC43FC1FBEF

mem[X,0x0000000080000FD0] -> 0x1F13
mem[X,0x0000000080000FD2] -> 0x00AF
[1017] [M]: 0x0000000080000FD0 (0x00AF1F13) slli t5, t5, 0xa
x30 <- 0x01F710FF07EFBC00

mem[X,0x0000000080000FD4] -> 0x0F13
mem[X,0x0000000080000FD6] -> 0x3F9F
[1018] [M]: 0x0000000080000FD4 (0x3F9F0F13) addi t5, t5, 0x3f9
x30 <- 0x01F710FF07EFBFF9

mem[X,0x0000000080000FD8] -> 0xCEB7
mem[X,0x0000000080000FDA] -> 0xF955
[1019] [M]: 0x0000000080000FD8 (0xF955CEB7) lui t4, -0x6aa4
x29 <- 0xFFFFFFFFF955C000

mem[X,0x0000000080000FDC] -> 0x8E93
mem[X,0x0000000080000FDE] -> 0x0FBE
[1020] [M]: 0x0000000080000FDC (0x0FBE8E93) addi t4, t4, 0xfb
x29 <- 0xFFFFFFFFF955C0FB

mem[X,0x0000000080000FE0] -> 0x9E93
mem[X,0x0000000080000FE2] -> 0x00BE
[1021] [M]: 0x0000000080000FE0 (0x00BE9E93) slli t4, t4, 0xb
x29 <- 0xFFFFFFCAAE07D800

mem[X,0x0000000080000FE4] -> 0x8E93
mem[X,0x0000000080000FE6] -> 0x044E
[1022] [M]: 0x0000000080000FE4 (0x044E8E93) addi t4, t4, 0x44
x29 <- 0xFFFFFFCAAE07D844

mem[X,0x0000000080000FE8] -> 0x9E93
mem[X,0x0000000080000FEA] -> 0x00BE
[1023] [M]: 0x0000000080000FE8 (0x00BE9E93) slli t4, t4, 0xb
x29 <- 0xFFFE55703EC22000

mem[X,0x0000000080000FEC] -> 0x8E93
mem[X,0x0000000080000FEE] -> 0x000E
[1024] [M]: 0x0000000080000FEC (0x000E8E93) addi t4, t4, 0x0
x29 <- 0xFFFE55703EC22000

mem[X,0x0000000080000FF0] -> 0x9E93
mem[X,0x0000000080000FF2] -> 0x00AE
[1025] [M]: 0x0000000080000FF0 (0x00AE9E93) slli t4, t4, 0xa
x29 <- 0xF955C0FB08800000

mem[X,0x0000000080000FF4] -> 0x8E93
mem[X,0x0000000080000FF6] -> 0x2FAE
[1026] [M]: 0x0000000080000FF4 (0x2FAE8E93) addi t4, t4, 0x2fa
x29 <- 0xF955C0FB088002FA

mem[X,0x0000000080000FF8] -> 0x0FBB
mem[X,0x0000000080000FFA] -> 0xFDDF
[1027] [M]: 0x0000000080000FF8 (0xFDDF0FBB) pasubu.b t6, t5, t4
x31 <- 0x8451A802FF375EFF

mem[X,0x0000000080000FFC] -> 0xBC23
mem[X,0x0000000080000FFE] -> 0x09F0
[1028] [M]: 0x0000000080000FFC (0x09F0BC23) sd t6, 0x98(ra)
mem[0x00000000800042A0] <- 0x8451A802FF375EFF

mem[X,0x0000000080001000] -> 0x8F37
mem[X,0x0000000080001002] -> 0x7F01
[1029] [M]: 0x0000000080001000 (0x7F018F37) lui t5, 0x7f018
x30 <- 0x000000007F018000

mem[X,0x0000000080001004] -> 0x0F13
mem[X,0x0000000080001006] -> 0xFFFF
[1030] [M]: 0x0000000080001004 (0xFFFF0F13) addi t5, t5, -0x1
x30 <- 0x000000007F017FFF

mem[X,0x0000000080001008] -> 0x1F13
mem[X,0x000000008000100A] -> 0x00BF
[1031] [M]: 0x0000000080001008 (0x00BF1F13) slli t5, t5, 0xb
x30 <- 0x000003F80BFFF800

mem[X,0x000000008000100C] -> 0x0F13
mem[X,0x000000008000100E] -> 0x7D7F
[1032] [M]: 0x000000008000100C (0x7D7F0F13) addi t5, t5, 0x7d7
x30 <- 0x000003F80BFFFFD7

mem[X,0x0000000080001010] -> 0x1F13
mem[X,0x0000000080001012] -> 0x00BF
[1033] [M]: 0x0000000080001010 (0x00BF1F13) slli t5, t5, 0xb
x30 <- 0x001FC05FFFFEB800

mem[X,0x0000000080001014] -> 0x0F13
mem[X,0x0000000080001016] -> 0x600F
[1034] [M]: 0x0000000080001014 (0x600F0F13) addi t5, t5, 0x600
x30 <- 0x001FC05FFFFEBE00

mem[X,0x0000000080001018] -> 0x1F13
mem[X,0x000000008000101A] -> 0x00AF
[1035] [M]: 0x0000000080001018 (0x00AF1F13) slli t5, t5, 0xa
x30 <- 0x7F017FFFFAF80000

mem[X,0x000000008000101C] -> 0x0F13
mem[X,0x000000008000101E] -> 0x0F7F
[1036] [M]: 0x000000008000101C (0x0F7F0F13) addi t5, t5, 0xf7
x30 <- 0x7F017FFFFAF800F7

mem[X,0x0000000080001020] -> 0x0EB7
mem[X,0x0000000080001022] -> 0xDF02
[1037] [M]: 0x0000000080001020 (0xDF020EB7) lui t4, -0x20fe0
x29 <- 0xFFFFFFFFDF020000

mem[X,0x0000000080001024] -> 0x8E93
mem[X,0x0000000080001026] -> 0x800E
[1038] [M]: 0x0000000080001024 (0x800E8E93) addi t4, t4, -0x800
x29 <- 0xFFFFFFFFDF01F800

mem[X,0x0000000080001028] -> 0x9E93
mem[X,0x000000008000102A] -> 0x00BE
[1039] [M]: 0x0000000080001028 (0x00BE9E93) slli t4, t4, 0xb
x29 <- 0xFFFFFEF80FC00000

mem[X,0x000000008000102C] -> 0x8E93
mem[X,0x000000008000102E] -> 0x7BFE
[1040] [M]: 0x000000008000102C (0x7BFE8E93) addi t4, t4, 0x7bf
x29 <- 0xFFFFFEF80FC007BF

mem[X,0x0000000080001030] -> 0x9E93
mem[X,0x0000000080001032] -> 0x00BE
[1041] [M]: 0x0000000080001030 (0x00BE9E93) slli t4, t4, 0xb
x29 <- 0xFFF7C07E003DF800

mem[X,0x0000000080001034] -> 0x8E93
mem[X,0x0000000080001036] -> 0x6EFE
[1042] [M]: 0x0000000080001034 (0x6EFE8E93) addi t4, t4, 0x6ef
x29 <- 0xFFF7C07E003DFEEF

mem[X,0x0000000080001038] -> 0x9E93
mem[X,0x000000008000103A] -> 0x00AE
[1043] [M]: 0x0000000080001038 (0x00AE9E93) slli t4, t4, 0xa
x29 <- 0xDF01F800F7FBBC00

mem[X,0x000000008000103C] -> 0x8E93
mem[X,0x000000008000103E] -> 0x380E
[1044] [M]: 0x000000008000103C (0x380E8E93) addi t4, t4, 0x380
x29 <- 0xDF01F800F7FBBF80

mem[X,0x0000000080001040] -> 0x0FBB
mem[X,0x0000000080001042] -> 0xFDDF
[1045] [M]: 0x0000000080001040 (0xFDDF0FBB) pasubu.b t6, t5, t4
x31 <- 0xD000C37F01FEA03B

mem[X,0x0000000080001044] -> 0xB023
mem[X,0x0000000080001046] -> 0x0BF0
[1046] [M]: 0x0000000080001044 (0x0BF0B023) sd t6, 0xa0(ra)
mem[0x00000000800042A8] <- 0xD000C37F01FEA03B

mem[X,0x0000000080001048] -> 0x0F37
mem[X,0x000000008000104A] -> 0x08DF
[1047] [M]: 0x0000000080001048 (0x08DF0F37) lui t5, 0x8df0
x30 <- 0x0000000008DF0000

mem[X,0x000000008000104C] -> 0x0F13
mem[X,0x000000008000104E] -> 0x420F
[1048] [M]: 0x000000008000104C (0x420F0F13) addi t5, t5, 0x420
x30 <- 0x0000000008DF0420

mem[X,0x0000000080001050] -> 0x1F13
mem[X,0x0000000080001052] -> 0x00BF
[1049] [M]: 0x0000000080001050 (0x00BF1F13) slli t5, t5, 0xb
x30 <- 0x00000046F8210000

mem[X,0x0000000080001054] -> 0x0F13
mem[X,0x0000000080001056] -> 0x080F
[1050] [M]: 0x0000000080001054 (0x080F0F13) addi t5, t5, 0x80
x30 <- 0x00000046F8210080

mem[X,0x0000000080001058] -> 0x1F13
mem[X,0x000000008000105A] -> 0x00BF
[1051] [M]: 0x0000000080001058 (0x00BF1F13) slli t5, t5, 0xb
x30 <- 0x000237C108040000

mem[X,0x000000008000105C] -> 0x0F13
mem[X,0x000000008000105E] -> 0x015F
[1052] [M]: 0x000000008000105C (0x015F0F13) addi t5, t5, 0x15
x30 <- 0x000237C108040015

mem[X,0x0000000080001060] -> 0x1F13
mem[X,0x0000000080001062] -> 0x00AF
[1053] [M]: 0x0000000080001060 (0x00AF1F13) slli t5, t5, 0xa
x30 <- 0x08DF042010005400

mem[X,0x0000000080001064] -> 0x0F13
mem[X,0x0000000080001066] -> 0x102F
[1054] [M]: 0x0000000080001064 (0x102F0F13) addi t5, t5, 0x102
x30 <- 0x08DF042010005502

mem[X,0x0000000080001068] -> 0x1EB7
mem[X,0x000000008000106A] -> 0x5503
[1055] [M]: 0x0000000080001068 (0x55031EB7) lui t4, 0x55031
x29 <- 0x0000000055031000

mem[X,0x000000008000106C] -> 0x8E93
mem[X,0x000000008000106E] -> 0x002E
[1056] [M]: 0x000000008000106C (0x002E8E93) addi t4, t4, 0x2
x29 <- 0x0000000055031002

mem[X,0x0000000080001070] -> 0x9E93
mem[X,0x0000000080001072] -> 0x00BE
[1057] [M]: 0x0000000080001070 (0x00BE9E93) slli t4, t4, 0xb
x29 <- 0x000002A818801000

mem[X,0x0000000080001074] -> 0x8E93
mem[X,0x0000000080001076] -> 0x107E
[1058] [M]: 0x0000000080001074 (0x107E8E93) addi t4, t4, 0x107
x29 <- 0x000002A818801107

mem[X,0x0000000080001078] -> 0x9E93
mem[X,0x000000008000107A] -> 0x00BE
[1059] [M]: 0x0000000080001078 (0x00BE9E93) slli t4, t4, 0xb
x29 <- 0x001540C400883800

mem[X,0x000000008000107C] -> 0x8E93
mem[X,0x000000008000107E] -> 0x7C0E
[1060] [M]: 0x000000008000107C (0x7C0E8E93) addi t4, t4, 0x7c0
x29 <- 0x001540C400883FC0

mem[X,0x0000000080001080] -> 0x9E93
mem[X,0x0000000080001082] -> 0x00AE
[1061] [M]: 0x0000000080001080 (0x00AE9E93) slli t4, t4, 0xa
x29 <- 0x5503100220FF0000

mem[X,0x0000000080001084] -> 0x8E93
mem[X,0x0000000080001086] -> 0x010E
[1062] [M]: 0x0000000080001084 (0x010E8E93) addi t4, t4, 0x10
x29 <- 0x5503100220FF0010

mem[X,0x0000000080001088] -> 0x0FBB
mem[X,0x000000008000108A] -> 0xFDDF
[1063] [M]: 0x0000000080001088 (0xFDDF0FBB) pasubu.b t6, t5, t4
x31 <- 0xD96EFA0FF8802AF9

mem[X,0x000000008000108C] -> 0xB423
mem[X,0x000000008000108E] -> 0x0BF0
[1064] [M]: 0x000000008000108C (0x0BF0B423) sd t6, 0xa8(ra)
mem[0x00000000800042B0] <- 0xD96EFA0FF8802AF9

mem[X,0x0000000080001090] -> 0x0F37
mem[X,0x0000000080001092] -> 0x2003
[1065] [M]: 0x0000000080001090 (0x20030F37) lui t5, 0x20030
x30 <- 0x0000000020030000

mem[X,0x0000000080001094] -> 0x0F13
mem[X,0x0000000080001096] -> 0x980F
[1066] [M]: 0x0000000080001094 (0x980F0F13) addi t5, t5, -0x680
x30 <- 0x000000002002F980

mem[X,0x0000000080001098] -> 0x1F13
mem[X,0x000000008000109A] -> 0x00BF
[1067] [M]: 0x0000000080001098 (0x00BF1F13) slli t5, t5, 0xb
x30 <- 0x0000010017CC0000

mem[X,0x000000008000109C] -> 0x0F13
mem[X,0x000000008000109E] -> 0x3FDF
[1068] [M]: 0x000000008000109C (0x3FDF0F13) addi t5, t5, 0x3fd
x30 <- 0x0000010017CC03FD

mem[X,0x00000000800010A0] -> 0x1F13
mem[X,0x00000000800010A2] -> 0x00BF
[1069] [M]: 0x00000000800010A0 (0x00BF1F13) slli t5, t5, 0xb
x30 <- 0x000800BE601FE800

mem[X,0x00000000800010A4] -> 0x0F13
mem[X,0x00000000800010A6] -> 0x7FEF
[1070] [M]: 0x00000000800010A4 (0x7FEF0F13) addi t5, t5, 0x7fe
x30 <- 0x000800BE601FEFFE

mem[X,0x00000000800010A8] -> 0x1F13
mem[X,0x00000000800010AA] -> 0x00AF
[1071] [M]: 0x00000000800010A8 (0x00AF1F13) slli t5, t5, 0xa
x30 <- 0x2002F9807FBFF800

mem[X,0x00000000800010AC] -> 0x0F13
mem[X,0x00000000800010AE] -> 0x120F
[1072] [M]: 0x00000000800010AC (0x120F0F13) addi t5, t5, 0x120
x30 <- 0x2002F9807FBFF920

mem[X,0x00000000800010B0] -> 0x0EB7
mem[X,0x00000000800010B2] -> 0x80C0
[1073] [M]: 0x00000000800010B0 (0x80C00EB7) lui t4, -0x7f400
x29 <- 0xFFFFFFFF80C00000

mem[X,0x00000000800010B4] -> 0x8E93
mem[X,0x00000000800010B6] -> 0xAC0E
[1074] [M]: 0x00000000800010B4 (0xAC0E8E93) addi t4, t4, -0x540
x29 <- 0xFFFFFFFF80BFFAC0

mem[X,0x00000000800010B8] -> 0x9E93
mem[X,0x00000000800010BA] -> 0x00BE
[1075] [M]: 0x00000000800010B8 (0x00BE9E93) slli t4, t4, 0xb
x29 <- 0xFFFFFC05FFD60000

mem[X,0x00000000800010BC] -> 0x8E93
mem[X,0x00000000800010BE] -> 0x041E
[1076] [M]: 0x00000000800010BC (0x041E8E93) addi t4, t4, 0x41
x29 <- 0xFFFFFC05FFD60041

mem[X,0x00000000800010C0] -> 0x9E93
mem[X,0x00000000800010C2] -> 0x00BE
[1077] [M]: 0x00000000800010C0 (0x00BE9E93) slli t4, t4, 0xb
x29 <- 0xFFE02FFEB0020800

mem[X,0x00000000800010C4] -> 0x8E93
mem[X,0x00000000800010C6] -> 0x03FE
[1078] [M]: 0x00000000800010C4 (0x03FE8E93) addi t4, t4, 0x3f
x29 <- 0xFFE02FFEB002083F

mem[X,0x00000000800010C8] -> 0x9E93
mem[X,0x00000000800010CA] -> 0x00AE
[1079] [M]: 0x00000000800010C8 (0x00AE9E93) slli t4, t4, 0xa
x29 <- 0x80BFFAC00820FC00

mem[X,0x00000000800010CC] -> 0x8E93
mem[X,0x00000000800010CE] -> 0x33FE
[1080] [M]: 0x00000000800010CC (0x33FE8E93) addi t4, t4, 0x33f
x29 <- 0x80BFFAC00820FF3F

mem[X,0x00000000800010D0] -> 0x0FBB
mem[X,0x00000000800010D2] -> 0xFDDF
[1081] [M]: 0x00000000800010D0 (0xFDDF0FBB) pasubu.b t6, t5, t4
x31 <- 0xD0A1FFE03B4FFDF0

mem[X,0x00000000800010D4] -> 0xB823
mem[X,0x00000000800010D6] -> 0x0BF0
[1082] [M]: 0x00000000800010D4 (0x0BF0B823) sd t6, 0xb0(ra)
mem[0x00000000800042B8] <- 0xD0A1FFE03B4FFDF0

mem[X,0x00000000800010D8] -> 0x1F37
mem[X,0x00000000800010DA] -> 0x2006
[1083] [M]: 0x00000000800010D8 (0x20061F37) lui t5, 0x20061
x30 <- 0x0000000020061000

mem[X,0x00000000800010DC] -> 0x0F13
mem[X,0x00000000800010DE] -> 0x9FEF
[1084] [M]: 0x00000000800010DC (0x9FEF0F13) addi t5, t5, -0x602
x30 <- 0x00000000200609FE

mem[X,0x00000000800010E0] -> 0x1F13
mem[X,0x00000000800010E2] -> 0x00BF
[1085] [M]: 0x00000000800010E0 (0x00BF1F13) slli t5, t5, 0xb
x30 <- 0x00000100304FF000

mem[X,0x00000000800010E4] -> 0x0F13
mem[X,0x00000000800010E6] -> 0x100F
[1086] [M]: 0x00000000800010E4 (0x100F0F13) addi t5, t5, 0x100
x30 <- 0x00000100304FF100

mem[X,0x00000000800010E8] -> 0x1F13
mem[X,0x00000000800010EA] -> 0x00BF
[1087] [M]: 0x00000000800010E8 (0x00BF1F13) slli t5, t5, 0xb
x30 <- 0x000801827F880000

mem[X,0x00000000800010EC] -> 0x0F13
mem[X,0x00000000800010EE] -> 0x400F
[1088] [M]: 0x00000000800010EC (0x400F0F13) addi t5, t5, 0x400
x30 <- 0x000801827F880400

mem[X,0x00000000800010F0] -> 0x1F13
mem[X,0x00000000800010F2] -> 0x00AF
[1089] [M]: 0x00000000800010F0 (0x00AF1F13) slli t5, t5, 0xa
x30 <- 0x200609FE20100000

mem[X,0x00000000800010F4] -> 0x0F13
mem[X,0x00000000800010F6] -> 0x1FCF
[1090] [M]: 0x00000000800010F4 (0x1FCF0F13) addi t5, t5, 0x1fc
x30 <- 0x200609FE201001FC

mem[X,0x00000000800010F8] -> 0x0EB7
mem[X,0x00000000800010FA] -> 0x077F
[1091] [M]: 0x00000000800010F8 (0x077F0EB7) lui t4, 0x77f0
x29 <- 0x00000000077F0000

mem[X,0x00000000800010FC] -> 0x8E93
mem[X,0x00000000800010FE] -> 0x2FEE
[1092] [M]: 0x00000000800010FC (0x2FEE8E93) addi t4, t4, 0x2fe
x29 <- 0x00000000077F02FE

mem[X,0x0000000080001100] -> 0x9E93
mem[X,0x0000000080001102] -> 0x00BE
[1093] [M]: 0x0000000080001100 (0x00BE9E93) slli t4, t4, 0xb
x29 <- 0x0000003BF817F000

mem[X,0x0000000080001104] -> 0x8E93
mem[X,0x0000000080001106] -> 0x7F3E
[1094] [M]: 0x0000000080001104 (0x7F3E8E93) addi t4, t4, 0x7f3
x29 <- 0x0000003BF817F7F3

mem[X,0x0000000080001108] -> 0x9E93
mem[X,0x000000008000110A] -> 0x00BE
[1095] [M]: 0x0000000080001108 (0x00BE9E93) slli t4, t4, 0xb
x29 <- 0x0001DFC0BFBF9800

mem[X,0x000000008000110C] -> 0x8E93
mem[X,0x000000008000110E] -> 0x7DFE
[1096] [M]: 0x000000008000110C (0x7DFE8E93) addi t4, t4, 0x7df
x29 <- 0x0001DFC0BFBF9FDF

mem[X,0x0000000080001110] -> 0x9E93
mem[X,0x0000000080001112] -> 0x00AE
[1097] [M]: 0x0000000080001110 (0x00AE9E93) slli t4, t4, 0xa
x29 <- 0x077F02FEFE7F7C00

mem[X,0x0000000080001114] -> 0x8E93
mem[X,0x0000000080001116] -> 0x340E
[1098] [M]: 0x0000000080001114 (0x340E8E93) addi t4, t4, 0x340
x29 <- 0x077F02FEFE7F7F40

mem[X,0x0000000080001118] -> 0x0FBB
mem[X,0x000000008000111A] -> 0xFDDF
[1099] [M]: 0x0000000080001118 (0xFDDF0FBB) pasubu.b t6, t5, t4
x31 <- 0x0CC3030091C8C15E

clint::tick mtime <- 0x000000000000000B
 clint timer pending at mtime 0x000000000000000B
htif::tick 0x0000000000000000
mem[X,0x000000008000111C] -> 0xBC23
mem[X,0x000000008000111E] -> 0x0BF0
[1100] [M]: 0x000000008000111C (0x0BF0BC23) sd t6, 0xb8(ra)
mem[0x00000000800042C0] <- 0x0CC3030091C8C15E

mem[X,0x0000000080001120] -> 0xEF37
mem[X,0x0000000080001122] -> 0x20F7
[1101] [M]: 0x0000000080001120 (0x20F7EF37) lui t5, 0x20f7e
x30 <- 0x0000000020F7E000

mem[X,0x0000000080001124] -> 0x0F13
mem[X,0x0000000080001126] -> 0xF03F
[1102] [M]: 0x0000000080001124 (0xF03F0F13) addi t5, t5, -0xfd
x30 <- 0x0000000020F7DF03

mem[X,0x0000000080001128] -> 0x1F13
mem[X,0x000000008000112A] -> 0x00BF
[1103] [M]: 0x0000000080001128 (0x00BF1F13) slli t5, t5, 0xb
x30 <- 0x00000107BEF81800

mem[X,0x000000008000112C] -> 0x0F13
mem[X,0x000000008000112E] -> 0x011F
[1104] [M]: 0x000000008000112C (0x011F0F13) addi t5, t5, 0x11
x30 <- 0x00000107BEF81811

mem[X,0x0000000080001130] -> 0x1F13
mem[X,0x0000000080001132] -> 0x00BF
[1105] [M]: 0x0000000080001130 (0x00BF1F13) slli t5, t5, 0xb
x30 <- 0x00083DF7C0C08800

mem[X,0x0000000080001134] -> 0x0F13
mem[X,0x0000000080001136] -> 0x03EF
[1106] [M]: 0x0000000080001134 (0x03EF0F13) addi t5, t5, 0x3e
x30 <- 0x00083DF7C0C0883E

mem[X,0x0000000080001138] -> 0x1F13
mem[X,0x000000008000113A] -> 0x00AF
[1107] [M]: 0x0000000080001138 (0x00AF1F13) slli t5, t5, 0xa
x30 <- 0x20F7DF030220F800

mem[X,0x000000008000113C] -> 0x0F13
mem[X,0x000000008000113E] -> 0x004F
[1108] [M]: 0x000000008000113C (0x004F0F13) addi t5, t5, 0x4
x30 <- 0x20F7DF030220F804

mem[X,0x0000000080001140] -> 0xCEB7
mem[X,0x0000000080001142] -> 0x02C0
[1109] [M]: 0x0000000080001140 (0x02C0CEB7) lui t4, 0x2c0c
x29 <- 0x0000000002C0C000

mem[X,0x0000000080001144] -> 0x8E93
mem[X,0x0000000080001146] -> 0xF00E
[1110] [M]: 0x0000000080001144 (0xF00E8E93) addi t4, t4, -0x100
x29 <- 0x0000000002C0BF00

mem[X,0x0000000080001148] -> 0x9E93
mem[X,0x000000008000114A] -> 0x00BE
[1111] [M]: 0x0000000080001148 (0x00BE9E93) slli t4, t4, 0xb
x29 <- 0x0000001605F80000

mem[X,0x000000008000114C] -> 0x8E93
mem[X,0x000000008000114E] -> 0x1FAE
[1112] [M]: 0x000000008000114C (0x1FAE8E93) addi t4, t4, 0x1fa
x29 <- 0x0000001605F801FA

mem[X,0x0000000080001150] -> 0x9E93
mem[X,0x0000000080001152] -> 0x00BE
[1113] [M]: 0x0000000080001150 (0x00BE9E93) slli t4, t4, 0xb
x29 <- 0x0000B02FC00FD000

mem[X,0x0000000080001154] -> 0x8E93
mem[X,0x0000000080001156] -> 0x002E
[1114] [M]: 0x0000000080001154 (0x002E8E93) addi t4, t4, 0x2
x29 <- 0x0000B02FC00FD002

mem[X,0x0000000080001158] -> 0x9E93
mem[X,0x000000008000115A] -> 0x00AE
[1115] [M]: 0x0000000080001158 (0x00AE9E93) slli t4, t4, 0xa
x29 <- 0x02C0BF003F400800

mem[X,0x000000008000115C] -> 0x8E93
mem[X,0x000000008000115E] -> 0x1C0E
[1116] [M]: 0x000000008000115C (0x1C0E8E93) addi t4, t4, 0x1c0
x29 <- 0x02C0BF003F4009C0

mem[X,0x0000000080001160] -> 0x0FBB
mem[X,0x0000000080001162] -> 0xFDDF
[1117] [M]: 0x0000000080001160 (0xFDDF0FBB) pasubu.b t6, t5, t4
x31 <- 0x0F1B1001E1F077A2

mem[X,0x0000000080001164] -> 0xB023
mem[X,0x0000000080001166] -> 0x0DF0
[1118] [M]: 0x0000000080001164 (0x0DF0B023) sd t6, 0xc0(ra)
mem[0x00000000800042C8] <- 0x0F1B1001E1F077A2

mem[X,0x0000000080001168] -> 0x0F37
mem[X,0x000000008000116A] -> 0x5556
[1119] [M]: 0x0000000080001168 (0x55560F37) lui t5, 0x55560
x30 <- 0x0000000055560000

mem[X,0x000000008000116C] -> 0x0F13
mem[X,0x000000008000116E] -> 0xB80F
[1120] [M]: 0x000000008000116C (0xB80F0F13) addi t5, t5, -0x480
x30 <- 0x000000005555FB80

mem[X,0x0000000080001170] -> 0x1F13
mem[X,0x0000000080001172] -> 0x00BF
[1121] [M]: 0x0000000080001170 (0x00BF1F13) slli t5, t5, 0xb
x30 <- 0x000002AAAFDC0000

mem[X,0x0000000080001174] -> 0x0F13
mem[X,0x0000000080001176] -> 0x7EFF
[1122] [M]: 0x0000000080001174 (0x7EFF0F13) addi t5, t5, 0x7ef
x30 <- 0x000002AAAFDC07EF

mem[X,0x0000000080001178] -> 0x1F13
mem[X,0x000000008000117A] -> 0x00BF
[1123] [M]: 0x0000000080001178 (0x00BF1F13) slli t5, t5, 0xb
x30 <- 0x0015557EE03F7800

mem[X,0x000000008000117C] -> 0x0F13
mem[X,0x000000008000117E] -> 0x6C0F
[1124] [M]: 0x000000008000117C (0x6C0F0F13) addi t5, t5, 0x6c0
x30 <- 0x0015557EE03F7EC0

mem[X,0x0000000080001180] -> 0x1F13
mem[X,0x0000000080001182] -> 0x00AF
[1125] [M]: 0x0000000080001180 (0x00AF1F13) slli t5, t5, 0xa
x30 <- 0x5555FB80FDFB0000

mem[X,0x0000000080001184] -> 0x0F13
mem[X,0x0000000080001186] -> 0x255F
[1126] [M]: 0x0000000080001184 (0x255F0F13) addi t5, t5, 0x255
x30 <- 0x5555FB80FDFB0255

mem[X,0x0000000080001188] -> 0x0EB7
mem[X,0x000000008000118A] -> 0xFF80
[1127] [M]: 0x0000000080001188 (0xFF800EB7) lui t4, -0x800
x29 <- 0xFFFFFFFFFF800000

mem[X,0x000000008000118C] -> 0x8E93
mem[X,0x000000008000118E] -> 0xD07E
[1128] [M]: 0x000000008000118C (0xD07E8E93) addi t4, t4, -0x2f9
x29 <- 0xFFFFFFFFFF7FFD07

mem[X,0x0000000080001190] -> 0x9E93
mem[X,0x0000000080001192] -> 0x00BE
[1129] [M]: 0x0000000080001190 (0x00BE9E93) slli t4, t4, 0xb
x29 <- 0xFFFFFFFBFFE83800

mem[X,0x0000000080001194] -> 0x8E93
mem[X,0x0000000080001196] -> 0x2AAE
[1130] [M]: 0x0000000080001194 (0x2AAE8E93) addi t4, t4, 0x2aa
x29 <- 0xFFFFFFFBFFE83AAA

mem[X,0x0000000080001198] -> 0x9E93
mem[X,0x000000008000119A] -> 0x00BE
[1131] [M]: 0x0000000080001198 (0x00BE9E93) slli t4, t4, 0xb
x29 <- 0xFFFFDFFF41D55000

mem[X,0x000000008000119C] -> 0x8E93
mem[X,0x000000008000119E] -> 0x55FE
[1132] [M]: 0x000000008000119C (0x55FE8E93) addi t4, t4, 0x55f
x29 <- 0xFFFFDFFF41D5555F

mem[X,0x00000000800011A0] -> 0x9E93
mem[X,0x00000000800011A2] -> 0x00AE
[1133] [M]: 0x00000000800011A0 (0x00AE9E93) slli t4, t4, 0xa
x29 <- 0xFF7FFD0755557C00

mem[X,0x00000000800011A4] -> 0x8E93
mem[X,0x00000000800011A6] -> 0x3BFE
[1134] [M]: 0x00000000800011A4 (0x3BFE8E93) addi t4, t4, 0x3bf
x29 <- 0xFF7FFD0755557FBF

mem[X,0x00000000800011A8] -> 0x0FBB
mem[X,0x00000000800011AA] -> 0xFDDF
[1135] [M]: 0x00000000800011A8 (0xFDDF0FBB) pasubu.b t6, t5, t4
x31 <- 0xABEBFF3C5453C1CB

mem[X,0x00000000800011AC] -> 0xB423
mem[X,0x00000000800011AE] -> 0x0DF0
[1136] [M]: 0x00000000800011AC (0x0DF0B423) sd t6, 0xc8(ra)
mem[0x00000000800042D0] <- 0xABEBFF3C5453C1CB

mem[X,0x00000000800011B0] -> 0x0F37
mem[X,0x00000000800011B2] -> 0x09FB
[1137] [M]: 0x00000000800011B0 (0x09FB0F37) lui t5, 0x9fb0
x30 <- 0x0000000009FB0000

mem[X,0x00000000800011B4] -> 0x0F13
mem[X,0x00000000800011B6] -> 0xAFEF
[1138] [M]: 0x00000000800011B4 (0xAFEF0F13) addi t5, t5, -0x502
x30 <- 0x0000000009FAFAFE

mem[X,0x00000000800011B8] -> 0x1F13
mem[X,0x00000000800011BA] -> 0x00BF
[1139] [M]: 0x00000000800011B8 (0x00BF1F13) slli t5, t5, 0xb
x30 <- 0x0000004FD7D7F000

mem[X,0x00000000800011BC] -> 0x0F13
mem[X,0x00000000800011BE] -> 0x7D3F
[1140] [M]: 0x00000000800011BC (0x7D3F0F13) addi t5, t5, 0x7d3
x30 <- 0x0000004FD7D7F7D3

mem[X,0x00000000800011C0] -> 0x1F13
mem[X,0x00000000800011C2] -> 0x00BF
[1141] [M]: 0x00000000800011C0 (0x00BF1F13) slli t5, t5, 0xb
x30 <- 0x00027EBEBFBE9800

mem[X,0x00000000800011C4] -> 0x0F13
mem[X,0x00000000800011C6] -> 0x7C1F
[1142] [M]: 0x00000000800011C4 (0x7C1F0F13) addi t5, t5, 0x7c1
x30 <- 0x00027EBEBFBE9FC1

mem[X,0x00000000800011C8] -> 0x1F13
mem[X,0x00000000800011CA] -> 0x00AF
[1143] [M]: 0x00000000800011C8 (0x00AF1F13) slli t5, t5, 0xa
x30 <- 0x09FAFAFEFA7F0400

mem[X,0x00000000800011CC] -> 0x0F13
mem[X,0x00000000800011CE] -> 0x0FAF
[1144] [M]: 0x00000000800011CC (0x0FAF0F13) addi t5, t5, 0xfa
x30 <- 0x09FAFAFEFA7F04FA

mem[X,0x00000000800011D0] -> 0x0EB7
mem[X,0x00000000800011D2] -> 0xEF40
[1145] [M]: 0x00000000800011D0 (0xEF400EB7) lui t4, -0x10c00
x29 <- 0xFFFFFFFFEF400000

mem[X,0x00000000800011D4] -> 0x8E93
mem[X,0x00000000800011D6] -> 0x6FFE
[1146] [M]: 0x00000000800011D4 (0x6FFE8E93) addi t4, t4, 0x6ff
x29 <- 0xFFFFFFFFEF4006FF

mem[X,0x00000000800011D8] -> 0x9E93
mem[X,0x00000000800011DA] -> 0x00BE
[1147] [M]: 0x00000000800011D8 (0x00BE9E93) slli t4, t4, 0xb
x29 <- 0xFFFFFF7A0037F800

mem[X,0x00000000800011DC] -> 0x8E93
mem[X,0x00000000800011DE] -> 0x77AE
[1148] [M]: 0x00000000800011DC (0x77AE8E93) addi t4, t4, 0x77a
x29 <- 0xFFFFFF7A0037FF7A

mem[X,0x00000000800011E0] -> 0x9E93
mem[X,0x00000000800011E2] -> 0x00BE
[1149] [M]: 0x00000000800011E0 (0x00BE9E93) slli t4, t4, 0xb
x29 <- 0xFFFBD001BFFBD000

mem[X,0x00000000800011E4] -> 0x8E93
mem[X,0x00000000800011E6] -> 0x57EE
[1150] [M]: 0x00000000800011E4 (0x57EE8E93) addi t4, t4, 0x57e
x29 <- 0xFFFBD001BFFBD57E

mem[X,0x00000000800011E8] -> 0x9E93
mem[X,0x00000000800011EA] -> 0x00AE
[1151] [M]: 0x00000000800011E8 (0x00AE9E93) slli t4, t4, 0xa
x29 <- 0xEF4006FFEF55F800

mem[X,0x00000000800011EC] -> 0x8E93
mem[X,0x00000000800011EE] -> 0x155E
[1152] [M]: 0x00000000800011EC (0x155E8E93) addi t4, t4, 0x155
x29 <- 0xEF4006FFEF55F955

mem[X,0x00000000800011F0] -> 0x0FBB
mem[X,0x00000000800011F2] -> 0xFDDF
[1153] [M]: 0x00000000800011F0 (0xFDDF0FBB) pasubu.b t6, t5, t4
x31 <- 0x8D5D7AFF05158552

mem[X,0x00000000800011F4] -> 0xB823
mem[X,0x00000000800011F6] -> 0x0DF0
[1154] [M]: 0x00000000800011F4 (0x0DF0B823) sd t6, 0xd0(ra)
mem[0x00000000800042D8] <- 0x8D5D7AFF05158552

mem[X,0x00000000800011F8] -> 0x1F37
mem[X,0x00000000800011FA] -> 0x0180
[1155] [M]: 0x00000000800011F8 (0x01801F37) lui t5, 0x1801
x30 <- 0x0000000001801000

mem[X,0x00000000800011FC] -> 0x0F13
mem[X,0x00000000800011FE] -> 0x040F
[1156] [M]: 0x00000000800011FC (0x040F0F13) addi t5, t5, 0x40
x30 <- 0x0000000001801040

mem[X,0x0000000080001200] -> 0x1F13
mem[X,0x0000000080001202] -> 0x00BF
[1157] [M]: 0x0000000080001200 (0x00BF1F13) slli t5, t5, 0xb
x30 <- 0x0000000C00820000

mem[X,0x0000000080001204] -> 0x0F13
mem[X,0x0000000080001206] -> 0x7E7F
[1158] [M]: 0x0000000080001204 (0x7E7F0F13) addi t5, t5, 0x7e7
x30 <- 0x0000000C008207E7

mem[X,0x0000000080001208] -> 0x1F13
mem[X,0x000000008000120A] -> 0x00BF
[1159] [M]: 0x0000000080001208 (0x00BF1F13) slli t5, t5, 0xb
x30 <- 0x00006004103F3800

mem[X,0x000000008000120C] -> 0x0F13
mem[X,0x000000008000120E] -> 0x67EF
[1160] [M]: 0x000000008000120C (0x67EF0F13) addi t5, t5, 0x67e
x30 <- 0x00006004103F3E7E

mem[X,0x0000000080001210] -> 0x1F13
mem[X,0x0000000080001212] -> 0x00AF
[1161] [M]: 0x0000000080001210 (0x00AF1F13) slli t5, t5, 0xa
x30 <- 0x01801040FCF9F800

mem[X,0x0000000080001214] -> 0x0F13
mem[X,0x0000000080001216] -> 0x101F
[1162] [M]: 0x0000000080001214 (0x101F0F13) addi t5, t5, 0x101
x30 <- 0x01801040FCF9F901

mem[X,0x0000000080001218] -> 0x8EB7
mem[X,0x000000008000121A] -> 0xC0F8
[1163] [M]: 0x0000000080001218 (0xC0F88EB7) lui t4, -0x3f078
x29 <- 0xFFFFFFFFC0F88000

mem[X,0x000000008000121C] -> 0x8E93
mem[X,0x000000008000121E] -> 0xF01E
[1164] [M]: 0x000000008000121C (0xF01E8E93) addi t4, t4, -0xff
x29 <- 0xFFFFFFFFC0F87F01

mem[X,0x0000000080001220] -> 0x9E93
mem[X,0x0000000080001222] -> 0x00BE
[1165] [M]: 0x0000000080001220 (0x00BE9E93) slli t4, t4, 0xb
x29 <- 0xFFFFFE07C3F80800

mem[X,0x0000000080001224] -> 0x8E93
mem[X,0x0000000080001226] -> 0x7BFE
[1166] [M]: 0x0000000080001224 (0x7BFE8E93) addi t4, t4, 0x7bf
x29 <- 0xFFFFFE07C3F80FBF

mem[X,0x0000000080001228] -> 0x9E93
mem[X,0x000000008000122A] -> 0x00BE
[1167] [M]: 0x0000000080001228 (0x00BE9E93) slli t4, t4, 0xb
x29 <- 0xFFF03E1FC07DF800

mem[X,0x000000008000122C] -> 0x8E93
mem[X,0x000000008000122E] -> 0x72FE
[1168] [M]: 0x000000008000122C (0x72FE8E93) addi t4, t4, 0x72f
x29 <- 0xFFF03E1FC07DFF2F

mem[X,0x0000000080001230] -> 0x9E93
mem[X,0x0000000080001232] -> 0x00AE
[1169] [M]: 0x0000000080001230 (0x00AE9E93) slli t4, t4, 0xa
x29 <- 0xC0F87F01F7FCBC00

mem[X,0x0000000080001234] -> 0x8E93
mem[X,0x0000000080001236] -> 0x3AAE
[1170] [M]: 0x0000000080001234 (0x3AAE8E93) addi t4, t4, 0x3aa
x29 <- 0xC0F87F01F7FCBFAA

mem[X,0x0000000080001238] -> 0x0FBB
mem[X,0x000000008000123A] -> 0xFDDF
[1171] [M]: 0x0000000080001238 (0xFDDF0FBB) pasubu.b t6, t5, t4
x31 <- 0xA0C4C81F02FE1DAB

mem[X,0x000000008000123C] -> 0xBC23
mem[X,0x000000008000123E] -> 0x0DF0
[1172] [M]: 0x000000008000123C (0x0DF0BC23) sd t6, 0xd8(ra)
mem[0x00000000800042E0] <- 0xA0C4C81F02FE1DAB

mem[X,0x0000000080001240] -> 0x0F37
mem[X,0x0000000080001242] -> 0xF680
[1173] [M]: 0x0000000080001240 (0xF6800F37) lui t5, -0x9800
x30 <- 0xFFFFFFFFF6800000

mem[X,0x0000000080001244] -> 0x0F13
mem[X,0x0000000080001246] -> 0xEFFF
[1174] [M]: 0x0000000080001244 (0xEFFF0F13) addi t5, t5, -0x101
x30 <- 0xFFFFFFFFF67FFEFF

mem[X,0x0000000080001248] -> 0x1F13
mem[X,0x000000008000124A] -> 0x00BF
[1175] [M]: 0x0000000080001248 (0x00BF1F13) slli t5, t5, 0xb
x30 <- 0xFFFFFFB3FFF7F800

mem[X,0x000000008000124C] -> 0x0F13
mem[X,0x000000008000124E] -> 0x7DFF
[1176] [M]: 0x000000008000124C (0x7DFF0F13) addi t5, t5, 0x7df
x30 <- 0xFFFFFFB3FFF7FFDF

mem[X,0x0000000080001250] -> 0x1F13
mem[X,0x0000000080001252] -> 0x00BF
[1177] [M]: 0x0000000080001250 (0x00BF1F13) slli t5, t5, 0xb
x30 <- 0xFFFD9FFFBFFEF800

mem[X,0x0000000080001254] -> 0x0F13
mem[X,0x0000000080001256] -> 0x75FF
[1178] [M]: 0x0000000080001254 (0x75FF0F13) addi t5, t5, 0x75f
x30 <- 0xFFFD9FFFBFFEFF5F

mem[X,0x0000000080001258] -> 0x1F13
mem[X,0x000000008000125A] -> 0x00AF
[1179] [M]: 0x0000000080001258 (0x00AF1F13) slli t5, t5, 0xa
x30 <- 0xF67FFEFFFBFD7C00

mem[X,0x000000008000125C] -> 0x0F13
mem[X,0x000000008000125E] -> 0x306F
[1180] [M]: 0x000000008000125C (0x306F0F13) addi t5, t5, 0x306
x30 <- 0xF67FFEFFFBFD7F06

mem[X,0x0000000080001260] -> 0xBEB7
mem[X,0x0000000080001262] -> 0xFF02
[1181] [M]: 0x0000000080001260 (0xFF02BEB7) lui t4, -0xfd5
x29 <- 0xFFFFFFFFFF02B000

mem[X,0x0000000080001264] -> 0x8E93
mem[X,0x0000000080001266] -> 0xA04E
[1182] [M]: 0x0000000080001264 (0xA04E8E93) addi t4, t4, -0x5fc
x29 <- 0xFFFFFFFFFF02AA04

mem[X,0x0000000080001268] -> 0x9E93
mem[X,0x000000008000126A] -> 0x00BE
[1183] [M]: 0x0000000080001268 (0x00BE9E93) slli t4, t4, 0xb
x29 <- 0xFFFFFFF815502000

mem[X,0x000000008000126C] -> 0x8E93
mem[X,0x000000008000126E] -> 0x00DE
[1184] [M]: 0x000000008000126C (0x00DE8E93) addi t4, t4, 0xd
x29 <- 0xFFFFFFF81550200D

mem[X,0x0000000080001270] -> 0x9E93
mem[X,0x0000000080001272] -> 0x00BE
[1185] [M]: 0x0000000080001270 (0x00BE9E93) slli t4, t4, 0xb
x29 <- 0xFFFFC0AA81006800

mem[X,0x0000000080001274] -> 0x8E93
mem[X,0x0000000080001276] -> 0x2B7E
[1186] [M]: 0x0000000080001274 (0x2B7E8E93) addi t4, t4, 0x2b7
x29 <- 0xFFFFC0AA81006AB7

mem[X,0x0000000080001278] -> 0x9E93
mem[X,0x000000008000127A] -> 0x00AE
[1187] [M]: 0x0000000080001278 (0x00AE9E93) slli t4, t4, 0xa
x29 <- 0xFF02AA0401AADC00

mem[X,0x000000008000127C] -> 0x8E93
mem[X,0x000000008000127E] -> 0x3EFE
[1188] [M]: 0x000000008000127C (0x3EFE8E93) addi t4, t4, 0x3ef
x29 <- 0xFF02AA0401AADFEF

mem[X,0x0000000080001280] -> 0x0FBB
mem[X,0x0000000080001282] -> 0xFDDF
[1189] [M]: 0x0000000080001280 (0xFDDF0FBB) pasubu.b t6, t5, t4
x31 <- 0xFB3E2A7D7D29D08B

mem[X,0x0000000080001284] -> 0xB023
mem[X,0x0000000080001286] -> 0x0FF0
[1190] [M]: 0x0000000080001284 (0x0FF0B023) sd t6, 0xe0(ra)
mem[0x00000000800042E8] <- 0xFB3E2A7D7D29D08B

mem[X,0x0000000080001288] -> 0x1F37
mem[X,0x000000008000128A] -> 0xFB55
[1191] [M]: 0x0000000080001288 (0xFB551F37) lui t5, -0x4aaf
x30 <- 0xFFFFFFFFFB551000

mem[X,0x000000008000128C] -> 0x0F13
mem[X,0x000000008000128E] -> 0x03FF
[1192] [M]: 0x000000008000128C (0x03FF0F13) addi t5, t5, 0x3f
x30 <- 0xFFFFFFFFFB55103F

mem[X,0x0000000080001290] -> 0x1F13
mem[X,0x0000000080001292] -> 0x00BF
[1193] [M]: 0x0000000080001290 (0x00BF1F13) slli t5, t5, 0xb
x30 <- 0xFFFFFFDAA881F800

mem[X,0x0000000080001294] -> 0x0F13
mem[X,0x0000000080001296] -> 0x007F
[1194] [M]: 0x0000000080001294 (0x007F0F13) addi t5, t5, 0x7
x30 <- 0xFFFFFFDAA881F807

mem[X,0x0000000080001298] -> 0x1F13
mem[X,0x000000008000129A] -> 0x00BF
[1195] [M]: 0x0000000080001298 (0x00BF1F13) slli t5, t5, 0xb
x30 <- 0xFFFED5440FC03800

mem[X,0x000000008000129C] -> 0x0F13
mem[X,0x000000008000129E] -> 0x6C1F
[1196] [M]: 0x000000008000129C (0x6C1F0F13) addi t5, t5, 0x6c1
x30 <- 0xFFFED5440FC03EC1

mem[X,0x00000000800012A0] -> 0x1F13
mem[X,0x00000000800012A2] -> 0x00AF
[1197] [M]: 0x00000000800012A0 (0x00AF1F13) slli t5, t5, 0xa
x30 <- 0xFB55103F00FB0400

mem[X,0x00000000800012A4] -> 0x0F13
mem[X,0x00000000800012A6] -> 0x0DFF
[1198] [M]: 0x00000000800012A4 (0x0DFF0F13) addi t5, t5, 0xdf
x30 <- 0xFB55103F00FB04DF

mem[X,0x00000000800012A8] -> 0x4EB7
mem[X,0x00000000800012AA] -> 0x10F6
[1199] [M]: 0x00000000800012A8 (0x10F64EB7) lui t4, 0x10f64
x29 <- 0x0000000010F64000

clint::tick mtime <- 0x000000000000000C
 clint timer pending at mtime 0x000000000000000C
htif::tick 0x0000000000000000
mem[X,0x00000000800012AC] -> 0x8E93
mem[X,0x00000000800012AE] -> 0xFDFE
[1200] [M]: 0x00000000800012AC (0xFDFE8E93) addi t4, t4, -0x21
x29 <- 0x0000000010F63FDF

mem[X,0x00000000800012B0] -> 0x9E93
mem[X,0x00000000800012B2] -> 0x00BE
[1201] [M]: 0x00000000800012B0 (0x00BE9E93) slli t4, t4, 0xb
x29 <- 0x00000087B1FEF800

mem[X,0x00000000800012B4] -> 0x8E93
mem[X,0x00000000800012B6] -> 0x7F0E
[1202] [M]: 0x00000000800012B4 (0x7F0E8E93) addi t4, t4, 0x7f0
x29 <- 0x00000087B1FEFFF0

mem[X,0x00000000800012B8] -> 0x9E93
mem[X,0x00000000800012BA] -> 0x00BE
[1203] [M]: 0x00000000800012B8 (0x00BE9E93) slli t4, t4, 0xb
x29 <- 0x00043D8FF7FF8000

mem[X,0x00000000800012BC] -> 0x8E93
mem[X,0x00000000800012BE] -> 0x400E
[1204] [M]: 0x00000000800012BC (0x400E8E93) addi t4, t4, 0x400
x29 <- 0x00043D8FF7FF8400

mem[X,0x00000000800012C0] -> 0x9E93
mem[X,0x00000000800012C2] -> 0x00AE
[1205] [M]: 0x00000000800012C0 (0x00AE9E93) slli t4, t4, 0xa
x29 <- 0x10F63FDFFE100000

mem[X,0x00000000800012C4] -> 0x8E93
mem[X,0x00000000800012C6] -> 0x310E
[1206] [M]: 0x00000000800012C4 (0x310E8E93) addi t4, t4, 0x310
x29 <- 0x10F63FDFFE100310

mem[X,0x00000000800012C8] -> 0x0FBB
mem[X,0x00000000800012CA] -> 0xFDDF
[1207] [M]: 0x00000000800012C8 (0xFDDF0FBB) pasubu.b t6, t5, t4
x31 <- 0x75AFE8B081750067

mem[X,0x00000000800012CC] -> 0xB423
mem[X,0x00000000800012CE] -> 0x0FF0
[1208] [M]: 0x00000000800012CC (0x0FF0B423) sd t6, 0xe8(ra)
mem[0x00000000800042F0] <- 0x75AFE8B081750067

mem[X,0x00000000800012D0] -> 0x0F37
mem[X,0x00000000800012D2] -> 0xFF20
[1209] [M]: 0x00000000800012D0 (0xFF200F37) lui t5, -0xe00
x30 <- 0xFFFFFFFFFF200000

mem[X,0x00000000800012D4] -> 0x0F13
mem[X,0x00000000800012D6] -> 0x0F7F
[1210] [M]: 0x00000000800012D4 (0x0F7F0F13) addi t5, t5, 0xf7
x30 <- 0xFFFFFFFFFF2000F7

mem[X,0x00000000800012D8] -> 0x1F13
mem[X,0x00000000800012DA] -> 0x00BF
[1211] [M]: 0x00000000800012D8 (0x00BF1F13) slli t5, t5, 0xb
x30 <- 0xFFFFFFF90007B800

mem[X,0x00000000800012DC] -> 0x0F13
mem[X,0x00000000800012DE] -> 0x107F
[1212] [M]: 0x00000000800012DC (0x107F0F13) addi t5, t5, 0x107
x30 <- 0xFFFFFFF90007B907

mem[X,0x00000000800012E0] -> 0x1F13
mem[X,0x00000000800012E2] -> 0x00BF
[1213] [M]: 0x00000000800012E0 (0x00BF1F13) slli t5, t5, 0xb
x30 <- 0xFFFFC8003DC83800

mem[X,0x00000000800012E4] -> 0x0F13
mem[X,0x00000000800012E6] -> 0x781F
[1214] [M]: 0x00000000800012E4 (0x781F0F13) addi t5, t5, 0x781
x30 <- 0xFFFFC8003DC83F81

mem[X,0x00000000800012E8] -> 0x1F13
mem[X,0x00000000800012EA] -> 0x00AF
[1215] [M]: 0x00000000800012E8 (0x00AF1F13) slli t5, t5, 0xa
x30 <- 0xFF2000F720FE0400

mem[X,0x00000000800012EC] -> 0x0F13
mem[X,0x00000000800012EE] -> 0x0C0F
[1216] [M]: 0x00000000800012EC (0x0C0F0F13) addi t5, t5, 0xc0
x30 <- 0xFF2000F720FE04C0

mem[X,0x00000000800012F0] -> 0x1EB7
mem[X,0x00000000800012F2] -> 0x3FEF
[1217] [M]: 0x00000000800012F0 (0x3FEF1EB7) lui t4, 0x3fef1
x29 <- 0x000000003FEF1000

mem[X,0x00000000800012F4] -> 0x8E93
mem[X,0x00000000800012F6] -> 0x03FE
[1218] [M]: 0x00000000800012F4 (0x03FE8E93) addi t4, t4, 0x3f
x29 <- 0x000000003FEF103F

mem[X,0x00000000800012F8] -> 0x9E93
mem[X,0x00000000800012FA] -> 0x00BE
[1219] [M]: 0x00000000800012F8 (0x00BE9E93) slli t4, t4, 0xb
x29 <- 0x000001FF7881F800

mem[X,0x00000000800012FC] -> 0x8E93
mem[X,0x00000000800012FE] -> 0x080E
[1220] [M]: 0x00000000800012FC (0x080E8E93) addi t4, t4, 0x80
x29 <- 0x000001FF7881F880

mem[X,0x0000000080001300] -> 0x9E93
mem[X,0x0000000080001302] -> 0x00BE
[1221] [M]: 0x0000000080001300 (0x00BE9E93) slli t4, t4, 0xb
x29 <- 0x000FFBC40FC40000

mem[X,0x0000000080001304] -> 0x8E93
mem[X,0x0000000080001306] -> 0x1BFE
[1222] [M]: 0x0000000080001304 (0x1BFE8E93) addi t4, t4, 0x1bf
x29 <- 0x000FFBC40FC401BF

mem[X,0x0000000080001308] -> 0x9E93
mem[X,0x000000008000130A] -> 0x00AE
[1223] [M]: 0x0000000080001308 (0x00AE9E93) slli t4, t4, 0xa
x29 <- 0x3FEF103F1006FC00

mem[X,0x000000008000130C] -> 0x8E93
mem[X,0x000000008000130E] -> 0x107E
[1224] [M]: 0x000000008000130C (0x107E8E93) addi t4, t4, 0x107
x29 <- 0x3FEF103F1006FD07

mem[X,0x0000000080001310] -> 0x0FBB
mem[X,0x0000000080001312] -> 0xFDDF
[1225] [M]: 0x0000000080001310 (0xFDDF0FBB) pasubu.b t6, t5, t4
x31 <- 0x6098F85C087C835C

mem[X,0x0000000080001314] -> 0xB823
mem[X,0x0000000080001316] -> 0x0FF0
[1226] [M]: 0x0000000080001314 (0x0FF0B823) sd t6, 0xf0(ra)
mem[0x00000000800042F8] <- 0x6098F85C087C835C

mem[X,0x0000000080001318] -> 0xCF37
mem[X,0x000000008000131A] -> 0xFE10
[1227] [M]: 0x0000000080001318 (0xFE10CF37) lui t5, -0x1ef4
x30 <- 0xFFFFFFFFFE10C000

mem[X,0x000000008000131C] -> 0x0F13
mem[X,0x000000008000131E] -> 0x040F
[1228] [M]: 0x000000008000131C (0x040F0F13) addi t5, t5, 0x40
x30 <- 0xFFFFFFFFFE10C040

mem[X,0x0000000080001320] -> 0x1F13
mem[X,0x0000000080001322] -> 0x00BF
[1229] [M]: 0x0000000080001320 (0x00BF1F13) slli t5, t5, 0xb
x30 <- 0xFFFFFFF086020000

mem[X,0x0000000080001324] -> 0x0F13
mem[X,0x0000000080001326] -> 0x207F
[1230] [M]: 0x0000000080001324 (0x207F0F13) addi t5, t5, 0x207
x30 <- 0xFFFFFFF086020207

mem[X,0x0000000080001328] -> 0x1F13
mem[X,0x000000008000132A] -> 0x00BF
[1231] [M]: 0x0000000080001328 (0x00BF1F13) slli t5, t5, 0xb
x30 <- 0xFFFF843010103800

mem[X,0x000000008000132C] -> 0x0F13
mem[X,0x000000008000132E] -> 0x5C0F
[1232] [M]: 0x000000008000132C (0x5C0F0F13) addi t5, t5, 0x5c0
x30 <- 0xFFFF843010103DC0

mem[X,0x0000000080001330] -> 0x1F13
mem[X,0x0000000080001332] -> 0x00AF
[1233] [M]: 0x0000000080001330 (0x00AF1F13) slli t5, t5, 0xa
x30 <- 0xFE10C04040F70000

mem[X,0x0000000080001334] -> 0x0F13
mem[X,0x0000000080001336] -> 0x1FDF
[1234] [M]: 0x0000000080001334 (0x1FDF0F13) addi t5, t5, 0x1fd
x30 <- 0xFE10C04040F701FD

mem[X,0x0000000080001338] -> 0xFEB7
mem[X,0x000000008000133A] -> 0xF908
[1235] [M]: 0x0000000080001338 (0xF908FEB7) lui t4, -0x6f71
x29 <- 0xFFFFFFFFF908F000

mem[X,0x000000008000133C] -> 0x8E93
mem[X,0x000000008000133E] -> 0x63FE
[1236] [M]: 0x000000008000133C (0x63FE8E93) addi t4, t4, 0x63f
x29 <- 0xFFFFFFFFF908F63F

mem[X,0x0000000080001340] -> 0x9E93
mem[X,0x0000000080001342] -> 0x00BE
[1237] [M]: 0x0000000080001340 (0x00BE9E93) slli t4, t4, 0xb
x29 <- 0xFFFFFFC847B1F800

mem[X,0x0000000080001344] -> 0x8E93
mem[X,0x0000000080001346] -> 0x020E
[1238] [M]: 0x0000000080001344 (0x020E8E93) addi t4, t4, 0x20
x29 <- 0xFFFFFFC847B1F820

mem[X,0x0000000080001348] -> 0x9E93
mem[X,0x000000008000134A] -> 0x00BE
[1239] [M]: 0x0000000080001348 (0x00BE9E93) slli t4, t4, 0xb
x29 <- 0xFFFE423D8FC10000

mem[X,0x000000008000134C] -> 0x8E93
mem[X,0x000000008000134E] -> 0x240E
[1240] [M]: 0x000000008000134C (0x240E8E93) addi t4, t4, 0x240
x29 <- 0xFFFE423D8FC10240

mem[X,0x0000000080001350] -> 0x9E93
mem[X,0x0000000080001352] -> 0x00AE
[1241] [M]: 0x0000000080001350 (0x00AE9E93) slli t4, t4, 0xa
x29 <- 0xF908F63F04090000

mem[X,0x0000000080001354] -> 0x8E93
mem[X,0x0000000080001356] -> 0x110E
[1242] [M]: 0x0000000080001354 (0x110E8E93) addi t4, t4, 0x110
x29 <- 0xF908F63F04090110

mem[X,0x0000000080001358] -> 0x0FBB
mem[X,0x000000008000135A] -> 0xFDDF
[1243] [M]: 0x0000000080001358 (0xFDDF0FBB) pasubu.b t6, t5, t4
x31 <- 0x0204E5001E770076

mem[X,0x000000008000135C] -> 0xBC23
mem[X,0x000000008000135E] -> 0x0FF0
[1244] [M]: 0x000000008000135C (0x0FF0BC23) sd t6, 0xf8(ra)
mem[0x0000000080004300] <- 0x0204E5001E770076

mem[X,0x0000000080001360] -> 0x1F37
mem[X,0x0000000080001362] -> 0xFFFF
[1245] [M]: 0x0000000080001360 (0xFFFF1F37) lui t5, -0xf
x30 <- 0xFFFFFFFFFFFF1000

mem[X,0x0000000080001364] -> 0x0F13
mem[X,0x0000000080001366] -> 0x0FAF
[1246] [M]: 0x0000000080001364 (0x0FAF0F13) addi t5, t5, 0xfa
x30 <- 0xFFFFFFFFFFFF10FA

mem[X,0x0000000080001368] -> 0x1F13
mem[X,0x000000008000136A] -> 0x00BF
[1247] [M]: 0x0000000080001368 (0x00BF1F13) slli t5, t5, 0xb
x30 <- 0xFFFFFFFFF887D000

mem[X,0x000000008000136C] -> 0x0F13
mem[X,0x000000008000136E] -> 0x7EDF
[1248] [M]: 0x000000008000136C (0x7EDF0F13) addi t5, t5, 0x7ed
x30 <- 0xFFFFFFFFF887D7ED

mem[X,0x0000000080001370] -> 0x1F13
mem[X,0x0000000080001372] -> 0x00BF
[1249] [M]: 0x0000000080001370 (0x00BF1F13) slli t5, t5, 0xb
x30 <- 0xFFFFFFC43EBF6800

mem[X,0x0000000080001374] -> 0x0F13
mem[X,0x0000000080001376] -> 0x7EFF
[1250] [M]: 0x0000000080001374 (0x7EFF0F13) addi t5, t5, 0x7ef
x30 <- 0xFFFFFFC43EBF6FEF

mem[X,0x0000000080001378] -> 0x1F13
mem[X,0x000000008000137A] -> 0x00AF
[1251] [M]: 0x0000000080001378 (0x00AF1F13) slli t5, t5, 0xa
x30 <- 0xFFFF10FAFDBFBC00

mem[X,0x000000008000137C] -> 0x0F13
mem[X,0x000000008000137E] -> 0x3FFF
[1252] [M]: 0x000000008000137C (0x3FFF0F13) addi t5, t5, 0x3ff
x30 <- 0xFFFF10FAFDBFBFFF

mem[X,0x0000000080001380] -> 0xCEB7
mem[X,0x0000000080001382] -> 0xFD55
[1253] [M]: 0x0000000080001380 (0xFD55CEB7) lui t4, -0x2aa4
x29 <- 0xFFFFFFFFFD55C000

mem[X,0x0000000080001384] -> 0x8E93
mem[X,0x0000000080001386] -> 0x0EFE
[1254] [M]: 0x0000000080001384 (0x0EFE8E93) addi t4, t4, 0xef
x29 <- 0xFFFFFFFFFD55C0EF

mem[X,0x0000000080001388] -> 0x9E93
mem[X,0x000000008000138A] -> 0x00BE
[1255] [M]: 0x0000000080001388 (0x00BE9E93) slli t4, t4, 0xb
x29 <- 0xFFFFFFEAAE077800

mem[X,0x000000008000138C] -> 0x8E93
mem[X,0x000000008000138E] -> 0x6F8E
[1256] [M]: 0x000000008000138C (0x6F8E8E93) addi t4, t4, 0x6f8
x29 <- 0xFFFFFFEAAE077EF8

mem[X,0x0000000080001390] -> 0x9E93
mem[X,0x0000000080001392] -> 0x00BE
[1257] [M]: 0x0000000080001390 (0x00BE9E93) slli t4, t4, 0xb
x29 <- 0xFFFF55703BF7C000

mem[X,0x0000000080001394] -> 0x8E93
mem[X,0x0000000080001396] -> 0x002E
[1258] [M]: 0x0000000080001394 (0x002E8E93) addi t4, t4, 0x2
x29 <- 0xFFFF55703BF7C002

mem[X,0x0000000080001398] -> 0x9E93
mem[X,0x000000008000139A] -> 0x00AE
[1259] [M]: 0x0000000080001398 (0x00AE9E93) slli t4, t4, 0xa
x29 <- 0xFD55C0EFDF000800

mem[X,0x000000008000139C] -> 0x8E93
mem[X,0x000000008000139E] -> 0x1F9E
[1260] [M]: 0x000000008000139C (0x1F9E8E93) addi t4, t4, 0x1f9
x29 <- 0xFD55C0EFDF0009F9

mem[X,0x00000000800013A0] -> 0x0FBB
mem[X,0x00000000800013A2] -> 0xFDDF
[1261] [M]: 0x00000000800013A0 (0xFDDF0FBB) pasubu.b t6, t5, t4
x31 <- 0x0155A8050F5F5B03

mem[X,0x00000000800013A4] -> 0xB023
mem[X,0x00000000800013A6] -> 0x11F0
[1262] [M]: 0x00000000800013A4 (0x11F0B023) sd t6, 0x100(ra)
mem[0x0000000080004308] <- 0x0155A8050F5F5B03

mem[X,0x00000000800013A8] -> 0xBF37
mem[X,0x00000000800013AA] -> 0x023F
[1263] [M]: 0x00000000800013A8 (0x023FBF37) lui t5, 0x23fb
x30 <- 0x00000000023FB000

mem[X,0x00000000800013AC] -> 0x0F13
mem[X,0x00000000800013AE] -> 0xADFF
[1264] [M]: 0x00000000800013AC (0xADFF0F13) addi t5, t5, -0x521
x30 <- 0x00000000023FAADF

mem[X,0x00000000800013B0] -> 0x1F13
mem[X,0x00000000800013B2] -> 0x00BF
[1265] [M]: 0x00000000800013B0 (0x00BF1F13) slli t5, t5, 0xb
x30 <- 0x00000011FD56F800

mem[X,0x00000000800013B4] -> 0x0F13
mem[X,0x00000000800013B6] -> 0x77AF
[1266] [M]: 0x00000000800013B4 (0x77AF0F13) addi t5, t5, 0x77a
x30 <- 0x00000011FD56FF7A

mem[X,0x00000000800013B8] -> 0x1F13
mem[X,0x00000000800013BA] -> 0x00BF
[1267] [M]: 0x00000000800013B8 (0x00BF1F13) slli t5, t5, 0xb
x30 <- 0x00008FEAB7FBD000

mem[X,0x00000000800013BC] -> 0x0F13
mem[X,0x00000000800013BE] -> 0x57BF
[1268] [M]: 0x00000000800013BC (0x57BF0F13) addi t5, t5, 0x57b
x30 <- 0x00008FEAB7FBD57B

mem[X,0x00000000800013C0] -> 0x1F13
mem[X,0x00000000800013C2] -> 0x00AF
[1269] [M]: 0x00000000800013C0 (0x00AF1F13) slli t5, t5, 0xa
x30 <- 0x023FAADFEF55EC00

mem[X,0x00000000800013C4] -> 0x0F13
mem[X,0x00000000800013C6] -> 0x3FFF
[1270] [M]: 0x00000000800013C4 (0x3FFF0F13) addi t5, t5, 0x3ff
x30 <- 0x023FAADFEF55EFFF

mem[X,0x00000000800013C8] -> 0x0EB7
mem[X,0x00000000800013CA] -> 0xF908
[1271] [M]: 0x00000000800013C8 (0xF9080EB7) lui t4, -0x6f80
x29 <- 0xFFFFFFFFF9080000

mem[X,0x00000000800013CC] -> 0x8E93
mem[X,0x00000000800013CE] -> 0x6C0E
[1272] [M]: 0x00000000800013CC (0x6C0E8E93) addi t4, t4, 0x6c0
x29 <- 0xFFFFFFFFF90806C0

mem[X,0x00000000800013D0] -> 0x9E93
mem[X,0x00000000800013D2] -> 0x00BE
[1273] [M]: 0x00000000800013D0 (0x00BE9E93) slli t4, t4, 0xb
x29 <- 0xFFFFFFC840360000

mem[X,0x00000000800013D4] -> 0x8E93
mem[X,0x00000000800013D6] -> 0x087E
[1274] [M]: 0x00000000800013D4 (0x087E8E93) addi t4, t4, 0x87
x29 <- 0xFFFFFFC840360087

mem[X,0x00000000800013D8] -> 0x9E93
mem[X,0x00000000800013DA] -> 0x00BE
[1275] [M]: 0x00000000800013D8 (0x00BE9E93) slli t4, t4, 0xb
x29 <- 0xFFFE4201B0043800

mem[X,0x00000000800013DC] -> 0x8E93
mem[X,0x00000000800013DE] -> 0x77EE
[1276] [M]: 0x00000000800013DC (0x77EE8E93) addi t4, t4, 0x77e
x29 <- 0xFFFE4201B0043F7E

mem[X,0x00000000800013E0] -> 0x9E93
mem[X,0x00000000800013E2] -> 0x00AE
[1277] [M]: 0x00000000800013E0 (0x00AE9E93) slli t4, t4, 0xa
x29 <- 0xF90806C010FDF800

mem[X,0x00000000800013E4] -> 0x8E93
mem[X,0x00000000800013E6] -> 0x1F9E
[1278] [M]: 0x00000000800013E4 (0x1F9E8E93) addi t4, t4, 0x1f9
x29 <- 0xF90806C010FDF9F9

mem[X,0x00000000800013E8] -> 0x0FBB
mem[X,0x00000000800013EA] -> 0xFDDF
[1279] [M]: 0x00000000800013E8 (0xFDDF0FBB) pasubu.b t6, t5, t4
x31 <- 0x841B520F6FACFB03

mem[X,0x00000000800013EC] -> 0xB423
mem[X,0x00000000800013EE] -> 0x11F0
[1280] [M]: 0x00000000800013EC (0x11F0B423) sd t6, 0x108(ra)
mem[0x0000000080004310] <- 0x841B520F6FACFB03

mem[X,0x00000000800013F0] -> 0x0F37
mem[X,0x00000000800013F2] -> 0xFB55
[1281] [M]: 0x00000000800013F0 (0xFB550F37) lui t5, -0x4ab0
x30 <- 0xFFFFFFFFFB550000

mem[X,0x00000000800013F4] -> 0x0F13
mem[X,0x00000000800013F6] -> 0x109F
[1282] [M]: 0x00000000800013F4 (0x109F0F13) addi t5, t5, 0x109
x30 <- 0xFFFFFFFFFB550109

mem[X,0x00000000800013F8] -> 0x1F13
mem[X,0x00000000800013FA] -> 0x00BF
[1283] [M]: 0x00000000800013F8 (0x00BF1F13) slli t5, t5, 0xb
x30 <- 0xFFFFFFDAA8084800

mem[X,0x00000000800013FC] -> 0x0F13
mem[X,0x00000000800013FE] -> 0x2ABF
[1284] [M]: 0x00000000800013FC (0x2ABF0F13) addi t5, t5, 0x2ab
x30 <- 0xFFFFFFDAA8084AAB

mem[X,0x0000000080001400] -> 0x1F13
mem[X,0x0000000080001402] -> 0x00BF
[1285] [M]: 0x0000000080001400 (0x00BF1F13) slli t5, t5, 0xb
x30 <- 0xFFFED54042555800

mem[X,0x0000000080001404] -> 0x0F13
mem[X,0x0000000080001406] -> 0x7EAF
[1286] [M]: 0x0000000080001404 (0x7EAF0F13) addi t5, t5, 0x7ea
x30 <- 0xFFFED54042555FEA

mem[X,0x0000000080001408] -> 0x1F13
mem[X,0x000000008000140A] -> 0x00AF
[1287] [M]: 0x0000000080001408 (0x00AF1F13) slli t5, t5, 0xa
x30 <- 0xFB550109557FA800

mem[X,0x000000008000140C] -> 0x0F13
mem[X,0x000000008000140E] -> 0x2AAF
[1288] [M]: 0x000000008000140C (0x2AAF0F13) addi t5, t5, 0x2aa
x30 <- 0xFB550109557FAAAA

mem[X,0x0000000080001410] -> 0xFEB7
mem[X,0x0000000080001412] -> 0x0203
[1289] [M]: 0x0000000080001410 (0x0203FEB7) lui t4, 0x203f
x29 <- 0x000000000203F000

mem[X,0x0000000080001414] -> 0x8E93
mem[X,0x0000000080001416] -> 0x6FAE
[1290] [M]: 0x0000000080001414 (0x6FAE8E93) addi t4, t4, 0x6fa
x29 <- 0x000000000203F6FA

mem[X,0x0000000080001418] -> 0x9E93
mem[X,0x000000008000141A] -> 0x00BE
[1291] [M]: 0x0000000080001418 (0x00BE9E93) slli t4, t4, 0xb
x29 <- 0x000000101FB7D000

mem[X,0x000000008000141C] -> 0x8E93
mem[X,0x000000008000141E] -> 0x1F8E
[1292] [M]: 0x000000008000141C (0x1F8E8E93) addi t4, t4, 0x1f8
x29 <- 0x000000101FB7D1F8

mem[X,0x0000000080001420] -> 0x9E93
mem[X,0x0000000080001422] -> 0x00BE
[1293] [M]: 0x0000000080001420 (0x00BE9E93) slli t4, t4, 0xb
x29 <- 0x000080FDBE8FC000

mem[X,0x0000000080001424] -> 0x8E93
mem[X,0x0000000080001426] -> 0x401E
[1294] [M]: 0x0000000080001424 (0x401E8E93) addi t4, t4, 0x401
x29 <- 0x000080FDBE8FC401

mem[X,0x0000000080001428] -> 0x9E93
mem[X,0x000000008000142A] -> 0x00AE
[1295] [M]: 0x0000000080001428 (0x00AE9E93) slli t4, t4, 0xa
x29 <- 0x0203F6FA3F100400

mem[X,0x000000008000142C] -> 0x8E93
mem[X,0x000000008000142E] -> 0x020E
[1296] [M]: 0x000000008000142C (0x020E8E93) addi t4, t4, 0x20
x29 <- 0x0203F6FA3F100420

mem[X,0x0000000080001430] -> 0x0FBB
mem[X,0x0000000080001432] -> 0xFDDF
[1297] [M]: 0x0000000080001430 (0xFDDF0FBB) pasubu.b t6, t5, t4
x31 <- 0x7C2985870B375345

mem[X,0x0000000080001434] -> 0xB823
mem[X,0x0000000080001436] -> 0x11F0
[1298] [M]: 0x0000000080001434 (0x11F0B823) sd t6, 0x110(ra)
mem[0x0000000080004318] <- 0x7C2985870B375345

mem[X,0x0000000080001438] -> 0x0F37
mem[X,0x000000008000143A] -> 0xF6FB
[1299] [M]: 0x0000000080001438 (0xF6FB0F37) lui t5, -0x9050
x30 <- 0xFFFFFFFFF6FB0000

clint::tick mtime <- 0x000000000000000D
 clint timer pending at mtime 0x000000000000000D
htif::tick 0x0000000000000000
mem[X,0x000000008000143C] -> 0x0F13
mem[X,0x000000008000143E] -> 0xFC0F
[1300] [M]: 0x000000008000143C (0xFC0F0F13) addi t5, t5, -0x40
x30 <- 0xFFFFFFFFF6FAFFC0

mem[X,0x0000000080001440] -> 0x1F13
mem[X,0x0000000080001442] -> 0x00BF
[1301] [M]: 0x0000000080001440 (0x00BF1F13) slli t5, t5, 0xb
x30 <- 0xFFFFFFB7D7FE0000

mem[X,0x0000000080001444] -> 0x0F13
mem[X,0x0000000080001446] -> 0x557F
[1302] [M]: 0x0000000080001444 (0x557F0F13) addi t5, t5, 0x557
x30 <- 0xFFFFFFB7D7FE0557

mem[X,0x0000000080001448] -> 0x1F13
mem[X,0x000000008000144A] -> 0x00BF
[1303] [M]: 0x0000000080001448 (0x00BF1F13) slli t5, t5, 0xb
x30 <- 0xFFFDBEBFF02AB800

mem[X,0x000000008000144C] -> 0x0F13
mem[X,0x000000008000144E] -> 0x700F
[1304] [M]: 0x000000008000144C (0x700F0F13) addi t5, t5, 0x700
x30 <- 0xFFFDBEBFF02ABF00

mem[X,0x0000000080001450] -> 0x1F13
mem[X,0x0000000080001452] -> 0x00AF
[1305] [M]: 0x0000000080001450 (0x00AF1F13) slli t5, t5, 0xa
x30 <- 0xF6FAFFC0AAFC0000

mem[X,0x0000000080001454] -> 0x0F13
mem[X,0x0000000080001456] -> 0x2F9F
[1306] [M]: 0x0000000080001454 (0x2F9F0F13) addi t5, t5, 0x2f9
x30 <- 0xF6FAFFC0AAFC02F9

mem[X,0x0000000080001458] -> 0x4EB7
mem[X,0x000000008000145A] -> 0x0210
[1307] [M]: 0x0000000080001458 (0x02104EB7) lui t4, 0x2104
x29 <- 0x0000000002104000

mem[X,0x000000008000145C] -> 0x8E93
mem[X,0x000000008000145E] -> 0xF06E
[1308] [M]: 0x000000008000145C (0xF06E8E93) addi t4, t4, -0xfa
x29 <- 0x0000000002103F06

mem[X,0x0000000080001460] -> 0x9E93
mem[X,0x0000000080001462] -> 0x00BE
[1309] [M]: 0x0000000080001460 (0x00BE9E93) slli t4, t4, 0xb
x29 <- 0x0000001081F83000

mem[X,0x0000000080001464] -> 0x8E93
mem[X,0x0000000080001466] -> 0x5FFE
[1310] [M]: 0x0000000080001464 (0x5FFE8E93) addi t4, t4, 0x5ff
x29 <- 0x0000001081F835FF

mem[X,0x0000000080001468] -> 0x9E93
mem[X,0x000000008000146A] -> 0x00BE
[1311] [M]: 0x0000000080001468 (0x00BE9E93) slli t4, t4, 0xb
x29 <- 0x0000840FC1AFF800

mem[X,0x000000008000146C] -> 0x8E93
mem[X,0x000000008000146E] -> 0x63DE
[1312] [M]: 0x000000008000146C (0x63DE8E93) addi t4, t4, 0x63d
x29 <- 0x0000840FC1AFFE3D

mem[X,0x0000000080001470] -> 0x9E93
mem[X,0x0000000080001472] -> 0x00AE
[1313] [M]: 0x0000000080001470 (0x00AE9E93) slli t4, t4, 0xa
x29 <- 0x02103F06BFF8F400

mem[X,0x0000000080001474] -> 0x8E93
mem[X,0x0000000080001476] -> 0x303E
[1314] [M]: 0x0000000080001474 (0x303E8E93) addi t4, t4, 0x303
x29 <- 0x02103F06BFF8F703

mem[X,0x0000000080001478] -> 0x0FBB
mem[X,0x000000008000147A] -> 0xFDDF
[1315] [M]: 0x0000000080001478 (0xFDDF0FBB) pasubu.b t6, t5, t4
x31 <- 0x7A75605DF502857B

mem[X,0x000000008000147C] -> 0xBC23
mem[X,0x000000008000147E] -> 0x11F0
[1316] [M]: 0x000000008000147C (0x11F0BC23) sd t6, 0x118(ra)
mem[0x0000000080004320] <- 0x7A75605DF502857B

mem[X,0x0000000080001480] -> 0x1F37
mem[X,0x0000000080001482] -> 0x0020
[1317] [M]: 0x0000000080001480 (0x00201F37) lui t5, 0x201
x30 <- 0x0000000000201000

mem[X,0x0000000080001484] -> 0x0F13
mem[X,0x0000000080001486] -> 0x803F
[1318] [M]: 0x0000000080001484 (0x803F0F13) addi t5, t5, -0x7fd
x30 <- 0x0000000000200803

mem[X,0x0000000080001488] -> 0x1F13
mem[X,0x000000008000148A] -> 0x00BF
[1319] [M]: 0x0000000080001488 (0x00BF1F13) slli t5, t5, 0xb
x30 <- 0x0000000100401800

mem[X,0x000000008000148C] -> 0x0F13
mem[X,0x000000008000148E] -> 0x7E8F
[1320] [M]: 0x000000008000148C (0x7E8F0F13) addi t5, t5, 0x7e8
x30 <- 0x0000000100401FE8

mem[X,0x0000000080001490] -> 0x1F13
mem[X,0x0000000080001492] -> 0x00BF
[1321] [M]: 0x0000000080001490 (0x00BF1F13) slli t5, t5, 0xb
x30 <- 0x0000080200FF4000

mem[X,0x0000000080001494] -> 0x0F13
mem[X,0x0000000080001496] -> 0x0AAF
[1322] [M]: 0x0000000080001494 (0x0AAF0F13) addi t5, t5, 0xaa
x30 <- 0x0000080200FF40AA

mem[X,0x0000000080001498] -> 0x1F13
mem[X,0x000000008000149A] -> 0x00AF
[1323] [M]: 0x0000000080001498 (0x00AF1F13) slli t5, t5, 0xa
x30 <- 0x00200803FD02A800

mem[X,0x000000008000149C] -> 0x0F13
mem[X,0x000000008000149E] -> 0x23FF
[1324] [M]: 0x000000008000149C (0x23FF0F13) addi t5, t5, 0x23f
x30 <- 0x00200803FD02AA3F

mem[X,0x00000000800014A0] -> 0x5EB7
mem[X,0x00000000800014A2] -> 0x06F7
[1325] [M]: 0x00000000800014A0 (0x06F75EB7) lui t4, 0x6f75
x29 <- 0x0000000006F75000

mem[X,0x00000000800014A4] -> 0x8E93
mem[X,0x00000000800014A6] -> 0x5FEE
[1326] [M]: 0x00000000800014A4 (0x5FEE8E93) addi t4, t4, 0x5fe
x29 <- 0x0000000006F755FE

mem[X,0x00000000800014A8] -> 0x9E93
mem[X,0x00000000800014AA] -> 0x00BE
[1327] [M]: 0x00000000800014A8 (0x00BE9E93) slli t4, t4, 0xb
x29 <- 0x00000037BAAFF000

mem[X,0x00000000800014AC] -> 0x8E93
mem[X,0x00000000800014AE] -> 0x080E
[1328] [M]: 0x00000000800014AC (0x080E8E93) addi t4, t4, 0x80
x29 <- 0x00000037BAAFF080

mem[X,0x00000000800014B0] -> 0x9E93
mem[X,0x00000000800014B2] -> 0x00BE
[1329] [M]: 0x00000000800014B0 (0x00BE9E93) slli t4, t4, 0xb
x29 <- 0x0001BDD57F840000

mem[X,0x00000000800014B4] -> 0x8E93
mem[X,0x00000000800014B6] -> 0x237E
[1330] [M]: 0x00000000800014B4 (0x237E8E93) addi t4, t4, 0x237
x29 <- 0x0001BDD57F840237

mem[X,0x00000000800014B8] -> 0x9E93
mem[X,0x00000000800014BA] -> 0x00AE
[1331] [M]: 0x00000000800014B8 (0x00AE9E93) slli t4, t4, 0xa
x29 <- 0x06F755FE1008DC00

mem[X,0x00000000800014BC] -> 0x8E93
mem[X,0x00000000800014BE] -> 0x3FFE
[1332] [M]: 0x00000000800014BC (0x3FFE8E93) addi t4, t4, 0x3ff
x29 <- 0x06F755FE1008DFFF

mem[X,0x00000000800014C0] -> 0x0FBB
mem[X,0x00000000800014C2] -> 0xFDDF
[1333] [M]: 0x00000000800014C0 (0xFDDF0FBB) pasubu.b t6, t5, t4
x31 <- 0xFD94D98276FDE5A0

mem[X,0x00000000800014C4] -> 0xB023
mem[X,0x00000000800014C6] -> 0x13F0
[1334] [M]: 0x00000000800014C4 (0x13F0B023) sd t6, 0x120(ra)
mem[0x0000000080004328] <- 0xFD94D98276FDE5A0

mem[X,0x00000000800014C8] -> 0x0F37
mem[X,0x00000000800014CA] -> 0xFF40
[1335] [M]: 0x00000000800014C8 (0xFF400F37) lui t5, -0xc00
x30 <- 0xFFFFFFFFFF400000

mem[X,0x00000000800014CC] -> 0x0F13
mem[X,0x00000000800014CE] -> 0x27FF
[1336] [M]: 0x00000000800014CC (0x27FF0F13) addi t5, t5, 0x27f
x30 <- 0xFFFFFFFFFF40027F

mem[X,0x00000000800014D0] -> 0x1F13
mem[X,0x00000000800014D2] -> 0x00BF
[1337] [M]: 0x00000000800014D0 (0x00BF1F13) slli t5, t5, 0xb
x30 <- 0xFFFFFFFA0013F800

mem[X,0x00000000800014D4] -> 0x0F13
mem[X,0x00000000800014D6] -> 0x01DF
[1338] [M]: 0x00000000800014D4 (0x01DF0F13) addi t5, t5, 0x1d
x30 <- 0xFFFFFFFA0013F81D

mem[X,0x00000000800014D8] -> 0x1F13
mem[X,0x00000000800014DA] -> 0x00BF
[1339] [M]: 0x00000000800014D8 (0x00BF1F13) slli t5, t5, 0xb
x30 <- 0xFFFFD0009FC0E800

mem[X,0x00000000800014DC] -> 0x0F13
mem[X,0x00000000800014DE] -> 0x2B0F
[1340] [M]: 0x00000000800014DC (0x2B0F0F13) addi t5, t5, 0x2b0
x30 <- 0xFFFFD0009FC0EAB0

mem[X,0x00000000800014E0] -> 0x1F13
mem[X,0x00000000800014E2] -> 0x00AF
[1341] [M]: 0x00000000800014E0 (0x00AF1F13) slli t5, t5, 0xa
x30 <- 0xFF40027F03AAC000

mem[X,0x00000000800014E4] -> 0x0F13
mem[X,0x00000000800014E6] -> 0x0AAF
[1342] [M]: 0x00000000800014E4 (0x0AAF0F13) addi t5, t5, 0xaa
x30 <- 0xFF40027F03AAC0AA

mem[X,0x00000000800014E8] -> 0x0EB7
mem[X,0x00000000800014EA] -> 0xFC05
[1343] [M]: 0x00000000800014E8 (0xFC050EB7) lui t4, -0x3fb0
x29 <- 0xFFFFFFFFFC050000

mem[X,0x00000000800014EC] -> 0x8E93
mem[X,0x00000000800014EE] -> 0x620E
[1344] [M]: 0x00000000800014EC (0x620E8E93) addi t4, t4, 0x620
x29 <- 0xFFFFFFFFFC050620

mem[X,0x00000000800014F0] -> 0x9E93
mem[X,0x00000000800014F2] -> 0x00BE
[1345] [M]: 0x00000000800014F0 (0x00BE9E93) slli t4, t4, 0xb
x29 <- 0xFFFFFFE028310000

mem[X,0x00000000800014F4] -> 0x8E93
mem[X,0x00000000800014F6] -> 0x7D6E
[1346] [M]: 0x00000000800014F4 (0x7D6E8E93) addi t4, t4, 0x7d6
x29 <- 0xFFFFFFE0283107D6

mem[X,0x00000000800014F8] -> 0x9E93
mem[X,0x00000000800014FA] -> 0x00BE
[1347] [M]: 0x00000000800014F8 (0x00BE9E93) slli t4, t4, 0xb
x29 <- 0xFFFF0141883EB000

mem[X,0x00000000800014FC] -> 0x8E93
mem[X,0x00000000800014FE] -> 0x7FEE
[1348] [M]: 0x00000000800014FC (0x7FEE8E93) addi t4, t4, 0x7fe
x29 <- 0xFFFF0141883EB7FE

mem[X,0x0000000080001500] -> 0x9E93
mem[X,0x0000000080001502] -> 0x00AE
[1349] [M]: 0x0000000080001500 (0x00AE9E93) slli t4, t4, 0xa
x29 <- 0xFC050620FADFF800

mem[X,0x0000000080001504] -> 0x8E93
mem[X,0x0000000080001506] -> 0x2FEE
[1350] [M]: 0x0000000080001504 (0x2FEE8E93) addi t4, t4, 0x2fe
x29 <- 0xFC050620FADFFAFE

mem[X,0x0000000080001508] -> 0x0FBB
mem[X,0x000000008000150A] -> 0xFDDF
[1351] [M]: 0x0000000080001508 (0xFDDF0FBB) pasubu.b t6, t5, t4
x31 <- 0x011DFE2F84E5E3D6

mem[X,0x000000008000150C] -> 0xB423
mem[X,0x000000008000150E] -> 0x13F0
[1352] [M]: 0x000000008000150C (0x13F0B423) sd t6, 0x128(ra)
mem[0x0000000080004330] <- 0x011DFE2F84E5E3D6

mem[X,0x0000000080001510] -> 0x8F37
mem[X,0x0000000080001512] -> 0xEF80
[1353] [M]: 0x0000000080001510 (0xEF808F37) lui t5, -0x107f8
x30 <- 0xFFFFFFFFEF808000

mem[X,0x0000000080001514] -> 0x0F13
mem[X,0x0000000080001516] -> 0xF10F
[1354] [M]: 0x0000000080001514 (0xF10F0F13) addi t5, t5, -0xf0
x30 <- 0xFFFFFFFFEF807F10

mem[X,0x0000000080001518] -> 0x1F13
mem[X,0x000000008000151A] -> 0x00BF
[1355] [M]: 0x0000000080001518 (0x00BF1F13) slli t5, t5, 0xb
x30 <- 0xFFFFFF7C03F88000

mem[X,0x000000008000151C] -> 0x0F13
mem[X,0x000000008000151E] -> 0x7B8F
[1356] [M]: 0x000000008000151C (0x7B8F0F13) addi t5, t5, 0x7b8
x30 <- 0xFFFFFF7C03F887B8

mem[X,0x0000000080001520] -> 0x1F13
mem[X,0x0000000080001522] -> 0x00BF
[1357] [M]: 0x0000000080001520 (0x00BF1F13) slli t5, t5, 0xb
x30 <- 0xFFFBE01FC43DC000

mem[X,0x0000000080001524] -> 0x0F13
mem[X,0x0000000080001526] -> 0x1C0F
[1358] [M]: 0x0000000080001524 (0x1C0F0F13) addi t5, t5, 0x1c0
x30 <- 0xFFFBE01FC43DC1C0

mem[X,0x0000000080001528] -> 0x1F13
mem[X,0x000000008000152A] -> 0x00AF
[1359] [M]: 0x0000000080001528 (0x00AF1F13) slli t5, t5, 0xa
x30 <- 0xEF807F10F7070000

mem[X,0x000000008000152C] -> 0x0F13
mem[X,0x000000008000152E] -> 0x2FDF
[1360] [M]: 0x000000008000152C (0x2FDF0F13) addi t5, t5, 0x2fd
x30 <- 0xEF807F10F70702FD

mem[X,0x0000000080001530] -> 0x2EB7
mem[X,0x0000000080001532] -> 0x01AA
[1361] [M]: 0x0000000080001530 (0x01AA2EB7) lui t4, 0x1aa2
x29 <- 0x0000000001AA2000

mem[X,0x0000000080001534] -> 0x8E93
mem[X,0x0000000080001536] -> 0x0FAE
[1362] [M]: 0x0000000080001534 (0x0FAE8E93) addi t4, t4, 0xfa
x29 <- 0x0000000001AA20FA

mem[X,0x0000000080001538] -> 0x9E93
mem[X,0x000000008000153A] -> 0x00BE
[1363] [M]: 0x0000000080001538 (0x00BE9E93) slli t4, t4, 0xb
x29 <- 0x0000000D5107D000

mem[X,0x000000008000153C] -> 0x8E93
mem[X,0x000000008000153E] -> 0x3FFE
[1364] [M]: 0x000000008000153C (0x3FFE8E93) addi t4, t4, 0x3ff
x29 <- 0x0000000D5107D3FF

mem[X,0x0000000080001540] -> 0x9E93
mem[X,0x0000000080001542] -> 0x00BE
[1365] [M]: 0x0000000080001540 (0x00BE9E93) slli t4, t4, 0xb
x29 <- 0x00006A883E9FF800

mem[X,0x0000000080001544] -> 0x8E93
mem[X,0x0000000080001546] -> 0x741E
[1366] [M]: 0x0000000080001544 (0x741E8E93) addi t4, t4, 0x741
x29 <- 0x00006A883E9FFF41

mem[X,0x0000000080001548] -> 0x9E93
mem[X,0x000000008000154A] -> 0x00AE
[1367] [M]: 0x0000000080001548 (0x00AE9E93) slli t4, t4, 0xa
x29 <- 0x01AA20FA7FFD0400

mem[X,0x000000008000154C] -> 0x8E93
mem[X,0x000000008000154E] -> 0x07FE
[1368] [M]: 0x000000008000154C (0x07FE8E93) addi t4, t4, 0x7f
x29 <- 0x01AA20FA7FFD047F

mem[X,0x0000000080001550] -> 0x0FBB
mem[X,0x0000000080001552] -> 0xFDDF
[1369] [M]: 0x0000000080001550 (0xFDDF0FBB) pasubu.b t6, t5, t4
x31 <- 0x77EB2F8B3C85FF3F

mem[X,0x0000000080001554] -> 0xB823
mem[X,0x0000000080001556] -> 0x13F0
[1370] [M]: 0x0000000080001554 (0x13F0B823) sd t6, 0x130(ra)
mem[0x0000000080004338] <- 0x77EB2F8B3C85FF3F

mem[X,0x0000000080001558] -> 0x0F37
mem[X,0x000000008000155A] -> 0x02FC
[1371] [M]: 0x0000000080001558 (0x02FC0F37) lui t5, 0x2fc0
x30 <- 0x0000000002FC0000

mem[X,0x000000008000155C] -> 0x0F13
mem[X,0x000000008000155E] -> 0x6AAF
[1372] [M]: 0x000000008000155C (0x6AAF0F13) addi t5, t5, 0x6aa
x30 <- 0x0000000002FC06AA

mem[X,0x0000000080001560] -> 0x1F13
mem[X,0x0000000080001562] -> 0x00BF
[1373] [M]: 0x0000000080001560 (0x00BF1F13) slli t5, t5, 0xb
x30 <- 0x00000017E0355000

mem[X,0x0000000080001564] -> 0x0F13
mem[X,0x0000000080001566] -> 0x7CFF
[1374] [M]: 0x0000000080001564 (0x7CFF0F13) addi t5, t5, 0x7cf
x30 <- 0x00000017E03557CF

mem[X,0x0000000080001568] -> 0x1F13
mem[X,0x000000008000156A] -> 0x00BF
[1375] [M]: 0x0000000080001568 (0x00BF1F13) slli t5, t5, 0xb
x30 <- 0x0000BF01AABE7800

mem[X,0x000000008000156C] -> 0x0F13
mem[X,0x000000008000156E] -> 0x7BDF
[1376] [M]: 0x000000008000156C (0x7BDF0F13) addi t5, t5, 0x7bd
x30 <- 0x0000BF01AABE7FBD

mem[X,0x0000000080001570] -> 0x1F13
mem[X,0x0000000080001572] -> 0x00AF
[1377] [M]: 0x0000000080001570 (0x00AF1F13) slli t5, t5, 0xa
x30 <- 0x02FC06AAF9FEF400

mem[X,0x0000000080001574] -> 0x0F13
mem[X,0x0000000080001576] -> 0x240F
[1378] [M]: 0x0000000080001574 (0x240F0F13) addi t5, t5, 0x240
x30 <- 0x02FC06AAF9FEF640

mem[X,0x0000000080001578] -> 0x0EB7
mem[X,0x000000008000157A] -> 0x0105
[1379] [M]: 0x0000000080001578 (0x01050EB7) lui t4, 0x1050
x29 <- 0x0000000001050000

mem[X,0x000000008000157C] -> 0x8E93
mem[X,0x000000008000157E] -> 0x9FDE
[1380] [M]: 0x000000008000157C (0x9FDE8E93) addi t4, t4, -0x603
x29 <- 0x000000000104F9FD

mem[X,0x0000000080001580] -> 0x9E93
mem[X,0x0000000080001582] -> 0x00BE
[1381] [M]: 0x0000000080001580 (0x00BE9E93) slli t4, t4, 0xb
x29 <- 0x0000000827CFE800

mem[X,0x0000000080001584] -> 0x8E93
mem[X,0x0000000080001586] -> 0x027E
[1382] [M]: 0x0000000080001584 (0x027E8E93) addi t4, t4, 0x27
x29 <- 0x0000000827CFE827

mem[X,0x0000000080001588] -> 0x9E93
mem[X,0x000000008000158A] -> 0x00BE
[1383] [M]: 0x0000000080001588 (0x00BE9E93) slli t4, t4, 0xb
x29 <- 0x0000413E7F413800

mem[X,0x000000008000158C] -> 0x8E93
mem[X,0x000000008000158E] -> 0x677E
[1384] [M]: 0x000000008000158C (0x677E8E93) addi t4, t4, 0x677
x29 <- 0x0000413E7F413E77

mem[X,0x0000000080001590] -> 0x9E93
mem[X,0x0000000080001592] -> 0x00AE
[1385] [M]: 0x0000000080001590 (0x00AE9E93) slli t4, t4, 0xa
x29 <- 0x0104F9FD04F9DC00

mem[X,0x0000000080001594] -> 0x8E93
mem[X,0x0000000080001596] -> 0x37FE
[1386] [M]: 0x0000000080001594 (0x37FE8E93) addi t4, t4, 0x37f
x29 <- 0x0104F9FD04F9DF7F

mem[X,0x0000000080001598] -> 0x0FBB
mem[X,0x000000008000159A] -> 0xFDDF
[1387] [M]: 0x0000000080001598 (0xFDDF0FBB) pasubu.b t6, t5, t4
x31 <- 0x007C86D67A020BE0

mem[X,0x000000008000159C] -> 0xBC23
mem[X,0x000000008000159E] -> 0x13F0
[1388] [M]: 0x000000008000159C (0x13F0BC23) sd t6, 0x138(ra)
mem[0x0000000080004340] <- 0x007C86D67A020BE0

mem[X,0x00000000800015A0] -> 0x8F37
mem[X,0x00000000800015A2] -> 0x03DF
[1389] [M]: 0x00000000800015A0 (0x03DF8F37) lui t5, 0x3df8
x30 <- 0x0000000003DF8000

mem[X,0x00000000800015A4] -> 0x0F13
mem[X,0x00000000800015A6] -> 0x0F8F
[1390] [M]: 0x00000000800015A4 (0x0F8F0F13) addi t5, t5, 0xf8
x30 <- 0x0000000003DF80F8

mem[X,0x00000000800015A8] -> 0x1F13
mem[X,0x00000000800015AA] -> 0x00BF
[1391] [M]: 0x00000000800015A8 (0x00BF1F13) slli t5, t5, 0xb
x30 <- 0x0000001EFC07C000

mem[X,0x00000000800015AC] -> 0x0F13
mem[X,0x00000000800015AE] -> 0x7C1F
[1392] [M]: 0x00000000800015AC (0x7C1F0F13) addi t5, t5, 0x7c1
x30 <- 0x0000001EFC07C7C1

mem[X,0x00000000800015B0] -> 0x1F13
mem[X,0x00000000800015B2] -> 0x00BF
[1393] [M]: 0x00000000800015B0 (0x00BF1F13) slli t5, t5, 0xb
x30 <- 0x0000F7E03E3E0800

mem[X,0x00000000800015B4] -> 0x0F13
mem[X,0x00000000800015B6] -> 0x7E0F
[1394] [M]: 0x00000000800015B4 (0x7E0F0F13) addi t5, t5, 0x7e0
x30 <- 0x0000F7E03E3E0FE0

mem[X,0x00000000800015B8] -> 0x1F13
mem[X,0x00000000800015BA] -> 0x00AF
[1395] [M]: 0x00000000800015B8 (0x00AF1F13) slli t5, t5, 0xa
x30 <- 0x03DF80F8F83F8000

mem[X,0x00000000800015BC] -> 0x0F13
mem[X,0x00000000800015BE] -> 0x0FCF
[1396] [M]: 0x00000000800015BC (0x0FCF0F13) addi t5, t5, 0xfc
x30 <- 0x03DF80F8F83F80FC

mem[X,0x00000000800015C0] -> 0x0EB7
mem[X,0x00000000800015C2] -> 0x8009
[1397] [M]: 0x00000000800015C0 (0x80090EB7) lui t4, -0x7ff70
x29 <- 0xFFFFFFFF80090000

mem[X,0x00000000800015C4] -> 0x8E93
mem[X,0x00000000800015C6] -> 0x2FCE
[1398] [M]: 0x00000000800015C4 (0x2FCE8E93) addi t4, t4, 0x2fc
x29 <- 0xFFFFFFFF800902FC

mem[X,0x00000000800015C8] -> 0x9E93
mem[X,0x00000000800015CA] -> 0x00BE
[1399] [M]: 0x00000000800015C8 (0x00BE9E93) slli t4, t4, 0xb
x29 <- 0xFFFFFC004817E000

clint::tick mtime <- 0x000000000000000E
 clint timer pending at mtime 0x000000000000000E
htif::tick 0x0000000000000000
mem[X,0x00000000800015CC] -> 0x8E93
mem[X,0x00000000800015CE] -> 0x77FE
[1400] [M]: 0x00000000800015CC (0x77FE8E93) addi t4, t4, 0x77f
x29 <- 0xFFFFFC004817E77F

mem[X,0x00000000800015D0] -> 0x9E93
mem[X,0x00000000800015D2] -> 0x00BE
[1401] [M]: 0x00000000800015D0 (0x00BE9E93) slli t4, t4, 0xb
x29 <- 0xFFE00240BF3BF800

mem[X,0x00000000800015D4] -> 0x8E93
mem[X,0x00000000800015D6] -> 0x66AE
[1402] [M]: 0x00000000800015D4 (0x66AE8E93) addi t4, t4, 0x66a
x29 <- 0xFFE00240BF3BFE6A

mem[X,0x00000000800015D8] -> 0x9E93
mem[X,0x00000000800015DA] -> 0x00AE
[1403] [M]: 0x00000000800015D8 (0x00AE9E93) slli t4, t4, 0xa
x29 <- 0x800902FCEFF9A800

mem[X,0x00000000800015DC] -> 0x8E93
mem[X,0x00000000800015DE] -> 0x280E
[1404] [M]: 0x00000000800015DC (0x280E8E93) addi t4, t4, 0x280
x29 <- 0x800902FCEFF9AA80

mem[X,0x00000000800015E0] -> 0x0FBB
mem[X,0x00000000800015E2] -> 0xFDDF
[1405] [M]: 0x00000000800015E0 (0xFDDF0FBB) pasubu.b t6, t5, t4
x31 <- 0xC16B3FFE04A3EB3E

mem[X,0x00000000800015E4] -> 0xB023
mem[X,0x00000000800015E6] -> 0x15F0
[1406] [M]: 0x00000000800015E4 (0x15F0B023) sd t6, 0x140(ra)
mem[0x0000000080004348] <- 0xC16B3FFE04A3EB3E

mem[X,0x00000000800015E8] -> 0x2F37
mem[X,0x00000000800015EA] -> 0xEFDF
[1407] [M]: 0x00000000800015E8 (0xEFDF2F37) lui t5, -0x1020e
x30 <- 0xFFFFFFFFEFDF2000

mem[X,0x00000000800015EC] -> 0x0F13
mem[X,0x00000000800015EE] -> 0x0AAF
[1408] [M]: 0x00000000800015EC (0x0AAF0F13) addi t5, t5, 0xaa
x30 <- 0xFFFFFFFFEFDF20AA

mem[X,0x00000000800015F0] -> 0x1F13
mem[X,0x00000000800015F2] -> 0x00BF
[1409] [M]: 0x00000000800015F0 (0x00BF1F13) slli t5, t5, 0xb
x30 <- 0xFFFFFF7EF9055000

mem[X,0x00000000800015F4] -> 0x0F13
mem[X,0x00000000800015F6] -> 0x7C8F
[1410] [M]: 0x00000000800015F4 (0x7C8F0F13) addi t5, t5, 0x7c8
x30 <- 0xFFFFFF7EF90557C8

mem[X,0x00000000800015F8] -> 0x1F13
mem[X,0x00000000800015FA] -> 0x00BF
[1411] [M]: 0x00000000800015F8 (0x00BF1F13) slli t5, t5, 0xb
x30 <- 0xFFFBF7C82ABE4000

mem[X,0x00000000800015FC] -> 0x0F13
mem[X,0x00000000800015FE] -> 0x07EF
[1412] [M]: 0x00000000800015FC (0x07EF0F13) addi t5, t5, 0x7e
x30 <- 0xFFFBF7C82ABE407E

mem[X,0x0000000080001600] -> 0x1F13
mem[X,0x0000000080001602] -> 0x00AF
[1413] [M]: 0x0000000080001600 (0x00AF1F13) slli t5, t5, 0xa
x30 <- 0xEFDF20AAF901F800

mem[X,0x0000000080001604] -> 0x0F13
mem[X,0x0000000080001606] -> 0x3FBF
[1414] [M]: 0x0000000080001604 (0x3FBF0F13) addi t5, t5, 0x3fb
x30 <- 0xEFDF20AAF901FBFB

mem[X,0x0000000080001608] -> 0xBEB7
mem[X,0x000000008000160A] -> 0x0205
[1415] [M]: 0x0000000080001608 (0x0205BEB7) lui t4, 0x205b
x29 <- 0x000000000205B000

mem[X,0x000000008000160C] -> 0x8E93
mem[X,0x000000008000160E] -> 0xADFE
[1416] [M]: 0x000000008000160C (0xADFE8E93) addi t4, t4, -0x521
x29 <- 0x000000000205AADF

mem[X,0x0000000080001610] -> 0x9E93
mem[X,0x0000000080001612] -> 0x00BE
[1417] [M]: 0x0000000080001610 (0x00BE9E93) slli t4, t4, 0xb
x29 <- 0x000000102D56F800

mem[X,0x0000000080001614] -> 0x8E93
mem[X,0x0000000080001616] -> 0x7D8E
[1418] [M]: 0x0000000080001614 (0x7D8E8E93) addi t4, t4, 0x7d8
x29 <- 0x000000102D56FFD8

mem[X,0x0000000080001618] -> 0x9E93
mem[X,0x000000008000161A] -> 0x00BE
[1419] [M]: 0x0000000080001618 (0x00BE9E93) slli t4, t4, 0xb
x29 <- 0x0000816AB7FEC000

mem[X,0x000000008000161C] -> 0x8E93
mem[X,0x000000008000161E] -> 0x080E
[1420] [M]: 0x000000008000161C (0x080E8E93) addi t4, t4, 0x80
x29 <- 0x0000816AB7FEC080

mem[X,0x0000000080001620] -> 0x9E93
mem[X,0x0000000080001622] -> 0x00AE
[1421] [M]: 0x0000000080001620 (0x00AE9E93) slli t4, t4, 0xa
x29 <- 0x0205AADFFB020000

mem[X,0x0000000080001624] -> 0x8E93
mem[X,0x0000000080001626] -> 0x2FFE
[1422] [M]: 0x0000000080001624 (0x2FFE8E93) addi t4, t4, 0x2ff
x29 <- 0x0205AADFFB0202FF

mem[X,0x0000000080001628] -> 0x0FBB
mem[X,0x000000008000162A] -> 0xFDDF
[1423] [M]: 0x0000000080001628 (0xFDDF0FBB) pasubu.b t6, t5, t4
x31 <- 0x766DBBE5FFFF7CFE

mem[X,0x000000008000162C] -> 0xB423
mem[X,0x000000008000162E] -> 0x15F0
[1424] [M]: 0x000000008000162C (0x15F0B423) sd t6, 0x148(ra)
mem[0x0000000080004350] <- 0x766DBBE5FFFF7CFE

mem[X,0x0000000080001630] -> 0xFF37
mem[X,0x0000000080001632] -> 0x00FD
[1425] [M]: 0x0000000080001630 (0x00FDFF37) lui t5, 0xfdf
x30 <- 0x0000000000FDF000

mem[X,0x0000000080001634] -> 0x0F13
mem[X,0x0000000080001636] -> 0x780F
[1426] [M]: 0x0000000080001634 (0x780F0F13) addi t5, t5, 0x780
x30 <- 0x0000000000FDF780

mem[X,0x0000000080001638] -> 0x1F13
mem[X,0x000000008000163A] -> 0x00BF
[1427] [M]: 0x0000000080001638 (0x00BF1F13) slli t5, t5, 0xb
x30 <- 0x00000007EFBC0000

mem[X,0x000000008000163C] -> 0x0F13
mem[X,0x000000008000163E] -> 0x7B0F
[1428] [M]: 0x000000008000163C (0x7B0F0F13) addi t5, t5, 0x7b0
x30 <- 0x00000007EFBC07B0

mem[X,0x0000000080001640] -> 0x1F13
mem[X,0x0000000080001642] -> 0x00BF
[1429] [M]: 0x0000000080001640 (0x00BF1F13) slli t5, t5, 0xb
x30 <- 0x00003F7DE03D8000

mem[X,0x0000000080001644] -> 0x0F13
mem[X,0x0000000080001646] -> 0x102F
[1430] [M]: 0x0000000080001644 (0x102F0F13) addi t5, t5, 0x102
x30 <- 0x00003F7DE03D8102

mem[X,0x0000000080001648] -> 0x1F13
mem[X,0x000000008000164A] -> 0x00AF
[1431] [M]: 0x0000000080001648 (0x00AF1F13) slli t5, t5, 0xa
x30 <- 0x00FDF780F6040800

mem[X,0x000000008000164C] -> 0x0F13
mem[X,0x000000008000164E] -> 0x009F
[1432] [M]: 0x000000008000164C (0x009F0F13) addi t5, t5, 0x9
x30 <- 0x00FDF780F6040809

mem[X,0x0000000080001650] -> 0x1EB7
mem[X,0x0000000080001652] -> 0xF8BF
[1433] [M]: 0x0000000080001650 (0xF8BF1EB7) lui t4, -0x740f
x29 <- 0xFFFFFFFFF8BF1000

mem[X,0x0000000080001654] -> 0x8E93
mem[X,0x0000000080001656] -> 0x0FFE
[1434] [M]: 0x0000000080001654 (0x0FFE8E93) addi t4, t4, 0xff
x29 <- 0xFFFFFFFFF8BF10FF

mem[X,0x0000000080001658] -> 0x9E93
mem[X,0x000000008000165A] -> 0x00BE
[1435] [M]: 0x0000000080001658 (0x00BE9E93) slli t4, t4, 0xb
x29 <- 0xFFFFFFC5F887F800

mem[X,0x000000008000165C] -> 0x8E93
mem[X,0x000000008000165E] -> 0x3F8E
[1436] [M]: 0x000000008000165C (0x3F8E8E93) addi t4, t4, 0x3f8
x29 <- 0xFFFFFFC5F887FBF8

mem[X,0x0000000080001660] -> 0x9E93
mem[X,0x0000000080001662] -> 0x00BE
[1437] [M]: 0x0000000080001660 (0x00BE9E93) slli t4, t4, 0xb
x29 <- 0xFFFE2FC43FDFC000

mem[X,0x0000000080001664] -> 0x8E93
mem[X,0x0000000080001666] -> 0x22FE
[1438] [M]: 0x0000000080001664 (0x22FE8E93) addi t4, t4, 0x22f
x29 <- 0xFFFE2FC43FDFC22F

mem[X,0x0000000080001668] -> 0x9E93
mem[X,0x000000008000166A] -> 0x00AE
[1439] [M]: 0x0000000080001668 (0x00AE9E93) slli t4, t4, 0xa
x29 <- 0xF8BF10FF7F08BC00

mem[X,0x000000008000166C] -> 0x8E93
mem[X,0x000000008000166E] -> 0x3FBE
[1440] [M]: 0x000000008000166C (0x3FBE8E93) addi t4, t4, 0x3fb
x29 <- 0xF8BF10FF7F08BFFB

mem[X,0x0000000080001670] -> 0x0FBB
mem[X,0x0000000080001672] -> 0xFDDF
[1441] [M]: 0x0000000080001670 (0xFDDF0FBB) pasubu.b t6, t5, t4
x31 <- 0x841F73C03BFEA487

mem[X,0x0000000080001674] -> 0xB823
mem[X,0x0000000080001676] -> 0x15F0
[1442] [M]: 0x0000000080001674 (0x15F0B823) sd t6, 0x150(ra)
mem[0x0000000080004358] <- 0x841F73C03BFEA487

mem[X,0x0000000080001678] -> 0xEF37
mem[X,0x000000008000167A] -> 0x1040
[1443] [M]: 0x0000000080001678 (0x1040EF37) lui t5, 0x1040e
x30 <- 0x000000001040E000

mem[X,0x000000008000167C] -> 0x0F13
mem[X,0x000000008000167E] -> 0xFFBF
[1444] [M]: 0x000000008000167C (0xFFBF0F13) addi t5, t5, -0x5
x30 <- 0x000000001040DFFB

mem[X,0x0000000080001680] -> 0x1F13
mem[X,0x0000000080001682] -> 0x00BF
[1445] [M]: 0x0000000080001680 (0x00BF1F13) slli t5, t5, 0xb
x30 <- 0x0000008206FFD800

mem[X,0x0000000080001684] -> 0x0F13
mem[X,0x0000000080001686] -> 0x7C7F
[1446] [M]: 0x0000000080001684 (0x7C7F0F13) addi t5, t5, 0x7c7
x30 <- 0x0000008206FFDFC7

mem[X,0x0000000080001688] -> 0x1F13
mem[X,0x000000008000168A] -> 0x00BF
[1447] [M]: 0x0000000080001688 (0x00BF1F13) slli t5, t5, 0xb
x30 <- 0x00041037FEFE3800

mem[X,0x000000008000168C] -> 0x0F13
mem[X,0x000000008000168E] -> 0x67FF
[1448] [M]: 0x000000008000168C (0x67FF0F13) addi t5, t5, 0x67f
x30 <- 0x00041037FEFE3E7F

mem[X,0x0000000080001690] -> 0x1F13
mem[X,0x0000000080001692] -> 0x00AF
[1449] [M]: 0x0000000080001690 (0x00AF1F13) slli t5, t5, 0xa
x30 <- 0x1040DFFBF8F9FC00

mem[X,0x0000000080001694] -> 0x0F13
mem[X,0x0000000080001696] -> 0x304F
[1450] [M]: 0x0000000080001694 (0x304F0F13) addi t5, t5, 0x304
x30 <- 0x1040DFFBF8F9FF04

mem[X,0x0000000080001698] -> 0x0EB7
mem[X,0x000000008000169A] -> 0x2003
[1451] [M]: 0x0000000080001698 (0x20030EB7) lui t4, 0x20030
x29 <- 0x0000000020030000

mem[X,0x000000008000169C] -> 0x8E93
mem[X,0x000000008000169E] -> 0x307E
[1452] [M]: 0x000000008000169C (0x307E8E93) addi t4, t4, 0x307
x29 <- 0x0000000020030307

mem[X,0x00000000800016A0] -> 0x9E93
mem[X,0x00000000800016A2] -> 0x00BE
[1453] [M]: 0x00000000800016A0 (0x00BE9E93) slli t4, t4, 0xb
x29 <- 0x0000010018183800

mem[X,0x00000000800016A4] -> 0x8E93
mem[X,0x00000000800016A6] -> 0x01FE
[1454] [M]: 0x00000000800016A4 (0x01FE8E93) addi t4, t4, 0x1f
x29 <- 0x000001001818381F

mem[X,0x00000000800016A8] -> 0x9E93
mem[X,0x00000000800016AA] -> 0x00BE
[1455] [M]: 0x00000000800016A8 (0x00BE9E93) slli t4, t4, 0xb
x29 <- 0x000800C0C1C0F800

mem[X,0x00000000800016AC] -> 0x8E93
mem[X,0x00000000800016AE] -> 0x3FDE
[1456] [M]: 0x00000000800016AC (0x3FDE8E93) addi t4, t4, 0x3fd
x29 <- 0x000800C0C1C0FBFD

mem[X,0x00000000800016B0] -> 0x9E93
mem[X,0x00000000800016B2] -> 0x00AE
[1457] [M]: 0x00000000800016B0 (0x00AE9E93) slli t4, t4, 0xa
x29 <- 0x2003030703EFF400

mem[X,0x00000000800016B4] -> 0x8E93
mem[X,0x00000000800016B6] -> 0x320E
[1458] [M]: 0x00000000800016B4 (0x320E8E93) addi t4, t4, 0x320
x29 <- 0x2003030703EFF720

mem[X,0x00000000800016B8] -> 0x0FBB
mem[X,0x00000000800016BA] -> 0xFDDF
[1459] [M]: 0x00000000800016B8 (0xFDDF0FBB) pasubu.b t6, t5, t4
x31 <- 0xF81E6E7A7A0504F2

mem[X,0x00000000800016BC] -> 0xBC23
mem[X,0x00000000800016BE] -> 0x15F0
[1460] [M]: 0x00000000800016BC (0x15F0BC23) sd t6, 0x158(ra)
mem[0x0000000080004360] <- 0xF81E6E7A7A0504F2

mem[X,0x00000000800016C0] -> 0xFF37
mem[X,0x00000000800016C2] -> 0x407F
[1461] [M]: 0x00000000800016C0 (0x407FFF37) lui t5, 0x407ff
x30 <- 0x00000000407FF000

mem[X,0x00000000800016C4] -> 0x0F13
mem[X,0x00000000800016C6] -> 0x620F
[1462] [M]: 0x00000000800016C4 (0x620F0F13) addi t5, t5, 0x620
x30 <- 0x00000000407FF620

mem[X,0x00000000800016C8] -> 0x1F13
mem[X,0x00000000800016CA] -> 0x00BF
[1463] [M]: 0x00000000800016C8 (0x00BF1F13) slli t5, t5, 0xb
x30 <- 0x00000203FFB10000

mem[X,0x00000000800016CC] -> 0x0F13
mem[X,0x00000000800016CE] -> 0x600F
[1464] [M]: 0x00000000800016CC (0x600F0F13) addi t5, t5, 0x600
x30 <- 0x00000203FFB10600

mem[X,0x00000000800016D0] -> 0x1F13
mem[X,0x00000000800016D2] -> 0x00BF
[1465] [M]: 0x00000000800016D0 (0x00BF1F13) slli t5, t5, 0xb
x30 <- 0x00101FFD88300000

mem[X,0x00000000800016D4] -> 0x0F13
mem[X,0x00000000800016D6] -> 0x07EF
[1466] [M]: 0x00000000800016D4 (0x07EF0F13) addi t5, t5, 0x7e
x30 <- 0x00101FFD8830007E

mem[X,0x00000000800016D8] -> 0x1F13
mem[X,0x00000000800016DA] -> 0x00AF
[1467] [M]: 0x00000000800016D8 (0x00AF1F13) slli t5, t5, 0xa
x30 <- 0x407FF620C001F800

mem[X,0x00000000800016DC] -> 0x0F13
mem[X,0x00000000800016DE] -> 0x309F
[1468] [M]: 0x00000000800016DC (0x309F0F13) addi t5, t5, 0x309
x30 <- 0x407FF620C001FB09

mem[X,0x00000000800016E0] -> 0x0EB7
mem[X,0x00000000800016E2] -> 0xFEFB
[1469] [M]: 0x00000000800016E0 (0xFEFB0EB7) lui t4, -0x1050
x29 <- 0xFFFFFFFFFEFB0000

mem[X,0x00000000800016E4] -> 0x8E93
mem[X,0x00000000800016E6] -> 0xBFBE
[1470] [M]: 0x00000000800016E4 (0xBFBE8E93) addi t4, t4, -0x405
x29 <- 0xFFFFFFFFFEFAFBFB

mem[X,0x00000000800016E8] -> 0x9E93
mem[X,0x00000000800016EA] -> 0x00BE
[1471] [M]: 0x00000000800016E8 (0x00BE9E93) slli t4, t4, 0xb
x29 <- 0xFFFFFFF7D7DFD800

mem[X,0x00000000800016EC] -> 0x8E93
mem[X,0x00000000800016EE] -> 0x7F7E
[1472] [M]: 0x00000000800016EC (0x7F7E8E93) addi t4, t4, 0x7f7
x29 <- 0xFFFFFFF7D7DFDFF7

mem[X,0x00000000800016F0] -> 0x9E93
mem[X,0x00000000800016F2] -> 0x00BE
[1473] [M]: 0x00000000800016F0 (0x00BE9E93) slli t4, t4, 0xb
x29 <- 0xFFFFBEBEFEFFB800

mem[X,0x00000000800016F4] -> 0x8E93
mem[X,0x00000000800016F6] -> 0x780E
[1474] [M]: 0x00000000800016F4 (0x780E8E93) addi t4, t4, 0x780
x29 <- 0xFFFFBEBEFEFFBF80

mem[X,0x00000000800016F8] -> 0x9E93
mem[X,0x00000000800016FA] -> 0x00AE
[1475] [M]: 0x00000000800016F8 (0x00AE9E93) slli t4, t4, 0xa
x29 <- 0xFEFAFBFBFEFE0000

mem[X,0x00000000800016FC] -> 0x8E93
mem[X,0x00000000800016FE] -> 0x3AAE
[1476] [M]: 0x00000000800016FC (0x3AAE8E93) addi t4, t4, 0x3aa
x29 <- 0xFEFAFBFBFEFE03AA

mem[X,0x0000000080001700] -> 0x0FBB
mem[X,0x0000000080001702] -> 0xFDDF
[1477] [M]: 0x0000000080001700 (0xFDDF0FBB) pasubu.b t6, t5, t4
x31 <- 0xA1C2FD92E1817CAF

mem[X,0x0000000080001704] -> 0xB023
mem[X,0x0000000080001706] -> 0x17F0
[1478] [M]: 0x0000000080001704 (0x17F0B023) sd t6, 0x160(ra)
mem[0x0000000080004368] <- 0xA1C2FD92E1817CAF

mem[X,0x0000000080001708] -> 0x0F37
mem[X,0x000000008000170A] -> 0xEF05
[1479] [M]: 0x0000000080001708 (0xEF050F37) lui t5, -0x10fb0
x30 <- 0xFFFFFFFFEF050000

mem[X,0x000000008000170C] -> 0x0F13
mem[X,0x000000008000170E] -> 0x706F
[1480] [M]: 0x000000008000170C (0x706F0F13) addi t5, t5, 0x706
x30 <- 0xFFFFFFFFEF050706

mem[X,0x0000000080001710] -> 0x1F13
mem[X,0x0000000080001712] -> 0x00BF
[1481] [M]: 0x0000000080001710 (0x00BF1F13) slli t5, t5, 0xb
x30 <- 0xFFFFFF7828383000

mem[X,0x0000000080001714] -> 0x0F13
mem[X,0x0000000080001716] -> 0x7D8F
[1482] [M]: 0x0000000080001714 (0x7D8F0F13) addi t5, t5, 0x7d8
x30 <- 0xFFFFFF78283837D8

mem[X,0x0000000080001718] -> 0x1F13
mem[X,0x000000008000171A] -> 0x00BF
[1483] [M]: 0x0000000080001718 (0x00BF1F13) slli t5, t5, 0xb
x30 <- 0xFFFBC141C1BEC000

mem[X,0x000000008000171C] -> 0x0F13
mem[X,0x000000008000171E] -> 0x400F
[1484] [M]: 0x000000008000171C (0x400F0F13) addi t5, t5, 0x400
x30 <- 0xFFFBC141C1BEC400

mem[X,0x0000000080001720] -> 0x1F13
mem[X,0x0000000080001722] -> 0x00AF
[1485] [M]: 0x0000000080001720 (0x00AF1F13) slli t5, t5, 0xa
x30 <- 0xEF050706FB100000

mem[X,0x0000000080001724] -> 0x0F13
mem[X,0x0000000080001726] -> 0x203F
[1486] [M]: 0x0000000080001724 (0x203F0F13) addi t5, t5, 0x203
x30 <- 0xEF050706FB100203

mem[X,0x0000000080001728] -> 0x0EB7
mem[X,0x000000008000172A] -> 0xFD08
[1487] [M]: 0x0000000080001728 (0xFD080EB7) lui t4, -0x2f80
x29 <- 0xFFFFFFFFFD080000

mem[X,0x000000008000172C] -> 0x8E93
mem[X,0x000000008000172E] -> 0xE10E
[1488] [M]: 0x000000008000172C (0xE10E8E93) addi t4, t4, -0x1f0
x29 <- 0xFFFFFFFFFD07FE10

mem[X,0x0000000080001730] -> 0x9E93
mem[X,0x0000000080001732] -> 0x00BE
[1489] [M]: 0x0000000080001730 (0x00BE9E93) slli t4, t4, 0xb
x29 <- 0xFFFFFFE83FF08000

mem[X,0x0000000080001734] -> 0x8E93
mem[X,0x0000000080001736] -> 0x5FFE
[1490] [M]: 0x0000000080001734 (0x5FFE8E93) addi t4, t4, 0x5ff
x29 <- 0xFFFFFFE83FF085FF

mem[X,0x0000000080001738] -> 0x9E93
mem[X,0x000000008000173A] -> 0x00BE
[1491] [M]: 0x0000000080001738 (0x00BE9E93) slli t4, t4, 0xb
x29 <- 0xFFFF41FF842FF800

mem[X,0x000000008000173C] -> 0x8E93
mem[X,0x000000008000173E] -> 0x5C1E
[1492] [M]: 0x000000008000173C (0x5C1E8E93) addi t4, t4, 0x5c1
x29 <- 0xFFFF41FF842FFDC1

mem[X,0x0000000080001740] -> 0x9E93
mem[X,0x0000000080001742] -> 0x00AE
[1493] [M]: 0x0000000080001740 (0x00AE9E93) slli t4, t4, 0xa
x29 <- 0xFD07FE10BFF70400

mem[X,0x0000000080001744] -> 0x8E93
mem[X,0x0000000080001746] -> 0x202E
[1494] [M]: 0x0000000080001744 (0x202E8E93) addi t4, t4, 0x202
x29 <- 0xFD07FE10BFF70602

mem[X,0x0000000080001748] -> 0x0FBB
mem[X,0x000000008000174A] -> 0xFDDF
[1495] [M]: 0x0000000080001748 (0xFDDF0FBB) pasubu.b t6, t5, t4
x31 <- 0xF9FF84FB1E8CFE00

mem[X,0x000000008000174C] -> 0xB423
mem[X,0x000000008000174E] -> 0x17F0
[1496] [M]: 0x000000008000174C (0x17F0B423) sd t6, 0x168(ra)
mem[0x0000000080004370] <- 0xF9FF84FB1E8CFE00

mem[X,0x0000000080001750] -> 0x0F37
mem[X,0x0000000080001752] -> 0x0603
[1497] [M]: 0x0000000080001750 (0x06030F37) lui t5, 0x6030
x30 <- 0x0000000006030000

mem[X,0x0000000080001754] -> 0x0F13
mem[X,0x0000000080001756] -> 0xC01F
[1498] [M]: 0x0000000080001754 (0xC01F0F13) addi t5, t5, -0x3ff
x30 <- 0x000000000602FC01

mem[X,0x0000000080001758] -> 0x1F13
mem[X,0x000000008000175A] -> 0x00BF
[1499] [M]: 0x0000000080001758 (0x00BF1F13) slli t5, t5, 0xb
x30 <- 0x0000003017E00800

clint::tick mtime <- 0x000000000000000F
 clint timer pending at mtime 0x000000000000000F
htif::tick 0x0000000000000000
mem[X,0x000000008000175C] -> 0x0F13
mem[X,0x000000008000175E] -> 0x00EF
[1500] [M]: 0x000000008000175C (0x00EF0F13) addi t5, t5, 0xe
x30 <- 0x0000003017E0080E

mem[X,0x0000000080001760] -> 0x1F13
mem[X,0x0000000080001762] -> 0x00BF
[1501] [M]: 0x0000000080001760 (0x00BF1F13) slli t5, t5, 0xb
x30 <- 0x000180BF00407000

mem[X,0x0000000080001764] -> 0x0F13
mem[X,0x0000000080001766] -> 0x7EFF
[1502] [M]: 0x0000000080001764 (0x7EFF0F13) addi t5, t5, 0x7ef
x30 <- 0x000180BF004077EF

mem[X,0x0000000080001768] -> 0x1F13
mem[X,0x000000008000176A] -> 0x00AF
[1503] [M]: 0x0000000080001768 (0x00AF1F13) slli t5, t5, 0xa
x30 <- 0x0602FC0101DFBC00

mem[X,0x000000008000176C] -> 0x0F13
mem[X,0x000000008000176E] -> 0x306F
[1504] [M]: 0x000000008000176C (0x306F0F13) addi t5, t5, 0x306
x30 <- 0x0602FC0101DFBF06

mem[X,0x0000000080001770] -> 0x1EB7
mem[X,0x0000000080001772] -> 0xFFFC
[1505] [M]: 0x0000000080001770 (0xFFFC1EB7) lui t4, -0x3f
x29 <- 0xFFFFFFFFFFFC1000

mem[X,0x0000000080001774] -> 0x8E93
mem[X,0x0000000080001776] -> 0x009E
[1506] [M]: 0x0000000080001774 (0x009E8E93) addi t4, t4, 0x9
x29 <- 0xFFFFFFFFFFFC1009

mem[X,0x0000000080001778] -> 0x9E93
mem[X,0x000000008000177A] -> 0x00BE
[1507] [M]: 0x0000000080001778 (0x00BE9E93) slli t4, t4, 0xb
x29 <- 0xFFFFFFFFE0804800

mem[X,0x000000008000177C] -> 0x8E93
mem[X,0x000000008000177E] -> 0x017E
[1508] [M]: 0x000000008000177C (0x017E8E93) addi t4, t4, 0x17
x29 <- 0xFFFFFFFFE0804817

mem[X,0x0000000080001780] -> 0x9E93
mem[X,0x0000000080001782] -> 0x00BE
[1509] [M]: 0x0000000080001780 (0x00BE9E93) slli t4, t4, 0xb
x29 <- 0xFFFFFF040240B800

mem[X,0x0000000080001784] -> 0x8E93
mem[X,0x0000000080001786] -> 0x608E
[1510] [M]: 0x0000000080001784 (0x608E8E93) addi t4, t4, 0x608
x29 <- 0xFFFFFF040240BE08

mem[X,0x0000000080001788] -> 0x9E93
mem[X,0x000000008000178A] -> 0x00AE
[1511] [M]: 0x0000000080001788 (0x00AE9E93) slli t4, t4, 0xa
x29 <- 0xFFFC100902F82000

mem[X,0x000000008000178C] -> 0x8E93
mem[X,0x000000008000178E] -> 0x0AAE
[1512] [M]: 0x000000008000178C (0x0AAE8E93) addi t4, t4, 0xaa
x29 <- 0xFFFC100902F820AA

mem[X,0x0000000080001790] -> 0x0FBB
mem[X,0x0000000080001792] -> 0xFDDF
[1513] [M]: 0x0000000080001790 (0xFDDF0FBB) pasubu.b t6, t5, t4
x31 <- 0x838376FCFFF34FAE

mem[X,0x0000000080001794] -> 0xB823
mem[X,0x0000000080001796] -> 0x17F0
[1514] [M]: 0x0000000080001794 (0x17F0B823) sd t6, 0x170(ra)
mem[0x0000000080004378] <- 0x838376FCFFF34FAE

mem[X,0x0000000080001798] -> 0x0F37
mem[X,0x000000008000179A] -> 0x04F0
[1515] [M]: 0x0000000080001798 (0x04F00F37) lui t5, 0x4f00
x30 <- 0x0000000004F00000

mem[X,0x000000008000179C] -> 0x0F13
mem[X,0x000000008000179E] -> 0xF01F
[1516] [M]: 0x000000008000179C (0xF01F0F13) addi t5, t5, -0xff
x30 <- 0x0000000004EFFF01

mem[X,0x00000000800017A0] -> 0x1F13
mem[X,0x00000000800017A2] -> 0x00BF
[1517] [M]: 0x00000000800017A0 (0x00BF1F13) slli t5, t5, 0xb
x30 <- 0x000000277FF80800

mem[X,0x00000000800017A4] -> 0x0F13
mem[X,0x00000000800017A6] -> 0x557F
[1518] [M]: 0x00000000800017A4 (0x557F0F13) addi t5, t5, 0x557
x30 <- 0x000000277FF80D57

mem[X,0x00000000800017A8] -> 0x1F13
mem[X,0x00000000800017AA] -> 0x00BF
[1519] [M]: 0x00000000800017A8 (0x00BF1F13) slli t5, t5, 0xb
x30 <- 0x00013BFFC06AB800

mem[X,0x00000000800017AC] -> 0x0F13
mem[X,0x00000000800017AE] -> 0x63FF
[1520] [M]: 0x00000000800017AC (0x63FF0F13) addi t5, t5, 0x63f
x30 <- 0x00013BFFC06ABE3F

mem[X,0x00000000800017B0] -> 0x1F13
mem[X,0x00000000800017B2] -> 0x00AF
[1521] [M]: 0x00000000800017B0 (0x00AF1F13) slli t5, t5, 0xa
x30 <- 0x04EFFF01AAF8FC00

mem[X,0x00000000800017B4] -> 0x0F13
mem[X,0x00000000800017B6] -> 0x2EFF
[1522] [M]: 0x00000000800017B4 (0x2EFF0F13) addi t5, t5, 0x2ef
x30 <- 0x04EFFF01AAF8FEEF

mem[X,0x00000000800017B8] -> 0x1EB7
mem[X,0x00000000800017BA] -> 0xFB06
[1523] [M]: 0x00000000800017B8 (0xFB061EB7) lui t4, -0x4f9f
x29 <- 0xFFFFFFFFFB061000

mem[X,0x00000000800017BC] -> 0x8E93
mem[X,0x00000000800017BE] -> 0x909E
[1524] [M]: 0x00000000800017BC (0x909E8E93) addi t4, t4, -0x6f7
x29 <- 0xFFFFFFFFFB060909

mem[X,0x00000000800017C0] -> 0x9E93
mem[X,0x00000000800017C2] -> 0x00BE
[1525] [M]: 0x00000000800017C0 (0x00BE9E93) slli t4, t4, 0xb
x29 <- 0xFFFFFFD830484800

mem[X,0x00000000800017C4] -> 0x8E93
mem[X,0x00000000800017C6] -> 0x105E
[1526] [M]: 0x00000000800017C4 (0x105E8E93) addi t4, t4, 0x105
x29 <- 0xFFFFFFD830484905

mem[X,0x00000000800017C8] -> 0x9E93
mem[X,0x00000000800017CA] -> 0x00BE
[1527] [M]: 0x00000000800017C8 (0x00BE9E93) slli t4, t4, 0xb
x29 <- 0xFFFEC18242482800

mem[X,0x00000000800017CC] -> 0x8E93
mem[X,0x00000000800017CE] -> 0x280E
[1528] [M]: 0x00000000800017CC (0x280E8E93) addi t4, t4, 0x280
x29 <- 0xFFFEC18242482A80

mem[X,0x00000000800017D0] -> 0x9E93
mem[X,0x00000000800017D2] -> 0x00AE
[1529] [M]: 0x00000000800017D0 (0x00AE9E93) slli t4, t4, 0xa
x29 <- 0xFB06090920AA0000

mem[X,0x00000000800017D4] -> 0x8E93
mem[X,0x00000000800017D6] -> 0x3FEE
[1530] [M]: 0x00000000800017D4 (0x3FEE8E93) addi t4, t4, 0x3fe
x29 <- 0xFB06090920AA03FE

mem[X,0x00000000800017D8] -> 0x0FBB
mem[X,0x00000000800017DA] -> 0xFDDF
[1531] [M]: 0x00000000800017D8 (0xFDDF0FBB) pasubu.b t6, t5, t4
x31 <- 0x84747BFC45277DF8

mem[X,0x00000000800017DC] -> 0xBC23
mem[X,0x00000000800017DE] -> 0x17F0
[1532] [M]: 0x00000000800017DC (0x17F0BC23) sd t6, 0x178(ra)
mem[0x0000000080004380] <- 0x84747BFC45277DF8

mem[X,0x00000000800017E0] -> 0xFF37
mem[X,0x00000000800017E2] -> 0xFB03
[1533] [M]: 0x00000000800017E0 (0xFB03FF37) lui t5, -0x4fc1
x30 <- 0xFFFFFFFFFB03F000

mem[X,0x00000000800017E4] -> 0x0F13
mem[X,0x00000000800017E6] -> 0xFFDF
[1534] [M]: 0x00000000800017E4 (0xFFDF0F13) addi t5, t5, -0x3
x30 <- 0xFFFFFFFFFB03EFFD

mem[X,0x00000000800017E8] -> 0x1F13
mem[X,0x00000000800017EA] -> 0x00BF
[1535] [M]: 0x00000000800017E8 (0x00BF1F13) slli t5, t5, 0xb
x30 <- 0xFFFFFFD81F7FE800

mem[X,0x00000000800017EC] -> 0x0F13
mem[X,0x00000000800017EE] -> 0x6F8F
[1536] [M]: 0x00000000800017EC (0x6F8F0F13) addi t5, t5, 0x6f8
x30 <- 0xFFFFFFD81F7FEEF8

mem[X,0x00000000800017F0] -> 0x1F13
mem[X,0x00000000800017F2] -> 0x00BF
[1537] [M]: 0x00000000800017F0 (0x00BF1F13) slli t5, t5, 0xb
x30 <- 0xFFFEC0FBFF77C000

mem[X,0x00000000800017F4] -> 0x0F13
mem[X,0x00000000800017F6] -> 0x03DF
[1538] [M]: 0x00000000800017F4 (0x03DF0F13) addi t5, t5, 0x3d
x30 <- 0xFFFEC0FBFF77C03D

mem[X,0x00000000800017F8] -> 0x1F13
mem[X,0x00000000800017FA] -> 0x00AF
[1539] [M]: 0x00000000800017F8 (0x00AF1F13) slli t5, t5, 0xa
x30 <- 0xFB03EFFDDF00F400

mem[X,0x00000000800017FC] -> 0x0F13
mem[X,0x00000000800017FE] -> 0x2F6F
[1540] [M]: 0x00000000800017FC (0x2F6F0F13) addi t5, t5, 0x2f6
x30 <- 0xFB03EFFDDF00F6F6

mem[X,0x0000000080001800] -> 0x0EB7
mem[X,0x0000000080001802] -> 0xFE01
[1541] [M]: 0x0000000080001800 (0xFE010EB7) lui t4, -0x1ff0
x29 <- 0xFFFFFFFFFE010000

mem[X,0x0000000080001804] -> 0x8E93
mem[X,0x0000000080001806] -> 0x908E
[1542] [M]: 0x0000000080001804 (0x908E8E93) addi t4, t4, -0x6f8
x29 <- 0xFFFFFFFFFE00F908

mem[X,0x0000000080001808] -> 0x9E93
mem[X,0x000000008000180A] -> 0x00BE
[1543] [M]: 0x0000000080001808 (0x00BE9E93) slli t4, t4, 0xb
x29 <- 0xFFFFFFF007C84000

mem[X,0x000000008000180C] -> 0x8E93
mem[X,0x000000008000180E] -> 0x100E
[1544] [M]: 0x000000008000180C (0x100E8E93) addi t4, t4, 0x100
x29 <- 0xFFFFFFF007C84100

mem[X,0x0000000080001810] -> 0x9E93
mem[X,0x0000000080001812] -> 0x00BE
[1545] [M]: 0x0000000080001810 (0x00BE9E93) slli t4, t4, 0xb
x29 <- 0xFFFF803E42080000

mem[X,0x0000000080001814] -> 0x8E93
mem[X,0x0000000080001816] -> 0x001E
[1546] [M]: 0x0000000080001814 (0x001E8E93) addi t4, t4, 0x1
x29 <- 0xFFFF803E42080001

mem[X,0x0000000080001818] -> 0x9E93
mem[X,0x000000008000181A] -> 0x00AE
[1547] [M]: 0x0000000080001818 (0x00AE9E93) slli t4, t4, 0xa
x29 <- 0xFE00F90820000400

mem[X,0x000000008000181C] -> 0x8E93
mem[X,0x000000008000181E] -> 0x1FDE
[1548] [M]: 0x000000008000181C (0x1FDE8E93) addi t4, t4, 0x1fd
x29 <- 0xFE00F908200005FD

mem[X,0x0000000080001820] -> 0x0FBB
mem[X,0x0000000080001822] -> 0xFDDF
[1549] [M]: 0x0000000080001820 (0xFDDF0FBB) pasubu.b t6, t5, t4
x31 <- 0xFE01FB7A5F0078FC

mem[X,0x0000000080001824] -> 0xB023
mem[X,0x0000000080001826] -> 0x19F0
[1550] [M]: 0x0000000080001824 (0x19F0B023) sd t6, 0x180(ra)
mem[0x0000000080004388] <- 0xFE01FB7A5F0078FC

mem[X,0x0000000080001828] -> 0x0F37
mem[X,0x000000008000182A] -> 0xF704
[1551] [M]: 0x0000000080001828 (0xF7040F37) lui t5, -0x8fc0
x30 <- 0xFFFFFFFFF7040000

mem[X,0x000000008000182C] -> 0x0F13
mem[X,0x000000008000182E] -> 0x405F
[1552] [M]: 0x000000008000182C (0x405F0F13) addi t5, t5, 0x405
x30 <- 0xFFFFFFFFF7040405

mem[X,0x0000000080001830] -> 0x1F13
mem[X,0x0000000080001832] -> 0x00BF
[1553] [M]: 0x0000000080001830 (0x00BF1F13) slli t5, t5, 0xb
x30 <- 0xFFFFFFB820202800

mem[X,0x0000000080001834] -> 0x0F13
mem[X,0x0000000080001836] -> 0x018F
[1554] [M]: 0x0000000080001834 (0x018F0F13) addi t5, t5, 0x18
x30 <- 0xFFFFFFB820202818

mem[X,0x0000000080001838] -> 0x1F13
mem[X,0x000000008000183A] -> 0x00BF
[1555] [M]: 0x0000000080001838 (0x00BF1F13) slli t5, t5, 0xb
x30 <- 0xFFFDC1010140C000

mem[X,0x000000008000183C] -> 0x0F13
mem[X,0x000000008000183E] -> 0x001F
[1556] [M]: 0x000000008000183C (0x001F0F13) addi t5, t5, 0x1
x30 <- 0xFFFDC1010140C001

mem[X,0x0000000080001840] -> 0x1F13
mem[X,0x0000000080001842] -> 0x00AF
[1557] [M]: 0x0000000080001840 (0x00AF1F13) slli t5, t5, 0xa
x30 <- 0xF704040503000400

mem[X,0x0000000080001844] -> 0x0F13
mem[X,0x0000000080001846] -> 0x0EFF
[1558] [M]: 0x0000000080001844 (0x0EFF0F13) addi t5, t5, 0xef
x30 <- 0xF7040405030004EF

mem[X,0x0000000080001848] -> 0x2EB7
mem[X,0x000000008000184A] -> 0x01BF
[1559] [M]: 0x0000000080001848 (0x01BF2EB7) lui t4, 0x1bf2
x29 <- 0x0000000001BF2000

mem[X,0x000000008000184C] -> 0x8E93
mem[X,0x000000008000184E] -> 0x0DFE
[1560] [M]: 0x000000008000184C (0x0DFE8E93) addi t4, t4, 0xdf
x29 <- 0x0000000001BF20DF

mem[X,0x0000000080001850] -> 0x9E93
mem[X,0x0000000080001852] -> 0x00BE
[1561] [M]: 0x0000000080001850 (0x00BE9E93) slli t4, t4, 0xb
x29 <- 0x0000000DF906F800

mem[X,0x0000000080001854] -> 0x8E93
mem[X,0x0000000080001856] -> 0x5FFE
[1562] [M]: 0x0000000080001854 (0x5FFE8E93) addi t4, t4, 0x5ff
x29 <- 0x0000000DF906FDFF

mem[X,0x0000000080001858] -> 0x9E93
mem[X,0x000000008000185A] -> 0x00BE
[1563] [M]: 0x0000000080001858 (0x00BE9E93) slli t4, t4, 0xb
x29 <- 0x00006FC837EFF800

mem[X,0x000000008000185C] -> 0x8E93
mem[X,0x000000008000185E] -> 0x62AE
[1564] [M]: 0x000000008000185C (0x62AE8E93) addi t4, t4, 0x62a
x29 <- 0x00006FC837EFFE2A

mem[X,0x0000000080001860] -> 0x9E93
mem[X,0x0000000080001862] -> 0x00AE
[1565] [M]: 0x0000000080001860 (0x00AE9E93) slli t4, t4, 0xa
x29 <- 0x01BF20DFBFF8A800

mem[X,0x0000000080001864] -> 0x8E93
mem[X,0x0000000080001866] -> 0x23FE
[1566] [M]: 0x0000000080001864 (0x23FE8E93) addi t4, t4, 0x23f
x29 <- 0x01BF20DFBFF8AA3F

mem[X,0x0000000080001868] -> 0x0FBB
mem[X,0x000000008000186A] -> 0xFDDF
[1567] [M]: 0x0000000080001868 (0xFDDF0FBB) pasubu.b t6, t5, t4
x31 <- 0x7BA2F293A284AD58

mem[X,0x000000008000186C] -> 0xB423
mem[X,0x000000008000186E] -> 0x19F0
[1568] [M]: 0x000000008000186C (0x19F0B423) sd t6, 0x188(ra)
mem[0x0000000080004390] <- 0x7BA2F293A284AD58

mem[X,0x0000000080001870] -> 0x2F37
mem[X,0x0000000080001872] -> 0xF700
[1569] [M]: 0x0000000080001870 (0xF7002F37) lui t5, -0x8ffe
x30 <- 0xFFFFFFFFF7002000

mem[X,0x0000000080001874] -> 0x0F13
mem[X,0x0000000080001876] -> 0x001F
[1570] [M]: 0x0000000080001874 (0x001F0F13) addi t5, t5, 0x1
x30 <- 0xFFFFFFFFF7002001

mem[X,0x0000000080001878] -> 0x1F13
mem[X,0x000000008000187A] -> 0x00BF
[1571] [M]: 0x0000000080001878 (0x00BF1F13) slli t5, t5, 0xb
x30 <- 0xFFFFFFB801000800

mem[X,0x000000008000187C] -> 0x0F13
mem[X,0x000000008000187E] -> 0x02EF
[1572] [M]: 0x000000008000187C (0x02EF0F13) addi t5, t5, 0x2e
x30 <- 0xFFFFFFB80100082E

mem[X,0x0000000080001880] -> 0x1F13
mem[X,0x0000000080001882] -> 0x00BF
[1573] [M]: 0x0000000080001880 (0x00BF1F13) slli t5, t5, 0xb
x30 <- 0xFFFDC00800417000

mem[X,0x0000000080001884] -> 0x0F13
mem[X,0x0000000080001886] -> 0x7E0F
[1574] [M]: 0x0000000080001884 (0x7E0F0F13) addi t5, t5, 0x7e0
x30 <- 0xFFFDC008004177E0

mem[X,0x0000000080001888] -> 0x1F13
mem[X,0x000000008000188A] -> 0x00AF
[1575] [M]: 0x0000000080001888 (0x00AF1F13) slli t5, t5, 0xa
x30 <- 0xF700200105DF8000

mem[X,0x000000008000188C] -> 0x0F13
mem[X,0x000000008000188E] -> 0x040F
[1576] [M]: 0x000000008000188C (0x040F0F13) addi t5, t5, 0x40
x30 <- 0xF700200105DF8040

mem[X,0x0000000080001890] -> 0x1EB7
mem[X,0x0000000080001892] -> 0xFAF9
[1577] [M]: 0x0000000080001890 (0xFAF91EB7) lui t4, -0x506f
x29 <- 0xFFFFFFFFFAF91000

mem[X,0x0000000080001894] -> 0x8E93
mem[X,0x0000000080001896] -> 0x0FFE
[1578] [M]: 0x0000000080001894 (0x0FFE8E93) addi t4, t4, 0xff
x29 <- 0xFFFFFFFFFAF910FF

mem[X,0x0000000080001898] -> 0x9E93
mem[X,0x000000008000189A] -> 0x00BE
[1579] [M]: 0x0000000080001898 (0x00BE9E93) slli t4, t4, 0xb
x29 <- 0xFFFFFFD7C887F800

mem[X,0x000000008000189C] -> 0x8E93
mem[X,0x000000008000189E] -> 0x7D7E
[1580] [M]: 0x000000008000189C (0x7D7E8E93) addi t4, t4, 0x7d7
x29 <- 0xFFFFFFD7C887FFD7

mem[X,0x00000000800018A0] -> 0x9E93
mem[X,0x00000000800018A2] -> 0x00BE
[1581] [M]: 0x00000000800018A0 (0x00BE9E93) slli t4, t4, 0xb
x29 <- 0xFFFEBE443FFEB800

mem[X,0x00000000800018A4] -> 0x8E93
mem[X,0x00000000800018A6] -> 0x73FE
[1582] [M]: 0x00000000800018A4 (0x73FE8E93) addi t4, t4, 0x73f
x29 <- 0xFFFEBE443FFEBF3F

mem[X,0x00000000800018A8] -> 0x9E93
mem[X,0x00000000800018AA] -> 0x00AE
[1583] [M]: 0x00000000800018A8 (0x00AE9E93) slli t4, t4, 0xa
x29 <- 0xFAF910FFFAFCFC00

mem[X,0x00000000800018AC] -> 0x8E93
mem[X,0x00000000800018AE] -> 0x207E
[1584] [M]: 0x00000000800018AC (0x207E8E93) addi t4, t4, 0x207
x29 <- 0xFAF910FFFAFCFE07

mem[X,0x00000000800018B0] -> 0x0FBB
mem[X,0x00000000800018B2] -> 0xFDDF
[1585] [M]: 0x00000000800018B0 (0xFDDF0FBB) pasubu.b t6, t5, t4
x31 <- 0xFE83088185F1C11C

mem[X,0x00000000800018B4] -> 0xB823
mem[X,0x00000000800018B6] -> 0x19F0
[1586] [M]: 0x00000000800018B4 (0x19F0B823) sd t6, 0x190(ra)
mem[0x0000000080004398] <- 0xFE83088185F1C11C

mem[X,0x00000000800018B8] -> 0x0F37
mem[X,0x00000000800018BA] -> 0xFDFA
[1587] [M]: 0x00000000800018B8 (0xFDFA0F37) lui t5, -0x2060
x30 <- 0xFFFFFFFFFDFA0000

mem[X,0x00000000800018BC] -> 0x0F13
mem[X,0x00000000800018BE] -> 0x0DFF
[1588] [M]: 0x00000000800018BC (0x0DFF0F13) addi t5, t5, 0xdf
x30 <- 0xFFFFFFFFFDFA00DF

mem[X,0x00000000800018C0] -> 0x1F13
mem[X,0x00000000800018C2] -> 0x00BF
[1589] [M]: 0x00000000800018C0 (0x00BF1F13) slli t5, t5, 0xb
x30 <- 0xFFFFFFEFD006F800

mem[X,0x00000000800018C4] -> 0x0F13
mem[X,0x00000000800018C6] -> 0x1FCF
[1590] [M]: 0x00000000800018C4 (0x1FCF0F13) addi t5, t5, 0x1fc
x30 <- 0xFFFFFFEFD006F9FC

mem[X,0x00000000800018C8] -> 0x1F13
mem[X,0x00000000800018CA] -> 0x00BF
[1591] [M]: 0x00000000800018C8 (0x00BF1F13) slli t5, t5, 0xb
x30 <- 0xFFFF7E8037CFE000

mem[X,0x00000000800018CC] -> 0x0F13
mem[X,0x00000000800018CE] -> 0x015F
[1592] [M]: 0x00000000800018CC (0x015F0F13) addi t5, t5, 0x15
x30 <- 0xFFFF7E8037CFE015

mem[X,0x00000000800018D0] -> 0x1F13
mem[X,0x00000000800018D2] -> 0x00AF
[1593] [M]: 0x00000000800018D0 (0x00AF1F13) slli t5, t5, 0xa
x30 <- 0xFDFA00DF3F805400

mem[X,0x00000000800018D4] -> 0x0F13
mem[X,0x00000000800018D6] -> 0x100F
[1594] [M]: 0x00000000800018D4 (0x100F0F13) addi t5, t5, 0x100
x30 <- 0xFDFA00DF3F805500

mem[X,0x00000000800018D8] -> 0xEEB7
mem[X,0x00000000800018DA] -> 0x7FF9
[1595] [M]: 0x00000000800018D8 (0x7FF9EEB7) lui t4, 0x7ff9e
x29 <- 0x000000007FF9E000

mem[X,0x00000000800018DC] -> 0x8E93
mem[X,0x00000000800018DE] -> 0xF80E
[1596] [M]: 0x00000000800018DC (0xF80E8E93) addi t4, t4, -0x80
x29 <- 0x000000007FF9DF80

mem[X,0x00000000800018E0] -> 0x9E93
mem[X,0x00000000800018E2] -> 0x00BE
[1597] [M]: 0x00000000800018E0 (0x00BE9E93) slli t4, t4, 0xb
x29 <- 0x000003FFCEFC0000

mem[X,0x00000000800018E4] -> 0x8E93
mem[X,0x00000000800018E6] -> 0x085E
[1598] [M]: 0x00000000800018E4 (0x085E8E93) addi t4, t4, 0x85
x29 <- 0x000003FFCEFC0085

mem[X,0x00000000800018E8] -> 0x9E93
mem[X,0x00000000800018EA] -> 0x00BE
[1599] [M]: 0x00000000800018E8 (0x00BE9E93) slli t4, t4, 0xb
x29 <- 0x001FFE77E0042800

clint::tick mtime <- 0x0000000000000010
 clint timer pending at mtime 0x0000000000000010
htif::tick 0x0000000000000000
mem[X,0x00000000800018EC] -> 0x8E93
mem[X,0x00000000800018EE] -> 0x7CFE
[1600] [M]: 0x00000000800018EC (0x7CFE8E93) addi t4, t4, 0x7cf
x29 <- 0x001FFE77E0042FCF

mem[X,0x00000000800018F0] -> 0x9E93
mem[X,0x00000000800018F2] -> 0x00AE
[1601] [M]: 0x00000000800018F0 (0x00AE9E93) slli t4, t4, 0xa
x29 <- 0x7FF9DF8010BF3C00

mem[X,0x00000000800018F4] -> 0x8E93
mem[X,0x00000000800018F6] -> 0x307E
[1602] [M]: 0x00000000800018F4 (0x307E8E93) addi t4, t4, 0x307
x29 <- 0x7FF9DF8010BF3F07

mem[X,0x00000000800018F8] -> 0x0FBB
mem[X,0x00000000800018FA] -> 0xFDDF
[1603] [M]: 0x00000000800018F8 (0xFDDF0FBB) pasubu.b t6, t5, t4
x31 <- 0x3F00902F17E00BFC

mem[X,0x00000000800018FC] -> 0xBC23
mem[X,0x00000000800018FE] -> 0x19F0
[1604] [M]: 0x00000000800018FC (0x19F0BC23) sd t6, 0x198(ra)
mem[0x00000000800043A0] <- 0x3F00902F17E00BFC

mem[X,0x0000000080001900] -> 0x0F37
mem[X,0x0000000080001902] -> 0xFC10
[1605] [M]: 0x0000000080001900 (0xFC100F37) lui t5, -0x3f00
x30 <- 0xFFFFFFFFFC100000

mem[X,0x0000000080001904] -> 0x0F13
mem[X,0x0000000080001906] -> 0x201F
[1606] [M]: 0x0000000080001904 (0x201F0F13) addi t5, t5, 0x201
x30 <- 0xFFFFFFFFFC100201

mem[X,0x0000000080001908] -> 0x1F13
mem[X,0x000000008000190A] -> 0x00BF
[1607] [M]: 0x0000000080001908 (0x00BF1F13) slli t5, t5, 0xb
x30 <- 0xFFFFFFE080100800

mem[X,0x000000008000190C] -> 0x0F13
mem[X,0x000000008000190E] -> 0x02FF
[1608] [M]: 0x000000008000190C (0x02FF0F13) addi t5, t5, 0x2f
x30 <- 0xFFFFFFE08010082F

mem[X,0x0000000080001910] -> 0x1F13
mem[X,0x0000000080001912] -> 0x00BF
[1609] [M]: 0x0000000080001910 (0x00BF1F13) slli t5, t5, 0xb
x30 <- 0xFFFF040080417800

mem[X,0x0000000080001914] -> 0x0F13
mem[X,0x0000000080001916] -> 0x615F
[1610] [M]: 0x0000000080001914 (0x615F0F13) addi t5, t5, 0x615
x30 <- 0xFFFF040080417E15

mem[X,0x0000000080001918] -> 0x1F13
mem[X,0x000000008000191A] -> 0x00AF
[1611] [M]: 0x0000000080001918 (0x00AF1F13) slli t5, t5, 0xa
x30 <- 0xFC10020105F85400

mem[X,0x000000008000191C] -> 0x0F13
mem[X,0x000000008000191E] -> 0x17FF
[1612] [M]: 0x000000008000191C (0x17FF0F13) addi t5, t5, 0x17f
x30 <- 0xFC10020105F8557F

mem[X,0x0000000080001920] -> 0xCEB7
mem[X,0x0000000080001922] -> 0xC004
[1613] [M]: 0x0000000080001920 (0xC004CEB7) lui t4, -0x3ffb4
x29 <- 0xFFFFFFFFC004C000

mem[X,0x0000000080001924] -> 0x8E93
mem[X,0x0000000080001926] -> 0x0BFE
[1614] [M]: 0x0000000080001924 (0x0BFE8E93) addi t4, t4, 0xbf
x29 <- 0xFFFFFFFFC004C0BF

mem[X,0x0000000080001928] -> 0x9E93
mem[X,0x000000008000192A] -> 0x00BE
[1615] [M]: 0x0000000080001928 (0x00BE9E93) slli t4, t4, 0xb
x29 <- 0xFFFFFE002605F800

mem[X,0x000000008000192C] -> 0x8E93
mem[X,0x000000008000192E] -> 0x081E
[1616] [M]: 0x000000008000192C (0x081E8E93) addi t4, t4, 0x81
x29 <- 0xFFFFFE002605F881

mem[X,0x0000000080001930] -> 0x9E93
mem[X,0x0000000080001932] -> 0x00BE
[1617] [M]: 0x0000000080001930 (0x00BE9E93) slli t4, t4, 0xb
x29 <- 0xFFF001302FC40800

mem[X,0x0000000080001934] -> 0x8E93
mem[X,0x0000000080001936] -> 0x010E
[1618] [M]: 0x0000000080001934 (0x010E8E93) addi t4, t4, 0x10
x29 <- 0xFFF001302FC40810

mem[X,0x0000000080001938] -> 0x9E93
mem[X,0x000000008000193A] -> 0x00AE
[1619] [M]: 0x0000000080001938 (0x00AE9E93) slli t4, t4, 0xa
x29 <- 0xC004C0BF10204000

mem[X,0x000000008000193C] -> 0x8E93
mem[X,0x000000008000193E] -> 0x0FCE
[1620] [M]: 0x000000008000193C (0x0FCE8E93) addi t4, t4, 0xfc
x29 <- 0xC004C0BF102040FC

mem[X,0x0000000080001940] -> 0x0FBB
mem[X,0x0000000080001942] -> 0xFDDF
[1621] [M]: 0x0000000080001940 (0xFDDF0FBB) pasubu.b t6, t5, t4
x31 <- 0x1E06A1A1FA6C0AC1

mem[X,0x0000000080001944] -> 0xB023
mem[X,0x0000000080001946] -> 0x1BF0
[1622] [M]: 0x0000000080001944 (0x1BF0B023) sd t6, 0x1a0(ra)
mem[0x00000000800043A8] <- 0x1E06A1A1FA6C0AC1

mem[X,0x0000000080001948] -> 0x006F
mem[X,0x000000008000194A] -> 0x0380
[1623] [M]: 0x0000000080001948 (0x0380006F) jal zero, 0x38

mem[X,0x0000000080001980] -> 0x0093
mem[X,0x0000000080001982] -> 0x0010
[1624] [M]: 0x0000000080001980 (0x00100093) addi ra, zero, 0x1
x1 <- 0x0000000000000001

mem[X,0x0000000080001984] -> 0x0F17
mem[X,0x0000000080001986] -> 0x0000
[1625] [M]: 0x0000000080001984 (0x00000F17) auipc t5, 0x0
x30 <- 0x0000000080001984

mem[X,0x0000000080001988] -> 0x2E23
mem[X,0x000000008000198A] -> 0x661F
[1626] [M]: 0x0000000080001988 (0x661F2E23) sw ra, 0x67c(t5)
htif[0x0000000080002000] <- 0x00000001

mem[X,0x000000008000198C] -> 0xF06F
mem[X,0x000000008000198E] -> 0xFF9F
[1627] [M]: 0x000000008000198C (0xFF9FF06F) jal zero, -0x8

mem[X,0x0000000080001984] -> 0x0F17
mem[X,0x0000000080001986] -> 0x0000
[1628] [M]: 0x0000000080001984 (0x00000F17) auipc t5, 0x0
x30 <- 0x0000000080001984

mem[X,0x0000000080001988] -> 0x2E23
mem[X,0x000000008000198A] -> 0x661F
[1629] [M]: 0x0000000080001988 (0x661F2E23) sw ra, 0x67c(t5)
htif[0x0000000080002000] <- 0x00000001

mem[X,0x000000008000198C] -> 0xF06F
mem[X,0x000000008000198E] -> 0xFF9F
[1630] [M]: 0x000000008000198C (0xFF9FF06F) jal zero, -0x8

mem[X,0x0000000080001984] -> 0x0F17
mem[X,0x0000000080001986] -> 0x0000
[1631] [M]: 0x0000000080001984 (0x00000F17) auipc t5, 0x0
x30 <- 0x0000000080001984

mem[X,0x0000000080001988] -> 0x2E23
mem[X,0x000000008000198A] -> 0x661F
[1632] [M]: 0x0000000080001988 (0x661F2E23) sw ra, 0x67c(t5)
htif[0x0000000080002000] <- 0x00000001
htif-syscall-proxy cmd: 0x000000000001

SUCCESS
