using /home/chsu/rvp-workspace/test-64/riscof_work/pasub.h-01.S/ref/Reference-sail_c_simulator.signature for test-signature output.
tohost located at 0x80002000
Running file ref.elf.
ELF Entry @ 0x80000000
begin_signature: 0x80004110
end_signature: 0x80004470
CSR mstatus <- 0x0000000A00000000 (input: 0x0000000000000000)
mem[X,0x0000000000001000] -> 0x0297
mem[X,0x0000000000001002] -> 0x0000
[0] [M]: 0x0000000000001000 (0x00000297) auipc t0, 0x0
x5 <- 0x0000000000001000

mem[X,0x0000000000001004] -> 0x8593
mem[X,0x0000000000001006] -> 0x0202
[1] [M]: 0x0000000000001004 (0x02028593) addi a1, t0, 0x20
x11 <- 0x0000000000001020

mem[X,0x0000000000001008] -> 0x2573
mem[X,0x000000000000100A] -> 0xF140
[2] [M]: 0x0000000000001008 (0xF1402573) csrrs a0, mhartid, zero
CSR mhartid -> 0x0000000000000000
x10 <- 0x0000000000000000

mem[X,0x000000000000100C] -> 0xB283
mem[X,0x000000000000100E] -> 0x0182
[3] [M]: 0x000000000000100C (0x0182B283) ld t0, 0x18(t0)
mem[R,0x0000000000001018] -> 0x0000000080000000
x5 <- 0x0000000080000000

mem[X,0x0000000000001010] -> 0x8067
mem[X,0x0000000000001012] -> 0x0002
[4] [M]: 0x0000000000001010 (0x00028067) jalr zero, 0x0(t0)

mem[X,0x0000000080000000] -> 0x0837
mem[X,0x0000000080000002] -> 0x7D5C
[5] [M]: 0x0000000080000000 (0x7D5C0837) lui a6, 0x7d5c0
x16 <- 0x000000007D5C0000

mem[X,0x0000000080000004] -> 0x0813
mem[X,0x0000000080000006] -> 0xDDB8
[6] [M]: 0x0000000080000004 (0xDDB80813) addi a6, a6, -0x225
x16 <- 0x000000007D5BFDDB

mem[X,0x0000000080000008] -> 0x1813
mem[X,0x000000008000000A] -> 0x00B8
[7] [M]: 0x0000000080000008 (0x00B81813) slli a6, a6, 0xb
x16 <- 0x000003EADFEED800

mem[X,0x000000008000000C] -> 0x0813
mem[X,0x000000008000000E] -> 0x3EA8
[8] [M]: 0x000000008000000C (0x3EA80813) addi a6, a6, 0x3ea
x16 <- 0x000003EADFEEDBEA

mem[X,0x0000000080000010] -> 0x1813
mem[X,0x0000000080000012] -> 0x00B8
[9] [M]: 0x0000000080000010 (0x00B81813) slli a6, a6, 0xb
x16 <- 0x001F56FF76DF5000

mem[X,0x0000000080000014] -> 0x0813
mem[X,0x0000000080000016] -> 0x6FF8
[10] [M]: 0x0000000080000014 (0x6FF80813) addi a6, a6, 0x6ff
x16 <- 0x001F56FF76DF56FF

mem[X,0x0000000080000018] -> 0x1813
mem[X,0x000000008000001A] -> 0x00A8
[11] [M]: 0x0000000080000018 (0x00A81813) slli a6, a6, 0xa
x16 <- 0x7D5BFDDB7D5BFC00

mem[X,0x000000008000001C] -> 0x0813
mem[X,0x000000008000001E] -> 0x1DB8
[12] [M]: 0x000000008000001C (0x1DB80813) addi a6, a6, 0x1db
x16 <- 0x7D5BFDDB7D5BFDDB

mem[X,0x0000000080000020] -> 0x5893
mem[X,0x0000000080000022] -> 0x0078
[13] [M]: 0x0000000080000020 (0x00785893) srli a7, a6, 0x7
x17 <- 0x00FAB7FBB6FAB7FB

mem[X,0x0000000080000024] -> 0x5793
mem[X,0x0000000080000026] -> 0x0398
[14] [M]: 0x0000000080000024 (0x03985793) srli a5, a6, 0x39
x15 <- 0x000000000000003E

mem[X,0x0000000080000028] -> 0xE8B3
mem[X,0x000000008000002A] -> 0x00F8
[15] [M]: 0x0000000080000028 (0x00F8E8B3) or a7, a7, a5
x17 <- 0x00FAB7FBB6FAB7FF

mem[X,0x000000008000002C] -> 0xD913
mem[X,0x000000008000002E] -> 0x0078
[16] [M]: 0x000000008000002C (0x0078D913) srli s2, a7, 0x7
x18 <- 0x0001F56FF76DF56F

mem[X,0x0000000080000030] -> 0xD793
mem[X,0x0000000080000032] -> 0x0398
[17] [M]: 0x0000000080000030 (0x0398D793) srli a5, a7, 0x39
x15 <- 0x0000000000000000

mem[X,0x0000000080000034] -> 0x6933
mem[X,0x0000000080000036] -> 0x00F9
[18] [M]: 0x0000000080000034 (0x00F96933) or s2, s2, a5
x18 <- 0x0001F56FF76DF56F

mem[X,0x0000000080000038] -> 0x5993
mem[X,0x000000008000003A] -> 0x0079
[19] [M]: 0x0000000080000038 (0x00795993) srli s3, s2, 0x7
x19 <- 0x000003EADFEEDBEA

mem[X,0x000000008000003C] -> 0x5793
mem[X,0x000000008000003E] -> 0x0399
[20] [M]: 0x000000008000003C (0x03995793) srli a5, s2, 0x39
x15 <- 0x0000000000000000

mem[X,0x0000000080000040] -> 0xE9B3
mem[X,0x0000000080000042] -> 0x00F9
[21] [M]: 0x0000000080000040 (0x00F9E9B3) or s3, s3, a5
x19 <- 0x000003EADFEEDBEA

mem[X,0x0000000080000044] -> 0xDA13
mem[X,0x0000000080000046] -> 0x0079
[22] [M]: 0x0000000080000044 (0x0079DA13) srli s4, s3, 0x7
x20 <- 0x00000007D5BFDDB7

mem[X,0x0000000080000048] -> 0xD793
mem[X,0x000000008000004A] -> 0x0399
[23] [M]: 0x0000000080000048 (0x0399D793) srli a5, s3, 0x39
x15 <- 0x0000000000000000

mem[X,0x000000008000004C] -> 0x6A33
mem[X,0x000000008000004E] -> 0x00FA
[24] [M]: 0x000000008000004C (0x00FA6A33) or s4, s4, a5
x20 <- 0x00000007D5BFDDB7

mem[X,0x0000000080000050] -> 0x5A93
mem[X,0x0000000080000052] -> 0x007A
[25] [M]: 0x0000000080000050 (0x007A5A93) srli s5, s4, 0x7
x21 <- 0x000000000FAB7FBB

mem[X,0x0000000080000054] -> 0x5793
mem[X,0x0000000080000056] -> 0x039A
[26] [M]: 0x0000000080000054 (0x039A5793) srli a5, s4, 0x39
x15 <- 0x0000000000000000

mem[X,0x0000000080000058] -> 0xEAB3
mem[X,0x000000008000005A] -> 0x00FA
[27] [M]: 0x0000000080000058 (0x00FAEAB3) or s5, s5, a5
x21 <- 0x000000000FAB7FBB

mem[X,0x000000008000005C] -> 0xDB13
mem[X,0x000000008000005E] -> 0x007A
[28] [M]: 0x000000008000005C (0x007ADB13) srli s6, s5, 0x7
x22 <- 0x00000000001F56FF

mem[X,0x0000000080000060] -> 0xD793
mem[X,0x0000000080000062] -> 0x039A
[29] [M]: 0x0000000080000060 (0x039AD793) srli a5, s5, 0x39
x15 <- 0x0000000000000000

mem[X,0x0000000080000064] -> 0x6B33
mem[X,0x0000000080000066] -> 0x00FB
[30] [M]: 0x0000000080000064 (0x00FB6B33) or s6, s6, a5
x22 <- 0x00000000001F56FF

mem[X,0x0000000080000068] -> 0x5B93
mem[X,0x000000008000006A] -> 0x007B
[31] [M]: 0x0000000080000068 (0x007B5B93) srli s7, s6, 0x7
x23 <- 0x0000000000003EAD

mem[X,0x000000008000006C] -> 0x5793
mem[X,0x000000008000006E] -> 0x039B
[32] [M]: 0x000000008000006C (0x039B5793) srli a5, s6, 0x39
x15 <- 0x0000000000000000

mem[X,0x0000000080000070] -> 0xEBB3
mem[X,0x0000000080000072] -> 0x00FB
[33] [M]: 0x0000000080000070 (0x00FBEBB3) or s7, s7, a5
x23 <- 0x0000000000003EAD

mem[X,0x0000000080000074] -> 0xDC13
mem[X,0x0000000080000076] -> 0x007B
[34] [M]: 0x0000000080000074 (0x007BDC13) srli s8, s7, 0x7
x24 <- 0x000000000000007D

mem[X,0x0000000080000078] -> 0xD793
mem[X,0x000000008000007A] -> 0x039B
[35] [M]: 0x0000000080000078 (0x039BD793) srli a5, s7, 0x39
x15 <- 0x0000000000000000

mem[X,0x000000008000007C] -> 0x6C33
mem[X,0x000000008000007E] -> 0x00FC
[36] [M]: 0x000000008000007C (0x00FC6C33) or s8, s8, a5
x24 <- 0x000000000000007D

mem[X,0x0000000080000080] -> 0x5C93
mem[X,0x0000000080000082] -> 0x007C
[37] [M]: 0x0000000080000080 (0x007C5C93) srli s9, s8, 0x7
x25 <- 0x0000000000000000

mem[X,0x0000000080000084] -> 0x5793
mem[X,0x0000000080000086] -> 0x039C
[38] [M]: 0x0000000080000084 (0x039C5793) srli a5, s8, 0x39
x15 <- 0x0000000000000000

mem[X,0x0000000080000088] -> 0xECB3
mem[X,0x000000008000008A] -> 0x00FC
[39] [M]: 0x0000000080000088 (0x00FCECB3) or s9, s9, a5
x25 <- 0x0000000000000000

mem[X,0x000000008000008C] -> 0xDD13
mem[X,0x000000008000008E] -> 0x007C
[40] [M]: 0x000000008000008C (0x007CDD13) srli s10, s9, 0x7
x26 <- 0x0000000000000000

mem[X,0x0000000080000090] -> 0xD793
mem[X,0x0000000080000092] -> 0x039C
[41] [M]: 0x0000000080000090 (0x039CD793) srli a5, s9, 0x39
x15 <- 0x0000000000000000

mem[X,0x0000000080000094] -> 0x6D33
mem[X,0x0000000080000096] -> 0x00FD
[42] [M]: 0x0000000080000094 (0x00FD6D33) or s10, s10, a5
x26 <- 0x0000000000000000

mem[X,0x0000000080000098] -> 0x5D93
mem[X,0x000000008000009A] -> 0x007D
[43] [M]: 0x0000000080000098 (0x007D5D93) srli s11, s10, 0x7
x27 <- 0x0000000000000000

mem[X,0x000000008000009C] -> 0x5793
mem[X,0x000000008000009E] -> 0x039D
[44] [M]: 0x000000008000009C (0x039D5793) srli a5, s10, 0x39
x15 <- 0x0000000000000000

mem[X,0x00000000800000A0] -> 0xEDB3
mem[X,0x00000000800000A2] -> 0x00FD
[45] [M]: 0x00000000800000A0 (0x00FDEDB3) or s11, s11, a5
x27 <- 0x0000000000000000

mem[X,0x00000000800000A4] -> 0xDE13
mem[X,0x00000000800000A6] -> 0x007D
[46] [M]: 0x00000000800000A4 (0x007DDE13) srli t3, s11, 0x7
x28 <- 0x0000000000000000

mem[X,0x00000000800000A8] -> 0xD793
mem[X,0x00000000800000AA] -> 0x039D
[47] [M]: 0x00000000800000A8 (0x039DD793) srli a5, s11, 0x39
x15 <- 0x0000000000000000

mem[X,0x00000000800000AC] -> 0x6E33
mem[X,0x00000000800000AE] -> 0x00FE
[48] [M]: 0x00000000800000AC (0x00FE6E33) or t3, t3, a5
x28 <- 0x0000000000000000

mem[X,0x00000000800000B0] -> 0x5E93
mem[X,0x00000000800000B2] -> 0x007E
[49] [M]: 0x00000000800000B0 (0x007E5E93) srli t4, t3, 0x7
x29 <- 0x0000000000000000

mem[X,0x00000000800000B4] -> 0x5793
mem[X,0x00000000800000B6] -> 0x039E
[50] [M]: 0x00000000800000B4 (0x039E5793) srli a5, t3, 0x39
x15 <- 0x0000000000000000

mem[X,0x00000000800000B8] -> 0xEEB3
mem[X,0x00000000800000BA] -> 0x00FE
[51] [M]: 0x00000000800000B8 (0x00FEEEB3) or t4, t4, a5
x29 <- 0x0000000000000000

mem[X,0x00000000800000BC] -> 0xDF13
mem[X,0x00000000800000BE] -> 0x007E
[52] [M]: 0x00000000800000BC (0x007EDF13) srli t5, t4, 0x7
x30 <- 0x0000000000000000

mem[X,0x00000000800000C0] -> 0xD793
mem[X,0x00000000800000C2] -> 0x039E
[53] [M]: 0x00000000800000C0 (0x039ED793) srli a5, t4, 0x39
x15 <- 0x0000000000000000

mem[X,0x00000000800000C4] -> 0x6F33
mem[X,0x00000000800000C6] -> 0x00FF
[54] [M]: 0x00000000800000C4 (0x00FF6F33) or t5, t5, a5
x30 <- 0x0000000000000000

mem[X,0x00000000800000C8] -> 0xC0B7
mem[X,0x00000000800000CA] -> 0xFEED
[55] [M]: 0x00000000800000C8 (0xFEEDC0B7) lui ra, -0x1124
x1 <- 0xFFFFFFFFFEEDC000

mem[X,0x00000000800000CC] -> 0x8093
mem[X,0x00000000800000CE] -> 0xEAD0
[56] [M]: 0x00000000800000CC (0xEAD08093) addi ra, ra, -0x153
x1 <- 0xFFFFFFFFFEEDBEAD

mem[X,0x00000000800000D0] -> 0x9093
mem[X,0x00000000800000D2] -> 0x00B0
[57] [M]: 0x00000000800000D0 (0x00B09093) slli ra, ra, 0xb
x1 <- 0xFFFFFFF76DF56800

mem[X,0x00000000800000D4] -> 0x8093
mem[X,0x00000000800000D6] -> 0x7F70
[58] [M]: 0x00000000800000D4 (0x7F708093) addi ra, ra, 0x7f7
x1 <- 0xFFFFFFF76DF56FF7

mem[X,0x00000000800000D8] -> 0x9093
mem[X,0x00000000800000DA] -> 0x00B0
[59] [M]: 0x00000000800000D8 (0x00B09093) slli ra, ra, 0xb
x1 <- 0xFFFFBB6FAB7FB800

mem[X,0x00000000800000DC] -> 0x8093
mem[X,0x00000000800000DE] -> 0x36F0
[60] [M]: 0x00000000800000DC (0x36F08093) addi ra, ra, 0x36f
x1 <- 0xFFFFBB6FAB7FBB6F

mem[X,0x00000000800000E0] -> 0x9093
mem[X,0x00000000800000E2] -> 0x00A0
[61] [M]: 0x00000000800000E0 (0x00A09093) slli ra, ra, 0xa
x1 <- 0xFEEDBEADFEEDBC00

mem[X,0x00000000800000E4] -> 0x8093
mem[X,0x00000000800000E6] -> 0x2AD0
[62] [M]: 0x00000000800000E4 (0x2AD08093) addi ra, ra, 0x2ad
x1 <- 0xFEEDBEADFEEDBEAD

mem[X,0x00000000800000E8] -> 0xD113
mem[X,0x00000000800000EA] -> 0x0070
[63] [M]: 0x00000000800000E8 (0x0070D113) srli sp, ra, 0x7
x2 <- 0x01FDDB7D5BFDDB7D

mem[X,0x00000000800000EC] -> 0xD793
mem[X,0x00000000800000EE] -> 0x0390
[64] [M]: 0x00000000800000EC (0x0390D793) srli a5, ra, 0x39
x15 <- 0x000000000000007F

mem[X,0x00000000800000F0] -> 0x6133
mem[X,0x00000000800000F2] -> 0x00F1
[65] [M]: 0x00000000800000F0 (0x00F16133) or sp, sp, a5
x2 <- 0x01FDDB7D5BFDDB7F

mem[X,0x00000000800000F4] -> 0x5193
mem[X,0x00000000800000F6] -> 0x0071
[66] [M]: 0x00000000800000F4 (0x00715193) srli gp, sp, 0x7
x3 <- 0x0003FBB6FAB7FBB6

mem[X,0x00000000800000F8] -> 0x5793
mem[X,0x00000000800000FA] -> 0x0391
[67] [M]: 0x00000000800000F8 (0x03915793) srli a5, sp, 0x39
x15 <- 0x0000000000000000

mem[X,0x00000000800000FC] -> 0xE1B3
mem[X,0x00000000800000FE] -> 0x00F1
[68] [M]: 0x00000000800000FC (0x00F1E1B3) or gp, gp, a5
x3 <- 0x0003FBB6FAB7FBB6

mem[X,0x0000000080000100] -> 0xD213
mem[X,0x0000000080000102] -> 0x0071
[69] [M]: 0x0000000080000100 (0x0071D213) srli tp, gp, 0x7
x4 <- 0x000007F76DF56FF7

mem[X,0x0000000080000104] -> 0xD793
mem[X,0x0000000080000106] -> 0x0391
[70] [M]: 0x0000000080000104 (0x0391D793) srli a5, gp, 0x39
x15 <- 0x0000000000000000

mem[X,0x0000000080000108] -> 0x6233
mem[X,0x000000008000010A] -> 0x00F2
[71] [M]: 0x0000000080000108 (0x00F26233) or tp, tp, a5
x4 <- 0x000007F76DF56FF7

mem[X,0x000000008000010C] -> 0x5293
mem[X,0x000000008000010E] -> 0x0072
[72] [M]: 0x000000008000010C (0x00725293) srli t0, tp, 0x7
x5 <- 0x0000000FEEDBEADF

mem[X,0x0000000080000110] -> 0x5793
mem[X,0x0000000080000112] -> 0x0392
[73] [M]: 0x0000000080000110 (0x03925793) srli a5, tp, 0x39
x15 <- 0x0000000000000000

mem[X,0x0000000080000114] -> 0xE2B3
mem[X,0x0000000080000116] -> 0x00F2
[74] [M]: 0x0000000080000114 (0x00F2E2B3) or t0, t0, a5
x5 <- 0x0000000FEEDBEADF

mem[X,0x0000000080000118] -> 0xD313
mem[X,0x000000008000011A] -> 0x0072
[75] [M]: 0x0000000080000118 (0x0072D313) srli t1, t0, 0x7
x6 <- 0x000000001FDDB7D5

mem[X,0x000000008000011C] -> 0xD793
mem[X,0x000000008000011E] -> 0x0392
[76] [M]: 0x000000008000011C (0x0392D793) srli a5, t0, 0x39
x15 <- 0x0000000000000000

mem[X,0x0000000080000120] -> 0x6333
mem[X,0x0000000080000122] -> 0x00F3
[77] [M]: 0x0000000080000120 (0x00F36333) or t1, t1, a5
x6 <- 0x000000001FDDB7D5

mem[X,0x0000000080000124] -> 0x5393
mem[X,0x0000000080000126] -> 0x0073
[78] [M]: 0x0000000080000124 (0x00735393) srli t2, t1, 0x7
x7 <- 0x00000000003FBB6F

mem[X,0x0000000080000128] -> 0x5793
mem[X,0x000000008000012A] -> 0x0393
[79] [M]: 0x0000000080000128 (0x03935793) srli a5, t1, 0x39
x15 <- 0x0000000000000000

mem[X,0x000000008000012C] -> 0xE3B3
mem[X,0x000000008000012E] -> 0x00F3
[80] [M]: 0x000000008000012C (0x00F3E3B3) or t2, t2, a5
x7 <- 0x00000000003FBB6F

mem[X,0x0000000080000130] -> 0xD413
mem[X,0x0000000080000132] -> 0x0073
[81] [M]: 0x0000000080000130 (0x0073D413) srli fp, t2, 0x7
x8 <- 0x0000000000007F76

mem[X,0x0000000080000134] -> 0xD793
mem[X,0x0000000080000136] -> 0x0393
[82] [M]: 0x0000000080000134 (0x0393D793) srli a5, t2, 0x39
x15 <- 0x0000000000000000

mem[X,0x0000000080000138] -> 0x6433
mem[X,0x000000008000013A] -> 0x00F4
[83] [M]: 0x0000000080000138 (0x00F46433) or fp, fp, a5
x8 <- 0x0000000000007F76

mem[X,0x000000008000013C] -> 0x5493
mem[X,0x000000008000013E] -> 0x0074
[84] [M]: 0x000000008000013C (0x00745493) srli s1, fp, 0x7
x9 <- 0x00000000000000FE

mem[X,0x0000000080000140] -> 0x5793
mem[X,0x0000000080000142] -> 0x0394
[85] [M]: 0x0000000080000140 (0x03945793) srli a5, fp, 0x39
x15 <- 0x0000000000000000

mem[X,0x0000000080000144] -> 0xE4B3
mem[X,0x0000000080000146] -> 0x00F4
[86] [M]: 0x0000000080000144 (0x00F4E4B3) or s1, s1, a5
x9 <- 0x00000000000000FE

mem[X,0x0000000080000148] -> 0xD513
mem[X,0x000000008000014A] -> 0x0074
[87] [M]: 0x0000000080000148 (0x0074D513) srli a0, s1, 0x7
x10 <- 0x0000000000000001

mem[X,0x000000008000014C] -> 0xD793
mem[X,0x000000008000014E] -> 0x0394
[88] [M]: 0x000000008000014C (0x0394D793) srli a5, s1, 0x39
x15 <- 0x0000000000000000

mem[X,0x0000000080000150] -> 0x6533
mem[X,0x0000000080000152] -> 0x00F5
[89] [M]: 0x0000000080000150 (0x00F56533) or a0, a0, a5
x10 <- 0x0000000000000001

mem[X,0x0000000080000154] -> 0x5593
mem[X,0x0000000080000156] -> 0x0075
[90] [M]: 0x0000000080000154 (0x00755593) srli a1, a0, 0x7
x11 <- 0x0000000000000000

mem[X,0x0000000080000158] -> 0x5793
mem[X,0x000000008000015A] -> 0x0395
[91] [M]: 0x0000000080000158 (0x03955793) srli a5, a0, 0x39
x15 <- 0x0000000000000000

mem[X,0x000000008000015C] -> 0xE5B3
mem[X,0x000000008000015E] -> 0x00F5
[92] [M]: 0x000000008000015C (0x00F5E5B3) or a1, a1, a5
x11 <- 0x0000000000000000

mem[X,0x0000000080000160] -> 0xD613
mem[X,0x0000000080000162] -> 0x0075
[93] [M]: 0x0000000080000160 (0x0075D613) srli a2, a1, 0x7
x12 <- 0x0000000000000000

mem[X,0x0000000080000164] -> 0xD793
mem[X,0x0000000080000166] -> 0x0395
[94] [M]: 0x0000000080000164 (0x0395D793) srli a5, a1, 0x39
x15 <- 0x0000000000000000

mem[X,0x0000000080000168] -> 0x6633
mem[X,0x000000008000016A] -> 0x00F6
[95] [M]: 0x0000000080000168 (0x00F66633) or a2, a2, a5
x12 <- 0x0000000000000000

mem[X,0x000000008000016C] -> 0x5693
mem[X,0x000000008000016E] -> 0x0076
[96] [M]: 0x000000008000016C (0x00765693) srli a3, a2, 0x7
x13 <- 0x0000000000000000

mem[X,0x0000000080000170] -> 0x5793
mem[X,0x0000000080000172] -> 0x0396
[97] [M]: 0x0000000080000170 (0x03965793) srli a5, a2, 0x39
x15 <- 0x0000000000000000

mem[X,0x0000000080000174] -> 0xE6B3
mem[X,0x0000000080000176] -> 0x00F6
[98] [M]: 0x0000000080000174 (0x00F6E6B3) or a3, a3, a5
x13 <- 0x0000000000000000

mem[X,0x0000000080000178] -> 0x0013
mem[X,0x000000008000017A] -> 0x0000
[99] [M]: 0x0000000080000178 (0x00000013) addi zero, zero, 0x0

clint::tick mtime <- 0x0000000000000001
 clint timer pending at mtime 0x0000000000000001
htif::tick 0x0000000000000000
mem[X,0x000000008000017C] -> 0x0013
mem[X,0x000000008000017E] -> 0x0000
[100] [M]: 0x000000008000017C (0x00000013) addi zero, zero, 0x0

mem[X,0x0000000080000180] -> 0x4197
mem[X,0x0000000080000182] -> 0x0000
[101] [M]: 0x0000000080000180 (0x00004197) auipc gp, 0x4
x3 <- 0x0000000080004180

mem[X,0x0000000080000184] -> 0x8193
mem[X,0x0000000080000186] -> 0xF981
[102] [M]: 0x0000000080000184 (0xF9818193) addi gp, gp, -0x68
x3 <- 0x0000000080004118

mem[X,0x0000000080000188] -> 0x0013
mem[X,0x000000008000018A] -> 0x0000
[103] [M]: 0x0000000080000188 (0x00000013) addi zero, zero, 0x0

mem[X,0x000000008000018C] -> 0x0013
mem[X,0x000000008000018E] -> 0x0000
[104] [M]: 0x000000008000018C (0x00000013) addi zero, zero, 0x0

mem[X,0x0000000080000190] -> 0x0013
mem[X,0x0000000080000192] -> 0x0000
[105] [M]: 0x0000000080000190 (0x00000013) addi zero, zero, 0x0

mem[X,0x0000000080000194] -> 0x0013
mem[X,0x0000000080000196] -> 0x0000
[106] [M]: 0x0000000080000194 (0x00000013) addi zero, zero, 0x0

mem[X,0x0000000080000198] -> 0x0013
mem[X,0x000000008000019A] -> 0x0000
[107] [M]: 0x0000000080000198 (0x00000013) addi zero, zero, 0x0

mem[X,0x000000008000019C] -> 0x0013
mem[X,0x000000008000019E] -> 0x0000
[108] [M]: 0x000000008000019C (0x00000013) addi zero, zero, 0x0

mem[X,0x00000000800001A0] -> 0x0337
mem[X,0x00000000800001A2] -> 0xFFE0
[109] [M]: 0x00000000800001A0 (0xFFE00337) lui t1, -0x200
x6 <- 0xFFFFFFFFFFE00000

mem[X,0x00000000800001A4] -> 0x0313
mem[X,0x00000000800001A6] -> 0xFFF3
[110] [M]: 0x00000000800001A4 (0xFFF30313) addi t1, t1, -0x1
x6 <- 0xFFFFFFFFFFDFFFFF

mem[X,0x00000000800001A8] -> 0x1313
mem[X,0x00000000800001AA] -> 0x00B3
[111] [M]: 0x00000000800001A8 (0x00B31313) slli t1, t1, 0xb
x6 <- 0xFFFFFFFEFFFFF800

mem[X,0x00000000800001AC] -> 0x0313
mem[X,0x00000000800001AE] -> 0x7FB3
[112] [M]: 0x00000000800001AC (0x7FB30313) addi t1, t1, 0x7fb
x6 <- 0xFFFFFFFEFFFFFFFB

mem[X,0x00000000800001B0] -> 0x1313
mem[X,0x00000000800001B2] -> 0x00B3
[113] [M]: 0x00000000800001B0 (0x00B31313) slli t1, t1, 0xb
x6 <- 0xFFFFF7FFFFFFD800

mem[X,0x00000000800001B4] -> 0x0313
mem[X,0x00000000800001B6] -> 0x7E03
[114] [M]: 0x00000000800001B4 (0x7E030313) addi t1, t1, 0x7e0
x6 <- 0xFFFFF7FFFFFFDFE0

mem[X,0x00000000800001B8] -> 0x1313
mem[X,0x00000000800001BA] -> 0x00A3
[115] [M]: 0x00000000800001B8 (0x00A31313) slli t1, t1, 0xa
x6 <- 0xFFDFFFFFFF7F8000

mem[X,0x00000000800001BC] -> 0x44B7
mem[X,0x00000000800001BE] -> 0xFF7F
[116] [M]: 0x00000000800001BC (0xFF7F44B7) lui s1, -0x80c
x9 <- 0xFFFFFFFFFF7F4000

mem[X,0x00000000800001C0] -> 0x8493
mem[X,0x00000000800001C2] -> 0x0004
[117] [M]: 0x00000000800001C0 (0x00048493) addi s1, s1, 0x0
x9 <- 0xFFFFFFFFFF7F4000

mem[X,0x00000000800001C4] -> 0x9493
mem[X,0x00000000800001C6] -> 0x00B4
[118] [M]: 0x00000000800001C4 (0x00B49493) slli s1, s1, 0xb
x9 <- 0xFFFFFFFBFA000000

mem[X,0x00000000800001C8] -> 0x8493
mem[X,0x00000000800001CA] -> 0x7FF4
[119] [M]: 0x00000000800001C8 (0x7FF48493) addi s1, s1, 0x7ff
x9 <- 0xFFFFFFFBFA0007FF

mem[X,0x00000000800001CC] -> 0x9493
mem[X,0x00000000800001CE] -> 0x00B4
[120] [M]: 0x00000000800001CC (0x00B49493) slli s1, s1, 0xb
x9 <- 0xFFFFDFD0003FF800

mem[X,0x00000000800001D0] -> 0x8493
mem[X,0x00000000800001D2] -> 0x7BD4
[121] [M]: 0x00000000800001D0 (0x7BD48493) addi s1, s1, 0x7bd
x9 <- 0xFFFFDFD0003FFFBD

mem[X,0x00000000800001D4] -> 0x9493
mem[X,0x00000000800001D6] -> 0x00A4
[122] [M]: 0x00000000800001D4 (0x00A49493) slli s1, s1, 0xa
x9 <- 0xFF7F4000FFFEF400

mem[X,0x00000000800001D8] -> 0x8493
mem[X,0x00000000800001DA] -> 0x3FF4
[123] [M]: 0x00000000800001D8 (0x3FF48493) addi s1, s1, 0x3ff
x9 <- 0xFF7F4000FFFEF7FF

mem[X,0x00000000800001DC] -> 0x0ABB
mem[X,0x00000000800001DE] -> 0xD893
[124] [M]: 0x00000000800001DC (0xD8930ABB) pasub.h s5, t1, s1
x21 <- 0x0030DFFFFFC0C400

mem[X,0x00000000800001E0] -> 0xB023
mem[X,0x00000000800001E2] -> 0x0151
[125] [M]: 0x00000000800001E0 (0x0151B023) sd s5, 0x0(gp)
mem[0x0000000080004118] <- 0x0030DFFFFFC0C400

mem[X,0x00000000800001E4] -> 0x0037
mem[X,0x00000000800001E6] -> 0x0401
[126] [M]: 0x00000000800001E4 (0x04010037) lui zero, 0x4010

mem[X,0x00000000800001E8] -> 0x0013
mem[X,0x00000000800001EA] -> 0xFFF0
[127] [M]: 0x00000000800001E8 (0xFFF00013) addi zero, zero, -0x1

mem[X,0x00000000800001EC] -> 0x1013
mem[X,0x00000000800001EE] -> 0x00B0
[128] [M]: 0x00000000800001EC (0x00B01013) slli zero, zero, 0xb

mem[X,0x00000000800001F0] -> 0x0013
mem[X,0x00000000800001F2] -> 0x7FF0
[129] [M]: 0x00000000800001F0 (0x7FF00013) addi zero, zero, 0x7ff

mem[X,0x00000000800001F4] -> 0x1013
mem[X,0x00000000800001F6] -> 0x00B0
[130] [M]: 0x00000000800001F4 (0x00B01013) slli zero, zero, 0xb

mem[X,0x00000000800001F8] -> 0x0013
mem[X,0x00000000800001FA] -> 0x3FF0
[131] [M]: 0x00000000800001F8 (0x3FF00013) addi zero, zero, 0x3ff

mem[X,0x00000000800001FC] -> 0x1013
mem[X,0x00000000800001FE] -> 0x00A0
[132] [M]: 0x00000000800001FC (0x00A01013) slli zero, zero, 0xa

mem[X,0x0000000080000200] -> 0x0013
mem[X,0x0000000080000202] -> 0x3FF0
[133] [M]: 0x0000000080000200 (0x3FF00013) addi zero, zero, 0x3ff

mem[X,0x0000000080000204] -> 0x0137
mem[X,0x0000000080000206] -> 0xEFFF
[134] [M]: 0x0000000080000204 (0xEFFF0137) lui sp, -0x10010
x2 <- 0xFFFFFFFFEFFF0000

mem[X,0x0000000080000208] -> 0x0113
mem[X,0x000000008000020A] -> 0x0101
[135] [M]: 0x0000000080000208 (0x01010113) addi sp, sp, 0x10
x2 <- 0xFFFFFFFFEFFF0010

mem[X,0x000000008000020C] -> 0x1113
mem[X,0x000000008000020E] -> 0x00B1
[136] [M]: 0x000000008000020C (0x00B11113) slli sp, sp, 0xb
x2 <- 0xFFFFFF7FF8008000

mem[X,0x0000000080000210] -> 0x0113
mem[X,0x0000000080000212] -> 0x2AA1
[137] [M]: 0x0000000080000210 (0x2AA10113) addi sp, sp, 0x2aa
x2 <- 0xFFFFFF7FF80082AA

mem[X,0x0000000080000214] -> 0x1113
mem[X,0x0000000080000216] -> 0x00B1
[138] [M]: 0x0000000080000214 (0x00B11113) slli sp, sp, 0xb
x2 <- 0xFFFBFFC004155000

mem[X,0x0000000080000218] -> 0x0113
mem[X,0x000000008000021A] -> 0x57F1
[139] [M]: 0x0000000080000218 (0x57F10113) addi sp, sp, 0x57f
x2 <- 0xFFFBFFC00415557F

mem[X,0x000000008000021C] -> 0x1113
mem[X,0x000000008000021E] -> 0x00A1
[140] [M]: 0x000000008000021C (0x00A11113) slli sp, sp, 0xa
x2 <- 0xEFFF00105555FC00

mem[X,0x0000000080000220] -> 0x0113
mem[X,0x0000000080000222] -> 0x1FF1
[141] [M]: 0x0000000080000220 (0x1FF10113) addi sp, sp, 0x1ff
x2 <- 0xEFFF00105555FDFF

mem[X,0x0000000080000224] -> 0x013B
mem[X,0x0000000080000226] -> 0xD820
[142] [M]: 0x0000000080000224 (0xD820013B) pasub.h sp, zero, sp
x2 <- 0x0800FFF8D5550100

mem[X,0x0000000080000228] -> 0xB423
mem[X,0x000000008000022A] -> 0x0021
[143] [M]: 0x0000000080000228 (0x0021B423) sd sp, 0x8(gp)
mem[0x0000000080004120] <- 0x0800FFF8D5550100

mem[X,0x000000008000022C] -> 0x0F37
mem[X,0x000000008000022E] -> 0x4000
[144] [M]: 0x000000008000022C (0x40000F37) lui t5, 0x40000
x30 <- 0x0000000040000000

mem[X,0x0000000080000230] -> 0x0F13
mem[X,0x0000000080000232] -> 0xFFAF
[145] [M]: 0x0000000080000230 (0xFFAF0F13) addi t5, t5, -0x6
x30 <- 0x000000003FFFFFFA

mem[X,0x0000000080000234] -> 0x1F13
mem[X,0x0000000080000236] -> 0x00BF
[146] [M]: 0x0000000080000234 (0x00BF1F13) slli t5, t5, 0xb
x30 <- 0x000001FFFFFFD000

mem[X,0x0000000080000238] -> 0x0F13
mem[X,0x000000008000023A] -> 0x000F
[147] [M]: 0x0000000080000238 (0x000F0F13) addi t5, t5, 0x0
x30 <- 0x000001FFFFFFD000

mem[X,0x000000008000023C] -> 0x1F13
mem[X,0x000000008000023E] -> 0x00BF
[148] [M]: 0x000000008000023C (0x00BF1F13) slli t5, t5, 0xb
x30 <- 0x000FFFFFFE800000

mem[X,0x0000000080000240] -> 0x0F13
mem[X,0x0000000080000242] -> 0x000F
[149] [M]: 0x0000000080000240 (0x000F0F13) addi t5, t5, 0x0
x30 <- 0x000FFFFFFE800000

mem[X,0x0000000080000244] -> 0x1F13
mem[X,0x0000000080000246] -> 0x00AF
[150] [M]: 0x0000000080000244 (0x00AF1F13) slli t5, t5, 0xa
x30 <- 0x3FFFFFFA00000000

mem[X,0x0000000080000248] -> 0x0F37
mem[X,0x000000008000024A] -> 0x0009
[151] [M]: 0x0000000080000248 (0x00090F37) lui t5, 0x90
x30 <- 0x0000000000090000

mem[X,0x000000008000024C] -> 0x0F13
mem[X,0x000000008000024E] -> 0xF7FF
[152] [M]: 0x000000008000024C (0xF7FF0F13) addi t5, t5, -0x81
x30 <- 0x000000000008FF7F

mem[X,0x0000000080000250] -> 0x1F13
mem[X,0x0000000080000252] -> 0x00BF
[153] [M]: 0x0000000080000250 (0x00BF1F13) slli t5, t5, 0xb
x30 <- 0x0000000047FBF800

mem[X,0x0000000080000254] -> 0x0F13
mem[X,0x0000000080000256] -> 0x7BFF
[154] [M]: 0x0000000080000254 (0x7BFF0F13) addi t5, t5, 0x7bf
x30 <- 0x0000000047FBFFBF

mem[X,0x0000000080000258] -> 0x1F13
mem[X,0x000000008000025A] -> 0x00BF
[155] [M]: 0x0000000080000258 (0x00BF1F13) slli t5, t5, 0xb
x30 <- 0x0000023FDFFDF800

mem[X,0x000000008000025C] -> 0x0F13
mem[X,0x000000008000025E] -> 0x7C0F
[156] [M]: 0x000000008000025C (0x7C0F0F13) addi t5, t5, 0x7c0
x30 <- 0x0000023FDFFDFFC0

mem[X,0x0000000080000260] -> 0x1F13
mem[X,0x0000000080000262] -> 0x00AF
[157] [M]: 0x0000000080000260 (0x00AF1F13) slli t5, t5, 0xa
x30 <- 0x0008FF7FF7FF0000

mem[X,0x0000000080000264] -> 0x0F13
mem[X,0x0000000080000266] -> 0x010F
[158] [M]: 0x0000000080000264 (0x010F0F13) addi t5, t5, 0x10
x30 <- 0x0008FF7FF7FF0010

mem[X,0x0000000080000268] -> 0x07BB
mem[X,0x000000008000026A] -> 0xD9EF
[159] [M]: 0x0000000080000268 (0xD9EF07BB) pasub.h a5, t5, t5
x15 <- 0x0000000000000000

mem[X,0x000000008000026C] -> 0xB823
mem[X,0x000000008000026E] -> 0x00F1
[160] [M]: 0x000000008000026C (0x00F1B823) sd a5, 0x10(gp)
mem[0x0000000080004128] <- 0x0000000000000000

mem[X,0x0000000080000270] -> 0x0837
mem[X,0x0000000080000272] -> 0x0008
[161] [M]: 0x0000000080000270 (0x00080837) lui a6, 0x80
x16 <- 0x0000000000080000

mem[X,0x0000000080000274] -> 0x0813
mem[X,0x0000000080000276] -> 0x1008
[162] [M]: 0x0000000080000274 (0x10080813) addi a6, a6, 0x100
x16 <- 0x0000000000080100

mem[X,0x0000000080000278] -> 0x1813
mem[X,0x000000008000027A] -> 0x00B8
[163] [M]: 0x0000000080000278 (0x00B81813) slli a6, a6, 0xb
x16 <- 0x0000000040080000

mem[X,0x000000008000027C] -> 0x0813
mem[X,0x000000008000027E] -> 0x7DF8
[164] [M]: 0x000000008000027C (0x7DF80813) addi a6, a6, 0x7df
x16 <- 0x00000000400807DF

mem[X,0x0000000080000280] -> 0x1813
mem[X,0x0000000080000282] -> 0x00B8
[165] [M]: 0x0000000080000280 (0x00B81813) slli a6, a6, 0xb
x16 <- 0x00000200403EF800

mem[X,0x0000000080000284] -> 0x0813
mem[X,0x0000000080000286] -> 0x7C08
[166] [M]: 0x0000000080000284 (0x7C080813) addi a6, a6, 0x7c0
x16 <- 0x00000200403EFFC0

mem[X,0x0000000080000288] -> 0x1813
mem[X,0x000000008000028A] -> 0x00A8
[167] [M]: 0x0000000080000288 (0x00A81813) slli a6, a6, 0xa
x16 <- 0x00080100FBFF0000

mem[X,0x000000008000028C] -> 0x0813
mem[X,0x000000008000028E] -> 0x0018
[168] [M]: 0x000000008000028C (0x00180813) addi a6, a6, 0x1
x16 <- 0x00080100FBFF0001

mem[X,0x0000000080000290] -> 0x0D37
mem[X,0x0000000080000292] -> 0xFFFB
[169] [M]: 0x0000000080000290 (0xFFFB0D37) lui s10, -0x50
x26 <- 0xFFFFFFFFFFFB0000

mem[X,0x0000000080000294] -> 0x0D13
mem[X,0x0000000080000296] -> 0xFFDD
[170] [M]: 0x0000000080000294 (0xFFDD0D13) addi s10, s10, -0x3
x26 <- 0xFFFFFFFFFFFAFFFD

mem[X,0x0000000080000298] -> 0x1D13
mem[X,0x000000008000029A] -> 0x00BD
[171] [M]: 0x0000000080000298 (0x00BD1D13) slli s10, s10, 0xb
x26 <- 0xFFFFFFFFD7FFE800

mem[X,0x000000008000029C] -> 0x0D13
mem[X,0x000000008000029E] -> 0x5FFD
[172] [M]: 0x000000008000029C (0x5FFD0D13) addi s10, s10, 0x5ff
x26 <- 0xFFFFFFFFD7FFEDFF

mem[X,0x00000000800002A0] -> 0x1D13
mem[X,0x00000000800002A2] -> 0x00BD
[173] [M]: 0x00000000800002A0 (0x00BD1D13) slli s10, s10, 0xb
x26 <- 0xFFFFFEBFFF6FF800

mem[X,0x00000000800002A4] -> 0x0D13
mem[X,0x00000000800002A6] -> 0x7FFD
[174] [M]: 0x00000000800002A4 (0x7FFD0D13) addi s10, s10, 0x7ff
x26 <- 0xFFFFFEBFFF6FFFFF

mem[X,0x00000000800002A8] -> 0x1D13
mem[X,0x00000000800002AA] -> 0x00AD
[175] [M]: 0x00000000800002A8 (0x00AD1D13) slli s10, s10, 0xa
x26 <- 0xFFFAFFFDBFFFFC00

mem[X,0x00000000800002AC] -> 0x0D13
mem[X,0x00000000800002AE] -> 0x3FFD
[176] [M]: 0x00000000800002AC (0x3FFD0D13) addi s10, s10, 0x3ff
x26 <- 0xFFFAFFFDBFFFFFFF

mem[X,0x00000000800002B0] -> 0x083B
mem[X,0x00000000800002B2] -> 0xD9A8
[177] [M]: 0x00000000800002B0 (0xD9A8083B) pasub.h a6, a6, s10
x16 <- 0x000700811E000001

mem[X,0x00000000800002B4] -> 0xBC23
mem[X,0x00000000800002B6] -> 0x0101
[178] [M]: 0x00000000800002B4 (0x0101BC23) sd a6, 0x18(gp)
mem[0x0000000080004130] <- 0x000700811E000001

mem[X,0x00000000800002B8] -> 0x0237
mem[X,0x00000000800002BA] -> 0xC000
[179] [M]: 0x00000000800002B8 (0xC0000237) lui tp, -0x40000
x4 <- 0xFFFFFFFFC0000000

mem[X,0x00000000800002BC] -> 0x0213
mem[X,0x00000000800002BE] -> 0xFFA2
[180] [M]: 0x00000000800002BC (0xFFA20213) addi tp, tp, -0x6
x4 <- 0xFFFFFFFFBFFFFFFA

mem[X,0x00000000800002C0] -> 0x1213
mem[X,0x00000000800002C2] -> 0x00B2
[181] [M]: 0x00000000800002C0 (0x00B21213) slli tp, tp, 0xb
x4 <- 0xFFFFFDFFFFFFD000

mem[X,0x00000000800002C4] -> 0x0213
mem[X,0x00000000800002C6] -> 0x0002
[182] [M]: 0x00000000800002C4 (0x00020213) addi tp, tp, 0x0
x4 <- 0xFFFFFDFFFFFFD000

mem[X,0x00000000800002C8] -> 0x1213
mem[X,0x00000000800002CA] -> 0x00B2
[183] [M]: 0x00000000800002C8 (0x00B21213) slli tp, tp, 0xb
x4 <- 0xFFEFFFFFFE800000

mem[X,0x00000000800002CC] -> 0x0213
mem[X,0x00000000800002CE] -> 0x09F2
[184] [M]: 0x00000000800002CC (0x09F20213) addi tp, tp, 0x9f
x4 <- 0xFFEFFFFFFE80009F

mem[X,0x00000000800002D0] -> 0x1213
mem[X,0x00000000800002D2] -> 0x00A2
[185] [M]: 0x00000000800002D0 (0x00A21213) slli tp, tp, 0xa
x4 <- 0xBFFFFFFA00027C00

mem[X,0x00000000800002D4] -> 0x0213
mem[X,0x00000000800002D6] -> 0x3FF2
[186] [M]: 0x00000000800002D4 (0x3FF20213) addi tp, tp, 0x3ff
x4 <- 0xBFFFFFFA00027FFF

mem[X,0x00000000800002D8] -> 0x0237
mem[X,0x00000000800002DA] -> 0xFFF9
[187] [M]: 0x00000000800002D8 (0xFFF90237) lui tp, -0x70
x4 <- 0xFFFFFFFFFFF90000

mem[X,0x00000000800002DC] -> 0x0213
mem[X,0x00000000800002DE] -> 0x0012
[188] [M]: 0x00000000800002DC (0x00120213) addi tp, tp, 0x1
x4 <- 0xFFFFFFFFFFF90001

mem[X,0x00000000800002E0] -> 0x1213
mem[X,0x00000000800002E2] -> 0x00B2
[189] [M]: 0x00000000800002E0 (0x00B21213) slli tp, tp, 0xb
x4 <- 0xFFFFFFFFC8000800

mem[X,0x00000000800002E4] -> 0x0213
mem[X,0x00000000800002E6] -> 0x2AA2
[190] [M]: 0x00000000800002E4 (0x2AA20213) addi tp, tp, 0x2aa
x4 <- 0xFFFFFFFFC8000AAA

mem[X,0x00000000800002E8] -> 0x1213
mem[X,0x00000000800002EA] -> 0x00B2
[191] [M]: 0x00000000800002E8 (0x00B21213) slli tp, tp, 0xb
x4 <- 0xFFFFFE4000555000

mem[X,0x00000000800002EC] -> 0x0213
mem[X,0x00000000800002EE] -> 0x55F2
[192] [M]: 0x00000000800002EC (0x55F20213) addi tp, tp, 0x55f
x4 <- 0xFFFFFE400055555F

mem[X,0x00000000800002F0] -> 0x1213
mem[X,0x00000000800002F2] -> 0x00A2
[193] [M]: 0x00000000800002F0 (0x00A21213) slli tp, tp, 0xa
x4 <- 0xFFF9000155557C00

mem[X,0x00000000800002F4] -> 0x0213
mem[X,0x00000000800002F6] -> 0x3FF2
[194] [M]: 0x00000000800002F4 (0x3FF20213) addi tp, tp, 0x3ff
x4 <- 0xFFF9000155557FFF

mem[X,0x00000000800002F8] -> 0x023B
mem[X,0x00000000800002FA] -> 0xD842
[195] [M]: 0x00000000800002F8 (0xD842023B) pasub.h tp, tp, tp
x4 <- 0x0000000000000000

mem[X,0x00000000800002FC] -> 0xB023
mem[X,0x00000000800002FE] -> 0x0241
[196] [M]: 0x00000000800002FC (0x0241B023) sd tp, 0x20(gp)
mem[0x0000000080004138] <- 0x0000000000000000

mem[X,0x0000000080000300] -> 0x04B7
mem[X,0x0000000080000302] -> 0xFFF6
[197] [M]: 0x0000000080000300 (0xFFF604B7) lui s1, -0xa0
x9 <- 0xFFFFFFFFFFF60000

mem[X,0x0000000080000304] -> 0x8493
mem[X,0x0000000080000306] -> 0x4004
[198] [M]: 0x0000000080000304 (0x40048493) addi s1, s1, 0x400
x9 <- 0xFFFFFFFFFFF60400

mem[X,0x0000000080000308] -> 0x9493
mem[X,0x000000008000030A] -> 0x00B4
[199] [M]: 0x0000000080000308 (0x00B49493) slli s1, s1, 0xb
x9 <- 0xFFFFFFFFB0200000

clint::tick mtime <- 0x0000000000000002
 clint timer pending at mtime 0x0000000000000002
htif::tick 0x0000000000000000
mem[X,0x000000008000030C] -> 0x8493
mem[X,0x000000008000030E] -> 0x0004
[200] [M]: 0x000000008000030C (0x00048493) addi s1, s1, 0x0
x9 <- 0xFFFFFFFFB0200000

mem[X,0x0000000080000310] -> 0x9493
mem[X,0x0000000080000312] -> 0x00B4
[201] [M]: 0x0000000080000310 (0x00B49493) slli s1, s1, 0xb
x9 <- 0xFFFFFD8100000000

mem[X,0x0000000080000314] -> 0x8493
mem[X,0x0000000080000316] -> 0x0404
[202] [M]: 0x0000000080000314 (0x04048493) addi s1, s1, 0x40
x9 <- 0xFFFFFD8100000040

mem[X,0x0000000080000318] -> 0x9493
mem[X,0x000000008000031A] -> 0x00A4
[203] [M]: 0x0000000080000318 (0x00A49493) slli s1, s1, 0xa
x9 <- 0xFFF6040000010000

mem[X,0x000000008000031C] -> 0x8493
mem[X,0x000000008000031E] -> 0x0024
[204] [M]: 0x000000008000031C (0x00248493) addi s1, s1, 0x2
x9 <- 0xFFF6040000010002

mem[X,0x0000000080000320] -> 0x0EB7
mem[X,0x0000000080000322] -> 0x0006
[205] [M]: 0x0000000080000320 (0x00060EB7) lui t4, 0x60
x29 <- 0x0000000000060000

mem[X,0x0000000080000324] -> 0x8E93
mem[X,0x0000000080000326] -> 0xFEFE
[206] [M]: 0x0000000080000324 (0xFEFE8E93) addi t4, t4, -0x11
x29 <- 0x000000000005FFEF

mem[X,0x0000000080000328] -> 0x9E93
mem[X,0x000000008000032A] -> 0x00BE
[207] [M]: 0x0000000080000328 (0x00BE9E93) slli t4, t4, 0xb
x29 <- 0x000000002FFF7800

mem[X,0x000000008000032C] -> 0x8E93
mem[X,0x000000008000032E] -> 0x020E
[208] [M]: 0x000000008000032C (0x020E8E93) addi t4, t4, 0x20
x29 <- 0x000000002FFF7820

mem[X,0x0000000080000330] -> 0x9E93
mem[X,0x0000000080000332] -> 0x00BE
[209] [M]: 0x0000000080000330 (0x00BE9E93) slli t4, t4, 0xb
x29 <- 0x0000017FFBC10000

mem[X,0x0000000080000334] -> 0x8E93
mem[X,0x0000000080000336] -> 0x03FE
[210] [M]: 0x0000000080000334 (0x03FE8E93) addi t4, t4, 0x3f
x29 <- 0x0000017FFBC1003F

mem[X,0x0000000080000338] -> 0x9E93
mem[X,0x000000008000033A] -> 0x00AE
[211] [M]: 0x0000000080000338 (0x00AE9E93) slli t4, t4, 0xa
x29 <- 0x0005FFEF0400FC00

mem[X,0x000000008000033C] -> 0x8E93
mem[X,0x000000008000033E] -> 0x3EFE
[212] [M]: 0x000000008000033C (0x3EFE8E93) addi t4, t4, 0x3ef
x29 <- 0x0005FFEF0400FFEF

mem[X,0x0000000080000340] -> 0x803B
mem[X,0x0000000080000342] -> 0xD9D4
[213] [M]: 0x0000000080000340 (0xD9D4803B) pasub.h zero, s1, t4

mem[X,0x0000000080000344] -> 0xB423
mem[X,0x0000000080000346] -> 0x0201
[214] [M]: 0x0000000080000344 (0x0201B423) sd zero, 0x28(gp)
mem[0x0000000080004140] <- 0x0000000000000000

mem[X,0x0000000080000348] -> 0x8CB7
mem[X,0x000000008000034A] -> 0xC000
[215] [M]: 0x0000000080000348 (0xC0008CB7) lui s9, -0x3fff8
x25 <- 0xFFFFFFFFC0008000

mem[X,0x000000008000034C] -> 0x8C93
mem[X,0x000000008000034E] -> 0x000C
[216] [M]: 0x000000008000034C (0x000C8C93) addi s9, s9, 0x0
x25 <- 0xFFFFFFFFC0008000

mem[X,0x0000000080000350] -> 0x9C93
mem[X,0x0000000080000352] -> 0x00BC
[217] [M]: 0x0000000080000350 (0x00BC9C93) slli s9, s9, 0xb
x25 <- 0xFFFFFE0004000000

mem[X,0x0000000080000354] -> 0x8C93
mem[X,0x0000000080000356] -> 0x000C
[218] [M]: 0x0000000080000354 (0x000C8C93) addi s9, s9, 0x0
x25 <- 0xFFFFFE0004000000

mem[X,0x0000000080000358] -> 0x9C93
mem[X,0x000000008000035A] -> 0x00BC
[219] [M]: 0x0000000080000358 (0x00BC9C93) slli s9, s9, 0xb
x25 <- 0xFFF0002000000000

mem[X,0x000000008000035C] -> 0x8C93
mem[X,0x000000008000035E] -> 0x140C
[220] [M]: 0x000000008000035C (0x140C8C93) addi s9, s9, 0x140
x25 <- 0xFFF0002000000140

mem[X,0x0000000080000360] -> 0x9C93
mem[X,0x0000000080000362] -> 0x00AC
[221] [M]: 0x0000000080000360 (0x00AC9C93) slli s9, s9, 0xa
x25 <- 0xC000800000050000

mem[X,0x0000000080000364] -> 0x8C93
mem[X,0x0000000080000366] -> 0x004C
[222] [M]: 0x0000000080000364 (0x004C8C93) addi s9, s9, 0x4
x25 <- 0xC000800000050004

mem[X,0x0000000080000368] -> 0x0FB7
mem[X,0x000000008000036A] -> 0x0201
[223] [M]: 0x0000000080000368 (0x02010FB7) lui t6, 0x2010
x31 <- 0x0000000002010000

mem[X,0x000000008000036C] -> 0x8F93
mem[X,0x000000008000036E] -> 0xFF8F
[224] [M]: 0x000000008000036C (0xFF8F8F93) addi t6, t6, -0x8
x31 <- 0x000000000200FFF8

mem[X,0x0000000080000370] -> 0x9F93
mem[X,0x0000000080000372] -> 0x00BF
[225] [M]: 0x0000000080000370 (0x00BF9F93) slli t6, t6, 0xb
x31 <- 0x0000001007FFC000

mem[X,0x0000000080000374] -> 0x8F93
mem[X,0x0000000080000376] -> 0x7FFF
[226] [M]: 0x0000000080000374 (0x7FFF8F93) addi t6, t6, 0x7ff
x31 <- 0x0000001007FFC7FF

mem[X,0x0000000080000378] -> 0x9F93
mem[X,0x000000008000037A] -> 0x00BF
[227] [M]: 0x0000000080000378 (0x00BF9F93) slli t6, t6, 0xb
x31 <- 0x0000803FFE3FF800

mem[X,0x000000008000037C] -> 0x8F93
mem[X,0x000000008000037E] -> 0x7FFF
[228] [M]: 0x000000008000037C (0x7FFF8F93) addi t6, t6, 0x7ff
x31 <- 0x0000803FFE3FFFFF

mem[X,0x0000000080000380] -> 0x9F93
mem[X,0x0000000080000382] -> 0x00AF
[229] [M]: 0x0000000080000380 (0x00AF9F93) slli t6, t6, 0xa
x31 <- 0x0200FFF8FFFFFC00

mem[X,0x0000000080000384] -> 0x8F93
mem[X,0x0000000080000386] -> 0x3FBF
[230] [M]: 0x0000000080000384 (0x3FBF8F93) addi t6, t6, 0x3fb
x31 <- 0x0200FFF8FFFFFFFB

mem[X,0x0000000080000388] -> 0x893B
mem[X,0x000000008000038A] -> 0xD9FC
[231] [M]: 0x0000000080000388 (0xD9FC893B) pasub.h s2, s9, t6
x18 <- 0xDF00C00400030004

mem[X,0x000000008000038C] -> 0xB823
mem[X,0x000000008000038E] -> 0x0321
[232] [M]: 0x000000008000038C (0x0321B823) sd s2, 0x30(gp)
mem[0x0000000080004148] <- 0xDF00C00400030004

mem[X,0x0000000080000390] -> 0x0137
mem[X,0x0000000080000392] -> 0xFFF6
[233] [M]: 0x0000000080000390 (0xFFF60137) lui sp, -0xa0
x2 <- 0xFFFFFFFFFFF60000

mem[X,0x0000000080000394] -> 0x0113
mem[X,0x0000000080000396] -> 0x4001
[234] [M]: 0x0000000080000394 (0x40010113) addi sp, sp, 0x400
x2 <- 0xFFFFFFFFFFF60400

mem[X,0x0000000080000398] -> 0x1113
mem[X,0x000000008000039A] -> 0x00B1
[235] [M]: 0x0000000080000398 (0x00B11113) slli sp, sp, 0xb
x2 <- 0xFFFFFFFFB0200000

mem[X,0x000000008000039C] -> 0x0113
mem[X,0x000000008000039E] -> 0x0001
[236] [M]: 0x000000008000039C (0x00010113) addi sp, sp, 0x0
x2 <- 0xFFFFFFFFB0200000

mem[X,0x00000000800003A0] -> 0x1113
mem[X,0x00000000800003A2] -> 0x00B1
[237] [M]: 0x00000000800003A0 (0x00B11113) slli sp, sp, 0xb
x2 <- 0xFFFFFD8100000000

mem[X,0x00000000800003A4] -> 0x0113
mem[X,0x00000000800003A6] -> 0x0401
[238] [M]: 0x00000000800003A4 (0x04010113) addi sp, sp, 0x40
x2 <- 0xFFFFFD8100000040

mem[X,0x00000000800003A8] -> 0x1113
mem[X,0x00000000800003AA] -> 0x00A1
[239] [M]: 0x00000000800003A8 (0x00A11113) slli sp, sp, 0xa
x2 <- 0xFFF6040000010000

mem[X,0x00000000800003AC] -> 0x0113
mem[X,0x00000000800003AE] -> 0x0081
[240] [M]: 0x00000000800003AC (0x00810113) addi sp, sp, 0x8
x2 <- 0xFFF6040000010008

mem[X,0x00000000800003B0] -> 0x1B37
mem[X,0x00000000800003B2] -> 0xFDFF
[241] [M]: 0x00000000800003B0 (0xFDFF1B37) lui s6, -0x200f
x22 <- 0xFFFFFFFFFDFF1000

mem[X,0x00000000800003B4] -> 0x0B13
mem[X,0x00000000800003B6] -> 0x800B
[242] [M]: 0x00000000800003B4 (0x800B0B13) addi s6, s6, -0x800
x22 <- 0xFFFFFFFFFDFF0800

mem[X,0x00000000800003B8] -> 0x1B13
mem[X,0x00000000800003BA] -> 0x00BB
[243] [M]: 0x00000000800003B8 (0x00BB1B13) slli s6, s6, 0xb
x22 <- 0xFFFFFFEFF8400000

mem[X,0x00000000800003BC] -> 0x0B13
mem[X,0x00000000800003BE] -> 0x7FEB
[244] [M]: 0x00000000800003BC (0x7FEB0B13) addi s6, s6, 0x7fe
x22 <- 0xFFFFFFEFF84007FE

mem[X,0x00000000800003C0] -> 0x1B13
mem[X,0x00000000800003C2] -> 0x00BB
[245] [M]: 0x00000000800003C0 (0x00BB1B13) slli s6, s6, 0xb
x22 <- 0xFFFF7FC2003FF000

mem[X,0x00000000800003C4] -> 0x0B13
mem[X,0x00000000800003C6] -> 0x7E0B
[246] [M]: 0x00000000800003C4 (0x7E0B0B13) addi s6, s6, 0x7e0
x22 <- 0xFFFF7FC2003FF7E0

mem[X,0x00000000800003C8] -> 0x1B13
mem[X,0x00000000800003CA] -> 0x00AB
[247] [M]: 0x00000000800003C8 (0x00AB1B13) slli s6, s6, 0xa
x22 <- 0xFDFF0800FFDF8000

mem[X,0x00000000800003CC] -> 0x043B
mem[X,0x00000000800003CE] -> 0xD961
[248] [M]: 0x00000000800003CC (0xD961043B) pasub.h fp, sp, s6
x8 <- 0x00FBFE0000114004

mem[X,0x00000000800003D0] -> 0xBC23
mem[X,0x00000000800003D2] -> 0x0281
[249] [M]: 0x00000000800003D0 (0x0281BC23) sd fp, 0x38(gp)
mem[0x0000000080004150] <- 0x00FBFE0000114004

mem[X,0x00000000800003D4] -> 0x2E37
mem[X,0x00000000800003D6] -> 0x2000
[250] [M]: 0x00000000800003D4 (0x20002E37) lui t3, 0x20002
x28 <- 0x0000000020002000

mem[X,0x00000000800003D8] -> 0x0E13
mem[X,0x00000000800003DA] -> 0x000E
[251] [M]: 0x00000000800003D8 (0x000E0E13) addi t3, t3, 0x0
x28 <- 0x0000000020002000

mem[X,0x00000000800003DC] -> 0x1E13
mem[X,0x00000000800003DE] -> 0x00BE
[252] [M]: 0x00000000800003DC (0x00BE1E13) slli t3, t3, 0xb
x28 <- 0x0000010001000000

mem[X,0x00000000800003E0] -> 0x0E13
mem[X,0x00000000800003E2] -> 0x7FFE
[253] [M]: 0x00000000800003E0 (0x7FFE0E13) addi t3, t3, 0x7ff
x28 <- 0x00000100010007FF

mem[X,0x00000000800003E4] -> 0x1E13
mem[X,0x00000000800003E6] -> 0x00BE
[254] [M]: 0x00000000800003E4 (0x00BE1E13) slli t3, t3, 0xb
x28 <- 0x00080008003FF800

mem[X,0x00000000800003E8] -> 0x0E13
mem[X,0x00000000800003EA] -> 0x780E
[255] [M]: 0x00000000800003E8 (0x780E0E13) addi t3, t3, 0x780
x28 <- 0x00080008003FFF80

mem[X,0x00000000800003EC] -> 0x1E13
mem[X,0x00000000800003EE] -> 0x00AE
[256] [M]: 0x00000000800003EC (0x00AE1E13) slli t3, t3, 0xa
x28 <- 0x20002000FFFE0000

mem[X,0x00000000800003F0] -> 0x0E13
mem[X,0x00000000800003F2] -> 0x010E
[257] [M]: 0x00000000800003F0 (0x010E0E13) addi t3, t3, 0x10
x28 <- 0x20002000FFFE0010

mem[X,0x00000000800003F4] -> 0x0937
mem[X,0x00000000800003F6] -> 0x3FFF
[258] [M]: 0x00000000800003F4 (0x3FFF0937) lui s2, 0x3fff0
x18 <- 0x000000003FFF0000

mem[X,0x00000000800003F8] -> 0x0913
mem[X,0x00000000800003FA] -> 0x0019
[259] [M]: 0x00000000800003F8 (0x00190913) addi s2, s2, 0x1
x18 <- 0x000000003FFF0001

mem[X,0x00000000800003FC] -> 0x1913
mem[X,0x00000000800003FE] -> 0x00B9
[260] [M]: 0x00000000800003FC (0x00B91913) slli s2, s2, 0xb
x18 <- 0x000001FFF8000800

mem[X,0x0000000080000400] -> 0x0913
mem[X,0x0000000080000402] -> 0x0009
[261] [M]: 0x0000000080000400 (0x00090913) addi s2, s2, 0x0
x18 <- 0x000001FFF8000800

mem[X,0x0000000080000404] -> 0x1913
mem[X,0x0000000080000406] -> 0x00B9
[262] [M]: 0x0000000080000404 (0x00B91913) slli s2, s2, 0xb
x18 <- 0x000FFFC000400000

mem[X,0x0000000080000408] -> 0x0913
mem[X,0x000000008000040A] -> 0x2409
[263] [M]: 0x0000000080000408 (0x24090913) addi s2, s2, 0x240
x18 <- 0x000FFFC000400240

mem[X,0x000000008000040C] -> 0x1913
mem[X,0x000000008000040E] -> 0x00A9
[264] [M]: 0x000000008000040C (0x00A91913) slli s2, s2, 0xa
x18 <- 0x3FFF000100090000

mem[X,0x0000000080000410] -> 0x0913
mem[X,0x0000000080000412] -> 0x0809
[265] [M]: 0x0000000080000410 (0x08090913) addi s2, s2, 0x80
x18 <- 0x3FFF000100090080

mem[X,0x0000000080000414] -> 0x03BB
mem[X,0x0000000080000416] -> 0xD92E
[266] [M]: 0x0000000080000414 (0xD92E03BB) pasub.h t2, t3, s2
x7 <- 0xF0000FFFFFFAFFC8

mem[X,0x0000000080000418] -> 0xB023
mem[X,0x000000008000041A] -> 0x0471
[267] [M]: 0x0000000080000418 (0x0471B023) sd t2, 0x40(gp)
mem[0x0000000080004158] <- 0xF0000FFFFFFAFFC8

mem[X,0x000000008000041C] -> 0x0537
mem[X,0x000000008000041E] -> 0x0006
[268] [M]: 0x000000008000041C (0x00060537) lui a0, 0x60
x10 <- 0x0000000000060000

mem[X,0x0000000080000420] -> 0x0513
mem[X,0x0000000080000422] -> 0x2005
[269] [M]: 0x0000000080000420 (0x20050513) addi a0, a0, 0x200
x10 <- 0x0000000000060200

mem[X,0x0000000080000424] -> 0x1513
mem[X,0x0000000080000426] -> 0x00B5
[270] [M]: 0x0000000080000424 (0x00B51513) slli a0, a0, 0xb
x10 <- 0x0000000030100000

mem[X,0x0000000080000428] -> 0x0513
mem[X,0x000000008000042A] -> 0x6005
[271] [M]: 0x0000000080000428 (0x60050513) addi a0, a0, 0x600
x10 <- 0x0000000030100600

mem[X,0x000000008000042C] -> 0x1513
mem[X,0x000000008000042E] -> 0x00B5
[272] [M]: 0x000000008000042C (0x00B51513) slli a0, a0, 0xb
x10 <- 0x0000018080300000

mem[X,0x0000000080000430] -> 0x0513
mem[X,0x0000000080000432] -> 0x0005
[273] [M]: 0x0000000080000430 (0x00050513) addi a0, a0, 0x0
x10 <- 0x0000018080300000

mem[X,0x0000000080000434] -> 0x1513
mem[X,0x0000000080000436] -> 0x00A5
[274] [M]: 0x0000000080000434 (0x00A51513) slli a0, a0, 0xa
x10 <- 0x00060200C0000000

mem[X,0x0000000080000438] -> 0x0513
mem[X,0x000000008000043A] -> 0x0205
[275] [M]: 0x0000000080000438 (0x02050513) addi a0, a0, 0x20
x10 <- 0x00060200C0000020

mem[X,0x000000008000043C] -> 0x02B7
mem[X,0x000000008000043E] -> 0xFFEF
[276] [M]: 0x000000008000043C (0xFFEF02B7) lui t0, -0x110
x5 <- 0xFFFFFFFFFFEF0000

mem[X,0x0000000080000440] -> 0x8293
mem[X,0x0000000080000442] -> 0x0402
[277] [M]: 0x0000000080000440 (0x04028293) addi t0, t0, 0x40
x5 <- 0xFFFFFFFFFFEF0040

mem[X,0x0000000080000444] -> 0x9293
mem[X,0x0000000080000446] -> 0x00B2
[278] [M]: 0x0000000080000444 (0x00B29293) slli t0, t0, 0xb
x5 <- 0xFFFFFFFF78020000

mem[X,0x0000000080000448] -> 0x8293
mem[X,0x000000008000044A] -> 0x0002
[279] [M]: 0x0000000080000448 (0x00028293) addi t0, t0, 0x0
x5 <- 0xFFFFFFFF78020000

mem[X,0x000000008000044C] -> 0x9293
mem[X,0x000000008000044E] -> 0x00B2
[280] [M]: 0x000000008000044C (0x00B29293) slli t0, t0, 0xb
x5 <- 0xFFFFFBC010000000

mem[X,0x0000000080000450] -> 0x8293
mem[X,0x0000000080000452] -> 0x2402
[281] [M]: 0x0000000080000450 (0x24028293) addi t0, t0, 0x240
x5 <- 0xFFFFFBC010000240

mem[X,0x0000000080000454] -> 0x9293
mem[X,0x0000000080000456] -> 0x00A2
[282] [M]: 0x0000000080000454 (0x00A29293) slli t0, t0, 0xa
x5 <- 0xFFEF004000090000

mem[X,0x0000000080000458] -> 0x8293
mem[X,0x000000008000045A] -> 0x0802
[283] [M]: 0x0000000080000458 (0x08028293) addi t0, t0, 0x80
x5 <- 0xFFEF004000090080

mem[X,0x000000008000045C] -> 0x0B3B
mem[X,0x000000008000045E] -> 0xD855
[284] [M]: 0x000000008000045C (0xD8550B3B) pasub.h s6, a0, t0
x22 <- 0x000B00E0DFFBFFD0

mem[X,0x0000000080000460] -> 0xB423
mem[X,0x0000000080000462] -> 0x0561
[285] [M]: 0x0000000080000460 (0x0561B423) sd s6, 0x48(gp)
mem[0x0000000080004160] <- 0x000B00E0DFFBFFD0

mem[X,0x0000000080000464] -> 0x8DB7
mem[X,0x0000000080000466] -> 0x5555
[286] [M]: 0x0000000080000464 (0x55558DB7) lui s11, 0x55558
x27 <- 0x0000000055558000

mem[X,0x0000000080000468] -> 0x8D93
mem[X,0x000000008000046A] -> 0x000D
[287] [M]: 0x0000000080000468 (0x000D8D93) addi s11, s11, 0x0
x27 <- 0x0000000055558000

mem[X,0x000000008000046C] -> 0x9D93
mem[X,0x000000008000046E] -> 0x00BD
[288] [M]: 0x000000008000046C (0x00BD9D93) slli s11, s11, 0xb
x27 <- 0x000002AAAC000000

mem[X,0x0000000080000470] -> 0x8D93
mem[X,0x0000000080000472] -> 0x1FFD
[289] [M]: 0x0000000080000470 (0x1FFD8D93) addi s11, s11, 0x1ff
x27 <- 0x000002AAAC0001FF

mem[X,0x0000000080000474] -> 0x9D93
mem[X,0x0000000080000476] -> 0x00BD
[290] [M]: 0x0000000080000474 (0x00BD9D93) slli s11, s11, 0xb
x27 <- 0x00155560000FF800

mem[X,0x0000000080000478] -> 0x8D93
mem[X,0x000000008000047A] -> 0x7C0D
[291] [M]: 0x0000000080000478 (0x7C0D8D93) addi s11, s11, 0x7c0
x27 <- 0x00155560000FFFC0

mem[X,0x000000008000047C] -> 0x9D93
mem[X,0x000000008000047E] -> 0x00AD
[292] [M]: 0x000000008000047C (0x00AD9D93) slli s11, s11, 0xa
x27 <- 0x555580003FFF0000

mem[X,0x0000000080000480] -> 0x8D93
mem[X,0x0000000080000482] -> 0x040D
[293] [M]: 0x0000000080000480 (0x040D8D93) addi s11, s11, 0x40
x27 <- 0x555580003FFF0040

mem[X,0x0000000080000484] -> 0x07B7
mem[X,0x0000000080000486] -> 0xFF80
[294] [M]: 0x0000000080000484 (0xFF8007B7) lui a5, -0x800
x15 <- 0xFFFFFFFFFF800000

mem[X,0x0000000080000488] -> 0x8793
mem[X,0x000000008000048A] -> 0xFBF7
[295] [M]: 0x0000000080000488 (0xFBF78793) addi a5, a5, -0x41
x15 <- 0xFFFFFFFFFF7FFFBF

mem[X,0x000000008000048C] -> 0x9793
mem[X,0x000000008000048E] -> 0x00B7
[296] [M]: 0x000000008000048C (0x00B79793) slli a5, a5, 0xb
x15 <- 0xFFFFFFFBFFFDF800

mem[X,0x0000000080000490] -> 0x8793
mem[X,0x0000000080000492] -> 0x7FF7
[297] [M]: 0x0000000080000490 (0x7FF78793) addi a5, a5, 0x7ff
x15 <- 0xFFFFFFFBFFFDFFFF

mem[X,0x0000000080000494] -> 0x9793
mem[X,0x0000000080000496] -> 0x00B7
[298] [M]: 0x0000000080000494 (0x00B79793) slli a5, a5, 0xb
x15 <- 0xFFFFDFFFEFFFF800

mem[X,0x0000000080000498] -> 0x8793
mem[X,0x000000008000049A] -> 0x5BF7
[299] [M]: 0x0000000080000498 (0x5BF78793) addi a5, a5, 0x5bf
x15 <- 0xFFFFDFFFEFFFFDBF

clint::tick mtime <- 0x0000000000000003
 clint timer pending at mtime 0x0000000000000003
htif::tick 0x0000000000000000
mem[X,0x000000008000049C] -> 0x9793
mem[X,0x000000008000049E] -> 0x00A7
[300] [M]: 0x000000008000049C (0x00A79793) slli a5, a5, 0xa
x15 <- 0xFF7FFFBFFFF6FC00

mem[X,0x00000000800004A0] -> 0x8793
mem[X,0x00000000800004A2] -> 0x3FB7
[301] [M]: 0x00000000800004A0 (0x3FB78793) addi a5, a5, 0x3fb
x15 <- 0xFF7FFFBFFFF6FFFB

mem[X,0x00000000800004A4] -> 0x8E3B
mem[X,0x00000000800004A6] -> 0xD8FD
[302] [M]: 0x00000000800004A4 (0xD8FD8E3B) pasub.h t3, s11, a5
x28 <- 0x2AEBC02020040022

mem[X,0x00000000800004A8] -> 0xB823
mem[X,0x00000000800004AA] -> 0x05C1
[303] [M]: 0x00000000800004A8 (0x05C1B823) sd t3, 0x50(gp)
mem[0x0000000080004168] <- 0x2AEBC02020040022

mem[X,0x00000000800004AC] -> 0x5937
mem[X,0x00000000800004AE] -> 0xFEFF
[304] [M]: 0x00000000800004AC (0xFEFF5937) lui s2, -0x100b
x18 <- 0xFFFFFFFFFEFF5000

mem[X,0x00000000800004B0] -> 0x0913
mem[X,0x00000000800004B2] -> 0x5559
[305] [M]: 0x00000000800004B0 (0x55590913) addi s2, s2, 0x555
x18 <- 0xFFFFFFFFFEFF5555

mem[X,0x00000000800004B4] -> 0x1913
mem[X,0x00000000800004B6] -> 0x00B9
[306] [M]: 0x00000000800004B4 (0x00B91913) slli s2, s2, 0xb
x18 <- 0xFFFFFFF7FAAAA800

mem[X,0x00000000800004B8] -> 0x0913
mem[X,0x00000000800004BA] -> 0x0009
[307] [M]: 0x00000000800004B8 (0x00090913) addi s2, s2, 0x0
x18 <- 0xFFFFFFF7FAAAA800

mem[X,0x00000000800004BC] -> 0x1913
mem[X,0x00000000800004BE] -> 0x00B9
[308] [M]: 0x00000000800004BC (0x00B91913) slli s2, s2, 0xb
x18 <- 0xFFFFBFD555400000

mem[X,0x00000000800004C0] -> 0x0913
mem[X,0x00000000800004C2] -> 0x1809
[309] [M]: 0x00000000800004C0 (0x18090913) addi s2, s2, 0x180
x18 <- 0xFFFFBFD555400180

mem[X,0x00000000800004C4] -> 0x1913
mem[X,0x00000000800004C6] -> 0x00A9
[310] [M]: 0x00000000800004C4 (0x00A91913) slli s2, s2, 0xa
x18 <- 0xFEFF555500060000

mem[X,0x00000000800004C8] -> 0x0913
mem[X,0x00000000800004CA] -> 0x0809
[311] [M]: 0x00000000800004C8 (0x08090913) addi s2, s2, 0x80
x18 <- 0xFEFF555500060080

mem[X,0x00000000800004CC] -> 0x0E37
mem[X,0x00000000800004CE] -> 0x5555
[312] [M]: 0x00000000800004CC (0x55550E37) lui t3, 0x55550
x28 <- 0x0000000055550000

mem[X,0x00000000800004D0] -> 0x0E13
mem[X,0x00000000800004D2] -> 0x001E
[313] [M]: 0x00000000800004D0 (0x001E0E13) addi t3, t3, 0x1
x28 <- 0x0000000055550001

mem[X,0x00000000800004D4] -> 0x1E13
mem[X,0x00000000800004D6] -> 0x00BE
[314] [M]: 0x00000000800004D4 (0x00BE1E13) slli t3, t3, 0xb
x28 <- 0x000002AAA8000800

mem[X,0x00000000800004D8] -> 0x0E13
mem[X,0x00000000800004DA] -> 0x000E
[315] [M]: 0x00000000800004D8 (0x000E0E13) addi t3, t3, 0x0
x28 <- 0x000002AAA8000800

mem[X,0x00000000800004DC] -> 0x1E13
mem[X,0x00000000800004DE] -> 0x00BE
[316] [M]: 0x00000000800004DC (0x00BE1E13) slli t3, t3, 0xb
x28 <- 0x0015554000400000

mem[X,0x00000000800004E0] -> 0x0E13
mem[X,0x00000000800004E2] -> 0x184E
[317] [M]: 0x00000000800004E0 (0x184E0E13) addi t3, t3, 0x184
x28 <- 0x0015554000400184

mem[X,0x00000000800004E4] -> 0x1E13
mem[X,0x00000000800004E6] -> 0x00AE
[318] [M]: 0x00000000800004E4 (0x00AE1E13) slli t3, t3, 0xa
x28 <- 0x5555000100061000

mem[X,0x00000000800004E8] -> 0x033B
mem[X,0x00000000800004EA] -> 0xD9C9
[319] [M]: 0x00000000800004E8 (0xD9C9033B) pasub.h t1, s2, t3
x6 <- 0xD4D52AAA0000F840

mem[X,0x00000000800004EC] -> 0xBC23
mem[X,0x00000000800004EE] -> 0x0461
[320] [M]: 0x00000000800004EC (0x0461BC23) sd t1, 0x58(gp)
mem[0x0000000080004170] <- 0xD4D52AAA0000F840

mem[X,0x00000000800004F0] -> 0x06B7
mem[X,0x00000000800004F2] -> 0x0010
[321] [M]: 0x00000000800004F0 (0x001006B7) lui a3, 0x100
x13 <- 0x0000000000100000

mem[X,0x00000000800004F4] -> 0x8693
mem[X,0x00000000800004F6] -> 0x0036
[322] [M]: 0x00000000800004F4 (0x00368693) addi a3, a3, 0x3
x13 <- 0x0000000000100003

mem[X,0x00000000800004F8] -> 0x9693
mem[X,0x00000000800004FA] -> 0x00B6
[323] [M]: 0x00000000800004F8 (0x00B69693) slli a3, a3, 0xb
x13 <- 0x0000000080001800

mem[X,0x00000000800004FC] -> 0x8693
mem[X,0x00000000800004FE] -> 0x0106
[324] [M]: 0x00000000800004FC (0x01068693) addi a3, a3, 0x10
x13 <- 0x0000000080001810

mem[X,0x0000000080000500] -> 0x9693
mem[X,0x0000000080000502] -> 0x00B6
[325] [M]: 0x0000000080000500 (0x00B69693) slli a3, a3, 0xb
x13 <- 0x0000040000C08000

mem[X,0x0000000080000504] -> 0x8693
mem[X,0x0000000080000506] -> 0x0006
[326] [M]: 0x0000000080000504 (0x00068693) addi a3, a3, 0x0
x13 <- 0x0000040000C08000

mem[X,0x0000000080000508] -> 0x9693
mem[X,0x000000008000050A] -> 0x00A6
[327] [M]: 0x0000000080000508 (0x00A69693) slli a3, a3, 0xa
x13 <- 0x0010000302000000

mem[X,0x000000008000050C] -> 0x8693
mem[X,0x000000008000050E] -> 0x1006
[328] [M]: 0x000000008000050C (0x10068693) addi a3, a3, 0x100
x13 <- 0x0010000302000100

mem[X,0x0000000080000510] -> 0xF0B7
mem[X,0x0000000080000512] -> 0x0003
[329] [M]: 0x0000000080000510 (0x0003F0B7) lui ra, 0x3f
x1 <- 0x000000000003F000

mem[X,0x0000000080000514] -> 0x8093
mem[X,0x0000000080000516] -> 0xFFF0
[330] [M]: 0x0000000080000514 (0xFFF08093) addi ra, ra, -0x1
x1 <- 0x000000000003EFFF

mem[X,0x0000000080000518] -> 0x9093
mem[X,0x000000008000051A] -> 0x00B0
[331] [M]: 0x0000000080000518 (0x00B09093) slli ra, ra, 0xb
x1 <- 0x000000001F7FF800

mem[X,0x000000008000051C] -> 0x8093
mem[X,0x000000008000051E] -> 0x0080
[332] [M]: 0x000000008000051C (0x00808093) addi ra, ra, 0x8
x1 <- 0x000000001F7FF808

mem[X,0x0000000080000520] -> 0x9093
mem[X,0x0000000080000522] -> 0x00B0
[333] [M]: 0x0000000080000520 (0x00B09093) slli ra, ra, 0xb
x1 <- 0x000000FBFFC04000

mem[X,0x0000000080000524] -> 0x8093
mem[X,0x0000000080000526] -> 0x03F0
[334] [M]: 0x0000000080000524 (0x03F08093) addi ra, ra, 0x3f
x1 <- 0x000000FBFFC0403F

mem[X,0x0000000080000528] -> 0x9093
mem[X,0x000000008000052A] -> 0x00A0
[335] [M]: 0x0000000080000528 (0x00A09093) slli ra, ra, 0xa
x1 <- 0x0003EFFF0100FC00

mem[X,0x000000008000052C] -> 0x8093
mem[X,0x000000008000052E] -> 0x3FA0
[336] [M]: 0x000000008000052C (0x3FA08093) addi ra, ra, 0x3fa
x1 <- 0x0003EFFF0100FFFA

mem[X,0x0000000080000530] -> 0x8C3B
mem[X,0x0000000080000532] -> 0xD816
[337] [M]: 0x0000000080000530 (0xD8168C3B) pasub.h s8, a3, ra
x24 <- 0x0006080200800083

mem[X,0x0000000080000534] -> 0xB023
mem[X,0x0000000080000536] -> 0x0781
[338] [M]: 0x0000000080000534 (0x0781B023) sd s8, 0x60(gp)
mem[0x0000000080004178] <- 0x0006080200800083

mem[X,0x0000000080000538] -> 0x0637
mem[X,0x000000008000053A] -> 0x0002
[339] [M]: 0x0000000080000538 (0x00020637) lui a2, 0x20
x12 <- 0x0000000000020000

mem[X,0x000000008000053C] -> 0x0613
mem[X,0x000000008000053E] -> 0x0056
[340] [M]: 0x000000008000053C (0x00560613) addi a2, a2, 0x5
x12 <- 0x0000000000020005

mem[X,0x0000000080000540] -> 0x1613
mem[X,0x0000000080000542] -> 0x00B6
[341] [M]: 0x0000000080000540 (0x00B61613) slli a2, a2, 0xb
x12 <- 0x0000000010002800

mem[X,0x0000000080000544] -> 0x0613
mem[X,0x0000000080000546] -> 0x1006
[342] [M]: 0x0000000080000544 (0x10060613) addi a2, a2, 0x100
x12 <- 0x0000000010002900

mem[X,0x0000000080000548] -> 0x1613
mem[X,0x000000008000054A] -> 0x00B6
[343] [M]: 0x0000000080000548 (0x00B61613) slli a2, a2, 0xb
x12 <- 0x0000008001480000

mem[X,0x000000008000054C] -> 0x0613
mem[X,0x000000008000054E] -> 0x0006
[344] [M]: 0x000000008000054C (0x00060613) addi a2, a2, 0x0
x12 <- 0x0000008001480000

mem[X,0x0000000080000550] -> 0x1613
mem[X,0x0000000080000552] -> 0x00A6
[345] [M]: 0x0000000080000550 (0x00A61613) slli a2, a2, 0xa
x12 <- 0x0002000520000000

mem[X,0x0000000080000554] -> 0x0613
mem[X,0x0000000080000556] -> 0x2006
[346] [M]: 0x0000000080000554 (0x20060613) addi a2, a2, 0x200
x12 <- 0x0002000520000200

mem[X,0x0000000080000558] -> 0x0737
mem[X,0x000000008000055A] -> 0x2000
[347] [M]: 0x0000000080000558 (0x20000737) lui a4, 0x20000
x14 <- 0x0000000020000000

mem[X,0x000000008000055C] -> 0x0713
mem[X,0x000000008000055E] -> 0x0017
[348] [M]: 0x000000008000055C (0x00170713) addi a4, a4, 0x1
x14 <- 0x0000000020000001

mem[X,0x0000000080000560] -> 0x1713
mem[X,0x0000000080000562] -> 0x00B7
[349] [M]: 0x0000000080000560 (0x00B71713) slli a4, a4, 0xb
x14 <- 0x0000010000000800

mem[X,0x0000000080000564] -> 0x0713
mem[X,0x0000000080000566] -> 0x7FF7
[350] [M]: 0x0000000080000564 (0x7FF70713) addi a4, a4, 0x7ff
x14 <- 0x0000010000000FFF

mem[X,0x0000000080000568] -> 0x1713
mem[X,0x000000008000056A] -> 0x00B7
[351] [M]: 0x0000000080000568 (0x00B71713) slli a4, a4, 0xb
x14 <- 0x00080000007FF800

mem[X,0x000000008000056C] -> 0x0713
mem[X,0x000000008000056E] -> 0x64F7
[352] [M]: 0x000000008000056C (0x64F70713) addi a4, a4, 0x64f
x14 <- 0x00080000007FFE4F

mem[X,0x0000000080000570] -> 0x1713
mem[X,0x0000000080000572] -> 0x00A7
[353] [M]: 0x0000000080000570 (0x00A71713) slli a4, a4, 0xa
x14 <- 0x20000001FFF93C00

mem[X,0x0000000080000574] -> 0x0713
mem[X,0x0000000080000576] -> 0x3FF7
[354] [M]: 0x0000000080000574 (0x3FF70713) addi a4, a4, 0x3ff
x14 <- 0x20000001FFF93FFF

mem[X,0x0000000080000578] -> 0x053B
mem[X,0x000000008000057A] -> 0xD8E6
[355] [M]: 0x0000000080000578 (0xD8E6053B) pasub.h a0, a2, a4
x10 <- 0xF00100021003E100

mem[X,0x000000008000057C] -> 0xB423
mem[X,0x000000008000057E] -> 0x06A1
[356] [M]: 0x000000008000057C (0x06A1B423) sd a0, 0x68(gp)
mem[0x0000000080004180] <- 0xF00100021003E100

mem[X,0x0000000080000580] -> 0x4437
mem[X,0x0000000080000582] -> 0xFFFD
[357] [M]: 0x0000000080000580 (0xFFFD4437) lui fp, -0x2c
x8 <- 0xFFFFFFFFFFFD4000

mem[X,0x0000000080000584] -> 0x0413
mem[X,0x0000000080000586] -> 0x0004
[358] [M]: 0x0000000080000584 (0x00040413) addi fp, fp, 0x0
x8 <- 0xFFFFFFFFFFFD4000

mem[X,0x0000000080000588] -> 0x1413
mem[X,0x000000008000058A] -> 0x00B4
[359] [M]: 0x0000000080000588 (0x00B41413) slli fp, fp, 0xb
x8 <- 0xFFFFFFFFEA000000

mem[X,0x000000008000058C] -> 0x0413
mem[X,0x000000008000058E] -> 0x7BF4
[360] [M]: 0x000000008000058C (0x7BF40413) addi fp, fp, 0x7bf
x8 <- 0xFFFFFFFFEA0007BF

mem[X,0x0000000080000590] -> 0x1413
mem[X,0x0000000080000592] -> 0x00B4
[361] [M]: 0x0000000080000590 (0x00B41413) slli fp, fp, 0xb
x8 <- 0xFFFFFF50003DF800

mem[X,0x0000000080000594] -> 0x0413
mem[X,0x0000000080000596] -> 0x7C14
[362] [M]: 0x0000000080000594 (0x7C140413) addi fp, fp, 0x7c1
x8 <- 0xFFFFFF50003DFFC1

mem[X,0x0000000080000598] -> 0x1413
mem[X,0x000000008000059A] -> 0x00A4
[363] [M]: 0x0000000080000598 (0x00A41413) slli fp, fp, 0xa
x8 <- 0xFFFD4000F7FF0400

mem[X,0x000000008000059C] -> 0x0A37
mem[X,0x000000008000059E] -> 0xC000
[364] [M]: 0x000000008000059C (0xC0000A37) lui s4, -0x40000
x20 <- 0xFFFFFFFFC0000000

mem[X,0x00000000800005A0] -> 0x0A13
mem[X,0x00000000800005A2] -> 0x002A
[365] [M]: 0x00000000800005A0 (0x002A0A13) addi s4, s4, 0x2
x20 <- 0xFFFFFFFFC0000002

mem[X,0x00000000800005A4] -> 0x1A13
mem[X,0x00000000800005A6] -> 0x00BA
[366] [M]: 0x00000000800005A4 (0x00BA1A13) slli s4, s4, 0xb
x20 <- 0xFFFFFE0000001000

mem[X,0x00000000800005A8] -> 0x0A13
mem[X,0x00000000800005AA] -> 0x7FFA
[367] [M]: 0x00000000800005A8 (0x7FFA0A13) addi s4, s4, 0x7ff
x20 <- 0xFFFFFE00000017FF

mem[X,0x00000000800005AC] -> 0x1A13
mem[X,0x00000000800005AE] -> 0x00BA
[368] [M]: 0x00000000800005AC (0x00BA1A13) slli s4, s4, 0xb
x20 <- 0xFFF0000000BFF800

mem[X,0x00000000800005B0] -> 0x0A13
mem[X,0x00000000800005B2] -> 0x6D5A
[369] [M]: 0x00000000800005B0 (0x6D5A0A13) addi s4, s4, 0x6d5
x20 <- 0xFFF0000000BFFED5

mem[X,0x00000000800005B4] -> 0x1A13
mem[X,0x00000000800005B6] -> 0x00AA
[370] [M]: 0x00000000800005B4 (0x00AA1A13) slli s4, s4, 0xa
x20 <- 0xC0000002FFFB5400

mem[X,0x00000000800005B8] -> 0x0A13
mem[X,0x00000000800005BA] -> 0x155A
[371] [M]: 0x00000000800005B8 (0x155A0A13) addi s4, s4, 0x155
x20 <- 0xC0000002FFFB5555

mem[X,0x00000000800005BC] -> 0x0EBB
mem[X,0x00000000800005BE] -> 0xD944
[372] [M]: 0x00000000800005BC (0xD9440EBB) pasub.h t4, fp, s4
x29 <- 0x1FFE1FFFFC02D755

mem[X,0x00000000800005C0] -> 0xB823
mem[X,0x00000000800005C2] -> 0x07D1
[373] [M]: 0x00000000800005C0 (0x07D1B823) sd t4, 0x70(gp)
mem[0x0000000080004188] <- 0x1FFE1FFFFC02D755

mem[X,0x00000000800005C4] -> 0x0013
mem[X,0x00000000800005C6] -> 0x0000
[374] [M]: 0x00000000800005C4 (0x00000013) addi zero, zero, 0x0

mem[X,0x00000000800005C8] -> 0x0013
mem[X,0x00000000800005CA] -> 0x0000
[375] [M]: 0x00000000800005C8 (0x00000013) addi zero, zero, 0x0

mem[X,0x00000000800005CC] -> 0x0013
mem[X,0x00000000800005CE] -> 0x0000
[376] [M]: 0x00000000800005CC (0x00000013) addi zero, zero, 0x0

mem[X,0x00000000800005D0] -> 0x0013
mem[X,0x00000000800005D2] -> 0x0000
[377] [M]: 0x00000000800005D0 (0x00000013) addi zero, zero, 0x0

mem[X,0x00000000800005D4] -> 0x0013
mem[X,0x00000000800005D6] -> 0x0000
[378] [M]: 0x00000000800005D4 (0x00000013) addi zero, zero, 0x0

mem[X,0x00000000800005D8] -> 0x0013
mem[X,0x00000000800005DA] -> 0x0000
[379] [M]: 0x00000000800005D8 (0x00000013) addi zero, zero, 0x0

mem[X,0x00000000800005DC] -> 0x0013
mem[X,0x00000000800005DE] -> 0x0000
[380] [M]: 0x00000000800005DC (0x00000013) addi zero, zero, 0x0

mem[X,0x00000000800005E0] -> 0x4117
mem[X,0x00000000800005E2] -> 0x0000
[381] [M]: 0x00000000800005E0 (0x00004117) auipc sp, 0x4
x2 <- 0x00000000800045E0

mem[X,0x00000000800005E4] -> 0x0113
mem[X,0x00000000800005E6] -> 0xBB01
[382] [M]: 0x00000000800005E4 (0xBB010113) addi sp, sp, -0x450
x2 <- 0x0000000080004190

mem[X,0x00000000800005E8] -> 0x0013
mem[X,0x00000000800005EA] -> 0x0000
[383] [M]: 0x00000000800005E8 (0x00000013) addi zero, zero, 0x0

mem[X,0x00000000800005EC] -> 0x0013
mem[X,0x00000000800005EE] -> 0x0000
[384] [M]: 0x00000000800005EC (0x00000013) addi zero, zero, 0x0

mem[X,0x00000000800005F0] -> 0x0013
mem[X,0x00000000800005F2] -> 0x0000
[385] [M]: 0x00000000800005F0 (0x00000013) addi zero, zero, 0x0

mem[X,0x00000000800005F4] -> 0x0013
mem[X,0x00000000800005F6] -> 0x0000
[386] [M]: 0x00000000800005F4 (0x00000013) addi zero, zero, 0x0

mem[X,0x00000000800005F8] -> 0x0013
mem[X,0x00000000800005FA] -> 0x0000
[387] [M]: 0x00000000800005F8 (0x00000013) addi zero, zero, 0x0

mem[X,0x00000000800005FC] -> 0x0013
mem[X,0x00000000800005FE] -> 0x0000
[388] [M]: 0x00000000800005FC (0x00000013) addi zero, zero, 0x0

mem[X,0x0000000080000600] -> 0x8D37
mem[X,0x0000000080000602] -> 0xFFEF
[389] [M]: 0x0000000080000600 (0xFFEF8D37) lui s10, -0x108
x26 <- 0xFFFFFFFFFFEF8000

mem[X,0x0000000080000604] -> 0x0D13
mem[X,0x0000000080000606] -> 0x000D
[390] [M]: 0x0000000080000604 (0x000D0D13) addi s10, s10, 0x0
x26 <- 0xFFFFFFFFFFEF8000

mem[X,0x0000000080000608] -> 0x1D13
mem[X,0x000000008000060A] -> 0x00BD
[391] [M]: 0x0000000080000608 (0x00BD1D13) slli s10, s10, 0xb
x26 <- 0xFFFFFFFF7C000000

mem[X,0x000000008000060C] -> 0x0D13
mem[X,0x000000008000060E] -> 0x7EFD
[392] [M]: 0x000000008000060C (0x7EFD0D13) addi s10, s10, 0x7ef
x26 <- 0xFFFFFFFF7C0007EF

mem[X,0x0000000080000610] -> 0x1D13
mem[X,0x0000000080000612] -> 0x00BD
[393] [M]: 0x0000000080000610 (0x00BD1D13) slli s10, s10, 0xb
x26 <- 0xFFFFFBE0003F7800

mem[X,0x0000000080000614] -> 0x0D13
mem[X,0x0000000080000616] -> 0x7C2D
[394] [M]: 0x0000000080000614 (0x7C2D0D13) addi s10, s10, 0x7c2
x26 <- 0xFFFFFBE0003F7FC2

mem[X,0x0000000080000618] -> 0x1D13
mem[X,0x000000008000061A] -> 0x00AD
[395] [M]: 0x0000000080000618 (0x00AD1D13) slli s10, s10, 0xa
x26 <- 0xFFEF8000FDFF0800

mem[X,0x000000008000061C] -> 0x0BB7
mem[X,0x000000008000061E] -> 0x1001
[396] [M]: 0x000000008000061C (0x10010BB7) lui s7, 0x10010
x23 <- 0x0000000010010000

mem[X,0x0000000080000620] -> 0x8B93
mem[X,0x0000000080000622] -> 0xFFDB
[397] [M]: 0x0000000080000620 (0xFFDB8B93) addi s7, s7, -0x3
x23 <- 0x000000001000FFFD

mem[X,0x0000000080000624] -> 0x9B93
mem[X,0x0000000080000626] -> 0x00BB
[398] [M]: 0x0000000080000624 (0x00BB9B93) slli s7, s7, 0xb
x23 <- 0x0000008007FFE800

mem[X,0x0000000080000628] -> 0x8B93
mem[X,0x000000008000062A] -> 0x3FFB
[399] [M]: 0x0000000080000628 (0x3FFB8B93) addi s7, s7, 0x3ff
x23 <- 0x0000008007FFEBFF

clint::tick mtime <- 0x0000000000000004
 clint timer pending at mtime 0x0000000000000004
htif::tick 0x0000000000000000
mem[X,0x000000008000062C] -> 0x9B93
mem[X,0x000000008000062E] -> 0x00BB
[400] [M]: 0x000000008000062C (0x00BB9B93) slli s7, s7, 0xb
x23 <- 0x0004003FFF5FF800

mem[X,0x0000000080000630] -> 0x8B93
mem[X,0x0000000080000632] -> 0x7FFB
[401] [M]: 0x0000000080000630 (0x7FFB8B93) addi s7, s7, 0x7ff
x23 <- 0x0004003FFF5FFFFF

mem[X,0x0000000080000634] -> 0x9B93
mem[X,0x0000000080000636] -> 0x00AB
[402] [M]: 0x0000000080000634 (0x00AB9B93) slli s7, s7, 0xa
x23 <- 0x1000FFFD7FFFFC00

mem[X,0x0000000080000638] -> 0x8B93
mem[X,0x000000008000063A] -> 0x3F7B
[403] [M]: 0x0000000080000638 (0x3F7B8B93) addi s7, s7, 0x3f7
x23 <- 0x1000FFFD7FFFFFF7

mem[X,0x000000008000063C] -> 0x0DBB
mem[X,0x000000008000063E] -> 0xD97D
[404] [M]: 0x000000008000063C (0xD97D0DBB) pasub.h s11, s10, s7
x27 <- 0xF7F7C001BF000404

mem[X,0x0000000080000640] -> 0x3023
mem[X,0x0000000080000642] -> 0x01B1
[405] [M]: 0x0000000080000640 (0x01B13023) sd s11, 0x0(sp)
mem[0x0000000080004190] <- 0xF7F7C001BF000404

mem[X,0x0000000080000644] -> 0x0C37
mem[X,0x0000000080000646] -> 0x4000
[406] [M]: 0x0000000080000644 (0x40000C37) lui s8, 0x40000
x24 <- 0x0000000040000000

mem[X,0x0000000080000648] -> 0x0C13
mem[X,0x000000008000064A] -> 0x004C
[407] [M]: 0x0000000080000648 (0x004C0C13) addi s8, s8, 0x4
x24 <- 0x0000000040000004

mem[X,0x000000008000064C] -> 0x1C13
mem[X,0x000000008000064E] -> 0x00BC
[408] [M]: 0x000000008000064C (0x00BC1C13) slli s8, s8, 0xb
x24 <- 0x0000020000002000

mem[X,0x0000000080000650] -> 0x0C13
mem[X,0x0000000080000652] -> 0x000C
[409] [M]: 0x0000000080000650 (0x000C0C13) addi s8, s8, 0x0
x24 <- 0x0000020000002000

mem[X,0x0000000080000654] -> 0x1C13
mem[X,0x0000000080000656] -> 0x00BC
[410] [M]: 0x0000000080000654 (0x00BC1C13) slli s8, s8, 0xb
x24 <- 0x0010000001000000

mem[X,0x0000000080000658] -> 0x0C13
mem[X,0x000000008000065A] -> 0x244C
[411] [M]: 0x0000000080000658 (0x244C0C13) addi s8, s8, 0x244
x24 <- 0x0010000001000244

mem[X,0x000000008000065C] -> 0x1C13
mem[X,0x000000008000065E] -> 0x00AC
[412] [M]: 0x000000008000065C (0x00AC1C13) slli s8, s8, 0xa
x24 <- 0x4000000400091000

mem[X,0x0000000080000660] -> 0x01B7
mem[X,0x0000000080000662] -> 0x0101
[413] [M]: 0x0000000080000660 (0x010101B7) lui gp, 0x1010
x3 <- 0x0000000001010000

mem[X,0x0000000080000664] -> 0x8193
mem[X,0x0000000080000666] -> 0xEFF1
[414] [M]: 0x0000000080000664 (0xEFF18193) addi gp, gp, -0x101
x3 <- 0x000000000100FEFF

mem[X,0x0000000080000668] -> 0x9193
mem[X,0x000000008000066A] -> 0x00B1
[415] [M]: 0x0000000080000668 (0x00B19193) slli gp, gp, 0xb
x3 <- 0x0000000807F7F800

mem[X,0x000000008000066C] -> 0x8193
mem[X,0x000000008000066E] -> 0x0001
[416] [M]: 0x000000008000066C (0x00018193) addi gp, gp, 0x0
x3 <- 0x0000000807F7F800

mem[X,0x0000000080000670] -> 0x9193
mem[X,0x0000000080000672] -> 0x00B1
[417] [M]: 0x0000000080000670 (0x00B19193) slli gp, gp, 0xb
x3 <- 0x0000403FBFC00000

mem[X,0x0000000080000674] -> 0x8193
mem[X,0x0000000080000676] -> 0x1001
[418] [M]: 0x0000000080000674 (0x10018193) addi gp, gp, 0x100
x3 <- 0x0000403FBFC00100

mem[X,0x0000000080000678] -> 0x9193
mem[X,0x000000008000067A] -> 0x00A1
[419] [M]: 0x0000000080000678 (0x00A19193) slli gp, gp, 0xa
x3 <- 0x0100FEFF00040000

mem[X,0x000000008000067C] -> 0x8193
mem[X,0x000000008000067E] -> 0x0051
[420] [M]: 0x000000008000067C (0x00518193) addi gp, gp, 0x5
x3 <- 0x0100FEFF00040005

mem[X,0x0000000080000680] -> 0x0F3B
mem[X,0x0000000080000682] -> 0xD83C
[421] [M]: 0x0000000080000680 (0xD83C0F3B) pasub.h t5, s8, gp
x30 <- 0x1F800082000207FD

mem[X,0x0000000080000684] -> 0x3423
mem[X,0x0000000080000686] -> 0x01E1
[422] [M]: 0x0000000080000684 (0x01E13423) sd t5, 0x8(sp)
mem[0x0000000080004198] <- 0x1F800082000207FD

mem[X,0x0000000080000688] -> 0xC0B7
mem[X,0x000000008000068A] -> 0xFFF6
[423] [M]: 0x0000000080000688 (0xFFF6C0B7) lui ra, -0x94
x1 <- 0xFFFFFFFFFFF6C000

mem[X,0x000000008000068C] -> 0x8093
mem[X,0x000000008000068E] -> 0xFFF0
[424] [M]: 0x000000008000068C (0xFFF08093) addi ra, ra, -0x1
x1 <- 0xFFFFFFFFFFF6BFFF

mem[X,0x0000000080000690] -> 0x9093
mem[X,0x0000000080000692] -> 0x00B0
[425] [M]: 0x0000000080000690 (0x00B09093) slli ra, ra, 0xb
x1 <- 0xFFFFFFFFB5FFF800

mem[X,0x0000000080000694] -> 0x8093
mem[X,0x0000000080000696] -> 0x7DF0
[426] [M]: 0x0000000080000694 (0x7DF08093) addi ra, ra, 0x7df
x1 <- 0xFFFFFFFFB5FFFFDF

mem[X,0x0000000080000698] -> 0x9093
mem[X,0x000000008000069A] -> 0x00B0
[427] [M]: 0x0000000080000698 (0x00B09093) slli ra, ra, 0xb
x1 <- 0xFFFFFDAFFFFEF800

mem[X,0x000000008000069C] -> 0x8093
mem[X,0x000000008000069E] -> 0x7C80
[428] [M]: 0x000000008000069C (0x7C808093) addi ra, ra, 0x7c8
x1 <- 0xFFFFFDAFFFFEFFC8

mem[X,0x00000000800006A0] -> 0x9093
mem[X,0x00000000800006A2] -> 0x00A0
[429] [M]: 0x00000000800006A0 (0x00A09093) slli ra, ra, 0xa
x1 <- 0xFFF6BFFFFBFF2000

mem[X,0x00000000800006A4] -> 0x05B7
mem[X,0x00000000800006A6] -> 0xAAAA
[430] [M]: 0x00000000800006A4 (0xAAAA05B7) lui a1, -0x55560
x11 <- 0xFFFFFFFFAAAA0000

mem[X,0x00000000800006A8] -> 0x8593
mem[X,0x00000000800006AA] -> 0x0015
[431] [M]: 0x00000000800006A8 (0x00158593) addi a1, a1, 0x1
x11 <- 0xFFFFFFFFAAAA0001

mem[X,0x00000000800006AC] -> 0x9593
mem[X,0x00000000800006AE] -> 0x00B5
[432] [M]: 0x00000000800006AC (0x00B59593) slli a1, a1, 0xb
x11 <- 0xFFFFFD5550000800

mem[X,0x00000000800006B0] -> 0x8593
mem[X,0x00000000800006B2] -> 0x0205
[433] [M]: 0x00000000800006B0 (0x02058593) addi a1, a1, 0x20
x11 <- 0xFFFFFD5550000820

mem[X,0x00000000800006B4] -> 0x9593
mem[X,0x00000000800006B6] -> 0x00B5
[434] [M]: 0x00000000800006B4 (0x00B59593) slli a1, a1, 0xb
x11 <- 0xFFEAAA8000410000

mem[X,0x00000000800006B8] -> 0x8593
mem[X,0x00000000800006BA] -> 0x03F5
[435] [M]: 0x00000000800006B8 (0x03F58593) addi a1, a1, 0x3f
x11 <- 0xFFEAAA800041003F

mem[X,0x00000000800006BC] -> 0x9593
mem[X,0x00000000800006BE] -> 0x00A5
[436] [M]: 0x00000000800006BC (0x00A59593) slli a1, a1, 0xa
x11 <- 0xAAAA00010400FC00

mem[X,0x00000000800006C0] -> 0x8593
mem[X,0x00000000800006C2] -> 0x3F95
[437] [M]: 0x00000000800006C0 (0x3F958593) addi a1, a1, 0x3f9
x11 <- 0xAAAA00010400FFF9

mem[X,0x00000000800006C4] -> 0x863B
mem[X,0x00000000800006C6] -> 0xD8B0
[438] [M]: 0x00000000800006C4 (0xD8B0863B) pasub.h a2, ra, a1
x12 <- 0x2AA6DFFFFBFF1003

mem[X,0x00000000800006C8] -> 0x3823
mem[X,0x00000000800006CA] -> 0x00C1
[439] [M]: 0x00000000800006C8 (0x00C13823) sd a2, 0x10(sp)
mem[0x00000000800041A0] <- 0x2AA6DFFFFBFF1003

mem[X,0x00000000800006CC] -> 0x0737
mem[X,0x00000000800006CE] -> 0x0006
[440] [M]: 0x00000000800006CC (0x00060737) lui a4, 0x60
x14 <- 0x0000000000060000

mem[X,0x00000000800006D0] -> 0x0713
mem[X,0x00000000800006D2] -> 0xFF87
[441] [M]: 0x00000000800006D0 (0xFF870713) addi a4, a4, -0x8
x14 <- 0x000000000005FFF8

mem[X,0x00000000800006D4] -> 0x1713
mem[X,0x00000000800006D6] -> 0x00B7
[442] [M]: 0x00000000800006D4 (0x00B71713) slli a4, a4, 0xb
x14 <- 0x000000002FFFC000

mem[X,0x00000000800006D8] -> 0x0713
mem[X,0x00000000800006DA] -> 0x0007
[443] [M]: 0x00000000800006D8 (0x00070713) addi a4, a4, 0x0
x14 <- 0x000000002FFFC000

mem[X,0x00000000800006DC] -> 0x1713
mem[X,0x00000000800006DE] -> 0x00B7
[444] [M]: 0x00000000800006DC (0x00B71713) slli a4, a4, 0xb
x14 <- 0x0000017FFE000000

mem[X,0x00000000800006E0] -> 0x0713
mem[X,0x00000000800006E2] -> 0x1507
[445] [M]: 0x00000000800006E0 (0x15070713) addi a4, a4, 0x150
x14 <- 0x0000017FFE000150

mem[X,0x00000000800006E4] -> 0x1713
mem[X,0x00000000800006E6] -> 0x00A7
[446] [M]: 0x00000000800006E4 (0x00A71713) slli a4, a4, 0xa
x14 <- 0x0005FFF800054000

mem[X,0x00000000800006E8] -> 0x4037
mem[X,0x00000000800006EA] -> 0xBFFF
[447] [M]: 0x00000000800006E8 (0xBFFF4037) lui zero, -0x4000c

mem[X,0x00000000800006EC] -> 0x0013
mem[X,0x00000000800006EE] -> 0x0000
[448] [M]: 0x00000000800006EC (0x00000013) addi zero, zero, 0x0

mem[X,0x00000000800006F0] -> 0x1013
mem[X,0x00000000800006F2] -> 0x00B0
[449] [M]: 0x00000000800006F0 (0x00B01013) slli zero, zero, 0xb

mem[X,0x00000000800006F4] -> 0x0013
mem[X,0x00000000800006F6] -> 0x0000
[450] [M]: 0x00000000800006F4 (0x00000013) addi zero, zero, 0x0

mem[X,0x00000000800006F8] -> 0x1013
mem[X,0x00000000800006FA] -> 0x00B0
[451] [M]: 0x00000000800006F8 (0x00B01013) slli zero, zero, 0xb

mem[X,0x00000000800006FC] -> 0x0013
mem[X,0x00000000800006FE] -> 0x1810
[452] [M]: 0x00000000800006FC (0x18100013) addi zero, zero, 0x181

mem[X,0x0000000080000700] -> 0x1013
mem[X,0x0000000080000702] -> 0x00A0
[453] [M]: 0x0000000080000700 (0x00A01013) slli zero, zero, 0xa

mem[X,0x0000000080000704] -> 0x04BB
mem[X,0x0000000080000706] -> 0xD807
[454] [M]: 0x0000000080000704 (0xD80704BB) pasub.h s1, a4, zero
x9 <- 0x0002FFFC00022000

mem[X,0x0000000080000708] -> 0x3C23
mem[X,0x000000008000070A] -> 0x0091
[455] [M]: 0x0000000080000708 (0x00913C23) sd s1, 0x18(sp)
mem[0x00000000800041A8] <- 0x0002FFFC00022000

mem[X,0x000000008000070C] -> 0xFA37
mem[X,0x000000008000070E] -> 0x0040
[456] [M]: 0x000000008000070C (0x0040FA37) lui s4, 0x40f
x20 <- 0x000000000040F000

mem[X,0x0000000080000710] -> 0x0A13
mem[X,0x0000000080000712] -> 0xFFFA
[457] [M]: 0x0000000080000710 (0xFFFA0A13) addi s4, s4, -0x1
x20 <- 0x000000000040EFFF

mem[X,0x0000000080000714] -> 0x1A13
mem[X,0x0000000080000716] -> 0x00BA
[458] [M]: 0x0000000080000714 (0x00BA1A13) slli s4, s4, 0xb
x20 <- 0x00000002077FF800

mem[X,0x0000000080000718] -> 0x0A13
mem[X,0x000000008000071A] -> 0x000A
[459] [M]: 0x0000000080000718 (0x000A0A13) addi s4, s4, 0x0
x20 <- 0x00000002077FF800

mem[X,0x000000008000071C] -> 0x1A13
mem[X,0x000000008000071E] -> 0x00BA
[460] [M]: 0x000000008000071C (0x00BA1A13) slli s4, s4, 0xb
x20 <- 0x0000103BFFC00000

mem[X,0x0000000080000720] -> 0x0A13
mem[X,0x0000000080000722] -> 0x17FA
[461] [M]: 0x0000000080000720 (0x17FA0A13) addi s4, s4, 0x17f
x20 <- 0x0000103BFFC0017F

mem[X,0x0000000080000724] -> 0x1A13
mem[X,0x0000000080000726] -> 0x00AA
[462] [M]: 0x0000000080000724 (0x00AA1A13) slli s4, s4, 0xa
x20 <- 0x0040EFFF0005FC00

mem[X,0x0000000080000728] -> 0x0A13
mem[X,0x000000008000072A] -> 0x3FEA
[463] [M]: 0x0000000080000728 (0x3FEA0A13) addi s4, s4, 0x3fe
x20 <- 0x0040EFFF0005FFFE

mem[X,0x000000008000072C] -> 0x0DB7
mem[X,0x000000008000072E] -> 0x0005
[464] [M]: 0x000000008000072C (0x00050DB7) lui s11, 0x50
x27 <- 0x0000000000050000

mem[X,0x0000000080000730] -> 0x8D93
mem[X,0x0000000080000732] -> 0x009D
[465] [M]: 0x0000000080000730 (0x009D8D93) addi s11, s11, 0x9
x27 <- 0x0000000000050009

mem[X,0x0000000080000734] -> 0x9D93
mem[X,0x0000000080000736] -> 0x00BD
[466] [M]: 0x0000000080000734 (0x00BD9D93) slli s11, s11, 0xb
x27 <- 0x0000000028004800

mem[X,0x0000000080000738] -> 0x8D93
mem[X,0x000000008000073A] -> 0x008D
[467] [M]: 0x0000000080000738 (0x008D8D93) addi s11, s11, 0x8
x27 <- 0x0000000028004808

mem[X,0x000000008000073C] -> 0x9D93
mem[X,0x000000008000073E] -> 0x00BD
[468] [M]: 0x000000008000073C (0x00BD9D93) slli s11, s11, 0xb
x27 <- 0x0000014002404000

mem[X,0x0000000080000740] -> 0x8D93
mem[X,0x0000000080000742] -> 0x020D
[469] [M]: 0x0000000080000740 (0x020D8D93) addi s11, s11, 0x20
x27 <- 0x0000014002404020

mem[X,0x0000000080000744] -> 0x9D93
mem[X,0x0000000080000746] -> 0x00AD
[470] [M]: 0x0000000080000744 (0x00AD9D93) slli s11, s11, 0xa
x27 <- 0x0005000901008000

mem[X,0x0000000080000748] -> 0x01BB
mem[X,0x000000008000074A] -> 0xD9BA
[471] [M]: 0x0000000080000748 (0xD9BA01BB) pasub.h gp, s4, s11
x3 <- 0x001DF7FBFF823FFF

mem[X,0x000000008000074C] -> 0x3023
mem[X,0x000000008000074E] -> 0x0231
[472] [M]: 0x000000008000074C (0x02313023) sd gp, 0x20(sp)
mem[0x00000000800041B0] <- 0x001DF7FBFF823FFF

mem[X,0x0000000080000750] -> 0xBBB7
mem[X,0x0000000080000752] -> 0x0008
[473] [M]: 0x0000000080000750 (0x0008BBB7) lui s7, 0x8b
x23 <- 0x000000000008B000

mem[X,0x0000000080000754] -> 0x8B93
mem[X,0x0000000080000756] -> 0xAAAB
[474] [M]: 0x0000000080000754 (0xAAAB8B93) addi s7, s7, -0x556
x23 <- 0x000000000008AAAA

mem[X,0x0000000080000758] -> 0x9B93
mem[X,0x000000008000075A] -> 0x00BB
[475] [M]: 0x0000000080000758 (0x00BB9B93) slli s7, s7, 0xb
x23 <- 0x0000000045555000

mem[X,0x000000008000075C] -> 0x8B93
mem[X,0x000000008000075E] -> 0x7FFB
[476] [M]: 0x000000008000075C (0x7FFB8B93) addi s7, s7, 0x7ff
x23 <- 0x00000000455557FF

mem[X,0x0000000080000760] -> 0x9B93
mem[X,0x0000000080000762] -> 0x00BB
[477] [M]: 0x0000000080000760 (0x00BB9B93) slli s7, s7, 0xb
x23 <- 0x0000022AAABFF800

mem[X,0x0000000080000764] -> 0x8B93
mem[X,0x0000000080000766] -> 0x7FFB
[478] [M]: 0x0000000080000764 (0x7FFB8B93) addi s7, s7, 0x7ff
x23 <- 0x0000022AAABFFFFF

mem[X,0x0000000080000768] -> 0x9B93
mem[X,0x000000008000076A] -> 0x00AB
[479] [M]: 0x0000000080000768 (0x00AB9B93) slli s7, s7, 0xa
x23 <- 0x0008AAAAFFFFFC00

mem[X,0x000000008000076C] -> 0x8B93
mem[X,0x000000008000076E] -> 0x3FDB
[480] [M]: 0x000000008000076C (0x3FDB8B93) addi s7, s7, 0x3fd
x23 <- 0x0008AAAAFFFFFFFD

mem[X,0x0000000080000770] -> 0x0337
mem[X,0x0000000080000772] -> 0x0007
[481] [M]: 0x0000000080000770 (0x00070337) lui t1, 0x70
x6 <- 0x0000000000070000

mem[X,0x0000000080000774] -> 0x0313
mem[X,0x0000000080000776] -> 0x0013
[482] [M]: 0x0000000080000774 (0x00130313) addi t1, t1, 0x1
x6 <- 0x0000000000070001

mem[X,0x0000000080000778] -> 0x1313
mem[X,0x000000008000077A] -> 0x00B3
[483] [M]: 0x0000000080000778 (0x00B31313) slli t1, t1, 0xb
x6 <- 0x0000000038000800

mem[X,0x000000008000077C] -> 0x0313
mem[X,0x000000008000077E] -> 0x7F73
[484] [M]: 0x000000008000077C (0x7F730313) addi t1, t1, 0x7f7
x6 <- 0x0000000038000FF7

mem[X,0x0000000080000780] -> 0x1313
mem[X,0x0000000080000782] -> 0x00B3
[485] [M]: 0x0000000080000780 (0x00B31313) slli t1, t1, 0xb
x6 <- 0x000001C0007FB800

mem[X,0x0000000080000784] -> 0x0313
mem[X,0x0000000080000786] -> 0x7C03
[486] [M]: 0x0000000080000784 (0x7C030313) addi t1, t1, 0x7c0
x6 <- 0x000001C0007FBFC0

mem[X,0x0000000080000788] -> 0x1313
mem[X,0x000000008000078A] -> 0x00A3
[487] [M]: 0x0000000080000788 (0x00A31313) slli t1, t1, 0xa
x6 <- 0x00070001FEFF0000

mem[X,0x000000008000078C] -> 0x0313
mem[X,0x000000008000078E] -> 0x0103
[488] [M]: 0x000000008000078C (0x01030313) addi t1, t1, 0x10
x6 <- 0x00070001FEFF0010

mem[X,0x0000000080000790] -> 0x89BB
mem[X,0x0000000080000792] -> 0xD86B
[489] [M]: 0x0000000080000790 (0xD86B89BB) pasub.h s3, s7, t1
x19 <- 0x0000D5540080FFF6

mem[X,0x0000000080000794] -> 0x3423
mem[X,0x0000000080000796] -> 0x0331
[490] [M]: 0x0000000080000794 (0x03313423) sd s3, 0x28(sp)
mem[0x00000000800041B8] <- 0x0000D5540080FFF6

mem[X,0x0000000080000798] -> 0x05B7
mem[X,0x000000008000079A] -> 0xFFF6
[491] [M]: 0x0000000080000798 (0xFFF605B7) lui a1, -0xa0
x11 <- 0xFFFFFFFFFFF60000

mem[X,0x000000008000079C] -> 0x8593
mem[X,0x000000008000079E] -> 0x0075
[492] [M]: 0x000000008000079C (0x00758593) addi a1, a1, 0x7
x11 <- 0xFFFFFFFFFFF60007

mem[X,0x00000000800007A0] -> 0x9593
mem[X,0x00000000800007A2] -> 0x00B5
[493] [M]: 0x00000000800007A0 (0x00B59593) slli a1, a1, 0xb
x11 <- 0xFFFFFFFFB0003800

mem[X,0x00000000800007A4] -> 0x8593
mem[X,0x00000000800007A6] -> 0x1005
[494] [M]: 0x00000000800007A4 (0x10058593) addi a1, a1, 0x100
x11 <- 0xFFFFFFFFB0003900

mem[X,0x00000000800007A8] -> 0x9593
mem[X,0x00000000800007AA] -> 0x00B5
[495] [M]: 0x00000000800007A8 (0x00B59593) slli a1, a1, 0xb
x11 <- 0xFFFFFD8001C80000

mem[X,0x00000000800007AC] -> 0x8593
mem[X,0x00000000800007AE] -> 0x03F5
[496] [M]: 0x00000000800007AC (0x03F58593) addi a1, a1, 0x3f
x11 <- 0xFFFFFD8001C8003F

mem[X,0x00000000800007B0] -> 0x9593
mem[X,0x00000000800007B2] -> 0x00A5
[497] [M]: 0x00000000800007B0 (0x00A59593) slli a1, a1, 0xa
x11 <- 0xFFF600072000FC00

mem[X,0x00000000800007B4] -> 0x8593
mem[X,0x00000000800007B6] -> 0x3FB5
[498] [M]: 0x00000000800007B4 (0x3FB58593) addi a1, a1, 0x3fb
x11 <- 0xFFF600072000FFFB

mem[X,0x00000000800007B8] -> 0xECB7
mem[X,0x00000000800007BA] -> 0xDFFF
[499] [M]: 0x00000000800007B8 (0xDFFFECB7) lui s9, -0x20002
x25 <- 0xFFFFFFFFDFFFE000

clint::tick mtime <- 0x0000000000000005
 clint timer pending at mtime 0x0000000000000005
htif::tick 0x0000000000000000
mem[X,0x00000000800007BC] -> 0x8C93
mem[X,0x00000000800007BE] -> 0xFFFC
[500] [M]: 0x00000000800007BC (0xFFFC8C93) addi s9, s9, -0x1
x25 <- 0xFFFFFFFFDFFFDFFF

mem[X,0x00000000800007C0] -> 0x9C93
mem[X,0x00000000800007C2] -> 0x00BC
[501] [M]: 0x00000000800007C0 (0x00BC9C93) slli s9, s9, 0xb
x25 <- 0xFFFFFEFFFEFFF800

mem[X,0x00000000800007C4] -> 0x8C93
mem[X,0x00000000800007C6] -> 0x3FFC
[502] [M]: 0x00000000800007C4 (0x3FFC8C93) addi s9, s9, 0x3ff
x25 <- 0xFFFFFEFFFEFFFBFF

mem[X,0x00000000800007C8] -> 0x9C93
mem[X,0x00000000800007CA] -> 0x00BC
[503] [M]: 0x00000000800007C8 (0x00BC9C93) slli s9, s9, 0xb
x25 <- 0xFFF7FFF7FFDFF800

mem[X,0x00000000800007CC] -> 0x8C93
mem[X,0x00000000800007CE] -> 0x7FDC
[504] [M]: 0x00000000800007CC (0x7FDC8C93) addi s9, s9, 0x7fd
x25 <- 0xFFF7FFF7FFDFFFFD

mem[X,0x00000000800007D0] -> 0x9C93
mem[X,0x00000000800007D2] -> 0x00AC
[505] [M]: 0x00000000800007D0 (0x00AC9C93) slli s9, s9, 0xa
x25 <- 0xDFFFDFFF7FFFF400

mem[X,0x00000000800007D4] -> 0x8C93
mem[X,0x00000000800007D6] -> 0x3FFC
[506] [M]: 0x00000000800007D4 (0x3FFC8C93) addi s9, s9, 0x3ff
x25 <- 0xDFFFDFFF7FFFF7FF

mem[X,0x00000000800007D8] -> 0x82BB
mem[X,0x00000000800007DA] -> 0xD995
[507] [M]: 0x00000000800007D8 (0xD99582BB) pasub.h t0, a1, s9
x5 <- 0x0FFB1004D00003FE

mem[X,0x00000000800007DC] -> 0x3823
mem[X,0x00000000800007DE] -> 0x0251
[508] [M]: 0x00000000800007DC (0x02513823) sd t0, 0x30(sp)
mem[0x00000000800041C0] <- 0x0FFB1004D00003FE

mem[X,0x00000000800007E0] -> 0xC9B7
mem[X,0x00000000800007E2] -> 0x0009
[509] [M]: 0x00000000800007E0 (0x0009C9B7) lui s3, 0x9c
x19 <- 0x000000000009C000

mem[X,0x00000000800007E4] -> 0x8993
mem[X,0x00000000800007E6] -> 0xFFF9
[510] [M]: 0x00000000800007E4 (0xFFF98993) addi s3, s3, -0x1
x19 <- 0x000000000009BFFF

mem[X,0x00000000800007E8] -> 0x9993
mem[X,0x00000000800007EA] -> 0x00B9
[511] [M]: 0x00000000800007E8 (0x00B99993) slli s3, s3, 0xb
x19 <- 0x000000004DFFF800

mem[X,0x00000000800007EC] -> 0x8993
mem[X,0x00000000800007EE] -> 0x7FF9
[512] [M]: 0x00000000800007EC (0x7FF98993) addi s3, s3, 0x7ff
x19 <- 0x000000004DFFFFFF

mem[X,0x00000000800007F0] -> 0x9993
mem[X,0x00000000800007F2] -> 0x00B9
[513] [M]: 0x00000000800007F0 (0x00B99993) slli s3, s3, 0xb
x19 <- 0x0000026FFFFFF800

mem[X,0x00000000800007F4] -> 0x8993
mem[X,0x00000000800007F6] -> 0x6FF9
[514] [M]: 0x00000000800007F4 (0x6FF98993) addi s3, s3, 0x6ff
x19 <- 0x0000026FFFFFFEFF

mem[X,0x00000000800007F8] -> 0x9993
mem[X,0x00000000800007FA] -> 0x00A9
[515] [M]: 0x00000000800007F8 (0x00A99993) slli s3, s3, 0xa
x19 <- 0x0009BFFFFFFBFC00

mem[X,0x00000000800007FC] -> 0x8993
mem[X,0x00000000800007FE] -> 0x3F79
[516] [M]: 0x00000000800007FC (0x3F798993) addi s3, s3, 0x3f7
x19 <- 0x0009BFFFFFFBFFF7

mem[X,0x0000000080000800] -> 0x08B7
mem[X,0x0000000080000802] -> 0x1000
[517] [M]: 0x0000000080000800 (0x100008B7) lui a7, 0x10000
x17 <- 0x0000000010000000

mem[X,0x0000000080000804] -> 0x8893
mem[X,0x0000000080000806] -> 0x0068
[518] [M]: 0x0000000080000804 (0x00688893) addi a7, a7, 0x6
x17 <- 0x0000000010000006

mem[X,0x0000000080000808] -> 0x9893
mem[X,0x000000008000080A] -> 0x00B8
[519] [M]: 0x0000000080000808 (0x00B89893) slli a7, a7, 0xb
x17 <- 0x0000008000003000

mem[X,0x000000008000080C] -> 0x8893
mem[X,0x000000008000080E] -> 0x0008
[520] [M]: 0x000000008000080C (0x00088893) addi a7, a7, 0x0
x17 <- 0x0000008000003000

mem[X,0x0000000080000810] -> 0x9893
mem[X,0x0000000080000812] -> 0x00B8
[521] [M]: 0x0000000080000810 (0x00B89893) slli a7, a7, 0xb
x17 <- 0x0004000001800000

mem[X,0x0000000080000814] -> 0x8893
mem[X,0x0000000080000816] -> 0x0EF8
[522] [M]: 0x0000000080000814 (0x0EF88893) addi a7, a7, 0xef
x17 <- 0x00040000018000EF

mem[X,0x0000000080000818] -> 0x9893
mem[X,0x000000008000081A] -> 0x00A8
[523] [M]: 0x0000000080000818 (0x00A89893) slli a7, a7, 0xa
x17 <- 0x100000060003BC00

mem[X,0x000000008000081C] -> 0x8893
mem[X,0x000000008000081E] -> 0x3FF8
[524] [M]: 0x000000008000081C (0x3FF88893) addi a7, a7, 0x3ff
x17 <- 0x100000060003BFFF

mem[X,0x0000000080000820] -> 0x873B
mem[X,0x0000000080000822] -> 0xD919
[525] [M]: 0x0000000080000820 (0xD919873B) pasub.h a4, s3, a7
x14 <- 0xF804DFFCFFFC1FFC

mem[X,0x0000000080000824] -> 0x3C23
mem[X,0x0000000080000826] -> 0x02E1
[526] [M]: 0x0000000080000824 (0x02E13C23) sd a4, 0x38(sp)
mem[0x00000000800041C8] <- 0xF804DFFCFFFC1FFC

mem[X,0x0000000080000828] -> 0x0B37
mem[X,0x000000008000082A] -> 0x8001
[527] [M]: 0x0000000080000828 (0x80010B37) lui s6, -0x7fff0
x22 <- 0xFFFFFFFF80010000

mem[X,0x000000008000082C] -> 0x0B13
mem[X,0x000000008000082E] -> 0xFBFB
[528] [M]: 0x000000008000082C (0xFBFB0B13) addi s6, s6, -0x41
x22 <- 0xFFFFFFFF8000FFBF

mem[X,0x0000000080000830] -> 0x1B13
mem[X,0x0000000080000832] -> 0x00BB
[529] [M]: 0x0000000080000830 (0x00BB1B13) slli s6, s6, 0xb
x22 <- 0xFFFFFC0007FDF800

mem[X,0x0000000080000834] -> 0x0B13
mem[X,0x0000000080000836] -> 0x7FFB
[530] [M]: 0x0000000080000834 (0x7FFB0B13) addi s6, s6, 0x7ff
x22 <- 0xFFFFFC0007FDFFFF

mem[X,0x0000000080000838] -> 0x1B13
mem[X,0x000000008000083A] -> 0x00BB
[531] [M]: 0x0000000080000838 (0x00BB1B13) slli s6, s6, 0xb
x22 <- 0xFFE0003FEFFFF800

mem[X,0x000000008000083C] -> 0x0B13
mem[X,0x000000008000083E] -> 0x3FFB
[532] [M]: 0x000000008000083C (0x3FFB0B13) addi s6, s6, 0x3ff
x22 <- 0xFFE0003FEFFFFBFF

mem[X,0x0000000080000840] -> 0x1B13
mem[X,0x0000000080000842] -> 0x00AB
[533] [M]: 0x0000000080000840 (0x00AB1B13) slli s6, s6, 0xa
x22 <- 0x8000FFBFFFEFFC00

mem[X,0x0000000080000844] -> 0x0B13
mem[X,0x0000000080000846] -> 0x3EFB
[534] [M]: 0x0000000080000844 (0x3EFB0B13) addi s6, s6, 0x3ef
x22 <- 0x8000FFBFFFEFFFEF

mem[X,0x0000000080000848] -> 0x0637
mem[X,0x000000008000084A] -> 0xDFFF
[535] [M]: 0x0000000080000848 (0xDFFF0637) lui a2, -0x20010
x12 <- 0xFFFFFFFFDFFF0000

mem[X,0x000000008000084C] -> 0x0613
mem[X,0x000000008000084E] -> 0x0056
[536] [M]: 0x000000008000084C (0x00560613) addi a2, a2, 0x5
x12 <- 0xFFFFFFFFDFFF0005

mem[X,0x0000000080000850] -> 0x1613
mem[X,0x0000000080000852] -> 0x00B6
[537] [M]: 0x0000000080000850 (0x00B61613) slli a2, a2, 0xb
x12 <- 0xFFFFFEFFF8002800

mem[X,0x0000000080000854] -> 0x0613
mem[X,0x0000000080000856] -> 0x7FF6
[538] [M]: 0x0000000080000854 (0x7FF60613) addi a2, a2, 0x7ff
x12 <- 0xFFFFFEFFF8002FFF

mem[X,0x0000000080000858] -> 0x1613
mem[X,0x000000008000085A] -> 0x00B6
[539] [M]: 0x0000000080000858 (0x00B61613) slli a2, a2, 0xb
x12 <- 0xFFF7FFC0017FF800

mem[X,0x000000008000085C] -> 0x0613
mem[X,0x000000008000085E] -> 0x6806
[540] [M]: 0x000000008000085C (0x68060613) addi a2, a2, 0x680
x12 <- 0xFFF7FFC0017FFE80

mem[X,0x0000000080000860] -> 0x1613
mem[X,0x0000000080000862] -> 0x00A6
[541] [M]: 0x0000000080000860 (0x00A61613) slli a2, a2, 0xa
x12 <- 0xDFFF0005FFFA0000

mem[X,0x0000000080000864] -> 0x0613
mem[X,0x0000000080000866] -> 0x0056
[542] [M]: 0x0000000080000864 (0x00560613) addi a2, a2, 0x5
x12 <- 0xDFFF0005FFFA0005

mem[X,0x0000000080000868] -> 0x0FBB
mem[X,0x000000008000086A] -> 0xD8CB
[543] [M]: 0x0000000080000868 (0xD8CB0FBB) pasub.h t6, s6, a2
x31 <- 0xD000FFDDFFFAFFF5

mem[X,0x000000008000086C] -> 0x3023
mem[X,0x000000008000086E] -> 0x05F1
[544] [M]: 0x000000008000086C (0x05F13023) sd t6, 0x40(sp)
mem[0x00000000800041D0] <- 0xD000FFDDFFFAFFF5

mem[X,0x0000000080000870] -> 0x08B7
mem[X,0x0000000080000872] -> 0x0401
[545] [M]: 0x0000000080000870 (0x040108B7) lui a7, 0x4010
x17 <- 0x0000000004010000

mem[X,0x0000000080000874] -> 0x8893
mem[X,0x0000000080000876] -> 0xFEF8
[546] [M]: 0x0000000080000874 (0xFEF88893) addi a7, a7, -0x11
x17 <- 0x000000000400FFEF

mem[X,0x0000000080000878] -> 0x9893
mem[X,0x000000008000087A] -> 0x00B8
[547] [M]: 0x0000000080000878 (0x00B89893) slli a7, a7, 0xb
x17 <- 0x0000002007FF7800

mem[X,0x000000008000087C] -> 0x8893
mem[X,0x000000008000087E] -> 0x0008
[548] [M]: 0x000000008000087C (0x00088893) addi a7, a7, 0x0
x17 <- 0x0000002007FF7800

mem[X,0x0000000080000880] -> 0x9893
mem[X,0x0000000080000882] -> 0x00B8
[549] [M]: 0x0000000080000880 (0x00B89893) slli a7, a7, 0xb
x17 <- 0x0001003FFBC00000

mem[X,0x0000000080000884] -> 0x8893
mem[X,0x0000000080000886] -> 0x43F8
[550] [M]: 0x0000000080000884 (0x43F88893) addi a7, a7, 0x43f
x17 <- 0x0001003FFBC0043F

mem[X,0x0000000080000888] -> 0x9893
mem[X,0x000000008000088A] -> 0x00A8
[551] [M]: 0x0000000080000888 (0x00A89893) slli a7, a7, 0xa
x17 <- 0x0400FFEF0010FC00

mem[X,0x000000008000088C] -> 0x8893
mem[X,0x000000008000088E] -> 0x3DF8
[552] [M]: 0x000000008000088C (0x3DF88893) addi a7, a7, 0x3df
x17 <- 0x0400FFEF0010FFDF

mem[X,0x0000000080000890] -> 0x0AB7
mem[X,0x0000000080000892] -> 0xFFFD
[553] [M]: 0x0000000080000890 (0xFFFD0AB7) lui s5, -0x30
x21 <- 0xFFFFFFFFFFFD0000

mem[X,0x0000000080000894] -> 0x8A93
mem[X,0x0000000080000896] -> 0xFF9A
[554] [M]: 0x0000000080000894 (0xFF9A8A93) addi s5, s5, -0x7
x21 <- 0xFFFFFFFFFFFCFFF9

mem[X,0x0000000080000898] -> 0x9A93
mem[X,0x000000008000089A] -> 0x00BA
[555] [M]: 0x0000000080000898 (0x00BA9A93) slli s5, s5, 0xb
x21 <- 0xFFFFFFFFE7FFC800

mem[X,0x000000008000089C] -> 0x8A93
mem[X,0x000000008000089E] -> 0x004A
[556] [M]: 0x000000008000089C (0x004A8A93) addi s5, s5, 0x4
x21 <- 0xFFFFFFFFE7FFC804

mem[X,0x00000000800008A0] -> 0x9A93
mem[X,0x00000000800008A2] -> 0x00BA
[557] [M]: 0x00000000800008A0 (0x00BA9A93) slli s5, s5, 0xb
x21 <- 0xFFFFFF3FFE402000

mem[X,0x00000000800008A4] -> 0x8A93
mem[X,0x00000000800008A6] -> 0x000A
[558] [M]: 0x00000000800008A4 (0x000A8A93) addi s5, s5, 0x0
x21 <- 0xFFFFFF3FFE402000

mem[X,0x00000000800008A8] -> 0x9A93
mem[X,0x00000000800008AA] -> 0x00AA
[559] [M]: 0x00000000800008A8 (0x00AA9A93) slli s5, s5, 0xa
x21 <- 0xFFFCFFF900800000

mem[X,0x00000000800008AC] -> 0x8A93
mem[X,0x00000000800008AE] -> 0x004A
[560] [M]: 0x00000000800008AC (0x004A8A93) addi s5, s5, 0x4
x21 <- 0xFFFCFFF900800004

mem[X,0x00000000800008B0] -> 0x8D3B
mem[X,0x00000000800008B2] -> 0xD958
[561] [M]: 0x00000000800008B0 (0xD9588D3B) pasub.h s10, a7, s5
x26 <- 0x0202FFFBFFC8FFED

mem[X,0x00000000800008B4] -> 0x3423
mem[X,0x00000000800008B6] -> 0x05A1
[562] [M]: 0x00000000800008B4 (0x05A13423) sd s10, 0x48(sp)
mem[0x00000000800041D8] <- 0x0202FFFBFFC8FFED

mem[X,0x00000000800008B8] -> 0x03B7
mem[X,0x00000000800008BA] -> 0x0201
[563] [M]: 0x00000000800008B8 (0x020103B7) lui t2, 0x2010
x7 <- 0x0000000002010000

mem[X,0x00000000800008BC] -> 0x8393
mem[X,0x00000000800008BE] -> 0xFF93
[564] [M]: 0x00000000800008BC (0xFF938393) addi t2, t2, -0x7
x7 <- 0x000000000200FFF9

mem[X,0x00000000800008C0] -> 0x9393
mem[X,0x00000000800008C2] -> 0x00B3
[565] [M]: 0x00000000800008C0 (0x00B39393) slli t2, t2, 0xb
x7 <- 0x0000001007FFC800

mem[X,0x00000000800008C4] -> 0x8393
mem[X,0x00000000800008C6] -> 0x5FF3
[566] [M]: 0x00000000800008C4 (0x5FF38393) addi t2, t2, 0x5ff
x7 <- 0x0000001007FFCDFF

mem[X,0x00000000800008C8] -> 0x9393
mem[X,0x00000000800008CA] -> 0x00B3
[567] [M]: 0x00000000800008C8 (0x00B39393) slli t2, t2, 0xb
x7 <- 0x0000803FFE6FF800

mem[X,0x00000000800008CC] -> 0x8393
mem[X,0x00000000800008CE] -> 0x7FF3
[568] [M]: 0x00000000800008CC (0x7FF38393) addi t2, t2, 0x7ff
x7 <- 0x0000803FFE6FFFFF

mem[X,0x00000000800008D0] -> 0x9393
mem[X,0x00000000800008D2] -> 0x00A3
[569] [M]: 0x00000000800008D0 (0x00A39393) slli t2, t2, 0xa
x7 <- 0x0200FFF9BFFFFC00

mem[X,0x00000000800008D4] -> 0x8393
mem[X,0x00000000800008D6] -> 0x3BF3
[570] [M]: 0x00000000800008D4 (0x3BF38393) addi t2, t2, 0x3bf
x7 <- 0x0200FFF9BFFFFFBF

mem[X,0x00000000800008D8] -> 0x0837
mem[X,0x00000000800008DA] -> 0xC001
[571] [M]: 0x00000000800008D8 (0xC0010837) lui a6, -0x3fff0
x16 <- 0xFFFFFFFFC0010000

mem[X,0x00000000800008DC] -> 0x0813
mem[X,0x00000000800008DE] -> 0xFFA8
[572] [M]: 0x00000000800008DC (0xFFA80813) addi a6, a6, -0x6
x16 <- 0xFFFFFFFFC000FFFA

mem[X,0x00000000800008E0] -> 0x1813
mem[X,0x00000000800008E2] -> 0x00B8
[573] [M]: 0x00000000800008E0 (0x00B81813) slli a6, a6, 0xb
x16 <- 0xFFFFFE0007FFD000

mem[X,0x00000000800008E4] -> 0x0813
mem[X,0x00000000800008E6] -> 0x0008
[574] [M]: 0x00000000800008E4 (0x00080813) addi a6, a6, 0x0
x16 <- 0xFFFFFE0007FFD000

mem[X,0x00000000800008E8] -> 0x1813
mem[X,0x00000000800008EA] -> 0x00B8
[575] [M]: 0x00000000800008E8 (0x00B81813) slli a6, a6, 0xb
x16 <- 0xFFF0003FFE800000

mem[X,0x00000000800008EC] -> 0x0813
mem[X,0x00000000800008EE] -> 0x0378
[576] [M]: 0x00000000800008EC (0x03780813) addi a6, a6, 0x37
x16 <- 0xFFF0003FFE800037

mem[X,0x00000000800008F0] -> 0x1813
mem[X,0x00000000800008F2] -> 0x00A8
[577] [M]: 0x00000000800008F0 (0x00A81813) slli a6, a6, 0xa
x16 <- 0xC000FFFA0000DC00

mem[X,0x00000000800008F4] -> 0x0813
mem[X,0x00000000800008F6] -> 0x3FF8
[578] [M]: 0x00000000800008F4 (0x3FF80813) addi a6, a6, 0x3ff
x16 <- 0xC000FFFA0000DFFF

mem[X,0x00000000800008F8] -> 0x88BB
mem[X,0x00000000800008FA] -> 0xD903
[579] [M]: 0x00000000800008F8 (0xD90388BB) pasub.h a7, t2, a6
x17 <- 0x2100FFFFDFFF0FE0

mem[X,0x00000000800008FC] -> 0x3823
mem[X,0x00000000800008FE] -> 0x0511
[580] [M]: 0x00000000800008FC (0x05113823) sd a7, 0x50(sp)
mem[0x00000000800041E0] <- 0x2100FFFFDFFF0FE0

mem[X,0x0000000080000900] -> 0x0FB7
mem[X,0x0000000080000902] -> 0x0101
[581] [M]: 0x0000000080000900 (0x01010FB7) lui t6, 0x1010
x31 <- 0x0000000001010000

mem[X,0x0000000080000904] -> 0x8F93
mem[X,0x0000000080000906] -> 0xF7FF
[582] [M]: 0x0000000080000904 (0xF7FF8F93) addi t6, t6, -0x81
x31 <- 0x000000000100FF7F

mem[X,0x0000000080000908] -> 0x9F93
mem[X,0x000000008000090A] -> 0x00BF
[583] [M]: 0x0000000080000908 (0x00BF9F93) slli t6, t6, 0xb
x31 <- 0x0000000807FBF800

mem[X,0x000000008000090C] -> 0x8F93
mem[X,0x000000008000090E] -> 0x400F
[584] [M]: 0x000000008000090C (0x400F8F93) addi t6, t6, 0x400
x31 <- 0x0000000807FBFC00

mem[X,0x0000000080000910] -> 0x9F93
mem[X,0x0000000080000912] -> 0x00BF
[585] [M]: 0x0000000080000910 (0x00BF9F93) slli t6, t6, 0xb
x31 <- 0x0000403FDFE00000

mem[X,0x0000000080000914] -> 0x8F93
mem[X,0x0000000080000916] -> 0x03FF
[586] [M]: 0x0000000080000914 (0x03FF8F93) addi t6, t6, 0x3f
x31 <- 0x0000403FDFE0003F

mem[X,0x0000000080000918] -> 0x9F93
mem[X,0x000000008000091A] -> 0x00AF
[587] [M]: 0x0000000080000918 (0x00AF9F93) slli t6, t6, 0xa
x31 <- 0x0100FF7F8000FC00

mem[X,0x000000008000091C] -> 0x8F93
mem[X,0x000000008000091E] -> 0x37FF
[588] [M]: 0x000000008000091C (0x37FF8F93) addi t6, t6, 0x37f
x31 <- 0x0100FF7F8000FF7F

mem[X,0x0000000080000920] -> 0x89B7
mem[X,0x0000000080000922] -> 0xFDFF
[589] [M]: 0x0000000080000920 (0xFDFF89B7) lui s3, -0x2008
x19 <- 0xFFFFFFFFFDFF8000

mem[X,0x0000000080000924] -> 0x8993
mem[X,0x0000000080000926] -> 0xFFF9
[590] [M]: 0x0000000080000924 (0xFFF98993) addi s3, s3, -0x1
x19 <- 0xFFFFFFFFFDFF7FFF

mem[X,0x0000000080000928] -> 0x9993
mem[X,0x000000008000092A] -> 0x00B9
[591] [M]: 0x0000000080000928 (0x00B99993) slli s3, s3, 0xb
x19 <- 0xFFFFFFEFFBFFF800

mem[X,0x000000008000092C] -> 0x8993
mem[X,0x000000008000092E] -> 0x7FF9
[592] [M]: 0x000000008000092C (0x7FF98993) addi s3, s3, 0x7ff
x19 <- 0xFFFFFFEFFBFFFFFF

mem[X,0x0000000080000930] -> 0x9993
mem[X,0x0000000080000932] -> 0x00B9
[593] [M]: 0x0000000080000930 (0x00B99993) slli s3, s3, 0xb
x19 <- 0xFFFF7FDFFFFFF800

mem[X,0x0000000080000934] -> 0x8993
mem[X,0x0000000080000936] -> 0x7BF9
[594] [M]: 0x0000000080000934 (0x7BF98993) addi s3, s3, 0x7bf
x19 <- 0xFFFF7FDFFFFFFFBF

mem[X,0x0000000080000938] -> 0x9993
mem[X,0x000000008000093A] -> 0x00A9
[595] [M]: 0x0000000080000938 (0x00A99993) slli s3, s3, 0xa
x19 <- 0xFDFF7FFFFFFEFC00

mem[X,0x000000008000093C] -> 0x8993
mem[X,0x000000008000093E] -> 0x3BF9
[596] [M]: 0x000000008000093C (0x3BF98993) addi s3, s3, 0x3bf
x19 <- 0xFDFF7FFFFFFEFFBF

mem[X,0x0000000080000940] -> 0x8BBB
mem[X,0x0000000080000942] -> 0xD93F
[597] [M]: 0x0000000080000940 (0xD93F8BBB) pasub.h s7, t6, s3
x23 <- 0x0180BFC0C001FFE0

mem[X,0x0000000080000944] -> 0x3C23
mem[X,0x0000000080000946] -> 0x0571
[598] [M]: 0x0000000080000944 (0x05713C23) sd s7, 0x58(sp)
mem[0x00000000800041E8] <- 0x0180BFC0C001FFE0

mem[X,0x0000000080000948] -> 0x0AB7
mem[X,0x000000008000094A] -> 0xFFC0
[599] [M]: 0x0000000080000948 (0xFFC00AB7) lui s5, -0x400
x21 <- 0xFFFFFFFFFFC00000

clint::tick mtime <- 0x0000000000000006
 clint timer pending at mtime 0x0000000000000006
htif::tick 0x0000000000000000
mem[X,0x000000008000094C] -> 0x8A93
mem[X,0x000000008000094E] -> 0xBFFA
[600] [M]: 0x000000008000094C (0xBFFA8A93) addi s5, s5, -0x401
x21 <- 0xFFFFFFFFFFBFFBFF

mem[X,0x0000000080000950] -> 0x9A93
mem[X,0x0000000080000952] -> 0x00BA
[601] [M]: 0x0000000080000950 (0x00BA9A93) slli s5, s5, 0xb
x21 <- 0xFFFFFFFDFFDFF800

mem[X,0x0000000080000954] -> 0x8A93
mem[X,0x0000000080000956] -> 0x6FFA
[602] [M]: 0x0000000080000954 (0x6FFA8A93) addi s5, s5, 0x6ff
x21 <- 0xFFFFFFFDFFDFFEFF

mem[X,0x0000000080000958] -> 0x9A93
mem[X,0x000000008000095A] -> 0x00BA
[603] [M]: 0x0000000080000958 (0x00BA9A93) slli s5, s5, 0xb
x21 <- 0xFFFFEFFEFFF7F800

mem[X,0x000000008000095C] -> 0x8A93
mem[X,0x000000008000095E] -> 0x7FFA
[604] [M]: 0x000000008000095C (0x7FFA8A93) addi s5, s5, 0x7ff
x21 <- 0xFFFFEFFEFFF7FFFF

mem[X,0x0000000080000960] -> 0x9A93
mem[X,0x0000000080000962] -> 0x00AA
[605] [M]: 0x0000000080000960 (0x00AA9A93) slli s5, s5, 0xa
x21 <- 0xFFBFFBFFDFFFFC00

mem[X,0x0000000080000964] -> 0x8A93
mem[X,0x0000000080000966] -> 0x2FFA
[606] [M]: 0x0000000080000964 (0x2FFA8A93) addi s5, s5, 0x2ff
x21 <- 0xFFBFFBFFDFFFFEFF

mem[X,0x0000000080000968] -> 0x0537
mem[X,0x000000008000096A] -> 0xFFF6
[607] [M]: 0x0000000080000968 (0xFFF60537) lui a0, -0xa0
x10 <- 0xFFFFFFFFFFF60000

mem[X,0x000000008000096C] -> 0x0513
mem[X,0x000000008000096E] -> 0x0085
[608] [M]: 0x000000008000096C (0x00850513) addi a0, a0, 0x8
x10 <- 0xFFFFFFFFFFF60008

mem[X,0x0000000080000970] -> 0x1513
mem[X,0x0000000080000972] -> 0x00B5
[609] [M]: 0x0000000080000970 (0x00B51513) slli a0, a0, 0xb
x10 <- 0xFFFFFFFFB0004000

mem[X,0x0000000080000974] -> 0x0513
mem[X,0x0000000080000976] -> 0x7FF5
[610] [M]: 0x0000000080000974 (0x7FF50513) addi a0, a0, 0x7ff
x10 <- 0xFFFFFFFFB00047FF

mem[X,0x0000000080000978] -> 0x1513
mem[X,0x000000008000097A] -> 0x00B5
[611] [M]: 0x0000000080000978 (0x00B51513) slli a0, a0, 0xb
x10 <- 0xFFFFFD80023FF800

mem[X,0x000000008000097C] -> 0x0513
mem[X,0x000000008000097E] -> 0x3FF5
[612] [M]: 0x000000008000097C (0x3FF50513) addi a0, a0, 0x3ff
x10 <- 0xFFFFFD80023FFBFF

mem[X,0x0000000080000980] -> 0x1513
mem[X,0x0000000080000982] -> 0x00A5
[613] [M]: 0x0000000080000980 (0x00A51513) slli a0, a0, 0xa
x10 <- 0xFFF60008FFEFFC00

mem[X,0x0000000080000984] -> 0x0513
mem[X,0x0000000080000986] -> 0x3FC5
[614] [M]: 0x0000000080000984 (0x3FC50513) addi a0, a0, 0x3fc
x10 <- 0xFFF60008FFEFFFFC

mem[X,0x0000000080000988] -> 0x8A3B
mem[X,0x000000008000098A] -> 0xD8AA
[615] [M]: 0x0000000080000988 (0xD8AA8A3B) pasub.h s4, s5, a0
x20 <- 0xFFE4FDFBF008FF81

mem[X,0x000000008000098C] -> 0x3023
mem[X,0x000000008000098E] -> 0x0741
[616] [M]: 0x000000008000098C (0x07413023) sd s4, 0x60(sp)
mem[0x00000000800041F0] <- 0xFFE4FDFBF008FF81

mem[X,0x0000000080000990] -> 0x02B7
mem[X,0x0000000080000992] -> 0x0008
[617] [M]: 0x0000000080000990 (0x000802B7) lui t0, 0x80
x5 <- 0x0000000000080000

mem[X,0x0000000080000994] -> 0x8293
mem[X,0x0000000080000996] -> 0x0092
[618] [M]: 0x0000000080000994 (0x00928293) addi t0, t0, 0x9
x5 <- 0x0000000000080009

mem[X,0x0000000080000998] -> 0x9293
mem[X,0x000000008000099A] -> 0x00B2
[619] [M]: 0x0000000080000998 (0x00B29293) slli t0, t0, 0xb
x5 <- 0x0000000040004800

mem[X,0x000000008000099C] -> 0x8293
mem[X,0x000000008000099E] -> 0x0002
[620] [M]: 0x000000008000099C (0x00028293) addi t0, t0, 0x0
x5 <- 0x0000000040004800

mem[X,0x00000000800009A0] -> 0x9293
mem[X,0x00000000800009A2] -> 0x00B2
[621] [M]: 0x00000000800009A0 (0x00B29293) slli t0, t0, 0xb
x5 <- 0x0000020002400000

mem[X,0x00000000800009A4] -> 0x8293
mem[X,0x00000000800009A6] -> 0x07F2
[622] [M]: 0x00000000800009A4 (0x07F28293) addi t0, t0, 0x7f
x5 <- 0x000002000240007F

mem[X,0x00000000800009A8] -> 0x9293
mem[X,0x00000000800009AA] -> 0x00A2
[623] [M]: 0x00000000800009A8 (0x00A29293) slli t0, t0, 0xa
x5 <- 0x000800090001FC00

mem[X,0x00000000800009AC] -> 0x8293
mem[X,0x00000000800009AE] -> 0x1FF2
[624] [M]: 0x00000000800009AC (0x1FF28293) addi t0, t0, 0x1ff
x5 <- 0x000800090001FDFF

mem[X,0x00000000800009B0] -> 0x06B7
mem[X,0x00000000800009B2] -> 0x0200
[625] [M]: 0x00000000800009B0 (0x020006B7) lui a3, 0x2000
x13 <- 0x0000000002000000

mem[X,0x00000000800009B4] -> 0x8693
mem[X,0x00000000800009B6] -> 0x0076
[626] [M]: 0x00000000800009B4 (0x00768693) addi a3, a3, 0x7
x13 <- 0x0000000002000007

mem[X,0x00000000800009B8] -> 0x9693
mem[X,0x00000000800009BA] -> 0x00B6
[627] [M]: 0x00000000800009B8 (0x00B69693) slli a3, a3, 0xb
x13 <- 0x0000001000003800

mem[X,0x00000000800009BC] -> 0x8693
mem[X,0x00000000800009BE] -> 0x7FD6
[628] [M]: 0x00000000800009BC (0x7FD68693) addi a3, a3, 0x7fd
x13 <- 0x0000001000003FFD

mem[X,0x00000000800009C0] -> 0x9693
mem[X,0x00000000800009C2] -> 0x00B6
[629] [M]: 0x00000000800009C0 (0x00B69693) slli a3, a3, 0xb
x13 <- 0x0000800001FFE800

mem[X,0x00000000800009C4] -> 0x8693
mem[X,0x00000000800009C6] -> 0x7C86
[630] [M]: 0x00000000800009C4 (0x7C868693) addi a3, a3, 0x7c8
x13 <- 0x0000800001FFEFC8

mem[X,0x00000000800009C8] -> 0x9693
mem[X,0x00000000800009CA] -> 0x00A6
[631] [M]: 0x00000000800009C8 (0x00A69693) slli a3, a3, 0xa
x13 <- 0x02000007FFBF2000

mem[X,0x00000000800009CC] -> 0x8CBB
mem[X,0x00000000800009CE] -> 0xD8D2
[632] [M]: 0x00000000800009CC (0xD8D28CBB) pasub.h s9, t0, a3
x25 <- 0xFF0400010021EEFF

mem[X,0x00000000800009D0] -> 0x3423
mem[X,0x00000000800009D2] -> 0x0791
[633] [M]: 0x00000000800009D0 (0x07913423) sd s9, 0x68(sp)
mem[0x00000000800041F8] <- 0xFF0400010021EEFF

mem[X,0x00000000800009D4] -> 0x0EB7
mem[X,0x00000000800009D6] -> 0xFFFF
[634] [M]: 0x00000000800009D4 (0xFFFF0EB7) lui t4, -0x10
x29 <- 0xFFFFFFFFFFFF0000

mem[X,0x00000000800009D8] -> 0x8E93
mem[X,0x00000000800009DA] -> 0xDFFE
[635] [M]: 0x00000000800009D8 (0xDFFE8E93) addi t4, t4, -0x201
x29 <- 0xFFFFFFFFFFFEFDFF

mem[X,0x00000000800009DC] -> 0x9E93
mem[X,0x00000000800009DE] -> 0x00BE
[636] [M]: 0x00000000800009DC (0x00BE9E93) slli t4, t4, 0xb
x29 <- 0xFFFFFFFFF7EFF800

mem[X,0x00000000800009E0] -> 0x8E93
mem[X,0x00000000800009E2] -> 0x7FFE
[637] [M]: 0x00000000800009E0 (0x7FFE8E93) addi t4, t4, 0x7ff
x29 <- 0xFFFFFFFFF7EFFFFF

mem[X,0x00000000800009E4] -> 0x9E93
mem[X,0x00000000800009E6] -> 0x00BE
[638] [M]: 0x00000000800009E4 (0x00BE9E93) slli t4, t4, 0xb
x29 <- 0xFFFFFFBF7FFFF800

mem[X,0x00000000800009E8] -> 0x8E93
mem[X,0x00000000800009EA] -> 0x67EE
[639] [M]: 0x00000000800009E8 (0x67EE8E93) addi t4, t4, 0x67e
x29 <- 0xFFFFFFBF7FFFFE7E

mem[X,0x00000000800009EC] -> 0x9E93
mem[X,0x00000000800009EE] -> 0x00AE
[640] [M]: 0x00000000800009EC (0x00AE9E93) slli t4, t4, 0xa
x29 <- 0xFFFEFDFFFFF9F800

mem[X,0x00000000800009F0] -> 0x8E93
mem[X,0x00000000800009F2] -> 0x3FFE
[641] [M]: 0x00000000800009F0 (0x3FFE8E93) addi t4, t4, 0x3ff
x29 <- 0xFFFEFDFFFFF9FBFF

mem[X,0x00000000800009F4] -> 0x0437
mem[X,0x00000000800009F6] -> 0xFFFD
[642] [M]: 0x00000000800009F4 (0xFFFD0437) lui fp, -0x30
x8 <- 0xFFFFFFFFFFFD0000

mem[X,0x00000000800009F8] -> 0x0413
mem[X,0x00000000800009FA] -> 0xBFF4
[643] [M]: 0x00000000800009F8 (0xBFF40413) addi fp, fp, -0x401
x8 <- 0xFFFFFFFFFFFCFBFF

mem[X,0x00000000800009FC] -> 0x1413
mem[X,0x00000000800009FE] -> 0x00B4
[644] [M]: 0x00000000800009FC (0x00B41413) slli fp, fp, 0xb
x8 <- 0xFFFFFFFFE7DFF800

mem[X,0x0000000080000A00] -> 0x0413
mem[X,0x0000000080000A02] -> 0x2004
[645] [M]: 0x0000000080000A00 (0x20040413) addi fp, fp, 0x200
x8 <- 0xFFFFFFFFE7DFFA00

mem[X,0x0000000080000A04] -> 0x1413
mem[X,0x0000000080000A06] -> 0x00B4
[646] [M]: 0x0000000080000A04 (0x00B41413) slli fp, fp, 0xb
x8 <- 0xFFFFFF3EFFD00000

mem[X,0x0000000080000A08] -> 0x0413
mem[X,0x0000000080000A0A] -> 0x0004
[647] [M]: 0x0000000080000A08 (0x00040413) addi fp, fp, 0x0
x8 <- 0xFFFFFF3EFFD00000

mem[X,0x0000000080000A0C] -> 0x1413
mem[X,0x0000000080000A0E] -> 0x00A4
[648] [M]: 0x0000000080000A0C (0x00A41413) slli fp, fp, 0xa
x8 <- 0xFFFCFBFF40000000

mem[X,0x0000000080000A10] -> 0x0413
mem[X,0x0000000080000A12] -> 0x0204
[649] [M]: 0x0000000080000A10 (0x02040413) addi fp, fp, 0x20
x8 <- 0xFFFCFBFF40000020

mem[X,0x0000000080000A14] -> 0x85BB
mem[X,0x0000000080000A16] -> 0xD88E
[650] [M]: 0x0000000080000A14 (0xD88E85BB) pasub.h a1, t4, fp
x11 <- 0x00010100DFFCFDEF

mem[X,0x0000000080000A18] -> 0x3823
mem[X,0x0000000080000A1A] -> 0x06B1
[651] [M]: 0x0000000080000A18 (0x06B13823) sd a1, 0x70(sp)
mem[0x0000000080004200] <- 0x00010100DFFCFDEF

mem[X,0x0000000080000A1C] -> 0x0013
mem[X,0x0000000080000A1E] -> 0x0000
[652] [M]: 0x0000000080000A1C (0x00000013) addi zero, zero, 0x0

mem[X,0x0000000080000A20] -> 0x3117
mem[X,0x0000000080000A22] -> 0x0000
[653] [M]: 0x0000000080000A20 (0x00003117) auipc sp, 0x3
x2 <- 0x0000000080003A20

mem[X,0x0000000080000A24] -> 0x0113
mem[X,0x0000000080000A26] -> 0x7E81
[654] [M]: 0x0000000080000A24 (0x7E810113) addi sp, sp, 0x7e8
x2 <- 0x0000000080004208

mem[X,0x0000000080000A28] -> 0x0013
mem[X,0x0000000080000A2A] -> 0x0000
[655] [M]: 0x0000000080000A28 (0x00000013) addi zero, zero, 0x0

mem[X,0x0000000080000A2C] -> 0x0013
mem[X,0x0000000080000A2E] -> 0x0000
[656] [M]: 0x0000000080000A2C (0x00000013) addi zero, zero, 0x0

mem[X,0x0000000080000A30] -> 0x0013
mem[X,0x0000000080000A32] -> 0x0000
[657] [M]: 0x0000000080000A30 (0x00000013) addi zero, zero, 0x0

mem[X,0x0000000080000A34] -> 0x0013
mem[X,0x0000000080000A36] -> 0x0000
[658] [M]: 0x0000000080000A34 (0x00000013) addi zero, zero, 0x0

mem[X,0x0000000080000A38] -> 0x0013
mem[X,0x0000000080000A3A] -> 0x0000
[659] [M]: 0x0000000080000A38 (0x00000013) addi zero, zero, 0x0

mem[X,0x0000000080000A3C] -> 0x0013
mem[X,0x0000000080000A3E] -> 0x0000
[660] [M]: 0x0000000080000A3C (0x00000013) addi zero, zero, 0x0

mem[X,0x0000000080000A40] -> 0x07B7
mem[X,0x0000000080000A42] -> 0x0005
[661] [M]: 0x0000000080000A40 (0x000507B7) lui a5, 0x50
x15 <- 0x0000000000050000

mem[X,0x0000000080000A44] -> 0x8793
mem[X,0x0000000080000A46] -> 0x0057
[662] [M]: 0x0000000080000A44 (0x00578793) addi a5, a5, 0x5
x15 <- 0x0000000000050005

mem[X,0x0000000080000A48] -> 0x9793
mem[X,0x0000000080000A4A] -> 0x00B7
[663] [M]: 0x0000000080000A48 (0x00B79793) slli a5, a5, 0xb
x15 <- 0x0000000028002800

mem[X,0x0000000080000A4C] -> 0x8793
mem[X,0x0000000080000A4E] -> 0x0007
[664] [M]: 0x0000000080000A4C (0x00078793) addi a5, a5, 0x0
x15 <- 0x0000000028002800

mem[X,0x0000000080000A50] -> 0x9793
mem[X,0x0000000080000A52] -> 0x00B7
[665] [M]: 0x0000000080000A50 (0x00B79793) slli a5, a5, 0xb
x15 <- 0x0000014001400000

mem[X,0x0000000080000A54] -> 0x8793
mem[X,0x0000000080000A56] -> 0x1BD7
[666] [M]: 0x0000000080000A54 (0x1BD78793) addi a5, a5, 0x1bd
x15 <- 0x00000140014001BD

mem[X,0x0000000080000A58] -> 0x9793
mem[X,0x0000000080000A5A] -> 0x00A7
[667] [M]: 0x0000000080000A58 (0x00A79793) slli a5, a5, 0xa
x15 <- 0x000500050006F400

mem[X,0x0000000080000A5C] -> 0x8793
mem[X,0x0000000080000A5E] -> 0x3FF7
[668] [M]: 0x0000000080000A5C (0x3FF78793) addi a5, a5, 0x3ff
x15 <- 0x000500050006F7FF

mem[X,0x0000000080000A60] -> 0x0C37
mem[X,0x0000000080000A62] -> 0x0002
[669] [M]: 0x0000000080000A60 (0x00020C37) lui s8, 0x20
x24 <- 0x0000000000020000

mem[X,0x0000000080000A64] -> 0x0C13
mem[X,0x0000000080000A66] -> 0x003C
[670] [M]: 0x0000000080000A64 (0x003C0C13) addi s8, s8, 0x3
x24 <- 0x0000000000020003

mem[X,0x0000000080000A68] -> 0x1C13
mem[X,0x0000000080000A6A] -> 0x00BC
[671] [M]: 0x0000000080000A68 (0x00BC1C13) slli s8, s8, 0xb
x24 <- 0x0000000010001800

mem[X,0x0000000080000A6C] -> 0x0C13
mem[X,0x0000000080000A6E] -> 0x080C
[672] [M]: 0x0000000080000A6C (0x080C0C13) addi s8, s8, 0x80
x24 <- 0x0000000010001880

mem[X,0x0000000080000A70] -> 0x1C13
mem[X,0x0000000080000A72] -> 0x00BC
[673] [M]: 0x0000000080000A70 (0x00BC1C13) slli s8, s8, 0xb
x24 <- 0x0000008000C40000

mem[X,0x0000000080000A74] -> 0x0C13
mem[X,0x0000000080000A76] -> 0x000C
[674] [M]: 0x0000000080000A74 (0x000C0C13) addi s8, s8, 0x0
x24 <- 0x0000008000C40000

mem[X,0x0000000080000A78] -> 0x1C13
mem[X,0x0000000080000A7A] -> 0x00AC
[675] [M]: 0x0000000080000A78 (0x00AC1C13) slli s8, s8, 0xa
x24 <- 0x0002000310000000

mem[X,0x0000000080000A7C] -> 0x0C13
mem[X,0x0000000080000A7E] -> 0x004C
[676] [M]: 0x0000000080000A7C (0x004C0C13) addi s8, s8, 0x4
x24 <- 0x0002000310000004

mem[X,0x0000000080000A80] -> 0x86BB
mem[X,0x0000000080000A82] -> 0xD987
[677] [M]: 0x0000000080000A80 (0xD98786BB) pasub.h a3, a5, s8
x13 <- 0x00010001F803FBFD

mem[X,0x0000000080000A84] -> 0x3023
mem[X,0x0000000080000A86] -> 0x00D1
[678] [M]: 0x0000000080000A84 (0x00D13023) sd a3, 0x0(sp)
mem[0x0000000080004208] <- 0x00010001F803FBFD

mem[X,0x0000000080000A88] -> 0x01B7
mem[X,0x0000000080000A8A] -> 0x0002
[679] [M]: 0x0000000080000A88 (0x000201B7) lui gp, 0x20
x3 <- 0x0000000000020000

mem[X,0x0000000080000A8C] -> 0x8193
mem[X,0x0000000080000A8E] -> 0x0021
[680] [M]: 0x0000000080000A8C (0x00218193) addi gp, gp, 0x2
x3 <- 0x0000000000020002

mem[X,0x0000000080000A90] -> 0x9193
mem[X,0x0000000080000A92] -> 0x00B1
[681] [M]: 0x0000000080000A90 (0x00B19193) slli gp, gp, 0xb
x3 <- 0x0000000010001000

mem[X,0x0000000080000A94] -> 0x8193
mem[X,0x0000000080000A96] -> 0x0001
[682] [M]: 0x0000000080000A94 (0x00018193) addi gp, gp, 0x0
x3 <- 0x0000000010001000

mem[X,0x0000000080000A98] -> 0x9193
mem[X,0x0000000080000A9A] -> 0x00B1
[683] [M]: 0x0000000080000A98 (0x00B19193) slli gp, gp, 0xb
x3 <- 0x0000008000800000

mem[X,0x0000000080000A9C] -> 0x8193
mem[X,0x0000000080000A9E] -> 0x17B1
[684] [M]: 0x0000000080000A9C (0x17B18193) addi gp, gp, 0x17b
x3 <- 0x000000800080017B

mem[X,0x0000000080000AA0] -> 0x9193
mem[X,0x0000000080000AA2] -> 0x00A1
[685] [M]: 0x0000000080000AA0 (0x00A19193) slli gp, gp, 0xa
x3 <- 0x000200020005EC00

mem[X,0x0000000080000AA4] -> 0x8193
mem[X,0x0000000080000AA6] -> 0x3FF1
[686] [M]: 0x0000000080000AA4 (0x3FF18193) addi gp, gp, 0x3ff
x3 <- 0x000200020005EFFF

mem[X,0x0000000080000AA8] -> 0x03B7
mem[X,0x0000000080000AAA] -> 0x0006
[687] [M]: 0x0000000080000AA8 (0x000603B7) lui t2, 0x60
x7 <- 0x0000000000060000

mem[X,0x0000000080000AAC] -> 0x8393
mem[X,0x0000000080000AAE] -> 0x0103
[688] [M]: 0x0000000080000AAC (0x01038393) addi t2, t2, 0x10
x7 <- 0x0000000000060010

mem[X,0x0000000080000AB0] -> 0x9393
mem[X,0x0000000080000AB2] -> 0x00B3
[689] [M]: 0x0000000080000AB0 (0x00B39393) slli t2, t2, 0xb
x7 <- 0x0000000030008000

mem[X,0x0000000080000AB4] -> 0x8393
mem[X,0x0000000080000AB6] -> 0x0003
[690] [M]: 0x0000000080000AB4 (0x00038393) addi t2, t2, 0x0
x7 <- 0x0000000030008000

mem[X,0x0000000080000AB8] -> 0x9393
mem[X,0x0000000080000ABA] -> 0x00B3
[691] [M]: 0x0000000080000AB8 (0x00B39393) slli t2, t2, 0xb
x7 <- 0x0000018004000000

mem[X,0x0000000080000ABC] -> 0x8393
mem[X,0x0000000080000ABE] -> 0x0F03
[692] [M]: 0x0000000080000ABC (0x0F038393) addi t2, t2, 0xf0
x7 <- 0x00000180040000F0

mem[X,0x0000000080000AC0] -> 0x9393
mem[X,0x0000000080000AC2] -> 0x00A3
[693] [M]: 0x0000000080000AC0 (0x00A39393) slli t2, t2, 0xa
x7 <- 0x000600100003C000

mem[X,0x0000000080000AC4] -> 0x80BB
mem[X,0x0000000080000AC6] -> 0xD871
[694] [M]: 0x0000000080000AC4 (0xD87180BB) pasub.h ra, gp, t2
x1 <- 0xFFFEFFF9000117FF

mem[X,0x0000000080000AC8] -> 0x3423
mem[X,0x0000000080000ACA] -> 0x0011
[695] [M]: 0x0000000080000AC8 (0x00113423) sd ra, 0x8(sp)
mem[0x0000000080004210] <- 0xFFFEFFF9000117FF

mem[X,0x0000000080000ACC] -> 0x0F37
mem[X,0x0000000080000ACE] -> 0xC000
[696] [M]: 0x0000000080000ACC (0xC0000F37) lui t5, -0x40000
x30 <- 0xFFFFFFFFC0000000

mem[X,0x0000000080000AD0] -> 0x0F13
mem[X,0x0000000080000AD2] -> 0xFF6F
[697] [M]: 0x0000000080000AD0 (0xFF6F0F13) addi t5, t5, -0xa
x30 <- 0xFFFFFFFFBFFFFFF6

mem[X,0x0000000080000AD4] -> 0x1F13
mem[X,0x0000000080000AD6] -> 0x00BF
[698] [M]: 0x0000000080000AD4 (0x00BF1F13) slli t5, t5, 0xb
x30 <- 0xFFFFFDFFFFFFB000

mem[X,0x0000000080000AD8] -> 0x0F13
mem[X,0x0000000080000ADA] -> 0x7FFF
[699] [M]: 0x0000000080000AD8 (0x7FFF0F13) addi t5, t5, 0x7ff
x30 <- 0xFFFFFDFFFFFFB7FF

clint::tick mtime <- 0x0000000000000007
 clint timer pending at mtime 0x0000000000000007
htif::tick 0x0000000000000000
mem[X,0x0000000080000ADC] -> 0x1F13
mem[X,0x0000000080000ADE] -> 0x00BF
[700] [M]: 0x0000000080000ADC (0x00BF1F13) slli t5, t5, 0xb
x30 <- 0xFFEFFFFFFDBFF800

mem[X,0x0000000080000AE0] -> 0x0F13
mem[X,0x0000000080000AE2] -> 0x7B7F
[701] [M]: 0x0000000080000AE0 (0x7B7F0F13) addi t5, t5, 0x7b7
x30 <- 0xFFEFFFFFFDBFFFB7

mem[X,0x0000000080000AE4] -> 0x1F13
mem[X,0x0000000080000AE6] -> 0x00AF
[702] [M]: 0x0000000080000AE4 (0x00AF1F13) slli t5, t5, 0xa
x30 <- 0xBFFFFFF6FFFEDC00

mem[X,0x0000000080000AE8] -> 0x0F13
mem[X,0x0000000080000AEA] -> 0x3FFF
[703] [M]: 0x0000000080000AE8 (0x3FFF0F13) addi t5, t5, 0x3ff
x30 <- 0xBFFFFFF6FFFEDFFF

mem[X,0x0000000080000AEC] -> 0xBEB7
mem[X,0x0000000080000AEE] -> 0x0100
[704] [M]: 0x0000000080000AEC (0x0100BEB7) lui t4, 0x100b
x29 <- 0x000000000100B000

mem[X,0x0000000080000AF0] -> 0x8E93
mem[X,0x0000000080000AF2] -> 0xAAAE
[705] [M]: 0x0000000080000AF0 (0xAAAE8E93) addi t4, t4, -0x556
x29 <- 0x000000000100AAAA

mem[X,0x0000000080000AF4] -> 0x9E93
mem[X,0x0000000080000AF6] -> 0x00BE
[706] [M]: 0x0000000080000AF4 (0x00BE9E93) slli t4, t4, 0xb
x29 <- 0x0000000805555000

mem[X,0x0000000080000AF8] -> 0x8E93
mem[X,0x0000000080000AFA] -> 0x77FE
[707] [M]: 0x0000000080000AF8 (0x77FE8E93) addi t4, t4, 0x77f
x29 <- 0x000000080555577F

mem[X,0x0000000080000AFC] -> 0x9E93
mem[X,0x0000000080000AFE] -> 0x00BE
[708] [M]: 0x0000000080000AFC (0x00BE9E93) slli t4, t4, 0xb
x29 <- 0x0000402AAABBF800

mem[X,0x0000000080000B00] -> 0x8E93
mem[X,0x0000000080000B02] -> 0x7FFE
[709] [M]: 0x0000000080000B00 (0x7FFE8E93) addi t4, t4, 0x7ff
x29 <- 0x0000402AAABBFFFF

mem[X,0x0000000080000B04] -> 0x9E93
mem[X,0x0000000080000B06] -> 0x00AE
[710] [M]: 0x0000000080000B04 (0x00AE9E93) slli t4, t4, 0xa
x29 <- 0x0100AAAAEFFFFC00

mem[X,0x0000000080000B08] -> 0x8E93
mem[X,0x0000000080000B0A] -> 0x3FAE
[711] [M]: 0x0000000080000B08 (0x3FAE8E93) addi t4, t4, 0x3fa
x29 <- 0x0100AAAAEFFFFFFA

mem[X,0x0000000080000B0C] -> 0x0FBB
mem[X,0x0000000080000B0E] -> 0xD9DF
[712] [M]: 0x0000000080000B0C (0xD9DF0FBB) pasub.h t6, t5, t4
x31 <- 0xDF7F2AA607FFF002

mem[X,0x0000000080000B10] -> 0x3823
mem[X,0x0000000080000B12] -> 0x01F1
[713] [M]: 0x0000000080000B10 (0x01F13823) sd t6, 0x10(sp)
mem[0x0000000080004218] <- 0xDF7F2AA607FFF002

mem[X,0x0000000080000B14] -> 0x0F37
mem[X,0x0000000080000B16] -> 0x4001
[714] [M]: 0x0000000080000B14 (0x40010F37) lui t5, 0x40010
x30 <- 0x0000000040010000

mem[X,0x0000000080000B18] -> 0x0F13
mem[X,0x0000000080000B1A] -> 0xDFFF
[715] [M]: 0x0000000080000B18 (0xDFFF0F13) addi t5, t5, -0x201
x30 <- 0x000000004000FDFF

mem[X,0x0000000080000B1C] -> 0x1F13
mem[X,0x0000000080000B1E] -> 0x00BF
[716] [M]: 0x0000000080000B1C (0x00BF1F13) slli t5, t5, 0xb
x30 <- 0x0000020007EFF800

mem[X,0x0000000080000B20] -> 0x0F13
mem[X,0x0000000080000B22] -> 0x7DFF
[717] [M]: 0x0000000080000B20 (0x7DFF0F13) addi t5, t5, 0x7df
x30 <- 0x0000020007EFFFDF

mem[X,0x0000000080000B24] -> 0x1F13
mem[X,0x0000000080000B26] -> 0x00BF
[718] [M]: 0x0000000080000B24 (0x00BF1F13) slli t5, t5, 0xb
x30 <- 0x0010003F7FFEF800

mem[X,0x0000000080000B28] -> 0x0F13
mem[X,0x0000000080000B2A] -> 0x7EFF
[719] [M]: 0x0000000080000B28 (0x7EFF0F13) addi t5, t5, 0x7ef
x30 <- 0x0010003F7FFEFFEF

mem[X,0x0000000080000B2C] -> 0x1F13
mem[X,0x0000000080000B2E] -> 0x00AF
[720] [M]: 0x0000000080000B2C (0x00AF1F13) slli t5, t5, 0xa
x30 <- 0x4000FDFFFBFFBC00

mem[X,0x0000000080000B30] -> 0x0F13
mem[X,0x0000000080000B32] -> 0x3FFF
[721] [M]: 0x0000000080000B30 (0x3FFF0F13) addi t5, t5, 0x3ff
x30 <- 0x4000FDFFFBFFBFFF

mem[X,0x0000000080000B34] -> 0x0EB7
mem[X,0x0000000080000B36] -> 0x1001
[722] [M]: 0x0000000080000B34 (0x10010EB7) lui t4, 0x10010
x29 <- 0x0000000010010000

mem[X,0x0000000080000B38] -> 0x8E93
mem[X,0x0000000080000B3A] -> 0xF7FE
[723] [M]: 0x0000000080000B38 (0xF7FE8E93) addi t4, t4, -0x81
x29 <- 0x000000001000FF7F

mem[X,0x0000000080000B3C] -> 0x9E93
mem[X,0x0000000080000B3E] -> 0x00BE
[724] [M]: 0x0000000080000B3C (0x00BE9E93) slli t4, t4, 0xb
x29 <- 0x0000008007FBF800

mem[X,0x0000000080000B40] -> 0x8E93
mem[X,0x0000000080000B42] -> 0x7FFE
[725] [M]: 0x0000000080000B40 (0x7FFE8E93) addi t4, t4, 0x7ff
x29 <- 0x0000008007FBFFFF

mem[X,0x0000000080000B44] -> 0x9E93
mem[X,0x0000000080000B46] -> 0x00BE
[726] [M]: 0x0000000080000B44 (0x00BE9E93) slli t4, t4, 0xb
x29 <- 0x0004003FDFFFF800

mem[X,0x0000000080000B48] -> 0x8E93
mem[X,0x0000000080000B4A] -> 0x780E
[727] [M]: 0x0000000080000B48 (0x780E8E93) addi t4, t4, 0x780
x29 <- 0x0004003FDFFFFF80

mem[X,0x0000000080000B4C] -> 0x9E93
mem[X,0x0000000080000B4E] -> 0x00AE
[728] [M]: 0x0000000080000B4C (0x00AE9E93) slli t4, t4, 0xa
x29 <- 0x1000FF7FFFFE0000

mem[X,0x0000000080000B50] -> 0x8E93
mem[X,0x0000000080000B52] -> 0x004E
[729] [M]: 0x0000000080000B50 (0x004E8E93) addi t4, t4, 0x4
x29 <- 0x1000FF7FFFFE0004

mem[X,0x0000000080000B54] -> 0x0FBB
mem[X,0x0000000080000B56] -> 0xD9DF
[730] [M]: 0x0000000080000B54 (0xD9DF0FBB) pasub.h t6, t5, t4
x31 <- 0x1800FF40FE00DFFD

mem[X,0x0000000080000B58] -> 0x3C23
mem[X,0x0000000080000B5A] -> 0x01F1
[731] [M]: 0x0000000080000B58 (0x01F13C23) sd t6, 0x18(sp)
mem[0x0000000080004220] <- 0x1800FF40FE00DFFD

mem[X,0x0000000080000B5C] -> 0x0F37
mem[X,0x0000000080000B5E] -> 0x0080
[732] [M]: 0x0000000080000B5C (0x00800F37) lui t5, 0x800
x30 <- 0x0000000000800000

mem[X,0x0000000080000B60] -> 0x0F13
mem[X,0x0000000080000B62] -> 0x000F
[733] [M]: 0x0000000080000B60 (0x000F0F13) addi t5, t5, 0x0
x30 <- 0x0000000000800000

mem[X,0x0000000080000B64] -> 0x1F13
mem[X,0x0000000080000B66] -> 0x00BF
[734] [M]: 0x0000000080000B64 (0x00BF1F13) slli t5, t5, 0xb
x30 <- 0x0000000400000000

mem[X,0x0000000080000B68] -> 0x0F13
mem[X,0x0000000080000B6A] -> 0x7FFF
[735] [M]: 0x0000000080000B68 (0x7FFF0F13) addi t5, t5, 0x7ff
x30 <- 0x00000004000007FF

mem[X,0x0000000080000B6C] -> 0x1F13
mem[X,0x0000000080000B6E] -> 0x00BF
[736] [M]: 0x0000000080000B6C (0x00BF1F13) slli t5, t5, 0xb
x30 <- 0x00002000003FF800

mem[X,0x0000000080000B70] -> 0x0F13
mem[X,0x0000000080000B72] -> 0x5D5F
[737] [M]: 0x0000000080000B70 (0x5D5F0F13) addi t5, t5, 0x5d5
x30 <- 0x00002000003FFDD5

mem[X,0x0000000080000B74] -> 0x1F13
mem[X,0x0000000080000B76] -> 0x00AF
[738] [M]: 0x0000000080000B74 (0x00AF1F13) slli t5, t5, 0xa
x30 <- 0x00800000FFF75400

mem[X,0x0000000080000B78] -> 0x0F13
mem[X,0x0000000080000B7A] -> 0x155F
[739] [M]: 0x0000000080000B78 (0x155F0F13) addi t5, t5, 0x155
x30 <- 0x00800000FFF75555

mem[X,0x0000000080000B7C] -> 0x0EB7
mem[X,0x0000000080000B7E] -> 0x4001
[740] [M]: 0x0000000080000B7C (0x40010EB7) lui t4, 0x40010
x29 <- 0x0000000040010000

mem[X,0x0000000080000B80] -> 0x8E93
mem[X,0x0000000080000B82] -> 0xFF7E
[741] [M]: 0x0000000080000B80 (0xFF7E8E93) addi t4, t4, -0x9
x29 <- 0x000000004000FFF7

mem[X,0x0000000080000B84] -> 0x9E93
mem[X,0x0000000080000B86] -> 0x00BE
[742] [M]: 0x0000000080000B84 (0x00BE9E93) slli t4, t4, 0xb
x29 <- 0x0000020007FFB800

mem[X,0x0000000080000B88] -> 0x8E93
mem[X,0x0000000080000B8A] -> 0x000E
[743] [M]: 0x0000000080000B88 (0x000E8E93) addi t4, t4, 0x0
x29 <- 0x0000020007FFB800

mem[X,0x0000000080000B8C] -> 0x9E93
mem[X,0x0000000080000B8E] -> 0x00BE
[744] [M]: 0x0000000080000B8C (0x00BE9E93) slli t4, t4, 0xb
x29 <- 0x0010003FFDC00000

mem[X,0x0000000080000B90] -> 0x8E93
mem[X,0x0000000080000B92] -> 0x240E
[745] [M]: 0x0000000080000B90 (0x240E8E93) addi t4, t4, 0x240
x29 <- 0x0010003FFDC00240

mem[X,0x0000000080000B94] -> 0x9E93
mem[X,0x0000000080000B96] -> 0x00AE
[746] [M]: 0x0000000080000B94 (0x00AE9E93) slli t4, t4, 0xa
x29 <- 0x4000FFF700090000

mem[X,0x0000000080000B98] -> 0x8E93
mem[X,0x0000000080000B9A] -> 0x002E
[747] [M]: 0x0000000080000B98 (0x002E8E93) addi t4, t4, 0x2
x29 <- 0x4000FFF700090002

mem[X,0x0000000080000B9C] -> 0x0FBB
mem[X,0x0000000080000B9E] -> 0xD9DF
[748] [M]: 0x0000000080000B9C (0xD9DF0FBB) pasub.h t6, t5, t4
x31 <- 0xE0400004FFF72AA9

mem[X,0x0000000080000BA0] -> 0x3023
mem[X,0x0000000080000BA2] -> 0x03F1
[749] [M]: 0x0000000080000BA0 (0x03F13023) sd t6, 0x20(sp)
mem[0x0000000080004228] <- 0xE0400004FFF72AA9

mem[X,0x0000000080000BA4] -> 0x0F37
mem[X,0x0000000080000BA6] -> 0x8000
[750] [M]: 0x0000000080000BA4 (0x80000F37) lui t5, -0x80000
x30 <- 0xFFFFFFFF80000000

mem[X,0x0000000080000BA8] -> 0x0F13
mem[X,0x0000000080000BAA] -> 0xFF9F
[751] [M]: 0x0000000080000BA8 (0xFF9F0F13) addi t5, t5, -0x7
x30 <- 0xFFFFFFFF7FFFFFF9

mem[X,0x0000000080000BAC] -> 0x1F13
mem[X,0x0000000080000BAE] -> 0x00BF
[752] [M]: 0x0000000080000BAC (0x00BF1F13) slli t5, t5, 0xb
x30 <- 0xFFFFFBFFFFFFC800

mem[X,0x0000000080000BB0] -> 0x0F13
mem[X,0x0000000080000BB2] -> 0x3FFF
[753] [M]: 0x0000000080000BB0 (0x3FFF0F13) addi t5, t5, 0x3ff
x30 <- 0xFFFFFBFFFFFFCBFF

mem[X,0x0000000080000BB4] -> 0x1F13
mem[X,0x0000000080000BB6] -> 0x00BF
[754] [M]: 0x0000000080000BB4 (0x00BF1F13) slli t5, t5, 0xb
x30 <- 0xFFDFFFFFFE5FF800

mem[X,0x0000000080000BB8] -> 0x0F13
mem[X,0x0000000080000BBA] -> 0x7EAF
[755] [M]: 0x0000000080000BB8 (0x7EAF0F13) addi t5, t5, 0x7ea
x30 <- 0xFFDFFFFFFE5FFFEA

mem[X,0x0000000080000BBC] -> 0x1F13
mem[X,0x0000000080000BBE] -> 0x00AF
[756] [M]: 0x0000000080000BBC (0x00AF1F13) slli t5, t5, 0xa
x30 <- 0x7FFFFFF97FFFA800

mem[X,0x0000000080000BC0] -> 0x0F13
mem[X,0x0000000080000BC2] -> 0x2AAF
[757] [M]: 0x0000000080000BC0 (0x2AAF0F13) addi t5, t5, 0x2aa
x30 <- 0x7FFFFFF97FFFAAAA

mem[X,0x0000000080000BC4] -> 0x0EB7
mem[X,0x0000000080000BC6] -> 0xBFFF
[758] [M]: 0x0000000080000BC4 (0xBFFF0EB7) lui t4, -0x40010
x29 <- 0xFFFFFFFFBFFF0000

mem[X,0x0000000080000BC8] -> 0x8E93
mem[X,0x0000000080000BCA] -> 0x003E
[759] [M]: 0x0000000080000BC8 (0x003E8E93) addi t4, t4, 0x3
x29 <- 0xFFFFFFFFBFFF0003

mem[X,0x0000000080000BCC] -> 0x9E93
mem[X,0x0000000080000BCE] -> 0x00BE
[760] [M]: 0x0000000080000BCC (0x00BE9E93) slli t4, t4, 0xb
x29 <- 0xFFFFFDFFF8001800

mem[X,0x0000000080000BD0] -> 0x8E93
mem[X,0x0000000080000BD2] -> 0x600E
[761] [M]: 0x0000000080000BD0 (0x600E8E93) addi t4, t4, 0x600
x29 <- 0xFFFFFDFFF8001E00

mem[X,0x0000000080000BD4] -> 0x9E93
mem[X,0x0000000080000BD6] -> 0x00BE
[762] [M]: 0x0000000080000BD4 (0x00BE9E93) slli t4, t4, 0xb
x29 <- 0xFFEFFFC000F00000

mem[X,0x0000000080000BD8] -> 0x8E93
mem[X,0x0000000080000BDA] -> 0x03FE
[763] [M]: 0x0000000080000BD8 (0x03FE8E93) addi t4, t4, 0x3f
x29 <- 0xFFEFFFC000F0003F

mem[X,0x0000000080000BDC] -> 0x9E93
mem[X,0x0000000080000BDE] -> 0x00AE
[764] [M]: 0x0000000080000BDC (0x00AE9E93) slli t4, t4, 0xa
x29 <- 0xBFFF0003C000FC00

mem[X,0x0000000080000BE0] -> 0x8E93
mem[X,0x0000000080000BE2] -> 0x3FBE
[765] [M]: 0x0000000080000BE0 (0x3FBE8E93) addi t4, t4, 0x3fb
x29 <- 0xBFFF0003C000FFFB

mem[X,0x0000000080000BE4] -> 0x0FBB
mem[X,0x0000000080000BE6] -> 0xD9DF
[766] [M]: 0x0000000080000BE4 (0xD9DF0FBB) pasub.h t6, t5, t4
x31 <- 0x6000FFFB5FFFD557

mem[X,0x0000000080000BE8] -> 0x3423
mem[X,0x0000000080000BEA] -> 0x03F1
[767] [M]: 0x0000000080000BE8 (0x03F13423) sd t6, 0x28(sp)
mem[0x0000000080004230] <- 0x6000FFFB5FFFD557

mem[X,0x0000000080000BEC] -> 0x0F37
mem[X,0x0000000080000BEE] -> 0x0008
[768] [M]: 0x0000000080000BEC (0x00080F37) lui t5, 0x80
x30 <- 0x0000000000080000

mem[X,0x0000000080000BF0] -> 0x0F13
mem[X,0x0000000080000BF2] -> 0x008F
[769] [M]: 0x0000000080000BF0 (0x008F0F13) addi t5, t5, 0x8
x30 <- 0x0000000000080008

mem[X,0x0000000080000BF4] -> 0x1F13
mem[X,0x0000000080000BF6] -> 0x00BF
[770] [M]: 0x0000000080000BF4 (0x00BF1F13) slli t5, t5, 0xb
x30 <- 0x0000000040004000

mem[X,0x0000000080000BF8] -> 0x0F13
mem[X,0x0000000080000BFA] -> 0x000F
[771] [M]: 0x0000000080000BF8 (0x000F0F13) addi t5, t5, 0x0
x30 <- 0x0000000040004000

mem[X,0x0000000080000BFC] -> 0x1F13
mem[X,0x0000000080000BFE] -> 0x00BF
[772] [M]: 0x0000000080000BFC (0x00BF1F13) slli t5, t5, 0xb
x30 <- 0x0000020002000000

mem[X,0x0000000080000C00] -> 0x0F13
mem[X,0x0000000080000C02] -> 0x14FF
[773] [M]: 0x0000000080000C00 (0x14FF0F13) addi t5, t5, 0x14f
x30 <- 0x000002000200014F

mem[X,0x0000000080000C04] -> 0x1F13
mem[X,0x0000000080000C06] -> 0x00AF
[774] [M]: 0x0000000080000C04 (0x00AF1F13) slli t5, t5, 0xa
x30 <- 0x0008000800053C00

mem[X,0x0000000080000C08] -> 0x0F13
mem[X,0x0000000080000C0A] -> 0x3FFF
[775] [M]: 0x0000000080000C08 (0x3FFF0F13) addi t5, t5, 0x3ff
x30 <- 0x0008000800053FFF

mem[X,0x0000000080000C0C] -> 0x0EB7
mem[X,0x0000000080000C0E] -> 0x7FFF
[776] [M]: 0x0000000080000C0C (0x7FFF0EB7) lui t4, 0x7fff0
x29 <- 0x000000007FFF0000

mem[X,0x0000000080000C10] -> 0x8E93
mem[X,0x0000000080000C12] -> 0x007E
[777] [M]: 0x0000000080000C10 (0x007E8E93) addi t4, t4, 0x7
x29 <- 0x000000007FFF0007

mem[X,0x0000000080000C14] -> 0x9E93
mem[X,0x0000000080000C16] -> 0x00BE
[778] [M]: 0x0000000080000C14 (0x00BE9E93) slli t4, t4, 0xb
x29 <- 0x000003FFF8003800

mem[X,0x0000000080000C18] -> 0x8E93
mem[X,0x0000000080000C1A] -> 0x000E
[779] [M]: 0x0000000080000C18 (0x000E8E93) addi t4, t4, 0x0
x29 <- 0x000003FFF8003800

mem[X,0x0000000080000C1C] -> 0x9E93
mem[X,0x0000000080000C1E] -> 0x00BE
[780] [M]: 0x0000000080000C1C (0x00BE9E93) slli t4, t4, 0xb
x29 <- 0x001FFFC001C00000

mem[X,0x0000000080000C20] -> 0x8E93
mem[X,0x0000000080000C22] -> 0x200E
[781] [M]: 0x0000000080000C20 (0x200E8E93) addi t4, t4, 0x200
x29 <- 0x001FFFC001C00200

mem[X,0x0000000080000C24] -> 0x9E93
mem[X,0x0000000080000C26] -> 0x00AE
[782] [M]: 0x0000000080000C24 (0x00AE9E93) slli t4, t4, 0xa
x29 <- 0x7FFF000700080000

mem[X,0x0000000080000C28] -> 0x8E93
mem[X,0x0000000080000C2A] -> 0x100E
[783] [M]: 0x0000000080000C28 (0x100E8E93) addi t4, t4, 0x100
x29 <- 0x7FFF000700080100

mem[X,0x0000000080000C2C] -> 0x0FBB
mem[X,0x0000000080000C2E] -> 0xD9DF
[784] [M]: 0x0000000080000C2C (0xD9DF0FBB) pasub.h t6, t5, t4
x31 <- 0xC0040000FFFE1F7F

mem[X,0x0000000080000C30] -> 0x3823
mem[X,0x0000000080000C32] -> 0x03F1
[785] [M]: 0x0000000080000C30 (0x03F13823) sd t6, 0x30(sp)
mem[0x0000000080004238] <- 0xC0040000FFFE1F7F

mem[X,0x0000000080000C34] -> 0x0F37
mem[X,0x0000000080000C36] -> 0x8001
[786] [M]: 0x0000000080000C34 (0x80010F37) lui t5, -0x7fff0
x30 <- 0xFFFFFFFF80010000

mem[X,0x0000000080000C38] -> 0x0F13
mem[X,0x0000000080000C3A] -> 0xFFCF
[787] [M]: 0x0000000080000C38 (0xFFCF0F13) addi t5, t5, -0x4
x30 <- 0xFFFFFFFF8000FFFC

mem[X,0x0000000080000C3C] -> 0x1F13
mem[X,0x0000000080000C3E] -> 0x00BF
[788] [M]: 0x0000000080000C3C (0x00BF1F13) slli t5, t5, 0xb
x30 <- 0xFFFFFC0007FFE000

mem[X,0x0000000080000C40] -> 0x0F13
mem[X,0x0000000080000C42] -> 0x7FBF
[789] [M]: 0x0000000080000C40 (0x7FBF0F13) addi t5, t5, 0x7fb
x30 <- 0xFFFFFC0007FFE7FB

mem[X,0x0000000080000C44] -> 0x1F13
mem[X,0x0000000080000C46] -> 0x00BF
[790] [M]: 0x0000000080000C44 (0x00BF1F13) slli t5, t5, 0xb
x30 <- 0xFFE0003FFF3FD800

mem[X,0x0000000080000C48] -> 0x0F13
mem[X,0x0000000080000C4A] -> 0x7C0F
[791] [M]: 0x0000000080000C48 (0x7C0F0F13) addi t5, t5, 0x7c0
x30 <- 0xFFE0003FFF3FDFC0

mem[X,0x0000000080000C4C] -> 0x1F13
mem[X,0x0000000080000C4E] -> 0x00AF
[792] [M]: 0x0000000080000C4C (0x00AF1F13) slli t5, t5, 0xa
x30 <- 0x8000FFFCFF7F0000

mem[X,0x0000000080000C50] -> 0x0F13
mem[X,0x0000000080000C52] -> 0x200F
[793] [M]: 0x0000000080000C50 (0x200F0F13) addi t5, t5, 0x200
x30 <- 0x8000FFFCFF7F0200

mem[X,0x0000000080000C54] -> 0x0EB7
mem[X,0x0000000080000C56] -> 0x0005
[794] [M]: 0x0000000080000C54 (0x00050EB7) lui t4, 0x50
x29 <- 0x0000000000050000

mem[X,0x0000000080000C58] -> 0x8E93
mem[X,0x0000000080000C5A] -> 0xFFFE
[795] [M]: 0x0000000080000C58 (0xFFFE8E93) addi t4, t4, -0x1
x29 <- 0x000000000004FFFF

mem[X,0x0000000080000C5C] -> 0x9E93
mem[X,0x0000000080000C5E] -> 0x00BE
[796] [M]: 0x0000000080000C5C (0x00BE9E93) slli t4, t4, 0xb
x29 <- 0x0000000027FFF800

mem[X,0x0000000080000C60] -> 0x8E93
mem[X,0x0000000080000C62] -> 0x000E
[797] [M]: 0x0000000080000C60 (0x000E8E93) addi t4, t4, 0x0
x29 <- 0x0000000027FFF800

mem[X,0x0000000080000C64] -> 0x9E93
mem[X,0x0000000080000C66] -> 0x00BE
[798] [M]: 0x0000000080000C64 (0x00BE9E93) slli t4, t4, 0xb
x29 <- 0x0000013FFFC00000

mem[X,0x0000000080000C68] -> 0x8E93
mem[X,0x0000000080000C6A] -> 0x200E
[799] [M]: 0x0000000080000C68 (0x200E8E93) addi t4, t4, 0x200
x29 <- 0x0000013FFFC00200

clint::tick mtime <- 0x0000000000000008
 clint timer pending at mtime 0x0000000000000008
htif::tick 0x0000000000000000
mem[X,0x0000000080000C6C] -> 0x9E93
mem[X,0x0000000080000C6E] -> 0x00AE
[800] [M]: 0x0000000080000C6C (0x00AE9E93) slli t4, t4, 0xa
x29 <- 0x0004FFFF00080000

mem[X,0x0000000080000C70] -> 0x8E93
mem[X,0x0000000080000C72] -> 0x002E
[801] [M]: 0x0000000080000C70 (0x002E8E93) addi t4, t4, 0x2
x29 <- 0x0004FFFF00080002

mem[X,0x0000000080000C74] -> 0x0FBB
mem[X,0x0000000080000C76] -> 0xD9DF
[802] [M]: 0x0000000080000C74 (0xD9DF0FBB) pasub.h t6, t5, t4
x31 <- 0xBFFEFFFEFFBB00FF

mem[X,0x0000000080000C78] -> 0x3C23
mem[X,0x0000000080000C7A] -> 0x03F1
[803] [M]: 0x0000000080000C78 (0x03F13C23) sd t6, 0x38(sp)
mem[0x0000000080004240] <- 0xBFFEFFFEFFBB00FF

mem[X,0x0000000080000C7C] -> 0x0F37
mem[X,0x0000000080000C7E] -> 0x0000
[804] [M]: 0x0000000080000C7C (0x00000F37) lui t5, 0x0
x30 <- 0x0000000000000000

mem[X,0x0000000080000C80] -> 0x0F13
mem[X,0x0000000080000C82] -> 0xFDFF
[805] [M]: 0x0000000080000C80 (0xFDFF0F13) addi t5, t5, -0x21
x30 <- 0xFFFFFFFFFFFFFFDF

mem[X,0x0000000080000C84] -> 0x1F13
mem[X,0x0000000080000C86] -> 0x00BF
[806] [M]: 0x0000000080000C84 (0x00BF1F13) slli t5, t5, 0xb
x30 <- 0xFFFFFFFFFFFEF800

mem[X,0x0000000080000C88] -> 0x0F13
mem[X,0x0000000080000C8A] -> 0x2AAF
[807] [M]: 0x0000000080000C88 (0x2AAF0F13) addi t5, t5, 0x2aa
x30 <- 0xFFFFFFFFFFFEFAAA

mem[X,0x0000000080000C8C] -> 0x1F13
mem[X,0x0000000080000C8E] -> 0x00BF
[808] [M]: 0x0000000080000C8C (0x00BF1F13) slli t5, t5, 0xb
x30 <- 0xFFFFFFFFF7D55000

mem[X,0x0000000080000C90] -> 0x0F13
mem[X,0x0000000080000C92] -> 0x55FF
[809] [M]: 0x0000000080000C90 (0x55FF0F13) addi t5, t5, 0x55f
x30 <- 0xFFFFFFFFF7D5555F

mem[X,0x0000000080000C94] -> 0x1F13
mem[X,0x0000000080000C96] -> 0x00AF
[810] [M]: 0x0000000080000C94 (0x00AF1F13) slli t5, t5, 0xa
x30 <- 0xFFFFFFDF55557C00

mem[X,0x0000000080000C98] -> 0x0F13
mem[X,0x0000000080000C9A] -> 0x3FFF
[811] [M]: 0x0000000080000C98 (0x3FFF0F13) addi t5, t5, 0x3ff
x30 <- 0xFFFFFFDF55557FFF

mem[X,0x0000000080000C9C] -> 0x0EB7
mem[X,0x0000000080000C9E] -> 0x0010
[812] [M]: 0x0000000080000C9C (0x00100EB7) lui t4, 0x100
x29 <- 0x0000000000100000

mem[X,0x0000000080000CA0] -> 0x8E93
mem[X,0x0000000080000CA2] -> 0x007E
[813] [M]: 0x0000000080000CA0 (0x007E8E93) addi t4, t4, 0x7
x29 <- 0x0000000000100007

mem[X,0x0000000080000CA4] -> 0x9E93
mem[X,0x0000000080000CA6] -> 0x00BE
[814] [M]: 0x0000000080000CA4 (0x00BE9E93) slli t4, t4, 0xb
x29 <- 0x0000000080003800

mem[X,0x0000000080000CA8] -> 0x8E93
mem[X,0x0000000080000CAA] -> 0x004E
[815] [M]: 0x0000000080000CA8 (0x004E8E93) addi t4, t4, 0x4
x29 <- 0x0000000080003804

mem[X,0x0000000080000CAC] -> 0x9E93
mem[X,0x0000000080000CAE] -> 0x00BE
[816] [M]: 0x0000000080000CAC (0x00BE9E93) slli t4, t4, 0xb
x29 <- 0x0000040001C02000

mem[X,0x0000000080000CB0] -> 0x8E93
mem[X,0x0000000080000CB2] -> 0x000E
[817] [M]: 0x0000000080000CB0 (0x000E8E93) addi t4, t4, 0x0
x29 <- 0x0000040001C02000

mem[X,0x0000000080000CB4] -> 0x9E93
mem[X,0x0000000080000CB6] -> 0x00AE
[818] [M]: 0x0000000080000CB4 (0x00AE9E93) slli t4, t4, 0xa
x29 <- 0x0010000700800000

mem[X,0x0000000080000CB8] -> 0x8E93
mem[X,0x0000000080000CBA] -> 0x003E
[819] [M]: 0x0000000080000CB8 (0x003E8E93) addi t4, t4, 0x3
x29 <- 0x0010000700800003

mem[X,0x0000000080000CBC] -> 0x0FBB
mem[X,0x0000000080000CBE] -> 0xD9DF
[820] [M]: 0x0000000080000CBC (0xD9DF0FBB) pasub.h t6, t5, t4
x31 <- 0xFFF7FFEC2A6A3FFE

mem[X,0x0000000080000CC0] -> 0x3023
mem[X,0x0000000080000CC2] -> 0x05F1
[821] [M]: 0x0000000080000CC0 (0x05F13023) sd t6, 0x40(sp)
mem[0x0000000080004248] <- 0xFFF7FFEC2A6A3FFE

mem[X,0x0000000080000CC4] -> 0x4F37
mem[X,0x0000000080000CC6] -> 0x0080
[822] [M]: 0x0000000080000CC4 (0x00804F37) lui t5, 0x804
x30 <- 0x0000000000804000

mem[X,0x0000000080000CC8] -> 0x0F13
mem[X,0x0000000080000CCA] -> 0x000F
[823] [M]: 0x0000000080000CC8 (0x000F0F13) addi t5, t5, 0x0
x30 <- 0x0000000000804000

mem[X,0x0000000080000CCC] -> 0x1F13
mem[X,0x0000000080000CCE] -> 0x00BF
[824] [M]: 0x0000000080000CCC (0x00BF1F13) slli t5, t5, 0xb
x30 <- 0x0000000402000000

mem[X,0x0000000080000CD0] -> 0x0F13
mem[X,0x0000000080000CD2] -> 0x020F
[825] [M]: 0x0000000080000CD0 (0x020F0F13) addi t5, t5, 0x20
x30 <- 0x0000000402000020

mem[X,0x0000000080000CD4] -> 0x1F13
mem[X,0x0000000080000CD6] -> 0x00BF
[826] [M]: 0x0000000080000CD4 (0x00BF1F13) slli t5, t5, 0xb
x30 <- 0x0000201000010000

mem[X,0x0000000080000CD8] -> 0x0F13
mem[X,0x0000000080000CDA] -> 0x03FF
[827] [M]: 0x0000000080000CD8 (0x03FF0F13) addi t5, t5, 0x3f
x30 <- 0x000020100001003F

mem[X,0x0000000080000CDC] -> 0x1F13
mem[X,0x0000000080000CDE] -> 0x00AF
[828] [M]: 0x0000000080000CDC (0x00AF1F13) slli t5, t5, 0xa
x30 <- 0x008040000400FC00

mem[X,0x0000000080000CE0] -> 0x0F13
mem[X,0x0000000080000CE2] -> 0x3FEF
[829] [M]: 0x0000000080000CE0 (0x3FEF0F13) addi t5, t5, 0x3fe
x30 <- 0x008040000400FFFE

mem[X,0x0000000080000CE4] -> 0x4EB7
mem[X,0x0000000080000CE6] -> 0x0020
[830] [M]: 0x0000000080000CE4 (0x00204EB7) lui t4, 0x204
x29 <- 0x0000000000204000

mem[X,0x0000000080000CE8] -> 0x8E93
mem[X,0x0000000080000CEA] -> 0xFFFE
[831] [M]: 0x0000000080000CE8 (0xFFFE8E93) addi t4, t4, -0x1
x29 <- 0x0000000000203FFF

mem[X,0x0000000080000CEC] -> 0x9E93
mem[X,0x0000000080000CEE] -> 0x00BE
[832] [M]: 0x0000000080000CEC (0x00BE9E93) slli t4, t4, 0xb
x29 <- 0x0000000101FFF800

mem[X,0x0000000080000CF0] -> 0x8E93
mem[X,0x0000000080000CF2] -> 0x000E
[833] [M]: 0x0000000080000CF0 (0x000E8E93) addi t4, t4, 0x0
x29 <- 0x0000000101FFF800

mem[X,0x0000000080000CF4] -> 0x9E93
mem[X,0x0000000080000CF6] -> 0x00BE
[834] [M]: 0x0000000080000CF4 (0x00BE9E93) slli t4, t4, 0xb
x29 <- 0x0000080FFFC00000

mem[X,0x0000000080000CF8] -> 0x8E93
mem[X,0x0000000080000CFA] -> 0x155E
[835] [M]: 0x0000000080000CF8 (0x155E8E93) addi t4, t4, 0x155
x29 <- 0x0000080FFFC00155

mem[X,0x0000000080000CFC] -> 0x9E93
mem[X,0x0000000080000CFE] -> 0x00AE
[836] [M]: 0x0000000080000CFC (0x00AE9E93) slli t4, t4, 0xa
x29 <- 0x00203FFF00055400

mem[X,0x0000000080000D00] -> 0x8E93
mem[X,0x0000000080000D02] -> 0x155E
[837] [M]: 0x0000000080000D00 (0x155E8E93) addi t4, t4, 0x155
x29 <- 0x00203FFF00055555

mem[X,0x0000000080000D04] -> 0x0FBB
mem[X,0x0000000080000D06] -> 0xD9DF
[838] [M]: 0x0000000080000D04 (0xD9DF0FBB) pasub.h t6, t5, t4
x31 <- 0x0030000001FDD554

mem[X,0x0000000080000D08] -> 0x3423
mem[X,0x0000000080000D0A] -> 0x05F1
[839] [M]: 0x0000000080000D08 (0x05F13423) sd t6, 0x48(sp)
mem[0x0000000080004250] <- 0x0030000001FDD554

mem[X,0x0000000080000D0C] -> 0x4F37
mem[X,0x0000000080000D0E] -> 0xFFFE
[840] [M]: 0x0000000080000D0C (0xFFFE4F37) lui t5, -0x1c
x30 <- 0xFFFFFFFFFFFE4000

mem[X,0x0000000080000D10] -> 0x0F13
mem[X,0x0000000080000D12] -> 0xFFFF
[841] [M]: 0x0000000080000D10 (0xFFFF0F13) addi t5, t5, -0x1
x30 <- 0xFFFFFFFFFFFE3FFF

mem[X,0x0000000080000D14] -> 0x1F13
mem[X,0x0000000080000D16] -> 0x00BF
[842] [M]: 0x0000000080000D14 (0x00BF1F13) slli t5, t5, 0xb
x30 <- 0xFFFFFFFFF1FFF800

mem[X,0x0000000080000D18] -> 0x0F13
mem[X,0x0000000080000D1A] -> 0x004F
[843] [M]: 0x0000000080000D18 (0x004F0F13) addi t5, t5, 0x4
x30 <- 0xFFFFFFFFF1FFF804

mem[X,0x0000000080000D1C] -> 0x1F13
mem[X,0x0000000080000D1E] -> 0x00BF
[844] [M]: 0x0000000080000D1C (0x00BF1F13) slli t5, t5, 0xb
x30 <- 0xFFFFFF8FFFC02000

mem[X,0x0000000080000D20] -> 0x0F13
mem[X,0x0000000080000D22] -> 0x03FF
[845] [M]: 0x0000000080000D20 (0x03FF0F13) addi t5, t5, 0x3f
x30 <- 0xFFFFFF8FFFC0203F

mem[X,0x0000000080000D24] -> 0x1F13
mem[X,0x0000000080000D26] -> 0x00AF
[846] [M]: 0x0000000080000D24 (0x00AF1F13) slli t5, t5, 0xa
x30 <- 0xFFFE3FFF0080FC00

mem[X,0x0000000080000D28] -> 0x0F13
mem[X,0x0000000080000D2A] -> 0x3F6F
[847] [M]: 0x0000000080000D28 (0x3F6F0F13) addi t5, t5, 0x3f6
x30 <- 0xFFFE3FFF0080FFF6

mem[X,0x0000000080000D2C] -> 0x0EB7
mem[X,0x0000000080000D2E] -> 0x0041
[848] [M]: 0x0000000080000D2C (0x00410EB7) lui t4, 0x410
x29 <- 0x0000000000410000

mem[X,0x0000000080000D30] -> 0x8E93
mem[X,0x0000000080000D32] -> 0xEFFE
[849] [M]: 0x0000000080000D30 (0xEFFE8E93) addi t4, t4, -0x101
x29 <- 0x000000000040FEFF

mem[X,0x0000000080000D34] -> 0x9E93
mem[X,0x0000000080000D36] -> 0x00BE
[850] [M]: 0x0000000080000D34 (0x00BE9E93) slli t4, t4, 0xb
x29 <- 0x0000000207F7F800

mem[X,0x0000000080000D38] -> 0x8E93
mem[X,0x0000000080000D3A] -> 0x7FFE
[851] [M]: 0x0000000080000D38 (0x7FFE8E93) addi t4, t4, 0x7ff
x29 <- 0x0000000207F7FFFF

mem[X,0x0000000080000D3C] -> 0x9E93
mem[X,0x0000000080000D3E] -> 0x00BE
[852] [M]: 0x0000000080000D3C (0x00BE9E93) slli t4, t4, 0xb
x29 <- 0x0000103FBFFFF800

mem[X,0x0000000080000D40] -> 0x8E93
mem[X,0x0000000080000D42] -> 0x76FE
[853] [M]: 0x0000000080000D40 (0x76FE8E93) addi t4, t4, 0x76f
x29 <- 0x0000103FBFFFFF6F

mem[X,0x0000000080000D44] -> 0x9E93
mem[X,0x0000000080000D46] -> 0x00AE
[854] [M]: 0x0000000080000D44 (0x00AE9E93) slli t4, t4, 0xa
x29 <- 0x0040FEFFFFFDBC00

mem[X,0x0000000080000D48] -> 0x8E93
mem[X,0x0000000080000D4A] -> 0x3FFE
[855] [M]: 0x0000000080000D48 (0x3FFE8E93) addi t4, t4, 0x3ff
x29 <- 0x0040FEFFFFFDBFFF

mem[X,0x0000000080000D4C] -> 0x0FBB
mem[X,0x0000000080000D4E] -> 0xD9DF
[856] [M]: 0x0000000080000D4C (0xD9DF0FBB) pasub.h t6, t5, t4
x31 <- 0xFFDF208000411FFB

mem[X,0x0000000080000D50] -> 0x3823
mem[X,0x0000000080000D52] -> 0x05F1
[857] [M]: 0x0000000080000D50 (0x05F13823) sd t6, 0x50(sp)
mem[0x0000000080004258] <- 0xFFDF208000411FFB

mem[X,0x0000000080000D54] -> 0x0F37
mem[X,0x0000000080000D56] -> 0xFFFF
[858] [M]: 0x0000000080000D54 (0xFFFF0F37) lui t5, -0x10
x30 <- 0xFFFFFFFFFFFF0000

mem[X,0x0000000080000D58] -> 0x0F13
mem[X,0x0000000080000D5A] -> 0xFFAF
[859] [M]: 0x0000000080000D58 (0xFFAF0F13) addi t5, t5, -0x6
x30 <- 0xFFFFFFFFFFFEFFFA

mem[X,0x0000000080000D5C] -> 0x1F13
mem[X,0x0000000080000D5E] -> 0x00BF
[860] [M]: 0x0000000080000D5C (0x00BF1F13) slli t5, t5, 0xb
x30 <- 0xFFFFFFFFF7FFD000

mem[X,0x0000000080000D60] -> 0x0F13
mem[X,0x0000000080000D62] -> 0x77FF
[861] [M]: 0x0000000080000D60 (0x77FF0F13) addi t5, t5, 0x77f
x30 <- 0xFFFFFFFFF7FFD77F

mem[X,0x0000000080000D64] -> 0x1F13
mem[X,0x0000000080000D66] -> 0x00BF
[862] [M]: 0x0000000080000D64 (0x00BF1F13) slli t5, t5, 0xb
x30 <- 0xFFFFFFBFFEBBF800

mem[X,0x0000000080000D68] -> 0x0F13
mem[X,0x0000000080000D6A] -> 0x7C0F
[863] [M]: 0x0000000080000D68 (0x7C0F0F13) addi t5, t5, 0x7c0
x30 <- 0xFFFFFFBFFEBBFFC0

mem[X,0x0000000080000D6C] -> 0x1F13
mem[X,0x0000000080000D6E] -> 0x00AF
[864] [M]: 0x0000000080000D6C (0x00AF1F13) slli t5, t5, 0xa
x30 <- 0xFFFEFFFAEFFF0000

mem[X,0x0000000080000D70] -> 0x0F13
mem[X,0x0000000080000D72] -> 0x200F
[865] [M]: 0x0000000080000D70 (0x200F0F13) addi t5, t5, 0x200
x30 <- 0xFFFEFFFAEFFF0200

mem[X,0x0000000080000D74] -> 0x0EB7
mem[X,0x0000000080000D76] -> 0x0080
[866] [M]: 0x0000000080000D74 (0x00800EB7) lui t4, 0x800
x29 <- 0x0000000000800000

mem[X,0x0000000080000D78] -> 0x8E93
mem[X,0x0000000080000D7A] -> 0x001E
[867] [M]: 0x0000000080000D78 (0x001E8E93) addi t4, t4, 0x1
x29 <- 0x0000000000800001

mem[X,0x0000000080000D7C] -> 0x9E93
mem[X,0x0000000080000D7E] -> 0x00BE
[868] [M]: 0x0000000080000D7C (0x00BE9E93) slli t4, t4, 0xb
x29 <- 0x0000000400000800

mem[X,0x0000000080000D80] -> 0x8E93
mem[X,0x0000000080000D82] -> 0x010E
[869] [M]: 0x0000000080000D80 (0x010E8E93) addi t4, t4, 0x10
x29 <- 0x0000000400000810

mem[X,0x0000000080000D84] -> 0x9E93
mem[X,0x0000000080000D86] -> 0x00BE
[870] [M]: 0x0000000080000D84 (0x00BE9E93) slli t4, t4, 0xb
x29 <- 0x0000200000408000

mem[X,0x0000000080000D88] -> 0x8E93
mem[X,0x0000000080000D8A] -> 0x03BE
[871] [M]: 0x0000000080000D88 (0x03BE8E93) addi t4, t4, 0x3b
x29 <- 0x000020000040803B

mem[X,0x0000000080000D8C] -> 0x9E93
mem[X,0x0000000080000D8E] -> 0x00AE
[872] [M]: 0x0000000080000D8C (0x00AE9E93) slli t4, t4, 0xa
x29 <- 0x008000010200EC00

mem[X,0x0000000080000D90] -> 0x8E93
mem[X,0x0000000080000D92] -> 0x3FFE
[873] [M]: 0x0000000080000D90 (0x3FFE8E93) addi t4, t4, 0x3ff
x29 <- 0x008000010200EFFF

mem[X,0x0000000080000D94] -> 0x0FBB
mem[X,0x0000000080000D96] -> 0xD9DF
[874] [M]: 0x0000000080000D94 (0xD9DF0FBB) pasub.h t6, t5, t4
x31 <- 0xFFBFFFFCF6FF0900

mem[X,0x0000000080000D98] -> 0x3C23
mem[X,0x0000000080000D9A] -> 0x05F1
[875] [M]: 0x0000000080000D98 (0x05F13C23) sd t6, 0x58(sp)
mem[0x0000000080004260] <- 0xFFBFFFFCF6FF0900

mem[X,0x0000000080000D9C] -> 0x0F37
mem[X,0x0000000080000D9E] -> 0xFF80
[876] [M]: 0x0000000080000D9C (0xFF800F37) lui t5, -0x800
x30 <- 0xFFFFFFFFFF800000

mem[X,0x0000000080000DA0] -> 0x0F13
mem[X,0x0000000080000DA2] -> 0xDFFF
[877] [M]: 0x0000000080000DA0 (0xDFFF0F13) addi t5, t5, -0x201
x30 <- 0xFFFFFFFFFF7FFDFF

mem[X,0x0000000080000DA4] -> 0x1F13
mem[X,0x0000000080000DA6] -> 0x00BF
[878] [M]: 0x0000000080000DA4 (0x00BF1F13) slli t5, t5, 0xb
x30 <- 0xFFFFFFFBFFEFF800

mem[X,0x0000000080000DA8] -> 0x0F13
mem[X,0x0000000080000DAA] -> 0x7FFF
[879] [M]: 0x0000000080000DA8 (0x7FFF0F13) addi t5, t5, 0x7ff
x30 <- 0xFFFFFFFBFFEFFFFF

mem[X,0x0000000080000DAC] -> 0x1F13
mem[X,0x0000000080000DAE] -> 0x00BF
[880] [M]: 0x0000000080000DAC (0x00BF1F13) slli t5, t5, 0xb
x30 <- 0xFFFFDFFF7FFFF800

mem[X,0x0000000080000DB0] -> 0x0F13
mem[X,0x0000000080000DB2] -> 0x700F
[881] [M]: 0x0000000080000DB0 (0x700F0F13) addi t5, t5, 0x700
x30 <- 0xFFFFDFFF7FFFFF00

mem[X,0x0000000080000DB4] -> 0x1F13
mem[X,0x0000000080000DB6] -> 0x00AF
[882] [M]: 0x0000000080000DB4 (0x00AF1F13) slli t5, t5, 0xa
x30 <- 0xFF7FFDFFFFFC0000

mem[X,0x0000000080000DB8] -> 0x0F13
mem[X,0x0000000080000DBA] -> 0x010F
[883] [M]: 0x0000000080000DB8 (0x010F0F13) addi t5, t5, 0x10
x30 <- 0xFF7FFDFFFFFC0010

mem[X,0x0000000080000DBC] -> 0x0EB7
mem[X,0x0000000080000DBE] -> 0x0401
[884] [M]: 0x0000000080000DBC (0x04010EB7) lui t4, 0x4010
x29 <- 0x0000000004010000

mem[X,0x0000000080000DC0] -> 0x8E93
mem[X,0x0000000080000DC2] -> 0xFFBE
[885] [M]: 0x0000000080000DC0 (0xFFBE8E93) addi t4, t4, -0x5
x29 <- 0x000000000400FFFB

mem[X,0x0000000080000DC4] -> 0x9E93
mem[X,0x0000000080000DC6] -> 0x00BE
[886] [M]: 0x0000000080000DC4 (0x00BE9E93) slli t4, t4, 0xb
x29 <- 0x0000002007FFD800

mem[X,0x0000000080000DC8] -> 0x8E93
mem[X,0x0000000080000DCA] -> 0x6FFE
[887] [M]: 0x0000000080000DC8 (0x6FFE8E93) addi t4, t4, 0x6ff
x29 <- 0x0000002007FFDEFF

mem[X,0x0000000080000DCC] -> 0x9E93
mem[X,0x0000000080000DCE] -> 0x00BE
[888] [M]: 0x0000000080000DCC (0x00BE9E93) slli t4, t4, 0xb
x29 <- 0x0001003FFEF7F800

mem[X,0x0000000080000DD0] -> 0x8E93
mem[X,0x0000000080000DD2] -> 0x7C0E
[889] [M]: 0x0000000080000DD0 (0x7C0E8E93) addi t4, t4, 0x7c0
x29 <- 0x0001003FFEF7FFC0

mem[X,0x0000000080000DD4] -> 0x9E93
mem[X,0x0000000080000DD6] -> 0x00AE
[890] [M]: 0x0000000080000DD4 (0x00AE9E93) slli t4, t4, 0xa
x29 <- 0x0400FFFBDFFF0000

mem[X,0x0000000080000DD8] -> 0x8E93
mem[X,0x0000000080000DDA] -> 0x007E
[891] [M]: 0x0000000080000DD8 (0x007E8E93) addi t4, t4, 0x7
x29 <- 0x0400FFFBDFFF0007

mem[X,0x0000000080000DDC] -> 0x0FBB
mem[X,0x0000000080000DDE] -> 0xD9DF
[892] [M]: 0x0000000080000DDC (0xD9DF0FBB) pasub.h t6, t5, t4
x31 <- 0xFDBFFF020FFE0004

mem[X,0x0000000080000DE0] -> 0x3023
mem[X,0x0000000080000DE2] -> 0x07F1
[893] [M]: 0x0000000080000DE0 (0x07F13023) sd t6, 0x60(sp)
mem[0x0000000080004268] <- 0xFDBFFF020FFE0004

mem[X,0x0000000080000DE4] -> 0x0F37
mem[X,0x0000000080000DE6] -> 0x8001
[894] [M]: 0x0000000080000DE4 (0x80010F37) lui t5, -0x7fff0
x30 <- 0xFFFFFFFF80010000

mem[X,0x0000000080000DE8] -> 0x0F13
mem[X,0x0000000080000DEA] -> 0xFDFF
[895] [M]: 0x0000000080000DE8 (0xFDFF0F13) addi t5, t5, -0x21
x30 <- 0xFFFFFFFF8000FFDF

mem[X,0x0000000080000DEC] -> 0x1F13
mem[X,0x0000000080000DEE] -> 0x00BF
[896] [M]: 0x0000000080000DEC (0x00BF1F13) slli t5, t5, 0xb
x30 <- 0xFFFFFC0007FEF800

mem[X,0x0000000080000DF0] -> 0x0F13
mem[X,0x0000000080000DF2] -> 0x1FFF
[897] [M]: 0x0000000080000DF0 (0x1FFF0F13) addi t5, t5, 0x1ff
x30 <- 0xFFFFFC0007FEF9FF

mem[X,0x0000000080000DF4] -> 0x1F13
mem[X,0x0000000080000DF6] -> 0x00BF
[898] [M]: 0x0000000080000DF4 (0x00BF1F13) slli t5, t5, 0xb
x30 <- 0xFFE0003FF7CFF800

mem[X,0x0000000080000DF8] -> 0x0F13
mem[X,0x0000000080000DFA] -> 0x7C0F
[899] [M]: 0x0000000080000DF8 (0x7C0F0F13) addi t5, t5, 0x7c0
x30 <- 0xFFE0003FF7CFFFC0

clint::tick mtime <- 0x0000000000000009
 clint timer pending at mtime 0x0000000000000009
htif::tick 0x0000000000000000
mem[X,0x0000000080000DFC] -> 0x1F13
mem[X,0x0000000080000DFE] -> 0x00AF
[900] [M]: 0x0000000080000DFC (0x00AF1F13) slli t5, t5, 0xa
x30 <- 0x8000FFDF3FFF0000

mem[X,0x0000000080000E00] -> 0x0F13
mem[X,0x0000000080000E02] -> 0x010F
[901] [M]: 0x0000000080000E00 (0x010F0F13) addi t5, t5, 0x10
x30 <- 0x8000FFDF3FFF0010

mem[X,0x0000000080000E04] -> 0x0EB7
mem[X,0x0000000080000E06] -> 0x0801
[902] [M]: 0x0000000080000E04 (0x08010EB7) lui t4, 0x8010
x29 <- 0x0000000008010000

mem[X,0x0000000080000E08] -> 0x8E93
mem[X,0x0000000080000E0A] -> 0xDFFE
[903] [M]: 0x0000000080000E08 (0xDFFE8E93) addi t4, t4, -0x201
x29 <- 0x000000000800FDFF

mem[X,0x0000000080000E0C] -> 0x9E93
mem[X,0x0000000080000E0E] -> 0x00BE
[904] [M]: 0x0000000080000E0C (0x00BE9E93) slli t4, t4, 0xb
x29 <- 0x0000004007EFF800

mem[X,0x0000000080000E10] -> 0x8E93
mem[X,0x0000000080000E12] -> 0x000E
[905] [M]: 0x0000000080000E10 (0x000E8E93) addi t4, t4, 0x0
x29 <- 0x0000004007EFF800

mem[X,0x0000000080000E14] -> 0x9E93
mem[X,0x0000000080000E16] -> 0x00BE
[906] [M]: 0x0000000080000E14 (0x00BE9E93) slli t4, t4, 0xb
x29 <- 0x0002003F7FC00000

mem[X,0x0000000080000E18] -> 0x8E93
mem[X,0x0000000080000E1A] -> 0x1C0E
[907] [M]: 0x0000000080000E18 (0x1C0E8E93) addi t4, t4, 0x1c0
x29 <- 0x0002003F7FC001C0

mem[X,0x0000000080000E1C] -> 0x9E93
mem[X,0x0000000080000E1E] -> 0x00AE
[908] [M]: 0x0000000080000E1C (0x00AE9E93) slli t4, t4, 0xa
x29 <- 0x0800FDFF00070000

mem[X,0x0000000080000E20] -> 0x8E93
mem[X,0x0000000080000E22] -> 0x002E
[909] [M]: 0x0000000080000E20 (0x002E8E93) addi t4, t4, 0x2
x29 <- 0x0800FDFF00070002

mem[X,0x0000000080000E24] -> 0x0FBB
mem[X,0x0000000080000E26] -> 0xD9DF
[910] [M]: 0x0000000080000E24 (0xD9DF0FBB) pasub.h t6, t5, t4
x31 <- 0xBC0000F01FFC0007

mem[X,0x0000000080000E28] -> 0x3423
mem[X,0x0000000080000E2A] -> 0x07F1
[911] [M]: 0x0000000080000E28 (0x07F13423) sd t6, 0x68(sp)
mem[0x0000000080004270] <- 0xBC0000F01FFC0007

mem[X,0x0000000080000E2C] -> 0x0F37
mem[X,0x0000000080000E2E] -> 0x0008
[912] [M]: 0x0000000080000E2C (0x00080F37) lui t5, 0x80
x30 <- 0x0000000000080000

mem[X,0x0000000080000E30] -> 0x0F13
mem[X,0x0000000080000E32] -> 0x001F
[913] [M]: 0x0000000080000E30 (0x001F0F13) addi t5, t5, 0x1
x30 <- 0x0000000000080001

mem[X,0x0000000080000E34] -> 0x1F13
mem[X,0x0000000080000E36] -> 0x00BF
[914] [M]: 0x0000000080000E34 (0x00BF1F13) slli t5, t5, 0xb
x30 <- 0x0000000040000800

mem[X,0x0000000080000E38] -> 0x0F13
mem[X,0x0000000080000E3A] -> 0x3FFF
[915] [M]: 0x0000000080000E38 (0x3FFF0F13) addi t5, t5, 0x3ff
x30 <- 0x0000000040000BFF

mem[X,0x0000000080000E3C] -> 0x1F13
mem[X,0x0000000080000E3E] -> 0x00BF
[916] [M]: 0x0000000080000E3C (0x00BF1F13) slli t5, t5, 0xb
x30 <- 0x00000200005FF800

mem[X,0x0000000080000E40] -> 0x0F13
mem[X,0x0000000080000E42] -> 0x7C0F
[917] [M]: 0x0000000080000E40 (0x7C0F0F13) addi t5, t5, 0x7c0
x30 <- 0x00000200005FFFC0

mem[X,0x0000000080000E44] -> 0x1F13
mem[X,0x0000000080000E46] -> 0x00AF
[918] [M]: 0x0000000080000E44 (0x00AF1F13) slli t5, t5, 0xa
x30 <- 0x000800017FFF0000

mem[X,0x0000000080000E48] -> 0x0F13
mem[X,0x0000000080000E4A] -> 0x001F
[919] [M]: 0x0000000080000E48 (0x001F0F13) addi t5, t5, 0x1
x30 <- 0x000800017FFF0001

mem[X,0x0000000080000E4C] -> 0x0EB7
mem[X,0x0000000080000E4E] -> 0xFFFF
[920] [M]: 0x0000000080000E4C (0xFFFF0EB7) lui t4, -0x10
x29 <- 0xFFFFFFFFFFFF0000

mem[X,0x0000000080000E50] -> 0x8E93
mem[X,0x0000000080000E52] -> 0xDFFE
[921] [M]: 0x0000000080000E50 (0xDFFE8E93) addi t4, t4, -0x201
x29 <- 0xFFFFFFFFFFFEFDFF

mem[X,0x0000000080000E54] -> 0x9E93
mem[X,0x0000000080000E56] -> 0x00BE
[922] [M]: 0x0000000080000E54 (0x00BE9E93) slli t4, t4, 0xb
x29 <- 0xFFFFFFFFF7EFF800

mem[X,0x0000000080000E58] -> 0x8E93
mem[X,0x0000000080000E5A] -> 0x7FEE
[923] [M]: 0x0000000080000E58 (0x7FEE8E93) addi t4, t4, 0x7fe
x29 <- 0xFFFFFFFFF7EFFFFE

mem[X,0x0000000080000E5C] -> 0x9E93
mem[X,0x0000000080000E5E] -> 0x00BE
[924] [M]: 0x0000000080000E5C (0x00BE9E93) slli t4, t4, 0xb
x29 <- 0xFFFFFFBF7FFFF000

mem[X,0x0000000080000E60] -> 0x8E93
mem[X,0x0000000080000E62] -> 0x7FFE
[925] [M]: 0x0000000080000E60 (0x7FFE8E93) addi t4, t4, 0x7ff
x29 <- 0xFFFFFFBF7FFFF7FF

mem[X,0x0000000080000E64] -> 0x9E93
mem[X,0x0000000080000E66] -> 0x00AE
[926] [M]: 0x0000000080000E64 (0x00AE9E93) slli t4, t4, 0xa
x29 <- 0xFFFEFDFFFFDFFC00

mem[X,0x0000000080000E68] -> 0x8E93
mem[X,0x0000000080000E6A] -> 0x1FFE
[927] [M]: 0x0000000080000E68 (0x1FFE8E93) addi t4, t4, 0x1ff
x29 <- 0xFFFEFDFFFFDFFDFF

mem[X,0x0000000080000E6C] -> 0x0FBB
mem[X,0x0000000080000E6E] -> 0xD9DF
[928] [M]: 0x0000000080000E6C (0xD9DF0FBB) pasub.h t6, t5, t4
x31 <- 0x0005010140100101

mem[X,0x0000000080000E70] -> 0x3823
mem[X,0x0000000080000E72] -> 0x07F1
[929] [M]: 0x0000000080000E70 (0x07F13823) sd t6, 0x70(sp)
mem[0x0000000080004278] <- 0x0005010140100101

mem[X,0x0000000080000E74] -> 0x0F37
mem[X,0x0000000080000E76] -> 0xFFFB
[930] [M]: 0x0000000080000E74 (0xFFFB0F37) lui t5, -0x50
x30 <- 0xFFFFFFFFFFFB0000

mem[X,0x0000000080000E78] -> 0x0F13
mem[X,0x0000000080000E7A] -> 0xFFEF
[931] [M]: 0x0000000080000E78 (0xFFEF0F13) addi t5, t5, -0x2
x30 <- 0xFFFFFFFFFFFAFFFE

mem[X,0x0000000080000E7C] -> 0x1F13
mem[X,0x0000000080000E7E] -> 0x00BF
[932] [M]: 0x0000000080000E7C (0x00BF1F13) slli t5, t5, 0xb
x30 <- 0xFFFFFFFFD7FFF000

mem[X,0x0000000080000E80] -> 0x0F13
mem[X,0x0000000080000E82] -> 0x000F
[933] [M]: 0x0000000080000E80 (0x000F0F13) addi t5, t5, 0x0
x30 <- 0xFFFFFFFFD7FFF000

mem[X,0x0000000080000E84] -> 0x1F13
mem[X,0x0000000080000E86] -> 0x00BF
[934] [M]: 0x0000000080000E84 (0x00BF1F13) slli t5, t5, 0xb
x30 <- 0xFFFFFEBFFF800000

mem[X,0x0000000080000E88] -> 0x0F13
mem[X,0x0000000080000E8A] -> 0x200F
[935] [M]: 0x0000000080000E88 (0x200F0F13) addi t5, t5, 0x200
x30 <- 0xFFFFFEBFFF800200

mem[X,0x0000000080000E8C] -> 0x1F13
mem[X,0x0000000080000E8E] -> 0x00AF
[936] [M]: 0x0000000080000E8C (0x00AF1F13) slli t5, t5, 0xa
x30 <- 0xFFFAFFFE00080000

mem[X,0x0000000080000E90] -> 0x0F13
mem[X,0x0000000080000E92] -> 0x100F
[937] [M]: 0x0000000080000E90 (0x100F0F13) addi t5, t5, 0x100
x30 <- 0xFFFAFFFE00080100

mem[X,0x0000000080000E94] -> 0x0EB7
mem[X,0x0000000080000E96] -> 0xFFFD
[938] [M]: 0x0000000080000E94 (0xFFFD0EB7) lui t4, -0x30
x29 <- 0xFFFFFFFFFFFD0000

mem[X,0x0000000080000E98] -> 0x8E93
mem[X,0x0000000080000E9A] -> 0x001E
[939] [M]: 0x0000000080000E98 (0x001E8E93) addi t4, t4, 0x1
x29 <- 0xFFFFFFFFFFFD0001

mem[X,0x0000000080000E9C] -> 0x9E93
mem[X,0x0000000080000E9E] -> 0x00BE
[940] [M]: 0x0000000080000E9C (0x00BE9E93) slli t4, t4, 0xb
x29 <- 0xFFFFFFFFE8000800

mem[X,0x0000000080000EA0] -> 0x8E93
mem[X,0x0000000080000EA2] -> 0x100E
[941] [M]: 0x0000000080000EA0 (0x100E8E93) addi t4, t4, 0x100
x29 <- 0xFFFFFFFFE8000900

mem[X,0x0000000080000EA4] -> 0x9E93
mem[X,0x0000000080000EA6] -> 0x00BE
[942] [M]: 0x0000000080000EA4 (0x00BE9E93) slli t4, t4, 0xb
x29 <- 0xFFFFFF4000480000

mem[X,0x0000000080000EA8] -> 0x8E93
mem[X,0x0000000080000EAA] -> 0x000E
[943] [M]: 0x0000000080000EA8 (0x000E8E93) addi t4, t4, 0x0
x29 <- 0xFFFFFF4000480000

mem[X,0x0000000080000EAC] -> 0x9E93
mem[X,0x0000000080000EAE] -> 0x00AE
[944] [M]: 0x0000000080000EAC (0x00AE9E93) slli t4, t4, 0xa
x29 <- 0xFFFD000120000000

mem[X,0x0000000080000EB0] -> 0x8E93
mem[X,0x0000000080000EB2] -> 0x080E
[945] [M]: 0x0000000080000EB0 (0x080E8E93) addi t4, t4, 0x80
x29 <- 0xFFFD000120000080

mem[X,0x0000000080000EB4] -> 0x0FBB
mem[X,0x0000000080000EB6] -> 0xD9DF
[946] [M]: 0x0000000080000EB4 (0xD9DF0FBB) pasub.h t6, t5, t4
x31 <- 0xFFFEFFFEF0040040

mem[X,0x0000000080000EB8] -> 0x3C23
mem[X,0x0000000080000EBA] -> 0x07F1
[947] [M]: 0x0000000080000EB8 (0x07F13C23) sd t6, 0x78(sp)
mem[0x0000000080004280] <- 0xFFFEFFFEF0040040

mem[X,0x0000000080000EBC] -> 0x0F37
mem[X,0x0000000080000EBE] -> 0xFFBF
[948] [M]: 0x0000000080000EBC (0xFFBF0F37) lui t5, -0x410
x30 <- 0xFFFFFFFFFFBF0000

mem[X,0x0000000080000EC0] -> 0x0F13
mem[X,0x0000000080000EC2] -> 0x006F
[949] [M]: 0x0000000080000EC0 (0x006F0F13) addi t5, t5, 0x6
x30 <- 0xFFFFFFFFFFBF0006

mem[X,0x0000000080000EC4] -> 0x1F13
mem[X,0x0000000080000EC6] -> 0x00BF
[950] [M]: 0x0000000080000EC4 (0x00BF1F13) slli t5, t5, 0xb
x30 <- 0xFFFFFFFDF8003000

mem[X,0x0000000080000EC8] -> 0x0F13
mem[X,0x0000000080000ECA] -> 0x000F
[951] [M]: 0x0000000080000EC8 (0x000F0F13) addi t5, t5, 0x0
x30 <- 0xFFFFFFFDF8003000

mem[X,0x0000000080000ECC] -> 0x1F13
mem[X,0x0000000080000ECE] -> 0x00BF
[952] [M]: 0x0000000080000ECC (0x00BF1F13) slli t5, t5, 0xb
x30 <- 0xFFFFEFC001800000

mem[X,0x0000000080000ED0] -> 0x0F13
mem[X,0x0000000080000ED2] -> 0x0FFF
[953] [M]: 0x0000000080000ED0 (0x0FFF0F13) addi t5, t5, 0xff
x30 <- 0xFFFFEFC0018000FF

mem[X,0x0000000080000ED4] -> 0x1F13
mem[X,0x0000000080000ED6] -> 0x00AF
[954] [M]: 0x0000000080000ED4 (0x00AF1F13) slli t5, t5, 0xa
x30 <- 0xFFBF00060003FC00

mem[X,0x0000000080000ED8] -> 0x0F13
mem[X,0x0000000080000EDA] -> 0x3FFF
[955] [M]: 0x0000000080000ED8 (0x3FFF0F13) addi t5, t5, 0x3ff
x30 <- 0xFFBF00060003FFFF

mem[X,0x0000000080000EDC] -> 0x0EB7
mem[X,0x0000000080000EDE] -> 0xFFFC
[956] [M]: 0x0000000080000EDC (0xFFFC0EB7) lui t4, -0x40
x29 <- 0xFFFFFFFFFFFC0000

mem[X,0x0000000080000EE0] -> 0x8E93
mem[X,0x0000000080000EE2] -> 0xFFDE
[957] [M]: 0x0000000080000EE0 (0xFFDE8E93) addi t4, t4, -0x3
x29 <- 0xFFFFFFFFFFFBFFFD

mem[X,0x0000000080000EE4] -> 0x9E93
mem[X,0x0000000080000EE6] -> 0x00BE
[958] [M]: 0x0000000080000EE4 (0x00BE9E93) slli t4, t4, 0xb
x29 <- 0xFFFFFFFFDFFFE800

mem[X,0x0000000080000EE8] -> 0x8E93
mem[X,0x0000000080000EEA] -> 0x7BFE
[959] [M]: 0x0000000080000EE8 (0x7BFE8E93) addi t4, t4, 0x7bf
x29 <- 0xFFFFFFFFDFFFEFBF

mem[X,0x0000000080000EEC] -> 0x9E93
mem[X,0x0000000080000EEE] -> 0x00BE
[960] [M]: 0x0000000080000EEC (0x00BE9E93) slli t4, t4, 0xb
x29 <- 0xFFFFFEFFFF7DF800

mem[X,0x0000000080000EF0] -> 0x8E93
mem[X,0x0000000080000EF2] -> 0x7DFE
[961] [M]: 0x0000000080000EF0 (0x7DFE8E93) addi t4, t4, 0x7df
x29 <- 0xFFFFFEFFFF7DFFDF

mem[X,0x0000000080000EF4] -> 0x9E93
mem[X,0x0000000080000EF6] -> 0x00AE
[962] [M]: 0x0000000080000EF4 (0x00AE9E93) slli t4, t4, 0xa
x29 <- 0xFFFBFFFDF7FF7C00

mem[X,0x0000000080000EF8] -> 0x8E93
mem[X,0x0000000080000EFA] -> 0x3FFE
[963] [M]: 0x0000000080000EF8 (0x3FFE8E93) addi t4, t4, 0x3ff
x29 <- 0xFFFBFFFDF7FF7FFF

mem[X,0x0000000080000EFC] -> 0x0FBB
mem[X,0x0000000080000EFE] -> 0xD9DF
[964] [M]: 0x0000000080000EFC (0xD9DF0FBB) pasub.h t6, t5, t4
x31 <- 0xFFE200040402C000

mem[X,0x0000000080000F00] -> 0x3023
mem[X,0x0000000080000F02] -> 0x09F1
[965] [M]: 0x0000000080000F00 (0x09F13023) sd t6, 0x80(sp)
mem[0x0000000080004288] <- 0xFFE200040402C000

mem[X,0x0000000080000F04] -> 0x4F37
mem[X,0x0000000080000F06] -> 0x5555
[966] [M]: 0x0000000080000F04 (0x55554F37) lui t5, 0x55554
x30 <- 0x0000000055554000

mem[X,0x0000000080000F08] -> 0x0F13
mem[X,0x0000000080000F0A] -> 0x000F
[967] [M]: 0x0000000080000F08 (0x000F0F13) addi t5, t5, 0x0
x30 <- 0x0000000055554000

mem[X,0x0000000080000F0C] -> 0x1F13
mem[X,0x0000000080000F0E] -> 0x00BF
[968] [M]: 0x0000000080000F0C (0x00BF1F13) slli t5, t5, 0xb
x30 <- 0x000002AAAA000000

mem[X,0x0000000080000F10] -> 0x0F13
mem[X,0x0000000080000F12] -> 0x7FFF
[969] [M]: 0x0000000080000F10 (0x7FFF0F13) addi t5, t5, 0x7ff
x30 <- 0x000002AAAA0007FF

mem[X,0x0000000080000F14] -> 0x1F13
mem[X,0x0000000080000F16] -> 0x00BF
[970] [M]: 0x0000000080000F14 (0x00BF1F13) slli t5, t5, 0xb
x30 <- 0x00155550003FF800

mem[X,0x0000000080000F18] -> 0x0F13
mem[X,0x0000000080000F1A] -> 0x740F
[971] [M]: 0x0000000080000F18 (0x740F0F13) addi t5, t5, 0x740
x30 <- 0x00155550003FFF40

mem[X,0x0000000080000F1C] -> 0x1F13
mem[X,0x0000000080000F1E] -> 0x00AF
[972] [M]: 0x0000000080000F1C (0x00AF1F13) slli t5, t5, 0xa
x30 <- 0x55554000FFFD0000

mem[X,0x0000000080000F20] -> 0x0F13
mem[X,0x0000000080000F22] -> 0x005F
[973] [M]: 0x0000000080000F20 (0x005F0F13) addi t5, t5, 0x5
x30 <- 0x55554000FFFD0005

mem[X,0x0000000080000F24] -> 0x0EB7
mem[X,0x0000000080000F26] -> 0xFFF7
[974] [M]: 0x0000000080000F24 (0xFFF70EB7) lui t4, -0x90
x29 <- 0xFFFFFFFFFFF70000

mem[X,0x0000000080000F28] -> 0x8E93
mem[X,0x0000000080000F2A] -> 0x080E
[975] [M]: 0x0000000080000F28 (0x080E8E93) addi t4, t4, 0x80
x29 <- 0xFFFFFFFFFFF70080

mem[X,0x0000000080000F2C] -> 0x9E93
mem[X,0x0000000080000F2E] -> 0x00BE
[976] [M]: 0x0000000080000F2C (0x00BE9E93) slli t4, t4, 0xb
x29 <- 0xFFFFFFFFB8040000

mem[X,0x0000000080000F30] -> 0x8E93
mem[X,0x0000000080000F32] -> 0x000E
[977] [M]: 0x0000000080000F30 (0x000E8E93) addi t4, t4, 0x0
x29 <- 0xFFFFFFFFB8040000

mem[X,0x0000000080000F34] -> 0x9E93
mem[X,0x0000000080000F36] -> 0x00BE
[978] [M]: 0x0000000080000F34 (0x00BE9E93) slli t4, t4, 0xb
x29 <- 0xFFFFFDC020000000

mem[X,0x0000000080000F38] -> 0x8E93
mem[X,0x0000000080000F3A] -> 0x1AFE
[979] [M]: 0x0000000080000F38 (0x1AFE8E93) addi t4, t4, 0x1af
x29 <- 0xFFFFFDC0200001AF

mem[X,0x0000000080000F3C] -> 0x9E93
mem[X,0x0000000080000F3E] -> 0x00AE
[980] [M]: 0x0000000080000F3C (0x00AE9E93) slli t4, t4, 0xa
x29 <- 0xFFF700800006BC00

mem[X,0x0000000080000F40] -> 0x8E93
mem[X,0x0000000080000F42] -> 0x3FFE
[981] [M]: 0x0000000080000F40 (0x3FFE8E93) addi t4, t4, 0x3ff
x29 <- 0xFFF700800006BFFF

mem[X,0x0000000080000F44] -> 0x0FBB
mem[X,0x0000000080000F46] -> 0xD9DF
[982] [M]: 0x0000000080000F44 (0xD9DF0FBB) pasub.h t6, t5, t4
x31 <- 0x2AAF1FC0FFFB2003

mem[X,0x0000000080000F48] -> 0x3423
mem[X,0x0000000080000F4A] -> 0x09F1
[983] [M]: 0x0000000080000F48 (0x09F13423) sd t6, 0x88(sp)
mem[0x0000000080004290] <- 0x2AAF1FC0FFFB2003

mem[X,0x0000000080000F4C] -> 0x0F37
mem[X,0x0000000080000F4E] -> 0x4000
[984] [M]: 0x0000000080000F4C (0x40000F37) lui t5, 0x40000
x30 <- 0x0000000040000000

mem[X,0x0000000080000F50] -> 0x0F13
mem[X,0x0000000080000F52] -> 0xFDFF
[985] [M]: 0x0000000080000F50 (0xFDFF0F13) addi t5, t5, -0x21
x30 <- 0x000000003FFFFFDF

mem[X,0x0000000080000F54] -> 0x1F13
mem[X,0x0000000080000F56] -> 0x00BF
[986] [M]: 0x0000000080000F54 (0x00BF1F13) slli t5, t5, 0xb
x30 <- 0x000001FFFFFEF800

mem[X,0x0000000080000F58] -> 0x0F13
mem[X,0x0000000080000F5A] -> 0x000F
[987] [M]: 0x0000000080000F58 (0x000F0F13) addi t5, t5, 0x0
x30 <- 0x000001FFFFFEF800

mem[X,0x0000000080000F5C] -> 0x1F13
mem[X,0x0000000080000F5E] -> 0x00BF
[988] [M]: 0x0000000080000F5C (0x00BF1F13) slli t5, t5, 0xb
x30 <- 0x000FFFFFF7C00000

mem[X,0x0000000080000F60] -> 0x0F13
mem[X,0x0000000080000F62] -> 0x240F
[989] [M]: 0x0000000080000F60 (0x240F0F13) addi t5, t5, 0x240
x30 <- 0x000FFFFFF7C00240

mem[X,0x0000000080000F64] -> 0x1F13
mem[X,0x0000000080000F66] -> 0x00AF
[990] [M]: 0x0000000080000F64 (0x00AF1F13) slli t5, t5, 0xa
x30 <- 0x3FFFFFDF00090000

mem[X,0x0000000080000F68] -> 0x0F13
mem[X,0x0000000080000F6A] -> 0x010F
[991] [M]: 0x0000000080000F68 (0x010F0F13) addi t5, t5, 0x10
x30 <- 0x3FFFFFDF00090010

mem[X,0x0000000080000F6C] -> 0x8EB7
mem[X,0x0000000080000F6E] -> 0xFFDF
[992] [M]: 0x0000000080000F6C (0xFFDF8EB7) lui t4, -0x208
x29 <- 0xFFFFFFFFFFDF8000

mem[X,0x0000000080000F70] -> 0x8E93
mem[X,0x0000000080000F72] -> 0x000E
[993] [M]: 0x0000000080000F70 (0x000E8E93) addi t4, t4, 0x0
x29 <- 0xFFFFFFFFFFDF8000

mem[X,0x0000000080000F74] -> 0x9E93
mem[X,0x0000000080000F76] -> 0x00BE
[994] [M]: 0x0000000080000F74 (0x00BE9E93) slli t4, t4, 0xb
x29 <- 0xFFFFFFFEFC000000

mem[X,0x0000000080000F78] -> 0x8E93
mem[X,0x0000000080000F7A] -> 0x7FFE
[995] [M]: 0x0000000080000F78 (0x7FFE8E93) addi t4, t4, 0x7ff
x29 <- 0xFFFFFFFEFC0007FF

mem[X,0x0000000080000F7C] -> 0x9E93
mem[X,0x0000000080000F7E] -> 0x00BE
[996] [M]: 0x0000000080000F7C (0x00BE9E93) slli t4, t4, 0xb
x29 <- 0xFFFFF7E0003FF800

mem[X,0x0000000080000F80] -> 0x8E93
mem[X,0x0000000080000F82] -> 0x780E
[997] [M]: 0x0000000080000F80 (0x780E8E93) addi t4, t4, 0x780
x29 <- 0xFFFFF7E0003FFF80

mem[X,0x0000000080000F84] -> 0x9E93
mem[X,0x0000000080000F86] -> 0x00AE
[998] [M]: 0x0000000080000F84 (0x00AE9E93) slli t4, t4, 0xa
x29 <- 0xFFDF8000FFFE0000

mem[X,0x0000000080000F88] -> 0x0FBB
mem[X,0x0000000080000F8A] -> 0xD9DF
[999] [M]: 0x0000000080000F88 (0xD9DF0FBB) pasub.h t6, t5, t4
x31 <- 0x20103FEF00050008

clint::tick mtime <- 0x000000000000000A
 clint timer pending at mtime 0x000000000000000A
htif::tick 0x0000000000000000
mem[X,0x0000000080000F8C] -> 0x3823
mem[X,0x0000000080000F8E] -> 0x09F1
[1000] [M]: 0x0000000080000F8C (0x09F13823) sd t6, 0x90(sp)
mem[0x0000000080004298] <- 0x20103FEF00050008

mem[X,0x0000000080000F90] -> 0x0F37
mem[X,0x0000000080000F92] -> 0xFFFE
[1001] [M]: 0x0000000080000F90 (0xFFFE0F37) lui t5, -0x20
x30 <- 0xFFFFFFFFFFFE0000

mem[X,0x0000000080000F94] -> 0x0F13
mem[X,0x0000000080000F96] -> 0x000F
[1002] [M]: 0x0000000080000F94 (0x000F0F13) addi t5, t5, 0x0
x30 <- 0xFFFFFFFFFFFE0000

mem[X,0x0000000080000F98] -> 0x1F13
mem[X,0x0000000080000F9A] -> 0x00BF
[1003] [M]: 0x0000000080000F98 (0x00BF1F13) slli t5, t5, 0xb
x30 <- 0xFFFFFFFFF0000000

mem[X,0x0000000080000F9C] -> 0x0F13
mem[X,0x0000000080000F9E] -> 0x040F
[1004] [M]: 0x0000000080000F9C (0x040F0F13) addi t5, t5, 0x40
x30 <- 0xFFFFFFFFF0000040

mem[X,0x0000000080000FA0] -> 0x1F13
mem[X,0x0000000080000FA2] -> 0x00BF
[1005] [M]: 0x0000000080000FA0 (0x00BF1F13) slli t5, t5, 0xb
x30 <- 0xFFFFFF8000020000

mem[X,0x0000000080000FA4] -> 0x0F13
mem[X,0x0000000080000FA6] -> 0x030F
[1006] [M]: 0x0000000080000FA4 (0x030F0F13) addi t5, t5, 0x30
x30 <- 0xFFFFFF8000020030

mem[X,0x0000000080000FA8] -> 0x1F13
mem[X,0x0000000080000FAA] -> 0x00AF
[1007] [M]: 0x0000000080000FA8 (0x00AF1F13) slli t5, t5, 0xa
x30 <- 0xFFFE00000800C000

mem[X,0x0000000080000FAC] -> 0x1EB7
mem[X,0x0000000080000FAE] -> 0xFFBF
[1008] [M]: 0x0000000080000FAC (0xFFBF1EB7) lui t4, -0x40f
x29 <- 0xFFFFFFFFFFBF1000

mem[X,0x0000000080000FB0] -> 0x8E93
mem[X,0x0000000080000FB2] -> 0x800E
[1009] [M]: 0x0000000080000FB0 (0x800E8E93) addi t4, t4, -0x800
x29 <- 0xFFFFFFFFFFBF0800

mem[X,0x0000000080000FB4] -> 0x9E93
mem[X,0x0000000080000FB6] -> 0x00BE
[1010] [M]: 0x0000000080000FB4 (0x00BE9E93) slli t4, t4, 0xb
x29 <- 0xFFFFFFFDF8400000

mem[X,0x0000000080000FB8] -> 0x8E93
mem[X,0x0000000080000FBA] -> 0x7FFE
[1011] [M]: 0x0000000080000FB8 (0x7FFE8E93) addi t4, t4, 0x7ff
x29 <- 0xFFFFFFFDF84007FF

mem[X,0x0000000080000FBC] -> 0x9E93
mem[X,0x0000000080000FBE] -> 0x00BE
[1012] [M]: 0x0000000080000FBC (0x00BE9E93) slli t4, t4, 0xb
x29 <- 0xFFFFEFC2003FF800

mem[X,0x0000000080000FC0] -> 0x8E93
mem[X,0x0000000080000FC2] -> 0x6D5E
[1013] [M]: 0x0000000080000FC0 (0x6D5E8E93) addi t4, t4, 0x6d5
x29 <- 0xFFFFEFC2003FFED5

mem[X,0x0000000080000FC4] -> 0x9E93
mem[X,0x0000000080000FC6] -> 0x00AE
[1014] [M]: 0x0000000080000FC4 (0x00AE9E93) slli t4, t4, 0xa
x29 <- 0xFFBF0800FFFB5400

mem[X,0x0000000080000FC8] -> 0x8E93
mem[X,0x0000000080000FCA] -> 0x155E
[1015] [M]: 0x0000000080000FC8 (0x155E8E93) addi t4, t4, 0x155
x29 <- 0xFFBF0800FFFB5555

mem[X,0x0000000080000FCC] -> 0x0FBB
mem[X,0x0000000080000FCE] -> 0xD9DF
[1016] [M]: 0x0000000080000FCC (0xD9DF0FBB) pasub.h t6, t5, t4
x31 <- 0x001FFC000402B555

mem[X,0x0000000080000FD0] -> 0x3C23
mem[X,0x0000000080000FD2] -> 0x09F1
[1017] [M]: 0x0000000080000FD0 (0x09F13C23) sd t6, 0x98(sp)
mem[0x00000000800042A0] <- 0x001FFC000402B555

mem[X,0x0000000080000FD4] -> 0x0F37
mem[X,0x0000000080000FD6] -> 0x1001
[1018] [M]: 0x0000000080000FD4 (0x10010F37) lui t5, 0x10010
x30 <- 0x0000000010010000

mem[X,0x0000000080000FD8] -> 0x0F13
mem[X,0x0000000080000FDA] -> 0xBFFF
[1019] [M]: 0x0000000080000FD8 (0xBFFF0F13) addi t5, t5, -0x401
x30 <- 0x000000001000FBFF

mem[X,0x0000000080000FDC] -> 0x1F13
mem[X,0x0000000080000FDE] -> 0x00BF
[1020] [M]: 0x0000000080000FDC (0x00BF1F13) slli t5, t5, 0xb
x30 <- 0x0000008007DFF800

mem[X,0x0000000080000FE0] -> 0x0F13
mem[X,0x0000000080000FE2] -> 0x7FFF
[1021] [M]: 0x0000000080000FE0 (0x7FFF0F13) addi t5, t5, 0x7ff
x30 <- 0x0000008007DFFFFF

mem[X,0x0000000080000FE4] -> 0x1F13
mem[X,0x0000000080000FE6] -> 0x00BF
[1022] [M]: 0x0000000080000FE4 (0x00BF1F13) slli t5, t5, 0xb
x30 <- 0x0004003EFFFFF800

mem[X,0x0000000080000FE8] -> 0x0F13
mem[X,0x0000000080000FEA] -> 0x63FF
[1023] [M]: 0x0000000080000FE8 (0x63FF0F13) addi t5, t5, 0x63f
x30 <- 0x0004003EFFFFFE3F

mem[X,0x0000000080000FEC] -> 0x1F13
mem[X,0x0000000080000FEE] -> 0x00AF
[1024] [M]: 0x0000000080000FEC (0x00AF1F13) slli t5, t5, 0xa
x30 <- 0x1000FBFFFFF8FC00

mem[X,0x0000000080000FF0] -> 0x0F13
mem[X,0x0000000080000FF2] -> 0x3FFF
[1025] [M]: 0x0000000080000FF0 (0x3FFF0F13) addi t5, t5, 0x3ff
x30 <- 0x1000FBFFFFF8FFFF

mem[X,0x0000000080000FF4] -> 0x0EB7
mem[X,0x0000000080000FF6] -> 0xFEFF
[1026] [M]: 0x0000000080000FF4 (0xFEFF0EB7) lui t4, -0x1010
x29 <- 0xFFFFFFFFFEFF0000

mem[X,0x0000000080000FF8] -> 0x8E93
mem[X,0x0000000080000FFA] -> 0x005E
[1027] [M]: 0x0000000080000FF8 (0x005E8E93) addi t4, t4, 0x5
x29 <- 0xFFFFFFFFFEFF0005

mem[X,0x0000000080000FFC] -> 0x9E93
mem[X,0x0000000080000FFE] -> 0x00BE
[1028] [M]: 0x0000000080000FFC (0x00BE9E93) slli t4, t4, 0xb
x29 <- 0xFFFFFFF7F8002800

mem[X,0x0000000080001000] -> 0x8E93
mem[X,0x0000000080001002] -> 0x7FFE
[1029] [M]: 0x0000000080001000 (0x7FFE8E93) addi t4, t4, 0x7ff
x29 <- 0xFFFFFFF7F8002FFF

mem[X,0x0000000080001004] -> 0x9E93
mem[X,0x0000000080001006] -> 0x00BE
[1030] [M]: 0x0000000080001004 (0x00BE9E93) slli t4, t4, 0xb
x29 <- 0xFFFFBFC0017FF800

mem[X,0x0000000080001008] -> 0x8E93
mem[X,0x000000008000100A] -> 0x740E
[1031] [M]: 0x0000000080001008 (0x740E8E93) addi t4, t4, 0x740
x29 <- 0xFFFFBFC0017FFF40

mem[X,0x000000008000100C] -> 0x9E93
mem[X,0x000000008000100E] -> 0x00AE
[1032] [M]: 0x000000008000100C (0x00AE9E93) slli t4, t4, 0xa
x29 <- 0xFEFF0005FFFD0000

mem[X,0x0000000080001010] -> 0x8E93
mem[X,0x0000000080001012] -> 0x009E
[1033] [M]: 0x0000000080001010 (0x009E8E93) addi t4, t4, 0x9
x29 <- 0xFEFF0005FFFD0009

mem[X,0x0000000080001014] -> 0x0FBB
mem[X,0x0000000080001016] -> 0xD9DF
[1034] [M]: 0x0000000080001014 (0xD9DF0FBB) pasub.h t6, t5, t4
x31 <- 0x0880FDFDFFFDFFFB

mem[X,0x0000000080001018] -> 0x3023
mem[X,0x000000008000101A] -> 0x0BF1
[1035] [M]: 0x0000000080001018 (0x0BF13023) sd t6, 0xa0(sp)
mem[0x00000000800042A8] <- 0x0880FDFDFFFDFFFB

mem[X,0x000000008000101C] -> 0x0F37
mem[X,0x000000008000101E] -> 0x0800
[1036] [M]: 0x000000008000101C (0x08000F37) lui t5, 0x8000
x30 <- 0x0000000008000000

mem[X,0x0000000080001020] -> 0x0F13
mem[X,0x0000000080001022] -> 0x000F
[1037] [M]: 0x0000000080001020 (0x000F0F13) addi t5, t5, 0x0
x30 <- 0x0000000008000000

mem[X,0x0000000080001024] -> 0x1F13
mem[X,0x0000000080001026] -> 0x00BF
[1038] [M]: 0x0000000080001024 (0x00BF1F13) slli t5, t5, 0xb
x30 <- 0x0000004000000000

mem[X,0x0000000080001028] -> 0x0F13
mem[X,0x000000008000102A] -> 0x6FFF
[1039] [M]: 0x0000000080001028 (0x6FFF0F13) addi t5, t5, 0x6ff
x30 <- 0x00000040000006FF

mem[X,0x000000008000102C] -> 0x1F13
mem[X,0x000000008000102E] -> 0x00BF
[1040] [M]: 0x000000008000102C (0x00BF1F13) slli t5, t5, 0xb
x30 <- 0x000200000037F800

mem[X,0x0000000080001030] -> 0x0F13
mem[X,0x0000000080001032] -> 0x7C0F
[1041] [M]: 0x0000000080001030 (0x7C0F0F13) addi t5, t5, 0x7c0
x30 <- 0x000200000037FFC0

mem[X,0x0000000080001034] -> 0x1F13
mem[X,0x0000000080001036] -> 0x00AF
[1042] [M]: 0x0000000080001034 (0x00AF1F13) slli t5, t5, 0xa
x30 <- 0x08000000DFFF0000

mem[X,0x0000000080001038] -> 0x0F13
mem[X,0x000000008000103A] -> 0x004F
[1043] [M]: 0x0000000080001038 (0x004F0F13) addi t5, t5, 0x4
x30 <- 0x08000000DFFF0004

mem[X,0x000000008000103C] -> 0x0EB7
mem[X,0x000000008000103E] -> 0xFBFF
[1044] [M]: 0x000000008000103C (0xFBFF0EB7) lui t4, -0x4010
x29 <- 0xFFFFFFFFFBFF0000

mem[X,0x0000000080001040] -> 0x8E93
mem[X,0x0000000080001042] -> 0x400E
[1045] [M]: 0x0000000080001040 (0x400E8E93) addi t4, t4, 0x400
x29 <- 0xFFFFFFFFFBFF0400

mem[X,0x0000000080001044] -> 0x9E93
mem[X,0x0000000080001046] -> 0x00BE
[1046] [M]: 0x0000000080001044 (0x00BE9E93) slli t4, t4, 0xb
x29 <- 0xFFFFFFDFF8200000

mem[X,0x0000000080001048] -> 0x8E93
mem[X,0x000000008000104A] -> 0x004E
[1047] [M]: 0x0000000080001048 (0x004E8E93) addi t4, t4, 0x4
x29 <- 0xFFFFFFDFF8200004

mem[X,0x000000008000104C] -> 0x9E93
mem[X,0x000000008000104E] -> 0x00BE
[1048] [M]: 0x000000008000104C (0x00BE9E93) slli t4, t4, 0xb
x29 <- 0xFFFEFFC100002000

mem[X,0x0000000080001050] -> 0x8E93
mem[X,0x0000000080001052] -> 0x037E
[1049] [M]: 0x0000000080001050 (0x037E8E93) addi t4, t4, 0x37
x29 <- 0xFFFEFFC100002037

mem[X,0x0000000080001054] -> 0x9E93
mem[X,0x0000000080001056] -> 0x00AE
[1050] [M]: 0x0000000080001054 (0x00AE9E93) slli t4, t4, 0xa
x29 <- 0xFBFF04000080DC00

mem[X,0x0000000080001058] -> 0x8E93
mem[X,0x000000008000105A] -> 0x3FFE
[1051] [M]: 0x0000000080001058 (0x3FFE8E93) addi t4, t4, 0x3ff
x29 <- 0xFBFF04000080DFFF

mem[X,0x000000008000105C] -> 0x0FBB
mem[X,0x000000008000105E] -> 0xD9DF
[1052] [M]: 0x000000008000105C (0xD9DF0FBB) pasub.h t6, t5, t4
x31 <- 0x0600FE00EFBF1002

mem[X,0x0000000080001060] -> 0x3423
mem[X,0x0000000080001062] -> 0x0BF1
[1053] [M]: 0x0000000080001060 (0x0BF13423) sd t6, 0xa8(sp)
mem[0x00000000800042B0] <- 0x0600FE00EFBF1002

mem[X,0x0000000080001064] -> 0x2F37
mem[X,0x0000000080001066] -> 0x3FFF
[1054] [M]: 0x0000000080001064 (0x3FFF2F37) lui t5, 0x3fff2
x30 <- 0x000000003FFF2000

mem[X,0x0000000080001068] -> 0x0F13
mem[X,0x000000008000106A] -> 0x000F
[1055] [M]: 0x0000000080001068 (0x000F0F13) addi t5, t5, 0x0
x30 <- 0x000000003FFF2000

mem[X,0x000000008000106C] -> 0x1F13
mem[X,0x000000008000106E] -> 0x00BF
[1056] [M]: 0x000000008000106C (0x00BF1F13) slli t5, t5, 0xb
x30 <- 0x000001FFF9000000

mem[X,0x0000000080001070] -> 0x0F13
mem[X,0x0000000080001072] -> 0x7FFF
[1057] [M]: 0x0000000080001070 (0x7FFF0F13) addi t5, t5, 0x7ff
x30 <- 0x000001FFF90007FF

mem[X,0x0000000080001074] -> 0x1F13
mem[X,0x0000000080001076] -> 0x00BF
[1058] [M]: 0x0000000080001074 (0x00BF1F13) slli t5, t5, 0xb
x30 <- 0x000FFFC8003FF800

mem[X,0x0000000080001078] -> 0x0F13
mem[X,0x000000008000107A] -> 0x700F
[1059] [M]: 0x0000000080001078 (0x700F0F13) addi t5, t5, 0x700
x30 <- 0x000FFFC8003FFF00

mem[X,0x000000008000107C] -> 0x1F13
mem[X,0x000000008000107E] -> 0x00AF
[1060] [M]: 0x000000008000107C (0x00AF1F13) slli t5, t5, 0xa
x30 <- 0x3FFF2000FFFC0000

mem[X,0x0000000080001080] -> 0x0F13
mem[X,0x0000000080001082] -> 0x009F
[1061] [M]: 0x0000000080001080 (0x009F0F13) addi t5, t5, 0x9
x30 <- 0x3FFF2000FFFC0009

mem[X,0x0000000080001084] -> 0x0EB7
mem[X,0x0000000080001086] -> 0xF7FF
[1062] [M]: 0x0000000080001084 (0xF7FF0EB7) lui t4, -0x8010
x29 <- 0xFFFFFFFFF7FF0000

mem[X,0x0000000080001088] -> 0x8E93
mem[X,0x000000008000108A] -> 0x004E
[1063] [M]: 0x0000000080001088 (0x004E8E93) addi t4, t4, 0x4
x29 <- 0xFFFFFFFFF7FF0004

mem[X,0x000000008000108C] -> 0x9E93
mem[X,0x000000008000108E] -> 0x00BE
[1064] [M]: 0x000000008000108C (0x00BE9E93) slli t4, t4, 0xb
x29 <- 0xFFFFFFBFF8002000

mem[X,0x0000000080001090] -> 0x8E93
mem[X,0x0000000080001092] -> 0x6FFE
[1065] [M]: 0x0000000080001090 (0x6FFE8E93) addi t4, t4, 0x6ff
x29 <- 0xFFFFFFBFF80026FF

mem[X,0x0000000080001094] -> 0x9E93
mem[X,0x0000000080001096] -> 0x00BE
[1066] [M]: 0x0000000080001094 (0x00BE9E93) slli t4, t4, 0xb
x29 <- 0xFFFDFFC00137F800

mem[X,0x0000000080001098] -> 0x8E93
mem[X,0x000000008000109A] -> 0x7C0E
[1067] [M]: 0x0000000080001098 (0x7C0E8E93) addi t4, t4, 0x7c0
x29 <- 0xFFFDFFC00137FFC0

mem[X,0x000000008000109C] -> 0x9E93
mem[X,0x000000008000109E] -> 0x00AE
[1068] [M]: 0x000000008000109C (0x00AE9E93) slli t4, t4, 0xa
x29 <- 0xF7FF0004DFFF0000

mem[X,0x00000000800010A0] -> 0x8E93
mem[X,0x00000000800010A2] -> 0x020E
[1069] [M]: 0x00000000800010A0 (0x020E8E93) addi t4, t4, 0x20
x29 <- 0xF7FF0004DFFF0020

mem[X,0x00000000800010A4] -> 0x0FBB
mem[X,0x00000000800010A6] -> 0xD9DF
[1070] [M]: 0x00000000800010A4 (0xD9DF0FBB) pasub.h t6, t5, t4
x31 <- 0x24000FFE0FFEFFF4

mem[X,0x00000000800010A8] -> 0x3823
mem[X,0x00000000800010AA] -> 0x0BF1
[1071] [M]: 0x00000000800010A8 (0x0BF13823) sd t6, 0xb0(sp)
mem[0x00000000800042B8] <- 0x24000FFE0FFEFFF4

mem[X,0x00000000800010AC] -> 0x0F37
mem[X,0x00000000800010AE] -> 0xFEFF
[1072] [M]: 0x00000000800010AC (0xFEFF0F37) lui t5, -0x1010
x30 <- 0xFFFFFFFFFEFF0000

mem[X,0x00000000800010B0] -> 0x0F13
mem[X,0x00000000800010B2] -> 0x003F
[1073] [M]: 0x00000000800010B0 (0x003F0F13) addi t5, t5, 0x3
x30 <- 0xFFFFFFFFFEFF0003

mem[X,0x00000000800010B4] -> 0x1F13
mem[X,0x00000000800010B6] -> 0x00BF
[1074] [M]: 0x00000000800010B4 (0x00BF1F13) slli t5, t5, 0xb
x30 <- 0xFFFFFFF7F8001800

mem[X,0x00000000800010B8] -> 0x0F13
mem[X,0x00000000800010BA] -> 0x000F
[1075] [M]: 0x00000000800010B8 (0x000F0F13) addi t5, t5, 0x0
x30 <- 0xFFFFFFF7F8001800

mem[X,0x00000000800010BC] -> 0x1F13
mem[X,0x00000000800010BE] -> 0x00BF
[1076] [M]: 0x00000000800010BC (0x00BF1F13) slli t5, t5, 0xb
x30 <- 0xFFFFBFC000C00000

mem[X,0x00000000800010C0] -> 0x0F13
mem[X,0x00000000800010C2] -> 0x102F
[1077] [M]: 0x00000000800010C0 (0x102F0F13) addi t5, t5, 0x102
x30 <- 0xFFFFBFC000C00102

mem[X,0x00000000800010C4] -> 0x1F13
mem[X,0x00000000800010C6] -> 0x00AF
[1078] [M]: 0x00000000800010C4 (0x00AF1F13) slli t5, t5, 0xa
x30 <- 0xFEFF000300040800

mem[X,0x00000000800010C8] -> 0x5EB7
mem[X,0x00000000800010CA] -> 0xEFFF
[1079] [M]: 0x00000000800010C8 (0xEFFF5EB7) lui t4, -0x1000b
x29 <- 0xFFFFFFFFEFFF5000

mem[X,0x00000000800010CC] -> 0x8E93
mem[X,0x00000000800010CE] -> 0x555E
[1080] [M]: 0x00000000800010CC (0x555E8E93) addi t4, t4, 0x555
x29 <- 0xFFFFFFFFEFFF5555

mem[X,0x00000000800010D0] -> 0x9E93
mem[X,0x00000000800010D2] -> 0x00BE
[1081] [M]: 0x00000000800010D0 (0x00BE9E93) slli t4, t4, 0xb
x29 <- 0xFFFFFF7FFAAAA800

mem[X,0x00000000800010D4] -> 0x8E93
mem[X,0x00000000800010D6] -> 0x080E
[1082] [M]: 0x00000000800010D4 (0x080E8E93) addi t4, t4, 0x80
x29 <- 0xFFFFFF7FFAAAA880

mem[X,0x00000000800010D8] -> 0x9E93
mem[X,0x00000000800010DA] -> 0x00BE
[1083] [M]: 0x00000000800010D8 (0x00BE9E93) slli t4, t4, 0xb
x29 <- 0xFFFBFFD555440000

mem[X,0x00000000800010DC] -> 0x8E93
mem[X,0x00000000800010DE] -> 0x000E
[1084] [M]: 0x00000000800010DC (0x000E8E93) addi t4, t4, 0x0
x29 <- 0xFFFBFFD555440000

mem[X,0x00000000800010E0] -> 0x9E93
mem[X,0x00000000800010E2] -> 0x00AE
[1085] [M]: 0x00000000800010E0 (0x00AE9E93) slli t4, t4, 0xa
x29 <- 0xEFFF555510000000

mem[X,0x00000000800010E4] -> 0x8E93
mem[X,0x00000000800010E6] -> 0x002E
[1086] [M]: 0x00000000800010E4 (0x002E8E93) addi t4, t4, 0x2
x29 <- 0xEFFF555510000002

mem[X,0x00000000800010E8] -> 0x0FBB
mem[X,0x00000000800010EA] -> 0xD9DF
[1087] [M]: 0x00000000800010E8 (0xD9DF0FBB) pasub.h t6, t5, t4
x31 <- 0x0780D557F80203FF

mem[X,0x00000000800010EC] -> 0x3C23
mem[X,0x00000000800010EE] -> 0x0BF1
[1088] [M]: 0x00000000800010EC (0x0BF13C23) sd t6, 0xb8(sp)
mem[0x00000000800042C0] <- 0x0780D557F80203FF

mem[X,0x00000000800010F0] -> 0x0F37
mem[X,0x00000000800010F2] -> 0x0002
[1089] [M]: 0x00000000800010F0 (0x00020F37) lui t5, 0x20
x30 <- 0x0000000000020000

mem[X,0x00000000800010F4] -> 0x0F13
mem[X,0x00000000800010F6] -> 0x200F
[1090] [M]: 0x00000000800010F4 (0x200F0F13) addi t5, t5, 0x200
x30 <- 0x0000000000020200

mem[X,0x00000000800010F8] -> 0x1F13
mem[X,0x00000000800010FA] -> 0x00BF
[1091] [M]: 0x00000000800010F8 (0x00BF1F13) slli t5, t5, 0xb
x30 <- 0x0000000010100000

mem[X,0x00000000800010FC] -> 0x0F13
mem[X,0x00000000800010FE] -> 0x001F
[1092] [M]: 0x00000000800010FC (0x001F0F13) addi t5, t5, 0x1
x30 <- 0x0000000010100001

mem[X,0x0000000080001100] -> 0x1F13
mem[X,0x0000000080001102] -> 0x00BF
[1093] [M]: 0x0000000080001100 (0x00BF1F13) slli t5, t5, 0xb
x30 <- 0x0000008080000800

mem[X,0x0000000080001104] -> 0x0F13
mem[X,0x0000000080001106] -> 0x004F
[1094] [M]: 0x0000000080001104 (0x004F0F13) addi t5, t5, 0x4
x30 <- 0x0000008080000804

mem[X,0x0000000080001108] -> 0x1F13
mem[X,0x000000008000110A] -> 0x00AF
[1095] [M]: 0x0000000080001108 (0x00AF1F13) slli t5, t5, 0xa
x30 <- 0x0002020000201000

mem[X,0x000000008000110C] -> 0xCEB7
mem[X,0x000000008000110E] -> 0xF7FF
[1096] [M]: 0x000000008000110C (0xF7FFCEB7) lui t4, -0x8004
x29 <- 0xFFFFFFFFF7FFC000

mem[X,0x0000000080001110] -> 0x8E93
mem[X,0x0000000080001112] -> 0xFFFE
[1097] [M]: 0x0000000080001110 (0xFFFE8E93) addi t4, t4, -0x1
x29 <- 0xFFFFFFFFF7FFBFFF

mem[X,0x0000000080001114] -> 0x9E93
mem[X,0x0000000080001116] -> 0x00BE
[1098] [M]: 0x0000000080001114 (0x00BE9E93) slli t4, t4, 0xb
x29 <- 0xFFFFFFBFFDFFF800

mem[X,0x0000000080001118] -> 0x8E93
mem[X,0x000000008000111A] -> 0x7FFE
[1099] [M]: 0x0000000080001118 (0x7FFE8E93) addi t4, t4, 0x7ff
x29 <- 0xFFFFFFBFFDFFFFFF

clint::tick mtime <- 0x000000000000000B
 clint timer pending at mtime 0x000000000000000B
htif::tick 0x0000000000000000
mem[X,0x000000008000111C] -> 0x9E93
mem[X,0x000000008000111E] -> 0x00BE
[1100] [M]: 0x000000008000111C (0x00BE9E93) slli t4, t4, 0xb
x29 <- 0xFFFDFFEFFFFFF800

mem[X,0x0000000080001120] -> 0x8E93
mem[X,0x0000000080001122] -> 0x588E
[1101] [M]: 0x0000000080001120 (0x588E8E93) addi t4, t4, 0x588
x29 <- 0xFFFDFFEFFFFFFD88

mem[X,0x0000000080001124] -> 0x9E93
mem[X,0x0000000080001126] -> 0x00AE
[1102] [M]: 0x0000000080001124 (0x00AE9E93) slli t4, t4, 0xa
x29 <- 0xF7FFBFFFFFF62000

mem[X,0x0000000080001128] -> 0x0FBB
mem[X,0x000000008000112A] -> 0xD9DF
[1103] [M]: 0x0000000080001128 (0xD9DF0FBB) pasub.h t6, t5, t4
x31 <- 0x040121000015F800

mem[X,0x000000008000112C] -> 0x3023
mem[X,0x000000008000112E] -> 0x0DF1
[1104] [M]: 0x000000008000112C (0x0DF13023) sd t6, 0xc0(sp)
mem[0x00000000800042C8] <- 0x040121000015F800

mem[X,0x0000000080001130] -> 0x0F37
mem[X,0x0000000080001132] -> 0x0100
[1105] [M]: 0x0000000080001130 (0x01000F37) lui t5, 0x1000
x30 <- 0x0000000001000000

mem[X,0x0000000080001134] -> 0x0F13
mem[X,0x0000000080001136] -> 0x005F
[1106] [M]: 0x0000000080001134 (0x005F0F13) addi t5, t5, 0x5
x30 <- 0x0000000001000005

mem[X,0x0000000080001138] -> 0x1F13
mem[X,0x000000008000113A] -> 0x00BF
[1107] [M]: 0x0000000080001138 (0x00BF1F13) slli t5, t5, 0xb
x30 <- 0x0000000800002800

mem[X,0x000000008000113C] -> 0x0F13
mem[X,0x000000008000113E] -> 0x002F
[1108] [M]: 0x000000008000113C (0x002F0F13) addi t5, t5, 0x2
x30 <- 0x0000000800002802

mem[X,0x0000000080001140] -> 0x1F13
mem[X,0x0000000080001142] -> 0x00BF
[1109] [M]: 0x0000000080001140 (0x00BF1F13) slli t5, t5, 0xb
x30 <- 0x0000400001401000

mem[X,0x0000000080001144] -> 0x0F13
mem[X,0x0000000080001146] -> 0x000F
[1110] [M]: 0x0000000080001144 (0x000F0F13) addi t5, t5, 0x0
x30 <- 0x0000400001401000

mem[X,0x0000000080001148] -> 0x1F13
mem[X,0x000000008000114A] -> 0x00AF
[1111] [M]: 0x0000000080001148 (0x00AF1F13) slli t5, t5, 0xa
x30 <- 0x0100000500400000

mem[X,0x000000008000114C] -> 0x0F13
mem[X,0x000000008000114E] -> 0x200F
[1112] [M]: 0x000000008000114C (0x200F0F13) addi t5, t5, 0x200
x30 <- 0x0100000500400200

mem[X,0x0000000080001150] -> 0x0EB7
mem[X,0x0000000080001152] -> 0x5555
[1113] [M]: 0x0000000080001150 (0x55550EB7) lui t4, 0x55550
x29 <- 0x0000000055550000

mem[X,0x0000000080001154] -> 0x8E93
mem[X,0x0000000080001156] -> 0x006E
[1114] [M]: 0x0000000080001154 (0x006E8E93) addi t4, t4, 0x6
x29 <- 0x0000000055550006

mem[X,0x0000000080001158] -> 0x9E93
mem[X,0x000000008000115A] -> 0x00BE
[1115] [M]: 0x0000000080001158 (0x00BE9E93) slli t4, t4, 0xb
x29 <- 0x000002AAA8003000

mem[X,0x000000008000115C] -> 0x8E93
mem[X,0x000000008000115E] -> 0x555E
[1116] [M]: 0x000000008000115C (0x555E8E93) addi t4, t4, 0x555
x29 <- 0x000002AAA8003555

mem[X,0x0000000080001160] -> 0x9E93
mem[X,0x0000000080001162] -> 0x00BE
[1117] [M]: 0x0000000080001160 (0x00BE9E93) slli t4, t4, 0xb
x29 <- 0x0015554001AAA800

mem[X,0x0000000080001164] -> 0x8E93
mem[X,0x0000000080001166] -> 0x2BFE
[1118] [M]: 0x0000000080001164 (0x2BFE8E93) addi t4, t4, 0x2bf
x29 <- 0x0015554001AAAABF

mem[X,0x0000000080001168] -> 0x9E93
mem[X,0x000000008000116A] -> 0x00AE
[1119] [M]: 0x0000000080001168 (0x00AE9E93) slli t4, t4, 0xa
x29 <- 0x55550006AAAAFC00

mem[X,0x000000008000116C] -> 0x8E93
mem[X,0x000000008000116E] -> 0x3FCE
[1120] [M]: 0x000000008000116C (0x3FCE8E93) addi t4, t4, 0x3fc
x29 <- 0x55550006AAAAFFFC

mem[X,0x0000000080001170] -> 0x0FBB
mem[X,0x0000000080001172] -> 0xD9DF
[1121] [M]: 0x0000000080001170 (0xD9DF0FBB) pasub.h t6, t5, t4
x31 <- 0xD5D5FFFF2ACB0102

mem[X,0x0000000080001174] -> 0x3423
mem[X,0x0000000080001176] -> 0x0DF1
[1122] [M]: 0x0000000080001174 (0x0DF13423) sd t6, 0xc8(sp)
mem[0x00000000800042D0] <- 0xD5D5FFFF2ACB0102

mem[X,0x0000000080001178] -> 0x0F37
mem[X,0x000000008000117A] -> 0xFFF9
[1123] [M]: 0x0000000080001178 (0xFFF90F37) lui t5, -0x70
x30 <- 0xFFFFFFFFFFF90000

mem[X,0x000000008000117C] -> 0x0F13
mem[X,0x000000008000117E] -> 0xFFFF
[1124] [M]: 0x000000008000117C (0xFFFF0F13) addi t5, t5, -0x1
x30 <- 0xFFFFFFFFFFF8FFFF

mem[X,0x0000000080001180] -> 0x1F13
mem[X,0x0000000080001182] -> 0x00BF
[1125] [M]: 0x0000000080001180 (0x00BF1F13) slli t5, t5, 0xb
x30 <- 0xFFFFFFFFC7FFF800

mem[X,0x0000000080001184] -> 0x0F13
mem[X,0x0000000080001186] -> 0x008F
[1126] [M]: 0x0000000080001184 (0x008F0F13) addi t5, t5, 0x8
x30 <- 0xFFFFFFFFC7FFF808

mem[X,0x0000000080001188] -> 0x1F13
mem[X,0x000000008000118A] -> 0x00BF
[1127] [M]: 0x0000000080001188 (0x00BF1F13) slli t5, t5, 0xb
x30 <- 0xFFFFFE3FFFC04000

mem[X,0x000000008000118C] -> 0x0F13
mem[X,0x000000008000118E] -> 0x000F
[1128] [M]: 0x000000008000118C (0x000F0F13) addi t5, t5, 0x0
x30 <- 0xFFFFFE3FFFC04000

mem[X,0x0000000080001190] -> 0x1F13
mem[X,0x0000000080001192] -> 0x00AF
[1129] [M]: 0x0000000080001190 (0x00AF1F13) slli t5, t5, 0xa
x30 <- 0xFFF8FFFF01000000

mem[X,0x0000000080001194] -> 0x0F13
mem[X,0x0000000080001196] -> 0x004F
[1130] [M]: 0x0000000080001194 (0x004F0F13) addi t5, t5, 0x4
x30 <- 0xFFF8FFFF01000004

mem[X,0x0000000080001198] -> 0x1EB7
mem[X,0x000000008000119A] -> 0x0010
[1131] [M]: 0x0000000080001198 (0x00101EB7) lui t4, 0x101
x29 <- 0x0000000000101000

mem[X,0x000000008000119C] -> 0x8E93
mem[X,0x000000008000119E] -> 0x000E
[1132] [M]: 0x000000008000119C (0x000E8E93) addi t4, t4, 0x0
x29 <- 0x0000000000101000

mem[X,0x00000000800011A0] -> 0x9E93
mem[X,0x00000000800011A2] -> 0x00BE
[1133] [M]: 0x00000000800011A0 (0x00BE9E93) slli t4, t4, 0xb
x29 <- 0x0000000080800000

mem[X,0x00000000800011A4] -> 0x8E93
mem[X,0x00000000800011A6] -> 0x3FFE
[1134] [M]: 0x00000000800011A4 (0x3FFE8E93) addi t4, t4, 0x3ff
x29 <- 0x00000000808003FF

mem[X,0x00000000800011A8] -> 0x9E93
mem[X,0x00000000800011AA] -> 0x00BE
[1135] [M]: 0x00000000800011A8 (0x00BE9E93) slli t4, t4, 0xb
x29 <- 0x00000404001FF800

mem[X,0x00000000800011AC] -> 0x8E93
mem[X,0x00000000800011AE] -> 0x7C0E
[1136] [M]: 0x00000000800011AC (0x7C0E8E93) addi t4, t4, 0x7c0
x29 <- 0x00000404001FFFC0

mem[X,0x00000000800011B0] -> 0x9E93
mem[X,0x00000000800011B2] -> 0x00AE
[1137] [M]: 0x00000000800011B0 (0x00AE9E93) slli t4, t4, 0xa
x29 <- 0x001010007FFF0000

mem[X,0x00000000800011B4] -> 0x8E93
mem[X,0x00000000800011B6] -> 0x009E
[1138] [M]: 0x00000000800011B4 (0x009E8E93) addi t4, t4, 0x9
x29 <- 0x001010007FFF0009

mem[X,0x00000000800011B8] -> 0x0FBB
mem[X,0x00000000800011BA] -> 0xD9DF
[1139] [M]: 0x00000000800011B8 (0xD9DF0FBB) pasub.h t6, t5, t4
x31 <- 0xFFF4F7FFC080FFFD

mem[X,0x00000000800011BC] -> 0x3823
mem[X,0x00000000800011BE] -> 0x0DF1
[1140] [M]: 0x00000000800011BC (0x0DF13823) sd t6, 0xd0(sp)
mem[0x00000000800042D8] <- 0xFFF4F7FFC080FFFD

mem[X,0x00000000800011C0] -> 0x0F37
mem[X,0x00000000800011C2] -> 0xEFFF
[1141] [M]: 0x00000000800011C0 (0xEFFF0F37) lui t5, -0x10010
x30 <- 0xFFFFFFFFEFFF0000

mem[X,0x00000000800011C4] -> 0x0F13
mem[X,0x00000000800011C6] -> 0x020F
[1142] [M]: 0x00000000800011C4 (0x020F0F13) addi t5, t5, 0x20
x30 <- 0xFFFFFFFFEFFF0020

mem[X,0x00000000800011C8] -> 0x1F13
mem[X,0x00000000800011CA] -> 0x00BF
[1143] [M]: 0x00000000800011C8 (0x00BF1F13) slli t5, t5, 0xb
x30 <- 0xFFFFFF7FF8010000

mem[X,0x00000000800011CC] -> 0x0F13
mem[X,0x00000000800011CE] -> 0x7FFF
[1144] [M]: 0x00000000800011CC (0x7FFF0F13) addi t5, t5, 0x7ff
x30 <- 0xFFFFFF7FF80107FF

mem[X,0x00000000800011D0] -> 0x1F13
mem[X,0x00000000800011D2] -> 0x00BF
[1145] [M]: 0x00000000800011D0 (0x00BF1F13) slli t5, t5, 0xb
x30 <- 0xFFFBFFC0083FF800

mem[X,0x00000000800011D4] -> 0x0F13
mem[X,0x00000000800011D6] -> 0x73FF
[1146] [M]: 0x00000000800011D4 (0x73FF0F13) addi t5, t5, 0x73f
x30 <- 0xFFFBFFC0083FFF3F

mem[X,0x00000000800011D8] -> 0x1F13
mem[X,0x00000000800011DA] -> 0x00AF
[1147] [M]: 0x00000000800011D8 (0x00AF1F13) slli t5, t5, 0xa
x30 <- 0xEFFF0020FFFCFC00

mem[X,0x00000000800011DC] -> 0x0F13
mem[X,0x00000000800011DE] -> 0x1FFF
[1148] [M]: 0x00000000800011DC (0x1FFF0F13) addi t5, t5, 0x1ff
x30 <- 0xEFFF0020FFFCFDFF

mem[X,0x00000000800011E0] -> 0x0EB7
mem[X,0x00000000800011E2] -> 0x0006
[1149] [M]: 0x00000000800011E0 (0x00060EB7) lui t4, 0x60
x29 <- 0x0000000000060000

mem[X,0x00000000800011E4] -> 0x8E93
mem[X,0x00000000800011E6] -> 0x020E
[1150] [M]: 0x00000000800011E4 (0x020E8E93) addi t4, t4, 0x20
x29 <- 0x0000000000060020

mem[X,0x00000000800011E8] -> 0x9E93
mem[X,0x00000000800011EA] -> 0x00BE
[1151] [M]: 0x00000000800011E8 (0x00BE9E93) slli t4, t4, 0xb
x29 <- 0x0000000030010000

mem[X,0x00000000800011EC] -> 0x8E93
mem[X,0x00000000800011EE] -> 0x6FFE
[1152] [M]: 0x00000000800011EC (0x6FFE8E93) addi t4, t4, 0x6ff
x29 <- 0x00000000300106FF

mem[X,0x00000000800011F0] -> 0x9E93
mem[X,0x00000000800011F2] -> 0x00BE
[1153] [M]: 0x00000000800011F0 (0x00BE9E93) slli t4, t4, 0xb
x29 <- 0x000001800837F800

mem[X,0x00000000800011F4] -> 0x8E93
mem[X,0x00000000800011F6] -> 0x7FFE
[1154] [M]: 0x00000000800011F4 (0x7FFE8E93) addi t4, t4, 0x7ff
x29 <- 0x000001800837FFFF

mem[X,0x00000000800011F8] -> 0x9E93
mem[X,0x00000000800011FA] -> 0x00AE
[1155] [M]: 0x00000000800011F8 (0x00AE9E93) slli t4, t4, 0xa
x29 <- 0x00060020DFFFFC00

mem[X,0x00000000800011FC] -> 0x8E93
mem[X,0x00000000800011FE] -> 0x3EFE
[1156] [M]: 0x00000000800011FC (0x3EFE8E93) addi t4, t4, 0x3ef
x29 <- 0x00060020DFFFFFEF

mem[X,0x0000000080001200] -> 0x0FBB
mem[X,0x0000000080001202] -> 0xD9DF
[1157] [M]: 0x0000000080001200 (0xD9DF0FBB) pasub.h t6, t5, t4
x31 <- 0xF7FC00000FFEFF08

mem[X,0x0000000080001204] -> 0x3C23
mem[X,0x0000000080001206] -> 0x0DF1
[1158] [M]: 0x0000000080001204 (0x0DF13C23) sd t6, 0xd8(sp)
mem[0x00000000800042E0] <- 0xF7FC00000FFEFF08

mem[X,0x0000000080001208] -> 0x0F37
mem[X,0x000000008000120A] -> 0xFFFA
[1159] [M]: 0x0000000080001208 (0xFFFA0F37) lui t5, -0x60
x30 <- 0xFFFFFFFFFFFA0000

mem[X,0x000000008000120C] -> 0x0F13
mem[X,0x000000008000120E] -> 0xFF8F
[1160] [M]: 0x000000008000120C (0xFF8F0F13) addi t5, t5, -0x8
x30 <- 0xFFFFFFFFFFF9FFF8

mem[X,0x0000000080001210] -> 0x1F13
mem[X,0x0000000080001212] -> 0x00BF
[1161] [M]: 0x0000000080001210 (0x00BF1F13) slli t5, t5, 0xb
x30 <- 0xFFFFFFFFCFFFC000

mem[X,0x0000000080001214] -> 0x0F13
mem[X,0x0000000080001216] -> 0x080F
[1162] [M]: 0x0000000080001214 (0x080F0F13) addi t5, t5, 0x80
x30 <- 0xFFFFFFFFCFFFC080

mem[X,0x0000000080001218] -> 0x1F13
mem[X,0x000000008000121A] -> 0x00BF
[1163] [M]: 0x0000000080001218 (0x00BF1F13) slli t5, t5, 0xb
x30 <- 0xFFFFFE7FFE040000

mem[X,0x000000008000121C] -> 0x0F13
mem[X,0x000000008000121E] -> 0x000F
[1164] [M]: 0x000000008000121C (0x000F0F13) addi t5, t5, 0x0
x30 <- 0xFFFFFE7FFE040000

mem[X,0x0000000080001220] -> 0x1F13
mem[X,0x0000000080001222] -> 0x00AF
[1165] [M]: 0x0000000080001220 (0x00AF1F13) slli t5, t5, 0xa
x30 <- 0xFFF9FFF810000000

mem[X,0x0000000080001224] -> 0x0F13
mem[X,0x0000000080001226] -> 0x200F
[1166] [M]: 0x0000000080001224 (0x200F0F13) addi t5, t5, 0x200
x30 <- 0xFFF9FFF810000200

mem[X,0x0000000080001228] -> 0xEEB7
mem[X,0x000000008000122A] -> 0xFFFD
[1167] [M]: 0x0000000080001228 (0xFFFDEEB7) lui t4, -0x22
x29 <- 0xFFFFFFFFFFFDE000

mem[X,0x000000008000122C] -> 0x8E93
mem[X,0x000000008000122E] -> 0xFFFE
[1168] [M]: 0x000000008000122C (0xFFFE8E93) addi t4, t4, -0x1
x29 <- 0xFFFFFFFFFFFDDFFF

mem[X,0x0000000080001230] -> 0x9E93
mem[X,0x0000000080001232] -> 0x00BE
[1169] [M]: 0x0000000080001230 (0x00BE9E93) slli t4, t4, 0xb
x29 <- 0xFFFFFFFFEEFFF800

mem[X,0x0000000080001234] -> 0x8E93
mem[X,0x0000000080001236] -> 0x100E
[1170] [M]: 0x0000000080001234 (0x100E8E93) addi t4, t4, 0x100
x29 <- 0xFFFFFFFFEEFFF900

mem[X,0x0000000080001238] -> 0x9E93
mem[X,0x000000008000123A] -> 0x00BE
[1171] [M]: 0x0000000080001238 (0x00BE9E93) slli t4, t4, 0xb
x29 <- 0xFFFFFF77FFC80000

mem[X,0x000000008000123C] -> 0x8E93
mem[X,0x000000008000123E] -> 0x00FE
[1172] [M]: 0x000000008000123C (0x00FE8E93) addi t4, t4, 0xf
x29 <- 0xFFFFFF77FFC8000F

mem[X,0x0000000080001240] -> 0x9E93
mem[X,0x0000000080001242] -> 0x00AE
[1173] [M]: 0x0000000080001240 (0x00AE9E93) slli t4, t4, 0xa
x29 <- 0xFFFDDFFF20003C00

mem[X,0x0000000080001244] -> 0x8E93
mem[X,0x0000000080001246] -> 0x3FFE
[1174] [M]: 0x0000000080001244 (0x3FFE8E93) addi t4, t4, 0x3ff
x29 <- 0xFFFDDFFF20003FFF

mem[X,0x0000000080001248] -> 0x0FBB
mem[X,0x000000008000124A] -> 0xD9DF
[1175] [M]: 0x0000000080001248 (0xD9DF0FBB) pasub.h t6, t5, t4
x31 <- 0xFFFE0FFCF800E100

mem[X,0x000000008000124C] -> 0x3023
mem[X,0x000000008000124E] -> 0x0FF1
[1176] [M]: 0x000000008000124C (0x0FF13023) sd t6, 0xe0(sp)
mem[0x00000000800042E8] <- 0xFFFE0FFCF800E100

mem[X,0x0000000080001250] -> 0x0F37
mem[X,0x0000000080001252] -> 0x0001
[1177] [M]: 0x0000000080001250 (0x00010F37) lui t5, 0x10
x30 <- 0x0000000000010000

mem[X,0x0000000080001254] -> 0x0F13
mem[X,0x0000000080001256] -> 0x020F
[1178] [M]: 0x0000000080001254 (0x020F0F13) addi t5, t5, 0x20
x30 <- 0x0000000000010020

mem[X,0x0000000080001258] -> 0x1F13
mem[X,0x000000008000125A] -> 0x00BF
[1179] [M]: 0x0000000080001258 (0x00BF1F13) slli t5, t5, 0xb
x30 <- 0x0000000008010000

mem[X,0x000000008000125C] -> 0x0F13
mem[X,0x000000008000125E] -> 0x200F
[1180] [M]: 0x000000008000125C (0x200F0F13) addi t5, t5, 0x200
x30 <- 0x0000000008010200

mem[X,0x0000000080001260] -> 0x1F13
mem[X,0x0000000080001262] -> 0x00BF
[1181] [M]: 0x0000000080001260 (0x00BF1F13) slli t5, t5, 0xb
x30 <- 0x0000004008100000

mem[X,0x0000000080001264] -> 0x0F13
mem[X,0x0000000080001266] -> 0x030F
[1182] [M]: 0x0000000080001264 (0x030F0F13) addi t5, t5, 0x30
x30 <- 0x0000004008100030

mem[X,0x0000000080001268] -> 0x1F13
mem[X,0x000000008000126A] -> 0x00AF
[1183] [M]: 0x0000000080001268 (0x00AF1F13) slli t5, t5, 0xa
x30 <- 0x000100204000C000

mem[X,0x000000008000126C] -> 0x8EB7
mem[X,0x000000008000126E] -> 0x4000
[1184] [M]: 0x000000008000126C (0x40008EB7) lui t4, 0x40008
x29 <- 0x0000000040008000

mem[X,0x0000000080001270] -> 0x8E93
mem[X,0x0000000080001272] -> 0xFFFE
[1185] [M]: 0x0000000080001270 (0xFFFE8E93) addi t4, t4, -0x1
x29 <- 0x0000000040007FFF

mem[X,0x0000000080001274] -> 0x9E93
mem[X,0x0000000080001276] -> 0x00BE
[1186] [M]: 0x0000000080001274 (0x00BE9E93) slli t4, t4, 0xb
x29 <- 0x0000020003FFF800

mem[X,0x0000000080001278] -> 0x8E93
mem[X,0x000000008000127A] -> 0x001E
[1187] [M]: 0x0000000080001278 (0x001E8E93) addi t4, t4, 0x1
x29 <- 0x0000020003FFF801

mem[X,0x000000008000127C] -> 0x9E93
mem[X,0x000000008000127E] -> 0x00BE
[1188] [M]: 0x000000008000127C (0x00BE9E93) slli t4, t4, 0xb
x29 <- 0x0010001FFFC00800

mem[X,0x0000000080001280] -> 0x8E93
mem[X,0x0000000080001282] -> 0x015E
[1189] [M]: 0x0000000080001280 (0x015E8E93) addi t4, t4, 0x15
x29 <- 0x0010001FFFC00815

mem[X,0x0000000080001284] -> 0x9E93
mem[X,0x0000000080001286] -> 0x00AE
[1190] [M]: 0x0000000080001284 (0x00AE9E93) slli t4, t4, 0xa
x29 <- 0x40007FFF00205400

mem[X,0x0000000080001288] -> 0x8E93
mem[X,0x000000008000128A] -> 0x155E
[1191] [M]: 0x0000000080001288 (0x155E8E93) addi t4, t4, 0x155
x29 <- 0x40007FFF00205555

mem[X,0x000000008000128C] -> 0x0FBB
mem[X,0x000000008000128E] -> 0xD9DF
[1192] [M]: 0x000000008000128C (0xD9DF0FBB) pasub.h t6, t5, t4
x31 <- 0xE000C0101FF0B555

mem[X,0x0000000080001290] -> 0x3423
mem[X,0x0000000080001292] -> 0x0FF1
[1193] [M]: 0x0000000080001290 (0x0FF13423) sd t6, 0xe8(sp)
mem[0x00000000800042F0] <- 0xE000C0101FF0B555

mem[X,0x0000000080001294] -> 0x8F37
mem[X,0x0000000080001296] -> 0xFFFB
[1194] [M]: 0x0000000080001294 (0xFFFB8F37) lui t5, -0x48
x30 <- 0xFFFFFFFFFFFB8000

mem[X,0x0000000080001298] -> 0x0F13
mem[X,0x000000008000129A] -> 0x000F
[1195] [M]: 0x0000000080001298 (0x000F0F13) addi t5, t5, 0x0
x30 <- 0xFFFFFFFFFFFB8000

mem[X,0x000000008000129C] -> 0x1F13
mem[X,0x000000008000129E] -> 0x00BF
[1196] [M]: 0x000000008000129C (0x00BF1F13) slli t5, t5, 0xb
x30 <- 0xFFFFFFFFDC000000

mem[X,0x00000000800012A0] -> 0x0F13
mem[X,0x00000000800012A2] -> 0x020F
[1197] [M]: 0x00000000800012A0 (0x020F0F13) addi t5, t5, 0x20
x30 <- 0xFFFFFFFFDC000020

mem[X,0x00000000800012A4] -> 0x1F13
mem[X,0x00000000800012A6] -> 0x00BF
[1198] [M]: 0x00000000800012A4 (0x00BF1F13) slli t5, t5, 0xb
x30 <- 0xFFFFFEE000010000

mem[X,0x00000000800012A8] -> 0x0F13
mem[X,0x00000000800012AA] -> 0x030F
[1199] [M]: 0x00000000800012A8 (0x030F0F13) addi t5, t5, 0x30
x30 <- 0xFFFFFEE000010030

clint::tick mtime <- 0x000000000000000C
 clint timer pending at mtime 0x000000000000000C
htif::tick 0x0000000000000000
mem[X,0x00000000800012AC] -> 0x1F13
mem[X,0x00000000800012AE] -> 0x00AF
[1200] [M]: 0x00000000800012AC (0x00AF1F13) slli t5, t5, 0xa
x30 <- 0xFFFB80000400C000

mem[X,0x00000000800012B0] -> 0x0EB7
mem[X,0x00000000800012B2] -> 0xFFFD
[1201] [M]: 0x00000000800012B0 (0xFFFD0EB7) lui t4, -0x30
x29 <- 0xFFFFFFFFFFFD0000

mem[X,0x00000000800012B4] -> 0x8E93
mem[X,0x00000000800012B6] -> 0x000E
[1202] [M]: 0x00000000800012B4 (0x000E8E93) addi t4, t4, 0x0
x29 <- 0xFFFFFFFFFFFD0000

mem[X,0x00000000800012B8] -> 0x9E93
mem[X,0x00000000800012BA] -> 0x00BE
[1203] [M]: 0x00000000800012B8 (0x00BE9E93) slli t4, t4, 0xb
x29 <- 0xFFFFFFFFE8000000

mem[X,0x00000000800012BC] -> 0x8E93
mem[X,0x00000000800012BE] -> 0x2AAE
[1204] [M]: 0x00000000800012BC (0x2AAE8E93) addi t4, t4, 0x2aa
x29 <- 0xFFFFFFFFE80002AA

mem[X,0x00000000800012C0] -> 0x9E93
mem[X,0x00000000800012C2] -> 0x00BE
[1205] [M]: 0x00000000800012C0 (0x00BE9E93) slli t4, t4, 0xb
x29 <- 0xFFFFFF4000155000

mem[X,0x00000000800012C4] -> 0x8E93
mem[X,0x00000000800012C6] -> 0x540E
[1206] [M]: 0x00000000800012C4 (0x540E8E93) addi t4, t4, 0x540
x29 <- 0xFFFFFF4000155540

mem[X,0x00000000800012C8] -> 0x9E93
mem[X,0x00000000800012CA] -> 0x00AE
[1207] [M]: 0x00000000800012C8 (0x00AE9E93) slli t4, t4, 0xa
x29 <- 0xFFFD000055550000

mem[X,0x00000000800012CC] -> 0x8E93
mem[X,0x00000000800012CE] -> 0x006E
[1208] [M]: 0x00000000800012CC (0x006E8E93) addi t4, t4, 0x6
x29 <- 0xFFFD000055550006

mem[X,0x00000000800012D0] -> 0x0FBB
mem[X,0x00000000800012D2] -> 0xD9DF
[1209] [M]: 0x00000000800012D0 (0xD9DF0FBB) pasub.h t6, t5, t4
x31 <- 0xFFFFC000D755DFFD

mem[X,0x00000000800012D4] -> 0x3823
mem[X,0x00000000800012D6] -> 0x0FF1
[1210] [M]: 0x00000000800012D4 (0x0FF13823) sd t6, 0xf0(sp)
mem[0x00000000800042F8] <- 0xFFFFC000D755DFFD

mem[X,0x00000000800012D8] -> 0x0F37
mem[X,0x00000000800012DA] -> 0xFFF7
[1211] [M]: 0x00000000800012D8 (0xFFF70F37) lui t5, -0x90
x30 <- 0xFFFFFFFFFFF70000

mem[X,0x00000000800012DC] -> 0x0F13
mem[X,0x00000000800012DE] -> 0x200F
[1212] [M]: 0x00000000800012DC (0x200F0F13) addi t5, t5, 0x200
x30 <- 0xFFFFFFFFFFF70200

mem[X,0x00000000800012E0] -> 0x1F13
mem[X,0x00000000800012E2] -> 0x00BF
[1213] [M]: 0x00000000800012E0 (0x00BF1F13) slli t5, t5, 0xb
x30 <- 0xFFFFFFFFB8100000

mem[X,0x00000000800012E4] -> 0x0F13
mem[X,0x00000000800012E6] -> 0x5FFF
[1214] [M]: 0x00000000800012E4 (0x5FFF0F13) addi t5, t5, 0x5ff
x30 <- 0xFFFFFFFFB81005FF

mem[X,0x00000000800012E8] -> 0x1F13
mem[X,0x00000000800012EA] -> 0x00BF
[1215] [M]: 0x00000000800012E8 (0x00BF1F13) slli t5, t5, 0xb
x30 <- 0xFFFFFDC0802FF800

mem[X,0x00000000800012EC] -> 0x0F13
mem[X,0x00000000800012EE] -> 0x7C0F
[1216] [M]: 0x00000000800012EC (0x7C0F0F13) addi t5, t5, 0x7c0
x30 <- 0xFFFFFDC0802FFFC0

mem[X,0x00000000800012F0] -> 0x1F13
mem[X,0x00000000800012F2] -> 0x00AF
[1217] [M]: 0x00000000800012F0 (0x00AF1F13) slli t5, t5, 0xa
x30 <- 0xFFF70200BFFF0000

mem[X,0x00000000800012F4] -> 0xEEB7
mem[X,0x00000000800012F6] -> 0x0005
[1218] [M]: 0x00000000800012F4 (0x0005EEB7) lui t4, 0x5e
x29 <- 0x000000000005E000

mem[X,0x00000000800012F8] -> 0x8E93
mem[X,0x00000000800012FA] -> 0xFFFE
[1219] [M]: 0x00000000800012F8 (0xFFFE8E93) addi t4, t4, -0x1
x29 <- 0x000000000005DFFF

mem[X,0x00000000800012FC] -> 0x9E93
mem[X,0x00000000800012FE] -> 0x00BE
[1220] [M]: 0x00000000800012FC (0x00BE9E93) slli t4, t4, 0xb
x29 <- 0x000000002EFFF800

mem[X,0x0000000080001300] -> 0x8E93
mem[X,0x0000000080001302] -> 0x6FFE
[1221] [M]: 0x0000000080001300 (0x6FFE8E93) addi t4, t4, 0x6ff
x29 <- 0x000000002EFFFEFF

mem[X,0x0000000080001304] -> 0x9E93
mem[X,0x0000000080001306] -> 0x00BE
[1222] [M]: 0x0000000080001304 (0x00BE9E93) slli t4, t4, 0xb
x29 <- 0x00000177FFF7F800

mem[X,0x0000000080001308] -> 0x8E93
mem[X,0x000000008000130A] -> 0x7C0E
[1223] [M]: 0x0000000080001308 (0x7C0E8E93) addi t4, t4, 0x7c0
x29 <- 0x00000177FFF7FFC0

mem[X,0x000000008000130C] -> 0x9E93
mem[X,0x000000008000130E] -> 0x00AE
[1224] [M]: 0x000000008000130C (0x00AE9E93) slli t4, t4, 0xa
x29 <- 0x0005DFFFDFFF0000

mem[X,0x0000000080001310] -> 0x8E93
mem[X,0x0000000080001312] -> 0x008E
[1225] [M]: 0x0000000080001310 (0x008E8E93) addi t4, t4, 0x8
x29 <- 0x0005DFFFDFFF0008

mem[X,0x0000000080001314] -> 0x0FBB
mem[X,0x0000000080001316] -> 0xD9DF
[1226] [M]: 0x0000000080001314 (0xD9DF0FBB) pasub.h t6, t5, t4
x31 <- 0xFFF91100F000FFFC

mem[X,0x0000000080001318] -> 0x3C23
mem[X,0x000000008000131A] -> 0x0FF1
[1227] [M]: 0x0000000080001318 (0x0FF13C23) sd t6, 0xf8(sp)
mem[0x0000000080004300] <- 0xFFF91100F000FFFC

mem[X,0x000000008000131C] -> 0x0F37
mem[X,0x000000008000131E] -> 0xFDFF
[1228] [M]: 0x000000008000131C (0xFDFF0F37) lui t5, -0x2010
x30 <- 0xFFFFFFFFFDFF0000

mem[X,0x0000000080001320] -> 0x0F13
mem[X,0x0000000080001322] -> 0x005F
[1229] [M]: 0x0000000080001320 (0x005F0F13) addi t5, t5, 0x5
x30 <- 0xFFFFFFFFFDFF0005

mem[X,0x0000000080001324] -> 0x1F13
mem[X,0x0000000080001326] -> 0x00BF
[1230] [M]: 0x0000000080001324 (0x00BF1F13) slli t5, t5, 0xb
x30 <- 0xFFFFFFEFF8002800

mem[X,0x0000000080001328] -> 0x0F13
mem[X,0x000000008000132A] -> 0x600F
[1231] [M]: 0x0000000080001328 (0x600F0F13) addi t5, t5, 0x600
x30 <- 0xFFFFFFEFF8002E00

mem[X,0x000000008000132C] -> 0x1F13
mem[X,0x000000008000132E] -> 0x00BF
[1232] [M]: 0x000000008000132C (0x00BF1F13) slli t5, t5, 0xb
x30 <- 0xFFFF7FC001700000

mem[X,0x0000000080001330] -> 0x0F13
mem[X,0x0000000080001332] -> 0x03FF
[1233] [M]: 0x0000000080001330 (0x03FF0F13) addi t5, t5, 0x3f
x30 <- 0xFFFF7FC00170003F

mem[X,0x0000000080001334] -> 0x1F13
mem[X,0x0000000080001336] -> 0x00AF
[1234] [M]: 0x0000000080001334 (0x00AF1F13) slli t5, t5, 0xa
x30 <- 0xFDFF0005C000FC00

mem[X,0x0000000080001338] -> 0x0F13
mem[X,0x000000008000133A] -> 0x37FF
[1235] [M]: 0x0000000080001338 (0x37FF0F13) addi t5, t5, 0x37f
x30 <- 0xFDFF0005C000FF7F

mem[X,0x000000008000133C] -> 0x0EB7
mem[X,0x000000008000133E] -> 0xFFFC
[1236] [M]: 0x000000008000133C (0xFFFC0EB7) lui t4, -0x40
x29 <- 0xFFFFFFFFFFFC0000

mem[X,0x0000000080001340] -> 0x8E93
mem[X,0x0000000080001342] -> 0xEFFE
[1237] [M]: 0x0000000080001340 (0xEFFE8E93) addi t4, t4, -0x101
x29 <- 0xFFFFFFFFFFFBFEFF

mem[X,0x0000000080001344] -> 0x9E93
mem[X,0x0000000080001346] -> 0x00BE
[1238] [M]: 0x0000000080001344 (0x00BE9E93) slli t4, t4, 0xb
x29 <- 0xFFFFFFFFDFF7F800

mem[X,0x0000000080001348] -> 0x8E93
mem[X,0x000000008000134A] -> 0x040E
[1239] [M]: 0x0000000080001348 (0x040E8E93) addi t4, t4, 0x40
x29 <- 0xFFFFFFFFDFF7F840

mem[X,0x000000008000134C] -> 0x9E93
mem[X,0x000000008000134E] -> 0x00BE
[1240] [M]: 0x000000008000134C (0x00BE9E93) slli t4, t4, 0xb
x29 <- 0xFFFFFEFFBFC20000

mem[X,0x0000000080001350] -> 0x8E93
mem[X,0x0000000080001352] -> 0x008E
[1241] [M]: 0x0000000080001350 (0x008E8E93) addi t4, t4, 0x8
x29 <- 0xFFFFFEFFBFC20008

mem[X,0x0000000080001354] -> 0x9E93
mem[X,0x0000000080001356] -> 0x00AE
[1242] [M]: 0x0000000080001354 (0x00AE9E93) slli t4, t4, 0xa
x29 <- 0xFFFBFEFF08002000

mem[X,0x0000000080001358] -> 0x0FBB
mem[X,0x000000008000135A] -> 0xD9DF
[1243] [M]: 0x0000000080001358 (0xD9DF0FBB) pasub.h t6, t5, t4
x31 <- 0xFF020083DC00EFBF

mem[X,0x000000008000135C] -> 0x3023
mem[X,0x000000008000135E] -> 0x11F1
[1244] [M]: 0x000000008000135C (0x11F13023) sd t6, 0x100(sp)
mem[0x0000000080004308] <- 0xFF020083DC00EFBF

mem[X,0x0000000080001360] -> 0x0F37
mem[X,0x0000000080001362] -> 0xFC00
[1245] [M]: 0x0000000080001360 (0xFC000F37) lui t5, -0x4000
x30 <- 0xFFFFFFFFFC000000

mem[X,0x0000000080001364] -> 0x0F13
mem[X,0x0000000080001366] -> 0xFFBF
[1246] [M]: 0x0000000080001364 (0xFFBF0F13) addi t5, t5, -0x5
x30 <- 0xFFFFFFFFFBFFFFFB

mem[X,0x0000000080001368] -> 0x1F13
mem[X,0x000000008000136A] -> 0x00BF
[1247] [M]: 0x0000000080001368 (0x00BF1F13) slli t5, t5, 0xb
x30 <- 0xFFFFFFDFFFFFD800

mem[X,0x000000008000136C] -> 0x0F13
mem[X,0x000000008000136E] -> 0x7FFF
[1248] [M]: 0x000000008000136C (0x7FFF0F13) addi t5, t5, 0x7ff
x30 <- 0xFFFFFFDFFFFFDFFF

mem[X,0x0000000080001370] -> 0x1F13
mem[X,0x0000000080001372] -> 0x00BF
[1249] [M]: 0x0000000080001370 (0x00BF1F13) slli t5, t5, 0xb
x30 <- 0xFFFEFFFFFEFFF800

mem[X,0x0000000080001374] -> 0x0F13
mem[X,0x0000000080001376] -> 0x77FF
[1250] [M]: 0x0000000080001374 (0x77FF0F13) addi t5, t5, 0x77f
x30 <- 0xFFFEFFFFFEFFFF7F

mem[X,0x0000000080001378] -> 0x1F13
mem[X,0x000000008000137A] -> 0x00AF
[1251] [M]: 0x0000000080001378 (0x00AF1F13) slli t5, t5, 0xa
x30 <- 0xFBFFFFFBFFFDFC00

mem[X,0x000000008000137C] -> 0x0F13
mem[X,0x000000008000137E] -> 0x3FCF
[1252] [M]: 0x000000008000137C (0x3FCF0F13) addi t5, t5, 0x3fc
x30 <- 0xFBFFFFFBFFFDFFFC

mem[X,0x0000000080001380] -> 0x0EB7
mem[X,0x0000000080001382] -> 0xFFF7
[1253] [M]: 0x0000000080001380 (0xFFF70EB7) lui t4, -0x90
x29 <- 0xFFFFFFFFFFF70000

mem[X,0x0000000080001384] -> 0x8E93
mem[X,0x0000000080001386] -> 0x040E
[1254] [M]: 0x0000000080001384 (0x040E8E93) addi t4, t4, 0x40
x29 <- 0xFFFFFFFFFFF70040

mem[X,0x0000000080001388] -> 0x9E93
mem[X,0x000000008000138A] -> 0x00BE
[1255] [M]: 0x0000000080001388 (0x00BE9E93) slli t4, t4, 0xb
x29 <- 0xFFFFFFFFB8020000

mem[X,0x000000008000138C] -> 0x8E93
mem[X,0x000000008000138E] -> 0x100E
[1256] [M]: 0x000000008000138C (0x100E8E93) addi t4, t4, 0x100
x29 <- 0xFFFFFFFFB8020100

mem[X,0x0000000080001390] -> 0x9E93
mem[X,0x0000000080001392] -> 0x00BE
[1257] [M]: 0x0000000080001390 (0x00BE9E93) slli t4, t4, 0xb
x29 <- 0xFFFFFDC010080000

mem[X,0x0000000080001394] -> 0x8E93
mem[X,0x0000000080001396] -> 0x000E
[1258] [M]: 0x0000000080001394 (0x000E8E93) addi t4, t4, 0x0
x29 <- 0xFFFFFDC010080000

mem[X,0x0000000080001398] -> 0x9E93
mem[X,0x000000008000139A] -> 0x00AE
[1259] [M]: 0x0000000080001398 (0x00AE9E93) slli t4, t4, 0xa
x29 <- 0xFFF7004020000000

mem[X,0x000000008000139C] -> 0x8E93
mem[X,0x000000008000139E] -> 0x020E
[1260] [M]: 0x000000008000139C (0x020E8E93) addi t4, t4, 0x20
x29 <- 0xFFF7004020000020

mem[X,0x00000000800013A0] -> 0x0FBB
mem[X,0x00000000800013A2] -> 0xD9DF
[1261] [M]: 0x00000000800013A0 (0xD9DF0FBB) pasub.h t6, t5, t4
x31 <- 0xFE04FFDDEFFEFFEE

mem[X,0x00000000800013A4] -> 0x3423
mem[X,0x00000000800013A6] -> 0x11F1
[1262] [M]: 0x00000000800013A4 (0x11F13423) sd t6, 0x108(sp)
mem[0x0000000080004310] <- 0xFE04FFDDEFFEFFEE

mem[X,0x00000000800013A8] -> 0x0F37
mem[X,0x00000000800013AA] -> 0xF7FF
[1263] [M]: 0x00000000800013A8 (0xF7FF0F37) lui t5, -0x8010
x30 <- 0xFFFFFFFFF7FF0000

mem[X,0x00000000800013AC] -> 0x0F13
mem[X,0x00000000800013AE] -> 0x002F
[1264] [M]: 0x00000000800013AC (0x002F0F13) addi t5, t5, 0x2
x30 <- 0xFFFFFFFFF7FF0002

mem[X,0x00000000800013B0] -> 0x1F13
mem[X,0x00000000800013B2] -> 0x00BF
[1265] [M]: 0x00000000800013B0 (0x00BF1F13) slli t5, t5, 0xb
x30 <- 0xFFFFFFBFF8001000

mem[X,0x00000000800013B4] -> 0x0F13
mem[X,0x00000000800013B6] -> 0x7F7F
[1266] [M]: 0x00000000800013B4 (0x7F7F0F13) addi t5, t5, 0x7f7
x30 <- 0xFFFFFFBFF80017F7

mem[X,0x00000000800013B8] -> 0x1F13
mem[X,0x00000000800013BA] -> 0x00BF
[1267] [M]: 0x00000000800013B8 (0x00BF1F13) slli t5, t5, 0xb
x30 <- 0xFFFDFFC000BFB800

mem[X,0x00000000800013BC] -> 0x0F13
mem[X,0x00000000800013BE] -> 0x7C0F
[1268] [M]: 0x00000000800013BC (0x7C0F0F13) addi t5, t5, 0x7c0
x30 <- 0xFFFDFFC000BFBFC0

mem[X,0x00000000800013C0] -> 0x1F13
mem[X,0x00000000800013C2] -> 0x00AF
[1269] [M]: 0x00000000800013C0 (0x00AF1F13) slli t5, t5, 0xa
x30 <- 0xF7FF0002FEFF0000

mem[X,0x00000000800013C4] -> 0x0F13
mem[X,0x00000000800013C6] -> 0x004F
[1270] [M]: 0x00000000800013C4 (0x004F0F13) addi t5, t5, 0x4
x30 <- 0xF7FF0002FEFF0004

mem[X,0x00000000800013C8] -> 0x5EB7
mem[X,0x00000000800013CA] -> 0xEFFF
[1271] [M]: 0x00000000800013C8 (0xEFFF5EB7) lui t4, -0x1000b
x29 <- 0xFFFFFFFFEFFF5000

mem[X,0x00000000800013CC] -> 0x8E93
mem[X,0x00000000800013CE] -> 0x555E
[1272] [M]: 0x00000000800013CC (0x555E8E93) addi t4, t4, 0x555
x29 <- 0xFFFFFFFFEFFF5555

mem[X,0x00000000800013D0] -> 0x9E93
mem[X,0x00000000800013D2] -> 0x00BE
[1273] [M]: 0x00000000800013D0 (0x00BE9E93) slli t4, t4, 0xb
x29 <- 0xFFFFFF7FFAAAA800

mem[X,0x00000000800013D4] -> 0x8E93
mem[X,0x00000000800013D6] -> 0x7FFE
[1274] [M]: 0x00000000800013D4 (0x7FFE8E93) addi t4, t4, 0x7ff
x29 <- 0xFFFFFF7FFAAAAFFF

mem[X,0x00000000800013D8] -> 0x9E93
mem[X,0x00000000800013DA] -> 0x00BE
[1275] [M]: 0x00000000800013D8 (0x00BE9E93) slli t4, t4, 0xb
x29 <- 0xFFFBFFD5557FF800

mem[X,0x00000000800013DC] -> 0x8E93
mem[X,0x00000000800013DE] -> 0x5BFE
[1276] [M]: 0x00000000800013DC (0x5BFE8E93) addi t4, t4, 0x5bf
x29 <- 0xFFFBFFD5557FFDBF

mem[X,0x00000000800013E0] -> 0x9E93
mem[X,0x00000000800013E2] -> 0x00AE
[1277] [M]: 0x00000000800013E0 (0x00AE9E93) slli t4, t4, 0xa
x29 <- 0xEFFF5555FFF6FC00

mem[X,0x00000000800013E4] -> 0x8E93
mem[X,0x00000000800013E6] -> 0x3FBE
[1278] [M]: 0x00000000800013E4 (0x3FBE8E93) addi t4, t4, 0x3fb
x29 <- 0xEFFF5555FFF6FFFB

mem[X,0x00000000800013E8] -> 0x0FBB
mem[X,0x00000000800013EA] -> 0xD9DF
[1279] [M]: 0x00000000800013E8 (0xD9DF0FBB) pasub.h t6, t5, t4
x31 <- 0x0400D556FF840004

mem[X,0x00000000800013EC] -> 0x3823
mem[X,0x00000000800013EE] -> 0x11F1
[1280] [M]: 0x00000000800013EC (0x11F13823) sd t6, 0x110(sp)
mem[0x0000000080004318] <- 0x0400D556FF840004

mem[X,0x00000000800013F0] -> 0x0F37
mem[X,0x00000000800013F2] -> 0xE000
[1281] [M]: 0x00000000800013F0 (0xE0000F37) lui t5, -0x20000
x30 <- 0xFFFFFFFFE0000000

mem[X,0x00000000800013F4] -> 0x0F13
mem[X,0x00000000800013F6] -> 0xFFAF
[1282] [M]: 0x00000000800013F4 (0xFFAF0F13) addi t5, t5, -0x6
x30 <- 0xFFFFFFFFDFFFFFFA

mem[X,0x00000000800013F8] -> 0x1F13
mem[X,0x00000000800013FA] -> 0x00BF
[1283] [M]: 0x00000000800013F8 (0x00BF1F13) slli t5, t5, 0xb
x30 <- 0xFFFFFEFFFFFFD000

mem[X,0x00000000800013FC] -> 0x0F13
mem[X,0x00000000800013FE] -> 0x000F
[1284] [M]: 0x00000000800013FC (0x000F0F13) addi t5, t5, 0x0
x30 <- 0xFFFFFEFFFFFFD000

mem[X,0x0000000080001400] -> 0x1F13
mem[X,0x0000000080001402] -> 0x00BF
[1285] [M]: 0x0000000080001400 (0x00BF1F13) slli t5, t5, 0xb
x30 <- 0xFFF7FFFFFE800000

mem[X,0x0000000080001404] -> 0x0F13
mem[X,0x0000000080001406] -> 0x040F
[1286] [M]: 0x0000000080001404 (0x040F0F13) addi t5, t5, 0x40
x30 <- 0xFFF7FFFFFE800040

mem[X,0x0000000080001408] -> 0x1F13
mem[X,0x000000008000140A] -> 0x00AF
[1287] [M]: 0x0000000080001408 (0x00AF1F13) slli t5, t5, 0xa
x30 <- 0xDFFFFFFA00010000

mem[X,0x000000008000140C] -> 0x0F13
mem[X,0x000000008000140E] -> 0x009F
[1288] [M]: 0x000000008000140C (0x009F0F13) addi t5, t5, 0x9
x30 <- 0xDFFFFFFA00010009

mem[X,0x0000000080001410] -> 0x0EB7
mem[X,0x0000000080001412] -> 0xFFBF
[1289] [M]: 0x0000000080001410 (0xFFBF0EB7) lui t4, -0x410
x29 <- 0xFFFFFFFFFFBF0000

mem[X,0x0000000080001414] -> 0x8E93
mem[X,0x0000000080001416] -> 0x400E
[1290] [M]: 0x0000000080001414 (0x400E8E93) addi t4, t4, 0x400
x29 <- 0xFFFFFFFFFFBF0400

mem[X,0x0000000080001418] -> 0x9E93
mem[X,0x000000008000141A] -> 0x00BE
[1291] [M]: 0x0000000080001418 (0x00BE9E93) slli t4, t4, 0xb
x29 <- 0xFFFFFFFDF8200000

mem[X,0x000000008000141C] -> 0x8E93
mem[X,0x000000008000141E] -> 0x001E
[1292] [M]: 0x000000008000141C (0x001E8E93) addi t4, t4, 0x1
x29 <- 0xFFFFFFFDF8200001

mem[X,0x0000000080001420] -> 0x9E93
mem[X,0x0000000080001422] -> 0x00BE
[1293] [M]: 0x0000000080001420 (0x00BE9E93) slli t4, t4, 0xb
x29 <- 0xFFFFEFC100000800

mem[X,0x0000000080001424] -> 0x8E93
mem[X,0x0000000080001426] -> 0x010E
[1294] [M]: 0x0000000080001424 (0x010E8E93) addi t4, t4, 0x10
x29 <- 0xFFFFEFC100000810

mem[X,0x0000000080001428] -> 0x9E93
mem[X,0x000000008000142A] -> 0x00AE
[1295] [M]: 0x0000000080001428 (0x00AE9E93) slli t4, t4, 0xa
x29 <- 0xFFBF040000204000

mem[X,0x000000008000142C] -> 0x0FBB
mem[X,0x000000008000142E] -> 0xD9DF
[1296] [M]: 0x000000008000142C (0xD9DF0FBB) pasub.h t6, t5, t4
x31 <- 0xF020FDFDFFF0E004

mem[X,0x0000000080001430] -> 0x3C23
mem[X,0x0000000080001432] -> 0x11F1
[1297] [M]: 0x0000000080001430 (0x11F13C23) sd t6, 0x118(sp)
mem[0x0000000080004320] <- 0xF020FDFDFFF0E004

mem[X,0x0000000080001434] -> 0x5F37
mem[X,0x0000000080001436] -> 0xAAAA
[1298] [M]: 0x0000000080001434 (0xAAAA5F37) lui t5, -0x5555b
x30 <- 0xFFFFFFFFAAAA5000

mem[X,0x0000000080001438] -> 0x0F13
mem[X,0x000000008000143A] -> 0x555F
[1299] [M]: 0x0000000080001438 (0x555F0F13) addi t5, t5, 0x555
x30 <- 0xFFFFFFFFAAAA5555

clint::tick mtime <- 0x000000000000000D
 clint timer pending at mtime 0x000000000000000D
htif::tick 0x0000000000000000
mem[X,0x000000008000143C] -> 0x1F13
mem[X,0x000000008000143E] -> 0x00BF
[1300] [M]: 0x000000008000143C (0x00BF1F13) slli t5, t5, 0xb
x30 <- 0xFFFFFD5552AAA800

mem[X,0x0000000080001440] -> 0x0F13
mem[X,0x0000000080001442] -> 0x7FFF
[1301] [M]: 0x0000000080001440 (0x7FFF0F13) addi t5, t5, 0x7ff
x30 <- 0xFFFFFD5552AAAFFF

mem[X,0x0000000080001444] -> 0x1F13
mem[X,0x0000000080001446] -> 0x00BF
[1302] [M]: 0x0000000080001444 (0x00BF1F13) slli t5, t5, 0xb
x30 <- 0xFFEAAA95557FF800

mem[X,0x0000000080001448] -> 0x0F13
mem[X,0x000000008000144A] -> 0x770F
[1303] [M]: 0x0000000080001448 (0x770F0F13) addi t5, t5, 0x770
x30 <- 0xFFEAAA95557FFF70

mem[X,0x000000008000144C] -> 0x1F13
mem[X,0x000000008000144E] -> 0x00AF
[1304] [M]: 0x000000008000144C (0x00AF1F13) slli t5, t5, 0xa
x30 <- 0xAAAA5555FFFDC000

mem[X,0x0000000080001450] -> 0x4EB7
mem[X,0x0000000080001452] -> 0x0010
[1305] [M]: 0x0000000080001450 (0x00104EB7) lui t4, 0x104
x29 <- 0x0000000000104000

mem[X,0x0000000080001454] -> 0x8E93
mem[X,0x0000000080001456] -> 0x000E
[1306] [M]: 0x0000000080001454 (0x000E8E93) addi t4, t4, 0x0
x29 <- 0x0000000000104000

mem[X,0x0000000080001458] -> 0x9E93
mem[X,0x000000008000145A] -> 0x00BE
[1307] [M]: 0x0000000080001458 (0x00BE9E93) slli t4, t4, 0xb
x29 <- 0x0000000082000000

mem[X,0x000000008000145C] -> 0x8E93
mem[X,0x000000008000145E] -> 0x000E
[1308] [M]: 0x000000008000145C (0x000E8E93) addi t4, t4, 0x0
x29 <- 0x0000000082000000

mem[X,0x0000000080001460] -> 0x9E93
mem[X,0x0000000080001462] -> 0x00BE
[1309] [M]: 0x0000000080001460 (0x00BE9E93) slli t4, t4, 0xb
x29 <- 0x0000041000000000

mem[X,0x0000000080001464] -> 0x8E93
mem[X,0x0000000080001466] -> 0x115E
[1310] [M]: 0x0000000080001464 (0x115E8E93) addi t4, t4, 0x115
x29 <- 0x0000041000000115

mem[X,0x0000000080001468] -> 0x9E93
mem[X,0x000000008000146A] -> 0x00AE
[1311] [M]: 0x0000000080001468 (0x00AE9E93) slli t4, t4, 0xa
x29 <- 0x0010400000045400

mem[X,0x000000008000146C] -> 0x8E93
mem[X,0x000000008000146E] -> 0x155E
[1312] [M]: 0x000000008000146C (0x155E8E93) addi t4, t4, 0x155
x29 <- 0x0010400000045555

mem[X,0x0000000080001470] -> 0x0FBB
mem[X,0x0000000080001472] -> 0xD9DF
[1313] [M]: 0x0000000080001470 (0xD9DF0FBB) pasub.h t6, t5, t4
x31 <- 0xD54D0AAAFFFCB555

mem[X,0x0000000080001474] -> 0x3023
mem[X,0x0000000080001476] -> 0x13F1
[1314] [M]: 0x0000000080001474 (0x13F13023) sd t6, 0x120(sp)
mem[0x0000000080004328] <- 0xD54D0AAAFFFCB555

mem[X,0x0000000080001478] -> 0x0F37
mem[X,0x000000008000147A] -> 0x000A
[1315] [M]: 0x0000000080001478 (0x000A0F37) lui t5, 0xa0
x30 <- 0x00000000000A0000

mem[X,0x000000008000147C] -> 0x0F13
mem[X,0x000000008000147E] -> 0xBFFF
[1316] [M]: 0x000000008000147C (0xBFFF0F13) addi t5, t5, -0x401
x30 <- 0x000000000009FBFF

mem[X,0x0000000080001480] -> 0x1F13
mem[X,0x0000000080001482] -> 0x00BF
[1317] [M]: 0x0000000080001480 (0x00BF1F13) slli t5, t5, 0xb
x30 <- 0x000000004FDFF800

mem[X,0x0000000080001484] -> 0x0F13
mem[X,0x0000000080001486] -> 0x600F
[1318] [M]: 0x0000000080001484 (0x600F0F13) addi t5, t5, 0x600
x30 <- 0x000000004FDFFE00

mem[X,0x0000000080001488] -> 0x1F13
mem[X,0x000000008000148A] -> 0x00BF
[1319] [M]: 0x0000000080001488 (0x00BF1F13) slli t5, t5, 0xb
x30 <- 0x0000027EFFF00000

mem[X,0x000000008000148C] -> 0x0F13
mem[X,0x000000008000148E] -> 0x03FF
[1320] [M]: 0x000000008000148C (0x03FF0F13) addi t5, t5, 0x3f
x30 <- 0x0000027EFFF0003F

mem[X,0x0000000080001490] -> 0x1F13
mem[X,0x0000000080001492] -> 0x00AF
[1321] [M]: 0x0000000080001490 (0x00AF1F13) slli t5, t5, 0xa
x30 <- 0x0009FBFFC000FC00

mem[X,0x0000000080001494] -> 0x0F13
mem[X,0x0000000080001496] -> 0x3BFF
[1322] [M]: 0x0000000080001494 (0x3BFF0F13) addi t5, t5, 0x3bf
x30 <- 0x0009FBFFC000FFBF

mem[X,0x0000000080001498] -> 0x0EB7
mem[X,0x000000008000149A] -> 0xFFFF
[1323] [M]: 0x0000000080001498 (0xFFFF0EB7) lui t4, -0x10
x29 <- 0xFFFFFFFFFFFF0000

mem[X,0x000000008000149C] -> 0x8E93
mem[X,0x000000008000149E] -> 0xFDFE
[1324] [M]: 0x000000008000149C (0xFDFE8E93) addi t4, t4, -0x21
x29 <- 0xFFFFFFFFFFFEFFDF

mem[X,0x00000000800014A0] -> 0x9E93
mem[X,0x00000000800014A2] -> 0x00BE
[1325] [M]: 0x00000000800014A0 (0x00BE9E93) slli t4, t4, 0xb
x29 <- 0xFFFFFFFFF7FEF800

mem[X,0x00000000800014A4] -> 0x8E93
mem[X,0x00000000800014A6] -> 0x7F7E
[1326] [M]: 0x00000000800014A4 (0x7F7E8E93) addi t4, t4, 0x7f7
x29 <- 0xFFFFFFFFF7FEFFF7

mem[X,0x00000000800014A8] -> 0x9E93
mem[X,0x00000000800014AA] -> 0x00BE
[1327] [M]: 0x00000000800014A8 (0x00BE9E93) slli t4, t4, 0xb
x29 <- 0xFFFFFFBFF7FFB800

mem[X,0x00000000800014AC] -> 0x8E93
mem[X,0x00000000800014AE] -> 0x7C0E
[1328] [M]: 0x00000000800014AC (0x7C0E8E93) addi t4, t4, 0x7c0
x29 <- 0xFFFFFFBFF7FFBFC0

mem[X,0x00000000800014B0] -> 0x9E93
mem[X,0x00000000800014B2] -> 0x00AE
[1329] [M]: 0x00000000800014B0 (0x00AE9E93) slli t4, t4, 0xa
x29 <- 0xFFFEFFDFFEFF0000

mem[X,0x00000000800014B4] -> 0x8E93
mem[X,0x00000000800014B6] -> 0x001E
[1330] [M]: 0x00000000800014B4 (0x001E8E93) addi t4, t4, 0x1
x29 <- 0xFFFEFFDFFEFF0001

mem[X,0x00000000800014B8] -> 0x0FBB
mem[X,0x00000000800014BA] -> 0xD9DF
[1331] [M]: 0x00000000800014B8 (0xD9DF0FBB) pasub.h t6, t5, t4
x31 <- 0x0005FE10E080FFDF

mem[X,0x00000000800014BC] -> 0x3423
mem[X,0x00000000800014BE] -> 0x13F1
[1332] [M]: 0x00000000800014BC (0x13F13423) sd t6, 0x128(sp)
mem[0x0000000080004330] <- 0x0005FE10E080FFDF

mem[X,0x00000000800014C0] -> 0x0F37
mem[X,0x00000000800014C2] -> 0xFFF7
[1333] [M]: 0x00000000800014C0 (0xFFF70F37) lui t5, -0x90
x30 <- 0xFFFFFFFFFFF70000

mem[X,0x00000000800014C4] -> 0x0F13
mem[X,0x00000000800014C6] -> 0xFFEF
[1334] [M]: 0x00000000800014C4 (0xFFEF0F13) addi t5, t5, -0x2
x30 <- 0xFFFFFFFFFFF6FFFE

mem[X,0x00000000800014C8] -> 0x1F13
mem[X,0x00000000800014CA] -> 0x00BF
[1335] [M]: 0x00000000800014C8 (0x00BF1F13) slli t5, t5, 0xb
x30 <- 0xFFFFFFFFB7FFF000

mem[X,0x00000000800014CC] -> 0x0F13
mem[X,0x00000000800014CE] -> 0x000F
[1336] [M]: 0x00000000800014CC (0x000F0F13) addi t5, t5, 0x0
x30 <- 0xFFFFFFFFB7FFF000

mem[X,0x00000000800014D0] -> 0x1F13
mem[X,0x00000000800014D2] -> 0x00BF
[1337] [M]: 0x00000000800014D0 (0x00BF1F13) slli t5, t5, 0xb
x30 <- 0xFFFFFDBFFF800000

mem[X,0x00000000800014D4] -> 0x0F13
mem[X,0x00000000800014D6] -> 0x1C0F
[1338] [M]: 0x00000000800014D4 (0x1C0F0F13) addi t5, t5, 0x1c0
x30 <- 0xFFFFFDBFFF8001C0

mem[X,0x00000000800014D8] -> 0x1F13
mem[X,0x00000000800014DA] -> 0x00AF
[1339] [M]: 0x00000000800014D8 (0x00AF1F13) slli t5, t5, 0xa
x30 <- 0xFFF6FFFE00070000

mem[X,0x00000000800014DC] -> 0x0F13
mem[X,0x00000000800014DE] -> 0x040F
[1340] [M]: 0x00000000800014DC (0x040F0F13) addi t5, t5, 0x40
x30 <- 0xFFF6FFFE00070040

mem[X,0x00000000800014E0] -> 0x0EB7
mem[X,0x00000000800014E2] -> 0x0004
[1341] [M]: 0x00000000800014E0 (0x00040EB7) lui t4, 0x40
x29 <- 0x0000000000040000

mem[X,0x00000000800014E4] -> 0x8E93
mem[X,0x00000000800014E6] -> 0xFFEE
[1342] [M]: 0x00000000800014E4 (0xFFEE8E93) addi t4, t4, -0x2
x29 <- 0x000000000003FFFE

mem[X,0x00000000800014E8] -> 0x9E93
mem[X,0x00000000800014EA] -> 0x00BE
[1343] [M]: 0x00000000800014E8 (0x00BE9E93) slli t4, t4, 0xb
x29 <- 0x000000001FFFF000

mem[X,0x00000000800014EC] -> 0x8E93
mem[X,0x00000000800014EE] -> 0x002E
[1344] [M]: 0x00000000800014EC (0x002E8E93) addi t4, t4, 0x2
x29 <- 0x000000001FFFF002

mem[X,0x00000000800014F0] -> 0x9E93
mem[X,0x00000000800014F2] -> 0x00BE
[1345] [M]: 0x00000000800014F0 (0x00BE9E93) slli t4, t4, 0xb
x29 <- 0x000000FFFF801000

mem[X,0x00000000800014F4] -> 0x8E93
mem[X,0x00000000800014F6] -> 0x000E
[1346] [M]: 0x00000000800014F4 (0x000E8E93) addi t4, t4, 0x0
x29 <- 0x000000FFFF801000

mem[X,0x00000000800014F8] -> 0x9E93
mem[X,0x00000000800014FA] -> 0x00AE
[1347] [M]: 0x00000000800014F8 (0x00AE9E93) slli t4, t4, 0xa
x29 <- 0x0003FFFE00400000

mem[X,0x00000000800014FC] -> 0x8E93
mem[X,0x00000000800014FE] -> 0x040E
[1348] [M]: 0x00000000800014FC (0x040E8E93) addi t4, t4, 0x40
x29 <- 0x0003FFFE00400040

mem[X,0x0000000080001500] -> 0x0FBB
mem[X,0x0000000080001502] -> 0xD9DF
[1349] [M]: 0x0000000080001500 (0xD9DF0FBB) pasub.h t6, t5, t4
x31 <- 0xFFF90000FFE30000

mem[X,0x0000000080001504] -> 0x3823
mem[X,0x0000000080001506] -> 0x13F1
[1350] [M]: 0x0000000080001504 (0x13F13823) sd t6, 0x130(sp)
mem[0x0000000080004338] <- 0xFFF90000FFE30000

mem[X,0x0000000080001508] -> 0x0F37
mem[X,0x000000008000150A] -> 0x0080
[1351] [M]: 0x0000000080001508 (0x00800F37) lui t5, 0x800
x30 <- 0x0000000000800000

mem[X,0x000000008000150C] -> 0x0F13
mem[X,0x000000008000150E] -> 0x005F
[1352] [M]: 0x000000008000150C (0x005F0F13) addi t5, t5, 0x5
x30 <- 0x0000000000800005

mem[X,0x0000000080001510] -> 0x1F13
mem[X,0x0000000080001512] -> 0x00BF
[1353] [M]: 0x0000000080001510 (0x00BF1F13) slli t5, t5, 0xb
x30 <- 0x0000000400002800

mem[X,0x0000000080001514] -> 0x0F13
mem[X,0x0000000080001516] -> 0x000F
[1354] [M]: 0x0000000080001514 (0x000F0F13) addi t5, t5, 0x0
x30 <- 0x0000000400002800

mem[X,0x0000000080001518] -> 0x1F13
mem[X,0x000000008000151A] -> 0x00BF
[1355] [M]: 0x0000000080001518 (0x00BF1F13) slli t5, t5, 0xb
x30 <- 0x0000200001400000

mem[X,0x000000008000151C] -> 0x0F13
mem[X,0x000000008000151E] -> 0x27FF
[1356] [M]: 0x000000008000151C (0x27FF0F13) addi t5, t5, 0x27f
x30 <- 0x000020000140027F

mem[X,0x0000000080001520] -> 0x1F13
mem[X,0x0000000080001522] -> 0x00AF
[1357] [M]: 0x0000000080001520 (0x00AF1F13) slli t5, t5, 0xa
x30 <- 0x008000050009FC00

mem[X,0x0000000080001524] -> 0x0F13
mem[X,0x0000000080001526] -> 0x3BFF
[1358] [M]: 0x0000000080001524 (0x3BFF0F13) addi t5, t5, 0x3bf
x30 <- 0x008000050009FFBF

mem[X,0x0000000080001528] -> 0x0EB7
mem[X,0x000000008000152A] -> 0x2000
[1359] [M]: 0x0000000080001528 (0x20000EB7) lui t4, 0x20000
x29 <- 0x0000000020000000

mem[X,0x000000008000152C] -> 0x8E93
mem[X,0x000000008000152E] -> 0x004E
[1360] [M]: 0x000000008000152C (0x004E8E93) addi t4, t4, 0x4
x29 <- 0x0000000020000004

mem[X,0x0000000080001530] -> 0x9E93
mem[X,0x0000000080001532] -> 0x00BE
[1361] [M]: 0x0000000080001530 (0x00BE9E93) slli t4, t4, 0xb
x29 <- 0x0000010000002000

mem[X,0x0000000080001534] -> 0x8E93
mem[X,0x0000000080001536] -> 0x010E
[1362] [M]: 0x0000000080001534 (0x010E8E93) addi t4, t4, 0x10
x29 <- 0x0000010000002010

mem[X,0x0000000080001538] -> 0x9E93
mem[X,0x000000008000153A] -> 0x00BE
[1363] [M]: 0x0000000080001538 (0x00BE9E93) slli t4, t4, 0xb
x29 <- 0x0008000001008000

mem[X,0x000000008000153C] -> 0x8E93
mem[X,0x000000008000153E] -> 0x000E
[1364] [M]: 0x000000008000153C (0x000E8E93) addi t4, t4, 0x0
x29 <- 0x0008000001008000

mem[X,0x0000000080001540] -> 0x9E93
mem[X,0x0000000080001542] -> 0x00AE
[1365] [M]: 0x0000000080001540 (0x00AE9E93) slli t4, t4, 0xa
x29 <- 0x2000000402000000

mem[X,0x0000000080001544] -> 0x8E93
mem[X,0x0000000080001546] -> 0x200E
[1366] [M]: 0x0000000080001544 (0x200E8E93) addi t4, t4, 0x200
x29 <- 0x2000000402000200

mem[X,0x0000000080001548] -> 0x0FBB
mem[X,0x000000008000154A] -> 0xD9DF
[1367] [M]: 0x0000000080001548 (0xD9DF0FBB) pasub.h t6, t5, t4
x31 <- 0xF0400000FF04FEDF

mem[X,0x000000008000154C] -> 0x3C23
mem[X,0x000000008000154E] -> 0x13F1
[1368] [M]: 0x000000008000154C (0x13F13C23) sd t6, 0x138(sp)
mem[0x0000000080004340] <- 0xF0400000FF04FEDF

mem[X,0x0000000080001550] -> 0xCF37
mem[X,0x0000000080001552] -> 0x8000
[1369] [M]: 0x0000000080001550 (0x8000CF37) lui t5, -0x7fff4
x30 <- 0xFFFFFFFF8000C000

mem[X,0x0000000080001554] -> 0x0F13
mem[X,0x0000000080001556] -> 0xFFFF
[1370] [M]: 0x0000000080001554 (0xFFFF0F13) addi t5, t5, -0x1
x30 <- 0xFFFFFFFF8000BFFF

mem[X,0x0000000080001558] -> 0x1F13
mem[X,0x000000008000155A] -> 0x00BF
[1371] [M]: 0x0000000080001558 (0x00BF1F13) slli t5, t5, 0xb
x30 <- 0xFFFFFC0005FFF800

mem[X,0x000000008000155C] -> 0x0F13
mem[X,0x000000008000155E] -> 0x7FFF
[1372] [M]: 0x000000008000155C (0x7FFF0F13) addi t5, t5, 0x7ff
x30 <- 0xFFFFFC0005FFFFFF

mem[X,0x0000000080001560] -> 0x1F13
mem[X,0x0000000080001562] -> 0x00BF
[1373] [M]: 0x0000000080001560 (0x00BF1F13) slli t5, t5, 0xb
x30 <- 0xFFE0002FFFFFF800

mem[X,0x0000000080001564] -> 0x0F13
mem[X,0x0000000080001566] -> 0x77FF
[1374] [M]: 0x0000000080001564 (0x77FF0F13) addi t5, t5, 0x77f
x30 <- 0xFFE0002FFFFFFF7F

mem[X,0x0000000080001568] -> 0x1F13
mem[X,0x000000008000156A] -> 0x00AF
[1375] [M]: 0x0000000080001568 (0x00AF1F13) slli t5, t5, 0xa
x30 <- 0x8000BFFFFFFDFC00

mem[X,0x000000008000156C] -> 0x0F13
mem[X,0x000000008000156E] -> 0x37FF
[1376] [M]: 0x000000008000156C (0x37FF0F13) addi t5, t5, 0x37f
x30 <- 0x8000BFFFFFFDFF7F

mem[X,0x0000000080001570] -> 0x0EB7
mem[X,0x0000000080001572] -> 0x0009
[1377] [M]: 0x0000000080001570 (0x00090EB7) lui t4, 0x90
x29 <- 0x0000000000090000

mem[X,0x0000000080001574] -> 0x8E93
mem[X,0x0000000080001576] -> 0xFFBE
[1378] [M]: 0x0000000080001574 (0xFFBE8E93) addi t4, t4, -0x5
x29 <- 0x000000000008FFFB

mem[X,0x0000000080001578] -> 0x9E93
mem[X,0x000000008000157A] -> 0x00BE
[1379] [M]: 0x0000000080001578 (0x00BE9E93) slli t4, t4, 0xb
x29 <- 0x0000000047FFD800

mem[X,0x000000008000157C] -> 0x8E93
mem[X,0x000000008000157E] -> 0x7DFE
[1380] [M]: 0x000000008000157C (0x7DFE8E93) addi t4, t4, 0x7df
x29 <- 0x0000000047FFDFDF

mem[X,0x0000000080001580] -> 0x9E93
mem[X,0x0000000080001582] -> 0x00BE
[1381] [M]: 0x0000000080001580 (0x00BE9E93) slli t4, t4, 0xb
x29 <- 0x0000023FFEFEF800

mem[X,0x0000000080001584] -> 0x8E93
mem[X,0x0000000080001586] -> 0x7C2E
[1382] [M]: 0x0000000080001584 (0x7C2E8E93) addi t4, t4, 0x7c2
x29 <- 0x0000023FFEFEFFC2

mem[X,0x0000000080001588] -> 0x9E93
mem[X,0x000000008000158A] -> 0x00AE
[1383] [M]: 0x0000000080001588 (0x00AE9E93) slli t4, t4, 0xa
x29 <- 0x0008FFFBFBFF0800

mem[X,0x000000008000158C] -> 0x0FBB
mem[X,0x000000008000158E] -> 0xD9DF
[1384] [M]: 0x000000008000158C (0xD9DF0FBB) pasub.h t6, t5, t4
x31 <- 0xBFFCE00201FFFBBF

mem[X,0x0000000080001590] -> 0x3023
mem[X,0x0000000080001592] -> 0x15F1
[1385] [M]: 0x0000000080001590 (0x15F13023) sd t6, 0x140(sp)
mem[0x0000000080004348] <- 0xBFFCE00201FFFBBF

mem[X,0x0000000080001594] -> 0x8F37
mem[X,0x0000000080001596] -> 0x0400
[1386] [M]: 0x0000000080001594 (0x04008F37) lui t5, 0x4008
x30 <- 0x0000000004008000

mem[X,0x0000000080001598] -> 0x0F13
mem[X,0x000000008000159A] -> 0xFFFF
[1387] [M]: 0x0000000080001598 (0xFFFF0F13) addi t5, t5, -0x1
x30 <- 0x0000000004007FFF

mem[X,0x000000008000159C] -> 0x1F13
mem[X,0x000000008000159E] -> 0x00BF
[1388] [M]: 0x000000008000159C (0x00BF1F13) slli t5, t5, 0xb
x30 <- 0x0000002003FFF800

mem[X,0x00000000800015A0] -> 0x0F13
mem[X,0x00000000800015A2] -> 0x7FFF
[1389] [M]: 0x00000000800015A0 (0x7FFF0F13) addi t5, t5, 0x7ff
x30 <- 0x0000002003FFFFFF

mem[X,0x00000000800015A4] -> 0x1F13
mem[X,0x00000000800015A6] -> 0x00BF
[1390] [M]: 0x00000000800015A4 (0x00BF1F13) slli t5, t5, 0xb
x30 <- 0x0001001FFFFFF800

mem[X,0x00000000800015A8] -> 0x0F13
mem[X,0x00000000800015AA] -> 0x73FF
[1391] [M]: 0x00000000800015A8 (0x73FF0F13) addi t5, t5, 0x73f
x30 <- 0x0001001FFFFFFF3F

mem[X,0x00000000800015AC] -> 0x1F13
mem[X,0x00000000800015AE] -> 0x00AF
[1392] [M]: 0x00000000800015AC (0x00AF1F13) slli t5, t5, 0xa
x30 <- 0x04007FFFFFFCFC00

mem[X,0x00000000800015B0] -> 0x0F13
mem[X,0x00000000800015B2] -> 0x3BFF
[1393] [M]: 0x00000000800015B0 (0x3BFF0F13) addi t5, t5, 0x3bf
x30 <- 0x04007FFFFFFCFFBF

mem[X,0x00000000800015B4] -> 0xCEB7
mem[X,0x00000000800015B6] -> 0xFF7F
[1394] [M]: 0x00000000800015B4 (0xFF7FCEB7) lui t4, -0x804
x29 <- 0xFFFFFFFFFF7FC000

mem[X,0x00000000800015B8] -> 0x8E93
mem[X,0x00000000800015BA] -> 0x000E
[1395] [M]: 0x00000000800015B8 (0x000E8E93) addi t4, t4, 0x0
x29 <- 0xFFFFFFFFFF7FC000

mem[X,0x00000000800015BC] -> 0x9E93
mem[X,0x00000000800015BE] -> 0x00BE
[1396] [M]: 0x00000000800015BC (0x00BE9E93) slli t4, t4, 0xb
x29 <- 0xFFFFFFFBFE000000

mem[X,0x00000000800015C0] -> 0x8E93
mem[X,0x00000000800015C2] -> 0x7F7E
[1397] [M]: 0x00000000800015C0 (0x7F7E8E93) addi t4, t4, 0x7f7
x29 <- 0xFFFFFFFBFE0007F7

mem[X,0x00000000800015C4] -> 0x9E93
mem[X,0x00000000800015C6] -> 0x00BE
[1398] [M]: 0x00000000800015C4 (0x00BE9E93) slli t4, t4, 0xb
x29 <- 0xFFFFDFF0003FB800

mem[X,0x00000000800015C8] -> 0x8E93
mem[X,0x00000000800015CA] -> 0x7FFE
[1399] [M]: 0x00000000800015C8 (0x7FFE8E93) addi t4, t4, 0x7ff
x29 <- 0xFFFFDFF0003FBFFF

clint::tick mtime <- 0x000000000000000E
 clint timer pending at mtime 0x000000000000000E
htif::tick 0x0000000000000000
mem[X,0x00000000800015CC] -> 0x9E93
mem[X,0x00000000800015CE] -> 0x00AE
[1400] [M]: 0x00000000800015CC (0x00AE9E93) slli t4, t4, 0xa
x29 <- 0xFF7FC000FEFFFC00

mem[X,0x00000000800015D0] -> 0x8E93
mem[X,0x00000000800015D2] -> 0x3FEE
[1401] [M]: 0x00000000800015D0 (0x3FEE8E93) addi t4, t4, 0x3fe
x29 <- 0xFF7FC000FEFFFFFE

mem[X,0x00000000800015D4] -> 0x0FBB
mem[X,0x00000000800015D6] -> 0xD9DF
[1402] [M]: 0x00000000800015D4 (0xD9DF0FBB) pasub.h t6, t5, t4
x31 <- 0x02405FFF007EFFE0

mem[X,0x00000000800015D8] -> 0x3423
mem[X,0x00000000800015DA] -> 0x15F1
[1403] [M]: 0x00000000800015D8 (0x15F13423) sd t6, 0x148(sp)
mem[0x0000000080004350] <- 0x02405FFF007EFFE0

mem[X,0x00000000800015DC] -> 0x0F37
mem[X,0x00000000800015DE] -> 0xEFFF
[1404] [M]: 0x00000000800015DC (0xEFFF0F37) lui t5, -0x10010
x30 <- 0xFFFFFFFFEFFF0000

mem[X,0x00000000800015E0] -> 0x0F13
mem[X,0x00000000800015E2] -> 0x004F
[1405] [M]: 0x00000000800015E0 (0x004F0F13) addi t5, t5, 0x4
x30 <- 0xFFFFFFFFEFFF0004

mem[X,0x00000000800015E4] -> 0x1F13
mem[X,0x00000000800015E6] -> 0x00BF
[1406] [M]: 0x00000000800015E4 (0x00BF1F13) slli t5, t5, 0xb
x30 <- 0xFFFFFF7FF8002000

mem[X,0x00000000800015E8] -> 0x0F13
mem[X,0x00000000800015EA] -> 0x000F
[1407] [M]: 0x00000000800015E8 (0x000F0F13) addi t5, t5, 0x0
x30 <- 0xFFFFFF7FF8002000

mem[X,0x00000000800015EC] -> 0x1F13
mem[X,0x00000000800015EE] -> 0x00BF
[1408] [M]: 0x00000000800015EC (0x00BF1F13) slli t5, t5, 0xb
x30 <- 0xFFFBFFC001000000

mem[X,0x00000000800015F0] -> 0x0F13
mem[X,0x00000000800015F2] -> 0x27FF
[1409] [M]: 0x00000000800015F0 (0x27FF0F13) addi t5, t5, 0x27f
x30 <- 0xFFFBFFC00100027F

mem[X,0x00000000800015F4] -> 0x1F13
mem[X,0x00000000800015F6] -> 0x00AF
[1410] [M]: 0x00000000800015F4 (0x00AF1F13) slli t5, t5, 0xa
x30 <- 0xEFFF00040009FC00

mem[X,0x00000000800015F8] -> 0x0F13
mem[X,0x00000000800015FA] -> 0x3DFF
[1411] [M]: 0x00000000800015F8 (0x3DFF0F13) addi t5, t5, 0x3df
x30 <- 0xEFFF00040009FFDF

mem[X,0x00000000800015FC] -> 0xBEB7
mem[X,0x00000000800015FE] -> 0x0000
[1412] [M]: 0x00000000800015FC (0x0000BEB7) lui t4, 0xb
x29 <- 0x000000000000B000

mem[X,0x0000000080001600] -> 0x8E93
mem[X,0x0000000080001602] -> 0xAAAE
[1413] [M]: 0x0000000080001600 (0xAAAE8E93) addi t4, t4, -0x556
x29 <- 0x000000000000AAAA

mem[X,0x0000000080001604] -> 0x9E93
mem[X,0x0000000080001606] -> 0x00BE
[1414] [M]: 0x0000000080001604 (0x00BE9E93) slli t4, t4, 0xb
x29 <- 0x0000000005555000

mem[X,0x0000000080001608] -> 0x8E93
mem[X,0x000000008000160A] -> 0x7FEE
[1415] [M]: 0x0000000080001608 (0x7FEE8E93) addi t4, t4, 0x7fe
x29 <- 0x00000000055557FE

mem[X,0x000000008000160C] -> 0x9E93
mem[X,0x000000008000160E] -> 0x00BE
[1416] [M]: 0x000000008000160C (0x00BE9E93) slli t4, t4, 0xb
x29 <- 0x0000002AAABFF000

mem[X,0x0000000080001610] -> 0x8E93
mem[X,0x0000000080001612] -> 0x7FFE
[1417] [M]: 0x0000000080001610 (0x7FFE8E93) addi t4, t4, 0x7ff
x29 <- 0x0000002AAABFF7FF

mem[X,0x0000000080001614] -> 0x9E93
mem[X,0x0000000080001616] -> 0x00AE
[1418] [M]: 0x0000000080001614 (0x00AE9E93) slli t4, t4, 0xa
x29 <- 0x0000AAAAFFDFFC00

mem[X,0x0000000080001618] -> 0x8E93
mem[X,0x000000008000161A] -> 0x3FDE
[1419] [M]: 0x0000000080001618 (0x3FDE8E93) addi t4, t4, 0x3fd
x29 <- 0x0000AAAAFFDFFFFD

mem[X,0x000000008000161C] -> 0x0FBB
mem[X,0x000000008000161E] -> 0xD9DF
[1420] [M]: 0x000000008000161C (0xD9DF0FBB) pasub.h t6, t5, t4
x31 <- 0xF7FF2AAD0015FFF1

mem[X,0x0000000080001620] -> 0x3823
mem[X,0x0000000080001622] -> 0x15F1
[1421] [M]: 0x0000000080001620 (0x15F13823) sd t6, 0x150(sp)
mem[0x0000000080004358] <- 0xF7FF2AAD0015FFF1

mem[X,0x0000000080001624] -> 0x0F37
mem[X,0x0000000080001626] -> 0xFFFF
[1422] [M]: 0x0000000080001624 (0xFFFF0F37) lui t5, -0x10
x30 <- 0xFFFFFFFFFFFF0000

mem[X,0x0000000080001628] -> 0x0F13
mem[X,0x000000008000162A] -> 0x004F
[1423] [M]: 0x0000000080001628 (0x004F0F13) addi t5, t5, 0x4
x30 <- 0xFFFFFFFFFFFF0004

mem[X,0x000000008000162C] -> 0x1F13
mem[X,0x000000008000162E] -> 0x00BF
[1424] [M]: 0x000000008000162C (0x00BF1F13) slli t5, t5, 0xb
x30 <- 0xFFFFFFFFF8002000

mem[X,0x0000000080001630] -> 0x0F13
mem[X,0x0000000080001632] -> 0x000F
[1425] [M]: 0x0000000080001630 (0x000F0F13) addi t5, t5, 0x0
x30 <- 0xFFFFFFFFF8002000

mem[X,0x0000000080001634] -> 0x1F13
mem[X,0x0000000080001636] -> 0x00BF
[1426] [M]: 0x0000000080001634 (0x00BF1F13) slli t5, t5, 0xb
x30 <- 0xFFFFFFC001000000

mem[X,0x0000000080001638] -> 0x0F13
mem[X,0x000000008000163A] -> 0x1BFF
[1427] [M]: 0x0000000080001638 (0x1BFF0F13) addi t5, t5, 0x1bf
x30 <- 0xFFFFFFC0010001BF

mem[X,0x000000008000163C] -> 0x1F13
mem[X,0x000000008000163E] -> 0x00AF
[1428] [M]: 0x000000008000163C (0x00AF1F13) slli t5, t5, 0xa
x30 <- 0xFFFF00040006FC00

mem[X,0x0000000080001640] -> 0x0F13
mem[X,0x0000000080001642] -> 0x3FFF
[1429] [M]: 0x0000000080001640 (0x3FFF0F13) addi t5, t5, 0x3ff
x30 <- 0xFFFF00040006FFFF

mem[X,0x0000000080001644] -> 0x0EB7
mem[X,0x0000000080001646] -> 0xFFE0
[1430] [M]: 0x0000000080001644 (0xFFE00EB7) lui t4, -0x200
x29 <- 0xFFFFFFFFFFE00000

mem[X,0x0000000080001648] -> 0x8E93
mem[X,0x000000008000164A] -> 0xFFBE
[1431] [M]: 0x0000000080001648 (0xFFBE8E93) addi t4, t4, -0x5
x29 <- 0xFFFFFFFFFFDFFFFB

mem[X,0x000000008000164C] -> 0x9E93
mem[X,0x000000008000164E] -> 0x00BE
[1432] [M]: 0x000000008000164C (0x00BE9E93) slli t4, t4, 0xb
x29 <- 0xFFFFFFFEFFFFD800

mem[X,0x0000000080001650] -> 0x8E93
mem[X,0x0000000080001652] -> 0x7DFE
[1433] [M]: 0x0000000080001650 (0x7DFE8E93) addi t4, t4, 0x7df
x29 <- 0xFFFFFFFEFFFFDFDF

mem[X,0x0000000080001654] -> 0x9E93
mem[X,0x0000000080001656] -> 0x00BE
[1434] [M]: 0x0000000080001654 (0x00BE9E93) slli t4, t4, 0xb
x29 <- 0xFFFFF7FFFEFEF800

mem[X,0x0000000080001658] -> 0x8E93
mem[X,0x000000008000165A] -> 0x7FFE
[1435] [M]: 0x0000000080001658 (0x7FFE8E93) addi t4, t4, 0x7ff
x29 <- 0xFFFFF7FFFEFEFFFF

mem[X,0x000000008000165C] -> 0x9E93
mem[X,0x000000008000165E] -> 0x00AE
[1436] [M]: 0x000000008000165C (0x00AE9E93) slli t4, t4, 0xa
x29 <- 0xFFDFFFFBFBFFFC00

mem[X,0x0000000080001660] -> 0x8E93
mem[X,0x0000000080001662] -> 0x3DFE
[1437] [M]: 0x0000000080001660 (0x3DFE8E93) addi t4, t4, 0x3df
x29 <- 0xFFDFFFFBFBFFFFDF

mem[X,0x0000000080001664] -> 0x0FBB
mem[X,0x0000000080001666] -> 0xD9DF
[1438] [M]: 0x0000000080001664 (0xD9DF0FBB) pasub.h t6, t5, t4
x31 <- 0x0010000402030010

mem[X,0x0000000080001668] -> 0x3C23
mem[X,0x000000008000166A] -> 0x15F1
[1439] [M]: 0x0000000080001668 (0x15F13C23) sd t6, 0x158(sp)
mem[0x0000000080004360] <- 0x0010000402030010

mem[X,0x000000008000166C] -> 0xCF37
mem[X,0x000000008000166E] -> 0xFFFD
[1440] [M]: 0x000000008000166C (0xFFFDCF37) lui t5, -0x24
x30 <- 0xFFFFFFFFFFFDC000

mem[X,0x0000000080001670] -> 0x0F13
mem[X,0x0000000080001672] -> 0xFFFF
[1441] [M]: 0x0000000080001670 (0xFFFF0F13) addi t5, t5, -0x1
x30 <- 0xFFFFFFFFFFFDBFFF

mem[X,0x0000000080001674] -> 0x1F13
mem[X,0x0000000080001676] -> 0x00BF
[1442] [M]: 0x0000000080001674 (0x00BF1F13) slli t5, t5, 0xb
x30 <- 0xFFFFFFFFEDFFF800

mem[X,0x0000000080001678] -> 0x0F13
mem[X,0x000000008000167A] -> 0x000F
[1443] [M]: 0x0000000080001678 (0x000F0F13) addi t5, t5, 0x0
x30 <- 0xFFFFFFFFEDFFF800

mem[X,0x000000008000167C] -> 0x1F13
mem[X,0x000000008000167E] -> 0x00BF
[1444] [M]: 0x000000008000167C (0x00BF1F13) slli t5, t5, 0xb
x30 <- 0xFFFFFF6FFFC00000

mem[X,0x0000000080001680] -> 0x0F13
mem[X,0x0000000080001682] -> 0x008F
[1445] [M]: 0x0000000080001680 (0x008F0F13) addi t5, t5, 0x8
x30 <- 0xFFFFFF6FFFC00008

mem[X,0x0000000080001684] -> 0x1F13
mem[X,0x0000000080001686] -> 0x00AF
[1446] [M]: 0x0000000080001684 (0x00AF1F13) slli t5, t5, 0xa
x30 <- 0xFFFDBFFF00002000

mem[X,0x0000000080001688] -> 0x0EB7
mem[X,0x000000008000168A] -> 0x3FFF
[1447] [M]: 0x0000000080001688 (0x3FFF0EB7) lui t4, 0x3fff0
x29 <- 0x000000003FFF0000

mem[X,0x000000008000168C] -> 0x8E93
mem[X,0x000000008000168E] -> 0x200E
[1448] [M]: 0x000000008000168C (0x200E8E93) addi t4, t4, 0x200
x29 <- 0x000000003FFF0200

mem[X,0x0000000080001690] -> 0x9E93
mem[X,0x0000000080001692] -> 0x00BE
[1449] [M]: 0x0000000080001690 (0x00BE9E93) slli t4, t4, 0xb
x29 <- 0x000001FFF8100000

mem[X,0x0000000080001694] -> 0x8E93
mem[X,0x0000000080001696] -> 0x000E
[1450] [M]: 0x0000000080001694 (0x000E8E93) addi t4, t4, 0x0
x29 <- 0x000001FFF8100000

mem[X,0x0000000080001698] -> 0x9E93
mem[X,0x000000008000169A] -> 0x00BE
[1451] [M]: 0x0000000080001698 (0x00BE9E93) slli t4, t4, 0xb
x29 <- 0x000FFFC080000000

mem[X,0x000000008000169C] -> 0x8E93
mem[X,0x000000008000169E] -> 0x27FE
[1452] [M]: 0x000000008000169C (0x27FE8E93) addi t4, t4, 0x27f
x29 <- 0x000FFFC08000027F

mem[X,0x00000000800016A0] -> 0x9E93
mem[X,0x00000000800016A2] -> 0x00AE
[1453] [M]: 0x00000000800016A0 (0x00AE9E93) slli t4, t4, 0xa
x29 <- 0x3FFF02000009FC00

mem[X,0x00000000800016A4] -> 0x8E93
mem[X,0x00000000800016A6] -> 0x37FE
[1454] [M]: 0x00000000800016A4 (0x37FE8E93) addi t4, t4, 0x37f
x29 <- 0x3FFF02000009FF7F

mem[X,0x00000000800016A8] -> 0x0FBB
mem[X,0x00000000800016AA] -> 0xD9DF
[1455] [M]: 0x00000000800016A8 (0xD9DF0FBB) pasub.h t6, t5, t4
x31 <- 0xDFFFDEFFFFFB1040

mem[X,0x00000000800016AC] -> 0x3023
mem[X,0x00000000800016AE] -> 0x17F1
[1456] [M]: 0x00000000800016AC (0x17F13023) sd t6, 0x160(sp)
mem[0x0000000080004368] <- 0xDFFFDEFFFFFB1040

mem[X,0x00000000800016B0] -> 0x4F37
mem[X,0x00000000800016B2] -> 0xFDFF
[1457] [M]: 0x00000000800016B0 (0xFDFF4F37) lui t5, -0x200c
x30 <- 0xFFFFFFFFFDFF4000

mem[X,0x00000000800016B4] -> 0x0F13
mem[X,0x00000000800016B6] -> 0xFFFF
[1458] [M]: 0x00000000800016B4 (0xFFFF0F13) addi t5, t5, -0x1
x30 <- 0xFFFFFFFFFDFF3FFF

mem[X,0x00000000800016B8] -> 0x1F13
mem[X,0x00000000800016BA] -> 0x00BF
[1459] [M]: 0x00000000800016B8 (0x00BF1F13) slli t5, t5, 0xb
x30 <- 0xFFFFFFEFF9FFF800

mem[X,0x00000000800016BC] -> 0x0F13
mem[X,0x00000000800016BE] -> 0x000F
[1460] [M]: 0x00000000800016BC (0x000F0F13) addi t5, t5, 0x0
x30 <- 0xFFFFFFEFF9FFF800

mem[X,0x00000000800016C0] -> 0x1F13
mem[X,0x00000000800016C2] -> 0x00BF
[1461] [M]: 0x00000000800016C0 (0x00BF1F13) slli t5, t5, 0xb
x30 <- 0xFFFF7FCFFFC00000

mem[X,0x00000000800016C4] -> 0x0F13
mem[X,0x00000000800016C6] -> 0x1DFF
[1462] [M]: 0x00000000800016C4 (0x1DFF0F13) addi t5, t5, 0x1df
x30 <- 0xFFFF7FCFFFC001DF

mem[X,0x00000000800016C8] -> 0x1F13
mem[X,0x00000000800016CA] -> 0x00AF
[1463] [M]: 0x00000000800016C8 (0x00AF1F13) slli t5, t5, 0xa
x30 <- 0xFDFF3FFF00077C00

mem[X,0x00000000800016CC] -> 0x0F13
mem[X,0x00000000800016CE] -> 0x3FFF
[1464] [M]: 0x00000000800016CC (0x3FFF0F13) addi t5, t5, 0x3ff
x30 <- 0xFDFF3FFF00077FFF

mem[X,0x00000000800016D0] -> 0x0EB7
mem[X,0x00000000800016D2] -> 0x0008
[1465] [M]: 0x00000000800016D0 (0x00080EB7) lui t4, 0x80
x29 <- 0x0000000000080000

mem[X,0x00000000800016D4] -> 0x8E93
mem[X,0x00000000800016D6] -> 0xFFBE
[1466] [M]: 0x00000000800016D4 (0xFFBE8E93) addi t4, t4, -0x5
x29 <- 0x000000000007FFFB

mem[X,0x00000000800016D8] -> 0x9E93
mem[X,0x00000000800016DA] -> 0x00BE
[1467] [M]: 0x00000000800016D8 (0x00BE9E93) slli t4, t4, 0xb
x29 <- 0x000000003FFFD800

mem[X,0x00000000800016DC] -> 0x8E93
mem[X,0x00000000800016DE] -> 0x100E
[1468] [M]: 0x00000000800016DC (0x100E8E93) addi t4, t4, 0x100
x29 <- 0x000000003FFFD900

mem[X,0x00000000800016E0] -> 0x9E93
mem[X,0x00000000800016E2] -> 0x00BE
[1469] [M]: 0x00000000800016E0 (0x00BE9E93) slli t4, t4, 0xb
x29 <- 0x000001FFFEC80000

mem[X,0x00000000800016E4] -> 0x8E93
mem[X,0x00000000800016E6] -> 0x03FE
[1470] [M]: 0x00000000800016E4 (0x03FE8E93) addi t4, t4, 0x3f
x29 <- 0x000001FFFEC8003F

mem[X,0x00000000800016E8] -> 0x9E93
mem[X,0x00000000800016EA] -> 0x00AE
[1471] [M]: 0x00000000800016E8 (0x00AE9E93) slli t4, t4, 0xa
x29 <- 0x0007FFFB2000FC00

mem[X,0x00000000800016EC] -> 0x8E93
mem[X,0x00000000800016EE] -> 0x2FFE
[1472] [M]: 0x00000000800016EC (0x2FFE8E93) addi t4, t4, 0x2ff
x29 <- 0x0007FFFB2000FEFF

mem[X,0x00000000800016F0] -> 0x0FBB
mem[X,0x00000000800016F2] -> 0xD9DF
[1473] [M]: 0x00000000800016F0 (0xD9DF0FBB) pasub.h t6, t5, t4
x31 <- 0xFEFC2002F0034080

mem[X,0x00000000800016F4] -> 0x3423
mem[X,0x00000000800016F6] -> 0x17F1
[1474] [M]: 0x00000000800016F4 (0x17F13423) sd t6, 0x168(sp)
mem[0x0000000080004370] <- 0xFEFC2002F0034080

mem[X,0x00000000800016F8] -> 0x0F37
mem[X,0x00000000800016FA] -> 0xBFFF
[1475] [M]: 0x00000000800016F8 (0xBFFF0F37) lui t5, -0x40010
x30 <- 0xFFFFFFFFBFFF0000

mem[X,0x00000000800016FC] -> 0x0F13
mem[X,0x00000000800016FE] -> 0x006F
[1476] [M]: 0x00000000800016FC (0x006F0F13) addi t5, t5, 0x6
x30 <- 0xFFFFFFFFBFFF0006

mem[X,0x0000000080001700] -> 0x1F13
mem[X,0x0000000080001702] -> 0x00BF
[1477] [M]: 0x0000000080001700 (0x00BF1F13) slli t5, t5, 0xb
x30 <- 0xFFFFFDFFF8003000

mem[X,0x0000000080001704] -> 0x0F13
mem[X,0x0000000080001706] -> 0x100F
[1478] [M]: 0x0000000080001704 (0x100F0F13) addi t5, t5, 0x100
x30 <- 0xFFFFFDFFF8003100

mem[X,0x0000000080001708] -> 0x1F13
mem[X,0x000000008000170A] -> 0x00BF
[1479] [M]: 0x0000000080001708 (0x00BF1F13) slli t5, t5, 0xb
x30 <- 0xFFEFFFC001880000

mem[X,0x000000008000170C] -> 0x0F13
mem[X,0x000000008000170E] -> 0x03FF
[1480] [M]: 0x000000008000170C (0x03FF0F13) addi t5, t5, 0x3f
x30 <- 0xFFEFFFC00188003F

mem[X,0x0000000080001710] -> 0x1F13
mem[X,0x0000000080001712] -> 0x00AF
[1481] [M]: 0x0000000080001710 (0x00AF1F13) slli t5, t5, 0xa
x30 <- 0xBFFF00062000FC00

mem[X,0x0000000080001714] -> 0x0F13
mem[X,0x0000000080001716] -> 0x2FFF
[1482] [M]: 0x0000000080001714 (0x2FFF0F13) addi t5, t5, 0x2ff
x30 <- 0xBFFF00062000FEFF

mem[X,0x0000000080001718] -> 0x0EB7
mem[X,0x000000008000171A] -> 0xFC00
[1483] [M]: 0x0000000080001718 (0xFC000EB7) lui t4, -0x4000
x29 <- 0xFFFFFFFFFC000000

mem[X,0x000000008000171C] -> 0x8E93
mem[X,0x000000008000171E] -> 0xFBFE
[1484] [M]: 0x000000008000171C (0xFBFE8E93) addi t4, t4, -0x41
x29 <- 0xFFFFFFFFFBFFFFBF

mem[X,0x0000000080001720] -> 0x9E93
mem[X,0x0000000080001722] -> 0x00BE
[1485] [M]: 0x0000000080001720 (0x00BE9E93) slli t4, t4, 0xb
x29 <- 0xFFFFFFDFFFFDF800

mem[X,0x0000000080001724] -> 0x8E93
mem[X,0x0000000080001726] -> 0x200E
[1486] [M]: 0x0000000080001724 (0x200E8E93) addi t4, t4, 0x200
x29 <- 0xFFFFFFDFFFFDFA00

mem[X,0x0000000080001728] -> 0x9E93
mem[X,0x000000008000172A] -> 0x00BE
[1487] [M]: 0x0000000080001728 (0x00BE9E93) slli t4, t4, 0xb
x29 <- 0xFFFEFFFFEFD00000

mem[X,0x000000008000172C] -> 0x8E93
mem[X,0x000000008000172E] -> 0x03EE
[1488] [M]: 0x000000008000172C (0x03EE8E93) addi t4, t4, 0x3e
x29 <- 0xFFFEFFFFEFD0003E

mem[X,0x0000000080001730] -> 0x9E93
mem[X,0x0000000080001732] -> 0x00AE
[1489] [M]: 0x0000000080001730 (0x00AE9E93) slli t4, t4, 0xa
x29 <- 0xFBFFFFBF4000F800

mem[X,0x0000000080001734] -> 0x8E93
mem[X,0x0000000080001736] -> 0x3FFE
[1490] [M]: 0x0000000080001734 (0x3FFE8E93) addi t4, t4, 0x3ff
x29 <- 0xFBFFFFBF4000FBFF

mem[X,0x0000000080001738] -> 0x0FBB
mem[X,0x000000008000173A] -> 0xD9DF
[1491] [M]: 0x0000000080001738 (0xD9DF0FBB) pasub.h t6, t5, t4
x31 <- 0xE2000023F0000180

mem[X,0x000000008000173C] -> 0x3823
mem[X,0x000000008000173E] -> 0x17F1
[1492] [M]: 0x000000008000173C (0x17F13823) sd t6, 0x170(sp)
mem[0x0000000080004378] <- 0xE2000023F0000180

mem[X,0x0000000080001740] -> 0x0F37
mem[X,0x0000000080001742] -> 0xFFF9
[1493] [M]: 0x0000000080001740 (0xFFF90F37) lui t5, -0x70
x30 <- 0xFFFFFFFFFFF90000

mem[X,0x0000000080001744] -> 0x0F13
mem[X,0x0000000080001746] -> 0xFFDF
[1494] [M]: 0x0000000080001744 (0xFFDF0F13) addi t5, t5, -0x3
x30 <- 0xFFFFFFFFFFF8FFFD

mem[X,0x0000000080001748] -> 0x1F13
mem[X,0x000000008000174A] -> 0x00BF
[1495] [M]: 0x0000000080001748 (0x00BF1F13) slli t5, t5, 0xb
x30 <- 0xFFFFFFFFC7FFE800

mem[X,0x000000008000174C] -> 0x0F13
mem[X,0x000000008000174E] -> 0x555F
[1496] [M]: 0x000000008000174C (0x555F0F13) addi t5, t5, 0x555
x30 <- 0xFFFFFFFFC7FFED55

mem[X,0x0000000080001750] -> 0x1F13
mem[X,0x0000000080001752] -> 0x00BF
[1497] [M]: 0x0000000080001750 (0x00BF1F13) slli t5, t5, 0xb
x30 <- 0xFFFFFE3FFF6AA800

mem[X,0x0000000080001754] -> 0x0F13
mem[X,0x0000000080001756] -> 0x282F
[1498] [M]: 0x0000000080001754 (0x282F0F13) addi t5, t5, 0x282
x30 <- 0xFFFFFE3FFF6AAA82

mem[X,0x0000000080001758] -> 0x1F13
mem[X,0x000000008000175A] -> 0x00AF
[1499] [M]: 0x0000000080001758 (0x00AF1F13) slli t5, t5, 0xa
x30 <- 0xFFF8FFFDAAAA0800

clint::tick mtime <- 0x000000000000000F
 clint timer pending at mtime 0x000000000000000F
htif::tick 0x0000000000000000
mem[X,0x000000008000175C] -> 0x0EB7
mem[X,0x000000008000175E] -> 0x0800
[1500] [M]: 0x000000008000175C (0x08000EB7) lui t4, 0x8000
x29 <- 0x0000000008000000

mem[X,0x0000000080001760] -> 0x8E93
mem[X,0x0000000080001762] -> 0x005E
[1501] [M]: 0x0000000080001760 (0x005E8E93) addi t4, t4, 0x5
x29 <- 0x0000000008000005

mem[X,0x0000000080001764] -> 0x9E93
mem[X,0x0000000080001766] -> 0x00BE
[1502] [M]: 0x0000000080001764 (0x00BE9E93) slli t4, t4, 0xb
x29 <- 0x0000004000002800

mem[X,0x0000000080001768] -> 0x8E93
mem[X,0x000000008000176A] -> 0x000E
[1503] [M]: 0x0000000080001768 (0x000E8E93) addi t4, t4, 0x0
x29 <- 0x0000004000002800

mem[X,0x000000008000176C] -> 0x9E93
mem[X,0x000000008000176E] -> 0x00BE
[1504] [M]: 0x000000008000176C (0x00BE9E93) slli t4, t4, 0xb
x29 <- 0x0002000001400000

mem[X,0x0000000080001770] -> 0x8E93
mem[X,0x0000000080001772] -> 0x200E
[1505] [M]: 0x0000000080001770 (0x200E8E93) addi t4, t4, 0x200
x29 <- 0x0002000001400200

mem[X,0x0000000080001774] -> 0x9E93
mem[X,0x0000000080001776] -> 0x00AE
[1506] [M]: 0x0000000080001774 (0x00AE9E93) slli t4, t4, 0xa
x29 <- 0x0800000500080000

mem[X,0x0000000080001778] -> 0x8E93
mem[X,0x000000008000177A] -> 0x004E
[1507] [M]: 0x0000000080001778 (0x004E8E93) addi t4, t4, 0x4
x29 <- 0x0800000500080004

mem[X,0x000000008000177C] -> 0x0FBB
mem[X,0x000000008000177E] -> 0xD9DF
[1508] [M]: 0x000000008000177C (0xD9DF0FBB) pasub.h t6, t5, t4
x31 <- 0xFBFCFFFCD55103FE

mem[X,0x0000000080001780] -> 0x3C23
mem[X,0x0000000080001782] -> 0x17F1
[1509] [M]: 0x0000000080001780 (0x17F13C23) sd t6, 0x178(sp)
mem[0x0000000080004380] <- 0xFBFCFFFCD55103FE

mem[X,0x0000000080001784] -> 0x0F37
mem[X,0x0000000080001786] -> 0x4000
[1510] [M]: 0x0000000080001784 (0x40000F37) lui t5, 0x40000
x30 <- 0x0000000040000000

mem[X,0x0000000080001788] -> 0x0F13
mem[X,0x000000008000178A] -> 0xFFBF
[1511] [M]: 0x0000000080001788 (0xFFBF0F13) addi t5, t5, -0x5
x30 <- 0x000000003FFFFFFB

mem[X,0x000000008000178C] -> 0x1F13
mem[X,0x000000008000178E] -> 0x00BF
[1512] [M]: 0x000000008000178C (0x00BF1F13) slli t5, t5, 0xb
x30 <- 0x000001FFFFFFD800

mem[X,0x0000000080001790] -> 0x0F13
mem[X,0x0000000080001792] -> 0x7FFF
[1513] [M]: 0x0000000080001790 (0x7FFF0F13) addi t5, t5, 0x7ff
x30 <- 0x000001FFFFFFDFFF

mem[X,0x0000000080001794] -> 0x1F13
mem[X,0x0000000080001796] -> 0x00BF
[1514] [M]: 0x0000000080001794 (0x00BF1F13) slli t5, t5, 0xb
x30 <- 0x000FFFFFFEFFF800

mem[X,0x0000000080001798] -> 0x0F13
mem[X,0x000000008000179A] -> 0x580F
[1515] [M]: 0x0000000080001798 (0x580F0F13) addi t5, t5, 0x580
x30 <- 0x000FFFFFFEFFFD80

mem[X,0x000000008000179C] -> 0x1F13
mem[X,0x000000008000179E] -> 0x00AF
[1516] [M]: 0x000000008000179C (0x00AF1F13) slli t5, t5, 0xa
x30 <- 0x3FFFFFFBFFF60000

mem[X,0x00000000800017A0] -> 0x0F13
mem[X,0x00000000800017A2] -> 0x002F
[1517] [M]: 0x00000000800017A0 (0x002F0F13) addi t5, t5, 0x2
x30 <- 0x3FFFFFFBFFF60002

mem[X,0x00000000800017A4] -> 0x0EB7
mem[X,0x00000000800017A6] -> 0xFFF7
[1518] [M]: 0x00000000800017A4 (0xFFF70EB7) lui t4, -0x90
x29 <- 0xFFFFFFFFFFF70000

mem[X,0x00000000800017A8] -> 0x8E93
mem[X,0x00000000800017AA] -> 0x006E
[1519] [M]: 0x00000000800017A8 (0x006E8E93) addi t4, t4, 0x6
x29 <- 0xFFFFFFFFFFF70006

mem[X,0x00000000800017AC] -> 0x9E93
mem[X,0x00000000800017AE] -> 0x00BE
[1520] [M]: 0x00000000800017AC (0x00BE9E93) slli t4, t4, 0xb
x29 <- 0xFFFFFFFFB8003000

mem[X,0x00000000800017B0] -> 0x8E93
mem[X,0x00000000800017B2] -> 0x7FFE
[1521] [M]: 0x00000000800017B0 (0x7FFE8E93) addi t4, t4, 0x7ff
x29 <- 0xFFFFFFFFB80037FF

mem[X,0x00000000800017B4] -> 0x9E93
mem[X,0x00000000800017B6] -> 0x00BE
[1522] [M]: 0x00000000800017B4 (0x00BE9E93) slli t4, t4, 0xb
x29 <- 0xFFFFFDC001BFF800

mem[X,0x00000000800017B8] -> 0x8E93
mem[X,0x00000000800017BA] -> 0x5FFE
[1523] [M]: 0x00000000800017B8 (0x5FFE8E93) addi t4, t4, 0x5ff
x29 <- 0xFFFFFDC001BFFDFF

mem[X,0x00000000800017BC] -> 0x9E93
mem[X,0x00000000800017BE] -> 0x00AE
[1524] [M]: 0x00000000800017BC (0x00AE9E93) slli t4, t4, 0xa
x29 <- 0xFFF70006FFF7FC00

mem[X,0x00000000800017C0] -> 0x8E93
mem[X,0x00000000800017C2] -> 0x2FFE
[1525] [M]: 0x00000000800017C0 (0x2FFE8E93) addi t4, t4, 0x2ff
x29 <- 0xFFF70006FFF7FEFF

mem[X,0x00000000800017C4] -> 0x0FBB
mem[X,0x00000000800017C6] -> 0xD9DF
[1526] [M]: 0x00000000800017C4 (0xD9DF0FBB) pasub.h t6, t5, t4
x31 <- 0x2004FFFAFFFF0081

mem[X,0x00000000800017C8] -> 0x3023
mem[X,0x00000000800017CA] -> 0x19F1
[1527] [M]: 0x00000000800017C8 (0x19F13023) sd t6, 0x180(sp)
mem[0x0000000080004388] <- 0x2004FFFAFFFF0081

mem[X,0x00000000800017CC] -> 0x2F37
mem[X,0x00000000800017CE] -> 0x0001
[1528] [M]: 0x00000000800017CC (0x00012F37) lui t5, 0x12
x30 <- 0x0000000000012000

mem[X,0x00000000800017D0] -> 0x0F13
mem[X,0x00000000800017D2] -> 0x000F
[1529] [M]: 0x00000000800017D0 (0x000F0F13) addi t5, t5, 0x0
x30 <- 0x0000000000012000

mem[X,0x00000000800017D4] -> 0x1F13
mem[X,0x00000000800017D6] -> 0x00BF
[1530] [M]: 0x00000000800017D4 (0x00BF1F13) slli t5, t5, 0xb
x30 <- 0x0000000009000000

mem[X,0x00000000800017D8] -> 0x0F13
mem[X,0x00000000800017DA] -> 0x7FFF
[1531] [M]: 0x00000000800017D8 (0x7FFF0F13) addi t5, t5, 0x7ff
x30 <- 0x00000000090007FF

mem[X,0x00000000800017DC] -> 0x1F13
mem[X,0x00000000800017DE] -> 0x00BF
[1532] [M]: 0x00000000800017DC (0x00BF1F13) slli t5, t5, 0xb
x30 <- 0x00000048003FF800

mem[X,0x00000000800017E0] -> 0x0F13
mem[X,0x00000000800017E2] -> 0x5BFF
[1533] [M]: 0x00000000800017E0 (0x5BFF0F13) addi t5, t5, 0x5bf
x30 <- 0x00000048003FFDBF

mem[X,0x00000000800017E4] -> 0x1F13
mem[X,0x00000000800017E6] -> 0x00AF
[1534] [M]: 0x00000000800017E4 (0x00AF1F13) slli t5, t5, 0xa
x30 <- 0x00012000FFF6FC00

mem[X,0x00000000800017E8] -> 0x0F13
mem[X,0x00000000800017EA] -> 0x3FBF
[1535] [M]: 0x00000000800017E8 (0x3FBF0F13) addi t5, t5, 0x3fb
x30 <- 0x00012000FFF6FFFB

mem[X,0x00000000800017EC] -> 0x5EB7
mem[X,0x00000000800017EE] -> 0x0080
[1536] [M]: 0x00000000800017EC (0x00805EB7) lui t4, 0x805
x29 <- 0x0000000000805000

mem[X,0x00000000800017F0] -> 0x8E93
mem[X,0x00000000800017F2] -> 0x555E
[1537] [M]: 0x00000000800017F0 (0x555E8E93) addi t4, t4, 0x555
x29 <- 0x0000000000805555

mem[X,0x00000000800017F4] -> 0x9E93
mem[X,0x00000000800017F6] -> 0x00BE
[1538] [M]: 0x00000000800017F4 (0x00BE9E93) slli t4, t4, 0xb
x29 <- 0x0000000402AAA800

mem[X,0x00000000800017F8] -> 0x8E93
mem[X,0x00000000800017FA] -> 0x7FBE
[1539] [M]: 0x00000000800017F8 (0x7FBE8E93) addi t4, t4, 0x7fb
x29 <- 0x0000000402AAAFFB

mem[X,0x00000000800017FC] -> 0x9E93
mem[X,0x00000000800017FE] -> 0x00BE
[1540] [M]: 0x00000000800017FC (0x00BE9E93) slli t4, t4, 0xb
x29 <- 0x00002015557FD800

mem[X,0x0000000080001800] -> 0x8E93
mem[X,0x0000000080001802] -> 0x7E0E
[1541] [M]: 0x0000000080001800 (0x7E0E8E93) addi t4, t4, 0x7e0
x29 <- 0x00002015557FDFE0

mem[X,0x0000000080001804] -> 0x9E93
mem[X,0x0000000080001806] -> 0x00AE
[1542] [M]: 0x0000000080001804 (0x00AE9E93) slli t4, t4, 0xa
x29 <- 0x00805555FF7F8000

mem[X,0x0000000080001808] -> 0x0FBB
mem[X,0x000000008000180A] -> 0xD9DF
[1543] [M]: 0x0000000080001808 (0xD9DF0FBB) pasub.h t6, t5, t4
x31 <- 0xFFC0E555003B3FFD

mem[X,0x000000008000180C] -> 0x3423
mem[X,0x000000008000180E] -> 0x19F1
[1544] [M]: 0x000000008000180C (0x19F13423) sd t6, 0x188(sp)
mem[0x0000000080004390] <- 0xFFC0E555003B3FFD

mem[X,0x0000000080001810] -> 0x0F37
mem[X,0x0000000080001812] -> 0x3FFF
[1545] [M]: 0x0000000080001810 (0x3FFF0F37) lui t5, 0x3fff0
x30 <- 0x000000003FFF0000

mem[X,0x0000000080001814] -> 0x0F13
mem[X,0x0000000080001816] -> 0x010F
[1546] [M]: 0x0000000080001814 (0x010F0F13) addi t5, t5, 0x10
x30 <- 0x000000003FFF0010

mem[X,0x0000000080001818] -> 0x1F13
mem[X,0x000000008000181A] -> 0x00BF
[1547] [M]: 0x0000000080001818 (0x00BF1F13) slli t5, t5, 0xb
x30 <- 0x000001FFF8008000

mem[X,0x000000008000181C] -> 0x0F13
mem[X,0x000000008000181E] -> 0x000F
[1548] [M]: 0x000000008000181C (0x000F0F13) addi t5, t5, 0x0
x30 <- 0x000001FFF8008000

mem[X,0x0000000080001820] -> 0x1F13
mem[X,0x0000000080001822] -> 0x00BF
[1549] [M]: 0x0000000080001820 (0x00BF1F13) slli t5, t5, 0xb
x30 <- 0x000FFFC004000000

mem[X,0x0000000080001824] -> 0x0F13
mem[X,0x0000000080001826] -> 0x07FF
[1550] [M]: 0x0000000080001824 (0x07FF0F13) addi t5, t5, 0x7f
x30 <- 0x000FFFC00400007F

mem[X,0x0000000080001828] -> 0x1F13
mem[X,0x000000008000182A] -> 0x00AF
[1551] [M]: 0x0000000080001828 (0x00AF1F13) slli t5, t5, 0xa
x30 <- 0x3FFF00100001FC00

mem[X,0x000000008000182C] -> 0x0F13
mem[X,0x000000008000182E] -> 0x3FEF
[1552] [M]: 0x000000008000182C (0x3FEF0F13) addi t5, t5, 0x3fe
x30 <- 0x3FFF00100001FFFE

mem[X,0x0000000080001830] -> 0x0EB7
mem[X,0x0000000080001832] -> 0xFF00
[1553] [M]: 0x0000000080001830 (0xFF000EB7) lui t4, -0x1000
x29 <- 0xFFFFFFFFFF000000

mem[X,0x0000000080001834] -> 0x8E93
mem[X,0x0000000080001836] -> 0xFF6E
[1554] [M]: 0x0000000080001834 (0xFF6E8E93) addi t4, t4, -0xa
x29 <- 0xFFFFFFFFFEFFFFF6

mem[X,0x0000000080001838] -> 0x9E93
mem[X,0x000000008000183A] -> 0x00BE
[1555] [M]: 0x0000000080001838 (0x00BE9E93) slli t4, t4, 0xb
x29 <- 0xFFFFFFF7FFFFB000

mem[X,0x000000008000183C] -> 0x8E93
mem[X,0x000000008000183E] -> 0x000E
[1556] [M]: 0x000000008000183C (0x000E8E93) addi t4, t4, 0x0
x29 <- 0xFFFFFFF7FFFFB000

mem[X,0x0000000080001840] -> 0x9E93
mem[X,0x0000000080001842] -> 0x00BE
[1557] [M]: 0x0000000080001840 (0x00BE9E93) slli t4, t4, 0xb
x29 <- 0xFFFFBFFFFD800000

mem[X,0x0000000080001844] -> 0x8E93
mem[X,0x0000000080001846] -> 0x1D5E
[1558] [M]: 0x0000000080001844 (0x1D5E8E93) addi t4, t4, 0x1d5
x29 <- 0xFFFFBFFFFD8001D5

mem[X,0x0000000080001848] -> 0x9E93
mem[X,0x000000008000184A] -> 0x00AE
[1559] [M]: 0x0000000080001848 (0x00AE9E93) slli t4, t4, 0xa
x29 <- 0xFEFFFFF600075400

mem[X,0x000000008000184C] -> 0x8E93
mem[X,0x000000008000184E] -> 0x155E
[1560] [M]: 0x000000008000184C (0x155E8E93) addi t4, t4, 0x155
x29 <- 0xFEFFFFF600075555

mem[X,0x0000000080001850] -> 0x0FBB
mem[X,0x0000000080001852] -> 0xD9DF
[1561] [M]: 0x0000000080001850 (0xD9DF0FBB) pasub.h t6, t5, t4
x31 <- 0x2080000DFFFDD554

mem[X,0x0000000080001854] -> 0x3823
mem[X,0x0000000080001856] -> 0x19F1
[1562] [M]: 0x0000000080001854 (0x19F13823) sd t6, 0x190(sp)
mem[0x0000000080004398] <- 0x2080000DFFFDD554

mem[X,0x0000000080001858] -> 0x0F37
mem[X,0x000000008000185A] -> 0xFFFB
[1563] [M]: 0x0000000080001858 (0xFFFB0F37) lui t5, -0x50
x30 <- 0xFFFFFFFFFFFB0000

mem[X,0x000000008000185C] -> 0x0F13
mem[X,0x000000008000185E] -> 0x200F
[1564] [M]: 0x000000008000185C (0x200F0F13) addi t5, t5, 0x200
x30 <- 0xFFFFFFFFFFFB0200

mem[X,0x0000000080001860] -> 0x1F13
mem[X,0x0000000080001862] -> 0x00BF
[1565] [M]: 0x0000000080001860 (0x00BF1F13) slli t5, t5, 0xb
x30 <- 0xFFFFFFFFD8100000

mem[X,0x0000000080001864] -> 0x0F13
mem[X,0x0000000080001866] -> 0x7FFF
[1566] [M]: 0x0000000080001864 (0x7FFF0F13) addi t5, t5, 0x7ff
x30 <- 0xFFFFFFFFD81007FF

mem[X,0x0000000080001868] -> 0x1F13
mem[X,0x000000008000186A] -> 0x00BF
[1567] [M]: 0x0000000080001868 (0x00BF1F13) slli t5, t5, 0xb
x30 <- 0xFFFFFEC0803FF800

mem[X,0x000000008000186C] -> 0x0F13
mem[X,0x000000008000186E] -> 0x7FFF
[1568] [M]: 0x000000008000186C (0x7FFF0F13) addi t5, t5, 0x7ff
x30 <- 0xFFFFFEC0803FFFFF

mem[X,0x0000000080001870] -> 0x1F13
mem[X,0x0000000080001872] -> 0x00AF
[1569] [M]: 0x0000000080001870 (0x00AF1F13) slli t5, t5, 0xa
x30 <- 0xFFFB0200FFFFFC00

mem[X,0x0000000080001874] -> 0x0F13
mem[X,0x0000000080001876] -> 0x3F9F
[1570] [M]: 0x0000000080001874 (0x3F9F0F13) addi t5, t5, 0x3f9
x30 <- 0xFFFB0200FFFFFFF9

mem[X,0x0000000080001878] -> 0x0EB7
mem[X,0x000000008000187A] -> 0xF7FF
[1571] [M]: 0x0000000080001878 (0xF7FF0EB7) lui t4, -0x8010
x29 <- 0xFFFFFFFFF7FF0000

mem[X,0x000000008000187C] -> 0x8E93
mem[X,0x000000008000187E] -> 0x008E
[1572] [M]: 0x000000008000187C (0x008E8E93) addi t4, t4, 0x8
x29 <- 0xFFFFFFFFF7FF0008

mem[X,0x0000000080001880] -> 0x9E93
mem[X,0x0000000080001882] -> 0x00BE
[1573] [M]: 0x0000000080001880 (0x00BE9E93) slli t4, t4, 0xb
x29 <- 0xFFFFFFBFF8004000

mem[X,0x0000000080001884] -> 0x8E93
mem[X,0x0000000080001886] -> 0x7EFE
[1574] [M]: 0x0000000080001884 (0x7EFE8E93) addi t4, t4, 0x7ef
x29 <- 0xFFFFFFBFF80047EF

mem[X,0x0000000080001888] -> 0x9E93
mem[X,0x000000008000188A] -> 0x00BE
[1575] [M]: 0x0000000080001888 (0x00BE9E93) slli t4, t4, 0xb
x29 <- 0xFFFDFFC0023F7800

mem[X,0x000000008000188C] -> 0x8E93
mem[X,0x000000008000188E] -> 0x7C8E
[1576] [M]: 0x000000008000188C (0x7C8E8E93) addi t4, t4, 0x7c8
x29 <- 0xFFFDFFC0023F7FC8

mem[X,0x0000000080001890] -> 0x9E93
mem[X,0x0000000080001892] -> 0x00AE
[1577] [M]: 0x0000000080001890 (0x00AE9E93) slli t4, t4, 0xa
x29 <- 0xF7FF0008FDFF2000

mem[X,0x0000000080001894] -> 0x0FBB
mem[X,0x0000000080001896] -> 0xD9DF
[1578] [M]: 0x0000000080001894 (0xD9DF0FBB) pasub.h t6, t5, t4
x31 <- 0x03FE00FC0100EFFC

mem[X,0x0000000080001898] -> 0x3C23
mem[X,0x000000008000189A] -> 0x19F1
[1579] [M]: 0x0000000080001898 (0x19F13C23) sd t6, 0x198(sp)
mem[0x00000000800043A0] <- 0x03FE00FC0100EFFC

mem[X,0x000000008000189C] -> 0x0F37
mem[X,0x000000008000189E] -> 0x2000
[1580] [M]: 0x000000008000189C (0x20000F37) lui t5, 0x20000
x30 <- 0x0000000020000000

mem[X,0x00000000800018A0] -> 0x0F13
mem[X,0x00000000800018A2] -> 0x040F
[1581] [M]: 0x00000000800018A0 (0x040F0F13) addi t5, t5, 0x40
x30 <- 0x0000000020000040

mem[X,0x00000000800018A4] -> 0x1F13
mem[X,0x00000000800018A6] -> 0x00BF
[1582] [M]: 0x00000000800018A4 (0x00BF1F13) slli t5, t5, 0xb
x30 <- 0x0000010000020000

mem[X,0x00000000800018A8] -> 0x0F13
mem[X,0x00000000800018AA] -> 0x002F
[1583] [M]: 0x00000000800018A8 (0x002F0F13) addi t5, t5, 0x2
x30 <- 0x0000010000020002

mem[X,0x00000000800018AC] -> 0x1F13
mem[X,0x00000000800018AE] -> 0x00BF
[1584] [M]: 0x00000000800018AC (0x00BF1F13) slli t5, t5, 0xb
x30 <- 0x0008000010001000

mem[X,0x00000000800018B0] -> 0x0F13
mem[X,0x00000000800018B2] -> 0x000F
[1585] [M]: 0x00000000800018B0 (0x000F0F13) addi t5, t5, 0x0
x30 <- 0x0008000010001000

mem[X,0x00000000800018B4] -> 0x1F13
mem[X,0x00000000800018B6] -> 0x00AF
[1586] [M]: 0x00000000800018B4 (0x00AF1F13) slli t5, t5, 0xa
x30 <- 0x2000004000400000

mem[X,0x00000000800018B8] -> 0x0F13
mem[X,0x00000000800018BA] -> 0x040F
[1587] [M]: 0x00000000800018B8 (0x040F0F13) addi t5, t5, 0x40
x30 <- 0x2000004000400040

mem[X,0x00000000800018BC] -> 0x5EB7
mem[X,0x00000000800018BE] -> 0xEFFF
[1588] [M]: 0x00000000800018BC (0xEFFF5EB7) lui t4, -0x1000b
x29 <- 0xFFFFFFFFEFFF5000

mem[X,0x00000000800018C0] -> 0x8E93
mem[X,0x00000000800018C2] -> 0x555E
[1589] [M]: 0x00000000800018C0 (0x555E8E93) addi t4, t4, 0x555
x29 <- 0xFFFFFFFFEFFF5555

mem[X,0x00000000800018C4] -> 0x9E93
mem[X,0x00000000800018C6] -> 0x00BE
[1590] [M]: 0x00000000800018C4 (0x00BE9E93) slli t4, t4, 0xb
x29 <- 0xFFFFFF7FFAAAA800

mem[X,0x00000000800018C8] -> 0x8E93
mem[X,0x00000000800018CA] -> 0x008E
[1591] [M]: 0x00000000800018C8 (0x008E8E93) addi t4, t4, 0x8
x29 <- 0xFFFFFF7FFAAAA808

mem[X,0x00000000800018CC] -> 0x9E93
mem[X,0x00000000800018CE] -> 0x00BE
[1592] [M]: 0x00000000800018CC (0x00BE9E93) slli t4, t4, 0xb
x29 <- 0xFFFBFFD555404000

mem[X,0x00000000800018D0] -> 0x8E93
mem[X,0x00000000800018D2] -> 0x03FE
[1593] [M]: 0x00000000800018D0 (0x03FE8E93) addi t4, t4, 0x3f
x29 <- 0xFFFBFFD55540403F

mem[X,0x00000000800018D4] -> 0x9E93
mem[X,0x00000000800018D6] -> 0x00AE
[1594] [M]: 0x00000000800018D4 (0x00AE9E93) slli t4, t4, 0xa
x29 <- 0xEFFF55550100FC00

mem[X,0x00000000800018D8] -> 0x8E93
mem[X,0x00000000800018DA] -> 0x1FFE
[1595] [M]: 0x00000000800018D8 (0x1FFE8E93) addi t4, t4, 0x1ff
x29 <- 0xEFFF55550100FDFF

mem[X,0x00000000800018DC] -> 0x0FBB
mem[X,0x00000000800018DE] -> 0xD9DF
[1596] [M]: 0x00000000800018DC (0xD9DF0FBB) pasub.h t6, t5, t4
x31 <- 0x1800D575FFA00120

mem[X,0x00000000800018E0] -> 0x3023
mem[X,0x00000000800018E2] -> 0x1BF1
[1597] [M]: 0x00000000800018E0 (0x1BF13023) sd t6, 0x1a0(sp)
mem[0x00000000800043A8] <- 0x1800D575FFA00120

mem[X,0x00000000800018E4] -> 0x0F37
mem[X,0x00000000800018E6] -> 0x0100
[1598] [M]: 0x00000000800018E4 (0x01000F37) lui t5, 0x1000
x30 <- 0x0000000001000000

mem[X,0x00000000800018E8] -> 0x0F13
mem[X,0x00000000800018EA] -> 0x080F
[1599] [M]: 0x00000000800018E8 (0x080F0F13) addi t5, t5, 0x80
x30 <- 0x0000000001000080

clint::tick mtime <- 0x0000000000000010
 clint timer pending at mtime 0x0000000000000010
htif::tick 0x0000000000000000
mem[X,0x00000000800018EC] -> 0x1F13
mem[X,0x00000000800018EE] -> 0x00BF
[1600] [M]: 0x00000000800018EC (0x00BF1F13) slli t5, t5, 0xb
x30 <- 0x0000000800040000

mem[X,0x00000000800018F0] -> 0x0F13
mem[X,0x00000000800018F2] -> 0x000F
[1601] [M]: 0x00000000800018F0 (0x000F0F13) addi t5, t5, 0x0
x30 <- 0x0000000800040000

mem[X,0x00000000800018F4] -> 0x1F13
mem[X,0x00000000800018F6] -> 0x00BF
[1602] [M]: 0x00000000800018F4 (0x00BF1F13) slli t5, t5, 0xb
x30 <- 0x0000400020000000

mem[X,0x00000000800018F8] -> 0x0F13
mem[X,0x00000000800018FA] -> 0x155F
[1603] [M]: 0x00000000800018F8 (0x155F0F13) addi t5, t5, 0x155
x30 <- 0x0000400020000155

mem[X,0x00000000800018FC] -> 0x1F13
mem[X,0x00000000800018FE] -> 0x00AF
[1604] [M]: 0x00000000800018FC (0x00AF1F13) slli t5, t5, 0xa
x30 <- 0x0100008000055400

mem[X,0x0000000080001900] -> 0x0F13
mem[X,0x0000000080001902] -> 0x155F
[1605] [M]: 0x0000000080001900 (0x155F0F13) addi t5, t5, 0x155
x30 <- 0x0100008000055555

mem[X,0x0000000080001904] -> 0xFEB7
mem[X,0x0000000080001906] -> 0xAAAA
[1606] [M]: 0x0000000080001904 (0xAAAAFEB7) lui t4, -0x55551
x29 <- 0xFFFFFFFFAAAAF000

mem[X,0x0000000080001908] -> 0x8E93
mem[X,0x000000008000190A] -> 0xFFFE
[1607] [M]: 0x0000000080001908 (0xFFFE8E93) addi t4, t4, -0x1
x29 <- 0xFFFFFFFFAAAAEFFF

mem[X,0x000000008000190C] -> 0x9E93
mem[X,0x000000008000190E] -> 0x00BE
[1608] [M]: 0x000000008000190C (0x00BE9E93) slli t4, t4, 0xb
x29 <- 0xFFFFFD55577FF800

mem[X,0x0000000080001910] -> 0x8E93
mem[X,0x0000000080001912] -> 0x1FFE
[1609] [M]: 0x0000000080001910 (0x1FFE8E93) addi t4, t4, 0x1ff
x29 <- 0xFFFFFD55577FF9FF

mem[X,0x0000000080001914] -> 0x9E93
mem[X,0x0000000080001916] -> 0x00BE
[1610] [M]: 0x0000000080001914 (0x00BE9E93) slli t4, t4, 0xb
x29 <- 0xFFEAAABBFFCFF800

mem[X,0x0000000080001918] -> 0x8E93
mem[X,0x000000008000191A] -> 0x7FFE
[1611] [M]: 0x0000000080001918 (0x7FFE8E93) addi t4, t4, 0x7ff
x29 <- 0xFFEAAABBFFCFFFFF

mem[X,0x000000008000191C] -> 0x9E93
mem[X,0x000000008000191E] -> 0x00AE
[1612] [M]: 0x000000008000191C (0x00AE9E93) slli t4, t4, 0xa
x29 <- 0xAAAAEFFF3FFFFC00

mem[X,0x0000000080001920] -> 0x8E93
mem[X,0x0000000080001922] -> 0x3FAE
[1613] [M]: 0x0000000080001920 (0x3FAE8E93) addi t4, t4, 0x3fa
x29 <- 0xAAAAEFFF3FFFFFFA

mem[X,0x0000000080001924] -> 0x0FBB
mem[X,0x0000000080001926] -> 0xD9DF
[1614] [M]: 0x0000000080001924 (0xD9DF0FBB) pasub.h t6, t5, t4
x31 <- 0x2B2B0840E0032AAD

mem[X,0x0000000080001928] -> 0x3423
mem[X,0x000000008000192A] -> 0x1BF1
[1615] [M]: 0x0000000080001928 (0x1BF13423) sd t6, 0x1a8(sp)
mem[0x00000000800043B0] <- 0x2B2B0840E0032AAD

mem[X,0x000000008000192C] -> 0x1F37
mem[X,0x000000008000192E] -> 0xFF7F
[1616] [M]: 0x000000008000192C (0xFF7F1F37) lui t5, -0x80f
x30 <- 0xFFFFFFFFFF7F1000

mem[X,0x0000000080001930] -> 0x0F13
mem[X,0x0000000080001932] -> 0x800F
[1617] [M]: 0x0000000080001930 (0x800F0F13) addi t5, t5, -0x800
x30 <- 0xFFFFFFFFFF7F0800

mem[X,0x0000000080001934] -> 0x1F13
mem[X,0x0000000080001936] -> 0x00BF
[1618] [M]: 0x0000000080001934 (0x00BF1F13) slli t5, t5, 0xb
x30 <- 0xFFFFFFFBF8400000

mem[X,0x0000000080001938] -> 0x0F13
mem[X,0x000000008000193A] -> 0x000F
[1619] [M]: 0x0000000080001938 (0x000F0F13) addi t5, t5, 0x0
x30 <- 0xFFFFFFFBF8400000

mem[X,0x000000008000193C] -> 0x1F13
mem[X,0x000000008000193E] -> 0x00BF
[1620] [M]: 0x000000008000193C (0x00BF1F13) slli t5, t5, 0xb
x30 <- 0xFFFFDFC200000000

mem[X,0x0000000080001940] -> 0x0F13
mem[X,0x0000000080001942] -> 0x0BFF
[1621] [M]: 0x0000000080001940 (0x0BFF0F13) addi t5, t5, 0xbf
x30 <- 0xFFFFDFC2000000BF

mem[X,0x0000000080001944] -> 0x1F13
mem[X,0x0000000080001946] -> 0x00AF
[1622] [M]: 0x0000000080001944 (0x00AF1F13) slli t5, t5, 0xa
x30 <- 0xFF7F08000002FC00

mem[X,0x0000000080001948] -> 0x0F13
mem[X,0x000000008000194A] -> 0x3FAF
[1623] [M]: 0x0000000080001948 (0x3FAF0F13) addi t5, t5, 0x3fa
x30 <- 0xFF7F08000002FFFA

mem[X,0x000000008000194C] -> 0x0EB7
mem[X,0x000000008000194E] -> 0xE000
[1624] [M]: 0x000000008000194C (0xE0000EB7) lui t4, -0x20000
x29 <- 0xFFFFFFFFE0000000

mem[X,0x0000000080001950] -> 0x8E93
mem[X,0x0000000080001952] -> 0xEFFE
[1625] [M]: 0x0000000080001950 (0xEFFE8E93) addi t4, t4, -0x101
x29 <- 0xFFFFFFFFDFFFFEFF

mem[X,0x0000000080001954] -> 0x9E93
mem[X,0x0000000080001956] -> 0x00BE
[1626] [M]: 0x0000000080001954 (0x00BE9E93) slli t4, t4, 0xb
x29 <- 0xFFFFFEFFFFF7F800

mem[X,0x0000000080001958] -> 0x8E93
mem[X,0x000000008000195A] -> 0x7FEE
[1627] [M]: 0x0000000080001958 (0x7FEE8E93) addi t4, t4, 0x7fe
x29 <- 0xFFFFFEFFFFF7FFFE

mem[X,0x000000008000195C] -> 0x9E93
mem[X,0x000000008000195E] -> 0x00BE
[1628] [M]: 0x000000008000195C (0x00BE9E93) slli t4, t4, 0xb
x29 <- 0xFFF7FFFFBFFFF000

mem[X,0x0000000080001960] -> 0x8E93
mem[X,0x0000000080001962] -> 0x7FFE
[1629] [M]: 0x0000000080001960 (0x7FFE8E93) addi t4, t4, 0x7ff
x29 <- 0xFFF7FFFFBFFFF7FF

mem[X,0x0000000080001964] -> 0x9E93
mem[X,0x0000000080001966] -> 0x00AE
[1630] [M]: 0x0000000080001964 (0x00AE9E93) slli t4, t4, 0xa
x29 <- 0xDFFFFEFFFFDFFC00

mem[X,0x0000000080001968] -> 0x8E93
mem[X,0x000000008000196A] -> 0x3F8E
[1631] [M]: 0x0000000080001968 (0x3F8E8E93) addi t4, t4, 0x3f8
x29 <- 0xDFFFFEFFFFDFFFF8

mem[X,0x000000008000196C] -> 0x0FBB
mem[X,0x000000008000196E] -> 0xD9DF
[1632] [M]: 0x000000008000196C (0xD9DF0FBB) pasub.h t6, t5, t4
x31 <- 0x0FC0048000110001

mem[X,0x0000000080001970] -> 0x3823
mem[X,0x0000000080001972] -> 0x1BF1
[1633] [M]: 0x0000000080001970 (0x1BF13823) sd t6, 0x1b0(sp)
mem[0x00000000800043B8] <- 0x0FC0048000110001

mem[X,0x0000000080001974] -> 0x1F37
mem[X,0x0000000080001976] -> 0x0400
[1634] [M]: 0x0000000080001974 (0x04001F37) lui t5, 0x4001
x30 <- 0x0000000004001000

mem[X,0x0000000080001978] -> 0x0F13
mem[X,0x000000008000197A] -> 0x000F
[1635] [M]: 0x0000000080001978 (0x000F0F13) addi t5, t5, 0x0
x30 <- 0x0000000004001000

mem[X,0x000000008000197C] -> 0x1F13
mem[X,0x000000008000197E] -> 0x00BF
[1636] [M]: 0x000000008000197C (0x00BF1F13) slli t5, t5, 0xb
x30 <- 0x0000002000800000

mem[X,0x0000000080001980] -> 0x0F13
mem[X,0x0000000080001982] -> 0x000F
[1637] [M]: 0x0000000080001980 (0x000F0F13) addi t5, t5, 0x0
x30 <- 0x0000002000800000

mem[X,0x0000000080001984] -> 0x1F13
mem[X,0x0000000080001986] -> 0x00BF
[1638] [M]: 0x0000000080001984 (0x00BF1F13) slli t5, t5, 0xb
x30 <- 0x0001000400000000

mem[X,0x0000000080001988] -> 0x0F13
mem[X,0x000000008000198A] -> 0x0BFF
[1639] [M]: 0x0000000080001988 (0x0BFF0F13) addi t5, t5, 0xbf
x30 <- 0x00010004000000BF

mem[X,0x000000008000198C] -> 0x1F13
mem[X,0x000000008000198E] -> 0x00AF
[1640] [M]: 0x000000008000198C (0x00AF1F13) slli t5, t5, 0xa
x30 <- 0x040010000002FC00

mem[X,0x0000000080001990] -> 0x0F13
mem[X,0x0000000080001992] -> 0x3BFF
[1641] [M]: 0x0000000080001990 (0x3BFF0F13) addi t5, t5, 0x3bf
x30 <- 0x040010000002FFBF

mem[X,0x0000000080001994] -> 0x0EB7
mem[X,0x0000000080001996] -> 0x0009
[1642] [M]: 0x0000000080001994 (0x00090EB7) lui t4, 0x90
x29 <- 0x0000000000090000

mem[X,0x0000000080001998] -> 0x8E93
mem[X,0x000000008000199A] -> 0xEFFE
[1643] [M]: 0x0000000080001998 (0xEFFE8E93) addi t4, t4, -0x101
x29 <- 0x000000000008FEFF

mem[X,0x000000008000199C] -> 0x9E93
mem[X,0x000000008000199E] -> 0x00BE
[1644] [M]: 0x000000008000199C (0x00BE9E93) slli t4, t4, 0xb
x29 <- 0x0000000047F7F800

mem[X,0x00000000800019A0] -> 0x8E93
mem[X,0x00000000800019A2] -> 0x5FFE
[1645] [M]: 0x00000000800019A0 (0x5FFE8E93) addi t4, t4, 0x5ff
x29 <- 0x0000000047F7FDFF

mem[X,0x00000000800019A4] -> 0x9E93
mem[X,0x00000000800019A6] -> 0x00BE
[1646] [M]: 0x00000000800019A4 (0x00BE9E93) slli t4, t4, 0xb
x29 <- 0x0000023FBFEFF800

mem[X,0x00000000800019A8] -> 0x8E93
mem[X,0x00000000800019AA] -> 0x7EAE
[1647] [M]: 0x00000000800019A8 (0x7EAE8E93) addi t4, t4, 0x7ea
x29 <- 0x0000023FBFEFFFEA

mem[X,0x00000000800019AC] -> 0x9E93
mem[X,0x00000000800019AE] -> 0x00AE
[1648] [M]: 0x00000000800019AC (0x00AE9E93) slli t4, t4, 0xa
x29 <- 0x0008FEFFBFFFA800

mem[X,0x00000000800019B0] -> 0x8E93
mem[X,0x00000000800019B2] -> 0x2AAE
[1649] [M]: 0x00000000800019B0 (0x2AAE8E93) addi t4, t4, 0x2aa
x29 <- 0x0008FEFFBFFFAAAA

mem[X,0x00000000800019B4] -> 0x0FBB
mem[X,0x00000000800019B6] -> 0xD9DF
[1650] [M]: 0x00000000800019B4 (0xD9DF0FBB) pasub.h t6, t5, t4
x31 <- 0x01FC088020012A8A

mem[X,0x00000000800019B8] -> 0x3C23
mem[X,0x00000000800019BA] -> 0x1BF1
[1651] [M]: 0x00000000800019B8 (0x1BF13C23) sd t6, 0x1b8(sp)
mem[0x00000000800043C0] <- 0x01FC088020012A8A

mem[X,0x00000000800019BC] -> 0x0F37
mem[X,0x00000000800019BE] -> 0x0801
[1652] [M]: 0x00000000800019BC (0x08010F37) lui t5, 0x8010
x30 <- 0x0000000008010000

mem[X,0x00000000800019C0] -> 0x0F13
mem[X,0x00000000800019C2] -> 0xFF7F
[1653] [M]: 0x00000000800019C0 (0xFF7F0F13) addi t5, t5, -0x9
x30 <- 0x000000000800FFF7

mem[X,0x00000000800019C4] -> 0x1F13
mem[X,0x00000000800019C6] -> 0x00BF
[1654] [M]: 0x00000000800019C4 (0x00BF1F13) slli t5, t5, 0xb
x30 <- 0x0000004007FFB800

mem[X,0x00000000800019C8] -> 0x0F13
mem[X,0x00000000800019CA] -> 0x7FFF
[1655] [M]: 0x00000000800019C8 (0x7FFF0F13) addi t5, t5, 0x7ff
x30 <- 0x0000004007FFBFFF

mem[X,0x00000000800019CC] -> 0x1F13
mem[X,0x00000000800019CE] -> 0x00BF
[1656] [M]: 0x00000000800019CC (0x00BF1F13) slli t5, t5, 0xb
x30 <- 0x0002003FFDFFF800

mem[X,0x00000000800019D0] -> 0x0F13
mem[X,0x00000000800019D2] -> 0x7AAF
[1657] [M]: 0x00000000800019D0 (0x7AAF0F13) addi t5, t5, 0x7aa
x30 <- 0x0002003FFDFFFFAA

mem[X,0x00000000800019D4] -> 0x1F13
mem[X,0x00000000800019D6] -> 0x00AF
[1658] [M]: 0x00000000800019D4 (0x00AF1F13) slli t5, t5, 0xa
x30 <- 0x0800FFF7FFFEA800

mem[X,0x00000000800019D8] -> 0x0F13
mem[X,0x00000000800019DA] -> 0x2AAF
[1659] [M]: 0x00000000800019D8 (0x2AAF0F13) addi t5, t5, 0x2aa
x30 <- 0x0800FFF7FFFEAAAA

mem[X,0x00000000800019DC] -> 0x2EB7
mem[X,0x00000000800019DE] -> 0x0004
[1660] [M]: 0x00000000800019DC (0x00042EB7) lui t4, 0x42
x29 <- 0x0000000000042000

mem[X,0x00000000800019E0] -> 0x8E93
mem[X,0x00000000800019E2] -> 0x000E
[1661] [M]: 0x00000000800019E0 (0x000E8E93) addi t4, t4, 0x0
x29 <- 0x0000000000042000

mem[X,0x00000000800019E4] -> 0x9E93
mem[X,0x00000000800019E6] -> 0x00BE
[1662] [M]: 0x00000000800019E4 (0x00BE9E93) slli t4, t4, 0xb
x29 <- 0x0000000021000000

mem[X,0x00000000800019E8] -> 0x8E93
mem[X,0x00000000800019EA] -> 0x600E
[1663] [M]: 0x00000000800019E8 (0x600E8E93) addi t4, t4, 0x600
x29 <- 0x0000000021000600

mem[X,0x00000000800019EC] -> 0x9E93
mem[X,0x00000000800019EE] -> 0x00BE
[1664] [M]: 0x00000000800019EC (0x00BE9E93) slli t4, t4, 0xb
x29 <- 0x0000010800300000

mem[X,0x00000000800019F0] -> 0x8E93
mem[X,0x00000000800019F2] -> 0x000E
[1665] [M]: 0x00000000800019F0 (0x000E8E93) addi t4, t4, 0x0
x29 <- 0x0000010800300000

mem[X,0x00000000800019F4] -> 0x9E93
mem[X,0x00000000800019F6] -> 0x00AE
[1666] [M]: 0x00000000800019F4 (0x00AE9E93) slli t4, t4, 0xa
x29 <- 0x00042000C0000000

mem[X,0x00000000800019F8] -> 0x8E93
mem[X,0x00000000800019FA] -> 0x100E
[1667] [M]: 0x00000000800019F8 (0x100E8E93) addi t4, t4, 0x100
x29 <- 0x00042000C0000100

mem[X,0x00000000800019FC] -> 0x0FBB
mem[X,0x00000000800019FE] -> 0xD9DF
[1668] [M]: 0x00000000800019FC (0xD9DF0FBB) pasub.h t6, t5, t4
x31 <- 0x03FEEFFB1FFFD4D5

mem[X,0x0000000080001A00] -> 0x3023
mem[X,0x0000000080001A02] -> 0x1DF1
[1669] [M]: 0x0000000080001A00 (0x1DF13023) sd t6, 0x1c0(sp)
mem[0x00000000800043C8] <- 0x03FEEFFB1FFFD4D5

mem[X,0x0000000080001A04] -> 0x4F37
mem[X,0x0000000080001A06] -> 0xFFBF
[1670] [M]: 0x0000000080001A04 (0xFFBF4F37) lui t5, -0x40c
x30 <- 0xFFFFFFFFFFBF4000

mem[X,0x0000000080001A08] -> 0x0F13
mem[X,0x0000000080001A0A] -> 0xFFFF
[1671] [M]: 0x0000000080001A08 (0xFFFF0F13) addi t5, t5, -0x1
x30 <- 0xFFFFFFFFFFBF3FFF

mem[X,0x0000000080001A0C] -> 0x1F13
mem[X,0x0000000080001A0E] -> 0x00BF
[1672] [M]: 0x0000000080001A0C (0x00BF1F13) slli t5, t5, 0xb
x30 <- 0xFFFFFFFDF9FFF800

mem[X,0x0000000080001A10] -> 0x0F13
mem[X,0x0000000080001A12] -> 0x7FFF
[1673] [M]: 0x0000000080001A10 (0x7FFF0F13) addi t5, t5, 0x7ff
x30 <- 0xFFFFFFFDF9FFFFFF

mem[X,0x0000000080001A14] -> 0x1F13
mem[X,0x0000000080001A16] -> 0x00BF
[1674] [M]: 0x0000000080001A14 (0x00BF1F13) slli t5, t5, 0xb
x30 <- 0xFFFFEFCFFFFFF800

mem[X,0x0000000080001A18] -> 0x0F13
mem[X,0x0000000080001A1A] -> 0x780F
[1675] [M]: 0x0000000080001A18 (0x780F0F13) addi t5, t5, 0x780
x30 <- 0xFFFFEFCFFFFFFF80

mem[X,0x0000000080001A1C] -> 0x1F13
mem[X,0x0000000080001A1E] -> 0x00AF
[1676] [M]: 0x0000000080001A1C (0x00AF1F13) slli t5, t5, 0xa
x30 <- 0xFFBF3FFFFFFE0000

mem[X,0x0000000080001A20] -> 0x0F13
mem[X,0x0000000080001A22] -> 0x080F
[1677] [M]: 0x0000000080001A20 (0x080F0F13) addi t5, t5, 0x80
x30 <- 0xFFBF3FFFFFFE0080

mem[X,0x0000000080001A24] -> 0x0EB7
mem[X,0x0000000080001A26] -> 0x0000
[1678] [M]: 0x0000000080001A24 (0x00000EB7) lui t4, 0x0
x29 <- 0x0000000000000000

mem[X,0x0000000080001A28] -> 0x8E93
mem[X,0x0000000080001A2A] -> 0xFF7E
[1679] [M]: 0x0000000080001A28 (0xFF7E8E93) addi t4, t4, -0x9
x29 <- 0xFFFFFFFFFFFFFFF7

mem[X,0x0000000080001A2C] -> 0x9E93
mem[X,0x0000000080001A2E] -> 0x00BE
[1680] [M]: 0x0000000080001A2C (0x00BE9E93) slli t4, t4, 0xb
x29 <- 0xFFFFFFFFFFFFB800

mem[X,0x0000000080001A30] -> 0x8E93
mem[X,0x0000000080001A32] -> 0x7FFE
[1681] [M]: 0x0000000080001A30 (0x7FFE8E93) addi t4, t4, 0x7ff
x29 <- 0xFFFFFFFFFFFFBFFF

mem[X,0x0000000080001A34] -> 0x9E93
mem[X,0x0000000080001A36] -> 0x00BE
[1682] [M]: 0x0000000080001A34 (0x00BE9E93) slli t4, t4, 0xb
x29 <- 0xFFFFFFFFFDFFF800

mem[X,0x0000000080001A38] -> 0x8E93
mem[X,0x0000000080001A3A] -> 0x6BFE
[1683] [M]: 0x0000000080001A38 (0x6BFE8E93) addi t4, t4, 0x6bf
x29 <- 0xFFFFFFFFFDFFFEBF

mem[X,0x0000000080001A3C] -> 0x9E93
mem[X,0x0000000080001A3E] -> 0x00AE
[1684] [M]: 0x0000000080001A3C (0x00AE9E93) slli t4, t4, 0xa
x29 <- 0xFFFFFFF7FFFAFC00

mem[X,0x0000000080001A40] -> 0x8E93
mem[X,0x0000000080001A42] -> 0x3FEE
[1685] [M]: 0x0000000080001A40 (0x3FEE8E93) addi t4, t4, 0x3fe
x29 <- 0xFFFFFFF7FFFAFFFE

mem[X,0x0000000080001A44] -> 0x0FBB
mem[X,0x0000000080001A46] -> 0xD9DF
[1686] [M]: 0x0000000080001A44 (0xD9DF0FBB) pasub.h t6, t5, t4
x31 <- 0xFFE0200400020041

mem[X,0x0000000080001A48] -> 0x3423
mem[X,0x0000000080001A4A] -> 0x1DF1
[1687] [M]: 0x0000000080001A48 (0x1DF13423) sd t6, 0x1c8(sp)
mem[0x00000000800043D0] <- 0xFFE0200400020041

mem[X,0x0000000080001A4C] -> 0x0F37
mem[X,0x0000000080001A4E] -> 0x000A
[1688] [M]: 0x0000000080001A4C (0x000A0F37) lui t5, 0xa0
x30 <- 0x00000000000A0000

mem[X,0x0000000080001A50] -> 0x0F13
mem[X,0x0000000080001A52] -> 0xEFFF
[1689] [M]: 0x0000000080001A50 (0xEFFF0F13) addi t5, t5, -0x101
x30 <- 0x000000000009FEFF

mem[X,0x0000000080001A54] -> 0x1F13
mem[X,0x0000000080001A56] -> 0x00BF
[1690] [M]: 0x0000000080001A54 (0x00BF1F13) slli t5, t5, 0xb
x30 <- 0x000000004FF7F800

mem[X,0x0000000080001A58] -> 0x0F13
mem[X,0x0000000080001A5A] -> 0x004F
[1691] [M]: 0x0000000080001A58 (0x004F0F13) addi t5, t5, 0x4
x30 <- 0x000000004FF7F804

mem[X,0x0000000080001A5C] -> 0x1F13
mem[X,0x0000000080001A5E] -> 0x00BF
[1692] [M]: 0x0000000080001A5C (0x00BF1F13) slli t5, t5, 0xb
x30 <- 0x0000027FBFC02000

mem[X,0x0000000080001A60] -> 0x0F13
mem[X,0x0000000080001A62] -> 0x015F
[1693] [M]: 0x0000000080001A60 (0x015F0F13) addi t5, t5, 0x15
x30 <- 0x0000027FBFC02015

mem[X,0x0000000080001A64] -> 0x1F13
mem[X,0x0000000080001A66] -> 0x00AF
[1694] [M]: 0x0000000080001A64 (0x00AF1F13) slli t5, t5, 0xa
x30 <- 0x0009FEFF00805400

mem[X,0x0000000080001A68] -> 0x0F13
mem[X,0x0000000080001A6A] -> 0x155F
[1695] [M]: 0x0000000080001A68 (0x155F0F13) addi t5, t5, 0x155
x30 <- 0x0009FEFF00805555

mem[X,0x0000000080001A6C] -> 0x0EB7
mem[X,0x0000000080001A6E] -> 0x5555
[1696] [M]: 0x0000000080001A6C (0x55550EB7) lui t4, 0x55550
x29 <- 0x0000000055550000

mem[X,0x0000000080001A70] -> 0x8E93
mem[X,0x0000000080001A72] -> 0x001E
[1697] [M]: 0x0000000080001A70 (0x001E8E93) addi t4, t4, 0x1
x29 <- 0x0000000055550001

mem[X,0x0000000080001A74] -> 0x9E93
mem[X,0x0000000080001A76] -> 0x00BE
[1698] [M]: 0x0000000080001A74 (0x00BE9E93) slli t4, t4, 0xb
x29 <- 0x000002AAA8000800

mem[X,0x0000000080001A78] -> 0x8E93
mem[X,0x0000000080001A7A] -> 0x2AAE
[1699] [M]: 0x0000000080001A78 (0x2AAE8E93) addi t4, t4, 0x2aa
x29 <- 0x000002AAA8000AAA

clint::tick mtime <- 0x0000000000000011
 clint timer pending at mtime 0x0000000000000011
htif::tick 0x0000000000000000
mem[X,0x0000000080001A7C] -> 0x9E93
mem[X,0x0000000080001A7E] -> 0x00BE
[1700] [M]: 0x0000000080001A7C (0x00BE9E93) slli t4, t4, 0xb
x29 <- 0x0015554000555000

mem[X,0x0000000080001A80] -> 0x8E93
mem[X,0x0000000080001A82] -> 0x540E
[1701] [M]: 0x0000000080001A80 (0x540E8E93) addi t4, t4, 0x540
x29 <- 0x0015554000555540

mem[X,0x0000000080001A84] -> 0x9E93
mem[X,0x0000000080001A86] -> 0x00AE
[1702] [M]: 0x0000000080001A84 (0x00AE9E93) slli t4, t4, 0xa
x29 <- 0x5555000155550000

mem[X,0x0000000080001A88] -> 0x8E93
mem[X,0x0000000080001A8A] -> 0x002E
[1703] [M]: 0x0000000080001A88 (0x002E8E93) addi t4, t4, 0x2
x29 <- 0x5555000155550002

mem[X,0x0000000080001A8C] -> 0x0FBB
mem[X,0x0000000080001A8E] -> 0xD9DF
[1704] [M]: 0x0000000080001A8C (0xD9DF0FBB) pasub.h t6, t5, t4
x31 <- 0xD55AFF7FD5952AA9

mem[X,0x0000000080001A90] -> 0x3823
mem[X,0x0000000080001A92] -> 0x1DF1
[1705] [M]: 0x0000000080001A90 (0x1DF13823) sd t6, 0x1d0(sp)
mem[0x00000000800043D8] <- 0xD55AFF7FD5952AA9

mem[X,0x0000000080001A94] -> 0x0F37
mem[X,0x0000000080001A96] -> 0xFFFF
[1706] [M]: 0x0000000080001A94 (0xFFFF0F37) lui t5, -0x10
x30 <- 0xFFFFFFFFFFFF0000

mem[X,0x0000000080001A98] -> 0x0F13
mem[X,0x0000000080001A9A] -> 0x040F
[1707] [M]: 0x0000000080001A98 (0x040F0F13) addi t5, t5, 0x40
x30 <- 0xFFFFFFFFFFFF0040

mem[X,0x0000000080001A9C] -> 0x1F13
mem[X,0x0000000080001A9E] -> 0x00BF
[1708] [M]: 0x0000000080001A9C (0x00BF1F13) slli t5, t5, 0xb
x30 <- 0xFFFFFFFFF8020000

mem[X,0x0000000080001AA0] -> 0x0F13
mem[X,0x0000000080001AA2] -> 0x000F
[1709] [M]: 0x0000000080001AA0 (0x000F0F13) addi t5, t5, 0x0
x30 <- 0xFFFFFFFFF8020000

mem[X,0x0000000080001AA4] -> 0x1F13
mem[X,0x0000000080001AA6] -> 0x00BF
[1710] [M]: 0x0000000080001AA4 (0x00BF1F13) slli t5, t5, 0xb
x30 <- 0xFFFFFFC010000000

mem[X,0x0000000080001AA8] -> 0x0F13
mem[X,0x0000000080001AAA] -> 0x19FF
[1711] [M]: 0x0000000080001AA8 (0x19FF0F13) addi t5, t5, 0x19f
x30 <- 0xFFFFFFC01000019F

mem[X,0x0000000080001AAC] -> 0x1F13
mem[X,0x0000000080001AAE] -> 0x00AF
[1712] [M]: 0x0000000080001AAC (0x00AF1F13) slli t5, t5, 0xa
x30 <- 0xFFFF004000067C00

mem[X,0x0000000080001AB0] -> 0x0F13
mem[X,0x0000000080001AB2] -> 0x3FFF
[1713] [M]: 0x0000000080001AB0 (0x3FFF0F13) addi t5, t5, 0x3ff
x30 <- 0xFFFF004000067FFF

mem[X,0x0000000080001AB4] -> 0x0EB7
mem[X,0x0000000080001AB6] -> 0xFFF6
[1714] [M]: 0x0000000080001AB4 (0xFFF60EB7) lui t4, -0xa0
x29 <- 0xFFFFFFFFFFF60000

mem[X,0x0000000080001AB8] -> 0x8E93
mem[X,0x0000000080001ABA] -> 0x100E
[1715] [M]: 0x0000000080001AB8 (0x100E8E93) addi t4, t4, 0x100
x29 <- 0xFFFFFFFFFFF60100

mem[X,0x0000000080001ABC] -> 0x9E93
mem[X,0x0000000080001ABE] -> 0x00BE
[1716] [M]: 0x0000000080001ABC (0x00BE9E93) slli t4, t4, 0xb
x29 <- 0xFFFFFFFFB0080000

mem[X,0x0000000080001AC0] -> 0x8E93
mem[X,0x0000000080001AC2] -> 0x000E
[1717] [M]: 0x0000000080001AC0 (0x000E8E93) addi t4, t4, 0x0
x29 <- 0xFFFFFFFFB0080000

mem[X,0x0000000080001AC4] -> 0x9E93
mem[X,0x0000000080001AC6] -> 0x00BE
[1718] [M]: 0x0000000080001AC4 (0x00BE9E93) slli t4, t4, 0xb
x29 <- 0xFFFFFD8040000000

mem[X,0x0000000080001AC8] -> 0x8E93
mem[X,0x0000000080001ACA] -> 0x06FE
[1719] [M]: 0x0000000080001AC8 (0x06FE8E93) addi t4, t4, 0x6f
x29 <- 0xFFFFFD804000006F

mem[X,0x0000000080001ACC] -> 0x9E93
mem[X,0x0000000080001ACE] -> 0x00AE
[1720] [M]: 0x0000000080001ACC (0x00AE9E93) slli t4, t4, 0xa
x29 <- 0xFFF601000001BC00

mem[X,0x0000000080001AD0] -> 0x8E93
mem[X,0x0000000080001AD2] -> 0x3FFE
[1721] [M]: 0x0000000080001AD0 (0x3FFE8E93) addi t4, t4, 0x3ff
x29 <- 0xFFF601000001BFFF

mem[X,0x0000000080001AD4] -> 0x0FBB
mem[X,0x0000000080001AD6] -> 0xD9DF
[1722] [M]: 0x0000000080001AD4 (0xD9DF0FBB) pasub.h t6, t5, t4
x31 <- 0x0004FFA000026000

mem[X,0x0000000080001AD8] -> 0x3C23
mem[X,0x0000000080001ADA] -> 0x1DF1
[1723] [M]: 0x0000000080001AD8 (0x1DF13C23) sd t6, 0x1d8(sp)
mem[0x00000000800043E0] <- 0x0004FFA000026000

mem[X,0x0000000080001ADC] -> 0xFF37
mem[X,0x0000000080001ADE] -> 0xFFFF
[1724] [M]: 0x0000000080001ADC (0xFFFFFF37) lui t5, -0x1
x30 <- 0xFFFFFFFFFFFFF000

mem[X,0x0000000080001AE0] -> 0x0F13
mem[X,0x0000000080001AE2] -> 0x7FFF
[1725] [M]: 0x0000000080001AE0 (0x7FFF0F13) addi t5, t5, 0x7ff
x30 <- 0xFFFFFFFFFFFFF7FF

mem[X,0x0000000080001AE4] -> 0x1F13
mem[X,0x0000000080001AE6] -> 0x00BF
[1726] [M]: 0x0000000080001AE4 (0x00BF1F13) slli t5, t5, 0xb
x30 <- 0xFFFFFFFFFFBFF800

mem[X,0x0000000080001AE8] -> 0x0F13
mem[X,0x0000000080001AEA] -> 0x7EFF
[1727] [M]: 0x0000000080001AE8 (0x7EFF0F13) addi t5, t5, 0x7ef
x30 <- 0xFFFFFFFFFFBFFFEF

mem[X,0x0000000080001AEC] -> 0x1F13
mem[X,0x0000000080001AEE] -> 0x00BF
[1728] [M]: 0x0000000080001AEC (0x00BF1F13) slli t5, t5, 0xb
x30 <- 0xFFFFFFFDFFFF7800

mem[X,0x0000000080001AF0] -> 0x0F13
mem[X,0x0000000080001AF2] -> 0x7FFF
[1729] [M]: 0x0000000080001AF0 (0x7FFF0F13) addi t5, t5, 0x7ff
x30 <- 0xFFFFFFFDFFFF7FFF

mem[X,0x0000000080001AF4] -> 0x1F13
mem[X,0x0000000080001AF6] -> 0x00AF
[1730] [M]: 0x0000000080001AF4 (0x00AF1F13) slli t5, t5, 0xa
x30 <- 0xFFFFF7FFFDFFFC00

mem[X,0x0000000080001AF8] -> 0x0F13
mem[X,0x0000000080001AFA] -> 0x3F6F
[1731] [M]: 0x0000000080001AF8 (0x3F6F0F13) addi t5, t5, 0x3f6
x30 <- 0xFFFFF7FFFDFFFFF6

mem[X,0x0000000080001AFC] -> 0x0EB7
mem[X,0x0000000080001AFE] -> 0x0009
[1732] [M]: 0x0000000080001AFC (0x00090EB7) lui t4, 0x90
x29 <- 0x0000000000090000

mem[X,0x0000000080001B00] -> 0x8E93
mem[X,0x0000000080001B02] -> 0xFDFE
[1733] [M]: 0x0000000080001B00 (0xFDFE8E93) addi t4, t4, -0x21
x29 <- 0x000000000008FFDF

mem[X,0x0000000080001B04] -> 0x9E93
mem[X,0x0000000080001B06] -> 0x00BE
[1734] [M]: 0x0000000080001B04 (0x00BE9E93) slli t4, t4, 0xb
x29 <- 0x0000000047FEF800

mem[X,0x0000000080001B08] -> 0x8E93
mem[X,0x0000000080001B0A] -> 0x7BFE
[1735] [M]: 0x0000000080001B08 (0x7BFE8E93) addi t4, t4, 0x7bf
x29 <- 0x0000000047FEFFBF

mem[X,0x0000000080001B0C] -> 0x9E93
mem[X,0x0000000080001B0E] -> 0x00BE
[1736] [M]: 0x0000000080001B0C (0x00BE9E93) slli t4, t4, 0xb
x29 <- 0x0000023FF7FDF800

mem[X,0x0000000080001B10] -> 0x8E93
mem[X,0x0000000080001B12] -> 0x7FFE
[1737] [M]: 0x0000000080001B10 (0x7FFE8E93) addi t4, t4, 0x7ff
x29 <- 0x0000023FF7FDFFFF

mem[X,0x0000000080001B14] -> 0x9E93
mem[X,0x0000000080001B16] -> 0x00AE
[1738] [M]: 0x0000000080001B14 (0x00AE9E93) slli t4, t4, 0xa
x29 <- 0x0008FFDFF7FFFC00

mem[X,0x0000000080001B18] -> 0x8E93
mem[X,0x0000000080001B1A] -> 0x2FFE
[1739] [M]: 0x0000000080001B18 (0x2FFE8E93) addi t4, t4, 0x2ff
x29 <- 0x0008FFDFF7FFFEFF

mem[X,0x0000000080001B1C] -> 0x0FBB
mem[X,0x0000000080001B1E] -> 0xD9DF
[1740] [M]: 0x0000000080001B1C (0xD9DF0FBB) pasub.h t6, t5, t4
x31 <- 0xFFFBFC100300007B

mem[X,0x0000000080001B20] -> 0x3023
mem[X,0x0000000080001B22] -> 0x1FF1
[1741] [M]: 0x0000000080001B20 (0x1FF13023) sd t6, 0x1e0(sp)
mem[0x00000000800043E8] <- 0xFFFBFC100300007B

mem[X,0x0000000080001B24] -> 0xEF37
mem[X,0x0000000080001B26] -> 0x0009
[1742] [M]: 0x0000000080001B24 (0x0009EF37) lui t5, 0x9e
x30 <- 0x000000000009E000

mem[X,0x0000000080001B28] -> 0x0F13
mem[X,0x0000000080001B2A] -> 0xFFFF
[1743] [M]: 0x0000000080001B28 (0xFFFF0F13) addi t5, t5, -0x1
x30 <- 0x000000000009DFFF

mem[X,0x0000000080001B2C] -> 0x1F13
mem[X,0x0000000080001B2E] -> 0x00BF
[1744] [M]: 0x0000000080001B2C (0x00BF1F13) slli t5, t5, 0xb
x30 <- 0x000000004EFFF800

mem[X,0x0000000080001B30] -> 0x0F13
mem[X,0x0000000080001B32] -> 0x7FFF
[1745] [M]: 0x0000000080001B30 (0x7FFF0F13) addi t5, t5, 0x7ff
x30 <- 0x000000004EFFFFFF

mem[X,0x0000000080001B34] -> 0x1F13
mem[X,0x0000000080001B36] -> 0x00BF
[1746] [M]: 0x0000000080001B34 (0x00BF1F13) slli t5, t5, 0xb
x30 <- 0x00000277FFFFF800

mem[X,0x0000000080001B38] -> 0x0F13
mem[X,0x0000000080001B3A] -> 0x77FF
[1747] [M]: 0x0000000080001B38 (0x77FF0F13) addi t5, t5, 0x77f
x30 <- 0x00000277FFFFFF7F

mem[X,0x0000000080001B3C] -> 0x1F13
mem[X,0x0000000080001B3E] -> 0x00AF
[1748] [M]: 0x0000000080001B3C (0x00AF1F13) slli t5, t5, 0xa
x30 <- 0x0009DFFFFFFDFC00

mem[X,0x0000000080001B40] -> 0x0F13
mem[X,0x0000000080001B42] -> 0x3F8F
[1749] [M]: 0x0000000080001B40 (0x3F8F0F13) addi t5, t5, 0x3f8
x30 <- 0x0009DFFFFFFDFFF8

mem[X,0x0000000080001B44] -> 0x0EB7
mem[X,0x0000000080001B46] -> 0xFFDF
[1750] [M]: 0x0000000080001B44 (0xFFDF0EB7) lui t4, -0x210
x29 <- 0xFFFFFFFFFFDF0000

mem[X,0x0000000080001B48] -> 0x8E93
mem[X,0x0000000080001B4A] -> 0x008E
[1751] [M]: 0x0000000080001B48 (0x008E8E93) addi t4, t4, 0x8
x29 <- 0xFFFFFFFFFFDF0008

mem[X,0x0000000080001B4C] -> 0x9E93
mem[X,0x0000000080001B4E] -> 0x00BE
[1752] [M]: 0x0000000080001B4C (0x00BE9E93) slli t4, t4, 0xb
x29 <- 0xFFFFFFFEF8004000

mem[X,0x0000000080001B50] -> 0x8E93
mem[X,0x0000000080001B52] -> 0x7DFE
[1753] [M]: 0x0000000080001B50 (0x7DFE8E93) addi t4, t4, 0x7df
x29 <- 0xFFFFFFFEF80047DF

mem[X,0x0000000080001B54] -> 0x9E93
mem[X,0x0000000080001B56] -> 0x00BE
[1754] [M]: 0x0000000080001B54 (0x00BE9E93) slli t4, t4, 0xb
x29 <- 0xFFFFF7C0023EF800

mem[X,0x0000000080001B58] -> 0x8E93
mem[X,0x0000000080001B5A] -> 0x7CFE
[1755] [M]: 0x0000000080001B58 (0x7CFE8E93) addi t4, t4, 0x7cf
x29 <- 0xFFFFF7C0023EFFCF

mem[X,0x0000000080001B5C] -> 0x9E93
mem[X,0x0000000080001B5E] -> 0x00AE
[1756] [M]: 0x0000000080001B5C (0x00AE9E93) slli t4, t4, 0xa
x29 <- 0xFFDF0008FBFF3C00

mem[X,0x0000000080001B60] -> 0x8E93
mem[X,0x0000000080001B62] -> 0x3FFE
[1757] [M]: 0x0000000080001B60 (0x3FFE8E93) addi t4, t4, 0x3ff
x29 <- 0xFFDF0008FBFF3FFF

mem[X,0x0000000080001B64] -> 0x0FBB
mem[X,0x0000000080001B66] -> 0xD9DF
[1758] [M]: 0x0000000080001B64 (0xD9DF0FBB) pasub.h t6, t5, t4
x31 <- 0x0015EFFB01FFDFFC

mem[X,0x0000000080001B68] -> 0x3423
mem[X,0x0000000080001B6A] -> 0x1FF1
[1759] [M]: 0x0000000080001B68 (0x1FF13423) sd t6, 0x1e8(sp)
mem[0x00000000800043F0] <- 0x0015EFFB01FFDFFC

mem[X,0x0000000080001B6C] -> 0x0F37
mem[X,0x0000000080001B6E] -> 0x0000
[1760] [M]: 0x0000000080001B6C (0x00000F37) lui t5, 0x0
x30 <- 0x0000000000000000

mem[X,0x0000000080001B70] -> 0x0F13
mem[X,0x0000000080001B72] -> 0x400F
[1761] [M]: 0x0000000080001B70 (0x400F0F13) addi t5, t5, 0x400
x30 <- 0x0000000000000400

mem[X,0x0000000080001B74] -> 0x1F13
mem[X,0x0000000080001B76] -> 0x00BF
[1762] [M]: 0x0000000080001B74 (0x00BF1F13) slli t5, t5, 0xb
x30 <- 0x0000000000200000

mem[X,0x0000000080001B78] -> 0x0F13
mem[X,0x0000000080001B7A] -> 0x5FFF
[1763] [M]: 0x0000000080001B78 (0x5FFF0F13) addi t5, t5, 0x5ff
x30 <- 0x00000000002005FF

mem[X,0x0000000080001B7C] -> 0x1F13
mem[X,0x0000000080001B7E] -> 0x00BF
[1764] [M]: 0x0000000080001B7C (0x00BF1F13) slli t5, t5, 0xb
x30 <- 0x00000001002FF800

mem[X,0x0000000080001B80] -> 0x0F13
mem[X,0x0000000080001B82] -> 0x7FDF
[1765] [M]: 0x0000000080001B80 (0x7FDF0F13) addi t5, t5, 0x7fd
x30 <- 0x00000001002FFFFD

mem[X,0x0000000080001B84] -> 0x1F13
mem[X,0x0000000080001B86] -> 0x00AF
[1766] [M]: 0x0000000080001B84 (0x00AF1F13) slli t5, t5, 0xa
x30 <- 0x00000400BFFFF400

mem[X,0x0000000080001B88] -> 0x0F13
mem[X,0x0000000080001B8A] -> 0x3FFF
[1767] [M]: 0x0000000080001B88 (0x3FFF0F13) addi t5, t5, 0x3ff
x30 <- 0x00000400BFFFF7FF

mem[X,0x0000000080001B8C] -> 0x0EB7
mem[X,0x0000000080001B8E] -> 0x5556
[1768] [M]: 0x0000000080001B8C (0x55560EB7) lui t4, 0x55560
x29 <- 0x0000000055560000

mem[X,0x0000000080001B90] -> 0x8E93
mem[X,0x0000000080001B92] -> 0xFF6E
[1769] [M]: 0x0000000080001B90 (0xFF6E8E93) addi t4, t4, -0xa
x29 <- 0x000000005555FFF6

mem[X,0x0000000080001B94] -> 0x9E93
mem[X,0x0000000080001B96] -> 0x00BE
[1770] [M]: 0x0000000080001B94 (0x00BE9E93) slli t4, t4, 0xb
x29 <- 0x000002AAAFFFB000

mem[X,0x0000000080001B98] -> 0x8E93
mem[X,0x0000000080001B9A] -> 0x7FFE
[1771] [M]: 0x0000000080001B98 (0x7FFE8E93) addi t4, t4, 0x7ff
x29 <- 0x000002AAAFFFB7FF

mem[X,0x0000000080001B9C] -> 0x9E93
mem[X,0x0000000080001B9E] -> 0x00BE
[1772] [M]: 0x0000000080001B9C (0x00BE9E93) slli t4, t4, 0xb
x29 <- 0x0015557FFDBFF800

mem[X,0x0000000080001BA0] -> 0x8E93
mem[X,0x0000000080001BA2] -> 0x700E
[1773] [M]: 0x0000000080001BA0 (0x700E8E93) addi t4, t4, 0x700
x29 <- 0x0015557FFDBFFF00

mem[X,0x0000000080001BA4] -> 0x9E93
mem[X,0x0000000080001BA6] -> 0x00AE
[1774] [M]: 0x0000000080001BA4 (0x00AE9E93) slli t4, t4, 0xa
x29 <- 0x5555FFF6FFFC0000

mem[X,0x0000000080001BA8] -> 0x8E93
mem[X,0x0000000080001BAA] -> 0x008E
[1775] [M]: 0x0000000080001BA8 (0x008E8E93) addi t4, t4, 0x8
x29 <- 0x5555FFF6FFFC0008

mem[X,0x0000000080001BAC] -> 0x0FBB
mem[X,0x0000000080001BAE] -> 0xD9DF
[1776] [M]: 0x0000000080001BAC (0xD9DF0FBB) pasub.h t6, t5, t4
x31 <- 0xD5550205E001FBFB

mem[X,0x0000000080001BB0] -> 0x3823
mem[X,0x0000000080001BB2] -> 0x1FF1
[1777] [M]: 0x0000000080001BB0 (0x1FF13823) sd t6, 0x1f0(sp)
mem[0x00000000800043F8] <- 0xD5550205E001FBFB

mem[X,0x0000000080001BB4] -> 0x1F37
mem[X,0x0000000080001BB6] -> 0x0004
[1778] [M]: 0x0000000080001BB4 (0x00041F37) lui t5, 0x41
x30 <- 0x0000000000041000

mem[X,0x0000000080001BB8] -> 0x0F13
mem[X,0x0000000080001BBA] -> 0x000F
[1779] [M]: 0x0000000080001BB8 (0x000F0F13) addi t5, t5, 0x0
x30 <- 0x0000000000041000

mem[X,0x0000000080001BBC] -> 0x1F13
mem[X,0x0000000080001BBE] -> 0x00BF
[1780] [M]: 0x0000000080001BBC (0x00BF1F13) slli t5, t5, 0xb
x30 <- 0x0000000020800000

mem[X,0x0000000080001BC0] -> 0x0F13
mem[X,0x0000000080001BC2] -> 0x7FFF
[1781] [M]: 0x0000000080001BC0 (0x7FFF0F13) addi t5, t5, 0x7ff
x30 <- 0x00000000208007FF

mem[X,0x0000000080001BC4] -> 0x1F13
mem[X,0x0000000080001BC6] -> 0x00BF
[1782] [M]: 0x0000000080001BC4 (0x00BF1F13) slli t5, t5, 0xb
x30 <- 0x00000104003FF800

mem[X,0x0000000080001BC8] -> 0x0F13
mem[X,0x0000000080001BCA] -> 0x640F
[1783] [M]: 0x0000000080001BC8 (0x640F0F13) addi t5, t5, 0x640
x30 <- 0x00000104003FFE40

mem[X,0x0000000080001BCC] -> 0x1F13
mem[X,0x0000000080001BCE] -> 0x00AF
[1784] [M]: 0x0000000080001BCC (0x00AF1F13) slli t5, t5, 0xa
x30 <- 0x00041000FFF90000

mem[X,0x0000000080001BD0] -> 0x0F13
mem[X,0x0000000080001BD2] -> 0x006F
[1785] [M]: 0x0000000080001BD0 (0x006F0F13) addi t5, t5, 0x6
x30 <- 0x00041000FFF90006

mem[X,0x0000000080001BD4] -> 0x0EB7
mem[X,0x0000000080001BD6] -> 0xE000
[1786] [M]: 0x0000000080001BD4 (0xE0000EB7) lui t4, -0x20000
x29 <- 0xFFFFFFFFE0000000

mem[X,0x0000000080001BD8] -> 0x8E93
mem[X,0x0000000080001BDA] -> 0xFDFE
[1787] [M]: 0x0000000080001BD8 (0xFDFE8E93) addi t4, t4, -0x21
x29 <- 0xFFFFFFFFDFFFFFDF

mem[X,0x0000000080001BDC] -> 0x9E93
mem[X,0x0000000080001BDE] -> 0x00BE
[1788] [M]: 0x0000000080001BDC (0x00BE9E93) slli t4, t4, 0xb
x29 <- 0xFFFFFEFFFFFEF800

mem[X,0x0000000080001BE0] -> 0x8E93
mem[X,0x0000000080001BE2] -> 0x008E
[1789] [M]: 0x0000000080001BE0 (0x008E8E93) addi t4, t4, 0x8
x29 <- 0xFFFFFEFFFFFEF808

mem[X,0x0000000080001BE4] -> 0x9E93
mem[X,0x0000000080001BE6] -> 0x00BE
[1790] [M]: 0x0000000080001BE4 (0x00BE9E93) slli t4, t4, 0xb
x29 <- 0xFFF7FFFFF7C04000

mem[X,0x0000000080001BE8] -> 0x8E93
mem[X,0x0000000080001BEA] -> 0x004E
[1791] [M]: 0x0000000080001BE8 (0x004E8E93) addi t4, t4, 0x4
x29 <- 0xFFF7FFFFF7C04004

mem[X,0x0000000080001BEC] -> 0x9E93
mem[X,0x0000000080001BEE] -> 0x00AE
[1792] [M]: 0x0000000080001BEC (0x00AE9E93) slli t4, t4, 0xa
x29 <- 0xDFFFFFDF01001000

mem[X,0x0000000080001BF0] -> 0x0FBB
mem[X,0x0000000080001BF2] -> 0xD9DF
[1793] [M]: 0x0000000080001BF0 (0xD9DF0FBB) pasub.h t6, t5, t4
x31 <- 0x10020810FF7CF803

mem[X,0x0000000080001BF4] -> 0x3C23
mem[X,0x0000000080001BF6] -> 0x1FF1
[1794] [M]: 0x0000000080001BF4 (0x1FF13C23) sd t6, 0x1f8(sp)
mem[0x0000000080004400] <- 0x10020810FF7CF803

mem[X,0x0000000080001BF8] -> 0x4F37
mem[X,0x0000000080001BFA] -> 0xFFFC
[1795] [M]: 0x0000000080001BF8 (0xFFFC4F37) lui t5, -0x3c
x30 <- 0xFFFFFFFFFFFC4000

mem[X,0x0000000080001BFC] -> 0x0F13
mem[X,0x0000000080001BFE] -> 0x000F
[1796] [M]: 0x0000000080001BFC (0x000F0F13) addi t5, t5, 0x0
x30 <- 0xFFFFFFFFFFFC4000

mem[X,0x0000000080001C00] -> 0x1F13
mem[X,0x0000000080001C02] -> 0x00BF
[1797] [M]: 0x0000000080001C00 (0x00BF1F13) slli t5, t5, 0xb
x30 <- 0xFFFFFFFFE2000000

mem[X,0x0000000080001C04] -> 0x0F13
mem[X,0x0000000080001C06] -> 0x7FEF
[1798] [M]: 0x0000000080001C04 (0x7FEF0F13) addi t5, t5, 0x7fe
x30 <- 0xFFFFFFFFE20007FE

mem[X,0x0000000080001C08] -> 0x1F13
mem[X,0x0000000080001C0A] -> 0x00BF
[1799] [M]: 0x0000000080001C08 (0x00BF1F13) slli t5, t5, 0xb
x30 <- 0xFFFFFF10003FF000

clint::tick mtime <- 0x0000000000000012
 clint timer pending at mtime 0x0000000000000012
htif::tick 0x0000000000000000
mem[X,0x0000000080001C0C] -> 0x0F13
mem[X,0x0000000080001C0E] -> 0x7C1F
[1800] [M]: 0x0000000080001C0C (0x7C1F0F13) addi t5, t5, 0x7c1
x30 <- 0xFFFFFF10003FF7C1

mem[X,0x0000000080001C10] -> 0x1F13
mem[X,0x0000000080001C12] -> 0x00AF
[1801] [M]: 0x0000000080001C10 (0x00AF1F13) slli t5, t5, 0xa
x30 <- 0xFFFC4000FFDF0400

mem[X,0x0000000080001C14] -> 0x8EB7
mem[X,0x0000000080001C16] -> 0x0040
[1802] [M]: 0x0000000080001C14 (0x00408EB7) lui t4, 0x408
x29 <- 0x0000000000408000

mem[X,0x0000000080001C18] -> 0x8E93
mem[X,0x0000000080001C1A] -> 0xFFFE
[1803] [M]: 0x0000000080001C18 (0xFFFE8E93) addi t4, t4, -0x1
x29 <- 0x0000000000407FFF

mem[X,0x0000000080001C1C] -> 0x9E93
mem[X,0x0000000080001C1E] -> 0x00BE
[1804] [M]: 0x0000000080001C1C (0x00BE9E93) slli t4, t4, 0xb
x29 <- 0x0000000203FFF800

mem[X,0x0000000080001C20] -> 0x8E93
mem[X,0x0000000080001C22] -> 0x000E
[1805] [M]: 0x0000000080001C20 (0x000E8E93) addi t4, t4, 0x0
x29 <- 0x0000000203FFF800

mem[X,0x0000000080001C24] -> 0x9E93
mem[X,0x0000000080001C26] -> 0x00BE
[1806] [M]: 0x0000000080001C24 (0x00BE9E93) slli t4, t4, 0xb
x29 <- 0x0000101FFFC00000

mem[X,0x0000000080001C28] -> 0x8E93
mem[X,0x0000000080001C2A] -> 0x0BFE
[1807] [M]: 0x0000000080001C28 (0x0BFE8E93) addi t4, t4, 0xbf
x29 <- 0x0000101FFFC000BF

mem[X,0x0000000080001C2C] -> 0x9E93
mem[X,0x0000000080001C2E] -> 0x00AE
[1808] [M]: 0x0000000080001C2C (0x00AE9E93) slli t4, t4, 0xa
x29 <- 0x00407FFF0002FC00

mem[X,0x0000000080001C30] -> 0x8E93
mem[X,0x0000000080001C32] -> 0x3F6E
[1809] [M]: 0x0000000080001C30 (0x3F6E8E93) addi t4, t4, 0x3f6
x29 <- 0x00407FFF0002FFF6

mem[X,0x0000000080001C34] -> 0x0FBB
mem[X,0x0000000080001C36] -> 0xD9DF
[1810] [M]: 0x0000000080001C34 (0xD9DF0FBB) pasub.h t6, t5, t4
x31 <- 0xFFDEE000FFEE0205

mem[X,0x0000000080001C38] -> 0x3023
mem[X,0x0000000080001C3A] -> 0x21F1
[1811] [M]: 0x0000000080001C38 (0x21F13023) sd t6, 0x200(sp)
mem[0x0000000080004408] <- 0xFFDEE000FFEE0205

mem[X,0x0000000080001C3C] -> 0x0F37
mem[X,0x0000000080001C3E] -> 0xC001
[1812] [M]: 0x0000000080001C3C (0xC0010F37) lui t5, -0x3fff0
x30 <- 0xFFFFFFFFC0010000

mem[X,0x0000000080001C40] -> 0x0F13
mem[X,0x0000000080001C42] -> 0xFFBF
[1813] [M]: 0x0000000080001C40 (0xFFBF0F13) addi t5, t5, -0x5
x30 <- 0xFFFFFFFFC000FFFB

mem[X,0x0000000080001C44] -> 0x1F13
mem[X,0x0000000080001C46] -> 0x00BF
[1814] [M]: 0x0000000080001C44 (0x00BF1F13) slli t5, t5, 0xb
x30 <- 0xFFFFFE0007FFD800

mem[X,0x0000000080001C48] -> 0x0F13
mem[X,0x0000000080001C4A] -> 0x5FFF
[1815] [M]: 0x0000000080001C48 (0x5FFF0F13) addi t5, t5, 0x5ff
x30 <- 0xFFFFFE0007FFDDFF

mem[X,0x0000000080001C4C] -> 0x1F13
mem[X,0x0000000080001C4E] -> 0x00BF
[1816] [M]: 0x0000000080001C4C (0x00BF1F13) slli t5, t5, 0xb
x30 <- 0xFFF0003FFEEFF800

mem[X,0x0000000080001C50] -> 0x0F13
mem[X,0x0000000080001C52] -> 0x7FFF
[1817] [M]: 0x0000000080001C50 (0x7FFF0F13) addi t5, t5, 0x7ff
x30 <- 0xFFF0003FFEEFFFFF

mem[X,0x0000000080001C54] -> 0x1F13
mem[X,0x0000000080001C56] -> 0x00AF
[1818] [M]: 0x0000000080001C54 (0x00AF1F13) slli t5, t5, 0xa
x30 <- 0xC000FFFBBFFFFC00

mem[X,0x0000000080001C58] -> 0x0F13
mem[X,0x0000000080001C5A] -> 0x3F6F
[1819] [M]: 0x0000000080001C58 (0x3F6F0F13) addi t5, t5, 0x3f6
x30 <- 0xC000FFFBBFFFFFF6

mem[X,0x0000000080001C5C] -> 0x0EB7
mem[X,0x0000000080001C5E] -> 0x2000
[1820] [M]: 0x0000000080001C5C (0x20000EB7) lui t4, 0x20000
x29 <- 0x0000000020000000

mem[X,0x0000000080001C60] -> 0x8E93
mem[X,0x0000000080001C62] -> 0x006E
[1821] [M]: 0x0000000080001C60 (0x006E8E93) addi t4, t4, 0x6
x29 <- 0x0000000020000006

mem[X,0x0000000080001C64] -> 0x9E93
mem[X,0x0000000080001C66] -> 0x00BE
[1822] [M]: 0x0000000080001C64 (0x00BE9E93) slli t4, t4, 0xb
x29 <- 0x0000010000003000

mem[X,0x0000000080001C68] -> 0x8E93
mem[X,0x0000000080001C6A] -> 0x000E
[1823] [M]: 0x0000000080001C68 (0x000E8E93) addi t4, t4, 0x0
x29 <- 0x0000010000003000

mem[X,0x0000000080001C6C] -> 0x9E93
mem[X,0x0000000080001C6E] -> 0x00BE
[1824] [M]: 0x0000000080001C6C (0x00BE9E93) slli t4, t4, 0xb
x29 <- 0x0008000001800000

mem[X,0x0000000080001C70] -> 0x8E93
mem[X,0x0000000080001C72] -> 0x43FE
[1825] [M]: 0x0000000080001C70 (0x43FE8E93) addi t4, t4, 0x43f
x29 <- 0x000800000180043F

mem[X,0x0000000080001C74] -> 0x9E93
mem[X,0x0000000080001C76] -> 0x00AE
[1826] [M]: 0x0000000080001C74 (0x00AE9E93) slli t4, t4, 0xa
x29 <- 0x200000060010FC00

mem[X,0x0000000080001C78] -> 0x8E93
mem[X,0x0000000080001C7A] -> 0x3BFE
[1827] [M]: 0x0000000080001C78 (0x3BFE8E93) addi t4, t4, 0x3bf
x29 <- 0x200000060010FFBF

mem[X,0x0000000080001C7C] -> 0x0FBB
mem[X,0x0000000080001C7E] -> 0xD9DF
[1828] [M]: 0x0000000080001C7C (0xD9DF0FBB) pasub.h t6, t5, t4
x31 <- 0xD000FFFADFF7001B

mem[X,0x0000000080001C80] -> 0x3423
mem[X,0x0000000080001C82] -> 0x21F1
[1829] [M]: 0x0000000080001C80 (0x21F13423) sd t6, 0x208(sp)
mem[0x0000000080004410] <- 0xD000FFFADFF7001B

mem[X,0x0000000080001C84] -> 0x0F37
mem[X,0x0000000080001C86] -> 0xC000
[1830] [M]: 0x0000000080001C84 (0xC0000F37) lui t5, -0x40000
x30 <- 0xFFFFFFFFC0000000

mem[X,0x0000000080001C88] -> 0x0F13
mem[X,0x0000000080001C8A] -> 0x400F
[1831] [M]: 0x0000000080001C88 (0x400F0F13) addi t5, t5, 0x400
x30 <- 0xFFFFFFFFC0000400

mem[X,0x0000000080001C8C] -> 0x1F13
mem[X,0x0000000080001C8E] -> 0x00BF
[1832] [M]: 0x0000000080001C8C (0x00BF1F13) slli t5, t5, 0xb
x30 <- 0xFFFFFE0000200000

mem[X,0x0000000080001C90] -> 0x0F13
mem[X,0x0000000080001C92] -> 0x100F
[1833] [M]: 0x0000000080001C90 (0x100F0F13) addi t5, t5, 0x100
x30 <- 0xFFFFFE0000200100

mem[X,0x0000000080001C94] -> 0x1F13
mem[X,0x0000000080001C96] -> 0x00BF
[1834] [M]: 0x0000000080001C94 (0x00BF1F13) slli t5, t5, 0xb
x30 <- 0xFFF0000100080000

mem[X,0x0000000080001C98] -> 0x0F13
mem[X,0x0000000080001C9A] -> 0x03FF
[1835] [M]: 0x0000000080001C98 (0x03FF0F13) addi t5, t5, 0x3f
x30 <- 0xFFF000010008003F

mem[X,0x0000000080001C9C] -> 0x1F13
mem[X,0x0000000080001C9E] -> 0x00AF
[1836] [M]: 0x0000000080001C9C (0x00AF1F13) slli t5, t5, 0xa
x30 <- 0xC00004002000FC00

mem[X,0x0000000080001CA0] -> 0x0F13
mem[X,0x0000000080001CA2] -> 0x2FFF
[1837] [M]: 0x0000000080001CA0 (0x2FFF0F13) addi t5, t5, 0x2ff
x30 <- 0xC00004002000FEFF

mem[X,0x0000000080001CA4] -> 0x0EB7
mem[X,0x0000000080001CA6] -> 0x4000
[1838] [M]: 0x0000000080001CA4 (0x40000EB7) lui t4, 0x40000
x29 <- 0x0000000040000000

mem[X,0x0000000080001CA8] -> 0x8E93
mem[X,0x0000000080001CAA] -> 0x006E
[1839] [M]: 0x0000000080001CA8 (0x006E8E93) addi t4, t4, 0x6
x29 <- 0x0000000040000006

mem[X,0x0000000080001CAC] -> 0x9E93
mem[X,0x0000000080001CAE] -> 0x00BE
[1840] [M]: 0x0000000080001CAC (0x00BE9E93) slli t4, t4, 0xb
x29 <- 0x0000020000003000

mem[X,0x0000000080001CB0] -> 0x8E93
mem[X,0x0000000080001CB2] -> 0x400E
[1841] [M]: 0x0000000080001CB0 (0x400E8E93) addi t4, t4, 0x400
x29 <- 0x0000020000003400

mem[X,0x0000000080001CB4] -> 0x9E93
mem[X,0x0000000080001CB6] -> 0x00BE
[1842] [M]: 0x0000000080001CB4 (0x00BE9E93) slli t4, t4, 0xb
x29 <- 0x0010000001A00000

mem[X,0x0000000080001CB8] -> 0x8E93
mem[X,0x0000000080001CBA] -> 0x03FE
[1843] [M]: 0x0000000080001CB8 (0x03FE8E93) addi t4, t4, 0x3f
x29 <- 0x0010000001A0003F

mem[X,0x0000000080001CBC] -> 0x9E93
mem[X,0x0000000080001CBE] -> 0x00AE
[1844] [M]: 0x0000000080001CBC (0x00AE9E93) slli t4, t4, 0xa
x29 <- 0x400000068000FC00

mem[X,0x0000000080001CC0] -> 0x8E93
mem[X,0x0000000080001CC2] -> 0x3F7E
[1845] [M]: 0x0000000080001CC0 (0x3F7E8E93) addi t4, t4, 0x3f7
x29 <- 0x400000068000FFF7

mem[X,0x0000000080001CC4] -> 0x0FBB
mem[X,0x0000000080001CC6] -> 0xD9DF
[1846] [M]: 0x0000000080001CC4 (0xD9DF0FBB) pasub.h t6, t5, t4
x31 <- 0xC00001FD5000FF84

mem[X,0x0000000080001CC8] -> 0x3823
mem[X,0x0000000080001CCA] -> 0x21F1
[1847] [M]: 0x0000000080001CC8 (0x21F13823) sd t6, 0x210(sp)
mem[0x0000000080004418] <- 0xC00001FD5000FF84

mem[X,0x0000000080001CCC] -> 0x8F37
mem[X,0x0000000080001CCE] -> 0x0020
[1848] [M]: 0x0000000080001CCC (0x00208F37) lui t5, 0x208
x30 <- 0x0000000000208000

mem[X,0x0000000080001CD0] -> 0x0F13
mem[X,0x0000000080001CD2] -> 0x000F
[1849] [M]: 0x0000000080001CD0 (0x000F0F13) addi t5, t5, 0x0
x30 <- 0x0000000000208000

mem[X,0x0000000080001CD4] -> 0x1F13
mem[X,0x0000000080001CD6] -> 0x00BF
[1850] [M]: 0x0000000080001CD4 (0x00BF1F13) slli t5, t5, 0xb
x30 <- 0x0000000104000000

mem[X,0x0000000080001CD8] -> 0x0F13
mem[X,0x0000000080001CDA] -> 0x6FFF
[1851] [M]: 0x0000000080001CD8 (0x6FFF0F13) addi t5, t5, 0x6ff
x30 <- 0x00000001040006FF

mem[X,0x0000000080001CDC] -> 0x1F13
mem[X,0x0000000080001CDE] -> 0x00BF
[1852] [M]: 0x0000000080001CDC (0x00BF1F13) slli t5, t5, 0xb
x30 <- 0x000008200037F800

mem[X,0x0000000080001CE0] -> 0x0F13
mem[X,0x0000000080001CE2] -> 0x7C2F
[1853] [M]: 0x0000000080001CE0 (0x7C2F0F13) addi t5, t5, 0x7c2
x30 <- 0x000008200037FFC2

mem[X,0x0000000080001CE4] -> 0x1F13
mem[X,0x0000000080001CE6] -> 0x00AF
[1854] [M]: 0x0000000080001CE4 (0x00AF1F13) slli t5, t5, 0xa
x30 <- 0x00208000DFFF0800

mem[X,0x0000000080001CE8] -> 0x0EB7
mem[X,0x0000000080001CEA] -> 0xFFF9
[1855] [M]: 0x0000000080001CE8 (0xFFF90EB7) lui t4, -0x70
x29 <- 0xFFFFFFFFFFF90000

mem[X,0x0000000080001CEC] -> 0x8E93
mem[X,0x0000000080001CEE] -> 0xFBFE
[1856] [M]: 0x0000000080001CEC (0xFBFE8E93) addi t4, t4, -0x41
x29 <- 0xFFFFFFFFFFF8FFBF

mem[X,0x0000000080001CF0] -> 0x9E93
mem[X,0x0000000080001CF2] -> 0x00BE
[1857] [M]: 0x0000000080001CF0 (0x00BE9E93) slli t4, t4, 0xb
x29 <- 0xFFFFFFFFC7FDF800

mem[X,0x0000000080001CF4] -> 0x8E93
mem[X,0x0000000080001CF6] -> 0x001E
[1858] [M]: 0x0000000080001CF4 (0x001E8E93) addi t4, t4, 0x1
x29 <- 0xFFFFFFFFC7FDF801

mem[X,0x0000000080001CF8] -> 0x9E93
mem[X,0x0000000080001CFA] -> 0x00BE
[1859] [M]: 0x0000000080001CF8 (0x00BE9E93) slli t4, t4, 0xb
x29 <- 0xFFFFFE3FEFC00800

mem[X,0x0000000080001CFC] -> 0x8E93
mem[X,0x0000000080001CFE] -> 0x03FE
[1860] [M]: 0x0000000080001CFC (0x03FE8E93) addi t4, t4, 0x3f
x29 <- 0xFFFFFE3FEFC0083F

mem[X,0x0000000080001D00] -> 0x9E93
mem[X,0x0000000080001D02] -> 0x00AE
[1861] [M]: 0x0000000080001D00 (0x00AE9E93) slli t4, t4, 0xa
x29 <- 0xFFF8FFBF0020FC00

mem[X,0x0000000080001D04] -> 0x8E93
mem[X,0x0000000080001D06] -> 0x3FEE
[1862] [M]: 0x0000000080001D04 (0x3FEE8E93) addi t4, t4, 0x3fe
x29 <- 0xFFF8FFBF0020FFFE

mem[X,0x0000000080001D08] -> 0x0FBB
mem[X,0x0000000080001D0A] -> 0xD9DF
[1863] [M]: 0x0000000080001D08 (0xD9DF0FBB) pasub.h t6, t5, t4
x31 <- 0x0014C020EFEF0401

mem[X,0x0000000080001D0C] -> 0x3C23
mem[X,0x0000000080001D0E] -> 0x21F1
[1864] [M]: 0x0000000080001D0C (0x21F13C23) sd t6, 0x218(sp)
mem[0x0000000080004420] <- 0x0014C020EFEF0401

mem[X,0x0000000080001D10] -> 0x0F37
mem[X,0x0000000080001D12] -> 0xFE00
[1865] [M]: 0x0000000080001D10 (0xFE000F37) lui t5, -0x2000
x30 <- 0xFFFFFFFFFE000000

mem[X,0x0000000080001D14] -> 0x0F13
mem[X,0x0000000080001D16] -> 0xFDFF
[1866] [M]: 0x0000000080001D14 (0xFDFF0F13) addi t5, t5, -0x21
x30 <- 0xFFFFFFFFFDFFFFDF

mem[X,0x0000000080001D18] -> 0x1F13
mem[X,0x0000000080001D1A] -> 0x00BF
[1867] [M]: 0x0000000080001D18 (0x00BF1F13) slli t5, t5, 0xb
x30 <- 0xFFFFFFEFFFFEF800

mem[X,0x0000000080001D1C] -> 0x0F13
mem[X,0x0000000080001D1E] -> 0x7FFF
[1868] [M]: 0x0000000080001D1C (0x7FFF0F13) addi t5, t5, 0x7ff
x30 <- 0xFFFFFFEFFFFEFFFF

mem[X,0x0000000080001D20] -> 0x1F13
mem[X,0x0000000080001D22] -> 0x00BF
[1869] [M]: 0x0000000080001D20 (0x00BF1F13) slli t5, t5, 0xb
x30 <- 0xFFFF7FFFF7FFF800

mem[X,0x0000000080001D24] -> 0x0F13
mem[X,0x0000000080001D26] -> 0x580F
[1870] [M]: 0x0000000080001D24 (0x580F0F13) addi t5, t5, 0x580
x30 <- 0xFFFF7FFFF7FFFD80

mem[X,0x0000000080001D28] -> 0x1F13
mem[X,0x0000000080001D2A] -> 0x00AF
[1871] [M]: 0x0000000080001D28 (0x00AF1F13) slli t5, t5, 0xa
x30 <- 0xFDFFFFDFFFF60000

mem[X,0x0000000080001D2C] -> 0x0F13
mem[X,0x0000000080001D2E] -> 0x008F
[1872] [M]: 0x0000000080001D2C (0x008F0F13) addi t5, t5, 0x8
x30 <- 0xFDFFFFDFFFF60008

mem[X,0x0000000080001D30] -> 0x0EB7
mem[X,0x0000000080001D32] -> 0xFE00
[1873] [M]: 0x0000000080001D30 (0xFE000EB7) lui t4, -0x2000
x29 <- 0xFFFFFFFFFE000000

mem[X,0x0000000080001D34] -> 0x8E93
mem[X,0x0000000080001D36] -> 0xFF7E
[1874] [M]: 0x0000000080001D34 (0xFF7E8E93) addi t4, t4, -0x9
x29 <- 0xFFFFFFFFFDFFFFF7

mem[X,0x0000000080001D38] -> 0x9E93
mem[X,0x0000000080001D3A] -> 0x00BE
[1875] [M]: 0x0000000080001D38 (0x00BE9E93) slli t4, t4, 0xb
x29 <- 0xFFFFFFEFFFFFB800

mem[X,0x0000000080001D3C] -> 0x8E93
mem[X,0x0000000080001D3E] -> 0x3FFE
[1876] [M]: 0x0000000080001D3C (0x3FFE8E93) addi t4, t4, 0x3ff
x29 <- 0xFFFFFFEFFFFFBBFF

mem[X,0x0000000080001D40] -> 0x9E93
mem[X,0x0000000080001D42] -> 0x00BE
[1877] [M]: 0x0000000080001D40 (0x00BE9E93) slli t4, t4, 0xb
x29 <- 0xFFFF7FFFFDDFF800

mem[X,0x0000000080001D44] -> 0x8E93
mem[X,0x0000000080001D46] -> 0x7D5E
[1878] [M]: 0x0000000080001D44 (0x7D5E8E93) addi t4, t4, 0x7d5
x29 <- 0xFFFF7FFFFDDFFFD5

mem[X,0x0000000080001D48] -> 0x9E93
mem[X,0x0000000080001D4A] -> 0x00AE
[1879] [M]: 0x0000000080001D48 (0x00AE9E93) slli t4, t4, 0xa
x29 <- 0xFDFFFFF77FFF5400

mem[X,0x0000000080001D4C] -> 0x8E93
mem[X,0x0000000080001D4E] -> 0x155E
[1880] [M]: 0x0000000080001D4C (0x155E8E93) addi t4, t4, 0x155
x29 <- 0xFDFFFFF77FFF5555

mem[X,0x0000000080001D50] -> 0x0FBB
mem[X,0x0000000080001D52] -> 0xD9DF
[1881] [M]: 0x0000000080001D50 (0xD9DF0FBB) pasub.h t6, t5, t4
x31 <- 0x0000FFF4BFFBD559

mem[X,0x0000000080001D54] -> 0x3023
mem[X,0x0000000080001D56] -> 0x23F1
[1882] [M]: 0x0000000080001D54 (0x23F13023) sd t6, 0x220(sp)
mem[0x0000000080004428] <- 0x0000FFF4BFFBD559

mem[X,0x0000000080001D58] -> 0x0F37
mem[X,0x0000000080001D5A] -> 0x0011
[1883] [M]: 0x0000000080001D58 (0x00110F37) lui t5, 0x110
x30 <- 0x0000000000110000

mem[X,0x0000000080001D5C] -> 0x0F13
mem[X,0x0000000080001D5E] -> 0xFEFF
[1884] [M]: 0x0000000080001D5C (0xFEFF0F13) addi t5, t5, -0x11
x30 <- 0x000000000010FFEF

mem[X,0x0000000080001D60] -> 0x1F13
mem[X,0x0000000080001D62] -> 0x00BF
[1885] [M]: 0x0000000080001D60 (0x00BF1F13) slli t5, t5, 0xb
x30 <- 0x0000000087FF7800

mem[X,0x0000000080001D64] -> 0x0F13
mem[X,0x0000000080001D66] -> 0x600F
[1886] [M]: 0x0000000080001D64 (0x600F0F13) addi t5, t5, 0x600
x30 <- 0x0000000087FF7E00

mem[X,0x0000000080001D68] -> 0x1F13
mem[X,0x0000000080001D6A] -> 0x00BF
[1887] [M]: 0x0000000080001D68 (0x00BF1F13) slli t5, t5, 0xb
x30 <- 0x0000043FFBF00000

mem[X,0x0000000080001D6C] -> 0x0F13
mem[X,0x0000000080001D6E] -> 0x010F
[1888] [M]: 0x0000000080001D6C (0x010F0F13) addi t5, t5, 0x10
x30 <- 0x0000043FFBF00010

mem[X,0x0000000080001D70] -> 0x1F13
mem[X,0x0000000080001D72] -> 0x00AF
[1889] [M]: 0x0000000080001D70 (0x00AF1F13) slli t5, t5, 0xa
x30 <- 0x0010FFEFC0004000

mem[X,0x0000000080001D74] -> 0x0EB7
mem[X,0x0000000080001D76] -> 0x8001
[1890] [M]: 0x0000000080001D74 (0x80010EB7) lui t4, -0x7fff0
x29 <- 0xFFFFFFFF80010000

mem[X,0x0000000080001D78] -> 0x8E93
mem[X,0x0000000080001D7A] -> 0xFFDE
[1891] [M]: 0x0000000080001D78 (0xFFDE8E93) addi t4, t4, -0x3
x29 <- 0xFFFFFFFF8000FFFD

mem[X,0x0000000080001D7C] -> 0x9E93
mem[X,0x0000000080001D7E] -> 0x00BE
[1892] [M]: 0x0000000080001D7C (0x00BE9E93) slli t4, t4, 0xb
x29 <- 0xFFFFFC0007FFE800

mem[X,0x0000000080001D80] -> 0x8E93
mem[X,0x0000000080001D82] -> 0x400E
[1893] [M]: 0x0000000080001D80 (0x400E8E93) addi t4, t4, 0x400
x29 <- 0xFFFFFC0007FFEC00

mem[X,0x0000000080001D84] -> 0x9E93
mem[X,0x0000000080001D86] -> 0x00BE
[1894] [M]: 0x0000000080001D84 (0x00BE9E93) slli t4, t4, 0xb
x29 <- 0xFFE0003FFF600000

mem[X,0x0000000080001D88] -> 0x8E93
mem[X,0x0000000080001D8A] -> 0x000E
[1895] [M]: 0x0000000080001D88 (0x000E8E93) addi t4, t4, 0x0
x29 <- 0xFFE0003FFF600000

mem[X,0x0000000080001D8C] -> 0x9E93
mem[X,0x0000000080001D8E] -> 0x00AE
[1896] [M]: 0x0000000080001D8C (0x00AE9E93) slli t4, t4, 0xa
x29 <- 0x8000FFFD80000000

mem[X,0x0000000080001D90] -> 0x8E93
mem[X,0x0000000080001D92] -> 0x010E
[1897] [M]: 0x0000000080001D90 (0x010E8E93) addi t4, t4, 0x10
x29 <- 0x8000FFFD80000010

mem[X,0x0000000080001D94] -> 0x0FBB
mem[X,0x0000000080001D96] -> 0xD9DF
[1898] [M]: 0x0000000080001D94 (0xD9DF0FBB) pasub.h t6, t5, t4
x31 <- 0x4008FFF920001FF8

mem[X,0x0000000080001D98] -> 0x3423
mem[X,0x0000000080001D9A] -> 0x23F1
[1899] [M]: 0x0000000080001D98 (0x23F13423) sd t6, 0x228(sp)
mem[0x0000000080004430] <- 0x4008FFF920001FF8

clint::tick mtime <- 0x0000000000000013
 clint timer pending at mtime 0x0000000000000013
htif::tick 0x0000000000000000
mem[X,0x0000000080001D9C] -> 0xCF37
mem[X,0x0000000080001D9E] -> 0x0100
[1900] [M]: 0x0000000080001D9C (0x0100CF37) lui t5, 0x100c
x30 <- 0x000000000100C000

mem[X,0x0000000080001DA0] -> 0x0F13
mem[X,0x0000000080001DA2] -> 0x000F
[1901] [M]: 0x0000000080001DA0 (0x000F0F13) addi t5, t5, 0x0
x30 <- 0x000000000100C000

mem[X,0x0000000080001DA4] -> 0x1F13
mem[X,0x0000000080001DA6] -> 0x00BF
[1902] [M]: 0x0000000080001DA4 (0x00BF1F13) slli t5, t5, 0xb
x30 <- 0x0000000806000000

mem[X,0x0000000080001DA8] -> 0x0F13
mem[X,0x0000000080001DAA] -> 0x7FDF
[1903] [M]: 0x0000000080001DA8 (0x7FDF0F13) addi t5, t5, 0x7fd
x30 <- 0x00000008060007FD

mem[X,0x0000000080001DAC] -> 0x1F13
mem[X,0x0000000080001DAE] -> 0x00BF
[1904] [M]: 0x0000000080001DAC (0x00BF1F13) slli t5, t5, 0xb
x30 <- 0x00004030003FE800

mem[X,0x0000000080001DB0] -> 0x0F13
mem[X,0x0000000080001DB2] -> 0x7FFF
[1905] [M]: 0x0000000080001DB0 (0x7FFF0F13) addi t5, t5, 0x7ff
x30 <- 0x00004030003FEFFF

mem[X,0x0000000080001DB4] -> 0x1F13
mem[X,0x0000000080001DB6] -> 0x00AF
[1906] [M]: 0x0000000080001DB4 (0x00AF1F13) slli t5, t5, 0xa
x30 <- 0x0100C000FFBFFC00

mem[X,0x0000000080001DB8] -> 0x0F13
mem[X,0x0000000080001DBA] -> 0x3F6F
[1907] [M]: 0x0000000080001DB8 (0x3F6F0F13) addi t5, t5, 0x3f6
x30 <- 0x0100C000FFBFFFF6

mem[X,0x0000000080001DBC] -> 0x0EB7
mem[X,0x0000000080001DBE] -> 0x0006
[1908] [M]: 0x0000000080001DBC (0x00060EB7) lui t4, 0x60
x29 <- 0x0000000000060000

mem[X,0x0000000080001DC0] -> 0x8E93
mem[X,0x0000000080001DC2] -> 0x008E
[1909] [M]: 0x0000000080001DC0 (0x008E8E93) addi t4, t4, 0x8
x29 <- 0x0000000000060008

mem[X,0x0000000080001DC4] -> 0x9E93
mem[X,0x0000000080001DC6] -> 0x00BE
[1910] [M]: 0x0000000080001DC4 (0x00BE9E93) slli t4, t4, 0xb
x29 <- 0x0000000030004000

mem[X,0x0000000080001DC8] -> 0x8E93
mem[X,0x0000000080001DCA] -> 0x7FFE
[1911] [M]: 0x0000000080001DC8 (0x7FFE8E93) addi t4, t4, 0x7ff
x29 <- 0x00000000300047FF

mem[X,0x0000000080001DCC] -> 0x9E93
mem[X,0x0000000080001DCE] -> 0x00BE
[1912] [M]: 0x0000000080001DCC (0x00BE9E93) slli t4, t4, 0xb
x29 <- 0x00000180023FF800

mem[X,0x0000000080001DD0] -> 0x8E93
mem[X,0x0000000080001DD2] -> 0x595E
[1913] [M]: 0x0000000080001DD0 (0x595E8E93) addi t4, t4, 0x595
x29 <- 0x00000180023FFD95

mem[X,0x0000000080001DD4] -> 0x9E93
mem[X,0x0000000080001DD6] -> 0x00AE
[1914] [M]: 0x0000000080001DD4 (0x00AE9E93) slli t4, t4, 0xa
x29 <- 0x00060008FFF65400

mem[X,0x0000000080001DD8] -> 0x8E93
mem[X,0x0000000080001DDA] -> 0x155E
[1915] [M]: 0x0000000080001DD8 (0x155E8E93) addi t4, t4, 0x155
x29 <- 0x00060008FFF65555

mem[X,0x0000000080001DDC] -> 0x0FBB
mem[X,0x0000000080001DDE] -> 0xD9DF
[1916] [M]: 0x0000000080001DDC (0xD9DF0FBB) pasub.h t6, t5, t4
x31 <- 0x007DDFFCFFE4D550

mem[X,0x0000000080001DE0] -> 0x3823
mem[X,0x0000000080001DE2] -> 0x23F1
[1917] [M]: 0x0000000080001DE0 (0x23F13823) sd t6, 0x230(sp)
mem[0x0000000080004438] <- 0x007DDFFCFFE4D550

mem[X,0x0000000080001DE4] -> 0x0F37
mem[X,0x0000000080001DE6] -> 0xFFF9
[1918] [M]: 0x0000000080001DE4 (0xFFF90F37) lui t5, -0x70
x30 <- 0xFFFFFFFFFFF90000

mem[X,0x0000000080001DE8] -> 0x0F13
mem[X,0x0000000080001DEA] -> 0x100F
[1919] [M]: 0x0000000080001DE8 (0x100F0F13) addi t5, t5, 0x100
x30 <- 0xFFFFFFFFFFF90100

mem[X,0x0000000080001DEC] -> 0x1F13
mem[X,0x0000000080001DEE] -> 0x00BF
[1920] [M]: 0x0000000080001DEC (0x00BF1F13) slli t5, t5, 0xb
x30 <- 0xFFFFFFFFC8080000

mem[X,0x0000000080001DF0] -> 0x0F13
mem[X,0x0000000080001DF2] -> 0x008F
[1921] [M]: 0x0000000080001DF0 (0x008F0F13) addi t5, t5, 0x8
x30 <- 0xFFFFFFFFC8080008

mem[X,0x0000000080001DF4] -> 0x1F13
mem[X,0x0000000080001DF6] -> 0x00BF
[1922] [M]: 0x0000000080001DF4 (0x00BF1F13) slli t5, t5, 0xb
x30 <- 0xFFFFFE4040004000

mem[X,0x0000000080001DF8] -> 0x0F13
mem[X,0x0000000080001DFA] -> 0x02AF
[1923] [M]: 0x0000000080001DF8 (0x02AF0F13) addi t5, t5, 0x2a
x30 <- 0xFFFFFE404000402A

mem[X,0x0000000080001DFC] -> 0x1F13
mem[X,0x0000000080001DFE] -> 0x00AF
[1924] [M]: 0x0000000080001DFC (0x00AF1F13) slli t5, t5, 0xa
x30 <- 0xFFF901000100A800

mem[X,0x0000000080001E00] -> 0x0F13
mem[X,0x0000000080001E02] -> 0x2AAF
[1925] [M]: 0x0000000080001E00 (0x2AAF0F13) addi t5, t5, 0x2aa
x30 <- 0xFFF901000100AAAA

mem[X,0x0000000080001E04] -> 0xFEB7
mem[X,0x0000000080001E06] -> 0xFFEF
[1926] [M]: 0x0000000080001E04 (0xFFEFFEB7) lui t4, -0x101
x29 <- 0xFFFFFFFFFFEFF000

mem[X,0x0000000080001E08] -> 0x8E93
mem[X,0x0000000080001E0A] -> 0x7FFE
[1927] [M]: 0x0000000080001E08 (0x7FFE8E93) addi t4, t4, 0x7ff
x29 <- 0xFFFFFFFFFFEFF7FF

mem[X,0x0000000080001E0C] -> 0x9E93
mem[X,0x0000000080001E0E] -> 0x00BE
[1928] [M]: 0x0000000080001E0C (0x00BE9E93) slli t4, t4, 0xb
x29 <- 0xFFFFFFFF7FBFF800

mem[X,0x0000000080001E10] -> 0x8E93
mem[X,0x0000000080001E12] -> 0x7FFE
[1929] [M]: 0x0000000080001E10 (0x7FFE8E93) addi t4, t4, 0x7ff
x29 <- 0xFFFFFFFF7FBFFFFF

mem[X,0x0000000080001E14] -> 0x9E93
mem[X,0x0000000080001E16] -> 0x00BE
[1930] [M]: 0x0000000080001E14 (0x00BE9E93) slli t4, t4, 0xb
x29 <- 0xFFFFFBFDFFFFF800

mem[X,0x0000000080001E18] -> 0x8E93
mem[X,0x0000000080001E1A] -> 0x604E
[1931] [M]: 0x0000000080001E18 (0x604E8E93) addi t4, t4, 0x604
x29 <- 0xFFFFFBFDFFFFFE04

mem[X,0x0000000080001E1C] -> 0x9E93
mem[X,0x0000000080001E1E] -> 0x00AE
[1932] [M]: 0x0000000080001E1C (0x00AE9E93) slli t4, t4, 0xa
x29 <- 0xFFEFF7FFFFF81000

mem[X,0x0000000080001E20] -> 0x0FBB
mem[X,0x0000000080001E22] -> 0xD9DF
[1933] [M]: 0x0000000080001E20 (0xD9DF0FBB) pasub.h t6, t5, t4
x31 <- 0x000504800084CD55

mem[X,0x0000000080001E24] -> 0x3C23
mem[X,0x0000000080001E26] -> 0x23F1
[1934] [M]: 0x0000000080001E24 (0x23F13C23) sd t6, 0x238(sp)
mem[0x0000000080004440] <- 0x000504800084CD55

mem[X,0x0000000080001E28] -> 0x0F37
mem[X,0x0000000080001E2A] -> 0xFFFD
[1935] [M]: 0x0000000080001E28 (0xFFFD0F37) lui t5, -0x30
x30 <- 0xFFFFFFFFFFFD0000

mem[X,0x0000000080001E2C] -> 0x0F13
mem[X,0x0000000080001E2E] -> 0xFFAF
[1936] [M]: 0x0000000080001E2C (0xFFAF0F13) addi t5, t5, -0x6
x30 <- 0xFFFFFFFFFFFCFFFA

mem[X,0x0000000080001E30] -> 0x1F13
mem[X,0x0000000080001E32] -> 0x00BF
[1937] [M]: 0x0000000080001E30 (0x00BF1F13) slli t5, t5, 0xb
x30 <- 0xFFFFFFFFE7FFD000

mem[X,0x0000000080001E34] -> 0x0F13
mem[X,0x0000000080001E36] -> 0x7FFF
[1938] [M]: 0x0000000080001E34 (0x7FFF0F13) addi t5, t5, 0x7ff
x30 <- 0xFFFFFFFFE7FFD7FF

mem[X,0x0000000080001E38] -> 0x1F13
mem[X,0x0000000080001E3A] -> 0x00BF
[1939] [M]: 0x0000000080001E38 (0x00BF1F13) slli t5, t5, 0xb
x30 <- 0xFFFFFF3FFEBFF800

mem[X,0x0000000080001E3C] -> 0x0F13
mem[X,0x0000000080001E3E] -> 0x600F
[1940] [M]: 0x0000000080001E3C (0x600F0F13) addi t5, t5, 0x600
x30 <- 0xFFFFFF3FFEBFFE00

mem[X,0x0000000080001E40] -> 0x1F13
mem[X,0x0000000080001E42] -> 0x00AF
[1941] [M]: 0x0000000080001E40 (0x00AF1F13) slli t5, t5, 0xa
x30 <- 0xFFFCFFFAFFF80000

mem[X,0x0000000080001E44] -> 0x0F13
mem[X,0x0000000080001E46] -> 0x005F
[1942] [M]: 0x0000000080001E44 (0x005F0F13) addi t5, t5, 0x5
x30 <- 0xFFFCFFFAFFF80005

mem[X,0x0000000080001E48] -> 0x4EB7
mem[X,0x0000000080001E4A] -> 0x0001
[1943] [M]: 0x0000000080001E48 (0x00014EB7) lui t4, 0x14
x29 <- 0x0000000000014000

mem[X,0x0000000080001E4C] -> 0x8E93
mem[X,0x0000000080001E4E] -> 0x000E
[1944] [M]: 0x0000000080001E4C (0x000E8E93) addi t4, t4, 0x0
x29 <- 0x0000000000014000

mem[X,0x0000000080001E50] -> 0x9E93
mem[X,0x0000000080001E52] -> 0x00BE
[1945] [M]: 0x0000000080001E50 (0x00BE9E93) slli t4, t4, 0xb
x29 <- 0x000000000A000000

mem[X,0x0000000080001E54] -> 0x8E93
mem[X,0x0000000080001E56] -> 0x000E
[1946] [M]: 0x0000000080001E54 (0x000E8E93) addi t4, t4, 0x0
x29 <- 0x000000000A000000

mem[X,0x0000000080001E58] -> 0x9E93
mem[X,0x0000000080001E5A] -> 0x00BE
[1947] [M]: 0x0000000080001E58 (0x00BE9E93) slli t4, t4, 0xb
x29 <- 0x0000005000000000

mem[X,0x0000000080001E5C] -> 0x8E93
mem[X,0x0000000080001E5E] -> 0x0C0E
[1948] [M]: 0x0000000080001E5C (0x0C0E8E93) addi t4, t4, 0xc0
x29 <- 0x00000050000000C0

mem[X,0x0000000080001E60] -> 0x9E93
mem[X,0x0000000080001E62] -> 0x00AE
[1949] [M]: 0x0000000080001E60 (0x00AE9E93) slli t4, t4, 0xa
x29 <- 0x0001400000030000

mem[X,0x0000000080001E64] -> 0x8E93
mem[X,0x0000000080001E66] -> 0x020E
[1950] [M]: 0x0000000080001E64 (0x020E8E93) addi t4, t4, 0x20
x29 <- 0x0001400000030020

mem[X,0x0000000080001E68] -> 0x0FBB
mem[X,0x0000000080001E6A] -> 0xD9DF
[1951] [M]: 0x0000000080001E68 (0xD9DF0FBB) pasub.h t6, t5, t4
x31 <- 0xFFFDDFFDFFFAFFF2

mem[X,0x0000000080001E6C] -> 0x3023
mem[X,0x0000000080001E6E] -> 0x25F1
[1952] [M]: 0x0000000080001E6C (0x25F13023) sd t6, 0x240(sp)
mem[0x0000000080004448] <- 0xFFFDDFFDFFFAFFF2

mem[X,0x0000000080001E70] -> 0x0F37
mem[X,0x0000000080001E72] -> 0xFFF6
[1953] [M]: 0x0000000080001E70 (0xFFF60F37) lui t5, -0xa0
x30 <- 0xFFFFFFFFFFF60000

mem[X,0x0000000080001E74] -> 0x0F13
mem[X,0x0000000080001E76] -> 0x400F
[1954] [M]: 0x0000000080001E74 (0x400F0F13) addi t5, t5, 0x400
x30 <- 0xFFFFFFFFFFF60400

mem[X,0x0000000080001E78] -> 0x1F13
mem[X,0x0000000080001E7A] -> 0x00BF
[1955] [M]: 0x0000000080001E78 (0x00BF1F13) slli t5, t5, 0xb
x30 <- 0xFFFFFFFFB0200000

mem[X,0x0000000080001E7C] -> 0x0F13
mem[X,0x0000000080001E7E] -> 0x000F
[1956] [M]: 0x0000000080001E7C (0x000F0F13) addi t5, t5, 0x0
x30 <- 0xFFFFFFFFB0200000

mem[X,0x0000000080001E80] -> 0x1F13
mem[X,0x0000000080001E82] -> 0x00BF
[1957] [M]: 0x0000000080001E80 (0x00BF1F13) slli t5, t5, 0xb
x30 <- 0xFFFFFD8100000000

mem[X,0x0000000080001E84] -> 0x0F13
mem[X,0x0000000080001E86] -> 0x040F
[1958] [M]: 0x0000000080001E84 (0x040F0F13) addi t5, t5, 0x40
x30 <- 0xFFFFFD8100000040

mem[X,0x0000000080001E88] -> 0x1F13
mem[X,0x0000000080001E8A] -> 0x00AF
[1959] [M]: 0x0000000080001E88 (0x00AF1F13) slli t5, t5, 0xa
x30 <- 0xFFF6040000010000

mem[X,0x0000000080001E8C] -> 0x0F13
mem[X,0x0000000080001E8E] -> 0x002F
[1960] [M]: 0x0000000080001E8C (0x002F0F13) addi t5, t5, 0x2
x30 <- 0xFFF6040000010002

mem[X,0x0000000080001E90] -> 0x0EB7
mem[X,0x0000000080001E92] -> 0x0006
[1961] [M]: 0x0000000080001E90 (0x00060EB7) lui t4, 0x60
x29 <- 0x0000000000060000

mem[X,0x0000000080001E94] -> 0x8E93
mem[X,0x0000000080001E96] -> 0xFEFE
[1962] [M]: 0x0000000080001E94 (0xFEFE8E93) addi t4, t4, -0x11
x29 <- 0x000000000005FFEF

mem[X,0x0000000080001E98] -> 0x9E93
mem[X,0x0000000080001E9A] -> 0x00BE
[1963] [M]: 0x0000000080001E98 (0x00BE9E93) slli t4, t4, 0xb
x29 <- 0x000000002FFF7800

mem[X,0x0000000080001E9C] -> 0x8E93
mem[X,0x0000000080001E9E] -> 0x020E
[1964] [M]: 0x0000000080001E9C (0x020E8E93) addi t4, t4, 0x20
x29 <- 0x000000002FFF7820

mem[X,0x0000000080001EA0] -> 0x9E93
mem[X,0x0000000080001EA2] -> 0x00BE
[1965] [M]: 0x0000000080001EA0 (0x00BE9E93) slli t4, t4, 0xb
x29 <- 0x0000017FFBC10000

mem[X,0x0000000080001EA4] -> 0x8E93
mem[X,0x0000000080001EA6] -> 0x03FE
[1966] [M]: 0x0000000080001EA4 (0x03FE8E93) addi t4, t4, 0x3f
x29 <- 0x0000017FFBC1003F

mem[X,0x0000000080001EA8] -> 0x9E93
mem[X,0x0000000080001EAA] -> 0x00AE
[1967] [M]: 0x0000000080001EA8 (0x00AE9E93) slli t4, t4, 0xa
x29 <- 0x0005FFEF0400FC00

mem[X,0x0000000080001EAC] -> 0x8E93
mem[X,0x0000000080001EAE] -> 0x3EFE
[1968] [M]: 0x0000000080001EAC (0x3EFE8E93) addi t4, t4, 0x3ef
x29 <- 0x0005FFEF0400FFEF

mem[X,0x0000000080001EB0] -> 0x0FBB
mem[X,0x0000000080001EB2] -> 0xD9DF
[1969] [M]: 0x0000000080001EB0 (0xD9DF0FBB) pasub.h t6, t5, t4
x31 <- 0xFFF80208FE000009

mem[X,0x0000000080001EB4] -> 0x3423
mem[X,0x0000000080001EB6] -> 0x25F1
[1970] [M]: 0x0000000080001EB4 (0x25F13423) sd t6, 0x248(sp)
mem[0x0000000080004450] <- 0xFFF80208FE000009

mem[X,0x0000000080001EB8] -> 0x0F37
mem[X,0x0000000080001EBA] -> 0x0006
[1971] [M]: 0x0000000080001EB8 (0x00060F37) lui t5, 0x60
x30 <- 0x0000000000060000

mem[X,0x0000000080001EBC] -> 0x0F13
mem[X,0x0000000080001EBE] -> 0xFF8F
[1972] [M]: 0x0000000080001EBC (0xFF8F0F13) addi t5, t5, -0x8
x30 <- 0x000000000005FFF8

mem[X,0x0000000080001EC0] -> 0x1F13
mem[X,0x0000000080001EC2] -> 0x00BF
[1973] [M]: 0x0000000080001EC0 (0x00BF1F13) slli t5, t5, 0xb
x30 <- 0x000000002FFFC000

mem[X,0x0000000080001EC4] -> 0x0F13
mem[X,0x0000000080001EC6] -> 0x000F
[1974] [M]: 0x0000000080001EC4 (0x000F0F13) addi t5, t5, 0x0
x30 <- 0x000000002FFFC000

mem[X,0x0000000080001EC8] -> 0x1F13
mem[X,0x0000000080001ECA] -> 0x00BF
[1975] [M]: 0x0000000080001EC8 (0x00BF1F13) slli t5, t5, 0xb
x30 <- 0x0000017FFE000000

mem[X,0x0000000080001ECC] -> 0x0F13
mem[X,0x0000000080001ECE] -> 0x150F
[1976] [M]: 0x0000000080001ECC (0x150F0F13) addi t5, t5, 0x150
x30 <- 0x0000017FFE000150

mem[X,0x0000000080001ED0] -> 0x1F13
mem[X,0x0000000080001ED2] -> 0x00AF
[1977] [M]: 0x0000000080001ED0 (0x00AF1F13) slli t5, t5, 0xa
x30 <- 0x0005FFF800054000

mem[X,0x0000000080001ED4] -> 0x4EB7
mem[X,0x0000000080001ED6] -> 0xBFFF
[1978] [M]: 0x0000000080001ED4 (0xBFFF4EB7) lui t4, -0x4000c
x29 <- 0xFFFFFFFFBFFF4000

mem[X,0x0000000080001ED8] -> 0x8E93
mem[X,0x0000000080001EDA] -> 0x000E
[1979] [M]: 0x0000000080001ED8 (0x000E8E93) addi t4, t4, 0x0
x29 <- 0xFFFFFFFFBFFF4000

mem[X,0x0000000080001EDC] -> 0x9E93
mem[X,0x0000000080001EDE] -> 0x00BE
[1980] [M]: 0x0000000080001EDC (0x00BE9E93) slli t4, t4, 0xb
x29 <- 0xFFFFFDFFFA000000

mem[X,0x0000000080001EE0] -> 0x8E93
mem[X,0x0000000080001EE2] -> 0x000E
[1981] [M]: 0x0000000080001EE0 (0x000E8E93) addi t4, t4, 0x0
x29 <- 0xFFFFFDFFFA000000

mem[X,0x0000000080001EE4] -> 0x9E93
mem[X,0x0000000080001EE6] -> 0x00BE
[1982] [M]: 0x0000000080001EE4 (0x00BE9E93) slli t4, t4, 0xb
x29 <- 0xFFEFFFD000000000

mem[X,0x0000000080001EE8] -> 0x8E93
mem[X,0x0000000080001EEA] -> 0x181E
[1983] [M]: 0x0000000080001EE8 (0x181E8E93) addi t4, t4, 0x181
x29 <- 0xFFEFFFD000000181

mem[X,0x0000000080001EEC] -> 0x9E93
mem[X,0x0000000080001EEE] -> 0x00AE
[1984] [M]: 0x0000000080001EEC (0x00AE9E93) slli t4, t4, 0xa
x29 <- 0xBFFF400000060400

mem[X,0x0000000080001EF0] -> 0x0FBB
mem[X,0x0000000080001EF2] -> 0xD9DF
[1985] [M]: 0x0000000080001EF0 (0xD9DF0FBB) pasub.h t6, t5, t4
x31 <- 0x2003DFFCFFFF1E00

mem[X,0x0000000080001EF4] -> 0x3823
mem[X,0x0000000080001EF6] -> 0x25F1
[1986] [M]: 0x0000000080001EF4 (0x25F13823) sd t6, 0x250(sp)
mem[0x0000000080004458] <- 0x2003DFFCFFFF1E00

mem[X,0x0000000080001EF8] -> 0x006F
mem[X,0x0000000080001EFA] -> 0x0380
[1987] [M]: 0x0000000080001EF8 (0x0380006F) jal zero, 0x38

mem[X,0x0000000080001F30] -> 0x0093
mem[X,0x0000000080001F32] -> 0x0010
[1988] [M]: 0x0000000080001F30 (0x00100093) addi ra, zero, 0x1
x1 <- 0x0000000000000001

mem[X,0x0000000080001F34] -> 0x0F17
mem[X,0x0000000080001F36] -> 0x0000
[1989] [M]: 0x0000000080001F34 (0x00000F17) auipc t5, 0x0
x30 <- 0x0000000080001F34

mem[X,0x0000000080001F38] -> 0x2623
mem[X,0x0000000080001F3A] -> 0x0C1F
[1990] [M]: 0x0000000080001F38 (0x0C1F2623) sw ra, 0xcc(t5)
htif[0x0000000080002000] <- 0x00000001

mem[X,0x0000000080001F3C] -> 0xF06F
mem[X,0x0000000080001F3E] -> 0xFF9F
[1991] [M]: 0x0000000080001F3C (0xFF9FF06F) jal zero, -0x8

mem[X,0x0000000080001F34] -> 0x0F17
mem[X,0x0000000080001F36] -> 0x0000
[1992] [M]: 0x0000000080001F34 (0x00000F17) auipc t5, 0x0
x30 <- 0x0000000080001F34

mem[X,0x0000000080001F38] -> 0x2623
mem[X,0x0000000080001F3A] -> 0x0C1F
[1993] [M]: 0x0000000080001F38 (0x0C1F2623) sw ra, 0xcc(t5)
htif[0x0000000080002000] <- 0x00000001

mem[X,0x0000000080001F3C] -> 0xF06F
mem[X,0x0000000080001F3E] -> 0xFF9F
[1994] [M]: 0x0000000080001F3C (0xFF9FF06F) jal zero, -0x8

mem[X,0x0000000080001F34] -> 0x0F17
mem[X,0x0000000080001F36] -> 0x0000
[1995] [M]: 0x0000000080001F34 (0x00000F17) auipc t5, 0x0
x30 <- 0x0000000080001F34

mem[X,0x0000000080001F38] -> 0x2623
mem[X,0x0000000080001F3A] -> 0x0C1F
[1996] [M]: 0x0000000080001F38 (0x0C1F2623) sw ra, 0xcc(t5)
htif[0x0000000080002000] <- 0x00000001
htif-syscall-proxy cmd: 0x000000000001

SUCCESS
