using /home/chsu/rvp-workspace/test-64/riscof_work/pdifsumu.b-01.S/ref/Reference-sail_c_simulator.signature for test-signature output.
tohost located at 0x80002000
Running file ref.elf.
ELF Entry @ 0x80000000
begin_signature: 0x80004110
end_signature: 0x80004390
CSR mstatus <- 0x0000000A00000000 (input: 0x0000000000000000)
mem[X,0x0000000000001000] -> 0x0297
mem[X,0x0000000000001002] -> 0x0000
[0] [M]: 0x0000000000001000 (0x00000297) auipc t0, 0x0
x5 <- 0x0000000000001000

mem[X,0x0000000000001004] -> 0x8593
mem[X,0x0000000000001006] -> 0x0202
[1] [M]: 0x0000000000001004 (0x02028593) addi a1, t0, 0x20
x11 <- 0x0000000000001020

mem[X,0x0000000000001008] -> 0x2573
mem[X,0x000000000000100A] -> 0xF140
[2] [M]: 0x0000000000001008 (0xF1402573) csrrs a0, mhartid, zero
CSR mhartid -> 0x0000000000000000
x10 <- 0x0000000000000000

mem[X,0x000000000000100C] -> 0xB283
mem[X,0x000000000000100E] -> 0x0182
[3] [M]: 0x000000000000100C (0x0182B283) ld t0, 0x18(t0)
mem[R,0x0000000000001018] -> 0x0000000080000000
x5 <- 0x0000000080000000

mem[X,0x0000000000001010] -> 0x8067
mem[X,0x0000000000001012] -> 0x0002
[4] [M]: 0x0000000000001010 (0x00028067) jalr zero, 0x0(t0)

mem[X,0x0000000080000000] -> 0x0837
mem[X,0x0000000080000002] -> 0x7D5C
[5] [M]: 0x0000000080000000 (0x7D5C0837) lui a6, 0x7d5c0
x16 <- 0x000000007D5C0000

mem[X,0x0000000080000004] -> 0x0813
mem[X,0x0000000080000006] -> 0xDDB8
[6] [M]: 0x0000000080000004 (0xDDB80813) addi a6, a6, -0x225
x16 <- 0x000000007D5BFDDB

mem[X,0x0000000080000008] -> 0x1813
mem[X,0x000000008000000A] -> 0x00B8
[7] [M]: 0x0000000080000008 (0x00B81813) slli a6, a6, 0xb
x16 <- 0x000003EADFEED800

mem[X,0x000000008000000C] -> 0x0813
mem[X,0x000000008000000E] -> 0x3EA8
[8] [M]: 0x000000008000000C (0x3EA80813) addi a6, a6, 0x3ea
x16 <- 0x000003EADFEEDBEA

mem[X,0x0000000080000010] -> 0x1813
mem[X,0x0000000080000012] -> 0x00B8
[9] [M]: 0x0000000080000010 (0x00B81813) slli a6, a6, 0xb
x16 <- 0x001F56FF76DF5000

mem[X,0x0000000080000014] -> 0x0813
mem[X,0x0000000080000016] -> 0x6FF8
[10] [M]: 0x0000000080000014 (0x6FF80813) addi a6, a6, 0x6ff
x16 <- 0x001F56FF76DF56FF

mem[X,0x0000000080000018] -> 0x1813
mem[X,0x000000008000001A] -> 0x00A8
[11] [M]: 0x0000000080000018 (0x00A81813) slli a6, a6, 0xa
x16 <- 0x7D5BFDDB7D5BFC00

mem[X,0x000000008000001C] -> 0x0813
mem[X,0x000000008000001E] -> 0x1DB8
[12] [M]: 0x000000008000001C (0x1DB80813) addi a6, a6, 0x1db
x16 <- 0x7D5BFDDB7D5BFDDB

mem[X,0x0000000080000020] -> 0x5893
mem[X,0x0000000080000022] -> 0x0078
[13] [M]: 0x0000000080000020 (0x00785893) srli a7, a6, 0x7
x17 <- 0x00FAB7FBB6FAB7FB

mem[X,0x0000000080000024] -> 0x5793
mem[X,0x0000000080000026] -> 0x0398
[14] [M]: 0x0000000080000024 (0x03985793) srli a5, a6, 0x39
x15 <- 0x000000000000003E

mem[X,0x0000000080000028] -> 0xE8B3
mem[X,0x000000008000002A] -> 0x00F8
[15] [M]: 0x0000000080000028 (0x00F8E8B3) or a7, a7, a5
x17 <- 0x00FAB7FBB6FAB7FF

mem[X,0x000000008000002C] -> 0xD913
mem[X,0x000000008000002E] -> 0x0078
[16] [M]: 0x000000008000002C (0x0078D913) srli s2, a7, 0x7
x18 <- 0x0001F56FF76DF56F

mem[X,0x0000000080000030] -> 0xD793
mem[X,0x0000000080000032] -> 0x0398
[17] [M]: 0x0000000080000030 (0x0398D793) srli a5, a7, 0x39
x15 <- 0x0000000000000000

mem[X,0x0000000080000034] -> 0x6933
mem[X,0x0000000080000036] -> 0x00F9
[18] [M]: 0x0000000080000034 (0x00F96933) or s2, s2, a5
x18 <- 0x0001F56FF76DF56F

mem[X,0x0000000080000038] -> 0x5993
mem[X,0x000000008000003A] -> 0x0079
[19] [M]: 0x0000000080000038 (0x00795993) srli s3, s2, 0x7
x19 <- 0x000003EADFEEDBEA

mem[X,0x000000008000003C] -> 0x5793
mem[X,0x000000008000003E] -> 0x0399
[20] [M]: 0x000000008000003C (0x03995793) srli a5, s2, 0x39
x15 <- 0x0000000000000000

mem[X,0x0000000080000040] -> 0xE9B3
mem[X,0x0000000080000042] -> 0x00F9
[21] [M]: 0x0000000080000040 (0x00F9E9B3) or s3, s3, a5
x19 <- 0x000003EADFEEDBEA

mem[X,0x0000000080000044] -> 0xDA13
mem[X,0x0000000080000046] -> 0x0079
[22] [M]: 0x0000000080000044 (0x0079DA13) srli s4, s3, 0x7
x20 <- 0x00000007D5BFDDB7

mem[X,0x0000000080000048] -> 0xD793
mem[X,0x000000008000004A] -> 0x0399
[23] [M]: 0x0000000080000048 (0x0399D793) srli a5, s3, 0x39
x15 <- 0x0000000000000000

mem[X,0x000000008000004C] -> 0x6A33
mem[X,0x000000008000004E] -> 0x00FA
[24] [M]: 0x000000008000004C (0x00FA6A33) or s4, s4, a5
x20 <- 0x00000007D5BFDDB7

mem[X,0x0000000080000050] -> 0x5A93
mem[X,0x0000000080000052] -> 0x007A
[25] [M]: 0x0000000080000050 (0x007A5A93) srli s5, s4, 0x7
x21 <- 0x000000000FAB7FBB

mem[X,0x0000000080000054] -> 0x5793
mem[X,0x0000000080000056] -> 0x039A
[26] [M]: 0x0000000080000054 (0x039A5793) srli a5, s4, 0x39
x15 <- 0x0000000000000000

mem[X,0x0000000080000058] -> 0xEAB3
mem[X,0x000000008000005A] -> 0x00FA
[27] [M]: 0x0000000080000058 (0x00FAEAB3) or s5, s5, a5
x21 <- 0x000000000FAB7FBB

mem[X,0x000000008000005C] -> 0xDB13
mem[X,0x000000008000005E] -> 0x007A
[28] [M]: 0x000000008000005C (0x007ADB13) srli s6, s5, 0x7
x22 <- 0x00000000001F56FF

mem[X,0x0000000080000060] -> 0xD793
mem[X,0x0000000080000062] -> 0x039A
[29] [M]: 0x0000000080000060 (0x039AD793) srli a5, s5, 0x39
x15 <- 0x0000000000000000

mem[X,0x0000000080000064] -> 0x6B33
mem[X,0x0000000080000066] -> 0x00FB
[30] [M]: 0x0000000080000064 (0x00FB6B33) or s6, s6, a5
x22 <- 0x00000000001F56FF

mem[X,0x0000000080000068] -> 0x5B93
mem[X,0x000000008000006A] -> 0x007B
[31] [M]: 0x0000000080000068 (0x007B5B93) srli s7, s6, 0x7
x23 <- 0x0000000000003EAD

mem[X,0x000000008000006C] -> 0x5793
mem[X,0x000000008000006E] -> 0x039B
[32] [M]: 0x000000008000006C (0x039B5793) srli a5, s6, 0x39
x15 <- 0x0000000000000000

mem[X,0x0000000080000070] -> 0xEBB3
mem[X,0x0000000080000072] -> 0x00FB
[33] [M]: 0x0000000080000070 (0x00FBEBB3) or s7, s7, a5
x23 <- 0x0000000000003EAD

mem[X,0x0000000080000074] -> 0xDC13
mem[X,0x0000000080000076] -> 0x007B
[34] [M]: 0x0000000080000074 (0x007BDC13) srli s8, s7, 0x7
x24 <- 0x000000000000007D

mem[X,0x0000000080000078] -> 0xD793
mem[X,0x000000008000007A] -> 0x039B
[35] [M]: 0x0000000080000078 (0x039BD793) srli a5, s7, 0x39
x15 <- 0x0000000000000000

mem[X,0x000000008000007C] -> 0x6C33
mem[X,0x000000008000007E] -> 0x00FC
[36] [M]: 0x000000008000007C (0x00FC6C33) or s8, s8, a5
x24 <- 0x000000000000007D

mem[X,0x0000000080000080] -> 0x5C93
mem[X,0x0000000080000082] -> 0x007C
[37] [M]: 0x0000000080000080 (0x007C5C93) srli s9, s8, 0x7
x25 <- 0x0000000000000000

mem[X,0x0000000080000084] -> 0x5793
mem[X,0x0000000080000086] -> 0x039C
[38] [M]: 0x0000000080000084 (0x039C5793) srli a5, s8, 0x39
x15 <- 0x0000000000000000

mem[X,0x0000000080000088] -> 0xECB3
mem[X,0x000000008000008A] -> 0x00FC
[39] [M]: 0x0000000080000088 (0x00FCECB3) or s9, s9, a5
x25 <- 0x0000000000000000

mem[X,0x000000008000008C] -> 0xDD13
mem[X,0x000000008000008E] -> 0x007C
[40] [M]: 0x000000008000008C (0x007CDD13) srli s10, s9, 0x7
x26 <- 0x0000000000000000

mem[X,0x0000000080000090] -> 0xD793
mem[X,0x0000000080000092] -> 0x039C
[41] [M]: 0x0000000080000090 (0x039CD793) srli a5, s9, 0x39
x15 <- 0x0000000000000000

mem[X,0x0000000080000094] -> 0x6D33
mem[X,0x0000000080000096] -> 0x00FD
[42] [M]: 0x0000000080000094 (0x00FD6D33) or s10, s10, a5
x26 <- 0x0000000000000000

mem[X,0x0000000080000098] -> 0x5D93
mem[X,0x000000008000009A] -> 0x007D
[43] [M]: 0x0000000080000098 (0x007D5D93) srli s11, s10, 0x7
x27 <- 0x0000000000000000

mem[X,0x000000008000009C] -> 0x5793
mem[X,0x000000008000009E] -> 0x039D
[44] [M]: 0x000000008000009C (0x039D5793) srli a5, s10, 0x39
x15 <- 0x0000000000000000

mem[X,0x00000000800000A0] -> 0xEDB3
mem[X,0x00000000800000A2] -> 0x00FD
[45] [M]: 0x00000000800000A0 (0x00FDEDB3) or s11, s11, a5
x27 <- 0x0000000000000000

mem[X,0x00000000800000A4] -> 0xDE13
mem[X,0x00000000800000A6] -> 0x007D
[46] [M]: 0x00000000800000A4 (0x007DDE13) srli t3, s11, 0x7
x28 <- 0x0000000000000000

mem[X,0x00000000800000A8] -> 0xD793
mem[X,0x00000000800000AA] -> 0x039D
[47] [M]: 0x00000000800000A8 (0x039DD793) srli a5, s11, 0x39
x15 <- 0x0000000000000000

mem[X,0x00000000800000AC] -> 0x6E33
mem[X,0x00000000800000AE] -> 0x00FE
[48] [M]: 0x00000000800000AC (0x00FE6E33) or t3, t3, a5
x28 <- 0x0000000000000000

mem[X,0x00000000800000B0] -> 0x5E93
mem[X,0x00000000800000B2] -> 0x007E
[49] [M]: 0x00000000800000B0 (0x007E5E93) srli t4, t3, 0x7
x29 <- 0x0000000000000000

mem[X,0x00000000800000B4] -> 0x5793
mem[X,0x00000000800000B6] -> 0x039E
[50] [M]: 0x00000000800000B4 (0x039E5793) srli a5, t3, 0x39
x15 <- 0x0000000000000000

mem[X,0x00000000800000B8] -> 0xEEB3
mem[X,0x00000000800000BA] -> 0x00FE
[51] [M]: 0x00000000800000B8 (0x00FEEEB3) or t4, t4, a5
x29 <- 0x0000000000000000

mem[X,0x00000000800000BC] -> 0xDF13
mem[X,0x00000000800000BE] -> 0x007E
[52] [M]: 0x00000000800000BC (0x007EDF13) srli t5, t4, 0x7
x30 <- 0x0000000000000000

mem[X,0x00000000800000C0] -> 0xD793
mem[X,0x00000000800000C2] -> 0x039E
[53] [M]: 0x00000000800000C0 (0x039ED793) srli a5, t4, 0x39
x15 <- 0x0000000000000000

mem[X,0x00000000800000C4] -> 0x6F33
mem[X,0x00000000800000C6] -> 0x00FF
[54] [M]: 0x00000000800000C4 (0x00FF6F33) or t5, t5, a5
x30 <- 0x0000000000000000

mem[X,0x00000000800000C8] -> 0xC0B7
mem[X,0x00000000800000CA] -> 0xFEED
[55] [M]: 0x00000000800000C8 (0xFEEDC0B7) lui ra, -0x1124
x1 <- 0xFFFFFFFFFEEDC000

mem[X,0x00000000800000CC] -> 0x8093
mem[X,0x00000000800000CE] -> 0xEAD0
[56] [M]: 0x00000000800000CC (0xEAD08093) addi ra, ra, -0x153
x1 <- 0xFFFFFFFFFEEDBEAD

mem[X,0x00000000800000D0] -> 0x9093
mem[X,0x00000000800000D2] -> 0x00B0
[57] [M]: 0x00000000800000D0 (0x00B09093) slli ra, ra, 0xb
x1 <- 0xFFFFFFF76DF56800

mem[X,0x00000000800000D4] -> 0x8093
mem[X,0x00000000800000D6] -> 0x7F70
[58] [M]: 0x00000000800000D4 (0x7F708093) addi ra, ra, 0x7f7
x1 <- 0xFFFFFFF76DF56FF7

mem[X,0x00000000800000D8] -> 0x9093
mem[X,0x00000000800000DA] -> 0x00B0
[59] [M]: 0x00000000800000D8 (0x00B09093) slli ra, ra, 0xb
x1 <- 0xFFFFBB6FAB7FB800

mem[X,0x00000000800000DC] -> 0x8093
mem[X,0x00000000800000DE] -> 0x36F0
[60] [M]: 0x00000000800000DC (0x36F08093) addi ra, ra, 0x36f
x1 <- 0xFFFFBB6FAB7FBB6F

mem[X,0x00000000800000E0] -> 0x9093
mem[X,0x00000000800000E2] -> 0x00A0
[61] [M]: 0x00000000800000E0 (0x00A09093) slli ra, ra, 0xa
x1 <- 0xFEEDBEADFEEDBC00

mem[X,0x00000000800000E4] -> 0x8093
mem[X,0x00000000800000E6] -> 0x2AD0
[62] [M]: 0x00000000800000E4 (0x2AD08093) addi ra, ra, 0x2ad
x1 <- 0xFEEDBEADFEEDBEAD

mem[X,0x00000000800000E8] -> 0xD113
mem[X,0x00000000800000EA] -> 0x0070
[63] [M]: 0x00000000800000E8 (0x0070D113) srli sp, ra, 0x7
x2 <- 0x01FDDB7D5BFDDB7D

mem[X,0x00000000800000EC] -> 0xD793
mem[X,0x00000000800000EE] -> 0x0390
[64] [M]: 0x00000000800000EC (0x0390D793) srli a5, ra, 0x39
x15 <- 0x000000000000007F

mem[X,0x00000000800000F0] -> 0x6133
mem[X,0x00000000800000F2] -> 0x00F1
[65] [M]: 0x00000000800000F0 (0x00F16133) or sp, sp, a5
x2 <- 0x01FDDB7D5BFDDB7F

mem[X,0x00000000800000F4] -> 0x5193
mem[X,0x00000000800000F6] -> 0x0071
[66] [M]: 0x00000000800000F4 (0x00715193) srli gp, sp, 0x7
x3 <- 0x0003FBB6FAB7FBB6

mem[X,0x00000000800000F8] -> 0x5793
mem[X,0x00000000800000FA] -> 0x0391
[67] [M]: 0x00000000800000F8 (0x03915793) srli a5, sp, 0x39
x15 <- 0x0000000000000000

mem[X,0x00000000800000FC] -> 0xE1B3
mem[X,0x00000000800000FE] -> 0x00F1
[68] [M]: 0x00000000800000FC (0x00F1E1B3) or gp, gp, a5
x3 <- 0x0003FBB6FAB7FBB6

mem[X,0x0000000080000100] -> 0xD213
mem[X,0x0000000080000102] -> 0x0071
[69] [M]: 0x0000000080000100 (0x0071D213) srli tp, gp, 0x7
x4 <- 0x000007F76DF56FF7

mem[X,0x0000000080000104] -> 0xD793
mem[X,0x0000000080000106] -> 0x0391
[70] [M]: 0x0000000080000104 (0x0391D793) srli a5, gp, 0x39
x15 <- 0x0000000000000000

mem[X,0x0000000080000108] -> 0x6233
mem[X,0x000000008000010A] -> 0x00F2
[71] [M]: 0x0000000080000108 (0x00F26233) or tp, tp, a5
x4 <- 0x000007F76DF56FF7

mem[X,0x000000008000010C] -> 0x5293
mem[X,0x000000008000010E] -> 0x0072
[72] [M]: 0x000000008000010C (0x00725293) srli t0, tp, 0x7
x5 <- 0x0000000FEEDBEADF

mem[X,0x0000000080000110] -> 0x5793
mem[X,0x0000000080000112] -> 0x0392
[73] [M]: 0x0000000080000110 (0x03925793) srli a5, tp, 0x39
x15 <- 0x0000000000000000

mem[X,0x0000000080000114] -> 0xE2B3
mem[X,0x0000000080000116] -> 0x00F2
[74] [M]: 0x0000000080000114 (0x00F2E2B3) or t0, t0, a5
x5 <- 0x0000000FEEDBEADF

mem[X,0x0000000080000118] -> 0xD313
mem[X,0x000000008000011A] -> 0x0072
[75] [M]: 0x0000000080000118 (0x0072D313) srli t1, t0, 0x7
x6 <- 0x000000001FDDB7D5

mem[X,0x000000008000011C] -> 0xD793
mem[X,0x000000008000011E] -> 0x0392
[76] [M]: 0x000000008000011C (0x0392D793) srli a5, t0, 0x39
x15 <- 0x0000000000000000

mem[X,0x0000000080000120] -> 0x6333
mem[X,0x0000000080000122] -> 0x00F3
[77] [M]: 0x0000000080000120 (0x00F36333) or t1, t1, a5
x6 <- 0x000000001FDDB7D5

mem[X,0x0000000080000124] -> 0x5393
mem[X,0x0000000080000126] -> 0x0073
[78] [M]: 0x0000000080000124 (0x00735393) srli t2, t1, 0x7
x7 <- 0x00000000003FBB6F

mem[X,0x0000000080000128] -> 0x5793
mem[X,0x000000008000012A] -> 0x0393
[79] [M]: 0x0000000080000128 (0x03935793) srli a5, t1, 0x39
x15 <- 0x0000000000000000

mem[X,0x000000008000012C] -> 0xE3B3
mem[X,0x000000008000012E] -> 0x00F3
[80] [M]: 0x000000008000012C (0x00F3E3B3) or t2, t2, a5
x7 <- 0x00000000003FBB6F

mem[X,0x0000000080000130] -> 0xD413
mem[X,0x0000000080000132] -> 0x0073
[81] [M]: 0x0000000080000130 (0x0073D413) srli fp, t2, 0x7
x8 <- 0x0000000000007F76

mem[X,0x0000000080000134] -> 0xD793
mem[X,0x0000000080000136] -> 0x0393
[82] [M]: 0x0000000080000134 (0x0393D793) srli a5, t2, 0x39
x15 <- 0x0000000000000000

mem[X,0x0000000080000138] -> 0x6433
mem[X,0x000000008000013A] -> 0x00F4
[83] [M]: 0x0000000080000138 (0x00F46433) or fp, fp, a5
x8 <- 0x0000000000007F76

mem[X,0x000000008000013C] -> 0x5493
mem[X,0x000000008000013E] -> 0x0074
[84] [M]: 0x000000008000013C (0x00745493) srli s1, fp, 0x7
x9 <- 0x00000000000000FE

mem[X,0x0000000080000140] -> 0x5793
mem[X,0x0000000080000142] -> 0x0394
[85] [M]: 0x0000000080000140 (0x03945793) srli a5, fp, 0x39
x15 <- 0x0000000000000000

mem[X,0x0000000080000144] -> 0xE4B3
mem[X,0x0000000080000146] -> 0x00F4
[86] [M]: 0x0000000080000144 (0x00F4E4B3) or s1, s1, a5
x9 <- 0x00000000000000FE

mem[X,0x0000000080000148] -> 0xD513
mem[X,0x000000008000014A] -> 0x0074
[87] [M]: 0x0000000080000148 (0x0074D513) srli a0, s1, 0x7
x10 <- 0x0000000000000001

mem[X,0x000000008000014C] -> 0xD793
mem[X,0x000000008000014E] -> 0x0394
[88] [M]: 0x000000008000014C (0x0394D793) srli a5, s1, 0x39
x15 <- 0x0000000000000000

mem[X,0x0000000080000150] -> 0x6533
mem[X,0x0000000080000152] -> 0x00F5
[89] [M]: 0x0000000080000150 (0x00F56533) or a0, a0, a5
x10 <- 0x0000000000000001

mem[X,0x0000000080000154] -> 0x5593
mem[X,0x0000000080000156] -> 0x0075
[90] [M]: 0x0000000080000154 (0x00755593) srli a1, a0, 0x7
x11 <- 0x0000000000000000

mem[X,0x0000000080000158] -> 0x5793
mem[X,0x000000008000015A] -> 0x0395
[91] [M]: 0x0000000080000158 (0x03955793) srli a5, a0, 0x39
x15 <- 0x0000000000000000

mem[X,0x000000008000015C] -> 0xE5B3
mem[X,0x000000008000015E] -> 0x00F5
[92] [M]: 0x000000008000015C (0x00F5E5B3) or a1, a1, a5
x11 <- 0x0000000000000000

mem[X,0x0000000080000160] -> 0xD613
mem[X,0x0000000080000162] -> 0x0075
[93] [M]: 0x0000000080000160 (0x0075D613) srli a2, a1, 0x7
x12 <- 0x0000000000000000

mem[X,0x0000000080000164] -> 0xD793
mem[X,0x0000000080000166] -> 0x0395
[94] [M]: 0x0000000080000164 (0x0395D793) srli a5, a1, 0x39
x15 <- 0x0000000000000000

mem[X,0x0000000080000168] -> 0x6633
mem[X,0x000000008000016A] -> 0x00F6
[95] [M]: 0x0000000080000168 (0x00F66633) or a2, a2, a5
x12 <- 0x0000000000000000

mem[X,0x000000008000016C] -> 0x5693
mem[X,0x000000008000016E] -> 0x0076
[96] [M]: 0x000000008000016C (0x00765693) srli a3, a2, 0x7
x13 <- 0x0000000000000000

mem[X,0x0000000080000170] -> 0x5793
mem[X,0x0000000080000172] -> 0x0396
[97] [M]: 0x0000000080000170 (0x03965793) srli a5, a2, 0x39
x15 <- 0x0000000000000000

mem[X,0x0000000080000174] -> 0xE6B3
mem[X,0x0000000080000176] -> 0x00F6
[98] [M]: 0x0000000080000174 (0x00F6E6B3) or a3, a3, a5
x13 <- 0x0000000000000000

mem[X,0x0000000080000178] -> 0x0013
mem[X,0x000000008000017A] -> 0x0000
[99] [M]: 0x0000000080000178 (0x00000013) addi zero, zero, 0x0

clint::tick mtime <- 0x0000000000000001
 clint timer pending at mtime 0x0000000000000001
htif::tick 0x0000000000000000
mem[X,0x000000008000017C] -> 0x0013
mem[X,0x000000008000017E] -> 0x0000
[100] [M]: 0x000000008000017C (0x00000013) addi zero, zero, 0x0

mem[X,0x0000000080000180] -> 0x4417
mem[X,0x0000000080000182] -> 0x0000
[101] [M]: 0x0000000080000180 (0x00004417) auipc fp, 0x4
x8 <- 0x0000000080004180

mem[X,0x0000000080000184] -> 0x0413
mem[X,0x0000000080000186] -> 0xF984
[102] [M]: 0x0000000080000184 (0xF9840413) addi fp, fp, -0x68
x8 <- 0x0000000080004118

mem[X,0x0000000080000188] -> 0x0013
mem[X,0x000000008000018A] -> 0x0000
[103] [M]: 0x0000000080000188 (0x00000013) addi zero, zero, 0x0

mem[X,0x000000008000018C] -> 0x0013
mem[X,0x000000008000018E] -> 0x0000
[104] [M]: 0x000000008000018C (0x00000013) addi zero, zero, 0x0

mem[X,0x0000000080000190] -> 0x0013
mem[X,0x0000000080000192] -> 0x0000
[105] [M]: 0x0000000080000190 (0x00000013) addi zero, zero, 0x0

mem[X,0x0000000080000194] -> 0x0013
mem[X,0x0000000080000196] -> 0x0000
[106] [M]: 0x0000000080000194 (0x00000013) addi zero, zero, 0x0

mem[X,0x0000000080000198] -> 0x0013
mem[X,0x000000008000019A] -> 0x0000
[107] [M]: 0x0000000080000198 (0x00000013) addi zero, zero, 0x0

mem[X,0x000000008000019C] -> 0x0013
mem[X,0x000000008000019E] -> 0x0000
[108] [M]: 0x000000008000019C (0x00000013) addi zero, zero, 0x0

mem[X,0x00000000800001A0] -> 0x13B7
mem[X,0x00000000800001A2] -> 0xC0FD
[109] [M]: 0x00000000800001A0 (0xC0FD13B7) lui t2, -0x3f02f
x7 <- 0xFFFFFFFFC0FD1000

mem[X,0x00000000800001A4] -> 0x8393
mem[X,0x00000000800001A6] -> 0x9093
[110] [M]: 0x00000000800001A4 (0x90938393) addi t2, t2, -0x6f7
x7 <- 0xFFFFFFFFC0FD0909

mem[X,0x00000000800001A8] -> 0x9393
mem[X,0x00000000800001AA] -> 0x00B3
[111] [M]: 0x00000000800001A8 (0x00B39393) slli t2, t2, 0xb
x7 <- 0xFFFFFE07E8484800

mem[X,0x00000000800001AC] -> 0x8393
mem[X,0x00000000800001AE] -> 0x0373
[112] [M]: 0x00000000800001AC (0x03738393) addi t2, t2, 0x37
x7 <- 0xFFFFFE07E8484837

mem[X,0x00000000800001B0] -> 0x9393
mem[X,0x00000000800001B2] -> 0x00B3
[113] [M]: 0x00000000800001B0 (0x00B39393) slli t2, t2, 0xb
x7 <- 0xFFF03F424241B800

mem[X,0x00000000800001B4] -> 0x8393
mem[X,0x00000000800001B6] -> 0x6BF3
[114] [M]: 0x00000000800001B4 (0x6BF38393) addi t2, t2, 0x6bf
x7 <- 0xFFF03F424241BEBF

mem[X,0x00000000800001B8] -> 0x9393
mem[X,0x00000000800001BA] -> 0x00A3
[115] [M]: 0x00000000800001B8 (0x00A39393) slli t2, t2, 0xa
x7 <- 0xC0FD090906FAFC00

mem[X,0x00000000800001BC] -> 0x8393
mem[X,0x00000000800001BE] -> 0x3803
[116] [M]: 0x00000000800001BC (0x38038393) addi t2, t2, 0x380
x7 <- 0xC0FD090906FAFF80

mem[X,0x00000000800001C0] -> 0x03B7
mem[X,0x00000000800001C2] -> 0x0203
[117] [M]: 0x00000000800001C0 (0x020303B7) lui t2, 0x2030
x7 <- 0x0000000002030000

mem[X,0x00000000800001C4] -> 0x8393
mem[X,0x00000000800001C6] -> 0x47F3
[118] [M]: 0x00000000800001C4 (0x47F38393) addi t2, t2, 0x47f
x7 <- 0x000000000203047F

mem[X,0x00000000800001C8] -> 0x9393
mem[X,0x00000000800001CA] -> 0x00B3
[119] [M]: 0x00000000800001C8 (0x00B39393) slli t2, t2, 0xb
x7 <- 0x000000101823F800

mem[X,0x00000000800001CC] -> 0x8393
mem[X,0x00000000800001CE] -> 0x6FA3
[120] [M]: 0x00000000800001CC (0x6FA38393) addi t2, t2, 0x6fa
x7 <- 0x000000101823FEFA

mem[X,0x00000000800001D0] -> 0x9393
mem[X,0x00000000800001D2] -> 0x00B3
[121] [M]: 0x00000000800001D0 (0x00B39393) slli t2, t2, 0xb
x7 <- 0x000080C11FF7D000

mem[X,0x00000000800001D4] -> 0x8393
mem[X,0x00000000800001D6] -> 0x0103
[122] [M]: 0x00000000800001D4 (0x01038393) addi t2, t2, 0x10
x7 <- 0x000080C11FF7D010

mem[X,0x00000000800001D8] -> 0x9393
mem[X,0x00000000800001DA] -> 0x00A3
[123] [M]: 0x00000000800001D8 (0x00A39393) slli t2, t2, 0xa
x7 <- 0x0203047FDF404000

mem[X,0x00000000800001DC] -> 0x8393
mem[X,0x00000000800001DE] -> 0x0093
[124] [M]: 0x00000000800001DC (0x00938393) addi t2, t2, 0x9
x7 <- 0x0203047FDF404009

mem[X,0x00000000800001E0] -> 0x93BB
mem[X,0x00000000800001E2] -> 0xB473
[125] [M]: 0x00000000800001E0 (0xB47393BB) pdifsumu.b t2, t2, t2
x7 <- 0x0203047FDF404009

mem[X,0x00000000800001E4] -> 0x3023
mem[X,0x00000000800001E6] -> 0x0074
[126] [M]: 0x00000000800001E4 (0x00743023) sd t2, 0x0(fp)
mem[0x0000000080004118] <- 0x0203047FDF404009

mem[X,0x00000000800001E8] -> 0x0CB7
mem[X,0x00000000800001EA] -> 0x02F9
[127] [M]: 0x00000000800001E8 (0x02F90CB7) lui s9, 0x2f90
x25 <- 0x0000000002F90000

mem[X,0x00000000800001EC] -> 0x8C93
mem[X,0x00000000800001EE] -> 0xC3FC
[128] [M]: 0x00000000800001EC (0xC3FC8C93) addi s9, s9, -0x3c1
x25 <- 0x0000000002F8FC3F

mem[X,0x00000000800001F0] -> 0x9C93
mem[X,0x00000000800001F2] -> 0x00BC
[129] [M]: 0x00000000800001F0 (0x00BC9C93) slli s9, s9, 0xb
x25 <- 0x00000017C7E1F800

mem[X,0x00000000800001F4] -> 0x8C93
mem[X,0x00000000800001F6] -> 0x017C
[130] [M]: 0x00000000800001F4 (0x017C8C93) addi s9, s9, 0x17
x25 <- 0x00000017C7E1F817

mem[X,0x00000000800001F8] -> 0x9C93
mem[X,0x00000000800001FA] -> 0x00BC
[131] [M]: 0x00000000800001F8 (0x00BC9C93) slli s9, s9, 0xb
x25 <- 0x0000BE3F0FC0B800

mem[X,0x00000000800001FC] -> 0x8C93
mem[X,0x00000000800001FE] -> 0x65FC
[132] [M]: 0x00000000800001FC (0x65FC8C93) addi s9, s9, 0x65f
x25 <- 0x0000BE3F0FC0BE5F

mem[X,0x0000000080000200] -> 0x9C93
mem[X,0x0000000080000202] -> 0x00AC
[133] [M]: 0x0000000080000200 (0x00AC9C93) slli s9, s9, 0xa
x25 <- 0x02F8FC3F02F97C00

mem[X,0x0000000080000204] -> 0x8C93
mem[X,0x0000000080000206] -> 0x3FFC
[134] [M]: 0x0000000080000204 (0x3FFC8C93) addi s9, s9, 0x3ff
x25 <- 0x02F8FC3F02F97FFF

mem[X,0x0000000080000208] -> 0x0837
mem[X,0x000000008000020A] -> 0xFE00
[135] [M]: 0x0000000080000208 (0xFE000837) lui a6, -0x2000
x16 <- 0xFFFFFFFFFE000000

mem[X,0x000000008000020C] -> 0x0813
mem[X,0x000000008000020E] -> 0xD088
[136] [M]: 0x000000008000020C (0xD0880813) addi a6, a6, -0x2f8
x16 <- 0xFFFFFFFFFDFFFD08

mem[X,0x0000000080000210] -> 0x1813
mem[X,0x0000000080000212] -> 0x00B8
[137] [M]: 0x0000000080000210 (0x00B81813) slli a6, a6, 0xb
x16 <- 0xFFFFFFEFFFE84000

mem[X,0x0000000080000214] -> 0x0813
mem[X,0x0000000080000216] -> 0x7F08
[138] [M]: 0x0000000080000214 (0x7F080813) addi a6, a6, 0x7f0
x16 <- 0xFFFFFFEFFFE847F0

mem[X,0x0000000080000218] -> 0x1813
mem[X,0x000000008000021A] -> 0x00B8
[139] [M]: 0x0000000080000218 (0x00B81813) slli a6, a6, 0xb
x16 <- 0xFFFF7FFF423F8000

mem[X,0x000000008000021C] -> 0x0813
mem[X,0x000000008000021E] -> 0x0FE8
[140] [M]: 0x000000008000021C (0x0FE80813) addi a6, a6, 0xfe
x16 <- 0xFFFF7FFF423F80FE

mem[X,0x0000000080000220] -> 0x1813
mem[X,0x0000000080000222] -> 0x00A8
[141] [M]: 0x0000000080000220 (0x00A81813) slli a6, a6, 0xa
x16 <- 0xFDFFFD08FE03F800

mem[X,0x0000000080000224] -> 0x0813
mem[X,0x0000000080000226] -> 0x2AA8
[142] [M]: 0x0000000080000224 (0x2AA80813) addi a6, a6, 0x2aa
x16 <- 0xFDFFFD08FE03FAAA

mem[X,0x0000000080000228] -> 0x9CBB
mem[X,0x000000008000022A] -> 0xB50C
[143] [M]: 0x0000000080000228 (0xB50C9CBB) pdifsumu.b s9, s9, a6
x25 <- 0xFDFFFD08FE03FEA6

mem[X,0x000000008000022C] -> 0x3423
mem[X,0x000000008000022E] -> 0x0194
[144] [M]: 0x000000008000022C (0x01943423) sd s9, 0x8(fp)
mem[0x0000000080004120] <- 0xFDFFFD08FE03FEA6

mem[X,0x0000000080000230] -> 0x0DB7
mem[X,0x0000000080000232] -> 0xFF56
[145] [M]: 0x0000000080000230 (0xFF560DB7) lui s11, -0xaa0
x27 <- 0xFFFFFFFFFF560000

mem[X,0x0000000080000234] -> 0x8D93
mem[X,0x0000000080000236] -> 0x802D
[146] [M]: 0x0000000080000234 (0x802D8D93) addi s11, s11, -0x7fe
x27 <- 0xFFFFFFFFFF55F802

mem[X,0x0000000080000238] -> 0x9D93
mem[X,0x000000008000023A] -> 0x00BD
[147] [M]: 0x0000000080000238 (0x00BD9D93) slli s11, s11, 0xb
x27 <- 0xFFFFFFFAAFC01000

mem[X,0x000000008000023C] -> 0x8D93
mem[X,0x000000008000023E] -> 0x77AD
[148] [M]: 0x000000008000023C (0x77AD8D93) addi s11, s11, 0x77a
x27 <- 0xFFFFFFFAAFC0177A

mem[X,0x0000000080000240] -> 0x9D93
mem[X,0x0000000080000242] -> 0x00BD
[149] [M]: 0x0000000080000240 (0x00BD9D93) slli s11, s11, 0xb
x27 <- 0xFFFFD57E00BBD000

mem[X,0x0000000080000244] -> 0x8D93
mem[X,0x0000000080000246] -> 0x570D
[150] [M]: 0x0000000080000244 (0x570D8D93) addi s11, s11, 0x570
x27 <- 0xFFFFD57E00BBD570

mem[X,0x0000000080000248] -> 0x9D93
mem[X,0x000000008000024A] -> 0x00AD
[151] [M]: 0x0000000080000248 (0x00AD9D93) slli s11, s11, 0xa
x27 <- 0xFF55F802EF55C000

mem[X,0x000000008000024C] -> 0x1DB7
mem[X,0x000000008000024E] -> 0x2010
[152] [M]: 0x000000008000024C (0x20101DB7) lui s11, 0x20101
x27 <- 0x0000000020101000

mem[X,0x0000000080000250] -> 0x8D93
mem[X,0x0000000080000252] -> 0x906D
[153] [M]: 0x0000000080000250 (0x906D8D93) addi s11, s11, -0x6fa
x27 <- 0x0000000020100906

mem[X,0x0000000080000254] -> 0x9D93
mem[X,0x0000000080000256] -> 0x00BD
[154] [M]: 0x0000000080000254 (0x00BD9D93) slli s11, s11, 0xb
x27 <- 0x0000010080483000

mem[X,0x0000000080000258] -> 0x8D93
mem[X,0x000000008000025A] -> 0x7BFD
[155] [M]: 0x0000000080000258 (0x7BFD8D93) addi s11, s11, 0x7bf
x27 <- 0x00000100804837BF

mem[X,0x000000008000025C] -> 0x9D93
mem[X,0x000000008000025E] -> 0x00BD
[156] [M]: 0x000000008000025C (0x00BD9D93) slli s11, s11, 0xb
x27 <- 0x0008040241BDF800

mem[X,0x0000000080000260] -> 0x8D93
mem[X,0x0000000080000262] -> 0x620D
[157] [M]: 0x0000000080000260 (0x620D8D93) addi s11, s11, 0x620
x27 <- 0x0008040241BDFE20

mem[X,0x0000000080000264] -> 0x9D93
mem[X,0x0000000080000266] -> 0x00AD
[158] [M]: 0x0000000080000264 (0x00AD9D93) slli s11, s11, 0xa
x27 <- 0x20100906F7F88000

mem[X,0x0000000080000268] -> 0x8D93
mem[X,0x000000008000026A] -> 0x07FD
[159] [M]: 0x0000000080000268 (0x07FD8D93) addi s11, s11, 0x7f
x27 <- 0x20100906F7F8807F

mem[X,0x000000008000026C] -> 0x96BB
mem[X,0x000000008000026E] -> 0xB5BD
[160] [M]: 0x000000008000026C (0xB5BD96BB) pdifsumu.b a3, s11, s11
x13 <- 0x20100906F7F8807F

mem[X,0x0000000080000270] -> 0x3823
mem[X,0x0000000080000272] -> 0x00D4
[161] [M]: 0x0000000080000270 (0x00D43823) sd a3, 0x10(fp)
mem[0x0000000080004128] <- 0x20100906F7F8807F

mem[X,0x0000000080000274] -> 0x00B7
mem[X,0x0000000080000276] -> 0xFE06
[162] [M]: 0x0000000080000274 (0xFE0600B7) lui ra, -0x1fa0
x1 <- 0xFFFFFFFFFE060000

mem[X,0x0000000080000278] -> 0x8093
mem[X,0x000000008000027A] -> 0xEDF0
[163] [M]: 0x0000000080000278 (0xEDF08093) addi ra, ra, -0x121
x1 <- 0xFFFFFFFFFE05FEDF

mem[X,0x000000008000027C] -> 0x9093
mem[X,0x000000008000027E] -> 0x00B0
[164] [M]: 0x000000008000027C (0x00B09093) slli ra, ra, 0xb
x1 <- 0xFFFFFFF02FF6F800

mem[X,0x0000000080000280] -> 0x8093
mem[X,0x0000000080000282] -> 0x7BE0
[165] [M]: 0x0000000080000280 (0x7BE08093) addi ra, ra, 0x7be
x1 <- 0xFFFFFFF02FF6FFBE

mem[X,0x0000000080000284] -> 0x9093
mem[X,0x0000000080000286] -> 0x00B0
[166] [M]: 0x0000000080000284 (0x00B09093) slli ra, ra, 0xb
x1 <- 0xFFFF817FB7FDF000

mem[X,0x0000000080000288] -> 0x8093
mem[X,0x000000008000028A] -> 0x7C00
[167] [M]: 0x0000000080000288 (0x7C008093) addi ra, ra, 0x7c0
x1 <- 0xFFFF817FB7FDF7C0

mem[X,0x000000008000028C] -> 0x9093
mem[X,0x000000008000028E] -> 0x00A0
[168] [M]: 0x000000008000028C (0x00A09093) slli ra, ra, 0xa
x1 <- 0xFE05FEDFF7DF0000

mem[X,0x0000000080000290] -> 0x8093
mem[X,0x0000000080000292] -> 0x3010
[169] [M]: 0x0000000080000290 (0x30108093) addi ra, ra, 0x301
x1 <- 0xFE05FEDFF7DF0301

mem[X,0x0000000080000294] -> 0x02B7
mem[X,0x0000000080000296] -> 0x0801
[170] [M]: 0x0000000080000294 (0x080102B7) lui t0, 0x8010
x5 <- 0x0000000008010000

mem[X,0x0000000080000298] -> 0x8293
mem[X,0x000000008000029A] -> 0xA052
[171] [M]: 0x0000000080000298 (0xA0528293) addi t0, t0, -0x5fb
x5 <- 0x000000000800FA05

mem[X,0x000000008000029C] -> 0x9293
mem[X,0x000000008000029E] -> 0x00B2
[172] [M]: 0x000000008000029C (0x00B29293) slli t0, t0, 0xb
x5 <- 0x0000004007D02800

mem[X,0x00000000800002A0] -> 0x8293
mem[X,0x00000000800002A2] -> 0x2072
[173] [M]: 0x00000000800002A0 (0x20728293) addi t0, t0, 0x207
x5 <- 0x0000004007D02A07

mem[X,0x00000000800002A4] -> 0x9293
mem[X,0x00000000800002A6] -> 0x00B2
[174] [M]: 0x00000000800002A4 (0x00B29293) slli t0, t0, 0xb
x5 <- 0x0002003E81503800

mem[X,0x00000000800002A8] -> 0x8293
mem[X,0x00000000800002AA] -> 0x6D52
[175] [M]: 0x00000000800002A8 (0x6D528293) addi t0, t0, 0x6d5
x5 <- 0x0002003E81503ED5

mem[X,0x00000000800002AC] -> 0x9293
mem[X,0x00000000800002AE] -> 0x00A2
[176] [M]: 0x00000000800002AC (0x00A29293) slli t0, t0, 0xa
x5 <- 0x0800FA0540FB5400

mem[X,0x00000000800002B0] -> 0x8293
mem[X,0x00000000800002B2] -> 0x1FE2
[177] [M]: 0x00000000800002B0 (0x1FE28293) addi t0, t0, 0x1fe
x5 <- 0x0800FA0540FB55FE

mem[X,0x00000000800002B4] -> 0x92BB
mem[X,0x00000000800002B6] -> 0xB450
[178] [M]: 0x00000000800002B4 (0xB45092BB) pdifsumu.b t0, ra, t0
x5 <- 0x0800FA0540FB59F9

mem[X,0x00000000800002B8] -> 0x3C23
mem[X,0x00000000800002BA] -> 0x0054
[179] [M]: 0x00000000800002B8 (0x00543C23) sd t0, 0x18(fp)
mem[0x0000000080004130] <- 0x0800FA0540FB59F9

mem[X,0x00000000800002BC] -> 0x0B37
mem[X,0x00000000800002BE] -> 0x7F06
[180] [M]: 0x00000000800002BC (0x7F060B37) lui s6, 0x7f060
x22 <- 0x000000007F060000

mem[X,0x00000000800002C0] -> 0x0B13
mem[X,0x00000000800002C2] -> 0xAF6B
[181] [M]: 0x00000000800002C0 (0xAF6B0B13) addi s6, s6, -0x50a
x22 <- 0x000000007F05FAF6

mem[X,0x00000000800002C4] -> 0x1B13
mem[X,0x00000000800002C6] -> 0x00BB
[182] [M]: 0x00000000800002C4 (0x00BB1B13) slli s6, s6, 0xb
x22 <- 0x000003F82FD7B000

mem[X,0x00000000800002C8] -> 0x0B13
mem[X,0x00000000800002CA] -> 0x027B
[183] [M]: 0x00000000800002C8 (0x027B0B13) addi s6, s6, 0x27
x22 <- 0x000003F82FD7B027

mem[X,0x00000000800002CC] -> 0x1B13
mem[X,0x00000000800002CE] -> 0x00BB
[184] [M]: 0x00000000800002CC (0x00BB1B13) slli s6, s6, 0xb
x22 <- 0x001FC17EBD813800

mem[X,0x00000000800002D0] -> 0x0B13
mem[X,0x00000000800002D2] -> 0x6FEB
[185] [M]: 0x00000000800002D0 (0x6FEB0B13) addi s6, s6, 0x6fe
x22 <- 0x001FC17EBD813EFE

mem[X,0x00000000800002D4] -> 0x1B13
mem[X,0x00000000800002D6] -> 0x00AB
[186] [M]: 0x00000000800002D4 (0x00AB1B13) slli s6, s6, 0xa
x22 <- 0x7F05FAF604FBF800

mem[X,0x00000000800002D8] -> 0x0B13
mem[X,0x00000000800002DA] -> 0x27FB
[187] [M]: 0x00000000800002D8 (0x27FB0B13) addi s6, s6, 0x27f
x22 <- 0x7F05FAF604FBFA7F

mem[X,0x00000000800002DC] -> 0x10B7
mem[X,0x00000000800002DE] -> 0xF855
[188] [M]: 0x00000000800002DC (0xF85510B7) lui ra, -0x7aaf
x1 <- 0xFFFFFFFFF8551000

mem[X,0x00000000800002E0] -> 0x8093
mem[X,0x00000000800002E2] -> 0x0080
[189] [M]: 0x00000000800002E0 (0x00808093) addi ra, ra, 0x8
x1 <- 0xFFFFFFFFF8551008

mem[X,0x00000000800002E4] -> 0x9093
mem[X,0x00000000800002E6] -> 0x00B0
[190] [M]: 0x00000000800002E4 (0x00B09093) slli ra, ra, 0xb
x1 <- 0xFFFFFFC2A8804000

mem[X,0x00000000800002E8] -> 0x8093
mem[X,0x00000000800002EA] -> 0x0340
[191] [M]: 0x00000000800002E8 (0x03408093) addi ra, ra, 0x34
x1 <- 0xFFFFFFC2A8804034

mem[X,0x00000000800002EC] -> 0x9093
mem[X,0x00000000800002EE] -> 0x00B0
[192] [M]: 0x00000000800002EC (0x00B09093) slli ra, ra, 0xb
x1 <- 0xFFFE15440201A000

mem[X,0x00000000800002F0] -> 0x8093
mem[X,0x00000000800002F2] -> 0x03F0
[193] [M]: 0x00000000800002F0 (0x03F08093) addi ra, ra, 0x3f
x1 <- 0xFFFE15440201A03F

mem[X,0x00000000800002F4] -> 0x9093
mem[X,0x00000000800002F6] -> 0x00A0
[194] [M]: 0x00000000800002F4 (0x00A09093) slli ra, ra, 0xa
x1 <- 0xF85510080680FC00

mem[X,0x00000000800002F8] -> 0x8093
mem[X,0x00000000800002FA] -> 0x1100
[195] [M]: 0x00000000800002F8 (0x11008093) addi ra, ra, 0x110
x1 <- 0xF85510080680FD10

mem[X,0x00000000800002FC] -> 0x183B
mem[X,0x00000000800002FE] -> 0xB41B
[196] [M]: 0x00000000800002FC (0xB41B183B) pdifsumu.b a6, s6, ra
x16 <- 0xF8551008068100A0

mem[X,0x0000000080000300] -> 0x3023
mem[X,0x0000000080000302] -> 0x0304
[197] [M]: 0x0000000080000300 (0x03043023) sd a6, 0x20(fp)
mem[0x0000000080004138] <- 0xF8551008068100A0

mem[X,0x0000000080000304] -> 0x0037
mem[X,0x0000000080000306] -> 0x8009
[198] [M]: 0x0000000080000304 (0x80090037) lui zero, -0x7ff70

mem[X,0x0000000080000308] -> 0x0013
mem[X,0x000000008000030A] -> 0x0C00
[199] [M]: 0x0000000080000308 (0x0C000013) addi zero, zero, 0xc0

clint::tick mtime <- 0x0000000000000002
 clint timer pending at mtime 0x0000000000000002
htif::tick 0x0000000000000000
mem[X,0x000000008000030C] -> 0x1013
mem[X,0x000000008000030E] -> 0x00B0
[200] [M]: 0x000000008000030C (0x00B01013) slli zero, zero, 0xb

mem[X,0x0000000080000310] -> 0x0013
mem[X,0x0000000080000312] -> 0x04F0
[201] [M]: 0x0000000080000310 (0x04F00013) addi zero, zero, 0x4f

mem[X,0x0000000080000314] -> 0x1013
mem[X,0x0000000080000316] -> 0x00B0
[202] [M]: 0x0000000080000314 (0x00B01013) slli zero, zero, 0xb

mem[X,0x0000000080000318] -> 0x0013
mem[X,0x000000008000031A] -> 0x77D0
[203] [M]: 0x0000000080000318 (0x77D00013) addi zero, zero, 0x77d

mem[X,0x000000008000031C] -> 0x1013
mem[X,0x000000008000031E] -> 0x00A0
[204] [M]: 0x000000008000031C (0x00A01013) slli zero, zero, 0xa

mem[X,0x0000000080000320] -> 0x0013
mem[X,0x0000000080000322] -> 0x3020
[205] [M]: 0x0000000080000320 (0x30200013) addi zero, zero, 0x302

mem[X,0x0000000080000324] -> 0xFD37
mem[X,0x0000000080000326] -> 0x05F9
[206] [M]: 0x0000000080000324 (0x05F9FD37) lui s10, 0x5f9f
x26 <- 0x0000000005F9F000

mem[X,0x0000000080000328] -> 0x0D13
mem[X,0x000000008000032A] -> 0x7FBD
[207] [M]: 0x0000000080000328 (0x7FBD0D13) addi s10, s10, 0x7fb
x26 <- 0x0000000005F9F7FB

mem[X,0x000000008000032C] -> 0x1D13
mem[X,0x000000008000032E] -> 0x00BD
[208] [M]: 0x000000008000032C (0x00BD1D13) slli s10, s10, 0xb
x26 <- 0x0000002FCFBFD800

mem[X,0x0000000080000330] -> 0x0D13
mem[X,0x0000000080000332] -> 0x7B8D
[209] [M]: 0x0000000080000330 (0x7B8D0D13) addi s10, s10, 0x7b8
x26 <- 0x0000002FCFBFDFB8

mem[X,0x0000000080000334] -> 0x1D13
mem[X,0x0000000080000336] -> 0x00BD
[210] [M]: 0x0000000080000334 (0x00BD1D13) slli s10, s10, 0xb
x26 <- 0x00017E7DFEFDC000

mem[X,0x0000000080000338] -> 0x0D13
mem[X,0x000000008000033A] -> 0x401D
[211] [M]: 0x0000000080000338 (0x401D0D13) addi s10, s10, 0x401
x26 <- 0x00017E7DFEFDC401

mem[X,0x000000008000033C] -> 0x1D13
mem[X,0x000000008000033E] -> 0x00AD
[212] [M]: 0x000000008000033C (0x00AD1D13) slli s10, s10, 0xa
x26 <- 0x05F9F7FBF7100400

mem[X,0x0000000080000340] -> 0x0D13
mem[X,0x0000000080000342] -> 0x110D
[213] [M]: 0x0000000080000340 (0x110D0D13) addi s10, s10, 0x110
x26 <- 0x05F9F7FBF7100510

mem[X,0x0000000080000344] -> 0x14BB
mem[X,0x0000000080000346] -> 0xB5A0
[214] [M]: 0x0000000080000344 (0xB5A014BB) pdifsumu.b s1, zero, s10
x9 <- 0x05F9F7FBF710091C

mem[X,0x0000000080000348] -> 0x3423
mem[X,0x000000008000034A] -> 0x0294
[215] [M]: 0x0000000080000348 (0x02943423) sd s1, 0x28(fp)
mem[0x0000000080004140] <- 0x05F9F7FBF710091C

mem[X,0x000000008000034C] -> 0x01B7
mem[X,0x000000008000034E] -> 0xF7F8
[216] [M]: 0x000000008000034C (0xF7F801B7) lui gp, -0x8080
x3 <- 0xFFFFFFFFF7F80000

mem[X,0x0000000080000350] -> 0x8193
mem[X,0x0000000080000352] -> 0xCF81
[217] [M]: 0x0000000080000350 (0xCF818193) addi gp, gp, -0x308
x3 <- 0xFFFFFFFFF7F7FCF8

mem[X,0x0000000080000354] -> 0x9193
mem[X,0x0000000080000356] -> 0x00B1
[218] [M]: 0x0000000080000354 (0x00B19193) slli gp, gp, 0xb
x3 <- 0xFFFFFFBFBFE7C000

mem[X,0x0000000080000358] -> 0x8193
mem[X,0x000000008000035A] -> 0x7C81
[219] [M]: 0x0000000080000358 (0x7C818193) addi gp, gp, 0x7c8
x3 <- 0xFFFFFFBFBFE7C7C8

mem[X,0x000000008000035C] -> 0x9193
mem[X,0x000000008000035E] -> 0x00B1
[220] [M]: 0x000000008000035C (0x00B19193) slli gp, gp, 0xb
x3 <- 0xFFFDFDFF3E3E4000

mem[X,0x0000000080000360] -> 0x8193
mem[X,0x0000000080000362] -> 0x0001
[221] [M]: 0x0000000080000360 (0x00018193) addi gp, gp, 0x0
x3 <- 0xFFFDFDFF3E3E4000

mem[X,0x0000000080000364] -> 0x9193
mem[X,0x0000000080000366] -> 0x00A1
[222] [M]: 0x0000000080000364 (0x00A19193) slli gp, gp, 0xa
x3 <- 0xF7F7FCF8F9000000

mem[X,0x0000000080000368] -> 0x8193
mem[X,0x000000008000036A] -> 0x2041
[223] [M]: 0x0000000080000368 (0x20418193) addi gp, gp, 0x204
x3 <- 0xF7F7FCF8F9000204

mem[X,0x000000008000036C] -> 0x0237
mem[X,0x000000008000036E] -> 0xF810
[224] [M]: 0x000000008000036C (0xF8100237) lui tp, -0x7f00
x4 <- 0xFFFFFFFFF8100000

mem[X,0x0000000080000370] -> 0x0213
mem[X,0x0000000080000372] -> 0x6FD2
[225] [M]: 0x0000000080000370 (0x6FD20213) addi tp, tp, 0x6fd
x4 <- 0xFFFFFFFFF81006FD

mem[X,0x0000000080000374] -> 0x1213
mem[X,0x0000000080000376] -> 0x00B2
[226] [M]: 0x0000000080000374 (0x00B21213) slli tp, tp, 0xb
x4 <- 0xFFFFFFC08037E800

mem[X,0x0000000080000378] -> 0x0213
mem[X,0x000000008000037A] -> 0x04F2
[227] [M]: 0x0000000080000378 (0x04F20213) addi tp, tp, 0x4f
x4 <- 0xFFFFFFC08037E84F

mem[X,0x000000008000037C] -> 0x1213
mem[X,0x000000008000037E] -> 0x00B2
[228] [M]: 0x000000008000037C (0x00B21213) slli tp, tp, 0xb
x4 <- 0xFFFE0401BF427800

mem[X,0x0000000080000380] -> 0x0213
mem[X,0x0000000080000382] -> 0x7BD2
[229] [M]: 0x0000000080000380 (0x7BD20213) addi tp, tp, 0x7bd
x4 <- 0xFFFE0401BF427FBD

mem[X,0x0000000080000384] -> 0x1213
mem[X,0x0000000080000386] -> 0x00A2
[230] [M]: 0x0000000080000384 (0x00A21213) slli tp, tp, 0xa
x4 <- 0xF81006FD09FEF400

mem[X,0x0000000080000388] -> 0x0213
mem[X,0x000000008000038A] -> 0x3FF2
[231] [M]: 0x0000000080000388 (0x3FF20213) addi tp, tp, 0x3ff
x4 <- 0xF81006FD09FEF7FF

mem[X,0x000000008000038C] -> 0x963B
mem[X,0x000000008000038E] -> 0xB441
[232] [M]: 0x000000008000038C (0xB441963B) pdifsumu.b a2, gp, tp
x12 <- 0xF81006FD09FEFDC0

mem[X,0x0000000080000390] -> 0x3823
mem[X,0x0000000080000392] -> 0x02C4
[233] [M]: 0x0000000080000390 (0x02C43823) sd a2, 0x30(fp)
mem[0x0000000080004148] <- 0xF81006FD09FEFDC0

mem[X,0x0000000080000394] -> 0x0237
mem[X,0x0000000080000396] -> 0xF7F0
[234] [M]: 0x0000000080000394 (0xF7F00237) lui tp, -0x8100
x4 <- 0xFFFFFFFFF7F00000

mem[X,0x0000000080000398] -> 0x0213
mem[X,0x000000008000039A] -> 0xF552
[235] [M]: 0x0000000080000398 (0xF5520213) addi tp, tp, -0xab
x4 <- 0xFFFFFFFFF7EFFF55

mem[X,0x000000008000039C] -> 0x1213
mem[X,0x000000008000039E] -> 0x00B2
[236] [M]: 0x000000008000039C (0x00B21213) slli tp, tp, 0xb
x4 <- 0xFFFFFFBF7FFAA800

mem[X,0x00000000800003A0] -> 0x0213
mem[X,0x00000000800003A2] -> 0x7D72
[237] [M]: 0x00000000800003A0 (0x7D720213) addi tp, tp, 0x7d7
x4 <- 0xFFFFFFBF7FFAAFD7

mem[X,0x00000000800003A4] -> 0x1213
mem[X,0x00000000800003A6] -> 0x00B2
[238] [M]: 0x00000000800003A4 (0x00B21213) slli tp, tp, 0xb
x4 <- 0xFFFDFBFFD57EB800

mem[X,0x00000000800003A8] -> 0x0213
mem[X,0x00000000800003AA] -> 0x6BD2
[239] [M]: 0x00000000800003A8 (0x6BD20213) addi tp, tp, 0x6bd
x4 <- 0xFFFDFBFFD57EBEBD

mem[X,0x00000000800003AC] -> 0x1213
mem[X,0x00000000800003AE] -> 0x00A2
[240] [M]: 0x00000000800003AC (0x00A21213) slli tp, tp, 0xa
x4 <- 0xF7EFFF55FAFAF400

mem[X,0x00000000800003B0] -> 0x0213
mem[X,0x00000000800003B2] -> 0x3082
[241] [M]: 0x00000000800003B0 (0x30820213) addi tp, tp, 0x308
x4 <- 0xF7EFFF55FAFAF708

mem[X,0x00000000800003B4] -> 0x1A37
mem[X,0x00000000800003B6] -> 0x07C0
[242] [M]: 0x00000000800003B4 (0x07C01A37) lui s4, 0x7c01
x20 <- 0x0000000007C01000

mem[X,0x00000000800003B8] -> 0x0A13
mem[X,0x00000000800003BA] -> 0x9FBA
[243] [M]: 0x00000000800003B8 (0x9FBA0A13) addi s4, s4, -0x605
x20 <- 0x0000000007C009FB

mem[X,0x00000000800003BC] -> 0x1A13
mem[X,0x00000000800003BE] -> 0x00BA
[244] [M]: 0x00000000800003BC (0x00BA1A13) slli s4, s4, 0xb
x20 <- 0x0000003E004FD800

mem[X,0x00000000800003C0] -> 0x0A13
mem[X,0x00000000800003C2] -> 0x405A
[245] [M]: 0x00000000800003C0 (0x405A0A13) addi s4, s4, 0x405
x20 <- 0x0000003E004FDC05

mem[X,0x00000000800003C4] -> 0x1A13
mem[X,0x00000000800003C6] -> 0x00BA
[246] [M]: 0x00000000800003C4 (0x00BA1A13) slli s4, s4, 0xb
x20 <- 0x0001F0027EE02800

mem[X,0x00000000800003C8] -> 0x0A13
mem[X,0x00000000800003CA] -> 0x280A
[247] [M]: 0x00000000800003C8 (0x280A0A13) addi s4, s4, 0x280
x20 <- 0x0001F0027EE02A80

mem[X,0x00000000800003CC] -> 0x1A13
mem[X,0x00000000800003CE] -> 0x00AA
[248] [M]: 0x00000000800003CC (0x00AA1A13) slli s4, s4, 0xa
x20 <- 0x07C009FB80AA0000

mem[X,0x00000000800003D0] -> 0x0A13
mem[X,0x00000000800003D2] -> 0x2F9A
[249] [M]: 0x00000000800003D0 (0x2F9A0A13) addi s4, s4, 0x2f9
x20 <- 0x07C009FB80AA02F9

mem[X,0x00000000800003D4] -> 0x19BB
mem[X,0x00000000800003D6] -> 0xB542
[250] [M]: 0x00000000800003D4 (0xB54219BB) pdifsumu.b s3, tp, s4
x19 <- 0x07C009FB80AA0864

mem[X,0x00000000800003D8] -> 0x3C23
mem[X,0x00000000800003DA] -> 0x0334
[251] [M]: 0x00000000800003D8 (0x03343C23) sd s3, 0x38(fp)
mem[0x0000000080004150] <- 0x07C009FB80AA0864

mem[X,0x00000000800003DC] -> 0xFAB7
mem[X,0x00000000800003DE] -> 0xAAF8
[252] [M]: 0x00000000800003DC (0xAAF8FAB7) lui s5, -0x55071
x21 <- 0xFFFFFFFFAAF8F000

mem[X,0x00000000800003E0] -> 0x8A93
mem[X,0x00000000800003E2] -> 0x6FCA
[253] [M]: 0x00000000800003E0 (0x6FCA8A93) addi s5, s5, 0x6fc
x21 <- 0xFFFFFFFFAAF8F6FC

mem[X,0x00000000800003E4] -> 0x9A93
mem[X,0x00000000800003E6] -> 0x00BA
[254] [M]: 0x00000000800003E4 (0x00BA9A93) slli s5, s5, 0xb
x21 <- 0xFFFFFD57C7B7E000

mem[X,0x00000000800003E8] -> 0x8A93
mem[X,0x00000000800003EA] -> 0x03FA
[255] [M]: 0x00000000800003E8 (0x03FA8A93) addi s5, s5, 0x3f
x21 <- 0xFFFFFD57C7B7E03F

mem[X,0x00000000800003EC] -> 0x9A93
mem[X,0x00000000800003EE] -> 0x00BA
[256] [M]: 0x00000000800003EC (0x00BA9A93) slli s5, s5, 0xb
x21 <- 0xFFEABE3DBF01F800

mem[X,0x00000000800003F0] -> 0x8A93
mem[X,0x00000000800003F2] -> 0x640A
[257] [M]: 0x00000000800003F0 (0x640A8A93) addi s5, s5, 0x640
x21 <- 0xFFEABE3DBF01FE40

mem[X,0x00000000800003F4] -> 0x9A93
mem[X,0x00000000800003F6] -> 0x00AA
[258] [M]: 0x00000000800003F4 (0x00AA9A93) slli s5, s5, 0xa
x21 <- 0xAAF8F6FC07F90000

mem[X,0x00000000800003F8] -> 0x8A93
mem[X,0x00000000800003FA] -> 0x210A
[259] [M]: 0x00000000800003F8 (0x210A8A93) addi s5, s5, 0x210
x21 <- 0xAAF8F6FC07F90210

mem[X,0x00000000800003FC] -> 0x0537
mem[X,0x00000000800003FE] -> 0x7F01
[260] [M]: 0x00000000800003FC (0x7F010537) lui a0, 0x7f010
x10 <- 0x000000007F010000

mem[X,0x0000000080000400] -> 0x0513
mem[X,0x0000000080000402] -> 0x8555
[261] [M]: 0x0000000080000400 (0x85550513) addi a0, a0, -0x7ab
x10 <- 0x000000007F00F855

mem[X,0x0000000080000404] -> 0x1513
mem[X,0x0000000080000406] -> 0x00B5
[262] [M]: 0x0000000080000404 (0x00B51513) slli a0, a0, 0xb
x10 <- 0x000003F807C2A800

mem[X,0x0000000080000408] -> 0x0513
mem[X,0x000000008000040A] -> 0x01E5
[263] [M]: 0x0000000080000408 (0x01E50513) addi a0, a0, 0x1e
x10 <- 0x000003F807C2A81E

mem[X,0x000000008000040C] -> 0x1513
mem[X,0x000000008000040E] -> 0x00B5
[264] [M]: 0x000000008000040C (0x00B51513) slli a0, a0, 0xb
x10 <- 0x001FC03E1540F000

mem[X,0x0000000080000410] -> 0x0513
mem[X,0x0000000080000412] -> 0x03B5
[265] [M]: 0x0000000080000410 (0x03B50513) addi a0, a0, 0x3b
x10 <- 0x001FC03E1540F03B

mem[X,0x0000000080000414] -> 0x1513
mem[X,0x0000000080000416] -> 0x00A5
[266] [M]: 0x0000000080000414 (0x00A51513) slli a0, a0, 0xa
x10 <- 0x7F00F85503C0EC00

mem[X,0x0000000080000418] -> 0x0513
mem[X,0x000000008000041A] -> 0x3F65
[267] [M]: 0x0000000080000418 (0x3F650513) addi a0, a0, 0x3f6
x10 <- 0x7F00F85503C0EFF6

mem[X,0x000000008000041C] -> 0x9E3B
mem[X,0x000000008000041E] -> 0xB4AA
[268] [M]: 0x000000008000041C (0xB4AA9E3B) pdifsumu.b t3, s5, a0
x28 <- 0x7F00F85503C0F3D2

mem[X,0x0000000080000420] -> 0x3023
mem[X,0x0000000080000422] -> 0x05C4
[269] [M]: 0x0000000080000420 (0x05C43023) sd t3, 0x40(fp)
mem[0x0000000080004158] <- 0x7F00F85503C0F3D2

mem[X,0x0000000080000424] -> 0x0E37
mem[X,0x0000000080000426] -> 0xC0FA
[270] [M]: 0x0000000080000424 (0xC0FA0E37) lui t3, -0x3f060
x28 <- 0xFFFFFFFFC0FA0000

mem[X,0x0000000080000428] -> 0x0E13
mem[X,0x000000008000042A] -> 0xA7FE
[271] [M]: 0x0000000080000428 (0xA7FE0E13) addi t3, t3, -0x581
x28 <- 0xFFFFFFFFC0F9FA7F

mem[X,0x000000008000042C] -> 0x1E13
mem[X,0x000000008000042E] -> 0x00BE
[272] [M]: 0x000000008000042C (0x00BE1E13) slli t3, t3, 0xb
x28 <- 0xFFFFFE07CFD3F800

mem[X,0x0000000080000430] -> 0x0E13
mem[X,0x0000000080000432] -> 0x7D0E
[273] [M]: 0x0000000080000430 (0x7D0E0E13) addi t3, t3, 0x7d0
x28 <- 0xFFFFFE07CFD3FFD0

mem[X,0x0000000080000434] -> 0x1E13
mem[X,0x0000000080000436] -> 0x00BE
[274] [M]: 0x0000000080000434 (0x00BE1E13) slli t3, t3, 0xb
x28 <- 0xFFF03E7E9FFE8000

mem[X,0x0000000080000438] -> 0x0E13
mem[X,0x000000008000043A] -> 0x020E
[275] [M]: 0x0000000080000438 (0x020E0E13) addi t3, t3, 0x20
x28 <- 0xFFF03E7E9FFE8020

mem[X,0x000000008000043C] -> 0x1E13
mem[X,0x000000008000043E] -> 0x00AE
[276] [M]: 0x000000008000043C (0x00AE1E13) slli t3, t3, 0xa
x28 <- 0xC0F9FA7FFA008000

mem[X,0x0000000080000440] -> 0x0E13
mem[X,0x0000000080000442] -> 0x020E
[277] [M]: 0x0000000080000440 (0x020E0E13) addi t3, t3, 0x20
x28 <- 0xC0F9FA7FFA008020

mem[X,0x0000000080000444] -> 0x0EB7
mem[X,0x0000000080000446] -> 0x4001
[278] [M]: 0x0000000080000444 (0x40010EB7) lui t4, 0x40010
x29 <- 0x0000000040010000

mem[X,0x0000000080000448] -> 0x8E93
mem[X,0x000000008000044A] -> 0x180E
[279] [M]: 0x0000000080000448 (0x180E8E93) addi t4, t4, 0x180
x29 <- 0x0000000040010180

mem[X,0x000000008000044C] -> 0x9E93
mem[X,0x000000008000044E] -> 0x00BE
[280] [M]: 0x000000008000044C (0x00BE9E93) slli t4, t4, 0xb
x29 <- 0x00000200080C0000

mem[X,0x0000000080000450] -> 0x8E93
mem[X,0x0000000080000452] -> 0x77FE
[281] [M]: 0x0000000080000450 (0x77FE8E93) addi t4, t4, 0x77f
x29 <- 0x00000200080C077F

mem[X,0x0000000080000454] -> 0x9E93
mem[X,0x0000000080000456] -> 0x00BE
[282] [M]: 0x0000000080000454 (0x00BE9E93) slli t4, t4, 0xb
x29 <- 0x00100040603BF800

mem[X,0x0000000080000458] -> 0x8E93
mem[X,0x000000008000045A] -> 0x7C2E
[283] [M]: 0x0000000080000458 (0x7C2E8E93) addi t4, t4, 0x7c2
x29 <- 0x00100040603BFFC2

mem[X,0x000000008000045C] -> 0x9E93
mem[X,0x000000008000045E] -> 0x00AE
[284] [M]: 0x000000008000045C (0x00AE9E93) slli t4, t4, 0xa
x29 <- 0x40010180EFFF0800

mem[X,0x0000000080000460] -> 0x8E93
mem[X,0x0000000080000462] -> 0x1F9E
[285] [M]: 0x0000000080000460 (0x1F9E8E93) addi t4, t4, 0x1f9
x29 <- 0x40010180EFFF09F9

mem[X,0x0000000080000464] -> 0x1B3B
mem[X,0x0000000080000466] -> 0xB5DE
[286] [M]: 0x0000000080000464 (0xB5DE1B3B) pdifsumu.b s6, t3, t4
x22 <- 0x40010180EFFF0EC5

mem[X,0x0000000080000468] -> 0x3423
mem[X,0x000000008000046A] -> 0x0564
[287] [M]: 0x0000000080000468 (0x05643423) sd s6, 0x48(fp)
mem[0x0000000080004160] <- 0x40010180EFFF0EC5

mem[X,0x000000008000046C] -> 0xC537
mem[X,0x000000008000046E] -> 0x00FE
[288] [M]: 0x000000008000046C (0x00FEC537) lui a0, 0xfec
x10 <- 0x0000000000FEC000

mem[X,0x0000000080000470] -> 0x0513
mem[X,0x0000000080000472] -> 0xF7F5
[289] [M]: 0x0000000080000470 (0xF7F50513) addi a0, a0, -0x81
x10 <- 0x0000000000FEBF7F

mem[X,0x0000000080000474] -> 0x1513
mem[X,0x0000000080000476] -> 0x00B5
[290] [M]: 0x0000000080000474 (0x00B51513) slli a0, a0, 0xb
x10 <- 0x00000007F5FBF800

mem[X,0x0000000080000478] -> 0x0513
mem[X,0x000000008000047A] -> 0x7D85
[291] [M]: 0x0000000080000478 (0x7D850513) addi a0, a0, 0x7d8
x10 <- 0x00000007F5FBFFD8

mem[X,0x000000008000047C] -> 0x1513
mem[X,0x000000008000047E] -> 0x00B5
[292] [M]: 0x000000008000047C (0x00B51513) slli a0, a0, 0xb
x10 <- 0x00003FAFDFFEC000

mem[X,0x0000000080000480] -> 0x0513
mem[X,0x0000000080000482] -> 0x1805
[293] [M]: 0x0000000080000480 (0x18050513) addi a0, a0, 0x180
x10 <- 0x00003FAFDFFEC180

mem[X,0x0000000080000484] -> 0x1513
mem[X,0x0000000080000486] -> 0x00A5
[294] [M]: 0x0000000080000484 (0x00A51513) slli a0, a0, 0xa
x10 <- 0x00FEBF7FFB060000

mem[X,0x0000000080000488] -> 0x0513
mem[X,0x000000008000048A] -> 0x2405
[295] [M]: 0x0000000080000488 (0x24050513) addi a0, a0, 0x240
x10 <- 0x00FEBF7FFB060240

mem[X,0x000000008000048C] -> 0xC037
mem[X,0x000000008000048E] -> 0xFC40
[296] [M]: 0x000000008000048C (0xFC40C037) lui zero, -0x3bf4

mem[X,0x0000000080000490] -> 0x0013
mem[X,0x0000000080000492] -> 0xF080
[297] [M]: 0x0000000080000490 (0xF0800013) addi zero, zero, -0xf8

mem[X,0x0000000080000494] -> 0x1013
mem[X,0x0000000080000496] -> 0x00B0
[298] [M]: 0x0000000080000494 (0x00B01013) slli zero, zero, 0xb

mem[X,0x0000000080000498] -> 0x0013
mem[X,0x000000008000049A] -> 0x0850
[299] [M]: 0x0000000080000498 (0x08500013) addi zero, zero, 0x85

clint::tick mtime <- 0x0000000000000003
 clint timer pending at mtime 0x0000000000000003
htif::tick 0x0000000000000000
mem[X,0x000000008000049C] -> 0x1013
mem[X,0x000000008000049E] -> 0x00B0
[300] [M]: 0x000000008000049C (0x00B01013) slli zero, zero, 0xb

mem[X,0x00000000800004A0] -> 0x0013
mem[X,0x00000000800004A2] -> 0x7EF0
[301] [M]: 0x00000000800004A0 (0x7EF00013) addi zero, zero, 0x7ef

mem[X,0x00000000800004A4] -> 0x1013
mem[X,0x00000000800004A6] -> 0x00A0
[302] [M]: 0x00000000800004A4 (0x00A01013) slli zero, zero, 0xa

mem[X,0x00000000800004A8] -> 0x0013
mem[X,0x00000000800004AA] -> 0x3FD0
[303] [M]: 0x00000000800004A8 (0x3FD00013) addi zero, zero, 0x3fd

mem[X,0x00000000800004AC] -> 0x11BB
mem[X,0x00000000800004AE] -> 0xB405
[304] [M]: 0x00000000800004AC (0xB40511BB) pdifsumu.b gp, a0, zero
x3 <- 0x000000000000037F

mem[X,0x00000000800004B0] -> 0x3823
mem[X,0x00000000800004B2] -> 0x0434
[305] [M]: 0x00000000800004B0 (0x04343823) sd gp, 0x50(fp)
mem[0x0000000080004168] <- 0x000000000000037F

mem[X,0x00000000800004B4] -> 0x0337
mem[X,0x00000000800004B6] -> 0xF7AA
[306] [M]: 0x00000000800004B4 (0xF7AA0337) lui t1, -0x8560
x6 <- 0xFFFFFFFFF7AA0000

mem[X,0x00000000800004B8] -> 0x0313
mem[X,0x00000000800004BA] -> 0x0803
[307] [M]: 0x00000000800004B8 (0x08030313) addi t1, t1, 0x80
x6 <- 0xFFFFFFFFF7AA0080

mem[X,0x00000000800004BC] -> 0x1313
mem[X,0x00000000800004BE] -> 0x00B3
[308] [M]: 0x00000000800004BC (0x00B31313) slli t1, t1, 0xb
x6 <- 0xFFFFFFBD50040000

mem[X,0x00000000800004C0] -> 0x0313
mem[X,0x00000000800004C2] -> 0x7B03
[309] [M]: 0x00000000800004C0 (0x7B030313) addi t1, t1, 0x7b0
x6 <- 0xFFFFFFBD500407B0

mem[X,0x00000000800004C4] -> 0x1313
mem[X,0x00000000800004C6] -> 0x00B3
[310] [M]: 0x00000000800004C4 (0x00B31313) slli t1, t1, 0xb
x6 <- 0xFFFDEA80203D8000

mem[X,0x00000000800004C8] -> 0x0313
mem[X,0x00000000800004CA] -> 0x1C03
[311] [M]: 0x00000000800004C8 (0x1C030313) addi t1, t1, 0x1c0
x6 <- 0xFFFDEA80203D81C0

mem[X,0x00000000800004CC] -> 0x1313
mem[X,0x00000000800004CE] -> 0x00A3
[312] [M]: 0x00000000800004CC (0x00A31313) slli t1, t1, 0xa
x6 <- 0xF7AA0080F6070000

mem[X,0x00000000800004D0] -> 0x0313
mem[X,0x00000000800004D2] -> 0x2FE3
[313] [M]: 0x00000000800004D0 (0x2FE30313) addi t1, t1, 0x2fe
x6 <- 0xF7AA0080F60702FE

mem[X,0x00000000800004D4] -> 0x0137
mem[X,0x00000000800004D6] -> 0xFB06
[314] [M]: 0x00000000800004D4 (0xFB060137) lui sp, -0x4fa0
x2 <- 0xFFFFFFFFFB060000

mem[X,0x00000000800004D8] -> 0x0113
mem[X,0x00000000800004DA] -> 0xAFF1
[315] [M]: 0x00000000800004D8 (0xAFF10113) addi sp, sp, -0x501
x2 <- 0xFFFFFFFFFB05FAFF

mem[X,0x00000000800004DC] -> 0x1113
mem[X,0x00000000800004DE] -> 0x00B1
[316] [M]: 0x00000000800004DC (0x00B11113) slli sp, sp, 0xb
x2 <- 0xFFFFFFD82FD7F800

mem[X,0x00000000800004E0] -> 0x0113
mem[X,0x00000000800004E2] -> 0x0281
[317] [M]: 0x00000000800004E0 (0x02810113) addi sp, sp, 0x28
x2 <- 0xFFFFFFD82FD7F828

mem[X,0x00000000800004E4] -> 0x1113
mem[X,0x00000000800004E6] -> 0x00B1
[318] [M]: 0x00000000800004E4 (0x00B11113) slli sp, sp, 0xb
x2 <- 0xFFFEC17EBFC14000

mem[X,0x00000000800004E8] -> 0x0113
mem[X,0x00000000800004EA] -> 0x2401
[319] [M]: 0x00000000800004E8 (0x24010113) addi sp, sp, 0x240
x2 <- 0xFFFEC17EBFC14240

mem[X,0x00000000800004EC] -> 0x1113
mem[X,0x00000000800004EE] -> 0x00A1
[320] [M]: 0x00000000800004EC (0x00A11113) slli sp, sp, 0xa
x2 <- 0xFB05FAFF05090000

mem[X,0x00000000800004F0] -> 0x0113
mem[X,0x00000000800004F2] -> 0x3061
[321] [M]: 0x00000000800004F0 (0x30610113) addi sp, sp, 0x306
x2 <- 0xFB05FAFF05090306

mem[X,0x00000000800004F4] -> 0x1EBB
mem[X,0x00000000800004F6] -> 0xB423
[322] [M]: 0x00000000800004F4 (0xB4231EBB) pdifsumu.b t4, t1, sp
x29 <- 0xFB05FAFF05090714

mem[X,0x00000000800004F8] -> 0x3C23
mem[X,0x00000000800004FA] -> 0x05D4
[323] [M]: 0x00000000800004F8 (0x05D43C23) sd t4, 0x58(fp)
mem[0x0000000080004170] <- 0xFB05FAFF05090714

mem[X,0x00000000800004FC] -> 0x42B7
mem[X,0x00000000800004FE] -> 0x08FB
[324] [M]: 0x00000000800004FC (0x08FB42B7) lui t0, 0x8fb4
x5 <- 0x0000000008FB4000

mem[X,0x0000000080000500] -> 0x8293
mem[X,0x0000000080000502] -> 0x0FA2
[325] [M]: 0x0000000080000500 (0x0FA28293) addi t0, t0, 0xfa
x5 <- 0x0000000008FB40FA

mem[X,0x0000000080000504] -> 0x9293
mem[X,0x0000000080000506] -> 0x00B2
[326] [M]: 0x0000000080000504 (0x00B29293) slli t0, t0, 0xb
x5 <- 0x00000047DA07D000

mem[X,0x0000000080000508] -> 0x8293
mem[X,0x000000008000050A] -> 0x1052
[327] [M]: 0x0000000080000508 (0x10528293) addi t0, t0, 0x105
x5 <- 0x00000047DA07D105

mem[X,0x000000008000050C] -> 0x9293
mem[X,0x000000008000050E] -> 0x00B2
[328] [M]: 0x000000008000050C (0x00B29293) slli t0, t0, 0xb
x5 <- 0x00023ED03E882800

mem[X,0x0000000080000510] -> 0x8293
mem[X,0x0000000080000512] -> 0x7C12
[329] [M]: 0x0000000080000510 (0x7C128293) addi t0, t0, 0x7c1
x5 <- 0x00023ED03E882FC1

mem[X,0x0000000080000514] -> 0x9293
mem[X,0x0000000080000516] -> 0x00A2
[330] [M]: 0x0000000080000514 (0x00A29293) slli t0, t0, 0xa
x5 <- 0x08FB40FA20BF0400

mem[X,0x0000000080000518] -> 0x8293
mem[X,0x000000008000051A] -> 0x0FD2
[331] [M]: 0x0000000080000518 (0x0FD28293) addi t0, t0, 0xfd
x5 <- 0x08FB40FA20BF04FD

mem[X,0x000000008000051C] -> 0x0337
mem[X,0x000000008000051E] -> 0xDF05
[332] [M]: 0x000000008000051C (0xDF050337) lui t1, -0x20fb0
x6 <- 0xFFFFFFFFDF050000

mem[X,0x0000000080000520] -> 0x0313
mem[X,0x0000000080000522] -> 0x5C03
[333] [M]: 0x0000000080000520 (0x5C030313) addi t1, t1, 0x5c0
x6 <- 0xFFFFFFFFDF0505C0

mem[X,0x0000000080000524] -> 0x1313
mem[X,0x0000000080000526] -> 0x00B3
[334] [M]: 0x0000000080000524 (0x00B31313) slli t1, t1, 0xb
x6 <- 0xFFFFFEF8282E0000

mem[X,0x0000000080000528] -> 0x0313
mem[X,0x000000008000052A] -> 0x3F83
[335] [M]: 0x0000000080000528 (0x3F830313) addi t1, t1, 0x3f8
x6 <- 0xFFFFFEF8282E03F8

mem[X,0x000000008000052C] -> 0x1313
mem[X,0x000000008000052E] -> 0x00B3
[336] [M]: 0x000000008000052C (0x00B31313) slli t1, t1, 0xb
x6 <- 0xFFF7C141701FC000

mem[X,0x0000000080000530] -> 0x0313
mem[X,0x0000000080000532] -> 0x13F3
[337] [M]: 0x0000000080000530 (0x13F30313) addi t1, t1, 0x13f
x6 <- 0xFFF7C141701FC13F

mem[X,0x0000000080000534] -> 0x1313
mem[X,0x0000000080000536] -> 0x00A3
[338] [M]: 0x0000000080000534 (0x00A31313) slli t1, t1, 0xa
x6 <- 0xDF0505C07F04FC00

mem[X,0x0000000080000538] -> 0x0313
mem[X,0x000000008000053A] -> 0x1103
[339] [M]: 0x0000000080000538 (0x11030313) addi t1, t1, 0x110
x6 <- 0xDF0505C07F04FD10

mem[X,0x000000008000053C] -> 0x9C3B
mem[X,0x000000008000053E] -> 0xB462
[340] [M]: 0x000000008000053C (0xB4629C3B) pdifsumu.b s8, t0, t1
x24 <- 0xDF0505C07F050252

mem[X,0x0000000080000540] -> 0x3023
mem[X,0x0000000080000542] -> 0x0784
[341] [M]: 0x0000000080000540 (0x07843023) sd s8, 0x60(fp)
mem[0x0000000080004178] <- 0xDF0505C07F050252

mem[X,0x0000000080000544] -> 0x0937
mem[X,0x0000000080000546] -> 0x05BF
[342] [M]: 0x0000000080000544 (0x05BF0937) lui s2, 0x5bf0
x18 <- 0x0000000005BF0000

mem[X,0x0000000080000548] -> 0x0913
mem[X,0x000000008000054A] -> 0x6FC9
[343] [M]: 0x0000000080000548 (0x6FC90913) addi s2, s2, 0x6fc
x18 <- 0x0000000005BF06FC

mem[X,0x000000008000054C] -> 0x1913
mem[X,0x000000008000054E] -> 0x00B9
[344] [M]: 0x000000008000054C (0x00B91913) slli s2, s2, 0xb
x18 <- 0x0000002DF837E000

mem[X,0x0000000080000550] -> 0x0913
mem[X,0x0000000080000552] -> 0x2069
[345] [M]: 0x0000000080000550 (0x20690913) addi s2, s2, 0x206
x18 <- 0x0000002DF837E206

mem[X,0x0000000080000554] -> 0x1913
mem[X,0x0000000080000556] -> 0x00B9
[346] [M]: 0x0000000080000554 (0x00B91913) slli s2, s2, 0xb
x18 <- 0x00016FC1BF103000

mem[X,0x0000000080000558] -> 0x0913
mem[X,0x000000008000055A] -> 0x7C29
[347] [M]: 0x0000000080000558 (0x7C290913) addi s2, s2, 0x7c2
x18 <- 0x00016FC1BF1037C2

mem[X,0x000000008000055C] -> 0x1913
mem[X,0x000000008000055E] -> 0x00A9
[348] [M]: 0x000000008000055C (0x00A91913) slli s2, s2, 0xa
x18 <- 0x05BF06FC40DF0800

mem[X,0x0000000080000560] -> 0x0913
mem[X,0x0000000080000562] -> 0x0FB9
[349] [M]: 0x0000000080000560 (0x0FB90913) addi s2, s2, 0xfb
x18 <- 0x05BF06FC40DF08FB

mem[X,0x0000000080000564] -> 0xF6B7
mem[X,0x0000000080000566] -> 0xDFF7
[350] [M]: 0x0000000080000564 (0xDFF7F6B7) lui a3, -0x20081
x13 <- 0xFFFFFFFFDFF7F000

mem[X,0x0000000080000568] -> 0x8693
mem[X,0x000000008000056A] -> 0xFFA6
[351] [M]: 0x0000000080000568 (0xFFA68693) addi a3, a3, -0x6
x13 <- 0xFFFFFFFFDFF7EFFA

mem[X,0x000000008000056C] -> 0x9693
mem[X,0x000000008000056E] -> 0x00B6
[352] [M]: 0x000000008000056C (0x00B69693) slli a3, a3, 0xb
x13 <- 0xFFFFFEFFBF7FD000

mem[X,0x0000000080000570] -> 0x8693
mem[X,0x0000000080000572] -> 0x0016
[353] [M]: 0x0000000080000570 (0x00168693) addi a3, a3, 0x1
x13 <- 0xFFFFFEFFBF7FD001

mem[X,0x0000000080000574] -> 0x9693
mem[X,0x0000000080000576] -> 0x00B6
[354] [M]: 0x0000000080000574 (0x00B69693) slli a3, a3, 0xb
x13 <- 0xFFF7FDFBFE800800

mem[X,0x0000000080000578] -> 0x8693
mem[X,0x000000008000057A] -> 0x03E6
[355] [M]: 0x0000000080000578 (0x03E68693) addi a3, a3, 0x3e
x13 <- 0xFFF7FDFBFE80083E

mem[X,0x000000008000057C] -> 0x9693
mem[X,0x000000008000057E] -> 0x00A6
[356] [M]: 0x000000008000057C (0x00A69693) slli a3, a3, 0xa
x13 <- 0xDFF7EFFA0020F800

mem[X,0x0000000080000580] -> 0x8693
mem[X,0x0000000080000582] -> 0x2F86
[357] [M]: 0x0000000080000580 (0x2F868693) addi a3, a3, 0x2f8
x13 <- 0xDFF7EFFA0020FAF8

mem[X,0x0000000080000584] -> 0x17BB
mem[X,0x0000000080000586] -> 0xB4D9
[358] [M]: 0x0000000080000584 (0xB4D917BB) pdifsumu.b a5, s2, a3
x15 <- 0xDFF7EFFA0020FEE9

mem[X,0x0000000080000588] -> 0x3423
mem[X,0x000000008000058A] -> 0x06F4
[359] [M]: 0x0000000080000588 (0x06F43423) sd a5, 0x68(fp)
mem[0x0000000080004180] <- 0xDFF7EFFA0020FEE9

mem[X,0x000000008000058C] -> 0x0F37
mem[X,0x000000008000058E] -> 0xC001
[360] [M]: 0x000000008000058C (0xC0010F37) lui t5, -0x3fff0
x30 <- 0xFFFFFFFFC0010000

mem[X,0x0000000080000590] -> 0x0F13
mem[X,0x0000000080000592] -> 0xE09F
[361] [M]: 0x0000000080000590 (0xE09F0F13) addi t5, t5, -0x1f7
x30 <- 0xFFFFFFFFC000FE09

mem[X,0x0000000080000594] -> 0x1F13
mem[X,0x0000000080000596] -> 0x00BF
[362] [M]: 0x0000000080000594 (0x00BF1F13) slli t5, t5, 0xb
x30 <- 0xFFFFFE0007F04800

mem[X,0x0000000080000598] -> 0x0F13
mem[X,0x000000008000059A] -> 0x007F
[363] [M]: 0x0000000080000598 (0x007F0F13) addi t5, t5, 0x7
x30 <- 0xFFFFFE0007F04807

mem[X,0x000000008000059C] -> 0x1F13
mem[X,0x000000008000059E] -> 0x00BF
[364] [M]: 0x000000008000059C (0x00BF1F13) slli t5, t5, 0xb
x30 <- 0xFFF0003F82403800

mem[X,0x00000000800005A0] -> 0x0F13
mem[X,0x00000000800005A2] -> 0x741F
[365] [M]: 0x00000000800005A0 (0x741F0F13) addi t5, t5, 0x741
x30 <- 0xFFF0003F82403F41

mem[X,0x00000000800005A4] -> 0x1F13
mem[X,0x00000000800005A6] -> 0x00AF
[366] [M]: 0x00000000800005A4 (0x00AF1F13) slli t5, t5, 0xa
x30 <- 0xC000FE0900FD0400

mem[X,0x00000000800005A8] -> 0x0F13
mem[X,0x00000000800005AA] -> 0x3F7F
[367] [M]: 0x00000000800005A8 (0x3F7F0F13) addi t5, t5, 0x3f7
x30 <- 0xC000FE0900FD07F7

mem[X,0x00000000800005AC] -> 0x09B7
mem[X,0x00000000800005AE] -> 0x007F
[368] [M]: 0x00000000800005AC (0x007F09B7) lui s3, 0x7f0
x19 <- 0x00000000007F0000

mem[X,0x00000000800005B0] -> 0x8993
mem[X,0x00000000800005B2] -> 0x2F79
[369] [M]: 0x00000000800005B0 (0x2F798993) addi s3, s3, 0x2f7
x19 <- 0x00000000007F02F7

mem[X,0x00000000800005B4] -> 0x9993
mem[X,0x00000000800005B6] -> 0x00B9
[370] [M]: 0x00000000800005B4 (0x00B99993) slli s3, s3, 0xb
x19 <- 0x00000003F817B800

mem[X,0x00000000800005B8] -> 0x8993
mem[X,0x00000000800005BA] -> 0x7FF9
[371] [M]: 0x00000000800005B8 (0x7FF98993) addi s3, s3, 0x7ff
x19 <- 0x00000003F817BFFF

mem[X,0x00000000800005BC] -> 0x9993
mem[X,0x00000000800005BE] -> 0x00B9
[372] [M]: 0x00000000800005BC (0x00B99993) slli s3, s3, 0xb
x19 <- 0x00001FC0BDFFF800

mem[X,0x00000000800005C0] -> 0x8993
mem[X,0x00000000800005C2] -> 0x7AF9
[373] [M]: 0x00000000800005C0 (0x7AF98993) addi s3, s3, 0x7af
x19 <- 0x00001FC0BDFFFFAF

mem[X,0x00000000800005C4] -> 0x9993
mem[X,0x00000000800005C6] -> 0x00A9
[374] [M]: 0x00000000800005C4 (0x00A99993) slli s3, s3, 0xa
x19 <- 0x007F02F7FFFEBC00

mem[X,0x00000000800005C8] -> 0x8993
mem[X,0x00000000800005CA] -> 0x3019
[375] [M]: 0x00000000800005C8 (0x30198993) addi s3, s3, 0x301
x19 <- 0x007F02F7FFFEBF01

mem[X,0x00000000800005CC] -> 0x15BB
mem[X,0x00000000800005CE] -> 0xB53F
[376] [M]: 0x00000000800005CC (0xB53F15BB) pdifsumu.b a1, t5, s3
x11 <- 0x007F02F7FFFEC4D8

mem[X,0x00000000800005D0] -> 0x3823
mem[X,0x00000000800005D2] -> 0x06B4
[377] [M]: 0x00000000800005D0 (0x06B43823) sd a1, 0x70(fp)
mem[0x0000000080004188] <- 0x007F02F7FFFEC4D8

mem[X,0x00000000800005D4] -> 0x0013
mem[X,0x00000000800005D6] -> 0x0000
[378] [M]: 0x00000000800005D4 (0x00000013) addi zero, zero, 0x0

mem[X,0x00000000800005D8] -> 0x0013
mem[X,0x00000000800005DA] -> 0x0000
[379] [M]: 0x00000000800005D8 (0x00000013) addi zero, zero, 0x0

mem[X,0x00000000800005DC] -> 0x0013
mem[X,0x00000000800005DE] -> 0x0000
[380] [M]: 0x00000000800005DC (0x00000013) addi zero, zero, 0x0

mem[X,0x00000000800005E0] -> 0x4297
mem[X,0x00000000800005E2] -> 0x0000
[381] [M]: 0x00000000800005E0 (0x00004297) auipc t0, 0x4
x5 <- 0x00000000800045E0

mem[X,0x00000000800005E4] -> 0x8293
mem[X,0x00000000800005E6] -> 0xBB02
[382] [M]: 0x00000000800005E4 (0xBB028293) addi t0, t0, -0x450
x5 <- 0x0000000080004190

mem[X,0x00000000800005E8] -> 0x0013
mem[X,0x00000000800005EA] -> 0x0000
[383] [M]: 0x00000000800005E8 (0x00000013) addi zero, zero, 0x0

mem[X,0x00000000800005EC] -> 0x0013
mem[X,0x00000000800005EE] -> 0x0000
[384] [M]: 0x00000000800005EC (0x00000013) addi zero, zero, 0x0

mem[X,0x00000000800005F0] -> 0x0013
mem[X,0x00000000800005F2] -> 0x0000
[385] [M]: 0x00000000800005F0 (0x00000013) addi zero, zero, 0x0

mem[X,0x00000000800005F4] -> 0x0013
mem[X,0x00000000800005F6] -> 0x0000
[386] [M]: 0x00000000800005F4 (0x00000013) addi zero, zero, 0x0

mem[X,0x00000000800005F8] -> 0x0013
mem[X,0x00000000800005FA] -> 0x0000
[387] [M]: 0x00000000800005F8 (0x00000013) addi zero, zero, 0x0

mem[X,0x00000000800005FC] -> 0x0013
mem[X,0x00000000800005FE] -> 0x0000
[388] [M]: 0x00000000800005FC (0x00000013) addi zero, zero, 0x0

mem[X,0x0000000080000600] -> 0xC637
mem[X,0x0000000080000602] -> 0x02FB
[389] [M]: 0x0000000080000600 (0x02FBC637) lui a2, 0x2fbc
x12 <- 0x0000000002FBC000

mem[X,0x0000000080000604] -> 0x0613
mem[X,0x0000000080000606] -> 0xFFD6
[390] [M]: 0x0000000080000604 (0xFFD60613) addi a2, a2, -0x3
x12 <- 0x0000000002FBBFFD

mem[X,0x0000000080000608] -> 0x1613
mem[X,0x000000008000060A] -> 0x00B6
[391] [M]: 0x0000000080000608 (0x00B61613) slli a2, a2, 0xb
x12 <- 0x00000017DDFFE800

mem[X,0x000000008000060C] -> 0x0613
mem[X,0x000000008000060E] -> 0x4076
[392] [M]: 0x000000008000060C (0x40760613) addi a2, a2, 0x407
x12 <- 0x00000017DDFFEC07

mem[X,0x0000000080000610] -> 0x1613
mem[X,0x0000000080000612] -> 0x00B6
[393] [M]: 0x0000000080000610 (0x00B61613) slli a2, a2, 0xb
x12 <- 0x0000BEEFFF603800

mem[X,0x0000000080000614] -> 0x0613
mem[X,0x0000000080000616] -> 0x6C86
[394] [M]: 0x0000000080000614 (0x6C860613) addi a2, a2, 0x6c8
x12 <- 0x0000BEEFFF603EC8

mem[X,0x0000000080000618] -> 0x1613
mem[X,0x000000008000061A] -> 0x00A6
[395] [M]: 0x0000000080000618 (0x00A61613) slli a2, a2, 0xa
x12 <- 0x02FBBFFD80FB2000

mem[X,0x000000008000061C] -> 0x0613
mem[X,0x000000008000061E] -> 0x0EF6
[396] [M]: 0x000000008000061C (0x0EF60613) addi a2, a2, 0xef
x12 <- 0x02FBBFFD80FB20EF

mem[X,0x0000000080000620] -> 0x0B37
mem[X,0x0000000080000622] -> 0x7F11
[397] [M]: 0x0000000080000620 (0x7F110B37) lui s6, 0x7f110
x22 <- 0x000000007F110000

mem[X,0x0000000080000624] -> 0x0B13
mem[X,0x0000000080000626] -> 0xEFCB
[398] [M]: 0x0000000080000624 (0xEFCB0B13) addi s6, s6, -0x104
x22 <- 0x000000007F10FEFC

mem[X,0x0000000080000628] -> 0x1B13
mem[X,0x000000008000062A] -> 0x00BB
[399] [M]: 0x0000000080000628 (0x00BB1B13) slli s6, s6, 0xb
x22 <- 0x000003F887F7E000

clint::tick mtime <- 0x0000000000000004
 clint timer pending at mtime 0x0000000000000004
htif::tick 0x0000000000000000
mem[X,0x000000008000062C] -> 0x0B13
mem[X,0x000000008000062E] -> 0x7B8B
[400] [M]: 0x000000008000062C (0x7B8B0B13) addi s6, s6, 0x7b8
x22 <- 0x000003F887F7E7B8

mem[X,0x0000000080000630] -> 0x1B13
mem[X,0x0000000080000632] -> 0x00BB
[401] [M]: 0x0000000080000630 (0x00BB1B13) slli s6, s6, 0xb
x22 <- 0x001FC43FBF3DC000

mem[X,0x0000000080000634] -> 0x0B13
mem[X,0x0000000080000636] -> 0x082B
[402] [M]: 0x0000000080000634 (0x082B0B13) addi s6, s6, 0x82
x22 <- 0x001FC43FBF3DC082

mem[X,0x0000000080000638] -> 0x1B13
mem[X,0x000000008000063A] -> 0x00AB
[403] [M]: 0x0000000080000638 (0x00AB1B13) slli s6, s6, 0xa
x22 <- 0x7F10FEFCF7020800

mem[X,0x000000008000063C] -> 0x0B13
mem[X,0x000000008000063E] -> 0x0F7B
[404] [M]: 0x000000008000063C (0x0F7B0B13) addi s6, s6, 0xf7
x22 <- 0x7F10FEFCF70208F7

mem[X,0x0000000080000640] -> 0x1A3B
mem[X,0x0000000080000642] -> 0xB566
[405] [M]: 0x0000000080000640 (0xB5661A3B) pdifsumu.b s4, a2, s6
x20 <- 0x7F10FEFCF7020C2F

mem[X,0x0000000080000644] -> 0xB023
mem[X,0x0000000080000646] -> 0x0142
[406] [M]: 0x0000000080000644 (0x0142B023) sd s4, 0x0(t0)
mem[0x0000000080004190] <- 0x7F10FEFCF7020C2F

mem[X,0x0000000080000648] -> 0x0437
mem[X,0x000000008000064A] -> 0x0208
[407] [M]: 0x0000000080000648 (0x02080437) lui fp, 0x2080
x8 <- 0x0000000002080000

mem[X,0x000000008000064C] -> 0x0413
mem[X,0x000000008000064E] -> 0xD024
[408] [M]: 0x000000008000064C (0xD0240413) addi fp, fp, -0x2fe
x8 <- 0x000000000207FD02

mem[X,0x0000000080000650] -> 0x1413
mem[X,0x0000000080000652] -> 0x00B4
[409] [M]: 0x0000000080000650 (0x00B41413) slli fp, fp, 0xb
x8 <- 0x000000103FE81000

mem[X,0x0000000080000654] -> 0x0413
mem[X,0x0000000080000656] -> 0x2AA4
[410] [M]: 0x0000000080000654 (0x2AA40413) addi fp, fp, 0x2aa
x8 <- 0x000000103FE812AA

mem[X,0x0000000080000658] -> 0x1413
mem[X,0x000000008000065A] -> 0x00B4
[411] [M]: 0x0000000080000658 (0x00B41413) slli fp, fp, 0xb
x8 <- 0x000081FF40955000

mem[X,0x000000008000065C] -> 0x0413
mem[X,0x000000008000065E] -> 0x03D4
[412] [M]: 0x000000008000065C (0x03D40413) addi fp, fp, 0x3d
x8 <- 0x000081FF4095503D

mem[X,0x0000000080000660] -> 0x1413
mem[X,0x0000000080000662] -> 0x00A4
[413] [M]: 0x0000000080000660 (0x00A41413) slli fp, fp, 0xa
x8 <- 0x0207FD025540F400

mem[X,0x0000000080000664] -> 0x0413
mem[X,0x0000000080000666] -> 0x2DF4
[414] [M]: 0x0000000080000664 (0x2DF40413) addi fp, fp, 0x2df
x8 <- 0x0207FD025540F6DF

mem[X,0x0000000080000668] -> 0x08B7
mem[X,0x000000008000066A] -> 0xF7FD
[415] [M]: 0x0000000080000668 (0xF7FD08B7) lui a7, -0x8030
x17 <- 0xFFFFFFFFF7FD0000

mem[X,0x000000008000066C] -> 0x8893
mem[X,0x000000008000066E] -> 0x9208
[416] [M]: 0x000000008000066C (0x92088893) addi a7, a7, -0x6e0
x17 <- 0xFFFFFFFFF7FCF920

mem[X,0x0000000080000670] -> 0x9893
mem[X,0x0000000080000672] -> 0x00B8
[417] [M]: 0x0000000080000670 (0x00B89893) slli a7, a7, 0xb
x17 <- 0xFFFFFFBFE7C90000

mem[X,0x0000000080000674] -> 0x8893
mem[X,0x0000000080000676] -> 0x7F78
[418] [M]: 0x0000000080000674 (0x7F788893) addi a7, a7, 0x7f7
x17 <- 0xFFFFFFBFE7C907F7

mem[X,0x0000000080000678] -> 0x9893
mem[X,0x000000008000067A] -> 0x00B8
[419] [M]: 0x0000000080000678 (0x00B89893) slli a7, a7, 0xb
x17 <- 0xFFFDFF3E483FB800

mem[X,0x000000008000067C] -> 0x8893
mem[X,0x000000008000067E] -> 0x6F78
[420] [M]: 0x000000008000067C (0x6F788893) addi a7, a7, 0x6f7
x17 <- 0xFFFDFF3E483FBEF7

mem[X,0x0000000080000680] -> 0x9893
mem[X,0x0000000080000682] -> 0x00A8
[421] [M]: 0x0000000080000680 (0x00A89893) slli a7, a7, 0xa
x17 <- 0xF7FCF920FEFBDC00

mem[X,0x0000000080000684] -> 0x8893
mem[X,0x0000000080000686] -> 0x3C08
[422] [M]: 0x0000000080000684 (0x3C088893) addi a7, a7, 0x3c0
x17 <- 0xF7FCF920FEFBDFC0

mem[X,0x0000000080000688] -> 0x173B
mem[X,0x000000008000068A] -> 0xB514
[423] [M]: 0x0000000080000688 (0xB514173B) pdifsumu.b a4, fp, a7
x14 <- 0xF7FCF920FEFBE366

mem[X,0x000000008000068C] -> 0xB423
mem[X,0x000000008000068E] -> 0x00E2
[424] [M]: 0x000000008000068C (0x00E2B423) sd a4, 0x8(t0)
mem[0x0000000080004198] <- 0xF7FCF920FEFBE366

mem[X,0x0000000080000690] -> 0xFD37
mem[X,0x0000000080000692] -> 0xF73F
[425] [M]: 0x0000000080000690 (0xF73FFD37) lui s10, -0x8c01
x26 <- 0xFFFFFFFFF73FF000

mem[X,0x0000000080000694] -> 0x0D13
mem[X,0x0000000080000696] -> 0x6F7D
[426] [M]: 0x0000000080000694 (0x6F7D0D13) addi s10, s10, 0x6f7
x26 <- 0xFFFFFFFFF73FF6F7

mem[X,0x0000000080000698] -> 0x1D13
mem[X,0x000000008000069A] -> 0x00BD
[427] [M]: 0x0000000080000698 (0x00BD1D13) slli s10, s10, 0xb
x26 <- 0xFFFFFFB9FFB7B800

mem[X,0x000000008000069C] -> 0x0D13
mem[X,0x000000008000069E] -> 0x5F8D
[428] [M]: 0x000000008000069C (0x5F8D0D13) addi s10, s10, 0x5f8
x26 <- 0xFFFFFFB9FFB7BDF8

mem[X,0x00000000800006A0] -> 0x1D13
mem[X,0x00000000800006A2] -> 0x00BD
[429] [M]: 0x00000000800006A0 (0x00BD1D13) slli s10, s10, 0xb
x26 <- 0xFFFDCFFDBDEFC000

mem[X,0x00000000800006A4] -> 0x0D13
mem[X,0x00000000800006A6] -> 0x404D
[430] [M]: 0x00000000800006A4 (0x404D0D13) addi s10, s10, 0x404
x26 <- 0xFFFDCFFDBDEFC404

mem[X,0x00000000800006A8] -> 0x1D13
mem[X,0x00000000800006AA] -> 0x00AD
[431] [M]: 0x00000000800006A8 (0x00AD1D13) slli s10, s10, 0xa
x26 <- 0xF73FF6F7BF101000

mem[X,0x00000000800006AC] -> 0x0D13
mem[X,0x00000000800006AE] -> 0x0BFD
[432] [M]: 0x00000000800006AC (0x0BFD0D13) addi s10, s10, 0xbf
x26 <- 0xF73FF6F7BF1010BF

mem[X,0x00000000800006B0] -> 0xF7B7
mem[X,0x00000000800006B2] -> 0xF7F9
[433] [M]: 0x00000000800006B0 (0xF7F9F7B7) lui a5, -0x8061
x15 <- 0xFFFFFFFFF7F9F000

mem[X,0x00000000800006B4] -> 0x8793
mem[X,0x00000000800006B6] -> 0x7807
[434] [M]: 0x00000000800006B4 (0x78078793) addi a5, a5, 0x780
x15 <- 0xFFFFFFFFF7F9F780

mem[X,0x00000000800006B8] -> 0x9793
mem[X,0x00000000800006BA] -> 0x00B7
[435] [M]: 0x00000000800006B8 (0x00B79793) slli a5, a5, 0xb
x15 <- 0xFFFFFFBFCFBC0000

mem[X,0x00000000800006BC] -> 0x8793
mem[X,0x00000000800006BE] -> 0x6F87
[436] [M]: 0x00000000800006BC (0x6F878793) addi a5, a5, 0x6f8
x15 <- 0xFFFFFFBFCFBC06F8

mem[X,0x00000000800006C0] -> 0x9793
mem[X,0x00000000800006C2] -> 0x00B7
[437] [M]: 0x00000000800006C0 (0x00B79793) slli a5, a5, 0xb
x15 <- 0xFFFDFE7DE037C000

mem[X,0x00000000800006C4] -> 0x8793
mem[X,0x00000000800006C6] -> 0x1017
[438] [M]: 0x00000000800006C4 (0x10178793) addi a5, a5, 0x101
x15 <- 0xFFFDFE7DE037C101

mem[X,0x00000000800006C8] -> 0x9793
mem[X,0x00000000800006CA] -> 0x00A7
[439] [M]: 0x00000000800006C8 (0x00A79793) slli a5, a5, 0xa
x15 <- 0xF7F9F780DF040400

mem[X,0x00000000800006CC] -> 0x8793
mem[X,0x00000000800006CE] -> 0x0FE7
[440] [M]: 0x00000000800006CC (0x0FE78793) addi a5, a5, 0xfe
x15 <- 0xF7F9F780DF0404FE

mem[X,0x00000000800006D0] -> 0x1ABB
mem[X,0x00000000800006D2] -> 0xB4FD
[441] [M]: 0x00000000800006D0 (0xB4FD1ABB) pdifsumu.b s5, s10, a5
x21 <- 0xF7F9F780DF0406A7

mem[X,0x00000000800006D4] -> 0xB823
mem[X,0x00000000800006D6] -> 0x0152
[442] [M]: 0x00000000800006D4 (0x0152B823) sd s5, 0x10(t0)
mem[0x00000000800041A0] <- 0xF7F9F780DF0406A7

mem[X,0x00000000800006D8] -> 0x8737
mem[X,0x00000000800006DA] -> 0x0802
[443] [M]: 0x00000000800006D8 (0x08028737) lui a4, 0x8028
x14 <- 0x0000000008028000

mem[X,0x00000000800006DC] -> 0x0713
mem[X,0x00000000800006DE] -> 0xFEF7
[444] [M]: 0x00000000800006DC (0xFEF70713) addi a4, a4, -0x11
x14 <- 0x0000000008027FEF

mem[X,0x00000000800006E0] -> 0x1713
mem[X,0x00000000800006E2] -> 0x00B7
[445] [M]: 0x00000000800006E0 (0x00B71713) slli a4, a4, 0xb
x14 <- 0x0000004013FF7800

mem[X,0x00000000800006E4] -> 0x0713
mem[X,0x00000000800006E6] -> 0x6F87
[446] [M]: 0x00000000800006E4 (0x6F870713) addi a4, a4, 0x6f8
x14 <- 0x0000004013FF7EF8

mem[X,0x00000000800006E8] -> 0x1713
mem[X,0x00000000800006EA] -> 0x00B7
[447] [M]: 0x00000000800006E8 (0x00B71713) slli a4, a4, 0xb
x14 <- 0x0002009FFBF7C000

mem[X,0x00000000800006EC] -> 0x0713
mem[X,0x00000000800006EE] -> 0x0BF7
[448] [M]: 0x00000000800006EC (0x0BF70713) addi a4, a4, 0xbf
x14 <- 0x0002009FFBF7C0BF

mem[X,0x00000000800006F0] -> 0x1713
mem[X,0x00000000800006F2] -> 0x00A7
[449] [M]: 0x00000000800006F0 (0x00A71713) slli a4, a4, 0xa
x14 <- 0x08027FEFDF02FC00

mem[X,0x00000000800006F4] -> 0x0713
mem[X,0x00000000800006F6] -> 0x3557
[450] [M]: 0x00000000800006F4 (0x35570713) addi a4, a4, 0x355
x14 <- 0x08027FEFDF02FF55

mem[X,0x00000000800006F8] -> 0x21B7
mem[X,0x00000000800006FA] -> 0x06BF
[451] [M]: 0x00000000800006F8 (0x06BF21B7) lui gp, 0x6bf2
x3 <- 0x0000000006BF2000

mem[X,0x00000000800006FC] -> 0x8193
mem[X,0x00000000800006FE] -> 0x0401
[452] [M]: 0x00000000800006FC (0x04018193) addi gp, gp, 0x40
x3 <- 0x0000000006BF2040

mem[X,0x0000000080000700] -> 0x9193
mem[X,0x0000000080000702] -> 0x00B1
[453] [M]: 0x0000000080000700 (0x00B19193) slli gp, gp, 0xb
x3 <- 0x00000035F9020000

mem[X,0x0000000080000704] -> 0x8193
mem[X,0x0000000080000706] -> 0x0801
[454] [M]: 0x0000000080000704 (0x08018193) addi gp, gp, 0x80
x3 <- 0x00000035F9020080

mem[X,0x0000000080000708] -> 0x9193
mem[X,0x000000008000070A] -> 0x00B1
[455] [M]: 0x0000000080000708 (0x00B19193) slli gp, gp, 0xb
x3 <- 0x0001AFC810040000

mem[X,0x000000008000070C] -> 0x8193
mem[X,0x000000008000070E] -> 0x0F71
[456] [M]: 0x000000008000070C (0x0F718193) addi gp, gp, 0xf7
x3 <- 0x0001AFC8100400F7

mem[X,0x0000000080000710] -> 0x9193
mem[X,0x0000000080000712] -> 0x00A1
[457] [M]: 0x0000000080000710 (0x00A19193) slli gp, gp, 0xa
x3 <- 0x06BF20401003DC00

mem[X,0x0000000080000714] -> 0x8193
mem[X,0x0000000080000716] -> 0x3021
[458] [M]: 0x0000000080000714 (0x30218193) addi gp, gp, 0x302
x3 <- 0x06BF20401003DF02

mem[X,0x0000000080000718] -> 0x113B
mem[X,0x000000008000071A] -> 0xB437
[459] [M]: 0x0000000080000718 (0xB437113B) pdifsumu.b sp, a4, gp
x2 <- 0x06BF20401003E212

mem[X,0x000000008000071C] -> 0xBC23
mem[X,0x000000008000071E] -> 0x0022
[460] [M]: 0x000000008000071C (0x0022BC23) sd sp, 0x18(t0)
mem[0x00000000800041A8] <- 0x06BF20401003E212

mem[X,0x0000000080000720] -> 0x0837
mem[X,0x0000000080000722] -> 0x1080
[461] [M]: 0x0000000080000720 (0x10800837) lui a6, 0x10800
x16 <- 0x0000000010800000

mem[X,0x0000000080000724] -> 0x0813
mem[X,0x0000000080000726] -> 0xE408
[462] [M]: 0x0000000080000724 (0xE4080813) addi a6, a6, -0x1c0
x16 <- 0x00000000107FFE40

mem[X,0x0000000080000728] -> 0x1813
mem[X,0x000000008000072A] -> 0x00B8
[463] [M]: 0x0000000080000728 (0x00B81813) slli a6, a6, 0xb
x16 <- 0x00000083FFF20000

mem[X,0x000000008000072C] -> 0x0813
mem[X,0x000000008000072E] -> 0x2078
[464] [M]: 0x000000008000072C (0x20780813) addi a6, a6, 0x207
x16 <- 0x00000083FFF20207

mem[X,0x0000000080000730] -> 0x1813
mem[X,0x0000000080000732] -> 0x00B8
[465] [M]: 0x0000000080000730 (0x00B81813) slli a6, a6, 0xb
x16 <- 0x00041FFF90103800

mem[X,0x0000000080000734] -> 0x0813
mem[X,0x0000000080000736] -> 0x5808
[466] [M]: 0x0000000080000734 (0x58080813) addi a6, a6, 0x580
x16 <- 0x00041FFF90103D80

mem[X,0x0000000080000738] -> 0x1813
mem[X,0x000000008000073A] -> 0x00A8
[467] [M]: 0x0000000080000738 (0x00A81813) slli a6, a6, 0xa
x16 <- 0x107FFE4040F60000

mem[X,0x000000008000073C] -> 0x0813
mem[X,0x000000008000073E] -> 0x1AA8
[468] [M]: 0x000000008000073C (0x1AA80813) addi a6, a6, 0x1aa
x16 <- 0x107FFE4040F601AA

mem[X,0x0000000080000740] -> 0x04B7
mem[X,0x0000000080000742] -> 0x0804
[469] [M]: 0x0000000080000740 (0x080404B7) lui s1, 0x8040
x9 <- 0x0000000008040000

mem[X,0x0000000080000744] -> 0x8493
mem[X,0x0000000080000746] -> 0x8064
[470] [M]: 0x0000000080000744 (0x80648493) addi s1, s1, -0x7fa
x9 <- 0x000000000803F806

mem[X,0x0000000080000748] -> 0x9493
mem[X,0x000000008000074A] -> 0x00B4
[471] [M]: 0x0000000080000748 (0x00B49493) slli s1, s1, 0xb
x9 <- 0x000000401FC03000

mem[X,0x000000008000074C] -> 0x8493
mem[X,0x000000008000074E] -> 0x7C84
[472] [M]: 0x000000008000074C (0x7C848493) addi s1, s1, 0x7c8
x9 <- 0x000000401FC037C8

mem[X,0x0000000080000750] -> 0x9493
mem[X,0x0000000080000752] -> 0x00B4
[473] [M]: 0x0000000080000750 (0x00B49493) slli s1, s1, 0xb
x9 <- 0x000200FE01BE4000

mem[X,0x0000000080000754] -> 0x8493
mem[X,0x0000000080000756] -> 0x17E4
[474] [M]: 0x0000000080000754 (0x17E48493) addi s1, s1, 0x17e
x9 <- 0x000200FE01BE417E

mem[X,0x0000000080000758] -> 0x9493
mem[X,0x000000008000075A] -> 0x00A4
[475] [M]: 0x0000000080000758 (0x00A49493) slli s1, s1, 0xa
x9 <- 0x0803F806F905F800

mem[X,0x000000008000075C] -> 0x8493
mem[X,0x000000008000075E] -> 0x2C04
[476] [M]: 0x000000008000075C (0x2C048493) addi s1, s1, 0x2c0
x9 <- 0x0803F806F905FAC0

mem[X,0x0000000080000760] -> 0x10BB
mem[X,0x0000000080000762] -> 0xB498
[477] [M]: 0x0000000080000760 (0xB49810BB) pdifsumu.b ra, a6, s1
x1 <- 0x0803F806F905FE3D

mem[X,0x0000000080000764] -> 0xB023
mem[X,0x0000000080000766] -> 0x0212
[478] [M]: 0x0000000080000764 (0x0212B023) sd ra, 0x20(t0)
mem[0x00000000800041B0] <- 0x0803F806F905FE3D

mem[X,0x0000000080000768] -> 0x08B7
mem[X,0x000000008000076A] -> 0xFEFD
[479] [M]: 0x0000000080000768 (0xFEFD08B7) lui a7, -0x1030
x17 <- 0xFFFFFFFFFEFD0000

mem[X,0x000000008000076C] -> 0x8893
mem[X,0x000000008000076E] -> 0x4FB8
[480] [M]: 0x000000008000076C (0x4FB88893) addi a7, a7, 0x4fb
x17 <- 0xFFFFFFFFFEFD04FB

mem[X,0x0000000080000770] -> 0x9893
mem[X,0x0000000080000772] -> 0x00B8
[481] [M]: 0x0000000080000770 (0x00B89893) slli a7, a7, 0xb
x17 <- 0xFFFFFFF7E827D800

mem[X,0x0000000080000774] -> 0x8893
mem[X,0x0000000080000776] -> 0x5FF8
[482] [M]: 0x0000000080000774 (0x5FF88893) addi a7, a7, 0x5ff
x17 <- 0xFFFFFFF7E827DDFF

mem[X,0x0000000080000778] -> 0x9893
mem[X,0x000000008000077A] -> 0x00B8
[483] [M]: 0x0000000080000778 (0x00B89893) slli a7, a7, 0xb
x17 <- 0xFFFFBF413EEFF800

mem[X,0x000000008000077C] -> 0x8893
mem[X,0x000000008000077E] -> 0x7808
[484] [M]: 0x000000008000077C (0x78088893) addi a7, a7, 0x780
x17 <- 0xFFFFBF413EEFFF80

mem[X,0x0000000080000780] -> 0x9893
mem[X,0x0000000080000782] -> 0x00A8
[485] [M]: 0x0000000080000780 (0x00A89893) slli a7, a7, 0xa
x17 <- 0xFEFD04FBBFFE0000

mem[X,0x0000000080000784] -> 0x8893
mem[X,0x0000000080000786] -> 0x0558
[486] [M]: 0x0000000080000784 (0x05588893) addi a7, a7, 0x55
x17 <- 0xFEFD04FBBFFE0055

mem[X,0x0000000080000788] -> 0x25B7
mem[X,0x000000008000078A] -> 0xFCDF
[487] [M]: 0x0000000080000788 (0xFCDF25B7) lui a1, -0x320e
x11 <- 0xFFFFFFFFFCDF2000

mem[X,0x000000008000078C] -> 0x8593
mem[X,0x000000008000078E] -> 0x0EF5
[488] [M]: 0x000000008000078C (0x0EF58593) addi a1, a1, 0xef
x11 <- 0xFFFFFFFFFCDF20EF

mem[X,0x0000000080000790] -> 0x9593
mem[X,0x0000000080000792] -> 0x00B5
[489] [M]: 0x0000000080000790 (0x00B59593) slli a1, a1, 0xb
x11 <- 0xFFFFFFE6F9077800

mem[X,0x0000000080000794] -> 0x8593
mem[X,0x0000000080000796] -> 0x2AE5
[490] [M]: 0x0000000080000794 (0x2AE58593) addi a1, a1, 0x2ae
x11 <- 0xFFFFFFE6F9077AAE

mem[X,0x0000000080000798] -> 0x9593
mem[X,0x000000008000079A] -> 0x00B5
[491] [M]: 0x0000000080000798 (0x00B59593) slli a1, a1, 0xb
x11 <- 0xFFFF37C83BD57000

mem[X,0x000000008000079C] -> 0x8593
mem[X,0x000000008000079E] -> 0x0305
[492] [M]: 0x000000008000079C (0x03058593) addi a1, a1, 0x30
x11 <- 0xFFFF37C83BD57030

mem[X,0x00000000800007A0] -> 0x9593
mem[X,0x00000000800007A2] -> 0x00A5
[493] [M]: 0x00000000800007A0 (0x00A59593) slli a1, a1, 0xa
x11 <- 0xFCDF20EF55C0C000

mem[X,0x00000000800007A4] -> 0x8593
mem[X,0x00000000800007A6] -> 0x0055
[494] [M]: 0x00000000800007A4 (0x00558593) addi a1, a1, 0x5
x11 <- 0xFCDF20EF55C0C005

mem[X,0x00000000800007A8] -> 0x903B
mem[X,0x00000000800007AA] -> 0xB4B8
[495] [M]: 0x00000000800007A8 (0xB4B8903B) pdifsumu.b zero, a7, a1

mem[X,0x00000000800007AC] -> 0xB423
mem[X,0x00000000800007AE] -> 0x0202
[496] [M]: 0x00000000800007AC (0x0202B423) sd zero, 0x28(t0)
mem[0x00000000800041B8] <- 0x0000000000000000

mem[X,0x00000000800007B0] -> 0x1EB7
mem[X,0x00000000800007B2] -> 0xF720
[497] [M]: 0x00000000800007B0 (0xF7201EB7) lui t4, -0x8dff
x29 <- 0xFFFFFFFFF7201000

mem[X,0x00000000800007B4] -> 0x8E93
mem[X,0x00000000800007B6] -> 0x802E
[498] [M]: 0x00000000800007B4 (0x802E8E93) addi t4, t4, -0x7fe
x29 <- 0xFFFFFFFFF7200802

mem[X,0x00000000800007B8] -> 0x9E93
mem[X,0x00000000800007BA] -> 0x00BE
[499] [M]: 0x00000000800007B8 (0x00BE9E93) slli t4, t4, 0xb
x29 <- 0xFFFFFFB900401000

clint::tick mtime <- 0x0000000000000005
 clint timer pending at mtime 0x0000000000000005
htif::tick 0x0000000000000000
mem[X,0x00000000800007BC] -> 0x8E93
mem[X,0x00000000800007BE] -> 0x7BFE
[500] [M]: 0x00000000800007BC (0x7BFE8E93) addi t4, t4, 0x7bf
x29 <- 0xFFFFFFB9004017BF

mem[X,0x00000000800007C0] -> 0x9E93
mem[X,0x00000000800007C2] -> 0x00BE
[501] [M]: 0x00000000800007C0 (0x00BE9E93) slli t4, t4, 0xb
x29 <- 0xFFFDC80200BDF800

mem[X,0x00000000800007C4] -> 0x8E93
mem[X,0x00000000800007C6] -> 0x3D0E
[502] [M]: 0x00000000800007C4 (0x3D0E8E93) addi t4, t4, 0x3d0
x29 <- 0xFFFDC80200BDFBD0

mem[X,0x00000000800007C8] -> 0x9E93
mem[X,0x00000000800007CA] -> 0x00AE
[503] [M]: 0x00000000800007C8 (0x00AE9E93) slli t4, t4, 0xa
x29 <- 0xF7200802F7EF4000

mem[X,0x00000000800007CC] -> 0x8E93
mem[X,0x00000000800007CE] -> 0x040E
[504] [M]: 0x00000000800007CC (0x040E8E93) addi t4, t4, 0x40
x29 <- 0xF7200802F7EF4040

mem[X,0x00000000800007D0] -> 0x0437
mem[X,0x00000000800007D2] -> 0xFCFA
[505] [M]: 0x00000000800007D0 (0xFCFA0437) lui fp, -0x3060
x8 <- 0xFFFFFFFFFCFA0000

mem[X,0x00000000800007D4] -> 0x0413
mem[X,0x00000000800007D6] -> 0x4024
[506] [M]: 0x00000000800007D4 (0x40240413) addi fp, fp, 0x402
x8 <- 0xFFFFFFFFFCFA0402

mem[X,0x00000000800007D8] -> 0x1413
mem[X,0x00000000800007DA] -> 0x00B4
[507] [M]: 0x00000000800007D8 (0x00B41413) slli fp, fp, 0xb
x8 <- 0xFFFFFFE7D0201000

mem[X,0x00000000800007DC] -> 0x0413
mem[X,0x00000000800007DE] -> 0x4074
[508] [M]: 0x00000000800007DC (0x40740413) addi fp, fp, 0x407
x8 <- 0xFFFFFFE7D0201407

mem[X,0x00000000800007E0] -> 0x1413
mem[X,0x00000000800007E2] -> 0x00B4
[509] [M]: 0x00000000800007E0 (0x00B41413) slli fp, fp, 0xb
x8 <- 0xFFFF3E8100A03800

mem[X,0x00000000800007E4] -> 0x0413
mem[X,0x00000000800007E6] -> 0x7444
[510] [M]: 0x00000000800007E4 (0x74440413) addi fp, fp, 0x744
x8 <- 0xFFFF3E8100A03F44

mem[X,0x00000000800007E8] -> 0x1413
mem[X,0x00000000800007EA] -> 0x00A4
[511] [M]: 0x00000000800007E8 (0x00A41413) slli fp, fp, 0xa
x8 <- 0xFCFA040280FD1000

mem[X,0x00000000800007EC] -> 0x0413
mem[X,0x00000000800007EE] -> 0x0554
[512] [M]: 0x00000000800007EC (0x05540413) addi fp, fp, 0x55
x8 <- 0xFCFA040280FD1055

mem[X,0x00000000800007F0] -> 0x933B
mem[X,0x00000000800007F2] -> 0xB48E
[513] [M]: 0x00000000800007F0 (0xB48E933B) pdifsumu.b t1, t4, fp
x6 <- 0xFCFA040280FD1202

mem[X,0x00000000800007F4] -> 0xB823
mem[X,0x00000000800007F6] -> 0x0262
[514] [M]: 0x00000000800007F4 (0x0262B823) sd t1, 0x30(t0)
mem[0x00000000800041C0] <- 0xFCFA040280FD1202

mem[X,0x00000000800007F8] -> 0xF9B7
mem[X,0x00000000800007FA] -> 0x03DF
[515] [M]: 0x00000000800007F8 (0x03DFF9B7) lui s3, 0x3dff
x19 <- 0x0000000003DFF000

mem[X,0x00000000800007FC] -> 0x8993
mem[X,0x00000000800007FE] -> 0x6AA9
[516] [M]: 0x00000000800007FC (0x6AA98993) addi s3, s3, 0x6aa
x19 <- 0x0000000003DFF6AA

mem[X,0x0000000080000800] -> 0x9993
mem[X,0x0000000080000802] -> 0x00B9
[517] [M]: 0x0000000080000800 (0x00B99993) slli s3, s3, 0xb
x19 <- 0x0000001EFFB55000

mem[X,0x0000000080000804] -> 0x8993
mem[X,0x0000000080000806] -> 0x6FF9
[518] [M]: 0x0000000080000804 (0x6FF98993) addi s3, s3, 0x6ff
x19 <- 0x0000001EFFB556FF

mem[X,0x0000000080000808] -> 0x9993
mem[X,0x000000008000080A] -> 0x00B9
[519] [M]: 0x0000000080000808 (0x00B99993) slli s3, s3, 0xb
x19 <- 0x0000F7FDAAB7F800

mem[X,0x000000008000080C] -> 0x8993
mem[X,0x000000008000080E] -> 0x6FF9
[520] [M]: 0x000000008000080C (0x6FF98993) addi s3, s3, 0x6ff
x19 <- 0x0000F7FDAAB7FEFF

mem[X,0x0000000080000810] -> 0x9993
mem[X,0x0000000080000812] -> 0x00A9
[521] [M]: 0x0000000080000810 (0x00A99993) slli s3, s3, 0xa
x19 <- 0x03DFF6AADFFBFC00

mem[X,0x0000000080000814] -> 0x8993
mem[X,0x0000000080000816] -> 0x2FD9
[522] [M]: 0x0000000080000814 (0x2FD98993) addi s3, s3, 0x2fd
x19 <- 0x03DFF6AADFFBFEFD

mem[X,0x0000000080000818] -> 0x0637
mem[X,0x000000008000081A] -> 0x5502
[523] [M]: 0x0000000080000818 (0x55020637) lui a2, 0x55020
x12 <- 0x0000000055020000

mem[X,0x000000008000081C] -> 0x0613
mem[X,0x000000008000081E] -> 0xCFF6
[524] [M]: 0x000000008000081C (0xCFF60613) addi a2, a2, -0x301
x12 <- 0x000000005501FCFF

mem[X,0x0000000080000820] -> 0x1613
mem[X,0x0000000080000822] -> 0x00B6
[525] [M]: 0x0000000080000820 (0x00B61613) slli a2, a2, 0xb
x12 <- 0x000002A80FE7F800

mem[X,0x0000000080000824] -> 0x0613
mem[X,0x0000000080000826] -> 0x1F86
[526] [M]: 0x0000000080000824 (0x1F860613) addi a2, a2, 0x1f8
x12 <- 0x000002A80FE7F9F8

mem[X,0x0000000080000828] -> 0x1613
mem[X,0x000000008000082A] -> 0x00B6
[527] [M]: 0x0000000080000828 (0x00B61613) slli a2, a2, 0xb
x12 <- 0x0015407F3FCFC000

mem[X,0x000000008000082C] -> 0x0613
mem[X,0x000000008000082E] -> 0x1E06
[528] [M]: 0x000000008000082C (0x1E060613) addi a2, a2, 0x1e0
x12 <- 0x0015407F3FCFC1E0

mem[X,0x0000000080000830] -> 0x1613
mem[X,0x0000000080000832] -> 0x00A6
[529] [M]: 0x0000000080000830 (0x00A61613) slli a2, a2, 0xa
x12 <- 0x5501FCFF3F078000

mem[X,0x0000000080000834] -> 0x0613
mem[X,0x0000000080000836] -> 0x0076
[530] [M]: 0x0000000080000834 (0x00760613) addi a2, a2, 0x7
x12 <- 0x5501FCFF3F078007

mem[X,0x0000000080000838] -> 0x953B
mem[X,0x000000008000083A] -> 0xB4C9
[531] [M]: 0x0000000080000838 (0xB4C9953B) pdifsumu.b a0, s3, a2
x10 <- 0x5501FCFF3F07849A

mem[X,0x000000008000083C] -> 0xBC23
mem[X,0x000000008000083E] -> 0x02A2
[532] [M]: 0x000000008000083C (0x02A2BC23) sd a0, 0x38(t0)
mem[0x00000000800041C8] <- 0x5501FCFF3F07849A

mem[X,0x0000000080000840] -> 0x0BB7
mem[X,0x0000000080000842] -> 0x0321
[533] [M]: 0x0000000080000840 (0x03210BB7) lui s7, 0x3210
x23 <- 0x0000000003210000

mem[X,0x0000000080000844] -> 0x8B93
mem[X,0x0000000080000846] -> 0xE55B
[534] [M]: 0x0000000080000844 (0xE55B8B93) addi s7, s7, -0x1ab
x23 <- 0x000000000320FE55

mem[X,0x0000000080000848] -> 0x9B93
mem[X,0x000000008000084A] -> 0x00BB
[535] [M]: 0x0000000080000848 (0x00BB9B93) slli s7, s7, 0xb
x23 <- 0x0000001907F2A800

mem[X,0x000000008000084C] -> 0x8B93
mem[X,0x000000008000084E] -> 0x047B
[536] [M]: 0x000000008000084C (0x047B8B93) addi s7, s7, 0x47
x23 <- 0x0000001907F2A847

mem[X,0x0000000080000850] -> 0x9B93
mem[X,0x0000000080000852] -> 0x00BB
[537] [M]: 0x0000000080000850 (0x00BB9B93) slli s7, s7, 0xb
x23 <- 0x0000C83F95423800

mem[X,0x0000000080000854] -> 0x8B93
mem[X,0x0000000080000856] -> 0x77FB
[538] [M]: 0x0000000080000854 (0x77FB8B93) addi s7, s7, 0x77f
x23 <- 0x0000C83F95423F7F

mem[X,0x0000000080000858] -> 0x9B93
mem[X,0x000000008000085A] -> 0x00AB
[539] [M]: 0x0000000080000858 (0x00AB9B93) slli s7, s7, 0xa
x23 <- 0x0320FE5508FDFC00

mem[X,0x000000008000085C] -> 0x8B93
mem[X,0x000000008000085E] -> 0x102B
[540] [M]: 0x000000008000085C (0x102B8B93) addi s7, s7, 0x102
x23 <- 0x0320FE5508FDFD02

mem[X,0x0000000080000860] -> 0x0F37
mem[X,0x0000000080000862] -> 0x1005
[541] [M]: 0x0000000080000860 (0x10050F37) lui t5, 0x10050
x30 <- 0x0000000010050000

mem[X,0x0000000080000864] -> 0x0F13
mem[X,0x0000000080000866] -> 0xE7FF
[542] [M]: 0x0000000080000864 (0xE7FF0F13) addi t5, t5, -0x181
x30 <- 0x000000001004FE7F

mem[X,0x0000000080000868] -> 0x1F13
mem[X,0x000000008000086A] -> 0x00BF
[543] [M]: 0x0000000080000868 (0x00BF1F13) slli t5, t5, 0xb
x30 <- 0x0000008027F3F800

mem[X,0x000000008000086C] -> 0x0F13
mem[X,0x000000008000086E] -> 0x04AF
[544] [M]: 0x000000008000086C (0x04AF0F13) addi t5, t5, 0x4a
x30 <- 0x0000008027F3F84A

mem[X,0x0000000080000870] -> 0x1F13
mem[X,0x0000000080000872] -> 0x00BF
[545] [M]: 0x0000000080000870 (0x00BF1F13) slli t5, t5, 0xb
x30 <- 0x0004013F9FC25000

mem[X,0x0000000080000874] -> 0x0F13
mem[X,0x0000000080000876] -> 0x000F
[546] [M]: 0x0000000080000874 (0x000F0F13) addi t5, t5, 0x0
x30 <- 0x0004013F9FC25000

mem[X,0x0000000080000878] -> 0x1F13
mem[X,0x000000008000087A] -> 0x00AF
[547] [M]: 0x0000000080000878 (0x00AF1F13) slli t5, t5, 0xa
x30 <- 0x1004FE7F09400000

mem[X,0x000000008000087C] -> 0x0F13
mem[X,0x000000008000087E] -> 0x008F
[548] [M]: 0x000000008000087C (0x008F0F13) addi t5, t5, 0x8
x30 <- 0x1004FE7F09400008

mem[X,0x0000000080000880] -> 0x923B
mem[X,0x0000000080000882] -> 0xB5EB
[549] [M]: 0x0000000080000880 (0xB5EB923B) pdifsumu.b tp, s7, t5
x4 <- 0x1004FE7F0940021C

mem[X,0x0000000080000884] -> 0xB023
mem[X,0x0000000080000886] -> 0x0442
[550] [M]: 0x0000000080000884 (0x0442B023) sd tp, 0x40(t0)
mem[0x00000000800041D0] <- 0x1004FE7F0940021C

mem[X,0x0000000080000888] -> 0x84B7
mem[X,0x000000008000088A] -> 0x003F
[551] [M]: 0x0000000080000888 (0x003F84B7) lui s1, 0x3f8
x9 <- 0x00000000003F8000

mem[X,0x000000008000088C] -> 0x8493
mem[X,0x000000008000088E] -> 0x0204
[552] [M]: 0x000000008000088C (0x02048493) addi s1, s1, 0x20
x9 <- 0x00000000003F8020

mem[X,0x0000000080000890] -> 0x9493
mem[X,0x0000000080000892] -> 0x00B4
[553] [M]: 0x0000000080000890 (0x00B49493) slli s1, s1, 0xb
x9 <- 0x00000001FC010000

mem[X,0x0000000080000894] -> 0x8493
mem[X,0x0000000080000896] -> 0x7F84
[554] [M]: 0x0000000080000894 (0x7F848493) addi s1, s1, 0x7f8
x9 <- 0x00000001FC0107F8

mem[X,0x0000000080000898] -> 0x9493
mem[X,0x000000008000089A] -> 0x00B4
[555] [M]: 0x0000000080000898 (0x00B49493) slli s1, s1, 0xb
x9 <- 0x00000FE0083FC000

mem[X,0x000000008000089C] -> 0x8493
mem[X,0x000000008000089E] -> 0x1BE4
[556] [M]: 0x000000008000089C (0x1BE48493) addi s1, s1, 0x1be
x9 <- 0x00000FE0083FC1BE

mem[X,0x00000000800008A0] -> 0x9493
mem[X,0x00000000800008A2] -> 0x00A4
[557] [M]: 0x00000000800008A0 (0x00A49493) slli s1, s1, 0xa
x9 <- 0x003F8020FF06F800

mem[X,0x00000000800008A4] -> 0x8493
mem[X,0x00000000800008A6] -> 0x3FB4
[558] [M]: 0x00000000800008A4 (0x3FB48493) addi s1, s1, 0x3fb
x9 <- 0x003F8020FF06FBFB

mem[X,0x00000000800008A8] -> 0x0BB7
mem[X,0x00000000800008AA] -> 0xFBC1
[559] [M]: 0x00000000800008A8 (0xFBC10BB7) lui s7, -0x43f0
x23 <- 0xFFFFFFFFFBC10000

mem[X,0x00000000800008AC] -> 0x8B93
mem[X,0x00000000800008AE] -> 0x820B
[560] [M]: 0x00000000800008AC (0x820B8B93) addi s7, s7, -0x7e0
x23 <- 0xFFFFFFFFFBC0F820

mem[X,0x00000000800008B0] -> 0x9B93
mem[X,0x00000000800008B2] -> 0x00BB
[561] [M]: 0x00000000800008B0 (0x00BB9B93) slli s7, s7, 0xb
x23 <- 0xFFFFFFDE07C10000

mem[X,0x00000000800008B4] -> 0x8B93
mem[X,0x00000000800008B6] -> 0x2A9B
[562] [M]: 0x00000000800008B4 (0x2A9B8B93) addi s7, s7, 0x2a9
x23 <- 0xFFFFFFDE07C102A9

mem[X,0x00000000800008B8] -> 0x9B93
mem[X,0x00000000800008BA] -> 0x00BB
[563] [M]: 0x00000000800008B8 (0x00BB9B93) slli s7, s7, 0xb
x23 <- 0xFFFEF03E08154800

mem[X,0x00000000800008BC] -> 0x8B93
mem[X,0x00000000800008BE] -> 0x7FFB
[564] [M]: 0x00000000800008BC (0x7FFB8B93) addi s7, s7, 0x7ff
x23 <- 0xFFFEF03E08154FFF

mem[X,0x00000000800008C0] -> 0x9B93
mem[X,0x00000000800008C2] -> 0x00AB
[565] [M]: 0x00000000800008C0 (0x00AB9B93) slli s7, s7, 0xa
x23 <- 0xFBC0F820553FFC00

mem[X,0x00000000800008C4] -> 0x8B93
mem[X,0x00000000800008C6] -> 0x1FDB
[566] [M]: 0x00000000800008C4 (0x1FDB8B93) addi s7, s7, 0x1fd
x23 <- 0xFBC0F820553FFDFD

mem[X,0x00000000800008C8] -> 0x9DBB
mem[X,0x00000000800008CA] -> 0xB574
[567] [M]: 0x00000000800008C8 (0xB5749DBB) pdifsumu.b s11, s1, s7
x27 <- 0xFBC0F820554000D8

mem[X,0x00000000800008CC] -> 0xB423
mem[X,0x00000000800008CE] -> 0x05B2
[568] [M]: 0x00000000800008CC (0x05B2B423) sd s11, 0x48(t0)
mem[0x00000000800041D8] <- 0xFBC0F820554000D8

mem[X,0x00000000800008D0] -> 0x4137
mem[X,0x00000000800008D2] -> 0xFE40
[569] [M]: 0x00000000800008D0 (0xFE404137) lui sp, -0x1bfc
x2 <- 0xFFFFFFFFFE404000

mem[X,0x00000000800008D4] -> 0x0113
mem[X,0x00000000800008D6] -> 0xF001
[570] [M]: 0x00000000800008D4 (0xF0010113) addi sp, sp, -0x100
x2 <- 0xFFFFFFFFFE403F00

mem[X,0x00000000800008D8] -> 0x1113
mem[X,0x00000000800008DA] -> 0x00B1
[571] [M]: 0x00000000800008D8 (0x00B11113) slli sp, sp, 0xb
x2 <- 0xFFFFFFF201F80000

mem[X,0x00000000800008DC] -> 0x0113
mem[X,0x00000000800008DE] -> 0x1071
[572] [M]: 0x00000000800008DC (0x10710113) addi sp, sp, 0x107
x2 <- 0xFFFFFFF201F80107

mem[X,0x00000000800008E0] -> 0x1113
mem[X,0x00000000800008E2] -> 0x00B1
[573] [M]: 0x00000000800008E0 (0x00B11113) slli sp, sp, 0xb
x2 <- 0xFFFF900FC0083800

mem[X,0x00000000800008E4] -> 0x0113
mem[X,0x00000000800008E6] -> 0x7BB1
[574] [M]: 0x00000000800008E4 (0x7BB10113) addi sp, sp, 0x7bb
x2 <- 0xFFFF900FC0083FBB

mem[X,0x00000000800008E8] -> 0x1113
mem[X,0x00000000800008EA] -> 0x00A1
[575] [M]: 0x00000000800008E8 (0x00A11113) slli sp, sp, 0xa
x2 <- 0xFE403F0020FEEC00

mem[X,0x00000000800008EC] -> 0x0113
mem[X,0x00000000800008EE] -> 0x3FF1
[576] [M]: 0x00000000800008EC (0x3FF10113) addi sp, sp, 0x3ff
x2 <- 0xFE403F0020FEEFFF

mem[X,0x00000000800008F0] -> 0x0937
mem[X,0x00000000800008F2] -> 0x05FA
[577] [M]: 0x00000000800008F0 (0x05FA0937) lui s2, 0x5fa0
x18 <- 0x0000000005FA0000

mem[X,0x00000000800008F4] -> 0x0913
mem[X,0x00000000800008F6] -> 0x0029
[578] [M]: 0x00000000800008F4 (0x00290913) addi s2, s2, 0x2
x18 <- 0x0000000005FA0002

mem[X,0x00000000800008F8] -> 0x1913
mem[X,0x00000000800008FA] -> 0x00B9
[579] [M]: 0x00000000800008F8 (0x00B91913) slli s2, s2, 0xb
x18 <- 0x0000002FD0001000

mem[X,0x00000000800008FC] -> 0x0913
mem[X,0x00000000800008FE] -> 0x7DF9
[580] [M]: 0x00000000800008FC (0x7DF90913) addi s2, s2, 0x7df
x18 <- 0x0000002FD00017DF

mem[X,0x0000000080000900] -> 0x1913
mem[X,0x0000000080000902] -> 0x00B9
[581] [M]: 0x0000000080000900 (0x00B91913) slli s2, s2, 0xb
x18 <- 0x00017E8000BEF800

mem[X,0x0000000080000904] -> 0x0913
mem[X,0x0000000080000906] -> 0x7FE9
[582] [M]: 0x0000000080000904 (0x7FE90913) addi s2, s2, 0x7fe
x18 <- 0x00017E8000BEFFFE

mem[X,0x0000000080000908] -> 0x1913
mem[X,0x000000008000090A] -> 0x00A9
[583] [M]: 0x0000000080000908 (0x00A91913) slli s2, s2, 0xa
x18 <- 0x05FA0002FBFFF800

mem[X,0x000000008000090C] -> 0x0913
mem[X,0x000000008000090E] -> 0x0099
[584] [M]: 0x000000008000090C (0x00990913) addi s2, s2, 0x9
x18 <- 0x05FA0002FBFFF809

mem[X,0x0000000080000910] -> 0x18BB
mem[X,0x0000000080000912] -> 0xB521
[585] [M]: 0x0000000080000910 (0xB52118BB) pdifsumu.b a7, sp, s2
x17 <- 0x05FA0002FBFFFBD8

mem[X,0x0000000080000914] -> 0xB823
mem[X,0x0000000080000916] -> 0x0512
[586] [M]: 0x0000000080000914 (0x0512B823) sd a7, 0x50(t0)
mem[0x00000000800041E0] <- 0x05FA0002FBFFFBD8

mem[X,0x0000000080000918] -> 0x05B7
mem[X,0x000000008000091A] -> 0x0540
[587] [M]: 0x0000000080000918 (0x054005B7) lui a1, 0x5400
x11 <- 0x0000000005400000

mem[X,0x000000008000091C] -> 0x8593
mem[X,0x000000008000091E] -> 0x1035
[588] [M]: 0x000000008000091C (0x10358593) addi a1, a1, 0x103
x11 <- 0x0000000005400103

mem[X,0x0000000080000920] -> 0x9593
mem[X,0x0000000080000922] -> 0x00B5
[589] [M]: 0x0000000080000920 (0x00B59593) slli a1, a1, 0xb
x11 <- 0x0000002A00081800

mem[X,0x0000000080000924] -> 0x8593
mem[X,0x0000000080000926] -> 0x1FF5
[590] [M]: 0x0000000080000924 (0x1FF58593) addi a1, a1, 0x1ff
x11 <- 0x0000002A000819FF

mem[X,0x0000000080000928] -> 0x9593
mem[X,0x000000008000092A] -> 0x00B5
[591] [M]: 0x0000000080000928 (0x00B59593) slli a1, a1, 0xb
x11 <- 0x0001500040CFF800

mem[X,0x000000008000092C] -> 0x8593
mem[X,0x000000008000092E] -> 0x6C05
[592] [M]: 0x000000008000092C (0x6C058593) addi a1, a1, 0x6c0
x11 <- 0x0001500040CFFEC0

mem[X,0x0000000080000930] -> 0x9593
mem[X,0x0000000080000932] -> 0x00A5
[593] [M]: 0x0000000080000930 (0x00A59593) slli a1, a1, 0xa
x11 <- 0x054001033FFB0000

mem[X,0x0000000080000934] -> 0x8593
mem[X,0x0000000080000936] -> 0x0805
[594] [M]: 0x0000000080000934 (0x08058593) addi a1, a1, 0x80
x11 <- 0x054001033FFB0080

mem[X,0x0000000080000938] -> 0x0CB7
mem[X,0x000000008000093A] -> 0x04FF
[595] [M]: 0x0000000080000938 (0x04FF0CB7) lui s9, 0x4ff0
x25 <- 0x0000000004FF0000

mem[X,0x000000008000093C] -> 0x8C93
mem[X,0x000000008000093E] -> 0xFDFC
[596] [M]: 0x000000008000093C (0xFDFC8C93) addi s9, s9, -0x21
x25 <- 0x0000000004FEFFDF

mem[X,0x0000000080000940] -> 0x9C93
mem[X,0x0000000080000942] -> 0x00BC
[597] [M]: 0x0000000080000940 (0x00BC9C93) slli s9, s9, 0xb
x25 <- 0x00000027F7FEF800

mem[X,0x0000000080000944] -> 0x8C93
mem[X,0x0000000080000946] -> 0x7CFC
[598] [M]: 0x0000000080000944 (0x7CFC8C93) addi s9, s9, 0x7cf
x25 <- 0x00000027F7FEFFCF

mem[X,0x0000000080000948] -> 0x9C93
mem[X,0x000000008000094A] -> 0x00BC
[599] [M]: 0x0000000080000948 (0x00BC9C93) slli s9, s9, 0xb
x25 <- 0x00013FBFF7FE7800

clint::tick mtime <- 0x0000000000000006
 clint timer pending at mtime 0x0000000000000006
htif::tick 0x0000000000000000
mem[X,0x000000008000094C] -> 0x8C93
mem[X,0x000000008000094E] -> 0x730C
[600] [M]: 0x000000008000094C (0x730C8C93) addi s9, s9, 0x730
x25 <- 0x00013FBFF7FE7F30

mem[X,0x0000000080000950] -> 0x9C93
mem[X,0x0000000080000952] -> 0x00AC
[601] [M]: 0x0000000080000950 (0x00AC9C93) slli s9, s9, 0xa
x25 <- 0x04FEFFDFF9FCC000

mem[X,0x0000000080000954] -> 0x8C93
mem[X,0x0000000080000956] -> 0x0F8C
[602] [M]: 0x0000000080000954 (0x0F8C8C93) addi s9, s9, 0xf8
x25 <- 0x04FEFFDFF9FCC0F8

mem[X,0x0000000080000958] -> 0x9FBB
mem[X,0x000000008000095A] -> 0xB595
[603] [M]: 0x0000000080000958 (0xB5959FBB) pdifsumu.b t6, a1, s9
x31 <- 0x04FEFFDFF9FCC584

mem[X,0x000000008000095C] -> 0xBC23
mem[X,0x000000008000095E] -> 0x05F2
[604] [M]: 0x000000008000095C (0x05F2BC23) sd t6, 0x58(t0)
mem[0x00000000800041E8] <- 0x04FEFFDFF9FCC584

mem[X,0x0000000080000960] -> 0x4097
mem[X,0x0000000080000962] -> 0x0000
[605] [M]: 0x0000000080000960 (0x00004097) auipc ra, 0x4
x1 <- 0x0000000080004960

mem[X,0x0000000080000964] -> 0x8093
mem[X,0x0000000080000966] -> 0x8900
[606] [M]: 0x0000000080000964 (0x89008093) addi ra, ra, -0x770
x1 <- 0x00000000800041F0

mem[X,0x0000000080000968] -> 0x0013
mem[X,0x000000008000096A] -> 0x0000
[607] [M]: 0x0000000080000968 (0x00000013) addi zero, zero, 0x0

mem[X,0x000000008000096C] -> 0x0013
mem[X,0x000000008000096E] -> 0x0000
[608] [M]: 0x000000008000096C (0x00000013) addi zero, zero, 0x0

mem[X,0x0000000080000970] -> 0x0013
mem[X,0x0000000080000972] -> 0x0000
[609] [M]: 0x0000000080000970 (0x00000013) addi zero, zero, 0x0

mem[X,0x0000000080000974] -> 0x0013
mem[X,0x0000000080000976] -> 0x0000
[610] [M]: 0x0000000080000974 (0x00000013) addi zero, zero, 0x0

mem[X,0x0000000080000978] -> 0x0013
mem[X,0x000000008000097A] -> 0x0000
[611] [M]: 0x0000000080000978 (0x00000013) addi zero, zero, 0x0

mem[X,0x000000008000097C] -> 0x0013
mem[X,0x000000008000097E] -> 0x0000
[612] [M]: 0x000000008000097C (0x00000013) addi zero, zero, 0x0

mem[X,0x0000000080000980] -> 0xFA37
mem[X,0x0000000080000982] -> 0xFD10
[613] [M]: 0x0000000080000980 (0xFD10FA37) lui s4, -0x2ef1
x20 <- 0xFFFFFFFFFD10F000

mem[X,0x0000000080000984] -> 0x0A13
mem[X,0x0000000080000986] -> 0xF10A
[614] [M]: 0x0000000080000984 (0xF10A0A13) addi s4, s4, -0xf0
x20 <- 0xFFFFFFFFFD10EF10

mem[X,0x0000000080000988] -> 0x1A13
mem[X,0x000000008000098A] -> 0x00BA
[615] [M]: 0x0000000080000988 (0x00BA1A13) slli s4, s4, 0xb
x20 <- 0xFFFFFFE887788000

mem[X,0x000000008000098C] -> 0x0A13
mem[X,0x000000008000098E] -> 0x557A
[616] [M]: 0x000000008000098C (0x557A0A13) addi s4, s4, 0x557
x20 <- 0xFFFFFFE887788557

mem[X,0x0000000080000990] -> 0x1A13
mem[X,0x0000000080000992] -> 0x00BA
[617] [M]: 0x0000000080000990 (0x00BA1A13) slli s4, s4, 0xb
x20 <- 0xFFFF443BC42AB800

mem[X,0x0000000080000994] -> 0x0A13
mem[X,0x0000000080000996] -> 0x7BEA
[618] [M]: 0x0000000080000994 (0x7BEA0A13) addi s4, s4, 0x7be
x20 <- 0xFFFF443BC42ABFBE

mem[X,0x0000000080000998] -> 0x1A13
mem[X,0x000000008000099A] -> 0x00AA
[619] [M]: 0x0000000080000998 (0x00AA1A13) slli s4, s4, 0xa
x20 <- 0xFD10EF10AAFEF800

mem[X,0x000000008000099C] -> 0x0A13
mem[X,0x000000008000099E] -> 0x1BFA
[620] [M]: 0x000000008000099C (0x1BFA0A13) addi s4, s4, 0x1bf
x20 <- 0xFD10EF10AAFEF9BF

mem[X,0x00000000800009A0] -> 0x0737
mem[X,0x00000000800009A2] -> 0x0410
[621] [M]: 0x00000000800009A0 (0x04100737) lui a4, 0x4100
x14 <- 0x0000000004100000

mem[X,0x00000000800009A4] -> 0x0713
mem[X,0x00000000800009A6] -> 0x5BF7
[622] [M]: 0x00000000800009A4 (0x5BF70713) addi a4, a4, 0x5bf
x14 <- 0x00000000041005BF

mem[X,0x00000000800009A8] -> 0x1713
mem[X,0x00000000800009AA] -> 0x00B7
[623] [M]: 0x00000000800009A8 (0x00B71713) slli a4, a4, 0xb
x14 <- 0x00000020802DF800

mem[X,0x00000000800009AC] -> 0x0713
mem[X,0x00000000800009AE] -> 0x01E7
[624] [M]: 0x00000000800009AC (0x01E70713) addi a4, a4, 0x1e
x14 <- 0x00000020802DF81E

mem[X,0x00000000800009B0] -> 0x1713
mem[X,0x00000000800009B2] -> 0x00B7
[625] [M]: 0x00000000800009B0 (0x00B71713) slli a4, a4, 0xb
x14 <- 0x000104016FC0F000

mem[X,0x00000000800009B4] -> 0x0713
mem[X,0x00000000800009B6] -> 0x03E7
[626] [M]: 0x00000000800009B4 (0x03E70713) addi a4, a4, 0x3e
x14 <- 0x000104016FC0F03E

mem[X,0x00000000800009B8] -> 0x1713
mem[X,0x00000000800009BA] -> 0x00A7
[627] [M]: 0x00000000800009B8 (0x00A71713) slli a4, a4, 0xa
x14 <- 0x041005BF03C0F800

mem[X,0x00000000800009BC] -> 0x0713
mem[X,0x00000000800009BE] -> 0x0027
[628] [M]: 0x00000000800009BC (0x00270713) addi a4, a4, 0x2
x14 <- 0x041005BF03C0F802

mem[X,0x00000000800009C0] -> 0x1F3B
mem[X,0x00000000800009C2] -> 0xB4EA
[629] [M]: 0x00000000800009C0 (0xB4EA1F3B) pdifsumu.b t5, s4, a4
x30 <- 0x041005BF03C0FC37

mem[X,0x00000000800009C4] -> 0xB023
mem[X,0x00000000800009C6] -> 0x01E0
[630] [M]: 0x00000000800009C4 (0x01E0B023) sd t5, 0x0(ra)
mem[0x00000000800041F0] <- 0x041005BF03C0FC37

mem[X,0x00000000800009C8] -> 0x0FB7
mem[X,0x00000000800009CA] -> 0xF811
[631] [M]: 0x00000000800009C8 (0xF8110FB7) lui t6, -0x7ef0
x31 <- 0xFFFFFFFFF8110000

mem[X,0x00000000800009CC] -> 0x8F93
mem[X,0x00000000800009CE] -> 0xEDFF
[632] [M]: 0x00000000800009CC (0xEDFF8F93) addi t6, t6, -0x121
x31 <- 0xFFFFFFFFF810FEDF

mem[X,0x00000000800009D0] -> 0x9F93
mem[X,0x00000000800009D2] -> 0x00BF
[633] [M]: 0x00000000800009D0 (0x00BF9F93) slli t6, t6, 0xb
x31 <- 0xFFFFFFC087F6F800

mem[X,0x00000000800009D4] -> 0x8F93
mem[X,0x00000000800009D6] -> 0x5FFF
[634] [M]: 0x00000000800009D4 (0x5FFF8F93) addi t6, t6, 0x5ff
x31 <- 0xFFFFFFC087F6FDFF

mem[X,0x00000000800009D8] -> 0x9F93
mem[X,0x00000000800009DA] -> 0x00BF
[635] [M]: 0x00000000800009D8 (0x00BF9F93) slli t6, t6, 0xb
x31 <- 0xFFFE043FB7EFF800

mem[X,0x00000000800009DC] -> 0x8F93
mem[X,0x00000000800009DE] -> 0x7FFF
[636] [M]: 0x00000000800009DC (0x7FFF8F93) addi t6, t6, 0x7ff
x31 <- 0xFFFE043FB7EFFFFF

mem[X,0x00000000800009E0] -> 0x9F93
mem[X,0x00000000800009E2] -> 0x00AF
[637] [M]: 0x00000000800009E0 (0x00AF9F93) slli t6, t6, 0xa
x31 <- 0xF810FEDFBFFFFC00

mem[X,0x00000000800009E4] -> 0x8F93
mem[X,0x00000000800009E6] -> 0x310F
[638] [M]: 0x00000000800009E4 (0x310F8F93) addi t6, t6, 0x310
x31 <- 0xF810FEDFBFFFFF10

mem[X,0x00000000800009E8] -> 0x0AB7
mem[X,0x00000000800009EA] -> 0xAAE0
[639] [M]: 0x00000000800009E8 (0xAAE00AB7) lui s5, -0x55200
x21 <- 0xFFFFFFFFAAE00000

mem[X,0x00000000800009EC] -> 0x8A93
mem[X,0x00000000800009EE] -> 0xCAAA
[640] [M]: 0x00000000800009EC (0xCAAA8A93) addi s5, s5, -0x356
x21 <- 0xFFFFFFFFAADFFCAA

mem[X,0x00000000800009F0] -> 0x9A93
mem[X,0x00000000800009F2] -> 0x00BA
[641] [M]: 0x00000000800009F0 (0x00BA9A93) slli s5, s5, 0xb
x21 <- 0xFFFFFD56FFE55000

mem[X,0x00000000800009F4] -> 0x8A93
mem[X,0x00000000800009F6] -> 0x2ACA
[642] [M]: 0x00000000800009F4 (0x2ACA8A93) addi s5, s5, 0x2ac
x21 <- 0xFFFFFD56FFE552AC

mem[X,0x00000000800009F8] -> 0x9A93
mem[X,0x00000000800009FA] -> 0x00BA
[643] [M]: 0x00000000800009F8 (0x00BA9A93) slli s5, s5, 0xb
x21 <- 0xFFEAB7FF2A956000

mem[X,0x00000000800009FC] -> 0x8A93
mem[X,0x00000000800009FE] -> 0x001A
[644] [M]: 0x00000000800009FC (0x001A8A93) addi s5, s5, 0x1
x21 <- 0xFFEAB7FF2A956001

mem[X,0x0000000080000A00] -> 0x9A93
mem[X,0x0000000080000A02] -> 0x00AA
[645] [M]: 0x0000000080000A00 (0x00AA9A93) slli s5, s5, 0xa
x21 <- 0xAADFFCAA55800400

mem[X,0x0000000080000A04] -> 0x8A93
mem[X,0x0000000080000A06] -> 0x2FFA
[646] [M]: 0x0000000080000A04 (0x2FFA8A93) addi s5, s5, 0x2ff
x21 <- 0xAADFFCAA558006FF

mem[X,0x0000000080000A08] -> 0x943B
mem[X,0x0000000080000A0A] -> 0xB55F
[647] [M]: 0x0000000080000A08 (0xB55F943B) pdifsumu.b fp, t6, s5
x8 <- 0xAADFFCAA55800B24

mem[X,0x0000000080000A0C] -> 0xB423
mem[X,0x0000000080000A0E] -> 0x0080
[648] [M]: 0x0000000080000A0C (0x0080B423) sd fp, 0x8(ra)
mem[0x00000000800041F8] <- 0xAADFFCAA55800B24

mem[X,0x0000000080000A10] -> 0x06B7
mem[X,0x0000000080000A12] -> 0x0405
[649] [M]: 0x0000000080000A10 (0x040506B7) lui a3, 0x4050
x13 <- 0x0000000004050000

mem[X,0x0000000080000A14] -> 0x8693
mem[X,0x0000000080000A16] -> 0x0FC6
[650] [M]: 0x0000000080000A14 (0x0FC68693) addi a3, a3, 0xfc
x13 <- 0x00000000040500FC

mem[X,0x0000000080000A18] -> 0x9693
mem[X,0x0000000080000A1A] -> 0x00B6
[651] [M]: 0x0000000080000A18 (0x00B69693) slli a3, a3, 0xb
x13 <- 0x000000202807E000

mem[X,0x0000000080000A1C] -> 0x8693
mem[X,0x0000000080000A1E] -> 0x2AF6
[652] [M]: 0x0000000080000A1C (0x2AF68693) addi a3, a3, 0x2af
x13 <- 0x000000202807E2AF

mem[X,0x0000000080000A20] -> 0x9693
mem[X,0x0000000080000A22] -> 0x00B6
[653] [M]: 0x0000000080000A20 (0x00B69693) slli a3, a3, 0xb
x13 <- 0x000101403F157800

mem[X,0x0000000080000A24] -> 0x8693
mem[X,0x0000000080000A26] -> 0x6506
[654] [M]: 0x0000000080000A24 (0x65068693) addi a3, a3, 0x650
x13 <- 0x000101403F157E50

mem[X,0x0000000080000A28] -> 0x9693
mem[X,0x0000000080000A2A] -> 0x00A6
[655] [M]: 0x0000000080000A28 (0x00A69693) slli a3, a3, 0xa
x13 <- 0x040500FC55F94000

mem[X,0x0000000080000A2C] -> 0x8693
mem[X,0x0000000080000A2E] -> 0x0EF6
[656] [M]: 0x0000000080000A2C (0x0EF68693) addi a3, a3, 0xef
x13 <- 0x040500FC55F940EF

mem[X,0x0000000080000A30] -> 0x8C37
mem[X,0x0000000080000A32] -> 0x3F80
[657] [M]: 0x0000000080000A30 (0x3F808C37) lui s8, 0x3f808
x24 <- 0x000000003F808000

mem[X,0x0000000080000A34] -> 0x0C13
mem[X,0x0000000080000A36] -> 0x0AAC
[658] [M]: 0x0000000080000A34 (0x0AAC0C13) addi s8, s8, 0xaa
x24 <- 0x000000003F8080AA

mem[X,0x0000000080000A38] -> 0x1C13
mem[X,0x0000000080000A3A] -> 0x00BC
[659] [M]: 0x0000000080000A38 (0x00BC1C13) slli s8, s8, 0xb
x24 <- 0x000001FC04055000

mem[X,0x0000000080000A3C] -> 0x0C13
mem[X,0x0000000080000A3E] -> 0x7C7C
[660] [M]: 0x0000000080000A3C (0x7C7C0C13) addi s8, s8, 0x7c7
x24 <- 0x000001FC040557C7

mem[X,0x0000000080000A40] -> 0x1C13
mem[X,0x0000000080000A42] -> 0x00BC
[661] [M]: 0x0000000080000A40 (0x00BC1C13) slli s8, s8, 0xb
x24 <- 0x000FE0202ABE3800

mem[X,0x0000000080000A44] -> 0x0C13
mem[X,0x0000000080000A46] -> 0x740C
[662] [M]: 0x0000000080000A44 (0x740C0C13) addi s8, s8, 0x740
x24 <- 0x000FE0202ABE3F40

mem[X,0x0000000080000A48] -> 0x1C13
mem[X,0x0000000080000A4A] -> 0x00AC
[663] [M]: 0x0000000080000A48 (0x00AC1C13) slli s8, s8, 0xa
x24 <- 0x3F8080AAF8FD0000

mem[X,0x0000000080000A4C] -> 0x0C13
mem[X,0x0000000080000A4E] -> 0x33FC
[664] [M]: 0x0000000080000A4C (0x33FC0C13) addi s8, s8, 0x33f
x24 <- 0x3F8080AAF8FD033F

mem[X,0x0000000080000A50] -> 0x9D3B
mem[X,0x0000000080000A52] -> 0xB586
[665] [M]: 0x0000000080000A50 (0xB5869D3B) pdifsumu.b s10, a3, s8
x26 <- 0x3F8080AAF8FD065B

mem[X,0x0000000080000A54] -> 0xB823
mem[X,0x0000000080000A56] -> 0x01A0
[666] [M]: 0x0000000080000A54 (0x01A0B823) sd s10, 0x10(ra)
mem[0x0000000080004200] <- 0x3F8080AAF8FD065B

mem[X,0x0000000080000A58] -> 0x0C37
mem[X,0x0000000080000A5A] -> 0x0803
[667] [M]: 0x0000000080000A58 (0x08030C37) lui s8, 0x8030
x24 <- 0x0000000008030000

mem[X,0x0000000080000A5C] -> 0x0C13
mem[X,0x0000000080000A5E] -> 0x8AAC
[668] [M]: 0x0000000080000A5C (0x8AAC0C13) addi s8, s8, -0x756
x24 <- 0x000000000802F8AA

mem[X,0x0000000080000A60] -> 0x1C13
mem[X,0x0000000080000A62] -> 0x00BC
[669] [M]: 0x0000000080000A60 (0x00BC1C13) slli s8, s8, 0xb
x24 <- 0x0000004017C55000

mem[X,0x0000000080000A64] -> 0x0C13
mem[X,0x0000000080000A66] -> 0x5F8C
[670] [M]: 0x0000000080000A64 (0x5F8C0C13) addi s8, s8, 0x5f8
x24 <- 0x0000004017C555F8

mem[X,0x0000000080000A68] -> 0x1C13
mem[X,0x0000000080000A6A] -> 0x00BC
[671] [M]: 0x0000000080000A68 (0x00BC1C13) slli s8, s8, 0xb
x24 <- 0x000200BE2AAFC000

mem[X,0x0000000080000A6C] -> 0x0C13
mem[X,0x0000000080000A6E] -> 0x240C
[672] [M]: 0x0000000080000A6C (0x240C0C13) addi s8, s8, 0x240
x24 <- 0x000200BE2AAFC240

mem[X,0x0000000080000A70] -> 0x1C13
mem[X,0x0000000080000A72] -> 0x00AC
[673] [M]: 0x0000000080000A70 (0x00AC1C13) slli s8, s8, 0xa
x24 <- 0x0802F8AABF090000

mem[X,0x0000000080000A74] -> 0x0C13
mem[X,0x0000000080000A76] -> 0x306C
[674] [M]: 0x0000000080000A74 (0x306C0C13) addi s8, s8, 0x306
x24 <- 0x0802F8AABF090306

mem[X,0x0000000080000A78] -> 0x8FB7
mem[X,0x0000000080000A7A] -> 0xFFDF
[675] [M]: 0x0000000080000A78 (0xFFDF8FB7) lui t6, -0x208
x31 <- 0xFFFFFFFFFFDF8000

mem[X,0x0000000080000A7C] -> 0x8F93
mem[X,0x0000000080000A7E] -> 0xF10F
[676] [M]: 0x0000000080000A7C (0xF10F8F93) addi t6, t6, -0xf0
x31 <- 0xFFFFFFFFFFDF7F10

mem[X,0x0000000080000A80] -> 0x9F93
mem[X,0x0000000080000A82] -> 0x00BF
[677] [M]: 0x0000000080000A80 (0x00BF9F93) slli t6, t6, 0xb
x31 <- 0xFFFFFFFEFBF88000

mem[X,0x0000000080000A84] -> 0x8F93
mem[X,0x0000000080000A86] -> 0x048F
[678] [M]: 0x0000000080000A84 (0x048F8F93) addi t6, t6, 0x48
x31 <- 0xFFFFFFFEFBF88048

mem[X,0x0000000080000A88] -> 0x9F93
mem[X,0x0000000080000A8A] -> 0x00BF
[679] [M]: 0x0000000080000A88 (0x00BF9F93) slli t6, t6, 0xb
x31 <- 0xFFFFF7DFC4024000

mem[X,0x0000000080000A8C] -> 0x8F93
mem[X,0x0000000080000A8E] -> 0x104F
[680] [M]: 0x0000000080000A8C (0x104F8F93) addi t6, t6, 0x104
x31 <- 0xFFFFF7DFC4024104

mem[X,0x0000000080000A90] -> 0x9F93
mem[X,0x0000000080000A92] -> 0x00AF
[681] [M]: 0x0000000080000A90 (0x00AF9F93) slli t6, t6, 0xa
x31 <- 0xFFDF7F1009041000

mem[X,0x0000000080000A94] -> 0x8F93
mem[X,0x0000000080000A96] -> 0x0F8F
[682] [M]: 0x0000000080000A94 (0x0F8F8F93) addi t6, t6, 0xf8
x31 <- 0xFFDF7F10090410F8

mem[X,0x0000000080000A98] -> 0x193B
mem[X,0x0000000080000A9A] -> 0xB5FC
[683] [M]: 0x0000000080000A98 (0xB5FC193B) pdifsumu.b s2, s8, t6
x18 <- 0xFFDF7F1009041599

mem[X,0x0000000080000A9C] -> 0xBC23
mem[X,0x0000000080000A9E] -> 0x0120
[684] [M]: 0x0000000080000A9C (0x0120BC23) sd s2, 0x18(ra)
mem[0x0000000080004208] <- 0xFFDF7F1009041599

mem[X,0x0000000080000AA0] -> 0xE7B7
mem[X,0x0000000080000AA2] -> 0xC0FF
[685] [M]: 0x0000000080000AA0 (0xC0FFE7B7) lui a5, -0x3f002
x15 <- 0xFFFFFFFFC0FFE000

mem[X,0x0000000080000AA4] -> 0x8793
mem[X,0x0000000080000AA6] -> 0xFAA7
[686] [M]: 0x0000000080000AA4 (0xFAA78793) addi a5, a5, -0x56
x15 <- 0xFFFFFFFFC0FFDFAA

mem[X,0x0000000080000AA8] -> 0x9793
mem[X,0x0000000080000AAA] -> 0x00B7
[687] [M]: 0x0000000080000AA8 (0x00B79793) slli a5, a5, 0xb
x15 <- 0xFFFFFE07FEFD5000

mem[X,0x0000000080000AAC] -> 0x8793
mem[X,0x0000000080000AAE] -> 0x7F27
[688] [M]: 0x0000000080000AAC (0x7F278793) addi a5, a5, 0x7f2
x15 <- 0xFFFFFE07FEFD57F2

mem[X,0x0000000080000AB0] -> 0x9793
mem[X,0x0000000080000AB2] -> 0x00B7
[689] [M]: 0x0000000080000AB0 (0x00B79793) slli a5, a5, 0xb
x15 <- 0xFFF03FF7EABF9000

mem[X,0x0000000080000AB4] -> 0x8793
mem[X,0x0000000080000AB6] -> 0x5407
[690] [M]: 0x0000000080000AB4 (0x54078793) addi a5, a5, 0x540
x15 <- 0xFFF03FF7EABF9540

mem[X,0x0000000080000AB8] -> 0x9793
mem[X,0x0000000080000ABA] -> 0x00A7
[691] [M]: 0x0000000080000AB8 (0x00A79793) slli a5, a5, 0xa
x15 <- 0xC0FFDFAAFE550000

mem[X,0x0000000080000ABC] -> 0x8793
mem[X,0x0000000080000ABE] -> 0x2EF7
[692] [M]: 0x0000000080000ABC (0x2EF78793) addi a5, a5, 0x2ef
x15 <- 0xC0FFDFAAFE5502EF

mem[X,0x0000000080000AC0] -> 0x1E37
mem[X,0x0000000080000AC2] -> 0xFF00
[693] [M]: 0x0000000080000AC0 (0xFF001E37) lui t3, -0xfff
x28 <- 0xFFFFFFFFFF001000

mem[X,0x0000000080000AC4] -> 0x0E13
mem[X,0x0000000080000AC6] -> 0x87FE
[694] [M]: 0x0000000080000AC4 (0x87FE0E13) addi t3, t3, -0x781
x28 <- 0xFFFFFFFFFF00087F

mem[X,0x0000000080000AC8] -> 0x1E13
mem[X,0x0000000080000ACA] -> 0x00BE
[695] [M]: 0x0000000080000AC8 (0x00BE1E13) slli t3, t3, 0xb
x28 <- 0xFFFFFFF80043F800

mem[X,0x0000000080000ACC] -> 0x0E13
mem[X,0x0000000080000ACE] -> 0x606E
[696] [M]: 0x0000000080000ACC (0x606E0E13) addi t3, t3, 0x606
x28 <- 0xFFFFFFF80043FE06

mem[X,0x0000000080000AD0] -> 0x1E13
mem[X,0x0000000080000AD2] -> 0x00BE
[697] [M]: 0x0000000080000AD0 (0x00BE1E13) slli t3, t3, 0xb
x28 <- 0xFFFFC0021FF03000

mem[X,0x0000000080000AD4] -> 0x0E13
mem[X,0x0000000080000AD6] -> 0x002E
[698] [M]: 0x0000000080000AD4 (0x002E0E13) addi t3, t3, 0x2
x28 <- 0xFFFFC0021FF03002

mem[X,0x0000000080000AD8] -> 0x1E13
mem[X,0x0000000080000ADA] -> 0x00AE
[699] [M]: 0x0000000080000AD8 (0x00AE1E13) slli t3, t3, 0xa
x28 <- 0xFF00087FC0C00800

clint::tick mtime <- 0x0000000000000007
 clint timer pending at mtime 0x0000000000000007
htif::tick 0x0000000000000000
mem[X,0x0000000080000ADC] -> 0x0E13
mem[X,0x0000000080000ADE] -> 0x104E
[700] [M]: 0x0000000080000ADC (0x104E0E13) addi t3, t3, 0x104
x28 <- 0xFF00087FC0C00904

mem[X,0x0000000080000AE0] -> 0x9BBB
mem[X,0x0000000080000AE2] -> 0xB5C7
[701] [M]: 0x0000000080000AE0 (0xB5C79BBB) pdifsumu.b s7, a5, t3
x23 <- 0xFF00087FC0C00CDF

mem[X,0x0000000080000AE4] -> 0xB023
mem[X,0x0000000080000AE6] -> 0x0370
[702] [M]: 0x0000000080000AE4 (0x0370B023) sd s7, 0x20(ra)
mem[0x0000000080004210] <- 0xFF00087FC0C00CDF

mem[X,0x0000000080000AE8] -> 0x0F37
mem[X,0x0000000080000AEA] -> 0xFF02
[703] [M]: 0x0000000080000AE8 (0xFF020F37) lui t5, -0xfe0
x30 <- 0xFFFFFFFFFF020000

mem[X,0x0000000080000AEC] -> 0x0F13
mem[X,0x0000000080000AEE] -> 0x607F
[704] [M]: 0x0000000080000AEC (0x607F0F13) addi t5, t5, 0x607
x30 <- 0xFFFFFFFFFF020607

mem[X,0x0000000080000AF0] -> 0x1F13
mem[X,0x0000000080000AF2] -> 0x00BF
[705] [M]: 0x0000000080000AF0 (0x00BF1F13) slli t5, t5, 0xb
x30 <- 0xFFFFFFF810303800

mem[X,0x0000000080000AF4] -> 0x0F13
mem[X,0x0000000080000AF6] -> 0x020F
[706] [M]: 0x0000000080000AF4 (0x020F0F13) addi t5, t5, 0x20
x30 <- 0xFFFFFFF810303820

mem[X,0x0000000080000AF8] -> 0x1F13
mem[X,0x0000000080000AFA] -> 0x00BF
[707] [M]: 0x0000000080000AF8 (0x00BF1F13) slli t5, t5, 0xb
x30 <- 0xFFFFC08181C10000

mem[X,0x0000000080000AFC] -> 0x0F13
mem[X,0x0000000080000AFE] -> 0x05FF
[708] [M]: 0x0000000080000AFC (0x05FF0F13) addi t5, t5, 0x5f
x30 <- 0xFFFFC08181C1005F

mem[X,0x0000000080000B00] -> 0x1F13
mem[X,0x0000000080000B02] -> 0x00AF
[709] [M]: 0x0000000080000B00 (0x00AF1F13) slli t5, t5, 0xa
x30 <- 0xFF02060704017C00

mem[X,0x0000000080000B04] -> 0x0F13
mem[X,0x0000000080000B06] -> 0x307F
[710] [M]: 0x0000000080000B04 (0x307F0F13) addi t5, t5, 0x307
x30 <- 0xFF02060704017F07

mem[X,0x0000000080000B08] -> 0x4EB7
mem[X,0x0000000080000B0A] -> 0xFAFF
[711] [M]: 0x0000000080000B08 (0xFAFF4EB7) lui t4, -0x500c
x29 <- 0xFFFFFFFFFAFF4000

mem[X,0x0000000080000B0C] -> 0x8E93
mem[X,0x0000000080000B0E] -> 0x07FE
[712] [M]: 0x0000000080000B0C (0x07FE8E93) addi t4, t4, 0x7f
x29 <- 0xFFFFFFFFFAFF407F

mem[X,0x0000000080000B10] -> 0x9E93
mem[X,0x0000000080000B12] -> 0x00BE
[713] [M]: 0x0000000080000B10 (0x00BE9E93) slli t4, t4, 0xb
x29 <- 0xFFFFFFD7FA03F800

mem[X,0x0000000080000B14] -> 0x8E93
mem[X,0x0000000080000B16] -> 0x087E
[714] [M]: 0x0000000080000B14 (0x087E8E93) addi t4, t4, 0x87
x29 <- 0xFFFFFFD7FA03F887

mem[X,0x0000000080000B18] -> 0x9E93
mem[X,0x0000000080000B1A] -> 0x00BE
[715] [M]: 0x0000000080000B18 (0x00BE9E93) slli t4, t4, 0xb
x29 <- 0xFFFEBFD01FC43800

mem[X,0x0000000080000B1C] -> 0x8E93
mem[X,0x0000000080000B1E] -> 0x580E
[716] [M]: 0x0000000080000B1C (0x580E8E93) addi t4, t4, 0x580
x29 <- 0xFFFEBFD01FC43D80

mem[X,0x0000000080000B20] -> 0x9E93
mem[X,0x0000000080000B22] -> 0x00AE
[717] [M]: 0x0000000080000B20 (0x00AE9E93) slli t4, t4, 0xa
x29 <- 0xFAFF407F10F60000

mem[X,0x0000000080000B24] -> 0x8E93
mem[X,0x0000000080000B26] -> 0x33FE
[718] [M]: 0x0000000080000B24 (0x33FE8E93) addi t4, t4, 0x33f
x29 <- 0xFAFF407F10F6033F

mem[X,0x0000000080000B28] -> 0x1FBB
mem[X,0x0000000080000B2A] -> 0xB5DF
[719] [M]: 0x0000000080000B28 (0xB5DF1FBB) pdifsumu.b t6, t5, t4
x31 <- 0xFAFF407F10F606A8

mem[X,0x0000000080000B2C] -> 0xB423
mem[X,0x0000000080000B2E] -> 0x03F0
[720] [M]: 0x0000000080000B2C (0x03F0B423) sd t6, 0x28(ra)
mem[0x0000000080004218] <- 0xFAFF407F10F606A8

mem[X,0x0000000080000B30] -> 0x0F37
mem[X,0x0000000080000B32] -> 0x4003
[721] [M]: 0x0000000080000B30 (0x40030F37) lui t5, 0x40030
x30 <- 0x0000000040030000

mem[X,0x0000000080000B34] -> 0x0F13
mem[X,0x0000000080000B36] -> 0x9FAF
[722] [M]: 0x0000000080000B34 (0x9FAF0F13) addi t5, t5, -0x606
x30 <- 0x000000004002F9FA

mem[X,0x0000000080000B38] -> 0x1F13
mem[X,0x0000000080000B3A] -> 0x00BF
[723] [M]: 0x0000000080000B38 (0x00BF1F13) slli t5, t5, 0xb
x30 <- 0x0000020017CFD000

mem[X,0x0000000080000B3C] -> 0x0F13
mem[X,0x0000000080000B3E] -> 0x039F
[724] [M]: 0x0000000080000B3C (0x039F0F13) addi t5, t5, 0x39
x30 <- 0x0000020017CFD039

mem[X,0x0000000080000B40] -> 0x1F13
mem[X,0x0000000080000B42] -> 0x00BF
[725] [M]: 0x0000000080000B40 (0x00BF1F13) slli t5, t5, 0xb
x30 <- 0x001000BE7E81C800

mem[X,0x0000000080000B44] -> 0x0F13
mem[X,0x0000000080000B46] -> 0x015F
[726] [M]: 0x0000000080000B44 (0x015F0F13) addi t5, t5, 0x15
x30 <- 0x001000BE7E81C815

mem[X,0x0000000080000B48] -> 0x1F13
mem[X,0x0000000080000B4A] -> 0x00AF
[727] [M]: 0x0000000080000B48 (0x00AF1F13) slli t5, t5, 0xa
x30 <- 0x4002F9FA07205400

mem[X,0x0000000080000B4C] -> 0x0F13
mem[X,0x0000000080000B4E] -> 0x1F9F
[728] [M]: 0x0000000080000B4C (0x1F9F0F13) addi t5, t5, 0x1f9
x30 <- 0x4002F9FA072055F9

mem[X,0x0000000080000B50] -> 0x0EB7
mem[X,0x0000000080000B52] -> 0xF7FF
[729] [M]: 0x0000000080000B50 (0xF7FF0EB7) lui t4, -0x8010
x29 <- 0xFFFFFFFFF7FF0000

mem[X,0x0000000080000B54] -> 0x8E93
mem[X,0x0000000080000B56] -> 0xB7FE
[730] [M]: 0x0000000080000B54 (0xB7FE8E93) addi t4, t4, -0x481
x29 <- 0xFFFFFFFFF7FEFB7F

mem[X,0x0000000080000B58] -> 0x9E93
mem[X,0x0000000080000B5A] -> 0x00BE
[731] [M]: 0x0000000080000B58 (0x00BE9E93) slli t4, t4, 0xb
x29 <- 0xFFFFFFBFF7DBF800

mem[X,0x0000000080000B5C] -> 0x8E93
mem[X,0x0000000080000B5E] -> 0x018E
[732] [M]: 0x0000000080000B5C (0x018E8E93) addi t4, t4, 0x18
x29 <- 0xFFFFFFBFF7DBF818

mem[X,0x0000000080000B60] -> 0x9E93
mem[X,0x0000000080000B62] -> 0x00BE
[733] [M]: 0x0000000080000B60 (0x00BE9E93) slli t4, t4, 0xb
x29 <- 0xFFFDFFBEDFC0C000

mem[X,0x0000000080000B64] -> 0x8E93
mem[X,0x0000000080000B66] -> 0x148E
[734] [M]: 0x0000000080000B64 (0x148E8E93) addi t4, t4, 0x148
x29 <- 0xFFFDFFBEDFC0C148

mem[X,0x0000000080000B68] -> 0x9E93
mem[X,0x0000000080000B6A] -> 0x00AE
[735] [M]: 0x0000000080000B68 (0x00AE9E93) slli t4, t4, 0xa
x29 <- 0xF7FEFB7F03052000

mem[X,0x0000000080000B6C] -> 0x8E93
mem[X,0x0000000080000B6E] -> 0x0BFE
[736] [M]: 0x0000000080000B6C (0x0BFE8E93) addi t4, t4, 0xbf
x29 <- 0xF7FEFB7F030520BF

mem[X,0x0000000080000B70] -> 0x1FBB
mem[X,0x0000000080000B72] -> 0xB5DF
[737] [M]: 0x0000000080000B70 (0xB5DF1FBB) pdifsumu.b t6, t5, t4
x31 <- 0xF7FEFB7F0305237D

mem[X,0x0000000080000B74] -> 0xB823
mem[X,0x0000000080000B76] -> 0x03F0
[738] [M]: 0x0000000080000B74 (0x03F0B823) sd t6, 0x30(ra)
mem[0x0000000080004220] <- 0xF7FEFB7F0305237D

mem[X,0x0000000080000B78] -> 0x8F37
mem[X,0x0000000080000B7A] -> 0xFA3F
[739] [M]: 0x0000000080000B78 (0xFA3F8F37) lui t5, -0x5c08
x30 <- 0xFFFFFFFFFA3F8000

mem[X,0x0000000080000B7C] -> 0x0F13
mem[X,0x0000000080000B7E] -> 0xFFCF
[740] [M]: 0x0000000080000B7C (0xFFCF0F13) addi t5, t5, -0x4
x30 <- 0xFFFFFFFFFA3F7FFC

mem[X,0x0000000080000B80] -> 0x1F13
mem[X,0x0000000080000B82] -> 0x00BF
[741] [M]: 0x0000000080000B80 (0x00BF1F13) slli t5, t5, 0xb
x30 <- 0xFFFFFFD1FBFFE000

mem[X,0x0000000080000B84] -> 0x0F13
mem[X,0x0000000080000B86] -> 0x7D2F
[742] [M]: 0x0000000080000B84 (0x7D2F0F13) addi t5, t5, 0x7d2
x30 <- 0xFFFFFFD1FBFFE7D2

mem[X,0x0000000080000B88] -> 0x1F13
mem[X,0x0000000080000B8A] -> 0x00BF
[743] [M]: 0x0000000080000B88 (0x00BF1F13) slli t5, t5, 0xb
x30 <- 0xFFFE8FDFFF3E9000

mem[X,0x0000000080000B8C] -> 0x0F13
mem[X,0x0000000080000B8E] -> 0x03FF
[744] [M]: 0x0000000080000B8C (0x03FF0F13) addi t5, t5, 0x3f
x30 <- 0xFFFE8FDFFF3E903F

mem[X,0x0000000080000B90] -> 0x1F13
mem[X,0x0000000080000B92] -> 0x00AF
[745] [M]: 0x0000000080000B90 (0x00AF1F13) slli t5, t5, 0xa
x30 <- 0xFA3F7FFCFA40FC00

mem[X,0x0000000080000B94] -> 0x0F13
mem[X,0x0000000080000B96] -> 0x3AAF
[746] [M]: 0x0000000080000B94 (0x3AAF0F13) addi t5, t5, 0x3aa
x30 <- 0xFA3F7FFCFA40FFAA

mem[X,0x0000000080000B98] -> 0xEEB7
mem[X,0x0000000080000B9A] -> 0x0708
[747] [M]: 0x0000000080000B98 (0x0708EEB7) lui t4, 0x708e
x29 <- 0x000000000708E000

mem[X,0x0000000080000B9C] -> 0x8E93
mem[X,0x0000000080000B9E] -> 0xF3FE
[748] [M]: 0x0000000080000B9C (0xF3FE8E93) addi t4, t4, -0xc1
x29 <- 0x000000000708DF3F

mem[X,0x0000000080000BA0] -> 0x9E93
mem[X,0x0000000080000BA2] -> 0x00BE
[749] [M]: 0x0000000080000BA0 (0x00BE9E93) slli t4, t4, 0xb
x29 <- 0x0000003846F9F800

mem[X,0x0000000080000BA4] -> 0x8E93
mem[X,0x0000000080000BA6] -> 0x018E
[750] [M]: 0x0000000080000BA4 (0x018E8E93) addi t4, t4, 0x18
x29 <- 0x0000003846F9F818

mem[X,0x0000000080000BA8] -> 0x9E93
mem[X,0x0000000080000BAA] -> 0x00BE
[751] [M]: 0x0000000080000BA8 (0x00BE9E93) slli t4, t4, 0xb
x29 <- 0x0001C237CFC0C000

mem[X,0x0000000080000BAC] -> 0x8E93
mem[X,0x0000000080000BAE] -> 0x137E
[752] [M]: 0x0000000080000BAC (0x137E8E93) addi t4, t4, 0x137
x29 <- 0x0001C237CFC0C137

mem[X,0x0000000080000BB0] -> 0x9E93
mem[X,0x0000000080000BB2] -> 0x00AE
[753] [M]: 0x0000000080000BB0 (0x00AE9E93) slli t4, t4, 0xa
x29 <- 0x0708DF3F0304DC00

mem[X,0x0000000080000BB4] -> 0x8E93
mem[X,0x0000000080000BB6] -> 0x304E
[754] [M]: 0x0000000080000BB4 (0x304E8E93) addi t4, t4, 0x304
x29 <- 0x0708DF3F0304DF04

mem[X,0x0000000080000BB8] -> 0x1FBB
mem[X,0x0000000080000BBA] -> 0xB5DF
[755] [M]: 0x0000000080000BB8 (0xB5DF1FBB) pdifsumu.b t6, t5, t4
x31 <- 0x0708DF3F0304E344

mem[X,0x0000000080000BBC] -> 0xBC23
mem[X,0x0000000080000BBE] -> 0x03F0
[756] [M]: 0x0000000080000BBC (0x03F0BC23) sd t6, 0x38(ra)
mem[0x0000000080004228] <- 0x0708DF3F0304E344

mem[X,0x0000000080000BC0] -> 0xFF37
mem[X,0x0000000080000BC2] -> 0x0806
[757] [M]: 0x0000000080000BC0 (0x0806FF37) lui t5, 0x806f
x30 <- 0x000000000806F000

mem[X,0x0000000080000BC4] -> 0x0F13
mem[X,0x0000000080000BC6] -> 0xF01F
[758] [M]: 0x0000000080000BC4 (0xF01F0F13) addi t5, t5, -0xff
x30 <- 0x000000000806EF01

mem[X,0x0000000080000BC8] -> 0x1F13
mem[X,0x0000000080000BCA] -> 0x00BF
[759] [M]: 0x0000000080000BC8 (0x00BF1F13) slli t5, t5, 0xb
x30 <- 0x0000004037780800

mem[X,0x0000000080000BCC] -> 0x0F13
mem[X,0x0000000080000BCE] -> 0x6FFF
[760] [M]: 0x0000000080000BCC (0x6FFF0F13) addi t5, t5, 0x6ff
x30 <- 0x0000004037780EFF

mem[X,0x0000000080000BD0] -> 0x1F13
mem[X,0x0000000080000BD2] -> 0x00BF
[761] [M]: 0x0000000080000BD0 (0x00BF1F13) slli t5, t5, 0xb
x30 <- 0x000201BBC077F800

mem[X,0x0000000080000BD4] -> 0x0F13
mem[X,0x0000000080000BD6] -> 0x7E0F
[762] [M]: 0x0000000080000BD4 (0x7E0F0F13) addi t5, t5, 0x7e0
x30 <- 0x000201BBC077FFE0

mem[X,0x0000000080000BD8] -> 0x1F13
mem[X,0x0000000080000BDA] -> 0x00AF
[763] [M]: 0x0000000080000BD8 (0x00AF1F13) slli t5, t5, 0xa
x30 <- 0x0806EF01DFFF8000

mem[X,0x0000000080000BDC] -> 0x0F13
mem[X,0x0000000080000BDE] -> 0x07FF
[764] [M]: 0x0000000080000BDC (0x07FF0F13) addi t5, t5, 0x7f
x30 <- 0x0806EF01DFFF807F

mem[X,0x0000000080000BE0] -> 0x5EB7
mem[X,0x0000000080000BE2] -> 0x0105
[765] [M]: 0x0000000080000BE0 (0x01055EB7) lui t4, 0x1055
x29 <- 0x0000000001055000

mem[X,0x0000000080000BE4] -> 0x8E93
mem[X,0x0000000080000BE6] -> 0x5FAE
[766] [M]: 0x0000000080000BE4 (0x5FAE8E93) addi t4, t4, 0x5fa
x29 <- 0x00000000010555FA

mem[X,0x0000000080000BE8] -> 0x9E93
mem[X,0x0000000080000BEA] -> 0x00BE
[767] [M]: 0x0000000080000BE8 (0x00BE9E93) slli t4, t4, 0xb
x29 <- 0x000000082AAFD000

mem[X,0x0000000080000BEC] -> 0x8E93
mem[X,0x0000000080000BEE] -> 0x042E
[768] [M]: 0x0000000080000BEC (0x042E8E93) addi t4, t4, 0x42
x29 <- 0x000000082AAFD042

mem[X,0x0000000080000BF0] -> 0x9E93
mem[X,0x0000000080000BF2] -> 0x00BE
[769] [M]: 0x0000000080000BF0 (0x00BE9E93) slli t4, t4, 0xb
x29 <- 0x000041557E821000

mem[X,0x0000000080000BF4] -> 0x8E93
mem[X,0x0000000080000BF6] -> 0x001E
[770] [M]: 0x0000000080000BF4 (0x001E8E93) addi t4, t4, 0x1
x29 <- 0x000041557E821001

mem[X,0x0000000080000BF8] -> 0x9E93
mem[X,0x0000000080000BFA] -> 0x00AE
[771] [M]: 0x0000000080000BF8 (0x00AE9E93) slli t4, t4, 0xa
x29 <- 0x010555FA08400400

mem[X,0x0000000080000BFC] -> 0x8E93
mem[X,0x0000000080000BFE] -> 0x0FFE
[772] [M]: 0x0000000080000BFC (0x0FFE8E93) addi t4, t4, 0xff
x29 <- 0x010555FA084004FF

mem[X,0x0000000080000C00] -> 0x1FBB
mem[X,0x0000000080000C02] -> 0xB5DF
[773] [M]: 0x0000000080000C00 (0xB5DF1FBB) pdifsumu.b t6, t5, t4
x31 <- 0x010555FA0840092C

mem[X,0x0000000080000C04] -> 0xB023
mem[X,0x0000000080000C06] -> 0x05F0
[774] [M]: 0x0000000080000C04 (0x05F0B023) sd t6, 0x40(ra)
mem[0x0000000080004230] <- 0x010555FA0840092C

mem[X,0x0000000080000C08] -> 0x1F37
mem[X,0x0000000080000C0A] -> 0xFEBF
[775] [M]: 0x0000000080000C08 (0xFEBF1F37) lui t5, -0x140f
x30 <- 0xFFFFFFFFFEBF1000

mem[X,0x0000000080000C0C] -> 0x0F13
mem[X,0x0000000080000C0E] -> 0x8F7F
[776] [M]: 0x0000000080000C0C (0x8F7F0F13) addi t5, t5, -0x709
x30 <- 0xFFFFFFFFFEBF08F7

mem[X,0x0000000080000C10] -> 0x1F13
mem[X,0x0000000080000C12] -> 0x00BF
[777] [M]: 0x0000000080000C10 (0x00BF1F13) slli t5, t5, 0xb
x30 <- 0xFFFFFFF5F847B800

mem[X,0x0000000080000C14] -> 0x0F13
mem[X,0x0000000080000C16] -> 0x02EF
[778] [M]: 0x0000000080000C14 (0x02EF0F13) addi t5, t5, 0x2e
x30 <- 0xFFFFFFF5F847B82E

mem[X,0x0000000080000C18] -> 0x1F13
mem[X,0x0000000080000C1A] -> 0x00BF
[779] [M]: 0x0000000080000C18 (0x00BF1F13) slli t5, t5, 0xb
x30 <- 0xFFFFAFC23DC17000

mem[X,0x0000000080000C1C] -> 0x0F13
mem[X,0x0000000080000C1E] -> 0x7C8F
[780] [M]: 0x0000000080000C1C (0x7C8F0F13) addi t5, t5, 0x7c8
x30 <- 0xFFFFAFC23DC177C8

mem[X,0x0000000080000C20] -> 0x1F13
mem[X,0x0000000080000C22] -> 0x00AF
[781] [M]: 0x0000000080000C20 (0x00AF1F13) slli t5, t5, 0xa
x30 <- 0xFEBF08F705DF2000

mem[X,0x0000000080000C24] -> 0x0F13
mem[X,0x0000000080000C26] -> 0x003F
[782] [M]: 0x0000000080000C24 (0x003F0F13) addi t5, t5, 0x3
x30 <- 0xFEBF08F705DF2003

mem[X,0x0000000080000C28] -> 0xBEB7
mem[X,0x0000000080000C2A] -> 0x00AA
[783] [M]: 0x0000000080000C28 (0x00AABEB7) lui t4, 0xaab
x29 <- 0x0000000000AAB000

mem[X,0x0000000080000C2C] -> 0x8E93
mem[X,0x0000000080000C2E] -> 0xA00E
[784] [M]: 0x0000000080000C2C (0xA00E8E93) addi t4, t4, -0x600
x29 <- 0x0000000000AAAA00

mem[X,0x0000000080000C30] -> 0x9E93
mem[X,0x0000000080000C32] -> 0x00BE
[785] [M]: 0x0000000080000C30 (0x00BE9E93) slli t4, t4, 0xb
x29 <- 0x0000000555500000

mem[X,0x0000000080000C34] -> 0x8E93
mem[X,0x0000000080000C36] -> 0x040E
[786] [M]: 0x0000000080000C34 (0x040E8E93) addi t4, t4, 0x40
x29 <- 0x0000000555500040

mem[X,0x0000000080000C38] -> 0x9E93
mem[X,0x0000000080000C3A] -> 0x00BE
[787] [M]: 0x0000000080000C38 (0x00BE9E93) slli t4, t4, 0xb
x29 <- 0x00002AAA80020000

mem[X,0x0000000080000C3C] -> 0x8E93
mem[X,0x0000000080000C3E] -> 0x200E
[788] [M]: 0x0000000080000C3C (0x200E8E93) addi t4, t4, 0x200
x29 <- 0x00002AAA80020200

mem[X,0x0000000080000C40] -> 0x9E93
mem[X,0x0000000080000C42] -> 0x00AE
[789] [M]: 0x0000000080000C40 (0x00AE9E93) slli t4, t4, 0xa
x29 <- 0x00AAAA0008080000

mem[X,0x0000000080000C44] -> 0x8E93
mem[X,0x0000000080000C46] -> 0x010E
[790] [M]: 0x0000000080000C44 (0x010E8E93) addi t4, t4, 0x10
x29 <- 0x00AAAA0008080010

mem[X,0x0000000080000C48] -> 0x1FBB
mem[X,0x0000000080000C4A] -> 0xB5DF
[791] [M]: 0x0000000080000C48 (0xB5DF1FBB) pdifsumu.b t6, t5, t4
x31 <- 0x00AAAA00080803C3

mem[X,0x0000000080000C4C] -> 0xB423
mem[X,0x0000000080000C4E] -> 0x05F0
[792] [M]: 0x0000000080000C4C (0x05F0B423) sd t6, 0x48(ra)
mem[0x0000000080004238] <- 0x00AAAA00080803C3

mem[X,0x0000000080000C50] -> 0x0F37
mem[X,0x0000000080000C52] -> 0x03F9
[793] [M]: 0x0000000080000C50 (0x03F90F37) lui t5, 0x3f90
x30 <- 0x0000000003F90000

mem[X,0x0000000080000C54] -> 0x0F13
mem[X,0x0000000080000C56] -> 0xB01F
[794] [M]: 0x0000000080000C54 (0xB01F0F13) addi t5, t5, -0x4ff
x30 <- 0x0000000003F8FB01

mem[X,0x0000000080000C58] -> 0x1F13
mem[X,0x0000000080000C5A] -> 0x00BF
[795] [M]: 0x0000000080000C58 (0x00BF1F13) slli t5, t5, 0xb
x30 <- 0x0000001FC7D80800

mem[X,0x0000000080000C5C] -> 0x0F13
mem[X,0x0000000080000C5E] -> 0x04DF
[796] [M]: 0x0000000080000C5C (0x04DF0F13) addi t5, t5, 0x4d
x30 <- 0x0000001FC7D8084D

mem[X,0x0000000080000C60] -> 0x1F13
mem[X,0x0000000080000C62] -> 0x00BF
[797] [M]: 0x0000000080000C60 (0x00BF1F13) slli t5, t5, 0xb
x30 <- 0x0000FE3EC0426800

mem[X,0x0000000080000C64] -> 0x0F13
mem[X,0x0000000080000C66] -> 0x281F
[798] [M]: 0x0000000080000C64 (0x281F0F13) addi t5, t5, 0x281
x30 <- 0x0000FE3EC0426A81

mem[X,0x0000000080000C68] -> 0x1F13
mem[X,0x0000000080000C6A] -> 0x00AF
[799] [M]: 0x0000000080000C68 (0x00AF1F13) slli t5, t5, 0xa
x30 <- 0x03F8FB0109AA0400

clint::tick mtime <- 0x0000000000000008
 clint timer pending at mtime 0x0000000000000008
htif::tick 0x0000000000000000
mem[X,0x0000000080000C6C] -> 0x0F13
mem[X,0x0000000080000C6E] -> 0x0FCF
[800] [M]: 0x0000000080000C6C (0x0FCF0F13) addi t5, t5, 0xfc
x30 <- 0x03F8FB0109AA04FC

mem[X,0x0000000080000C70] -> 0xFEB7
mem[X,0x0000000080000C72] -> 0xEF02
[801] [M]: 0x0000000080000C70 (0xEF02FEB7) lui t4, -0x10fd1
x29 <- 0xFFFFFFFFEF02F000

mem[X,0x0000000080000C74] -> 0x8E93
mem[X,0x0000000080000C76] -> 0x780E
[802] [M]: 0x0000000080000C74 (0x780E8E93) addi t4, t4, 0x780
x29 <- 0xFFFFFFFFEF02F780

mem[X,0x0000000080000C78] -> 0x9E93
mem[X,0x0000000080000C7A] -> 0x00BE
[803] [M]: 0x0000000080000C78 (0x00BE9E93) slli t4, t4, 0xb
x29 <- 0xFFFFFF7817BC0000

mem[X,0x0000000080000C7C] -> 0x8E93
mem[X,0x0000000080000C7E] -> 0x400E
[804] [M]: 0x0000000080000C7C (0x400E8E93) addi t4, t4, 0x400
x29 <- 0xFFFFFF7817BC0400

mem[X,0x0000000080000C80] -> 0x9E93
mem[X,0x0000000080000C82] -> 0x00BE
[805] [M]: 0x0000000080000C80 (0x00BE9E93) slli t4, t4, 0xb
x29 <- 0xFFFBC0BDE0200000

mem[X,0x0000000080000C84] -> 0x8E93
mem[X,0x0000000080000C86] -> 0x201E
[806] [M]: 0x0000000080000C84 (0x201E8E93) addi t4, t4, 0x201
x29 <- 0xFFFBC0BDE0200201

mem[X,0x0000000080000C88] -> 0x9E93
mem[X,0x0000000080000C8A] -> 0x00AE
[807] [M]: 0x0000000080000C88 (0x00AE9E93) slli t4, t4, 0xa
x29 <- 0xEF02F78080080400

mem[X,0x0000000080000C8C] -> 0x8E93
mem[X,0x0000000080000C8E] -> 0x3C0E
[808] [M]: 0x0000000080000C8C (0x3C0E8E93) addi t4, t4, 0x3c0
x29 <- 0xEF02F780800807C0

mem[X,0x0000000080000C90] -> 0x1FBB
mem[X,0x0000000080000C92] -> 0xB5DF
[809] [M]: 0x0000000080000C90 (0xB5DF1FBB) pdifsumu.b t6, t5, t4
x31 <- 0xEF02F78080080B7D

mem[X,0x0000000080000C94] -> 0xB823
mem[X,0x0000000080000C96] -> 0x05F0
[810] [M]: 0x0000000080000C94 (0x05F0B823) sd t6, 0x50(ra)
mem[0x0000000080004240] <- 0xEF02F78080080B7D

mem[X,0x0000000080000C98] -> 0x0F37
mem[X,0x0000000080000C9A] -> 0xEF41
[811] [M]: 0x0000000080000C98 (0xEF410F37) lui t5, -0x10bf0
x30 <- 0xFFFFFFFFEF410000

mem[X,0x0000000080000C9C] -> 0x0F13
mem[X,0x0000000080000C9E] -> 0x820F
[812] [M]: 0x0000000080000C9C (0x820F0F13) addi t5, t5, -0x7e0
x30 <- 0xFFFFFFFFEF40F820

mem[X,0x0000000080000CA0] -> 0x1F13
mem[X,0x0000000080000CA2] -> 0x00BF
[813] [M]: 0x0000000080000CA0 (0x00BF1F13) slli t5, t5, 0xb
x30 <- 0xFFFFFF7A07C10000

mem[X,0x0000000080000CA4] -> 0x0F13
mem[X,0x0000000080000CA6] -> 0x020F
[814] [M]: 0x0000000080000CA4 (0x020F0F13) addi t5, t5, 0x20
x30 <- 0xFFFFFF7A07C10020

mem[X,0x0000000080000CA8] -> 0x1F13
mem[X,0x0000000080000CAA] -> 0x00BF
[815] [M]: 0x0000000080000CA8 (0x00BF1F13) slli t5, t5, 0xb
x30 <- 0xFFFBD03E08010000

mem[X,0x0000000080000CAC] -> 0x0F13
mem[X,0x0000000080000CAE] -> 0x102F
[816] [M]: 0x0000000080000CAC (0x102F0F13) addi t5, t5, 0x102
x30 <- 0xFFFBD03E08010102

mem[X,0x0000000080000CB0] -> 0x1F13
mem[X,0x0000000080000CB2] -> 0x00AF
[817] [M]: 0x0000000080000CB0 (0x00AF1F13) slli t5, t5, 0xa
x30 <- 0xEF40F82004040800

mem[X,0x0000000080000CB4] -> 0x0F13
mem[X,0x0000000080000CB6] -> 0x1F7F
[818] [M]: 0x0000000080000CB4 (0x1F7F0F13) addi t5, t5, 0x1f7
x30 <- 0xEF40F820040409F7

mem[X,0x0000000080000CB8] -> 0x0EB7
mem[X,0x0000000080000CBA] -> 0x0020
[819] [M]: 0x0000000080000CB8 (0x00200EB7) lui t4, 0x200
x29 <- 0x0000000000200000

mem[X,0x0000000080000CBC] -> 0x8E93
mem[X,0x0000000080000CBE] -> 0x4FEE
[820] [M]: 0x0000000080000CBC (0x4FEE8E93) addi t4, t4, 0x4fe
x29 <- 0x00000000002004FE

mem[X,0x0000000080000CC0] -> 0x9E93
mem[X,0x0000000080000CC2] -> 0x00BE
[821] [M]: 0x0000000080000CC0 (0x00BE9E93) slli t4, t4, 0xb
x29 <- 0x000000010027F000

mem[X,0x0000000080000CC4] -> 0x8E93
mem[X,0x0000000080000CC6] -> 0x027E
[822] [M]: 0x0000000080000CC4 (0x027E8E93) addi t4, t4, 0x27
x29 <- 0x000000010027F027

mem[X,0x0000000080000CC8] -> 0x9E93
mem[X,0x0000000080000CCA] -> 0x00BE
[823] [M]: 0x0000000080000CC8 (0x00BE9E93) slli t4, t4, 0xb
x29 <- 0x000008013F813800

mem[X,0x0000000080000CCC] -> 0x8E93
mem[X,0x0000000080000CCE] -> 0x695E
[824] [M]: 0x0000000080000CCC (0x695E8E93) addi t4, t4, 0x695
x29 <- 0x000008013F813E95

mem[X,0x0000000080000CD0] -> 0x9E93
mem[X,0x0000000080000CD2] -> 0x00AE
[825] [M]: 0x0000000080000CD0 (0x00AE9E93) slli t4, t4, 0xa
x29 <- 0x002004FE04FA5400

mem[X,0x0000000080000CD4] -> 0x8E93
mem[X,0x0000000080000CD6] -> 0x1FDE
[826] [M]: 0x0000000080000CD4 (0x1FDE8E93) addi t4, t4, 0x1fd
x29 <- 0x002004FE04FA55FD

mem[X,0x0000000080000CD8] -> 0x1FBB
mem[X,0x0000000080000CDA] -> 0xB5DF
[827] [M]: 0x0000000080000CD8 (0xB5DF1FBB) pdifsumu.b t6, t5, t4
x31 <- 0x002004FE04FA5A26

mem[X,0x0000000080000CDC] -> 0xBC23
mem[X,0x0000000080000CDE] -> 0x05F0
[828] [M]: 0x0000000080000CDC (0x05F0BC23) sd t6, 0x58(ra)
mem[0x0000000080004248] <- 0x002004FE04FA5A26

mem[X,0x0000000080000CE0] -> 0x0F37
mem[X,0x0000000080000CE2] -> 0xF8C0
[829] [M]: 0x0000000080000CE0 (0xF8C00F37) lui t5, -0x7400
x30 <- 0xFFFFFFFFF8C00000

mem[X,0x0000000080000CE4] -> 0x0F13
mem[X,0x0000000080000CE6] -> 0x2DFF
[830] [M]: 0x0000000080000CE4 (0x2DFF0F13) addi t5, t5, 0x2df
x30 <- 0xFFFFFFFFF8C002DF

mem[X,0x0000000080000CE8] -> 0x1F13
mem[X,0x0000000080000CEA] -> 0x00BF
[831] [M]: 0x0000000080000CE8 (0x00BF1F13) slli t5, t5, 0xb
x30 <- 0xFFFFFFC60016F800

mem[X,0x0000000080000CEC] -> 0x0F13
mem[X,0x0000000080000CEE] -> 0x7ECF
[832] [M]: 0x0000000080000CEC (0x7ECF0F13) addi t5, t5, 0x7ec
x30 <- 0xFFFFFFC60016FFEC

mem[X,0x0000000080000CF0] -> 0x1F13
mem[X,0x0000000080000CF2] -> 0x00BF
[833] [M]: 0x0000000080000CF0 (0x00BF1F13) slli t5, t5, 0xb
x30 <- 0xFFFE3000B7FF6000

mem[X,0x0000000080000CF4] -> 0x0F13
mem[X,0x0000000080000CF6] -> 0x037F
[834] [M]: 0x0000000080000CF4 (0x037F0F13) addi t5, t5, 0x37
x30 <- 0xFFFE3000B7FF6037

mem[X,0x0000000080000CF8] -> 0x1F13
mem[X,0x0000000080000CFA] -> 0x00AF
[835] [M]: 0x0000000080000CF8 (0x00AF1F13) slli t5, t5, 0xa
x30 <- 0xF8C002DFFD80DC00

mem[X,0x0000000080000CFC] -> 0x0F13
mem[X,0x0000000080000CFE] -> 0x37FF
[836] [M]: 0x0000000080000CFC (0x37FF0F13) addi t5, t5, 0x37f
x30 <- 0xF8C002DFFD80DF7F

mem[X,0x0000000080000D00] -> 0x0EB7
mem[X,0x0000000080000D02] -> 0x03F9
[837] [M]: 0x0000000080000D00 (0x03F90EB7) lui t4, 0x3f90
x29 <- 0x0000000003F90000

mem[X,0x0000000080000D04] -> 0x8E93
mem[X,0x0000000080000D06] -> 0x607E
[838] [M]: 0x0000000080000D04 (0x607E8E93) addi t4, t4, 0x607
x29 <- 0x0000000003F90607

mem[X,0x0000000080000D08] -> 0x9E93
mem[X,0x0000000080000D0A] -> 0x00BE
[839] [M]: 0x0000000080000D08 (0x00BE9E93) slli t4, t4, 0xb
x29 <- 0x0000001FC8303800

mem[X,0x0000000080000D0C] -> 0x8E93
mem[X,0x0000000080000D0E] -> 0x200E
[840] [M]: 0x0000000080000D0C (0x200E8E93) addi t4, t4, 0x200
x29 <- 0x0000001FC8303A00

mem[X,0x0000000080000D10] -> 0x9E93
mem[X,0x0000000080000D12] -> 0x00BE
[841] [M]: 0x0000000080000D10 (0x00BE9E93) slli t4, t4, 0xb
x29 <- 0x0000FE4181D00000

mem[X,0x0000000080000D14] -> 0x8E93
mem[X,0x0000000080000D16] -> 0x000E
[842] [M]: 0x0000000080000D14 (0x000E8E93) addi t4, t4, 0x0
x29 <- 0x0000FE4181D00000

mem[X,0x0000000080000D18] -> 0x9E93
mem[X,0x0000000080000D1A] -> 0x00AE
[843] [M]: 0x0000000080000D18 (0x00AE9E93) slli t4, t4, 0xa
x29 <- 0x03F9060740000000

mem[X,0x0000000080000D1C] -> 0x8E93
mem[X,0x0000000080000D1E] -> 0x3FDE
[844] [M]: 0x0000000080000D1C (0x3FDE8E93) addi t4, t4, 0x3fd
x29 <- 0x03F90607400003FD

mem[X,0x0000000080000D20] -> 0x1FBB
mem[X,0x0000000080000D22] -> 0xB5DF
[845] [M]: 0x0000000080000D20 (0xB5DF1FBB) pdifsumu.b t6, t5, t4
x31 <- 0x03F906074000089E

mem[X,0x0000000080000D24] -> 0xB023
mem[X,0x0000000080000D26] -> 0x07F0
[846] [M]: 0x0000000080000D24 (0x07F0B023) sd t6, 0x60(ra)
mem[0x0000000080004250] <- 0x03F906074000089E

mem[X,0x0000000080000D28] -> 0x0F37
mem[X,0x0000000080000D2A] -> 0xFC08
[847] [M]: 0x0000000080000D28 (0xFC080F37) lui t5, -0x3f80
x30 <- 0xFFFFFFFFFC080000

mem[X,0x0000000080000D2C] -> 0x0F13
mem[X,0x0000000080000D2E] -> 0xC00F
[848] [M]: 0x0000000080000D2C (0xC00F0F13) addi t5, t5, -0x400
x30 <- 0xFFFFFFFFFC07FC00

mem[X,0x0000000080000D30] -> 0x1F13
mem[X,0x0000000080000D32] -> 0x00BF
[849] [M]: 0x0000000080000D30 (0x00BF1F13) slli t5, t5, 0xb
x30 <- 0xFFFFFFE03FE00000

mem[X,0x0000000080000D34] -> 0x0F13
mem[X,0x0000000080000D36] -> 0x02FF
[850] [M]: 0x0000000080000D34 (0x02FF0F13) addi t5, t5, 0x2f
x30 <- 0xFFFFFFE03FE0002F

mem[X,0x0000000080000D38] -> 0x1F13
mem[X,0x0000000080000D3A] -> 0x00BF
[851] [M]: 0x0000000080000D38 (0x00BF1F13) slli t5, t5, 0xb
x30 <- 0xFFFF01FF00017800

mem[X,0x0000000080000D3C] -> 0x0F13
mem[X,0x0000000080000D3E] -> 0x642F
[852] [M]: 0x0000000080000D3C (0x642F0F13) addi t5, t5, 0x642
x30 <- 0xFFFF01FF00017E42

mem[X,0x0000000080000D40] -> 0x1F13
mem[X,0x0000000080000D42] -> 0x00AF
[853] [M]: 0x0000000080000D40 (0x00AF1F13) slli t5, t5, 0xa
x30 <- 0xFC07FC0005F90800

mem[X,0x0000000080000D44] -> 0x0F13
mem[X,0x0000000080000D46] -> 0x001F
[854] [M]: 0x0000000080000D44 (0x001F0F13) addi t5, t5, 0x1
x30 <- 0xFC07FC0005F90801

mem[X,0x0000000080000D48] -> 0x0EB7
mem[X,0x0000000080000D4A] -> 0x80FE
[855] [M]: 0x0000000080000D48 (0x80FE0EB7) lui t4, -0x7f020
x29 <- 0xFFFFFFFF80FE0000

mem[X,0x0000000080000D4C] -> 0x8E93
mem[X,0x0000000080000D4E] -> 0x908E
[856] [M]: 0x0000000080000D4C (0x908E8E93) addi t4, t4, -0x6f8
x29 <- 0xFFFFFFFF80FDF908

mem[X,0x0000000080000D50] -> 0x9E93
mem[X,0x0000000080000D52] -> 0x00BE
[857] [M]: 0x0000000080000D50 (0x00BE9E93) slli t4, t4, 0xb
x29 <- 0xFFFFFC07EFC84000

mem[X,0x0000000080000D54] -> 0x8E93
mem[X,0x0000000080000D56] -> 0x2ABE
[858] [M]: 0x0000000080000D54 (0x2ABE8E93) addi t4, t4, 0x2ab
x29 <- 0xFFFFFC07EFC842AB

mem[X,0x0000000080000D58] -> 0x9E93
mem[X,0x0000000080000D5A] -> 0x00BE
[859] [M]: 0x0000000080000D58 (0x00BE9E93) slli t4, t4, 0xb
x29 <- 0xFFE03F7E42155800

mem[X,0x0000000080000D5C] -> 0x8E93
mem[X,0x0000000080000D5E] -> 0x7E0E
[860] [M]: 0x0000000080000D5C (0x7E0E8E93) addi t4, t4, 0x7e0
x29 <- 0xFFE03F7E42155FE0

mem[X,0x0000000080000D60] -> 0x9E93
mem[X,0x0000000080000D62] -> 0x00AE
[861] [M]: 0x0000000080000D60 (0x00AE9E93) slli t4, t4, 0xa
x29 <- 0x80FDF908557F8000

mem[X,0x0000000080000D64] -> 0x8E93
mem[X,0x0000000080000D66] -> 0x009E
[862] [M]: 0x0000000080000D64 (0x009E8E93) addi t4, t4, 0x9
x29 <- 0x80FDF908557F8009

mem[X,0x0000000080000D68] -> 0x1FBB
mem[X,0x0000000080000D6A] -> 0xB5DF
[863] [M]: 0x0000000080000D68 (0xB5DF1FBB) pdifsumu.b t6, t5, t4
x31 <- 0x80FDF908557F82D0

mem[X,0x0000000080000D6C] -> 0xB423
mem[X,0x0000000080000D6E] -> 0x07F0
[864] [M]: 0x0000000080000D6C (0x07F0B423) sd t6, 0x68(ra)
mem[0x0000000080004258] <- 0x80FDF908557F82D0

mem[X,0x0000000080000D70] -> 0x8F37
mem[X,0x0000000080000D72] -> 0x01DF
[865] [M]: 0x0000000080000D70 (0x01DF8F37) lui t5, 0x1df8
x30 <- 0x0000000001DF8000

mem[X,0x0000000080000D74] -> 0x0F13
mem[X,0x0000000080000D76] -> 0x007F
[866] [M]: 0x0000000080000D74 (0x007F0F13) addi t5, t5, 0x7
x30 <- 0x0000000001DF8007

mem[X,0x0000000080000D78] -> 0x1F13
mem[X,0x0000000080000D7A] -> 0x00BF
[867] [M]: 0x0000000080000D78 (0x00BF1F13) slli t5, t5, 0xb
x30 <- 0x0000000EFC003800

mem[X,0x0000000080000D7C] -> 0x0F13
mem[X,0x0000000080000D7E] -> 0x407F
[868] [M]: 0x0000000080000D7C (0x407F0F13) addi t5, t5, 0x407
x30 <- 0x0000000EFC003C07

mem[X,0x0000000080000D80] -> 0x1F13
mem[X,0x0000000080000D82] -> 0x00BF
[869] [M]: 0x0000000080000D80 (0x00BF1F13) slli t5, t5, 0xb
x30 <- 0x000077E001E03800

mem[X,0x0000000080000D84] -> 0x0F13
mem[X,0x0000000080000D86] -> 0x7C0F
[870] [M]: 0x0000000080000D84 (0x7C0F0F13) addi t5, t5, 0x7c0
x30 <- 0x000077E001E03FC0

mem[X,0x0000000080000D88] -> 0x1F13
mem[X,0x0000000080000D8A] -> 0x00AF
[871] [M]: 0x0000000080000D88 (0x00AF1F13) slli t5, t5, 0xa
x30 <- 0x01DF800780FF0000

mem[X,0x0000000080000D8C] -> 0x0F13
mem[X,0x0000000080000D8E] -> 0x200F
[872] [M]: 0x0000000080000D8C (0x200F0F13) addi t5, t5, 0x200
x30 <- 0x01DF800780FF0200

mem[X,0x0000000080000D90] -> 0xCEB7
mem[X,0x0000000080000D92] -> 0x0002
[873] [M]: 0x0000000080000D90 (0x0002CEB7) lui t4, 0x2c
x29 <- 0x000000000002C000

mem[X,0x0000000080000D94] -> 0x8E93
mem[X,0x0000000080000D96] -> 0x055E
[874] [M]: 0x0000000080000D94 (0x055E8E93) addi t4, t4, 0x55
x29 <- 0x000000000002C055

mem[X,0x0000000080000D98] -> 0x9E93
mem[X,0x0000000080000D9A] -> 0x00BE
[875] [M]: 0x0000000080000D98 (0x00BE9E93) slli t4, t4, 0xb
x29 <- 0x000000001602A800

mem[X,0x0000000080000D9C] -> 0x8E93
mem[X,0x0000000080000D9E] -> 0x557E
[876] [M]: 0x0000000080000D9C (0x557E8E93) addi t4, t4, 0x557
x29 <- 0x000000001602AD57

mem[X,0x0000000080000DA0] -> 0x9E93
mem[X,0x0000000080000DA2] -> 0x00BE
[877] [M]: 0x0000000080000DA0 (0x00BE9E93) slli t4, t4, 0xb
x29 <- 0x000000B0156AB800

mem[X,0x0000000080000DA4] -> 0x8E93
mem[X,0x0000000080000DA6] -> 0x770E
[878] [M]: 0x0000000080000DA4 (0x770E8E93) addi t4, t4, 0x770
x29 <- 0x000000B0156ABF70

mem[X,0x0000000080000DA8] -> 0x9E93
mem[X,0x0000000080000DAA] -> 0x00AE
[879] [M]: 0x0000000080000DA8 (0x00AE9E93) slli t4, t4, 0xa
x29 <- 0x0002C055AAFDC000

mem[X,0x0000000080000DAC] -> 0x8E93
mem[X,0x0000000080000DAE] -> 0x07FE
[880] [M]: 0x0000000080000DAC (0x07FE8E93) addi t4, t4, 0x7f
x29 <- 0x0002C055AAFDC07F

mem[X,0x0000000080000DB0] -> 0x1FBB
mem[X,0x0000000080000DB2] -> 0xB5DF
[881] [M]: 0x0000000080000DB0 (0xB5DF1FBB) pdifsumu.b t6, t5, t4
x31 <- 0x0002C055AAFDC354

mem[X,0x0000000080000DB4] -> 0xB823
mem[X,0x0000000080000DB6] -> 0x07F0
[882] [M]: 0x0000000080000DB4 (0x07F0B823) sd t6, 0x70(ra)
mem[0x0000000080004260] <- 0x0002C055AAFDC354

mem[X,0x0000000080000DB8] -> 0x0F37
mem[X,0x0000000080000DBA] -> 0x20FD
[883] [M]: 0x0000000080000DB8 (0x20FD0F37) lui t5, 0x20fd0
x30 <- 0x0000000020FD0000

mem[X,0x0000000080000DBC] -> 0x0F13
mem[X,0x0000000080000DBE] -> 0x801F
[884] [M]: 0x0000000080000DBC (0x801F0F13) addi t5, t5, -0x7ff
x30 <- 0x0000000020FCF801

mem[X,0x0000000080000DC0] -> 0x1F13
mem[X,0x0000000080000DC2] -> 0x00BF
[885] [M]: 0x0000000080000DC0 (0x00BF1F13) slli t5, t5, 0xb
x30 <- 0x00000107E7C00800

mem[X,0x0000000080000DC4] -> 0x0F13
mem[X,0x0000000080000DC6] -> 0x7CFF
[886] [M]: 0x0000000080000DC4 (0x7CFF0F13) addi t5, t5, 0x7cf
x30 <- 0x00000107E7C00FCF

mem[X,0x0000000080000DC8] -> 0x1F13
mem[X,0x0000000080000DCA] -> 0x00BF
[887] [M]: 0x0000000080000DC8 (0x00BF1F13) slli t5, t5, 0xb
x30 <- 0x00083F3E007E7800

mem[X,0x0000000080000DCC] -> 0x0F13
mem[X,0x0000000080000DCE] -> 0x7F7F
[888] [M]: 0x0000000080000DCC (0x7F7F0F13) addi t5, t5, 0x7f7
x30 <- 0x00083F3E007E7FF7

mem[X,0x0000000080000DD0] -> 0x1F13
mem[X,0x0000000080000DD2] -> 0x00AF
[889] [M]: 0x0000000080000DD0 (0x00AF1F13) slli t5, t5, 0xa
x30 <- 0x20FCF801F9FFDC00

mem[X,0x0000000080000DD4] -> 0x0F13
mem[X,0x0000000080000DD6] -> 0x300F
[890] [M]: 0x0000000080000DD4 (0x300F0F13) addi t5, t5, 0x300
x30 <- 0x20FCF801F9FFDF00

mem[X,0x0000000080000DD8] -> 0xFEB7
mem[X,0x0000000080000DDA] -> 0xFBF8
[891] [M]: 0x0000000080000DD8 (0xFBF8FEB7) lui t4, -0x4071
x29 <- 0xFFFFFFFFFBF8F000

mem[X,0x0000000080000DDC] -> 0x8E93
mem[X,0x0000000080000DDE] -> 0xF04E
[892] [M]: 0x0000000080000DDC (0xF04E8E93) addi t4, t4, -0xfc
x29 <- 0xFFFFFFFFFBF8EF04

mem[X,0x0000000080000DE0] -> 0x9E93
mem[X,0x0000000080000DE2] -> 0x00BE
[893] [M]: 0x0000000080000DE0 (0x00BE9E93) slli t4, t4, 0xb
x29 <- 0xFFFFFFDFC7782000

mem[X,0x0000000080000DE4] -> 0x8E93
mem[X,0x0000000080000DE6] -> 0x040E
[894] [M]: 0x0000000080000DE4 (0x040E8E93) addi t4, t4, 0x40
x29 <- 0xFFFFFFDFC7782040

mem[X,0x0000000080000DE8] -> 0x9E93
mem[X,0x0000000080000DEA] -> 0x00BE
[895] [M]: 0x0000000080000DE8 (0x00BE9E93) slli t4, t4, 0xb
x29 <- 0xFFFEFE3BC1020000

mem[X,0x0000000080000DEC] -> 0x8E93
mem[X,0x0000000080000DEE] -> 0x242E
[896] [M]: 0x0000000080000DEC (0x242E8E93) addi t4, t4, 0x242
x29 <- 0xFFFEFE3BC1020242

mem[X,0x0000000080000DF0] -> 0x9E93
mem[X,0x0000000080000DF2] -> 0x00AE
[897] [M]: 0x0000000080000DF0 (0x00AE9E93) slli t4, t4, 0xa
x29 <- 0xFBF8EF0408090800

mem[X,0x0000000080000DF4] -> 0x8E93
mem[X,0x0000000080000DF6] -> 0x120E
[898] [M]: 0x0000000080000DF4 (0x120E8E93) addi t4, t4, 0x120
x29 <- 0xFBF8EF0408090920

mem[X,0x0000000080000DF8] -> 0x1FBB
mem[X,0x0000000080000DFA] -> 0xB5DF
[899] [M]: 0x0000000080000DF8 (0xB5DF1FBB) pdifsumu.b t6, t5, t4
x31 <- 0xFBF8EF0408090CE8

clint::tick mtime <- 0x0000000000000009
 clint timer pending at mtime 0x0000000000000009
htif::tick 0x0000000000000000
mem[X,0x0000000080000DFC] -> 0xBC23
mem[X,0x0000000080000DFE] -> 0x07F0
[900] [M]: 0x0000000080000DFC (0x07F0BC23) sd t6, 0x78(ra)
mem[0x0000000080004268] <- 0xFBF8EF0408090CE8

mem[X,0x0000000080000E00] -> 0x0F37
mem[X,0x0000000080000E02] -> 0xFB40
[901] [M]: 0x0000000080000E00 (0xFB400F37) lui t5, -0x4c00
x30 <- 0xFFFFFFFFFB400000

mem[X,0x0000000080000E04] -> 0x0F13
mem[X,0x0000000080000E06] -> 0x010F
[902] [M]: 0x0000000080000E04 (0x010F0F13) addi t5, t5, 0x10
x30 <- 0xFFFFFFFFFB400010

mem[X,0x0000000080000E08] -> 0x1F13
mem[X,0x0000000080000E0A] -> 0x00BF
[903] [M]: 0x0000000080000E08 (0x00BF1F13) slli t5, t5, 0xb
x30 <- 0xFFFFFFDA00008000

mem[X,0x0000000080000E0C] -> 0x0F13
mem[X,0x0000000080000E0E] -> 0x557F
[904] [M]: 0x0000000080000E0C (0x557F0F13) addi t5, t5, 0x557
x30 <- 0xFFFFFFDA00008557

mem[X,0x0000000080000E10] -> 0x1F13
mem[X,0x0000000080000E12] -> 0x00BF
[905] [M]: 0x0000000080000E10 (0x00BF1F13) slli t5, t5, 0xb
x30 <- 0xFFFED000042AB800

mem[X,0x0000000080000E14] -> 0x0F13
mem[X,0x0000000080000E16] -> 0x7C1F
[906] [M]: 0x0000000080000E14 (0x7C1F0F13) addi t5, t5, 0x7c1
x30 <- 0xFFFED000042ABFC1

mem[X,0x0000000080000E18] -> 0x1F13
mem[X,0x0000000080000E1A] -> 0x00AF
[907] [M]: 0x0000000080000E18 (0x00AF1F13) slli t5, t5, 0xa
x30 <- 0xFB400010AAFF0400

mem[X,0x0000000080000E1C] -> 0x0F13
mem[X,0x0000000080000E1E] -> 0x304F
[908] [M]: 0x0000000080000E1C (0x304F0F13) addi t5, t5, 0x304
x30 <- 0xFB400010AAFF0704

mem[X,0x0000000080000E20] -> 0xFEB7
mem[X,0x0000000080000E22] -> 0x553F
[909] [M]: 0x0000000080000E20 (0x553FFEB7) lui t4, 0x553ff
x29 <- 0x00000000553FF000

mem[X,0x0000000080000E24] -> 0x8E93
mem[X,0x0000000080000E26] -> 0x600E
[910] [M]: 0x0000000080000E24 (0x600E8E93) addi t4, t4, 0x600
x29 <- 0x00000000553FF600

mem[X,0x0000000080000E28] -> 0x9E93
mem[X,0x0000000080000E2A] -> 0x00BE
[911] [M]: 0x0000000080000E28 (0x00BE9E93) slli t4, t4, 0xb
x29 <- 0x000002A9FFB00000

mem[X,0x0000000080000E2C] -> 0x8E93
mem[X,0x0000000080000E2E] -> 0x7F0E
[912] [M]: 0x0000000080000E2C (0x7F0E8E93) addi t4, t4, 0x7f0
x29 <- 0x000002A9FFB007F0

mem[X,0x0000000080000E30] -> 0x9E93
mem[X,0x0000000080000E32] -> 0x00BE
[913] [M]: 0x0000000080000E30 (0x00BE9E93) slli t4, t4, 0xb
x29 <- 0x00154FFD803F8000

mem[X,0x0000000080000E34] -> 0x8E93
mem[X,0x0000000080000E36] -> 0x140E
[914] [M]: 0x0000000080000E34 (0x140E8E93) addi t4, t4, 0x140
x29 <- 0x00154FFD803F8140

mem[X,0x0000000080000E38] -> 0x9E93
mem[X,0x0000000080000E3A] -> 0x00AE
[915] [M]: 0x0000000080000E38 (0x00AE9E93) slli t4, t4, 0xa
x29 <- 0x553FF600FE050000

mem[X,0x0000000080000E3C] -> 0x8E93
mem[X,0x0000000080000E3E] -> 0x37FE
[916] [M]: 0x0000000080000E3C (0x37FE8E93) addi t4, t4, 0x37f
x29 <- 0x553FF600FE05037F

mem[X,0x0000000080000E40] -> 0x1FBB
mem[X,0x0000000080000E42] -> 0xB5DF
[917] [M]: 0x0000000080000E40 (0xB5DF1FBB) pdifsumu.b t6, t5, t4
x31 <- 0x553FF600FE0506F9

mem[X,0x0000000080000E44] -> 0xB023
mem[X,0x0000000080000E46] -> 0x09F0
[918] [M]: 0x0000000080000E44 (0x09F0B023) sd t6, 0x80(ra)
mem[0x0000000080004270] <- 0x553FF600FE0506F9

mem[X,0x0000000080000E48] -> 0x2F37
mem[X,0x0000000080000E4A] -> 0xDF06
[919] [M]: 0x0000000080000E48 (0xDF062F37) lui t5, -0x20f9e
x30 <- 0xFFFFFFFFDF062000

mem[X,0x0000000080000E4C] -> 0x0F13
mem[X,0x0000000080000E4E] -> 0x0BFF
[920] [M]: 0x0000000080000E4C (0x0BFF0F13) addi t5, t5, 0xbf
x30 <- 0xFFFFFFFFDF0620BF

mem[X,0x0000000080000E50] -> 0x1F13
mem[X,0x0000000080000E52] -> 0x00BF
[921] [M]: 0x0000000080000E50 (0x00BF1F13) slli t5, t5, 0xb
x30 <- 0xFFFFFEF83105F800

mem[X,0x0000000080000E54] -> 0x0F13
mem[X,0x0000000080000E56] -> 0x010F
[922] [M]: 0x0000000080000E54 (0x010F0F13) addi t5, t5, 0x10
x30 <- 0xFFFFFEF83105F810

mem[X,0x0000000080000E58] -> 0x1F13
mem[X,0x0000000080000E5A] -> 0x00BF
[923] [M]: 0x0000000080000E58 (0x00BF1F13) slli t5, t5, 0xb
x30 <- 0xFFF7C1882FC08000

mem[X,0x0000000080000E5C] -> 0x0F13
mem[X,0x0000000080000E5E] -> 0x10FF
[924] [M]: 0x0000000080000E5C (0x10FF0F13) addi t5, t5, 0x10f
x30 <- 0xFFF7C1882FC0810F

mem[X,0x0000000080000E60] -> 0x1F13
mem[X,0x0000000080000E62] -> 0x00AF
[925] [M]: 0x0000000080000E60 (0x00AF1F13) slli t5, t5, 0xa
x30 <- 0xDF0620BF02043C00

mem[X,0x0000000080000E64] -> 0x0F13
mem[X,0x0000000080000E66] -> 0x3F7F
[926] [M]: 0x0000000080000E64 (0x3F7F0F13) addi t5, t5, 0x3f7
x30 <- 0xDF0620BF02043FF7

mem[X,0x0000000080000E68] -> 0xFEB7
mem[X,0x0000000080000E6A] -> 0xFB04
[927] [M]: 0x0000000080000E68 (0xFB04FEB7) lui t4, -0x4fb1
x29 <- 0xFFFFFFFFFB04F000

mem[X,0x0000000080000E6C] -> 0x8E93
mem[X,0x0000000080000E6E] -> 0xFFBE
[928] [M]: 0x0000000080000E6C (0xFFBE8E93) addi t4, t4, -0x5
x29 <- 0xFFFFFFFFFB04EFFB

mem[X,0x0000000080000E70] -> 0x9E93
mem[X,0x0000000080000E72] -> 0x00BE
[929] [M]: 0x0000000080000E70 (0x00BE9E93) slli t4, t4, 0xb
x29 <- 0xFFFFFFD8277FD800

mem[X,0x0000000080000E74] -> 0x8E93
mem[X,0x0000000080000E76] -> 0x1FFE
[930] [M]: 0x0000000080000E74 (0x1FFE8E93) addi t4, t4, 0x1ff
x29 <- 0xFFFFFFD8277FD9FF

mem[X,0x0000000080000E78] -> 0x9E93
mem[X,0x0000000080000E7A] -> 0x00BE
[931] [M]: 0x0000000080000E78 (0x00BE9E93) slli t4, t4, 0xb
x29 <- 0xFFFEC13BFECFF800

mem[X,0x0000000080000E7C] -> 0x8E93
mem[X,0x0000000080000E7E] -> 0x741E
[932] [M]: 0x0000000080000E7C (0x741E8E93) addi t4, t4, 0x741
x29 <- 0xFFFEC13BFECFFF41

mem[X,0x0000000080000E80] -> 0x9E93
mem[X,0x0000000080000E82] -> 0x00AE
[933] [M]: 0x0000000080000E80 (0x00AE9E93) slli t4, t4, 0xa
x29 <- 0xFB04EFFB3FFD0400

mem[X,0x0000000080000E84] -> 0x8E93
mem[X,0x0000000080000E86] -> 0x3EFE
[934] [M]: 0x0000000080000E84 (0x3EFE8E93) addi t4, t4, 0x3ef
x29 <- 0xFB04EFFB3FFD07EF

mem[X,0x0000000080000E88] -> 0x1FBB
mem[X,0x0000000080000E8A] -> 0xB5DF
[935] [M]: 0x0000000080000E88 (0xB5DF1FBB) pdifsumu.b t6, t5, t4
x31 <- 0xFB04EFFB3FFD0A8E

mem[X,0x0000000080000E8C] -> 0xB423
mem[X,0x0000000080000E8E] -> 0x09F0
[936] [M]: 0x0000000080000E8C (0x09F0B423) sd t6, 0x88(ra)
mem[0x0000000080004278] <- 0xFB04EFFB3FFD0A8E

mem[X,0x0000000080000E90] -> 0x0F37
mem[X,0x0000000080000E92] -> 0xBFFC
[937] [M]: 0x0000000080000E90 (0xBFFC0F37) lui t5, -0x40040
x30 <- 0xFFFFFFFFBFFC0000

mem[X,0x0000000080000E94] -> 0x0F13
mem[X,0x0000000080000E96] -> 0x0F7F
[938] [M]: 0x0000000080000E94 (0x0F7F0F13) addi t5, t5, 0xf7
x30 <- 0xFFFFFFFFBFFC00F7

mem[X,0x0000000080000E98] -> 0x1F13
mem[X,0x0000000080000E9A] -> 0x00BF
[939] [M]: 0x0000000080000E98 (0x00BF1F13) slli t5, t5, 0xb
x30 <- 0xFFFFFDFFE007B800

mem[X,0x0000000080000E9C] -> 0x0F13
mem[X,0x0000000080000E9E] -> 0x200F
[940] [M]: 0x0000000080000E9C (0x200F0F13) addi t5, t5, 0x200
x30 <- 0xFFFFFDFFE007BA00

mem[X,0x0000000080000EA0] -> 0x1F13
mem[X,0x0000000080000EA2] -> 0x00BF
[941] [M]: 0x0000000080000EA0 (0x00BF1F13) slli t5, t5, 0xb
x30 <- 0xFFEFFF003DD00000

mem[X,0x0000000080000EA4] -> 0x0F13
mem[X,0x0000000080000EA6] -> 0x101F
[942] [M]: 0x0000000080000EA4 (0x101F0F13) addi t5, t5, 0x101
x30 <- 0xFFEFFF003DD00101

mem[X,0x0000000080000EA8] -> 0x1F13
mem[X,0x0000000080000EAA] -> 0x00AF
[943] [M]: 0x0000000080000EA8 (0x00AF1F13) slli t5, t5, 0xa
x30 <- 0xBFFC00F740040400

mem[X,0x0000000080000EAC] -> 0x0F13
mem[X,0x0000000080000EAE] -> 0x203F
[944] [M]: 0x0000000080000EAC (0x203F0F13) addi t5, t5, 0x203
x30 <- 0xBFFC00F740040603

mem[X,0x0000000080000EB0] -> 0xFEB7
mem[X,0x0000000080000EB2] -> 0xDFFA
[945] [M]: 0x0000000080000EB0 (0xDFFAFEB7) lui t4, -0x20051
x29 <- 0xFFFFFFFFDFFAF000

mem[X,0x0000000080000EB4] -> 0x8E93
mem[X,0x0000000080000EB6] -> 0xFF9E
[946] [M]: 0x0000000080000EB4 (0xFF9E8E93) addi t4, t4, -0x7
x29 <- 0xFFFFFFFFDFFAEFF9

mem[X,0x0000000080000EB8] -> 0x9E93
mem[X,0x0000000080000EBA] -> 0x00BE
[947] [M]: 0x0000000080000EB8 (0x00BE9E93) slli t4, t4, 0xb
x29 <- 0xFFFFFEFFD77FC800

mem[X,0x0000000080000EBC] -> 0x8E93
mem[X,0x0000000080000EBE] -> 0x01EE
[948] [M]: 0x0000000080000EBC (0x01EE8E93) addi t4, t4, 0x1e
x29 <- 0xFFFFFEFFD77FC81E

mem[X,0x0000000080000EC0] -> 0x9E93
mem[X,0x0000000080000EC2] -> 0x00BE
[949] [M]: 0x0000000080000EC0 (0x00BE9E93) slli t4, t4, 0xb
x29 <- 0xFFF7FEBBFE40F000

mem[X,0x0000000080000EC4] -> 0x8E93
mem[X,0x0000000080000EC6] -> 0x03EE
[950] [M]: 0x0000000080000EC4 (0x03EE8E93) addi t4, t4, 0x3e
x29 <- 0xFFF7FEBBFE40F03E

mem[X,0x0000000080000EC8] -> 0x9E93
mem[X,0x0000000080000ECA] -> 0x00AE
[951] [M]: 0x0000000080000EC8 (0x00AE9E93) slli t4, t4, 0xa
x29 <- 0xDFFAEFF903C0F800

mem[X,0x0000000080000ECC] -> 0x8E93
mem[X,0x0000000080000ECE] -> 0x109E
[952] [M]: 0x0000000080000ECC (0x109E8E93) addi t4, t4, 0x109
x29 <- 0xDFFAEFF903C0F909

mem[X,0x0000000080000ED0] -> 0x1FBB
mem[X,0x0000000080000ED2] -> 0xB5DF
[953] [M]: 0x0000000080000ED0 (0xB5DF1FBB) pdifsumu.b t6, t5, t4
x31 <- 0xDFFAEFF903C0FC0E

mem[X,0x0000000080000ED4] -> 0xB823
mem[X,0x0000000080000ED6] -> 0x09F0
[954] [M]: 0x0000000080000ED4 (0x09F0B823) sd t6, 0x90(ra)
mem[0x0000000080004280] <- 0xDFFAEFF903C0FC0E

mem[X,0x0000000080000ED8] -> 0xFF37
mem[X,0x0000000080000EDA] -> 0x5580
[955] [M]: 0x0000000080000ED8 (0x5580FF37) lui t5, 0x5580f
x30 <- 0x000000005580F000

mem[X,0x0000000080000EDC] -> 0x0F13
mem[X,0x0000000080000EDE] -> 0x602F
[956] [M]: 0x0000000080000EDC (0x602F0F13) addi t5, t5, 0x602
x30 <- 0x000000005580F602

mem[X,0x0000000080000EE0] -> 0x1F13
mem[X,0x0000000080000EE2] -> 0x00BF
[957] [M]: 0x0000000080000EE0 (0x00BF1F13) slli t5, t5, 0xb
x30 <- 0x000002AC07B01000

mem[X,0x0000000080000EE4] -> 0x0F13
mem[X,0x0000000080000EE6] -> 0x7CFF
[958] [M]: 0x0000000080000EE4 (0x7CFF0F13) addi t5, t5, 0x7cf
x30 <- 0x000002AC07B017CF

mem[X,0x0000000080000EE8] -> 0x1F13
mem[X,0x0000000080000EEA] -> 0x00BF
[959] [M]: 0x0000000080000EE8 (0x00BF1F13) slli t5, t5, 0xb
x30 <- 0x0015603D80BE7800

mem[X,0x0000000080000EEC] -> 0x0F13
mem[X,0x0000000080000EEE] -> 0x77BF
[960] [M]: 0x0000000080000EEC (0x77BF0F13) addi t5, t5, 0x77b
x30 <- 0x0015603D80BE7F7B

mem[X,0x0000000080000EF0] -> 0x1F13
mem[X,0x0000000080000EF2] -> 0x00AF
[961] [M]: 0x0000000080000EF0 (0x00AF1F13) slli t5, t5, 0xa
x30 <- 0x5580F602F9FDEC00

mem[X,0x0000000080000EF4] -> 0x0F13
mem[X,0x0000000080000EF6] -> 0x305F
[962] [M]: 0x0000000080000EF4 (0x305F0F13) addi t5, t5, 0x305
x30 <- 0x5580F602F9FDEF05

mem[X,0x0000000080000EF8] -> 0x0EB7
mem[X,0x0000000080000EFA] -> 0x03C0
[963] [M]: 0x0000000080000EF8 (0x03C00EB7) lui t4, 0x3c00
x29 <- 0x0000000003C00000

mem[X,0x0000000080000EFC] -> 0x8E93
mem[X,0x0000000080000EFE] -> 0x17FE
[964] [M]: 0x0000000080000EFC (0x17FE8E93) addi t4, t4, 0x17f
x29 <- 0x0000000003C0017F

mem[X,0x0000000080000F00] -> 0x9E93
mem[X,0x0000000080000F02] -> 0x00BE
[965] [M]: 0x0000000080000F00 (0x00BE9E93) slli t4, t4, 0xb
x29 <- 0x0000001E000BF800

mem[X,0x0000000080000F04] -> 0x8E93
mem[X,0x0000000080000F06] -> 0x00EE
[966] [M]: 0x0000000080000F04 (0x00EE8E93) addi t4, t4, 0xe
x29 <- 0x0000001E000BF80E

mem[X,0x0000000080000F08] -> 0x9E93
mem[X,0x0000000080000F0A] -> 0x00BE
[967] [M]: 0x0000000080000F08 (0x00BE9E93) slli t4, t4, 0xb
x29 <- 0x0000F0005FC07000

mem[X,0x0000000080000F0C] -> 0x8E93
mem[X,0x0000000080000F0E] -> 0x7C0E
[968] [M]: 0x0000000080000F0C (0x7C0E8E93) addi t4, t4, 0x7c0
x29 <- 0x0000F0005FC077C0

mem[X,0x0000000080000F10] -> 0x9E93
mem[X,0x0000000080000F12] -> 0x00AE
[969] [M]: 0x0000000080000F10 (0x00AE9E93) slli t4, t4, 0xa
x29 <- 0x03C0017F01DF0000

mem[X,0x0000000080000F14] -> 0x8E93
mem[X,0x0000000080000F16] -> 0x109E
[970] [M]: 0x0000000080000F14 (0x109E8E93) addi t4, t4, 0x109
x29 <- 0x03C0017F01DF0109

mem[X,0x0000000080000F18] -> 0x1FBB
mem[X,0x0000000080000F1A] -> 0xB5DF
[971] [M]: 0x0000000080000F18 (0xB5DF1FBB) pdifsumu.b t6, t5, t4
x31 <- 0x03C0017F01DF0515

mem[X,0x0000000080000F1C] -> 0xBC23
mem[X,0x0000000080000F1E] -> 0x09F0
[972] [M]: 0x0000000080000F1C (0x09F0BC23) sd t6, 0x98(ra)
mem[0x0000000080004288] <- 0x03C0017F01DF0515

mem[X,0x0000000080000F20] -> 0x4F37
mem[X,0x0000000080000F22] -> 0x0602
[973] [M]: 0x0000000080000F20 (0x06024F37) lui t5, 0x6024
x30 <- 0x0000000006024000

mem[X,0x0000000080000F24] -> 0x0F13
mem[X,0x0000000080000F26] -> 0x0F8F
[974] [M]: 0x0000000080000F24 (0x0F8F0F13) addi t5, t5, 0xf8
x30 <- 0x00000000060240F8

mem[X,0x0000000080000F28] -> 0x1F13
mem[X,0x0000000080000F2A] -> 0x00BF
[975] [M]: 0x0000000080000F28 (0x00BF1F13) slli t5, t5, 0xb
x30 <- 0x000000301207C000

mem[X,0x0000000080000F2C] -> 0x0F13
mem[X,0x0000000080000F2E] -> 0x7FFF
[976] [M]: 0x0000000080000F2C (0x7FFF0F13) addi t5, t5, 0x7ff
x30 <- 0x000000301207C7FF

mem[X,0x0000000080000F30] -> 0x1F13
mem[X,0x0000000080000F32] -> 0x00BF
[977] [M]: 0x0000000080000F30 (0x00BF1F13) slli t5, t5, 0xb
x30 <- 0x000180903E3FF800

mem[X,0x0000000080000F34] -> 0x0F13
mem[X,0x0000000080000F36] -> 0x59FF
[978] [M]: 0x0000000080000F34 (0x59FF0F13) addi t5, t5, 0x59f
x30 <- 0x000180903E3FFD9F

mem[X,0x0000000080000F38] -> 0x1F13
mem[X,0x0000000080000F3A] -> 0x00AF
[979] [M]: 0x0000000080000F38 (0x00AF1F13) slli t5, t5, 0xa
x30 <- 0x060240F8FFF67C00

mem[X,0x0000000080000F3C] -> 0x0F13
mem[X,0x0000000080000F3E] -> 0x305F
[980] [M]: 0x0000000080000F3C (0x305F0F13) addi t5, t5, 0x305
x30 <- 0x060240F8FFF67F05

mem[X,0x0000000080000F40] -> 0x0EB7
mem[X,0x0000000080000F42] -> 0xF8F6
[981] [M]: 0x0000000080000F40 (0xF8F60EB7) lui t4, -0x70a0
x29 <- 0xFFFFFFFFF8F60000

mem[X,0x0000000080000F44] -> 0x8E93
mem[X,0x0000000080000F46] -> 0x706E
[982] [M]: 0x0000000080000F44 (0x706E8E93) addi t4, t4, 0x706
x29 <- 0xFFFFFFFFF8F60706

mem[X,0x0000000080000F48] -> 0x9E93
mem[X,0x0000000080000F4A] -> 0x00BE
[983] [M]: 0x0000000080000F48 (0x00BE9E93) slli t4, t4, 0xb
x29 <- 0xFFFFFFC7B0383000

mem[X,0x0000000080000F4C] -> 0x8E93
mem[X,0x0000000080000F4E] -> 0x7E8E
[984] [M]: 0x0000000080000F4C (0x7E8E8E93) addi t4, t4, 0x7e8
x29 <- 0xFFFFFFC7B03837E8

mem[X,0x0000000080000F50] -> 0x9E93
mem[X,0x0000000080000F52] -> 0x00BE
[985] [M]: 0x0000000080000F50 (0x00BE9E93) slli t4, t4, 0xb
x29 <- 0xFFFE3D81C1BF4000

mem[X,0x0000000080000F54] -> 0x8E93
mem[X,0x0000000080000F56] -> 0x23EE
[986] [M]: 0x0000000080000F54 (0x23EE8E93) addi t4, t4, 0x23e
x29 <- 0xFFFE3D81C1BF423E

mem[X,0x0000000080000F58] -> 0x9E93
mem[X,0x0000000080000F5A] -> 0x00AE
[987] [M]: 0x0000000080000F58 (0x00AE9E93) slli t4, t4, 0xa
x29 <- 0xF8F60706FD08F800

mem[X,0x0000000080000F5C] -> 0x8E93
mem[X,0x0000000080000F5E] -> 0x180E
[988] [M]: 0x0000000080000F5C (0x180E8E93) addi t4, t4, 0x180
x29 <- 0xF8F60706FD08F980

mem[X,0x0000000080000F60] -> 0x1FBB
mem[X,0x0000000080000F62] -> 0xB5DF
[989] [M]: 0x0000000080000F60 (0xB5DF1FBB) pdifsumu.b t6, t5, t4
x31 <- 0xF8F60706FD08FE76

mem[X,0x0000000080000F64] -> 0xB023
mem[X,0x0000000080000F66] -> 0x0BF0
[990] [M]: 0x0000000080000F64 (0x0BF0B023) sd t6, 0xa0(ra)
mem[0x0000000080004290] <- 0xF8F60706FD08FE76

mem[X,0x0000000080000F68] -> 0x0F37
mem[X,0x0000000080000F6A] -> 0xFEF8
[991] [M]: 0x0000000080000F68 (0xFEF80F37) lui t5, -0x1080
x30 <- 0xFFFFFFFFFEF80000

mem[X,0x0000000080000F6C] -> 0x0F13
mem[X,0x0000000080000F6E] -> 0xC04F
[992] [M]: 0x0000000080000F6C (0xC04F0F13) addi t5, t5, -0x3fc
x30 <- 0xFFFFFFFFFEF7FC04

mem[X,0x0000000080000F70] -> 0x1F13
mem[X,0x0000000080000F72] -> 0x00BF
[993] [M]: 0x0000000080000F70 (0x00BF1F13) slli t5, t5, 0xb
x30 <- 0xFFFFFFF7BFE02000

mem[X,0x0000000080000F74] -> 0x0F13
mem[X,0x0000000080000F76] -> 0x03CF
[994] [M]: 0x0000000080000F74 (0x03CF0F13) addi t5, t5, 0x3c
x30 <- 0xFFFFFFF7BFE0203C

mem[X,0x0000000080000F78] -> 0x1F13
mem[X,0x0000000080000F7A] -> 0x00BF
[995] [M]: 0x0000000080000F78 (0x00BF1F13) slli t5, t5, 0xb
x30 <- 0xFFFFBDFF0101E000

mem[X,0x0000000080000F7C] -> 0x0F13
mem[X,0x0000000080000F7E] -> 0x03EF
[996] [M]: 0x0000000080000F7C (0x03EF0F13) addi t5, t5, 0x3e
x30 <- 0xFFFFBDFF0101E03E

mem[X,0x0000000080000F80] -> 0x1F13
mem[X,0x0000000080000F82] -> 0x00AF
[997] [M]: 0x0000000080000F80 (0x00AF1F13) slli t5, t5, 0xa
x30 <- 0xFEF7FC040780F800

mem[X,0x0000000080000F84] -> 0x0F13
mem[X,0x0000000080000F86] -> 0x23FF
[998] [M]: 0x0000000080000F84 (0x23FF0F13) addi t5, t5, 0x23f
x30 <- 0xFEF7FC040780FA3F

mem[X,0x0000000080000F88] -> 0x1EB7
mem[X,0x0000000080000F8A] -> 0x3FAA
[999] [M]: 0x0000000080000F88 (0x3FAA1EB7) lui t4, 0x3faa1
x29 <- 0x000000003FAA1000

clint::tick mtime <- 0x000000000000000A
 clint timer pending at mtime 0x000000000000000A
htif::tick 0x0000000000000000
mem[X,0x0000000080000F8C] -> 0x8E93
mem[X,0x0000000080000F8E] -> 0x810E
[1000] [M]: 0x0000000080000F8C (0x810E8E93) addi t4, t4, -0x7f0
x29 <- 0x000000003FAA0810

mem[X,0x0000000080000F90] -> 0x9E93
mem[X,0x0000000080000F92] -> 0x00BE
[1001] [M]: 0x0000000080000F90 (0x00BE9E93) slli t4, t4, 0xb
x29 <- 0x000001FD50408000

mem[X,0x0000000080000F94] -> 0x8E93
mem[X,0x0000000080000F96] -> 0x778E
[1002] [M]: 0x0000000080000F94 (0x778E8E93) addi t4, t4, 0x778
x29 <- 0x000001FD50408778

mem[X,0x0000000080000F98] -> 0x9E93
mem[X,0x0000000080000F9A] -> 0x00BE
[1003] [M]: 0x0000000080000F98 (0x00BE9E93) slli t4, t4, 0xb
x29 <- 0x000FEA82043BC000

mem[X,0x0000000080000F9C] -> 0x8E93
mem[X,0x0000000080000F9E] -> 0x0C2E
[1004] [M]: 0x0000000080000F9C (0x0C2E8E93) addi t4, t4, 0xc2
x29 <- 0x000FEA82043BC0C2

mem[X,0x0000000080000FA0] -> 0x9E93
mem[X,0x0000000080000FA2] -> 0x00AE
[1005] [M]: 0x0000000080000FA0 (0x00AE9E93) slli t4, t4, 0xa
x29 <- 0x3FAA0810EF030800

mem[X,0x0000000080000FA4] -> 0x1FBB
mem[X,0x0000000080000FA6] -> 0xB5DF
[1006] [M]: 0x0000000080000FA4 (0xB5DF1FBB) pdifsumu.b t6, t5, t4
x31 <- 0x3FAA0810EF030CA2

mem[X,0x0000000080000FA8] -> 0xB423
mem[X,0x0000000080000FAA] -> 0x0BF0
[1007] [M]: 0x0000000080000FA8 (0x0BF0B423) sd t6, 0xa8(ra)
mem[0x0000000080004298] <- 0x3FAA0810EF030CA2

mem[X,0x0000000080000FAC] -> 0x0F37
mem[X,0x0000000080000FAE] -> 0xFD02
[1008] [M]: 0x0000000080000FAC (0xFD020F37) lui t5, -0x2fe0
x30 <- 0xFFFFFFFFFD020000

mem[X,0x0000000080000FB0] -> 0x0F13
mem[X,0x0000000080000FB2] -> 0xC10F
[1009] [M]: 0x0000000080000FB0 (0xC10F0F13) addi t5, t5, -0x3f0
x30 <- 0xFFFFFFFFFD01FC10

mem[X,0x0000000080000FB4] -> 0x1F13
mem[X,0x0000000080000FB6] -> 0x00BF
[1010] [M]: 0x0000000080000FB4 (0x00BF1F13) slli t5, t5, 0xb
x30 <- 0xFFFFFFE80FE08000

mem[X,0x0000000080000FB8] -> 0x0F13
mem[X,0x0000000080000FBA] -> 0x203F
[1011] [M]: 0x0000000080000FB8 (0x203F0F13) addi t5, t5, 0x203
x30 <- 0xFFFFFFE80FE08203

mem[X,0x0000000080000FBC] -> 0x1F13
mem[X,0x0000000080000FBE] -> 0x00BF
[1012] [M]: 0x0000000080000FBC (0x00BF1F13) slli t5, t5, 0xb
x30 <- 0xFFFF407F04101800

mem[X,0x0000000080000FC0] -> 0x0F13
mem[X,0x0000000080000FC2] -> 0x7EFF
[1013] [M]: 0x0000000080000FC0 (0x7EFF0F13) addi t5, t5, 0x7ef
x30 <- 0xFFFF407F04101FEF

mem[X,0x0000000080000FC4] -> 0x1F13
mem[X,0x0000000080000FC6] -> 0x00AF
[1014] [M]: 0x0000000080000FC4 (0x00AF1F13) slli t5, t5, 0xa
x30 <- 0xFD01FC10407FBC00

mem[X,0x0000000080000FC8] -> 0x0F13
mem[X,0x0000000080000FCA] -> 0x307F
[1015] [M]: 0x0000000080000FC8 (0x307F0F13) addi t5, t5, 0x307
x30 <- 0xFD01FC10407FBF07

mem[X,0x0000000080000FCC] -> 0x8EB7
mem[X,0x0000000080000FCE] -> 0x08F7
[1016] [M]: 0x0000000080000FCC (0x08F78EB7) lui t4, 0x8f78
x29 <- 0x0000000008F78000

mem[X,0x0000000080000FD0] -> 0x8E93
mem[X,0x0000000080000FD2] -> 0x055E
[1017] [M]: 0x0000000080000FD0 (0x055E8E93) addi t4, t4, 0x55
x29 <- 0x0000000008F78055

mem[X,0x0000000080000FD4] -> 0x9E93
mem[X,0x0000000080000FD6] -> 0x00BE
[1018] [M]: 0x0000000080000FD4 (0x00BE9E93) slli t4, t4, 0xb
x29 <- 0x00000047BC02A800

mem[X,0x0000000080000FD8] -> 0x8E93
mem[X,0x0000000080000FDA] -> 0x100E
[1019] [M]: 0x0000000080000FD8 (0x100E8E93) addi t4, t4, 0x100
x29 <- 0x00000047BC02A900

mem[X,0x0000000080000FDC] -> 0x9E93
mem[X,0x0000000080000FDE] -> 0x00BE
[1020] [M]: 0x0000000080000FDC (0x00BE9E93) slli t4, t4, 0xb
x29 <- 0x00023DE015480000

mem[X,0x0000000080000FE0] -> 0x8E93
mem[X,0x0000000080000FE2] -> 0x250E
[1021] [M]: 0x0000000080000FE0 (0x250E8E93) addi t4, t4, 0x250
x29 <- 0x00023DE015480250

mem[X,0x0000000080000FE4] -> 0x9E93
mem[X,0x0000000080000FE6] -> 0x00AE
[1022] [M]: 0x0000000080000FE4 (0x00AE9E93) slli t4, t4, 0xa
x29 <- 0x08F7805520094000

mem[X,0x0000000080000FE8] -> 0x8E93
mem[X,0x0000000080000FEA] -> 0x0FCE
[1023] [M]: 0x0000000080000FE8 (0x0FCE8E93) addi t4, t4, 0xfc
x29 <- 0x08F78055200940FC

mem[X,0x0000000080000FEC] -> 0x1FBB
mem[X,0x0000000080000FEE] -> 0xB5DF
[1024] [M]: 0x0000000080000FEC (0xB5DF1FBB) pdifsumu.b t6, t5, t4
x31 <- 0x08F78055200945B2

mem[X,0x0000000080000FF0] -> 0xB823
mem[X,0x0000000080000FF2] -> 0x0BF0
[1025] [M]: 0x0000000080000FF0 (0x0BF0B823) sd t6, 0xb0(ra)
mem[0x00000000800042A0] <- 0x08F78055200945B2

mem[X,0x0000000080000FF4] -> 0x2F37
mem[X,0x0000000080000FF6] -> 0x00C0
[1026] [M]: 0x0000000080000FF4 (0x00C02F37) lui t5, 0xc02
x30 <- 0x0000000000C02000

mem[X,0x0000000080000FF8] -> 0x0F13
mem[X,0x0000000080000FFA] -> 0x001F
[1027] [M]: 0x0000000080000FF8 (0x001F0F13) addi t5, t5, 0x1
x30 <- 0x0000000000C02001

mem[X,0x0000000080000FFC] -> 0x1F13
mem[X,0x0000000080000FFE] -> 0x00BF
[1028] [M]: 0x0000000080000FFC (0x00BF1F13) slli t5, t5, 0xb
x30 <- 0x0000000601000800

mem[X,0x0000000080001000] -> 0x0F13
mem[X,0x0000000080001002] -> 0x779F
[1029] [M]: 0x0000000080001000 (0x779F0F13) addi t5, t5, 0x779
x30 <- 0x0000000601000F79

mem[X,0x0000000080001004] -> 0x1F13
mem[X,0x0000000080001006] -> 0x00BF
[1030] [M]: 0x0000000080001004 (0x00BF1F13) slli t5, t5, 0xb
x30 <- 0x00003008007BC800

mem[X,0x0000000080001008] -> 0x0F13
mem[X,0x000000008000100A] -> 0x7FFF
[1031] [M]: 0x0000000080001008 (0x7FFF0F13) addi t5, t5, 0x7ff
x30 <- 0x00003008007BCFFF

mem[X,0x000000008000100C] -> 0x1F13
mem[X,0x000000008000100E] -> 0x00AF
[1032] [M]: 0x000000008000100C (0x00AF1F13) slli t5, t5, 0xa
x30 <- 0x00C02001EF3FFC00

mem[X,0x0000000080001010] -> 0x0F13
mem[X,0x0000000080001012] -> 0x0FBF
[1033] [M]: 0x0000000080001010 (0x0FBF0F13) addi t5, t5, 0xfb
x30 <- 0x00C02001EF3FFCFB

mem[X,0x0000000080001014] -> 0x0EB7
mem[X,0x0000000080001016] -> 0xFBFC
[1034] [M]: 0x0000000080001014 (0xFBFC0EB7) lui t4, -0x4040
x29 <- 0xFFFFFFFFFBFC0000

mem[X,0x0000000080001018] -> 0x8E93
mem[X,0x000000008000101A] -> 0xEFEE
[1035] [M]: 0x0000000080001018 (0xEFEE8E93) addi t4, t4, -0x102
x29 <- 0xFFFFFFFFFBFBFEFE

mem[X,0x000000008000101C] -> 0x9E93
mem[X,0x000000008000101E] -> 0x00BE
[1036] [M]: 0x000000008000101C (0x00BE9E93) slli t4, t4, 0xb
x29 <- 0xFFFFFFDFDFF7F000

mem[X,0x0000000080001020] -> 0x8E93
mem[X,0x0000000080001022] -> 0x086E
[1037] [M]: 0x0000000080001020 (0x086E8E93) addi t4, t4, 0x86
x29 <- 0xFFFFFFDFDFF7F086

mem[X,0x0000000080001024] -> 0x9E93
mem[X,0x0000000080001026] -> 0x00BE
[1038] [M]: 0x0000000080001024 (0x00BE9E93) slli t4, t4, 0xb
x29 <- 0xFFFEFEFFBF843000

mem[X,0x0000000080001028] -> 0x8E93
mem[X,0x000000008000102A] -> 0x7EFE
[1039] [M]: 0x0000000080001028 (0x7EFE8E93) addi t4, t4, 0x7ef
x29 <- 0xFFFEFEFFBF8437EF

mem[X,0x000000008000102C] -> 0x9E93
mem[X,0x000000008000102E] -> 0x00AE
[1040] [M]: 0x000000008000102C (0x00AE9E93) slli t4, t4, 0xa
x29 <- 0xFBFBFEFE10DFBC00

mem[X,0x0000000080001030] -> 0x8E93
mem[X,0x0000000080001032] -> 0x37FE
[1041] [M]: 0x0000000080001030 (0x37FE8E93) addi t4, t4, 0x37f
x29 <- 0xFBFBFEFE10DFBF7F

mem[X,0x0000000080001034] -> 0x1FBB
mem[X,0x0000000080001036] -> 0xB5DF
[1042] [M]: 0x0000000080001034 (0xB5DF1FBB) pdifsumu.b t6, t5, t4
x31 <- 0xFBFBFEFE10DFC4C8

mem[X,0x0000000080001038] -> 0xBC23
mem[X,0x000000008000103A] -> 0x0BF0
[1043] [M]: 0x0000000080001038 (0x0BF0BC23) sd t6, 0xb8(ra)
mem[0x00000000800042A8] <- 0xFBFBFEFE10DFC4C8

mem[X,0x000000008000103C] -> 0xEF37
mem[X,0x000000008000103E] -> 0x20FB
[1044] [M]: 0x000000008000103C (0x20FBEF37) lui t5, 0x20fbe
x30 <- 0x0000000020FBE000

mem[X,0x0000000080001040] -> 0x0F13
mem[X,0x0000000080001042] -> 0xFC0F
[1045] [M]: 0x0000000080001040 (0xFC0F0F13) addi t5, t5, -0x40
x30 <- 0x0000000020FBDFC0

mem[X,0x0000000080001044] -> 0x1F13
mem[X,0x0000000080001046] -> 0x00BF
[1046] [M]: 0x0000000080001044 (0x00BF1F13) slli t5, t5, 0xb
x30 <- 0x00000107DEFE0000

mem[X,0x0000000080001048] -> 0x0F13
mem[X,0x000000008000104A] -> 0x107F
[1047] [M]: 0x0000000080001048 (0x107F0F13) addi t5, t5, 0x107
x30 <- 0x00000107DEFE0107

mem[X,0x000000008000104C] -> 0x1F13
mem[X,0x000000008000104E] -> 0x00BF
[1048] [M]: 0x000000008000104C (0x00BF1F13) slli t5, t5, 0xb
x30 <- 0x00083EF7F0083800

mem[X,0x0000000080001050] -> 0x0F13
mem[X,0x0000000080001052] -> 0x5EAF
[1049] [M]: 0x0000000080001050 (0x5EAF0F13) addi t5, t5, 0x5ea
x30 <- 0x00083EF7F0083DEA

mem[X,0x0000000080001054] -> 0x1F13
mem[X,0x0000000080001056] -> 0x00AF
[1050] [M]: 0x0000000080001054 (0x00AF1F13) slli t5, t5, 0xa
x30 <- 0x20FBDFC020F7A800

mem[X,0x0000000080001058] -> 0x0F13
mem[X,0x000000008000105A] -> 0x203F
[1051] [M]: 0x0000000080001058 (0x203F0F13) addi t5, t5, 0x203
x30 <- 0x20FBDFC020F7AA03

mem[X,0x000000008000105C] -> 0x8EB7
mem[X,0x000000008000105E] -> 0x10FC
[1052] [M]: 0x000000008000105C (0x10FC8EB7) lui t4, 0x10fc8
x29 <- 0x0000000010FC8000

mem[X,0x0000000080001060] -> 0x8E93
mem[X,0x0000000080001062] -> 0x0F8E
[1053] [M]: 0x0000000080001060 (0x0F8E8E93) addi t4, t4, 0xf8
x29 <- 0x0000000010FC80F8

mem[X,0x0000000080001064] -> 0x9E93
mem[X,0x0000000080001066] -> 0x00BE
[1054] [M]: 0x0000000080001064 (0x00BE9E93) slli t4, t4, 0xb
x29 <- 0x00000087E407C000

mem[X,0x0000000080001068] -> 0x8E93
mem[X,0x000000008000106A] -> 0x7C8E
[1055] [M]: 0x0000000080001068 (0x7C8E8E93) addi t4, t4, 0x7c8
x29 <- 0x00000087E407C7C8

mem[X,0x000000008000106C] -> 0x9E93
mem[X,0x000000008000106E] -> 0x00BE
[1056] [M]: 0x000000008000106C (0x00BE9E93) slli t4, t4, 0xb
x29 <- 0x00043F203E3E4000

mem[X,0x0000000080001070] -> 0x8E93
mem[X,0x0000000080001072] -> 0x080E
[1057] [M]: 0x0000000080001070 (0x080E8E93) addi t4, t4, 0x80
x29 <- 0x00043F203E3E4080

mem[X,0x0000000080001074] -> 0x9E93
mem[X,0x0000000080001076] -> 0x00AE
[1058] [M]: 0x0000000080001074 (0x00AE9E93) slli t4, t4, 0xa
x29 <- 0x10FC80F8F9020000

mem[X,0x0000000080001078] -> 0x8E93
mem[X,0x000000008000107A] -> 0x0FFE
[1059] [M]: 0x0000000080001078 (0x0FFE8E93) addi t4, t4, 0xff
x29 <- 0x10FC80F8F90200FF

mem[X,0x000000008000107C] -> 0x1FBB
mem[X,0x000000008000107E] -> 0xB5DF
[1060] [M]: 0x000000008000107C (0xB5DF1FBB) pdifsumu.b t6, t5, t4
x31 <- 0x10FC80F8F902051B

mem[X,0x0000000080001080] -> 0xB023
mem[X,0x0000000080001082] -> 0x0DF0
[1061] [M]: 0x0000000080001080 (0x0DF0B023) sd t6, 0xc0(ra)
mem[0x00000000800042B0] <- 0x10FC80F8F902051B

mem[X,0x0000000080001084] -> 0xBF37
mem[X,0x0000000080001086] -> 0x7F07
[1062] [M]: 0x0000000080001084 (0x7F07BF37) lui t5, 0x7f07b
x30 <- 0x000000007F07B000

mem[X,0x0000000080001088] -> 0x0F13
mem[X,0x000000008000108A] -> 0xABFF
[1063] [M]: 0x0000000080001088 (0xABFF0F13) addi t5, t5, -0x541
x30 <- 0x000000007F07AABF

mem[X,0x000000008000108C] -> 0x1F13
mem[X,0x000000008000108E] -> 0x00BF
[1064] [M]: 0x000000008000108C (0x00BF1F13) slli t5, t5, 0xb
x30 <- 0x000003F83D55F800

mem[X,0x0000000080001090] -> 0x0F13
mem[X,0x0000000080001092] -> 0x7FEF
[1065] [M]: 0x0000000080001090 (0x7FEF0F13) addi t5, t5, 0x7fe
x30 <- 0x000003F83D55FFFE

mem[X,0x0000000080001094] -> 0x1F13
mem[X,0x0000000080001096] -> 0x00BF
[1066] [M]: 0x0000000080001094 (0x00BF1F13) slli t5, t5, 0xb
x30 <- 0x001FC1EAAFFFF000

mem[X,0x0000000080001098] -> 0x0F13
mem[X,0x000000008000109A] -> 0x7D0F
[1067] [M]: 0x0000000080001098 (0x7D0F0F13) addi t5, t5, 0x7d0
x30 <- 0x001FC1EAAFFFF7D0

mem[X,0x000000008000109C] -> 0x1F13
mem[X,0x000000008000109E] -> 0x00AF
[1068] [M]: 0x000000008000109C (0x00AF1F13) slli t5, t5, 0xa
x30 <- 0x7F07AABFFFDF4000

mem[X,0x00000000800010A0] -> 0x0F13
mem[X,0x00000000800010A2] -> 0x0FAF
[1069] [M]: 0x00000000800010A0 (0x0FAF0F13) addi t5, t5, 0xfa
x30 <- 0x7F07AABFFFDF40FA

mem[X,0x00000000800010A4] -> 0x0EB7
mem[X,0x00000000800010A6] -> 0xC0EF
[1070] [M]: 0x00000000800010A4 (0xC0EF0EB7) lui t4, -0x3f110
x29 <- 0xFFFFFFFFC0EF0000

mem[X,0x00000000800010A8] -> 0x8E93
mem[X,0x00000000800010AA] -> 0x0F7E
[1071] [M]: 0x00000000800010A8 (0x0F7E8E93) addi t4, t4, 0xf7
x29 <- 0xFFFFFFFFC0EF00F7

mem[X,0x00000000800010AC] -> 0x9E93
mem[X,0x00000000800010AE] -> 0x00BE
[1072] [M]: 0x00000000800010AC (0x00BE9E93) slli t4, t4, 0xb
x29 <- 0xFFFFFE077807B800

mem[X,0x00000000800010B0] -> 0x8E93
mem[X,0x00000000800010B2] -> 0x7CEE
[1073] [M]: 0x00000000800010B0 (0x7CEE8E93) addi t4, t4, 0x7ce
x29 <- 0xFFFFFE077807BFCE

mem[X,0x00000000800010B4] -> 0x9E93
mem[X,0x00000000800010B6] -> 0x00BE
[1074] [M]: 0x00000000800010B4 (0x00BE9E93) slli t4, t4, 0xb
x29 <- 0xFFF03BC03DFE7000

mem[X,0x00000000800010B8] -> 0x8E93
mem[X,0x00000000800010BA] -> 0x03EE
[1075] [M]: 0x00000000800010B8 (0x03EE8E93) addi t4, t4, 0x3e
x29 <- 0xFFF03BC03DFE703E

mem[X,0x00000000800010BC] -> 0x9E93
mem[X,0x00000000800010BE] -> 0x00AE
[1076] [M]: 0x00000000800010BC (0x00AE9E93) slli t4, t4, 0xa
x29 <- 0xC0EF00F7F9C0F800

mem[X,0x00000000800010C0] -> 0x8E93
mem[X,0x00000000800010C2] -> 0x23FE
[1077] [M]: 0x00000000800010C0 (0x23FE8E93) addi t4, t4, 0x23f
x29 <- 0xC0EF00F7F9C0FA3F

mem[X,0x00000000800010C4] -> 0x1FBB
mem[X,0x00000000800010C6] -> 0xB5DF
[1078] [M]: 0x00000000800010C4 (0xB5DF1FBB) pdifsumu.b t6, t5, t4
x31 <- 0xC0EF00F7F9C0FDE4

mem[X,0x00000000800010C8] -> 0xB423
mem[X,0x00000000800010CA] -> 0x0DF0
[1079] [M]: 0x00000000800010C8 (0x0DF0B423) sd t6, 0xc8(ra)
mem[0x00000000800042B8] <- 0xC0EF00F7F9C0FDE4

mem[X,0x00000000800010CC] -> 0xFF37
mem[X,0x00000000800010CE] -> 0xFD04
[1080] [M]: 0x00000000800010CC (0xFD04FF37) lui t5, -0x2fb1
x30 <- 0xFFFFFFFFFD04F000

mem[X,0x00000000800010D0] -> 0x0F13
mem[X,0x00000000800010D2] -> 0xF01F
[1081] [M]: 0x00000000800010D0 (0xF01F0F13) addi t5, t5, -0xff
x30 <- 0xFFFFFFFFFD04EF01

mem[X,0x00000000800010D4] -> 0x1F13
mem[X,0x00000000800010D6] -> 0x00BF
[1082] [M]: 0x00000000800010D4 (0x00BF1F13) slli t5, t5, 0xb
x30 <- 0xFFFFFFE827780800

mem[X,0x00000000800010D8] -> 0x0F13
mem[X,0x00000000800010DA] -> 0x3FDF
[1083] [M]: 0x00000000800010D8 (0x3FDF0F13) addi t5, t5, 0x3fd
x30 <- 0xFFFFFFE827780BFD

mem[X,0x00000000800010DC] -> 0x1F13
mem[X,0x00000000800010DE] -> 0x00BF
[1084] [M]: 0x00000000800010DC (0x00BF1F13) slli t5, t5, 0xb
x30 <- 0xFFFF413BC05FE800

mem[X,0x00000000800010E0] -> 0x0F13
mem[X,0x00000000800010E2] -> 0x7EFF
[1085] [M]: 0x00000000800010E0 (0x7EFF0F13) addi t5, t5, 0x7ef
x30 <- 0xFFFF413BC05FEFEF

mem[X,0x00000000800010E4] -> 0x1F13
mem[X,0x00000000800010E6] -> 0x00AF
[1086] [M]: 0x00000000800010E4 (0x00AF1F13) slli t5, t5, 0xa
x30 <- 0xFD04EF017FBFBC00

mem[X,0x00000000800010E8] -> 0x0F13
mem[X,0x00000000800010EA] -> 0x355F
[1087] [M]: 0x00000000800010E8 (0x355F0F13) addi t5, t5, 0x355
x30 <- 0xFD04EF017FBFBF55

mem[X,0x00000000800010EC] -> 0x0EB7
mem[X,0x00000000800010EE] -> 0xFA00
[1088] [M]: 0x00000000800010EC (0xFA000EB7) lui t4, -0x6000
x29 <- 0xFFFFFFFFFA000000

mem[X,0x00000000800010F0] -> 0x8E93
mem[X,0x00000000800010F2] -> 0xD7FE
[1089] [M]: 0x00000000800010F0 (0xD7FE8E93) addi t4, t4, -0x281
x29 <- 0xFFFFFFFFF9FFFD7F

mem[X,0x00000000800010F4] -> 0x9E93
mem[X,0x00000000800010F6] -> 0x00BE
[1090] [M]: 0x00000000800010F4 (0x00BE9E93) slli t4, t4, 0xb
x29 <- 0xFFFFFFCFFFEBF800

mem[X,0x00000000800010F8] -> 0x8E93
mem[X,0x00000000800010FA] -> 0x779E
[1091] [M]: 0x00000000800010F8 (0x779E8E93) addi t4, t4, 0x779
x29 <- 0xFFFFFFCFFFEBFF79

mem[X,0x00000000800010FC] -> 0x9E93
mem[X,0x00000000800010FE] -> 0x00BE
[1092] [M]: 0x00000000800010FC (0x00BE9E93) slli t4, t4, 0xb
x29 <- 0xFFFE7FFF5FFBC800

mem[X,0x0000000080001100] -> 0x8E93
mem[X,0x0000000080001102] -> 0x000E
[1093] [M]: 0x0000000080001100 (0x000E8E93) addi t4, t4, 0x0
x29 <- 0xFFFE7FFF5FFBC800

mem[X,0x0000000080001104] -> 0x9E93
mem[X,0x0000000080001106] -> 0x00AE
[1094] [M]: 0x0000000080001104 (0x00AE9E93) slli t4, t4, 0xa
x29 <- 0xF9FFFD7FEF200000

mem[X,0x0000000080001108] -> 0x8E93
mem[X,0x000000008000110A] -> 0x140E
[1095] [M]: 0x0000000080001108 (0x140E8E93) addi t4, t4, 0x140
x29 <- 0xF9FFFD7FEF200140

mem[X,0x000000008000110C] -> 0x1FBB
mem[X,0x000000008000110E] -> 0xB5DF
[1096] [M]: 0x000000008000110C (0xB5DF1FBB) pdifsumu.b t6, t5, t4
x31 <- 0xF9FFFD7FEF2004AD

mem[X,0x0000000080001110] -> 0xB823
mem[X,0x0000000080001112] -> 0x0DF0
[1097] [M]: 0x0000000080001110 (0x0DF0B823) sd t6, 0xd0(ra)
mem[0x00000000800042C0] <- 0xF9FFFD7FEF2004AD

mem[X,0x0000000080001114] -> 0x0F37
mem[X,0x0000000080001116] -> 0x10AA
[1098] [M]: 0x0000000080001114 (0x10AA0F37) lui t5, 0x10aa0
x30 <- 0x0000000010AA0000

mem[X,0x0000000080001118] -> 0x0F13
mem[X,0x000000008000111A] -> 0x220F
[1099] [M]: 0x0000000080001118 (0x220F0F13) addi t5, t5, 0x220
x30 <- 0x0000000010AA0220

clint::tick mtime <- 0x000000000000000B
 clint timer pending at mtime 0x000000000000000B
htif::tick 0x0000000000000000
mem[X,0x000000008000111C] -> 0x1F13
mem[X,0x000000008000111E] -> 0x00BF
[1100] [M]: 0x000000008000111C (0x00BF1F13) slli t5, t5, 0xb
x30 <- 0x0000008550110000

mem[X,0x0000000080001120] -> 0x0F13
mem[X,0x0000000080001122] -> 0x7E7F
[1101] [M]: 0x0000000080001120 (0x7E7F0F13) addi t5, t5, 0x7e7
x30 <- 0x00000085501107E7

mem[X,0x0000000080001124] -> 0x1F13
mem[X,0x0000000080001126] -> 0x00BF
[1102] [M]: 0x0000000080001124 (0x00BF1F13) slli t5, t5, 0xb
x30 <- 0x00042A80883F3800

mem[X,0x0000000080001128] -> 0x0F13
mem[X,0x000000008000112A] -> 0x3F0F
[1103] [M]: 0x0000000080001128 (0x3F0F0F13) addi t5, t5, 0x3f0
x30 <- 0x00042A80883F3BF0

mem[X,0x000000008000112C] -> 0x1F13
mem[X,0x000000008000112E] -> 0x00AF
[1104] [M]: 0x000000008000112C (0x00AF1F13) slli t5, t5, 0xa
x30 <- 0x10AA0220FCEFC000

mem[X,0x0000000080001130] -> 0x0F13
mem[X,0x0000000080001132] -> 0x004F
[1105] [M]: 0x0000000080001130 (0x004F0F13) addi t5, t5, 0x4
x30 <- 0x10AA0220FCEFC004

mem[X,0x0000000080001134] -> 0x0EB7
mem[X,0x0000000080001136] -> 0xF7EF
[1106] [M]: 0x0000000080001134 (0xF7EF0EB7) lui t4, -0x8110
x29 <- 0xFFFFFFFFF7EF0000

mem[X,0x0000000080001138] -> 0x8E93
mem[X,0x000000008000113A] -> 0x110E
[1107] [M]: 0x0000000080001138 (0x110E8E93) addi t4, t4, 0x110
x29 <- 0xFFFFFFFFF7EF0110

mem[X,0x000000008000113C] -> 0x9E93
mem[X,0x000000008000113E] -> 0x00BE
[1108] [M]: 0x000000008000113C (0x00BE9E93) slli t4, t4, 0xb
x29 <- 0xFFFFFFBF78088000

mem[X,0x0000000080001140] -> 0x8E93
mem[X,0x0000000080001142] -> 0x77FE
[1109] [M]: 0x0000000080001140 (0x77FE8E93) addi t4, t4, 0x77f
x29 <- 0xFFFFFFBF7808877F

mem[X,0x0000000080001144] -> 0x9E93
mem[X,0x0000000080001146] -> 0x00BE
[1110] [M]: 0x0000000080001144 (0x00BE9E93) slli t4, t4, 0xb
x29 <- 0xFFFDFBC0443BF800

mem[X,0x0000000080001148] -> 0x8E93
mem[X,0x000000008000114A] -> 0x7FFE
[1111] [M]: 0x0000000080001148 (0x7FFE8E93) addi t4, t4, 0x7ff
x29 <- 0xFFFDFBC0443BFFFF

mem[X,0x000000008000114C] -> 0x9E93
mem[X,0x000000008000114E] -> 0x00AE
[1112] [M]: 0x000000008000114C (0x00AE9E93) slli t4, t4, 0xa
x29 <- 0xF7EF0110EFFFFC00

mem[X,0x0000000080001150] -> 0x8E93
mem[X,0x0000000080001152] -> 0x2FDE
[1113] [M]: 0x0000000080001150 (0x2FDE8E93) addi t4, t4, 0x2fd
x29 <- 0xF7EF0110EFFFFEFD

mem[X,0x0000000080001154] -> 0x1FBB
mem[X,0x0000000080001156] -> 0xB5DF
[1114] [M]: 0x0000000080001154 (0xB5DF1FBB) pdifsumu.b t6, t5, t4
x31 <- 0xF7EF0110F000018E

mem[X,0x0000000080001158] -> 0xBC23
mem[X,0x000000008000115A] -> 0x0DF0
[1115] [M]: 0x0000000080001158 (0x0DF0BC23) sd t6, 0xd8(ra)
mem[0x00000000800042C8] <- 0xF7EF0110F000018E

mem[X,0x000000008000115C] -> 0x0F37
mem[X,0x000000008000115E] -> 0xF6FE
[1116] [M]: 0x000000008000115C (0xF6FE0F37) lui t5, -0x9020
x30 <- 0xFFFFFFFFF6FE0000

mem[X,0x0000000080001160] -> 0x0F13
mem[X,0x0000000080001162] -> 0x7AAF
[1117] [M]: 0x0000000080001160 (0x7AAF0F13) addi t5, t5, 0x7aa
x30 <- 0xFFFFFFFFF6FE07AA

mem[X,0x0000000080001164] -> 0x1F13
mem[X,0x0000000080001166] -> 0x00BF
[1118] [M]: 0x0000000080001164 (0x00BF1F13) slli t5, t5, 0xb
x30 <- 0xFFFFFFB7F03D5000

mem[X,0x0000000080001168] -> 0x0F13
mem[X,0x000000008000116A] -> 0x03AF
[1119] [M]: 0x0000000080001168 (0x03AF0F13) addi t5, t5, 0x3a
x30 <- 0xFFFFFFB7F03D503A

mem[X,0x000000008000116C] -> 0x1F13
mem[X,0x000000008000116E] -> 0x00BF
[1120] [M]: 0x000000008000116C (0x00BF1F13) slli t5, t5, 0xb
x30 <- 0xFFFDBF81EA81D000

mem[X,0x0000000080001170] -> 0x0F13
mem[X,0x0000000080001172] -> 0x57DF
[1121] [M]: 0x0000000080001170 (0x57DF0F13) addi t5, t5, 0x57d
x30 <- 0xFFFDBF81EA81D57D

mem[X,0x0000000080001174] -> 0x1F13
mem[X,0x0000000080001176] -> 0x00AF
[1122] [M]: 0x0000000080001174 (0x00AF1F13) slli t5, t5, 0xa
x30 <- 0xF6FE07AA0755F400

mem[X,0x0000000080001178] -> 0x0F13
mem[X,0x000000008000117A] -> 0x2C0F
[1123] [M]: 0x0000000080001178 (0x2C0F0F13) addi t5, t5, 0x2c0
x30 <- 0xF6FE07AA0755F6C0

mem[X,0x000000008000117C] -> 0x0EB7
mem[X,0x000000008000117E] -> 0x3F09
[1124] [M]: 0x000000008000117C (0x3F090EB7) lui t4, 0x3f090
x29 <- 0x000000003F090000

mem[X,0x0000000080001180] -> 0x8E93
mem[X,0x0000000080001182] -> 0xF06E
[1125] [M]: 0x0000000080001180 (0xF06E8E93) addi t4, t4, -0xfa
x29 <- 0x000000003F08FF06

mem[X,0x0000000080001184] -> 0x9E93
mem[X,0x0000000080001186] -> 0x00BE
[1126] [M]: 0x0000000080001184 (0x00BE9E93) slli t4, t4, 0xb
x29 <- 0x000001F847F83000

mem[X,0x0000000080001188] -> 0x8E93
mem[X,0x000000008000118A] -> 0x7B4E
[1127] [M]: 0x0000000080001188 (0x7B4E8E93) addi t4, t4, 0x7b4
x29 <- 0x000001F847F837B4

mem[X,0x000000008000118C] -> 0x9E93
mem[X,0x000000008000118E] -> 0x00BE
[1128] [M]: 0x000000008000118C (0x00BE9E93) slli t4, t4, 0xb
x29 <- 0x000FC23FC1BDA000

mem[X,0x0000000080001190] -> 0x8E93
mem[X,0x0000000080001192] -> 0x03EE
[1129] [M]: 0x0000000080001190 (0x03EE8E93) addi t4, t4, 0x3e
x29 <- 0x000FC23FC1BDA03E

mem[X,0x0000000080001194] -> 0x9E93
mem[X,0x0000000080001196] -> 0x00AE
[1130] [M]: 0x0000000080001194 (0x00AE9E93) slli t4, t4, 0xa
x29 <- 0x3F08FF06F680F800

mem[X,0x0000000080001198] -> 0x8E93
mem[X,0x000000008000119A] -> 0x3FDE
[1131] [M]: 0x0000000080001198 (0x3FDE8E93) addi t4, t4, 0x3fd
x29 <- 0x3F08FF06F680FBFD

mem[X,0x000000008000119C] -> 0x1FBB
mem[X,0x000000008000119E] -> 0xB5DF
[1132] [M]: 0x000000008000119C (0xB5DF1FBB) pdifsumu.b t6, t5, t4
x31 <- 0x3F08FF06F68100A2

mem[X,0x00000000800011A0] -> 0xB023
mem[X,0x00000000800011A2] -> 0x0FF0
[1133] [M]: 0x00000000800011A0 (0x0FF0B023) sd t6, 0xe0(ra)
mem[0x00000000800042D0] <- 0x3F08FF06F68100A2

mem[X,0x00000000800011A4] -> 0x0F37
mem[X,0x00000000800011A6] -> 0xFD09
[1134] [M]: 0x00000000800011A4 (0xFD090F37) lui t5, -0x2f70
x30 <- 0xFFFFFFFFFD090000

mem[X,0x00000000800011A8] -> 0x0F13
mem[X,0x00000000800011AA] -> 0xBAAF
[1135] [M]: 0x00000000800011A8 (0xBAAF0F13) addi t5, t5, -0x456
x30 <- 0xFFFFFFFFFD08FBAA

mem[X,0x00000000800011AC] -> 0x1F13
mem[X,0x00000000800011AE] -> 0x00BF
[1136] [M]: 0x00000000800011AC (0x00BF1F13) slli t5, t5, 0xb
x30 <- 0xFFFFFFE847DD5000

mem[X,0x00000000800011B0] -> 0x0F13
mem[X,0x00000000800011B2] -> 0x082F
[1137] [M]: 0x00000000800011B0 (0x082F0F13) addi t5, t5, 0x82
x30 <- 0xFFFFFFE847DD5082

mem[X,0x00000000800011B4] -> 0x1F13
mem[X,0x00000000800011B6] -> 0x00BF
[1138] [M]: 0x00000000800011B4 (0x00BF1F13) slli t5, t5, 0xb
x30 <- 0xFFFF423EEA841000

mem[X,0x00000000800011B8] -> 0x0F13
mem[X,0x00000000800011BA] -> 0x02AF
[1139] [M]: 0x00000000800011B8 (0x02AF0F13) addi t5, t5, 0x2a
x30 <- 0xFFFF423EEA84102A

mem[X,0x00000000800011BC] -> 0x1F13
mem[X,0x00000000800011BE] -> 0x00AF
[1140] [M]: 0x00000000800011BC (0x00AF1F13) slli t5, t5, 0xa
x30 <- 0xFD08FBAA1040A800

mem[X,0x00000000800011C0] -> 0x0F13
mem[X,0x00000000800011C2] -> 0x2C0F
[1141] [M]: 0x00000000800011C0 (0x2C0F0F13) addi t5, t5, 0x2c0
x30 <- 0xFD08FBAA1040AAC0

mem[X,0x00000000800011C4] -> 0x0EB7
mem[X,0x00000000800011C6] -> 0x40FE
[1142] [M]: 0x00000000800011C4 (0x40FE0EB7) lui t4, 0x40fe0
x29 <- 0x0000000040FE0000

mem[X,0x00000000800011C8] -> 0x8E93
mem[X,0x00000000800011CA] -> 0x710E
[1143] [M]: 0x00000000800011C8 (0x710E8E93) addi t4, t4, 0x710
x29 <- 0x0000000040FE0710

mem[X,0x00000000800011CC] -> 0x9E93
mem[X,0x00000000800011CE] -> 0x00BE
[1144] [M]: 0x00000000800011CC (0x00BE9E93) slli t4, t4, 0xb
x29 <- 0x00000207F0388000

mem[X,0x00000000800011D0] -> 0x8E93
mem[X,0x00000000800011D2] -> 0x01FE
[1145] [M]: 0x00000000800011D0 (0x01FE8E93) addi t4, t4, 0x1f
x29 <- 0x00000207F038801F

mem[X,0x00000000800011D4] -> 0x9E93
mem[X,0x00000000800011D6] -> 0x00BE
[1146] [M]: 0x00000000800011D4 (0x00BE9E93) slli t4, t4, 0xb
x29 <- 0x00103F81C400F800

mem[X,0x00000000800011D8] -> 0x8E93
mem[X,0x00000000800011DA] -> 0x681E
[1147] [M]: 0x00000000800011D8 (0x681E8E93) addi t4, t4, 0x681
x29 <- 0x00103F81C400FE81

mem[X,0x00000000800011DC] -> 0x9E93
mem[X,0x00000000800011DE] -> 0x00AE
[1148] [M]: 0x00000000800011DC (0x00AE9E93) slli t4, t4, 0xa
x29 <- 0x40FE071003FA0400

mem[X,0x00000000800011E0] -> 0x8E93
mem[X,0x00000000800011E2] -> 0x340E
[1149] [M]: 0x00000000800011E0 (0x340E8E93) addi t4, t4, 0x340
x29 <- 0x40FE071003FA0740

mem[X,0x00000000800011E4] -> 0x1FBB
mem[X,0x00000000800011E6] -> 0xB5DF
[1150] [M]: 0x00000000800011E4 (0xB5DF1FBB) pdifsumu.b t6, t5, t4
x31 <- 0x40FE071003FA0C6B

mem[X,0x00000000800011E8] -> 0xB423
mem[X,0x00000000800011EA] -> 0x0FF0
[1151] [M]: 0x00000000800011E8 (0x0FF0B423) sd t6, 0xe8(ra)
mem[0x00000000800042D8] <- 0x40FE071003FA0C6B

mem[X,0x00000000800011EC] -> 0x0F37
mem[X,0x00000000800011EE] -> 0xFC06
[1152] [M]: 0x00000000800011EC (0xFC060F37) lui t5, -0x3fa0
x30 <- 0xFFFFFFFFFC060000

mem[X,0x00000000800011F0] -> 0x0F13
mem[X,0x00000000800011F2] -> 0x508F
[1153] [M]: 0x00000000800011F0 (0x508F0F13) addi t5, t5, 0x508
x30 <- 0xFFFFFFFFFC060508

mem[X,0x00000000800011F4] -> 0x1F13
mem[X,0x00000000800011F6] -> 0x00BF
[1154] [M]: 0x00000000800011F4 (0x00BF1F13) slli t5, t5, 0xb
x30 <- 0xFFFFFFE030284000

mem[X,0x00000000800011F8] -> 0x0F13
mem[X,0x00000000800011FA] -> 0x027F
[1155] [M]: 0x00000000800011F8 (0x027F0F13) addi t5, t5, 0x27
x30 <- 0xFFFFFFE030284027

mem[X,0x00000000800011FC] -> 0x1F13
mem[X,0x00000000800011FE] -> 0x00BF
[1156] [M]: 0x00000000800011FC (0x00BF1F13) slli t5, t5, 0xb
x30 <- 0xFFFF018142013800

mem[X,0x0000000080001200] -> 0x0F13
mem[X,0x0000000080001202] -> 0x702F
[1157] [M]: 0x0000000080001200 (0x702F0F13) addi t5, t5, 0x702
x30 <- 0xFFFF018142013F02

mem[X,0x0000000080001204] -> 0x1F13
mem[X,0x0000000080001206] -> 0x00AF
[1158] [M]: 0x0000000080001204 (0x00AF1F13) slli t5, t5, 0xa
x30 <- 0xFC06050804FC0800

mem[X,0x0000000080001208] -> 0x0F13
mem[X,0x000000008000120A] -> 0x080F
[1159] [M]: 0x0000000080001208 (0x080F0F13) addi t5, t5, 0x80
x30 <- 0xFC06050804FC0880

mem[X,0x000000008000120C] -> 0xBEB7
mem[X,0x000000008000120E] -> 0x06F9
[1160] [M]: 0x000000008000120C (0x06F9BEB7) lui t4, 0x6f9b
x29 <- 0x0000000006F9B000

mem[X,0x0000000080001210] -> 0x8E93
mem[X,0x0000000080001212] -> 0xAAAE
[1161] [M]: 0x0000000080001210 (0xAAAE8E93) addi t4, t4, -0x556
x29 <- 0x0000000006F9AAAA

mem[X,0x0000000080001214] -> 0x9E93
mem[X,0x0000000080001216] -> 0x00BE
[1162] [M]: 0x0000000080001214 (0x00BE9E93) slli t4, t4, 0xb
x29 <- 0x00000037CD555000

mem[X,0x0000000080001218] -> 0x8E93
mem[X,0x000000008000121A] -> 0x778E
[1163] [M]: 0x0000000080001218 (0x778E8E93) addi t4, t4, 0x778
x29 <- 0x00000037CD555778

mem[X,0x000000008000121C] -> 0x9E93
mem[X,0x000000008000121E] -> 0x00BE
[1164] [M]: 0x000000008000121C (0x00BE9E93) slli t4, t4, 0xb
x29 <- 0x0001BE6AAABBC000

mem[X,0x0000000080001220] -> 0x8E93
mem[X,0x0000000080001222] -> 0x110E
[1165] [M]: 0x0000000080001220 (0x110E8E93) addi t4, t4, 0x110
x29 <- 0x0001BE6AAABBC110

mem[X,0x0000000080001224] -> 0x9E93
mem[X,0x0000000080001226] -> 0x00AE
[1166] [M]: 0x0000000080001224 (0x00AE9E93) slli t4, t4, 0xa
x29 <- 0x06F9AAAAEF044000

mem[X,0x0000000080001228] -> 0x8E93
mem[X,0x000000008000122A] -> 0x080E
[1167] [M]: 0x0000000080001228 (0x080E8E93) addi t4, t4, 0x80
x29 <- 0x06F9AAAAEF044080

mem[X,0x000000008000122C] -> 0x1FBB
mem[X,0x000000008000122E] -> 0xB5DF
[1168] [M]: 0x000000008000122C (0xB5DF1FBB) pdifsumu.b t6, t5, t4
x31 <- 0x06F9AAAAEF0445CB

mem[X,0x0000000080001230] -> 0xB823
mem[X,0x0000000080001232] -> 0x0FF0
[1169] [M]: 0x0000000080001230 (0x0FF0B823) sd t6, 0xf0(ra)
mem[0x00000000800042E0] <- 0x06F9AAAAEF0445CB

mem[X,0x0000000080001234] -> 0x0F37
mem[X,0x0000000080001236] -> 0xDF40
[1170] [M]: 0x0000000080001234 (0xDF400F37) lui t5, -0x20c00
x30 <- 0xFFFFFFFFDF400000

mem[X,0x0000000080001238] -> 0x0F13
mem[X,0x000000008000123A] -> 0xCFEF
[1171] [M]: 0x0000000080001238 (0xCFEF0F13) addi t5, t5, -0x302
x30 <- 0xFFFFFFFFDF3FFCFE

mem[X,0x000000008000123C] -> 0x1F13
mem[X,0x000000008000123E] -> 0x00BF
[1172] [M]: 0x000000008000123C (0x00BF1F13) slli t5, t5, 0xb
x30 <- 0xFFFFFEF9FFE7F000

mem[X,0x0000000080001240] -> 0x0F13
mem[X,0x0000000080001242] -> 0x2AFF
[1173] [M]: 0x0000000080001240 (0x2AFF0F13) addi t5, t5, 0x2af
x30 <- 0xFFFFFEF9FFE7F2AF

mem[X,0x0000000080001244] -> 0x1F13
mem[X,0x0000000080001246] -> 0x00BF
[1174] [M]: 0x0000000080001244 (0x00BF1F13) slli t5, t5, 0xb
x30 <- 0xFFF7CFFF3F957800

mem[X,0x0000000080001248] -> 0x0F13
mem[X,0x000000008000124A] -> 0x7FDF
[1175] [M]: 0x0000000080001248 (0x7FDF0F13) addi t5, t5, 0x7fd
x30 <- 0xFFF7CFFF3F957FFD

mem[X,0x000000008000124C] -> 0x1F13
mem[X,0x000000008000124E] -> 0x00AF
[1176] [M]: 0x000000008000124C (0x00AF1F13) slli t5, t5, 0xa
x30 <- 0xDF3FFCFE55FFF400

mem[X,0x0000000080001250] -> 0x0F13
mem[X,0x0000000080001252] -> 0x209F
[1177] [M]: 0x0000000080001250 (0x209F0F13) addi t5, t5, 0x209
x30 <- 0xDF3FFCFE55FFF609

mem[X,0x0000000080001254] -> 0x0EB7
mem[X,0x0000000080001256] -> 0x010A
[1178] [M]: 0x0000000080001254 (0x010A0EB7) lui t4, 0x10a0
x29 <- 0x00000000010A0000

mem[X,0x0000000080001258] -> 0x8E93
mem[X,0x000000008000125A] -> 0x904E
[1179] [M]: 0x0000000080001258 (0x904E8E93) addi t4, t4, -0x6fc
x29 <- 0x000000000109F904

mem[X,0x000000008000125C] -> 0x9E93
mem[X,0x000000008000125E] -> 0x00BE
[1180] [M]: 0x000000008000125C (0x00BE9E93) slli t4, t4, 0xb
x29 <- 0x000000084FC82000

mem[X,0x0000000080001260] -> 0x8E93
mem[X,0x0000000080001262] -> 0x607E
[1181] [M]: 0x0000000080001260 (0x607E8E93) addi t4, t4, 0x607
x29 <- 0x000000084FC82607

mem[X,0x0000000080001264] -> 0x9E93
mem[X,0x0000000080001266] -> 0x00BE
[1182] [M]: 0x0000000080001264 (0x00BE9E93) slli t4, t4, 0xb
x29 <- 0x0000427E41303800

mem[X,0x0000000080001268] -> 0x8E93
mem[X,0x000000008000126A] -> 0x5EAE
[1183] [M]: 0x0000000080001268 (0x5EAE8E93) addi t4, t4, 0x5ea
x29 <- 0x0000427E41303DEA

mem[X,0x000000008000126C] -> 0x9E93
mem[X,0x000000008000126E] -> 0x00AE
[1184] [M]: 0x000000008000126C (0x00AE9E93) slli t4, t4, 0xa
x29 <- 0x0109F904C0F7A800

mem[X,0x0000000080001270] -> 0x8E93
mem[X,0x0000000080001272] -> 0x2C0E
[1185] [M]: 0x0000000080001270 (0x2C0E8E93) addi t4, t4, 0x2c0
x29 <- 0x0109F904C0F7AAC0

mem[X,0x0000000080001274] -> 0x1FBB
mem[X,0x0000000080001276] -> 0xB5DF
[1186] [M]: 0x0000000080001274 (0xB5DF1FBB) pdifsumu.b t6, t5, t4
x31 <- 0x0109F904C0F7AE47

mem[X,0x0000000080001278] -> 0xBC23
mem[X,0x000000008000127A] -> 0x0FF0
[1187] [M]: 0x0000000080001278 (0x0FF0BC23) sd t6, 0xf8(ra)
mem[0x00000000800042E8] <- 0x0109F904C0F7AE47

mem[X,0x000000008000127C] -> 0x0F37
mem[X,0x000000008000127E] -> 0x0806
[1188] [M]: 0x000000008000127C (0x08060F37) lui t5, 0x8060
x30 <- 0x0000000008060000

mem[X,0x0000000080001280] -> 0x0F13
mem[X,0x0000000080001282] -> 0xFFFF
[1189] [M]: 0x0000000080001280 (0xFFFF0F13) addi t5, t5, -0x1
x30 <- 0x000000000805FFFF

mem[X,0x0000000080001284] -> 0x1F13
mem[X,0x0000000080001286] -> 0x00BF
[1190] [M]: 0x0000000080001284 (0x00BF1F13) slli t5, t5, 0xb
x30 <- 0x000000402FFFF800

mem[X,0x0000000080001288] -> 0x0F13
mem[X,0x000000008000128A] -> 0x028F
[1191] [M]: 0x0000000080001288 (0x028F0F13) addi t5, t5, 0x28
x30 <- 0x000000402FFFF828

mem[X,0x000000008000128C] -> 0x1F13
mem[X,0x000000008000128E] -> 0x00BF
[1192] [M]: 0x000000008000128C (0x00BF1F13) slli t5, t5, 0xb
x30 <- 0x0002017FFFC14000

mem[X,0x0000000080001290] -> 0x0F13
mem[X,0x0000000080001292] -> 0x081F
[1193] [M]: 0x0000000080001290 (0x081F0F13) addi t5, t5, 0x81
x30 <- 0x0002017FFFC14081

mem[X,0x0000000080001294] -> 0x1F13
mem[X,0x0000000080001296] -> 0x00AF
[1194] [M]: 0x0000000080001294 (0x00AF1F13) slli t5, t5, 0xa
x30 <- 0x0805FFFF05020400

mem[X,0x0000000080001298] -> 0x0F13
mem[X,0x000000008000129A] -> 0x309F
[1195] [M]: 0x0000000080001298 (0x309F0F13) addi t5, t5, 0x309
x30 <- 0x0805FFFF05020709

mem[X,0x000000008000129C] -> 0x0EB7
mem[X,0x000000008000129E] -> 0x2010
[1196] [M]: 0x000000008000129C (0x20100EB7) lui t4, 0x20100
x29 <- 0x0000000020100000

mem[X,0x00000000800012A0] -> 0x8E93
mem[X,0x00000000800012A2] -> 0x004E
[1197] [M]: 0x00000000800012A0 (0x004E8E93) addi t4, t4, 0x4
x29 <- 0x0000000020100004

mem[X,0x00000000800012A4] -> 0x9E93
mem[X,0x00000000800012A6] -> 0x00BE
[1198] [M]: 0x00000000800012A4 (0x00BE9E93) slli t4, t4, 0xb
x29 <- 0x0000010080002000

mem[X,0x00000000800012A8] -> 0x8E93
mem[X,0x00000000800012AA] -> 0x7D5E
[1199] [M]: 0x00000000800012A8 (0x7D5E8E93) addi t4, t4, 0x7d5
x29 <- 0x00000100800027D5

clint::tick mtime <- 0x000000000000000C
 clint timer pending at mtime 0x000000000000000C
htif::tick 0x0000000000000000
mem[X,0x00000000800012AC] -> 0x9E93
mem[X,0x00000000800012AE] -> 0x00BE
[1200] [M]: 0x00000000800012AC (0x00BE9E93) slli t4, t4, 0xb
x29 <- 0x00080400013EA800

mem[X,0x00000000800012B0] -> 0x8E93
mem[X,0x00000000800012B2] -> 0x281E
[1201] [M]: 0x00000000800012B0 (0x281E8E93) addi t4, t4, 0x281
x29 <- 0x00080400013EAA81

mem[X,0x00000000800012B4] -> 0x9E93
mem[X,0x00000000800012B6] -> 0x00AE
[1202] [M]: 0x00000000800012B4 (0x00AE9E93) slli t4, t4, 0xa
x29 <- 0x20100004FAAA0400

mem[X,0x00000000800012B8] -> 0x8E93
mem[X,0x00000000800012BA] -> 0x3DFE
[1203] [M]: 0x00000000800012B8 (0x3DFE8E93) addi t4, t4, 0x3df
x29 <- 0x20100004FAAA07DF

mem[X,0x00000000800012BC] -> 0x1FBB
mem[X,0x00000000800012BE] -> 0xB5DF
[1204] [M]: 0x00000000800012BC (0xB5DF1FBB) pdifsumu.b t6, t5, t4
x31 <- 0x20100004FAAA0C6F

mem[X,0x00000000800012C0] -> 0xB023
mem[X,0x00000000800012C2] -> 0x11F0
[1205] [M]: 0x00000000800012C0 (0x11F0B023) sd t6, 0x100(ra)
mem[0x00000000800042F0] <- 0x20100004FAAA0C6F

mem[X,0x00000000800012C4] -> 0xEF37
mem[X,0x00000000800012C6] -> 0xFCF7
[1206] [M]: 0x00000000800012C4 (0xFCF7EF37) lui t5, -0x3082
x30 <- 0xFFFFFFFFFCF7E000

mem[X,0x00000000800012C8] -> 0x0F13
mem[X,0x00000000800012CA] -> 0xF10F
[1207] [M]: 0x00000000800012C8 (0xF10F0F13) addi t5, t5, -0xf0
x30 <- 0xFFFFFFFFFCF7DF10

mem[X,0x00000000800012CC] -> 0x1F13
mem[X,0x00000000800012CE] -> 0x00BF
[1208] [M]: 0x00000000800012CC (0x00BF1F13) slli t5, t5, 0xb
x30 <- 0xFFFFFFE7BEF88000

mem[X,0x00000000800012D0] -> 0x0F13
mem[X,0x00000000800012D2] -> 0x022F
[1209] [M]: 0x00000000800012D0 (0x022F0F13) addi t5, t5, 0x22
x30 <- 0xFFFFFFE7BEF88022

mem[X,0x00000000800012D4] -> 0x1F13
mem[X,0x00000000800012D6] -> 0x00BF
[1210] [M]: 0x00000000800012D4 (0x00BF1F13) slli t5, t5, 0xb
x30 <- 0xFFFF3DF7C4011000

mem[X,0x00000000800012D8] -> 0x0F13
mem[X,0x00000000800012DA] -> 0x001F
[1211] [M]: 0x00000000800012D8 (0x001F0F13) addi t5, t5, 0x1
x30 <- 0xFFFF3DF7C4011001

mem[X,0x00000000800012DC] -> 0x1F13
mem[X,0x00000000800012DE] -> 0x00AF
[1212] [M]: 0x00000000800012DC (0x00AF1F13) slli t5, t5, 0xa
x30 <- 0xFCF7DF1004400400

mem[X,0x00000000800012E0] -> 0x0F13
mem[X,0x00000000800012E2] -> 0x3EFF
[1213] [M]: 0x00000000800012E0 (0x3EFF0F13) addi t5, t5, 0x3ef
x30 <- 0xFCF7DF10044007EF

mem[X,0x00000000800012E4] -> 0x8EB7
mem[X,0x00000000800012E6] -> 0x08FE
[1214] [M]: 0x00000000800012E4 (0x08FE8EB7) lui t4, 0x8fe8
x29 <- 0x0000000008FE8000

mem[X,0x00000000800012E8] -> 0x8E93
mem[X,0x00000000800012EA] -> 0x002E
[1215] [M]: 0x00000000800012E8 (0x002E8E93) addi t4, t4, 0x2
x29 <- 0x0000000008FE8002

mem[X,0x00000000800012EC] -> 0x9E93
mem[X,0x00000000800012EE] -> 0x00BE
[1216] [M]: 0x00000000800012EC (0x00BE9E93) slli t4, t4, 0xb
x29 <- 0x00000047F4001000

mem[X,0x00000000800012F0] -> 0x8E93
mem[X,0x00000000800012F2] -> 0x7B0E
[1217] [M]: 0x00000000800012F0 (0x7B0E8E93) addi t4, t4, 0x7b0
x29 <- 0x00000047F40017B0

mem[X,0x00000000800012F4] -> 0x9E93
mem[X,0x00000000800012F6] -> 0x00BE
[1218] [M]: 0x00000000800012F4 (0x00BE9E93) slli t4, t4, 0xb
x29 <- 0x00023FA000BD8000

mem[X,0x00000000800012F8] -> 0x8E93
mem[X,0x00000000800012FA] -> 0x070E
[1219] [M]: 0x00000000800012F8 (0x070E8E93) addi t4, t4, 0x70
x29 <- 0x00023FA000BD8070

mem[X,0x00000000800012FC] -> 0x9E93
mem[X,0x00000000800012FE] -> 0x00AE
[1220] [M]: 0x00000000800012FC (0x00AE9E93) slli t4, t4, 0xa
x29 <- 0x08FE8002F601C000

mem[X,0x0000000080001300] -> 0x8E93
mem[X,0x0000000080001302] -> 0x0DFE
[1221] [M]: 0x0000000080001300 (0x0DFE8E93) addi t4, t4, 0xdf
x29 <- 0x08FE8002F601C0DF

mem[X,0x0000000080001304] -> 0x1FBB
mem[X,0x0000000080001306] -> 0xB5DF
[1222] [M]: 0x0000000080001304 (0xB5DF1FBB) pdifsumu.b t6, t5, t4
x31 <- 0x08FE8002F601C441

mem[X,0x0000000080001308] -> 0xB423
mem[X,0x000000008000130A] -> 0x11F0
[1223] [M]: 0x0000000080001308 (0x11F0B423) sd t6, 0x108(ra)
mem[0x00000000800042F8] <- 0x08FE8002F601C441

mem[X,0x000000008000130C] -> 0xFF37
mem[X,0x000000008000130E] -> 0xC0FA
[1224] [M]: 0x000000008000130C (0xC0FAFF37) lui t5, -0x3f051
x30 <- 0xFFFFFFFFC0FAF000

mem[X,0x0000000080001310] -> 0x0F13
mem[X,0x0000000080001312] -> 0x640F
[1225] [M]: 0x0000000080001310 (0x640F0F13) addi t5, t5, 0x640
x30 <- 0xFFFFFFFFC0FAF640

mem[X,0x0000000080001314] -> 0x1F13
mem[X,0x0000000080001316] -> 0x00BF
[1226] [M]: 0x0000000080001314 (0x00BF1F13) slli t5, t5, 0xb
x30 <- 0xFFFFFE07D7B20000

mem[X,0x0000000080001318] -> 0x0F13
mem[X,0x000000008000131A] -> 0x00AF
[1227] [M]: 0x0000000080001318 (0x00AF0F13) addi t5, t5, 0xa
x30 <- 0xFFFFFE07D7B2000A

mem[X,0x000000008000131C] -> 0x1F13
mem[X,0x000000008000131E] -> 0x00BF
[1228] [M]: 0x000000008000131C (0x00BF1F13) slli t5, t5, 0xb
x30 <- 0xFFF03EBD90005000

mem[X,0x0000000080001320] -> 0x0F13
mem[X,0x0000000080001322] -> 0x577F
[1229] [M]: 0x0000000080001320 (0x577F0F13) addi t5, t5, 0x577
x30 <- 0xFFF03EBD90005577

mem[X,0x0000000080001324] -> 0x1F13
mem[X,0x0000000080001326] -> 0x00AF
[1230] [M]: 0x0000000080001324 (0x00AF1F13) slli t5, t5, 0xa
x30 <- 0xC0FAF6400155DC00

mem[X,0x0000000080001328] -> 0x0F13
mem[X,0x000000008000132A] -> 0x37FF
[1231] [M]: 0x0000000080001328 (0x37FF0F13) addi t5, t5, 0x37f
x30 <- 0xC0FAF6400155DF7F

mem[X,0x000000008000132C] -> 0xCEB7
mem[X,0x000000008000132E] -> 0x0520
[1232] [M]: 0x000000008000132C (0x0520CEB7) lui t4, 0x520c
x29 <- 0x000000000520C000

mem[X,0x0000000080001330] -> 0x8E93
mem[X,0x0000000080001332] -> 0xFDFE
[1233] [M]: 0x0000000080001330 (0xFDFE8E93) addi t4, t4, -0x21
x29 <- 0x000000000520BFDF

mem[X,0x0000000080001334] -> 0x9E93
mem[X,0x0000000080001336] -> 0x00BE
[1234] [M]: 0x0000000080001334 (0x00BE9E93) slli t4, t4, 0xb
x29 <- 0x0000002905FEF800

mem[X,0x0000000080001338] -> 0x8E93
mem[X,0x000000008000133A] -> 0x7E2E
[1235] [M]: 0x0000000080001338 (0x7E2E8E93) addi t4, t4, 0x7e2
x29 <- 0x0000002905FEFFE2

mem[X,0x000000008000133C] -> 0x9E93
mem[X,0x000000008000133E] -> 0x00BE
[1236] [M]: 0x000000008000133C (0x00BE9E93) slli t4, t4, 0xb
x29 <- 0x0001482FF7FF1000

mem[X,0x0000000080001340] -> 0x8E93
mem[X,0x0000000080001342] -> 0x577E
[1237] [M]: 0x0000000080001340 (0x577E8E93) addi t4, t4, 0x577
x29 <- 0x0001482FF7FF1577

mem[X,0x0000000080001344] -> 0x9E93
mem[X,0x0000000080001346] -> 0x00AE
[1238] [M]: 0x0000000080001344 (0x00AE9E93) slli t4, t4, 0xa
x29 <- 0x0520BFDFFC55DC00

mem[X,0x0000000080001348] -> 0x8E93
mem[X,0x000000008000134A] -> 0x340E
[1239] [M]: 0x0000000080001348 (0x340E8E93) addi t4, t4, 0x340
x29 <- 0x0520BFDFFC55DF40

mem[X,0x000000008000134C] -> 0x1FBB
mem[X,0x000000008000134E] -> 0xB5DF
[1240] [M]: 0x000000008000134C (0xB5DF1FBB) pdifsumu.b t6, t5, t4
x31 <- 0x0520BFDFFC55E2E5

mem[X,0x0000000080001350] -> 0xB823
mem[X,0x0000000080001352] -> 0x11F0
[1241] [M]: 0x0000000080001350 (0x11F0B823) sd t6, 0x110(ra)
mem[0x0000000080004300] <- 0x0520BFDFFC55E2E5

mem[X,0x0000000080001354] -> 0x0F37
mem[X,0x0000000080001356] -> 0xF803
[1242] [M]: 0x0000000080001354 (0xF8030F37) lui t5, -0x7fd0
x30 <- 0xFFFFFFFFF8030000

mem[X,0x0000000080001358] -> 0x0F13
mem[X,0x000000008000135A] -> 0x110F
[1243] [M]: 0x0000000080001358 (0x110F0F13) addi t5, t5, 0x110
x30 <- 0xFFFFFFFFF8030110

mem[X,0x000000008000135C] -> 0x1F13
mem[X,0x000000008000135E] -> 0x00BF
[1244] [M]: 0x000000008000135C (0x00BF1F13) slli t5, t5, 0xb
x30 <- 0xFFFFFFC018088000

mem[X,0x0000000080001360] -> 0x0F13
mem[X,0x0000000080001362] -> 0x025F
[1245] [M]: 0x0000000080001360 (0x025F0F13) addi t5, t5, 0x25
x30 <- 0xFFFFFFC018088025

mem[X,0x0000000080001364] -> 0x1F13
mem[X,0x0000000080001366] -> 0x00BF
[1246] [M]: 0x0000000080001364 (0x00BF1F13) slli t5, t5, 0xb
x30 <- 0xFFFE00C044012800

mem[X,0x0000000080001368] -> 0x0F13
mem[X,0x000000008000136A] -> 0x7FFF
[1247] [M]: 0x0000000080001368 (0x7FFF0F13) addi t5, t5, 0x7ff
x30 <- 0xFFFE00C044012FFF

mem[X,0x000000008000136C] -> 0x1F13
mem[X,0x000000008000136E] -> 0x00AF
[1248] [M]: 0x000000008000136C (0x00AF1F13) slli t5, t5, 0xa
x30 <- 0xF803011004BFFC00

mem[X,0x0000000080001370] -> 0x0F13
mem[X,0x0000000080001372] -> 0x103F
[1249] [M]: 0x0000000080001370 (0x103F0F13) addi t5, t5, 0x103
x30 <- 0xF803011004BFFD03

mem[X,0x0000000080001374] -> 0xEEB7
mem[X,0x0000000080001376] -> 0x80F7
[1250] [M]: 0x0000000080001374 (0x80F7EEB7) lui t4, -0x7f082
x29 <- 0xFFFFFFFF80F7E000

mem[X,0x0000000080001378] -> 0x8E93
mem[X,0x000000008000137A] -> 0xFAAE
[1251] [M]: 0x0000000080001378 (0xFAAE8E93) addi t4, t4, -0x56
x29 <- 0xFFFFFFFF80F7DFAA

mem[X,0x000000008000137C] -> 0x9E93
mem[X,0x000000008000137E] -> 0x00BE
[1252] [M]: 0x000000008000137C (0x00BE9E93) slli t4, t4, 0xb
x29 <- 0xFFFFFC07BEFD5000

mem[X,0x0000000080001380] -> 0x8E93
mem[X,0x0000000080001382] -> 0x017E
[1253] [M]: 0x0000000080001380 (0x017E8E93) addi t4, t4, 0x17
x29 <- 0xFFFFFC07BEFD5017

mem[X,0x0000000080001384] -> 0x9E93
mem[X,0x0000000080001386] -> 0x00BE
[1254] [M]: 0x0000000080001384 (0x00BE9E93) slli t4, t4, 0xb
x29 <- 0xFFE03DF7EA80B800

mem[X,0x0000000080001388] -> 0x8E93
mem[X,0x000000008000138A] -> 0x5C0E
[1255] [M]: 0x0000000080001388 (0x5C0E8E93) addi t4, t4, 0x5c0
x29 <- 0xFFE03DF7EA80BDC0

mem[X,0x000000008000138C] -> 0x9E93
mem[X,0x000000008000138E] -> 0x00AE
[1256] [M]: 0x000000008000138C (0x00AE9E93) slli t4, t4, 0xa
x29 <- 0x80F7DFAA02F70000

mem[X,0x0000000080001390] -> 0x8E93
mem[X,0x0000000080001392] -> 0x305E
[1257] [M]: 0x0000000080001390 (0x305E8E93) addi t4, t4, 0x305
x29 <- 0x80F7DFAA02F70305

mem[X,0x0000000080001394] -> 0x1FBB
mem[X,0x0000000080001396] -> 0xB5DF
[1258] [M]: 0x0000000080001394 (0xB5DF1FBB) pdifsumu.b t6, t5, t4
x31 <- 0x80F7DFAA02F7071F

mem[X,0x0000000080001398] -> 0xBC23
mem[X,0x000000008000139A] -> 0x11F0
[1259] [M]: 0x0000000080001398 (0x11F0BC23) sd t6, 0x118(ra)
mem[0x0000000080004308] <- 0x80F7DFAA02F7071F

mem[X,0x000000008000139C] -> 0x1F37
mem[X,0x000000008000139E] -> 0x3FF7
[1260] [M]: 0x000000008000139C (0x3FF71F37) lui t5, 0x3ff71
x30 <- 0x000000003FF71000

mem[X,0x00000000800013A0] -> 0x0F13
mem[X,0x00000000800013A2] -> 0x0FFF
[1261] [M]: 0x00000000800013A0 (0x0FFF0F13) addi t5, t5, 0xff
x30 <- 0x000000003FF710FF

mem[X,0x00000000800013A4] -> 0x1F13
mem[X,0x00000000800013A6] -> 0x00BF
[1262] [M]: 0x00000000800013A4 (0x00BF1F13) slli t5, t5, 0xb
x30 <- 0x000001FFB887F800

mem[X,0x00000000800013A8] -> 0x0F13
mem[X,0x00000000800013AA] -> 0x008F
[1263] [M]: 0x00000000800013A8 (0x008F0F13) addi t5, t5, 0x8
x30 <- 0x000001FFB887F808

mem[X,0x00000000800013AC] -> 0x1F13
mem[X,0x00000000800013AE] -> 0x00BF
[1264] [M]: 0x00000000800013AC (0x00BF1F13) slli t5, t5, 0xb
x30 <- 0x000FFDC43FC04000

mem[X,0x00000000800013B0] -> 0x0F13
mem[X,0x00000000800013B2] -> 0x27BF
[1265] [M]: 0x00000000800013B0 (0x27BF0F13) addi t5, t5, 0x27b
x30 <- 0x000FFDC43FC0427B

mem[X,0x00000000800013B4] -> 0x1F13
mem[X,0x00000000800013B6] -> 0x00AF
[1266] [M]: 0x00000000800013B4 (0x00AF1F13) slli t5, t5, 0xa
x30 <- 0x3FF710FF0109EC00

mem[X,0x00000000800013B8] -> 0x0F13
mem[X,0x00000000800013BA] -> 0x306F
[1267] [M]: 0x00000000800013B8 (0x306F0F13) addi t5, t5, 0x306
x30 <- 0x3FF710FF0109EF06

mem[X,0x00000000800013BC] -> 0x0EB7
mem[X,0x00000000800013BE] -> 0x0201
[1268] [M]: 0x00000000800013BC (0x02010EB7) lui t4, 0x2010
x29 <- 0x0000000002010000

mem[X,0x00000000800013C0] -> 0x8E93
mem[X,0x00000000800013C2] -> 0x4C0E
[1269] [M]: 0x00000000800013C0 (0x4C0E8E93) addi t4, t4, 0x4c0
x29 <- 0x00000000020104C0

mem[X,0x00000000800013C4] -> 0x9E93
mem[X,0x00000000800013C6] -> 0x00BE
[1270] [M]: 0x00000000800013C4 (0x00BE9E93) slli t4, t4, 0xb
x29 <- 0x0000001008260000

mem[X,0x00000000800013C8] -> 0x8E93
mem[X,0x00000000800013CA] -> 0x7FFE
[1271] [M]: 0x00000000800013C8 (0x7FFE8E93) addi t4, t4, 0x7ff
x29 <- 0x00000010082607FF

mem[X,0x00000000800013CC] -> 0x9E93
mem[X,0x00000000800013CE] -> 0x00BE
[1272] [M]: 0x00000000800013CC (0x00BE9E93) slli t4, t4, 0xb
x29 <- 0x00008041303FF800

mem[X,0x00000000800013D0] -> 0x8E93
mem[X,0x00000000800013D2] -> 0x581E
[1273] [M]: 0x00000000800013D0 (0x581E8E93) addi t4, t4, 0x581
x29 <- 0x00008041303FFD81

mem[X,0x00000000800013D4] -> 0x9E93
mem[X,0x00000000800013D6] -> 0x00AE
[1274] [M]: 0x00000000800013D4 (0x00AE9E93) slli t4, t4, 0xa
x29 <- 0x020104C0FFF60400

mem[X,0x00000000800013D8] -> 0x8E93
mem[X,0x00000000800013DA] -> 0x3EFE
[1275] [M]: 0x00000000800013D8 (0x3EFE8E93) addi t4, t4, 0x3ef
x29 <- 0x020104C0FFF607EF

mem[X,0x00000000800013DC] -> 0x1FBB
mem[X,0x00000000800013DE] -> 0xB5DF
[1276] [M]: 0x00000000800013DC (0xB5DF1FBB) pdifsumu.b t6, t5, t4
x31 <- 0x020104C0FFF60D29

mem[X,0x00000000800013E0] -> 0xB023
mem[X,0x00000000800013E2] -> 0x13F0
[1277] [M]: 0x00000000800013E0 (0x13F0B023) sd t6, 0x120(ra)
mem[0x0000000080004310] <- 0x020104C0FFF60D29

mem[X,0x00000000800013E4] -> 0x0F37
mem[X,0x00000000800013E6] -> 0x3FFD
[1278] [M]: 0x00000000800013E4 (0x3FFD0F37) lui t5, 0x3ffd0
x30 <- 0x000000003FFD0000

mem[X,0x00000000800013E8] -> 0x0F13
mem[X,0x00000000800013EA] -> 0xF03F
[1279] [M]: 0x00000000800013E8 (0xF03F0F13) addi t5, t5, -0xfd
x30 <- 0x000000003FFCFF03

mem[X,0x00000000800013EC] -> 0x1F13
mem[X,0x00000000800013EE] -> 0x00BF
[1280] [M]: 0x00000000800013EC (0x00BF1F13) slli t5, t5, 0xb
x30 <- 0x000001FFE7F81800

mem[X,0x00000000800013F0] -> 0x0F13
mem[X,0x00000000800013F2] -> 0x7F8F
[1281] [M]: 0x00000000800013F0 (0x7F8F0F13) addi t5, t5, 0x7f8
x30 <- 0x000001FFE7F81FF8

mem[X,0x00000000800013F4] -> 0x1F13
mem[X,0x00000000800013F6] -> 0x00BF
[1282] [M]: 0x00000000800013F4 (0x00BF1F13) slli t5, t5, 0xb
x30 <- 0x000FFF3FC0FFC000

mem[X,0x00000000800013F8] -> 0x0F13
mem[X,0x00000000800013FA] -> 0x080F
[1283] [M]: 0x00000000800013F8 (0x080F0F13) addi t5, t5, 0x80
x30 <- 0x000FFF3FC0FFC080

mem[X,0x00000000800013FC] -> 0x1F13
mem[X,0x00000000800013FE] -> 0x00AF
[1284] [M]: 0x00000000800013FC (0x00AF1F13) slli t5, t5, 0xa
x30 <- 0x3FFCFF03FF020000

mem[X,0x0000000080001400] -> 0x0F13
mem[X,0x0000000080001402] -> 0x0F8F
[1285] [M]: 0x0000000080001400 (0x0F8F0F13) addi t5, t5, 0xf8
x30 <- 0x3FFCFF03FF0200F8

mem[X,0x0000000080001404] -> 0x0EB7
mem[X,0x0000000080001406] -> 0xFD10
[1286] [M]: 0x0000000080001404 (0xFD100EB7) lui t4, -0x2f00
x29 <- 0xFFFFFFFFFD100000

mem[X,0x0000000080001408] -> 0x8E93
mem[X,0x000000008000140A] -> 0x0F6E
[1287] [M]: 0x0000000080001408 (0x0F6E8E93) addi t4, t4, 0xf6
x29 <- 0xFFFFFFFFFD1000F6

mem[X,0x000000008000140C] -> 0x9E93
mem[X,0x000000008000140E] -> 0x00BE
[1288] [M]: 0x000000008000140C (0x00BE9E93) slli t4, t4, 0xb
x29 <- 0xFFFFFFE88007B000

mem[X,0x0000000080001410] -> 0x8E93
mem[X,0x0000000080001412] -> 0x012E
[1289] [M]: 0x0000000080001410 (0x012E8E93) addi t4, t4, 0x12
x29 <- 0xFFFFFFE88007B012

mem[X,0x0000000080001414] -> 0x9E93
mem[X,0x0000000080001416] -> 0x00BE
[1290] [M]: 0x0000000080001414 (0x00BE9E93) slli t4, t4, 0xb
x29 <- 0xFFFF44003D809000

mem[X,0x0000000080001418] -> 0x8E93
mem[X,0x000000008000141A] -> 0x540E
[1291] [M]: 0x0000000080001418 (0x540E8E93) addi t4, t4, 0x540
x29 <- 0xFFFF44003D809540

mem[X,0x000000008000141C] -> 0x9E93
mem[X,0x000000008000141E] -> 0x00AE
[1292] [M]: 0x000000008000141C (0x00AE9E93) slli t4, t4, 0xa
x29 <- 0xFD1000F602550000

mem[X,0x0000000080001420] -> 0x8E93
mem[X,0x0000000080001422] -> 0x0FBE
[1293] [M]: 0x0000000080001420 (0x0FBE8E93) addi t4, t4, 0xfb
x29 <- 0xFD1000F6025500FB

mem[X,0x0000000080001424] -> 0x1FBB
mem[X,0x0000000080001426] -> 0xB5DF
[1294] [M]: 0x0000000080001424 (0xB5DF1FBB) pdifsumu.b t6, t5, t4
x31 <- 0xFD1000F6025505EA

mem[X,0x0000000080001428] -> 0xB423
mem[X,0x000000008000142A] -> 0x13F0
[1295] [M]: 0x0000000080001428 (0x13F0B423) sd t6, 0x128(ra)
mem[0x0000000080004318] <- 0xFD1000F6025505EA

mem[X,0x000000008000142C] -> 0x0F37
mem[X,0x000000008000142E] -> 0x07F8
[1296] [M]: 0x000000008000142C (0x07F80F37) lui t5, 0x7f80
x30 <- 0x0000000007F80000

mem[X,0x0000000080001430] -> 0x0F13
mem[X,0x0000000080001432] -> 0x440F
[1297] [M]: 0x0000000080001430 (0x440F0F13) addi t5, t5, 0x440
x30 <- 0x0000000007F80440

mem[X,0x0000000080001434] -> 0x1F13
mem[X,0x0000000080001436] -> 0x00BF
[1298] [M]: 0x0000000080001434 (0x00BF1F13) slli t5, t5, 0xb
x30 <- 0x0000003FC0220000

mem[X,0x0000000080001438] -> 0x0F13
mem[X,0x000000008000143A] -> 0x603F
[1299] [M]: 0x0000000080001438 (0x603F0F13) addi t5, t5, 0x603
x30 <- 0x0000003FC0220603

clint::tick mtime <- 0x000000000000000D
 clint timer pending at mtime 0x000000000000000D
htif::tick 0x0000000000000000
mem[X,0x000000008000143C] -> 0x1F13
mem[X,0x000000008000143E] -> 0x00BF
[1300] [M]: 0x000000008000143C (0x00BF1F13) slli t5, t5, 0xb
x30 <- 0x0001FE0110301800

mem[X,0x0000000080001440] -> 0x0F13
mem[X,0x0000000080001442] -> 0x7FFF
[1301] [M]: 0x0000000080001440 (0x7FFF0F13) addi t5, t5, 0x7ff
x30 <- 0x0001FE0110301FFF

mem[X,0x0000000080001444] -> 0x1F13
mem[X,0x0000000080001446] -> 0x00AF
[1302] [M]: 0x0000000080001444 (0x00AF1F13) slli t5, t5, 0xa
x30 <- 0x07F80440C07FFC00

mem[X,0x0000000080001448] -> 0x0F13
mem[X,0x000000008000144A] -> 0x2FAF
[1303] [M]: 0x0000000080001448 (0x2FAF0F13) addi t5, t5, 0x2fa
x30 <- 0x07F80440C07FFEFA

mem[X,0x000000008000144C] -> 0x1EB7
mem[X,0x000000008000144E] -> 0xFAEF
[1304] [M]: 0x000000008000144C (0xFAEF1EB7) lui t4, -0x510f
x29 <- 0xFFFFFFFFFAEF1000

mem[X,0x0000000080001450] -> 0x8E93
mem[X,0x0000000080001452] -> 0x002E
[1305] [M]: 0x0000000080001450 (0x002E8E93) addi t4, t4, 0x2
x29 <- 0xFFFFFFFFFAEF1002

mem[X,0x0000000080001454] -> 0x9E93
mem[X,0x0000000080001456] -> 0x00BE
[1306] [M]: 0x0000000080001454 (0x00BE9E93) slli t4, t4, 0xb
x29 <- 0xFFFFFFD778801000

mem[X,0x0000000080001458] -> 0x8E93
mem[X,0x000000008000145A] -> 0x5FFE
[1307] [M]: 0x0000000080001458 (0x5FFE8E93) addi t4, t4, 0x5ff
x29 <- 0xFFFFFFD7788015FF

mem[X,0x000000008000145C] -> 0x9E93
mem[X,0x000000008000145E] -> 0x00BE
[1308] [M]: 0x000000008000145C (0x00BE9E93) slli t4, t4, 0xb
x29 <- 0xFFFEBBC400AFF800

mem[X,0x0000000080001460] -> 0x8E93
mem[X,0x0000000080001462] -> 0x6EAE
[1309] [M]: 0x0000000080001460 (0x6EAE8E93) addi t4, t4, 0x6ea
x29 <- 0xFFFEBBC400AFFEEA

mem[X,0x0000000080001464] -> 0x9E93
mem[X,0x0000000080001466] -> 0x00AE
[1310] [M]: 0x0000000080001464 (0x00AE9E93) slli t4, t4, 0xa
x29 <- 0xFAEF1002BFFBA800

mem[X,0x0000000080001468] -> 0x8E93
mem[X,0x000000008000146A] -> 0x2F8E
[1311] [M]: 0x0000000080001468 (0x2F8E8E93) addi t4, t4, 0x2f8
x29 <- 0xFAEF1002BFFBAAF8

mem[X,0x000000008000146C] -> 0x1FBB
mem[X,0x000000008000146E] -> 0xB5DF
[1312] [M]: 0x000000008000146C (0xB5DF1FBB) pdifsumu.b t6, t5, t4
x31 <- 0xFAEF1002BFFBAD11

mem[X,0x0000000080001470] -> 0xB823
mem[X,0x0000000080001472] -> 0x13F0
[1313] [M]: 0x0000000080001470 (0x13F0B823) sd t6, 0x130(ra)
mem[0x0000000080004320] <- 0xFAEF1002BFFBAD11

mem[X,0x0000000080001474] -> 0x0F37
mem[X,0x0000000080001476] -> 0x0956
[1314] [M]: 0x0000000080001474 (0x09560F37) lui t5, 0x9560
x30 <- 0x0000000009560000

mem[X,0x0000000080001478] -> 0x0F13
mem[X,0x000000008000147A] -> 0x820F
[1315] [M]: 0x0000000080001478 (0x820F0F13) addi t5, t5, -0x7e0
x30 <- 0x000000000955F820

mem[X,0x000000008000147C] -> 0x1F13
mem[X,0x000000008000147E] -> 0x00BF
[1316] [M]: 0x000000008000147C (0x00BF1F13) slli t5, t5, 0xb
x30 <- 0x0000004AAFC10000

mem[X,0x0000000080001480] -> 0x0F13
mem[X,0x0000000080001482] -> 0x000F
[1317] [M]: 0x0000000080001480 (0x000F0F13) addi t5, t5, 0x0
x30 <- 0x0000004AAFC10000

mem[X,0x0000000080001484] -> 0x1F13
mem[X,0x0000000080001486] -> 0x00BF
[1318] [M]: 0x0000000080001484 (0x00BF1F13) slli t5, t5, 0xb
x30 <- 0x0002557E08000000

mem[X,0x0000000080001488] -> 0x0F13
mem[X,0x000000008000148A] -> 0x201F
[1319] [M]: 0x0000000080001488 (0x201F0F13) addi t5, t5, 0x201
x30 <- 0x0002557E08000201

mem[X,0x000000008000148C] -> 0x1F13
mem[X,0x000000008000148E] -> 0x00AF
[1320] [M]: 0x000000008000148C (0x00AF1F13) slli t5, t5, 0xa
x30 <- 0x0955F82000080400

mem[X,0x0000000080001490] -> 0x0F13
mem[X,0x0000000080001492] -> 0x1F7F
[1321] [M]: 0x0000000080001490 (0x1F7F0F13) addi t5, t5, 0x1f7
x30 <- 0x0955F820000805F7

mem[X,0x0000000080001494] -> 0x0EB7
mem[X,0x0000000080001496] -> 0xFFC0
[1322] [M]: 0x0000000080001494 (0xFFC00EB7) lui t4, -0x400
x29 <- 0xFFFFFFFFFFC00000

mem[X,0x0000000080001498] -> 0x8E93
mem[X,0x000000008000149A] -> 0xDAAE
[1323] [M]: 0x0000000080001498 (0xDAAE8E93) addi t4, t4, -0x256
x29 <- 0xFFFFFFFFFFBFFDAA

mem[X,0x000000008000149C] -> 0x9E93
mem[X,0x000000008000149E] -> 0x00BE
[1324] [M]: 0x000000008000149C (0x00BE9E93) slli t4, t4, 0xb
x29 <- 0xFFFFFFFDFFED5000

mem[X,0x00000000800014A0] -> 0x8E93
mem[X,0x00000000800014A2] -> 0x1F8E
[1325] [M]: 0x00000000800014A0 (0x1F8E8E93) addi t4, t4, 0x1f8
x29 <- 0xFFFFFFFDFFED51F8

mem[X,0x00000000800014A4] -> 0x9E93
mem[X,0x00000000800014A6] -> 0x00BE
[1326] [M]: 0x00000000800014A4 (0x00BE9E93) slli t4, t4, 0xb
x29 <- 0xFFFFEFFF6A8FC000

mem[X,0x00000000800014A8] -> 0x8E93
mem[X,0x00000000800014AA] -> 0x102E
[1327] [M]: 0x00000000800014A8 (0x102E8E93) addi t4, t4, 0x102
x29 <- 0xFFFFEFFF6A8FC102

mem[X,0x00000000800014AC] -> 0x9E93
mem[X,0x00000000800014AE] -> 0x00AE
[1328] [M]: 0x00000000800014AC (0x00AE9E93) slli t4, t4, 0xa
x29 <- 0xFFBFFDAA3F040800

mem[X,0x00000000800014B0] -> 0x8E93
mem[X,0x00000000800014B2] -> 0x1FAE
[1329] [M]: 0x00000000800014B0 (0x1FAE8E93) addi t4, t4, 0x1fa
x29 <- 0xFFBFFDAA3F0409FA

mem[X,0x00000000800014B4] -> 0x1FBB
mem[X,0x00000000800014B6] -> 0xB5DF
[1330] [M]: 0x00000000800014B4 (0xB5DF1FBB) pdifsumu.b t6, t5, t4
x31 <- 0xFFBFFDAA3F040C33

mem[X,0x00000000800014B8] -> 0xBC23
mem[X,0x00000000800014BA] -> 0x13F0
[1331] [M]: 0x00000000800014B8 (0x13F0BC23) sd t6, 0x138(ra)
mem[0x0000000080004328] <- 0xFFBFFDAA3F040C33

mem[X,0x00000000800014BC] -> 0xFF37
mem[X,0x00000000800014BE] -> 0x03FD
[1332] [M]: 0x00000000800014BC (0x03FDFF37) lui t5, 0x3fdf
x30 <- 0x0000000003FDF000

mem[X,0x00000000800014C0] -> 0x0F13
mem[X,0x00000000800014C2] -> 0x700F
[1333] [M]: 0x00000000800014C0 (0x700F0F13) addi t5, t5, 0x700
x30 <- 0x0000000003FDF700

mem[X,0x00000000800014C4] -> 0x1F13
mem[X,0x00000000800014C6] -> 0x00BF
[1334] [M]: 0x00000000800014C4 (0x00BF1F13) slli t5, t5, 0xb
x30 <- 0x0000001FEFB80000

mem[X,0x00000000800014C8] -> 0x0F13
mem[X,0x00000000800014CA] -> 0x018F
[1335] [M]: 0x00000000800014C8 (0x018F0F13) addi t5, t5, 0x18
x30 <- 0x0000001FEFB80018

mem[X,0x00000000800014CC] -> 0x1F13
mem[X,0x00000000800014CE] -> 0x00BF
[1336] [M]: 0x00000000800014CC (0x00BF1F13) slli t5, t5, 0xb
x30 <- 0x0000FF7DC000C000

mem[X,0x00000000800014D0] -> 0x0F13
mem[X,0x00000000800014D2] -> 0x242F
[1337] [M]: 0x00000000800014D0 (0x242F0F13) addi t5, t5, 0x242
x30 <- 0x0000FF7DC000C242

mem[X,0x00000000800014D4] -> 0x1F13
mem[X,0x00000000800014D6] -> 0x00AF
[1338] [M]: 0x00000000800014D4 (0x00AF1F13) slli t5, t5, 0xa
x30 <- 0x03FDF70003090800

mem[X,0x00000000800014D8] -> 0x0F13
mem[X,0x00000000800014DA] -> 0x0FEF
[1339] [M]: 0x00000000800014D8 (0x0FEF0F13) addi t5, t5, 0xfe
x30 <- 0x03FDF700030908FE

mem[X,0x00000000800014DC] -> 0x0EB7
mem[X,0x00000000800014DE] -> 0xFF05
[1340] [M]: 0x00000000800014DC (0xFF050EB7) lui t4, -0xfb0
x29 <- 0xFFFFFFFFFF050000

mem[X,0x00000000800014E0] -> 0x8E93
mem[X,0x00000000800014E2] -> 0xBFAE
[1341] [M]: 0x00000000800014E0 (0xBFAE8E93) addi t4, t4, -0x406
x29 <- 0xFFFFFFFFFF04FBFA

mem[X,0x00000000800014E4] -> 0x9E93
mem[X,0x00000000800014E6] -> 0x00BE
[1342] [M]: 0x00000000800014E4 (0x00BE9E93) slli t4, t4, 0xb
x29 <- 0xFFFFFFF827DFD000

mem[X,0x00000000800014E8] -> 0x8E93
mem[X,0x00000000800014EA] -> 0x00BE
[1343] [M]: 0x00000000800014E8 (0x00BE8E93) addi t4, t4, 0xb
x29 <- 0xFFFFFFF827DFD00B

mem[X,0x00000000800014EC] -> 0x9E93
mem[X,0x00000000800014EE] -> 0x00BE
[1344] [M]: 0x00000000800014EC (0x00BE9E93) slli t4, t4, 0xb
x29 <- 0xFFFFC13EFE805800

mem[X,0x00000000800014F0] -> 0x8E93
mem[X,0x00000000800014F2] -> 0x7D0E
[1345] [M]: 0x00000000800014F0 (0x7D0E8E93) addi t4, t4, 0x7d0
x29 <- 0xFFFFC13EFE805FD0

mem[X,0x00000000800014F4] -> 0x9E93
mem[X,0x00000000800014F6] -> 0x00AE
[1346] [M]: 0x00000000800014F4 (0x00AE9E93) slli t4, t4, 0xa
x29 <- 0xFF04FBFA017F4000

mem[X,0x00000000800014F8] -> 0x8E93
mem[X,0x00000000800014FA] -> 0x055E
[1347] [M]: 0x00000000800014F8 (0x055E8E93) addi t4, t4, 0x55
x29 <- 0xFF04FBFA017F4055

mem[X,0x00000000800014FC] -> 0x1FBB
mem[X,0x00000000800014FE] -> 0xB5DF
[1348] [M]: 0x00000000800014FC (0xB5DF1FBB) pdifsumu.b t6, t5, t4
x31 <- 0xFF04FBFA017F44A1

mem[X,0x0000000080001500] -> 0xB023
mem[X,0x0000000080001502] -> 0x15F0
[1349] [M]: 0x0000000080001500 (0x15F0B023) sd t6, 0x140(ra)
mem[0x0000000080004330] <- 0xFF04FBFA017F44A1

mem[X,0x0000000080001504] -> 0xFF37
mem[X,0x0000000080001506] -> 0x0605
[1350] [M]: 0x0000000080001504 (0x0605FF37) lui t5, 0x605f
x30 <- 0x000000000605F000

mem[X,0x0000000080001508] -> 0x0F13
mem[X,0x000000008000150A] -> 0x6F7F
[1351] [M]: 0x0000000080001508 (0x6F7F0F13) addi t5, t5, 0x6f7
x30 <- 0x000000000605F6F7

mem[X,0x000000008000150C] -> 0x1F13
mem[X,0x000000008000150E] -> 0x00BF
[1352] [M]: 0x000000008000150C (0x00BF1F13) slli t5, t5, 0xb
x30 <- 0x000000302FB7B800

mem[X,0x0000000080001510] -> 0x0F13
mem[X,0x0000000080001512] -> 0x018F
[1353] [M]: 0x0000000080001510 (0x018F0F13) addi t5, t5, 0x18
x30 <- 0x000000302FB7B818

mem[X,0x0000000080001514] -> 0x1F13
mem[X,0x0000000080001516] -> 0x00BF
[1354] [M]: 0x0000000080001514 (0x00BF1F13) slli t5, t5, 0xb
x30 <- 0x0001817DBDC0C000

mem[X,0x0000000080001518] -> 0x0F13
mem[X,0x000000008000151A] -> 0x43FF
[1355] [M]: 0x0000000080001518 (0x43FF0F13) addi t5, t5, 0x43f
x30 <- 0x0001817DBDC0C43F

mem[X,0x000000008000151C] -> 0x1F13
mem[X,0x000000008000151E] -> 0x00AF
[1356] [M]: 0x000000008000151C (0x00AF1F13) slli t5, t5, 0xa
x30 <- 0x0605F6F70310FC00

mem[X,0x0000000080001520] -> 0x0F13
mem[X,0x0000000080001522] -> 0x0FDF
[1357] [M]: 0x0000000080001520 (0x0FDF0F13) addi t5, t5, 0xfd
x30 <- 0x0605F6F70310FCFD

mem[X,0x0000000080001524] -> 0x8EB7
mem[X,0x0000000080001526] -> 0x10AA
[1358] [M]: 0x0000000080001524 (0x10AA8EB7) lui t4, 0x10aa8
x29 <- 0x0000000010AA8000

mem[X,0x0000000080001528] -> 0x8E93
mem[X,0x000000008000152A] -> 0x001E
[1359] [M]: 0x0000000080001528 (0x001E8E93) addi t4, t4, 0x1
x29 <- 0x0000000010AA8001

mem[X,0x000000008000152C] -> 0x9E93
mem[X,0x000000008000152E] -> 0x00BE
[1360] [M]: 0x000000008000152C (0x00BE9E93) slli t4, t4, 0xb
x29 <- 0x0000008554000800

mem[X,0x0000000080001530] -> 0x8E93
mem[X,0x0000000080001532] -> 0x7C8E
[1361] [M]: 0x0000000080001530 (0x7C8E8E93) addi t4, t4, 0x7c8
x29 <- 0x0000008554000FC8

mem[X,0x0000000080001534] -> 0x9E93
mem[X,0x0000000080001536] -> 0x00BE
[1362] [M]: 0x0000000080001534 (0x00BE9E93) slli t4, t4, 0xb
x29 <- 0x00042AA0007E4000

mem[X,0x0000000080001538] -> 0x8E93
mem[X,0x000000008000153A] -> 0x0FEE
[1363] [M]: 0x0000000080001538 (0x0FEE8E93) addi t4, t4, 0xfe
x29 <- 0x00042AA0007E40FE

mem[X,0x000000008000153C] -> 0x9E93
mem[X,0x000000008000153E] -> 0x00AE
[1364] [M]: 0x000000008000153C (0x00AE9E93) slli t4, t4, 0xa
x29 <- 0x10AA8001F903F800

mem[X,0x0000000080001540] -> 0x8E93
mem[X,0x0000000080001542] -> 0x0FBE
[1365] [M]: 0x0000000080001540 (0x0FBE8E93) addi t4, t4, 0xfb
x29 <- 0x10AA8001F903F8FB

mem[X,0x0000000080001544] -> 0x1FBB
mem[X,0x0000000080001546] -> 0xB5DF
[1366] [M]: 0x0000000080001544 (0xB5DF1FBB) pdifsumu.b t6, t5, t4
x31 <- 0x10AA8001F903FC1F

mem[X,0x0000000080001548] -> 0xB423
mem[X,0x000000008000154A] -> 0x15F0
[1367] [M]: 0x0000000080001548 (0x15F0B423) sd t6, 0x148(ra)
mem[0x0000000080004338] <- 0x10AA8001F903FC1F

mem[X,0x000000008000154C] -> 0x0F37
mem[X,0x000000008000154E] -> 0xFEFB
[1368] [M]: 0x000000008000154C (0xFEFB0F37) lui t5, -0x1050
x30 <- 0xFFFFFFFFFEFB0000

mem[X,0x0000000080001550] -> 0x0F13
mem[X,0x0000000080001552] -> 0xE06F
[1369] [M]: 0x0000000080001550 (0xE06F0F13) addi t5, t5, -0x1fa
x30 <- 0xFFFFFFFFFEFAFE06

mem[X,0x0000000080001554] -> 0x1F13
mem[X,0x0000000080001556] -> 0x00BF
[1370] [M]: 0x0000000080001554 (0x00BF1F13) slli t5, t5, 0xb
x30 <- 0xFFFFFFF7D7F03000

mem[X,0x0000000080001558] -> 0x0F13
mem[X,0x000000008000155A] -> 0x008F
[1371] [M]: 0x0000000080001558 (0x008F0F13) addi t5, t5, 0x8
x30 <- 0xFFFFFFF7D7F03008

mem[X,0x000000008000155C] -> 0x1F13
mem[X,0x000000008000155E] -> 0x00BF
[1372] [M]: 0x000000008000155C (0x00BF1F13) slli t5, t5, 0xb
x30 <- 0xFFFFBEBF81804000

mem[X,0x0000000080001560] -> 0x0F13
mem[X,0x0000000080001562] -> 0x43FF
[1373] [M]: 0x0000000080001560 (0x43FF0F13) addi t5, t5, 0x43f
x30 <- 0xFFFFBEBF8180443F

mem[X,0x0000000080001564] -> 0x1F13
mem[X,0x0000000080001566] -> 0x00AF
[1374] [M]: 0x0000000080001564 (0x00AF1F13) slli t5, t5, 0xa
x30 <- 0xFEFAFE060110FC00

mem[X,0x0000000080001568] -> 0x0F13
mem[X,0x000000008000156A] -> 0x0EFF
[1375] [M]: 0x0000000080001568 (0x0EFF0F13) addi t5, t5, 0xef
x30 <- 0xFEFAFE060110FCEF

mem[X,0x000000008000156C] -> 0x5EB7
mem[X,0x000000008000156E] -> 0x803F
[1376] [M]: 0x000000008000156C (0x803F5EB7) lui t4, -0x7fc0b
x29 <- 0xFFFFFFFF803F5000

mem[X,0x0000000080001570] -> 0x8E93
mem[X,0x0000000080001572] -> 0x540E
[1377] [M]: 0x0000000080001570 (0x540E8E93) addi t4, t4, 0x540
x29 <- 0xFFFFFFFF803F5540

mem[X,0x0000000080001574] -> 0x9E93
mem[X,0x0000000080001576] -> 0x00BE
[1378] [M]: 0x0000000080001574 (0x00BE9E93) slli t4, t4, 0xb
x29 <- 0xFFFFFC01FAAA0000

mem[X,0x0000000080001578] -> 0x8E93
mem[X,0x000000008000157A] -> 0x02FE
[1379] [M]: 0x0000000080001578 (0x02FE8E93) addi t4, t4, 0x2f
x29 <- 0xFFFFFC01FAAA002F

mem[X,0x000000008000157C] -> 0x9E93
mem[X,0x000000008000157E] -> 0x00BE
[1380] [M]: 0x000000008000157C (0x00BE9E93) slli t4, t4, 0xb
x29 <- 0xFFE00FD550017800

mem[X,0x0000000080001580] -> 0x8E93
mem[X,0x0000000080001582] -> 0x63FE
[1381] [M]: 0x0000000080001580 (0x63FE8E93) addi t4, t4, 0x63f
x29 <- 0xFFE00FD550017E3F

mem[X,0x0000000080001584] -> 0x9E93
mem[X,0x0000000080001586] -> 0x00AE
[1382] [M]: 0x0000000080001584 (0x00AE9E93) slli t4, t4, 0xa
x29 <- 0x803F554005F8FC00

mem[X,0x0000000080001588] -> 0x8E93
mem[X,0x000000008000158A] -> 0x3FAE
[1383] [M]: 0x0000000080001588 (0x3FAE8E93) addi t4, t4, 0x3fa
x29 <- 0x803F554005F8FFFA

mem[X,0x000000008000158C] -> 0x1FBB
mem[X,0x000000008000158E] -> 0xB5DF
[1384] [M]: 0x000000008000158C (0xB5DF1FBB) pdifsumu.b t6, t5, t4
x31 <- 0x803F554005F90310

mem[X,0x0000000080001590] -> 0xB823
mem[X,0x0000000080001592] -> 0x15F0
[1385] [M]: 0x0000000080001590 (0x15F0B823) sd t6, 0x150(ra)
mem[0x0000000080004340] <- 0x803F554005F90310

mem[X,0x0000000080001594] -> 0x5F37
mem[X,0x0000000080001596] -> 0x04FA
[1386] [M]: 0x0000000080001594 (0x04FA5F37) lui t5, 0x4fa5
x30 <- 0x0000000004FA5000

mem[X,0x0000000080001598] -> 0x0F13
mem[X,0x000000008000159A] -> 0x5AAF
[1387] [M]: 0x0000000080001598 (0x5AAF0F13) addi t5, t5, 0x5aa
x30 <- 0x0000000004FA55AA

mem[X,0x000000008000159C] -> 0x1F13
mem[X,0x000000008000159E] -> 0x00BF
[1388] [M]: 0x000000008000159C (0x00BF1F13) slli t5, t5, 0xb
x30 <- 0x00000027D2AD5000

mem[X,0x00000000800015A0] -> 0x0F13
mem[X,0x00000000800015A2] -> 0x03FF
[1389] [M]: 0x00000000800015A0 (0x03FF0F13) addi t5, t5, 0x3f
x30 <- 0x00000027D2AD503F

mem[X,0x00000000800015A4] -> 0x1F13
mem[X,0x00000000800015A6] -> 0x00BF
[1390] [M]: 0x00000000800015A4 (0x00BF1F13) slli t5, t5, 0xb
x30 <- 0x00013E956A81F800

mem[X,0x00000000800015A8] -> 0x0F13
mem[X,0x00000000800015AA] -> 0x7BFF
[1391] [M]: 0x00000000800015A8 (0x7BFF0F13) addi t5, t5, 0x7bf
x30 <- 0x00013E956A81FFBF

mem[X,0x00000000800015AC] -> 0x1F13
mem[X,0x00000000800015AE] -> 0x00AF
[1392] [M]: 0x00000000800015AC (0x00AF1F13) slli t5, t5, 0xa
x30 <- 0x04FA55AA07FEFC00

mem[X,0x00000000800015B0] -> 0x0F13
mem[X,0x00000000800015B2] -> 0x310F
[1393] [M]: 0x00000000800015B0 (0x310F0F13) addi t5, t5, 0x310
x30 <- 0x04FA55AA07FEFF10

mem[X,0x00000000800015B4] -> 0x1EB7
mem[X,0x00000000800015B6] -> 0x1020
[1394] [M]: 0x00000000800015B4 (0x10201EB7) lui t4, 0x10201
x29 <- 0x0000000010201000

mem[X,0x00000000800015B8] -> 0x8E93
mem[X,0x00000000800015BA] -> 0x806E
[1395] [M]: 0x00000000800015B8 (0x806E8E93) addi t4, t4, -0x7fa
x29 <- 0x0000000010200806

mem[X,0x00000000800015BC] -> 0x9E93
mem[X,0x00000000800015BE] -> 0x00BE
[1396] [M]: 0x00000000800015BC (0x00BE9E93) slli t4, t4, 0xb
x29 <- 0x0000008100403000

mem[X,0x00000000800015C0] -> 0x8E93
mem[X,0x00000000800015C2] -> 0x040E
[1397] [M]: 0x00000000800015C0 (0x040E8E93) addi t4, t4, 0x40
x29 <- 0x0000008100403040

mem[X,0x00000000800015C4] -> 0x9E93
mem[X,0x00000000800015C6] -> 0x00BE
[1398] [M]: 0x00000000800015C4 (0x00BE9E93) slli t4, t4, 0xb
x29 <- 0x0004080201820000

mem[X,0x00000000800015C8] -> 0x8E93
mem[X,0x00000000800015CA] -> 0x1FDE
[1399] [M]: 0x00000000800015C8 (0x1FDE8E93) addi t4, t4, 0x1fd
x29 <- 0x00040802018201FD

clint::tick mtime <- 0x000000000000000E
 clint timer pending at mtime 0x000000000000000E
htif::tick 0x0000000000000000
mem[X,0x00000000800015CC] -> 0x9E93
mem[X,0x00000000800015CE] -> 0x00AE
[1400] [M]: 0x00000000800015CC (0x00AE9E93) slli t4, t4, 0xa
x29 <- 0x102008060807F400

mem[X,0x00000000800015D0] -> 0x8E93
mem[X,0x00000000800015D2] -> 0x3FFE
[1401] [M]: 0x00000000800015D0 (0x3FFE8E93) addi t4, t4, 0x3ff
x29 <- 0x102008060807F7FF

mem[X,0x00000000800015D4] -> 0x1FBB
mem[X,0x00000000800015D6] -> 0xB5DF
[1402] [M]: 0x00000000800015D4 (0xB5DF1FBB) pdifsumu.b t6, t5, t4
x31 <- 0x102008060807FBC5

mem[X,0x00000000800015D8] -> 0xBC23
mem[X,0x00000000800015DA] -> 0x15F0
[1403] [M]: 0x00000000800015D8 (0x15F0BC23) sd t6, 0x158(ra)
mem[0x0000000080004348] <- 0x102008060807FBC5

mem[X,0x00000000800015DC] -> 0x0F37
mem[X,0x00000000800015DE] -> 0xEFFC
[1404] [M]: 0x00000000800015DC (0xEFFC0F37) lui t5, -0x10040
x30 <- 0xFFFFFFFFEFFC0000

mem[X,0x00000000800015E0] -> 0x0F13
mem[X,0x00000000800015E2] -> 0xEF9F
[1405] [M]: 0x00000000800015E0 (0xEF9F0F13) addi t5, t5, -0x107
x30 <- 0xFFFFFFFFEFFBFEF9

mem[X,0x00000000800015E4] -> 0x1F13
mem[X,0x00000000800015E6] -> 0x00BF
[1406] [M]: 0x00000000800015E4 (0x00BF1F13) slli t5, t5, 0xb
x30 <- 0xFFFFFF7FDFF7C800

mem[X,0x00000000800015E8] -> 0x0F13
mem[X,0x00000000800015EA] -> 0x02FF
[1407] [M]: 0x00000000800015E8 (0x02FF0F13) addi t5, t5, 0x2f
x30 <- 0xFFFFFF7FDFF7C82F

mem[X,0x00000000800015EC] -> 0x1F13
mem[X,0x00000000800015EE] -> 0x00BF
[1408] [M]: 0x00000000800015EC (0x00BF1F13) slli t5, t5, 0xb
x30 <- 0xFFFBFEFFBE417800

mem[X,0x00000000800015F0] -> 0x0F13
mem[X,0x00000000800015F2] -> 0x7C1F
[1409] [M]: 0x00000000800015F0 (0x7C1F0F13) addi t5, t5, 0x7c1
x30 <- 0xFFFBFEFFBE417FC1

mem[X,0x00000000800015F4] -> 0x1F13
mem[X,0x00000000800015F6] -> 0x00AF
[1410] [M]: 0x00000000800015F4 (0x00AF1F13) slli t5, t5, 0xa
x30 <- 0xEFFBFEF905FF0400

mem[X,0x00000000800015F8] -> 0x0F13
mem[X,0x00000000800015FA] -> 0x3F7F
[1411] [M]: 0x00000000800015F8 (0x3F7F0F13) addi t5, t5, 0x3f7
x30 <- 0xEFFBFEF905FF07F7

mem[X,0x00000000800015FC] -> 0xCEB7
mem[X,0x00000000800015FE] -> 0xF980
[1412] [M]: 0x00000000800015FC (0xF980CEB7) lui t4, -0x67f4
x29 <- 0xFFFFFFFFF980C000

mem[X,0x0000000080001600] -> 0x8E93
mem[X,0x0000000080001602] -> 0xF80E
[1413] [M]: 0x0000000080001600 (0xF80E8E93) addi t4, t4, -0x80
x29 <- 0xFFFFFFFFF980BF80

mem[X,0x0000000080001604] -> 0x9E93
mem[X,0x0000000080001606] -> 0x00BE
[1414] [M]: 0x0000000080001604 (0x00BE9E93) slli t4, t4, 0xb
x29 <- 0xFFFFFFCC05FC0000

mem[X,0x0000000080001608] -> 0x8E93
mem[X,0x000000008000160A] -> 0x100E
[1415] [M]: 0x0000000080001608 (0x100E8E93) addi t4, t4, 0x100
x29 <- 0xFFFFFFCC05FC0100

mem[X,0x000000008000160C] -> 0x9E93
mem[X,0x000000008000160E] -> 0x00BE
[1416] [M]: 0x000000008000160C (0x00BE9E93) slli t4, t4, 0xb
x29 <- 0xFFFE602FE0080000

mem[X,0x0000000080001610] -> 0x8E93
mem[X,0x0000000080001612] -> 0x25FE
[1417] [M]: 0x0000000080001610 (0x25FE8E93) addi t4, t4, 0x25f
x29 <- 0xFFFE602FE008025F

mem[X,0x0000000080001614] -> 0x9E93
mem[X,0x0000000080001616] -> 0x00AE
[1418] [M]: 0x0000000080001614 (0x00AE9E93) slli t4, t4, 0xa
x29 <- 0xF980BF8020097C00

mem[X,0x0000000080001618] -> 0x8E93
mem[X,0x000000008000161A] -> 0x3BFE
[1419] [M]: 0x0000000080001618 (0x3BFE8E93) addi t4, t4, 0x3bf
x29 <- 0xF980BF8020097FBF

mem[X,0x000000008000161C] -> 0x1FBB
mem[X,0x000000008000161E] -> 0xB5DF
[1420] [M]: 0x000000008000161C (0xB5DF1FBB) pdifsumu.b t6, t5, t4
x31 <- 0xF980BF80200982BD

mem[X,0x0000000080001620] -> 0xB023
mem[X,0x0000000080001622] -> 0x17F0
[1421] [M]: 0x0000000080001620 (0x17F0B023) sd t6, 0x160(ra)
mem[0x0000000080004350] <- 0xF980BF80200982BD

mem[X,0x0000000080001624] -> 0x0F37
mem[X,0x0000000080001626] -> 0x5505
[1422] [M]: 0x0000000080001624 (0x55050F37) lui t5, 0x55050
x30 <- 0x0000000055050000

mem[X,0x0000000080001628] -> 0x0F13
mem[X,0x000000008000162A] -> 0x3C0F
[1423] [M]: 0x0000000080001628 (0x3C0F0F13) addi t5, t5, 0x3c0
x30 <- 0x00000000550503C0

mem[X,0x000000008000162C] -> 0x1F13
mem[X,0x000000008000162E] -> 0x00BF
[1424] [M]: 0x000000008000162C (0x00BF1F13) slli t5, t5, 0xb
x30 <- 0x000002A8281E0000

mem[X,0x0000000080001630] -> 0x0F13
mem[X,0x0000000080001632] -> 0x5F8F
[1425] [M]: 0x0000000080001630 (0x5F8F0F13) addi t5, t5, 0x5f8
x30 <- 0x000002A8281E05F8

mem[X,0x0000000080001634] -> 0x1F13
mem[X,0x0000000080001636] -> 0x00BF
[1426] [M]: 0x0000000080001634 (0x00BF1F13) slli t5, t5, 0xb
x30 <- 0x00154140F02FC000

mem[X,0x0000000080001638] -> 0x0F13
mem[X,0x000000008000163A] -> 0x000F
[1427] [M]: 0x0000000080001638 (0x000F0F13) addi t5, t5, 0x0
x30 <- 0x00154140F02FC000

mem[X,0x000000008000163C] -> 0x1F13
mem[X,0x000000008000163E] -> 0x00AF
[1428] [M]: 0x000000008000163C (0x00AF1F13) slli t5, t5, 0xa
x30 <- 0x550503C0BF000000

mem[X,0x0000000080001640] -> 0x0F13
mem[X,0x0000000080001642] -> 0x202F
[1429] [M]: 0x0000000080001640 (0x202F0F13) addi t5, t5, 0x202
x30 <- 0x550503C0BF000202

mem[X,0x0000000080001644] -> 0x8EB7
mem[X,0x0000000080001646] -> 0xFE05
[1430] [M]: 0x0000000080001644 (0xFE058EB7) lui t4, -0x1fa8
x29 <- 0xFFFFFFFFFE058000

mem[X,0x0000000080001648] -> 0x8E93
mem[X,0x000000008000164A] -> 0xFFBE
[1431] [M]: 0x0000000080001648 (0xFFBE8E93) addi t4, t4, -0x5
x29 <- 0xFFFFFFFFFE057FFB

mem[X,0x000000008000164C] -> 0x9E93
mem[X,0x000000008000164E] -> 0x00BE
[1432] [M]: 0x000000008000164C (0x00BE9E93) slli t4, t4, 0xb
x29 <- 0xFFFFFFF02BFFD800

mem[X,0x0000000080001650] -> 0x8E93
mem[X,0x0000000080001652] -> 0x02FE
[1433] [M]: 0x0000000080001650 (0x02FE8E93) addi t4, t4, 0x2f
x29 <- 0xFFFFFFF02BFFD82F

mem[X,0x0000000080001654] -> 0x9E93
mem[X,0x0000000080001656] -> 0x00BE
[1434] [M]: 0x0000000080001654 (0x00BE9E93) slli t4, t4, 0xb
x29 <- 0xFFFF815FFEC17800

mem[X,0x0000000080001658] -> 0x8E93
mem[X,0x000000008000165A] -> 0x5C1E
[1435] [M]: 0x0000000080001658 (0x5C1E8E93) addi t4, t4, 0x5c1
x29 <- 0xFFFF815FFEC17DC1

mem[X,0x000000008000165C] -> 0x9E93
mem[X,0x000000008000165E] -> 0x00AE
[1436] [M]: 0x000000008000165C (0x00AE9E93) slli t4, t4, 0xa
x29 <- 0xFE057FFB05F70400

mem[X,0x0000000080001660] -> 0x8E93
mem[X,0x0000000080001662] -> 0x101E
[1437] [M]: 0x0000000080001660 (0x101E8E93) addi t4, t4, 0x101
x29 <- 0xFE057FFB05F70501

mem[X,0x0000000080001664] -> 0x1FBB
mem[X,0x0000000080001666] -> 0xB5DF
[1438] [M]: 0x0000000080001664 (0xB5DF1FBB) pdifsumu.b t6, t5, t4
x31 <- 0xFE057FFB05F70816

mem[X,0x0000000080001668] -> 0xB423
mem[X,0x000000008000166A] -> 0x17F0
[1439] [M]: 0x0000000080001668 (0x17F0B423) sd t6, 0x168(ra)
mem[0x0000000080004358] <- 0xFE057FFB05F70816

mem[X,0x000000008000166C] -> 0x5F37
mem[X,0x000000008000166E] -> 0x3FAA
[1440] [M]: 0x000000008000166C (0x3FAA5F37) lui t5, 0x3faa5
x30 <- 0x000000003FAA5000

mem[X,0x0000000080001670] -> 0x0F13
mem[X,0x0000000080001672] -> 0x580F
[1441] [M]: 0x0000000080001670 (0x580F0F13) addi t5, t5, 0x580
x30 <- 0x000000003FAA5580

mem[X,0x0000000080001674] -> 0x1F13
mem[X,0x0000000080001676] -> 0x00BF
[1442] [M]: 0x0000000080001674 (0x00BF1F13) slli t5, t5, 0xb
x30 <- 0x000001FD52AC0000

mem[X,0x0000000080001678] -> 0x0F13
mem[X,0x000000008000167A] -> 0x7C7F
[1443] [M]: 0x0000000080001678 (0x7C7F0F13) addi t5, t5, 0x7c7
x30 <- 0x000001FD52AC07C7

mem[X,0x000000008000167C] -> 0x1F13
mem[X,0x000000008000167E] -> 0x00BF
[1444] [M]: 0x000000008000167C (0x00BF1F13) slli t5, t5, 0xb
x30 <- 0x000FEA95603E3800

mem[X,0x0000000080001680] -> 0x0F13
mem[X,0x0000000080001682] -> 0x63EF
[1445] [M]: 0x0000000080001680 (0x63EF0F13) addi t5, t5, 0x63e
x30 <- 0x000FEA95603E3E3E

mem[X,0x0000000080001684] -> 0x1F13
mem[X,0x0000000080001686] -> 0x00AF
[1446] [M]: 0x0000000080001684 (0x00AF1F13) slli t5, t5, 0xa
x30 <- 0x3FAA5580F8F8F800

mem[X,0x0000000080001688] -> 0x0F13
mem[X,0x000000008000168A] -> 0x303F
[1447] [M]: 0x0000000080001688 (0x303F0F13) addi t5, t5, 0x303
x30 <- 0x3FAA5580F8F8FB03

mem[X,0x000000008000168C] -> 0x0EB7
mem[X,0x000000008000168E] -> 0xBFC1
[1448] [M]: 0x000000008000168C (0xBFC10EB7) lui t4, -0x403f0
x29 <- 0xFFFFFFFFBFC10000

mem[X,0x0000000080001690] -> 0x8E93
mem[X,0x0000000080001692] -> 0xD08E
[1449] [M]: 0x0000000080001690 (0xD08E8E93) addi t4, t4, -0x2f8
x29 <- 0xFFFFFFFFBFC0FD08

mem[X,0x0000000080001694] -> 0x9E93
mem[X,0x0000000080001696] -> 0x00BE
[1450] [M]: 0x0000000080001694 (0x00BE9E93) slli t4, t4, 0xb
x29 <- 0xFFFFFDFE07E84000

mem[X,0x0000000080001698] -> 0x8E93
mem[X,0x000000008000169A] -> 0x5FDE
[1451] [M]: 0x0000000080001698 (0x5FDE8E93) addi t4, t4, 0x5fd
x29 <- 0xFFFFFDFE07E845FD

mem[X,0x000000008000169C] -> 0x9E93
mem[X,0x000000008000169E] -> 0x00BE
[1452] [M]: 0x000000008000169C (0x00BE9E93) slli t4, t4, 0xb
x29 <- 0xFFEFF03F422FE800

mem[X,0x00000000800016A0] -> 0x8E93
mem[X,0x00000000800016A2] -> 0x7C2E
[1453] [M]: 0x00000000800016A0 (0x7C2E8E93) addi t4, t4, 0x7c2
x29 <- 0xFFEFF03F422FEFC2

mem[X,0x00000000800016A4] -> 0x9E93
mem[X,0x00000000800016A6] -> 0x00AE
[1454] [M]: 0x00000000800016A4 (0x00AE9E93) slli t4, t4, 0xa
x29 <- 0xBFC0FD08BFBF0800

mem[X,0x00000000800016A8] -> 0x1FBB
mem[X,0x00000000800016AA] -> 0xB5DF
[1455] [M]: 0x00000000800016A8 (0xB5DF1FBB) pdifsumu.b t6, t5, t4
x31 <- 0xBFC0FD08BFBF0B1E

mem[X,0x00000000800016AC] -> 0xB823
mem[X,0x00000000800016AE] -> 0x17F0
[1456] [M]: 0x00000000800016AC (0x17F0B823) sd t6, 0x170(ra)
mem[0x0000000080004360] <- 0xBFC0FD08BFBF0B1E

mem[X,0x00000000800016B0] -> 0x1F37
mem[X,0x00000000800016B2] -> 0x2055
[1457] [M]: 0x00000000800016B0 (0x20551F37) lui t5, 0x20551
x30 <- 0x0000000020551000

mem[X,0x00000000800016B4] -> 0x0F13
mem[X,0x00000000800016B6] -> 0x807F
[1458] [M]: 0x00000000800016B4 (0x807F0F13) addi t5, t5, -0x7f9
x30 <- 0x0000000020550807

mem[X,0x00000000800016B8] -> 0x1F13
mem[X,0x00000000800016BA] -> 0x00BF
[1459] [M]: 0x00000000800016B8 (0x00BF1F13) slli t5, t5, 0xb
x30 <- 0x00000102A8403800

mem[X,0x00000000800016BC] -> 0x0F13
mem[X,0x00000000800016BE] -> 0x403F
[1460] [M]: 0x00000000800016BC (0x403F0F13) addi t5, t5, 0x403
x30 <- 0x00000102A8403C03

mem[X,0x00000000800016C0] -> 0x1F13
mem[X,0x00000000800016C2] -> 0x00BF
[1461] [M]: 0x00000000800016C0 (0x00BF1F13) slli t5, t5, 0xb
x30 <- 0x0008154201E01800

mem[X,0x00000000800016C4] -> 0x0F13
mem[X,0x00000000800016C6] -> 0x7C1F
[1462] [M]: 0x00000000800016C4 (0x7C1F0F13) addi t5, t5, 0x7c1
x30 <- 0x0008154201E01FC1

mem[X,0x00000000800016C8] -> 0x1F13
mem[X,0x00000000800016CA] -> 0x00AF
[1463] [M]: 0x00000000800016C8 (0x00AF1F13) slli t5, t5, 0xa
x30 <- 0x20550807807F0400

mem[X,0x00000000800016CC] -> 0x0F13
mem[X,0x00000000800016CE] -> 0x008F
[1464] [M]: 0x00000000800016CC (0x008F0F13) addi t5, t5, 0x8
x30 <- 0x20550807807F0408

mem[X,0x00000000800016D0] -> 0xEEB7
mem[X,0x00000000800016D2] -> 0xF7AA
[1465] [M]: 0x00000000800016D0 (0xF7AAEEB7) lui t4, -0x8552
x29 <- 0xFFFFFFFFF7AAE000

mem[X,0x00000000800016D4] -> 0x8E93
mem[X,0x00000000800016D6] -> 0xFDFE
[1466] [M]: 0x00000000800016D4 (0xFDFE8E93) addi t4, t4, -0x21
x29 <- 0xFFFFFFFFF7AADFDF

mem[X,0x00000000800016D8] -> 0x9E93
mem[X,0x00000000800016DA] -> 0x00BE
[1467] [M]: 0x00000000800016D8 (0x00BE9E93) slli t4, t4, 0xb
x29 <- 0xFFFFFFBD56FEF800

mem[X,0x00000000800016DC] -> 0x8E93
mem[X,0x00000000800016DE] -> 0x00FE
[1468] [M]: 0x00000000800016DC (0x00FE8E93) addi t4, t4, 0xf
x29 <- 0xFFFFFFBD56FEF80F

mem[X,0x00000000800016E0] -> 0x9E93
mem[X,0x00000000800016E2] -> 0x00BE
[1469] [M]: 0x00000000800016E0 (0x00BE9E93) slli t4, t4, 0xb
x29 <- 0xFFFDEAB7F7C07800

mem[X,0x00000000800016E4] -> 0x8E93
mem[X,0x00000000800016E6] -> 0x3C8E
[1470] [M]: 0x00000000800016E4 (0x3C8E8E93) addi t4, t4, 0x3c8
x29 <- 0xFFFDEAB7F7C07BC8

mem[X,0x00000000800016E8] -> 0x9E93
mem[X,0x00000000800016EA] -> 0x00AE
[1471] [M]: 0x00000000800016E8 (0x00AE9E93) slli t4, t4, 0xa
x29 <- 0xF7AADFDF01EF2000

mem[X,0x00000000800016EC] -> 0x8E93
mem[X,0x00000000800016EE] -> 0x0F6E
[1472] [M]: 0x00000000800016EC (0x0F6E8E93) addi t4, t4, 0xf6
x29 <- 0xF7AADFDF01EF20F6

mem[X,0x00000000800016F0] -> 0x1FBB
mem[X,0x00000000800016F2] -> 0xB5DF
[1473] [M]: 0x00000000800016F0 (0xB5DF1FBB) pdifsumu.b t6, t5, t4
x31 <- 0xF7AADFDF01EF25CA

mem[X,0x00000000800016F4] -> 0xBC23
mem[X,0x00000000800016F6] -> 0x17F0
[1474] [M]: 0x00000000800016F4 (0x17F0BC23) sd t6, 0x178(ra)
mem[0x0000000080004368] <- 0xF7AADFDF01EF25CA

mem[X,0x00000000800016F8] -> 0x0F37
mem[X,0x00000000800016FA] -> 0x8009
[1475] [M]: 0x00000000800016F8 (0x80090F37) lui t5, -0x7ff70
x30 <- 0xFFFFFFFF80090000

mem[X,0x00000000800016FC] -> 0x0F13
mem[X,0x00000000800016FE] -> 0x0C0F
[1476] [M]: 0x00000000800016FC (0x0C0F0F13) addi t5, t5, 0xc0
x30 <- 0xFFFFFFFF800900C0

mem[X,0x0000000080001700] -> 0x1F13
mem[X,0x0000000080001702] -> 0x00BF
[1477] [M]: 0x0000000080001700 (0x00BF1F13) slli t5, t5, 0xb
x30 <- 0xFFFFFC0048060000

mem[X,0x0000000080001704] -> 0x0F13
mem[X,0x0000000080001706] -> 0x04FF
[1478] [M]: 0x0000000080001704 (0x04FF0F13) addi t5, t5, 0x4f
x30 <- 0xFFFFFC004806004F

mem[X,0x0000000080001708] -> 0x1F13
mem[X,0x000000008000170A] -> 0x00BF
[1479] [M]: 0x0000000080001708 (0x00BF1F13) slli t5, t5, 0xb
x30 <- 0xFFE0024030027800

mem[X,0x000000008000170C] -> 0x0F13
mem[X,0x000000008000170E] -> 0x77DF
[1480] [M]: 0x000000008000170C (0x77DF0F13) addi t5, t5, 0x77d
x30 <- 0xFFE0024030027F7D

mem[X,0x0000000080001710] -> 0x1F13
mem[X,0x0000000080001712] -> 0x00AF
[1481] [M]: 0x0000000080001710 (0x00AF1F13) slli t5, t5, 0xa
x30 <- 0x800900C009FDF400

mem[X,0x0000000080001714] -> 0x0F13
mem[X,0x0000000080001716] -> 0x302F
[1482] [M]: 0x0000000080001714 (0x302F0F13) addi t5, t5, 0x302
x30 <- 0x800900C009FDF702

mem[X,0x0000000080001718] -> 0xFEB7
mem[X,0x000000008000171A] -> 0x05F9
[1483] [M]: 0x0000000080001718 (0x05F9FEB7) lui t4, 0x5f9f
x29 <- 0x0000000005F9F000

mem[X,0x000000008000171C] -> 0x8E93
mem[X,0x000000008000171E] -> 0x7FBE
[1484] [M]: 0x000000008000171C (0x7FBE8E93) addi t4, t4, 0x7fb
x29 <- 0x0000000005F9F7FB

mem[X,0x0000000080001720] -> 0x9E93
mem[X,0x0000000080001722] -> 0x00BE
[1485] [M]: 0x0000000080001720 (0x00BE9E93) slli t4, t4, 0xb
x29 <- 0x0000002FCFBFD800

mem[X,0x0000000080001724] -> 0x8E93
mem[X,0x0000000080001726] -> 0x7B8E
[1486] [M]: 0x0000000080001724 (0x7B8E8E93) addi t4, t4, 0x7b8
x29 <- 0x0000002FCFBFDFB8

mem[X,0x0000000080001728] -> 0x9E93
mem[X,0x000000008000172A] -> 0x00BE
[1487] [M]: 0x0000000080001728 (0x00BE9E93) slli t4, t4, 0xb
x29 <- 0x00017E7DFEFDC000

mem[X,0x000000008000172C] -> 0x8E93
mem[X,0x000000008000172E] -> 0x401E
[1488] [M]: 0x000000008000172C (0x401E8E93) addi t4, t4, 0x401
x29 <- 0x00017E7DFEFDC401

mem[X,0x0000000080001730] -> 0x9E93
mem[X,0x0000000080001732] -> 0x00AE
[1489] [M]: 0x0000000080001730 (0x00AE9E93) slli t4, t4, 0xa
x29 <- 0x05F9F7FBF7100400

mem[X,0x0000000080001734] -> 0x8E93
mem[X,0x0000000080001736] -> 0x110E
[1490] [M]: 0x0000000080001734 (0x110E8E93) addi t4, t4, 0x110
x29 <- 0x05F9F7FBF7100510

mem[X,0x0000000080001738] -> 0x1FBB
mem[X,0x000000008000173A] -> 0xB5DF
[1491] [M]: 0x0000000080001738 (0xB5DF1FBB) pdifsumu.b t6, t5, t4
x31 <- 0x05F9F7FBF7100A88

mem[X,0x000000008000173C] -> 0xB023
mem[X,0x000000008000173E] -> 0x19F0
[1492] [M]: 0x000000008000173C (0x19F0B023) sd t6, 0x180(ra)
mem[0x0000000080004370] <- 0x05F9F7FBF7100A88

mem[X,0x0000000080001740] -> 0xCF37
mem[X,0x0000000080001742] -> 0x00FE
[1493] [M]: 0x0000000080001740 (0x00FECF37) lui t5, 0xfec
x30 <- 0x0000000000FEC000

mem[X,0x0000000080001744] -> 0x0F13
mem[X,0x0000000080001746] -> 0xF7FF
[1494] [M]: 0x0000000080001744 (0xF7FF0F13) addi t5, t5, -0x81
x30 <- 0x0000000000FEBF7F

mem[X,0x0000000080001748] -> 0x1F13
mem[X,0x000000008000174A] -> 0x00BF
[1495] [M]: 0x0000000080001748 (0x00BF1F13) slli t5, t5, 0xb
x30 <- 0x00000007F5FBF800

mem[X,0x000000008000174C] -> 0x0F13
mem[X,0x000000008000174E] -> 0x7D8F
[1496] [M]: 0x000000008000174C (0x7D8F0F13) addi t5, t5, 0x7d8
x30 <- 0x00000007F5FBFFD8

mem[X,0x0000000080001750] -> 0x1F13
mem[X,0x0000000080001752] -> 0x00BF
[1497] [M]: 0x0000000080001750 (0x00BF1F13) slli t5, t5, 0xb
x30 <- 0x00003FAFDFFEC000

mem[X,0x0000000080001754] -> 0x0F13
mem[X,0x0000000080001756] -> 0x180F
[1498] [M]: 0x0000000080001754 (0x180F0F13) addi t5, t5, 0x180
x30 <- 0x00003FAFDFFEC180

mem[X,0x0000000080001758] -> 0x1F13
mem[X,0x000000008000175A] -> 0x00AF
[1499] [M]: 0x0000000080001758 (0x00AF1F13) slli t5, t5, 0xa
x30 <- 0x00FEBF7FFB060000

clint::tick mtime <- 0x000000000000000F
 clint timer pending at mtime 0x000000000000000F
htif::tick 0x0000000000000000
mem[X,0x000000008000175C] -> 0x0F13
mem[X,0x000000008000175E] -> 0x240F
[1500] [M]: 0x000000008000175C (0x240F0F13) addi t5, t5, 0x240
x30 <- 0x00FEBF7FFB060240

mem[X,0x0000000080001760] -> 0xCEB7
mem[X,0x0000000080001762] -> 0xFC40
[1501] [M]: 0x0000000080001760 (0xFC40CEB7) lui t4, -0x3bf4
x29 <- 0xFFFFFFFFFC40C000

mem[X,0x0000000080001764] -> 0x8E93
mem[X,0x0000000080001766] -> 0xF08E
[1502] [M]: 0x0000000080001764 (0xF08E8E93) addi t4, t4, -0xf8
x29 <- 0xFFFFFFFFFC40BF08

mem[X,0x0000000080001768] -> 0x9E93
mem[X,0x000000008000176A] -> 0x00BE
[1503] [M]: 0x0000000080001768 (0x00BE9E93) slli t4, t4, 0xb
x29 <- 0xFFFFFFE205F84000

mem[X,0x000000008000176C] -> 0x8E93
mem[X,0x000000008000176E] -> 0x085E
[1504] [M]: 0x000000008000176C (0x085E8E93) addi t4, t4, 0x85
x29 <- 0xFFFFFFE205F84085

mem[X,0x0000000080001770] -> 0x9E93
mem[X,0x0000000080001772] -> 0x00BE
[1505] [M]: 0x0000000080001770 (0x00BE9E93) slli t4, t4, 0xb
x29 <- 0xFFFF102FC2042800

mem[X,0x0000000080001774] -> 0x8E93
mem[X,0x0000000080001776] -> 0x7EFE
[1506] [M]: 0x0000000080001774 (0x7EFE8E93) addi t4, t4, 0x7ef
x29 <- 0xFFFF102FC2042FEF

mem[X,0x0000000080001778] -> 0x9E93
mem[X,0x000000008000177A] -> 0x00AE
[1507] [M]: 0x0000000080001778 (0x00AE9E93) slli t4, t4, 0xa
x29 <- 0xFC40BF0810BFBC00

mem[X,0x000000008000177C] -> 0x8E93
mem[X,0x000000008000177E] -> 0x3FDE
[1508] [M]: 0x000000008000177C (0x3FDE8E93) addi t4, t4, 0x3fd
x29 <- 0xFC40BF0810BFBFFD

mem[X,0x0000000080001780] -> 0x1FBB
mem[X,0x0000000080001782] -> 0xB5DF
[1509] [M]: 0x0000000080001780 (0xB5DF1FBB) pdifsumu.b t6, t5, t4
x31 <- 0xFC40BF0810BFC54C

mem[X,0x0000000080001784] -> 0xB423
mem[X,0x0000000080001786] -> 0x19F0
[1510] [M]: 0x0000000080001784 (0x19F0B423) sd t6, 0x188(ra)
mem[0x0000000080004378] <- 0xFC40BF0810BFC54C

mem[X,0x0000000080001788] -> 0x0F37
mem[X,0x000000008000178A] -> 0xFEFD
[1511] [M]: 0x0000000080001788 (0xFEFD0F37) lui t5, -0x1030
x30 <- 0xFFFFFFFFFEFD0000

mem[X,0x000000008000178C] -> 0x0F13
mem[X,0x000000008000178E] -> 0x4FBF
[1512] [M]: 0x000000008000178C (0x4FBF0F13) addi t5, t5, 0x4fb
x30 <- 0xFFFFFFFFFEFD04FB

mem[X,0x0000000080001790] -> 0x1F13
mem[X,0x0000000080001792] -> 0x00BF
[1513] [M]: 0x0000000080001790 (0x00BF1F13) slli t5, t5, 0xb
x30 <- 0xFFFFFFF7E827D800

mem[X,0x0000000080001794] -> 0x0F13
mem[X,0x0000000080001796] -> 0x5FFF
[1514] [M]: 0x0000000080001794 (0x5FFF0F13) addi t5, t5, 0x5ff
x30 <- 0xFFFFFFF7E827DDFF

mem[X,0x0000000080001798] -> 0x1F13
mem[X,0x000000008000179A] -> 0x00BF
[1515] [M]: 0x0000000080001798 (0x00BF1F13) slli t5, t5, 0xb
x30 <- 0xFFFFBF413EEFF800

mem[X,0x000000008000179C] -> 0x0F13
mem[X,0x000000008000179E] -> 0x780F
[1516] [M]: 0x000000008000179C (0x780F0F13) addi t5, t5, 0x780
x30 <- 0xFFFFBF413EEFFF80

mem[X,0x00000000800017A0] -> 0x1F13
mem[X,0x00000000800017A2] -> 0x00AF
[1517] [M]: 0x00000000800017A0 (0x00AF1F13) slli t5, t5, 0xa
x30 <- 0xFEFD04FBBFFE0000

mem[X,0x00000000800017A4] -> 0x0F13
mem[X,0x00000000800017A6] -> 0x055F
[1518] [M]: 0x00000000800017A4 (0x055F0F13) addi t5, t5, 0x55
x30 <- 0xFEFD04FBBFFE0055

mem[X,0x00000000800017A8] -> 0x2EB7
mem[X,0x00000000800017AA] -> 0xFCDF
[1519] [M]: 0x00000000800017A8 (0xFCDF2EB7) lui t4, -0x320e
x29 <- 0xFFFFFFFFFCDF2000

mem[X,0x00000000800017AC] -> 0x8E93
mem[X,0x00000000800017AE] -> 0x0EFE
[1520] [M]: 0x00000000800017AC (0x0EFE8E93) addi t4, t4, 0xef
x29 <- 0xFFFFFFFFFCDF20EF

mem[X,0x00000000800017B0] -> 0x9E93
mem[X,0x00000000800017B2] -> 0x00BE
[1521] [M]: 0x00000000800017B0 (0x00BE9E93) slli t4, t4, 0xb
x29 <- 0xFFFFFFE6F9077800

mem[X,0x00000000800017B4] -> 0x8E93
mem[X,0x00000000800017B6] -> 0x2AEE
[1522] [M]: 0x00000000800017B4 (0x2AEE8E93) addi t4, t4, 0x2ae
x29 <- 0xFFFFFFE6F9077AAE

mem[X,0x00000000800017B8] -> 0x9E93
mem[X,0x00000000800017BA] -> 0x00BE
[1523] [M]: 0x00000000800017B8 (0x00BE9E93) slli t4, t4, 0xb
x29 <- 0xFFFF37C83BD57000

mem[X,0x00000000800017BC] -> 0x8E93
mem[X,0x00000000800017BE] -> 0x030E
[1524] [M]: 0x00000000800017BC (0x030E8E93) addi t4, t4, 0x30
x29 <- 0xFFFF37C83BD57030

mem[X,0x00000000800017C0] -> 0x9E93
mem[X,0x00000000800017C2] -> 0x00AE
[1525] [M]: 0x00000000800017C0 (0x00AE9E93) slli t4, t4, 0xa
x29 <- 0xFCDF20EF55C0C000

mem[X,0x00000000800017C4] -> 0x8E93
mem[X,0x00000000800017C6] -> 0x005E
[1526] [M]: 0x00000000800017C4 (0x005E8E93) addi t4, t4, 0x5
x29 <- 0xFCDF20EF55C0C005

mem[X,0x00000000800017C8] -> 0x1FBB
mem[X,0x00000000800017CA] -> 0xB5DF
[1527] [M]: 0x00000000800017C8 (0xB5DF1FBB) pdifsumu.b t6, t5, t4
x31 <- 0xFCDF20EF55C0C205

mem[X,0x00000000800017CC] -> 0xB823
mem[X,0x00000000800017CE] -> 0x19F0
[1528] [M]: 0x00000000800017CC (0x19F0B823) sd t6, 0x190(ra)
mem[0x0000000080004380] <- 0xFCDF20EF55C0C205

mem[X,0x00000000800017D0] -> 0x006F
mem[X,0x00000000800017D2] -> 0x0380
[1529] [M]: 0x00000000800017D0 (0x0380006F) jal zero, 0x38

mem[X,0x0000000080001808] -> 0x0093
mem[X,0x000000008000180A] -> 0x0010
[1530] [M]: 0x0000000080001808 (0x00100093) addi ra, zero, 0x1
x1 <- 0x0000000000000001

mem[X,0x000000008000180C] -> 0x0F17
mem[X,0x000000008000180E] -> 0x0000
[1531] [M]: 0x000000008000180C (0x00000F17) auipc t5, 0x0
x30 <- 0x000000008000180C

mem[X,0x0000000080001810] -> 0x2A23
mem[X,0x0000000080001812] -> 0x7E1F
[1532] [M]: 0x0000000080001810 (0x7E1F2A23) sw ra, 0x7f4(t5)
htif[0x0000000080002000] <- 0x00000001

mem[X,0x0000000080001814] -> 0xF06F
mem[X,0x0000000080001816] -> 0xFF9F
[1533] [M]: 0x0000000080001814 (0xFF9FF06F) jal zero, -0x8

mem[X,0x000000008000180C] -> 0x0F17
mem[X,0x000000008000180E] -> 0x0000
[1534] [M]: 0x000000008000180C (0x00000F17) auipc t5, 0x0
x30 <- 0x000000008000180C

mem[X,0x0000000080001810] -> 0x2A23
mem[X,0x0000000080001812] -> 0x7E1F
[1535] [M]: 0x0000000080001810 (0x7E1F2A23) sw ra, 0x7f4(t5)
htif[0x0000000080002000] <- 0x00000001

mem[X,0x0000000080001814] -> 0xF06F
mem[X,0x0000000080001816] -> 0xFF9F
[1536] [M]: 0x0000000080001814 (0xFF9FF06F) jal zero, -0x8

mem[X,0x000000008000180C] -> 0x0F17
mem[X,0x000000008000180E] -> 0x0000
[1537] [M]: 0x000000008000180C (0x00000F17) auipc t5, 0x0
x30 <- 0x000000008000180C

mem[X,0x0000000080001810] -> 0x2A23
mem[X,0x0000000080001812] -> 0x7E1F
[1538] [M]: 0x0000000080001810 (0x7E1F2A23) sw ra, 0x7f4(t5)
htif[0x0000000080002000] <- 0x00000001
htif-syscall-proxy cmd: 0x000000000001

SUCCESS
