using /home/chsu/rvp-workspace/test-64/riscof_work/pmhracc.h-01.S/ref/Reference-sail_c_simulator.signature for test-signature output.
tohost located at 0x80002000
Running file ref.elf.
ELF Entry @ 0x80000000
begin_signature: 0x80004110
end_signature: 0x80004450
CSR mstatus <- 0x0000000A00000000 (input: 0x0000000000000000)
mem[X,0x0000000000001000] -> 0x0297
mem[X,0x0000000000001002] -> 0x0000
[0] [M]: 0x0000000000001000 (0x00000297) auipc t0, 0x0
x5 <- 0x0000000000001000

mem[X,0x0000000000001004] -> 0x8593
mem[X,0x0000000000001006] -> 0x0202
[1] [M]: 0x0000000000001004 (0x02028593) addi a1, t0, 0x20
x11 <- 0x0000000000001020

mem[X,0x0000000000001008] -> 0x2573
mem[X,0x000000000000100A] -> 0xF140
[2] [M]: 0x0000000000001008 (0xF1402573) csrrs a0, mhartid, zero
CSR mhartid -> 0x0000000000000000
x10 <- 0x0000000000000000

mem[X,0x000000000000100C] -> 0xB283
mem[X,0x000000000000100E] -> 0x0182
[3] [M]: 0x000000000000100C (0x0182B283) ld t0, 0x18(t0)
mem[R,0x0000000000001018] -> 0x0000000080000000
x5 <- 0x0000000080000000

mem[X,0x0000000000001010] -> 0x8067
mem[X,0x0000000000001012] -> 0x0002
[4] [M]: 0x0000000000001010 (0x00028067) jalr zero, 0x0(t0)

mem[X,0x0000000080000000] -> 0x0837
mem[X,0x0000000080000002] -> 0x7D5C
[5] [M]: 0x0000000080000000 (0x7D5C0837) lui a6, 0x7d5c0
x16 <- 0x000000007D5C0000

mem[X,0x0000000080000004] -> 0x0813
mem[X,0x0000000080000006] -> 0xDDB8
[6] [M]: 0x0000000080000004 (0xDDB80813) addi a6, a6, -0x225
x16 <- 0x000000007D5BFDDB

mem[X,0x0000000080000008] -> 0x1813
mem[X,0x000000008000000A] -> 0x00B8
[7] [M]: 0x0000000080000008 (0x00B81813) slli a6, a6, 0xb
x16 <- 0x000003EADFEED800

mem[X,0x000000008000000C] -> 0x0813
mem[X,0x000000008000000E] -> 0x3EA8
[8] [M]: 0x000000008000000C (0x3EA80813) addi a6, a6, 0x3ea
x16 <- 0x000003EADFEEDBEA

mem[X,0x0000000080000010] -> 0x1813
mem[X,0x0000000080000012] -> 0x00B8
[9] [M]: 0x0000000080000010 (0x00B81813) slli a6, a6, 0xb
x16 <- 0x001F56FF76DF5000

mem[X,0x0000000080000014] -> 0x0813
mem[X,0x0000000080000016] -> 0x6FF8
[10] [M]: 0x0000000080000014 (0x6FF80813) addi a6, a6, 0x6ff
x16 <- 0x001F56FF76DF56FF

mem[X,0x0000000080000018] -> 0x1813
mem[X,0x000000008000001A] -> 0x00A8
[11] [M]: 0x0000000080000018 (0x00A81813) slli a6, a6, 0xa
x16 <- 0x7D5BFDDB7D5BFC00

mem[X,0x000000008000001C] -> 0x0813
mem[X,0x000000008000001E] -> 0x1DB8
[12] [M]: 0x000000008000001C (0x1DB80813) addi a6, a6, 0x1db
x16 <- 0x7D5BFDDB7D5BFDDB

mem[X,0x0000000080000020] -> 0x5893
mem[X,0x0000000080000022] -> 0x0078
[13] [M]: 0x0000000080000020 (0x00785893) srli a7, a6, 0x7
x17 <- 0x00FAB7FBB6FAB7FB

mem[X,0x0000000080000024] -> 0x5793
mem[X,0x0000000080000026] -> 0x0398
[14] [M]: 0x0000000080000024 (0x03985793) srli a5, a6, 0x39
x15 <- 0x000000000000003E

mem[X,0x0000000080000028] -> 0xE8B3
mem[X,0x000000008000002A] -> 0x00F8
[15] [M]: 0x0000000080000028 (0x00F8E8B3) or a7, a7, a5
x17 <- 0x00FAB7FBB6FAB7FF

mem[X,0x000000008000002C] -> 0xD913
mem[X,0x000000008000002E] -> 0x0078
[16] [M]: 0x000000008000002C (0x0078D913) srli s2, a7, 0x7
x18 <- 0x0001F56FF76DF56F

mem[X,0x0000000080000030] -> 0xD793
mem[X,0x0000000080000032] -> 0x0398
[17] [M]: 0x0000000080000030 (0x0398D793) srli a5, a7, 0x39
x15 <- 0x0000000000000000

mem[X,0x0000000080000034] -> 0x6933
mem[X,0x0000000080000036] -> 0x00F9
[18] [M]: 0x0000000080000034 (0x00F96933) or s2, s2, a5
x18 <- 0x0001F56FF76DF56F

mem[X,0x0000000080000038] -> 0x5993
mem[X,0x000000008000003A] -> 0x0079
[19] [M]: 0x0000000080000038 (0x00795993) srli s3, s2, 0x7
x19 <- 0x000003EADFEEDBEA

mem[X,0x000000008000003C] -> 0x5793
mem[X,0x000000008000003E] -> 0x0399
[20] [M]: 0x000000008000003C (0x03995793) srli a5, s2, 0x39
x15 <- 0x0000000000000000

mem[X,0x0000000080000040] -> 0xE9B3
mem[X,0x0000000080000042] -> 0x00F9
[21] [M]: 0x0000000080000040 (0x00F9E9B3) or s3, s3, a5
x19 <- 0x000003EADFEEDBEA

mem[X,0x0000000080000044] -> 0xDA13
mem[X,0x0000000080000046] -> 0x0079
[22] [M]: 0x0000000080000044 (0x0079DA13) srli s4, s3, 0x7
x20 <- 0x00000007D5BFDDB7

mem[X,0x0000000080000048] -> 0xD793
mem[X,0x000000008000004A] -> 0x0399
[23] [M]: 0x0000000080000048 (0x0399D793) srli a5, s3, 0x39
x15 <- 0x0000000000000000

mem[X,0x000000008000004C] -> 0x6A33
mem[X,0x000000008000004E] -> 0x00FA
[24] [M]: 0x000000008000004C (0x00FA6A33) or s4, s4, a5
x20 <- 0x00000007D5BFDDB7

mem[X,0x0000000080000050] -> 0x5A93
mem[X,0x0000000080000052] -> 0x007A
[25] [M]: 0x0000000080000050 (0x007A5A93) srli s5, s4, 0x7
x21 <- 0x000000000FAB7FBB

mem[X,0x0000000080000054] -> 0x5793
mem[X,0x0000000080000056] -> 0x039A
[26] [M]: 0x0000000080000054 (0x039A5793) srli a5, s4, 0x39
x15 <- 0x0000000000000000

mem[X,0x0000000080000058] -> 0xEAB3
mem[X,0x000000008000005A] -> 0x00FA
[27] [M]: 0x0000000080000058 (0x00FAEAB3) or s5, s5, a5
x21 <- 0x000000000FAB7FBB

mem[X,0x000000008000005C] -> 0xDB13
mem[X,0x000000008000005E] -> 0x007A
[28] [M]: 0x000000008000005C (0x007ADB13) srli s6, s5, 0x7
x22 <- 0x00000000001F56FF

mem[X,0x0000000080000060] -> 0xD793
mem[X,0x0000000080000062] -> 0x039A
[29] [M]: 0x0000000080000060 (0x039AD793) srli a5, s5, 0x39
x15 <- 0x0000000000000000

mem[X,0x0000000080000064] -> 0x6B33
mem[X,0x0000000080000066] -> 0x00FB
[30] [M]: 0x0000000080000064 (0x00FB6B33) or s6, s6, a5
x22 <- 0x00000000001F56FF

mem[X,0x0000000080000068] -> 0x5B93
mem[X,0x000000008000006A] -> 0x007B
[31] [M]: 0x0000000080000068 (0x007B5B93) srli s7, s6, 0x7
x23 <- 0x0000000000003EAD

mem[X,0x000000008000006C] -> 0x5793
mem[X,0x000000008000006E] -> 0x039B
[32] [M]: 0x000000008000006C (0x039B5793) srli a5, s6, 0x39
x15 <- 0x0000000000000000

mem[X,0x0000000080000070] -> 0xEBB3
mem[X,0x0000000080000072] -> 0x00FB
[33] [M]: 0x0000000080000070 (0x00FBEBB3) or s7, s7, a5
x23 <- 0x0000000000003EAD

mem[X,0x0000000080000074] -> 0xDC13
mem[X,0x0000000080000076] -> 0x007B
[34] [M]: 0x0000000080000074 (0x007BDC13) srli s8, s7, 0x7
x24 <- 0x000000000000007D

mem[X,0x0000000080000078] -> 0xD793
mem[X,0x000000008000007A] -> 0x039B
[35] [M]: 0x0000000080000078 (0x039BD793) srli a5, s7, 0x39
x15 <- 0x0000000000000000

mem[X,0x000000008000007C] -> 0x6C33
mem[X,0x000000008000007E] -> 0x00FC
[36] [M]: 0x000000008000007C (0x00FC6C33) or s8, s8, a5
x24 <- 0x000000000000007D

mem[X,0x0000000080000080] -> 0x5C93
mem[X,0x0000000080000082] -> 0x007C
[37] [M]: 0x0000000080000080 (0x007C5C93) srli s9, s8, 0x7
x25 <- 0x0000000000000000

mem[X,0x0000000080000084] -> 0x5793
mem[X,0x0000000080000086] -> 0x039C
[38] [M]: 0x0000000080000084 (0x039C5793) srli a5, s8, 0x39
x15 <- 0x0000000000000000

mem[X,0x0000000080000088] -> 0xECB3
mem[X,0x000000008000008A] -> 0x00FC
[39] [M]: 0x0000000080000088 (0x00FCECB3) or s9, s9, a5
x25 <- 0x0000000000000000

mem[X,0x000000008000008C] -> 0xDD13
mem[X,0x000000008000008E] -> 0x007C
[40] [M]: 0x000000008000008C (0x007CDD13) srli s10, s9, 0x7
x26 <- 0x0000000000000000

mem[X,0x0000000080000090] -> 0xD793
mem[X,0x0000000080000092] -> 0x039C
[41] [M]: 0x0000000080000090 (0x039CD793) srli a5, s9, 0x39
x15 <- 0x0000000000000000

mem[X,0x0000000080000094] -> 0x6D33
mem[X,0x0000000080000096] -> 0x00FD
[42] [M]: 0x0000000080000094 (0x00FD6D33) or s10, s10, a5
x26 <- 0x0000000000000000

mem[X,0x0000000080000098] -> 0x5D93
mem[X,0x000000008000009A] -> 0x007D
[43] [M]: 0x0000000080000098 (0x007D5D93) srli s11, s10, 0x7
x27 <- 0x0000000000000000

mem[X,0x000000008000009C] -> 0x5793
mem[X,0x000000008000009E] -> 0x039D
[44] [M]: 0x000000008000009C (0x039D5793) srli a5, s10, 0x39
x15 <- 0x0000000000000000

mem[X,0x00000000800000A0] -> 0xEDB3
mem[X,0x00000000800000A2] -> 0x00FD
[45] [M]: 0x00000000800000A0 (0x00FDEDB3) or s11, s11, a5
x27 <- 0x0000000000000000

mem[X,0x00000000800000A4] -> 0xDE13
mem[X,0x00000000800000A6] -> 0x007D
[46] [M]: 0x00000000800000A4 (0x007DDE13) srli t3, s11, 0x7
x28 <- 0x0000000000000000

mem[X,0x00000000800000A8] -> 0xD793
mem[X,0x00000000800000AA] -> 0x039D
[47] [M]: 0x00000000800000A8 (0x039DD793) srli a5, s11, 0x39
x15 <- 0x0000000000000000

mem[X,0x00000000800000AC] -> 0x6E33
mem[X,0x00000000800000AE] -> 0x00FE
[48] [M]: 0x00000000800000AC (0x00FE6E33) or t3, t3, a5
x28 <- 0x0000000000000000

mem[X,0x00000000800000B0] -> 0x5E93
mem[X,0x00000000800000B2] -> 0x007E
[49] [M]: 0x00000000800000B0 (0x007E5E93) srli t4, t3, 0x7
x29 <- 0x0000000000000000

mem[X,0x00000000800000B4] -> 0x5793
mem[X,0x00000000800000B6] -> 0x039E
[50] [M]: 0x00000000800000B4 (0x039E5793) srli a5, t3, 0x39
x15 <- 0x0000000000000000

mem[X,0x00000000800000B8] -> 0xEEB3
mem[X,0x00000000800000BA] -> 0x00FE
[51] [M]: 0x00000000800000B8 (0x00FEEEB3) or t4, t4, a5
x29 <- 0x0000000000000000

mem[X,0x00000000800000BC] -> 0xDF13
mem[X,0x00000000800000BE] -> 0x007E
[52] [M]: 0x00000000800000BC (0x007EDF13) srli t5, t4, 0x7
x30 <- 0x0000000000000000

mem[X,0x00000000800000C0] -> 0xD793
mem[X,0x00000000800000C2] -> 0x039E
[53] [M]: 0x00000000800000C0 (0x039ED793) srli a5, t4, 0x39
x15 <- 0x0000000000000000

mem[X,0x00000000800000C4] -> 0x6F33
mem[X,0x00000000800000C6] -> 0x00FF
[54] [M]: 0x00000000800000C4 (0x00FF6F33) or t5, t5, a5
x30 <- 0x0000000000000000

mem[X,0x00000000800000C8] -> 0xC0B7
mem[X,0x00000000800000CA] -> 0xFEED
[55] [M]: 0x00000000800000C8 (0xFEEDC0B7) lui ra, -0x1124
x1 <- 0xFFFFFFFFFEEDC000

mem[X,0x00000000800000CC] -> 0x8093
mem[X,0x00000000800000CE] -> 0xEAD0
[56] [M]: 0x00000000800000CC (0xEAD08093) addi ra, ra, -0x153
x1 <- 0xFFFFFFFFFEEDBEAD

mem[X,0x00000000800000D0] -> 0x9093
mem[X,0x00000000800000D2] -> 0x00B0
[57] [M]: 0x00000000800000D0 (0x00B09093) slli ra, ra, 0xb
x1 <- 0xFFFFFFF76DF56800

mem[X,0x00000000800000D4] -> 0x8093
mem[X,0x00000000800000D6] -> 0x7F70
[58] [M]: 0x00000000800000D4 (0x7F708093) addi ra, ra, 0x7f7
x1 <- 0xFFFFFFF76DF56FF7

mem[X,0x00000000800000D8] -> 0x9093
mem[X,0x00000000800000DA] -> 0x00B0
[59] [M]: 0x00000000800000D8 (0x00B09093) slli ra, ra, 0xb
x1 <- 0xFFFFBB6FAB7FB800

mem[X,0x00000000800000DC] -> 0x8093
mem[X,0x00000000800000DE] -> 0x36F0
[60] [M]: 0x00000000800000DC (0x36F08093) addi ra, ra, 0x36f
x1 <- 0xFFFFBB6FAB7FBB6F

mem[X,0x00000000800000E0] -> 0x9093
mem[X,0x00000000800000E2] -> 0x00A0
[61] [M]: 0x00000000800000E0 (0x00A09093) slli ra, ra, 0xa
x1 <- 0xFEEDBEADFEEDBC00

mem[X,0x00000000800000E4] -> 0x8093
mem[X,0x00000000800000E6] -> 0x2AD0
[62] [M]: 0x00000000800000E4 (0x2AD08093) addi ra, ra, 0x2ad
x1 <- 0xFEEDBEADFEEDBEAD

mem[X,0x00000000800000E8] -> 0xD113
mem[X,0x00000000800000EA] -> 0x0070
[63] [M]: 0x00000000800000E8 (0x0070D113) srli sp, ra, 0x7
x2 <- 0x01FDDB7D5BFDDB7D

mem[X,0x00000000800000EC] -> 0xD793
mem[X,0x00000000800000EE] -> 0x0390
[64] [M]: 0x00000000800000EC (0x0390D793) srli a5, ra, 0x39
x15 <- 0x000000000000007F

mem[X,0x00000000800000F0] -> 0x6133
mem[X,0x00000000800000F2] -> 0x00F1
[65] [M]: 0x00000000800000F0 (0x00F16133) or sp, sp, a5
x2 <- 0x01FDDB7D5BFDDB7F

mem[X,0x00000000800000F4] -> 0x5193
mem[X,0x00000000800000F6] -> 0x0071
[66] [M]: 0x00000000800000F4 (0x00715193) srli gp, sp, 0x7
x3 <- 0x0003FBB6FAB7FBB6

mem[X,0x00000000800000F8] -> 0x5793
mem[X,0x00000000800000FA] -> 0x0391
[67] [M]: 0x00000000800000F8 (0x03915793) srli a5, sp, 0x39
x15 <- 0x0000000000000000

mem[X,0x00000000800000FC] -> 0xE1B3
mem[X,0x00000000800000FE] -> 0x00F1
[68] [M]: 0x00000000800000FC (0x00F1E1B3) or gp, gp, a5
x3 <- 0x0003FBB6FAB7FBB6

mem[X,0x0000000080000100] -> 0xD213
mem[X,0x0000000080000102] -> 0x0071
[69] [M]: 0x0000000080000100 (0x0071D213) srli tp, gp, 0x7
x4 <- 0x000007F76DF56FF7

mem[X,0x0000000080000104] -> 0xD793
mem[X,0x0000000080000106] -> 0x0391
[70] [M]: 0x0000000080000104 (0x0391D793) srli a5, gp, 0x39
x15 <- 0x0000000000000000

mem[X,0x0000000080000108] -> 0x6233
mem[X,0x000000008000010A] -> 0x00F2
[71] [M]: 0x0000000080000108 (0x00F26233) or tp, tp, a5
x4 <- 0x000007F76DF56FF7

mem[X,0x000000008000010C] -> 0x5293
mem[X,0x000000008000010E] -> 0x0072
[72] [M]: 0x000000008000010C (0x00725293) srli t0, tp, 0x7
x5 <- 0x0000000FEEDBEADF

mem[X,0x0000000080000110] -> 0x5793
mem[X,0x0000000080000112] -> 0x0392
[73] [M]: 0x0000000080000110 (0x03925793) srli a5, tp, 0x39
x15 <- 0x0000000000000000

mem[X,0x0000000080000114] -> 0xE2B3
mem[X,0x0000000080000116] -> 0x00F2
[74] [M]: 0x0000000080000114 (0x00F2E2B3) or t0, t0, a5
x5 <- 0x0000000FEEDBEADF

mem[X,0x0000000080000118] -> 0xD313
mem[X,0x000000008000011A] -> 0x0072
[75] [M]: 0x0000000080000118 (0x0072D313) srli t1, t0, 0x7
x6 <- 0x000000001FDDB7D5

mem[X,0x000000008000011C] -> 0xD793
mem[X,0x000000008000011E] -> 0x0392
[76] [M]: 0x000000008000011C (0x0392D793) srli a5, t0, 0x39
x15 <- 0x0000000000000000

mem[X,0x0000000080000120] -> 0x6333
mem[X,0x0000000080000122] -> 0x00F3
[77] [M]: 0x0000000080000120 (0x00F36333) or t1, t1, a5
x6 <- 0x000000001FDDB7D5

mem[X,0x0000000080000124] -> 0x5393
mem[X,0x0000000080000126] -> 0x0073
[78] [M]: 0x0000000080000124 (0x00735393) srli t2, t1, 0x7
x7 <- 0x00000000003FBB6F

mem[X,0x0000000080000128] -> 0x5793
mem[X,0x000000008000012A] -> 0x0393
[79] [M]: 0x0000000080000128 (0x03935793) srli a5, t1, 0x39
x15 <- 0x0000000000000000

mem[X,0x000000008000012C] -> 0xE3B3
mem[X,0x000000008000012E] -> 0x00F3
[80] [M]: 0x000000008000012C (0x00F3E3B3) or t2, t2, a5
x7 <- 0x00000000003FBB6F

mem[X,0x0000000080000130] -> 0xD413
mem[X,0x0000000080000132] -> 0x0073
[81] [M]: 0x0000000080000130 (0x0073D413) srli fp, t2, 0x7
x8 <- 0x0000000000007F76

mem[X,0x0000000080000134] -> 0xD793
mem[X,0x0000000080000136] -> 0x0393
[82] [M]: 0x0000000080000134 (0x0393D793) srli a5, t2, 0x39
x15 <- 0x0000000000000000

mem[X,0x0000000080000138] -> 0x6433
mem[X,0x000000008000013A] -> 0x00F4
[83] [M]: 0x0000000080000138 (0x00F46433) or fp, fp, a5
x8 <- 0x0000000000007F76

mem[X,0x000000008000013C] -> 0x5493
mem[X,0x000000008000013E] -> 0x0074
[84] [M]: 0x000000008000013C (0x00745493) srli s1, fp, 0x7
x9 <- 0x00000000000000FE

mem[X,0x0000000080000140] -> 0x5793
mem[X,0x0000000080000142] -> 0x0394
[85] [M]: 0x0000000080000140 (0x03945793) srli a5, fp, 0x39
x15 <- 0x0000000000000000

mem[X,0x0000000080000144] -> 0xE4B3
mem[X,0x0000000080000146] -> 0x00F4
[86] [M]: 0x0000000080000144 (0x00F4E4B3) or s1, s1, a5
x9 <- 0x00000000000000FE

mem[X,0x0000000080000148] -> 0xD513
mem[X,0x000000008000014A] -> 0x0074
[87] [M]: 0x0000000080000148 (0x0074D513) srli a0, s1, 0x7
x10 <- 0x0000000000000001

mem[X,0x000000008000014C] -> 0xD793
mem[X,0x000000008000014E] -> 0x0394
[88] [M]: 0x000000008000014C (0x0394D793) srli a5, s1, 0x39
x15 <- 0x0000000000000000

mem[X,0x0000000080000150] -> 0x6533
mem[X,0x0000000080000152] -> 0x00F5
[89] [M]: 0x0000000080000150 (0x00F56533) or a0, a0, a5
x10 <- 0x0000000000000001

mem[X,0x0000000080000154] -> 0x5593
mem[X,0x0000000080000156] -> 0x0075
[90] [M]: 0x0000000080000154 (0x00755593) srli a1, a0, 0x7
x11 <- 0x0000000000000000

mem[X,0x0000000080000158] -> 0x5793
mem[X,0x000000008000015A] -> 0x0395
[91] [M]: 0x0000000080000158 (0x03955793) srli a5, a0, 0x39
x15 <- 0x0000000000000000

mem[X,0x000000008000015C] -> 0xE5B3
mem[X,0x000000008000015E] -> 0x00F5
[92] [M]: 0x000000008000015C (0x00F5E5B3) or a1, a1, a5
x11 <- 0x0000000000000000

mem[X,0x0000000080000160] -> 0xD613
mem[X,0x0000000080000162] -> 0x0075
[93] [M]: 0x0000000080000160 (0x0075D613) srli a2, a1, 0x7
x12 <- 0x0000000000000000

mem[X,0x0000000080000164] -> 0xD793
mem[X,0x0000000080000166] -> 0x0395
[94] [M]: 0x0000000080000164 (0x0395D793) srli a5, a1, 0x39
x15 <- 0x0000000000000000

mem[X,0x0000000080000168] -> 0x6633
mem[X,0x000000008000016A] -> 0x00F6
[95] [M]: 0x0000000080000168 (0x00F66633) or a2, a2, a5
x12 <- 0x0000000000000000

mem[X,0x000000008000016C] -> 0x5693
mem[X,0x000000008000016E] -> 0x0076
[96] [M]: 0x000000008000016C (0x00765693) srli a3, a2, 0x7
x13 <- 0x0000000000000000

mem[X,0x0000000080000170] -> 0x5793
mem[X,0x0000000080000172] -> 0x0396
[97] [M]: 0x0000000080000170 (0x03965793) srli a5, a2, 0x39
x15 <- 0x0000000000000000

mem[X,0x0000000080000174] -> 0xE6B3
mem[X,0x0000000080000176] -> 0x00F6
[98] [M]: 0x0000000080000174 (0x00F6E6B3) or a3, a3, a5
x13 <- 0x0000000000000000

mem[X,0x0000000080000178] -> 0x0013
mem[X,0x000000008000017A] -> 0x0000
[99] [M]: 0x0000000080000178 (0x00000013) addi zero, zero, 0x0

clint::tick mtime <- 0x0000000000000001
 clint timer pending at mtime 0x0000000000000001
htif::tick 0x0000000000000000
mem[X,0x000000008000017C] -> 0x0013
mem[X,0x000000008000017E] -> 0x0000
[100] [M]: 0x000000008000017C (0x00000013) addi zero, zero, 0x0

mem[X,0x0000000080000180] -> 0x4617
mem[X,0x0000000080000182] -> 0x0000
[101] [M]: 0x0000000080000180 (0x00004617) auipc a2, 0x4
x12 <- 0x0000000080004180

mem[X,0x0000000080000184] -> 0x0613
mem[X,0x0000000080000186] -> 0xF986
[102] [M]: 0x0000000080000184 (0xF9860613) addi a2, a2, -0x68
x12 <- 0x0000000080004118

mem[X,0x0000000080000188] -> 0x0013
mem[X,0x000000008000018A] -> 0x0000
[103] [M]: 0x0000000080000188 (0x00000013) addi zero, zero, 0x0

mem[X,0x000000008000018C] -> 0x0013
mem[X,0x000000008000018E] -> 0x0000
[104] [M]: 0x000000008000018C (0x00000013) addi zero, zero, 0x0

mem[X,0x0000000080000190] -> 0x0013
mem[X,0x0000000080000192] -> 0x0000
[105] [M]: 0x0000000080000190 (0x00000013) addi zero, zero, 0x0

mem[X,0x0000000080000194] -> 0x0013
mem[X,0x0000000080000196] -> 0x0000
[106] [M]: 0x0000000080000194 (0x00000013) addi zero, zero, 0x0

mem[X,0x0000000080000198] -> 0x0013
mem[X,0x000000008000019A] -> 0x0000
[107] [M]: 0x0000000080000198 (0x00000013) addi zero, zero, 0x0

mem[X,0x000000008000019C] -> 0x0013
mem[X,0x000000008000019E] -> 0x0000
[108] [M]: 0x000000008000019C (0x00000013) addi zero, zero, 0x0

mem[X,0x00000000800001A0] -> 0x04B7
mem[X,0x00000000800001A2] -> 0xFFC0
[109] [M]: 0x00000000800001A0 (0xFFC004B7) lui s1, -0x400
x9 <- 0xFFFFFFFFFFC00000

mem[X,0x00000000800001A4] -> 0x8493
mem[X,0x00000000800001A6] -> 0xFDF4
[110] [M]: 0x00000000800001A4 (0xFDF48493) addi s1, s1, -0x21
x9 <- 0xFFFFFFFFFFBFFFDF

mem[X,0x00000000800001A8] -> 0x9493
mem[X,0x00000000800001AA] -> 0x00B4
[111] [M]: 0x00000000800001A8 (0x00B49493) slli s1, s1, 0xb
x9 <- 0xFFFFFFFDFFFEF800

mem[X,0x00000000800001AC] -> 0x8493
mem[X,0x00000000800001AE] -> 0x0004
[112] [M]: 0x00000000800001AC (0x00048493) addi s1, s1, 0x0
x9 <- 0xFFFFFFFDFFFEF800

mem[X,0x00000000800001B0] -> 0x9493
mem[X,0x00000000800001B2] -> 0x00B4
[113] [M]: 0x00000000800001B0 (0x00B49493) slli s1, s1, 0xb
x9 <- 0xFFFFEFFFF7C00000

mem[X,0x00000000800001B4] -> 0x8493
mem[X,0x00000000800001B6] -> 0x1604
[114] [M]: 0x00000000800001B4 (0x16048493) addi s1, s1, 0x160
x9 <- 0xFFFFEFFFF7C00160

mem[X,0x00000000800001B8] -> 0x9493
mem[X,0x00000000800001BA] -> 0x00A4
[115] [M]: 0x00000000800001B8 (0x00A49493) slli s1, s1, 0xa
x9 <- 0xFFBFFFDF00058000

mem[X,0x00000000800001BC] -> 0x87B7
mem[X,0x00000000800001BE] -> 0xFFBF
[116] [M]: 0x00000000800001BC (0xFFBF87B7) lui a5, -0x408
x15 <- 0xFFFFFFFFFFBF8000

mem[X,0x00000000800001C0] -> 0x8793
mem[X,0x00000000800001C2] -> 0x0007
[117] [M]: 0x00000000800001C0 (0x00078793) addi a5, a5, 0x0
x15 <- 0xFFFFFFFFFFBF8000

mem[X,0x00000000800001C4] -> 0x9793
mem[X,0x00000000800001C6] -> 0x00B7
[118] [M]: 0x00000000800001C4 (0x00B79793) slli a5, a5, 0xb
x15 <- 0xFFFFFFFDFC000000

mem[X,0x00000000800001C8] -> 0x8793
mem[X,0x00000000800001CA] -> 0x0007
[119] [M]: 0x00000000800001C8 (0x00078793) addi a5, a5, 0x0
x15 <- 0xFFFFFFFDFC000000

mem[X,0x00000000800001CC] -> 0x9793
mem[X,0x00000000800001CE] -> 0x00B7
[120] [M]: 0x00000000800001CC (0x00B79793) slli a5, a5, 0xb
x15 <- 0xFFFFEFE000000000

mem[X,0x00000000800001D0] -> 0x8793
mem[X,0x00000000800001D2] -> 0x0507
[121] [M]: 0x00000000800001D0 (0x05078793) addi a5, a5, 0x50
x15 <- 0xFFFFEFE000000050

mem[X,0x00000000800001D4] -> 0x9793
mem[X,0x00000000800001D6] -> 0x00A7
[122] [M]: 0x00000000800001D4 (0x00A79793) slli a5, a5, 0xa
x15 <- 0xFFBF800000014000

mem[X,0x00000000800001D8] -> 0xF7BB
mem[X,0x00000000800001DA] -> 0x8CF4
[123] [M]: 0x00000000800001D8 (0x8CF4F7BB) pmhracc.h a5, s1, a5
x15 <- 0xFFBF801100012000

mem[X,0x00000000800001DC] -> 0x3023
mem[X,0x00000000800001DE] -> 0x00F6
[124] [M]: 0x00000000800001DC (0x00F63023) sd a5, 0x0(a2)
mem[0x0000000080004118] <- 0xFFBF801100012000

mem[X,0x00000000800001E0] -> 0x0537
mem[X,0x00000000800001E2] -> 0xFFF6
[125] [M]: 0x00000000800001E0 (0xFFF60537) lui a0, -0xa0
x10 <- 0xFFFFFFFFFFF60000

mem[X,0x00000000800001E4] -> 0x0513
mem[X,0x00000000800001E6] -> 0x0805
[126] [M]: 0x00000000800001E4 (0x08050513) addi a0, a0, 0x80
x10 <- 0xFFFFFFFFFFF60080

mem[X,0x00000000800001E8] -> 0x1513
mem[X,0x00000000800001EA] -> 0x00B5
[127] [M]: 0x00000000800001E8 (0x00B51513) slli a0, a0, 0xb
x10 <- 0xFFFFFFFFB0040000

mem[X,0x00000000800001EC] -> 0x0513
mem[X,0x00000000800001EE] -> 0x7BF5
[128] [M]: 0x00000000800001EC (0x7BF50513) addi a0, a0, 0x7bf
x10 <- 0xFFFFFFFFB00407BF

mem[X,0x00000000800001F0] -> 0x1513
mem[X,0x00000000800001F2] -> 0x00B5
[129] [M]: 0x00000000800001F0 (0x00B51513) slli a0, a0, 0xb
x10 <- 0xFFFFFD80203DF800

mem[X,0x00000000800001F4] -> 0x0513
mem[X,0x00000000800001F6] -> 0x7FF5
[130] [M]: 0x00000000800001F4 (0x7FF50513) addi a0, a0, 0x7ff
x10 <- 0xFFFFFD80203DFFFF

mem[X,0x00000000800001F8] -> 0x1513
mem[X,0x00000000800001FA] -> 0x00A5
[131] [M]: 0x00000000800001F8 (0x00A51513) slli a0, a0, 0xa
x10 <- 0xFFF60080F7FFFC00

mem[X,0x00000000800001FC] -> 0x0513
mem[X,0x00000000800001FE] -> 0x3FF5
[132] [M]: 0x00000000800001FC (0x3FF50513) addi a0, a0, 0x3ff
x10 <- 0xFFF60080F7FFFFFF

mem[X,0x0000000080000200] -> 0x1537
mem[X,0x0000000080000202] -> 0x4000
[133] [M]: 0x0000000080000200 (0x40001537) lui a0, 0x40001
x10 <- 0x0000000040001000

mem[X,0x0000000080000204] -> 0x0513
mem[X,0x0000000080000206] -> 0x0005
[134] [M]: 0x0000000080000204 (0x00050513) addi a0, a0, 0x0
x10 <- 0x0000000040001000

mem[X,0x0000000080000208] -> 0x1513
mem[X,0x000000008000020A] -> 0x00B5
[135] [M]: 0x0000000080000208 (0x00B51513) slli a0, a0, 0xb
x10 <- 0x0000020000800000

mem[X,0x000000008000020C] -> 0x0513
mem[X,0x000000008000020E] -> 0x7F75
[136] [M]: 0x000000008000020C (0x7F750513) addi a0, a0, 0x7f7
x10 <- 0x00000200008007F7

mem[X,0x0000000080000210] -> 0x1513
mem[X,0x0000000080000212] -> 0x00B5
[137] [M]: 0x0000000080000210 (0x00B51513) slli a0, a0, 0xb
x10 <- 0x00100004003FB800

mem[X,0x0000000080000214] -> 0x0513
mem[X,0x0000000080000216] -> 0x7C85
[138] [M]: 0x0000000080000214 (0x7C850513) addi a0, a0, 0x7c8
x10 <- 0x00100004003FBFC8

mem[X,0x0000000080000218] -> 0x1513
mem[X,0x000000008000021A] -> 0x00A5
[139] [M]: 0x0000000080000218 (0x00A51513) slli a0, a0, 0xa
x10 <- 0x40001000FEFF2000

mem[X,0x000000008000021C] -> 0x793B
mem[X,0x000000008000021E] -> 0x8CA5
[140] [M]: 0x000000008000021C (0x8CA5793B) pmhracc.h s2, a0, a0
x18 <- 0x1001F66FF76EF96F

mem[X,0x0000000080000220] -> 0x3423
mem[X,0x0000000080000222] -> 0x0126
[141] [M]: 0x0000000080000220 (0x01263423) sd s2, 0x8(a2)
mem[0x0000000080004120] <- 0x1001F66FF76EF96F

mem[X,0x0000000080000224] -> 0x0BB7
mem[X,0x0000000080000226] -> 0xFFF8
[142] [M]: 0x0000000080000224 (0xFFF80BB7) lui s7, -0x80
x23 <- 0xFFFFFFFFFFF80000

mem[X,0x0000000080000228] -> 0x8B93
mem[X,0x000000008000022A] -> 0xFFFB
[143] [M]: 0x0000000080000228 (0xFFFB8B93) addi s7, s7, -0x1
x23 <- 0xFFFFFFFFFFF7FFFF

mem[X,0x000000008000022C] -> 0x9B93
mem[X,0x000000008000022E] -> 0x00BB
[144] [M]: 0x000000008000022C (0x00BB9B93) slli s7, s7, 0xb
x23 <- 0xFFFFFFFFBFFFF800

mem[X,0x0000000080000230] -> 0x8B93
mem[X,0x0000000080000232] -> 0x004B
[145] [M]: 0x0000000080000230 (0x004B8B93) addi s7, s7, 0x4
x23 <- 0xFFFFFFFFBFFFF804

mem[X,0x0000000080000234] -> 0x9B93
mem[X,0x0000000080000236] -> 0x00BB
[146] [M]: 0x0000000080000234 (0x00BB9B93) slli s7, s7, 0xb
x23 <- 0xFFFFFDFFFFC02000

mem[X,0x0000000080000238] -> 0x8B93
mem[X,0x000000008000023A] -> 0x000B
[147] [M]: 0x0000000080000238 (0x000B8B93) addi s7, s7, 0x0
x23 <- 0xFFFFFDFFFFC02000

mem[X,0x000000008000023C] -> 0x9B93
mem[X,0x000000008000023E] -> 0x00AB
[148] [M]: 0x000000008000023C (0x00AB9B93) slli s7, s7, 0xa
x23 <- 0xFFF7FFFF00800000

mem[X,0x0000000080000240] -> 0x0BB7
mem[X,0x0000000080000242] -> 0x0010
[149] [M]: 0x0000000080000240 (0x00100BB7) lui s7, 0x100
x23 <- 0x0000000000100000

mem[X,0x0000000080000244] -> 0x8B93
mem[X,0x0000000080000246] -> 0x040B
[150] [M]: 0x0000000080000244 (0x040B8B93) addi s7, s7, 0x40
x23 <- 0x0000000000100040

mem[X,0x0000000080000248] -> 0x9B93
mem[X,0x000000008000024A] -> 0x00BB
[151] [M]: 0x0000000080000248 (0x00BB9B93) slli s7, s7, 0xb
x23 <- 0x0000000080020000

mem[X,0x000000008000024C] -> 0x8B93
mem[X,0x000000008000024E] -> 0x7BFB
[152] [M]: 0x000000008000024C (0x7BFB8B93) addi s7, s7, 0x7bf
x23 <- 0x00000000800207BF

mem[X,0x0000000080000250] -> 0x9B93
mem[X,0x0000000080000252] -> 0x00BB
[153] [M]: 0x0000000080000250 (0x00BB9B93) slli s7, s7, 0xb
x23 <- 0x00000400103DF800

mem[X,0x0000000080000254] -> 0x8B93
mem[X,0x0000000080000256] -> 0x7FFB
[154] [M]: 0x0000000080000254 (0x7FFB8B93) addi s7, s7, 0x7ff
x23 <- 0x00000400103DFFFF

mem[X,0x0000000080000258] -> 0x9B93
mem[X,0x000000008000025A] -> 0x00AB
[155] [M]: 0x0000000080000258 (0x00AB9B93) slli s7, s7, 0xa
x23 <- 0x00100040F7FFFC00

mem[X,0x000000008000025C] -> 0x8B93
mem[X,0x000000008000025E] -> 0x3EFB
[156] [M]: 0x000000008000025C (0x3EFB8B93) addi s7, s7, 0x3ef
x23 <- 0x00100040F7FFFFEF

mem[X,0x0000000080000260] -> 0xFBBB
mem[X,0x0000000080000262] -> 0x8D7B
[157] [M]: 0x0000000080000260 (0x8D7BFBBB) pmhracc.h s7, s7, s7
x23 <- 0x00100040F83FFFEF

mem[X,0x0000000080000264] -> 0x3823
mem[X,0x0000000080000266] -> 0x0176
[158] [M]: 0x0000000080000264 (0x01763823) sd s7, 0x10(a2)
mem[0x0000000080004128] <- 0x00100040F83FFFEF

mem[X,0x0000000080000268] -> 0x1137
mem[X,0x000000008000026A] -> 0xFFFD
[159] [M]: 0x0000000080000268 (0xFFFD1137) lui sp, -0x2f
x2 <- 0xFFFFFFFFFFFD1000

mem[X,0x000000008000026C] -> 0x0113
mem[X,0x000000008000026E] -> 0x8001
[160] [M]: 0x000000008000026C (0x80010113) addi sp, sp, -0x800
x2 <- 0xFFFFFFFFFFFD0800

mem[X,0x0000000080000270] -> 0x1113
mem[X,0x0000000080000272] -> 0x00B1
[161] [M]: 0x0000000080000270 (0x00B11113) slli sp, sp, 0xb
x2 <- 0xFFFFFFFFE8400000

mem[X,0x0000000080000274] -> 0x0113
mem[X,0x0000000080000276] -> 0x0001
[162] [M]: 0x0000000080000274 (0x00010113) addi sp, sp, 0x0
x2 <- 0xFFFFFFFFE8400000

mem[X,0x0000000080000278] -> 0x1113
mem[X,0x000000008000027A] -> 0x00B1
[163] [M]: 0x0000000080000278 (0x00B11113) slli sp, sp, 0xb
x2 <- 0xFFFFFF4200000000

mem[X,0x000000008000027C] -> 0x0113
mem[X,0x000000008000027E] -> 0x1C01
[164] [M]: 0x000000008000027C (0x1C010113) addi sp, sp, 0x1c0
x2 <- 0xFFFFFF42000001C0

mem[X,0x0000000080000280] -> 0x1113
mem[X,0x0000000080000282] -> 0x00A1
[165] [M]: 0x0000000080000280 (0x00A11113) slli sp, sp, 0xa
x2 <- 0xFFFD080000070000

mem[X,0x0000000080000284] -> 0x0113
mem[X,0x0000000080000286] -> 0x0011
[166] [M]: 0x0000000080000284 (0x00110113) addi sp, sp, 0x1
x2 <- 0xFFFD080000070001

mem[X,0x0000000080000288] -> 0x0437
mem[X,0x000000008000028A] -> 0xFC00
[167] [M]: 0x0000000080000288 (0xFC000437) lui fp, -0x4000
x8 <- 0xFFFFFFFFFC000000

mem[X,0x000000008000028C] -> 0x0413
mem[X,0x000000008000028E] -> 0xFFB4
[168] [M]: 0x000000008000028C (0xFFB40413) addi fp, fp, -0x5
x8 <- 0xFFFFFFFFFBFFFFFB

mem[X,0x0000000080000290] -> 0x1413
mem[X,0x0000000080000292] -> 0x00B4
[169] [M]: 0x0000000080000290 (0x00B41413) slli fp, fp, 0xb
x8 <- 0xFFFFFFDFFFFFD800

mem[X,0x0000000080000294] -> 0x0413
mem[X,0x0000000080000296] -> 0x0204
[170] [M]: 0x0000000080000294 (0x02040413) addi fp, fp, 0x20
x8 <- 0xFFFFFFDFFFFFD820

mem[X,0x0000000080000298] -> 0x1413
mem[X,0x000000008000029A] -> 0x00B4
[171] [M]: 0x0000000080000298 (0x00B41413) slli fp, fp, 0xb
x8 <- 0xFFFEFFFFFEC10000

mem[X,0x000000008000029C] -> 0x0413
mem[X,0x000000008000029E] -> 0x00F4
[172] [M]: 0x000000008000029C (0x00F40413) addi fp, fp, 0xf
x8 <- 0xFFFEFFFFFEC1000F

mem[X,0x00000000800002A0] -> 0x1413
mem[X,0x00000000800002A2] -> 0x00A4
[173] [M]: 0x00000000800002A0 (0x00A41413) slli fp, fp, 0xa
x8 <- 0xFBFFFFFB04003C00

mem[X,0x00000000800002A4] -> 0x0413
mem[X,0x00000000800002A6] -> 0x3FF4
[174] [M]: 0x00000000800002A4 (0x3FF40413) addi fp, fp, 0x3ff
x8 <- 0xFBFFFFFB04003FFF

mem[X,0x00000000800002A8] -> 0x713B
mem[X,0x00000000800002AA] -> 0x8C81
[175] [M]: 0x00000000800002A8 (0x8C81713B) pmhracc.h sp, sp, fp
x2 <- 0xFFFD080000070001

mem[X,0x00000000800002AC] -> 0x3C23
mem[X,0x00000000800002AE] -> 0x0026
[176] [M]: 0x00000000800002AC (0x00263C23) sd sp, 0x18(a2)
mem[0x0000000080004130] <- 0xFFFD080000070001

mem[X,0x00000000800002B0] -> 0x0337
mem[X,0x00000000800002B2] -> 0x0006
[177] [M]: 0x00000000800002B0 (0x00060337) lui t1, 0x60
x6 <- 0x0000000000060000

mem[X,0x00000000800002B4] -> 0x0313
mem[X,0x00000000800002B6] -> 0x0803
[178] [M]: 0x00000000800002B4 (0x08030313) addi t1, t1, 0x80
x6 <- 0x0000000000060080

mem[X,0x00000000800002B8] -> 0x1313
mem[X,0x00000000800002BA] -> 0x00B3
[179] [M]: 0x00000000800002B8 (0x00B31313) slli t1, t1, 0xb
x6 <- 0x0000000030040000

mem[X,0x00000000800002BC] -> 0x0313
mem[X,0x00000000800002BE] -> 0x7FF3
[180] [M]: 0x00000000800002BC (0x7FF30313) addi t1, t1, 0x7ff
x6 <- 0x00000000300407FF

mem[X,0x00000000800002C0] -> 0x1313
mem[X,0x00000000800002C2] -> 0x00B3
[181] [M]: 0x00000000800002C0 (0x00B31313) slli t1, t1, 0xb
x6 <- 0x00000180203FF800

mem[X,0x00000000800002C4] -> 0x0313
mem[X,0x00000000800002C6] -> 0x6DF3
[182] [M]: 0x00000000800002C4 (0x6DF30313) addi t1, t1, 0x6df
x6 <- 0x00000180203FFEDF

mem[X,0x00000000800002C8] -> 0x1313
mem[X,0x00000000800002CA] -> 0x00A3
[183] [M]: 0x00000000800002C8 (0x00A31313) slli t1, t1, 0xa
x6 <- 0x00060080FFFB7C00

mem[X,0x00000000800002CC] -> 0x0313
mem[X,0x00000000800002CE] -> 0x3FF3
[184] [M]: 0x00000000800002CC (0x3FF30313) addi t1, t1, 0x3ff
x6 <- 0x00060080FFFB7FFF

mem[X,0x00000000800002D0] -> 0x0E37
mem[X,0x00000000800002D2] -> 0x0005
[185] [M]: 0x00000000800002D0 (0x00050E37) lui t3, 0x50
x28 <- 0x0000000000050000

mem[X,0x00000000800002D4] -> 0x0E13
mem[X,0x00000000800002D6] -> 0x080E
[186] [M]: 0x00000000800002D4 (0x080E0E13) addi t3, t3, 0x80
x28 <- 0x0000000000050080

mem[X,0x00000000800002D8] -> 0x1E13
mem[X,0x00000000800002DA] -> 0x00BE
[187] [M]: 0x00000000800002D8 (0x00BE1E13) slli t3, t3, 0xb
x28 <- 0x0000000028040000

mem[X,0x00000000800002DC] -> 0x0E13
mem[X,0x00000000800002DE] -> 0x7FFE
[188] [M]: 0x00000000800002DC (0x7FFE0E13) addi t3, t3, 0x7ff
x28 <- 0x00000000280407FF

mem[X,0x00000000800002E0] -> 0x1E13
mem[X,0x00000000800002E2] -> 0x00BE
[189] [M]: 0x00000000800002E0 (0x00BE1E13) slli t3, t3, 0xb
x28 <- 0x00000140203FF800

mem[X,0x00000000800002E4] -> 0x0E13
mem[X,0x00000000800002E6] -> 0x77EE
[190] [M]: 0x00000000800002E4 (0x77EE0E13) addi t3, t3, 0x77e
x28 <- 0x00000140203FFF7E

mem[X,0x00000000800002E8] -> 0x1E13
mem[X,0x00000000800002EA] -> 0x00AE
[191] [M]: 0x00000000800002E8 (0x00AE1E13) slli t3, t3, 0xa
x28 <- 0x00050080FFFDF800

mem[X,0x00000000800002EC] -> 0x0E13
mem[X,0x00000000800002EE] -> 0x3FFE
[192] [M]: 0x00000000800002EC (0x3FFE0E13) addi t3, t3, 0x3ff
x28 <- 0x00050080FFFDFBFF

mem[X,0x00000000800002F0] -> 0x7ABB
mem[X,0x00000000800002F2] -> 0x8DC3
[193] [M]: 0x00000000800002F0 (0x8DC37ABB) pmhracc.h s5, t1, t3
x21 <- 0x000000000FAB7DBB

mem[X,0x00000000800002F4] -> 0x3023
mem[X,0x00000000800002F6] -> 0x0356
[194] [M]: 0x00000000800002F4 (0x03563023) sd s5, 0x20(a2)
mem[0x0000000080004138] <- 0x000000000FAB7DBB

mem[X,0x00000000800002F8] -> 0x5C37
mem[X,0x00000000800002FA] -> 0x0002
[195] [M]: 0x00000000800002F8 (0x00025C37) lui s8, 0x25
x24 <- 0x0000000000025000

mem[X,0x00000000800002FC] -> 0x0C13
mem[X,0x00000000800002FE] -> 0x555C
[196] [M]: 0x00000000800002FC (0x555C0C13) addi s8, s8, 0x555
x24 <- 0x0000000000025555

mem[X,0x0000000080000300] -> 0x1C13
mem[X,0x0000000080000302] -> 0x00BC
[197] [M]: 0x0000000080000300 (0x00BC1C13) slli s8, s8, 0xb
x24 <- 0x0000000012AAA800

mem[X,0x0000000080000304] -> 0x0C13
mem[X,0x0000000080000306] -> 0x7DFC
[198] [M]: 0x0000000080000304 (0x7DFC0C13) addi s8, s8, 0x7df
x24 <- 0x0000000012AAAFDF

mem[X,0x0000000080000308] -> 0x1C13
mem[X,0x000000008000030A] -> 0x00BC
[199] [M]: 0x0000000080000308 (0x00BC1C13) slli s8, s8, 0xb
x24 <- 0x00000095557EF800

clint::tick mtime <- 0x0000000000000002
 clint timer pending at mtime 0x0000000000000002
htif::tick 0x0000000000000000
mem[X,0x000000008000030C] -> 0x0C13
mem[X,0x000000008000030E] -> 0x7C0C
[200] [M]: 0x000000008000030C (0x7C0C0C13) addi s8, s8, 0x7c0
x24 <- 0x00000095557EFFC0

mem[X,0x0000000080000310] -> 0x1C13
mem[X,0x0000000080000312] -> 0x00AC
[201] [M]: 0x0000000080000310 (0x00AC1C13) slli s8, s8, 0xa
x24 <- 0x00025555FBFF0000

mem[X,0x0000000080000314] -> 0x0C13
mem[X,0x0000000080000316] -> 0x002C
[202] [M]: 0x0000000080000314 (0x002C0C13) addi s8, s8, 0x2
x24 <- 0x00025555FBFF0002

mem[X,0x0000000080000318] -> 0x0D37
mem[X,0x000000008000031A] -> 0xEFFF
[203] [M]: 0x0000000080000318 (0xEFFF0D37) lui s10, -0x10010
x26 <- 0xFFFFFFFFEFFF0000

mem[X,0x000000008000031C] -> 0x0D13
mem[X,0x000000008000031E] -> 0x020D
[204] [M]: 0x000000008000031C (0x020D0D13) addi s10, s10, 0x20
x26 <- 0xFFFFFFFFEFFF0020

mem[X,0x0000000080000320] -> 0x1D13
mem[X,0x0000000080000322] -> 0x00BD
[205] [M]: 0x0000000080000320 (0x00BD1D13) slli s10, s10, 0xb
x26 <- 0xFFFFFF7FF8010000

mem[X,0x0000000080000324] -> 0x0D13
mem[X,0x0000000080000326] -> 0x000D
[206] [M]: 0x0000000080000324 (0x000D0D13) addi s10, s10, 0x0
x26 <- 0xFFFFFF7FF8010000

mem[X,0x0000000080000328] -> 0x1D13
mem[X,0x000000008000032A] -> 0x00BD
[207] [M]: 0x0000000080000328 (0x00BD1D13) slli s10, s10, 0xb
x26 <- 0xFFFBFFC008000000

mem[X,0x000000008000032C] -> 0x0D13
mem[X,0x000000008000032E] -> 0x21FD
[208] [M]: 0x000000008000032C (0x21FD0D13) addi s10, s10, 0x21f
x26 <- 0xFFFBFFC00800021F

mem[X,0x0000000080000330] -> 0x1D13
mem[X,0x0000000080000332] -> 0x00AD
[209] [M]: 0x0000000080000330 (0x00AD1D13) slli s10, s10, 0xa
x26 <- 0xEFFF002000087C00

mem[X,0x0000000080000334] -> 0x0D13
mem[X,0x0000000080000336] -> 0x3FFD
[210] [M]: 0x0000000080000334 (0x3FFD0D13) addi s10, s10, 0x3ff
x26 <- 0xEFFF002000087FFF

mem[X,0x0000000080000338] -> 0x743B
mem[X,0x000000008000033A] -> 0x8DAC
[211] [M]: 0x0000000080000338 (0x8DAC743B) pmhracc.h fp, s8, s10
x8 <- 0xFBFF000604004000

mem[X,0x000000008000033C] -> 0x3423
mem[X,0x000000008000033E] -> 0x0286
[212] [M]: 0x000000008000033C (0x02863423) sd fp, 0x28(a2)
mem[0x0000000080004140] <- 0xFBFF000604004000

mem[X,0x0000000080000340] -> 0x06B7
mem[X,0x0000000080000342] -> 0xFE00
[213] [M]: 0x0000000080000340 (0xFE0006B7) lui a3, -0x2000
x13 <- 0xFFFFFFFFFE000000

mem[X,0x0000000080000344] -> 0x8693
mem[X,0x0000000080000346] -> 0xFEF6
[214] [M]: 0x0000000080000344 (0xFEF68693) addi a3, a3, -0x11
x13 <- 0xFFFFFFFFFDFFFFEF

mem[X,0x0000000080000348] -> 0x9693
mem[X,0x000000008000034A] -> 0x00B6
[215] [M]: 0x0000000080000348 (0x00B69693) slli a3, a3, 0xb
x13 <- 0xFFFFFFEFFFFF7800

mem[X,0x000000008000034C] -> 0x8693
mem[X,0x000000008000034E] -> 0x2AA6
[216] [M]: 0x000000008000034C (0x2AA68693) addi a3, a3, 0x2aa
x13 <- 0xFFFFFFEFFFFF7AAA

mem[X,0x0000000080000350] -> 0x9693
mem[X,0x0000000080000352] -> 0x00B6
[217] [M]: 0x0000000080000350 (0x00B69693) slli a3, a3, 0xb
x13 <- 0xFFFF7FFFFBD55000

mem[X,0x0000000080000354] -> 0x8693
mem[X,0x0000000080000356] -> 0x5406
[218] [M]: 0x0000000080000354 (0x54068693) addi a3, a3, 0x540
x13 <- 0xFFFF7FFFFBD55540

mem[X,0x0000000080000358] -> 0x9693
mem[X,0x000000008000035A] -> 0x00A6
[219] [M]: 0x0000000080000358 (0x00A69693) slli a3, a3, 0xa
x13 <- 0xFDFFFFEF55550000

mem[X,0x000000008000035C] -> 0x8693
mem[X,0x000000008000035E] -> 0x0046
[220] [M]: 0x000000008000035C (0x00468693) addi a3, a3, 0x4
x13 <- 0xFDFFFFEF55550004

mem[X,0x0000000080000360] -> 0x0837
mem[X,0x0000000080000362] -> 0xBFFF
[221] [M]: 0x0000000080000360 (0xBFFF0837) lui a6, -0x40010
x16 <- 0xFFFFFFFFBFFF0000

mem[X,0x0000000080000364] -> 0x0813
mem[X,0x0000000080000366] -> 0x0078
[222] [M]: 0x0000000080000364 (0x00780813) addi a6, a6, 0x7
x16 <- 0xFFFFFFFFBFFF0007

mem[X,0x0000000080000368] -> 0x1813
mem[X,0x000000008000036A] -> 0x00B8
[223] [M]: 0x0000000080000368 (0x00B81813) slli a6, a6, 0xb
x16 <- 0xFFFFFDFFF8003800

mem[X,0x000000008000036C] -> 0x0813
mem[X,0x000000008000036E] -> 0x7FF8
[224] [M]: 0x000000008000036C (0x7FF80813) addi a6, a6, 0x7ff
x16 <- 0xFFFFFDFFF8003FFF

mem[X,0x0000000080000370] -> 0x1813
mem[X,0x0000000080000372] -> 0x00B8
[225] [M]: 0x0000000080000370 (0x00B81813) slli a6, a6, 0xb
x16 <- 0xFFEFFFC001FFF800

mem[X,0x0000000080000374] -> 0x0813
mem[X,0x0000000080000376] -> 0x67F8
[226] [M]: 0x0000000080000374 (0x67F80813) addi a6, a6, 0x67f
x16 <- 0xFFEFFFC001FFFE7F

mem[X,0x0000000080000378] -> 0x1813
mem[X,0x000000008000037A] -> 0x00A8
[227] [M]: 0x0000000080000378 (0x00A81813) slli a6, a6, 0xa
x16 <- 0xBFFF0007FFF9FC00

mem[X,0x000000008000037C] -> 0x0813
mem[X,0x000000008000037E] -> 0x3FB8
[228] [M]: 0x000000008000037C (0x3FB80813) addi a6, a6, 0x3fb
x16 <- 0xBFFF0007FFF9FFFB

mem[X,0x0000000080000380] -> 0xF9BB
mem[X,0x0000000080000382] -> 0x8D06
[229] [M]: 0x0000000080000380 (0x8D06F9BB) pmhracc.h s3, a3, a6
x19 <- 0x008003EADFECDBEA

mem[X,0x0000000080000384] -> 0x3823
mem[X,0x0000000080000386] -> 0x0336
[230] [M]: 0x0000000080000384 (0x03363823) sd s3, 0x30(a2)
mem[0x0000000080004148] <- 0x008003EADFECDBEA

mem[X,0x0000000080000388] -> 0x09B7
mem[X,0x000000008000038A] -> 0xFFDF
[231] [M]: 0x0000000080000388 (0xFFDF09B7) lui s3, -0x210
x19 <- 0xFFFFFFFFFFDF0000

mem[X,0x000000008000038C] -> 0x8993
mem[X,0x000000008000038E] -> 0x0089
[232] [M]: 0x000000008000038C (0x00898993) addi s3, s3, 0x8
x19 <- 0xFFFFFFFFFFDF0008

mem[X,0x0000000080000390] -> 0x9993
mem[X,0x0000000080000392] -> 0x00B9
[233] [M]: 0x0000000080000390 (0x00B99993) slli s3, s3, 0xb
x19 <- 0xFFFFFFFEF8004000

mem[X,0x0000000080000394] -> 0x8993
mem[X,0x0000000080000396] -> 0x0809
[234] [M]: 0x0000000080000394 (0x08098993) addi s3, s3, 0x80
x19 <- 0xFFFFFFFEF8004080

mem[X,0x0000000080000398] -> 0x9993
mem[X,0x000000008000039A] -> 0x00B9
[235] [M]: 0x0000000080000398 (0x00B99993) slli s3, s3, 0xb
x19 <- 0xFFFFF7C002040000

mem[X,0x000000008000039C] -> 0x8993
mem[X,0x000000008000039E] -> 0x0009
[236] [M]: 0x000000008000039C (0x00098993) addi s3, s3, 0x0
x19 <- 0xFFFFF7C002040000

mem[X,0x00000000800003A0] -> 0x9993
mem[X,0x00000000800003A2] -> 0x00A9
[237] [M]: 0x00000000800003A0 (0x00A99993) slli s3, s3, 0xa
x19 <- 0xFFDF000810000000

mem[X,0x00000000800003A4] -> 0x8993
mem[X,0x00000000800003A6] -> 0x0089
[238] [M]: 0x00000000800003A4 (0x00898993) addi s3, s3, 0x8
x19 <- 0xFFDF000810000008

mem[X,0x00000000800003A8] -> 0x03B7
mem[X,0x00000000800003AA] -> 0x2001
[239] [M]: 0x00000000800003A8 (0x200103B7) lui t2, 0x20010
x7 <- 0x0000000020010000

mem[X,0x00000000800003AC] -> 0x8393
mem[X,0x00000000800003AE] -> 0xFFB3
[240] [M]: 0x00000000800003AC (0xFFB38393) addi t2, t2, -0x5
x7 <- 0x000000002000FFFB

mem[X,0x00000000800003B0] -> 0x9393
mem[X,0x00000000800003B2] -> 0x00B3
[241] [M]: 0x00000000800003B0 (0x00B39393) slli t2, t2, 0xb
x7 <- 0x0000010007FFD800

mem[X,0x00000000800003B4] -> 0x8393
mem[X,0x00000000800003B6] -> 0x7FF3
[242] [M]: 0x00000000800003B4 (0x7FF38393) addi t2, t2, 0x7ff
x7 <- 0x0000010007FFDFFF

mem[X,0x00000000800003B8] -> 0x9393
mem[X,0x00000000800003BA] -> 0x00B3
[243] [M]: 0x00000000800003B8 (0x00B39393) slli t2, t2, 0xb
x7 <- 0x0008003FFEFFF800

mem[X,0x00000000800003BC] -> 0x8393
mem[X,0x00000000800003BE] -> 0x6FF3
[244] [M]: 0x00000000800003BC (0x6FF38393) addi t2, t2, 0x6ff
x7 <- 0x0008003FFEFFFEFF

mem[X,0x00000000800003C0] -> 0x9393
mem[X,0x00000000800003C2] -> 0x00A3
[245] [M]: 0x00000000800003C0 (0x00A39393) slli t2, t2, 0xa
x7 <- 0x2000FFFBFFFBFC00

mem[X,0x00000000800003C4] -> 0x8393
mem[X,0x00000000800003C6] -> 0x37F3
[246] [M]: 0x00000000800003C4 (0x37F38393) addi t2, t2, 0x37f
x7 <- 0x2000FFFBFFFBFF7F

mem[X,0x00000000800003C8] -> 0xF2BB
mem[X,0x00000000800003CA] -> 0x8C79
[247] [M]: 0x00000000800003C8 (0x8C79F2BB) pmhracc.h t0, s3, t2
x5 <- 0xFFFC000FEEDBEADF

mem[X,0x00000000800003CC] -> 0x3C23
mem[X,0x00000000800003CE] -> 0x0256
[248] [M]: 0x00000000800003CC (0x02563C23) sd t0, 0x38(a2)
mem[0x0000000080004150] <- 0xFFFC000FEEDBEADF

mem[X,0x00000000800003D0] -> 0xF1B7
mem[X,0x00000000800003D2] -> 0x0004
[249] [M]: 0x00000000800003D0 (0x0004F1B7) lui gp, 0x4f
x3 <- 0x000000000004F000

mem[X,0x00000000800003D4] -> 0x8193
mem[X,0x00000000800003D6] -> 0x7FF1
[250] [M]: 0x00000000800003D4 (0x7FF18193) addi gp, gp, 0x7ff
x3 <- 0x000000000004F7FF

mem[X,0x00000000800003D8] -> 0x9193
mem[X,0x00000000800003DA] -> 0x00B1
[251] [M]: 0x00000000800003D8 (0x00B19193) slli gp, gp, 0xb
x3 <- 0x0000000027BFF800

mem[X,0x00000000800003DC] -> 0x8193
mem[X,0x00000000800003DE] -> 0x7FF1
[252] [M]: 0x00000000800003DC (0x7FF18193) addi gp, gp, 0x7ff
x3 <- 0x0000000027BFFFFF

mem[X,0x00000000800003E0] -> 0x9193
mem[X,0x00000000800003E2] -> 0x00B1
[253] [M]: 0x00000000800003E0 (0x00B19193) slli gp, gp, 0xb
x3 <- 0x0000013DFFFFF800

mem[X,0x00000000800003E4] -> 0x8193
mem[X,0x00000000800003E6] -> 0x5801
[254] [M]: 0x00000000800003E4 (0x58018193) addi gp, gp, 0x580
x3 <- 0x0000013DFFFFFD80

mem[X,0x00000000800003E8] -> 0x9193
mem[X,0x00000000800003EA] -> 0x00A1
[255] [M]: 0x00000000800003E8 (0x00A19193) slli gp, gp, 0xa
x3 <- 0x0004F7FFFFF60000

mem[X,0x00000000800003EC] -> 0x8193
mem[X,0x00000000800003EE] -> 0x0101
[256] [M]: 0x00000000800003EC (0x01018193) addi gp, gp, 0x10
x3 <- 0x0004F7FFFFF60010

mem[X,0x00000000800003F0] -> 0x02B7
mem[X,0x00000000800003F2] -> 0x1000
[257] [M]: 0x00000000800003F0 (0x100002B7) lui t0, 0x10000
x5 <- 0x0000000010000000

mem[X,0x00000000800003F4] -> 0x8293
mem[X,0x00000000800003F6] -> 0x0052
[258] [M]: 0x00000000800003F4 (0x00528293) addi t0, t0, 0x5
x5 <- 0x0000000010000005

mem[X,0x00000000800003F8] -> 0x9293
mem[X,0x00000000800003FA] -> 0x00B2
[259] [M]: 0x00000000800003F8 (0x00B29293) slli t0, t0, 0xb
x5 <- 0x0000008000002800

mem[X,0x00000000800003FC] -> 0x8293
mem[X,0x00000000800003FE] -> 0x0002
[260] [M]: 0x00000000800003FC (0x00028293) addi t0, t0, 0x0
x5 <- 0x0000008000002800

mem[X,0x0000000080000400] -> 0x9293
mem[X,0x0000000080000402] -> 0x00B2
[261] [M]: 0x0000000080000400 (0x00B29293) slli t0, t0, 0xb
x5 <- 0x0004000001400000

mem[X,0x0000000080000404] -> 0x8293
mem[X,0x0000000080000406] -> 0x03F2
[262] [M]: 0x0000000080000404 (0x03F28293) addi t0, t0, 0x3f
x5 <- 0x000400000140003F

mem[X,0x0000000080000408] -> 0x9293
mem[X,0x000000008000040A] -> 0x00A2
[263] [M]: 0x0000000080000408 (0x00A29293) slli t0, t0, 0xa
x5 <- 0x100000050000FC00

mem[X,0x000000008000040C] -> 0x8293
mem[X,0x000000008000040E] -> 0x3FA2
[264] [M]: 0x000000008000040C (0x3FA28293) addi t0, t0, 0x3fa
x5 <- 0x100000050000FFFA

mem[X,0x0000000080000410] -> 0xFEBB
mem[X,0x0000000080000412] -> 0x8C51
[265] [M]: 0x0000000080000410 (0x8C51FEBB) pmhracc.h t4, gp, t0
x29 <- 0x0000000000000000

mem[X,0x0000000080000414] -> 0x3023
mem[X,0x0000000080000416] -> 0x05D6
[266] [M]: 0x0000000080000414 (0x05D63023) sd t4, 0x40(a2)
mem[0x0000000080004158] <- 0x0000000000000000

mem[X,0x0000000080000418] -> 0x0DB7
mem[X,0x000000008000041A] -> 0xFFE0
[267] [M]: 0x0000000080000418 (0xFFE00DB7) lui s11, -0x200
x27 <- 0xFFFFFFFFFFE00000

mem[X,0x000000008000041C] -> 0x8D93
mem[X,0x000000008000041E] -> 0xFFAD
[268] [M]: 0x000000008000041C (0xFFAD8D93) addi s11, s11, -0x6
x27 <- 0xFFFFFFFFFFDFFFFA

mem[X,0x0000000080000420] -> 0x9D93
mem[X,0x0000000080000422] -> 0x00BD
[269] [M]: 0x0000000080000420 (0x00BD9D93) slli s11, s11, 0xb
x27 <- 0xFFFFFFFEFFFFD000

mem[X,0x0000000080000424] -> 0x8D93
mem[X,0x0000000080000426] -> 0x6FFD
[270] [M]: 0x0000000080000424 (0x6FFD8D93) addi s11, s11, 0x6ff
x27 <- 0xFFFFFFFEFFFFD6FF

mem[X,0x0000000080000428] -> 0x9D93
mem[X,0x000000008000042A] -> 0x00BD
[271] [M]: 0x0000000080000428 (0x00BD9D93) slli s11, s11, 0xb
x27 <- 0xFFFFF7FFFEB7F800

mem[X,0x000000008000042C] -> 0x8D93
mem[X,0x000000008000042E] -> 0x7C0D
[272] [M]: 0x000000008000042C (0x7C0D8D93) addi s11, s11, 0x7c0
x27 <- 0xFFFFF7FFFEB7FFC0

mem[X,0x0000000080000430] -> 0x9D93
mem[X,0x0000000080000432] -> 0x00AD
[273] [M]: 0x0000000080000430 (0x00AD9D93) slli s11, s11, 0xa
x27 <- 0xFFDFFFFADFFF0000

mem[X,0x0000000080000434] -> 0x8D93
mem[X,0x0000000080000436] -> 0x020D
[274] [M]: 0x0000000080000434 (0x020D8D93) addi s11, s11, 0x20
x27 <- 0xFFDFFFFADFFF0020

mem[X,0x0000000080000438] -> 0x84B7
mem[X,0x000000008000043A] -> 0x0040
[275] [M]: 0x0000000080000438 (0x004084B7) lui s1, 0x408
x9 <- 0x0000000000408000

mem[X,0x000000008000043C] -> 0x8493
mem[X,0x000000008000043E] -> 0x0004
[276] [M]: 0x000000008000043C (0x00048493) addi s1, s1, 0x0
x9 <- 0x0000000000408000

mem[X,0x0000000080000440] -> 0x9493
mem[X,0x0000000080000442] -> 0x00B4
[277] [M]: 0x0000000080000440 (0x00B49493) slli s1, s1, 0xb
x9 <- 0x0000000204000000

mem[X,0x0000000080000444] -> 0x8493
mem[X,0x0000000080000446] -> 0x0044
[278] [M]: 0x0000000080000444 (0x00448493) addi s1, s1, 0x4
x9 <- 0x0000000204000004

mem[X,0x0000000080000448] -> 0x9493
mem[X,0x000000008000044A] -> 0x00B4
[279] [M]: 0x0000000080000448 (0x00B49493) slli s1, s1, 0xb
x9 <- 0x0000102000002000

mem[X,0x000000008000044C] -> 0x8493
mem[X,0x000000008000044E] -> 0x0004
[280] [M]: 0x000000008000044C (0x00048493) addi s1, s1, 0x0
x9 <- 0x0000102000002000

mem[X,0x0000000080000450] -> 0x9493
mem[X,0x0000000080000452] -> 0x00A4
[281] [M]: 0x0000000080000450 (0x00A49493) slli s1, s1, 0xa
x9 <- 0x0040800000800000

mem[X,0x0000000080000454] -> 0x8493
mem[X,0x0000000080000456] -> 0x0084
[282] [M]: 0x0000000080000454 (0x00848493) addi s1, s1, 0x8
x9 <- 0x0040800000800008

mem[X,0x0000000080000458] -> 0xFE3B
mem[X,0x000000008000045A] -> 0x8C9D
[283] [M]: 0x0000000080000458 (0x8C9DFE3B) pmhracc.h t3, s11, s1
x28 <- 0x00050083FFEDFBFF

mem[X,0x000000008000045C] -> 0x3423
mem[X,0x000000008000045E] -> 0x05C6
[284] [M]: 0x000000008000045C (0x05C63423) sd t3, 0x48(a2)
mem[0x0000000080004160] <- 0x00050083FFEDFBFF

mem[X,0x0000000080000460] -> 0xEB37
mem[X,0x0000000080000462] -> 0xFFEF
[285] [M]: 0x0000000080000460 (0xFFEFEB37) lui s6, -0x102
x22 <- 0xFFFFFFFFFFEFE000

mem[X,0x0000000080000464] -> 0x0B13
mem[X,0x0000000080000466] -> 0xFFFB
[286] [M]: 0x0000000080000464 (0xFFFB0B13) addi s6, s6, -0x1
x22 <- 0xFFFFFFFFFFEFDFFF

mem[X,0x0000000080000468] -> 0x1B13
mem[X,0x000000008000046A] -> 0x00BB
[287] [M]: 0x0000000080000468 (0x00BB1B13) slli s6, s6, 0xb
x22 <- 0xFFFFFFFF7EFFF800

mem[X,0x000000008000046C] -> 0x0B13
mem[X,0x000000008000046E] -> 0x7DFB
[288] [M]: 0x000000008000046C (0x7DFB0B13) addi s6, s6, 0x7df
x22 <- 0xFFFFFFFF7EFFFFDF

mem[X,0x0000000080000470] -> 0x1B13
mem[X,0x0000000080000472] -> 0x00BB
[289] [M]: 0x0000000080000470 (0x00BB1B13) slli s6, s6, 0xb
x22 <- 0xFFFFFBF7FFFEF800

mem[X,0x0000000080000474] -> 0x0B13
mem[X,0x0000000080000476] -> 0x7C0B
[290] [M]: 0x0000000080000474 (0x7C0B0B13) addi s6, s6, 0x7c0
x22 <- 0xFFFFFBF7FFFEFFC0

mem[X,0x0000000080000478] -> 0x1B13
mem[X,0x000000008000047A] -> 0x00AB
[291] [M]: 0x0000000080000478 (0x00AB1B13) slli s6, s6, 0xa
x22 <- 0xFFEFDFFFFBFF0000

mem[X,0x000000008000047C] -> 0x0B13
mem[X,0x000000008000047E] -> 0x040B
[292] [M]: 0x000000008000047C (0x040B0B13) addi s6, s6, 0x40
x22 <- 0xFFEFDFFFFBFF0040

mem[X,0x0000000080000480] -> 0x00B7
mem[X,0x0000000080000482] -> 0x0002
[293] [M]: 0x0000000080000480 (0x000200B7) lui ra, 0x20
x1 <- 0x0000000000020000

mem[X,0x0000000080000484] -> 0x8093
mem[X,0x0000000080000486] -> 0xFFC0
[294] [M]: 0x0000000080000484 (0xFFC08093) addi ra, ra, -0x4
x1 <- 0x000000000001FFFC

mem[X,0x0000000080000488] -> 0x9093
mem[X,0x000000008000048A] -> 0x00B0
[295] [M]: 0x0000000080000488 (0x00B09093) slli ra, ra, 0xb
x1 <- 0x000000000FFFE000

mem[X,0x000000008000048C] -> 0x8093
mem[X,0x000000008000048E] -> 0x0000
[296] [M]: 0x000000008000048C (0x00008093) addi ra, ra, 0x0
x1 <- 0x000000000FFFE000

mem[X,0x0000000080000490] -> 0x9093
mem[X,0x0000000080000492] -> 0x00B0
[297] [M]: 0x0000000080000490 (0x00B09093) slli ra, ra, 0xb
x1 <- 0x0000007FFF000000

mem[X,0x0000000080000494] -> 0x8093
mem[X,0x0000000080000496] -> 0x1480
[298] [M]: 0x0000000080000494 (0x14808093) addi ra, ra, 0x148
x1 <- 0x0000007FFF000148

mem[X,0x0000000080000498] -> 0x9093
mem[X,0x000000008000049A] -> 0x00A0
[299] [M]: 0x0000000080000498 (0x00A09093) slli ra, ra, 0xa
x1 <- 0x0001FFFC00052000

clint::tick mtime <- 0x0000000000000003
 clint timer pending at mtime 0x0000000000000003
htif::tick 0x0000000000000000
mem[X,0x000000008000049C] -> 0x73BB
mem[X,0x000000008000049E] -> 0x8C1B
[300] [M]: 0x000000008000049C (0x8C1B73BB) pmhracc.h t2, s6, ra
x7 <- 0x2000FFFCFFFBFF87

mem[X,0x00000000800004A0] -> 0x3823
mem[X,0x00000000800004A2] -> 0x0476
[301] [M]: 0x00000000800004A0 (0x04763823) sd t2, 0x50(a2)
mem[0x0000000080004168] <- 0x2000FFFCFFFBFF87

mem[X,0x00000000800004A4] -> 0x0EB7
mem[X,0x00000000800004A6] -> 0x8000
[302] [M]: 0x00000000800004A4 (0x80000EB7) lui t4, -0x80000
x29 <- 0xFFFFFFFF80000000

mem[X,0x00000000800004A8] -> 0x8E93
mem[X,0x00000000800004AA] -> 0x001E
[303] [M]: 0x00000000800004A8 (0x001E8E93) addi t4, t4, 0x1
x29 <- 0xFFFFFFFF80000001

mem[X,0x00000000800004AC] -> 0x9E93
mem[X,0x00000000800004AE] -> 0x00BE
[304] [M]: 0x00000000800004AC (0x00BE9E93) slli t4, t4, 0xb
x29 <- 0xFFFFFC0000000800

mem[X,0x00000000800004B0] -> 0x8E93
mem[X,0x00000000800004B2] -> 0x7FEE
[305] [M]: 0x00000000800004B0 (0x7FEE8E93) addi t4, t4, 0x7fe
x29 <- 0xFFFFFC0000000FFE

mem[X,0x00000000800004B4] -> 0x9E93
mem[X,0x00000000800004B6] -> 0x00BE
[306] [M]: 0x00000000800004B4 (0x00BE9E93) slli t4, t4, 0xb
x29 <- 0xFFE00000007FF000

mem[X,0x00000000800004B8] -> 0x8E93
mem[X,0x00000000800004BA] -> 0x7C0E
[307] [M]: 0x00000000800004B8 (0x7C0E8E93) addi t4, t4, 0x7c0
x29 <- 0xFFE00000007FF7C0

mem[X,0x00000000800004BC] -> 0x9E93
mem[X,0x00000000800004BE] -> 0x00AE
[308] [M]: 0x00000000800004BC (0x00AE9E93) slli t4, t4, 0xa
x29 <- 0x80000001FFDF0000

mem[X,0x00000000800004C0] -> 0x8E93
mem[X,0x00000000800004C2] -> 0x080E
[309] [M]: 0x00000000800004C0 (0x080E8E93) addi t4, t4, 0x80
x29 <- 0x80000001FFDF0080

mem[X,0x00000000800004C4] -> 0x0A37
mem[X,0x00000000800004C6] -> 0x4000
[310] [M]: 0x00000000800004C4 (0x40000A37) lui s4, 0x40000
x20 <- 0x0000000040000000

mem[X,0x00000000800004C8] -> 0x0A13
mem[X,0x00000000800004CA] -> 0xDFFA
[311] [M]: 0x00000000800004C8 (0xDFFA0A13) addi s4, s4, -0x201
x20 <- 0x000000003FFFFDFF

mem[X,0x00000000800004CC] -> 0x1A13
mem[X,0x00000000800004CE] -> 0x00BA
[312] [M]: 0x00000000800004CC (0x00BA1A13) slli s4, s4, 0xb
x20 <- 0x000001FFFFEFF800

mem[X,0x00000000800004D0] -> 0x0A13
mem[X,0x00000000800004D2] -> 0x7FFA
[313] [M]: 0x00000000800004D0 (0x7FFA0A13) addi s4, s4, 0x7ff
x20 <- 0x000001FFFFEFFFFF

mem[X,0x00000000800004D4] -> 0x1A13
mem[X,0x00000000800004D6] -> 0x00BA
[314] [M]: 0x00000000800004D4 (0x00BA1A13) slli s4, s4, 0xb
x20 <- 0x000FFFFF7FFFF800

mem[X,0x00000000800004D8] -> 0x0A13
mem[X,0x00000000800004DA] -> 0x63EA
[315] [M]: 0x00000000800004D8 (0x63EA0A13) addi s4, s4, 0x63e
x20 <- 0x000FFFFF7FFFFE3E

mem[X,0x00000000800004DC] -> 0x1A13
mem[X,0x00000000800004DE] -> 0x00AA
[316] [M]: 0x00000000800004DC (0x00AA1A13) slli s4, s4, 0xa
x20 <- 0x3FFFFDFFFFF8F800

mem[X,0x00000000800004E0] -> 0x0A13
mem[X,0x00000000800004E2] -> 0x3FFA
[317] [M]: 0x00000000800004E0 (0x3FFA0A13) addi s4, s4, 0x3ff
x20 <- 0x3FFFFDFFFFF8FBFF

mem[X,0x00000000800004E4] -> 0xF4BB
mem[X,0x00000000800004E6] -> 0x8D4E
[318] [M]: 0x00000000800004E4 (0x8D4EF4BB) pmhracc.h s1, t4, s4
x9 <- 0xE041800000800006

mem[X,0x00000000800004E8] -> 0x3C23
mem[X,0x00000000800004EA] -> 0x0496
[319] [M]: 0x00000000800004E8 (0x04963C23) sd s1, 0x58(a2)
mem[0x0000000080004170] <- 0xE041800000800006

mem[X,0x00000000800004EC] -> 0xF837
mem[X,0x00000000800004EE] -> 0x0200
[320] [M]: 0x00000000800004EC (0x0200F837) lui a6, 0x200f
x16 <- 0x000000000200F000

mem[X,0x00000000800004F0] -> 0x0813
mem[X,0x00000000800004F2] -> 0xFFF8
[321] [M]: 0x00000000800004F0 (0xFFF80813) addi a6, a6, -0x1
x16 <- 0x000000000200EFFF

mem[X,0x00000000800004F4] -> 0x1813
mem[X,0x00000000800004F6] -> 0x00B8
[322] [M]: 0x00000000800004F4 (0x00B81813) slli a6, a6, 0xb
x16 <- 0x00000010077FF800

mem[X,0x00000000800004F8] -> 0x0813
mem[X,0x00000000800004FA] -> 0x0408
[323] [M]: 0x00000000800004F8 (0x04080813) addi a6, a6, 0x40
x16 <- 0x00000010077FF840

mem[X,0x00000000800004FC] -> 0x1813
mem[X,0x00000000800004FE] -> 0x00B8
[324] [M]: 0x00000000800004FC (0x00B81813) slli a6, a6, 0xb
x16 <- 0x0000803BFFC20000

mem[X,0x0000000080000500] -> 0x0813
mem[X,0x0000000080000502] -> 0x0008
[325] [M]: 0x0000000080000500 (0x00080813) addi a6, a6, 0x0
x16 <- 0x0000803BFFC20000

mem[X,0x0000000080000504] -> 0x1813
mem[X,0x0000000080000506] -> 0x00A8
[326] [M]: 0x0000000080000504 (0x00A81813) slli a6, a6, 0xa
x16 <- 0x0200EFFF08000000

mem[X,0x0000000080000508] -> 0x0813
mem[X,0x000000008000050A] -> 0x1008
[327] [M]: 0x0000000080000508 (0x10080813) addi a6, a6, 0x100
x16 <- 0x0200EFFF08000100

mem[X,0x000000008000050C] -> 0x59B7
mem[X,0x000000008000050E] -> 0x0004
[328] [M]: 0x000000008000050C (0x000459B7) lui s3, 0x45
x19 <- 0x0000000000045000

mem[X,0x0000000080000510] -> 0x8993
mem[X,0x0000000080000512] -> 0x5559
[329] [M]: 0x0000000080000510 (0x55598993) addi s3, s3, 0x555
x19 <- 0x0000000000045555

mem[X,0x0000000080000514] -> 0x9993
mem[X,0x0000000080000516] -> 0x00B9
[330] [M]: 0x0000000080000514 (0x00B99993) slli s3, s3, 0xb
x19 <- 0x0000000022AAA800

mem[X,0x0000000080000518] -> 0x8993
mem[X,0x000000008000051A] -> 0x0009
[331] [M]: 0x0000000080000518 (0x00098993) addi s3, s3, 0x0
x19 <- 0x0000000022AAA800

mem[X,0x000000008000051C] -> 0x9993
mem[X,0x000000008000051E] -> 0x00B9
[332] [M]: 0x000000008000051C (0x00B99993) slli s3, s3, 0xb
x19 <- 0x0000011555400000

mem[X,0x0000000080000520] -> 0x8993
mem[X,0x0000000080000522] -> 0x0FF9
[333] [M]: 0x0000000080000520 (0x0FF98993) addi s3, s3, 0xff
x19 <- 0x00000115554000FF

mem[X,0x0000000080000524] -> 0x9993
mem[X,0x0000000080000526] -> 0x00A9
[334] [M]: 0x0000000080000524 (0x00A99993) slli s3, s3, 0xa
x19 <- 0x000455550003FC00

mem[X,0x0000000080000528] -> 0x8993
mem[X,0x000000008000052A] -> 0x3F89
[335] [M]: 0x0000000080000528 (0x3F898993) addi s3, s3, 0x3f8
x19 <- 0x000455550003FFF8

mem[X,0x000000008000052C] -> 0x75BB
mem[X,0x000000008000052E] -> 0x8D38
[336] [M]: 0x000000008000052C (0x8D3875BB) pmhracc.h a1, a6, s3
x11 <- 0x0000FAAA00000000

mem[X,0x0000000080000530] -> 0x3023
mem[X,0x0000000080000532] -> 0x06B6
[337] [M]: 0x0000000080000530 (0x06B63023) sd a1, 0x60(a2)
mem[0x0000000080004178] <- 0x0000FAAA00000000

mem[X,0x0000000080000534] -> 0x0AB7
mem[X,0x0000000080000536] -> 0xC001
[338] [M]: 0x0000000080000534 (0xC0010AB7) lui s5, -0x3fff0
x21 <- 0xFFFFFFFFC0010000

mem[X,0x0000000080000538] -> 0x8A93
mem[X,0x000000008000053A] -> 0xFF8A
[339] [M]: 0x0000000080000538 (0xFF8A8A93) addi s5, s5, -0x8
x21 <- 0xFFFFFFFFC000FFF8

mem[X,0x000000008000053C] -> 0x9A93
mem[X,0x000000008000053E] -> 0x00BA
[340] [M]: 0x000000008000053C (0x00BA9A93) slli s5, s5, 0xb
x21 <- 0xFFFFFE0007FFC000

mem[X,0x0000000080000540] -> 0x8A93
mem[X,0x0000000080000542] -> 0x7FFA
[341] [M]: 0x0000000080000540 (0x7FFA8A93) addi s5, s5, 0x7ff
x21 <- 0xFFFFFE0007FFC7FF

mem[X,0x0000000080000544] -> 0x9A93
mem[X,0x0000000080000546] -> 0x00BA
[342] [M]: 0x0000000080000544 (0x00BA9A93) slli s5, s5, 0xb
x21 <- 0xFFF0003FFE3FF800

mem[X,0x0000000080000548] -> 0x8A93
mem[X,0x000000008000054A] -> 0x5C0A
[343] [M]: 0x0000000080000548 (0x5C0A8A93) addi s5, s5, 0x5c0
x21 <- 0xFFF0003FFE3FFDC0

mem[X,0x000000008000054C] -> 0x9A93
mem[X,0x000000008000054E] -> 0x00AA
[344] [M]: 0x000000008000054C (0x00AA9A93) slli s5, s5, 0xa
x21 <- 0xC000FFF8FFF70000

mem[X,0x0000000080000550] -> 0x8A93
mem[X,0x0000000080000552] -> 0x200A
[345] [M]: 0x0000000080000550 (0x200A8A93) addi s5, s5, 0x200
x21 <- 0xC000FFF8FFF70200

mem[X,0x0000000080000554] -> 0xBEB7
mem[X,0x0000000080000556] -> 0x4000
[346] [M]: 0x0000000080000554 (0x4000BEB7) lui t4, 0x4000b
x29 <- 0x000000004000B000

mem[X,0x0000000080000558] -> 0x8E93
mem[X,0x000000008000055A] -> 0xAAAE
[347] [M]: 0x0000000080000558 (0xAAAE8E93) addi t4, t4, -0x556
x29 <- 0x000000004000AAAA

mem[X,0x000000008000055C] -> 0x9E93
mem[X,0x000000008000055E] -> 0x00BE
[348] [M]: 0x000000008000055C (0x00BE9E93) slli t4, t4, 0xb
x29 <- 0x0000020005555000

mem[X,0x0000000080000560] -> 0x8E93
mem[X,0x0000000080000562] -> 0x200E
[349] [M]: 0x0000000080000560 (0x200E8E93) addi t4, t4, 0x200
x29 <- 0x0000020005555200

mem[X,0x0000000080000564] -> 0x9E93
mem[X,0x0000000080000566] -> 0x00BE
[350] [M]: 0x0000000080000564 (0x00BE9E93) slli t4, t4, 0xb
x29 <- 0x0010002AAA900000

mem[X,0x0000000080000568] -> 0x8E93
mem[X,0x000000008000056A] -> 0x02AE
[351] [M]: 0x0000000080000568 (0x02AE8E93) addi t4, t4, 0x2a
x29 <- 0x0010002AAA90002A

mem[X,0x000000008000056C] -> 0x9E93
mem[X,0x000000008000056E] -> 0x00AE
[352] [M]: 0x000000008000056C (0x00AE9E93) slli t4, t4, 0xa
x29 <- 0x4000AAAA4000A800

mem[X,0x0000000080000570] -> 0x8E93
mem[X,0x0000000080000572] -> 0x2AAE
[353] [M]: 0x0000000080000570 (0x2AAE8E93) addi t4, t4, 0x2aa
x29 <- 0x4000AAAA4000AAAA

mem[X,0x0000000080000574] -> 0xF33B
mem[X,0x0000000080000576] -> 0x8DDA
[354] [M]: 0x0000000080000574 (0x8DDAF33B) pmhracc.h t1, s5, t4
x6 <- 0xF0060083FFF97F54

mem[X,0x0000000080000578] -> 0x3423
mem[X,0x000000008000057A] -> 0x0666
[355] [M]: 0x0000000080000578 (0x06663423) sd t1, 0x68(a2)
mem[0x0000000080004180] <- 0xF0060083FFF97F54

mem[X,0x000000008000057C] -> 0x08B7
mem[X,0x000000008000057E] -> 0xFFFB
[356] [M]: 0x000000008000057C (0xFFFB08B7) lui a7, -0x50
x17 <- 0xFFFFFFFFFFFB0000

mem[X,0x0000000080000580] -> 0x8893
mem[X,0x0000000080000582] -> 0x0008
[357] [M]: 0x0000000080000580 (0x00088893) addi a7, a7, 0x0
x17 <- 0xFFFFFFFFFFFB0000

mem[X,0x0000000080000584] -> 0x9893
mem[X,0x0000000080000586] -> 0x00B8
[358] [M]: 0x0000000080000584 (0x00B89893) slli a7, a7, 0xb
x17 <- 0xFFFFFFFFD8000000

mem[X,0x0000000080000588] -> 0x8893
mem[X,0x000000008000058A] -> 0x7FF8
[359] [M]: 0x0000000080000588 (0x7FF88893) addi a7, a7, 0x7ff
x17 <- 0xFFFFFFFFD80007FF

mem[X,0x000000008000058C] -> 0x9893
mem[X,0x000000008000058E] -> 0x00B8
[360] [M]: 0x000000008000058C (0x00B89893) slli a7, a7, 0xb
x17 <- 0xFFFFFEC0003FF800

mem[X,0x0000000080000590] -> 0x8893
mem[X,0x0000000080000592] -> 0x5818
[361] [M]: 0x0000000080000590 (0x58188893) addi a7, a7, 0x581
x17 <- 0xFFFFFEC0003FFD81

mem[X,0x0000000080000594] -> 0x9893
mem[X,0x0000000080000596] -> 0x00A8
[362] [M]: 0x0000000080000594 (0x00A89893) slli a7, a7, 0xa
x17 <- 0xFFFB0000FFF60400

mem[X,0x0000000080000598] -> 0x4237
mem[X,0x000000008000059A] -> 0x5555
[363] [M]: 0x0000000080000598 (0x55554237) lui tp, 0x55554
x4 <- 0x0000000055554000

mem[X,0x000000008000059C] -> 0x0213
mem[X,0x000000008000059E] -> 0xFFF2
[364] [M]: 0x000000008000059C (0xFFF20213) addi tp, tp, -0x1
x4 <- 0x0000000055553FFF

mem[X,0x00000000800005A0] -> 0x1213
mem[X,0x00000000800005A2] -> 0x00B2
[365] [M]: 0x00000000800005A0 (0x00B21213) slli tp, tp, 0xb
x4 <- 0x000002AAA9FFF800

mem[X,0x00000000800005A4] -> 0x0213
mem[X,0x00000000800005A6] -> 0x5FF2
[366] [M]: 0x00000000800005A4 (0x5FF20213) addi tp, tp, 0x5ff
x4 <- 0x000002AAA9FFFDFF

mem[X,0x00000000800005A8] -> 0x1213
mem[X,0x00000000800005AA] -> 0x00B2
[367] [M]: 0x00000000800005A8 (0x00B21213) slli tp, tp, 0xb
x4 <- 0x0015554FFFEFF800

mem[X,0x00000000800005AC] -> 0x0213
mem[X,0x00000000800005AE] -> 0x7FD2
[368] [M]: 0x00000000800005AC (0x7FD20213) addi tp, tp, 0x7fd
x4 <- 0x0015554FFFEFFFFD

mem[X,0x00000000800005B0] -> 0x1213
mem[X,0x00000000800005B2] -> 0x00A2
[369] [M]: 0x00000000800005B0 (0x00A21213) slli tp, tp, 0xa
x4 <- 0x55553FFFBFFFF400

mem[X,0x00000000800005B4] -> 0x0213
mem[X,0x00000000800005B6] -> 0x3FF2
[370] [M]: 0x00000000800005B4 (0x3FF20213) addi tp, tp, 0x3ff
x4 <- 0x55553FFFBFFFF7FF

mem[X,0x00000000800005B8] -> 0xFCBB
mem[X,0x00000000800005BA] -> 0x8C48
[371] [M]: 0x00000000800005B8 (0x8C48FCBB) pmhracc.h s9, a7, tp
x25 <- 0xFFFE00000003FFE0

mem[X,0x00000000800005BC] -> 0x3823
mem[X,0x00000000800005BE] -> 0x0796
[372] [M]: 0x00000000800005BC (0x07963823) sd s9, 0x70(a2)
mem[0x0000000080004188] <- 0xFFFE00000003FFE0

mem[X,0x00000000800005C0] -> 0x4417
mem[X,0x00000000800005C2] -> 0x0000
[373] [M]: 0x00000000800005C0 (0x00004417) auipc fp, 0x4
x8 <- 0x00000000800045C0

mem[X,0x00000000800005C4] -> 0x0413
mem[X,0x00000000800005C6] -> 0xBD04
[374] [M]: 0x00000000800005C4 (0xBD040413) addi fp, fp, -0x430
x8 <- 0x0000000080004190

mem[X,0x00000000800005C8] -> 0x0013
mem[X,0x00000000800005CA] -> 0x0000
[375] [M]: 0x00000000800005C8 (0x00000013) addi zero, zero, 0x0

mem[X,0x00000000800005CC] -> 0x0013
mem[X,0x00000000800005CE] -> 0x0000
[376] [M]: 0x00000000800005CC (0x00000013) addi zero, zero, 0x0

mem[X,0x00000000800005D0] -> 0x0013
mem[X,0x00000000800005D2] -> 0x0000
[377] [M]: 0x00000000800005D0 (0x00000013) addi zero, zero, 0x0

mem[X,0x00000000800005D4] -> 0x0013
mem[X,0x00000000800005D6] -> 0x0000
[378] [M]: 0x00000000800005D4 (0x00000013) addi zero, zero, 0x0

mem[X,0x00000000800005D8] -> 0x0013
mem[X,0x00000000800005DA] -> 0x0000
[379] [M]: 0x00000000800005D8 (0x00000013) addi zero, zero, 0x0

mem[X,0x00000000800005DC] -> 0x0013
mem[X,0x00000000800005DE] -> 0x0000
[380] [M]: 0x00000000800005DC (0x00000013) addi zero, zero, 0x0

mem[X,0x00000000800005E0] -> 0x82B7
mem[X,0x00000000800005E2] -> 0x0009
[381] [M]: 0x00000000800005E0 (0x000982B7) lui t0, 0x98
x5 <- 0x0000000000098000

mem[X,0x00000000800005E4] -> 0x8293
mem[X,0x00000000800005E6] -> 0x0002
[382] [M]: 0x00000000800005E4 (0x00028293) addi t0, t0, 0x0
x5 <- 0x0000000000098000

mem[X,0x00000000800005E8] -> 0x9293
mem[X,0x00000000800005EA] -> 0x00B2
[383] [M]: 0x00000000800005E8 (0x00B29293) slli t0, t0, 0xb
x5 <- 0x000000004C000000

mem[X,0x00000000800005EC] -> 0x8293
mem[X,0x00000000800005EE] -> 0x0002
[384] [M]: 0x00000000800005EC (0x00028293) addi t0, t0, 0x0
x5 <- 0x000000004C000000

mem[X,0x00000000800005F0] -> 0x9293
mem[X,0x00000000800005F2] -> 0x00B2
[385] [M]: 0x00000000800005F0 (0x00B29293) slli t0, t0, 0xb
x5 <- 0x0000026000000000

mem[X,0x00000000800005F4] -> 0x8293
mem[X,0x00000000800005F6] -> 0x0422
[386] [M]: 0x00000000800005F4 (0x04228293) addi t0, t0, 0x42
x5 <- 0x0000026000000042

mem[X,0x00000000800005F8] -> 0x9293
mem[X,0x00000000800005FA] -> 0x00A2
[387] [M]: 0x00000000800005F8 (0x00A29293) slli t0, t0, 0xa
x5 <- 0x0009800000010800

mem[X,0x00000000800005FC] -> 0x0737
mem[X,0x00000000800005FE] -> 0xFFF9
[388] [M]: 0x00000000800005FC (0xFFF90737) lui a4, -0x70
x14 <- 0xFFFFFFFFFFF90000

mem[X,0x0000000080000600] -> 0x0713
mem[X,0x0000000080000602] -> 0x0407
[389] [M]: 0x0000000080000600 (0x04070713) addi a4, a4, 0x40
x14 <- 0xFFFFFFFFFFF90040

mem[X,0x0000000080000604] -> 0x1713
mem[X,0x0000000080000606] -> 0x00B7
[390] [M]: 0x0000000080000604 (0x00B71713) slli a4, a4, 0xb
x14 <- 0xFFFFFFFFC8020000

mem[X,0x0000000080000608] -> 0x0713
mem[X,0x000000008000060A] -> 0x3FF7
[391] [M]: 0x0000000080000608 (0x3FF70713) addi a4, a4, 0x3ff
x14 <- 0xFFFFFFFFC80203FF

mem[X,0x000000008000060C] -> 0x1713
mem[X,0x000000008000060E] -> 0x00B7
[392] [M]: 0x000000008000060C (0x00B71713) slli a4, a4, 0xb
x14 <- 0xFFFFFE40101FF800

mem[X,0x0000000080000610] -> 0x0713
mem[X,0x0000000080000612] -> 0x7FB7
[393] [M]: 0x0000000080000610 (0x7FB70713) addi a4, a4, 0x7fb
x14 <- 0xFFFFFE40101FFFFB

mem[X,0x0000000080000614] -> 0x1713
mem[X,0x0000000080000616] -> 0x00A7
[394] [M]: 0x0000000080000614 (0x00A71713) slli a4, a4, 0xa
x14 <- 0xFFF900407FFFEC00

mem[X,0x0000000080000618] -> 0x0713
mem[X,0x000000008000061A] -> 0x3FF7
[395] [M]: 0x0000000080000618 (0x3FF70713) addi a4, a4, 0x3ff
x14 <- 0xFFF900407FFFEFFF

mem[X,0x000000008000061C] -> 0xF53B
mem[X,0x000000008000061E] -> 0x8CE2
[396] [M]: 0x000000008000061C (0x8CE2F53B) pmhracc.h a0, t0, a4
x10 <- 0x40000FE0FEFF1F80

mem[X,0x0000000080000620] -> 0x3023
mem[X,0x0000000080000622] -> 0x00A4
[397] [M]: 0x0000000080000620 (0x00A43023) sd a0, 0x0(fp)
mem[0x0000000080004190] <- 0x40000FE0FEFF1F80

mem[X,0x0000000080000624] -> 0x00B7
mem[X,0x0000000080000626] -> 0x0200
[398] [M]: 0x0000000080000624 (0x020000B7) lui ra, 0x2000
x1 <- 0x0000000002000000

mem[X,0x0000000080000628] -> 0x8093
mem[X,0x000000008000062A] -> 0x0200
[399] [M]: 0x0000000080000628 (0x02008093) addi ra, ra, 0x20
x1 <- 0x0000000002000020

clint::tick mtime <- 0x0000000000000004
 clint timer pending at mtime 0x0000000000000004
htif::tick 0x0000000000000000
mem[X,0x000000008000062C] -> 0x9093
mem[X,0x000000008000062E] -> 0x00B0
[400] [M]: 0x000000008000062C (0x00B09093) slli ra, ra, 0xb
x1 <- 0x0000001000010000

mem[X,0x0000000080000630] -> 0x8093
mem[X,0x0000000080000632] -> 0x77F0
[401] [M]: 0x0000000080000630 (0x77F08093) addi ra, ra, 0x77f
x1 <- 0x000000100001077F

mem[X,0x0000000080000634] -> 0x9093
mem[X,0x0000000080000636] -> 0x00B0
[402] [M]: 0x0000000080000634 (0x00B09093) slli ra, ra, 0xb
x1 <- 0x00008000083BF800

mem[X,0x0000000080000638] -> 0x8093
mem[X,0x000000008000063A] -> 0x7C40
[403] [M]: 0x0000000080000638 (0x7C408093) addi ra, ra, 0x7c4
x1 <- 0x00008000083BFFC4

mem[X,0x000000008000063C] -> 0x9093
mem[X,0x000000008000063E] -> 0x00A0
[404] [M]: 0x000000008000063C (0x00A09093) slli ra, ra, 0xa
x1 <- 0x02000020EFFF1000

mem[X,0x0000000080000640] -> 0x0937
mem[X,0x0000000080000642] -> 0xFFF8
[405] [M]: 0x0000000080000640 (0xFFF80937) lui s2, -0x80
x18 <- 0xFFFFFFFFFFF80000

mem[X,0x0000000080000644] -> 0x0913
mem[X,0x0000000080000646] -> 0xFFC9
[406] [M]: 0x0000000080000644 (0xFFC90913) addi s2, s2, -0x4
x18 <- 0xFFFFFFFFFFF7FFFC

mem[X,0x0000000080000648] -> 0x1913
mem[X,0x000000008000064A] -> 0x00B9
[407] [M]: 0x0000000080000648 (0x00B91913) slli s2, s2, 0xb
x18 <- 0xFFFFFFFFBFFFE000

mem[X,0x000000008000064C] -> 0x0913
mem[X,0x000000008000064E] -> 0x0409
[408] [M]: 0x000000008000064C (0x04090913) addi s2, s2, 0x40
x18 <- 0xFFFFFFFFBFFFE040

mem[X,0x0000000080000650] -> 0x1913
mem[X,0x0000000080000652] -> 0x00B9
[409] [M]: 0x0000000080000650 (0x00B91913) slli s2, s2, 0xb
x18 <- 0xFFFFFDFFFF020000

mem[X,0x0000000080000654] -> 0x0913
mem[X,0x0000000080000656] -> 0x0029
[410] [M]: 0x0000000080000654 (0x00290913) addi s2, s2, 0x2
x18 <- 0xFFFFFDFFFF020002

mem[X,0x0000000080000658] -> 0x1913
mem[X,0x000000008000065A] -> 0x00A9
[411] [M]: 0x0000000080000658 (0x00A91913) slli s2, s2, 0xa
x18 <- 0xFFF7FFFC08000800

mem[X,0x000000008000065C] -> 0xF83B
mem[X,0x000000008000065E] -> 0x8D20
[412] [M]: 0x000000008000065C (0x8D20F83B) pmhracc.h a6, ra, s2
x16 <- 0x0200EFFF07800180

mem[X,0x0000000080000660] -> 0x3423
mem[X,0x0000000080000662] -> 0x0104
[413] [M]: 0x0000000080000660 (0x01043423) sd a6, 0x8(fp)
mem[0x0000000080004198] <- 0x0200EFFF07800180

mem[X,0x0000000080000664] -> 0x0637
mem[X,0x0000000080000666] -> 0xFFFA
[414] [M]: 0x0000000080000664 (0xFFFA0637) lui a2, -0x60
x12 <- 0xFFFFFFFFFFFA0000

mem[X,0x0000000080000668] -> 0x0613
mem[X,0x000000008000066A] -> 0xFFE6
[415] [M]: 0x0000000080000668 (0xFFE60613) addi a2, a2, -0x2
x12 <- 0xFFFFFFFFFFF9FFFE

mem[X,0x000000008000066C] -> 0x1613
mem[X,0x000000008000066E] -> 0x00B6
[416] [M]: 0x000000008000066C (0x00B61613) slli a2, a2, 0xb
x12 <- 0xFFFFFFFFCFFFF000

mem[X,0x0000000080000670] -> 0x0613
mem[X,0x0000000080000672] -> 0x0006
[417] [M]: 0x0000000080000670 (0x00060613) addi a2, a2, 0x0
x12 <- 0xFFFFFFFFCFFFF000

mem[X,0x0000000080000674] -> 0x1613
mem[X,0x0000000080000676] -> 0x00B6
[418] [M]: 0x0000000080000674 (0x00B61613) slli a2, a2, 0xb
x12 <- 0xFFFFFE7FFF800000

mem[X,0x0000000080000678] -> 0x0613
mem[X,0x000000008000067A] -> 0x1C86
[419] [M]: 0x0000000080000678 (0x1C860613) addi a2, a2, 0x1c8
x12 <- 0xFFFFFE7FFF8001C8

mem[X,0x000000008000067C] -> 0x1613
mem[X,0x000000008000067E] -> 0x00A6
[420] [M]: 0x000000008000067C (0x00A61613) slli a2, a2, 0xa
x12 <- 0xFFF9FFFE00072000

mem[X,0x0000000080000680] -> 0x5F37
mem[X,0x0000000080000682] -> 0x0080
[421] [M]: 0x0000000080000680 (0x00805F37) lui t5, 0x805
x30 <- 0x0000000000805000

mem[X,0x0000000080000684] -> 0x0F13
mem[X,0x0000000080000686] -> 0x555F
[422] [M]: 0x0000000080000684 (0x555F0F13) addi t5, t5, 0x555
x30 <- 0x0000000000805555

mem[X,0x0000000080000688] -> 0x1F13
mem[X,0x000000008000068A] -> 0x00BF
[423] [M]: 0x0000000080000688 (0x00BF1F13) slli t5, t5, 0xb
x30 <- 0x0000000402AAA800

mem[X,0x000000008000068C] -> 0x0F13
mem[X,0x000000008000068E] -> 0x002F
[424] [M]: 0x000000008000068C (0x002F0F13) addi t5, t5, 0x2
x30 <- 0x0000000402AAA802

mem[X,0x0000000080000690] -> 0x1F13
mem[X,0x0000000080000692] -> 0x00BF
[425] [M]: 0x0000000080000690 (0x00BF1F13) slli t5, t5, 0xb
x30 <- 0x0000201555401000

mem[X,0x0000000080000694] -> 0x0F13
mem[X,0x0000000080000696] -> 0x03FF
[426] [M]: 0x0000000080000694 (0x03FF0F13) addi t5, t5, 0x3f
x30 <- 0x000020155540103F

mem[X,0x0000000080000698] -> 0x1F13
mem[X,0x000000008000069A] -> 0x00AF
[427] [M]: 0x0000000080000698 (0x00AF1F13) slli t5, t5, 0xa
x30 <- 0x008055550040FC00

mem[X,0x000000008000069C] -> 0x0F13
mem[X,0x000000008000069E] -> 0x3FEF
[428] [M]: 0x000000008000069C (0x3FEF0F13) addi t5, t5, 0x3fe
x30 <- 0x008055550040FFFE

mem[X,0x00000000800006A0] -> 0x7FBB
mem[X,0x00000000800006A2] -> 0x8DE6
[429] [M]: 0x00000000800006A0 (0x8DE67FBB) pmhracc.h t6, a2, t5
x31 <- 0x0000FFFF00000000

mem[X,0x00000000800006A4] -> 0x3823
mem[X,0x00000000800006A6] -> 0x01F4
[430] [M]: 0x00000000800006A4 (0x01F43823) sd t6, 0x10(fp)
mem[0x00000000800041A0] <- 0x0000FFFF00000000

mem[X,0x00000000800006A8] -> 0x1D37
mem[X,0x00000000800006AA] -> 0x0040
[431] [M]: 0x00000000800006A8 (0x00401D37) lui s10, 0x401
x26 <- 0x0000000000401000

mem[X,0x00000000800006AC] -> 0x0D13
mem[X,0x00000000800006AE] -> 0x800D
[432] [M]: 0x00000000800006AC (0x800D0D13) addi s10, s10, -0x800
x26 <- 0x0000000000400800

mem[X,0x00000000800006B0] -> 0x1D13
mem[X,0x00000000800006B2] -> 0x00BD
[433] [M]: 0x00000000800006B0 (0x00BD1D13) slli s10, s10, 0xb
x26 <- 0x0000000200400000

mem[X,0x00000000800006B4] -> 0x0D13
mem[X,0x00000000800006B6] -> 0x080D
[434] [M]: 0x00000000800006B4 (0x080D0D13) addi s10, s10, 0x80
x26 <- 0x0000000200400080

mem[X,0x00000000800006B8] -> 0x1D13
mem[X,0x00000000800006BA] -> 0x00BD
[435] [M]: 0x00000000800006B8 (0x00BD1D13) slli s10, s10, 0xb
x26 <- 0x0000100200040000

mem[X,0x00000000800006BC] -> 0x0D13
mem[X,0x00000000800006BE] -> 0x010D
[436] [M]: 0x00000000800006BC (0x010D0D13) addi s10, s10, 0x10
x26 <- 0x0000100200040010

mem[X,0x00000000800006C0] -> 0x1D13
mem[X,0x00000000800006C2] -> 0x00AD
[437] [M]: 0x00000000800006C0 (0x00AD1D13) slli s10, s10, 0xa
x26 <- 0x0040080010004000

mem[X,0x00000000800006C4] -> 0xF5B7
mem[X,0x00000000800006C6] -> 0xFFFA
[438] [M]: 0x00000000800006C4 (0xFFFAF5B7) lui a1, -0x51
x11 <- 0xFFFFFFFFFFFAF000

mem[X,0x00000000800006C8] -> 0x8593
mem[X,0x00000000800006CA] -> 0x7FF5
[439] [M]: 0x00000000800006C8 (0x7FF58593) addi a1, a1, 0x7ff
x11 <- 0xFFFFFFFFFFFAF7FF

mem[X,0x00000000800006CC] -> 0x9593
mem[X,0x00000000800006CE] -> 0x00B5
[440] [M]: 0x00000000800006CC (0x00B59593) slli a1, a1, 0xb
x11 <- 0xFFFFFFFFD7BFF800

mem[X,0x00000000800006D0] -> 0x8593
mem[X,0x00000000800006D2] -> 0x0005
[441] [M]: 0x00000000800006D0 (0x00058593) addi a1, a1, 0x0
x11 <- 0xFFFFFFFFD7BFF800

mem[X,0x00000000800006D4] -> 0x9593
mem[X,0x00000000800006D6] -> 0x00B5
[442] [M]: 0x00000000800006D4 (0x00B59593) slli a1, a1, 0xb
x11 <- 0xFFFFFEBDFFC00000

mem[X,0x00000000800006D8] -> 0x8593
mem[X,0x00000000800006DA] -> 0x23F5
[443] [M]: 0x00000000800006D8 (0x23F58593) addi a1, a1, 0x23f
x11 <- 0xFFFFFEBDFFC0023F

mem[X,0x00000000800006DC] -> 0x9593
mem[X,0x00000000800006DE] -> 0x00A5
[444] [M]: 0x00000000800006DC (0x00A59593) slli a1, a1, 0xa
x11 <- 0xFFFAF7FF0008FC00

mem[X,0x00000000800006E0] -> 0x8593
mem[X,0x00000000800006E2] -> 0x3FD5
[445] [M]: 0x00000000800006E0 (0x3FD58593) addi a1, a1, 0x3fd
x11 <- 0xFFFAF7FF0008FFFD

mem[X,0x00000000800006E4] -> 0x763B
mem[X,0x00000000800006E6] -> 0x8CBD
[446] [M]: 0x00000000800006E4 (0x8CBD763B) pmhracc.h a2, s10, a1
x12 <- 0xFFF9FFBE00081FFF

mem[X,0x00000000800006E8] -> 0x3C23
mem[X,0x00000000800006EA] -> 0x00C4
[447] [M]: 0x00000000800006E8 (0x00C43C23) sd a2, 0x18(fp)
mem[0x00000000800041A8] <- 0xFFF9FFBE00081FFF

mem[X,0x00000000800006EC] -> 0x0237
mem[X,0x00000000800006EE] -> 0x0400
[448] [M]: 0x00000000800006EC (0x04000237) lui tp, 0x4000
x4 <- 0x0000000004000000

mem[X,0x00000000800006F0] -> 0x0213
mem[X,0x00000000800006F2] -> 0x0002
[449] [M]: 0x00000000800006F0 (0x00020213) addi tp, tp, 0x0
x4 <- 0x0000000004000000

mem[X,0x00000000800006F4] -> 0x1213
mem[X,0x00000000800006F6] -> 0x00B2
[450] [M]: 0x00000000800006F4 (0x00B21213) slli tp, tp, 0xb
x4 <- 0x0000002000000000

mem[X,0x00000000800006F8] -> 0x0213
mem[X,0x00000000800006FA] -> 0x7FF2
[451] [M]: 0x00000000800006F8 (0x7FF20213) addi tp, tp, 0x7ff
x4 <- 0x00000020000007FF

mem[X,0x00000000800006FC] -> 0x1213
mem[X,0x00000000800006FE] -> 0x00B2
[452] [M]: 0x00000000800006FC (0x00B21213) slli tp, tp, 0xb
x4 <- 0x00010000003FF800

mem[X,0x0000000080000700] -> 0x0213
mem[X,0x0000000080000702] -> 0x7BF2
[453] [M]: 0x0000000080000700 (0x7BF20213) addi tp, tp, 0x7bf
x4 <- 0x00010000003FFFBF

mem[X,0x0000000080000704] -> 0x1213
mem[X,0x0000000080000706] -> 0x00A2
[454] [M]: 0x0000000080000704 (0x00A21213) slli tp, tp, 0xa
x4 <- 0x04000000FFFEFC00

mem[X,0x0000000080000708] -> 0x0213
mem[X,0x000000008000070A] -> 0x3FE2
[455] [M]: 0x0000000080000708 (0x3FE20213) addi tp, tp, 0x3fe
x4 <- 0x04000000FFFEFFFE

mem[X,0x000000008000070C] -> 0x1637
mem[X,0x000000008000070E] -> 0xFF7F
[456] [M]: 0x000000008000070C (0xFF7F1637) lui a2, -0x80f
x12 <- 0xFFFFFFFFFF7F1000

mem[X,0x0000000080000710] -> 0x0613
mem[X,0x0000000080000712] -> 0x8006
[457] [M]: 0x0000000080000710 (0x80060613) addi a2, a2, -0x800
x12 <- 0xFFFFFFFFFF7F0800

mem[X,0x0000000080000714] -> 0x1613
mem[X,0x0000000080000716] -> 0x00B6
[458] [M]: 0x0000000080000714 (0x00B61613) slli a2, a2, 0xb
x12 <- 0xFFFFFFFBF8400000

mem[X,0x0000000080000718] -> 0x0613
mem[X,0x000000008000071A] -> 0x0406
[459] [M]: 0x0000000080000718 (0x04060613) addi a2, a2, 0x40
x12 <- 0xFFFFFFFBF8400040

mem[X,0x000000008000071C] -> 0x1613
mem[X,0x000000008000071E] -> 0x00B6
[460] [M]: 0x000000008000071C (0x00B61613) slli a2, a2, 0xb
x12 <- 0xFFFFDFC200020000

mem[X,0x0000000080000720] -> 0x0613
mem[X,0x0000000080000722] -> 0x03F6
[461] [M]: 0x0000000080000720 (0x03F60613) addi a2, a2, 0x3f
x12 <- 0xFFFFDFC20002003F

mem[X,0x0000000080000724] -> 0x1613
mem[X,0x0000000080000726] -> 0x00A6
[462] [M]: 0x0000000080000724 (0x00A61613) slli a2, a2, 0xa
x12 <- 0xFF7F08000800FC00

mem[X,0x0000000080000728] -> 0x0613
mem[X,0x000000008000072A] -> 0x3F86
[463] [M]: 0x0000000080000728 (0x3F860613) addi a2, a2, 0x3f8
x12 <- 0xFF7F08000800FFF8

mem[X,0x000000008000072C] -> 0x71BB
mem[X,0x000000008000072E] -> 0x8CC2
[464] [M]: 0x000000008000072C (0x8CC271BB) pmhracc.h gp, tp, a2
x3 <- 0x0002F7FFFFF60010

mem[X,0x0000000080000730] -> 0x3023
mem[X,0x0000000080000732] -> 0x0234
[465] [M]: 0x0000000080000730 (0x02343023) sd gp, 0x20(fp)
mem[0x00000000800041B0] <- 0x0002F7FFFFF60010

mem[X,0x0000000080000734] -> 0xC3B7
mem[X,0x0000000080000736] -> 0xFFFD
[466] [M]: 0x0000000080000734 (0xFFFDC3B7) lui t2, -0x24
x7 <- 0xFFFFFFFFFFFDC000

mem[X,0x0000000080000738] -> 0x8393
mem[X,0x000000008000073A] -> 0xFFF3
[467] [M]: 0x0000000080000738 (0xFFF38393) addi t2, t2, -0x1
x7 <- 0xFFFFFFFFFFFDBFFF

mem[X,0x000000008000073C] -> 0x9393
mem[X,0x000000008000073E] -> 0x00B3
[468] [M]: 0x000000008000073C (0x00B39393) slli t2, t2, 0xb
x7 <- 0xFFFFFFFFEDFFF800

mem[X,0x0000000080000740] -> 0x8393
mem[X,0x0000000080000742] -> 0x0003
[469] [M]: 0x0000000080000740 (0x00038393) addi t2, t2, 0x0
x7 <- 0xFFFFFFFFEDFFF800

mem[X,0x0000000080000744] -> 0x9393
mem[X,0x0000000080000746] -> 0x00B3
[470] [M]: 0x0000000080000744 (0x00B39393) slli t2, t2, 0xb
x7 <- 0xFFFFFF6FFFC00000

mem[X,0x0000000080000748] -> 0x8393
mem[X,0x000000008000074A] -> 0x13F3
[471] [M]: 0x0000000080000748 (0x13F38393) addi t2, t2, 0x13f
x7 <- 0xFFFFFF6FFFC0013F

mem[X,0x000000008000074C] -> 0x9393
mem[X,0x000000008000074E] -> 0x00A3
[472] [M]: 0x000000008000074C (0x00A39393) slli t2, t2, 0xa
x7 <- 0xFFFDBFFF0004FC00

mem[X,0x0000000080000750] -> 0x8393
mem[X,0x0000000080000752] -> 0x3FD3
[473] [M]: 0x0000000080000750 (0x3FD38393) addi t2, t2, 0x3fd
x7 <- 0xFFFDBFFF0004FFFD

mem[X,0x0000000080000754] -> 0xC337
mem[X,0x0000000080000756] -> 0xFBFF
[474] [M]: 0x0000000080000754 (0xFBFFC337) lui t1, -0x4004
x6 <- 0xFFFFFFFFFBFFC000

mem[X,0x0000000080000758] -> 0x0313
mem[X,0x000000008000075A] -> 0xFFF3
[475] [M]: 0x0000000080000758 (0xFFF30313) addi t1, t1, -0x1
x6 <- 0xFFFFFFFFFBFFBFFF

mem[X,0x000000008000075C] -> 0x1313
mem[X,0x000000008000075E] -> 0x00B3
[476] [M]: 0x000000008000075C (0x00B31313) slli t1, t1, 0xb
x6 <- 0xFFFFFFDFFDFFF800

mem[X,0x0000000080000760] -> 0x0313
mem[X,0x0000000080000762] -> 0x7FF3
[477] [M]: 0x0000000080000760 (0x7FF30313) addi t1, t1, 0x7ff
x6 <- 0xFFFFFFDFFDFFFFFF

mem[X,0x0000000080000764] -> 0x1313
mem[X,0x0000000080000766] -> 0x00B3
[478] [M]: 0x0000000080000764 (0x00B31313) slli t1, t1, 0xb
x6 <- 0xFFFEFFEFFFFFF800

mem[X,0x0000000080000768] -> 0x0313
mem[X,0x000000008000076A] -> 0x5AA3
[479] [M]: 0x0000000080000768 (0x5AA30313) addi t1, t1, 0x5aa
x6 <- 0xFFFEFFEFFFFFFDAA

mem[X,0x000000008000076C] -> 0x1313
mem[X,0x000000008000076E] -> 0x00A3
[480] [M]: 0x000000008000076C (0x00A31313) slli t1, t1, 0xa
x6 <- 0xFBFFBFFFFFF6A800

mem[X,0x0000000080000770] -> 0x0313
mem[X,0x0000000080000772] -> 0x2AA3
[481] [M]: 0x0000000080000770 (0x2AA30313) addi t1, t1, 0x2aa
x6 <- 0xFBFFBFFFFFF6AAAA

mem[X,0x0000000080000774] -> 0xFF3B
mem[X,0x0000000080000776] -> 0x8C63
[482] [M]: 0x0000000080000774 (0x8C63FF3B) pmhracc.h t5, t2, t1
x30 <- 0x008065560040FFFF

mem[X,0x0000000080000778] -> 0x3423
mem[X,0x000000008000077A] -> 0x03E4
[483] [M]: 0x0000000080000778 (0x03E43423) sd t5, 0x28(fp)
mem[0x00000000800041B8] <- 0x008065560040FFFF

mem[X,0x000000008000077C] -> 0x07B7
mem[X,0x000000008000077E] -> 0xFF7F
[484] [M]: 0x000000008000077C (0xFF7F07B7) lui a5, -0x810
x15 <- 0xFFFFFFFFFF7F0000

mem[X,0x0000000080000780] -> 0x8793
mem[X,0x0000000080000782] -> 0x0407
[485] [M]: 0x0000000080000780 (0x04078793) addi a5, a5, 0x40
x15 <- 0xFFFFFFFFFF7F0040

mem[X,0x0000000080000784] -> 0x9793
mem[X,0x0000000080000786] -> 0x00B7
[486] [M]: 0x0000000080000784 (0x00B79793) slli a5, a5, 0xb
x15 <- 0xFFFFFFFBF8020000

mem[X,0x0000000080000788] -> 0x8793
mem[X,0x000000008000078A] -> 0x0007
[487] [M]: 0x0000000080000788 (0x00078793) addi a5, a5, 0x0
x15 <- 0xFFFFFFFBF8020000

mem[X,0x000000008000078C] -> 0x9793
mem[X,0x000000008000078E] -> 0x00B7
[488] [M]: 0x000000008000078C (0x00B79793) slli a5, a5, 0xb
x15 <- 0xFFFFDFC010000000

mem[X,0x0000000080000790] -> 0x8793
mem[X,0x0000000080000792] -> 0x1BF7
[489] [M]: 0x0000000080000790 (0x1BF78793) addi a5, a5, 0x1bf
x15 <- 0xFFFFDFC0100001BF

mem[X,0x0000000080000794] -> 0x9793
mem[X,0x0000000080000796] -> 0x00A7
[490] [M]: 0x0000000080000794 (0x00A79793) slli a5, a5, 0xa
x15 <- 0xFF7F00400006FC00

mem[X,0x0000000080000798] -> 0x8793
mem[X,0x000000008000079A] -> 0x3FB7
[491] [M]: 0x0000000080000798 (0x3FB78793) addi a5, a5, 0x3fb
x15 <- 0xFF7F00400006FFFB

mem[X,0x000000008000079C] -> 0x4B37
mem[X,0x000000008000079E] -> 0x0003
[492] [M]: 0x000000008000079C (0x00034B37) lui s6, 0x34
x22 <- 0x0000000000034000

mem[X,0x00000000800007A0] -> 0x0B13
mem[X,0x00000000800007A2] -> 0x000B
[493] [M]: 0x00000000800007A0 (0x000B0B13) addi s6, s6, 0x0
x22 <- 0x0000000000034000

mem[X,0x00000000800007A4] -> 0x1B13
mem[X,0x00000000800007A6] -> 0x00BB
[494] [M]: 0x00000000800007A4 (0x00BB1B13) slli s6, s6, 0xb
x22 <- 0x000000001A000000

mem[X,0x00000000800007A8] -> 0x0B13
mem[X,0x00000000800007AA] -> 0x77FB
[495] [M]: 0x00000000800007A8 (0x77FB0B13) addi s6, s6, 0x77f
x22 <- 0x000000001A00077F

mem[X,0x00000000800007AC] -> 0x1B13
mem[X,0x00000000800007AE] -> 0x00BB
[496] [M]: 0x00000000800007AC (0x00BB1B13) slli s6, s6, 0xb
x22 <- 0x000000D0003BF800

mem[X,0x00000000800007B0] -> 0x0B13
mem[X,0x00000000800007B2] -> 0x7FFB
[497] [M]: 0x00000000800007B0 (0x7FFB0B13) addi s6, s6, 0x7ff
x22 <- 0x000000D0003BFFFF

mem[X,0x00000000800007B4] -> 0x1B13
mem[X,0x00000000800007B6] -> 0x00AB
[498] [M]: 0x00000000800007B4 (0x00AB1B13) slli s6, s6, 0xa
x22 <- 0x00034000EFFFFC00

mem[X,0x00000000800007B8] -> 0x0B13
mem[X,0x00000000800007BA] -> 0x2FFB
[499] [M]: 0x00000000800007B8 (0x2FFB0B13) addi s6, s6, 0x2ff
x22 <- 0x00034000EFFFFEFF

clint::tick mtime <- 0x0000000000000005
 clint timer pending at mtime 0x0000000000000005
htif::tick 0x0000000000000000
mem[X,0x00000000800007BC] -> 0xF8BB
mem[X,0x00000000800007BE] -> 0x8D67
[500] [M]: 0x00000000800007BC (0x8D67F8BB) pmhracc.h a7, a5, s6
x17 <- 0xFFFB0010FFF60400

mem[X,0x00000000800007C0] -> 0x3823
mem[X,0x00000000800007C2] -> 0x0314
[501] [M]: 0x00000000800007C0 (0x03143823) sd a7, 0x30(fp)
mem[0x00000000800041C0] <- 0xFFFB0010FFF60400

mem[X,0x00000000800007C4] -> 0x0E37
mem[X,0x00000000800007C6] -> 0xFFFA
[502] [M]: 0x00000000800007C4 (0xFFFA0E37) lui t3, -0x60
x28 <- 0xFFFFFFFFFFFA0000

mem[X,0x00000000800007C8] -> 0x0E13
mem[X,0x00000000800007CA] -> 0x040E
[503] [M]: 0x00000000800007C8 (0x040E0E13) addi t3, t3, 0x40
x28 <- 0xFFFFFFFFFFFA0040

mem[X,0x00000000800007CC] -> 0x1E13
mem[X,0x00000000800007CE] -> 0x00BE
[504] [M]: 0x00000000800007CC (0x00BE1E13) slli t3, t3, 0xb
x28 <- 0xFFFFFFFFD0020000

mem[X,0x00000000800007D0] -> 0x0E13
mem[X,0x00000000800007D2] -> 0x040E
[505] [M]: 0x00000000800007D0 (0x040E0E13) addi t3, t3, 0x40
x28 <- 0xFFFFFFFFD0020040

mem[X,0x00000000800007D4] -> 0x1E13
mem[X,0x00000000800007D6] -> 0x00BE
[506] [M]: 0x00000000800007D4 (0x00BE1E13) slli t3, t3, 0xb
x28 <- 0xFFFFFE8010020000

mem[X,0x00000000800007D8] -> 0x0E13
mem[X,0x00000000800007DA] -> 0x03FE
[507] [M]: 0x00000000800007D8 (0x03FE0E13) addi t3, t3, 0x3f
x28 <- 0xFFFFFE801002003F

mem[X,0x00000000800007DC] -> 0x1E13
mem[X,0x00000000800007DE] -> 0x00AE
[508] [M]: 0x00000000800007DC (0x00AE1E13) slli t3, t3, 0xa
x28 <- 0xFFFA00400800FC00

mem[X,0x00000000800007E0] -> 0x0E13
mem[X,0x00000000800007E2] -> 0x3F7E
[509] [M]: 0x00000000800007E0 (0x3F7E0E13) addi t3, t3, 0x3f7
x28 <- 0xFFFA00400800FFF7

mem[X,0x00000000800007E4] -> 0x06B7
mem[X,0x00000000800007E6] -> 0xFFF9
[510] [M]: 0x00000000800007E4 (0xFFF906B7) lui a3, -0x70
x13 <- 0xFFFFFFFFFFF90000

mem[X,0x00000000800007E8] -> 0x8693
mem[X,0x00000000800007EA] -> 0x4006
[511] [M]: 0x00000000800007E8 (0x40068693) addi a3, a3, 0x400
x13 <- 0xFFFFFFFFFFF90400

mem[X,0x00000000800007EC] -> 0x9693
mem[X,0x00000000800007EE] -> 0x00B6
[512] [M]: 0x00000000800007EC (0x00B69693) slli a3, a3, 0xb
x13 <- 0xFFFFFFFFC8200000

mem[X,0x00000000800007F0] -> 0x8693
mem[X,0x00000000800007F2] -> 0x3FF6
[513] [M]: 0x00000000800007F0 (0x3FF68693) addi a3, a3, 0x3ff
x13 <- 0xFFFFFFFFC82003FF

mem[X,0x00000000800007F4] -> 0x9693
mem[X,0x00000000800007F6] -> 0x00B6
[514] [M]: 0x00000000800007F4 (0x00B69693) slli a3, a3, 0xb
x13 <- 0xFFFFFE41001FF800

mem[X,0x00000000800007F8] -> 0x8693
mem[X,0x00000000800007FA] -> 0x7FF6
[515] [M]: 0x00000000800007F8 (0x7FF68693) addi a3, a3, 0x7ff
x13 <- 0xFFFFFE41001FFFFF

mem[X,0x00000000800007FC] -> 0x9693
mem[X,0x00000000800007FE] -> 0x00A6
[516] [M]: 0x00000000800007FC (0x00A69693) slli a3, a3, 0xa
x13 <- 0xFFF904007FFFFC00

mem[X,0x0000000080000800] -> 0x8693
mem[X,0x0000000080000802] -> 0x3F66
[517] [M]: 0x0000000080000800 (0x3F668693) addi a3, a3, 0x3f6
x13 <- 0xFFF904007FFFFFF6

mem[X,0x0000000080000804] -> 0x7A3B
mem[X,0x0000000080000806] -> 0x8CDE
[518] [M]: 0x0000000080000804 (0x8CDE7A3B) pmhracc.h s4, t3, a3
x20 <- 0x3FFFFE0003F8FBFF

mem[X,0x0000000080000808] -> 0x3C23
mem[X,0x000000008000080A] -> 0x0344
[519] [M]: 0x0000000080000808 (0x03443C23) sd s4, 0x38(fp)
mem[0x00000000800041C8] <- 0x3FFFFE0003F8FBFF

mem[X,0x000000008000080C] -> 0x0737
mem[X,0x000000008000080E] -> 0x0007
[520] [M]: 0x000000008000080C (0x00070737) lui a4, 0x70
x14 <- 0x0000000000070000

mem[X,0x0000000080000810] -> 0x0713
mem[X,0x0000000080000812] -> 0xFF97
[521] [M]: 0x0000000080000810 (0xFF970713) addi a4, a4, -0x7
x14 <- 0x000000000006FFF9

mem[X,0x0000000080000814] -> 0x1713
mem[X,0x0000000080000816] -> 0x00B7
[522] [M]: 0x0000000080000814 (0x00B71713) slli a4, a4, 0xb
x14 <- 0x0000000037FFC800

mem[X,0x0000000080000818] -> 0x0713
mem[X,0x000000008000081A] -> 0x7FF7
[523] [M]: 0x0000000080000818 (0x7FF70713) addi a4, a4, 0x7ff
x14 <- 0x0000000037FFCFFF

mem[X,0x000000008000081C] -> 0x1713
mem[X,0x000000008000081E] -> 0x00B7
[524] [M]: 0x000000008000081C (0x00B71713) slli a4, a4, 0xb
x14 <- 0x000001BFFE7FF800

mem[X,0x0000000080000820] -> 0x0713
mem[X,0x0000000080000822] -> 0x6FF7
[525] [M]: 0x0000000080000820 (0x6FF70713) addi a4, a4, 0x6ff
x14 <- 0x000001BFFE7FFEFF

mem[X,0x0000000080000824] -> 0x1713
mem[X,0x0000000080000826] -> 0x00A7
[526] [M]: 0x0000000080000824 (0x00A71713) slli a4, a4, 0xa
x14 <- 0x0006FFF9FFFBFC00

mem[X,0x0000000080000828] -> 0x0713
mem[X,0x000000008000082A] -> 0x3EF7
[527] [M]: 0x0000000080000828 (0x3EF70713) addi a4, a4, 0x3ef
x14 <- 0x0006FFF9FFFBFFEF

mem[X,0x000000008000082C] -> 0x0CB7
mem[X,0x000000008000082E] -> 0x7FFF
[528] [M]: 0x000000008000082C (0x7FFF0CB7) lui s9, 0x7fff0
x25 <- 0x000000007FFF0000

mem[X,0x0000000080000830] -> 0x8C93
mem[X,0x0000000080000832] -> 0x004C
[529] [M]: 0x0000000080000830 (0x004C8C93) addi s9, s9, 0x4
x25 <- 0x000000007FFF0004

mem[X,0x0000000080000834] -> 0x9C93
mem[X,0x0000000080000836] -> 0x00BC
[530] [M]: 0x0000000080000834 (0x00BC9C93) slli s9, s9, 0xb
x25 <- 0x000003FFF8002000

mem[X,0x0000000080000838] -> 0x8C93
mem[X,0x000000008000083A] -> 0x600C
[531] [M]: 0x0000000080000838 (0x600C8C93) addi s9, s9, 0x600
x25 <- 0x000003FFF8002600

mem[X,0x000000008000083C] -> 0x9C93
mem[X,0x000000008000083E] -> 0x00BC
[532] [M]: 0x000000008000083C (0x00BC9C93) slli s9, s9, 0xb
x25 <- 0x001FFFC001300000

mem[X,0x0000000080000840] -> 0x8C93
mem[X,0x0000000080000842] -> 0x002C
[533] [M]: 0x0000000080000840 (0x002C8C93) addi s9, s9, 0x2
x25 <- 0x001FFFC001300002

mem[X,0x0000000080000844] -> 0x9C93
mem[X,0x0000000080000846] -> 0x00AC
[534] [M]: 0x0000000080000844 (0x00AC9C93) slli s9, s9, 0xa
x25 <- 0x7FFF0004C0000800

mem[X,0x0000000080000848] -> 0x76BB
mem[X,0x000000008000084A] -> 0x8D97
[535] [M]: 0x0000000080000848 (0x8D9776BB) pmhracc.h a3, a4, s9
x13 <- 0xFFFC04008000FFF5

mem[X,0x000000008000084C] -> 0x3023
mem[X,0x000000008000084E] -> 0x04D4
[536] [M]: 0x000000008000084C (0x04D43023) sd a3, 0x40(fp)
mem[0x00000000800041D0] <- 0xFFFC04008000FFF5

mem[X,0x0000000080000850] -> 0xE5B7
mem[X,0x0000000080000852] -> 0xFBFF
[537] [M]: 0x0000000080000850 (0xFBFFE5B7) lui a1, -0x4002
x11 <- 0xFFFFFFFFFBFFE000

mem[X,0x0000000080000854] -> 0x8593
mem[X,0x0000000080000856] -> 0xFFF5
[538] [M]: 0x0000000080000854 (0xFFF58593) addi a1, a1, -0x1
x11 <- 0xFFFFFFFFFBFFDFFF

mem[X,0x0000000080000858] -> 0x9593
mem[X,0x000000008000085A] -> 0x00B5
[539] [M]: 0x0000000080000858 (0x00B59593) slli a1, a1, 0xb
x11 <- 0xFFFFFFDFFEFFF800

mem[X,0x000000008000085C] -> 0x8593
mem[X,0x000000008000085E] -> 0x7FF5
[540] [M]: 0x000000008000085C (0x7FF58593) addi a1, a1, 0x7ff
x11 <- 0xFFFFFFDFFEFFFFFF

mem[X,0x0000000080000860] -> 0x9593
mem[X,0x0000000080000862] -> 0x00B5
[541] [M]: 0x0000000080000860 (0x00B59593) slli a1, a1, 0xb
x11 <- 0xFFFEFFF7FFFFF800

mem[X,0x0000000080000864] -> 0x8593
mem[X,0x0000000080000866] -> 0x5FF5
[542] [M]: 0x0000000080000864 (0x5FF58593) addi a1, a1, 0x5ff
x11 <- 0xFFFEFFF7FFFFFDFF

mem[X,0x0000000080000868] -> 0x9593
mem[X,0x000000008000086A] -> 0x00A5
[543] [M]: 0x0000000080000868 (0x00A59593) slli a1, a1, 0xa
x11 <- 0xFBFFDFFFFFF7FC00

mem[X,0x000000008000086C] -> 0x8593
mem[X,0x000000008000086E] -> 0x3DF5
[544] [M]: 0x000000008000086C (0x3DF58593) addi a1, a1, 0x3df
x11 <- 0xFBFFDFFFFFF7FFDF

mem[X,0x0000000080000870] -> 0x0FB7
mem[X,0x0000000080000872] -> 0xFEFF
[545] [M]: 0x0000000080000870 (0xFEFF0FB7) lui t6, -0x1010
x31 <- 0xFFFFFFFFFEFF0000

mem[X,0x0000000080000874] -> 0x8F93
mem[X,0x0000000080000876] -> 0x009F
[546] [M]: 0x0000000080000874 (0x009F8F93) addi t6, t6, 0x9
x31 <- 0xFFFFFFFFFEFF0009

mem[X,0x0000000080000878] -> 0x9F93
mem[X,0x000000008000087A] -> 0x00BF
[547] [M]: 0x0000000080000878 (0x00BF9F93) slli t6, t6, 0xb
x31 <- 0xFFFFFFF7F8004800

mem[X,0x000000008000087C] -> 0x8F93
mem[X,0x000000008000087E] -> 0x008F
[548] [M]: 0x000000008000087C (0x008F8F93) addi t6, t6, 0x8
x31 <- 0xFFFFFFF7F8004808

mem[X,0x0000000080000880] -> 0x9F93
mem[X,0x0000000080000882] -> 0x00BF
[549] [M]: 0x0000000080000880 (0x00BF9F93) slli t6, t6, 0xb
x31 <- 0xFFFFBFC002404000

mem[X,0x0000000080000884] -> 0x8F93
mem[X,0x0000000080000886] -> 0x03FF
[550] [M]: 0x0000000080000884 (0x03FF8F93) addi t6, t6, 0x3f
x31 <- 0xFFFFBFC00240403F

mem[X,0x0000000080000888] -> 0x9F93
mem[X,0x000000008000088A] -> 0x00AF
[551] [M]: 0x0000000080000888 (0x00AF9F93) slli t6, t6, 0xa
x31 <- 0xFEFF00090100FC00

mem[X,0x000000008000088C] -> 0x8F93
mem[X,0x000000008000088E] -> 0x3FFF
[552] [M]: 0x000000008000088C (0x3FFF8F93) addi t6, t6, 0x3ff
x31 <- 0xFEFF00090100FFFF

mem[X,0x0000000080000890] -> 0xFDBB
mem[X,0x0000000080000892] -> 0x8DF5
[553] [M]: 0x0000000080000890 (0x8DF5FDBB) pmhracc.h s11, a1, t6
x27 <- 0xFFE3FFF9DFFF0020

mem[X,0x0000000080000894] -> 0x3423
mem[X,0x0000000080000896] -> 0x05B4
[554] [M]: 0x0000000080000894 (0x05B43423) sd s11, 0x48(fp)
mem[0x00000000800041D8] <- 0xFFE3FFF9DFFF0020

mem[X,0x0000000080000898] -> 0x0937
mem[X,0x000000008000089A] -> 0x0801
[555] [M]: 0x0000000080000898 (0x08010937) lui s2, 0x8010
x18 <- 0x0000000008010000

mem[X,0x000000008000089C] -> 0x0913
mem[X,0x000000008000089E] -> 0xFDF9
[556] [M]: 0x000000008000089C (0xFDF90913) addi s2, s2, -0x21
x18 <- 0x000000000800FFDF

mem[X,0x00000000800008A0] -> 0x1913
mem[X,0x00000000800008A2] -> 0x00B9
[557] [M]: 0x00000000800008A0 (0x00B91913) slli s2, s2, 0xb
x18 <- 0x0000004007FEF800

mem[X,0x00000000800008A4] -> 0x0913
mem[X,0x00000000800008A6] -> 0x5559
[558] [M]: 0x00000000800008A4 (0x55590913) addi s2, s2, 0x555
x18 <- 0x0000004007FEFD55

mem[X,0x00000000800008A8] -> 0x1913
mem[X,0x00000000800008AA] -> 0x00B9
[559] [M]: 0x00000000800008A8 (0x00B91913) slli s2, s2, 0xb
x18 <- 0x0002003FF7EAA800

mem[X,0x00000000800008AC] -> 0x0913
mem[X,0x00000000800008AE] -> 0x2BF9
[560] [M]: 0x00000000800008AC (0x2BF90913) addi s2, s2, 0x2bf
x18 <- 0x0002003FF7EAAABF

mem[X,0x00000000800008B0] -> 0x1913
mem[X,0x00000000800008B2] -> 0x00A9
[561] [M]: 0x00000000800008B0 (0x00A91913) slli s2, s2, 0xa
x18 <- 0x0800FFDFAAAAFC00

mem[X,0x00000000800008B4] -> 0x0913
mem[X,0x00000000800008B6] -> 0x3BF9
[562] [M]: 0x00000000800008B4 (0x3BF90913) addi s2, s2, 0x3bf
x18 <- 0x0800FFDFAAAAFFBF

mem[X,0x00000000800008B8] -> 0x8C37
mem[X,0x00000000800008BA] -> 0x0400
[563] [M]: 0x00000000800008B8 (0x04008C37) lui s8, 0x4008
x24 <- 0x0000000004008000

mem[X,0x00000000800008BC] -> 0x0C13
mem[X,0x00000000800008BE] -> 0xFFFC
[564] [M]: 0x00000000800008BC (0xFFFC0C13) addi s8, s8, -0x1
x24 <- 0x0000000004007FFF

mem[X,0x00000000800008C0] -> 0x1C13
mem[X,0x00000000800008C2] -> 0x00BC
[565] [M]: 0x00000000800008C0 (0x00BC1C13) slli s8, s8, 0xb
x24 <- 0x0000002003FFF800

mem[X,0x00000000800008C4] -> 0x0C13
mem[X,0x00000000800008C6] -> 0x7FFC
[566] [M]: 0x00000000800008C4 (0x7FFC0C13) addi s8, s8, 0x7ff
x24 <- 0x0000002003FFFFFF

mem[X,0x00000000800008C8] -> 0x1C13
mem[X,0x00000000800008CA] -> 0x00BC
[567] [M]: 0x00000000800008C8 (0x00BC1C13) slli s8, s8, 0xb
x24 <- 0x0001001FFFFFF800

mem[X,0x00000000800008CC] -> 0x0C13
mem[X,0x00000000800008CE] -> 0x3FFC
[568] [M]: 0x00000000800008CC (0x3FFC0C13) addi s8, s8, 0x3ff
x24 <- 0x0001001FFFFFFBFF

mem[X,0x00000000800008D0] -> 0x1C13
mem[X,0x00000000800008D2] -> 0x00AC
[569] [M]: 0x00000000800008D0 (0x00AC1C13) slli s8, s8, 0xa
x24 <- 0x04007FFFFFEFFC00

mem[X,0x00000000800008D4] -> 0x0C13
mem[X,0x00000000800008D6] -> 0x37FC
[570] [M]: 0x00000000800008D4 (0x37FC0C13) addi s8, s8, 0x37f
x24 <- 0x04007FFFFFEFFF7F

mem[X,0x00000000800008D8] -> 0x7B3B
mem[X,0x00000000800008DA] -> 0x8D89
[571] [M]: 0x00000000800008D8 (0x8D897B3B) pmhracc.h s6, s2, s8
x22 <- 0x00233FF0F005FEFF

mem[X,0x00000000800008DC] -> 0x3823
mem[X,0x00000000800008DE] -> 0x0564
[572] [M]: 0x00000000800008DC (0x05643823) sd s6, 0x50(fp)
mem[0x00000000800041E0] <- 0x00233FF0F005FEFF

mem[X,0x00000000800008E0] -> 0x0037
mem[X,0x00000000800008E2] -> 0x8000
[573] [M]: 0x00000000800008E0 (0x80000037) lui zero, -0x80000

mem[X,0x00000000800008E4] -> 0x0013
mem[X,0x00000000800008E6] -> 0xDFF0
[574] [M]: 0x00000000800008E4 (0xDFF00013) addi zero, zero, -0x201

mem[X,0x00000000800008E8] -> 0x1013
mem[X,0x00000000800008EA] -> 0x00B0
[575] [M]: 0x00000000800008E8 (0x00B01013) slli zero, zero, 0xb

mem[X,0x00000000800008EC] -> 0x0013
mem[X,0x00000000800008EE] -> 0x0000
[576] [M]: 0x00000000800008EC (0x00000013) addi zero, zero, 0x0

mem[X,0x00000000800008F0] -> 0x1013
mem[X,0x00000000800008F2] -> 0x00B0
[577] [M]: 0x00000000800008F0 (0x00B01013) slli zero, zero, 0xb

mem[X,0x00000000800008F4] -> 0x0013
mem[X,0x00000000800008F6] -> 0x1BF0
[578] [M]: 0x00000000800008F4 (0x1BF00013) addi zero, zero, 0x1bf

mem[X,0x00000000800008F8] -> 0x1013
mem[X,0x00000000800008FA] -> 0x00A0
[579] [M]: 0x00000000800008F8 (0x00A01013) slli zero, zero, 0xa

mem[X,0x00000000800008FC] -> 0x0013
mem[X,0x00000000800008FE] -> 0x37F0
[580] [M]: 0x00000000800008FC (0x37F00013) addi zero, zero, 0x37f

mem[X,0x0000000080000900] -> 0x8137
mem[X,0x0000000080000902] -> 0x0100
[581] [M]: 0x0000000080000900 (0x01008137) lui sp, 0x1008
x2 <- 0x0000000001008000

mem[X,0x0000000080000904] -> 0x0113
mem[X,0x0000000080000906] -> 0x0001
[582] [M]: 0x0000000080000904 (0x00010113) addi sp, sp, 0x0
x2 <- 0x0000000001008000

mem[X,0x0000000080000908] -> 0x1113
mem[X,0x000000008000090A] -> 0x00B1
[583] [M]: 0x0000000080000908 (0x00B11113) slli sp, sp, 0xb
x2 <- 0x0000000804000000

mem[X,0x000000008000090C] -> 0x0113
mem[X,0x000000008000090E] -> 0x7FF1
[584] [M]: 0x000000008000090C (0x7FF10113) addi sp, sp, 0x7ff
x2 <- 0x00000008040007FF

mem[X,0x0000000080000910] -> 0x1113
mem[X,0x0000000080000912] -> 0x00B1
[585] [M]: 0x0000000080000910 (0x00B11113) slli sp, sp, 0xb
x2 <- 0x00004020003FF800

mem[X,0x0000000080000914] -> 0x0113
mem[X,0x0000000080000916] -> 0x7801
[586] [M]: 0x0000000080000914 (0x78010113) addi sp, sp, 0x780
x2 <- 0x00004020003FFF80

mem[X,0x0000000080000918] -> 0x1113
mem[X,0x000000008000091A] -> 0x00A1
[587] [M]: 0x0000000080000918 (0x00A11113) slli sp, sp, 0xa
x2 <- 0x01008000FFFE0000

mem[X,0x000000008000091C] -> 0x0113
mem[X,0x000000008000091E] -> 0x0801
[588] [M]: 0x000000008000091C (0x08010113) addi sp, sp, 0x80
x2 <- 0x01008000FFFE0080

mem[X,0x0000000080000920] -> 0x7D3B
mem[X,0x0000000080000922] -> 0x8C20
[589] [M]: 0x0000000080000920 (0x8C207D3B) pmhracc.h s10, zero, sp
x26 <- 0x0040080010004000

mem[X,0x0000000080000924] -> 0x3C23
mem[X,0x0000000080000926] -> 0x05A4
[590] [M]: 0x0000000080000924 (0x05A43C23) sd s10, 0x58(fp)
mem[0x00000000800041E8] <- 0x0040080010004000

mem[X,0x0000000080000928] -> 0x0CB7
mem[X,0x000000008000092A] -> 0xDFFF
[591] [M]: 0x0000000080000928 (0xDFFF0CB7) lui s9, -0x20010
x25 <- 0xFFFFFFFFDFFF0000

mem[X,0x000000008000092C] -> 0x8C93
mem[X,0x000000008000092E] -> 0x005C
[592] [M]: 0x000000008000092C (0x005C8C93) addi s9, s9, 0x5
x25 <- 0xFFFFFFFFDFFF0005

mem[X,0x0000000080000930] -> 0x9C93
mem[X,0x0000000080000932] -> 0x00BC
[593] [M]: 0x0000000080000930 (0x00BC9C93) slli s9, s9, 0xb
x25 <- 0xFFFFFEFFF8002800

mem[X,0x0000000080000934] -> 0x8C93
mem[X,0x0000000080000936] -> 0x002C
[594] [M]: 0x0000000080000934 (0x002C8C93) addi s9, s9, 0x2
x25 <- 0xFFFFFEFFF8002802

mem[X,0x0000000080000938] -> 0x9C93
mem[X,0x000000008000093A] -> 0x00BC
[595] [M]: 0x0000000080000938 (0x00BC9C93) slli s9, s9, 0xb
x25 <- 0xFFF7FFC001401000

mem[X,0x000000008000093C] -> 0x8C93
mem[X,0x000000008000093E] -> 0x03FC
[596] [M]: 0x000000008000093C (0x03FC8C93) addi s9, s9, 0x3f
x25 <- 0xFFF7FFC00140103F

mem[X,0x0000000080000940] -> 0x9C93
mem[X,0x0000000080000942] -> 0x00AC
[597] [M]: 0x0000000080000940 (0x00AC9C93) slli s9, s9, 0xa
x25 <- 0xDFFF00050040FC00

mem[X,0x0000000080000944] -> 0x8C93
mem[X,0x0000000080000946] -> 0x2FFC
[598] [M]: 0x0000000080000944 (0x2FFC8C93) addi s9, s9, 0x2ff
x25 <- 0xDFFF00050040FEFF

mem[X,0x0000000080000948] -> 0x0037
mem[X,0x000000008000094A] -> 0xFFC0
[599] [M]: 0x0000000080000948 (0xFFC00037) lui zero, -0x400

clint::tick mtime <- 0x0000000000000006
 clint timer pending at mtime 0x0000000000000006
htif::tick 0x0000000000000000
mem[X,0x000000008000094C] -> 0x0013
mem[X,0x000000008000094E] -> 0xFF60
[600] [M]: 0x000000008000094C (0xFF600013) addi zero, zero, -0xa

mem[X,0x0000000080000950] -> 0x1013
mem[X,0x0000000080000952] -> 0x00B0
[601] [M]: 0x0000000080000950 (0x00B01013) slli zero, zero, 0xb

mem[X,0x0000000080000954] -> 0x0013
mem[X,0x0000000080000956] -> 0x7FB0
[602] [M]: 0x0000000080000954 (0x7FB00013) addi zero, zero, 0x7fb

mem[X,0x0000000080000958] -> 0x1013
mem[X,0x000000008000095A] -> 0x00B0
[603] [M]: 0x0000000080000958 (0x00B01013) slli zero, zero, 0xb

mem[X,0x000000008000095C] -> 0x0013
mem[X,0x000000008000095E] -> 0x7F00
[604] [M]: 0x000000008000095C (0x7F000013) addi zero, zero, 0x7f0

mem[X,0x0000000080000960] -> 0x1013
mem[X,0x0000000080000962] -> 0x00A0
[605] [M]: 0x0000000080000960 (0x00A01013) slli zero, zero, 0xa

mem[X,0x0000000080000964] -> 0xF73B
mem[X,0x0000000080000966] -> 0x8C0C
[606] [M]: 0x0000000080000964 (0x8C0CF73B) pmhracc.h a4, s9, zero
x14 <- 0x0006FFF9FFFBFFEF

mem[X,0x0000000080000968] -> 0x3023
mem[X,0x000000008000096A] -> 0x06E4
[607] [M]: 0x0000000080000968 (0x06E43023) sd a4, 0x60(fp)
mem[0x00000000800041F0] <- 0x0006FFF9FFFBFFEF

mem[X,0x000000008000096C] -> 0x0F37
mem[X,0x000000008000096E] -> 0x0003
[608] [M]: 0x000000008000096C (0x00030F37) lui t5, 0x30
x30 <- 0x0000000000030000

mem[X,0x0000000080000970] -> 0x0F13
mem[X,0x0000000080000972] -> 0xF7FF
[609] [M]: 0x0000000080000970 (0xF7FF0F13) addi t5, t5, -0x81
x30 <- 0x000000000002FF7F

mem[X,0x0000000080000974] -> 0x1F13
mem[X,0x0000000080000976] -> 0x00BF
[610] [M]: 0x0000000080000974 (0x00BF1F13) slli t5, t5, 0xb
x30 <- 0x0000000017FBF800

mem[X,0x0000000080000978] -> 0x0F13
mem[X,0x000000008000097A] -> 0x7FDF
[611] [M]: 0x0000000080000978 (0x7FDF0F13) addi t5, t5, 0x7fd
x30 <- 0x0000000017FBFFFD

mem[X,0x000000008000097C] -> 0x1F13
mem[X,0x000000008000097E] -> 0x00BF
[612] [M]: 0x000000008000097C (0x00BF1F13) slli t5, t5, 0xb
x30 <- 0x000000BFDFFFE800

mem[X,0x0000000080000980] -> 0x0F13
mem[X,0x0000000080000982] -> 0x7FFF
[613] [M]: 0x0000000080000980 (0x7FFF0F13) addi t5, t5, 0x7ff
x30 <- 0x000000BFDFFFEFFF

mem[X,0x0000000080000984] -> 0x1F13
mem[X,0x0000000080000986] -> 0x00AF
[614] [M]: 0x0000000080000984 (0x00AF1F13) slli t5, t5, 0xa
x30 <- 0x0002FF7FFFBFFC00

mem[X,0x0000000080000988] -> 0x0F13
mem[X,0x000000008000098A] -> 0x1FFF
[615] [M]: 0x0000000080000988 (0x1FFF0F13) addi t5, t5, 0x1ff
x30 <- 0x0002FF7FFFBFFDFF

mem[X,0x000000008000098C] -> 0x08B7
mem[X,0x000000008000098E] -> 0xC001
[616] [M]: 0x000000008000098C (0xC00108B7) lui a7, -0x3fff0
x17 <- 0xFFFFFFFFC0010000

mem[X,0x0000000080000990] -> 0x8893
mem[X,0x0000000080000992] -> 0xFDF8
[617] [M]: 0x0000000080000990 (0xFDF88893) addi a7, a7, -0x21
x17 <- 0xFFFFFFFFC000FFDF

mem[X,0x0000000080000994] -> 0x9893
mem[X,0x0000000080000996] -> 0x00B8
[618] [M]: 0x0000000080000994 (0x00B89893) slli a7, a7, 0xb
x17 <- 0xFFFFFE0007FEF800

mem[X,0x0000000080000998] -> 0x8893
mem[X,0x000000008000099A] -> 0x1008
[619] [M]: 0x0000000080000998 (0x10088893) addi a7, a7, 0x100
x17 <- 0xFFFFFE0007FEF900

mem[X,0x000000008000099C] -> 0x9893
mem[X,0x000000008000099E] -> 0x00B8
[620] [M]: 0x000000008000099C (0x00B89893) slli a7, a7, 0xb
x17 <- 0xFFF0003FF7C80000

mem[X,0x00000000800009A0] -> 0x8893
mem[X,0x00000000800009A2] -> 0x0008
[621] [M]: 0x00000000800009A0 (0x00088893) addi a7, a7, 0x0
x17 <- 0xFFF0003FF7C80000

mem[X,0x00000000800009A4] -> 0x9893
mem[X,0x00000000800009A6] -> 0x00A8
[622] [M]: 0x00000000800009A4 (0x00A89893) slli a7, a7, 0xa
x17 <- 0xC000FFDF20000000

mem[X,0x00000000800009A8] -> 0x8893
mem[X,0x00000000800009AA] -> 0x0028
[623] [M]: 0x00000000800009A8 (0x00288893) addi a7, a7, 0x2
x17 <- 0xC000FFDF20000002

mem[X,0x00000000800009AC] -> 0x723B
mem[X,0x00000000800009AE] -> 0x8D1F
[624] [M]: 0x00000000800009AC (0x8D1F723B) pmhracc.h tp, t5, a7
x4 <- 0x04000000FFF6FFFE

mem[X,0x00000000800009B0] -> 0x3423
mem[X,0x00000000800009B2] -> 0x0644
[625] [M]: 0x00000000800009B0 (0x06443423) sd tp, 0x68(fp)
mem[0x00000000800041F8] <- 0x04000000FFF6FFFE

mem[X,0x00000000800009B4] -> 0x0A37
mem[X,0x00000000800009B6] -> 0x1001
[626] [M]: 0x00000000800009B4 (0x10010A37) lui s4, 0x10010
x20 <- 0x0000000010010000

mem[X,0x00000000800009B8] -> 0x0A13
mem[X,0x00000000800009BA] -> 0xFFAA
[627] [M]: 0x00000000800009B8 (0xFFAA0A13) addi s4, s4, -0x6
x20 <- 0x000000001000FFFA

mem[X,0x00000000800009BC] -> 0x1A13
mem[X,0x00000000800009BE] -> 0x00BA
[628] [M]: 0x00000000800009BC (0x00BA1A13) slli s4, s4, 0xb
x20 <- 0x0000008007FFD000

mem[X,0x00000000800009C0] -> 0x0A13
mem[X,0x00000000800009C2] -> 0x2AAA
[629] [M]: 0x00000000800009C0 (0x2AAA0A13) addi s4, s4, 0x2aa
x20 <- 0x0000008007FFD2AA

mem[X,0x00000000800009C4] -> 0x1A13
mem[X,0x00000000800009C6] -> 0x00BA
[630] [M]: 0x00000000800009C4 (0x00BA1A13) slli s4, s4, 0xb
x20 <- 0x0004003FFE955000

mem[X,0x00000000800009C8] -> 0x0A13
mem[X,0x00000000800009CA] -> 0x57EA
[631] [M]: 0x00000000800009C8 (0x57EA0A13) addi s4, s4, 0x57e
x20 <- 0x0004003FFE95557E

mem[X,0x00000000800009CC] -> 0x1A13
mem[X,0x00000000800009CE] -> 0x00AA
[632] [M]: 0x00000000800009CC (0x00AA1A13) slli s4, s4, 0xa
x20 <- 0x1000FFFA5555F800

mem[X,0x00000000800009D0] -> 0x0A13
mem[X,0x00000000800009D2] -> 0x3FFA
[633] [M]: 0x00000000800009D0 (0x3FFA0A13) addi s4, s4, 0x3ff
x20 <- 0x1000FFFA5555FBFF

mem[X,0x00000000800009D4] -> 0x0AB7
mem[X,0x00000000800009D6] -> 0xFFC0
[634] [M]: 0x00000000800009D4 (0xFFC00AB7) lui s5, -0x400
x21 <- 0xFFFFFFFFFFC00000

mem[X,0x00000000800009D8] -> 0x8A93
mem[X,0x00000000800009DA] -> 0xFFCA
[635] [M]: 0x00000000800009D8 (0xFFCA8A93) addi s5, s5, -0x4
x21 <- 0xFFFFFFFFFFBFFFFC

mem[X,0x00000000800009DC] -> 0x9A93
mem[X,0x00000000800009DE] -> 0x00BA
[636] [M]: 0x00000000800009DC (0x00BA9A93) slli s5, s5, 0xb
x21 <- 0xFFFFFFFDFFFFE000

mem[X,0x00000000800009E0] -> 0x8A93
mem[X,0x00000000800009E2] -> 0x008A
[637] [M]: 0x00000000800009E0 (0x008A8A93) addi s5, s5, 0x8
x21 <- 0xFFFFFFFDFFFFE008

mem[X,0x00000000800009E4] -> 0x9A93
mem[X,0x00000000800009E6] -> 0x00BA
[638] [M]: 0x00000000800009E4 (0x00BA9A93) slli s5, s5, 0xb
x21 <- 0xFFFFEFFFFF004000

mem[X,0x00000000800009E8] -> 0x8A93
mem[X,0x00000000800009EA] -> 0x03FA
[639] [M]: 0x00000000800009E8 (0x03FA8A93) addi s5, s5, 0x3f
x21 <- 0xFFFFEFFFFF00403F

mem[X,0x00000000800009EC] -> 0x9A93
mem[X,0x00000000800009EE] -> 0x00AA
[640] [M]: 0x00000000800009EC (0x00AA9A93) slli s5, s5, 0xa
x21 <- 0xFFBFFFFC0100FC00

mem[X,0x00000000800009F0] -> 0x8A93
mem[X,0x00000000800009F2] -> 0x3BFA
[641] [M]: 0x00000000800009F0 (0x3BFA8A93) addi s5, s5, 0x3bf
x21 <- 0xFFBFFFFC0100FFBF

mem[X,0x00000000800009F4] -> 0x70BB
mem[X,0x00000000800009F6] -> 0x8D5A
[642] [M]: 0x00000000800009F4 (0x8D5A70BB) pmhracc.h ra, s4, s5
x1 <- 0x01FC0020F0541001

mem[X,0x00000000800009F8] -> 0x3823
mem[X,0x00000000800009FA] -> 0x0614
[643] [M]: 0x00000000800009F8 (0x06143823) sd ra, 0x70(fp)
mem[0x0000000080004200] <- 0x01FC0020F0541001

mem[X,0x00000000800009FC] -> 0x0013
mem[X,0x00000000800009FE] -> 0x0000
[644] [M]: 0x00000000800009FC (0x00000013) addi zero, zero, 0x0

mem[X,0x0000000080000A00] -> 0x4097
mem[X,0x0000000080000A02] -> 0x0000
[645] [M]: 0x0000000080000A00 (0x00004097) auipc ra, 0x4
x1 <- 0x0000000080004A00

mem[X,0x0000000080000A04] -> 0x8093
mem[X,0x0000000080000A06] -> 0x8080
[646] [M]: 0x0000000080000A04 (0x80808093) addi ra, ra, -0x7f8
x1 <- 0x0000000080004208

mem[X,0x0000000080000A08] -> 0x0013
mem[X,0x0000000080000A0A] -> 0x0000
[647] [M]: 0x0000000080000A08 (0x00000013) addi zero, zero, 0x0

mem[X,0x0000000080000A0C] -> 0x0013
mem[X,0x0000000080000A0E] -> 0x0000
[648] [M]: 0x0000000080000A0C (0x00000013) addi zero, zero, 0x0

mem[X,0x0000000080000A10] -> 0x0013
mem[X,0x0000000080000A12] -> 0x0000
[649] [M]: 0x0000000080000A10 (0x00000013) addi zero, zero, 0x0

mem[X,0x0000000080000A14] -> 0x0013
mem[X,0x0000000080000A16] -> 0x0000
[650] [M]: 0x0000000080000A14 (0x00000013) addi zero, zero, 0x0

mem[X,0x0000000080000A18] -> 0x0013
mem[X,0x0000000080000A1A] -> 0x0000
[651] [M]: 0x0000000080000A18 (0x00000013) addi zero, zero, 0x0

mem[X,0x0000000080000A1C] -> 0x0013
mem[X,0x0000000080000A1E] -> 0x0000
[652] [M]: 0x0000000080000A1C (0x00000013) addi zero, zero, 0x0

mem[X,0x0000000080000A20] -> 0xC437
mem[X,0x0000000080000A22] -> 0x0010
[653] [M]: 0x0000000080000A20 (0x0010C437) lui fp, 0x10c
x8 <- 0x000000000010C000

mem[X,0x0000000080000A24] -> 0x0413
mem[X,0x0000000080000A26] -> 0xFFF4
[654] [M]: 0x0000000080000A24 (0xFFF40413) addi fp, fp, -0x1
x8 <- 0x000000000010BFFF

mem[X,0x0000000080000A28] -> 0x1413
mem[X,0x0000000080000A2A] -> 0x00B4
[655] [M]: 0x0000000080000A28 (0x00B41413) slli fp, fp, 0xb
x8 <- 0x0000000085FFF800

mem[X,0x0000000080000A2C] -> 0x0413
mem[X,0x0000000080000A2E] -> 0x3FF4
[656] [M]: 0x0000000080000A2C (0x3FF40413) addi fp, fp, 0x3ff
x8 <- 0x0000000085FFFBFF

mem[X,0x0000000080000A30] -> 0x1413
mem[X,0x0000000080000A32] -> 0x00B4
[657] [M]: 0x0000000080000A30 (0x00B41413) slli fp, fp, 0xb
x8 <- 0x0000042FFFDFF800

mem[X,0x0000000080000A34] -> 0x0413
mem[X,0x0000000080000A36] -> 0x7FD4
[658] [M]: 0x0000000080000A34 (0x7FD40413) addi fp, fp, 0x7fd
x8 <- 0x0000042FFFDFFFFD

mem[X,0x0000000080000A38] -> 0x1413
mem[X,0x0000000080000A3A] -> 0x00A4
[659] [M]: 0x0000000080000A38 (0x00A41413) slli fp, fp, 0xa
x8 <- 0x0010BFFF7FFFF400

mem[X,0x0000000080000A3C] -> 0x0413
mem[X,0x0000000080000A3E] -> 0x3FF4
[660] [M]: 0x0000000080000A3C (0x3FF40413) addi fp, fp, 0x3ff
x8 <- 0x0010BFFF7FFFF7FF

mem[X,0x0000000080000A40] -> 0x11B7
mem[X,0x0000000080000A42] -> 0x2000
[661] [M]: 0x0000000080000A40 (0x200011B7) lui gp, 0x20001
x3 <- 0x0000000020001000

mem[X,0x0000000080000A44] -> 0x8193
mem[X,0x0000000080000A46] -> 0x8001
[662] [M]: 0x0000000080000A44 (0x80018193) addi gp, gp, -0x800
x3 <- 0x0000000020000800

mem[X,0x0000000080000A48] -> 0x9193
mem[X,0x0000000080000A4A] -> 0x00B1
[663] [M]: 0x0000000080000A48 (0x00B19193) slli gp, gp, 0xb
x3 <- 0x0000010000400000

mem[X,0x0000000080000A4C] -> 0x8193
mem[X,0x0000000080000A4E] -> 0x0801
[664] [M]: 0x0000000080000A4C (0x08018193) addi gp, gp, 0x80
x3 <- 0x0000010000400080

mem[X,0x0000000080000A50] -> 0x9193
mem[X,0x0000000080000A52] -> 0x00B1
[665] [M]: 0x0000000080000A50 (0x00B19193) slli gp, gp, 0xb
x3 <- 0x0008000200040000

mem[X,0x0000000080000A54] -> 0x8193
mem[X,0x0000000080000A56] -> 0x0001
[666] [M]: 0x0000000080000A54 (0x00018193) addi gp, gp, 0x0
x3 <- 0x0008000200040000

mem[X,0x0000000080000A58] -> 0x9193
mem[X,0x0000000080000A5A] -> 0x00A1
[667] [M]: 0x0000000080000A58 (0x00A19193) slli gp, gp, 0xa
x3 <- 0x2000080010000000

mem[X,0x0000000080000A5C] -> 0x8193
mem[X,0x0000000080000A5E] -> 0x0021
[668] [M]: 0x0000000080000A5C (0x00218193) addi gp, gp, 0x2
x3 <- 0x2000080010000002

mem[X,0x0000000080000A60] -> 0x703B
mem[X,0x0000000080000A62] -> 0x8C34
[669] [M]: 0x0000000080000A60 (0x8C34703B) pmhracc.h zero, fp, gp

mem[X,0x0000000080000A64] -> 0xB023
mem[X,0x0000000080000A66] -> 0x0000
[670] [M]: 0x0000000080000A64 (0x0000B023) sd zero, 0x0(ra)
mem[0x0000000080004208] <- 0x0000000000000000

mem[X,0x0000000080000A68] -> 0x0FB7
mem[X,0x0000000080000A6A] -> 0x0002
[671] [M]: 0x0000000080000A68 (0x00020FB7) lui t6, 0x20
x31 <- 0x0000000000020000

mem[X,0x0000000080000A6C] -> 0x8F93
mem[X,0x0000000080000A6E] -> 0xFDFF
[672] [M]: 0x0000000080000A6C (0xFDFF8F93) addi t6, t6, -0x21
x31 <- 0x000000000001FFDF

mem[X,0x0000000080000A70] -> 0x9F93
mem[X,0x0000000080000A72] -> 0x00BF
[673] [M]: 0x0000000080000A70 (0x00BF9F93) slli t6, t6, 0xb
x31 <- 0x000000000FFEF800

mem[X,0x0000000080000A74] -> 0x8F93
mem[X,0x0000000080000A76] -> 0x7FFF
[674] [M]: 0x0000000080000A74 (0x7FFF8F93) addi t6, t6, 0x7ff
x31 <- 0x000000000FFEFFFF

mem[X,0x0000000080000A78] -> 0x9F93
mem[X,0x0000000080000A7A] -> 0x00BF
[675] [M]: 0x0000000080000A78 (0x00BF9F93) slli t6, t6, 0xb
x31 <- 0x0000007FF7FFF800

mem[X,0x0000000080000A7C] -> 0x8F93
mem[X,0x0000000080000A7E] -> 0x5BBF
[676] [M]: 0x0000000080000A7C (0x5BBF8F93) addi t6, t6, 0x5bb
x31 <- 0x0000007FF7FFFDBB

mem[X,0x0000000080000A80] -> 0x9F93
mem[X,0x0000000080000A82] -> 0x00AF
[677] [M]: 0x0000000080000A80 (0x00AF9F93) slli t6, t6, 0xa
x31 <- 0x0001FFDFFFF6EC00

mem[X,0x0000000080000A84] -> 0x8F93
mem[X,0x0000000080000A86] -> 0x3FFF
[678] [M]: 0x0000000080000A84 (0x3FFF8F93) addi t6, t6, 0x3ff
x31 <- 0x0001FFDFFFF6EFFF

mem[X,0x0000000080000A88] -> 0x0DB7
mem[X,0x0000000080000A8A] -> 0x0800
[679] [M]: 0x0000000080000A88 (0x08000DB7) lui s11, 0x8000
x27 <- 0x0000000008000000

mem[X,0x0000000080000A8C] -> 0x8D93
mem[X,0x0000000080000A8E] -> 0x080D
[680] [M]: 0x0000000080000A8C (0x080D8D93) addi s11, s11, 0x80
x27 <- 0x0000000008000080

mem[X,0x0000000080000A90] -> 0x9D93
mem[X,0x0000000080000A92] -> 0x00BD
[681] [M]: 0x0000000080000A90 (0x00BD9D93) slli s11, s11, 0xb
x27 <- 0x0000004000040000

mem[X,0x0000000080000A94] -> 0x8D93
mem[X,0x0000000080000A96] -> 0x000D
[682] [M]: 0x0000000080000A94 (0x000D8D93) addi s11, s11, 0x0
x27 <- 0x0000004000040000

mem[X,0x0000000080000A98] -> 0x9D93
mem[X,0x0000000080000A9A] -> 0x00BD
[683] [M]: 0x0000000080000A98 (0x00BD9D93) slli s11, s11, 0xb
x27 <- 0x0002000020000000

mem[X,0x0000000080000A9C] -> 0x8D93
mem[X,0x0000000080000A9E] -> 0x43FD
[684] [M]: 0x0000000080000A9C (0x43FD8D93) addi s11, s11, 0x43f
x27 <- 0x000200002000043F

mem[X,0x0000000080000AA0] -> 0x9D93
mem[X,0x0000000080000AA2] -> 0x00AD
[685] [M]: 0x0000000080000AA0 (0x00AD9D93) slli s11, s11, 0xa
x27 <- 0x080000800010FC00

mem[X,0x0000000080000AA4] -> 0x8D93
mem[X,0x0000000080000AA6] -> 0x3FAD
[686] [M]: 0x0000000080000AA4 (0x3FAD8D93) addi s11, s11, 0x3fa
x27 <- 0x080000800010FFFA

mem[X,0x0000000080000AA8] -> 0xFC3B
mem[X,0x0000000080000AAA] -> 0x8DBF
[687] [M]: 0x0000000080000AA8 (0x8DBFFC3B) pmhracc.h s8, t6, s11
x24 <- 0x04007FFFFFEFFF7F

mem[X,0x0000000080000AAC] -> 0xB423
mem[X,0x0000000080000AAE] -> 0x0180
[688] [M]: 0x0000000080000AAC (0x0180B423) sd s8, 0x8(ra)
mem[0x0000000080004210] <- 0x04007FFFFFEFFF7F

mem[X,0x0000000080000AB0] -> 0x0F37
mem[X,0x0000000080000AB2] -> 0xFFFC
[689] [M]: 0x0000000080000AB0 (0xFFFC0F37) lui t5, -0x40
x30 <- 0xFFFFFFFFFFFC0000

mem[X,0x0000000080000AB4] -> 0x0F13
mem[X,0x0000000080000AB6] -> 0xFF9F
[690] [M]: 0x0000000080000AB4 (0xFF9F0F13) addi t5, t5, -0x7
x30 <- 0xFFFFFFFFFFFBFFF9

mem[X,0x0000000080000AB8] -> 0x1F13
mem[X,0x0000000080000ABA] -> 0x00BF
[691] [M]: 0x0000000080000AB8 (0x00BF1F13) slli t5, t5, 0xb
x30 <- 0xFFFFFFFFDFFFC800

mem[X,0x0000000080000ABC] -> 0x0F13
mem[X,0x0000000080000ABE] -> 0x7FFF
[692] [M]: 0x0000000080000ABC (0x7FFF0F13) addi t5, t5, 0x7ff
x30 <- 0xFFFFFFFFDFFFCFFF

mem[X,0x0000000080000AC0] -> 0x1F13
mem[X,0x0000000080000AC2] -> 0x00BF
[693] [M]: 0x0000000080000AC0 (0x00BF1F13) slli t5, t5, 0xb
x30 <- 0xFFFFFEFFFE7FF800

mem[X,0x0000000080000AC4] -> 0x0F13
mem[X,0x0000000080000AC6] -> 0x3FDF
[694] [M]: 0x0000000080000AC4 (0x3FDF0F13) addi t5, t5, 0x3fd
x30 <- 0xFFFFFEFFFE7FFBFD

mem[X,0x0000000080000AC8] -> 0x1F13
mem[X,0x0000000080000ACA] -> 0x00AF
[695] [M]: 0x0000000080000AC8 (0x00AF1F13) slli t5, t5, 0xa
x30 <- 0xFFFBFFF9FFEFF400

mem[X,0x0000000080000ACC] -> 0x0F13
mem[X,0x0000000080000ACE] -> 0x3FFF
[696] [M]: 0x0000000080000ACC (0x3FFF0F13) addi t5, t5, 0x3ff
x30 <- 0xFFFBFFF9FFEFF7FF

mem[X,0x0000000080000AD0] -> 0xFEB7
mem[X,0x0000000080000AD2] -> 0x0002
[697] [M]: 0x0000000080000AD0 (0x0002FEB7) lui t4, 0x2f
x29 <- 0x000000000002F000

mem[X,0x0000000080000AD4] -> 0x8E93
mem[X,0x0000000080000AD6] -> 0xFFFE
[698] [M]: 0x0000000080000AD4 (0xFFFE8E93) addi t4, t4, -0x1
x29 <- 0x000000000002EFFF

mem[X,0x0000000080000AD8] -> 0x9E93
mem[X,0x0000000080000ADA] -> 0x00BE
[699] [M]: 0x0000000080000AD8 (0x00BE9E93) slli t4, t4, 0xb
x29 <- 0x00000000177FF800

clint::tick mtime <- 0x0000000000000007
 clint timer pending at mtime 0x0000000000000007
htif::tick 0x0000000000000000
mem[X,0x0000000080000ADC] -> 0x8E93
mem[X,0x0000000080000ADE] -> 0x000E
[700] [M]: 0x0000000080000ADC (0x000E8E93) addi t4, t4, 0x0
x29 <- 0x00000000177FF800

mem[X,0x0000000080000AE0] -> 0x9E93
mem[X,0x0000000080000AE2] -> 0x00BE
[701] [M]: 0x0000000080000AE0 (0x00BE9E93) slli t4, t4, 0xb
x29 <- 0x000000BBFFC00000

mem[X,0x0000000080000AE4] -> 0x8E93
mem[X,0x0000000080000AE6] -> 0x0FFE
[702] [M]: 0x0000000080000AE4 (0x0FFE8E93) addi t4, t4, 0xff
x29 <- 0x000000BBFFC000FF

mem[X,0x0000000080000AE8] -> 0x9E93
mem[X,0x0000000080000AEA] -> 0x00AE
[703] [M]: 0x0000000080000AE8 (0x00AE9E93) slli t4, t4, 0xa
x29 <- 0x0002EFFF0003FC00

mem[X,0x0000000080000AEC] -> 0x8E93
mem[X,0x0000000080000AEE] -> 0x3BFE
[704] [M]: 0x0000000080000AEC (0x3BFE8E93) addi t4, t4, 0x3bf
x29 <- 0x0002EFFF0003FFBF

mem[X,0x0000000080000AF0] -> 0x7FBB
mem[X,0x0000000080000AF2] -> 0x8DDF
[705] [M]: 0x0000000080000AF0 (0x8DDF7FBB) pmhracc.h t6, t5, t4
x31 <- 0x0001FFDFFFF6F001

mem[X,0x0000000080000AF4] -> 0xB823
mem[X,0x0000000080000AF6] -> 0x01F0
[706] [M]: 0x0000000080000AF4 (0x01F0B823) sd t6, 0x10(ra)
mem[0x0000000080004218] <- 0x0001FFDFFFF6F001

mem[X,0x0000000080000AF8] -> 0x0F37
mem[X,0x0000000080000AFA] -> 0xF800
[707] [M]: 0x0000000080000AF8 (0xF8000F37) lui t5, -0x8000
x30 <- 0xFFFFFFFFF8000000

mem[X,0x0000000080000AFC] -> 0x0F13
mem[X,0x0000000080000AFE] -> 0xFFFF
[708] [M]: 0x0000000080000AFC (0xFFFF0F13) addi t5, t5, -0x1
x30 <- 0xFFFFFFFFF7FFFFFF

mem[X,0x0000000080000B00] -> 0x1F13
mem[X,0x0000000080000B02] -> 0x00BF
[709] [M]: 0x0000000080000B00 (0x00BF1F13) slli t5, t5, 0xb
x30 <- 0xFFFFFFBFFFFFF800

mem[X,0x0000000080000B04] -> 0x0F13
mem[X,0x0000000080000B06] -> 0x000F
[710] [M]: 0x0000000080000B04 (0x000F0F13) addi t5, t5, 0x0
x30 <- 0xFFFFFFBFFFFFF800

mem[X,0x0000000080000B08] -> 0x1F13
mem[X,0x0000000080000B0A] -> 0x00BF
[711] [M]: 0x0000000080000B08 (0x00BF1F13) slli t5, t5, 0xb
x30 <- 0xFFFDFFFFFFC00000

mem[X,0x0000000080000B0C] -> 0x0F13
mem[X,0x0000000080000B0E] -> 0x0FFF
[712] [M]: 0x0000000080000B0C (0x0FFF0F13) addi t5, t5, 0xff
x30 <- 0xFFFDFFFFFFC000FF

mem[X,0x0000000080000B10] -> 0x1F13
mem[X,0x0000000080000B12] -> 0x00AF
[713] [M]: 0x0000000080000B10 (0x00AF1F13) slli t5, t5, 0xa
x30 <- 0xF7FFFFFF0003FC00

mem[X,0x0000000080000B14] -> 0x0F13
mem[X,0x0000000080000B16] -> 0x2FFF
[714] [M]: 0x0000000080000B14 (0x2FFF0F13) addi t5, t5, 0x2ff
x30 <- 0xF7FFFFFF0003FEFF

mem[X,0x0000000080000B18] -> 0x0EB7
mem[X,0x0000000080000B1A] -> 0x0008
[715] [M]: 0x0000000080000B18 (0x00080EB7) lui t4, 0x80
x29 <- 0x0000000000080000

mem[X,0x0000000080000B1C] -> 0x8E93
mem[X,0x0000000080000B1E] -> 0x008E
[716] [M]: 0x0000000080000B1C (0x008E8E93) addi t4, t4, 0x8
x29 <- 0x0000000000080008

mem[X,0x0000000080000B20] -> 0x9E93
mem[X,0x0000000080000B22] -> 0x00BE
[717] [M]: 0x0000000080000B20 (0x00BE9E93) slli t4, t4, 0xb
x29 <- 0x0000000040004000

mem[X,0x0000000080000B24] -> 0x8E93
mem[X,0x0000000080000B26] -> 0x7FFE
[718] [M]: 0x0000000080000B24 (0x7FFE8E93) addi t4, t4, 0x7ff
x29 <- 0x00000000400047FF

mem[X,0x0000000080000B28] -> 0x9E93
mem[X,0x0000000080000B2A] -> 0x00BE
[719] [M]: 0x0000000080000B28 (0x00BE9E93) slli t4, t4, 0xb
x29 <- 0x00000200023FF800

mem[X,0x0000000080000B2C] -> 0x8E93
mem[X,0x0000000080000B2E] -> 0x7C2E
[720] [M]: 0x0000000080000B2C (0x7C2E8E93) addi t4, t4, 0x7c2
x29 <- 0x00000200023FFFC2

mem[X,0x0000000080000B30] -> 0x9E93
mem[X,0x0000000080000B32] -> 0x00AE
[721] [M]: 0x0000000080000B30 (0x00AE9E93) slli t4, t4, 0xa
x29 <- 0x00080008FFFF0800

mem[X,0x0000000080000B34] -> 0x7FBB
mem[X,0x0000000080000B36] -> 0x8DDF
[722] [M]: 0x0000000080000B34 (0x8DDF7FBB) pmhracc.h t6, t5, t4
x31 <- 0x0001FFDFFFF6EFF9

mem[X,0x0000000080000B38] -> 0xBC23
mem[X,0x0000000080000B3A] -> 0x01F0
[723] [M]: 0x0000000080000B38 (0x01F0BC23) sd t6, 0x18(ra)
mem[0x0000000080004220] <- 0x0001FFDFFFF6EFF9

mem[X,0x0000000080000B3C] -> 0x0F37
mem[X,0x0000000080000B3E] -> 0x0005
[724] [M]: 0x0000000080000B3C (0x00050F37) lui t5, 0x50
x30 <- 0x0000000000050000

mem[X,0x0000000080000B40] -> 0x0F13
mem[X,0x0000000080000B42] -> 0x002F
[725] [M]: 0x0000000080000B40 (0x002F0F13) addi t5, t5, 0x2
x30 <- 0x0000000000050002

mem[X,0x0000000080000B44] -> 0x1F13
mem[X,0x0000000080000B46] -> 0x00BF
[726] [M]: 0x0000000080000B44 (0x00BF1F13) slli t5, t5, 0xb
x30 <- 0x0000000028001000

mem[X,0x0000000080000B48] -> 0x0F13
mem[X,0x0000000080000B4A] -> 0x000F
[727] [M]: 0x0000000080000B48 (0x000F0F13) addi t5, t5, 0x0
x30 <- 0x0000000028001000

mem[X,0x0000000080000B4C] -> 0x1F13
mem[X,0x0000000080000B4E] -> 0x00BF
[728] [M]: 0x0000000080000B4C (0x00BF1F13) slli t5, t5, 0xb
x30 <- 0x0000014000800000

mem[X,0x0000000080000B50] -> 0x0F13
mem[X,0x0000000080000B52] -> 0x17FF
[729] [M]: 0x0000000080000B50 (0x17FF0F13) addi t5, t5, 0x17f
x30 <- 0x000001400080017F

mem[X,0x0000000080000B54] -> 0x1F13
mem[X,0x0000000080000B56] -> 0x00AF
[730] [M]: 0x0000000080000B54 (0x00AF1F13) slli t5, t5, 0xa
x30 <- 0x000500020005FC00

mem[X,0x0000000080000B58] -> 0x0F13
mem[X,0x0000000080000B5A] -> 0x2FFF
[731] [M]: 0x0000000080000B58 (0x2FFF0F13) addi t5, t5, 0x2ff
x30 <- 0x000500020005FEFF

mem[X,0x0000000080000B5C] -> 0x0EB7
mem[X,0x0000000080000B5E] -> 0x0020
[732] [M]: 0x0000000080000B5C (0x00200EB7) lui t4, 0x200
x29 <- 0x0000000000200000

mem[X,0x0000000080000B60] -> 0x8E93
mem[X,0x0000000080000B62] -> 0x200E
[733] [M]: 0x0000000080000B60 (0x200E8E93) addi t4, t4, 0x200
x29 <- 0x0000000000200200

mem[X,0x0000000080000B64] -> 0x9E93
mem[X,0x0000000080000B66] -> 0x00BE
[734] [M]: 0x0000000080000B64 (0x00BE9E93) slli t4, t4, 0xb
x29 <- 0x0000000100100000

mem[X,0x0000000080000B68] -> 0x8E93
mem[X,0x0000000080000B6A] -> 0x3FFE
[735] [M]: 0x0000000080000B68 (0x3FFE8E93) addi t4, t4, 0x3ff
x29 <- 0x00000001001003FF

mem[X,0x0000000080000B6C] -> 0x9E93
mem[X,0x0000000080000B6E] -> 0x00BE
[736] [M]: 0x0000000080000B6C (0x00BE9E93) slli t4, t4, 0xb
x29 <- 0x00000800801FF800

mem[X,0x0000000080000B70] -> 0x8E93
mem[X,0x0000000080000B72] -> 0x7C0E
[737] [M]: 0x0000000080000B70 (0x7C0E8E93) addi t4, t4, 0x7c0
x29 <- 0x00000800801FFFC0

mem[X,0x0000000080000B74] -> 0x9E93
mem[X,0x0000000080000B76] -> 0x00AE
[738] [M]: 0x0000000080000B74 (0x00AE9E93) slli t4, t4, 0xa
x29 <- 0x002002007FFF0000

mem[X,0x0000000080000B78] -> 0x8E93
mem[X,0x0000000080000B7A] -> 0x006E
[739] [M]: 0x0000000080000B78 (0x006E8E93) addi t4, t4, 0x6
x29 <- 0x002002007FFF0006

mem[X,0x0000000080000B7C] -> 0x7FBB
mem[X,0x0000000080000B7E] -> 0x8DDF
[740] [M]: 0x0000000080000B7C (0x8DDF7FBB) pmhracc.h t6, t5, t4
x31 <- 0x0001FFDFFFF8EFF9

mem[X,0x0000000080000B80] -> 0xB023
mem[X,0x0000000080000B82] -> 0x03F0
[741] [M]: 0x0000000080000B80 (0x03F0B023) sd t6, 0x20(ra)
mem[0x0000000080004228] <- 0x0001FFDFFFF8EFF9

mem[X,0x0000000080000B84] -> 0x0F37
mem[X,0x0000000080000B86] -> 0x0007
[742] [M]: 0x0000000080000B84 (0x00070F37) lui t5, 0x70
x30 <- 0x0000000000070000

mem[X,0x0000000080000B88] -> 0x0F13
mem[X,0x0000000080000B8A] -> 0xFEFF
[743] [M]: 0x0000000080000B88 (0xFEFF0F13) addi t5, t5, -0x11
x30 <- 0x000000000006FFEF

mem[X,0x0000000080000B8C] -> 0x1F13
mem[X,0x0000000080000B8E] -> 0x00BF
[744] [M]: 0x0000000080000B8C (0x00BF1F13) slli t5, t5, 0xb
x30 <- 0x0000000037FF7800

mem[X,0x0000000080000B90] -> 0x0F13
mem[X,0x0000000080000B92] -> 0x3FFF
[745] [M]: 0x0000000080000B90 (0x3FFF0F13) addi t5, t5, 0x3ff
x30 <- 0x0000000037FF7BFF

mem[X,0x0000000080000B94] -> 0x1F13
mem[X,0x0000000080000B96] -> 0x00BF
[746] [M]: 0x0000000080000B94 (0x00BF1F13) slli t5, t5, 0xb
x30 <- 0x000001BFFBDFF800

mem[X,0x0000000080000B98] -> 0x0F13
mem[X,0x0000000080000B9A] -> 0x7C0F
[747] [M]: 0x0000000080000B98 (0x7C0F0F13) addi t5, t5, 0x7c0
x30 <- 0x000001BFFBDFFFC0

mem[X,0x0000000080000B9C] -> 0x1F13
mem[X,0x0000000080000B9E] -> 0x00AF
[748] [M]: 0x0000000080000B9C (0x00AF1F13) slli t5, t5, 0xa
x30 <- 0x0006FFEF7FFF0000

mem[X,0x0000000080000BA0] -> 0x0F13
mem[X,0x0000000080000BA2] -> 0x080F
[749] [M]: 0x0000000080000BA0 (0x080F0F13) addi t5, t5, 0x80
x30 <- 0x0006FFEF7FFF0080

mem[X,0x0000000080000BA4] -> 0x0EB7
mem[X,0x0000000080000BA6] -> 0x0200
[750] [M]: 0x0000000080000BA4 (0x02000EB7) lui t4, 0x2000
x29 <- 0x0000000002000000

mem[X,0x0000000080000BA8] -> 0x8E93
mem[X,0x0000000080000BAA] -> 0x007E
[751] [M]: 0x0000000080000BA8 (0x007E8E93) addi t4, t4, 0x7
x29 <- 0x0000000002000007

mem[X,0x0000000080000BAC] -> 0x9E93
mem[X,0x0000000080000BAE] -> 0x00BE
[752] [M]: 0x0000000080000BAC (0x00BE9E93) slli t4, t4, 0xb
x29 <- 0x0000001000003800

mem[X,0x0000000080000BB0] -> 0x8E93
mem[X,0x0000000080000BB2] -> 0x7BFE
[753] [M]: 0x0000000080000BB0 (0x7BFE8E93) addi t4, t4, 0x7bf
x29 <- 0x0000001000003FBF

mem[X,0x0000000080000BB4] -> 0x9E93
mem[X,0x0000000080000BB6] -> 0x00BE
[754] [M]: 0x0000000080000BB4 (0x00BE9E93) slli t4, t4, 0xb
x29 <- 0x0000800001FDF800

mem[X,0x0000000080000BB8] -> 0x8E93
mem[X,0x0000000080000BBA] -> 0x7C0E
[755] [M]: 0x0000000080000BB8 (0x7C0E8E93) addi t4, t4, 0x7c0
x29 <- 0x0000800001FDFFC0

mem[X,0x0000000080000BBC] -> 0x9E93
mem[X,0x0000000080000BBE] -> 0x00AE
[756] [M]: 0x0000000080000BBC (0x00AE9E93) slli t4, t4, 0xa
x29 <- 0x02000007F7FF0000

mem[X,0x0000000080000BC0] -> 0x8E93
mem[X,0x0000000080000BC2] -> 0x003E
[757] [M]: 0x0000000080000BC0 (0x003E8E93) addi t4, t4, 0x3
x29 <- 0x02000007F7FF0003

mem[X,0x0000000080000BC4] -> 0x7FBB
mem[X,0x0000000080000BC6] -> 0x8DDF
[758] [M]: 0x0000000080000BC4 (0x8DDF7FBB) pmhracc.h t6, t5, t4
x31 <- 0x0001FFDFFBF8EFF9

mem[X,0x0000000080000BC8] -> 0xB423
mem[X,0x0000000080000BCA] -> 0x03F0
[759] [M]: 0x0000000080000BC8 (0x03F0B423) sd t6, 0x28(ra)
mem[0x0000000080004230] <- 0x0001FFDFFBF8EFF9

mem[X,0x0000000080000BCC] -> 0x0F37
mem[X,0x0000000080000BCE] -> 0x0400
[760] [M]: 0x0000000080000BCC (0x04000F37) lui t5, 0x4000
x30 <- 0x0000000004000000

mem[X,0x0000000080000BD0] -> 0x0F13
mem[X,0x0000000080000BD2] -> 0x010F
[761] [M]: 0x0000000080000BD0 (0x010F0F13) addi t5, t5, 0x10
x30 <- 0x0000000004000010

mem[X,0x0000000080000BD4] -> 0x1F13
mem[X,0x0000000080000BD6] -> 0x00BF
[762] [M]: 0x0000000080000BD4 (0x00BF1F13) slli t5, t5, 0xb
x30 <- 0x0000002000008000

mem[X,0x0000000080000BD8] -> 0x0F13
mem[X,0x0000000080000BDA] -> 0x7FBF
[763] [M]: 0x0000000080000BD8 (0x7FBF0F13) addi t5, t5, 0x7fb
x30 <- 0x00000020000087FB

mem[X,0x0000000080000BDC] -> 0x1F13
mem[X,0x0000000080000BDE] -> 0x00BF
[764] [M]: 0x0000000080000BDC (0x00BF1F13) slli t5, t5, 0xb
x30 <- 0x00010000043FD800

mem[X,0x0000000080000BE0] -> 0x0F13
mem[X,0x0000000080000BE2] -> 0x7FBF
[765] [M]: 0x0000000080000BE0 (0x7FBF0F13) addi t5, t5, 0x7fb
x30 <- 0x00010000043FDFFB

mem[X,0x0000000080000BE4] -> 0x1F13
mem[X,0x0000000080000BE6] -> 0x00AF
[766] [M]: 0x0000000080000BE4 (0x00AF1F13) slli t5, t5, 0xa
x30 <- 0x04000010FF7FEC00

mem[X,0x0000000080000BE8] -> 0x0F13
mem[X,0x0000000080000BEA] -> 0x3FFF
[767] [M]: 0x0000000080000BE8 (0x3FFF0F13) addi t5, t5, 0x3ff
x30 <- 0x04000010FF7FEFFF

mem[X,0x0000000080000BEC] -> 0x0EB7
mem[X,0x0000000080000BEE] -> 0xFFFE
[768] [M]: 0x0000000080000BEC (0xFFFE0EB7) lui t4, -0x20
x29 <- 0xFFFFFFFFFFFE0000

mem[X,0x0000000080000BF0] -> 0x8E93
mem[X,0x0000000080000BF2] -> 0x004E
[769] [M]: 0x0000000080000BF0 (0x004E8E93) addi t4, t4, 0x4
x29 <- 0xFFFFFFFFFFFE0004

mem[X,0x0000000080000BF4] -> 0x9E93
mem[X,0x0000000080000BF6] -> 0x00BE
[770] [M]: 0x0000000080000BF4 (0x00BE9E93) slli t4, t4, 0xb
x29 <- 0xFFFFFFFFF0002000

mem[X,0x0000000080000BF8] -> 0x8E93
mem[X,0x0000000080000BFA] -> 0x7F7E
[771] [M]: 0x0000000080000BF8 (0x7F7E8E93) addi t4, t4, 0x7f7
x29 <- 0xFFFFFFFFF00027F7

mem[X,0x0000000080000BFC] -> 0x9E93
mem[X,0x0000000080000BFE] -> 0x00BE
[772] [M]: 0x0000000080000BFC (0x00BE9E93) slli t4, t4, 0xb
x29 <- 0xFFFFFF80013FB800

mem[X,0x0000000080000C00] -> 0x8E93
mem[X,0x0000000080000C02] -> 0x7C4E
[773] [M]: 0x0000000080000C00 (0x7C4E8E93) addi t4, t4, 0x7c4
x29 <- 0xFFFFFF80013FBFC4

mem[X,0x0000000080000C04] -> 0x9E93
mem[X,0x0000000080000C06] -> 0x00AE
[774] [M]: 0x0000000080000C04 (0x00AE9E93) slli t4, t4, 0xa
x29 <- 0xFFFE0004FEFF1000

mem[X,0x0000000080000C08] -> 0x7FBB
mem[X,0x0000000080000C0A] -> 0x8DDF
[775] [M]: 0x0000000080000C08 (0x8DDF7FBB) pmhracc.h t6, t5, t4
x31 <- 0x0001FFDFFBF9EEF9

mem[X,0x0000000080000C0C] -> 0xB823
mem[X,0x0000000080000C0E] -> 0x03F0
[776] [M]: 0x0000000080000C0C (0x03F0B823) sd t6, 0x30(ra)
mem[0x0000000080004238] <- 0x0001FFDFFBF9EEF9

mem[X,0x0000000080000C10] -> 0x0F37
mem[X,0x0000000080000C12] -> 0x8001
[777] [M]: 0x0000000080000C10 (0x80010F37) lui t5, -0x7fff0
x30 <- 0xFFFFFFFF80010000

mem[X,0x0000000080000C14] -> 0x0F13
mem[X,0x0000000080000C16] -> 0xFEFF
[778] [M]: 0x0000000080000C14 (0xFEFF0F13) addi t5, t5, -0x11
x30 <- 0xFFFFFFFF8000FFEF

mem[X,0x0000000080000C18] -> 0x1F13
mem[X,0x0000000080000C1A] -> 0x00BF
[779] [M]: 0x0000000080000C18 (0x00BF1F13) slli t5, t5, 0xb
x30 <- 0xFFFFFC0007FF7800

mem[X,0x0000000080000C1C] -> 0x0F13
mem[X,0x0000000080000C1E] -> 0x6FFF
[780] [M]: 0x0000000080000C1C (0x6FFF0F13) addi t5, t5, 0x6ff
x30 <- 0xFFFFFC0007FF7EFF

mem[X,0x0000000080000C20] -> 0x1F13
mem[X,0x0000000080000C22] -> 0x00BF
[781] [M]: 0x0000000080000C20 (0x00BF1F13) slli t5, t5, 0xb
x30 <- 0xFFE0003FFBF7F800

mem[X,0x0000000080000C24] -> 0x0F13
mem[X,0x0000000080000C26] -> 0x7FFF
[782] [M]: 0x0000000080000C24 (0x7FFF0F13) addi t5, t5, 0x7ff
x30 <- 0xFFE0003FFBF7FFFF

mem[X,0x0000000080000C28] -> 0x1F13
mem[X,0x0000000080000C2A] -> 0x00AF
[783] [M]: 0x0000000080000C28 (0x00AF1F13) slli t5, t5, 0xa
x30 <- 0x8000FFEFDFFFFC00

mem[X,0x0000000080000C2C] -> 0x0F13
mem[X,0x0000000080000C2E] -> 0x3FBF
[784] [M]: 0x0000000080000C2C (0x3FBF0F13) addi t5, t5, 0x3fb
x30 <- 0x8000FFEFDFFFFFFB

mem[X,0x0000000080000C30] -> 0x0EB7
mem[X,0x0000000080000C32] -> 0xFFFD
[785] [M]: 0x0000000080000C30 (0xFFFD0EB7) lui t4, -0x30
x29 <- 0xFFFFFFFFFFFD0000

mem[X,0x0000000080000C34] -> 0x8E93
mem[X,0x0000000080000C36] -> 0x001E
[786] [M]: 0x0000000080000C34 (0x001E8E93) addi t4, t4, 0x1
x29 <- 0xFFFFFFFFFFFD0001

mem[X,0x0000000080000C38] -> 0x9E93
mem[X,0x0000000080000C3A] -> 0x00BE
[787] [M]: 0x0000000080000C38 (0x00BE9E93) slli t4, t4, 0xb
x29 <- 0xFFFFFFFFE8000800

mem[X,0x0000000080000C3C] -> 0x8E93
mem[X,0x0000000080000C3E] -> 0x7FFE
[788] [M]: 0x0000000080000C3C (0x7FFE8E93) addi t4, t4, 0x7ff
x29 <- 0xFFFFFFFFE8000FFF

mem[X,0x0000000080000C40] -> 0x9E93
mem[X,0x0000000080000C42] -> 0x00BE
[789] [M]: 0x0000000080000C40 (0x00BE9E93) slli t4, t4, 0xb
x29 <- 0xFFFFFF40007FF800

mem[X,0x0000000080000C44] -> 0x8E93
mem[X,0x0000000080000C46] -> 0x5FFE
[790] [M]: 0x0000000080000C44 (0x5FFE8E93) addi t4, t4, 0x5ff
x29 <- 0xFFFFFF40007FFDFF

mem[X,0x0000000080000C48] -> 0x9E93
mem[X,0x0000000080000C4A] -> 0x00AE
[791] [M]: 0x0000000080000C48 (0x00AE9E93) slli t4, t4, 0xa
x29 <- 0xFFFD0001FFF7FC00

mem[X,0x0000000080000C4C] -> 0x8E93
mem[X,0x0000000080000C4E] -> 0x3FBE
[792] [M]: 0x0000000080000C4C (0x3FBE8E93) addi t4, t4, 0x3fb
x29 <- 0xFFFD0001FFF7FFFB

mem[X,0x0000000080000C50] -> 0x7FBB
mem[X,0x0000000080000C52] -> 0x8DDF
[793] [M]: 0x0000000080000C50 (0x8DDF7FBB) pmhracc.h t6, t5, t4
x31 <- 0x0003FFDFFBFAEEF9

mem[X,0x0000000080000C54] -> 0xBC23
mem[X,0x0000000080000C56] -> 0x03F0
[794] [M]: 0x0000000080000C54 (0x03F0BC23) sd t6, 0x38(ra)
mem[0x0000000080004240] <- 0x0003FFDFFBFAEEF9

mem[X,0x0000000080000C58] -> 0x0F37
mem[X,0x0000000080000C5A] -> 0x0001
[795] [M]: 0x0000000080000C58 (0x00010F37) lui t5, 0x10
x30 <- 0x0000000000010000

mem[X,0x0000000080000C5C] -> 0x0F13
mem[X,0x0000000080000C5E] -> 0x000F
[796] [M]: 0x0000000080000C5C (0x000F0F13) addi t5, t5, 0x0
x30 <- 0x0000000000010000

mem[X,0x0000000080000C60] -> 0x1F13
mem[X,0x0000000080000C62] -> 0x00BF
[797] [M]: 0x0000000080000C60 (0x00BF1F13) slli t5, t5, 0xb
x30 <- 0x0000000008000000

mem[X,0x0000000080000C64] -> 0x0F13
mem[X,0x0000000080000C66] -> 0x7FFF
[798] [M]: 0x0000000080000C64 (0x7FFF0F13) addi t5, t5, 0x7ff
x30 <- 0x00000000080007FF

mem[X,0x0000000080000C68] -> 0x1F13
mem[X,0x0000000080000C6A] -> 0x00BF
[799] [M]: 0x0000000080000C68 (0x00BF1F13) slli t5, t5, 0xb
x30 <- 0x00000040003FF800

clint::tick mtime <- 0x0000000000000008
 clint timer pending at mtime 0x0000000000000008
htif::tick 0x0000000000000000
mem[X,0x0000000080000C6C] -> 0x0F13
mem[X,0x0000000080000C6E] -> 0x3C0F
[800] [M]: 0x0000000080000C6C (0x3C0F0F13) addi t5, t5, 0x3c0
x30 <- 0x00000040003FFBC0

mem[X,0x0000000080000C70] -> 0x1F13
mem[X,0x0000000080000C72] -> 0x00AF
[801] [M]: 0x0000000080000C70 (0x00AF1F13) slli t5, t5, 0xa
x30 <- 0x00010000FFEF0000

mem[X,0x0000000080000C74] -> 0x0F13
mem[X,0x0000000080000C76] -> 0x040F
[802] [M]: 0x0000000080000C74 (0x040F0F13) addi t5, t5, 0x40
x30 <- 0x00010000FFEF0040

mem[X,0x0000000080000C78] -> 0x0EB7
mem[X,0x0000000080000C7A] -> 0xFFFC
[803] [M]: 0x0000000080000C78 (0xFFFC0EB7) lui t4, -0x40
x29 <- 0xFFFFFFFFFFFC0000

mem[X,0x0000000080000C7C] -> 0x8E93
mem[X,0x0000000080000C7E] -> 0xFF7E
[804] [M]: 0x0000000080000C7C (0xFF7E8E93) addi t4, t4, -0x9
x29 <- 0xFFFFFFFFFFFBFFF7

mem[X,0x0000000080000C80] -> 0x9E93
mem[X,0x0000000080000C82] -> 0x00BE
[805] [M]: 0x0000000080000C80 (0x00BE9E93) slli t4, t4, 0xb
x29 <- 0xFFFFFFFFDFFFB800

mem[X,0x0000000080000C84] -> 0x8E93
mem[X,0x0000000080000C86] -> 0x000E
[806] [M]: 0x0000000080000C84 (0x000E8E93) addi t4, t4, 0x0
x29 <- 0xFFFFFFFFDFFFB800

mem[X,0x0000000080000C88] -> 0x9E93
mem[X,0x0000000080000C8A] -> 0x00BE
[807] [M]: 0x0000000080000C88 (0x00BE9E93) slli t4, t4, 0xb
x29 <- 0xFFFFFEFFFDC00000

mem[X,0x0000000080000C8C] -> 0x8E93
mem[X,0x0000000080000C8E] -> 0x07FE
[808] [M]: 0x0000000080000C8C (0x07FE8E93) addi t4, t4, 0x7f
x29 <- 0xFFFFFEFFFDC0007F

mem[X,0x0000000080000C90] -> 0x9E93
mem[X,0x0000000080000C92] -> 0x00AE
[809] [M]: 0x0000000080000C90 (0x00AE9E93) slli t4, t4, 0xa
x29 <- 0xFFFBFFF70001FC00

mem[X,0x0000000080000C94] -> 0x8E93
mem[X,0x0000000080000C96] -> 0x2FFE
[810] [M]: 0x0000000080000C94 (0x2FFE8E93) addi t4, t4, 0x2ff
x29 <- 0xFFFBFFF70001FEFF

mem[X,0x0000000080000C98] -> 0x7FBB
mem[X,0x0000000080000C9A] -> 0x8DDF
[811] [M]: 0x0000000080000C98 (0x8DDF7FBB) pmhracc.h t6, t5, t4
x31 <- 0x0003FFDFFBFAEEF9

mem[X,0x0000000080000C9C] -> 0xB023
mem[X,0x0000000080000C9E] -> 0x05F0
[812] [M]: 0x0000000080000C9C (0x05F0B023) sd t6, 0x40(ra)
mem[0x0000000080004248] <- 0x0003FFDFFBFAEEF9

mem[X,0x0000000080000CA0] -> 0x0F37
mem[X,0x0000000080000CA2] -> 0xFFFE
[813] [M]: 0x0000000080000CA0 (0xFFFE0F37) lui t5, -0x20
x30 <- 0xFFFFFFFFFFFE0000

mem[X,0x0000000080000CA4] -> 0x0F13
mem[X,0x0000000080000CA6] -> 0x003F
[814] [M]: 0x0000000080000CA4 (0x003F0F13) addi t5, t5, 0x3
x30 <- 0xFFFFFFFFFFFE0003

mem[X,0x0000000080000CA8] -> 0x1F13
mem[X,0x0000000080000CAA] -> 0x00BF
[815] [M]: 0x0000000080000CA8 (0x00BF1F13) slli t5, t5, 0xb
x30 <- 0xFFFFFFFFF0001800

mem[X,0x0000000080000CAC] -> 0x0F13
mem[X,0x0000000080000CAE] -> 0x200F
[816] [M]: 0x0000000080000CAC (0x200F0F13) addi t5, t5, 0x200
x30 <- 0xFFFFFFFFF0001A00

mem[X,0x0000000080000CB0] -> 0x1F13
mem[X,0x0000000080000CB2] -> 0x00BF
[817] [M]: 0x0000000080000CB0 (0x00BF1F13) slli t5, t5, 0xb
x30 <- 0xFFFFFF8000D00000

mem[X,0x0000000080000CB4] -> 0x0F13
mem[X,0x0000000080000CB6] -> 0x03BF
[818] [M]: 0x0000000080000CB4 (0x03BF0F13) addi t5, t5, 0x3b
x30 <- 0xFFFFFF8000D0003B

mem[X,0x0000000080000CB8] -> 0x1F13
mem[X,0x0000000080000CBA] -> 0x00AF
[819] [M]: 0x0000000080000CB8 (0x00AF1F13) slli t5, t5, 0xa
x30 <- 0xFFFE00034000EC00

mem[X,0x0000000080000CBC] -> 0x0F13
mem[X,0x0000000080000CBE] -> 0x3FFF
[820] [M]: 0x0000000080000CBC (0x3FFF0F13) addi t5, t5, 0x3ff
x30 <- 0xFFFE00034000EFFF

mem[X,0x0000000080000CC0] -> 0x0EB7
mem[X,0x0000000080000CC2] -> 0xFFF0
[821] [M]: 0x0000000080000CC0 (0xFFF00EB7) lui t4, -0x100
x29 <- 0xFFFFFFFFFFF00000

mem[X,0x0000000080000CC4] -> 0x8E93
mem[X,0x0000000080000CC6] -> 0xFFEE
[822] [M]: 0x0000000080000CC4 (0xFFEE8E93) addi t4, t4, -0x2
x29 <- 0xFFFFFFFFFFEFFFFE

mem[X,0x0000000080000CC8] -> 0x9E93
mem[X,0x0000000080000CCA] -> 0x00BE
[823] [M]: 0x0000000080000CC8 (0x00BE9E93) slli t4, t4, 0xb
x29 <- 0xFFFFFFFF7FFFF000

mem[X,0x0000000080000CCC] -> 0x8E93
mem[X,0x0000000080000CCE] -> 0x7FBE
[824] [M]: 0x0000000080000CCC (0x7FBE8E93) addi t4, t4, 0x7fb
x29 <- 0xFFFFFFFF7FFFF7FB

mem[X,0x0000000080000CD0] -> 0x9E93
mem[X,0x0000000080000CD2] -> 0x00BE
[825] [M]: 0x0000000080000CD0 (0x00BE9E93) slli t4, t4, 0xb
x29 <- 0xFFFFFBFFFFBFD800

mem[X,0x0000000080000CD4] -> 0x8E93
mem[X,0x0000000080000CD6] -> 0x7FFE
[826] [M]: 0x0000000080000CD4 (0x7FFE8E93) addi t4, t4, 0x7ff
x29 <- 0xFFFFFBFFFFBFDFFF

mem[X,0x0000000080000CD8] -> 0x9E93
mem[X,0x0000000080000CDA] -> 0x00AE
[827] [M]: 0x0000000080000CD8 (0x00AE9E93) slli t4, t4, 0xa
x29 <- 0xFFEFFFFEFF7FFC00

mem[X,0x0000000080000CDC] -> 0x8E93
mem[X,0x0000000080000CDE] -> 0x3F8E
[828] [M]: 0x0000000080000CDC (0x3F8E8E93) addi t4, t4, 0x3f8
x29 <- 0xFFEFFFFEFF7FFFF8

mem[X,0x0000000080000CE0] -> 0x7FBB
mem[X,0x0000000080000CE2] -> 0x8DDF
[829] [M]: 0x0000000080000CE0 (0x8DDF7FBB) pmhracc.h t6, t5, t4
x31 <- 0x0003FFDFFBDAEEFA

mem[X,0x0000000080000CE4] -> 0xB423
mem[X,0x0000000080000CE6] -> 0x05F0
[830] [M]: 0x0000000080000CE4 (0x05F0B423) sd t6, 0x48(ra)
mem[0x0000000080004250] <- 0x0003FFDFFBDAEEFA

mem[X,0x0000000080000CE8] -> 0x0F37
mem[X,0x0000000080000CEA] -> 0xFFEF
[831] [M]: 0x0000000080000CE8 (0xFFEF0F37) lui t5, -0x110
x30 <- 0xFFFFFFFFFFEF0000

mem[X,0x0000000080000CEC] -> 0x0F13
mem[X,0x0000000080000CEE] -> 0x002F
[832] [M]: 0x0000000080000CEC (0x002F0F13) addi t5, t5, 0x2
x30 <- 0xFFFFFFFFFFEF0002

mem[X,0x0000000080000CF0] -> 0x1F13
mem[X,0x0000000080000CF2] -> 0x00BF
[833] [M]: 0x0000000080000CF0 (0x00BF1F13) slli t5, t5, 0xb
x30 <- 0xFFFFFFFF78001000

mem[X,0x0000000080000CF4] -> 0x0F13
mem[X,0x0000000080000CF6] -> 0x001F
[834] [M]: 0x0000000080000CF4 (0x001F0F13) addi t5, t5, 0x1
x30 <- 0xFFFFFFFF78001001

mem[X,0x0000000080000CF8] -> 0x1F13
mem[X,0x0000000080000CFA] -> 0x00BF
[835] [M]: 0x0000000080000CF8 (0x00BF1F13) slli t5, t5, 0xb
x30 <- 0xFFFFFBC000800800

mem[X,0x0000000080000CFC] -> 0x0F13
mem[X,0x0000000080000CFE] -> 0x000F
[836] [M]: 0x0000000080000CFC (0x000F0F13) addi t5, t5, 0x0
x30 <- 0xFFFFFBC000800800

mem[X,0x0000000080000D00] -> 0x1F13
mem[X,0x0000000080000D02] -> 0x00AF
[837] [M]: 0x0000000080000D00 (0x00AF1F13) slli t5, t5, 0xa
x30 <- 0xFFEF000200200000

mem[X,0x0000000080000D04] -> 0x0F13
mem[X,0x0000000080000D06] -> 0x007F
[838] [M]: 0x0000000080000D04 (0x007F0F13) addi t5, t5, 0x7
x30 <- 0xFFEF000200200007

mem[X,0x0000000080000D08] -> 0xFEB7
mem[X,0x0000000080000D0A] -> 0xFFDF
[839] [M]: 0x0000000080000D08 (0xFFDFFEB7) lui t4, -0x201
x29 <- 0xFFFFFFFFFFDFF000

mem[X,0x0000000080000D0C] -> 0x8E93
mem[X,0x0000000080000D0E] -> 0x7FFE
[840] [M]: 0x0000000080000D0C (0x7FFE8E93) addi t4, t4, 0x7ff
x29 <- 0xFFFFFFFFFFDFF7FF

mem[X,0x0000000080000D10] -> 0x9E93
mem[X,0x0000000080000D12] -> 0x00BE
[841] [M]: 0x0000000080000D10 (0x00BE9E93) slli t4, t4, 0xb
x29 <- 0xFFFFFFFEFFBFF800

mem[X,0x0000000080000D14] -> 0x8E93
mem[X,0x0000000080000D16] -> 0x7FFE
[842] [M]: 0x0000000080000D14 (0x7FFE8E93) addi t4, t4, 0x7ff
x29 <- 0xFFFFFFFEFFBFFFFF

mem[X,0x0000000080000D18] -> 0x9E93
mem[X,0x0000000080000D1A] -> 0x00BE
[843] [M]: 0x0000000080000D18 (0x00BE9E93) slli t4, t4, 0xb
x29 <- 0xFFFFF7FDFFFFF800

mem[X,0x0000000080000D1C] -> 0x8E93
mem[X,0x0000000080000D1E] -> 0x7C1E
[844] [M]: 0x0000000080000D1C (0x7C1E8E93) addi t4, t4, 0x7c1
x29 <- 0xFFFFF7FDFFFFFFC1

mem[X,0x0000000080000D20] -> 0x9E93
mem[X,0x0000000080000D22] -> 0x00AE
[845] [M]: 0x0000000080000D20 (0x00AE9E93) slli t4, t4, 0xa
x29 <- 0xFFDFF7FFFFFF0400

mem[X,0x0000000080000D24] -> 0x7FBB
mem[X,0x0000000080000D26] -> 0x8DDF
[846] [M]: 0x0000000080000D24 (0x8DDF7FBB) pmhracc.h t6, t5, t4
x31 <- 0x0003FFDFFBDAEEFA

mem[X,0x0000000080000D28] -> 0xB823
mem[X,0x0000000080000D2A] -> 0x05F0
[847] [M]: 0x0000000080000D28 (0x05F0B823) sd t6, 0x50(ra)
mem[0x0000000080004258] <- 0x0003FFDFFBDAEEFA

mem[X,0x0000000080000D2C] -> 0x0F37
mem[X,0x0000000080000D2E] -> 0xAAAA
[848] [M]: 0x0000000080000D2C (0xAAAA0F37) lui t5, -0x55560
x30 <- 0xFFFFFFFFAAAA0000

mem[X,0x0000000080000D30] -> 0x0F13
mem[X,0x0000000080000D32] -> 0x006F
[849] [M]: 0x0000000080000D30 (0x006F0F13) addi t5, t5, 0x6
x30 <- 0xFFFFFFFFAAAA0006

mem[X,0x0000000080000D34] -> 0x1F13
mem[X,0x0000000080000D36] -> 0x00BF
[850] [M]: 0x0000000080000D34 (0x00BF1F13) slli t5, t5, 0xb
x30 <- 0xFFFFFD5550003000

mem[X,0x0000000080000D38] -> 0x0F13
mem[X,0x0000000080000D3A] -> 0x004F
[851] [M]: 0x0000000080000D38 (0x004F0F13) addi t5, t5, 0x4
x30 <- 0xFFFFFD5550003004

mem[X,0x0000000080000D3C] -> 0x1F13
mem[X,0x0000000080000D3E] -> 0x00BF
[852] [M]: 0x0000000080000D3C (0x00BF1F13) slli t5, t5, 0xb
x30 <- 0xFFEAAA8001802000

mem[X,0x0000000080000D40] -> 0x0F13
mem[X,0x0000000080000D42] -> 0x03FF
[853] [M]: 0x0000000080000D40 (0x03FF0F13) addi t5, t5, 0x3f
x30 <- 0xFFEAAA800180203F

mem[X,0x0000000080000D44] -> 0x1F13
mem[X,0x0000000080000D46] -> 0x00AF
[854] [M]: 0x0000000080000D44 (0x00AF1F13) slli t5, t5, 0xa
x30 <- 0xAAAA00060080FC00

mem[X,0x0000000080000D48] -> 0x0F13
mem[X,0x0000000080000D4A] -> 0x1FFF
[855] [M]: 0x0000000080000D48 (0x1FFF0F13) addi t5, t5, 0x1ff
x30 <- 0xAAAA00060080FDFF

mem[X,0x0000000080000D4C] -> 0xFEB7
mem[X,0x0000000080000D4E] -> 0xFDFF
[856] [M]: 0x0000000080000D4C (0xFDFFFEB7) lui t4, -0x2001
x29 <- 0xFFFFFFFFFDFFF000

mem[X,0x0000000080000D50] -> 0x8E93
mem[X,0x0000000080000D52] -> 0xFFFE
[857] [M]: 0x0000000080000D50 (0xFFFE8E93) addi t4, t4, -0x1
x29 <- 0xFFFFFFFFFDFFEFFF

mem[X,0x0000000080000D54] -> 0x9E93
mem[X,0x0000000080000D56] -> 0x00BE
[858] [M]: 0x0000000080000D54 (0x00BE9E93) slli t4, t4, 0xb
x29 <- 0xFFFFFFEFFF7FF800

mem[X,0x0000000080000D58] -> 0x8E93
mem[X,0x0000000080000D5A] -> 0x000E
[859] [M]: 0x0000000080000D58 (0x000E8E93) addi t4, t4, 0x0
x29 <- 0xFFFFFFEFFF7FF800

mem[X,0x0000000080000D5C] -> 0x9E93
mem[X,0x0000000080000D5E] -> 0x00BE
[860] [M]: 0x0000000080000D5C (0x00BE9E93) slli t4, t4, 0xb
x29 <- 0xFFFF7FFBFFC00000

mem[X,0x0000000080000D60] -> 0x8E93
mem[X,0x0000000080000D62] -> 0x180E
[861] [M]: 0x0000000080000D60 (0x180E8E93) addi t4, t4, 0x180
x29 <- 0xFFFF7FFBFFC00180

mem[X,0x0000000080000D64] -> 0x9E93
mem[X,0x0000000080000D66] -> 0x00AE
[862] [M]: 0x0000000080000D64 (0x00AE9E93) slli t4, t4, 0xa
x29 <- 0xFDFFEFFF00060000

mem[X,0x0000000080000D68] -> 0x8E93
mem[X,0x0000000080000D6A] -> 0x010E
[863] [M]: 0x0000000080000D68 (0x010E8E93) addi t4, t4, 0x10
x29 <- 0xFDFFEFFF00060010

mem[X,0x0000000080000D6C] -> 0x7FBB
mem[X,0x0000000080000D6E] -> 0x8DDF
[864] [M]: 0x0000000080000D6C (0x8DDF7FBB) pmhracc.h t6, t5, t4
x31 <- 0x00AEFFDFFBDAEEFA

mem[X,0x0000000080000D70] -> 0xBC23
mem[X,0x0000000080000D72] -> 0x05F0
[865] [M]: 0x0000000080000D70 (0x05F0BC23) sd t6, 0x58(ra)
mem[0x0000000080004260] <- 0x00AEFFDFFBDAEEFA

mem[X,0x0000000080000D74] -> 0x8F37
mem[X,0x0000000080000D76] -> 0x0000
[866] [M]: 0x0000000080000D74 (0x00008F37) lui t5, 0x8
x30 <- 0x0000000000008000

mem[X,0x0000000080000D78] -> 0x0F13
mem[X,0x0000000080000D7A] -> 0x000F
[867] [M]: 0x0000000080000D78 (0x000F0F13) addi t5, t5, 0x0
x30 <- 0x0000000000008000

mem[X,0x0000000080000D7C] -> 0x1F13
mem[X,0x0000000080000D7E] -> 0x00BF
[868] [M]: 0x0000000080000D7C (0x00BF1F13) slli t5, t5, 0xb
x30 <- 0x0000000004000000

mem[X,0x0000000080000D80] -> 0x0F13
mem[X,0x0000000080000D82] -> 0x7FFF
[869] [M]: 0x0000000080000D80 (0x7FFF0F13) addi t5, t5, 0x7ff
x30 <- 0x00000000040007FF

mem[X,0x0000000080000D84] -> 0x1F13
mem[X,0x0000000080000D86] -> 0x00BF
[870] [M]: 0x0000000080000D84 (0x00BF1F13) slli t5, t5, 0xb
x30 <- 0x00000020003FF800

mem[X,0x0000000080000D88] -> 0x0F13
mem[X,0x0000000080000D8A] -> 0x5BFF
[871] [M]: 0x0000000080000D88 (0x5BFF0F13) addi t5, t5, 0x5bf
x30 <- 0x00000020003FFDBF

mem[X,0x0000000080000D8C] -> 0x1F13
mem[X,0x0000000080000D8E] -> 0x00AF
[872] [M]: 0x0000000080000D8C (0x00AF1F13) slli t5, t5, 0xa
x30 <- 0x00008000FFF6FC00

mem[X,0x0000000080000D90] -> 0x0F13
mem[X,0x0000000080000D92] -> 0x3FCF
[873] [M]: 0x0000000080000D90 (0x3FCF0F13) addi t5, t5, 0x3fc
x30 <- 0x00008000FFF6FFFC

mem[X,0x0000000080000D94] -> 0x4EB7
mem[X,0x0000000080000D96] -> 0xF7FF
[874] [M]: 0x0000000080000D94 (0xF7FF4EB7) lui t4, -0x800c
x29 <- 0xFFFFFFFFF7FF4000

mem[X,0x0000000080000D98] -> 0x8E93
mem[X,0x0000000080000D9A] -> 0xFFFE
[875] [M]: 0x0000000080000D98 (0xFFFE8E93) addi t4, t4, -0x1
x29 <- 0xFFFFFFFFF7FF3FFF

mem[X,0x0000000080000D9C] -> 0x9E93
mem[X,0x0000000080000D9E] -> 0x00BE
[876] [M]: 0x0000000080000D9C (0x00BE9E93) slli t4, t4, 0xb
x29 <- 0xFFFFFFBFF9FFF800

mem[X,0x0000000080000DA0] -> 0x8E93
mem[X,0x0000000080000DA2] -> 0x7FFE
[877] [M]: 0x0000000080000DA0 (0x7FFE8E93) addi t4, t4, 0x7ff
x29 <- 0xFFFFFFBFF9FFFFFF

mem[X,0x0000000080000DA4] -> 0x9E93
mem[X,0x0000000080000DA6] -> 0x00BE
[878] [M]: 0x0000000080000DA4 (0x00BE9E93) slli t4, t4, 0xb
x29 <- 0xFFFDFFCFFFFFF800

mem[X,0x0000000080000DA8] -> 0x8E93
mem[X,0x0000000080000DAA] -> 0x77FE
[879] [M]: 0x0000000080000DA8 (0x77FE8E93) addi t4, t4, 0x77f
x29 <- 0xFFFDFFCFFFFFFF7F

mem[X,0x0000000080000DAC] -> 0x9E93
mem[X,0x0000000080000DAE] -> 0x00AE
[880] [M]: 0x0000000080000DAC (0x00AE9E93) slli t4, t4, 0xa
x29 <- 0xF7FF3FFFFFFDFC00

mem[X,0x0000000080000DB0] -> 0x8E93
mem[X,0x0000000080000DB2] -> 0x3F7E
[881] [M]: 0x0000000080000DB0 (0x3F7E8E93) addi t4, t4, 0x3f7
x29 <- 0xF7FF3FFFFFFDFFF7

mem[X,0x0000000080000DB4] -> 0x7FBB
mem[X,0x0000000080000DB6] -> 0x8DDF
[882] [M]: 0x0000000080000DB4 (0x8DDF7FBB) pmhracc.h t6, t5, t4
x31 <- 0x00AEDFE0FBDAEEFA

mem[X,0x0000000080000DB8] -> 0xB023
mem[X,0x0000000080000DBA] -> 0x07F0
[883] [M]: 0x0000000080000DB8 (0x07F0B023) sd t6, 0x60(ra)
mem[0x0000000080004268] <- 0x00AEDFE0FBDAEEFA

mem[X,0x0000000080000DBC] -> 0xCF37
mem[X,0x0000000080000DBE] -> 0x0800
[884] [M]: 0x0000000080000DBC (0x0800CF37) lui t5, 0x800c
x30 <- 0x000000000800C000

mem[X,0x0000000080000DC0] -> 0x0F13
mem[X,0x0000000080000DC2] -> 0x000F
[885] [M]: 0x0000000080000DC0 (0x000F0F13) addi t5, t5, 0x0
x30 <- 0x000000000800C000

mem[X,0x0000000080000DC4] -> 0x1F13
mem[X,0x0000000080000DC6] -> 0x00BF
[886] [M]: 0x0000000080000DC4 (0x00BF1F13) slli t5, t5, 0xb
x30 <- 0x0000004006000000

mem[X,0x0000000080000DC8] -> 0x0F13
mem[X,0x0000000080000DCA] -> 0x7FFF
[887] [M]: 0x0000000080000DC8 (0x7FFF0F13) addi t5, t5, 0x7ff
x30 <- 0x00000040060007FF

mem[X,0x0000000080000DCC] -> 0x1F13
mem[X,0x0000000080000DCE] -> 0x00BF
[888] [M]: 0x0000000080000DCC (0x00BF1F13) slli t5, t5, 0xb
x30 <- 0x00020030003FF800

mem[X,0x0000000080000DD0] -> 0x0F13
mem[X,0x0000000080000DD2] -> 0x740F
[889] [M]: 0x0000000080000DD0 (0x740F0F13) addi t5, t5, 0x740
x30 <- 0x00020030003FFF40

mem[X,0x0000000080000DD4] -> 0x1F13
mem[X,0x0000000080000DD6] -> 0x00AF
[890] [M]: 0x0000000080000DD4 (0x00AF1F13) slli t5, t5, 0xa
x30 <- 0x0800C000FFFD0000

mem[X,0x0000000080000DD8] -> 0x0F13
mem[X,0x0000000080000DDA] -> 0x007F
[891] [M]: 0x0000000080000DD8 (0x007F0F13) addi t5, t5, 0x7
x30 <- 0x0800C000FFFD0007

mem[X,0x0000000080000DDC] -> 0xEEB7
mem[X,0x0000000080000DDE] -> 0xDFFF
[892] [M]: 0x0000000080000DDC (0xDFFFEEB7) lui t4, -0x20002
x29 <- 0xFFFFFFFFDFFFE000

mem[X,0x0000000080000DE0] -> 0x8E93
mem[X,0x0000000080000DE2] -> 0xFFFE
[893] [M]: 0x0000000080000DE0 (0xFFFE8E93) addi t4, t4, -0x1
x29 <- 0xFFFFFFFFDFFFDFFF

mem[X,0x0000000080000DE4] -> 0x9E93
mem[X,0x0000000080000DE6] -> 0x00BE
[894] [M]: 0x0000000080000DE4 (0x00BE9E93) slli t4, t4, 0xb
x29 <- 0xFFFFFEFFFEFFF800

mem[X,0x0000000080000DE8] -> 0x8E93
mem[X,0x0000000080000DEA] -> 0x7FFE
[895] [M]: 0x0000000080000DE8 (0x7FFE8E93) addi t4, t4, 0x7ff
x29 <- 0xFFFFFEFFFEFFFFFF

mem[X,0x0000000080000DEC] -> 0x9E93
mem[X,0x0000000080000DEE] -> 0x00BE
[896] [M]: 0x0000000080000DEC (0x00BE9E93) slli t4, t4, 0xb
x29 <- 0xFFF7FFF7FFFFF800

mem[X,0x0000000080000DF0] -> 0x8E93
mem[X,0x0000000080000DF2] -> 0x73FE
[897] [M]: 0x0000000080000DF0 (0x73FE8E93) addi t4, t4, 0x73f
x29 <- 0xFFF7FFF7FFFFFF3F

mem[X,0x0000000080000DF4] -> 0x9E93
mem[X,0x0000000080000DF6] -> 0x00AE
[898] [M]: 0x0000000080000DF4 (0x00AE9E93) slli t4, t4, 0xa
x29 <- 0xDFFFDFFFFFFCFC00

mem[X,0x0000000080000DF8] -> 0x8E93
mem[X,0x0000000080000DFA] -> 0x1FFE
[899] [M]: 0x0000000080000DF8 (0x1FFE8E93) addi t4, t4, 0x1ff
x29 <- 0xDFFFDFFFFFFCFDFF

clint::tick mtime <- 0x0000000000000009
 clint timer pending at mtime 0x0000000000000009
htif::tick 0x0000000000000000
mem[X,0x0000000080000DFC] -> 0x7FBB
mem[X,0x0000000080000DFE] -> 0x8DDF
[900] [M]: 0x0000000080000DFC (0x8DDF7FBB) pmhracc.h t6, t5, t4
x31 <- 0xFFAEE7E0FBDAEEFA

mem[X,0x0000000080000E00] -> 0xB423
mem[X,0x0000000080000E02] -> 0x07F0
[901] [M]: 0x0000000080000E00 (0x07F0B423) sd t6, 0x68(ra)
mem[0x0000000080004270] <- 0xFFAEE7E0FBDAEEFA

mem[X,0x0000000080000E04] -> 0x0F37
mem[X,0x0000000080000E06] -> 0xC001
[902] [M]: 0x0000000080000E04 (0xC0010F37) lui t5, -0x3fff0
x30 <- 0xFFFFFFFFC0010000

mem[X,0x0000000080000E08] -> 0x0F13
mem[X,0x0000000080000E0A] -> 0xFFCF
[903] [M]: 0x0000000080000E08 (0xFFCF0F13) addi t5, t5, -0x4
x30 <- 0xFFFFFFFFC000FFFC

mem[X,0x0000000080000E0C] -> 0x1F13
mem[X,0x0000000080000E0E] -> 0x00BF
[904] [M]: 0x0000000080000E0C (0x00BF1F13) slli t5, t5, 0xb
x30 <- 0xFFFFFE0007FFE000

mem[X,0x0000000080000E10] -> 0x0F13
mem[X,0x0000000080000E12] -> 0x600F
[905] [M]: 0x0000000080000E10 (0x600F0F13) addi t5, t5, 0x600
x30 <- 0xFFFFFE0007FFE600

mem[X,0x0000000080000E14] -> 0x1F13
mem[X,0x0000000080000E16] -> 0x00BF
[906] [M]: 0x0000000080000E14 (0x00BF1F13) slli t5, t5, 0xb
x30 <- 0xFFF0003FFF300000

mem[X,0x0000000080000E18] -> 0x0F13
mem[X,0x0000000080000E1A] -> 0x03FF
[907] [M]: 0x0000000080000E18 (0x03FF0F13) addi t5, t5, 0x3f
x30 <- 0xFFF0003FFF30003F

mem[X,0x0000000080000E1C] -> 0x1F13
mem[X,0x0000000080000E1E] -> 0x00AF
[908] [M]: 0x0000000080000E1C (0x00AF1F13) slli t5, t5, 0xa
x30 <- 0xC000FFFCC000FC00

mem[X,0x0000000080000E20] -> 0x0F13
mem[X,0x0000000080000E22] -> 0x3F9F
[909] [M]: 0x0000000080000E20 (0x3F9F0F13) addi t5, t5, 0x3f9
x30 <- 0xC000FFFCC000FFF9

mem[X,0x0000000080000E24] -> 0x0EB7
mem[X,0x0000000080000E26] -> 0xAAAB
[910] [M]: 0x0000000080000E24 (0xAAAB0EB7) lui t4, -0x55550
x29 <- 0xFFFFFFFFAAAB0000

mem[X,0x0000000080000E28] -> 0x8E93
mem[X,0x0000000080000E2A] -> 0xDFFE
[911] [M]: 0x0000000080000E28 (0xDFFE8E93) addi t4, t4, -0x201
x29 <- 0xFFFFFFFFAAAAFDFF

mem[X,0x0000000080000E2C] -> 0x9E93
mem[X,0x0000000080000E2E] -> 0x00BE
[912] [M]: 0x0000000080000E2C (0x00BE9E93) slli t4, t4, 0xb
x29 <- 0xFFFFFD5557EFF800

mem[X,0x0000000080000E30] -> 0x8E93
mem[X,0x0000000080000E32] -> 0x7FFE
[913] [M]: 0x0000000080000E30 (0x7FFE8E93) addi t4, t4, 0x7ff
x29 <- 0xFFFFFD5557EFFFFF

mem[X,0x0000000080000E34] -> 0x9E93
mem[X,0x0000000080000E36] -> 0x00BE
[914] [M]: 0x0000000080000E34 (0x00BE9E93) slli t4, t4, 0xb
x29 <- 0xFFEAAABF7FFFF800

mem[X,0x0000000080000E38] -> 0x8E93
mem[X,0x0000000080000E3A] -> 0x6BFE
[915] [M]: 0x0000000080000E38 (0x6BFE8E93) addi t4, t4, 0x6bf
x29 <- 0xFFEAAABF7FFFFEBF

mem[X,0x0000000080000E3C] -> 0x9E93
mem[X,0x0000000080000E3E] -> 0x00AE
[916] [M]: 0x0000000080000E3C (0x00AE9E93) slli t4, t4, 0xa
x29 <- 0xAAAAFDFFFFFAFC00

mem[X,0x0000000080000E40] -> 0x8E93
mem[X,0x0000000080000E42] -> 0x3F9E
[917] [M]: 0x0000000080000E40 (0x3F9E8E93) addi t4, t4, 0x3f9
x29 <- 0xAAAAFDFFFFFAFFF9

mem[X,0x0000000080000E44] -> 0x7FBB
mem[X,0x0000000080000E46] -> 0x8DDF
[918] [M]: 0x0000000080000E44 (0x8DDF7FBB) pmhracc.h t6, t5, t4
x31 <- 0x1504E7E0FBDCEEFA

mem[X,0x0000000080000E48] -> 0xB823
mem[X,0x0000000080000E4A] -> 0x07F0
[919] [M]: 0x0000000080000E48 (0x07F0B823) sd t6, 0x70(ra)
mem[0x0000000080004278] <- 0x1504E7E0FBDCEEFA

mem[X,0x0000000080000E4C] -> 0xFF37
mem[X,0x0000000080000E4E] -> 0xFFEF
[920] [M]: 0x0000000080000E4C (0xFFEFFF37) lui t5, -0x101
x30 <- 0xFFFFFFFFFFEFF000

mem[X,0x0000000080000E50] -> 0x0F13
mem[X,0x0000000080000E52] -> 0x7FFF
[921] [M]: 0x0000000080000E50 (0x7FFF0F13) addi t5, t5, 0x7ff
x30 <- 0xFFFFFFFFFFEFF7FF

mem[X,0x0000000080000E54] -> 0x1F13
mem[X,0x0000000080000E56] -> 0x00BF
[922] [M]: 0x0000000080000E54 (0x00BF1F13) slli t5, t5, 0xb
x30 <- 0xFFFFFFFF7FBFF800

mem[X,0x0000000080000E58] -> 0x0F13
mem[X,0x0000000080000E5A] -> 0x3FFF
[923] [M]: 0x0000000080000E58 (0x3FFF0F13) addi t5, t5, 0x3ff
x30 <- 0xFFFFFFFF7FBFFBFF

mem[X,0x0000000080000E5C] -> 0x1F13
mem[X,0x0000000080000E5E] -> 0x00BF
[924] [M]: 0x0000000080000E5C (0x00BF1F13) slli t5, t5, 0xb
x30 <- 0xFFFFFBFDFFDFF800

mem[X,0x0000000080000E60] -> 0x0F13
mem[X,0x0000000080000E62] -> 0x7F7F
[925] [M]: 0x0000000080000E60 (0x7F7F0F13) addi t5, t5, 0x7f7
x30 <- 0xFFFFFBFDFFDFFFF7

mem[X,0x0000000080000E64] -> 0x1F13
mem[X,0x0000000080000E66] -> 0x00AF
[926] [M]: 0x0000000080000E64 (0x00AF1F13) slli t5, t5, 0xa
x30 <- 0xFFEFF7FF7FFFDC00

mem[X,0x0000000080000E68] -> 0x0F13
mem[X,0x0000000080000E6A] -> 0x3FFF
[927] [M]: 0x0000000080000E68 (0x3FFF0F13) addi t5, t5, 0x3ff
x30 <- 0xFFEFF7FF7FFFDFFF

mem[X,0x0000000080000E6C] -> 0xCEB7
mem[X,0x0000000080000E6E] -> 0x0004
[928] [M]: 0x0000000080000E6C (0x0004CEB7) lui t4, 0x4c
x29 <- 0x000000000004C000

mem[X,0x0000000080000E70] -> 0x8E93
mem[X,0x0000000080000E72] -> 0xFFFE
[929] [M]: 0x0000000080000E70 (0xFFFE8E93) addi t4, t4, -0x1
x29 <- 0x000000000004BFFF

mem[X,0x0000000080000E74] -> 0x9E93
mem[X,0x0000000080000E76] -> 0x00BE
[930] [M]: 0x0000000080000E74 (0x00BE9E93) slli t4, t4, 0xb
x29 <- 0x0000000025FFF800

mem[X,0x0000000080000E78] -> 0x8E93
mem[X,0x0000000080000E7A] -> 0x77FE
[931] [M]: 0x0000000080000E78 (0x77FE8E93) addi t4, t4, 0x77f
x29 <- 0x0000000025FFFF7F

mem[X,0x0000000080000E7C] -> 0x9E93
mem[X,0x0000000080000E7E] -> 0x00BE
[932] [M]: 0x0000000080000E7C (0x00BE9E93) slli t4, t4, 0xb
x29 <- 0x0000012FFFFBF800

mem[X,0x0000000080000E80] -> 0x8E93
mem[X,0x0000000080000E82] -> 0x7E0E
[933] [M]: 0x0000000080000E80 (0x7E0E8E93) addi t4, t4, 0x7e0
x29 <- 0x0000012FFFFBFFE0

mem[X,0x0000000080000E84] -> 0x9E93
mem[X,0x0000000080000E86] -> 0x00AE
[934] [M]: 0x0000000080000E84 (0x00AE9E93) slli t4, t4, 0xa
x29 <- 0x0004BFFFEFFF8000

mem[X,0x0000000080000E88] -> 0x7FBB
mem[X,0x0000000080000E8A] -> 0x8DDF
[935] [M]: 0x0000000080000E88 (0x8DDF7FBB) pmhracc.h t6, t5, t4
x31 <- 0x1504E9E0F3DCFEFB

mem[X,0x0000000080000E8C] -> 0xBC23
mem[X,0x0000000080000E8E] -> 0x07F0
[936] [M]: 0x0000000080000E8C (0x07F0BC23) sd t6, 0x78(ra)
mem[0x0000000080004280] <- 0x1504E9E0F3DCFEFB

mem[X,0x0000000080000E90] -> 0x0F37
mem[X,0x0000000080000E92] -> 0xFFBF
[937] [M]: 0x0000000080000E90 (0xFFBF0F37) lui t5, -0x410
x30 <- 0xFFFFFFFFFFBF0000

mem[X,0x0000000080000E94] -> 0x0F13
mem[X,0x0000000080000E96] -> 0x002F
[938] [M]: 0x0000000080000E94 (0x002F0F13) addi t5, t5, 0x2
x30 <- 0xFFFFFFFFFFBF0002

mem[X,0x0000000080000E98] -> 0x1F13
mem[X,0x0000000080000E9A] -> 0x00BF
[939] [M]: 0x0000000080000E98 (0x00BF1F13) slli t5, t5, 0xb
x30 <- 0xFFFFFFFDF8001000

mem[X,0x0000000080000E9C] -> 0x0F13
mem[X,0x0000000080000E9E] -> 0x000F
[940] [M]: 0x0000000080000E9C (0x000F0F13) addi t5, t5, 0x0
x30 <- 0xFFFFFFFDF8001000

mem[X,0x0000000080000EA0] -> 0x1F13
mem[X,0x0000000080000EA2] -> 0x00BF
[941] [M]: 0x0000000080000EA0 (0x00BF1F13) slli t5, t5, 0xb
x30 <- 0xFFFFEFC000800000

mem[X,0x0000000080000EA4] -> 0x0F13
mem[X,0x0000000080000EA6] -> 0x0EFF
[942] [M]: 0x0000000080000EA4 (0x0EFF0F13) addi t5, t5, 0xef
x30 <- 0xFFFFEFC0008000EF

mem[X,0x0000000080000EA8] -> 0x1F13
mem[X,0x0000000080000EAA] -> 0x00AF
[943] [M]: 0x0000000080000EA8 (0x00AF1F13) slli t5, t5, 0xa
x30 <- 0xFFBF00020003BC00

mem[X,0x0000000080000EAC] -> 0x0F13
mem[X,0x0000000080000EAE] -> 0x3FFF
[944] [M]: 0x0000000080000EAC (0x3FFF0F13) addi t5, t5, 0x3ff
x30 <- 0xFFBF00020003BFFF

mem[X,0x0000000080000EB0] -> 0x0EB7
mem[X,0x0000000080000EB2] -> 0xC000
[945] [M]: 0x0000000080000EB0 (0xC0000EB7) lui t4, -0x40000
x29 <- 0xFFFFFFFFC0000000

mem[X,0x0000000080000EB4] -> 0x8E93
mem[X,0x0000000080000EB6] -> 0x010E
[946] [M]: 0x0000000080000EB4 (0x010E8E93) addi t4, t4, 0x10
x29 <- 0xFFFFFFFFC0000010

mem[X,0x0000000080000EB8] -> 0x9E93
mem[X,0x0000000080000EBA] -> 0x00BE
[947] [M]: 0x0000000080000EB8 (0x00BE9E93) slli t4, t4, 0xb
x29 <- 0xFFFFFE0000008000

mem[X,0x0000000080000EBC] -> 0x8E93
mem[X,0x0000000080000EBE] -> 0x600E
[948] [M]: 0x0000000080000EBC (0x600E8E93) addi t4, t4, 0x600
x29 <- 0xFFFFFE0000008600

mem[X,0x0000000080000EC0] -> 0x9E93
mem[X,0x0000000080000EC2] -> 0x00BE
[949] [M]: 0x0000000080000EC0 (0x00BE9E93) slli t4, t4, 0xb
x29 <- 0xFFF0000004300000

mem[X,0x0000000080000EC4] -> 0x8E93
mem[X,0x0000000080000EC6] -> 0x000E
[950] [M]: 0x0000000080000EC4 (0x000E8E93) addi t4, t4, 0x0
x29 <- 0xFFF0000004300000

mem[X,0x0000000080000EC8] -> 0x9E93
mem[X,0x0000000080000ECA] -> 0x00AE
[951] [M]: 0x0000000080000EC8 (0x00AE9E93) slli t4, t4, 0xa
x29 <- 0xC0000010C0000000

mem[X,0x0000000080000ECC] -> 0x8E93
mem[X,0x0000000080000ECE] -> 0x200E
[952] [M]: 0x0000000080000ECC (0x200E8E93) addi t4, t4, 0x200
x29 <- 0xC0000010C0000200

mem[X,0x0000000080000ED0] -> 0x7FBB
mem[X,0x0000000080000ED2] -> 0x8DDF
[953] [M]: 0x0000000080000ED0 (0x8DDF7FBB) pmhracc.h t6, t5, t4
x31 <- 0x1514E9E0F3DBFE7B

mem[X,0x0000000080000ED4] -> 0xB023
mem[X,0x0000000080000ED6] -> 0x09F0
[954] [M]: 0x0000000080000ED4 (0x09F0B023) sd t6, 0x80(ra)
mem[0x0000000080004288] <- 0x1514E9E0F3DBFE7B

mem[X,0x0000000080000ED8] -> 0x0F37
mem[X,0x0000000080000EDA] -> 0xFFFE
[955] [M]: 0x0000000080000ED8 (0xFFFE0F37) lui t5, -0x20
x30 <- 0xFFFFFFFFFFFE0000

mem[X,0x0000000080000EDC] -> 0x0F13
mem[X,0x0000000080000EDE] -> 0x001F
[956] [M]: 0x0000000080000EDC (0x001F0F13) addi t5, t5, 0x1
x30 <- 0xFFFFFFFFFFFE0001

mem[X,0x0000000080000EE0] -> 0x1F13
mem[X,0x0000000080000EE2] -> 0x00BF
[957] [M]: 0x0000000080000EE0 (0x00BF1F13) slli t5, t5, 0xb
x30 <- 0xFFFFFFFFF0000800

mem[X,0x0000000080000EE4] -> 0x0F13
mem[X,0x0000000080000EE6] -> 0x5FFF
[958] [M]: 0x0000000080000EE4 (0x5FFF0F13) addi t5, t5, 0x5ff
x30 <- 0xFFFFFFFFF0000DFF

mem[X,0x0000000080000EE8] -> 0x1F13
mem[X,0x0000000080000EEA] -> 0x00BF
[959] [M]: 0x0000000080000EE8 (0x00BF1F13) slli t5, t5, 0xb
x30 <- 0xFFFFFF80006FF800

mem[X,0x0000000080000EEC] -> 0x0F13
mem[X,0x0000000080000EEE] -> 0x7D5F
[960] [M]: 0x0000000080000EEC (0x7D5F0F13) addi t5, t5, 0x7d5
x30 <- 0xFFFFFF80006FFFD5

mem[X,0x0000000080000EF0] -> 0x1F13
mem[X,0x0000000080000EF2] -> 0x00AF
[961] [M]: 0x0000000080000EF0 (0x00AF1F13) slli t5, t5, 0xa
x30 <- 0xFFFE0001BFFF5400

mem[X,0x0000000080000EF4] -> 0x0F13
mem[X,0x0000000080000EF6] -> 0x155F
[962] [M]: 0x0000000080000EF4 (0x155F0F13) addi t5, t5, 0x155
x30 <- 0xFFFE0001BFFF5555

mem[X,0x0000000080000EF8] -> 0x0EB7
mem[X,0x0000000080000EFA] -> 0x0800
[963] [M]: 0x0000000080000EF8 (0x08000EB7) lui t4, 0x8000
x29 <- 0x0000000008000000

mem[X,0x0000000080000EFC] -> 0x8E93
mem[X,0x0000000080000EFE] -> 0x002E
[964] [M]: 0x0000000080000EFC (0x002E8E93) addi t4, t4, 0x2
x29 <- 0x0000000008000002

mem[X,0x0000000080000F00] -> 0x9E93
mem[X,0x0000000080000F02] -> 0x00BE
[965] [M]: 0x0000000080000F00 (0x00BE9E93) slli t4, t4, 0xb
x29 <- 0x0000004000001000

mem[X,0x0000000080000F04] -> 0x8E93
mem[X,0x0000000080000F06] -> 0x7FFE
[966] [M]: 0x0000000080000F04 (0x7FFE8E93) addi t4, t4, 0x7ff
x29 <- 0x00000040000017FF

mem[X,0x0000000080000F08] -> 0x9E93
mem[X,0x0000000080000F0A] -> 0x00BE
[967] [M]: 0x0000000080000F08 (0x00BE9E93) slli t4, t4, 0xb
x29 <- 0x0002000000BFF800

mem[X,0x0000000080000F0C] -> 0x8E93
mem[X,0x0000000080000F0E] -> 0x3FFE
[968] [M]: 0x0000000080000F0C (0x3FFE8E93) addi t4, t4, 0x3ff
x29 <- 0x0002000000BFFBFF

mem[X,0x0000000080000F10] -> 0x9E93
mem[X,0x0000000080000F12] -> 0x00AE
[969] [M]: 0x0000000080000F10 (0x00AE9E93) slli t4, t4, 0xa
x29 <- 0x08000002FFEFFC00

mem[X,0x0000000080000F14] -> 0x8E93
mem[X,0x0000000080000F16] -> 0x37FE
[970] [M]: 0x0000000080000F14 (0x37FE8E93) addi t4, t4, 0x37f
x29 <- 0x08000002FFEFFF7F

mem[X,0x0000000080000F18] -> 0x7FBB
mem[X,0x0000000080000F1A] -> 0x8DDF
[971] [M]: 0x0000000080000F18 (0x8DDF7FBB) pmhracc.h t6, t5, t4
x31 <- 0x1514E9E0F3DFFE50

mem[X,0x0000000080000F1C] -> 0xB423
mem[X,0x0000000080000F1E] -> 0x09F0
[972] [M]: 0x0000000080000F1C (0x09F0B423) sd t6, 0x88(ra)
mem[0x0000000080004290] <- 0x1514E9E0F3DFFE50

mem[X,0x0000000080000F20] -> 0x0F37
mem[X,0x0000000080000F22] -> 0x0007
[973] [M]: 0x0000000080000F20 (0x00070F37) lui t5, 0x70
x30 <- 0x0000000000070000

mem[X,0x0000000080000F24] -> 0x0F13
mem[X,0x0000000080000F26] -> 0xFF9F
[974] [M]: 0x0000000080000F24 (0xFF9F0F13) addi t5, t5, -0x7
x30 <- 0x000000000006FFF9

mem[X,0x0000000080000F28] -> 0x1F13
mem[X,0x0000000080000F2A] -> 0x00BF
[975] [M]: 0x0000000080000F28 (0x00BF1F13) slli t5, t5, 0xb
x30 <- 0x0000000037FFC800

mem[X,0x0000000080000F2C] -> 0x0F13
mem[X,0x0000000080000F2E] -> 0x7FFF
[976] [M]: 0x0000000080000F2C (0x7FFF0F13) addi t5, t5, 0x7ff
x30 <- 0x0000000037FFCFFF

mem[X,0x0000000080000F30] -> 0x1F13
mem[X,0x0000000080000F32] -> 0x00BF
[977] [M]: 0x0000000080000F30 (0x00BF1F13) slli t5, t5, 0xb
x30 <- 0x000001BFFE7FF800

mem[X,0x0000000080000F34] -> 0x0F13
mem[X,0x0000000080000F36] -> 0x7AAF
[978] [M]: 0x0000000080000F34 (0x7AAF0F13) addi t5, t5, 0x7aa
x30 <- 0x000001BFFE7FFFAA

mem[X,0x0000000080000F38] -> 0x1F13
mem[X,0x0000000080000F3A] -> 0x00AF
[979] [M]: 0x0000000080000F38 (0x00AF1F13) slli t5, t5, 0xa
x30 <- 0x0006FFF9FFFEA800

mem[X,0x0000000080000F3C] -> 0x0F13
mem[X,0x0000000080000F3E] -> 0x2AAF
[980] [M]: 0x0000000080000F3C (0x2AAF0F13) addi t5, t5, 0x2aa
x30 <- 0x0006FFF9FFFEAAAA

mem[X,0x0000000080000F40] -> 0x0EB7
mem[X,0x0000000080000F42] -> 0xFFFB
[981] [M]: 0x0000000080000F40 (0xFFFB0EB7) lui t4, -0x50
x29 <- 0xFFFFFFFFFFFB0000

mem[X,0x0000000080000F44] -> 0x8E93
mem[X,0x0000000080000F46] -> 0x007E
[982] [M]: 0x0000000080000F44 (0x007E8E93) addi t4, t4, 0x7
x29 <- 0xFFFFFFFFFFFB0007

mem[X,0x0000000080000F48] -> 0x9E93
mem[X,0x0000000080000F4A] -> 0x00BE
[983] [M]: 0x0000000080000F48 (0x00BE9E93) slli t4, t4, 0xb
x29 <- 0xFFFFFFFFD8003800

mem[X,0x0000000080000F4C] -> 0x8E93
mem[X,0x0000000080000F4E] -> 0x3FFE
[984] [M]: 0x0000000080000F4C (0x3FFE8E93) addi t4, t4, 0x3ff
x29 <- 0xFFFFFFFFD8003BFF

mem[X,0x0000000080000F50] -> 0x9E93
mem[X,0x0000000080000F52] -> 0x00BE
[985] [M]: 0x0000000080000F50 (0x00BE9E93) slli t4, t4, 0xb
x29 <- 0xFFFFFEC001DFF800

mem[X,0x0000000080000F54] -> 0x8E93
mem[X,0x0000000080000F56] -> 0x7CFE
[986] [M]: 0x0000000080000F54 (0x7CFE8E93) addi t4, t4, 0x7cf
x29 <- 0xFFFFFEC001DFFFCF

mem[X,0x0000000080000F58] -> 0x9E93
mem[X,0x0000000080000F5A] -> 0x00AE
[987] [M]: 0x0000000080000F58 (0x00AE9E93) slli t4, t4, 0xa
x29 <- 0xFFFB00077FFF3C00

mem[X,0x0000000080000F5C] -> 0x8E93
mem[X,0x0000000080000F5E] -> 0x3FFE
[988] [M]: 0x0000000080000F5C (0x3FFE8E93) addi t4, t4, 0x3ff
x29 <- 0xFFFB00077FFF3FFF

mem[X,0x0000000080000F60] -> 0x7FBB
mem[X,0x0000000080000F62] -> 0x8DDF
[989] [M]: 0x0000000080000F60 (0x8DDF7FBB) pmhracc.h t6, t5, t4
x31 <- 0x1514E9E0F3DEE8FB

mem[X,0x0000000080000F64] -> 0xB823
mem[X,0x0000000080000F66] -> 0x09F0
[990] [M]: 0x0000000080000F64 (0x09F0B823) sd t6, 0x90(ra)
mem[0x0000000080004298] <- 0x1514E9E0F3DEE8FB

mem[X,0x0000000080000F68] -> 0x0F37
mem[X,0x0000000080000F6A] -> 0xFFC0
[991] [M]: 0x0000000080000F68 (0xFFC00F37) lui t5, -0x400
x30 <- 0xFFFFFFFFFFC00000

mem[X,0x0000000080000F6C] -> 0x0F13
mem[X,0x0000000080000F6E] -> 0xDFFF
[992] [M]: 0x0000000080000F6C (0xDFFF0F13) addi t5, t5, -0x201
x30 <- 0xFFFFFFFFFFBFFDFF

mem[X,0x0000000080000F70] -> 0x1F13
mem[X,0x0000000080000F72] -> 0x00BF
[993] [M]: 0x0000000080000F70 (0x00BF1F13) slli t5, t5, 0xb
x30 <- 0xFFFFFFFDFFEFF800

mem[X,0x0000000080000F74] -> 0x0F13
mem[X,0x0000000080000F76] -> 0x400F
[994] [M]: 0x0000000080000F74 (0x400F0F13) addi t5, t5, 0x400
x30 <- 0xFFFFFFFDFFEFFC00

mem[X,0x0000000080000F78] -> 0x1F13
mem[X,0x0000000080000F7A] -> 0x00BF
[995] [M]: 0x0000000080000F78 (0x00BF1F13) slli t5, t5, 0xb
x30 <- 0xFFFFEFFF7FE00000

mem[X,0x0000000080000F7C] -> 0x0F13
mem[X,0x0000000080000F7E] -> 0x03FF
[996] [M]: 0x0000000080000F7C (0x03FF0F13) addi t5, t5, 0x3f
x30 <- 0xFFFFEFFF7FE0003F

mem[X,0x0000000080000F80] -> 0x1F13
mem[X,0x0000000080000F82] -> 0x00AF
[997] [M]: 0x0000000080000F80 (0x00AF1F13) slli t5, t5, 0xa
x30 <- 0xFFBFFDFF8000FC00

mem[X,0x0000000080000F84] -> 0x0F13
mem[X,0x0000000080000F86] -> 0x3F9F
[998] [M]: 0x0000000080000F84 (0x3F9F0F13) addi t5, t5, 0x3f9
x30 <- 0xFFBFFDFF8000FFF9

mem[X,0x0000000080000F88] -> 0x0EB7
mem[X,0x0000000080000F8A] -> 0xFFFB
[999] [M]: 0x0000000080000F88 (0xFFFB0EB7) lui t4, -0x50
x29 <- 0xFFFFFFFFFFFB0000

clint::tick mtime <- 0x000000000000000A
 clint timer pending at mtime 0x000000000000000A
htif::tick 0x0000000000000000
mem[X,0x0000000080000F8C] -> 0x8E93
mem[X,0x0000000080000F8E] -> 0xFEFE
[1000] [M]: 0x0000000080000F8C (0xFEFE8E93) addi t4, t4, -0x11
x29 <- 0xFFFFFFFFFFFAFFEF

mem[X,0x0000000080000F90] -> 0x9E93
mem[X,0x0000000080000F92] -> 0x00BE
[1001] [M]: 0x0000000080000F90 (0x00BE9E93) slli t4, t4, 0xb
x29 <- 0xFFFFFFFFD7FF7800

mem[X,0x0000000080000F94] -> 0x8E93
mem[X,0x0000000080000F96] -> 0x7FFE
[1002] [M]: 0x0000000080000F94 (0x7FFE8E93) addi t4, t4, 0x7ff
x29 <- 0xFFFFFFFFD7FF7FFF

mem[X,0x0000000080000F98] -> 0x9E93
mem[X,0x0000000080000F9A] -> 0x00BE
[1003] [M]: 0x0000000080000F98 (0x00BE9E93) slli t4, t4, 0xb
x29 <- 0xFFFFFEBFFBFFF800

mem[X,0x0000000080000F9C] -> 0x8E93
mem[X,0x0000000080000F9E] -> 0x5E0E
[1004] [M]: 0x0000000080000F9C (0x5E0E8E93) addi t4, t4, 0x5e0
x29 <- 0xFFFFFEBFFBFFFDE0

mem[X,0x0000000080000FA0] -> 0x9E93
mem[X,0x0000000080000FA2] -> 0x00AE
[1005] [M]: 0x0000000080000FA0 (0x00AE9E93) slli t4, t4, 0xa
x29 <- 0xFFFAFFEFFFF78000

mem[X,0x0000000080000FA4] -> 0x7FBB
mem[X,0x0000000080000FA6] -> 0x8DDF
[1006] [M]: 0x0000000080000FA4 (0x8DDF7FBB) pmhracc.h t6, t5, t4
x31 <- 0x1514E9E0F3E3E8FF

mem[X,0x0000000080000FA8] -> 0xBC23
mem[X,0x0000000080000FAA] -> 0x09F0
[1007] [M]: 0x0000000080000FA8 (0x09F0BC23) sd t6, 0x98(ra)
mem[0x00000000800042A0] <- 0x1514E9E0F3E3E8FF

mem[X,0x0000000080000FAC] -> 0x0F37
mem[X,0x0000000080000FAE] -> 0xFEFF
[1008] [M]: 0x0000000080000FAC (0xFEFF0F37) lui t5, -0x1010
x30 <- 0xFFFFFFFFFEFF0000

mem[X,0x0000000080000FB0] -> 0x0F13
mem[X,0x0000000080000FB2] -> 0x040F
[1009] [M]: 0x0000000080000FB0 (0x040F0F13) addi t5, t5, 0x40
x30 <- 0xFFFFFFFFFEFF0040

mem[X,0x0000000080000FB4] -> 0x1F13
mem[X,0x0000000080000FB6] -> 0x00BF
[1010] [M]: 0x0000000080000FB4 (0x00BF1F13) slli t5, t5, 0xb
x30 <- 0xFFFFFFF7F8020000

mem[X,0x0000000080000FB8] -> 0x0F13
mem[X,0x0000000080000FBA] -> 0x7FFF
[1011] [M]: 0x0000000080000FB8 (0x7FFF0F13) addi t5, t5, 0x7ff
x30 <- 0xFFFFFFF7F80207FF

mem[X,0x0000000080000FBC] -> 0x1F13
mem[X,0x0000000080000FBE] -> 0x00BF
[1012] [M]: 0x0000000080000FBC (0x00BF1F13) slli t5, t5, 0xb
x30 <- 0xFFFFBFC0103FF800

mem[X,0x0000000080000FC0] -> 0x0F13
mem[X,0x0000000080000FC2] -> 0x7FFF
[1013] [M]: 0x0000000080000FC0 (0x7FFF0F13) addi t5, t5, 0x7ff
x30 <- 0xFFFFBFC0103FFFFF

mem[X,0x0000000080000FC4] -> 0x1F13
mem[X,0x0000000080000FC6] -> 0x00AF
[1014] [M]: 0x0000000080000FC4 (0x00AF1F13) slli t5, t5, 0xa
x30 <- 0xFEFF0040FFFFFC00

mem[X,0x0000000080000FC8] -> 0x0F13
mem[X,0x0000000080000FCA] -> 0x3FCF
[1015] [M]: 0x0000000080000FC8 (0x3FCF0F13) addi t5, t5, 0x3fc
x30 <- 0xFEFF0040FFFFFFFC

mem[X,0x0000000080000FCC] -> 0x4EB7
mem[X,0x0000000080000FCE] -> 0xF7FF
[1016] [M]: 0x0000000080000FCC (0xF7FF4EB7) lui t4, -0x800c
x29 <- 0xFFFFFFFFF7FF4000

mem[X,0x0000000080000FD0] -> 0x8E93
mem[X,0x0000000080000FD2] -> 0xFFFE
[1017] [M]: 0x0000000080000FD0 (0xFFFE8E93) addi t4, t4, -0x1
x29 <- 0xFFFFFFFFF7FF3FFF

mem[X,0x0000000080000FD4] -> 0x9E93
mem[X,0x0000000080000FD6] -> 0x00BE
[1018] [M]: 0x0000000080000FD4 (0x00BE9E93) slli t4, t4, 0xb
x29 <- 0xFFFFFFBFF9FFF800

mem[X,0x0000000080000FD8] -> 0x8E93
mem[X,0x0000000080000FDA] -> 0x008E
[1019] [M]: 0x0000000080000FD8 (0x008E8E93) addi t4, t4, 0x8
x29 <- 0xFFFFFFBFF9FFF808

mem[X,0x0000000080000FDC] -> 0x9E93
mem[X,0x0000000080000FDE] -> 0x00BE
[1020] [M]: 0x0000000080000FDC (0x00BE9E93) slli t4, t4, 0xb
x29 <- 0xFFFDFFCFFFC04000

mem[X,0x0000000080000FE0] -> 0x8E93
mem[X,0x0000000080000FE2] -> 0x03FE
[1021] [M]: 0x0000000080000FE0 (0x03FE8E93) addi t4, t4, 0x3f
x29 <- 0xFFFDFFCFFFC0403F

mem[X,0x0000000080000FE4] -> 0x9E93
mem[X,0x0000000080000FE6] -> 0x00AE
[1022] [M]: 0x0000000080000FE4 (0x00AE9E93) slli t4, t4, 0xa
x29 <- 0xF7FF3FFF0100FC00

mem[X,0x0000000080000FE8] -> 0x8E93
mem[X,0x0000000080000FEA] -> 0x3F9E
[1023] [M]: 0x0000000080000FE8 (0x3F9E8E93) addi t4, t4, 0x3f9
x29 <- 0xF7FF3FFF0100FFF9

mem[X,0x0000000080000FEC] -> 0x7FBB
mem[X,0x0000000080000FEE] -> 0x8DDF
[1024] [M]: 0x0000000080000FEC (0x8DDF7FBB) pmhracc.h t6, t5, t4
x31 <- 0x151CE9F0F3E3E8FF

mem[X,0x0000000080000FF0] -> 0xB023
mem[X,0x0000000080000FF2] -> 0x0BF0
[1025] [M]: 0x0000000080000FF0 (0x0BF0B023) sd t6, 0xa0(ra)
mem[0x00000000800042A8] <- 0x151CE9F0F3E3E8FF

mem[X,0x0000000080000FF4] -> 0x0F37
mem[X,0x0000000080000FF6] -> 0xF800
[1026] [M]: 0x0000000080000FF4 (0xF8000F37) lui t5, -0x8000
x30 <- 0xFFFFFFFFF8000000

mem[X,0x0000000080000FF8] -> 0x0F13
mem[X,0x0000000080000FFA] -> 0xFDFF
[1027] [M]: 0x0000000080000FF8 (0xFDFF0F13) addi t5, t5, -0x21
x30 <- 0xFFFFFFFFF7FFFFDF

mem[X,0x0000000080000FFC] -> 0x1F13
mem[X,0x0000000080000FFE] -> 0x00BF
[1028] [M]: 0x0000000080000FFC (0x00BF1F13) slli t5, t5, 0xb
x30 <- 0xFFFFFFBFFFFEF800

mem[X,0x0000000080001000] -> 0x0F13
mem[X,0x0000000080001002] -> 0x000F
[1029] [M]: 0x0000000080001000 (0x000F0F13) addi t5, t5, 0x0
x30 <- 0xFFFFFFBFFFFEF800

mem[X,0x0000000080001004] -> 0x1F13
mem[X,0x0000000080001006] -> 0x00BF
[1030] [M]: 0x0000000080001004 (0x00BF1F13) slli t5, t5, 0xb
x30 <- 0xFFFDFFFFF7C00000

mem[X,0x0000000080001008] -> 0x0F13
mem[X,0x000000008000100A] -> 0x000F
[1031] [M]: 0x0000000080001008 (0x000F0F13) addi t5, t5, 0x0
x30 <- 0xFFFDFFFFF7C00000

mem[X,0x000000008000100C] -> 0x1F13
mem[X,0x000000008000100E] -> 0x00AF
[1032] [M]: 0x000000008000100C (0x00AF1F13) slli t5, t5, 0xa
x30 <- 0xF7FFFFDF00000000

mem[X,0x0000000080001010] -> 0x0F13
mem[X,0x0000000080001012] -> 0x009F
[1033] [M]: 0x0000000080001010 (0x009F0F13) addi t5, t5, 0x9
x30 <- 0xF7FFFFDF00000009

mem[X,0x0000000080001014] -> 0x0EB7
mem[X,0x0000000080001016] -> 0xFFEF
[1034] [M]: 0x0000000080001014 (0xFFEF0EB7) lui t4, -0x110
x29 <- 0xFFFFFFFFFFEF0000

mem[X,0x0000000080001018] -> 0x8E93
mem[X,0x000000008000101A] -> 0x040E
[1035] [M]: 0x0000000080001018 (0x040E8E93) addi t4, t4, 0x40
x29 <- 0xFFFFFFFFFFEF0040

mem[X,0x000000008000101C] -> 0x9E93
mem[X,0x000000008000101E] -> 0x00BE
[1036] [M]: 0x000000008000101C (0x00BE9E93) slli t4, t4, 0xb
x29 <- 0xFFFFFFFF78020000

mem[X,0x0000000080001020] -> 0x8E93
mem[X,0x0000000080001022] -> 0x000E
[1037] [M]: 0x0000000080001020 (0x000E8E93) addi t4, t4, 0x0
x29 <- 0xFFFFFFFF78020000

mem[X,0x0000000080001024] -> 0x9E93
mem[X,0x0000000080001026] -> 0x00BE
[1038] [M]: 0x0000000080001024 (0x00BE9E93) slli t4, t4, 0xb
x29 <- 0xFFFFFBC010000000

mem[X,0x0000000080001028] -> 0x8E93
mem[X,0x000000008000102A] -> 0x15FE
[1039] [M]: 0x0000000080001028 (0x15FE8E93) addi t4, t4, 0x15f
x29 <- 0xFFFFFBC01000015F

mem[X,0x000000008000102C] -> 0x9E93
mem[X,0x000000008000102E] -> 0x00AE
[1040] [M]: 0x000000008000102C (0x00AE9E93) slli t4, t4, 0xa
x29 <- 0xFFEF004000057C00

mem[X,0x0000000080001030] -> 0x8E93
mem[X,0x0000000080001032] -> 0x3FFE
[1041] [M]: 0x0000000080001030 (0x3FFE8E93) addi t4, t4, 0x3ff
x29 <- 0xFFEF004000057FFF

mem[X,0x0000000080001034] -> 0x7FBB
mem[X,0x0000000080001036] -> 0x8DDF
[1042] [M]: 0x0000000080001034 (0x8DDF7FBB) pmhracc.h t6, t5, t4
x31 <- 0x151DE9F0F3E3E903

mem[X,0x0000000080001038] -> 0xB423
mem[X,0x000000008000103A] -> 0x0BF0
[1043] [M]: 0x0000000080001038 (0x0BF0B423) sd t6, 0xa8(ra)
mem[0x00000000800042B0] <- 0x151DE9F0F3E3E903

mem[X,0x000000008000103C] -> 0x0F37
mem[X,0x000000008000103E] -> 0x5556
[1044] [M]: 0x000000008000103C (0x55560F37) lui t5, 0x55560
x30 <- 0x0000000055560000

mem[X,0x0000000080001040] -> 0x0F13
mem[X,0x0000000080001042] -> 0xDFFF
[1045] [M]: 0x0000000080001040 (0xDFFF0F13) addi t5, t5, -0x201
x30 <- 0x000000005555FDFF

mem[X,0x0000000080001044] -> 0x1F13
mem[X,0x0000000080001046] -> 0x00BF
[1046] [M]: 0x0000000080001044 (0x00BF1F13) slli t5, t5, 0xb
x30 <- 0x000002AAAFEFF800

mem[X,0x0000000080001048] -> 0x0F13
mem[X,0x000000008000104A] -> 0x000F
[1047] [M]: 0x0000000080001048 (0x000F0F13) addi t5, t5, 0x0
x30 <- 0x000002AAAFEFF800

mem[X,0x000000008000104C] -> 0x1F13
mem[X,0x000000008000104E] -> 0x00BF
[1048] [M]: 0x000000008000104C (0x00BF1F13) slli t5, t5, 0xb
x30 <- 0x0015557F7FC00000

mem[X,0x0000000080001050] -> 0x0F13
mem[X,0x0000000080001052] -> 0x080F
[1049] [M]: 0x0000000080001050 (0x080F0F13) addi t5, t5, 0x80
x30 <- 0x0015557F7FC00080

mem[X,0x0000000080001054] -> 0x1F13
mem[X,0x0000000080001056] -> 0x00AF
[1050] [M]: 0x0000000080001054 (0x00AF1F13) slli t5, t5, 0xa
x30 <- 0x5555FDFF00020000

mem[X,0x0000000080001058] -> 0x0F13
mem[X,0x000000008000105A] -> 0x008F
[1051] [M]: 0x0000000080001058 (0x008F0F13) addi t5, t5, 0x8
x30 <- 0x5555FDFF00020008

mem[X,0x000000008000105C] -> 0x0EB7
mem[X,0x000000008000105E] -> 0xDFFF
[1052] [M]: 0x000000008000105C (0xDFFF0EB7) lui t4, -0x20010
x29 <- 0xFFFFFFFFDFFF0000

mem[X,0x0000000080001060] -> 0x8E93
mem[X,0x0000000080001062] -> 0x005E
[1053] [M]: 0x0000000080001060 (0x005E8E93) addi t4, t4, 0x5
x29 <- 0xFFFFFFFFDFFF0005

mem[X,0x0000000080001064] -> 0x9E93
mem[X,0x0000000080001066] -> 0x00BE
[1054] [M]: 0x0000000080001064 (0x00BE9E93) slli t4, t4, 0xb
x29 <- 0xFFFFFEFFF8002800

mem[X,0x0000000080001068] -> 0x8E93
mem[X,0x000000008000106A] -> 0x7FFE
[1055] [M]: 0x0000000080001068 (0x7FFE8E93) addi t4, t4, 0x7ff
x29 <- 0xFFFFFEFFF8002FFF

mem[X,0x000000008000106C] -> 0x9E93
mem[X,0x000000008000106E] -> 0x00BE
[1056] [M]: 0x000000008000106C (0x00BE9E93) slli t4, t4, 0xb
x29 <- 0xFFF7FFC0017FF800

mem[X,0x0000000080001070] -> 0x8E93
mem[X,0x0000000080001072] -> 0x7FFE
[1057] [M]: 0x0000000080001070 (0x7FFE8E93) addi t4, t4, 0x7ff
x29 <- 0xFFF7FFC0017FFFFF

mem[X,0x0000000080001074] -> 0x9E93
mem[X,0x0000000080001076] -> 0x00AE
[1058] [M]: 0x0000000080001074 (0x00AE9E93) slli t4, t4, 0xa
x29 <- 0xDFFF0005FFFFFC00

mem[X,0x0000000080001078] -> 0x8E93
mem[X,0x000000008000107A] -> 0x3FBE
[1059] [M]: 0x0000000080001078 (0x3FBE8E93) addi t4, t4, 0x3fb
x29 <- 0xDFFF0005FFFFFFFB

mem[X,0x000000008000107C] -> 0x7FBB
mem[X,0x000000008000107E] -> 0x8DDF
[1060] [M]: 0x000000008000107C (0x8DDF7FBB) pmhracc.h t6, t5, t4
x31 <- 0x0A72E9F0F3E3E903

mem[X,0x0000000080001080] -> 0xB823
mem[X,0x0000000080001082] -> 0x0BF0
[1061] [M]: 0x0000000080001080 (0x0BF0B823) sd t6, 0xb0(ra)
mem[0x00000000800042B8] <- 0x0A72E9F0F3E3E903

mem[X,0x0000000080001084] -> 0x0F37
mem[X,0x0000000080001086] -> 0xFFFE
[1062] [M]: 0x0000000080001084 (0xFFFE0F37) lui t5, -0x20
x30 <- 0xFFFFFFFFFFFE0000

mem[X,0x0000000080001088] -> 0x0F13
mem[X,0x000000008000108A] -> 0x010F
[1063] [M]: 0x0000000080001088 (0x010F0F13) addi t5, t5, 0x10
x30 <- 0xFFFFFFFFFFFE0010

mem[X,0x000000008000108C] -> 0x1F13
mem[X,0x000000008000108E] -> 0x00BF
[1064] [M]: 0x000000008000108C (0x00BF1F13) slli t5, t5, 0xb
x30 <- 0xFFFFFFFFF0008000

mem[X,0x0000000080001090] -> 0x0F13
mem[X,0x0000000080001092] -> 0x000F
[1065] [M]: 0x0000000080001090 (0x000F0F13) addi t5, t5, 0x0
x30 <- 0xFFFFFFFFF0008000

mem[X,0x0000000080001094] -> 0x1F13
mem[X,0x0000000080001096] -> 0x00BF
[1066] [M]: 0x0000000080001094 (0x00BF1F13) slli t5, t5, 0xb
x30 <- 0xFFFFFF8004000000

mem[X,0x0000000080001098] -> 0x0F13
mem[X,0x000000008000109A] -> 0x41FF
[1067] [M]: 0x0000000080001098 (0x41FF0F13) addi t5, t5, 0x41f
x30 <- 0xFFFFFF800400041F

mem[X,0x000000008000109C] -> 0x1F13
mem[X,0x000000008000109E] -> 0x00AF
[1068] [M]: 0x000000008000109C (0x00AF1F13) slli t5, t5, 0xa
x30 <- 0xFFFE001000107C00

mem[X,0x00000000800010A0] -> 0x0F13
mem[X,0x00000000800010A2] -> 0x3FFF
[1069] [M]: 0x00000000800010A0 (0x3FFF0F13) addi t5, t5, 0x3ff
x30 <- 0xFFFE001000107FFF

mem[X,0x00000000800010A4] -> 0x0EB7
mem[X,0x00000000800010A6] -> 0xF800
[1070] [M]: 0x00000000800010A4 (0xF8000EB7) lui t4, -0x8000
x29 <- 0xFFFFFFFFF8000000

mem[X,0x00000000800010A8] -> 0x8E93
mem[X,0x00000000800010AA] -> 0xFEFE
[1071] [M]: 0x00000000800010A8 (0xFEFE8E93) addi t4, t4, -0x11
x29 <- 0xFFFFFFFFF7FFFFEF

mem[X,0x00000000800010AC] -> 0x9E93
mem[X,0x00000000800010AE] -> 0x00BE
[1072] [M]: 0x00000000800010AC (0x00BE9E93) slli t4, t4, 0xb
x29 <- 0xFFFFFFBFFFFF7800

mem[X,0x00000000800010B0] -> 0x8E93
mem[X,0x00000000800010B2] -> 0x000E
[1073] [M]: 0x00000000800010B0 (0x000E8E93) addi t4, t4, 0x0
x29 <- 0xFFFFFFBFFFFF7800

mem[X,0x00000000800010B4] -> 0x9E93
mem[X,0x00000000800010B6] -> 0x00BE
[1074] [M]: 0x00000000800010B4 (0x00BE9E93) slli t4, t4, 0xb
x29 <- 0xFFFDFFFFFBC00000

mem[X,0x00000000800010B8] -> 0x8E93
mem[X,0x00000000800010BA] -> 0x43FE
[1075] [M]: 0x00000000800010B8 (0x43FE8E93) addi t4, t4, 0x43f
x29 <- 0xFFFDFFFFFBC0043F

mem[X,0x00000000800010BC] -> 0x9E93
mem[X,0x00000000800010BE] -> 0x00AE
[1076] [M]: 0x00000000800010BC (0x00AE9E93) slli t4, t4, 0xa
x29 <- 0xF7FFFFEF0010FC00

mem[X,0x00000000800010C0] -> 0x8E93
mem[X,0x00000000800010C2] -> 0x3F6E
[1077] [M]: 0x00000000800010C0 (0x3F6E8E93) addi t4, t4, 0x3f6
x29 <- 0xF7FFFFEF0010FFF6

mem[X,0x00000000800010C4] -> 0x7FBB
mem[X,0x00000000800010C6] -> 0x8DDF
[1078] [M]: 0x00000000800010C4 (0x8DDF7FBB) pmhracc.h t6, t5, t4
x31 <- 0x0A72E9F0F3E3E8FE

mem[X,0x00000000800010C8] -> 0xBC23
mem[X,0x00000000800010CA] -> 0x0BF0
[1079] [M]: 0x00000000800010C8 (0x0BF0BC23) sd t6, 0xb8(ra)
mem[0x00000000800042C0] <- 0x0A72E9F0F3E3E8FE

mem[X,0x00000000800010CC] -> 0xCF37
mem[X,0x00000000800010CE] -> 0xFFDF
[1080] [M]: 0x00000000800010CC (0xFFDFCF37) lui t5, -0x204
x30 <- 0xFFFFFFFFFFDFC000

mem[X,0x00000000800010D0] -> 0x0F13
mem[X,0x00000000800010D2] -> 0x000F
[1081] [M]: 0x00000000800010D0 (0x000F0F13) addi t5, t5, 0x0
x30 <- 0xFFFFFFFFFFDFC000

mem[X,0x00000000800010D4] -> 0x1F13
mem[X,0x00000000800010D6] -> 0x00BF
[1082] [M]: 0x00000000800010D4 (0x00BF1F13) slli t5, t5, 0xb
x30 <- 0xFFFFFFFEFE000000

mem[X,0x00000000800010D8] -> 0x0F13
mem[X,0x00000000800010DA] -> 0x000F
[1083] [M]: 0x00000000800010D8 (0x000F0F13) addi t5, t5, 0x0
x30 <- 0xFFFFFFFEFE000000

mem[X,0x00000000800010DC] -> 0x1F13
mem[X,0x00000000800010DE] -> 0x00BF
[1084] [M]: 0x00000000800010DC (0x00BF1F13) slli t5, t5, 0xb
x30 <- 0xFFFFF7F000000000

mem[X,0x00000000800010E0] -> 0x0F13
mem[X,0x00000000800010E2] -> 0x22FF
[1085] [M]: 0x00000000800010E0 (0x22FF0F13) addi t5, t5, 0x22f
x30 <- 0xFFFFF7F00000022F

mem[X,0x00000000800010E4] -> 0x1F13
mem[X,0x00000000800010E6] -> 0x00AF
[1086] [M]: 0x00000000800010E4 (0x00AF1F13) slli t5, t5, 0xa
x30 <- 0xFFDFC0000008BC00

mem[X,0x00000000800010E8] -> 0x0F13
mem[X,0x00000000800010EA] -> 0x3FFF
[1087] [M]: 0x00000000800010E8 (0x3FFF0F13) addi t5, t5, 0x3ff
x30 <- 0xFFDFC0000008BFFF

mem[X,0x00000000800010EC] -> 0x0EB7
mem[X,0x00000000800010EE] -> 0xFFFB
[1088] [M]: 0x00000000800010EC (0xFFFB0EB7) lui t4, -0x50
x29 <- 0xFFFFFFFFFFFB0000

mem[X,0x00000000800010F0] -> 0x8E93
mem[X,0x00000000800010F2] -> 0xFFEE
[1089] [M]: 0x00000000800010F0 (0xFFEE8E93) addi t4, t4, -0x2
x29 <- 0xFFFFFFFFFFFAFFFE

mem[X,0x00000000800010F4] -> 0x9E93
mem[X,0x00000000800010F6] -> 0x00BE
[1090] [M]: 0x00000000800010F4 (0x00BE9E93) slli t4, t4, 0xb
x29 <- 0xFFFFFFFFD7FFF000

mem[X,0x00000000800010F8] -> 0x8E93
mem[X,0x00000000800010FA] -> 0x7FFE
[1091] [M]: 0x00000000800010F8 (0x7FFE8E93) addi t4, t4, 0x7ff
x29 <- 0xFFFFFFFFD7FFF7FF

mem[X,0x00000000800010FC] -> 0x9E93
mem[X,0x00000000800010FE] -> 0x00BE
[1092] [M]: 0x00000000800010FC (0x00BE9E93) slli t4, t4, 0xb
x29 <- 0xFFFFFEBFFFBFF800

mem[X,0x0000000080001100] -> 0x8E93
mem[X,0x0000000080001102] -> 0x73FE
[1093] [M]: 0x0000000080001100 (0x73FE8E93) addi t4, t4, 0x73f
x29 <- 0xFFFFFEBFFFBFFF3F

mem[X,0x0000000080001104] -> 0x9E93
mem[X,0x0000000080001106] -> 0x00AE
[1094] [M]: 0x0000000080001104 (0x00AE9E93) slli t4, t4, 0xa
x29 <- 0xFFFAFFFEFFFCFC00

mem[X,0x0000000080001108] -> 0x8E93
mem[X,0x000000008000110A] -> 0x3FBE
[1095] [M]: 0x0000000080001108 (0x3FBE8E93) addi t4, t4, 0x3fb
x29 <- 0xFFFAFFFEFFFCFFFB

mem[X,0x000000008000110C] -> 0x7FBB
mem[X,0x000000008000110E] -> 0x8DDF
[1096] [M]: 0x000000008000110C (0x8DDF7FBB) pmhracc.h t6, t5, t4
x31 <- 0x0A72E9F1F3E3E8FF

mem[X,0x0000000080001110] -> 0xB023
mem[X,0x0000000080001112] -> 0x0DF0
[1097] [M]: 0x0000000080001110 (0x0DF0B023) sd t6, 0xc0(ra)
mem[0x00000000800042C8] <- 0x0A72E9F1F3E3E8FF

mem[X,0x0000000080001114] -> 0x0F37
mem[X,0x0000000080001116] -> 0x1000
[1098] [M]: 0x0000000080001114 (0x10000F37) lui t5, 0x10000
x30 <- 0x0000000010000000

mem[X,0x0000000080001118] -> 0x0F13
mem[X,0x000000008000111A] -> 0x008F
[1099] [M]: 0x0000000080001118 (0x008F0F13) addi t5, t5, 0x8
x30 <- 0x0000000010000008

clint::tick mtime <- 0x000000000000000B
 clint timer pending at mtime 0x000000000000000B
htif::tick 0x0000000000000000
mem[X,0x000000008000111C] -> 0x1F13
mem[X,0x000000008000111E] -> 0x00BF
[1100] [M]: 0x000000008000111C (0x00BF1F13) slli t5, t5, 0xb
x30 <- 0x0000008000004000

mem[X,0x0000000080001120] -> 0x0F13
mem[X,0x0000000080001122] -> 0x008F
[1101] [M]: 0x0000000080001120 (0x008F0F13) addi t5, t5, 0x8
x30 <- 0x0000008000004008

mem[X,0x0000000080001124] -> 0x1F13
mem[X,0x0000000080001126] -> 0x00BF
[1102] [M]: 0x0000000080001124 (0x00BF1F13) slli t5, t5, 0xb
x30 <- 0x0004000002004000

mem[X,0x0000000080001128] -> 0x0F13
mem[X,0x000000008000112A] -> 0x000F
[1103] [M]: 0x0000000080001128 (0x000F0F13) addi t5, t5, 0x0
x30 <- 0x0004000002004000

mem[X,0x000000008000112C] -> 0x1F13
mem[X,0x000000008000112E] -> 0x00AF
[1104] [M]: 0x000000008000112C (0x00AF1F13) slli t5, t5, 0xa
x30 <- 0x1000000801000000

mem[X,0x0000000080001130] -> 0x0F13
mem[X,0x0000000080001132] -> 0x010F
[1105] [M]: 0x0000000080001130 (0x010F0F13) addi t5, t5, 0x10
x30 <- 0x1000000801000010

mem[X,0x0000000080001134] -> 0x0EB7
mem[X,0x0000000080001136] -> 0x0001
[1106] [M]: 0x0000000080001134 (0x00010EB7) lui t4, 0x10
x29 <- 0x0000000000010000

mem[X,0x0000000080001138] -> 0x8E93
mem[X,0x000000008000113A] -> 0x004E
[1107] [M]: 0x0000000080001138 (0x004E8E93) addi t4, t4, 0x4
x29 <- 0x0000000000010004

mem[X,0x000000008000113C] -> 0x9E93
mem[X,0x000000008000113E] -> 0x00BE
[1108] [M]: 0x000000008000113C (0x00BE9E93) slli t4, t4, 0xb
x29 <- 0x0000000008002000

mem[X,0x0000000080001140] -> 0x8E93
mem[X,0x0000000080001142] -> 0x200E
[1109] [M]: 0x0000000080001140 (0x200E8E93) addi t4, t4, 0x200
x29 <- 0x0000000008002200

mem[X,0x0000000080001144] -> 0x9E93
mem[X,0x0000000080001146] -> 0x00BE
[1110] [M]: 0x0000000080001144 (0x00BE9E93) slli t4, t4, 0xb
x29 <- 0x0000004001100000

mem[X,0x0000000080001148] -> 0x8E93
mem[X,0x000000008000114A] -> 0x03FE
[1111] [M]: 0x0000000080001148 (0x03FE8E93) addi t4, t4, 0x3f
x29 <- 0x000000400110003F

mem[X,0x000000008000114C] -> 0x9E93
mem[X,0x000000008000114E] -> 0x00AE
[1112] [M]: 0x000000008000114C (0x00AE9E93) slli t4, t4, 0xa
x29 <- 0x000100044000FC00

mem[X,0x0000000080001150] -> 0x8E93
mem[X,0x0000000080001152] -> 0x3F6E
[1113] [M]: 0x0000000080001150 (0x3F6E8E93) addi t4, t4, 0x3f6
x29 <- 0x000100044000FFF6

mem[X,0x0000000080001154] -> 0x7FBB
mem[X,0x0000000080001156] -> 0x8DDF
[1114] [M]: 0x0000000080001154 (0x8DDF7FBB) pmhracc.h t6, t5, t4
x31 <- 0x0A72E9F1F423E8FF

mem[X,0x0000000080001158] -> 0xB423
mem[X,0x000000008000115A] -> 0x0DF0
[1115] [M]: 0x0000000080001158 (0x0DF0B423) sd t6, 0xc8(ra)
mem[0x00000000800042D0] <- 0x0A72E9F1F423E8FF

mem[X,0x000000008000115C] -> 0x0F37
mem[X,0x000000008000115E] -> 0xEFFF
[1116] [M]: 0x000000008000115C (0xEFFF0F37) lui t5, -0x10010
x30 <- 0xFFFFFFFFEFFF0000

mem[X,0x0000000080001160] -> 0x0F13
mem[X,0x0000000080001162] -> 0x008F
[1117] [M]: 0x0000000080001160 (0x008F0F13) addi t5, t5, 0x8
x30 <- 0xFFFFFFFFEFFF0008

mem[X,0x0000000080001164] -> 0x1F13
mem[X,0x0000000080001166] -> 0x00BF
[1118] [M]: 0x0000000080001164 (0x00BF1F13) slli t5, t5, 0xb
x30 <- 0xFFFFFF7FF8004000

mem[X,0x0000000080001168] -> 0x0F13
mem[X,0x000000008000116A] -> 0x7FFF
[1119] [M]: 0x0000000080001168 (0x7FFF0F13) addi t5, t5, 0x7ff
x30 <- 0xFFFFFF7FF80047FF

mem[X,0x000000008000116C] -> 0x1F13
mem[X,0x000000008000116E] -> 0x00BF
[1120] [M]: 0x000000008000116C (0x00BF1F13) slli t5, t5, 0xb
x30 <- 0xFFFBFFC0023FF800

mem[X,0x0000000080001170] -> 0x0F13
mem[X,0x0000000080001172] -> 0x740F
[1121] [M]: 0x0000000080001170 (0x740F0F13) addi t5, t5, 0x740
x30 <- 0xFFFBFFC0023FFF40

mem[X,0x0000000080001174] -> 0x1F13
mem[X,0x0000000080001176] -> 0x00AF
[1122] [M]: 0x0000000080001174 (0x00AF1F13) slli t5, t5, 0xa
x30 <- 0xEFFF0008FFFD0000

mem[X,0x0000000080001178] -> 0x0F13
mem[X,0x000000008000117A] -> 0x080F
[1123] [M]: 0x0000000080001178 (0x080F0F13) addi t5, t5, 0x80
x30 <- 0xEFFF0008FFFD0080

mem[X,0x000000008000117C] -> 0x0EB7
mem[X,0x000000008000117E] -> 0x1001
[1124] [M]: 0x000000008000117C (0x10010EB7) lui t4, 0x10010
x29 <- 0x0000000010010000

mem[X,0x0000000080001180] -> 0x8E93
mem[X,0x0000000080001182] -> 0xEFFE
[1125] [M]: 0x0000000080001180 (0xEFFE8E93) addi t4, t4, -0x101
x29 <- 0x000000001000FEFF

mem[X,0x0000000080001184] -> 0x9E93
mem[X,0x0000000080001186] -> 0x00BE
[1126] [M]: 0x0000000080001184 (0x00BE9E93) slli t4, t4, 0xb
x29 <- 0x0000008007F7F800

mem[X,0x0000000080001188] -> 0x8E93
mem[X,0x000000008000118A] -> 0x002E
[1127] [M]: 0x0000000080001188 (0x002E8E93) addi t4, t4, 0x2
x29 <- 0x0000008007F7F802

mem[X,0x000000008000118C] -> 0x9E93
mem[X,0x000000008000118E] -> 0x00BE
[1128] [M]: 0x000000008000118C (0x00BE9E93) slli t4, t4, 0xb
x29 <- 0x0004003FBFC01000

mem[X,0x0000000080001190] -> 0x8E93
mem[X,0x0000000080001192] -> 0x000E
[1129] [M]: 0x0000000080001190 (0x000E8E93) addi t4, t4, 0x0
x29 <- 0x0004003FBFC01000

mem[X,0x0000000080001194] -> 0x9E93
mem[X,0x0000000080001196] -> 0x00AE
[1130] [M]: 0x0000000080001194 (0x00AE9E93) slli t4, t4, 0xa
x29 <- 0x1000FEFF00400000

mem[X,0x0000000080001198] -> 0x8E93
mem[X,0x000000008000119A] -> 0x080E
[1131] [M]: 0x0000000080001198 (0x080E8E93) addi t4, t4, 0x80
x29 <- 0x1000FEFF00400080

mem[X,0x000000008000119C] -> 0x7FBB
mem[X,0x000000008000119E] -> 0x8DDF
[1132] [M]: 0x000000008000119C (0x8DDF7FBB) pmhracc.h t6, t5, t4
x31 <- 0x0972E9F1F423E8FF

mem[X,0x00000000800011A0] -> 0xB823
mem[X,0x00000000800011A2] -> 0x0DF0
[1133] [M]: 0x00000000800011A0 (0x0DF0B823) sd t6, 0xd0(ra)
mem[0x00000000800042D8] <- 0x0972E9F1F423E8FF

mem[X,0x00000000800011A4] -> 0x0F37
mem[X,0x00000000800011A6] -> 0xBFFF
[1134] [M]: 0x00000000800011A4 (0xBFFF0F37) lui t5, -0x40010
x30 <- 0xFFFFFFFFBFFF0000

mem[X,0x00000000800011A8] -> 0x0F13
mem[X,0x00000000800011AA] -> 0x080F
[1135] [M]: 0x00000000800011A8 (0x080F0F13) addi t5, t5, 0x80
x30 <- 0xFFFFFFFFBFFF0080

mem[X,0x00000000800011AC] -> 0x1F13
mem[X,0x00000000800011AE] -> 0x00BF
[1136] [M]: 0x00000000800011AC (0x00BF1F13) slli t5, t5, 0xb
x30 <- 0xFFFFFDFFF8040000

mem[X,0x00000000800011B0] -> 0x0F13
mem[X,0x00000000800011B2] -> 0x002F
[1137] [M]: 0x00000000800011B0 (0x002F0F13) addi t5, t5, 0x2
x30 <- 0xFFFFFDFFF8040002

mem[X,0x00000000800011B4] -> 0x1F13
mem[X,0x00000000800011B6] -> 0x00BF
[1138] [M]: 0x00000000800011B4 (0x00BF1F13) slli t5, t5, 0xb
x30 <- 0xFFEFFFC020001000

mem[X,0x00000000800011B8] -> 0x0F13
mem[X,0x00000000800011BA] -> 0x000F
[1139] [M]: 0x00000000800011B8 (0x000F0F13) addi t5, t5, 0x0
x30 <- 0xFFEFFFC020001000

mem[X,0x00000000800011BC] -> 0x1F13
mem[X,0x00000000800011BE] -> 0x00AF
[1140] [M]: 0x00000000800011BC (0x00AF1F13) slli t5, t5, 0xa
x30 <- 0xBFFF008000400000

mem[X,0x00000000800011C0] -> 0x0F13
mem[X,0x00000000800011C2] -> 0x100F
[1141] [M]: 0x00000000800011C0 (0x100F0F13) addi t5, t5, 0x100
x30 <- 0xBFFF008000400100

mem[X,0x00000000800011C4] -> 0xFEB7
mem[X,0x00000000800011C6] -> 0x2000
[1142] [M]: 0x00000000800011C4 (0x2000FEB7) lui t4, 0x2000f
x29 <- 0x000000002000F000

mem[X,0x00000000800011C8] -> 0x8E93
mem[X,0x00000000800011CA] -> 0x7FFE
[1143] [M]: 0x00000000800011C8 (0x7FFE8E93) addi t4, t4, 0x7ff
x29 <- 0x000000002000F7FF

mem[X,0x00000000800011CC] -> 0x9E93
mem[X,0x00000000800011CE] -> 0x00BE
[1144] [M]: 0x00000000800011CC (0x00BE9E93) slli t4, t4, 0xb
x29 <- 0x0000010007BFF800

mem[X,0x00000000800011D0] -> 0x8E93
mem[X,0x00000000800011D2] -> 0x2AAE
[1145] [M]: 0x00000000800011D0 (0x2AAE8E93) addi t4, t4, 0x2aa
x29 <- 0x0000010007BFFAAA

mem[X,0x00000000800011D4] -> 0x9E93
mem[X,0x00000000800011D6] -> 0x00BE
[1146] [M]: 0x00000000800011D4 (0x00BE9E93) slli t4, t4, 0xb
x29 <- 0x0008003DFFD55000

mem[X,0x00000000800011D8] -> 0x8E93
mem[X,0x00000000800011DA] -> 0x57FE
[1147] [M]: 0x00000000800011D8 (0x57FE8E93) addi t4, t4, 0x57f
x29 <- 0x0008003DFFD5557F

mem[X,0x00000000800011DC] -> 0x9E93
mem[X,0x00000000800011DE] -> 0x00AE
[1148] [M]: 0x00000000800011DC (0x00AE9E93) slli t4, t4, 0xa
x29 <- 0x2000F7FF5555FC00

mem[X,0x00000000800011E0] -> 0x8E93
mem[X,0x00000000800011E2] -> 0x3FBE
[1149] [M]: 0x00000000800011E0 (0x3FBE8E93) addi t4, t4, 0x3fb
x29 <- 0x2000F7FF5555FFFB

mem[X,0x00000000800011E4] -> 0x7FBB
mem[X,0x00000000800011E6] -> 0x8DDF
[1150] [M]: 0x00000000800011E4 (0x8DDF7FBB) pmhracc.h t6, t5, t4
x31 <- 0x0172E9EDF438E8FF

mem[X,0x00000000800011E8] -> 0xBC23
mem[X,0x00000000800011EA] -> 0x0DF0
[1151] [M]: 0x00000000800011E8 (0x0DF0BC23) sd t6, 0xd8(ra)
mem[0x00000000800042E0] <- 0x0172E9EDF438E8FF

mem[X,0x00000000800011EC] -> 0x0F37
mem[X,0x00000000800011EE] -> 0xAAAB
[1152] [M]: 0x00000000800011EC (0xAAAB0F37) lui t5, -0x55550
x30 <- 0xFFFFFFFFAAAB0000

mem[X,0x00000000800011F0] -> 0x0F13
mem[X,0x00000000800011F2] -> 0xFFFF
[1153] [M]: 0x00000000800011F0 (0xFFFF0F13) addi t5, t5, -0x1
x30 <- 0xFFFFFFFFAAAAFFFF

mem[X,0x00000000800011F4] -> 0x1F13
mem[X,0x00000000800011F6] -> 0x00BF
[1154] [M]: 0x00000000800011F4 (0x00BF1F13) slli t5, t5, 0xb
x30 <- 0xFFFFFD5557FFF800

mem[X,0x00000000800011F8] -> 0x0F13
mem[X,0x00000000800011FA] -> 0x080F
[1155] [M]: 0x00000000800011F8 (0x080F0F13) addi t5, t5, 0x80
x30 <- 0xFFFFFD5557FFF880

mem[X,0x00000000800011FC] -> 0x1F13
mem[X,0x00000000800011FE] -> 0x00BF
[1156] [M]: 0x00000000800011FC (0x00BF1F13) slli t5, t5, 0xb
x30 <- 0xFFEAAABFFFC40000

mem[X,0x0000000080001200] -> 0x0F13
mem[X,0x0000000080001202] -> 0x000F
[1157] [M]: 0x0000000080001200 (0x000F0F13) addi t5, t5, 0x0
x30 <- 0xFFEAAABFFFC40000

mem[X,0x0000000080001204] -> 0x1F13
mem[X,0x0000000080001206] -> 0x00AF
[1158] [M]: 0x0000000080001204 (0x00AF1F13) slli t5, t5, 0xa
x30 <- 0xAAAAFFFF10000000

mem[X,0x0000000080001208] -> 0x0F13
mem[X,0x000000008000120A] -> 0x200F
[1159] [M]: 0x0000000080001208 (0x200F0F13) addi t5, t5, 0x200
x30 <- 0xAAAAFFFF10000200

mem[X,0x000000008000120C] -> 0x0EB7
mem[X,0x000000008000120E] -> 0xE000
[1160] [M]: 0x000000008000120C (0xE0000EB7) lui t4, -0x20000
x29 <- 0xFFFFFFFFE0000000

mem[X,0x0000000080001210] -> 0x8E93
mem[X,0x0000000080001212] -> 0xFFAE
[1161] [M]: 0x0000000080001210 (0xFFAE8E93) addi t4, t4, -0x6
x29 <- 0xFFFFFFFFDFFFFFFA

mem[X,0x0000000080001214] -> 0x9E93
mem[X,0x0000000080001216] -> 0x00BE
[1162] [M]: 0x0000000080001214 (0x00BE9E93) slli t4, t4, 0xb
x29 <- 0xFFFFFEFFFFFFD000

mem[X,0x0000000080001218] -> 0x8E93
mem[X,0x000000008000121A] -> 0x5FFE
[1163] [M]: 0x0000000080001218 (0x5FFE8E93) addi t4, t4, 0x5ff
x29 <- 0xFFFFFEFFFFFFD5FF

mem[X,0x000000008000121C] -> 0x9E93
mem[X,0x000000008000121E] -> 0x00BE
[1164] [M]: 0x000000008000121C (0x00BE9E93) slli t4, t4, 0xb
x29 <- 0xFFF7FFFFFEAFF800

mem[X,0x0000000080001220] -> 0x8E93
mem[X,0x0000000080001222] -> 0x7C0E
[1165] [M]: 0x0000000080001220 (0x7C0E8E93) addi t4, t4, 0x7c0
x29 <- 0xFFF7FFFFFEAFFFC0

mem[X,0x0000000080001224] -> 0x9E93
mem[X,0x0000000080001226] -> 0x00AE
[1166] [M]: 0x0000000080001224 (0x00AE9E93) slli t4, t4, 0xa
x29 <- 0xDFFFFFFABFFF0000

mem[X,0x0000000080001228] -> 0x7FBB
mem[X,0x000000008000122A] -> 0x8DDF
[1167] [M]: 0x0000000080001228 (0x8DDF7FBB) pmhracc.h t6, t5, t4
x31 <- 0x0C1DE9EDF038E8FF

mem[X,0x000000008000122C] -> 0xB023
mem[X,0x000000008000122E] -> 0x0FF0
[1168] [M]: 0x000000008000122C (0x0FF0B023) sd t6, 0xe0(ra)
mem[0x00000000800042E8] <- 0x0C1DE9EDF038E8FF

mem[X,0x0000000080001230] -> 0x0F37
mem[X,0x0000000080001232] -> 0xEFFF
[1169] [M]: 0x0000000080001230 (0xEFFF0F37) lui t5, -0x10010
x30 <- 0xFFFFFFFFEFFF0000

mem[X,0x0000000080001234] -> 0x0F13
mem[X,0x0000000080001236] -> 0x020F
[1170] [M]: 0x0000000080001234 (0x020F0F13) addi t5, t5, 0x20
x30 <- 0xFFFFFFFFEFFF0020

mem[X,0x0000000080001238] -> 0x1F13
mem[X,0x000000008000123A] -> 0x00BF
[1171] [M]: 0x0000000080001238 (0x00BF1F13) slli t5, t5, 0xb
x30 <- 0xFFFFFF7FF8010000

mem[X,0x000000008000123C] -> 0x0F13
mem[X,0x000000008000123E] -> 0x555F
[1172] [M]: 0x000000008000123C (0x555F0F13) addi t5, t5, 0x555
x30 <- 0xFFFFFF7FF8010555

mem[X,0x0000000080001240] -> 0x1F13
mem[X,0x0000000080001242] -> 0x00BF
[1173] [M]: 0x0000000080001240 (0x00BF1F13) slli t5, t5, 0xb
x30 <- 0xFFFBFFC0082AA800

mem[X,0x0000000080001244] -> 0x0F13
mem[X,0x0000000080001246] -> 0x280F
[1174] [M]: 0x0000000080001244 (0x280F0F13) addi t5, t5, 0x280
x30 <- 0xFFFBFFC0082AAA80

mem[X,0x0000000080001248] -> 0x1F13
mem[X,0x000000008000124A] -> 0x00AF
[1175] [M]: 0x0000000080001248 (0x00AF1F13) slli t5, t5, 0xa
x30 <- 0xEFFF0020AAAA0000

mem[X,0x000000008000124C] -> 0x0F13
mem[X,0x000000008000124E] -> 0x009F
[1176] [M]: 0x000000008000124C (0x009F0F13) addi t5, t5, 0x9
x30 <- 0xEFFF0020AAAA0009

mem[X,0x0000000080001250] -> 0x0EB7
mem[X,0x0000000080001252] -> 0xFFFB
[1177] [M]: 0x0000000080001250 (0xFFFB0EB7) lui t4, -0x50
x29 <- 0xFFFFFFFFFFFB0000

mem[X,0x0000000080001254] -> 0x8E93
mem[X,0x0000000080001256] -> 0xFFCE
[1178] [M]: 0x0000000080001254 (0xFFCE8E93) addi t4, t4, -0x4
x29 <- 0xFFFFFFFFFFFAFFFC

mem[X,0x0000000080001258] -> 0x9E93
mem[X,0x000000008000125A] -> 0x00BE
[1179] [M]: 0x0000000080001258 (0x00BE9E93) slli t4, t4, 0xb
x29 <- 0xFFFFFFFFD7FFE000

mem[X,0x000000008000125C] -> 0x8E93
mem[X,0x000000008000125E] -> 0x100E
[1180] [M]: 0x000000008000125C (0x100E8E93) addi t4, t4, 0x100
x29 <- 0xFFFFFFFFD7FFE100

mem[X,0x0000000080001260] -> 0x9E93
mem[X,0x0000000080001262] -> 0x00BE
[1181] [M]: 0x0000000080001260 (0x00BE9E93) slli t4, t4, 0xb
x29 <- 0xFFFFFEBFFF080000

mem[X,0x0000000080001264] -> 0x8E93
mem[X,0x0000000080001266] -> 0x000E
[1182] [M]: 0x0000000080001264 (0x000E8E93) addi t4, t4, 0x0
x29 <- 0xFFFFFEBFFF080000

mem[X,0x0000000080001268] -> 0x9E93
mem[X,0x000000008000126A] -> 0x00AE
[1183] [M]: 0x0000000080001268 (0x00AE9E93) slli t4, t4, 0xa
x29 <- 0xFFFAFFFC20000000

mem[X,0x000000008000126C] -> 0x8E93
mem[X,0x000000008000126E] -> 0x001E
[1184] [M]: 0x000000008000126C (0x001E8E93) addi t4, t4, 0x1
x29 <- 0xFFFAFFFC20000001

mem[X,0x0000000080001270] -> 0x7FBB
mem[X,0x0000000080001272] -> 0x8DDF
[1185] [M]: 0x0000000080001270 (0x8DDF7FBB) pmhracc.h t6, t5, t4
x31 <- 0x0C1DE9EDE58DE8FF

mem[X,0x0000000080001274] -> 0xB423
mem[X,0x0000000080001276] -> 0x0FF0
[1186] [M]: 0x0000000080001274 (0x0FF0B423) sd t6, 0xe8(ra)
mem[0x00000000800042F0] <- 0x0C1DE9EDE58DE8FF

mem[X,0x0000000080001278] -> 0x2F37
mem[X,0x000000008000127A] -> 0x0200
[1187] [M]: 0x0000000080001278 (0x02002F37) lui t5, 0x2002
x30 <- 0x0000000002002000

mem[X,0x000000008000127C] -> 0x0F13
mem[X,0x000000008000127E] -> 0x000F
[1188] [M]: 0x000000008000127C (0x000F0F13) addi t5, t5, 0x0
x30 <- 0x0000000002002000

mem[X,0x0000000080001280] -> 0x1F13
mem[X,0x0000000080001282] -> 0x00BF
[1189] [M]: 0x0000000080001280 (0x00BF1F13) slli t5, t5, 0xb
x30 <- 0x0000001001000000

mem[X,0x0000000080001284] -> 0x0F13
mem[X,0x0000000080001286] -> 0x7FFF
[1190] [M]: 0x0000000080001284 (0x7FFF0F13) addi t5, t5, 0x7ff
x30 <- 0x00000010010007FF

mem[X,0x0000000080001288] -> 0x1F13
mem[X,0x000000008000128A] -> 0x00BF
[1191] [M]: 0x0000000080001288 (0x00BF1F13) slli t5, t5, 0xb
x30 <- 0x00008008003FF800

mem[X,0x000000008000128C] -> 0x0F13
mem[X,0x000000008000128E] -> 0x780F
[1192] [M]: 0x000000008000128C (0x780F0F13) addi t5, t5, 0x780
x30 <- 0x00008008003FFF80

mem[X,0x0000000080001290] -> 0x1F13
mem[X,0x0000000080001292] -> 0x00AF
[1193] [M]: 0x0000000080001290 (0x00AF1F13) slli t5, t5, 0xa
x30 <- 0x02002000FFFE0000

mem[X,0x0000000080001294] -> 0x0F13
mem[X,0x0000000080001296] -> 0x007F
[1194] [M]: 0x0000000080001294 (0x007F0F13) addi t5, t5, 0x7
x30 <- 0x02002000FFFE0007

mem[X,0x0000000080001298] -> 0x4EB7
mem[X,0x000000008000129A] -> 0x0010
[1195] [M]: 0x0000000080001298 (0x00104EB7) lui t4, 0x104
x29 <- 0x0000000000104000

mem[X,0x000000008000129C] -> 0x8E93
mem[X,0x000000008000129E] -> 0xFFFE
[1196] [M]: 0x000000008000129C (0xFFFE8E93) addi t4, t4, -0x1
x29 <- 0x0000000000103FFF

mem[X,0x00000000800012A0] -> 0x9E93
mem[X,0x00000000800012A2] -> 0x00BE
[1197] [M]: 0x00000000800012A0 (0x00BE9E93) slli t4, t4, 0xb
x29 <- 0x0000000081FFF800

mem[X,0x00000000800012A4] -> 0x8E93
mem[X,0x00000000800012A6] -> 0x7FFE
[1198] [M]: 0x00000000800012A4 (0x7FFE8E93) addi t4, t4, 0x7ff
x29 <- 0x0000000081FFFFFF

mem[X,0x00000000800012A8] -> 0x9E93
mem[X,0x00000000800012AA] -> 0x00BE
[1199] [M]: 0x00000000800012A8 (0x00BE9E93) slli t4, t4, 0xb
x29 <- 0x0000040FFFFFF800

clint::tick mtime <- 0x000000000000000C
 clint timer pending at mtime 0x000000000000000C
htif::tick 0x0000000000000000
mem[X,0x00000000800012AC] -> 0x8E93
mem[X,0x00000000800012AE] -> 0x680E
[1200] [M]: 0x00000000800012AC (0x680E8E93) addi t4, t4, 0x680
x29 <- 0x0000040FFFFFFE80

mem[X,0x00000000800012B0] -> 0x9E93
mem[X,0x00000000800012B2] -> 0x00AE
[1201] [M]: 0x00000000800012B0 (0x00AE9E93) slli t4, t4, 0xa
x29 <- 0x00103FFFFFFA0000

mem[X,0x00000000800012B4] -> 0x8E93
mem[X,0x00000000800012B6] -> 0x004E
[1202] [M]: 0x00000000800012B4 (0x004E8E93) addi t4, t4, 0x4
x29 <- 0x00103FFFFFFA0004

mem[X,0x00000000800012B8] -> 0x7FBB
mem[X,0x00000000800012BA] -> 0x8DDF
[1203] [M]: 0x00000000800012B8 (0x8DDF7FBB) pmhracc.h t6, t5, t4
x31 <- 0x0C1DF1EDE58DE8FF

mem[X,0x00000000800012BC] -> 0xB823
mem[X,0x00000000800012BE] -> 0x0FF0
[1204] [M]: 0x00000000800012BC (0x0FF0B823) sd t6, 0xf0(ra)
mem[0x00000000800042F8] <- 0x0C1DF1EDE58DE8FF

mem[X,0x00000000800012C0] -> 0x0F37
mem[X,0x00000000800012C2] -> 0xFFF0
[1205] [M]: 0x00000000800012C0 (0xFFF00F37) lui t5, -0x100
x30 <- 0xFFFFFFFFFFF00000

mem[X,0x00000000800012C4] -> 0x0F13
mem[X,0x00000000800012C6] -> 0xFFCF
[1206] [M]: 0x00000000800012C4 (0xFFCF0F13) addi t5, t5, -0x4
x30 <- 0xFFFFFFFFFFEFFFFC

mem[X,0x00000000800012C8] -> 0x1F13
mem[X,0x00000000800012CA] -> 0x00BF
[1207] [M]: 0x00000000800012C8 (0x00BF1F13) slli t5, t5, 0xb
x30 <- 0xFFFFFFFF7FFFE000

mem[X,0x00000000800012CC] -> 0x0F13
mem[X,0x00000000800012CE] -> 0x7FFF
[1208] [M]: 0x00000000800012CC (0x7FFF0F13) addi t5, t5, 0x7ff
x30 <- 0xFFFFFFFF7FFFE7FF

mem[X,0x00000000800012D0] -> 0x1F13
mem[X,0x00000000800012D2] -> 0x00BF
[1209] [M]: 0x00000000800012D0 (0x00BF1F13) slli t5, t5, 0xb
x30 <- 0xFFFFFBFFFF3FF800

mem[X,0x00000000800012D4] -> 0x0F13
mem[X,0x00000000800012D6] -> 0x600F
[1210] [M]: 0x00000000800012D4 (0x600F0F13) addi t5, t5, 0x600
x30 <- 0xFFFFFBFFFF3FFE00

mem[X,0x00000000800012D8] -> 0x1F13
mem[X,0x00000000800012DA] -> 0x00AF
[1211] [M]: 0x00000000800012D8 (0x00AF1F13) slli t5, t5, 0xa
x30 <- 0xFFEFFFFCFFF80000

mem[X,0x00000000800012DC] -> 0x0F13
mem[X,0x00000000800012DE] -> 0x009F
[1212] [M]: 0x00000000800012DC (0x009F0F13) addi t5, t5, 0x9
x30 <- 0xFFEFFFFCFFF80009

mem[X,0x00000000800012E0] -> 0x0EB7
mem[X,0x00000000800012E2] -> 0x0002
[1213] [M]: 0x00000000800012E0 (0x00020EB7) lui t4, 0x20
x29 <- 0x0000000000020000

mem[X,0x00000000800012E4] -> 0x8E93
mem[X,0x00000000800012E6] -> 0x020E
[1214] [M]: 0x00000000800012E4 (0x020E8E93) addi t4, t4, 0x20
x29 <- 0x0000000000020020

mem[X,0x00000000800012E8] -> 0x9E93
mem[X,0x00000000800012EA] -> 0x00BE
[1215] [M]: 0x00000000800012E8 (0x00BE9E93) slli t4, t4, 0xb
x29 <- 0x0000000010010000

mem[X,0x00000000800012EC] -> 0x8E93
mem[X,0x00000000800012EE] -> 0x2AAE
[1216] [M]: 0x00000000800012EC (0x2AAE8E93) addi t4, t4, 0x2aa
x29 <- 0x00000000100102AA

mem[X,0x00000000800012F0] -> 0x9E93
mem[X,0x00000000800012F2] -> 0x00BE
[1217] [M]: 0x00000000800012F0 (0x00BE9E93) slli t4, t4, 0xb
x29 <- 0x0000008008155000

mem[X,0x00000000800012F4] -> 0x8E93
mem[X,0x00000000800012F6] -> 0x540E
[1218] [M]: 0x00000000800012F4 (0x540E8E93) addi t4, t4, 0x540
x29 <- 0x0000008008155540

mem[X,0x00000000800012F8] -> 0x9E93
mem[X,0x00000000800012FA] -> 0x00AE
[1219] [M]: 0x00000000800012F8 (0x00AE9E93) slli t4, t4, 0xa
x29 <- 0x0002002055550000

mem[X,0x00000000800012FC] -> 0x8E93
mem[X,0x00000000800012FE] -> 0x020E
[1220] [M]: 0x00000000800012FC (0x020E8E93) addi t4, t4, 0x20
x29 <- 0x0002002055550020

mem[X,0x0000000080001300] -> 0x7FBB
mem[X,0x0000000080001302] -> 0x8DDF
[1221] [M]: 0x0000000080001300 (0x8DDF7FBB) pmhracc.h t6, t5, t4
x31 <- 0x0C1DF1EDE58AE8FF

mem[X,0x0000000080001304] -> 0xBC23
mem[X,0x0000000080001306] -> 0x0FF0
[1222] [M]: 0x0000000080001304 (0x0FF0BC23) sd t6, 0xf8(ra)
mem[0x0000000080004300] <- 0x0C1DF1EDE58AE8FF

mem[X,0x0000000080001308] -> 0x0F37
mem[X,0x000000008000130A] -> 0xFFFC
[1223] [M]: 0x0000000080001308 (0xFFFC0F37) lui t5, -0x40
x30 <- 0xFFFFFFFFFFFC0000

mem[X,0x000000008000130C] -> 0x0F13
mem[X,0x000000008000130E] -> 0x400F
[1224] [M]: 0x000000008000130C (0x400F0F13) addi t5, t5, 0x400
x30 <- 0xFFFFFFFFFFFC0400

mem[X,0x0000000080001310] -> 0x1F13
mem[X,0x0000000080001312] -> 0x00BF
[1225] [M]: 0x0000000080001310 (0x00BF1F13) slli t5, t5, 0xb
x30 <- 0xFFFFFFFFE0200000

mem[X,0x0000000080001314] -> 0x0F13
mem[X,0x0000000080001316] -> 0x040F
[1226] [M]: 0x0000000080001314 (0x040F0F13) addi t5, t5, 0x40
x30 <- 0xFFFFFFFFE0200040

mem[X,0x0000000080001318] -> 0x1F13
mem[X,0x000000008000131A] -> 0x00BF
[1227] [M]: 0x0000000080001318 (0x00BF1F13) slli t5, t5, 0xb
x30 <- 0xFFFFFF0100020000

mem[X,0x000000008000131C] -> 0x0F13
mem[X,0x000000008000131E] -> 0x000F
[1228] [M]: 0x000000008000131C (0x000F0F13) addi t5, t5, 0x0
x30 <- 0xFFFFFF0100020000

mem[X,0x0000000080001320] -> 0x1F13
mem[X,0x0000000080001322] -> 0x00AF
[1229] [M]: 0x0000000080001320 (0x00AF1F13) slli t5, t5, 0xa
x30 <- 0xFFFC040008000000

mem[X,0x0000000080001324] -> 0x0F13
mem[X,0x0000000080001326] -> 0x200F
[1230] [M]: 0x0000000080001324 (0x200F0F13) addi t5, t5, 0x200
x30 <- 0xFFFC040008000200

mem[X,0x0000000080001328] -> 0x0EB7
mem[X,0x000000008000132A] -> 0x0003
[1231] [M]: 0x0000000080001328 (0x00030EB7) lui t4, 0x30
x29 <- 0x0000000000030000

mem[X,0x000000008000132C] -> 0x8E93
mem[X,0x000000008000132E] -> 0xF7FE
[1232] [M]: 0x000000008000132C (0xF7FE8E93) addi t4, t4, -0x81
x29 <- 0x000000000002FF7F

mem[X,0x0000000080001330] -> 0x9E93
mem[X,0x0000000080001332] -> 0x00BE
[1233] [M]: 0x0000000080001330 (0x00BE9E93) slli t4, t4, 0xb
x29 <- 0x0000000017FBF800

mem[X,0x0000000080001334] -> 0x8E93
mem[X,0x0000000080001336] -> 0x004E
[1234] [M]: 0x0000000080001334 (0x004E8E93) addi t4, t4, 0x4
x29 <- 0x0000000017FBF804

mem[X,0x0000000080001338] -> 0x9E93
mem[X,0x000000008000133A] -> 0x00BE
[1235] [M]: 0x0000000080001338 (0x00BE9E93) slli t4, t4, 0xb
x29 <- 0x000000BFDFC02000

mem[X,0x000000008000133C] -> 0x8E93
mem[X,0x000000008000133E] -> 0x000E
[1236] [M]: 0x000000008000133C (0x000E8E93) addi t4, t4, 0x0
x29 <- 0x000000BFDFC02000

mem[X,0x0000000080001340] -> 0x9E93
mem[X,0x0000000080001342] -> 0x00AE
[1237] [M]: 0x0000000080001340 (0x00AE9E93) slli t4, t4, 0xa
x29 <- 0x0002FF7F00800000

mem[X,0x0000000080001344] -> 0x8E93
mem[X,0x0000000080001346] -> 0x040E
[1238] [M]: 0x0000000080001344 (0x040E8E93) addi t4, t4, 0x40
x29 <- 0x0002FF7F00800040

mem[X,0x0000000080001348] -> 0x7FBB
mem[X,0x000000008000134A] -> 0x8DDF
[1239] [M]: 0x0000000080001348 (0x8DDF7FBB) pmhracc.h t6, t5, t4
x31 <- 0x0C1DF1EBE58EE900

mem[X,0x000000008000134C] -> 0xB023
mem[X,0x000000008000134E] -> 0x11F0
[1240] [M]: 0x000000008000134C (0x11F0B023) sd t6, 0x100(ra)
mem[0x0000000080004308] <- 0x0C1DF1EBE58EE900

mem[X,0x0000000080001350] -> 0x0F37
mem[X,0x0000000080001352] -> 0xFF7F
[1241] [M]: 0x0000000080001350 (0xFF7F0F37) lui t5, -0x810
x30 <- 0xFFFFFFFFFF7F0000

mem[X,0x0000000080001354] -> 0x0F13
mem[X,0x0000000080001356] -> 0x010F
[1242] [M]: 0x0000000080001354 (0x010F0F13) addi t5, t5, 0x10
x30 <- 0xFFFFFFFFFF7F0010

mem[X,0x0000000080001358] -> 0x1F13
mem[X,0x000000008000135A] -> 0x00BF
[1243] [M]: 0x0000000080001358 (0x00BF1F13) slli t5, t5, 0xb
x30 <- 0xFFFFFFFBF8008000

mem[X,0x000000008000135C] -> 0x0F13
mem[X,0x000000008000135E] -> 0x2AAF
[1244] [M]: 0x000000008000135C (0x2AAF0F13) addi t5, t5, 0x2aa
x30 <- 0xFFFFFFFBF80082AA

mem[X,0x0000000080001360] -> 0x1F13
mem[X,0x0000000080001362] -> 0x00BF
[1245] [M]: 0x0000000080001360 (0x00BF1F13) slli t5, t5, 0xb
x30 <- 0xFFFFDFC004155000

mem[X,0x0000000080001364] -> 0x0F13
mem[X,0x0000000080001366] -> 0x540F
[1246] [M]: 0x0000000080001364 (0x540F0F13) addi t5, t5, 0x540
x30 <- 0xFFFFDFC004155540

mem[X,0x0000000080001368] -> 0x1F13
mem[X,0x000000008000136A] -> 0x00AF
[1247] [M]: 0x0000000080001368 (0x00AF1F13) slli t5, t5, 0xa
x30 <- 0xFF7F001055550000

mem[X,0x000000008000136C] -> 0x0EB7
mem[X,0x000000008000136E] -> 0x0000
[1248] [M]: 0x000000008000136C (0x00000EB7) lui t4, 0x0
x29 <- 0x0000000000000000

mem[X,0x0000000080001370] -> 0x8E93
mem[X,0x0000000080001372] -> 0x040E
[1249] [M]: 0x0000000080001370 (0x040E8E93) addi t4, t4, 0x40
x29 <- 0x0000000000000040

mem[X,0x0000000080001374] -> 0x9E93
mem[X,0x0000000080001376] -> 0x00BE
[1250] [M]: 0x0000000080001374 (0x00BE9E93) slli t4, t4, 0xb
x29 <- 0x0000000000020000

mem[X,0x0000000080001378] -> 0x8E93
mem[X,0x000000008000137A] -> 0x7FBE
[1251] [M]: 0x0000000080001378 (0x7FBE8E93) addi t4, t4, 0x7fb
x29 <- 0x00000000000207FB

mem[X,0x000000008000137C] -> 0x9E93
mem[X,0x000000008000137E] -> 0x00BE
[1252] [M]: 0x000000008000137C (0x00BE9E93) slli t4, t4, 0xb
x29 <- 0x00000000103FD800

mem[X,0x0000000080001380] -> 0x8E93
mem[X,0x0000000080001382] -> 0x7C0E
[1253] [M]: 0x0000000080001380 (0x7C0E8E93) addi t4, t4, 0x7c0
x29 <- 0x00000000103FDFC0

mem[X,0x0000000080001384] -> 0x9E93
mem[X,0x0000000080001386] -> 0x00AE
[1254] [M]: 0x0000000080001384 (0x00AE9E93) slli t4, t4, 0xa
x29 <- 0x00000040FF7F0000

mem[X,0x0000000080001388] -> 0x8E93
mem[X,0x000000008000138A] -> 0x100E
[1255] [M]: 0x0000000080001388 (0x100E8E93) addi t4, t4, 0x100
x29 <- 0x00000040FF7F0100

mem[X,0x000000008000138C] -> 0x7FBB
mem[X,0x000000008000138E] -> 0x8DDF
[1256] [M]: 0x000000008000138C (0x8DDF7FBB) pmhracc.h t6, t5, t4
x31 <- 0x0C1DF1EBE563E900

mem[X,0x0000000080001390] -> 0xB423
mem[X,0x0000000080001392] -> 0x11F0
[1257] [M]: 0x0000000080001390 (0x11F0B423) sd t6, 0x108(ra)
mem[0x0000000080004310] <- 0x0C1DF1EBE563E900

mem[X,0x0000000080001394] -> 0x0F37
mem[X,0x0000000080001396] -> 0xFDFF
[1258] [M]: 0x0000000080001394 (0xFDFF0F37) lui t5, -0x2010
x30 <- 0xFFFFFFFFFDFF0000

mem[X,0x0000000080001398] -> 0x0F13
mem[X,0x000000008000139A] -> 0x008F
[1259] [M]: 0x0000000080001398 (0x008F0F13) addi t5, t5, 0x8
x30 <- 0xFFFFFFFFFDFF0008

mem[X,0x000000008000139C] -> 0x1F13
mem[X,0x000000008000139E] -> 0x00BF
[1260] [M]: 0x000000008000139C (0x00BF1F13) slli t5, t5, 0xb
x30 <- 0xFFFFFFEFF8004000

mem[X,0x00000000800013A0] -> 0x0F13
mem[X,0x00000000800013A2] -> 0x008F
[1261] [M]: 0x00000000800013A0 (0x008F0F13) addi t5, t5, 0x8
x30 <- 0xFFFFFFEFF8004008

mem[X,0x00000000800013A4] -> 0x1F13
mem[X,0x00000000800013A6] -> 0x00BF
[1262] [M]: 0x00000000800013A4 (0x00BF1F13) slli t5, t5, 0xb
x30 <- 0xFFFF7FC002004000

mem[X,0x00000000800013A8] -> 0x0F13
mem[X,0x00000000800013AA] -> 0x03DF
[1263] [M]: 0x00000000800013A8 (0x03DF0F13) addi t5, t5, 0x3d
x30 <- 0xFFFF7FC00200403D

mem[X,0x00000000800013AC] -> 0x1F13
mem[X,0x00000000800013AE] -> 0x00AF
[1264] [M]: 0x00000000800013AC (0x00AF1F13) slli t5, t5, 0xa
x30 <- 0xFDFF00080100F400

mem[X,0x00000000800013B0] -> 0x0F13
mem[X,0x00000000800013B2] -> 0x3FFF
[1265] [M]: 0x00000000800013B0 (0x3FFF0F13) addi t5, t5, 0x3ff
x30 <- 0xFDFF00080100F7FF

mem[X,0x00000000800013B4] -> 0x5EB7
mem[X,0x00000000800013B6] -> 0x0009
[1266] [M]: 0x00000000800013B4 (0x00095EB7) lui t4, 0x95
x29 <- 0x0000000000095000

mem[X,0x00000000800013B8] -> 0x8E93
mem[X,0x00000000800013BA] -> 0x555E
[1267] [M]: 0x00000000800013B8 (0x555E8E93) addi t4, t4, 0x555
x29 <- 0x0000000000095555

mem[X,0x00000000800013BC] -> 0x9E93
mem[X,0x00000000800013BE] -> 0x00BE
[1268] [M]: 0x00000000800013BC (0x00BE9E93) slli t4, t4, 0xb
x29 <- 0x000000004AAAA800

mem[X,0x00000000800013C0] -> 0x8E93
mem[X,0x00000000800013C2] -> 0x7FFE
[1269] [M]: 0x00000000800013C0 (0x7FFE8E93) addi t4, t4, 0x7ff
x29 <- 0x000000004AAAAFFF

mem[X,0x00000000800013C4] -> 0x9E93
mem[X,0x00000000800013C6] -> 0x00BE
[1270] [M]: 0x00000000800013C4 (0x00BE9E93) slli t4, t4, 0xb
x29 <- 0x00000255557FF800

mem[X,0x00000000800013C8] -> 0x8E93
mem[X,0x00000000800013CA] -> 0x73FE
[1271] [M]: 0x00000000800013C8 (0x73FE8E93) addi t4, t4, 0x73f
x29 <- 0x00000255557FFF3F

mem[X,0x00000000800013CC] -> 0x9E93
mem[X,0x00000000800013CE] -> 0x00AE
[1272] [M]: 0x00000000800013CC (0x00AE9E93) slli t4, t4, 0xa
x29 <- 0x00095555FFFCFC00

mem[X,0x00000000800013D0] -> 0x8E93
mem[X,0x00000000800013D2] -> 0x3DFE
[1273] [M]: 0x00000000800013D0 (0x3DFE8E93) addi t4, t4, 0x3df
x29 <- 0x00095555FFFCFFDF

mem[X,0x00000000800013D4] -> 0x7FBB
mem[X,0x00000000800013D6] -> 0x8DDF
[1274] [M]: 0x00000000800013D4 (0x8DDF7FBB) pmhracc.h t6, t5, t4
x31 <- 0x0C1DF1EEE563E901

mem[X,0x00000000800013D8] -> 0xB823
mem[X,0x00000000800013DA] -> 0x11F0
[1275] [M]: 0x00000000800013D8 (0x11F0B823) sd t6, 0x110(ra)
mem[0x0000000080004318] <- 0x0C1DF1EEE563E901

mem[X,0x00000000800013DC] -> 0x8F37
mem[X,0x00000000800013DE] -> 0xFFF7
[1276] [M]: 0x00000000800013DC (0xFFF78F37) lui t5, -0x88
x30 <- 0xFFFFFFFFFFF78000

mem[X,0x00000000800013E0] -> 0x0F13
mem[X,0x00000000800013E2] -> 0xFFFF
[1277] [M]: 0x00000000800013E0 (0xFFFF0F13) addi t5, t5, -0x1
x30 <- 0xFFFFFFFFFFF77FFF

mem[X,0x00000000800013E4] -> 0x1F13
mem[X,0x00000000800013E6] -> 0x00BF
[1278] [M]: 0x00000000800013E4 (0x00BF1F13) slli t5, t5, 0xb
x30 <- 0xFFFFFFFFBBFFF800

mem[X,0x00000000800013E8] -> 0x0F13
mem[X,0x00000000800013EA] -> 0x000F
[1279] [M]: 0x00000000800013E8 (0x000F0F13) addi t5, t5, 0x0
x30 <- 0xFFFFFFFFBBFFF800

mem[X,0x00000000800013EC] -> 0x1F13
mem[X,0x00000000800013EE] -> 0x00BF
[1280] [M]: 0x00000000800013EC (0x00BF1F13) slli t5, t5, 0xb
x30 <- 0xFFFFFDDFFFC00000

mem[X,0x00000000800013F0] -> 0x0F13
mem[X,0x00000000800013F2] -> 0x0A0F
[1281] [M]: 0x00000000800013F0 (0x0A0F0F13) addi t5, t5, 0xa0
x30 <- 0xFFFFFDDFFFC000A0

mem[X,0x00000000800013F4] -> 0x1F13
mem[X,0x00000000800013F6] -> 0x00AF
[1282] [M]: 0x00000000800013F4 (0x00AF1F13) slli t5, t5, 0xa
x30 <- 0xFFF77FFF00028000

mem[X,0x00000000800013F8] -> 0x0EB7
mem[X,0x00000000800013FA] -> 0xFFF8
[1283] [M]: 0x00000000800013F8 (0xFFF80EB7) lui t4, -0x80
x29 <- 0xFFFFFFFFFFF80000

mem[X,0x00000000800013FC] -> 0x8E93
mem[X,0x00000000800013FE] -> 0x010E
[1284] [M]: 0x00000000800013FC (0x010E8E93) addi t4, t4, 0x10
x29 <- 0xFFFFFFFFFFF80010

mem[X,0x0000000080001400] -> 0x9E93
mem[X,0x0000000080001402] -> 0x00BE
[1285] [M]: 0x0000000080001400 (0x00BE9E93) slli t4, t4, 0xb
x29 <- 0xFFFFFFFFC0008000

mem[X,0x0000000080001404] -> 0x8E93
mem[X,0x0000000080001406] -> 0x000E
[1286] [M]: 0x0000000080001404 (0x000E8E93) addi t4, t4, 0x0
x29 <- 0xFFFFFFFFC0008000

mem[X,0x0000000080001408] -> 0x9E93
mem[X,0x000000008000140A] -> 0x00BE
[1287] [M]: 0x0000000080001408 (0x00BE9E93) slli t4, t4, 0xb
x29 <- 0xFFFFFE0004000000

mem[X,0x000000008000140C] -> 0x8E93
mem[X,0x000000008000140E] -> 0x437E
[1288] [M]: 0x000000008000140C (0x437E8E93) addi t4, t4, 0x437
x29 <- 0xFFFFFE0004000437

mem[X,0x0000000080001410] -> 0x9E93
mem[X,0x0000000080001412] -> 0x00AE
[1289] [M]: 0x0000000080001410 (0x00AE9E93) slli t4, t4, 0xa
x29 <- 0xFFF800100010DC00

mem[X,0x0000000080001414] -> 0x8E93
mem[X,0x0000000080001416] -> 0x3FFE
[1290] [M]: 0x0000000080001414 (0x3FFE8E93) addi t4, t4, 0x3ff
x29 <- 0xFFF800100010DFFF

mem[X,0x0000000080001418] -> 0x7FBB
mem[X,0x000000008000141A] -> 0x8DDF
[1291] [M]: 0x0000000080001418 (0x8DDF7FBB) pmhracc.h t6, t5, t4
x31 <- 0x0C1DF1F6E563F902

mem[X,0x000000008000141C] -> 0xBC23
mem[X,0x000000008000141E] -> 0x11F0
[1292] [M]: 0x000000008000141C (0x11F0BC23) sd t6, 0x118(ra)
mem[0x0000000080004320] <- 0x0C1DF1F6E563F902

mem[X,0x0000000080001420] -> 0x0F37
mem[X,0x0000000080001422] -> 0x7FFF
[1293] [M]: 0x0000000080001420 (0x7FFF0F37) lui t5, 0x7fff0
x30 <- 0x000000007FFF0000

mem[X,0x0000000080001424] -> 0x0F13
mem[X,0x0000000080001426] -> 0x007F
[1294] [M]: 0x0000000080001424 (0x007F0F13) addi t5, t5, 0x7
x30 <- 0x000000007FFF0007

mem[X,0x0000000080001428] -> 0x1F13
mem[X,0x000000008000142A] -> 0x00BF
[1295] [M]: 0x0000000080001428 (0x00BF1F13) slli t5, t5, 0xb
x30 <- 0x000003FFF8003800

mem[X,0x000000008000142C] -> 0x0F13
mem[X,0x000000008000142E] -> 0x010F
[1296] [M]: 0x000000008000142C (0x010F0F13) addi t5, t5, 0x10
x30 <- 0x000003FFF8003810

mem[X,0x0000000080001430] -> 0x1F13
mem[X,0x0000000080001432] -> 0x00BF
[1297] [M]: 0x0000000080001430 (0x00BF1F13) slli t5, t5, 0xb
x30 <- 0x001FFFC001C08000

mem[X,0x0000000080001434] -> 0x0F13
mem[X,0x0000000080001436] -> 0x02AF
[1298] [M]: 0x0000000080001434 (0x02AF0F13) addi t5, t5, 0x2a
x30 <- 0x001FFFC001C0802A

mem[X,0x0000000080001438] -> 0x1F13
mem[X,0x000000008000143A] -> 0x00AF
[1299] [M]: 0x0000000080001438 (0x00AF1F13) slli t5, t5, 0xa
x30 <- 0x7FFF00070200A800

clint::tick mtime <- 0x000000000000000D
 clint timer pending at mtime 0x000000000000000D
htif::tick 0x0000000000000000
mem[X,0x000000008000143C] -> 0x0F13
mem[X,0x000000008000143E] -> 0x2AAF
[1300] [M]: 0x000000008000143C (0x2AAF0F13) addi t5, t5, 0x2aa
x30 <- 0x7FFF00070200AAAA

mem[X,0x0000000080001440] -> 0x1EB7
mem[X,0x0000000080001442] -> 0x8000
[1301] [M]: 0x0000000080001440 (0x80001EB7) lui t4, -0x7ffff
x29 <- 0xFFFFFFFF80001000

mem[X,0x0000000080001444] -> 0x8E93
mem[X,0x0000000080001446] -> 0x000E
[1302] [M]: 0x0000000080001444 (0x000E8E93) addi t4, t4, 0x0
x29 <- 0xFFFFFFFF80001000

mem[X,0x0000000080001448] -> 0x9E93
mem[X,0x000000008000144A] -> 0x00BE
[1303] [M]: 0x0000000080001448 (0x00BE9E93) slli t4, t4, 0xb
x29 <- 0xFFFFFC0000800000

mem[X,0x000000008000144C] -> 0x8E93
mem[X,0x000000008000144E] -> 0x200E
[1304] [M]: 0x000000008000144C (0x200E8E93) addi t4, t4, 0x200
x29 <- 0xFFFFFC0000800200

mem[X,0x0000000080001450] -> 0x9E93
mem[X,0x0000000080001452] -> 0x00BE
[1305] [M]: 0x0000000080001450 (0x00BE9E93) slli t4, t4, 0xb
x29 <- 0xFFE0000400100000

mem[X,0x0000000080001454] -> 0x8E93
mem[X,0x0000000080001456] -> 0x03FE
[1306] [M]: 0x0000000080001454 (0x03FE8E93) addi t4, t4, 0x3f
x29 <- 0xFFE000040010003F

mem[X,0x0000000080001458] -> 0x9E93
mem[X,0x000000008000145A] -> 0x00AE
[1307] [M]: 0x0000000080001458 (0x00AE9E93) slli t4, t4, 0xa
x29 <- 0x800010004000FC00

mem[X,0x000000008000145C] -> 0x8E93
mem[X,0x000000008000145E] -> 0x3FFE
[1308] [M]: 0x000000008000145C (0x3FFE8E93) addi t4, t4, 0x3ff
x29 <- 0x800010004000FFFF

mem[X,0x0000000080001460] -> 0x7FBB
mem[X,0x0000000080001462] -> 0x8DDF
[1309] [M]: 0x0000000080001460 (0x8DDF7FBB) pmhracc.h t6, t5, t4
x31 <- 0xCC1EF1F6E5E3F902

mem[X,0x0000000080001464] -> 0xB023
mem[X,0x0000000080001466] -> 0x13F0
[1310] [M]: 0x0000000080001464 (0x13F0B023) sd t6, 0x120(ra)
mem[0x0000000080004328] <- 0xCC1EF1F6E5E3F902

mem[X,0x0000000080001468] -> 0xBF37
mem[X,0x000000008000146A] -> 0x3FFF
[1311] [M]: 0x0000000080001468 (0x3FFFBF37) lui t5, 0x3fffb
x30 <- 0x000000003FFFB000

mem[X,0x000000008000146C] -> 0x0F13
mem[X,0x000000008000146E] -> 0xAAAF
[1312] [M]: 0x000000008000146C (0xAAAF0F13) addi t5, t5, -0x556
x30 <- 0x000000003FFFAAAA

mem[X,0x0000000080001470] -> 0x1F13
mem[X,0x0000000080001472] -> 0x00BF
[1313] [M]: 0x0000000080001470 (0x00BF1F13) slli t5, t5, 0xb
x30 <- 0x000001FFFD555000

mem[X,0x0000000080001474] -> 0x0F13
mem[X,0x0000000080001476] -> 0x6FFF
[1314] [M]: 0x0000000080001474 (0x6FFF0F13) addi t5, t5, 0x6ff
x30 <- 0x000001FFFD5556FF

mem[X,0x0000000080001478] -> 0x1F13
mem[X,0x000000008000147A] -> 0x00BF
[1315] [M]: 0x0000000080001478 (0x00BF1F13) slli t5, t5, 0xb
x30 <- 0x000FFFEAAAB7F800

mem[X,0x000000008000147C] -> 0x0F13
mem[X,0x000000008000147E] -> 0x7C0F
[1316] [M]: 0x000000008000147C (0x7C0F0F13) addi t5, t5, 0x7c0
x30 <- 0x000FFFEAAAB7FFC0

mem[X,0x0000000080001480] -> 0x1F13
mem[X,0x0000000080001482] -> 0x00AF
[1317] [M]: 0x0000000080001480 (0x00AF1F13) slli t5, t5, 0xa
x30 <- 0x3FFFAAAADFFF0000

mem[X,0x0000000080001484] -> 0x0F13
mem[X,0x0000000080001486] -> 0x006F
[1318] [M]: 0x0000000080001484 (0x006F0F13) addi t5, t5, 0x6
x30 <- 0x3FFFAAAADFFF0006

mem[X,0x0000000080001488] -> 0x0EB7
mem[X,0x000000008000148A] -> 0xFFFA
[1319] [M]: 0x0000000080001488 (0xFFFA0EB7) lui t4, -0x60
x29 <- 0xFFFFFFFFFFFA0000

mem[X,0x000000008000148C] -> 0x8E93
mem[X,0x000000008000148E] -> 0xFDFE
[1320] [M]: 0x000000008000148C (0xFDFE8E93) addi t4, t4, -0x21
x29 <- 0xFFFFFFFFFFF9FFDF

mem[X,0x0000000080001490] -> 0x9E93
mem[X,0x0000000080001492] -> 0x00BE
[1321] [M]: 0x0000000080001490 (0x00BE9E93) slli t4, t4, 0xb
x29 <- 0xFFFFFFFFCFFEF800

mem[X,0x0000000080001494] -> 0x8E93
mem[X,0x0000000080001496] -> 0x7FDE
[1322] [M]: 0x0000000080001494 (0x7FDE8E93) addi t4, t4, 0x7fd
x29 <- 0xFFFFFFFFCFFEFFFD

mem[X,0x0000000080001498] -> 0x9E93
mem[X,0x000000008000149A] -> 0x00BE
[1323] [M]: 0x0000000080001498 (0x00BE9E93) slli t4, t4, 0xb
x29 <- 0xFFFFFE7FF7FFE800

mem[X,0x000000008000149C] -> 0x8E93
mem[X,0x000000008000149E] -> 0x7EFE
[1324] [M]: 0x000000008000149C (0x7EFE8E93) addi t4, t4, 0x7ef
x29 <- 0xFFFFFE7FF7FFEFEF

mem[X,0x00000000800014A0] -> 0x9E93
mem[X,0x00000000800014A2] -> 0x00AE
[1325] [M]: 0x00000000800014A0 (0x00AE9E93) slli t4, t4, 0xa
x29 <- 0xFFF9FFDFFFBFBC00

mem[X,0x00000000800014A4] -> 0x8E93
mem[X,0x00000000800014A6] -> 0x3FFE
[1326] [M]: 0x00000000800014A4 (0x3FFE8E93) addi t4, t4, 0x3ff
x29 <- 0xFFF9FFDFFFBFBFFF

mem[X,0x00000000800014A8] -> 0x7FBB
mem[X,0x00000000800014AA] -> 0x8DDF
[1327] [M]: 0x00000000800014A8 (0x8DDF7FBB) pmhracc.h t6, t5, t4
x31 <- 0xCC1CF201E5EBF900

mem[X,0x00000000800014AC] -> 0xB423
mem[X,0x00000000800014AE] -> 0x13F0
[1328] [M]: 0x00000000800014AC (0x13F0B423) sd t6, 0x128(ra)
mem[0x0000000080004330] <- 0xCC1CF201E5EBF900

mem[X,0x00000000800014B0] -> 0x1F37
mem[X,0x00000000800014B2] -> 0x0200
[1329] [M]: 0x00000000800014B0 (0x02001F37) lui t5, 0x2001
x30 <- 0x0000000002001000

mem[X,0x00000000800014B4] -> 0x0F13
mem[X,0x00000000800014B6] -> 0x800F
[1330] [M]: 0x00000000800014B4 (0x800F0F13) addi t5, t5, -0x800
x30 <- 0x0000000002000800

mem[X,0x00000000800014B8] -> 0x1F13
mem[X,0x00000000800014BA] -> 0x00BF
[1331] [M]: 0x00000000800014B8 (0x00BF1F13) slli t5, t5, 0xb
x30 <- 0x0000001000400000

mem[X,0x00000000800014BC] -> 0x0F13
mem[X,0x00000000800014BE] -> 0x020F
[1332] [M]: 0x00000000800014BC (0x020F0F13) addi t5, t5, 0x20
x30 <- 0x0000001000400020

mem[X,0x00000000800014C0] -> 0x1F13
mem[X,0x00000000800014C2] -> 0x00BF
[1333] [M]: 0x00000000800014C0 (0x00BF1F13) slli t5, t5, 0xb
x30 <- 0x0000800200010000

mem[X,0x00000000800014C4] -> 0x0F13
mem[X,0x00000000800014C6] -> 0x000F
[1334] [M]: 0x00000000800014C4 (0x000F0F13) addi t5, t5, 0x0
x30 <- 0x0000800200010000

mem[X,0x00000000800014C8] -> 0x1F13
mem[X,0x00000000800014CA] -> 0x00AF
[1335] [M]: 0x00000000800014C8 (0x00AF1F13) slli t5, t5, 0xa
x30 <- 0x0200080004000000

mem[X,0x00000000800014CC] -> 0x0F13
mem[X,0x00000000800014CE] -> 0x040F
[1336] [M]: 0x00000000800014CC (0x040F0F13) addi t5, t5, 0x40
x30 <- 0x0200080004000040

mem[X,0x00000000800014D0] -> 0x0EB7
mem[X,0x00000000800014D2] -> 0x3FFF
[1337] [M]: 0x00000000800014D0 (0x3FFF0EB7) lui t4, 0x3fff0
x29 <- 0x000000003FFF0000

mem[X,0x00000000800014D4] -> 0x8E93
mem[X,0x00000000800014D6] -> 0x001E
[1338] [M]: 0x00000000800014D4 (0x001E8E93) addi t4, t4, 0x1
x29 <- 0x000000003FFF0001

mem[X,0x00000000800014D8] -> 0x9E93
mem[X,0x00000000800014DA] -> 0x00BE
[1339] [M]: 0x00000000800014D8 (0x00BE9E93) slli t4, t4, 0xb
x29 <- 0x000001FFF8000800

mem[X,0x00000000800014DC] -> 0x8E93
mem[X,0x00000000800014DE] -> 0x000E
[1340] [M]: 0x00000000800014DC (0x000E8E93) addi t4, t4, 0x0
x29 <- 0x000001FFF8000800

mem[X,0x00000000800014E0] -> 0x9E93
mem[X,0x00000000800014E2] -> 0x00BE
[1341] [M]: 0x00000000800014E0 (0x00BE9E93) slli t4, t4, 0xb
x29 <- 0x000FFFC000400000

mem[X,0x00000000800014E4] -> 0x8E93
mem[X,0x00000000800014E6] -> 0x100E
[1342] [M]: 0x00000000800014E4 (0x100E8E93) addi t4, t4, 0x100
x29 <- 0x000FFFC000400100

mem[X,0x00000000800014E8] -> 0x9E93
mem[X,0x00000000800014EA] -> 0x00AE
[1343] [M]: 0x00000000800014E8 (0x00AE9E93) slli t4, t4, 0xa
x29 <- 0x3FFF000100040000

mem[X,0x00000000800014EC] -> 0x8E93
mem[X,0x00000000800014EE] -> 0x004E
[1344] [M]: 0x00000000800014EC (0x004E8E93) addi t4, t4, 0x4
x29 <- 0x3FFF000100040004

mem[X,0x00000000800014F0] -> 0x7FBB
mem[X,0x00000000800014F2] -> 0x8DDF
[1345] [M]: 0x00000000800014F0 (0x8DDF7FBB) pmhracc.h t6, t5, t4
x31 <- 0xCC9CF201E5EBF900

mem[X,0x00000000800014F4] -> 0xB823
mem[X,0x00000000800014F6] -> 0x13F0
[1346] [M]: 0x00000000800014F4 (0x13F0B823) sd t6, 0x130(ra)
mem[0x0000000080004338] <- 0xCC9CF201E5EBF900

mem[X,0x00000000800014F8] -> 0x0F37
mem[X,0x00000000800014FA] -> 0x2001
[1347] [M]: 0x00000000800014F8 (0x20010F37) lui t5, 0x20010
x30 <- 0x0000000020010000

mem[X,0x00000000800014FC] -> 0x0F13
mem[X,0x00000000800014FE] -> 0xFF6F
[1348] [M]: 0x00000000800014FC (0xFF6F0F13) addi t5, t5, -0xa
x30 <- 0x000000002000FFF6

mem[X,0x0000000080001500] -> 0x1F13
mem[X,0x0000000080001502] -> 0x00BF
[1349] [M]: 0x0000000080001500 (0x00BF1F13) slli t5, t5, 0xb
x30 <- 0x0000010007FFB000

mem[X,0x0000000080001504] -> 0x0F13
mem[X,0x0000000080001506] -> 0x7FFF
[1350] [M]: 0x0000000080001504 (0x7FFF0F13) addi t5, t5, 0x7ff
x30 <- 0x0000010007FFB7FF

mem[X,0x0000000080001508] -> 0x1F13
mem[X,0x000000008000150A] -> 0x00BF
[1351] [M]: 0x0000000080001508 (0x00BF1F13) slli t5, t5, 0xb
x30 <- 0x0008003FFDBFF800

mem[X,0x000000008000150C] -> 0x0F13
mem[X,0x000000008000150E] -> 0x6FBF
[1352] [M]: 0x000000008000150C (0x6FBF0F13) addi t5, t5, 0x6fb
x30 <- 0x0008003FFDBFFEFB

mem[X,0x0000000080001510] -> 0x1F13
mem[X,0x0000000080001512] -> 0x00AF
[1353] [M]: 0x0000000080001510 (0x00AF1F13) slli t5, t5, 0xa
x30 <- 0x2000FFF6FFFBEC00

mem[X,0x0000000080001514] -> 0x0F13
mem[X,0x0000000080001516] -> 0x3FFF
[1354] [M]: 0x0000000080001514 (0x3FFF0F13) addi t5, t5, 0x3ff
x30 <- 0x2000FFF6FFFBEFFF

mem[X,0x0000000080001518] -> 0xFEB7
mem[X,0x000000008000151A] -> 0x8000
[1355] [M]: 0x0000000080001518 (0x8000FEB7) lui t4, -0x7fff1
x29 <- 0xFFFFFFFF8000F000

mem[X,0x000000008000151C] -> 0x8E93
mem[X,0x000000008000151E] -> 0xFFFE
[1356] [M]: 0x000000008000151C (0xFFFE8E93) addi t4, t4, -0x1
x29 <- 0xFFFFFFFF8000EFFF

mem[X,0x0000000080001520] -> 0x9E93
mem[X,0x0000000080001522] -> 0x00BE
[1357] [M]: 0x0000000080001520 (0x00BE9E93) slli t4, t4, 0xb
x29 <- 0xFFFFFC00077FF800

mem[X,0x0000000080001524] -> 0x8E93
mem[X,0x0000000080001526] -> 0x2AAE
[1358] [M]: 0x0000000080001524 (0x2AAE8E93) addi t4, t4, 0x2aa
x29 <- 0xFFFFFC00077FFAAA

mem[X,0x0000000080001528] -> 0x9E93
mem[X,0x000000008000152A] -> 0x00BE
[1359] [M]: 0x0000000080001528 (0x00BE9E93) slli t4, t4, 0xb
x29 <- 0xFFE0003BFFD55000

mem[X,0x000000008000152C] -> 0x8E93
mem[X,0x000000008000152E] -> 0x555E
[1360] [M]: 0x000000008000152C (0x555E8E93) addi t4, t4, 0x555
x29 <- 0xFFE0003BFFD55555

mem[X,0x0000000080001530] -> 0x9E93
mem[X,0x0000000080001532] -> 0x00AE
[1361] [M]: 0x0000000080001530 (0x00AE9E93) slli t4, t4, 0xa
x29 <- 0x8000EFFF55555400

mem[X,0x0000000080001534] -> 0x8E93
mem[X,0x0000000080001536] -> 0x155E
[1362] [M]: 0x0000000080001534 (0x155E8E93) addi t4, t4, 0x155
x29 <- 0x8000EFFF55555555

mem[X,0x0000000080001538] -> 0x7FBB
mem[X,0x000000008000153A] -> 0x8DDF
[1363] [M]: 0x0000000080001538 (0x8DDF7FBB) pmhracc.h t6, t5, t4
x31 <- 0xBC9CF202E5E9F3AA

mem[X,0x000000008000153C] -> 0xBC23
mem[X,0x000000008000153E] -> 0x13F0
[1364] [M]: 0x000000008000153C (0x13F0BC23) sd t6, 0x138(ra)
mem[0x0000000080004340] <- 0xBC9CF202E5E9F3AA

mem[X,0x0000000080001540] -> 0x8F37
mem[X,0x0000000080001542] -> 0x0007
[1365] [M]: 0x0000000080001540 (0x00078F37) lui t5, 0x78
x30 <- 0x0000000000078000

mem[X,0x0000000080001544] -> 0x0F13
mem[X,0x0000000080001546] -> 0xFFFF
[1366] [M]: 0x0000000080001544 (0xFFFF0F13) addi t5, t5, -0x1
x30 <- 0x0000000000077FFF

mem[X,0x0000000080001548] -> 0x1F13
mem[X,0x000000008000154A] -> 0x00BF
[1367] [M]: 0x0000000080001548 (0x00BF1F13) slli t5, t5, 0xb
x30 <- 0x000000003BFFF800

mem[X,0x000000008000154C] -> 0x0F13
mem[X,0x000000008000154E] -> 0x000F
[1368] [M]: 0x000000008000154C (0x000F0F13) addi t5, t5, 0x0
x30 <- 0x000000003BFFF800

mem[X,0x0000000080001550] -> 0x1F13
mem[X,0x0000000080001552] -> 0x00BF
[1369] [M]: 0x0000000080001550 (0x00BF1F13) slli t5, t5, 0xb
x30 <- 0x000001DFFFC00000

mem[X,0x0000000080001554] -> 0x0F13
mem[X,0x0000000080001556] -> 0x0C0F
[1370] [M]: 0x0000000080001554 (0x0C0F0F13) addi t5, t5, 0xc0
x30 <- 0x000001DFFFC000C0

mem[X,0x0000000080001558] -> 0x1F13
mem[X,0x000000008000155A] -> 0x00AF
[1371] [M]: 0x0000000080001558 (0x00AF1F13) slli t5, t5, 0xa
x30 <- 0x00077FFF00030000

mem[X,0x000000008000155C] -> 0x0F13
mem[X,0x000000008000155E] -> 0x007F
[1372] [M]: 0x000000008000155C (0x007F0F13) addi t5, t5, 0x7
x30 <- 0x00077FFF00030007

mem[X,0x0000000080001560] -> 0xFEB7
mem[X,0x0000000080001562] -> 0x0008
[1373] [M]: 0x0000000080001560 (0x0008FEB7) lui t4, 0x8f
x29 <- 0x000000000008F000

mem[X,0x0000000080001564] -> 0x8E93
mem[X,0x0000000080001566] -> 0x7FFE
[1374] [M]: 0x0000000080001564 (0x7FFE8E93) addi t4, t4, 0x7ff
x29 <- 0x000000000008F7FF

mem[X,0x0000000080001568] -> 0x9E93
mem[X,0x000000008000156A] -> 0x00BE
[1375] [M]: 0x0000000080001568 (0x00BE9E93) slli t4, t4, 0xb
x29 <- 0x0000000047BFF800

mem[X,0x000000008000156C] -> 0x8E93
mem[X,0x000000008000156E] -> 0x400E
[1376] [M]: 0x000000008000156C (0x400E8E93) addi t4, t4, 0x400
x29 <- 0x0000000047BFFC00

mem[X,0x0000000080001570] -> 0x9E93
mem[X,0x0000000080001572] -> 0x00BE
[1377] [M]: 0x0000000080001570 (0x00BE9E93) slli t4, t4, 0xb
x29 <- 0x0000023DFFE00000

mem[X,0x0000000080001574] -> 0x8E93
mem[X,0x0000000080001576] -> 0x000E
[1378] [M]: 0x0000000080001574 (0x000E8E93) addi t4, t4, 0x0
x29 <- 0x0000023DFFE00000

mem[X,0x0000000080001578] -> 0x9E93
mem[X,0x000000008000157A] -> 0x00AE
[1379] [M]: 0x0000000080001578 (0x00AE9E93) slli t4, t4, 0xa
x29 <- 0x0008F7FF80000000

mem[X,0x000000008000157C] -> 0x8E93
mem[X,0x000000008000157E] -> 0x005E
[1380] [M]: 0x000000008000157C (0x005E8E93) addi t4, t4, 0x5
x29 <- 0x0008F7FF80000005

mem[X,0x0000000080001580] -> 0x7FBB
mem[X,0x0000000080001582] -> 0x8DDF
[1381] [M]: 0x0000000080001580 (0x8DDF7FBB) pmhracc.h t6, t5, t4
x31 <- 0xBC9CEE02E5E8F3AA

mem[X,0x0000000080001584] -> 0xB023
mem[X,0x0000000080001586] -> 0x15F0
[1382] [M]: 0x0000000080001584 (0x15F0B023) sd t6, 0x140(ra)
mem[0x0000000080004348] <- 0xBC9CEE02E5E8F3AA

mem[X,0x0000000080001588] -> 0x0F37
mem[X,0x000000008000158A] -> 0x8000
[1383] [M]: 0x0000000080001588 (0x80000F37) lui t5, -0x80000
x30 <- 0xFFFFFFFF80000000

mem[X,0x000000008000158C] -> 0x0F13
mem[X,0x000000008000158E] -> 0x001F
[1384] [M]: 0x000000008000158C (0x001F0F13) addi t5, t5, 0x1
x30 <- 0xFFFFFFFF80000001

mem[X,0x0000000080001590] -> 0x1F13
mem[X,0x0000000080001592] -> 0x00BF
[1385] [M]: 0x0000000080001590 (0x00BF1F13) slli t5, t5, 0xb
x30 <- 0xFFFFFC0000000800

mem[X,0x0000000080001594] -> 0x0F13
mem[X,0x0000000080001596] -> 0x100F
[1386] [M]: 0x0000000080001594 (0x100F0F13) addi t5, t5, 0x100
x30 <- 0xFFFFFC0000000900

mem[X,0x0000000080001598] -> 0x1F13
mem[X,0x000000008000159A] -> 0x00BF
[1387] [M]: 0x0000000080001598 (0x00BF1F13) slli t5, t5, 0xb
x30 <- 0xFFE0000000480000

mem[X,0x000000008000159C] -> 0x0F13
mem[X,0x000000008000159E] -> 0x03FF
[1388] [M]: 0x000000008000159C (0x03FF0F13) addi t5, t5, 0x3f
x30 <- 0xFFE000000048003F

mem[X,0x00000000800015A0] -> 0x1F13
mem[X,0x00000000800015A2] -> 0x00AF
[1389] [M]: 0x00000000800015A0 (0x00AF1F13) slli t5, t5, 0xa
x30 <- 0x800000012000FC00

mem[X,0x00000000800015A4] -> 0x0F13
mem[X,0x00000000800015A6] -> 0x3F7F
[1390] [M]: 0x00000000800015A4 (0x3F7F0F13) addi t5, t5, 0x3f7
x30 <- 0x800000012000FFF7

mem[X,0x00000000800015A8] -> 0x0EB7
mem[X,0x00000000800015AA] -> 0xFFF9
[1391] [M]: 0x00000000800015A8 (0xFFF90EB7) lui t4, -0x70
x29 <- 0xFFFFFFFFFFF90000

mem[X,0x00000000800015AC] -> 0x8E93
mem[X,0x00000000800015AE] -> 0xFFFE
[1392] [M]: 0x00000000800015AC (0xFFFE8E93) addi t4, t4, -0x1
x29 <- 0xFFFFFFFFFFF8FFFF

mem[X,0x00000000800015B0] -> 0x9E93
mem[X,0x00000000800015B2] -> 0x00BE
[1393] [M]: 0x00000000800015B0 (0x00BE9E93) slli t4, t4, 0xb
x29 <- 0xFFFFFFFFC7FFF800

mem[X,0x00000000800015B4] -> 0x8E93
mem[X,0x00000000800015B6] -> 0x7FFE
[1394] [M]: 0x00000000800015B4 (0x7FFE8E93) addi t4, t4, 0x7ff
x29 <- 0xFFFFFFFFC7FFFFFF

mem[X,0x00000000800015B8] -> 0x9E93
mem[X,0x00000000800015BA] -> 0x00BE
[1395] [M]: 0x00000000800015B8 (0x00BE9E93) slli t4, t4, 0xb
x29 <- 0xFFFFFE3FFFFFF800

mem[X,0x00000000800015BC] -> 0x8E93
mem[X,0x00000000800015BE] -> 0x780E
[1396] [M]: 0x00000000800015BC (0x780E8E93) addi t4, t4, 0x780
x29 <- 0xFFFFFE3FFFFFFF80

mem[X,0x00000000800015C0] -> 0x9E93
mem[X,0x00000000800015C2] -> 0x00AE
[1397] [M]: 0x00000000800015C0 (0x00AE9E93) slli t4, t4, 0xa
x29 <- 0xFFF8FFFFFFFE0000

mem[X,0x00000000800015C4] -> 0x8E93
mem[X,0x00000000800015C6] -> 0x006E
[1398] [M]: 0x00000000800015C4 (0x006E8E93) addi t4, t4, 0x6
x29 <- 0xFFF8FFFFFFFE0006

mem[X,0x00000000800015C8] -> 0x7FBB
mem[X,0x00000000800015CA] -> 0x8DDF
[1399] [M]: 0x00000000800015C8 (0x8DDF7FBB) pmhracc.h t6, t5, t4
x31 <- 0xBCA0EE02E5E8F3AA

clint::tick mtime <- 0x000000000000000E
 clint timer pending at mtime 0x000000000000000E
htif::tick 0x0000000000000000
mem[X,0x00000000800015CC] -> 0xB423
mem[X,0x00000000800015CE] -> 0x15F0
[1400] [M]: 0x00000000800015CC (0x15F0B423) sd t6, 0x148(ra)
mem[0x0000000080004350] <- 0xBCA0EE02E5E8F3AA

mem[X,0x00000000800015D0] -> 0x0F37
mem[X,0x00000000800015D2] -> 0x0081
[1401] [M]: 0x00000000800015D0 (0x00810F37) lui t5, 0x810
x30 <- 0x0000000000810000

mem[X,0x00000000800015D4] -> 0x0F13
mem[X,0x00000000800015D6] -> 0xFFAF
[1402] [M]: 0x00000000800015D4 (0xFFAF0F13) addi t5, t5, -0x6
x30 <- 0x000000000080FFFA

mem[X,0x00000000800015D8] -> 0x1F13
mem[X,0x00000000800015DA] -> 0x00BF
[1403] [M]: 0x00000000800015D8 (0x00BF1F13) slli t5, t5, 0xb
x30 <- 0x0000000407FFD000

mem[X,0x00000000800015DC] -> 0x0F13
mem[X,0x00000000800015DE] -> 0x7F7F
[1404] [M]: 0x00000000800015DC (0x7F7F0F13) addi t5, t5, 0x7f7
x30 <- 0x0000000407FFD7F7

mem[X,0x00000000800015E0] -> 0x1F13
mem[X,0x00000000800015E2] -> 0x00BF
[1405] [M]: 0x00000000800015E0 (0x00BF1F13) slli t5, t5, 0xb
x30 <- 0x0000203FFEBFB800

mem[X,0x00000000800015E4] -> 0x0F13
mem[X,0x00000000800015E6] -> 0x7FFF
[1406] [M]: 0x00000000800015E4 (0x7FFF0F13) addi t5, t5, 0x7ff
x30 <- 0x0000203FFEBFBFFF

mem[X,0x00000000800015E8] -> 0x1F13
mem[X,0x00000000800015EA] -> 0x00AF
[1407] [M]: 0x00000000800015E8 (0x00AF1F13) slli t5, t5, 0xa
x30 <- 0x0080FFFAFEFFFC00

mem[X,0x00000000800015EC] -> 0x0F13
mem[X,0x00000000800015EE] -> 0x1FFF
[1408] [M]: 0x00000000800015EC (0x1FFF0F13) addi t5, t5, 0x1ff
x30 <- 0x0080FFFAFEFFFDFF

mem[X,0x00000000800015F0] -> 0x0EB7
mem[X,0x00000000800015F2] -> 0xFFFF
[1409] [M]: 0x00000000800015F0 (0xFFFF0EB7) lui t4, -0x10
x29 <- 0xFFFFFFFFFFFF0000

mem[X,0x00000000800015F4] -> 0x8E93
mem[X,0x00000000800015F6] -> 0xFFBE
[1410] [M]: 0x00000000800015F4 (0xFFBE8E93) addi t4, t4, -0x5
x29 <- 0xFFFFFFFFFFFEFFFB

mem[X,0x00000000800015F8] -> 0x9E93
mem[X,0x00000000800015FA] -> 0x00BE
[1411] [M]: 0x00000000800015F8 (0x00BE9E93) slli t4, t4, 0xb
x29 <- 0xFFFFFFFFF7FFD800

mem[X,0x00000000800015FC] -> 0x8E93
mem[X,0x00000000800015FE] -> 0x000E
[1412] [M]: 0x00000000800015FC (0x000E8E93) addi t4, t4, 0x0
x29 <- 0xFFFFFFFFF7FFD800

mem[X,0x0000000080001600] -> 0x9E93
mem[X,0x0000000080001602] -> 0x00BE
[1413] [M]: 0x0000000080001600 (0x00BE9E93) slli t4, t4, 0xb
x29 <- 0xFFFFFFBFFEC00000

mem[X,0x0000000080001604] -> 0x8E93
mem[X,0x0000000080001606] -> 0x0AAE
[1414] [M]: 0x0000000080001604 (0x0AAE8E93) addi t4, t4, 0xaa
x29 <- 0xFFFFFFBFFEC000AA

mem[X,0x0000000080001608] -> 0x9E93
mem[X,0x000000008000160A] -> 0x00AE
[1415] [M]: 0x0000000080001608 (0x00AE9E93) slli t4, t4, 0xa
x29 <- 0xFFFEFFFB0002A800

mem[X,0x000000008000160C] -> 0x8E93
mem[X,0x000000008000160E] -> 0x2AAE
[1416] [M]: 0x000000008000160C (0x2AAE8E93) addi t4, t4, 0x2aa
x29 <- 0xFFFEFFFB0002AAAA

mem[X,0x0000000080001610] -> 0x7FBB
mem[X,0x0000000080001612] -> 0x8DDF
[1417] [M]: 0x0000000080001610 (0x8DDF7FBB) pmhracc.h t6, t5, t4
x31 <- 0xBCA0EE02E5E8F455

mem[X,0x0000000080001614] -> 0xB823
mem[X,0x0000000080001616] -> 0x15F0
[1418] [M]: 0x0000000080001614 (0x15F0B823) sd t6, 0x150(ra)
mem[0x0000000080004358] <- 0xBCA0EE02E5E8F455

mem[X,0x0000000080001618] -> 0x8F37
mem[X,0x000000008000161A] -> 0xFFFD
[1419] [M]: 0x0000000080001618 (0xFFFD8F37) lui t5, -0x28
x30 <- 0xFFFFFFFFFFFD8000

mem[X,0x000000008000161C] -> 0x0F13
mem[X,0x000000008000161E] -> 0xFFFF
[1420] [M]: 0x000000008000161C (0xFFFF0F13) addi t5, t5, -0x1
x30 <- 0xFFFFFFFFFFFD7FFF

mem[X,0x0000000080001620] -> 0x1F13
mem[X,0x0000000080001622] -> 0x00BF
[1421] [M]: 0x0000000080001620 (0x00BF1F13) slli t5, t5, 0xb
x30 <- 0xFFFFFFFFEBFFF800

mem[X,0x0000000080001624] -> 0x0F13
mem[X,0x0000000080001626] -> 0x1FFF
[1422] [M]: 0x0000000080001624 (0x1FFF0F13) addi t5, t5, 0x1ff
x30 <- 0xFFFFFFFFEBFFF9FF

mem[X,0x0000000080001628] -> 0x1F13
mem[X,0x000000008000162A] -> 0x00BF
[1423] [M]: 0x0000000080001628 (0x00BF1F13) slli t5, t5, 0xb
x30 <- 0xFFFFFF5FFFCFF800

mem[X,0x000000008000162C] -> 0x0F13
mem[X,0x000000008000162E] -> 0x7C0F
[1424] [M]: 0x000000008000162C (0x7C0F0F13) addi t5, t5, 0x7c0
x30 <- 0xFFFFFF5FFFCFFFC0

mem[X,0x0000000080001630] -> 0x1F13
mem[X,0x0000000080001632] -> 0x00AF
[1425] [M]: 0x0000000080001630 (0x00AF1F13) slli t5, t5, 0xa
x30 <- 0xFFFD7FFF3FFF0000

mem[X,0x0000000080001634] -> 0x0F13
mem[X,0x0000000080001636] -> 0x004F
[1426] [M]: 0x0000000080001634 (0x004F0F13) addi t5, t5, 0x4
x30 <- 0xFFFD7FFF3FFF0004

mem[X,0x0000000080001638] -> 0xFEB7
mem[X,0x000000008000163A] -> 0x0010
[1427] [M]: 0x0000000080001638 (0x0010FEB7) lui t4, 0x10f
x29 <- 0x000000000010F000

mem[X,0x000000008000163C] -> 0x8E93
mem[X,0x000000008000163E] -> 0xFFFE
[1428] [M]: 0x000000008000163C (0xFFFE8E93) addi t4, t4, -0x1
x29 <- 0x000000000010EFFF

mem[X,0x0000000080001640] -> 0x9E93
mem[X,0x0000000080001642] -> 0x00BE
[1429] [M]: 0x0000000080001640 (0x00BE9E93) slli t4, t4, 0xb
x29 <- 0x00000000877FF800

mem[X,0x0000000080001644] -> 0x8E93
mem[X,0x0000000080001646] -> 0x001E
[1430] [M]: 0x0000000080001644 (0x001E8E93) addi t4, t4, 0x1
x29 <- 0x00000000877FF801

mem[X,0x0000000080001648] -> 0x9E93
mem[X,0x000000008000164A] -> 0x00BE
[1431] [M]: 0x0000000080001648 (0x00BE9E93) slli t4, t4, 0xb
x29 <- 0x0000043BFFC00800

mem[X,0x000000008000164C] -> 0x8E93
mem[X,0x000000008000164E] -> 0x03FE
[1432] [M]: 0x000000008000164C (0x03FE8E93) addi t4, t4, 0x3f
x29 <- 0x0000043BFFC0083F

mem[X,0x0000000080001650] -> 0x9E93
mem[X,0x0000000080001652] -> 0x00AE
[1433] [M]: 0x0000000080001650 (0x00AE9E93) slli t4, t4, 0xa
x29 <- 0x0010EFFF0020FC00

mem[X,0x0000000080001654] -> 0x8E93
mem[X,0x0000000080001656] -> 0x3FDE
[1434] [M]: 0x0000000080001654 (0x3FDE8E93) addi t4, t4, 0x3fd
x29 <- 0x0010EFFF0020FFFD

mem[X,0x0000000080001658] -> 0x7FBB
mem[X,0x000000008000165A] -> 0x8DDF
[1435] [M]: 0x0000000080001658 (0x8DDF7FBB) pmhracc.h t6, t5, t4
x31 <- 0xBCA0E602E5F0F455

mem[X,0x000000008000165C] -> 0xBC23
mem[X,0x000000008000165E] -> 0x15F0
[1436] [M]: 0x000000008000165C (0x15F0BC23) sd t6, 0x158(ra)
mem[0x0000000080004360] <- 0xBCA0E602E5F0F455

mem[X,0x0000000080001660] -> 0xCF37
mem[X,0x0000000080001662] -> 0x7FFF
[1437] [M]: 0x0000000080001660 (0x7FFFCF37) lui t5, 0x7fffc
x30 <- 0x000000007FFFC000

mem[X,0x0000000080001664] -> 0x0F13
mem[X,0x0000000080001666] -> 0xFFFF
[1438] [M]: 0x0000000080001664 (0xFFFF0F13) addi t5, t5, -0x1
x30 <- 0x000000007FFFBFFF

mem[X,0x0000000080001668] -> 0x1F13
mem[X,0x000000008000166A] -> 0x00BF
[1439] [M]: 0x0000000080001668 (0x00BF1F13) slli t5, t5, 0xb
x30 <- 0x000003FFFDFFF800

mem[X,0x000000008000166C] -> 0x0F13
mem[X,0x000000008000166E] -> 0x7EFF
[1440] [M]: 0x000000008000166C (0x7EFF0F13) addi t5, t5, 0x7ef
x30 <- 0x000003FFFDFFFFEF

mem[X,0x0000000080001670] -> 0x1F13
mem[X,0x0000000080001672] -> 0x00BF
[1441] [M]: 0x0000000080001670 (0x00BF1F13) slli t5, t5, 0xb
x30 <- 0x001FFFEFFFFF7800

mem[X,0x0000000080001674] -> 0x0F13
mem[X,0x0000000080001676] -> 0x7C0F
[1442] [M]: 0x0000000080001674 (0x7C0F0F13) addi t5, t5, 0x7c0
x30 <- 0x001FFFEFFFFF7FC0

mem[X,0x0000000080001678] -> 0x1F13
mem[X,0x000000008000167A] -> 0x00AF
[1443] [M]: 0x0000000080001678 (0x00AF1F13) slli t5, t5, 0xa
x30 <- 0x7FFFBFFFFDFF0000

mem[X,0x000000008000167C] -> 0x0F13
mem[X,0x000000008000167E] -> 0x008F
[1444] [M]: 0x000000008000167C (0x008F0F13) addi t5, t5, 0x8
x30 <- 0x7FFFBFFFFDFF0008

mem[X,0x0000000080001680] -> 0x0EB7
mem[X,0x0000000080001682] -> 0x000A
[1445] [M]: 0x0000000080001680 (0x000A0EB7) lui t4, 0xa0
x29 <- 0x00000000000A0000

mem[X,0x0000000080001684] -> 0x8E93
mem[X,0x0000000080001686] -> 0xFFEE
[1446] [M]: 0x0000000080001684 (0xFFEE8E93) addi t4, t4, -0x2
x29 <- 0x000000000009FFFE

mem[X,0x0000000080001688] -> 0x9E93
mem[X,0x000000008000168A] -> 0x00BE
[1447] [M]: 0x0000000080001688 (0x00BE9E93) slli t4, t4, 0xb
x29 <- 0x000000004FFFF000

mem[X,0x000000008000168C] -> 0x8E93
mem[X,0x000000008000168E] -> 0x020E
[1448] [M]: 0x000000008000168C (0x020E8E93) addi t4, t4, 0x20
x29 <- 0x000000004FFFF020

mem[X,0x0000000080001690] -> 0x9E93
mem[X,0x0000000080001692] -> 0x00BE
[1449] [M]: 0x0000000080001690 (0x00BE9E93) slli t4, t4, 0xb
x29 <- 0x0000027FFF810000

mem[X,0x0000000080001694] -> 0x8E93
mem[X,0x0000000080001696] -> 0x03FE
[1450] [M]: 0x0000000080001694 (0x03FE8E93) addi t4, t4, 0x3f
x29 <- 0x0000027FFF81003F

mem[X,0x0000000080001698] -> 0x9E93
mem[X,0x000000008000169A] -> 0x00AE
[1451] [M]: 0x0000000080001698 (0x00AE9E93) slli t4, t4, 0xa
x29 <- 0x0009FFFE0400FC00

mem[X,0x000000008000169C] -> 0x8E93
mem[X,0x000000008000169E] -> 0x3F6E
[1452] [M]: 0x000000008000169C (0x3F6E8E93) addi t4, t4, 0x3f6
x29 <- 0x0009FFFE0400FFF6

mem[X,0x00000000800016A0] -> 0x7FBB
mem[X,0x00000000800016A2] -> 0x8DDF
[1453] [M]: 0x00000000800016A0 (0x8DDF7FBB) pmhracc.h t6, t5, t4
x31 <- 0xBCA4E603E5E8F455

mem[X,0x00000000800016A4] -> 0xB023
mem[X,0x00000000800016A6] -> 0x17F0
[1454] [M]: 0x00000000800016A4 (0x17F0B023) sd t6, 0x160(ra)
mem[0x0000000080004368] <- 0xBCA4E603E5E8F455

mem[X,0x00000000800016A8] -> 0x0F37
mem[X,0x00000000800016AA] -> 0x0201
[1455] [M]: 0x00000000800016A8 (0x02010F37) lui t5, 0x2010
x30 <- 0x0000000002010000

mem[X,0x00000000800016AC] -> 0x0F13
mem[X,0x00000000800016AE] -> 0xFF6F
[1456] [M]: 0x00000000800016AC (0xFF6F0F13) addi t5, t5, -0xa
x30 <- 0x000000000200FFF6

mem[X,0x00000000800016B0] -> 0x1F13
mem[X,0x00000000800016B2] -> 0x00BF
[1457] [M]: 0x00000000800016B0 (0x00BF1F13) slli t5, t5, 0xb
x30 <- 0x0000001007FFB000

mem[X,0x00000000800016B4] -> 0x0F13
mem[X,0x00000000800016B6] -> 0x040F
[1458] [M]: 0x00000000800016B4 (0x040F0F13) addi t5, t5, 0x40
x30 <- 0x0000001007FFB040

mem[X,0x00000000800016B8] -> 0x1F13
mem[X,0x00000000800016BA] -> 0x00BF
[1459] [M]: 0x00000000800016B8 (0x00BF1F13) slli t5, t5, 0xb
x30 <- 0x0000803FFD820000

mem[X,0x00000000800016BC] -> 0x0F13
mem[X,0x00000000800016BE] -> 0x000F
[1460] [M]: 0x00000000800016BC (0x000F0F13) addi t5, t5, 0x0
x30 <- 0x0000803FFD820000

mem[X,0x00000000800016C0] -> 0x1F13
mem[X,0x00000000800016C2] -> 0x00AF
[1461] [M]: 0x00000000800016C0 (0x00AF1F13) slli t5, t5, 0xa
x30 <- 0x0200FFF608000000

mem[X,0x00000000800016C4] -> 0x0F13
mem[X,0x00000000800016C6] -> 0x003F
[1462] [M]: 0x00000000800016C4 (0x003F0F13) addi t5, t5, 0x3
x30 <- 0x0200FFF608000003

mem[X,0x00000000800016C8] -> 0xFEB7
mem[X,0x00000000800016CA] -> 0x0004
[1463] [M]: 0x00000000800016C8 (0x0004FEB7) lui t4, 0x4f
x29 <- 0x000000000004F000

mem[X,0x00000000800016CC] -> 0x8E93
mem[X,0x00000000800016CE] -> 0x7FFE
[1464] [M]: 0x00000000800016CC (0x7FFE8E93) addi t4, t4, 0x7ff
x29 <- 0x000000000004F7FF

mem[X,0x00000000800016D0] -> 0x9E93
mem[X,0x00000000800016D2] -> 0x00BE
[1465] [M]: 0x00000000800016D0 (0x00BE9E93) slli t4, t4, 0xb
x29 <- 0x0000000027BFF800

mem[X,0x00000000800016D4] -> 0x8E93
mem[X,0x00000000800016D6] -> 0x010E
[1466] [M]: 0x00000000800016D4 (0x010E8E93) addi t4, t4, 0x10
x29 <- 0x0000000027BFF810

mem[X,0x00000000800016D8] -> 0x9E93
mem[X,0x00000000800016DA] -> 0x00BE
[1467] [M]: 0x00000000800016D8 (0x00BE9E93) slli t4, t4, 0xb
x29 <- 0x0000013DFFC08000

mem[X,0x00000000800016DC] -> 0x8E93
mem[X,0x00000000800016DE] -> 0x03FE
[1468] [M]: 0x00000000800016DC (0x03FE8E93) addi t4, t4, 0x3f
x29 <- 0x0000013DFFC0803F

mem[X,0x00000000800016E0] -> 0x9E93
mem[X,0x00000000800016E2] -> 0x00AE
[1469] [M]: 0x00000000800016E0 (0x00AE9E93) slli t4, t4, 0xa
x29 <- 0x0004F7FF0200FC00

mem[X,0x00000000800016E4] -> 0x8E93
mem[X,0x00000000800016E6] -> 0x3F7E
[1470] [M]: 0x00000000800016E4 (0x3F7E8E93) addi t4, t4, 0x3f7
x29 <- 0x0004F7FF0200FFF7

mem[X,0x00000000800016E8] -> 0x7FBB
mem[X,0x00000000800016EA] -> 0x8DDF
[1471] [M]: 0x00000000800016E8 (0x8DDF7FBB) pmhracc.h t6, t5, t4
x31 <- 0xBCA4E603E5F8F455

mem[X,0x00000000800016EC] -> 0xB423
mem[X,0x00000000800016EE] -> 0x17F0
[1472] [M]: 0x00000000800016EC (0x17F0B423) sd t6, 0x168(ra)
mem[0x0000000080004370] <- 0xBCA4E603E5F8F455

mem[X,0x00000000800016F0] -> 0x0F37
mem[X,0x00000000800016F2] -> 0xFFDF
[1473] [M]: 0x00000000800016F0 (0xFFDF0F37) lui t5, -0x210
x30 <- 0xFFFFFFFFFFDF0000

mem[X,0x00000000800016F4] -> 0x0F13
mem[X,0x00000000800016F6] -> 0x400F
[1474] [M]: 0x00000000800016F4 (0x400F0F13) addi t5, t5, 0x400
x30 <- 0xFFFFFFFFFFDF0400

mem[X,0x00000000800016F8] -> 0x1F13
mem[X,0x00000000800016FA] -> 0x00BF
[1475] [M]: 0x00000000800016F8 (0x00BF1F13) slli t5, t5, 0xb
x30 <- 0xFFFFFFFEF8200000

mem[X,0x00000000800016FC] -> 0x0F13
mem[X,0x00000000800016FE] -> 0x000F
[1476] [M]: 0x00000000800016FC (0x000F0F13) addi t5, t5, 0x0
x30 <- 0xFFFFFFFEF8200000

mem[X,0x0000000080001700] -> 0x1F13
mem[X,0x0000000080001702] -> 0x00BF
[1477] [M]: 0x0000000080001700 (0x00BF1F13) slli t5, t5, 0xb
x30 <- 0xFFFFF7C100000000

mem[X,0x0000000080001704] -> 0x0F13
mem[X,0x0000000080001706] -> 0x1FFF
[1478] [M]: 0x0000000080001704 (0x1FFF0F13) addi t5, t5, 0x1ff
x30 <- 0xFFFFF7C1000001FF

mem[X,0x0000000080001708] -> 0x1F13
mem[X,0x000000008000170A] -> 0x00AF
[1479] [M]: 0x0000000080001708 (0x00AF1F13) slli t5, t5, 0xa
x30 <- 0xFFDF04000007FC00

mem[X,0x000000008000170C] -> 0x0F13
mem[X,0x000000008000170E] -> 0x3EFF
[1480] [M]: 0x000000008000170C (0x3EFF0F13) addi t5, t5, 0x3ef
x30 <- 0xFFDF04000007FFEF

mem[X,0x0000000080001710] -> 0x4EB7
mem[X,0x0000000080001712] -> 0x0007
[1481] [M]: 0x0000000080001710 (0x00074EB7) lui t4, 0x74
x29 <- 0x0000000000074000

mem[X,0x0000000080001714] -> 0x8E93
mem[X,0x0000000080001716] -> 0xFFFE
[1482] [M]: 0x0000000080001714 (0xFFFE8E93) addi t4, t4, -0x1
x29 <- 0x0000000000073FFF

mem[X,0x0000000080001718] -> 0x9E93
mem[X,0x000000008000171A] -> 0x00BE
[1483] [M]: 0x0000000080001718 (0x00BE9E93) slli t4, t4, 0xb
x29 <- 0x0000000039FFF800

mem[X,0x000000008000171C] -> 0x8E93
mem[X,0x000000008000171E] -> 0x7FEE
[1484] [M]: 0x000000008000171C (0x7FEE8E93) addi t4, t4, 0x7fe
x29 <- 0x0000000039FFFFFE

mem[X,0x0000000080001720] -> 0x9E93
mem[X,0x0000000080001722] -> 0x00BE
[1485] [M]: 0x0000000080001720 (0x00BE9E93) slli t4, t4, 0xb
x29 <- 0x000001CFFFFFF000

mem[X,0x0000000080001724] -> 0x8E93
mem[X,0x0000000080001726] -> 0x7FFE
[1486] [M]: 0x0000000080001724 (0x7FFE8E93) addi t4, t4, 0x7ff
x29 <- 0x000001CFFFFFF7FF

mem[X,0x0000000080001728] -> 0x9E93
mem[X,0x000000008000172A] -> 0x00AE
[1487] [M]: 0x0000000080001728 (0x00AE9E93) slli t4, t4, 0xa
x29 <- 0x00073FFFFFDFFC00

mem[X,0x000000008000172C] -> 0x8E93
mem[X,0x000000008000172E] -> 0x3FFE
[1488] [M]: 0x000000008000172C (0x3FFE8E93) addi t4, t4, 0x3ff
x29 <- 0x00073FFFFFDFFFFF

mem[X,0x0000000080001730] -> 0x7FBB
mem[X,0x0000000080001732] -> 0x8DDF
[1489] [M]: 0x0000000080001730 (0x8DDF7FBB) pmhracc.h t6, t5, t4
x31 <- 0xBCA4E703E5F8F455

mem[X,0x0000000080001734] -> 0xB823
mem[X,0x0000000080001736] -> 0x17F0
[1490] [M]: 0x0000000080001734 (0x17F0B823) sd t6, 0x170(ra)
mem[0x0000000080004378] <- 0xBCA4E703E5F8F455

mem[X,0x0000000080001738] -> 0x0F37
mem[X,0x000000008000173A] -> 0xFEFF
[1491] [M]: 0x0000000080001738 (0xFEFF0F37) lui t5, -0x1010
x30 <- 0xFFFFFFFFFEFF0000

mem[X,0x000000008000173C] -> 0x0F13
mem[X,0x000000008000173E] -> 0x004F
[1492] [M]: 0x000000008000173C (0x004F0F13) addi t5, t5, 0x4
x30 <- 0xFFFFFFFFFEFF0004

mem[X,0x0000000080001740] -> 0x1F13
mem[X,0x0000000080001742] -> 0x00BF
[1493] [M]: 0x0000000080001740 (0x00BF1F13) slli t5, t5, 0xb
x30 <- 0xFFFFFFF7F8002000

mem[X,0x0000000080001744] -> 0x0F13
mem[X,0x0000000080001746] -> 0x000F
[1494] [M]: 0x0000000080001744 (0x000F0F13) addi t5, t5, 0x0
x30 <- 0xFFFFFFF7F8002000

mem[X,0x0000000080001748] -> 0x1F13
mem[X,0x000000008000174A] -> 0x00BF
[1495] [M]: 0x0000000080001748 (0x00BF1F13) slli t5, t5, 0xb
x30 <- 0xFFFFBFC001000000

mem[X,0x000000008000174C] -> 0x0F13
mem[X,0x000000008000174E] -> 0x43BF
[1496] [M]: 0x000000008000174C (0x43BF0F13) addi t5, t5, 0x43b
x30 <- 0xFFFFBFC00100043B

mem[X,0x0000000080001750] -> 0x1F13
mem[X,0x0000000080001752] -> 0x00AF
[1497] [M]: 0x0000000080001750 (0x00AF1F13) slli t5, t5, 0xa
x30 <- 0xFEFF00040010EC00

mem[X,0x0000000080001754] -> 0x0F13
mem[X,0x0000000080001756] -> 0x3FFF
[1498] [M]: 0x0000000080001754 (0x3FFF0F13) addi t5, t5, 0x3ff
x30 <- 0xFEFF00040010EFFF

mem[X,0x0000000080001758] -> 0x0EB7
mem[X,0x000000008000175A] -> 0xFF7F
[1499] [M]: 0x0000000080001758 (0xFF7F0EB7) lui t4, -0x810
x29 <- 0xFFFFFFFFFF7F0000

clint::tick mtime <- 0x000000000000000F
 clint timer pending at mtime 0x000000000000000F
htif::tick 0x0000000000000000
mem[X,0x000000008000175C] -> 0x8E93
mem[X,0x000000008000175E] -> 0x008E
[1500] [M]: 0x000000008000175C (0x008E8E93) addi t4, t4, 0x8
x29 <- 0xFFFFFFFFFF7F0008

mem[X,0x0000000080001760] -> 0x9E93
mem[X,0x0000000080001762] -> 0x00BE
[1501] [M]: 0x0000000080001760 (0x00BE9E93) slli t4, t4, 0xb
x29 <- 0xFFFFFFFBF8004000

mem[X,0x0000000080001764] -> 0x8E93
mem[X,0x0000000080001766] -> 0x6FFE
[1502] [M]: 0x0000000080001764 (0x6FFE8E93) addi t4, t4, 0x6ff
x29 <- 0xFFFFFFFBF80046FF

mem[X,0x0000000080001768] -> 0x9E93
mem[X,0x000000008000176A] -> 0x00BE
[1503] [M]: 0x0000000080001768 (0x00BE9E93) slli t4, t4, 0xb
x29 <- 0xFFFFDFC00237F800

mem[X,0x000000008000176C] -> 0x8E93
mem[X,0x000000008000176E] -> 0x7C0E
[1504] [M]: 0x000000008000176C (0x7C0E8E93) addi t4, t4, 0x7c0
x29 <- 0xFFFFDFC00237FFC0

mem[X,0x0000000080001770] -> 0x9E93
mem[X,0x0000000080001772] -> 0x00AE
[1505] [M]: 0x0000000080001770 (0x00AE9E93) slli t4, t4, 0xa
x29 <- 0xFF7F0008DFFF0000

mem[X,0x0000000080001774] -> 0x8E93
mem[X,0x0000000080001776] -> 0x009E
[1506] [M]: 0x0000000080001774 (0x009E8E93) addi t4, t4, 0x9
x29 <- 0xFF7F0008DFFF0009

mem[X,0x0000000080001778] -> 0x7FBB
mem[X,0x000000008000177A] -> 0x8DDF
[1507] [M]: 0x0000000080001778 (0x8DDF7FBB) pmhracc.h t6, t5, t4
x31 <- 0xBCA5E703E5F6F454

mem[X,0x000000008000177C] -> 0xBC23
mem[X,0x000000008000177E] -> 0x17F0
[1508] [M]: 0x000000008000177C (0x17F0BC23) sd t6, 0x178(ra)
mem[0x0000000080004380] <- 0xBCA5E703E5F6F454

mem[X,0x0000000080001780] -> 0x0F37
mem[X,0x0000000080001782] -> 0x0007
[1509] [M]: 0x0000000080001780 (0x00070F37) lui t5, 0x70
x30 <- 0x0000000000070000

mem[X,0x0000000080001784] -> 0x0F13
mem[X,0x0000000080001786] -> 0x007F
[1510] [M]: 0x0000000080001784 (0x007F0F13) addi t5, t5, 0x7
x30 <- 0x0000000000070007

mem[X,0x0000000080001788] -> 0x1F13
mem[X,0x000000008000178A] -> 0x00BF
[1511] [M]: 0x0000000080001788 (0x00BF1F13) slli t5, t5, 0xb
x30 <- 0x0000000038003800

mem[X,0x000000008000178C] -> 0x0F13
mem[X,0x000000008000178E] -> 0x7FFF
[1512] [M]: 0x000000008000178C (0x7FFF0F13) addi t5, t5, 0x7ff
x30 <- 0x0000000038003FFF

mem[X,0x0000000080001790] -> 0x1F13
mem[X,0x0000000080001792] -> 0x00BF
[1513] [M]: 0x0000000080001790 (0x00BF1F13) slli t5, t5, 0xb
x30 <- 0x000001C001FFF800

mem[X,0x0000000080001794] -> 0x0F13
mem[X,0x0000000080001796] -> 0x604F
[1514] [M]: 0x0000000080001794 (0x604F0F13) addi t5, t5, 0x604
x30 <- 0x000001C001FFFE04

mem[X,0x0000000080001798] -> 0x1F13
mem[X,0x000000008000179A] -> 0x00AF
[1515] [M]: 0x0000000080001798 (0x00AF1F13) slli t5, t5, 0xa
x30 <- 0x00070007FFF81000

mem[X,0x000000008000179C] -> 0x0EB7
mem[X,0x000000008000179E] -> 0xC000
[1516] [M]: 0x000000008000179C (0xC0000EB7) lui t4, -0x40000
x29 <- 0xFFFFFFFFC0000000

mem[X,0x00000000800017A0] -> 0x8E93
mem[X,0x00000000800017A2] -> 0xFBFE
[1517] [M]: 0x00000000800017A0 (0xFBFE8E93) addi t4, t4, -0x41
x29 <- 0xFFFFFFFFBFFFFFBF

mem[X,0x00000000800017A4] -> 0x9E93
mem[X,0x00000000800017A6] -> 0x00BE
[1518] [M]: 0x00000000800017A4 (0x00BE9E93) slli t4, t4, 0xb
x29 <- 0xFFFFFDFFFFFDF800

mem[X,0x00000000800017A8] -> 0x8E93
mem[X,0x00000000800017AA] -> 0x7EFE
[1519] [M]: 0x00000000800017A8 (0x7EFE8E93) addi t4, t4, 0x7ef
x29 <- 0xFFFFFDFFFFFDFFEF

mem[X,0x00000000800017AC] -> 0x9E93
mem[X,0x00000000800017AE] -> 0x00BE
[1520] [M]: 0x00000000800017AC (0x00BE9E93) slli t4, t4, 0xb
x29 <- 0xFFEFFFFFEFFF7800

mem[X,0x00000000800017B0] -> 0x8E93
mem[X,0x00000000800017B2] -> 0x7C0E
[1521] [M]: 0x00000000800017B0 (0x7C0E8E93) addi t4, t4, 0x7c0
x29 <- 0xFFEFFFFFEFFF7FC0

mem[X,0x00000000800017B4] -> 0x9E93
mem[X,0x00000000800017B6] -> 0x00AE
[1522] [M]: 0x00000000800017B4 (0x00AE9E93) slli t4, t4, 0xa
x29 <- 0xBFFFFFBFFDFF0000

mem[X,0x00000000800017B8] -> 0x8E93
mem[X,0x00000000800017BA] -> 0x004E
[1523] [M]: 0x00000000800017B8 (0x004E8E93) addi t4, t4, 0x4
x29 <- 0xBFFFFFBFFDFF0004

mem[X,0x00000000800017BC] -> 0x7FBB
mem[X,0x00000000800017BE] -> 0x8DDF
[1524] [M]: 0x00000000800017BC (0x8DDF7FBB) pmhracc.h t6, t5, t4
x31 <- 0xBCA3E703E5F6F454

mem[X,0x00000000800017C0] -> 0xB023
mem[X,0x00000000800017C2] -> 0x19F0
[1525] [M]: 0x00000000800017C0 (0x19F0B023) sd t6, 0x180(ra)
mem[0x0000000080004388] <- 0xBCA3E703E5F6F454

mem[X,0x00000000800017C4] -> 0x0F37
mem[X,0x00000000800017C6] -> 0xFFFC
[1526] [M]: 0x00000000800017C4 (0xFFFC0F37) lui t5, -0x40
x30 <- 0xFFFFFFFFFFFC0000

mem[X,0x00000000800017C8] -> 0x0F13
mem[X,0x00000000800017CA] -> 0xFFDF
[1527] [M]: 0x00000000800017C8 (0xFFDF0F13) addi t5, t5, -0x3
x30 <- 0xFFFFFFFFFFFBFFFD

mem[X,0x00000000800017CC] -> 0x1F13
mem[X,0x00000000800017CE] -> 0x00BF
[1528] [M]: 0x00000000800017CC (0x00BF1F13) slli t5, t5, 0xb
x30 <- 0xFFFFFFFFDFFFE800

mem[X,0x00000000800017D0] -> 0x0F13
mem[X,0x00000000800017D2] -> 0x7BFF
[1529] [M]: 0x00000000800017D0 (0x7BFF0F13) addi t5, t5, 0x7bf
x30 <- 0xFFFFFFFFDFFFEFBF

mem[X,0x00000000800017D4] -> 0x1F13
mem[X,0x00000000800017D6] -> 0x00BF
[1530] [M]: 0x00000000800017D4 (0x00BF1F13) slli t5, t5, 0xb
x30 <- 0xFFFFFEFFFF7DF800

mem[X,0x00000000800017D8] -> 0x0F13
mem[X,0x00000000800017DA] -> 0x7FFF
[1531] [M]: 0x00000000800017D8 (0x7FFF0F13) addi t5, t5, 0x7ff
x30 <- 0xFFFFFEFFFF7DFFFF

mem[X,0x00000000800017DC] -> 0x1F13
mem[X,0x00000000800017DE] -> 0x00AF
[1532] [M]: 0x00000000800017DC (0x00AF1F13) slli t5, t5, 0xa
x30 <- 0xFFFBFFFDF7FFFC00

mem[X,0x00000000800017E0] -> 0x0F13
mem[X,0x00000000800017E2] -> 0x3FBF
[1533] [M]: 0x00000000800017E0 (0x3FBF0F13) addi t5, t5, 0x3fb
x30 <- 0xFFFBFFFDF7FFFFFB

mem[X,0x00000000800017E4] -> 0xCEB7
mem[X,0x00000000800017E6] -> 0xFFF8
[1534] [M]: 0x00000000800017E4 (0xFFF8CEB7) lui t4, -0x74
x29 <- 0xFFFFFFFFFFF8C000

mem[X,0x00000000800017E8] -> 0x8E93
mem[X,0x00000000800017EA] -> 0x000E
[1535] [M]: 0x00000000800017E8 (0x000E8E93) addi t4, t4, 0x0
x29 <- 0xFFFFFFFFFFF8C000

mem[X,0x00000000800017EC] -> 0x9E93
mem[X,0x00000000800017EE] -> 0x00BE
[1536] [M]: 0x00000000800017EC (0x00BE9E93) slli t4, t4, 0xb
x29 <- 0xFFFFFFFFC6000000

mem[X,0x00000000800017F0] -> 0x8E93
mem[X,0x00000000800017F2] -> 0x7DFE
[1537] [M]: 0x00000000800017F0 (0x7DFE8E93) addi t4, t4, 0x7df
x29 <- 0xFFFFFFFFC60007DF

mem[X,0x00000000800017F4] -> 0x9E93
mem[X,0x00000000800017F6] -> 0x00BE
[1538] [M]: 0x00000000800017F4 (0x00BE9E93) slli t4, t4, 0xb
x29 <- 0xFFFFFE30003EF800

mem[X,0x00000000800017F8] -> 0x8E93
mem[X,0x00000000800017FA] -> 0x7CFE
[1539] [M]: 0x00000000800017F8 (0x7CFE8E93) addi t4, t4, 0x7cf
x29 <- 0xFFFFFE30003EFFCF

mem[X,0x00000000800017FC] -> 0x9E93
mem[X,0x00000000800017FE] -> 0x00AE
[1540] [M]: 0x00000000800017FC (0x00AE9E93) slli t4, t4, 0xa
x29 <- 0xFFF8C000FBFF3C00

mem[X,0x0000000080001800] -> 0x8E93
mem[X,0x0000000080001802] -> 0x3FFE
[1541] [M]: 0x0000000080001800 (0x3FFE8E93) addi t4, t4, 0x3ff
x29 <- 0xFFF8C000FBFF3FFF

mem[X,0x0000000080001804] -> 0x7FBB
mem[X,0x0000000080001806] -> 0x8DDF
[1542] [M]: 0x0000000080001804 (0x8DDF7FBB) pmhracc.h t6, t5, t4
x31 <- 0xBCA3E704E616F453

mem[X,0x0000000080001808] -> 0xB423
mem[X,0x000000008000180A] -> 0x19F0
[1543] [M]: 0x0000000080001808 (0x19F0B423) sd t6, 0x188(ra)
mem[0x0000000080004390] <- 0xBCA3E704E616F453

mem[X,0x000000008000180C] -> 0x0F37
mem[X,0x000000008000180E] -> 0xFFF9
[1544] [M]: 0x000000008000180C (0xFFF90F37) lui t5, -0x70
x30 <- 0xFFFFFFFFFFF90000

mem[X,0x0000000080001810] -> 0x0F13
mem[X,0x0000000080001812] -> 0x100F
[1545] [M]: 0x0000000080001810 (0x100F0F13) addi t5, t5, 0x100
x30 <- 0xFFFFFFFFFFF90100

mem[X,0x0000000080001814] -> 0x1F13
mem[X,0x0000000080001816] -> 0x00BF
[1546] [M]: 0x0000000080001814 (0x00BF1F13) slli t5, t5, 0xb
x30 <- 0xFFFFFFFFC8080000

mem[X,0x0000000080001818] -> 0x0F13
mem[X,0x000000008000181A] -> 0x5FFF
[1547] [M]: 0x0000000080001818 (0x5FFF0F13) addi t5, t5, 0x5ff
x30 <- 0xFFFFFFFFC80805FF

mem[X,0x000000008000181C] -> 0x1F13
mem[X,0x000000008000181E] -> 0x00BF
[1548] [M]: 0x000000008000181C (0x00BF1F13) slli t5, t5, 0xb
x30 <- 0xFFFFFE40402FF800

mem[X,0x0000000080001820] -> 0x0F13
mem[X,0x0000000080001822] -> 0x7CFF
[1549] [M]: 0x0000000080001820 (0x7CFF0F13) addi t5, t5, 0x7cf
x30 <- 0xFFFFFE40402FFFCF

mem[X,0x0000000080001824] -> 0x1F13
mem[X,0x0000000080001826] -> 0x00AF
[1550] [M]: 0x0000000080001824 (0x00AF1F13) slli t5, t5, 0xa
x30 <- 0xFFF90100BFFF3C00

mem[X,0x0000000080001828] -> 0x0F13
mem[X,0x000000008000182A] -> 0x3FFF
[1551] [M]: 0x0000000080001828 (0x3FFF0F13) addi t5, t5, 0x3ff
x30 <- 0xFFF90100BFFF3FFF

mem[X,0x000000008000182C] -> 0x0EB7
mem[X,0x000000008000182E] -> 0x0011
[1552] [M]: 0x000000008000182C (0x00110EB7) lui t4, 0x110
x29 <- 0x0000000000110000

mem[X,0x0000000080001830] -> 0x8E93
mem[X,0x0000000080001832] -> 0xFF7E
[1553] [M]: 0x0000000080001830 (0xFF7E8E93) addi t4, t4, -0x9
x29 <- 0x000000000010FFF7

mem[X,0x0000000080001834] -> 0x9E93
mem[X,0x0000000080001836] -> 0x00BE
[1554] [M]: 0x0000000080001834 (0x00BE9E93) slli t4, t4, 0xb
x29 <- 0x0000000087FFB800

mem[X,0x0000000080001838] -> 0x8E93
mem[X,0x000000008000183A] -> 0x7FFE
[1555] [M]: 0x0000000080001838 (0x7FFE8E93) addi t4, t4, 0x7ff
x29 <- 0x0000000087FFBFFF

mem[X,0x000000008000183C] -> 0x9E93
mem[X,0x000000008000183E] -> 0x00BE
[1556] [M]: 0x000000008000183C (0x00BE9E93) slli t4, t4, 0xb
x29 <- 0x0000043FFDFFF800

mem[X,0x0000000080001840] -> 0x8E93
mem[X,0x0000000080001842] -> 0x5F0E
[1557] [M]: 0x0000000080001840 (0x5F0E8E93) addi t4, t4, 0x5f0
x29 <- 0x0000043FFDFFFDF0

mem[X,0x0000000080001844] -> 0x9E93
mem[X,0x0000000080001846] -> 0x00AE
[1558] [M]: 0x0000000080001844 (0x00AE9E93) slli t4, t4, 0xa
x29 <- 0x0010FFF7FFF7C000

mem[X,0x0000000080001848] -> 0x7FBB
mem[X,0x000000008000184A] -> 0x8DDF
[1559] [M]: 0x0000000080001848 (0x8DDF7FBB) pmhracc.h t6, t5, t4
x31 <- 0xBCA3E704E618E453

mem[X,0x000000008000184C] -> 0xB823
mem[X,0x000000008000184E] -> 0x19F0
[1560] [M]: 0x000000008000184C (0x19F0B823) sd t6, 0x190(ra)
mem[0x0000000080004398] <- 0xBCA3E704E618E453

mem[X,0x0000000080001850] -> 0x0F37
mem[X,0x0000000080001852] -> 0x0009
[1561] [M]: 0x0000000080001850 (0x00090F37) lui t5, 0x90
x30 <- 0x0000000000090000

mem[X,0x0000000080001854] -> 0x0F13
mem[X,0x0000000080001856] -> 0x200F
[1562] [M]: 0x0000000080001854 (0x200F0F13) addi t5, t5, 0x200
x30 <- 0x0000000000090200

mem[X,0x0000000080001858] -> 0x1F13
mem[X,0x000000008000185A] -> 0x00BF
[1563] [M]: 0x0000000080001858 (0x00BF1F13) slli t5, t5, 0xb
x30 <- 0x0000000048100000

mem[X,0x000000008000185C] -> 0x0F13
mem[X,0x000000008000185E] -> 0x7FBF
[1564] [M]: 0x000000008000185C (0x7FBF0F13) addi t5, t5, 0x7fb
x30 <- 0x00000000481007FB

mem[X,0x0000000080001860] -> 0x1F13
mem[X,0x0000000080001862] -> 0x00BF
[1565] [M]: 0x0000000080001860 (0x00BF1F13) slli t5, t5, 0xb
x30 <- 0x00000240803FD800

mem[X,0x0000000080001864] -> 0x0F13
mem[X,0x0000000080001866] -> 0x7C0F
[1566] [M]: 0x0000000080001864 (0x7C0F0F13) addi t5, t5, 0x7c0
x30 <- 0x00000240803FDFC0

mem[X,0x0000000080001868] -> 0x1F13
mem[X,0x000000008000186A] -> 0x00AF
[1567] [M]: 0x0000000080001868 (0x00AF1F13) slli t5, t5, 0xa
x30 <- 0x00090200FF7F0000

mem[X,0x000000008000186C] -> 0x0F13
mem[X,0x000000008000186E] -> 0x002F
[1568] [M]: 0x000000008000186C (0x002F0F13) addi t5, t5, 0x2
x30 <- 0x00090200FF7F0002

mem[X,0x0000000080001870] -> 0xCEB7
mem[X,0x0000000080001872] -> 0xFFFC
[1569] [M]: 0x0000000080001870 (0xFFFCCEB7) lui t4, -0x34
x29 <- 0xFFFFFFFFFFFCC000

mem[X,0x0000000080001874] -> 0x8E93
mem[X,0x0000000080001876] -> 0x000E
[1570] [M]: 0x0000000080001874 (0x000E8E93) addi t4, t4, 0x0
x29 <- 0xFFFFFFFFFFFCC000

mem[X,0x0000000080001878] -> 0x9E93
mem[X,0x000000008000187A] -> 0x00BE
[1571] [M]: 0x0000000080001878 (0x00BE9E93) slli t4, t4, 0xb
x29 <- 0xFFFFFFFFE6000000

mem[X,0x000000008000187C] -> 0x8E93
mem[X,0x000000008000187E] -> 0x000E
[1572] [M]: 0x000000008000187C (0x000E8E93) addi t4, t4, 0x0
x29 <- 0xFFFFFFFFE6000000

mem[X,0x0000000080001880] -> 0x9E93
mem[X,0x0000000080001882] -> 0x00BE
[1573] [M]: 0x0000000080001880 (0x00BE9E93) slli t4, t4, 0xb
x29 <- 0xFFFFFF3000000000

mem[X,0x0000000080001884] -> 0x8E93
mem[X,0x0000000080001886] -> 0x42AE
[1574] [M]: 0x0000000080001884 (0x42AE8E93) addi t4, t4, 0x42a
x29 <- 0xFFFFFF300000042A

mem[X,0x0000000080001888] -> 0x9E93
mem[X,0x000000008000188A] -> 0x00AE
[1575] [M]: 0x0000000080001888 (0x00AE9E93) slli t4, t4, 0xa
x29 <- 0xFFFCC0000010A800

mem[X,0x000000008000188C] -> 0x8E93
mem[X,0x000000008000188E] -> 0x2AAE
[1576] [M]: 0x000000008000188C (0x2AAE8E93) addi t4, t4, 0x2aa
x29 <- 0xFFFCC0000010AAAA

mem[X,0x0000000080001890] -> 0x7FBB
mem[X,0x0000000080001892] -> 0x8DDF
[1577] [M]: 0x0000000080001890 (0x8DDF7FBB) pmhracc.h t6, t5, t4
x31 <- 0xBCA3E684E618E452

mem[X,0x0000000080001894] -> 0xBC23
mem[X,0x0000000080001896] -> 0x19F0
[1578] [M]: 0x0000000080001894 (0x19F0BC23) sd t6, 0x198(ra)
mem[0x00000000800043A0] <- 0xBCA3E684E618E452

mem[X,0x0000000080001898] -> 0x0F37
mem[X,0x000000008000189A] -> 0x0005
[1579] [M]: 0x0000000080001898 (0x00050F37) lui t5, 0x50
x30 <- 0x0000000000050000

mem[X,0x000000008000189C] -> 0x0F13
mem[X,0x000000008000189E] -> 0x200F
[1580] [M]: 0x000000008000189C (0x200F0F13) addi t5, t5, 0x200
x30 <- 0x0000000000050200

mem[X,0x00000000800018A0] -> 0x1F13
mem[X,0x00000000800018A2] -> 0x00BF
[1581] [M]: 0x00000000800018A0 (0x00BF1F13) slli t5, t5, 0xb
x30 <- 0x0000000028100000

mem[X,0x00000000800018A4] -> 0x0F13
mem[X,0x00000000800018A6] -> 0x000F
[1582] [M]: 0x00000000800018A4 (0x000F0F13) addi t5, t5, 0x0
x30 <- 0x0000000028100000

mem[X,0x00000000800018A8] -> 0x1F13
mem[X,0x00000000800018AA] -> 0x00BF
[1583] [M]: 0x00000000800018A8 (0x00BF1F13) slli t5, t5, 0xb
x30 <- 0x0000014080000000

mem[X,0x00000000800018AC] -> 0x0F13
mem[X,0x00000000800018AE] -> 0x401F
[1584] [M]: 0x00000000800018AC (0x401F0F13) addi t5, t5, 0x401
x30 <- 0x0000014080000401

mem[X,0x00000000800018B0] -> 0x1F13
mem[X,0x00000000800018B2] -> 0x00AF
[1585] [M]: 0x00000000800018B0 (0x00AF1F13) slli t5, t5, 0xa
x30 <- 0x0005020000100400

mem[X,0x00000000800018B4] -> 0xCEB7
mem[X,0x00000000800018B6] -> 0x0008
[1586] [M]: 0x00000000800018B4 (0x0008CEB7) lui t4, 0x8c
x29 <- 0x000000000008C000

mem[X,0x00000000800018B8] -> 0x8E93
mem[X,0x00000000800018BA] -> 0xFFFE
[1587] [M]: 0x00000000800018B8 (0xFFFE8E93) addi t4, t4, -0x1
x29 <- 0x000000000008BFFF

mem[X,0x00000000800018BC] -> 0x9E93
mem[X,0x00000000800018BE] -> 0x00BE
[1588] [M]: 0x00000000800018BC (0x00BE9E93) slli t4, t4, 0xb
x29 <- 0x0000000045FFF800

mem[X,0x00000000800018C0] -> 0x8E93
mem[X,0x00000000800018C2] -> 0x555E
[1589] [M]: 0x00000000800018C0 (0x555E8E93) addi t4, t4, 0x555
x29 <- 0x0000000045FFFD55

mem[X,0x00000000800018C4] -> 0x9E93
mem[X,0x00000000800018C6] -> 0x00BE
[1590] [M]: 0x00000000800018C4 (0x00BE9E93) slli t4, t4, 0xb
x29 <- 0x0000022FFFEAA800

mem[X,0x00000000800018C8] -> 0x8E93
mem[X,0x00000000800018CA] -> 0x295E
[1591] [M]: 0x00000000800018C8 (0x295E8E93) addi t4, t4, 0x295
x29 <- 0x0000022FFFEAAA95

mem[X,0x00000000800018CC] -> 0x9E93
mem[X,0x00000000800018CE] -> 0x00AE
[1592] [M]: 0x00000000800018CC (0x00AE9E93) slli t4, t4, 0xa
x29 <- 0x0008BFFFAAAA5400

mem[X,0x00000000800018D0] -> 0x8E93
mem[X,0x00000000800018D2] -> 0x155E
[1593] [M]: 0x00000000800018D0 (0x155E8E93) addi t4, t4, 0x155
x29 <- 0x0008BFFFAAAA5555

mem[X,0x00000000800018D4] -> 0x7FBB
mem[X,0x00000000800018D6] -> 0x8DDF
[1594] [M]: 0x00000000800018D4 (0x8DDF7FBB) pmhracc.h t6, t5, t4
x31 <- 0xBCA3E604E613E5A7

mem[X,0x00000000800018D8] -> 0xB023
mem[X,0x00000000800018DA] -> 0x1BF0
[1595] [M]: 0x00000000800018D8 (0x1BF0B023) sd t6, 0x1a0(ra)
mem[0x00000000800043A8] <- 0xBCA3E604E613E5A7

mem[X,0x00000000800018DC] -> 0x1F37
mem[X,0x00000000800018DE] -> 0xDFFF
[1596] [M]: 0x00000000800018DC (0xDFFF1F37) lui t5, -0x2000f
x30 <- 0xFFFFFFFFDFFF1000

mem[X,0x00000000800018E0] -> 0x0F13
mem[X,0x00000000800018E2] -> 0x000F
[1597] [M]: 0x00000000800018E0 (0x000F0F13) addi t5, t5, 0x0
x30 <- 0xFFFFFFFFDFFF1000

mem[X,0x00000000800018E4] -> 0x1F13
mem[X,0x00000000800018E6] -> 0x00BF
[1598] [M]: 0x00000000800018E4 (0x00BF1F13) slli t5, t5, 0xb
x30 <- 0xFFFFFEFFF8800000

mem[X,0x00000000800018E8] -> 0x0F13
mem[X,0x00000000800018EA] -> 0x2AAF
[1599] [M]: 0x00000000800018E8 (0x2AAF0F13) addi t5, t5, 0x2aa
x30 <- 0xFFFFFEFFF88002AA

clint::tick mtime <- 0x0000000000000010
 clint timer pending at mtime 0x0000000000000010
htif::tick 0x0000000000000000
mem[X,0x00000000800018EC] -> 0x1F13
mem[X,0x00000000800018EE] -> 0x00BF
[1600] [M]: 0x00000000800018EC (0x00BF1F13) slli t5, t5, 0xb
x30 <- 0xFFF7FFC400155000

mem[X,0x00000000800018F0] -> 0x0F13
mem[X,0x00000000800018F2] -> 0x57FF
[1601] [M]: 0x00000000800018F0 (0x57FF0F13) addi t5, t5, 0x57f
x30 <- 0xFFF7FFC40015557F

mem[X,0x00000000800018F4] -> 0x1F13
mem[X,0x00000000800018F6] -> 0x00AF
[1602] [M]: 0x00000000800018F4 (0x00AF1F13) slli t5, t5, 0xa
x30 <- 0xDFFF10005555FC00

mem[X,0x00000000800018F8] -> 0x0F13
mem[X,0x00000000800018FA] -> 0x3EFF
[1603] [M]: 0x00000000800018F8 (0x3EFF0F13) addi t5, t5, 0x3ef
x30 <- 0xDFFF10005555FFEF

mem[X,0x00000000800018FC] -> 0x0EB7
mem[X,0x00000000800018FE] -> 0xFFF0
[1604] [M]: 0x00000000800018FC (0xFFF00EB7) lui t4, -0x100
x29 <- 0xFFFFFFFFFFF00000

mem[X,0x0000000080001900] -> 0x8E93
mem[X,0x0000000080001902] -> 0xFFEE
[1605] [M]: 0x0000000080001900 (0xFFEE8E93) addi t4, t4, -0x2
x29 <- 0xFFFFFFFFFFEFFFFE

mem[X,0x0000000080001904] -> 0x9E93
mem[X,0x0000000080001906] -> 0x00BE
[1606] [M]: 0x0000000080001904 (0x00BE9E93) slli t4, t4, 0xb
x29 <- 0xFFFFFFFF7FFFF000

mem[X,0x0000000080001908] -> 0x8E93
mem[X,0x000000008000190A] -> 0x7FBE
[1607] [M]: 0x0000000080001908 (0x7FBE8E93) addi t4, t4, 0x7fb
x29 <- 0xFFFFFFFF7FFFF7FB

mem[X,0x000000008000190C] -> 0x9E93
mem[X,0x000000008000190E] -> 0x00BE
[1608] [M]: 0x000000008000190C (0x00BE9E93) slli t4, t4, 0xb
x29 <- 0xFFFFFBFFFFBFD800

mem[X,0x0000000080001910] -> 0x8E93
mem[X,0x0000000080001912] -> 0x7C0E
[1609] [M]: 0x0000000080001910 (0x7C0E8E93) addi t4, t4, 0x7c0
x29 <- 0xFFFFFBFFFFBFDFC0

mem[X,0x0000000080001914] -> 0x9E93
mem[X,0x0000000080001916] -> 0x00AE
[1610] [M]: 0x0000000080001914 (0x00AE9E93) slli t4, t4, 0xa
x29 <- 0xFFEFFFFEFF7F0000

mem[X,0x0000000080001918] -> 0x8E93
mem[X,0x000000008000191A] -> 0x001E
[1611] [M]: 0x0000000080001918 (0x001E8E93) addi t4, t4, 0x1
x29 <- 0xFFEFFFFEFF7F0001

mem[X,0x000000008000191C] -> 0x7FBB
mem[X,0x000000008000191E] -> 0x8DDF
[1612] [M]: 0x000000008000191C (0x8DDF7FBB) pmhracc.h t6, t5, t4
x31 <- 0xBCA5E604E5E8E5A7

mem[X,0x0000000080001920] -> 0xB423
mem[X,0x0000000080001922] -> 0x1BF0
[1613] [M]: 0x0000000080001920 (0x1BF0B423) sd t6, 0x1a8(ra)
mem[0x00000000800043B0] <- 0xBCA5E604E5E8E5A7

mem[X,0x0000000080001924] -> 0x4F37
mem[X,0x0000000080001926] -> 0x8000
[1614] [M]: 0x0000000080001924 (0x80004F37) lui t5, -0x7fffc
x30 <- 0xFFFFFFFF80004000

mem[X,0x0000000080001928] -> 0x0F13
mem[X,0x000000008000192A] -> 0x000F
[1615] [M]: 0x0000000080001928 (0x000F0F13) addi t5, t5, 0x0
x30 <- 0xFFFFFFFF80004000

mem[X,0x000000008000192C] -> 0x1F13
mem[X,0x000000008000192E] -> 0x00BF
[1616] [M]: 0x000000008000192C (0x00BF1F13) slli t5, t5, 0xb
x30 <- 0xFFFFFC0002000000

mem[X,0x0000000080001930] -> 0x0F13
mem[X,0x0000000080001932] -> 0x200F
[1617] [M]: 0x0000000080001930 (0x200F0F13) addi t5, t5, 0x200
x30 <- 0xFFFFFC0002000200

mem[X,0x0000000080001934] -> 0x1F13
mem[X,0x0000000080001936] -> 0x00BF
[1618] [M]: 0x0000000080001934 (0x00BF1F13) slli t5, t5, 0xb
x30 <- 0xFFE0001000100000

mem[X,0x0000000080001938] -> 0x0F13
mem[X,0x000000008000193A] -> 0x02FF
[1619] [M]: 0x0000000080001938 (0x02FF0F13) addi t5, t5, 0x2f
x30 <- 0xFFE000100010002F

mem[X,0x000000008000193C] -> 0x1F13
mem[X,0x000000008000193E] -> 0x00AF
[1620] [M]: 0x000000008000193C (0x00AF1F13) slli t5, t5, 0xa
x30 <- 0x800040004000BC00

mem[X,0x0000000080001940] -> 0x0F13
mem[X,0x0000000080001942] -> 0x3FFF
[1621] [M]: 0x0000000080001940 (0x3FFF0F13) addi t5, t5, 0x3ff
x30 <- 0x800040004000BFFF

mem[X,0x0000000080001944] -> 0xCEB7
mem[X,0x0000000080001946] -> 0x0001
[1622] [M]: 0x0000000080001944 (0x0001CEB7) lui t4, 0x1c
x29 <- 0x000000000001C000

mem[X,0x0000000080001948] -> 0x8E93
mem[X,0x000000008000194A] -> 0x000E
[1623] [M]: 0x0000000080001948 (0x000E8E93) addi t4, t4, 0x0
x29 <- 0x000000000001C000

mem[X,0x000000008000194C] -> 0x9E93
mem[X,0x000000008000194E] -> 0x00BE
[1624] [M]: 0x000000008000194C (0x00BE9E93) slli t4, t4, 0xb
x29 <- 0x000000000E000000

mem[X,0x0000000080001950] -> 0x8E93
mem[X,0x0000000080001952] -> 0x002E
[1625] [M]: 0x0000000080001950 (0x002E8E93) addi t4, t4, 0x2
x29 <- 0x000000000E000002

mem[X,0x0000000080001954] -> 0x9E93
mem[X,0x0000000080001956] -> 0x00BE
[1626] [M]: 0x0000000080001954 (0x00BE9E93) slli t4, t4, 0xb
x29 <- 0x0000007000001000

mem[X,0x0000000080001958] -> 0x8E93
mem[X,0x000000008000195A] -> 0x03FE
[1627] [M]: 0x0000000080001958 (0x03FE8E93) addi t4, t4, 0x3f
x29 <- 0x000000700000103F

mem[X,0x000000008000195C] -> 0x9E93
mem[X,0x000000008000195E] -> 0x00AE
[1628] [M]: 0x000000008000195C (0x00AE9E93) slli t4, t4, 0xa
x29 <- 0x0001C0000040FC00

mem[X,0x0000000080001960] -> 0x8E93
mem[X,0x0000000080001962] -> 0x1FFE
[1629] [M]: 0x0000000080001960 (0x1FFE8E93) addi t4, t4, 0x1ff
x29 <- 0x0001C0000040FDFF

mem[X,0x0000000080001964] -> 0x7FBB
mem[X,0x0000000080001966] -> 0x8DDF
[1630] [M]: 0x0000000080001964 (0x8DDF7FBB) pmhracc.h t6, t5, t4
x31 <- 0xBCA5D604E5F8E627

mem[X,0x0000000080001968] -> 0xB823
mem[X,0x000000008000196A] -> 0x1BF0
[1631] [M]: 0x0000000080001968 (0x1BF0B823) sd t6, 0x1b0(ra)
mem[0x00000000800043B8] <- 0xBCA5D604E5F8E627

mem[X,0x000000008000196C] -> 0x0F37
mem[X,0x000000008000196E] -> 0x0100
[1632] [M]: 0x000000008000196C (0x01000F37) lui t5, 0x1000
x30 <- 0x0000000001000000

mem[X,0x0000000080001970] -> 0x0F13
mem[X,0x0000000080001972] -> 0x020F
[1633] [M]: 0x0000000080001970 (0x020F0F13) addi t5, t5, 0x20
x30 <- 0x0000000001000020

mem[X,0x0000000080001974] -> 0x1F13
mem[X,0x0000000080001976] -> 0x00BF
[1634] [M]: 0x0000000080001974 (0x00BF1F13) slli t5, t5, 0xb
x30 <- 0x0000000800010000

mem[X,0x0000000080001978] -> 0x0F13
mem[X,0x000000008000197A] -> 0x555F
[1635] [M]: 0x0000000080001978 (0x555F0F13) addi t5, t5, 0x555
x30 <- 0x0000000800010555

mem[X,0x000000008000197C] -> 0x1F13
mem[X,0x000000008000197E] -> 0x00BF
[1636] [M]: 0x000000008000197C (0x00BF1F13) slli t5, t5, 0xb
x30 <- 0x00004000082AA800

mem[X,0x0000000080001980] -> 0x0F13
mem[X,0x0000000080001982] -> 0x280F
[1637] [M]: 0x0000000080001980 (0x280F0F13) addi t5, t5, 0x280
x30 <- 0x00004000082AAA80

mem[X,0x0000000080001984] -> 0x1F13
mem[X,0x0000000080001986] -> 0x00AF
[1638] [M]: 0x0000000080001984 (0x00AF1F13) slli t5, t5, 0xa
x30 <- 0x01000020AAAA0000

mem[X,0x0000000080001988] -> 0x0F13
mem[X,0x000000008000198A] -> 0x009F
[1639] [M]: 0x0000000080001988 (0x009F0F13) addi t5, t5, 0x9
x30 <- 0x01000020AAAA0009

mem[X,0x000000008000198C] -> 0x0EB7
mem[X,0x000000008000198E] -> 0x0800
[1640] [M]: 0x000000008000198C (0x08000EB7) lui t4, 0x8000
x29 <- 0x0000000008000000

mem[X,0x0000000080001990] -> 0x8E93
mem[X,0x0000000080001992] -> 0x000E
[1641] [M]: 0x0000000080001990 (0x000E8E93) addi t4, t4, 0x0
x29 <- 0x0000000008000000

mem[X,0x0000000080001994] -> 0x9E93
mem[X,0x0000000080001996] -> 0x00BE
[1642] [M]: 0x0000000080001994 (0x00BE9E93) slli t4, t4, 0xb
x29 <- 0x0000004000000000

mem[X,0x0000000080001998] -> 0x8E93
mem[X,0x000000008000199A] -> 0x7FFE
[1643] [M]: 0x0000000080001998 (0x7FFE8E93) addi t4, t4, 0x7ff
x29 <- 0x00000040000007FF

mem[X,0x000000008000199C] -> 0x9E93
mem[X,0x000000008000199E] -> 0x00BE
[1644] [M]: 0x000000008000199C (0x00BE9E93) slli t4, t4, 0xb
x29 <- 0x00020000003FF800

mem[X,0x00000000800019A0] -> 0x8E93
mem[X,0x00000000800019A2] -> 0x7BFE
[1645] [M]: 0x00000000800019A0 (0x7BFE8E93) addi t4, t4, 0x7bf
x29 <- 0x00020000003FFFBF

mem[X,0x00000000800019A4] -> 0x9E93
mem[X,0x00000000800019A6] -> 0x00AE
[1646] [M]: 0x00000000800019A4 (0x00AE9E93) slli t4, t4, 0xa
x29 <- 0x08000000FFFEFC00

mem[X,0x00000000800019A8] -> 0x8E93
mem[X,0x00000000800019AA] -> 0x3EFE
[1647] [M]: 0x00000000800019A8 (0x3EFE8E93) addi t4, t4, 0x3ef
x29 <- 0x08000000FFFEFFEF

mem[X,0x00000000800019AC] -> 0x7FBB
mem[X,0x00000000800019AE] -> 0x8DDF
[1648] [M]: 0x00000000800019AC (0x8DDF7FBB) pmhracc.h t6, t5, t4
x31 <- 0xBCADD604E5F9E627

mem[X,0x00000000800019B0] -> 0xBC23
mem[X,0x00000000800019B2] -> 0x1BF0
[1649] [M]: 0x00000000800019B0 (0x1BF0BC23) sd t6, 0x1b8(ra)
mem[0x00000000800043C0] <- 0xBCADD604E5F9E627

mem[X,0x00000000800019B4] -> 0x0F37
mem[X,0x00000000800019B6] -> 0x0002
[1650] [M]: 0x00000000800019B4 (0x00020F37) lui t5, 0x20
x30 <- 0x0000000000020000

mem[X,0x00000000800019B8] -> 0x0F13
mem[X,0x00000000800019BA] -> 0xFBFF
[1651] [M]: 0x00000000800019B8 (0xFBFF0F13) addi t5, t5, -0x41
x30 <- 0x000000000001FFBF

mem[X,0x00000000800019BC] -> 0x1F13
mem[X,0x00000000800019BE] -> 0x00BF
[1652] [M]: 0x00000000800019BC (0x00BF1F13) slli t5, t5, 0xb
x30 <- 0x000000000FFDF800

mem[X,0x00000000800019C0] -> 0x0F13
mem[X,0x00000000800019C2] -> 0x7FBF
[1653] [M]: 0x00000000800019C0 (0x7FBF0F13) addi t5, t5, 0x7fb
x30 <- 0x000000000FFDFFFB

mem[X,0x00000000800019C4] -> 0x1F13
mem[X,0x00000000800019C6] -> 0x00BF
[1654] [M]: 0x00000000800019C4 (0x00BF1F13) slli t5, t5, 0xb
x30 <- 0x0000007FEFFFD800

mem[X,0x00000000800019C8] -> 0x0F13
mem[X,0x00000000800019CA] -> 0x7C1F
[1655] [M]: 0x00000000800019C8 (0x7C1F0F13) addi t5, t5, 0x7c1
x30 <- 0x0000007FEFFFDFC1

mem[X,0x00000000800019CC] -> 0x1F13
mem[X,0x00000000800019CE] -> 0x00AF
[1656] [M]: 0x00000000800019CC (0x00AF1F13) slli t5, t5, 0xa
x30 <- 0x0001FFBFFF7F0400

mem[X,0x00000000800019D0] -> 0x0EB7
mem[X,0x00000000800019D2] -> 0x0003
[1657] [M]: 0x00000000800019D0 (0x00030EB7) lui t4, 0x30
x29 <- 0x0000000000030000

mem[X,0x00000000800019D4] -> 0x8E93
mem[X,0x00000000800019D6] -> 0xFFCE
[1658] [M]: 0x00000000800019D4 (0xFFCE8E93) addi t4, t4, -0x4
x29 <- 0x000000000002FFFC

mem[X,0x00000000800019D8] -> 0x9E93
mem[X,0x00000000800019DA] -> 0x00BE
[1659] [M]: 0x00000000800019D8 (0x00BE9E93) slli t4, t4, 0xb
x29 <- 0x0000000017FFE000

mem[X,0x00000000800019DC] -> 0x8E93
mem[X,0x00000000800019DE] -> 0x400E
[1660] [M]: 0x00000000800019DC (0x400E8E93) addi t4, t4, 0x400
x29 <- 0x0000000017FFE400

mem[X,0x00000000800019E0] -> 0x9E93
mem[X,0x00000000800019E2] -> 0x00BE
[1661] [M]: 0x00000000800019E0 (0x00BE9E93) slli t4, t4, 0xb
x29 <- 0x000000BFFF200000

mem[X,0x00000000800019E4] -> 0x8E93
mem[X,0x00000000800019E6] -> 0x03FE
[1662] [M]: 0x00000000800019E4 (0x03FE8E93) addi t4, t4, 0x3f
x29 <- 0x000000BFFF20003F

mem[X,0x00000000800019E8] -> 0x9E93
mem[X,0x00000000800019EA] -> 0x00AE
[1663] [M]: 0x00000000800019E8 (0x00AE9E93) slli t4, t4, 0xa
x29 <- 0x0002FFFC8000FC00

mem[X,0x00000000800019EC] -> 0x8E93
mem[X,0x00000000800019EE] -> 0x3FFE
[1664] [M]: 0x00000000800019EC (0x3FFE8E93) addi t4, t4, 0x3ff
x29 <- 0x0002FFFC8000FFFF

mem[X,0x00000000800019F0] -> 0x7FBB
mem[X,0x00000000800019F2] -> 0x8DDF
[1665] [M]: 0x00000000800019F0 (0x8DDF7FBB) pmhracc.h t6, t5, t4
x31 <- 0xBCADD604E63AE627

mem[X,0x00000000800019F4] -> 0xB023
mem[X,0x00000000800019F6] -> 0x1DF0
[1666] [M]: 0x00000000800019F4 (0x1DF0B023) sd t6, 0x1c0(ra)
mem[0x00000000800043C8] <- 0xBCADD604E63AE627

mem[X,0x00000000800019F8] -> 0x0F37
mem[X,0x00000000800019FA] -> 0xFFFD
[1667] [M]: 0x00000000800019F8 (0xFFFD0F37) lui t5, -0x30
x30 <- 0xFFFFFFFFFFFD0000

mem[X,0x00000000800019FC] -> 0x0F13
mem[X,0x00000000800019FE] -> 0xEFFF
[1668] [M]: 0x00000000800019FC (0xEFFF0F13) addi t5, t5, -0x101
x30 <- 0xFFFFFFFFFFFCFEFF

mem[X,0x0000000080001A00] -> 0x1F13
mem[X,0x0000000080001A02] -> 0x00BF
[1669] [M]: 0x0000000080001A00 (0x00BF1F13) slli t5, t5, 0xb
x30 <- 0xFFFFFFFFE7F7F800

mem[X,0x0000000080001A04] -> 0x0F13
mem[X,0x0000000080001A06] -> 0x7FFF
[1670] [M]: 0x0000000080001A04 (0x7FFF0F13) addi t5, t5, 0x7ff
x30 <- 0xFFFFFFFFE7F7FFFF

mem[X,0x0000000080001A08] -> 0x1F13
mem[X,0x0000000080001A0A] -> 0x00BF
[1671] [M]: 0x0000000080001A08 (0x00BF1F13) slli t5, t5, 0xb
x30 <- 0xFFFFFF3FBFFFF800

mem[X,0x0000000080001A0C] -> 0x0F13
mem[X,0x0000000080001A0E] -> 0x6FFF
[1672] [M]: 0x0000000080001A0C (0x6FFF0F13) addi t5, t5, 0x6ff
x30 <- 0xFFFFFF3FBFFFFEFF

mem[X,0x0000000080001A10] -> 0x1F13
mem[X,0x0000000080001A12] -> 0x00AF
[1673] [M]: 0x0000000080001A10 (0x00AF1F13) slli t5, t5, 0xa
x30 <- 0xFFFCFEFFFFFBFC00

mem[X,0x0000000080001A14] -> 0x0F13
mem[X,0x0000000080001A16] -> 0x3FFF
[1674] [M]: 0x0000000080001A14 (0x3FFF0F13) addi t5, t5, 0x3ff
x30 <- 0xFFFCFEFFFFFBFFFF

mem[X,0x0000000080001A18] -> 0x0EB7
mem[X,0x0000000080001A1A] -> 0x5555
[1675] [M]: 0x0000000080001A18 (0x55550EB7) lui t4, 0x55550
x29 <- 0x0000000055550000

mem[X,0x0000000080001A1C] -> 0x8E93
mem[X,0x0000000080001A1E] -> 0x009E
[1676] [M]: 0x0000000080001A1C (0x009E8E93) addi t4, t4, 0x9
x29 <- 0x0000000055550009

mem[X,0x0000000080001A20] -> 0x9E93
mem[X,0x0000000080001A22] -> 0x00BE
[1677] [M]: 0x0000000080001A20 (0x00BE9E93) slli t4, t4, 0xb
x29 <- 0x000002AAA8004800

mem[X,0x0000000080001A24] -> 0x8E93
mem[X,0x0000000080001A26] -> 0x7FBE
[1678] [M]: 0x0000000080001A24 (0x7FBE8E93) addi t4, t4, 0x7fb
x29 <- 0x000002AAA8004FFB

mem[X,0x0000000080001A28] -> 0x9E93
mem[X,0x0000000080001A2A] -> 0x00BE
[1679] [M]: 0x0000000080001A28 (0x00BE9E93) slli t4, t4, 0xb
x29 <- 0x00155540027FD800

mem[X,0x0000000080001A2C] -> 0x8E93
mem[X,0x0000000080001A2E] -> 0x7C0E
[1680] [M]: 0x0000000080001A2C (0x7C0E8E93) addi t4, t4, 0x7c0
x29 <- 0x00155540027FDFC0

mem[X,0x0000000080001A30] -> 0x9E93
mem[X,0x0000000080001A32] -> 0x00AE
[1681] [M]: 0x0000000080001A30 (0x00AE9E93) slli t4, t4, 0xa
x29 <- 0x55550009FF7F0000

mem[X,0x0000000080001A34] -> 0x8E93
mem[X,0x0000000080001A36] -> 0x001E
[1682] [M]: 0x0000000080001A34 (0x001E8E93) addi t4, t4, 0x1
x29 <- 0x55550009FF7F0001

mem[X,0x0000000080001A38] -> 0x7FBB
mem[X,0x0000000080001A3A] -> 0x8DDF
[1683] [M]: 0x0000000080001A38 (0x8DDF7FBB) pmhracc.h t6, t5, t4
x31 <- 0xBCACD604E63AE627

mem[X,0x0000000080001A3C] -> 0xB423
mem[X,0x0000000080001A3E] -> 0x1DF0
[1684] [M]: 0x0000000080001A3C (0x1DF0B423) sd t6, 0x1c8(ra)
mem[0x00000000800043D0] <- 0xBCACD604E63AE627

mem[X,0x0000000080001A40] -> 0x0F37
mem[X,0x0000000080001A42] -> 0x0100
[1685] [M]: 0x0000000080001A40 (0x01000F37) lui t5, 0x1000
x30 <- 0x0000000001000000

mem[X,0x0000000080001A44] -> 0x0F13
mem[X,0x0000000080001A46] -> 0x080F
[1686] [M]: 0x0000000080001A44 (0x080F0F13) addi t5, t5, 0x80
x30 <- 0x0000000001000080

mem[X,0x0000000080001A48] -> 0x1F13
mem[X,0x0000000080001A4A] -> 0x00BF
[1687] [M]: 0x0000000080001A48 (0x00BF1F13) slli t5, t5, 0xb
x30 <- 0x0000000800040000

mem[X,0x0000000080001A4C] -> 0x0F13
mem[X,0x0000000080001A4E] -> 0x000F
[1688] [M]: 0x0000000080001A4C (0x000F0F13) addi t5, t5, 0x0
x30 <- 0x0000000800040000

mem[X,0x0000000080001A50] -> 0x1F13
mem[X,0x0000000080001A52] -> 0x00BF
[1689] [M]: 0x0000000080001A50 (0x00BF1F13) slli t5, t5, 0xb
x30 <- 0x0000400020000000

mem[X,0x0000000080001A54] -> 0x0F13
mem[X,0x0000000080001A56] -> 0x0FFF
[1690] [M]: 0x0000000080001A54 (0x0FFF0F13) addi t5, t5, 0xff
x30 <- 0x00004000200000FF

mem[X,0x0000000080001A58] -> 0x1F13
mem[X,0x0000000080001A5A] -> 0x00AF
[1691] [M]: 0x0000000080001A58 (0x00AF1F13) slli t5, t5, 0xa
x30 <- 0x010000800003FC00

mem[X,0x0000000080001A5C] -> 0x0F13
mem[X,0x0000000080001A5E] -> 0x3FAF
[1692] [M]: 0x0000000080001A5C (0x3FAF0F13) addi t5, t5, 0x3fa
x30 <- 0x010000800003FFFA

mem[X,0x0000000080001A60] -> 0x0EB7
mem[X,0x0000000080001A62] -> 0x0400
[1693] [M]: 0x0000000080001A60 (0x04000EB7) lui t4, 0x4000
x29 <- 0x0000000004000000

mem[X,0x0000000080001A64] -> 0x8E93
mem[X,0x0000000080001A66] -> 0x100E
[1694] [M]: 0x0000000080001A64 (0x100E8E93) addi t4, t4, 0x100
x29 <- 0x0000000004000100

mem[X,0x0000000080001A68] -> 0x9E93
mem[X,0x0000000080001A6A] -> 0x00BE
[1695] [M]: 0x0000000080001A68 (0x00BE9E93) slli t4, t4, 0xb
x29 <- 0x0000002000080000

mem[X,0x0000000080001A6C] -> 0x8E93
mem[X,0x0000000080001A6E] -> 0x7FFE
[1696] [M]: 0x0000000080001A6C (0x7FFE8E93) addi t4, t4, 0x7ff
x29 <- 0x00000020000807FF

mem[X,0x0000000080001A70] -> 0x9E93
mem[X,0x0000000080001A72] -> 0x00BE
[1697] [M]: 0x0000000080001A70 (0x00BE9E93) slli t4, t4, 0xb
x29 <- 0x00010000403FF800

mem[X,0x0000000080001A74] -> 0x8E93
mem[X,0x0000000080001A76] -> 0x6BFE
[1698] [M]: 0x0000000080001A74 (0x6BFE8E93) addi t4, t4, 0x6bf
x29 <- 0x00010000403FFEBF

mem[X,0x0000000080001A78] -> 0x9E93
mem[X,0x0000000080001A7A] -> 0x00AE
[1699] [M]: 0x0000000080001A78 (0x00AE9E93) slli t4, t4, 0xa
x29 <- 0x04000100FFFAFC00

clint::tick mtime <- 0x0000000000000011
 clint timer pending at mtime 0x0000000000000011
htif::tick 0x0000000000000000
mem[X,0x0000000080001A7C] -> 0x8E93
mem[X,0x0000000080001A7E] -> 0x3F6E
[1700] [M]: 0x0000000080001A7C (0x3F6E8E93) addi t4, t4, 0x3f6
x29 <- 0x04000100FFFAFFF6

mem[X,0x0000000080001A80] -> 0x7FBB
mem[X,0x0000000080001A82] -> 0x8DDF
[1701] [M]: 0x0000000080001A80 (0x8DDF7FBB) pmhracc.h t6, t5, t4
x31 <- 0xBCB0D605E63AE627

mem[X,0x0000000080001A84] -> 0xB823
mem[X,0x0000000080001A86] -> 0x1DF0
[1702] [M]: 0x0000000080001A84 (0x1DF0B823) sd t6, 0x1d0(ra)
mem[0x00000000800043D8] <- 0xBCB0D605E63AE627

mem[X,0x0000000080001A88] -> 0x0F37
mem[X,0x0000000080001A8A] -> 0xFE00
[1703] [M]: 0x0000000080001A88 (0xFE000F37) lui t5, -0x2000
x30 <- 0xFFFFFFFFFE000000

mem[X,0x0000000080001A8C] -> 0x0F13
mem[X,0x0000000080001A8E] -> 0xBFFF
[1704] [M]: 0x0000000080001A8C (0xBFFF0F13) addi t5, t5, -0x401
x30 <- 0xFFFFFFFFFDFFFBFF

mem[X,0x0000000080001A90] -> 0x1F13
mem[X,0x0000000080001A92] -> 0x00BF
[1705] [M]: 0x0000000080001A90 (0x00BF1F13) slli t5, t5, 0xb
x30 <- 0xFFFFFFEFFFDFF800

mem[X,0x0000000080001A94] -> 0x0F13
mem[X,0x0000000080001A96] -> 0x000F
[1706] [M]: 0x0000000080001A94 (0x000F0F13) addi t5, t5, 0x0
x30 <- 0xFFFFFFEFFFDFF800

mem[X,0x0000000080001A98] -> 0x1F13
mem[X,0x0000000080001A9A] -> 0x00BF
[1707] [M]: 0x0000000080001A98 (0x00BF1F13) slli t5, t5, 0xb
x30 <- 0xFFFF7FFEFFC00000

mem[X,0x0000000080001A9C] -> 0x0F13
mem[X,0x0000000080001A9E] -> 0x43FF
[1708] [M]: 0x0000000080001A9C (0x43FF0F13) addi t5, t5, 0x43f
x30 <- 0xFFFF7FFEFFC0043F

mem[X,0x0000000080001AA0] -> 0x1F13
mem[X,0x0000000080001AA2] -> 0x00AF
[1709] [M]: 0x0000000080001AA0 (0x00AF1F13) slli t5, t5, 0xa
x30 <- 0xFDFFFBFF0010FC00

mem[X,0x0000000080001AA4] -> 0x0F13
mem[X,0x0000000080001AA6] -> 0x1FFF
[1710] [M]: 0x0000000080001AA4 (0x1FFF0F13) addi t5, t5, 0x1ff
x30 <- 0xFDFFFBFF0010FDFF

mem[X,0x0000000080001AA8] -> 0x0EB7
mem[X,0x0000000080001AAA] -> 0xF800
[1711] [M]: 0x0000000080001AA8 (0xF8000EB7) lui t4, -0x8000
x29 <- 0xFFFFFFFFF8000000

mem[X,0x0000000080001AAC] -> 0x8E93
mem[X,0x0000000080001AAE] -> 0xFBFE
[1712] [M]: 0x0000000080001AAC (0xFBFE8E93) addi t4, t4, -0x41
x29 <- 0xFFFFFFFFF7FFFFBF

mem[X,0x0000000080001AB0] -> 0x9E93
mem[X,0x0000000080001AB2] -> 0x00BE
[1713] [M]: 0x0000000080001AB0 (0x00BE9E93) slli t4, t4, 0xb
x29 <- 0xFFFFFFBFFFFDF800

mem[X,0x0000000080001AB4] -> 0x8E93
mem[X,0x0000000080001AB6] -> 0x1FFE
[1714] [M]: 0x0000000080001AB4 (0x1FFE8E93) addi t4, t4, 0x1ff
x29 <- 0xFFFFFFBFFFFDF9FF

mem[X,0x0000000080001AB8] -> 0x9E93
mem[X,0x0000000080001ABA] -> 0x00BE
[1715] [M]: 0x0000000080001AB8 (0x00BE9E93) slli t4, t4, 0xb
x29 <- 0xFFFDFFFFEFCFF800

mem[X,0x0000000080001ABC] -> 0x8E93
mem[X,0x0000000080001ABE] -> 0x7FFE
[1716] [M]: 0x0000000080001ABC (0x7FFE8E93) addi t4, t4, 0x7ff
x29 <- 0xFFFDFFFFEFCFFFFF

mem[X,0x0000000080001AC0] -> 0x9E93
mem[X,0x0000000080001AC2] -> 0x00AE
[1717] [M]: 0x0000000080001AC0 (0x00AE9E93) slli t4, t4, 0xa
x29 <- 0xF7FFFFBF3FFFFC00

mem[X,0x0000000080001AC4] -> 0x8E93
mem[X,0x0000000080001AC6] -> 0x1FFE
[1718] [M]: 0x0000000080001AC4 (0x1FFE8E93) addi t4, t4, 0x1ff
x29 <- 0xF7FFFFBF3FFFFDFF

mem[X,0x0000000080001AC8] -> 0x7FBB
mem[X,0x0000000080001ACA] -> 0x8DDF
[1719] [M]: 0x0000000080001AC8 (0x8DDF7FBB) pmhracc.h t6, t5, t4
x31 <- 0xBCC0D606E63EE62B

mem[X,0x0000000080001ACC] -> 0xBC23
mem[X,0x0000000080001ACE] -> 0x1DF0
[1720] [M]: 0x0000000080001ACC (0x1DF0BC23) sd t6, 0x1d8(ra)
mem[0x00000000800043E0] <- 0xBCC0D606E63EE62B

mem[X,0x0000000080001AD0] -> 0x0F37
mem[X,0x0000000080001AD2] -> 0xFFDF
[1721] [M]: 0x0000000080001AD0 (0xFFDF0F37) lui t5, -0x210
x30 <- 0xFFFFFFFFFFDF0000

mem[X,0x0000000080001AD4] -> 0x0F13
mem[X,0x0000000080001AD6] -> 0x020F
[1722] [M]: 0x0000000080001AD4 (0x020F0F13) addi t5, t5, 0x20
x30 <- 0xFFFFFFFFFFDF0020

mem[X,0x0000000080001AD8] -> 0x1F13
mem[X,0x0000000080001ADA] -> 0x00BF
[1723] [M]: 0x0000000080001AD8 (0x00BF1F13) slli t5, t5, 0xb
x30 <- 0xFFFFFFFEF8010000

mem[X,0x0000000080001ADC] -> 0x0F13
mem[X,0x0000000080001ADE] -> 0x002F
[1724] [M]: 0x0000000080001ADC (0x002F0F13) addi t5, t5, 0x2
x30 <- 0xFFFFFFFEF8010002

mem[X,0x0000000080001AE0] -> 0x1F13
mem[X,0x0000000080001AE2] -> 0x00BF
[1725] [M]: 0x0000000080001AE0 (0x00BF1F13) slli t5, t5, 0xb
x30 <- 0xFFFFF7C008001000

mem[X,0x0000000080001AE4] -> 0x0F13
mem[X,0x0000000080001AE6] -> 0x000F
[1726] [M]: 0x0000000080001AE4 (0x000F0F13) addi t5, t5, 0x0
x30 <- 0xFFFFF7C008001000

mem[X,0x0000000080001AE8] -> 0x1F13
mem[X,0x0000000080001AEA] -> 0x00AF
[1727] [M]: 0x0000000080001AE8 (0x00AF1F13) slli t5, t5, 0xa
x30 <- 0xFFDF002000400000

mem[X,0x0000000080001AEC] -> 0x0F13
mem[X,0x0000000080001AEE] -> 0x007F
[1728] [M]: 0x0000000080001AEC (0x007F0F13) addi t5, t5, 0x7
x30 <- 0xFFDF002000400007

mem[X,0x0000000080001AF0] -> 0x2EB7
mem[X,0x0000000080001AF2] -> 0xFFBF
[1729] [M]: 0x0000000080001AF0 (0xFFBF2EB7) lui t4, -0x40e
x29 <- 0xFFFFFFFFFFBF2000

mem[X,0x0000000080001AF4] -> 0x8E93
mem[X,0x0000000080001AF6] -> 0x000E
[1730] [M]: 0x0000000080001AF4 (0x000E8E93) addi t4, t4, 0x0
x29 <- 0xFFFFFFFFFFBF2000

mem[X,0x0000000080001AF8] -> 0x9E93
mem[X,0x0000000080001AFA] -> 0x00BE
[1731] [M]: 0x0000000080001AF8 (0x00BE9E93) slli t4, t4, 0xb
x29 <- 0xFFFFFFFDF9000000

mem[X,0x0000000080001AFC] -> 0x8E93
mem[X,0x0000000080001AFE] -> 0x7FFE
[1732] [M]: 0x0000000080001AFC (0x7FFE8E93) addi t4, t4, 0x7ff
x29 <- 0xFFFFFFFDF90007FF

mem[X,0x0000000080001B00] -> 0x9E93
mem[X,0x0000000080001B02] -> 0x00BE
[1733] [M]: 0x0000000080001B00 (0x00BE9E93) slli t4, t4, 0xb
x29 <- 0xFFFFEFC8003FF800

mem[X,0x0000000080001B04] -> 0x8E93
mem[X,0x0000000080001B06] -> 0x6BFE
[1734] [M]: 0x0000000080001B04 (0x6BFE8E93) addi t4, t4, 0x6bf
x29 <- 0xFFFFEFC8003FFEBF

mem[X,0x0000000080001B08] -> 0x9E93
mem[X,0x0000000080001B0A] -> 0x00AE
[1735] [M]: 0x0000000080001B08 (0x00AE9E93) slli t4, t4, 0xa
x29 <- 0xFFBF2000FFFAFC00

mem[X,0x0000000080001B0C] -> 0x8E93
mem[X,0x0000000080001B0E] -> 0x3FEE
[1736] [M]: 0x0000000080001B0C (0x3FEE8E93) addi t4, t4, 0x3fe
x29 <- 0xFFBF2000FFFAFFFE

mem[X,0x0000000080001B10] -> 0x7FBB
mem[X,0x0000000080001B12] -> 0x8DDF
[1737] [M]: 0x0000000080001B10 (0x8DDF7FBB) pmhracc.h t6, t5, t4
x31 <- 0xBCC0D60AE63EE62B

mem[X,0x0000000080001B14] -> 0xB023
mem[X,0x0000000080001B16] -> 0x1FF0
[1738] [M]: 0x0000000080001B14 (0x1FF0B023) sd t6, 0x1e0(ra)
mem[0x00000000800043E8] <- 0xBCC0D60AE63EE62B

mem[X,0x0000000080001B18] -> 0x1F37
mem[X,0x0000000080001B1A] -> 0x0009
[1739] [M]: 0x0000000080001B18 (0x00091F37) lui t5, 0x91
x30 <- 0x0000000000091000

mem[X,0x0000000080001B1C] -> 0x0F13
mem[X,0x0000000080001B1E] -> 0x000F
[1740] [M]: 0x0000000080001B1C (0x000F0F13) addi t5, t5, 0x0
x30 <- 0x0000000000091000

mem[X,0x0000000080001B20] -> 0x1F13
mem[X,0x0000000080001B22] -> 0x00BF
[1741] [M]: 0x0000000080001B20 (0x00BF1F13) slli t5, t5, 0xb
x30 <- 0x0000000048800000

mem[X,0x0000000080001B24] -> 0x0F13
mem[X,0x0000000080001B26] -> 0x002F
[1742] [M]: 0x0000000080001B24 (0x002F0F13) addi t5, t5, 0x2
x30 <- 0x0000000048800002

mem[X,0x0000000080001B28] -> 0x1F13
mem[X,0x0000000080001B2A] -> 0x00BF
[1743] [M]: 0x0000000080001B28 (0x00BF1F13) slli t5, t5, 0xb
x30 <- 0x0000024400001000

mem[X,0x0000000080001B2C] -> 0x0F13
mem[X,0x0000000080001B2E] -> 0x000F
[1744] [M]: 0x0000000080001B2C (0x000F0F13) addi t5, t5, 0x0
x30 <- 0x0000024400001000

mem[X,0x0000000080001B30] -> 0x1F13
mem[X,0x0000000080001B32] -> 0x00AF
[1745] [M]: 0x0000000080001B30 (0x00AF1F13) slli t5, t5, 0xa
x30 <- 0x0009100000400000

mem[X,0x0000000080001B34] -> 0x0F13
mem[X,0x0000000080001B36] -> 0x008F
[1746] [M]: 0x0000000080001B34 (0x008F0F13) addi t5, t5, 0x8
x30 <- 0x0009100000400008

mem[X,0x0000000080001B38] -> 0x0EB7
mem[X,0x0000000080001B3A] -> 0x0004
[1747] [M]: 0x0000000080001B38 (0x00040EB7) lui t4, 0x40
x29 <- 0x0000000000040000

mem[X,0x0000000080001B3C] -> 0x8E93
mem[X,0x0000000080001B3E] -> 0xFFDE
[1748] [M]: 0x0000000080001B3C (0xFFDE8E93) addi t4, t4, -0x3
x29 <- 0x000000000003FFFD

mem[X,0x0000000080001B40] -> 0x9E93
mem[X,0x0000000080001B42] -> 0x00BE
[1749] [M]: 0x0000000080001B40 (0x00BE9E93) slli t4, t4, 0xb
x29 <- 0x000000001FFFE800

mem[X,0x0000000080001B44] -> 0x8E93
mem[X,0x0000000080001B46] -> 0x7FFE
[1750] [M]: 0x0000000080001B44 (0x7FFE8E93) addi t4, t4, 0x7ff
x29 <- 0x000000001FFFEFFF

mem[X,0x0000000080001B48] -> 0x9E93
mem[X,0x0000000080001B4A] -> 0x00BE
[1751] [M]: 0x0000000080001B48 (0x00BE9E93) slli t4, t4, 0xb
x29 <- 0x000000FFFF7FF800

mem[X,0x0000000080001B4C] -> 0x8E93
mem[X,0x0000000080001B4E] -> 0x3C0E
[1752] [M]: 0x0000000080001B4C (0x3C0E8E93) addi t4, t4, 0x3c0
x29 <- 0x000000FFFF7FFBC0

mem[X,0x0000000080001B50] -> 0x9E93
mem[X,0x0000000080001B52] -> 0x00AE
[1753] [M]: 0x0000000080001B50 (0x00AE9E93) slli t4, t4, 0xa
x29 <- 0x0003FFFDFFEF0000

mem[X,0x0000000080001B54] -> 0x7FBB
mem[X,0x0000000080001B56] -> 0x8DDF
[1754] [M]: 0x0000000080001B54 (0x8DDF7FBB) pmhracc.h t6, t5, t4
x31 <- 0xBCC0D60AE63EE62B

mem[X,0x0000000080001B58] -> 0xB423
mem[X,0x0000000080001B5A] -> 0x1FF0
[1755] [M]: 0x0000000080001B58 (0x1FF0B423) sd t6, 0x1e8(ra)
mem[0x00000000800043F0] <- 0xBCC0D60AE63EE62B

mem[X,0x0000000080001B5C] -> 0x0F37
mem[X,0x0000000080001B5E] -> 0xFFFF
[1756] [M]: 0x0000000080001B5C (0xFFFF0F37) lui t5, -0x10
x30 <- 0xFFFFFFFFFFFF0000

mem[X,0x0000000080001B60] -> 0x0F13
mem[X,0x0000000080001B62] -> 0x100F
[1757] [M]: 0x0000000080001B60 (0x100F0F13) addi t5, t5, 0x100
x30 <- 0xFFFFFFFFFFFF0100

mem[X,0x0000000080001B64] -> 0x1F13
mem[X,0x0000000080001B66] -> 0x00BF
[1758] [M]: 0x0000000080001B64 (0x00BF1F13) slli t5, t5, 0xb
x30 <- 0xFFFFFFFFF8080000

mem[X,0x0000000080001B68] -> 0x0F13
mem[X,0x0000000080001B6A] -> 0x000F
[1759] [M]: 0x0000000080001B68 (0x000F0F13) addi t5, t5, 0x0
x30 <- 0xFFFFFFFFF8080000

mem[X,0x0000000080001B6C] -> 0x1F13
mem[X,0x0000000080001B6E] -> 0x00BF
[1760] [M]: 0x0000000080001B6C (0x00BF1F13) slli t5, t5, 0xb
x30 <- 0xFFFFFFC040000000

mem[X,0x0000000080001B70] -> 0x0F13
mem[X,0x0000000080001B72] -> 0x0FFF
[1761] [M]: 0x0000000080001B70 (0x0FFF0F13) addi t5, t5, 0xff
x30 <- 0xFFFFFFC0400000FF

mem[X,0x0000000080001B74] -> 0x1F13
mem[X,0x0000000080001B76] -> 0x00AF
[1762] [M]: 0x0000000080001B74 (0x00AF1F13) slli t5, t5, 0xa
x30 <- 0xFFFF01000003FC00

mem[X,0x0000000080001B78] -> 0x0F13
mem[X,0x0000000080001B7A] -> 0x3FAF
[1763] [M]: 0x0000000080001B78 (0x3FAF0F13) addi t5, t5, 0x3fa
x30 <- 0xFFFF01000003FFFA

mem[X,0x0000000080001B7C] -> 0x4EB7
mem[X,0x0000000080001B7E] -> 0x0004
[1764] [M]: 0x0000000080001B7C (0x00044EB7) lui t4, 0x44
x29 <- 0x0000000000044000

mem[X,0x0000000080001B80] -> 0x8E93
mem[X,0x0000000080001B82] -> 0xFFFE
[1765] [M]: 0x0000000080001B80 (0xFFFE8E93) addi t4, t4, -0x1
x29 <- 0x0000000000043FFF

mem[X,0x0000000080001B84] -> 0x9E93
mem[X,0x0000000080001B86] -> 0x00BE
[1766] [M]: 0x0000000080001B84 (0x00BE9E93) slli t4, t4, 0xb
x29 <- 0x0000000021FFF800

mem[X,0x0000000080001B88] -> 0x8E93
mem[X,0x0000000080001B8A] -> 0x000E
[1767] [M]: 0x0000000080001B88 (0x000E8E93) addi t4, t4, 0x0
x29 <- 0x0000000021FFF800

mem[X,0x0000000080001B8C] -> 0x9E93
mem[X,0x0000000080001B8E] -> 0x00BE
[1768] [M]: 0x0000000080001B8C (0x00BE9E93) slli t4, t4, 0xb
x29 <- 0x0000010FFFC00000

mem[X,0x0000000080001B90] -> 0x8E93
mem[X,0x0000000080001B92] -> 0x000E
[1769] [M]: 0x0000000080001B90 (0x000E8E93) addi t4, t4, 0x0
x29 <- 0x0000010FFFC00000

mem[X,0x0000000080001B94] -> 0x9E93
mem[X,0x0000000080001B96] -> 0x00AE
[1770] [M]: 0x0000000080001B94 (0x00AE9E93) slli t4, t4, 0xa
x29 <- 0x00043FFF00000000

mem[X,0x0000000080001B98] -> 0x8E93
mem[X,0x0000000080001B9A] -> 0x200E
[1771] [M]: 0x0000000080001B98 (0x200E8E93) addi t4, t4, 0x200
x29 <- 0x00043FFF00000200

mem[X,0x0000000080001B9C] -> 0x7FBB
mem[X,0x0000000080001B9E] -> 0x8DDF
[1772] [M]: 0x0000000080001B9C (0x8DDF7FBB) pmhracc.h t6, t5, t4
x31 <- 0xBCC0D64AE63EE62B

mem[X,0x0000000080001BA0] -> 0xB823
mem[X,0x0000000080001BA2] -> 0x1FF0
[1773] [M]: 0x0000000080001BA0 (0x1FF0B823) sd t6, 0x1f0(ra)
mem[0x00000000800043F8] <- 0xBCC0D64AE63EE62B

mem[X,0x0000000080001BA4] -> 0x0F37
mem[X,0x0000000080001BA6] -> 0x0008
[1774] [M]: 0x0000000080001BA4 (0x00080F37) lui t5, 0x80
x30 <- 0x0000000000080000

mem[X,0x0000000080001BA8] -> 0x0F13
mem[X,0x0000000080001BAA] -> 0x008F
[1775] [M]: 0x0000000080001BA8 (0x008F0F13) addi t5, t5, 0x8
x30 <- 0x0000000000080008

mem[X,0x0000000080001BAC] -> 0x1F13
mem[X,0x0000000080001BAE] -> 0x00BF
[1776] [M]: 0x0000000080001BAC (0x00BF1F13) slli t5, t5, 0xb
x30 <- 0x0000000040004000

mem[X,0x0000000080001BB0] -> 0x0F13
mem[X,0x0000000080001BB2] -> 0x7BFF
[1777] [M]: 0x0000000080001BB0 (0x7BFF0F13) addi t5, t5, 0x7bf
x30 <- 0x00000000400047BF

mem[X,0x0000000080001BB4] -> 0x1F13
mem[X,0x0000000080001BB6] -> 0x00BF
[1778] [M]: 0x0000000080001BB4 (0x00BF1F13) slli t5, t5, 0xb
x30 <- 0x00000200023DF800

mem[X,0x0000000080001BB8] -> 0x0F13
mem[X,0x0000000080001BBA] -> 0x7C2F
[1779] [M]: 0x0000000080001BB8 (0x7C2F0F13) addi t5, t5, 0x7c2
x30 <- 0x00000200023DFFC2

mem[X,0x0000000080001BBC] -> 0x1F13
mem[X,0x0000000080001BBE] -> 0x00AF
[1780] [M]: 0x0000000080001BBC (0x00AF1F13) slli t5, t5, 0xa
x30 <- 0x00080008F7FF0800

mem[X,0x0000000080001BC0] -> 0x0EB7
mem[X,0x0000000080001BC2] -> 0xFFFF
[1781] [M]: 0x0000000080001BC0 (0xFFFF0EB7) lui t4, -0x10
x29 <- 0xFFFFFFFFFFFF0000

mem[X,0x0000000080001BC4] -> 0x8E93
mem[X,0x0000000080001BC6] -> 0xFFEE
[1782] [M]: 0x0000000080001BC4 (0xFFEE8E93) addi t4, t4, -0x2
x29 <- 0xFFFFFFFFFFFEFFFE

mem[X,0x0000000080001BC8] -> 0x9E93
mem[X,0x0000000080001BCA] -> 0x00BE
[1783] [M]: 0x0000000080001BC8 (0x00BE9E93) slli t4, t4, 0xb
x29 <- 0xFFFFFFFFF7FFF000

mem[X,0x0000000080001BCC] -> 0x8E93
mem[X,0x0000000080001BCE] -> 0x000E
[1784] [M]: 0x0000000080001BCC (0x000E8E93) addi t4, t4, 0x0
x29 <- 0xFFFFFFFFF7FFF000

mem[X,0x0000000080001BD0] -> 0x9E93
mem[X,0x0000000080001BD2] -> 0x00BE
[1785] [M]: 0x0000000080001BD0 (0x00BE9E93) slli t4, t4, 0xb
x29 <- 0xFFFFFFBFFF800000

mem[X,0x0000000080001BD4] -> 0x8E93
mem[X,0x0000000080001BD6] -> 0x15FE
[1786] [M]: 0x0000000080001BD4 (0x15FE8E93) addi t4, t4, 0x15f
x29 <- 0xFFFFFFBFFF80015F

mem[X,0x0000000080001BD8] -> 0x9E93
mem[X,0x0000000080001BDA] -> 0x00AE
[1787] [M]: 0x0000000080001BD8 (0x00AE9E93) slli t4, t4, 0xa
x29 <- 0xFFFEFFFE00057C00

mem[X,0x0000000080001BDC] -> 0x8E93
mem[X,0x0000000080001BDE] -> 0x3FFE
[1788] [M]: 0x0000000080001BDC (0x3FFE8E93) addi t4, t4, 0x3ff
x29 <- 0xFFFEFFFE00057FFF

mem[X,0x0000000080001BE0] -> 0x7FBB
mem[X,0x0000000080001BE2] -> 0x8DDF
[1789] [M]: 0x0000000080001BE0 (0x8DDF7FBB) pmhracc.h t6, t5, t4
x31 <- 0xBCC0D64AE63EEA2B

mem[X,0x0000000080001BE4] -> 0xBC23
mem[X,0x0000000080001BE6] -> 0x1FF0
[1790] [M]: 0x0000000080001BE4 (0x1FF0BC23) sd t6, 0x1f8(ra)
mem[0x0000000080004400] <- 0xBCC0D64AE63EEA2B

mem[X,0x0000000080001BE8] -> 0x0F37
mem[X,0x0000000080001BEA] -> 0x0020
[1791] [M]: 0x0000000080001BE8 (0x00200F37) lui t5, 0x200
x30 <- 0x0000000000200000

mem[X,0x0000000080001BEC] -> 0x0F13
mem[X,0x0000000080001BEE] -> 0x006F
[1792] [M]: 0x0000000080001BEC (0x006F0F13) addi t5, t5, 0x6
x30 <- 0x0000000000200006

mem[X,0x0000000080001BF0] -> 0x1F13
mem[X,0x0000000080001BF2] -> 0x00BF
[1793] [M]: 0x0000000080001BF0 (0x00BF1F13) slli t5, t5, 0xb
x30 <- 0x0000000100003000

mem[X,0x0000000080001BF4] -> 0x0F13
mem[X,0x0000000080001BF6] -> 0x000F
[1794] [M]: 0x0000000080001BF4 (0x000F0F13) addi t5, t5, 0x0
x30 <- 0x0000000100003000

mem[X,0x0000000080001BF8] -> 0x1F13
mem[X,0x0000000080001BFA] -> 0x00BF
[1795] [M]: 0x0000000080001BF8 (0x00BF1F13) slli t5, t5, 0xb
x30 <- 0x0000080001800000

mem[X,0x0000000080001BFC] -> 0x0F13
mem[X,0x0000000080001BFE] -> 0x230F
[1796] [M]: 0x0000000080001BFC (0x230F0F13) addi t5, t5, 0x230
x30 <- 0x0000080001800230

mem[X,0x0000000080001C00] -> 0x1F13
mem[X,0x0000000080001C02] -> 0x00AF
[1797] [M]: 0x0000000080001C00 (0x00AF1F13) slli t5, t5, 0xa
x30 <- 0x002000060008C000

mem[X,0x0000000080001C04] -> 0x1EB7
mem[X,0x0000000080001C06] -> 0x0007
[1798] [M]: 0x0000000080001C04 (0x00071EB7) lui t4, 0x71
x29 <- 0x0000000000071000

mem[X,0x0000000080001C08] -> 0x8E93
mem[X,0x0000000080001C0A] -> 0x000E
[1799] [M]: 0x0000000080001C08 (0x000E8E93) addi t4, t4, 0x0
x29 <- 0x0000000000071000

clint::tick mtime <- 0x0000000000000012
 clint timer pending at mtime 0x0000000000000012
htif::tick 0x0000000000000000
mem[X,0x0000000080001C0C] -> 0x9E93
mem[X,0x0000000080001C0E] -> 0x00BE
[1800] [M]: 0x0000000080001C0C (0x00BE9E93) slli t4, t4, 0xb
x29 <- 0x0000000038800000

mem[X,0x0000000080001C10] -> 0x8E93
mem[X,0x0000000080001C12] -> 0x7FFE
[1801] [M]: 0x0000000080001C10 (0x7FFE8E93) addi t4, t4, 0x7ff
x29 <- 0x00000000388007FF

mem[X,0x0000000080001C14] -> 0x9E93
mem[X,0x0000000080001C16] -> 0x00BE
[1802] [M]: 0x0000000080001C14 (0x00BE9E93) slli t4, t4, 0xb
x29 <- 0x000001C4003FF800

mem[X,0x0000000080001C18] -> 0x8E93
mem[X,0x0000000080001C1A] -> 0x5D5E
[1803] [M]: 0x0000000080001C18 (0x5D5E8E93) addi t4, t4, 0x5d5
x29 <- 0x000001C4003FFDD5

mem[X,0x0000000080001C1C] -> 0x9E93
mem[X,0x0000000080001C1E] -> 0x00AE
[1804] [M]: 0x0000000080001C1C (0x00AE9E93) slli t4, t4, 0xa
x29 <- 0x00071000FFF75400

mem[X,0x0000000080001C20] -> 0x8E93
mem[X,0x0000000080001C22] -> 0x155E
[1805] [M]: 0x0000000080001C20 (0x155E8E93) addi t4, t4, 0x155
x29 <- 0x00071000FFF75555

mem[X,0x0000000080001C24] -> 0x7FBB
mem[X,0x0000000080001C26] -> 0x8DDF
[1806] [M]: 0x0000000080001C24 (0x8DDF7FBB) pmhracc.h t6, t5, t4
x31 <- 0xBCC0D64AE63ED4D6

mem[X,0x0000000080001C28] -> 0xB023
mem[X,0x0000000080001C2A] -> 0x21F0
[1807] [M]: 0x0000000080001C28 (0x21F0B023) sd t6, 0x200(ra)
mem[0x0000000080004408] <- 0xBCC0D64AE63ED4D6

mem[X,0x0000000080001C2C] -> 0x0F37
mem[X,0x0000000080001C2E] -> 0xFFF8
[1808] [M]: 0x0000000080001C2C (0xFFF80F37) lui t5, -0x80
x30 <- 0xFFFFFFFFFFF80000

mem[X,0x0000000080001C30] -> 0x0F13
mem[X,0x0000000080001C32] -> 0xFFBF
[1809] [M]: 0x0000000080001C30 (0xFFBF0F13) addi t5, t5, -0x5
x30 <- 0xFFFFFFFFFFF7FFFB

mem[X,0x0000000080001C34] -> 0x1F13
mem[X,0x0000000080001C36] -> 0x00BF
[1810] [M]: 0x0000000080001C34 (0x00BF1F13) slli t5, t5, 0xb
x30 <- 0xFFFFFFFFBFFFD800

mem[X,0x0000000080001C38] -> 0x0F13
mem[X,0x0000000080001C3A] -> 0x7FEF
[1811] [M]: 0x0000000080001C38 (0x7FEF0F13) addi t5, t5, 0x7fe
x30 <- 0xFFFFFFFFBFFFDFFE

mem[X,0x0000000080001C3C] -> 0x1F13
mem[X,0x0000000080001C3E] -> 0x00BF
[1812] [M]: 0x0000000080001C3C (0x00BF1F13) slli t5, t5, 0xb
x30 <- 0xFFFFFDFFFEFFF000

mem[X,0x0000000080001C40] -> 0x0F13
mem[X,0x0000000080001C42] -> 0x7FFF
[1813] [M]: 0x0000000080001C40 (0x7FFF0F13) addi t5, t5, 0x7ff
x30 <- 0xFFFFFDFFFEFFF7FF

mem[X,0x0000000080001C44] -> 0x1F13
mem[X,0x0000000080001C46] -> 0x00AF
[1814] [M]: 0x0000000080001C44 (0x00AF1F13) slli t5, t5, 0xa
x30 <- 0xFFF7FFFBFFDFFC00

mem[X,0x0000000080001C48] -> 0x0F13
mem[X,0x0000000080001C4A] -> 0x3FBF
[1815] [M]: 0x0000000080001C48 (0x3FBF0F13) addi t5, t5, 0x3fb
x30 <- 0xFFF7FFFBFFDFFFFB

mem[X,0x0000000080001C4C] -> 0x0EB7
mem[X,0x0000000080001C4E] -> 0x0800
[1816] [M]: 0x0000000080001C4C (0x08000EB7) lui t4, 0x8000
x29 <- 0x0000000008000000

mem[X,0x0000000080001C50] -> 0x8E93
mem[X,0x0000000080001C52] -> 0x400E
[1817] [M]: 0x0000000080001C50 (0x400E8E93) addi t4, t4, 0x400
x29 <- 0x0000000008000400

mem[X,0x0000000080001C54] -> 0x9E93
mem[X,0x0000000080001C56] -> 0x00BE
[1818] [M]: 0x0000000080001C54 (0x00BE9E93) slli t4, t4, 0xb
x29 <- 0x0000004000200000

mem[X,0x0000000080001C58] -> 0x8E93
mem[X,0x0000000080001C5A] -> 0x7FDE
[1819] [M]: 0x0000000080001C58 (0x7FDE8E93) addi t4, t4, 0x7fd
x29 <- 0x00000040002007FD

mem[X,0x0000000080001C5C] -> 0x9E93
mem[X,0x0000000080001C5E] -> 0x00BE
[1820] [M]: 0x0000000080001C5C (0x00BE9E93) slli t4, t4, 0xb
x29 <- 0x00020001003FE800

mem[X,0x0000000080001C60] -> 0x8E93
mem[X,0x0000000080001C62] -> 0x7FFE
[1821] [M]: 0x0000000080001C60 (0x7FFE8E93) addi t4, t4, 0x7ff
x29 <- 0x00020001003FEFFF

mem[X,0x0000000080001C64] -> 0x9E93
mem[X,0x0000000080001C66] -> 0x00AE
[1822] [M]: 0x0000000080001C64 (0x00AE9E93) slli t4, t4, 0xa
x29 <- 0x08000400FFBFFC00

mem[X,0x0000000080001C68] -> 0x8E93
mem[X,0x0000000080001C6A] -> 0x37FE
[1823] [M]: 0x0000000080001C68 (0x37FE8E93) addi t4, t4, 0x37f
x29 <- 0x08000400FFBFFF7F

mem[X,0x0000000080001C6C] -> 0x7FBB
mem[X,0x0000000080001C6E] -> 0x8DDF
[1824] [M]: 0x0000000080001C6C (0x8DDF7FBB) pmhracc.h t6, t5, t4
x31 <- 0xBCC0D64AE63ED4D6

mem[X,0x0000000080001C70] -> 0xB423
mem[X,0x0000000080001C72] -> 0x21F0
[1825] [M]: 0x0000000080001C70 (0x21F0B423) sd t6, 0x208(ra)
mem[0x0000000080004410] <- 0xBCC0D64AE63ED4D6

mem[X,0x0000000080001C74] -> 0x0F37
mem[X,0x0000000080001C76] -> 0xFFFC
[1826] [M]: 0x0000000080001C74 (0xFFFC0F37) lui t5, -0x40
x30 <- 0xFFFFFFFFFFFC0000

mem[X,0x0000000080001C78] -> 0x0F13
mem[X,0x0000000080001C7A] -> 0xFF6F
[1827] [M]: 0x0000000080001C78 (0xFF6F0F13) addi t5, t5, -0xa
x30 <- 0xFFFFFFFFFFFBFFF6

mem[X,0x0000000080001C7C] -> 0x1F13
mem[X,0x0000000080001C7E] -> 0x00BF
[1828] [M]: 0x0000000080001C7C (0x00BF1F13) slli t5, t5, 0xb
x30 <- 0xFFFFFFFFDFFFB000

mem[X,0x0000000080001C80] -> 0x0F13
mem[X,0x0000000080001C82] -> 0x7DFF
[1829] [M]: 0x0000000080001C80 (0x7DFF0F13) addi t5, t5, 0x7df
x30 <- 0xFFFFFFFFDFFFB7DF

mem[X,0x0000000080001C84] -> 0x1F13
mem[X,0x0000000080001C86] -> 0x00BF
[1830] [M]: 0x0000000080001C84 (0x00BF1F13) slli t5, t5, 0xb
x30 <- 0xFFFFFEFFFDBEF800

mem[X,0x0000000080001C88] -> 0x0F13
mem[X,0x0000000080001C8A] -> 0x7FEF
[1831] [M]: 0x0000000080001C88 (0x7FEF0F13) addi t5, t5, 0x7fe
x30 <- 0xFFFFFEFFFDBEFFFE

mem[X,0x0000000080001C8C] -> 0x1F13
mem[X,0x0000000080001C8E] -> 0x00AF
[1832] [M]: 0x0000000080001C8C (0x00AF1F13) slli t5, t5, 0xa
x30 <- 0xFFFBFFF6FBFFF800

mem[X,0x0000000080001C90] -> 0x0F13
mem[X,0x0000000080001C92] -> 0x3FFF
[1833] [M]: 0x0000000080001C90 (0x3FFF0F13) addi t5, t5, 0x3ff
x30 <- 0xFFFBFFF6FBFFFBFF

mem[X,0x0000000080001C94] -> 0x0EB7
mem[X,0x0000000080001C96] -> 0xFFFF
[1834] [M]: 0x0000000080001C94 (0xFFFF0EB7) lui t4, -0x10
x29 <- 0xFFFFFFFFFFFF0000

mem[X,0x0000000080001C98] -> 0x8E93
mem[X,0x0000000080001C9A] -> 0x002E
[1835] [M]: 0x0000000080001C98 (0x002E8E93) addi t4, t4, 0x2
x29 <- 0xFFFFFFFFFFFF0002

mem[X,0x0000000080001C9C] -> 0x9E93
mem[X,0x0000000080001C9E] -> 0x00BE
[1836] [M]: 0x0000000080001C9C (0x00BE9E93) slli t4, t4, 0xb
x29 <- 0xFFFFFFFFF8001000

mem[X,0x0000000080001CA0] -> 0x8E93
mem[X,0x0000000080001CA2] -> 0x080E
[1837] [M]: 0x0000000080001CA0 (0x080E8E93) addi t4, t4, 0x80
x29 <- 0xFFFFFFFFF8001080

mem[X,0x0000000080001CA4] -> 0x9E93
mem[X,0x0000000080001CA6] -> 0x00BE
[1838] [M]: 0x0000000080001CA4 (0x00BE9E93) slli t4, t4, 0xb
x29 <- 0xFFFFFFC000840000

mem[X,0x0000000080001CA8] -> 0x8E93
mem[X,0x0000000080001CAA] -> 0x015E
[1839] [M]: 0x0000000080001CA8 (0x015E8E93) addi t4, t4, 0x15
x29 <- 0xFFFFFFC000840015

mem[X,0x0000000080001CAC] -> 0x9E93
mem[X,0x0000000080001CAE] -> 0x00AE
[1840] [M]: 0x0000000080001CAC (0x00AE9E93) slli t4, t4, 0xa
x29 <- 0xFFFF000210005400

mem[X,0x0000000080001CB0] -> 0x8E93
mem[X,0x0000000080001CB2] -> 0x155E
[1841] [M]: 0x0000000080001CB0 (0x155E8E93) addi t4, t4, 0x155
x29 <- 0xFFFF000210005555

mem[X,0x0000000080001CB4] -> 0x7FBB
mem[X,0x0000000080001CB6] -> 0x8DDF
[1842] [M]: 0x0000000080001CB4 (0x8DDF7FBB) pmhracc.h t6, t5, t4
x31 <- 0xBCC0D64AE5FED380

mem[X,0x0000000080001CB8] -> 0xB823
mem[X,0x0000000080001CBA] -> 0x21F0
[1843] [M]: 0x0000000080001CB8 (0x21F0B823) sd t6, 0x210(ra)
mem[0x0000000080004418] <- 0xBCC0D64AE5FED380

mem[X,0x0000000080001CBC] -> 0x0F37
mem[X,0x0000000080001CBE] -> 0x4000
[1844] [M]: 0x0000000080001CBC (0x40000F37) lui t5, 0x40000
x30 <- 0x0000000040000000

mem[X,0x0000000080001CC0] -> 0x0F13
mem[X,0x0000000080001CC2] -> 0xFF7F
[1845] [M]: 0x0000000080001CC0 (0xFF7F0F13) addi t5, t5, -0x9
x30 <- 0x000000003FFFFFF7

mem[X,0x0000000080001CC4] -> 0x1F13
mem[X,0x0000000080001CC6] -> 0x00BF
[1846] [M]: 0x0000000080001CC4 (0x00BF1F13) slli t5, t5, 0xb
x30 <- 0x000001FFFFFFB800

mem[X,0x0000000080001CC8] -> 0x0F13
mem[X,0x0000000080001CCA] -> 0x7FEF
[1847] [M]: 0x0000000080001CC8 (0x7FEF0F13) addi t5, t5, 0x7fe
x30 <- 0x000001FFFFFFBFFE

mem[X,0x0000000080001CCC] -> 0x1F13
mem[X,0x0000000080001CCE] -> 0x00BF
[1848] [M]: 0x0000000080001CCC (0x00BF1F13) slli t5, t5, 0xb
x30 <- 0x000FFFFFFDFFF000

mem[X,0x0000000080001CD0] -> 0x0F13
mem[X,0x0000000080001CD2] -> 0x7C1F
[1849] [M]: 0x0000000080001CD0 (0x7C1F0F13) addi t5, t5, 0x7c1
x30 <- 0x000FFFFFFDFFF7C1

mem[X,0x0000000080001CD4] -> 0x1F13
mem[X,0x0000000080001CD6] -> 0x00AF
[1850] [M]: 0x0000000080001CD4 (0x00AF1F13) slli t5, t5, 0xa
x30 <- 0x3FFFFFF7FFDF0400

mem[X,0x0000000080001CD8] -> 0x0EB7
mem[X,0x0000000080001CDA] -> 0x0001
[1851] [M]: 0x0000000080001CD8 (0x00010EB7) lui t4, 0x10
x29 <- 0x0000000000010000

mem[X,0x0000000080001CDC] -> 0x8E93
mem[X,0x0000000080001CDE] -> 0x006E
[1852] [M]: 0x0000000080001CDC (0x006E8E93) addi t4, t4, 0x6
x29 <- 0x0000000000010006

mem[X,0x0000000080001CE0] -> 0x9E93
mem[X,0x0000000080001CE2] -> 0x00BE
[1853] [M]: 0x0000000080001CE0 (0x00BE9E93) slli t4, t4, 0xb
x29 <- 0x0000000008003000

mem[X,0x0000000080001CE4] -> 0x8E93
mem[X,0x0000000080001CE6] -> 0x040E
[1854] [M]: 0x0000000080001CE4 (0x040E8E93) addi t4, t4, 0x40
x29 <- 0x0000000008003040

mem[X,0x0000000080001CE8] -> 0x9E93
mem[X,0x0000000080001CEA] -> 0x00BE
[1855] [M]: 0x0000000080001CE8 (0x00BE9E93) slli t4, t4, 0xb
x29 <- 0x0000004001820000

mem[X,0x0000000080001CEC] -> 0x8E93
mem[X,0x0000000080001CEE] -> 0x03FE
[1856] [M]: 0x0000000080001CEC (0x03FE8E93) addi t4, t4, 0x3f
x29 <- 0x000000400182003F

mem[X,0x0000000080001CF0] -> 0x9E93
mem[X,0x0000000080001CF2] -> 0x00AE
[1857] [M]: 0x0000000080001CF0 (0x00AE9E93) slli t4, t4, 0xa
x29 <- 0x000100060800FC00

mem[X,0x0000000080001CF4] -> 0x8E93
mem[X,0x0000000080001CF6] -> 0x3BFE
[1858] [M]: 0x0000000080001CF4 (0x3BFE8E93) addi t4, t4, 0x3bf
x29 <- 0x000100060800FFBF

mem[X,0x0000000080001CF8] -> 0x7FBB
mem[X,0x0000000080001CFA] -> 0x8DDF
[1859] [M]: 0x0000000080001CF8 (0x8DDF7FBB) pmhracc.h t6, t5, t4
x31 <- 0xBCC0D64AE5FDD37F

mem[X,0x0000000080001CFC] -> 0xBC23
mem[X,0x0000000080001CFE] -> 0x21F0
[1860] [M]: 0x0000000080001CFC (0x21F0BC23) sd t6, 0x218(ra)
mem[0x0000000080004420] <- 0xBCC0D64AE5FDD37F

mem[X,0x0000000080001D00] -> 0x0F37
mem[X,0x0000000080001D02] -> 0xFF7F
[1861] [M]: 0x0000000080001D00 (0xFF7F0F37) lui t5, -0x810
x30 <- 0xFFFFFFFFFF7F0000

mem[X,0x0000000080001D04] -> 0x0F13
mem[X,0x0000000080001D06] -> 0x080F
[1862] [M]: 0x0000000080001D04 (0x080F0F13) addi t5, t5, 0x80
x30 <- 0xFFFFFFFFFF7F0080

mem[X,0x0000000080001D08] -> 0x1F13
mem[X,0x0000000080001D0A] -> 0x00BF
[1863] [M]: 0x0000000080001D08 (0x00BF1F13) slli t5, t5, 0xb
x30 <- 0xFFFFFFFBF8040000

mem[X,0x0000000080001D0C] -> 0x0F13
mem[X,0x0000000080001D0E] -> 0x3FFF
[1864] [M]: 0x0000000080001D0C (0x3FFF0F13) addi t5, t5, 0x3ff
x30 <- 0xFFFFFFFBF80403FF

mem[X,0x0000000080001D10] -> 0x1F13
mem[X,0x0000000080001D12] -> 0x00BF
[1865] [M]: 0x0000000080001D10 (0x00BF1F13) slli t5, t5, 0xb
x30 <- 0xFFFFDFC0201FF800

mem[X,0x0000000080001D14] -> 0x0F13
mem[X,0x0000000080001D16] -> 0x7FFF
[1866] [M]: 0x0000000080001D14 (0x7FFF0F13) addi t5, t5, 0x7ff
x30 <- 0xFFFFDFC0201FFFFF

mem[X,0x0000000080001D18] -> 0x1F13
mem[X,0x0000000080001D1A] -> 0x00AF
[1867] [M]: 0x0000000080001D18 (0x00AF1F13) slli t5, t5, 0xa
x30 <- 0xFF7F00807FFFFC00

mem[X,0x0000000080001D1C] -> 0x0F13
mem[X,0x0000000080001D1E] -> 0x1FFF
[1868] [M]: 0x0000000080001D1C (0x1FFF0F13) addi t5, t5, 0x1ff
x30 <- 0xFF7F00807FFFFDFF

mem[X,0x0000000080001D20] -> 0x0EB7
mem[X,0x0000000080001D22] -> 0xFE00
[1869] [M]: 0x0000000080001D20 (0xFE000EB7) lui t4, -0x2000
x29 <- 0xFFFFFFFFFE000000

mem[X,0x0000000080001D24] -> 0x8E93
mem[X,0x0000000080001D26] -> 0xBFFE
[1870] [M]: 0x0000000080001D24 (0xBFFE8E93) addi t4, t4, -0x401
x29 <- 0xFFFFFFFFFDFFFBFF

mem[X,0x0000000080001D28] -> 0x9E93
mem[X,0x0000000080001D2A] -> 0x00BE
[1871] [M]: 0x0000000080001D28 (0x00BE9E93) slli t4, t4, 0xb
x29 <- 0xFFFFFFEFFFDFF800

mem[X,0x0000000080001D2C] -> 0x8E93
mem[X,0x0000000080001D2E] -> 0x555E
[1872] [M]: 0x0000000080001D2C (0x555E8E93) addi t4, t4, 0x555
x29 <- 0xFFFFFFEFFFDFFD55

mem[X,0x0000000080001D30] -> 0x9E93
mem[X,0x0000000080001D32] -> 0x00BE
[1873] [M]: 0x0000000080001D30 (0x00BE9E93) slli t4, t4, 0xb
x29 <- 0xFFFF7FFEFFEAA800

mem[X,0x0000000080001D34] -> 0x8E93
mem[X,0x0000000080001D36] -> 0x29FE
[1874] [M]: 0x0000000080001D34 (0x29FE8E93) addi t4, t4, 0x29f
x29 <- 0xFFFF7FFEFFEAAA9F

mem[X,0x0000000080001D38] -> 0x9E93
mem[X,0x0000000080001D3A] -> 0x00AE
[1875] [M]: 0x0000000080001D38 (0x00AE9E93) slli t4, t4, 0xa
x29 <- 0xFDFFFBFFAAAA7C00

mem[X,0x0000000080001D3C] -> 0x8E93
mem[X,0x0000000080001D3E] -> 0x3FFE
[1876] [M]: 0x0000000080001D3C (0x3FFE8E93) addi t4, t4, 0x3ff
x29 <- 0xFDFFFBFFAAAA7FFF

mem[X,0x0000000080001D40] -> 0x7FBB
mem[X,0x0000000080001D42] -> 0x8DDF
[1877] [M]: 0x0000000080001D40 (0x8DDF7FBB) pmhracc.h t6, t5, t4
x31 <- 0xBCC1D648BB52D27F

mem[X,0x0000000080001D44] -> 0xB023
mem[X,0x0000000080001D46] -> 0x23F0
[1878] [M]: 0x0000000080001D44 (0x23F0B023) sd t6, 0x220(ra)
mem[0x0000000080004428] <- 0xBCC1D648BB52D27F

mem[X,0x0000000080001D48] -> 0x4F37
mem[X,0x0000000080001D4A] -> 0x4000
[1879] [M]: 0x0000000080001D48 (0x40004F37) lui t5, 0x40004
x30 <- 0x0000000040004000

mem[X,0x0000000080001D4C] -> 0x0F13
mem[X,0x0000000080001D4E] -> 0x000F
[1880] [M]: 0x0000000080001D4C (0x000F0F13) addi t5, t5, 0x0
x30 <- 0x0000000040004000

mem[X,0x0000000080001D50] -> 0x1F13
mem[X,0x0000000080001D52] -> 0x00BF
[1881] [M]: 0x0000000080001D50 (0x00BF1F13) slli t5, t5, 0xb
x30 <- 0x0000020002000000

mem[X,0x0000000080001D54] -> 0x0F13
mem[X,0x0000000080001D56] -> 0x7FFF
[1882] [M]: 0x0000000080001D54 (0x7FFF0F13) addi t5, t5, 0x7ff
x30 <- 0x00000200020007FF

mem[X,0x0000000080001D58] -> 0x1F13
mem[X,0x0000000080001D5A] -> 0x00BF
[1883] [M]: 0x0000000080001D58 (0x00BF1F13) slli t5, t5, 0xb
x30 <- 0x00100010003FF800

mem[X,0x0000000080001D5C] -> 0x0F13
mem[X,0x0000000080001D5E] -> 0x620F
[1884] [M]: 0x0000000080001D5C (0x620F0F13) addi t5, t5, 0x620
x30 <- 0x00100010003FFE20

mem[X,0x0000000080001D60] -> 0x1F13
mem[X,0x0000000080001D62] -> 0x00AF
[1885] [M]: 0x0000000080001D60 (0x00AF1F13) slli t5, t5, 0xa
x30 <- 0x40004000FFF88000

mem[X,0x0000000080001D64] -> 0x0EB7
mem[X,0x0000000080001D66] -> 0xFC00
[1886] [M]: 0x0000000080001D64 (0xFC000EB7) lui t4, -0x4000
x29 <- 0xFFFFFFFFFC000000

mem[X,0x0000000080001D68] -> 0x8E93
mem[X,0x0000000080001D6A] -> 0xFFDE
[1887] [M]: 0x0000000080001D68 (0xFFDE8E93) addi t4, t4, -0x3
x29 <- 0xFFFFFFFFFBFFFFFD

mem[X,0x0000000080001D6C] -> 0x9E93
mem[X,0x0000000080001D6E] -> 0x00BE
[1888] [M]: 0x0000000080001D6C (0x00BE9E93) slli t4, t4, 0xb
x29 <- 0xFFFFFFDFFFFFE800

mem[X,0x0000000080001D70] -> 0x8E93
mem[X,0x0000000080001D72] -> 0x000E
[1889] [M]: 0x0000000080001D70 (0x000E8E93) addi t4, t4, 0x0
x29 <- 0xFFFFFFDFFFFFE800

mem[X,0x0000000080001D74] -> 0x9E93
mem[X,0x0000000080001D76] -> 0x00BE
[1890] [M]: 0x0000000080001D74 (0x00BE9E93) slli t4, t4, 0xb
x29 <- 0xFFFEFFFFFF400000

mem[X,0x0000000080001D78] -> 0x8E93
mem[X,0x0000000080001D7A] -> 0x000E
[1891] [M]: 0x0000000080001D78 (0x000E8E93) addi t4, t4, 0x0
x29 <- 0xFFFEFFFFFF400000

mem[X,0x0000000080001D7C] -> 0x9E93
mem[X,0x0000000080001D7E] -> 0x00AE
[1892] [M]: 0x0000000080001D7C (0x00AE9E93) slli t4, t4, 0xa
x29 <- 0xFBFFFFFD00000000

mem[X,0x0000000080001D80] -> 0x8E93
mem[X,0x0000000080001D82] -> 0x100E
[1893] [M]: 0x0000000080001D80 (0x100E8E93) addi t4, t4, 0x100
x29 <- 0xFBFFFFFD00000100

mem[X,0x0000000080001D84] -> 0x7FBB
mem[X,0x0000000080001D86] -> 0x8DDF
[1894] [M]: 0x0000000080001D84 (0x8DDF7FBB) pmhracc.h t6, t5, t4
x31 <- 0xBBC1D647BB52D1FF

mem[X,0x0000000080001D88] -> 0xB423
mem[X,0x0000000080001D8A] -> 0x23F0
[1895] [M]: 0x0000000080001D88 (0x23F0B423) sd t6, 0x228(ra)
mem[0x0000000080004430] <- 0xBBC1D647BB52D1FF

mem[X,0x0000000080001D8C] -> 0x0F37
mem[X,0x0000000080001D8E] -> 0x8000
[1896] [M]: 0x0000000080001D8C (0x80000F37) lui t5, -0x80000
x30 <- 0xFFFFFFFF80000000

mem[X,0x0000000080001D90] -> 0x0F13
mem[X,0x0000000080001D92] -> 0xDFFF
[1897] [M]: 0x0000000080001D90 (0xDFFF0F13) addi t5, t5, -0x201
x30 <- 0xFFFFFFFF7FFFFDFF

mem[X,0x0000000080001D94] -> 0x1F13
mem[X,0x0000000080001D96] -> 0x00BF
[1898] [M]: 0x0000000080001D94 (0x00BF1F13) slli t5, t5, 0xb
x30 <- 0xFFFFFBFFFFEFF800

mem[X,0x0000000080001D98] -> 0x0F13
mem[X,0x0000000080001D9A] -> 0x000F
[1899] [M]: 0x0000000080001D98 (0x000F0F13) addi t5, t5, 0x0
x30 <- 0xFFFFFBFFFFEFF800

clint::tick mtime <- 0x0000000000000013
 clint timer pending at mtime 0x0000000000000013
htif::tick 0x0000000000000000
mem[X,0x0000000080001D9C] -> 0x1F13
mem[X,0x0000000080001D9E] -> 0x00BF
[1900] [M]: 0x0000000080001D9C (0x00BF1F13) slli t5, t5, 0xb
x30 <- 0xFFDFFFFF7FC00000

mem[X,0x0000000080001DA0] -> 0x0F13
mem[X,0x0000000080001DA2] -> 0x1BFF
[1901] [M]: 0x0000000080001DA0 (0x1BFF0F13) addi t5, t5, 0x1bf
x30 <- 0xFFDFFFFF7FC001BF

mem[X,0x0000000080001DA4] -> 0x1F13
mem[X,0x0000000080001DA6] -> 0x00AF
[1902] [M]: 0x0000000080001DA4 (0x00AF1F13) slli t5, t5, 0xa
x30 <- 0x7FFFFDFF0006FC00

mem[X,0x0000000080001DA8] -> 0x0F13
mem[X,0x0000000080001DAA] -> 0x37FF
[1903] [M]: 0x0000000080001DA8 (0x37FF0F13) addi t5, t5, 0x37f
x30 <- 0x7FFFFDFF0006FF7F

mem[X,0x0000000080001DAC] -> 0x8EB7
mem[X,0x0000000080001DAE] -> 0x0100
[1904] [M]: 0x0000000080001DAC (0x01008EB7) lui t4, 0x1008
x29 <- 0x0000000001008000

mem[X,0x0000000080001DB0] -> 0x8E93
mem[X,0x0000000080001DB2] -> 0x000E
[1905] [M]: 0x0000000080001DB0 (0x000E8E93) addi t4, t4, 0x0
x29 <- 0x0000000001008000

mem[X,0x0000000080001DB4] -> 0x9E93
mem[X,0x0000000080001DB6] -> 0x00BE
[1906] [M]: 0x0000000080001DB4 (0x00BE9E93) slli t4, t4, 0xb
x29 <- 0x0000000804000000

mem[X,0x0000000080001DB8] -> 0x8E93
mem[X,0x0000000080001DBA] -> 0x7FFE
[1907] [M]: 0x0000000080001DB8 (0x7FFE8E93) addi t4, t4, 0x7ff
x29 <- 0x00000008040007FF

mem[X,0x0000000080001DBC] -> 0x9E93
mem[X,0x0000000080001DBE] -> 0x00BE
[1908] [M]: 0x0000000080001DBC (0x00BE9E93) slli t4, t4, 0xb
x29 <- 0x00004020003FF800

mem[X,0x0000000080001DC0] -> 0x8E93
mem[X,0x0000000080001DC2] -> 0x780E
[1909] [M]: 0x0000000080001DC0 (0x780E8E93) addi t4, t4, 0x780
x29 <- 0x00004020003FFF80

mem[X,0x0000000080001DC4] -> 0x9E93
mem[X,0x0000000080001DC6] -> 0x00AE
[1910] [M]: 0x0000000080001DC4 (0x00AE9E93) slli t4, t4, 0xa
x29 <- 0x01008000FFFE0000

mem[X,0x0000000080001DC8] -> 0x8E93
mem[X,0x0000000080001DCA] -> 0x080E
[1911] [M]: 0x0000000080001DC8 (0x080E8E93) addi t4, t4, 0x80
x29 <- 0x01008000FFFE0080

mem[X,0x0000000080001DCC] -> 0x7FBB
mem[X,0x0000000080001DCE] -> 0x8DDF
[1912] [M]: 0x0000000080001DCC (0x8DDF7FBB) pmhracc.h t6, t5, t4
x31 <- 0xBC41D748BB52D1FF

mem[X,0x0000000080001DD0] -> 0xB823
mem[X,0x0000000080001DD2] -> 0x23F0
[1913] [M]: 0x0000000080001DD0 (0x23F0B823) sd t6, 0x230(ra)
mem[0x0000000080004438] <- 0xBC41D748BB52D1FF

mem[X,0x0000000080001DD4] -> 0xCF37
mem[X,0x0000000080001DD6] -> 0x0010
[1914] [M]: 0x0000000080001DD4 (0x0010CF37) lui t5, 0x10c
x30 <- 0x000000000010C000

mem[X,0x0000000080001DD8] -> 0x0F13
mem[X,0x0000000080001DDA] -> 0xFFFF
[1915] [M]: 0x0000000080001DD8 (0xFFFF0F13) addi t5, t5, -0x1
x30 <- 0x000000000010BFFF

mem[X,0x0000000080001DDC] -> 0x1F13
mem[X,0x0000000080001DDE] -> 0x00BF
[1916] [M]: 0x0000000080001DDC (0x00BF1F13) slli t5, t5, 0xb
x30 <- 0x0000000085FFF800

mem[X,0x0000000080001DE0] -> 0x0F13
mem[X,0x0000000080001DE2] -> 0x3FFF
[1917] [M]: 0x0000000080001DE0 (0x3FFF0F13) addi t5, t5, 0x3ff
x30 <- 0x0000000085FFFBFF

mem[X,0x0000000080001DE4] -> 0x1F13
mem[X,0x0000000080001DE6] -> 0x00BF
[1918] [M]: 0x0000000080001DE4 (0x00BF1F13) slli t5, t5, 0xb
x30 <- 0x0000042FFFDFF800

mem[X,0x0000000080001DE8] -> 0x0F13
mem[X,0x0000000080001DEA] -> 0x7FDF
[1919] [M]: 0x0000000080001DE8 (0x7FDF0F13) addi t5, t5, 0x7fd
x30 <- 0x0000042FFFDFFFFD

mem[X,0x0000000080001DEC] -> 0x1F13
mem[X,0x0000000080001DEE] -> 0x00AF
[1920] [M]: 0x0000000080001DEC (0x00AF1F13) slli t5, t5, 0xa
x30 <- 0x0010BFFF7FFFF400

mem[X,0x0000000080001DF0] -> 0x0F13
mem[X,0x0000000080001DF2] -> 0x3FFF
[1921] [M]: 0x0000000080001DF0 (0x3FFF0F13) addi t5, t5, 0x3ff
x30 <- 0x0010BFFF7FFFF7FF

mem[X,0x0000000080001DF4] -> 0x1EB7
mem[X,0x0000000080001DF6] -> 0x2000
[1922] [M]: 0x0000000080001DF4 (0x20001EB7) lui t4, 0x20001
x29 <- 0x0000000020001000

mem[X,0x0000000080001DF8] -> 0x8E93
mem[X,0x0000000080001DFA] -> 0x800E
[1923] [M]: 0x0000000080001DF8 (0x800E8E93) addi t4, t4, -0x800
x29 <- 0x0000000020000800

mem[X,0x0000000080001DFC] -> 0x9E93
mem[X,0x0000000080001DFE] -> 0x00BE
[1924] [M]: 0x0000000080001DFC (0x00BE9E93) slli t4, t4, 0xb
x29 <- 0x0000010000400000

mem[X,0x0000000080001E00] -> 0x8E93
mem[X,0x0000000080001E02] -> 0x080E
[1925] [M]: 0x0000000080001E00 (0x080E8E93) addi t4, t4, 0x80
x29 <- 0x0000010000400080

mem[X,0x0000000080001E04] -> 0x9E93
mem[X,0x0000000080001E06] -> 0x00BE
[1926] [M]: 0x0000000080001E04 (0x00BE9E93) slli t4, t4, 0xb
x29 <- 0x0008000200040000

mem[X,0x0000000080001E08] -> 0x8E93
mem[X,0x0000000080001E0A] -> 0x000E
[1927] [M]: 0x0000000080001E08 (0x000E8E93) addi t4, t4, 0x0
x29 <- 0x0008000200040000

mem[X,0x0000000080001E0C] -> 0x9E93
mem[X,0x0000000080001E0E] -> 0x00AE
[1928] [M]: 0x0000000080001E0C (0x00AE9E93) slli t4, t4, 0xa
x29 <- 0x2000080010000000

mem[X,0x0000000080001E10] -> 0x8E93
mem[X,0x0000000080001E12] -> 0x002E
[1929] [M]: 0x0000000080001E10 (0x002E8E93) addi t4, t4, 0x2
x29 <- 0x2000080010000002

mem[X,0x0000000080001E14] -> 0x7FBB
mem[X,0x0000000080001E16] -> 0x8DDF
[1930] [M]: 0x0000000080001E14 (0x8DDF7FBB) pmhracc.h t6, t5, t4
x31 <- 0xBC43D548C352D1FF

mem[X,0x0000000080001E18] -> 0xBC23
mem[X,0x0000000080001E1A] -> 0x23F0
[1931] [M]: 0x0000000080001E18 (0x23F0BC23) sd t6, 0x238(ra)
mem[0x0000000080004440] <- 0xBC43D548C352D1FF

mem[X,0x0000000080001E1C] -> 0x006F
mem[X,0x0000000080001E1E] -> 0x0380
[1932] [M]: 0x0000000080001E1C (0x0380006F) jal zero, 0x38

mem[X,0x0000000080001E54] -> 0x0093
mem[X,0x0000000080001E56] -> 0x0010
[1933] [M]: 0x0000000080001E54 (0x00100093) addi ra, zero, 0x1
x1 <- 0x0000000000000001

mem[X,0x0000000080001E58] -> 0x0F17
mem[X,0x0000000080001E5A] -> 0x0000
[1934] [M]: 0x0000000080001E58 (0x00000F17) auipc t5, 0x0
x30 <- 0x0000000080001E58

mem[X,0x0000000080001E5C] -> 0x2423
mem[X,0x0000000080001E5E] -> 0x1A1F
[1935] [M]: 0x0000000080001E5C (0x1A1F2423) sw ra, 0x1a8(t5)
htif[0x0000000080002000] <- 0x00000001

mem[X,0x0000000080001E60] -> 0xF06F
mem[X,0x0000000080001E62] -> 0xFF9F
[1936] [M]: 0x0000000080001E60 (0xFF9FF06F) jal zero, -0x8

mem[X,0x0000000080001E58] -> 0x0F17
mem[X,0x0000000080001E5A] -> 0x0000
[1937] [M]: 0x0000000080001E58 (0x00000F17) auipc t5, 0x0
x30 <- 0x0000000080001E58

mem[X,0x0000000080001E5C] -> 0x2423
mem[X,0x0000000080001E5E] -> 0x1A1F
[1938] [M]: 0x0000000080001E5C (0x1A1F2423) sw ra, 0x1a8(t5)
htif[0x0000000080002000] <- 0x00000001

mem[X,0x0000000080001E60] -> 0xF06F
mem[X,0x0000000080001E62] -> 0xFF9F
[1939] [M]: 0x0000000080001E60 (0xFF9FF06F) jal zero, -0x8

mem[X,0x0000000080001E58] -> 0x0F17
mem[X,0x0000000080001E5A] -> 0x0000
[1940] [M]: 0x0000000080001E58 (0x00000F17) auipc t5, 0x0
x30 <- 0x0000000080001E58

mem[X,0x0000000080001E5C] -> 0x2423
mem[X,0x0000000080001E5E] -> 0x1A1F
[1941] [M]: 0x0000000080001E5C (0x1A1F2423) sw ra, 0x1a8(t5)
htif[0x0000000080002000] <- 0x00000001
htif-syscall-proxy cmd: 0x000000000001

SUCCESS
