using /home/chsu/rvp-workspace/test-64/riscof_work/pmaccu.w.heo-01.S/ref/Reference-sail_c_simulator.signature for test-signature output.
tohost located at 0x80004000
Running file ref.elf.
ELF Entry @ 0x80000000
begin_signature: 0x80006110
end_signature: 0x800065f0
CSR mstatus <- 0x0000000A00000000 (input: 0x0000000000000000)
mem[X,0x0000000000001000] -> 0x0297
mem[X,0x0000000000001002] -> 0x0000
[0] [M]: 0x0000000000001000 (0x00000297) auipc t0, 0x0
x5 <- 0x0000000000001000

mem[X,0x0000000000001004] -> 0x8593
mem[X,0x0000000000001006] -> 0x0202
[1] [M]: 0x0000000000001004 (0x02028593) addi a1, t0, 0x20
x11 <- 0x0000000000001020

mem[X,0x0000000000001008] -> 0x2573
mem[X,0x000000000000100A] -> 0xF140
[2] [M]: 0x0000000000001008 (0xF1402573) csrrs a0, mhartid, zero
CSR mhartid -> 0x0000000000000000
x10 <- 0x0000000000000000

mem[X,0x000000000000100C] -> 0xB283
mem[X,0x000000000000100E] -> 0x0182
[3] [M]: 0x000000000000100C (0x0182B283) ld t0, 0x18(t0)
mem[R,0x0000000000001018] -> 0x0000000080000000
x5 <- 0x0000000080000000

mem[X,0x0000000000001010] -> 0x8067
mem[X,0x0000000000001012] -> 0x0002
[4] [M]: 0x0000000000001010 (0x00028067) jalr zero, 0x0(t0)

mem[X,0x0000000080000000] -> 0x0837
mem[X,0x0000000080000002] -> 0x7D5C
[5] [M]: 0x0000000080000000 (0x7D5C0837) lui a6, 0x7d5c0
x16 <- 0x000000007D5C0000

mem[X,0x0000000080000004] -> 0x0813
mem[X,0x0000000080000006] -> 0xDDB8
[6] [M]: 0x0000000080000004 (0xDDB80813) addi a6, a6, -0x225
x16 <- 0x000000007D5BFDDB

mem[X,0x0000000080000008] -> 0x1813
mem[X,0x000000008000000A] -> 0x00B8
[7] [M]: 0x0000000080000008 (0x00B81813) slli a6, a6, 0xb
x16 <- 0x000003EADFEED800

mem[X,0x000000008000000C] -> 0x0813
mem[X,0x000000008000000E] -> 0x3EA8
[8] [M]: 0x000000008000000C (0x3EA80813) addi a6, a6, 0x3ea
x16 <- 0x000003EADFEEDBEA

mem[X,0x0000000080000010] -> 0x1813
mem[X,0x0000000080000012] -> 0x00B8
[9] [M]: 0x0000000080000010 (0x00B81813) slli a6, a6, 0xb
x16 <- 0x001F56FF76DF5000

mem[X,0x0000000080000014] -> 0x0813
mem[X,0x0000000080000016] -> 0x6FF8
[10] [M]: 0x0000000080000014 (0x6FF80813) addi a6, a6, 0x6ff
x16 <- 0x001F56FF76DF56FF

mem[X,0x0000000080000018] -> 0x1813
mem[X,0x000000008000001A] -> 0x00A8
[11] [M]: 0x0000000080000018 (0x00A81813) slli a6, a6, 0xa
x16 <- 0x7D5BFDDB7D5BFC00

mem[X,0x000000008000001C] -> 0x0813
mem[X,0x000000008000001E] -> 0x1DB8
[12] [M]: 0x000000008000001C (0x1DB80813) addi a6, a6, 0x1db
x16 <- 0x7D5BFDDB7D5BFDDB

mem[X,0x0000000080000020] -> 0x5893
mem[X,0x0000000080000022] -> 0x0078
[13] [M]: 0x0000000080000020 (0x00785893) srli a7, a6, 0x7
x17 <- 0x00FAB7FBB6FAB7FB

mem[X,0x0000000080000024] -> 0x5793
mem[X,0x0000000080000026] -> 0x0398
[14] [M]: 0x0000000080000024 (0x03985793) srli a5, a6, 0x39
x15 <- 0x000000000000003E

mem[X,0x0000000080000028] -> 0xE8B3
mem[X,0x000000008000002A] -> 0x00F8
[15] [M]: 0x0000000080000028 (0x00F8E8B3) or a7, a7, a5
x17 <- 0x00FAB7FBB6FAB7FF

mem[X,0x000000008000002C] -> 0xD913
mem[X,0x000000008000002E] -> 0x0078
[16] [M]: 0x000000008000002C (0x0078D913) srli s2, a7, 0x7
x18 <- 0x0001F56FF76DF56F

mem[X,0x0000000080000030] -> 0xD793
mem[X,0x0000000080000032] -> 0x0398
[17] [M]: 0x0000000080000030 (0x0398D793) srli a5, a7, 0x39
x15 <- 0x0000000000000000

mem[X,0x0000000080000034] -> 0x6933
mem[X,0x0000000080000036] -> 0x00F9
[18] [M]: 0x0000000080000034 (0x00F96933) or s2, s2, a5
x18 <- 0x0001F56FF76DF56F

mem[X,0x0000000080000038] -> 0x5993
mem[X,0x000000008000003A] -> 0x0079
[19] [M]: 0x0000000080000038 (0x00795993) srli s3, s2, 0x7
x19 <- 0x000003EADFEEDBEA

mem[X,0x000000008000003C] -> 0x5793
mem[X,0x000000008000003E] -> 0x0399
[20] [M]: 0x000000008000003C (0x03995793) srli a5, s2, 0x39
x15 <- 0x0000000000000000

mem[X,0x0000000080000040] -> 0xE9B3
mem[X,0x0000000080000042] -> 0x00F9
[21] [M]: 0x0000000080000040 (0x00F9E9B3) or s3, s3, a5
x19 <- 0x000003EADFEEDBEA

mem[X,0x0000000080000044] -> 0xDA13
mem[X,0x0000000080000046] -> 0x0079
[22] [M]: 0x0000000080000044 (0x0079DA13) srli s4, s3, 0x7
x20 <- 0x00000007D5BFDDB7

mem[X,0x0000000080000048] -> 0xD793
mem[X,0x000000008000004A] -> 0x0399
[23] [M]: 0x0000000080000048 (0x0399D793) srli a5, s3, 0x39
x15 <- 0x0000000000000000

mem[X,0x000000008000004C] -> 0x6A33
mem[X,0x000000008000004E] -> 0x00FA
[24] [M]: 0x000000008000004C (0x00FA6A33) or s4, s4, a5
x20 <- 0x00000007D5BFDDB7

mem[X,0x0000000080000050] -> 0x5A93
mem[X,0x0000000080000052] -> 0x007A
[25] [M]: 0x0000000080000050 (0x007A5A93) srli s5, s4, 0x7
x21 <- 0x000000000FAB7FBB

mem[X,0x0000000080000054] -> 0x5793
mem[X,0x0000000080000056] -> 0x039A
[26] [M]: 0x0000000080000054 (0x039A5793) srli a5, s4, 0x39
x15 <- 0x0000000000000000

mem[X,0x0000000080000058] -> 0xEAB3
mem[X,0x000000008000005A] -> 0x00FA
[27] [M]: 0x0000000080000058 (0x00FAEAB3) or s5, s5, a5
x21 <- 0x000000000FAB7FBB

mem[X,0x000000008000005C] -> 0xDB13
mem[X,0x000000008000005E] -> 0x007A
[28] [M]: 0x000000008000005C (0x007ADB13) srli s6, s5, 0x7
x22 <- 0x00000000001F56FF

mem[X,0x0000000080000060] -> 0xD793
mem[X,0x0000000080000062] -> 0x039A
[29] [M]: 0x0000000080000060 (0x039AD793) srli a5, s5, 0x39
x15 <- 0x0000000000000000

mem[X,0x0000000080000064] -> 0x6B33
mem[X,0x0000000080000066] -> 0x00FB
[30] [M]: 0x0000000080000064 (0x00FB6B33) or s6, s6, a5
x22 <- 0x00000000001F56FF

mem[X,0x0000000080000068] -> 0x5B93
mem[X,0x000000008000006A] -> 0x007B
[31] [M]: 0x0000000080000068 (0x007B5B93) srli s7, s6, 0x7
x23 <- 0x0000000000003EAD

mem[X,0x000000008000006C] -> 0x5793
mem[X,0x000000008000006E] -> 0x039B
[32] [M]: 0x000000008000006C (0x039B5793) srli a5, s6, 0x39
x15 <- 0x0000000000000000

mem[X,0x0000000080000070] -> 0xEBB3
mem[X,0x0000000080000072] -> 0x00FB
[33] [M]: 0x0000000080000070 (0x00FBEBB3) or s7, s7, a5
x23 <- 0x0000000000003EAD

mem[X,0x0000000080000074] -> 0xDC13
mem[X,0x0000000080000076] -> 0x007B
[34] [M]: 0x0000000080000074 (0x007BDC13) srli s8, s7, 0x7
x24 <- 0x000000000000007D

mem[X,0x0000000080000078] -> 0xD793
mem[X,0x000000008000007A] -> 0x039B
[35] [M]: 0x0000000080000078 (0x039BD793) srli a5, s7, 0x39
x15 <- 0x0000000000000000

mem[X,0x000000008000007C] -> 0x6C33
mem[X,0x000000008000007E] -> 0x00FC
[36] [M]: 0x000000008000007C (0x00FC6C33) or s8, s8, a5
x24 <- 0x000000000000007D

mem[X,0x0000000080000080] -> 0x5C93
mem[X,0x0000000080000082] -> 0x007C
[37] [M]: 0x0000000080000080 (0x007C5C93) srli s9, s8, 0x7
x25 <- 0x0000000000000000

mem[X,0x0000000080000084] -> 0x5793
mem[X,0x0000000080000086] -> 0x039C
[38] [M]: 0x0000000080000084 (0x039C5793) srli a5, s8, 0x39
x15 <- 0x0000000000000000

mem[X,0x0000000080000088] -> 0xECB3
mem[X,0x000000008000008A] -> 0x00FC
[39] [M]: 0x0000000080000088 (0x00FCECB3) or s9, s9, a5
x25 <- 0x0000000000000000

mem[X,0x000000008000008C] -> 0xDD13
mem[X,0x000000008000008E] -> 0x007C
[40] [M]: 0x000000008000008C (0x007CDD13) srli s10, s9, 0x7
x26 <- 0x0000000000000000

mem[X,0x0000000080000090] -> 0xD793
mem[X,0x0000000080000092] -> 0x039C
[41] [M]: 0x0000000080000090 (0x039CD793) srli a5, s9, 0x39
x15 <- 0x0000000000000000

mem[X,0x0000000080000094] -> 0x6D33
mem[X,0x0000000080000096] -> 0x00FD
[42] [M]: 0x0000000080000094 (0x00FD6D33) or s10, s10, a5
x26 <- 0x0000000000000000

mem[X,0x0000000080000098] -> 0x5D93
mem[X,0x000000008000009A] -> 0x007D
[43] [M]: 0x0000000080000098 (0x007D5D93) srli s11, s10, 0x7
x27 <- 0x0000000000000000

mem[X,0x000000008000009C] -> 0x5793
mem[X,0x000000008000009E] -> 0x039D
[44] [M]: 0x000000008000009C (0x039D5793) srli a5, s10, 0x39
x15 <- 0x0000000000000000

mem[X,0x00000000800000A0] -> 0xEDB3
mem[X,0x00000000800000A2] -> 0x00FD
[45] [M]: 0x00000000800000A0 (0x00FDEDB3) or s11, s11, a5
x27 <- 0x0000000000000000

mem[X,0x00000000800000A4] -> 0xDE13
mem[X,0x00000000800000A6] -> 0x007D
[46] [M]: 0x00000000800000A4 (0x007DDE13) srli t3, s11, 0x7
x28 <- 0x0000000000000000

mem[X,0x00000000800000A8] -> 0xD793
mem[X,0x00000000800000AA] -> 0x039D
[47] [M]: 0x00000000800000A8 (0x039DD793) srli a5, s11, 0x39
x15 <- 0x0000000000000000

mem[X,0x00000000800000AC] -> 0x6E33
mem[X,0x00000000800000AE] -> 0x00FE
[48] [M]: 0x00000000800000AC (0x00FE6E33) or t3, t3, a5
x28 <- 0x0000000000000000

mem[X,0x00000000800000B0] -> 0x5E93
mem[X,0x00000000800000B2] -> 0x007E
[49] [M]: 0x00000000800000B0 (0x007E5E93) srli t4, t3, 0x7
x29 <- 0x0000000000000000

mem[X,0x00000000800000B4] -> 0x5793
mem[X,0x00000000800000B6] -> 0x039E
[50] [M]: 0x00000000800000B4 (0x039E5793) srli a5, t3, 0x39
x15 <- 0x0000000000000000

mem[X,0x00000000800000B8] -> 0xEEB3
mem[X,0x00000000800000BA] -> 0x00FE
[51] [M]: 0x00000000800000B8 (0x00FEEEB3) or t4, t4, a5
x29 <- 0x0000000000000000

mem[X,0x00000000800000BC] -> 0xDF13
mem[X,0x00000000800000BE] -> 0x007E
[52] [M]: 0x00000000800000BC (0x007EDF13) srli t5, t4, 0x7
x30 <- 0x0000000000000000

mem[X,0x00000000800000C0] -> 0xD793
mem[X,0x00000000800000C2] -> 0x039E
[53] [M]: 0x00000000800000C0 (0x039ED793) srli a5, t4, 0x39
x15 <- 0x0000000000000000

mem[X,0x00000000800000C4] -> 0x6F33
mem[X,0x00000000800000C6] -> 0x00FF
[54] [M]: 0x00000000800000C4 (0x00FF6F33) or t5, t5, a5
x30 <- 0x0000000000000000

mem[X,0x00000000800000C8] -> 0xC0B7
mem[X,0x00000000800000CA] -> 0xFEED
[55] [M]: 0x00000000800000C8 (0xFEEDC0B7) lui ra, -0x1124
x1 <- 0xFFFFFFFFFEEDC000

mem[X,0x00000000800000CC] -> 0x8093
mem[X,0x00000000800000CE] -> 0xEAD0
[56] [M]: 0x00000000800000CC (0xEAD08093) addi ra, ra, -0x153
x1 <- 0xFFFFFFFFFEEDBEAD

mem[X,0x00000000800000D0] -> 0x9093
mem[X,0x00000000800000D2] -> 0x00B0
[57] [M]: 0x00000000800000D0 (0x00B09093) slli ra, ra, 0xb
x1 <- 0xFFFFFFF76DF56800

mem[X,0x00000000800000D4] -> 0x8093
mem[X,0x00000000800000D6] -> 0x7F70
[58] [M]: 0x00000000800000D4 (0x7F708093) addi ra, ra, 0x7f7
x1 <- 0xFFFFFFF76DF56FF7

mem[X,0x00000000800000D8] -> 0x9093
mem[X,0x00000000800000DA] -> 0x00B0
[59] [M]: 0x00000000800000D8 (0x00B09093) slli ra, ra, 0xb
x1 <- 0xFFFFBB6FAB7FB800

mem[X,0x00000000800000DC] -> 0x8093
mem[X,0x00000000800000DE] -> 0x36F0
[60] [M]: 0x00000000800000DC (0x36F08093) addi ra, ra, 0x36f
x1 <- 0xFFFFBB6FAB7FBB6F

mem[X,0x00000000800000E0] -> 0x9093
mem[X,0x00000000800000E2] -> 0x00A0
[61] [M]: 0x00000000800000E0 (0x00A09093) slli ra, ra, 0xa
x1 <- 0xFEEDBEADFEEDBC00

mem[X,0x00000000800000E4] -> 0x8093
mem[X,0x00000000800000E6] -> 0x2AD0
[62] [M]: 0x00000000800000E4 (0x2AD08093) addi ra, ra, 0x2ad
x1 <- 0xFEEDBEADFEEDBEAD

mem[X,0x00000000800000E8] -> 0xD113
mem[X,0x00000000800000EA] -> 0x0070
[63] [M]: 0x00000000800000E8 (0x0070D113) srli sp, ra, 0x7
x2 <- 0x01FDDB7D5BFDDB7D

mem[X,0x00000000800000EC] -> 0xD793
mem[X,0x00000000800000EE] -> 0x0390
[64] [M]: 0x00000000800000EC (0x0390D793) srli a5, ra, 0x39
x15 <- 0x000000000000007F

mem[X,0x00000000800000F0] -> 0x6133
mem[X,0x00000000800000F2] -> 0x00F1
[65] [M]: 0x00000000800000F0 (0x00F16133) or sp, sp, a5
x2 <- 0x01FDDB7D5BFDDB7F

mem[X,0x00000000800000F4] -> 0x5193
mem[X,0x00000000800000F6] -> 0x0071
[66] [M]: 0x00000000800000F4 (0x00715193) srli gp, sp, 0x7
x3 <- 0x0003FBB6FAB7FBB6

mem[X,0x00000000800000F8] -> 0x5793
mem[X,0x00000000800000FA] -> 0x0391
[67] [M]: 0x00000000800000F8 (0x03915793) srli a5, sp, 0x39
x15 <- 0x0000000000000000

mem[X,0x00000000800000FC] -> 0xE1B3
mem[X,0x00000000800000FE] -> 0x00F1
[68] [M]: 0x00000000800000FC (0x00F1E1B3) or gp, gp, a5
x3 <- 0x0003FBB6FAB7FBB6

mem[X,0x0000000080000100] -> 0xD213
mem[X,0x0000000080000102] -> 0x0071
[69] [M]: 0x0000000080000100 (0x0071D213) srli tp, gp, 0x7
x4 <- 0x000007F76DF56FF7

mem[X,0x0000000080000104] -> 0xD793
mem[X,0x0000000080000106] -> 0x0391
[70] [M]: 0x0000000080000104 (0x0391D793) srli a5, gp, 0x39
x15 <- 0x0000000000000000

mem[X,0x0000000080000108] -> 0x6233
mem[X,0x000000008000010A] -> 0x00F2
[71] [M]: 0x0000000080000108 (0x00F26233) or tp, tp, a5
x4 <- 0x000007F76DF56FF7

mem[X,0x000000008000010C] -> 0x5293
mem[X,0x000000008000010E] -> 0x0072
[72] [M]: 0x000000008000010C (0x00725293) srli t0, tp, 0x7
x5 <- 0x0000000FEEDBEADF

mem[X,0x0000000080000110] -> 0x5793
mem[X,0x0000000080000112] -> 0x0392
[73] [M]: 0x0000000080000110 (0x03925793) srli a5, tp, 0x39
x15 <- 0x0000000000000000

mem[X,0x0000000080000114] -> 0xE2B3
mem[X,0x0000000080000116] -> 0x00F2
[74] [M]: 0x0000000080000114 (0x00F2E2B3) or t0, t0, a5
x5 <- 0x0000000FEEDBEADF

mem[X,0x0000000080000118] -> 0xD313
mem[X,0x000000008000011A] -> 0x0072
[75] [M]: 0x0000000080000118 (0x0072D313) srli t1, t0, 0x7
x6 <- 0x000000001FDDB7D5

mem[X,0x000000008000011C] -> 0xD793
mem[X,0x000000008000011E] -> 0x0392
[76] [M]: 0x000000008000011C (0x0392D793) srli a5, t0, 0x39
x15 <- 0x0000000000000000

mem[X,0x0000000080000120] -> 0x6333
mem[X,0x0000000080000122] -> 0x00F3
[77] [M]: 0x0000000080000120 (0x00F36333) or t1, t1, a5
x6 <- 0x000000001FDDB7D5

mem[X,0x0000000080000124] -> 0x5393
mem[X,0x0000000080000126] -> 0x0073
[78] [M]: 0x0000000080000124 (0x00735393) srli t2, t1, 0x7
x7 <- 0x00000000003FBB6F

mem[X,0x0000000080000128] -> 0x5793
mem[X,0x000000008000012A] -> 0x0393
[79] [M]: 0x0000000080000128 (0x03935793) srli a5, t1, 0x39
x15 <- 0x0000000000000000

mem[X,0x000000008000012C] -> 0xE3B3
mem[X,0x000000008000012E] -> 0x00F3
[80] [M]: 0x000000008000012C (0x00F3E3B3) or t2, t2, a5
x7 <- 0x00000000003FBB6F

mem[X,0x0000000080000130] -> 0xD413
mem[X,0x0000000080000132] -> 0x0073
[81] [M]: 0x0000000080000130 (0x0073D413) srli fp, t2, 0x7
x8 <- 0x0000000000007F76

mem[X,0x0000000080000134] -> 0xD793
mem[X,0x0000000080000136] -> 0x0393
[82] [M]: 0x0000000080000134 (0x0393D793) srli a5, t2, 0x39
x15 <- 0x0000000000000000

mem[X,0x0000000080000138] -> 0x6433
mem[X,0x000000008000013A] -> 0x00F4
[83] [M]: 0x0000000080000138 (0x00F46433) or fp, fp, a5
x8 <- 0x0000000000007F76

mem[X,0x000000008000013C] -> 0x5493
mem[X,0x000000008000013E] -> 0x0074
[84] [M]: 0x000000008000013C (0x00745493) srli s1, fp, 0x7
x9 <- 0x00000000000000FE

mem[X,0x0000000080000140] -> 0x5793
mem[X,0x0000000080000142] -> 0x0394
[85] [M]: 0x0000000080000140 (0x03945793) srli a5, fp, 0x39
x15 <- 0x0000000000000000

mem[X,0x0000000080000144] -> 0xE4B3
mem[X,0x0000000080000146] -> 0x00F4
[86] [M]: 0x0000000080000144 (0x00F4E4B3) or s1, s1, a5
x9 <- 0x00000000000000FE

mem[X,0x0000000080000148] -> 0xD513
mem[X,0x000000008000014A] -> 0x0074
[87] [M]: 0x0000000080000148 (0x0074D513) srli a0, s1, 0x7
x10 <- 0x0000000000000001

mem[X,0x000000008000014C] -> 0xD793
mem[X,0x000000008000014E] -> 0x0394
[88] [M]: 0x000000008000014C (0x0394D793) srli a5, s1, 0x39
x15 <- 0x0000000000000000

mem[X,0x0000000080000150] -> 0x6533
mem[X,0x0000000080000152] -> 0x00F5
[89] [M]: 0x0000000080000150 (0x00F56533) or a0, a0, a5
x10 <- 0x0000000000000001

mem[X,0x0000000080000154] -> 0x5593
mem[X,0x0000000080000156] -> 0x0075
[90] [M]: 0x0000000080000154 (0x00755593) srli a1, a0, 0x7
x11 <- 0x0000000000000000

mem[X,0x0000000080000158] -> 0x5793
mem[X,0x000000008000015A] -> 0x0395
[91] [M]: 0x0000000080000158 (0x03955793) srli a5, a0, 0x39
x15 <- 0x0000000000000000

mem[X,0x000000008000015C] -> 0xE5B3
mem[X,0x000000008000015E] -> 0x00F5
[92] [M]: 0x000000008000015C (0x00F5E5B3) or a1, a1, a5
x11 <- 0x0000000000000000

mem[X,0x0000000080000160] -> 0xD613
mem[X,0x0000000080000162] -> 0x0075
[93] [M]: 0x0000000080000160 (0x0075D613) srli a2, a1, 0x7
x12 <- 0x0000000000000000

mem[X,0x0000000080000164] -> 0xD793
mem[X,0x0000000080000166] -> 0x0395
[94] [M]: 0x0000000080000164 (0x0395D793) srli a5, a1, 0x39
x15 <- 0x0000000000000000

mem[X,0x0000000080000168] -> 0x6633
mem[X,0x000000008000016A] -> 0x00F6
[95] [M]: 0x0000000080000168 (0x00F66633) or a2, a2, a5
x12 <- 0x0000000000000000

mem[X,0x000000008000016C] -> 0x5693
mem[X,0x000000008000016E] -> 0x0076
[96] [M]: 0x000000008000016C (0x00765693) srli a3, a2, 0x7
x13 <- 0x0000000000000000

mem[X,0x0000000080000170] -> 0x5793
mem[X,0x0000000080000172] -> 0x0396
[97] [M]: 0x0000000080000170 (0x03965793) srli a5, a2, 0x39
x15 <- 0x0000000000000000

mem[X,0x0000000080000174] -> 0xE6B3
mem[X,0x0000000080000176] -> 0x00F6
[98] [M]: 0x0000000080000174 (0x00F6E6B3) or a3, a3, a5
x13 <- 0x0000000000000000

mem[X,0x0000000080000178] -> 0x0013
mem[X,0x000000008000017A] -> 0x0000
[99] [M]: 0x0000000080000178 (0x00000013) addi zero, zero, 0x0

clint::tick mtime <- 0x0000000000000001
 clint timer pending at mtime 0x0000000000000001
htif::tick 0x0000000000000000
mem[X,0x000000008000017C] -> 0x0013
mem[X,0x000000008000017E] -> 0x0000
[100] [M]: 0x000000008000017C (0x00000013) addi zero, zero, 0x0

mem[X,0x0000000080000180] -> 0x6797
mem[X,0x0000000080000182] -> 0x0000
[101] [M]: 0x0000000080000180 (0x00006797) auipc a5, 0x6
x15 <- 0x0000000080006180

mem[X,0x0000000080000184] -> 0x8793
mem[X,0x0000000080000186] -> 0xF987
[102] [M]: 0x0000000080000184 (0xF9878793) addi a5, a5, -0x68
x15 <- 0x0000000080006118

mem[X,0x0000000080000188] -> 0x0013
mem[X,0x000000008000018A] -> 0x0000
[103] [M]: 0x0000000080000188 (0x00000013) addi zero, zero, 0x0

mem[X,0x000000008000018C] -> 0x0013
mem[X,0x000000008000018E] -> 0x0000
[104] [M]: 0x000000008000018C (0x00000013) addi zero, zero, 0x0

mem[X,0x0000000080000190] -> 0x0013
mem[X,0x0000000080000192] -> 0x0000
[105] [M]: 0x0000000080000190 (0x00000013) addi zero, zero, 0x0

mem[X,0x0000000080000194] -> 0x0013
mem[X,0x0000000080000196] -> 0x0000
[106] [M]: 0x0000000080000194 (0x00000013) addi zero, zero, 0x0

mem[X,0x0000000080000198] -> 0x0013
mem[X,0x000000008000019A] -> 0x0000
[107] [M]: 0x0000000080000198 (0x00000013) addi zero, zero, 0x0

mem[X,0x000000008000019C] -> 0x0013
mem[X,0x000000008000019E] -> 0x0000
[108] [M]: 0x000000008000019C (0x00000013) addi zero, zero, 0x0

mem[X,0x00000000800001A0] -> 0x0B37
mem[X,0x00000000800001A2] -> 0xFFFF
[109] [M]: 0x00000000800001A0 (0xFFFF0B37) lui s6, -0x10
x22 <- 0xFFFFFFFFFFFF0000

mem[X,0x00000000800001A4] -> 0x0B13
mem[X,0x00000000800001A6] -> 0xFFFB
[110] [M]: 0x00000000800001A4 (0xFFFB0B13) addi s6, s6, -0x1
x22 <- 0xFFFFFFFFFFFEFFFF

mem[X,0x00000000800001A8] -> 0x1B13
mem[X,0x00000000800001AA] -> 0x00BB
[111] [M]: 0x00000000800001A8 (0x00BB1B13) slli s6, s6, 0xb
x22 <- 0xFFFFFFFFF7FFF800

mem[X,0x00000000800001AC] -> 0x0B13
mem[X,0x00000000800001AE] -> 0x000B
[112] [M]: 0x00000000800001AC (0x000B0B13) addi s6, s6, 0x0
x22 <- 0xFFFFFFFFF7FFF800

mem[X,0x00000000800001B0] -> 0x1B13
mem[X,0x00000000800001B2] -> 0x00BB
[113] [M]: 0x00000000800001B0 (0x00BB1B13) slli s6, s6, 0xb
x22 <- 0xFFFFFFBFFFC00000

mem[X,0x00000000800001B4] -> 0x0B13
mem[X,0x00000000800001B6] -> 0x000B
[114] [M]: 0x00000000800001B4 (0x000B0B13) addi s6, s6, 0x0
x22 <- 0xFFFFFFBFFFC00000

mem[X,0x00000000800001B8] -> 0x1B13
mem[X,0x00000000800001BA] -> 0x00AB
[115] [M]: 0x00000000800001B8 (0x00AB1B13) slli s6, s6, 0xa
x22 <- 0xFFFEFFFF00000000

mem[X,0x00000000800001BC] -> 0x0B13
mem[X,0x00000000800001BE] -> 0x080B
[116] [M]: 0x00000000800001BC (0x080B0B13) addi s6, s6, 0x80
x22 <- 0xFFFEFFFF00000080

mem[X,0x00000000800001C0] -> 0xBA37
mem[X,0x00000000800001C2] -> 0xAAAA
[117] [M]: 0x00000000800001C0 (0xAAAABA37) lui s4, -0x55555
x20 <- 0xFFFFFFFFAAAAB000

mem[X,0x00000000800001C4] -> 0x0A13
mem[X,0x00000000800001C6] -> 0xAAAA
[118] [M]: 0x00000000800001C4 (0xAAAA0A13) addi s4, s4, -0x556
x20 <- 0xFFFFFFFFAAAAAAAA

mem[X,0x00000000800001C8] -> 0x1A13
mem[X,0x00000000800001CA] -> 0x00BA
[119] [M]: 0x00000000800001C8 (0x00BA1A13) slli s4, s4, 0xb
x20 <- 0xFFFFFD5555555000

mem[X,0x00000000800001CC] -> 0x0A13
mem[X,0x00000000800001CE] -> 0x008A
[120] [M]: 0x00000000800001CC (0x008A0A13) addi s4, s4, 0x8
x20 <- 0xFFFFFD5555555008

mem[X,0x00000000800001D0] -> 0x1A13
mem[X,0x00000000800001D2] -> 0x00BA
[121] [M]: 0x00000000800001D0 (0x00BA1A13) slli s4, s4, 0xb
x20 <- 0xFFEAAAAAAA804000

mem[X,0x00000000800001D4] -> 0x0A13
mem[X,0x00000000800001D6] -> 0x000A
[122] [M]: 0x00000000800001D4 (0x000A0A13) addi s4, s4, 0x0
x20 <- 0xFFEAAAAAAA804000

mem[X,0x00000000800001D8] -> 0x1A13
mem[X,0x00000000800001DA] -> 0x00AA
[123] [M]: 0x00000000800001D8 (0x00AA1A13) slli s4, s4, 0xa
x20 <- 0xAAAAAAAA01000000

mem[X,0x00000000800001DC] -> 0x0A37
mem[X,0x00000000800001DE] -> 0x2000
[124] [M]: 0x00000000800001DC (0x20000A37) lui s4, 0x20000
x20 <- 0x0000000020000000

mem[X,0x00000000800001E0] -> 0x0A13
mem[X,0x00000000800001E2] -> 0x001A
[125] [M]: 0x00000000800001E0 (0x001A0A13) addi s4, s4, 0x1
x20 <- 0x0000000020000001

mem[X,0x00000000800001E4] -> 0x1A13
mem[X,0x00000000800001E6] -> 0x01FA
[126] [M]: 0x00000000800001E4 (0x01FA1A13) slli s4, s4, 0x1f
x20 <- 0x1000000080000000

mem[X,0x00000000800001E8] -> 0x1A3B
mem[X,0x00000000800001EA] -> 0xBB4B
[127] [M]: 0x00000000800001E8 (0xBB4B1A3B) pmaccu.w.heo s4, s6, s4
x20 <- 0x1000000080000000

mem[X,0x00000000800001EC] -> 0xB023
mem[X,0x00000000800001EE] -> 0x0147
[128] [M]: 0x00000000800001EC (0x0147B023) sd s4, 0x0(a5)
mem[0x0000000080006118] <- 0x1000000080000000

mem[X,0x00000000800001F0] -> 0x0737
mem[X,0x00000000800001F2] -> 0xF800
[129] [M]: 0x00000000800001F0 (0xF8000737) lui a4, -0x8000
x14 <- 0xFFFFFFFFF8000000

mem[X,0x00000000800001F4] -> 0x0713
mem[X,0x00000000800001F6] -> 0xFFF7
[130] [M]: 0x00000000800001F4 (0xFFF70713) addi a4, a4, -0x1
x14 <- 0xFFFFFFFFF7FFFFFF

mem[X,0x00000000800001F8] -> 0x1713
mem[X,0x00000000800001FA] -> 0x00B7
[131] [M]: 0x00000000800001F8 (0x00B71713) slli a4, a4, 0xb
x14 <- 0xFFFFFFBFFFFFF800

mem[X,0x00000000800001FC] -> 0x0713
mem[X,0x00000000800001FE] -> 0x1FF7
[132] [M]: 0x00000000800001FC (0x1FF70713) addi a4, a4, 0x1ff
x14 <- 0xFFFFFFBFFFFFF9FF

mem[X,0x0000000080000200] -> 0x1713
mem[X,0x0000000080000202] -> 0x00B7
[133] [M]: 0x0000000080000200 (0x00B71713) slli a4, a4, 0xb
x14 <- 0xFFFDFFFFFFCFF800

mem[X,0x0000000080000204] -> 0x0713
mem[X,0x0000000080000206] -> 0x7FF7
[134] [M]: 0x0000000080000204 (0x7FF70713) addi a4, a4, 0x7ff
x14 <- 0xFFFDFFFFFFCFFFFF

mem[X,0x0000000080000208] -> 0x1713
mem[X,0x000000008000020A] -> 0x00A7
[135] [M]: 0x0000000080000208 (0x00A71713) slli a4, a4, 0xa
x14 <- 0xF7FFFFFF3FFFFC00

mem[X,0x000000008000020C] -> 0x0713
mem[X,0x000000008000020E] -> 0x3FF7
[136] [M]: 0x000000008000020C (0x3FF70713) addi a4, a4, 0x3ff
x14 <- 0xF7FFFFFF3FFFFFFF

mem[X,0x0000000080000210] -> 0x0537
mem[X,0x0000000080000212] -> 0x0100
[137] [M]: 0x0000000080000210 (0x01000537) lui a0, 0x1000
x10 <- 0x0000000001000000

mem[X,0x0000000080000214] -> 0x0513
mem[X,0x0000000080000216] -> 0x0005
[138] [M]: 0x0000000080000214 (0x00050513) addi a0, a0, 0x0
x10 <- 0x0000000001000000

mem[X,0x0000000080000218] -> 0x1513
mem[X,0x000000008000021A] -> 0x00B5
[139] [M]: 0x0000000080000218 (0x00B51513) slli a0, a0, 0xb
x10 <- 0x0000000800000000

mem[X,0x000000008000021C] -> 0x0513
mem[X,0x000000008000021E] -> 0x0005
[140] [M]: 0x000000008000021C (0x00050513) addi a0, a0, 0x0
x10 <- 0x0000000800000000

mem[X,0x0000000080000220] -> 0x1513
mem[X,0x0000000080000222] -> 0x00B5
[141] [M]: 0x0000000080000220 (0x00B51513) slli a0, a0, 0xb
x10 <- 0x0000400000000000

mem[X,0x0000000080000224] -> 0x0513
mem[X,0x0000000080000226] -> 0x0805
[142] [M]: 0x0000000080000224 (0x08050513) addi a0, a0, 0x80
x10 <- 0x0000400000000080

mem[X,0x0000000080000228] -> 0x1513
mem[X,0x000000008000022A] -> 0x00A5
[143] [M]: 0x0000000080000228 (0x00A51513) slli a0, a0, 0xa
x10 <- 0x0100000000020000

mem[X,0x000000008000022C] -> 0x0137
mem[X,0x000000008000022E] -> 0x1000
[144] [M]: 0x000000008000022C (0x10000137) lui sp, 0x10000
x2 <- 0x0000000010000000

mem[X,0x0000000080000230] -> 0x0113
mem[X,0x0000000080000232] -> 0x0001
[145] [M]: 0x0000000080000230 (0x00010113) addi sp, sp, 0x0
x2 <- 0x0000000010000000

mem[X,0x0000000080000234] -> 0x1113
mem[X,0x0000000080000236] -> 0x00B1
[146] [M]: 0x0000000080000234 (0x00B11113) slli sp, sp, 0xb
x2 <- 0x0000008000000000

mem[X,0x0000000080000238] -> 0x0113
mem[X,0x000000008000023A] -> 0x7FF1
[147] [M]: 0x0000000080000238 (0x7FF10113) addi sp, sp, 0x7ff
x2 <- 0x00000080000007FF

mem[X,0x000000008000023C] -> 0x1113
mem[X,0x000000008000023E] -> 0x00B1
[148] [M]: 0x000000008000023C (0x00B11113) slli sp, sp, 0xb
x2 <- 0x00040000003FF800

mem[X,0x0000000080000240] -> 0x0113
mem[X,0x0000000080000242] -> 0x7FF1
[149] [M]: 0x0000000080000240 (0x7FF10113) addi sp, sp, 0x7ff
x2 <- 0x00040000003FFFFF

mem[X,0x0000000080000244] -> 0x1113
mem[X,0x0000000080000246] -> 0x00A1
[150] [M]: 0x0000000080000244 (0x00A11113) slli sp, sp, 0xa
x2 <- 0x10000000FFFFFC00

mem[X,0x0000000080000248] -> 0x0113
mem[X,0x000000008000024A] -> 0x3FF1
[151] [M]: 0x0000000080000248 (0x3FF10113) addi sp, sp, 0x3ff
x2 <- 0x10000000FFFFFFFF

mem[X,0x000000008000024C] -> 0x113B
mem[X,0x000000008000024E] -> 0xBAA7
[152] [M]: 0x000000008000024C (0xBAA7113B) pmaccu.w.heo sp, a4, a0
x2 <- 0x10000000FFFFFFFF

mem[X,0x0000000080000250] -> 0xB423
mem[X,0x0000000080000252] -> 0x0027
[153] [M]: 0x0000000080000250 (0x0027B423) sd sp, 0x8(a5)
mem[0x0000000080006120] <- 0x10000000FFFFFFFF

mem[X,0x0000000080000254] -> 0xF3B7
mem[X,0x0000000080000256] -> 0xFFFF
[154] [M]: 0x0000000080000254 (0xFFFFF3B7) lui t2, -0x1
x7 <- 0xFFFFFFFFFFFFF000

mem[X,0x0000000080000258] -> 0x8393
mem[X,0x000000008000025A] -> 0xFFF3
[155] [M]: 0x0000000080000258 (0xFFF38393) addi t2, t2, -0x1
x7 <- 0xFFFFFFFFFFFFEFFF

mem[X,0x000000008000025C] -> 0x9393
mem[X,0x000000008000025E] -> 0x00B3
[156] [M]: 0x000000008000025C (0x00B39393) slli t2, t2, 0xb
x7 <- 0xFFFFFFFFFF7FF800

mem[X,0x0000000080000260] -> 0x8393
mem[X,0x0000000080000262] -> 0x0003
[157] [M]: 0x0000000080000260 (0x00038393) addi t2, t2, 0x0
x7 <- 0xFFFFFFFFFF7FF800

mem[X,0x0000000080000264] -> 0x9393
mem[X,0x0000000080000266] -> 0x00B3
[158] [M]: 0x0000000080000264 (0x00B39393) slli t2, t2, 0xb
x7 <- 0xFFFFFFFBFFC00000

mem[X,0x0000000080000268] -> 0x8393
mem[X,0x000000008000026A] -> 0x0013
[159] [M]: 0x0000000080000268 (0x00138393) addi t2, t2, 0x1
x7 <- 0xFFFFFFFBFFC00001

mem[X,0x000000008000026C] -> 0x9393
mem[X,0x000000008000026E] -> 0x00A3
[160] [M]: 0x000000008000026C (0x00A39393) slli t2, t2, 0xa
x7 <- 0xFFFFEFFF00000400

mem[X,0x0000000080000270] -> 0x5937
mem[X,0x0000000080000272] -> 0x5555
[161] [M]: 0x0000000080000270 (0x55555937) lui s2, 0x55555
x18 <- 0x0000000055555000

mem[X,0x0000000080000274] -> 0x0913
mem[X,0x0000000080000276] -> 0x5559
[162] [M]: 0x0000000080000274 (0x55590913) addi s2, s2, 0x555
x18 <- 0x0000000055555555

mem[X,0x0000000080000278] -> 0x1913
mem[X,0x000000008000027A] -> 0x00B9
[163] [M]: 0x0000000080000278 (0x00B91913) slli s2, s2, 0xb
x18 <- 0x000002AAAAAAA800

mem[X,0x000000008000027C] -> 0x0913
mem[X,0x000000008000027E] -> 0x0089
[164] [M]: 0x000000008000027C (0x00890913) addi s2, s2, 0x8
x18 <- 0x000002AAAAAAA808

mem[X,0x0000000080000280] -> 0x1913
mem[X,0x0000000080000282] -> 0x00B9
[165] [M]: 0x0000000080000280 (0x00B91913) slli s2, s2, 0xb
x18 <- 0x0015555555404000

mem[X,0x0000000080000284] -> 0x0913
mem[X,0x0000000080000286] -> 0x0009
[166] [M]: 0x0000000080000284 (0x00090913) addi s2, s2, 0x0
x18 <- 0x0015555555404000

mem[X,0x0000000080000288] -> 0x1913
mem[X,0x000000008000028A] -> 0x00A9
[167] [M]: 0x0000000080000288 (0x00A91913) slli s2, s2, 0xa
x18 <- 0x5555555501000000

mem[X,0x000000008000028C] -> 0x03B7
mem[X,0x000000008000028E] -> 0xE000
[168] [M]: 0x000000008000028C (0xE00003B7) lui t2, -0x20000
x7 <- 0xFFFFFFFFE0000000

mem[X,0x0000000080000290] -> 0x8393
mem[X,0x0000000080000292] -> 0xFFF3
[169] [M]: 0x0000000080000290 (0xFFF38393) addi t2, t2, -0x1
x7 <- 0xFFFFFFFFDFFFFFFF

mem[X,0x0000000080000294] -> 0x9393
mem[X,0x0000000080000296] -> 0x00B3
[170] [M]: 0x0000000080000294 (0x00B39393) slli t2, t2, 0xb
x7 <- 0xFFFFFEFFFFFFF800

mem[X,0x0000000080000298] -> 0x8393
mem[X,0x000000008000029A] -> 0x0003
[171] [M]: 0x0000000080000298 (0x00038393) addi t2, t2, 0x0
x7 <- 0xFFFFFEFFFFFFF800

mem[X,0x000000008000029C] -> 0x9393
mem[X,0x000000008000029E] -> 0x00B3
[172] [M]: 0x000000008000029C (0x00B39393) slli t2, t2, 0xb
x7 <- 0xFFF7FFFFFFC00000

mem[X,0x00000000800002A0] -> 0x8393
mem[X,0x00000000800002A2] -> 0x0003
[173] [M]: 0x00000000800002A0 (0x00038393) addi t2, t2, 0x0
x7 <- 0xFFF7FFFFFFC00000

mem[X,0x00000000800002A4] -> 0x9393
mem[X,0x00000000800002A6] -> 0x00A3
[174] [M]: 0x00000000800002A4 (0x00A39393) slli t2, t2, 0xa
x7 <- 0xDFFFFFFF00000000

mem[X,0x00000000800002A8] -> 0x93BB
mem[X,0x00000000800002AA] -> 0xBB23
[175] [M]: 0x00000000800002A8 (0xBB2393BB) pmaccu.w.heo t2, t2, s2
x7 <- 0xDFFFFFFF00000000

mem[X,0x00000000800002AC] -> 0xB823
mem[X,0x00000000800002AE] -> 0x0077
[176] [M]: 0x00000000800002AC (0x0077B823) sd t2, 0x10(a5)
mem[0x0000000080006128] <- 0xDFFFFFFF00000000

mem[X,0x00000000800002B0] -> 0x0FB7
mem[X,0x00000000800002B2] -> 0x4000
[177] [M]: 0x00000000800002B0 (0x40000FB7) lui t6, 0x40000
x31 <- 0x0000000040000000

mem[X,0x00000000800002B4] -> 0x8F93
mem[X,0x00000000800002B6] -> 0x000F
[178] [M]: 0x00000000800002B4 (0x000F8F93) addi t6, t6, 0x0
x31 <- 0x0000000040000000

mem[X,0x00000000800002B8] -> 0x9F93
mem[X,0x00000000800002BA] -> 0x00BF
[179] [M]: 0x00000000800002B8 (0x00BF9F93) slli t6, t6, 0xb
x31 <- 0x0000020000000000

mem[X,0x00000000800002BC] -> 0x8F93
mem[X,0x00000000800002BE] -> 0x000F
[180] [M]: 0x00000000800002BC (0x000F8F93) addi t6, t6, 0x0
x31 <- 0x0000020000000000

mem[X,0x00000000800002C0] -> 0x9F93
mem[X,0x00000000800002C2] -> 0x00BF
[181] [M]: 0x00000000800002C0 (0x00BF9F93) slli t6, t6, 0xb
x31 <- 0x0010000000000000

mem[X,0x00000000800002C4] -> 0x8F93
mem[X,0x00000000800002C6] -> 0x000F
[182] [M]: 0x00000000800002C4 (0x000F8F93) addi t6, t6, 0x0
x31 <- 0x0010000000000000

mem[X,0x00000000800002C8] -> 0x9F93
mem[X,0x00000000800002CA] -> 0x00AF
[183] [M]: 0x00000000800002C8 (0x00AF9F93) slli t6, t6, 0xa
x31 <- 0x4000000000000000

mem[X,0x00000000800002CC] -> 0x8F93
mem[X,0x00000000800002CE] -> 0x006F
[184] [M]: 0x00000000800002CC (0x006F8F93) addi t6, t6, 0x6
x31 <- 0x4000000000000006

mem[X,0x00000000800002D0] -> 0x0FB7
mem[X,0x00000000800002D2] -> 0x0000
[185] [M]: 0x00000000800002D0 (0x00000FB7) lui t6, 0x0
x31 <- 0x0000000000000000

mem[X,0x00000000800002D4] -> 0x8F93
mem[X,0x00000000800002D6] -> 0xFFAF
[186] [M]: 0x00000000800002D4 (0xFFAF8F93) addi t6, t6, -0x6
x31 <- 0xFFFFFFFFFFFFFFFA

mem[X,0x00000000800002D8] -> 0x9F93
mem[X,0x00000000800002DA] -> 0x00BF
[187] [M]: 0x00000000800002D8 (0x00BF9F93) slli t6, t6, 0xb
x31 <- 0xFFFFFFFFFFFFD000

mem[X,0x00000000800002DC] -> 0x8F93
mem[X,0x00000000800002DE] -> 0x080F
[188] [M]: 0x00000000800002DC (0x080F8F93) addi t6, t6, 0x80
x31 <- 0xFFFFFFFFFFFFD080

mem[X,0x00000000800002E0] -> 0x9F93
mem[X,0x00000000800002E2] -> 0x00BF
[189] [M]: 0x00000000800002E0 (0x00BF9F93) slli t6, t6, 0xb
x31 <- 0xFFFFFFFFFE840000

mem[X,0x00000000800002E4] -> 0x8F93
mem[X,0x00000000800002E6] -> 0x000F
[190] [M]: 0x00000000800002E4 (0x000F8F93) addi t6, t6, 0x0
x31 <- 0xFFFFFFFFFE840000

mem[X,0x00000000800002E8] -> 0x9F93
mem[X,0x00000000800002EA] -> 0x00AF
[191] [M]: 0x00000000800002E8 (0x00AF9F93) slli t6, t6, 0xa
x31 <- 0xFFFFFFFA10000000

mem[X,0x00000000800002EC] -> 0x0FB7
mem[X,0x00000000800002EE] -> 0x0000
[192] [M]: 0x00000000800002EC (0x00000FB7) lui t6, 0x0
x31 <- 0x0000000000000000

mem[X,0x00000000800002F0] -> 0x8F93
mem[X,0x00000000800002F2] -> 0x005F
[193] [M]: 0x00000000800002F0 (0x005F8F93) addi t6, t6, 0x5
x31 <- 0x0000000000000005

mem[X,0x00000000800002F4] -> 0x9F93
mem[X,0x00000000800002F6] -> 0x00BF
[194] [M]: 0x00000000800002F4 (0x00BF9F93) slli t6, t6, 0xb
x31 <- 0x0000000000002800

mem[X,0x00000000800002F8] -> 0x8F93
mem[X,0x00000000800002FA] -> 0x000F
[195] [M]: 0x00000000800002F8 (0x000F8F93) addi t6, t6, 0x0
x31 <- 0x0000000000002800

mem[X,0x00000000800002FC] -> 0x9F93
mem[X,0x00000000800002FE] -> 0x00BF
[196] [M]: 0x00000000800002FC (0x00BF9F93) slli t6, t6, 0xb
x31 <- 0x0000000001400000

mem[X,0x0000000080000300] -> 0x8F93
mem[X,0x0000000080000302] -> 0x000F
[197] [M]: 0x0000000080000300 (0x000F8F93) addi t6, t6, 0x0
x31 <- 0x0000000001400000

mem[X,0x0000000080000304] -> 0x9F93
mem[X,0x0000000080000306] -> 0x00AF
[198] [M]: 0x0000000080000304 (0x00AF9F93) slli t6, t6, 0xa
x31 <- 0x0000000500000000

mem[X,0x0000000080000308] -> 0x8F93
mem[X,0x000000008000030A] -> 0x001F
[199] [M]: 0x0000000080000308 (0x001F8F93) addi t6, t6, 0x1
x31 <- 0x0000000500000001

clint::tick mtime <- 0x0000000000000002
 clint timer pending at mtime 0x0000000000000002
htif::tick 0x0000000000000000
mem[X,0x000000008000030C] -> 0x9FBB
mem[X,0x000000008000030E] -> 0xBBFF
[200] [M]: 0x000000008000030C (0xBBFF9FBB) pmaccu.w.heo t6, t6, t6
x31 <- 0x0000000500000001

mem[X,0x0000000080000310] -> 0xBC23
mem[X,0x0000000080000312] -> 0x01F7
[201] [M]: 0x0000000080000310 (0x01F7BC23) sd t6, 0x18(a5)
mem[0x0000000080006130] <- 0x0000000500000001

mem[X,0x0000000080000314] -> 0x08B7
mem[X,0x0000000080000316] -> 0x0000
[202] [M]: 0x0000000080000314 (0x000008B7) lui a7, 0x0
x17 <- 0x0000000000000000

mem[X,0x0000000080000318] -> 0x8893
mem[X,0x000000008000031A] -> 0x0018
[203] [M]: 0x0000000080000318 (0x00188893) addi a7, a7, 0x1
x17 <- 0x0000000000000001

mem[X,0x000000008000031C] -> 0x9893
mem[X,0x000000008000031E] -> 0x00B8
[204] [M]: 0x000000008000031C (0x00B89893) slli a7, a7, 0xb
x17 <- 0x0000000000000800

mem[X,0x0000000080000320] -> 0x8893
mem[X,0x0000000080000322] -> 0x0008
[205] [M]: 0x0000000080000320 (0x00088893) addi a7, a7, 0x0
x17 <- 0x0000000000000800

mem[X,0x0000000080000324] -> 0x9893
mem[X,0x0000000080000326] -> 0x00B8
[206] [M]: 0x0000000080000324 (0x00B89893) slli a7, a7, 0xb
x17 <- 0x0000000000400000

mem[X,0x0000000080000328] -> 0x8893
mem[X,0x000000008000032A] -> 0x0008
[207] [M]: 0x0000000080000328 (0x00088893) addi a7, a7, 0x0
x17 <- 0x0000000000400000

mem[X,0x000000008000032C] -> 0x9893
mem[X,0x000000008000032E] -> 0x00A8
[208] [M]: 0x000000008000032C (0x00A89893) slli a7, a7, 0xa
x17 <- 0x0000000100000000

mem[X,0x0000000080000330] -> 0x8893
mem[X,0x0000000080000332] -> 0x0018
[209] [M]: 0x0000000080000330 (0x00188893) addi a7, a7, 0x1
x17 <- 0x0000000100000001

mem[X,0x0000000080000334] -> 0x08B7
mem[X,0x0000000080000336] -> 0x0100
[210] [M]: 0x0000000080000334 (0x010008B7) lui a7, 0x1000
x17 <- 0x0000000001000000

mem[X,0x0000000080000338] -> 0x8893
mem[X,0x000000008000033A] -> 0x0018
[211] [M]: 0x0000000080000338 (0x00188893) addi a7, a7, 0x1
x17 <- 0x0000000001000001

mem[X,0x000000008000033C] -> 0x9893
mem[X,0x000000008000033E] -> 0x0138
[212] [M]: 0x000000008000033C (0x01389893) slli a7, a7, 0x13
x17 <- 0x0000080000080000

mem[X,0x0000000080000340] -> 0x0437
mem[X,0x0000000080000342] -> 0x8000
[213] [M]: 0x0000000080000340 (0x80000437) lui fp, -0x80000
x8 <- 0xFFFFFFFF80000000

mem[X,0x0000000080000344] -> 0x0413
mem[X,0x0000000080000346] -> 0xFFF4
[214] [M]: 0x0000000080000344 (0xFFF40413) addi fp, fp, -0x1
x8 <- 0xFFFFFFFF7FFFFFFF

mem[X,0x0000000080000348] -> 0x1413
mem[X,0x000000008000034A] -> 0x00B4
[215] [M]: 0x0000000080000348 (0x00B41413) slli fp, fp, 0xb
x8 <- 0xFFFFFBFFFFFFF800

mem[X,0x000000008000034C] -> 0x0413
mem[X,0x000000008000034E] -> 0x3FF4
[216] [M]: 0x000000008000034C (0x3FF40413) addi fp, fp, 0x3ff
x8 <- 0xFFFFFBFFFFFFFBFF

mem[X,0x0000000080000350] -> 0x1413
mem[X,0x0000000080000352] -> 0x00B4
[217] [M]: 0x0000000080000350 (0x00B41413) slli fp, fp, 0xb
x8 <- 0xFFDFFFFFFFDFF800

mem[X,0x0000000080000354] -> 0x0413
mem[X,0x0000000080000356] -> 0x7FF4
[218] [M]: 0x0000000080000354 (0x7FF40413) addi fp, fp, 0x7ff
x8 <- 0xFFDFFFFFFFDFFFFF

mem[X,0x0000000080000358] -> 0x1413
mem[X,0x000000008000035A] -> 0x00A4
[219] [M]: 0x0000000080000358 (0x00A41413) slli fp, fp, 0xa
x8 <- 0x7FFFFFFF7FFFFC00

mem[X,0x000000008000035C] -> 0x0413
mem[X,0x000000008000035E] -> 0x3FF4
[220] [M]: 0x000000008000035C (0x3FF40413) addi fp, fp, 0x3ff
x8 <- 0x7FFFFFFF7FFFFFFF

mem[X,0x0000000080000360] -> 0x943B
mem[X,0x0000000080000362] -> 0xBB18
[221] [M]: 0x0000000080000360 (0xBB18943B) pmaccu.w.heo fp, a7, a7
x8 <- 0x7FFFFFFF7FFFFFFF

mem[X,0x0000000080000364] -> 0xB023
mem[X,0x0000000080000366] -> 0x0287
[222] [M]: 0x0000000080000364 (0x0287B023) sd fp, 0x20(a5)
mem[0x0000000080006138] <- 0x7FFFFFFF7FFFFFFF

mem[X,0x0000000080000368] -> 0x0037
mem[X,0x000000008000036A] -> 0x8000
[223] [M]: 0x0000000080000368 (0x80000037) lui zero, -0x80000

mem[X,0x000000008000036C] -> 0x0013
mem[X,0x000000008000036E] -> 0x0000
[224] [M]: 0x000000008000036C (0x00000013) addi zero, zero, 0x0

mem[X,0x0000000080000370] -> 0x1013
mem[X,0x0000000080000372] -> 0x00B0
[225] [M]: 0x0000000080000370 (0x00B01013) slli zero, zero, 0xb

mem[X,0x0000000080000374] -> 0x0013
mem[X,0x0000000080000376] -> 0x7FF0
[226] [M]: 0x0000000080000374 (0x7FF00013) addi zero, zero, 0x7ff

mem[X,0x0000000080000378] -> 0x1013
mem[X,0x000000008000037A] -> 0x00B0
[227] [M]: 0x0000000080000378 (0x00B01013) slli zero, zero, 0xb

mem[X,0x000000008000037C] -> 0x0013
mem[X,0x000000008000037E] -> 0x77F0
[228] [M]: 0x000000008000037C (0x77F00013) addi zero, zero, 0x77f

mem[X,0x0000000080000380] -> 0x1013
mem[X,0x0000000080000382] -> 0x00A0
[229] [M]: 0x0000000080000380 (0x00A01013) slli zero, zero, 0xa

mem[X,0x0000000080000384] -> 0x0013
mem[X,0x0000000080000386] -> 0x3FF0
[230] [M]: 0x0000000080000384 (0x3FF00013) addi zero, zero, 0x3ff

mem[X,0x0000000080000388] -> 0x09B7
mem[X,0x000000008000038A] -> 0x0000
[231] [M]: 0x0000000080000388 (0x000009B7) lui s3, 0x0
x19 <- 0x0000000000000000

mem[X,0x000000008000038C] -> 0x8993
mem[X,0x000000008000038E] -> 0xFBF9
[232] [M]: 0x000000008000038C (0xFBF98993) addi s3, s3, -0x41
x19 <- 0xFFFFFFFFFFFFFFBF

mem[X,0x0000000080000390] -> 0x9993
mem[X,0x0000000080000392] -> 0x00B9
[233] [M]: 0x0000000080000390 (0x00B99993) slli s3, s3, 0xb
x19 <- 0xFFFFFFFFFFFDF800

mem[X,0x0000000080000394] -> 0x8993
mem[X,0x0000000080000396] -> 0x7FF9
[234] [M]: 0x0000000080000394 (0x7FF98993) addi s3, s3, 0x7ff
x19 <- 0xFFFFFFFFFFFDFFFF

mem[X,0x0000000080000398] -> 0x9993
mem[X,0x000000008000039A] -> 0x00B9
[235] [M]: 0x0000000080000398 (0x00B99993) slli s3, s3, 0xb
x19 <- 0xFFFFFFFFEFFFF800

mem[X,0x000000008000039C] -> 0x8993
mem[X,0x000000008000039E] -> 0x77F9
[236] [M]: 0x000000008000039C (0x77F98993) addi s3, s3, 0x77f
x19 <- 0xFFFFFFFFEFFFFF7F

mem[X,0x00000000800003A0] -> 0x9993
mem[X,0x00000000800003A2] -> 0x00A9
[237] [M]: 0x00000000800003A0 (0x00A99993) slli s3, s3, 0xa
x19 <- 0xFFFFFFBFFFFDFC00

mem[X,0x00000000800003A4] -> 0x8993
mem[X,0x00000000800003A6] -> 0x3FF9
[238] [M]: 0x00000000800003A4 (0x3FF98993) addi s3, s3, 0x3ff
x19 <- 0xFFFFFFBFFFFDFFFF

mem[X,0x00000000800003A8] -> 0x0D37
mem[X,0x00000000800003AA] -> 0x0002
[239] [M]: 0x00000000800003A8 (0x00020D37) lui s10, 0x20
x26 <- 0x0000000000020000

mem[X,0x00000000800003AC] -> 0x0D13
mem[X,0x00000000800003AE] -> 0x000D
[240] [M]: 0x00000000800003AC (0x000D0D13) addi s10, s10, 0x0
x26 <- 0x0000000000020000

mem[X,0x00000000800003B0] -> 0x1D13
mem[X,0x00000000800003B2] -> 0x00BD
[241] [M]: 0x00000000800003B0 (0x00BD1D13) slli s10, s10, 0xb
x26 <- 0x0000000010000000

mem[X,0x00000000800003B4] -> 0x0D13
mem[X,0x00000000800003B6] -> 0x000D
[242] [M]: 0x00000000800003B4 (0x000D0D13) addi s10, s10, 0x0
x26 <- 0x0000000010000000

mem[X,0x00000000800003B8] -> 0x1D13
mem[X,0x00000000800003BA] -> 0x00BD
[243] [M]: 0x00000000800003B8 (0x00BD1D13) slli s10, s10, 0xb
x26 <- 0x0000008000000000

mem[X,0x00000000800003BC] -> 0x0D13
mem[X,0x00000000800003BE] -> 0x000D
[244] [M]: 0x00000000800003BC (0x000D0D13) addi s10, s10, 0x0
x26 <- 0x0000008000000000

mem[X,0x00000000800003C0] -> 0x1D13
mem[X,0x00000000800003C2] -> 0x00AD
[245] [M]: 0x00000000800003C0 (0x00AD1D13) slli s10, s10, 0xa
x26 <- 0x0002000000000000

mem[X,0x00000000800003C4] -> 0x0D13
mem[X,0x00000000800003C6] -> 0x002D
[246] [M]: 0x00000000800003C4 (0x002D0D13) addi s10, s10, 0x2
x26 <- 0x0002000000000002

mem[X,0x00000000800003C8] -> 0x1D3B
mem[X,0x00000000800003CA] -> 0xBB30
[247] [M]: 0x00000000800003C8 (0xBB301D3B) pmaccu.w.heo s10, zero, s3
x26 <- 0x0002000000000002

mem[X,0x00000000800003CC] -> 0xB423
mem[X,0x00000000800003CE] -> 0x03A7
[248] [M]: 0x00000000800003CC (0x03A7B423) sd s10, 0x28(a5)
mem[0x0000000080006140] <- 0x0002000000000002

mem[X,0x00000000800003D0] -> 0x0137
mem[X,0x00000000800003D2] -> 0x4000
[249] [M]: 0x00000000800003D0 (0x40000137) lui sp, 0x40000
x2 <- 0x0000000040000000

mem[X,0x00000000800003D4] -> 0x0113
mem[X,0x00000000800003D6] -> 0xFFF1
[250] [M]: 0x00000000800003D4 (0xFFF10113) addi sp, sp, -0x1
x2 <- 0x000000003FFFFFFF

mem[X,0x00000000800003D8] -> 0x1113
mem[X,0x00000000800003DA] -> 0x00B1
[251] [M]: 0x00000000800003D8 (0x00B11113) slli sp, sp, 0xb
x2 <- 0x000001FFFFFFF800

mem[X,0x00000000800003DC] -> 0x0113
mem[X,0x00000000800003DE] -> 0x0001
[252] [M]: 0x00000000800003DC (0x00010113) addi sp, sp, 0x0
x2 <- 0x000001FFFFFFF800

mem[X,0x00000000800003E0] -> 0x1113
mem[X,0x00000000800003E2] -> 0x00B1
[253] [M]: 0x00000000800003E0 (0x00B11113) slli sp, sp, 0xb
x2 <- 0x000FFFFFFFC00000

mem[X,0x00000000800003E4] -> 0x0113
mem[X,0x00000000800003E6] -> 0x0001
[254] [M]: 0x00000000800003E4 (0x00010113) addi sp, sp, 0x0
x2 <- 0x000FFFFFFFC00000

mem[X,0x00000000800003E8] -> 0x1113
mem[X,0x00000000800003EA] -> 0x00A1
[255] [M]: 0x00000000800003E8 (0x00A11113) slli sp, sp, 0xa
x2 <- 0x3FFFFFFF00000000

mem[X,0x00000000800003EC] -> 0x0113
mem[X,0x00000000800003EE] -> 0x0041
[256] [M]: 0x00000000800003EC (0x00410113) addi sp, sp, 0x4
x2 <- 0x3FFFFFFF00000004

mem[X,0x00000000800003F0] -> 0x01B7
mem[X,0x00000000800003F2] -> 0x0000
[257] [M]: 0x00000000800003F0 (0x000001B7) lui gp, 0x0
x3 <- 0x0000000000000000

mem[X,0x00000000800003F4] -> 0x8193
mem[X,0x00000000800003F6] -> 0xFFE1
[258] [M]: 0x00000000800003F4 (0xFFE18193) addi gp, gp, -0x2
x3 <- 0xFFFFFFFFFFFFFFFE

mem[X,0x00000000800003F8] -> 0x9193
mem[X,0x00000000800003FA] -> 0x00B1
[259] [M]: 0x00000000800003F8 (0x00B19193) slli gp, gp, 0xb
x3 <- 0xFFFFFFFFFFFFF000

mem[X,0x00000000800003FC] -> 0x8193
mem[X,0x00000000800003FE] -> 0x7FF1
[260] [M]: 0x00000000800003FC (0x7FF18193) addi gp, gp, 0x7ff
x3 <- 0xFFFFFFFFFFFFF7FF

mem[X,0x0000000080000400] -> 0x9193
mem[X,0x0000000080000402] -> 0x00B1
[261] [M]: 0x0000000080000400 (0x00B19193) slli gp, gp, 0xb
x3 <- 0xFFFFFFFFFFBFF800

mem[X,0x0000000080000404] -> 0x8193
mem[X,0x0000000080000406] -> 0x7FF1
[262] [M]: 0x0000000080000404 (0x7FF18193) addi gp, gp, 0x7ff
x3 <- 0xFFFFFFFFFFBFFFFF

mem[X,0x0000000080000408] -> 0x9193
mem[X,0x000000008000040A] -> 0x00A1
[263] [M]: 0x0000000080000408 (0x00A19193) slli gp, gp, 0xa
x3 <- 0xFFFFFFFEFFFFFC00

mem[X,0x000000008000040C] -> 0x8193
mem[X,0x000000008000040E] -> 0x3BF1
[264] [M]: 0x000000008000040C (0x3BF18193) addi gp, gp, 0x3bf
x3 <- 0xFFFFFFFEFFFFFFBF

mem[X,0x0000000080000410] -> 0x1EB7
mem[X,0x0000000080000412] -> 0x0000
[265] [M]: 0x0000000080000410 (0x00001EB7) lui t4, 0x1
x29 <- 0x0000000000001000

mem[X,0x0000000080000414] -> 0x8E93
mem[X,0x0000000080000416] -> 0x000E
[266] [M]: 0x0000000080000414 (0x000E8E93) addi t4, t4, 0x0
x29 <- 0x0000000000001000

mem[X,0x0000000080000418] -> 0x9E93
mem[X,0x000000008000041A] -> 0x00BE
[267] [M]: 0x0000000080000418 (0x00BE9E93) slli t4, t4, 0xb
x29 <- 0x0000000000800000

mem[X,0x000000008000041C] -> 0x8E93
mem[X,0x000000008000041E] -> 0x000E
[268] [M]: 0x000000008000041C (0x000E8E93) addi t4, t4, 0x0
x29 <- 0x0000000000800000

mem[X,0x0000000080000420] -> 0x9E93
mem[X,0x0000000080000422] -> 0x00BE
[269] [M]: 0x0000000080000420 (0x00BE9E93) slli t4, t4, 0xb
x29 <- 0x0000000400000000

mem[X,0x0000000080000424] -> 0x8E93
mem[X,0x0000000080000426] -> 0x000E
[270] [M]: 0x0000000080000424 (0x000E8E93) addi t4, t4, 0x0
x29 <- 0x0000000400000000

mem[X,0x0000000080000428] -> 0x9E93
mem[X,0x000000008000042A] -> 0x00AE
[271] [M]: 0x0000000080000428 (0x00AE9E93) slli t4, t4, 0xa
x29 <- 0x0000100000000000

mem[X,0x000000008000042C] -> 0x8E93
mem[X,0x000000008000042E] -> 0x004E
[272] [M]: 0x000000008000042C (0x004E8E93) addi t4, t4, 0x4
x29 <- 0x0000100000000004

mem[X,0x0000000080000430] -> 0x1EBB
mem[X,0x0000000080000432] -> 0xBA31
[273] [M]: 0x0000000080000430 (0xBA311EBB) pmaccu.w.heo t4, sp, gp
x29 <- 0x000013FC00000400

mem[X,0x0000000080000434] -> 0xB823
mem[X,0x0000000080000436] -> 0x03D7
[274] [M]: 0x0000000080000434 (0x03D7B823) sd t4, 0x30(a5)
mem[0x0000000080006148] <- 0x000013FC00000400

mem[X,0x0000000080000438] -> 0x09B7
mem[X,0x000000008000043A] -> 0x0000
[275] [M]: 0x0000000080000438 (0x000009B7) lui s3, 0x0
x19 <- 0x0000000000000000

mem[X,0x000000008000043C] -> 0x8993
mem[X,0x000000008000043E] -> 0x0209
[276] [M]: 0x000000008000043C (0x02098993) addi s3, s3, 0x20
x19 <- 0x0000000000000020

mem[X,0x0000000080000440] -> 0x9993
mem[X,0x0000000080000442] -> 0x00B9
[277] [M]: 0x0000000080000440 (0x00B99993) slli s3, s3, 0xb
x19 <- 0x0000000000010000

mem[X,0x0000000080000444] -> 0x8993
mem[X,0x0000000080000446] -> 0x1FF9
[278] [M]: 0x0000000080000444 (0x1FF98993) addi s3, s3, 0x1ff
x19 <- 0x00000000000101FF

mem[X,0x0000000080000448] -> 0x9993
mem[X,0x000000008000044A] -> 0x00B9
[279] [M]: 0x0000000080000448 (0x00B99993) slli s3, s3, 0xb
x19 <- 0x00000000080FF800

mem[X,0x000000008000044C] -> 0x8993
mem[X,0x000000008000044E] -> 0x7FF9
[280] [M]: 0x000000008000044C (0x7FF98993) addi s3, s3, 0x7ff
x19 <- 0x00000000080FFFFF

mem[X,0x0000000080000450] -> 0x9993
mem[X,0x0000000080000452] -> 0x00A9
[281] [M]: 0x0000000080000450 (0x00A99993) slli s3, s3, 0xa
x19 <- 0x000000203FFFFC00

mem[X,0x0000000080000454] -> 0x8993
mem[X,0x0000000080000456] -> 0x3FF9
[282] [M]: 0x0000000080000454 (0x3FF98993) addi s3, s3, 0x3ff
x19 <- 0x000000203FFFFFFF

mem[X,0x0000000080000458] -> 0x0E37
mem[X,0x000000008000045A] -> 0xF800
[283] [M]: 0x0000000080000458 (0xF8000E37) lui t3, -0x8000
x28 <- 0xFFFFFFFFF8000000

mem[X,0x000000008000045C] -> 0x0E13
mem[X,0x000000008000045E] -> 0xFFFE
[284] [M]: 0x000000008000045C (0xFFFE0E13) addi t3, t3, -0x1
x28 <- 0xFFFFFFFFF7FFFFFF

mem[X,0x0000000080000460] -> 0x1E13
mem[X,0x0000000080000462] -> 0x00BE
[285] [M]: 0x0000000080000460 (0x00BE1E13) slli t3, t3, 0xb
x28 <- 0xFFFFFFBFFFFFF800

mem[X,0x0000000080000464] -> 0x0E13
mem[X,0x0000000080000466] -> 0x000E
[286] [M]: 0x0000000080000464 (0x000E0E13) addi t3, t3, 0x0
x28 <- 0xFFFFFFBFFFFFF800

mem[X,0x0000000080000468] -> 0x1E13
mem[X,0x000000008000046A] -> 0x00BE
[287] [M]: 0x0000000080000468 (0x00BE1E13) slli t3, t3, 0xb
x28 <- 0xFFFDFFFFFFC00000

mem[X,0x000000008000046C] -> 0x0E13
mem[X,0x000000008000046E] -> 0x000E
[288] [M]: 0x000000008000046C (0x000E0E13) addi t3, t3, 0x0
x28 <- 0xFFFDFFFFFFC00000

mem[X,0x0000000080000470] -> 0x1E13
mem[X,0x0000000080000472] -> 0x00AE
[289] [M]: 0x0000000080000470 (0x00AE1E13) slli t3, t3, 0xa
x28 <- 0xF7FFFFFF00000000

mem[X,0x0000000080000474] -> 0x0E13
mem[X,0x0000000080000476] -> 0x010E
[290] [M]: 0x0000000080000474 (0x010E0E13) addi t3, t3, 0x10
x28 <- 0xF7FFFFFF00000010

mem[X,0x0000000080000478] -> 0x16B7
mem[X,0x000000008000047A] -> 0x0000
[291] [M]: 0x0000000080000478 (0x000016B7) lui a3, 0x1
x13 <- 0x0000000000001000

mem[X,0x000000008000047C] -> 0x8693
mem[X,0x000000008000047E] -> 0x8006
[292] [M]: 0x000000008000047C (0x80068693) addi a3, a3, -0x800
x13 <- 0x0000000000000800

mem[X,0x0000000080000480] -> 0x9693
mem[X,0x0000000080000482] -> 0x00B6
[293] [M]: 0x0000000080000480 (0x00B69693) slli a3, a3, 0xb
x13 <- 0x0000000000400000

mem[X,0x0000000080000484] -> 0x8693
mem[X,0x0000000080000486] -> 0x0006
[294] [M]: 0x0000000080000484 (0x00068693) addi a3, a3, 0x0
x13 <- 0x0000000000400000

mem[X,0x0000000080000488] -> 0x9693
mem[X,0x000000008000048A] -> 0x00B6
[295] [M]: 0x0000000080000488 (0x00B69693) slli a3, a3, 0xb
x13 <- 0x0000000200000000

mem[X,0x000000008000048C] -> 0x8693
mem[X,0x000000008000048E] -> 0x0006
[296] [M]: 0x000000008000048C (0x00068693) addi a3, a3, 0x0
x13 <- 0x0000000200000000

mem[X,0x0000000080000490] -> 0x9693
mem[X,0x0000000080000492] -> 0x00A6
[297] [M]: 0x0000000080000490 (0x00A69693) slli a3, a3, 0xa
x13 <- 0x0000080000000000

mem[X,0x0000000080000494] -> 0x8693
mem[X,0x0000000080000496] -> 0x0086
[298] [M]: 0x0000000080000494 (0x00868693) addi a3, a3, 0x8
x13 <- 0x0000080000000008

mem[X,0x0000000080000498] -> 0x96BB
mem[X,0x000000008000049A] -> 0xBBC9
[299] [M]: 0x0000000080000498 (0xBBC996BB) pmaccu.w.heo a3, s3, t3
x13 <- 0x0000080000000008

clint::tick mtime <- 0x0000000000000003
 clint timer pending at mtime 0x0000000000000003
htif::tick 0x0000000000000000
mem[X,0x000000008000049C] -> 0xBC23
mem[X,0x000000008000049E] -> 0x02D7
[300] [M]: 0x000000008000049C (0x02D7BC23) sd a3, 0x38(a5)
mem[0x0000000080006150] <- 0x0000080000000008

mem[X,0x00000000800004A0] -> 0x0E37
mem[X,0x00000000800004A2] -> 0x1000
[301] [M]: 0x00000000800004A0 (0x10000E37) lui t3, 0x10000
x28 <- 0x0000000010000000

mem[X,0x00000000800004A4] -> 0x0E13
mem[X,0x00000000800004A6] -> 0x000E
[302] [M]: 0x00000000800004A4 (0x000E0E13) addi t3, t3, 0x0
x28 <- 0x0000000010000000

mem[X,0x00000000800004A8] -> 0x1E13
mem[X,0x00000000800004AA] -> 0x00BE
[303] [M]: 0x00000000800004A8 (0x00BE1E13) slli t3, t3, 0xb
x28 <- 0x0000008000000000

mem[X,0x00000000800004AC] -> 0x0E13
mem[X,0x00000000800004AE] -> 0x000E
[304] [M]: 0x00000000800004AC (0x000E0E13) addi t3, t3, 0x0
x28 <- 0x0000008000000000

mem[X,0x00000000800004B0] -> 0x1E13
mem[X,0x00000000800004B2] -> 0x00BE
[305] [M]: 0x00000000800004B0 (0x00BE1E13) slli t3, t3, 0xb
x28 <- 0x0004000000000000

mem[X,0x00000000800004B4] -> 0x0E13
mem[X,0x00000000800004B6] -> 0x000E
[306] [M]: 0x00000000800004B4 (0x000E0E13) addi t3, t3, 0x0
x28 <- 0x0004000000000000

mem[X,0x00000000800004B8] -> 0x1E13
mem[X,0x00000000800004BA] -> 0x00AE
[307] [M]: 0x00000000800004B8 (0x00AE1E13) slli t3, t3, 0xa
x28 <- 0x1000000000000000

mem[X,0x00000000800004BC] -> 0x0E13
mem[X,0x00000000800004BE] -> 0x200E
[308] [M]: 0x00000000800004BC (0x200E0E13) addi t3, t3, 0x200
x28 <- 0x1000000000000200

mem[X,0x00000000800004C0] -> 0x0EB7
mem[X,0x00000000800004C2] -> 0xFFFF
[309] [M]: 0x00000000800004C0 (0xFFFF0EB7) lui t4, -0x10
x29 <- 0xFFFFFFFFFFFF0000

mem[X,0x00000000800004C4] -> 0x8E93
mem[X,0x00000000800004C6] -> 0xFFFE
[310] [M]: 0x00000000800004C4 (0xFFFE8E93) addi t4, t4, -0x1
x29 <- 0xFFFFFFFFFFFEFFFF

mem[X,0x00000000800004C8] -> 0x9E93
mem[X,0x00000000800004CA] -> 0x00BE
[311] [M]: 0x00000000800004C8 (0x00BE9E93) slli t4, t4, 0xb
x29 <- 0xFFFFFFFFF7FFF800

mem[X,0x00000000800004CC] -> 0x8E93
mem[X,0x00000000800004CE] -> 0x040E
[312] [M]: 0x00000000800004CC (0x040E8E93) addi t4, t4, 0x40
x29 <- 0xFFFFFFFFF7FFF840

mem[X,0x00000000800004D0] -> 0x9E93
mem[X,0x00000000800004D2] -> 0x00BE
[313] [M]: 0x00000000800004D0 (0x00BE9E93) slli t4, t4, 0xb
x29 <- 0xFFFFFFBFFFC20000

mem[X,0x00000000800004D4] -> 0x8E93
mem[X,0x00000000800004D6] -> 0x000E
[314] [M]: 0x00000000800004D4 (0x000E8E93) addi t4, t4, 0x0
x29 <- 0xFFFFFFBFFFC20000

mem[X,0x00000000800004D8] -> 0x9E93
mem[X,0x00000000800004DA] -> 0x00AE
[315] [M]: 0x00000000800004D8 (0x00AE9E93) slli t4, t4, 0xa
x29 <- 0xFFFEFFFF08000000

mem[X,0x00000000800004DC] -> 0x0237
mem[X,0x00000000800004DE] -> 0x2000
[316] [M]: 0x00000000800004DC (0x20000237) lui tp, 0x20000
x4 <- 0x0000000020000000

mem[X,0x00000000800004E0] -> 0x0213
mem[X,0x00000000800004E2] -> 0x0012
[317] [M]: 0x00000000800004E0 (0x00120213) addi tp, tp, 0x1
x4 <- 0x0000000020000001

mem[X,0x00000000800004E4] -> 0x1213
mem[X,0x00000000800004E6] -> 0x0042
[318] [M]: 0x00000000800004E4 (0x00421213) slli tp, tp, 0x4
x4 <- 0x0000000200000010

mem[X,0x00000000800004E8] -> 0x123B
mem[X,0x00000000800004EA] -> 0xBBDE
[319] [M]: 0x00000000800004E8 (0xBBDE123B) pmaccu.w.heo tp, t3, t4
x4 <- 0x0000000200000010

mem[X,0x00000000800004EC] -> 0xB023
mem[X,0x00000000800004EE] -> 0x0447
[320] [M]: 0x00000000800004EC (0x0447B023) sd tp, 0x40(a5)
mem[0x0000000080006158] <- 0x0000000200000010

mem[X,0x00000000800004F0] -> 0x0F37
mem[X,0x00000000800004F2] -> 0xE000
[321] [M]: 0x00000000800004F0 (0xE0000F37) lui t5, -0x20000
x30 <- 0xFFFFFFFFE0000000

mem[X,0x00000000800004F4] -> 0x0F13
mem[X,0x00000000800004F6] -> 0xFFFF
[322] [M]: 0x00000000800004F4 (0xFFFF0F13) addi t5, t5, -0x1
x30 <- 0xFFFFFFFFDFFFFFFF

mem[X,0x00000000800004F8] -> 0x1F13
mem[X,0x00000000800004FA] -> 0x00BF
[323] [M]: 0x00000000800004F8 (0x00BF1F13) slli t5, t5, 0xb
x30 <- 0xFFFFFEFFFFFFF800

mem[X,0x00000000800004FC] -> 0x0F13
mem[X,0x00000000800004FE] -> 0x400F
[324] [M]: 0x00000000800004FC (0x400F0F13) addi t5, t5, 0x400
x30 <- 0xFFFFFEFFFFFFFC00

mem[X,0x0000000080000500] -> 0x1F13
mem[X,0x0000000080000502] -> 0x00BF
[325] [M]: 0x0000000080000500 (0x00BF1F13) slli t5, t5, 0xb
x30 <- 0xFFF7FFFFFFE00000

mem[X,0x0000000080000504] -> 0x0F13
mem[X,0x0000000080000506] -> 0x000F
[326] [M]: 0x0000000080000504 (0x000F0F13) addi t5, t5, 0x0
x30 <- 0xFFF7FFFFFFE00000

mem[X,0x0000000080000508] -> 0x1F13
mem[X,0x000000008000050A] -> 0x00AF
[327] [M]: 0x0000000080000508 (0x00AF1F13) slli t5, t5, 0xa
x30 <- 0xDFFFFFFF80000000

mem[X,0x000000008000050C] -> 0x04B7
mem[X,0x000000008000050E] -> 0x0000
[328] [M]: 0x000000008000050C (0x000004B7) lui s1, 0x0
x9 <- 0x0000000000000000

mem[X,0x0000000080000510] -> 0x8493
mem[X,0x0000000080000512] -> 0xFEF4
[329] [M]: 0x0000000080000510 (0xFEF48493) addi s1, s1, -0x11
x9 <- 0xFFFFFFFFFFFFFFEF

mem[X,0x0000000080000514] -> 0x9493
mem[X,0x0000000080000516] -> 0x00B4
[330] [M]: 0x0000000080000514 (0x00B49493) slli s1, s1, 0xb
x9 <- 0xFFFFFFFFFFFF7800

mem[X,0x0000000080000518] -> 0x8493
mem[X,0x000000008000051A] -> 0x0004
[331] [M]: 0x0000000080000518 (0x00048493) addi s1, s1, 0x0
x9 <- 0xFFFFFFFFFFFF7800

mem[X,0x000000008000051C] -> 0x9493
mem[X,0x000000008000051E] -> 0x00B4
[332] [M]: 0x000000008000051C (0x00B49493) slli s1, s1, 0xb
x9 <- 0xFFFFFFFFFBC00000

mem[X,0x0000000080000520] -> 0x8493
mem[X,0x0000000080000522] -> 0x0004
[333] [M]: 0x0000000080000520 (0x00048493) addi s1, s1, 0x0
x9 <- 0xFFFFFFFFFBC00000

mem[X,0x0000000080000524] -> 0x9493
mem[X,0x0000000080000526] -> 0x00A4
[334] [M]: 0x0000000080000524 (0x00A49493) slli s1, s1, 0xa
x9 <- 0xFFFFFFEF00000000

mem[X,0x0000000080000528] -> 0x8493
mem[X,0x000000008000052A] -> 0x0064
[335] [M]: 0x0000000080000528 (0x00648493) addi s1, s1, 0x6
x9 <- 0xFFFFFFEF00000006

mem[X,0x000000008000052C] -> 0x02B7
mem[X,0x000000008000052E] -> 0xF000
[336] [M]: 0x000000008000052C (0xF00002B7) lui t0, -0x10000
x5 <- 0xFFFFFFFFF0000000

mem[X,0x0000000080000530] -> 0x8293
mem[X,0x0000000080000532] -> 0xFFF2
[337] [M]: 0x0000000080000530 (0xFFF28293) addi t0, t0, -0x1
x5 <- 0xFFFFFFFFEFFFFFFF

mem[X,0x0000000080000534] -> 0x9293
mem[X,0x0000000080000536] -> 0x00B2
[338] [M]: 0x0000000080000534 (0x00B29293) slli t0, t0, 0xb
x5 <- 0xFFFFFF7FFFFFF800

mem[X,0x0000000080000538] -> 0x8293
mem[X,0x000000008000053A] -> 0x0002
[339] [M]: 0x0000000080000538 (0x00028293) addi t0, t0, 0x0
x5 <- 0xFFFFFF7FFFFFF800

mem[X,0x000000008000053C] -> 0x9293
mem[X,0x000000008000053E] -> 0x00B2
[340] [M]: 0x000000008000053C (0x00B29293) slli t0, t0, 0xb
x5 <- 0xFFFBFFFFFFC00000

mem[X,0x0000000080000540] -> 0x8293
mem[X,0x0000000080000542] -> 0x0002
[341] [M]: 0x0000000080000540 (0x00028293) addi t0, t0, 0x0
x5 <- 0xFFFBFFFFFFC00000

mem[X,0x0000000080000544] -> 0x9293
mem[X,0x0000000080000546] -> 0x00A2
[342] [M]: 0x0000000080000544 (0x00A29293) slli t0, t0, 0xa
x5 <- 0xEFFFFFFF00000000

mem[X,0x0000000080000548] -> 0x8293
mem[X,0x000000008000054A] -> 0x0202
[343] [M]: 0x0000000080000548 (0x02028293) addi t0, t0, 0x20
x5 <- 0xEFFFFFFF00000020

mem[X,0x000000008000054C] -> 0x12BB
mem[X,0x000000008000054E] -> 0xBA9F
[344] [M]: 0x000000008000054C (0xBA9F12BB) pmaccu.w.heo t0, t5, s1
x5 <- 0xEFFFFFFF00000020

mem[X,0x0000000080000550] -> 0xB423
mem[X,0x0000000080000552] -> 0x0457
[345] [M]: 0x0000000080000550 (0x0457B423) sd t0, 0x48(a5)
mem[0x0000000080006160] <- 0xEFFFFFFF00000020

mem[X,0x0000000080000554] -> 0x0337
mem[X,0x0000000080000556] -> 0x0000
[346] [M]: 0x0000000080000554 (0x00000337) lui t1, 0x0
x6 <- 0x0000000000000000

mem[X,0x0000000080000558] -> 0x0313
mem[X,0x000000008000055A] -> 0xFFA3
[347] [M]: 0x0000000080000558 (0xFFA30313) addi t1, t1, -0x6
x6 <- 0xFFFFFFFFFFFFFFFA

mem[X,0x000000008000055C] -> 0x1313
mem[X,0x000000008000055E] -> 0x00B3
[348] [M]: 0x000000008000055C (0x00B31313) slli t1, t1, 0xb
x6 <- 0xFFFFFFFFFFFFD000

mem[X,0x0000000080000560] -> 0x0313
mem[X,0x0000000080000562] -> 0x5553
[349] [M]: 0x0000000080000560 (0x55530313) addi t1, t1, 0x555
x6 <- 0xFFFFFFFFFFFFD555

mem[X,0x0000000080000564] -> 0x1313
mem[X,0x0000000080000566] -> 0x00B3
[350] [M]: 0x0000000080000564 (0x00B31313) slli t1, t1, 0xb
x6 <- 0xFFFFFFFFFEAAA800

mem[X,0x0000000080000568] -> 0x0313
mem[X,0x000000008000056A] -> 0x2AA3
[351] [M]: 0x0000000080000568 (0x2AA30313) addi t1, t1, 0x2aa
x6 <- 0xFFFFFFFFFEAAAAAA

mem[X,0x000000008000056C] -> 0x1313
mem[X,0x000000008000056E] -> 0x00A3
[352] [M]: 0x000000008000056C (0x00A31313) slli t1, t1, 0xa
x6 <- 0xFFFFFFFAAAAAA800

mem[X,0x0000000080000570] -> 0x0313
mem[X,0x0000000080000572] -> 0x2AA3
[353] [M]: 0x0000000080000570 (0x2AA30313) addi t1, t1, 0x2aa
x6 <- 0xFFFFFFFAAAAAAAAA

mem[X,0x0000000080000574] -> 0x00B7
mem[X,0x0000000080000576] -> 0x0800
[354] [M]: 0x0000000080000574 (0x080000B7) lui ra, 0x8000
x1 <- 0x0000000008000000

mem[X,0x0000000080000578] -> 0x8093
mem[X,0x000000008000057A] -> 0x0000
[355] [M]: 0x0000000080000578 (0x00008093) addi ra, ra, 0x0
x1 <- 0x0000000008000000

mem[X,0x000000008000057C] -> 0x9093
mem[X,0x000000008000057E] -> 0x00B0
[356] [M]: 0x000000008000057C (0x00B09093) slli ra, ra, 0xb
x1 <- 0x0000004000000000

mem[X,0x0000000080000580] -> 0x8093
mem[X,0x0000000080000582] -> 0x0000
[357] [M]: 0x0000000080000580 (0x00008093) addi ra, ra, 0x0
x1 <- 0x0000004000000000

mem[X,0x0000000080000584] -> 0x9093
mem[X,0x0000000080000586] -> 0x00B0
[358] [M]: 0x0000000080000584 (0x00B09093) slli ra, ra, 0xb
x1 <- 0x0002000000000000

mem[X,0x0000000080000588] -> 0x8093
mem[X,0x000000008000058A] -> 0x0200
[359] [M]: 0x0000000080000588 (0x02008093) addi ra, ra, 0x20
x1 <- 0x0002000000000020

mem[X,0x000000008000058C] -> 0x9093
mem[X,0x000000008000058E] -> 0x00A0
[360] [M]: 0x000000008000058C (0x00A09093) slli ra, ra, 0xa
x1 <- 0x0800000000008000

mem[X,0x0000000080000590] -> 0x04B7
mem[X,0x0000000080000592] -> 0x0000
[361] [M]: 0x0000000080000590 (0x000004B7) lui s1, 0x0
x9 <- 0x0000000000000000

mem[X,0x0000000080000594] -> 0x8493
mem[X,0x0000000080000596] -> 0xFFF4
[362] [M]: 0x0000000080000594 (0xFFF48493) addi s1, s1, -0x1
x9 <- 0xFFFFFFFFFFFFFFFF

mem[X,0x0000000080000598] -> 0x9493
mem[X,0x000000008000059A] -> 0x00B4
[363] [M]: 0x0000000080000598 (0x00B49493) slli s1, s1, 0xb
x9 <- 0xFFFFFFFFFFFFF800

mem[X,0x000000008000059C] -> 0x8493
mem[X,0x000000008000059E] -> 0x0004
[364] [M]: 0x000000008000059C (0x00048493) addi s1, s1, 0x0
x9 <- 0xFFFFFFFFFFFFF800

mem[X,0x00000000800005A0] -> 0x9493
mem[X,0x00000000800005A2] -> 0x00B4
[365] [M]: 0x00000000800005A0 (0x00B49493) slli s1, s1, 0xb
x9 <- 0xFFFFFFFFFFC00000

mem[X,0x00000000800005A4] -> 0x8493
mem[X,0x00000000800005A6] -> 0x0004
[366] [M]: 0x00000000800005A4 (0x00048493) addi s1, s1, 0x0
x9 <- 0xFFFFFFFFFFC00000

mem[X,0x00000000800005A8] -> 0x9493
mem[X,0x00000000800005AA] -> 0x00A4
[367] [M]: 0x00000000800005A8 (0x00A49493) slli s1, s1, 0xa
x9 <- 0xFFFFFFFF00000000

mem[X,0x00000000800005AC] -> 0x8493
mem[X,0x00000000800005AE] -> 0x0404
[368] [M]: 0x00000000800005AC (0x04048493) addi s1, s1, 0x40
x9 <- 0xFFFFFFFF00000040

mem[X,0x00000000800005B0] -> 0x14BB
mem[X,0x00000000800005B2] -> 0xBA13
[369] [M]: 0x00000000800005B0 (0xBA1314BB) pmaccu.w.heo s1, t1, ra
x9 <- 0x000054FF00005540

mem[X,0x00000000800005B4] -> 0xB823
mem[X,0x00000000800005B6] -> 0x0497
[370] [M]: 0x00000000800005B4 (0x0497B823) sd s1, 0x50(a5)
mem[0x0000000080006168] <- 0x000054FF00005540

mem[X,0x00000000800005B8] -> 0x05B7
mem[X,0x00000000800005BA] -> 0x0001
[371] [M]: 0x00000000800005B8 (0x000105B7) lui a1, 0x10
x11 <- 0x0000000000010000

mem[X,0x00000000800005BC] -> 0x8593
mem[X,0x00000000800005BE] -> 0x0015
[372] [M]: 0x00000000800005BC (0x00158593) addi a1, a1, 0x1
x11 <- 0x0000000000010001

mem[X,0x00000000800005C0] -> 0x9593
mem[X,0x00000000800005C2] -> 0x01A5
[373] [M]: 0x00000000800005C0 (0x01A59593) slli a1, a1, 0x1a
x11 <- 0x0000040004000000

mem[X,0x00000000800005C4] -> 0x0B37
mem[X,0x00000000800005C6] -> 0x8000
[374] [M]: 0x00000000800005C4 (0x80000B37) lui s6, -0x80000
x22 <- 0xFFFFFFFF80000000

mem[X,0x00000000800005C8] -> 0x0B13
mem[X,0x00000000800005CA] -> 0x000B
[375] [M]: 0x00000000800005C8 (0x000B0B13) addi s6, s6, 0x0
x22 <- 0xFFFFFFFF80000000

mem[X,0x00000000800005CC] -> 0x1B13
mem[X,0x00000000800005CE] -> 0x00BB
[376] [M]: 0x00000000800005CC (0x00BB1B13) slli s6, s6, 0xb
x22 <- 0xFFFFFC0000000000

mem[X,0x00000000800005D0] -> 0x0B13
mem[X,0x00000000800005D2] -> 0x000B
[377] [M]: 0x00000000800005D0 (0x000B0B13) addi s6, s6, 0x0
x22 <- 0xFFFFFC0000000000

mem[X,0x00000000800005D4] -> 0x1B13
mem[X,0x00000000800005D6] -> 0x00BB
[378] [M]: 0x00000000800005D4 (0x00BB1B13) slli s6, s6, 0xb
x22 <- 0xFFE0000000000000

mem[X,0x00000000800005D8] -> 0x0B13
mem[X,0x00000000800005DA] -> 0x100B
[379] [M]: 0x00000000800005D8 (0x100B0B13) addi s6, s6, 0x100
x22 <- 0xFFE0000000000100

mem[X,0x00000000800005DC] -> 0x1B13
mem[X,0x00000000800005DE] -> 0x00AB
[380] [M]: 0x00000000800005DC (0x00AB1B13) slli s6, s6, 0xa
x22 <- 0x8000000000040000

mem[X,0x00000000800005E0] -> 0x0337
mem[X,0x00000000800005E2] -> 0x0000
[381] [M]: 0x00000000800005E0 (0x00000337) lui t1, 0x0
x6 <- 0x0000000000000000

mem[X,0x00000000800005E4] -> 0x0313
mem[X,0x00000000800005E6] -> 0xFFE3
[382] [M]: 0x00000000800005E4 (0xFFE30313) addi t1, t1, -0x2
x6 <- 0xFFFFFFFFFFFFFFFE

mem[X,0x00000000800005E8] -> 0x1313
mem[X,0x00000000800005EA] -> 0x00B3
[383] [M]: 0x00000000800005E8 (0x00B31313) slli t1, t1, 0xb
x6 <- 0xFFFFFFFFFFFFF000

mem[X,0x00000000800005EC] -> 0x0313
mem[X,0x00000000800005EE] -> 0x0003
[384] [M]: 0x00000000800005EC (0x00030313) addi t1, t1, 0x0
x6 <- 0xFFFFFFFFFFFFF000

mem[X,0x00000000800005F0] -> 0x1313
mem[X,0x00000000800005F2] -> 0x00B3
[385] [M]: 0x00000000800005F0 (0x00B31313) slli t1, t1, 0xb
x6 <- 0xFFFFFFFFFF800000

mem[X,0x00000000800005F4] -> 0x0313
mem[X,0x00000000800005F6] -> 0x0003
[386] [M]: 0x00000000800005F4 (0x00030313) addi t1, t1, 0x0
x6 <- 0xFFFFFFFFFF800000

mem[X,0x00000000800005F8] -> 0x1313
mem[X,0x00000000800005FA] -> 0x00A3
[387] [M]: 0x00000000800005F8 (0x00A31313) slli t1, t1, 0xa
x6 <- 0xFFFFFFFE00000000

mem[X,0x00000000800005FC] -> 0x0313
mem[X,0x00000000800005FE] -> 0x0803
[388] [M]: 0x00000000800005FC (0x08030313) addi t1, t1, 0x80
x6 <- 0xFFFFFFFE00000080

mem[X,0x0000000080000600] -> 0x933B
mem[X,0x0000000080000602] -> 0xBB65
[389] [M]: 0x0000000080000600 (0xBB65933B) pmaccu.w.heo t1, a1, s6
x6 <- 0xFFFFFFFE00000080

mem[X,0x0000000080000604] -> 0xBC23
mem[X,0x0000000080000606] -> 0x0467
[390] [M]: 0x0000000080000604 (0x0467BC23) sd t1, 0x58(a5)
mem[0x0000000080006170] <- 0xFFFFFFFE00000080

mem[X,0x0000000080000608] -> 0x0CB7
mem[X,0x000000008000060A] -> 0x0008
[391] [M]: 0x0000000080000608 (0x00080CB7) lui s9, 0x80
x25 <- 0x0000000000080000

mem[X,0x000000008000060C] -> 0x8C93
mem[X,0x000000008000060E] -> 0x000C
[392] [M]: 0x000000008000060C (0x000C8C93) addi s9, s9, 0x0
x25 <- 0x0000000000080000

mem[X,0x0000000080000610] -> 0x9C93
mem[X,0x0000000080000612] -> 0x00BC
[393] [M]: 0x0000000080000610 (0x00BC9C93) slli s9, s9, 0xb
x25 <- 0x0000000040000000

mem[X,0x0000000080000614] -> 0x8C93
mem[X,0x0000000080000616] -> 0x7FFC
[394] [M]: 0x0000000080000614 (0x7FFC8C93) addi s9, s9, 0x7ff
x25 <- 0x00000000400007FF

mem[X,0x0000000080000618] -> 0x9C93
mem[X,0x000000008000061A] -> 0x00BC
[395] [M]: 0x0000000080000618 (0x00BC9C93) slli s9, s9, 0xb
x25 <- 0x00000200003FF800

mem[X,0x000000008000061C] -> 0x8C93
mem[X,0x000000008000061E] -> 0x7FFC
[396] [M]: 0x000000008000061C (0x7FFC8C93) addi s9, s9, 0x7ff
x25 <- 0x00000200003FFFFF

mem[X,0x0000000080000620] -> 0x9C93
mem[X,0x0000000080000622] -> 0x00AC
[397] [M]: 0x0000000080000620 (0x00AC9C93) slli s9, s9, 0xa
x25 <- 0x00080000FFFFFC00

mem[X,0x0000000080000624] -> 0x8C93
mem[X,0x0000000080000626] -> 0x3DFC
[398] [M]: 0x0000000080000624 (0x3DFC8C93) addi s9, s9, 0x3df
x25 <- 0x00080000FFFFFFDF

mem[X,0x0000000080000628] -> 0xB2B7
mem[X,0x000000008000062A] -> 0xAAAA
[399] [M]: 0x0000000080000628 (0xAAAAB2B7) lui t0, -0x55555
x5 <- 0xFFFFFFFFAAAAB000

clint::tick mtime <- 0x0000000000000004
 clint timer pending at mtime 0x0000000000000004
htif::tick 0x0000000000000000
mem[X,0x000000008000062C] -> 0x8293
mem[X,0x000000008000062E] -> 0xAAA2
[400] [M]: 0x000000008000062C (0xAAA28293) addi t0, t0, -0x556
x5 <- 0xFFFFFFFFAAAAAAAA

mem[X,0x0000000080000630] -> 0x9293
mem[X,0x0000000080000632] -> 0x00B2
[401] [M]: 0x0000000080000630 (0x00B29293) slli t0, t0, 0xb
x5 <- 0xFFFFFD5555555000

mem[X,0x0000000080000634] -> 0x8293
mem[X,0x0000000080000636] -> 0x7FF2
[402] [M]: 0x0000000080000634 (0x7FF28293) addi t0, t0, 0x7ff
x5 <- 0xFFFFFD55555557FF

mem[X,0x0000000080000638] -> 0x9293
mem[X,0x000000008000063A] -> 0x00B2
[403] [M]: 0x0000000080000638 (0x00B29293) slli t0, t0, 0xb
x5 <- 0xFFEAAAAAAABFF800

mem[X,0x000000008000063C] -> 0x8293
mem[X,0x000000008000063E] -> 0x7FD2
[404] [M]: 0x000000008000063C (0x7FD28293) addi t0, t0, 0x7fd
x5 <- 0xFFEAAAAAAABFFFFD

mem[X,0x0000000080000640] -> 0x9293
mem[X,0x0000000080000642] -> 0x00A2
[405] [M]: 0x0000000080000640 (0x00A29293) slli t0, t0, 0xa
x5 <- 0xAAAAAAAAFFFFF400

mem[X,0x0000000080000644] -> 0x8293
mem[X,0x0000000080000646] -> 0x3FF2
[406] [M]: 0x0000000080000644 (0x3FF28293) addi t0, t0, 0x3ff
x5 <- 0xAAAAAAAAFFFFF7FF

mem[X,0x0000000080000648] -> 0x0537
mem[X,0x000000008000064A] -> 0x0000
[407] [M]: 0x0000000080000648 (0x00000537) lui a0, 0x0
x10 <- 0x0000000000000000

mem[X,0x000000008000064C] -> 0x0513
mem[X,0x000000008000064E] -> 0xFFB5
[408] [M]: 0x000000008000064C (0xFFB50513) addi a0, a0, -0x5
x10 <- 0xFFFFFFFFFFFFFFFB

mem[X,0x0000000080000650] -> 0x1513
mem[X,0x0000000080000652] -> 0x00B5
[409] [M]: 0x0000000080000650 (0x00B51513) slli a0, a0, 0xb
x10 <- 0xFFFFFFFFFFFFD800

mem[X,0x0000000080000654] -> 0x0513
mem[X,0x0000000080000656] -> 0x0005
[410] [M]: 0x0000000080000654 (0x00050513) addi a0, a0, 0x0
x10 <- 0xFFFFFFFFFFFFD800

mem[X,0x0000000080000658] -> 0x1513
mem[X,0x000000008000065A] -> 0x00B5
[411] [M]: 0x0000000080000658 (0x00B51513) slli a0, a0, 0xb
x10 <- 0xFFFFFFFFFEC00000

mem[X,0x000000008000065C] -> 0x0513
mem[X,0x000000008000065E] -> 0x0005
[412] [M]: 0x000000008000065C (0x00050513) addi a0, a0, 0x0
x10 <- 0xFFFFFFFFFEC00000

mem[X,0x0000000080000660] -> 0x1513
mem[X,0x0000000080000662] -> 0x00A5
[413] [M]: 0x0000000080000660 (0x00A51513) slli a0, a0, 0xa
x10 <- 0xFFFFFFFB00000000

mem[X,0x0000000080000664] -> 0x0513
mem[X,0x0000000080000666] -> 0x1005
[414] [M]: 0x0000000080000664 (0x10050513) addi a0, a0, 0x100
x10 <- 0xFFFFFFFB00000100

mem[X,0x0000000080000668] -> 0x953B
mem[X,0x000000008000066A] -> 0xBA5C
[415] [M]: 0x0000000080000668 (0xBA5C953B) pmaccu.w.heo a0, s9, t0
x10 <- 0x0000D7240000D829

mem[X,0x000000008000066C] -> 0xB023
mem[X,0x000000008000066E] -> 0x06A7
[416] [M]: 0x000000008000066C (0x06A7B023) sd a0, 0x60(a5)
mem[0x0000000080006178] <- 0x0000D7240000D829

mem[X,0x0000000080000670] -> 0x0BB7
mem[X,0x0000000080000672] -> 0x0000
[417] [M]: 0x0000000080000670 (0x00000BB7) lui s7, 0x0
x23 <- 0x0000000000000000

mem[X,0x0000000080000674] -> 0x8B93
mem[X,0x0000000080000676] -> 0xF7FB
[418] [M]: 0x0000000080000674 (0xF7FB8B93) addi s7, s7, -0x81
x23 <- 0xFFFFFFFFFFFFFF7F

mem[X,0x0000000080000678] -> 0x9B93
mem[X,0x000000008000067A] -> 0x00BB
[419] [M]: 0x0000000080000678 (0x00BB9B93) slli s7, s7, 0xb
x23 <- 0xFFFFFFFFFFFBF800

mem[X,0x000000008000067C] -> 0x8B93
mem[X,0x000000008000067E] -> 0x080B
[420] [M]: 0x000000008000067C (0x080B8B93) addi s7, s7, 0x80
x23 <- 0xFFFFFFFFFFFBF880

mem[X,0x0000000080000680] -> 0x9B93
mem[X,0x0000000080000682] -> 0x00BB
[421] [M]: 0x0000000080000680 (0x00BB9B93) slli s7, s7, 0xb
x23 <- 0xFFFFFFFFDFC40000

mem[X,0x0000000080000684] -> 0x8B93
mem[X,0x0000000080000686] -> 0x000B
[422] [M]: 0x0000000080000684 (0x000B8B93) addi s7, s7, 0x0
x23 <- 0xFFFFFFFFDFC40000

mem[X,0x0000000080000688] -> 0x9B93
mem[X,0x000000008000068A] -> 0x00AB
[423] [M]: 0x0000000080000688 (0x00AB9B93) slli s7, s7, 0xa
x23 <- 0xFFFFFF7F10000000

mem[X,0x000000008000068C] -> 0x46B7
mem[X,0x000000008000068E] -> 0x0000
[424] [M]: 0x000000008000068C (0x000046B7) lui a3, 0x4
x13 <- 0x0000000000004000

mem[X,0x0000000080000690] -> 0x8693
mem[X,0x0000000080000692] -> 0x0016
[425] [M]: 0x0000000080000690 (0x00168693) addi a3, a3, 0x1
x13 <- 0x0000000000004001

mem[X,0x0000000080000694] -> 0x9693
mem[X,0x0000000080000696] -> 0x0186
[426] [M]: 0x0000000080000694 (0x01869693) slli a3, a3, 0x18
x13 <- 0x0000004001000000

mem[X,0x0000000080000698] -> 0x0637
mem[X,0x000000008000069A] -> 0x0280
[427] [M]: 0x0000000080000698 (0x02800637) lui a2, 0x2800
x12 <- 0x0000000002800000

mem[X,0x000000008000069C] -> 0x0613
mem[X,0x000000008000069E] -> 0x0016
[428] [M]: 0x000000008000069C (0x00160613) addi a2, a2, 0x1
x12 <- 0x0000000002800001

mem[X,0x00000000800006A0] -> 0x1613
mem[X,0x00000000800006A2] -> 0x0096
[429] [M]: 0x00000000800006A0 (0x00961613) slli a2, a2, 0x9
x12 <- 0x0000000500000200

mem[X,0x00000000800006A4] -> 0x963B
mem[X,0x00000000800006A6] -> 0xBADB
[430] [M]: 0x00000000800006A4 (0xBADB963B) pmaccu.w.heo a2, s7, a3
x12 <- 0x0000000500000200

mem[X,0x00000000800006A8] -> 0xB423
mem[X,0x00000000800006AA] -> 0x06C7
[431] [M]: 0x00000000800006A8 (0x06C7B423) sd a2, 0x68(a5)
mem[0x0000000080006180] <- 0x0000000500000200

mem[X,0x00000000800006AC] -> 0x0013
mem[X,0x00000000800006AE] -> 0x0000
[432] [M]: 0x00000000800006AC (0x00000013) addi zero, zero, 0x0

mem[X,0x00000000800006B0] -> 0x0013
mem[X,0x00000000800006B2] -> 0x0000
[433] [M]: 0x00000000800006B0 (0x00000013) addi zero, zero, 0x0

mem[X,0x00000000800006B4] -> 0x0013
mem[X,0x00000000800006B6] -> 0x0000
[434] [M]: 0x00000000800006B4 (0x00000013) addi zero, zero, 0x0

mem[X,0x00000000800006B8] -> 0x0013
mem[X,0x00000000800006BA] -> 0x0000
[435] [M]: 0x00000000800006B8 (0x00000013) addi zero, zero, 0x0

mem[X,0x00000000800006BC] -> 0x0013
mem[X,0x00000000800006BE] -> 0x0000
[436] [M]: 0x00000000800006BC (0x00000013) addi zero, zero, 0x0

mem[X,0x00000000800006C0] -> 0x6317
mem[X,0x00000000800006C2] -> 0x0000
[437] [M]: 0x00000000800006C0 (0x00006317) auipc t1, 0x6
x6 <- 0x00000000800066C0

mem[X,0x00000000800006C4] -> 0x0313
mem[X,0x00000000800006C6] -> 0xAC83
[438] [M]: 0x00000000800006C4 (0xAC830313) addi t1, t1, -0x538
x6 <- 0x0000000080006188

mem[X,0x00000000800006C8] -> 0x0013
mem[X,0x00000000800006CA] -> 0x0000
[439] [M]: 0x00000000800006C8 (0x00000013) addi zero, zero, 0x0

mem[X,0x00000000800006CC] -> 0x0013
mem[X,0x00000000800006CE] -> 0x0000
[440] [M]: 0x00000000800006CC (0x00000013) addi zero, zero, 0x0

mem[X,0x00000000800006D0] -> 0x0013
mem[X,0x00000000800006D2] -> 0x0000
[441] [M]: 0x00000000800006D0 (0x00000013) addi zero, zero, 0x0

mem[X,0x00000000800006D4] -> 0x0013
mem[X,0x00000000800006D6] -> 0x0000
[442] [M]: 0x00000000800006D4 (0x00000013) addi zero, zero, 0x0

mem[X,0x00000000800006D8] -> 0x0013
mem[X,0x00000000800006DA] -> 0x0000
[443] [M]: 0x00000000800006D8 (0x00000013) addi zero, zero, 0x0

mem[X,0x00000000800006DC] -> 0x0013
mem[X,0x00000000800006DE] -> 0x0000
[444] [M]: 0x00000000800006DC (0x00000013) addi zero, zero, 0x0

mem[X,0x00000000800006E0] -> 0x0913
mem[X,0x00000000800006E2] -> 0x0010
[445] [M]: 0x00000000800006E0 (0x00100913) addi s2, zero, 0x1
x18 <- 0x0000000000000001

mem[X,0x00000000800006E4] -> 0x1913
mem[X,0x00000000800006E6] -> 0x0119
[446] [M]: 0x00000000800006E4 (0x01191913) slli s2, s2, 0x11
x18 <- 0x0000000000020000

mem[X,0x00000000800006E8] -> 0x0737
mem[X,0x00000000800006EA] -> 0x2000
[447] [M]: 0x00000000800006E8 (0x20000737) lui a4, 0x20000
x14 <- 0x0000000020000000

mem[X,0x00000000800006EC] -> 0x0713
mem[X,0x00000000800006EE] -> 0x0007
[448] [M]: 0x00000000800006EC (0x00070713) addi a4, a4, 0x0
x14 <- 0x0000000020000000

mem[X,0x00000000800006F0] -> 0x1713
mem[X,0x00000000800006F2] -> 0x00B7
[449] [M]: 0x00000000800006F0 (0x00B71713) slli a4, a4, 0xb
x14 <- 0x0000010000000000

mem[X,0x00000000800006F4] -> 0x0713
mem[X,0x00000000800006F6] -> 0x7FF7
[450] [M]: 0x00000000800006F4 (0x7FF70713) addi a4, a4, 0x7ff
x14 <- 0x00000100000007FF

mem[X,0x00000000800006F8] -> 0x1713
mem[X,0x00000000800006FA] -> 0x00B7
[451] [M]: 0x00000000800006F8 (0x00B71713) slli a4, a4, 0xb
x14 <- 0x00080000003FF800

mem[X,0x00000000800006FC] -> 0x0713
mem[X,0x00000000800006FE] -> 0x7FB7
[452] [M]: 0x00000000800006FC (0x7FB70713) addi a4, a4, 0x7fb
x14 <- 0x00080000003FFFFB

mem[X,0x0000000080000700] -> 0x1713
mem[X,0x0000000080000702] -> 0x00A7
[453] [M]: 0x0000000080000700 (0x00A71713) slli a4, a4, 0xa
x14 <- 0x20000000FFFFEC00

mem[X,0x0000000080000704] -> 0x0713
mem[X,0x0000000080000706] -> 0x3FF7
[454] [M]: 0x0000000080000704 (0x3FF70713) addi a4, a4, 0x3ff
x14 <- 0x20000000FFFFEFFF

mem[X,0x0000000080000708] -> 0x0037
mem[X,0x000000008000070A] -> 0x4000
[455] [M]: 0x0000000080000708 (0x40000037) lui zero, 0x40000

mem[X,0x000000008000070C] -> 0x0013
mem[X,0x000000008000070E] -> 0xFFF0
[456] [M]: 0x000000008000070C (0xFFF00013) addi zero, zero, -0x1

mem[X,0x0000000080000710] -> 0x1013
mem[X,0x0000000080000712] -> 0x00B0
[457] [M]: 0x0000000080000710 (0x00B01013) slli zero, zero, 0xb

mem[X,0x0000000080000714] -> 0x0013
mem[X,0x0000000080000716] -> 0x0000
[458] [M]: 0x0000000080000714 (0x00000013) addi zero, zero, 0x0

mem[X,0x0000000080000718] -> 0x1013
mem[X,0x000000008000071A] -> 0x00B0
[459] [M]: 0x0000000080000718 (0x00B01013) slli zero, zero, 0xb

mem[X,0x000000008000071C] -> 0x0013
mem[X,0x000000008000071E] -> 0x0010
[460] [M]: 0x000000008000071C (0x00100013) addi zero, zero, 0x1

mem[X,0x0000000080000720] -> 0x1013
mem[X,0x0000000080000722] -> 0x00A0
[461] [M]: 0x0000000080000720 (0x00A01013) slli zero, zero, 0xa

mem[X,0x0000000080000724] -> 0x103B
mem[X,0x0000000080000726] -> 0xBAE9
[462] [M]: 0x0000000080000724 (0xBAE9103B) pmaccu.w.heo zero, s2, a4

mem[X,0x0000000080000728] -> 0x3023
mem[X,0x000000008000072A] -> 0x0003
[463] [M]: 0x0000000080000728 (0x00033023) sd zero, 0x0(t1)
mem[0x0000000080006188] <- 0x0000000000000000

mem[X,0x000000008000072C] -> 0xCD37
mem[X,0x000000008000072E] -> 0xFFFF
[464] [M]: 0x000000008000072C (0xFFFFCD37) lui s10, -0x4
x26 <- 0xFFFFFFFFFFFFC000

mem[X,0x0000000080000730] -> 0x0D13
mem[X,0x0000000080000732] -> 0xFFFD
[465] [M]: 0x0000000080000730 (0xFFFD0D13) addi s10, s10, -0x1
x26 <- 0xFFFFFFFFFFFFBFFF

mem[X,0x0000000080000734] -> 0x1D13
mem[X,0x0000000080000736] -> 0x00BD
[466] [M]: 0x0000000080000734 (0x00BD1D13) slli s10, s10, 0xb
x26 <- 0xFFFFFFFFFDFFF800

mem[X,0x0000000080000738] -> 0x0D13
mem[X,0x000000008000073A] -> 0x7FFD
[467] [M]: 0x0000000080000738 (0x7FFD0D13) addi s10, s10, 0x7ff
x26 <- 0xFFFFFFFFFDFFFFFF

mem[X,0x000000008000073C] -> 0x1D13
mem[X,0x000000008000073E] -> 0x00BD
[468] [M]: 0x000000008000073C (0x00BD1D13) slli s10, s10, 0xb
x26 <- 0xFFFFFFEFFFFFF800

mem[X,0x0000000080000740] -> 0x0D13
mem[X,0x0000000080000742] -> 0x6FFD
[469] [M]: 0x0000000080000740 (0x6FFD0D13) addi s10, s10, 0x6ff
x26 <- 0xFFFFFFEFFFFFFEFF

mem[X,0x0000000080000744] -> 0x1D13
mem[X,0x0000000080000746] -> 0x00AD
[470] [M]: 0x0000000080000744 (0x00AD1D13) slli s10, s10, 0xa
x26 <- 0xFFFFBFFFFFFBFC00

mem[X,0x0000000080000748] -> 0x0D13
mem[X,0x000000008000074A] -> 0x3FFD
[471] [M]: 0x0000000080000748 (0x3FFD0D13) addi s10, s10, 0x3ff
x26 <- 0xFFFFBFFFFFFBFFFF

mem[X,0x000000008000074C] -> 0x0CB7
mem[X,0x000000008000074E] -> 0x0200
[472] [M]: 0x000000008000074C (0x02000CB7) lui s9, 0x2000
x25 <- 0x0000000002000000

mem[X,0x0000000080000750] -> 0x8C93
mem[X,0x0000000080000752] -> 0x000C
[473] [M]: 0x0000000080000750 (0x000C8C93) addi s9, s9, 0x0
x25 <- 0x0000000002000000

mem[X,0x0000000080000754] -> 0x9C93
mem[X,0x0000000080000756] -> 0x00BC
[474] [M]: 0x0000000080000754 (0x00BC9C93) slli s9, s9, 0xb
x25 <- 0x0000001000000000

mem[X,0x0000000080000758] -> 0x8C93
mem[X,0x000000008000075A] -> 0x7FFC
[475] [M]: 0x0000000080000758 (0x7FFC8C93) addi s9, s9, 0x7ff
x25 <- 0x00000010000007FF

mem[X,0x000000008000075C] -> 0x9C93
mem[X,0x000000008000075E] -> 0x00BC
[476] [M]: 0x000000008000075C (0x00BC9C93) slli s9, s9, 0xb
x25 <- 0x00008000003FF800

mem[X,0x0000000080000760] -> 0x8C93
mem[X,0x0000000080000762] -> 0x7DFC
[477] [M]: 0x0000000080000760 (0x7DFC8C93) addi s9, s9, 0x7df
x25 <- 0x00008000003FFFDF

mem[X,0x0000000080000764] -> 0x9C93
mem[X,0x0000000080000766] -> 0x00AC
[478] [M]: 0x0000000080000764 (0x00AC9C93) slli s9, s9, 0xa
x25 <- 0x02000000FFFF7C00

mem[X,0x0000000080000768] -> 0x8C93
mem[X,0x000000008000076A] -> 0x3FFC
[479] [M]: 0x0000000080000768 (0x3FFC8C93) addi s9, s9, 0x3ff
x25 <- 0x02000000FFFF7FFF

mem[X,0x000000008000076C] -> 0x0E37
mem[X,0x000000008000076E] -> 0x0002
[480] [M]: 0x000000008000076C (0x00020E37) lui t3, 0x20
x28 <- 0x0000000000020000

mem[X,0x0000000080000770] -> 0x0E13
mem[X,0x0000000080000772] -> 0x000E
[481] [M]: 0x0000000080000770 (0x000E0E13) addi t3, t3, 0x0
x28 <- 0x0000000000020000

mem[X,0x0000000080000774] -> 0x1E13
mem[X,0x0000000080000776] -> 0x00BE
[482] [M]: 0x0000000080000774 (0x00BE1E13) slli t3, t3, 0xb
x28 <- 0x0000000010000000

mem[X,0x0000000080000778] -> 0x0E13
mem[X,0x000000008000077A] -> 0x000E
[483] [M]: 0x0000000080000778 (0x000E0E13) addi t3, t3, 0x0
x28 <- 0x0000000010000000

mem[X,0x000000008000077C] -> 0x1E13
mem[X,0x000000008000077E] -> 0x00BE
[484] [M]: 0x000000008000077C (0x00BE1E13) slli t3, t3, 0xb
x28 <- 0x0000008000000000

mem[X,0x0000000080000780] -> 0x0E13
mem[X,0x0000000080000782] -> 0x002E
[485] [M]: 0x0000000080000780 (0x002E0E13) addi t3, t3, 0x2
x28 <- 0x0000008000000002

mem[X,0x0000000080000784] -> 0x1E13
mem[X,0x0000000080000786] -> 0x00AE
[486] [M]: 0x0000000080000784 (0x00AE1E13) slli t3, t3, 0xa
x28 <- 0x0002000000000800

mem[X,0x0000000080000788] -> 0x1E3B
mem[X,0x000000008000078A] -> 0xBB9D
[487] [M]: 0x0000000080000788 (0xBB9D1E3B) pmaccu.w.heo t3, s10, s9
x28 <- 0x00027E8100008681

mem[X,0x000000008000078C] -> 0x3423
mem[X,0x000000008000078E] -> 0x01C3
[488] [M]: 0x000000008000078C (0x01C33423) sd t3, 0x8(t1)
mem[0x0000000080006190] <- 0x00027E8100008681

mem[X,0x0000000080000790] -> 0x0637
mem[X,0x0000000080000792] -> 0x1000
[489] [M]: 0x0000000080000790 (0x10000637) lui a2, 0x10000
x12 <- 0x0000000010000000

mem[X,0x0000000080000794] -> 0x0613
mem[X,0x0000000080000796] -> 0x0016
[490] [M]: 0x0000000080000794 (0x00160613) addi a2, a2, 0x1
x12 <- 0x0000000010000001

mem[X,0x0000000080000798] -> 0x1613
mem[X,0x000000008000079A] -> 0x0106
[491] [M]: 0x0000000080000798 (0x01061613) slli a2, a2, 0x10
x12 <- 0x0000100000010000

mem[X,0x000000008000079C] -> 0x0237
mem[X,0x000000008000079E] -> 0x0400
[492] [M]: 0x000000008000079C (0x04000237) lui tp, 0x4000
x4 <- 0x0000000004000000

mem[X,0x00000000800007A0] -> 0x0213
mem[X,0x00000000800007A2] -> 0x0002
[493] [M]: 0x00000000800007A0 (0x00020213) addi tp, tp, 0x0
x4 <- 0x0000000004000000

mem[X,0x00000000800007A4] -> 0x1213
mem[X,0x00000000800007A6] -> 0x00B2
[494] [M]: 0x00000000800007A4 (0x00B21213) slli tp, tp, 0xb
x4 <- 0x0000002000000000

mem[X,0x00000000800007A8] -> 0x0213
mem[X,0x00000000800007AA] -> 0x0022
[495] [M]: 0x00000000800007A8 (0x00220213) addi tp, tp, 0x2
x4 <- 0x0000002000000002

mem[X,0x00000000800007AC] -> 0x1213
mem[X,0x00000000800007AE] -> 0x00B2
[496] [M]: 0x00000000800007AC (0x00B21213) slli tp, tp, 0xb
x4 <- 0x0001000000001000

mem[X,0x00000000800007B0] -> 0x0213
mem[X,0x00000000800007B2] -> 0x0002
[497] [M]: 0x00000000800007B0 (0x00020213) addi tp, tp, 0x0
x4 <- 0x0001000000001000

mem[X,0x00000000800007B4] -> 0x1213
mem[X,0x00000000800007B6] -> 0x00A2
[498] [M]: 0x00000000800007B4 (0x00A21213) slli tp, tp, 0xa
x4 <- 0x0400000000400000

mem[X,0x00000000800007B8] -> 0x0937
mem[X,0x00000000800007BA] -> 0xF800
[499] [M]: 0x00000000800007B8 (0xF8000937) lui s2, -0x8000
x18 <- 0xFFFFFFFFF8000000

clint::tick mtime <- 0x0000000000000005
 clint timer pending at mtime 0x0000000000000005
htif::tick 0x0000000000000000
mem[X,0x00000000800007BC] -> 0x0913
mem[X,0x00000000800007BE] -> 0xFFF9
[500] [M]: 0x00000000800007BC (0xFFF90913) addi s2, s2, -0x1
x18 <- 0xFFFFFFFFF7FFFFFF

mem[X,0x00000000800007C0] -> 0x1913
mem[X,0x00000000800007C2] -> 0x00B9
[501] [M]: 0x00000000800007C0 (0x00B91913) slli s2, s2, 0xb
x18 <- 0xFFFFFFBFFFFFF800

mem[X,0x00000000800007C4] -> 0x0913
mem[X,0x00000000800007C6] -> 0x0009
[502] [M]: 0x00000000800007C4 (0x00090913) addi s2, s2, 0x0
x18 <- 0xFFFFFFBFFFFFF800

mem[X,0x00000000800007C8] -> 0x1913
mem[X,0x00000000800007CA] -> 0x00B9
[503] [M]: 0x00000000800007C8 (0x00B91913) slli s2, s2, 0xb
x18 <- 0xFFFDFFFFFFC00000

mem[X,0x00000000800007CC] -> 0x0913
mem[X,0x00000000800007CE] -> 0x0049
[504] [M]: 0x00000000800007CC (0x00490913) addi s2, s2, 0x4
x18 <- 0xFFFDFFFFFFC00004

mem[X,0x00000000800007D0] -> 0x1913
mem[X,0x00000000800007D2] -> 0x00A9
[505] [M]: 0x00000000800007D0 (0x00A91913) slli s2, s2, 0xa
x18 <- 0xF7FFFFFF00001000

mem[X,0x00000000800007D4] -> 0x193B
mem[X,0x00000000800007D6] -> 0xBA46
[506] [M]: 0x00000000800007D4 (0xBA46193B) pmaccu.w.heo s2, a2, tp
x18 <- 0xF7FFFFFF00001000

mem[X,0x00000000800007D8] -> 0x3823
mem[X,0x00000000800007DA] -> 0x0123
[507] [M]: 0x00000000800007D8 (0x01233823) sd s2, 0x10(t1)
mem[0x0000000080006198] <- 0xF7FFFFFF00001000

mem[X,0x00000000800007DC] -> 0xBDB7
mem[X,0x00000000800007DE] -> 0xAAAA
[508] [M]: 0x00000000800007DC (0xAAAABDB7) lui s11, -0x55555
x27 <- 0xFFFFFFFFAAAAB000

mem[X,0x00000000800007E0] -> 0x8D93
mem[X,0x00000000800007E2] -> 0xAAAD
[509] [M]: 0x00000000800007E0 (0xAAAD8D93) addi s11, s11, -0x556
x27 <- 0xFFFFFFFFAAAAAAAA

mem[X,0x00000000800007E4] -> 0x9D93
mem[X,0x00000000800007E6] -> 0x00BD
[510] [M]: 0x00000000800007E4 (0x00BD9D93) slli s11, s11, 0xb
x27 <- 0xFFFFFD5555555000

mem[X,0x00000000800007E8] -> 0x8D93
mem[X,0x00000000800007EA] -> 0x7FFD
[511] [M]: 0x00000000800007E8 (0x7FFD8D93) addi s11, s11, 0x7ff
x27 <- 0xFFFFFD55555557FF

mem[X,0x00000000800007EC] -> 0x9D93
mem[X,0x00000000800007EE] -> 0x00BD
[512] [M]: 0x00000000800007EC (0x00BD9D93) slli s11, s11, 0xb
x27 <- 0xFFEAAAAAAABFF800

mem[X,0x00000000800007F0] -> 0x8D93
mem[X,0x00000000800007F2] -> 0x7FBD
[513] [M]: 0x00000000800007F0 (0x7FBD8D93) addi s11, s11, 0x7fb
x27 <- 0xFFEAAAAAAABFFFFB

mem[X,0x00000000800007F4] -> 0x9D93
mem[X,0x00000000800007F6] -> 0x00AD
[514] [M]: 0x00000000800007F4 (0x00AD9D93) slli s11, s11, 0xa
x27 <- 0xAAAAAAAAFFFFEC00

mem[X,0x00000000800007F8] -> 0x8D93
mem[X,0x00000000800007FA] -> 0x3FFD
[515] [M]: 0x00000000800007F8 (0x3FFD8D93) addi s11, s11, 0x3ff
x27 <- 0xAAAAAAAAFFFFEFFF

mem[X,0x00000000800007FC] -> 0x0AB7
mem[X,0x00000000800007FE] -> 0xFFFF
[516] [M]: 0x00000000800007FC (0xFFFF0AB7) lui s5, -0x10
x21 <- 0xFFFFFFFFFFFF0000

mem[X,0x0000000080000800] -> 0x8A93
mem[X,0x0000000080000802] -> 0xFFFA
[517] [M]: 0x0000000080000800 (0xFFFA8A93) addi s5, s5, -0x1
x21 <- 0xFFFFFFFFFFFEFFFF

mem[X,0x0000000080000804] -> 0x9A93
mem[X,0x0000000080000806] -> 0x00BA
[518] [M]: 0x0000000080000804 (0x00BA9A93) slli s5, s5, 0xb
x21 <- 0xFFFFFFFFF7FFF800

mem[X,0x0000000080000808] -> 0x8A93
mem[X,0x000000008000080A] -> 0x000A
[519] [M]: 0x0000000080000808 (0x000A8A93) addi s5, s5, 0x0
x21 <- 0xFFFFFFFFF7FFF800

mem[X,0x000000008000080C] -> 0x9A93
mem[X,0x000000008000080E] -> 0x00BA
[520] [M]: 0x000000008000080C (0x00BA9A93) slli s5, s5, 0xb
x21 <- 0xFFFFFFBFFFC00000

mem[X,0x0000000080000810] -> 0x8A93
mem[X,0x0000000080000812] -> 0x000A
[521] [M]: 0x0000000080000810 (0x000A8A93) addi s5, s5, 0x0
x21 <- 0xFFFFFFBFFFC00000

mem[X,0x0000000080000814] -> 0x9A93
mem[X,0x0000000080000816] -> 0x00AA
[522] [M]: 0x0000000080000814 (0x00AA9A93) slli s5, s5, 0xa
x21 <- 0xFFFEFFFF00000000

mem[X,0x0000000080000818] -> 0x8A93
mem[X,0x000000008000081A] -> 0x008A
[523] [M]: 0x0000000080000818 (0x008A8A93) addi s5, s5, 0x8
x21 <- 0xFFFEFFFF00000008

mem[X,0x000000008000081C] -> 0x87B7
mem[X,0x000000008000081E] -> 0x0000
[524] [M]: 0x000000008000081C (0x000087B7) lui a5, 0x8
x15 <- 0x0000000000008000

mem[X,0x0000000080000820] -> 0x8793
mem[X,0x0000000080000822] -> 0x0007
[525] [M]: 0x0000000080000820 (0x00078793) addi a5, a5, 0x0
x15 <- 0x0000000000008000

mem[X,0x0000000080000824] -> 0x9793
mem[X,0x0000000080000826] -> 0x00B7
[526] [M]: 0x0000000080000824 (0x00B79793) slli a5, a5, 0xb
x15 <- 0x0000000004000000

mem[X,0x0000000080000828] -> 0x8793
mem[X,0x000000008000082A] -> 0x0007
[527] [M]: 0x0000000080000828 (0x00078793) addi a5, a5, 0x0
x15 <- 0x0000000004000000

mem[X,0x000000008000082C] -> 0x9793
mem[X,0x000000008000082E] -> 0x00B7
[528] [M]: 0x000000008000082C (0x00B79793) slli a5, a5, 0xb
x15 <- 0x0000002000000000

mem[X,0x0000000080000830] -> 0x8793
mem[X,0x0000000080000832] -> 0x0087
[529] [M]: 0x0000000080000830 (0x00878793) addi a5, a5, 0x8
x15 <- 0x0000002000000008

mem[X,0x0000000080000834] -> 0x9793
mem[X,0x0000000080000836] -> 0x00A7
[530] [M]: 0x0000000080000834 (0x00A79793) slli a5, a5, 0xa
x15 <- 0x0000800000002000

mem[X,0x0000000080000838] -> 0x97BB
mem[X,0x000000008000083A] -> 0xBB5D
[531] [M]: 0x0000000080000838 (0xBB5D97BB) pmaccu.w.heo a5, s11, s5
x15 <- 0x0000800000002000

mem[X,0x000000008000083C] -> 0x3C23
mem[X,0x000000008000083E] -> 0x00F3
[532] [M]: 0x000000008000083C (0x00F33C23) sd a5, 0x18(t1)
mem[0x00000000800061A0] <- 0x0000800000002000

mem[X,0x0000000080000840] -> 0x07B7
mem[X,0x0000000080000842] -> 0x0000
[533] [M]: 0x0000000080000840 (0x000007B7) lui a5, 0x0
x15 <- 0x0000000000000000

mem[X,0x0000000080000844] -> 0x8793
mem[X,0x0000000080000846] -> 0x0087
[534] [M]: 0x0000000080000844 (0x00878793) addi a5, a5, 0x8
x15 <- 0x0000000000000008

mem[X,0x0000000080000848] -> 0x9793
mem[X,0x000000008000084A] -> 0x00B7
[535] [M]: 0x0000000080000848 (0x00B79793) slli a5, a5, 0xb
x15 <- 0x0000000000004000

mem[X,0x000000008000084C] -> 0x8793
mem[X,0x000000008000084E] -> 0x2AA7
[536] [M]: 0x000000008000084C (0x2AA78793) addi a5, a5, 0x2aa
x15 <- 0x00000000000042AA

mem[X,0x0000000080000850] -> 0x9793
mem[X,0x0000000080000852] -> 0x00B7
[537] [M]: 0x0000000080000850 (0x00B79793) slli a5, a5, 0xb
x15 <- 0x0000000002155000

mem[X,0x0000000080000854] -> 0x8793
mem[X,0x0000000080000856] -> 0x5557
[538] [M]: 0x0000000080000854 (0x55578793) addi a5, a5, 0x555
x15 <- 0x0000000002155555

mem[X,0x0000000080000858] -> 0x9793
mem[X,0x000000008000085A] -> 0x00A7
[539] [M]: 0x0000000080000858 (0x00A79793) slli a5, a5, 0xa
x15 <- 0x0000000855555400

mem[X,0x000000008000085C] -> 0x8793
mem[X,0x000000008000085E] -> 0x1557
[540] [M]: 0x000000008000085C (0x15578793) addi a5, a5, 0x155
x15 <- 0x0000000855555555

mem[X,0x0000000080000860] -> 0x0837
mem[X,0x0000000080000862] -> 0x0000
[541] [M]: 0x0000000080000860 (0x00000837) lui a6, 0x0
x16 <- 0x0000000000000000

mem[X,0x0000000080000864] -> 0x0813
mem[X,0x0000000080000866] -> 0xFBF8
[542] [M]: 0x0000000080000864 (0xFBF80813) addi a6, a6, -0x41
x16 <- 0xFFFFFFFFFFFFFFBF

mem[X,0x0000000080000868] -> 0x1813
mem[X,0x000000008000086A] -> 0x00B8
[543] [M]: 0x0000000080000868 (0x00B81813) slli a6, a6, 0xb
x16 <- 0xFFFFFFFFFFFDF800

mem[X,0x000000008000086C] -> 0x0813
mem[X,0x000000008000086E] -> 0x7F78
[544] [M]: 0x000000008000086C (0x7F780813) addi a6, a6, 0x7f7
x16 <- 0xFFFFFFFFFFFDFFF7

mem[X,0x0000000080000870] -> 0x1813
mem[X,0x0000000080000872] -> 0x00B8
[545] [M]: 0x0000000080000870 (0x00B81813) slli a6, a6, 0xb
x16 <- 0xFFFFFFFFEFFFB800

mem[X,0x0000000080000874] -> 0x0813
mem[X,0x0000000080000876] -> 0x7FF8
[546] [M]: 0x0000000080000874 (0x7FF80813) addi a6, a6, 0x7ff
x16 <- 0xFFFFFFFFEFFFBFFF

mem[X,0x0000000080000878] -> 0x1813
mem[X,0x000000008000087A] -> 0x00A8
[547] [M]: 0x0000000080000878 (0x00A81813) slli a6, a6, 0xa
x16 <- 0xFFFFFFBFFEFFFC00

mem[X,0x000000008000087C] -> 0x0813
mem[X,0x000000008000087E] -> 0x3FF8
[548] [M]: 0x000000008000087C (0x3FF80813) addi a6, a6, 0x3ff
x16 <- 0xFFFFFFBFFEFFFFFF

mem[X,0x0000000080000880] -> 0x05B7
mem[X,0x0000000080000882] -> 0x0000
[549] [M]: 0x0000000080000880 (0x000005B7) lui a1, 0x0
x11 <- 0x0000000000000000

mem[X,0x0000000080000884] -> 0x8593
mem[X,0x0000000080000886] -> 0xFF95
[550] [M]: 0x0000000080000884 (0xFF958593) addi a1, a1, -0x7
x11 <- 0xFFFFFFFFFFFFFFF9

mem[X,0x0000000080000888] -> 0x9593
mem[X,0x000000008000088A] -> 0x00B5
[551] [M]: 0x0000000080000888 (0x00B59593) slli a1, a1, 0xb
x11 <- 0xFFFFFFFFFFFFC800

mem[X,0x000000008000088C] -> 0x8593
mem[X,0x000000008000088E] -> 0x0005
[552] [M]: 0x000000008000088C (0x00058593) addi a1, a1, 0x0
x11 <- 0xFFFFFFFFFFFFC800

mem[X,0x0000000080000890] -> 0x9593
mem[X,0x0000000080000892] -> 0x00B5
[553] [M]: 0x0000000080000890 (0x00B59593) slli a1, a1, 0xb
x11 <- 0xFFFFFFFFFE400000

mem[X,0x0000000080000894] -> 0x8593
mem[X,0x0000000080000896] -> 0x0105
[554] [M]: 0x0000000080000894 (0x01058593) addi a1, a1, 0x10
x11 <- 0xFFFFFFFFFE400010

mem[X,0x0000000080000898] -> 0x9593
mem[X,0x000000008000089A] -> 0x00A5
[555] [M]: 0x0000000080000898 (0x00A59593) slli a1, a1, 0xa
x11 <- 0xFFFFFFF900004000

mem[X,0x000000008000089C] -> 0x95BB
mem[X,0x000000008000089E] -> 0xBB07
[556] [M]: 0x000000008000089C (0xBB0795BB) pmaccu.w.heo a1, a5, a6
x11 <- 0x000054A4000094AB

mem[X,0x00000000800008A0] -> 0x3023
mem[X,0x00000000800008A2] -> 0x02B3
[557] [M]: 0x00000000800008A0 (0x02B33023) sd a1, 0x20(t1)
mem[0x00000000800061A8] <- 0x000054A4000094AB

mem[X,0x00000000800008A4] -> 0x0AB7
mem[X,0x00000000800008A6] -> 0xF800
[558] [M]: 0x00000000800008A4 (0xF8000AB7) lui s5, -0x8000
x21 <- 0xFFFFFFFFF8000000

mem[X,0x00000000800008A8] -> 0x8A93
mem[X,0x00000000800008AA] -> 0xFFFA
[559] [M]: 0x00000000800008A8 (0xFFFA8A93) addi s5, s5, -0x1
x21 <- 0xFFFFFFFFF7FFFFFF

mem[X,0x00000000800008AC] -> 0x9A93
mem[X,0x00000000800008AE] -> 0x00BA
[560] [M]: 0x00000000800008AC (0x00BA9A93) slli s5, s5, 0xb
x21 <- 0xFFFFFFBFFFFFF800

mem[X,0x00000000800008B0] -> 0x8A93
mem[X,0x00000000800008B2] -> 0x400A
[561] [M]: 0x00000000800008B0 (0x400A8A93) addi s5, s5, 0x400
x21 <- 0xFFFFFFBFFFFFFC00

mem[X,0x00000000800008B4] -> 0x9A93
mem[X,0x00000000800008B6] -> 0x00BA
[562] [M]: 0x00000000800008B4 (0x00BA9A93) slli s5, s5, 0xb
x21 <- 0xFFFDFFFFFFE00000

mem[X,0x00000000800008B8] -> 0x8A93
mem[X,0x00000000800008BA] -> 0x000A
[563] [M]: 0x00000000800008B8 (0x000A8A93) addi s5, s5, 0x0
x21 <- 0xFFFDFFFFFFE00000

mem[X,0x00000000800008BC] -> 0x9A93
mem[X,0x00000000800008BE] -> 0x00AA
[564] [M]: 0x00000000800008BC (0x00AA9A93) slli s5, s5, 0xa
x21 <- 0xF7FFFFFF80000000

mem[X,0x00000000800008C0] -> 0x2DB7
mem[X,0x00000000800008C2] -> 0x0000
[565] [M]: 0x00000000800008C0 (0x00002DB7) lui s11, 0x2
x27 <- 0x0000000000002000

mem[X,0x00000000800008C4] -> 0x8D93
mem[X,0x00000000800008C6] -> 0x001D
[566] [M]: 0x00000000800008C4 (0x001D8D93) addi s11, s11, 0x1
x27 <- 0x0000000000002001

mem[X,0x00000000800008C8] -> 0x9D93
mem[X,0x00000000800008CA] -> 0x014D
[567] [M]: 0x00000000800008C8 (0x014D9D93) slli s11, s11, 0x14
x27 <- 0x0000000200100000

mem[X,0x00000000800008CC] -> 0x09B7
mem[X,0x00000000800008CE] -> 0x000E
[568] [M]: 0x00000000800008CC (0x000E09B7) lui s3, 0xe0
x19 <- 0x00000000000E0000

mem[X,0x00000000800008D0] -> 0x8993
mem[X,0x00000000800008D2] -> 0x0019
[569] [M]: 0x00000000800008D0 (0x00198993) addi s3, s3, 0x1
x19 <- 0x00000000000E0001

mem[X,0x00000000800008D4] -> 0x9993
mem[X,0x00000000800008D6] -> 0x00F9
[570] [M]: 0x00000000800008D4 (0x00F99993) slli s3, s3, 0xf
x19 <- 0x0000000700008000

mem[X,0x00000000800008D8] -> 0x99BB
mem[X,0x00000000800008DA] -> 0xBBBA
[571] [M]: 0x00000000800008D8 (0xBBBA99BB) pmaccu.w.heo s3, s5, s11
x19 <- 0x0000000700008000

mem[X,0x00000000800008DC] -> 0x3423
mem[X,0x00000000800008DE] -> 0x0333
[572] [M]: 0x00000000800008DC (0x03333423) sd s3, 0x28(t1)
mem[0x00000000800061B0] <- 0x0000000700008000

mem[X,0x00000000800008E0] -> 0x52B7
mem[X,0x00000000800008E2] -> 0x5555
[573] [M]: 0x00000000800008E0 (0x555552B7) lui t0, 0x55555
x5 <- 0x0000000055555000

mem[X,0x00000000800008E4] -> 0x8293
mem[X,0x00000000800008E6] -> 0x5552
[574] [M]: 0x00000000800008E4 (0x55528293) addi t0, t0, 0x555
x5 <- 0x0000000055555555

mem[X,0x00000000800008E8] -> 0x9293
mem[X,0x00000000800008EA] -> 0x00B2
[575] [M]: 0x00000000800008E8 (0x00B29293) slli t0, t0, 0xb
x5 <- 0x000002AAAAAAA800

mem[X,0x00000000800008EC] -> 0x8293
mem[X,0x00000000800008EE] -> 0x0002
[576] [M]: 0x00000000800008EC (0x00028293) addi t0, t0, 0x0
x5 <- 0x000002AAAAAAA800

mem[X,0x00000000800008F0] -> 0x9293
mem[X,0x00000000800008F2] -> 0x00B2
[577] [M]: 0x00000000800008F0 (0x00B29293) slli t0, t0, 0xb
x5 <- 0x0015555555400000

mem[X,0x00000000800008F4] -> 0x8293
mem[X,0x00000000800008F6] -> 0x0082
[578] [M]: 0x00000000800008F4 (0x00828293) addi t0, t0, 0x8
x5 <- 0x0015555555400008

mem[X,0x00000000800008F8] -> 0x9293
mem[X,0x00000000800008FA] -> 0x00A2
[579] [M]: 0x00000000800008F8 (0x00A29293) slli t0, t0, 0xa
x5 <- 0x5555555500002000

mem[X,0x00000000800008FC] -> 0x05B7
mem[X,0x00000000800008FE] -> 0xE000
[580] [M]: 0x00000000800008FC (0xE00005B7) lui a1, -0x20000
x11 <- 0xFFFFFFFFE0000000

mem[X,0x0000000080000900] -> 0x8593
mem[X,0x0000000080000902] -> 0xFFF5
[581] [M]: 0x0000000080000900 (0xFFF58593) addi a1, a1, -0x1
x11 <- 0xFFFFFFFFDFFFFFFF

mem[X,0x0000000080000904] -> 0x9593
mem[X,0x0000000080000906] -> 0x00B5
[582] [M]: 0x0000000080000904 (0x00B59593) slli a1, a1, 0xb
x11 <- 0xFFFFFEFFFFFFF800

mem[X,0x0000000080000908] -> 0x8593
mem[X,0x000000008000090A] -> 0x0005
[583] [M]: 0x0000000080000908 (0x00058593) addi a1, a1, 0x0
x11 <- 0xFFFFFEFFFFFFF800

mem[X,0x000000008000090C] -> 0x9593
mem[X,0x000000008000090E] -> 0x00B5
[584] [M]: 0x000000008000090C (0x00B59593) slli a1, a1, 0xb
x11 <- 0xFFF7FFFFFFC00000

mem[X,0x0000000080000910] -> 0x8593
mem[X,0x0000000080000912] -> 0x2005
[585] [M]: 0x0000000080000910 (0x20058593) addi a1, a1, 0x200
x11 <- 0xFFF7FFFFFFC00200

mem[X,0x0000000080000914] -> 0x9593
mem[X,0x0000000080000916] -> 0x00A5
[586] [M]: 0x0000000080000914 (0x00A59593) slli a1, a1, 0xa
x11 <- 0xDFFFFFFF00080000

mem[X,0x0000000080000918] -> 0x0CB7
mem[X,0x000000008000091A] -> 0x4000
[587] [M]: 0x0000000080000918 (0x40000CB7) lui s9, 0x40000
x25 <- 0x0000000040000000

mem[X,0x000000008000091C] -> 0x8C93
mem[X,0x000000008000091E] -> 0x000C
[588] [M]: 0x000000008000091C (0x000C8C93) addi s9, s9, 0x0
x25 <- 0x0000000040000000

mem[X,0x0000000080000920] -> 0x9C93
mem[X,0x0000000080000922] -> 0x00BC
[589] [M]: 0x0000000080000920 (0x00BC9C93) slli s9, s9, 0xb
x25 <- 0x0000020000000000

mem[X,0x0000000080000924] -> 0x8C93
mem[X,0x0000000080000926] -> 0x000C
[590] [M]: 0x0000000080000924 (0x000C8C93) addi s9, s9, 0x0
x25 <- 0x0000020000000000

mem[X,0x0000000080000928] -> 0x9C93
mem[X,0x000000008000092A] -> 0x00BC
[591] [M]: 0x0000000080000928 (0x00BC9C93) slli s9, s9, 0xb
x25 <- 0x0010000000000000

mem[X,0x000000008000092C] -> 0x8C93
mem[X,0x000000008000092E] -> 0x040C
[592] [M]: 0x000000008000092C (0x040C8C93) addi s9, s9, 0x40
x25 <- 0x0010000000000040

mem[X,0x0000000080000930] -> 0x9C93
mem[X,0x0000000080000932] -> 0x00AC
[593] [M]: 0x0000000080000930 (0x00AC9C93) slli s9, s9, 0xa
x25 <- 0x4000000000010000

mem[X,0x0000000080000934] -> 0x9CBB
mem[X,0x0000000080000936] -> 0xBAB2
[594] [M]: 0x0000000080000934 (0xBAB29CBB) pmaccu.w.heo s9, t0, a1
x25 <- 0x4000000000010000

mem[X,0x0000000080000938] -> 0x3823
mem[X,0x000000008000093A] -> 0x0393
[595] [M]: 0x0000000080000938 (0x03933823) sd s9, 0x30(t1)
mem[0x00000000800061B8] <- 0x4000000000010000

mem[X,0x000000008000093C] -> 0x0437
mem[X,0x000000008000093E] -> 0x0000
[596] [M]: 0x000000008000093C (0x00000437) lui fp, 0x0
x8 <- 0x0000000000000000

mem[X,0x0000000080000940] -> 0x0413
mem[X,0x0000000080000942] -> 0x2004
[597] [M]: 0x0000000080000940 (0x20040413) addi fp, fp, 0x200
x8 <- 0x0000000000000200

mem[X,0x0000000080000944] -> 0x1413
mem[X,0x0000000080000946] -> 0x00B4
[598] [M]: 0x0000000080000944 (0x00B41413) slli fp, fp, 0xb
x8 <- 0x0000000000100000

mem[X,0x0000000080000948] -> 0x0413
mem[X,0x000000008000094A] -> 0x5FF4
[599] [M]: 0x0000000080000948 (0x5FF40413) addi fp, fp, 0x5ff
x8 <- 0x00000000001005FF

clint::tick mtime <- 0x0000000000000006
 clint timer pending at mtime 0x0000000000000006
htif::tick 0x0000000000000000
mem[X,0x000000008000094C] -> 0x1413
mem[X,0x000000008000094E] -> 0x00B4
[600] [M]: 0x000000008000094C (0x00B41413) slli fp, fp, 0xb
x8 <- 0x00000000802FF800

mem[X,0x0000000080000950] -> 0x0413
mem[X,0x0000000080000952] -> 0x7FF4
[601] [M]: 0x0000000080000950 (0x7FF40413) addi fp, fp, 0x7ff
x8 <- 0x00000000802FFFFF

mem[X,0x0000000080000954] -> 0x1413
mem[X,0x0000000080000956] -> 0x00A4
[602] [M]: 0x0000000080000954 (0x00A41413) slli fp, fp, 0xa
x8 <- 0x00000200BFFFFC00

mem[X,0x0000000080000958] -> 0x0413
mem[X,0x000000008000095A] -> 0x3FF4
[603] [M]: 0x0000000080000958 (0x3FF40413) addi fp, fp, 0x3ff
x8 <- 0x00000200BFFFFFFF

mem[X,0x000000008000095C] -> 0x03B7
mem[X,0x000000008000095E] -> 0xFFFC
[604] [M]: 0x000000008000095C (0xFFFC03B7) lui t2, -0x40
x7 <- 0xFFFFFFFFFFFC0000

mem[X,0x0000000080000960] -> 0x8393
mem[X,0x0000000080000962] -> 0xFFF3
[605] [M]: 0x0000000080000960 (0xFFF38393) addi t2, t2, -0x1
x7 <- 0xFFFFFFFFFFFBFFFF

mem[X,0x0000000080000964] -> 0x9393
mem[X,0x0000000080000966] -> 0x00B3
[606] [M]: 0x0000000080000964 (0x00B39393) slli t2, t2, 0xb
x7 <- 0xFFFFFFFFDFFFF800

mem[X,0x0000000080000968] -> 0x8393
mem[X,0x000000008000096A] -> 0x7FF3
[607] [M]: 0x0000000080000968 (0x7FF38393) addi t2, t2, 0x7ff
x7 <- 0xFFFFFFFFDFFFFFFF

mem[X,0x000000008000096C] -> 0x9393
mem[X,0x000000008000096E] -> 0x00B3
[608] [M]: 0x000000008000096C (0x00B39393) slli t2, t2, 0xb
x7 <- 0xFFFFFEFFFFFFF800

mem[X,0x0000000080000970] -> 0x8393
mem[X,0x0000000080000972] -> 0x7FB3
[609] [M]: 0x0000000080000970 (0x7FB38393) addi t2, t2, 0x7fb
x7 <- 0xFFFFFEFFFFFFFFFB

mem[X,0x0000000080000974] -> 0x9393
mem[X,0x0000000080000976] -> 0x00A3
[610] [M]: 0x0000000080000974 (0x00A39393) slli t2, t2, 0xa
x7 <- 0xFFFBFFFFFFFFEC00

mem[X,0x0000000080000978] -> 0x8393
mem[X,0x000000008000097A] -> 0x3FF3
[611] [M]: 0x0000000080000978 (0x3FF38393) addi t2, t2, 0x3ff
x7 <- 0xFFFBFFFFFFFFEFFF

mem[X,0x000000008000097C] -> 0x0AB7
mem[X,0x000000008000097E] -> 0x0000
[612] [M]: 0x000000008000097C (0x00000AB7) lui s5, 0x0
x21 <- 0x0000000000000000

mem[X,0x0000000080000980] -> 0x8A93
mem[X,0x0000000080000982] -> 0xFFDA
[613] [M]: 0x0000000080000980 (0xFFDA8A93) addi s5, s5, -0x3
x21 <- 0xFFFFFFFFFFFFFFFD

mem[X,0x0000000080000984] -> 0x9A93
mem[X,0x0000000080000986] -> 0x00BA
[614] [M]: 0x0000000080000984 (0x00BA9A93) slli s5, s5, 0xb
x21 <- 0xFFFFFFFFFFFFE800

mem[X,0x0000000080000988] -> 0x8A93
mem[X,0x000000008000098A] -> 0x000A
[615] [M]: 0x0000000080000988 (0x000A8A93) addi s5, s5, 0x0
x21 <- 0xFFFFFFFFFFFFE800

mem[X,0x000000008000098C] -> 0x9A93
mem[X,0x000000008000098E] -> 0x00BA
[616] [M]: 0x000000008000098C (0x00BA9A93) slli s5, s5, 0xb
x21 <- 0xFFFFFFFFFF400000

mem[X,0x0000000080000990] -> 0x8A93
mem[X,0x0000000080000992] -> 0x080A
[617] [M]: 0x0000000080000990 (0x080A8A93) addi s5, s5, 0x80
x21 <- 0xFFFFFFFFFF400080

mem[X,0x0000000080000994] -> 0x9A93
mem[X,0x0000000080000996] -> 0x00AA
[618] [M]: 0x0000000080000994 (0x00AA9A93) slli s5, s5, 0xa
x21 <- 0xFFFFFFFD00020000

mem[X,0x0000000080000998] -> 0x1ABB
mem[X,0x000000008000099A] -> 0xBA74
[619] [M]: 0x0000000080000998 (0xBA741ABB) pmaccu.w.heo s5, fp, t2
x21 <- 0x0000EE0E0002EE11

mem[X,0x000000008000099C] -> 0x3C23
mem[X,0x000000008000099E] -> 0x0353
[620] [M]: 0x000000008000099C (0x03533C23) sd s5, 0x38(t1)
mem[0x00000000800061C0] <- 0x0000EE0E0002EE11

mem[X,0x00000000800009A0] -> 0x0093
mem[X,0x00000000800009A2] -> 0x0010
[621] [M]: 0x00000000800009A0 (0x00100093) addi ra, zero, 0x1
x1 <- 0x0000000000000001

mem[X,0x00000000800009A4] -> 0x9093
mem[X,0x00000000800009A6] -> 0x0380
[622] [M]: 0x00000000800009A4 (0x03809093) slli ra, ra, 0x38
x1 <- 0x0100000000000000

mem[X,0x00000000800009A8] -> 0x0C37
mem[X,0x00000000800009AA] -> 0xF000
[623] [M]: 0x00000000800009A8 (0xF0000C37) lui s8, -0x10000
x24 <- 0xFFFFFFFFF0000000

mem[X,0x00000000800009AC] -> 0x0C13
mem[X,0x00000000800009AE] -> 0xFFFC
[624] [M]: 0x00000000800009AC (0xFFFC0C13) addi s8, s8, -0x1
x24 <- 0xFFFFFFFFEFFFFFFF

mem[X,0x00000000800009B0] -> 0x1C13
mem[X,0x00000000800009B2] -> 0x00BC
[625] [M]: 0x00000000800009B0 (0x00BC1C13) slli s8, s8, 0xb
x24 <- 0xFFFFFF7FFFFFF800

mem[X,0x00000000800009B4] -> 0x0C13
mem[X,0x00000000800009B6] -> 0x7FFC
[626] [M]: 0x00000000800009B4 (0x7FFC0C13) addi s8, s8, 0x7ff
x24 <- 0xFFFFFF7FFFFFFFFF

mem[X,0x00000000800009B8] -> 0x1C13
mem[X,0x00000000800009BA] -> 0x00BC
[627] [M]: 0x00000000800009B8 (0x00BC1C13) slli s8, s8, 0xb
x24 <- 0xFFFBFFFFFFFFF800

mem[X,0x00000000800009BC] -> 0x0C13
mem[X,0x00000000800009BE] -> 0x7FFC
[628] [M]: 0x00000000800009BC (0x7FFC0C13) addi s8, s8, 0x7ff
x24 <- 0xFFFBFFFFFFFFFFFF

mem[X,0x00000000800009C0] -> 0x1C13
mem[X,0x00000000800009C2] -> 0x00AC
[629] [M]: 0x00000000800009C0 (0x00AC1C13) slli s8, s8, 0xa
x24 <- 0xEFFFFFFFFFFFFC00

mem[X,0x00000000800009C4] -> 0x0C13
mem[X,0x00000000800009C6] -> 0x3F6C
[630] [M]: 0x00000000800009C4 (0x3F6C0C13) addi s8, s8, 0x3f6
x24 <- 0xEFFFFFFFFFFFFFF6

mem[X,0x00000000800009C8] -> 0x0F37
mem[X,0x00000000800009CA] -> 0x0080
[631] [M]: 0x00000000800009C8 (0x00800F37) lui t5, 0x800
x30 <- 0x0000000000800000

mem[X,0x00000000800009CC] -> 0x0F13
mem[X,0x00000000800009CE] -> 0x001F
[632] [M]: 0x00000000800009CC (0x001F0F13) addi t5, t5, 0x1
x30 <- 0x0000000000800001

mem[X,0x00000000800009D0] -> 0x1F13
mem[X,0x00000000800009D2] -> 0x012F
[633] [M]: 0x00000000800009D0 (0x012F1F13) slli t5, t5, 0x12
x30 <- 0x0000020000040000

mem[X,0x00000000800009D4] -> 0x9F3B
mem[X,0x00000000800009D6] -> 0xBB80
[634] [M]: 0x00000000800009D4 (0xBB809F3B) pmaccu.w.heo t5, ra, s8
x30 <- 0x0000020000040000

mem[X,0x00000000800009D8] -> 0x3023
mem[X,0x00000000800009DA] -> 0x05E3
[635] [M]: 0x00000000800009D8 (0x05E33023) sd t5, 0x40(t1)
mem[0x00000000800061C8] <- 0x0000020000040000

mem[X,0x00000000800009DC] -> 0x4C37
mem[X,0x00000000800009DE] -> 0x0000
[636] [M]: 0x00000000800009DC (0x00004C37) lui s8, 0x4
x24 <- 0x0000000000004000

mem[X,0x00000000800009E0] -> 0x0C13
mem[X,0x00000000800009E2] -> 0x000C
[637] [M]: 0x00000000800009E0 (0x000C0C13) addi s8, s8, 0x0
x24 <- 0x0000000000004000

mem[X,0x00000000800009E4] -> 0x1C13
mem[X,0x00000000800009E6] -> 0x00BC
[638] [M]: 0x00000000800009E4 (0x00BC1C13) slli s8, s8, 0xb
x24 <- 0x0000000002000000

mem[X,0x00000000800009E8] -> 0x0C13
mem[X,0x00000000800009EA] -> 0x7FFC
[639] [M]: 0x00000000800009E8 (0x7FFC0C13) addi s8, s8, 0x7ff
x24 <- 0x00000000020007FF

mem[X,0x00000000800009EC] -> 0x1C13
mem[X,0x00000000800009EE] -> 0x00BC
[640] [M]: 0x00000000800009EC (0x00BC1C13) slli s8, s8, 0xb
x24 <- 0x00000010003FF800

mem[X,0x00000000800009F0] -> 0x0C13
mem[X,0x00000000800009F2] -> 0x7FFC
[641] [M]: 0x00000000800009F0 (0x7FFC0C13) addi s8, s8, 0x7ff
x24 <- 0x00000010003FFFFF

mem[X,0x00000000800009F4] -> 0x1C13
mem[X,0x00000000800009F6] -> 0x00AC
[642] [M]: 0x00000000800009F4 (0x00AC1C13) slli s8, s8, 0xa
x24 <- 0x00004000FFFFFC00

mem[X,0x00000000800009F8] -> 0x0C13
mem[X,0x00000000800009FA] -> 0x3DFC
[643] [M]: 0x00000000800009F8 (0x3DFC0C13) addi s8, s8, 0x3df
x24 <- 0x00004000FFFFFFDF

mem[X,0x00000000800009FC] -> 0x0037
mem[X,0x00000000800009FE] -> 0x0080
[644] [M]: 0x00000000800009FC (0x00800037) lui zero, 0x800

mem[X,0x0000000080000A00] -> 0x0013
mem[X,0x0000000080000A02] -> 0x0000
[645] [M]: 0x0000000080000A00 (0x00000013) addi zero, zero, 0x0

mem[X,0x0000000080000A04] -> 0x1013
mem[X,0x0000000080000A06] -> 0x00B0
[646] [M]: 0x0000000080000A04 (0x00B01013) slli zero, zero, 0xb

mem[X,0x0000000080000A08] -> 0x0013
mem[X,0x0000000080000A0A] -> 0x0040
[647] [M]: 0x0000000080000A08 (0x00400013) addi zero, zero, 0x4

mem[X,0x0000000080000A0C] -> 0x1013
mem[X,0x0000000080000A0E] -> 0x00B0
[648] [M]: 0x0000000080000A0C (0x00B01013) slli zero, zero, 0xb

mem[X,0x0000000080000A10] -> 0x0013
mem[X,0x0000000080000A12] -> 0x0000
[649] [M]: 0x0000000080000A10 (0x00000013) addi zero, zero, 0x0

mem[X,0x0000000080000A14] -> 0x1013
mem[X,0x0000000080000A16] -> 0x00A0
[650] [M]: 0x0000000080000A14 (0x00A01013) slli zero, zero, 0xa

mem[X,0x0000000080000A18] -> 0x00B7
mem[X,0x0000000080000A1A] -> 0x0000
[651] [M]: 0x0000000080000A18 (0x000000B7) lui ra, 0x0
x1 <- 0x0000000000000000

mem[X,0x0000000080000A1C] -> 0x8093
mem[X,0x0000000080000A1E] -> 0xFFC0
[652] [M]: 0x0000000080000A1C (0xFFC08093) addi ra, ra, -0x4
x1 <- 0xFFFFFFFFFFFFFFFC

mem[X,0x0000000080000A20] -> 0x9093
mem[X,0x0000000080000A22] -> 0x00B0
[653] [M]: 0x0000000080000A20 (0x00B09093) slli ra, ra, 0xb
x1 <- 0xFFFFFFFFFFFFE000

mem[X,0x0000000080000A24] -> 0x8093
mem[X,0x0000000080000A26] -> 0x0000
[654] [M]: 0x0000000080000A24 (0x00008093) addi ra, ra, 0x0
x1 <- 0xFFFFFFFFFFFFE000

mem[X,0x0000000080000A28] -> 0x9093
mem[X,0x0000000080000A2A] -> 0x00B0
[655] [M]: 0x0000000080000A28 (0x00B09093) slli ra, ra, 0xb
x1 <- 0xFFFFFFFFFF000000

mem[X,0x0000000080000A2C] -> 0x8093
mem[X,0x0000000080000A2E] -> 0x2000
[656] [M]: 0x0000000080000A2C (0x20008093) addi ra, ra, 0x200
x1 <- 0xFFFFFFFFFF000200

mem[X,0x0000000080000A30] -> 0x9093
mem[X,0x0000000080000A32] -> 0x00A0
[657] [M]: 0x0000000080000A30 (0x00A09093) slli ra, ra, 0xa
x1 <- 0xFFFFFFFC00080000

mem[X,0x0000000080000A34] -> 0x10BB
mem[X,0x0000000080000A36] -> 0xBA0C
[658] [M]: 0x0000000080000A34 (0xBA0C10BB) pmaccu.w.heo ra, s8, zero
x1 <- 0xFFFFFFFC00080000

mem[X,0x0000000080000A38] -> 0x3423
mem[X,0x0000000080000A3A] -> 0x0413
[659] [M]: 0x0000000080000A38 (0x04133423) sd ra, 0x48(t1)
mem[0x00000000800061D0] <- 0xFFFFFFFC00080000

mem[X,0x0000000080000A3C] -> 0x0537
mem[X,0x0000000080000A3E] -> 0x0000
[660] [M]: 0x0000000080000A3C (0x00000537) lui a0, 0x0
x10 <- 0x0000000000000000

mem[X,0x0000000080000A40] -> 0x0513
mem[X,0x0000000080000A42] -> 0x2005
[661] [M]: 0x0000000080000A40 (0x20050513) addi a0, a0, 0x200
x10 <- 0x0000000000000200

mem[X,0x0000000080000A44] -> 0x1513
mem[X,0x0000000080000A46] -> 0x00B5
[662] [M]: 0x0000000080000A44 (0x00B51513) slli a0, a0, 0xb
x10 <- 0x0000000000100000

mem[X,0x0000000080000A48] -> 0x0513
mem[X,0x0000000080000A4A] -> 0x7FF5
[663] [M]: 0x0000000080000A48 (0x7FF50513) addi a0, a0, 0x7ff
x10 <- 0x00000000001007FF

mem[X,0x0000000080000A4C] -> 0x1513
mem[X,0x0000000080000A4E] -> 0x00B5
[664] [M]: 0x0000000080000A4C (0x00B51513) slli a0, a0, 0xb
x10 <- 0x00000000803FF800

mem[X,0x0000000080000A50] -> 0x0513
mem[X,0x0000000080000A52] -> 0x7F75
[665] [M]: 0x0000000080000A50 (0x7F750513) addi a0, a0, 0x7f7
x10 <- 0x00000000803FFFF7

mem[X,0x0000000080000A54] -> 0x1513
mem[X,0x0000000080000A56] -> 0x00A5
[666] [M]: 0x0000000080000A54 (0x00A51513) slli a0, a0, 0xa
x10 <- 0x00000200FFFFDC00

mem[X,0x0000000080000A58] -> 0x0513
mem[X,0x0000000080000A5A] -> 0x3FF5
[667] [M]: 0x0000000080000A58 (0x3FF50513) addi a0, a0, 0x3ff
x10 <- 0x00000200FFFFDFFF

mem[X,0x0000000080000A5C] -> 0x0137
mem[X,0x0000000080000A5E] -> 0x0002
[668] [M]: 0x0000000080000A5C (0x00020137) lui sp, 0x20
x2 <- 0x0000000000020000

mem[X,0x0000000080000A60] -> 0x0113
mem[X,0x0000000080000A62] -> 0x0001
[669] [M]: 0x0000000080000A60 (0x00010113) addi sp, sp, 0x0
x2 <- 0x0000000000020000

mem[X,0x0000000080000A64] -> 0x1113
mem[X,0x0000000080000A66] -> 0x00B1
[670] [M]: 0x0000000080000A64 (0x00B11113) slli sp, sp, 0xb
x2 <- 0x0000000010000000

mem[X,0x0000000080000A68] -> 0x0113
mem[X,0x0000000080000A6A] -> 0x0001
[671] [M]: 0x0000000080000A68 (0x00010113) addi sp, sp, 0x0
x2 <- 0x0000000010000000

mem[X,0x0000000080000A6C] -> 0x1113
mem[X,0x0000000080000A6E] -> 0x00B1
[672] [M]: 0x0000000080000A6C (0x00B11113) slli sp, sp, 0xb
x2 <- 0x0000008000000000

mem[X,0x0000000080000A70] -> 0x0113
mem[X,0x0000000080000A72] -> 0x0001
[673] [M]: 0x0000000080000A70 (0x00010113) addi sp, sp, 0x0
x2 <- 0x0000008000000000

mem[X,0x0000000080000A74] -> 0x1113
mem[X,0x0000000080000A76] -> 0x00A1
[674] [M]: 0x0000000080000A74 (0x00A11113) slli sp, sp, 0xa
x2 <- 0x0002000000000000

mem[X,0x0000000080000A78] -> 0x0113
mem[X,0x0000000080000A7A] -> 0x0051
[675] [M]: 0x0000000080000A78 (0x00510113) addi sp, sp, 0x5
x2 <- 0x0002000000000005

mem[X,0x0000000080000A7C] -> 0x01B7
mem[X,0x0000000080000A7E] -> 0x0200
[676] [M]: 0x0000000080000A7C (0x020001B7) lui gp, 0x2000
x3 <- 0x0000000002000000

mem[X,0x0000000080000A80] -> 0x8193
mem[X,0x0000000080000A82] -> 0x0011
[677] [M]: 0x0000000080000A80 (0x00118193) addi gp, gp, 0x1
x3 <- 0x0000000002000001

mem[X,0x0000000080000A84] -> 0x9193
mem[X,0x0000000080000A86] -> 0x0141
[678] [M]: 0x0000000080000A84 (0x01419193) slli gp, gp, 0x14
x3 <- 0x0000200000100000

mem[X,0x0000000080000A88] -> 0x11BB
mem[X,0x0000000080000A8A] -> 0xBA25
[679] [M]: 0x0000000080000A88 (0xBA2511BB) pmaccu.w.heo gp, a0, sp
x3 <- 0x0000200000100000

mem[X,0x0000000080000A8C] -> 0x3823
mem[X,0x0000000080000A8E] -> 0x0433
[680] [M]: 0x0000000080000A8C (0x04333823) sd gp, 0x50(t1)
mem[0x00000000800061D8] <- 0x0000200000100000

mem[X,0x0000000080000A90] -> 0x0237
mem[X,0x0000000080000A92] -> 0x0000
[681] [M]: 0x0000000080000A90 (0x00000237) lui tp, 0x0
x4 <- 0x0000000000000000

mem[X,0x0000000080000A94] -> 0x0213
mem[X,0x0000000080000A96] -> 0xFFD2
[682] [M]: 0x0000000080000A94 (0xFFD20213) addi tp, tp, -0x3
x4 <- 0xFFFFFFFFFFFFFFFD

mem[X,0x0000000080000A98] -> 0x1213
mem[X,0x0000000080000A9A] -> 0x00B2
[683] [M]: 0x0000000080000A98 (0x00B21213) slli tp, tp, 0xb
x4 <- 0xFFFFFFFFFFFFE800

mem[X,0x0000000080000A9C] -> 0x0213
mem[X,0x0000000080000A9E] -> 0x0002
[684] [M]: 0x0000000080000A9C (0x00020213) addi tp, tp, 0x0
x4 <- 0xFFFFFFFFFFFFE800

mem[X,0x0000000080000AA0] -> 0x1213
mem[X,0x0000000080000AA2] -> 0x00B2
[685] [M]: 0x0000000080000AA0 (0x00B21213) slli tp, tp, 0xb
x4 <- 0xFFFFFFFFFF400000

mem[X,0x0000000080000AA4] -> 0x0213
mem[X,0x0000000080000AA6] -> 0x0002
[686] [M]: 0x0000000080000AA4 (0x00020213) addi tp, tp, 0x0
x4 <- 0xFFFFFFFFFF400000

mem[X,0x0000000080000AA8] -> 0x1213
mem[X,0x0000000080000AAA] -> 0x00A2
[687] [M]: 0x0000000080000AA8 (0x00A21213) slli tp, tp, 0xa
x4 <- 0xFFFFFFFD00000000

mem[X,0x0000000080000AAC] -> 0x0213
mem[X,0x0000000080000AAE] -> 0x2002
[688] [M]: 0x0000000080000AAC (0x20020213) addi tp, tp, 0x200
x4 <- 0xFFFFFFFD00000200

mem[X,0x0000000080000AB0] -> 0x0BB7
mem[X,0x0000000080000AB2] -> 0x0000
[689] [M]: 0x0000000080000AB0 (0x00000BB7) lui s7, 0x0
x23 <- 0x0000000000000000

mem[X,0x0000000080000AB4] -> 0x8B93
mem[X,0x0000000080000AB6] -> 0xFF9B
[690] [M]: 0x0000000080000AB4 (0xFF9B8B93) addi s7, s7, -0x7
x23 <- 0xFFFFFFFFFFFFFFF9

mem[X,0x0000000080000AB8] -> 0x9B93
mem[X,0x0000000080000ABA] -> 0x00BB
[691] [M]: 0x0000000080000AB8 (0x00BB9B93) slli s7, s7, 0xb
x23 <- 0xFFFFFFFFFFFFC800

mem[X,0x0000000080000ABC] -> 0x8B93
mem[X,0x0000000080000ABE] -> 0x7FFB
[692] [M]: 0x0000000080000ABC (0x7FFB8B93) addi s7, s7, 0x7ff
x23 <- 0xFFFFFFFFFFFFCFFF

mem[X,0x0000000080000AC0] -> 0x9B93
mem[X,0x0000000080000AC2] -> 0x00BB
[693] [M]: 0x0000000080000AC0 (0x00BB9B93) slli s7, s7, 0xb
x23 <- 0xFFFFFFFFFE7FF800

mem[X,0x0000000080000AC4] -> 0x8B93
mem[X,0x0000000080000AC6] -> 0x7FFB
[694] [M]: 0x0000000080000AC4 (0x7FFB8B93) addi s7, s7, 0x7ff
x23 <- 0xFFFFFFFFFE7FFFFF

mem[X,0x0000000080000AC8] -> 0x9B93
mem[X,0x0000000080000ACA] -> 0x00AB
[695] [M]: 0x0000000080000AC8 (0x00AB9B93) slli s7, s7, 0xa
x23 <- 0xFFFFFFF9FFFFFC00

mem[X,0x0000000080000ACC] -> 0x8B93
mem[X,0x0000000080000ACE] -> 0x3FEB
[696] [M]: 0x0000000080000ACC (0x3FEB8B93) addi s7, s7, 0x3fe
x23 <- 0xFFFFFFF9FFFFFFFE

mem[X,0x0000000080000AD0] -> 0x0C37
mem[X,0x0000000080000AD2] -> 0x0000
[697] [M]: 0x0000000080000AD0 (0x00000C37) lui s8, 0x0
x24 <- 0x0000000000000000

mem[X,0x0000000080000AD4] -> 0x0C13
mem[X,0x0000000080000AD6] -> 0x007C
[698] [M]: 0x0000000080000AD4 (0x007C0C13) addi s8, s8, 0x7
x24 <- 0x0000000000000007

mem[X,0x0000000080000AD8] -> 0x1C13
mem[X,0x0000000080000ADA] -> 0x00BC
[699] [M]: 0x0000000080000AD8 (0x00BC1C13) slli s8, s8, 0xb
x24 <- 0x0000000000003800

clint::tick mtime <- 0x0000000000000007
 clint timer pending at mtime 0x0000000000000007
htif::tick 0x0000000000000000
mem[X,0x0000000080000ADC] -> 0x0C13
mem[X,0x0000000080000ADE] -> 0x001C
[700] [M]: 0x0000000080000ADC (0x001C0C13) addi s8, s8, 0x1
x24 <- 0x0000000000003801

mem[X,0x0000000080000AE0] -> 0x1C13
mem[X,0x0000000080000AE2] -> 0x00BC
[701] [M]: 0x0000000080000AE0 (0x00BC1C13) slli s8, s8, 0xb
x24 <- 0x0000000001C00800

mem[X,0x0000000080000AE4] -> 0x0C13
mem[X,0x0000000080000AE6] -> 0x000C
[702] [M]: 0x0000000080000AE4 (0x000C0C13) addi s8, s8, 0x0
x24 <- 0x0000000001C00800

mem[X,0x0000000080000AE8] -> 0x1C13
mem[X,0x0000000080000AEA] -> 0x00AC
[703] [M]: 0x0000000080000AE8 (0x00AC1C13) slli s8, s8, 0xa
x24 <- 0x0000000700200000

mem[X,0x0000000080000AEC] -> 0x1C3B
mem[X,0x0000000080000AEE] -> 0xBB72
[704] [M]: 0x0000000080000AEC (0xBB721C3B) pmaccu.w.heo s8, tp, s7
x24 <- 0x0000000700200000

mem[X,0x0000000080000AF0] -> 0x3C23
mem[X,0x0000000080000AF2] -> 0x0583
[705] [M]: 0x0000000080000AF0 (0x05833C23) sd s8, 0x58(t1)
mem[0x00000000800061E0] <- 0x0000000700200000

mem[X,0x0000000080000AF4] -> 0x8837
mem[X,0x0000000080000AF6] -> 0xFFFF
[706] [M]: 0x0000000080000AF4 (0xFFFF8837) lui a6, -0x8
x16 <- 0xFFFFFFFFFFFF8000

mem[X,0x0000000080000AF8] -> 0x0813
mem[X,0x0000000080000AFA] -> 0xFFF8
[707] [M]: 0x0000000080000AF8 (0xFFF80813) addi a6, a6, -0x1
x16 <- 0xFFFFFFFFFFFF7FFF

mem[X,0x0000000080000AFC] -> 0x1813
mem[X,0x0000000080000AFE] -> 0x00B8
[708] [M]: 0x0000000080000AFC (0x00B81813) slli a6, a6, 0xb
x16 <- 0xFFFFFFFFFBFFF800

mem[X,0x0000000080000B00] -> 0x0813
mem[X,0x0000000080000B02] -> 0x7FF8
[709] [M]: 0x0000000080000B00 (0x7FF80813) addi a6, a6, 0x7ff
x16 <- 0xFFFFFFFFFBFFFFFF

mem[X,0x0000000080000B04] -> 0x1813
mem[X,0x0000000080000B06] -> 0x00B8
[710] [M]: 0x0000000080000B04 (0x00B81813) slli a6, a6, 0xb
x16 <- 0xFFFFFFDFFFFFF800

mem[X,0x0000000080000B08] -> 0x0813
mem[X,0x0000000080000B0A] -> 0x7FF8
[711] [M]: 0x0000000080000B08 (0x7FF80813) addi a6, a6, 0x7ff
x16 <- 0xFFFFFFDFFFFFFFFF

mem[X,0x0000000080000B0C] -> 0x1813
mem[X,0x0000000080000B0E] -> 0x00A8
[712] [M]: 0x0000000080000B0C (0x00A81813) slli a6, a6, 0xa
x16 <- 0xFFFF7FFFFFFFFC00

mem[X,0x0000000080000B10] -> 0x0813
mem[X,0x0000000080000B12] -> 0x1FF8
[713] [M]: 0x0000000080000B10 (0x1FF80813) addi a6, a6, 0x1ff
x16 <- 0xFFFF7FFFFFFFFDFF

mem[X,0x0000000080000B14] -> 0x0637
mem[X,0x0000000080000B16] -> 0xFFF8
[714] [M]: 0x0000000080000B14 (0xFFF80637) lui a2, -0x80
x12 <- 0xFFFFFFFFFFF80000

mem[X,0x0000000080000B18] -> 0x0613
mem[X,0x0000000080000B1A] -> 0xFFF6
[715] [M]: 0x0000000080000B18 (0xFFF60613) addi a2, a2, -0x1
x12 <- 0xFFFFFFFFFFF7FFFF

mem[X,0x0000000080000B1C] -> 0x1613
mem[X,0x0000000080000B1E] -> 0x00B6
[716] [M]: 0x0000000080000B1C (0x00B61613) slli a2, a2, 0xb
x12 <- 0xFFFFFFFFBFFFF800

mem[X,0x0000000080000B20] -> 0x0613
mem[X,0x0000000080000B22] -> 0x0006
[717] [M]: 0x0000000080000B20 (0x00060613) addi a2, a2, 0x0
x12 <- 0xFFFFFFFFBFFFF800

mem[X,0x0000000080000B24] -> 0x1613
mem[X,0x0000000080000B26] -> 0x00B6
[718] [M]: 0x0000000080000B24 (0x00B61613) slli a2, a2, 0xb
x12 <- 0xFFFFFDFFFFC00000

mem[X,0x0000000080000B28] -> 0x0613
mem[X,0x0000000080000B2A] -> 0x0806
[719] [M]: 0x0000000080000B28 (0x08060613) addi a2, a2, 0x80
x12 <- 0xFFFFFDFFFFC00080

mem[X,0x0000000080000B2C] -> 0x1613
mem[X,0x0000000080000B2E] -> 0x00A6
[720] [M]: 0x0000000080000B2C (0x00A61613) slli a2, a2, 0xa
x12 <- 0xFFF7FFFF00020000

mem[X,0x0000000080000B30] -> 0x08B7
mem[X,0x0000000080000B32] -> 0x0000
[721] [M]: 0x0000000080000B30 (0x000008B7) lui a7, 0x0
x17 <- 0x0000000000000000

mem[X,0x0000000080000B34] -> 0x8893
mem[X,0x0000000080000B36] -> 0xEFF8
[722] [M]: 0x0000000080000B34 (0xEFF88893) addi a7, a7, -0x101
x17 <- 0xFFFFFFFFFFFFFEFF

mem[X,0x0000000080000B38] -> 0x9893
mem[X,0x0000000080000B3A] -> 0x00B8
[723] [M]: 0x0000000080000B38 (0x00B89893) slli a7, a7, 0xb
x17 <- 0xFFFFFFFFFFF7F800

mem[X,0x0000000080000B3C] -> 0x8893
mem[X,0x0000000080000B3E] -> 0x0028
[724] [M]: 0x0000000080000B3C (0x00288893) addi a7, a7, 0x2
x17 <- 0xFFFFFFFFFFF7F802

mem[X,0x0000000080000B40] -> 0x9893
mem[X,0x0000000080000B42] -> 0x00B8
[725] [M]: 0x0000000080000B40 (0x00B89893) slli a7, a7, 0xb
x17 <- 0xFFFFFFFFBFC01000

mem[X,0x0000000080000B44] -> 0x8893
mem[X,0x0000000080000B46] -> 0x0008
[726] [M]: 0x0000000080000B44 (0x00088893) addi a7, a7, 0x0
x17 <- 0xFFFFFFFFBFC01000

mem[X,0x0000000080000B48] -> 0x9893
mem[X,0x0000000080000B4A] -> 0x00A8
[727] [M]: 0x0000000080000B48 (0x00A89893) slli a7, a7, 0xa
x17 <- 0xFFFFFEFF00400000

mem[X,0x0000000080000B4C] -> 0x18BB
mem[X,0x0000000080000B4E] -> 0xBAC8
[728] [M]: 0x0000000080000B4C (0xBAC818BB) pmaccu.w.heo a7, a6, a2
x17 <- 0xFFFFFEFF00400000

mem[X,0x0000000080000B50] -> 0x3023
mem[X,0x0000000080000B52] -> 0x0713
[729] [M]: 0x0000000080000B50 (0x07133023) sd a7, 0x60(t1)
mem[0x00000000800061E8] <- 0xFFFFFEFF00400000

mem[X,0x0000000080000B54] -> 0x0EB7
mem[X,0x0000000080000B56] -> 0x0000
[730] [M]: 0x0000000080000B54 (0x00000EB7) lui t4, 0x0
x29 <- 0x0000000000000000

mem[X,0x0000000080000B58] -> 0x8E93
mem[X,0x0000000080000B5A] -> 0xFFCE
[731] [M]: 0x0000000080000B58 (0xFFCE8E93) addi t4, t4, -0x4
x29 <- 0xFFFFFFFFFFFFFFFC

mem[X,0x0000000080000B5C] -> 0x9E93
mem[X,0x0000000080000B5E] -> 0x00BE
[732] [M]: 0x0000000080000B5C (0x00BE9E93) slli t4, t4, 0xb
x29 <- 0xFFFFFFFFFFFFE000

mem[X,0x0000000080000B60] -> 0x8E93
mem[X,0x0000000080000B62] -> 0x7FFE
[733] [M]: 0x0000000080000B60 (0x7FFE8E93) addi t4, t4, 0x7ff
x29 <- 0xFFFFFFFFFFFFE7FF

mem[X,0x0000000080000B64] -> 0x9E93
mem[X,0x0000000080000B66] -> 0x00BE
[734] [M]: 0x0000000080000B64 (0x00BE9E93) slli t4, t4, 0xb
x29 <- 0xFFFFFFFFFF3FF800

mem[X,0x0000000080000B68] -> 0x8E93
mem[X,0x0000000080000B6A] -> 0x7F7E
[735] [M]: 0x0000000080000B68 (0x7F7E8E93) addi t4, t4, 0x7f7
x29 <- 0xFFFFFFFFFF3FFFF7

mem[X,0x0000000080000B6C] -> 0x9E93
mem[X,0x0000000080000B6E] -> 0x00AE
[736] [M]: 0x0000000080000B6C (0x00AE9E93) slli t4, t4, 0xa
x29 <- 0xFFFFFFFCFFFFDC00

mem[X,0x0000000080000B70] -> 0x8E93
mem[X,0x0000000080000B72] -> 0x3FFE
[737] [M]: 0x0000000080000B70 (0x3FFE8E93) addi t4, t4, 0x3ff
x29 <- 0xFFFFFFFCFFFFDFFF

mem[X,0x0000000080000B74] -> 0x07B7
mem[X,0x0000000080000B76] -> 0xFF00
[738] [M]: 0x0000000080000B74 (0xFF0007B7) lui a5, -0x1000
x15 <- 0xFFFFFFFFFF000000

mem[X,0x0000000080000B78] -> 0x8793
mem[X,0x0000000080000B7A] -> 0xFFF7
[739] [M]: 0x0000000080000B78 (0xFFF78793) addi a5, a5, -0x1
x15 <- 0xFFFFFFFFFEFFFFFF

mem[X,0x0000000080000B7C] -> 0x9793
mem[X,0x0000000080000B7E] -> 0x00B7
[740] [M]: 0x0000000080000B7C (0x00B79793) slli a5, a5, 0xb
x15 <- 0xFFFFFFF7FFFFF800

mem[X,0x0000000080000B80] -> 0x8793
mem[X,0x0000000080000B82] -> 0x0007
[741] [M]: 0x0000000080000B80 (0x00078793) addi a5, a5, 0x0
x15 <- 0xFFFFFFF7FFFFF800

mem[X,0x0000000080000B84] -> 0x9793
mem[X,0x0000000080000B86] -> 0x00B7
[742] [M]: 0x0000000080000B84 (0x00B79793) slli a5, a5, 0xb
x15 <- 0xFFFFBFFFFFC00000

mem[X,0x0000000080000B88] -> 0x8793
mem[X,0x0000000080000B8A] -> 0x0007
[743] [M]: 0x0000000080000B88 (0x00078793) addi a5, a5, 0x0
x15 <- 0xFFFFBFFFFFC00000

mem[X,0x0000000080000B8C] -> 0x9793
mem[X,0x0000000080000B8E] -> 0x00A7
[744] [M]: 0x0000000080000B8C (0x00A79793) slli a5, a5, 0xa
x15 <- 0xFEFFFFFF00000000

mem[X,0x0000000080000B90] -> 0x8793
mem[X,0x0000000080000B92] -> 0x0017
[745] [M]: 0x0000000080000B90 (0x00178793) addi a5, a5, 0x1
x15 <- 0xFEFFFFFF00000001

mem[X,0x0000000080000B94] -> 0x0DB7
mem[X,0x0000000080000B96] -> 0x0040
[746] [M]: 0x0000000080000B94 (0x00400DB7) lui s11, 0x400
x27 <- 0x0000000000400000

mem[X,0x0000000080000B98] -> 0x8D93
mem[X,0x0000000080000B9A] -> 0x000D
[747] [M]: 0x0000000080000B98 (0x000D8D93) addi s11, s11, 0x0
x27 <- 0x0000000000400000

mem[X,0x0000000080000B9C] -> 0x9D93
mem[X,0x0000000080000B9E] -> 0x00BD
[748] [M]: 0x0000000080000B9C (0x00BD9D93) slli s11, s11, 0xb
x27 <- 0x0000000200000000

mem[X,0x0000000080000BA0] -> 0x8D93
mem[X,0x0000000080000BA2] -> 0x004D
[749] [M]: 0x0000000080000BA0 (0x004D8D93) addi s11, s11, 0x4
x27 <- 0x0000000200000004

mem[X,0x0000000080000BA4] -> 0x9D93
mem[X,0x0000000080000BA6] -> 0x00BD
[750] [M]: 0x0000000080000BA4 (0x00BD9D93) slli s11, s11, 0xb
x27 <- 0x0000100000002000

mem[X,0x0000000080000BA8] -> 0x8D93
mem[X,0x0000000080000BAA] -> 0x000D
[751] [M]: 0x0000000080000BA8 (0x000D8D93) addi s11, s11, 0x0
x27 <- 0x0000100000002000

mem[X,0x0000000080000BAC] -> 0x9D93
mem[X,0x0000000080000BAE] -> 0x00AD
[752] [M]: 0x0000000080000BAC (0x00AD9D93) slli s11, s11, 0xa
x27 <- 0x0040000000800000

mem[X,0x0000000080000BB0] -> 0x9DBB
mem[X,0x0000000080000BB2] -> 0xBAFE
[753] [M]: 0x0000000080000BB0 (0xBAFE9DBB) pmaccu.w.heo s11, t4, a5
x27 <- 0x0040000000800000

mem[X,0x0000000080000BB4] -> 0x3423
mem[X,0x0000000080000BB6] -> 0x07B3
[754] [M]: 0x0000000080000BB4 (0x07B33423) sd s11, 0x68(t1)
mem[0x00000000800061F0] <- 0x0040000000800000

mem[X,0x0000000080000BB8] -> 0x0A37
mem[X,0x0000000080000BBA] -> 0xF800
[755] [M]: 0x0000000080000BB8 (0xF8000A37) lui s4, -0x8000
x20 <- 0xFFFFFFFFF8000000

mem[X,0x0000000080000BBC] -> 0x0A13
mem[X,0x0000000080000BBE] -> 0xFFFA
[756] [M]: 0x0000000080000BBC (0xFFFA0A13) addi s4, s4, -0x1
x20 <- 0xFFFFFFFFF7FFFFFF

mem[X,0x0000000080000BC0] -> 0x1A13
mem[X,0x0000000080000BC2] -> 0x00BA
[757] [M]: 0x0000000080000BC0 (0x00BA1A13) slli s4, s4, 0xb
x20 <- 0xFFFFFFBFFFFFF800

mem[X,0x0000000080000BC4] -> 0x0A13
mem[X,0x0000000080000BC6] -> 0x77FA
[758] [M]: 0x0000000080000BC4 (0x77FA0A13) addi s4, s4, 0x77f
x20 <- 0xFFFFFFBFFFFFFF7F

mem[X,0x0000000080000BC8] -> 0x1A13
mem[X,0x0000000080000BCA] -> 0x00BA
[759] [M]: 0x0000000080000BC8 (0x00BA1A13) slli s4, s4, 0xb
x20 <- 0xFFFDFFFFFFFBF800

mem[X,0x0000000080000BCC] -> 0x0A13
mem[X,0x0000000080000BCE] -> 0x7FFA
[760] [M]: 0x0000000080000BCC (0x7FFA0A13) addi s4, s4, 0x7ff
x20 <- 0xFFFDFFFFFFFBFFFF

mem[X,0x0000000080000BD0] -> 0x1A13
mem[X,0x0000000080000BD2] -> 0x00AA
[761] [M]: 0x0000000080000BD0 (0x00AA1A13) slli s4, s4, 0xa
x20 <- 0xF7FFFFFFEFFFFC00

mem[X,0x0000000080000BD4] -> 0x0A13
mem[X,0x0000000080000BD6] -> 0x3FFA
[762] [M]: 0x0000000080000BD4 (0x3FFA0A13) addi s4, s4, 0x3ff
x20 <- 0xF7FFFFFFEFFFFFFF

mem[X,0x0000000080000BD8] -> 0x0437
mem[X,0x0000000080000BDA] -> 0xC000
[763] [M]: 0x0000000080000BD8 (0xC0000437) lui fp, -0x40000
x8 <- 0xFFFFFFFFC0000000

mem[X,0x0000000080000BDC] -> 0x0413
mem[X,0x0000000080000BDE] -> 0xFFF4
[764] [M]: 0x0000000080000BDC (0xFFF40413) addi fp, fp, -0x1
x8 <- 0xFFFFFFFFBFFFFFFF

mem[X,0x0000000080000BE0] -> 0x1413
mem[X,0x0000000080000BE2] -> 0x00B4
[765] [M]: 0x0000000080000BE0 (0x00B41413) slli fp, fp, 0xb
x8 <- 0xFFFFFDFFFFFFF800

mem[X,0x0000000080000BE4] -> 0x0413
mem[X,0x0000000080000BE6] -> 0x7FF4
[766] [M]: 0x0000000080000BE4 (0x7FF40413) addi fp, fp, 0x7ff
x8 <- 0xFFFFFDFFFFFFFFFF

mem[X,0x0000000080000BE8] -> 0x1413
mem[X,0x0000000080000BEA] -> 0x00B4
[767] [M]: 0x0000000080000BE8 (0x00B41413) slli fp, fp, 0xb
x8 <- 0xFFEFFFFFFFFFF800

mem[X,0x0000000080000BEC] -> 0x0413
mem[X,0x0000000080000BEE] -> 0x7BF4
[768] [M]: 0x0000000080000BEC (0x7BF40413) addi fp, fp, 0x7bf
x8 <- 0xFFEFFFFFFFFFFFBF

mem[X,0x0000000080000BF0] -> 0x1413
mem[X,0x0000000080000BF2] -> 0x00A4
[769] [M]: 0x0000000080000BF0 (0x00A41413) slli fp, fp, 0xa
x8 <- 0xBFFFFFFFFFFEFC00

mem[X,0x0000000080000BF4] -> 0x0413
mem[X,0x0000000080000BF6] -> 0x3FF4
[770] [M]: 0x0000000080000BF4 (0x3FF40413) addi fp, fp, 0x3ff
x8 <- 0xBFFFFFFFFFFEFFFF

mem[X,0x0000000080000BF8] -> 0x1837
mem[X,0x0000000080000BFA] -> 0x0000
[771] [M]: 0x0000000080000BF8 (0x00001837) lui a6, 0x1
x16 <- 0x0000000000001000

mem[X,0x0000000080000BFC] -> 0x0813
mem[X,0x0000000080000BFE] -> 0x0018
[772] [M]: 0x0000000080000BFC (0x00180813) addi a6, a6, 0x1
x16 <- 0x0000000000001001

mem[X,0x0000000080000C00] -> 0x1813
mem[X,0x0000000080000C02] -> 0x0188
[773] [M]: 0x0000000080000C00 (0x01881813) slli a6, a6, 0x18
x16 <- 0x0000001001000000

mem[X,0x0000000080000C04] -> 0x183B
mem[X,0x0000000080000C06] -> 0xBA8A
[774] [M]: 0x0000000080000C04 (0xBA8A183B) pmaccu.w.heo a6, s4, fp
x16 <- 0x0000FE110100FE01

mem[X,0x0000000080000C08] -> 0x3823
mem[X,0x0000000080000C0A] -> 0x0703
[775] [M]: 0x0000000080000C08 (0x07033823) sd a6, 0x70(t1)
mem[0x00000000800061F8] <- 0x0000FE110100FE01

mem[X,0x0000000080000C0C] -> 0x0013
mem[X,0x0000000080000C0E] -> 0x0000
[776] [M]: 0x0000000080000C0C (0x00000013) addi zero, zero, 0x0

mem[X,0x0000000080000C10] -> 0x0013
mem[X,0x0000000080000C12] -> 0x0000
[777] [M]: 0x0000000080000C10 (0x00000013) addi zero, zero, 0x0

mem[X,0x0000000080000C14] -> 0x0013
mem[X,0x0000000080000C16] -> 0x0000
[778] [M]: 0x0000000080000C14 (0x00000013) addi zero, zero, 0x0

mem[X,0x0000000080000C18] -> 0x0013
mem[X,0x0000000080000C1A] -> 0x0000
[779] [M]: 0x0000000080000C18 (0x00000013) addi zero, zero, 0x0

mem[X,0x0000000080000C1C] -> 0x0013
mem[X,0x0000000080000C1E] -> 0x0000
[780] [M]: 0x0000000080000C1C (0x00000013) addi zero, zero, 0x0

mem[X,0x0000000080000C20] -> 0x5097
mem[X,0x0000000080000C22] -> 0x0000
[781] [M]: 0x0000000080000C20 (0x00005097) auipc ra, 0x5
x1 <- 0x0000000080005C20

mem[X,0x0000000080000C24] -> 0x8093
mem[X,0x0000000080000C26] -> 0x5E00
[782] [M]: 0x0000000080000C24 (0x5E008093) addi ra, ra, 0x5e0
x1 <- 0x0000000080006200

mem[X,0x0000000080000C28] -> 0x0013
mem[X,0x0000000080000C2A] -> 0x0000
[783] [M]: 0x0000000080000C28 (0x00000013) addi zero, zero, 0x0

mem[X,0x0000000080000C2C] -> 0x0013
mem[X,0x0000000080000C2E] -> 0x0000
[784] [M]: 0x0000000080000C2C (0x00000013) addi zero, zero, 0x0

mem[X,0x0000000080000C30] -> 0x0013
mem[X,0x0000000080000C32] -> 0x0000
[785] [M]: 0x0000000080000C30 (0x00000013) addi zero, zero, 0x0

mem[X,0x0000000080000C34] -> 0x0013
mem[X,0x0000000080000C36] -> 0x0000
[786] [M]: 0x0000000080000C34 (0x00000013) addi zero, zero, 0x0

mem[X,0x0000000080000C38] -> 0x0013
mem[X,0x0000000080000C3A] -> 0x0000
[787] [M]: 0x0000000080000C38 (0x00000013) addi zero, zero, 0x0

mem[X,0x0000000080000C3C] -> 0x0013
mem[X,0x0000000080000C3E] -> 0x0000
[788] [M]: 0x0000000080000C3C (0x00000013) addi zero, zero, 0x0

mem[X,0x0000000080000C40] -> 0x04B7
mem[X,0x0000000080000C42] -> 0x0000
[789] [M]: 0x0000000080000C40 (0x000004B7) lui s1, 0x0
x9 <- 0x0000000000000000

mem[X,0x0000000080000C44] -> 0x8493
mem[X,0x0000000080000C46] -> 0x0094
[790] [M]: 0x0000000080000C44 (0x00948493) addi s1, s1, 0x9
x9 <- 0x0000000000000009

mem[X,0x0000000080000C48] -> 0x9493
mem[X,0x0000000080000C4A] -> 0x00B4
[791] [M]: 0x0000000080000C48 (0x00B49493) slli s1, s1, 0xb
x9 <- 0x0000000000004800

mem[X,0x0000000080000C4C] -> 0x8493
mem[X,0x0000000080000C4E] -> 0x0004
[792] [M]: 0x0000000080000C4C (0x00048493) addi s1, s1, 0x0
x9 <- 0x0000000000004800

mem[X,0x0000000080000C50] -> 0x9493
mem[X,0x0000000080000C52] -> 0x00B4
[793] [M]: 0x0000000080000C50 (0x00B49493) slli s1, s1, 0xb
x9 <- 0x0000000002400000

mem[X,0x0000000080000C54] -> 0x8493
mem[X,0x0000000080000C56] -> 0x0004
[794] [M]: 0x0000000080000C54 (0x00048493) addi s1, s1, 0x0
x9 <- 0x0000000002400000

mem[X,0x0000000080000C58] -> 0x9493
mem[X,0x0000000080000C5A] -> 0x00A4
[795] [M]: 0x0000000080000C58 (0x00A49493) slli s1, s1, 0xa
x9 <- 0x0000000900000000

mem[X,0x0000000080000C5C] -> 0x8493
mem[X,0x0000000080000C5E] -> 0x0084
[796] [M]: 0x0000000080000C5C (0x00848493) addi s1, s1, 0x8
x9 <- 0x0000000900000008

mem[X,0x0000000080000C60] -> 0x0D13
mem[X,0x0000000080000C62] -> 0x4010
[797] [M]: 0x0000000080000C60 (0x40100D13) addi s10, zero, 0x401
x26 <- 0x0000000000000401

mem[X,0x0000000080000C64] -> 0x1D13
mem[X,0x0000000080000C66] -> 0x016D
[798] [M]: 0x0000000080000C64 (0x016D1D13) slli s10, s10, 0x16
x26 <- 0x0000000100400000

mem[X,0x0000000080000C68] -> 0x2B37
mem[X,0x0000000080000C6A] -> 0x0000
[799] [M]: 0x0000000080000C68 (0x00002B37) lui s6, 0x2
x22 <- 0x0000000000002000

clint::tick mtime <- 0x0000000000000008
 clint timer pending at mtime 0x0000000000000008
htif::tick 0x0000000000000000
mem[X,0x0000000080000C6C] -> 0x0B13
mem[X,0x0000000080000C6E] -> 0x001B
[800] [M]: 0x0000000080000C6C (0x001B0B13) addi s6, s6, 0x1
x22 <- 0x0000000000002001

mem[X,0x0000000080000C70] -> 0x1B13
mem[X,0x0000000080000C72] -> 0x019B
[801] [M]: 0x0000000080000C70 (0x019B1B13) slli s6, s6, 0x19
x22 <- 0x0000004002000000

mem[X,0x0000000080000C74] -> 0x9B3B
mem[X,0x0000000080000C76] -> 0xBBA4
[802] [M]: 0x0000000080000C74 (0xBBA49B3B) pmaccu.w.heo s6, s1, s10
x22 <- 0x0000004002000000

mem[X,0x0000000080000C78] -> 0xB023
mem[X,0x0000000080000C7A] -> 0x0160
[803] [M]: 0x0000000080000C78 (0x0160B023) sd s6, 0x0(ra)
mem[0x0000000080006200] <- 0x0000004002000000

mem[X,0x0000000080000C7C] -> 0x11B7
mem[X,0x0000000080000C7E] -> 0x0000
[804] [M]: 0x0000000080000C7C (0x000011B7) lui gp, 0x1
x3 <- 0x0000000000001000

mem[X,0x0000000080000C80] -> 0x8193
mem[X,0x0000000080000C82] -> 0x0001
[805] [M]: 0x0000000080000C80 (0x00018193) addi gp, gp, 0x0
x3 <- 0x0000000000001000

mem[X,0x0000000080000C84] -> 0x9193
mem[X,0x0000000080000C86] -> 0x00B1
[806] [M]: 0x0000000080000C84 (0x00B19193) slli gp, gp, 0xb
x3 <- 0x0000000000800000

mem[X,0x0000000080000C88] -> 0x8193
mem[X,0x0000000080000C8A] -> 0x7FF1
[807] [M]: 0x0000000080000C88 (0x7FF18193) addi gp, gp, 0x7ff
x3 <- 0x00000000008007FF

mem[X,0x0000000080000C8C] -> 0x9193
mem[X,0x0000000080000C8E] -> 0x00B1
[808] [M]: 0x0000000080000C8C (0x00B19193) slli gp, gp, 0xb
x3 <- 0x00000004003FF800

mem[X,0x0000000080000C90] -> 0x8193
mem[X,0x0000000080000C92] -> 0x7FF1
[809] [M]: 0x0000000080000C90 (0x7FF18193) addi gp, gp, 0x7ff
x3 <- 0x00000004003FFFFF

mem[X,0x0000000080000C94] -> 0x9193
mem[X,0x0000000080000C96] -> 0x00A1
[810] [M]: 0x0000000080000C94 (0x00A19193) slli gp, gp, 0xa
x3 <- 0x00001000FFFFFC00

mem[X,0x0000000080000C98] -> 0x8193
mem[X,0x0000000080000C9A] -> 0x3FA1
[811] [M]: 0x0000000080000C98 (0x3FA18193) addi gp, gp, 0x3fa
x3 <- 0x00001000FFFFFFFA

mem[X,0x0000000080000C9C] -> 0x1F37
mem[X,0x0000000080000C9E] -> 0x0000
[812] [M]: 0x0000000080000C9C (0x00001F37) lui t5, 0x1
x30 <- 0x0000000000001000

mem[X,0x0000000080000CA0] -> 0x0F13
mem[X,0x0000000080000CA2] -> 0x001F
[813] [M]: 0x0000000080000CA0 (0x001F0F13) addi t5, t5, 0x1
x30 <- 0x0000000000001001

mem[X,0x0000000080000CA4] -> 0x1F13
mem[X,0x0000000080000CA6] -> 0x014F
[814] [M]: 0x0000000080000CA4 (0x014F1F13) slli t5, t5, 0x14
x30 <- 0x0000000100100000

mem[X,0x0000000080000CA8] -> 0x0BB7
mem[X,0x0000000080000CAA] -> 0x8000
[815] [M]: 0x0000000080000CA8 (0x80000BB7) lui s7, -0x80000
x23 <- 0xFFFFFFFF80000000

mem[X,0x0000000080000CAC] -> 0x8B93
mem[X,0x0000000080000CAE] -> 0xFFFB
[816] [M]: 0x0000000080000CAC (0xFFFB8B93) addi s7, s7, -0x1
x23 <- 0xFFFFFFFF7FFFFFFF

mem[X,0x0000000080000CB0] -> 0x9B93
mem[X,0x0000000080000CB2] -> 0x00BB
[817] [M]: 0x0000000080000CB0 (0x00BB9B93) slli s7, s7, 0xb
x23 <- 0xFFFFFBFFFFFFF800

mem[X,0x0000000080000CB4] -> 0x8B93
mem[X,0x0000000080000CB6] -> 0x020B
[818] [M]: 0x0000000080000CB4 (0x020B8B93) addi s7, s7, 0x20
x23 <- 0xFFFFFBFFFFFFF820

mem[X,0x0000000080000CB8] -> 0x9B93
mem[X,0x0000000080000CBA] -> 0x00BB
[819] [M]: 0x0000000080000CB8 (0x00BB9B93) slli s7, s7, 0xb
x23 <- 0xFFDFFFFFFFC10000

mem[X,0x0000000080000CBC] -> 0x8B93
mem[X,0x0000000080000CBE] -> 0x000B
[820] [M]: 0x0000000080000CBC (0x000B8B93) addi s7, s7, 0x0
x23 <- 0xFFDFFFFFFFC10000

mem[X,0x0000000080000CC0] -> 0x9B93
mem[X,0x0000000080000CC2] -> 0x00AB
[821] [M]: 0x0000000080000CC0 (0x00AB9B93) slli s7, s7, 0xa
x23 <- 0x7FFFFFFF04000000

mem[X,0x0000000080000CC4] -> 0x9BBB
mem[X,0x0000000080000CC6] -> 0xBBE1
[822] [M]: 0x0000000080000CC4 (0xBBE19BBB) pmaccu.w.heo s7, gp, t5
x23 <- 0x7FFFFFFF04000000

mem[X,0x0000000080000CC8] -> 0xB423
mem[X,0x0000000080000CCA] -> 0x0170
[823] [M]: 0x0000000080000CC8 (0x0170B423) sd s7, 0x8(ra)
mem[0x0000000080006208] <- 0x7FFFFFFF04000000

mem[X,0x0000000080000CCC] -> 0x0693
mem[X,0x0000000080000CCE] -> 0x0010
[824] [M]: 0x0000000080000CCC (0x00100693) addi a3, zero, 0x1
x13 <- 0x0000000000000001

mem[X,0x0000000080000CD0] -> 0x9693
mem[X,0x0000000080000CD2] -> 0x0156
[825] [M]: 0x0000000080000CD0 (0x01569693) slli a3, a3, 0x15
x13 <- 0x0000000000200000

mem[X,0x0000000080000CD4] -> 0x0337
mem[X,0x0000000080000CD6] -> 0x0000
[826] [M]: 0x0000000080000CD4 (0x00000337) lui t1, 0x0
x6 <- 0x0000000000000000

mem[X,0x0000000080000CD8] -> 0x0313
mem[X,0x0000000080000CDA] -> 0x0063
[827] [M]: 0x0000000080000CD8 (0x00630313) addi t1, t1, 0x6
x6 <- 0x0000000000000006

mem[X,0x0000000080000CDC] -> 0x1313
mem[X,0x0000000080000CDE] -> 0x00B3
[828] [M]: 0x0000000080000CDC (0x00B31313) slli t1, t1, 0xb
x6 <- 0x0000000000003000

mem[X,0x0000000080000CE0] -> 0x0313
mem[X,0x0000000080000CE2] -> 0x7FF3
[829] [M]: 0x0000000080000CE0 (0x7FF30313) addi t1, t1, 0x7ff
x6 <- 0x00000000000037FF

mem[X,0x0000000080000CE4] -> 0x1313
mem[X,0x0000000080000CE6] -> 0x00B3
[830] [M]: 0x0000000080000CE4 (0x00B31313) slli t1, t1, 0xb
x6 <- 0x0000000001BFF800

mem[X,0x0000000080000CE8] -> 0x0313
mem[X,0x0000000080000CEA] -> 0x7FF3
[831] [M]: 0x0000000080000CE8 (0x7FF30313) addi t1, t1, 0x7ff
x6 <- 0x0000000001BFFFFF

mem[X,0x0000000080000CEC] -> 0x1313
mem[X,0x0000000080000CEE] -> 0x00A3
[832] [M]: 0x0000000080000CEC (0x00A31313) slli t1, t1, 0xa
x6 <- 0x00000006FFFFFC00

mem[X,0x0000000080000CF0] -> 0x0313
mem[X,0x0000000080000CF2] -> 0x3F93
[833] [M]: 0x0000000080000CF0 (0x3F930313) addi t1, t1, 0x3f9
x6 <- 0x00000006FFFFFFF9

mem[X,0x0000000080000CF4] -> 0x8737
mem[X,0x0000000080000CF6] -> 0x0000
[834] [M]: 0x0000000080000CF4 (0x00008737) lui a4, 0x8
x14 <- 0x0000000000008000

mem[X,0x0000000080000CF8] -> 0x0713
mem[X,0x0000000080000CFA] -> 0x0017
[835] [M]: 0x0000000080000CF8 (0x00170713) addi a4, a4, 0x1
x14 <- 0x0000000000008001

mem[X,0x0000000080000CFC] -> 0x1713
mem[X,0x0000000080000CFE] -> 0x01B7
[836] [M]: 0x0000000080000CFC (0x01B71713) slli a4, a4, 0x1b
x14 <- 0x0000040008000000

mem[X,0x0000000080000D00] -> 0x973B
mem[X,0x0000000080000D02] -> 0xBA66
[837] [M]: 0x0000000080000D00 (0xBA66973B) pmaccu.w.heo a4, a3, t1
x14 <- 0x0000040008000000

mem[X,0x0000000080000D04] -> 0xB823
mem[X,0x0000000080000D06] -> 0x00E0
[838] [M]: 0x0000000080000D04 (0x00E0B823) sd a4, 0x10(ra)
mem[0x0000000080006210] <- 0x0000040008000000

mem[X,0x0000000080000D08] -> 0x0F37
mem[X,0x0000000080000D0A] -> 0xF800
[839] [M]: 0x0000000080000D08 (0xF8000F37) lui t5, -0x8000
x30 <- 0xFFFFFFFFF8000000

mem[X,0x0000000080000D0C] -> 0x0F13
mem[X,0x0000000080000D0E] -> 0xFFFF
[840] [M]: 0x0000000080000D0C (0xFFFF0F13) addi t5, t5, -0x1
x30 <- 0xFFFFFFFFF7FFFFFF

mem[X,0x0000000080000D10] -> 0x1F13
mem[X,0x0000000080000D12] -> 0x00BF
[841] [M]: 0x0000000080000D10 (0x00BF1F13) slli t5, t5, 0xb
x30 <- 0xFFFFFFBFFFFFF800

mem[X,0x0000000080000D14] -> 0x0F13
mem[X,0x0000000080000D16] -> 0x000F
[842] [M]: 0x0000000080000D14 (0x000F0F13) addi t5, t5, 0x0
x30 <- 0xFFFFFFBFFFFFF800

mem[X,0x0000000080000D18] -> 0x1F13
mem[X,0x0000000080000D1A] -> 0x00BF
[843] [M]: 0x0000000080000D18 (0x00BF1F13) slli t5, t5, 0xb
x30 <- 0xFFFDFFFFFFC00000

mem[X,0x0000000080000D1C] -> 0x0F13
mem[X,0x0000000080000D1E] -> 0x008F
[844] [M]: 0x0000000080000D1C (0x008F0F13) addi t5, t5, 0x8
x30 <- 0xFFFDFFFFFFC00008

mem[X,0x0000000080000D20] -> 0x1F13
mem[X,0x0000000080000D22] -> 0x00AF
[845] [M]: 0x0000000080000D20 (0x00AF1F13) slli t5, t5, 0xa
x30 <- 0xF7FFFFFF00002000

mem[X,0x0000000080000D24] -> 0x0EB7
mem[X,0x0000000080000D26] -> 0x0040
[846] [M]: 0x0000000080000D24 (0x00400EB7) lui t4, 0x400
x29 <- 0x0000000000400000

mem[X,0x0000000080000D28] -> 0x8E93
mem[X,0x0000000080000D2A] -> 0x000E
[847] [M]: 0x0000000080000D28 (0x000E8E93) addi t4, t4, 0x0
x29 <- 0x0000000000400000

mem[X,0x0000000080000D2C] -> 0x9E93
mem[X,0x0000000080000D2E] -> 0x00BE
[848] [M]: 0x0000000080000D2C (0x00BE9E93) slli t4, t4, 0xb
x29 <- 0x0000000200000000

mem[X,0x0000000080000D30] -> 0x8E93
mem[X,0x0000000080000D32] -> 0x7FFE
[849] [M]: 0x0000000080000D30 (0x7FFE8E93) addi t4, t4, 0x7ff
x29 <- 0x00000002000007FF

mem[X,0x0000000080000D34] -> 0x9E93
mem[X,0x0000000080000D36] -> 0x00BE
[850] [M]: 0x0000000080000D34 (0x00BE9E93) slli t4, t4, 0xb
x29 <- 0x00001000003FF800

mem[X,0x0000000080000D38] -> 0x8E93
mem[X,0x0000000080000D3A] -> 0x7FFE
[851] [M]: 0x0000000080000D38 (0x7FFE8E93) addi t4, t4, 0x7ff
x29 <- 0x00001000003FFFFF

mem[X,0x0000000080000D3C] -> 0x9E93
mem[X,0x0000000080000D3E] -> 0x00AE
[852] [M]: 0x0000000080000D3C (0x00AE9E93) slli t4, t4, 0xa
x29 <- 0x00400000FFFFFC00

mem[X,0x0000000080000D40] -> 0x8E93
mem[X,0x0000000080000D42] -> 0x3F8E
[853] [M]: 0x0000000080000D40 (0x3F8E8E93) addi t4, t4, 0x3f8
x29 <- 0x00400000FFFFFFF8

mem[X,0x0000000080000D44] -> 0x5FB7
mem[X,0x0000000080000D46] -> 0x5555
[854] [M]: 0x0000000080000D44 (0x55555FB7) lui t6, 0x55555
x31 <- 0x0000000055555000

mem[X,0x0000000080000D48] -> 0x8F93
mem[X,0x0000000080000D4A] -> 0x555F
[855] [M]: 0x0000000080000D48 (0x555F8F93) addi t6, t6, 0x555
x31 <- 0x0000000055555555

mem[X,0x0000000080000D4C] -> 0x9F93
mem[X,0x0000000080000D4E] -> 0x00BF
[856] [M]: 0x0000000080000D4C (0x00BF9F93) slli t6, t6, 0xb
x31 <- 0x000002AAAAAAA800

mem[X,0x0000000080000D50] -> 0x8F93
mem[X,0x0000000080000D52] -> 0x080F
[857] [M]: 0x0000000080000D50 (0x080F8F93) addi t6, t6, 0x80
x31 <- 0x000002AAAAAAA880

mem[X,0x0000000080000D54] -> 0x9F93
mem[X,0x0000000080000D56] -> 0x00BF
[858] [M]: 0x0000000080000D54 (0x00BF9F93) slli t6, t6, 0xb
x31 <- 0x0015555555440000

mem[X,0x0000000080000D58] -> 0x8F93
mem[X,0x0000000080000D5A] -> 0x000F
[859] [M]: 0x0000000080000D58 (0x000F8F93) addi t6, t6, 0x0
x31 <- 0x0015555555440000

mem[X,0x0000000080000D5C] -> 0x9F93
mem[X,0x0000000080000D5E] -> 0x00AF
[860] [M]: 0x0000000080000D5C (0x00AF9F93) slli t6, t6, 0xa
x31 <- 0x5555555510000000

mem[X,0x0000000080000D60] -> 0x1FBB
mem[X,0x0000000080000D62] -> 0xBBDF
[861] [M]: 0x0000000080000D60 (0xBBDF1FBB) pmaccu.w.heo t6, t5, t4
x31 <- 0x5555555510000000

mem[X,0x0000000080000D64] -> 0xBC23
mem[X,0x0000000080000D66] -> 0x01F0
[862] [M]: 0x0000000080000D64 (0x01F0BC23) sd t6, 0x18(ra)
mem[0x0000000080006218] <- 0x5555555510000000

mem[X,0x0000000080000D68] -> 0x0F37
mem[X,0x0000000080000D6A] -> 0xFFFC
[863] [M]: 0x0000000080000D68 (0xFFFC0F37) lui t5, -0x40
x30 <- 0xFFFFFFFFFFFC0000

mem[X,0x0000000080000D6C] -> 0x0F13
mem[X,0x0000000080000D6E] -> 0xFFFF
[864] [M]: 0x0000000080000D6C (0xFFFF0F13) addi t5, t5, -0x1
x30 <- 0xFFFFFFFFFFFBFFFF

mem[X,0x0000000080000D70] -> 0x1F13
mem[X,0x0000000080000D72] -> 0x00BF
[865] [M]: 0x0000000080000D70 (0x00BF1F13) slli t5, t5, 0xb
x30 <- 0xFFFFFFFFDFFFF800

mem[X,0x0000000080000D74] -> 0x0F13
mem[X,0x0000000080000D76] -> 0x000F
[866] [M]: 0x0000000080000D74 (0x000F0F13) addi t5, t5, 0x0
x30 <- 0xFFFFFFFFDFFFF800

mem[X,0x0000000080000D78] -> 0x1F13
mem[X,0x0000000080000D7A] -> 0x00BF
[867] [M]: 0x0000000080000D78 (0x00BF1F13) slli t5, t5, 0xb
x30 <- 0xFFFFFEFFFFC00000

mem[X,0x0000000080000D7C] -> 0x0F13
mem[X,0x0000000080000D7E] -> 0x100F
[868] [M]: 0x0000000080000D7C (0x100F0F13) addi t5, t5, 0x100
x30 <- 0xFFFFFEFFFFC00100

mem[X,0x0000000080000D80] -> 0x1F13
mem[X,0x0000000080000D82] -> 0x00AF
[869] [M]: 0x0000000080000D80 (0x00AF1F13) slli t5, t5, 0xa
x30 <- 0xFFFBFFFF00040000

mem[X,0x0000000080000D84] -> 0x0EB7
mem[X,0x0000000080000D86] -> 0x0000
[870] [M]: 0x0000000080000D84 (0x00000EB7) lui t4, 0x0
x29 <- 0x0000000000000000

mem[X,0x0000000080000D88] -> 0x8E93
mem[X,0x0000000080000D8A] -> 0x020E
[871] [M]: 0x0000000080000D88 (0x020E8E93) addi t4, t4, 0x20
x29 <- 0x0000000000000020

mem[X,0x0000000080000D8C] -> 0x9E93
mem[X,0x0000000080000D8E] -> 0x00BE
[872] [M]: 0x0000000080000D8C (0x00BE9E93) slli t4, t4, 0xb
x29 <- 0x0000000000010000

mem[X,0x0000000080000D90] -> 0x8E93
mem[X,0x0000000080000D92] -> 0x020E
[873] [M]: 0x0000000080000D90 (0x020E8E93) addi t4, t4, 0x20
x29 <- 0x0000000000010020

mem[X,0x0000000080000D94] -> 0x9E93
mem[X,0x0000000080000D96] -> 0x00BE
[874] [M]: 0x0000000080000D94 (0x00BE9E93) slli t4, t4, 0xb
x29 <- 0x0000000008010000

mem[X,0x0000000080000D98] -> 0x8E93
mem[X,0x0000000080000D9A] -> 0x000E
[875] [M]: 0x0000000080000D98 (0x000E8E93) addi t4, t4, 0x0
x29 <- 0x0000000008010000

mem[X,0x0000000080000D9C] -> 0x9E93
mem[X,0x0000000080000D9E] -> 0x00AE
[876] [M]: 0x0000000080000D9C (0x00AE9E93) slli t4, t4, 0xa
x29 <- 0x0000002004000000

mem[X,0x0000000080000DA0] -> 0x0F93
mem[X,0x0000000080000DA2] -> 0x0810
[877] [M]: 0x0000000080000DA0 (0x08100F93) addi t6, zero, 0x81
x31 <- 0x0000000000000081

mem[X,0x0000000080000DA4] -> 0x9F93
mem[X,0x0000000080000DA6] -> 0x01DF
[878] [M]: 0x0000000080000DA4 (0x01DF9F93) slli t6, t6, 0x1d
x31 <- 0x0000001020000000

mem[X,0x0000000080000DA8] -> 0x1FBB
mem[X,0x0000000080000DAA] -> 0xBBDF
[879] [M]: 0x0000000080000DA8 (0xBBDF1FBB) pmaccu.w.heo t6, t5, t4
x31 <- 0x0000001020000000

mem[X,0x0000000080000DAC] -> 0xB023
mem[X,0x0000000080000DAE] -> 0x03F0
[880] [M]: 0x0000000080000DAC (0x03F0B023) sd t6, 0x20(ra)
mem[0x0000000080006220] <- 0x0000001020000000

mem[X,0x0000000080000DB0] -> 0x0F37
mem[X,0x0000000080000DB2] -> 0x0000
[881] [M]: 0x0000000080000DB0 (0x00000F37) lui t5, 0x0
x30 <- 0x0000000000000000

mem[X,0x0000000080000DB4] -> 0x0F13
mem[X,0x0000000080000DB6] -> 0x008F
[882] [M]: 0x0000000080000DB4 (0x008F0F13) addi t5, t5, 0x8
x30 <- 0x0000000000000008

mem[X,0x0000000080000DB8] -> 0x1F13
mem[X,0x0000000080000DBA] -> 0x00BF
[883] [M]: 0x0000000080000DB8 (0x00BF1F13) slli t5, t5, 0xb
x30 <- 0x0000000000004000

mem[X,0x0000000080000DBC] -> 0x0F13
mem[X,0x0000000080000DBE] -> 0x7FFF
[884] [M]: 0x0000000080000DBC (0x7FFF0F13) addi t5, t5, 0x7ff
x30 <- 0x00000000000047FF

mem[X,0x0000000080000DC0] -> 0x1F13
mem[X,0x0000000080000DC2] -> 0x00BF
[885] [M]: 0x0000000080000DC0 (0x00BF1F13) slli t5, t5, 0xb
x30 <- 0x00000000023FF800

mem[X,0x0000000080000DC4] -> 0x0F13
mem[X,0x0000000080000DC6] -> 0x7FFF
[886] [M]: 0x0000000080000DC4 (0x7FFF0F13) addi t5, t5, 0x7ff
x30 <- 0x00000000023FFFFF

mem[X,0x0000000080000DC8] -> 0x1F13
mem[X,0x0000000080000DCA] -> 0x00AF
[887] [M]: 0x0000000080000DC8 (0x00AF1F13) slli t5, t5, 0xa
x30 <- 0x00000008FFFFFC00

mem[X,0x0000000080000DCC] -> 0x0F13
mem[X,0x0000000080000DCE] -> 0x3BFF
[888] [M]: 0x0000000080000DCC (0x3BFF0F13) addi t5, t5, 0x3bf
x30 <- 0x00000008FFFFFFBF

mem[X,0x0000000080000DD0] -> 0x0EB7
mem[X,0x0000000080000DD2] -> 0xE000
[889] [M]: 0x0000000080000DD0 (0xE0000EB7) lui t4, -0x20000
x29 <- 0xFFFFFFFFE0000000

mem[X,0x0000000080000DD4] -> 0x8E93
mem[X,0x0000000080000DD6] -> 0xFFFE
[890] [M]: 0x0000000080000DD4 (0xFFFE8E93) addi t4, t4, -0x1
x29 <- 0xFFFFFFFFDFFFFFFF

mem[X,0x0000000080000DD8] -> 0x9E93
mem[X,0x0000000080000DDA] -> 0x00BE
[891] [M]: 0x0000000080000DD8 (0x00BE9E93) slli t4, t4, 0xb
x29 <- 0xFFFFFEFFFFFFF800

mem[X,0x0000000080000DDC] -> 0x8E93
mem[X,0x0000000080000DDE] -> 0x7FEE
[892] [M]: 0x0000000080000DDC (0x7FEE8E93) addi t4, t4, 0x7fe
x29 <- 0xFFFFFEFFFFFFFFFE

mem[X,0x0000000080000DE0] -> 0x9E93
mem[X,0x0000000080000DE2] -> 0x00BE
[893] [M]: 0x0000000080000DE0 (0x00BE9E93) slli t4, t4, 0xb
x29 <- 0xFFF7FFFFFFFFF000

mem[X,0x0000000080000DE4] -> 0x8E93
mem[X,0x0000000080000DE6] -> 0x7FFE
[894] [M]: 0x0000000080000DE4 (0x7FFE8E93) addi t4, t4, 0x7ff
x29 <- 0xFFF7FFFFFFFFF7FF

mem[X,0x0000000080000DE8] -> 0x9E93
mem[X,0x0000000080000DEA] -> 0x00AE
[895] [M]: 0x0000000080000DE8 (0x00AE9E93) slli t4, t4, 0xa
x29 <- 0xDFFFFFFFFFDFFC00

mem[X,0x0000000080000DEC] -> 0x8E93
mem[X,0x0000000080000DEE] -> 0x3FFE
[896] [M]: 0x0000000080000DEC (0x3FFE8E93) addi t4, t4, 0x3ff
x29 <- 0xDFFFFFFFFFDFFFFF

mem[X,0x0000000080000DF0] -> 0x8FB7
mem[X,0x0000000080000DF2] -> 0xFFFF
[897] [M]: 0x0000000080000DF0 (0xFFFF8FB7) lui t6, -0x8
x31 <- 0xFFFFFFFFFFFF8000

mem[X,0x0000000080000DF4] -> 0x8F93
mem[X,0x0000000080000DF6] -> 0xFFFF
[898] [M]: 0x0000000080000DF4 (0xFFFF8F93) addi t6, t6, -0x1
x31 <- 0xFFFFFFFFFFFF7FFF

mem[X,0x0000000080000DF8] -> 0x9F93
mem[X,0x0000000080000DFA] -> 0x00BF
[899] [M]: 0x0000000080000DF8 (0x00BF9F93) slli t6, t6, 0xb
x31 <- 0xFFFFFFFFFBFFF800

clint::tick mtime <- 0x0000000000000009
 clint timer pending at mtime 0x0000000000000009
htif::tick 0x0000000000000000
mem[X,0x0000000080000DFC] -> 0x8F93
mem[X,0x0000000080000DFE] -> 0x200F
[900] [M]: 0x0000000080000DFC (0x200F8F93) addi t6, t6, 0x200
x31 <- 0xFFFFFFFFFBFFFA00

mem[X,0x0000000080000E00] -> 0x9F93
mem[X,0x0000000080000E02] -> 0x00BF
[901] [M]: 0x0000000080000E00 (0x00BF9F93) slli t6, t6, 0xb
x31 <- 0xFFFFFFDFFFD00000

mem[X,0x0000000080000E04] -> 0x8F93
mem[X,0x0000000080000E06] -> 0x000F
[902] [M]: 0x0000000080000E04 (0x000F8F93) addi t6, t6, 0x0
x31 <- 0xFFFFFFDFFFD00000

mem[X,0x0000000080000E08] -> 0x9F93
mem[X,0x0000000080000E0A] -> 0x00AF
[903] [M]: 0x0000000080000E08 (0x00AF9F93) slli t6, t6, 0xa
x31 <- 0xFFFF7FFF40000000

mem[X,0x0000000080000E0C] -> 0x1FBB
mem[X,0x0000000080000E0E] -> 0xBBDF
[904] [M]: 0x0000000080000E0C (0xBBDF1FBB) pmaccu.w.heo t6, t5, t4
x31 <- 0x00003E404000BE41

mem[X,0x0000000080000E10] -> 0xB423
mem[X,0x0000000080000E12] -> 0x03F0
[905] [M]: 0x0000000080000E10 (0x03F0B423) sd t6, 0x28(ra)
mem[0x0000000080006228] <- 0x00003E404000BE41

mem[X,0x0000000080000E14] -> 0x0F37
mem[X,0x0000000080000E16] -> 0xC000
[906] [M]: 0x0000000080000E14 (0xC0000F37) lui t5, -0x40000
x30 <- 0xFFFFFFFFC0000000

mem[X,0x0000000080000E18] -> 0x0F13
mem[X,0x0000000080000E1A] -> 0x000F
[907] [M]: 0x0000000080000E18 (0x000F0F13) addi t5, t5, 0x0
x30 <- 0xFFFFFFFFC0000000

mem[X,0x0000000080000E1C] -> 0x1F13
mem[X,0x0000000080000E1E] -> 0x00BF
[908] [M]: 0x0000000080000E1C (0x00BF1F13) slli t5, t5, 0xb
x30 <- 0xFFFFFE0000000000

mem[X,0x0000000080000E20] -> 0x0F13
mem[X,0x0000000080000E22] -> 0x6FFF
[909] [M]: 0x0000000080000E20 (0x6FFF0F13) addi t5, t5, 0x6ff
x30 <- 0xFFFFFE00000006FF

mem[X,0x0000000080000E24] -> 0x1F13
mem[X,0x0000000080000E26] -> 0x00BF
[910] [M]: 0x0000000080000E24 (0x00BF1F13) slli t5, t5, 0xb
x30 <- 0xFFF000000037F800

mem[X,0x0000000080000E28] -> 0x0F13
mem[X,0x0000000080000E2A] -> 0x7FFF
[911] [M]: 0x0000000080000E28 (0x7FFF0F13) addi t5, t5, 0x7ff
x30 <- 0xFFF000000037FFFF

mem[X,0x0000000080000E2C] -> 0x1F13
mem[X,0x0000000080000E2E] -> 0x00AF
[912] [M]: 0x0000000080000E2C (0x00AF1F13) slli t5, t5, 0xa
x30 <- 0xC0000000DFFFFC00

mem[X,0x0000000080000E30] -> 0x0F13
mem[X,0x0000000080000E32] -> 0x3FFF
[913] [M]: 0x0000000080000E30 (0x3FFF0F13) addi t5, t5, 0x3ff
x30 <- 0xC0000000DFFFFFFF

mem[X,0x0000000080000E34] -> 0x0EB7
mem[X,0x0000000080000E36] -> 0x0020
[914] [M]: 0x0000000080000E34 (0x00200EB7) lui t4, 0x200
x29 <- 0x0000000000200000

mem[X,0x0000000080000E38] -> 0x8E93
mem[X,0x0000000080000E3A] -> 0x000E
[915] [M]: 0x0000000080000E38 (0x000E8E93) addi t4, t4, 0x0
x29 <- 0x0000000000200000

mem[X,0x0000000080000E3C] -> 0x9E93
mem[X,0x0000000080000E3E] -> 0x00BE
[916] [M]: 0x0000000080000E3C (0x00BE9E93) slli t4, t4, 0xb
x29 <- 0x0000000100000000

mem[X,0x0000000080000E40] -> 0x8E93
mem[X,0x0000000080000E42] -> 0x000E
[917] [M]: 0x0000000080000E40 (0x000E8E93) addi t4, t4, 0x0
x29 <- 0x0000000100000000

mem[X,0x0000000080000E44] -> 0x9E93
mem[X,0x0000000080000E46] -> 0x00BE
[918] [M]: 0x0000000080000E44 (0x00BE9E93) slli t4, t4, 0xb
x29 <- 0x0000080000000000

mem[X,0x0000000080000E48] -> 0x8E93
mem[X,0x0000000080000E4A] -> 0x000E
[919] [M]: 0x0000000080000E48 (0x000E8E93) addi t4, t4, 0x0
x29 <- 0x0000080000000000

mem[X,0x0000000080000E4C] -> 0x9E93
mem[X,0x0000000080000E4E] -> 0x00AE
[920] [M]: 0x0000000080000E4C (0x00AE9E93) slli t4, t4, 0xa
x29 <- 0x0020000000000000

mem[X,0x0000000080000E50] -> 0x8E93
mem[X,0x0000000080000E52] -> 0x005E
[921] [M]: 0x0000000080000E50 (0x005E8E93) addi t4, t4, 0x5
x29 <- 0x0020000000000005

mem[X,0x0000000080000E54] -> 0x0FB7
mem[X,0x0000000080000E56] -> 0x0000
[922] [M]: 0x0000000080000E54 (0x00000FB7) lui t6, 0x0
x31 <- 0x0000000000000000

mem[X,0x0000000080000E58] -> 0x8F93
mem[X,0x0000000080000E5A] -> 0x006F
[923] [M]: 0x0000000080000E58 (0x006F8F93) addi t6, t6, 0x6
x31 <- 0x0000000000000006

mem[X,0x0000000080000E5C] -> 0x9F93
mem[X,0x0000000080000E5E] -> 0x00BF
[924] [M]: 0x0000000080000E5C (0x00BF9F93) slli t6, t6, 0xb
x31 <- 0x0000000000003000

mem[X,0x0000000080000E60] -> 0x8F93
mem[X,0x0000000080000E62] -> 0x7FFF
[925] [M]: 0x0000000080000E60 (0x7FFF8F93) addi t6, t6, 0x7ff
x31 <- 0x00000000000037FF

mem[X,0x0000000080000E64] -> 0x9F93
mem[X,0x0000000080000E66] -> 0x00BF
[926] [M]: 0x0000000080000E64 (0x00BF9F93) slli t6, t6, 0xb
x31 <- 0x0000000001BFF800

mem[X,0x0000000080000E68] -> 0x8F93
mem[X,0x0000000080000E6A] -> 0x7FFF
[927] [M]: 0x0000000080000E68 (0x7FFF8F93) addi t6, t6, 0x7ff
x31 <- 0x0000000001BFFFFF

mem[X,0x0000000080000E6C] -> 0x9F93
mem[X,0x0000000080000E6E] -> 0x00AF
[928] [M]: 0x0000000080000E6C (0x00AF9F93) slli t6, t6, 0xa
x31 <- 0x00000006FFFFFC00

mem[X,0x0000000080000E70] -> 0x8F93
mem[X,0x0000000080000E72] -> 0x3FEF
[929] [M]: 0x0000000080000E70 (0x3FEF8F93) addi t6, t6, 0x3fe
x31 <- 0x00000006FFFFFFFE

mem[X,0x0000000080000E74] -> 0x1FBB
mem[X,0x0000000080000E76] -> 0xBBDF
[930] [M]: 0x0000000080000E74 (0xBBDF1FBB) pmaccu.w.heo t6, t5, t4
x31 <- 0x00000006FFFFFFFE

mem[X,0x0000000080000E78] -> 0xB823
mem[X,0x0000000080000E7A] -> 0x03F0
[931] [M]: 0x0000000080000E78 (0x03F0B823) sd t6, 0x30(ra)
mem[0x0000000080006230] <- 0x00000006FFFFFFFE

mem[X,0x0000000080000E7C] -> 0x0F37
mem[X,0x0000000080000E7E] -> 0xF800
[932] [M]: 0x0000000080000E7C (0xF8000F37) lui t5, -0x8000
x30 <- 0xFFFFFFFFF8000000

mem[X,0x0000000080000E80] -> 0x0F13
mem[X,0x0000000080000E82] -> 0xFFFF
[933] [M]: 0x0000000080000E80 (0xFFFF0F13) addi t5, t5, -0x1
x30 <- 0xFFFFFFFFF7FFFFFF

mem[X,0x0000000080000E84] -> 0x1F13
mem[X,0x0000000080000E86] -> 0x00BF
[934] [M]: 0x0000000080000E84 (0x00BF1F13) slli t5, t5, 0xb
x30 <- 0xFFFFFFBFFFFFF800

mem[X,0x0000000080000E88] -> 0x0F13
mem[X,0x0000000080000E8A] -> 0x000F
[935] [M]: 0x0000000080000E88 (0x000F0F13) addi t5, t5, 0x0
x30 <- 0xFFFFFFBFFFFFF800

mem[X,0x0000000080000E8C] -> 0x1F13
mem[X,0x0000000080000E8E] -> 0x00BF
[936] [M]: 0x0000000080000E8C (0x00BF1F13) slli t5, t5, 0xb
x30 <- 0xFFFDFFFFFFC00000

mem[X,0x0000000080000E90] -> 0x0F13
mem[X,0x0000000080000E92] -> 0x000F
[937] [M]: 0x0000000080000E90 (0x000F0F13) addi t5, t5, 0x0
x30 <- 0xFFFDFFFFFFC00000

mem[X,0x0000000080000E94] -> 0x1F13
mem[X,0x0000000080000E96] -> 0x00AF
[938] [M]: 0x0000000080000E94 (0x00AF1F13) slli t5, t5, 0xa
x30 <- 0xF7FFFFFF00000000

mem[X,0x0000000080000E98] -> 0x0EB7
mem[X,0x0000000080000E9A] -> 0x0000
[939] [M]: 0x0000000080000E98 (0x00000EB7) lui t4, 0x0
x29 <- 0x0000000000000000

mem[X,0x0000000080000E9C] -> 0x8E93
mem[X,0x0000000080000E9E] -> 0xFF9E
[940] [M]: 0x0000000080000E9C (0xFF9E8E93) addi t4, t4, -0x7
x29 <- 0xFFFFFFFFFFFFFFF9

mem[X,0x0000000080000EA0] -> 0x9E93
mem[X,0x0000000080000EA2] -> 0x00BE
[941] [M]: 0x0000000080000EA0 (0x00BE9E93) slli t4, t4, 0xb
x29 <- 0xFFFFFFFFFFFFC800

mem[X,0x0000000080000EA4] -> 0x8E93
mem[X,0x0000000080000EA6] -> 0x000E
[942] [M]: 0x0000000080000EA4 (0x000E8E93) addi t4, t4, 0x0
x29 <- 0xFFFFFFFFFFFFC800

mem[X,0x0000000080000EA8] -> 0x9E93
mem[X,0x0000000080000EAA] -> 0x00BE
[943] [M]: 0x0000000080000EA8 (0x00BE9E93) slli t4, t4, 0xb
x29 <- 0xFFFFFFFFFE400000

mem[X,0x0000000080000EAC] -> 0x8E93
mem[X,0x0000000080000EAE] -> 0x020E
[944] [M]: 0x0000000080000EAC (0x020E8E93) addi t4, t4, 0x20
x29 <- 0xFFFFFFFFFE400020

mem[X,0x0000000080000EB0] -> 0x9E93
mem[X,0x0000000080000EB2] -> 0x00AE
[945] [M]: 0x0000000080000EB0 (0x00AE9E93) slli t4, t4, 0xa
x29 <- 0xFFFFFFF900008000

mem[X,0x0000000080000EB4] -> 0x0FB7
mem[X,0x0000000080000EB6] -> 0x0000
[946] [M]: 0x0000000080000EB4 (0x00000FB7) lui t6, 0x0
x31 <- 0x0000000000000000

mem[X,0x0000000080000EB8] -> 0x8F93
mem[X,0x0000000080000EBA] -> 0x100F
[947] [M]: 0x0000000080000EB8 (0x100F8F93) addi t6, t6, 0x100
x31 <- 0x0000000000000100

mem[X,0x0000000080000EBC] -> 0x9F93
mem[X,0x0000000080000EBE] -> 0x00BF
[948] [M]: 0x0000000080000EBC (0x00BF9F93) slli t6, t6, 0xb
x31 <- 0x0000000000080000

mem[X,0x0000000080000EC0] -> 0x8F93
mem[X,0x0000000080000EC2] -> 0x7FFF
[949] [M]: 0x0000000080000EC0 (0x7FFF8F93) addi t6, t6, 0x7ff
x31 <- 0x00000000000807FF

mem[X,0x0000000080000EC4] -> 0x9F93
mem[X,0x0000000080000EC6] -> 0x00BF
[950] [M]: 0x0000000080000EC4 (0x00BF9F93) slli t6, t6, 0xb
x31 <- 0x00000000403FF800

mem[X,0x0000000080000EC8] -> 0x8F93
mem[X,0x0000000080000ECA] -> 0x7FFF
[951] [M]: 0x0000000080000EC8 (0x7FFF8F93) addi t6, t6, 0x7ff
x31 <- 0x00000000403FFFFF

mem[X,0x0000000080000ECC] -> 0x9F93
mem[X,0x0000000080000ECE] -> 0x00AF
[952] [M]: 0x0000000080000ECC (0x00AF9F93) slli t6, t6, 0xa
x31 <- 0x00000100FFFFFC00

mem[X,0x0000000080000ED0] -> 0x8F93
mem[X,0x0000000080000ED2] -> 0x3FDF
[953] [M]: 0x0000000080000ED0 (0x3FDF8F93) addi t6, t6, 0x3fd
x31 <- 0x00000100FFFFFFFD

mem[X,0x0000000080000ED4] -> 0x1FBB
mem[X,0x0000000080000ED6] -> 0xBBDF
[954] [M]: 0x0000000080000ED4 (0xBBDF1FBB) pmaccu.w.heo t6, t5, t4
x31 <- 0x00000100FFFFFFFD

mem[X,0x0000000080000ED8] -> 0xBC23
mem[X,0x0000000080000EDA] -> 0x03F0
[955] [M]: 0x0000000080000ED8 (0x03F0BC23) sd t6, 0x38(ra)
mem[0x0000000080006238] <- 0x00000100FFFFFFFD

mem[X,0x0000000080000EDC] -> 0x0F37
mem[X,0x0000000080000EDE] -> 0x0000
[956] [M]: 0x0000000080000EDC (0x00000F37) lui t5, 0x0
x30 <- 0x0000000000000000

mem[X,0x0000000080000EE0] -> 0x0F13
mem[X,0x0000000080000EE2] -> 0x009F
[957] [M]: 0x0000000080000EE0 (0x009F0F13) addi t5, t5, 0x9
x30 <- 0x0000000000000009

mem[X,0x0000000080000EE4] -> 0x1F13
mem[X,0x0000000080000EE6] -> 0x00BF
[958] [M]: 0x0000000080000EE4 (0x00BF1F13) slli t5, t5, 0xb
x30 <- 0x0000000000004800

mem[X,0x0000000080000EE8] -> 0x0F13
mem[X,0x0000000080000EEA] -> 0x000F
[959] [M]: 0x0000000080000EE8 (0x000F0F13) addi t5, t5, 0x0
x30 <- 0x0000000000004800

mem[X,0x0000000080000EEC] -> 0x1F13
mem[X,0x0000000080000EEE] -> 0x00BF
[960] [M]: 0x0000000080000EEC (0x00BF1F13) slli t5, t5, 0xb
x30 <- 0x0000000002400000

mem[X,0x0000000080000EF0] -> 0x0F13
mem[X,0x0000000080000EF2] -> 0x000F
[961] [M]: 0x0000000080000EF0 (0x000F0F13) addi t5, t5, 0x0
x30 <- 0x0000000002400000

mem[X,0x0000000080000EF4] -> 0x1F13
mem[X,0x0000000080000EF6] -> 0x00AF
[962] [M]: 0x0000000080000EF4 (0x00AF1F13) slli t5, t5, 0xa
x30 <- 0x0000000900000000

mem[X,0x0000000080000EF8] -> 0x0F13
mem[X,0x0000000080000EFA] -> 0x001F
[963] [M]: 0x0000000080000EF8 (0x001F0F13) addi t5, t5, 0x1
x30 <- 0x0000000900000001

mem[X,0x0000000080000EFC] -> 0x0EB7
mem[X,0x0000000080000EFE] -> 0x0000
[964] [M]: 0x0000000080000EFC (0x00000EB7) lui t4, 0x0
x29 <- 0x0000000000000000

mem[X,0x0000000080000F00] -> 0x8E93
mem[X,0x0000000080000F02] -> 0xDFFE
[965] [M]: 0x0000000080000F00 (0xDFFE8E93) addi t4, t4, -0x201
x29 <- 0xFFFFFFFFFFFFFDFF

mem[X,0x0000000080000F04] -> 0x9E93
mem[X,0x0000000080000F06] -> 0x00BE
[966] [M]: 0x0000000080000F04 (0x00BE9E93) slli t4, t4, 0xb
x29 <- 0xFFFFFFFFFFEFF800

mem[X,0x0000000080000F08] -> 0x8E93
mem[X,0x0000000080000F0A] -> 0x000E
[967] [M]: 0x0000000080000F08 (0x000E8E93) addi t4, t4, 0x0
x29 <- 0xFFFFFFFFFFEFF800

mem[X,0x0000000080000F0C] -> 0x9E93
mem[X,0x0000000080000F0E] -> 0x00BE
[968] [M]: 0x0000000080000F0C (0x00BE9E93) slli t4, t4, 0xb
x29 <- 0xFFFFFFFF7FC00000

mem[X,0x0000000080000F10] -> 0x8E93
mem[X,0x0000000080000F12] -> 0x020E
[969] [M]: 0x0000000080000F10 (0x020E8E93) addi t4, t4, 0x20
x29 <- 0xFFFFFFFF7FC00020

mem[X,0x0000000080000F14] -> 0x9E93
mem[X,0x0000000080000F16] -> 0x00AE
[970] [M]: 0x0000000080000F14 (0x00AE9E93) slli t4, t4, 0xa
x29 <- 0xFFFFFDFF00008000

mem[X,0x0000000080000F18] -> 0x0FB7
mem[X,0x0000000080000F1A] -> 0x0000
[971] [M]: 0x0000000080000F18 (0x00000FB7) lui t6, 0x0
x31 <- 0x0000000000000000

mem[X,0x0000000080000F1C] -> 0x8F93
mem[X,0x0000000080000F1E] -> 0xDFFF
[972] [M]: 0x0000000080000F1C (0xDFFF8F93) addi t6, t6, -0x201
x31 <- 0xFFFFFFFFFFFFFDFF

mem[X,0x0000000080000F20] -> 0x9F93
mem[X,0x0000000080000F22] -> 0x00BF
[973] [M]: 0x0000000080000F20 (0x00BF9F93) slli t6, t6, 0xb
x31 <- 0xFFFFFFFFFFEFF800

mem[X,0x0000000080000F24] -> 0x8F93
mem[X,0x0000000080000F26] -> 0x7FFF
[974] [M]: 0x0000000080000F24 (0x7FFF8F93) addi t6, t6, 0x7ff
x31 <- 0xFFFFFFFFFFEFFFFF

mem[X,0x0000000080000F28] -> 0x9F93
mem[X,0x0000000080000F2A] -> 0x00BF
[975] [M]: 0x0000000080000F28 (0x00BF9F93) slli t6, t6, 0xb
x31 <- 0xFFFFFFFF7FFFF800

mem[X,0x0000000080000F2C] -> 0x8F93
mem[X,0x0000000080000F2E] -> 0x7FFF
[976] [M]: 0x0000000080000F2C (0x7FFF8F93) addi t6, t6, 0x7ff
x31 <- 0xFFFFFFFF7FFFFFFF

mem[X,0x0000000080000F30] -> 0x9F93
mem[X,0x0000000080000F32] -> 0x00AF
[977] [M]: 0x0000000080000F30 (0x00AF9F93) slli t6, t6, 0xa
x31 <- 0xFFFFFDFFFFFFFC00

mem[X,0x0000000080000F34] -> 0x8F93
mem[X,0x0000000080000F36] -> 0x3FBF
[978] [M]: 0x0000000080000F34 (0x3FBF8F93) addi t6, t6, 0x3fb
x31 <- 0xFFFFFDFFFFFFFFFB

mem[X,0x0000000080000F38] -> 0x1FBB
mem[X,0x0000000080000F3A] -> 0xBBDF
[979] [M]: 0x0000000080000F38 (0xBBDF1FBB) pmaccu.w.heo t6, t5, t4
x31 <- 0xFFFFFE7F0000007B

mem[X,0x0000000080000F3C] -> 0xB023
mem[X,0x0000000080000F3E] -> 0x05F0
[980] [M]: 0x0000000080000F3C (0x05F0B023) sd t6, 0x40(ra)
mem[0x0000000080006240] <- 0xFFFFFE7F0000007B

mem[X,0x0000000080000F40] -> 0x0F37
mem[X,0x0000000080000F42] -> 0xF000
[981] [M]: 0x0000000080000F40 (0xF0000F37) lui t5, -0x10000
x30 <- 0xFFFFFFFFF0000000

mem[X,0x0000000080000F44] -> 0x0F13
mem[X,0x0000000080000F46] -> 0xFFFF
[982] [M]: 0x0000000080000F44 (0xFFFF0F13) addi t5, t5, -0x1
x30 <- 0xFFFFFFFFEFFFFFFF

mem[X,0x0000000080000F48] -> 0x1F13
mem[X,0x0000000080000F4A] -> 0x00BF
[983] [M]: 0x0000000080000F48 (0x00BF1F13) slli t5, t5, 0xb
x30 <- 0xFFFFFF7FFFFFF800

mem[X,0x0000000080000F4C] -> 0x0F13
mem[X,0x0000000080000F4E] -> 0x040F
[984] [M]: 0x0000000080000F4C (0x040F0F13) addi t5, t5, 0x40
x30 <- 0xFFFFFF7FFFFFF840

mem[X,0x0000000080000F50] -> 0x1F13
mem[X,0x0000000080000F52] -> 0x00BF
[985] [M]: 0x0000000080000F50 (0x00BF1F13) slli t5, t5, 0xb
x30 <- 0xFFFBFFFFFFC20000

mem[X,0x0000000080000F54] -> 0x0F13
mem[X,0x0000000080000F56] -> 0x000F
[986] [M]: 0x0000000080000F54 (0x000F0F13) addi t5, t5, 0x0
x30 <- 0xFFFBFFFFFFC20000

mem[X,0x0000000080000F58] -> 0x1F13
mem[X,0x0000000080000F5A] -> 0x00AF
[987] [M]: 0x0000000080000F58 (0x00AF1F13) slli t5, t5, 0xa
x30 <- 0xEFFFFFFF08000000

mem[X,0x0000000080000F5C] -> 0x0EB7
mem[X,0x0000000080000F5E] -> 0x0000
[988] [M]: 0x0000000080000F5C (0x00000EB7) lui t4, 0x0
x29 <- 0x0000000000000000

mem[X,0x0000000080000F60] -> 0x8E93
mem[X,0x0000000080000F62] -> 0xFDFE
[989] [M]: 0x0000000080000F60 (0xFDFE8E93) addi t4, t4, -0x21
x29 <- 0xFFFFFFFFFFFFFFDF

mem[X,0x0000000080000F64] -> 0x9E93
mem[X,0x0000000080000F66] -> 0x00BE
[990] [M]: 0x0000000080000F64 (0x00BE9E93) slli t4, t4, 0xb
x29 <- 0xFFFFFFFFFFFEF800

mem[X,0x0000000080000F68] -> 0x8E93
mem[X,0x0000000080000F6A] -> 0x6FFE
[991] [M]: 0x0000000080000F68 (0x6FFE8E93) addi t4, t4, 0x6ff
x29 <- 0xFFFFFFFFFFFEFEFF

mem[X,0x0000000080000F6C] -> 0x9E93
mem[X,0x0000000080000F6E] -> 0x00BE
[992] [M]: 0x0000000080000F6C (0x00BE9E93) slli t4, t4, 0xb
x29 <- 0xFFFFFFFFF7F7F800

mem[X,0x0000000080000F70] -> 0x8E93
mem[X,0x0000000080000F72] -> 0x7FFE
[993] [M]: 0x0000000080000F70 (0x7FFE8E93) addi t4, t4, 0x7ff
x29 <- 0xFFFFFFFFF7F7FFFF

mem[X,0x0000000080000F74] -> 0x9E93
mem[X,0x0000000080000F76] -> 0x00AE
[994] [M]: 0x0000000080000F74 (0x00AE9E93) slli t4, t4, 0xa
x29 <- 0xFFFFFFDFDFFFFC00

mem[X,0x0000000080000F78] -> 0x8E93
mem[X,0x0000000080000F7A] -> 0x3FFE
[995] [M]: 0x0000000080000F78 (0x3FFE8E93) addi t4, t4, 0x3ff
x29 <- 0xFFFFFFDFDFFFFFFF

mem[X,0x0000000080000F7C] -> 0x0FB7
mem[X,0x0000000080000F7E] -> 0x0000
[996] [M]: 0x0000000080000F7C (0x00000FB7) lui t6, 0x0
x31 <- 0x0000000000000000

mem[X,0x0000000080000F80] -> 0x8F93
mem[X,0x0000000080000F82] -> 0xEFFF
[997] [M]: 0x0000000080000F80 (0xEFFF8F93) addi t6, t6, -0x101
x31 <- 0xFFFFFFFFFFFFFEFF

mem[X,0x0000000080000F84] -> 0x9F93
mem[X,0x0000000080000F86] -> 0x00BF
[998] [M]: 0x0000000080000F84 (0x00BF9F93) slli t6, t6, 0xb
x31 <- 0xFFFFFFFFFFF7F800

mem[X,0x0000000080000F88] -> 0x8F93
mem[X,0x0000000080000F8A] -> 0x7FFF
[999] [M]: 0x0000000080000F88 (0x7FFF8F93) addi t6, t6, 0x7ff
x31 <- 0xFFFFFFFFFFF7FFFF

clint::tick mtime <- 0x000000000000000A
 clint timer pending at mtime 0x000000000000000A
htif::tick 0x0000000000000000
mem[X,0x0000000080000F8C] -> 0x9F93
mem[X,0x0000000080000F8E] -> 0x00BF
[1000] [M]: 0x0000000080000F8C (0x00BF9F93) slli t6, t6, 0xb
x31 <- 0xFFFFFFFFBFFFF800

mem[X,0x0000000080000F90] -> 0x8F93
mem[X,0x0000000080000F92] -> 0x7FFF
[1001] [M]: 0x0000000080000F90 (0x7FFF8F93) addi t6, t6, 0x7ff
x31 <- 0xFFFFFFFFBFFFFFFF

mem[X,0x0000000080000F94] -> 0x9F93
mem[X,0x0000000080000F96] -> 0x00AF
[1002] [M]: 0x0000000080000F94 (0x00AF9F93) slli t6, t6, 0xa
x31 <- 0xFFFFFEFFFFFFFC00

mem[X,0x0000000080000F98] -> 0x8F93
mem[X,0x0000000080000F9A] -> 0x3F7F
[1003] [M]: 0x0000000080000F98 (0x3F7F8F93) addi t6, t6, 0x3f7
x31 <- 0xFFFFFEFFFFFFFFF7

mem[X,0x0000000080000F9C] -> 0x1FBB
mem[X,0x0000000080000F9E] -> 0xBBDF
[1004] [M]: 0x0000000080000F9C (0xBBDF1FBB) pmaccu.w.heo t6, t5, t4
x31 <- 0xFFFFFEFFFFFFFFF7

mem[X,0x0000000080000FA0] -> 0xB423
mem[X,0x0000000080000FA2] -> 0x05F0
[1005] [M]: 0x0000000080000FA0 (0x05F0B423) sd t6, 0x48(ra)
mem[0x0000000080006248] <- 0xFFFFFEFFFFFFFFF7

mem[X,0x0000000080000FA4] -> 0x4F37
mem[X,0x0000000080000FA6] -> 0x0000
[1006] [M]: 0x0000000080000FA4 (0x00004F37) lui t5, 0x4
x30 <- 0x0000000000004000

mem[X,0x0000000080000FA8] -> 0x0F13
mem[X,0x0000000080000FAA] -> 0x001F
[1007] [M]: 0x0000000080000FA8 (0x001F0F13) addi t5, t5, 0x1
x30 <- 0x0000000000004001

mem[X,0x0000000080000FAC] -> 0x1F13
mem[X,0x0000000080000FAE] -> 0x019F
[1008] [M]: 0x0000000080000FAC (0x019F1F13) slli t5, t5, 0x19
x30 <- 0x0000008002000000

mem[X,0x0000000080000FB0] -> 0x0EB7
mem[X,0x0000000080000FB2] -> 0xFFF0
[1009] [M]: 0x0000000080000FB0 (0xFFF00EB7) lui t4, -0x100
x29 <- 0xFFFFFFFFFFF00000

mem[X,0x0000000080000FB4] -> 0x8E93
mem[X,0x0000000080000FB6] -> 0xFFFE
[1010] [M]: 0x0000000080000FB4 (0xFFFE8E93) addi t4, t4, -0x1
x29 <- 0xFFFFFFFFFFEFFFFF

mem[X,0x0000000080000FB8] -> 0x9E93
mem[X,0x0000000080000FBA] -> 0x00BE
[1011] [M]: 0x0000000080000FB8 (0x00BE9E93) slli t4, t4, 0xb
x29 <- 0xFFFFFFFF7FFFF800

mem[X,0x0000000080000FBC] -> 0x8E93
mem[X,0x0000000080000FBE] -> 0x7FFE
[1012] [M]: 0x0000000080000FBC (0x7FFE8E93) addi t4, t4, 0x7ff
x29 <- 0xFFFFFFFF7FFFFFFF

mem[X,0x0000000080000FC0] -> 0x9E93
mem[X,0x0000000080000FC2] -> 0x00BE
[1013] [M]: 0x0000000080000FC0 (0x00BE9E93) slli t4, t4, 0xb
x29 <- 0xFFFFFBFFFFFFF800

mem[X,0x0000000080000FC4] -> 0x8E93
mem[X,0x0000000080000FC6] -> 0x7DFE
[1014] [M]: 0x0000000080000FC4 (0x7DFE8E93) addi t4, t4, 0x7df
x29 <- 0xFFFFFBFFFFFFFFDF

mem[X,0x0000000080000FC8] -> 0x9E93
mem[X,0x0000000080000FCA] -> 0x00AE
[1015] [M]: 0x0000000080000FC8 (0x00AE9E93) slli t4, t4, 0xa
x29 <- 0xFFEFFFFFFFFF7C00

mem[X,0x0000000080000FCC] -> 0x8E93
mem[X,0x0000000080000FCE] -> 0x3FFE
[1016] [M]: 0x0000000080000FCC (0x3FFE8E93) addi t4, t4, 0x3ff
x29 <- 0xFFEFFFFFFFFF7FFF

mem[X,0x0000000080000FD0] -> 0x0FB7
mem[X,0x0000000080000FD2] -> 0xF800
[1017] [M]: 0x0000000080000FD0 (0xF8000FB7) lui t6, -0x8000
x31 <- 0xFFFFFFFFF8000000

mem[X,0x0000000080000FD4] -> 0x8F93
mem[X,0x0000000080000FD6] -> 0xFFFF
[1018] [M]: 0x0000000080000FD4 (0xFFFF8F93) addi t6, t6, -0x1
x31 <- 0xFFFFFFFFF7FFFFFF

mem[X,0x0000000080000FD8] -> 0x9F93
mem[X,0x0000000080000FDA] -> 0x00BF
[1019] [M]: 0x0000000080000FD8 (0x00BF9F93) slli t6, t6, 0xb
x31 <- 0xFFFFFFBFFFFFF800

mem[X,0x0000000080000FDC] -> 0x8F93
mem[X,0x0000000080000FDE] -> 0x7FFF
[1020] [M]: 0x0000000080000FDC (0x7FFF8F93) addi t6, t6, 0x7ff
x31 <- 0xFFFFFFBFFFFFFFFF

mem[X,0x0000000080000FE0] -> 0x9F93
mem[X,0x0000000080000FE2] -> 0x00BF
[1021] [M]: 0x0000000080000FE0 (0x00BF9F93) slli t6, t6, 0xb
x31 <- 0xFFFDFFFFFFFFF800

mem[X,0x0000000080000FE4] -> 0x8F93
mem[X,0x0000000080000FE6] -> 0x7FFF
[1022] [M]: 0x0000000080000FE4 (0x7FFF8F93) addi t6, t6, 0x7ff
x31 <- 0xFFFDFFFFFFFFFFFF

mem[X,0x0000000080000FE8] -> 0x9F93
mem[X,0x0000000080000FEA] -> 0x00AF
[1023] [M]: 0x0000000080000FE8 (0x00AF9F93) slli t6, t6, 0xa
x31 <- 0xF7FFFFFFFFFFFC00

mem[X,0x0000000080000FEC] -> 0x8F93
mem[X,0x0000000080000FEE] -> 0x3EFF
[1024] [M]: 0x0000000080000FEC (0x3EFF8F93) addi t6, t6, 0x3ef
x31 <- 0xF7FFFFFFFFFFFFEF

mem[X,0x0000000080000FF0] -> 0x1FBB
mem[X,0x0000000080000FF2] -> 0xBBDF
[1025] [M]: 0x0000000080000FF0 (0xBBDF1FBB) pmaccu.w.heo t6, t5, t4
x31 <- 0xF7FFFFFFFFFFFFEF

mem[X,0x0000000080000FF4] -> 0xB823
mem[X,0x0000000080000FF6] -> 0x05F0
[1026] [M]: 0x0000000080000FF4 (0x05F0B823) sd t6, 0x50(ra)
mem[0x0000000080006250] <- 0xF7FFFFFFFFFFFFEF

mem[X,0x0000000080000FF8] -> 0x4F37
mem[X,0x0000000080000FFA] -> 0x0000
[1027] [M]: 0x0000000080000FF8 (0x00004F37) lui t5, 0x4
x30 <- 0x0000000000004000

mem[X,0x0000000080000FFC] -> 0x0F13
mem[X,0x0000000080000FFE] -> 0x000F
[1028] [M]: 0x0000000080000FFC (0x000F0F13) addi t5, t5, 0x0
x30 <- 0x0000000000004000

mem[X,0x0000000080001000] -> 0x1F13
mem[X,0x0000000080001002] -> 0x00BF
[1029] [M]: 0x0000000080001000 (0x00BF1F13) slli t5, t5, 0xb
x30 <- 0x0000000002000000

mem[X,0x0000000080001004] -> 0x0F13
mem[X,0x0000000080001006] -> 0x000F
[1030] [M]: 0x0000000080001004 (0x000F0F13) addi t5, t5, 0x0
x30 <- 0x0000000002000000

mem[X,0x0000000080001008] -> 0x1F13
mem[X,0x000000008000100A] -> 0x00BF
[1031] [M]: 0x0000000080001008 (0x00BF1F13) slli t5, t5, 0xb
x30 <- 0x0000001000000000

mem[X,0x000000008000100C] -> 0x0F13
mem[X,0x000000008000100E] -> 0x004F
[1032] [M]: 0x000000008000100C (0x004F0F13) addi t5, t5, 0x4
x30 <- 0x0000001000000004

mem[X,0x0000000080001010] -> 0x1F13
mem[X,0x0000000080001012] -> 0x00AF
[1033] [M]: 0x0000000080001010 (0x00AF1F13) slli t5, t5, 0xa
x30 <- 0x0000400000001000

mem[X,0x0000000080001014] -> 0x0EB7
mem[X,0x0000000080001016] -> 0x2000
[1034] [M]: 0x0000000080001014 (0x20000EB7) lui t4, 0x20000
x29 <- 0x0000000020000000

mem[X,0x0000000080001018] -> 0x8E93
mem[X,0x000000008000101A] -> 0x000E
[1035] [M]: 0x0000000080001018 (0x000E8E93) addi t4, t4, 0x0
x29 <- 0x0000000020000000

mem[X,0x000000008000101C] -> 0x9E93
mem[X,0x000000008000101E] -> 0x00BE
[1036] [M]: 0x000000008000101C (0x00BE9E93) slli t4, t4, 0xb
x29 <- 0x0000010000000000

mem[X,0x0000000080001020] -> 0x8E93
mem[X,0x0000000080001022] -> 0x000E
[1037] [M]: 0x0000000080001020 (0x000E8E93) addi t4, t4, 0x0
x29 <- 0x0000010000000000

mem[X,0x0000000080001024] -> 0x9E93
mem[X,0x0000000080001026] -> 0x00BE
[1038] [M]: 0x0000000080001024 (0x00BE9E93) slli t4, t4, 0xb
x29 <- 0x0008000000000000

mem[X,0x0000000080001028] -> 0x8E93
mem[X,0x000000008000102A] -> 0x080E
[1039] [M]: 0x0000000080001028 (0x080E8E93) addi t4, t4, 0x80
x29 <- 0x0008000000000080

mem[X,0x000000008000102C] -> 0x9E93
mem[X,0x000000008000102E] -> 0x00AE
[1040] [M]: 0x000000008000102C (0x00AE9E93) slli t4, t4, 0xa
x29 <- 0x2000000000020000

mem[X,0x0000000080001030] -> 0x0FB7
mem[X,0x0000000080001032] -> 0xFFFC
[1041] [M]: 0x0000000080001030 (0xFFFC0FB7) lui t6, -0x40
x31 <- 0xFFFFFFFFFFFC0000

mem[X,0x0000000080001034] -> 0x8F93
mem[X,0x0000000080001036] -> 0xFFFF
[1042] [M]: 0x0000000080001034 (0xFFFF8F93) addi t6, t6, -0x1
x31 <- 0xFFFFFFFFFFFBFFFF

mem[X,0x0000000080001038] -> 0x9F93
mem[X,0x000000008000103A] -> 0x00BF
[1043] [M]: 0x0000000080001038 (0x00BF9F93) slli t6, t6, 0xb
x31 <- 0xFFFFFFFFDFFFF800

mem[X,0x000000008000103C] -> 0x8F93
mem[X,0x000000008000103E] -> 0x7FFF
[1044] [M]: 0x000000008000103C (0x7FFF8F93) addi t6, t6, 0x7ff
x31 <- 0xFFFFFFFFDFFFFFFF

mem[X,0x0000000080001040] -> 0x9F93
mem[X,0x0000000080001042] -> 0x00BF
[1045] [M]: 0x0000000080001040 (0x00BF9F93) slli t6, t6, 0xb
x31 <- 0xFFFFFEFFFFFFF800

mem[X,0x0000000080001044] -> 0x8F93
mem[X,0x0000000080001046] -> 0x7FFF
[1046] [M]: 0x0000000080001044 (0x7FFF8F93) addi t6, t6, 0x7ff
x31 <- 0xFFFFFEFFFFFFFFFF

mem[X,0x0000000080001048] -> 0x9F93
mem[X,0x000000008000104A] -> 0x00AF
[1047] [M]: 0x0000000080001048 (0x00AF9F93) slli t6, t6, 0xa
x31 <- 0xFFFBFFFFFFFFFC00

mem[X,0x000000008000104C] -> 0x8F93
mem[X,0x000000008000104E] -> 0x3DFF
[1048] [M]: 0x000000008000104C (0x3DFF8F93) addi t6, t6, 0x3df
x31 <- 0xFFFBFFFFFFFFFFDF

mem[X,0x0000000080001050] -> 0x1FBB
mem[X,0x0000000080001052] -> 0xBBDF
[1049] [M]: 0x0000000080001050 (0xBBDF1FBB) pmaccu.w.heo t6, t5, t4
x31 <- 0xFFFBFFFFFFFFFFDF

mem[X,0x0000000080001054] -> 0xBC23
mem[X,0x0000000080001056] -> 0x05F0
[1050] [M]: 0x0000000080001054 (0x05F0BC23) sd t6, 0x58(ra)
mem[0x0000000080006258] <- 0xFFFBFFFFFFFFFFDF

mem[X,0x0000000080001058] -> 0x0F37
mem[X,0x000000008000105A] -> 0x0100
[1051] [M]: 0x0000000080001058 (0x01000F37) lui t5, 0x1000
x30 <- 0x0000000001000000

mem[X,0x000000008000105C] -> 0x0F13
mem[X,0x000000008000105E] -> 0x000F
[1052] [M]: 0x000000008000105C (0x000F0F13) addi t5, t5, 0x0
x30 <- 0x0000000001000000

mem[X,0x0000000080001060] -> 0x1F13
mem[X,0x0000000080001062] -> 0x00BF
[1053] [M]: 0x0000000080001060 (0x00BF1F13) slli t5, t5, 0xb
x30 <- 0x0000000800000000

mem[X,0x0000000080001064] -> 0x0F13
mem[X,0x0000000080001066] -> 0x000F
[1054] [M]: 0x0000000080001064 (0x000F0F13) addi t5, t5, 0x0
x30 <- 0x0000000800000000

mem[X,0x0000000080001068] -> 0x1F13
mem[X,0x000000008000106A] -> 0x00BF
[1055] [M]: 0x0000000080001068 (0x00BF1F13) slli t5, t5, 0xb
x30 <- 0x0000400000000000

mem[X,0x000000008000106C] -> 0x0F13
mem[X,0x000000008000106E] -> 0x000F
[1056] [M]: 0x000000008000106C (0x000F0F13) addi t5, t5, 0x0
x30 <- 0x0000400000000000

mem[X,0x0000000080001070] -> 0x1F13
mem[X,0x0000000080001072] -> 0x00AF
[1057] [M]: 0x0000000080001070 (0x00AF1F13) slli t5, t5, 0xa
x30 <- 0x0100000000000000

mem[X,0x0000000080001074] -> 0x0F13
mem[X,0x0000000080001076] -> 0x200F
[1058] [M]: 0x0000000080001074 (0x200F0F13) addi t5, t5, 0x200
x30 <- 0x0100000000000200

mem[X,0x0000000080001078] -> 0x0EB7
mem[X,0x000000008000107A] -> 0xFE00
[1059] [M]: 0x0000000080001078 (0xFE000EB7) lui t4, -0x2000
x29 <- 0xFFFFFFFFFE000000

mem[X,0x000000008000107C] -> 0x8E93
mem[X,0x000000008000107E] -> 0xFFFE
[1060] [M]: 0x000000008000107C (0xFFFE8E93) addi t4, t4, -0x1
x29 <- 0xFFFFFFFFFDFFFFFF

mem[X,0x0000000080001080] -> 0x9E93
mem[X,0x0000000080001082] -> 0x00BE
[1061] [M]: 0x0000000080001080 (0x00BE9E93) slli t4, t4, 0xb
x29 <- 0xFFFFFFEFFFFFF800

mem[X,0x0000000080001084] -> 0x8E93
mem[X,0x0000000080001086] -> 0x2AAE
[1062] [M]: 0x0000000080001084 (0x2AAE8E93) addi t4, t4, 0x2aa
x29 <- 0xFFFFFFEFFFFFFAAA

mem[X,0x0000000080001088] -> 0x9E93
mem[X,0x000000008000108A] -> 0x00BE
[1063] [M]: 0x0000000080001088 (0x00BE9E93) slli t4, t4, 0xb
x29 <- 0xFFFF7FFFFFD55000

mem[X,0x000000008000108C] -> 0x8E93
mem[X,0x000000008000108E] -> 0x555E
[1064] [M]: 0x000000008000108C (0x555E8E93) addi t4, t4, 0x555
x29 <- 0xFFFF7FFFFFD55555

mem[X,0x0000000080001090] -> 0x9E93
mem[X,0x0000000080001092] -> 0x00AE
[1065] [M]: 0x0000000080001090 (0x00AE9E93) slli t4, t4, 0xa
x29 <- 0xFDFFFFFF55555400

mem[X,0x0000000080001094] -> 0x8E93
mem[X,0x0000000080001096] -> 0x155E
[1066] [M]: 0x0000000080001094 (0x155E8E93) addi t4, t4, 0x155
x29 <- 0xFDFFFFFF55555555

mem[X,0x0000000080001098] -> 0x0FB7
mem[X,0x000000008000109A] -> 0x0000
[1067] [M]: 0x0000000080001098 (0x00000FB7) lui t6, 0x0
x31 <- 0x0000000000000000

mem[X,0x000000008000109C] -> 0x8F93
mem[X,0x000000008000109E] -> 0x003F
[1068] [M]: 0x000000008000109C (0x003F8F93) addi t6, t6, 0x3
x31 <- 0x0000000000000003

mem[X,0x00000000800010A0] -> 0x9F93
mem[X,0x00000000800010A2] -> 0x00BF
[1069] [M]: 0x00000000800010A0 (0x00BF9F93) slli t6, t6, 0xb
x31 <- 0x0000000000001800

mem[X,0x00000000800010A4] -> 0x8F93
mem[X,0x00000000800010A6] -> 0x7FFF
[1070] [M]: 0x00000000800010A4 (0x7FFF8F93) addi t6, t6, 0x7ff
x31 <- 0x0000000000001FFF

mem[X,0x00000000800010A8] -> 0x9F93
mem[X,0x00000000800010AA] -> 0x00BF
[1071] [M]: 0x00000000800010A8 (0x00BF9F93) slli t6, t6, 0xb
x31 <- 0x0000000000FFF800

mem[X,0x00000000800010AC] -> 0x8F93
mem[X,0x00000000800010AE] -> 0x7FFF
[1072] [M]: 0x00000000800010AC (0x7FFF8F93) addi t6, t6, 0x7ff
x31 <- 0x0000000000FFFFFF

mem[X,0x00000000800010B0] -> 0x9F93
mem[X,0x00000000800010B2] -> 0x00AF
[1073] [M]: 0x00000000800010B0 (0x00AF9F93) slli t6, t6, 0xa
x31 <- 0x00000003FFFFFC00

mem[X,0x00000000800010B4] -> 0x8F93
mem[X,0x00000000800010B6] -> 0x3BFF
[1074] [M]: 0x00000000800010B4 (0x3BFF8F93) addi t6, t6, 0x3bf
x31 <- 0x00000003FFFFFFBF

mem[X,0x00000000800010B8] -> 0x1FBB
mem[X,0x00000000800010BA] -> 0xBBDF
[1075] [M]: 0x00000000800010B8 (0xBBDF1FBB) pmaccu.w.heo t6, t5, t4
x31 <- 0x00000003FFFFFFBF

mem[X,0x00000000800010BC] -> 0xB023
mem[X,0x00000000800010BE] -> 0x07F0
[1076] [M]: 0x00000000800010BC (0x07F0B023) sd t6, 0x60(ra)
mem[0x0000000080006260] <- 0x00000003FFFFFFBF

mem[X,0x00000000800010C0] -> 0x0F37
mem[X,0x00000000800010C2] -> 0x0000
[1077] [M]: 0x00000000800010C0 (0x00000F37) lui t5, 0x0
x30 <- 0x0000000000000000

mem[X,0x00000000800010C4] -> 0x0F13
mem[X,0x00000000800010C6] -> 0x080F
[1078] [M]: 0x00000000800010C4 (0x080F0F13) addi t5, t5, 0x80
x30 <- 0x0000000000000080

mem[X,0x00000000800010C8] -> 0x1F13
mem[X,0x00000000800010CA] -> 0x00BF
[1079] [M]: 0x00000000800010C8 (0x00BF1F13) slli t5, t5, 0xb
x30 <- 0x0000000000040000

mem[X,0x00000000800010CC] -> 0x0F13
mem[X,0x00000000800010CE] -> 0x7FFF
[1080] [M]: 0x00000000800010CC (0x7FFF0F13) addi t5, t5, 0x7ff
x30 <- 0x00000000000407FF

mem[X,0x00000000800010D0] -> 0x1F13
mem[X,0x00000000800010D2] -> 0x00BF
[1081] [M]: 0x00000000800010D0 (0x00BF1F13) slli t5, t5, 0xb
x30 <- 0x00000000203FF800

mem[X,0x00000000800010D4] -> 0x0F13
mem[X,0x00000000800010D6] -> 0x7EFF
[1082] [M]: 0x00000000800010D4 (0x7EFF0F13) addi t5, t5, 0x7ef
x30 <- 0x00000000203FFFEF

mem[X,0x00000000800010D8] -> 0x1F13
mem[X,0x00000000800010DA] -> 0x00AF
[1083] [M]: 0x00000000800010D8 (0x00AF1F13) slli t5, t5, 0xa
x30 <- 0x00000080FFFFBC00

mem[X,0x00000000800010DC] -> 0x0F13
mem[X,0x00000000800010DE] -> 0x3FFF
[1084] [M]: 0x00000000800010DC (0x3FFF0F13) addi t5, t5, 0x3ff
x30 <- 0x00000080FFFFBFFF

mem[X,0x00000000800010E0] -> 0x0EB7
mem[X,0x00000000800010E2] -> 0x0010
[1085] [M]: 0x00000000800010E0 (0x00100EB7) lui t4, 0x100
x29 <- 0x0000000000100000

mem[X,0x00000000800010E4] -> 0x8E93
mem[X,0x00000000800010E6] -> 0x000E
[1086] [M]: 0x00000000800010E4 (0x000E8E93) addi t4, t4, 0x0
x29 <- 0x0000000000100000

mem[X,0x00000000800010E8] -> 0x9E93
mem[X,0x00000000800010EA] -> 0x00BE
[1087] [M]: 0x00000000800010E8 (0x00BE9E93) slli t4, t4, 0xb
x29 <- 0x0000000080000000

mem[X,0x00000000800010EC] -> 0x8E93
mem[X,0x00000000800010EE] -> 0x7FBE
[1088] [M]: 0x00000000800010EC (0x7FBE8E93) addi t4, t4, 0x7fb
x29 <- 0x00000000800007FB

mem[X,0x00000000800010F0] -> 0x9E93
mem[X,0x00000000800010F2] -> 0x00BE
[1089] [M]: 0x00000000800010F0 (0x00BE9E93) slli t4, t4, 0xb
x29 <- 0x00000400003FD800

mem[X,0x00000000800010F4] -> 0x8E93
mem[X,0x00000000800010F6] -> 0x7FFE
[1090] [M]: 0x00000000800010F4 (0x7FFE8E93) addi t4, t4, 0x7ff
x29 <- 0x00000400003FDFFF

mem[X,0x00000000800010F8] -> 0x9E93
mem[X,0x00000000800010FA] -> 0x00AE
[1091] [M]: 0x00000000800010F8 (0x00AE9E93) slli t4, t4, 0xa
x29 <- 0x00100000FF7FFC00

mem[X,0x00000000800010FC] -> 0x8E93
mem[X,0x00000000800010FE] -> 0x3FFE
[1092] [M]: 0x00000000800010FC (0x3FFE8E93) addi t4, t4, 0x3ff
x29 <- 0x00100000FF7FFFFF

mem[X,0x0000000080001100] -> 0x0FB7
mem[X,0x0000000080001102] -> 0xFFC0
[1093] [M]: 0x0000000080001100 (0xFFC00FB7) lui t6, -0x400
x31 <- 0xFFFFFFFFFFC00000

mem[X,0x0000000080001104] -> 0x8F93
mem[X,0x0000000080001106] -> 0xFFFF
[1094] [M]: 0x0000000080001104 (0xFFFF8F93) addi t6, t6, -0x1
x31 <- 0xFFFFFFFFFFBFFFFF

mem[X,0x0000000080001108] -> 0x9F93
mem[X,0x000000008000110A] -> 0x00BF
[1095] [M]: 0x0000000080001108 (0x00BF9F93) slli t6, t6, 0xb
x31 <- 0xFFFFFFFDFFFFF800

mem[X,0x000000008000110C] -> 0x8F93
mem[X,0x000000008000110E] -> 0x7FFF
[1096] [M]: 0x000000008000110C (0x7FFF8F93) addi t6, t6, 0x7ff
x31 <- 0xFFFFFFFDFFFFFFFF

mem[X,0x0000000080001110] -> 0x9F93
mem[X,0x0000000080001112] -> 0x00BF
[1097] [M]: 0x0000000080001110 (0x00BF9F93) slli t6, t6, 0xb
x31 <- 0xFFFFEFFFFFFFF800

mem[X,0x0000000080001114] -> 0x8F93
mem[X,0x0000000080001116] -> 0x7FFF
[1098] [M]: 0x0000000080001114 (0x7FFF8F93) addi t6, t6, 0x7ff
x31 <- 0xFFFFEFFFFFFFFFFF

mem[X,0x0000000080001118] -> 0x9F93
mem[X,0x000000008000111A] -> 0x00AF
[1099] [M]: 0x0000000080001118 (0x00AF9F93) slli t6, t6, 0xa
x31 <- 0xFFBFFFFFFFFFFC00

clint::tick mtime <- 0x000000000000000B
 clint timer pending at mtime 0x000000000000000B
htif::tick 0x0000000000000000
mem[X,0x000000008000111C] -> 0x8F93
mem[X,0x000000008000111E] -> 0x37FF
[1100] [M]: 0x000000008000111C (0x37FF8F93) addi t6, t6, 0x37f
x31 <- 0xFFBFFFFFFFFFFF7F

mem[X,0x0000000080001120] -> 0x1FBB
mem[X,0x0000000080001122] -> 0xBBDF
[1101] [M]: 0x0000000080001120 (0xBBDF1FBB) pmaccu.w.heo t6, t5, t4
x31 <- 0xFFC0FE000000FD80

mem[X,0x0000000080001124] -> 0xB423
mem[X,0x0000000080001126] -> 0x07F0
[1102] [M]: 0x0000000080001124 (0x07F0B423) sd t6, 0x68(ra)
mem[0x0000000080006268] <- 0xFFC0FE000000FD80

mem[X,0x0000000080001128] -> 0xCF37
mem[X,0x000000008000112A] -> 0xFFFF
[1103] [M]: 0x0000000080001128 (0xFFFFCF37) lui t5, -0x4
x30 <- 0xFFFFFFFFFFFFC000

mem[X,0x000000008000112C] -> 0x0F13
mem[X,0x000000008000112E] -> 0xFFFF
[1104] [M]: 0x000000008000112C (0xFFFF0F13) addi t5, t5, -0x1
x30 <- 0xFFFFFFFFFFFFBFFF

mem[X,0x0000000080001130] -> 0x1F13
mem[X,0x0000000080001132] -> 0x00BF
[1105] [M]: 0x0000000080001130 (0x00BF1F13) slli t5, t5, 0xb
x30 <- 0xFFFFFFFFFDFFF800

mem[X,0x0000000080001134] -> 0x0F13
mem[X,0x0000000080001136] -> 0x77FF
[1106] [M]: 0x0000000080001134 (0x77FF0F13) addi t5, t5, 0x77f
x30 <- 0xFFFFFFFFFDFFFF7F

mem[X,0x0000000080001138] -> 0x1F13
mem[X,0x000000008000113A] -> 0x00BF
[1107] [M]: 0x0000000080001138 (0x00BF1F13) slli t5, t5, 0xb
x30 <- 0xFFFFFFEFFFFBF800

mem[X,0x000000008000113C] -> 0x0F13
mem[X,0x000000008000113E] -> 0x7FFF
[1108] [M]: 0x000000008000113C (0x7FFF0F13) addi t5, t5, 0x7ff
x30 <- 0xFFFFFFEFFFFBFFFF

mem[X,0x0000000080001140] -> 0x1F13
mem[X,0x0000000080001142] -> 0x00AF
[1109] [M]: 0x0000000080001140 (0x00AF1F13) slli t5, t5, 0xa
x30 <- 0xFFFFBFFFEFFFFC00

mem[X,0x0000000080001144] -> 0x0F13
mem[X,0x0000000080001146] -> 0x3FFF
[1110] [M]: 0x0000000080001144 (0x3FFF0F13) addi t5, t5, 0x3ff
x30 <- 0xFFFFBFFFEFFFFFFF

mem[X,0x0000000080001148] -> 0x0EB7
mem[X,0x000000008000114A] -> 0x0000
[1111] [M]: 0x0000000080001148 (0x00000EB7) lui t4, 0x0
x29 <- 0x0000000000000000

mem[X,0x000000008000114C] -> 0x8E93
mem[X,0x000000008000114E] -> 0xFFBE
[1112] [M]: 0x000000008000114C (0xFFBE8E93) addi t4, t4, -0x5
x29 <- 0xFFFFFFFFFFFFFFFB

mem[X,0x0000000080001150] -> 0x9E93
mem[X,0x0000000080001152] -> 0x00BE
[1113] [M]: 0x0000000080001150 (0x00BE9E93) slli t4, t4, 0xb
x29 <- 0xFFFFFFFFFFFFD800

mem[X,0x0000000080001154] -> 0x8E93
mem[X,0x0000000080001156] -> 0x7FFE
[1114] [M]: 0x0000000080001154 (0x7FFE8E93) addi t4, t4, 0x7ff
x29 <- 0xFFFFFFFFFFFFDFFF

mem[X,0x0000000080001158] -> 0x9E93
mem[X,0x000000008000115A] -> 0x00BE
[1115] [M]: 0x0000000080001158 (0x00BE9E93) slli t4, t4, 0xb
x29 <- 0xFFFFFFFFFEFFF800

mem[X,0x000000008000115C] -> 0x8E93
mem[X,0x000000008000115E] -> 0x7FFE
[1116] [M]: 0x000000008000115C (0x7FFE8E93) addi t4, t4, 0x7ff
x29 <- 0xFFFFFFFFFEFFFFFF

mem[X,0x0000000080001160] -> 0x9E93
mem[X,0x0000000080001162] -> 0x00AE
[1117] [M]: 0x0000000080001160 (0x00AE9E93) slli t4, t4, 0xa
x29 <- 0xFFFFFFFBFFFFFC00

mem[X,0x0000000080001164] -> 0x8E93
mem[X,0x0000000080001166] -> 0x3DFE
[1118] [M]: 0x0000000080001164 (0x3DFE8E93) addi t4, t4, 0x3df
x29 <- 0xFFFFFFFBFFFFFFDF

mem[X,0x0000000080001168] -> 0x8FB7
mem[X,0x000000008000116A] -> 0x0000
[1119] [M]: 0x0000000080001168 (0x00008FB7) lui t6, 0x8
x31 <- 0x0000000000008000

mem[X,0x000000008000116C] -> 0x8F93
mem[X,0x000000008000116E] -> 0x000F
[1120] [M]: 0x000000008000116C (0x000F8F93) addi t6, t6, 0x0
x31 <- 0x0000000000008000

mem[X,0x0000000080001170] -> 0x9F93
mem[X,0x0000000080001172] -> 0x00BF
[1121] [M]: 0x0000000080001170 (0x00BF9F93) slli t6, t6, 0xb
x31 <- 0x0000000004000000

mem[X,0x0000000080001174] -> 0x8F93
mem[X,0x0000000080001176] -> 0x7FFF
[1122] [M]: 0x0000000080001174 (0x7FFF8F93) addi t6, t6, 0x7ff
x31 <- 0x00000000040007FF

mem[X,0x0000000080001178] -> 0x9F93
mem[X,0x000000008000117A] -> 0x00BF
[1123] [M]: 0x0000000080001178 (0x00BF9F93) slli t6, t6, 0xb
x31 <- 0x00000020003FF800

mem[X,0x000000008000117C] -> 0x8F93
mem[X,0x000000008000117E] -> 0x7FFF
[1124] [M]: 0x000000008000117C (0x7FFF8F93) addi t6, t6, 0x7ff
x31 <- 0x00000020003FFFFF

mem[X,0x0000000080001180] -> 0x9F93
mem[X,0x0000000080001182] -> 0x00AF
[1125] [M]: 0x0000000080001180 (0x00AF9F93) slli t6, t6, 0xa
x31 <- 0x00008000FFFFFC00

mem[X,0x0000000080001184] -> 0x8F93
mem[X,0x0000000080001186] -> 0x2FFF
[1126] [M]: 0x0000000080001184 (0x2FFF8F93) addi t6, t6, 0x2ff
x31 <- 0x00008000FFFFFEFF

mem[X,0x0000000080001188] -> 0x1FBB
mem[X,0x000000008000118A] -> 0xBBDF
[1127] [M]: 0x0000000080001188 (0xBBDF1FBB) pmaccu.w.heo t6, t5, t4
x31 <- 0x00017E010000FD00

mem[X,0x000000008000118C] -> 0xB823
mem[X,0x000000008000118E] -> 0x07F0
[1128] [M]: 0x000000008000118C (0x07F0B823) sd t6, 0x70(ra)
mem[0x0000000080006270] <- 0x00017E010000FD00

mem[X,0x0000000080001190] -> 0x0F37
mem[X,0x0000000080001192] -> 0x0000
[1129] [M]: 0x0000000080001190 (0x00000F37) lui t5, 0x0
x30 <- 0x0000000000000000

mem[X,0x0000000080001194] -> 0x0F13
mem[X,0x0000000080001196] -> 0xF7FF
[1130] [M]: 0x0000000080001194 (0xF7FF0F13) addi t5, t5, -0x81
x30 <- 0xFFFFFFFFFFFFFF7F

mem[X,0x0000000080001198] -> 0x1F13
mem[X,0x000000008000119A] -> 0x00BF
[1131] [M]: 0x0000000080001198 (0x00BF1F13) slli t5, t5, 0xb
x30 <- 0xFFFFFFFFFFFBF800

mem[X,0x000000008000119C] -> 0x0F13
mem[X,0x000000008000119E] -> 0x7FFF
[1132] [M]: 0x000000008000119C (0x7FFF0F13) addi t5, t5, 0x7ff
x30 <- 0xFFFFFFFFFFFBFFFF

mem[X,0x00000000800011A0] -> 0x1F13
mem[X,0x00000000800011A2] -> 0x00BF
[1133] [M]: 0x00000000800011A0 (0x00BF1F13) slli t5, t5, 0xb
x30 <- 0xFFFFFFFFDFFFF800

mem[X,0x00000000800011A4] -> 0x0F13
mem[X,0x00000000800011A6] -> 0x5FFF
[1134] [M]: 0x00000000800011A4 (0x5FFF0F13) addi t5, t5, 0x5ff
x30 <- 0xFFFFFFFFDFFFFDFF

mem[X,0x00000000800011A8] -> 0x1F13
mem[X,0x00000000800011AA] -> 0x00AF
[1135] [M]: 0x00000000800011A8 (0x00AF1F13) slli t5, t5, 0xa
x30 <- 0xFFFFFF7FFFF7FC00

mem[X,0x00000000800011AC] -> 0x0F13
mem[X,0x00000000800011AE] -> 0x3FFF
[1136] [M]: 0x00000000800011AC (0x3FFF0F13) addi t5, t5, 0x3ff
x30 <- 0xFFFFFF7FFFF7FFFF

mem[X,0x00000000800011B0] -> 0x0EB7
mem[X,0x00000000800011B2] -> 0x0000
[1137] [M]: 0x00000000800011B0 (0x00000EB7) lui t4, 0x0
x29 <- 0x0000000000000000

mem[X,0x00000000800011B4] -> 0x8E93
mem[X,0x00000000800011B6] -> 0x009E
[1138] [M]: 0x00000000800011B4 (0x009E8E93) addi t4, t4, 0x9
x29 <- 0x0000000000000009

mem[X,0x00000000800011B8] -> 0x9E93
mem[X,0x00000000800011BA] -> 0x00BE
[1139] [M]: 0x00000000800011B8 (0x00BE9E93) slli t4, t4, 0xb
x29 <- 0x0000000000004800

mem[X,0x00000000800011BC] -> 0x8E93
mem[X,0x00000000800011BE] -> 0x7BFE
[1140] [M]: 0x00000000800011BC (0x7BFE8E93) addi t4, t4, 0x7bf
x29 <- 0x0000000000004FBF

mem[X,0x00000000800011C0] -> 0x9E93
mem[X,0x00000000800011C2] -> 0x00BE
[1141] [M]: 0x00000000800011C0 (0x00BE9E93) slli t4, t4, 0xb
x29 <- 0x00000000027DF800

mem[X,0x00000000800011C4] -> 0x8E93
mem[X,0x00000000800011C6] -> 0x7FFE
[1142] [M]: 0x00000000800011C4 (0x7FFE8E93) addi t4, t4, 0x7ff
x29 <- 0x00000000027DFFFF

mem[X,0x00000000800011C8] -> 0x9E93
mem[X,0x00000000800011CA] -> 0x00AE
[1143] [M]: 0x00000000800011C8 (0x00AE9E93) slli t4, t4, 0xa
x29 <- 0x00000009F7FFFC00

mem[X,0x00000000800011CC] -> 0x8E93
mem[X,0x00000000800011CE] -> 0x3FFE
[1144] [M]: 0x00000000800011CC (0x3FFE8E93) addi t4, t4, 0x3ff
x29 <- 0x00000009F7FFFFFF

mem[X,0x00000000800011D0] -> 0x2FB7
mem[X,0x00000000800011D2] -> 0x0000
[1145] [M]: 0x00000000800011D0 (0x00002FB7) lui t6, 0x2
x31 <- 0x0000000000002000

mem[X,0x00000000800011D4] -> 0x8F93
mem[X,0x00000000800011D6] -> 0x000F
[1146] [M]: 0x00000000800011D4 (0x000F8F93) addi t6, t6, 0x0
x31 <- 0x0000000000002000

mem[X,0x00000000800011D8] -> 0x9F93
mem[X,0x00000000800011DA] -> 0x00BF
[1147] [M]: 0x00000000800011D8 (0x00BF9F93) slli t6, t6, 0xb
x31 <- 0x0000000001000000

mem[X,0x00000000800011DC] -> 0x8F93
mem[X,0x00000000800011DE] -> 0x7FFF
[1148] [M]: 0x00000000800011DC (0x7FFF8F93) addi t6, t6, 0x7ff
x31 <- 0x00000000010007FF

mem[X,0x00000000800011E0] -> 0x9F93
mem[X,0x00000000800011E2] -> 0x00BF
[1149] [M]: 0x00000000800011E0 (0x00BF9F93) slli t6, t6, 0xb
x31 <- 0x00000008003FF800

mem[X,0x00000000800011E4] -> 0x8F93
mem[X,0x00000000800011E6] -> 0x7FFF
[1150] [M]: 0x00000000800011E4 (0x7FFF8F93) addi t6, t6, 0x7ff
x31 <- 0x00000008003FFFFF

mem[X,0x00000000800011E8] -> 0x9F93
mem[X,0x00000000800011EA] -> 0x00AF
[1151] [M]: 0x00000000800011E8 (0x00AF9F93) slli t6, t6, 0xa
x31 <- 0x00002000FFFFFC00

mem[X,0x00000000800011EC] -> 0x8F93
mem[X,0x00000000800011EE] -> 0x1FFF
[1152] [M]: 0x00000000800011EC (0x1FFF8F93) addi t6, t6, 0x1ff
x31 <- 0x00002000FFFFFDFF

mem[X,0x00000000800011F0] -> 0x1FBB
mem[X,0x00000000800011F2] -> 0xBBDF
[1153] [M]: 0x00000000800011F0 (0xBBDF1FBB) pmaccu.w.heo t6, t5, t4
x31 <- 0x00011E010000FC00

mem[X,0x00000000800011F4] -> 0xBC23
mem[X,0x00000000800011F6] -> 0x07F0
[1154] [M]: 0x00000000800011F4 (0x07F0BC23) sd t6, 0x78(ra)
mem[0x0000000080006278] <- 0x00011E010000FC00

mem[X,0x00000000800011F8] -> 0x0F37
mem[X,0x00000000800011FA] -> 0x0010
[1155] [M]: 0x00000000800011F8 (0x00100F37) lui t5, 0x100
x30 <- 0x0000000000100000

mem[X,0x00000000800011FC] -> 0x0F13
mem[X,0x00000000800011FE] -> 0x000F
[1156] [M]: 0x00000000800011FC (0x000F0F13) addi t5, t5, 0x0
x30 <- 0x0000000000100000

mem[X,0x0000000080001200] -> 0x1F13
mem[X,0x0000000080001202] -> 0x00BF
[1157] [M]: 0x0000000080001200 (0x00BF1F13) slli t5, t5, 0xb
x30 <- 0x0000000080000000

mem[X,0x0000000080001204] -> 0x0F13
mem[X,0x0000000080001206] -> 0x7FFF
[1158] [M]: 0x0000000080001204 (0x7FFF0F13) addi t5, t5, 0x7ff
x30 <- 0x00000000800007FF

mem[X,0x0000000080001208] -> 0x1F13
mem[X,0x000000008000120A] -> 0x00BF
[1159] [M]: 0x0000000080001208 (0x00BF1F13) slli t5, t5, 0xb
x30 <- 0x00000400003FF800

mem[X,0x000000008000120C] -> 0x0F13
mem[X,0x000000008000120E] -> 0x7EFF
[1160] [M]: 0x000000008000120C (0x7EFF0F13) addi t5, t5, 0x7ef
x30 <- 0x00000400003FFFEF

mem[X,0x0000000080001210] -> 0x1F13
mem[X,0x0000000080001212] -> 0x00AF
[1161] [M]: 0x0000000080001210 (0x00AF1F13) slli t5, t5, 0xa
x30 <- 0x00100000FFFFBC00

mem[X,0x0000000080001214] -> 0x0F13
mem[X,0x0000000080001216] -> 0x3FFF
[1162] [M]: 0x0000000080001214 (0x3FFF0F13) addi t5, t5, 0x3ff
x30 <- 0x00100000FFFFBFFF

mem[X,0x0000000080001218] -> 0x0EB7
mem[X,0x000000008000121A] -> 0x0000
[1163] [M]: 0x0000000080001218 (0x00000EB7) lui t4, 0x0
x29 <- 0x0000000000000000

mem[X,0x000000008000121C] -> 0x8E93
mem[X,0x000000008000121E] -> 0xFBFE
[1164] [M]: 0x000000008000121C (0xFBFE8E93) addi t4, t4, -0x41
x29 <- 0xFFFFFFFFFFFFFFBF

mem[X,0x0000000080001220] -> 0x9E93
mem[X,0x0000000080001222] -> 0x00BE
[1165] [M]: 0x0000000080001220 (0x00BE9E93) slli t4, t4, 0xb
x29 <- 0xFFFFFFFFFFFDF800

mem[X,0x0000000080001224] -> 0x8E93
mem[X,0x0000000080001226] -> 0x7FFE
[1166] [M]: 0x0000000080001224 (0x7FFE8E93) addi t4, t4, 0x7ff
x29 <- 0xFFFFFFFFFFFDFFFF

mem[X,0x0000000080001228] -> 0x9E93
mem[X,0x000000008000122A] -> 0x00BE
[1167] [M]: 0x0000000080001228 (0x00BE9E93) slli t4, t4, 0xb
x29 <- 0xFFFFFFFFEFFFF800

mem[X,0x000000008000122C] -> 0x8E93
mem[X,0x000000008000122E] -> 0x7FFE
[1168] [M]: 0x000000008000122C (0x7FFE8E93) addi t4, t4, 0x7ff
x29 <- 0xFFFFFFFFEFFFFFFF

mem[X,0x0000000080001230] -> 0x9E93
mem[X,0x0000000080001232] -> 0x00AE
[1169] [M]: 0x0000000080001230 (0x00AE9E93) slli t4, t4, 0xa
x29 <- 0xFFFFFFBFFFFFFC00

mem[X,0x0000000080001234] -> 0x8E93
mem[X,0x0000000080001236] -> 0x3EFE
[1170] [M]: 0x0000000080001234 (0x3EFE8E93) addi t4, t4, 0x3ef
x29 <- 0xFFFFFFBFFFFFFFEF

mem[X,0x0000000080001238] -> 0x0FB7
mem[X,0x000000008000123A] -> 0x0000
[1171] [M]: 0x0000000080001238 (0x00000FB7) lui t6, 0x0
x31 <- 0x0000000000000000

mem[X,0x000000008000123C] -> 0x8F93
mem[X,0x000000008000123E] -> 0x040F
[1172] [M]: 0x000000008000123C (0x040F8F93) addi t6, t6, 0x40
x31 <- 0x0000000000000040

mem[X,0x0000000080001240] -> 0x9F93
mem[X,0x0000000080001242] -> 0x00BF
[1173] [M]: 0x0000000080001240 (0x00BF9F93) slli t6, t6, 0xb
x31 <- 0x0000000000020000

mem[X,0x0000000080001244] -> 0x8F93
mem[X,0x0000000080001246] -> 0x7FFF
[1174] [M]: 0x0000000080001244 (0x7FFF8F93) addi t6, t6, 0x7ff
x31 <- 0x00000000000207FF

mem[X,0x0000000080001248] -> 0x9F93
mem[X,0x000000008000124A] -> 0x00BF
[1175] [M]: 0x0000000080001248 (0x00BF9F93) slli t6, t6, 0xb
x31 <- 0x00000000103FF800

mem[X,0x000000008000124C] -> 0x8F93
mem[X,0x000000008000124E] -> 0x7FEF
[1176] [M]: 0x000000008000124C (0x7FEF8F93) addi t6, t6, 0x7fe
x31 <- 0x00000000103FFFFE

mem[X,0x0000000080001250] -> 0x9F93
mem[X,0x0000000080001252] -> 0x00AF
[1177] [M]: 0x0000000080001250 (0x00AF9F93) slli t6, t6, 0xa
x31 <- 0x00000040FFFFF800

mem[X,0x0000000080001254] -> 0x8F93
mem[X,0x0000000080001256] -> 0x3FFF
[1178] [M]: 0x0000000080001254 (0x3FFF8F93) addi t6, t6, 0x3ff
x31 <- 0x00000040FFFFFBFF

mem[X,0x0000000080001258] -> 0x1FBB
mem[X,0x000000008000125A] -> 0xBBDF
[1179] [M]: 0x0000000080001258 (0xBBDF1FBB) pmaccu.w.heo t6, t5, t4
x31 <- 0x0000FE410000FA00

mem[X,0x000000008000125C] -> 0xB023
mem[X,0x000000008000125E] -> 0x09F0
[1180] [M]: 0x000000008000125C (0x09F0B023) sd t6, 0x80(ra)
mem[0x0000000080006280] <- 0x0000FE410000FA00

mem[X,0x0000000080001260] -> 0x0F37
mem[X,0x0000000080001262] -> 0x0000
[1181] [M]: 0x0000000080001260 (0x00000F37) lui t5, 0x0
x30 <- 0x0000000000000000

mem[X,0x0000000080001264] -> 0x0F13
mem[X,0x0000000080001266] -> 0xFF6F
[1182] [M]: 0x0000000080001264 (0xFF6F0F13) addi t5, t5, -0xa
x30 <- 0xFFFFFFFFFFFFFFF6

mem[X,0x0000000080001268] -> 0x1F13
mem[X,0x000000008000126A] -> 0x00BF
[1183] [M]: 0x0000000080001268 (0x00BF1F13) slli t5, t5, 0xb
x30 <- 0xFFFFFFFFFFFFB000

mem[X,0x000000008000126C] -> 0x0F13
mem[X,0x000000008000126E] -> 0x7FFF
[1184] [M]: 0x000000008000126C (0x7FFF0F13) addi t5, t5, 0x7ff
x30 <- 0xFFFFFFFFFFFFB7FF

mem[X,0x0000000080001270] -> 0x1F13
mem[X,0x0000000080001272] -> 0x00BF
[1185] [M]: 0x0000000080001270 (0x00BF1F13) slli t5, t5, 0xb
x30 <- 0xFFFFFFFFFDBFF800

mem[X,0x0000000080001274] -> 0x0F13
mem[X,0x0000000080001276] -> 0x7FBF
[1186] [M]: 0x0000000080001274 (0x7FBF0F13) addi t5, t5, 0x7fb
x30 <- 0xFFFFFFFFFDBFFFFB

mem[X,0x0000000080001278] -> 0x1F13
mem[X,0x000000008000127A] -> 0x00AF
[1187] [M]: 0x0000000080001278 (0x00AF1F13) slli t5, t5, 0xa
x30 <- 0xFFFFFFF6FFFFEC00

mem[X,0x000000008000127C] -> 0x0F13
mem[X,0x000000008000127E] -> 0x3FFF
[1188] [M]: 0x000000008000127C (0x3FFF0F13) addi t5, t5, 0x3ff
x30 <- 0xFFFFFFF6FFFFEFFF

mem[X,0x0000000080001280] -> 0xFEB7
mem[X,0x0000000080001282] -> 0xFFFF
[1189] [M]: 0x0000000080001280 (0xFFFFFEB7) lui t4, -0x1
x29 <- 0xFFFFFFFFFFFFF000

mem[X,0x0000000080001284] -> 0x8E93
mem[X,0x0000000080001286] -> 0xFFFE
[1190] [M]: 0x0000000080001284 (0xFFFE8E93) addi t4, t4, -0x1
x29 <- 0xFFFFFFFFFFFFEFFF

mem[X,0x0000000080001288] -> 0x9E93
mem[X,0x000000008000128A] -> 0x00BE
[1191] [M]: 0x0000000080001288 (0x00BE9E93) slli t4, t4, 0xb
x29 <- 0xFFFFFFFFFF7FF800

mem[X,0x000000008000128C] -> 0x8E93
mem[X,0x000000008000128E] -> 0x000E
[1192] [M]: 0x000000008000128C (0x000E8E93) addi t4, t4, 0x0
x29 <- 0xFFFFFFFFFF7FF800

mem[X,0x0000000080001290] -> 0x9E93
mem[X,0x0000000080001292] -> 0x00BE
[1193] [M]: 0x0000000080001290 (0x00BE9E93) slli t4, t4, 0xb
x29 <- 0xFFFFFFFBFFC00000

mem[X,0x0000000080001294] -> 0x8E93
mem[X,0x0000000080001296] -> 0x000E
[1194] [M]: 0x0000000080001294 (0x000E8E93) addi t4, t4, 0x0
x29 <- 0xFFFFFFFBFFC00000

mem[X,0x0000000080001298] -> 0x9E93
mem[X,0x000000008000129A] -> 0x00AE
[1195] [M]: 0x0000000080001298 (0x00AE9E93) slli t4, t4, 0xa
x29 <- 0xFFFFEFFF00000000

mem[X,0x000000008000129C] -> 0x8E93
mem[X,0x000000008000129E] -> 0x001E
[1196] [M]: 0x000000008000129C (0x001E8E93) addi t4, t4, 0x1
x29 <- 0xFFFFEFFF00000001

mem[X,0x00000000800012A0] -> 0x8FB7
mem[X,0x00000000800012A2] -> 0x0000
[1197] [M]: 0x00000000800012A0 (0x00008FB7) lui t6, 0x8
x31 <- 0x0000000000008000

mem[X,0x00000000800012A4] -> 0x8F93
mem[X,0x00000000800012A6] -> 0x000F
[1198] [M]: 0x00000000800012A4 (0x000F8F93) addi t6, t6, 0x0
x31 <- 0x0000000000008000

mem[X,0x00000000800012A8] -> 0x9F93
mem[X,0x00000000800012AA] -> 0x00BF
[1199] [M]: 0x00000000800012A8 (0x00BF9F93) slli t6, t6, 0xb
x31 <- 0x0000000004000000

clint::tick mtime <- 0x000000000000000C
 clint timer pending at mtime 0x000000000000000C
htif::tick 0x0000000000000000
mem[X,0x00000000800012AC] -> 0x8F93
mem[X,0x00000000800012AE] -> 0x7FFF
[1200] [M]: 0x00000000800012AC (0x7FFF8F93) addi t6, t6, 0x7ff
x31 <- 0x00000000040007FF

mem[X,0x00000000800012B0] -> 0x9F93
mem[X,0x00000000800012B2] -> 0x00BF
[1201] [M]: 0x00000000800012B0 (0x00BF9F93) slli t6, t6, 0xb
x31 <- 0x00000020003FF800

mem[X,0x00000000800012B4] -> 0x8F93
mem[X,0x00000000800012B6] -> 0x7FDF
[1202] [M]: 0x00000000800012B4 (0x7FDF8F93) addi t6, t6, 0x7fd
x31 <- 0x00000020003FFFFD

mem[X,0x00000000800012B8] -> 0x9F93
mem[X,0x00000000800012BA] -> 0x00AF
[1203] [M]: 0x00000000800012B8 (0x00AF9F93) slli t6, t6, 0xa
x31 <- 0x00008000FFFFF400

mem[X,0x00000000800012BC] -> 0x8F93
mem[X,0x00000000800012BE] -> 0x3FFF
[1204] [M]: 0x00000000800012BC (0x3FFF8F93) addi t6, t6, 0x3ff
x31 <- 0x00008000FFFFF7FF

mem[X,0x00000000800012C0] -> 0x1FBB
mem[X,0x00000000800012C2] -> 0xBBDF
[1205] [M]: 0x00000000800012C0 (0xBBDF1FBB) pmaccu.w.heo t6, t5, t4
x31 <- 0x00008000FFFFF7FF

mem[X,0x00000000800012C4] -> 0xB423
mem[X,0x00000000800012C6] -> 0x09F0
[1206] [M]: 0x00000000800012C4 (0x09F0B423) sd t6, 0x88(ra)
mem[0x0000000080006288] <- 0x00008000FFFFF7FF

mem[X,0x00000000800012C8] -> 0x0F37
mem[X,0x00000000800012CA] -> 0x0000
[1207] [M]: 0x00000000800012C8 (0x00000F37) lui t5, 0x0
x30 <- 0x0000000000000000

mem[X,0x00000000800012CC] -> 0x0F13
mem[X,0x00000000800012CE] -> 0x005F
[1208] [M]: 0x00000000800012CC (0x005F0F13) addi t5, t5, 0x5
x30 <- 0x0000000000000005

mem[X,0x00000000800012D0] -> 0x1F13
mem[X,0x00000000800012D2] -> 0x00BF
[1209] [M]: 0x00000000800012D0 (0x00BF1F13) slli t5, t5, 0xb
x30 <- 0x0000000000002800

mem[X,0x00000000800012D4] -> 0x0F13
mem[X,0x00000000800012D6] -> 0x7FFF
[1210] [M]: 0x00000000800012D4 (0x7FFF0F13) addi t5, t5, 0x7ff
x30 <- 0x0000000000002FFF

mem[X,0x00000000800012D8] -> 0x1F13
mem[X,0x00000000800012DA] -> 0x00BF
[1211] [M]: 0x00000000800012D8 (0x00BF1F13) slli t5, t5, 0xb
x30 <- 0x00000000017FF800

mem[X,0x00000000800012DC] -> 0x0F13
mem[X,0x00000000800012DE] -> 0x7DFF
[1212] [M]: 0x00000000800012DC (0x7DFF0F13) addi t5, t5, 0x7df
x30 <- 0x00000000017FFFDF

mem[X,0x00000000800012E0] -> 0x1F13
mem[X,0x00000000800012E2] -> 0x00AF
[1213] [M]: 0x00000000800012E0 (0x00AF1F13) slli t5, t5, 0xa
x30 <- 0x00000005FFFF7C00

mem[X,0x00000000800012E4] -> 0x0F13
mem[X,0x00000000800012E6] -> 0x3FFF
[1214] [M]: 0x00000000800012E4 (0x3FFF0F13) addi t5, t5, 0x3ff
x30 <- 0x00000005FFFF7FFF

mem[X,0x00000000800012E8] -> 0x4EB7
mem[X,0x00000000800012EA] -> 0x0000
[1215] [M]: 0x00000000800012E8 (0x00004EB7) lui t4, 0x4
x29 <- 0x0000000000004000

mem[X,0x00000000800012EC] -> 0x8E93
mem[X,0x00000000800012EE] -> 0x000E
[1216] [M]: 0x00000000800012EC (0x000E8E93) addi t4, t4, 0x0
x29 <- 0x0000000000004000

mem[X,0x00000000800012F0] -> 0x9E93
mem[X,0x00000000800012F2] -> 0x00BE
[1217] [M]: 0x00000000800012F0 (0x00BE9E93) slli t4, t4, 0xb
x29 <- 0x0000000002000000

mem[X,0x00000000800012F4] -> 0x8E93
mem[X,0x00000000800012F6] -> 0x2AAE
[1218] [M]: 0x00000000800012F4 (0x2AAE8E93) addi t4, t4, 0x2aa
x29 <- 0x00000000020002AA

mem[X,0x00000000800012F8] -> 0x9E93
mem[X,0x00000000800012FA] -> 0x00BE
[1219] [M]: 0x00000000800012F8 (0x00BE9E93) slli t4, t4, 0xb
x29 <- 0x0000001000155000

mem[X,0x00000000800012FC] -> 0x8E93
mem[X,0x00000000800012FE] -> 0x555E
[1220] [M]: 0x00000000800012FC (0x555E8E93) addi t4, t4, 0x555
x29 <- 0x0000001000155555

mem[X,0x0000000080001300] -> 0x9E93
mem[X,0x0000000080001302] -> 0x00AE
[1221] [M]: 0x0000000080001300 (0x00AE9E93) slli t4, t4, 0xa
x29 <- 0x0000400055555400

mem[X,0x0000000080001304] -> 0x8E93
mem[X,0x0000000080001306] -> 0x155E
[1222] [M]: 0x0000000080001304 (0x155E8E93) addi t4, t4, 0x155
x29 <- 0x0000400055555555

mem[X,0x0000000080001308] -> 0x0FB7
mem[X,0x000000008000130A] -> 0x0000
[1223] [M]: 0x0000000080001308 (0x00000FB7) lui t6, 0x0
x31 <- 0x0000000000000000

mem[X,0x000000008000130C] -> 0x8F93
mem[X,0x000000008000130E] -> 0xDFFF
[1224] [M]: 0x000000008000130C (0xDFFF8F93) addi t6, t6, -0x201
x31 <- 0xFFFFFFFFFFFFFDFF

mem[X,0x0000000080001310] -> 0x9F93
mem[X,0x0000000080001312] -> 0x00BF
[1225] [M]: 0x0000000080001310 (0x00BF9F93) slli t6, t6, 0xb
x31 <- 0xFFFFFFFFFFEFF800

mem[X,0x0000000080001314] -> 0x8F93
mem[X,0x0000000080001316] -> 0x7FFF
[1226] [M]: 0x0000000080001314 (0x7FFF8F93) addi t6, t6, 0x7ff
x31 <- 0xFFFFFFFFFFEFFFFF

mem[X,0x0000000080001318] -> 0x9F93
mem[X,0x000000008000131A] -> 0x00BF
[1227] [M]: 0x0000000080001318 (0x00BF9F93) slli t6, t6, 0xb
x31 <- 0xFFFFFFFF7FFFF800

mem[X,0x000000008000131C] -> 0x8F93
mem[X,0x000000008000131E] -> 0x7FBF
[1228] [M]: 0x000000008000131C (0x7FBF8F93) addi t6, t6, 0x7fb
x31 <- 0xFFFFFFFF7FFFFFFB

mem[X,0x0000000080001320] -> 0x9F93
mem[X,0x0000000080001322] -> 0x00AF
[1229] [M]: 0x0000000080001320 (0x00AF9F93) slli t6, t6, 0xa
x31 <- 0xFFFFFDFFFFFFEC00

mem[X,0x0000000080001324] -> 0x8F93
mem[X,0x0000000080001326] -> 0x3FFF
[1230] [M]: 0x0000000080001324 (0x3FFF8F93) addi t6, t6, 0x3ff
x31 <- 0xFFFFFDFFFFFFEFFF

mem[X,0x0000000080001328] -> 0x1FBB
mem[X,0x000000008000132A] -> 0xBBDF
[1231] [M]: 0x0000000080001328 (0xBBDF1FBB) pmaccu.w.heo t6, t5, t4
x31 <- 0x000052AA000044AA

mem[X,0x000000008000132C] -> 0xB823
mem[X,0x000000008000132E] -> 0x09F0
[1232] [M]: 0x000000008000132C (0x09F0B823) sd t6, 0x90(ra)
mem[0x0000000080006290] <- 0x000052AA000044AA

mem[X,0x0000000080001330] -> 0x0F37
mem[X,0x0000000080001332] -> 0xC000
[1233] [M]: 0x0000000080001330 (0xC0000F37) lui t5, -0x40000
x30 <- 0xFFFFFFFFC0000000

mem[X,0x0000000080001334] -> 0x0F13
mem[X,0x0000000080001336] -> 0x000F
[1234] [M]: 0x0000000080001334 (0x000F0F13) addi t5, t5, 0x0
x30 <- 0xFFFFFFFFC0000000

mem[X,0x0000000080001338] -> 0x1F13
mem[X,0x000000008000133A] -> 0x00BF
[1235] [M]: 0x0000000080001338 (0x00BF1F13) slli t5, t5, 0xb
x30 <- 0xFFFFFE0000000000

mem[X,0x000000008000133C] -> 0x0F13
mem[X,0x000000008000133E] -> 0x000F
[1236] [M]: 0x000000008000133C (0x000F0F13) addi t5, t5, 0x0
x30 <- 0xFFFFFE0000000000

mem[X,0x0000000080001340] -> 0x1F13
mem[X,0x0000000080001342] -> 0x00BF
[1237] [M]: 0x0000000080001340 (0x00BF1F13) slli t5, t5, 0xb
x30 <- 0xFFF0000000000000

mem[X,0x0000000080001344] -> 0x0F13
mem[X,0x0000000080001346] -> 0x008F
[1238] [M]: 0x0000000080001344 (0x008F0F13) addi t5, t5, 0x8
x30 <- 0xFFF0000000000008

mem[X,0x0000000080001348] -> 0x1F13
mem[X,0x000000008000134A] -> 0x00AF
[1239] [M]: 0x0000000080001348 (0x00AF1F13) slli t5, t5, 0xa
x30 <- 0xC000000000002000

mem[X,0x000000008000134C] -> 0x0EB7
mem[X,0x000000008000134E] -> 0x4000
[1240] [M]: 0x000000008000134C (0x40000EB7) lui t4, 0x40000
x29 <- 0x0000000040000000

mem[X,0x0000000080001350] -> 0x8E93
mem[X,0x0000000080001352] -> 0x001E
[1241] [M]: 0x0000000080001350 (0x001E8E93) addi t4, t4, 0x1
x29 <- 0x0000000040000001

mem[X,0x0000000080001354] -> 0x9E93
mem[X,0x0000000080001356] -> 0x01FE
[1242] [M]: 0x0000000080001354 (0x01FE9E93) slli t4, t4, 0x1f
x29 <- 0x2000000080000000

mem[X,0x0000000080001358] -> 0x0FB7
mem[X,0x000000008000135A] -> 0x0000
[1243] [M]: 0x0000000080001358 (0x00000FB7) lui t6, 0x0
x31 <- 0x0000000000000000

mem[X,0x000000008000135C] -> 0x8F93
mem[X,0x000000008000135E] -> 0xFFEF
[1244] [M]: 0x000000008000135C (0xFFEF8F93) addi t6, t6, -0x2
x31 <- 0xFFFFFFFFFFFFFFFE

mem[X,0x0000000080001360] -> 0x9F93
mem[X,0x0000000080001362] -> 0x00BF
[1245] [M]: 0x0000000080001360 (0x00BF9F93) slli t6, t6, 0xb
x31 <- 0xFFFFFFFFFFFFF000

mem[X,0x0000000080001364] -> 0x8F93
mem[X,0x0000000080001366] -> 0x7FFF
[1246] [M]: 0x0000000080001364 (0x7FFF8F93) addi t6, t6, 0x7ff
x31 <- 0xFFFFFFFFFFFFF7FF

mem[X,0x0000000080001368] -> 0x9F93
mem[X,0x000000008000136A] -> 0x00BF
[1247] [M]: 0x0000000080001368 (0x00BF9F93) slli t6, t6, 0xb
x31 <- 0xFFFFFFFFFFBFF800

mem[X,0x000000008000136C] -> 0x8F93
mem[X,0x000000008000136E] -> 0x7F7F
[1248] [M]: 0x000000008000136C (0x7F7F8F93) addi t6, t6, 0x7f7
x31 <- 0xFFFFFFFFFFBFFFF7

mem[X,0x0000000080001370] -> 0x9F93
mem[X,0x0000000080001372] -> 0x00AF
[1249] [M]: 0x0000000080001370 (0x00AF9F93) slli t6, t6, 0xa
x31 <- 0xFFFFFFFEFFFFDC00

mem[X,0x0000000080001374] -> 0x8F93
mem[X,0x0000000080001376] -> 0x3FFF
[1250] [M]: 0x0000000080001374 (0x3FFF8F93) addi t6, t6, 0x3ff
x31 <- 0xFFFFFFFEFFFFDFFF

mem[X,0x0000000080001378] -> 0x1FBB
mem[X,0x000000008000137A] -> 0xBBDF
[1251] [M]: 0x0000000080001378 (0xBBDF1FBB) pmaccu.w.heo t6, t5, t4
x31 <- 0xFFFFFFFEFFFFDFFF

mem[X,0x000000008000137C] -> 0xBC23
mem[X,0x000000008000137E] -> 0x09F0
[1252] [M]: 0x000000008000137C (0x09F0BC23) sd t6, 0x98(ra)
mem[0x0000000080006298] <- 0xFFFFFFFEFFFFDFFF

mem[X,0x0000000080001380] -> 0x0F37
mem[X,0x0000000080001382] -> 0x2000
[1253] [M]: 0x0000000080001380 (0x20000F37) lui t5, 0x20000
x30 <- 0x0000000020000000

mem[X,0x0000000080001384] -> 0x0F13
mem[X,0x0000000080001386] -> 0x000F
[1254] [M]: 0x0000000080001384 (0x000F0F13) addi t5, t5, 0x0
x30 <- 0x0000000020000000

mem[X,0x0000000080001388] -> 0x1F13
mem[X,0x000000008000138A] -> 0x00BF
[1255] [M]: 0x0000000080001388 (0x00BF1F13) slli t5, t5, 0xb
x30 <- 0x0000010000000000

mem[X,0x000000008000138C] -> 0x0F13
mem[X,0x000000008000138E] -> 0x010F
[1256] [M]: 0x000000008000138C (0x010F0F13) addi t5, t5, 0x10
x30 <- 0x0000010000000010

mem[X,0x0000000080001390] -> 0x1F13
mem[X,0x0000000080001392] -> 0x00BF
[1257] [M]: 0x0000000080001390 (0x00BF1F13) slli t5, t5, 0xb
x30 <- 0x0008000000008000

mem[X,0x0000000080001394] -> 0x0F13
mem[X,0x0000000080001396] -> 0x000F
[1258] [M]: 0x0000000080001394 (0x000F0F13) addi t5, t5, 0x0
x30 <- 0x0008000000008000

mem[X,0x0000000080001398] -> 0x1F13
mem[X,0x000000008000139A] -> 0x00AF
[1259] [M]: 0x0000000080001398 (0x00AF1F13) slli t5, t5, 0xa
x30 <- 0x2000000002000000

mem[X,0x000000008000139C] -> 0x0EB7
mem[X,0x000000008000139E] -> 0x0000
[1260] [M]: 0x000000008000139C (0x00000EB7) lui t4, 0x0
x29 <- 0x0000000000000000

mem[X,0x00000000800013A0] -> 0x8E93
mem[X,0x00000000800013A2] -> 0xFFEE
[1261] [M]: 0x00000000800013A0 (0xFFEE8E93) addi t4, t4, -0x2
x29 <- 0xFFFFFFFFFFFFFFFE

mem[X,0x00000000800013A4] -> 0x9E93
mem[X,0x00000000800013A6] -> 0x00BE
[1262] [M]: 0x00000000800013A4 (0x00BE9E93) slli t4, t4, 0xb
x29 <- 0xFFFFFFFFFFFFF000

mem[X,0x00000000800013A8] -> 0x8E93
mem[X,0x00000000800013AA] -> 0x000E
[1263] [M]: 0x00000000800013A8 (0x000E8E93) addi t4, t4, 0x0
x29 <- 0xFFFFFFFFFFFFF000

mem[X,0x00000000800013AC] -> 0x9E93
mem[X,0x00000000800013AE] -> 0x00BE
[1264] [M]: 0x00000000800013AC (0x00BE9E93) slli t4, t4, 0xb
x29 <- 0xFFFFFFFFFF800000

mem[X,0x00000000800013B0] -> 0x8E93
mem[X,0x00000000800013B2] -> 0x000E
[1265] [M]: 0x00000000800013B0 (0x000E8E93) addi t4, t4, 0x0
x29 <- 0xFFFFFFFFFF800000

mem[X,0x00000000800013B4] -> 0x9E93
mem[X,0x00000000800013B6] -> 0x00AE
[1266] [M]: 0x00000000800013B4 (0x00AE9E93) slli t4, t4, 0xa
x29 <- 0xFFFFFFFE00000000

mem[X,0x00000000800013B8] -> 0x8E93
mem[X,0x00000000800013BA] -> 0x100E
[1267] [M]: 0x00000000800013B8 (0x100E8E93) addi t4, t4, 0x100
x29 <- 0xFFFFFFFE00000100

mem[X,0x00000000800013BC] -> 0x0FB7
mem[X,0x00000000800013BE] -> 0x0200
[1268] [M]: 0x00000000800013BC (0x02000FB7) lui t6, 0x2000
x31 <- 0x0000000002000000

mem[X,0x00000000800013C0] -> 0x8F93
mem[X,0x00000000800013C2] -> 0x000F
[1269] [M]: 0x00000000800013C0 (0x000F8F93) addi t6, t6, 0x0
x31 <- 0x0000000002000000

mem[X,0x00000000800013C4] -> 0x9F93
mem[X,0x00000000800013C6] -> 0x00BF
[1270] [M]: 0x00000000800013C4 (0x00BF9F93) slli t6, t6, 0xb
x31 <- 0x0000001000000000

mem[X,0x00000000800013C8] -> 0x8F93
mem[X,0x00000000800013CA] -> 0x7FFF
[1271] [M]: 0x00000000800013C8 (0x7FFF8F93) addi t6, t6, 0x7ff
x31 <- 0x00000010000007FF

mem[X,0x00000000800013CC] -> 0x9F93
mem[X,0x00000000800013CE] -> 0x00BF
[1272] [M]: 0x00000000800013CC (0x00BF9F93) slli t6, t6, 0xb
x31 <- 0x00008000003FF800

mem[X,0x00000000800013D0] -> 0x8F93
mem[X,0x00000000800013D2] -> 0x7EFF
[1273] [M]: 0x00000000800013D0 (0x7EFF8F93) addi t6, t6, 0x7ef
x31 <- 0x00008000003FFFEF

mem[X,0x00000000800013D4] -> 0x9F93
mem[X,0x00000000800013D6] -> 0x00AF
[1274] [M]: 0x00000000800013D4 (0x00AF9F93) slli t6, t6, 0xa
x31 <- 0x02000000FFFFBC00

mem[X,0x00000000800013D8] -> 0x8F93
mem[X,0x00000000800013DA] -> 0x3FFF
[1275] [M]: 0x00000000800013D8 (0x3FFF8F93) addi t6, t6, 0x3ff
x31 <- 0x02000000FFFFBFFF

mem[X,0x00000000800013DC] -> 0x1FBB
mem[X,0x00000000800013DE] -> 0xBBDF
[1276] [M]: 0x00000000800013DC (0xBBDF1FBB) pmaccu.w.heo t6, t5, t4
x31 <- 0x02000000FFFFBFFF

mem[X,0x00000000800013E0] -> 0xB023
mem[X,0x00000000800013E2] -> 0x0BF0
[1277] [M]: 0x00000000800013E0 (0x0BF0B023) sd t6, 0xa0(ra)
mem[0x00000000800062A0] <- 0x02000000FFFFBFFF

mem[X,0x00000000800013E4] -> 0x0F37
mem[X,0x00000000800013E6] -> 0xFF80
[1278] [M]: 0x00000000800013E4 (0xFF800F37) lui t5, -0x800
x30 <- 0xFFFFFFFFFF800000

mem[X,0x00000000800013E8] -> 0x0F13
mem[X,0x00000000800013EA] -> 0xFFFF
[1279] [M]: 0x00000000800013E8 (0xFFFF0F13) addi t5, t5, -0x1
x30 <- 0xFFFFFFFFFF7FFFFF

mem[X,0x00000000800013EC] -> 0x1F13
mem[X,0x00000000800013EE] -> 0x00BF
[1280] [M]: 0x00000000800013EC (0x00BF1F13) slli t5, t5, 0xb
x30 <- 0xFFFFFFFBFFFFF800

mem[X,0x00000000800013F0] -> 0x0F13
mem[X,0x00000000800013F2] -> 0x77FF
[1281] [M]: 0x00000000800013F0 (0x77FF0F13) addi t5, t5, 0x77f
x30 <- 0xFFFFFFFBFFFFFF7F

mem[X,0x00000000800013F4] -> 0x1F13
mem[X,0x00000000800013F6] -> 0x00BF
[1282] [M]: 0x00000000800013F4 (0x00BF1F13) slli t5, t5, 0xb
x30 <- 0xFFFFDFFFFFFBF800

mem[X,0x00000000800013F8] -> 0x0F13
mem[X,0x00000000800013FA] -> 0x7FFF
[1283] [M]: 0x00000000800013F8 (0x7FFF0F13) addi t5, t5, 0x7ff
x30 <- 0xFFFFDFFFFFFBFFFF

mem[X,0x00000000800013FC] -> 0x1F13
mem[X,0x00000000800013FE] -> 0x00AF
[1284] [M]: 0x00000000800013FC (0x00AF1F13) slli t5, t5, 0xa
x30 <- 0xFF7FFFFFEFFFFC00

mem[X,0x0000000080001400] -> 0x0F13
mem[X,0x0000000080001402] -> 0x3FFF
[1285] [M]: 0x0000000080001400 (0x3FFF0F13) addi t5, t5, 0x3ff
x30 <- 0xFF7FFFFFEFFFFFFF

mem[X,0x0000000080001404] -> 0x0EB7
mem[X,0x0000000080001406] -> 0x0000
[1286] [M]: 0x0000000080001404 (0x00000EB7) lui t4, 0x0
x29 <- 0x0000000000000000

mem[X,0x0000000080001408] -> 0x8E93
mem[X,0x000000008000140A] -> 0xFBFE
[1287] [M]: 0x0000000080001408 (0xFBFE8E93) addi t4, t4, -0x41
x29 <- 0xFFFFFFFFFFFFFFBF

mem[X,0x000000008000140C] -> 0x9E93
mem[X,0x000000008000140E] -> 0x00BE
[1288] [M]: 0x000000008000140C (0x00BE9E93) slli t4, t4, 0xb
x29 <- 0xFFFFFFFFFFFDF800

mem[X,0x0000000080001410] -> 0x8E93
mem[X,0x0000000080001412] -> 0x020E
[1289] [M]: 0x0000000080001410 (0x020E8E93) addi t4, t4, 0x20
x29 <- 0xFFFFFFFFFFFDF820

mem[X,0x0000000080001414] -> 0x9E93
mem[X,0x0000000080001416] -> 0x00BE
[1290] [M]: 0x0000000080001414 (0x00BE9E93) slli t4, t4, 0xb
x29 <- 0xFFFFFFFFEFC10000

mem[X,0x0000000080001418] -> 0x8E93
mem[X,0x000000008000141A] -> 0x000E
[1291] [M]: 0x0000000080001418 (0x000E8E93) addi t4, t4, 0x0
x29 <- 0xFFFFFFFFEFC10000

mem[X,0x000000008000141C] -> 0x9E93
mem[X,0x000000008000141E] -> 0x00AE
[1292] [M]: 0x000000008000141C (0x00AE9E93) slli t4, t4, 0xa
x29 <- 0xFFFFFFBF04000000

mem[X,0x0000000080001420] -> 0x0FB7
mem[X,0x0000000080001422] -> 0x0200
[1293] [M]: 0x0000000080001420 (0x02000FB7) lui t6, 0x2000
x31 <- 0x0000000002000000

mem[X,0x0000000080001424] -> 0x8F93
mem[X,0x0000000080001426] -> 0x000F
[1294] [M]: 0x0000000080001424 (0x000F8F93) addi t6, t6, 0x0
x31 <- 0x0000000002000000

mem[X,0x0000000080001428] -> 0x9F93
mem[X,0x000000008000142A] -> 0x00BF
[1295] [M]: 0x0000000080001428 (0x00BF9F93) slli t6, t6, 0xb
x31 <- 0x0000001000000000

mem[X,0x000000008000142C] -> 0x8F93
mem[X,0x000000008000142E] -> 0x7FFF
[1296] [M]: 0x000000008000142C (0x7FFF8F93) addi t6, t6, 0x7ff
x31 <- 0x00000010000007FF

mem[X,0x0000000080001430] -> 0x9F93
mem[X,0x0000000080001432] -> 0x00BF
[1297] [M]: 0x0000000080001430 (0x00BF9F93) slli t6, t6, 0xb
x31 <- 0x00008000003FF800

mem[X,0x0000000080001434] -> 0x8F93
mem[X,0x0000000080001436] -> 0x7DFF
[1298] [M]: 0x0000000080001434 (0x7DFF8F93) addi t6, t6, 0x7df
x31 <- 0x00008000003FFFDF

mem[X,0x0000000080001438] -> 0x9F93
mem[X,0x000000008000143A] -> 0x00AF
[1299] [M]: 0x0000000080001438 (0x00AF9F93) slli t6, t6, 0xa
x31 <- 0x02000000FFFF7C00

clint::tick mtime <- 0x000000000000000D
 clint timer pending at mtime 0x000000000000000D
htif::tick 0x0000000000000000
mem[X,0x000000008000143C] -> 0x8F93
mem[X,0x000000008000143E] -> 0x3FFF
[1300] [M]: 0x000000008000143C (0x3FFF8F93) addi t6, t6, 0x3ff
x31 <- 0x02000000FFFF7FFF

mem[X,0x0000000080001440] -> 0x1FBB
mem[X,0x0000000080001442] -> 0xBBDF
[1301] [M]: 0x0000000080001440 (0xBBDF1FBB) pmaccu.w.heo t6, t5, t4
x31 <- 0x02000000FFFF7FFF

mem[X,0x0000000080001444] -> 0xB423
mem[X,0x0000000080001446] -> 0x0BF0
[1302] [M]: 0x0000000080001444 (0x0BF0B423) sd t6, 0xa8(ra)
mem[0x00000000800062A8] <- 0x02000000FFFF7FFF

mem[X,0x0000000080001448] -> 0x0F13
mem[X,0x000000008000144A] -> 0x0190
[1303] [M]: 0x0000000080001448 (0x01900F13) addi t5, zero, 0x19
x30 <- 0x0000000000000019

mem[X,0x000000008000144C] -> 0x1F13
mem[X,0x000000008000144E] -> 0x01EF
[1304] [M]: 0x000000008000144C (0x01EF1F13) slli t5, t5, 0x1e
x30 <- 0x0000000640000000

mem[X,0x0000000080001450] -> 0x0EB7
mem[X,0x0000000080001452] -> 0xFFFF
[1305] [M]: 0x0000000080001450 (0xFFFF0EB7) lui t4, -0x10
x29 <- 0xFFFFFFFFFFFF0000

mem[X,0x0000000080001454] -> 0x8E93
mem[X,0x0000000080001456] -> 0xFFFE
[1306] [M]: 0x0000000080001454 (0xFFFE8E93) addi t4, t4, -0x1
x29 <- 0xFFFFFFFFFFFEFFFF

mem[X,0x0000000080001458] -> 0x9E93
mem[X,0x000000008000145A] -> 0x00BE
[1307] [M]: 0x0000000080001458 (0x00BE9E93) slli t4, t4, 0xb
x29 <- 0xFFFFFFFFF7FFF800

mem[X,0x000000008000145C] -> 0x8E93
mem[X,0x000000008000145E] -> 0x7FEE
[1308] [M]: 0x000000008000145C (0x7FEE8E93) addi t4, t4, 0x7fe
x29 <- 0xFFFFFFFFF7FFFFFE

mem[X,0x0000000080001460] -> 0x9E93
mem[X,0x0000000080001462] -> 0x00BE
[1309] [M]: 0x0000000080001460 (0x00BE9E93) slli t4, t4, 0xb
x29 <- 0xFFFFFFBFFFFFF000

mem[X,0x0000000080001464] -> 0x8E93
mem[X,0x0000000080001466] -> 0x7FFE
[1310] [M]: 0x0000000080001464 (0x7FFE8E93) addi t4, t4, 0x7ff
x29 <- 0xFFFFFFBFFFFFF7FF

mem[X,0x0000000080001468] -> 0x9E93
mem[X,0x000000008000146A] -> 0x00AE
[1311] [M]: 0x0000000080001468 (0x00AE9E93) slli t4, t4, 0xa
x29 <- 0xFFFEFFFFFFDFFC00

mem[X,0x000000008000146C] -> 0x8E93
mem[X,0x000000008000146E] -> 0x3FFE
[1312] [M]: 0x000000008000146C (0x3FFE8E93) addi t4, t4, 0x3ff
x29 <- 0xFFFEFFFFFFDFFFFF

mem[X,0x0000000080001470] -> 0x0FB7
mem[X,0x0000000080001472] -> 0x0000
[1313] [M]: 0x0000000080001470 (0x00000FB7) lui t6, 0x0
x31 <- 0x0000000000000000

mem[X,0x0000000080001474] -> 0x8F93
mem[X,0x0000000080001476] -> 0x008F
[1314] [M]: 0x0000000080001474 (0x008F8F93) addi t6, t6, 0x8
x31 <- 0x0000000000000008

mem[X,0x0000000080001478] -> 0x9F93
mem[X,0x000000008000147A] -> 0x00BF
[1315] [M]: 0x0000000080001478 (0x00BF9F93) slli t6, t6, 0xb
x31 <- 0x0000000000004000

mem[X,0x000000008000147C] -> 0x8F93
mem[X,0x000000008000147E] -> 0x7FFF
[1316] [M]: 0x000000008000147C (0x7FFF8F93) addi t6, t6, 0x7ff
x31 <- 0x00000000000047FF

mem[X,0x0000000080001480] -> 0x9F93
mem[X,0x0000000080001482] -> 0x00BF
[1317] [M]: 0x0000000080001480 (0x00BF9F93) slli t6, t6, 0xb
x31 <- 0x00000000023FF800

mem[X,0x0000000080001484] -> 0x8F93
mem[X,0x0000000080001486] -> 0x7BFF
[1318] [M]: 0x0000000080001484 (0x7BFF8F93) addi t6, t6, 0x7bf
x31 <- 0x00000000023FFFBF

mem[X,0x0000000080001488] -> 0x9F93
mem[X,0x000000008000148A] -> 0x00AF
[1319] [M]: 0x0000000080001488 (0x00AF9F93) slli t6, t6, 0xa
x31 <- 0x00000008FFFEFC00

mem[X,0x000000008000148C] -> 0x8F93
mem[X,0x000000008000148E] -> 0x3FFF
[1320] [M]: 0x000000008000148C (0x3FFF8F93) addi t6, t6, 0x3ff
x31 <- 0x00000008FFFEFFFF

mem[X,0x0000000080001490] -> 0x1FBB
mem[X,0x0000000080001492] -> 0xBBDF
[1321] [M]: 0x0000000080001490 (0xBBDF1FBB) pmaccu.w.heo t6, t5, t4
x31 <- 0x00000008FFFEFFFF

mem[X,0x0000000080001494] -> 0xB823
mem[X,0x0000000080001496] -> 0x0BF0
[1322] [M]: 0x0000000080001494 (0x0BF0B823) sd t6, 0xb0(ra)
mem[0x00000000800062B0] <- 0x00000008FFFEFFFF

mem[X,0x0000000080001498] -> 0x0F37
mem[X,0x000000008000149A] -> 0x0000
[1323] [M]: 0x0000000080001498 (0x00000F37) lui t5, 0x0
x30 <- 0x0000000000000000

mem[X,0x000000008000149C] -> 0x0F13
mem[X,0x000000008000149E] -> 0x010F
[1324] [M]: 0x000000008000149C (0x010F0F13) addi t5, t5, 0x10
x30 <- 0x0000000000000010

mem[X,0x00000000800014A0] -> 0x1F13
mem[X,0x00000000800014A2] -> 0x00BF
[1325] [M]: 0x00000000800014A0 (0x00BF1F13) slli t5, t5, 0xb
x30 <- 0x0000000000008000

mem[X,0x00000000800014A4] -> 0x0F13
mem[X,0x00000000800014A6] -> 0x000F
[1326] [M]: 0x00000000800014A4 (0x000F0F13) addi t5, t5, 0x0
x30 <- 0x0000000000008000

mem[X,0x00000000800014A8] -> 0x1F13
mem[X,0x00000000800014AA] -> 0x00BF
[1327] [M]: 0x00000000800014A8 (0x00BF1F13) slli t5, t5, 0xb
x30 <- 0x0000000004000000

mem[X,0x00000000800014AC] -> 0x0F13
mem[X,0x00000000800014AE] -> 0x000F
[1328] [M]: 0x00000000800014AC (0x000F0F13) addi t5, t5, 0x0
x30 <- 0x0000000004000000

mem[X,0x00000000800014B0] -> 0x1F13
mem[X,0x00000000800014B2] -> 0x00AF
[1329] [M]: 0x00000000800014B0 (0x00AF1F13) slli t5, t5, 0xa
x30 <- 0x0000001000000000

mem[X,0x00000000800014B4] -> 0x0F13
mem[X,0x00000000800014B6] -> 0x001F
[1330] [M]: 0x00000000800014B4 (0x001F0F13) addi t5, t5, 0x1
x30 <- 0x0000001000000001

mem[X,0x00000000800014B8] -> 0x0EB7
mem[X,0x00000000800014BA] -> 0x4000
[1331] [M]: 0x00000000800014B8 (0x40000EB7) lui t4, 0x40000
x29 <- 0x0000000040000000

mem[X,0x00000000800014BC] -> 0x8E93
mem[X,0x00000000800014BE] -> 0x000E
[1332] [M]: 0x00000000800014BC (0x000E8E93) addi t4, t4, 0x0
x29 <- 0x0000000040000000

mem[X,0x00000000800014C0] -> 0x9E93
mem[X,0x00000000800014C2] -> 0x00BE
[1333] [M]: 0x00000000800014C0 (0x00BE9E93) slli t4, t4, 0xb
x29 <- 0x0000020000000000

mem[X,0x00000000800014C4] -> 0x8E93
mem[X,0x00000000800014C6] -> 0x555E
[1334] [M]: 0x00000000800014C4 (0x555E8E93) addi t4, t4, 0x555
x29 <- 0x0000020000000555

mem[X,0x00000000800014C8] -> 0x9E93
mem[X,0x00000000800014CA] -> 0x00BE
[1335] [M]: 0x00000000800014C8 (0x00BE9E93) slli t4, t4, 0xb
x29 <- 0x00100000002AA800

mem[X,0x00000000800014CC] -> 0x8E93
mem[X,0x00000000800014CE] -> 0x2AAE
[1336] [M]: 0x00000000800014CC (0x2AAE8E93) addi t4, t4, 0x2aa
x29 <- 0x00100000002AAAAA

mem[X,0x00000000800014D0] -> 0x9E93
mem[X,0x00000000800014D2] -> 0x00AE
[1337] [M]: 0x00000000800014D0 (0x00AE9E93) slli t4, t4, 0xa
x29 <- 0x40000000AAAAA800

mem[X,0x00000000800014D4] -> 0x8E93
mem[X,0x00000000800014D6] -> 0x2AAE
[1338] [M]: 0x00000000800014D4 (0x2AAE8E93) addi t4, t4, 0x2aa
x29 <- 0x40000000AAAAAAAA

mem[X,0x00000000800014D8] -> 0x0FB7
mem[X,0x00000000800014DA] -> 0x0000
[1339] [M]: 0x00000000800014D8 (0x00000FB7) lui t6, 0x0
x31 <- 0x0000000000000000

mem[X,0x00000000800014DC] -> 0x8F93
mem[X,0x00000000800014DE] -> 0xFFCF
[1340] [M]: 0x00000000800014DC (0xFFCF8F93) addi t6, t6, -0x4
x31 <- 0xFFFFFFFFFFFFFFFC

mem[X,0x00000000800014E0] -> 0x9F93
mem[X,0x00000000800014E2] -> 0x00BF
[1341] [M]: 0x00000000800014E0 (0x00BF9F93) slli t6, t6, 0xb
x31 <- 0xFFFFFFFFFFFFE000

mem[X,0x00000000800014E4] -> 0x8F93
mem[X,0x00000000800014E6] -> 0x7FFF
[1342] [M]: 0x00000000800014E4 (0x7FFF8F93) addi t6, t6, 0x7ff
x31 <- 0xFFFFFFFFFFFFE7FF

mem[X,0x00000000800014E8] -> 0x9F93
mem[X,0x00000000800014EA] -> 0x00BF
[1343] [M]: 0x00000000800014E8 (0x00BF9F93) slli t6, t6, 0xb
x31 <- 0xFFFFFFFFFF3FF800

mem[X,0x00000000800014EC] -> 0x8F93
mem[X,0x00000000800014EE] -> 0x77FF
[1344] [M]: 0x00000000800014EC (0x77FF8F93) addi t6, t6, 0x77f
x31 <- 0xFFFFFFFFFF3FFF7F

mem[X,0x00000000800014F0] -> 0x9F93
mem[X,0x00000000800014F2] -> 0x00AF
[1345] [M]: 0x00000000800014F0 (0x00AF9F93) slli t6, t6, 0xa
x31 <- 0xFFFFFFFCFFFDFC00

mem[X,0x00000000800014F4] -> 0x8F93
mem[X,0x00000000800014F6] -> 0x3FFF
[1346] [M]: 0x00000000800014F4 (0x3FFF8F93) addi t6, t6, 0x3ff
x31 <- 0xFFFFFFFCFFFDFFFF

mem[X,0x00000000800014F8] -> 0x1FBB
mem[X,0x00000000800014FA] -> 0xBBDF
[1347] [M]: 0x00000000800014F8 (0xBBDF1FBB) pmaccu.w.heo t6, t5, t4
x31 <- 0x000000A6FFFE00A9

mem[X,0x00000000800014FC] -> 0xBC23
mem[X,0x00000000800014FE] -> 0x0BF0
[1348] [M]: 0x00000000800014FC (0x0BF0BC23) sd t6, 0xb8(ra)
mem[0x00000000800062B8] <- 0x000000A6FFFE00A9

mem[X,0x0000000080001500] -> 0x0F37
mem[X,0x0000000080001502] -> 0x0800
[1349] [M]: 0x0000000080001500 (0x08000F37) lui t5, 0x8000
x30 <- 0x0000000008000000

mem[X,0x0000000080001504] -> 0x0F13
mem[X,0x0000000080001506] -> 0x000F
[1350] [M]: 0x0000000080001504 (0x000F0F13) addi t5, t5, 0x0
x30 <- 0x0000000008000000

mem[X,0x0000000080001508] -> 0x1F13
mem[X,0x000000008000150A] -> 0x00BF
[1351] [M]: 0x0000000080001508 (0x00BF1F13) slli t5, t5, 0xb
x30 <- 0x0000004000000000

mem[X,0x000000008000150C] -> 0x0F13
mem[X,0x000000008000150E] -> 0x7FFF
[1352] [M]: 0x000000008000150C (0x7FFF0F13) addi t5, t5, 0x7ff
x30 <- 0x00000040000007FF

mem[X,0x0000000080001510] -> 0x1F13
mem[X,0x0000000080001512] -> 0x00BF
[1353] [M]: 0x0000000080001510 (0x00BF1F13) slli t5, t5, 0xb
x30 <- 0x00020000003FF800

mem[X,0x0000000080001514] -> 0x0F13
mem[X,0x0000000080001516] -> 0x3FFF
[1354] [M]: 0x0000000080001514 (0x3FFF0F13) addi t5, t5, 0x3ff
x30 <- 0x00020000003FFBFF

mem[X,0x0000000080001518] -> 0x1F13
mem[X,0x000000008000151A] -> 0x00AF
[1355] [M]: 0x0000000080001518 (0x00AF1F13) slli t5, t5, 0xa
x30 <- 0x08000000FFEFFC00

mem[X,0x000000008000151C] -> 0x0F13
mem[X,0x000000008000151E] -> 0x3FFF
[1356] [M]: 0x000000008000151C (0x3FFF0F13) addi t5, t5, 0x3ff
x30 <- 0x08000000FFEFFFFF

mem[X,0x0000000080001520] -> 0x0EB7
mem[X,0x0000000080001522] -> 0x0000
[1357] [M]: 0x0000000080001520 (0x00000EB7) lui t4, 0x0
x29 <- 0x0000000000000000

mem[X,0x0000000080001524] -> 0x8E93
mem[X,0x0000000080001526] -> 0x100E
[1358] [M]: 0x0000000080001524 (0x100E8E93) addi t4, t4, 0x100
x29 <- 0x0000000000000100

mem[X,0x0000000080001528] -> 0x9E93
mem[X,0x000000008000152A] -> 0x00BE
[1359] [M]: 0x0000000080001528 (0x00BE9E93) slli t4, t4, 0xb
x29 <- 0x0000000000080000

mem[X,0x000000008000152C] -> 0x8E93
mem[X,0x000000008000152E] -> 0x7FBE
[1360] [M]: 0x000000008000152C (0x7FBE8E93) addi t4, t4, 0x7fb
x29 <- 0x00000000000807FB

mem[X,0x0000000080001530] -> 0x9E93
mem[X,0x0000000080001532] -> 0x00BE
[1361] [M]: 0x0000000080001530 (0x00BE9E93) slli t4, t4, 0xb
x29 <- 0x00000000403FD800

mem[X,0x0000000080001534] -> 0x8E93
mem[X,0x0000000080001536] -> 0x7FFE
[1362] [M]: 0x0000000080001534 (0x7FFE8E93) addi t4, t4, 0x7ff
x29 <- 0x00000000403FDFFF

mem[X,0x0000000080001538] -> 0x9E93
mem[X,0x000000008000153A] -> 0x00AE
[1363] [M]: 0x0000000080001538 (0x00AE9E93) slli t4, t4, 0xa
x29 <- 0x00000100FF7FFC00

mem[X,0x000000008000153C] -> 0x8E93
mem[X,0x000000008000153E] -> 0x3FFE
[1364] [M]: 0x000000008000153C (0x3FFE8E93) addi t4, t4, 0x3ff
x29 <- 0x00000100FF7FFFFF

mem[X,0x0000000080001540] -> 0x8FB7
mem[X,0x0000000080001542] -> 0xFFFF
[1365] [M]: 0x0000000080001540 (0xFFFF8FB7) lui t6, -0x8
x31 <- 0xFFFFFFFFFFFF8000

mem[X,0x0000000080001544] -> 0x8F93
mem[X,0x0000000080001546] -> 0xFFFF
[1366] [M]: 0x0000000080001544 (0xFFFF8F93) addi t6, t6, -0x1
x31 <- 0xFFFFFFFFFFFF7FFF

mem[X,0x0000000080001548] -> 0x9F93
mem[X,0x000000008000154A] -> 0x00BF
[1367] [M]: 0x0000000080001548 (0x00BF9F93) slli t6, t6, 0xb
x31 <- 0xFFFFFFFFFBFFF800

mem[X,0x000000008000154C] -> 0x8F93
mem[X,0x000000008000154E] -> 0x7FFF
[1368] [M]: 0x000000008000154C (0x7FFF8F93) addi t6, t6, 0x7ff
x31 <- 0xFFFFFFFFFBFFFFFF

mem[X,0x0000000080001550] -> 0x9F93
mem[X,0x0000000080001552] -> 0x00BF
[1369] [M]: 0x0000000080001550 (0x00BF9F93) slli t6, t6, 0xb
x31 <- 0xFFFFFFDFFFFFF800

mem[X,0x0000000080001554] -> 0x8F93
mem[X,0x0000000080001556] -> 0x6FFF
[1370] [M]: 0x0000000080001554 (0x6FFF8F93) addi t6, t6, 0x6ff
x31 <- 0xFFFFFFDFFFFFFEFF

mem[X,0x0000000080001558] -> 0x9F93
mem[X,0x000000008000155A] -> 0x00AF
[1371] [M]: 0x0000000080001558 (0x00AF9F93) slli t6, t6, 0xa
x31 <- 0xFFFF7FFFFFFBFC00

mem[X,0x000000008000155C] -> 0x8F93
mem[X,0x000000008000155E] -> 0x3FFF
[1372] [M]: 0x000000008000155C (0x3FFF8F93) addi t6, t6, 0x3ff
x31 <- 0xFFFF7FFFFFFBFFFF

mem[X,0x0000000080001560] -> 0x1FBB
mem[X,0x0000000080001562] -> 0xBBDF
[1373] [M]: 0x0000000080001560 (0xBBDF1FBB) pmaccu.w.heo t6, t5, t4
x31 <- 0x00007E00FFFCFE00

mem[X,0x0000000080001564] -> 0xB023
mem[X,0x0000000080001566] -> 0x0DF0
[1374] [M]: 0x0000000080001564 (0x0DF0B023) sd t6, 0xc0(ra)
mem[0x00000000800062C0] <- 0x00007E00FFFCFE00

mem[X,0x0000000080001568] -> 0x0F13
mem[X,0x000000008000156A] -> 0xFFF0
[1375] [M]: 0x0000000080001568 (0xFFF00F13) addi t5, zero, -0x1
x30 <- 0xFFFFFFFFFFFFFFFF

mem[X,0x000000008000156C] -> 0x5F13
mem[X,0x000000008000156E] -> 0x03CF
[1376] [M]: 0x000000008000156C (0x03CF5F13) srli t5, t5, 0x3c
x30 <- 0x000000000000000F

mem[X,0x0000000080001570] -> 0x1F13
mem[X,0x0000000080001572] -> 0x01FF
[1377] [M]: 0x0000000080001570 (0x01FF1F13) slli t5, t5, 0x1f
x30 <- 0x0000000780000000

mem[X,0x0000000080001574] -> 0x0EB7
mem[X,0x0000000080001576] -> 0x0000
[1378] [M]: 0x0000000080001574 (0x00000EB7) lui t4, 0x0
x29 <- 0x0000000000000000

mem[X,0x0000000080001578] -> 0x8E93
mem[X,0x000000008000157A] -> 0x004E
[1379] [M]: 0x0000000080001578 (0x004E8E93) addi t4, t4, 0x4
x29 <- 0x0000000000000004

mem[X,0x000000008000157C] -> 0x9E93
mem[X,0x000000008000157E] -> 0x00BE
[1380] [M]: 0x000000008000157C (0x00BE9E93) slli t4, t4, 0xb
x29 <- 0x0000000000002000

mem[X,0x0000000080001580] -> 0x8E93
mem[X,0x0000000080001582] -> 0x7BFE
[1381] [M]: 0x0000000080001580 (0x7BFE8E93) addi t4, t4, 0x7bf
x29 <- 0x00000000000027BF

mem[X,0x0000000080001584] -> 0x9E93
mem[X,0x0000000080001586] -> 0x00BE
[1382] [M]: 0x0000000080001584 (0x00BE9E93) slli t4, t4, 0xb
x29 <- 0x00000000013DF800

mem[X,0x0000000080001588] -> 0x8E93
mem[X,0x000000008000158A] -> 0x7FFE
[1383] [M]: 0x0000000080001588 (0x7FFE8E93) addi t4, t4, 0x7ff
x29 <- 0x00000000013DFFFF

mem[X,0x000000008000158C] -> 0x9E93
mem[X,0x000000008000158E] -> 0x00AE
[1384] [M]: 0x000000008000158C (0x00AE9E93) slli t4, t4, 0xa
x29 <- 0x00000004F7FFFC00

mem[X,0x0000000080001590] -> 0x8E93
mem[X,0x0000000080001592] -> 0x3FFE
[1385] [M]: 0x0000000080001590 (0x3FFE8E93) addi t4, t4, 0x3ff
x29 <- 0x00000004F7FFFFFF

mem[X,0x0000000080001594] -> 0x0FB7
mem[X,0x0000000080001596] -> 0xE000
[1386] [M]: 0x0000000080001594 (0xE0000FB7) lui t6, -0x20000
x31 <- 0xFFFFFFFFE0000000

mem[X,0x0000000080001598] -> 0x8F93
mem[X,0x000000008000159A] -> 0xFFFF
[1387] [M]: 0x0000000080001598 (0xFFFF8F93) addi t6, t6, -0x1
x31 <- 0xFFFFFFFFDFFFFFFF

mem[X,0x000000008000159C] -> 0x9F93
mem[X,0x000000008000159E] -> 0x00BF
[1388] [M]: 0x000000008000159C (0x00BF9F93) slli t6, t6, 0xb
x31 <- 0xFFFFFEFFFFFFF800

mem[X,0x00000000800015A0] -> 0x8F93
mem[X,0x00000000800015A2] -> 0x7FFF
[1389] [M]: 0x00000000800015A0 (0x7FFF8F93) addi t6, t6, 0x7ff
x31 <- 0xFFFFFEFFFFFFFFFF

mem[X,0x00000000800015A4] -> 0x9F93
mem[X,0x00000000800015A6] -> 0x00BF
[1390] [M]: 0x00000000800015A4 (0x00BF9F93) slli t6, t6, 0xb
x31 <- 0xFFF7FFFFFFFFF800

mem[X,0x00000000800015A8] -> 0x8F93
mem[X,0x00000000800015AA] -> 0x5FFF
[1391] [M]: 0x00000000800015A8 (0x5FFF8F93) addi t6, t6, 0x5ff
x31 <- 0xFFF7FFFFFFFFFDFF

mem[X,0x00000000800015AC] -> 0x9F93
mem[X,0x00000000800015AE] -> 0x00AF
[1392] [M]: 0x00000000800015AC (0x00AF9F93) slli t6, t6, 0xa
x31 <- 0xDFFFFFFFFFF7FC00

mem[X,0x00000000800015B0] -> 0x8F93
mem[X,0x00000000800015B2] -> 0x3FFF
[1393] [M]: 0x00000000800015B0 (0x3FFF8F93) addi t6, t6, 0x3ff
x31 <- 0xDFFFFFFFFFF7FFFF

mem[X,0x00000000800015B4] -> 0x1FBB
mem[X,0x00000000800015B6] -> 0xBBDF
[1394] [M]: 0x00000000800015B4 (0xBBDF1FBB) pmaccu.w.heo t6, t5, t4
x31 <- 0xDFFFFFFFFFF7FFFF

mem[X,0x00000000800015B8] -> 0xB423
mem[X,0x00000000800015BA] -> 0x0DF0
[1395] [M]: 0x00000000800015B8 (0x0DF0B423) sd t6, 0xc8(ra)
mem[0x00000000800062C8] <- 0xDFFFFFFFFFF7FFFF

mem[X,0x00000000800015BC] -> 0xFF37
mem[X,0x00000000800015BE] -> 0xFFFF
[1396] [M]: 0x00000000800015BC (0xFFFFFF37) lui t5, -0x1
x30 <- 0xFFFFFFFFFFFFF000

mem[X,0x00000000800015C0] -> 0x0F13
mem[X,0x00000000800015C2] -> 0x7FFF
[1397] [M]: 0x00000000800015C0 (0x7FFF0F13) addi t5, t5, 0x7ff
x30 <- 0xFFFFFFFFFFFFF7FF

mem[X,0x00000000800015C4] -> 0x1F13
mem[X,0x00000000800015C6] -> 0x00BF
[1398] [M]: 0x00000000800015C4 (0x00BF1F13) slli t5, t5, 0xb
x30 <- 0xFFFFFFFFFFBFF800

mem[X,0x00000000800015C8] -> 0x0F13
mem[X,0x00000000800015CA] -> 0x7DFF
[1399] [M]: 0x00000000800015C8 (0x7DFF0F13) addi t5, t5, 0x7df
x30 <- 0xFFFFFFFFFFBFFFDF

clint::tick mtime <- 0x000000000000000E
 clint timer pending at mtime 0x000000000000000E
htif::tick 0x0000000000000000
mem[X,0x00000000800015CC] -> 0x1F13
mem[X,0x00000000800015CE] -> 0x00BF
[1400] [M]: 0x00000000800015CC (0x00BF1F13) slli t5, t5, 0xb
x30 <- 0xFFFFFFFDFFFEF800

mem[X,0x00000000800015D0] -> 0x0F13
mem[X,0x00000000800015D2] -> 0x7FFF
[1401] [M]: 0x00000000800015D0 (0x7FFF0F13) addi t5, t5, 0x7ff
x30 <- 0xFFFFFFFDFFFEFFFF

mem[X,0x00000000800015D4] -> 0x1F13
mem[X,0x00000000800015D6] -> 0x00AF
[1402] [M]: 0x00000000800015D4 (0x00AF1F13) slli t5, t5, 0xa
x30 <- 0xFFFFF7FFFBFFFC00

mem[X,0x00000000800015D8] -> 0x0F13
mem[X,0x00000000800015DA] -> 0x3FFF
[1403] [M]: 0x00000000800015D8 (0x3FFF0F13) addi t5, t5, 0x3ff
x30 <- 0xFFFFF7FFFBFFFFFF

mem[X,0x00000000800015DC] -> 0x0EB7
mem[X,0x00000000800015DE] -> 0x0000
[1404] [M]: 0x00000000800015DC (0x00000EB7) lui t4, 0x0
x29 <- 0x0000000000000000

mem[X,0x00000000800015E0] -> 0x8E93
mem[X,0x00000000800015E2] -> 0xFFDE
[1405] [M]: 0x00000000800015E0 (0xFFDE8E93) addi t4, t4, -0x3
x29 <- 0xFFFFFFFFFFFFFFFD

mem[X,0x00000000800015E4] -> 0x9E93
mem[X,0x00000000800015E6] -> 0x00BE
[1406] [M]: 0x00000000800015E4 (0x00BE9E93) slli t4, t4, 0xb
x29 <- 0xFFFFFFFFFFFFE800

mem[X,0x00000000800015E8] -> 0x8E93
mem[X,0x00000000800015EA] -> 0x7FFE
[1407] [M]: 0x00000000800015E8 (0x7FFE8E93) addi t4, t4, 0x7ff
x29 <- 0xFFFFFFFFFFFFEFFF

mem[X,0x00000000800015EC] -> 0x9E93
mem[X,0x00000000800015EE] -> 0x00BE
[1408] [M]: 0x00000000800015EC (0x00BE9E93) slli t4, t4, 0xb
x29 <- 0xFFFFFFFFFF7FF800

mem[X,0x00000000800015F0] -> 0x8E93
mem[X,0x00000000800015F2] -> 0x7F7E
[1409] [M]: 0x00000000800015F0 (0x7F7E8E93) addi t4, t4, 0x7f7
x29 <- 0xFFFFFFFFFF7FFFF7

mem[X,0x00000000800015F4] -> 0x9E93
mem[X,0x00000000800015F6] -> 0x00AE
[1410] [M]: 0x00000000800015F4 (0x00AE9E93) slli t4, t4, 0xa
x29 <- 0xFFFFFFFDFFFFDC00

mem[X,0x00000000800015F8] -> 0x8E93
mem[X,0x00000000800015FA] -> 0x3FFE
[1411] [M]: 0x00000000800015F8 (0x3FFE8E93) addi t4, t4, 0x3ff
x29 <- 0xFFFFFFFDFFFFDFFF

mem[X,0x00000000800015FC] -> 0x0FB7
mem[X,0x00000000800015FE] -> 0x0001
[1412] [M]: 0x00000000800015FC (0x00010FB7) lui t6, 0x10
x31 <- 0x0000000000010000

mem[X,0x0000000080001600] -> 0x8F93
mem[X,0x0000000080001602] -> 0x000F
[1413] [M]: 0x0000000080001600 (0x000F8F93) addi t6, t6, 0x0
x31 <- 0x0000000000010000

mem[X,0x0000000080001604] -> 0x9F93
mem[X,0x0000000080001606] -> 0x00BF
[1414] [M]: 0x0000000080001604 (0x00BF9F93) slli t6, t6, 0xb
x31 <- 0x0000000008000000

mem[X,0x0000000080001608] -> 0x8F93
mem[X,0x000000008000160A] -> 0x7FFF
[1415] [M]: 0x0000000080001608 (0x7FFF8F93) addi t6, t6, 0x7ff
x31 <- 0x00000000080007FF

mem[X,0x000000008000160C] -> 0x9F93
mem[X,0x000000008000160E] -> 0x00BF
[1416] [M]: 0x000000008000160C (0x00BF9F93) slli t6, t6, 0xb
x31 <- 0x00000040003FF800

mem[X,0x0000000080001610] -> 0x8F93
mem[X,0x0000000080001612] -> 0x3FFF
[1417] [M]: 0x0000000080001610 (0x3FFF8F93) addi t6, t6, 0x3ff
x31 <- 0x00000040003FFBFF

mem[X,0x0000000080001614] -> 0x9F93
mem[X,0x0000000080001616] -> 0x00AF
[1418] [M]: 0x0000000080001614 (0x00AF9F93) slli t6, t6, 0xa
x31 <- 0x00010000FFEFFC00

mem[X,0x0000000080001618] -> 0x8F93
mem[X,0x000000008000161A] -> 0x3FFF
[1419] [M]: 0x0000000080001618 (0x3FFF8F93) addi t6, t6, 0x3ff
x31 <- 0x00010000FFEFFFFF

mem[X,0x000000008000161C] -> 0x1FBB
mem[X,0x000000008000161E] -> 0xBBDF
[1420] [M]: 0x000000008000161C (0xBBDF1FBB) pmaccu.w.heo t6, t5, t4
x31 <- 0x0001DE21FFF0DE20

mem[X,0x0000000080001620] -> 0xB823
mem[X,0x0000000080001622] -> 0x0DF0
[1421] [M]: 0x0000000080001620 (0x0DF0B823) sd t6, 0xd0(ra)
mem[0x00000000800062D0] <- 0x0001DE21FFF0DE20

mem[X,0x0000000080001624] -> 0x0F37
mem[X,0x0000000080001626] -> 0x0000
[1422] [M]: 0x0000000080001624 (0x00000F37) lui t5, 0x0
x30 <- 0x0000000000000000

mem[X,0x0000000080001628] -> 0x0F13
mem[X,0x000000008000162A] -> 0xFFDF
[1423] [M]: 0x0000000080001628 (0xFFDF0F13) addi t5, t5, -0x3
x30 <- 0xFFFFFFFFFFFFFFFD

mem[X,0x000000008000162C] -> 0x1F13
mem[X,0x000000008000162E] -> 0x00BF
[1424] [M]: 0x000000008000162C (0x00BF1F13) slli t5, t5, 0xb
x30 <- 0xFFFFFFFFFFFFE800

mem[X,0x0000000080001630] -> 0x0F13
mem[X,0x0000000080001632] -> 0x7FFF
[1425] [M]: 0x0000000080001630 (0x7FFF0F13) addi t5, t5, 0x7ff
x30 <- 0xFFFFFFFFFFFFEFFF

mem[X,0x0000000080001634] -> 0x1F13
mem[X,0x0000000080001636] -> 0x00BF
[1426] [M]: 0x0000000080001634 (0x00BF1F13) slli t5, t5, 0xb
x30 <- 0xFFFFFFFFFF7FF800

mem[X,0x0000000080001638] -> 0x0F13
mem[X,0x000000008000163A] -> 0x7FDF
[1427] [M]: 0x0000000080001638 (0x7FDF0F13) addi t5, t5, 0x7fd
x30 <- 0xFFFFFFFFFF7FFFFD

mem[X,0x000000008000163C] -> 0x1F13
mem[X,0x000000008000163E] -> 0x00AF
[1428] [M]: 0x000000008000163C (0x00AF1F13) slli t5, t5, 0xa
x30 <- 0xFFFFFFFDFFFFF400

mem[X,0x0000000080001640] -> 0x0F13
mem[X,0x0000000080001642] -> 0x3FFF
[1429] [M]: 0x0000000080001640 (0x3FFF0F13) addi t5, t5, 0x3ff
x30 <- 0xFFFFFFFDFFFFF7FF

mem[X,0x0000000080001644] -> 0x0EB7
mem[X,0x0000000080001646] -> 0x0000
[1430] [M]: 0x0000000080001644 (0x00000EB7) lui t4, 0x0
x29 <- 0x0000000000000000

mem[X,0x0000000080001648] -> 0x8E93
mem[X,0x000000008000164A] -> 0xDFFE
[1431] [M]: 0x0000000080001648 (0xDFFE8E93) addi t4, t4, -0x201
x29 <- 0xFFFFFFFFFFFFFDFF

mem[X,0x000000008000164C] -> 0x9E93
mem[X,0x000000008000164E] -> 0x00BE
[1432] [M]: 0x000000008000164C (0x00BE9E93) slli t4, t4, 0xb
x29 <- 0xFFFFFFFFFFEFF800

mem[X,0x0000000080001650] -> 0x8E93
mem[X,0x0000000080001652] -> 0x000E
[1433] [M]: 0x0000000080001650 (0x000E8E93) addi t4, t4, 0x0
x29 <- 0xFFFFFFFFFFEFF800

mem[X,0x0000000080001654] -> 0x9E93
mem[X,0x0000000080001656] -> 0x00BE
[1434] [M]: 0x0000000080001654 (0x00BE9E93) slli t4, t4, 0xb
x29 <- 0xFFFFFFFF7FC00000

mem[X,0x0000000080001658] -> 0x8E93
mem[X,0x000000008000165A] -> 0x000E
[1435] [M]: 0x0000000080001658 (0x000E8E93) addi t4, t4, 0x0
x29 <- 0xFFFFFFFF7FC00000

mem[X,0x000000008000165C] -> 0x9E93
mem[X,0x000000008000165E] -> 0x00AE
[1436] [M]: 0x000000008000165C (0x00AE9E93) slli t4, t4, 0xa
x29 <- 0xFFFFFDFF00000000

mem[X,0x0000000080001660] -> 0x0FB7
mem[X,0x0000000080001662] -> 0xF800
[1437] [M]: 0x0000000080001660 (0xF8000FB7) lui t6, -0x8000
x31 <- 0xFFFFFFFFF8000000

mem[X,0x0000000080001664] -> 0x8F93
mem[X,0x0000000080001666] -> 0xFFFF
[1438] [M]: 0x0000000080001664 (0xFFFF8F93) addi t6, t6, -0x1
x31 <- 0xFFFFFFFFF7FFFFFF

mem[X,0x0000000080001668] -> 0x9F93
mem[X,0x000000008000166A] -> 0x00BF
[1439] [M]: 0x0000000080001668 (0x00BF9F93) slli t6, t6, 0xb
x31 <- 0xFFFFFFBFFFFFF800

mem[X,0x000000008000166C] -> 0x8F93
mem[X,0x000000008000166E] -> 0x7FEF
[1440] [M]: 0x000000008000166C (0x7FEF8F93) addi t6, t6, 0x7fe
x31 <- 0xFFFFFFBFFFFFFFFE

mem[X,0x0000000080001670] -> 0x9F93
mem[X,0x0000000080001672] -> 0x00BF
[1441] [M]: 0x0000000080001670 (0x00BF9F93) slli t6, t6, 0xb
x31 <- 0xFFFDFFFFFFFFF000

mem[X,0x0000000080001674] -> 0x8F93
mem[X,0x0000000080001676] -> 0x7FFF
[1442] [M]: 0x0000000080001674 (0x7FFF8F93) addi t6, t6, 0x7ff
x31 <- 0xFFFDFFFFFFFFF7FF

mem[X,0x0000000080001678] -> 0x9F93
mem[X,0x000000008000167A] -> 0x00AF
[1443] [M]: 0x0000000080001678 (0x00AF9F93) slli t6, t6, 0xa
x31 <- 0xF7FFFFFFFFDFFC00

mem[X,0x000000008000167C] -> 0x8F93
mem[X,0x000000008000167E] -> 0x3FFF
[1444] [M]: 0x000000008000167C (0x3FFF8F93) addi t6, t6, 0x3ff
x31 <- 0xF7FFFFFFFFDFFFFF

mem[X,0x0000000080001680] -> 0x1FBB
mem[X,0x0000000080001682] -> 0xBBDF
[1445] [M]: 0x0000000080001680 (0xBBDF1FBB) pmaccu.w.heo t6, t5, t4
x31 <- 0xF7FFFFFFFFDFFFFF

mem[X,0x0000000080001684] -> 0xBC23
mem[X,0x0000000080001686] -> 0x0DF0
[1446] [M]: 0x0000000080001684 (0x0DF0BC23) sd t6, 0xd8(ra)
mem[0x00000000800062D8] <- 0xF7FFFFFFFFDFFFFF

mem[X,0x0000000080001688] -> 0x0F37
mem[X,0x000000008000168A] -> 0x0000
[1447] [M]: 0x0000000080001688 (0x00000F37) lui t5, 0x0
x30 <- 0x0000000000000000

mem[X,0x000000008000168C] -> 0x0F13
mem[X,0x000000008000168E] -> 0xFEFF
[1448] [M]: 0x000000008000168C (0xFEFF0F13) addi t5, t5, -0x11
x30 <- 0xFFFFFFFFFFFFFFEF

mem[X,0x0000000080001690] -> 0x1F13
mem[X,0x0000000080001692] -> 0x00BF
[1449] [M]: 0x0000000080001690 (0x00BF1F13) slli t5, t5, 0xb
x30 <- 0xFFFFFFFFFFFF7800

mem[X,0x0000000080001694] -> 0x0F13
mem[X,0x0000000080001696] -> 0x000F
[1450] [M]: 0x0000000080001694 (0x000F0F13) addi t5, t5, 0x0
x30 <- 0xFFFFFFFFFFFF7800

mem[X,0x0000000080001698] -> 0x1F13
mem[X,0x000000008000169A] -> 0x00BF
[1451] [M]: 0x0000000080001698 (0x00BF1F13) slli t5, t5, 0xb
x30 <- 0xFFFFFFFFFBC00000

mem[X,0x000000008000169C] -> 0x0F13
mem[X,0x000000008000169E] -> 0x001F
[1452] [M]: 0x000000008000169C (0x001F0F13) addi t5, t5, 0x1
x30 <- 0xFFFFFFFFFBC00001

mem[X,0x00000000800016A0] -> 0x1F13
mem[X,0x00000000800016A2] -> 0x00AF
[1453] [M]: 0x00000000800016A0 (0x00AF1F13) slli t5, t5, 0xa
x30 <- 0xFFFFFFEF00000400

mem[X,0x00000000800016A4] -> 0x0EB7
mem[X,0x00000000800016A6] -> 0x0000
[1454] [M]: 0x00000000800016A4 (0x00000EB7) lui t4, 0x0
x29 <- 0x0000000000000000

mem[X,0x00000000800016A8] -> 0x8E93
mem[X,0x00000000800016AA] -> 0xFFEE
[1455] [M]: 0x00000000800016A8 (0xFFEE8E93) addi t4, t4, -0x2
x29 <- 0xFFFFFFFFFFFFFFFE

mem[X,0x00000000800016AC] -> 0x9E93
mem[X,0x00000000800016AE] -> 0x00BE
[1456] [M]: 0x00000000800016AC (0x00BE9E93) slli t4, t4, 0xb
x29 <- 0xFFFFFFFFFFFFF000

mem[X,0x00000000800016B0] -> 0x8E93
mem[X,0x00000000800016B2] -> 0x000E
[1457] [M]: 0x00000000800016B0 (0x000E8E93) addi t4, t4, 0x0
x29 <- 0xFFFFFFFFFFFFF000

mem[X,0x00000000800016B4] -> 0x9E93
mem[X,0x00000000800016B6] -> 0x00BE
[1458] [M]: 0x00000000800016B4 (0x00BE9E93) slli t4, t4, 0xb
x29 <- 0xFFFFFFFFFF800000

mem[X,0x00000000800016B8] -> 0x8E93
mem[X,0x00000000800016BA] -> 0x001E
[1459] [M]: 0x00000000800016B8 (0x001E8E93) addi t4, t4, 0x1
x29 <- 0xFFFFFFFFFF800001

mem[X,0x00000000800016BC] -> 0x9E93
mem[X,0x00000000800016BE] -> 0x00AE
[1460] [M]: 0x00000000800016BC (0x00AE9E93) slli t4, t4, 0xa
x29 <- 0xFFFFFFFE00000400

mem[X,0x00000000800016C0] -> 0x0FB7
mem[X,0x00000000800016C2] -> 0x0000
[1461] [M]: 0x00000000800016C0 (0x00000FB7) lui t6, 0x0
x31 <- 0x0000000000000000

mem[X,0x00000000800016C4] -> 0x8F93
mem[X,0x00000000800016C6] -> 0x001F
[1462] [M]: 0x00000000800016C4 (0x001F8F93) addi t6, t6, 0x1
x31 <- 0x0000000000000001

mem[X,0x00000000800016C8] -> 0x9F93
mem[X,0x00000000800016CA] -> 0x00BF
[1463] [M]: 0x00000000800016C8 (0x00BF9F93) slli t6, t6, 0xb
x31 <- 0x0000000000000800

mem[X,0x00000000800016CC] -> 0x8F93
mem[X,0x00000000800016CE] -> 0x7FDF
[1464] [M]: 0x00000000800016CC (0x7FDF8F93) addi t6, t6, 0x7fd
x31 <- 0x0000000000000FFD

mem[X,0x00000000800016D0] -> 0x9F93
mem[X,0x00000000800016D2] -> 0x00BF
[1465] [M]: 0x00000000800016D0 (0x00BF9F93) slli t6, t6, 0xb
x31 <- 0x00000000007FE800

mem[X,0x00000000800016D4] -> 0x8F93
mem[X,0x00000000800016D6] -> 0x7FFF
[1466] [M]: 0x00000000800016D4 (0x7FFF8F93) addi t6, t6, 0x7ff
x31 <- 0x00000000007FEFFF

mem[X,0x00000000800016D8] -> 0x9F93
mem[X,0x00000000800016DA] -> 0x00AF
[1467] [M]: 0x00000000800016D8 (0x00AF9F93) slli t6, t6, 0xa
x31 <- 0x00000001FFBFFC00

mem[X,0x00000000800016DC] -> 0x8F93
mem[X,0x00000000800016DE] -> 0x3FFF
[1468] [M]: 0x00000000800016DC (0x3FFF8F93) addi t6, t6, 0x3ff
x31 <- 0x00000001FFBFFFFF

mem[X,0x00000000800016E0] -> 0x1FBB
mem[X,0x00000000800016E2] -> 0xBBDF
[1469] [M]: 0x00000000800016E0 (0xBBDF1FBB) pmaccu.w.heo t6, t5, t4
x31 <- 0x00000001FFBFFFFF

mem[X,0x00000000800016E4] -> 0xB023
mem[X,0x00000000800016E6] -> 0x0FF0
[1470] [M]: 0x00000000800016E4 (0x0FF0B023) sd t6, 0xe0(ra)
mem[0x00000000800062E0] <- 0x00000001FFBFFFFF

mem[X,0x00000000800016E8] -> 0x0F37
mem[X,0x00000000800016EA] -> 0x0400
[1471] [M]: 0x00000000800016E8 (0x04000F37) lui t5, 0x4000
x30 <- 0x0000000004000000

mem[X,0x00000000800016EC] -> 0x0F13
mem[X,0x00000000800016EE] -> 0x000F
[1472] [M]: 0x00000000800016EC (0x000F0F13) addi t5, t5, 0x0
x30 <- 0x0000000004000000

mem[X,0x00000000800016F0] -> 0x1F13
mem[X,0x00000000800016F2] -> 0x00BF
[1473] [M]: 0x00000000800016F0 (0x00BF1F13) slli t5, t5, 0xb
x30 <- 0x0000002000000000

mem[X,0x00000000800016F4] -> 0x0F13
mem[X,0x00000000800016F6] -> 0x7FFF
[1474] [M]: 0x00000000800016F4 (0x7FFF0F13) addi t5, t5, 0x7ff
x30 <- 0x00000020000007FF

mem[X,0x00000000800016F8] -> 0x1F13
mem[X,0x00000000800016FA] -> 0x00BF
[1475] [M]: 0x00000000800016F8 (0x00BF1F13) slli t5, t5, 0xb
x30 <- 0x00010000003FF800

mem[X,0x00000000800016FC] -> 0x0F13
mem[X,0x00000000800016FE] -> 0x7FFF
[1476] [M]: 0x00000000800016FC (0x7FFF0F13) addi t5, t5, 0x7ff
x30 <- 0x00010000003FFFFF

mem[X,0x0000000080001700] -> 0x1F13
mem[X,0x0000000080001702] -> 0x00AF
[1477] [M]: 0x0000000080001700 (0x00AF1F13) slli t5, t5, 0xa
x30 <- 0x04000000FFFFFC00

mem[X,0x0000000080001704] -> 0x0F13
mem[X,0x0000000080001706] -> 0x3F8F
[1478] [M]: 0x0000000080001704 (0x3F8F0F13) addi t5, t5, 0x3f8
x30 <- 0x04000000FFFFFFF8

mem[X,0x0000000080001708] -> 0x0EB7
mem[X,0x000000008000170A] -> 0x0040
[1479] [M]: 0x0000000080001708 (0x00400EB7) lui t4, 0x400
x29 <- 0x0000000000400000

mem[X,0x000000008000170C] -> 0x8E93
mem[X,0x000000008000170E] -> 0x000E
[1480] [M]: 0x000000008000170C (0x000E8E93) addi t4, t4, 0x0
x29 <- 0x0000000000400000

mem[X,0x0000000080001710] -> 0x9E93
mem[X,0x0000000080001712] -> 0x00BE
[1481] [M]: 0x0000000080001710 (0x00BE9E93) slli t4, t4, 0xb
x29 <- 0x0000000200000000

mem[X,0x0000000080001714] -> 0x8E93
mem[X,0x0000000080001716] -> 0x004E
[1482] [M]: 0x0000000080001714 (0x004E8E93) addi t4, t4, 0x4
x29 <- 0x0000000200000004

mem[X,0x0000000080001718] -> 0x9E93
mem[X,0x000000008000171A] -> 0x00BE
[1483] [M]: 0x0000000080001718 (0x00BE9E93) slli t4, t4, 0xb
x29 <- 0x0000100000002000

mem[X,0x000000008000171C] -> 0x8E93
mem[X,0x000000008000171E] -> 0x000E
[1484] [M]: 0x000000008000171C (0x000E8E93) addi t4, t4, 0x0
x29 <- 0x0000100000002000

mem[X,0x0000000080001720] -> 0x9E93
mem[X,0x0000000080001722] -> 0x00AE
[1485] [M]: 0x0000000080001720 (0x00AE9E93) slli t4, t4, 0xa
x29 <- 0x0040000000800000

mem[X,0x0000000080001724] -> 0x0FB7
mem[X,0x0000000080001726] -> 0x0000
[1486] [M]: 0x0000000080001724 (0x00000FB7) lui t6, 0x0
x31 <- 0x0000000000000000

mem[X,0x0000000080001728] -> 0x8F93
mem[X,0x000000008000172A] -> 0xEFFF
[1487] [M]: 0x0000000080001728 (0xEFFF8F93) addi t6, t6, -0x101
x31 <- 0xFFFFFFFFFFFFFEFF

mem[X,0x000000008000172C] -> 0x9F93
mem[X,0x000000008000172E] -> 0x00BF
[1488] [M]: 0x000000008000172C (0x00BF9F93) slli t6, t6, 0xb
x31 <- 0xFFFFFFFFFFF7F800

mem[X,0x0000000080001730] -> 0x8F93
mem[X,0x0000000080001732] -> 0x7FBF
[1489] [M]: 0x0000000080001730 (0x7FBF8F93) addi t6, t6, 0x7fb
x31 <- 0xFFFFFFFFFFF7FFFB

mem[X,0x0000000080001734] -> 0x9F93
mem[X,0x0000000080001736] -> 0x00BF
[1490] [M]: 0x0000000080001734 (0x00BF9F93) slli t6, t6, 0xb
x31 <- 0xFFFFFFFFBFFFD800

mem[X,0x0000000080001738] -> 0x8F93
mem[X,0x000000008000173A] -> 0x7FFF
[1491] [M]: 0x0000000080001738 (0x7FFF8F93) addi t6, t6, 0x7ff
x31 <- 0xFFFFFFFFBFFFDFFF

mem[X,0x000000008000173C] -> 0x9F93
mem[X,0x000000008000173E] -> 0x00AF
[1492] [M]: 0x000000008000173C (0x00AF9F93) slli t6, t6, 0xa
x31 <- 0xFFFFFEFFFF7FFC00

mem[X,0x0000000080001740] -> 0x8F93
mem[X,0x0000000080001742] -> 0x3FFF
[1493] [M]: 0x0000000080001740 (0x3FFF8F93) addi t6, t6, 0x3ff
x31 <- 0xFFFFFEFFFF7FFFFF

mem[X,0x0000000080001744] -> 0x1FBB
mem[X,0x0000000080001746] -> 0xBBDF
[1494] [M]: 0x0000000080001744 (0xBBDF1FBB) pmaccu.w.heo t6, t5, t4
x31 <- 0xFFFFFEFFFF7FFFFF

mem[X,0x0000000080001748] -> 0xB423
mem[X,0x000000008000174A] -> 0x0FF0
[1495] [M]: 0x0000000080001748 (0x0FF0B423) sd t6, 0xe8(ra)
mem[0x00000000800062E8] <- 0xFFFFFEFFFF7FFFFF

mem[X,0x000000008000174C] -> 0x0F37
mem[X,0x000000008000174E] -> 0x0000
[1496] [M]: 0x000000008000174C (0x00000F37) lui t5, 0x0
x30 <- 0x0000000000000000

mem[X,0x0000000080001750] -> 0x0F13
mem[X,0x0000000080001752] -> 0xFFDF
[1497] [M]: 0x0000000080001750 (0xFFDF0F13) addi t5, t5, -0x3
x30 <- 0xFFFFFFFFFFFFFFFD

mem[X,0x0000000080001754] -> 0x1F13
mem[X,0x0000000080001756] -> 0x00BF
[1498] [M]: 0x0000000080001754 (0x00BF1F13) slli t5, t5, 0xb
x30 <- 0xFFFFFFFFFFFFE800

mem[X,0x0000000080001758] -> 0x0F13
mem[X,0x000000008000175A] -> 0x040F
[1499] [M]: 0x0000000080001758 (0x040F0F13) addi t5, t5, 0x40
x30 <- 0xFFFFFFFFFFFFE840

clint::tick mtime <- 0x000000000000000F
 clint timer pending at mtime 0x000000000000000F
htif::tick 0x0000000000000000
mem[X,0x000000008000175C] -> 0x1F13
mem[X,0x000000008000175E] -> 0x00BF
[1500] [M]: 0x000000008000175C (0x00BF1F13) slli t5, t5, 0xb
x30 <- 0xFFFFFFFFFF420000

mem[X,0x0000000080001760] -> 0x0F13
mem[X,0x0000000080001762] -> 0x000F
[1501] [M]: 0x0000000080001760 (0x000F0F13) addi t5, t5, 0x0
x30 <- 0xFFFFFFFFFF420000

mem[X,0x0000000080001764] -> 0x1F13
mem[X,0x0000000080001766] -> 0x00AF
[1502] [M]: 0x0000000080001764 (0x00AF1F13) slli t5, t5, 0xa
x30 <- 0xFFFFFFFD08000000

mem[X,0x0000000080001768] -> 0x0EB7
mem[X,0x000000008000176A] -> 0x0080
[1503] [M]: 0x0000000080001768 (0x00800EB7) lui t4, 0x800
x29 <- 0x0000000000800000

mem[X,0x000000008000176C] -> 0x8E93
mem[X,0x000000008000176E] -> 0x000E
[1504] [M]: 0x000000008000176C (0x000E8E93) addi t4, t4, 0x0
x29 <- 0x0000000000800000

mem[X,0x0000000080001770] -> 0x9E93
mem[X,0x0000000080001772] -> 0x00BE
[1505] [M]: 0x0000000080001770 (0x00BE9E93) slli t4, t4, 0xb
x29 <- 0x0000000400000000

mem[X,0x0000000080001774] -> 0x8E93
mem[X,0x0000000080001776] -> 0x7BFE
[1506] [M]: 0x0000000080001774 (0x7BFE8E93) addi t4, t4, 0x7bf
x29 <- 0x00000004000007BF

mem[X,0x0000000080001778] -> 0x9E93
mem[X,0x000000008000177A] -> 0x00BE
[1507] [M]: 0x0000000080001778 (0x00BE9E93) slli t4, t4, 0xb
x29 <- 0x00002000003DF800

mem[X,0x000000008000177C] -> 0x8E93
mem[X,0x000000008000177E] -> 0x7FFE
[1508] [M]: 0x000000008000177C (0x7FFE8E93) addi t4, t4, 0x7ff
x29 <- 0x00002000003DFFFF

mem[X,0x0000000080001780] -> 0x9E93
mem[X,0x0000000080001782] -> 0x00AE
[1509] [M]: 0x0000000080001780 (0x00AE9E93) slli t4, t4, 0xa
x29 <- 0x00800000F7FFFC00

mem[X,0x0000000080001784] -> 0x8E93
mem[X,0x0000000080001786] -> 0x3FFE
[1510] [M]: 0x0000000080001784 (0x3FFE8E93) addi t4, t4, 0x3ff
x29 <- 0x00800000F7FFFFFF

mem[X,0x0000000080001788] -> 0x0FB7
mem[X,0x000000008000178A] -> 0x0000
[1511] [M]: 0x0000000080001788 (0x00000FB7) lui t6, 0x0
x31 <- 0x0000000000000000

mem[X,0x000000008000178C] -> 0x8F93
mem[X,0x000000008000178E] -> 0xEFFF
[1512] [M]: 0x000000008000178C (0xEFFF8F93) addi t6, t6, -0x101
x31 <- 0xFFFFFFFFFFFFFEFF

mem[X,0x0000000080001790] -> 0x9F93
mem[X,0x0000000080001792] -> 0x00BF
[1513] [M]: 0x0000000080001790 (0x00BF9F93) slli t6, t6, 0xb
x31 <- 0xFFFFFFFFFFF7F800

mem[X,0x0000000080001794] -> 0x8F93
mem[X,0x0000000080001796] -> 0x7F7F
[1514] [M]: 0x0000000080001794 (0x7F7F8F93) addi t6, t6, 0x7f7
x31 <- 0xFFFFFFFFFFF7FFF7

mem[X,0x0000000080001798] -> 0x9F93
mem[X,0x000000008000179A] -> 0x00BF
[1515] [M]: 0x0000000080001798 (0x00BF9F93) slli t6, t6, 0xb
x31 <- 0xFFFFFFFFBFFFB800

mem[X,0x000000008000179C] -> 0x8F93
mem[X,0x000000008000179E] -> 0x7FFF
[1516] [M]: 0x000000008000179C (0x7FFF8F93) addi t6, t6, 0x7ff
x31 <- 0xFFFFFFFFBFFFBFFF

mem[X,0x00000000800017A0] -> 0x9F93
mem[X,0x00000000800017A2] -> 0x00AF
[1517] [M]: 0x00000000800017A0 (0x00AF9F93) slli t6, t6, 0xa
x31 <- 0xFFFFFEFFFEFFFC00

mem[X,0x00000000800017A4] -> 0x8F93
mem[X,0x00000000800017A6] -> 0x3FFF
[1518] [M]: 0x00000000800017A4 (0x3FFF8F93) addi t6, t6, 0x3ff
x31 <- 0xFFFFFEFFFEFFFFFF

mem[X,0x00000000800017A8] -> 0x1FBB
mem[X,0x00000000800017AA] -> 0xBBDF
[1519] [M]: 0x00000000800017A8 (0xBBDF1FBB) pmaccu.w.heo t6, t5, t4
x31 <- 0xFFFFFEFFFEFFFFFF

mem[X,0x00000000800017AC] -> 0xB823
mem[X,0x00000000800017AE] -> 0x0FF0
[1520] [M]: 0x00000000800017AC (0x0FF0B823) sd t6, 0xf0(ra)
mem[0x00000000800062F0] <- 0xFFFFFEFFFEFFFFFF

mem[X,0x00000000800017B0] -> 0xFF37
mem[X,0x00000000800017B2] -> 0xFFFF
[1521] [M]: 0x00000000800017B0 (0xFFFFFF37) lui t5, -0x1
x30 <- 0xFFFFFFFFFFFFF000

mem[X,0x00000000800017B4] -> 0x0F13
mem[X,0x00000000800017B6] -> 0xFFFF
[1522] [M]: 0x00000000800017B4 (0xFFFF0F13) addi t5, t5, -0x1
x30 <- 0xFFFFFFFFFFFFEFFF

mem[X,0x00000000800017B8] -> 0x1F13
mem[X,0x00000000800017BA] -> 0x00BF
[1523] [M]: 0x00000000800017B8 (0x00BF1F13) slli t5, t5, 0xb
x30 <- 0xFFFFFFFFFF7FF800

mem[X,0x00000000800017BC] -> 0x0F13
mem[X,0x00000000800017BE] -> 0x000F
[1524] [M]: 0x00000000800017BC (0x000F0F13) addi t5, t5, 0x0
x30 <- 0xFFFFFFFFFF7FF800

mem[X,0x00000000800017C0] -> 0x1F13
mem[X,0x00000000800017C2] -> 0x00BF
[1525] [M]: 0x00000000800017C0 (0x00BF1F13) slli t5, t5, 0xb
x30 <- 0xFFFFFFFBFFC00000

mem[X,0x00000000800017C4] -> 0x0F13
mem[X,0x00000000800017C6] -> 0x000F
[1526] [M]: 0x00000000800017C4 (0x000F0F13) addi t5, t5, 0x0
x30 <- 0xFFFFFFFBFFC00000

mem[X,0x00000000800017C8] -> 0x1F13
mem[X,0x00000000800017CA] -> 0x00AF
[1527] [M]: 0x00000000800017C8 (0x00AF1F13) slli t5, t5, 0xa
x30 <- 0xFFFFEFFF00000000

mem[X,0x00000000800017CC] -> 0x0F13
mem[X,0x00000000800017CE] -> 0x008F
[1528] [M]: 0x00000000800017CC (0x008F0F13) addi t5, t5, 0x8
x30 <- 0xFFFFEFFF00000008

mem[X,0x00000000800017D0] -> 0x0E93
mem[X,0x00000000800017D2] -> 0x0010
[1529] [M]: 0x00000000800017D0 (0x00100E93) addi t4, zero, 0x1
x29 <- 0x0000000000000001

mem[X,0x00000000800017D4] -> 0x9E93
mem[X,0x00000000800017D6] -> 0x033E
[1530] [M]: 0x00000000800017D4 (0x033E9E93) slli t4, t4, 0x33
x29 <- 0x0008000000000000

mem[X,0x00000000800017D8] -> 0x0FB7
mem[X,0x00000000800017DA] -> 0x0000
[1531] [M]: 0x00000000800017D8 (0x00000FB7) lui t6, 0x0
x31 <- 0x0000000000000000

mem[X,0x00000000800017DC] -> 0x8F93
mem[X,0x00000000800017DE] -> 0x000F
[1532] [M]: 0x00000000800017DC (0x000F8F93) addi t6, t6, 0x0
x31 <- 0x0000000000000000

mem[X,0x00000000800017E0] -> 0x9F93
mem[X,0x00000000800017E2] -> 0x00BF
[1533] [M]: 0x00000000800017E0 (0x00BF9F93) slli t6, t6, 0xb
x31 <- 0x0000000000000000

mem[X,0x00000000800017E4] -> 0x8F93
mem[X,0x00000000800017E6] -> 0x7EFF
[1534] [M]: 0x00000000800017E4 (0x7EFF8F93) addi t6, t6, 0x7ef
x31 <- 0x00000000000007EF

mem[X,0x00000000800017E8] -> 0x9F93
mem[X,0x00000000800017EA] -> 0x00BF
[1535] [M]: 0x00000000800017E8 (0x00BF9F93) slli t6, t6, 0xb
x31 <- 0x00000000003F7800

mem[X,0x00000000800017EC] -> 0x8F93
mem[X,0x00000000800017EE] -> 0x7FFF
[1536] [M]: 0x00000000800017EC (0x7FFF8F93) addi t6, t6, 0x7ff
x31 <- 0x00000000003F7FFF

mem[X,0x00000000800017F0] -> 0x9F93
mem[X,0x00000000800017F2] -> 0x00AF
[1537] [M]: 0x00000000800017F0 (0x00AF9F93) slli t6, t6, 0xa
x31 <- 0x00000000FDFFFC00

mem[X,0x00000000800017F4] -> 0x8F93
mem[X,0x00000000800017F6] -> 0x3FFF
[1538] [M]: 0x00000000800017F4 (0x3FFF8F93) addi t6, t6, 0x3ff
x31 <- 0x00000000FDFFFFFF

mem[X,0x00000000800017F8] -> 0x1FBB
mem[X,0x00000000800017FA] -> 0xBBDF
[1539] [M]: 0x00000000800017F8 (0xBBDF1FBB) pmaccu.w.heo t6, t5, t4
x31 <- 0x00000000FDFFFFFF

mem[X,0x00000000800017FC] -> 0xBC23
mem[X,0x00000000800017FE] -> 0x0FF0
[1540] [M]: 0x00000000800017FC (0x0FF0BC23) sd t6, 0xf8(ra)
mem[0x00000000800062F8] <- 0x00000000FDFFFFFF

mem[X,0x0000000080001800] -> 0x0F37
mem[X,0x0000000080001802] -> 0x2000
[1541] [M]: 0x0000000080001800 (0x20000F37) lui t5, 0x20000
x30 <- 0x0000000020000000

mem[X,0x0000000080001804] -> 0x0F13
mem[X,0x0000000080001806] -> 0x001F
[1542] [M]: 0x0000000080001804 (0x001F0F13) addi t5, t5, 0x1
x30 <- 0x0000000020000001

mem[X,0x0000000080001808] -> 0x1F13
mem[X,0x000000008000180A] -> 0x014F
[1543] [M]: 0x0000000080001808 (0x014F1F13) slli t5, t5, 0x14
x30 <- 0x0002000000100000

mem[X,0x000000008000180C] -> 0x0EB7
mem[X,0x000000008000180E] -> 0xF800
[1544] [M]: 0x000000008000180C (0xF8000EB7) lui t4, -0x8000
x29 <- 0xFFFFFFFFF8000000

mem[X,0x0000000080001810] -> 0x8E93
mem[X,0x0000000080001812] -> 0xFFFE
[1545] [M]: 0x0000000080001810 (0xFFFE8E93) addi t4, t4, -0x1
x29 <- 0xFFFFFFFFF7FFFFFF

mem[X,0x0000000080001814] -> 0x9E93
mem[X,0x0000000080001816] -> 0x00BE
[1546] [M]: 0x0000000080001814 (0x00BE9E93) slli t4, t4, 0xb
x29 <- 0xFFFFFFBFFFFFF800

mem[X,0x0000000080001818] -> 0x8E93
mem[X,0x000000008000181A] -> 0x000E
[1547] [M]: 0x0000000080001818 (0x000E8E93) addi t4, t4, 0x0
x29 <- 0xFFFFFFBFFFFFF800

mem[X,0x000000008000181C] -> 0x9E93
mem[X,0x000000008000181E] -> 0x00BE
[1548] [M]: 0x000000008000181C (0x00BE9E93) slli t4, t4, 0xb
x29 <- 0xFFFDFFFFFFC00000

mem[X,0x0000000080001820] -> 0x8E93
mem[X,0x0000000080001822] -> 0x000E
[1549] [M]: 0x0000000080001820 (0x000E8E93) addi t4, t4, 0x0
x29 <- 0xFFFDFFFFFFC00000

mem[X,0x0000000080001824] -> 0x9E93
mem[X,0x0000000080001826] -> 0x00AE
[1550] [M]: 0x0000000080001824 (0x00AE9E93) slli t4, t4, 0xa
x29 <- 0xF7FFFFFF00000000

mem[X,0x0000000080001828] -> 0x8E93
mem[X,0x000000008000182A] -> 0x003E
[1551] [M]: 0x0000000080001828 (0x003E8E93) addi t4, t4, 0x3
x29 <- 0xF7FFFFFF00000003

mem[X,0x000000008000182C] -> 0x0FB7
mem[X,0x000000008000182E] -> 0x0000
[1552] [M]: 0x000000008000182C (0x00000FB7) lui t6, 0x0
x31 <- 0x0000000000000000

mem[X,0x0000000080001830] -> 0x8F93
mem[X,0x0000000080001832] -> 0xFFBF
[1553] [M]: 0x0000000080001830 (0xFFBF8F93) addi t6, t6, -0x5
x31 <- 0xFFFFFFFFFFFFFFFB

mem[X,0x0000000080001834] -> 0x9F93
mem[X,0x0000000080001836] -> 0x00BF
[1554] [M]: 0x0000000080001834 (0x00BF9F93) slli t6, t6, 0xb
x31 <- 0xFFFFFFFFFFFFD800

mem[X,0x0000000080001838] -> 0x8F93
mem[X,0x000000008000183A] -> 0x7DFF
[1555] [M]: 0x0000000080001838 (0x7DFF8F93) addi t6, t6, 0x7df
x31 <- 0xFFFFFFFFFFFFDFDF

mem[X,0x000000008000183C] -> 0x9F93
mem[X,0x000000008000183E] -> 0x00BF
[1556] [M]: 0x000000008000183C (0x00BF9F93) slli t6, t6, 0xb
x31 <- 0xFFFFFFFFFEFEF800

mem[X,0x0000000080001840] -> 0x8F93
mem[X,0x0000000080001842] -> 0x7FFF
[1557] [M]: 0x0000000080001840 (0x7FFF8F93) addi t6, t6, 0x7ff
x31 <- 0xFFFFFFFFFEFEFFFF

mem[X,0x0000000080001844] -> 0x9F93
mem[X,0x0000000080001846] -> 0x00AF
[1558] [M]: 0x0000000080001844 (0x00AF9F93) slli t6, t6, 0xa
x31 <- 0xFFFFFFFBFBFFFC00

mem[X,0x0000000080001848] -> 0x8F93
mem[X,0x000000008000184A] -> 0x3FFF
[1559] [M]: 0x0000000080001848 (0x3FFF8F93) addi t6, t6, 0x3ff
x31 <- 0xFFFFFFFBFBFFFFFF

mem[X,0x000000008000184C] -> 0x1FBB
mem[X,0x000000008000184E] -> 0xBBDF
[1560] [M]: 0x000000008000184C (0xBBDF1FBB) pmaccu.w.heo t6, t5, t4
x31 <- 0xFFFFFFFBFBFFFFFF

mem[X,0x0000000080001850] -> 0xB023
mem[X,0x0000000080001852] -> 0x11F0
[1561] [M]: 0x0000000080001850 (0x11F0B023) sd t6, 0x100(ra)
mem[0x0000000080006300] <- 0xFFFFFFFBFBFFFFFF

mem[X,0x0000000080001854] -> 0x0F37
mem[X,0x0000000080001856] -> 0x0400
[1562] [M]: 0x0000000080001854 (0x04000F37) lui t5, 0x4000
x30 <- 0x0000000004000000

mem[X,0x0000000080001858] -> 0x0F13
mem[X,0x000000008000185A] -> 0x000F
[1563] [M]: 0x0000000080001858 (0x000F0F13) addi t5, t5, 0x0
x30 <- 0x0000000004000000

mem[X,0x000000008000185C] -> 0x1F13
mem[X,0x000000008000185E] -> 0x00BF
[1564] [M]: 0x000000008000185C (0x00BF1F13) slli t5, t5, 0xb
x30 <- 0x0000002000000000

mem[X,0x0000000080001860] -> 0x0F13
mem[X,0x0000000080001862] -> 0x000F
[1565] [M]: 0x0000000080001860 (0x000F0F13) addi t5, t5, 0x0
x30 <- 0x0000002000000000

mem[X,0x0000000080001864] -> 0x1F13
mem[X,0x0000000080001866] -> 0x00BF
[1566] [M]: 0x0000000080001864 (0x00BF1F13) slli t5, t5, 0xb
x30 <- 0x0001000000000000

mem[X,0x0000000080001868] -> 0x0F13
mem[X,0x000000008000186A] -> 0x000F
[1567] [M]: 0x0000000080001868 (0x000F0F13) addi t5, t5, 0x0
x30 <- 0x0001000000000000

mem[X,0x000000008000186C] -> 0x1F13
mem[X,0x000000008000186E] -> 0x00AF
[1568] [M]: 0x000000008000186C (0x00AF1F13) slli t5, t5, 0xa
x30 <- 0x0400000000000000

mem[X,0x0000000080001870] -> 0x0F13
mem[X,0x0000000080001872] -> 0x010F
[1569] [M]: 0x0000000080001870 (0x010F0F13) addi t5, t5, 0x10
x30 <- 0x0400000000000010

mem[X,0x0000000080001874] -> 0x0EB7
mem[X,0x0000000080001876] -> 0x0400
[1570] [M]: 0x0000000080001874 (0x04000EB7) lui t4, 0x4000
x29 <- 0x0000000004000000

mem[X,0x0000000080001878] -> 0x8E93
mem[X,0x000000008000187A] -> 0x000E
[1571] [M]: 0x0000000080001878 (0x000E8E93) addi t4, t4, 0x0
x29 <- 0x0000000004000000

mem[X,0x000000008000187C] -> 0x9E93
mem[X,0x000000008000187E] -> 0x00BE
[1572] [M]: 0x000000008000187C (0x00BE9E93) slli t4, t4, 0xb
x29 <- 0x0000002000000000

mem[X,0x0000000080001880] -> 0x8E93
mem[X,0x0000000080001882] -> 0x7FFE
[1573] [M]: 0x0000000080001880 (0x7FFE8E93) addi t4, t4, 0x7ff
x29 <- 0x00000020000007FF

mem[X,0x0000000080001884] -> 0x9E93
mem[X,0x0000000080001886] -> 0x00BE
[1574] [M]: 0x0000000080001884 (0x00BE9E93) slli t4, t4, 0xb
x29 <- 0x00010000003FF800

mem[X,0x0000000080001888] -> 0x8E93
mem[X,0x000000008000188A] -> 0x7FFE
[1575] [M]: 0x0000000080001888 (0x7FFE8E93) addi t4, t4, 0x7ff
x29 <- 0x00010000003FFFFF

mem[X,0x000000008000188C] -> 0x9E93
mem[X,0x000000008000188E] -> 0x00AE
[1576] [M]: 0x000000008000188C (0x00AE9E93) slli t4, t4, 0xa
x29 <- 0x04000000FFFFFC00

mem[X,0x0000000080001890] -> 0x8E93
mem[X,0x0000000080001892] -> 0x3FEE
[1577] [M]: 0x0000000080001890 (0x3FEE8E93) addi t4, t4, 0x3fe
x29 <- 0x04000000FFFFFFFE

mem[X,0x0000000080001894] -> 0x0FB7
mem[X,0x0000000080001896] -> 0x0000
[1578] [M]: 0x0000000080001894 (0x00000FB7) lui t6, 0x0
x31 <- 0x0000000000000000

mem[X,0x0000000080001898] -> 0x8F93
mem[X,0x000000008000189A] -> 0x020F
[1579] [M]: 0x0000000080001898 (0x020F8F93) addi t6, t6, 0x20
x31 <- 0x0000000000000020

mem[X,0x000000008000189C] -> 0x9F93
mem[X,0x000000008000189E] -> 0x00BF
[1580] [M]: 0x000000008000189C (0x00BF9F93) slli t6, t6, 0xb
x31 <- 0x0000000000010000

mem[X,0x00000000800018A0] -> 0x8F93
mem[X,0x00000000800018A2] -> 0x7BFF
[1581] [M]: 0x00000000800018A0 (0x7BFF8F93) addi t6, t6, 0x7bf
x31 <- 0x00000000000107BF

mem[X,0x00000000800018A4] -> 0x9F93
mem[X,0x00000000800018A6] -> 0x00BF
[1582] [M]: 0x00000000800018A4 (0x00BF9F93) slli t6, t6, 0xb
x31 <- 0x00000000083DF800

mem[X,0x00000000800018A8] -> 0x8F93
mem[X,0x00000000800018AA] -> 0x7FFF
[1583] [M]: 0x00000000800018A8 (0x7FFF8F93) addi t6, t6, 0x7ff
x31 <- 0x00000000083DFFFF

mem[X,0x00000000800018AC] -> 0x9F93
mem[X,0x00000000800018AE] -> 0x00AF
[1584] [M]: 0x00000000800018AC (0x00AF9F93) slli t6, t6, 0xa
x31 <- 0x00000020F7FFFC00

mem[X,0x00000000800018B0] -> 0x8F93
mem[X,0x00000000800018B2] -> 0x3FFF
[1585] [M]: 0x00000000800018B0 (0x3FFF8F93) addi t6, t6, 0x3ff
x31 <- 0x00000020F7FFFFFF

mem[X,0x00000000800018B4] -> 0x1FBB
mem[X,0x00000000800018B6] -> 0xBBDF
[1586] [M]: 0x00000000800018B4 (0xBBDF1FBB) pmaccu.w.heo t6, t5, t4
x31 <- 0x00001010F8000FEF

mem[X,0x00000000800018B8] -> 0xB423
mem[X,0x00000000800018BA] -> 0x11F0
[1587] [M]: 0x00000000800018B8 (0x11F0B423) sd t6, 0x108(ra)
mem[0x0000000080006308] <- 0x00001010F8000FEF

mem[X,0x00000000800018BC] -> 0x0F37
mem[X,0x00000000800018BE] -> 0x8000
[1588] [M]: 0x00000000800018BC (0x80000F37) lui t5, -0x80000
x30 <- 0xFFFFFFFF80000000

mem[X,0x00000000800018C0] -> 0x0F13
mem[X,0x00000000800018C2] -> 0xFFFF
[1589] [M]: 0x00000000800018C0 (0xFFFF0F13) addi t5, t5, -0x1
x30 <- 0xFFFFFFFF7FFFFFFF

mem[X,0x00000000800018C4] -> 0x1F13
mem[X,0x00000000800018C6] -> 0x00BF
[1590] [M]: 0x00000000800018C4 (0x00BF1F13) slli t5, t5, 0xb
x30 <- 0xFFFFFBFFFFFFF800

mem[X,0x00000000800018C8] -> 0x0F13
mem[X,0x00000000800018CA] -> 0x001F
[1591] [M]: 0x00000000800018C8 (0x001F0F13) addi t5, t5, 0x1
x30 <- 0xFFFFFBFFFFFFF801

mem[X,0x00000000800018CC] -> 0x1F13
mem[X,0x00000000800018CE] -> 0x00BF
[1592] [M]: 0x00000000800018CC (0x00BF1F13) slli t5, t5, 0xb
x30 <- 0xFFDFFFFFFFC00800

mem[X,0x00000000800018D0] -> 0x0F13
mem[X,0x00000000800018D2] -> 0x000F
[1593] [M]: 0x00000000800018D0 (0x000F0F13) addi t5, t5, 0x0
x30 <- 0xFFDFFFFFFFC00800

mem[X,0x00000000800018D4] -> 0x1F13
mem[X,0x00000000800018D6] -> 0x00AF
[1594] [M]: 0x00000000800018D4 (0x00AF1F13) slli t5, t5, 0xa
x30 <- 0x7FFFFFFF00200000

mem[X,0x00000000800018D8] -> 0x0EB7
mem[X,0x00000000800018DA] -> 0x0000
[1595] [M]: 0x00000000800018D8 (0x00000EB7) lui t4, 0x0
x29 <- 0x0000000000000000

mem[X,0x00000000800018DC] -> 0x8E93
mem[X,0x00000000800018DE] -> 0xEFFE
[1596] [M]: 0x00000000800018DC (0xEFFE8E93) addi t4, t4, -0x101
x29 <- 0xFFFFFFFFFFFFFEFF

mem[X,0x00000000800018E0] -> 0x9E93
mem[X,0x00000000800018E2] -> 0x00BE
[1597] [M]: 0x00000000800018E0 (0x00BE9E93) slli t4, t4, 0xb
x29 <- 0xFFFFFFFFFFF7F800

mem[X,0x00000000800018E4] -> 0x8E93
mem[X,0x00000000800018E6] -> 0x7FFE
[1598] [M]: 0x00000000800018E4 (0x7FFE8E93) addi t4, t4, 0x7ff
x29 <- 0xFFFFFFFFFFF7FFFF

mem[X,0x00000000800018E8] -> 0x9E93
mem[X,0x00000000800018EA] -> 0x00BE
[1599] [M]: 0x00000000800018E8 (0x00BE9E93) slli t4, t4, 0xb
x29 <- 0xFFFFFFFFBFFFF800

clint::tick mtime <- 0x0000000000000010
 clint timer pending at mtime 0x0000000000000010
htif::tick 0x0000000000000000
mem[X,0x00000000800018EC] -> 0x8E93
mem[X,0x00000000800018EE] -> 0x5FFE
[1600] [M]: 0x00000000800018EC (0x5FFE8E93) addi t4, t4, 0x5ff
x29 <- 0xFFFFFFFFBFFFFDFF

mem[X,0x00000000800018F0] -> 0x9E93
mem[X,0x00000000800018F2] -> 0x00AE
[1601] [M]: 0x00000000800018F0 (0x00AE9E93) slli t4, t4, 0xa
x29 <- 0xFFFFFEFFFFF7FC00

mem[X,0x00000000800018F4] -> 0x8E93
mem[X,0x00000000800018F6] -> 0x3FFE
[1602] [M]: 0x00000000800018F4 (0x3FFE8E93) addi t4, t4, 0x3ff
x29 <- 0xFFFFFEFFFFF7FFFF

mem[X,0x00000000800018F8] -> 0x0FB7
mem[X,0x00000000800018FA] -> 0x0020
[1603] [M]: 0x00000000800018F8 (0x00200FB7) lui t6, 0x200
x31 <- 0x0000000000200000

mem[X,0x00000000800018FC] -> 0x8F93
mem[X,0x00000000800018FE] -> 0x000F
[1604] [M]: 0x00000000800018FC (0x000F8F93) addi t6, t6, 0x0
x31 <- 0x0000000000200000

mem[X,0x0000000080001900] -> 0x9F93
mem[X,0x0000000080001902] -> 0x00BF
[1605] [M]: 0x0000000080001900 (0x00BF9F93) slli t6, t6, 0xb
x31 <- 0x0000000100000000

mem[X,0x0000000080001904] -> 0x8F93
mem[X,0x0000000080001906] -> 0x77FF
[1606] [M]: 0x0000000080001904 (0x77FF8F93) addi t6, t6, 0x77f
x31 <- 0x000000010000077F

mem[X,0x0000000080001908] -> 0x9F93
mem[X,0x000000008000190A] -> 0x00BF
[1607] [M]: 0x0000000080001908 (0x00BF9F93) slli t6, t6, 0xb
x31 <- 0x00000800003BF800

mem[X,0x000000008000190C] -> 0x8F93
mem[X,0x000000008000190E] -> 0x7FFF
[1608] [M]: 0x000000008000190C (0x7FFF8F93) addi t6, t6, 0x7ff
x31 <- 0x00000800003BFFFF

mem[X,0x0000000080001910] -> 0x9F93
mem[X,0x0000000080001912] -> 0x00AF
[1609] [M]: 0x0000000080001910 (0x00AF9F93) slli t6, t6, 0xa
x31 <- 0x00200000EFFFFC00

mem[X,0x0000000080001914] -> 0x8F93
mem[X,0x0000000080001916] -> 0x3FFF
[1610] [M]: 0x0000000080001914 (0x3FFF8F93) addi t6, t6, 0x3ff
x31 <- 0x00200000EFFFFFFF

mem[X,0x0000000080001918] -> 0x1FBB
mem[X,0x000000008000191A] -> 0xBBDF
[1611] [M]: 0x0000000080001918 (0xBBDF1FBB) pmaccu.w.heo t6, t5, t4
x31 <- 0x00200000EFFFFFFF

mem[X,0x000000008000191C] -> 0xB823
mem[X,0x000000008000191E] -> 0x11F0
[1612] [M]: 0x000000008000191C (0x11F0B823) sd t6, 0x110(ra)
mem[0x0000000080006310] <- 0x00200000EFFFFFFF

mem[X,0x0000000080001920] -> 0x0F37
mem[X,0x0000000080001922] -> 0x0000
[1613] [M]: 0x0000000080001920 (0x00000F37) lui t5, 0x0
x30 <- 0x0000000000000000

mem[X,0x0000000080001924] -> 0x0F13
mem[X,0x0000000080001926] -> 0xFFEF
[1614] [M]: 0x0000000080001924 (0xFFEF0F13) addi t5, t5, -0x2
x30 <- 0xFFFFFFFFFFFFFFFE

mem[X,0x0000000080001928] -> 0x1F13
mem[X,0x000000008000192A] -> 0x00BF
[1615] [M]: 0x0000000080001928 (0x00BF1F13) slli t5, t5, 0xb
x30 <- 0xFFFFFFFFFFFFF000

mem[X,0x000000008000192C] -> 0x0F13
mem[X,0x000000008000192E] -> 0x7FFF
[1616] [M]: 0x000000008000192C (0x7FFF0F13) addi t5, t5, 0x7ff
x30 <- 0xFFFFFFFFFFFFF7FF

mem[X,0x0000000080001930] -> 0x1F13
mem[X,0x0000000080001932] -> 0x00BF
[1617] [M]: 0x0000000080001930 (0x00BF1F13) slli t5, t5, 0xb
x30 <- 0xFFFFFFFFFFBFF800

mem[X,0x0000000080001934] -> 0x0F13
mem[X,0x0000000080001936] -> 0x77FF
[1618] [M]: 0x0000000080001934 (0x77FF0F13) addi t5, t5, 0x77f
x30 <- 0xFFFFFFFFFFBFFF7F

mem[X,0x0000000080001938] -> 0x1F13
mem[X,0x000000008000193A] -> 0x00AF
[1619] [M]: 0x0000000080001938 (0x00AF1F13) slli t5, t5, 0xa
x30 <- 0xFFFFFFFEFFFDFC00

mem[X,0x000000008000193C] -> 0x0F13
mem[X,0x000000008000193E] -> 0x3FFF
[1620] [M]: 0x000000008000193C (0x3FFF0F13) addi t5, t5, 0x3ff
x30 <- 0xFFFFFFFEFFFDFFFF

mem[X,0x0000000080001940] -> 0x0E93
mem[X,0x0000000080001942] -> 0xFFF0
[1621] [M]: 0x0000000080001940 (0xFFF00E93) addi t4, zero, -0x1
x29 <- 0xFFFFFFFFFFFFFFFF

mem[X,0x0000000080001944] -> 0xDE93
mem[X,0x0000000080001946] -> 0x03EE
[1622] [M]: 0x0000000080001944 (0x03EEDE93) srli t4, t4, 0x3e
x29 <- 0x0000000000000003

mem[X,0x0000000080001948] -> 0x9E93
mem[X,0x000000008000194A] -> 0x01FE
[1623] [M]: 0x0000000080001948 (0x01FE9E93) slli t4, t4, 0x1f
x29 <- 0x0000000180000000

mem[X,0x000000008000194C] -> 0xCE93
mem[X,0x000000008000194E] -> 0xFFFE
[1624] [M]: 0x000000008000194C (0xFFFECE93) xori t4, t4, -0x1
x29 <- 0xFFFFFFFE7FFFFFFF

mem[X,0x0000000080001950] -> 0x0FB7
mem[X,0x0000000080001952] -> 0x0000
[1625] [M]: 0x0000000080001950 (0x00000FB7) lui t6, 0x0
x31 <- 0x0000000000000000

mem[X,0x0000000080001954] -> 0x8F93
mem[X,0x0000000080001956] -> 0x006F
[1626] [M]: 0x0000000080001954 (0x006F8F93) addi t6, t6, 0x6
x31 <- 0x0000000000000006

mem[X,0x0000000080001958] -> 0x9F93
mem[X,0x000000008000195A] -> 0x00BF
[1627] [M]: 0x0000000080001958 (0x00BF9F93) slli t6, t6, 0xb
x31 <- 0x0000000000003000

mem[X,0x000000008000195C] -> 0x8F93
mem[X,0x000000008000195E] -> 0x6FFF
[1628] [M]: 0x000000008000195C (0x6FFF8F93) addi t6, t6, 0x6ff
x31 <- 0x00000000000036FF

mem[X,0x0000000080001960] -> 0x9F93
mem[X,0x0000000080001962] -> 0x00BF
[1629] [M]: 0x0000000080001960 (0x00BF9F93) slli t6, t6, 0xb
x31 <- 0x0000000001B7F800

mem[X,0x0000000080001964] -> 0x8F93
mem[X,0x0000000080001966] -> 0x7FFF
[1630] [M]: 0x0000000080001964 (0x7FFF8F93) addi t6, t6, 0x7ff
x31 <- 0x0000000001B7FFFF

mem[X,0x0000000080001968] -> 0x9F93
mem[X,0x000000008000196A] -> 0x00AF
[1631] [M]: 0x0000000080001968 (0x00AF9F93) slli t6, t6, 0xa
x31 <- 0x00000006DFFFFC00

mem[X,0x000000008000196C] -> 0x8F93
mem[X,0x000000008000196E] -> 0x3FFF
[1632] [M]: 0x000000008000196C (0x3FFF8F93) addi t6, t6, 0x3ff
x31 <- 0x00000006DFFFFFFF

mem[X,0x0000000080001970] -> 0x1FBB
mem[X,0x0000000080001972] -> 0xBBDF
[1633] [M]: 0x0000000080001970 (0xBBDF1FBB) pmaccu.w.heo t6, t5, t4
x31 <- 0x0000FE07E000FE00

mem[X,0x0000000080001974] -> 0xBC23
mem[X,0x0000000080001976] -> 0x11F0
[1634] [M]: 0x0000000080001974 (0x11F0BC23) sd t6, 0x118(ra)
mem[0x0000000080006318] <- 0x0000FE07E000FE00

mem[X,0x0000000080001978] -> 0x0F37
mem[X,0x000000008000197A] -> 0x0A00
[1635] [M]: 0x0000000080001978 (0x0A000F37) lui t5, 0xa000
x30 <- 0x000000000A000000

mem[X,0x000000008000197C] -> 0x0F13
mem[X,0x000000008000197E] -> 0x001F
[1636] [M]: 0x000000008000197C (0x001F0F13) addi t5, t5, 0x1
x30 <- 0x000000000A000001

mem[X,0x0000000080001980] -> 0x1F13
mem[X,0x0000000080001982] -> 0x007F
[1637] [M]: 0x0000000080001980 (0x007F1F13) slli t5, t5, 0x7
x30 <- 0x0000000500000080

mem[X,0x0000000080001984] -> 0xEEB7
mem[X,0x0000000080001986] -> 0xFFFF
[1638] [M]: 0x0000000080001984 (0xFFFFEEB7) lui t4, -0x2
x29 <- 0xFFFFFFFFFFFFE000

mem[X,0x0000000080001988] -> 0x8E93
mem[X,0x000000008000198A] -> 0xFFFE
[1639] [M]: 0x0000000080001988 (0xFFFE8E93) addi t4, t4, -0x1
x29 <- 0xFFFFFFFFFFFFDFFF

mem[X,0x000000008000198C] -> 0x9E93
mem[X,0x000000008000198E] -> 0x00BE
[1640] [M]: 0x000000008000198C (0x00BE9E93) slli t4, t4, 0xb
x29 <- 0xFFFFFFFFFEFFF800

mem[X,0x0000000080001990] -> 0x8E93
mem[X,0x0000000080001992] -> 0x7FFE
[1641] [M]: 0x0000000080001990 (0x7FFE8E93) addi t4, t4, 0x7ff
x29 <- 0xFFFFFFFFFEFFFFFF

mem[X,0x0000000080001994] -> 0x9E93
mem[X,0x0000000080001996] -> 0x00BE
[1642] [M]: 0x0000000080001994 (0x00BE9E93) slli t4, t4, 0xb
x29 <- 0xFFFFFFF7FFFFF800

mem[X,0x0000000080001998] -> 0x8E93
mem[X,0x000000008000199A] -> 0x7FFE
[1643] [M]: 0x0000000080001998 (0x7FFE8E93) addi t4, t4, 0x7ff
x29 <- 0xFFFFFFF7FFFFFFFF

mem[X,0x000000008000199C] -> 0x9E93
mem[X,0x000000008000199E] -> 0x00AE
[1644] [M]: 0x000000008000199C (0x00AE9E93) slli t4, t4, 0xa
x29 <- 0xFFFFDFFFFFFFFC00

mem[X,0x00000000800019A0] -> 0x8E93
mem[X,0x00000000800019A2] -> 0x3FEE
[1645] [M]: 0x00000000800019A0 (0x3FEE8E93) addi t4, t4, 0x3fe
x29 <- 0xFFFFDFFFFFFFFFFE

mem[X,0x00000000800019A4] -> 0x0FB7
mem[X,0x00000000800019A6] -> 0xC000
[1646] [M]: 0x00000000800019A4 (0xC0000FB7) lui t6, -0x40000
x31 <- 0xFFFFFFFFC0000000

mem[X,0x00000000800019A8] -> 0x8F93
mem[X,0x00000000800019AA] -> 0xFFFF
[1647] [M]: 0x00000000800019A8 (0xFFFF8F93) addi t6, t6, -0x1
x31 <- 0xFFFFFFFFBFFFFFFF

mem[X,0x00000000800019AC] -> 0x9F93
mem[X,0x00000000800019AE] -> 0x00BF
[1648] [M]: 0x00000000800019AC (0x00BF9F93) slli t6, t6, 0xb
x31 <- 0xFFFFFDFFFFFFF800

mem[X,0x00000000800019B0] -> 0x8F93
mem[X,0x00000000800019B2] -> 0x5FFF
[1649] [M]: 0x00000000800019B0 (0x5FFF8F93) addi t6, t6, 0x5ff
x31 <- 0xFFFFFDFFFFFFFDFF

mem[X,0x00000000800019B4] -> 0x9F93
mem[X,0x00000000800019B6] -> 0x00BF
[1650] [M]: 0x00000000800019B4 (0x00BF9F93) slli t6, t6, 0xb
x31 <- 0xFFEFFFFFFFEFF800

mem[X,0x00000000800019B8] -> 0x8F93
mem[X,0x00000000800019BA] -> 0x7FFF
[1651] [M]: 0x00000000800019B8 (0x7FFF8F93) addi t6, t6, 0x7ff
x31 <- 0xFFEFFFFFFFEFFFFF

mem[X,0x00000000800019BC] -> 0x9F93
mem[X,0x00000000800019BE] -> 0x00AF
[1652] [M]: 0x00000000800019BC (0x00AF9F93) slli t6, t6, 0xa
x31 <- 0xBFFFFFFFBFFFFC00

mem[X,0x00000000800019C0] -> 0x8F93
mem[X,0x00000000800019C2] -> 0x3FFF
[1653] [M]: 0x00000000800019C0 (0x3FFF8F93) addi t6, t6, 0x3ff
x31 <- 0xBFFFFFFFBFFFFFFF

mem[X,0x00000000800019C4] -> 0x1FBB
mem[X,0x00000000800019C6] -> 0xBBDF
[1654] [M]: 0x00000000800019C4 (0xBBDF1FBB) pmaccu.w.heo t6, t5, t4
x31 <- 0xC0007F7FC0007F7F

mem[X,0x00000000800019C8] -> 0xB023
mem[X,0x00000000800019CA] -> 0x13F0
[1655] [M]: 0x00000000800019C8 (0x13F0B023) sd t6, 0x120(ra)
mem[0x0000000080006320] <- 0xC0007F7FC0007F7F

mem[X,0x00000000800019CC] -> 0x0F37
mem[X,0x00000000800019CE] -> 0x0004
[1656] [M]: 0x00000000800019CC (0x00040F37) lui t5, 0x40
x30 <- 0x0000000000040000

mem[X,0x00000000800019D0] -> 0x0F13
mem[X,0x00000000800019D2] -> 0x000F
[1657] [M]: 0x00000000800019D0 (0x000F0F13) addi t5, t5, 0x0
x30 <- 0x0000000000040000

mem[X,0x00000000800019D4] -> 0x1F13
mem[X,0x00000000800019D6] -> 0x00BF
[1658] [M]: 0x00000000800019D4 (0x00BF1F13) slli t5, t5, 0xb
x30 <- 0x0000000020000000

mem[X,0x00000000800019D8] -> 0x0F13
mem[X,0x00000000800019DA] -> 0x000F
[1659] [M]: 0x00000000800019D8 (0x000F0F13) addi t5, t5, 0x0
x30 <- 0x0000000020000000

mem[X,0x00000000800019DC] -> 0x1F13
mem[X,0x00000000800019DE] -> 0x00BF
[1660] [M]: 0x00000000800019DC (0x00BF1F13) slli t5, t5, 0xb
x30 <- 0x0000010000000000

mem[X,0x00000000800019E0] -> 0x0F13
mem[X,0x00000000800019E2] -> 0x001F
[1661] [M]: 0x00000000800019E0 (0x001F0F13) addi t5, t5, 0x1
x30 <- 0x0000010000000001

mem[X,0x00000000800019E4] -> 0x1F13
mem[X,0x00000000800019E6] -> 0x00AF
[1662] [M]: 0x00000000800019E4 (0x00AF1F13) slli t5, t5, 0xa
x30 <- 0x0004000000000400

mem[X,0x00000000800019E8] -> 0x0EB7
mem[X,0x00000000800019EA] -> 0x4000
[1663] [M]: 0x00000000800019E8 (0x40000EB7) lui t4, 0x40000
x29 <- 0x0000000040000000

mem[X,0x00000000800019EC] -> 0x8E93
mem[X,0x00000000800019EE] -> 0xFFFE
[1664] [M]: 0x00000000800019EC (0xFFFE8E93) addi t4, t4, -0x1
x29 <- 0x000000003FFFFFFF

mem[X,0x00000000800019F0] -> 0x9E93
mem[X,0x00000000800019F2] -> 0x00BE
[1665] [M]: 0x00000000800019F0 (0x00BE9E93) slli t4, t4, 0xb
x29 <- 0x000001FFFFFFF800

mem[X,0x00000000800019F4] -> 0x8E93
mem[X,0x00000000800019F6] -> 0x7EFE
[1666] [M]: 0x00000000800019F4 (0x7EFE8E93) addi t4, t4, 0x7ef
x29 <- 0x000001FFFFFFFFEF

mem[X,0x00000000800019F8] -> 0x9E93
mem[X,0x00000000800019FA] -> 0x00BE
[1667] [M]: 0x00000000800019F8 (0x00BE9E93) slli t4, t4, 0xb
x29 <- 0x000FFFFFFFFF7800

mem[X,0x00000000800019FC] -> 0x8E93
mem[X,0x00000000800019FE] -> 0x7FFE
[1668] [M]: 0x00000000800019FC (0x7FFE8E93) addi t4, t4, 0x7ff
x29 <- 0x000FFFFFFFFF7FFF

mem[X,0x0000000080001A00] -> 0x9E93
mem[X,0x0000000080001A02] -> 0x00AE
[1669] [M]: 0x0000000080001A00 (0x00AE9E93) slli t4, t4, 0xa
x29 <- 0x3FFFFFFFFDFFFC00

mem[X,0x0000000080001A04] -> 0x8E93
mem[X,0x0000000080001A06] -> 0x3FFE
[1670] [M]: 0x0000000080001A04 (0x3FFE8E93) addi t4, t4, 0x3ff
x29 <- 0x3FFFFFFFFDFFFFFF

mem[X,0x0000000080001A08] -> 0x0FB7
mem[X,0x0000000080001A0A] -> 0xE000
[1671] [M]: 0x0000000080001A08 (0xE0000FB7) lui t6, -0x20000
x31 <- 0xFFFFFFFFE0000000

mem[X,0x0000000080001A0C] -> 0x8F93
mem[X,0x0000000080001A0E] -> 0xFFFF
[1672] [M]: 0x0000000080001A0C (0xFFFF8F93) addi t6, t6, -0x1
x31 <- 0xFFFFFFFFDFFFFFFF

mem[X,0x0000000080001A10] -> 0x9F93
mem[X,0x0000000080001A12] -> 0x00BF
[1673] [M]: 0x0000000080001A10 (0x00BF9F93) slli t6, t6, 0xb
x31 <- 0xFFFFFEFFFFFFF800

mem[X,0x0000000080001A14] -> 0x8F93
mem[X,0x0000000080001A16] -> 0x2AAF
[1674] [M]: 0x0000000080001A14 (0x2AAF8F93) addi t6, t6, 0x2aa
x31 <- 0xFFFFFEFFFFFFFAAA

mem[X,0x0000000080001A18] -> 0x9F93
mem[X,0x0000000080001A1A] -> 0x00BF
[1675] [M]: 0x0000000080001A18 (0x00BF9F93) slli t6, t6, 0xb
x31 <- 0xFFF7FFFFFFD55000

mem[X,0x0000000080001A1C] -> 0x8F93
mem[X,0x0000000080001A1E] -> 0x555F
[1676] [M]: 0x0000000080001A1C (0x555F8F93) addi t6, t6, 0x555
x31 <- 0xFFF7FFFFFFD55555

mem[X,0x0000000080001A20] -> 0x9F93
mem[X,0x0000000080001A22] -> 0x00AF
[1677] [M]: 0x0000000080001A20 (0x00AF9F93) slli t6, t6, 0xa
x31 <- 0xDFFFFFFF55555400

mem[X,0x0000000080001A24] -> 0x8F93
mem[X,0x0000000080001A26] -> 0x155F
[1678] [M]: 0x0000000080001A24 (0x155F8F93) addi t6, t6, 0x155
x31 <- 0xDFFFFFFF55555555

mem[X,0x0000000080001A28] -> 0x1FBB
mem[X,0x0000000080001A2A] -> 0xBBDF
[1679] [M]: 0x0000000080001A28 (0xBBDF1FBB) pmaccu.w.heo t6, t5, t4
x31 <- 0xDFFFFFFF55555555

mem[X,0x0000000080001A2C] -> 0xB423
mem[X,0x0000000080001A2E] -> 0x13F0
[1680] [M]: 0x0000000080001A2C (0x13F0B423) sd t6, 0x128(ra)
mem[0x0000000080006328] <- 0xDFFFFFFF55555555

mem[X,0x0000000080001A30] -> 0x0F37
mem[X,0x0000000080001A32] -> 0x0000
[1681] [M]: 0x0000000080001A30 (0x00000F37) lui t5, 0x0
x30 <- 0x0000000000000000

mem[X,0x0000000080001A34] -> 0x0F13
mem[X,0x0000000080001A36] -> 0xFF6F
[1682] [M]: 0x0000000080001A34 (0xFF6F0F13) addi t5, t5, -0xa
x30 <- 0xFFFFFFFFFFFFFFF6

mem[X,0x0000000080001A38] -> 0x1F13
mem[X,0x0000000080001A3A] -> 0x00BF
[1683] [M]: 0x0000000080001A38 (0x00BF1F13) slli t5, t5, 0xb
x30 <- 0xFFFFFFFFFFFFB000

mem[X,0x0000000080001A3C] -> 0x0F13
mem[X,0x0000000080001A3E] -> 0x000F
[1684] [M]: 0x0000000080001A3C (0x000F0F13) addi t5, t5, 0x0
x30 <- 0xFFFFFFFFFFFFB000

mem[X,0x0000000080001A40] -> 0x1F13
mem[X,0x0000000080001A42] -> 0x00BF
[1685] [M]: 0x0000000080001A40 (0x00BF1F13) slli t5, t5, 0xb
x30 <- 0xFFFFFFFFFD800000

mem[X,0x0000000080001A44] -> 0x0F13
mem[X,0x0000000080001A46] -> 0x000F
[1686] [M]: 0x0000000080001A44 (0x000F0F13) addi t5, t5, 0x0
x30 <- 0xFFFFFFFFFD800000

mem[X,0x0000000080001A48] -> 0x1F13
mem[X,0x0000000080001A4A] -> 0x00AF
[1687] [M]: 0x0000000080001A48 (0x00AF1F13) slli t5, t5, 0xa
x30 <- 0xFFFFFFF600000000

mem[X,0x0000000080001A4C] -> 0x0F13
mem[X,0x0000000080001A4E] -> 0x006F
[1688] [M]: 0x0000000080001A4C (0x006F0F13) addi t5, t5, 0x6
x30 <- 0xFFFFFFF600000006

mem[X,0x0000000080001A50] -> 0x0EB7
mem[X,0x0000000080001A52] -> 0x0020
[1689] [M]: 0x0000000080001A50 (0x00200EB7) lui t4, 0x200
x29 <- 0x0000000000200000

mem[X,0x0000000080001A54] -> 0x8E93
mem[X,0x0000000080001A56] -> 0x000E
[1690] [M]: 0x0000000080001A54 (0x000E8E93) addi t4, t4, 0x0
x29 <- 0x0000000000200000

mem[X,0x0000000080001A58] -> 0x9E93
mem[X,0x0000000080001A5A] -> 0x00BE
[1691] [M]: 0x0000000080001A58 (0x00BE9E93) slli t4, t4, 0xb
x29 <- 0x0000000100000000

mem[X,0x0000000080001A5C] -> 0x8E93
mem[X,0x0000000080001A5E] -> 0x7FFE
[1692] [M]: 0x0000000080001A5C (0x7FFE8E93) addi t4, t4, 0x7ff
x29 <- 0x00000001000007FF

mem[X,0x0000000080001A60] -> 0x9E93
mem[X,0x0000000080001A62] -> 0x00BE
[1693] [M]: 0x0000000080001A60 (0x00BE9E93) slli t4, t4, 0xb
x29 <- 0x00000800003FF800

mem[X,0x0000000080001A64] -> 0x8E93
mem[X,0x0000000080001A66] -> 0x5FFE
[1694] [M]: 0x0000000080001A64 (0x5FFE8E93) addi t4, t4, 0x5ff
x29 <- 0x00000800003FFDFF

mem[X,0x0000000080001A68] -> 0x9E93
mem[X,0x0000000080001A6A] -> 0x00AE
[1695] [M]: 0x0000000080001A68 (0x00AE9E93) slli t4, t4, 0xa
x29 <- 0x00200000FFF7FC00

mem[X,0x0000000080001A6C] -> 0x8E93
mem[X,0x0000000080001A6E] -> 0x3FFE
[1696] [M]: 0x0000000080001A6C (0x3FFE8E93) addi t4, t4, 0x3ff
x29 <- 0x00200000FFF7FFFF

mem[X,0x0000000080001A70] -> 0x0FB7
mem[X,0x0000000080001A72] -> 0x0800
[1697] [M]: 0x0000000080001A70 (0x08000FB7) lui t6, 0x8000
x31 <- 0x0000000008000000

mem[X,0x0000000080001A74] -> 0x8F93
mem[X,0x0000000080001A76] -> 0x000F
[1698] [M]: 0x0000000080001A74 (0x000F8F93) addi t6, t6, 0x0
x31 <- 0x0000000008000000

mem[X,0x0000000080001A78] -> 0x9F93
mem[X,0x0000000080001A7A] -> 0x00BF
[1699] [M]: 0x0000000080001A78 (0x00BF9F93) slli t6, t6, 0xb
x31 <- 0x0000004000000000

clint::tick mtime <- 0x0000000000000011
 clint timer pending at mtime 0x0000000000000011
htif::tick 0x0000000000000000
mem[X,0x0000000080001A7C] -> 0x8F93
mem[X,0x0000000080001A7E] -> 0x555F
[1700] [M]: 0x0000000080001A7C (0x555F8F93) addi t6, t6, 0x555
x31 <- 0x0000004000000555

mem[X,0x0000000080001A80] -> 0x9F93
mem[X,0x0000000080001A82] -> 0x00BF
[1701] [M]: 0x0000000080001A80 (0x00BF9F93) slli t6, t6, 0xb
x31 <- 0x00020000002AA800

mem[X,0x0000000080001A84] -> 0x8F93
mem[X,0x0000000080001A86] -> 0x2AAF
[1702] [M]: 0x0000000080001A84 (0x2AAF8F93) addi t6, t6, 0x2aa
x31 <- 0x00020000002AAAAA

mem[X,0x0000000080001A88] -> 0x9F93
mem[X,0x0000000080001A8A] -> 0x00AF
[1703] [M]: 0x0000000080001A88 (0x00AF9F93) slli t6, t6, 0xa
x31 <- 0x08000000AAAAA800

mem[X,0x0000000080001A8C] -> 0x8F93
mem[X,0x0000000080001A8E] -> 0x2AAF
[1704] [M]: 0x0000000080001A8C (0x2AAF8F93) addi t6, t6, 0x2aa
x31 <- 0x08000000AAAAAAAA

mem[X,0x0000000080001A90] -> 0x1FBB
mem[X,0x0000000080001A92] -> 0xBBDF
[1705] [M]: 0x0000000080001A90 (0xBBDF1FBB) pmaccu.w.heo t6, t5, t4
x31 <- 0x080005FAAAAAB0A4

mem[X,0x0000000080001A94] -> 0xB823
mem[X,0x0000000080001A96] -> 0x13F0
[1706] [M]: 0x0000000080001A94 (0x13F0B823) sd t6, 0x130(ra)
mem[0x0000000080006330] <- 0x080005FAAAAAB0A4

mem[X,0x0000000080001A98] -> 0x0F37
mem[X,0x0000000080001A9A] -> 0xFFFE
[1707] [M]: 0x0000000080001A98 (0xFFFE0F37) lui t5, -0x20
x30 <- 0xFFFFFFFFFFFE0000

mem[X,0x0000000080001A9C] -> 0x0F13
mem[X,0x0000000080001A9E] -> 0xFFFF
[1708] [M]: 0x0000000080001A9C (0xFFFF0F13) addi t5, t5, -0x1
x30 <- 0xFFFFFFFFFFFDFFFF

mem[X,0x0000000080001AA0] -> 0x1F13
mem[X,0x0000000080001AA2] -> 0x00BF
[1709] [M]: 0x0000000080001AA0 (0x00BF1F13) slli t5, t5, 0xb
x30 <- 0xFFFFFFFFEFFFF800

mem[X,0x0000000080001AA4] -> 0x0F13
mem[X,0x0000000080001AA6] -> 0x555F
[1710] [M]: 0x0000000080001AA4 (0x555F0F13) addi t5, t5, 0x555
x30 <- 0xFFFFFFFFEFFFFD55

mem[X,0x0000000080001AA8] -> 0x1F13
mem[X,0x0000000080001AAA] -> 0x00BF
[1711] [M]: 0x0000000080001AA8 (0x00BF1F13) slli t5, t5, 0xb
x30 <- 0xFFFFFF7FFFEAA800

mem[X,0x0000000080001AAC] -> 0x0F13
mem[X,0x0000000080001AAE] -> 0x2AAF
[1712] [M]: 0x0000000080001AAC (0x2AAF0F13) addi t5, t5, 0x2aa
x30 <- 0xFFFFFF7FFFEAAAAA

mem[X,0x0000000080001AB0] -> 0x1F13
mem[X,0x0000000080001AB2] -> 0x00AF
[1713] [M]: 0x0000000080001AB0 (0x00AF1F13) slli t5, t5, 0xa
x30 <- 0xFFFDFFFFAAAAA800

mem[X,0x0000000080001AB4] -> 0x0F13
mem[X,0x0000000080001AB6] -> 0x2AAF
[1714] [M]: 0x0000000080001AB4 (0x2AAF0F13) addi t5, t5, 0x2aa
x30 <- 0xFFFDFFFFAAAAAAAA

mem[X,0x0000000080001AB8] -> 0x0EB7
mem[X,0x0000000080001ABA] -> 0x0040
[1715] [M]: 0x0000000080001AB8 (0x00400EB7) lui t4, 0x400
x29 <- 0x0000000000400000

mem[X,0x0000000080001ABC] -> 0x8E93
mem[X,0x0000000080001ABE] -> 0x000E
[1716] [M]: 0x0000000080001ABC (0x000E8E93) addi t4, t4, 0x0
x29 <- 0x0000000000400000

mem[X,0x0000000080001AC0] -> 0x9E93
mem[X,0x0000000080001AC2] -> 0x00BE
[1717] [M]: 0x0000000080001AC0 (0x00BE9E93) slli t4, t4, 0xb
x29 <- 0x0000000200000000

mem[X,0x0000000080001AC4] -> 0x8E93
mem[X,0x0000000080001AC6] -> 0x7FFE
[1718] [M]: 0x0000000080001AC4 (0x7FFE8E93) addi t4, t4, 0x7ff
x29 <- 0x00000002000007FF

mem[X,0x0000000080001AC8] -> 0x9E93
mem[X,0x0000000080001ACA] -> 0x00BE
[1719] [M]: 0x0000000080001AC8 (0x00BE9E93) slli t4, t4, 0xb
x29 <- 0x00001000003FF800

mem[X,0x0000000080001ACC] -> 0x8E93
mem[X,0x0000000080001ACE] -> 0x7DFE
[1720] [M]: 0x0000000080001ACC (0x7DFE8E93) addi t4, t4, 0x7df
x29 <- 0x00001000003FFFDF

mem[X,0x0000000080001AD0] -> 0x9E93
mem[X,0x0000000080001AD2] -> 0x00AE
[1721] [M]: 0x0000000080001AD0 (0x00AE9E93) slli t4, t4, 0xa
x29 <- 0x00400000FFFF7C00

mem[X,0x0000000080001AD4] -> 0x8E93
mem[X,0x0000000080001AD6] -> 0x3FFE
[1722] [M]: 0x0000000080001AD4 (0x3FFE8E93) addi t4, t4, 0x3ff
x29 <- 0x00400000FFFF7FFF

mem[X,0x0000000080001AD8] -> 0x0FB7
mem[X,0x0000000080001ADA] -> 0x8000
[1723] [M]: 0x0000000080001AD8 (0x80000FB7) lui t6, -0x80000
x31 <- 0xFFFFFFFF80000000

mem[X,0x0000000080001ADC] -> 0x8F93
mem[X,0x0000000080001ADE] -> 0x000F
[1724] [M]: 0x0000000080001ADC (0x000F8F93) addi t6, t6, 0x0
x31 <- 0xFFFFFFFF80000000

mem[X,0x0000000080001AE0] -> 0x9F93
mem[X,0x0000000080001AE2] -> 0x00BF
[1725] [M]: 0x0000000080001AE0 (0x00BF9F93) slli t6, t6, 0xb
x31 <- 0xFFFFFC0000000000

mem[X,0x0000000080001AE4] -> 0x8F93
mem[X,0x0000000080001AE6] -> 0x000F
[1726] [M]: 0x0000000080001AE4 (0x000F8F93) addi t6, t6, 0x0
x31 <- 0xFFFFFC0000000000

mem[X,0x0000000080001AE8] -> 0x9F93
mem[X,0x0000000080001AEA] -> 0x00BF
[1727] [M]: 0x0000000080001AE8 (0x00BF9F93) slli t6, t6, 0xb
x31 <- 0xFFE0000000000000

mem[X,0x0000000080001AEC] -> 0x8F93
mem[X,0x0000000080001AEE] -> 0x040F
[1728] [M]: 0x0000000080001AEC (0x040F8F93) addi t6, t6, 0x40
x31 <- 0xFFE0000000000040

mem[X,0x0000000080001AF0] -> 0x9F93
mem[X,0x0000000080001AF2] -> 0x00AF
[1729] [M]: 0x0000000080001AF0 (0x00AF9F93) slli t6, t6, 0xa
x31 <- 0x8000000000010000

mem[X,0x0000000080001AF4] -> 0x1FBB
mem[X,0x0000000080001AF6] -> 0xBBDF
[1730] [M]: 0x0000000080001AF4 (0xBBDF1FBB) pmaccu.w.heo t6, t5, t4
x31 <- 0x8000545600015456

mem[X,0x0000000080001AF8] -> 0xBC23
mem[X,0x0000000080001AFA] -> 0x13F0
[1731] [M]: 0x0000000080001AF8 (0x13F0BC23) sd t6, 0x138(ra)
mem[0x0000000080006338] <- 0x8000545600015456

mem[X,0x0000000080001AFC] -> 0x1F37
mem[X,0x0000000080001AFE] -> 0x0000
[1732] [M]: 0x0000000080001AFC (0x00001F37) lui t5, 0x1
x30 <- 0x0000000000001000

mem[X,0x0000000080001B00] -> 0x0F13
mem[X,0x0000000080001B02] -> 0x000F
[1733] [M]: 0x0000000080001B00 (0x000F0F13) addi t5, t5, 0x0
x30 <- 0x0000000000001000

mem[X,0x0000000080001B04] -> 0x1F13
mem[X,0x0000000080001B06] -> 0x00BF
[1734] [M]: 0x0000000080001B04 (0x00BF1F13) slli t5, t5, 0xb
x30 <- 0x0000000000800000

mem[X,0x0000000080001B08] -> 0x0F13
mem[X,0x0000000080001B0A] -> 0x000F
[1735] [M]: 0x0000000080001B08 (0x000F0F13) addi t5, t5, 0x0
x30 <- 0x0000000000800000

mem[X,0x0000000080001B0C] -> 0x1F13
mem[X,0x0000000080001B0E] -> 0x00BF
[1736] [M]: 0x0000000080001B0C (0x00BF1F13) slli t5, t5, 0xb
x30 <- 0x0000000400000000

mem[X,0x0000000080001B10] -> 0x0F13
mem[X,0x0000000080001B12] -> 0x000F
[1737] [M]: 0x0000000080001B10 (0x000F0F13) addi t5, t5, 0x0
x30 <- 0x0000000400000000

mem[X,0x0000000080001B14] -> 0x1F13
mem[X,0x0000000080001B16] -> 0x00AF
[1738] [M]: 0x0000000080001B14 (0x00AF1F13) slli t5, t5, 0xa
x30 <- 0x0000100000000000

mem[X,0x0000000080001B18] -> 0x0F13
mem[X,0x0000000080001B1A] -> 0x001F
[1739] [M]: 0x0000000080001B18 (0x001F0F13) addi t5, t5, 0x1
x30 <- 0x0000100000000001

mem[X,0x0000000080001B1C] -> 0xCEB7
mem[X,0x0000000080001B1E] -> 0xFFFF
[1740] [M]: 0x0000000080001B1C (0xFFFFCEB7) lui t4, -0x4
x29 <- 0xFFFFFFFFFFFFC000

mem[X,0x0000000080001B20] -> 0x8E93
mem[X,0x0000000080001B22] -> 0xFFFE
[1741] [M]: 0x0000000080001B20 (0xFFFE8E93) addi t4, t4, -0x1
x29 <- 0xFFFFFFFFFFFFBFFF

mem[X,0x0000000080001B24] -> 0x9E93
mem[X,0x0000000080001B26] -> 0x00BE
[1742] [M]: 0x0000000080001B24 (0x00BE9E93) slli t4, t4, 0xb
x29 <- 0xFFFFFFFFFDFFF800

mem[X,0x0000000080001B28] -> 0x8E93
mem[X,0x0000000080001B2A] -> 0x000E
[1743] [M]: 0x0000000080001B28 (0x000E8E93) addi t4, t4, 0x0
x29 <- 0xFFFFFFFFFDFFF800

mem[X,0x0000000080001B2C] -> 0x9E93
mem[X,0x0000000080001B2E] -> 0x00BE
[1744] [M]: 0x0000000080001B2C (0x00BE9E93) slli t4, t4, 0xb
x29 <- 0xFFFFFFEFFFC00000

mem[X,0x0000000080001B30] -> 0x8E93
mem[X,0x0000000080001B32] -> 0x000E
[1745] [M]: 0x0000000080001B30 (0x000E8E93) addi t4, t4, 0x0
x29 <- 0xFFFFFFEFFFC00000

mem[X,0x0000000080001B34] -> 0x9E93
mem[X,0x0000000080001B36] -> 0x00AE
[1746] [M]: 0x0000000080001B34 (0x00AE9E93) slli t4, t4, 0xa
x29 <- 0xFFFFBFFF00000000

mem[X,0x0000000080001B38] -> 0x8E93
mem[X,0x0000000080001B3A] -> 0x006E
[1747] [M]: 0x0000000080001B38 (0x006E8E93) addi t4, t4, 0x6
x29 <- 0xFFFFBFFF00000006

mem[X,0x0000000080001B3C] -> 0x8FB7
mem[X,0x0000000080001B3E] -> 0x0000
[1748] [M]: 0x0000000080001B3C (0x00008FB7) lui t6, 0x8
x31 <- 0x0000000000008000

mem[X,0x0000000080001B40] -> 0x8F93
mem[X,0x0000000080001B42] -> 0x001F
[1749] [M]: 0x0000000080001B40 (0x001F8F93) addi t6, t6, 0x1
x31 <- 0x0000000000008001

mem[X,0x0000000080001B44] -> 0x9F93
mem[X,0x0000000080001B46] -> 0x013F
[1750] [M]: 0x0000000080001B44 (0x013F9F93) slli t6, t6, 0x13
x31 <- 0x0000000400080000

mem[X,0x0000000080001B48] -> 0x1FBB
mem[X,0x0000000080001B4A] -> 0xBBDF
[1751] [M]: 0x0000000080001B48 (0xBBDF1FBB) pmaccu.w.heo t6, t5, t4
x31 <- 0x0000000400080000

mem[X,0x0000000080001B4C] -> 0xB023
mem[X,0x0000000080001B4E] -> 0x15F0
[1752] [M]: 0x0000000080001B4C (0x15F0B023) sd t6, 0x140(ra)
mem[0x0000000080006340] <- 0x0000000400080000

mem[X,0x0000000080001B50] -> 0x0F37
mem[X,0x0000000080001B52] -> 0x8000
[1753] [M]: 0x0000000080001B50 (0x80000F37) lui t5, -0x80000
x30 <- 0xFFFFFFFF80000000

mem[X,0x0000000080001B54] -> 0x0F13
mem[X,0x0000000080001B56] -> 0xFFFF
[1754] [M]: 0x0000000080001B54 (0xFFFF0F13) addi t5, t5, -0x1
x30 <- 0xFFFFFFFF7FFFFFFF

mem[X,0x0000000080001B58] -> 0x1F13
mem[X,0x0000000080001B5A] -> 0x00BF
[1755] [M]: 0x0000000080001B58 (0x00BF1F13) slli t5, t5, 0xb
x30 <- 0xFFFFFBFFFFFFF800

mem[X,0x0000000080001B5C] -> 0x0F13
mem[X,0x0000000080001B5E] -> 0x7EFF
[1756] [M]: 0x0000000080001B5C (0x7EFF0F13) addi t5, t5, 0x7ef
x30 <- 0xFFFFFBFFFFFFFFEF

mem[X,0x0000000080001B60] -> 0x1F13
mem[X,0x0000000080001B62] -> 0x00BF
[1757] [M]: 0x0000000080001B60 (0x00BF1F13) slli t5, t5, 0xb
x30 <- 0xFFDFFFFFFFFF7800

mem[X,0x0000000080001B64] -> 0x0F13
mem[X,0x0000000080001B66] -> 0x7FFF
[1758] [M]: 0x0000000080001B64 (0x7FFF0F13) addi t5, t5, 0x7ff
x30 <- 0xFFDFFFFFFFFF7FFF

mem[X,0x0000000080001B68] -> 0x1F13
mem[X,0x0000000080001B6A] -> 0x00AF
[1759] [M]: 0x0000000080001B68 (0x00AF1F13) slli t5, t5, 0xa
x30 <- 0x7FFFFFFFFDFFFC00

mem[X,0x0000000080001B6C] -> 0x0F13
mem[X,0x0000000080001B6E] -> 0x3FFF
[1760] [M]: 0x0000000080001B6C (0x3FFF0F13) addi t5, t5, 0x3ff
x30 <- 0x7FFFFFFFFDFFFFFF

mem[X,0x0000000080001B70] -> 0x0EB7
mem[X,0x0000000080001B72] -> 0xE000
[1761] [M]: 0x0000000080001B70 (0xE0000EB7) lui t4, -0x20000
x29 <- 0xFFFFFFFFE0000000

mem[X,0x0000000080001B74] -> 0x8E93
mem[X,0x0000000080001B76] -> 0xFFFE
[1762] [M]: 0x0000000080001B74 (0xFFFE8E93) addi t4, t4, -0x1
x29 <- 0xFFFFFFFFDFFFFFFF

mem[X,0x0000000080001B78] -> 0x9E93
mem[X,0x0000000080001B7A] -> 0x00BE
[1763] [M]: 0x0000000080001B78 (0x00BE9E93) slli t4, t4, 0xb
x29 <- 0xFFFFFEFFFFFFF800

mem[X,0x0000000080001B7C] -> 0x8E93
mem[X,0x0000000080001B7E] -> 0x7FFE
[1764] [M]: 0x0000000080001B7C (0x7FFE8E93) addi t4, t4, 0x7ff
x29 <- 0xFFFFFEFFFFFFFFFF

mem[X,0x0000000080001B80] -> 0x9E93
mem[X,0x0000000080001B82] -> 0x00BE
[1765] [M]: 0x0000000080001B80 (0x00BE9E93) slli t4, t4, 0xb
x29 <- 0xFFF7FFFFFFFFF800

mem[X,0x0000000080001B84] -> 0x8E93
mem[X,0x0000000080001B86] -> 0x7EFE
[1766] [M]: 0x0000000080001B84 (0x7EFE8E93) addi t4, t4, 0x7ef
x29 <- 0xFFF7FFFFFFFFFFEF

mem[X,0x0000000080001B88] -> 0x9E93
mem[X,0x0000000080001B8A] -> 0x00AE
[1767] [M]: 0x0000000080001B88 (0x00AE9E93) slli t4, t4, 0xa
x29 <- 0xDFFFFFFFFFFFBC00

mem[X,0x0000000080001B8C] -> 0x8E93
mem[X,0x0000000080001B8E] -> 0x3FFE
[1768] [M]: 0x0000000080001B8C (0x3FFE8E93) addi t4, t4, 0x3ff
x29 <- 0xDFFFFFFFFFFFBFFF

mem[X,0x0000000080001B90] -> 0x0FB7
mem[X,0x0000000080001B92] -> 0x0080
[1769] [M]: 0x0000000080001B90 (0x00800FB7) lui t6, 0x800
x31 <- 0x0000000000800000

mem[X,0x0000000080001B94] -> 0x8F93
mem[X,0x0000000080001B96] -> 0x001F
[1770] [M]: 0x0000000080001B94 (0x001F8F93) addi t6, t6, 0x1
x31 <- 0x0000000000800001

mem[X,0x0000000080001B98] -> 0x9F93
mem[X,0x0000000080001B9A] -> 0x010F
[1771] [M]: 0x0000000080001B98 (0x010F9F93) slli t6, t6, 0x10
x31 <- 0x0000008000010000

mem[X,0x0000000080001B9C] -> 0x1FBB
mem[X,0x0000000080001B9E] -> 0xBBDF
[1772] [M]: 0x0000000080001B9C (0xBBDF1FBB) pmaccu.w.heo t6, t5, t4
x31 <- 0x0000BEC10001BE41

mem[X,0x0000000080001BA0] -> 0xB423
mem[X,0x0000000080001BA2] -> 0x15F0
[1773] [M]: 0x0000000080001BA0 (0x15F0B423) sd t6, 0x148(ra)
mem[0x0000000080006348] <- 0x0000BEC10001BE41

mem[X,0x0000000080001BA4] -> 0x0F37
mem[X,0x0000000080001BA6] -> 0xFC00
[1774] [M]: 0x0000000080001BA4 (0xFC000F37) lui t5, -0x4000
x30 <- 0xFFFFFFFFFC000000

mem[X,0x0000000080001BA8] -> 0x0F13
mem[X,0x0000000080001BAA] -> 0xFFFF
[1775] [M]: 0x0000000080001BA8 (0xFFFF0F13) addi t5, t5, -0x1
x30 <- 0xFFFFFFFFFBFFFFFF

mem[X,0x0000000080001BAC] -> 0x1F13
mem[X,0x0000000080001BAE] -> 0x00BF
[1776] [M]: 0x0000000080001BAC (0x00BF1F13) slli t5, t5, 0xb
x30 <- 0xFFFFFFDFFFFFF800

mem[X,0x0000000080001BB0] -> 0x0F13
mem[X,0x0000000080001BB2] -> 0x7FEF
[1777] [M]: 0x0000000080001BB0 (0x7FEF0F13) addi t5, t5, 0x7fe
x30 <- 0xFFFFFFDFFFFFFFFE

mem[X,0x0000000080001BB4] -> 0x1F13
mem[X,0x0000000080001BB6] -> 0x00BF
[1778] [M]: 0x0000000080001BB4 (0x00BF1F13) slli t5, t5, 0xb
x30 <- 0xFFFEFFFFFFFFF000

mem[X,0x0000000080001BB8] -> 0x0F13
mem[X,0x0000000080001BBA] -> 0x7FFF
[1779] [M]: 0x0000000080001BB8 (0x7FFF0F13) addi t5, t5, 0x7ff
x30 <- 0xFFFEFFFFFFFFF7FF

mem[X,0x0000000080001BBC] -> 0x1F13
mem[X,0x0000000080001BBE] -> 0x00AF
[1780] [M]: 0x0000000080001BBC (0x00AF1F13) slli t5, t5, 0xa
x30 <- 0xFBFFFFFFFFDFFC00

mem[X,0x0000000080001BC0] -> 0x0F13
mem[X,0x0000000080001BC2] -> 0x3FFF
[1781] [M]: 0x0000000080001BC0 (0x3FFF0F13) addi t5, t5, 0x3ff
x30 <- 0xFBFFFFFFFFDFFFFF

mem[X,0x0000000080001BC4] -> 0x0EB7
mem[X,0x0000000080001BC6] -> 0x0000
[1782] [M]: 0x0000000080001BC4 (0x00000EB7) lui t4, 0x0
x29 <- 0x0000000000000000

mem[X,0x0000000080001BC8] -> 0x8E93
mem[X,0x0000000080001BCA] -> 0xFEFE
[1783] [M]: 0x0000000080001BC8 (0xFEFE8E93) addi t4, t4, -0x11
x29 <- 0xFFFFFFFFFFFFFFEF

mem[X,0x0000000080001BCC] -> 0x9E93
mem[X,0x0000000080001BCE] -> 0x00BE
[1784] [M]: 0x0000000080001BCC (0x00BE9E93) slli t4, t4, 0xb
x29 <- 0xFFFFFFFFFFFF7800

mem[X,0x0000000080001BD0] -> 0x8E93
mem[X,0x0000000080001BD2] -> 0x7FFE
[1785] [M]: 0x0000000080001BD0 (0x7FFE8E93) addi t4, t4, 0x7ff
x29 <- 0xFFFFFFFFFFFF7FFF

mem[X,0x0000000080001BD4] -> 0x9E93
mem[X,0x0000000080001BD6] -> 0x00BE
[1786] [M]: 0x0000000080001BD4 (0x00BE9E93) slli t4, t4, 0xb
x29 <- 0xFFFFFFFFFBFFF800

mem[X,0x0000000080001BD8] -> 0x8E93
mem[X,0x0000000080001BDA] -> 0x5FFE
[1787] [M]: 0x0000000080001BD8 (0x5FFE8E93) addi t4, t4, 0x5ff
x29 <- 0xFFFFFFFFFBFFFDFF

mem[X,0x0000000080001BDC] -> 0x9E93
mem[X,0x0000000080001BDE] -> 0x00AE
[1788] [M]: 0x0000000080001BDC (0x00AE9E93) slli t4, t4, 0xa
x29 <- 0xFFFFFFEFFFF7FC00

mem[X,0x0000000080001BE0] -> 0x8E93
mem[X,0x0000000080001BE2] -> 0x3FFE
[1789] [M]: 0x0000000080001BE0 (0x3FFE8E93) addi t4, t4, 0x3ff
x29 <- 0xFFFFFFEFFFF7FFFF

mem[X,0x0000000080001BE4] -> 0x4FB7
mem[X,0x0000000080001BE6] -> 0x0000
[1790] [M]: 0x0000000080001BE4 (0x00004FB7) lui t6, 0x4
x31 <- 0x0000000000004000

mem[X,0x0000000080001BE8] -> 0x8F93
mem[X,0x0000000080001BEA] -> 0x000F
[1791] [M]: 0x0000000080001BE8 (0x000F8F93) addi t6, t6, 0x0
x31 <- 0x0000000000004000

mem[X,0x0000000080001BEC] -> 0x9F93
mem[X,0x0000000080001BEE] -> 0x00BF
[1792] [M]: 0x0000000080001BEC (0x00BF9F93) slli t6, t6, 0xb
x31 <- 0x0000000002000000

mem[X,0x0000000080001BF0] -> 0x8F93
mem[X,0x0000000080001BF2] -> 0x000F
[1793] [M]: 0x0000000080001BF0 (0x000F8F93) addi t6, t6, 0x0
x31 <- 0x0000000002000000

mem[X,0x0000000080001BF4] -> 0x9F93
mem[X,0x0000000080001BF6] -> 0x00BF
[1794] [M]: 0x0000000080001BF4 (0x00BF9F93) slli t6, t6, 0xb
x31 <- 0x0000001000000000

mem[X,0x0000000080001BF8] -> 0x8F93
mem[X,0x0000000080001BFA] -> 0x001F
[1795] [M]: 0x0000000080001BF8 (0x001F8F93) addi t6, t6, 0x1
x31 <- 0x0000001000000001

mem[X,0x0000000080001BFC] -> 0x9F93
mem[X,0x0000000080001BFE] -> 0x00AF
[1796] [M]: 0x0000000080001BFC (0x00AF9F93) slli t6, t6, 0xa
x31 <- 0x0000400000000400

mem[X,0x0000000080001C00] -> 0x1FBB
mem[X,0x0000000080001C02] -> 0xBBDF
[1797] [M]: 0x0000000080001C00 (0xBBDF1FBB) pmaccu.w.heo t6, t5, t4
x31 <- 0x00013E0100010201

mem[X,0x0000000080001C04] -> 0xB823
mem[X,0x0000000080001C06] -> 0x15F0
[1798] [M]: 0x0000000080001C04 (0x15F0B823) sd t6, 0x150(ra)
mem[0x0000000080006350] <- 0x00013E0100010201

mem[X,0x0000000080001C08] -> 0x0F37
mem[X,0x0000000080001C0A] -> 0x0000
[1799] [M]: 0x0000000080001C08 (0x00000F37) lui t5, 0x0
x30 <- 0x0000000000000000

clint::tick mtime <- 0x0000000000000012
 clint timer pending at mtime 0x0000000000000012
htif::tick 0x0000000000000000
mem[X,0x0000000080001C0C] -> 0x0F13
mem[X,0x0000000080001C0E] -> 0xFFFF
[1800] [M]: 0x0000000080001C0C (0xFFFF0F13) addi t5, t5, -0x1
x30 <- 0xFFFFFFFFFFFFFFFF

mem[X,0x0000000080001C10] -> 0x1F13
mem[X,0x0000000080001C12] -> 0x00BF
[1801] [M]: 0x0000000080001C10 (0x00BF1F13) slli t5, t5, 0xb
x30 <- 0xFFFFFFFFFFFFF800

mem[X,0x0000000080001C14] -> 0x0F13
mem[X,0x0000000080001C16] -> 0x000F
[1802] [M]: 0x0000000080001C14 (0x000F0F13) addi t5, t5, 0x0
x30 <- 0xFFFFFFFFFFFFF800

mem[X,0x0000000080001C18] -> 0x1F13
mem[X,0x0000000080001C1A] -> 0x00BF
[1803] [M]: 0x0000000080001C18 (0x00BF1F13) slli t5, t5, 0xb
x30 <- 0xFFFFFFFFFFC00000

mem[X,0x0000000080001C1C] -> 0x0F13
mem[X,0x0000000080001C1E] -> 0x000F
[1804] [M]: 0x0000000080001C1C (0x000F0F13) addi t5, t5, 0x0
x30 <- 0xFFFFFFFFFFC00000

mem[X,0x0000000080001C20] -> 0x1F13
mem[X,0x0000000080001C22] -> 0x00AF
[1805] [M]: 0x0000000080001C20 (0x00AF1F13) slli t5, t5, 0xa
x30 <- 0xFFFFFFFF00000000

mem[X,0x0000000080001C24] -> 0x0F13
mem[X,0x0000000080001C26] -> 0x005F
[1806] [M]: 0x0000000080001C24 (0x005F0F13) addi t5, t5, 0x5
x30 <- 0xFFFFFFFF00000005

mem[X,0x0000000080001C28] -> 0x8EB7
mem[X,0x0000000080001C2A] -> 0xFFFF
[1807] [M]: 0x0000000080001C28 (0xFFFF8EB7) lui t4, -0x8
x29 <- 0xFFFFFFFFFFFF8000

mem[X,0x0000000080001C2C] -> 0x8E93
mem[X,0x0000000080001C2E] -> 0xFFFE
[1808] [M]: 0x0000000080001C2C (0xFFFE8E93) addi t4, t4, -0x1
x29 <- 0xFFFFFFFFFFFF7FFF

mem[X,0x0000000080001C30] -> 0x9E93
mem[X,0x0000000080001C32] -> 0x00BE
[1809] [M]: 0x0000000080001C30 (0x00BE9E93) slli t4, t4, 0xb
x29 <- 0xFFFFFFFFFBFFF800

mem[X,0x0000000080001C34] -> 0x8E93
mem[X,0x0000000080001C36] -> 0x008E
[1810] [M]: 0x0000000080001C34 (0x008E8E93) addi t4, t4, 0x8
x29 <- 0xFFFFFFFFFBFFF808

mem[X,0x0000000080001C38] -> 0x9E93
mem[X,0x0000000080001C3A] -> 0x00BE
[1811] [M]: 0x0000000080001C38 (0x00BE9E93) slli t4, t4, 0xb
x29 <- 0xFFFFFFDFFFC04000

mem[X,0x0000000080001C3C] -> 0x8E93
mem[X,0x0000000080001C3E] -> 0x000E
[1812] [M]: 0x0000000080001C3C (0x000E8E93) addi t4, t4, 0x0
x29 <- 0xFFFFFFDFFFC04000

mem[X,0x0000000080001C40] -> 0x9E93
mem[X,0x0000000080001C42] -> 0x00AE
[1813] [M]: 0x0000000080001C40 (0x00AE9E93) slli t4, t4, 0xa
x29 <- 0xFFFF7FFF01000000

mem[X,0x0000000080001C44] -> 0x0FB7
mem[X,0x0000000080001C46] -> 0x0004
[1814] [M]: 0x0000000080001C44 (0x00040FB7) lui t6, 0x40
x31 <- 0x0000000000040000

mem[X,0x0000000080001C48] -> 0x8F93
mem[X,0x0000000080001C4A] -> 0x000F
[1815] [M]: 0x0000000080001C48 (0x000F8F93) addi t6, t6, 0x0
x31 <- 0x0000000000040000

mem[X,0x0000000080001C4C] -> 0x9F93
mem[X,0x0000000080001C4E] -> 0x00BF
[1816] [M]: 0x0000000080001C4C (0x00BF9F93) slli t6, t6, 0xb
x31 <- 0x0000000020000000

mem[X,0x0000000080001C50] -> 0x8F93
mem[X,0x0000000080001C52] -> 0x000F
[1817] [M]: 0x0000000080001C50 (0x000F8F93) addi t6, t6, 0x0
x31 <- 0x0000000020000000

mem[X,0x0000000080001C54] -> 0x9F93
mem[X,0x0000000080001C56] -> 0x00BF
[1818] [M]: 0x0000000080001C54 (0x00BF9F93) slli t6, t6, 0xb
x31 <- 0x0000010000000000

mem[X,0x0000000080001C58] -> 0x8F93
mem[X,0x0000000080001C5A] -> 0x000F
[1819] [M]: 0x0000000080001C58 (0x000F8F93) addi t6, t6, 0x0
x31 <- 0x0000010000000000

mem[X,0x0000000080001C5C] -> 0x9F93
mem[X,0x0000000080001C5E] -> 0x00AF
[1820] [M]: 0x0000000080001C5C (0x00AF9F93) slli t6, t6, 0xa
x31 <- 0x0004000000000000

mem[X,0x0000000080001C60] -> 0x8F93
mem[X,0x0000000080001C62] -> 0x100F
[1821] [M]: 0x0000000080001C60 (0x100F8F93) addi t6, t6, 0x100
x31 <- 0x0004000000000100

mem[X,0x0000000080001C64] -> 0x1FBB
mem[X,0x0000000080001C66] -> 0xBBDF
[1822] [M]: 0x0000000080001C64 (0xBBDF1FBB) pmaccu.w.heo t6, t5, t4
x31 <- 0x0004000000000100

mem[X,0x0000000080001C68] -> 0xBC23
mem[X,0x0000000080001C6A] -> 0x15F0
[1823] [M]: 0x0000000080001C68 (0x15F0BC23) sd t6, 0x158(ra)
mem[0x0000000080006358] <- 0x0004000000000100

mem[X,0x0000000080001C6C] -> 0x0F37
mem[X,0x0000000080001C6E] -> 0x0000
[1824] [M]: 0x0000000080001C6C (0x00000F37) lui t5, 0x0
x30 <- 0x0000000000000000

mem[X,0x0000000080001C70] -> 0x0F13
mem[X,0x0000000080001C72] -> 0x006F
[1825] [M]: 0x0000000080001C70 (0x006F0F13) addi t5, t5, 0x6
x30 <- 0x0000000000000006

mem[X,0x0000000080001C74] -> 0x1F13
mem[X,0x0000000080001C76] -> 0x00BF
[1826] [M]: 0x0000000080001C74 (0x00BF1F13) slli t5, t5, 0xb
x30 <- 0x0000000000003000

mem[X,0x0000000080001C78] -> 0x0F13
mem[X,0x0000000080001C7A] -> 0x7FFF
[1827] [M]: 0x0000000080001C78 (0x7FFF0F13) addi t5, t5, 0x7ff
x30 <- 0x00000000000037FF

mem[X,0x0000000080001C7C] -> 0x1F13
mem[X,0x0000000080001C7E] -> 0x00BF
[1828] [M]: 0x0000000080001C7C (0x00BF1F13) slli t5, t5, 0xb
x30 <- 0x0000000001BFF800

mem[X,0x0000000080001C80] -> 0x0F13
mem[X,0x0000000080001C82] -> 0x5FFF
[1829] [M]: 0x0000000080001C80 (0x5FFF0F13) addi t5, t5, 0x5ff
x30 <- 0x0000000001BFFDFF

mem[X,0x0000000080001C84] -> 0x1F13
mem[X,0x0000000080001C86] -> 0x00AF
[1830] [M]: 0x0000000080001C84 (0x00AF1F13) slli t5, t5, 0xa
x30 <- 0x00000006FFF7FC00

mem[X,0x0000000080001C88] -> 0x0F13
mem[X,0x0000000080001C8A] -> 0x3FFF
[1831] [M]: 0x0000000080001C88 (0x3FFF0F13) addi t5, t5, 0x3ff
x30 <- 0x00000006FFF7FFFF

mem[X,0x0000000080001C8C] -> 0x0EB7
mem[X,0x0000000080001C8E] -> 0xFE00
[1832] [M]: 0x0000000080001C8C (0xFE000EB7) lui t4, -0x2000
x29 <- 0xFFFFFFFFFE000000

mem[X,0x0000000080001C90] -> 0x8E93
mem[X,0x0000000080001C92] -> 0xFFFE
[1833] [M]: 0x0000000080001C90 (0xFFFE8E93) addi t4, t4, -0x1
x29 <- 0xFFFFFFFFFDFFFFFF

mem[X,0x0000000080001C94] -> 0x9E93
mem[X,0x0000000080001C96] -> 0x00BE
[1834] [M]: 0x0000000080001C94 (0x00BE9E93) slli t4, t4, 0xb
x29 <- 0xFFFFFFEFFFFFF800

mem[X,0x0000000080001C98] -> 0x8E93
mem[X,0x0000000080001C9A] -> 0x000E
[1835] [M]: 0x0000000080001C98 (0x000E8E93) addi t4, t4, 0x0
x29 <- 0xFFFFFFEFFFFFF800

mem[X,0x0000000080001C9C] -> 0x9E93
mem[X,0x0000000080001C9E] -> 0x00BE
[1836] [M]: 0x0000000080001C9C (0x00BE9E93) slli t4, t4, 0xb
x29 <- 0xFFFF7FFFFFC00000

mem[X,0x0000000080001CA0] -> 0x8E93
mem[X,0x0000000080001CA2] -> 0x000E
[1837] [M]: 0x0000000080001CA0 (0x000E8E93) addi t4, t4, 0x0
x29 <- 0xFFFF7FFFFFC00000

mem[X,0x0000000080001CA4] -> 0x9E93
mem[X,0x0000000080001CA6] -> 0x00AE
[1838] [M]: 0x0000000080001CA4 (0x00AE9E93) slli t4, t4, 0xa
x29 <- 0xFDFFFFFF00000000

mem[X,0x0000000080001CA8] -> 0x8E93
mem[X,0x0000000080001CAA] -> 0x080E
[1839] [M]: 0x0000000080001CA8 (0x080E8E93) addi t4, t4, 0x80
x29 <- 0xFDFFFFFF00000080

mem[X,0x0000000080001CAC] -> 0x0FB7
mem[X,0x0000000080001CAE] -> 0x0008
[1840] [M]: 0x0000000080001CAC (0x00080FB7) lui t6, 0x80
x31 <- 0x0000000000080000

mem[X,0x0000000080001CB0] -> 0x8F93
mem[X,0x0000000080001CB2] -> 0x000F
[1841] [M]: 0x0000000080001CB0 (0x000F8F93) addi t6, t6, 0x0
x31 <- 0x0000000000080000

mem[X,0x0000000080001CB4] -> 0x9F93
mem[X,0x0000000080001CB6] -> 0x00BF
[1842] [M]: 0x0000000080001CB4 (0x00BF9F93) slli t6, t6, 0xb
x31 <- 0x0000000040000000

mem[X,0x0000000080001CB8] -> 0x8F93
mem[X,0x0000000080001CBA] -> 0x7FFF
[1843] [M]: 0x0000000080001CB8 (0x7FFF8F93) addi t6, t6, 0x7ff
x31 <- 0x00000000400007FF

mem[X,0x0000000080001CBC] -> 0x9F93
mem[X,0x0000000080001CBE] -> 0x00BF
[1844] [M]: 0x0000000080001CBC (0x00BF9F93) slli t6, t6, 0xb
x31 <- 0x00000200003FF800

mem[X,0x0000000080001CC0] -> 0x8F93
mem[X,0x0000000080001CC2] -> 0x7F7F
[1845] [M]: 0x0000000080001CC0 (0x7F7F8F93) addi t6, t6, 0x7f7
x31 <- 0x00000200003FFFF7

mem[X,0x0000000080001CC4] -> 0x9F93
mem[X,0x0000000080001CC6] -> 0x00AF
[1846] [M]: 0x0000000080001CC4 (0x00AF9F93) slli t6, t6, 0xa
x31 <- 0x00080000FFFFDC00

mem[X,0x0000000080001CC8] -> 0x8F93
mem[X,0x0000000080001CCA] -> 0x3FFF
[1847] [M]: 0x0000000080001CC8 (0x3FFF8F93) addi t6, t6, 0x3ff
x31 <- 0x00080000FFFFDFFF

mem[X,0x0000000080001CCC] -> 0x1FBB
mem[X,0x0000000080001CCE] -> 0xBBDF
[1848] [M]: 0x0000000080001CCC (0xBBDF1FBB) pmaccu.w.heo t6, t5, t4
x31 <- 0x00080000FFFFDFFF

mem[X,0x0000000080001CD0] -> 0xB023
mem[X,0x0000000080001CD2] -> 0x17F0
[1849] [M]: 0x0000000080001CD0 (0x17F0B023) sd t6, 0x160(ra)
mem[0x0000000080006360] <- 0x00080000FFFFDFFF

mem[X,0x0000000080001CD4] -> 0x0F37
mem[X,0x0000000080001CD6] -> 0x0002
[1850] [M]: 0x0000000080001CD4 (0x00020F37) lui t5, 0x20
x30 <- 0x0000000000020000

mem[X,0x0000000080001CD8] -> 0x0F13
mem[X,0x0000000080001CDA] -> 0x000F
[1851] [M]: 0x0000000080001CD8 (0x000F0F13) addi t5, t5, 0x0
x30 <- 0x0000000000020000

mem[X,0x0000000080001CDC] -> 0x1F13
mem[X,0x0000000080001CDE] -> 0x00BF
[1852] [M]: 0x0000000080001CDC (0x00BF1F13) slli t5, t5, 0xb
x30 <- 0x0000000010000000

mem[X,0x0000000080001CE0] -> 0x0F13
mem[X,0x0000000080001CE2] -> 0x3FFF
[1853] [M]: 0x0000000080001CE0 (0x3FFF0F13) addi t5, t5, 0x3ff
x30 <- 0x00000000100003FF

mem[X,0x0000000080001CE4] -> 0x1F13
mem[X,0x0000000080001CE6] -> 0x00BF
[1854] [M]: 0x0000000080001CE4 (0x00BF1F13) slli t5, t5, 0xb
x30 <- 0x00000080001FF800

mem[X,0x0000000080001CE8] -> 0x0F13
mem[X,0x0000000080001CEA] -> 0x7FFF
[1855] [M]: 0x0000000080001CE8 (0x7FFF0F13) addi t5, t5, 0x7ff
x30 <- 0x00000080001FFFFF

mem[X,0x0000000080001CEC] -> 0x1F13
mem[X,0x0000000080001CEE] -> 0x00AF
[1856] [M]: 0x0000000080001CEC (0x00AF1F13) slli t5, t5, 0xa
x30 <- 0x000200007FFFFC00

mem[X,0x0000000080001CF0] -> 0x0F13
mem[X,0x0000000080001CF2] -> 0x3FFF
[1857] [M]: 0x0000000080001CF0 (0x3FFF0F13) addi t5, t5, 0x3ff
x30 <- 0x000200007FFFFFFF

mem[X,0x0000000080001CF4] -> 0x0EB7
mem[X,0x0000000080001CF6] -> 0x0006
[1858] [M]: 0x0000000080001CF4 (0x00060EB7) lui t4, 0x60
x29 <- 0x0000000000060000

mem[X,0x0000000080001CF8] -> 0x8E93
mem[X,0x0000000080001CFA] -> 0x001E
[1859] [M]: 0x0000000080001CF8 (0x001E8E93) addi t4, t4, 0x1
x29 <- 0x0000000000060001

mem[X,0x0000000080001CFC] -> 0x9E93
mem[X,0x0000000080001CFE] -> 0x010E
[1860] [M]: 0x0000000080001CFC (0x010E9E93) slli t4, t4, 0x10
x29 <- 0x0000000600010000

mem[X,0x0000000080001D00] -> 0x0FB7
mem[X,0x0000000080001D02] -> 0x0010
[1861] [M]: 0x0000000080001D00 (0x00100FB7) lui t6, 0x100
x31 <- 0x0000000000100000

mem[X,0x0000000080001D04] -> 0x8F93
mem[X,0x0000000080001D06] -> 0x000F
[1862] [M]: 0x0000000080001D04 (0x000F8F93) addi t6, t6, 0x0
x31 <- 0x0000000000100000

mem[X,0x0000000080001D08] -> 0x9F93
mem[X,0x0000000080001D0A] -> 0x00BF
[1863] [M]: 0x0000000080001D08 (0x00BF9F93) slli t6, t6, 0xb
x31 <- 0x0000000080000000

mem[X,0x0000000080001D0C] -> 0x8F93
mem[X,0x0000000080001D0E] -> 0x000F
[1864] [M]: 0x0000000080001D0C (0x000F8F93) addi t6, t6, 0x0
x31 <- 0x0000000080000000

mem[X,0x0000000080001D10] -> 0x9F93
mem[X,0x0000000080001D12] -> 0x00BF
[1865] [M]: 0x0000000080001D10 (0x00BF9F93) slli t6, t6, 0xb
x31 <- 0x0000040000000000

mem[X,0x0000000080001D14] -> 0x8F93
mem[X,0x0000000080001D16] -> 0x080F
[1866] [M]: 0x0000000080001D14 (0x080F8F93) addi t6, t6, 0x80
x31 <- 0x0000040000000080

mem[X,0x0000000080001D18] -> 0x9F93
mem[X,0x0000000080001D1A] -> 0x00AF
[1867] [M]: 0x0000000080001D18 (0x00AF9F93) slli t6, t6, 0xa
x31 <- 0x0010000000020000

mem[X,0x0000000080001D1C] -> 0x1FBB
mem[X,0x0000000080001D1E] -> 0xBBDF
[1868] [M]: 0x0000000080001D1C (0xBBDF1FBB) pmaccu.w.heo t6, t5, t4
x31 <- 0x0010000000020000

mem[X,0x0000000080001D20] -> 0xB423
mem[X,0x0000000080001D22] -> 0x17F0
[1869] [M]: 0x0000000080001D20 (0x17F0B423) sd t6, 0x168(ra)
mem[0x0000000080006368] <- 0x0010000000020000

mem[X,0x0000000080001D24] -> 0x0F37
mem[X,0x0000000080001D26] -> 0x0001
[1870] [M]: 0x0000000080001D24 (0x00010F37) lui t5, 0x10
x30 <- 0x0000000000010000

mem[X,0x0000000080001D28] -> 0x0F13
mem[X,0x0000000080001D2A] -> 0x000F
[1871] [M]: 0x0000000080001D28 (0x000F0F13) addi t5, t5, 0x0
x30 <- 0x0000000000010000

mem[X,0x0000000080001D2C] -> 0x1F13
mem[X,0x0000000080001D2E] -> 0x00BF
[1872] [M]: 0x0000000080001D2C (0x00BF1F13) slli t5, t5, 0xb
x30 <- 0x0000000008000000

mem[X,0x0000000080001D30] -> 0x0F13
mem[X,0x0000000080001D32] -> 0x7FFF
[1873] [M]: 0x0000000080001D30 (0x7FFF0F13) addi t5, t5, 0x7ff
x30 <- 0x00000000080007FF

mem[X,0x0000000080001D34] -> 0x1F13
mem[X,0x0000000080001D36] -> 0x00BF
[1874] [M]: 0x0000000080001D34 (0x00BF1F13) slli t5, t5, 0xb
x30 <- 0x00000040003FF800

mem[X,0x0000000080001D38] -> 0x0F13
mem[X,0x0000000080001D3A] -> 0x7FFF
[1875] [M]: 0x0000000080001D38 (0x7FFF0F13) addi t5, t5, 0x7ff
x30 <- 0x00000040003FFFFF

mem[X,0x0000000080001D3C] -> 0x1F13
mem[X,0x0000000080001D3E] -> 0x00AF
[1876] [M]: 0x0000000080001D3C (0x00AF1F13) slli t5, t5, 0xa
x30 <- 0x00010000FFFFFC00

mem[X,0x0000000080001D40] -> 0x0F13
mem[X,0x0000000080001D42] -> 0x3F8F
[1877] [M]: 0x0000000080001D40 (0x3F8F0F13) addi t5, t5, 0x3f8
x30 <- 0x00010000FFFFFFF8

mem[X,0x0000000080001D44] -> 0x0EB7
mem[X,0x0000000080001D46] -> 0x0000
[1878] [M]: 0x0000000080001D44 (0x00000EB7) lui t4, 0x0
x29 <- 0x0000000000000000

mem[X,0x0000000080001D48] -> 0x8E93
mem[X,0x0000000080001D4A] -> 0x200E
[1879] [M]: 0x0000000080001D48 (0x200E8E93) addi t4, t4, 0x200
x29 <- 0x0000000000000200

mem[X,0x0000000080001D4C] -> 0x9E93
mem[X,0x0000000080001D4E] -> 0x00BE
[1880] [M]: 0x0000000080001D4C (0x00BE9E93) slli t4, t4, 0xb
x29 <- 0x0000000000100000

mem[X,0x0000000080001D50] -> 0x8E93
mem[X,0x0000000080001D52] -> 0x3FFE
[1881] [M]: 0x0000000080001D50 (0x3FFE8E93) addi t4, t4, 0x3ff
x29 <- 0x00000000001003FF

mem[X,0x0000000080001D54] -> 0x9E93
mem[X,0x0000000080001D56] -> 0x00BE
[1882] [M]: 0x0000000080001D54 (0x00BE9E93) slli t4, t4, 0xb
x29 <- 0x00000000801FF800

mem[X,0x0000000080001D58] -> 0x8E93
mem[X,0x0000000080001D5A] -> 0x7FFE
[1883] [M]: 0x0000000080001D58 (0x7FFE8E93) addi t4, t4, 0x7ff
x29 <- 0x00000000801FFFFF

mem[X,0x0000000080001D5C] -> 0x9E93
mem[X,0x0000000080001D5E] -> 0x00AE
[1884] [M]: 0x0000000080001D5C (0x00AE9E93) slli t4, t4, 0xa
x29 <- 0x000002007FFFFC00

mem[X,0x0000000080001D60] -> 0x8E93
mem[X,0x0000000080001D62] -> 0x3FFE
[1885] [M]: 0x0000000080001D60 (0x3FFE8E93) addi t4, t4, 0x3ff
x29 <- 0x000002007FFFFFFF

mem[X,0x0000000080001D64] -> 0x0FB7
mem[X,0x0000000080001D66] -> 0x0200
[1886] [M]: 0x0000000080001D64 (0x02000FB7) lui t6, 0x2000
x31 <- 0x0000000002000000

mem[X,0x0000000080001D68] -> 0x8F93
mem[X,0x0000000080001D6A] -> 0x001F
[1887] [M]: 0x0000000080001D68 (0x001F8F93) addi t6, t6, 0x1
x31 <- 0x0000000002000001

mem[X,0x0000000080001D6C] -> 0x9F93
mem[X,0x0000000080001D6E] -> 0x01EF
[1888] [M]: 0x0000000080001D6C (0x01EF9F93) slli t6, t6, 0x1e
x31 <- 0x0080000040000000

mem[X,0x0000000080001D70] -> 0x1FBB
mem[X,0x0000000080001D72] -> 0xBBDF
[1889] [M]: 0x0000000080001D70 (0xBBDF1FBB) pmaccu.w.heo t6, t5, t4
x31 <- 0x0080F7084000F708

mem[X,0x0000000080001D74] -> 0xB823
mem[X,0x0000000080001D76] -> 0x17F0
[1890] [M]: 0x0000000080001D74 (0x17F0B823) sd t6, 0x170(ra)
mem[0x0000000080006370] <- 0x0080F7084000F708

mem[X,0x0000000080001D78] -> 0x0F13
mem[X,0x0000000080001D7A] -> 0x0010
[1891] [M]: 0x0000000080001D78 (0x00100F13) addi t5, zero, 0x1
x30 <- 0x0000000000000001

mem[X,0x0000000080001D7C] -> 0x1F13
mem[X,0x0000000080001D7E] -> 0x033F
[1892] [M]: 0x0000000080001D7C (0x033F1F13) slli t5, t5, 0x33
x30 <- 0x0008000000000000

mem[X,0x0000000080001D80] -> 0x4F13
mem[X,0x0000000080001D82] -> 0xFFFF
[1893] [M]: 0x0000000080001D80 (0xFFFF4F13) xori t5, t5, -0x1
x30 <- 0xFFF7FFFFFFFFFFFF

mem[X,0x0000000080001D84] -> 0x0EB7
mem[X,0x0000000080001D86] -> 0x0800
[1894] [M]: 0x0000000080001D84 (0x08000EB7) lui t4, 0x8000
x29 <- 0x0000000008000000

mem[X,0x0000000080001D88] -> 0x8E93
mem[X,0x0000000080001D8A] -> 0x000E
[1895] [M]: 0x0000000080001D88 (0x000E8E93) addi t4, t4, 0x0
x29 <- 0x0000000008000000

mem[X,0x0000000080001D8C] -> 0x9E93
mem[X,0x0000000080001D8E] -> 0x00BE
[1896] [M]: 0x0000000080001D8C (0x00BE9E93) slli t4, t4, 0xb
x29 <- 0x0000004000000000

mem[X,0x0000000080001D90] -> 0x8E93
mem[X,0x0000000080001D92] -> 0x000E
[1897] [M]: 0x0000000080001D90 (0x000E8E93) addi t4, t4, 0x0
x29 <- 0x0000004000000000

mem[X,0x0000000080001D94] -> 0x9E93
mem[X,0x0000000080001D96] -> 0x00BE
[1898] [M]: 0x0000000080001D94 (0x00BE9E93) slli t4, t4, 0xb
x29 <- 0x0002000000000000

mem[X,0x0000000080001D98] -> 0x8E93
mem[X,0x0000000080001D9A] -> 0x040E
[1899] [M]: 0x0000000080001D98 (0x040E8E93) addi t4, t4, 0x40
x29 <- 0x0002000000000040

clint::tick mtime <- 0x0000000000000013
 clint timer pending at mtime 0x0000000000000013
htif::tick 0x0000000000000000
mem[X,0x0000000080001D9C] -> 0x9E93
mem[X,0x0000000080001D9E] -> 0x00AE
[1900] [M]: 0x0000000080001D9C (0x00AE9E93) slli t4, t4, 0xa
x29 <- 0x0800000000010000

mem[X,0x0000000080001DA0] -> 0x0FB7
mem[X,0x0000000080001DA2] -> 0x0000
[1901] [M]: 0x0000000080001DA0 (0x00000FB7) lui t6, 0x0
x31 <- 0x0000000000000000

mem[X,0x0000000080001DA4] -> 0x8F93
mem[X,0x0000000080001DA6] -> 0x010F
[1902] [M]: 0x0000000080001DA4 (0x010F8F93) addi t6, t6, 0x10
x31 <- 0x0000000000000010

mem[X,0x0000000080001DA8] -> 0x9F93
mem[X,0x0000000080001DAA] -> 0x00BF
[1903] [M]: 0x0000000080001DA8 (0x00BF9F93) slli t6, t6, 0xb
x31 <- 0x0000000000008000

mem[X,0x0000000080001DAC] -> 0x8F93
mem[X,0x0000000080001DAE] -> 0x7FFF
[1904] [M]: 0x0000000080001DAC (0x7FFF8F93) addi t6, t6, 0x7ff
x31 <- 0x00000000000087FF

mem[X,0x0000000080001DB0] -> 0x9F93
mem[X,0x0000000080001DB2] -> 0x00BF
[1905] [M]: 0x0000000080001DB0 (0x00BF9F93) slli t6, t6, 0xb
x31 <- 0x00000000043FF800

mem[X,0x0000000080001DB4] -> 0x8F93
mem[X,0x0000000080001DB6] -> 0x7BFF
[1906] [M]: 0x0000000080001DB4 (0x7BFF8F93) addi t6, t6, 0x7bf
x31 <- 0x00000000043FFFBF

mem[X,0x0000000080001DB8] -> 0x9F93
mem[X,0x0000000080001DBA] -> 0x00AF
[1907] [M]: 0x0000000080001DB8 (0x00AF9F93) slli t6, t6, 0xa
x31 <- 0x00000010FFFEFC00

mem[X,0x0000000080001DBC] -> 0x8F93
mem[X,0x0000000080001DBE] -> 0x3FFF
[1908] [M]: 0x0000000080001DBC (0x3FFF8F93) addi t6, t6, 0x3ff
x31 <- 0x00000010FFFEFFFF

mem[X,0x0000000080001DC0] -> 0x1FBB
mem[X,0x0000000080001DC2] -> 0xBBDF
[1909] [M]: 0x0000000080001DC0 (0xBBDF1FBB) pmaccu.w.heo t6, t5, t4
x31 <- 0x00000010FFFEFFFF

mem[X,0x0000000080001DC4] -> 0xBC23
mem[X,0x0000000080001DC6] -> 0x17F0
[1910] [M]: 0x0000000080001DC4 (0x17F0BC23) sd t6, 0x178(ra)
mem[0x0000000080006378] <- 0x00000010FFFEFFFF

mem[X,0x0000000080001DC8] -> 0x0F37
mem[X,0x0000000080001DCA] -> 0xFFF0
[1911] [M]: 0x0000000080001DC8 (0xFFF00F37) lui t5, -0x100
x30 <- 0xFFFFFFFFFFF00000

mem[X,0x0000000080001DCC] -> 0x0F13
mem[X,0x0000000080001DCE] -> 0xFFFF
[1912] [M]: 0x0000000080001DCC (0xFFFF0F13) addi t5, t5, -0x1
x30 <- 0xFFFFFFFFFFEFFFFF

mem[X,0x0000000080001DD0] -> 0x1F13
mem[X,0x0000000080001DD2] -> 0x00BF
[1913] [M]: 0x0000000080001DD0 (0x00BF1F13) slli t5, t5, 0xb
x30 <- 0xFFFFFFFF7FFFF800

mem[X,0x0000000080001DD4] -> 0x0F13
mem[X,0x0000000080001DD6] -> 0x000F
[1914] [M]: 0x0000000080001DD4 (0x000F0F13) addi t5, t5, 0x0
x30 <- 0xFFFFFFFF7FFFF800

mem[X,0x0000000080001DD8] -> 0x1F13
mem[X,0x0000000080001DDA] -> 0x00BF
[1915] [M]: 0x0000000080001DD8 (0x00BF1F13) slli t5, t5, 0xb
x30 <- 0xFFFFFBFFFFC00000

mem[X,0x0000000080001DDC] -> 0x0F13
mem[X,0x0000000080001DDE] -> 0x000F
[1916] [M]: 0x0000000080001DDC (0x000F0F13) addi t5, t5, 0x0
x30 <- 0xFFFFFBFFFFC00000

mem[X,0x0000000080001DE0] -> 0x1F13
mem[X,0x0000000080001DE2] -> 0x00AF
[1917] [M]: 0x0000000080001DE0 (0x00AF1F13) slli t5, t5, 0xa
x30 <- 0xFFEFFFFF00000000

mem[X,0x0000000080001DE4] -> 0x0EB7
mem[X,0x0000000080001DE6] -> 0x4000
[1918] [M]: 0x0000000080001DE4 (0x40000EB7) lui t4, 0x40000
x29 <- 0x0000000040000000

mem[X,0x0000000080001DE8] -> 0x8E93
mem[X,0x0000000080001DEA] -> 0x000E
[1919] [M]: 0x0000000080001DE8 (0x000E8E93) addi t4, t4, 0x0
x29 <- 0x0000000040000000

mem[X,0x0000000080001DEC] -> 0x9E93
mem[X,0x0000000080001DEE] -> 0x00BE
[1920] [M]: 0x0000000080001DEC (0x00BE9E93) slli t4, t4, 0xb
x29 <- 0x0000020000000000

mem[X,0x0000000080001DF0] -> 0x8E93
mem[X,0x0000000080001DF2] -> 0x7FFE
[1921] [M]: 0x0000000080001DF0 (0x7FFE8E93) addi t4, t4, 0x7ff
x29 <- 0x00000200000007FF

mem[X,0x0000000080001DF4] -> 0x9E93
mem[X,0x0000000080001DF6] -> 0x00BE
[1922] [M]: 0x0000000080001DF4 (0x00BE9E93) slli t4, t4, 0xb
x29 <- 0x00100000003FF800

mem[X,0x0000000080001DF8] -> 0x8E93
mem[X,0x0000000080001DFA] -> 0x3FFE
[1923] [M]: 0x0000000080001DF8 (0x3FFE8E93) addi t4, t4, 0x3ff
x29 <- 0x00100000003FFBFF

mem[X,0x0000000080001DFC] -> 0x9E93
mem[X,0x0000000080001DFE] -> 0x00AE
[1924] [M]: 0x0000000080001DFC (0x00AE9E93) slli t4, t4, 0xa
x29 <- 0x40000000FFEFFC00

mem[X,0x0000000080001E00] -> 0x8E93
mem[X,0x0000000080001E02] -> 0x3FFE
[1925] [M]: 0x0000000080001E00 (0x3FFE8E93) addi t4, t4, 0x3ff
x29 <- 0x40000000FFEFFFFF

mem[X,0x0000000080001E04] -> 0x0FB7
mem[X,0x0000000080001E06] -> 0xFC00
[1926] [M]: 0x0000000080001E04 (0xFC000FB7) lui t6, -0x4000
x31 <- 0xFFFFFFFFFC000000

mem[X,0x0000000080001E08] -> 0x8F93
mem[X,0x0000000080001E0A] -> 0xFFFF
[1927] [M]: 0x0000000080001E08 (0xFFFF8F93) addi t6, t6, -0x1
x31 <- 0xFFFFFFFFFBFFFFFF

mem[X,0x0000000080001E0C] -> 0x9F93
mem[X,0x0000000080001E0E] -> 0x00BF
[1928] [M]: 0x0000000080001E0C (0x00BF9F93) slli t6, t6, 0xb
x31 <- 0xFFFFFFDFFFFFF800

mem[X,0x0000000080001E10] -> 0x8F93
mem[X,0x0000000080001E12] -> 0x7F7F
[1929] [M]: 0x0000000080001E10 (0x7F7F8F93) addi t6, t6, 0x7f7
x31 <- 0xFFFFFFDFFFFFFFF7

mem[X,0x0000000080001E14] -> 0x9F93
mem[X,0x0000000080001E16] -> 0x00BF
[1930] [M]: 0x0000000080001E14 (0x00BF9F93) slli t6, t6, 0xb
x31 <- 0xFFFEFFFFFFFFB800

mem[X,0x0000000080001E18] -> 0x8F93
mem[X,0x0000000080001E1A] -> 0x7FFF
[1931] [M]: 0x0000000080001E18 (0x7FFF8F93) addi t6, t6, 0x7ff
x31 <- 0xFFFEFFFFFFFFBFFF

mem[X,0x0000000080001E1C] -> 0x9F93
mem[X,0x0000000080001E1E] -> 0x00AF
[1932] [M]: 0x0000000080001E1C (0x00AF9F93) slli t6, t6, 0xa
x31 <- 0xFBFFFFFFFEFFFC00

mem[X,0x0000000080001E20] -> 0x8F93
mem[X,0x0000000080001E22] -> 0x3FFF
[1933] [M]: 0x0000000080001E20 (0x3FFF8F93) addi t6, t6, 0x3ff
x31 <- 0xFBFFFFFFFEFFFFFF

mem[X,0x0000000080001E24] -> 0x1FBB
mem[X,0x0000000080001E26] -> 0xBBDF
[1934] [M]: 0x0000000080001E24 (0xBBDF1FBB) pmaccu.w.heo t6, t5, t4
x31 <- 0xFBFFFFFFFEFFFFFF

mem[X,0x0000000080001E28] -> 0xB023
mem[X,0x0000000080001E2A] -> 0x19F0
[1935] [M]: 0x0000000080001E28 (0x19F0B023) sd t6, 0x180(ra)
mem[0x0000000080006380] <- 0xFBFFFFFFFEFFFFFF

mem[X,0x0000000080001E2C] -> 0x0F37
mem[X,0x0000000080001E2E] -> 0xFFE0
[1936] [M]: 0x0000000080001E2C (0xFFE00F37) lui t5, -0x200
x30 <- 0xFFFFFFFFFFE00000

mem[X,0x0000000080001E30] -> 0x0F13
mem[X,0x0000000080001E32] -> 0xFFFF
[1937] [M]: 0x0000000080001E30 (0xFFFF0F13) addi t5, t5, -0x1
x30 <- 0xFFFFFFFFFFDFFFFF

mem[X,0x0000000080001E34] -> 0x1F13
mem[X,0x0000000080001E36] -> 0x00BF
[1938] [M]: 0x0000000080001E34 (0x00BF1F13) slli t5, t5, 0xb
x30 <- 0xFFFFFFFEFFFFF800

mem[X,0x0000000080001E38] -> 0x0F13
mem[X,0x0000000080001E3A] -> 0x7FFF
[1939] [M]: 0x0000000080001E38 (0x7FFF0F13) addi t5, t5, 0x7ff
x30 <- 0xFFFFFFFEFFFFFFFF

mem[X,0x0000000080001E3C] -> 0x1F13
mem[X,0x0000000080001E3E] -> 0x00BF
[1940] [M]: 0x0000000080001E3C (0x00BF1F13) slli t5, t5, 0xb
x30 <- 0xFFFFF7FFFFFFF800

mem[X,0x0000000080001E40] -> 0x0F13
mem[X,0x0000000080001E42] -> 0x7FFF
[1941] [M]: 0x0000000080001E40 (0x7FFF0F13) addi t5, t5, 0x7ff
x30 <- 0xFFFFF7FFFFFFFFFF

mem[X,0x0000000080001E44] -> 0x1F13
mem[X,0x0000000080001E46] -> 0x00AF
[1942] [M]: 0x0000000080001E44 (0x00AF1F13) slli t5, t5, 0xa
x30 <- 0xFFDFFFFFFFFFFC00

mem[X,0x0000000080001E48] -> 0x0F13
mem[X,0x0000000080001E4A] -> 0x3FCF
[1943] [M]: 0x0000000080001E48 (0x3FCF0F13) addi t5, t5, 0x3fc
x30 <- 0xFFDFFFFFFFFFFFFC

mem[X,0x0000000080001E4C] -> 0x0E93
mem[X,0x0000000080001E4E] -> 0x0010
[1944] [M]: 0x0000000080001E4C (0x00100E93) addi t4, zero, 0x1
x29 <- 0x0000000000000001

mem[X,0x0000000080001E50] -> 0x9E93
mem[X,0x0000000080001E52] -> 0x015E
[1945] [M]: 0x0000000080001E50 (0x015E9E93) slli t4, t4, 0x15
x29 <- 0x0000000000200000

mem[X,0x0000000080001E54] -> 0xEFB7
mem[X,0x0000000080001E56] -> 0xFFFF
[1946] [M]: 0x0000000080001E54 (0xFFFFEFB7) lui t6, -0x2
x31 <- 0xFFFFFFFFFFFFE000

mem[X,0x0000000080001E58] -> 0x8F93
mem[X,0x0000000080001E5A] -> 0xFFFF
[1947] [M]: 0x0000000080001E58 (0xFFFF8F93) addi t6, t6, -0x1
x31 <- 0xFFFFFFFFFFFFDFFF

mem[X,0x0000000080001E5C] -> 0x9F93
mem[X,0x0000000080001E5E] -> 0x00BF
[1948] [M]: 0x0000000080001E5C (0x00BF9F93) slli t6, t6, 0xb
x31 <- 0xFFFFFFFFFEFFF800

mem[X,0x0000000080001E60] -> 0x8F93
mem[X,0x0000000080001E62] -> 0x000F
[1949] [M]: 0x0000000080001E60 (0x000F8F93) addi t6, t6, 0x0
x31 <- 0xFFFFFFFFFEFFF800

mem[X,0x0000000080001E64] -> 0x9F93
mem[X,0x0000000080001E66] -> 0x00BF
[1950] [M]: 0x0000000080001E64 (0x00BF9F93) slli t6, t6, 0xb
x31 <- 0xFFFFFFF7FFC00000

mem[X,0x0000000080001E68] -> 0x8F93
mem[X,0x0000000080001E6A] -> 0x000F
[1951] [M]: 0x0000000080001E68 (0x000F8F93) addi t6, t6, 0x0
x31 <- 0xFFFFFFF7FFC00000

mem[X,0x0000000080001E6C] -> 0x9F93
mem[X,0x0000000080001E6E] -> 0x00AF
[1952] [M]: 0x0000000080001E6C (0x00AF9F93) slli t6, t6, 0xa
x31 <- 0xFFFFDFFF00000000

mem[X,0x0000000080001E70] -> 0x8F93
mem[X,0x0000000080001E72] -> 0x005F
[1953] [M]: 0x0000000080001E70 (0x005F8F93) addi t6, t6, 0x5
x31 <- 0xFFFFDFFF00000005

mem[X,0x0000000080001E74] -> 0x1FBB
mem[X,0x0000000080001E76] -> 0xBBDF
[1954] [M]: 0x0000000080001E74 (0xBBDF1FBB) pmaccu.w.heo t6, t5, t4
x31 <- 0xFFFFDFFF00000005

mem[X,0x0000000080001E78] -> 0xB423
mem[X,0x0000000080001E7A] -> 0x19F0
[1955] [M]: 0x0000000080001E78 (0x19F0B423) sd t6, 0x188(ra)
mem[0x0000000080006388] <- 0xFFFFDFFF00000005

mem[X,0x0000000080001E7C] -> 0x0F37
mem[X,0x0000000080001E7E] -> 0xFFC0
[1956] [M]: 0x0000000080001E7C (0xFFC00F37) lui t5, -0x400
x30 <- 0xFFFFFFFFFFC00000

mem[X,0x0000000080001E80] -> 0x0F13
mem[X,0x0000000080001E82] -> 0xFFFF
[1957] [M]: 0x0000000080001E80 (0xFFFF0F13) addi t5, t5, -0x1
x30 <- 0xFFFFFFFFFFBFFFFF

mem[X,0x0000000080001E84] -> 0x1F13
mem[X,0x0000000080001E86] -> 0x00BF
[1958] [M]: 0x0000000080001E84 (0x00BF1F13) slli t5, t5, 0xb
x30 <- 0xFFFFFFFDFFFFF800

mem[X,0x0000000080001E88] -> 0x0F13
mem[X,0x0000000080001E8A] -> 0x7FFF
[1959] [M]: 0x0000000080001E88 (0x7FFF0F13) addi t5, t5, 0x7ff
x30 <- 0xFFFFFFFDFFFFFFFF

mem[X,0x0000000080001E8C] -> 0x1F13
mem[X,0x0000000080001E8E] -> 0x00BF
[1960] [M]: 0x0000000080001E8C (0x00BF1F13) slli t5, t5, 0xb
x30 <- 0xFFFFEFFFFFFFF800

mem[X,0x0000000080001E90] -> 0x0F13
mem[X,0x0000000080001E92] -> 0x3FFF
[1961] [M]: 0x0000000080001E90 (0x3FFF0F13) addi t5, t5, 0x3ff
x30 <- 0xFFFFEFFFFFFFFBFF

mem[X,0x0000000080001E94] -> 0x1F13
mem[X,0x0000000080001E96] -> 0x00AF
[1962] [M]: 0x0000000080001E94 (0x00AF1F13) slli t5, t5, 0xa
x30 <- 0xFFBFFFFFFFEFFC00

mem[X,0x0000000080001E98] -> 0x0F13
mem[X,0x0000000080001E9A] -> 0x3FFF
[1963] [M]: 0x0000000080001E98 (0x3FFF0F13) addi t5, t5, 0x3ff
x30 <- 0xFFBFFFFFFFEFFFFF

mem[X,0x0000000080001E9C] -> 0x0EB7
mem[X,0x0000000080001E9E] -> 0x0000
[1964] [M]: 0x0000000080001E9C (0x00000EB7) lui t4, 0x0
x29 <- 0x0000000000000000

mem[X,0x0000000080001EA0] -> 0x8E93
mem[X,0x0000000080001EA2] -> 0x100E
[1965] [M]: 0x0000000080001EA0 (0x100E8E93) addi t4, t4, 0x100
x29 <- 0x0000000000000100

mem[X,0x0000000080001EA4] -> 0x9E93
mem[X,0x0000000080001EA6] -> 0x00BE
[1966] [M]: 0x0000000080001EA4 (0x00BE9E93) slli t4, t4, 0xb
x29 <- 0x0000000000080000

mem[X,0x0000000080001EA8] -> 0x8E93
mem[X,0x0000000080001EAA] -> 0x7FFE
[1967] [M]: 0x0000000080001EA8 (0x7FFE8E93) addi t4, t4, 0x7ff
x29 <- 0x00000000000807FF

mem[X,0x0000000080001EAC] -> 0x9E93
mem[X,0x0000000080001EAE] -> 0x00BE
[1968] [M]: 0x0000000080001EAC (0x00BE9E93) slli t4, t4, 0xb
x29 <- 0x00000000403FF800

mem[X,0x0000000080001EB0] -> 0x8E93
mem[X,0x0000000080001EB2] -> 0x7FFE
[1969] [M]: 0x0000000080001EB0 (0x7FFE8E93) addi t4, t4, 0x7ff
x29 <- 0x00000000403FFFFF

mem[X,0x0000000080001EB4] -> 0x9E93
mem[X,0x0000000080001EB6] -> 0x00AE
[1970] [M]: 0x0000000080001EB4 (0x00AE9E93) slli t4, t4, 0xa
x29 <- 0x00000100FFFFFC00

mem[X,0x0000000080001EB8] -> 0x8E93
mem[X,0x0000000080001EBA] -> 0x3FAE
[1971] [M]: 0x0000000080001EB8 (0x3FAE8E93) addi t4, t4, 0x3fa
x29 <- 0x00000100FFFFFFFA

mem[X,0x0000000080001EBC] -> 0x0FB7
mem[X,0x0000000080001EBE] -> 0xFFC0
[1972] [M]: 0x0000000080001EBC (0xFFC00FB7) lui t6, -0x400
x31 <- 0xFFFFFFFFFFC00000

mem[X,0x0000000080001EC0] -> 0x8F93
mem[X,0x0000000080001EC2] -> 0xFFFF
[1973] [M]: 0x0000000080001EC0 (0xFFFF8F93) addi t6, t6, -0x1
x31 <- 0xFFFFFFFFFFBFFFFF

mem[X,0x0000000080001EC4] -> 0x9F93
mem[X,0x0000000080001EC6] -> 0x00BF
[1974] [M]: 0x0000000080001EC4 (0x00BF9F93) slli t6, t6, 0xb
x31 <- 0xFFFFFFFDFFFFF800

mem[X,0x0000000080001EC8] -> 0x8F93
mem[X,0x0000000080001ECA] -> 0x000F
[1975] [M]: 0x0000000080001EC8 (0x000F8F93) addi t6, t6, 0x0
x31 <- 0xFFFFFFFDFFFFF800

mem[X,0x0000000080001ECC] -> 0x9F93
mem[X,0x0000000080001ECE] -> 0x00BF
[1976] [M]: 0x0000000080001ECC (0x00BF9F93) slli t6, t6, 0xb
x31 <- 0xFFFFEFFFFFC00000

mem[X,0x0000000080001ED0] -> 0x8F93
mem[X,0x0000000080001ED2] -> 0x000F
[1977] [M]: 0x0000000080001ED0 (0x000F8F93) addi t6, t6, 0x0
x31 <- 0xFFFFEFFFFFC00000

mem[X,0x0000000080001ED4] -> 0x9F93
mem[X,0x0000000080001ED6] -> 0x00AF
[1978] [M]: 0x0000000080001ED4 (0x00AF9F93) slli t6, t6, 0xa
x31 <- 0xFFBFFFFF00000000

mem[X,0x0000000080001ED8] -> 0x8F93
mem[X,0x0000000080001EDA] -> 0x100F
[1979] [M]: 0x0000000080001ED8 (0x100F8F93) addi t6, t6, 0x100
x31 <- 0xFFBFFFFF00000100

mem[X,0x0000000080001EDC] -> 0x1FBB
mem[X,0x0000000080001EDE] -> 0xBBDF
[1980] [M]: 0x0000000080001EDC (0xBBDF1FBB) pmaccu.w.heo t6, t5, t4
x31 <- 0xFFC0FE000000FF01

mem[X,0x0000000080001EE0] -> 0xB823
mem[X,0x0000000080001EE2] -> 0x19F0
[1981] [M]: 0x0000000080001EE0 (0x19F0B823) sd t6, 0x190(ra)
mem[0x0000000080006390] <- 0xFFC0FE000000FF01

mem[X,0x0000000080001EE4] -> 0x0F37
mem[X,0x0000000080001EE6] -> 0xFF00
[1982] [M]: 0x0000000080001EE4 (0xFF000F37) lui t5, -0x1000
x30 <- 0xFFFFFFFFFF000000

mem[X,0x0000000080001EE8] -> 0x0F13
mem[X,0x0000000080001EEA] -> 0xFFFF
[1983] [M]: 0x0000000080001EE8 (0xFFFF0F13) addi t5, t5, -0x1
x30 <- 0xFFFFFFFFFEFFFFFF

mem[X,0x0000000080001EEC] -> 0x1F13
mem[X,0x0000000080001EEE] -> 0x00BF
[1984] [M]: 0x0000000080001EEC (0x00BF1F13) slli t5, t5, 0xb
x30 <- 0xFFFFFFF7FFFFF800

mem[X,0x0000000080001EF0] -> 0x0F13
mem[X,0x0000000080001EF2] -> 0x000F
[1985] [M]: 0x0000000080001EF0 (0x000F0F13) addi t5, t5, 0x0
x30 <- 0xFFFFFFF7FFFFF800

mem[X,0x0000000080001EF4] -> 0x1F13
mem[X,0x0000000080001EF6] -> 0x00BF
[1986] [M]: 0x0000000080001EF4 (0x00BF1F13) slli t5, t5, 0xb
x30 <- 0xFFFFBFFFFFC00000

mem[X,0x0000000080001EF8] -> 0x0F13
mem[X,0x0000000080001EFA] -> 0x000F
[1987] [M]: 0x0000000080001EF8 (0x000F0F13) addi t5, t5, 0x0
x30 <- 0xFFFFBFFFFFC00000

mem[X,0x0000000080001EFC] -> 0x1F13
mem[X,0x0000000080001EFE] -> 0x00AF
[1988] [M]: 0x0000000080001EFC (0x00AF1F13) slli t5, t5, 0xa
x30 <- 0xFEFFFFFF00000000

mem[X,0x0000000080001F00] -> 0x0F13
mem[X,0x0000000080001F02] -> 0x080F
[1989] [M]: 0x0000000080001F00 (0x080F0F13) addi t5, t5, 0x80
x30 <- 0xFEFFFFFF00000080

mem[X,0x0000000080001F04] -> 0x0EB7
mem[X,0x0000000080001F06] -> 0x0000
[1990] [M]: 0x0000000080001F04 (0x00000EB7) lui t4, 0x0
x29 <- 0x0000000000000000

mem[X,0x0000000080001F08] -> 0x8E93
mem[X,0x0000000080001F0A] -> 0x400E
[1991] [M]: 0x0000000080001F08 (0x400E8E93) addi t4, t4, 0x400
x29 <- 0x0000000000000400

mem[X,0x0000000080001F0C] -> 0x9E93
mem[X,0x0000000080001F0E] -> 0x00BE
[1992] [M]: 0x0000000080001F0C (0x00BE9E93) slli t4, t4, 0xb
x29 <- 0x0000000000200000

mem[X,0x0000000080001F10] -> 0x8E93
mem[X,0x0000000080001F12] -> 0x7FFE
[1993] [M]: 0x0000000080001F10 (0x7FFE8E93) addi t4, t4, 0x7ff
x29 <- 0x00000000002007FF

mem[X,0x0000000080001F14] -> 0x9E93
mem[X,0x0000000080001F16] -> 0x00BE
[1994] [M]: 0x0000000080001F14 (0x00BE9E93) slli t4, t4, 0xb
x29 <- 0x00000001003FF800

mem[X,0x0000000080001F18] -> 0x8E93
mem[X,0x0000000080001F1A] -> 0x6FFE
[1995] [M]: 0x0000000080001F18 (0x6FFE8E93) addi t4, t4, 0x6ff
x29 <- 0x00000001003FFEFF

mem[X,0x0000000080001F1C] -> 0x9E93
mem[X,0x0000000080001F1E] -> 0x00AE
[1996] [M]: 0x0000000080001F1C (0x00AE9E93) slli t4, t4, 0xa
x29 <- 0x00000400FFFBFC00

mem[X,0x0000000080001F20] -> 0x8E93
mem[X,0x0000000080001F22] -> 0x3FFE
[1997] [M]: 0x0000000080001F20 (0x3FFE8E93) addi t4, t4, 0x3ff
x29 <- 0x00000400FFFBFFFF

mem[X,0x0000000080001F24] -> 0x0FB7
mem[X,0x0000000080001F26] -> 0x0400
[1998] [M]: 0x0000000080001F24 (0x04000FB7) lui t6, 0x4000
x31 <- 0x0000000004000000

mem[X,0x0000000080001F28] -> 0x8F93
mem[X,0x0000000080001F2A] -> 0x001F
[1999] [M]: 0x0000000080001F28 (0x001F8F93) addi t6, t6, 0x1
x31 <- 0x0000000004000001

clint::tick mtime <- 0x0000000000000014
 clint timer pending at mtime 0x0000000000000014
htif::tick 0x0000000000000000
mem[X,0x0000000080001F2C] -> 0x9F93
mem[X,0x0000000080001F2E] -> 0x018F
[2000] [M]: 0x0000000080001F2C (0x018F9F93) slli t6, t6, 0x18
x31 <- 0x0004000001000000

mem[X,0x0000000080001F30] -> 0x1FBB
mem[X,0x0000000080001F32] -> 0xBBDF
[2001] [M]: 0x0000000080001F30 (0xBBDF1FBB) pmaccu.w.heo t6, t5, t4
x31 <- 0x00047F8001007F80

mem[X,0x0000000080001F34] -> 0xBC23
mem[X,0x0000000080001F36] -> 0x19F0
[2002] [M]: 0x0000000080001F34 (0x19F0BC23) sd t6, 0x198(ra)
mem[0x0000000080006398] <- 0x00047F8001007F80

mem[X,0x0000000080001F38] -> 0x0F37
mem[X,0x0000000080001F3A] -> 0xFE00
[2003] [M]: 0x0000000080001F38 (0xFE000F37) lui t5, -0x2000
x30 <- 0xFFFFFFFFFE000000

mem[X,0x0000000080001F3C] -> 0x0F13
mem[X,0x0000000080001F3E] -> 0xFFFF
[2004] [M]: 0x0000000080001F3C (0xFFFF0F13) addi t5, t5, -0x1
x30 <- 0xFFFFFFFFFDFFFFFF

mem[X,0x0000000080001F40] -> 0x1F13
mem[X,0x0000000080001F42] -> 0x00BF
[2005] [M]: 0x0000000080001F40 (0x00BF1F13) slli t5, t5, 0xb
x30 <- 0xFFFFFFEFFFFFF800

mem[X,0x0000000080001F44] -> 0x0F13
mem[X,0x0000000080001F46] -> 0x7FFF
[2006] [M]: 0x0000000080001F44 (0x7FFF0F13) addi t5, t5, 0x7ff
x30 <- 0xFFFFFFEFFFFFFFFF

mem[X,0x0000000080001F48] -> 0x1F13
mem[X,0x0000000080001F4A] -> 0x00BF
[2007] [M]: 0x0000000080001F48 (0x00BF1F13) slli t5, t5, 0xb
x30 <- 0xFFFF7FFFFFFFF800

mem[X,0x0000000080001F4C] -> 0x0F13
mem[X,0x0000000080001F4E] -> 0x77FF
[2008] [M]: 0x0000000080001F4C (0x77FF0F13) addi t5, t5, 0x77f
x30 <- 0xFFFF7FFFFFFFFF7F

mem[X,0x0000000080001F50] -> 0x1F13
mem[X,0x0000000080001F52] -> 0x00AF
[2009] [M]: 0x0000000080001F50 (0x00AF1F13) slli t5, t5, 0xa
x30 <- 0xFDFFFFFFFFFDFC00

mem[X,0x0000000080001F54] -> 0x0F13
mem[X,0x0000000080001F56] -> 0x3FFF
[2010] [M]: 0x0000000080001F54 (0x3FFF0F13) addi t5, t5, 0x3ff
x30 <- 0xFDFFFFFFFFFDFFFF

mem[X,0x0000000080001F58] -> 0x0EB7
mem[X,0x0000000080001F5A] -> 0x0000
[2011] [M]: 0x0000000080001F58 (0x00000EB7) lui t4, 0x0
x29 <- 0x0000000000000000

mem[X,0x0000000080001F5C] -> 0x8E93
mem[X,0x0000000080001F5E] -> 0x002E
[2012] [M]: 0x0000000080001F5C (0x002E8E93) addi t4, t4, 0x2
x29 <- 0x0000000000000002

mem[X,0x0000000080001F60] -> 0x9E93
mem[X,0x0000000080001F62] -> 0x00BE
[2013] [M]: 0x0000000080001F60 (0x00BE9E93) slli t4, t4, 0xb
x29 <- 0x0000000000001000

mem[X,0x0000000080001F64] -> 0x8E93
mem[X,0x0000000080001F66] -> 0x7F7E
[2014] [M]: 0x0000000080001F64 (0x7F7E8E93) addi t4, t4, 0x7f7
x29 <- 0x00000000000017F7

mem[X,0x0000000080001F68] -> 0x9E93
mem[X,0x0000000080001F6A] -> 0x00BE
[2015] [M]: 0x0000000080001F68 (0x00BE9E93) slli t4, t4, 0xb
x29 <- 0x0000000000BFB800

mem[X,0x0000000080001F6C] -> 0x8E93
mem[X,0x0000000080001F6E] -> 0x7FFE
[2016] [M]: 0x0000000080001F6C (0x7FFE8E93) addi t4, t4, 0x7ff
x29 <- 0x0000000000BFBFFF

mem[X,0x0000000080001F70] -> 0x9E93
mem[X,0x0000000080001F72] -> 0x00AE
[2017] [M]: 0x0000000080001F70 (0x00AE9E93) slli t4, t4, 0xa
x29 <- 0x00000002FEFFFC00

mem[X,0x0000000080001F74] -> 0x8E93
mem[X,0x0000000080001F76] -> 0x3FFE
[2018] [M]: 0x0000000080001F74 (0x3FFE8E93) addi t4, t4, 0x3ff
x29 <- 0x00000002FEFFFFFF

mem[X,0x0000000080001F78] -> 0x0FB7
mem[X,0x0000000080001F7A] -> 0x0000
[2019] [M]: 0x0000000080001F78 (0x00000FB7) lui t6, 0x0
x31 <- 0x0000000000000000

mem[X,0x0000000080001F7C] -> 0x8F93
mem[X,0x0000000080001F7E] -> 0xFFEF
[2020] [M]: 0x0000000080001F7C (0xFFEF8F93) addi t6, t6, -0x2
x31 <- 0xFFFFFFFFFFFFFFFE

mem[X,0x0000000080001F80] -> 0x9F93
mem[X,0x0000000080001F82] -> 0x00BF
[2021] [M]: 0x0000000080001F80 (0x00BF9F93) slli t6, t6, 0xb
x31 <- 0xFFFFFFFFFFFFF000

mem[X,0x0000000080001F84] -> 0x8F93
mem[X,0x0000000080001F86] -> 0x7FFF
[2022] [M]: 0x0000000080001F84 (0x7FFF8F93) addi t6, t6, 0x7ff
x31 <- 0xFFFFFFFFFFFFF7FF

mem[X,0x0000000080001F88] -> 0x9F93
mem[X,0x0000000080001F8A] -> 0x00BF
[2023] [M]: 0x0000000080001F88 (0x00BF9F93) slli t6, t6, 0xb
x31 <- 0xFFFFFFFFFFBFF800

mem[X,0x0000000080001F8C] -> 0x8F93
mem[X,0x0000000080001F8E] -> 0x7FFF
[2024] [M]: 0x0000000080001F8C (0x7FFF8F93) addi t6, t6, 0x7ff
x31 <- 0xFFFFFFFFFFBFFFFF

mem[X,0x0000000080001F90] -> 0x9F93
mem[X,0x0000000080001F92] -> 0x00AF
[2025] [M]: 0x0000000080001F90 (0x00AF9F93) slli t6, t6, 0xa
x31 <- 0xFFFFFFFEFFFFFC00

mem[X,0x0000000080001F94] -> 0x8F93
mem[X,0x0000000080001F96] -> 0x1FFF
[2026] [M]: 0x0000000080001F94 (0x1FFF8F93) addi t6, t6, 0x1ff
x31 <- 0xFFFFFFFEFFFFFDFF

mem[X,0x0000000080001F98] -> 0x1FBB
mem[X,0x0000000080001F9A] -> 0xBBDF
[2027] [M]: 0x0000000080001F98 (0xBBDF1FBB) pmaccu.w.heo t6, t5, t4
x31 <- 0x0000FDFF0000FC00

mem[X,0x0000000080001F9C] -> 0xB023
mem[X,0x0000000080001F9E] -> 0x1BF0
[2028] [M]: 0x0000000080001F9C (0x1BF0B023) sd t6, 0x1a0(ra)
mem[0x00000000800063A0] <- 0x0000FDFF0000FC00

mem[X,0x0000000080001FA0] -> 0x0F37
mem[X,0x0000000080001FA2] -> 0xC000
[2029] [M]: 0x0000000080001FA0 (0xC0000F37) lui t5, -0x40000
x30 <- 0xFFFFFFFFC0000000

mem[X,0x0000000080001FA4] -> 0x0F13
mem[X,0x0000000080001FA6] -> 0xFFFF
[2030] [M]: 0x0000000080001FA4 (0xFFFF0F13) addi t5, t5, -0x1
x30 <- 0xFFFFFFFFBFFFFFFF

mem[X,0x0000000080001FA8] -> 0x1F13
mem[X,0x0000000080001FAA] -> 0x00BF
[2031] [M]: 0x0000000080001FA8 (0x00BF1F13) slli t5, t5, 0xb
x30 <- 0xFFFFFDFFFFFFF800

mem[X,0x0000000080001FAC] -> 0x0F13
mem[X,0x0000000080001FAE] -> 0x7FFF
[2032] [M]: 0x0000000080001FAC (0x7FFF0F13) addi t5, t5, 0x7ff
x30 <- 0xFFFFFDFFFFFFFFFF

mem[X,0x0000000080001FB0] -> 0x1F13
mem[X,0x0000000080001FB2] -> 0x00BF
[2033] [M]: 0x0000000080001FB0 (0x00BF1F13) slli t5, t5, 0xb
x30 <- 0xFFEFFFFFFFFFF800

mem[X,0x0000000080001FB4] -> 0x0F13
mem[X,0x0000000080001FB6] -> 0x7FFF
[2034] [M]: 0x0000000080001FB4 (0x7FFF0F13) addi t5, t5, 0x7ff
x30 <- 0xFFEFFFFFFFFFFFFF

mem[X,0x0000000080001FB8] -> 0x1F13
mem[X,0x0000000080001FBA] -> 0x00AF
[2035] [M]: 0x0000000080001FB8 (0x00AF1F13) slli t5, t5, 0xa
x30 <- 0xBFFFFFFFFFFFFC00

mem[X,0x0000000080001FBC] -> 0x0F13
mem[X,0x0000000080001FBE] -> 0x3FAF
[2036] [M]: 0x0000000080001FBC (0x3FAF0F13) addi t5, t5, 0x3fa
x30 <- 0xBFFFFFFFFFFFFFFA

mem[X,0x0000000080001FC0] -> 0xFEB7
mem[X,0x0000000080001FC2] -> 0xFFFF
[2037] [M]: 0x0000000080001FC0 (0xFFFFFEB7) lui t4, -0x1
x29 <- 0xFFFFFFFFFFFFF000

mem[X,0x0000000080001FC4] -> 0x8E93
mem[X,0x0000000080001FC6] -> 0x7FFE
[2038] [M]: 0x0000000080001FC4 (0x7FFE8E93) addi t4, t4, 0x7ff
x29 <- 0xFFFFFFFFFFFFF7FF

mem[X,0x0000000080001FC8] -> 0x9E93
mem[X,0x0000000080001FCA] -> 0x00BE
[2039] [M]: 0x0000000080001FC8 (0x00BE9E93) slli t4, t4, 0xb
x29 <- 0xFFFFFFFFFFBFF800

mem[X,0x0000000080001FCC] -> 0x8E93
mem[X,0x0000000080001FCE] -> 0x7EFE
[2040] [M]: 0x0000000080001FCC (0x7EFE8E93) addi t4, t4, 0x7ef
x29 <- 0xFFFFFFFFFFBFFFEF

mem[X,0x0000000080001FD0] -> 0x9E93
mem[X,0x0000000080001FD2] -> 0x00BE
[2041] [M]: 0x0000000080001FD0 (0x00BE9E93) slli t4, t4, 0xb
x29 <- 0xFFFFFFFDFFFF7800

mem[X,0x0000000080001FD4] -> 0x8E93
mem[X,0x0000000080001FD6] -> 0x7FFE
[2042] [M]: 0x0000000080001FD4 (0x7FFE8E93) addi t4, t4, 0x7ff
x29 <- 0xFFFFFFFDFFFF7FFF

mem[X,0x0000000080001FD8] -> 0x9E93
mem[X,0x0000000080001FDA] -> 0x00AE
[2043] [M]: 0x0000000080001FD8 (0x00AE9E93) slli t4, t4, 0xa
x29 <- 0xFFFFF7FFFDFFFC00

mem[X,0x0000000080001FDC] -> 0x8E93
mem[X,0x0000000080001FDE] -> 0x3FFE
[2044] [M]: 0x0000000080001FDC (0x3FFE8E93) addi t4, t4, 0x3ff
x29 <- 0xFFFFF7FFFDFFFFFF

mem[X,0x0000000080001FE0] -> 0x0FB7
mem[X,0x0000000080001FE2] -> 0x0080
[2045] [M]: 0x0000000080001FE0 (0x00800FB7) lui t6, 0x800
x31 <- 0x0000000000800000

mem[X,0x0000000080001FE4] -> 0x8F93
mem[X,0x0000000080001FE6] -> 0x001F
[2046] [M]: 0x0000000080001FE4 (0x001F8F93) addi t6, t6, 0x1
x31 <- 0x0000000000800001

mem[X,0x0000000080001FE8] -> 0x9F93
mem[X,0x0000000080001FEA] -> 0x013F
[2047] [M]: 0x0000000080001FE8 (0x013F9F93) slli t6, t6, 0x13
x31 <- 0x0000040000080000

mem[X,0x0000000080001FEC] -> 0x1FBB
mem[X,0x0000000080001FEE] -> 0xBBDF
[2048] [M]: 0x0000000080001FEC (0xBBDF1FBB) pmaccu.w.heo t6, t5, t4
x31 <- 0x0000FD060008F906

mem[X,0x0000000080001FF0] -> 0xB423
mem[X,0x0000000080001FF2] -> 0x1BF0
[2049] [M]: 0x0000000080001FF0 (0x1BF0B423) sd t6, 0x1a8(ra)
mem[0x00000000800063A8] <- 0x0000FD060008F906

mem[X,0x0000000080001FF4] -> 0x0F37
mem[X,0x0000000080001FF6] -> 0x0008
[2050] [M]: 0x0000000080001FF4 (0x00080F37) lui t5, 0x80
x30 <- 0x0000000000080000

mem[X,0x0000000080001FF8] -> 0x0F13
mem[X,0x0000000080001FFA] -> 0x000F
[2051] [M]: 0x0000000080001FF8 (0x000F0F13) addi t5, t5, 0x0
x30 <- 0x0000000000080000

mem[X,0x0000000080001FFC] -> 0x1F13
mem[X,0x0000000080001FFE] -> 0x00BF
[2052] [M]: 0x0000000080001FFC (0x00BF1F13) slli t5, t5, 0xb
x30 <- 0x0000000040000000

mem[X,0x0000000080002000] -> 0x0F13
mem[X,0x0000000080002002] -> 0x7FFF
[2053] [M]: 0x0000000080002000 (0x7FFF0F13) addi t5, t5, 0x7ff
x30 <- 0x00000000400007FF

mem[X,0x0000000080002004] -> 0x1F13
mem[X,0x0000000080002006] -> 0x00BF
[2054] [M]: 0x0000000080002004 (0x00BF1F13) slli t5, t5, 0xb
x30 <- 0x00000200003FF800

mem[X,0x0000000080002008] -> 0x0F13
mem[X,0x000000008000200A] -> 0x7FFF
[2055] [M]: 0x0000000080002008 (0x7FFF0F13) addi t5, t5, 0x7ff
x30 <- 0x00000200003FFFFF

mem[X,0x000000008000200C] -> 0x1F13
mem[X,0x000000008000200E] -> 0x00AF
[2056] [M]: 0x000000008000200C (0x00AF1F13) slli t5, t5, 0xa
x30 <- 0x00080000FFFFFC00

mem[X,0x0000000080002010] -> 0x0F13
mem[X,0x0000000080002012] -> 0x3FDF
[2057] [M]: 0x0000000080002010 (0x3FDF0F13) addi t5, t5, 0x3fd
x30 <- 0x00080000FFFFFFFD

mem[X,0x0000000080002014] -> 0x0EB7
mem[X,0x0000000080002016] -> 0x0008
[2058] [M]: 0x0000000080002014 (0x00080EB7) lui t4, 0x80
x29 <- 0x0000000000080000

mem[X,0x0000000080002018] -> 0x8E93
mem[X,0x000000008000201A] -> 0x000E
[2059] [M]: 0x0000000080002018 (0x000E8E93) addi t4, t4, 0x0
x29 <- 0x0000000000080000

mem[X,0x000000008000201C] -> 0x9E93
mem[X,0x000000008000201E] -> 0x00BE
[2060] [M]: 0x000000008000201C (0x00BE9E93) slli t4, t4, 0xb
x29 <- 0x0000000040000000

mem[X,0x0000000080002020] -> 0x8E93
mem[X,0x0000000080002022] -> 0x7FFE
[2061] [M]: 0x0000000080002020 (0x7FFE8E93) addi t4, t4, 0x7ff
x29 <- 0x00000000400007FF

mem[X,0x0000000080002024] -> 0x9E93
mem[X,0x0000000080002026] -> 0x00BE
[2062] [M]: 0x0000000080002024 (0x00BE9E93) slli t4, t4, 0xb
x29 <- 0x00000200003FF800

mem[X,0x0000000080002028] -> 0x8E93
mem[X,0x000000008000202A] -> 0x7FFE
[2063] [M]: 0x0000000080002028 (0x7FFE8E93) addi t4, t4, 0x7ff
x29 <- 0x00000200003FFFFF

mem[X,0x000000008000202C] -> 0x9E93
mem[X,0x000000008000202E] -> 0x00AE
[2064] [M]: 0x000000008000202C (0x00AE9E93) slli t4, t4, 0xa
x29 <- 0x00080000FFFFFC00

mem[X,0x0000000080002030] -> 0x8E93
mem[X,0x0000000080002032] -> 0x3FFE
[2065] [M]: 0x0000000080002030 (0x3FFE8E93) addi t4, t4, 0x3ff
x29 <- 0x00080000FFFFFFFF

mem[X,0x0000000080002034] -> 0x0FB7
mem[X,0x0000000080002036] -> 0x0000
[2066] [M]: 0x0000000080002034 (0x00000FB7) lui t6, 0x0
x31 <- 0x0000000000000000

mem[X,0x0000000080002038] -> 0x8F93
mem[X,0x000000008000203A] -> 0x100F
[2067] [M]: 0x0000000080002038 (0x100F8F93) addi t6, t6, 0x100
x31 <- 0x0000000000000100

mem[X,0x000000008000203C] -> 0x9F93
mem[X,0x000000008000203E] -> 0x00BF
[2068] [M]: 0x000000008000203C (0x00BF9F93) slli t6, t6, 0xb
x31 <- 0x0000000000080000

mem[X,0x0000000080002040] -> 0x8F93
mem[X,0x0000000080002042] -> 0x7FFF
[2069] [M]: 0x0000000080002040 (0x7FFF8F93) addi t6, t6, 0x7ff
x31 <- 0x00000000000807FF

mem[X,0x0000000080002044] -> 0x9F93
mem[X,0x0000000080002046] -> 0x00BF
[2070] [M]: 0x0000000080002044 (0x00BF9F93) slli t6, t6, 0xb
x31 <- 0x00000000403FF800

mem[X,0x0000000080002048] -> 0x8F93
mem[X,0x000000008000204A] -> 0x7FFF
[2071] [M]: 0x0000000080002048 (0x7FFF8F93) addi t6, t6, 0x7ff
x31 <- 0x00000000403FFFFF

mem[X,0x000000008000204C] -> 0x9F93
mem[X,0x000000008000204E] -> 0x00AF
[2072] [M]: 0x000000008000204C (0x00AF9F93) slli t6, t6, 0xa
x31 <- 0x00000100FFFFFC00

mem[X,0x0000000080002050] -> 0x8F93
mem[X,0x0000000080002052] -> 0x3DFF
[2073] [M]: 0x0000000080002050 (0x3DFF8F93) addi t6, t6, 0x3df
x31 <- 0x00000100FFFFFFDF

mem[X,0x0000000080002054] -> 0x1FBB
mem[X,0x0000000080002056] -> 0xBBDF
[2074] [M]: 0x0000000080002054 (0xBBDF1FBB) pmaccu.w.heo t6, t5, t4
x31 <- 0x0000FD030000FBE2

mem[X,0x0000000080002058] -> 0xB823
mem[X,0x000000008000205A] -> 0x1BF0
[2075] [M]: 0x0000000080002058 (0x1BF0B823) sd t6, 0x1b0(ra)
mem[0x00000000800063B0] <- 0x0000FD030000FBE2

mem[X,0x000000008000205C] -> 0x0F37
mem[X,0x000000008000205E] -> 0xFFFC
[2076] [M]: 0x000000008000205C (0xFFFC0F37) lui t5, -0x40
x30 <- 0xFFFFFFFFFFFC0000

mem[X,0x0000000080002060] -> 0x0F13
mem[X,0x0000000080002062] -> 0xFFFF
[2077] [M]: 0x0000000080002060 (0xFFFF0F13) addi t5, t5, -0x1
x30 <- 0xFFFFFFFFFFFBFFFF

mem[X,0x0000000080002064] -> 0x1F13
mem[X,0x0000000080002066] -> 0x00BF
[2078] [M]: 0x0000000080002064 (0x00BF1F13) slli t5, t5, 0xb
x30 <- 0xFFFFFFFFDFFFF800

mem[X,0x0000000080002068] -> 0x0F13
mem[X,0x000000008000206A] -> 0x000F
[2079] [M]: 0x0000000080002068 (0x000F0F13) addi t5, t5, 0x0
x30 <- 0xFFFFFFFFDFFFF800

mem[X,0x000000008000206C] -> 0x1F13
mem[X,0x000000008000206E] -> 0x00BF
[2080] [M]: 0x000000008000206C (0x00BF1F13) slli t5, t5, 0xb
x30 <- 0xFFFFFEFFFFC00000

mem[X,0x0000000080002070] -> 0x0F13
mem[X,0x0000000080002072] -> 0x001F
[2081] [M]: 0x0000000080002070 (0x001F0F13) addi t5, t5, 0x1
x30 <- 0xFFFFFEFFFFC00001

mem[X,0x0000000080002074] -> 0x1F13
mem[X,0x0000000080002076] -> 0x00AF
[2082] [M]: 0x0000000080002074 (0x00AF1F13) slli t5, t5, 0xa
x30 <- 0xFFFBFFFF00000400

mem[X,0x0000000080002078] -> 0x0EB7
mem[X,0x000000008000207A] -> 0x0080
[2083] [M]: 0x0000000080002078 (0x00800EB7) lui t4, 0x800
x29 <- 0x0000000000800000

mem[X,0x000000008000207C] -> 0x8E93
mem[X,0x000000008000207E] -> 0x000E
[2084] [M]: 0x000000008000207C (0x000E8E93) addi t4, t4, 0x0
x29 <- 0x0000000000800000

mem[X,0x0000000080002080] -> 0x9E93
mem[X,0x0000000080002082] -> 0x00BE
[2085] [M]: 0x0000000080002080 (0x00BE9E93) slli t4, t4, 0xb
x29 <- 0x0000000400000000

mem[X,0x0000000080002084] -> 0x8E93
mem[X,0x0000000080002086] -> 0x000E
[2086] [M]: 0x0000000080002084 (0x000E8E93) addi t4, t4, 0x0
x29 <- 0x0000000400000000

mem[X,0x0000000080002088] -> 0x9E93
mem[X,0x000000008000208A] -> 0x00BE
[2087] [M]: 0x0000000080002088 (0x00BE9E93) slli t4, t4, 0xb
x29 <- 0x0000200000000000

mem[X,0x000000008000208C] -> 0x8E93
mem[X,0x000000008000208E] -> 0x000E
[2088] [M]: 0x000000008000208C (0x000E8E93) addi t4, t4, 0x0
x29 <- 0x0000200000000000

mem[X,0x0000000080002090] -> 0x9E93
mem[X,0x0000000080002092] -> 0x00AE
[2089] [M]: 0x0000000080002090 (0x00AE9E93) slli t4, t4, 0xa
x29 <- 0x0080000000000000

mem[X,0x0000000080002094] -> 0x8E93
mem[X,0x0000000080002096] -> 0x002E
[2090] [M]: 0x0000000080002094 (0x002E8E93) addi t4, t4, 0x2
x29 <- 0x0080000000000002

mem[X,0x0000000080002098] -> 0xBFB7
mem[X,0x000000008000209A] -> 0xAAAA
[2091] [M]: 0x0000000080002098 (0xAAAABFB7) lui t6, -0x55555
x31 <- 0xFFFFFFFFAAAAB000

mem[X,0x000000008000209C] -> 0x8F93
mem[X,0x000000008000209E] -> 0xAAAF
[2092] [M]: 0x000000008000209C (0xAAAF8F93) addi t6, t6, -0x556
x31 <- 0xFFFFFFFFAAAAAAAA

mem[X,0x00000000800020A0] -> 0x9F93
mem[X,0x00000000800020A2] -> 0x00BF
[2093] [M]: 0x00000000800020A0 (0x00BF9F93) slli t6, t6, 0xb
x31 <- 0xFFFFFD5555555000

mem[X,0x00000000800020A4] -> 0x8F93
mem[X,0x00000000800020A6] -> 0x7FFF
[2094] [M]: 0x00000000800020A4 (0x7FFF8F93) addi t6, t6, 0x7ff
x31 <- 0xFFFFFD55555557FF

mem[X,0x00000000800020A8] -> 0x9F93
mem[X,0x00000000800020AA] -> 0x00BF
[2095] [M]: 0x00000000800020A8 (0x00BF9F93) slli t6, t6, 0xb
x31 <- 0xFFEAAAAAAABFF800

mem[X,0x00000000800020AC] -> 0x8F93
mem[X,0x00000000800020AE] -> 0x7BFF
[2096] [M]: 0x00000000800020AC (0x7BFF8F93) addi t6, t6, 0x7bf
x31 <- 0xFFEAAAAAAABFFFBF

mem[X,0x00000000800020B0] -> 0x9F93
mem[X,0x00000000800020B2] -> 0x00AF
[2097] [M]: 0x00000000800020B0 (0x00AF9F93) slli t6, t6, 0xa
x31 <- 0xAAAAAAAAFFFEFC00

mem[X,0x00000000800020B4] -> 0x8F93
mem[X,0x00000000800020B6] -> 0x3FFF
[2098] [M]: 0x00000000800020B4 (0x3FFF8F93) addi t6, t6, 0x3ff
x31 <- 0xAAAAAAAAFFFEFFFF

mem[X,0x00000000800020B8] -> 0x1FBB
mem[X,0x00000000800020BA] -> 0xBBDF
[2099] [M]: 0x00000000800020B8 (0xBBDF1FBB) pmaccu.w.heo t6, t5, t4
x31 <- 0xAAAAAAAAFFFEFFFF

clint::tick mtime <- 0x0000000000000015
 clint timer pending at mtime 0x0000000000000015
htif::tick 0x0000000000000000
mem[X,0x00000000800020BC] -> 0xBC23
mem[X,0x00000000800020BE] -> 0x1BF0
[2100] [M]: 0x00000000800020BC (0x1BF0BC23) sd t6, 0x1b8(ra)
mem[0x00000000800063B8] <- 0xAAAAAAAAFFFEFFFF

mem[X,0x00000000800020C0] -> 0x0F37
mem[X,0x00000000800020C2] -> 0x0000
[2101] [M]: 0x00000000800020C0 (0x00000F37) lui t5, 0x0
x30 <- 0x0000000000000000

mem[X,0x00000000800020C4] -> 0x0F13
mem[X,0x00000000800020C6] -> 0xFFEF
[2102] [M]: 0x00000000800020C4 (0xFFEF0F13) addi t5, t5, -0x2
x30 <- 0xFFFFFFFFFFFFFFFE

mem[X,0x00000000800020C8] -> 0x1F13
mem[X,0x00000000800020CA] -> 0x00BF
[2103] [M]: 0x00000000800020C8 (0x00BF1F13) slli t5, t5, 0xb
x30 <- 0xFFFFFFFFFFFFF000

mem[X,0x00000000800020CC] -> 0x0F13
mem[X,0x00000000800020CE] -> 0x7EFF
[2104] [M]: 0x00000000800020CC (0x7EFF0F13) addi t5, t5, 0x7ef
x30 <- 0xFFFFFFFFFFFFF7EF

mem[X,0x00000000800020D0] -> 0x1F13
mem[X,0x00000000800020D2] -> 0x00BF
[2105] [M]: 0x00000000800020D0 (0x00BF1F13) slli t5, t5, 0xb
x30 <- 0xFFFFFFFFFFBF7800

mem[X,0x00000000800020D4] -> 0x0F13
mem[X,0x00000000800020D6] -> 0x7FFF
[2106] [M]: 0x00000000800020D4 (0x7FFF0F13) addi t5, t5, 0x7ff
x30 <- 0xFFFFFFFFFFBF7FFF

mem[X,0x00000000800020D8] -> 0x1F13
mem[X,0x00000000800020DA] -> 0x00AF
[2107] [M]: 0x00000000800020D8 (0x00AF1F13) slli t5, t5, 0xa
x30 <- 0xFFFFFFFEFDFFFC00

mem[X,0x00000000800020DC] -> 0x0F13
mem[X,0x00000000800020DE] -> 0x3FFF
[2108] [M]: 0x00000000800020DC (0x3FFF0F13) addi t5, t5, 0x3ff
x30 <- 0xFFFFFFFEFDFFFFFF

mem[X,0x00000000800020E0] -> 0xEEB7
mem[X,0x00000000800020E2] -> 0xFFFF
[2109] [M]: 0x00000000800020E0 (0xFFFFEEB7) lui t4, -0x2
x29 <- 0xFFFFFFFFFFFFE000

mem[X,0x00000000800020E4] -> 0x8E93
mem[X,0x00000000800020E6] -> 0xFFFE
[2110] [M]: 0x00000000800020E4 (0xFFFE8E93) addi t4, t4, -0x1
x29 <- 0xFFFFFFFFFFFFDFFF

mem[X,0x00000000800020E8] -> 0x9E93
mem[X,0x00000000800020EA] -> 0x00BE
[2111] [M]: 0x00000000800020E8 (0x00BE9E93) slli t4, t4, 0xb
x29 <- 0xFFFFFFFFFEFFF800

mem[X,0x00000000800020EC] -> 0x8E93
mem[X,0x00000000800020EE] -> 0x000E
[2112] [M]: 0x00000000800020EC (0x000E8E93) addi t4, t4, 0x0
x29 <- 0xFFFFFFFFFEFFF800

mem[X,0x00000000800020F0] -> 0x9E93
mem[X,0x00000000800020F2] -> 0x00BE
[2113] [M]: 0x00000000800020F0 (0x00BE9E93) slli t4, t4, 0xb
x29 <- 0xFFFFFFF7FFC00000

mem[X,0x00000000800020F4] -> 0x8E93
mem[X,0x00000000800020F6] -> 0x000E
[2114] [M]: 0x00000000800020F4 (0x000E8E93) addi t4, t4, 0x0
x29 <- 0xFFFFFFF7FFC00000

mem[X,0x00000000800020F8] -> 0x9E93
mem[X,0x00000000800020FA] -> 0x00AE
[2115] [M]: 0x00000000800020F8 (0x00AE9E93) slli t4, t4, 0xa
x29 <- 0xFFFFDFFF00000000

mem[X,0x00000000800020FC] -> 0x8E93
mem[X,0x00000000800020FE] -> 0x004E
[2116] [M]: 0x00000000800020FC (0x004E8E93) addi t4, t4, 0x4
x29 <- 0xFFFFDFFF00000004

mem[X,0x0000000080002100] -> 0x0FB7
mem[X,0x0000000080002102] -> 0xC000
[2117] [M]: 0x0000000080002100 (0xC0000FB7) lui t6, -0x40000
x31 <- 0xFFFFFFFFC0000000

mem[X,0x0000000080002104] -> 0x8F93
mem[X,0x0000000080002106] -> 0x000F
[2118] [M]: 0x0000000080002104 (0x000F8F93) addi t6, t6, 0x0
x31 <- 0xFFFFFFFFC0000000

mem[X,0x0000000080002108] -> 0x9F93
mem[X,0x000000008000210A] -> 0x00BF
[2119] [M]: 0x0000000080002108 (0x00BF9F93) slli t6, t6, 0xb
x31 <- 0xFFFFFE0000000000

mem[X,0x000000008000210C] -> 0x8F93
mem[X,0x000000008000210E] -> 0x7FFF
[2120] [M]: 0x000000008000210C (0x7FFF8F93) addi t6, t6, 0x7ff
x31 <- 0xFFFFFE00000007FF

mem[X,0x0000000080002110] -> 0x9F93
mem[X,0x0000000080002112] -> 0x00BF
[2121] [M]: 0x0000000080002110 (0x00BF9F93) slli t6, t6, 0xb
x31 <- 0xFFF00000003FF800

mem[X,0x0000000080002114] -> 0x8F93
mem[X,0x0000000080002116] -> 0x7FFF
[2122] [M]: 0x0000000080002114 (0x7FFF8F93) addi t6, t6, 0x7ff
x31 <- 0xFFF00000003FFFFF

mem[X,0x0000000080002118] -> 0x9F93
mem[X,0x000000008000211A] -> 0x00AF
[2123] [M]: 0x0000000080002118 (0x00AF9F93) slli t6, t6, 0xa
x31 <- 0xC0000000FFFFFC00

mem[X,0x000000008000211C] -> 0x8F93
mem[X,0x000000008000211E] -> 0x3F9F
[2124] [M]: 0x000000008000211C (0x3F9F8F93) addi t6, t6, 0x3f9
x31 <- 0xC0000000FFFFFFF9

mem[X,0x0000000080002120] -> 0x1FBB
mem[X,0x0000000080002122] -> 0xBBDF
[2125] [M]: 0x0000000080002120 (0xBBDF1FBB) pmaccu.w.heo t6, t5, t4
x31 <- 0xC0000000FFFFFFF9

mem[X,0x0000000080002124] -> 0xB023
mem[X,0x0000000080002126] -> 0x1DF0
[2126] [M]: 0x0000000080002124 (0x1DF0B023) sd t6, 0x1c0(ra)
mem[0x00000000800063C0] <- 0xC0000000FFFFFFF9

mem[X,0x0000000080002128] -> 0x0F37
mem[X,0x000000008000212A] -> 0xFFC0
[2127] [M]: 0x0000000080002128 (0xFFC00F37) lui t5, -0x400
x30 <- 0xFFFFFFFFFFC00000

mem[X,0x000000008000212C] -> 0x0F13
mem[X,0x000000008000212E] -> 0xFFFF
[2128] [M]: 0x000000008000212C (0xFFFF0F13) addi t5, t5, -0x1
x30 <- 0xFFFFFFFFFFBFFFFF

mem[X,0x0000000080002130] -> 0x1F13
mem[X,0x0000000080002132] -> 0x00BF
[2129] [M]: 0x0000000080002130 (0x00BF1F13) slli t5, t5, 0xb
x30 <- 0xFFFFFFFDFFFFF800

mem[X,0x0000000080002134] -> 0x0F13
mem[X,0x0000000080002136] -> 0x7FFF
[2130] [M]: 0x0000000080002134 (0x7FFF0F13) addi t5, t5, 0x7ff
x30 <- 0xFFFFFFFDFFFFFFFF

mem[X,0x0000000080002138] -> 0x1F13
mem[X,0x000000008000213A] -> 0x00BF
[2131] [M]: 0x0000000080002138 (0x00BF1F13) slli t5, t5, 0xb
x30 <- 0xFFFFEFFFFFFFF800

mem[X,0x000000008000213C] -> 0x0F13
mem[X,0x000000008000213E] -> 0x5FFF
[2132] [M]: 0x000000008000213C (0x5FFF0F13) addi t5, t5, 0x5ff
x30 <- 0xFFFFEFFFFFFFFDFF

mem[X,0x0000000080002140] -> 0x1F13
mem[X,0x0000000080002142] -> 0x00AF
[2133] [M]: 0x0000000080002140 (0x00AF1F13) slli t5, t5, 0xa
x30 <- 0xFFBFFFFFFFF7FC00

mem[X,0x0000000080002144] -> 0x0F13
mem[X,0x0000000080002146] -> 0x3FFF
[2134] [M]: 0x0000000080002144 (0x3FFF0F13) addi t5, t5, 0x3ff
x30 <- 0xFFBFFFFFFFF7FFFF

mem[X,0x0000000080002148] -> 0x5EB7
mem[X,0x000000008000214A] -> 0x5555
[2135] [M]: 0x0000000080002148 (0x55555EB7) lui t4, 0x55555
x29 <- 0x0000000055555000

mem[X,0x000000008000214C] -> 0x8E93
mem[X,0x000000008000214E] -> 0x555E
[2136] [M]: 0x000000008000214C (0x555E8E93) addi t4, t4, 0x555
x29 <- 0x0000000055555555

mem[X,0x0000000080002150] -> 0x9E93
mem[X,0x0000000080002152] -> 0x00BE
[2137] [M]: 0x0000000080002150 (0x00BE9E93) slli t4, t4, 0xb
x29 <- 0x000002AAAAAAA800

mem[X,0x0000000080002154] -> 0x8E93
mem[X,0x0000000080002156] -> 0x000E
[2138] [M]: 0x0000000080002154 (0x000E8E93) addi t4, t4, 0x0
x29 <- 0x000002AAAAAAA800

mem[X,0x0000000080002158] -> 0x9E93
mem[X,0x000000008000215A] -> 0x00BE
[2139] [M]: 0x0000000080002158 (0x00BE9E93) slli t4, t4, 0xb
x29 <- 0x0015555555400000

mem[X,0x000000008000215C] -> 0x8E93
mem[X,0x000000008000215E] -> 0x000E
[2140] [M]: 0x000000008000215C (0x000E8E93) addi t4, t4, 0x0
x29 <- 0x0015555555400000

mem[X,0x0000000080002160] -> 0x9E93
mem[X,0x0000000080002162] -> 0x00AE
[2141] [M]: 0x0000000080002160 (0x00AE9E93) slli t4, t4, 0xa
x29 <- 0x5555555500000000

mem[X,0x0000000080002164] -> 0x8E93
mem[X,0x0000000080002166] -> 0x020E
[2142] [M]: 0x0000000080002164 (0x020E8E93) addi t4, t4, 0x20
x29 <- 0x5555555500000020

mem[X,0x0000000080002168] -> 0x0FB7
mem[X,0x000000008000216A] -> 0x0000
[2143] [M]: 0x0000000080002168 (0x00000FB7) lui t6, 0x0
x31 <- 0x0000000000000000

mem[X,0x000000008000216C] -> 0x8F93
mem[X,0x000000008000216E] -> 0x006F
[2144] [M]: 0x000000008000216C (0x006F8F93) addi t6, t6, 0x6
x31 <- 0x0000000000000006

mem[X,0x0000000080002170] -> 0x9F93
mem[X,0x0000000080002172] -> 0x00BF
[2145] [M]: 0x0000000080002170 (0x00BF9F93) slli t6, t6, 0xb
x31 <- 0x0000000000003000

mem[X,0x0000000080002174] -> 0x8F93
mem[X,0x0000000080002176] -> 0x7FFF
[2146] [M]: 0x0000000080002174 (0x7FFF8F93) addi t6, t6, 0x7ff
x31 <- 0x00000000000037FF

mem[X,0x0000000080002178] -> 0x9F93
mem[X,0x000000008000217A] -> 0x00BF
[2147] [M]: 0x0000000080002178 (0x00BF9F93) slli t6, t6, 0xb
x31 <- 0x0000000001BFF800

mem[X,0x000000008000217C] -> 0x8F93
mem[X,0x000000008000217E] -> 0x7DFF
[2148] [M]: 0x000000008000217C (0x7DFF8F93) addi t6, t6, 0x7df
x31 <- 0x0000000001BFFFDF

mem[X,0x0000000080002180] -> 0x9F93
mem[X,0x0000000080002182] -> 0x00AF
[2149] [M]: 0x0000000080002180 (0x00AF9F93) slli t6, t6, 0xa
x31 <- 0x00000006FFFF7C00

mem[X,0x0000000080002184] -> 0x8F93
mem[X,0x0000000080002186] -> 0x3FFF
[2150] [M]: 0x0000000080002184 (0x3FFF8F93) addi t6, t6, 0x3ff
x31 <- 0x00000006FFFF7FFF

mem[X,0x0000000080002188] -> 0x1FBB
mem[X,0x000000008000218A] -> 0xBBDF
[2151] [M]: 0x0000000080002188 (0xBBDF1FBB) pmaccu.w.heo t6, t5, t4
x31 <- 0x00000006FFFF7FFF

mem[X,0x000000008000218C] -> 0xB423
mem[X,0x000000008000218E] -> 0x1DF0
[2152] [M]: 0x000000008000218C (0x1DF0B423) sd t6, 0x1c8(ra)
mem[0x00000000800063C8] <- 0x00000006FFFF7FFF

mem[X,0x0000000080002190] -> 0xEF37
mem[X,0x0000000080002192] -> 0xFFFF
[2153] [M]: 0x0000000080002190 (0xFFFFEF37) lui t5, -0x2
x30 <- 0xFFFFFFFFFFFFE000

mem[X,0x0000000080002194] -> 0x0F13
mem[X,0x0000000080002196] -> 0xFFFF
[2154] [M]: 0x0000000080002194 (0xFFFF0F13) addi t5, t5, -0x1
x30 <- 0xFFFFFFFFFFFFDFFF

mem[X,0x0000000080002198] -> 0x1F13
mem[X,0x000000008000219A] -> 0x00BF
[2155] [M]: 0x0000000080002198 (0x00BF1F13) slli t5, t5, 0xb
x30 <- 0xFFFFFFFFFEFFF800

mem[X,0x000000008000219C] -> 0x0F13
mem[X,0x000000008000219E] -> 0x7FFF
[2156] [M]: 0x000000008000219C (0x7FFF0F13) addi t5, t5, 0x7ff
x30 <- 0xFFFFFFFFFEFFFFFF

mem[X,0x00000000800021A0] -> 0x1F13
mem[X,0x00000000800021A2] -> 0x00BF
[2157] [M]: 0x00000000800021A0 (0x00BF1F13) slli t5, t5, 0xb
x30 <- 0xFFFFFFF7FFFFF800

mem[X,0x00000000800021A4] -> 0x0F13
mem[X,0x00000000800021A6] -> 0x7FFF
[2158] [M]: 0x00000000800021A4 (0x7FFF0F13) addi t5, t5, 0x7ff
x30 <- 0xFFFFFFF7FFFFFFFF

mem[X,0x00000000800021A8] -> 0x1F13
mem[X,0x00000000800021AA] -> 0x00AF
[2159] [M]: 0x00000000800021A8 (0x00AF1F13) slli t5, t5, 0xa
x30 <- 0xFFFFDFFFFFFFFC00

mem[X,0x00000000800021AC] -> 0x0F13
mem[X,0x00000000800021AE] -> 0x3DFF
[2160] [M]: 0x00000000800021AC (0x3DFF0F13) addi t5, t5, 0x3df
x30 <- 0xFFFFDFFFFFFFFFDF

mem[X,0x00000000800021B0] -> 0x2EB7
mem[X,0x00000000800021B2] -> 0x0000
[2161] [M]: 0x00000000800021B0 (0x00002EB7) lui t4, 0x2
x29 <- 0x0000000000002000

mem[X,0x00000000800021B4] -> 0x8E93
mem[X,0x00000000800021B6] -> 0x000E
[2162] [M]: 0x00000000800021B4 (0x000E8E93) addi t4, t4, 0x0
x29 <- 0x0000000000002000

mem[X,0x00000000800021B8] -> 0x9E93
mem[X,0x00000000800021BA] -> 0x00BE
[2163] [M]: 0x00000000800021B8 (0x00BE9E93) slli t4, t4, 0xb
x29 <- 0x0000000001000000

mem[X,0x00000000800021BC] -> 0x8E93
mem[X,0x00000000800021BE] -> 0x000E
[2164] [M]: 0x00000000800021BC (0x000E8E93) addi t4, t4, 0x0
x29 <- 0x0000000001000000

mem[X,0x00000000800021C0] -> 0x9E93
mem[X,0x00000000800021C2] -> 0x00BE
[2165] [M]: 0x00000000800021C0 (0x00BE9E93) slli t4, t4, 0xb
x29 <- 0x0000000800000000

mem[X,0x00000000800021C4] -> 0x8E93
mem[X,0x00000000800021C6] -> 0x000E
[2166] [M]: 0x00000000800021C4 (0x000E8E93) addi t4, t4, 0x0
x29 <- 0x0000000800000000

mem[X,0x00000000800021C8] -> 0x9E93
mem[X,0x00000000800021CA] -> 0x00AE
[2167] [M]: 0x00000000800021C8 (0x00AE9E93) slli t4, t4, 0xa
x29 <- 0x0000200000000000

mem[X,0x00000000800021CC] -> 0x8E93
mem[X,0x00000000800021CE] -> 0x040E
[2168] [M]: 0x00000000800021CC (0x040E8E93) addi t4, t4, 0x40
x29 <- 0x0000200000000040

mem[X,0x00000000800021D0] -> 0x0FB7
mem[X,0x00000000800021D2] -> 0x0000
[2169] [M]: 0x00000000800021D0 (0x00000FB7) lui t6, 0x0
x31 <- 0x0000000000000000

mem[X,0x00000000800021D4] -> 0x8F93
mem[X,0x00000000800021D6] -> 0x004F
[2170] [M]: 0x00000000800021D4 (0x004F8F93) addi t6, t6, 0x4
x31 <- 0x0000000000000004

mem[X,0x00000000800021D8] -> 0x9F93
mem[X,0x00000000800021DA] -> 0x00BF
[2171] [M]: 0x00000000800021D8 (0x00BF9F93) slli t6, t6, 0xb
x31 <- 0x0000000000002000

mem[X,0x00000000800021DC] -> 0x8F93
mem[X,0x00000000800021DE] -> 0x7FFF
[2172] [M]: 0x00000000800021DC (0x7FFF8F93) addi t6, t6, 0x7ff
x31 <- 0x00000000000027FF

mem[X,0x00000000800021E0] -> 0x9F93
mem[X,0x00000000800021E2] -> 0x00BF
[2173] [M]: 0x00000000800021E0 (0x00BF9F93) slli t6, t6, 0xb
x31 <- 0x00000000013FF800

mem[X,0x00000000800021E4] -> 0x8F93
mem[X,0x00000000800021E6] -> 0x7FFF
[2174] [M]: 0x00000000800021E4 (0x7FFF8F93) addi t6, t6, 0x7ff
x31 <- 0x00000000013FFFFF

mem[X,0x00000000800021E8] -> 0x9F93
mem[X,0x00000000800021EA] -> 0x00AF
[2175] [M]: 0x00000000800021E8 (0x00AF9F93) slli t6, t6, 0xa
x31 <- 0x00000004FFFFFC00

mem[X,0x00000000800021EC] -> 0x8F93
mem[X,0x00000000800021EE] -> 0x37FF
[2176] [M]: 0x00000000800021EC (0x37FF8F93) addi t6, t6, 0x37f
x31 <- 0x00000004FFFFFF7F

mem[X,0x00000000800021F0] -> 0x1FBB
mem[X,0x00000000800021F2] -> 0xBBDF
[2177] [M]: 0x00000000800021F0 (0xBBDF1FBB) pmaccu.w.heo t6, t5, t4
x31 <- 0x00000004FFFFFF7F

mem[X,0x00000000800021F4] -> 0xB823
mem[X,0x00000000800021F6] -> 0x1DF0
[2178] [M]: 0x00000000800021F4 (0x1DF0B823) sd t6, 0x1d0(ra)
mem[0x00000000800063D0] <- 0x00000004FFFFFF7F

mem[X,0x00000000800021F8] -> 0x0F37
mem[X,0x00000000800021FA] -> 0x2000
[2179] [M]: 0x00000000800021F8 (0x20000F37) lui t5, 0x20000
x30 <- 0x0000000020000000

mem[X,0x00000000800021FC] -> 0x0F13
mem[X,0x00000000800021FE] -> 0x000F
[2180] [M]: 0x00000000800021FC (0x000F0F13) addi t5, t5, 0x0
x30 <- 0x0000000020000000

mem[X,0x0000000080002200] -> 0x1F13
mem[X,0x0000000080002202] -> 0x00BF
[2181] [M]: 0x0000000080002200 (0x00BF1F13) slli t5, t5, 0xb
x30 <- 0x0000010000000000

mem[X,0x0000000080002204] -> 0x0F13
mem[X,0x0000000080002206] -> 0x7FFF
[2182] [M]: 0x0000000080002204 (0x7FFF0F13) addi t5, t5, 0x7ff
x30 <- 0x00000100000007FF

mem[X,0x0000000080002208] -> 0x1F13
mem[X,0x000000008000220A] -> 0x00BF
[2183] [M]: 0x0000000080002208 (0x00BF1F13) slli t5, t5, 0xb
x30 <- 0x00080000003FF800

mem[X,0x000000008000220C] -> 0x0F13
mem[X,0x000000008000220E] -> 0x7FFF
[2184] [M]: 0x000000008000220C (0x7FFF0F13) addi t5, t5, 0x7ff
x30 <- 0x00080000003FFFFF

mem[X,0x0000000080002210] -> 0x1F13
mem[X,0x0000000080002212] -> 0x00AF
[2185] [M]: 0x0000000080002210 (0x00AF1F13) slli t5, t5, 0xa
x30 <- 0x20000000FFFFFC00

mem[X,0x0000000080002214] -> 0x0F13
mem[X,0x0000000080002216] -> 0x3FEF
[2186] [M]: 0x0000000080002214 (0x3FEF0F13) addi t5, t5, 0x3fe
x30 <- 0x20000000FFFFFFFE

mem[X,0x0000000080002218] -> 0x0EB7
mem[X,0x000000008000221A] -> 0xC000
[2187] [M]: 0x0000000080002218 (0xC0000EB7) lui t4, -0x40000
x29 <- 0xFFFFFFFFC0000000

mem[X,0x000000008000221C] -> 0x8E93
mem[X,0x000000008000221E] -> 0xFFFE
[2188] [M]: 0x000000008000221C (0xFFFE8E93) addi t4, t4, -0x1
x29 <- 0xFFFFFFFFBFFFFFFF

mem[X,0x0000000080002220] -> 0x9E93
mem[X,0x0000000080002222] -> 0x00BE
[2189] [M]: 0x0000000080002220 (0x00BE9E93) slli t4, t4, 0xb
x29 <- 0xFFFFFDFFFFFFF800

mem[X,0x0000000080002224] -> 0x8E93
mem[X,0x0000000080002226] -> 0x000E
[2190] [M]: 0x0000000080002224 (0x000E8E93) addi t4, t4, 0x0
x29 <- 0xFFFFFDFFFFFFF800

mem[X,0x0000000080002228] -> 0x9E93
mem[X,0x000000008000222A] -> 0x00BE
[2191] [M]: 0x0000000080002228 (0x00BE9E93) slli t4, t4, 0xb
x29 <- 0xFFEFFFFFFFC00000

mem[X,0x000000008000222C] -> 0x8E93
mem[X,0x000000008000222E] -> 0x000E
[2192] [M]: 0x000000008000222C (0x000E8E93) addi t4, t4, 0x0
x29 <- 0xFFEFFFFFFFC00000

mem[X,0x0000000080002230] -> 0x9E93
mem[X,0x0000000080002232] -> 0x00AE
[2193] [M]: 0x0000000080002230 (0x00AE9E93) slli t4, t4, 0xa
x29 <- 0xBFFFFFFF00000000

mem[X,0x0000000080002234] -> 0x8E93
mem[X,0x0000000080002236] -> 0x200E
[2194] [M]: 0x0000000080002234 (0x200E8E93) addi t4, t4, 0x200
x29 <- 0xBFFFFFFF00000200

mem[X,0x0000000080002238] -> 0xFFB7
mem[X,0x000000008000223A] -> 0xFFFF
[2195] [M]: 0x0000000080002238 (0xFFFFFFB7) lui t6, -0x1
x31 <- 0xFFFFFFFFFFFFF000

mem[X,0x000000008000223C] -> 0x8F93
mem[X,0x000000008000223E] -> 0x7FFF
[2196] [M]: 0x000000008000223C (0x7FFF8F93) addi t6, t6, 0x7ff
x31 <- 0xFFFFFFFFFFFFF7FF

mem[X,0x0000000080002240] -> 0x9F93
mem[X,0x0000000080002242] -> 0x00BF
[2197] [M]: 0x0000000080002240 (0x00BF9F93) slli t6, t6, 0xb
x31 <- 0xFFFFFFFFFFBFF800

mem[X,0x0000000080002244] -> 0x8F93
mem[X,0x0000000080002246] -> 0x020F
[2198] [M]: 0x0000000080002244 (0x020F8F93) addi t6, t6, 0x20
x31 <- 0xFFFFFFFFFFBFF820

mem[X,0x0000000080002248] -> 0x9F93
mem[X,0x000000008000224A] -> 0x00BF
[2199] [M]: 0x0000000080002248 (0x00BF9F93) slli t6, t6, 0xb
x31 <- 0xFFFFFFFDFFC10000

clint::tick mtime <- 0x0000000000000016
 clint timer pending at mtime 0x0000000000000016
htif::tick 0x0000000000000000
mem[X,0x000000008000224C] -> 0x8F93
mem[X,0x000000008000224E] -> 0x000F
[2200] [M]: 0x000000008000224C (0x000F8F93) addi t6, t6, 0x0
x31 <- 0xFFFFFFFDFFC10000

mem[X,0x0000000080002250] -> 0x9F93
mem[X,0x0000000080002252] -> 0x00AF
[2201] [M]: 0x0000000080002250 (0x00AF9F93) slli t6, t6, 0xa
x31 <- 0xFFFFF7FF04000000

mem[X,0x0000000080002254] -> 0x1FBB
mem[X,0x0000000080002256] -> 0xBBDF
[2202] [M]: 0x0000000080002254 (0xBBDF1FBB) pmaccu.w.heo t6, t5, t4
x31 <- 0xFFFFF9FB040001FC

mem[X,0x0000000080002258] -> 0xBC23
mem[X,0x000000008000225A] -> 0x1DF0
[2203] [M]: 0x0000000080002258 (0x1DF0BC23) sd t6, 0x1d8(ra)
mem[0x00000000800063D8] <- 0xFFFFF9FB040001FC

mem[X,0x000000008000225C] -> 0x0F37
mem[X,0x000000008000225E] -> 0x0000
[2204] [M]: 0x000000008000225C (0x00000F37) lui t5, 0x0
x30 <- 0x0000000000000000

mem[X,0x0000000080002260] -> 0x0F13
mem[X,0x0000000080002262] -> 0xFFAF
[2205] [M]: 0x0000000080002260 (0xFFAF0F13) addi t5, t5, -0x6
x30 <- 0xFFFFFFFFFFFFFFFA

mem[X,0x0000000080002264] -> 0x1F13
mem[X,0x0000000080002266] -> 0x00BF
[2206] [M]: 0x0000000080002264 (0x00BF1F13) slli t5, t5, 0xb
x30 <- 0xFFFFFFFFFFFFD000

mem[X,0x0000000080002268] -> 0x0F13
mem[X,0x000000008000226A] -> 0x7FFF
[2207] [M]: 0x0000000080002268 (0x7FFF0F13) addi t5, t5, 0x7ff
x30 <- 0xFFFFFFFFFFFFD7FF

mem[X,0x000000008000226C] -> 0x1F13
mem[X,0x000000008000226E] -> 0x00BF
[2208] [M]: 0x000000008000226C (0x00BF1F13) slli t5, t5, 0xb
x30 <- 0xFFFFFFFFFEBFF800

mem[X,0x0000000080002270] -> 0x0F13
mem[X,0x0000000080002272] -> 0x7FFF
[2209] [M]: 0x0000000080002270 (0x7FFF0F13) addi t5, t5, 0x7ff
x30 <- 0xFFFFFFFFFEBFFFFF

mem[X,0x0000000080002274] -> 0x1F13
mem[X,0x0000000080002276] -> 0x00AF
[2210] [M]: 0x0000000080002274 (0x00AF1F13) slli t5, t5, 0xa
x30 <- 0xFFFFFFFAFFFFFC00

mem[X,0x0000000080002278] -> 0x0F13
mem[X,0x000000008000227A] -> 0x37FF
[2211] [M]: 0x0000000080002278 (0x37FF0F13) addi t5, t5, 0x37f
x30 <- 0xFFFFFFFAFFFFFF7F

mem[X,0x000000008000227C] -> 0x5EB7
mem[X,0x000000008000227E] -> 0x5555
[2212] [M]: 0x000000008000227C (0x55555EB7) lui t4, 0x55555
x29 <- 0x0000000055555000

mem[X,0x0000000080002280] -> 0x8E93
mem[X,0x0000000080002282] -> 0x555E
[2213] [M]: 0x0000000080002280 (0x555E8E93) addi t4, t4, 0x555
x29 <- 0x0000000055555555

mem[X,0x0000000080002284] -> 0x9E93
mem[X,0x0000000080002286] -> 0x00BE
[2214] [M]: 0x0000000080002284 (0x00BE9E93) slli t4, t4, 0xb
x29 <- 0x000002AAAAAAA800

mem[X,0x0000000080002288] -> 0x8E93
mem[X,0x000000008000228A] -> 0x000E
[2215] [M]: 0x0000000080002288 (0x000E8E93) addi t4, t4, 0x0
x29 <- 0x000002AAAAAAA800

mem[X,0x000000008000228C] -> 0x9E93
mem[X,0x000000008000228E] -> 0x00BE
[2216] [M]: 0x000000008000228C (0x00BE9E93) slli t4, t4, 0xb
x29 <- 0x0015555555400000

mem[X,0x0000000080002290] -> 0x8E93
mem[X,0x0000000080002292] -> 0x002E
[2217] [M]: 0x0000000080002290 (0x002E8E93) addi t4, t4, 0x2
x29 <- 0x0015555555400002

mem[X,0x0000000080002294] -> 0x9E93
mem[X,0x0000000080002296] -> 0x00AE
[2218] [M]: 0x0000000080002294 (0x00AE9E93) slli t4, t4, 0xa
x29 <- 0x5555555500000800

mem[X,0x0000000080002298] -> 0x0FB7
mem[X,0x000000008000229A] -> 0x0000
[2219] [M]: 0x0000000080002298 (0x00000FB7) lui t6, 0x0
x31 <- 0x0000000000000000

mem[X,0x000000008000229C] -> 0x8F93
mem[X,0x000000008000229E] -> 0xDFFF
[2220] [M]: 0x000000008000229C (0xDFFF8F93) addi t6, t6, -0x201
x31 <- 0xFFFFFFFFFFFFFDFF

mem[X,0x00000000800022A0] -> 0x9F93
mem[X,0x00000000800022A2] -> 0x00BF
[2221] [M]: 0x00000000800022A0 (0x00BF9F93) slli t6, t6, 0xb
x31 <- 0xFFFFFFFFFFEFF800

mem[X,0x00000000800022A4] -> 0x8F93
mem[X,0x00000000800022A6] -> 0x000F
[2222] [M]: 0x00000000800022A4 (0x000F8F93) addi t6, t6, 0x0
x31 <- 0xFFFFFFFFFFEFF800

mem[X,0x00000000800022A8] -> 0x9F93
mem[X,0x00000000800022AA] -> 0x00BF
[2223] [M]: 0x00000000800022A8 (0x00BF9F93) slli t6, t6, 0xb
x31 <- 0xFFFFFFFF7FC00000

mem[X,0x00000000800022AC] -> 0x8F93
mem[X,0x00000000800022AE] -> 0x040F
[2224] [M]: 0x00000000800022AC (0x040F8F93) addi t6, t6, 0x40
x31 <- 0xFFFFFFFF7FC00040

mem[X,0x00000000800022B0] -> 0x9F93
mem[X,0x00000000800022B2] -> 0x00AF
[2225] [M]: 0x00000000800022B0 (0x00AF9F93) slli t6, t6, 0xa
x31 <- 0xFFFFFDFF00010000

mem[X,0x00000000800022B4] -> 0x1FBB
mem[X,0x00000000800022B6] -> 0xBBDF
[2226] [M]: 0x00000000800022B4 (0xBBDF1FBB) pmaccu.w.heo t6, t5, t4
x31 <- 0x000001F7000103F8

mem[X,0x00000000800022B8] -> 0xB023
mem[X,0x00000000800022BA] -> 0x1FF0
[2227] [M]: 0x00000000800022B8 (0x1FF0B023) sd t6, 0x1e0(ra)
mem[0x00000000800063E0] <- 0x000001F7000103F8

mem[X,0x00000000800022BC] -> 0x0F37
mem[X,0x00000000800022BE] -> 0xFE00
[2228] [M]: 0x00000000800022BC (0xFE000F37) lui t5, -0x2000
x30 <- 0xFFFFFFFFFE000000

mem[X,0x00000000800022C0] -> 0x0F13
mem[X,0x00000000800022C2] -> 0xFFFF
[2229] [M]: 0x00000000800022C0 (0xFFFF0F13) addi t5, t5, -0x1
x30 <- 0xFFFFFFFFFDFFFFFF

mem[X,0x00000000800022C4] -> 0x1F13
mem[X,0x00000000800022C6] -> 0x00BF
[2230] [M]: 0x00000000800022C4 (0x00BF1F13) slli t5, t5, 0xb
x30 <- 0xFFFFFFEFFFFFF800

mem[X,0x00000000800022C8] -> 0x0F13
mem[X,0x00000000800022CA] -> 0x000F
[2231] [M]: 0x00000000800022C8 (0x000F0F13) addi t5, t5, 0x0
x30 <- 0xFFFFFFEFFFFFF800

mem[X,0x00000000800022CC] -> 0x1F13
mem[X,0x00000000800022CE] -> 0x00BF
[2232] [M]: 0x00000000800022CC (0x00BF1F13) slli t5, t5, 0xb
x30 <- 0xFFFF7FFFFFC00000

mem[X,0x00000000800022D0] -> 0x0F13
mem[X,0x00000000800022D2] -> 0x000F
[2233] [M]: 0x00000000800022D0 (0x000F0F13) addi t5, t5, 0x0
x30 <- 0xFFFF7FFFFFC00000

mem[X,0x00000000800022D4] -> 0x1F13
mem[X,0x00000000800022D6] -> 0x00AF
[2234] [M]: 0x00000000800022D4 (0x00AF1F13) slli t5, t5, 0xa
x30 <- 0xFDFFFFFF00000000

mem[X,0x00000000800022D8] -> 0x0F13
mem[X,0x00000000800022DA] -> 0x020F
[2235] [M]: 0x00000000800022D8 (0x020F0F13) addi t5, t5, 0x20
x30 <- 0xFDFFFFFF00000020

mem[X,0x00000000800022DC] -> 0x0EB7
mem[X,0x00000000800022DE] -> 0xFFE0
[2236] [M]: 0x00000000800022DC (0xFFE00EB7) lui t4, -0x200
x29 <- 0xFFFFFFFFFFE00000

mem[X,0x00000000800022E0] -> 0x8E93
mem[X,0x00000000800022E2] -> 0xFFFE
[2237] [M]: 0x00000000800022E0 (0xFFFE8E93) addi t4, t4, -0x1
x29 <- 0xFFFFFFFFFFDFFFFF

mem[X,0x00000000800022E4] -> 0x9E93
mem[X,0x00000000800022E6] -> 0x00BE
[2238] [M]: 0x00000000800022E4 (0x00BE9E93) slli t4, t4, 0xb
x29 <- 0xFFFFFFFEFFFFF800

mem[X,0x00000000800022E8] -> 0x8E93
mem[X,0x00000000800022EA] -> 0x000E
[2239] [M]: 0x00000000800022E8 (0x000E8E93) addi t4, t4, 0x0
x29 <- 0xFFFFFFFEFFFFF800

mem[X,0x00000000800022EC] -> 0x9E93
mem[X,0x00000000800022EE] -> 0x00BE
[2240] [M]: 0x00000000800022EC (0x00BE9E93) slli t4, t4, 0xb
x29 <- 0xFFFFF7FFFFC00000

mem[X,0x00000000800022F0] -> 0x8E93
mem[X,0x00000000800022F2] -> 0x004E
[2241] [M]: 0x00000000800022F0 (0x004E8E93) addi t4, t4, 0x4
x29 <- 0xFFFFF7FFFFC00004

mem[X,0x00000000800022F4] -> 0x9E93
mem[X,0x00000000800022F6] -> 0x00AE
[2242] [M]: 0x00000000800022F4 (0x00AE9E93) slli t4, t4, 0xa
x29 <- 0xFFDFFFFF00001000

mem[X,0x00000000800022F8] -> 0x0FB7
mem[X,0x00000000800022FA] -> 0x0000
[2243] [M]: 0x00000000800022F8 (0x00000FB7) lui t6, 0x0
x31 <- 0x0000000000000000

mem[X,0x00000000800022FC] -> 0x8F93
mem[X,0x00000000800022FE] -> 0x010F
[2244] [M]: 0x00000000800022FC (0x010F8F93) addi t6, t6, 0x10
x31 <- 0x0000000000000010

mem[X,0x0000000080002300] -> 0x9F93
mem[X,0x0000000080002302] -> 0x00BF
[2245] [M]: 0x0000000080002300 (0x00BF9F93) slli t6, t6, 0xb
x31 <- 0x0000000000008000

mem[X,0x0000000080002304] -> 0x8F93
mem[X,0x0000000080002306] -> 0x000F
[2246] [M]: 0x0000000080002304 (0x000F8F93) addi t6, t6, 0x0
x31 <- 0x0000000000008000

mem[X,0x0000000080002308] -> 0x9F93
mem[X,0x000000008000230A] -> 0x00BF
[2247] [M]: 0x0000000080002308 (0x00BF9F93) slli t6, t6, 0xb
x31 <- 0x0000000004000000

mem[X,0x000000008000230C] -> 0x8F93
mem[X,0x000000008000230E] -> 0x000F
[2248] [M]: 0x000000008000230C (0x000F8F93) addi t6, t6, 0x0
x31 <- 0x0000000004000000

mem[X,0x0000000080002310] -> 0x9F93
mem[X,0x0000000080002312] -> 0x00AF
[2249] [M]: 0x0000000080002310 (0x00AF9F93) slli t6, t6, 0xa
x31 <- 0x0000001000000000

mem[X,0x0000000080002314] -> 0x8F93
mem[X,0x0000000080002316] -> 0x007F
[2250] [M]: 0x0000000080002314 (0x007F8F93) addi t6, t6, 0x7
x31 <- 0x0000001000000007

mem[X,0x0000000080002318] -> 0x1FBB
mem[X,0x000000008000231A] -> 0xBBDF
[2251] [M]: 0x0000000080002318 (0xBBDF1FBB) pmaccu.w.heo t6, t5, t4
x31 <- 0x0000021000000207

mem[X,0x000000008000231C] -> 0xB423
mem[X,0x000000008000231E] -> 0x1FF0
[2252] [M]: 0x000000008000231C (0x1FF0B423) sd t6, 0x1e8(ra)
mem[0x00000000800063E8] <- 0x0000021000000207

mem[X,0x0000000080002320] -> 0x0F37
mem[X,0x0000000080002322] -> 0x0008
[2253] [M]: 0x0000000080002320 (0x00080F37) lui t5, 0x80
x30 <- 0x0000000000080000

mem[X,0x0000000080002324] -> 0x0F13
mem[X,0x0000000080002326] -> 0x000F
[2254] [M]: 0x0000000080002324 (0x000F0F13) addi t5, t5, 0x0
x30 <- 0x0000000000080000

mem[X,0x0000000080002328] -> 0x1F13
mem[X,0x000000008000232A] -> 0x00BF
[2255] [M]: 0x0000000080002328 (0x00BF1F13) slli t5, t5, 0xb
x30 <- 0x0000000040000000

mem[X,0x000000008000232C] -> 0x0F13
mem[X,0x000000008000232E] -> 0x7FEF
[2256] [M]: 0x000000008000232C (0x7FEF0F13) addi t5, t5, 0x7fe
x30 <- 0x00000000400007FE

mem[X,0x0000000080002330] -> 0x1F13
mem[X,0x0000000080002332] -> 0x00BF
[2257] [M]: 0x0000000080002330 (0x00BF1F13) slli t5, t5, 0xb
x30 <- 0x00000200003FF000

mem[X,0x0000000080002334] -> 0x0F13
mem[X,0x0000000080002336] -> 0x7FFF
[2258] [M]: 0x0000000080002334 (0x7FFF0F13) addi t5, t5, 0x7ff
x30 <- 0x00000200003FF7FF

mem[X,0x0000000080002338] -> 0x1F13
mem[X,0x000000008000233A] -> 0x00AF
[2259] [M]: 0x0000000080002338 (0x00AF1F13) slli t5, t5, 0xa
x30 <- 0x00080000FFDFFC00

mem[X,0x000000008000233C] -> 0x0F13
mem[X,0x000000008000233E] -> 0x3FFF
[2260] [M]: 0x000000008000233C (0x3FFF0F13) addi t5, t5, 0x3ff
x30 <- 0x00080000FFDFFFFF

mem[X,0x0000000080002340] -> 0x0EB7
mem[X,0x0000000080002342] -> 0x0008
[2261] [M]: 0x0000000080002340 (0x00080EB7) lui t4, 0x80
x29 <- 0x0000000000080000

mem[X,0x0000000080002344] -> 0x8E93
mem[X,0x0000000080002346] -> 0x001E
[2262] [M]: 0x0000000080002344 (0x001E8E93) addi t4, t4, 0x1
x29 <- 0x0000000000080001

mem[X,0x0000000080002348] -> 0x9E93
mem[X,0x000000008000234A] -> 0x00DE
[2263] [M]: 0x0000000080002348 (0x00DE9E93) slli t4, t4, 0xd
x29 <- 0x0000000100002000

mem[X,0x000000008000234C] -> 0x0FB7
mem[X,0x000000008000234E] -> 0x0000
[2264] [M]: 0x000000008000234C (0x00000FB7) lui t6, 0x0
x31 <- 0x0000000000000000

mem[X,0x0000000080002350] -> 0x8F93
mem[X,0x0000000080002352] -> 0xBFFF
[2265] [M]: 0x0000000080002350 (0xBFFF8F93) addi t6, t6, -0x401
x31 <- 0xFFFFFFFFFFFFFBFF

mem[X,0x0000000080002354] -> 0x9F93
mem[X,0x0000000080002356] -> 0x00BF
[2266] [M]: 0x0000000080002354 (0x00BF9F93) slli t6, t6, 0xb
x31 <- 0xFFFFFFFFFFDFF800

mem[X,0x0000000080002358] -> 0x8F93
mem[X,0x000000008000235A] -> 0x040F
[2267] [M]: 0x0000000080002358 (0x040F8F93) addi t6, t6, 0x40
x31 <- 0xFFFFFFFFFFDFF840

mem[X,0x000000008000235C] -> 0x9F93
mem[X,0x000000008000235E] -> 0x00BF
[2268] [M]: 0x000000008000235C (0x00BF9F93) slli t6, t6, 0xb
x31 <- 0xFFFFFFFEFFC20000

mem[X,0x0000000080002360] -> 0x8F93
mem[X,0x0000000080002362] -> 0x000F
[2269] [M]: 0x0000000080002360 (0x000F8F93) addi t6, t6, 0x0
x31 <- 0xFFFFFFFEFFC20000

mem[X,0x0000000080002364] -> 0x9F93
mem[X,0x0000000080002366] -> 0x00AF
[2270] [M]: 0x0000000080002364 (0x00AF9F93) slli t6, t6, 0xa
x31 <- 0xFFFFFBFF08000000

mem[X,0x0000000080002368] -> 0x1FBB
mem[X,0x000000008000236A] -> 0xBBDF
[2271] [M]: 0x0000000080002368 (0xBBDF1FBB) pmaccu.w.heo t6, t5, t4
x31 <- 0x00001BDF08001FE0

mem[X,0x000000008000236C] -> 0xB823
mem[X,0x000000008000236E] -> 0x1FF0
[2272] [M]: 0x000000008000236C (0x1FF0B823) sd t6, 0x1f0(ra)
mem[0x00000000800063F0] <- 0x00001BDF08001FE0

mem[X,0x0000000080002370] -> 0x0F37
mem[X,0x0000000080002372] -> 0x0000
[2273] [M]: 0x0000000080002370 (0x00000F37) lui t5, 0x0
x30 <- 0x0000000000000000

mem[X,0x0000000080002374] -> 0x0F13
mem[X,0x0000000080002376] -> 0x100F
[2274] [M]: 0x0000000080002374 (0x100F0F13) addi t5, t5, 0x100
x30 <- 0x0000000000000100

mem[X,0x0000000080002378] -> 0x1F13
mem[X,0x000000008000237A] -> 0x00BF
[2275] [M]: 0x0000000080002378 (0x00BF1F13) slli t5, t5, 0xb
x30 <- 0x0000000000080000

mem[X,0x000000008000237C] -> 0x0F13
mem[X,0x000000008000237E] -> 0x7BFF
[2276] [M]: 0x000000008000237C (0x7BFF0F13) addi t5, t5, 0x7bf
x30 <- 0x00000000000807BF

mem[X,0x0000000080002380] -> 0x1F13
mem[X,0x0000000080002382] -> 0x00BF
[2277] [M]: 0x0000000080002380 (0x00BF1F13) slli t5, t5, 0xb
x30 <- 0x00000000403DF800

mem[X,0x0000000080002384] -> 0x0F13
mem[X,0x0000000080002386] -> 0x7FFF
[2278] [M]: 0x0000000080002384 (0x7FFF0F13) addi t5, t5, 0x7ff
x30 <- 0x00000000403DFFFF

mem[X,0x0000000080002388] -> 0x1F13
mem[X,0x000000008000238A] -> 0x00AF
[2279] [M]: 0x0000000080002388 (0x00AF1F13) slli t5, t5, 0xa
x30 <- 0x00000100F7FFFC00

mem[X,0x000000008000238C] -> 0x0F13
mem[X,0x000000008000238E] -> 0x3FFF
[2280] [M]: 0x000000008000238C (0x3FFF0F13) addi t5, t5, 0x3ff
x30 <- 0x00000100F7FFFFFF

mem[X,0x0000000080002390] -> 0x0EB7
mem[X,0x0000000080002392] -> 0x0000
[2281] [M]: 0x0000000080002390 (0x00000EB7) lui t4, 0x0
x29 <- 0x0000000000000000

mem[X,0x0000000080002394] -> 0x8E93
mem[X,0x0000000080002396] -> 0xFFBE
[2282] [M]: 0x0000000080002394 (0xFFBE8E93) addi t4, t4, -0x5
x29 <- 0xFFFFFFFFFFFFFFFB

mem[X,0x0000000080002398] -> 0x9E93
mem[X,0x000000008000239A] -> 0x00BE
[2283] [M]: 0x0000000080002398 (0x00BE9E93) slli t4, t4, 0xb
x29 <- 0xFFFFFFFFFFFFD800

mem[X,0x000000008000239C] -> 0x8E93
mem[X,0x000000008000239E] -> 0x000E
[2284] [M]: 0x000000008000239C (0x000E8E93) addi t4, t4, 0x0
x29 <- 0xFFFFFFFFFFFFD800

mem[X,0x00000000800023A0] -> 0x9E93
mem[X,0x00000000800023A2] -> 0x00BE
[2285] [M]: 0x00000000800023A0 (0x00BE9E93) slli t4, t4, 0xb
x29 <- 0xFFFFFFFFFEC00000

mem[X,0x00000000800023A4] -> 0x8E93
mem[X,0x00000000800023A6] -> 0x010E
[2286] [M]: 0x00000000800023A4 (0x010E8E93) addi t4, t4, 0x10
x29 <- 0xFFFFFFFFFEC00010

mem[X,0x00000000800023A8] -> 0x9E93
mem[X,0x00000000800023AA] -> 0x00AE
[2287] [M]: 0x00000000800023A8 (0x00AE9E93) slli t4, t4, 0xa
x29 <- 0xFFFFFFFB00004000

mem[X,0x00000000800023AC] -> 0x0FB7
mem[X,0x00000000800023AE] -> 0xFFF0
[2288] [M]: 0x00000000800023AC (0xFFF00FB7) lui t6, -0x100
x31 <- 0xFFFFFFFFFFF00000

mem[X,0x00000000800023B0] -> 0x8F93
mem[X,0x00000000800023B2] -> 0xFFFF
[2289] [M]: 0x00000000800023B0 (0xFFFF8F93) addi t6, t6, -0x1
x31 <- 0xFFFFFFFFFFEFFFFF

mem[X,0x00000000800023B4] -> 0x9F93
mem[X,0x00000000800023B6] -> 0x00BF
[2290] [M]: 0x00000000800023B4 (0x00BF9F93) slli t6, t6, 0xb
x31 <- 0xFFFFFFFF7FFFF800

mem[X,0x00000000800023B8] -> 0x8F93
mem[X,0x00000000800023BA] -> 0x000F
[2291] [M]: 0x00000000800023B8 (0x000F8F93) addi t6, t6, 0x0
x31 <- 0xFFFFFFFF7FFFF800

mem[X,0x00000000800023BC] -> 0x9F93
mem[X,0x00000000800023BE] -> 0x00BF
[2292] [M]: 0x00000000800023BC (0x00BF9F93) slli t6, t6, 0xb
x31 <- 0xFFFFFBFFFFC00000

mem[X,0x00000000800023C0] -> 0x8F93
mem[X,0x00000000800023C2] -> 0x040F
[2293] [M]: 0x00000000800023C0 (0x040F8F93) addi t6, t6, 0x40
x31 <- 0xFFFFFBFFFFC00040

mem[X,0x00000000800023C4] -> 0x9F93
mem[X,0x00000000800023C6] -> 0x00AF
[2294] [M]: 0x00000000800023C4 (0x00AF9F93) slli t6, t6, 0xa
x31 <- 0xFFEFFFFF00010000

mem[X,0x00000000800023C8] -> 0x1FBB
mem[X,0x00000000800023CA] -> 0xBBDF
[2295] [M]: 0x00000000800023C8 (0xBBDF1FBB) pmaccu.w.heo t6, t5, t4
x31 <- 0xFFF03FBF00013FC0

mem[X,0x00000000800023CC] -> 0xBC23
mem[X,0x00000000800023CE] -> 0x1FF0
[2296] [M]: 0x00000000800023CC (0x1FF0BC23) sd t6, 0x1f8(ra)
mem[0x00000000800063F8] <- 0xFFF03FBF00013FC0

mem[X,0x00000000800023D0] -> 0x0F37
mem[X,0x00000000800023D2] -> 0x0000
[2297] [M]: 0x00000000800023D0 (0x00000F37) lui t5, 0x0
x30 <- 0x0000000000000000

mem[X,0x00000000800023D4] -> 0x0F13
mem[X,0x00000000800023D6] -> 0xBFFF
[2298] [M]: 0x00000000800023D4 (0xBFFF0F13) addi t5, t5, -0x401
x30 <- 0xFFFFFFFFFFFFFBFF

mem[X,0x00000000800023D8] -> 0x1F13
mem[X,0x00000000800023DA] -> 0x00BF
[2299] [M]: 0x00000000800023D8 (0x00BF1F13) slli t5, t5, 0xb
x30 <- 0xFFFFFFFFFFDFF800

clint::tick mtime <- 0x0000000000000017
 clint timer pending at mtime 0x0000000000000017
htif::tick 0x0000000000000000
mem[X,0x00000000800023DC] -> 0x0F13
mem[X,0x00000000800023DE] -> 0x7FFF
[2300] [M]: 0x00000000800023DC (0x7FFF0F13) addi t5, t5, 0x7ff
x30 <- 0xFFFFFFFFFFDFFFFF

mem[X,0x00000000800023E0] -> 0x1F13
mem[X,0x00000000800023E2] -> 0x00BF
[2301] [M]: 0x00000000800023E0 (0x00BF1F13) slli t5, t5, 0xb
x30 <- 0xFFFFFFFEFFFFF800

mem[X,0x00000000800023E4] -> 0x0F13
mem[X,0x00000000800023E6] -> 0x7FEF
[2302] [M]: 0x00000000800023E4 (0x7FEF0F13) addi t5, t5, 0x7fe
x30 <- 0xFFFFFFFEFFFFFFFE

mem[X,0x00000000800023E8] -> 0x1F13
mem[X,0x00000000800023EA] -> 0x00AF
[2303] [M]: 0x00000000800023E8 (0x00AF1F13) slli t5, t5, 0xa
x30 <- 0xFFFFFBFFFFFFF800

mem[X,0x00000000800023EC] -> 0x0F13
mem[X,0x00000000800023EE] -> 0x3FFF
[2304] [M]: 0x00000000800023EC (0x3FFF0F13) addi t5, t5, 0x3ff
x30 <- 0xFFFFFBFFFFFFFBFF

mem[X,0x00000000800023F0] -> 0x0EB7
mem[X,0x00000000800023F2] -> 0x0020
[2305] [M]: 0x00000000800023F0 (0x00200EB7) lui t4, 0x200
x29 <- 0x0000000000200000

mem[X,0x00000000800023F4] -> 0x8E93
mem[X,0x00000000800023F6] -> 0x001E
[2306] [M]: 0x00000000800023F4 (0x001E8E93) addi t4, t4, 0x1
x29 <- 0x0000000000200001

mem[X,0x00000000800023F8] -> 0x9E93
mem[X,0x00000000800023FA] -> 0x019E
[2307] [M]: 0x00000000800023F8 (0x019E9E93) slli t4, t4, 0x19
x29 <- 0x0000400002000000

mem[X,0x00000000800023FC] -> 0x0FB7
mem[X,0x00000000800023FE] -> 0x0010
[2308] [M]: 0x00000000800023FC (0x00100FB7) lui t6, 0x100
x31 <- 0x0000000000100000

mem[X,0x0000000080002400] -> 0x8F93
mem[X,0x0000000080002402] -> 0x000F
[2309] [M]: 0x0000000080002400 (0x000F8F93) addi t6, t6, 0x0
x31 <- 0x0000000000100000

mem[X,0x0000000080002404] -> 0x9F93
mem[X,0x0000000080002406] -> 0x00BF
[2310] [M]: 0x0000000080002404 (0x00BF9F93) slli t6, t6, 0xb
x31 <- 0x0000000080000000

mem[X,0x0000000080002408] -> 0x8F93
mem[X,0x000000008000240A] -> 0x7FFF
[2311] [M]: 0x0000000080002408 (0x7FFF8F93) addi t6, t6, 0x7ff
x31 <- 0x00000000800007FF

mem[X,0x000000008000240C] -> 0x9F93
mem[X,0x000000008000240E] -> 0x00BF
[2312] [M]: 0x000000008000240C (0x00BF9F93) slli t6, t6, 0xb
x31 <- 0x00000400003FF800

mem[X,0x0000000080002410] -> 0x8F93
mem[X,0x0000000080002412] -> 0x77FF
[2313] [M]: 0x0000000080002410 (0x77FF8F93) addi t6, t6, 0x77f
x31 <- 0x00000400003FFF7F

mem[X,0x0000000080002414] -> 0x9F93
mem[X,0x0000000080002416] -> 0x00AF
[2314] [M]: 0x0000000080002414 (0x00AF9F93) slli t6, t6, 0xa
x31 <- 0x00100000FFFDFC00

mem[X,0x0000000080002418] -> 0x8F93
mem[X,0x000000008000241A] -> 0x3FFF
[2315] [M]: 0x0000000080002418 (0x3FFF8F93) addi t6, t6, 0x3ff
x31 <- 0x00100000FFFDFFFF

mem[X,0x000000008000241C] -> 0x1FBB
mem[X,0x000000008000241E] -> 0xBBDF
[2316] [M]: 0x000000008000241C (0xBBDF1FBB) pmaccu.w.heo t6, t5, t4
x31 <- 0x00100000FFFDFFFF

mem[X,0x0000000080002420] -> 0xB023
mem[X,0x0000000080002422] -> 0x21F0
[2317] [M]: 0x0000000080002420 (0x21F0B023) sd t6, 0x200(ra)
mem[0x0000000080006400] <- 0x00100000FFFDFFFF

mem[X,0x0000000080002424] -> 0x0F37
mem[X,0x0000000080002426] -> 0x4000
[2318] [M]: 0x0000000080002424 (0x40000F37) lui t5, 0x40000
x30 <- 0x0000000040000000

mem[X,0x0000000080002428] -> 0x0F13
mem[X,0x000000008000242A] -> 0xFFFF
[2319] [M]: 0x0000000080002428 (0xFFFF0F13) addi t5, t5, -0x1
x30 <- 0x000000003FFFFFFF

mem[X,0x000000008000242C] -> 0x1F13
mem[X,0x000000008000242E] -> 0x00BF
[2320] [M]: 0x000000008000242C (0x00BF1F13) slli t5, t5, 0xb
x30 <- 0x000001FFFFFFF800

mem[X,0x0000000080002430] -> 0x0F13
mem[X,0x0000000080002432] -> 0x7FBF
[2321] [M]: 0x0000000080002430 (0x7FBF0F13) addi t5, t5, 0x7fb
x30 <- 0x000001FFFFFFFFFB

mem[X,0x0000000080002434] -> 0x1F13
mem[X,0x0000000080002436] -> 0x00BF
[2322] [M]: 0x0000000080002434 (0x00BF1F13) slli t5, t5, 0xb
x30 <- 0x000FFFFFFFFFD800

mem[X,0x0000000080002438] -> 0x0F13
mem[X,0x000000008000243A] -> 0x7FFF
[2323] [M]: 0x0000000080002438 (0x7FFF0F13) addi t5, t5, 0x7ff
x30 <- 0x000FFFFFFFFFDFFF

mem[X,0x000000008000243C] -> 0x1F13
mem[X,0x000000008000243E] -> 0x00AF
[2324] [M]: 0x000000008000243C (0x00AF1F13) slli t5, t5, 0xa
x30 <- 0x3FFFFFFFFF7FFC00

mem[X,0x0000000080002440] -> 0x0F13
mem[X,0x0000000080002442] -> 0x3FFF
[2325] [M]: 0x0000000080002440 (0x3FFF0F13) addi t5, t5, 0x3ff
x30 <- 0x3FFFFFFFFF7FFFFF

mem[X,0x0000000080002444] -> 0x0EB7
mem[X,0x0000000080002446] -> 0x0000
[2326] [M]: 0x0000000080002444 (0x00000EB7) lui t4, 0x0
x29 <- 0x0000000000000000

mem[X,0x0000000080002448] -> 0x8E93
mem[X,0x000000008000244A] -> 0xBFFE
[2327] [M]: 0x0000000080002448 (0xBFFE8E93) addi t4, t4, -0x401
x29 <- 0xFFFFFFFFFFFFFBFF

mem[X,0x000000008000244C] -> 0x9E93
mem[X,0x000000008000244E] -> 0x00BE
[2328] [M]: 0x000000008000244C (0x00BE9E93) slli t4, t4, 0xb
x29 <- 0xFFFFFFFFFFDFF800

mem[X,0x0000000080002450] -> 0x8E93
mem[X,0x0000000080002452] -> 0x100E
[2329] [M]: 0x0000000080002450 (0x100E8E93) addi t4, t4, 0x100
x29 <- 0xFFFFFFFFFFDFF900

mem[X,0x0000000080002454] -> 0x9E93
mem[X,0x0000000080002456] -> 0x00BE
[2330] [M]: 0x0000000080002454 (0x00BE9E93) slli t4, t4, 0xb
x29 <- 0xFFFFFFFEFFC80000

mem[X,0x0000000080002458] -> 0x8E93
mem[X,0x000000008000245A] -> 0x000E
[2331] [M]: 0x0000000080002458 (0x000E8E93) addi t4, t4, 0x0
x29 <- 0xFFFFFFFEFFC80000

mem[X,0x000000008000245C] -> 0x9E93
mem[X,0x000000008000245E] -> 0x00AE
[2332] [M]: 0x000000008000245C (0x00AE9E93) slli t4, t4, 0xa
x29 <- 0xFFFFFBFF20000000

mem[X,0x0000000080002460] -> 0x1FB7
mem[X,0x0000000080002462] -> 0x0000
[2333] [M]: 0x0000000080002460 (0x00001FB7) lui t6, 0x1
x31 <- 0x0000000000001000

mem[X,0x0000000080002464] -> 0x8F93
mem[X,0x0000000080002466] -> 0x003F
[2334] [M]: 0x0000000080002464 (0x003F8F93) addi t6, t6, 0x3
x31 <- 0x0000000000001003

mem[X,0x0000000080002468] -> 0x9F93
mem[X,0x000000008000246A] -> 0x01EF
[2335] [M]: 0x0000000080002468 (0x01EF9F93) slli t6, t6, 0x1e
x31 <- 0x00000400C0000000

mem[X,0x000000008000246C] -> 0x1FBB
mem[X,0x000000008000246E] -> 0xBBDF
[2336] [M]: 0x000000008000246C (0xBBDF1FBB) pmaccu.w.heo t6, t5, t4
x31 <- 0x00000400C0000000

mem[X,0x0000000080002470] -> 0xB423
mem[X,0x0000000080002472] -> 0x21F0
[2337] [M]: 0x0000000080002470 (0x21F0B423) sd t6, 0x208(ra)
mem[0x0000000080006408] <- 0x00000400C0000000

mem[X,0x0000000080002474] -> 0x0F37
mem[X,0x0000000080002476] -> 0x0000
[2338] [M]: 0x0000000080002474 (0x00000F37) lui t5, 0x0
x30 <- 0x0000000000000000

mem[X,0x0000000080002478] -> 0x0F13
mem[X,0x000000008000247A] -> 0x003F
[2339] [M]: 0x0000000080002478 (0x003F0F13) addi t5, t5, 0x3
x30 <- 0x0000000000000003

mem[X,0x000000008000247C] -> 0x1F13
mem[X,0x000000008000247E] -> 0x00BF
[2340] [M]: 0x000000008000247C (0x00BF1F13) slli t5, t5, 0xb
x30 <- 0x0000000000001800

mem[X,0x0000000080002480] -> 0x0F13
mem[X,0x0000000080002482] -> 0x7FFF
[2341] [M]: 0x0000000080002480 (0x7FFF0F13) addi t5, t5, 0x7ff
x30 <- 0x0000000000001FFF

mem[X,0x0000000080002484] -> 0x1F13
mem[X,0x0000000080002486] -> 0x00BF
[2342] [M]: 0x0000000080002484 (0x00BF1F13) slli t5, t5, 0xb
x30 <- 0x0000000000FFF800

mem[X,0x0000000080002488] -> 0x0F13
mem[X,0x000000008000248A] -> 0x7BFF
[2343] [M]: 0x0000000080002488 (0x7BFF0F13) addi t5, t5, 0x7bf
x30 <- 0x0000000000FFFFBF

mem[X,0x000000008000248C] -> 0x1F13
mem[X,0x000000008000248E] -> 0x00AF
[2344] [M]: 0x000000008000248C (0x00AF1F13) slli t5, t5, 0xa
x30 <- 0x00000003FFFEFC00

mem[X,0x0000000080002490] -> 0x0F13
mem[X,0x0000000080002492] -> 0x3FFF
[2345] [M]: 0x0000000080002490 (0x3FFF0F13) addi t5, t5, 0x3ff
x30 <- 0x00000003FFFEFFFF

mem[X,0x0000000080002494] -> 0x0EB7
mem[X,0x0000000080002496] -> 0x0002
[2346] [M]: 0x0000000080002494 (0x00020EB7) lui t4, 0x20
x29 <- 0x0000000000020000

mem[X,0x0000000080002498] -> 0x8E93
mem[X,0x000000008000249A] -> 0x001E
[2347] [M]: 0x0000000080002498 (0x001E8E93) addi t4, t4, 0x1
x29 <- 0x0000000000020001

mem[X,0x000000008000249C] -> 0x9E93
mem[X,0x000000008000249E] -> 0x01EE
[2348] [M]: 0x000000008000249C (0x01EE9E93) slli t4, t4, 0x1e
x29 <- 0x0000800040000000

mem[X,0x00000000800024A0] -> 0x0FB7
mem[X,0x00000000800024A2] -> 0x0080
[2349] [M]: 0x00000000800024A0 (0x00800FB7) lui t6, 0x800
x31 <- 0x0000000000800000

mem[X,0x00000000800024A4] -> 0x8F93
mem[X,0x00000000800024A6] -> 0x000F
[2350] [M]: 0x00000000800024A4 (0x000F8F93) addi t6, t6, 0x0
x31 <- 0x0000000000800000

mem[X,0x00000000800024A8] -> 0x9F93
mem[X,0x00000000800024AA] -> 0x00BF
[2351] [M]: 0x00000000800024A8 (0x00BF9F93) slli t6, t6, 0xb
x31 <- 0x0000000400000000

mem[X,0x00000000800024AC] -> 0x8F93
mem[X,0x00000000800024AE] -> 0x7FFF
[2352] [M]: 0x00000000800024AC (0x7FFF8F93) addi t6, t6, 0x7ff
x31 <- 0x00000004000007FF

mem[X,0x00000000800024B0] -> 0x9F93
mem[X,0x00000000800024B2] -> 0x00BF
[2353] [M]: 0x00000000800024B0 (0x00BF9F93) slli t6, t6, 0xb
x31 <- 0x00002000003FF800

mem[X,0x00000000800024B4] -> 0x8F93
mem[X,0x00000000800024B6] -> 0x7FFF
[2354] [M]: 0x00000000800024B4 (0x7FFF8F93) addi t6, t6, 0x7ff
x31 <- 0x00002000003FFFFF

mem[X,0x00000000800024B8] -> 0x9F93
mem[X,0x00000000800024BA] -> 0x00AF
[2355] [M]: 0x00000000800024B8 (0x00AF9F93) slli t6, t6, 0xa
x31 <- 0x00800000FFFFFC00

mem[X,0x00000000800024BC] -> 0x8F93
mem[X,0x00000000800024BE] -> 0x3FBF
[2356] [M]: 0x00000000800024BC (0x3FBF8F93) addi t6, t6, 0x3fb
x31 <- 0x00800000FFFFFFFB

mem[X,0x00000000800024C0] -> 0x1FBB
mem[X,0x00000000800024C2] -> 0xBBDF
[2357] [M]: 0x00000000800024C0 (0xBBDF1FBB) pmaccu.w.heo t6, t5, t4
x31 <- 0x00800000FFFFFFFB

mem[X,0x00000000800024C4] -> 0xB823
mem[X,0x00000000800024C6] -> 0x21F0
[2358] [M]: 0x00000000800024C4 (0x21F0B823) sd t6, 0x210(ra)
mem[0x0000000080006410] <- 0x00800000FFFFFFFB

mem[X,0x00000000800024C8] -> 0x0F37
mem[X,0x00000000800024CA] -> 0xFFFF
[2359] [M]: 0x00000000800024C8 (0xFFFF0F37) lui t5, -0x10
x30 <- 0xFFFFFFFFFFFF0000

mem[X,0x00000000800024CC] -> 0x0F13
mem[X,0x00000000800024CE] -> 0xFFFF
[2360] [M]: 0x00000000800024CC (0xFFFF0F13) addi t5, t5, -0x1
x30 <- 0xFFFFFFFFFFFEFFFF

mem[X,0x00000000800024D0] -> 0x1F13
mem[X,0x00000000800024D2] -> 0x00BF
[2361] [M]: 0x00000000800024D0 (0x00BF1F13) slli t5, t5, 0xb
x30 <- 0xFFFFFFFFF7FFF800

mem[X,0x00000000800024D4] -> 0x0F13
mem[X,0x00000000800024D6] -> 0x000F
[2362] [M]: 0x00000000800024D4 (0x000F0F13) addi t5, t5, 0x0
x30 <- 0xFFFFFFFFF7FFF800

mem[X,0x00000000800024D8] -> 0x1F13
mem[X,0x00000000800024DA] -> 0x00BF
[2363] [M]: 0x00000000800024D8 (0x00BF1F13) slli t5, t5, 0xb
x30 <- 0xFFFFFFBFFFC00000

mem[X,0x00000000800024DC] -> 0x0F13
mem[X,0x00000000800024DE] -> 0x000F
[2364] [M]: 0x00000000800024DC (0x000F0F13) addi t5, t5, 0x0
x30 <- 0xFFFFFFBFFFC00000

mem[X,0x00000000800024E0] -> 0x1F13
mem[X,0x00000000800024E2] -> 0x00AF
[2365] [M]: 0x00000000800024E0 (0x00AF1F13) slli t5, t5, 0xa
x30 <- 0xFFFEFFFF00000000

mem[X,0x00000000800024E4] -> 0x0F13
mem[X,0x00000000800024E6] -> 0x005F
[2366] [M]: 0x00000000800024E4 (0x005F0F13) addi t5, t5, 0x5
x30 <- 0xFFFEFFFF00000005

mem[X,0x00000000800024E8] -> 0x0EB7
mem[X,0x00000000800024EA] -> 0x0000
[2367] [M]: 0x00000000800024E8 (0x00000EB7) lui t4, 0x0
x29 <- 0x0000000000000000

mem[X,0x00000000800024EC] -> 0x8E93
mem[X,0x00000000800024EE] -> 0x000E
[2368] [M]: 0x00000000800024EC (0x000E8E93) addi t4, t4, 0x0
x29 <- 0x0000000000000000

mem[X,0x00000000800024F0] -> 0x9E93
mem[X,0x00000000800024F2] -> 0x00BE
[2369] [M]: 0x00000000800024F0 (0x00BE9E93) slli t4, t4, 0xb
x29 <- 0x0000000000000000

mem[X,0x00000000800024F4] -> 0x8E93
mem[X,0x00000000800024F6] -> 0x7FFE
[2370] [M]: 0x00000000800024F4 (0x7FFE8E93) addi t4, t4, 0x7ff
x29 <- 0x00000000000007FF

mem[X,0x00000000800024F8] -> 0x9E93
mem[X,0x00000000800024FA] -> 0x00BE
[2371] [M]: 0x00000000800024F8 (0x00BE9E93) slli t4, t4, 0xb
x29 <- 0x00000000003FF800

mem[X,0x00000000800024FC] -> 0x8E93
mem[X,0x00000000800024FE] -> 0x7FFE
[2372] [M]: 0x00000000800024FC (0x7FFE8E93) addi t4, t4, 0x7ff
x29 <- 0x00000000003FFFFF

mem[X,0x0000000080002500] -> 0x9E93
mem[X,0x0000000080002502] -> 0x00AE
[2373] [M]: 0x0000000080002500 (0x00AE9E93) slli t4, t4, 0xa
x29 <- 0x00000000FFFFFC00

mem[X,0x0000000080002504] -> 0x8E93
mem[X,0x0000000080002506] -> 0x3FDE
[2374] [M]: 0x0000000080002504 (0x3FDE8E93) addi t4, t4, 0x3fd
x29 <- 0x00000000FFFFFFFD

mem[X,0x0000000080002508] -> 0xCFB7
mem[X,0x000000008000250A] -> 0xFFFF
[2375] [M]: 0x0000000080002508 (0xFFFFCFB7) lui t6, -0x4
x31 <- 0xFFFFFFFFFFFFC000

mem[X,0x000000008000250C] -> 0x8F93
mem[X,0x000000008000250E] -> 0xFFFF
[2376] [M]: 0x000000008000250C (0xFFFF8F93) addi t6, t6, -0x1
x31 <- 0xFFFFFFFFFFFFBFFF

mem[X,0x0000000080002510] -> 0x9F93
mem[X,0x0000000080002512] -> 0x00BF
[2377] [M]: 0x0000000080002510 (0x00BF9F93) slli t6, t6, 0xb
x31 <- 0xFFFFFFFFFDFFF800

mem[X,0x0000000080002514] -> 0x8F93
mem[X,0x0000000080002516] -> 0x000F
[2378] [M]: 0x0000000080002514 (0x000F8F93) addi t6, t6, 0x0
x31 <- 0xFFFFFFFFFDFFF800

mem[X,0x0000000080002518] -> 0x9F93
mem[X,0x000000008000251A] -> 0x00BF
[2379] [M]: 0x0000000080002518 (0x00BF9F93) slli t6, t6, 0xb
x31 <- 0xFFFFFFEFFFC00000

mem[X,0x000000008000251C] -> 0x8F93
mem[X,0x000000008000251E] -> 0x000F
[2380] [M]: 0x000000008000251C (0x000F8F93) addi t6, t6, 0x0
x31 <- 0xFFFFFFEFFFC00000

mem[X,0x0000000080002520] -> 0x9F93
mem[X,0x0000000080002522] -> 0x00AF
[2381] [M]: 0x0000000080002520 (0x00AF9F93) slli t6, t6, 0xa
x31 <- 0xFFFFBFFF00000000

mem[X,0x0000000080002524] -> 0x8F93
mem[X,0x0000000080002526] -> 0x020F
[2382] [M]: 0x0000000080002524 (0x020F8F93) addi t6, t6, 0x20
x31 <- 0xFFFFBFFF00000020

mem[X,0x0000000080002528] -> 0x1FBB
mem[X,0x000000008000252A] -> 0xBBDF
[2383] [M]: 0x0000000080002528 (0xBBDF1FBB) pmaccu.w.heo t6, t5, t4
x31 <- 0xFFFFC4FA0000051B

mem[X,0x000000008000252C] -> 0xBC23
mem[X,0x000000008000252E] -> 0x21F0
[2384] [M]: 0x000000008000252C (0x21F0BC23) sd t6, 0x218(ra)
mem[0x0000000080006418] <- 0xFFFFC4FA0000051B

mem[X,0x0000000080002530] -> 0x0F37
mem[X,0x0000000080002532] -> 0x0800
[2385] [M]: 0x0000000080002530 (0x08000F37) lui t5, 0x8000
x30 <- 0x0000000008000000

mem[X,0x0000000080002534] -> 0x0F13
mem[X,0x0000000080002536] -> 0x000F
[2386] [M]: 0x0000000080002534 (0x000F0F13) addi t5, t5, 0x0
x30 <- 0x0000000008000000

mem[X,0x0000000080002538] -> 0x1F13
mem[X,0x000000008000253A] -> 0x00BF
[2387] [M]: 0x0000000080002538 (0x00BF1F13) slli t5, t5, 0xb
x30 <- 0x0000004000000000

mem[X,0x000000008000253C] -> 0x0F13
mem[X,0x000000008000253E] -> 0x7DFF
[2388] [M]: 0x000000008000253C (0x7DFF0F13) addi t5, t5, 0x7df
x30 <- 0x00000040000007DF

mem[X,0x0000000080002540] -> 0x1F13
mem[X,0x0000000080002542] -> 0x00BF
[2389] [M]: 0x0000000080002540 (0x00BF1F13) slli t5, t5, 0xb
x30 <- 0x00020000003EF800

mem[X,0x0000000080002544] -> 0x0F13
mem[X,0x0000000080002546] -> 0x7FFF
[2390] [M]: 0x0000000080002544 (0x7FFF0F13) addi t5, t5, 0x7ff
x30 <- 0x00020000003EFFFF

mem[X,0x0000000080002548] -> 0x1F13
mem[X,0x000000008000254A] -> 0x00AF
[2391] [M]: 0x0000000080002548 (0x00AF1F13) slli t5, t5, 0xa
x30 <- 0x08000000FBFFFC00

mem[X,0x000000008000254C] -> 0x0F13
mem[X,0x000000008000254E] -> 0x3FFF
[2392] [M]: 0x000000008000254C (0x3FFF0F13) addi t5, t5, 0x3ff
x30 <- 0x08000000FBFFFFFF

mem[X,0x0000000080002550] -> 0x0EB7
mem[X,0x0000000080002552] -> 0x0000
[2393] [M]: 0x0000000080002550 (0x00000EB7) lui t4, 0x0
x29 <- 0x0000000000000000

mem[X,0x0000000080002554] -> 0x8E93
mem[X,0x0000000080002556] -> 0x009E
[2394] [M]: 0x0000000080002554 (0x009E8E93) addi t4, t4, 0x9
x29 <- 0x0000000000000009

mem[X,0x0000000080002558] -> 0x9E93
mem[X,0x000000008000255A] -> 0x00BE
[2395] [M]: 0x0000000080002558 (0x00BE9E93) slli t4, t4, 0xb
x29 <- 0x0000000000004800

mem[X,0x000000008000255C] -> 0x8E93
mem[X,0x000000008000255E] -> 0x7FFE
[2396] [M]: 0x000000008000255C (0x7FFE8E93) addi t4, t4, 0x7ff
x29 <- 0x0000000000004FFF

mem[X,0x0000000080002560] -> 0x9E93
mem[X,0x0000000080002562] -> 0x00BE
[2397] [M]: 0x0000000080002560 (0x00BE9E93) slli t4, t4, 0xb
x29 <- 0x00000000027FF800

mem[X,0x0000000080002564] -> 0x8E93
mem[X,0x0000000080002566] -> 0x7FFE
[2398] [M]: 0x0000000080002564 (0x7FFE8E93) addi t4, t4, 0x7ff
x29 <- 0x00000000027FFFFF

mem[X,0x0000000080002568] -> 0x9E93
mem[X,0x000000008000256A] -> 0x00AE
[2399] [M]: 0x0000000080002568 (0x00AE9E93) slli t4, t4, 0xa
x29 <- 0x00000009FFFFFC00

clint::tick mtime <- 0x0000000000000018
 clint timer pending at mtime 0x0000000000000018
htif::tick 0x0000000000000000
mem[X,0x000000008000256C] -> 0x8E93
mem[X,0x000000008000256E] -> 0x3FBE
[2400] [M]: 0x000000008000256C (0x3FBE8E93) addi t4, t4, 0x3fb
x29 <- 0x00000009FFFFFFFB

mem[X,0x0000000080002570] -> 0x0FB7
mem[X,0x0000000080002572] -> 0x0000
[2401] [M]: 0x0000000080002570 (0x00000FB7) lui t6, 0x0
x31 <- 0x0000000000000000

mem[X,0x0000000080002574] -> 0x8F93
mem[X,0x0000000080002576] -> 0xBFFF
[2402] [M]: 0x0000000080002574 (0xBFFF8F93) addi t6, t6, -0x401
x31 <- 0xFFFFFFFFFFFFFBFF

mem[X,0x0000000080002578] -> 0x9F93
mem[X,0x000000008000257A] -> 0x00BF
[2403] [M]: 0x0000000080002578 (0x00BF9F93) slli t6, t6, 0xb
x31 <- 0xFFFFFFFFFFDFF800

mem[X,0x000000008000257C] -> 0x8F93
mem[X,0x000000008000257E] -> 0x7FFF
[2404] [M]: 0x000000008000257C (0x7FFF8F93) addi t6, t6, 0x7ff
x31 <- 0xFFFFFFFFFFDFFFFF

mem[X,0x0000000080002580] -> 0x9F93
mem[X,0x0000000080002582] -> 0x00BF
[2405] [M]: 0x0000000080002580 (0x00BF9F93) slli t6, t6, 0xb
x31 <- 0xFFFFFFFEFFFFF800

mem[X,0x0000000080002584] -> 0x8F93
mem[X,0x0000000080002586] -> 0x6FFF
[2406] [M]: 0x0000000080002584 (0x6FFF8F93) addi t6, t6, 0x6ff
x31 <- 0xFFFFFFFEFFFFFEFF

mem[X,0x0000000080002588] -> 0x9F93
mem[X,0x000000008000258A] -> 0x00AF
[2407] [M]: 0x0000000080002588 (0x00AF9F93) slli t6, t6, 0xa
x31 <- 0xFFFFFBFFFFFBFC00

mem[X,0x000000008000258C] -> 0x8F93
mem[X,0x000000008000258E] -> 0x3FFF
[2408] [M]: 0x000000008000258C (0x3FFF8F93) addi t6, t6, 0x3ff
x31 <- 0xFFFFFBFFFFFBFFFF

mem[X,0x0000000080002590] -> 0x1FBB
mem[X,0x0000000080002592] -> 0xBBDF
[2409] [M]: 0x0000000080002590 (0xBBDF1FBB) pmaccu.w.heo t6, t5, t4
x31 <- 0x0000FA00FFFCFE00

mem[X,0x0000000080002594] -> 0xB023
mem[X,0x0000000080002596] -> 0x23F0
[2410] [M]: 0x0000000080002594 (0x23F0B023) sd t6, 0x220(ra)
mem[0x0000000080006420] <- 0x0000FA00FFFCFE00

mem[X,0x0000000080002598] -> 0x0F37
mem[X,0x000000008000259A] -> 0x0000
[2411] [M]: 0x0000000080002598 (0x00000F37) lui t5, 0x0
x30 <- 0x0000000000000000

mem[X,0x000000008000259C] -> 0x0F13
mem[X,0x000000008000259E] -> 0xFF9F
[2412] [M]: 0x000000008000259C (0xFF9F0F13) addi t5, t5, -0x7
x30 <- 0xFFFFFFFFFFFFFFF9

mem[X,0x00000000800025A0] -> 0x1F13
mem[X,0x00000000800025A2] -> 0x00BF
[2413] [M]: 0x00000000800025A0 (0x00BF1F13) slli t5, t5, 0xb
x30 <- 0xFFFFFFFFFFFFC800

mem[X,0x00000000800025A4] -> 0x0F13
mem[X,0x00000000800025A6] -> 0x7FFF
[2414] [M]: 0x00000000800025A4 (0x7FFF0F13) addi t5, t5, 0x7ff
x30 <- 0xFFFFFFFFFFFFCFFF

mem[X,0x00000000800025A8] -> 0x1F13
mem[X,0x00000000800025AA] -> 0x00BF
[2415] [M]: 0x00000000800025A8 (0x00BF1F13) slli t5, t5, 0xb
x30 <- 0xFFFFFFFFFE7FF800

mem[X,0x00000000800025AC] -> 0x0F13
mem[X,0x00000000800025AE] -> 0x7FFF
[2416] [M]: 0x00000000800025AC (0x7FFF0F13) addi t5, t5, 0x7ff
x30 <- 0xFFFFFFFFFE7FFFFF

mem[X,0x00000000800025B0] -> 0x1F13
mem[X,0x00000000800025B2] -> 0x00AF
[2417] [M]: 0x00000000800025B0 (0x00AF1F13) slli t5, t5, 0xa
x30 <- 0xFFFFFFF9FFFFFC00

mem[X,0x00000000800025B4] -> 0x0F13
mem[X,0x00000000800025B6] -> 0x3EFF
[2418] [M]: 0x00000000800025B4 (0x3EFF0F13) addi t5, t5, 0x3ef
x30 <- 0xFFFFFFF9FFFFFFEF

mem[X,0x00000000800025B8] -> 0x0EB7
mem[X,0x00000000800025BA] -> 0x0200
[2419] [M]: 0x00000000800025B8 (0x02000EB7) lui t4, 0x2000
x29 <- 0x0000000002000000

mem[X,0x00000000800025BC] -> 0x8E93
mem[X,0x00000000800025BE] -> 0x000E
[2420] [M]: 0x00000000800025BC (0x000E8E93) addi t4, t4, 0x0
x29 <- 0x0000000002000000

mem[X,0x00000000800025C0] -> 0x9E93
mem[X,0x00000000800025C2] -> 0x00BE
[2421] [M]: 0x00000000800025C0 (0x00BE9E93) slli t4, t4, 0xb
x29 <- 0x0000001000000000

mem[X,0x00000000800025C4] -> 0x8E93
mem[X,0x00000000800025C6] -> 0x7FFE
[2422] [M]: 0x00000000800025C4 (0x7FFE8E93) addi t4, t4, 0x7ff
x29 <- 0x00000010000007FF

mem[X,0x00000000800025C8] -> 0x9E93
mem[X,0x00000000800025CA] -> 0x00BE
[2423] [M]: 0x00000000800025C8 (0x00BE9E93) slli t4, t4, 0xb
x29 <- 0x00008000003FF800

mem[X,0x00000000800025CC] -> 0x8E93
mem[X,0x00000000800025CE] -> 0x7FFE
[2424] [M]: 0x00000000800025CC (0x7FFE8E93) addi t4, t4, 0x7ff
x29 <- 0x00008000003FFFFF

mem[X,0x00000000800025D0] -> 0x9E93
mem[X,0x00000000800025D2] -> 0x00AE
[2425] [M]: 0x00000000800025D0 (0x00AE9E93) slli t4, t4, 0xa
x29 <- 0x02000000FFFFFC00

mem[X,0x00000000800025D4] -> 0x8E93
mem[X,0x00000000800025D6] -> 0x3F7E
[2426] [M]: 0x00000000800025D4 (0x3F7E8E93) addi t4, t4, 0x3f7
x29 <- 0x02000000FFFFFFF7

mem[X,0x00000000800025D8] -> 0x8FB7
mem[X,0x00000000800025DA] -> 0xFFFF
[2427] [M]: 0x00000000800025D8 (0xFFFF8FB7) lui t6, -0x8
x31 <- 0xFFFFFFFFFFFF8000

mem[X,0x00000000800025DC] -> 0x8F93
mem[X,0x00000000800025DE] -> 0xFFFF
[2428] [M]: 0x00000000800025DC (0xFFFF8F93) addi t6, t6, -0x1
x31 <- 0xFFFFFFFFFFFF7FFF

mem[X,0x00000000800025E0] -> 0x9F93
mem[X,0x00000000800025E2] -> 0x00BF
[2429] [M]: 0x00000000800025E0 (0x00BF9F93) slli t6, t6, 0xb
x31 <- 0xFFFFFFFFFBFFF800

mem[X,0x00000000800025E4] -> 0x8F93
mem[X,0x00000000800025E6] -> 0x7FDF
[2430] [M]: 0x00000000800025E4 (0x7FDF8F93) addi t6, t6, 0x7fd
x31 <- 0xFFFFFFFFFBFFFFFD

mem[X,0x00000000800025E8] -> 0x9F93
mem[X,0x00000000800025EA] -> 0x00BF
[2431] [M]: 0x00000000800025E8 (0x00BF9F93) slli t6, t6, 0xb
x31 <- 0xFFFFFFDFFFFFE800

mem[X,0x00000000800025EC] -> 0x8F93
mem[X,0x00000000800025EE] -> 0x7FFF
[2432] [M]: 0x00000000800025EC (0x7FFF8F93) addi t6, t6, 0x7ff
x31 <- 0xFFFFFFDFFFFFEFFF

mem[X,0x00000000800025F0] -> 0x9F93
mem[X,0x00000000800025F2] -> 0x00AF
[2433] [M]: 0x00000000800025F0 (0x00AF9F93) slli t6, t6, 0xa
x31 <- 0xFFFF7FFFFFBFFC00

mem[X,0x00000000800025F4] -> 0x8F93
mem[X,0x00000000800025F6] -> 0x3FFF
[2434] [M]: 0x00000000800025F4 (0x3FFF8F93) addi t6, t6, 0x3ff
x31 <- 0xFFFF7FFFFFBFFFFF

mem[X,0x00000000800025F8] -> 0x1FBB
mem[X,0x00000000800025FA] -> 0xBBDF
[2435] [M]: 0x00000000800025F8 (0xBBDF1FBB) pmaccu.w.heo t6, t5, t4
x31 <- 0x00006E10FFC0EE10

mem[X,0x00000000800025FC] -> 0xB423
mem[X,0x00000000800025FE] -> 0x23F0
[2436] [M]: 0x00000000800025FC (0x23F0B423) sd t6, 0x228(ra)
mem[0x0000000080006428] <- 0x00006E10FFC0EE10

mem[X,0x0000000080002600] -> 0x0F37
mem[X,0x0000000080002602] -> 0x0000
[2437] [M]: 0x0000000080002600 (0x00000F37) lui t5, 0x0
x30 <- 0x0000000000000000

mem[X,0x0000000080002604] -> 0x0F13
mem[X,0x0000000080002606] -> 0xFFEF
[2438] [M]: 0x0000000080002604 (0xFFEF0F13) addi t5, t5, -0x2
x30 <- 0xFFFFFFFFFFFFFFFE

mem[X,0x0000000080002608] -> 0x1F13
mem[X,0x000000008000260A] -> 0x00BF
[2439] [M]: 0x0000000080002608 (0x00BF1F13) slli t5, t5, 0xb
x30 <- 0xFFFFFFFFFFFFF000

mem[X,0x000000008000260C] -> 0x0F13
mem[X,0x000000008000260E] -> 0x000F
[2440] [M]: 0x000000008000260C (0x000F0F13) addi t5, t5, 0x0
x30 <- 0xFFFFFFFFFFFFF000

mem[X,0x0000000080002610] -> 0x1F13
mem[X,0x0000000080002612] -> 0x00BF
[2441] [M]: 0x0000000080002610 (0x00BF1F13) slli t5, t5, 0xb
x30 <- 0xFFFFFFFFFF800000

mem[X,0x0000000080002614] -> 0x0F13
mem[X,0x0000000080002616] -> 0x100F
[2442] [M]: 0x0000000080002614 (0x100F0F13) addi t5, t5, 0x100
x30 <- 0xFFFFFFFFFF800100

mem[X,0x0000000080002618] -> 0x1F13
mem[X,0x000000008000261A] -> 0x00AF
[2443] [M]: 0x0000000080002618 (0x00AF1F13) slli t5, t5, 0xa
x30 <- 0xFFFFFFFE00040000

mem[X,0x000000008000261C] -> 0x0EB7
mem[X,0x000000008000261E] -> 0x8000
[2444] [M]: 0x000000008000261C (0x80000EB7) lui t4, -0x80000
x29 <- 0xFFFFFFFF80000000

mem[X,0x0000000080002620] -> 0x8E93
mem[X,0x0000000080002622] -> 0x000E
[2445] [M]: 0x0000000080002620 (0x000E8E93) addi t4, t4, 0x0
x29 <- 0xFFFFFFFF80000000

mem[X,0x0000000080002624] -> 0x9E93
mem[X,0x0000000080002626] -> 0x00BE
[2446] [M]: 0x0000000080002624 (0x00BE9E93) slli t4, t4, 0xb
x29 <- 0xFFFFFC0000000000

mem[X,0x0000000080002628] -> 0x8E93
mem[X,0x000000008000262A] -> 0x7FFE
[2447] [M]: 0x0000000080002628 (0x7FFE8E93) addi t4, t4, 0x7ff
x29 <- 0xFFFFFC00000007FF

mem[X,0x000000008000262C] -> 0x9E93
mem[X,0x000000008000262E] -> 0x00BE
[2448] [M]: 0x000000008000262C (0x00BE9E93) slli t4, t4, 0xb
x29 <- 0xFFE00000003FF800

mem[X,0x0000000080002630] -> 0x8E93
mem[X,0x0000000080002632] -> 0x7FFE
[2449] [M]: 0x0000000080002630 (0x7FFE8E93) addi t4, t4, 0x7ff
x29 <- 0xFFE00000003FFFFF

mem[X,0x0000000080002634] -> 0x9E93
mem[X,0x0000000080002636] -> 0x00AE
[2450] [M]: 0x0000000080002634 (0x00AE9E93) slli t4, t4, 0xa
x29 <- 0x80000000FFFFFC00

mem[X,0x0000000080002638] -> 0x8E93
mem[X,0x000000008000263A] -> 0x37FE
[2451] [M]: 0x0000000080002638 (0x37FE8E93) addi t4, t4, 0x37f
x29 <- 0x80000000FFFFFF7F

mem[X,0x000000008000263C] -> 0xFFB7
mem[X,0x000000008000263E] -> 0xFFFF
[2452] [M]: 0x000000008000263C (0xFFFFFFB7) lui t6, -0x1
x31 <- 0xFFFFFFFFFFFFF000

mem[X,0x0000000080002640] -> 0x8F93
mem[X,0x0000000080002642] -> 0xFFFF
[2453] [M]: 0x0000000080002640 (0xFFFF8F93) addi t6, t6, -0x1
x31 <- 0xFFFFFFFFFFFFEFFF

mem[X,0x0000000080002644] -> 0x9F93
mem[X,0x0000000080002646] -> 0x00BF
[2454] [M]: 0x0000000080002644 (0x00BF9F93) slli t6, t6, 0xb
x31 <- 0xFFFFFFFFFF7FF800

mem[X,0x0000000080002648] -> 0x8F93
mem[X,0x000000008000264A] -> 0x000F
[2455] [M]: 0x0000000080002648 (0x000F8F93) addi t6, t6, 0x0
x31 <- 0xFFFFFFFFFF7FF800

mem[X,0x000000008000264C] -> 0x9F93
mem[X,0x000000008000264E] -> 0x00BF
[2456] [M]: 0x000000008000264C (0x00BF9F93) slli t6, t6, 0xb
x31 <- 0xFFFFFFFBFFC00000

mem[X,0x0000000080002650] -> 0x8F93
mem[X,0x0000000080002652] -> 0x080F
[2457] [M]: 0x0000000080002650 (0x080F8F93) addi t6, t6, 0x80
x31 <- 0xFFFFFFFBFFC00080

mem[X,0x0000000080002654] -> 0x9F93
mem[X,0x0000000080002656] -> 0x00AF
[2458] [M]: 0x0000000080002654 (0x00AF9F93) slli t6, t6, 0xa
x31 <- 0xFFFFEFFF00020000

mem[X,0x0000000080002658] -> 0x1FBB
mem[X,0x000000008000265A] -> 0xBBDF
[2459] [M]: 0x0000000080002658 (0xBBDF1FBB) pmaccu.w.heo t6, t5, t4
x31 <- 0xFFFFEFFF00020000

mem[X,0x000000008000265C] -> 0xB823
mem[X,0x000000008000265E] -> 0x23F0
[2460] [M]: 0x000000008000265C (0x23F0B823) sd t6, 0x230(ra)
mem[0x0000000080006430] <- 0xFFFFEFFF00020000

mem[X,0x0000000080002660] -> 0xFF37
mem[X,0x0000000080002662] -> 0xFFFF
[2461] [M]: 0x0000000080002660 (0xFFFFFF37) lui t5, -0x1
x30 <- 0xFFFFFFFFFFFFF000

mem[X,0x0000000080002664] -> 0x0F13
mem[X,0x0000000080002666] -> 0xFFFF
[2462] [M]: 0x0000000080002664 (0xFFFF0F13) addi t5, t5, -0x1
x30 <- 0xFFFFFFFFFFFFEFFF

mem[X,0x0000000080002668] -> 0x1F13
mem[X,0x000000008000266A] -> 0x00BF
[2463] [M]: 0x0000000080002668 (0x00BF1F13) slli t5, t5, 0xb
x30 <- 0xFFFFFFFFFF7FF800

mem[X,0x000000008000266C] -> 0x0F13
mem[X,0x000000008000266E] -> 0x7FFF
[2464] [M]: 0x000000008000266C (0x7FFF0F13) addi t5, t5, 0x7ff
x30 <- 0xFFFFFFFFFF7FFFFF

mem[X,0x0000000080002670] -> 0x1F13
mem[X,0x0000000080002672] -> 0x00BF
[2465] [M]: 0x0000000080002670 (0x00BF1F13) slli t5, t5, 0xb
x30 <- 0xFFFFFFFBFFFFF800

mem[X,0x0000000080002674] -> 0x0F13
mem[X,0x0000000080002676] -> 0x7FFF
[2466] [M]: 0x0000000080002674 (0x7FFF0F13) addi t5, t5, 0x7ff
x30 <- 0xFFFFFFFBFFFFFFFF

mem[X,0x0000000080002678] -> 0x1F13
mem[X,0x000000008000267A] -> 0x00AF
[2467] [M]: 0x0000000080002678 (0x00AF1F13) slli t5, t5, 0xa
x30 <- 0xFFFFEFFFFFFFFC00

mem[X,0x000000008000267C] -> 0x0F13
mem[X,0x000000008000267E] -> 0x1FFF
[2468] [M]: 0x000000008000267C (0x1FFF0F13) addi t5, t5, 0x1ff
x30 <- 0xFFFFEFFFFFFFFDFF

mem[X,0x0000000080002680] -> 0x0EB7
mem[X,0x0000000080002682] -> 0x0000
[2469] [M]: 0x0000000080002680 (0x00000EB7) lui t4, 0x0
x29 <- 0x0000000000000000

mem[X,0x0000000080002684] -> 0x8E93
mem[X,0x0000000080002686] -> 0x003E
[2470] [M]: 0x0000000080002684 (0x003E8E93) addi t4, t4, 0x3
x29 <- 0x0000000000000003

mem[X,0x0000000080002688] -> 0x9E93
mem[X,0x000000008000268A] -> 0x00BE
[2471] [M]: 0x0000000080002688 (0x00BE9E93) slli t4, t4, 0xb
x29 <- 0x0000000000001800

mem[X,0x000000008000268C] -> 0x8E93
mem[X,0x000000008000268E] -> 0x7FFE
[2472] [M]: 0x000000008000268C (0x7FFE8E93) addi t4, t4, 0x7ff
x29 <- 0x0000000000001FFF

mem[X,0x0000000080002690] -> 0x9E93
mem[X,0x0000000080002692] -> 0x00BE
[2473] [M]: 0x0000000080002690 (0x00BE9E93) slli t4, t4, 0xb
x29 <- 0x0000000000FFF800

mem[X,0x0000000080002694] -> 0x8E93
mem[X,0x0000000080002696] -> 0x7FFE
[2474] [M]: 0x0000000080002694 (0x7FFE8E93) addi t4, t4, 0x7ff
x29 <- 0x0000000000FFFFFF

mem[X,0x0000000080002698] -> 0x9E93
mem[X,0x000000008000269A] -> 0x00AE
[2475] [M]: 0x0000000080002698 (0x00AE9E93) slli t4, t4, 0xa
x29 <- 0x00000003FFFFFC00

mem[X,0x000000008000269C] -> 0x8E93
mem[X,0x000000008000269E] -> 0x2FFE
[2476] [M]: 0x000000008000269C (0x2FFE8E93) addi t4, t4, 0x2ff
x29 <- 0x00000003FFFFFEFF

mem[X,0x00000000800026A0] -> 0x0FB7
mem[X,0x00000000800026A2] -> 0x0010
[2477] [M]: 0x00000000800026A0 (0x00100FB7) lui t6, 0x100
x31 <- 0x0000000000100000

mem[X,0x00000000800026A4] -> 0x8F93
mem[X,0x00000000800026A6] -> 0x000F
[2478] [M]: 0x00000000800026A4 (0x000F8F93) addi t6, t6, 0x0
x31 <- 0x0000000000100000

mem[X,0x00000000800026A8] -> 0x9F93
mem[X,0x00000000800026AA] -> 0x00BF
[2479] [M]: 0x00000000800026A8 (0x00BF9F93) slli t6, t6, 0xb
x31 <- 0x0000000080000000

mem[X,0x00000000800026AC] -> 0x8F93
mem[X,0x00000000800026AE] -> 0x7FFF
[2480] [M]: 0x00000000800026AC (0x7FFF8F93) addi t6, t6, 0x7ff
x31 <- 0x00000000800007FF

mem[X,0x00000000800026B0] -> 0x9F93
mem[X,0x00000000800026B2] -> 0x00BF
[2481] [M]: 0x00000000800026B0 (0x00BF9F93) slli t6, t6, 0xb
x31 <- 0x00000400003FF800

mem[X,0x00000000800026B4] -> 0x8F93
mem[X,0x00000000800026B6] -> 0x7FFF
[2482] [M]: 0x00000000800026B4 (0x7FFF8F93) addi t6, t6, 0x7ff
x31 <- 0x00000400003FFFFF

mem[X,0x00000000800026B8] -> 0x9F93
mem[X,0x00000000800026BA] -> 0x00AF
[2483] [M]: 0x00000000800026B8 (0x00AF9F93) slli t6, t6, 0xa
x31 <- 0x00100000FFFFFC00

mem[X,0x00000000800026BC] -> 0x8F93
mem[X,0x00000000800026BE] -> 0x2FFF
[2484] [M]: 0x00000000800026BC (0x2FFF8F93) addi t6, t6, 0x2ff
x31 <- 0x00100000FFFFFEFF

mem[X,0x00000000800026C0] -> 0x1FBB
mem[X,0x00000000800026C2] -> 0xBBDF
[2485] [M]: 0x00000000800026C0 (0xBBDF1FBB) pmaccu.w.heo t6, t5, t4
x31 <- 0x0010FD020000FC01

mem[X,0x00000000800026C4] -> 0xBC23
mem[X,0x00000000800026C6] -> 0x23F0
[2486] [M]: 0x00000000800026C4 (0x23F0BC23) sd t6, 0x238(ra)
mem[0x0000000080006438] <- 0x0010FD020000FC01

mem[X,0x00000000800026C8] -> 0x5F37
mem[X,0x00000000800026CA] -> 0x5555
[2487] [M]: 0x00000000800026C8 (0x55555F37) lui t5, 0x55555
x30 <- 0x0000000055555000

mem[X,0x00000000800026CC] -> 0x0F13
mem[X,0x00000000800026CE] -> 0x555F
[2488] [M]: 0x00000000800026CC (0x555F0F13) addi t5, t5, 0x555
x30 <- 0x0000000055555555

mem[X,0x00000000800026D0] -> 0x1F13
mem[X,0x00000000800026D2] -> 0x00BF
[2489] [M]: 0x00000000800026D0 (0x00BF1F13) slli t5, t5, 0xb
x30 <- 0x000002AAAAAAA800

mem[X,0x00000000800026D4] -> 0x0F13
mem[X,0x00000000800026D6] -> 0x7FFF
[2490] [M]: 0x00000000800026D4 (0x7FFF0F13) addi t5, t5, 0x7ff
x30 <- 0x000002AAAAAAAFFF

mem[X,0x00000000800026D8] -> 0x1F13
mem[X,0x00000000800026DA] -> 0x00BF
[2491] [M]: 0x00000000800026D8 (0x00BF1F13) slli t5, t5, 0xb
x30 <- 0x00155555557FF800

mem[X,0x00000000800026DC] -> 0x0F13
mem[X,0x00000000800026DE] -> 0x7FFF
[2492] [M]: 0x00000000800026DC (0x7FFF0F13) addi t5, t5, 0x7ff
x30 <- 0x00155555557FFFFF

mem[X,0x00000000800026E0] -> 0x1F13
mem[X,0x00000000800026E2] -> 0x00AF
[2493] [M]: 0x00000000800026E0 (0x00AF1F13) slli t5, t5, 0xa
x30 <- 0x55555555FFFFFC00

mem[X,0x00000000800026E4] -> 0x0F13
mem[X,0x00000000800026E6] -> 0x3F7F
[2494] [M]: 0x00000000800026E4 (0x3F7F0F13) addi t5, t5, 0x3f7
x30 <- 0x55555555FFFFFFF7

mem[X,0x00000000800026E8] -> 0x0EB7
mem[X,0x00000000800026EA] -> 0x0000
[2495] [M]: 0x00000000800026E8 (0x00000EB7) lui t4, 0x0
x29 <- 0x0000000000000000

mem[X,0x00000000800026EC] -> 0x8E93
mem[X,0x00000000800026EE] -> 0x080E
[2496] [M]: 0x00000000800026EC (0x080E8E93) addi t4, t4, 0x80
x29 <- 0x0000000000000080

mem[X,0x00000000800026F0] -> 0x9E93
mem[X,0x00000000800026F2] -> 0x00BE
[2497] [M]: 0x00000000800026F0 (0x00BE9E93) slli t4, t4, 0xb
x29 <- 0x0000000000040000

mem[X,0x00000000800026F4] -> 0x8E93
mem[X,0x00000000800026F6] -> 0x7FFE
[2498] [M]: 0x00000000800026F4 (0x7FFE8E93) addi t4, t4, 0x7ff
x29 <- 0x00000000000407FF

mem[X,0x00000000800026F8] -> 0x9E93
mem[X,0x00000000800026FA] -> 0x00BE
[2499] [M]: 0x00000000800026F8 (0x00BE9E93) slli t4, t4, 0xb
x29 <- 0x00000000203FF800

clint::tick mtime <- 0x0000000000000019
 clint timer pending at mtime 0x0000000000000019
htif::tick 0x0000000000000000
mem[X,0x00000000800026FC] -> 0x8E93
mem[X,0x00000000800026FE] -> 0x7FFE
[2500] [M]: 0x00000000800026FC (0x7FFE8E93) addi t4, t4, 0x7ff
x29 <- 0x00000000203FFFFF

mem[X,0x0000000080002700] -> 0x9E93
mem[X,0x0000000080002702] -> 0x00AE
[2501] [M]: 0x0000000080002700 (0x00AE9E93) slli t4, t4, 0xa
x29 <- 0x00000080FFFFFC00

mem[X,0x0000000080002704] -> 0x8E93
mem[X,0x0000000080002706] -> 0x1FFE
[2502] [M]: 0x0000000080002704 (0x1FFE8E93) addi t4, t4, 0x1ff
x29 <- 0x00000080FFFFFDFF

mem[X,0x0000000080002708] -> 0x0FB7
mem[X,0x000000008000270A] -> 0xFFF8
[2503] [M]: 0x0000000080002708 (0xFFF80FB7) lui t6, -0x80
x31 <- 0xFFFFFFFFFFF80000

mem[X,0x000000008000270C] -> 0x8F93
mem[X,0x000000008000270E] -> 0xFFFF
[2504] [M]: 0x000000008000270C (0xFFFF8F93) addi t6, t6, -0x1
x31 <- 0xFFFFFFFFFFF7FFFF

mem[X,0x0000000080002710] -> 0x9F93
mem[X,0x0000000080002712] -> 0x00BF
[2505] [M]: 0x0000000080002710 (0x00BF9F93) slli t6, t6, 0xb
x31 <- 0xFFFFFFFFBFFFF800

mem[X,0x0000000080002714] -> 0x8F93
mem[X,0x0000000080002716] -> 0x7FFF
[2506] [M]: 0x0000000080002714 (0x7FFF8F93) addi t6, t6, 0x7ff
x31 <- 0xFFFFFFFFBFFFFFFF

mem[X,0x0000000080002718] -> 0x9F93
mem[X,0x000000008000271A] -> 0x00BF
[2507] [M]: 0x0000000080002718 (0x00BF9F93) slli t6, t6, 0xb
x31 <- 0xFFFFFDFFFFFFF800

mem[X,0x000000008000271C] -> 0x8F93
mem[X,0x000000008000271E] -> 0x7FFF
[2508] [M]: 0x000000008000271C (0x7FFF8F93) addi t6, t6, 0x7ff
x31 <- 0xFFFFFDFFFFFFFFFF

mem[X,0x0000000080002720] -> 0x9F93
mem[X,0x0000000080002722] -> 0x00AF
[2509] [M]: 0x0000000080002720 (0x00AF9F93) slli t6, t6, 0xa
x31 <- 0xFFF7FFFFFFFFFC00

mem[X,0x0000000080002724] -> 0x8F93
mem[X,0x0000000080002726] -> 0x3FCF
[2510] [M]: 0x0000000080002724 (0x3FCF8F93) addi t6, t6, 0x3fc
x31 <- 0xFFF7FFFFFFFFFFFC

mem[X,0x0000000080002728] -> 0x1FBB
mem[X,0x000000008000272A] -> 0xBBDF
[2511] [M]: 0x0000000080002728 (0xBBDF1FBB) pmaccu.w.heo t6, t5, t4
x31 <- 0xFFF8F41A0000F417

mem[X,0x000000008000272C] -> 0xB023
mem[X,0x000000008000272E] -> 0x25F0
[2512] [M]: 0x000000008000272C (0x25F0B023) sd t6, 0x240(ra)
mem[0x0000000080006440] <- 0xFFF8F41A0000F417

mem[X,0x0000000080002730] -> 0x0F37
mem[X,0x0000000080002732] -> 0xC000
[2513] [M]: 0x0000000080002730 (0xC0000F37) lui t5, -0x40000
x30 <- 0xFFFFFFFFC0000000

mem[X,0x0000000080002734] -> 0x0F13
mem[X,0x0000000080002736] -> 0xFFFF
[2514] [M]: 0x0000000080002734 (0xFFFF0F13) addi t5, t5, -0x1
x30 <- 0xFFFFFFFFBFFFFFFF

mem[X,0x0000000080002738] -> 0x1F13
mem[X,0x000000008000273A] -> 0x00BF
[2515] [M]: 0x0000000080002738 (0x00BF1F13) slli t5, t5, 0xb
x30 <- 0xFFFFFDFFFFFFF800

mem[X,0x000000008000273C] -> 0x0F13
mem[X,0x000000008000273E] -> 0x7FDF
[2516] [M]: 0x000000008000273C (0x7FDF0F13) addi t5, t5, 0x7fd
x30 <- 0xFFFFFDFFFFFFFFFD

mem[X,0x0000000080002740] -> 0x1F13
mem[X,0x0000000080002742] -> 0x00BF
[2517] [M]: 0x0000000080002740 (0x00BF1F13) slli t5, t5, 0xb
x30 <- 0xFFEFFFFFFFFFE800

mem[X,0x0000000080002744] -> 0x0F13
mem[X,0x0000000080002746] -> 0x7FFF
[2518] [M]: 0x0000000080002744 (0x7FFF0F13) addi t5, t5, 0x7ff
x30 <- 0xFFEFFFFFFFFFEFFF

mem[X,0x0000000080002748] -> 0x1F13
mem[X,0x000000008000274A] -> 0x00AF
[2519] [M]: 0x0000000080002748 (0x00AF1F13) slli t5, t5, 0xa
x30 <- 0xBFFFFFFFFFBFFC00

mem[X,0x000000008000274C] -> 0x0F13
mem[X,0x000000008000274E] -> 0x3FFF
[2520] [M]: 0x000000008000274C (0x3FFF0F13) addi t5, t5, 0x3ff
x30 <- 0xBFFFFFFFFFBFFFFF

mem[X,0x0000000080002750] -> 0x0EB7
mem[X,0x0000000080002752] -> 0xE000
[2521] [M]: 0x0000000080002750 (0xE0000EB7) lui t4, -0x20000
x29 <- 0xFFFFFFFFE0000000

mem[X,0x0000000080002754] -> 0x8E93
mem[X,0x0000000080002756] -> 0xFFFE
[2522] [M]: 0x0000000080002754 (0xFFFE8E93) addi t4, t4, -0x1
x29 <- 0xFFFFFFFFDFFFFFFF

mem[X,0x0000000080002758] -> 0x9E93
mem[X,0x000000008000275A] -> 0x00BE
[2523] [M]: 0x0000000080002758 (0x00BE9E93) slli t4, t4, 0xb
x29 <- 0xFFFFFEFFFFFFF800

mem[X,0x000000008000275C] -> 0x8E93
mem[X,0x000000008000275E] -> 0x7FFE
[2524] [M]: 0x000000008000275C (0x7FFE8E93) addi t4, t4, 0x7ff
x29 <- 0xFFFFFEFFFFFFFFFF

mem[X,0x0000000080002760] -> 0x9E93
mem[X,0x0000000080002762] -> 0x00BE
[2525] [M]: 0x0000000080002760 (0x00BE9E93) slli t4, t4, 0xb
x29 <- 0xFFF7FFFFFFFFF800

mem[X,0x0000000080002764] -> 0x8E93
mem[X,0x0000000080002766] -> 0x7FEE
[2526] [M]: 0x0000000080002764 (0x7FEE8E93) addi t4, t4, 0x7fe
x29 <- 0xFFF7FFFFFFFFFFFE

mem[X,0x0000000080002768] -> 0x9E93
mem[X,0x000000008000276A] -> 0x00AE
[2527] [M]: 0x0000000080002768 (0x00AE9E93) slli t4, t4, 0xa
x29 <- 0xDFFFFFFFFFFFF800

mem[X,0x000000008000276C] -> 0x8E93
mem[X,0x000000008000276E] -> 0x3FFE
[2528] [M]: 0x000000008000276C (0x3FFE8E93) addi t4, t4, 0x3ff
x29 <- 0xDFFFFFFFFFFFFBFF

mem[X,0x0000000080002770] -> 0x0FB7
mem[X,0x0000000080002772] -> 0x0004
[2529] [M]: 0x0000000080002770 (0x00040FB7) lui t6, 0x40
x31 <- 0x0000000000040000

mem[X,0x0000000080002774] -> 0x8F93
mem[X,0x0000000080002776] -> 0x000F
[2530] [M]: 0x0000000080002774 (0x000F8F93) addi t6, t6, 0x0
x31 <- 0x0000000000040000

mem[X,0x0000000080002778] -> 0x9F93
mem[X,0x000000008000277A] -> 0x00BF
[2531] [M]: 0x0000000080002778 (0x00BF9F93) slli t6, t6, 0xb
x31 <- 0x0000000020000000

mem[X,0x000000008000277C] -> 0x8F93
mem[X,0x000000008000277E] -> 0x000F
[2532] [M]: 0x000000008000277C (0x000F8F93) addi t6, t6, 0x0
x31 <- 0x0000000020000000

mem[X,0x0000000080002780] -> 0x9F93
mem[X,0x0000000080002782] -> 0x00BF
[2533] [M]: 0x0000000080002780 (0x00BF9F93) slli t6, t6, 0xb
x31 <- 0x0000010000000000

mem[X,0x0000000080002784] -> 0x8F93
mem[X,0x0000000080002786] -> 0x000F
[2534] [M]: 0x0000000080002784 (0x000F8F93) addi t6, t6, 0x0
x31 <- 0x0000010000000000

mem[X,0x0000000080002788] -> 0x9F93
mem[X,0x000000008000278A] -> 0x00AF
[2535] [M]: 0x0000000080002788 (0x00AF9F93) slli t6, t6, 0xa
x31 <- 0x0004000000000000

mem[X,0x000000008000278C] -> 0x8F93
mem[X,0x000000008000278E] -> 0x020F
[2536] [M]: 0x000000008000278C (0x020F8F93) addi t6, t6, 0x20
x31 <- 0x0004000000000020

mem[X,0x0000000080002790] -> 0x1FBB
mem[X,0x0000000080002792] -> 0xBBDF
[2537] [M]: 0x0000000080002790 (0xBBDF1FBB) pmaccu.w.heo t6, t5, t4
x31 <- 0x0004FA050000FA25

mem[X,0x0000000080002794] -> 0xB423
mem[X,0x0000000080002796] -> 0x25F0
[2538] [M]: 0x0000000080002794 (0x25F0B423) sd t6, 0x248(ra)
mem[0x0000000080006448] <- 0x0004FA050000FA25

mem[X,0x0000000080002798] -> 0x0F37
mem[X,0x000000008000279A] -> 0x0000
[2539] [M]: 0x0000000080002798 (0x00000F37) lui t5, 0x0
x30 <- 0x0000000000000000

mem[X,0x000000008000279C] -> 0x0F13
mem[X,0x000000008000279E] -> 0x200F
[2540] [M]: 0x000000008000279C (0x200F0F13) addi t5, t5, 0x200
x30 <- 0x0000000000000200

mem[X,0x00000000800027A0] -> 0x1F13
mem[X,0x00000000800027A2] -> 0x00BF
[2541] [M]: 0x00000000800027A0 (0x00BF1F13) slli t5, t5, 0xb
x30 <- 0x0000000000100000

mem[X,0x00000000800027A4] -> 0x0F13
mem[X,0x00000000800027A6] -> 0x7FFF
[2542] [M]: 0x00000000800027A4 (0x7FFF0F13) addi t5, t5, 0x7ff
x30 <- 0x00000000001007FF

mem[X,0x00000000800027A8] -> 0x1F13
mem[X,0x00000000800027AA] -> 0x00BF
[2543] [M]: 0x00000000800027A8 (0x00BF1F13) slli t5, t5, 0xb
x30 <- 0x00000000803FF800

mem[X,0x00000000800027AC] -> 0x0F13
mem[X,0x00000000800027AE] -> 0x7FFF
[2544] [M]: 0x00000000800027AC (0x7FFF0F13) addi t5, t5, 0x7ff
x30 <- 0x00000000803FFFFF

mem[X,0x00000000800027B0] -> 0x1F13
mem[X,0x00000000800027B2] -> 0x00AF
[2545] [M]: 0x00000000800027B0 (0x00AF1F13) slli t5, t5, 0xa
x30 <- 0x00000200FFFFFC00

mem[X,0x00000000800027B4] -> 0x0F13
mem[X,0x00000000800027B6] -> 0x3FAF
[2546] [M]: 0x00000000800027B4 (0x3FAF0F13) addi t5, t5, 0x3fa
x30 <- 0x00000200FFFFFFFA

mem[X,0x00000000800027B8] -> 0x8EB7
mem[X,0x00000000800027BA] -> 0x0000
[2547] [M]: 0x00000000800027B8 (0x00008EB7) lui t4, 0x8
x29 <- 0x0000000000008000

mem[X,0x00000000800027BC] -> 0x8E93
mem[X,0x00000000800027BE] -> 0x000E
[2548] [M]: 0x00000000800027BC (0x000E8E93) addi t4, t4, 0x0
x29 <- 0x0000000000008000

mem[X,0x00000000800027C0] -> 0x9E93
mem[X,0x00000000800027C2] -> 0x00BE
[2549] [M]: 0x00000000800027C0 (0x00BE9E93) slli t4, t4, 0xb
x29 <- 0x0000000004000000

mem[X,0x00000000800027C4] -> 0x8E93
mem[X,0x00000000800027C6] -> 0x6FFE
[2550] [M]: 0x00000000800027C4 (0x6FFE8E93) addi t4, t4, 0x6ff
x29 <- 0x00000000040006FF

mem[X,0x00000000800027C8] -> 0x9E93
mem[X,0x00000000800027CA] -> 0x00BE
[2551] [M]: 0x00000000800027C8 (0x00BE9E93) slli t4, t4, 0xb
x29 <- 0x000000200037F800

mem[X,0x00000000800027CC] -> 0x8E93
mem[X,0x00000000800027CE] -> 0x7FFE
[2552] [M]: 0x00000000800027CC (0x7FFE8E93) addi t4, t4, 0x7ff
x29 <- 0x000000200037FFFF

mem[X,0x00000000800027D0] -> 0x9E93
mem[X,0x00000000800027D2] -> 0x00AE
[2553] [M]: 0x00000000800027D0 (0x00AE9E93) slli t4, t4, 0xa
x29 <- 0x00008000DFFFFC00

mem[X,0x00000000800027D4] -> 0x8E93
mem[X,0x00000000800027D6] -> 0x3FFE
[2554] [M]: 0x00000000800027D4 (0x3FFE8E93) addi t4, t4, 0x3ff
x29 <- 0x00008000DFFFFFFF

mem[X,0x00000000800027D8] -> 0x0FB7
mem[X,0x00000000800027DA] -> 0xFE00
[2555] [M]: 0x00000000800027D8 (0xFE000FB7) lui t6, -0x2000
x31 <- 0xFFFFFFFFFE000000

mem[X,0x00000000800027DC] -> 0x8F93
mem[X,0x00000000800027DE] -> 0xFFFF
[2556] [M]: 0x00000000800027DC (0xFFFF8F93) addi t6, t6, -0x1
x31 <- 0xFFFFFFFFFDFFFFFF

mem[X,0x00000000800027E0] -> 0x9F93
mem[X,0x00000000800027E2] -> 0x00BF
[2557] [M]: 0x00000000800027E0 (0x00BF9F93) slli t6, t6, 0xb
x31 <- 0xFFFFFFEFFFFFF800

mem[X,0x00000000800027E4] -> 0x8F93
mem[X,0x00000000800027E6] -> 0x77FF
[2558] [M]: 0x00000000800027E4 (0x77FF8F93) addi t6, t6, 0x77f
x31 <- 0xFFFFFFEFFFFFFF7F

mem[X,0x00000000800027E8] -> 0x9F93
mem[X,0x00000000800027EA] -> 0x00BF
[2559] [M]: 0x00000000800027E8 (0x00BF9F93) slli t6, t6, 0xb
x31 <- 0xFFFF7FFFFFFBF800

mem[X,0x00000000800027EC] -> 0x8F93
mem[X,0x00000000800027EE] -> 0x7FFF
[2560] [M]: 0x00000000800027EC (0x7FFF8F93) addi t6, t6, 0x7ff
x31 <- 0xFFFF7FFFFFFBFFFF

mem[X,0x00000000800027F0] -> 0x9F93
mem[X,0x00000000800027F2] -> 0x00AF
[2561] [M]: 0x00000000800027F0 (0x00AF9F93) slli t6, t6, 0xa
x31 <- 0xFDFFFFFFEFFFFC00

mem[X,0x00000000800027F4] -> 0x8F93
mem[X,0x00000000800027F6] -> 0x3FFF
[2562] [M]: 0x00000000800027F4 (0x3FFF8F93) addi t6, t6, 0x3ff
x31 <- 0xFDFFFFFFEFFFFFFF

mem[X,0x00000000800027F8] -> 0x1FBB
mem[X,0x00000000800027FA] -> 0xBBDF
[2563] [M]: 0x00000000800027F8 (0xBBDF1FBB) pmaccu.w.heo t6, t5, t4
x31 <- 0xFE00F905F000F905

mem[X,0x00000000800027FC] -> 0xB823
mem[X,0x00000000800027FE] -> 0x25F0
[2564] [M]: 0x00000000800027FC (0x25F0B823) sd t6, 0x250(ra)
mem[0x0000000080006450] <- 0xFE00F905F000F905

mem[X,0x0000000080002800] -> 0x0F37
mem[X,0x0000000080002802] -> 0x0000
[2565] [M]: 0x0000000080002800 (0x00000F37) lui t5, 0x0
x30 <- 0x0000000000000000

mem[X,0x0000000080002804] -> 0x0F13
mem[X,0x0000000080002806] -> 0xEFFF
[2566] [M]: 0x0000000080002804 (0xEFFF0F13) addi t5, t5, -0x101
x30 <- 0xFFFFFFFFFFFFFEFF

mem[X,0x0000000080002808] -> 0x1F13
mem[X,0x000000008000280A] -> 0x00BF
[2567] [M]: 0x0000000080002808 (0x00BF1F13) slli t5, t5, 0xb
x30 <- 0xFFFFFFFFFFF7F800

mem[X,0x000000008000280C] -> 0x0F13
mem[X,0x000000008000280E] -> 0x7FFF
[2568] [M]: 0x000000008000280C (0x7FFF0F13) addi t5, t5, 0x7ff
x30 <- 0xFFFFFFFFFFF7FFFF

mem[X,0x0000000080002810] -> 0x1F13
mem[X,0x0000000080002812] -> 0x00BF
[2569] [M]: 0x0000000080002810 (0x00BF1F13) slli t5, t5, 0xb
x30 <- 0xFFFFFFFFBFFFF800

mem[X,0x0000000080002814] -> 0x0F13
mem[X,0x0000000080002816] -> 0x7F7F
[2570] [M]: 0x0000000080002814 (0x7F7F0F13) addi t5, t5, 0x7f7
x30 <- 0xFFFFFFFFBFFFFFF7

mem[X,0x0000000080002818] -> 0x1F13
mem[X,0x000000008000281A] -> 0x00AF
[2571] [M]: 0x0000000080002818 (0x00AF1F13) slli t5, t5, 0xa
x30 <- 0xFFFFFEFFFFFFDC00

mem[X,0x000000008000281C] -> 0x0F13
mem[X,0x000000008000281E] -> 0x3FFF
[2572] [M]: 0x000000008000281C (0x3FFF0F13) addi t5, t5, 0x3ff
x30 <- 0xFFFFFEFFFFFFDFFF

mem[X,0x0000000080002820] -> 0x0EB7
mem[X,0x0000000080002822] -> 0xFFFE
[2573] [M]: 0x0000000080002820 (0xFFFE0EB7) lui t4, -0x20
x29 <- 0xFFFFFFFFFFFE0000

mem[X,0x0000000080002824] -> 0x8E93
mem[X,0x0000000080002826] -> 0xFFFE
[2574] [M]: 0x0000000080002824 (0xFFFE8E93) addi t4, t4, -0x1
x29 <- 0xFFFFFFFFFFFDFFFF

mem[X,0x0000000080002828] -> 0x9E93
mem[X,0x000000008000282A] -> 0x00BE
[2575] [M]: 0x0000000080002828 (0x00BE9E93) slli t4, t4, 0xb
x29 <- 0xFFFFFFFFEFFFF800

mem[X,0x000000008000282C] -> 0x8E93
mem[X,0x000000008000282E] -> 0x7FFE
[2576] [M]: 0x000000008000282C (0x7FFE8E93) addi t4, t4, 0x7ff
x29 <- 0xFFFFFFFFEFFFFFFF

mem[X,0x0000000080002830] -> 0x9E93
mem[X,0x0000000080002832] -> 0x00BE
[2577] [M]: 0x0000000080002830 (0x00BE9E93) slli t4, t4, 0xb
x29 <- 0xFFFFFF7FFFFFF800

mem[X,0x0000000080002834] -> 0x8E93
mem[X,0x0000000080002836] -> 0x7FEE
[2578] [M]: 0x0000000080002834 (0x7FEE8E93) addi t4, t4, 0x7fe
x29 <- 0xFFFFFF7FFFFFFFFE

mem[X,0x0000000080002838] -> 0x9E93
mem[X,0x000000008000283A] -> 0x00AE
[2579] [M]: 0x0000000080002838 (0x00AE9E93) slli t4, t4, 0xa
x29 <- 0xFFFDFFFFFFFFF800

mem[X,0x000000008000283C] -> 0x8E93
mem[X,0x000000008000283E] -> 0x3FFE
[2580] [M]: 0x000000008000283C (0x3FFE8E93) addi t4, t4, 0x3ff
x29 <- 0xFFFDFFFFFFFFFBFF

mem[X,0x0000000080002840] -> 0x0FB7
mem[X,0x0000000080002842] -> 0x0000
[2581] [M]: 0x0000000080002840 (0x00000FB7) lui t6, 0x0
x31 <- 0x0000000000000000

mem[X,0x0000000080002844] -> 0x8F93
mem[X,0x0000000080002846] -> 0xF7FF
[2582] [M]: 0x0000000080002844 (0xF7FF8F93) addi t6, t6, -0x81
x31 <- 0xFFFFFFFFFFFFFF7F

mem[X,0x0000000080002848] -> 0x9F93
mem[X,0x000000008000284A] -> 0x00BF
[2583] [M]: 0x0000000080002848 (0x00BF9F93) slli t6, t6, 0xb
x31 <- 0xFFFFFFFFFFFBF800

mem[X,0x000000008000284C] -> 0x8F93
mem[X,0x000000008000284E] -> 0x7FFF
[2584] [M]: 0x000000008000284C (0x7FFF8F93) addi t6, t6, 0x7ff
x31 <- 0xFFFFFFFFFFFBFFFF

mem[X,0x0000000080002850] -> 0x9F93
mem[X,0x0000000080002852] -> 0x00BF
[2585] [M]: 0x0000000080002850 (0x00BF9F93) slli t6, t6, 0xb
x31 <- 0xFFFFFFFFDFFFF800

mem[X,0x0000000080002854] -> 0x8F93
mem[X,0x0000000080002856] -> 0x7FFF
[2586] [M]: 0x0000000080002854 (0x7FFF8F93) addi t6, t6, 0x7ff
x31 <- 0xFFFFFFFFDFFFFFFF

mem[X,0x0000000080002858] -> 0x9F93
mem[X,0x000000008000285A] -> 0x00AF
[2587] [M]: 0x0000000080002858 (0x00AF9F93) slli t6, t6, 0xa
x31 <- 0xFFFFFF7FFFFFFC00

mem[X,0x000000008000285C] -> 0x8F93
mem[X,0x000000008000285E] -> 0x3FBF
[2588] [M]: 0x000000008000285C (0x3FBF8F93) addi t6, t6, 0x3fb
x31 <- 0xFFFFFF7FFFFFFFFB

mem[X,0x0000000080002860] -> 0x1FBB
mem[X,0x0000000080002862] -> 0xBBDF
[2589] [M]: 0x0000000080002860 (0xBBDF1FBB) pmaccu.w.heo t6, t5, t4
x31 <- 0x0000F9840000FA00

mem[X,0x0000000080002864] -> 0xBC23
mem[X,0x0000000080002866] -> 0x25F0
[2590] [M]: 0x0000000080002864 (0x25F0BC23) sd t6, 0x258(ra)
mem[0x0000000080006458] <- 0x0000F9840000FA00

mem[X,0x0000000080002868] -> 0x0F13
mem[X,0x000000008000286A] -> 0x0020
[2591] [M]: 0x0000000080002868 (0x00200F13) addi t5, zero, 0x2
x30 <- 0x0000000000000002

mem[X,0x000000008000286C] -> 0x0EB7
mem[X,0x000000008000286E] -> 0x0000
[2592] [M]: 0x000000008000286C (0x00000EB7) lui t4, 0x0
x29 <- 0x0000000000000000

mem[X,0x0000000080002870] -> 0x8E93
mem[X,0x0000000080002872] -> 0xF7FE
[2593] [M]: 0x0000000080002870 (0xF7FE8E93) addi t4, t4, -0x81
x29 <- 0xFFFFFFFFFFFFFF7F

mem[X,0x0000000080002874] -> 0x9E93
mem[X,0x0000000080002876] -> 0x00BE
[2594] [M]: 0x0000000080002874 (0x00BE9E93) slli t4, t4, 0xb
x29 <- 0xFFFFFFFFFFFBF800

mem[X,0x0000000080002878] -> 0x8E93
mem[X,0x000000008000287A] -> 0x7FFE
[2595] [M]: 0x0000000080002878 (0x7FFE8E93) addi t4, t4, 0x7ff
x29 <- 0xFFFFFFFFFFFBFFFF

mem[X,0x000000008000287C] -> 0x9E93
mem[X,0x000000008000287E] -> 0x00BE
[2596] [M]: 0x000000008000287C (0x00BE9E93) slli t4, t4, 0xb
x29 <- 0xFFFFFFFFDFFFF800

mem[X,0x0000000080002880] -> 0x8E93
mem[X,0x0000000080002882] -> 0x7FFE
[2597] [M]: 0x0000000080002880 (0x7FFE8E93) addi t4, t4, 0x7ff
x29 <- 0xFFFFFFFFDFFFFFFF

mem[X,0x0000000080002884] -> 0x9E93
mem[X,0x0000000080002886] -> 0x00AE
[2598] [M]: 0x0000000080002884 (0x00AE9E93) slli t4, t4, 0xa
x29 <- 0xFFFFFF7FFFFFFC00

mem[X,0x0000000080002888] -> 0x8E93
mem[X,0x000000008000288A] -> 0x3F6E
[2599] [M]: 0x0000000080002888 (0x3F6E8E93) addi t4, t4, 0x3f6
x29 <- 0xFFFFFF7FFFFFFFF6

clint::tick mtime <- 0x000000000000001A
 clint timer pending at mtime 0x000000000000001A
htif::tick 0x0000000000000000
mem[X,0x000000008000288C] -> 0x0FB7
mem[X,0x000000008000288E] -> 0x0000
[2600] [M]: 0x000000008000288C (0x00000FB7) lui t6, 0x0
x31 <- 0x0000000000000000

mem[X,0x0000000080002890] -> 0x8F93
mem[X,0x0000000080002892] -> 0x007F
[2601] [M]: 0x0000000080002890 (0x007F8F93) addi t6, t6, 0x7
x31 <- 0x0000000000000007

mem[X,0x0000000080002894] -> 0x9F93
mem[X,0x0000000080002896] -> 0x00BF
[2602] [M]: 0x0000000080002894 (0x00BF9F93) slli t6, t6, 0xb
x31 <- 0x0000000000003800

mem[X,0x0000000080002898] -> 0x8F93
mem[X,0x000000008000289A] -> 0x7FDF
[2603] [M]: 0x0000000080002898 (0x7FDF8F93) addi t6, t6, 0x7fd
x31 <- 0x0000000000003FFD

mem[X,0x000000008000289C] -> 0x9F93
mem[X,0x000000008000289E] -> 0x00BF
[2604] [M]: 0x000000008000289C (0x00BF9F93) slli t6, t6, 0xb
x31 <- 0x0000000001FFE800

mem[X,0x00000000800028A0] -> 0x8F93
mem[X,0x00000000800028A2] -> 0x7FFF
[2605] [M]: 0x00000000800028A0 (0x7FFF8F93) addi t6, t6, 0x7ff
x31 <- 0x0000000001FFEFFF

mem[X,0x00000000800028A4] -> 0x9F93
mem[X,0x00000000800028A6] -> 0x00AF
[2606] [M]: 0x00000000800028A4 (0x00AF9F93) slli t6, t6, 0xa
x31 <- 0x00000007FFBFFC00

mem[X,0x00000000800028A8] -> 0x8F93
mem[X,0x00000000800028AA] -> 0x3FFF
[2607] [M]: 0x00000000800028A8 (0x3FFF8F93) addi t6, t6, 0x3ff
x31 <- 0x00000007FFBFFFFF

mem[X,0x00000000800028AC] -> 0x1FBB
mem[X,0x00000000800028AE] -> 0xBBDF
[2608] [M]: 0x00000000800028AC (0xBBDF1FBB) pmaccu.w.heo t6, t5, t4
x31 <- 0x00000205FFC001FD

mem[X,0x00000000800028B0] -> 0xB023
mem[X,0x00000000800028B2] -> 0x27F0
[2609] [M]: 0x00000000800028B0 (0x27F0B023) sd t6, 0x260(ra)
mem[0x0000000080006460] <- 0x00000205FFC001FD

mem[X,0x00000000800028B4] -> 0xFF37
mem[X,0x00000000800028B6] -> 0xFFFF
[2610] [M]: 0x00000000800028B4 (0xFFFFFF37) lui t5, -0x1
x30 <- 0xFFFFFFFFFFFFF000

mem[X,0x00000000800028B8] -> 0x0F13
mem[X,0x00000000800028BA] -> 0x7FFF
[2611] [M]: 0x00000000800028B8 (0x7FFF0F13) addi t5, t5, 0x7ff
x30 <- 0xFFFFFFFFFFFFF7FF

mem[X,0x00000000800028BC] -> 0x1F13
mem[X,0x00000000800028BE] -> 0x00BF
[2612] [M]: 0x00000000800028BC (0x00BF1F13) slli t5, t5, 0xb
x30 <- 0xFFFFFFFFFFBFF800

mem[X,0x00000000800028C0] -> 0x0F13
mem[X,0x00000000800028C2] -> 0x200F
[2613] [M]: 0x00000000800028C0 (0x200F0F13) addi t5, t5, 0x200
x30 <- 0xFFFFFFFFFFBFFA00

mem[X,0x00000000800028C4] -> 0x1F13
mem[X,0x00000000800028C6] -> 0x00BF
[2614] [M]: 0x00000000800028C4 (0x00BF1F13) slli t5, t5, 0xb
x30 <- 0xFFFFFFFDFFD00000

mem[X,0x00000000800028C8] -> 0x0F13
mem[X,0x00000000800028CA] -> 0x000F
[2615] [M]: 0x00000000800028C8 (0x000F0F13) addi t5, t5, 0x0
x30 <- 0xFFFFFFFDFFD00000

mem[X,0x00000000800028CC] -> 0x1F13
mem[X,0x00000000800028CE] -> 0x00AF
[2616] [M]: 0x00000000800028CC (0x00AF1F13) slli t5, t5, 0xa
x30 <- 0xFFFFF7FF40000000

mem[X,0x00000000800028D0] -> 0x0EB7
mem[X,0x00000000800028D2] -> 0xFFC0
[2617] [M]: 0x00000000800028D0 (0xFFC00EB7) lui t4, -0x400
x29 <- 0xFFFFFFFFFFC00000

mem[X,0x00000000800028D4] -> 0x8E93
mem[X,0x00000000800028D6] -> 0xFFFE
[2618] [M]: 0x00000000800028D4 (0xFFFE8E93) addi t4, t4, -0x1
x29 <- 0xFFFFFFFFFFBFFFFF

mem[X,0x00000000800028D8] -> 0x9E93
mem[X,0x00000000800028DA] -> 0x00BE
[2619] [M]: 0x00000000800028D8 (0x00BE9E93) slli t4, t4, 0xb
x29 <- 0xFFFFFFFDFFFFF800

mem[X,0x00000000800028DC] -> 0x8E93
mem[X,0x00000000800028DE] -> 0x000E
[2620] [M]: 0x00000000800028DC (0x000E8E93) addi t4, t4, 0x0
x29 <- 0xFFFFFFFDFFFFF800

mem[X,0x00000000800028E0] -> 0x9E93
mem[X,0x00000000800028E2] -> 0x00BE
[2621] [M]: 0x00000000800028E0 (0x00BE9E93) slli t4, t4, 0xb
x29 <- 0xFFFFEFFFFFC00000

mem[X,0x00000000800028E4] -> 0x8E93
mem[X,0x00000000800028E6] -> 0x000E
[2622] [M]: 0x00000000800028E4 (0x000E8E93) addi t4, t4, 0x0
x29 <- 0xFFFFEFFFFFC00000

mem[X,0x00000000800028E8] -> 0x9E93
mem[X,0x00000000800028EA] -> 0x00AE
[2623] [M]: 0x00000000800028E8 (0x00AE9E93) slli t4, t4, 0xa
x29 <- 0xFFBFFFFF00000000

mem[X,0x00000000800028EC] -> 0x8E93
mem[X,0x00000000800028EE] -> 0x200E
[2624] [M]: 0x00000000800028EC (0x200E8E93) addi t4, t4, 0x200
x29 <- 0xFFBFFFFF00000200

mem[X,0x00000000800028F0] -> 0x0F93
mem[X,0x00000000800028F2] -> 0x0E10
[2625] [M]: 0x00000000800028F0 (0x0E100F93) addi t6, zero, 0xe1
x31 <- 0x00000000000000E1

mem[X,0x00000000800028F4] -> 0x9F93
mem[X,0x00000000800028F6] -> 0x01BF
[2626] [M]: 0x00000000800028F4 (0x01BF9F93) slli t6, t6, 0x1b
x31 <- 0x0000000708000000

mem[X,0x00000000800028F8] -> 0x1FBB
mem[X,0x00000000800028FA] -> 0xBBDF
[2627] [M]: 0x00000000800028F8 (0xBBDF1FBB) pmaccu.w.heo t6, t5, t4
x31 <- 0x0000000708000000

mem[X,0x00000000800028FC] -> 0xB423
mem[X,0x00000000800028FE] -> 0x27F0
[2628] [M]: 0x00000000800028FC (0x27F0B423) sd t6, 0x268(ra)
mem[0x0000000080006468] <- 0x0000000708000000

mem[X,0x0000000080002900] -> 0x1F37
mem[X,0x0000000080002902] -> 0x0000
[2629] [M]: 0x0000000080002900 (0x00001F37) lui t5, 0x1
x30 <- 0x0000000000001000

mem[X,0x0000000080002904] -> 0x0F13
mem[X,0x0000000080002906] -> 0x800F
[2630] [M]: 0x0000000080002904 (0x800F0F13) addi t5, t5, -0x800
x30 <- 0x0000000000000800

mem[X,0x0000000080002908] -> 0x1F13
mem[X,0x000000008000290A] -> 0x00BF
[2631] [M]: 0x0000000080002908 (0x00BF1F13) slli t5, t5, 0xb
x30 <- 0x0000000000400000

mem[X,0x000000008000290C] -> 0x0F13
mem[X,0x000000008000290E] -> 0x7FFF
[2632] [M]: 0x000000008000290C (0x7FFF0F13) addi t5, t5, 0x7ff
x30 <- 0x00000000004007FF

mem[X,0x0000000080002910] -> 0x1F13
mem[X,0x0000000080002912] -> 0x00BF
[2633] [M]: 0x0000000080002910 (0x00BF1F13) slli t5, t5, 0xb
x30 <- 0x00000002003FF800

mem[X,0x0000000080002914] -> 0x0F13
mem[X,0x0000000080002916] -> 0x7FBF
[2634] [M]: 0x0000000080002914 (0x7FBF0F13) addi t5, t5, 0x7fb
x30 <- 0x00000002003FFFFB

mem[X,0x0000000080002918] -> 0x1F13
mem[X,0x000000008000291A] -> 0x00AF
[2635] [M]: 0x0000000080002918 (0x00AF1F13) slli t5, t5, 0xa
x30 <- 0x00000800FFFFEC00

mem[X,0x000000008000291C] -> 0x0F13
mem[X,0x000000008000291E] -> 0x3FFF
[2636] [M]: 0x000000008000291C (0x3FFF0F13) addi t5, t5, 0x3ff
x30 <- 0x00000800FFFFEFFF

mem[X,0x0000000080002920] -> 0x0EB7
mem[X,0x0000000080002922] -> 0xFF80
[2637] [M]: 0x0000000080002920 (0xFF800EB7) lui t4, -0x800
x29 <- 0xFFFFFFFFFF800000

mem[X,0x0000000080002924] -> 0x8E93
mem[X,0x0000000080002926] -> 0xFFFE
[2638] [M]: 0x0000000080002924 (0xFFFE8E93) addi t4, t4, -0x1
x29 <- 0xFFFFFFFFFF7FFFFF

mem[X,0x0000000080002928] -> 0x9E93
mem[X,0x000000008000292A] -> 0x00BE
[2639] [M]: 0x0000000080002928 (0x00BE9E93) slli t4, t4, 0xb
x29 <- 0xFFFFFFFBFFFFF800

mem[X,0x000000008000292C] -> 0x8E93
mem[X,0x000000008000292E] -> 0x000E
[2640] [M]: 0x000000008000292C (0x000E8E93) addi t4, t4, 0x0
x29 <- 0xFFFFFFFBFFFFF800

mem[X,0x0000000080002930] -> 0x9E93
mem[X,0x0000000080002932] -> 0x00BE
[2641] [M]: 0x0000000080002930 (0x00BE9E93) slli t4, t4, 0xb
x29 <- 0xFFFFDFFFFFC00000

mem[X,0x0000000080002934] -> 0x8E93
mem[X,0x0000000080002936] -> 0x002E
[2642] [M]: 0x0000000080002934 (0x002E8E93) addi t4, t4, 0x2
x29 <- 0xFFFFDFFFFFC00002

mem[X,0x0000000080002938] -> 0x9E93
mem[X,0x000000008000293A] -> 0x00AE
[2643] [M]: 0x0000000080002938 (0x00AE9E93) slli t4, t4, 0xa
x29 <- 0xFF7FFFFF00000800

mem[X,0x000000008000293C] -> 0x0FB7
mem[X,0x000000008000293E] -> 0xFF80
[2644] [M]: 0x000000008000293C (0xFF800FB7) lui t6, -0x800
x31 <- 0xFFFFFFFFFF800000

mem[X,0x0000000080002940] -> 0x8F93
mem[X,0x0000000080002942] -> 0xFFFF
[2645] [M]: 0x0000000080002940 (0xFFFF8F93) addi t6, t6, -0x1
x31 <- 0xFFFFFFFFFF7FFFFF

mem[X,0x0000000080002944] -> 0x9F93
mem[X,0x0000000080002946] -> 0x00BF
[2646] [M]: 0x0000000080002944 (0x00BF9F93) slli t6, t6, 0xb
x31 <- 0xFFFFFFFBFFFFF800

mem[X,0x0000000080002948] -> 0x8F93
mem[X,0x000000008000294A] -> 0x7EFF
[2647] [M]: 0x0000000080002948 (0x7EFF8F93) addi t6, t6, 0x7ef
x31 <- 0xFFFFFFFBFFFFFFEF

mem[X,0x000000008000294C] -> 0x9F93
mem[X,0x000000008000294E] -> 0x00BF
[2648] [M]: 0x000000008000294C (0x00BF9F93) slli t6, t6, 0xb
x31 <- 0xFFFFDFFFFFFF7800

mem[X,0x0000000080002950] -> 0x8F93
mem[X,0x0000000080002952] -> 0x7FFF
[2649] [M]: 0x0000000080002950 (0x7FFF8F93) addi t6, t6, 0x7ff
x31 <- 0xFFFFDFFFFFFF7FFF

mem[X,0x0000000080002954] -> 0x9F93
mem[X,0x0000000080002956] -> 0x00AF
[2650] [M]: 0x0000000080002954 (0x00AF9F93) slli t6, t6, 0xa
x31 <- 0xFF7FFFFFFDFFFC00

mem[X,0x0000000080002958] -> 0x8F93
mem[X,0x000000008000295A] -> 0x3FFF
[2651] [M]: 0x0000000080002958 (0x3FFF8F93) addi t6, t6, 0x3ff
x31 <- 0xFF7FFFFFFDFFFFFF

mem[X,0x000000008000295C] -> 0x1FBB
mem[X,0x000000008000295E] -> 0xBBDF
[2652] [M]: 0x000000008000295C (0xBBDF1FBB) pmaccu.w.heo t6, t5, t4
x31 <- 0xFF8007F7FE0007F7

mem[X,0x0000000080002960] -> 0xB823
mem[X,0x0000000080002962] -> 0x27F0
[2653] [M]: 0x0000000080002960 (0x27F0B823) sd t6, 0x270(ra)
mem[0x0000000080006470] <- 0xFF8007F7FE0007F7

mem[X,0x0000000080002964] -> 0x0F37
mem[X,0x0000000080002966] -> 0x0000
[2654] [M]: 0x0000000080002964 (0x00000F37) lui t5, 0x0
x30 <- 0x0000000000000000

mem[X,0x0000000080002968] -> 0x0F13
mem[X,0x000000008000296A] -> 0xFFCF
[2655] [M]: 0x0000000080002968 (0xFFCF0F13) addi t5, t5, -0x4
x30 <- 0xFFFFFFFFFFFFFFFC

mem[X,0x000000008000296C] -> 0x1F13
mem[X,0x000000008000296E] -> 0x00BF
[2656] [M]: 0x000000008000296C (0x00BF1F13) slli t5, t5, 0xb
x30 <- 0xFFFFFFFFFFFFE000

mem[X,0x0000000080002970] -> 0x0F13
mem[X,0x0000000080002972] -> 0x000F
[2657] [M]: 0x0000000080002970 (0x000F0F13) addi t5, t5, 0x0
x30 <- 0xFFFFFFFFFFFFE000

mem[X,0x0000000080002974] -> 0x1F13
mem[X,0x0000000080002976] -> 0x00BF
[2658] [M]: 0x0000000080002974 (0x00BF1F13) slli t5, t5, 0xb
x30 <- 0xFFFFFFFFFF000000

mem[X,0x0000000080002978] -> 0x0F13
mem[X,0x000000008000297A] -> 0x020F
[2659] [M]: 0x0000000080002978 (0x020F0F13) addi t5, t5, 0x20
x30 <- 0xFFFFFFFFFF000020

mem[X,0x000000008000297C] -> 0x1F13
mem[X,0x000000008000297E] -> 0x00AF
[2660] [M]: 0x000000008000297C (0x00AF1F13) slli t5, t5, 0xa
x30 <- 0xFFFFFFFC00008000

mem[X,0x0000000080002980] -> 0x0EB7
mem[X,0x0000000080002982] -> 0xFC00
[2661] [M]: 0x0000000080002980 (0xFC000EB7) lui t4, -0x4000
x29 <- 0xFFFFFFFFFC000000

mem[X,0x0000000080002984] -> 0x8E93
mem[X,0x0000000080002986] -> 0xFFFE
[2662] [M]: 0x0000000080002984 (0xFFFE8E93) addi t4, t4, -0x1
x29 <- 0xFFFFFFFFFBFFFFFF

mem[X,0x0000000080002988] -> 0x9E93
mem[X,0x000000008000298A] -> 0x00BE
[2663] [M]: 0x0000000080002988 (0x00BE9E93) slli t4, t4, 0xb
x29 <- 0xFFFFFFDFFFFFF800

mem[X,0x000000008000298C] -> 0x8E93
mem[X,0x000000008000298E] -> 0x000E
[2664] [M]: 0x000000008000298C (0x000E8E93) addi t4, t4, 0x0
x29 <- 0xFFFFFFDFFFFFF800

mem[X,0x0000000080002990] -> 0x9E93
mem[X,0x0000000080002992] -> 0x00BE
[2665] [M]: 0x0000000080002990 (0x00BE9E93) slli t4, t4, 0xb
x29 <- 0xFFFEFFFFFFC00000

mem[X,0x0000000080002994] -> 0x8E93
mem[X,0x0000000080002996] -> 0x000E
[2666] [M]: 0x0000000080002994 (0x000E8E93) addi t4, t4, 0x0
x29 <- 0xFFFEFFFFFFC00000

mem[X,0x0000000080002998] -> 0x9E93
mem[X,0x000000008000299A] -> 0x00AE
[2667] [M]: 0x0000000080002998 (0x00AE9E93) slli t4, t4, 0xa
x29 <- 0xFBFFFFFF00000000

mem[X,0x000000008000299C] -> 0x8E93
mem[X,0x000000008000299E] -> 0x080E
[2668] [M]: 0x000000008000299C (0x080E8E93) addi t4, t4, 0x80
x29 <- 0xFBFFFFFF00000080

mem[X,0x00000000800029A0] -> 0x0FB7
mem[X,0x00000000800029A2] -> 0x0040
[2669] [M]: 0x00000000800029A0 (0x00400FB7) lui t6, 0x400
x31 <- 0x0000000000400000

mem[X,0x00000000800029A4] -> 0x8F93
mem[X,0x00000000800029A6] -> 0x000F
[2670] [M]: 0x00000000800029A4 (0x000F8F93) addi t6, t6, 0x0
x31 <- 0x0000000000400000

mem[X,0x00000000800029A8] -> 0x9F93
mem[X,0x00000000800029AA] -> 0x00BF
[2671] [M]: 0x00000000800029A8 (0x00BF9F93) slli t6, t6, 0xb
x31 <- 0x0000000200000000

mem[X,0x00000000800029AC] -> 0x8F93
mem[X,0x00000000800029AE] -> 0x7FFF
[2672] [M]: 0x00000000800029AC (0x7FFF8F93) addi t6, t6, 0x7ff
x31 <- 0x00000002000007FF

mem[X,0x00000000800029B0] -> 0x9F93
mem[X,0x00000000800029B2] -> 0x00BF
[2673] [M]: 0x00000000800029B0 (0x00BF9F93) slli t6, t6, 0xb
x31 <- 0x00001000003FF800

mem[X,0x00000000800029B4] -> 0x8F93
mem[X,0x00000000800029B6] -> 0x7FFF
[2674] [M]: 0x00000000800029B4 (0x7FFF8F93) addi t6, t6, 0x7ff
x31 <- 0x00001000003FFFFF

mem[X,0x00000000800029B8] -> 0x9F93
mem[X,0x00000000800029BA] -> 0x00AF
[2675] [M]: 0x00000000800029B8 (0x00AF9F93) slli t6, t6, 0xa
x31 <- 0x00400000FFFFFC00

mem[X,0x00000000800029BC] -> 0x8F93
mem[X,0x00000000800029BE] -> 0x3FEF
[2676] [M]: 0x00000000800029BC (0x3FEF8F93) addi t6, t6, 0x3fe
x31 <- 0x00400000FFFFFFFE

mem[X,0x00000000800029C0] -> 0x1FBB
mem[X,0x00000000800029C2] -> 0xBBDF
[2677] [M]: 0x00000000800029C0 (0xBBDF1FBB) pmaccu.w.heo t6, t5, t4
x31 <- 0x00400000FFFFFFFE

mem[X,0x00000000800029C4] -> 0xBC23
mem[X,0x00000000800029C6] -> 0x27F0
[2678] [M]: 0x00000000800029C4 (0x27F0BC23) sd t6, 0x278(ra)
mem[0x0000000080006478] <- 0x00400000FFFFFFFE

mem[X,0x00000000800029C8] -> 0x0F37
mem[X,0x00000000800029CA] -> 0x0000
[2679] [M]: 0x00000000800029C8 (0x00000F37) lui t5, 0x0
x30 <- 0x0000000000000000

mem[X,0x00000000800029CC] -> 0x0F13
mem[X,0x00000000800029CE] -> 0xEFFF
[2680] [M]: 0x00000000800029CC (0xEFFF0F13) addi t5, t5, -0x101
x30 <- 0xFFFFFFFFFFFFFEFF

mem[X,0x00000000800029D0] -> 0x1F13
mem[X,0x00000000800029D2] -> 0x00BF
[2681] [M]: 0x00000000800029D0 (0x00BF1F13) slli t5, t5, 0xb
x30 <- 0xFFFFFFFFFFF7F800

mem[X,0x00000000800029D4] -> 0x0F13
mem[X,0x00000000800029D6] -> 0x000F
[2682] [M]: 0x00000000800029D4 (0x000F0F13) addi t5, t5, 0x0
x30 <- 0xFFFFFFFFFFF7F800

mem[X,0x00000000800029D8] -> 0x1F13
mem[X,0x00000000800029DA] -> 0x00BF
[2683] [M]: 0x00000000800029D8 (0x00BF1F13) slli t5, t5, 0xb
x30 <- 0xFFFFFFFFBFC00000

mem[X,0x00000000800029DC] -> 0x0F13
mem[X,0x00000000800029DE] -> 0x000F
[2684] [M]: 0x00000000800029DC (0x000F0F13) addi t5, t5, 0x0
x30 <- 0xFFFFFFFFBFC00000

mem[X,0x00000000800029E0] -> 0x1F13
mem[X,0x00000000800029E2] -> 0x00AF
[2685] [M]: 0x00000000800029E0 (0x00AF1F13) slli t5, t5, 0xa
x30 <- 0xFFFFFEFF00000000

mem[X,0x00000000800029E4] -> 0x0F13
mem[X,0x00000000800029E6] -> 0x040F
[2686] [M]: 0x00000000800029E4 (0x040F0F13) addi t5, t5, 0x40
x30 <- 0xFFFFFEFF00000040

mem[X,0x00000000800029E8] -> 0x1EB7
mem[X,0x00000000800029EA] -> 0x0000
[2687] [M]: 0x00000000800029E8 (0x00001EB7) lui t4, 0x1
x29 <- 0x0000000000001000

mem[X,0x00000000800029EC] -> 0x8E93
mem[X,0x00000000800029EE] -> 0x001E
[2688] [M]: 0x00000000800029EC (0x001E8E93) addi t4, t4, 0x1
x29 <- 0x0000000000001001

mem[X,0x00000000800029F0] -> 0x9E93
mem[X,0x00000000800029F2] -> 0x016E
[2689] [M]: 0x00000000800029F0 (0x016E9E93) slli t4, t4, 0x16
x29 <- 0x0000000400400000

mem[X,0x00000000800029F4] -> 0x0FB7
mem[X,0x00000000800029F6] -> 0xFFFC
[2690] [M]: 0x00000000800029F4 (0xFFFC0FB7) lui t6, -0x40
x31 <- 0xFFFFFFFFFFFC0000

mem[X,0x00000000800029F8] -> 0x8F93
mem[X,0x00000000800029FA] -> 0xFFFF
[2691] [M]: 0x00000000800029F8 (0xFFFF8F93) addi t6, t6, -0x1
x31 <- 0xFFFFFFFFFFFBFFFF

mem[X,0x00000000800029FC] -> 0x9F93
mem[X,0x00000000800029FE] -> 0x00BF
[2692] [M]: 0x00000000800029FC (0x00BF9F93) slli t6, t6, 0xb
x31 <- 0xFFFFFFFFDFFFF800

mem[X,0x0000000080002A00] -> 0x8F93
mem[X,0x0000000080002A02] -> 0x7DFF
[2693] [M]: 0x0000000080002A00 (0x7DFF8F93) addi t6, t6, 0x7df
x31 <- 0xFFFFFFFFDFFFFFDF

mem[X,0x0000000080002A04] -> 0x9F93
mem[X,0x0000000080002A06] -> 0x00BF
[2694] [M]: 0x0000000080002A04 (0x00BF9F93) slli t6, t6, 0xb
x31 <- 0xFFFFFEFFFFFEF800

mem[X,0x0000000080002A08] -> 0x8F93
mem[X,0x0000000080002A0A] -> 0x7FFF
[2695] [M]: 0x0000000080002A08 (0x7FFF8F93) addi t6, t6, 0x7ff
x31 <- 0xFFFFFEFFFFFEFFFF

mem[X,0x0000000080002A0C] -> 0x9F93
mem[X,0x0000000080002A0E] -> 0x00AF
[2696] [M]: 0x0000000080002A0C (0x00AF9F93) slli t6, t6, 0xa
x31 <- 0xFFFBFFFFFBFFFC00

mem[X,0x0000000080002A10] -> 0x8F93
mem[X,0x0000000080002A12] -> 0x3FFF
[2697] [M]: 0x0000000080002A10 (0x3FFF8F93) addi t6, t6, 0x3ff
x31 <- 0xFFFBFFFFFBFFFFFF

mem[X,0x0000000080002A14] -> 0x1FBB
mem[X,0x0000000080002A16] -> 0xBBDF
[2698] [M]: 0x0000000080002A14 (0xBBDF1FBB) pmaccu.w.heo t6, t5, t4
x31 <- 0xFFFBFFFFFBFFFFFF

mem[X,0x0000000080002A18] -> 0xB023
mem[X,0x0000000080002A1A] -> 0x29F0
[2699] [M]: 0x0000000080002A18 (0x29F0B023) sd t6, 0x280(ra)
mem[0x0000000080006480] <- 0xFFFBFFFFFBFFFFFF

clint::tick mtime <- 0x000000000000001B
 clint timer pending at mtime 0x000000000000001B
htif::tick 0x0000000000000000
mem[X,0x0000000080002A1C] -> 0x0F37
mem[X,0x0000000080002A1E] -> 0xFF00
[2700] [M]: 0x0000000080002A1C (0xFF000F37) lui t5, -0x1000
x30 <- 0xFFFFFFFFFF000000

mem[X,0x0000000080002A20] -> 0x0F13
mem[X,0x0000000080002A22] -> 0xFFFF
[2701] [M]: 0x0000000080002A20 (0xFFFF0F13) addi t5, t5, -0x1
x30 <- 0xFFFFFFFFFEFFFFFF

mem[X,0x0000000080002A24] -> 0x1F13
mem[X,0x0000000080002A26] -> 0x00BF
[2702] [M]: 0x0000000080002A24 (0x00BF1F13) slli t5, t5, 0xb
x30 <- 0xFFFFFFF7FFFFF800

mem[X,0x0000000080002A28] -> 0x0F13
mem[X,0x0000000080002A2A] -> 0x000F
[2703] [M]: 0x0000000080002A28 (0x000F0F13) addi t5, t5, 0x0
x30 <- 0xFFFFFFF7FFFFF800

mem[X,0x0000000080002A2C] -> 0x1F13
mem[X,0x0000000080002A2E] -> 0x00BF
[2704] [M]: 0x0000000080002A2C (0x00BF1F13) slli t5, t5, 0xb
x30 <- 0xFFFFBFFFFFC00000

mem[X,0x0000000080002A30] -> 0x0F13
mem[X,0x0000000080002A32] -> 0x000F
[2705] [M]: 0x0000000080002A30 (0x000F0F13) addi t5, t5, 0x0
x30 <- 0xFFFFBFFFFFC00000

mem[X,0x0000000080002A34] -> 0x1F13
mem[X,0x0000000080002A36] -> 0x00AF
[2706] [M]: 0x0000000080002A34 (0x00AF1F13) slli t5, t5, 0xa
x30 <- 0xFEFFFFFF00000000

mem[X,0x0000000080002A38] -> 0x0F13
mem[X,0x0000000080002A3A] -> 0x100F
[2707] [M]: 0x0000000080002A38 (0x100F0F13) addi t5, t5, 0x100
x30 <- 0xFEFFFFFF00000100

mem[X,0x0000000080002A3C] -> 0x0EB7
mem[X,0x0000000080002A3E] -> 0x0000
[2708] [M]: 0x0000000080002A3C (0x00000EB7) lui t4, 0x0
x29 <- 0x0000000000000000

mem[X,0x0000000080002A40] -> 0x8E93
mem[X,0x0000000080002A42] -> 0x400E
[2709] [M]: 0x0000000080002A40 (0x400E8E93) addi t4, t4, 0x400
x29 <- 0x0000000000000400

mem[X,0x0000000080002A44] -> 0x9E93
mem[X,0x0000000080002A46] -> 0x00BE
[2710] [M]: 0x0000000080002A44 (0x00BE9E93) slli t4, t4, 0xb
x29 <- 0x0000000000200000

mem[X,0x0000000080002A48] -> 0x8E93
mem[X,0x0000000080002A4A] -> 0x7FFE
[2711] [M]: 0x0000000080002A48 (0x7FFE8E93) addi t4, t4, 0x7ff
x29 <- 0x00000000002007FF

mem[X,0x0000000080002A4C] -> 0x9E93
mem[X,0x0000000080002A4E] -> 0x00BE
[2712] [M]: 0x0000000080002A4C (0x00BE9E93) slli t4, t4, 0xb
x29 <- 0x00000001003FF800

mem[X,0x0000000080002A50] -> 0x8E93
mem[X,0x0000000080002A52] -> 0x7FFE
[2713] [M]: 0x0000000080002A50 (0x7FFE8E93) addi t4, t4, 0x7ff
x29 <- 0x00000001003FFFFF

mem[X,0x0000000080002A54] -> 0x9E93
mem[X,0x0000000080002A56] -> 0x00AE
[2714] [M]: 0x0000000080002A54 (0x00AE9E93) slli t4, t4, 0xa
x29 <- 0x00000400FFFFFC00

mem[X,0x0000000080002A58] -> 0x8E93
mem[X,0x0000000080002A5A] -> 0x3FFE
[2715] [M]: 0x0000000080002A58 (0x3FFE8E93) addi t4, t4, 0x3ff
x29 <- 0x00000400FFFFFFFF

mem[X,0x0000000080002A5C] -> 0x0FB7
mem[X,0x0000000080002A5E] -> 0x0000
[2716] [M]: 0x0000000080002A5C (0x00000FB7) lui t6, 0x0
x31 <- 0x0000000000000000

mem[X,0x0000000080002A60] -> 0x8F93
mem[X,0x0000000080002A62] -> 0xFFAF
[2717] [M]: 0x0000000080002A60 (0xFFAF8F93) addi t6, t6, -0x6
x31 <- 0xFFFFFFFFFFFFFFFA

mem[X,0x0000000080002A64] -> 0x9F93
mem[X,0x0000000080002A66] -> 0x00BF
[2718] [M]: 0x0000000080002A64 (0x00BF9F93) slli t6, t6, 0xb
x31 <- 0xFFFFFFFFFFFFD000

mem[X,0x0000000080002A68] -> 0x8F93
mem[X,0x0000000080002A6A] -> 0x000F
[2719] [M]: 0x0000000080002A68 (0x000F8F93) addi t6, t6, 0x0
x31 <- 0xFFFFFFFFFFFFD000

mem[X,0x0000000080002A6C] -> 0x9F93
mem[X,0x0000000080002A6E] -> 0x00BF
[2720] [M]: 0x0000000080002A6C (0x00BF9F93) slli t6, t6, 0xb
x31 <- 0xFFFFFFFFFE800000

mem[X,0x0000000080002A70] -> 0x8F93
mem[X,0x0000000080002A72] -> 0x000F
[2721] [M]: 0x0000000080002A70 (0x000F8F93) addi t6, t6, 0x0
x31 <- 0xFFFFFFFFFE800000

mem[X,0x0000000080002A74] -> 0x9F93
mem[X,0x0000000080002A76] -> 0x00AF
[2722] [M]: 0x0000000080002A74 (0x00AF9F93) slli t6, t6, 0xa
x31 <- 0xFFFFFFFA00000000

mem[X,0x0000000080002A78] -> 0x8F93
mem[X,0x0000000080002A7A] -> 0x004F
[2723] [M]: 0x0000000080002A78 (0x004F8F93) addi t6, t6, 0x4
x31 <- 0xFFFFFFFA00000004

mem[X,0x0000000080002A7C] -> 0x1FBB
mem[X,0x0000000080002A7E] -> 0xBBDF
[2724] [M]: 0x0000000080002A7C (0xBBDF1FBB) pmaccu.w.heo t6, t5, t4
x31 <- 0xFFFFFFFA00000004

mem[X,0x0000000080002A80] -> 0xB423
mem[X,0x0000000080002A82] -> 0x29F0
[2725] [M]: 0x0000000080002A80 (0x29F0B423) sd t6, 0x288(ra)
mem[0x0000000080006488] <- 0xFFFFFFFA00000004

mem[X,0x0000000080002A84] -> 0x0F37
mem[X,0x0000000080002A86] -> 0x0000
[2726] [M]: 0x0000000080002A84 (0x00000F37) lui t5, 0x0
x30 <- 0x0000000000000000

mem[X,0x0000000080002A88] -> 0x0F13
mem[X,0x0000000080002A8A] -> 0xFFAF
[2727] [M]: 0x0000000080002A88 (0xFFAF0F13) addi t5, t5, -0x6
x30 <- 0xFFFFFFFFFFFFFFFA

mem[X,0x0000000080002A8C] -> 0x1F13
mem[X,0x0000000080002A8E] -> 0x00BF
[2728] [M]: 0x0000000080002A8C (0x00BF1F13) slli t5, t5, 0xb
x30 <- 0xFFFFFFFFFFFFD000

mem[X,0x0000000080002A90] -> 0x0F13
mem[X,0x0000000080002A92] -> 0x000F
[2729] [M]: 0x0000000080002A90 (0x000F0F13) addi t5, t5, 0x0
x30 <- 0xFFFFFFFFFFFFD000

mem[X,0x0000000080002A94] -> 0x1F13
mem[X,0x0000000080002A96] -> 0x00BF
[2730] [M]: 0x0000000080002A94 (0x00BF1F13) slli t5, t5, 0xb
x30 <- 0xFFFFFFFFFE800000

mem[X,0x0000000080002A98] -> 0x0F13
mem[X,0x0000000080002A9A] -> 0x002F
[2731] [M]: 0x0000000080002A98 (0x002F0F13) addi t5, t5, 0x2
x30 <- 0xFFFFFFFFFE800002

mem[X,0x0000000080002A9C] -> 0x1F13
mem[X,0x0000000080002A9E] -> 0x00AF
[2732] [M]: 0x0000000080002A9C (0x00AF1F13) slli t5, t5, 0xa
x30 <- 0xFFFFFFFA00000800

mem[X,0x0000000080002AA0] -> 0x0EB7
mem[X,0x0000000080002AA2] -> 0x0000
[2733] [M]: 0x0000000080002AA0 (0x00000EB7) lui t4, 0x0
x29 <- 0x0000000000000000

mem[X,0x0000000080002AA4] -> 0x8E93
mem[X,0x0000000080002AA6] -> 0x000E
[2734] [M]: 0x0000000080002AA4 (0x000E8E93) addi t4, t4, 0x0
x29 <- 0x0000000000000000

mem[X,0x0000000080002AA8] -> 0x9E93
mem[X,0x0000000080002AAA] -> 0x00BE
[2735] [M]: 0x0000000080002AA8 (0x00BE9E93) slli t4, t4, 0xb
x29 <- 0x0000000000000000

mem[X,0x0000000080002AAC] -> 0x8E93
mem[X,0x0000000080002AAE] -> 0x6FFE
[2736] [M]: 0x0000000080002AAC (0x6FFE8E93) addi t4, t4, 0x6ff
x29 <- 0x00000000000006FF

mem[X,0x0000000080002AB0] -> 0x9E93
mem[X,0x0000000080002AB2] -> 0x00BE
[2737] [M]: 0x0000000080002AB0 (0x00BE9E93) slli t4, t4, 0xb
x29 <- 0x000000000037F800

mem[X,0x0000000080002AB4] -> 0x8E93
mem[X,0x0000000080002AB6] -> 0x7FFE
[2738] [M]: 0x0000000080002AB4 (0x7FFE8E93) addi t4, t4, 0x7ff
x29 <- 0x000000000037FFFF

mem[X,0x0000000080002AB8] -> 0x9E93
mem[X,0x0000000080002ABA] -> 0x00AE
[2739] [M]: 0x0000000080002AB8 (0x00AE9E93) slli t4, t4, 0xa
x29 <- 0x00000000DFFFFC00

mem[X,0x0000000080002ABC] -> 0x8E93
mem[X,0x0000000080002ABE] -> 0x3FFE
[2740] [M]: 0x0000000080002ABC (0x3FFE8E93) addi t4, t4, 0x3ff
x29 <- 0x00000000DFFFFFFF

mem[X,0x0000000080002AC0] -> 0x0F93
mem[X,0x0000000080002AC2] -> 0x0010
[2741] [M]: 0x0000000080002AC0 (0x00100F93) addi t6, zero, 0x1
x31 <- 0x0000000000000001

mem[X,0x0000000080002AC4] -> 0x9F93
mem[X,0x0000000080002AC6] -> 0x032F
[2742] [M]: 0x0000000080002AC4 (0x032F9F93) slli t6, t6, 0x32
x31 <- 0x0004000000000000

mem[X,0x0000000080002AC8] -> 0x1FBB
mem[X,0x0000000080002ACA] -> 0xBBDF
[2743] [M]: 0x0000000080002AC8 (0xBBDF1FBB) pmaccu.w.heo t6, t5, t4
x31 <- 0x0004000000000000

mem[X,0x0000000080002ACC] -> 0xB823
mem[X,0x0000000080002ACE] -> 0x29F0
[2744] [M]: 0x0000000080002ACC (0x29F0B823) sd t6, 0x290(ra)
mem[0x0000000080006490] <- 0x0004000000000000

mem[X,0x0000000080002AD0] -> 0x0F37
mem[X,0x0000000080002AD2] -> 0xE000
[2745] [M]: 0x0000000080002AD0 (0xE0000F37) lui t5, -0x20000
x30 <- 0xFFFFFFFFE0000000

mem[X,0x0000000080002AD4] -> 0x0F13
mem[X,0x0000000080002AD6] -> 0xFFFF
[2746] [M]: 0x0000000080002AD4 (0xFFFF0F13) addi t5, t5, -0x1
x30 <- 0xFFFFFFFFDFFFFFFF

mem[X,0x0000000080002AD8] -> 0x1F13
mem[X,0x0000000080002ADA] -> 0x00BF
[2747] [M]: 0x0000000080002AD8 (0x00BF1F13) slli t5, t5, 0xb
x30 <- 0xFFFFFEFFFFFFF800

mem[X,0x0000000080002ADC] -> 0x0F13
mem[X,0x0000000080002ADE] -> 0x000F
[2748] [M]: 0x0000000080002ADC (0x000F0F13) addi t5, t5, 0x0
x30 <- 0xFFFFFEFFFFFFF800

mem[X,0x0000000080002AE0] -> 0x1F13
mem[X,0x0000000080002AE2] -> 0x00BF
[2749] [M]: 0x0000000080002AE0 (0x00BF1F13) slli t5, t5, 0xb
x30 <- 0xFFF7FFFFFFC00000

mem[X,0x0000000080002AE4] -> 0x0F13
mem[X,0x0000000080002AE6] -> 0x010F
[2750] [M]: 0x0000000080002AE4 (0x010F0F13) addi t5, t5, 0x10
x30 <- 0xFFF7FFFFFFC00010

mem[X,0x0000000080002AE8] -> 0x1F13
mem[X,0x0000000080002AEA] -> 0x00AF
[2751] [M]: 0x0000000080002AE8 (0x00AF1F13) slli t5, t5, 0xa
x30 <- 0xDFFFFFFF00004000

mem[X,0x0000000080002AEC] -> 0x0EB7
mem[X,0x0000000080002AEE] -> 0x0000
[2752] [M]: 0x0000000080002AEC (0x00000EB7) lui t4, 0x0
x29 <- 0x0000000000000000

mem[X,0x0000000080002AF0] -> 0x8E93
mem[X,0x0000000080002AF2] -> 0x005E
[2753] [M]: 0x0000000080002AF0 (0x005E8E93) addi t4, t4, 0x5
x29 <- 0x0000000000000005

mem[X,0x0000000080002AF4] -> 0x9E93
mem[X,0x0000000080002AF6] -> 0x00BE
[2754] [M]: 0x0000000080002AF4 (0x00BE9E93) slli t4, t4, 0xb
x29 <- 0x0000000000002800

mem[X,0x0000000080002AF8] -> 0x8E93
mem[X,0x0000000080002AFA] -> 0x3FFE
[2755] [M]: 0x0000000080002AF8 (0x3FFE8E93) addi t4, t4, 0x3ff
x29 <- 0x0000000000002BFF

mem[X,0x0000000080002AFC] -> 0x9E93
mem[X,0x0000000080002AFE] -> 0x00BE
[2756] [M]: 0x0000000080002AFC (0x00BE9E93) slli t4, t4, 0xb
x29 <- 0x00000000015FF800

mem[X,0x0000000080002B00] -> 0x8E93
mem[X,0x0000000080002B02] -> 0x7FFE
[2757] [M]: 0x0000000080002B00 (0x7FFE8E93) addi t4, t4, 0x7ff
x29 <- 0x00000000015FFFFF

mem[X,0x0000000080002B04] -> 0x9E93
mem[X,0x0000000080002B06] -> 0x00AE
[2758] [M]: 0x0000000080002B04 (0x00AE9E93) slli t4, t4, 0xa
x29 <- 0x000000057FFFFC00

mem[X,0x0000000080002B08] -> 0x8E93
mem[X,0x0000000080002B0A] -> 0x3FFE
[2759] [M]: 0x0000000080002B08 (0x3FFE8E93) addi t4, t4, 0x3ff
x29 <- 0x000000057FFFFFFF

mem[X,0x0000000080002B0C] -> 0x0FB7
mem[X,0x0000000080002B0E] -> 0x0000
[2760] [M]: 0x0000000080002B0C (0x00000FB7) lui t6, 0x0
x31 <- 0x0000000000000000

mem[X,0x0000000080002B10] -> 0x8F93
mem[X,0x0000000080002B12] -> 0x005F
[2761] [M]: 0x0000000080002B10 (0x005F8F93) addi t6, t6, 0x5
x31 <- 0x0000000000000005

mem[X,0x0000000080002B14] -> 0x9F93
mem[X,0x0000000080002B16] -> 0x00BF
[2762] [M]: 0x0000000080002B14 (0x00BF9F93) slli t6, t6, 0xb
x31 <- 0x0000000000002800

mem[X,0x0000000080002B18] -> 0x8F93
mem[X,0x0000000080002B1A] -> 0x7DFF
[2763] [M]: 0x0000000080002B18 (0x7DFF8F93) addi t6, t6, 0x7df
x31 <- 0x0000000000002FDF

mem[X,0x0000000080002B1C] -> 0x9F93
mem[X,0x0000000080002B1E] -> 0x00BF
[2764] [M]: 0x0000000080002B1C (0x00BF9F93) slli t6, t6, 0xb
x31 <- 0x00000000017EF800

mem[X,0x0000000080002B20] -> 0x8F93
mem[X,0x0000000080002B22] -> 0x7FFF
[2765] [M]: 0x0000000080002B20 (0x7FFF8F93) addi t6, t6, 0x7ff
x31 <- 0x00000000017EFFFF

mem[X,0x0000000080002B24] -> 0x9F93
mem[X,0x0000000080002B26] -> 0x00AF
[2766] [M]: 0x0000000080002B24 (0x00AF9F93) slli t6, t6, 0xa
x31 <- 0x00000005FBFFFC00

mem[X,0x0000000080002B28] -> 0x8F93
mem[X,0x0000000080002B2A] -> 0x3FFF
[2767] [M]: 0x0000000080002B28 (0x3FFF8F93) addi t6, t6, 0x3ff
x31 <- 0x00000005FBFFFFFF

mem[X,0x0000000080002B2C] -> 0x1FBB
mem[X,0x0000000080002B2E] -> 0xBBDF
[2768] [M]: 0x0000000080002B2C (0xBBDF1FBB) pmaccu.w.heo t6, t5, t4
x31 <- 0x00000005FBFFFFFF

mem[X,0x0000000080002B30] -> 0xBC23
mem[X,0x0000000080002B32] -> 0x29F0
[2769] [M]: 0x0000000080002B30 (0x29F0BC23) sd t6, 0x298(ra)
mem[0x0000000080006498] <- 0x00000005FBFFFFFF

mem[X,0x0000000080002B34] -> 0x0F37
mem[X,0x0000000080002B36] -> 0x0200
[2770] [M]: 0x0000000080002B34 (0x02000F37) lui t5, 0x2000
x30 <- 0x0000000002000000

mem[X,0x0000000080002B38] -> 0x0F13
mem[X,0x0000000080002B3A] -> 0x000F
[2771] [M]: 0x0000000080002B38 (0x000F0F13) addi t5, t5, 0x0
x30 <- 0x0000000002000000

mem[X,0x0000000080002B3C] -> 0x1F13
mem[X,0x0000000080002B3E] -> 0x00BF
[2772] [M]: 0x0000000080002B3C (0x00BF1F13) slli t5, t5, 0xb
x30 <- 0x0000001000000000

mem[X,0x0000000080002B40] -> 0x0F13
mem[X,0x0000000080002B42] -> 0x000F
[2773] [M]: 0x0000000080002B40 (0x000F0F13) addi t5, t5, 0x0
x30 <- 0x0000001000000000

mem[X,0x0000000080002B44] -> 0x1F13
mem[X,0x0000000080002B46] -> 0x00BF
[2774] [M]: 0x0000000080002B44 (0x00BF1F13) slli t5, t5, 0xb
x30 <- 0x0000800000000000

mem[X,0x0000000080002B48] -> 0x0F13
mem[X,0x0000000080002B4A] -> 0x200F
[2775] [M]: 0x0000000080002B48 (0x200F0F13) addi t5, t5, 0x200
x30 <- 0x0000800000000200

mem[X,0x0000000080002B4C] -> 0x1F13
mem[X,0x0000000080002B4E] -> 0x00AF
[2776] [M]: 0x0000000080002B4C (0x00AF1F13) slli t5, t5, 0xa
x30 <- 0x0200000000080000

mem[X,0x0000000080002B50] -> 0x0EB7
mem[X,0x0000000080002B52] -> 0xFC00
[2777] [M]: 0x0000000080002B50 (0xFC000EB7) lui t4, -0x4000
x29 <- 0xFFFFFFFFFC000000

mem[X,0x0000000080002B54] -> 0x8E93
mem[X,0x0000000080002B56] -> 0xFFFE
[2778] [M]: 0x0000000080002B54 (0xFFFE8E93) addi t4, t4, -0x1
x29 <- 0xFFFFFFFFFBFFFFFF

mem[X,0x0000000080002B58] -> 0x9E93
mem[X,0x0000000080002B5A] -> 0x00BE
[2779] [M]: 0x0000000080002B58 (0x00BE9E93) slli t4, t4, 0xb
x29 <- 0xFFFFFFDFFFFFF800

mem[X,0x0000000080002B5C] -> 0x8E93
mem[X,0x0000000080002B5E] -> 0x000E
[2780] [M]: 0x0000000080002B5C (0x000E8E93) addi t4, t4, 0x0
x29 <- 0xFFFFFFDFFFFFF800

mem[X,0x0000000080002B60] -> 0x9E93
mem[X,0x0000000080002B62] -> 0x00BE
[2781] [M]: 0x0000000080002B60 (0x00BE9E93) slli t4, t4, 0xb
x29 <- 0xFFFEFFFFFFC00000

mem[X,0x0000000080002B64] -> 0x8E93
mem[X,0x0000000080002B66] -> 0x001E
[2782] [M]: 0x0000000080002B64 (0x001E8E93) addi t4, t4, 0x1
x29 <- 0xFFFEFFFFFFC00001

mem[X,0x0000000080002B68] -> 0x9E93
mem[X,0x0000000080002B6A] -> 0x00AE
[2783] [M]: 0x0000000080002B68 (0x00AE9E93) slli t4, t4, 0xa
x29 <- 0xFBFFFFFF00000400

mem[X,0x0000000080002B6C] -> 0x0FB7
mem[X,0x0000000080002B6E] -> 0x0000
[2784] [M]: 0x0000000080002B6C (0x00000FB7) lui t6, 0x0
x31 <- 0x0000000000000000

mem[X,0x0000000080002B70] -> 0x8F93
mem[X,0x0000000080002B72] -> 0x200F
[2785] [M]: 0x0000000080002B70 (0x200F8F93) addi t6, t6, 0x200
x31 <- 0x0000000000000200

mem[X,0x0000000080002B74] -> 0x9F93
mem[X,0x0000000080002B76] -> 0x00BF
[2786] [M]: 0x0000000080002B74 (0x00BF9F93) slli t6, t6, 0xb
x31 <- 0x0000000000100000

mem[X,0x0000000080002B78] -> 0x8F93
mem[X,0x0000000080002B7A] -> 0x7FFF
[2787] [M]: 0x0000000080002B78 (0x7FFF8F93) addi t6, t6, 0x7ff
x31 <- 0x00000000001007FF

mem[X,0x0000000080002B7C] -> 0x9F93
mem[X,0x0000000080002B7E] -> 0x00BF
[2788] [M]: 0x0000000080002B7C (0x00BF9F93) slli t6, t6, 0xb
x31 <- 0x00000000803FF800

mem[X,0x0000000080002B80] -> 0x8F93
mem[X,0x0000000080002B82] -> 0x7FEF
[2789] [M]: 0x0000000080002B80 (0x7FEF8F93) addi t6, t6, 0x7fe
x31 <- 0x00000000803FFFFE

mem[X,0x0000000080002B84] -> 0x9F93
mem[X,0x0000000080002B86] -> 0x00AF
[2790] [M]: 0x0000000080002B84 (0x00AF9F93) slli t6, t6, 0xa
x31 <- 0x00000200FFFFF800

mem[X,0x0000000080002B88] -> 0x8F93
mem[X,0x0000000080002B8A] -> 0x3FFF
[2791] [M]: 0x0000000080002B88 (0x3FFF8F93) addi t6, t6, 0x3ff
x31 <- 0x00000200FFFFFBFF

mem[X,0x0000000080002B8C] -> 0x1FBB
mem[X,0x0000000080002B8E] -> 0xBBDF
[2792] [M]: 0x0000000080002B8C (0xBBDF1FBB) pmaccu.w.heo t6, t5, t4
x31 <- 0x00000200FFFFFBFF

mem[X,0x0000000080002B90] -> 0xB023
mem[X,0x0000000080002B92] -> 0x2BF0
[2793] [M]: 0x0000000080002B90 (0x2BF0B023) sd t6, 0x2a0(ra)
mem[0x00000000800064A0] <- 0x00000200FFFFFBFF

mem[X,0x0000000080002B94] -> 0x0F37
mem[X,0x0000000080002B96] -> 0x0000
[2794] [M]: 0x0000000080002B94 (0x00000F37) lui t5, 0x0
x30 <- 0x0000000000000000

mem[X,0x0000000080002B98] -> 0x0F13
mem[X,0x0000000080002B9A] -> 0x003F
[2795] [M]: 0x0000000080002B98 (0x003F0F13) addi t5, t5, 0x3
x30 <- 0x0000000000000003

mem[X,0x0000000080002B9C] -> 0x1F13
mem[X,0x0000000080002B9E] -> 0x00BF
[2796] [M]: 0x0000000080002B9C (0x00BF1F13) slli t5, t5, 0xb
x30 <- 0x0000000000001800

mem[X,0x0000000080002BA0] -> 0x0F13
mem[X,0x0000000080002BA2] -> 0x002F
[2797] [M]: 0x0000000080002BA0 (0x002F0F13) addi t5, t5, 0x2
x30 <- 0x0000000000001802

mem[X,0x0000000080002BA4] -> 0x1F13
mem[X,0x0000000080002BA6] -> 0x00BF
[2798] [M]: 0x0000000080002BA4 (0x00BF1F13) slli t5, t5, 0xb
x30 <- 0x0000000000C01000

mem[X,0x0000000080002BA8] -> 0x0F13
mem[X,0x0000000080002BAA] -> 0x000F
[2799] [M]: 0x0000000080002BA8 (0x000F0F13) addi t5, t5, 0x0
x30 <- 0x0000000000C01000

clint::tick mtime <- 0x000000000000001C
 clint timer pending at mtime 0x000000000000001C
htif::tick 0x0000000000000000
mem[X,0x0000000080002BAC] -> 0x1F13
mem[X,0x0000000080002BAE] -> 0x00AF
[2800] [M]: 0x0000000080002BAC (0x00AF1F13) slli t5, t5, 0xa
x30 <- 0x0000000300400000

mem[X,0x0000000080002BB0] -> 0x0EB7
mem[X,0x0000000080002BB2] -> 0x0000
[2801] [M]: 0x0000000080002BB0 (0x00000EB7) lui t4, 0x0
x29 <- 0x0000000000000000

mem[X,0x0000000080002BB4] -> 0x8E93
mem[X,0x0000000080002BB6] -> 0xFF7E
[2802] [M]: 0x0000000080002BB4 (0xFF7E8E93) addi t4, t4, -0x9
x29 <- 0xFFFFFFFFFFFFFFF7

mem[X,0x0000000080002BB8] -> 0x9E93
mem[X,0x0000000080002BBA] -> 0x00BE
[2803] [M]: 0x0000000080002BB8 (0x00BE9E93) slli t4, t4, 0xb
x29 <- 0xFFFFFFFFFFFFB800

mem[X,0x0000000080002BBC] -> 0x8E93
mem[X,0x0000000080002BBE] -> 0x000E
[2804] [M]: 0x0000000080002BBC (0x000E8E93) addi t4, t4, 0x0
x29 <- 0xFFFFFFFFFFFFB800

mem[X,0x0000000080002BC0] -> 0x9E93
mem[X,0x0000000080002BC2] -> 0x00BE
[2805] [M]: 0x0000000080002BC0 (0x00BE9E93) slli t4, t4, 0xb
x29 <- 0xFFFFFFFFFDC00000

mem[X,0x0000000080002BC4] -> 0x8E93
mem[X,0x0000000080002BC6] -> 0x010E
[2806] [M]: 0x0000000080002BC4 (0x010E8E93) addi t4, t4, 0x10
x29 <- 0xFFFFFFFFFDC00010

mem[X,0x0000000080002BC8] -> 0x9E93
mem[X,0x0000000080002BCA] -> 0x00AE
[2807] [M]: 0x0000000080002BC8 (0x00AE9E93) slli t4, t4, 0xa
x29 <- 0xFFFFFFF700004000

mem[X,0x0000000080002BCC] -> 0x1FB7
mem[X,0x0000000080002BCE] -> 0x0000
[2808] [M]: 0x0000000080002BCC (0x00001FB7) lui t6, 0x1
x31 <- 0x0000000000001000

mem[X,0x0000000080002BD0] -> 0x8F93
mem[X,0x0000000080002BD2] -> 0x000F
[2809] [M]: 0x0000000080002BD0 (0x000F8F93) addi t6, t6, 0x0
x31 <- 0x0000000000001000

mem[X,0x0000000080002BD4] -> 0x9F93
mem[X,0x0000000080002BD6] -> 0x00BF
[2810] [M]: 0x0000000080002BD4 (0x00BF9F93) slli t6, t6, 0xb
x31 <- 0x0000000000800000

mem[X,0x0000000080002BD8] -> 0x8F93
mem[X,0x0000000080002BDA] -> 0x7FDF
[2811] [M]: 0x0000000080002BD8 (0x7FDF8F93) addi t6, t6, 0x7fd
x31 <- 0x00000000008007FD

mem[X,0x0000000080002BDC] -> 0x9F93
mem[X,0x0000000080002BDE] -> 0x00BF
[2812] [M]: 0x0000000080002BDC (0x00BF9F93) slli t6, t6, 0xb
x31 <- 0x00000004003FE800

mem[X,0x0000000080002BE0] -> 0x8F93
mem[X,0x0000000080002BE2] -> 0x7FFF
[2813] [M]: 0x0000000080002BE0 (0x7FFF8F93) addi t6, t6, 0x7ff
x31 <- 0x00000004003FEFFF

mem[X,0x0000000080002BE4] -> 0x9F93
mem[X,0x0000000080002BE6] -> 0x00AF
[2814] [M]: 0x0000000080002BE4 (0x00AF9F93) slli t6, t6, 0xa
x31 <- 0x00001000FFBFFC00

mem[X,0x0000000080002BE8] -> 0x8F93
mem[X,0x0000000080002BEA] -> 0x3FFF
[2815] [M]: 0x0000000080002BE8 (0x3FFF8F93) addi t6, t6, 0x3ff
x31 <- 0x00001000FFBFFFFF

mem[X,0x0000000080002BEC] -> 0x1FBB
mem[X,0x0000000080002BEE] -> 0xBBDF
[2816] [M]: 0x0000000080002BEC (0xBBDF1FBB) pmaccu.w.heo t6, t5, t4
x31 <- 0x00001000FFBFFFFF

mem[X,0x0000000080002BF0] -> 0xB423
mem[X,0x0000000080002BF2] -> 0x2BF0
[2817] [M]: 0x0000000080002BF0 (0x2BF0B423) sd t6, 0x2a8(ra)
mem[0x00000000800064A8] <- 0x00001000FFBFFFFF

mem[X,0x0000000080002BF4] -> 0x0F13
mem[X,0x0000000080002BF6] -> 0x2010
[2818] [M]: 0x0000000080002BF4 (0x20100F13) addi t5, zero, 0x201
x30 <- 0x0000000000000201

mem[X,0x0000000080002BF8] -> 0x1F13
mem[X,0x0000000080002BFA] -> 0x017F
[2819] [M]: 0x0000000080002BF8 (0x017F1F13) slli t5, t5, 0x17
x30 <- 0x0000000100800000

mem[X,0x0000000080002BFC] -> 0x0EB7
mem[X,0x0000000080002BFE] -> 0x0000
[2820] [M]: 0x0000000080002BFC (0x00000EB7) lui t4, 0x0
x29 <- 0x0000000000000000

mem[X,0x0000000080002C00] -> 0x8E93
mem[X,0x0000000080002C02] -> 0xF7FE
[2821] [M]: 0x0000000080002C00 (0xF7FE8E93) addi t4, t4, -0x81
x29 <- 0xFFFFFFFFFFFFFF7F

mem[X,0x0000000080002C04] -> 0x9E93
mem[X,0x0000000080002C06] -> 0x00BE
[2822] [M]: 0x0000000080002C04 (0x00BE9E93) slli t4, t4, 0xb
x29 <- 0xFFFFFFFFFFFBF800

mem[X,0x0000000080002C08] -> 0x8E93
mem[X,0x0000000080002C0A] -> 0x000E
[2823] [M]: 0x0000000080002C08 (0x000E8E93) addi t4, t4, 0x0
x29 <- 0xFFFFFFFFFFFBF800

mem[X,0x0000000080002C0C] -> 0x9E93
mem[X,0x0000000080002C0E] -> 0x00BE
[2824] [M]: 0x0000000080002C0C (0x00BE9E93) slli t4, t4, 0xb
x29 <- 0xFFFFFFFFDFC00000

mem[X,0x0000000080002C10] -> 0x8E93
mem[X,0x0000000080002C12] -> 0x020E
[2825] [M]: 0x0000000080002C10 (0x020E8E93) addi t4, t4, 0x20
x29 <- 0xFFFFFFFFDFC00020

mem[X,0x0000000080002C14] -> 0x9E93
mem[X,0x0000000080002C16] -> 0x00AE
[2826] [M]: 0x0000000080002C14 (0x00AE9E93) slli t4, t4, 0xa
x29 <- 0xFFFFFF7F00008000

mem[X,0x0000000080002C18] -> 0x0FB7
mem[X,0x0000000080002C1A] -> 0x0000
[2827] [M]: 0x0000000080002C18 (0x00000FB7) lui t6, 0x0
x31 <- 0x0000000000000000

mem[X,0x0000000080002C1C] -> 0x8F93
mem[X,0x0000000080002C1E] -> 0x100F
[2828] [M]: 0x0000000080002C1C (0x100F8F93) addi t6, t6, 0x100
x31 <- 0x0000000000000100

mem[X,0x0000000080002C20] -> 0x9F93
mem[X,0x0000000080002C22] -> 0x00BF
[2829] [M]: 0x0000000080002C20 (0x00BF9F93) slli t6, t6, 0xb
x31 <- 0x0000000000080000

mem[X,0x0000000080002C24] -> 0x8F93
mem[X,0x0000000080002C26] -> 0x000F
[2830] [M]: 0x0000000080002C24 (0x000F8F93) addi t6, t6, 0x0
x31 <- 0x0000000000080000

mem[X,0x0000000080002C28] -> 0x9F93
mem[X,0x0000000080002C2A] -> 0x00BF
[2831] [M]: 0x0000000080002C28 (0x00BF9F93) slli t6, t6, 0xb
x31 <- 0x0000000040000000

mem[X,0x0000000080002C2C] -> 0x8F93
mem[X,0x0000000080002C2E] -> 0x000F
[2832] [M]: 0x0000000080002C2C (0x000F8F93) addi t6, t6, 0x0
x31 <- 0x0000000040000000

mem[X,0x0000000080002C30] -> 0x9F93
mem[X,0x0000000080002C32] -> 0x00AF
[2833] [M]: 0x0000000080002C30 (0x00AF9F93) slli t6, t6, 0xa
x31 <- 0x0000010000000000

mem[X,0x0000000080002C34] -> 0x8F93
mem[X,0x0000000080002C36] -> 0x007F
[2834] [M]: 0x0000000080002C34 (0x007F8F93) addi t6, t6, 0x7
x31 <- 0x0000010000000007

mem[X,0x0000000080002C38] -> 0x1FBB
mem[X,0x0000000080002C3A] -> 0xBBDF
[2835] [M]: 0x0000000080002C38 (0xBBDF1FBB) pmaccu.w.heo t6, t5, t4
x31 <- 0x0000010000000007

mem[X,0x0000000080002C3C] -> 0xB823
mem[X,0x0000000080002C3E] -> 0x2BF0
[2836] [M]: 0x0000000080002C3C (0x2BF0B823) sd t6, 0x2b0(ra)
mem[0x00000000800064B0] <- 0x0000010000000007

mem[X,0x0000000080002C40] -> 0x0F37
mem[X,0x0000000080002C42] -> 0x0000
[2837] [M]: 0x0000000080002C40 (0x00000F37) lui t5, 0x0
x30 <- 0x0000000000000000

mem[X,0x0000000080002C44] -> 0x0F13
mem[X,0x0000000080002C46] -> 0xFFAF
[2838] [M]: 0x0000000080002C44 (0xFFAF0F13) addi t5, t5, -0x6
x30 <- 0xFFFFFFFFFFFFFFFA

mem[X,0x0000000080002C48] -> 0x1F13
mem[X,0x0000000080002C4A] -> 0x00BF
[2839] [M]: 0x0000000080002C48 (0x00BF1F13) slli t5, t5, 0xb
x30 <- 0xFFFFFFFFFFFFD000

mem[X,0x0000000080002C4C] -> 0x0F13
mem[X,0x0000000080002C4E] -> 0x008F
[2840] [M]: 0x0000000080002C4C (0x008F0F13) addi t5, t5, 0x8
x30 <- 0xFFFFFFFFFFFFD008

mem[X,0x0000000080002C50] -> 0x1F13
mem[X,0x0000000080002C52] -> 0x00BF
[2841] [M]: 0x0000000080002C50 (0x00BF1F13) slli t5, t5, 0xb
x30 <- 0xFFFFFFFFFE804000

mem[X,0x0000000080002C54] -> 0x0F13
mem[X,0x0000000080002C56] -> 0x000F
[2842] [M]: 0x0000000080002C54 (0x000F0F13) addi t5, t5, 0x0
x30 <- 0xFFFFFFFFFE804000

mem[X,0x0000000080002C58] -> 0x1F13
mem[X,0x0000000080002C5A] -> 0x00AF
[2843] [M]: 0x0000000080002C58 (0x00AF1F13) slli t5, t5, 0xa
x30 <- 0xFFFFFFFA01000000

mem[X,0x0000000080002C5C] -> 0x0EB7
mem[X,0x0000000080002C5E] -> 0x0000
[2844] [M]: 0x0000000080002C5C (0x00000EB7) lui t4, 0x0
x29 <- 0x0000000000000000

mem[X,0x0000000080002C60] -> 0x8E93
mem[X,0x0000000080002C62] -> 0xFFAE
[2845] [M]: 0x0000000080002C60 (0xFFAE8E93) addi t4, t4, -0x6
x29 <- 0xFFFFFFFFFFFFFFFA

mem[X,0x0000000080002C64] -> 0x9E93
mem[X,0x0000000080002C66] -> 0x00BE
[2846] [M]: 0x0000000080002C64 (0x00BE9E93) slli t4, t4, 0xb
x29 <- 0xFFFFFFFFFFFFD000

mem[X,0x0000000080002C68] -> 0x8E93
mem[X,0x0000000080002C6A] -> 0x7FFE
[2847] [M]: 0x0000000080002C68 (0x7FFE8E93) addi t4, t4, 0x7ff
x29 <- 0xFFFFFFFFFFFFD7FF

mem[X,0x0000000080002C6C] -> 0x9E93
mem[X,0x0000000080002C6E] -> 0x00BE
[2848] [M]: 0x0000000080002C6C (0x00BE9E93) slli t4, t4, 0xb
x29 <- 0xFFFFFFFFFEBFF800

mem[X,0x0000000080002C70] -> 0x8E93
mem[X,0x0000000080002C72] -> 0x7EFE
[2849] [M]: 0x0000000080002C70 (0x7EFE8E93) addi t4, t4, 0x7ef
x29 <- 0xFFFFFFFFFEBFFFEF

mem[X,0x0000000080002C74] -> 0x9E93
mem[X,0x0000000080002C76] -> 0x00AE
[2850] [M]: 0x0000000080002C74 (0x00AE9E93) slli t4, t4, 0xa
x29 <- 0xFFFFFFFAFFFFBC00

mem[X,0x0000000080002C78] -> 0x8E93
mem[X,0x0000000080002C7A] -> 0x3FFE
[2851] [M]: 0x0000000080002C78 (0x3FFE8E93) addi t4, t4, 0x3ff
x29 <- 0xFFFFFFFAFFFFBFFF

mem[X,0x0000000080002C7C] -> 0x0FB7
mem[X,0x0000000080002C7E] -> 0x0000
[2852] [M]: 0x0000000080002C7C (0x00000FB7) lui t6, 0x0
x31 <- 0x0000000000000000

mem[X,0x0000000080002C80] -> 0x8F93
mem[X,0x0000000080002C82] -> 0x009F
[2853] [M]: 0x0000000080002C80 (0x009F8F93) addi t6, t6, 0x9
x31 <- 0x0000000000000009

mem[X,0x0000000080002C84] -> 0x9F93
mem[X,0x0000000080002C86] -> 0x00BF
[2854] [M]: 0x0000000080002C84 (0x00BF9F93) slli t6, t6, 0xb
x31 <- 0x0000000000004800

mem[X,0x0000000080002C88] -> 0x8F93
mem[X,0x0000000080002C8A] -> 0x6FFF
[2855] [M]: 0x0000000080002C88 (0x6FFF8F93) addi t6, t6, 0x6ff
x31 <- 0x0000000000004EFF

mem[X,0x0000000080002C8C] -> 0x9F93
mem[X,0x0000000080002C8E] -> 0x00BF
[2856] [M]: 0x0000000080002C8C (0x00BF9F93) slli t6, t6, 0xb
x31 <- 0x000000000277F800

mem[X,0x0000000080002C90] -> 0x8F93
mem[X,0x0000000080002C92] -> 0x7FFF
[2857] [M]: 0x0000000080002C90 (0x7FFF8F93) addi t6, t6, 0x7ff
x31 <- 0x000000000277FFFF

mem[X,0x0000000080002C94] -> 0x9F93
mem[X,0x0000000080002C96] -> 0x00AF
[2858] [M]: 0x0000000080002C94 (0x00AF9F93) slli t6, t6, 0xa
x31 <- 0x00000009DFFFFC00

mem[X,0x0000000080002C98] -> 0x8F93
mem[X,0x0000000080002C9A] -> 0x3FFF
[2859] [M]: 0x0000000080002C98 (0x3FFF8F93) addi t6, t6, 0x3ff
x31 <- 0x00000009DFFFFFFF

mem[X,0x0000000080002C9C] -> 0x1FBB
mem[X,0x0000000080002C9E] -> 0xBBDF
[2860] [M]: 0x0000000080002C9C (0xBBDF1FBB) pmaccu.w.heo t6, t5, t4
x31 <- 0x00000009DFFFFFFF

mem[X,0x0000000080002CA0] -> 0xBC23
mem[X,0x0000000080002CA2] -> 0x2BF0
[2861] [M]: 0x0000000080002CA0 (0x2BF0BC23) sd t6, 0x2b8(ra)
mem[0x00000000800064B8] <- 0x00000009DFFFFFFF

mem[X,0x0000000080002CA4] -> 0x0F37
mem[X,0x0000000080002CA6] -> 0x0002
[2862] [M]: 0x0000000080002CA4 (0x00020F37) lui t5, 0x20
x30 <- 0x0000000000020000

mem[X,0x0000000080002CA8] -> 0x0F13
mem[X,0x0000000080002CAA] -> 0x001F
[2863] [M]: 0x0000000080002CA8 (0x001F0F13) addi t5, t5, 0x1
x30 <- 0x0000000000020001

mem[X,0x0000000080002CAC] -> 0x1F13
mem[X,0x0000000080002CAE] -> 0x01DF
[2864] [M]: 0x0000000080002CAC (0x01DF1F13) slli t5, t5, 0x1d
x30 <- 0x0000400020000000

mem[X,0x0000000080002CB0] -> 0x0EB7
mem[X,0x0000000080002CB2] -> 0xFFF8
[2865] [M]: 0x0000000080002CB0 (0xFFF80EB7) lui t4, -0x80
x29 <- 0xFFFFFFFFFFF80000

mem[X,0x0000000080002CB4] -> 0x8E93
mem[X,0x0000000080002CB6] -> 0xFFFE
[2866] [M]: 0x0000000080002CB4 (0xFFFE8E93) addi t4, t4, -0x1
x29 <- 0xFFFFFFFFFFF7FFFF

mem[X,0x0000000080002CB8] -> 0x9E93
mem[X,0x0000000080002CBA] -> 0x00BE
[2867] [M]: 0x0000000080002CB8 (0x00BE9E93) slli t4, t4, 0xb
x29 <- 0xFFFFFFFFBFFFF800

mem[X,0x0000000080002CBC] -> 0x8E93
mem[X,0x0000000080002CBE] -> 0x7FFE
[2868] [M]: 0x0000000080002CBC (0x7FFE8E93) addi t4, t4, 0x7ff
x29 <- 0xFFFFFFFFBFFFFFFF

mem[X,0x0000000080002CC0] -> 0x9E93
mem[X,0x0000000080002CC2] -> 0x00BE
[2869] [M]: 0x0000000080002CC0 (0x00BE9E93) slli t4, t4, 0xb
x29 <- 0xFFFFFDFFFFFFF800

mem[X,0x0000000080002CC4] -> 0x8E93
mem[X,0x0000000080002CC6] -> 0x7FDE
[2870] [M]: 0x0000000080002CC4 (0x7FDE8E93) addi t4, t4, 0x7fd
x29 <- 0xFFFFFDFFFFFFFFFD

mem[X,0x0000000080002CC8] -> 0x9E93
mem[X,0x0000000080002CCA] -> 0x00AE
[2871] [M]: 0x0000000080002CC8 (0x00AE9E93) slli t4, t4, 0xa
x29 <- 0xFFF7FFFFFFFFF400

mem[X,0x0000000080002CCC] -> 0x8E93
mem[X,0x0000000080002CCE] -> 0x3FFE
[2872] [M]: 0x0000000080002CCC (0x3FFE8E93) addi t4, t4, 0x3ff
x29 <- 0xFFF7FFFFFFFFF7FF

mem[X,0x0000000080002CD0] -> 0x0FB7
mem[X,0x0000000080002CD2] -> 0x0000
[2873] [M]: 0x0000000080002CD0 (0x00000FB7) lui t6, 0x0
x31 <- 0x0000000000000000

mem[X,0x0000000080002CD4] -> 0x8F93
mem[X,0x0000000080002CD6] -> 0x009F
[2874] [M]: 0x0000000080002CD4 (0x009F8F93) addi t6, t6, 0x9
x31 <- 0x0000000000000009

mem[X,0x0000000080002CD8] -> 0x9F93
mem[X,0x0000000080002CDA] -> 0x00BF
[2875] [M]: 0x0000000080002CD8 (0x00BF9F93) slli t6, t6, 0xb
x31 <- 0x0000000000004800

mem[X,0x0000000080002CDC] -> 0x8F93
mem[X,0x0000000080002CDE] -> 0x7FFF
[2876] [M]: 0x0000000080002CDC (0x7FFF8F93) addi t6, t6, 0x7ff
x31 <- 0x0000000000004FFF

mem[X,0x0000000080002CE0] -> 0x9F93
mem[X,0x0000000080002CE2] -> 0x00BF
[2877] [M]: 0x0000000080002CE0 (0x00BF9F93) slli t6, t6, 0xb
x31 <- 0x00000000027FF800

mem[X,0x0000000080002CE4] -> 0x8F93
mem[X,0x0000000080002CE6] -> 0x7FFF
[2878] [M]: 0x0000000080002CE4 (0x7FFF8F93) addi t6, t6, 0x7ff
x31 <- 0x00000000027FFFFF

mem[X,0x0000000080002CE8] -> 0x9F93
mem[X,0x0000000080002CEA] -> 0x00AF
[2879] [M]: 0x0000000080002CE8 (0x00AF9F93) slli t6, t6, 0xa
x31 <- 0x00000009FFFFFC00

mem[X,0x0000000080002CEC] -> 0x8F93
mem[X,0x0000000080002CEE] -> 0x3FCF
[2880] [M]: 0x0000000080002CEC (0x3FCF8F93) addi t6, t6, 0x3fc
x31 <- 0x00000009FFFFFFFC

mem[X,0x0000000080002CF0] -> 0x1FBB
mem[X,0x0000000080002CF2] -> 0xBBDF
[2881] [M]: 0x0000000080002CF0 (0xBBDF1FBB) pmaccu.w.heo t6, t5, t4
x31 <- 0x00000009FFFFFFFC

mem[X,0x0000000080002CF4] -> 0xB023
mem[X,0x0000000080002CF6] -> 0x2DF0
[2882] [M]: 0x0000000080002CF4 (0x2DF0B023) sd t6, 0x2c0(ra)
mem[0x00000000800064C0] <- 0x00000009FFFFFFFC

mem[X,0x0000000080002CF8] -> 0xBF37
mem[X,0x0000000080002CFA] -> 0xAAAA
[2883] [M]: 0x0000000080002CF8 (0xAAAABF37) lui t5, -0x55555
x30 <- 0xFFFFFFFFAAAAB000

mem[X,0x0000000080002CFC] -> 0x0F13
mem[X,0x0000000080002CFE] -> 0xAAAF
[2884] [M]: 0x0000000080002CFC (0xAAAF0F13) addi t5, t5, -0x556
x30 <- 0xFFFFFFFFAAAAAAAA

mem[X,0x0000000080002D00] -> 0x1F13
mem[X,0x0000000080002D02] -> 0x00BF
[2885] [M]: 0x0000000080002D00 (0x00BF1F13) slli t5, t5, 0xb
x30 <- 0xFFFFFD5555555000

mem[X,0x0000000080002D04] -> 0x0F13
mem[X,0x0000000080002D06] -> 0x7FFF
[2886] [M]: 0x0000000080002D04 (0x7FFF0F13) addi t5, t5, 0x7ff
x30 <- 0xFFFFFD55555557FF

mem[X,0x0000000080002D08] -> 0x1F13
mem[X,0x0000000080002D0A] -> 0x00BF
[2887] [M]: 0x0000000080002D08 (0x00BF1F13) slli t5, t5, 0xb
x30 <- 0xFFEAAAAAAABFF800

mem[X,0x0000000080002D0C] -> 0x0F13
mem[X,0x0000000080002D0E] -> 0x7FFF
[2888] [M]: 0x0000000080002D0C (0x7FFF0F13) addi t5, t5, 0x7ff
x30 <- 0xFFEAAAAAAABFFFFF

mem[X,0x0000000080002D10] -> 0x1F13
mem[X,0x0000000080002D12] -> 0x00AF
[2889] [M]: 0x0000000080002D10 (0x00AF1F13) slli t5, t5, 0xa
x30 <- 0xAAAAAAAAFFFFFC00

mem[X,0x0000000080002D14] -> 0x0F13
mem[X,0x0000000080002D16] -> 0x3FBF
[2890] [M]: 0x0000000080002D14 (0x3FBF0F13) addi t5, t5, 0x3fb
x30 <- 0xAAAAAAAAFFFFFFFB

mem[X,0x0000000080002D18] -> 0x0EB7
mem[X,0x0000000080002D1A] -> 0x0100
[2891] [M]: 0x0000000080002D18 (0x01000EB7) lui t4, 0x1000
x29 <- 0x0000000001000000

mem[X,0x0000000080002D1C] -> 0x8E93
mem[X,0x0000000080002D1E] -> 0x001E
[2892] [M]: 0x0000000080002D1C (0x001E8E93) addi t4, t4, 0x1
x29 <- 0x0000000001000001

mem[X,0x0000000080002D20] -> 0x9E93
mem[X,0x0000000080002D22] -> 0x013E
[2893] [M]: 0x0000000080002D20 (0x013E9E93) slli t4, t4, 0x13
x29 <- 0x0000080000080000

mem[X,0x0000000080002D24] -> 0x0FB7
mem[X,0x0000000080002D26] -> 0x0002
[2894] [M]: 0x0000000080002D24 (0x00020FB7) lui t6, 0x20
x31 <- 0x0000000000020000

mem[X,0x0000000080002D28] -> 0x8F93
mem[X,0x0000000080002D2A] -> 0x000F
[2895] [M]: 0x0000000080002D28 (0x000F8F93) addi t6, t6, 0x0
x31 <- 0x0000000000020000

mem[X,0x0000000080002D2C] -> 0x9F93
mem[X,0x0000000080002D2E] -> 0x00BF
[2896] [M]: 0x0000000080002D2C (0x00BF9F93) slli t6, t6, 0xb
x31 <- 0x0000000010000000

mem[X,0x0000000080002D30] -> 0x8F93
mem[X,0x0000000080002D32] -> 0x000F
[2897] [M]: 0x0000000080002D30 (0x000F8F93) addi t6, t6, 0x0
x31 <- 0x0000000010000000

mem[X,0x0000000080002D34] -> 0x9F93
mem[X,0x0000000080002D36] -> 0x00BF
[2898] [M]: 0x0000000080002D34 (0x00BF9F93) slli t6, t6, 0xb
x31 <- 0x0000008000000000

mem[X,0x0000000080002D38] -> 0x8F93
mem[X,0x0000000080002D3A] -> 0x000F
[2899] [M]: 0x0000000080002D38 (0x000F8F93) addi t6, t6, 0x0
x31 <- 0x0000008000000000

clint::tick mtime <- 0x000000000000001D
 clint timer pending at mtime 0x000000000000001D
htif::tick 0x0000000000000000
mem[X,0x0000000080002D3C] -> 0x9F93
mem[X,0x0000000080002D3E] -> 0x00AF
[2900] [M]: 0x0000000080002D3C (0x00AF9F93) slli t6, t6, 0xa
x31 <- 0x0002000000000000

mem[X,0x0000000080002D40] -> 0x8F93
mem[X,0x0000000080002D42] -> 0x020F
[2901] [M]: 0x0000000080002D40 (0x020F8F93) addi t6, t6, 0x20
x31 <- 0x0002000000000020

mem[X,0x0000000080002D44] -> 0x1FBB
mem[X,0x0000000080002D46] -> 0xBBDF
[2902] [M]: 0x0000000080002D44 (0xBBDF1FBB) pmaccu.w.heo t6, t5, t4
x31 <- 0x0002000000000020

mem[X,0x0000000080002D48] -> 0xB423
mem[X,0x0000000080002D4A] -> 0x2DF0
[2903] [M]: 0x0000000080002D48 (0x2DF0B423) sd t6, 0x2c8(ra)
mem[0x00000000800064C8] <- 0x0002000000000020

mem[X,0x0000000080002D4C] -> 0x0F37
mem[X,0x0000000080002D4E] -> 0x0000
[2904] [M]: 0x0000000080002D4C (0x00000F37) lui t5, 0x0
x30 <- 0x0000000000000000

mem[X,0x0000000080002D50] -> 0x0F13
mem[X,0x0000000080002D52] -> 0x040F
[2905] [M]: 0x0000000080002D50 (0x040F0F13) addi t5, t5, 0x40
x30 <- 0x0000000000000040

mem[X,0x0000000080002D54] -> 0x1F13
mem[X,0x0000000080002D56] -> 0x00BF
[2906] [M]: 0x0000000080002D54 (0x00BF1F13) slli t5, t5, 0xb
x30 <- 0x0000000000020000

mem[X,0x0000000080002D58] -> 0x0F13
mem[X,0x0000000080002D5A] -> 0x7FFF
[2907] [M]: 0x0000000080002D58 (0x7FFF0F13) addi t5, t5, 0x7ff
x30 <- 0x00000000000207FF

mem[X,0x0000000080002D5C] -> 0x1F13
mem[X,0x0000000080002D5E] -> 0x00BF
[2908] [M]: 0x0000000080002D5C (0x00BF1F13) slli t5, t5, 0xb
x30 <- 0x00000000103FF800

mem[X,0x0000000080002D60] -> 0x0F13
mem[X,0x0000000080002D62] -> 0x7FFF
[2909] [M]: 0x0000000080002D60 (0x7FFF0F13) addi t5, t5, 0x7ff
x30 <- 0x00000000103FFFFF

mem[X,0x0000000080002D64] -> 0x1F13
mem[X,0x0000000080002D66] -> 0x00AF
[2910] [M]: 0x0000000080002D64 (0x00AF1F13) slli t5, t5, 0xa
x30 <- 0x00000040FFFFFC00

mem[X,0x0000000080002D68] -> 0x0F13
mem[X,0x0000000080002D6A] -> 0x2FFF
[2911] [M]: 0x0000000080002D68 (0x2FFF0F13) addi t5, t5, 0x2ff
x30 <- 0x00000040FFFFFEFF

mem[X,0x0000000080002D6C] -> 0x0EB7
mem[X,0x0000000080002D6E] -> 0xFFFF
[2912] [M]: 0x0000000080002D6C (0xFFFF0EB7) lui t4, -0x10
x29 <- 0xFFFFFFFFFFFF0000

mem[X,0x0000000080002D70] -> 0x8E93
mem[X,0x0000000080002D72] -> 0xFFFE
[2913] [M]: 0x0000000080002D70 (0xFFFE8E93) addi t4, t4, -0x1
x29 <- 0xFFFFFFFFFFFEFFFF

mem[X,0x0000000080002D74] -> 0x9E93
mem[X,0x0000000080002D76] -> 0x00BE
[2914] [M]: 0x0000000080002D74 (0x00BE9E93) slli t4, t4, 0xb
x29 <- 0xFFFFFFFFF7FFF800

mem[X,0x0000000080002D78] -> 0x8E93
mem[X,0x0000000080002D7A] -> 0x000E
[2915] [M]: 0x0000000080002D78 (0x000E8E93) addi t4, t4, 0x0
x29 <- 0xFFFFFFFFF7FFF800

mem[X,0x0000000080002D7C] -> 0x9E93
mem[X,0x0000000080002D7E] -> 0x00BE
[2916] [M]: 0x0000000080002D7C (0x00BE9E93) slli t4, t4, 0xb
x29 <- 0xFFFFFFBFFFC00000

mem[X,0x0000000080002D80] -> 0x8E93
mem[X,0x0000000080002D82] -> 0x000E
[2917] [M]: 0x0000000080002D80 (0x000E8E93) addi t4, t4, 0x0
x29 <- 0xFFFFFFBFFFC00000

mem[X,0x0000000080002D84] -> 0x9E93
mem[X,0x0000000080002D86] -> 0x00AE
[2918] [M]: 0x0000000080002D84 (0x00AE9E93) slli t4, t4, 0xa
x29 <- 0xFFFEFFFF00000000

mem[X,0x0000000080002D88] -> 0x0FB7
mem[X,0x0000000080002D8A] -> 0x1000
[2919] [M]: 0x0000000080002D88 (0x10000FB7) lui t6, 0x10000
x31 <- 0x0000000010000000

mem[X,0x0000000080002D8C] -> 0x8F93
mem[X,0x0000000080002D8E] -> 0x000F
[2920] [M]: 0x0000000080002D8C (0x000F8F93) addi t6, t6, 0x0
x31 <- 0x0000000010000000

mem[X,0x0000000080002D90] -> 0x9F93
mem[X,0x0000000080002D92] -> 0x00BF
[2921] [M]: 0x0000000080002D90 (0x00BF9F93) slli t6, t6, 0xb
x31 <- 0x0000008000000000

mem[X,0x0000000080002D94] -> 0x8F93
mem[X,0x0000000080002D96] -> 0x7FBF
[2922] [M]: 0x0000000080002D94 (0x7FBF8F93) addi t6, t6, 0x7fb
x31 <- 0x00000080000007FB

mem[X,0x0000000080002D98] -> 0x9F93
mem[X,0x0000000080002D9A] -> 0x00BF
[2923] [M]: 0x0000000080002D98 (0x00BF9F93) slli t6, t6, 0xb
x31 <- 0x00040000003FD800

mem[X,0x0000000080002D9C] -> 0x8F93
mem[X,0x0000000080002D9E] -> 0x7FFF
[2924] [M]: 0x0000000080002D9C (0x7FFF8F93) addi t6, t6, 0x7ff
x31 <- 0x00040000003FDFFF

mem[X,0x0000000080002DA0] -> 0x9F93
mem[X,0x0000000080002DA2] -> 0x00AF
[2925] [M]: 0x0000000080002DA0 (0x00AF9F93) slli t6, t6, 0xa
x31 <- 0x10000000FF7FFC00

mem[X,0x0000000080002DA4] -> 0x8F93
mem[X,0x0000000080002DA6] -> 0x3FFF
[2926] [M]: 0x0000000080002DA4 (0x3FFF8F93) addi t6, t6, 0x3ff
x31 <- 0x10000000FF7FFFFF

mem[X,0x0000000080002DA8] -> 0x1FBB
mem[X,0x0000000080002DAA] -> 0xBBDF
[2927] [M]: 0x0000000080002DA8 (0xBBDF1FBB) pmaccu.w.heo t6, t5, t4
x31 <- 0x10000000FF7FFFFF

mem[X,0x0000000080002DAC] -> 0xB823
mem[X,0x0000000080002DAE] -> 0x2DF0
[2928] [M]: 0x0000000080002DAC (0x2DF0B823) sd t6, 0x2d0(ra)
mem[0x00000000800064D0] <- 0x10000000FF7FFFFF

mem[X,0x0000000080002DB0] -> 0x0F37
mem[X,0x0000000080002DB2] -> 0xFFF8
[2929] [M]: 0x0000000080002DB0 (0xFFF80F37) lui t5, -0x80
x30 <- 0xFFFFFFFFFFF80000

mem[X,0x0000000080002DB4] -> 0x0F13
mem[X,0x0000000080002DB6] -> 0xFFFF
[2930] [M]: 0x0000000080002DB4 (0xFFFF0F13) addi t5, t5, -0x1
x30 <- 0xFFFFFFFFFFF7FFFF

mem[X,0x0000000080002DB8] -> 0x1F13
mem[X,0x0000000080002DBA] -> 0x00BF
[2931] [M]: 0x0000000080002DB8 (0x00BF1F13) slli t5, t5, 0xb
x30 <- 0xFFFFFFFFBFFFF800

mem[X,0x0000000080002DBC] -> 0x0F13
mem[X,0x0000000080002DBE] -> 0x7F7F
[2932] [M]: 0x0000000080002DBC (0x7F7F0F13) addi t5, t5, 0x7f7
x30 <- 0xFFFFFFFFBFFFFFF7

mem[X,0x0000000080002DC0] -> 0x1F13
mem[X,0x0000000080002DC2] -> 0x00BF
[2933] [M]: 0x0000000080002DC0 (0x00BF1F13) slli t5, t5, 0xb
x30 <- 0xFFFFFDFFFFFFB800

mem[X,0x0000000080002DC4] -> 0x0F13
mem[X,0x0000000080002DC6] -> 0x7FFF
[2934] [M]: 0x0000000080002DC4 (0x7FFF0F13) addi t5, t5, 0x7ff
x30 <- 0xFFFFFDFFFFFFBFFF

mem[X,0x0000000080002DC8] -> 0x1F13
mem[X,0x0000000080002DCA] -> 0x00AF
[2935] [M]: 0x0000000080002DC8 (0x00AF1F13) slli t5, t5, 0xa
x30 <- 0xFFF7FFFFFEFFFC00

mem[X,0x0000000080002DCC] -> 0x0F13
mem[X,0x0000000080002DCE] -> 0x3FFF
[2936] [M]: 0x0000000080002DCC (0x3FFF0F13) addi t5, t5, 0x3ff
x30 <- 0xFFF7FFFFFEFFFFFF

mem[X,0x0000000080002DD0] -> 0x0EB7
mem[X,0x0000000080002DD2] -> 0x0004
[2937] [M]: 0x0000000080002DD0 (0x00040EB7) lui t4, 0x40
x29 <- 0x0000000000040000

mem[X,0x0000000080002DD4] -> 0x8E93
mem[X,0x0000000080002DD6] -> 0x001E
[2938] [M]: 0x0000000080002DD4 (0x001E8E93) addi t4, t4, 0x1
x29 <- 0x0000000000040001

mem[X,0x0000000080002DD8] -> 0x9E93
mem[X,0x0000000080002DDA] -> 0x012E
[2939] [M]: 0x0000000080002DD8 (0x012E9E93) slli t4, t4, 0x12
x29 <- 0x0000001000040000

mem[X,0x0000000080002DDC] -> 0x8FB7
mem[X,0x0000000080002DDE] -> 0x0000
[2940] [M]: 0x0000000080002DDC (0x00008FB7) lui t6, 0x8
x31 <- 0x0000000000008000

mem[X,0x0000000080002DE0] -> 0x8F93
mem[X,0x0000000080002DE2] -> 0x001F
[2941] [M]: 0x0000000080002DE0 (0x001F8F93) addi t6, t6, 0x1
x31 <- 0x0000000000008001

mem[X,0x0000000080002DE4] -> 0x9F93
mem[X,0x0000000080002DE6] -> 0x012F
[2942] [M]: 0x0000000080002DE4 (0x012F9F93) slli t6, t6, 0x12
x31 <- 0x0000000200040000

mem[X,0x0000000080002DE8] -> 0x1FBB
mem[X,0x0000000080002DEA] -> 0xBBDF
[2943] [M]: 0x0000000080002DE8 (0xBBDF1FBB) pmaccu.w.heo t6, t5, t4
x31 <- 0x0000000200040000

mem[X,0x0000000080002DEC] -> 0xBC23
mem[X,0x0000000080002DEE] -> 0x2DF0
[2944] [M]: 0x0000000080002DEC (0x2DF0BC23) sd t6, 0x2d8(ra)
mem[0x00000000800064D8] <- 0x0000000200040000

mem[X,0x0000000080002DF0] -> 0x0F13
mem[X,0x0000000080002DF2] -> 0xFFF0
[2945] [M]: 0x0000000080002DF0 (0xFFF00F13) addi t5, zero, -0x1
x30 <- 0xFFFFFFFFFFFFFFFF

mem[X,0x0000000080002DF4] -> 0x5F13
mem[X,0x0000000080002DF6] -> 0x01FF
[2946] [M]: 0x0000000080002DF4 (0x01FF5F13) srli t5, t5, 0x1f
x30 <- 0x00000001FFFFFFFF

mem[X,0x0000000080002DF8] -> 0x1F13
mem[X,0x0000000080002DFA] -> 0x001F
[2947] [M]: 0x0000000080002DF8 (0x001F1F13) slli t5, t5, 0x1
x30 <- 0x00000003FFFFFFFE

mem[X,0x0000000080002DFC] -> 0xCEB7
mem[X,0x0000000080002DFE] -> 0xFFFF
[2948] [M]: 0x0000000080002DFC (0xFFFFCEB7) lui t4, -0x4
x29 <- 0xFFFFFFFFFFFFC000

mem[X,0x0000000080002E00] -> 0x8E93
mem[X,0x0000000080002E02] -> 0xFFFE
[2949] [M]: 0x0000000080002E00 (0xFFFE8E93) addi t4, t4, -0x1
x29 <- 0xFFFFFFFFFFFFBFFF

mem[X,0x0000000080002E04] -> 0x9E93
mem[X,0x0000000080002E06] -> 0x00BE
[2950] [M]: 0x0000000080002E04 (0x00BE9E93) slli t4, t4, 0xb
x29 <- 0xFFFFFFFFFDFFF800

mem[X,0x0000000080002E08] -> 0x8E93
mem[X,0x0000000080002E0A] -> 0x7FDE
[2951] [M]: 0x0000000080002E08 (0x7FDE8E93) addi t4, t4, 0x7fd
x29 <- 0xFFFFFFFFFDFFFFFD

mem[X,0x0000000080002E0C] -> 0x9E93
mem[X,0x0000000080002E0E] -> 0x00BE
[2952] [M]: 0x0000000080002E0C (0x00BE9E93) slli t4, t4, 0xb
x29 <- 0xFFFFFFEFFFFFE800

mem[X,0x0000000080002E10] -> 0x8E93
mem[X,0x0000000080002E12] -> 0x7FFE
[2953] [M]: 0x0000000080002E10 (0x7FFE8E93) addi t4, t4, 0x7ff
x29 <- 0xFFFFFFEFFFFFEFFF

mem[X,0x0000000080002E14] -> 0x9E93
mem[X,0x0000000080002E16] -> 0x00AE
[2954] [M]: 0x0000000080002E14 (0x00AE9E93) slli t4, t4, 0xa
x29 <- 0xFFFFBFFFFFBFFC00

mem[X,0x0000000080002E18] -> 0x8E93
mem[X,0x0000000080002E1A] -> 0x3FFE
[2955] [M]: 0x0000000080002E18 (0x3FFE8E93) addi t4, t4, 0x3ff
x29 <- 0xFFFFBFFFFFBFFFFF

mem[X,0x0000000080002E1C] -> 0x0FB7
mem[X,0x0000000080002E1E] -> 0x0000
[2956] [M]: 0x0000000080002E1C (0x00000FB7) lui t6, 0x0
x31 <- 0x0000000000000000

mem[X,0x0000000080002E20] -> 0x8F93
mem[X,0x0000000080002E22] -> 0xFDFF
[2957] [M]: 0x0000000080002E20 (0xFDFF8F93) addi t6, t6, -0x21
x31 <- 0xFFFFFFFFFFFFFFDF

mem[X,0x0000000080002E24] -> 0x9F93
mem[X,0x0000000080002E26] -> 0x00BF
[2958] [M]: 0x0000000080002E24 (0x00BF9F93) slli t6, t6, 0xb
x31 <- 0xFFFFFFFFFFFEF800

mem[X,0x0000000080002E28] -> 0x8F93
mem[X,0x0000000080002E2A] -> 0x7EFF
[2959] [M]: 0x0000000080002E28 (0x7EFF8F93) addi t6, t6, 0x7ef
x31 <- 0xFFFFFFFFFFFEFFEF

mem[X,0x0000000080002E2C] -> 0x9F93
mem[X,0x0000000080002E2E] -> 0x00BF
[2960] [M]: 0x0000000080002E2C (0x00BF9F93) slli t6, t6, 0xb
x31 <- 0xFFFFFFFFF7FF7800

mem[X,0x0000000080002E30] -> 0x8F93
mem[X,0x0000000080002E32] -> 0x7FFF
[2961] [M]: 0x0000000080002E30 (0x7FFF8F93) addi t6, t6, 0x7ff
x31 <- 0xFFFFFFFFF7FF7FFF

mem[X,0x0000000080002E34] -> 0x9F93
mem[X,0x0000000080002E36] -> 0x00AF
[2962] [M]: 0x0000000080002E34 (0x00AF9F93) slli t6, t6, 0xa
x31 <- 0xFFFFFFDFFDFFFC00

mem[X,0x0000000080002E38] -> 0x8F93
mem[X,0x0000000080002E3A] -> 0x3FFF
[2963] [M]: 0x0000000080002E38 (0x3FFF8F93) addi t6, t6, 0x3ff
x31 <- 0xFFFFFFDFFDFFFFFF

mem[X,0x0000000080002E3C] -> 0x1FBB
mem[X,0x0000000080002E3E] -> 0xBBDF
[2964] [M]: 0x0000000080002E3C (0xBBDF1FBB) pmaccu.w.heo t6, t5, t4
x31 <- 0x0000FCE1FE00FD01

mem[X,0x0000000080002E40] -> 0xB023
mem[X,0x0000000080002E42] -> 0x2FF0
[2965] [M]: 0x0000000080002E40 (0x2FF0B023) sd t6, 0x2e0(ra)
mem[0x00000000800064E0] <- 0x0000FCE1FE00FD01

mem[X,0x0000000080002E44] -> 0x0F37
mem[X,0x0000000080002E46] -> 0x0000
[2966] [M]: 0x0000000080002E44 (0x00000F37) lui t5, 0x0
x30 <- 0x0000000000000000

mem[X,0x0000000080002E48] -> 0x0F13
mem[X,0x0000000080002E4A] -> 0x002F
[2967] [M]: 0x0000000080002E48 (0x002F0F13) addi t5, t5, 0x2
x30 <- 0x0000000000000002

mem[X,0x0000000080002E4C] -> 0x1F13
mem[X,0x0000000080002E4E] -> 0x00BF
[2968] [M]: 0x0000000080002E4C (0x00BF1F13) slli t5, t5, 0xb
x30 <- 0x0000000000001000

mem[X,0x0000000080002E50] -> 0x0F13
mem[X,0x0000000080002E52] -> 0x002F
[2969] [M]: 0x0000000080002E50 (0x002F0F13) addi t5, t5, 0x2
x30 <- 0x0000000000001002

mem[X,0x0000000080002E54] -> 0x1F13
mem[X,0x0000000080002E56] -> 0x00BF
[2970] [M]: 0x0000000080002E54 (0x00BF1F13) slli t5, t5, 0xb
x30 <- 0x0000000000801000

mem[X,0x0000000080002E58] -> 0x0F13
mem[X,0x0000000080002E5A] -> 0x000F
[2971] [M]: 0x0000000080002E58 (0x000F0F13) addi t5, t5, 0x0
x30 <- 0x0000000000801000

mem[X,0x0000000080002E5C] -> 0x1F13
mem[X,0x0000000080002E5E] -> 0x00AF
[2972] [M]: 0x0000000080002E5C (0x00AF1F13) slli t5, t5, 0xa
x30 <- 0x0000000200400000

mem[X,0x0000000080002E60] -> 0x0EB7
mem[X,0x0000000080002E62] -> 0x0000
[2973] [M]: 0x0000000080002E60 (0x00000EB7) lui t4, 0x0
x29 <- 0x0000000000000000

mem[X,0x0000000080002E64] -> 0x8E93
mem[X,0x0000000080002E66] -> 0x400E
[2974] [M]: 0x0000000080002E64 (0x400E8E93) addi t4, t4, 0x400
x29 <- 0x0000000000000400

mem[X,0x0000000080002E68] -> 0x9E93
mem[X,0x0000000080002E6A] -> 0x00BE
[2975] [M]: 0x0000000080002E68 (0x00BE9E93) slli t4, t4, 0xb
x29 <- 0x0000000000200000

mem[X,0x0000000080002E6C] -> 0x8E93
mem[X,0x0000000080002E6E] -> 0x7DFE
[2976] [M]: 0x0000000080002E6C (0x7DFE8E93) addi t4, t4, 0x7df
x29 <- 0x00000000002007DF

mem[X,0x0000000080002E70] -> 0x9E93
mem[X,0x0000000080002E72] -> 0x00BE
[2977] [M]: 0x0000000080002E70 (0x00BE9E93) slli t4, t4, 0xb
x29 <- 0x00000001003EF800

mem[X,0x0000000080002E74] -> 0x8E93
mem[X,0x0000000080002E76] -> 0x7FFE
[2978] [M]: 0x0000000080002E74 (0x7FFE8E93) addi t4, t4, 0x7ff
x29 <- 0x00000001003EFFFF

mem[X,0x0000000080002E78] -> 0x9E93
mem[X,0x0000000080002E7A] -> 0x00AE
[2979] [M]: 0x0000000080002E78 (0x00AE9E93) slli t4, t4, 0xa
x29 <- 0x00000400FBFFFC00

mem[X,0x0000000080002E7C] -> 0x8E93
mem[X,0x0000000080002E7E] -> 0x3FFE
[2980] [M]: 0x0000000080002E7C (0x3FFE8E93) addi t4, t4, 0x3ff
x29 <- 0x00000400FBFFFFFF

mem[X,0x0000000080002E80] -> 0x0FB7
mem[X,0x0000000080002E82] -> 0x0080
[2981] [M]: 0x0000000080002E80 (0x00800FB7) lui t6, 0x800
x31 <- 0x0000000000800000

mem[X,0x0000000080002E84] -> 0x8F93
mem[X,0x0000000080002E86] -> 0x000F
[2982] [M]: 0x0000000080002E84 (0x000F8F93) addi t6, t6, 0x0
x31 <- 0x0000000000800000

mem[X,0x0000000080002E88] -> 0x9F93
mem[X,0x0000000080002E8A] -> 0x00BF
[2983] [M]: 0x0000000080002E88 (0x00BF9F93) slli t6, t6, 0xb
x31 <- 0x0000000400000000

mem[X,0x0000000080002E8C] -> 0x8F93
mem[X,0x0000000080002E8E] -> 0x000F
[2984] [M]: 0x0000000080002E8C (0x000F8F93) addi t6, t6, 0x0
x31 <- 0x0000000400000000

mem[X,0x0000000080002E90] -> 0x9F93
mem[X,0x0000000080002E92] -> 0x00BF
[2985] [M]: 0x0000000080002E90 (0x00BF9F93) slli t6, t6, 0xb
x31 <- 0x0000200000000000

mem[X,0x0000000080002E94] -> 0x8F93
mem[X,0x0000000080002E96] -> 0x000F
[2986] [M]: 0x0000000080002E94 (0x000F8F93) addi t6, t6, 0x0
x31 <- 0x0000200000000000

mem[X,0x0000000080002E98] -> 0x9F93
mem[X,0x0000000080002E9A] -> 0x00AF
[2987] [M]: 0x0000000080002E98 (0x00AF9F93) slli t6, t6, 0xa
x31 <- 0x0080000000000000

mem[X,0x0000000080002E9C] -> 0x8F93
mem[X,0x0000000080002E9E] -> 0x001F
[2988] [M]: 0x0000000080002E9C (0x001F8F93) addi t6, t6, 0x1
x31 <- 0x0080000000000001

mem[X,0x0000000080002EA0] -> 0x1FBB
mem[X,0x0000000080002EA2] -> 0xBBDF
[2989] [M]: 0x0000000080002EA0 (0xBBDF1FBB) pmaccu.w.heo t6, t5, t4
x31 <- 0x0080000000000001

mem[X,0x0000000080002EA4] -> 0xB423
mem[X,0x0000000080002EA6] -> 0x2FF0
[2990] [M]: 0x0000000080002EA4 (0x2FF0B423) sd t6, 0x2e8(ra)
mem[0x00000000800064E8] <- 0x0080000000000001

mem[X,0x0000000080002EA8] -> 0x0F13
mem[X,0x0000000080002EAA] -> 0xFEF0
[2991] [M]: 0x0000000080002EA8 (0xFEF00F13) addi t5, zero, -0x11
x30 <- 0xFFFFFFFFFFFFFFEF

mem[X,0x0000000080002EAC] -> 0x0EB7
mem[X,0x0000000080002EAE] -> 0x0000
[2992] [M]: 0x0000000080002EAC (0x00000EB7) lui t4, 0x0
x29 <- 0x0000000000000000

mem[X,0x0000000080002EB0] -> 0x8E93
mem[X,0x0000000080002EB2] -> 0x001E
[2993] [M]: 0x0000000080002EB0 (0x001E8E93) addi t4, t4, 0x1
x29 <- 0x0000000000000001

mem[X,0x0000000080002EB4] -> 0x9E93
mem[X,0x0000000080002EB6] -> 0x00BE
[2994] [M]: 0x0000000080002EB4 (0x00BE9E93) slli t4, t4, 0xb
x29 <- 0x0000000000000800

mem[X,0x0000000080002EB8] -> 0x8E93
mem[X,0x0000000080002EBA] -> 0x77FE
[2995] [M]: 0x0000000080002EB8 (0x77FE8E93) addi t4, t4, 0x77f
x29 <- 0x0000000000000F7F

mem[X,0x0000000080002EBC] -> 0x9E93
mem[X,0x0000000080002EBE] -> 0x00BE
[2996] [M]: 0x0000000080002EBC (0x00BE9E93) slli t4, t4, 0xb
x29 <- 0x00000000007BF800

mem[X,0x0000000080002EC0] -> 0x8E93
mem[X,0x0000000080002EC2] -> 0x7FFE
[2997] [M]: 0x0000000080002EC0 (0x7FFE8E93) addi t4, t4, 0x7ff
x29 <- 0x00000000007BFFFF

mem[X,0x0000000080002EC4] -> 0x9E93
mem[X,0x0000000080002EC6] -> 0x00AE
[2998] [M]: 0x0000000080002EC4 (0x00AE9E93) slli t4, t4, 0xa
x29 <- 0x00000001EFFFFC00

mem[X,0x0000000080002EC8] -> 0x8E93
mem[X,0x0000000080002ECA] -> 0x3FFE
[2999] [M]: 0x0000000080002EC8 (0x3FFE8E93) addi t4, t4, 0x3ff
x29 <- 0x00000001EFFFFFFF

clint::tick mtime <- 0x000000000000001E
 clint timer pending at mtime 0x000000000000001E
htif::tick 0x0000000000000000
mem[X,0x0000000080002ECC] -> 0x0FB7
mem[X,0x0000000080002ECE] -> 0x0000
[3000] [M]: 0x0000000080002ECC (0x00000FB7) lui t6, 0x0
x31 <- 0x0000000000000000

mem[X,0x0000000080002ED0] -> 0x8F93
mem[X,0x0000000080002ED2] -> 0x008F
[3001] [M]: 0x0000000080002ED0 (0x008F8F93) addi t6, t6, 0x8
x31 <- 0x0000000000000008

mem[X,0x0000000080002ED4] -> 0x9F93
mem[X,0x0000000080002ED6] -> 0x00BF
[3002] [M]: 0x0000000080002ED4 (0x00BF9F93) slli t6, t6, 0xb
x31 <- 0x0000000000004000

mem[X,0x0000000080002ED8] -> 0x8F93
mem[X,0x0000000080002EDA] -> 0x7BFF
[3003] [M]: 0x0000000080002ED8 (0x7BFF8F93) addi t6, t6, 0x7bf
x31 <- 0x00000000000047BF

mem[X,0x0000000080002EDC] -> 0x9F93
mem[X,0x0000000080002EDE] -> 0x00BF
[3004] [M]: 0x0000000080002EDC (0x00BF9F93) slli t6, t6, 0xb
x31 <- 0x00000000023DF800

mem[X,0x0000000080002EE0] -> 0x8F93
mem[X,0x0000000080002EE2] -> 0x7FFF
[3005] [M]: 0x0000000080002EE0 (0x7FFF8F93) addi t6, t6, 0x7ff
x31 <- 0x00000000023DFFFF

mem[X,0x0000000080002EE4] -> 0x9F93
mem[X,0x0000000080002EE6] -> 0x00AF
[3006] [M]: 0x0000000080002EE4 (0x00AF9F93) slli t6, t6, 0xa
x31 <- 0x00000008F7FFFC00

mem[X,0x0000000080002EE8] -> 0x8F93
mem[X,0x0000000080002EEA] -> 0x3FFF
[3007] [M]: 0x0000000080002EE8 (0x3FFF8F93) addi t6, t6, 0x3ff
x31 <- 0x00000008F7FFFFFF

mem[X,0x0000000080002EEC] -> 0x1FBB
mem[X,0x0000000080002EEE] -> 0xBBDF
[3008] [M]: 0x0000000080002EEC (0xBBDF1FBB) pmaccu.w.heo t6, t5, t4
x31 <- 0x0000EE19F800EE10

mem[X,0x0000000080002EF0] -> 0xB823
mem[X,0x0000000080002EF2] -> 0x2FF0
[3009] [M]: 0x0000000080002EF0 (0x2FF0B823) sd t6, 0x2f0(ra)
mem[0x00000000800064F0] <- 0x0000EE19F800EE10

mem[X,0x0000000080002EF4] -> 0x0F37
mem[X,0x0000000080002EF6] -> 0x0000
[3010] [M]: 0x0000000080002EF4 (0x00000F37) lui t5, 0x0
x30 <- 0x0000000000000000

mem[X,0x0000000080002EF8] -> 0x0F13
mem[X,0x0000000080002EFA] -> 0x200F
[3011] [M]: 0x0000000080002EF8 (0x200F0F13) addi t5, t5, 0x200
x30 <- 0x0000000000000200

mem[X,0x0000000080002EFC] -> 0x1F13
mem[X,0x0000000080002EFE] -> 0x00BF
[3012] [M]: 0x0000000080002EFC (0x00BF1F13) slli t5, t5, 0xb
x30 <- 0x0000000000100000

mem[X,0x0000000080002F00] -> 0x0F13
mem[X,0x0000000080002F02] -> 0x555F
[3013] [M]: 0x0000000080002F00 (0x555F0F13) addi t5, t5, 0x555
x30 <- 0x0000000000100555

mem[X,0x0000000080002F04] -> 0x1F13
mem[X,0x0000000080002F06] -> 0x00BF
[3014] [M]: 0x0000000080002F04 (0x00BF1F13) slli t5, t5, 0xb
x30 <- 0x00000000802AA800

mem[X,0x0000000080002F08] -> 0x0F13
mem[X,0x0000000080002F0A] -> 0x2AAF
[3015] [M]: 0x0000000080002F08 (0x2AAF0F13) addi t5, t5, 0x2aa
x30 <- 0x00000000802AAAAA

mem[X,0x0000000080002F0C] -> 0x1F13
mem[X,0x0000000080002F0E] -> 0x00AF
[3016] [M]: 0x0000000080002F0C (0x00AF1F13) slli t5, t5, 0xa
x30 <- 0x00000200AAAAA800

mem[X,0x0000000080002F10] -> 0x0F13
mem[X,0x0000000080002F12] -> 0x2AAF
[3017] [M]: 0x0000000080002F10 (0x2AAF0F13) addi t5, t5, 0x2aa
x30 <- 0x00000200AAAAAAAA

mem[X,0x0000000080002F14] -> 0x0EB7
mem[X,0x0000000080002F16] -> 0x0000
[3018] [M]: 0x0000000080002F14 (0x00000EB7) lui t4, 0x0
x29 <- 0x0000000000000000

mem[X,0x0000000080002F18] -> 0x8E93
mem[X,0x0000000080002F1A] -> 0x100E
[3019] [M]: 0x0000000080002F18 (0x100E8E93) addi t4, t4, 0x100
x29 <- 0x0000000000000100

mem[X,0x0000000080002F1C] -> 0x9E93
mem[X,0x0000000080002F1E] -> 0x00BE
[3020] [M]: 0x0000000080002F1C (0x00BE9E93) slli t4, t4, 0xb
x29 <- 0x0000000000080000

mem[X,0x0000000080002F20] -> 0x8E93
mem[X,0x0000000080002F22] -> 0x5FFE
[3021] [M]: 0x0000000080002F20 (0x5FFE8E93) addi t4, t4, 0x5ff
x29 <- 0x00000000000805FF

mem[X,0x0000000080002F24] -> 0x9E93
mem[X,0x0000000080002F26] -> 0x00BE
[3022] [M]: 0x0000000080002F24 (0x00BE9E93) slli t4, t4, 0xb
x29 <- 0x00000000402FF800

mem[X,0x0000000080002F28] -> 0x8E93
mem[X,0x0000000080002F2A] -> 0x7FFE
[3023] [M]: 0x0000000080002F28 (0x7FFE8E93) addi t4, t4, 0x7ff
x29 <- 0x00000000402FFFFF

mem[X,0x0000000080002F2C] -> 0x9E93
mem[X,0x0000000080002F2E] -> 0x00AE
[3024] [M]: 0x0000000080002F2C (0x00AE9E93) slli t4, t4, 0xa
x29 <- 0x00000100BFFFFC00

mem[X,0x0000000080002F30] -> 0x8E93
mem[X,0x0000000080002F32] -> 0x3FFE
[3025] [M]: 0x0000000080002F30 (0x3FFE8E93) addi t4, t4, 0x3ff
x29 <- 0x00000100BFFFFFFF

mem[X,0x0000000080002F34] -> 0x1FB7
mem[X,0x0000000080002F36] -> 0x0000
[3026] [M]: 0x0000000080002F34 (0x00001FB7) lui t6, 0x1
x31 <- 0x0000000000001000

mem[X,0x0000000080002F38] -> 0x8F93
mem[X,0x0000000080002F3A] -> 0x800F
[3027] [M]: 0x0000000080002F38 (0x800F8F93) addi t6, t6, -0x800
x31 <- 0x0000000000000800

mem[X,0x0000000080002F3C] -> 0x9F93
mem[X,0x0000000080002F3E] -> 0x00BF
[3028] [M]: 0x0000000080002F3C (0x00BF9F93) slli t6, t6, 0xb
x31 <- 0x0000000000400000

mem[X,0x0000000080002F40] -> 0x8F93
mem[X,0x0000000080002F42] -> 0x7FFF
[3029] [M]: 0x0000000080002F40 (0x7FFF8F93) addi t6, t6, 0x7ff
x31 <- 0x00000000004007FF

mem[X,0x0000000080002F44] -> 0x9F93
mem[X,0x0000000080002F46] -> 0x00BF
[3030] [M]: 0x0000000080002F44 (0x00BF9F93) slli t6, t6, 0xb
x31 <- 0x00000002003FF800

mem[X,0x0000000080002F48] -> 0x8F93
mem[X,0x0000000080002F4A] -> 0x7FFF
[3031] [M]: 0x0000000080002F48 (0x7FFF8F93) addi t6, t6, 0x7ff
x31 <- 0x00000002003FFFFF

mem[X,0x0000000080002F4C] -> 0x9F93
mem[X,0x0000000080002F4E] -> 0x00AF
[3032] [M]: 0x0000000080002F4C (0x00AF9F93) slli t6, t6, 0xa
x31 <- 0x00000800FFFFFC00

mem[X,0x0000000080002F50] -> 0x8F93
mem[X,0x0000000080002F52] -> 0x3FFF
[3033] [M]: 0x0000000080002F50 (0x3FFF8F93) addi t6, t6, 0x3ff
x31 <- 0x00000800FFFFFFFF

mem[X,0x0000000080002F54] -> 0x1FBB
mem[X,0x0000000080002F56] -> 0xBBDF
[3034] [M]: 0x0000000080002F54 (0xBBDF1FBB) pmaccu.w.heo t6, t5, t4
x31 <- 0x0000B1560000A955

mem[X,0x0000000080002F58] -> 0xBC23
mem[X,0x0000000080002F5A] -> 0x2FF0
[3035] [M]: 0x0000000080002F58 (0x2FF0BC23) sd t6, 0x2f8(ra)
mem[0x00000000800064F8] <- 0x0000B1560000A955

mem[X,0x0000000080002F5C] -> 0x0F37
mem[X,0x0000000080002F5E] -> 0x0000
[3036] [M]: 0x0000000080002F5C (0x00000F37) lui t5, 0x0
x30 <- 0x0000000000000000

mem[X,0x0000000080002F60] -> 0x0F13
mem[X,0x0000000080002F62] -> 0x004F
[3037] [M]: 0x0000000080002F60 (0x004F0F13) addi t5, t5, 0x4
x30 <- 0x0000000000000004

mem[X,0x0000000080002F64] -> 0x1F13
mem[X,0x0000000080002F66] -> 0x00BF
[3038] [M]: 0x0000000080002F64 (0x00BF1F13) slli t5, t5, 0xb
x30 <- 0x0000000000002000

mem[X,0x0000000080002F68] -> 0x0F13
mem[X,0x0000000080002F6A] -> 0x7FFF
[3039] [M]: 0x0000000080002F68 (0x7FFF0F13) addi t5, t5, 0x7ff
x30 <- 0x00000000000027FF

mem[X,0x0000000080002F6C] -> 0x1F13
mem[X,0x0000000080002F6E] -> 0x00BF
[3040] [M]: 0x0000000080002F6C (0x00BF1F13) slli t5, t5, 0xb
x30 <- 0x00000000013FF800

mem[X,0x0000000080002F70] -> 0x0F13
mem[X,0x0000000080002F72] -> 0x7DFF
[3041] [M]: 0x0000000080002F70 (0x7DFF0F13) addi t5, t5, 0x7df
x30 <- 0x00000000013FFFDF

mem[X,0x0000000080002F74] -> 0x1F13
mem[X,0x0000000080002F76] -> 0x00AF
[3042] [M]: 0x0000000080002F74 (0x00AF1F13) slli t5, t5, 0xa
x30 <- 0x00000004FFFF7C00

mem[X,0x0000000080002F78] -> 0x0F13
mem[X,0x0000000080002F7A] -> 0x3FFF
[3043] [M]: 0x0000000080002F78 (0x3FFF0F13) addi t5, t5, 0x3ff
x30 <- 0x00000004FFFF7FFF

mem[X,0x0000000080002F7C] -> 0x1EB7
mem[X,0x0000000080002F7E] -> 0x0000
[3044] [M]: 0x0000000080002F7C (0x00001EB7) lui t4, 0x1
x29 <- 0x0000000000001000

mem[X,0x0000000080002F80] -> 0x8E93
mem[X,0x0000000080002F82] -> 0x800E
[3045] [M]: 0x0000000080002F80 (0x800E8E93) addi t4, t4, -0x800
x29 <- 0x0000000000000800

mem[X,0x0000000080002F84] -> 0x9E93
mem[X,0x0000000080002F86] -> 0x00BE
[3046] [M]: 0x0000000080002F84 (0x00BE9E93) slli t4, t4, 0xb
x29 <- 0x0000000000400000

mem[X,0x0000000080002F88] -> 0x8E93
mem[X,0x0000000080002F8A] -> 0x7FFE
[3047] [M]: 0x0000000080002F88 (0x7FFE8E93) addi t4, t4, 0x7ff
x29 <- 0x00000000004007FF

mem[X,0x0000000080002F8C] -> 0x9E93
mem[X,0x0000000080002F8E] -> 0x00BE
[3048] [M]: 0x0000000080002F8C (0x00BE9E93) slli t4, t4, 0xb
x29 <- 0x00000002003FF800

mem[X,0x0000000080002F90] -> 0x8E93
mem[X,0x0000000080002F92] -> 0x5FFE
[3049] [M]: 0x0000000080002F90 (0x5FFE8E93) addi t4, t4, 0x5ff
x29 <- 0x00000002003FFDFF

mem[X,0x0000000080002F94] -> 0x9E93
mem[X,0x0000000080002F96] -> 0x00AE
[3050] [M]: 0x0000000080002F94 (0x00AE9E93) slli t4, t4, 0xa
x29 <- 0x00000800FFF7FC00

mem[X,0x0000000080002F98] -> 0x8E93
mem[X,0x0000000080002F9A] -> 0x3FFE
[3051] [M]: 0x0000000080002F98 (0x3FFE8E93) addi t4, t4, 0x3ff
x29 <- 0x00000800FFF7FFFF

mem[X,0x0000000080002F9C] -> 0x0FB7
mem[X,0x0000000080002F9E] -> 0x8000
[3052] [M]: 0x0000000080002F9C (0x80000FB7) lui t6, -0x80000
x31 <- 0xFFFFFFFF80000000

mem[X,0x0000000080002FA0] -> 0x8F93
mem[X,0x0000000080002FA2] -> 0x000F
[3053] [M]: 0x0000000080002FA0 (0x000F8F93) addi t6, t6, 0x0
x31 <- 0xFFFFFFFF80000000

mem[X,0x0000000080002FA4] -> 0x9F93
mem[X,0x0000000080002FA6] -> 0x00BF
[3054] [M]: 0x0000000080002FA4 (0x00BF9F93) slli t6, t6, 0xb
x31 <- 0xFFFFFC0000000000

mem[X,0x0000000080002FA8] -> 0x8F93
mem[X,0x0000000080002FAA] -> 0x000F
[3055] [M]: 0x0000000080002FA8 (0x000F8F93) addi t6, t6, 0x0
x31 <- 0xFFFFFC0000000000

mem[X,0x0000000080002FAC] -> 0x9F93
mem[X,0x0000000080002FAE] -> 0x00BF
[3056] [M]: 0x0000000080002FAC (0x00BF9F93) slli t6, t6, 0xb
x31 <- 0xFFE0000000000000

mem[X,0x0000000080002FB0] -> 0x8F93
mem[X,0x0000000080002FB2] -> 0x001F
[3057] [M]: 0x0000000080002FB0 (0x001F8F93) addi t6, t6, 0x1
x31 <- 0xFFE0000000000001

mem[X,0x0000000080002FB4] -> 0x9F93
mem[X,0x0000000080002FB6] -> 0x00AF
[3058] [M]: 0x0000000080002FB4 (0x00AF9F93) slli t6, t6, 0xa
x31 <- 0x8000000000000400

mem[X,0x0000000080002FB8] -> 0x1FBB
mem[X,0x0000000080002FBA] -> 0xBBDF
[3059] [M]: 0x0000000080002FB8 (0xBBDF1FBB) pmaccu.w.heo t6, t5, t4
x31 <- 0x8000FE0100010201

mem[X,0x0000000080002FBC] -> 0xB023
mem[X,0x0000000080002FBE] -> 0x31F0
[3060] [M]: 0x0000000080002FBC (0x31F0B023) sd t6, 0x300(ra)
mem[0x0000000080006500] <- 0x8000FE0100010201

mem[X,0x0000000080002FC0] -> 0x0F37
mem[X,0x0000000080002FC2] -> 0x0000
[3061] [M]: 0x0000000080002FC0 (0x00000F37) lui t5, 0x0
x30 <- 0x0000000000000000

mem[X,0x0000000080002FC4] -> 0x0F13
mem[X,0x0000000080002FC6] -> 0x004F
[3062] [M]: 0x0000000080002FC4 (0x004F0F13) addi t5, t5, 0x4
x30 <- 0x0000000000000004

mem[X,0x0000000080002FC8] -> 0x1F13
mem[X,0x0000000080002FCA] -> 0x00BF
[3063] [M]: 0x0000000080002FC8 (0x00BF1F13) slli t5, t5, 0xb
x30 <- 0x0000000000002000

mem[X,0x0000000080002FCC] -> 0x0F13
mem[X,0x0000000080002FCE] -> 0x7FFF
[3064] [M]: 0x0000000080002FCC (0x7FFF0F13) addi t5, t5, 0x7ff
x30 <- 0x00000000000027FF

mem[X,0x0000000080002FD0] -> 0x1F13
mem[X,0x0000000080002FD2] -> 0x00BF
[3065] [M]: 0x0000000080002FD0 (0x00BF1F13) slli t5, t5, 0xb
x30 <- 0x00000000013FF800

mem[X,0x0000000080002FD4] -> 0x0F13
mem[X,0x0000000080002FD6] -> 0x7FFF
[3066] [M]: 0x0000000080002FD4 (0x7FFF0F13) addi t5, t5, 0x7ff
x30 <- 0x00000000013FFFFF

mem[X,0x0000000080002FD8] -> 0x1F13
mem[X,0x0000000080002FDA] -> 0x00AF
[3067] [M]: 0x0000000080002FD8 (0x00AF1F13) slli t5, t5, 0xa
x30 <- 0x00000004FFFFFC00

mem[X,0x0000000080002FDC] -> 0x0F13
mem[X,0x0000000080002FDE] -> 0x3F7F
[3068] [M]: 0x0000000080002FDC (0x3F7F0F13) addi t5, t5, 0x3f7
x30 <- 0x00000004FFFFFFF7

mem[X,0x0000000080002FE0] -> 0x0E93
mem[X,0x0000000080002FE2] -> 0xFF70
[3069] [M]: 0x0000000080002FE0 (0xFF700E93) addi t4, zero, -0x9
x29 <- 0xFFFFFFFFFFFFFFF7

mem[X,0x0000000080002FE4] -> 0x0FB7
mem[X,0x0000000080002FE6] -> 0x0000
[3070] [M]: 0x0000000080002FE4 (0x00000FB7) lui t6, 0x0
x31 <- 0x0000000000000000

mem[X,0x0000000080002FE8] -> 0x8F93
mem[X,0x0000000080002FEA] -> 0x001F
[3071] [M]: 0x0000000080002FE8 (0x001F8F93) addi t6, t6, 0x1
x31 <- 0x0000000000000001

mem[X,0x0000000080002FEC] -> 0x9F93
mem[X,0x0000000080002FEE] -> 0x00BF
[3072] [M]: 0x0000000080002FEC (0x00BF9F93) slli t6, t6, 0xb
x31 <- 0x0000000000000800

mem[X,0x0000000080002FF0] -> 0x8F93
mem[X,0x0000000080002FF2] -> 0x7FFF
[3073] [M]: 0x0000000080002FF0 (0x7FFF8F93) addi t6, t6, 0x7ff
x31 <- 0x0000000000000FFF

mem[X,0x0000000080002FF4] -> 0x9F93
mem[X,0x0000000080002FF6] -> 0x00BF
[3074] [M]: 0x0000000080002FF4 (0x00BF9F93) slli t6, t6, 0xb
x31 <- 0x00000000007FF800

mem[X,0x0000000080002FF8] -> 0x8F93
mem[X,0x0000000080002FFA] -> 0x77FF
[3075] [M]: 0x0000000080002FF8 (0x77FF8F93) addi t6, t6, 0x77f
x31 <- 0x00000000007FFF7F

mem[X,0x0000000080002FFC] -> 0x9F93
mem[X,0x0000000080002FFE] -> 0x00AF
[3076] [M]: 0x0000000080002FFC (0x00AF9F93) slli t6, t6, 0xa
x31 <- 0x00000001FFFDFC00

mem[X,0x0000000080003000] -> 0x8F93
mem[X,0x0000000080003002] -> 0x3FFF
[3077] [M]: 0x0000000080003000 (0x3FFF8F93) addi t6, t6, 0x3ff
x31 <- 0x00000001FFFDFFFF

mem[X,0x0000000080003004] -> 0x1FBB
mem[X,0x0000000080003006] -> 0xBBDF
[3078] [M]: 0x0000000080003004 (0xBBDF1FBB) pmaccu.w.heo t6, t5, t4
x31 <- 0x0000F60AFFFEF608

mem[X,0x0000000080003008] -> 0xB423
mem[X,0x000000008000300A] -> 0x31F0
[3079] [M]: 0x0000000080003008 (0x31F0B423) sd t6, 0x308(ra)
mem[0x0000000080006508] <- 0x0000F60AFFFEF608

mem[X,0x000000008000300C] -> 0x0F37
mem[X,0x000000008000300E] -> 0xFFFF
[3080] [M]: 0x000000008000300C (0xFFFF0F37) lui t5, -0x10
x30 <- 0xFFFFFFFFFFFF0000

mem[X,0x0000000080003010] -> 0x0F13
mem[X,0x0000000080003012] -> 0xFFFF
[3081] [M]: 0x0000000080003010 (0xFFFF0F13) addi t5, t5, -0x1
x30 <- 0xFFFFFFFFFFFEFFFF

mem[X,0x0000000080003014] -> 0x1F13
mem[X,0x0000000080003016] -> 0x00BF
[3082] [M]: 0x0000000080003014 (0x00BF1F13) slli t5, t5, 0xb
x30 <- 0xFFFFFFFFF7FFF800

mem[X,0x0000000080003018] -> 0x0F13
mem[X,0x000000008000301A] -> 0x3FFF
[3083] [M]: 0x0000000080003018 (0x3FFF0F13) addi t5, t5, 0x3ff
x30 <- 0xFFFFFFFFF7FFFBFF

mem[X,0x000000008000301C] -> 0x1F13
mem[X,0x000000008000301E] -> 0x00BF
[3084] [M]: 0x000000008000301C (0x00BF1F13) slli t5, t5, 0xb
x30 <- 0xFFFFFFBFFFDFF800

mem[X,0x0000000080003020] -> 0x0F13
mem[X,0x0000000080003022] -> 0x7FFF
[3085] [M]: 0x0000000080003020 (0x7FFF0F13) addi t5, t5, 0x7ff
x30 <- 0xFFFFFFBFFFDFFFFF

mem[X,0x0000000080003024] -> 0x1F13
mem[X,0x0000000080003026] -> 0x00AF
[3086] [M]: 0x0000000080003024 (0x00AF1F13) slli t5, t5, 0xa
x30 <- 0xFFFEFFFF7FFFFC00

mem[X,0x0000000080003028] -> 0x0F13
mem[X,0x000000008000302A] -> 0x3FFF
[3087] [M]: 0x0000000080003028 (0x3FFF0F13) addi t5, t5, 0x3ff
x30 <- 0xFFFEFFFF7FFFFFFF

mem[X,0x000000008000302C] -> 0x0EB7
mem[X,0x000000008000302E] -> 0x8000
[3088] [M]: 0x000000008000302C (0x80000EB7) lui t4, -0x80000
x29 <- 0xFFFFFFFF80000000

mem[X,0x0000000080003030] -> 0x8E93
mem[X,0x0000000080003032] -> 0xFFFE
[3089] [M]: 0x0000000080003030 (0xFFFE8E93) addi t4, t4, -0x1
x29 <- 0xFFFFFFFF7FFFFFFF

mem[X,0x0000000080003034] -> 0x9E93
mem[X,0x0000000080003036] -> 0x00BE
[3090] [M]: 0x0000000080003034 (0x00BE9E93) slli t4, t4, 0xb
x29 <- 0xFFFFFBFFFFFFF800

mem[X,0x0000000080003038] -> 0x8E93
mem[X,0x000000008000303A] -> 0x7FFE
[3091] [M]: 0x0000000080003038 (0x7FFE8E93) addi t4, t4, 0x7ff
x29 <- 0xFFFFFBFFFFFFFFFF

mem[X,0x000000008000303C] -> 0x9E93
mem[X,0x000000008000303E] -> 0x00BE
[3092] [M]: 0x000000008000303C (0x00BE9E93) slli t4, t4, 0xb
x29 <- 0xFFDFFFFFFFFFF800

mem[X,0x0000000080003040] -> 0x8E93
mem[X,0x0000000080003042] -> 0x7FFE
[3093] [M]: 0x0000000080003040 (0x7FFE8E93) addi t4, t4, 0x7ff
x29 <- 0xFFDFFFFFFFFFFFFF

mem[X,0x0000000080003044] -> 0x9E93
mem[X,0x0000000080003046] -> 0x00AE
[3094] [M]: 0x0000000080003044 (0x00AE9E93) slli t4, t4, 0xa
x29 <- 0x7FFFFFFFFFFFFC00

mem[X,0x0000000080003048] -> 0x8E93
mem[X,0x000000008000304A] -> 0x3FDE
[3095] [M]: 0x0000000080003048 (0x3FDE8E93) addi t4, t4, 0x3fd
x29 <- 0x7FFFFFFFFFFFFFFD

mem[X,0x000000008000304C] -> 0xFFB7
mem[X,0x000000008000304E] -> 0xFFFF
[3096] [M]: 0x000000008000304C (0xFFFFFFB7) lui t6, -0x1
x31 <- 0xFFFFFFFFFFFFF000

mem[X,0x0000000080003050] -> 0x8F93
mem[X,0x0000000080003052] -> 0x7FFF
[3097] [M]: 0x0000000080003050 (0x7FFF8F93) addi t6, t6, 0x7ff
x31 <- 0xFFFFFFFFFFFFF7FF

mem[X,0x0000000080003054] -> 0x9F93
mem[X,0x0000000080003056] -> 0x00BF
[3098] [M]: 0x0000000080003054 (0x00BF9F93) slli t6, t6, 0xb
x31 <- 0xFFFFFFFFFFBFF800

mem[X,0x0000000080003058] -> 0x8F93
mem[X,0x000000008000305A] -> 0x000F
[3099] [M]: 0x0000000080003058 (0x000F8F93) addi t6, t6, 0x0
x31 <- 0xFFFFFFFFFFBFF800

clint::tick mtime <- 0x000000000000001F
 clint timer pending at mtime 0x000000000000001F
htif::tick 0x0000000000000000
mem[X,0x000000008000305C] -> 0x9F93
mem[X,0x000000008000305E] -> 0x00BF
[3100] [M]: 0x000000008000305C (0x00BF9F93) slli t6, t6, 0xb
x31 <- 0xFFFFFFFDFFC00000

mem[X,0x0000000080003060] -> 0x8F93
mem[X,0x0000000080003062] -> 0x100F
[3101] [M]: 0x0000000080003060 (0x100F8F93) addi t6, t6, 0x100
x31 <- 0xFFFFFFFDFFC00100

mem[X,0x0000000080003064] -> 0x9F93
mem[X,0x0000000080003066] -> 0x00AF
[3102] [M]: 0x0000000080003064 (0x00AF9F93) slli t6, t6, 0xa
x31 <- 0xFFFFF7FF00040000

mem[X,0x0000000080003068] -> 0x1FBB
mem[X,0x000000008000306A] -> 0xBBDF
[3103] [M]: 0x0000000080003068 (0xBBDF1FBB) pmaccu.w.heo t6, t5, t4
x31 <- 0x0000F6000004FE01

mem[X,0x000000008000306C] -> 0xB823
mem[X,0x000000008000306E] -> 0x31F0
[3104] [M]: 0x000000008000306C (0x31F0B823) sd t6, 0x310(ra)
mem[0x0000000080006510] <- 0x0000F6000004FE01

mem[X,0x0000000080003070] -> 0x0F37
mem[X,0x0000000080003072] -> 0x0000
[3105] [M]: 0x0000000080003070 (0x00000F37) lui t5, 0x0
x30 <- 0x0000000000000000

mem[X,0x0000000080003074] -> 0x0F13
mem[X,0x0000000080003076] -> 0x001F
[3106] [M]: 0x0000000080003074 (0x001F0F13) addi t5, t5, 0x1
x30 <- 0x0000000000000001

mem[X,0x0000000080003078] -> 0x1F13
mem[X,0x000000008000307A] -> 0x00BF
[3107] [M]: 0x0000000080003078 (0x00BF1F13) slli t5, t5, 0xb
x30 <- 0x0000000000000800

mem[X,0x000000008000307C] -> 0x0F13
mem[X,0x000000008000307E] -> 0x000F
[3108] [M]: 0x000000008000307C (0x000F0F13) addi t5, t5, 0x0
x30 <- 0x0000000000000800

mem[X,0x0000000080003080] -> 0x1F13
mem[X,0x0000000080003082] -> 0x00BF
[3109] [M]: 0x0000000080003080 (0x00BF1F13) slli t5, t5, 0xb
x30 <- 0x0000000000400000

mem[X,0x0000000080003084] -> 0x0F13
mem[X,0x0000000080003086] -> 0x000F
[3110] [M]: 0x0000000080003084 (0x000F0F13) addi t5, t5, 0x0
x30 <- 0x0000000000400000

mem[X,0x0000000080003088] -> 0x1F13
mem[X,0x000000008000308A] -> 0x00AF
[3111] [M]: 0x0000000080003088 (0x00AF1F13) slli t5, t5, 0xa
x30 <- 0x0000000100000000

mem[X,0x000000008000308C] -> 0x0F13
mem[X,0x000000008000308E] -> 0x001F
[3112] [M]: 0x000000008000308C (0x001F0F13) addi t5, t5, 0x1
x30 <- 0x0000000100000001

mem[X,0x0000000080003090] -> 0x0EB7
mem[X,0x0000000080003092] -> 0x0000
[3113] [M]: 0x0000000080003090 (0x00000EB7) lui t4, 0x0
x29 <- 0x0000000000000000

mem[X,0x0000000080003094] -> 0x8E93
mem[X,0x0000000080003096] -> 0x008E
[3114] [M]: 0x0000000080003094 (0x008E8E93) addi t4, t4, 0x8
x29 <- 0x0000000000000008

mem[X,0x0000000080003098] -> 0x9E93
mem[X,0x000000008000309A] -> 0x00BE
[3115] [M]: 0x0000000080003098 (0x00BE9E93) slli t4, t4, 0xb
x29 <- 0x0000000000004000

mem[X,0x000000008000309C] -> 0x8E93
mem[X,0x000000008000309E] -> 0x000E
[3116] [M]: 0x000000008000309C (0x000E8E93) addi t4, t4, 0x0
x29 <- 0x0000000000004000

mem[X,0x00000000800030A0] -> 0x9E93
mem[X,0x00000000800030A2] -> 0x00BE
[3117] [M]: 0x00000000800030A0 (0x00BE9E93) slli t4, t4, 0xb
x29 <- 0x0000000002000000

mem[X,0x00000000800030A4] -> 0x8E93
mem[X,0x00000000800030A6] -> 0x000E
[3118] [M]: 0x00000000800030A4 (0x000E8E93) addi t4, t4, 0x0
x29 <- 0x0000000002000000

mem[X,0x00000000800030A8] -> 0x9E93
mem[X,0x00000000800030AA] -> 0x00AE
[3119] [M]: 0x00000000800030A8 (0x00AE9E93) slli t4, t4, 0xa
x29 <- 0x0000000800000000

mem[X,0x00000000800030AC] -> 0x8E93
mem[X,0x00000000800030AE] -> 0x004E
[3120] [M]: 0x00000000800030AC (0x004E8E93) addi t4, t4, 0x4
x29 <- 0x0000000800000004

mem[X,0x00000000800030B0] -> 0x0FB7
mem[X,0x00000000800030B2] -> 0x0000
[3121] [M]: 0x00000000800030B0 (0x00000FB7) lui t6, 0x0
x31 <- 0x0000000000000000

mem[X,0x00000000800030B4] -> 0x8F93
mem[X,0x00000000800030B6] -> 0x004F
[3122] [M]: 0x00000000800030B4 (0x004F8F93) addi t6, t6, 0x4
x31 <- 0x0000000000000004

mem[X,0x00000000800030B8] -> 0x9F93
mem[X,0x00000000800030BA] -> 0x00BF
[3123] [M]: 0x00000000800030B8 (0x00BF9F93) slli t6, t6, 0xb
x31 <- 0x0000000000002000

mem[X,0x00000000800030BC] -> 0x8F93
mem[X,0x00000000800030BE] -> 0x7FFF
[3124] [M]: 0x00000000800030BC (0x7FFF8F93) addi t6, t6, 0x7ff
x31 <- 0x00000000000027FF

mem[X,0x00000000800030C0] -> 0x9F93
mem[X,0x00000000800030C2] -> 0x00BF
[3125] [M]: 0x00000000800030C0 (0x00BF9F93) slli t6, t6, 0xb
x31 <- 0x00000000013FF800

mem[X,0x00000000800030C4] -> 0x8F93
mem[X,0x00000000800030C6] -> 0x7FFF
[3126] [M]: 0x00000000800030C4 (0x7FFF8F93) addi t6, t6, 0x7ff
x31 <- 0x00000000013FFFFF

mem[X,0x00000000800030C8] -> 0x9F93
mem[X,0x00000000800030CA] -> 0x00AF
[3127] [M]: 0x00000000800030C8 (0x00AF9F93) slli t6, t6, 0xa
x31 <- 0x00000004FFFFFC00

mem[X,0x00000000800030CC] -> 0x8F93
mem[X,0x00000000800030CE] -> 0x3F8F
[3128] [M]: 0x00000000800030CC (0x3F8F8F93) addi t6, t6, 0x3f8
x31 <- 0x00000004FFFFFFF8

mem[X,0x00000000800030D0] -> 0x1FBB
mem[X,0x00000000800030D2] -> 0xBBDF
[3129] [M]: 0x00000000800030D0 (0xBBDF1FBB) pmaccu.w.heo t6, t5, t4
x31 <- 0x00000004FFFFFFF8

mem[X,0x00000000800030D4] -> 0xBC23
mem[X,0x00000000800030D6] -> 0x31F0
[3130] [M]: 0x00000000800030D4 (0x31F0BC23) sd t6, 0x318(ra)
mem[0x0000000080006518] <- 0x00000004FFFFFFF8

mem[X,0x00000000800030D8] -> 0x2F37
mem[X,0x00000000800030DA] -> 0x0000
[3131] [M]: 0x00000000800030D8 (0x00002F37) lui t5, 0x2
x30 <- 0x0000000000002000

mem[X,0x00000000800030DC] -> 0x0F13
mem[X,0x00000000800030DE] -> 0x000F
[3132] [M]: 0x00000000800030DC (0x000F0F13) addi t5, t5, 0x0
x30 <- 0x0000000000002000

mem[X,0x00000000800030E0] -> 0x1F13
mem[X,0x00000000800030E2] -> 0x00BF
[3133] [M]: 0x00000000800030E0 (0x00BF1F13) slli t5, t5, 0xb
x30 <- 0x0000000001000000

mem[X,0x00000000800030E4] -> 0x0F13
mem[X,0x00000000800030E6] -> 0x000F
[3134] [M]: 0x00000000800030E4 (0x000F0F13) addi t5, t5, 0x0
x30 <- 0x0000000001000000

mem[X,0x00000000800030E8] -> 0x1F13
mem[X,0x00000000800030EA] -> 0x00BF
[3135] [M]: 0x00000000800030E8 (0x00BF1F13) slli t5, t5, 0xb
x30 <- 0x0000000800000000

mem[X,0x00000000800030EC] -> 0x0F13
mem[X,0x00000000800030EE] -> 0x000F
[3136] [M]: 0x00000000800030EC (0x000F0F13) addi t5, t5, 0x0
x30 <- 0x0000000800000000

mem[X,0x00000000800030F0] -> 0x1F13
mem[X,0x00000000800030F2] -> 0x00AF
[3137] [M]: 0x00000000800030F0 (0x00AF1F13) slli t5, t5, 0xa
x30 <- 0x0000200000000000

mem[X,0x00000000800030F4] -> 0x0F13
mem[X,0x00000000800030F6] -> 0x200F
[3138] [M]: 0x00000000800030F4 (0x200F0F13) addi t5, t5, 0x200
x30 <- 0x0000200000000200

mem[X,0x00000000800030F8] -> 0x0EB7
mem[X,0x00000000800030FA] -> 0x0000
[3139] [M]: 0x00000000800030F8 (0x00000EB7) lui t4, 0x0
x29 <- 0x0000000000000000

mem[X,0x00000000800030FC] -> 0x8E93
mem[X,0x00000000800030FE] -> 0xFFAE
[3140] [M]: 0x00000000800030FC (0xFFAE8E93) addi t4, t4, -0x6
x29 <- 0xFFFFFFFFFFFFFFFA

mem[X,0x0000000080003100] -> 0x9E93
mem[X,0x0000000080003102] -> 0x00BE
[3141] [M]: 0x0000000080003100 (0x00BE9E93) slli t4, t4, 0xb
x29 <- 0xFFFFFFFFFFFFD000

mem[X,0x0000000080003104] -> 0x8E93
mem[X,0x0000000080003106] -> 0x7BFE
[3142] [M]: 0x0000000080003104 (0x7BFE8E93) addi t4, t4, 0x7bf
x29 <- 0xFFFFFFFFFFFFD7BF

mem[X,0x0000000080003108] -> 0x9E93
mem[X,0x000000008000310A] -> 0x00BE
[3143] [M]: 0x0000000080003108 (0x00BE9E93) slli t4, t4, 0xb
x29 <- 0xFFFFFFFFFEBDF800

mem[X,0x000000008000310C] -> 0x8E93
mem[X,0x000000008000310E] -> 0x7FFE
[3144] [M]: 0x000000008000310C (0x7FFE8E93) addi t4, t4, 0x7ff
x29 <- 0xFFFFFFFFFEBDFFFF

mem[X,0x0000000080003110] -> 0x9E93
mem[X,0x0000000080003112] -> 0x00AE
[3145] [M]: 0x0000000080003110 (0x00AE9E93) slli t4, t4, 0xa
x29 <- 0xFFFFFFFAF7FFFC00

mem[X,0x0000000080003114] -> 0x8E93
mem[X,0x0000000080003116] -> 0x3FFE
[3146] [M]: 0x0000000080003114 (0x3FFE8E93) addi t4, t4, 0x3ff
x29 <- 0xFFFFFFFAF7FFFFFF

mem[X,0x0000000080003118] -> 0x0FB7
mem[X,0x000000008000311A] -> 0x0200
[3147] [M]: 0x0000000080003118 (0x02000FB7) lui t6, 0x2000
x31 <- 0x0000000002000000

mem[X,0x000000008000311C] -> 0x8F93
mem[X,0x000000008000311E] -> 0x001F
[3148] [M]: 0x000000008000311C (0x001F8F93) addi t6, t6, 0x1
x31 <- 0x0000000002000001

mem[X,0x0000000080003120] -> 0x9F93
mem[X,0x0000000080003122] -> 0x014F
[3149] [M]: 0x0000000080003120 (0x014F9F93) slli t6, t6, 0x14
x31 <- 0x0000200000100000

mem[X,0x0000000080003124] -> 0x1FBB
mem[X,0x0000000080003126] -> 0xBBDF
[3150] [M]: 0x0000000080003124 (0xBBDF1FBB) pmaccu.w.heo t6, t5, t4
x31 <- 0x0000200000100000

mem[X,0x0000000080003128] -> 0xB023
mem[X,0x000000008000312A] -> 0x33F0
[3151] [M]: 0x0000000080003128 (0x33F0B023) sd t6, 0x320(ra)
mem[0x0000000080006520] <- 0x0000200000100000

mem[X,0x000000008000312C] -> 0x0F13
mem[X,0x000000008000312E] -> 0x00B0
[3152] [M]: 0x000000008000312C (0x00B00F13) addi t5, zero, 0xb
x30 <- 0x000000000000000B

mem[X,0x0000000080003130] -> 0x1F13
mem[X,0x0000000080003132] -> 0x01EF
[3153] [M]: 0x0000000080003130 (0x01EF1F13) slli t5, t5, 0x1e
x30 <- 0x00000002C0000000

mem[X,0x0000000080003134] -> 0x0EB7
mem[X,0x0000000080003136] -> 0x0004
[3154] [M]: 0x0000000080003134 (0x00040EB7) lui t4, 0x40
x29 <- 0x0000000000040000

mem[X,0x0000000080003138] -> 0x8E93
mem[X,0x000000008000313A] -> 0x000E
[3155] [M]: 0x0000000080003138 (0x000E8E93) addi t4, t4, 0x0
x29 <- 0x0000000000040000

mem[X,0x000000008000313C] -> 0x9E93
mem[X,0x000000008000313E] -> 0x00BE
[3156] [M]: 0x000000008000313C (0x00BE9E93) slli t4, t4, 0xb
x29 <- 0x0000000020000000

mem[X,0x0000000080003140] -> 0x8E93
mem[X,0x0000000080003142] -> 0x5FFE
[3157] [M]: 0x0000000080003140 (0x5FFE8E93) addi t4, t4, 0x5ff
x29 <- 0x00000000200005FF

mem[X,0x0000000080003144] -> 0x9E93
mem[X,0x0000000080003146] -> 0x00BE
[3158] [M]: 0x0000000080003144 (0x00BE9E93) slli t4, t4, 0xb
x29 <- 0x00000100002FF800

mem[X,0x0000000080003148] -> 0x8E93
mem[X,0x000000008000314A] -> 0x7FFE
[3159] [M]: 0x0000000080003148 (0x7FFE8E93) addi t4, t4, 0x7ff
x29 <- 0x00000100002FFFFF

mem[X,0x000000008000314C] -> 0x9E93
mem[X,0x000000008000314E] -> 0x00AE
[3160] [M]: 0x000000008000314C (0x00AE9E93) slli t4, t4, 0xa
x29 <- 0x00040000BFFFFC00

mem[X,0x0000000080003150] -> 0x8E93
mem[X,0x0000000080003152] -> 0x3FFE
[3161] [M]: 0x0000000080003150 (0x3FFE8E93) addi t4, t4, 0x3ff
x29 <- 0x00040000BFFFFFFF

mem[X,0x0000000080003154] -> 0x0FB7
mem[X,0x0000000080003156] -> 0xFFFE
[3162] [M]: 0x0000000080003154 (0xFFFE0FB7) lui t6, -0x20
x31 <- 0xFFFFFFFFFFFE0000

mem[X,0x0000000080003158] -> 0x8F93
mem[X,0x000000008000315A] -> 0xFFFF
[3163] [M]: 0x0000000080003158 (0xFFFF8F93) addi t6, t6, -0x1
x31 <- 0xFFFFFFFFFFFDFFFF

mem[X,0x000000008000315C] -> 0x9F93
mem[X,0x000000008000315E] -> 0x00BF
[3164] [M]: 0x000000008000315C (0x00BF9F93) slli t6, t6, 0xb
x31 <- 0xFFFFFFFFEFFFF800

mem[X,0x0000000080003160] -> 0x8F93
mem[X,0x0000000080003162] -> 0x7FFF
[3165] [M]: 0x0000000080003160 (0x7FFF8F93) addi t6, t6, 0x7ff
x31 <- 0xFFFFFFFFEFFFFFFF

mem[X,0x0000000080003164] -> 0x9F93
mem[X,0x0000000080003166] -> 0x00BF
[3166] [M]: 0x0000000080003164 (0x00BF9F93) slli t6, t6, 0xb
x31 <- 0xFFFFFF7FFFFFF800

mem[X,0x0000000080003168] -> 0x8F93
mem[X,0x000000008000316A] -> 0x7FFF
[3167] [M]: 0x0000000080003168 (0x7FFF8F93) addi t6, t6, 0x7ff
x31 <- 0xFFFFFF7FFFFFFFFF

mem[X,0x000000008000316C] -> 0x9F93
mem[X,0x000000008000316E] -> 0x00AF
[3168] [M]: 0x000000008000316C (0x00AF9F93) slli t6, t6, 0xa
x31 <- 0xFFFDFFFFFFFFFC00

mem[X,0x0000000080003170] -> 0x8F93
mem[X,0x0000000080003172] -> 0x3F6F
[3169] [M]: 0x0000000080003170 (0x3F6F8F93) addi t6, t6, 0x3f6
x31 <- 0xFFFDFFFFFFFFFFF6

mem[X,0x0000000080003174] -> 0x1FBB
mem[X,0x0000000080003176] -> 0xBBDF
[3170] [M]: 0x0000000080003174 (0xBBDF1FBB) pmaccu.w.heo t6, t5, t4
x31 <- 0xFFFDFFFFFFFFFFF6

mem[X,0x0000000080003178] -> 0xB423
mem[X,0x000000008000317A] -> 0x33F0
[3171] [M]: 0x0000000080003178 (0x33F0B423) sd t6, 0x328(ra)
mem[0x0000000080006528] <- 0xFFFDFFFFFFFFFFF6

mem[X,0x000000008000317C] -> 0x8F37
mem[X,0x000000008000317E] -> 0x0000
[3172] [M]: 0x000000008000317C (0x00008F37) lui t5, 0x8
x30 <- 0x0000000000008000

mem[X,0x0000000080003180] -> 0x0F13
mem[X,0x0000000080003182] -> 0x000F
[3173] [M]: 0x0000000080003180 (0x000F0F13) addi t5, t5, 0x0
x30 <- 0x0000000000008000

mem[X,0x0000000080003184] -> 0x1F13
mem[X,0x0000000080003186] -> 0x00BF
[3174] [M]: 0x0000000080003184 (0x00BF1F13) slli t5, t5, 0xb
x30 <- 0x0000000004000000

mem[X,0x0000000080003188] -> 0x0F13
mem[X,0x000000008000318A] -> 0x000F
[3175] [M]: 0x0000000080003188 (0x000F0F13) addi t5, t5, 0x0
x30 <- 0x0000000004000000

mem[X,0x000000008000318C] -> 0x1F13
mem[X,0x000000008000318E] -> 0x00BF
[3176] [M]: 0x000000008000318C (0x00BF1F13) slli t5, t5, 0xb
x30 <- 0x0000002000000000

mem[X,0x0000000080003190] -> 0x0F13
mem[X,0x0000000080003192] -> 0x000F
[3177] [M]: 0x0000000080003190 (0x000F0F13) addi t5, t5, 0x0
x30 <- 0x0000002000000000

mem[X,0x0000000080003194] -> 0x1F13
mem[X,0x0000000080003196] -> 0x00AF
[3178] [M]: 0x0000000080003194 (0x00AF1F13) slli t5, t5, 0xa
x30 <- 0x0000800000000000

mem[X,0x0000000080003198] -> 0x0F13
mem[X,0x000000008000319A] -> 0x010F
[3179] [M]: 0x0000000080003198 (0x010F0F13) addi t5, t5, 0x10
x30 <- 0x0000800000000010

mem[X,0x000000008000319C] -> 0x0EB7
mem[X,0x000000008000319E] -> 0x0000
[3180] [M]: 0x000000008000319C (0x00000EB7) lui t4, 0x0
x29 <- 0x0000000000000000

mem[X,0x00000000800031A0] -> 0x8E93
mem[X,0x00000000800031A2] -> 0x040E
[3181] [M]: 0x00000000800031A0 (0x040E8E93) addi t4, t4, 0x40
x29 <- 0x0000000000000040

mem[X,0x00000000800031A4] -> 0x9E93
mem[X,0x00000000800031A6] -> 0x00BE
[3182] [M]: 0x00000000800031A4 (0x00BE9E93) slli t4, t4, 0xb
x29 <- 0x0000000000020000

mem[X,0x00000000800031A8] -> 0x8E93
mem[X,0x00000000800031AA] -> 0x7FFE
[3183] [M]: 0x00000000800031A8 (0x7FFE8E93) addi t4, t4, 0x7ff
x29 <- 0x00000000000207FF

mem[X,0x00000000800031AC] -> 0x9E93
mem[X,0x00000000800031AE] -> 0x00BE
[3184] [M]: 0x00000000800031AC (0x00BE9E93) slli t4, t4, 0xb
x29 <- 0x00000000103FF800

mem[X,0x00000000800031B0] -> 0x8E93
mem[X,0x00000000800031B2] -> 0x7FFE
[3185] [M]: 0x00000000800031B0 (0x7FFE8E93) addi t4, t4, 0x7ff
x29 <- 0x00000000103FFFFF

mem[X,0x00000000800031B4] -> 0x9E93
mem[X,0x00000000800031B6] -> 0x00AE
[3186] [M]: 0x00000000800031B4 (0x00AE9E93) slli t4, t4, 0xa
x29 <- 0x00000040FFFFFC00

mem[X,0x00000000800031B8] -> 0x8E93
mem[X,0x00000000800031BA] -> 0x3FCE
[3187] [M]: 0x00000000800031B8 (0x3FCE8E93) addi t4, t4, 0x3fc
x29 <- 0x00000040FFFFFFFC

mem[X,0x00000000800031BC] -> 0x0F93
mem[X,0x00000000800031BE] -> 0x0010
[3188] [M]: 0x00000000800031BC (0x00100F93) addi t6, zero, 0x1
x31 <- 0x0000000000000001

mem[X,0x00000000800031C0] -> 0x9F93
mem[X,0x00000000800031C2] -> 0x017F
[3189] [M]: 0x00000000800031C0 (0x017F9F93) slli t6, t6, 0x17
x31 <- 0x0000000000800000

mem[X,0x00000000800031C4] -> 0x1FBB
mem[X,0x00000000800031C6] -> 0xBBDF
[3190] [M]: 0x00000000800031C4 (0xBBDF1FBB) pmaccu.w.heo t6, t5, t4
x31 <- 0x00000FF000800FF0

mem[X,0x00000000800031C8] -> 0xB823
mem[X,0x00000000800031CA] -> 0x33F0
[3191] [M]: 0x00000000800031C8 (0x33F0B823) sd t6, 0x330(ra)
mem[0x0000000080006530] <- 0x00000FF000800FF0

mem[X,0x00000000800031CC] -> 0x0F37
mem[X,0x00000000800031CE] -> 0x0001
[3192] [M]: 0x00000000800031CC (0x00010F37) lui t5, 0x10
x30 <- 0x0000000000010000

mem[X,0x00000000800031D0] -> 0x0F13
mem[X,0x00000000800031D2] -> 0x001F
[3193] [M]: 0x00000000800031D0 (0x001F0F13) addi t5, t5, 0x1
x30 <- 0x0000000000010001

mem[X,0x00000000800031D4] -> 0x1F13
mem[X,0x00000000800031D6] -> 0x017F
[3194] [M]: 0x00000000800031D4 (0x017F1F13) slli t5, t5, 0x17
x30 <- 0x0000008000800000

mem[X,0x00000000800031D8] -> 0x0EB7
mem[X,0x00000000800031DA] -> 0x0000
[3195] [M]: 0x00000000800031D8 (0x00000EB7) lui t4, 0x0
x29 <- 0x0000000000000000

mem[X,0x00000000800031DC] -> 0x8E93
mem[X,0x00000000800031DE] -> 0xBFFE
[3196] [M]: 0x00000000800031DC (0xBFFE8E93) addi t4, t4, -0x401
x29 <- 0xFFFFFFFFFFFFFBFF

mem[X,0x00000000800031E0] -> 0x9E93
mem[X,0x00000000800031E2] -> 0x00BE
[3197] [M]: 0x00000000800031E0 (0x00BE9E93) slli t4, t4, 0xb
x29 <- 0xFFFFFFFFFFDFF800

mem[X,0x00000000800031E4] -> 0x8E93
mem[X,0x00000000800031E6] -> 0x000E
[3198] [M]: 0x00000000800031E4 (0x000E8E93) addi t4, t4, 0x0
x29 <- 0xFFFFFFFFFFDFF800

mem[X,0x00000000800031E8] -> 0x9E93
mem[X,0x00000000800031EA] -> 0x00BE
[3199] [M]: 0x00000000800031E8 (0x00BE9E93) slli t4, t4, 0xb
x29 <- 0xFFFFFFFEFFC00000

clint::tick mtime <- 0x0000000000000020
 clint timer pending at mtime 0x0000000000000020
htif::tick 0x0000000000000000
mem[X,0x00000000800031EC] -> 0x8E93
mem[X,0x00000000800031EE] -> 0x004E
[3200] [M]: 0x00000000800031EC (0x004E8E93) addi t4, t4, 0x4
x29 <- 0xFFFFFFFEFFC00004

mem[X,0x00000000800031F0] -> 0x9E93
mem[X,0x00000000800031F2] -> 0x00AE
[3201] [M]: 0x00000000800031F0 (0x00AE9E93) slli t4, t4, 0xa
x29 <- 0xFFFFFBFF00001000

mem[X,0x00000000800031F4] -> 0x0FB7
mem[X,0x00000000800031F6] -> 0x0100
[3202] [M]: 0x00000000800031F4 (0x01000FB7) lui t6, 0x1000
x31 <- 0x0000000001000000

mem[X,0x00000000800031F8] -> 0x8F93
mem[X,0x00000000800031FA] -> 0x000F
[3203] [M]: 0x00000000800031F8 (0x000F8F93) addi t6, t6, 0x0
x31 <- 0x0000000001000000

mem[X,0x00000000800031FC] -> 0x9F93
mem[X,0x00000000800031FE] -> 0x00BF
[3204] [M]: 0x00000000800031FC (0x00BF9F93) slli t6, t6, 0xb
x31 <- 0x0000000800000000

mem[X,0x0000000080003200] -> 0x8F93
mem[X,0x0000000080003202] -> 0x000F
[3205] [M]: 0x0000000080003200 (0x000F8F93) addi t6, t6, 0x0
x31 <- 0x0000000800000000

mem[X,0x0000000080003204] -> 0x9F93
mem[X,0x0000000080003206] -> 0x00BF
[3206] [M]: 0x0000000080003204 (0x00BF9F93) slli t6, t6, 0xb
x31 <- 0x0000400000000000

mem[X,0x0000000080003208] -> 0x8F93
mem[X,0x000000008000320A] -> 0x000F
[3207] [M]: 0x0000000080003208 (0x000F8F93) addi t6, t6, 0x0
x31 <- 0x0000400000000000

mem[X,0x000000008000320C] -> 0x9F93
mem[X,0x000000008000320E] -> 0x00AF
[3208] [M]: 0x000000008000320C (0x00AF9F93) slli t6, t6, 0xa
x31 <- 0x0100000000000000

mem[X,0x0000000080003210] -> 0x8F93
mem[X,0x0000000080003212] -> 0x080F
[3209] [M]: 0x0000000080003210 (0x080F8F93) addi t6, t6, 0x80
x31 <- 0x0100000000000080

mem[X,0x0000000080003214] -> 0x1FBB
mem[X,0x0000000080003216] -> 0xBBDF
[3210] [M]: 0x0000000080003214 (0xBBDF1FBB) pmaccu.w.heo t6, t5, t4
x31 <- 0x0100000000000080

mem[X,0x0000000080003218] -> 0xBC23
mem[X,0x000000008000321A] -> 0x33F0
[3211] [M]: 0x0000000080003218 (0x33F0BC23) sd t6, 0x338(ra)
mem[0x0000000080006538] <- 0x0100000000000080

mem[X,0x000000008000321C] -> 0x5F37
mem[X,0x000000008000321E] -> 0x5555
[3212] [M]: 0x000000008000321C (0x55555F37) lui t5, 0x55555
x30 <- 0x0000000055555000

mem[X,0x0000000080003220] -> 0x0F13
mem[X,0x0000000080003222] -> 0x555F
[3213] [M]: 0x0000000080003220 (0x555F0F13) addi t5, t5, 0x555
x30 <- 0x0000000055555555

mem[X,0x0000000080003224] -> 0x1F13
mem[X,0x0000000080003226] -> 0x00BF
[3214] [M]: 0x0000000080003224 (0x00BF1F13) slli t5, t5, 0xb
x30 <- 0x000002AAAAAAA800

mem[X,0x0000000080003228] -> 0x0F13
mem[X,0x000000008000322A] -> 0x7FFF
[3215] [M]: 0x0000000080003228 (0x7FFF0F13) addi t5, t5, 0x7ff
x30 <- 0x000002AAAAAAAFFF

mem[X,0x000000008000322C] -> 0x1F13
mem[X,0x000000008000322E] -> 0x00BF
[3216] [M]: 0x000000008000322C (0x00BF1F13) slli t5, t5, 0xb
x30 <- 0x00155555557FF800

mem[X,0x0000000080003230] -> 0x0F13
mem[X,0x0000000080003232] -> 0x7FEF
[3217] [M]: 0x0000000080003230 (0x7FEF0F13) addi t5, t5, 0x7fe
x30 <- 0x00155555557FFFFE

mem[X,0x0000000080003234] -> 0x1F13
mem[X,0x0000000080003236] -> 0x00AF
[3218] [M]: 0x0000000080003234 (0x00AF1F13) slli t5, t5, 0xa
x30 <- 0x55555555FFFFF800

mem[X,0x0000000080003238] -> 0x0F13
mem[X,0x000000008000323A] -> 0x3FFF
[3219] [M]: 0x0000000080003238 (0x3FFF0F13) addi t5, t5, 0x3ff
x30 <- 0x55555555FFFFFBFF

mem[X,0x000000008000323C] -> 0x0EB7
mem[X,0x000000008000323E] -> 0x0000
[3220] [M]: 0x000000008000323C (0x00000EB7) lui t4, 0x0
x29 <- 0x0000000000000000

mem[X,0x0000000080003240] -> 0x8E93
mem[X,0x0000000080003242] -> 0xFFFE
[3221] [M]: 0x0000000080003240 (0xFFFE8E93) addi t4, t4, -0x1
x29 <- 0xFFFFFFFFFFFFFFFF

mem[X,0x0000000080003244] -> 0x9E93
mem[X,0x0000000080003246] -> 0x00BE
[3222] [M]: 0x0000000080003244 (0x00BE9E93) slli t4, t4, 0xb
x29 <- 0xFFFFFFFFFFFFF800

mem[X,0x0000000080003248] -> 0x8E93
mem[X,0x000000008000324A] -> 0x000E
[3223] [M]: 0x0000000080003248 (0x000E8E93) addi t4, t4, 0x0
x29 <- 0xFFFFFFFFFFFFF800

mem[X,0x000000008000324C] -> 0x9E93
mem[X,0x000000008000324E] -> 0x00BE
[3224] [M]: 0x000000008000324C (0x00BE9E93) slli t4, t4, 0xb
x29 <- 0xFFFFFFFFFFC00000

mem[X,0x0000000080003250] -> 0x8E93
mem[X,0x0000000080003252] -> 0x080E
[3225] [M]: 0x0000000080003250 (0x080E8E93) addi t4, t4, 0x80
x29 <- 0xFFFFFFFFFFC00080

mem[X,0x0000000080003254] -> 0x9E93
mem[X,0x0000000080003256] -> 0x00AE
[3226] [M]: 0x0000000080003254 (0x00AE9E93) slli t4, t4, 0xa
x29 <- 0xFFFFFFFF00020000

mem[X,0x0000000080003258] -> 0x0FB7
mem[X,0x000000008000325A] -> 0x0400
[3227] [M]: 0x0000000080003258 (0x04000FB7) lui t6, 0x4000
x31 <- 0x0000000004000000

mem[X,0x000000008000325C] -> 0x8F93
mem[X,0x000000008000325E] -> 0x000F
[3228] [M]: 0x000000008000325C (0x000F8F93) addi t6, t6, 0x0
x31 <- 0x0000000004000000

mem[X,0x0000000080003260] -> 0x9F93
mem[X,0x0000000080003262] -> 0x00BF
[3229] [M]: 0x0000000080003260 (0x00BF9F93) slli t6, t6, 0xb
x31 <- 0x0000002000000000

mem[X,0x0000000080003264] -> 0x8F93
mem[X,0x0000000080003266] -> 0x000F
[3230] [M]: 0x0000000080003264 (0x000F8F93) addi t6, t6, 0x0
x31 <- 0x0000002000000000

mem[X,0x0000000080003268] -> 0x9F93
mem[X,0x000000008000326A] -> 0x00BF
[3231] [M]: 0x0000000080003268 (0x00BF9F93) slli t6, t6, 0xb
x31 <- 0x0001000000000000

mem[X,0x000000008000326C] -> 0x8F93
mem[X,0x000000008000326E] -> 0x001F
[3232] [M]: 0x000000008000326C (0x001F8F93) addi t6, t6, 0x1
x31 <- 0x0001000000000001

mem[X,0x0000000080003270] -> 0x9F93
mem[X,0x0000000080003272] -> 0x00AF
[3233] [M]: 0x0000000080003270 (0x00AF9F93) slli t6, t6, 0xa
x31 <- 0x0400000000000400

mem[X,0x0000000080003274] -> 0x1FBB
mem[X,0x0000000080003276] -> 0xBBDF
[3234] [M]: 0x0000000080003274 (0xBBDF1FBB) pmaccu.w.heo t6, t5, t4
x31 <- 0x0400000000000400

mem[X,0x0000000080003278] -> 0xB023
mem[X,0x000000008000327A] -> 0x35F0
[3235] [M]: 0x0000000080003278 (0x35F0B023) sd t6, 0x340(ra)
mem[0x0000000080006540] <- 0x0400000000000400

mem[X,0x000000008000327C] -> 0x0F37
mem[X,0x000000008000327E] -> 0x0000
[3236] [M]: 0x000000008000327C (0x00000F37) lui t5, 0x0
x30 <- 0x0000000000000000

mem[X,0x0000000080003280] -> 0x0F13
mem[X,0x0000000080003282] -> 0x040F
[3237] [M]: 0x0000000080003280 (0x040F0F13) addi t5, t5, 0x40
x30 <- 0x0000000000000040

mem[X,0x0000000080003284] -> 0x1F13
mem[X,0x0000000080003286] -> 0x00BF
[3238] [M]: 0x0000000080003284 (0x00BF1F13) slli t5, t5, 0xb
x30 <- 0x0000000000020000

mem[X,0x0000000080003288] -> 0x0F13
mem[X,0x000000008000328A] -> 0x7BFF
[3239] [M]: 0x0000000080003288 (0x7BFF0F13) addi t5, t5, 0x7bf
x30 <- 0x00000000000207BF

mem[X,0x000000008000328C] -> 0x1F13
mem[X,0x000000008000328E] -> 0x00BF
[3240] [M]: 0x000000008000328C (0x00BF1F13) slli t5, t5, 0xb
x30 <- 0x00000000103DF800

mem[X,0x0000000080003290] -> 0x0F13
mem[X,0x0000000080003292] -> 0x7FFF
[3241] [M]: 0x0000000080003290 (0x7FFF0F13) addi t5, t5, 0x7ff
x30 <- 0x00000000103DFFFF

mem[X,0x0000000080003294] -> 0x1F13
mem[X,0x0000000080003296] -> 0x00AF
[3242] [M]: 0x0000000080003294 (0x00AF1F13) slli t5, t5, 0xa
x30 <- 0x00000040F7FFFC00

mem[X,0x0000000080003298] -> 0x0F13
mem[X,0x000000008000329A] -> 0x3FFF
[3243] [M]: 0x0000000080003298 (0x3FFF0F13) addi t5, t5, 0x3ff
x30 <- 0x00000040F7FFFFFF

mem[X,0x000000008000329C] -> 0x1EB7
mem[X,0x000000008000329E] -> 0x0000
[3244] [M]: 0x000000008000329C (0x00001EB7) lui t4, 0x1
x29 <- 0x0000000000001000

mem[X,0x00000000800032A0] -> 0x8E93
mem[X,0x00000000800032A2] -> 0x000E
[3245] [M]: 0x00000000800032A0 (0x000E8E93) addi t4, t4, 0x0
x29 <- 0x0000000000001000

mem[X,0x00000000800032A4] -> 0x9E93
mem[X,0x00000000800032A6] -> 0x00BE
[3246] [M]: 0x00000000800032A4 (0x00BE9E93) slli t4, t4, 0xb
x29 <- 0x0000000000800000

mem[X,0x00000000800032A8] -> 0x8E93
mem[X,0x00000000800032AA] -> 0x3FFE
[3247] [M]: 0x00000000800032A8 (0x3FFE8E93) addi t4, t4, 0x3ff
x29 <- 0x00000000008003FF

mem[X,0x00000000800032AC] -> 0x9E93
mem[X,0x00000000800032AE] -> 0x00BE
[3248] [M]: 0x00000000800032AC (0x00BE9E93) slli t4, t4, 0xb
x29 <- 0x00000004001FF800

mem[X,0x00000000800032B0] -> 0x8E93
mem[X,0x00000000800032B2] -> 0x7FFE
[3249] [M]: 0x00000000800032B0 (0x7FFE8E93) addi t4, t4, 0x7ff
x29 <- 0x00000004001FFFFF

mem[X,0x00000000800032B4] -> 0x9E93
mem[X,0x00000000800032B6] -> 0x00AE
[3250] [M]: 0x00000000800032B4 (0x00AE9E93) slli t4, t4, 0xa
x29 <- 0x000010007FFFFC00

mem[X,0x00000000800032B8] -> 0x8E93
mem[X,0x00000000800032BA] -> 0x3FFE
[3251] [M]: 0x00000000800032B8 (0x3FFE8E93) addi t4, t4, 0x3ff
x29 <- 0x000010007FFFFFFF

mem[X,0x00000000800032BC] -> 0x0FB7
mem[X,0x00000000800032BE] -> 0xFF00
[3252] [M]: 0x00000000800032BC (0xFF000FB7) lui t6, -0x1000
x31 <- 0xFFFFFFFFFF000000

mem[X,0x00000000800032C0] -> 0x8F93
mem[X,0x00000000800032C2] -> 0xFFFF
[3253] [M]: 0x00000000800032C0 (0xFFFF8F93) addi t6, t6, -0x1
x31 <- 0xFFFFFFFFFEFFFFFF

mem[X,0x00000000800032C4] -> 0x9F93
mem[X,0x00000000800032C6] -> 0x00BF
[3254] [M]: 0x00000000800032C4 (0x00BF9F93) slli t6, t6, 0xb
x31 <- 0xFFFFFFF7FFFFF800

mem[X,0x00000000800032C8] -> 0x8F93
mem[X,0x00000000800032CA] -> 0x002F
[3255] [M]: 0x00000000800032C8 (0x002F8F93) addi t6, t6, 0x2
x31 <- 0xFFFFFFF7FFFFF802

mem[X,0x00000000800032CC] -> 0x9F93
mem[X,0x00000000800032CE] -> 0x00BF
[3256] [M]: 0x00000000800032CC (0x00BF9F93) slli t6, t6, 0xb
x31 <- 0xFFFFBFFFFFC01000

mem[X,0x00000000800032D0] -> 0x8F93
mem[X,0x00000000800032D2] -> 0x000F
[3257] [M]: 0x00000000800032D0 (0x000F8F93) addi t6, t6, 0x0
x31 <- 0xFFFFBFFFFFC01000

mem[X,0x00000000800032D4] -> 0x9F93
mem[X,0x00000000800032D6] -> 0x00AF
[3258] [M]: 0x00000000800032D4 (0x00AF9F93) slli t6, t6, 0xa
x31 <- 0xFEFFFFFF00400000

mem[X,0x00000000800032D8] -> 0x1FBB
mem[X,0x00000000800032DA] -> 0xBBDF
[3259] [M]: 0x00000000800032D8 (0xBBDF1FBB) pmaccu.w.heo t6, t5, t4
x31 <- 0xFF00FE000040FE01

mem[X,0x00000000800032DC] -> 0xB423
mem[X,0x00000000800032DE] -> 0x35F0
[3260] [M]: 0x00000000800032DC (0x35F0B423) sd t6, 0x348(ra)
mem[0x0000000080006548] <- 0xFF00FE000040FE01

mem[X,0x00000000800032E0] -> 0x5F37
mem[X,0x00000000800032E2] -> 0x5555
[3261] [M]: 0x00000000800032E0 (0x55555F37) lui t5, 0x55555
x30 <- 0x0000000055555000

mem[X,0x00000000800032E4] -> 0x0F13
mem[X,0x00000000800032E6] -> 0x555F
[3262] [M]: 0x00000000800032E4 (0x555F0F13) addi t5, t5, 0x555
x30 <- 0x0000000055555555

mem[X,0x00000000800032E8] -> 0x1F13
mem[X,0x00000000800032EA] -> 0x00BF
[3263] [M]: 0x00000000800032E8 (0x00BF1F13) slli t5, t5, 0xb
x30 <- 0x000002AAAAAAA800

mem[X,0x00000000800032EC] -> 0x0F13
mem[X,0x00000000800032EE] -> 0x6FFF
[3264] [M]: 0x00000000800032EC (0x6FFF0F13) addi t5, t5, 0x6ff
x30 <- 0x000002AAAAAAAEFF

mem[X,0x00000000800032F0] -> 0x1F13
mem[X,0x00000000800032F2] -> 0x00BF
[3265] [M]: 0x00000000800032F0 (0x00BF1F13) slli t5, t5, 0xb
x30 <- 0x001555555577F800

mem[X,0x00000000800032F4] -> 0x0F13
mem[X,0x00000000800032F6] -> 0x7FFF
[3266] [M]: 0x00000000800032F4 (0x7FFF0F13) addi t5, t5, 0x7ff
x30 <- 0x001555555577FFFF

mem[X,0x00000000800032F8] -> 0x1F13
mem[X,0x00000000800032FA] -> 0x00AF
[3267] [M]: 0x00000000800032F8 (0x00AF1F13) slli t5, t5, 0xa
x30 <- 0x55555555DFFFFC00

mem[X,0x00000000800032FC] -> 0x0F13
mem[X,0x00000000800032FE] -> 0x3FFF
[3268] [M]: 0x00000000800032FC (0x3FFF0F13) addi t5, t5, 0x3ff
x30 <- 0x55555555DFFFFFFF

mem[X,0x0000000080003300] -> 0x0EB7
mem[X,0x0000000080003302] -> 0x0000
[3269] [M]: 0x0000000080003300 (0x00000EB7) lui t4, 0x0
x29 <- 0x0000000000000000

mem[X,0x0000000080003304] -> 0x8E93
mem[X,0x0000000080003306] -> 0xFFCE
[3270] [M]: 0x0000000080003304 (0xFFCE8E93) addi t4, t4, -0x4
x29 <- 0xFFFFFFFFFFFFFFFC

mem[X,0x0000000080003308] -> 0x9E93
mem[X,0x000000008000330A] -> 0x00BE
[3271] [M]: 0x0000000080003308 (0x00BE9E93) slli t4, t4, 0xb
x29 <- 0xFFFFFFFFFFFFE000

mem[X,0x000000008000330C] -> 0x8E93
mem[X,0x000000008000330E] -> 0x7F7E
[3272] [M]: 0x000000008000330C (0x7F7E8E93) addi t4, t4, 0x7f7
x29 <- 0xFFFFFFFFFFFFE7F7

mem[X,0x0000000080003310] -> 0x9E93
mem[X,0x0000000080003312] -> 0x00BE
[3273] [M]: 0x0000000080003310 (0x00BE9E93) slli t4, t4, 0xb
x29 <- 0xFFFFFFFFFF3FB800

mem[X,0x0000000080003314] -> 0x8E93
mem[X,0x0000000080003316] -> 0x7FFE
[3274] [M]: 0x0000000080003314 (0x7FFE8E93) addi t4, t4, 0x7ff
x29 <- 0xFFFFFFFFFF3FBFFF

mem[X,0x0000000080003318] -> 0x9E93
mem[X,0x000000008000331A] -> 0x00AE
[3275] [M]: 0x0000000080003318 (0x00AE9E93) slli t4, t4, 0xa
x29 <- 0xFFFFFFFCFEFFFC00

mem[X,0x000000008000331C] -> 0x8E93
mem[X,0x000000008000331E] -> 0x3FFE
[3276] [M]: 0x000000008000331C (0x3FFE8E93) addi t4, t4, 0x3ff
x29 <- 0xFFFFFFFCFEFFFFFF

mem[X,0x0000000080003320] -> 0x0FB7
mem[X,0x0000000080003322] -> 0x2000
[3277] [M]: 0x0000000080003320 (0x20000FB7) lui t6, 0x20000
x31 <- 0x0000000020000000

mem[X,0x0000000080003324] -> 0x8F93
mem[X,0x0000000080003326] -> 0x000F
[3278] [M]: 0x0000000080003324 (0x000F8F93) addi t6, t6, 0x0
x31 <- 0x0000000020000000

mem[X,0x0000000080003328] -> 0x9F93
mem[X,0x000000008000332A] -> 0x00BF
[3279] [M]: 0x0000000080003328 (0x00BF9F93) slli t6, t6, 0xb
x31 <- 0x0000010000000000

mem[X,0x000000008000332C] -> 0x8F93
mem[X,0x000000008000332E] -> 0x7FFF
[3280] [M]: 0x000000008000332C (0x7FFF8F93) addi t6, t6, 0x7ff
x31 <- 0x00000100000007FF

mem[X,0x0000000080003330] -> 0x9F93
mem[X,0x0000000080003332] -> 0x00BF
[3281] [M]: 0x0000000080003330 (0x00BF9F93) slli t6, t6, 0xb
x31 <- 0x00080000003FF800

mem[X,0x0000000080003334] -> 0x8F93
mem[X,0x0000000080003336] -> 0x7FFF
[3282] [M]: 0x0000000080003334 (0x7FFF8F93) addi t6, t6, 0x7ff
x31 <- 0x00080000003FFFFF

mem[X,0x0000000080003338] -> 0x9F93
mem[X,0x000000008000333A] -> 0x00AF
[3283] [M]: 0x0000000080003338 (0x00AF9F93) slli t6, t6, 0xa
x31 <- 0x20000000FFFFFC00

mem[X,0x000000008000333C] -> 0x8F93
mem[X,0x000000008000333E] -> 0x37FF
[3284] [M]: 0x000000008000333C (0x37FF8F93) addi t6, t6, 0x37f
x31 <- 0x20000000FFFFFF7F

mem[X,0x0000000080003340] -> 0x1FBB
mem[X,0x0000000080003342] -> 0xBBDF
[3285] [M]: 0x0000000080003340 (0xBBDF1FBB) pmaccu.w.heo t6, t5, t4
x31 <- 0x2000FE010000FD80

mem[X,0x0000000080003344] -> 0xB823
mem[X,0x0000000080003346] -> 0x35F0
[3286] [M]: 0x0000000080003344 (0x35F0B823) sd t6, 0x350(ra)
mem[0x0000000080006550] <- 0x2000FE010000FD80

mem[X,0x0000000080003348] -> 0x0F37
mem[X,0x000000008000334A] -> 0x0100
[3287] [M]: 0x0000000080003348 (0x01000F37) lui t5, 0x1000
x30 <- 0x0000000001000000

mem[X,0x000000008000334C] -> 0x0F13
mem[X,0x000000008000334E] -> 0x001F
[3288] [M]: 0x000000008000334C (0x001F0F13) addi t5, t5, 0x1
x30 <- 0x0000000001000001

mem[X,0x0000000080003350] -> 0x1F13
mem[X,0x0000000080003352] -> 0x01DF
[3289] [M]: 0x0000000080003350 (0x01DF1F13) slli t5, t5, 0x1d
x30 <- 0x0020000020000000

mem[X,0x0000000080003354] -> 0x0EB7
mem[X,0x0000000080003356] -> 0x0000
[3290] [M]: 0x0000000080003354 (0x00000EB7) lui t4, 0x0
x29 <- 0x0000000000000000

mem[X,0x0000000080003358] -> 0x8E93
mem[X,0x000000008000335A] -> 0x009E
[3291] [M]: 0x0000000080003358 (0x009E8E93) addi t4, t4, 0x9
x29 <- 0x0000000000000009

mem[X,0x000000008000335C] -> 0x9E93
mem[X,0x000000008000335E] -> 0x00BE
[3292] [M]: 0x000000008000335C (0x00BE9E93) slli t4, t4, 0xb
x29 <- 0x0000000000004800

mem[X,0x0000000080003360] -> 0x8E93
mem[X,0x0000000080003362] -> 0x1FFE
[3293] [M]: 0x0000000080003360 (0x1FFE8E93) addi t4, t4, 0x1ff
x29 <- 0x00000000000049FF

mem[X,0x0000000080003364] -> 0x9E93
mem[X,0x0000000080003366] -> 0x00BE
[3294] [M]: 0x0000000080003364 (0x00BE9E93) slli t4, t4, 0xb
x29 <- 0x00000000024FF800

mem[X,0x0000000080003368] -> 0x8E93
mem[X,0x000000008000336A] -> 0x7FFE
[3295] [M]: 0x0000000080003368 (0x7FFE8E93) addi t4, t4, 0x7ff
x29 <- 0x00000000024FFFFF

mem[X,0x000000008000336C] -> 0x9E93
mem[X,0x000000008000336E] -> 0x00AE
[3296] [M]: 0x000000008000336C (0x00AE9E93) slli t4, t4, 0xa
x29 <- 0x000000093FFFFC00

mem[X,0x0000000080003370] -> 0x8E93
mem[X,0x0000000080003372] -> 0x3FFE
[3297] [M]: 0x0000000080003370 (0x3FFE8E93) addi t4, t4, 0x3ff
x29 <- 0x000000093FFFFFFF

mem[X,0x0000000080003374] -> 0x0FB7
mem[X,0x0000000080003376] -> 0x0001
[3298] [M]: 0x0000000080003374 (0x00010FB7) lui t6, 0x10
x31 <- 0x0000000000010000

mem[X,0x0000000080003378] -> 0x8F93
mem[X,0x000000008000337A] -> 0x000F
[3299] [M]: 0x0000000080003378 (0x000F8F93) addi t6, t6, 0x0
x31 <- 0x0000000000010000

clint::tick mtime <- 0x0000000000000021
 clint timer pending at mtime 0x0000000000000021
htif::tick 0x0000000000000000
mem[X,0x000000008000337C] -> 0x9F93
mem[X,0x000000008000337E] -> 0x00BF
[3300] [M]: 0x000000008000337C (0x00BF9F93) slli t6, t6, 0xb
x31 <- 0x0000000008000000

mem[X,0x0000000080003380] -> 0x8F93
mem[X,0x0000000080003382] -> 0x000F
[3301] [M]: 0x0000000080003380 (0x000F8F93) addi t6, t6, 0x0
x31 <- 0x0000000008000000

mem[X,0x0000000080003384] -> 0x9F93
mem[X,0x0000000080003386] -> 0x00BF
[3302] [M]: 0x0000000080003384 (0x00BF9F93) slli t6, t6, 0xb
x31 <- 0x0000004000000000

mem[X,0x0000000080003388] -> 0x8F93
mem[X,0x000000008000338A] -> 0x000F
[3303] [M]: 0x0000000080003388 (0x000F8F93) addi t6, t6, 0x0
x31 <- 0x0000004000000000

mem[X,0x000000008000338C] -> 0x9F93
mem[X,0x000000008000338E] -> 0x00AF
[3304] [M]: 0x000000008000338C (0x00AF9F93) slli t6, t6, 0xa
x31 <- 0x0001000000000000

mem[X,0x0000000080003390] -> 0x8F93
mem[X,0x0000000080003392] -> 0x009F
[3305] [M]: 0x0000000080003390 (0x009F8F93) addi t6, t6, 0x9
x31 <- 0x0001000000000009

mem[X,0x0000000080003394] -> 0x1FBB
mem[X,0x0000000080003396] -> 0xBBDF
[3306] [M]: 0x0000000080003394 (0xBBDF1FBB) pmaccu.w.heo t6, t5, t4
x31 <- 0x0001000000000009

mem[X,0x0000000080003398] -> 0xBC23
mem[X,0x000000008000339A] -> 0x35F0
[3307] [M]: 0x0000000080003398 (0x35F0BC23) sd t6, 0x358(ra)
mem[0x0000000080006558] <- 0x0001000000000009

mem[X,0x000000008000339C] -> 0x0F37
mem[X,0x000000008000339E] -> 0x0040
[3308] [M]: 0x000000008000339C (0x00400F37) lui t5, 0x400
x30 <- 0x0000000000400000

mem[X,0x00000000800033A0] -> 0x0F13
mem[X,0x00000000800033A2] -> 0x000F
[3309] [M]: 0x00000000800033A0 (0x000F0F13) addi t5, t5, 0x0
x30 <- 0x0000000000400000

mem[X,0x00000000800033A4] -> 0x1F13
mem[X,0x00000000800033A6] -> 0x00BF
[3310] [M]: 0x00000000800033A4 (0x00BF1F13) slli t5, t5, 0xb
x30 <- 0x0000000200000000

mem[X,0x00000000800033A8] -> 0x0F13
mem[X,0x00000000800033AA] -> 0x000F
[3311] [M]: 0x00000000800033A8 (0x000F0F13) addi t5, t5, 0x0
x30 <- 0x0000000200000000

mem[X,0x00000000800033AC] -> 0x1F13
mem[X,0x00000000800033AE] -> 0x00BF
[3312] [M]: 0x00000000800033AC (0x00BF1F13) slli t5, t5, 0xb
x30 <- 0x0000100000000000

mem[X,0x00000000800033B0] -> 0x0F13
mem[X,0x00000000800033B2] -> 0x000F
[3313] [M]: 0x00000000800033B0 (0x000F0F13) addi t5, t5, 0x0
x30 <- 0x0000100000000000

mem[X,0x00000000800033B4] -> 0x1F13
mem[X,0x00000000800033B6] -> 0x00AF
[3314] [M]: 0x00000000800033B4 (0x00AF1F13) slli t5, t5, 0xa
x30 <- 0x0040000000000000

mem[X,0x00000000800033B8] -> 0x0F13
mem[X,0x00000000800033BA] -> 0x040F
[3315] [M]: 0x00000000800033B8 (0x040F0F13) addi t5, t5, 0x40
x30 <- 0x0040000000000040

mem[X,0x00000000800033BC] -> 0x0EB7
mem[X,0x00000000800033BE] -> 0x0040
[3316] [M]: 0x00000000800033BC (0x00400EB7) lui t4, 0x400
x29 <- 0x0000000000400000

mem[X,0x00000000800033C0] -> 0x8E93
mem[X,0x00000000800033C2] -> 0x001E
[3317] [M]: 0x00000000800033C0 (0x001E8E93) addi t4, t4, 0x1
x29 <- 0x0000000000400001

mem[X,0x00000000800033C4] -> 0x9E93
mem[X,0x00000000800033C6] -> 0x015E
[3318] [M]: 0x00000000800033C4 (0x015E9E93) slli t4, t4, 0x15
x29 <- 0x0000080000200000

mem[X,0x00000000800033C8] -> 0xCFB7
mem[X,0x00000000800033CA] -> 0xFFFF
[3319] [M]: 0x00000000800033C8 (0xFFFFCFB7) lui t6, -0x4
x31 <- 0xFFFFFFFFFFFFC000

mem[X,0x00000000800033CC] -> 0x8F93
mem[X,0x00000000800033CE] -> 0xFFFF
[3320] [M]: 0x00000000800033CC (0xFFFF8F93) addi t6, t6, -0x1
x31 <- 0xFFFFFFFFFFFFBFFF

mem[X,0x00000000800033D0] -> 0x9F93
mem[X,0x00000000800033D2] -> 0x00BF
[3321] [M]: 0x00000000800033D0 (0x00BF9F93) slli t6, t6, 0xb
x31 <- 0xFFFFFFFFFDFFF800

mem[X,0x00000000800033D4] -> 0x8F93
mem[X,0x00000000800033D6] -> 0x000F
[3322] [M]: 0x00000000800033D4 (0x000F8F93) addi t6, t6, 0x0
x31 <- 0xFFFFFFFFFDFFF800

mem[X,0x00000000800033D8] -> 0x9F93
mem[X,0x00000000800033DA] -> 0x00BF
[3323] [M]: 0x00000000800033D8 (0x00BF9F93) slli t6, t6, 0xb
x31 <- 0xFFFFFFEFFFC00000

mem[X,0x00000000800033DC] -> 0x8F93
mem[X,0x00000000800033DE] -> 0x002F
[3324] [M]: 0x00000000800033DC (0x002F8F93) addi t6, t6, 0x2
x31 <- 0xFFFFFFEFFFC00002

mem[X,0x00000000800033E0] -> 0x9F93
mem[X,0x00000000800033E2] -> 0x00AF
[3325] [M]: 0x00000000800033E0 (0x00AF9F93) slli t6, t6, 0xa
x31 <- 0xFFFFBFFF00000800

mem[X,0x00000000800033E4] -> 0x1FBB
mem[X,0x00000000800033E6] -> 0xBBDF
[3326] [M]: 0x00000000800033E4 (0xBBDF1FBB) pmaccu.w.heo t6, t5, t4
x31 <- 0xFFFFBFFF00000800

mem[X,0x00000000800033E8] -> 0xB023
mem[X,0x00000000800033EA] -> 0x37F0
[3327] [M]: 0x00000000800033E8 (0x37F0B023) sd t6, 0x360(ra)
mem[0x0000000080006560] <- 0xFFFFBFFF00000800

mem[X,0x00000000800033EC] -> 0x0F37
mem[X,0x00000000800033EE] -> 0x0080
[3328] [M]: 0x00000000800033EC (0x00800F37) lui t5, 0x800
x30 <- 0x0000000000800000

mem[X,0x00000000800033F0] -> 0x0F13
mem[X,0x00000000800033F2] -> 0x000F
[3329] [M]: 0x00000000800033F0 (0x000F0F13) addi t5, t5, 0x0
x30 <- 0x0000000000800000

mem[X,0x00000000800033F4] -> 0x1F13
mem[X,0x00000000800033F6] -> 0x00BF
[3330] [M]: 0x00000000800033F4 (0x00BF1F13) slli t5, t5, 0xb
x30 <- 0x0000000400000000

mem[X,0x00000000800033F8] -> 0x0F13
mem[X,0x00000000800033FA] -> 0x7EFF
[3331] [M]: 0x00000000800033F8 (0x7EFF0F13) addi t5, t5, 0x7ef
x30 <- 0x00000004000007EF

mem[X,0x00000000800033FC] -> 0x1F13
mem[X,0x00000000800033FE] -> 0x00BF
[3332] [M]: 0x00000000800033FC (0x00BF1F13) slli t5, t5, 0xb
x30 <- 0x00002000003F7800

mem[X,0x0000000080003400] -> 0x0F13
mem[X,0x0000000080003402] -> 0x7FFF
[3333] [M]: 0x0000000080003400 (0x7FFF0F13) addi t5, t5, 0x7ff
x30 <- 0x00002000003F7FFF

mem[X,0x0000000080003404] -> 0x1F13
mem[X,0x0000000080003406] -> 0x00AF
[3334] [M]: 0x0000000080003404 (0x00AF1F13) slli t5, t5, 0xa
x30 <- 0x00800000FDFFFC00

mem[X,0x0000000080003408] -> 0x0F13
mem[X,0x000000008000340A] -> 0x3FFF
[3335] [M]: 0x0000000080003408 (0x3FFF0F13) addi t5, t5, 0x3ff
x30 <- 0x00800000FDFFFFFF

mem[X,0x000000008000340C] -> 0x0E93
mem[X,0x000000008000340E] -> 0xFFF0
[3336] [M]: 0x000000008000340C (0xFFF00E93) addi t4, zero, -0x1
x29 <- 0xFFFFFFFFFFFFFFFF

mem[X,0x0000000080003410] -> 0xDE93
mem[X,0x0000000080003412] -> 0x020E
[3337] [M]: 0x0000000080003410 (0x020EDE93) srli t4, t4, 0x20
x29 <- 0x00000000FFFFFFFF

mem[X,0x0000000080003414] -> 0x9E93
mem[X,0x0000000080003416] -> 0x001E
[3338] [M]: 0x0000000080003414 (0x001E9E93) slli t4, t4, 0x1
x29 <- 0x00000001FFFFFFFE

mem[X,0x0000000080003418] -> 0xCE93
mem[X,0x000000008000341A] -> 0xFFFE
[3339] [M]: 0x0000000080003418 (0xFFFECE93) xori t4, t4, -0x1
x29 <- 0xFFFFFFFE00000001

mem[X,0x000000008000341C] -> 0x0FB7
mem[X,0x000000008000341E] -> 0xE000
[3340] [M]: 0x000000008000341C (0xE0000FB7) lui t6, -0x20000
x31 <- 0xFFFFFFFFE0000000

mem[X,0x0000000080003420] -> 0x8F93
mem[X,0x0000000080003422] -> 0xFFFF
[3341] [M]: 0x0000000080003420 (0xFFFF8F93) addi t6, t6, -0x1
x31 <- 0xFFFFFFFFDFFFFFFF

mem[X,0x0000000080003424] -> 0x9F93
mem[X,0x0000000080003426] -> 0x00BF
[3342] [M]: 0x0000000080003424 (0x00BF9F93) slli t6, t6, 0xb
x31 <- 0xFFFFFEFFFFFFF800

mem[X,0x0000000080003428] -> 0x8F93
mem[X,0x000000008000342A] -> 0x7FFF
[3343] [M]: 0x0000000080003428 (0x7FFF8F93) addi t6, t6, 0x7ff
x31 <- 0xFFFFFEFFFFFFFFFF

mem[X,0x000000008000342C] -> 0x9F93
mem[X,0x000000008000342E] -> 0x00BF
[3344] [M]: 0x000000008000342C (0x00BF9F93) slli t6, t6, 0xb
x31 <- 0xFFF7FFFFFFFFF800

mem[X,0x0000000080003430] -> 0x8F93
mem[X,0x0000000080003432] -> 0x7EFF
[3345] [M]: 0x0000000080003430 (0x7EFF8F93) addi t6, t6, 0x7ef
x31 <- 0xFFF7FFFFFFFFFFEF

mem[X,0x0000000080003434] -> 0x9F93
mem[X,0x0000000080003436] -> 0x00AF
[3346] [M]: 0x0000000080003434 (0x00AF9F93) slli t6, t6, 0xa
x31 <- 0xDFFFFFFFFFFFBC00

mem[X,0x0000000080003438] -> 0x8F93
mem[X,0x000000008000343A] -> 0x3FFF
[3347] [M]: 0x0000000080003438 (0x3FFF8F93) addi t6, t6, 0x3ff
x31 <- 0xDFFFFFFFFFFFBFFF

mem[X,0x000000008000343C] -> 0x1FBB
mem[X,0x000000008000343E] -> 0xBBDF
[3348] [M]: 0x000000008000343C (0xBBDF1FBB) pmaccu.w.heo t6, t5, t4
x31 <- 0xDFFFFFFFFFFFBFFF

mem[X,0x0000000080003440] -> 0xB423
mem[X,0x0000000080003442] -> 0x37F0
[3349] [M]: 0x0000000080003440 (0x37F0B423) sd t6, 0x368(ra)
mem[0x0000000080006568] <- 0xDFFFFFFFFFFFBFFF

mem[X,0x0000000080003444] -> 0x0F37
mem[X,0x0000000080003446] -> 0x0000
[3350] [M]: 0x0000000080003444 (0x00000F37) lui t5, 0x0
x30 <- 0x0000000000000000

mem[X,0x0000000080003448] -> 0x0F13
mem[X,0x000000008000344A] -> 0xFF6F
[3351] [M]: 0x0000000080003448 (0xFF6F0F13) addi t5, t5, -0xa
x30 <- 0xFFFFFFFFFFFFFFF6

mem[X,0x000000008000344C] -> 0x1F13
mem[X,0x000000008000344E] -> 0x00BF
[3352] [M]: 0x000000008000344C (0x00BF1F13) slli t5, t5, 0xb
x30 <- 0xFFFFFFFFFFFFB000

mem[X,0x0000000080003450] -> 0x0F13
mem[X,0x0000000080003452] -> 0x7FFF
[3353] [M]: 0x0000000080003450 (0x7FFF0F13) addi t5, t5, 0x7ff
x30 <- 0xFFFFFFFFFFFFB7FF

mem[X,0x0000000080003454] -> 0x1F13
mem[X,0x0000000080003456] -> 0x00BF
[3354] [M]: 0x0000000080003454 (0x00BF1F13) slli t5, t5, 0xb
x30 <- 0xFFFFFFFFFDBFF800

mem[X,0x0000000080003458] -> 0x0F13
mem[X,0x000000008000345A] -> 0x5FFF
[3355] [M]: 0x0000000080003458 (0x5FFF0F13) addi t5, t5, 0x5ff
x30 <- 0xFFFFFFFFFDBFFDFF

mem[X,0x000000008000345C] -> 0x1F13
mem[X,0x000000008000345E] -> 0x00AF
[3356] [M]: 0x000000008000345C (0x00AF1F13) slli t5, t5, 0xa
x30 <- 0xFFFFFFF6FFF7FC00

mem[X,0x0000000080003460] -> 0x0F13
mem[X,0x0000000080003462] -> 0x3FFF
[3357] [M]: 0x0000000080003460 (0x3FFF0F13) addi t5, t5, 0x3ff
x30 <- 0xFFFFFFF6FFF7FFFF

mem[X,0x0000000080003464] -> 0x0EB7
mem[X,0x0000000080003466] -> 0x0001
[3358] [M]: 0x0000000080003464 (0x00010EB7) lui t4, 0x10
x29 <- 0x0000000000010000

mem[X,0x0000000080003468] -> 0x8E93
mem[X,0x000000008000346A] -> 0x000E
[3359] [M]: 0x0000000080003468 (0x000E8E93) addi t4, t4, 0x0
x29 <- 0x0000000000010000

mem[X,0x000000008000346C] -> 0x9E93
mem[X,0x000000008000346E] -> 0x00BE
[3360] [M]: 0x000000008000346C (0x00BE9E93) slli t4, t4, 0xb
x29 <- 0x0000000008000000

mem[X,0x0000000080003470] -> 0x8E93
mem[X,0x0000000080003472] -> 0x7DFE
[3361] [M]: 0x0000000080003470 (0x7DFE8E93) addi t4, t4, 0x7df
x29 <- 0x00000000080007DF

mem[X,0x0000000080003474] -> 0x9E93
mem[X,0x0000000080003476] -> 0x00BE
[3362] [M]: 0x0000000080003474 (0x00BE9E93) slli t4, t4, 0xb
x29 <- 0x00000040003EF800

mem[X,0x0000000080003478] -> 0x8E93
mem[X,0x000000008000347A] -> 0x7FFE
[3363] [M]: 0x0000000080003478 (0x7FFE8E93) addi t4, t4, 0x7ff
x29 <- 0x00000040003EFFFF

mem[X,0x000000008000347C] -> 0x9E93
mem[X,0x000000008000347E] -> 0x00AE
[3364] [M]: 0x000000008000347C (0x00AE9E93) slli t4, t4, 0xa
x29 <- 0x00010000FBFFFC00

mem[X,0x0000000080003480] -> 0x8E93
mem[X,0x0000000080003482] -> 0x3FFE
[3365] [M]: 0x0000000080003480 (0x3FFE8E93) addi t4, t4, 0x3ff
x29 <- 0x00010000FBFFFFFF

mem[X,0x0000000080003484] -> 0x0FB7
mem[X,0x0000000080003486] -> 0x0000
[3366] [M]: 0x0000000080003484 (0x00000FB7) lui t6, 0x0
x31 <- 0x0000000000000000

mem[X,0x0000000080003488] -> 0x8F93
mem[X,0x000000008000348A] -> 0xF7FF
[3367] [M]: 0x0000000080003488 (0xF7FF8F93) addi t6, t6, -0x81
x31 <- 0xFFFFFFFFFFFFFF7F

mem[X,0x000000008000348C] -> 0x9F93
mem[X,0x000000008000348E] -> 0x00BF
[3368] [M]: 0x000000008000348C (0x00BF9F93) slli t6, t6, 0xb
x31 <- 0xFFFFFFFFFFFBF800

mem[X,0x0000000080003490] -> 0x8F93
mem[X,0x0000000080003492] -> 0x000F
[3369] [M]: 0x0000000080003490 (0x000F8F93) addi t6, t6, 0x0
x31 <- 0xFFFFFFFFFFFBF800

mem[X,0x0000000080003494] -> 0x9F93
mem[X,0x0000000080003496] -> 0x00BF
[3370] [M]: 0x0000000080003494 (0x00BF9F93) slli t6, t6, 0xb
x31 <- 0xFFFFFFFFDFC00000

mem[X,0x0000000080003498] -> 0x8F93
mem[X,0x000000008000349A] -> 0x000F
[3371] [M]: 0x0000000080003498 (0x000F8F93) addi t6, t6, 0x0
x31 <- 0xFFFFFFFFDFC00000

mem[X,0x000000008000349C] -> 0x9F93
mem[X,0x000000008000349E] -> 0x00AF
[3372] [M]: 0x000000008000349C (0x00AF9F93) slli t6, t6, 0xa
x31 <- 0xFFFFFF7F00000000

mem[X,0x00000000800034A0] -> 0x8F93
mem[X,0x00000000800034A2] -> 0x009F
[3373] [M]: 0x00000000800034A0 (0x009F8F93) addi t6, t6, 0x9
x31 <- 0xFFFFFF7F00000009

mem[X,0x00000000800034A4] -> 0x1FBB
mem[X,0x00000000800034A6] -> 0xBBDF
[3374] [M]: 0x00000000800034A4 (0xBBDF1FBB) pmaccu.w.heo t6, t5, t4
x31 <- 0x0000FD800000FE0A

mem[X,0x00000000800034A8] -> 0xB823
mem[X,0x00000000800034AA] -> 0x37F0
[3375] [M]: 0x00000000800034A8 (0x37F0B823) sd t6, 0x370(ra)
mem[0x0000000080006570] <- 0x0000FD800000FE0A

mem[X,0x00000000800034AC] -> 0x0F37
mem[X,0x00000000800034AE] -> 0x0000
[3376] [M]: 0x00000000800034AC (0x00000F37) lui t5, 0x0
x30 <- 0x0000000000000000

mem[X,0x00000000800034B0] -> 0x0F13
mem[X,0x00000000800034B2] -> 0xFFCF
[3377] [M]: 0x00000000800034B0 (0xFFCF0F13) addi t5, t5, -0x4
x30 <- 0xFFFFFFFFFFFFFFFC

mem[X,0x00000000800034B4] -> 0x1F13
mem[X,0x00000000800034B6] -> 0x00BF
[3378] [M]: 0x00000000800034B4 (0x00BF1F13) slli t5, t5, 0xb
x30 <- 0xFFFFFFFFFFFFE000

mem[X,0x00000000800034B8] -> 0x0F13
mem[X,0x00000000800034BA] -> 0x600F
[3379] [M]: 0x00000000800034B8 (0x600F0F13) addi t5, t5, 0x600
x30 <- 0xFFFFFFFFFFFFE600

mem[X,0x00000000800034BC] -> 0x1F13
mem[X,0x00000000800034BE] -> 0x00BF
[3380] [M]: 0x00000000800034BC (0x00BF1F13) slli t5, t5, 0xb
x30 <- 0xFFFFFFFFFF300000

mem[X,0x00000000800034C0] -> 0x0F13
mem[X,0x00000000800034C2] -> 0x000F
[3381] [M]: 0x00000000800034C0 (0x000F0F13) addi t5, t5, 0x0
x30 <- 0xFFFFFFFFFF300000

mem[X,0x00000000800034C4] -> 0x1F13
mem[X,0x00000000800034C6] -> 0x00AF
[3382] [M]: 0x00000000800034C4 (0x00AF1F13) slli t5, t5, 0xa
x30 <- 0xFFFFFFFCC0000000

mem[X,0x00000000800034C8] -> 0x0EB7
mem[X,0x00000000800034CA] -> 0x0000
[3383] [M]: 0x00000000800034C8 (0x00000EB7) lui t4, 0x0
x29 <- 0x0000000000000000

mem[X,0x00000000800034CC] -> 0x8E93
mem[X,0x00000000800034CE] -> 0x001E
[3384] [M]: 0x00000000800034CC (0x001E8E93) addi t4, t4, 0x1
x29 <- 0x0000000000000001

mem[X,0x00000000800034D0] -> 0x9E93
mem[X,0x00000000800034D2] -> 0x00BE
[3385] [M]: 0x00000000800034D0 (0x00BE9E93) slli t4, t4, 0xb
x29 <- 0x0000000000000800

mem[X,0x00000000800034D4] -> 0x8E93
mem[X,0x00000000800034D6] -> 0x000E
[3386] [M]: 0x00000000800034D4 (0x000E8E93) addi t4, t4, 0x0
x29 <- 0x0000000000000800

mem[X,0x00000000800034D8] -> 0x9E93
mem[X,0x00000000800034DA] -> 0x00BE
[3387] [M]: 0x00000000800034D8 (0x00BE9E93) slli t4, t4, 0xb
x29 <- 0x0000000000400000

mem[X,0x00000000800034DC] -> 0x8E93
mem[X,0x00000000800034DE] -> 0x000E
[3388] [M]: 0x00000000800034DC (0x000E8E93) addi t4, t4, 0x0
x29 <- 0x0000000000400000

mem[X,0x00000000800034E0] -> 0x9E93
mem[X,0x00000000800034E2] -> 0x00AE
[3389] [M]: 0x00000000800034E0 (0x00AE9E93) slli t4, t4, 0xa
x29 <- 0x0000000100000000

mem[X,0x00000000800034E4] -> 0x8E93
mem[X,0x00000000800034E6] -> 0x003E
[3390] [M]: 0x00000000800034E4 (0x003E8E93) addi t4, t4, 0x3
x29 <- 0x0000000100000003

mem[X,0x00000000800034E8] -> 0x0FB7
mem[X,0x00000000800034EA] -> 0x0000
[3391] [M]: 0x00000000800034E8 (0x00000FB7) lui t6, 0x0
x31 <- 0x0000000000000000

mem[X,0x00000000800034EC] -> 0x8F93
mem[X,0x00000000800034EE] -> 0xFF7F
[3392] [M]: 0x00000000800034EC (0xFF7F8F93) addi t6, t6, -0x9
x31 <- 0xFFFFFFFFFFFFFFF7

mem[X,0x00000000800034F0] -> 0x9F93
mem[X,0x00000000800034F2] -> 0x00BF
[3393] [M]: 0x00000000800034F0 (0x00BF9F93) slli t6, t6, 0xb
x31 <- 0xFFFFFFFFFFFFB800

mem[X,0x00000000800034F4] -> 0x8F93
mem[X,0x00000000800034F6] -> 0x7FFF
[3394] [M]: 0x00000000800034F4 (0x7FFF8F93) addi t6, t6, 0x7ff
x31 <- 0xFFFFFFFFFFFFBFFF

mem[X,0x00000000800034F8] -> 0x9F93
mem[X,0x00000000800034FA] -> 0x00BF
[3395] [M]: 0x00000000800034F8 (0x00BF9F93) slli t6, t6, 0xb
x31 <- 0xFFFFFFFFFDFFF800

mem[X,0x00000000800034FC] -> 0x8F93
mem[X,0x00000000800034FE] -> 0x7FBF
[3396] [M]: 0x00000000800034FC (0x7FBF8F93) addi t6, t6, 0x7fb
x31 <- 0xFFFFFFFFFDFFFFFB

mem[X,0x0000000080003500] -> 0x9F93
mem[X,0x0000000080003502] -> 0x00AF
[3397] [M]: 0x0000000080003500 (0x00AF9F93) slli t6, t6, 0xa
x31 <- 0xFFFFFFF7FFFFEC00

mem[X,0x0000000080003504] -> 0x8F93
mem[X,0x0000000080003506] -> 0x3FFF
[3398] [M]: 0x0000000080003504 (0x3FFF8F93) addi t6, t6, 0x3ff
x31 <- 0xFFFFFFF7FFFFEFFF

mem[X,0x0000000080003508] -> 0x1FBB
mem[X,0x000000008000350A] -> 0xBBDF
[3399] [M]: 0x0000000080003508 (0xBBDF1FBB) pmaccu.w.heo t6, t5, t4
x31 <- 0xFFFFFFF7FFFFEFFF

clint::tick mtime <- 0x0000000000000022
 clint timer pending at mtime 0x0000000000000022
htif::tick 0x0000000000000000
mem[X,0x000000008000350C] -> 0xBC23
mem[X,0x000000008000350E] -> 0x37F0
[3400] [M]: 0x000000008000350C (0x37F0BC23) sd t6, 0x378(ra)
mem[0x0000000080006578] <- 0xFFFFFFF7FFFFEFFF

mem[X,0x0000000080003510] -> 0x0F37
mem[X,0x0000000080003512] -> 0xFF80
[3401] [M]: 0x0000000080003510 (0xFF800F37) lui t5, -0x800
x30 <- 0xFFFFFFFFFF800000

mem[X,0x0000000080003514] -> 0x0F13
mem[X,0x0000000080003516] -> 0xFFFF
[3402] [M]: 0x0000000080003514 (0xFFFF0F13) addi t5, t5, -0x1
x30 <- 0xFFFFFFFFFF7FFFFF

mem[X,0x0000000080003518] -> 0x1F13
mem[X,0x000000008000351A] -> 0x00BF
[3403] [M]: 0x0000000080003518 (0x00BF1F13) slli t5, t5, 0xb
x30 <- 0xFFFFFFFBFFFFF800

mem[X,0x000000008000351C] -> 0x0F13
mem[X,0x000000008000351E] -> 0x7FFF
[3404] [M]: 0x000000008000351C (0x7FFF0F13) addi t5, t5, 0x7ff
x30 <- 0xFFFFFFFBFFFFFFFF

mem[X,0x0000000080003520] -> 0x1F13
mem[X,0x0000000080003522] -> 0x00BF
[3405] [M]: 0x0000000080003520 (0x00BF1F13) slli t5, t5, 0xb
x30 <- 0xFFFFDFFFFFFFF800

mem[X,0x0000000080003524] -> 0x0F13
mem[X,0x0000000080003526] -> 0x7DFF
[3406] [M]: 0x0000000080003524 (0x7DFF0F13) addi t5, t5, 0x7df
x30 <- 0xFFFFDFFFFFFFFFDF

mem[X,0x0000000080003528] -> 0x1F13
mem[X,0x000000008000352A] -> 0x00AF
[3407] [M]: 0x0000000080003528 (0x00AF1F13) slli t5, t5, 0xa
x30 <- 0xFF7FFFFFFFFF7C00

mem[X,0x000000008000352C] -> 0x0F13
mem[X,0x000000008000352E] -> 0x3FFF
[3408] [M]: 0x000000008000352C (0x3FFF0F13) addi t5, t5, 0x3ff
x30 <- 0xFF7FFFFFFFFF7FFF

mem[X,0x0000000080003530] -> 0x0EB7
mem[X,0x0000000080003532] -> 0x1000
[3409] [M]: 0x0000000080003530 (0x10000EB7) lui t4, 0x10000
x29 <- 0x0000000010000000

mem[X,0x0000000080003534] -> 0x8E93
mem[X,0x0000000080003536] -> 0x000E
[3410] [M]: 0x0000000080003534 (0x000E8E93) addi t4, t4, 0x0
x29 <- 0x0000000010000000

mem[X,0x0000000080003538] -> 0x9E93
mem[X,0x000000008000353A] -> 0x00BE
[3411] [M]: 0x0000000080003538 (0x00BE9E93) slli t4, t4, 0xb
x29 <- 0x0000008000000000

mem[X,0x000000008000353C] -> 0x8E93
mem[X,0x000000008000353E] -> 0x7FFE
[3412] [M]: 0x000000008000353C (0x7FFE8E93) addi t4, t4, 0x7ff
x29 <- 0x00000080000007FF

mem[X,0x0000000080003540] -> 0x9E93
mem[X,0x0000000080003542] -> 0x00BE
[3413] [M]: 0x0000000080003540 (0x00BE9E93) slli t4, t4, 0xb
x29 <- 0x00040000003FF800

mem[X,0x0000000080003544] -> 0x8E93
mem[X,0x0000000080003546] -> 0x5FFE
[3414] [M]: 0x0000000080003544 (0x5FFE8E93) addi t4, t4, 0x5ff
x29 <- 0x00040000003FFDFF

mem[X,0x0000000080003548] -> 0x9E93
mem[X,0x000000008000354A] -> 0x00AE
[3415] [M]: 0x0000000080003548 (0x00AE9E93) slli t4, t4, 0xa
x29 <- 0x10000000FFF7FC00

mem[X,0x000000008000354C] -> 0x8E93
mem[X,0x000000008000354E] -> 0x3FFE
[3416] [M]: 0x000000008000354C (0x3FFE8E93) addi t4, t4, 0x3ff
x29 <- 0x10000000FFF7FFFF

mem[X,0x0000000080003550] -> 0x0FB7
mem[X,0x0000000080003552] -> 0x0000
[3417] [M]: 0x0000000080003550 (0x00000FB7) lui t6, 0x0
x31 <- 0x0000000000000000

mem[X,0x0000000080003554] -> 0x8F93
mem[X,0x0000000080003556] -> 0xFEFF
[3418] [M]: 0x0000000080003554 (0xFEFF8F93) addi t6, t6, -0x11
x31 <- 0xFFFFFFFFFFFFFFEF

mem[X,0x0000000080003558] -> 0x9F93
mem[X,0x000000008000355A] -> 0x00BF
[3419] [M]: 0x0000000080003558 (0x00BF9F93) slli t6, t6, 0xb
x31 <- 0xFFFFFFFFFFFF7800

mem[X,0x000000008000355C] -> 0x8F93
mem[X,0x000000008000355E] -> 0x7FFF
[3420] [M]: 0x000000008000355C (0x7FFF8F93) addi t6, t6, 0x7ff
x31 <- 0xFFFFFFFFFFFF7FFF

mem[X,0x0000000080003560] -> 0x9F93
mem[X,0x0000000080003562] -> 0x00BF
[3421] [M]: 0x0000000080003560 (0x00BF9F93) slli t6, t6, 0xb
x31 <- 0xFFFFFFFFFBFFF800

mem[X,0x0000000080003564] -> 0x8F93
mem[X,0x0000000080003566] -> 0x7FFF
[3422] [M]: 0x0000000080003564 (0x7FFF8F93) addi t6, t6, 0x7ff
x31 <- 0xFFFFFFFFFBFFFFFF

mem[X,0x0000000080003568] -> 0x9F93
mem[X,0x000000008000356A] -> 0x00AF
[3423] [M]: 0x0000000080003568 (0x00AF9F93) slli t6, t6, 0xa
x31 <- 0xFFFFFFEFFFFFFC00

mem[X,0x000000008000356C] -> 0x8F93
mem[X,0x000000008000356E] -> 0x3BFF
[3424] [M]: 0x000000008000356C (0x3BFF8F93) addi t6, t6, 0x3bf
x31 <- 0xFFFFFFEFFFFFFFBF

mem[X,0x0000000080003570] -> 0x1FBB
mem[X,0x0000000080003572] -> 0xBBDF
[3425] [M]: 0x0000000080003570 (0xBBDF1FBB) pmaccu.w.heo t6, t5, t4
x31 <- 0x0000FDF00000FDC0

mem[X,0x0000000080003574] -> 0xB023
mem[X,0x0000000080003576] -> 0x39F0
[3426] [M]: 0x0000000080003574 (0x39F0B023) sd t6, 0x380(ra)
mem[0x0000000080006580] <- 0x0000FDF00000FDC0

mem[X,0x0000000080003578] -> 0x0F37
mem[X,0x000000008000357A] -> 0xFFC0
[3427] [M]: 0x0000000080003578 (0xFFC00F37) lui t5, -0x400
x30 <- 0xFFFFFFFFFFC00000

mem[X,0x000000008000357C] -> 0x0F13
mem[X,0x000000008000357E] -> 0xFFFF
[3428] [M]: 0x000000008000357C (0xFFFF0F13) addi t5, t5, -0x1
x30 <- 0xFFFFFFFFFFBFFFFF

mem[X,0x0000000080003580] -> 0x1F13
mem[X,0x0000000080003582] -> 0x00BF
[3429] [M]: 0x0000000080003580 (0x00BF1F13) slli t5, t5, 0xb
x30 <- 0xFFFFFFFDFFFFF800

mem[X,0x0000000080003584] -> 0x0F13
mem[X,0x0000000080003586] -> 0x7FFF
[3430] [M]: 0x0000000080003584 (0x7FFF0F13) addi t5, t5, 0x7ff
x30 <- 0xFFFFFFFDFFFFFFFF

mem[X,0x0000000080003588] -> 0x1F13
mem[X,0x000000008000358A] -> 0x00BF
[3431] [M]: 0x0000000080003588 (0x00BF1F13) slli t5, t5, 0xb
x30 <- 0xFFFFEFFFFFFFF800

mem[X,0x000000008000358C] -> 0x0F13
mem[X,0x000000008000358E] -> 0x6FFF
[3432] [M]: 0x000000008000358C (0x6FFF0F13) addi t5, t5, 0x6ff
x30 <- 0xFFFFEFFFFFFFFEFF

mem[X,0x0000000080003590] -> 0x1F13
mem[X,0x0000000080003592] -> 0x00AF
[3433] [M]: 0x0000000080003590 (0x00AF1F13) slli t5, t5, 0xa
x30 <- 0xFFBFFFFFFFFBFC00

mem[X,0x0000000080003594] -> 0x0F13
mem[X,0x0000000080003596] -> 0x3FFF
[3434] [M]: 0x0000000080003594 (0x3FFF0F13) addi t5, t5, 0x3ff
x30 <- 0xFFBFFFFFFFFBFFFF

mem[X,0x0000000080003598] -> 0x0EB7
mem[X,0x000000008000359A] -> 0x0000
[3435] [M]: 0x0000000080003598 (0x00000EB7) lui t4, 0x0
x29 <- 0x0000000000000000

mem[X,0x000000008000359C] -> 0x8E93
mem[X,0x000000008000359E] -> 0x006E
[3436] [M]: 0x000000008000359C (0x006E8E93) addi t4, t4, 0x6
x29 <- 0x0000000000000006

mem[X,0x00000000800035A0] -> 0x9E93
mem[X,0x00000000800035A2] -> 0x00BE
[3437] [M]: 0x00000000800035A0 (0x00BE9E93) slli t4, t4, 0xb
x29 <- 0x0000000000003000

mem[X,0x00000000800035A4] -> 0x8E93
mem[X,0x00000000800035A6] -> 0x7FFE
[3438] [M]: 0x00000000800035A4 (0x7FFE8E93) addi t4, t4, 0x7ff
x29 <- 0x00000000000037FF

mem[X,0x00000000800035A8] -> 0x9E93
mem[X,0x00000000800035AA] -> 0x00BE
[3439] [M]: 0x00000000800035A8 (0x00BE9E93) slli t4, t4, 0xb
x29 <- 0x0000000001BFF800

mem[X,0x00000000800035AC] -> 0x8E93
mem[X,0x00000000800035AE] -> 0x77FE
[3440] [M]: 0x00000000800035AC (0x77FE8E93) addi t4, t4, 0x77f
x29 <- 0x0000000001BFFF7F

mem[X,0x00000000800035B0] -> 0x9E93
mem[X,0x00000000800035B2] -> 0x00AE
[3441] [M]: 0x00000000800035B0 (0x00AE9E93) slli t4, t4, 0xa
x29 <- 0x00000006FFFDFC00

mem[X,0x00000000800035B4] -> 0x8E93
mem[X,0x00000000800035B6] -> 0x3FFE
[3442] [M]: 0x00000000800035B4 (0x3FFE8E93) addi t4, t4, 0x3ff
x29 <- 0x00000006FFFDFFFF

mem[X,0x00000000800035B8] -> 0x0FB7
mem[X,0x00000000800035BA] -> 0x0000
[3443] [M]: 0x00000000800035B8 (0x00000FB7) lui t6, 0x0
x31 <- 0x0000000000000000

mem[X,0x00000000800035BC] -> 0x8F93
mem[X,0x00000000800035BE] -> 0xFBFF
[3444] [M]: 0x00000000800035BC (0xFBFF8F93) addi t6, t6, -0x41
x31 <- 0xFFFFFFFFFFFFFFBF

mem[X,0x00000000800035C0] -> 0x9F93
mem[X,0x00000000800035C2] -> 0x00BF
[3445] [M]: 0x00000000800035C0 (0x00BF9F93) slli t6, t6, 0xb
x31 <- 0xFFFFFFFFFFFDF800

mem[X,0x00000000800035C4] -> 0x8F93
mem[X,0x00000000800035C6] -> 0x7FFF
[3446] [M]: 0x00000000800035C4 (0x7FFF8F93) addi t6, t6, 0x7ff
x31 <- 0xFFFFFFFFFFFDFFFF

mem[X,0x00000000800035C8] -> 0x9F93
mem[X,0x00000000800035CA] -> 0x00BF
[3447] [M]: 0x00000000800035C8 (0x00BF9F93) slli t6, t6, 0xb
x31 <- 0xFFFFFFFFEFFFF800

mem[X,0x00000000800035CC] -> 0x8F93
mem[X,0x00000000800035CE] -> 0x7FFF
[3448] [M]: 0x00000000800035CC (0x7FFF8F93) addi t6, t6, 0x7ff
x31 <- 0xFFFFFFFFEFFFFFFF

mem[X,0x00000000800035D0] -> 0x9F93
mem[X,0x00000000800035D2] -> 0x00AF
[3449] [M]: 0x00000000800035D0 (0x00AF9F93) slli t6, t6, 0xa
x31 <- 0xFFFFFFBFFFFFFC00

mem[X,0x00000000800035D4] -> 0x8F93
mem[X,0x00000000800035D6] -> 0x3F7F
[3450] [M]: 0x00000000800035D4 (0x3F7F8F93) addi t6, t6, 0x3f7
x31 <- 0xFFFFFFBFFFFFFFF7

mem[X,0x00000000800035D8] -> 0x1FBB
mem[X,0x00000000800035DA] -> 0xBBDF
[3451] [M]: 0x00000000800035D8 (0xBBDF1FBB) pmaccu.w.heo t6, t5, t4
x31 <- 0x0000FDC00000FDF8

mem[X,0x00000000800035DC] -> 0xB423
mem[X,0x00000000800035DE] -> 0x39F0
[3452] [M]: 0x00000000800035DC (0x39F0B423) sd t6, 0x388(ra)
mem[0x0000000080006588] <- 0x0000FDC00000FDF8

mem[X,0x00000000800035E0] -> 0x0F37
mem[X,0x00000000800035E2] -> 0x0000
[3453] [M]: 0x00000000800035E0 (0x00000F37) lui t5, 0x0
x30 <- 0x0000000000000000

mem[X,0x00000000800035E4] -> 0x0F13
mem[X,0x00000000800035E6] -> 0xFFBF
[3454] [M]: 0x00000000800035E4 (0xFFBF0F13) addi t5, t5, -0x5
x30 <- 0xFFFFFFFFFFFFFFFB

mem[X,0x00000000800035E8] -> 0x1F13
mem[X,0x00000000800035EA] -> 0x00BF
[3455] [M]: 0x00000000800035E8 (0x00BF1F13) slli t5, t5, 0xb
x30 <- 0xFFFFFFFFFFFFD800

mem[X,0x00000000800035EC] -> 0x0F13
mem[X,0x00000000800035EE] -> 0x000F
[3456] [M]: 0x00000000800035EC (0x000F0F13) addi t5, t5, 0x0
x30 <- 0xFFFFFFFFFFFFD800

mem[X,0x00000000800035F0] -> 0x1F13
mem[X,0x00000000800035F2] -> 0x00BF
[3457] [M]: 0x00000000800035F0 (0x00BF1F13) slli t5, t5, 0xb
x30 <- 0xFFFFFFFFFEC00000

mem[X,0x00000000800035F4] -> 0x0F13
mem[X,0x00000000800035F6] -> 0x400F
[3458] [M]: 0x00000000800035F4 (0x400F0F13) addi t5, t5, 0x400
x30 <- 0xFFFFFFFFFEC00400

mem[X,0x00000000800035F8] -> 0x1F13
mem[X,0x00000000800035FA] -> 0x00AF
[3459] [M]: 0x00000000800035F8 (0x00AF1F13) slli t5, t5, 0xa
x30 <- 0xFFFFFFFB00100000

mem[X,0x00000000800035FC] -> 0x0EB7
mem[X,0x00000000800035FE] -> 0x1000
[3460] [M]: 0x00000000800035FC (0x10000EB7) lui t4, 0x10000
x29 <- 0x0000000010000000

mem[X,0x0000000080003600] -> 0x8E93
mem[X,0x0000000080003602] -> 0x001E
[3461] [M]: 0x0000000080003600 (0x001E8E93) addi t4, t4, 0x1
x29 <- 0x0000000010000001

mem[X,0x0000000080003604] -> 0x9E93
mem[X,0x0000000080003606] -> 0x007E
[3462] [M]: 0x0000000080003604 (0x007E9E93) slli t4, t4, 0x7
x29 <- 0x0000000800000080

mem[X,0x0000000080003608] -> 0x0FB7
mem[X,0x000000008000360A] -> 0x0000
[3463] [M]: 0x0000000080003608 (0x00000FB7) lui t6, 0x0
x31 <- 0x0000000000000000

mem[X,0x000000008000360C] -> 0x8F93
mem[X,0x000000008000360E] -> 0xBFFF
[3464] [M]: 0x000000008000360C (0xBFFF8F93) addi t6, t6, -0x401
x31 <- 0xFFFFFFFFFFFFFBFF

mem[X,0x0000000080003610] -> 0x9F93
mem[X,0x0000000080003612] -> 0x00BF
[3465] [M]: 0x0000000080003610 (0x00BF9F93) slli t6, t6, 0xb
x31 <- 0xFFFFFFFFFFDFF800

mem[X,0x0000000080003614] -> 0x8F93
mem[X,0x0000000080003616] -> 0x7FFF
[3466] [M]: 0x0000000080003614 (0x7FFF8F93) addi t6, t6, 0x7ff
x31 <- 0xFFFFFFFFFFDFFFFF

mem[X,0x0000000080003618] -> 0x9F93
mem[X,0x000000008000361A] -> 0x00BF
[3467] [M]: 0x0000000080003618 (0x00BF9F93) slli t6, t6, 0xb
x31 <- 0xFFFFFFFEFFFFF800

mem[X,0x000000008000361C] -> 0x8F93
mem[X,0x000000008000361E] -> 0x6FFF
[3468] [M]: 0x000000008000361C (0x6FFF8F93) addi t6, t6, 0x6ff
x31 <- 0xFFFFFFFEFFFFFEFF

mem[X,0x0000000080003620] -> 0x9F93
mem[X,0x0000000080003622] -> 0x00AF
[3469] [M]: 0x0000000080003620 (0x00AF9F93) slli t6, t6, 0xa
x31 <- 0xFFFFFBFFFFFBFC00

mem[X,0x0000000080003624] -> 0x8F93
mem[X,0x0000000080003626] -> 0x3FFF
[3470] [M]: 0x0000000080003624 (0x3FFF8F93) addi t6, t6, 0x3ff
x31 <- 0xFFFFFBFFFFFBFFFF

mem[X,0x0000000080003628] -> 0x1FBB
mem[X,0x000000008000362A] -> 0xBBDF
[3471] [M]: 0x0000000080003628 (0xBBDF1FBB) pmaccu.w.heo t6, t5, t4
x31 <- 0xFFFFFBFFFFFBFFFF

mem[X,0x000000008000362C] -> 0xB823
mem[X,0x000000008000362E] -> 0x39F0
[3472] [M]: 0x000000008000362C (0x39F0B823) sd t6, 0x390(ra)
mem[0x0000000080006590] <- 0xFFFFFBFFFFFBFFFF

mem[X,0x0000000080003630] -> 0x0F37
mem[X,0x0000000080003632] -> 0x0000
[3473] [M]: 0x0000000080003630 (0x00000F37) lui t5, 0x0
x30 <- 0x0000000000000000

mem[X,0x0000000080003634] -> 0x0F13
mem[X,0x0000000080003636] -> 0xFF7F
[3474] [M]: 0x0000000080003634 (0xFF7F0F13) addi t5, t5, -0x9
x30 <- 0xFFFFFFFFFFFFFFF7

mem[X,0x0000000080003638] -> 0x1F13
mem[X,0x000000008000363A] -> 0x00BF
[3475] [M]: 0x0000000080003638 (0x00BF1F13) slli t5, t5, 0xb
x30 <- 0xFFFFFFFFFFFFB800

mem[X,0x000000008000363C] -> 0x0F13
mem[X,0x000000008000363E] -> 0x000F
[3476] [M]: 0x000000008000363C (0x000F0F13) addi t5, t5, 0x0
x30 <- 0xFFFFFFFFFFFFB800

mem[X,0x0000000080003640] -> 0x1F13
mem[X,0x0000000080003642] -> 0x00BF
[3477] [M]: 0x0000000080003640 (0x00BF1F13) slli t5, t5, 0xb
x30 <- 0xFFFFFFFFFDC00000

mem[X,0x0000000080003644] -> 0x0F13
mem[X,0x0000000080003646] -> 0x001F
[3478] [M]: 0x0000000080003644 (0x001F0F13) addi t5, t5, 0x1
x30 <- 0xFFFFFFFFFDC00001

mem[X,0x0000000080003648] -> 0x1F13
mem[X,0x000000008000364A] -> 0x00AF
[3479] [M]: 0x0000000080003648 (0x00AF1F13) slli t5, t5, 0xa
x30 <- 0xFFFFFFF700000400

mem[X,0x000000008000364C] -> 0x0EB7
mem[X,0x000000008000364E] -> 0x0010
[3480] [M]: 0x000000008000364C (0x00100EB7) lui t4, 0x100
x29 <- 0x0000000000100000

mem[X,0x0000000080003650] -> 0x8E93
mem[X,0x0000000080003652] -> 0x000E
[3481] [M]: 0x0000000080003650 (0x000E8E93) addi t4, t4, 0x0
x29 <- 0x0000000000100000

mem[X,0x0000000080003654] -> 0x9E93
mem[X,0x0000000080003656] -> 0x00BE
[3482] [M]: 0x0000000080003654 (0x00BE9E93) slli t4, t4, 0xb
x29 <- 0x0000000080000000

mem[X,0x0000000080003658] -> 0x8E93
mem[X,0x000000008000365A] -> 0x7BFE
[3483] [M]: 0x0000000080003658 (0x7BFE8E93) addi t4, t4, 0x7bf
x29 <- 0x00000000800007BF

mem[X,0x000000008000365C] -> 0x9E93
mem[X,0x000000008000365E] -> 0x00BE
[3484] [M]: 0x000000008000365C (0x00BE9E93) slli t4, t4, 0xb
x29 <- 0x00000400003DF800

mem[X,0x0000000080003660] -> 0x8E93
mem[X,0x0000000080003662] -> 0x7FFE
[3485] [M]: 0x0000000080003660 (0x7FFE8E93) addi t4, t4, 0x7ff
x29 <- 0x00000400003DFFFF

mem[X,0x0000000080003664] -> 0x9E93
mem[X,0x0000000080003666] -> 0x00AE
[3486] [M]: 0x0000000080003664 (0x00AE9E93) slli t4, t4, 0xa
x29 <- 0x00100000F7FFFC00

mem[X,0x0000000080003668] -> 0x8E93
mem[X,0x000000008000366A] -> 0x3FFE
[3487] [M]: 0x0000000080003668 (0x3FFE8E93) addi t4, t4, 0x3ff
x29 <- 0x00100000F7FFFFFF

mem[X,0x000000008000366C] -> 0x0FB7
mem[X,0x000000008000366E] -> 0xC000
[3488] [M]: 0x000000008000366C (0xC0000FB7) lui t6, -0x40000
x31 <- 0xFFFFFFFFC0000000

mem[X,0x0000000080003670] -> 0x8F93
mem[X,0x0000000080003672] -> 0xFFFF
[3489] [M]: 0x0000000080003670 (0xFFFF8F93) addi t6, t6, -0x1
x31 <- 0xFFFFFFFFBFFFFFFF

mem[X,0x0000000080003674] -> 0x9F93
mem[X,0x0000000080003676] -> 0x00BF
[3490] [M]: 0x0000000080003674 (0x00BF9F93) slli t6, t6, 0xb
x31 <- 0xFFFFFDFFFFFFF800

mem[X,0x0000000080003678] -> 0x8F93
mem[X,0x000000008000367A] -> 0x000F
[3491] [M]: 0x0000000080003678 (0x000F8F93) addi t6, t6, 0x0
x31 <- 0xFFFFFDFFFFFFF800

mem[X,0x000000008000367C] -> 0x9F93
mem[X,0x000000008000367E] -> 0x00BF
[3492] [M]: 0x000000008000367C (0x00BF9F93) slli t6, t6, 0xb
x31 <- 0xFFEFFFFFFFC00000

mem[X,0x0000000080003680] -> 0x8F93
mem[X,0x0000000080003682] -> 0x004F
[3493] [M]: 0x0000000080003680 (0x004F8F93) addi t6, t6, 0x4
x31 <- 0xFFEFFFFFFFC00004

mem[X,0x0000000080003684] -> 0x9F93
mem[X,0x0000000080003686] -> 0x00AF
[3494] [M]: 0x0000000080003684 (0x00AF9F93) slli t6, t6, 0xa
x31 <- 0xBFFFFFFF00001000

mem[X,0x0000000080003688] -> 0x1FBB
mem[X,0x000000008000368A] -> 0xBBDF
[3495] [M]: 0x0000000080003688 (0xBBDF1FBB) pmaccu.w.heo t6, t5, t4
x31 <- 0xBFFFFFFF00001000

mem[X,0x000000008000368C] -> 0xBC23
mem[X,0x000000008000368E] -> 0x39F0
[3496] [M]: 0x000000008000368C (0x39F0BC23) sd t6, 0x398(ra)
mem[0x0000000080006598] <- 0xBFFFFFFF00001000

mem[X,0x0000000080003690] -> 0x0F37
mem[X,0x0000000080003692] -> 0x0000
[3497] [M]: 0x0000000080003690 (0x00000F37) lui t5, 0x0
x30 <- 0x0000000000000000

mem[X,0x0000000080003694] -> 0x0F13
mem[X,0x0000000080003696] -> 0xFDFF
[3498] [M]: 0x0000000080003694 (0xFDFF0F13) addi t5, t5, -0x21
x30 <- 0xFFFFFFFFFFFFFFDF

mem[X,0x0000000080003698] -> 0x1F13
mem[X,0x000000008000369A] -> 0x00BF
[3499] [M]: 0x0000000080003698 (0x00BF1F13) slli t5, t5, 0xb
x30 <- 0xFFFFFFFFFFFEF800

clint::tick mtime <- 0x0000000000000023
 clint timer pending at mtime 0x0000000000000023
htif::tick 0x0000000000000000
mem[X,0x000000008000369C] -> 0x0F13
mem[X,0x000000008000369E] -> 0x7FFF
[3500] [M]: 0x000000008000369C (0x7FFF0F13) addi t5, t5, 0x7ff
x30 <- 0xFFFFFFFFFFFEFFFF

mem[X,0x00000000800036A0] -> 0x1F13
mem[X,0x00000000800036A2] -> 0x00BF
[3501] [M]: 0x00000000800036A0 (0x00BF1F13) slli t5, t5, 0xb
x30 <- 0xFFFFFFFFF7FFF800

mem[X,0x00000000800036A4] -> 0x0F13
mem[X,0x00000000800036A6] -> 0x77FF
[3502] [M]: 0x00000000800036A4 (0x77FF0F13) addi t5, t5, 0x77f
x30 <- 0xFFFFFFFFF7FFFF7F

mem[X,0x00000000800036A8] -> 0x1F13
mem[X,0x00000000800036AA] -> 0x00AF
[3503] [M]: 0x00000000800036A8 (0x00AF1F13) slli t5, t5, 0xa
x30 <- 0xFFFFFFDFFFFDFC00

mem[X,0x00000000800036AC] -> 0x0F13
mem[X,0x00000000800036AE] -> 0x3FFF
[3504] [M]: 0x00000000800036AC (0x3FFF0F13) addi t5, t5, 0x3ff
x30 <- 0xFFFFFFDFFFFDFFFF

mem[X,0x00000000800036B0] -> 0x0EB7
mem[X,0x00000000800036B2] -> 0x0004
[3505] [M]: 0x00000000800036B0 (0x00040EB7) lui t4, 0x40
x29 <- 0x0000000000040000

mem[X,0x00000000800036B4] -> 0x8E93
mem[X,0x00000000800036B6] -> 0x001E
[3506] [M]: 0x00000000800036B4 (0x001E8E93) addi t4, t4, 0x1
x29 <- 0x0000000000040001

mem[X,0x00000000800036B8] -> 0x9E93
mem[X,0x00000000800036BA] -> 0x014E
[3507] [M]: 0x00000000800036B8 (0x014E9E93) slli t4, t4, 0x14
x29 <- 0x0000004000100000

mem[X,0x00000000800036BC] -> 0x0FB7
mem[X,0x00000000800036BE] -> 0x0000
[3508] [M]: 0x00000000800036BC (0x00000FB7) lui t6, 0x0
x31 <- 0x0000000000000000

mem[X,0x00000000800036C0] -> 0x8F93
mem[X,0x00000000800036C2] -> 0x000F
[3509] [M]: 0x00000000800036C0 (0x000F8F93) addi t6, t6, 0x0
x31 <- 0x0000000000000000

mem[X,0x00000000800036C4] -> 0x9F93
mem[X,0x00000000800036C6] -> 0x00BF
[3510] [M]: 0x00000000800036C4 (0x00BF9F93) slli t6, t6, 0xb
x31 <- 0x0000000000000000

mem[X,0x00000000800036C8] -> 0x8F93
mem[X,0x00000000800036CA] -> 0x7FFF
[3511] [M]: 0x00000000800036C8 (0x7FFF8F93) addi t6, t6, 0x7ff
x31 <- 0x00000000000007FF

mem[X,0x00000000800036CC] -> 0x9F93
mem[X,0x00000000800036CE] -> 0x00BF
[3512] [M]: 0x00000000800036CC (0x00BF9F93) slli t6, t6, 0xb
x31 <- 0x00000000003FF800

mem[X,0x00000000800036D0] -> 0x8F93
mem[X,0x00000000800036D2] -> 0x7BFF
[3513] [M]: 0x00000000800036D0 (0x7BFF8F93) addi t6, t6, 0x7bf
x31 <- 0x00000000003FFFBF

mem[X,0x00000000800036D4] -> 0x9F93
mem[X,0x00000000800036D6] -> 0x00AF
[3514] [M]: 0x00000000800036D4 (0x00AF9F93) slli t6, t6, 0xa
x31 <- 0x00000000FFFEFC00

mem[X,0x00000000800036D8] -> 0x8F93
mem[X,0x00000000800036DA] -> 0x3FFF
[3515] [M]: 0x00000000800036D8 (0x3FFF8F93) addi t6, t6, 0x3ff
x31 <- 0x00000000FFFEFFFF

mem[X,0x00000000800036DC] -> 0x1FBB
mem[X,0x00000000800036DE] -> 0xBBDF
[3516] [M]: 0x00000000800036DC (0xBBDF1FBB) pmaccu.w.heo t6, t5, t4
x31 <- 0x00000000FFFEFFFF

mem[X,0x00000000800036E0] -> 0xB023
mem[X,0x00000000800036E2] -> 0x3BF0
[3517] [M]: 0x00000000800036E0 (0x3BF0B023) sd t6, 0x3a0(ra)
mem[0x00000000800065A0] <- 0x00000000FFFEFFFF

mem[X,0x00000000800036E4] -> 0x0F37
mem[X,0x00000000800036E6] -> 0x0000
[3518] [M]: 0x00000000800036E4 (0x00000F37) lui t5, 0x0
x30 <- 0x0000000000000000

mem[X,0x00000000800036E8] -> 0x0F13
mem[X,0x00000000800036EA] -> 0xDFFF
[3519] [M]: 0x00000000800036E8 (0xDFFF0F13) addi t5, t5, -0x201
x30 <- 0xFFFFFFFFFFFFFDFF

mem[X,0x00000000800036EC] -> 0x1F13
mem[X,0x00000000800036EE] -> 0x00BF
[3520] [M]: 0x00000000800036EC (0x00BF1F13) slli t5, t5, 0xb
x30 <- 0xFFFFFFFFFFEFF800

mem[X,0x00000000800036F0] -> 0x0F13
mem[X,0x00000000800036F2] -> 0x600F
[3521] [M]: 0x00000000800036F0 (0x600F0F13) addi t5, t5, 0x600
x30 <- 0xFFFFFFFFFFEFFE00

mem[X,0x00000000800036F4] -> 0x1F13
mem[X,0x00000000800036F6] -> 0x00BF
[3522] [M]: 0x00000000800036F4 (0x00BF1F13) slli t5, t5, 0xb
x30 <- 0xFFFFFFFF7FF00000

mem[X,0x00000000800036F8] -> 0x0F13
mem[X,0x00000000800036FA] -> 0x000F
[3523] [M]: 0x00000000800036F8 (0x000F0F13) addi t5, t5, 0x0
x30 <- 0xFFFFFFFF7FF00000

mem[X,0x00000000800036FC] -> 0x1F13
mem[X,0x00000000800036FE] -> 0x00AF
[3524] [M]: 0x00000000800036FC (0x00AF1F13) slli t5, t5, 0xa
x30 <- 0xFFFFFDFFC0000000

mem[X,0x0000000080003700] -> 0x0EB7
mem[X,0x0000000080003702] -> 0xC000
[3525] [M]: 0x0000000080003700 (0xC0000EB7) lui t4, -0x40000
x29 <- 0xFFFFFFFFC0000000

mem[X,0x0000000080003704] -> 0x8E93
mem[X,0x0000000080003706] -> 0xFFFE
[3526] [M]: 0x0000000080003704 (0xFFFE8E93) addi t4, t4, -0x1
x29 <- 0xFFFFFFFFBFFFFFFF

mem[X,0x0000000080003708] -> 0x9E93
mem[X,0x000000008000370A] -> 0x00BE
[3527] [M]: 0x0000000080003708 (0x00BE9E93) slli t4, t4, 0xb
x29 <- 0xFFFFFDFFFFFFF800

mem[X,0x000000008000370C] -> 0x8E93
mem[X,0x000000008000370E] -> 0x000E
[3528] [M]: 0x000000008000370C (0x000E8E93) addi t4, t4, 0x0
x29 <- 0xFFFFFDFFFFFFF800

mem[X,0x0000000080003710] -> 0x9E93
mem[X,0x0000000080003712] -> 0x00BE
[3529] [M]: 0x0000000080003710 (0x00BE9E93) slli t4, t4, 0xb
x29 <- 0xFFEFFFFFFFC00000

mem[X,0x0000000080003714] -> 0x8E93
mem[X,0x0000000080003716] -> 0x010E
[3530] [M]: 0x0000000080003714 (0x010E8E93) addi t4, t4, 0x10
x29 <- 0xFFEFFFFFFFC00010

mem[X,0x0000000080003718] -> 0x9E93
mem[X,0x000000008000371A] -> 0x00AE
[3531] [M]: 0x0000000080003718 (0x00AE9E93) slli t4, t4, 0xa
x29 <- 0xBFFFFFFF00004000

mem[X,0x000000008000371C] -> 0x0FB7
mem[X,0x000000008000371E] -> 0x2000
[3532] [M]: 0x000000008000371C (0x20000FB7) lui t6, 0x20000
x31 <- 0x0000000020000000

mem[X,0x0000000080003720] -> 0x8F93
mem[X,0x0000000080003722] -> 0x000F
[3533] [M]: 0x0000000080003720 (0x000F8F93) addi t6, t6, 0x0
x31 <- 0x0000000020000000

mem[X,0x0000000080003724] -> 0x9F93
mem[X,0x0000000080003726] -> 0x00BF
[3534] [M]: 0x0000000080003724 (0x00BF9F93) slli t6, t6, 0xb
x31 <- 0x0000010000000000

mem[X,0x0000000080003728] -> 0x8F93
mem[X,0x000000008000372A] -> 0x000F
[3535] [M]: 0x0000000080003728 (0x000F8F93) addi t6, t6, 0x0
x31 <- 0x0000010000000000

mem[X,0x000000008000372C] -> 0x9F93
mem[X,0x000000008000372E] -> 0x00BF
[3536] [M]: 0x000000008000372C (0x00BF9F93) slli t6, t6, 0xb
x31 <- 0x0008000000000000

mem[X,0x0000000080003730] -> 0x8F93
mem[X,0x0000000080003732] -> 0x000F
[3537] [M]: 0x0000000080003730 (0x000F8F93) addi t6, t6, 0x0
x31 <- 0x0008000000000000

mem[X,0x0000000080003734] -> 0x9F93
mem[X,0x0000000080003736] -> 0x00AF
[3538] [M]: 0x0000000080003734 (0x00AF9F93) slli t6, t6, 0xa
x31 <- 0x2000000000000000

mem[X,0x0000000080003738] -> 0x8F93
mem[X,0x000000008000373A] -> 0x100F
[3539] [M]: 0x0000000080003738 (0x100F8F93) addi t6, t6, 0x100
x31 <- 0x2000000000000100

mem[X,0x000000008000373C] -> 0x1FBB
mem[X,0x000000008000373E] -> 0xBBDF
[3540] [M]: 0x000000008000373C (0xBBDF1FBB) pmaccu.w.heo t6, t5, t4
x31 <- 0x2000000000000100

mem[X,0x0000000080003740] -> 0xB423
mem[X,0x0000000080003742] -> 0x3BF0
[3541] [M]: 0x0000000080003740 (0x3BF0B423) sd t6, 0x3a8(ra)
mem[0x00000000800065A8] <- 0x2000000000000100

mem[X,0x0000000080003744] -> 0x0F37
mem[X,0x0000000080003746] -> 0x0040
[3542] [M]: 0x0000000080003744 (0x00400F37) lui t5, 0x400
x30 <- 0x0000000000400000

mem[X,0x0000000080003748] -> 0x0F13
mem[X,0x000000008000374A] -> 0x000F
[3543] [M]: 0x0000000080003748 (0x000F0F13) addi t5, t5, 0x0
x30 <- 0x0000000000400000

mem[X,0x000000008000374C] -> 0x1F13
mem[X,0x000000008000374E] -> 0x00BF
[3544] [M]: 0x000000008000374C (0x00BF1F13) slli t5, t5, 0xb
x30 <- 0x0000000200000000

mem[X,0x0000000080003750] -> 0x0F13
mem[X,0x0000000080003752] -> 0x7EFF
[3545] [M]: 0x0000000080003750 (0x7EFF0F13) addi t5, t5, 0x7ef
x30 <- 0x00000002000007EF

mem[X,0x0000000080003754] -> 0x1F13
mem[X,0x0000000080003756] -> 0x00BF
[3546] [M]: 0x0000000080003754 (0x00BF1F13) slli t5, t5, 0xb
x30 <- 0x00001000003F7800

mem[X,0x0000000080003758] -> 0x0F13
mem[X,0x000000008000375A] -> 0x7FFF
[3547] [M]: 0x0000000080003758 (0x7FFF0F13) addi t5, t5, 0x7ff
x30 <- 0x00001000003F7FFF

mem[X,0x000000008000375C] -> 0x1F13
mem[X,0x000000008000375E] -> 0x00AF
[3548] [M]: 0x000000008000375C (0x00AF1F13) slli t5, t5, 0xa
x30 <- 0x00400000FDFFFC00

mem[X,0x0000000080003760] -> 0x0F13
mem[X,0x0000000080003762] -> 0x3FFF
[3549] [M]: 0x0000000080003760 (0x3FFF0F13) addi t5, t5, 0x3ff
x30 <- 0x00400000FDFFFFFF

mem[X,0x0000000080003764] -> 0x0EB7
mem[X,0x0000000080003766] -> 0x0000
[3550] [M]: 0x0000000080003764 (0x00000EB7) lui t4, 0x0
x29 <- 0x0000000000000000

mem[X,0x0000000080003768] -> 0x8E93
mem[X,0x000000008000376A] -> 0xFFAE
[3551] [M]: 0x0000000080003768 (0xFFAE8E93) addi t4, t4, -0x6
x29 <- 0xFFFFFFFFFFFFFFFA

mem[X,0x000000008000376C] -> 0x9E93
mem[X,0x000000008000376E] -> 0x00BE
[3552] [M]: 0x000000008000376C (0x00BE9E93) slli t4, t4, 0xb
x29 <- 0xFFFFFFFFFFFFD000

mem[X,0x0000000080003770] -> 0x8E93
mem[X,0x0000000080003772] -> 0x7FFE
[3553] [M]: 0x0000000080003770 (0x7FFE8E93) addi t4, t4, 0x7ff
x29 <- 0xFFFFFFFFFFFFD7FF

mem[X,0x0000000080003774] -> 0x9E93
mem[X,0x0000000080003776] -> 0x00BE
[3554] [M]: 0x0000000080003774 (0x00BE9E93) slli t4, t4, 0xb
x29 <- 0xFFFFFFFFFEBFF800

mem[X,0x0000000080003778] -> 0x8E93
mem[X,0x000000008000377A] -> 0x6FFE
[3555] [M]: 0x0000000080003778 (0x6FFE8E93) addi t4, t4, 0x6ff
x29 <- 0xFFFFFFFFFEBFFEFF

mem[X,0x000000008000377C] -> 0x9E93
mem[X,0x000000008000377E] -> 0x00AE
[3556] [M]: 0x000000008000377C (0x00AE9E93) slli t4, t4, 0xa
x29 <- 0xFFFFFFFAFFFBFC00

mem[X,0x0000000080003780] -> 0x8E93
mem[X,0x0000000080003782] -> 0x3FFE
[3557] [M]: 0x0000000080003780 (0x3FFE8E93) addi t4, t4, 0x3ff
x29 <- 0xFFFFFFFAFFFBFFFF

mem[X,0x0000000080003784] -> 0x0FB7
mem[X,0x0000000080003786] -> 0xFFE0
[3558] [M]: 0x0000000080003784 (0xFFE00FB7) lui t6, -0x200
x31 <- 0xFFFFFFFFFFE00000

mem[X,0x0000000080003788] -> 0x8F93
mem[X,0x000000008000378A] -> 0xFFFF
[3559] [M]: 0x0000000080003788 (0xFFFF8F93) addi t6, t6, -0x1
x31 <- 0xFFFFFFFFFFDFFFFF

mem[X,0x000000008000378C] -> 0x9F93
mem[X,0x000000008000378E] -> 0x00BF
[3560] [M]: 0x000000008000378C (0x00BF9F93) slli t6, t6, 0xb
x31 <- 0xFFFFFFFEFFFFF800

mem[X,0x0000000080003790] -> 0x8F93
mem[X,0x0000000080003792] -> 0x000F
[3561] [M]: 0x0000000080003790 (0x000F8F93) addi t6, t6, 0x0
x31 <- 0xFFFFFFFEFFFFF800

mem[X,0x0000000080003794] -> 0x9F93
mem[X,0x0000000080003796] -> 0x00BF
[3562] [M]: 0x0000000080003794 (0x00BF9F93) slli t6, t6, 0xb
x31 <- 0xFFFFF7FFFFC00000

mem[X,0x0000000080003798] -> 0x8F93
mem[X,0x000000008000379A] -> 0x000F
[3563] [M]: 0x0000000080003798 (0x000F8F93) addi t6, t6, 0x0
x31 <- 0xFFFFF7FFFFC00000

mem[X,0x000000008000379C] -> 0x9F93
mem[X,0x000000008000379E] -> 0x00AF
[3564] [M]: 0x000000008000379C (0x00AF9F93) slli t6, t6, 0xa
x31 <- 0xFFDFFFFF00000000

mem[X,0x00000000800037A0] -> 0x8F93
mem[X,0x00000000800037A2] -> 0x080F
[3565] [M]: 0x00000000800037A0 (0x080F8F93) addi t6, t6, 0x80
x31 <- 0xFFDFFFFF00000080

mem[X,0x00000000800037A4] -> 0x1FBB
mem[X,0x00000000800037A6] -> 0xBBDF
[3566] [M]: 0x00000000800037A4 (0xBBDF1FBB) pmaccu.w.heo t6, t5, t4
x31 <- 0xFFE0FE000000FE81

mem[X,0x00000000800037A8] -> 0xB823
mem[X,0x00000000800037AA] -> 0x3BF0
[3567] [M]: 0x00000000800037A8 (0x3BF0B823) sd t6, 0x3b0(ra)
mem[0x00000000800065B0] <- 0xFFE0FE000000FE81

mem[X,0x00000000800037AC] -> 0x0F37
mem[X,0x00000000800037AE] -> 0x0000
[3568] [M]: 0x00000000800037AC (0x00000F37) lui t5, 0x0
x30 <- 0x0000000000000000

mem[X,0x00000000800037B0] -> 0x0F13
mem[X,0x00000000800037B2] -> 0xFBFF
[3569] [M]: 0x00000000800037B0 (0xFBFF0F13) addi t5, t5, -0x41
x30 <- 0xFFFFFFFFFFFFFFBF

mem[X,0x00000000800037B4] -> 0x1F13
mem[X,0x00000000800037B6] -> 0x00BF
[3570] [M]: 0x00000000800037B4 (0x00BF1F13) slli t5, t5, 0xb
x30 <- 0xFFFFFFFFFFFDF800

mem[X,0x00000000800037B8] -> 0x0F13
mem[X,0x00000000800037BA] -> 0x000F
[3571] [M]: 0x00000000800037B8 (0x000F0F13) addi t5, t5, 0x0
x30 <- 0xFFFFFFFFFFFDF800

mem[X,0x00000000800037BC] -> 0x1F13
mem[X,0x00000000800037BE] -> 0x00BF
[3572] [M]: 0x00000000800037BC (0x00BF1F13) slli t5, t5, 0xb
x30 <- 0xFFFFFFFFEFC00000

mem[X,0x00000000800037C0] -> 0x0F13
mem[X,0x00000000800037C2] -> 0x000F
[3573] [M]: 0x00000000800037C0 (0x000F0F13) addi t5, t5, 0x0
x30 <- 0xFFFFFFFFEFC00000

mem[X,0x00000000800037C4] -> 0x1F13
mem[X,0x00000000800037C6] -> 0x00AF
[3574] [M]: 0x00000000800037C4 (0x00AF1F13) slli t5, t5, 0xa
x30 <- 0xFFFFFFBF00000000

mem[X,0x00000000800037C8] -> 0x0F13
mem[X,0x00000000800037CA] -> 0x010F
[3575] [M]: 0x00000000800037C8 (0x010F0F13) addi t5, t5, 0x10
x30 <- 0xFFFFFFBF00000010

mem[X,0x00000000800037CC] -> 0x0EB7
mem[X,0x00000000800037CE] -> 0x0400
[3576] [M]: 0x00000000800037CC (0x04000EB7) lui t4, 0x4000
x29 <- 0x0000000004000000

mem[X,0x00000000800037D0] -> 0x8E93
mem[X,0x00000000800037D2] -> 0x000E
[3577] [M]: 0x00000000800037D0 (0x000E8E93) addi t4, t4, 0x0
x29 <- 0x0000000004000000

mem[X,0x00000000800037D4] -> 0x9E93
mem[X,0x00000000800037D6] -> 0x00BE
[3578] [M]: 0x00000000800037D4 (0x00BE9E93) slli t4, t4, 0xb
x29 <- 0x0000002000000000

mem[X,0x00000000800037D8] -> 0x8E93
mem[X,0x00000000800037DA] -> 0x000E
[3579] [M]: 0x00000000800037D8 (0x000E8E93) addi t4, t4, 0x0
x29 <- 0x0000002000000000

mem[X,0x00000000800037DC] -> 0x9E93
mem[X,0x00000000800037DE] -> 0x00BE
[3580] [M]: 0x00000000800037DC (0x00BE9E93) slli t4, t4, 0xb
x29 <- 0x0001000000000000

mem[X,0x00000000800037E0] -> 0x8E93
mem[X,0x00000000800037E2] -> 0x100E
[3581] [M]: 0x00000000800037E0 (0x100E8E93) addi t4, t4, 0x100
x29 <- 0x0001000000000100

mem[X,0x00000000800037E4] -> 0x9E93
mem[X,0x00000000800037E6] -> 0x00AE
[3582] [M]: 0x00000000800037E4 (0x00AE9E93) slli t4, t4, 0xa
x29 <- 0x0400000000040000

mem[X,0x00000000800037E8] -> 0x0FB7
mem[X,0x00000000800037EA] -> 0xFFC0
[3583] [M]: 0x00000000800037E8 (0xFFC00FB7) lui t6, -0x400
x31 <- 0xFFFFFFFFFFC00000

mem[X,0x00000000800037EC] -> 0x8F93
mem[X,0x00000000800037EE] -> 0xFFFF
[3584] [M]: 0x00000000800037EC (0xFFFF8F93) addi t6, t6, -0x1
x31 <- 0xFFFFFFFFFFBFFFFF

mem[X,0x00000000800037F0] -> 0x9F93
mem[X,0x00000000800037F2] -> 0x00BF
[3585] [M]: 0x00000000800037F0 (0x00BF9F93) slli t6, t6, 0xb
x31 <- 0xFFFFFFFDFFFFF800

mem[X,0x00000000800037F4] -> 0x8F93
mem[X,0x00000000800037F6] -> 0x000F
[3586] [M]: 0x00000000800037F4 (0x000F8F93) addi t6, t6, 0x0
x31 <- 0xFFFFFFFDFFFFF800

mem[X,0x00000000800037F8] -> 0x9F93
mem[X,0x00000000800037FA] -> 0x00BF
[3587] [M]: 0x00000000800037F8 (0x00BF9F93) slli t6, t6, 0xb
x31 <- 0xFFFFEFFFFFC00000

mem[X,0x00000000800037FC] -> 0x8F93
mem[X,0x00000000800037FE] -> 0x100F
[3588] [M]: 0x00000000800037FC (0x100F8F93) addi t6, t6, 0x100
x31 <- 0xFFFFEFFFFFC00100

mem[X,0x0000000080003800] -> 0x9F93
mem[X,0x0000000080003802] -> 0x00AF
[3589] [M]: 0x0000000080003800 (0x00AF9F93) slli t6, t6, 0xa
x31 <- 0xFFBFFFFF00040000

mem[X,0x0000000080003804] -> 0x1FBB
mem[X,0x0000000080003806] -> 0xBBDF
[3590] [M]: 0x0000000080003804 (0xBBDF1FBB) pmaccu.w.heo t6, t5, t4
x31 <- 0xFFBFFFFF00040000

mem[X,0x0000000080003808] -> 0xBC23
mem[X,0x000000008000380A] -> 0x3BF0
[3591] [M]: 0x0000000080003808 (0x3BF0BC23) sd t6, 0x3b8(ra)
mem[0x00000000800065B8] <- 0xFFBFFFFF00040000

mem[X,0x000000008000380C] -> 0x8F37
mem[X,0x000000008000380E] -> 0x0000
[3592] [M]: 0x000000008000380C (0x00008F37) lui t5, 0x8
x30 <- 0x0000000000008000

mem[X,0x0000000080003810] -> 0x0F13
mem[X,0x0000000080003812] -> 0x000F
[3593] [M]: 0x0000000080003810 (0x000F0F13) addi t5, t5, 0x0
x30 <- 0x0000000000008000

mem[X,0x0000000080003814] -> 0x1F13
mem[X,0x0000000080003816] -> 0x00BF
[3594] [M]: 0x0000000080003814 (0x00BF1F13) slli t5, t5, 0xb
x30 <- 0x0000000004000000

mem[X,0x0000000080003818] -> 0x0F13
mem[X,0x000000008000381A] -> 0x000F
[3595] [M]: 0x0000000080003818 (0x000F0F13) addi t5, t5, 0x0
x30 <- 0x0000000004000000

mem[X,0x000000008000381C] -> 0x1F13
mem[X,0x000000008000381E] -> 0x00BF
[3596] [M]: 0x000000008000381C (0x00BF1F13) slli t5, t5, 0xb
x30 <- 0x0000002000000000

mem[X,0x0000000080003820] -> 0x0F13
mem[X,0x0000000080003822] -> 0x000F
[3597] [M]: 0x0000000080003820 (0x000F0F13) addi t5, t5, 0x0
x30 <- 0x0000002000000000

mem[X,0x0000000080003824] -> 0x1F13
mem[X,0x0000000080003826] -> 0x00AF
[3598] [M]: 0x0000000080003824 (0x00AF1F13) slli t5, t5, 0xa
x30 <- 0x0000800000000000

mem[X,0x0000000080003828] -> 0x0F13
mem[X,0x000000008000382A] -> 0x001F
[3599] [M]: 0x0000000080003828 (0x001F0F13) addi t5, t5, 0x1
x30 <- 0x0000800000000001

clint::tick mtime <- 0x0000000000000024
 clint timer pending at mtime 0x0000000000000024
htif::tick 0x0000000000000000
mem[X,0x000000008000382C] -> 0x0EB7
mem[X,0x000000008000382E] -> 0x0000
[3600] [M]: 0x000000008000382C (0x00000EB7) lui t4, 0x0
x29 <- 0x0000000000000000

mem[X,0x0000000080003830] -> 0x8E93
mem[X,0x0000000080003832] -> 0xDFFE
[3601] [M]: 0x0000000080003830 (0xDFFE8E93) addi t4, t4, -0x201
x29 <- 0xFFFFFFFFFFFFFDFF

mem[X,0x0000000080003834] -> 0x9E93
mem[X,0x0000000080003836] -> 0x00BE
[3602] [M]: 0x0000000080003834 (0x00BE9E93) slli t4, t4, 0xb
x29 <- 0xFFFFFFFFFFEFF800

mem[X,0x0000000080003838] -> 0x8E93
mem[X,0x000000008000383A] -> 0x002E
[3603] [M]: 0x0000000080003838 (0x002E8E93) addi t4, t4, 0x2
x29 <- 0xFFFFFFFFFFEFF802

mem[X,0x000000008000383C] -> 0x9E93
mem[X,0x000000008000383E] -> 0x00BE
[3604] [M]: 0x000000008000383C (0x00BE9E93) slli t4, t4, 0xb
x29 <- 0xFFFFFFFF7FC01000

mem[X,0x0000000080003840] -> 0x8E93
mem[X,0x0000000080003842] -> 0x000E
[3605] [M]: 0x0000000080003840 (0x000E8E93) addi t4, t4, 0x0
x29 <- 0xFFFFFFFF7FC01000

mem[X,0x0000000080003844] -> 0x9E93
mem[X,0x0000000080003846] -> 0x00AE
[3606] [M]: 0x0000000080003844 (0x00AE9E93) slli t4, t4, 0xa
x29 <- 0xFFFFFDFF00400000

mem[X,0x0000000080003848] -> 0x0FB7
mem[X,0x000000008000384A] -> 0xFFFF
[3607] [M]: 0x0000000080003848 (0xFFFF0FB7) lui t6, -0x10
x31 <- 0xFFFFFFFFFFFF0000

mem[X,0x000000008000384C] -> 0x8F93
mem[X,0x000000008000384E] -> 0xFFFF
[3608] [M]: 0x000000008000384C (0xFFFF8F93) addi t6, t6, -0x1
x31 <- 0xFFFFFFFFFFFEFFFF

mem[X,0x0000000080003850] -> 0x9F93
mem[X,0x0000000080003852] -> 0x00BF
[3609] [M]: 0x0000000080003850 (0x00BF9F93) slli t6, t6, 0xb
x31 <- 0xFFFFFFFFF7FFF800

mem[X,0x0000000080003854] -> 0x8F93
mem[X,0x0000000080003856] -> 0x008F
[3610] [M]: 0x0000000080003854 (0x008F8F93) addi t6, t6, 0x8
x31 <- 0xFFFFFFFFF7FFF808

mem[X,0x0000000080003858] -> 0x9F93
mem[X,0x000000008000385A] -> 0x00BF
[3611] [M]: 0x0000000080003858 (0x00BF9F93) slli t6, t6, 0xb
x31 <- 0xFFFFFFBFFFC04000

mem[X,0x000000008000385C] -> 0x8F93
mem[X,0x000000008000385E] -> 0x000F
[3612] [M]: 0x000000008000385C (0x000F8F93) addi t6, t6, 0x0
x31 <- 0xFFFFFFBFFFC04000

mem[X,0x0000000080003860] -> 0x9F93
mem[X,0x0000000080003862] -> 0x00AF
[3613] [M]: 0x0000000080003860 (0x00AF9F93) slli t6, t6, 0xa
x31 <- 0xFFFEFFFF01000000

mem[X,0x0000000080003864] -> 0x1FBB
mem[X,0x0000000080003866] -> 0xBBDF
[3614] [M]: 0x0000000080003864 (0xBBDF1FBB) pmaccu.w.heo t6, t5, t4
x31 <- 0xFFFEFFFF01000000

mem[X,0x0000000080003868] -> 0xB023
mem[X,0x000000008000386A] -> 0x3DF0
[3615] [M]: 0x0000000080003868 (0x3DF0B023) sd t6, 0x3c0(ra)
mem[0x00000000800065C0] <- 0xFFFEFFFF01000000

mem[X,0x000000008000386C] -> 0x0F37
mem[X,0x000000008000386E] -> 0x4000
[3616] [M]: 0x000000008000386C (0x40000F37) lui t5, 0x40000
x30 <- 0x0000000040000000

mem[X,0x0000000080003870] -> 0x0F13
mem[X,0x0000000080003872] -> 0x000F
[3617] [M]: 0x0000000080003870 (0x000F0F13) addi t5, t5, 0x0
x30 <- 0x0000000040000000

mem[X,0x0000000080003874] -> 0x1F13
mem[X,0x0000000080003876] -> 0x00BF
[3618] [M]: 0x0000000080003874 (0x00BF1F13) slli t5, t5, 0xb
x30 <- 0x0000020000000000

mem[X,0x0000000080003878] -> 0x0F13
mem[X,0x000000008000387A] -> 0x000F
[3619] [M]: 0x0000000080003878 (0x000F0F13) addi t5, t5, 0x0
x30 <- 0x0000020000000000

mem[X,0x000000008000387C] -> 0x1F13
mem[X,0x000000008000387E] -> 0x00BF
[3620] [M]: 0x000000008000387C (0x00BF1F13) slli t5, t5, 0xb
x30 <- 0x0010000000000000

mem[X,0x0000000080003880] -> 0x0F13
mem[X,0x0000000080003882] -> 0x000F
[3621] [M]: 0x0000000080003880 (0x000F0F13) addi t5, t5, 0x0
x30 <- 0x0010000000000000

mem[X,0x0000000080003884] -> 0x1F13
mem[X,0x0000000080003886] -> 0x00AF
[3622] [M]: 0x0000000080003884 (0x00AF1F13) slli t5, t5, 0xa
x30 <- 0x4000000000000000

mem[X,0x0000000080003888] -> 0x0F13
mem[X,0x000000008000388A] -> 0x006F
[3623] [M]: 0x0000000080003888 (0x006F0F13) addi t5, t5, 0x6
x30 <- 0x4000000000000006

mem[X,0x000000008000388C] -> 0x0EB7
mem[X,0x000000008000388E] -> 0x0000
[3624] [M]: 0x000000008000388C (0x00000EB7) lui t4, 0x0
x29 <- 0x0000000000000000

mem[X,0x0000000080003890] -> 0x8E93
mem[X,0x0000000080003892] -> 0xFFAE
[3625] [M]: 0x0000000080003890 (0xFFAE8E93) addi t4, t4, -0x6
x29 <- 0xFFFFFFFFFFFFFFFA

mem[X,0x0000000080003894] -> 0x9E93
mem[X,0x0000000080003896] -> 0x00BE
[3626] [M]: 0x0000000080003894 (0x00BE9E93) slli t4, t4, 0xb
x29 <- 0xFFFFFFFFFFFFD000

mem[X,0x0000000080003898] -> 0x8E93
mem[X,0x000000008000389A] -> 0x080E
[3627] [M]: 0x0000000080003898 (0x080E8E93) addi t4, t4, 0x80
x29 <- 0xFFFFFFFFFFFFD080

mem[X,0x000000008000389C] -> 0x9E93
mem[X,0x000000008000389E] -> 0x00BE
[3628] [M]: 0x000000008000389C (0x00BE9E93) slli t4, t4, 0xb
x29 <- 0xFFFFFFFFFE840000

mem[X,0x00000000800038A0] -> 0x8E93
mem[X,0x00000000800038A2] -> 0x000E
[3629] [M]: 0x00000000800038A0 (0x000E8E93) addi t4, t4, 0x0
x29 <- 0xFFFFFFFFFE840000

mem[X,0x00000000800038A4] -> 0x9E93
mem[X,0x00000000800038A6] -> 0x00AE
[3630] [M]: 0x00000000800038A4 (0x00AE9E93) slli t4, t4, 0xa
x29 <- 0xFFFFFFFA10000000

mem[X,0x00000000800038A8] -> 0x0FB7
mem[X,0x00000000800038AA] -> 0x0000
[3631] [M]: 0x00000000800038A8 (0x00000FB7) lui t6, 0x0
x31 <- 0x0000000000000000

mem[X,0x00000000800038AC] -> 0x8F93
mem[X,0x00000000800038AE] -> 0x005F
[3632] [M]: 0x00000000800038AC (0x005F8F93) addi t6, t6, 0x5
x31 <- 0x0000000000000005

mem[X,0x00000000800038B0] -> 0x9F93
mem[X,0x00000000800038B2] -> 0x00BF
[3633] [M]: 0x00000000800038B0 (0x00BF9F93) slli t6, t6, 0xb
x31 <- 0x0000000000002800

mem[X,0x00000000800038B4] -> 0x8F93
mem[X,0x00000000800038B6] -> 0x000F
[3634] [M]: 0x00000000800038B4 (0x000F8F93) addi t6, t6, 0x0
x31 <- 0x0000000000002800

mem[X,0x00000000800038B8] -> 0x9F93
mem[X,0x00000000800038BA] -> 0x00BF
[3635] [M]: 0x00000000800038B8 (0x00BF9F93) slli t6, t6, 0xb
x31 <- 0x0000000001400000

mem[X,0x00000000800038BC] -> 0x8F93
mem[X,0x00000000800038BE] -> 0x000F
[3636] [M]: 0x00000000800038BC (0x000F8F93) addi t6, t6, 0x0
x31 <- 0x0000000001400000

mem[X,0x00000000800038C0] -> 0x9F93
mem[X,0x00000000800038C2] -> 0x00AF
[3637] [M]: 0x00000000800038C0 (0x00AF9F93) slli t6, t6, 0xa
x31 <- 0x0000000500000000

mem[X,0x00000000800038C4] -> 0x8F93
mem[X,0x00000000800038C6] -> 0x001F
[3638] [M]: 0x00000000800038C4 (0x001F8F93) addi t6, t6, 0x1
x31 <- 0x0000000500000001

mem[X,0x00000000800038C8] -> 0x1FBB
mem[X,0x00000000800038CA] -> 0xBBDF
[3639] [M]: 0x00000000800038C8 (0xBBDF1FBB) pmaccu.w.heo t6, t5, t4
x31 <- 0x0000000500000001

mem[X,0x00000000800038CC] -> 0xB423
mem[X,0x00000000800038CE] -> 0x3DF0
[3640] [M]: 0x00000000800038CC (0x3DF0B423) sd t6, 0x3c8(ra)
mem[0x00000000800065C8] <- 0x0000000500000001

mem[X,0x00000000800038D0] -> 0x0F37
mem[X,0x00000000800038D2] -> 0x0000
[3641] [M]: 0x00000000800038D0 (0x00000F37) lui t5, 0x0
x30 <- 0x0000000000000000

mem[X,0x00000000800038D4] -> 0x0F13
mem[X,0x00000000800038D6] -> 0x001F
[3642] [M]: 0x00000000800038D4 (0x001F0F13) addi t5, t5, 0x1
x30 <- 0x0000000000000001

mem[X,0x00000000800038D8] -> 0x1F13
mem[X,0x00000000800038DA] -> 0x00BF
[3643] [M]: 0x00000000800038D8 (0x00BF1F13) slli t5, t5, 0xb
x30 <- 0x0000000000000800

mem[X,0x00000000800038DC] -> 0x0F13
mem[X,0x00000000800038DE] -> 0x000F
[3644] [M]: 0x00000000800038DC (0x000F0F13) addi t5, t5, 0x0
x30 <- 0x0000000000000800

mem[X,0x00000000800038E0] -> 0x1F13
mem[X,0x00000000800038E2] -> 0x00BF
[3645] [M]: 0x00000000800038E0 (0x00BF1F13) slli t5, t5, 0xb
x30 <- 0x0000000000400000

mem[X,0x00000000800038E4] -> 0x0F13
mem[X,0x00000000800038E6] -> 0x000F
[3646] [M]: 0x00000000800038E4 (0x000F0F13) addi t5, t5, 0x0
x30 <- 0x0000000000400000

mem[X,0x00000000800038E8] -> 0x1F13
mem[X,0x00000000800038EA] -> 0x00AF
[3647] [M]: 0x00000000800038E8 (0x00AF1F13) slli t5, t5, 0xa
x30 <- 0x0000000100000000

mem[X,0x00000000800038EC] -> 0x0F13
mem[X,0x00000000800038EE] -> 0x001F
[3648] [M]: 0x00000000800038EC (0x001F0F13) addi t5, t5, 0x1
x30 <- 0x0000000100000001

mem[X,0x00000000800038F0] -> 0x0EB7
mem[X,0x00000000800038F2] -> 0x0100
[3649] [M]: 0x00000000800038F0 (0x01000EB7) lui t4, 0x1000
x29 <- 0x0000000001000000

mem[X,0x00000000800038F4] -> 0x8E93
mem[X,0x00000000800038F6] -> 0x001E
[3650] [M]: 0x00000000800038F4 (0x001E8E93) addi t4, t4, 0x1
x29 <- 0x0000000001000001

mem[X,0x00000000800038F8] -> 0x9E93
mem[X,0x00000000800038FA] -> 0x013E
[3651] [M]: 0x00000000800038F8 (0x013E9E93) slli t4, t4, 0x13
x29 <- 0x0000080000080000

mem[X,0x00000000800038FC] -> 0x0FB7
mem[X,0x00000000800038FE] -> 0x8000
[3652] [M]: 0x00000000800038FC (0x80000FB7) lui t6, -0x80000
x31 <- 0xFFFFFFFF80000000

mem[X,0x0000000080003900] -> 0x8F93
mem[X,0x0000000080003902] -> 0xFFFF
[3653] [M]: 0x0000000080003900 (0xFFFF8F93) addi t6, t6, -0x1
x31 <- 0xFFFFFFFF7FFFFFFF

mem[X,0x0000000080003904] -> 0x9F93
mem[X,0x0000000080003906] -> 0x00BF
[3654] [M]: 0x0000000080003904 (0x00BF9F93) slli t6, t6, 0xb
x31 <- 0xFFFFFBFFFFFFF800

mem[X,0x0000000080003908] -> 0x8F93
mem[X,0x000000008000390A] -> 0x3FFF
[3655] [M]: 0x0000000080003908 (0x3FFF8F93) addi t6, t6, 0x3ff
x31 <- 0xFFFFFBFFFFFFFBFF

mem[X,0x000000008000390C] -> 0x9F93
mem[X,0x000000008000390E] -> 0x00BF
[3656] [M]: 0x000000008000390C (0x00BF9F93) slli t6, t6, 0xb
x31 <- 0xFFDFFFFFFFDFF800

mem[X,0x0000000080003910] -> 0x8F93
mem[X,0x0000000080003912] -> 0x7FFF
[3657] [M]: 0x0000000080003910 (0x7FFF8F93) addi t6, t6, 0x7ff
x31 <- 0xFFDFFFFFFFDFFFFF

mem[X,0x0000000080003914] -> 0x9F93
mem[X,0x0000000080003916] -> 0x00AF
[3658] [M]: 0x0000000080003914 (0x00AF9F93) slli t6, t6, 0xa
x31 <- 0x7FFFFFFF7FFFFC00

mem[X,0x0000000080003918] -> 0x8F93
mem[X,0x000000008000391A] -> 0x3FFF
[3659] [M]: 0x0000000080003918 (0x3FFF8F93) addi t6, t6, 0x3ff
x31 <- 0x7FFFFFFF7FFFFFFF

mem[X,0x000000008000391C] -> 0x1FBB
mem[X,0x000000008000391E] -> 0xBBDF
[3660] [M]: 0x000000008000391C (0xBBDF1FBB) pmaccu.w.heo t6, t5, t4
x31 <- 0x7FFFFFFF7FFFFFFF

mem[X,0x0000000080003920] -> 0xB823
mem[X,0x0000000080003922] -> 0x3DF0
[3661] [M]: 0x0000000080003920 (0x3DF0B823) sd t6, 0x3d0(ra)
mem[0x00000000800065D0] <- 0x7FFFFFFF7FFFFFFF

mem[X,0x0000000080003924] -> 0x0F37
mem[X,0x0000000080003926] -> 0x8000
[3662] [M]: 0x0000000080003924 (0x80000F37) lui t5, -0x80000
x30 <- 0xFFFFFFFF80000000

mem[X,0x0000000080003928] -> 0x0F13
mem[X,0x000000008000392A] -> 0x000F
[3663] [M]: 0x0000000080003928 (0x000F0F13) addi t5, t5, 0x0
x30 <- 0xFFFFFFFF80000000

mem[X,0x000000008000392C] -> 0x1F13
mem[X,0x000000008000392E] -> 0x00BF
[3664] [M]: 0x000000008000392C (0x00BF1F13) slli t5, t5, 0xb
x30 <- 0xFFFFFC0000000000

mem[X,0x0000000080003930] -> 0x0F13
mem[X,0x0000000080003932] -> 0x7FFF
[3665] [M]: 0x0000000080003930 (0x7FFF0F13) addi t5, t5, 0x7ff
x30 <- 0xFFFFFC00000007FF

mem[X,0x0000000080003934] -> 0x1F13
mem[X,0x0000000080003936] -> 0x00BF
[3666] [M]: 0x0000000080003934 (0x00BF1F13) slli t5, t5, 0xb
x30 <- 0xFFE00000003FF800

mem[X,0x0000000080003938] -> 0x0F13
mem[X,0x000000008000393A] -> 0x77FF
[3667] [M]: 0x0000000080003938 (0x77FF0F13) addi t5, t5, 0x77f
x30 <- 0xFFE00000003FFF7F

mem[X,0x000000008000393C] -> 0x1F13
mem[X,0x000000008000393E] -> 0x00AF
[3668] [M]: 0x000000008000393C (0x00AF1F13) slli t5, t5, 0xa
x30 <- 0x80000000FFFDFC00

mem[X,0x0000000080003940] -> 0x0F13
mem[X,0x0000000080003942] -> 0x3FFF
[3669] [M]: 0x0000000080003940 (0x3FFF0F13) addi t5, t5, 0x3ff
x30 <- 0x80000000FFFDFFFF

mem[X,0x0000000080003944] -> 0x0EB7
mem[X,0x0000000080003946] -> 0x0000
[3670] [M]: 0x0000000080003944 (0x00000EB7) lui t4, 0x0
x29 <- 0x0000000000000000

mem[X,0x0000000080003948] -> 0x8E93
mem[X,0x000000008000394A] -> 0xFBFE
[3671] [M]: 0x0000000080003948 (0xFBFE8E93) addi t4, t4, -0x41
x29 <- 0xFFFFFFFFFFFFFFBF

mem[X,0x000000008000394C] -> 0x9E93
mem[X,0x000000008000394E] -> 0x00BE
[3672] [M]: 0x000000008000394C (0x00BE9E93) slli t4, t4, 0xb
x29 <- 0xFFFFFFFFFFFDF800

mem[X,0x0000000080003950] -> 0x8E93
mem[X,0x0000000080003952] -> 0x7FFE
[3673] [M]: 0x0000000080003950 (0x7FFE8E93) addi t4, t4, 0x7ff
x29 <- 0xFFFFFFFFFFFDFFFF

mem[X,0x0000000080003954] -> 0x9E93
mem[X,0x0000000080003956] -> 0x00BE
[3674] [M]: 0x0000000080003954 (0x00BE9E93) slli t4, t4, 0xb
x29 <- 0xFFFFFFFFEFFFF800

mem[X,0x0000000080003958] -> 0x8E93
mem[X,0x000000008000395A] -> 0x77FE
[3675] [M]: 0x0000000080003958 (0x77FE8E93) addi t4, t4, 0x77f
x29 <- 0xFFFFFFFFEFFFFF7F

mem[X,0x000000008000395C] -> 0x9E93
mem[X,0x000000008000395E] -> 0x00AE
[3676] [M]: 0x000000008000395C (0x00AE9E93) slli t4, t4, 0xa
x29 <- 0xFFFFFFBFFFFDFC00

mem[X,0x0000000080003960] -> 0x8E93
mem[X,0x0000000080003962] -> 0x3FFE
[3677] [M]: 0x0000000080003960 (0x3FFE8E93) addi t4, t4, 0x3ff
x29 <- 0xFFFFFFBFFFFDFFFF

mem[X,0x0000000080003964] -> 0x0FB7
mem[X,0x0000000080003966] -> 0x0002
[3678] [M]: 0x0000000080003964 (0x00020FB7) lui t6, 0x20
x31 <- 0x0000000000020000

mem[X,0x0000000080003968] -> 0x8F93
mem[X,0x000000008000396A] -> 0x000F
[3679] [M]: 0x0000000080003968 (0x000F8F93) addi t6, t6, 0x0
x31 <- 0x0000000000020000

mem[X,0x000000008000396C] -> 0x9F93
mem[X,0x000000008000396E] -> 0x00BF
[3680] [M]: 0x000000008000396C (0x00BF9F93) slli t6, t6, 0xb
x31 <- 0x0000000010000000

mem[X,0x0000000080003970] -> 0x8F93
mem[X,0x0000000080003972] -> 0x000F
[3681] [M]: 0x0000000080003970 (0x000F8F93) addi t6, t6, 0x0
x31 <- 0x0000000010000000

mem[X,0x0000000080003974] -> 0x9F93
mem[X,0x0000000080003976] -> 0x00BF
[3682] [M]: 0x0000000080003974 (0x00BF9F93) slli t6, t6, 0xb
x31 <- 0x0000008000000000

mem[X,0x0000000080003978] -> 0x8F93
mem[X,0x000000008000397A] -> 0x000F
[3683] [M]: 0x0000000080003978 (0x000F8F93) addi t6, t6, 0x0
x31 <- 0x0000008000000000

mem[X,0x000000008000397C] -> 0x9F93
mem[X,0x000000008000397E] -> 0x00AF
[3684] [M]: 0x000000008000397C (0x00AF9F93) slli t6, t6, 0xa
x31 <- 0x0002000000000000

mem[X,0x0000000080003980] -> 0x8F93
mem[X,0x0000000080003982] -> 0x002F
[3685] [M]: 0x0000000080003980 (0x002F8F93) addi t6, t6, 0x2
x31 <- 0x0002000000000002

mem[X,0x0000000080003984] -> 0x1FBB
mem[X,0x0000000080003986] -> 0xBBDF
[3686] [M]: 0x0000000080003984 (0xBBDF1FBB) pmaccu.w.heo t6, t5, t4
x31 <- 0x0002FE010000FE03

mem[X,0x0000000080003988] -> 0xBC23
mem[X,0x000000008000398A] -> 0x3DF0
[3687] [M]: 0x0000000080003988 (0x3DF0BC23) sd t6, 0x3d8(ra)
mem[0x00000000800065D8] <- 0x0002FE010000FE03

mem[X,0x000000008000398C] -> 0x0F13
mem[X,0x000000008000398E] -> 0x0010
[3688] [M]: 0x000000008000398C (0x00100F13) addi t5, zero, 0x1
x30 <- 0x0000000000000001

mem[X,0x0000000080003990] -> 0x1F13
mem[X,0x0000000080003992] -> 0x011F
[3689] [M]: 0x0000000080003990 (0x011F1F13) slli t5, t5, 0x11
x30 <- 0x0000000000020000

mem[X,0x0000000080003994] -> 0x0EB7
mem[X,0x0000000080003996] -> 0x2000
[3690] [M]: 0x0000000080003994 (0x20000EB7) lui t4, 0x20000
x29 <- 0x0000000020000000

mem[X,0x0000000080003998] -> 0x8E93
mem[X,0x000000008000399A] -> 0x000E
[3691] [M]: 0x0000000080003998 (0x000E8E93) addi t4, t4, 0x0
x29 <- 0x0000000020000000

mem[X,0x000000008000399C] -> 0x9E93
mem[X,0x000000008000399E] -> 0x00BE
[3692] [M]: 0x000000008000399C (0x00BE9E93) slli t4, t4, 0xb
x29 <- 0x0000010000000000

mem[X,0x00000000800039A0] -> 0x8E93
mem[X,0x00000000800039A2] -> 0x7FFE
[3693] [M]: 0x00000000800039A0 (0x7FFE8E93) addi t4, t4, 0x7ff
x29 <- 0x00000100000007FF

mem[X,0x00000000800039A4] -> 0x9E93
mem[X,0x00000000800039A6] -> 0x00BE
[3694] [M]: 0x00000000800039A4 (0x00BE9E93) slli t4, t4, 0xb
x29 <- 0x00080000003FF800

mem[X,0x00000000800039A8] -> 0x8E93
mem[X,0x00000000800039AA] -> 0x7FBE
[3695] [M]: 0x00000000800039A8 (0x7FBE8E93) addi t4, t4, 0x7fb
x29 <- 0x00080000003FFFFB

mem[X,0x00000000800039AC] -> 0x9E93
mem[X,0x00000000800039AE] -> 0x00AE
[3696] [M]: 0x00000000800039AC (0x00AE9E93) slli t4, t4, 0xa
x29 <- 0x20000000FFFFEC00

mem[X,0x00000000800039B0] -> 0x8E93
mem[X,0x00000000800039B2] -> 0x3FFE
[3697] [M]: 0x00000000800039B0 (0x3FFE8E93) addi t4, t4, 0x3ff
x29 <- 0x20000000FFFFEFFF

mem[X,0x00000000800039B4] -> 0x0FB7
mem[X,0x00000000800039B6] -> 0x4000
[3698] [M]: 0x00000000800039B4 (0x40000FB7) lui t6, 0x40000
x31 <- 0x0000000040000000

mem[X,0x00000000800039B8] -> 0x8F93
mem[X,0x00000000800039BA] -> 0xFFFF
[3699] [M]: 0x00000000800039B8 (0xFFFF8F93) addi t6, t6, -0x1
x31 <- 0x000000003FFFFFFF

clint::tick mtime <- 0x0000000000000025
 clint timer pending at mtime 0x0000000000000025
htif::tick 0x0000000000000000
mem[X,0x00000000800039BC] -> 0x9F93
mem[X,0x00000000800039BE] -> 0x00BF
[3700] [M]: 0x00000000800039BC (0x00BF9F93) slli t6, t6, 0xb
x31 <- 0x000001FFFFFFF800

mem[X,0x00000000800039C0] -> 0x8F93
mem[X,0x00000000800039C2] -> 0x000F
[3701] [M]: 0x00000000800039C0 (0x000F8F93) addi t6, t6, 0x0
x31 <- 0x000001FFFFFFF800

mem[X,0x00000000800039C4] -> 0x9F93
mem[X,0x00000000800039C6] -> 0x00BF
[3702] [M]: 0x00000000800039C4 (0x00BF9F93) slli t6, t6, 0xb
x31 <- 0x000FFFFFFFC00000

mem[X,0x00000000800039C8] -> 0x8F93
mem[X,0x00000000800039CA] -> 0x001F
[3703] [M]: 0x00000000800039C8 (0x001F8F93) addi t6, t6, 0x1
x31 <- 0x000FFFFFFFC00001

mem[X,0x00000000800039CC] -> 0x9F93
mem[X,0x00000000800039CE] -> 0x00AF
[3704] [M]: 0x00000000800039CC (0x00AF9F93) slli t6, t6, 0xa
x31 <- 0x3FFFFFFF00000400

mem[X,0x00000000800039D0] -> 0x1FBB
mem[X,0x00000000800039D2] -> 0xBBDF
[3705] [M]: 0x00000000800039D0 (0xBBDF1FBB) pmaccu.w.heo t6, t5, t4
x31 <- 0x3FFFFFFF00000400

mem[X,0x00000000800039D4] -> 0xB023
mem[X,0x00000000800039D6] -> 0x3FF0
[3706] [M]: 0x00000000800039D4 (0x3FF0B023) sd t6, 0x3e0(ra)
mem[0x00000000800065E0] <- 0x3FFFFFFF00000400

mem[X,0x00000000800039D8] -> 0x006F
mem[X,0x00000000800039DA] -> 0x0380
[3707] [M]: 0x00000000800039D8 (0x0380006F) jal zero, 0x38

mem[X,0x0000000080003A10] -> 0x0093
mem[X,0x0000000080003A12] -> 0x0010
[3708] [M]: 0x0000000080003A10 (0x00100093) addi ra, zero, 0x1
x1 <- 0x0000000000000001

mem[X,0x0000000080003A14] -> 0x0F17
mem[X,0x0000000080003A16] -> 0x0000
[3709] [M]: 0x0000000080003A14 (0x00000F17) auipc t5, 0x0
x30 <- 0x0000000080003A14

mem[X,0x0000000080003A18] -> 0x2623
mem[X,0x0000000080003A1A] -> 0x5E1F
[3710] [M]: 0x0000000080003A18 (0x5E1F2623) sw ra, 0x5ec(t5)
htif[0x0000000080004000] <- 0x00000001

mem[X,0x0000000080003A1C] -> 0xF06F
mem[X,0x0000000080003A1E] -> 0xFF9F
[3711] [M]: 0x0000000080003A1C (0xFF9FF06F) jal zero, -0x8

mem[X,0x0000000080003A14] -> 0x0F17
mem[X,0x0000000080003A16] -> 0x0000
[3712] [M]: 0x0000000080003A14 (0x00000F17) auipc t5, 0x0
x30 <- 0x0000000080003A14

mem[X,0x0000000080003A18] -> 0x2623
mem[X,0x0000000080003A1A] -> 0x5E1F
[3713] [M]: 0x0000000080003A18 (0x5E1F2623) sw ra, 0x5ec(t5)
htif[0x0000000080004000] <- 0x00000001

mem[X,0x0000000080003A1C] -> 0xF06F
mem[X,0x0000000080003A1E] -> 0xFF9F
[3714] [M]: 0x0000000080003A1C (0xFF9FF06F) jal zero, -0x8

mem[X,0x0000000080003A14] -> 0x0F17
mem[X,0x0000000080003A16] -> 0x0000
[3715] [M]: 0x0000000080003A14 (0x00000F17) auipc t5, 0x0
x30 <- 0x0000000080003A14

mem[X,0x0000000080003A18] -> 0x2623
mem[X,0x0000000080003A1A] -> 0x5E1F
[3716] [M]: 0x0000000080003A18 (0x5E1F2623) sw ra, 0x5ec(t5)
htif[0x0000000080004000] <- 0x00000001
htif-syscall-proxy cmd: 0x000000000001

SUCCESS
