using /home/chsu/rvp-workspace/test-64/riscof_work/pm4addau.h-01.S/ref/Reference-sail_c_simulator.signature for test-signature output.
tohost located at 0x80002000
Running file ref.elf.
ELF Entry @ 0x80000000
begin_signature: 0x80004110
end_signature: 0x80004430
CSR mstatus <- 0x0000000A00000000 (input: 0x0000000000000000)
mem[X,0x0000000000001000] -> 0x0297
mem[X,0x0000000000001002] -> 0x0000
[0] [M]: 0x0000000000001000 (0x00000297) auipc t0, 0x0
x5 <- 0x0000000000001000

mem[X,0x0000000000001004] -> 0x8593
mem[X,0x0000000000001006] -> 0x0202
[1] [M]: 0x0000000000001004 (0x02028593) addi a1, t0, 0x20
x11 <- 0x0000000000001020

mem[X,0x0000000000001008] -> 0x2573
mem[X,0x000000000000100A] -> 0xF140
[2] [M]: 0x0000000000001008 (0xF1402573) csrrs a0, mhartid, zero
CSR mhartid -> 0x0000000000000000
x10 <- 0x0000000000000000

mem[X,0x000000000000100C] -> 0xB283
mem[X,0x000000000000100E] -> 0x0182
[3] [M]: 0x000000000000100C (0x0182B283) ld t0, 0x18(t0)
mem[R,0x0000000000001018] -> 0x0000000080000000
x5 <- 0x0000000080000000

mem[X,0x0000000000001010] -> 0x8067
mem[X,0x0000000000001012] -> 0x0002
[4] [M]: 0x0000000000001010 (0x00028067) jalr zero, 0x0(t0)

mem[X,0x0000000080000000] -> 0x0837
mem[X,0x0000000080000002] -> 0x7D5C
[5] [M]: 0x0000000080000000 (0x7D5C0837) lui a6, 0x7d5c0
x16 <- 0x000000007D5C0000

mem[X,0x0000000080000004] -> 0x0813
mem[X,0x0000000080000006] -> 0xDDB8
[6] [M]: 0x0000000080000004 (0xDDB80813) addi a6, a6, -0x225
x16 <- 0x000000007D5BFDDB

mem[X,0x0000000080000008] -> 0x1813
mem[X,0x000000008000000A] -> 0x00B8
[7] [M]: 0x0000000080000008 (0x00B81813) slli a6, a6, 0xb
x16 <- 0x000003EADFEED800

mem[X,0x000000008000000C] -> 0x0813
mem[X,0x000000008000000E] -> 0x3EA8
[8] [M]: 0x000000008000000C (0x3EA80813) addi a6, a6, 0x3ea
x16 <- 0x000003EADFEEDBEA

mem[X,0x0000000080000010] -> 0x1813
mem[X,0x0000000080000012] -> 0x00B8
[9] [M]: 0x0000000080000010 (0x00B81813) slli a6, a6, 0xb
x16 <- 0x001F56FF76DF5000

mem[X,0x0000000080000014] -> 0x0813
mem[X,0x0000000080000016] -> 0x6FF8
[10] [M]: 0x0000000080000014 (0x6FF80813) addi a6, a6, 0x6ff
x16 <- 0x001F56FF76DF56FF

mem[X,0x0000000080000018] -> 0x1813
mem[X,0x000000008000001A] -> 0x00A8
[11] [M]: 0x0000000080000018 (0x00A81813) slli a6, a6, 0xa
x16 <- 0x7D5BFDDB7D5BFC00

mem[X,0x000000008000001C] -> 0x0813
mem[X,0x000000008000001E] -> 0x1DB8
[12] [M]: 0x000000008000001C (0x1DB80813) addi a6, a6, 0x1db
x16 <- 0x7D5BFDDB7D5BFDDB

mem[X,0x0000000080000020] -> 0x5893
mem[X,0x0000000080000022] -> 0x0078
[13] [M]: 0x0000000080000020 (0x00785893) srli a7, a6, 0x7
x17 <- 0x00FAB7FBB6FAB7FB

mem[X,0x0000000080000024] -> 0x5793
mem[X,0x0000000080000026] -> 0x0398
[14] [M]: 0x0000000080000024 (0x03985793) srli a5, a6, 0x39
x15 <- 0x000000000000003E

mem[X,0x0000000080000028] -> 0xE8B3
mem[X,0x000000008000002A] -> 0x00F8
[15] [M]: 0x0000000080000028 (0x00F8E8B3) or a7, a7, a5
x17 <- 0x00FAB7FBB6FAB7FF

mem[X,0x000000008000002C] -> 0xD913
mem[X,0x000000008000002E] -> 0x0078
[16] [M]: 0x000000008000002C (0x0078D913) srli s2, a7, 0x7
x18 <- 0x0001F56FF76DF56F

mem[X,0x0000000080000030] -> 0xD793
mem[X,0x0000000080000032] -> 0x0398
[17] [M]: 0x0000000080000030 (0x0398D793) srli a5, a7, 0x39
x15 <- 0x0000000000000000

mem[X,0x0000000080000034] -> 0x6933
mem[X,0x0000000080000036] -> 0x00F9
[18] [M]: 0x0000000080000034 (0x00F96933) or s2, s2, a5
x18 <- 0x0001F56FF76DF56F

mem[X,0x0000000080000038] -> 0x5993
mem[X,0x000000008000003A] -> 0x0079
[19] [M]: 0x0000000080000038 (0x00795993) srli s3, s2, 0x7
x19 <- 0x000003EADFEEDBEA

mem[X,0x000000008000003C] -> 0x5793
mem[X,0x000000008000003E] -> 0x0399
[20] [M]: 0x000000008000003C (0x03995793) srli a5, s2, 0x39
x15 <- 0x0000000000000000

mem[X,0x0000000080000040] -> 0xE9B3
mem[X,0x0000000080000042] -> 0x00F9
[21] [M]: 0x0000000080000040 (0x00F9E9B3) or s3, s3, a5
x19 <- 0x000003EADFEEDBEA

mem[X,0x0000000080000044] -> 0xDA13
mem[X,0x0000000080000046] -> 0x0079
[22] [M]: 0x0000000080000044 (0x0079DA13) srli s4, s3, 0x7
x20 <- 0x00000007D5BFDDB7

mem[X,0x0000000080000048] -> 0xD793
mem[X,0x000000008000004A] -> 0x0399
[23] [M]: 0x0000000080000048 (0x0399D793) srli a5, s3, 0x39
x15 <- 0x0000000000000000

mem[X,0x000000008000004C] -> 0x6A33
mem[X,0x000000008000004E] -> 0x00FA
[24] [M]: 0x000000008000004C (0x00FA6A33) or s4, s4, a5
x20 <- 0x00000007D5BFDDB7

mem[X,0x0000000080000050] -> 0x5A93
mem[X,0x0000000080000052] -> 0x007A
[25] [M]: 0x0000000080000050 (0x007A5A93) srli s5, s4, 0x7
x21 <- 0x000000000FAB7FBB

mem[X,0x0000000080000054] -> 0x5793
mem[X,0x0000000080000056] -> 0x039A
[26] [M]: 0x0000000080000054 (0x039A5793) srli a5, s4, 0x39
x15 <- 0x0000000000000000

mem[X,0x0000000080000058] -> 0xEAB3
mem[X,0x000000008000005A] -> 0x00FA
[27] [M]: 0x0000000080000058 (0x00FAEAB3) or s5, s5, a5
x21 <- 0x000000000FAB7FBB

mem[X,0x000000008000005C] -> 0xDB13
mem[X,0x000000008000005E] -> 0x007A
[28] [M]: 0x000000008000005C (0x007ADB13) srli s6, s5, 0x7
x22 <- 0x00000000001F56FF

mem[X,0x0000000080000060] -> 0xD793
mem[X,0x0000000080000062] -> 0x039A
[29] [M]: 0x0000000080000060 (0x039AD793) srli a5, s5, 0x39
x15 <- 0x0000000000000000

mem[X,0x0000000080000064] -> 0x6B33
mem[X,0x0000000080000066] -> 0x00FB
[30] [M]: 0x0000000080000064 (0x00FB6B33) or s6, s6, a5
x22 <- 0x00000000001F56FF

mem[X,0x0000000080000068] -> 0x5B93
mem[X,0x000000008000006A] -> 0x007B
[31] [M]: 0x0000000080000068 (0x007B5B93) srli s7, s6, 0x7
x23 <- 0x0000000000003EAD

mem[X,0x000000008000006C] -> 0x5793
mem[X,0x000000008000006E] -> 0x039B
[32] [M]: 0x000000008000006C (0x039B5793) srli a5, s6, 0x39
x15 <- 0x0000000000000000

mem[X,0x0000000080000070] -> 0xEBB3
mem[X,0x0000000080000072] -> 0x00FB
[33] [M]: 0x0000000080000070 (0x00FBEBB3) or s7, s7, a5
x23 <- 0x0000000000003EAD

mem[X,0x0000000080000074] -> 0xDC13
mem[X,0x0000000080000076] -> 0x007B
[34] [M]: 0x0000000080000074 (0x007BDC13) srli s8, s7, 0x7
x24 <- 0x000000000000007D

mem[X,0x0000000080000078] -> 0xD793
mem[X,0x000000008000007A] -> 0x039B
[35] [M]: 0x0000000080000078 (0x039BD793) srli a5, s7, 0x39
x15 <- 0x0000000000000000

mem[X,0x000000008000007C] -> 0x6C33
mem[X,0x000000008000007E] -> 0x00FC
[36] [M]: 0x000000008000007C (0x00FC6C33) or s8, s8, a5
x24 <- 0x000000000000007D

mem[X,0x0000000080000080] -> 0x5C93
mem[X,0x0000000080000082] -> 0x007C
[37] [M]: 0x0000000080000080 (0x007C5C93) srli s9, s8, 0x7
x25 <- 0x0000000000000000

mem[X,0x0000000080000084] -> 0x5793
mem[X,0x0000000080000086] -> 0x039C
[38] [M]: 0x0000000080000084 (0x039C5793) srli a5, s8, 0x39
x15 <- 0x0000000000000000

mem[X,0x0000000080000088] -> 0xECB3
mem[X,0x000000008000008A] -> 0x00FC
[39] [M]: 0x0000000080000088 (0x00FCECB3) or s9, s9, a5
x25 <- 0x0000000000000000

mem[X,0x000000008000008C] -> 0xDD13
mem[X,0x000000008000008E] -> 0x007C
[40] [M]: 0x000000008000008C (0x007CDD13) srli s10, s9, 0x7
x26 <- 0x0000000000000000

mem[X,0x0000000080000090] -> 0xD793
mem[X,0x0000000080000092] -> 0x039C
[41] [M]: 0x0000000080000090 (0x039CD793) srli a5, s9, 0x39
x15 <- 0x0000000000000000

mem[X,0x0000000080000094] -> 0x6D33
mem[X,0x0000000080000096] -> 0x00FD
[42] [M]: 0x0000000080000094 (0x00FD6D33) or s10, s10, a5
x26 <- 0x0000000000000000

mem[X,0x0000000080000098] -> 0x5D93
mem[X,0x000000008000009A] -> 0x007D
[43] [M]: 0x0000000080000098 (0x007D5D93) srli s11, s10, 0x7
x27 <- 0x0000000000000000

mem[X,0x000000008000009C] -> 0x5793
mem[X,0x000000008000009E] -> 0x039D
[44] [M]: 0x000000008000009C (0x039D5793) srli a5, s10, 0x39
x15 <- 0x0000000000000000

mem[X,0x00000000800000A0] -> 0xEDB3
mem[X,0x00000000800000A2] -> 0x00FD
[45] [M]: 0x00000000800000A0 (0x00FDEDB3) or s11, s11, a5
x27 <- 0x0000000000000000

mem[X,0x00000000800000A4] -> 0xDE13
mem[X,0x00000000800000A6] -> 0x007D
[46] [M]: 0x00000000800000A4 (0x007DDE13) srli t3, s11, 0x7
x28 <- 0x0000000000000000

mem[X,0x00000000800000A8] -> 0xD793
mem[X,0x00000000800000AA] -> 0x039D
[47] [M]: 0x00000000800000A8 (0x039DD793) srli a5, s11, 0x39
x15 <- 0x0000000000000000

mem[X,0x00000000800000AC] -> 0x6E33
mem[X,0x00000000800000AE] -> 0x00FE
[48] [M]: 0x00000000800000AC (0x00FE6E33) or t3, t3, a5
x28 <- 0x0000000000000000

mem[X,0x00000000800000B0] -> 0x5E93
mem[X,0x00000000800000B2] -> 0x007E
[49] [M]: 0x00000000800000B0 (0x007E5E93) srli t4, t3, 0x7
x29 <- 0x0000000000000000

mem[X,0x00000000800000B4] -> 0x5793
mem[X,0x00000000800000B6] -> 0x039E
[50] [M]: 0x00000000800000B4 (0x039E5793) srli a5, t3, 0x39
x15 <- 0x0000000000000000

mem[X,0x00000000800000B8] -> 0xEEB3
mem[X,0x00000000800000BA] -> 0x00FE
[51] [M]: 0x00000000800000B8 (0x00FEEEB3) or t4, t4, a5
x29 <- 0x0000000000000000

mem[X,0x00000000800000BC] -> 0xDF13
mem[X,0x00000000800000BE] -> 0x007E
[52] [M]: 0x00000000800000BC (0x007EDF13) srli t5, t4, 0x7
x30 <- 0x0000000000000000

mem[X,0x00000000800000C0] -> 0xD793
mem[X,0x00000000800000C2] -> 0x039E
[53] [M]: 0x00000000800000C0 (0x039ED793) srli a5, t4, 0x39
x15 <- 0x0000000000000000

mem[X,0x00000000800000C4] -> 0x6F33
mem[X,0x00000000800000C6] -> 0x00FF
[54] [M]: 0x00000000800000C4 (0x00FF6F33) or t5, t5, a5
x30 <- 0x0000000000000000

mem[X,0x00000000800000C8] -> 0xC0B7
mem[X,0x00000000800000CA] -> 0xFEED
[55] [M]: 0x00000000800000C8 (0xFEEDC0B7) lui ra, -0x1124
x1 <- 0xFFFFFFFFFEEDC000

mem[X,0x00000000800000CC] -> 0x8093
mem[X,0x00000000800000CE] -> 0xEAD0
[56] [M]: 0x00000000800000CC (0xEAD08093) addi ra, ra, -0x153
x1 <- 0xFFFFFFFFFEEDBEAD

mem[X,0x00000000800000D0] -> 0x9093
mem[X,0x00000000800000D2] -> 0x00B0
[57] [M]: 0x00000000800000D0 (0x00B09093) slli ra, ra, 0xb
x1 <- 0xFFFFFFF76DF56800

mem[X,0x00000000800000D4] -> 0x8093
mem[X,0x00000000800000D6] -> 0x7F70
[58] [M]: 0x00000000800000D4 (0x7F708093) addi ra, ra, 0x7f7
x1 <- 0xFFFFFFF76DF56FF7

mem[X,0x00000000800000D8] -> 0x9093
mem[X,0x00000000800000DA] -> 0x00B0
[59] [M]: 0x00000000800000D8 (0x00B09093) slli ra, ra, 0xb
x1 <- 0xFFFFBB6FAB7FB800

mem[X,0x00000000800000DC] -> 0x8093
mem[X,0x00000000800000DE] -> 0x36F0
[60] [M]: 0x00000000800000DC (0x36F08093) addi ra, ra, 0x36f
x1 <- 0xFFFFBB6FAB7FBB6F

mem[X,0x00000000800000E0] -> 0x9093
mem[X,0x00000000800000E2] -> 0x00A0
[61] [M]: 0x00000000800000E0 (0x00A09093) slli ra, ra, 0xa
x1 <- 0xFEEDBEADFEEDBC00

mem[X,0x00000000800000E4] -> 0x8093
mem[X,0x00000000800000E6] -> 0x2AD0
[62] [M]: 0x00000000800000E4 (0x2AD08093) addi ra, ra, 0x2ad
x1 <- 0xFEEDBEADFEEDBEAD

mem[X,0x00000000800000E8] -> 0xD113
mem[X,0x00000000800000EA] -> 0x0070
[63] [M]: 0x00000000800000E8 (0x0070D113) srli sp, ra, 0x7
x2 <- 0x01FDDB7D5BFDDB7D

mem[X,0x00000000800000EC] -> 0xD793
mem[X,0x00000000800000EE] -> 0x0390
[64] [M]: 0x00000000800000EC (0x0390D793) srli a5, ra, 0x39
x15 <- 0x000000000000007F

mem[X,0x00000000800000F0] -> 0x6133
mem[X,0x00000000800000F2] -> 0x00F1
[65] [M]: 0x00000000800000F0 (0x00F16133) or sp, sp, a5
x2 <- 0x01FDDB7D5BFDDB7F

mem[X,0x00000000800000F4] -> 0x5193
mem[X,0x00000000800000F6] -> 0x0071
[66] [M]: 0x00000000800000F4 (0x00715193) srli gp, sp, 0x7
x3 <- 0x0003FBB6FAB7FBB6

mem[X,0x00000000800000F8] -> 0x5793
mem[X,0x00000000800000FA] -> 0x0391
[67] [M]: 0x00000000800000F8 (0x03915793) srli a5, sp, 0x39
x15 <- 0x0000000000000000

mem[X,0x00000000800000FC] -> 0xE1B3
mem[X,0x00000000800000FE] -> 0x00F1
[68] [M]: 0x00000000800000FC (0x00F1E1B3) or gp, gp, a5
x3 <- 0x0003FBB6FAB7FBB6

mem[X,0x0000000080000100] -> 0xD213
mem[X,0x0000000080000102] -> 0x0071
[69] [M]: 0x0000000080000100 (0x0071D213) srli tp, gp, 0x7
x4 <- 0x000007F76DF56FF7

mem[X,0x0000000080000104] -> 0xD793
mem[X,0x0000000080000106] -> 0x0391
[70] [M]: 0x0000000080000104 (0x0391D793) srli a5, gp, 0x39
x15 <- 0x0000000000000000

mem[X,0x0000000080000108] -> 0x6233
mem[X,0x000000008000010A] -> 0x00F2
[71] [M]: 0x0000000080000108 (0x00F26233) or tp, tp, a5
x4 <- 0x000007F76DF56FF7

mem[X,0x000000008000010C] -> 0x5293
mem[X,0x000000008000010E] -> 0x0072
[72] [M]: 0x000000008000010C (0x00725293) srli t0, tp, 0x7
x5 <- 0x0000000FEEDBEADF

mem[X,0x0000000080000110] -> 0x5793
mem[X,0x0000000080000112] -> 0x0392
[73] [M]: 0x0000000080000110 (0x03925793) srli a5, tp, 0x39
x15 <- 0x0000000000000000

mem[X,0x0000000080000114] -> 0xE2B3
mem[X,0x0000000080000116] -> 0x00F2
[74] [M]: 0x0000000080000114 (0x00F2E2B3) or t0, t0, a5
x5 <- 0x0000000FEEDBEADF

mem[X,0x0000000080000118] -> 0xD313
mem[X,0x000000008000011A] -> 0x0072
[75] [M]: 0x0000000080000118 (0x0072D313) srli t1, t0, 0x7
x6 <- 0x000000001FDDB7D5

mem[X,0x000000008000011C] -> 0xD793
mem[X,0x000000008000011E] -> 0x0392
[76] [M]: 0x000000008000011C (0x0392D793) srli a5, t0, 0x39
x15 <- 0x0000000000000000

mem[X,0x0000000080000120] -> 0x6333
mem[X,0x0000000080000122] -> 0x00F3
[77] [M]: 0x0000000080000120 (0x00F36333) or t1, t1, a5
x6 <- 0x000000001FDDB7D5

mem[X,0x0000000080000124] -> 0x5393
mem[X,0x0000000080000126] -> 0x0073
[78] [M]: 0x0000000080000124 (0x00735393) srli t2, t1, 0x7
x7 <- 0x00000000003FBB6F

mem[X,0x0000000080000128] -> 0x5793
mem[X,0x000000008000012A] -> 0x0393
[79] [M]: 0x0000000080000128 (0x03935793) srli a5, t1, 0x39
x15 <- 0x0000000000000000

mem[X,0x000000008000012C] -> 0xE3B3
mem[X,0x000000008000012E] -> 0x00F3
[80] [M]: 0x000000008000012C (0x00F3E3B3) or t2, t2, a5
x7 <- 0x00000000003FBB6F

mem[X,0x0000000080000130] -> 0xD413
mem[X,0x0000000080000132] -> 0x0073
[81] [M]: 0x0000000080000130 (0x0073D413) srli fp, t2, 0x7
x8 <- 0x0000000000007F76

mem[X,0x0000000080000134] -> 0xD793
mem[X,0x0000000080000136] -> 0x0393
[82] [M]: 0x0000000080000134 (0x0393D793) srli a5, t2, 0x39
x15 <- 0x0000000000000000

mem[X,0x0000000080000138] -> 0x6433
mem[X,0x000000008000013A] -> 0x00F4
[83] [M]: 0x0000000080000138 (0x00F46433) or fp, fp, a5
x8 <- 0x0000000000007F76

mem[X,0x000000008000013C] -> 0x5493
mem[X,0x000000008000013E] -> 0x0074
[84] [M]: 0x000000008000013C (0x00745493) srli s1, fp, 0x7
x9 <- 0x00000000000000FE

mem[X,0x0000000080000140] -> 0x5793
mem[X,0x0000000080000142] -> 0x0394
[85] [M]: 0x0000000080000140 (0x03945793) srli a5, fp, 0x39
x15 <- 0x0000000000000000

mem[X,0x0000000080000144] -> 0xE4B3
mem[X,0x0000000080000146] -> 0x00F4
[86] [M]: 0x0000000080000144 (0x00F4E4B3) or s1, s1, a5
x9 <- 0x00000000000000FE

mem[X,0x0000000080000148] -> 0xD513
mem[X,0x000000008000014A] -> 0x0074
[87] [M]: 0x0000000080000148 (0x0074D513) srli a0, s1, 0x7
x10 <- 0x0000000000000001

mem[X,0x000000008000014C] -> 0xD793
mem[X,0x000000008000014E] -> 0x0394
[88] [M]: 0x000000008000014C (0x0394D793) srli a5, s1, 0x39
x15 <- 0x0000000000000000

mem[X,0x0000000080000150] -> 0x6533
mem[X,0x0000000080000152] -> 0x00F5
[89] [M]: 0x0000000080000150 (0x00F56533) or a0, a0, a5
x10 <- 0x0000000000000001

mem[X,0x0000000080000154] -> 0x5593
mem[X,0x0000000080000156] -> 0x0075
[90] [M]: 0x0000000080000154 (0x00755593) srli a1, a0, 0x7
x11 <- 0x0000000000000000

mem[X,0x0000000080000158] -> 0x5793
mem[X,0x000000008000015A] -> 0x0395
[91] [M]: 0x0000000080000158 (0x03955793) srli a5, a0, 0x39
x15 <- 0x0000000000000000

mem[X,0x000000008000015C] -> 0xE5B3
mem[X,0x000000008000015E] -> 0x00F5
[92] [M]: 0x000000008000015C (0x00F5E5B3) or a1, a1, a5
x11 <- 0x0000000000000000

mem[X,0x0000000080000160] -> 0xD613
mem[X,0x0000000080000162] -> 0x0075
[93] [M]: 0x0000000080000160 (0x0075D613) srli a2, a1, 0x7
x12 <- 0x0000000000000000

mem[X,0x0000000080000164] -> 0xD793
mem[X,0x0000000080000166] -> 0x0395
[94] [M]: 0x0000000080000164 (0x0395D793) srli a5, a1, 0x39
x15 <- 0x0000000000000000

mem[X,0x0000000080000168] -> 0x6633
mem[X,0x000000008000016A] -> 0x00F6
[95] [M]: 0x0000000080000168 (0x00F66633) or a2, a2, a5
x12 <- 0x0000000000000000

mem[X,0x000000008000016C] -> 0x5693
mem[X,0x000000008000016E] -> 0x0076
[96] [M]: 0x000000008000016C (0x00765693) srli a3, a2, 0x7
x13 <- 0x0000000000000000

mem[X,0x0000000080000170] -> 0x5793
mem[X,0x0000000080000172] -> 0x0396
[97] [M]: 0x0000000080000170 (0x03965793) srli a5, a2, 0x39
x15 <- 0x0000000000000000

mem[X,0x0000000080000174] -> 0xE6B3
mem[X,0x0000000080000176] -> 0x00F6
[98] [M]: 0x0000000080000174 (0x00F6E6B3) or a3, a3, a5
x13 <- 0x0000000000000000

mem[X,0x0000000080000178] -> 0x0013
mem[X,0x000000008000017A] -> 0x0000
[99] [M]: 0x0000000080000178 (0x00000013) addi zero, zero, 0x0

clint::tick mtime <- 0x0000000000000001
 clint timer pending at mtime 0x0000000000000001
htif::tick 0x0000000000000000
mem[X,0x000000008000017C] -> 0x0013
mem[X,0x000000008000017E] -> 0x0000
[100] [M]: 0x000000008000017C (0x00000013) addi zero, zero, 0x0

mem[X,0x0000000080000180] -> 0x4217
mem[X,0x0000000080000182] -> 0x0000
[101] [M]: 0x0000000080000180 (0x00004217) auipc tp, 0x4
x4 <- 0x0000000080004180

mem[X,0x0000000080000184] -> 0x0213
mem[X,0x0000000080000186] -> 0xF982
[102] [M]: 0x0000000080000184 (0xF9820213) addi tp, tp, -0x68
x4 <- 0x0000000080004118

mem[X,0x0000000080000188] -> 0x0013
mem[X,0x000000008000018A] -> 0x0000
[103] [M]: 0x0000000080000188 (0x00000013) addi zero, zero, 0x0

mem[X,0x000000008000018C] -> 0x0013
mem[X,0x000000008000018E] -> 0x0000
[104] [M]: 0x000000008000018C (0x00000013) addi zero, zero, 0x0

mem[X,0x0000000080000190] -> 0x0013
mem[X,0x0000000080000192] -> 0x0000
[105] [M]: 0x0000000080000190 (0x00000013) addi zero, zero, 0x0

mem[X,0x0000000080000194] -> 0x0013
mem[X,0x0000000080000196] -> 0x0000
[106] [M]: 0x0000000080000194 (0x00000013) addi zero, zero, 0x0

mem[X,0x0000000080000198] -> 0x0013
mem[X,0x000000008000019A] -> 0x0000
[107] [M]: 0x0000000080000198 (0x00000013) addi zero, zero, 0x0

mem[X,0x000000008000019C] -> 0x0013
mem[X,0x000000008000019E] -> 0x0000
[108] [M]: 0x000000008000019C (0x00000013) addi zero, zero, 0x0

mem[X,0x00000000800001A0] -> 0x0837
mem[X,0x00000000800001A2] -> 0x0080
[109] [M]: 0x00000000800001A0 (0x00800837) lui a6, 0x800
x16 <- 0x0000000000800000

mem[X,0x00000000800001A4] -> 0x0813
mem[X,0x00000000800001A6] -> 0x4008
[110] [M]: 0x00000000800001A4 (0x40080813) addi a6, a6, 0x400
x16 <- 0x0000000000800400

mem[X,0x00000000800001A8] -> 0x1813
mem[X,0x00000000800001AA] -> 0x00B8
[111] [M]: 0x00000000800001A8 (0x00B81813) slli a6, a6, 0xb
x16 <- 0x0000000400200000

mem[X,0x00000000800001AC] -> 0x0813
mem[X,0x00000000800001AE] -> 0x0008
[112] [M]: 0x00000000800001AC (0x00080813) addi a6, a6, 0x0
x16 <- 0x0000000400200000

mem[X,0x00000000800001B0] -> 0x1813
mem[X,0x00000000800001B2] -> 0x00B8
[113] [M]: 0x00000000800001B0 (0x00B81813) slli a6, a6, 0xb
x16 <- 0x0000200100000000

mem[X,0x00000000800001B4] -> 0x0813
mem[X,0x00000000800001B6] -> 0x1608
[114] [M]: 0x00000000800001B4 (0x16080813) addi a6, a6, 0x160
x16 <- 0x0000200100000160

mem[X,0x00000000800001B8] -> 0x1813
mem[X,0x00000000800001BA] -> 0x00A8
[115] [M]: 0x00000000800001B8 (0x00A81813) slli a6, a6, 0xa
x16 <- 0x0080040000058000

mem[X,0x00000000800001BC] -> 0x0837
mem[X,0x00000000800001BE] -> 0x8001
[116] [M]: 0x00000000800001BC (0x80010837) lui a6, -0x7fff0
x16 <- 0xFFFFFFFF80010000

mem[X,0x00000000800001C0] -> 0x0813
mem[X,0x00000000800001C2] -> 0xFFC8
[117] [M]: 0x00000000800001C0 (0xFFC80813) addi a6, a6, -0x4
x16 <- 0xFFFFFFFF8000FFFC

mem[X,0x00000000800001C4] -> 0x1813
mem[X,0x00000000800001C6] -> 0x00B8
[118] [M]: 0x00000000800001C4 (0x00B81813) slli a6, a6, 0xb
x16 <- 0xFFFFFC0007FFE000

mem[X,0x00000000800001C8] -> 0x0813
mem[X,0x00000000800001CA] -> 0x77F8
[119] [M]: 0x00000000800001C8 (0x77F80813) addi a6, a6, 0x77f
x16 <- 0xFFFFFC0007FFE77F

mem[X,0x00000000800001CC] -> 0x1813
mem[X,0x00000000800001CE] -> 0x00B8
[120] [M]: 0x00000000800001CC (0x00B81813) slli a6, a6, 0xb
x16 <- 0xFFE0003FFF3BF800

mem[X,0x00000000800001D0] -> 0x0813
mem[X,0x00000000800001D2] -> 0x7F08
[121] [M]: 0x00000000800001D0 (0x7F080813) addi a6, a6, 0x7f0
x16 <- 0xFFE0003FFF3BFFF0

mem[X,0x00000000800001D4] -> 0x1813
mem[X,0x00000000800001D6] -> 0x00A8
[122] [M]: 0x00000000800001D4 (0x00A81813) slli a6, a6, 0xa
x16 <- 0x8000FFFCEFFFC000

mem[X,0x00000000800001D8] -> 0x583B
mem[X,0x00000000800001DA] -> 0xAF08
[123] [M]: 0x00000000800001D8 (0xAF08583B) pm4addau.h a6, a6, a6
x16 <- 0x8000FFFFA0F5E011

mem[X,0x00000000800001DC] -> 0x3023
mem[X,0x00000000800001DE] -> 0x0102
[124] [M]: 0x00000000800001DC (0x01023023) sd a6, 0x0(tp)
mem[0x0000000080004118] <- 0x8000FFFFA0F5E011

mem[X,0x00000000800001E0] -> 0xF3B7
mem[X,0x00000000800001E2] -> 0xFFEF
[125] [M]: 0x00000000800001E0 (0xFFEFF3B7) lui t2, -0x101
x7 <- 0xFFFFFFFFFFEFF000

mem[X,0x00000000800001E4] -> 0x8393
mem[X,0x00000000800001E6] -> 0xFFF3
[126] [M]: 0x00000000800001E4 (0xFFF38393) addi t2, t2, -0x1
x7 <- 0xFFFFFFFFFFEFEFFF

mem[X,0x00000000800001E8] -> 0x9393
mem[X,0x00000000800001EA] -> 0x00B3
[127] [M]: 0x00000000800001E8 (0x00B39393) slli t2, t2, 0xb
x7 <- 0xFFFFFFFF7F7FF800

mem[X,0x00000000800001EC] -> 0x8393
mem[X,0x00000000800001EE] -> 0x7FF3
[128] [M]: 0x00000000800001EC (0x7FF38393) addi t2, t2, 0x7ff
x7 <- 0xFFFFFFFF7F7FFFFF

mem[X,0x00000000800001F0] -> 0x9393
mem[X,0x00000000800001F2] -> 0x00B3
[129] [M]: 0x00000000800001F0 (0x00B39393) slli t2, t2, 0xb
x7 <- 0xFFFFFBFBFFFFF800

mem[X,0x00000000800001F4] -> 0x8393
mem[X,0x00000000800001F6] -> 0x6BF3
[130] [M]: 0x00000000800001F4 (0x6BF38393) addi t2, t2, 0x6bf
x7 <- 0xFFFFFBFBFFFFFEBF

mem[X,0x00000000800001F8] -> 0x9393
mem[X,0x00000000800001FA] -> 0x00A3
[131] [M]: 0x00000000800001F8 (0x00A39393) slli t2, t2, 0xa
x7 <- 0xFFEFEFFFFFFAFC00

mem[X,0x00000000800001FC] -> 0x8393
mem[X,0x00000000800001FE] -> 0x3FF3
[132] [M]: 0x00000000800001FC (0x3FF38393) addi t2, t2, 0x3ff
x7 <- 0xFFEFEFFFFFFAFFFF

mem[X,0x0000000080000200] -> 0x0137
mem[X,0x0000000080000202] -> 0x0010
[133] [M]: 0x0000000080000200 (0x00100137) lui sp, 0x100
x2 <- 0x0000000000100000

mem[X,0x0000000080000204] -> 0x0113
mem[X,0x0000000080000206] -> 0x2001
[134] [M]: 0x0000000080000204 (0x20010113) addi sp, sp, 0x200
x2 <- 0x0000000000100200

mem[X,0x0000000080000208] -> 0x1113
mem[X,0x000000008000020A] -> 0x00B1
[135] [M]: 0x0000000080000208 (0x00B11113) slli sp, sp, 0xb
x2 <- 0x0000000080100000

mem[X,0x000000008000020C] -> 0x0113
mem[X,0x000000008000020E] -> 0x0021
[136] [M]: 0x000000008000020C (0x00210113) addi sp, sp, 0x2
x2 <- 0x0000000080100002

mem[X,0x0000000080000210] -> 0x1113
mem[X,0x0000000080000212] -> 0x00B1
[137] [M]: 0x0000000080000210 (0x00B11113) slli sp, sp, 0xb
x2 <- 0x0000040080001000

mem[X,0x0000000080000214] -> 0x0113
mem[X,0x0000000080000216] -> 0x0001
[138] [M]: 0x0000000080000214 (0x00010113) addi sp, sp, 0x0
x2 <- 0x0000040080001000

mem[X,0x0000000080000218] -> 0x1113
mem[X,0x000000008000021A] -> 0x00A1
[139] [M]: 0x0000000080000218 (0x00A11113) slli sp, sp, 0xa
x2 <- 0x0010020000400000

mem[X,0x000000008000021C] -> 0x0113
mem[X,0x000000008000021E] -> 0x0401
[140] [M]: 0x000000008000021C (0x04010113) addi sp, sp, 0x40
x2 <- 0x0010020000400040

mem[X,0x0000000080000220] -> 0xDF3B
mem[X,0x0000000080000222] -> 0xAE23
[141] [M]: 0x0000000080000220 (0xAE23DF3B) pm4addau.h t5, t2, sp
x30 <- 0x00000000026FFB30

mem[X,0x0000000080000224] -> 0x3423
mem[X,0x0000000080000226] -> 0x01E2
[142] [M]: 0x0000000080000224 (0x01E23423) sd t5, 0x8(tp)
mem[0x0000000080004120] <- 0x00000000026FFB30

mem[X,0x0000000080000228] -> 0x0CB7
mem[X,0x000000008000022A] -> 0x0021
[143] [M]: 0x0000000080000228 (0x00210CB7) lui s9, 0x210
x25 <- 0x0000000000210000

mem[X,0x000000008000022C] -> 0x8C93
mem[X,0x000000008000022E] -> 0xEFFC
[144] [M]: 0x000000008000022C (0xEFFC8C93) addi s9, s9, -0x101
x25 <- 0x000000000020FEFF

mem[X,0x0000000080000230] -> 0x9C93
mem[X,0x0000000080000232] -> 0x00BC
[145] [M]: 0x0000000080000230 (0x00BC9C93) slli s9, s9, 0xb
x25 <- 0x0000000107F7F800

mem[X,0x0000000080000234] -> 0x8C93
mem[X,0x0000000080000236] -> 0x7FFC
[146] [M]: 0x0000000080000234 (0x7FFC8C93) addi s9, s9, 0x7ff
x25 <- 0x0000000107F7FFFF

mem[X,0x0000000080000238] -> 0x9C93
mem[X,0x000000008000023A] -> 0x00BC
[147] [M]: 0x0000000080000238 (0x00BC9C93) slli s9, s9, 0xb
x25 <- 0x0000083FBFFFF800

mem[X,0x000000008000023C] -> 0x8C93
mem[X,0x000000008000023E] -> 0x5C0C
[148] [M]: 0x000000008000023C (0x5C0C8C93) addi s9, s9, 0x5c0
x25 <- 0x0000083FBFFFFDC0

mem[X,0x0000000080000240] -> 0x9C93
mem[X,0x0000000080000242] -> 0x00AC
[149] [M]: 0x0000000080000240 (0x00AC9C93) slli s9, s9, 0xa
x25 <- 0x0020FEFFFFF70000

mem[X,0x0000000080000244] -> 0x0937
mem[X,0x0000000080000246] -> 0xAAAA
[150] [M]: 0x0000000080000244 (0xAAAA0937) lui s2, -0x55560
x18 <- 0xFFFFFFFFAAAA0000

mem[X,0x0000000080000248] -> 0x0913
mem[X,0x000000008000024A] -> 0x0049
[151] [M]: 0x0000000080000248 (0x00490913) addi s2, s2, 0x4
x18 <- 0xFFFFFFFFAAAA0004

mem[X,0x000000008000024C] -> 0x1913
mem[X,0x000000008000024E] -> 0x00B9
[152] [M]: 0x000000008000024C (0x00B91913) slli s2, s2, 0xb
x18 <- 0xFFFFFD5550002000

mem[X,0x0000000080000250] -> 0x0913
mem[X,0x0000000080000252] -> 0x7FF9
[153] [M]: 0x0000000080000250 (0x7FF90913) addi s2, s2, 0x7ff
x18 <- 0xFFFFFD55500027FF

mem[X,0x0000000080000254] -> 0x1913
mem[X,0x0000000080000256] -> 0x00B9
[154] [M]: 0x0000000080000254 (0x00B91913) slli s2, s2, 0xb
x18 <- 0xFFEAAA80013FF800

mem[X,0x0000000080000258] -> 0x0913
mem[X,0x000000008000025A] -> 0x6FF9
[155] [M]: 0x0000000080000258 (0x6FF90913) addi s2, s2, 0x6ff
x18 <- 0xFFEAAA80013FFEFF

mem[X,0x000000008000025C] -> 0x1913
mem[X,0x000000008000025E] -> 0x00A9
[156] [M]: 0x000000008000025C (0x00A91913) slli s2, s2, 0xa
x18 <- 0xAAAA0004FFFBFC00

mem[X,0x0000000080000260] -> 0x0913
mem[X,0x0000000080000262] -> 0x3FE9
[157] [M]: 0x0000000080000260 (0x3FE90913) addi s2, s2, 0x3fe
x18 <- 0xAAAA0004FFFBFFFE

mem[X,0x0000000080000264] -> 0xDCBB
mem[X,0x0000000080000266] -> 0xAF2C
[158] [M]: 0x0000000080000264 (0xAF2CDCBB) pm4addau.h s9, s9, s2
x25 <- 0x0020FF0100025169

mem[X,0x0000000080000268] -> 0x3823
mem[X,0x000000008000026A] -> 0x0192
[159] [M]: 0x0000000080000268 (0x01923823) sd s9, 0x10(tp)
mem[0x0000000080004128] <- 0x0020FF0100025169

mem[X,0x000000008000026C] -> 0x00B7
mem[X,0x000000008000026E] -> 0x5556
[160] [M]: 0x000000008000026C (0x555600B7) lui ra, 0x55560
x1 <- 0x0000000055560000

mem[X,0x0000000080000270] -> 0x8093
mem[X,0x0000000080000272] -> 0xFFE0
[161] [M]: 0x0000000080000270 (0xFFE08093) addi ra, ra, -0x2
x1 <- 0x000000005555FFFE

mem[X,0x0000000080000274] -> 0x9093
mem[X,0x0000000080000276] -> 0x00B0
[162] [M]: 0x0000000080000274 (0x00B09093) slli ra, ra, 0xb
x1 <- 0x000002AAAFFFF000

mem[X,0x0000000080000278] -> 0x8093
mem[X,0x000000008000027A] -> 0x2AA0
[163] [M]: 0x0000000080000278 (0x2AA08093) addi ra, ra, 0x2aa
x1 <- 0x000002AAAFFFF2AA

mem[X,0x000000008000027C] -> 0x9093
mem[X,0x000000008000027E] -> 0x00B0
[164] [M]: 0x000000008000027C (0x00B09093) slli ra, ra, 0xb
x1 <- 0x0015557FFF955000

mem[X,0x0000000080000280] -> 0x8093
mem[X,0x0000000080000282] -> 0x5400
[165] [M]: 0x0000000080000280 (0x54008093) addi ra, ra, 0x540
x1 <- 0x0015557FFF955540

mem[X,0x0000000080000284] -> 0x9093
mem[X,0x0000000080000286] -> 0x00A0
[166] [M]: 0x0000000080000284 (0x00A09093) slli ra, ra, 0xa
x1 <- 0x5555FFFE55550000

mem[X,0x0000000080000288] -> 0x8093
mem[X,0x000000008000028A] -> 0x0010
[167] [M]: 0x0000000080000288 (0x00108093) addi ra, ra, 0x1
x1 <- 0x5555FFFE55550001

mem[X,0x000000008000028C] -> 0x08B7
mem[X,0x000000008000028E] -> 0xFFF8
[168] [M]: 0x000000008000028C (0xFFF808B7) lui a7, -0x80
x17 <- 0xFFFFFFFFFFF80000

mem[X,0x0000000080000290] -> 0x8893
mem[X,0x0000000080000292] -> 0x0018
[169] [M]: 0x0000000080000290 (0x00188893) addi a7, a7, 0x1
x17 <- 0xFFFFFFFFFFF80001

mem[X,0x0000000080000294] -> 0x9893
mem[X,0x0000000080000296] -> 0x00B8
[170] [M]: 0x0000000080000294 (0x00B89893) slli a7, a7, 0xb
x17 <- 0xFFFFFFFFC0000800

mem[X,0x0000000080000298] -> 0x8893
mem[X,0x000000008000029A] -> 0x3FF8
[171] [M]: 0x0000000080000298 (0x3FF88893) addi a7, a7, 0x3ff
x17 <- 0xFFFFFFFFC0000BFF

mem[X,0x000000008000029C] -> 0x9893
mem[X,0x000000008000029E] -> 0x00B8
[172] [M]: 0x000000008000029C (0x00B89893) slli a7, a7, 0xb
x17 <- 0xFFFFFE00005FF800

mem[X,0x00000000800002A0] -> 0x8893
mem[X,0x00000000800002A2] -> 0x7EF8
[173] [M]: 0x00000000800002A0 (0x7EF88893) addi a7, a7, 0x7ef
x17 <- 0xFFFFFE00005FFFEF

mem[X,0x00000000800002A4] -> 0x9893
mem[X,0x00000000800002A6] -> 0x00A8
[174] [M]: 0x00000000800002A4 (0x00A89893) slli a7, a7, 0xa
x17 <- 0xFFF800017FFFBC00

mem[X,0x00000000800002A8] -> 0x8893
mem[X,0x00000000800002AA] -> 0x3FF8
[175] [M]: 0x00000000800002A8 (0x3FF88893) addi a7, a7, 0x3ff
x17 <- 0xFFF800017FFFBFFF

mem[X,0x00000000800002AC] -> 0xD8BB
mem[X,0x00000000800002AE] -> 0xAF10
[176] [M]: 0x00000000800002AC (0xAF10D8BB) pm4addau.h a7, ra, a7
x17 <- 0xFFF80001FFFDFFFF

mem[X,0x00000000800002B0] -> 0x3C23
mem[X,0x00000000800002B2] -> 0x0112
[177] [M]: 0x00000000800002B0 (0x01123C23) sd a7, 0x18(tp)
mem[0x0000000080004130] <- 0xFFF80001FFFDFFFF

mem[X,0x00000000800002B4] -> 0x0737
mem[X,0x00000000800002B6] -> 0x8000
[178] [M]: 0x00000000800002B4 (0x80000737) lui a4, -0x80000
x14 <- 0xFFFFFFFF80000000

mem[X,0x00000000800002B8] -> 0x0713
mem[X,0x00000000800002BA] -> 0xEFF7
[179] [M]: 0x00000000800002B8 (0xEFF70713) addi a4, a4, -0x101
x14 <- 0xFFFFFFFF7FFFFEFF

mem[X,0x00000000800002BC] -> 0x1713
mem[X,0x00000000800002BE] -> 0x00B7
[180] [M]: 0x00000000800002BC (0x00B71713) slli a4, a4, 0xb
x14 <- 0xFFFFFBFFFFF7F800

mem[X,0x00000000800002C0] -> 0x0713
mem[X,0x00000000800002C2] -> 0x0007
[181] [M]: 0x00000000800002C0 (0x00070713) addi a4, a4, 0x0
x14 <- 0xFFFFFBFFFFF7F800

mem[X,0x00000000800002C4] -> 0x1713
mem[X,0x00000000800002C6] -> 0x00B7
[182] [M]: 0x00000000800002C4 (0x00B71713) slli a4, a4, 0xb
x14 <- 0xFFDFFFFFBFC00000

mem[X,0x00000000800002C8] -> 0x0713
mem[X,0x00000000800002CA] -> 0x05F7
[183] [M]: 0x00000000800002C8 (0x05F70713) addi a4, a4, 0x5f
x14 <- 0xFFDFFFFFBFC0005F

mem[X,0x00000000800002CC] -> 0x1713
mem[X,0x00000000800002CE] -> 0x00A7
[184] [M]: 0x00000000800002CC (0x00A71713) slli a4, a4, 0xa
x14 <- 0x7FFFFEFF00017C00

mem[X,0x00000000800002D0] -> 0x0713
mem[X,0x00000000800002D2] -> 0x3FF7
[185] [M]: 0x00000000800002D0 (0x3FF70713) addi a4, a4, 0x3ff
x14 <- 0x7FFFFEFF00017FFF

mem[X,0x00000000800002D4] -> 0xC737
mem[X,0x00000000800002D6] -> 0x2000
[186] [M]: 0x00000000800002D4 (0x2000C737) lui a4, 0x2000c
x14 <- 0x000000002000C000

mem[X,0x00000000800002D8] -> 0x0713
mem[X,0x00000000800002DA] -> 0x0007
[187] [M]: 0x00000000800002D8 (0x00070713) addi a4, a4, 0x0
x14 <- 0x000000002000C000

mem[X,0x00000000800002DC] -> 0x1713
mem[X,0x00000000800002DE] -> 0x00B7
[188] [M]: 0x00000000800002DC (0x00B71713) slli a4, a4, 0xb
x14 <- 0x0000010006000000

mem[X,0x00000000800002E0] -> 0x0713
mem[X,0x00000000800002E2] -> 0x7FD7
[189] [M]: 0x00000000800002E0 (0x7FD70713) addi a4, a4, 0x7fd
x14 <- 0x00000100060007FD

mem[X,0x00000000800002E4] -> 0x1713
mem[X,0x00000000800002E6] -> 0x00B7
[190] [M]: 0x00000000800002E4 (0x00B71713) slli a4, a4, 0xb
x14 <- 0x00080030003FE800

mem[X,0x00000000800002E8] -> 0x0713
mem[X,0x00000000800002EA] -> 0x7FF7
[191] [M]: 0x00000000800002E8 (0x7FF70713) addi a4, a4, 0x7ff
x14 <- 0x00080030003FEFFF

mem[X,0x00000000800002EC] -> 0x1713
mem[X,0x00000000800002EE] -> 0x00A7
[192] [M]: 0x00000000800002EC (0x00A71713) slli a4, a4, 0xa
x14 <- 0x2000C000FFBFFC00

mem[X,0x00000000800002F0] -> 0x0713
mem[X,0x00000000800002F2] -> 0x3FD7
[193] [M]: 0x00000000800002F0 (0x3FD70713) addi a4, a4, 0x3fd
x14 <- 0x2000C000FFBFFFFD

mem[X,0x00000000800002F4] -> 0x533B
mem[X,0x00000000800002F6] -> 0xAEE7
[194] [M]: 0x00000000800002F4 (0xAEE7533B) pm4addau.h t1, a4, a4
x6 <- 0x00000002B355C85F

mem[X,0x00000000800002F8] -> 0x3023
mem[X,0x00000000800002FA] -> 0x0262
[195] [M]: 0x00000000800002F8 (0x02623023) sd t1, 0x20(tp)
mem[0x0000000080004138] <- 0x00000002B355C85F

mem[X,0x00000000800002FC] -> 0x0D37
mem[X,0x00000000800002FE] -> 0x0000
[196] [M]: 0x00000000800002FC (0x00000D37) lui s10, 0x0
x26 <- 0x0000000000000000

mem[X,0x0000000080000300] -> 0x0D13
mem[X,0x0000000080000302] -> 0x006D
[197] [M]: 0x0000000080000300 (0x006D0D13) addi s10, s10, 0x6
x26 <- 0x0000000000000006

mem[X,0x0000000080000304] -> 0x1D13
mem[X,0x0000000080000306] -> 0x00BD
[198] [M]: 0x0000000080000304 (0x00BD1D13) slli s10, s10, 0xb
x26 <- 0x0000000000003000

mem[X,0x0000000080000308] -> 0x0D13
mem[X,0x000000008000030A] -> 0x080D
[199] [M]: 0x0000000080000308 (0x080D0D13) addi s10, s10, 0x80
x26 <- 0x0000000000003080

clint::tick mtime <- 0x0000000000000002
 clint timer pending at mtime 0x0000000000000002
htif::tick 0x0000000000000000
mem[X,0x000000008000030C] -> 0x1D13
mem[X,0x000000008000030E] -> 0x00BD
[200] [M]: 0x000000008000030C (0x00BD1D13) slli s10, s10, 0xb
x26 <- 0x0000000001840000

mem[X,0x0000000080000310] -> 0x0D13
mem[X,0x0000000080000312] -> 0x000D
[201] [M]: 0x0000000080000310 (0x000D0D13) addi s10, s10, 0x0
x26 <- 0x0000000001840000

mem[X,0x0000000080000314] -> 0x1D13
mem[X,0x0000000080000316] -> 0x00AD
[202] [M]: 0x0000000080000314 (0x00AD1D13) slli s10, s10, 0xa
x26 <- 0x0000000610000000

mem[X,0x0000000080000318] -> 0x0D13
mem[X,0x000000008000031A] -> 0x002D
[203] [M]: 0x0000000080000318 (0x002D0D13) addi s10, s10, 0x2
x26 <- 0x0000000610000002

mem[X,0x000000008000031C] -> 0x0AB7
mem[X,0x000000008000031E] -> 0x0003
[204] [M]: 0x000000008000031C (0x00030AB7) lui s5, 0x30
x21 <- 0x0000000000030000

mem[X,0x0000000080000320] -> 0x8A93
mem[X,0x0000000080000322] -> 0x020A
[205] [M]: 0x0000000080000320 (0x020A8A93) addi s5, s5, 0x20
x21 <- 0x0000000000030020

mem[X,0x0000000080000324] -> 0x9A93
mem[X,0x0000000080000326] -> 0x00BA
[206] [M]: 0x0000000080000324 (0x00BA9A93) slli s5, s5, 0xb
x21 <- 0x0000000018010000

mem[X,0x0000000080000328] -> 0x8A93
mem[X,0x000000008000032A] -> 0x7FFA
[207] [M]: 0x0000000080000328 (0x7FFA8A93) addi s5, s5, 0x7ff
x21 <- 0x00000000180107FF

mem[X,0x000000008000032C] -> 0x9A93
mem[X,0x000000008000032E] -> 0x00BA
[208] [M]: 0x000000008000032C (0x00BA9A93) slli s5, s5, 0xb
x21 <- 0x000000C0083FF800

mem[X,0x0000000080000330] -> 0x8A93
mem[X,0x0000000080000332] -> 0x642A
[209] [M]: 0x0000000080000330 (0x642A8A93) addi s5, s5, 0x642
x21 <- 0x000000C0083FFE42

mem[X,0x0000000080000334] -> 0x9A93
mem[X,0x0000000080000336] -> 0x00AA
[210] [M]: 0x0000000080000334 (0x00AA9A93) slli s5, s5, 0xa
x21 <- 0x00030020FFF90800

mem[X,0x0000000080000338] -> 0x5EBB
mem[X,0x000000008000033A] -> 0xAF5D
[211] [M]: 0x0000000080000338 (0xAF5D5EBB) pm4addau.h t4, s10, s5
x29 <- 0x000000000FFFA0C0

mem[X,0x000000008000033C] -> 0x3423
mem[X,0x000000008000033E] -> 0x03D2
[212] [M]: 0x000000008000033C (0x03D23423) sd t4, 0x28(tp)
mem[0x0000000080004140] <- 0x000000000FFFA0C0

mem[X,0x0000000080000340] -> 0x0137
mem[X,0x0000000080000342] -> 0xF7FF
[213] [M]: 0x0000000080000340 (0xF7FF0137) lui sp, -0x8010
x2 <- 0xFFFFFFFFF7FF0000

mem[X,0x0000000080000344] -> 0x0113
mem[X,0x0000000080000346] -> 0x2001
[214] [M]: 0x0000000080000344 (0x20010113) addi sp, sp, 0x200
x2 <- 0xFFFFFFFFF7FF0200

mem[X,0x0000000080000348] -> 0x1113
mem[X,0x000000008000034A] -> 0x00B1
[215] [M]: 0x0000000080000348 (0x00B11113) slli sp, sp, 0xb
x2 <- 0xFFFFFFBFF8100000

mem[X,0x000000008000034C] -> 0x0113
mem[X,0x000000008000034E] -> 0x4001
[216] [M]: 0x000000008000034C (0x40010113) addi sp, sp, 0x400
x2 <- 0xFFFFFFBFF8100400

mem[X,0x0000000080000350] -> 0x1113
mem[X,0x0000000080000352] -> 0x00B1
[217] [M]: 0x0000000080000350 (0x00B11113) slli sp, sp, 0xb
x2 <- 0xFFFDFFC080200000

mem[X,0x0000000080000354] -> 0x0113
mem[X,0x0000000080000356] -> 0x0001
[218] [M]: 0x0000000080000354 (0x00010113) addi sp, sp, 0x0
x2 <- 0xFFFDFFC080200000

mem[X,0x0000000080000358] -> 0x1113
mem[X,0x000000008000035A] -> 0x00A1
[219] [M]: 0x0000000080000358 (0x00A11113) slli sp, sp, 0xa
x2 <- 0xF7FF020080000000

mem[X,0x000000008000035C] -> 0x0113
mem[X,0x000000008000035E] -> 0x0041
[220] [M]: 0x000000008000035C (0x00410113) addi sp, sp, 0x4
x2 <- 0xF7FF020080000004

mem[X,0x0000000080000360] -> 0x06B7
mem[X,0x0000000080000362] -> 0xFFFA
[221] [M]: 0x0000000080000360 (0xFFFA06B7) lui a3, -0x60
x13 <- 0xFFFFFFFFFFFA0000

mem[X,0x0000000080000364] -> 0x8693
mem[X,0x0000000080000366] -> 0x0046
[222] [M]: 0x0000000080000364 (0x00468693) addi a3, a3, 0x4
x13 <- 0xFFFFFFFFFFFA0004

mem[X,0x0000000080000368] -> 0x9693
mem[X,0x000000008000036A] -> 0x00B6
[223] [M]: 0x0000000080000368 (0x00B69693) slli a3, a3, 0xb
x13 <- 0xFFFFFFFFD0002000

mem[X,0x000000008000036C] -> 0x8693
mem[X,0x000000008000036E] -> 0x3FF6
[224] [M]: 0x000000008000036C (0x3FF68693) addi a3, a3, 0x3ff
x13 <- 0xFFFFFFFFD00023FF

mem[X,0x0000000080000370] -> 0x9693
mem[X,0x0000000080000372] -> 0x00B6
[225] [M]: 0x0000000080000370 (0x00B69693) slli a3, a3, 0xb
x13 <- 0xFFFFFE80011FF800

mem[X,0x0000000080000374] -> 0x8693
mem[X,0x0000000080000376] -> 0x7FB6
[226] [M]: 0x0000000080000374 (0x7FB68693) addi a3, a3, 0x7fb
x13 <- 0xFFFFFE80011FFFFB

mem[X,0x0000000080000378] -> 0x9693
mem[X,0x000000008000037A] -> 0x00A6
[227] [M]: 0x0000000080000378 (0x00A69693) slli a3, a3, 0xa
x13 <- 0xFFFA00047FFFEC00

mem[X,0x000000008000037C] -> 0x8693
mem[X,0x000000008000037E] -> 0x3FF6
[228] [M]: 0x000000008000037C (0x3FF68693) addi a3, a3, 0x3ff
x13 <- 0xFFFA00047FFFEFFF

mem[X,0x0000000080000380] -> 0x573B
mem[X,0x0000000080000382] -> 0xAED1
[229] [M]: 0x0000000080000380 (0xAED1573B) pm4addau.h a4, sp, a3
x14 <- 0x2000C00237BC77FF

mem[X,0x0000000080000384] -> 0x3823
mem[X,0x0000000080000386] -> 0x02E2
[230] [M]: 0x0000000080000384 (0x02E23823) sd a4, 0x30(tp)
mem[0x0000000080004148] <- 0x2000C00237BC77FF

mem[X,0x0000000080000388] -> 0x0C37
mem[X,0x000000008000038A] -> 0x0800
[231] [M]: 0x0000000080000388 (0x08000C37) lui s8, 0x8000
x24 <- 0x0000000008000000

mem[X,0x000000008000038C] -> 0x0C13
mem[X,0x000000008000038E] -> 0x007C
[232] [M]: 0x000000008000038C (0x007C0C13) addi s8, s8, 0x7
x24 <- 0x0000000008000007

mem[X,0x0000000080000390] -> 0x1C13
mem[X,0x0000000080000392] -> 0x00BC
[233] [M]: 0x0000000080000390 (0x00BC1C13) slli s8, s8, 0xb
x24 <- 0x0000004000003800

mem[X,0x0000000080000394] -> 0x0C13
mem[X,0x0000000080000396] -> 0x000C
[234] [M]: 0x0000000080000394 (0x000C0C13) addi s8, s8, 0x0
x24 <- 0x0000004000003800

mem[X,0x0000000080000398] -> 0x1C13
mem[X,0x000000008000039A] -> 0x00BC
[235] [M]: 0x0000000080000398 (0x00BC1C13) slli s8, s8, 0xb
x24 <- 0x0002000001C00000

mem[X,0x000000008000039C] -> 0x0C13
mem[X,0x000000008000039E] -> 0x080C
[236] [M]: 0x000000008000039C (0x080C0C13) addi s8, s8, 0x80
x24 <- 0x0002000001C00080

mem[X,0x00000000800003A0] -> 0x1C13
mem[X,0x00000000800003A2] -> 0x00AC
[237] [M]: 0x00000000800003A0 (0x00AC1C13) slli s8, s8, 0xa
x24 <- 0x0800000700020000

mem[X,0x00000000800003A4] -> 0x0C13
mem[X,0x00000000800003A6] -> 0x008C
[238] [M]: 0x00000000800003A4 (0x008C0C13) addi s8, s8, 0x8
x24 <- 0x0800000700020008

mem[X,0x00000000800003A8] -> 0x4637
mem[X,0x00000000800003AA] -> 0xDFFF
[239] [M]: 0x00000000800003A8 (0xDFFF4637) lui a2, -0x2000c
x12 <- 0xFFFFFFFFDFFF4000

mem[X,0x00000000800003AC] -> 0x0613
mem[X,0x00000000800003AE] -> 0x0006
[240] [M]: 0x00000000800003AC (0x00060613) addi a2, a2, 0x0
x12 <- 0xFFFFFFFFDFFF4000

mem[X,0x00000000800003B0] -> 0x1613
mem[X,0x00000000800003B2] -> 0x00B6
[241] [M]: 0x00000000800003B0 (0x00B61613) slli a2, a2, 0xb
x12 <- 0xFFFFFEFFFA000000

mem[X,0x00000000800003B4] -> 0x0613
mem[X,0x00000000800003B6] -> 0x0006
[242] [M]: 0x00000000800003B4 (0x00060613) addi a2, a2, 0x0
x12 <- 0xFFFFFEFFFA000000

mem[X,0x00000000800003B8] -> 0x1613
mem[X,0x00000000800003BA] -> 0x00B6
[243] [M]: 0x00000000800003B8 (0x00B61613) slli a2, a2, 0xb
x12 <- 0xFFF7FFD000000000

mem[X,0x00000000800003BC] -> 0x0613
mem[X,0x00000000800003BE] -> 0x4006
[244] [M]: 0x00000000800003BC (0x40060613) addi a2, a2, 0x400
x12 <- 0xFFF7FFD000000400

mem[X,0x00000000800003C0] -> 0x1613
mem[X,0x00000000800003C2] -> 0x00A6
[245] [M]: 0x00000000800003C0 (0x00A61613) slli a2, a2, 0xa
x12 <- 0xDFFF400000100000

mem[X,0x00000000800003C4] -> 0x0613
mem[X,0x00000000800003C6] -> 0x0026
[246] [M]: 0x00000000800003C4 (0x00260613) addi a2, a2, 0x2
x12 <- 0xDFFF400000100002

mem[X,0x00000000800003C8] -> 0x5ABB
mem[X,0x00000000800003CA] -> 0xAECC
[247] [M]: 0x00000000800003C8 (0xAECC5ABB) pm4addau.h s5, s8, a2
x21 <- 0x0003002106FAC030

mem[X,0x00000000800003CC] -> 0x3C23
mem[X,0x00000000800003CE] -> 0x0352
[248] [M]: 0x00000000800003CC (0x03523C23) sd s5, 0x38(tp)
mem[0x0000000080004150] <- 0x0003002106FAC030

mem[X,0x00000000800003D0] -> 0xF937
mem[X,0x00000000800003D2] -> 0x0002
[249] [M]: 0x00000000800003D0 (0x0002F937) lui s2, 0x2f
x18 <- 0x000000000002F000

mem[X,0x00000000800003D4] -> 0x0913
mem[X,0x00000000800003D6] -> 0x7FF9
[250] [M]: 0x00000000800003D4 (0x7FF90913) addi s2, s2, 0x7ff
x18 <- 0x000000000002F7FF

mem[X,0x00000000800003D8] -> 0x1913
mem[X,0x00000000800003DA] -> 0x00B9
[251] [M]: 0x00000000800003D8 (0x00B91913) slli s2, s2, 0xb
x18 <- 0x0000000017BFF800

mem[X,0x00000000800003DC] -> 0x0913
mem[X,0x00000000800003DE] -> 0x6FF9
[252] [M]: 0x00000000800003DC (0x6FF90913) addi s2, s2, 0x6ff
x18 <- 0x0000000017BFFEFF

mem[X,0x00000000800003E0] -> 0x1913
mem[X,0x00000000800003E2] -> 0x00B9
[253] [M]: 0x00000000800003E0 (0x00B91913) slli s2, s2, 0xb
x18 <- 0x000000BDFFF7F800

mem[X,0x00000000800003E4] -> 0x0913
mem[X,0x00000000800003E6] -> 0x7C09
[254] [M]: 0x00000000800003E4 (0x7C090913) addi s2, s2, 0x7c0
x18 <- 0x000000BDFFF7FFC0

mem[X,0x00000000800003E8] -> 0x1913
mem[X,0x00000000800003EA] -> 0x00A9
[255] [M]: 0x00000000800003E8 (0x00A91913) slli s2, s2, 0xa
x18 <- 0x0002F7FFDFFF0000

mem[X,0x00000000800003EC] -> 0x0913
mem[X,0x00000000800003EE] -> 0x0109
[256] [M]: 0x00000000800003EC (0x01090913) addi s2, s2, 0x10
x18 <- 0x0002F7FFDFFF0010

mem[X,0x00000000800003F0] -> 0x03B7
mem[X,0x00000000800003F2] -> 0xFFF8
[257] [M]: 0x00000000800003F0 (0xFFF803B7) lui t2, -0x80
x7 <- 0xFFFFFFFFFFF80000

mem[X,0x00000000800003F4] -> 0x8393
mem[X,0x00000000800003F6] -> 0xFFB3
[258] [M]: 0x00000000800003F4 (0xFFB38393) addi t2, t2, -0x5
x7 <- 0xFFFFFFFFFFF7FFFB

mem[X,0x00000000800003F8] -> 0x9393
mem[X,0x00000000800003FA] -> 0x00B3
[259] [M]: 0x00000000800003F8 (0x00B39393) slli t2, t2, 0xb
x7 <- 0xFFFFFFFFBFFFD800

mem[X,0x00000000800003FC] -> 0x8393
mem[X,0x00000000800003FE] -> 0x0003
[260] [M]: 0x00000000800003FC (0x00038393) addi t2, t2, 0x0
x7 <- 0xFFFFFFFFBFFFD800

mem[X,0x0000000080000400] -> 0x9393
mem[X,0x0000000080000402] -> 0x00B3
[261] [M]: 0x0000000080000400 (0x00B39393) slli t2, t2, 0xb
x7 <- 0xFFFFFDFFFEC00000

mem[X,0x0000000080000404] -> 0x8393
mem[X,0x0000000080000406] -> 0x4203
[262] [M]: 0x0000000080000404 (0x42038393) addi t2, t2, 0x420
x7 <- 0xFFFFFDFFFEC00420

mem[X,0x0000000080000408] -> 0x9393
mem[X,0x000000008000040A] -> 0x00A3
[263] [M]: 0x0000000080000408 (0x00A39393) slli t2, t2, 0xa
x7 <- 0xFFF7FFFB00108000

mem[X,0x000000008000040C] -> 0x5A3B
mem[X,0x000000008000040E] -> 0xAE79
[264] [M]: 0x000000008000040C (0xAE795A3B) pm4addau.h s4, s2, t2
x20 <- 0x00000008CDD2059A

mem[X,0x0000000080000410] -> 0x3023
mem[X,0x0000000080000412] -> 0x0542
[265] [M]: 0x0000000080000410 (0x05423023) sd s4, 0x40(tp)
mem[0x0000000080004158] <- 0x00000008CDD2059A

mem[X,0x0000000080000414] -> 0xCE37
mem[X,0x0000000080000416] -> 0xBFFF
[266] [M]: 0x0000000080000414 (0xBFFFCE37) lui t3, -0x40004
x28 <- 0xFFFFFFFFBFFFC000

mem[X,0x0000000080000418] -> 0x0E13
mem[X,0x000000008000041A] -> 0xFFFE
[267] [M]: 0x0000000080000418 (0xFFFE0E13) addi t3, t3, -0x1
x28 <- 0xFFFFFFFFBFFFBFFF

mem[X,0x000000008000041C] -> 0x1E13
mem[X,0x000000008000041E] -> 0x00BE
[268] [M]: 0x000000008000041C (0x00BE1E13) slli t3, t3, 0xb
x28 <- 0xFFFFFDFFFDFFF800

mem[X,0x0000000080000420] -> 0x0E13
mem[X,0x0000000080000422] -> 0x080E
[269] [M]: 0x0000000080000420 (0x080E0E13) addi t3, t3, 0x80
x28 <- 0xFFFFFDFFFDFFF880

mem[X,0x0000000080000424] -> 0x1E13
mem[X,0x0000000080000426] -> 0x00BE
[270] [M]: 0x0000000080000424 (0x00BE1E13) slli t3, t3, 0xb
x28 <- 0xFFEFFFEFFFC40000

mem[X,0x0000000080000428] -> 0x0E13
mem[X,0x000000008000042A] -> 0x000E
[271] [M]: 0x0000000080000428 (0x000E0E13) addi t3, t3, 0x0
x28 <- 0xFFEFFFEFFFC40000

mem[X,0x000000008000042C] -> 0x1E13
mem[X,0x000000008000042E] -> 0x00AE
[272] [M]: 0x000000008000042C (0x00AE1E13) slli t3, t3, 0xa
x28 <- 0xBFFFBFFF10000000

mem[X,0x0000000080000430] -> 0x0E13
mem[X,0x0000000080000432] -> 0x020E
[273] [M]: 0x0000000080000430 (0x020E0E13) addi t3, t3, 0x20
x28 <- 0xBFFFBFFF10000020

mem[X,0x0000000080000434] -> 0x0A37
mem[X,0x0000000080000436] -> 0xF000
[274] [M]: 0x0000000080000434 (0xF0000A37) lui s4, -0x10000
x20 <- 0xFFFFFFFFF0000000

mem[X,0x0000000080000438] -> 0x0A13
mem[X,0x000000008000043A] -> 0xBFFA
[275] [M]: 0x0000000080000438 (0xBFFA0A13) addi s4, s4, -0x401
x20 <- 0xFFFFFFFFEFFFFBFF

mem[X,0x000000008000043C] -> 0x1A13
mem[X,0x000000008000043E] -> 0x00BA
[276] [M]: 0x000000008000043C (0x00BA1A13) slli s4, s4, 0xb
x20 <- 0xFFFFFF7FFFDFF800

mem[X,0x0000000080000440] -> 0x0A13
mem[X,0x0000000080000442] -> 0x1FFA
[277] [M]: 0x0000000080000440 (0x1FFA0A13) addi s4, s4, 0x1ff
x20 <- 0xFFFFFF7FFFDFF9FF

mem[X,0x0000000080000444] -> 0x1A13
mem[X,0x0000000080000446] -> 0x00BA
[278] [M]: 0x0000000080000444 (0x00BA1A13) slli s4, s4, 0xb
x20 <- 0xFFFBFFFEFFCFF800

mem[X,0x0000000080000448] -> 0x0A13
mem[X,0x000000008000044A] -> 0x7C0A
[279] [M]: 0x0000000080000448 (0x7C0A0A13) addi s4, s4, 0x7c0
x20 <- 0xFFFBFFFEFFCFFFC0

mem[X,0x000000008000044C] -> 0x1A13
mem[X,0x000000008000044E] -> 0x00AA
[280] [M]: 0x000000008000044C (0x00AA1A13) slli s4, s4, 0xa
x20 <- 0xEFFFFBFF3FFF0000

mem[X,0x0000000080000450] -> 0x0A13
mem[X,0x0000000080000452] -> 0x020A
[281] [M]: 0x0000000080000450 (0x020A0A13) addi s4, s4, 0x20
x20 <- 0xEFFFFBFF3FFF0020

mem[X,0x0000000080000454] -> 0x54BB
mem[X,0x0000000080000456] -> 0xAF4E
[282] [M]: 0x0000000080000454 (0xAF4E54BB) pm4addau.h s1, t3, s4
x9 <- 0x0000000174FC8900

mem[X,0x0000000080000458] -> 0x3423
mem[X,0x000000008000045A] -> 0x0492
[283] [M]: 0x0000000080000458 (0x04923423) sd s1, 0x48(tp)
mem[0x0000000080004160] <- 0x0000000174FC8900

mem[X,0x000000008000045C] -> 0x89B7
mem[X,0x000000008000045E] -> 0xFFF8
[284] [M]: 0x000000008000045C (0xFFF889B7) lui s3, -0x78
x19 <- 0xFFFFFFFFFFF88000

mem[X,0x0000000080000460] -> 0x8993
mem[X,0x0000000080000462] -> 0x0009
[285] [M]: 0x0000000080000460 (0x00098993) addi s3, s3, 0x0
x19 <- 0xFFFFFFFFFFF88000

mem[X,0x0000000080000464] -> 0x9993
mem[X,0x0000000080000466] -> 0x00B9
[286] [M]: 0x0000000080000464 (0x00B99993) slli s3, s3, 0xb
x19 <- 0xFFFFFFFFC4000000

mem[X,0x0000000080000468] -> 0x8993
mem[X,0x000000008000046A] -> 0x7FF9
[287] [M]: 0x0000000080000468 (0x7FF98993) addi s3, s3, 0x7ff
x19 <- 0xFFFFFFFFC40007FF

mem[X,0x000000008000046C] -> 0x9993
mem[X,0x000000008000046E] -> 0x00B9
[288] [M]: 0x000000008000046C (0x00B99993) slli s3, s3, 0xb
x19 <- 0xFFFFFE20003FF800

mem[X,0x0000000080000470] -> 0x8993
mem[X,0x0000000080000472] -> 0x5C09
[289] [M]: 0x0000000080000470 (0x5C098993) addi s3, s3, 0x5c0
x19 <- 0xFFFFFE20003FFDC0

mem[X,0x0000000080000474] -> 0x9993
mem[X,0x0000000080000476] -> 0x00A9
[290] [M]: 0x0000000080000474 (0x00A99993) slli s3, s3, 0xa
x19 <- 0xFFF88000FFF70000

mem[X,0x0000000080000478] -> 0x8993
mem[X,0x000000008000047A] -> 0x0409
[291] [M]: 0x0000000080000478 (0x04098993) addi s3, s3, 0x40
x19 <- 0xFFF88000FFF70040

mem[X,0x000000008000047C] -> 0x00B7
mem[X,0x000000008000047E] -> 0x0009
[292] [M]: 0x000000008000047C (0x000900B7) lui ra, 0x90
x1 <- 0x0000000000090000

mem[X,0x0000000080000480] -> 0x8093
mem[X,0x0000000080000482] -> 0x0050
[293] [M]: 0x0000000080000480 (0x00508093) addi ra, ra, 0x5
x1 <- 0x0000000000090005

mem[X,0x0000000080000484] -> 0x9093
mem[X,0x0000000080000486] -> 0x00B0
[294] [M]: 0x0000000080000484 (0x00B09093) slli ra, ra, 0xb
x1 <- 0x0000000048002800

mem[X,0x0000000080000488] -> 0x8093
mem[X,0x000000008000048A] -> 0x7FF0
[295] [M]: 0x0000000080000488 (0x7FF08093) addi ra, ra, 0x7ff
x1 <- 0x0000000048002FFF

mem[X,0x000000008000048C] -> 0x9093
mem[X,0x000000008000048E] -> 0x00B0
[296] [M]: 0x000000008000048C (0x00B09093) slli ra, ra, 0xb
x1 <- 0x00000240017FF800

mem[X,0x0000000080000490] -> 0x8093
mem[X,0x0000000080000492] -> 0x6000
[297] [M]: 0x0000000080000490 (0x60008093) addi ra, ra, 0x600
x1 <- 0x00000240017FFE00

mem[X,0x0000000080000494] -> 0x9093
mem[X,0x0000000080000496] -> 0x00A0
[298] [M]: 0x0000000080000494 (0x00A09093) slli ra, ra, 0xa
x1 <- 0x00090005FFF80000

mem[X,0x0000000080000498] -> 0x8093
mem[X,0x000000008000049A] -> 0x0800
[299] [M]: 0x0000000080000498 (0x08008093) addi ra, ra, 0x80
x1 <- 0x00090005FFF80080

clint::tick mtime <- 0x0000000000000003
 clint timer pending at mtime 0x0000000000000003
htif::tick 0x0000000000000000
mem[X,0x000000008000049C] -> 0xD5BB
mem[X,0x000000008000049E] -> 0xAE19
[300] [M]: 0x000000008000049C (0xAE19D5BB) pm4addau.h a1, s3, ra
x11 <- 0x00000000FFFAA000

mem[X,0x00000000800004A0] -> 0x3823
mem[X,0x00000000800004A2] -> 0x04B2
[301] [M]: 0x00000000800004A0 (0x04B23823) sd a1, 0x50(tp)
mem[0x0000000080004168] <- 0x00000000FFFAA000

mem[X,0x00000000800004A4] -> 0x0B37
mem[X,0x00000000800004A6] -> 0xFFFC
[302] [M]: 0x00000000800004A4 (0xFFFC0B37) lui s6, -0x40
x22 <- 0xFFFFFFFFFFFC0000

mem[X,0x00000000800004A8] -> 0x0B13
mem[X,0x00000000800004AA] -> 0xFFBB
[303] [M]: 0x00000000800004A8 (0xFFBB0B13) addi s6, s6, -0x5
x22 <- 0xFFFFFFFFFFFBFFFB

mem[X,0x00000000800004AC] -> 0x1B13
mem[X,0x00000000800004AE] -> 0x00BB
[304] [M]: 0x00000000800004AC (0x00BB1B13) slli s6, s6, 0xb
x22 <- 0xFFFFFFFFDFFFD800

mem[X,0x00000000800004B0] -> 0x0B13
mem[X,0x00000000800004B2] -> 0x020B
[305] [M]: 0x00000000800004B0 (0x020B0B13) addi s6, s6, 0x20
x22 <- 0xFFFFFFFFDFFFD820

mem[X,0x00000000800004B4] -> 0x1B13
mem[X,0x00000000800004B6] -> 0x00BB
[306] [M]: 0x00000000800004B4 (0x00BB1B13) slli s6, s6, 0xb
x22 <- 0xFFFFFEFFFEC10000

mem[X,0x00000000800004B8] -> 0x0B13
mem[X,0x00000000800004BA] -> 0x000B
[307] [M]: 0x00000000800004B8 (0x000B0B13) addi s6, s6, 0x0
x22 <- 0xFFFFFEFFFEC10000

mem[X,0x00000000800004BC] -> 0x1B13
mem[X,0x00000000800004BE] -> 0x00AB
[308] [M]: 0x00000000800004BC (0x00AB1B13) slli s6, s6, 0xa
x22 <- 0xFFFBFFFB04000000

mem[X,0x00000000800004C0] -> 0x0B13
mem[X,0x00000000800004C2] -> 0x080B
[309] [M]: 0x00000000800004C0 (0x080B0B13) addi s6, s6, 0x80
x22 <- 0xFFFBFFFB04000080

mem[X,0x00000000800004C4] -> 0x02B7
mem[X,0x00000000800004C6] -> 0xFF7F
[310] [M]: 0x00000000800004C4 (0xFF7F02B7) lui t0, -0x810
x5 <- 0xFFFFFFFFFF7F0000

mem[X,0x00000000800004C8] -> 0x8293
mem[X,0x00000000800004CA] -> 0x0402
[311] [M]: 0x00000000800004C8 (0x04028293) addi t0, t0, 0x40
x5 <- 0xFFFFFFFFFF7F0040

mem[X,0x00000000800004CC] -> 0x9293
mem[X,0x00000000800004CE] -> 0x00B2
[312] [M]: 0x00000000800004CC (0x00B29293) slli t0, t0, 0xb
x5 <- 0xFFFFFFFBF8020000

mem[X,0x00000000800004D0] -> 0x8293
mem[X,0x00000000800004D2] -> 0x6002
[313] [M]: 0x00000000800004D0 (0x60028293) addi t0, t0, 0x600
x5 <- 0xFFFFFFFBF8020600

mem[X,0x00000000800004D4] -> 0x9293
mem[X,0x00000000800004D6] -> 0x00B2
[314] [M]: 0x00000000800004D4 (0x00B29293) slli t0, t0, 0xb
x5 <- 0xFFFFDFC010300000

mem[X,0x00000000800004D8] -> 0x8293
mem[X,0x00000000800004DA] -> 0x03F2
[315] [M]: 0x00000000800004D8 (0x03F28293) addi t0, t0, 0x3f
x5 <- 0xFFFFDFC01030003F

mem[X,0x00000000800004DC] -> 0x9293
mem[X,0x00000000800004DE] -> 0x00A2
[316] [M]: 0x00000000800004DC (0x00A29293) slli t0, t0, 0xa
x5 <- 0xFF7F0040C000FC00

mem[X,0x00000000800004E0] -> 0x8293
mem[X,0x00000000800004E2] -> 0x3F92
[317] [M]: 0x00000000800004E0 (0x3F928293) addi t0, t0, 0x3f9
x5 <- 0xFF7F0040C000FFF9

mem[X,0x00000000800004E4] -> 0x53BB
mem[X,0x00000000800004E6] -> 0xAE5B
[318] [M]: 0x00000000800004E4 (0xAE5B53BB) pm4addau.h t2, s6, t0
x7 <- 0xFFF7FFFC034A7DC5

mem[X,0x00000000800004E8] -> 0x3C23
mem[X,0x00000000800004EA] -> 0x0472
[319] [M]: 0x00000000800004E8 (0x04723C23) sd t2, 0x58(tp)
mem[0x0000000080004170] <- 0xFFF7FFFC034A7DC5

mem[X,0x00000000800004EC] -> 0x07B7
mem[X,0x00000000800004EE] -> 0x0800
[320] [M]: 0x00000000800004EC (0x080007B7) lui a5, 0x8000
x15 <- 0x0000000008000000

mem[X,0x00000000800004F0] -> 0x8793
mem[X,0x00000000800004F2] -> 0x0107
[321] [M]: 0x00000000800004F0 (0x01078793) addi a5, a5, 0x10
x15 <- 0x0000000008000010

mem[X,0x00000000800004F4] -> 0x9793
mem[X,0x00000000800004F6] -> 0x00B7
[322] [M]: 0x00000000800004F4 (0x00B79793) slli a5, a5, 0xb
x15 <- 0x0000004000008000

mem[X,0x00000000800004F8] -> 0x8793
mem[X,0x00000000800004FA] -> 0x0207
[323] [M]: 0x00000000800004F8 (0x02078793) addi a5, a5, 0x20
x15 <- 0x0000004000008020

mem[X,0x00000000800004FC] -> 0x9793
mem[X,0x00000000800004FE] -> 0x00B7
[324] [M]: 0x00000000800004FC (0x00B79793) slli a5, a5, 0xb
x15 <- 0x0002000004010000

mem[X,0x0000000080000500] -> 0x8793
mem[X,0x0000000080000502] -> 0x0007
[325] [M]: 0x0000000080000500 (0x00078793) addi a5, a5, 0x0
x15 <- 0x0002000004010000

mem[X,0x0000000080000504] -> 0x9793
mem[X,0x0000000080000506] -> 0x00A7
[326] [M]: 0x0000000080000504 (0x00A79793) slli a5, a5, 0xa
x15 <- 0x0800001004000000

mem[X,0x0000000080000508] -> 0x8793
mem[X,0x000000008000050A] -> 0x1007
[327] [M]: 0x0000000080000508 (0x10078793) addi a5, a5, 0x100
x15 <- 0x0800001004000100

mem[X,0x000000008000050C] -> 0x01B7
mem[X,0x000000008000050E] -> 0x0021
[328] [M]: 0x000000008000050C (0x002101B7) lui gp, 0x210
x3 <- 0x0000000000210000

mem[X,0x0000000080000510] -> 0x8193
mem[X,0x0000000080000512] -> 0xFFC1
[329] [M]: 0x0000000080000510 (0xFFC18193) addi gp, gp, -0x4
x3 <- 0x000000000020FFFC

mem[X,0x0000000080000514] -> 0x9193
mem[X,0x0000000080000516] -> 0x00B1
[330] [M]: 0x0000000080000514 (0x00B19193) slli gp, gp, 0xb
x3 <- 0x0000000107FFE000

mem[X,0x0000000080000518] -> 0x8193
mem[X,0x000000008000051A] -> 0x0001
[331] [M]: 0x0000000080000518 (0x00018193) addi gp, gp, 0x0
x3 <- 0x0000000107FFE000

mem[X,0x000000008000051C] -> 0x9193
mem[X,0x000000008000051E] -> 0x00B1
[332] [M]: 0x000000008000051C (0x00B19193) slli gp, gp, 0xb
x3 <- 0x0000083FFF000000

mem[X,0x0000000080000520] -> 0x8193
mem[X,0x0000000080000522] -> 0x0901
[333] [M]: 0x0000000080000520 (0x09018193) addi gp, gp, 0x90
x3 <- 0x0000083FFF000090

mem[X,0x0000000080000524] -> 0x9193
mem[X,0x0000000080000526] -> 0x00A1
[334] [M]: 0x0000000080000524 (0x00A19193) slli gp, gp, 0xa
x3 <- 0x0020FFFC00024000

mem[X,0x0000000080000528] -> 0xDB3B
mem[X,0x000000008000052A] -> 0xAE37
[335] [M]: 0x0000000080000528 (0xAE37DB3B) pm4addau.h s6, a5, gp
x22 <- 0xFFFBFFFB04510840

mem[X,0x000000008000052C] -> 0x3023
mem[X,0x000000008000052E] -> 0x0762
[336] [M]: 0x000000008000052C (0x07623023) sd s6, 0x60(tp)
mem[0x0000000080004178] <- 0xFFFBFFFB04510840

mem[X,0x0000000080000530] -> 0x0BB7
mem[X,0x0000000080000532] -> 0xFFFD
[337] [M]: 0x0000000080000530 (0xFFFD0BB7) lui s7, -0x30
x23 <- 0xFFFFFFFFFFFD0000

mem[X,0x0000000080000534] -> 0x8B93
mem[X,0x0000000080000536] -> 0xFFEB
[338] [M]: 0x0000000080000534 (0xFFEB8B93) addi s7, s7, -0x2
x23 <- 0xFFFFFFFFFFFCFFFE

mem[X,0x0000000080000538] -> 0x9B93
mem[X,0x000000008000053A] -> 0x00BB
[339] [M]: 0x0000000080000538 (0x00BB9B93) slli s7, s7, 0xb
x23 <- 0xFFFFFFFFE7FFF000

mem[X,0x000000008000053C] -> 0x8B93
mem[X,0x000000008000053E] -> 0x7F7B
[340] [M]: 0x000000008000053C (0x7F7B8B93) addi s7, s7, 0x7f7
x23 <- 0xFFFFFFFFE7FFF7F7

mem[X,0x0000000080000540] -> 0x9B93
mem[X,0x0000000080000542] -> 0x00BB
[341] [M]: 0x0000000080000540 (0x00BB9B93) slli s7, s7, 0xb
x23 <- 0xFFFFFF3FFFBFB800

mem[X,0x0000000080000544] -> 0x8B93
mem[X,0x0000000080000546] -> 0x7C0B
[342] [M]: 0x0000000080000544 (0x7C0B8B93) addi s7, s7, 0x7c0
x23 <- 0xFFFFFF3FFFBFBFC0

mem[X,0x0000000080000548] -> 0x9B93
mem[X,0x000000008000054A] -> 0x00AB
[343] [M]: 0x0000000080000548 (0x00AB9B93) slli s7, s7, 0xa
x23 <- 0xFFFCFFFEFEFF0000

mem[X,0x000000008000054C] -> 0x8B93
mem[X,0x000000008000054E] -> 0x200B
[344] [M]: 0x000000008000054C (0x200B8B93) addi s7, s7, 0x200
x23 <- 0xFFFCFFFEFEFF0200

mem[X,0x0000000080000550] -> 0x0537
mem[X,0x0000000080000552] -> 0xFFE0
[345] [M]: 0x0000000080000550 (0xFFE00537) lui a0, -0x200
x10 <- 0xFFFFFFFFFFE00000

mem[X,0x0000000080000554] -> 0x0513
mem[X,0x0000000080000556] -> 0xFF75
[346] [M]: 0x0000000080000554 (0xFF750513) addi a0, a0, -0x9
x10 <- 0xFFFFFFFFFFDFFFF7

mem[X,0x0000000080000558] -> 0x1513
mem[X,0x000000008000055A] -> 0x00B5
[347] [M]: 0x0000000080000558 (0x00B51513) slli a0, a0, 0xb
x10 <- 0xFFFFFFFEFFFFB800

mem[X,0x000000008000055C] -> 0x0513
mem[X,0x000000008000055E] -> 0x0005
[348] [M]: 0x000000008000055C (0x00050513) addi a0, a0, 0x0
x10 <- 0xFFFFFFFEFFFFB800

mem[X,0x0000000080000560] -> 0x1513
mem[X,0x0000000080000562] -> 0x00B5
[349] [M]: 0x0000000080000560 (0x00B51513) slli a0, a0, 0xb
x10 <- 0xFFFFF7FFFDC00000

mem[X,0x0000000080000564] -> 0x0513
mem[X,0x0000000080000566] -> 0x0805
[350] [M]: 0x0000000080000564 (0x08050513) addi a0, a0, 0x80
x10 <- 0xFFFFF7FFFDC00080

mem[X,0x0000000080000568] -> 0x1513
mem[X,0x000000008000056A] -> 0x00A5
[351] [M]: 0x0000000080000568 (0x00A51513) slli a0, a0, 0xa
x10 <- 0xFFDFFFF700020000

mem[X,0x000000008000056C] -> 0x0513
mem[X,0x000000008000056E] -> 0x0035
[352] [M]: 0x000000008000056C (0x00350513) addi a0, a0, 0x3
x10 <- 0xFFDFFFF700020003

mem[X,0x0000000080000570] -> 0xDC3B
mem[X,0x0000000080000572] -> 0xAEAB
[353] [M]: 0x0000000080000570 (0xAEABDC3B) pm4addau.h s8, s7, a0
x24 <- 0x08000008FFD4049C

mem[X,0x0000000080000574] -> 0x3423
mem[X,0x0000000080000576] -> 0x0782
[354] [M]: 0x0000000080000574 (0x07823423) sd s8, 0x68(tp)
mem[0x0000000080004180] <- 0x08000008FFD4049C

mem[X,0x0000000080000578] -> 0x0013
mem[X,0x000000008000057A] -> 0x0000
[355] [M]: 0x0000000080000578 (0x00000013) addi zero, zero, 0x0

mem[X,0x000000008000057C] -> 0x0013
mem[X,0x000000008000057E] -> 0x0000
[356] [M]: 0x000000008000057C (0x00000013) addi zero, zero, 0x0

mem[X,0x0000000080000580] -> 0x4097
mem[X,0x0000000080000582] -> 0x0000
[357] [M]: 0x0000000080000580 (0x00004097) auipc ra, 0x4
x1 <- 0x0000000080004580

mem[X,0x0000000080000584] -> 0x8093
mem[X,0x0000000080000586] -> 0xC080
[358] [M]: 0x0000000080000584 (0xC0808093) addi ra, ra, -0x3f8
x1 <- 0x0000000080004188

mem[X,0x0000000080000588] -> 0x0013
mem[X,0x000000008000058A] -> 0x0000
[359] [M]: 0x0000000080000588 (0x00000013) addi zero, zero, 0x0

mem[X,0x000000008000058C] -> 0x0013
mem[X,0x000000008000058E] -> 0x0000
[360] [M]: 0x000000008000058C (0x00000013) addi zero, zero, 0x0

mem[X,0x0000000080000590] -> 0x0013
mem[X,0x0000000080000592] -> 0x0000
[361] [M]: 0x0000000080000590 (0x00000013) addi zero, zero, 0x0

mem[X,0x0000000080000594] -> 0x0013
mem[X,0x0000000080000596] -> 0x0000
[362] [M]: 0x0000000080000594 (0x00000013) addi zero, zero, 0x0

mem[X,0x0000000080000598] -> 0x0013
mem[X,0x000000008000059A] -> 0x0000
[363] [M]: 0x0000000080000598 (0x00000013) addi zero, zero, 0x0

mem[X,0x000000008000059C] -> 0x0013
mem[X,0x000000008000059E] -> 0x0000
[364] [M]: 0x000000008000059C (0x00000013) addi zero, zero, 0x0

mem[X,0x00000000800005A0] -> 0x4EB7
mem[X,0x00000000800005A2] -> 0xFFFE
[365] [M]: 0x00000000800005A0 (0xFFFE4EB7) lui t4, -0x1c
x29 <- 0xFFFFFFFFFFFE4000

mem[X,0x00000000800005A4] -> 0x8E93
mem[X,0x00000000800005A6] -> 0x000E
[366] [M]: 0x00000000800005A4 (0x000E8E93) addi t4, t4, 0x0
x29 <- 0xFFFFFFFFFFFE4000

mem[X,0x00000000800005A8] -> 0x9E93
mem[X,0x00000000800005AA] -> 0x00BE
[367] [M]: 0x00000000800005A8 (0x00BE9E93) slli t4, t4, 0xb
x29 <- 0xFFFFFFFFF2000000

mem[X,0x00000000800005AC] -> 0x8E93
mem[X,0x00000000800005AE] -> 0x77FE
[368] [M]: 0x00000000800005AC (0x77FE8E93) addi t4, t4, 0x77f
x29 <- 0xFFFFFFFFF200077F

mem[X,0x00000000800005B0] -> 0x9E93
mem[X,0x00000000800005B2] -> 0x00BE
[369] [M]: 0x00000000800005B0 (0x00BE9E93) slli t4, t4, 0xb
x29 <- 0xFFFFFF90003BF800

mem[X,0x00000000800005B4] -> 0x8E93
mem[X,0x00000000800005B6] -> 0x7C1E
[370] [M]: 0x00000000800005B4 (0x7C1E8E93) addi t4, t4, 0x7c1
x29 <- 0xFFFFFF90003BFFC1

mem[X,0x00000000800005B8] -> 0x9E93
mem[X,0x00000000800005BA] -> 0x00AE
[371] [M]: 0x00000000800005B8 (0x00AE9E93) slli t4, t4, 0xa
x29 <- 0xFFFE4000EFFF0400

mem[X,0x00000000800005BC] -> 0x2337
mem[X,0x00000000800005BE] -> 0xFFF8
[372] [M]: 0x00000000800005BC (0xFFF82337) lui t1, -0x7e
x6 <- 0xFFFFFFFFFFF82000

mem[X,0x00000000800005C0] -> 0x0313
mem[X,0x00000000800005C2] -> 0x0003
[373] [M]: 0x00000000800005C0 (0x00030313) addi t1, t1, 0x0
x6 <- 0xFFFFFFFFFFF82000

mem[X,0x00000000800005C4] -> 0x1313
mem[X,0x00000000800005C6] -> 0x00B3
[374] [M]: 0x00000000800005C4 (0x00B31313) slli t1, t1, 0xb
x6 <- 0xFFFFFFFFC1000000

mem[X,0x00000000800005C8] -> 0x0313
mem[X,0x00000000800005CA] -> 0x7FF3
[375] [M]: 0x00000000800005C8 (0x7FF30313) addi t1, t1, 0x7ff
x6 <- 0xFFFFFFFFC10007FF

mem[X,0x00000000800005CC] -> 0x1313
mem[X,0x00000000800005CE] -> 0x00B3
[376] [M]: 0x00000000800005CC (0x00B31313) slli t1, t1, 0xb
x6 <- 0xFFFFFE08003FF800

mem[X,0x00000000800005D0] -> 0x0313
mem[X,0x00000000800005D2] -> 0x7EA3
[377] [M]: 0x00000000800005D0 (0x7EA30313) addi t1, t1, 0x7ea
x6 <- 0xFFFFFE08003FFFEA

mem[X,0x00000000800005D4] -> 0x1313
mem[X,0x00000000800005D6] -> 0x00A3
[378] [M]: 0x00000000800005D4 (0x00A31313) slli t1, t1, 0xa
x6 <- 0xFFF82000FFFFA800

mem[X,0x00000000800005D8] -> 0x0313
mem[X,0x00000000800005DA] -> 0x2AA3
[379] [M]: 0x00000000800005D8 (0x2AA30313) addi t1, t1, 0x2aa
x6 <- 0xFFF82000FFFFAAAA

mem[X,0x00000000800005DC] -> 0xD9BB
mem[X,0x00000000800005DE] -> 0xAE6E
[380] [M]: 0x00000000800005DC (0xAE6ED9BB) pm4addau.h s3, t4, t1
x19 <- 0xFFF88002FA95B851

mem[X,0x00000000800005E0] -> 0xB023
mem[X,0x00000000800005E2] -> 0x0130
[381] [M]: 0x00000000800005E0 (0x0130B023) sd s3, 0x0(ra)
mem[0x0000000080004188] <- 0xFFF88002FA95B851

mem[X,0x00000000800005E4] -> 0x1037
mem[X,0x00000000800005E6] -> 0x0800
[382] [M]: 0x00000000800005E4 (0x08001037) lui zero, 0x8001

mem[X,0x00000000800005E8] -> 0x0013
mem[X,0x00000000800005EA] -> 0x0000
[383] [M]: 0x00000000800005E8 (0x00000013) addi zero, zero, 0x0

mem[X,0x00000000800005EC] -> 0x1013
mem[X,0x00000000800005EE] -> 0x00B0
[384] [M]: 0x00000000800005EC (0x00B01013) slli zero, zero, 0xb

mem[X,0x00000000800005F0] -> 0x0013
mem[X,0x00000000800005F2] -> 0x0000
[385] [M]: 0x00000000800005F0 (0x00000013) addi zero, zero, 0x0

mem[X,0x00000000800005F4] -> 0x1013
mem[X,0x00000000800005F6] -> 0x00B0
[386] [M]: 0x00000000800005F4 (0x00B01013) slli zero, zero, 0xb

mem[X,0x00000000800005F8] -> 0x0013
mem[X,0x00000000800005FA] -> 0x1420
[387] [M]: 0x00000000800005F8 (0x14200013) addi zero, zero, 0x142

mem[X,0x00000000800005FC] -> 0x1013
mem[X,0x00000000800005FE] -> 0x00A0
[388] [M]: 0x00000000800005FC (0x00A01013) slli zero, zero, 0xa

mem[X,0x0000000080000600] -> 0x0B37
mem[X,0x0000000080000602] -> 0x0011
[389] [M]: 0x0000000080000600 (0x00110B37) lui s6, 0x110
x22 <- 0x0000000000110000

mem[X,0x0000000080000604] -> 0x0B13
mem[X,0x0000000080000606] -> 0xFFBB
[390] [M]: 0x0000000080000604 (0xFFBB0B13) addi s6, s6, -0x5
x22 <- 0x000000000010FFFB

mem[X,0x0000000080000608] -> 0x1B13
mem[X,0x000000008000060A] -> 0x00BB
[391] [M]: 0x0000000080000608 (0x00BB1B13) slli s6, s6, 0xb
x22 <- 0x0000000087FFD800

mem[X,0x000000008000060C] -> 0x0B13
mem[X,0x000000008000060E] -> 0x000B
[392] [M]: 0x000000008000060C (0x000B0B13) addi s6, s6, 0x0
x22 <- 0x0000000087FFD800

mem[X,0x0000000080000610] -> 0x1B13
mem[X,0x0000000080000612] -> 0x00BB
[393] [M]: 0x0000000080000610 (0x00BB1B13) slli s6, s6, 0xb
x22 <- 0x0000043FFEC00000

mem[X,0x0000000080000614] -> 0x0B13
mem[X,0x0000000080000616] -> 0x03FB
[394] [M]: 0x0000000080000614 (0x03FB0B13) addi s6, s6, 0x3f
x22 <- 0x0000043FFEC0003F

mem[X,0x0000000080000618] -> 0x1B13
mem[X,0x000000008000061A] -> 0x00AB
[395] [M]: 0x0000000080000618 (0x00AB1B13) slli s6, s6, 0xa
x22 <- 0x0010FFFB0000FC00

mem[X,0x000000008000061C] -> 0x0B13
mem[X,0x000000008000061E] -> 0x1FFB
[396] [M]: 0x000000008000061C (0x1FFB0B13) addi s6, s6, 0x1ff
x22 <- 0x0010FFFB0000FDFF

mem[X,0x0000000080000620] -> 0x563B
mem[X,0x0000000080000622] -> 0xAF60
[397] [M]: 0x0000000080000620 (0xAF60563B) pm4addau.h a2, zero, s6
x12 <- 0xDFFF400000100002

mem[X,0x0000000080000624] -> 0xB423
mem[X,0x0000000080000626] -> 0x00C0
[398] [M]: 0x0000000080000624 (0x00C0B423) sd a2, 0x8(ra)
mem[0x0000000080004190] <- 0xDFFF400000100002

mem[X,0x0000000080000628] -> 0x08B7
mem[X,0x000000008000062A] -> 0xE000
[399] [M]: 0x0000000080000628 (0xE00008B7) lui a7, -0x20000
x17 <- 0xFFFFFFFFE0000000

clint::tick mtime <- 0x0000000000000004
 clint timer pending at mtime 0x0000000000000004
htif::tick 0x0000000000000000
mem[X,0x000000008000062C] -> 0x8893
mem[X,0x000000008000062E] -> 0xFFC8
[400] [M]: 0x000000008000062C (0xFFC88893) addi a7, a7, -0x4
x17 <- 0xFFFFFFFFDFFFFFFC

mem[X,0x0000000080000630] -> 0x9893
mem[X,0x0000000080000632] -> 0x00B8
[401] [M]: 0x0000000080000630 (0x00B89893) slli a7, a7, 0xb
x17 <- 0xFFFFFEFFFFFFE000

mem[X,0x0000000080000634] -> 0x8893
mem[X,0x0000000080000636] -> 0x2AA8
[402] [M]: 0x0000000080000634 (0x2AA88893) addi a7, a7, 0x2aa
x17 <- 0xFFFFFEFFFFFFE2AA

mem[X,0x0000000080000638] -> 0x9893
mem[X,0x000000008000063A] -> 0x00B8
[403] [M]: 0x0000000080000638 (0x00B89893) slli a7, a7, 0xb
x17 <- 0xFFF7FFFFFF155000

mem[X,0x000000008000063C] -> 0x8893
mem[X,0x000000008000063E] -> 0x5448
[404] [M]: 0x000000008000063C (0x54488893) addi a7, a7, 0x544
x17 <- 0xFFF7FFFFFF155544

mem[X,0x0000000080000640] -> 0x9893
mem[X,0x0000000080000642] -> 0x00A8
[405] [M]: 0x0000000080000640 (0x00A89893) slli a7, a7, 0xa
x17 <- 0xDFFFFFFC55551000

mem[X,0x0000000080000644] -> 0x05B7
mem[X,0x0000000080000646] -> 0x0003
[406] [M]: 0x0000000080000644 (0x000305B7) lui a1, 0x30
x11 <- 0x0000000000030000

mem[X,0x0000000080000648] -> 0x8593
mem[X,0x000000008000064A] -> 0xFBF5
[407] [M]: 0x0000000080000648 (0xFBF58593) addi a1, a1, -0x41
x11 <- 0x000000000002FFBF

mem[X,0x000000008000064C] -> 0x9593
mem[X,0x000000008000064E] -> 0x00B5
[408] [M]: 0x000000008000064C (0x00B59593) slli a1, a1, 0xb
x11 <- 0x0000000017FDF800

mem[X,0x0000000080000650] -> 0x8593
mem[X,0x0000000080000652] -> 0x0405
[409] [M]: 0x0000000080000650 (0x04058593) addi a1, a1, 0x40
x11 <- 0x0000000017FDF840

mem[X,0x0000000080000654] -> 0x9593
mem[X,0x0000000080000656] -> 0x00B5
[410] [M]: 0x0000000080000654 (0x00B59593) slli a1, a1, 0xb
x11 <- 0x000000BFEFC20000

mem[X,0x0000000080000658] -> 0x8593
mem[X,0x000000008000065A] -> 0x0005
[411] [M]: 0x0000000080000658 (0x00058593) addi a1, a1, 0x0
x11 <- 0x000000BFEFC20000

mem[X,0x000000008000065C] -> 0x9593
mem[X,0x000000008000065E] -> 0x00A5
[412] [M]: 0x000000008000065C (0x00A59593) slli a1, a1, 0xa
x11 <- 0x0002FFBF08000000

mem[X,0x0000000080000660] -> 0x8593
mem[X,0x0000000080000662] -> 0x0045
[413] [M]: 0x0000000080000660 (0x00458593) addi a1, a1, 0x4
x11 <- 0x0002FFBF08000004

mem[X,0x0000000080000664] -> 0xDDBB
mem[X,0x0000000080000666] -> 0xAEB8
[414] [M]: 0x0000000080000664 (0xAEB8DDBB) pm4addau.h s11, a7, a1
x27 <- 0x000000010267A902

mem[X,0x0000000080000668] -> 0xB823
mem[X,0x000000008000066A] -> 0x01B0
[415] [M]: 0x0000000080000668 (0x01B0B823) sd s11, 0x10(ra)
mem[0x0000000080004198] <- 0x000000010267A902

mem[X,0x000000008000066C] -> 0x0DB7
mem[X,0x000000008000066E] -> 0x0003
[416] [M]: 0x000000008000066C (0x00030DB7) lui s11, 0x30
x27 <- 0x0000000000030000

mem[X,0x0000000080000670] -> 0x8D93
mem[X,0x0000000080000672] -> 0xFFED
[417] [M]: 0x0000000080000670 (0xFFED8D93) addi s11, s11, -0x2
x27 <- 0x000000000002FFFE

mem[X,0x0000000080000674] -> 0x9D93
mem[X,0x0000000080000676] -> 0x00BD
[418] [M]: 0x0000000080000674 (0x00BD9D93) slli s11, s11, 0xb
x27 <- 0x0000000017FFF000

mem[X,0x0000000080000678] -> 0x8D93
mem[X,0x000000008000067A] -> 0x7FFD
[419] [M]: 0x0000000080000678 (0x7FFD8D93) addi s11, s11, 0x7ff
x27 <- 0x0000000017FFF7FF

mem[X,0x000000008000067C] -> 0x9D93
mem[X,0x000000008000067E] -> 0x00BD
[420] [M]: 0x000000008000067C (0x00BD9D93) slli s11, s11, 0xb
x27 <- 0x000000BFFFBFF800

mem[X,0x0000000080000680] -> 0x8D93
mem[X,0x0000000080000682] -> 0x6C8D
[421] [M]: 0x0000000080000680 (0x6C8D8D93) addi s11, s11, 0x6c8
x27 <- 0x000000BFFFBFFEC8

mem[X,0x0000000080000684] -> 0x9D93
mem[X,0x0000000080000686] -> 0x00AD
[422] [M]: 0x0000000080000684 (0x00AD9D93) slli s11, s11, 0xa
x27 <- 0x0002FFFEFFFB2000

mem[X,0x0000000080000688] -> 0xE437
mem[X,0x000000008000068A] -> 0xFFFA
[423] [M]: 0x0000000080000688 (0xFFFAE437) lui fp, -0x52
x8 <- 0xFFFFFFFFFFFAE000

mem[X,0x000000008000068C] -> 0x0413
mem[X,0x000000008000068E] -> 0xFFF4
[424] [M]: 0x000000008000068C (0xFFF40413) addi fp, fp, -0x1
x8 <- 0xFFFFFFFFFFFADFFF

mem[X,0x0000000080000690] -> 0x1413
mem[X,0x0000000080000692] -> 0x00B4
[425] [M]: 0x0000000080000690 (0x00B41413) slli fp, fp, 0xb
x8 <- 0xFFFFFFFFD6FFF800

mem[X,0x0000000080000694] -> 0x0413
mem[X,0x0000000080000696] -> 0x7FF4
[426] [M]: 0x0000000080000694 (0x7FF40413) addi fp, fp, 0x7ff
x8 <- 0xFFFFFFFFD6FFFFFF

mem[X,0x0000000080000698] -> 0x1413
mem[X,0x000000008000069A] -> 0x00B4
[427] [M]: 0x0000000080000698 (0x00B41413) slli fp, fp, 0xb
x8 <- 0xFFFFFEB7FFFFF800

mem[X,0x000000008000069C] -> 0x0413
mem[X,0x000000008000069E] -> 0x6004
[428] [M]: 0x000000008000069C (0x60040413) addi fp, fp, 0x600
x8 <- 0xFFFFFEB7FFFFFE00

mem[X,0x00000000800006A0] -> 0x1413
mem[X,0x00000000800006A2] -> 0x00A4
[429] [M]: 0x00000000800006A0 (0x00A41413) slli fp, fp, 0xa
x8 <- 0xFFFADFFFFFF80000

mem[X,0x00000000800006A4] -> 0x0413
mem[X,0x00000000800006A6] -> 0x0074
[430] [M]: 0x00000000800006A4 (0x00740413) addi fp, fp, 0x7
x8 <- 0xFFFADFFFFFF80007

mem[X,0x00000000800006A8] -> 0xD1BB
mem[X,0x00000000800006AA] -> 0xAE8D
[431] [M]: 0x00000000800006A8 (0xAE8DD1BB) pm4addau.h gp, s11, fp
x3 <- 0x0020FFFDDFF5601E

mem[X,0x00000000800006AC] -> 0xBC23
mem[X,0x00000000800006AE] -> 0x0030
[432] [M]: 0x00000000800006AC (0x0030BC23) sd gp, 0x18(ra)
mem[0x00000000800041A0] <- 0x0020FFFDDFF5601E

mem[X,0x00000000800006B0] -> 0x15B7
mem[X,0x00000000800006B2] -> 0x2000
[433] [M]: 0x00000000800006B0 (0x200015B7) lui a1, 0x20001
x11 <- 0x0000000020001000

mem[X,0x00000000800006B4] -> 0x8593
mem[X,0x00000000800006B6] -> 0x8005
[434] [M]: 0x00000000800006B4 (0x80058593) addi a1, a1, -0x800
x11 <- 0x0000000020000800

mem[X,0x00000000800006B8] -> 0x9593
mem[X,0x00000000800006BA] -> 0x00B5
[435] [M]: 0x00000000800006B8 (0x00B59593) slli a1, a1, 0xb
x11 <- 0x0000010000400000

mem[X,0x00000000800006BC] -> 0x8593
mem[X,0x00000000800006BE] -> 0x7FB5
[436] [M]: 0x00000000800006BC (0x7FB58593) addi a1, a1, 0x7fb
x11 <- 0x00000100004007FB

mem[X,0x00000000800006C0] -> 0x9593
mem[X,0x00000000800006C2] -> 0x00B5
[437] [M]: 0x00000000800006C0 (0x00B59593) slli a1, a1, 0xb
x11 <- 0x00080002003FD800

mem[X,0x00000000800006C4] -> 0x8593
mem[X,0x00000000800006C6] -> 0x7D05
[438] [M]: 0x00000000800006C4 (0x7D058593) addi a1, a1, 0x7d0
x11 <- 0x00080002003FDFD0

mem[X,0x00000000800006C8] -> 0x9593
mem[X,0x00000000800006CA] -> 0x00A5
[439] [M]: 0x00000000800006C8 (0x00A59593) slli a1, a1, 0xa
x11 <- 0x20000800FF7F4000

mem[X,0x00000000800006CC] -> 0x0037
mem[X,0x00000000800006CE] -> 0xBFFF
[440] [M]: 0x00000000800006CC (0xBFFF0037) lui zero, -0x40010

mem[X,0x00000000800006D0] -> 0x0013
mem[X,0x00000000800006D2] -> 0x4000
[441] [M]: 0x00000000800006D0 (0x40000013) addi zero, zero, 0x400

mem[X,0x00000000800006D4] -> 0x1013
mem[X,0x00000000800006D6] -> 0x00B0
[442] [M]: 0x00000000800006D4 (0x00B01013) slli zero, zero, 0xb

mem[X,0x00000000800006D8] -> 0x0013
mem[X,0x00000000800006DA] -> 0x7BF0
[443] [M]: 0x00000000800006D8 (0x7BF00013) addi zero, zero, 0x7bf

mem[X,0x00000000800006DC] -> 0x1013
mem[X,0x00000000800006DE] -> 0x00B0
[444] [M]: 0x00000000800006DC (0x00B01013) slli zero, zero, 0xb

mem[X,0x00000000800006E0] -> 0x0013
mem[X,0x00000000800006E2] -> 0x7C00
[445] [M]: 0x00000000800006E0 (0x7C000013) addi zero, zero, 0x7c0

mem[X,0x00000000800006E4] -> 0x1013
mem[X,0x00000000800006E6] -> 0x00A0
[446] [M]: 0x00000000800006E4 (0x00A01013) slli zero, zero, 0xa

mem[X,0x00000000800006E8] -> 0x0013
mem[X,0x00000000800006EA] -> 0x0030
[447] [M]: 0x00000000800006E8 (0x00300013) addi zero, zero, 0x3

mem[X,0x00000000800006EC] -> 0xD7BB
mem[X,0x00000000800006EE] -> 0xAE05
[448] [M]: 0x00000000800006EC (0xAE05D7BB) pm4addau.h a5, a1, zero
x15 <- 0x0800001004000100

mem[X,0x00000000800006F0] -> 0xB023
mem[X,0x00000000800006F2] -> 0x02F0
[449] [M]: 0x00000000800006F0 (0x02F0B023) sd a5, 0x20(ra)
mem[0x00000000800041A8] <- 0x0800001004000100

mem[X,0x00000000800006F4] -> 0x0437
mem[X,0x00000000800006F6] -> 0xE000
[450] [M]: 0x00000000800006F4 (0xE0000437) lui fp, -0x20000
x8 <- 0xFFFFFFFFE0000000

mem[X,0x00000000800006F8] -> 0x0413
mem[X,0x00000000800006FA] -> 0xFF94
[451] [M]: 0x00000000800006F8 (0xFF940413) addi fp, fp, -0x7
x8 <- 0xFFFFFFFFDFFFFFF9

mem[X,0x00000000800006FC] -> 0x1413
mem[X,0x00000000800006FE] -> 0x00B4
[452] [M]: 0x00000000800006FC (0x00B41413) slli fp, fp, 0xb
x8 <- 0xFFFFFEFFFFFFC800

mem[X,0x0000000080000700] -> 0x0413
mem[X,0x0000000080000702] -> 0x7F74
[453] [M]: 0x0000000080000700 (0x7F740413) addi fp, fp, 0x7f7
x8 <- 0xFFFFFEFFFFFFCFF7

mem[X,0x0000000080000704] -> 0x1413
mem[X,0x0000000080000706] -> 0x00B4
[454] [M]: 0x0000000080000704 (0x00B41413) slli fp, fp, 0xb
x8 <- 0xFFF7FFFFFE7FB800

mem[X,0x0000000080000708] -> 0x0413
mem[X,0x000000008000070A] -> 0x7FF4
[455] [M]: 0x0000000080000708 (0x7FF40413) addi fp, fp, 0x7ff
x8 <- 0xFFF7FFFFFE7FBFFF

mem[X,0x000000008000070C] -> 0x1413
mem[X,0x000000008000070E] -> 0x00A4
[456] [M]: 0x000000008000070C (0x00A41413) slli fp, fp, 0xa
x8 <- 0xDFFFFFF9FEFFFC00

mem[X,0x0000000080000710] -> 0x0413
mem[X,0x0000000080000712] -> 0x3FE4
[457] [M]: 0x0000000080000710 (0x3FE40413) addi fp, fp, 0x3fe
x8 <- 0xDFFFFFF9FEFFFFFE

mem[X,0x0000000080000714] -> 0x0E37
mem[X,0x0000000080000716] -> 0x0201
[458] [M]: 0x0000000080000714 (0x02010E37) lui t3, 0x2010
x28 <- 0x0000000002010000

mem[X,0x0000000080000718] -> 0x0E13
mem[X,0x000000008000071A] -> 0xBFFE
[459] [M]: 0x0000000080000718 (0xBFFE0E13) addi t3, t3, -0x401
x28 <- 0x000000000200FBFF

mem[X,0x000000008000071C] -> 0x1E13
mem[X,0x000000008000071E] -> 0x00BE
[460] [M]: 0x000000008000071C (0x00BE1E13) slli t3, t3, 0xb
x28 <- 0x0000001007DFF800

mem[X,0x0000000080000720] -> 0x0E13
mem[X,0x0000000080000722] -> 0x000E
[461] [M]: 0x0000000080000720 (0x000E0E13) addi t3, t3, 0x0
x28 <- 0x0000001007DFF800

mem[X,0x0000000080000724] -> 0x1E13
mem[X,0x0000000080000726] -> 0x00BE
[462] [M]: 0x0000000080000724 (0x00BE1E13) slli t3, t3, 0xb
x28 <- 0x0000803EFFC00000

mem[X,0x0000000080000728] -> 0x0E13
mem[X,0x000000008000072A] -> 0x080E
[463] [M]: 0x0000000080000728 (0x080E0E13) addi t3, t3, 0x80
x28 <- 0x0000803EFFC00080

mem[X,0x000000008000072C] -> 0x1E13
mem[X,0x000000008000072E] -> 0x00AE
[464] [M]: 0x000000008000072C (0x00AE1E13) slli t3, t3, 0xa
x28 <- 0x0200FBFF00020000

mem[X,0x0000000080000730] -> 0x52BB
mem[X,0x0000000080000732] -> 0xAFC4
[465] [M]: 0x0000000080000730 (0xAFC452BB) pm4addau.h t0, fp, t3
x5 <- 0xFF7F0041BDBB17FE

mem[X,0x0000000080000734] -> 0xB423
mem[X,0x0000000080000736] -> 0x0250
[466] [M]: 0x0000000080000734 (0x0250B423) sd t0, 0x28(ra)
mem[0x00000000800041B0] <- 0xFF7F0041BDBB17FE

mem[X,0x0000000080000738] -> 0x5A37
mem[X,0x000000008000073A] -> 0x0001
[467] [M]: 0x0000000080000738 (0x00015A37) lui s4, 0x15
x20 <- 0x0000000000015000

mem[X,0x000000008000073C] -> 0x0A13
mem[X,0x000000008000073E] -> 0x555A
[468] [M]: 0x000000008000073C (0x555A0A13) addi s4, s4, 0x555
x20 <- 0x0000000000015555

mem[X,0x0000000080000740] -> 0x1A13
mem[X,0x0000000080000742] -> 0x00BA
[469] [M]: 0x0000000080000740 (0x00BA1A13) slli s4, s4, 0xb
x20 <- 0x000000000AAAA800

mem[X,0x0000000080000744] -> 0x0A13
mem[X,0x0000000080000746] -> 0x555A
[470] [M]: 0x0000000080000744 (0x555A0A13) addi s4, s4, 0x555
x20 <- 0x000000000AAAAD55

mem[X,0x0000000080000748] -> 0x1A13
mem[X,0x000000008000074A] -> 0x00BA
[471] [M]: 0x0000000080000748 (0x00BA1A13) slli s4, s4, 0xb
x20 <- 0x00000055556AA800

mem[X,0x000000008000074C] -> 0x0A13
mem[X,0x000000008000074E] -> 0x2BFA
[472] [M]: 0x000000008000074C (0x2BFA0A13) addi s4, s4, 0x2bf
x20 <- 0x00000055556AAABF

mem[X,0x0000000080000750] -> 0x1A13
mem[X,0x0000000080000752] -> 0x00AA
[473] [M]: 0x0000000080000750 (0x00AA1A13) slli s4, s4, 0xa
x20 <- 0x00015555AAAAFC00

mem[X,0x0000000080000754] -> 0x0A13
mem[X,0x0000000080000756] -> 0x3FDA
[474] [M]: 0x0000000080000754 (0x3FDA0A13) addi s4, s4, 0x3fd
x20 <- 0x00015555AAAAFFFD

mem[X,0x0000000080000758] -> 0x0F37
mem[X,0x000000008000075A] -> 0x0000
[475] [M]: 0x0000000080000758 (0x00000F37) lui t5, 0x0
x30 <- 0x0000000000000000

mem[X,0x000000008000075C] -> 0x0F13
mem[X,0x000000008000075E] -> 0xFEFF
[476] [M]: 0x000000008000075C (0xFEFF0F13) addi t5, t5, -0x11
x30 <- 0xFFFFFFFFFFFFFFEF

mem[X,0x0000000080000760] -> 0x1F13
mem[X,0x0000000080000762] -> 0x00BF
[477] [M]: 0x0000000080000760 (0x00BF1F13) slli t5, t5, 0xb
x30 <- 0xFFFFFFFFFFFF7800

mem[X,0x0000000080000764] -> 0x0F13
mem[X,0x0000000080000766] -> 0x002F
[478] [M]: 0x0000000080000764 (0x002F0F13) addi t5, t5, 0x2
x30 <- 0xFFFFFFFFFFFF7802

mem[X,0x0000000080000768] -> 0x1F13
mem[X,0x000000008000076A] -> 0x00BF
[479] [M]: 0x0000000080000768 (0x00BF1F13) slli t5, t5, 0xb
x30 <- 0xFFFFFFFFFBC01000

mem[X,0x000000008000076C] -> 0x0F13
mem[X,0x000000008000076E] -> 0x000F
[480] [M]: 0x000000008000076C (0x000F0F13) addi t5, t5, 0x0
x30 <- 0xFFFFFFFFFBC01000

mem[X,0x0000000080000770] -> 0x1F13
mem[X,0x0000000080000772] -> 0x00AF
[481] [M]: 0x0000000080000770 (0x00AF1F13) slli t5, t5, 0xa
x30 <- 0xFFFFFFEF00400000

mem[X,0x0000000080000774] -> 0x0F13
mem[X,0x0000000080000776] -> 0x200F
[482] [M]: 0x0000000080000774 (0x200F0F13) addi t5, t5, 0x200
x30 <- 0xFFFFFFEF00400200

mem[X,0x0000000080000778] -> 0x5FBB
mem[X,0x000000008000077A] -> 0xAFEA
[483] [M]: 0x0000000080000778 (0xAFEA5FBB) pm4addau.h t6, s4, t5
x31 <- 0x00000000577AF9DA

mem[X,0x000000008000077C] -> 0xB823
mem[X,0x000000008000077E] -> 0x03F0
[484] [M]: 0x000000008000077C (0x03F0B823) sd t6, 0x30(ra)
mem[0x00000000800041B8] <- 0x00000000577AF9DA

mem[X,0x0000000080000780] -> 0x8637
mem[X,0x0000000080000782] -> 0xEFFF
[485] [M]: 0x0000000080000780 (0xEFFF8637) lui a2, -0x10008
x12 <- 0xFFFFFFFFEFFF8000

mem[X,0x0000000080000784] -> 0x0613
mem[X,0x0000000080000786] -> 0xFFF6
[486] [M]: 0x0000000080000784 (0xFFF60613) addi a2, a2, -0x1
x12 <- 0xFFFFFFFFEFFF7FFF

mem[X,0x0000000080000788] -> 0x1613
mem[X,0x000000008000078A] -> 0x00B6
[487] [M]: 0x0000000080000788 (0x00B61613) slli a2, a2, 0xb
x12 <- 0xFFFFFF7FFBFFF800

mem[X,0x000000008000078C] -> 0x0613
mem[X,0x000000008000078E] -> 0x7FE6
[488] [M]: 0x000000008000078C (0x7FE60613) addi a2, a2, 0x7fe
x12 <- 0xFFFFFF7FFBFFFFFE

mem[X,0x0000000080000790] -> 0x1613
mem[X,0x0000000080000792] -> 0x00B6
[489] [M]: 0x0000000080000790 (0x00B61613) slli a2, a2, 0xb
x12 <- 0xFFFBFFDFFFFFF000

mem[X,0x0000000080000794] -> 0x0613
mem[X,0x0000000080000796] -> 0x7FF6
[490] [M]: 0x0000000080000794 (0x7FF60613) addi a2, a2, 0x7ff
x12 <- 0xFFFBFFDFFFFFF7FF

mem[X,0x0000000080000798] -> 0x1613
mem[X,0x000000008000079A] -> 0x00A6
[491] [M]: 0x0000000080000798 (0x00A61613) slli a2, a2, 0xa
x12 <- 0xEFFF7FFFFFDFFC00

mem[X,0x000000008000079C] -> 0x0613
mem[X,0x000000008000079E] -> 0x3FB6
[492] [M]: 0x000000008000079C (0x3FB60613) addi a2, a2, 0x3fb
x12 <- 0xEFFF7FFFFFDFFFFB

mem[X,0x00000000800007A0] -> 0x0DB7
mem[X,0x00000000800007A2] -> 0x2000
[493] [M]: 0x00000000800007A0 (0x20000DB7) lui s11, 0x20000
x27 <- 0x0000000020000000

mem[X,0x00000000800007A4] -> 0x8D93
mem[X,0x00000000800007A6] -> 0x009D
[494] [M]: 0x00000000800007A4 (0x009D8D93) addi s11, s11, 0x9
x27 <- 0x0000000020000009

mem[X,0x00000000800007A8] -> 0x9D93
mem[X,0x00000000800007AA] -> 0x00BD
[495] [M]: 0x00000000800007A8 (0x00BD9D93) slli s11, s11, 0xb
x27 <- 0x0000010000004800

mem[X,0x00000000800007AC] -> 0x8D93
mem[X,0x00000000800007AE] -> 0x7FFD
[496] [M]: 0x00000000800007AC (0x7FFD8D93) addi s11, s11, 0x7ff
x27 <- 0x0000010000004FFF

mem[X,0x00000000800007B0] -> 0x9D93
mem[X,0x00000000800007B2] -> 0x00BD
[497] [M]: 0x00000000800007B0 (0x00BD9D93) slli s11, s11, 0xb
x27 <- 0x00080000027FF800

mem[X,0x00000000800007B4] -> 0x8D93
mem[X,0x00000000800007B6] -> 0x63FD
[498] [M]: 0x00000000800007B4 (0x63FD8D93) addi s11, s11, 0x63f
x27 <- 0x00080000027FFE3F

mem[X,0x00000000800007B8] -> 0x9D93
mem[X,0x00000000800007BA] -> 0x00AD
[499] [M]: 0x00000000800007B8 (0x00AD9D93) slli s11, s11, 0xa
x27 <- 0x20000009FFF8FC00

clint::tick mtime <- 0x0000000000000005
 clint timer pending at mtime 0x0000000000000005
htif::tick 0x0000000000000000
mem[X,0x00000000800007BC] -> 0x8D93
mem[X,0x00000000800007BE] -> 0x3F9D
[500] [M]: 0x00000000800007BC (0x3F9D8D93) addi s11, s11, 0x3f9
x27 <- 0x20000009FFF8FFF9

mem[X,0x00000000800007C0] -> 0x593B
mem[X,0x00000000800007C2] -> 0xAFB6
[501] [M]: 0x00000000800007C0 (0xAFB6593B) pm4addau.h s2, a2, s11
x18 <- 0x0002F801FDCE6132

mem[X,0x00000000800007C4] -> 0xBC23
mem[X,0x00000000800007C6] -> 0x0320
[502] [M]: 0x00000000800007C4 (0x0320BC23) sd s2, 0x38(ra)
mem[0x00000000800041C0] <- 0x0002F801FDCE6132

mem[X,0x00000000800007C8] -> 0x0AB7
mem[X,0x00000000800007CA] -> 0xFF00
[503] [M]: 0x00000000800007C8 (0xFF000AB7) lui s5, -0x1000
x21 <- 0xFFFFFFFFFF000000

mem[X,0x00000000800007CC] -> 0x8A93
mem[X,0x00000000800007CE] -> 0xFBFA
[504] [M]: 0x00000000800007CC (0xFBFA8A93) addi s5, s5, -0x41
x21 <- 0xFFFFFFFFFEFFFFBF

mem[X,0x00000000800007D0] -> 0x9A93
mem[X,0x00000000800007D2] -> 0x00BA
[505] [M]: 0x00000000800007D0 (0x00BA9A93) slli s5, s5, 0xb
x21 <- 0xFFFFFFF7FFFDF800

mem[X,0x00000000800007D4] -> 0x8A93
mem[X,0x00000000800007D6] -> 0x7FFA
[506] [M]: 0x00000000800007D4 (0x7FFA8A93) addi s5, s5, 0x7ff
x21 <- 0xFFFFFFF7FFFDFFFF

mem[X,0x00000000800007D8] -> 0x9A93
mem[X,0x00000000800007DA] -> 0x00BA
[507] [M]: 0x00000000800007D8 (0x00BA9A93) slli s5, s5, 0xb
x21 <- 0xFFFFBFFFEFFFF800

mem[X,0x00000000800007DC] -> 0x8A93
mem[X,0x00000000800007DE] -> 0x67FA
[508] [M]: 0x00000000800007DC (0x67FA8A93) addi s5, s5, 0x67f
x21 <- 0xFFFFBFFFEFFFFE7F

mem[X,0x00000000800007E0] -> 0x9A93
mem[X,0x00000000800007E2] -> 0x00AA
[509] [M]: 0x00000000800007E0 (0x00AA9A93) slli s5, s5, 0xa
x21 <- 0xFEFFFFBFFFF9FC00

mem[X,0x00000000800007E4] -> 0x8A93
mem[X,0x00000000800007E6] -> 0x3F7A
[510] [M]: 0x00000000800007E4 (0x3F7A8A93) addi s5, s5, 0x3f7
x21 <- 0xFEFFFFBFFFF9FFF7

mem[X,0x00000000800007E8] -> 0x07B7
mem[X,0x00000000800007EA] -> 0x0008
[511] [M]: 0x00000000800007E8 (0x000807B7) lui a5, 0x80
x15 <- 0x0000000000080000

mem[X,0x00000000800007EC] -> 0x8793
mem[X,0x00000000800007EE] -> 0xFFF7
[512] [M]: 0x00000000800007EC (0xFFF78793) addi a5, a5, -0x1
x15 <- 0x000000000007FFFF

mem[X,0x00000000800007F0] -> 0x9793
mem[X,0x00000000800007F2] -> 0x00B7
[513] [M]: 0x00000000800007F0 (0x00B79793) slli a5, a5, 0xb
x15 <- 0x000000003FFFF800

mem[X,0x00000000800007F4] -> 0x8793
mem[X,0x00000000800007F6] -> 0x0007
[514] [M]: 0x00000000800007F4 (0x00078793) addi a5, a5, 0x0
x15 <- 0x000000003FFFF800

mem[X,0x00000000800007F8] -> 0x9793
mem[X,0x00000000800007FA] -> 0x00B7
[515] [M]: 0x00000000800007F8 (0x00B79793) slli a5, a5, 0xb
x15 <- 0x000001FFFFC00000

mem[X,0x00000000800007FC] -> 0x8793
mem[X,0x00000000800007FE] -> 0x13B7
[516] [M]: 0x00000000800007FC (0x13B78793) addi a5, a5, 0x13b
x15 <- 0x000001FFFFC0013B

mem[X,0x0000000080000800] -> 0x9793
mem[X,0x0000000080000802] -> 0x00A7
[517] [M]: 0x0000000080000800 (0x00A79793) slli a5, a5, 0xa
x15 <- 0x0007FFFF0004EC00

mem[X,0x0000000080000804] -> 0x8793
mem[X,0x0000000080000806] -> 0x3FF7
[518] [M]: 0x0000000080000804 (0x3FF78793) addi a5, a5, 0x3ff
x15 <- 0x0007FFFF0004EFFF

mem[X,0x0000000080000808] -> 0xDD3B
mem[X,0x000000008000080A] -> 0xAEFA
[519] [M]: 0x0000000080000808 (0xAEFADD3B) pm4addau.h s10, s5, a5
x26 <- 0x00000007FFBF8929

mem[X,0x000000008000080C] -> 0xB023
mem[X,0x000000008000080E] -> 0x05A0
[520] [M]: 0x000000008000080C (0x05A0B023) sd s10, 0x40(ra)
mem[0x00000000800041C8] <- 0x00000007FFBF8929

mem[X,0x0000000080000810] -> 0x04B7
mem[X,0x0000000080000812] -> 0xFC00
[521] [M]: 0x0000000080000810 (0xFC0004B7) lui s1, -0x4000
x9 <- 0xFFFFFFFFFC000000

mem[X,0x0000000080000814] -> 0x8493
mem[X,0x0000000080000816] -> 0xFFD4
[522] [M]: 0x0000000080000814 (0xFFD48493) addi s1, s1, -0x3
x9 <- 0xFFFFFFFFFBFFFFFD

mem[X,0x0000000080000818] -> 0x9493
mem[X,0x000000008000081A] -> 0x00B4
[523] [M]: 0x0000000080000818 (0x00B49493) slli s1, s1, 0xb
x9 <- 0xFFFFFFDFFFFFE800

mem[X,0x000000008000081C] -> 0x8493
mem[X,0x000000008000081E] -> 0x0004
[524] [M]: 0x000000008000081C (0x00048493) addi s1, s1, 0x0
x9 <- 0xFFFFFFDFFFFFE800

mem[X,0x0000000080000820] -> 0x9493
mem[X,0x0000000080000822] -> 0x00B4
[525] [M]: 0x0000000080000820 (0x00B49493) slli s1, s1, 0xb
x9 <- 0xFFFEFFFFFF400000

mem[X,0x0000000080000824] -> 0x8493
mem[X,0x0000000080000826] -> 0x27F4
[526] [M]: 0x0000000080000824 (0x27F48493) addi s1, s1, 0x27f
x9 <- 0xFFFEFFFFFF40027F

mem[X,0x0000000080000828] -> 0x9493
mem[X,0x000000008000082A] -> 0x00A4
[527] [M]: 0x0000000080000828 (0x00A49493) slli s1, s1, 0xa
x9 <- 0xFBFFFFFD0009FC00

mem[X,0x000000008000082C] -> 0x8493
mem[X,0x000000008000082E] -> 0x3EF4
[528] [M]: 0x000000008000082C (0x3EF48493) addi s1, s1, 0x3ef
x9 <- 0xFBFFFFFD0009FFEF

mem[X,0x0000000080000830] -> 0x0FB7
mem[X,0x0000000080000832] -> 0x0005
[529] [M]: 0x0000000080000830 (0x00050FB7) lui t6, 0x50
x31 <- 0x0000000000050000

mem[X,0x0000000080000834] -> 0x8F93
mem[X,0x0000000080000836] -> 0xFEFF
[530] [M]: 0x0000000080000834 (0xFEFF8F93) addi t6, t6, -0x11
x31 <- 0x000000000004FFEF

mem[X,0x0000000080000838] -> 0x9F93
mem[X,0x000000008000083A] -> 0x00BF
[531] [M]: 0x0000000080000838 (0x00BF9F93) slli t6, t6, 0xb
x31 <- 0x0000000027FF7800

mem[X,0x000000008000083C] -> 0x8F93
mem[X,0x000000008000083E] -> 0x400F
[532] [M]: 0x000000008000083C (0x400F8F93) addi t6, t6, 0x400
x31 <- 0x0000000027FF7C00

mem[X,0x0000000080000840] -> 0x9F93
mem[X,0x0000000080000842] -> 0x00BF
[533] [M]: 0x0000000080000840 (0x00BF9F93) slli t6, t6, 0xb
x31 <- 0x0000013FFBE00000

mem[X,0x0000000080000844] -> 0x8F93
mem[X,0x0000000080000846] -> 0x03EF
[534] [M]: 0x0000000080000844 (0x03EF8F93) addi t6, t6, 0x3e
x31 <- 0x0000013FFBE0003E

mem[X,0x0000000080000848] -> 0x9F93
mem[X,0x000000008000084A] -> 0x00AF
[535] [M]: 0x0000000080000848 (0x00AF9F93) slli t6, t6, 0xa
x31 <- 0x0004FFEF8000F800

mem[X,0x000000008000084C] -> 0x8F93
mem[X,0x000000008000084E] -> 0x3FFF
[536] [M]: 0x000000008000084C (0x3FFF8F93) addi t6, t6, 0x3ff
x31 <- 0x0004FFEF8000FBFF

mem[X,0x0000000080000850] -> 0xD13B
mem[X,0x0000000080000852] -> 0xAFF4
[537] [M]: 0x0000000080000850 (0xAFF4D13B) pm4addau.h sp, s1, t6
x2 <- 0xF7FF02027BE2B444

mem[X,0x0000000080000854] -> 0xB423
mem[X,0x0000000080000856] -> 0x0420
[538] [M]: 0x0000000080000854 (0x0420B423) sd sp, 0x48(ra)
mem[0x00000000800041D0] <- 0xF7FF02027BE2B444

mem[X,0x0000000080000858] -> 0x0537
mem[X,0x000000008000085A] -> 0x0021
[539] [M]: 0x0000000080000858 (0x00210537) lui a0, 0x210
x10 <- 0x0000000000210000

mem[X,0x000000008000085C] -> 0x0513
mem[X,0x000000008000085E] -> 0xFFD5
[540] [M]: 0x000000008000085C (0xFFD50513) addi a0, a0, -0x3
x10 <- 0x000000000020FFFD

mem[X,0x0000000080000860] -> 0x1513
mem[X,0x0000000080000862] -> 0x00B5
[541] [M]: 0x0000000080000860 (0x00B51513) slli a0, a0, 0xb
x10 <- 0x0000000107FFE800

mem[X,0x0000000080000864] -> 0x0513
mem[X,0x0000000080000866] -> 0x6FF5
[542] [M]: 0x0000000080000864 (0x6FF50513) addi a0, a0, 0x6ff
x10 <- 0x0000000107FFEEFF

mem[X,0x0000000080000868] -> 0x1513
mem[X,0x000000008000086A] -> 0x00B5
[543] [M]: 0x0000000080000868 (0x00B51513) slli a0, a0, 0xb
x10 <- 0x0000083FFF77F800

mem[X,0x000000008000086C] -> 0x0513
mem[X,0x000000008000086E] -> 0x7FF5
[544] [M]: 0x000000008000086C (0x7FF50513) addi a0, a0, 0x7ff
x10 <- 0x0000083FFF77FFFF

mem[X,0x0000000080000870] -> 0x1513
mem[X,0x0000000080000872] -> 0x00A5
[545] [M]: 0x0000000080000870 (0x00A51513) slli a0, a0, 0xa
x10 <- 0x0020FFFDDFFFFC00

mem[X,0x0000000080000874] -> 0x0513
mem[X,0x0000000080000876] -> 0x3DF5
[546] [M]: 0x0000000080000874 (0x3DF50513) addi a0, a0, 0x3df
x10 <- 0x0020FFFDDFFFFFDF

mem[X,0x0000000080000878] -> 0x04B7
mem[X,0x000000008000087A] -> 0x8000
[547] [M]: 0x0000000080000878 (0x800004B7) lui s1, -0x80000
x9 <- 0xFFFFFFFF80000000

mem[X,0x000000008000087C] -> 0x8493
mem[X,0x000000008000087E] -> 0x0054
[548] [M]: 0x000000008000087C (0x00548493) addi s1, s1, 0x5
x9 <- 0xFFFFFFFF80000005

mem[X,0x0000000080000880] -> 0x9493
mem[X,0x0000000080000882] -> 0x00B4
[549] [M]: 0x0000000080000880 (0x00B49493) slli s1, s1, 0xb
x9 <- 0xFFFFFC0000002800

mem[X,0x0000000080000884] -> 0x8493
mem[X,0x0000000080000886] -> 0x0004
[550] [M]: 0x0000000080000884 (0x00048493) addi s1, s1, 0x0
x9 <- 0xFFFFFC0000002800

mem[X,0x0000000080000888] -> 0x9493
mem[X,0x000000008000088A] -> 0x00B4
[551] [M]: 0x0000000080000888 (0x00B49493) slli s1, s1, 0xb
x9 <- 0xFFE0000001400000

mem[X,0x000000008000088C] -> 0x8493
mem[X,0x000000008000088E] -> 0x1804
[552] [M]: 0x000000008000088C (0x18048493) addi s1, s1, 0x180
x9 <- 0xFFE0000001400180

mem[X,0x0000000080000890] -> 0x9493
mem[X,0x0000000080000892] -> 0x00A4
[553] [M]: 0x0000000080000890 (0x00A49493) slli s1, s1, 0xa
x9 <- 0x8000000500060000

mem[X,0x0000000080000894] -> 0x503B
mem[X,0x0000000080000896] -> 0xAE95
[554] [M]: 0x0000000080000894 (0xAE95503B) pm4addau.h zero, a0, s1

mem[X,0x0000000080000898] -> 0xB823
mem[X,0x000000008000089A] -> 0x0400
[555] [M]: 0x0000000080000898 (0x0400B823) sd zero, 0x50(ra)
mem[0x00000000800041D8] <- 0x0000000000000000

mem[X,0x000000008000089C] -> 0x0F37
mem[X,0x000000008000089E] -> 0xFEFF
[556] [M]: 0x000000008000089C (0xFEFF0F37) lui t5, -0x1010
x30 <- 0xFFFFFFFFFEFF0000

mem[X,0x00000000800008A0] -> 0x0F13
mem[X,0x00000000800008A2] -> 0x002F
[557] [M]: 0x00000000800008A0 (0x002F0F13) addi t5, t5, 0x2
x30 <- 0xFFFFFFFFFEFF0002

mem[X,0x00000000800008A4] -> 0x1F13
mem[X,0x00000000800008A6] -> 0x00BF
[558] [M]: 0x00000000800008A4 (0x00BF1F13) slli t5, t5, 0xb
x30 <- 0xFFFFFFF7F8001000

mem[X,0x00000000800008A8] -> 0x0F13
mem[X,0x00000000800008AA] -> 0x7FEF
[559] [M]: 0x00000000800008A8 (0x7FEF0F13) addi t5, t5, 0x7fe
x30 <- 0xFFFFFFF7F80017FE

mem[X,0x00000000800008AC] -> 0x1F13
mem[X,0x00000000800008AE] -> 0x00BF
[560] [M]: 0x00000000800008AC (0x00BF1F13) slli t5, t5, 0xb
x30 <- 0xFFFFBFC000BFF000

mem[X,0x00000000800008B0] -> 0x0F13
mem[X,0x00000000800008B2] -> 0x7FFF
[561] [M]: 0x00000000800008B0 (0x7FFF0F13) addi t5, t5, 0x7ff
x30 <- 0xFFFFBFC000BFF7FF

mem[X,0x00000000800008B4] -> 0x1F13
mem[X,0x00000000800008B6] -> 0x00AF
[562] [M]: 0x00000000800008B4 (0x00AF1F13) slli t5, t5, 0xa
x30 <- 0xFEFF0002FFDFFC00

mem[X,0x00000000800008B8] -> 0x0F13
mem[X,0x00000000800008BA] -> 0x3BFF
[563] [M]: 0x00000000800008B8 (0x3BFF0F13) addi t5, t5, 0x3bf
x30 <- 0xFEFF0002FFDFFFBF

mem[X,0x00000000800008BC] -> 0x0237
mem[X,0x00000000800008BE] -> 0x0006
[564] [M]: 0x00000000800008BC (0x00060237) lui tp, 0x60
x4 <- 0x0000000000060000

mem[X,0x00000000800008C0] -> 0x0213
mem[X,0x00000000800008C2] -> 0xFFE2
[565] [M]: 0x00000000800008C0 (0xFFE20213) addi tp, tp, -0x2
x4 <- 0x000000000005FFFE

mem[X,0x00000000800008C4] -> 0x1213
mem[X,0x00000000800008C6] -> 0x00B2
[566] [M]: 0x00000000800008C4 (0x00B21213) slli tp, tp, 0xb
x4 <- 0x000000002FFFF000

mem[X,0x00000000800008C8] -> 0x0213
mem[X,0x00000000800008CA] -> 0x0002
[567] [M]: 0x00000000800008C8 (0x00020213) addi tp, tp, 0x0
x4 <- 0x000000002FFFF000

mem[X,0x00000000800008CC] -> 0x1213
mem[X,0x00000000800008CE] -> 0x00B2
[568] [M]: 0x00000000800008CC (0x00B21213) slli tp, tp, 0xb
x4 <- 0x0000017FFF800000

mem[X,0x00000000800008D0] -> 0x0213
mem[X,0x00000000800008D2] -> 0x23F2
[569] [M]: 0x00000000800008D0 (0x23F20213) addi tp, tp, 0x23f
x4 <- 0x0000017FFF80023F

mem[X,0x00000000800008D4] -> 0x1213
mem[X,0x00000000800008D6] -> 0x00A2
[570] [M]: 0x00000000800008D4 (0x00A21213) slli tp, tp, 0xa
x4 <- 0x0005FFFE0008FC00

mem[X,0x00000000800008D8] -> 0x0213
mem[X,0x00000000800008DA] -> 0x2FF2
[571] [M]: 0x00000000800008D8 (0x2FF20213) addi tp, tp, 0x2ff
x4 <- 0x0005FFFE0008FEFF

mem[X,0x00000000800008DC] -> 0x543B
mem[X,0x00000000800008DE] -> 0xAE4F
[572] [M]: 0x00000000800008DC (0xAE4F543B) pm4addau.h fp, t5, tp
x8 <- 0xDFFFFFFAFDCD3B2E

mem[X,0x00000000800008E0] -> 0xBC23
mem[X,0x00000000800008E2] -> 0x0480
[573] [M]: 0x00000000800008E0 (0x0480BC23) sd fp, 0x58(ra)
mem[0x00000000800041E0] <- 0xDFFFFFFAFDCD3B2E

mem[X,0x00000000800008E4] -> 0xC6B7
mem[X,0x00000000800008E6] -> 0x0010
[574] [M]: 0x00000000800008E4 (0x0010C6B7) lui a3, 0x10c
x13 <- 0x000000000010C000

mem[X,0x00000000800008E8] -> 0x8693
mem[X,0x00000000800008EA] -> 0x0006
[575] [M]: 0x00000000800008E8 (0x00068693) addi a3, a3, 0x0
x13 <- 0x000000000010C000

mem[X,0x00000000800008EC] -> 0x9693
mem[X,0x00000000800008EE] -> 0x00B6
[576] [M]: 0x00000000800008EC (0x00B69693) slli a3, a3, 0xb
x13 <- 0x0000000086000000

mem[X,0x00000000800008F0] -> 0x8693
mem[X,0x00000000800008F2] -> 0x7FF6
[577] [M]: 0x00000000800008F0 (0x7FF68693) addi a3, a3, 0x7ff
x13 <- 0x00000000860007FF

mem[X,0x00000000800008F4] -> 0x9693
mem[X,0x00000000800008F6] -> 0x00B6
[578] [M]: 0x00000000800008F4 (0x00B69693) slli a3, a3, 0xb
x13 <- 0x00000430003FF800

mem[X,0x00000000800008F8] -> 0x8693
mem[X,0x00000000800008FA] -> 0x5BF6
[579] [M]: 0x00000000800008F8 (0x5BF68693) addi a3, a3, 0x5bf
x13 <- 0x00000430003FFDBF

mem[X,0x00000000800008FC] -> 0x9693
mem[X,0x00000000800008FE] -> 0x00A6
[580] [M]: 0x00000000800008FC (0x00A69693) slli a3, a3, 0xa
x13 <- 0x0010C000FFF6FC00

mem[X,0x0000000080000900] -> 0x8693
mem[X,0x0000000080000902] -> 0x37F6
[581] [M]: 0x0000000080000900 (0x37F68693) addi a3, a3, 0x37f
x13 <- 0x0010C000FFF6FF7F

mem[X,0x0000000080000904] -> 0x0C37
mem[X,0x0000000080000906] -> 0x0005
[582] [M]: 0x0000000080000904 (0x00050C37) lui s8, 0x50
x24 <- 0x0000000000050000

mem[X,0x0000000080000908] -> 0x0C13
mem[X,0x000000008000090A] -> 0x004C
[583] [M]: 0x0000000080000908 (0x004C0C13) addi s8, s8, 0x4
x24 <- 0x0000000000050004

mem[X,0x000000008000090C] -> 0x1C13
mem[X,0x000000008000090E] -> 0x00BC
[584] [M]: 0x000000008000090C (0x00BC1C13) slli s8, s8, 0xb
x24 <- 0x0000000028002000

mem[X,0x0000000080000910] -> 0x0C13
mem[X,0x0000000080000912] -> 0x7FDC
[585] [M]: 0x0000000080000910 (0x7FDC0C13) addi s8, s8, 0x7fd
x24 <- 0x00000000280027FD

mem[X,0x0000000080000914] -> 0x1C13
mem[X,0x0000000080000916] -> 0x00BC
[586] [M]: 0x0000000080000914 (0x00BC1C13) slli s8, s8, 0xb
x24 <- 0x00000140013FE800

mem[X,0x0000000080000918] -> 0x0C13
mem[X,0x000000008000091A] -> 0x7C0C
[587] [M]: 0x0000000080000918 (0x7C0C0C13) addi s8, s8, 0x7c0
x24 <- 0x00000140013FEFC0

mem[X,0x000000008000091C] -> 0x1C13
mem[X,0x000000008000091E] -> 0x00AC
[588] [M]: 0x000000008000091C (0x00AC1C13) slli s8, s8, 0xa
x24 <- 0x00050004FFBF0000

mem[X,0x0000000080000920] -> 0x0C13
mem[X,0x0000000080000922] -> 0x040C
[589] [M]: 0x0000000080000920 (0x040C0C13) addi s8, s8, 0x40
x24 <- 0x00050004FFBF0040

mem[X,0x0000000080000924] -> 0xD53B
mem[X,0x0000000080000926] -> 0xAF86
[590] [M]: 0x0000000080000924 (0xAF86D53B) pm4addau.h a0, a3, s8
x10 <- 0x0020FFFEDFF7E279

mem[X,0x0000000080000928] -> 0xB023
mem[X,0x000000008000092A] -> 0x06A0
[591] [M]: 0x0000000080000928 (0x06A0B023) sd a0, 0x60(ra)
mem[0x00000000800041E8] <- 0x0020FFFEDFF7E279

mem[X,0x000000008000092C] -> 0x0237
mem[X,0x000000008000092E] -> 0x0080
[592] [M]: 0x000000008000092C (0x00800237) lui tp, 0x800
x4 <- 0x0000000000800000

mem[X,0x0000000080000930] -> 0x0213
mem[X,0x0000000080000932] -> 0x0032
[593] [M]: 0x0000000080000930 (0x00320213) addi tp, tp, 0x3
x4 <- 0x0000000000800003

mem[X,0x0000000080000934] -> 0x1213
mem[X,0x0000000080000936] -> 0x00B2
[594] [M]: 0x0000000080000934 (0x00B21213) slli tp, tp, 0xb
x4 <- 0x0000000400001800

mem[X,0x0000000080000938] -> 0x0213
mem[X,0x000000008000093A] -> 0x7FF2
[595] [M]: 0x0000000080000938 (0x7FF20213) addi tp, tp, 0x7ff
x4 <- 0x0000000400001FFF

mem[X,0x000000008000093C] -> 0x1213
mem[X,0x000000008000093E] -> 0x00B2
[596] [M]: 0x000000008000093C (0x00B21213) slli tp, tp, 0xb
x4 <- 0x0000200000FFF800

mem[X,0x0000000080000940] -> 0x0213
mem[X,0x0000000080000942] -> 0x67F2
[597] [M]: 0x0000000080000940 (0x67F20213) addi tp, tp, 0x67f
x4 <- 0x0000200000FFFE7F

mem[X,0x0000000080000944] -> 0x1213
mem[X,0x0000000080000946] -> 0x00A2
[598] [M]: 0x0000000080000944 (0x00A21213) slli tp, tp, 0xa
x4 <- 0x00800003FFF9FC00

mem[X,0x0000000080000948] -> 0x0213
mem[X,0x000000008000094A] -> 0x2FF2
[599] [M]: 0x0000000080000948 (0x2FF20213) addi tp, tp, 0x2ff
x4 <- 0x00800003FFF9FEFF

clint::tick mtime <- 0x0000000000000006
 clint timer pending at mtime 0x0000000000000006
htif::tick 0x0000000000000000
mem[X,0x000000008000094C] -> 0x0CB7
mem[X,0x000000008000094E] -> 0xEFFF
[600] [M]: 0x000000008000094C (0xEFFF0CB7) lui s9, -0x10010
x25 <- 0xFFFFFFFFEFFF0000

mem[X,0x0000000080000950] -> 0x8C93
mem[X,0x0000000080000952] -> 0x008C
[601] [M]: 0x0000000080000950 (0x008C8C93) addi s9, s9, 0x8
x25 <- 0xFFFFFFFFEFFF0008

mem[X,0x0000000080000954] -> 0x9C93
mem[X,0x0000000080000956] -> 0x00BC
[602] [M]: 0x0000000080000954 (0x00BC9C93) slli s9, s9, 0xb
x25 <- 0xFFFFFF7FF8004000

mem[X,0x0000000080000958] -> 0x8C93
mem[X,0x000000008000095A] -> 0x080C
[603] [M]: 0x0000000080000958 (0x080C8C93) addi s9, s9, 0x80
x25 <- 0xFFFFFF7FF8004080

mem[X,0x000000008000095C] -> 0x9C93
mem[X,0x000000008000095E] -> 0x00BC
[604] [M]: 0x000000008000095C (0x00BC9C93) slli s9, s9, 0xb
x25 <- 0xFFFBFFC002040000

mem[X,0x0000000080000960] -> 0x8C93
mem[X,0x0000000080000962] -> 0x000C
[605] [M]: 0x0000000080000960 (0x000C8C93) addi s9, s9, 0x0
x25 <- 0xFFFBFFC002040000

mem[X,0x0000000080000964] -> 0x9C93
mem[X,0x0000000080000966] -> 0x00AC
[606] [M]: 0x0000000080000964 (0x00AC9C93) slli s9, s9, 0xa
x25 <- 0xEFFF000810000000

mem[X,0x0000000080000968] -> 0x8C93
mem[X,0x000000008000096A] -> 0x006C
[607] [M]: 0x0000000080000968 (0x006C8C93) addi s9, s9, 0x6
x25 <- 0xEFFF000810000006

mem[X,0x000000008000096C] -> 0x5BBB
mem[X,0x000000008000096E] -> 0xAF92
[608] [M]: 0x000000008000096C (0xAF925BBB) pm4addau.h s7, tp, s9
x23 <- 0xFFFCFFFF0F7C8B92

mem[X,0x0000000080000970] -> 0xB423
mem[X,0x0000000080000972] -> 0x0770
[609] [M]: 0x0000000080000970 (0x0770B423) sd s7, 0x68(ra)
mem[0x00000000800041F0] <- 0xFFFCFFFF0F7C8B92

mem[X,0x0000000080000974] -> 0x0013
mem[X,0x0000000080000976] -> 0x0000
[610] [M]: 0x0000000080000974 (0x00000013) addi zero, zero, 0x0

mem[X,0x0000000080000978] -> 0x0013
mem[X,0x000000008000097A] -> 0x0000
[611] [M]: 0x0000000080000978 (0x00000013) addi zero, zero, 0x0

mem[X,0x000000008000097C] -> 0x0013
mem[X,0x000000008000097E] -> 0x0000
[612] [M]: 0x000000008000097C (0x00000013) addi zero, zero, 0x0

mem[X,0x0000000080000980] -> 0x4117
mem[X,0x0000000080000982] -> 0x0000
[613] [M]: 0x0000000080000980 (0x00004117) auipc sp, 0x4
x2 <- 0x0000000080004980

mem[X,0x0000000080000984] -> 0x0113
mem[X,0x0000000080000986] -> 0x8781
[614] [M]: 0x0000000080000984 (0x87810113) addi sp, sp, -0x788
x2 <- 0x00000000800041F8

mem[X,0x0000000080000988] -> 0x0013
mem[X,0x000000008000098A] -> 0x0000
[615] [M]: 0x0000000080000988 (0x00000013) addi zero, zero, 0x0

mem[X,0x000000008000098C] -> 0x0013
mem[X,0x000000008000098E] -> 0x0000
[616] [M]: 0x000000008000098C (0x00000013) addi zero, zero, 0x0

mem[X,0x0000000080000990] -> 0x0013
mem[X,0x0000000080000992] -> 0x0000
[617] [M]: 0x0000000080000990 (0x00000013) addi zero, zero, 0x0

mem[X,0x0000000080000994] -> 0x0013
mem[X,0x0000000080000996] -> 0x0000
[618] [M]: 0x0000000080000994 (0x00000013) addi zero, zero, 0x0

mem[X,0x0000000080000998] -> 0x0013
mem[X,0x000000008000099A] -> 0x0000
[619] [M]: 0x0000000080000998 (0x00000013) addi zero, zero, 0x0

mem[X,0x000000008000099C] -> 0x0013
mem[X,0x000000008000099E] -> 0x0000
[620] [M]: 0x000000008000099C (0x00000013) addi zero, zero, 0x0

mem[X,0x00000000800009A0] -> 0x02B7
mem[X,0x00000000800009A2] -> 0xFFFC
[621] [M]: 0x00000000800009A0 (0xFFFC02B7) lui t0, -0x40
x5 <- 0xFFFFFFFFFFFC0000

mem[X,0x00000000800009A4] -> 0x8293
mem[X,0x00000000800009A6] -> 0x0072
[622] [M]: 0x00000000800009A4 (0x00728293) addi t0, t0, 0x7
x5 <- 0xFFFFFFFFFFFC0007

mem[X,0x00000000800009A8] -> 0x9293
mem[X,0x00000000800009AA] -> 0x00B2
[623] [M]: 0x00000000800009A8 (0x00B29293) slli t0, t0, 0xb
x5 <- 0xFFFFFFFFE0003800

mem[X,0x00000000800009AC] -> 0x8293
mem[X,0x00000000800009AE] -> 0x0042
[624] [M]: 0x00000000800009AC (0x00428293) addi t0, t0, 0x4
x5 <- 0xFFFFFFFFE0003804

mem[X,0x00000000800009B0] -> 0x9293
mem[X,0x00000000800009B2] -> 0x00B2
[625] [M]: 0x00000000800009B0 (0x00B29293) slli t0, t0, 0xb
x5 <- 0xFFFFFF0001C02000

mem[X,0x00000000800009B4] -> 0x8293
mem[X,0x00000000800009B6] -> 0x03F2
[626] [M]: 0x00000000800009B4 (0x03F28293) addi t0, t0, 0x3f
x5 <- 0xFFFFFF0001C0203F

mem[X,0x00000000800009B8] -> 0x9293
mem[X,0x00000000800009BA] -> 0x00A2
[627] [M]: 0x00000000800009B8 (0x00A29293) slli t0, t0, 0xa
x5 <- 0xFFFC00070080FC00

mem[X,0x00000000800009BC] -> 0x8293
mem[X,0x00000000800009BE] -> 0x1FF2
[628] [M]: 0x00000000800009BC (0x1FF28293) addi t0, t0, 0x1ff
x5 <- 0xFFFC00070080FDFF

mem[X,0x00000000800009C0] -> 0x0D37
mem[X,0x00000000800009C2] -> 0xFFF0
[629] [M]: 0x00000000800009C0 (0xFFF00D37) lui s10, -0x100
x26 <- 0xFFFFFFFFFFF00000

mem[X,0x00000000800009C4] -> 0x0D13
mem[X,0x00000000800009C6] -> 0xFDFD
[630] [M]: 0x00000000800009C4 (0xFDFD0D13) addi s10, s10, -0x21
x26 <- 0xFFFFFFFFFFEFFFDF

mem[X,0x00000000800009C8] -> 0x1D13
mem[X,0x00000000800009CA] -> 0x00BD
[631] [M]: 0x00000000800009C8 (0x00BD1D13) slli s10, s10, 0xb
x26 <- 0xFFFFFFFF7FFEF800

mem[X,0x00000000800009CC] -> 0x0D13
mem[X,0x00000000800009CE] -> 0x7EFD
[632] [M]: 0x00000000800009CC (0x7EFD0D13) addi s10, s10, 0x7ef
x26 <- 0xFFFFFFFF7FFEFFEF

mem[X,0x00000000800009D0] -> 0x1D13
mem[X,0x00000000800009D2] -> 0x00BD
[633] [M]: 0x00000000800009D0 (0x00BD1D13) slli s10, s10, 0xb
x26 <- 0xFFFFFBFFF7FF7800

mem[X,0x00000000800009D4] -> 0x0D13
mem[X,0x00000000800009D6] -> 0x7C8D
[634] [M]: 0x00000000800009D4 (0x7C8D0D13) addi s10, s10, 0x7c8
x26 <- 0xFFFFFBFFF7FF7FC8

mem[X,0x00000000800009D8] -> 0x1D13
mem[X,0x00000000800009DA] -> 0x00AD
[635] [M]: 0x00000000800009D8 (0x00AD1D13) slli s10, s10, 0xa
x26 <- 0xFFEFFFDFFDFF2000

mem[X,0x00000000800009DC] -> 0xD6BB
mem[X,0x00000000800009DE] -> 0xAFA2
[636] [M]: 0x00000000800009DC (0xAFA2D6BB) pm4addau.h a3, t0, s10
x13 <- 0x0010C0022027DE5C

mem[X,0x00000000800009E0] -> 0x3023
mem[X,0x00000000800009E2] -> 0x00D1
[637] [M]: 0x00000000800009E0 (0x00D13023) sd a3, 0x0(sp)
mem[0x00000000800041F8] <- 0x0010C0022027DE5C

mem[X,0x00000000800009E4] -> 0x01B7
mem[X,0x00000000800009E6] -> 0x0006
[638] [M]: 0x00000000800009E4 (0x000601B7) lui gp, 0x60
x3 <- 0x0000000000060000

mem[X,0x00000000800009E8] -> 0x8193
mem[X,0x00000000800009EA] -> 0xFFC1
[639] [M]: 0x00000000800009E8 (0xFFC18193) addi gp, gp, -0x4
x3 <- 0x000000000005FFFC

mem[X,0x00000000800009EC] -> 0x9193
mem[X,0x00000000800009EE] -> 0x00B1
[640] [M]: 0x00000000800009EC (0x00B19193) slli gp, gp, 0xb
x3 <- 0x000000002FFFE000

mem[X,0x00000000800009F0] -> 0x8193
mem[X,0x00000000800009F2] -> 0x0001
[641] [M]: 0x00000000800009F0 (0x00018193) addi gp, gp, 0x0
x3 <- 0x000000002FFFE000

mem[X,0x00000000800009F4] -> 0x9193
mem[X,0x00000000800009F6] -> 0x00B1
[642] [M]: 0x00000000800009F4 (0x00B19193) slli gp, gp, 0xb
x3 <- 0x0000017FFF000000

mem[X,0x00000000800009F8] -> 0x8193
mem[X,0x00000000800009FA] -> 0x43E1
[643] [M]: 0x00000000800009F8 (0x43E18193) addi gp, gp, 0x43e
x3 <- 0x0000017FFF00043E

mem[X,0x00000000800009FC] -> 0x9193
mem[X,0x00000000800009FE] -> 0x00A1
[644] [M]: 0x00000000800009FC (0x00A19193) slli gp, gp, 0xa
x3 <- 0x0005FFFC0010F800

mem[X,0x0000000080000A00] -> 0x8193
mem[X,0x0000000080000A02] -> 0x3FF1
[645] [M]: 0x0000000080000A00 (0x3FF18193) addi gp, gp, 0x3ff
x3 <- 0x0005FFFC0010FBFF

mem[X,0x0000000080000A04] -> 0xFEB7
mem[X,0x0000000080000A06] -> 0xFFFC
[646] [M]: 0x0000000080000A04 (0xFFFCFEB7) lui t4, -0x31
x29 <- 0xFFFFFFFFFFFCF000

mem[X,0x0000000080000A08] -> 0x8E93
mem[X,0x0000000080000A0A] -> 0x7FFE
[647] [M]: 0x0000000080000A08 (0x7FFE8E93) addi t4, t4, 0x7ff
x29 <- 0xFFFFFFFFFFFCF7FF

mem[X,0x0000000080000A0C] -> 0x9E93
mem[X,0x0000000080000A0E] -> 0x00BE
[648] [M]: 0x0000000080000A0C (0x00BE9E93) slli t4, t4, 0xb
x29 <- 0xFFFFFFFFE7BFF800

mem[X,0x0000000080000A10] -> 0x8E93
mem[X,0x0000000080000A12] -> 0x000E
[649] [M]: 0x0000000080000A10 (0x000E8E93) addi t4, t4, 0x0
x29 <- 0xFFFFFFFFE7BFF800

mem[X,0x0000000080000A14] -> 0x9E93
mem[X,0x0000000080000A16] -> 0x00BE
[650] [M]: 0x0000000080000A14 (0x00BE9E93) slli t4, t4, 0xb
x29 <- 0xFFFFFF3DFFC00000

mem[X,0x0000000080000A18] -> 0x8E93
mem[X,0x0000000080000A1A] -> 0x181E
[651] [M]: 0x0000000080000A18 (0x181E8E93) addi t4, t4, 0x181
x29 <- 0xFFFFFF3DFFC00181

mem[X,0x0000000080000A1C] -> 0x9E93
mem[X,0x0000000080000A1E] -> 0x00AE
[652] [M]: 0x0000000080000A1C (0x00AE9E93) slli t4, t4, 0xa
x29 <- 0xFFFCF7FF00060400

mem[X,0x0000000080000A20] -> 0xD0BB
mem[X,0x0000000080000A22] -> 0xAFD1
[653] [M]: 0x0000000080000A20 (0xAFD1D0BB) pm4addau.h ra, gp, t4
x1 <- 0x000000017BF05DD8

mem[X,0x0000000080000A24] -> 0x3423
mem[X,0x0000000080000A26] -> 0x0011
[654] [M]: 0x0000000080000A24 (0x00113423) sd ra, 0x8(sp)
mem[0x0000000080004200] <- 0x000000017BF05DD8

mem[X,0x0000000080000A28] -> 0x0FB7
mem[X,0x0000000080000A2A] -> 0xFFBF
[655] [M]: 0x0000000080000A28 (0xFFBF0FB7) lui t6, -0x410
x31 <- 0xFFFFFFFFFFBF0000

mem[X,0x0000000080000A2C] -> 0x8F93
mem[X,0x0000000080000A2E] -> 0x001F
[656] [M]: 0x0000000080000A2C (0x001F8F93) addi t6, t6, 0x1
x31 <- 0xFFFFFFFFFFBF0001

mem[X,0x0000000080000A30] -> 0x9F93
mem[X,0x0000000080000A32] -> 0x00BF
[657] [M]: 0x0000000080000A30 (0x00BF9F93) slli t6, t6, 0xb
x31 <- 0xFFFFFFFDF8000800

mem[X,0x0000000080000A34] -> 0x8F93
mem[X,0x0000000080000A36] -> 0x7FFF
[658] [M]: 0x0000000080000A34 (0x7FFF8F93) addi t6, t6, 0x7ff
x31 <- 0xFFFFFFFDF8000FFF

mem[X,0x0000000080000A38] -> 0x9F93
mem[X,0x0000000080000A3A] -> 0x00BF
[659] [M]: 0x0000000080000A38 (0x00BF9F93) slli t6, t6, 0xb
x31 <- 0xFFFFEFC0007FF800

mem[X,0x0000000080000A3C] -> 0x8F93
mem[X,0x0000000080000A3E] -> 0x6FDF
[660] [M]: 0x0000000080000A3C (0x6FDF8F93) addi t6, t6, 0x6fd
x31 <- 0xFFFFEFC0007FFEFD

mem[X,0x0000000080000A40] -> 0x9F93
mem[X,0x0000000080000A42] -> 0x00AF
[661] [M]: 0x0000000080000A40 (0x00AF9F93) slli t6, t6, 0xa
x31 <- 0xFFBF0001FFFBF400

mem[X,0x0000000080000A44] -> 0x8F93
mem[X,0x0000000080000A46] -> 0x3FFF
[662] [M]: 0x0000000080000A44 (0x3FFF8F93) addi t6, t6, 0x3ff
x31 <- 0xFFBF0001FFFBF7FF

mem[X,0x0000000080000A48] -> 0xCBB7
mem[X,0x0000000080000A4A] -> 0x0005
[663] [M]: 0x0000000080000A48 (0x0005CBB7) lui s7, 0x5c
x23 <- 0x000000000005C000

mem[X,0x0000000080000A4C] -> 0x8B93
mem[X,0x0000000080000A4E] -> 0x000B
[664] [M]: 0x0000000080000A4C (0x000B8B93) addi s7, s7, 0x0
x23 <- 0x000000000005C000

mem[X,0x0000000080000A50] -> 0x9B93
mem[X,0x0000000080000A52] -> 0x00BB
[665] [M]: 0x0000000080000A50 (0x00BB9B93) slli s7, s7, 0xb
x23 <- 0x000000002E000000

mem[X,0x0000000080000A54] -> 0x8B93
mem[X,0x0000000080000A56] -> 0x6FFB
[666] [M]: 0x0000000080000A54 (0x6FFB8B93) addi s7, s7, 0x6ff
x23 <- 0x000000002E0006FF

mem[X,0x0000000080000A58] -> 0x9B93
mem[X,0x0000000080000A5A] -> 0x00BB
[667] [M]: 0x0000000080000A58 (0x00BB9B93) slli s7, s7, 0xb
x23 <- 0x000001700037F800

mem[X,0x0000000080000A5C] -> 0x8B93
mem[X,0x0000000080000A5E] -> 0x7FFB
[668] [M]: 0x0000000080000A5C (0x7FFB8B93) addi s7, s7, 0x7ff
x23 <- 0x000001700037FFFF

mem[X,0x0000000080000A60] -> 0x9B93
mem[X,0x0000000080000A62] -> 0x00AB
[669] [M]: 0x0000000080000A60 (0x00AB9B93) slli s7, s7, 0xa
x23 <- 0x0005C000DFFFFC00

mem[X,0x0000000080000A64] -> 0x8B93
mem[X,0x0000000080000A66] -> 0x3FDB
[670] [M]: 0x0000000080000A64 (0x3FDB8B93) addi s7, s7, 0x3fd
x23 <- 0x0005C000DFFFFFFD

mem[X,0x0000000080000A68] -> 0xD23B
mem[X,0x0000000080000A6A] -> 0xAF7F
[671] [M]: 0x0000000080000A68 (0xAF7FD23B) pm4addau.h tp, t6, s7
x4 <- 0x00800005D7F675C2

mem[X,0x0000000080000A6C] -> 0x3823
mem[X,0x0000000080000A6E] -> 0x0041
[672] [M]: 0x0000000080000A6C (0x00413823) sd tp, 0x10(sp)
mem[0x0000000080004208] <- 0x00800005D7F675C2

mem[X,0x0000000080000A70] -> 0x0337
mem[X,0x0000000080000A72] -> 0xFFF8
[673] [M]: 0x0000000080000A70 (0xFFF80337) lui t1, -0x80
x6 <- 0xFFFFFFFFFFF80000

mem[X,0x0000000080000A74] -> 0x0313
mem[X,0x0000000080000A76] -> 0xFF63
[674] [M]: 0x0000000080000A74 (0xFF630313) addi t1, t1, -0xa
x6 <- 0xFFFFFFFFFFF7FFF6

mem[X,0x0000000080000A78] -> 0x1313
mem[X,0x0000000080000A7A] -> 0x00B3
[675] [M]: 0x0000000080000A78 (0x00B31313) slli t1, t1, 0xb
x6 <- 0xFFFFFFFFBFFFB000

mem[X,0x0000000080000A7C] -> 0x0313
mem[X,0x0000000080000A7E] -> 0x0083
[676] [M]: 0x0000000080000A7C (0x00830313) addi t1, t1, 0x8
x6 <- 0xFFFFFFFFBFFFB008

mem[X,0x0000000080000A80] -> 0x1313
mem[X,0x0000000080000A82] -> 0x00B3
[677] [M]: 0x0000000080000A80 (0x00B31313) slli t1, t1, 0xb
x6 <- 0xFFFFFDFFFD804000

mem[X,0x0000000080000A84] -> 0x0313
mem[X,0x0000000080000A86] -> 0x03B3
[678] [M]: 0x0000000080000A84 (0x03B30313) addi t1, t1, 0x3b
x6 <- 0xFFFFFDFFFD80403B

mem[X,0x0000000080000A88] -> 0x1313
mem[X,0x0000000080000A8A] -> 0x00A3
[679] [M]: 0x0000000080000A88 (0x00A31313) slli t1, t1, 0xa
x6 <- 0xFFF7FFF60100EC00

mem[X,0x0000000080000A8C] -> 0x0313
mem[X,0x0000000080000A8E] -> 0x3FF3
[680] [M]: 0x0000000080000A8C (0x3FF30313) addi t1, t1, 0x3ff
x6 <- 0xFFF7FFF60100EFFF

mem[X,0x0000000080000A90] -> 0x09B7
mem[X,0x0000000080000A92] -> 0xFFF7
[681] [M]: 0x0000000080000A90 (0xFFF709B7) lui s3, -0x90
x19 <- 0xFFFFFFFFFFF70000

mem[X,0x0000000080000A94] -> 0x8993
mem[X,0x0000000080000A96] -> 0x0069
[682] [M]: 0x0000000080000A94 (0x00698993) addi s3, s3, 0x6
x19 <- 0xFFFFFFFFFFF70006

mem[X,0x0000000080000A98] -> 0x9993
mem[X,0x0000000080000A9A] -> 0x00B9
[683] [M]: 0x0000000080000A98 (0x00B99993) slli s3, s3, 0xb
x19 <- 0xFFFFFFFFB8003000

mem[X,0x0000000080000A9C] -> 0x8993
mem[X,0x0000000080000A9E] -> 0x7FB9
[684] [M]: 0x0000000080000A9C (0x7FB98993) addi s3, s3, 0x7fb
x19 <- 0xFFFFFFFFB80037FB

mem[X,0x0000000080000AA0] -> 0x9993
mem[X,0x0000000080000AA2] -> 0x00B9
[685] [M]: 0x0000000080000AA0 (0x00B99993) slli s3, s3, 0xb
x19 <- 0xFFFFFDC001BFD800

mem[X,0x0000000080000AA4] -> 0x8993
mem[X,0x0000000080000AA6] -> 0x7FF9
[686] [M]: 0x0000000080000AA4 (0x7FF98993) addi s3, s3, 0x7ff
x19 <- 0xFFFFFDC001BFDFFF

mem[X,0x0000000080000AA8] -> 0x9993
mem[X,0x0000000080000AAA] -> 0x00A9
[687] [M]: 0x0000000080000AA8 (0x00A99993) slli s3, s3, 0xa
x19 <- 0xFFF70006FF7FFC00

mem[X,0x0000000080000AAC] -> 0x8993
mem[X,0x0000000080000AAE] -> 0x3FB9
[688] [M]: 0x0000000080000AAC (0x3FB98993) addi s3, s3, 0x3fb
x19 <- 0xFFF70006FF7FFFFB

mem[X,0x0000000080000AB0] -> 0x5E3B
mem[X,0x0000000080000AB2] -> 0xAF33
[689] [M]: 0x0000000080000AB0 (0xAF335E3B) pm4addau.h t3, t1, s3
x28 <- 0x0200FC00F0EFCF1A

mem[X,0x0000000080000AB4] -> 0x3C23
mem[X,0x0000000080000AB6] -> 0x01C1
[690] [M]: 0x0000000080000AB4 (0x01C13C23) sd t3, 0x18(sp)
mem[0x0000000080004210] <- 0x0200FC00F0EFCF1A

mem[X,0x0000000080000AB8] -> 0x0F37
mem[X,0x0000000080000ABA] -> 0xFFC0
[691] [M]: 0x0000000080000AB8 (0xFFC00F37) lui t5, -0x400
x30 <- 0xFFFFFFFFFFC00000

mem[X,0x0000000080000ABC] -> 0x0F13
mem[X,0x0000000080000ABE] -> 0xFFEF
[692] [M]: 0x0000000080000ABC (0xFFEF0F13) addi t5, t5, -0x2
x30 <- 0xFFFFFFFFFFBFFFFE

mem[X,0x0000000080000AC0] -> 0x1F13
mem[X,0x0000000080000AC2] -> 0x00BF
[693] [M]: 0x0000000080000AC0 (0x00BF1F13) slli t5, t5, 0xb
x30 <- 0xFFFFFFFDFFFFF000

mem[X,0x0000000080000AC4] -> 0x0F13
mem[X,0x0000000080000AC6] -> 0x000F
[694] [M]: 0x0000000080000AC4 (0x000F0F13) addi t5, t5, 0x0
x30 <- 0xFFFFFFFDFFFFF000

mem[X,0x0000000080000AC8] -> 0x1F13
mem[X,0x0000000080000ACA] -> 0x00BF
[695] [M]: 0x0000000080000AC8 (0x00BF1F13) slli t5, t5, 0xb
x30 <- 0xFFFFEFFFFF800000

mem[X,0x0000000080000ACC] -> 0x0F13
mem[X,0x0000000080000ACE] -> 0x137F
[696] [M]: 0x0000000080000ACC (0x137F0F13) addi t5, t5, 0x137
x30 <- 0xFFFFEFFFFF800137

mem[X,0x0000000080000AD0] -> 0x1F13
mem[X,0x0000000080000AD2] -> 0x00AF
[697] [M]: 0x0000000080000AD0 (0x00AF1F13) slli t5, t5, 0xa
x30 <- 0xFFBFFFFE0004DC00

mem[X,0x0000000080000AD4] -> 0x0F13
mem[X,0x0000000080000AD6] -> 0x3FFF
[698] [M]: 0x0000000080000AD4 (0x3FFF0F13) addi t5, t5, 0x3ff
x30 <- 0xFFBFFFFE0004DFFF

mem[X,0x0000000080000AD8] -> 0x0EB7
mem[X,0x0000000080000ADA] -> 0x0002
[699] [M]: 0x0000000080000AD8 (0x00020EB7) lui t4, 0x20
x29 <- 0x0000000000020000

clint::tick mtime <- 0x0000000000000007
 clint timer pending at mtime 0x0000000000000007
htif::tick 0x0000000000000000
mem[X,0x0000000080000ADC] -> 0x8E93
mem[X,0x0000000080000ADE] -> 0xF7FE
[700] [M]: 0x0000000080000ADC (0xF7FE8E93) addi t4, t4, -0x81
x29 <- 0x000000000001FF7F

mem[X,0x0000000080000AE0] -> 0x9E93
mem[X,0x0000000080000AE2] -> 0x00BE
[701] [M]: 0x0000000080000AE0 (0x00BE9E93) slli t4, t4, 0xb
x29 <- 0x000000000FFBF800

mem[X,0x0000000080000AE4] -> 0x8E93
mem[X,0x0000000080000AE6] -> 0x000E
[702] [M]: 0x0000000080000AE4 (0x000E8E93) addi t4, t4, 0x0
x29 <- 0x000000000FFBF800

mem[X,0x0000000080000AE8] -> 0x9E93
mem[X,0x0000000080000AEA] -> 0x00BE
[703] [M]: 0x0000000080000AE8 (0x00BE9E93) slli t4, t4, 0xb
x29 <- 0x0000007FDFC00000

mem[X,0x0000000080000AEC] -> 0x8E93
mem[X,0x0000000080000AEE] -> 0x43FE
[704] [M]: 0x0000000080000AEC (0x43FE8E93) addi t4, t4, 0x43f
x29 <- 0x0000007FDFC0043F

mem[X,0x0000000080000AF0] -> 0x9E93
mem[X,0x0000000080000AF2] -> 0x00AE
[705] [M]: 0x0000000080000AF0 (0x00AE9E93) slli t4, t4, 0xa
x29 <- 0x0001FF7F0010FC00

mem[X,0x0000000080000AF4] -> 0x8E93
mem[X,0x0000000080000AF6] -> 0x3FCE
[706] [M]: 0x0000000080000AF4 (0x3FCE8E93) addi t4, t4, 0x3fc
x29 <- 0x0001FF7F0010FFFC

mem[X,0x0000000080000AF8] -> 0x5FBB
mem[X,0x0000000080000AFA] -> 0xAFDF
[707] [M]: 0x0000000080000AF8 (0xAFDF5FBB) pm4addau.h t6, t5, t4
x31 <- 0xFFBF0003DF757904

mem[X,0x0000000080000AFC] -> 0x3023
mem[X,0x0000000080000AFE] -> 0x03F1
[708] [M]: 0x0000000080000AFC (0x03F13023) sd t6, 0x20(sp)
mem[0x0000000080004218] <- 0xFFBF0003DF757904

mem[X,0x0000000080000B00] -> 0x0F37
mem[X,0x0000000080000B02] -> 0xFC00
[709] [M]: 0x0000000080000B00 (0xFC000F37) lui t5, -0x4000
x30 <- 0xFFFFFFFFFC000000

mem[X,0x0000000080000B04] -> 0x0F13
mem[X,0x0000000080000B06] -> 0xFFBF
[710] [M]: 0x0000000080000B04 (0xFFBF0F13) addi t5, t5, -0x5
x30 <- 0xFFFFFFFFFBFFFFFB

mem[X,0x0000000080000B08] -> 0x1F13
mem[X,0x0000000080000B0A] -> 0x00BF
[711] [M]: 0x0000000080000B08 (0x00BF1F13) slli t5, t5, 0xb
x30 <- 0xFFFFFFDFFFFFD800

mem[X,0x0000000080000B0C] -> 0x0F13
mem[X,0x0000000080000B0E] -> 0x7F7F
[712] [M]: 0x0000000080000B0C (0x7F7F0F13) addi t5, t5, 0x7f7
x30 <- 0xFFFFFFDFFFFFDFF7

mem[X,0x0000000080000B10] -> 0x1F13
mem[X,0x0000000080000B12] -> 0x00BF
[713] [M]: 0x0000000080000B10 (0x00BF1F13) slli t5, t5, 0xb
x30 <- 0xFFFEFFFFFEFFB800

mem[X,0x0000000080000B14] -> 0x0F13
mem[X,0x0000000080000B16] -> 0x7FFF
[714] [M]: 0x0000000080000B14 (0x7FFF0F13) addi t5, t5, 0x7ff
x30 <- 0xFFFEFFFFFEFFBFFF

mem[X,0x0000000080000B18] -> 0x1F13
mem[X,0x0000000080000B1A] -> 0x00AF
[715] [M]: 0x0000000080000B18 (0x00AF1F13) slli t5, t5, 0xa
x30 <- 0xFBFFFFFBFEFFFC00

mem[X,0x0000000080000B1C] -> 0x0F13
mem[X,0x0000000080000B1E] -> 0x2FFF
[716] [M]: 0x0000000080000B1C (0x2FFF0F13) addi t5, t5, 0x2ff
x30 <- 0xFBFFFFFBFEFFFEFF

mem[X,0x0000000080000B20] -> 0x2EB7
mem[X,0x0000000080000B22] -> 0x7FFF
[717] [M]: 0x0000000080000B20 (0x7FFF2EB7) lui t4, 0x7fff2
x29 <- 0x000000007FFF2000

mem[X,0x0000000080000B24] -> 0x8E93
mem[X,0x0000000080000B26] -> 0x000E
[718] [M]: 0x0000000080000B24 (0x000E8E93) addi t4, t4, 0x0
x29 <- 0x000000007FFF2000

mem[X,0x0000000080000B28] -> 0x9E93
mem[X,0x0000000080000B2A] -> 0x00BE
[719] [M]: 0x0000000080000B28 (0x00BE9E93) slli t4, t4, 0xb
x29 <- 0x000003FFF9000000

mem[X,0x0000000080000B2C] -> 0x8E93
mem[X,0x0000000080000B2E] -> 0x7DFE
[720] [M]: 0x0000000080000B2C (0x7DFE8E93) addi t4, t4, 0x7df
x29 <- 0x000003FFF90007DF

mem[X,0x0000000080000B30] -> 0x9E93
mem[X,0x0000000080000B32] -> 0x00BE
[721] [M]: 0x0000000080000B30 (0x00BE9E93) slli t4, t4, 0xb
x29 <- 0x001FFFC8003EF800

mem[X,0x0000000080000B34] -> 0x8E93
mem[X,0x0000000080000B36] -> 0x7FFE
[722] [M]: 0x0000000080000B34 (0x7FFE8E93) addi t4, t4, 0x7ff
x29 <- 0x001FFFC8003EFFFF

mem[X,0x0000000080000B38] -> 0x9E93
mem[X,0x0000000080000B3A] -> 0x00AE
[723] [M]: 0x0000000080000B38 (0x00AE9E93) slli t4, t4, 0xa
x29 <- 0x7FFF2000FBFFFC00

mem[X,0x0000000080000B3C] -> 0x8E93
mem[X,0x0000000080000B3E] -> 0x37FE
[724] [M]: 0x0000000080000B3C (0x37FE8E93) addi t4, t4, 0x37f
x29 <- 0x7FFF2000FBFFFF7F

mem[X,0x0000000080000B40] -> 0x5FBB
mem[X,0x0000000080000B42] -> 0xAFDF
[725] [M]: 0x0000000080000B40 (0xAFDF5FBB) pm4addau.h t6, t5, t4
x31 <- 0xFFBF000676F3E387

mem[X,0x0000000080000B44] -> 0x3423
mem[X,0x0000000080000B46] -> 0x03F1
[726] [M]: 0x0000000080000B44 (0x03F13423) sd t6, 0x28(sp)
mem[0x0000000080004220] <- 0xFFBF000676F3E387

mem[X,0x0000000080000B48] -> 0x0F37
mem[X,0x0000000080000B4A] -> 0xFFBF
[727] [M]: 0x0000000080000B48 (0xFFBF0F37) lui t5, -0x410
x30 <- 0xFFFFFFFFFFBF0000

mem[X,0x0000000080000B4C] -> 0x0F13
mem[X,0x0000000080000B4E] -> 0x100F
[728] [M]: 0x0000000080000B4C (0x100F0F13) addi t5, t5, 0x100
x30 <- 0xFFFFFFFFFFBF0100

mem[X,0x0000000080000B50] -> 0x1F13
mem[X,0x0000000080000B52] -> 0x00BF
[729] [M]: 0x0000000080000B50 (0x00BF1F13) slli t5, t5, 0xb
x30 <- 0xFFFFFFFDF8080000

mem[X,0x0000000080000B54] -> 0x0F13
mem[X,0x0000000080000B56] -> 0x000F
[730] [M]: 0x0000000080000B54 (0x000F0F13) addi t5, t5, 0x0
x30 <- 0xFFFFFFFDF8080000

mem[X,0x0000000080000B58] -> 0x1F13
mem[X,0x0000000080000B5A] -> 0x00BF
[731] [M]: 0x0000000080000B58 (0x00BF1F13) slli t5, t5, 0xb
x30 <- 0xFFFFEFC040000000

mem[X,0x0000000080000B5C] -> 0x0F13
mem[X,0x0000000080000B5E] -> 0x0EAF
[732] [M]: 0x0000000080000B5C (0x0EAF0F13) addi t5, t5, 0xea
x30 <- 0xFFFFEFC0400000EA

mem[X,0x0000000080000B60] -> 0x1F13
mem[X,0x0000000080000B62] -> 0x00AF
[733] [M]: 0x0000000080000B60 (0x00AF1F13) slli t5, t5, 0xa
x30 <- 0xFFBF01000003A800

mem[X,0x0000000080000B64] -> 0x0F13
mem[X,0x0000000080000B66] -> 0x2AAF
[734] [M]: 0x0000000080000B64 (0x2AAF0F13) addi t5, t5, 0x2aa
x30 <- 0xFFBF01000003AAAA

mem[X,0x0000000080000B68] -> 0x2EB7
mem[X,0x0000000080000B6A] -> 0x0008
[735] [M]: 0x0000000080000B68 (0x00082EB7) lui t4, 0x82
x29 <- 0x0000000000082000

mem[X,0x0000000080000B6C] -> 0x8E93
mem[X,0x0000000080000B6E] -> 0x000E
[736] [M]: 0x0000000080000B6C (0x000E8E93) addi t4, t4, 0x0
x29 <- 0x0000000000082000

mem[X,0x0000000080000B70] -> 0x9E93
mem[X,0x0000000080000B72] -> 0x00BE
[737] [M]: 0x0000000080000B70 (0x00BE9E93) slli t4, t4, 0xb
x29 <- 0x0000000041000000

mem[X,0x0000000080000B74] -> 0x8E93
mem[X,0x0000000080000B76] -> 0x7FFE
[738] [M]: 0x0000000080000B74 (0x7FFE8E93) addi t4, t4, 0x7ff
x29 <- 0x00000000410007FF

mem[X,0x0000000080000B78] -> 0x9E93
mem[X,0x0000000080000B7A] -> 0x00BE
[739] [M]: 0x0000000080000B78 (0x00BE9E93) slli t4, t4, 0xb
x29 <- 0x00000208003FF800

mem[X,0x0000000080000B7C] -> 0x8E93
mem[X,0x0000000080000B7E] -> 0x6F7E
[740] [M]: 0x0000000080000B7C (0x6F7E8E93) addi t4, t4, 0x6f7
x29 <- 0x00000208003FFEF7

mem[X,0x0000000080000B80] -> 0x9E93
mem[X,0x0000000080000B82] -> 0x00AE
[741] [M]: 0x0000000080000B80 (0x00AE9E93) slli t4, t4, 0xa
x29 <- 0x00082000FFFBDC00

mem[X,0x0000000080000B84] -> 0x8E93
mem[X,0x0000000080000B86] -> 0x3FFE
[742] [M]: 0x0000000080000B84 (0x3FFE8E93) addi t4, t4, 0x3ff
x29 <- 0x00082000FFFBDFFF

mem[X,0x0000000080000B88] -> 0x5FBB
mem[X,0x0000000080000B8A] -> 0xAFDF
[743] [M]: 0x0000000080000B88 (0xAFDF5FBB) pm4addau.h t6, t5, t4
x31 <- 0xFFBF00070C72F6C6

mem[X,0x0000000080000B8C] -> 0x3823
mem[X,0x0000000080000B8E] -> 0x03F1
[744] [M]: 0x0000000080000B8C (0x03F13823) sd t6, 0x30(sp)
mem[0x0000000080004228] <- 0xFFBF00070C72F6C6

mem[X,0x0000000080000B90] -> 0x4F37
mem[X,0x0000000080000B92] -> 0x0005
[745] [M]: 0x0000000080000B90 (0x00054F37) lui t5, 0x54
x30 <- 0x0000000000054000

mem[X,0x0000000080000B94] -> 0x0F13
mem[X,0x0000000080000B96] -> 0x000F
[746] [M]: 0x0000000080000B94 (0x000F0F13) addi t5, t5, 0x0
x30 <- 0x0000000000054000

mem[X,0x0000000080000B98] -> 0x1F13
mem[X,0x0000000080000B9A] -> 0x00BF
[747] [M]: 0x0000000080000B98 (0x00BF1F13) slli t5, t5, 0xb
x30 <- 0x000000002A000000

mem[X,0x0000000080000B9C] -> 0x0F13
mem[X,0x0000000080000B9E] -> 0x7FFF
[748] [M]: 0x0000000080000B9C (0x7FFF0F13) addi t5, t5, 0x7ff
x30 <- 0x000000002A0007FF

mem[X,0x0000000080000BA0] -> 0x1F13
mem[X,0x0000000080000BA2] -> 0x00BF
[749] [M]: 0x0000000080000BA0 (0x00BF1F13) slli t5, t5, 0xb
x30 <- 0x00000150003FF800

mem[X,0x0000000080000BA4] -> 0x0F13
mem[X,0x0000000080000BA6] -> 0x6BFF
[750] [M]: 0x0000000080000BA4 (0x6BFF0F13) addi t5, t5, 0x6bf
x30 <- 0x00000150003FFEBF

mem[X,0x0000000080000BA8] -> 0x1F13
mem[X,0x0000000080000BAA] -> 0x00AF
[751] [M]: 0x0000000080000BA8 (0x00AF1F13) slli t5, t5, 0xa
x30 <- 0x00054000FFFAFC00

mem[X,0x0000000080000BAC] -> 0x0F13
mem[X,0x0000000080000BAE] -> 0x3FFF
[752] [M]: 0x0000000080000BAC (0x3FFF0F13) addi t5, t5, 0x3ff
x30 <- 0x00054000FFFAFFFF

mem[X,0x0000000080000BB0] -> 0x1EB7
mem[X,0x0000000080000BB2] -> 0x0040
[753] [M]: 0x0000000080000BB0 (0x00401EB7) lui t4, 0x401
x29 <- 0x0000000000401000

mem[X,0x0000000080000BB4] -> 0x8E93
mem[X,0x0000000080000BB6] -> 0x000E
[754] [M]: 0x0000000080000BB4 (0x000E8E93) addi t4, t4, 0x0
x29 <- 0x0000000000401000

mem[X,0x0000000080000BB8] -> 0x9E93
mem[X,0x0000000080000BBA] -> 0x00BE
[755] [M]: 0x0000000080000BB8 (0x00BE9E93) slli t4, t4, 0xb
x29 <- 0x0000000200800000

mem[X,0x0000000080000BBC] -> 0x8E93
mem[X,0x0000000080000BBE] -> 0x000E
[756] [M]: 0x0000000080000BBC (0x000E8E93) addi t4, t4, 0x0
x29 <- 0x0000000200800000

mem[X,0x0000000080000BC0] -> 0x9E93
mem[X,0x0000000080000BC2] -> 0x00BE
[757] [M]: 0x0000000080000BC0 (0x00BE9E93) slli t4, t4, 0xb
x29 <- 0x0000100400000000

mem[X,0x0000000080000BC4] -> 0x8E93
mem[X,0x0000000080000BC6] -> 0x1BFE
[758] [M]: 0x0000000080000BC4 (0x1BFE8E93) addi t4, t4, 0x1bf
x29 <- 0x00001004000001BF

mem[X,0x0000000080000BC8] -> 0x9E93
mem[X,0x0000000080000BCA] -> 0x00AE
[759] [M]: 0x0000000080000BC8 (0x00AE9E93) slli t4, t4, 0xa
x29 <- 0x004010000006FC00

mem[X,0x0000000080000BCC] -> 0x8E93
mem[X,0x0000000080000BCE] -> 0x3BFE
[760] [M]: 0x0000000080000BCC (0x3BFE8E93) addi t4, t4, 0x3bf
x29 <- 0x004010000006FFBF

mem[X,0x0000000080000BD0] -> 0x5FBB
mem[X,0x0000000080000BD2] -> 0xAFDF
[761] [M]: 0x0000000080000BD0 (0xAFDF5FBB) pm4addau.h t6, t5, t4
x31 <- 0xFFBF00081036F823

mem[X,0x0000000080000BD4] -> 0x3C23
mem[X,0x0000000080000BD6] -> 0x03F1
[762] [M]: 0x0000000080000BD4 (0x03F13C23) sd t6, 0x38(sp)
mem[0x0000000080004230] <- 0xFFBF00081036F823

mem[X,0x0000000080000BD8] -> 0x0F37
mem[X,0x0000000080000BDA] -> 0x0005
[763] [M]: 0x0000000080000BD8 (0x00050F37) lui t5, 0x50
x30 <- 0x0000000000050000

mem[X,0x0000000080000BDC] -> 0x0F13
mem[X,0x0000000080000BDE] -> 0xFDFF
[764] [M]: 0x0000000080000BDC (0xFDFF0F13) addi t5, t5, -0x21
x30 <- 0x000000000004FFDF

mem[X,0x0000000080000BE0] -> 0x1F13
mem[X,0x0000000080000BE2] -> 0x00BF
[765] [M]: 0x0000000080000BE0 (0x00BF1F13) slli t5, t5, 0xb
x30 <- 0x0000000027FEF800

mem[X,0x0000000080000BE4] -> 0x0F13
mem[X,0x0000000080000BE6] -> 0x1FFF
[766] [M]: 0x0000000080000BE4 (0x1FFF0F13) addi t5, t5, 0x1ff
x30 <- 0x0000000027FEF9FF

mem[X,0x0000000080000BE8] -> 0x1F13
mem[X,0x0000000080000BEA] -> 0x00BF
[767] [M]: 0x0000000080000BE8 (0x00BF1F13) slli t5, t5, 0xb
x30 <- 0x0000013FF7CFF800

mem[X,0x0000000080000BEC] -> 0x0F13
mem[X,0x0000000080000BEE] -> 0x7C0F
[768] [M]: 0x0000000080000BEC (0x7C0F0F13) addi t5, t5, 0x7c0
x30 <- 0x0000013FF7CFFFC0

mem[X,0x0000000080000BF0] -> 0x1F13
mem[X,0x0000000080000BF2] -> 0x00AF
[769] [M]: 0x0000000080000BF0 (0x00AF1F13) slli t5, t5, 0xa
x30 <- 0x0004FFDF3FFF0000

mem[X,0x0000000080000BF4] -> 0x0EB7
mem[X,0x0000000080000BF6] -> 0x0081
[770] [M]: 0x0000000080000BF4 (0x00810EB7) lui t4, 0x810
x29 <- 0x0000000000810000

mem[X,0x0000000080000BF8] -> 0x8E93
mem[X,0x0000000080000BFA] -> 0xFFCE
[771] [M]: 0x0000000080000BF8 (0xFFCE8E93) addi t4, t4, -0x4
x29 <- 0x000000000080FFFC

mem[X,0x0000000080000BFC] -> 0x9E93
mem[X,0x0000000080000BFE] -> 0x00BE
[772] [M]: 0x0000000080000BFC (0x00BE9E93) slli t4, t4, 0xb
x29 <- 0x0000000407FFE000

mem[X,0x0000000080000C00] -> 0x8E93
mem[X,0x0000000080000C02] -> 0x77FE
[773] [M]: 0x0000000080000C00 (0x77FE8E93) addi t4, t4, 0x77f
x29 <- 0x0000000407FFE77F

mem[X,0x0000000080000C04] -> 0x9E93
mem[X,0x0000000080000C06] -> 0x00BE
[774] [M]: 0x0000000080000C04 (0x00BE9E93) slli t4, t4, 0xb
x29 <- 0x0000203FFF3BF800

mem[X,0x0000000080000C08] -> 0x8E93
mem[X,0x0000000080000C0A] -> 0x7FFE
[775] [M]: 0x0000000080000C08 (0x7FFE8E93) addi t4, t4, 0x7ff
x29 <- 0x0000203FFF3BFFFF

mem[X,0x0000000080000C0C] -> 0x9E93
mem[X,0x0000000080000C0E] -> 0x00AE
[776] [M]: 0x0000000080000C0C (0x00AE9E93) slli t4, t4, 0xa
x29 <- 0x0080FFFCEFFFFC00

mem[X,0x0000000080000C10] -> 0x8E93
mem[X,0x0000000080000C12] -> 0x3DFE
[777] [M]: 0x0000000080000C10 (0x3DFE8E93) addi t4, t4, 0x3df
x29 <- 0x0080FFFCEFFFFFDF

mem[X,0x0000000080000C14] -> 0x5FBB
mem[X,0x0000000080000C16] -> 0xAFDF
[778] [M]: 0x0000000080000C14 (0xAFDF5FBB) pm4addau.h t6, t5, t4
x31 <- 0xFFBF00094C10CAA8

mem[X,0x0000000080000C18] -> 0x3023
mem[X,0x0000000080000C1A] -> 0x05F1
[779] [M]: 0x0000000080000C18 (0x05F13023) sd t6, 0x40(sp)
mem[0x0000000080004238] <- 0xFFBF00094C10CAA8

mem[X,0x0000000080000C1C] -> 0x0F37
mem[X,0x0000000080000C1E] -> 0x0021
[780] [M]: 0x0000000080000C1C (0x00210F37) lui t5, 0x210
x30 <- 0x0000000000210000

mem[X,0x0000000080000C20] -> 0x0F13
mem[X,0x0000000080000C22] -> 0xF7FF
[781] [M]: 0x0000000080000C20 (0xF7FF0F13) addi t5, t5, -0x81
x30 <- 0x000000000020FF7F

mem[X,0x0000000080000C24] -> 0x1F13
mem[X,0x0000000080000C26] -> 0x00BF
[782] [M]: 0x0000000080000C24 (0x00BF1F13) slli t5, t5, 0xb
x30 <- 0x0000000107FBF800

mem[X,0x0000000080000C28] -> 0x0F13
mem[X,0x0000000080000C2A] -> 0x6FFF
[783] [M]: 0x0000000080000C28 (0x6FFF0F13) addi t5, t5, 0x6ff
x30 <- 0x0000000107FBFEFF

mem[X,0x0000000080000C2C] -> 0x1F13
mem[X,0x0000000080000C2E] -> 0x00BF
[784] [M]: 0x0000000080000C2C (0x00BF1F13) slli t5, t5, 0xb
x30 <- 0x0000083FDFF7F800

mem[X,0x0000000080000C30] -> 0x0F13
mem[X,0x0000000080000C32] -> 0x7FFF
[785] [M]: 0x0000000080000C30 (0x7FFF0F13) addi t5, t5, 0x7ff
x30 <- 0x0000083FDFF7FFFF

mem[X,0x0000000080000C34] -> 0x1F13
mem[X,0x0000000080000C36] -> 0x00AF
[786] [M]: 0x0000000080000C34 (0x00AF1F13) slli t5, t5, 0xa
x30 <- 0x0020FF7FDFFFFC00

mem[X,0x0000000080000C38] -> 0x0F13
mem[X,0x0000000080000C3A] -> 0x3F6F
[787] [M]: 0x0000000080000C38 (0x3F6F0F13) addi t5, t5, 0x3f6
x30 <- 0x0020FF7FDFFFFFF6

mem[X,0x0000000080000C3C] -> 0x2EB7
mem[X,0x0000000080000C3E] -> 0x0100
[788] [M]: 0x0000000080000C3C (0x01002EB7) lui t4, 0x1002
x29 <- 0x0000000001002000

mem[X,0x0000000080000C40] -> 0x8E93
mem[X,0x0000000080000C42] -> 0x000E
[789] [M]: 0x0000000080000C40 (0x000E8E93) addi t4, t4, 0x0
x29 <- 0x0000000001002000

mem[X,0x0000000080000C44] -> 0x9E93
mem[X,0x0000000080000C46] -> 0x00BE
[790] [M]: 0x0000000080000C44 (0x00BE9E93) slli t4, t4, 0xb
x29 <- 0x0000000801000000

mem[X,0x0000000080000C48] -> 0x8E93
mem[X,0x0000000080000C4A] -> 0x7BFE
[791] [M]: 0x0000000080000C48 (0x7BFE8E93) addi t4, t4, 0x7bf
x29 <- 0x00000008010007BF

mem[X,0x0000000080000C4C] -> 0x9E93
mem[X,0x0000000080000C4E] -> 0x00BE
[792] [M]: 0x0000000080000C4C (0x00BE9E93) slli t4, t4, 0xb
x29 <- 0x00004008003DF800

mem[X,0x0000000080000C50] -> 0x8E93
mem[X,0x0000000080000C52] -> 0x7FFE
[793] [M]: 0x0000000080000C50 (0x7FFE8E93) addi t4, t4, 0x7ff
x29 <- 0x00004008003DFFFF

mem[X,0x0000000080000C54] -> 0x9E93
mem[X,0x0000000080000C56] -> 0x00AE
[794] [M]: 0x0000000080000C54 (0x00AE9E93) slli t4, t4, 0xa
x29 <- 0x01002000F7FFFC00

mem[X,0x0000000080000C58] -> 0x8E93
mem[X,0x0000000080000C5A] -> 0x3FDE
[795] [M]: 0x0000000080000C58 (0x3FDE8E93) addi t4, t4, 0x3fd
x29 <- 0x01002000F7FFFFFD

mem[X,0x0000000080000C5C] -> 0x5FBB
mem[X,0x0000000080000C5E] -> 0xAFDF
[796] [M]: 0x0000000080000C5C (0xAFDF5FBB) pm4addau.h t6, t5, t4
x31 <- 0xFFBF000B44F1F2C7

mem[X,0x0000000080000C60] -> 0x3423
mem[X,0x0000000080000C62] -> 0x05F1
[797] [M]: 0x0000000080000C60 (0x05F13423) sd t6, 0x48(sp)
mem[0x0000000080004240] <- 0xFFBF000B44F1F2C7

mem[X,0x0000000080000C64] -> 0x0F37
mem[X,0x0000000080000C66] -> 0x0006
[798] [M]: 0x0000000080000C64 (0x00060F37) lui t5, 0x60
x30 <- 0x0000000000060000

mem[X,0x0000000080000C68] -> 0x0F13
mem[X,0x0000000080000C6A] -> 0xFF7F
[799] [M]: 0x0000000080000C68 (0xFF7F0F13) addi t5, t5, -0x9
x30 <- 0x000000000005FFF7

clint::tick mtime <- 0x0000000000000008
 clint timer pending at mtime 0x0000000000000008
htif::tick 0x0000000000000000
mem[X,0x0000000080000C6C] -> 0x1F13
mem[X,0x0000000080000C6E] -> 0x00BF
[800] [M]: 0x0000000080000C6C (0x00BF1F13) slli t5, t5, 0xb
x30 <- 0x000000002FFFB800

mem[X,0x0000000080000C70] -> 0x0F13
mem[X,0x0000000080000C72] -> 0x100F
[801] [M]: 0x0000000080000C70 (0x100F0F13) addi t5, t5, 0x100
x30 <- 0x000000002FFFB900

mem[X,0x0000000080000C74] -> 0x1F13
mem[X,0x0000000080000C76] -> 0x00BF
[802] [M]: 0x0000000080000C74 (0x00BF1F13) slli t5, t5, 0xb
x30 <- 0x0000017FFDC80000

mem[X,0x0000000080000C78] -> 0x0F13
mem[X,0x0000000080000C7A] -> 0x03FF
[803] [M]: 0x0000000080000C78 (0x03FF0F13) addi t5, t5, 0x3f
x30 <- 0x0000017FFDC8003F

mem[X,0x0000000080000C7C] -> 0x1F13
mem[X,0x0000000080000C7E] -> 0x00AF
[804] [M]: 0x0000000080000C7C (0x00AF1F13) slli t5, t5, 0xa
x30 <- 0x0005FFF72000FC00

mem[X,0x0000000080000C80] -> 0x0F13
mem[X,0x0000000080000C82] -> 0x3FCF
[805] [M]: 0x0000000080000C80 (0x3FCF0F13) addi t5, t5, 0x3fc
x30 <- 0x0005FFF72000FFFC

mem[X,0x0000000080000C84] -> 0x0EB7
mem[X,0x0000000080000C86] -> 0x0401
[806] [M]: 0x0000000080000C84 (0x04010EB7) lui t4, 0x4010
x29 <- 0x0000000004010000

mem[X,0x0000000080000C88] -> 0x8E93
mem[X,0x0000000080000C8A] -> 0xFFEE
[807] [M]: 0x0000000080000C88 (0xFFEE8E93) addi t4, t4, -0x2
x29 <- 0x000000000400FFFE

mem[X,0x0000000080000C8C] -> 0x9E93
mem[X,0x0000000080000C8E] -> 0x00BE
[808] [M]: 0x0000000080000C8C (0x00BE9E93) slli t4, t4, 0xb
x29 <- 0x0000002007FFF000

mem[X,0x0000000080000C90] -> 0x8E93
mem[X,0x0000000080000C92] -> 0x7FBE
[809] [M]: 0x0000000080000C90 (0x7FBE8E93) addi t4, t4, 0x7fb
x29 <- 0x0000002007FFF7FB

mem[X,0x0000000080000C94] -> 0x9E93
mem[X,0x0000000080000C96] -> 0x00BE
[810] [M]: 0x0000000080000C94 (0x00BE9E93) slli t4, t4, 0xb
x29 <- 0x0001003FFFBFD800

mem[X,0x0000000080000C98] -> 0x8E93
mem[X,0x0000000080000C9A] -> 0x7C1E
[811] [M]: 0x0000000080000C98 (0x7C1E8E93) addi t4, t4, 0x7c1
x29 <- 0x0001003FFFBFDFC1

mem[X,0x0000000080000C9C] -> 0x9E93
mem[X,0x0000000080000C9E] -> 0x00AE
[812] [M]: 0x0000000080000C9C (0x00AE9E93) slli t4, t4, 0xa
x29 <- 0x0400FFFEFF7F0400

mem[X,0x0000000080000CA0] -> 0x5FBB
mem[X,0x0000000080000CA2] -> 0xAFDF
[813] [M]: 0x0000000080000CA0 (0xAFDF5FBB) pm4addau.h t6, t5, t4
x31 <- 0xFFBF000C68D6D6D9

mem[X,0x0000000080000CA4] -> 0x3823
mem[X,0x0000000080000CA6] -> 0x05F1
[814] [M]: 0x0000000080000CA4 (0x05F13823) sd t6, 0x50(sp)
mem[0x0000000080004248] <- 0xFFBF000C68D6D6D9

mem[X,0x0000000080000CA8] -> 0x0F37
mem[X,0x0000000080000CAA] -> 0xE000
[815] [M]: 0x0000000080000CA8 (0xE0000F37) lui t5, -0x20000
x30 <- 0xFFFFFFFFE0000000

mem[X,0x0000000080000CAC] -> 0x0F13
mem[X,0x0000000080000CAE] -> 0xFF6F
[816] [M]: 0x0000000080000CAC (0xFF6F0F13) addi t5, t5, -0xa
x30 <- 0xFFFFFFFFDFFFFFF6

mem[X,0x0000000080000CB0] -> 0x1F13
mem[X,0x0000000080000CB2] -> 0x00BF
[817] [M]: 0x0000000080000CB0 (0x00BF1F13) slli t5, t5, 0xb
x30 <- 0xFFFFFEFFFFFFB000

mem[X,0x0000000080000CB4] -> 0x0F13
mem[X,0x0000000080000CB6] -> 0x100F
[818] [M]: 0x0000000080000CB4 (0x100F0F13) addi t5, t5, 0x100
x30 <- 0xFFFFFEFFFFFFB100

mem[X,0x0000000080000CB8] -> 0x1F13
mem[X,0x0000000080000CBA] -> 0x00BF
[819] [M]: 0x0000000080000CB8 (0x00BF1F13) slli t5, t5, 0xb
x30 <- 0xFFF7FFFFFD880000

mem[X,0x0000000080000CBC] -> 0x0F13
mem[X,0x0000000080000CBE] -> 0x03FF
[820] [M]: 0x0000000080000CBC (0x03FF0F13) addi t5, t5, 0x3f
x30 <- 0xFFF7FFFFFD88003F

mem[X,0x0000000080000CC0] -> 0x1F13
mem[X,0x0000000080000CC2] -> 0x00AF
[821] [M]: 0x0000000080000CC0 (0x00AF1F13) slli t5, t5, 0xa
x30 <- 0xDFFFFFF62000FC00

mem[X,0x0000000080000CC4] -> 0x0F13
mem[X,0x0000000080000CC6] -> 0x3FBF
[822] [M]: 0x0000000080000CC4 (0x3FBF0F13) addi t5, t5, 0x3fb
x30 <- 0xDFFFFFF62000FFFB

mem[X,0x0000000080000CC8] -> 0x2EB7
mem[X,0x0000000080000CCA] -> 0x0800
[823] [M]: 0x0000000080000CC8 (0x08002EB7) lui t4, 0x8002
x29 <- 0x0000000008002000

mem[X,0x0000000080000CCC] -> 0x8E93
mem[X,0x0000000080000CCE] -> 0x000E
[824] [M]: 0x0000000080000CCC (0x000E8E93) addi t4, t4, 0x0
x29 <- 0x0000000008002000

mem[X,0x0000000080000CD0] -> 0x9E93
mem[X,0x0000000080000CD2] -> 0x00BE
[825] [M]: 0x0000000080000CD0 (0x00BE9E93) slli t4, t4, 0xb
x29 <- 0x0000004001000000

mem[X,0x0000000080000CD4] -> 0x8E93
mem[X,0x0000000080000CD6] -> 0x7DFE
[826] [M]: 0x0000000080000CD4 (0x7DFE8E93) addi t4, t4, 0x7df
x29 <- 0x00000040010007DF

mem[X,0x0000000080000CD8] -> 0x9E93
mem[X,0x0000000080000CDA] -> 0x00BE
[827] [M]: 0x0000000080000CD8 (0x00BE9E93) slli t4, t4, 0xb
x29 <- 0x00020008003EF800

mem[X,0x0000000080000CDC] -> 0x8E93
mem[X,0x0000000080000CDE] -> 0x7EAE
[828] [M]: 0x0000000080000CDC (0x7EAE8E93) addi t4, t4, 0x7ea
x29 <- 0x00020008003EFFEA

mem[X,0x0000000080000CE0] -> 0x9E93
mem[X,0x0000000080000CE2] -> 0x00AE
[829] [M]: 0x0000000080000CE0 (0x00AE9E93) slli t4, t4, 0xa
x29 <- 0x08002000FBFFA800

mem[X,0x0000000080000CE4] -> 0x8E93
mem[X,0x0000000080000CE6] -> 0x2AAE
[830] [M]: 0x0000000080000CE4 (0x2AAE8E93) addi t4, t4, 0x2aa
x29 <- 0x08002000FBFFAAAA

mem[X,0x0000000080000CE8] -> 0x5FBB
mem[X,0x0000000080000CEA] -> 0xAFDF
[831] [M]: 0x0000000080000CE8 (0xAFDF5FBB) pm4addau.h t6, t5, t4
x31 <- 0xFFBF000D59FC1987

mem[X,0x0000000080000CEC] -> 0x3C23
mem[X,0x0000000080000CEE] -> 0x05F1
[832] [M]: 0x0000000080000CEC (0x05F13C23) sd t6, 0x58(sp)
mem[0x0000000080004250] <- 0xFFBF000D59FC1987

mem[X,0x0000000080000CF0] -> 0x0F37
mem[X,0x0000000080000CF2] -> 0xFFFB
[833] [M]: 0x0000000080000CF0 (0xFFFB0F37) lui t5, -0x50
x30 <- 0xFFFFFFFFFFFB0000

mem[X,0x0000000080000CF4] -> 0x0F13
mem[X,0x0000000080000CF6] -> 0xFFBF
[834] [M]: 0x0000000080000CF4 (0xFFBF0F13) addi t5, t5, -0x5
x30 <- 0xFFFFFFFFFFFAFFFB

mem[X,0x0000000080000CF8] -> 0x1F13
mem[X,0x0000000080000CFA] -> 0x00BF
[835] [M]: 0x0000000080000CF8 (0x00BF1F13) slli t5, t5, 0xb
x30 <- 0xFFFFFFFFD7FFD800

mem[X,0x0000000080000CFC] -> 0x0F13
mem[X,0x0000000080000CFE] -> 0x600F
[836] [M]: 0x0000000080000CFC (0x600F0F13) addi t5, t5, 0x600
x30 <- 0xFFFFFFFFD7FFDE00

mem[X,0x0000000080000D00] -> 0x1F13
mem[X,0x0000000080000D02] -> 0x00BF
[837] [M]: 0x0000000080000D00 (0x00BF1F13) slli t5, t5, 0xb
x30 <- 0xFFFFFEBFFEF00000

mem[X,0x0000000080000D04] -> 0x0F13
mem[X,0x0000000080000D06] -> 0x03FF
[838] [M]: 0x0000000080000D04 (0x03FF0F13) addi t5, t5, 0x3f
x30 <- 0xFFFFFEBFFEF0003F

mem[X,0x0000000080000D08] -> 0x1F13
mem[X,0x0000000080000D0A] -> 0x00AF
[839] [M]: 0x0000000080000D08 (0x00AF1F13) slli t5, t5, 0xa
x30 <- 0xFFFAFFFBC000FC00

mem[X,0x0000000080000D0C] -> 0x0F13
mem[X,0x0000000080000D0E] -> 0x3BFF
[840] [M]: 0x0000000080000D0C (0x3BFF0F13) addi t5, t5, 0x3bf
x30 <- 0xFFFAFFFBC000FFBF

mem[X,0x0000000080000D10] -> 0x1EB7
mem[X,0x0000000080000D12] -> 0x1000
[841] [M]: 0x0000000080000D10 (0x10001EB7) lui t4, 0x10001
x29 <- 0x0000000010001000

mem[X,0x0000000080000D14] -> 0x8E93
mem[X,0x0000000080000D16] -> 0x800E
[842] [M]: 0x0000000080000D14 (0x800E8E93) addi t4, t4, -0x800
x29 <- 0x0000000010000800

mem[X,0x0000000080000D18] -> 0x9E93
mem[X,0x0000000080000D1A] -> 0x00BE
[843] [M]: 0x0000000080000D18 (0x00BE9E93) slli t4, t4, 0xb
x29 <- 0x0000008000400000

mem[X,0x0000000080000D1C] -> 0x8E93
mem[X,0x0000000080000D1E] -> 0x000E
[844] [M]: 0x0000000080000D1C (0x000E8E93) addi t4, t4, 0x0
x29 <- 0x0000008000400000

mem[X,0x0000000080000D20] -> 0x9E93
mem[X,0x0000000080000D22] -> 0x00BE
[845] [M]: 0x0000000080000D20 (0x00BE9E93) slli t4, t4, 0xb
x29 <- 0x0004000200000000

mem[X,0x0000000080000D24] -> 0x8E93
mem[X,0x0000000080000D26] -> 0x1AFE
[846] [M]: 0x0000000080000D24 (0x1AFE8E93) addi t4, t4, 0x1af
x29 <- 0x00040002000001AF

mem[X,0x0000000080000D28] -> 0x9E93
mem[X,0x0000000080000D2A] -> 0x00AE
[847] [M]: 0x0000000080000D28 (0x00AE9E93) slli t4, t4, 0xa
x29 <- 0x100008000006BC00

mem[X,0x0000000080000D2C] -> 0x8E93
mem[X,0x0000000080000D2E] -> 0x3FFE
[848] [M]: 0x0000000080000D2C (0x3FFE8E93) addi t4, t4, 0x3ff
x29 <- 0x100008000006BFFF

mem[X,0x0000000080000D30] -> 0x5FBB
mem[X,0x0000000080000D32] -> 0xAFDF
[849] [M]: 0x0000000080000D30 (0xAFDF5FBB) pm4addau.h t6, t5, t4
x31 <- 0xFFBF000E31CE51C8

mem[X,0x0000000080000D34] -> 0x3023
mem[X,0x0000000080000D36] -> 0x07F1
[850] [M]: 0x0000000080000D34 (0x07F13023) sd t6, 0x60(sp)
mem[0x0000000080004258] <- 0xFFBF000E31CE51C8

mem[X,0x0000000080000D38] -> 0x0F37
mem[X,0x0000000080000D3A] -> 0x5556
[851] [M]: 0x0000000080000D38 (0x55560F37) lui t5, 0x55560
x30 <- 0x0000000055560000

mem[X,0x0000000080000D3C] -> 0x0F13
mem[X,0x0000000080000D3E] -> 0xFFFF
[852] [M]: 0x0000000080000D3C (0xFFFF0F13) addi t5, t5, -0x1
x30 <- 0x000000005555FFFF

mem[X,0x0000000080000D40] -> 0x1F13
mem[X,0x0000000080000D42] -> 0x00BF
[853] [M]: 0x0000000080000D40 (0x00BF1F13) slli t5, t5, 0xb
x30 <- 0x000002AAAFFFF800

mem[X,0x0000000080000D44] -> 0x0F13
mem[X,0x0000000080000D46] -> 0x100F
[854] [M]: 0x0000000080000D44 (0x100F0F13) addi t5, t5, 0x100
x30 <- 0x000002AAAFFFF900

mem[X,0x0000000080000D48] -> 0x1F13
mem[X,0x0000000080000D4A] -> 0x00BF
[855] [M]: 0x0000000080000D48 (0x00BF1F13) slli t5, t5, 0xb
x30 <- 0x0015557FFFC80000

mem[X,0x0000000080000D4C] -> 0x0F13
mem[X,0x0000000080000D4E] -> 0x004F
[856] [M]: 0x0000000080000D4C (0x004F0F13) addi t5, t5, 0x4
x30 <- 0x0015557FFFC80004

mem[X,0x0000000080000D50] -> 0x1F13
mem[X,0x0000000080000D52] -> 0x00AF
[857] [M]: 0x0000000080000D50 (0x00AF1F13) slli t5, t5, 0xa
x30 <- 0x5555FFFF20001000

mem[X,0x0000000080000D54] -> 0x0EB7
mem[X,0x0000000080000D56] -> 0x4001
[858] [M]: 0x0000000080000D54 (0x40010EB7) lui t4, 0x40010
x29 <- 0x0000000040010000

mem[X,0x0000000080000D58] -> 0x8E93
mem[X,0x0000000080000D5A] -> 0xEFFE
[859] [M]: 0x0000000080000D58 (0xEFFE8E93) addi t4, t4, -0x101
x29 <- 0x000000004000FEFF

mem[X,0x0000000080000D5C] -> 0x9E93
mem[X,0x0000000080000D5E] -> 0x00BE
[860] [M]: 0x0000000080000D5C (0x00BE9E93) slli t4, t4, 0xb
x29 <- 0x0000020007F7F800

mem[X,0x0000000080000D60] -> 0x8E93
mem[X,0x0000000080000D62] -> 0x600E
[861] [M]: 0x0000000080000D60 (0x600E8E93) addi t4, t4, 0x600
x29 <- 0x0000020007F7FE00

mem[X,0x0000000080000D64] -> 0x9E93
mem[X,0x0000000080000D66] -> 0x00BE
[862] [M]: 0x0000000080000D64 (0x00BE9E93) slli t4, t4, 0xb
x29 <- 0x0010003FBFF00000

mem[X,0x0000000080000D68] -> 0x8E93
mem[X,0x0000000080000D6A] -> 0x03FE
[863] [M]: 0x0000000080000D68 (0x03FE8E93) addi t4, t4, 0x3f
x29 <- 0x0010003FBFF0003F

mem[X,0x0000000080000D6C] -> 0x9E93
mem[X,0x0000000080000D6E] -> 0x00AE
[864] [M]: 0x0000000080000D6C (0x00AE9E93) slli t4, t4, 0xa
x29 <- 0x4000FEFFC000FC00

mem[X,0x0000000080000D70] -> 0x8E93
mem[X,0x0000000080000D72] -> 0x3F7E
[865] [M]: 0x0000000080000D70 (0x3F7E8E93) addi t4, t4, 0x3f7
x29 <- 0x4000FEFFC000FFF7

mem[X,0x0000000080000D74] -> 0x5FBB
mem[X,0x0000000080000D76] -> 0xAFDF
[866] [M]: 0x0000000080000D74 (0xAFDF5FBB) pm4addau.h t6, t5, t4
x31 <- 0xFFBF000F6E2102C9

mem[X,0x0000000080000D78] -> 0x3423
mem[X,0x0000000080000D7A] -> 0x07F1
[867] [M]: 0x0000000080000D78 (0x07F13423) sd t6, 0x68(sp)
mem[0x0000000080004260] <- 0xFFBF000F6E2102C9

mem[X,0x0000000080000D7C] -> 0x0F37
mem[X,0x0000000080000D7E] -> 0xFFF7
[868] [M]: 0x0000000080000D7C (0xFFF70F37) lui t5, -0x90
x30 <- 0xFFFFFFFFFFF70000

mem[X,0x0000000080000D80] -> 0x0F13
mem[X,0x0000000080000D82] -> 0x004F
[869] [M]: 0x0000000080000D80 (0x004F0F13) addi t5, t5, 0x4
x30 <- 0xFFFFFFFFFFF70004

mem[X,0x0000000080000D84] -> 0x1F13
mem[X,0x0000000080000D86] -> 0x00BF
[870] [M]: 0x0000000080000D84 (0x00BF1F13) slli t5, t5, 0xb
x30 <- 0xFFFFFFFFB8002000

mem[X,0x0000000080000D88] -> 0x0F13
mem[X,0x0000000080000D8A] -> 0x7FFF
[871] [M]: 0x0000000080000D88 (0x7FFF0F13) addi t5, t5, 0x7ff
x30 <- 0xFFFFFFFFB80027FF

mem[X,0x0000000080000D8C] -> 0x1F13
mem[X,0x0000000080000D8E] -> 0x00BF
[872] [M]: 0x0000000080000D8C (0x00BF1F13) slli t5, t5, 0xb
x30 <- 0xFFFFFDC0013FF800

mem[X,0x0000000080000D90] -> 0x0F13
mem[X,0x0000000080000D92] -> 0x700F
[873] [M]: 0x0000000080000D90 (0x700F0F13) addi t5, t5, 0x700
x30 <- 0xFFFFFDC0013FFF00

mem[X,0x0000000080000D94] -> 0x1F13
mem[X,0x0000000080000D96] -> 0x00AF
[874] [M]: 0x0000000080000D94 (0x00AF1F13) slli t5, t5, 0xa
x30 <- 0xFFF70004FFFC0000

mem[X,0x0000000080000D98] -> 0x0F13
mem[X,0x0000000080000D9A] -> 0x005F
[875] [M]: 0x0000000080000D98 (0x005F0F13) addi t5, t5, 0x5
x30 <- 0xFFF70004FFFC0005

mem[X,0x0000000080000D9C] -> 0x4EB7
mem[X,0x0000000080000D9E] -> 0xFFFE
[876] [M]: 0x0000000080000D9C (0xFFFE4EB7) lui t4, -0x1c
x29 <- 0xFFFFFFFFFFFE4000

mem[X,0x0000000080000DA0] -> 0x8E93
mem[X,0x0000000080000DA2] -> 0x000E
[877] [M]: 0x0000000080000DA0 (0x000E8E93) addi t4, t4, 0x0
x29 <- 0xFFFFFFFFFFFE4000

mem[X,0x0000000080000DA4] -> 0x9E93
mem[X,0x0000000080000DA6] -> 0x00BE
[878] [M]: 0x0000000080000DA4 (0x00BE9E93) slli t4, t4, 0xb
x29 <- 0xFFFFFFFFF2000000

mem[X,0x0000000080000DA8] -> 0x8E93
mem[X,0x0000000080000DAA] -> 0x7FFE
[879] [M]: 0x0000000080000DA8 (0x7FFE8E93) addi t4, t4, 0x7ff
x29 <- 0xFFFFFFFFF20007FF

mem[X,0x0000000080000DAC] -> 0x9E93
mem[X,0x0000000080000DAE] -> 0x00BE
[880] [M]: 0x0000000080000DAC (0x00BE9E93) slli t4, t4, 0xb
x29 <- 0xFFFFFF90003FF800

mem[X,0x0000000080000DB0] -> 0x8E93
mem[X,0x0000000080000DB2] -> 0x780E
[881] [M]: 0x0000000080000DB0 (0x780E8E93) addi t4, t4, 0x780
x29 <- 0xFFFFFF90003FFF80

mem[X,0x0000000080000DB4] -> 0x9E93
mem[X,0x0000000080000DB6] -> 0x00AE
[882] [M]: 0x0000000080000DB4 (0x00AE9E93) slli t4, t4, 0xa
x29 <- 0xFFFE4000FFFE0000

mem[X,0x0000000080000DB8] -> 0x8E93
mem[X,0x0000000080000DBA] -> 0x100E
[883] [M]: 0x0000000080000DB8 (0x100E8E93) addi t4, t4, 0x100
x29 <- 0xFFFE4000FFFE0100

mem[X,0x0000000080000DBC] -> 0x5FBB
mem[X,0x0000000080000DBE] -> 0xAFDF
[884] [M]: 0x0000000080000DBC (0xAFDF5FBB) pm4addau.h t6, t5, t4
x31 <- 0xFFBF00116E1107E3

mem[X,0x0000000080000DC0] -> 0x3823
mem[X,0x0000000080000DC2] -> 0x07F1
[885] [M]: 0x0000000080000DC0 (0x07F13823) sd t6, 0x70(sp)
mem[0x0000000080004268] <- 0xFFBF00116E1107E3

mem[X,0x0000000080000DC4] -> 0x0F37
mem[X,0x0000000080000DC6] -> 0xFFDF
[886] [M]: 0x0000000080000DC4 (0xFFDF0F37) lui t5, -0x210
x30 <- 0xFFFFFFFFFFDF0000

mem[X,0x0000000080000DC8] -> 0x0F13
mem[X,0x0000000080000DCA] -> 0x000F
[887] [M]: 0x0000000080000DC8 (0x000F0F13) addi t5, t5, 0x0
x30 <- 0xFFFFFFFFFFDF0000

mem[X,0x0000000080000DCC] -> 0x1F13
mem[X,0x0000000080000DCE] -> 0x00BF
[888] [M]: 0x0000000080000DCC (0x00BF1F13) slli t5, t5, 0xb
x30 <- 0xFFFFFFFEF8000000

mem[X,0x0000000080000DD0] -> 0x0F13
mem[X,0x0000000080000DD2] -> 0x200F
[889] [M]: 0x0000000080000DD0 (0x200F0F13) addi t5, t5, 0x200
x30 <- 0xFFFFFFFEF8000200

mem[X,0x0000000080000DD4] -> 0x1F13
mem[X,0x0000000080000DD6] -> 0x00BF
[890] [M]: 0x0000000080000DD4 (0x00BF1F13) slli t5, t5, 0xb
x30 <- 0xFFFFF7C000100000

mem[X,0x0000000080000DD8] -> 0x0F13
mem[X,0x0000000080000DDA] -> 0x000F
[891] [M]: 0x0000000080000DD8 (0x000F0F13) addi t5, t5, 0x0
x30 <- 0xFFFFF7C000100000

mem[X,0x0000000080000DDC] -> 0x1F13
mem[X,0x0000000080000DDE] -> 0x00AF
[892] [M]: 0x0000000080000DDC (0x00AF1F13) slli t5, t5, 0xa
x30 <- 0xFFDF000040000000

mem[X,0x0000000080000DE0] -> 0x0F13
mem[X,0x0000000080000DE2] -> 0x005F
[893] [M]: 0x0000000080000DE0 (0x005F0F13) addi t5, t5, 0x5
x30 <- 0xFFDF000040000005

mem[X,0x0000000080000DE4] -> 0x0EB7
mem[X,0x0000000080000DE6] -> 0xFFFE
[894] [M]: 0x0000000080000DE4 (0xFFFE0EB7) lui t4, -0x20
x29 <- 0xFFFFFFFFFFFE0000

mem[X,0x0000000080000DE8] -> 0x8E93
mem[X,0x0000000080000DEA] -> 0xFFEE
[895] [M]: 0x0000000080000DE8 (0xFFEE8E93) addi t4, t4, -0x2
x29 <- 0xFFFFFFFFFFFDFFFE

mem[X,0x0000000080000DEC] -> 0x9E93
mem[X,0x0000000080000DEE] -> 0x00BE
[896] [M]: 0x0000000080000DEC (0x00BE9E93) slli t4, t4, 0xb
x29 <- 0xFFFFFFFFEFFFF000

mem[X,0x0000000080000DF0] -> 0x8E93
mem[X,0x0000000080000DF2] -> 0x001E
[897] [M]: 0x0000000080000DF0 (0x001E8E93) addi t4, t4, 0x1
x29 <- 0xFFFFFFFFEFFFF001

mem[X,0x0000000080000DF4] -> 0x9E93
mem[X,0x0000000080000DF6] -> 0x00BE
[898] [M]: 0x0000000080000DF4 (0x00BE9E93) slli t4, t4, 0xb
x29 <- 0xFFFFFF7FFF800800

mem[X,0x0000000080000DF8] -> 0x8E93
mem[X,0x0000000080000DFA] -> 0x01FE
[899] [M]: 0x0000000080000DF8 (0x01FE8E93) addi t4, t4, 0x1f
x29 <- 0xFFFFFF7FFF80081F

clint::tick mtime <- 0x0000000000000009
 clint timer pending at mtime 0x0000000000000009
htif::tick 0x0000000000000000
mem[X,0x0000000080000DFC] -> 0x9E93
mem[X,0x0000000080000DFE] -> 0x00AE
[900] [M]: 0x0000000080000DFC (0x00AE9E93) slli t4, t4, 0xa
x29 <- 0xFFFDFFFE00207C00

mem[X,0x0000000080000E00] -> 0x8E93
mem[X,0x0000000080000E02] -> 0x3FFE
[901] [M]: 0x0000000080000E00 (0x3FFE8E93) addi t4, t4, 0x3ff
x29 <- 0xFFFDFFFE00207FFF

mem[X,0x0000000080000E04] -> 0x5FBB
mem[X,0x0000000080000E06] -> 0xAFDF
[902] [M]: 0x0000000080000E04 (0xAFDF5FBB) pm4addau.h t6, t5, t4
x31 <- 0xFFBF00126DF78841

mem[X,0x0000000080000E08] -> 0x3C23
mem[X,0x0000000080000E0A] -> 0x07F1
[903] [M]: 0x0000000080000E08 (0x07F13C23) sd t6, 0x78(sp)
mem[0x0000000080004270] <- 0xFFBF00126DF78841

mem[X,0x0000000080000E0C] -> 0x0F37
mem[X,0x0000000080000E0E] -> 0x2000
[904] [M]: 0x0000000080000E0C (0x20000F37) lui t5, 0x20000
x30 <- 0x0000000020000000

mem[X,0x0000000080000E10] -> 0x0F13
mem[X,0x0000000080000E12] -> 0x005F
[905] [M]: 0x0000000080000E10 (0x005F0F13) addi t5, t5, 0x5
x30 <- 0x0000000020000005

mem[X,0x0000000080000E14] -> 0x1F13
mem[X,0x0000000080000E16] -> 0x00BF
[906] [M]: 0x0000000080000E14 (0x00BF1F13) slli t5, t5, 0xb
x30 <- 0x0000010000002800

mem[X,0x0000000080000E18] -> 0x0F13
mem[X,0x0000000080000E1A] -> 0x008F
[907] [M]: 0x0000000080000E18 (0x008F0F13) addi t5, t5, 0x8
x30 <- 0x0000010000002808

mem[X,0x0000000080000E1C] -> 0x1F13
mem[X,0x0000000080000E1E] -> 0x00BF
[908] [M]: 0x0000000080000E1C (0x00BF1F13) slli t5, t5, 0xb
x30 <- 0x0008000001404000

mem[X,0x0000000080000E20] -> 0x0F13
mem[X,0x0000000080000E22] -> 0x03FF
[909] [M]: 0x0000000080000E20 (0x03FF0F13) addi t5, t5, 0x3f
x30 <- 0x000800000140403F

mem[X,0x0000000080000E24] -> 0x1F13
mem[X,0x0000000080000E26] -> 0x00AF
[910] [M]: 0x0000000080000E24 (0x00AF1F13) slli t5, t5, 0xa
x30 <- 0x200000050100FC00

mem[X,0x0000000080000E28] -> 0x0F13
mem[X,0x0000000080000E2A] -> 0x3F8F
[911] [M]: 0x0000000080000E28 (0x3F8F0F13) addi t5, t5, 0x3f8
x30 <- 0x200000050100FFF8

mem[X,0x0000000080000E2C] -> 0xFEB7
mem[X,0x0000000080000E2E] -> 0xFFFB
[912] [M]: 0x0000000080000E2C (0xFFFBFEB7) lui t4, -0x41
x29 <- 0xFFFFFFFFFFFBF000

mem[X,0x0000000080000E30] -> 0x8E93
mem[X,0x0000000080000E32] -> 0xFFFE
[913] [M]: 0x0000000080000E30 (0xFFFE8E93) addi t4, t4, -0x1
x29 <- 0xFFFFFFFFFFFBEFFF

mem[X,0x0000000080000E34] -> 0x9E93
mem[X,0x0000000080000E36] -> 0x00BE
[914] [M]: 0x0000000080000E34 (0x00BE9E93) slli t4, t4, 0xb
x29 <- 0xFFFFFFFFDF7FF800

mem[X,0x0000000080000E38] -> 0x8E93
mem[X,0x0000000080000E3A] -> 0x5FFE
[915] [M]: 0x0000000080000E38 (0x5FFE8E93) addi t4, t4, 0x5ff
x29 <- 0xFFFFFFFFDF7FFDFF

mem[X,0x0000000080000E3C] -> 0x9E93
mem[X,0x0000000080000E3E] -> 0x00BE
[916] [M]: 0x0000000080000E3C (0x00BE9E93) slli t4, t4, 0xb
x29 <- 0xFFFFFEFBFFEFF800

mem[X,0x0000000080000E40] -> 0x8E93
mem[X,0x0000000080000E42] -> 0x7FFE
[917] [M]: 0x0000000080000E40 (0x7FFE8E93) addi t4, t4, 0x7ff
x29 <- 0xFFFFFEFBFFEFFFFF

mem[X,0x0000000080000E44] -> 0x9E93
mem[X,0x0000000080000E46] -> 0x00AE
[918] [M]: 0x0000000080000E44 (0x00AE9E93) slli t4, t4, 0xa
x29 <- 0xFFFBEFFFBFFFFC00

mem[X,0x0000000080000E48] -> 0x8E93
mem[X,0x0000000080000E4A] -> 0x3F8E
[919] [M]: 0x0000000080000E48 (0x3F8E8E93) addi t4, t4, 0x3f8
x29 <- 0xFFFBEFFFBFFFFFF8

mem[X,0x0000000080000E4C] -> 0x5FBB
mem[X,0x0000000080000E4E] -> 0xAFDF
[920] [M]: 0x0000000080000E4C (0xAFDF5FBB) pm4addau.h t6, t5, t4
x31 <- 0xFFBF00138EAB977C

mem[X,0x0000000080000E50] -> 0x3023
mem[X,0x0000000080000E52] -> 0x09F1
[921] [M]: 0x0000000080000E50 (0x09F13023) sd t6, 0x80(sp)
mem[0x0000000080004278] <- 0xFFBF00138EAB977C

mem[X,0x0000000080000E54] -> 0x0F37
mem[X,0x0000000080000E56] -> 0xC000
[922] [M]: 0x0000000080000E54 (0xC0000F37) lui t5, -0x40000
x30 <- 0xFFFFFFFFC0000000

mem[X,0x0000000080000E58] -> 0x0F13
mem[X,0x0000000080000E5A] -> 0xFEFF
[923] [M]: 0x0000000080000E58 (0xFEFF0F13) addi t5, t5, -0x11
x30 <- 0xFFFFFFFFBFFFFFEF

mem[X,0x0000000080000E5C] -> 0x1F13
mem[X,0x0000000080000E5E] -> 0x00BF
[924] [M]: 0x0000000080000E5C (0x00BF1F13) slli t5, t5, 0xb
x30 <- 0xFFFFFDFFFFFF7800

mem[X,0x0000000080000E60] -> 0x0F13
mem[X,0x0000000080000E62] -> 0x7FFF
[925] [M]: 0x0000000080000E60 (0x7FFF0F13) addi t5, t5, 0x7ff
x30 <- 0xFFFFFDFFFFFF7FFF

mem[X,0x0000000080000E64] -> 0x1F13
mem[X,0x0000000080000E66] -> 0x00BF
[926] [M]: 0x0000000080000E64 (0x00BF1F13) slli t5, t5, 0xb
x30 <- 0xFFEFFFFFFBFFF800

mem[X,0x0000000080000E68] -> 0x0F13
mem[X,0x0000000080000E6A] -> 0x7C0F
[927] [M]: 0x0000000080000E68 (0x7C0F0F13) addi t5, t5, 0x7c0
x30 <- 0xFFEFFFFFFBFFFFC0

mem[X,0x0000000080000E6C] -> 0x1F13
mem[X,0x0000000080000E6E] -> 0x00AF
[928] [M]: 0x0000000080000E6C (0x00AF1F13) slli t5, t5, 0xa
x30 <- 0xBFFFFFEFFFFF0000

mem[X,0x0000000080000E70] -> 0x0F13
mem[X,0x0000000080000E72] -> 0x002F
[929] [M]: 0x0000000080000E70 (0x002F0F13) addi t5, t5, 0x2
x30 <- 0xBFFFFFEFFFFF0002

mem[X,0x0000000080000E74] -> 0x0EB7
mem[X,0x0000000080000E76] -> 0xFFC0
[930] [M]: 0x0000000080000E74 (0xFFC00EB7) lui t4, -0x400
x29 <- 0xFFFFFFFFFFC00000

mem[X,0x0000000080000E78] -> 0x8E93
mem[X,0x0000000080000E7A] -> 0xFDFE
[931] [M]: 0x0000000080000E78 (0xFDFE8E93) addi t4, t4, -0x21
x29 <- 0xFFFFFFFFFFBFFFDF

mem[X,0x0000000080000E7C] -> 0x9E93
mem[X,0x0000000080000E7E] -> 0x00BE
[932] [M]: 0x0000000080000E7C (0x00BE9E93) slli t4, t4, 0xb
x29 <- 0xFFFFFFFDFFFEF800

mem[X,0x0000000080000E80] -> 0x8E93
mem[X,0x0000000080000E82] -> 0x008E
[933] [M]: 0x0000000080000E80 (0x008E8E93) addi t4, t4, 0x8
x29 <- 0xFFFFFFFDFFFEF808

mem[X,0x0000000080000E84] -> 0x9E93
mem[X,0x0000000080000E86] -> 0x00BE
[934] [M]: 0x0000000080000E84 (0x00BE9E93) slli t4, t4, 0xb
x29 <- 0xFFFFEFFFF7C04000

mem[X,0x0000000080000E88] -> 0x8E93
mem[X,0x0000000080000E8A] -> 0x03DE
[935] [M]: 0x0000000080000E88 (0x03DE8E93) addi t4, t4, 0x3d
x29 <- 0xFFFFEFFFF7C0403D

mem[X,0x0000000080000E8C] -> 0x9E93
mem[X,0x0000000080000E8E] -> 0x00AE
[936] [M]: 0x0000000080000E8C (0x00AE9E93) slli t4, t4, 0xa
x29 <- 0xFFBFFFDF0100F400

mem[X,0x0000000080000E90] -> 0x8E93
mem[X,0x0000000080000E92] -> 0x3FFE
[937] [M]: 0x0000000080000E90 (0x3FFE8E93) addi t4, t4, 0x3ff
x29 <- 0xFFBFFFDF0100F7FF

mem[X,0x0000000080000E94] -> 0x5FBB
mem[X,0x0000000080000E96] -> 0xAFDF
[938] [M]: 0x0000000080000E94 (0xAFDF5FBB) pm4addau.h t6, t5, t4
x31 <- 0xFFBF00154F49C8EC

mem[X,0x0000000080000E98] -> 0x3423
mem[X,0x0000000080000E9A] -> 0x09F1
[939] [M]: 0x0000000080000E98 (0x09F13423) sd t6, 0x88(sp)
mem[0x0000000080004280] <- 0xFFBF00154F49C8EC

mem[X,0x0000000080000E9C] -> 0x4F37
mem[X,0x0000000080000E9E] -> 0x0008
[940] [M]: 0x0000000080000E9C (0x00084F37) lui t5, 0x84
x30 <- 0x0000000000084000

mem[X,0x0000000080000EA0] -> 0x0F13
mem[X,0x0000000080000EA2] -> 0x000F
[941] [M]: 0x0000000080000EA0 (0x000F0F13) addi t5, t5, 0x0
x30 <- 0x0000000000084000

mem[X,0x0000000080000EA4] -> 0x1F13
mem[X,0x0000000080000EA6] -> 0x00BF
[942] [M]: 0x0000000080000EA4 (0x00BF1F13) slli t5, t5, 0xb
x30 <- 0x0000000042000000

mem[X,0x0000000080000EA8] -> 0x0F13
mem[X,0x0000000080000EAA] -> 0x080F
[943] [M]: 0x0000000080000EA8 (0x080F0F13) addi t5, t5, 0x80
x30 <- 0x0000000042000080

mem[X,0x0000000080000EAC] -> 0x1F13
mem[X,0x0000000080000EAE] -> 0x00BF
[944] [M]: 0x0000000080000EAC (0x00BF1F13) slli t5, t5, 0xb
x30 <- 0x0000021000040000

mem[X,0x0000000080000EB0] -> 0x0F13
mem[X,0x0000000080000EB2] -> 0x000F
[945] [M]: 0x0000000080000EB0 (0x000F0F13) addi t5, t5, 0x0
x30 <- 0x0000021000040000

mem[X,0x0000000080000EB4] -> 0x1F13
mem[X,0x0000000080000EB6] -> 0x00AF
[946] [M]: 0x0000000080000EB4 (0x00AF1F13) slli t5, t5, 0xa
x30 <- 0x0008400010000000

mem[X,0x0000000080000EB8] -> 0x0F13
mem[X,0x0000000080000EBA] -> 0x100F
[947] [M]: 0x0000000080000EB8 (0x100F0F13) addi t5, t5, 0x100
x30 <- 0x0008400010000100

mem[X,0x0000000080000EBC] -> 0x0EB7
mem[X,0x0000000080000EBE] -> 0xFF00
[948] [M]: 0x0000000080000EBC (0xFF000EB7) lui t4, -0x1000
x29 <- 0xFFFFFFFFFF000000

mem[X,0x0000000080000EC0] -> 0x8E93
mem[X,0x0000000080000EC2] -> 0xFFFE
[949] [M]: 0x0000000080000EC0 (0xFFFE8E93) addi t4, t4, -0x1
x29 <- 0xFFFFFFFFFEFFFFFF

mem[X,0x0000000080000EC4] -> 0x9E93
mem[X,0x0000000080000EC6] -> 0x00BE
[950] [M]: 0x0000000080000EC4 (0x00BE9E93) slli t4, t4, 0xb
x29 <- 0xFFFFFFF7FFFFF800

mem[X,0x0000000080000EC8] -> 0x8E93
mem[X,0x0000000080000ECA] -> 0x040E
[951] [M]: 0x0000000080000EC8 (0x040E8E93) addi t4, t4, 0x40
x29 <- 0xFFFFFFF7FFFFF840

mem[X,0x0000000080000ECC] -> 0x9E93
mem[X,0x0000000080000ECE] -> 0x00BE
[952] [M]: 0x0000000080000ECC (0x00BE9E93) slli t4, t4, 0xb
x29 <- 0xFFFFBFFFFFC20000

mem[X,0x0000000080000ED0] -> 0x8E93
mem[X,0x0000000080000ED2] -> 0x01FE
[953] [M]: 0x0000000080000ED0 (0x01FE8E93) addi t4, t4, 0x1f
x29 <- 0xFFFFBFFFFFC2001F

mem[X,0x0000000080000ED4] -> 0x9E93
mem[X,0x0000000080000ED6] -> 0x00AE
[954] [M]: 0x0000000080000ED4 (0x00AE9E93) slli t4, t4, 0xa
x29 <- 0xFEFFFFFF08007C00

mem[X,0x0000000080000ED8] -> 0x8E93
mem[X,0x0000000080000EDA] -> 0x3FFE
[955] [M]: 0x0000000080000ED8 (0x3FFE8E93) addi t4, t4, 0x3ff
x29 <- 0xFEFFFFFF08007FFF

mem[X,0x0000000080000EDC] -> 0x5FBB
mem[X,0x0000000080000EDE] -> 0xAFDF
[956] [M]: 0x0000000080000EDC (0xAFDF5FBB) pm4addau.h t6, t5, t4
x31 <- 0xFFBF001590517FE4

mem[X,0x0000000080000EE0] -> 0x3823
mem[X,0x0000000080000EE2] -> 0x09F1
[957] [M]: 0x0000000080000EE0 (0x09F13823) sd t6, 0x90(sp)
mem[0x0000000080004288] <- 0xFFBF001590517FE4

mem[X,0x0000000080000EE4] -> 0x0F37
mem[X,0x0000000080000EE6] -> 0x0003
[958] [M]: 0x0000000080000EE4 (0x00030F37) lui t5, 0x30
x30 <- 0x0000000000030000

mem[X,0x0000000080000EE8] -> 0x0F13
mem[X,0x0000000080000EEA] -> 0x005F
[959] [M]: 0x0000000080000EE8 (0x005F0F13) addi t5, t5, 0x5
x30 <- 0x0000000000030005

mem[X,0x0000000080000EEC] -> 0x1F13
mem[X,0x0000000080000EEE] -> 0x00BF
[960] [M]: 0x0000000080000EEC (0x00BF1F13) slli t5, t5, 0xb
x30 <- 0x0000000018002800

mem[X,0x0000000080000EF0] -> 0x0F13
mem[X,0x0000000080000EF2] -> 0x200F
[961] [M]: 0x0000000080000EF0 (0x200F0F13) addi t5, t5, 0x200
x30 <- 0x0000000018002A00

mem[X,0x0000000080000EF4] -> 0x1F13
mem[X,0x0000000080000EF6] -> 0x00BF
[962] [M]: 0x0000000080000EF4 (0x00BF1F13) slli t5, t5, 0xb
x30 <- 0x000000C001500000

mem[X,0x0000000080000EF8] -> 0x0F13
mem[X,0x0000000080000EFA] -> 0x000F
[963] [M]: 0x0000000080000EF8 (0x000F0F13) addi t5, t5, 0x0
x30 <- 0x000000C001500000

mem[X,0x0000000080000EFC] -> 0x1F13
mem[X,0x0000000080000EFE] -> 0x00AF
[964] [M]: 0x0000000080000EFC (0x00AF1F13) slli t5, t5, 0xa
x30 <- 0x0003000540000000

mem[X,0x0000000080000F00] -> 0x0F13
mem[X,0x0000000080000F02] -> 0x008F
[965] [M]: 0x0000000080000F00 (0x008F0F13) addi t5, t5, 0x8
x30 <- 0x0003000540000008

mem[X,0x0000000080000F04] -> 0x5EB7
mem[X,0x0000000080000F06] -> 0xFDFF
[966] [M]: 0x0000000080000F04 (0xFDFF5EB7) lui t4, -0x200b
x29 <- 0xFFFFFFFFFDFF5000

mem[X,0x0000000080000F08] -> 0x8E93
mem[X,0x0000000080000F0A] -> 0x555E
[967] [M]: 0x0000000080000F08 (0x555E8E93) addi t4, t4, 0x555
x29 <- 0xFFFFFFFFFDFF5555

mem[X,0x0000000080000F0C] -> 0x9E93
mem[X,0x0000000080000F0E] -> 0x00BE
[968] [M]: 0x0000000080000F0C (0x00BE9E93) slli t4, t4, 0xb
x29 <- 0xFFFFFFEFFAAAA800

mem[X,0x0000000080000F10] -> 0x8E93
mem[X,0x0000000080000F12] -> 0x000E
[969] [M]: 0x0000000080000F10 (0x000E8E93) addi t4, t4, 0x0
x29 <- 0xFFFFFFEFFAAAA800

mem[X,0x0000000080000F14] -> 0x9E93
mem[X,0x0000000080000F16] -> 0x00BE
[970] [M]: 0x0000000080000F14 (0x00BE9E93) slli t4, t4, 0xb
x29 <- 0xFFFF7FD555400000

mem[X,0x0000000080000F18] -> 0x8E93
mem[X,0x0000000080000F1A] -> 0x1A0E
[971] [M]: 0x0000000080000F18 (0x1A0E8E93) addi t4, t4, 0x1a0
x29 <- 0xFFFF7FD5554001A0

mem[X,0x0000000080000F1C] -> 0x9E93
mem[X,0x0000000080000F1E] -> 0x00AE
[972] [M]: 0x0000000080000F1C (0x00AE9E93) slli t4, t4, 0xa
x29 <- 0xFDFF555500068000

mem[X,0x0000000080000F20] -> 0x5FBB
mem[X,0x0000000080000F22] -> 0xAFDF
[973] [M]: 0x0000000080000F20 (0xAFDF5FBB) pm4addau.h t6, t5, t4
x31 <- 0xFFBF0015905BA48A

mem[X,0x0000000080000F24] -> 0x3C23
mem[X,0x0000000080000F26] -> 0x09F1
[974] [M]: 0x0000000080000F24 (0x09F13C23) sd t6, 0x98(sp)
mem[0x0000000080004290] <- 0xFFBF0015905BA48A

mem[X,0x0000000080000F28] -> 0x0F37
mem[X,0x0000000080000F2A] -> 0xFFFC
[975] [M]: 0x0000000080000F28 (0xFFFC0F37) lui t5, -0x40
x30 <- 0xFFFFFFFFFFFC0000

mem[X,0x0000000080000F2C] -> 0x0F13
mem[X,0x0000000080000F2E] -> 0xFEFF
[976] [M]: 0x0000000080000F2C (0xFEFF0F13) addi t5, t5, -0x11
x30 <- 0xFFFFFFFFFFFBFFEF

mem[X,0x0000000080000F30] -> 0x1F13
mem[X,0x0000000080000F32] -> 0x00BF
[977] [M]: 0x0000000080000F30 (0x00BF1F13) slli t5, t5, 0xb
x30 <- 0xFFFFFFFFDFFF7800

mem[X,0x0000000080000F34] -> 0x0F13
mem[X,0x0000000080000F36] -> 0x6FFF
[978] [M]: 0x0000000080000F34 (0x6FFF0F13) addi t5, t5, 0x6ff
x30 <- 0xFFFFFFFFDFFF7EFF

mem[X,0x0000000080000F38] -> 0x1F13
mem[X,0x0000000080000F3A] -> 0x00BF
[979] [M]: 0x0000000080000F38 (0x00BF1F13) slli t5, t5, 0xb
x30 <- 0xFFFFFEFFFBF7F800

mem[X,0x0000000080000F3C] -> 0x0F13
mem[X,0x0000000080000F3E] -> 0x7FFF
[980] [M]: 0x0000000080000F3C (0x7FFF0F13) addi t5, t5, 0x7ff
x30 <- 0xFFFFFEFFFBF7FFFF

mem[X,0x0000000080000F40] -> 0x1F13
mem[X,0x0000000080000F42] -> 0x00AF
[981] [M]: 0x0000000080000F40 (0x00AF1F13) slli t5, t5, 0xa
x30 <- 0xFFFBFFEFDFFFFC00

mem[X,0x0000000080000F44] -> 0x0F13
mem[X,0x0000000080000F46] -> 0x2FFF
[982] [M]: 0x0000000080000F44 (0x2FFF0F13) addi t5, t5, 0x2ff
x30 <- 0xFFFBFFEFDFFFFEFF

mem[X,0x0000000080000F48] -> 0x0EB7
mem[X,0x0000000080000F4A] -> 0xFC00
[983] [M]: 0x0000000080000F48 (0xFC000EB7) lui t4, -0x4000
x29 <- 0xFFFFFFFFFC000000

mem[X,0x0000000080000F4C] -> 0x8E93
mem[X,0x0000000080000F4E] -> 0xDFFE
[984] [M]: 0x0000000080000F4C (0xDFFE8E93) addi t4, t4, -0x201
x29 <- 0xFFFFFFFFFBFFFDFF

mem[X,0x0000000080000F50] -> 0x9E93
mem[X,0x0000000080000F52] -> 0x00BE
[985] [M]: 0x0000000080000F50 (0x00BE9E93) slli t4, t4, 0xb
x29 <- 0xFFFFFFDFFFEFF800

mem[X,0x0000000080000F54] -> 0x8E93
mem[X,0x0000000080000F56] -> 0x3FFE
[986] [M]: 0x0000000080000F54 (0x3FFE8E93) addi t4, t4, 0x3ff
x29 <- 0xFFFFFFDFFFEFFBFF

mem[X,0x0000000080000F58] -> 0x9E93
mem[X,0x0000000080000F5A] -> 0x00BE
[987] [M]: 0x0000000080000F58 (0x00BE9E93) slli t4, t4, 0xb
x29 <- 0xFFFEFFFF7FDFF800

mem[X,0x0000000080000F5C] -> 0x8E93
mem[X,0x0000000080000F5E] -> 0x7F0E
[988] [M]: 0x0000000080000F5C (0x7F0E8E93) addi t4, t4, 0x7f0
x29 <- 0xFFFEFFFF7FDFFFF0

mem[X,0x0000000080000F60] -> 0x9E93
mem[X,0x0000000080000F62] -> 0x00AE
[989] [M]: 0x0000000080000F60 (0x00AE9E93) slli t4, t4, 0xa
x29 <- 0xFBFFFDFF7FFFC000

mem[X,0x0000000080000F64] -> 0x5FBB
mem[X,0x0000000080000F66] -> 0xAFDF
[990] [M]: 0x0000000080000F64 (0xAFDF5FBB) pm4addau.h t6, t5, t4
x31 <- 0xFFBF0018B981BAA1

mem[X,0x0000000080000F68] -> 0x3023
mem[X,0x0000000080000F6A] -> 0x0BF1
[991] [M]: 0x0000000080000F68 (0x0BF13023) sd t6, 0xa0(sp)
mem[0x0000000080004298] <- 0xFFBF0018B981BAA1

mem[X,0x0000000080000F6C] -> 0x0F37
mem[X,0x0000000080000F6E] -> 0x8001
[992] [M]: 0x0000000080000F6C (0x80010F37) lui t5, -0x7fff0
x30 <- 0xFFFFFFFF80010000

mem[X,0x0000000080000F70] -> 0x0F13
mem[X,0x0000000080000F72] -> 0xFFEF
[993] [M]: 0x0000000080000F70 (0xFFEF0F13) addi t5, t5, -0x2
x30 <- 0xFFFFFFFF8000FFFE

mem[X,0x0000000080000F74] -> 0x1F13
mem[X,0x0000000080000F76] -> 0x00BF
[994] [M]: 0x0000000080000F74 (0x00BF1F13) slli t5, t5, 0xb
x30 <- 0xFFFFFC0007FFF000

mem[X,0x0000000080000F78] -> 0x0F13
mem[X,0x0000000080000F7A] -> 0x7FFF
[995] [M]: 0x0000000080000F78 (0x7FFF0F13) addi t5, t5, 0x7ff
x30 <- 0xFFFFFC0007FFF7FF

mem[X,0x0000000080000F7C] -> 0x1F13
mem[X,0x0000000080000F7E] -> 0x00BF
[996] [M]: 0x0000000080000F7C (0x00BF1F13) slli t5, t5, 0xb
x30 <- 0xFFE0003FFFBFF800

mem[X,0x0000000080000F80] -> 0x0F13
mem[X,0x0000000080000F82] -> 0x740F
[997] [M]: 0x0000000080000F80 (0x740F0F13) addi t5, t5, 0x740
x30 <- 0xFFE0003FFFBFFF40

mem[X,0x0000000080000F84] -> 0x1F13
mem[X,0x0000000080000F86] -> 0x00AF
[998] [M]: 0x0000000080000F84 (0x00AF1F13) slli t5, t5, 0xa
x30 <- 0x8000FFFEFFFD0000

mem[X,0x0000000080000F88] -> 0x0F13
mem[X,0x0000000080000F8A] -> 0x002F
[999] [M]: 0x0000000080000F88 (0x002F0F13) addi t5, t5, 0x2
x30 <- 0x8000FFFEFFFD0002

clint::tick mtime <- 0x000000000000000A
 clint timer pending at mtime 0x000000000000000A
htif::tick 0x0000000000000000
mem[X,0x0000000080000F8C] -> 0x0EB7
mem[X,0x0000000080000F8E] -> 0xF800
[1000] [M]: 0x0000000080000F8C (0xF8000EB7) lui t4, -0x8000
x29 <- 0xFFFFFFFFF8000000

mem[X,0x0000000080000F90] -> 0x8E93
mem[X,0x0000000080000F92] -> 0xFFFE
[1001] [M]: 0x0000000080000F90 (0xFFFE8E93) addi t4, t4, -0x1
x29 <- 0xFFFFFFFFF7FFFFFF

mem[X,0x0000000080000F94] -> 0x9E93
mem[X,0x0000000080000F96] -> 0x00BE
[1002] [M]: 0x0000000080000F94 (0x00BE9E93) slli t4, t4, 0xb
x29 <- 0xFFFFFFBFFFFFF800

mem[X,0x0000000080000F98] -> 0x8E93
mem[X,0x0000000080000F9A] -> 0x7FFE
[1003] [M]: 0x0000000080000F98 (0x7FFE8E93) addi t4, t4, 0x7ff
x29 <- 0xFFFFFFBFFFFFFFFF

mem[X,0x0000000080000F9C] -> 0x9E93
mem[X,0x0000000080000F9E] -> 0x00BE
[1004] [M]: 0x0000000080000F9C (0x00BE9E93) slli t4, t4, 0xb
x29 <- 0xFFFDFFFFFFFFF800

mem[X,0x0000000080000FA0] -> 0x8E93
mem[X,0x0000000080000FA2] -> 0x73FE
[1005] [M]: 0x0000000080000FA0 (0x73FE8E93) addi t4, t4, 0x73f
x29 <- 0xFFFDFFFFFFFFFF3F

mem[X,0x0000000080000FA4] -> 0x9E93
mem[X,0x0000000080000FA6] -> 0x00AE
[1006] [M]: 0x0000000080000FA4 (0x00AE9E93) slli t4, t4, 0xa
x29 <- 0xF7FFFFFFFFFCFC00

mem[X,0x0000000080000FA8] -> 0x8E93
mem[X,0x0000000080000FAA] -> 0x3FAE
[1007] [M]: 0x0000000080000FA8 (0x3FAE8E93) addi t4, t4, 0x3fa
x29 <- 0xF7FFFFFFFFFCFFFA

mem[X,0x0000000080000FAC] -> 0x5FBB
mem[X,0x0000000080000FAE] -> 0xAFDF
[1008] [M]: 0x0000000080000FAC (0xAFDF5FBB) pm4addau.h t6, t5, t4
x31 <- 0xFFBF001B35793AA3

mem[X,0x0000000080000FB0] -> 0x3423
mem[X,0x0000000080000FB2] -> 0x0BF1
[1009] [M]: 0x0000000080000FB0 (0x0BF13423) sd t6, 0xa8(sp)
mem[0x00000000800042A0] <- 0xFFBF001B35793AA3

mem[X,0x0000000080000FB4] -> 0x0F37
mem[X,0x0000000080000FB6] -> 0x0101
[1010] [M]: 0x0000000080000FB4 (0x01010F37) lui t5, 0x1010
x30 <- 0x0000000001010000

mem[X,0x0000000080000FB8] -> 0x0F13
mem[X,0x0000000080000FBA] -> 0xFF8F
[1011] [M]: 0x0000000080000FB8 (0xFF8F0F13) addi t5, t5, -0x8
x30 <- 0x000000000100FFF8

mem[X,0x0000000080000FBC] -> 0x1F13
mem[X,0x0000000080000FBE] -> 0x00BF
[1012] [M]: 0x0000000080000FBC (0x00BF1F13) slli t5, t5, 0xb
x30 <- 0x0000000807FFC000

mem[X,0x0000000080000FC0] -> 0x0F13
mem[X,0x0000000080000FC2] -> 0x7FFF
[1013] [M]: 0x0000000080000FC0 (0x7FFF0F13) addi t5, t5, 0x7ff
x30 <- 0x0000000807FFC7FF

mem[X,0x0000000080000FC4] -> 0x1F13
mem[X,0x0000000080000FC6] -> 0x00BF
[1014] [M]: 0x0000000080000FC4 (0x00BF1F13) slli t5, t5, 0xb
x30 <- 0x0000403FFE3FF800

mem[X,0x0000000080000FC8] -> 0x0F13
mem[X,0x0000000080000FCA] -> 0x602F
[1015] [M]: 0x0000000080000FC8 (0x602F0F13) addi t5, t5, 0x602
x30 <- 0x0000403FFE3FFE02

mem[X,0x0000000080000FCC] -> 0x1F13
mem[X,0x0000000080000FCE] -> 0x00AF
[1016] [M]: 0x0000000080000FCC (0x00AF1F13) slli t5, t5, 0xa
x30 <- 0x0100FFF8FFF80800

mem[X,0x0000000080000FD0] -> 0x0EB7
mem[X,0x0000000080000FD2] -> 0x5555
[1017] [M]: 0x0000000080000FD0 (0x55550EB7) lui t4, 0x55550
x29 <- 0x0000000055550000

mem[X,0x0000000080000FD4] -> 0x8E93
mem[X,0x0000000080000FD6] -> 0x006E
[1018] [M]: 0x0000000080000FD4 (0x006E8E93) addi t4, t4, 0x6
x29 <- 0x0000000055550006

mem[X,0x0000000080000FD8] -> 0x9E93
mem[X,0x0000000080000FDA] -> 0x00BE
[1019] [M]: 0x0000000080000FD8 (0x00BE9E93) slli t4, t4, 0xb
x29 <- 0x000002AAA8003000

mem[X,0x0000000080000FDC] -> 0x8E93
mem[X,0x0000000080000FDE] -> 0x000E
[1020] [M]: 0x0000000080000FDC (0x000E8E93) addi t4, t4, 0x0
x29 <- 0x000002AAA8003000

mem[X,0x0000000080000FE0] -> 0x9E93
mem[X,0x0000000080000FE2] -> 0x00BE
[1021] [M]: 0x0000000080000FE0 (0x00BE9E93) slli t4, t4, 0xb
x29 <- 0x0015554001800000

mem[X,0x0000000080000FE4] -> 0x8E93
mem[X,0x0000000080000FE6] -> 0x13FE
[1022] [M]: 0x0000000080000FE4 (0x13FE8E93) addi t4, t4, 0x13f
x29 <- 0x001555400180013F

mem[X,0x0000000080000FE8] -> 0x9E93
mem[X,0x0000000080000FEA] -> 0x00AE
[1023] [M]: 0x0000000080000FE8 (0x00AE9E93) slli t4, t4, 0xa
x29 <- 0x555500060004FC00

mem[X,0x0000000080000FEC] -> 0x8E93
mem[X,0x0000000080000FEE] -> 0x3BFE
[1024] [M]: 0x0000000080000FEC (0x3BFE8E93) addi t4, t4, 0x3bf
x29 <- 0x555500060004FFBF

mem[X,0x0000000080000FF0] -> 0x5FBB
mem[X,0x0000000080000FF2] -> 0xAFDF
[1025] [M]: 0x0000000080000FF0 (0xAFDF5FBB) pm4addau.h t6, t5, t4
x31 <- 0xFFBF001B3DD68753

mem[X,0x0000000080000FF4] -> 0x3823
mem[X,0x0000000080000FF6] -> 0x0BF1
[1026] [M]: 0x0000000080000FF4 (0x0BF13823) sd t6, 0xb0(sp)
mem[0x00000000800042A8] <- 0xFFBF001B3DD68753

mem[X,0x0000000080000FF8] -> 0x0F37
mem[X,0x0000000080000FFA] -> 0xFFC0
[1027] [M]: 0x0000000080000FF8 (0xFFC00F37) lui t5, -0x400
x30 <- 0xFFFFFFFFFFC00000

mem[X,0x0000000080000FFC] -> 0x0F13
mem[X,0x0000000080000FFE] -> 0xFDFF
[1028] [M]: 0x0000000080000FFC (0xFDFF0F13) addi t5, t5, -0x21
x30 <- 0xFFFFFFFFFFBFFFDF

mem[X,0x0000000080001000] -> 0x1F13
mem[X,0x0000000080001002] -> 0x00BF
[1029] [M]: 0x0000000080001000 (0x00BF1F13) slli t5, t5, 0xb
x30 <- 0xFFFFFFFDFFFEF800

mem[X,0x0000000080001004] -> 0x0F13
mem[X,0x0000000080001006] -> 0x7FFF
[1030] [M]: 0x0000000080001004 (0x7FFF0F13) addi t5, t5, 0x7ff
x30 <- 0xFFFFFFFDFFFEFFFF

mem[X,0x0000000080001008] -> 0x1F13
mem[X,0x000000008000100A] -> 0x00BF
[1031] [M]: 0x0000000080001008 (0x00BF1F13) slli t5, t5, 0xb
x30 <- 0xFFFFEFFFF7FFF800

mem[X,0x000000008000100C] -> 0x0F13
mem[X,0x000000008000100E] -> 0x76FF
[1032] [M]: 0x000000008000100C (0x76FF0F13) addi t5, t5, 0x76f
x30 <- 0xFFFFEFFFF7FFFF6F

mem[X,0x0000000080001010] -> 0x1F13
mem[X,0x0000000080001012] -> 0x00AF
[1033] [M]: 0x0000000080001010 (0x00AF1F13) slli t5, t5, 0xa
x30 <- 0xFFBFFFDFFFFDBC00

mem[X,0x0000000080001014] -> 0x0F13
mem[X,0x0000000080001016] -> 0x3FFF
[1034] [M]: 0x0000000080001014 (0x3FFF0F13) addi t5, t5, 0x3ff
x30 <- 0xFFBFFFDFFFFDBFFF

mem[X,0x0000000080001018] -> 0xCEB7
mem[X,0x000000008000101A] -> 0xFFFA
[1035] [M]: 0x0000000080001018 (0xFFFACEB7) lui t4, -0x54
x29 <- 0xFFFFFFFFFFFAC000

mem[X,0x000000008000101C] -> 0x8E93
mem[X,0x000000008000101E] -> 0xFFFE
[1036] [M]: 0x000000008000101C (0xFFFE8E93) addi t4, t4, -0x1
x29 <- 0xFFFFFFFFFFFABFFF

mem[X,0x0000000080001020] -> 0x9E93
mem[X,0x0000000080001022] -> 0x00BE
[1037] [M]: 0x0000000080001020 (0x00BE9E93) slli t4, t4, 0xb
x29 <- 0xFFFFFFFFD5FFF800

mem[X,0x0000000080001024] -> 0x8E93
mem[X,0x0000000080001026] -> 0x002E
[1038] [M]: 0x0000000080001024 (0x002E8E93) addi t4, t4, 0x2
x29 <- 0xFFFFFFFFD5FFF802

mem[X,0x0000000080001028] -> 0x9E93
mem[X,0x000000008000102A] -> 0x00BE
[1039] [M]: 0x0000000080001028 (0x00BE9E93) slli t4, t4, 0xb
x29 <- 0xFFFFFEAFFFC01000

mem[X,0x000000008000102C] -> 0x8E93
mem[X,0x000000008000102E] -> 0x020E
[1040] [M]: 0x000000008000102C (0x020E8E93) addi t4, t4, 0x20
x29 <- 0xFFFFFEAFFFC01020

mem[X,0x0000000080001030] -> 0x9E93
mem[X,0x0000000080001032] -> 0x00AE
[1041] [M]: 0x0000000080001030 (0x00AE9E93) slli t4, t4, 0xa
x29 <- 0xFFFABFFF00408000

mem[X,0x0000000080001034] -> 0x5FBB
mem[X,0x0000000080001036] -> 0xAFDF
[1042] [M]: 0x0000000080001034 (0xAFDF5FBB) pm4addau.h t6, t5, t4
x31 <- 0xFFBF001D5DB5483A

mem[X,0x0000000080001038] -> 0x3C23
mem[X,0x000000008000103A] -> 0x0BF1
[1043] [M]: 0x0000000080001038 (0x0BF13C23) sd t6, 0xb8(sp)
mem[0x00000000800042B0] <- 0xFFBF001D5DB5483A

mem[X,0x000000008000103C] -> 0x5F37
mem[X,0x000000008000103E] -> 0x0010
[1044] [M]: 0x000000008000103C (0x00105F37) lui t5, 0x105
x30 <- 0x0000000000105000

mem[X,0x0000000080001040] -> 0x0F13
mem[X,0x0000000080001042] -> 0x555F
[1045] [M]: 0x0000000080001040 (0x555F0F13) addi t5, t5, 0x555
x30 <- 0x0000000000105555

mem[X,0x0000000080001044] -> 0x1F13
mem[X,0x0000000080001046] -> 0x00BF
[1046] [M]: 0x0000000080001044 (0x00BF1F13) slli t5, t5, 0xb
x30 <- 0x0000000082AAA800

mem[X,0x0000000080001048] -> 0x0F13
mem[X,0x000000008000104A] -> 0x000F
[1047] [M]: 0x0000000080001048 (0x000F0F13) addi t5, t5, 0x0
x30 <- 0x0000000082AAA800

mem[X,0x000000008000104C] -> 0x1F13
mem[X,0x000000008000104E] -> 0x00BF
[1048] [M]: 0x000000008000104C (0x00BF1F13) slli t5, t5, 0xb
x30 <- 0x0000041555400000

mem[X,0x0000000080001050] -> 0x0F13
mem[X,0x0000000080001052] -> 0x415F
[1049] [M]: 0x0000000080001050 (0x415F0F13) addi t5, t5, 0x415
x30 <- 0x0000041555400415

mem[X,0x0000000080001054] -> 0x1F13
mem[X,0x0000000080001056] -> 0x00AF
[1050] [M]: 0x0000000080001054 (0x00AF1F13) slli t5, t5, 0xa
x30 <- 0x0010555500105400

mem[X,0x0000000080001058] -> 0x0F13
mem[X,0x000000008000105A] -> 0x155F
[1051] [M]: 0x0000000080001058 (0x155F0F13) addi t5, t5, 0x155
x30 <- 0x0010555500105555

mem[X,0x000000008000105C] -> 0x4EB7
mem[X,0x000000008000105E] -> 0xFFDF
[1052] [M]: 0x000000008000105C (0xFFDF4EB7) lui t4, -0x20c
x29 <- 0xFFFFFFFFFFDF4000

mem[X,0x0000000080001060] -> 0x8E93
mem[X,0x0000000080001062] -> 0xFFFE
[1053] [M]: 0x0000000080001060 (0xFFFE8E93) addi t4, t4, -0x1
x29 <- 0xFFFFFFFFFFDF3FFF

mem[X,0x0000000080001064] -> 0x9E93
mem[X,0x0000000080001066] -> 0x00BE
[1054] [M]: 0x0000000080001064 (0x00BE9E93) slli t4, t4, 0xb
x29 <- 0xFFFFFFFEF9FFF800

mem[X,0x0000000080001068] -> 0x8E93
mem[X,0x000000008000106A] -> 0x7EFE
[1055] [M]: 0x0000000080001068 (0x7EFE8E93) addi t4, t4, 0x7ef
x29 <- 0xFFFFFFFEF9FFFFEF

mem[X,0x000000008000106C] -> 0x9E93
mem[X,0x000000008000106E] -> 0x00BE
[1056] [M]: 0x000000008000106C (0x00BE9E93) slli t4, t4, 0xb
x29 <- 0xFFFFF7CFFFFF7800

mem[X,0x0000000080001070] -> 0x8E93
mem[X,0x0000000080001072] -> 0x7FFE
[1057] [M]: 0x0000000080001070 (0x7FFE8E93) addi t4, t4, 0x7ff
x29 <- 0xFFFFF7CFFFFF7FFF

mem[X,0x0000000080001074] -> 0x9E93
mem[X,0x0000000080001076] -> 0x00AE
[1058] [M]: 0x0000000080001074 (0x00AE9E93) slli t4, t4, 0xa
x29 <- 0xFFDF3FFFFDFFFC00

mem[X,0x0000000080001078] -> 0x8E93
mem[X,0x000000008000107A] -> 0x37FE
[1059] [M]: 0x0000000080001078 (0x37FE8E93) addi t4, t4, 0x37f
x29 <- 0xFFDF3FFFFDFFFF7F

mem[X,0x000000008000107C] -> 0x5FBB
mem[X,0x000000008000107E] -> 0xAFDF
[1060] [M]: 0x000000008000107C (0xAFDF5FBB) pm4addau.h t6, t5, t4
x31 <- 0xFFBF001DC85410F0

mem[X,0x0000000080001080] -> 0x3023
mem[X,0x0000000080001082] -> 0x0DF1
[1061] [M]: 0x0000000080001080 (0x0DF13023) sd t6, 0xc0(sp)
mem[0x00000000800042B8] <- 0xFFBF001DC85410F0

mem[X,0x0000000080001084] -> 0x0F37
mem[X,0x0000000080001086] -> 0xF7FF
[1062] [M]: 0x0000000080001084 (0xF7FF0F37) lui t5, -0x8010
x30 <- 0xFFFFFFFFF7FF0000

mem[X,0x0000000080001088] -> 0x0F13
mem[X,0x000000008000108A] -> 0x008F
[1063] [M]: 0x0000000080001088 (0x008F0F13) addi t5, t5, 0x8
x30 <- 0xFFFFFFFFF7FF0008

mem[X,0x000000008000108C] -> 0x1F13
mem[X,0x000000008000108E] -> 0x00BF
[1064] [M]: 0x000000008000108C (0x00BF1F13) slli t5, t5, 0xb
x30 <- 0xFFFFFFBFF8004000

mem[X,0x0000000080001090] -> 0x0F13
mem[X,0x0000000080001092] -> 0x000F
[1065] [M]: 0x0000000080001090 (0x000F0F13) addi t5, t5, 0x0
x30 <- 0xFFFFFFBFF8004000

mem[X,0x0000000080001094] -> 0x1F13
mem[X,0x0000000080001096] -> 0x00BF
[1066] [M]: 0x0000000080001094 (0x00BF1F13) slli t5, t5, 0xb
x30 <- 0xFFFDFFC002000000

mem[X,0x0000000080001098] -> 0x0F13
mem[X,0x000000008000109A] -> 0x000F
[1067] [M]: 0x0000000080001098 (0x000F0F13) addi t5, t5, 0x0
x30 <- 0xFFFDFFC002000000

mem[X,0x000000008000109C] -> 0x1F13
mem[X,0x000000008000109E] -> 0x00AF
[1068] [M]: 0x000000008000109C (0x00AF1F13) slli t5, t5, 0xa
x30 <- 0xF7FF000800000000

mem[X,0x00000000800010A0] -> 0x0F13
mem[X,0x00000000800010A2] -> 0x200F
[1069] [M]: 0x00000000800010A0 (0x200F0F13) addi t5, t5, 0x200
x30 <- 0xF7FF000800000200

mem[X,0x00000000800010A4] -> 0x5EB7
mem[X,0x00000000800010A6] -> 0xFF7F
[1070] [M]: 0x00000000800010A4 (0xFF7F5EB7) lui t4, -0x80b
x29 <- 0xFFFFFFFFFF7F5000

mem[X,0x00000000800010A8] -> 0x8E93
mem[X,0x00000000800010AA] -> 0x555E
[1071] [M]: 0x00000000800010A8 (0x555E8E93) addi t4, t4, 0x555
x29 <- 0xFFFFFFFFFF7F5555

mem[X,0x00000000800010AC] -> 0x9E93
mem[X,0x00000000800010AE] -> 0x00BE
[1072] [M]: 0x00000000800010AC (0x00BE9E93) slli t4, t4, 0xb
x29 <- 0xFFFFFFFBFAAAA800

mem[X,0x00000000800010B0] -> 0x8E93
mem[X,0x00000000800010B2] -> 0x7FFE
[1073] [M]: 0x00000000800010B0 (0x7FFE8E93) addi t4, t4, 0x7ff
x29 <- 0xFFFFFFFBFAAAAFFF

mem[X,0x00000000800010B4] -> 0x9E93
mem[X,0x00000000800010B6] -> 0x00BE
[1074] [M]: 0x00000000800010B4 (0x00BE9E93) slli t4, t4, 0xb
x29 <- 0xFFFFDFD5557FF800

mem[X,0x00000000800010B8] -> 0x8E93
mem[X,0x00000000800010BA] -> 0x700E
[1075] [M]: 0x00000000800010B8 (0x700E8E93) addi t4, t4, 0x700
x29 <- 0xFFFFDFD5557FFF00

mem[X,0x00000000800010BC] -> 0x9E93
mem[X,0x00000000800010BE] -> 0x00AE
[1076] [M]: 0x00000000800010BC (0x00AE9E93) slli t4, t4, 0xa
x29 <- 0xFF7F5555FFFC0000

mem[X,0x00000000800010C0] -> 0x8E93
mem[X,0x00000000800010C2] -> 0x020E
[1077] [M]: 0x00000000800010C0 (0x020E8E93) addi t4, t4, 0x20
x29 <- 0xFF7F5555FFFC0020

mem[X,0x00000000800010C4] -> 0x5FBB
mem[X,0x00000000800010C6] -> 0xAFDF
[1078] [M]: 0x00000000800010C4 (0xAFDF5FBB) pm4addau.h t6, t5, t4
x31 <- 0xFFBF001EBFD90419

mem[X,0x00000000800010C8] -> 0x3423
mem[X,0x00000000800010CA] -> 0x0DF1
[1079] [M]: 0x00000000800010C8 (0x0DF13423) sd t6, 0xc8(sp)
mem[0x00000000800042C0] <- 0xFFBF001EBFD90419

mem[X,0x00000000800010CC] -> 0x0F37
mem[X,0x00000000800010CE] -> 0xFFFF
[1080] [M]: 0x00000000800010CC (0xFFFF0F37) lui t5, -0x10
x30 <- 0xFFFFFFFFFFFF0000

mem[X,0x00000000800010D0] -> 0x0F13
mem[X,0x00000000800010D2] -> 0x004F
[1081] [M]: 0x00000000800010D0 (0x004F0F13) addi t5, t5, 0x4
x30 <- 0xFFFFFFFFFFFF0004

mem[X,0x00000000800010D4] -> 0x1F13
mem[X,0x00000000800010D6] -> 0x00BF
[1082] [M]: 0x00000000800010D4 (0x00BF1F13) slli t5, t5, 0xb
x30 <- 0xFFFFFFFFF8002000

mem[X,0x00000000800010D8] -> 0x0F13
mem[X,0x00000000800010DA] -> 0x3FFF
[1083] [M]: 0x00000000800010D8 (0x3FFF0F13) addi t5, t5, 0x3ff
x30 <- 0xFFFFFFFFF80023FF

mem[X,0x00000000800010DC] -> 0x1F13
mem[X,0x00000000800010DE] -> 0x00BF
[1084] [M]: 0x00000000800010DC (0x00BF1F13) slli t5, t5, 0xb
x30 <- 0xFFFFFFC0011FF800

mem[X,0x00000000800010E0] -> 0x0F13
mem[X,0x00000000800010E2] -> 0x7D0F
[1085] [M]: 0x00000000800010E0 (0x7D0F0F13) addi t5, t5, 0x7d0
x30 <- 0xFFFFFFC0011FFFD0

mem[X,0x00000000800010E4] -> 0x1F13
mem[X,0x00000000800010E6] -> 0x00AF
[1086] [M]: 0x00000000800010E4 (0x00AF1F13) slli t5, t5, 0xa
x30 <- 0xFFFF00047FFF4000

mem[X,0x00000000800010E8] -> 0x0EB7
mem[X,0x00000000800010EA] -> 0x0007
[1087] [M]: 0x00000000800010E8 (0x00070EB7) lui t4, 0x70
x29 <- 0x0000000000070000

mem[X,0x00000000800010EC] -> 0x8E93
mem[X,0x00000000800010EE] -> 0xFFBE
[1088] [M]: 0x00000000800010EC (0xFFBE8E93) addi t4, t4, -0x5
x29 <- 0x000000000006FFFB

mem[X,0x00000000800010F0] -> 0x9E93
mem[X,0x00000000800010F2] -> 0x00BE
[1089] [M]: 0x00000000800010F0 (0x00BE9E93) slli t4, t4, 0xb
x29 <- 0x0000000037FFD800

mem[X,0x00000000800010F4] -> 0x8E93
mem[X,0x00000000800010F6] -> 0x600E
[1090] [M]: 0x00000000800010F4 (0x600E8E93) addi t4, t4, 0x600
x29 <- 0x0000000037FFDE00

mem[X,0x00000000800010F8] -> 0x9E93
mem[X,0x00000000800010FA] -> 0x00BE
[1091] [M]: 0x00000000800010F8 (0x00BE9E93) slli t4, t4, 0xb
x29 <- 0x000001BFFEF00000

mem[X,0x00000000800010FC] -> 0x8E93
mem[X,0x00000000800010FE] -> 0x000E
[1092] [M]: 0x00000000800010FC (0x000E8E93) addi t4, t4, 0x0
x29 <- 0x000001BFFEF00000

mem[X,0x0000000080001100] -> 0x9E93
mem[X,0x0000000080001102] -> 0x00AE
[1093] [M]: 0x0000000080001100 (0x00AE9E93) slli t4, t4, 0xa
x29 <- 0x0006FFFBC0000000

mem[X,0x0000000080001104] -> 0x8E93
mem[X,0x0000000080001106] -> 0x008E
[1094] [M]: 0x0000000080001104 (0x008E8E93) addi t4, t4, 0x8
x29 <- 0x0006FFFBC0000008

mem[X,0x0000000080001108] -> 0x5FBB
mem[X,0x000000008000110A] -> 0xAFDF
[1095] [M]: 0x0000000080001108 (0xAFDF5FBB) pm4addau.h t6, t5, t4
x31 <- 0xFFBF001F1FE443FF

mem[X,0x000000008000110C] -> 0x3823
mem[X,0x000000008000110E] -> 0x0DF1
[1096] [M]: 0x000000008000110C (0x0DF13823) sd t6, 0xd0(sp)
mem[0x00000000800042C8] <- 0xFFBF001F1FE443FF

mem[X,0x0000000080001110] -> 0x5F37
mem[X,0x0000000080001112] -> 0xFFFD
[1097] [M]: 0x0000000080001110 (0xFFFD5F37) lui t5, -0x2b
x30 <- 0xFFFFFFFFFFFD5000

mem[X,0x0000000080001114] -> 0x0F13
mem[X,0x0000000080001116] -> 0x555F
[1098] [M]: 0x0000000080001114 (0x555F0F13) addi t5, t5, 0x555
x30 <- 0xFFFFFFFFFFFD5555

mem[X,0x0000000080001118] -> 0x1F13
mem[X,0x000000008000111A] -> 0x00BF
[1099] [M]: 0x0000000080001118 (0x00BF1F13) slli t5, t5, 0xb
x30 <- 0xFFFFFFFFEAAAA800

clint::tick mtime <- 0x000000000000000B
 clint timer pending at mtime 0x000000000000000B
htif::tick 0x0000000000000000
mem[X,0x000000008000111C] -> 0x0F13
mem[X,0x000000008000111E] -> 0x080F
[1100] [M]: 0x000000008000111C (0x080F0F13) addi t5, t5, 0x80
x30 <- 0xFFFFFFFFEAAAA880

mem[X,0x0000000080001120] -> 0x1F13
mem[X,0x0000000080001122] -> 0x00BF
[1101] [M]: 0x0000000080001120 (0x00BF1F13) slli t5, t5, 0xb
x30 <- 0xFFFFFF5555440000

mem[X,0x0000000080001124] -> 0x0F13
mem[X,0x0000000080001126] -> 0x03FF
[1102] [M]: 0x0000000080001124 (0x03FF0F13) addi t5, t5, 0x3f
x30 <- 0xFFFFFF555544003F

mem[X,0x0000000080001128] -> 0x1F13
mem[X,0x000000008000112A] -> 0x00AF
[1103] [M]: 0x0000000080001128 (0x00AF1F13) slli t5, t5, 0xa
x30 <- 0xFFFD55551000FC00

mem[X,0x000000008000112C] -> 0x0F13
mem[X,0x000000008000112E] -> 0x3FBF
[1104] [M]: 0x000000008000112C (0x3FBF0F13) addi t5, t5, 0x3fb
x30 <- 0xFFFD55551000FFFB

mem[X,0x0000000080001130] -> 0xEEB7
mem[X,0x0000000080001132] -> 0x7FFF
[1105] [M]: 0x0000000080001130 (0x7FFFEEB7) lui t4, 0x7fffe
x29 <- 0x000000007FFFE000

mem[X,0x0000000080001134] -> 0x8E93
mem[X,0x0000000080001136] -> 0xFFFE
[1106] [M]: 0x0000000080001134 (0xFFFE8E93) addi t4, t4, -0x1
x29 <- 0x000000007FFFDFFF

mem[X,0x0000000080001138] -> 0x9E93
mem[X,0x000000008000113A] -> 0x00BE
[1107] [M]: 0x0000000080001138 (0x00BE9E93) slli t4, t4, 0xb
x29 <- 0x000003FFFEFFF800

mem[X,0x000000008000113C] -> 0x8E93
mem[X,0x000000008000113E] -> 0x7FFE
[1108] [M]: 0x000000008000113C (0x7FFE8E93) addi t4, t4, 0x7ff
x29 <- 0x000003FFFEFFFFFF

mem[X,0x0000000080001140] -> 0x9E93
mem[X,0x0000000080001142] -> 0x00BE
[1109] [M]: 0x0000000080001140 (0x00BE9E93) slli t4, t4, 0xb
x29 <- 0x001FFFF7FFFFF800

mem[X,0x0000000080001144] -> 0x8E93
mem[X,0x0000000080001146] -> 0x580E
[1110] [M]: 0x0000000080001144 (0x580E8E93) addi t4, t4, 0x580
x29 <- 0x001FFFF7FFFFFD80

mem[X,0x0000000080001148] -> 0x9E93
mem[X,0x000000008000114A] -> 0x00AE
[1111] [M]: 0x0000000080001148 (0x00AE9E93) slli t4, t4, 0xa
x29 <- 0x7FFFDFFFFFF60000

mem[X,0x000000008000114C] -> 0x8E93
mem[X,0x000000008000114E] -> 0x001E
[1112] [M]: 0x000000008000114C (0x001E8E93) addi t4, t4, 0x1
x29 <- 0x7FFFDFFFFFF60001

mem[X,0x0000000080001150] -> 0x5FBB
mem[X,0x0000000080001152] -> 0xAFDF
[1113] [M]: 0x0000000080001150 (0xAFDF5FBB) pm4addau.h t6, t5, t4
x31 <- 0xFFBF001FFA8C2EA8

mem[X,0x0000000080001154] -> 0x3C23
mem[X,0x0000000080001156] -> 0x0DF1
[1114] [M]: 0x0000000080001154 (0x0DF13C23) sd t6, 0xd8(sp)
mem[0x00000000800042D0] <- 0xFFBF001FFA8C2EA8

mem[X,0x0000000080001158] -> 0xBF37
mem[X,0x000000008000115A] -> 0xFF7F
[1115] [M]: 0x0000000080001158 (0xFF7FBF37) lui t5, -0x805
x30 <- 0xFFFFFFFFFF7FB000

mem[X,0x000000008000115C] -> 0x0F13
mem[X,0x000000008000115E] -> 0xAAAF
[1116] [M]: 0x000000008000115C (0xAAAF0F13) addi t5, t5, -0x556
x30 <- 0xFFFFFFFFFF7FAAAA

mem[X,0x0000000080001160] -> 0x1F13
mem[X,0x0000000080001162] -> 0x00BF
[1117] [M]: 0x0000000080001160 (0x00BF1F13) slli t5, t5, 0xb
x30 <- 0xFFFFFFFBFD555000

mem[X,0x0000000080001164] -> 0x0F13
mem[X,0x0000000080001166] -> 0x1FFF
[1118] [M]: 0x0000000080001164 (0x1FFF0F13) addi t5, t5, 0x1ff
x30 <- 0xFFFFFFFBFD5551FF

mem[X,0x0000000080001168] -> 0x1F13
mem[X,0x000000008000116A] -> 0x00BF
[1119] [M]: 0x0000000080001168 (0x00BF1F13) slli t5, t5, 0xb
x30 <- 0xFFFFDFEAAA8FF800

mem[X,0x000000008000116C] -> 0x0F13
mem[X,0x000000008000116E] -> 0x7C0F
[1120] [M]: 0x000000008000116C (0x7C0F0F13) addi t5, t5, 0x7c0
x30 <- 0xFFFFDFEAAA8FFFC0

mem[X,0x0000000080001170] -> 0x1F13
mem[X,0x0000000080001172] -> 0x00AF
[1121] [M]: 0x0000000080001170 (0x00AF1F13) slli t5, t5, 0xa
x30 <- 0xFF7FAAAA3FFF0000

mem[X,0x0000000080001174] -> 0x0F13
mem[X,0x0000000080001176] -> 0x005F
[1122] [M]: 0x0000000080001174 (0x005F0F13) addi t5, t5, 0x5
x30 <- 0xFF7FAAAA3FFF0005

mem[X,0x0000000080001178] -> 0x0EB7
mem[X,0x000000008000117A] -> 0xF000
[1123] [M]: 0x0000000080001178 (0xF0000EB7) lui t4, -0x10000
x29 <- 0xFFFFFFFFF0000000

mem[X,0x000000008000117C] -> 0x8E93
mem[X,0x000000008000117E] -> 0xFEFE
[1124] [M]: 0x000000008000117C (0xFEFE8E93) addi t4, t4, -0x11
x29 <- 0xFFFFFFFFEFFFFFEF

mem[X,0x0000000080001180] -> 0x9E93
mem[X,0x0000000080001182] -> 0x00BE
[1125] [M]: 0x0000000080001180 (0x00BE9E93) slli t4, t4, 0xb
x29 <- 0xFFFFFF7FFFFF7800

mem[X,0x0000000080001184] -> 0x8E93
mem[X,0x0000000080001186] -> 0x008E
[1126] [M]: 0x0000000080001184 (0x008E8E93) addi t4, t4, 0x8
x29 <- 0xFFFFFF7FFFFF7808

mem[X,0x0000000080001188] -> 0x9E93
mem[X,0x000000008000118A] -> 0x00BE
[1127] [M]: 0x0000000080001188 (0x00BE9E93) slli t4, t4, 0xb
x29 <- 0xFFFBFFFFFBC04000

mem[X,0x000000008000118C] -> 0x8E93
mem[X,0x000000008000118E] -> 0x000E
[1128] [M]: 0x000000008000118C (0x000E8E93) addi t4, t4, 0x0
x29 <- 0xFFFBFFFFFBC04000

mem[X,0x0000000080001190] -> 0x9E93
mem[X,0x0000000080001192] -> 0x00AE
[1129] [M]: 0x0000000080001190 (0x00AE9E93) slli t4, t4, 0xa
x29 <- 0xEFFFFFEF01000000

mem[X,0x0000000080001194] -> 0x8E93
mem[X,0x0000000080001196] -> 0x040E
[1130] [M]: 0x0000000080001194 (0x040E8E93) addi t4, t4, 0x40
x29 <- 0xEFFFFFEF01000040

mem[X,0x0000000080001198] -> 0x5FBB
mem[X,0x000000008000119A] -> 0xAFDF
[1131] [M]: 0x0000000080001198 (0xAFDF5FBB) pm4addau.h t6, t5, t4
x31 <- 0xFFBF002194F0EA1F

mem[X,0x000000008000119C] -> 0x3023
mem[X,0x000000008000119E] -> 0x0FF1
[1132] [M]: 0x000000008000119C (0x0FF13023) sd t6, 0xe0(sp)
mem[0x00000000800042D8] <- 0xFFBF002194F0EA1F

mem[X,0x00000000800011A0] -> 0x0F37
mem[X,0x00000000800011A2] -> 0xFDFF
[1133] [M]: 0x00000000800011A0 (0xFDFF0F37) lui t5, -0x2010
x30 <- 0xFFFFFFFFFDFF0000

mem[X,0x00000000800011A4] -> 0x0F13
mem[X,0x00000000800011A6] -> 0x001F
[1134] [M]: 0x00000000800011A4 (0x001F0F13) addi t5, t5, 0x1
x30 <- 0xFFFFFFFFFDFF0001

mem[X,0x00000000800011A8] -> 0x1F13
mem[X,0x00000000800011AA] -> 0x00BF
[1135] [M]: 0x00000000800011A8 (0x00BF1F13) slli t5, t5, 0xb
x30 <- 0xFFFFFFEFF8000800

mem[X,0x00000000800011AC] -> 0x0F13
mem[X,0x00000000800011AE] -> 0x040F
[1136] [M]: 0x00000000800011AC (0x040F0F13) addi t5, t5, 0x40
x30 <- 0xFFFFFFEFF8000840

mem[X,0x00000000800011B0] -> 0x1F13
mem[X,0x00000000800011B2] -> 0x00BF
[1137] [M]: 0x00000000800011B0 (0x00BF1F13) slli t5, t5, 0xb
x30 <- 0xFFFF7FC000420000

mem[X,0x00000000800011B4] -> 0x0F13
mem[X,0x00000000800011B6] -> 0x000F
[1138] [M]: 0x00000000800011B4 (0x000F0F13) addi t5, t5, 0x0
x30 <- 0xFFFF7FC000420000

mem[X,0x00000000800011B8] -> 0x1F13
mem[X,0x00000000800011BA] -> 0x00AF
[1139] [M]: 0x00000000800011B8 (0x00AF1F13) slli t5, t5, 0xa
x30 <- 0xFDFF000108000000

mem[X,0x00000000800011BC] -> 0x0F13
mem[X,0x00000000800011BE] -> 0x010F
[1140] [M]: 0x00000000800011BC (0x010F0F13) addi t5, t5, 0x10
x30 <- 0xFDFF000108000010

mem[X,0x00000000800011C0] -> 0x0EB7
mem[X,0x00000000800011C2] -> 0x8001
[1141] [M]: 0x00000000800011C0 (0x80010EB7) lui t4, -0x7fff0
x29 <- 0xFFFFFFFF80010000

mem[X,0x00000000800011C4] -> 0x8E93
mem[X,0x00000000800011C6] -> 0xFDFE
[1142] [M]: 0x00000000800011C4 (0xFDFE8E93) addi t4, t4, -0x21
x29 <- 0xFFFFFFFF8000FFDF

mem[X,0x00000000800011C8] -> 0x9E93
mem[X,0x00000000800011CA] -> 0x00BE
[1143] [M]: 0x00000000800011C8 (0x00BE9E93) slli t4, t4, 0xb
x29 <- 0xFFFFFC0007FEF800

mem[X,0x00000000800011CC] -> 0x8E93
mem[X,0x00000000800011CE] -> 0x040E
[1144] [M]: 0x00000000800011CC (0x040E8E93) addi t4, t4, 0x40
x29 <- 0xFFFFFC0007FEF840

mem[X,0x00000000800011D0] -> 0x9E93
mem[X,0x00000000800011D2] -> 0x00BE
[1145] [M]: 0x00000000800011D0 (0x00BE9E93) slli t4, t4, 0xb
x29 <- 0xFFE0003FF7C20000

mem[X,0x00000000800011D4] -> 0x8E93
mem[X,0x00000000800011D6] -> 0x03FE
[1146] [M]: 0x00000000800011D4 (0x03FE8E93) addi t4, t4, 0x3f
x29 <- 0xFFE0003FF7C2003F

mem[X,0x00000000800011D8] -> 0x9E93
mem[X,0x00000000800011DA] -> 0x00AE
[1147] [M]: 0x00000000800011D8 (0x00AE9E93) slli t4, t4, 0xa
x29 <- 0x8000FFDF0800FC00

mem[X,0x00000000800011DC] -> 0x8E93
mem[X,0x00000000800011DE] -> 0x3F7E
[1148] [M]: 0x00000000800011DC (0x3F7E8E93) addi t4, t4, 0x3f7
x29 <- 0x8000FFDF0800FFF7

mem[X,0x00000000800011E0] -> 0x5FBB
mem[X,0x00000000800011E2] -> 0xAFDF
[1149] [M]: 0x00000000800011E0 (0xAFDF5FBB) pm4addau.h t6, t5, t4
x31 <- 0xFFBF00221441696E

mem[X,0x00000000800011E4] -> 0x3423
mem[X,0x00000000800011E6] -> 0x0FF1
[1150] [M]: 0x00000000800011E4 (0x0FF13423) sd t6, 0xe8(sp)
mem[0x00000000800042E0] <- 0xFFBF00221441696E

mem[X,0x00000000800011E8] -> 0x0F37
mem[X,0x00000000800011EA] -> 0xAAAB
[1151] [M]: 0x00000000800011E8 (0xAAAB0F37) lui t5, -0x55550
x30 <- 0xFFFFFFFFAAAB0000

mem[X,0x00000000800011EC] -> 0x0F13
mem[X,0x00000000800011EE] -> 0xFDFF
[1152] [M]: 0x00000000800011EC (0xFDFF0F13) addi t5, t5, -0x21
x30 <- 0xFFFFFFFFAAAAFFDF

mem[X,0x00000000800011F0] -> 0x1F13
mem[X,0x00000000800011F2] -> 0x00BF
[1153] [M]: 0x00000000800011F0 (0x00BF1F13) slli t5, t5, 0xb
x30 <- 0xFFFFFD5557FEF800

mem[X,0x00000000800011F4] -> 0x0F13
mem[X,0x00000000800011F6] -> 0x7F7F
[1154] [M]: 0x00000000800011F4 (0x7F7F0F13) addi t5, t5, 0x7f7
x30 <- 0xFFFFFD5557FEFFF7

mem[X,0x00000000800011F8] -> 0x1F13
mem[X,0x00000000800011FA] -> 0x00BF
[1155] [M]: 0x00000000800011F8 (0x00BF1F13) slli t5, t5, 0xb
x30 <- 0xFFEAAABFF7FFB800

mem[X,0x00000000800011FC] -> 0x0F13
mem[X,0x00000000800011FE] -> 0x7C0F
[1156] [M]: 0x00000000800011FC (0x7C0F0F13) addi t5, t5, 0x7c0
x30 <- 0xFFEAAABFF7FFBFC0

mem[X,0x0000000080001200] -> 0x1F13
mem[X,0x0000000080001202] -> 0x00AF
[1157] [M]: 0x0000000080001200 (0x00AF1F13) slli t5, t5, 0xa
x30 <- 0xAAAAFFDFFEFF0000

mem[X,0x0000000080001204] -> 0x0F13
mem[X,0x0000000080001206] -> 0x006F
[1158] [M]: 0x0000000080001204 (0x006F0F13) addi t5, t5, 0x6
x30 <- 0xAAAAFFDFFEFF0006

mem[X,0x0000000080001208] -> 0x8EB7
mem[X,0x000000008000120A] -> 0x5555
[1159] [M]: 0x0000000080001208 (0x55558EB7) lui t4, 0x55558
x29 <- 0x0000000055558000

mem[X,0x000000008000120C] -> 0x8E93
mem[X,0x000000008000120E] -> 0x000E
[1160] [M]: 0x000000008000120C (0x000E8E93) addi t4, t4, 0x0
x29 <- 0x0000000055558000

mem[X,0x0000000080001210] -> 0x9E93
mem[X,0x0000000080001212] -> 0x00BE
[1161] [M]: 0x0000000080001210 (0x00BE9E93) slli t4, t4, 0xb
x29 <- 0x000002AAAC000000

mem[X,0x0000000080001214] -> 0x8E93
mem[X,0x0000000080001216] -> 0x7FFE
[1162] [M]: 0x0000000080001214 (0x7FFE8E93) addi t4, t4, 0x7ff
x29 <- 0x000002AAAC0007FF

mem[X,0x0000000080001218] -> 0x9E93
mem[X,0x000000008000121A] -> 0x00BE
[1163] [M]: 0x0000000080001218 (0x00BE9E93) slli t4, t4, 0xb
x29 <- 0x00155560003FF800

mem[X,0x000000008000121C] -> 0x8E93
mem[X,0x000000008000121E] -> 0x5BFE
[1164] [M]: 0x000000008000121C (0x5BFE8E93) addi t4, t4, 0x5bf
x29 <- 0x00155560003FFDBF

mem[X,0x0000000080001220] -> 0x9E93
mem[X,0x0000000080001222] -> 0x00AE
[1165] [M]: 0x0000000080001220 (0x00AE9E93) slli t4, t4, 0xa
x29 <- 0x55558000FFF6FC00

mem[X,0x0000000080001224] -> 0x8E93
mem[X,0x0000000080001226] -> 0x3DFE
[1166] [M]: 0x0000000080001224 (0x3DFE8E93) addi t4, t4, 0x3df
x29 <- 0x55558000FFF6FFDF

mem[X,0x0000000080001228] -> 0x5FBB
mem[X,0x000000008000122A] -> 0xAFDF
[1167] [M]: 0x0000000080001228 (0xAFDF5FBB) pm4addau.h t6, t5, t4
x31 <- 0xFFBF0023CC0F0F24

mem[X,0x000000008000122C] -> 0x3823
mem[X,0x000000008000122E] -> 0x0FF1
[1168] [M]: 0x000000008000122C (0x0FF13823) sd t6, 0xf0(sp)
mem[0x00000000800042E8] <- 0xFFBF0023CC0F0F24

mem[X,0x0000000080001230] -> 0x2F37
mem[X,0x0000000080001232] -> 0x2000
[1169] [M]: 0x0000000080001230 (0x20002F37) lui t5, 0x20002
x30 <- 0x0000000020002000

mem[X,0x0000000080001234] -> 0x0F13
mem[X,0x0000000080001236] -> 0x000F
[1170] [M]: 0x0000000080001234 (0x000F0F13) addi t5, t5, 0x0
x30 <- 0x0000000020002000

mem[X,0x0000000080001238] -> 0x1F13
mem[X,0x000000008000123A] -> 0x00BF
[1171] [M]: 0x0000000080001238 (0x00BF1F13) slli t5, t5, 0xb
x30 <- 0x0000010001000000

mem[X,0x000000008000123C] -> 0x0F13
mem[X,0x000000008000123E] -> 0x7BFF
[1172] [M]: 0x000000008000123C (0x7BFF0F13) addi t5, t5, 0x7bf
x30 <- 0x00000100010007BF

mem[X,0x0000000080001240] -> 0x1F13
mem[X,0x0000000080001242] -> 0x00BF
[1173] [M]: 0x0000000080001240 (0x00BF1F13) slli t5, t5, 0xb
x30 <- 0x00080008003DF800

mem[X,0x0000000080001244] -> 0x0F13
mem[X,0x0000000080001246] -> 0x7C0F
[1174] [M]: 0x0000000080001244 (0x7C0F0F13) addi t5, t5, 0x7c0
x30 <- 0x00080008003DFFC0

mem[X,0x0000000080001248] -> 0x1F13
mem[X,0x000000008000124A] -> 0x00AF
[1175] [M]: 0x0000000080001248 (0x00AF1F13) slli t5, t5, 0xa
x30 <- 0x20002000F7FF0000

mem[X,0x000000008000124C] -> 0x0F13
mem[X,0x000000008000124E] -> 0x010F
[1176] [M]: 0x000000008000124C (0x010F0F13) addi t5, t5, 0x10
x30 <- 0x20002000F7FF0010

mem[X,0x0000000080001250] -> 0x0EB7
mem[X,0x0000000080001252] -> 0xC000
[1177] [M]: 0x0000000080001250 (0xC0000EB7) lui t4, -0x40000
x29 <- 0xFFFFFFFFC0000000

mem[X,0x0000000080001254] -> 0x8E93
mem[X,0x0000000080001256] -> 0x006E
[1178] [M]: 0x0000000080001254 (0x006E8E93) addi t4, t4, 0x6
x29 <- 0xFFFFFFFFC0000006

mem[X,0x0000000080001258] -> 0x9E93
mem[X,0x000000008000125A] -> 0x00BE
[1179] [M]: 0x0000000080001258 (0x00BE9E93) slli t4, t4, 0xb
x29 <- 0xFFFFFE0000003000

mem[X,0x000000008000125C] -> 0x8E93
mem[X,0x000000008000125E] -> 0x600E
[1180] [M]: 0x000000008000125C (0x600E8E93) addi t4, t4, 0x600
x29 <- 0xFFFFFE0000003600

mem[X,0x0000000080001260] -> 0x9E93
mem[X,0x0000000080001262] -> 0x00BE
[1181] [M]: 0x0000000080001260 (0x00BE9E93) slli t4, t4, 0xb
x29 <- 0xFFF0000001B00000

mem[X,0x0000000080001264] -> 0x8E93
mem[X,0x0000000080001266] -> 0x03FE
[1182] [M]: 0x0000000080001264 (0x03FE8E93) addi t4, t4, 0x3f
x29 <- 0xFFF0000001B0003F

mem[X,0x0000000080001268] -> 0x9E93
mem[X,0x000000008000126A] -> 0x00AE
[1183] [M]: 0x0000000080001268 (0x00AE9E93) slli t4, t4, 0xa
x29 <- 0xC0000006C000FC00

mem[X,0x000000008000126C] -> 0x8E93
mem[X,0x000000008000126E] -> 0x3FFE
[1184] [M]: 0x000000008000126C (0x3FFE8E93) addi t4, t4, 0x3ff
x29 <- 0xC0000006C000FFFF

mem[X,0x0000000080001270] -> 0x5FBB
mem[X,0x0000000080001272] -> 0xAFDF
[1185] [M]: 0x0000000080001270 (0xAFDF5FBB) pm4addau.h t6, t5, t4
x31 <- 0xFFBF00249E1F0F14

mem[X,0x0000000080001274] -> 0x3C23
mem[X,0x0000000080001276] -> 0x0FF1
[1186] [M]: 0x0000000080001274 (0x0FF13C23) sd t6, 0xf8(sp)
mem[0x00000000800042F0] <- 0xFFBF00249E1F0F14

mem[X,0x0000000080001278] -> 0xCF37
mem[X,0x000000008000127A] -> 0x0003
[1187] [M]: 0x0000000080001278 (0x0003CF37) lui t5, 0x3c
x30 <- 0x000000000003C000

mem[X,0x000000008000127C] -> 0x0F13
mem[X,0x000000008000127E] -> 0x000F
[1188] [M]: 0x000000008000127C (0x000F0F13) addi t5, t5, 0x0
x30 <- 0x000000000003C000

mem[X,0x0000000080001280] -> 0x1F13
mem[X,0x0000000080001282] -> 0x00BF
[1189] [M]: 0x0000000080001280 (0x00BF1F13) slli t5, t5, 0xb
x30 <- 0x000000001E000000

mem[X,0x0000000080001284] -> 0x0F13
mem[X,0x0000000080001286] -> 0x7FFF
[1190] [M]: 0x0000000080001284 (0x7FFF0F13) addi t5, t5, 0x7ff
x30 <- 0x000000001E0007FF

mem[X,0x0000000080001288] -> 0x1F13
mem[X,0x000000008000128A] -> 0x00BF
[1191] [M]: 0x0000000080001288 (0x00BF1F13) slli t5, t5, 0xb
x30 <- 0x000000F0003FF800

mem[X,0x000000008000128C] -> 0x0F13
mem[X,0x000000008000128E] -> 0x67FF
[1192] [M]: 0x000000008000128C (0x67FF0F13) addi t5, t5, 0x67f
x30 <- 0x000000F0003FFE7F

mem[X,0x0000000080001290] -> 0x1F13
mem[X,0x0000000080001292] -> 0x00AF
[1193] [M]: 0x0000000080001290 (0x00AF1F13) slli t5, t5, 0xa
x30 <- 0x0003C000FFF9FC00

mem[X,0x0000000080001294] -> 0x0F13
mem[X,0x0000000080001296] -> 0x3F7F
[1194] [M]: 0x0000000080001294 (0x3F7F0F13) addi t5, t5, 0x3f7
x30 <- 0x0003C000FFF9FFF7

mem[X,0x0000000080001298] -> 0xFEB7
mem[X,0x000000008000129A] -> 0xFFFC
[1195] [M]: 0x0000000080001298 (0xFFFCFEB7) lui t4, -0x31
x29 <- 0xFFFFFFFFFFFCF000

mem[X,0x000000008000129C] -> 0x8E93
mem[X,0x000000008000129E] -> 0x7FFE
[1196] [M]: 0x000000008000129C (0x7FFE8E93) addi t4, t4, 0x7ff
x29 <- 0xFFFFFFFFFFFCF7FF

mem[X,0x00000000800012A0] -> 0x9E93
mem[X,0x00000000800012A2] -> 0x00BE
[1197] [M]: 0x00000000800012A0 (0x00BE9E93) slli t4, t4, 0xb
x29 <- 0xFFFFFFFFE7BFF800

mem[X,0x00000000800012A4] -> 0x8E93
mem[X,0x00000000800012A6] -> 0x7FFE
[1198] [M]: 0x00000000800012A4 (0x7FFE8E93) addi t4, t4, 0x7ff
x29 <- 0xFFFFFFFFE7BFFFFF

mem[X,0x00000000800012A8] -> 0x9E93
mem[X,0x00000000800012AA] -> 0x00BE
[1199] [M]: 0x00000000800012A8 (0x00BE9E93) slli t4, t4, 0xb
x29 <- 0xFFFFFF3DFFFFF800

clint::tick mtime <- 0x000000000000000C
 clint timer pending at mtime 0x000000000000000C
htif::tick 0x0000000000000000
mem[X,0x00000000800012AC] -> 0x8E93
mem[X,0x00000000800012AE] -> 0x7C0E
[1200] [M]: 0x00000000800012AC (0x7C0E8E93) addi t4, t4, 0x7c0
x29 <- 0xFFFFFF3DFFFFFFC0

mem[X,0x00000000800012B0] -> 0x9E93
mem[X,0x00000000800012B2] -> 0x00AE
[1201] [M]: 0x00000000800012B0 (0x00AE9E93) slli t4, t4, 0xa
x29 <- 0xFFFCF7FFFFFF0000

mem[X,0x00000000800012B4] -> 0x8E93
mem[X,0x00000000800012B6] -> 0x010E
[1202] [M]: 0x00000000800012B4 (0x010E8E93) addi t4, t4, 0x10
x29 <- 0xFFFCF7FFFFFF0010

mem[X,0x00000000800012B8] -> 0x5FBB
mem[X,0x00000000800012BA] -> 0xAFDF
[1203] [M]: 0x00000000800012B8 (0xAFDF5FBB) pm4addau.h t6, t5, t4
x31 <- 0xFFBF002658294E7F

mem[X,0x00000000800012BC] -> 0x3023
mem[X,0x00000000800012BE] -> 0x11F1
[1204] [M]: 0x00000000800012BC (0x11F13023) sd t6, 0x100(sp)
mem[0x00000000800042F8] <- 0xFFBF002658294E7F

mem[X,0x00000000800012C0] -> 0x1F37
mem[X,0x00000000800012C2] -> 0xFFF9
[1205] [M]: 0x00000000800012C0 (0xFFF91F37) lui t5, -0x6f
x30 <- 0xFFFFFFFFFFF91000

mem[X,0x00000000800012C4] -> 0x0F13
mem[X,0x00000000800012C6] -> 0x000F
[1206] [M]: 0x00000000800012C4 (0x000F0F13) addi t5, t5, 0x0
x30 <- 0xFFFFFFFFFFF91000

mem[X,0x00000000800012C8] -> 0x1F13
mem[X,0x00000000800012CA] -> 0x00BF
[1207] [M]: 0x00000000800012C8 (0x00BF1F13) slli t5, t5, 0xb
x30 <- 0xFFFFFFFFC8800000

mem[X,0x00000000800012CC] -> 0x0F13
mem[X,0x00000000800012CE] -> 0x7FBF
[1208] [M]: 0x00000000800012CC (0x7FBF0F13) addi t5, t5, 0x7fb
x30 <- 0xFFFFFFFFC88007FB

mem[X,0x00000000800012D0] -> 0x1F13
mem[X,0x00000000800012D2] -> 0x00BF
[1209] [M]: 0x00000000800012D0 (0x00BF1F13) slli t5, t5, 0xb
x30 <- 0xFFFFFE44003FD800

mem[X,0x00000000800012D4] -> 0x0F13
mem[X,0x00000000800012D6] -> 0x7FFF
[1210] [M]: 0x00000000800012D4 (0x7FFF0F13) addi t5, t5, 0x7ff
x30 <- 0xFFFFFE44003FDFFF

mem[X,0x00000000800012D8] -> 0x1F13
mem[X,0x00000000800012DA] -> 0x00AF
[1211] [M]: 0x00000000800012D8 (0x00AF1F13) slli t5, t5, 0xa
x30 <- 0xFFF91000FF7FFC00

mem[X,0x00000000800012DC] -> 0x0F13
mem[X,0x00000000800012DE] -> 0x3EFF
[1212] [M]: 0x00000000800012DC (0x3EFF0F13) addi t5, t5, 0x3ef
x30 <- 0xFFF91000FF7FFFEF

mem[X,0x00000000800012E0] -> 0xEEB7
mem[X,0x00000000800012E2] -> 0x8000
[1213] [M]: 0x00000000800012E0 (0x8000EEB7) lui t4, -0x7fff2
x29 <- 0xFFFFFFFF8000E000

mem[X,0x00000000800012E4] -> 0x8E93
mem[X,0x00000000800012E6] -> 0xFFFE
[1214] [M]: 0x00000000800012E4 (0xFFFE8E93) addi t4, t4, -0x1
x29 <- 0xFFFFFFFF8000DFFF

mem[X,0x00000000800012E8] -> 0x9E93
mem[X,0x00000000800012EA] -> 0x00BE
[1215] [M]: 0x00000000800012E8 (0x00BE9E93) slli t4, t4, 0xb
x29 <- 0xFFFFFC0006FFF800

mem[X,0x00000000800012EC] -> 0x8E93
mem[X,0x00000000800012EE] -> 0x555E
[1216] [M]: 0x00000000800012EC (0x555E8E93) addi t4, t4, 0x555
x29 <- 0xFFFFFC0006FFFD55

mem[X,0x00000000800012F0] -> 0x9E93
mem[X,0x00000000800012F2] -> 0x00BE
[1217] [M]: 0x00000000800012F0 (0x00BE9E93) slli t4, t4, 0xb
x29 <- 0xFFE00037FFEAA800

mem[X,0x00000000800012F4] -> 0x8E93
mem[X,0x00000000800012F6] -> 0x284E
[1218] [M]: 0x00000000800012F4 (0x284E8E93) addi t4, t4, 0x284
x29 <- 0xFFE00037FFEAAA84

mem[X,0x00000000800012F8] -> 0x9E93
mem[X,0x00000000800012FA] -> 0x00AE
[1219] [M]: 0x00000000800012F8 (0x00AE9E93) slli t4, t4, 0xa
x29 <- 0x8000DFFFAAAA1000

mem[X,0x00000000800012FC] -> 0x5FBB
mem[X,0x00000000800012FE] -> 0xAFDF
[1220] [M]: 0x00000000800012FC (0xAFDF5FBB) pm4addau.h t6, t5, t4
x31 <- 0xFFBF0027A078AED5

mem[X,0x0000000080001300] -> 0x3423
mem[X,0x0000000080001302] -> 0x11F1
[1221] [M]: 0x0000000080001300 (0x11F13423) sd t6, 0x108(sp)
mem[0x0000000080004300] <- 0xFFBF0027A078AED5

mem[X,0x0000000080001304] -> 0x5F37
mem[X,0x0000000080001306] -> 0xFFF8
[1222] [M]: 0x0000000080001304 (0xFFF85F37) lui t5, -0x7b
x30 <- 0xFFFFFFFFFFF85000

mem[X,0x0000000080001308] -> 0x0F13
mem[X,0x000000008000130A] -> 0x555F
[1223] [M]: 0x0000000080001308 (0x555F0F13) addi t5, t5, 0x555
x30 <- 0xFFFFFFFFFFF85555

mem[X,0x000000008000130C] -> 0x1F13
mem[X,0x000000008000130E] -> 0x00BF
[1224] [M]: 0x000000008000130C (0x00BF1F13) slli t5, t5, 0xb
x30 <- 0xFFFFFFFFC2AAA800

mem[X,0x0000000080001310] -> 0x0F13
mem[X,0x0000000080001312] -> 0x7FFF
[1225] [M]: 0x0000000080001310 (0x7FFF0F13) addi t5, t5, 0x7ff
x30 <- 0xFFFFFFFFC2AAAFFF

mem[X,0x0000000080001314] -> 0x1F13
mem[X,0x0000000080001316] -> 0x00BF
[1226] [M]: 0x0000000080001314 (0x00BF1F13) slli t5, t5, 0xb
x30 <- 0xFFFFFE15557FF800

mem[X,0x0000000080001318] -> 0x0F13
mem[X,0x000000008000131A] -> 0x640F
[1227] [M]: 0x0000000080001318 (0x640F0F13) addi t5, t5, 0x640
x30 <- 0xFFFFFE15557FFE40

mem[X,0x000000008000131C] -> 0x1F13
mem[X,0x000000008000131E] -> 0x00AF
[1228] [M]: 0x000000008000131C (0x00AF1F13) slli t5, t5, 0xa
x30 <- 0xFFF85555FFF90000

mem[X,0x0000000080001320] -> 0x0F13
mem[X,0x0000000080001322] -> 0x005F
[1229] [M]: 0x0000000080001320 (0x005F0F13) addi t5, t5, 0x5
x30 <- 0xFFF85555FFF90005

mem[X,0x0000000080001324] -> 0x8EB7
mem[X,0x0000000080001326] -> 0xC000
[1230] [M]: 0x0000000080001324 (0xC0008EB7) lui t4, -0x3fff8
x29 <- 0xFFFFFFFFC0008000

mem[X,0x0000000080001328] -> 0x8E93
mem[X,0x000000008000132A] -> 0x000E
[1231] [M]: 0x0000000080001328 (0x000E8E93) addi t4, t4, 0x0
x29 <- 0xFFFFFFFFC0008000

mem[X,0x000000008000132C] -> 0x9E93
mem[X,0x000000008000132E] -> 0x00BE
[1232] [M]: 0x000000008000132C (0x00BE9E93) slli t4, t4, 0xb
x29 <- 0xFFFFFE0004000000

mem[X,0x0000000080001330] -> 0x8E93
mem[X,0x0000000080001332] -> 0x000E
[1233] [M]: 0x0000000080001330 (0x000E8E93) addi t4, t4, 0x0
x29 <- 0xFFFFFE0004000000

mem[X,0x0000000080001334] -> 0x9E93
mem[X,0x0000000080001336] -> 0x00BE
[1234] [M]: 0x0000000080001334 (0x00BE9E93) slli t4, t4, 0xb
x29 <- 0xFFF0002000000000

mem[X,0x0000000080001338] -> 0x8E93
mem[X,0x000000008000133A] -> 0x07FE
[1235] [M]: 0x0000000080001338 (0x07FE8E93) addi t4, t4, 0x7f
x29 <- 0xFFF000200000007F

mem[X,0x000000008000133C] -> 0x9E93
mem[X,0x000000008000133E] -> 0x00AE
[1236] [M]: 0x000000008000133C (0x00AE9E93) slli t4, t4, 0xa
x29 <- 0xC00080000001FC00

mem[X,0x0000000080001340] -> 0x8E93
mem[X,0x0000000080001342] -> 0x3EFE
[1237] [M]: 0x0000000080001340 (0x3EFE8E93) addi t4, t4, 0x3ef
x29 <- 0xC00080000001FFEF

mem[X,0x0000000080001344] -> 0x5FBB
mem[X,0x0000000080001346] -> 0xAFDF
[1238] [M]: 0x0000000080001344 (0xAFDF5FBB) pm4addau.h t6, t5, t4
x31 <- 0xFFBF00288B232E79

mem[X,0x0000000080001348] -> 0x3823
mem[X,0x000000008000134A] -> 0x11F1
[1239] [M]: 0x0000000080001348 (0x11F13823) sd t6, 0x110(sp)
mem[0x0000000080004308] <- 0xFFBF00288B232E79

mem[X,0x000000008000134C] -> 0x0F37
mem[X,0x000000008000134E] -> 0xC000
[1240] [M]: 0x000000008000134C (0xC0000F37) lui t5, -0x40000
x30 <- 0xFFFFFFFFC0000000

mem[X,0x0000000080001350] -> 0x0F13
mem[X,0x0000000080001352] -> 0x020F
[1241] [M]: 0x0000000080001350 (0x020F0F13) addi t5, t5, 0x20
x30 <- 0xFFFFFFFFC0000020

mem[X,0x0000000080001354] -> 0x1F13
mem[X,0x0000000080001356] -> 0x00BF
[1242] [M]: 0x0000000080001354 (0x00BF1F13) slli t5, t5, 0xb
x30 <- 0xFFFFFE0000010000

mem[X,0x0000000080001358] -> 0x0F13
mem[X,0x000000008000135A] -> 0x000F
[1243] [M]: 0x0000000080001358 (0x000F0F13) addi t5, t5, 0x0
x30 <- 0xFFFFFE0000010000

mem[X,0x000000008000135C] -> 0x1F13
mem[X,0x000000008000135E] -> 0x00BF
[1244] [M]: 0x000000008000135C (0x00BF1F13) slli t5, t5, 0xb
x30 <- 0xFFF0000008000000

mem[X,0x0000000080001360] -> 0x0F13
mem[X,0x0000000080001362] -> 0x23FF
[1245] [M]: 0x0000000080001360 (0x23FF0F13) addi t5, t5, 0x23f
x30 <- 0xFFF000000800023F

mem[X,0x0000000080001364] -> 0x1F13
mem[X,0x0000000080001366] -> 0x00AF
[1246] [M]: 0x0000000080001364 (0x00AF1F13) slli t5, t5, 0xa
x30 <- 0xC00000200008FC00

mem[X,0x0000000080001368] -> 0x0F13
mem[X,0x000000008000136A] -> 0x3FDF
[1247] [M]: 0x0000000080001368 (0x3FDF0F13) addi t5, t5, 0x3fd
x30 <- 0xC00000200008FFFD

mem[X,0x000000008000136C] -> 0x0EB7
mem[X,0x000000008000136E] -> 0xFFFD
[1248] [M]: 0x000000008000136C (0xFFFD0EB7) lui t4, -0x30
x29 <- 0xFFFFFFFFFFFD0000

mem[X,0x0000000080001370] -> 0x8E93
mem[X,0x0000000080001372] -> 0x004E
[1249] [M]: 0x0000000080001370 (0x004E8E93) addi t4, t4, 0x4
x29 <- 0xFFFFFFFFFFFD0004

mem[X,0x0000000080001374] -> 0x9E93
mem[X,0x0000000080001376] -> 0x00BE
[1250] [M]: 0x0000000080001374 (0x00BE9E93) slli t4, t4, 0xb
x29 <- 0xFFFFFFFFE8002000

mem[X,0x0000000080001378] -> 0x8E93
mem[X,0x000000008000137A] -> 0x020E
[1251] [M]: 0x0000000080001378 (0x020E8E93) addi t4, t4, 0x20
x29 <- 0xFFFFFFFFE8002020

mem[X,0x000000008000137C] -> 0x9E93
mem[X,0x000000008000137E] -> 0x00BE
[1252] [M]: 0x000000008000137C (0x00BE9E93) slli t4, t4, 0xb
x29 <- 0xFFFFFF4001010000

mem[X,0x0000000080001380] -> 0x8E93
mem[X,0x0000000080001382] -> 0x000E
[1253] [M]: 0x0000000080001380 (0x000E8E93) addi t4, t4, 0x0
x29 <- 0xFFFFFF4001010000

mem[X,0x0000000080001384] -> 0x9E93
mem[X,0x0000000080001386] -> 0x00AE
[1254] [M]: 0x0000000080001384 (0x00AE9E93) slli t4, t4, 0xa
x29 <- 0xFFFD000404000000

mem[X,0x0000000080001388] -> 0x8E93
mem[X,0x000000008000138A] -> 0x040E
[1255] [M]: 0x0000000080001388 (0x040E8E93) addi t4, t4, 0x40
x29 <- 0xFFFD000404000040

mem[X,0x000000008000138C] -> 0x5FBB
mem[X,0x000000008000138E] -> 0xAFDF
[1256] [M]: 0x000000008000138C (0xAFDF5FBB) pm4addau.h t6, t5, t4
x31 <- 0xFFBF00294B610E39

mem[X,0x0000000080001390] -> 0x3C23
mem[X,0x0000000080001392] -> 0x11F1
[1257] [M]: 0x0000000080001390 (0x11F13C23) sd t6, 0x118(sp)
mem[0x0000000080004310] <- 0xFFBF00294B610E39

mem[X,0x0000000080001394] -> 0x0F37
mem[X,0x0000000080001396] -> 0xF000
[1258] [M]: 0x0000000080001394 (0xF0000F37) lui t5, -0x10000
x30 <- 0xFFFFFFFFF0000000

mem[X,0x0000000080001398] -> 0x0F13
mem[X,0x000000008000139A] -> 0xFFAF
[1259] [M]: 0x0000000080001398 (0xFFAF0F13) addi t5, t5, -0x6
x30 <- 0xFFFFFFFFEFFFFFFA

mem[X,0x000000008000139C] -> 0x1F13
mem[X,0x000000008000139E] -> 0x00BF
[1260] [M]: 0x000000008000139C (0x00BF1F13) slli t5, t5, 0xb
x30 <- 0xFFFFFF7FFFFFD000

mem[X,0x00000000800013A0] -> 0x0F13
mem[X,0x00000000800013A2] -> 0x001F
[1261] [M]: 0x00000000800013A0 (0x001F0F13) addi t5, t5, 0x1
x30 <- 0xFFFFFF7FFFFFD001

mem[X,0x00000000800013A4] -> 0x1F13
mem[X,0x00000000800013A6] -> 0x00BF
[1262] [M]: 0x00000000800013A4 (0x00BF1F13) slli t5, t5, 0xb
x30 <- 0xFFFBFFFFFE800800

mem[X,0x00000000800013A8] -> 0x0F13
mem[X,0x00000000800013AA] -> 0x001F
[1263] [M]: 0x00000000800013A8 (0x001F0F13) addi t5, t5, 0x1
x30 <- 0xFFFBFFFFFE800801

mem[X,0x00000000800013AC] -> 0x1F13
mem[X,0x00000000800013AE] -> 0x00AF
[1264] [M]: 0x00000000800013AC (0x00AF1F13) slli t5, t5, 0xa
x30 <- 0xEFFFFFFA00200400

mem[X,0x00000000800013B0] -> 0x5EB7
mem[X,0x00000000800013B2] -> 0x0020
[1265] [M]: 0x00000000800013B0 (0x00205EB7) lui t4, 0x205
x29 <- 0x0000000000205000

mem[X,0x00000000800013B4] -> 0x8E93
mem[X,0x00000000800013B6] -> 0x555E
[1266] [M]: 0x00000000800013B4 (0x555E8E93) addi t4, t4, 0x555
x29 <- 0x0000000000205555

mem[X,0x00000000800013B8] -> 0x9E93
mem[X,0x00000000800013BA] -> 0x00BE
[1267] [M]: 0x00000000800013B8 (0x00BE9E93) slli t4, t4, 0xb
x29 <- 0x0000000102AAA800

mem[X,0x00000000800013BC] -> 0x8E93
mem[X,0x00000000800013BE] -> 0x7FFE
[1268] [M]: 0x00000000800013BC (0x7FFE8E93) addi t4, t4, 0x7ff
x29 <- 0x0000000102AAAFFF

mem[X,0x00000000800013C0] -> 0x9E93
mem[X,0x00000000800013C2] -> 0x00BE
[1269] [M]: 0x00000000800013C0 (0x00BE9E93) slli t4, t4, 0xb
x29 <- 0x00000815557FF800

mem[X,0x00000000800013C4] -> 0x8E93
mem[X,0x00000000800013C6] -> 0x6FFE
[1270] [M]: 0x00000000800013C4 (0x6FFE8E93) addi t4, t4, 0x6ff
x29 <- 0x00000815557FFEFF

mem[X,0x00000000800013C8] -> 0x9E93
mem[X,0x00000000800013CA] -> 0x00AE
[1271] [M]: 0x00000000800013C8 (0x00AE9E93) slli t4, t4, 0xa
x29 <- 0x00205555FFFBFC00

mem[X,0x00000000800013CC] -> 0x8E93
mem[X,0x00000000800013CE] -> 0x3EFE
[1272] [M]: 0x00000000800013CC (0x3EFE8E93) addi t4, t4, 0x3ef
x29 <- 0x00205555FFFBFFEF

mem[X,0x00000000800013D0] -> 0x5FBB
mem[X,0x00000000800013D2] -> 0xAFDF
[1273] [M]: 0x00000000800013D0 (0xAFDF5FBB) pm4addau.h t6, t5, t4
x31 <- 0xFFBF0029A4F1C97B

mem[X,0x00000000800013D4] -> 0x3023
mem[X,0x00000000800013D6] -> 0x13F1
[1274] [M]: 0x00000000800013D4 (0x13F13023) sd t6, 0x120(sp)
mem[0x0000000080004318] <- 0xFFBF0029A4F1C97B

mem[X,0x00000000800013D8] -> 0x0F37
mem[X,0x00000000800013DA] -> 0xF000
[1275] [M]: 0x00000000800013D8 (0xF0000F37) lui t5, -0x10000
x30 <- 0xFFFFFFFFF0000000

mem[X,0x00000000800013DC] -> 0x0F13
mem[X,0x00000000800013DE] -> 0xFFBF
[1276] [M]: 0x00000000800013DC (0xFFBF0F13) addi t5, t5, -0x5
x30 <- 0xFFFFFFFFEFFFFFFB

mem[X,0x00000000800013E0] -> 0x1F13
mem[X,0x00000000800013E2] -> 0x00BF
[1277] [M]: 0x00000000800013E0 (0x00BF1F13) slli t5, t5, 0xb
x30 <- 0xFFFFFF7FFFFFD800

mem[X,0x00000000800013E4] -> 0x0F13
mem[X,0x00000000800013E6] -> 0x002F
[1278] [M]: 0x00000000800013E4 (0x002F0F13) addi t5, t5, 0x2
x30 <- 0xFFFFFF7FFFFFD802

mem[X,0x00000000800013E8] -> 0x1F13
mem[X,0x00000000800013EA] -> 0x00BF
[1279] [M]: 0x00000000800013E8 (0x00BF1F13) slli t5, t5, 0xb
x30 <- 0xFFFBFFFFFEC01000

mem[X,0x00000000800013EC] -> 0x0F13
mem[X,0x00000000800013EE] -> 0x000F
[1280] [M]: 0x00000000800013EC (0x000F0F13) addi t5, t5, 0x0
x30 <- 0xFFFBFFFFFEC01000

mem[X,0x00000000800013F0] -> 0x1F13
mem[X,0x00000000800013F2] -> 0x00AF
[1281] [M]: 0x00000000800013F0 (0x00AF1F13) slli t5, t5, 0xa
x30 <- 0xEFFFFFFB00400000

mem[X,0x00000000800013F4] -> 0x0F13
mem[X,0x00000000800013F6] -> 0x040F
[1282] [M]: 0x00000000800013F4 (0x040F0F13) addi t5, t5, 0x40
x30 <- 0xEFFFFFFB00400040

mem[X,0x00000000800013F8] -> 0x0EB7
mem[X,0x00000000800013FA] -> 0x0000
[1283] [M]: 0x00000000800013F8 (0x00000EB7) lui t4, 0x0
x29 <- 0x0000000000000000

mem[X,0x00000000800013FC] -> 0x8E93
mem[X,0x00000000800013FE] -> 0x004E
[1284] [M]: 0x00000000800013FC (0x004E8E93) addi t4, t4, 0x4
x29 <- 0x0000000000000004

mem[X,0x0000000080001400] -> 0x9E93
mem[X,0x0000000080001402] -> 0x00BE
[1285] [M]: 0x0000000080001400 (0x00BE9E93) slli t4, t4, 0xb
x29 <- 0x0000000000002000

mem[X,0x0000000080001404] -> 0x8E93
mem[X,0x0000000080001406] -> 0x000E
[1286] [M]: 0x0000000080001404 (0x000E8E93) addi t4, t4, 0x0
x29 <- 0x0000000000002000

mem[X,0x0000000080001408] -> 0x9E93
mem[X,0x000000008000140A] -> 0x00BE
[1287] [M]: 0x0000000080001408 (0x00BE9E93) slli t4, t4, 0xb
x29 <- 0x0000000001000000

mem[X,0x000000008000140C] -> 0x8E93
mem[X,0x000000008000140E] -> 0x09FE
[1288] [M]: 0x000000008000140C (0x09FE8E93) addi t4, t4, 0x9f
x29 <- 0x000000000100009F

mem[X,0x0000000080001410] -> 0x9E93
mem[X,0x0000000080001412] -> 0x00AE
[1289] [M]: 0x0000000080001410 (0x00AE9E93) slli t4, t4, 0xa
x29 <- 0x0000000400027C00

mem[X,0x0000000080001414] -> 0x8E93
mem[X,0x0000000080001416] -> 0x3FFE
[1290] [M]: 0x0000000080001414 (0x3FFE8E93) addi t4, t4, 0x3ff
x29 <- 0x0000000400027FFF

mem[X,0x0000000080001418] -> 0x5FBB
mem[X,0x000000008000141A] -> 0xAFDF
[1291] [M]: 0x0000000080001418 (0xAFDF5FBB) pm4addau.h t6, t5, t4
x31 <- 0xFFBF0029A515C9A7

mem[X,0x000000008000141C] -> 0x3423
mem[X,0x000000008000141E] -> 0x13F1
[1292] [M]: 0x000000008000141C (0x13F13423) sd t6, 0x128(sp)
mem[0x0000000080004320] <- 0xFFBF0029A515C9A7

mem[X,0x0000000080001420] -> 0x2F37
mem[X,0x0000000080001422] -> 0x0020
[1293] [M]: 0x0000000080001420 (0x00202F37) lui t5, 0x202
x30 <- 0x0000000000202000

mem[X,0x0000000080001424] -> 0x0F13
mem[X,0x0000000080001426] -> 0x000F
[1294] [M]: 0x0000000080001424 (0x000F0F13) addi t5, t5, 0x0
x30 <- 0x0000000000202000

mem[X,0x0000000080001428] -> 0x1F13
mem[X,0x000000008000142A] -> 0x00BF
[1295] [M]: 0x0000000080001428 (0x00BF1F13) slli t5, t5, 0xb
x30 <- 0x0000000101000000

mem[X,0x000000008000142C] -> 0x0F13
mem[X,0x000000008000142E] -> 0x7FEF
[1296] [M]: 0x000000008000142C (0x7FEF0F13) addi t5, t5, 0x7fe
x30 <- 0x00000001010007FE

mem[X,0x0000000080001430] -> 0x1F13
mem[X,0x0000000080001432] -> 0x00BF
[1297] [M]: 0x0000000080001430 (0x00BF1F13) slli t5, t5, 0xb
x30 <- 0x00000808003FF000

mem[X,0x0000000080001434] -> 0x0F13
mem[X,0x0000000080001436] -> 0x7C0F
[1298] [M]: 0x0000000080001434 (0x7C0F0F13) addi t5, t5, 0x7c0
x30 <- 0x00000808003FF7C0

mem[X,0x0000000080001438] -> 0x1F13
mem[X,0x000000008000143A] -> 0x00AF
[1299] [M]: 0x0000000080001438 (0x00AF1F13) slli t5, t5, 0xa
x30 <- 0x00202000FFDF0000

clint::tick mtime <- 0x000000000000000D
 clint timer pending at mtime 0x000000000000000D
htif::tick 0x0000000000000000
mem[X,0x000000008000143C] -> 0x0F13
mem[X,0x000000008000143E] -> 0x010F
[1300] [M]: 0x000000008000143C (0x010F0F13) addi t5, t5, 0x10
x30 <- 0x00202000FFDF0010

mem[X,0x0000000080001440] -> 0x2EB7
mem[X,0x0000000080001442] -> 0x0000
[1301] [M]: 0x0000000080001440 (0x00002EB7) lui t4, 0x2
x29 <- 0x0000000000002000

mem[X,0x0000000080001444] -> 0x8E93
mem[X,0x0000000080001446] -> 0x000E
[1302] [M]: 0x0000000080001444 (0x000E8E93) addi t4, t4, 0x0
x29 <- 0x0000000000002000

mem[X,0x0000000080001448] -> 0x9E93
mem[X,0x000000008000144A] -> 0x00BE
[1303] [M]: 0x0000000080001448 (0x00BE9E93) slli t4, t4, 0xb
x29 <- 0x0000000001000000

mem[X,0x000000008000144C] -> 0x8E93
mem[X,0x000000008000144E] -> 0x000E
[1304] [M]: 0x000000008000144C (0x000E8E93) addi t4, t4, 0x0
x29 <- 0x0000000001000000

mem[X,0x0000000080001450] -> 0x9E93
mem[X,0x0000000080001452] -> 0x00BE
[1305] [M]: 0x0000000080001450 (0x00BE9E93) slli t4, t4, 0xb
x29 <- 0x0000000800000000

mem[X,0x0000000080001454] -> 0x8E93
mem[X,0x0000000080001456] -> 0x150E
[1306] [M]: 0x0000000080001454 (0x150E8E93) addi t4, t4, 0x150
x29 <- 0x0000000800000150

mem[X,0x0000000080001458] -> 0x9E93
mem[X,0x000000008000145A] -> 0x00AE
[1307] [M]: 0x0000000080001458 (0x00AE9E93) slli t4, t4, 0xa
x29 <- 0x0000200000054000

mem[X,0x000000008000145C] -> 0x5FBB
mem[X,0x000000008000145E] -> 0xAFDF
[1308] [M]: 0x000000008000145C (0xAFDF5FBB) pm4addau.h t6, t5, t4
x31 <- 0xFFBF0029A91EC902

mem[X,0x0000000080001460] -> 0x3823
mem[X,0x0000000080001462] -> 0x13F1
[1309] [M]: 0x0000000080001460 (0x13F13823) sd t6, 0x130(sp)
mem[0x0000000080004328] <- 0xFFBF0029A91EC902

mem[X,0x0000000080001464] -> 0x0F37
mem[X,0x0000000080001466] -> 0xDFFF
[1310] [M]: 0x0000000080001464 (0xDFFF0F37) lui t5, -0x20010
x30 <- 0xFFFFFFFFDFFF0000

mem[X,0x0000000080001468] -> 0x0F13
mem[X,0x000000008000146A] -> 0x006F
[1311] [M]: 0x0000000080001468 (0x006F0F13) addi t5, t5, 0x6
x30 <- 0xFFFFFFFFDFFF0006

mem[X,0x000000008000146C] -> 0x1F13
mem[X,0x000000008000146E] -> 0x00BF
[1312] [M]: 0x000000008000146C (0x00BF1F13) slli t5, t5, 0xb
x30 <- 0xFFFFFEFFF8003000

mem[X,0x0000000080001470] -> 0x0F13
mem[X,0x0000000080001472] -> 0x010F
[1313] [M]: 0x0000000080001470 (0x010F0F13) addi t5, t5, 0x10
x30 <- 0xFFFFFEFFF8003010

mem[X,0x0000000080001474] -> 0x1F13
mem[X,0x0000000080001476] -> 0x00BF
[1314] [M]: 0x0000000080001474 (0x00BF1F13) slli t5, t5, 0xb
x30 <- 0xFFF7FFC001808000

mem[X,0x0000000080001478] -> 0x0F13
mem[X,0x000000008000147A] -> 0x03FF
[1315] [M]: 0x0000000080001478 (0x03FF0F13) addi t5, t5, 0x3f
x30 <- 0xFFF7FFC00180803F

mem[X,0x000000008000147C] -> 0x1F13
mem[X,0x000000008000147E] -> 0x00AF
[1316] [M]: 0x000000008000147C (0x00AF1F13) slli t5, t5, 0xa
x30 <- 0xDFFF00060200FC00

mem[X,0x0000000080001480] -> 0x0F13
mem[X,0x0000000080001482] -> 0x3F8F
[1317] [M]: 0x0000000080001480 (0x3F8F0F13) addi t5, t5, 0x3f8
x30 <- 0xDFFF00060200FFF8

mem[X,0x0000000080001484] -> 0x0EB7
mem[X,0x0000000080001486] -> 0x0041
[1318] [M]: 0x0000000080001484 (0x00410EB7) lui t4, 0x410
x29 <- 0x0000000000410000

mem[X,0x0000000080001488] -> 0x8E93
mem[X,0x000000008000148A] -> 0xFF7E
[1319] [M]: 0x0000000080001488 (0xFF7E8E93) addi t4, t4, -0x9
x29 <- 0x000000000040FFF7

mem[X,0x000000008000148C] -> 0x9E93
mem[X,0x000000008000148E] -> 0x00BE
[1320] [M]: 0x000000008000148C (0x00BE9E93) slli t4, t4, 0xb
x29 <- 0x0000000207FFB800

mem[X,0x0000000080001490] -> 0x8E93
mem[X,0x0000000080001492] -> 0x7FFE
[1321] [M]: 0x0000000080001490 (0x7FFE8E93) addi t4, t4, 0x7ff
x29 <- 0x0000000207FFBFFF

mem[X,0x0000000080001494] -> 0x9E93
mem[X,0x0000000080001496] -> 0x00BE
[1322] [M]: 0x0000000080001494 (0x00BE9E93) slli t4, t4, 0xb
x29 <- 0x0000103FFDFFF800

mem[X,0x0000000080001498] -> 0x8E93
mem[X,0x000000008000149A] -> 0x677E
[1323] [M]: 0x0000000080001498 (0x677E8E93) addi t4, t4, 0x677
x29 <- 0x0000103FFDFFFE77

mem[X,0x000000008000149C] -> 0x9E93
mem[X,0x000000008000149E] -> 0x00AE
[1324] [M]: 0x000000008000149C (0x00AE9E93) slli t4, t4, 0xa
x29 <- 0x0040FFF7FFF9DC00

mem[X,0x00000000800014A0] -> 0x8E93
mem[X,0x00000000800014A2] -> 0x3FFE
[1325] [M]: 0x00000000800014A0 (0x3FFE8E93) addi t4, t4, 0x3ff
x29 <- 0x0040FFF7FFF9DFFF

mem[X,0x00000000800014A4] -> 0x5FBB
mem[X,0x00000000800014A6] -> 0xAFDF
[1326] [M]: 0x00000000800014A4 (0xAFDF5FBB) pm4addau.h t6, t5, t4
x31 <- 0xFFBF002A8B54BA94

mem[X,0x00000000800014A8] -> 0x3C23
mem[X,0x00000000800014AA] -> 0x13F1
[1327] [M]: 0x00000000800014A8 (0x13F13C23) sd t6, 0x138(sp)
mem[0x0000000080004330] <- 0xFFBF002A8B54BA94

mem[X,0x00000000800014AC] -> 0x4F37
mem[X,0x00000000800014AE] -> 0x0200
[1328] [M]: 0x00000000800014AC (0x02004F37) lui t5, 0x2004
x30 <- 0x0000000002004000

mem[X,0x00000000800014B0] -> 0x0F13
mem[X,0x00000000800014B2] -> 0x000F
[1329] [M]: 0x00000000800014B0 (0x000F0F13) addi t5, t5, 0x0
x30 <- 0x0000000002004000

mem[X,0x00000000800014B4] -> 0x1F13
mem[X,0x00000000800014B6] -> 0x00BF
[1330] [M]: 0x00000000800014B4 (0x00BF1F13) slli t5, t5, 0xb
x30 <- 0x0000001002000000

mem[X,0x00000000800014B8] -> 0x0F13
mem[X,0x00000000800014BA] -> 0x010F
[1331] [M]: 0x00000000800014B8 (0x010F0F13) addi t5, t5, 0x10
x30 <- 0x0000001002000010

mem[X,0x00000000800014BC] -> 0x1F13
mem[X,0x00000000800014BE] -> 0x00BF
[1332] [M]: 0x00000000800014BC (0x00BF1F13) slli t5, t5, 0xb
x30 <- 0x0000801000008000

mem[X,0x00000000800014C0] -> 0x0F13
mem[X,0x00000000800014C2] -> 0x020F
[1333] [M]: 0x00000000800014C0 (0x020F0F13) addi t5, t5, 0x20
x30 <- 0x0000801000008020

mem[X,0x00000000800014C4] -> 0x1F13
mem[X,0x00000000800014C6] -> 0x00AF
[1334] [M]: 0x00000000800014C4 (0x00AF1F13) slli t5, t5, 0xa
x30 <- 0x0200400002008000

mem[X,0x00000000800014C8] -> 0x0EB7
mem[X,0x00000000800014CA] -> 0xFFEF
[1335] [M]: 0x00000000800014C8 (0xFFEF0EB7) lui t4, -0x110
x29 <- 0xFFFFFFFFFFEF0000

mem[X,0x00000000800014CC] -> 0x8E93
mem[X,0x00000000800014CE] -> 0x004E
[1336] [M]: 0x00000000800014CC (0x004E8E93) addi t4, t4, 0x4
x29 <- 0xFFFFFFFFFFEF0004

mem[X,0x00000000800014D0] -> 0x9E93
mem[X,0x00000000800014D2] -> 0x00BE
[1337] [M]: 0x00000000800014D0 (0x00BE9E93) slli t4, t4, 0xb
x29 <- 0xFFFFFFFF78002000

mem[X,0x00000000800014D4] -> 0x8E93
mem[X,0x00000000800014D6] -> 0x000E
[1338] [M]: 0x00000000800014D4 (0x000E8E93) addi t4, t4, 0x0
x29 <- 0xFFFFFFFF78002000

mem[X,0x00000000800014D8] -> 0x9E93
mem[X,0x00000000800014DA] -> 0x00BE
[1339] [M]: 0x00000000800014D8 (0x00BE9E93) slli t4, t4, 0xb
x29 <- 0xFFFFFBC001000000

mem[X,0x00000000800014DC] -> 0x8E93
mem[X,0x00000000800014DE] -> 0x155E
[1340] [M]: 0x00000000800014DC (0x155E8E93) addi t4, t4, 0x155
x29 <- 0xFFFFFBC001000155

mem[X,0x00000000800014E0] -> 0x9E93
mem[X,0x00000000800014E2] -> 0x00AE
[1341] [M]: 0x00000000800014E0 (0x00AE9E93) slli t4, t4, 0xa
x29 <- 0xFFEF000400055400

mem[X,0x00000000800014E4] -> 0x8E93
mem[X,0x00000000800014E6] -> 0x155E
[1342] [M]: 0x00000000800014E4 (0x155E8E93) addi t4, t4, 0x155
x29 <- 0xFFEF000400055555

mem[X,0x00000000800014E8] -> 0x5FBB
mem[X,0x00000000800014EA] -> 0xAFDF
[1343] [M]: 0x00000000800014E8 (0xAFDF5FBB) pm4addau.h t6, t5, t4
x31 <- 0xFFBF002AB8002294

mem[X,0x00000000800014EC] -> 0x3023
mem[X,0x00000000800014EE] -> 0x15F1
[1344] [M]: 0x00000000800014EC (0x15F13023) sd t6, 0x140(sp)
mem[0x0000000080004338] <- 0xFFBF002AB8002294

mem[X,0x00000000800014F0] -> 0x1F37
mem[X,0x00000000800014F2] -> 0xBFFF
[1345] [M]: 0x00000000800014F0 (0xBFFF1F37) lui t5, -0x4000f
x30 <- 0xFFFFFFFFBFFF1000

mem[X,0x00000000800014F4] -> 0x0F13
mem[X,0x00000000800014F6] -> 0x800F
[1346] [M]: 0x00000000800014F4 (0x800F0F13) addi t5, t5, -0x800
x30 <- 0xFFFFFFFFBFFF0800

mem[X,0x00000000800014F8] -> 0x1F13
mem[X,0x00000000800014FA] -> 0x00BF
[1347] [M]: 0x00000000800014F8 (0x00BF1F13) slli t5, t5, 0xb
x30 <- 0xFFFFFDFFF8400000

mem[X,0x00000000800014FC] -> 0x0F13
mem[X,0x00000000800014FE] -> 0x7FFF
[1348] [M]: 0x00000000800014FC (0x7FFF0F13) addi t5, t5, 0x7ff
x30 <- 0xFFFFFDFFF84007FF

mem[X,0x0000000080001500] -> 0x1F13
mem[X,0x0000000080001502] -> 0x00BF
[1349] [M]: 0x0000000080001500 (0x00BF1F13) slli t5, t5, 0xb
x30 <- 0xFFEFFFC2003FF800

mem[X,0x0000000080001504] -> 0x0F13
mem[X,0x0000000080001506] -> 0x7BFF
[1350] [M]: 0x0000000080001504 (0x7BFF0F13) addi t5, t5, 0x7bf
x30 <- 0xFFEFFFC2003FFFBF

mem[X,0x0000000080001508] -> 0x1F13
mem[X,0x000000008000150A] -> 0x00AF
[1351] [M]: 0x0000000080001508 (0x00AF1F13) slli t5, t5, 0xa
x30 <- 0xBFFF0800FFFEFC00

mem[X,0x000000008000150C] -> 0x0F13
mem[X,0x000000008000150E] -> 0x37FF
[1352] [M]: 0x000000008000150C (0x37FF0F13) addi t5, t5, 0x37f
x30 <- 0xBFFF0800FFFEFF7F

mem[X,0x0000000080001510] -> 0x0EB7
mem[X,0x0000000080001512] -> 0x0000
[1353] [M]: 0x0000000080001510 (0x00000EB7) lui t4, 0x0
x29 <- 0x0000000000000000

mem[X,0x0000000080001514] -> 0x8E93
mem[X,0x0000000080001516] -> 0xFFBE
[1354] [M]: 0x0000000080001514 (0xFFBE8E93) addi t4, t4, -0x5
x29 <- 0xFFFFFFFFFFFFFFFB

mem[X,0x0000000080001518] -> 0x9E93
mem[X,0x000000008000151A] -> 0x00BE
[1355] [M]: 0x0000000080001518 (0x00BE9E93) slli t4, t4, 0xb
x29 <- 0xFFFFFFFFFFFFD800

mem[X,0x000000008000151C] -> 0x8E93
mem[X,0x000000008000151E] -> 0x001E
[1356] [M]: 0x000000008000151C (0x001E8E93) addi t4, t4, 0x1
x29 <- 0xFFFFFFFFFFFFD801

mem[X,0x0000000080001520] -> 0x9E93
mem[X,0x0000000080001522] -> 0x00BE
[1357] [M]: 0x0000000080001520 (0x00BE9E93) slli t4, t4, 0xb
x29 <- 0xFFFFFFFFFEC00800

mem[X,0x0000000080001524] -> 0x8E93
mem[X,0x0000000080001526] -> 0x03FE
[1358] [M]: 0x0000000080001524 (0x03FE8E93) addi t4, t4, 0x3f
x29 <- 0xFFFFFFFFFEC0083F

mem[X,0x0000000080001528] -> 0x9E93
mem[X,0x000000008000152A] -> 0x00AE
[1359] [M]: 0x0000000080001528 (0x00AE9E93) slli t4, t4, 0xa
x29 <- 0xFFFFFFFB0020FC00

mem[X,0x000000008000152C] -> 0x8E93
mem[X,0x000000008000152E] -> 0x2FFE
[1360] [M]: 0x000000008000152C (0x2FFE8E93) addi t4, t4, 0x2ff
x29 <- 0xFFFFFFFB0020FEFF

mem[X,0x0000000080001530] -> 0x5FBB
mem[X,0x0000000080001532] -> 0xAFDF
[1361] [M]: 0x0000000080001530 (0xAFDF5FBB) pm4addau.h t6, t5, t4
x31 <- 0xFFBF002C7E9CBBD6

mem[X,0x0000000080001534] -> 0x3423
mem[X,0x0000000080001536] -> 0x15F1
[1362] [M]: 0x0000000080001534 (0x15F13423) sd t6, 0x148(sp)
mem[0x0000000080004340] <- 0xFFBF002C7E9CBBD6

mem[X,0x0000000080001538] -> 0x4F37
mem[X,0x000000008000153A] -> 0xEFFF
[1363] [M]: 0x0000000080001538 (0xEFFF4F37) lui t5, -0x1000c
x30 <- 0xFFFFFFFFEFFF4000

mem[X,0x000000008000153C] -> 0x0F13
mem[X,0x000000008000153E] -> 0x000F
[1364] [M]: 0x000000008000153C (0x000F0F13) addi t5, t5, 0x0
x30 <- 0xFFFFFFFFEFFF4000

mem[X,0x0000000080001540] -> 0x1F13
mem[X,0x0000000080001542] -> 0x00BF
[1365] [M]: 0x0000000080001540 (0x00BF1F13) slli t5, t5, 0xb
x30 <- 0xFFFFFF7FFA000000

mem[X,0x0000000080001544] -> 0x0F13
mem[X,0x0000000080001546] -> 0x7FFF
[1366] [M]: 0x0000000080001544 (0x7FFF0F13) addi t5, t5, 0x7ff
x30 <- 0xFFFFFF7FFA0007FF

mem[X,0x0000000080001548] -> 0x1F13
mem[X,0x000000008000154A] -> 0x00BF
[1367] [M]: 0x0000000080001548 (0x00BF1F13) slli t5, t5, 0xb
x30 <- 0xFFFBFFD0003FF800

mem[X,0x000000008000154C] -> 0x0F13
mem[X,0x000000008000154E] -> 0x3FFF
[1368] [M]: 0x000000008000154C (0x3FFF0F13) addi t5, t5, 0x3ff
x30 <- 0xFFFBFFD0003FFBFF

mem[X,0x0000000080001550] -> 0x1F13
mem[X,0x0000000080001552] -> 0x00AF
[1369] [M]: 0x0000000080001550 (0x00AF1F13) slli t5, t5, 0xa
x30 <- 0xEFFF4000FFEFFC00

mem[X,0x0000000080001554] -> 0x0F13
mem[X,0x0000000080001556] -> 0x3F6F
[1370] [M]: 0x0000000080001554 (0x3F6F0F13) addi t5, t5, 0x3f6
x30 <- 0xEFFF4000FFEFFFF6

mem[X,0x0000000080001558] -> 0xEEB7
mem[X,0x000000008000155A] -> 0xFF7F
[1371] [M]: 0x0000000080001558 (0xFF7FEEB7) lui t4, -0x802
x29 <- 0xFFFFFFFFFF7FE000

mem[X,0x000000008000155C] -> 0x8E93
mem[X,0x000000008000155E] -> 0xFFFE
[1372] [M]: 0x000000008000155C (0xFFFE8E93) addi t4, t4, -0x1
x29 <- 0xFFFFFFFFFF7FDFFF

mem[X,0x0000000080001560] -> 0x9E93
mem[X,0x0000000080001562] -> 0x00BE
[1373] [M]: 0x0000000080001560 (0x00BE9E93) slli t4, t4, 0xb
x29 <- 0xFFFFFFFBFEFFF800

mem[X,0x0000000080001564] -> 0x8E93
mem[X,0x0000000080001566] -> 0x7FFE
[1374] [M]: 0x0000000080001564 (0x7FFE8E93) addi t4, t4, 0x7ff
x29 <- 0xFFFFFFFBFEFFFFFF

mem[X,0x0000000080001568] -> 0x9E93
mem[X,0x000000008000156A] -> 0x00BE
[1375] [M]: 0x0000000080001568 (0x00BE9E93) slli t4, t4, 0xb
x29 <- 0xFFFFDFF7FFFFF800

mem[X,0x000000008000156C] -> 0x8E93
mem[X,0x000000008000156E] -> 0x640E
[1376] [M]: 0x000000008000156C (0x640E8E93) addi t4, t4, 0x640
x29 <- 0xFFFFDFF7FFFFFE40

mem[X,0x0000000080001570] -> 0x9E93
mem[X,0x0000000080001572] -> 0x00AE
[1377] [M]: 0x0000000080001570 (0x00AE9E93) slli t4, t4, 0xa
x29 <- 0xFF7FDFFFFFF90000

mem[X,0x0000000080001574] -> 0x8E93
mem[X,0x0000000080001576] -> 0x100E
[1378] [M]: 0x0000000080001574 (0x100E8E93) addi t4, t4, 0x100
x29 <- 0xFF7FDFFFFFF90100

mem[X,0x0000000080001578] -> 0x5FBB
mem[X,0x000000008000157A] -> 0xAFDF
[1379] [M]: 0x0000000080001578 (0xAFDF5FBB) pm4addau.h t6, t5, t4
x31 <- 0xFFBF002EA70A82CE

mem[X,0x000000008000157C] -> 0x3823
mem[X,0x000000008000157E] -> 0x15F1
[1380] [M]: 0x000000008000157C (0x15F13823) sd t6, 0x150(sp)
mem[0x0000000080004348] <- 0xFFBF002EA70A82CE

mem[X,0x0000000080001580] -> 0x0F37
mem[X,0x0000000080001582] -> 0x0400
[1381] [M]: 0x0000000080001580 (0x04000F37) lui t5, 0x4000
x30 <- 0x0000000004000000

mem[X,0x0000000080001584] -> 0x0F13
mem[X,0x0000000080001586] -> 0x000F
[1382] [M]: 0x0000000080001584 (0x000F0F13) addi t5, t5, 0x0
x30 <- 0x0000000004000000

mem[X,0x0000000080001588] -> 0x1F13
mem[X,0x000000008000158A] -> 0x00BF
[1383] [M]: 0x0000000080001588 (0x00BF1F13) slli t5, t5, 0xb
x30 <- 0x0000002000000000

mem[X,0x000000008000158C] -> 0x0F13
mem[X,0x000000008000158E] -> 0x7EFF
[1384] [M]: 0x000000008000158C (0x7EFF0F13) addi t5, t5, 0x7ef
x30 <- 0x00000020000007EF

mem[X,0x0000000080001590] -> 0x1F13
mem[X,0x0000000080001592] -> 0x00BF
[1385] [M]: 0x0000000080001590 (0x00BF1F13) slli t5, t5, 0xb
x30 <- 0x00010000003F7800

mem[X,0x0000000080001594] -> 0x0F13
mem[X,0x0000000080001596] -> 0x7C0F
[1386] [M]: 0x0000000080001594 (0x7C0F0F13) addi t5, t5, 0x7c0
x30 <- 0x00010000003F7FC0

mem[X,0x0000000080001598] -> 0x1F13
mem[X,0x000000008000159A] -> 0x00AF
[1387] [M]: 0x0000000080001598 (0x00AF1F13) slli t5, t5, 0xa
x30 <- 0x04000000FDFF0000

mem[X,0x000000008000159C] -> 0x0F13
mem[X,0x000000008000159E] -> 0x009F
[1388] [M]: 0x000000008000159C (0x009F0F13) addi t5, t5, 0x9
x30 <- 0x04000000FDFF0009

mem[X,0x00000000800015A0] -> 0x0EB7
mem[X,0x00000000800015A2] -> 0xFFFA
[1389] [M]: 0x00000000800015A0 (0xFFFA0EB7) lui t4, -0x60
x29 <- 0xFFFFFFFFFFFA0000

mem[X,0x00000000800015A4] -> 0x8E93
mem[X,0x00000000800015A6] -> 0x002E
[1390] [M]: 0x00000000800015A4 (0x002E8E93) addi t4, t4, 0x2
x29 <- 0xFFFFFFFFFFFA0002

mem[X,0x00000000800015A8] -> 0x9E93
mem[X,0x00000000800015AA] -> 0x00BE
[1391] [M]: 0x00000000800015A8 (0x00BE9E93) slli t4, t4, 0xb
x29 <- 0xFFFFFFFFD0001000

mem[X,0x00000000800015AC] -> 0x8E93
mem[X,0x00000000800015AE] -> 0x000E
[1392] [M]: 0x00000000800015AC (0x000E8E93) addi t4, t4, 0x0
x29 <- 0xFFFFFFFFD0001000

mem[X,0x00000000800015B0] -> 0x9E93
mem[X,0x00000000800015B2] -> 0x00BE
[1393] [M]: 0x00000000800015B0 (0x00BE9E93) slli t4, t4, 0xb
x29 <- 0xFFFFFE8000800000

mem[X,0x00000000800015B4] -> 0x8E93
mem[X,0x00000000800015B6] -> 0x1C0E
[1394] [M]: 0x00000000800015B4 (0x1C0E8E93) addi t4, t4, 0x1c0
x29 <- 0xFFFFFE80008001C0

mem[X,0x00000000800015B8] -> 0x9E93
mem[X,0x00000000800015BA] -> 0x00AE
[1395] [M]: 0x00000000800015B8 (0x00AE9E93) slli t4, t4, 0xa
x29 <- 0xFFFA000200070000

mem[X,0x00000000800015BC] -> 0x8E93
mem[X,0x00000000800015BE] -> 0x004E
[1396] [M]: 0x00000000800015BC (0x004E8E93) addi t4, t4, 0x4
x29 <- 0xFFFA000200070004

mem[X,0x00000000800015C0] -> 0x5FBB
mem[X,0x00000000800015C2] -> 0xAFDF
[1397] [M]: 0x00000000800015C0 (0xAFDF5FBB) pm4addau.h t6, t5, t4
x31 <- 0xFFBF002EAB115CEB

mem[X,0x00000000800015C4] -> 0x3C23
mem[X,0x00000000800015C6] -> 0x15F1
[1398] [M]: 0x00000000800015C4 (0x15F13C23) sd t6, 0x158(sp)
mem[0x0000000080004350] <- 0xFFBF002EAB115CEB

mem[X,0x00000000800015C8] -> 0x0F37
mem[X,0x00000000800015CA] -> 0xFFC0
[1399] [M]: 0x00000000800015C8 (0xFFC00F37) lui t5, -0x400
x30 <- 0xFFFFFFFFFFC00000

clint::tick mtime <- 0x000000000000000E
 clint timer pending at mtime 0x000000000000000E
htif::tick 0x0000000000000000
mem[X,0x00000000800015CC] -> 0x0F13
mem[X,0x00000000800015CE] -> 0xFFDF
[1400] [M]: 0x00000000800015CC (0xFFDF0F13) addi t5, t5, -0x3
x30 <- 0xFFFFFFFFFFBFFFFD

mem[X,0x00000000800015D0] -> 0x1F13
mem[X,0x00000000800015D2] -> 0x00BF
[1401] [M]: 0x00000000800015D0 (0x00BF1F13) slli t5, t5, 0xb
x30 <- 0xFFFFFFFDFFFFE800

mem[X,0x00000000800015D4] -> 0x0F13
mem[X,0x00000000800015D6] -> 0x7DFF
[1402] [M]: 0x00000000800015D4 (0x7DFF0F13) addi t5, t5, 0x7df
x30 <- 0xFFFFFFFDFFFFEFDF

mem[X,0x00000000800015D8] -> 0x1F13
mem[X,0x00000000800015DA] -> 0x00BF
[1403] [M]: 0x00000000800015D8 (0x00BF1F13) slli t5, t5, 0xb
x30 <- 0xFFFFEFFFFF7EF800

mem[X,0x00000000800015DC] -> 0x0F13
mem[X,0x00000000800015DE] -> 0x7FFF
[1404] [M]: 0x00000000800015DC (0x7FFF0F13) addi t5, t5, 0x7ff
x30 <- 0xFFFFEFFFFF7EFFFF

mem[X,0x00000000800015E0] -> 0x1F13
mem[X,0x00000000800015E2] -> 0x00AF
[1405] [M]: 0x00000000800015E0 (0x00AF1F13) slli t5, t5, 0xa
x30 <- 0xFFBFFFFDFBFFFC00

mem[X,0x00000000800015E4] -> 0x0F13
mem[X,0x00000000800015E6] -> 0x3F8F
[1406] [M]: 0x00000000800015E4 (0x3F8F0F13) addi t5, t5, 0x3f8
x30 <- 0xFFBFFFFDFBFFFFF8

mem[X,0x00000000800015E8] -> 0x0EB7
mem[X,0x00000000800015EA] -> 0x0400
[1407] [M]: 0x00000000800015E8 (0x04000EB7) lui t4, 0x4000
x29 <- 0x0000000004000000

mem[X,0x00000000800015EC] -> 0x8E93
mem[X,0x00000000800015EE] -> 0x020E
[1408] [M]: 0x00000000800015EC (0x020E8E93) addi t4, t4, 0x20
x29 <- 0x0000000004000020

mem[X,0x00000000800015F0] -> 0x9E93
mem[X,0x00000000800015F2] -> 0x00BE
[1409] [M]: 0x00000000800015F0 (0x00BE9E93) slli t4, t4, 0xb
x29 <- 0x0000002000010000

mem[X,0x00000000800015F4] -> 0x8E93
mem[X,0x00000000800015F6] -> 0x7FFE
[1410] [M]: 0x00000000800015F4 (0x7FFE8E93) addi t4, t4, 0x7ff
x29 <- 0x00000020000107FF

mem[X,0x00000000800015F8] -> 0x9E93
mem[X,0x00000000800015FA] -> 0x00BE
[1411] [M]: 0x00000000800015F8 (0x00BE9E93) slli t4, t4, 0xb
x29 <- 0x00010000083FF800

mem[X,0x00000000800015FC] -> 0x8E93
mem[X,0x00000000800015FE] -> 0x5FFE
[1412] [M]: 0x00000000800015FC (0x5FFE8E93) addi t4, t4, 0x5ff
x29 <- 0x00010000083FFDFF

mem[X,0x0000000080001600] -> 0x9E93
mem[X,0x0000000080001602] -> 0x00AE
[1413] [M]: 0x0000000080001600 (0x00AE9E93) slli t4, t4, 0xa
x29 <- 0x04000020FFF7FC00

mem[X,0x0000000080001604] -> 0x8E93
mem[X,0x0000000080001606] -> 0x3FDE
[1414] [M]: 0x0000000080001604 (0x3FDE8E93) addi t4, t4, 0x3fd
x29 <- 0x04000020FFF7FFFD

mem[X,0x0000000080001608] -> 0x5FBB
mem[X,0x000000008000160A] -> 0xAFDF
[1415] [M]: 0x0000000080001608 (0xAFDF5FBB) pm4addau.h t6, t5, t4
x31 <- 0xFFBF0030AB1B7CAC

mem[X,0x000000008000160C] -> 0x3023
mem[X,0x000000008000160E] -> 0x17F1
[1416] [M]: 0x000000008000160C (0x17F13023) sd t6, 0x160(sp)
mem[0x0000000080004358] <- 0xFFBF0030AB1B7CAC

mem[X,0x0000000080001610] -> 0x4F37
mem[X,0x0000000080001612] -> 0x5555
[1417] [M]: 0x0000000080001610 (0x55554F37) lui t5, 0x55554
x30 <- 0x0000000055554000

mem[X,0x0000000080001614] -> 0x0F13
mem[X,0x0000000080001616] -> 0xFFFF
[1418] [M]: 0x0000000080001614 (0xFFFF0F13) addi t5, t5, -0x1
x30 <- 0x0000000055553FFF

mem[X,0x0000000080001618] -> 0x1F13
mem[X,0x000000008000161A] -> 0x00BF
[1419] [M]: 0x0000000080001618 (0x00BF1F13) slli t5, t5, 0xb
x30 <- 0x000002AAA9FFF800

mem[X,0x000000008000161C] -> 0x0F13
mem[X,0x000000008000161E] -> 0x008F
[1420] [M]: 0x000000008000161C (0x008F0F13) addi t5, t5, 0x8
x30 <- 0x000002AAA9FFF808

mem[X,0x0000000080001620] -> 0x1F13
mem[X,0x0000000080001622] -> 0x00BF
[1421] [M]: 0x0000000080001620 (0x00BF1F13) slli t5, t5, 0xb
x30 <- 0x0015554FFFC04000

mem[X,0x0000000080001624] -> 0x0F13
mem[X,0x0000000080001626] -> 0x000F
[1422] [M]: 0x0000000080001624 (0x000F0F13) addi t5, t5, 0x0
x30 <- 0x0015554FFFC04000

mem[X,0x0000000080001628] -> 0x1F13
mem[X,0x000000008000162A] -> 0x00AF
[1423] [M]: 0x0000000080001628 (0x00AF1F13) slli t5, t5, 0xa
x30 <- 0x55553FFF01000000

mem[X,0x000000008000162C] -> 0x0F13
mem[X,0x000000008000162E] -> 0x010F
[1424] [M]: 0x000000008000162C (0x010F0F13) addi t5, t5, 0x10
x30 <- 0x55553FFF01000010

mem[X,0x0000000080001630] -> 0x0EB7
mem[X,0x0000000080001632] -> 0x0800
[1425] [M]: 0x0000000080001630 (0x08000EB7) lui t4, 0x8000
x29 <- 0x0000000008000000

mem[X,0x0000000080001634] -> 0x8E93
mem[X,0x0000000080001636] -> 0x010E
[1426] [M]: 0x0000000080001634 (0x010E8E93) addi t4, t4, 0x10
x29 <- 0x0000000008000010

mem[X,0x0000000080001638] -> 0x9E93
mem[X,0x000000008000163A] -> 0x00BE
[1427] [M]: 0x0000000080001638 (0x00BE9E93) slli t4, t4, 0xb
x29 <- 0x0000004000008000

mem[X,0x000000008000163C] -> 0x8E93
mem[X,0x000000008000163E] -> 0x010E
[1428] [M]: 0x000000008000163C (0x010E8E93) addi t4, t4, 0x10
x29 <- 0x0000004000008010

mem[X,0x0000000080001640] -> 0x9E93
mem[X,0x0000000080001642] -> 0x00BE
[1429] [M]: 0x0000000080001640 (0x00BE9E93) slli t4, t4, 0xb
x29 <- 0x0002000004008000

mem[X,0x0000000080001644] -> 0x8E93
mem[X,0x0000000080001646] -> 0x03FE
[1430] [M]: 0x0000000080001644 (0x03FE8E93) addi t4, t4, 0x3f
x29 <- 0x000200000400803F

mem[X,0x0000000080001648] -> 0x9E93
mem[X,0x000000008000164A] -> 0x00AE
[1431] [M]: 0x0000000080001648 (0x00AE9E93) slli t4, t4, 0xa
x29 <- 0x080000100200FC00

mem[X,0x000000008000164C] -> 0x8E93
mem[X,0x000000008000164E] -> 0x3FCE
[1432] [M]: 0x000000008000164C (0x3FCE8E93) addi t4, t4, 0x3fc
x29 <- 0x080000100200FFFC

mem[X,0x0000000080001650] -> 0x5FBB
mem[X,0x0000000080001652] -> 0xAFDF
[1433] [M]: 0x0000000080001650 (0xAFDF5FBB) pm4addau.h t6, t5, t4
x31 <- 0xFFBF0030ADDC245C

mem[X,0x0000000080001654] -> 0x3423
mem[X,0x0000000080001656] -> 0x17F1
[1434] [M]: 0x0000000080001654 (0x17F13423) sd t6, 0x168(sp)
mem[0x0000000080004360] <- 0xFFBF0030ADDC245C

mem[X,0x0000000080001658] -> 0xBF37
mem[X,0x000000008000165A] -> 0xFFDF
[1435] [M]: 0x0000000080001658 (0xFFDFBF37) lui t5, -0x205
x30 <- 0xFFFFFFFFFFDFB000

mem[X,0x000000008000165C] -> 0x0F13
mem[X,0x000000008000165E] -> 0xAAAF
[1436] [M]: 0x000000008000165C (0xAAAF0F13) addi t5, t5, -0x556
x30 <- 0xFFFFFFFFFFDFAAAA

mem[X,0x0000000080001660] -> 0x1F13
mem[X,0x0000000080001662] -> 0x00BF
[1437] [M]: 0x0000000080001660 (0x00BF1F13) slli t5, t5, 0xb
x30 <- 0xFFFFFFFEFD555000

mem[X,0x0000000080001664] -> 0x0F13
mem[X,0x0000000080001666] -> 0x5FFF
[1438] [M]: 0x0000000080001664 (0x5FFF0F13) addi t5, t5, 0x5ff
x30 <- 0xFFFFFFFEFD5555FF

mem[X,0x0000000080001668] -> 0x1F13
mem[X,0x000000008000166A] -> 0x00BF
[1439] [M]: 0x0000000080001668 (0x00BF1F13) slli t5, t5, 0xb
x30 <- 0xFFFFF7EAAAAFF800

mem[X,0x000000008000166C] -> 0x0F13
mem[X,0x000000008000166E] -> 0x7C0F
[1440] [M]: 0x000000008000166C (0x7C0F0F13) addi t5, t5, 0x7c0
x30 <- 0xFFFFF7EAAAAFFFC0

mem[X,0x0000000080001670] -> 0x1F13
mem[X,0x0000000080001672] -> 0x00AF
[1441] [M]: 0x0000000080001670 (0x00AF1F13) slli t5, t5, 0xa
x30 <- 0xFFDFAAAABFFF0000

mem[X,0x0000000080001674] -> 0x0F13
mem[X,0x0000000080001676] -> 0x002F
[1442] [M]: 0x0000000080001674 (0x002F0F13) addi t5, t5, 0x2
x30 <- 0xFFDFAAAABFFF0002

mem[X,0x0000000080001678] -> 0x0EB7
mem[X,0x000000008000167A] -> 0xF7FF
[1443] [M]: 0x0000000080001678 (0xF7FF0EB7) lui t4, -0x8010
x29 <- 0xFFFFFFFFF7FF0000

mem[X,0x000000008000167C] -> 0x8E93
mem[X,0x000000008000167E] -> 0x001E
[1444] [M]: 0x000000008000167C (0x001E8E93) addi t4, t4, 0x1
x29 <- 0xFFFFFFFFF7FF0001

mem[X,0x0000000080001680] -> 0x9E93
mem[X,0x0000000080001682] -> 0x00BE
[1445] [M]: 0x0000000080001680 (0x00BE9E93) slli t4, t4, 0xb
x29 <- 0xFFFFFFBFF8000800

mem[X,0x0000000080001684] -> 0x8E93
mem[X,0x0000000080001686] -> 0x040E
[1446] [M]: 0x0000000080001684 (0x040E8E93) addi t4, t4, 0x40
x29 <- 0xFFFFFFBFF8000840

mem[X,0x0000000080001688] -> 0x9E93
mem[X,0x000000008000168A] -> 0x00BE
[1447] [M]: 0x0000000080001688 (0x00BE9E93) slli t4, t4, 0xb
x29 <- 0xFFFDFFC000420000

mem[X,0x000000008000168C] -> 0x8E93
mem[X,0x000000008000168E] -> 0x03FE
[1448] [M]: 0x000000008000168C (0x03FE8E93) addi t4, t4, 0x3f
x29 <- 0xFFFDFFC00042003F

mem[X,0x0000000080001690] -> 0x9E93
mem[X,0x0000000080001692] -> 0x00AE
[1449] [M]: 0x0000000080001690 (0x00AE9E93) slli t4, t4, 0xa
x29 <- 0xF7FF00010800FC00

mem[X,0x0000000080001694] -> 0x8E93
mem[X,0x0000000080001696] -> 0x3F6E
[1450] [M]: 0x0000000080001694 (0x3F6E8E93) addi t4, t4, 0x3f6
x29 <- 0xF7FF00010800FFF6

mem[X,0x0000000080001698] -> 0x5FBB
mem[X,0x000000008000169A] -> 0xAFDF
[1451] [M]: 0x0000000080001698 (0xAFDF5FBB) pm4addau.h t6, t5, t4
x31 <- 0xFFBF0031ABBDCF13

mem[X,0x000000008000169C] -> 0x3823
mem[X,0x000000008000169E] -> 0x17F1
[1452] [M]: 0x000000008000169C (0x17F13823) sd t6, 0x170(sp)
mem[0x0000000080004368] <- 0xFFBF0031ABBDCF13

mem[X,0x00000000800016A0] -> 0x1F37
mem[X,0x00000000800016A2] -> 0xBFFF
[1453] [M]: 0x00000000800016A0 (0xBFFF1F37) lui t5, -0x4000f
x30 <- 0xFFFFFFFFBFFF1000

mem[X,0x00000000800016A4] -> 0x0F13
mem[X,0x00000000800016A6] -> 0x000F
[1454] [M]: 0x00000000800016A4 (0x000F0F13) addi t5, t5, 0x0
x30 <- 0xFFFFFFFFBFFF1000

mem[X,0x00000000800016A8] -> 0x1F13
mem[X,0x00000000800016AA] -> 0x00BF
[1455] [M]: 0x00000000800016A8 (0x00BF1F13) slli t5, t5, 0xb
x30 <- 0xFFFFFDFFF8800000

mem[X,0x00000000800016AC] -> 0x0F13
mem[X,0x00000000800016AE] -> 0x6FFF
[1456] [M]: 0x00000000800016AC (0x6FFF0F13) addi t5, t5, 0x6ff
x30 <- 0xFFFFFDFFF88006FF

mem[X,0x00000000800016B0] -> 0x1F13
mem[X,0x00000000800016B2] -> 0x00BF
[1457] [M]: 0x00000000800016B0 (0x00BF1F13) slli t5, t5, 0xb
x30 <- 0xFFEFFFC40037F800

mem[X,0x00000000800016B4] -> 0x0F13
mem[X,0x00000000800016B6] -> 0x7C0F
[1458] [M]: 0x00000000800016B4 (0x7C0F0F13) addi t5, t5, 0x7c0
x30 <- 0xFFEFFFC40037FFC0

mem[X,0x00000000800016B8] -> 0x1F13
mem[X,0x00000000800016BA] -> 0x00AF
[1459] [M]: 0x00000000800016B8 (0x00AF1F13) slli t5, t5, 0xa
x30 <- 0xBFFF1000DFFF0000

mem[X,0x00000000800016BC] -> 0x0F13
mem[X,0x00000000800016BE] -> 0x008F
[1460] [M]: 0x00000000800016BC (0x008F0F13) addi t5, t5, 0x8
x30 <- 0xBFFF1000DFFF0008

mem[X,0x00000000800016C0] -> 0x0EB7
mem[X,0x00000000800016C2] -> 0xAAAB
[1461] [M]: 0x00000000800016C0 (0xAAAB0EB7) lui t4, -0x55550
x29 <- 0xFFFFFFFFAAAB0000

mem[X,0x00000000800016C4] -> 0x8E93
mem[X,0x00000000800016C6] -> 0xFF7E
[1462] [M]: 0x00000000800016C4 (0xFF7E8E93) addi t4, t4, -0x9
x29 <- 0xFFFFFFFFAAAAFFF7

mem[X,0x00000000800016C8] -> 0x9E93
mem[X,0x00000000800016CA] -> 0x00BE
[1463] [M]: 0x00000000800016C8 (0x00BE9E93) slli t4, t4, 0xb
x29 <- 0xFFFFFD5557FFB800

mem[X,0x00000000800016CC] -> 0x8E93
mem[X,0x00000000800016CE] -> 0x100E
[1464] [M]: 0x00000000800016CC (0x100E8E93) addi t4, t4, 0x100
x29 <- 0xFFFFFD5557FFB900

mem[X,0x00000000800016D0] -> 0x9E93
mem[X,0x00000000800016D2] -> 0x00BE
[1465] [M]: 0x00000000800016D0 (0x00BE9E93) slli t4, t4, 0xb
x29 <- 0xFFEAAABFFDC80000

mem[X,0x00000000800016D4] -> 0x8E93
mem[X,0x00000000800016D6] -> 0x000E
[1466] [M]: 0x00000000800016D4 (0x000E8E93) addi t4, t4, 0x0
x29 <- 0xFFEAAABFFDC80000

mem[X,0x00000000800016D8] -> 0x9E93
mem[X,0x00000000800016DA] -> 0x00AE
[1467] [M]: 0x00000000800016D8 (0x00AE9E93) slli t4, t4, 0xa
x29 <- 0xAAAAFFF720000000

mem[X,0x00000000800016DC] -> 0x8E93
mem[X,0x00000000800016DE] -> 0x020E
[1468] [M]: 0x00000000800016DC (0x020E8E93) addi t4, t4, 0x20
x29 <- 0xAAAAFFF720000020

mem[X,0x00000000800016E0] -> 0x5FBB
mem[X,0x00000000800016E2] -> 0xAFDF
[1469] [M]: 0x00000000800016E0 (0xAFDF5FBB) pm4addau.h t6, t5, t4
x31 <- 0xFFBF003257BBF569

mem[X,0x00000000800016E4] -> 0x3C23
mem[X,0x00000000800016E6] -> 0x17F1
[1470] [M]: 0x00000000800016E4 (0x17F13C23) sd t6, 0x178(sp)
mem[0x0000000080004370] <- 0xFFBF003257BBF569

mem[X,0x00000000800016E8] -> 0x0F37
mem[X,0x00000000800016EA] -> 0x0401
[1471] [M]: 0x00000000800016E8 (0x04010F37) lui t5, 0x4010
x30 <- 0x0000000004010000

mem[X,0x00000000800016EC] -> 0x0F13
mem[X,0x00000000800016EE] -> 0xEFFF
[1472] [M]: 0x00000000800016EC (0xEFFF0F13) addi t5, t5, -0x101
x30 <- 0x000000000400FEFF

mem[X,0x00000000800016F0] -> 0x1F13
mem[X,0x00000000800016F2] -> 0x00BF
[1473] [M]: 0x00000000800016F0 (0x00BF1F13) slli t5, t5, 0xb
x30 <- 0x0000002007F7F800

mem[X,0x00000000800016F4] -> 0x0F13
mem[X,0x00000000800016F6] -> 0x7FFF
[1474] [M]: 0x00000000800016F4 (0x7FFF0F13) addi t5, t5, 0x7ff
x30 <- 0x0000002007F7FFFF

mem[X,0x00000000800016F8] -> 0x1F13
mem[X,0x00000000800016FA] -> 0x00BF
[1475] [M]: 0x00000000800016F8 (0x00BF1F13) slli t5, t5, 0xb
x30 <- 0x0001003FBFFFF800

mem[X,0x00000000800016FC] -> 0x0F13
mem[X,0x00000000800016FE] -> 0x7EFF
[1476] [M]: 0x00000000800016FC (0x7EFF0F13) addi t5, t5, 0x7ef
x30 <- 0x0001003FBFFFFFEF

mem[X,0x0000000080001700] -> 0x1F13
mem[X,0x0000000080001702] -> 0x00AF
[1477] [M]: 0x0000000080001700 (0x00AF1F13) slli t5, t5, 0xa
x30 <- 0x0400FEFFFFFFBC00

mem[X,0x0000000080001704] -> 0x0F13
mem[X,0x0000000080001706] -> 0x3FFF
[1478] [M]: 0x0000000080001704 (0x3FFF0F13) addi t5, t5, 0x3ff
x30 <- 0x0400FEFFFFFFBFFF

mem[X,0x0000000080001708] -> 0x0EB7
mem[X,0x000000008000170A] -> 0x0007
[1479] [M]: 0x0000000080001708 (0x00070EB7) lui t4, 0x70
x29 <- 0x0000000000070000

mem[X,0x000000008000170C] -> 0x8E93
mem[X,0x000000008000170E] -> 0x003E
[1480] [M]: 0x000000008000170C (0x003E8E93) addi t4, t4, 0x3
x29 <- 0x0000000000070003

mem[X,0x0000000080001710] -> 0x9E93
mem[X,0x0000000080001712] -> 0x00BE
[1481] [M]: 0x0000000080001710 (0x00BE9E93) slli t4, t4, 0xb
x29 <- 0x0000000038001800

mem[X,0x0000000080001714] -> 0x8E93
mem[X,0x0000000080001716] -> 0x200E
[1482] [M]: 0x0000000080001714 (0x200E8E93) addi t4, t4, 0x200
x29 <- 0x0000000038001A00

mem[X,0x0000000080001718] -> 0x9E93
mem[X,0x000000008000171A] -> 0x00BE
[1483] [M]: 0x0000000080001718 (0x00BE9E93) slli t4, t4, 0xb
x29 <- 0x000001C000D00000

mem[X,0x000000008000171C] -> 0x8E93
mem[X,0x000000008000171E] -> 0x02AE
[1484] [M]: 0x000000008000171C (0x02AE8E93) addi t4, t4, 0x2a
x29 <- 0x000001C000D0002A

mem[X,0x0000000080001720] -> 0x9E93
mem[X,0x0000000080001722] -> 0x00AE
[1485] [M]: 0x0000000080001720 (0x00AE9E93) slli t4, t4, 0xa
x29 <- 0x000700034000A800

mem[X,0x0000000080001724] -> 0x8E93
mem[X,0x0000000080001726] -> 0x2AAE
[1486] [M]: 0x0000000080001724 (0x2AAE8E93) addi t4, t4, 0x2aa
x29 <- 0x000700034000AAAA

mem[X,0x0000000080001728] -> 0x5FBB
mem[X,0x000000008000172A] -> 0xAFDF
[1487] [M]: 0x0000000080001728 (0xAFDF5FBB) pm4addau.h t6, t5, t4
x31 <- 0xFFBF003317BDA3BC

mem[X,0x000000008000172C] -> 0x3023
mem[X,0x000000008000172E] -> 0x19F1
[1488] [M]: 0x000000008000172C (0x19F13023) sd t6, 0x180(sp)
mem[0x0000000080004378] <- 0xFFBF003317BDA3BC

mem[X,0x0000000080001730] -> 0x0F37
mem[X,0x0000000080001732] -> 0x000A
[1489] [M]: 0x0000000080001730 (0x000A0F37) lui t5, 0xa0
x30 <- 0x00000000000A0000

mem[X,0x0000000080001734] -> 0x0F13
mem[X,0x0000000080001736] -> 0xF7FF
[1490] [M]: 0x0000000080001734 (0xF7FF0F13) addi t5, t5, -0x81
x30 <- 0x000000000009FF7F

mem[X,0x0000000080001738] -> 0x1F13
mem[X,0x000000008000173A] -> 0x00BF
[1491] [M]: 0x0000000080001738 (0x00BF1F13) slli t5, t5, 0xb
x30 <- 0x000000004FFBF800

mem[X,0x000000008000173C] -> 0x0F13
mem[X,0x000000008000173E] -> 0x7DFF
[1492] [M]: 0x000000008000173C (0x7DFF0F13) addi t5, t5, 0x7df
x30 <- 0x000000004FFBFFDF

mem[X,0x0000000080001740] -> 0x1F13
mem[X,0x0000000080001742] -> 0x00BF
[1493] [M]: 0x0000000080001740 (0x00BF1F13) slli t5, t5, 0xb
x30 <- 0x0000027FDFFEF800

mem[X,0x0000000080001744] -> 0x0F13
mem[X,0x0000000080001746] -> 0x7CFF
[1494] [M]: 0x0000000080001744 (0x7CFF0F13) addi t5, t5, 0x7cf
x30 <- 0x0000027FDFFEFFCF

mem[X,0x0000000080001748] -> 0x1F13
mem[X,0x000000008000174A] -> 0x00AF
[1495] [M]: 0x0000000080001748 (0x00AF1F13) slli t5, t5, 0xa
x30 <- 0x0009FF7FFBFF3C00

mem[X,0x000000008000174C] -> 0x0F13
mem[X,0x000000008000174E] -> 0x3FFF
[1496] [M]: 0x000000008000174C (0x3FFF0F13) addi t5, t5, 0x3ff
x30 <- 0x0009FF7FFBFF3FFF

mem[X,0x0000000080001750] -> 0x0EB7
mem[X,0x0000000080001752] -> 0x0800
[1497] [M]: 0x0000000080001750 (0x08000EB7) lui t4, 0x8000
x29 <- 0x0000000008000000

mem[X,0x0000000080001754] -> 0x8E93
mem[X,0x0000000080001756] -> 0x006E
[1498] [M]: 0x0000000080001754 (0x006E8E93) addi t4, t4, 0x6
x29 <- 0x0000000008000006

mem[X,0x0000000080001758] -> 0x9E93
mem[X,0x000000008000175A] -> 0x00BE
[1499] [M]: 0x0000000080001758 (0x00BE9E93) slli t4, t4, 0xb
x29 <- 0x0000004000003000

clint::tick mtime <- 0x000000000000000F
 clint timer pending at mtime 0x000000000000000F
htif::tick 0x0000000000000000
mem[X,0x000000008000175C] -> 0x8E93
mem[X,0x000000008000175E] -> 0x7FFE
[1500] [M]: 0x000000008000175C (0x7FFE8E93) addi t4, t4, 0x7ff
x29 <- 0x00000040000037FF

mem[X,0x0000000080001760] -> 0x9E93
mem[X,0x0000000080001762] -> 0x00BE
[1501] [M]: 0x0000000080001760 (0x00BE9E93) slli t4, t4, 0xb
x29 <- 0x0002000001BFF800

mem[X,0x0000000080001764] -> 0x8E93
mem[X,0x0000000080001766] -> 0x740E
[1502] [M]: 0x0000000080001764 (0x740E8E93) addi t4, t4, 0x740
x29 <- 0x0002000001BFFF40

mem[X,0x0000000080001768] -> 0x9E93
mem[X,0x000000008000176A] -> 0x00AE
[1503] [M]: 0x0000000080001768 (0x00AE9E93) slli t4, t4, 0xa
x29 <- 0x08000006FFFD0000

mem[X,0x000000008000176C] -> 0x5FBB
mem[X,0x000000008000176E] -> 0xAFDF
[1504] [M]: 0x000000008000176C (0xAFDF5FBB) pm4addau.h t6, t5, t4
x31 <- 0xFFBF003413BFF4B9

mem[X,0x0000000080001770] -> 0x3423
mem[X,0x0000000080001772] -> 0x19F1
[1505] [M]: 0x0000000080001770 (0x19F13423) sd t6, 0x188(sp)
mem[0x0000000080004380] <- 0xFFBF003413BFF4B9

mem[X,0x0000000080001774] -> 0x0F37
mem[X,0x0000000080001776] -> 0x0101
[1506] [M]: 0x0000000080001774 (0x01010F37) lui t5, 0x1010
x30 <- 0x0000000001010000

mem[X,0x0000000080001778] -> 0x0F13
mem[X,0x000000008000177A] -> 0xFFDF
[1507] [M]: 0x0000000080001778 (0xFFDF0F13) addi t5, t5, -0x3
x30 <- 0x000000000100FFFD

mem[X,0x000000008000177C] -> 0x1F13
mem[X,0x000000008000177E] -> 0x00BF
[1508] [M]: 0x000000008000177C (0x00BF1F13) slli t5, t5, 0xb
x30 <- 0x0000000807FFE800

mem[X,0x0000000080001780] -> 0x0F13
mem[X,0x0000000080001782] -> 0x000F
[1509] [M]: 0x0000000080001780 (0x000F0F13) addi t5, t5, 0x0
x30 <- 0x0000000807FFE800

mem[X,0x0000000080001784] -> 0x1F13
mem[X,0x0000000080001786] -> 0x00BF
[1510] [M]: 0x0000000080001784 (0x00BF1F13) slli t5, t5, 0xb
x30 <- 0x0000403FFF400000

mem[X,0x0000000080001788] -> 0x0F13
mem[X,0x000000008000178A] -> 0x0C0F
[1511] [M]: 0x0000000080001788 (0x0C0F0F13) addi t5, t5, 0xc0
x30 <- 0x0000403FFF4000C0

mem[X,0x000000008000178C] -> 0x1F13
mem[X,0x000000008000178E] -> 0x00AF
[1512] [M]: 0x000000008000178C (0x00AF1F13) slli t5, t5, 0xa
x30 <- 0x0100FFFD00030000

mem[X,0x0000000080001790] -> 0x0F13
mem[X,0x0000000080001792] -> 0x200F
[1513] [M]: 0x0000000080001790 (0x200F0F13) addi t5, t5, 0x200
x30 <- 0x0100FFFD00030200

mem[X,0x0000000080001794] -> 0x0EB7
mem[X,0x0000000080001796] -> 0xFFFA
[1514] [M]: 0x0000000080001794 (0xFFFA0EB7) lui t4, -0x60
x29 <- 0xFFFFFFFFFFFA0000

mem[X,0x0000000080001798] -> 0x8E93
mem[X,0x000000008000179A] -> 0x008E
[1515] [M]: 0x0000000080001798 (0x008E8E93) addi t4, t4, 0x8
x29 <- 0xFFFFFFFFFFFA0008

mem[X,0x000000008000179C] -> 0x9E93
mem[X,0x000000008000179E] -> 0x00BE
[1516] [M]: 0x000000008000179C (0x00BE9E93) slli t4, t4, 0xb
x29 <- 0xFFFFFFFFD0004000

mem[X,0x00000000800017A0] -> 0x8E93
mem[X,0x00000000800017A2] -> 0x7FFE
[1517] [M]: 0x00000000800017A0 (0x7FFE8E93) addi t4, t4, 0x7ff
x29 <- 0xFFFFFFFFD00047FF

mem[X,0x00000000800017A4] -> 0x9E93
mem[X,0x00000000800017A6] -> 0x00BE
[1518] [M]: 0x00000000800017A4 (0x00BE9E93) slli t4, t4, 0xb
x29 <- 0xFFFFFE80023FF800

mem[X,0x00000000800017A8] -> 0x8E93
mem[X,0x00000000800017AA] -> 0x3C1E
[1519] [M]: 0x00000000800017A8 (0x3C1E8E93) addi t4, t4, 0x3c1
x29 <- 0xFFFFFE80023FFBC1

mem[X,0x00000000800017AC] -> 0x9E93
mem[X,0x00000000800017AE] -> 0x00AE
[1520] [M]: 0x00000000800017AC (0x00AE9E93) slli t4, t4, 0xa
x29 <- 0xFFFA0008FFEF0400

mem[X,0x00000000800017B0] -> 0x5FBB
mem[X,0x00000000800017B2] -> 0xAFDF
[1521] [M]: 0x00000000800017B0 (0xAFDF5FBB) pm4addau.h t6, t5, t4
x31 <- 0xFFBF003414D2EE6E

mem[X,0x00000000800017B4] -> 0x3823
mem[X,0x00000000800017B6] -> 0x19F1
[1522] [M]: 0x00000000800017B4 (0x19F13823) sd t6, 0x190(sp)
mem[0x0000000080004388] <- 0xFFBF003414D2EE6E

mem[X,0x00000000800017B8] -> 0x1F37
mem[X,0x00000000800017BA] -> 0x0007
[1523] [M]: 0x00000000800017B8 (0x00071F37) lui t5, 0x71
x30 <- 0x0000000000071000

mem[X,0x00000000800017BC] -> 0x0F13
mem[X,0x00000000800017BE] -> 0x800F
[1524] [M]: 0x00000000800017BC (0x800F0F13) addi t5, t5, -0x800
x30 <- 0x0000000000070800

mem[X,0x00000000800017C0] -> 0x1F13
mem[X,0x00000000800017C2] -> 0x00BF
[1525] [M]: 0x00000000800017C0 (0x00BF1F13) slli t5, t5, 0xb
x30 <- 0x0000000038400000

mem[X,0x00000000800017C4] -> 0x0F13
mem[X,0x00000000800017C6] -> 0x7FFF
[1526] [M]: 0x00000000800017C4 (0x7FFF0F13) addi t5, t5, 0x7ff
x30 <- 0x00000000384007FF

mem[X,0x00000000800017C8] -> 0x1F13
mem[X,0x00000000800017CA] -> 0x00BF
[1527] [M]: 0x00000000800017C8 (0x00BF1F13) slli t5, t5, 0xb
x30 <- 0x000001C2003FF800

mem[X,0x00000000800017CC] -> 0x0F13
mem[X,0x00000000800017CE] -> 0x6BFF
[1528] [M]: 0x00000000800017CC (0x6BFF0F13) addi t5, t5, 0x6bf
x30 <- 0x000001C2003FFEBF

mem[X,0x00000000800017D0] -> 0x1F13
mem[X,0x00000000800017D2] -> 0x00AF
[1529] [M]: 0x00000000800017D0 (0x00AF1F13) slli t5, t5, 0xa
x30 <- 0x00070800FFFAFC00

mem[X,0x00000000800017D4] -> 0x0F13
mem[X,0x00000000800017D6] -> 0x1FFF
[1530] [M]: 0x00000000800017D4 (0x1FFF0F13) addi t5, t5, 0x1ff
x30 <- 0x00070800FFFAFDFF

mem[X,0x00000000800017D8] -> 0x2EB7
mem[X,0x00000000800017DA] -> 0xFDFF
[1531] [M]: 0x00000000800017D8 (0xFDFF2EB7) lui t4, -0x200e
x29 <- 0xFFFFFFFFFDFF2000

mem[X,0x00000000800017DC] -> 0x8E93
mem[X,0x00000000800017DE] -> 0x000E
[1532] [M]: 0x00000000800017DC (0x000E8E93) addi t4, t4, 0x0
x29 <- 0xFFFFFFFFFDFF2000

mem[X,0x00000000800017E0] -> 0x9E93
mem[X,0x00000000800017E2] -> 0x00BE
[1533] [M]: 0x00000000800017E0 (0x00BE9E93) slli t4, t4, 0xb
x29 <- 0xFFFFFFEFF9000000

mem[X,0x00000000800017E4] -> 0x8E93
mem[X,0x00000000800017E6] -> 0x7FEE
[1534] [M]: 0x00000000800017E4 (0x7FEE8E93) addi t4, t4, 0x7fe
x29 <- 0xFFFFFFEFF90007FE

mem[X,0x00000000800017E8] -> 0x9E93
mem[X,0x00000000800017EA] -> 0x00BE
[1535] [M]: 0x00000000800017E8 (0x00BE9E93) slli t4, t4, 0xb
x29 <- 0xFFFF7FC8003FF000

mem[X,0x00000000800017EC] -> 0x8E93
mem[X,0x00000000800017EE] -> 0x7F0E
[1536] [M]: 0x00000000800017EC (0x7F0E8E93) addi t4, t4, 0x7f0
x29 <- 0xFFFF7FC8003FF7F0

mem[X,0x00000000800017F0] -> 0x9E93
mem[X,0x00000000800017F2] -> 0x00AE
[1537] [M]: 0x00000000800017F0 (0x00AE9E93) slli t4, t4, 0xa
x29 <- 0xFDFF2000FFDFC000

mem[X,0x00000000800017F4] -> 0x5FBB
mem[X,0x00000000800017F6] -> 0xAFDF
[1538] [M]: 0x00000000800017F4 (0xAFDF5FBB) pm4addau.h t6, t5, t4
x31 <- 0xFFBF0035D432212D

mem[X,0x00000000800017F8] -> 0x3C23
mem[X,0x00000000800017FA] -> 0x19F1
[1539] [M]: 0x00000000800017F8 (0x19F13C23) sd t6, 0x198(sp)
mem[0x0000000080004390] <- 0xFFBF0035D432212D

mem[X,0x00000000800017FC] -> 0x0F37
mem[X,0x00000000800017FE] -> 0x0009
[1540] [M]: 0x00000000800017FC (0x00090F37) lui t5, 0x90
x30 <- 0x0000000000090000

mem[X,0x0000000080001800] -> 0x0F13
mem[X,0x0000000080001802] -> 0x003F
[1541] [M]: 0x0000000080001800 (0x003F0F13) addi t5, t5, 0x3
x30 <- 0x0000000000090003

mem[X,0x0000000080001804] -> 0x1F13
mem[X,0x0000000080001806] -> 0x00BF
[1542] [M]: 0x0000000080001804 (0x00BF1F13) slli t5, t5, 0xb
x30 <- 0x0000000048001800

mem[X,0x0000000080001808] -> 0x0F13
mem[X,0x000000008000180A] -> 0x020F
[1543] [M]: 0x0000000080001808 (0x020F0F13) addi t5, t5, 0x20
x30 <- 0x0000000048001820

mem[X,0x000000008000180C] -> 0x1F13
mem[X,0x000000008000180E] -> 0x00BF
[1544] [M]: 0x000000008000180C (0x00BF1F13) slli t5, t5, 0xb
x30 <- 0x0000024000C10000

mem[X,0x0000000080001810] -> 0x0F13
mem[X,0x0000000080001812] -> 0x004F
[1545] [M]: 0x0000000080001810 (0x004F0F13) addi t5, t5, 0x4
x30 <- 0x0000024000C10004

mem[X,0x0000000080001814] -> 0x1F13
mem[X,0x0000000080001816] -> 0x00AF
[1546] [M]: 0x0000000080001814 (0x00AF1F13) slli t5, t5, 0xa
x30 <- 0x0009000304001000

mem[X,0x0000000080001818] -> 0x0EB7
mem[X,0x000000008000181A] -> 0x8000
[1547] [M]: 0x0000000080001818 (0x80000EB7) lui t4, -0x80000
x29 <- 0xFFFFFFFF80000000

mem[X,0x000000008000181C] -> 0x8E93
mem[X,0x000000008000181E] -> 0x002E
[1548] [M]: 0x000000008000181C (0x002E8E93) addi t4, t4, 0x2
x29 <- 0xFFFFFFFF80000002

mem[X,0x0000000080001820] -> 0x9E93
mem[X,0x0000000080001822] -> 0x00BE
[1549] [M]: 0x0000000080001820 (0x00BE9E93) slli t4, t4, 0xb
x29 <- 0xFFFFFC0000001000

mem[X,0x0000000080001824] -> 0x8E93
mem[X,0x0000000080001826] -> 0x7F7E
[1550] [M]: 0x0000000080001824 (0x7F7E8E93) addi t4, t4, 0x7f7
x29 <- 0xFFFFFC00000017F7

mem[X,0x0000000080001828] -> 0x9E93
mem[X,0x000000008000182A] -> 0x00BE
[1551] [M]: 0x0000000080001828 (0x00BE9E93) slli t4, t4, 0xb
x29 <- 0xFFE0000000BFB800

mem[X,0x000000008000182C] -> 0x8E93
mem[X,0x000000008000182E] -> 0x7E0E
[1552] [M]: 0x000000008000182C (0x7E0E8E93) addi t4, t4, 0x7e0
x29 <- 0xFFE0000000BFBFE0

mem[X,0x0000000080001830] -> 0x9E93
mem[X,0x0000000080001832] -> 0x00AE
[1553] [M]: 0x0000000080001830 (0x00AE9E93) slli t4, t4, 0xa
x29 <- 0x80000002FEFF8000

mem[X,0x0000000080001834] -> 0x5FBB
mem[X,0x0000000080001836] -> 0xAFDF
[1554] [M]: 0x0000000080001834 (0xAFDF5FBB) pm4addau.h t6, t5, t4
x31 <- 0xFFBF0035E0329D33

mem[X,0x0000000080001838] -> 0x3023
mem[X,0x000000008000183A] -> 0x1BF1
[1555] [M]: 0x0000000080001838 (0x1BF13023) sd t6, 0x1a0(sp)
mem[0x0000000080004398] <- 0xFFBF0035E0329D33

mem[X,0x000000008000183C] -> 0x0F37
mem[X,0x000000008000183E] -> 0xFFFC
[1556] [M]: 0x000000008000183C (0xFFFC0F37) lui t5, -0x40
x30 <- 0xFFFFFFFFFFFC0000

mem[X,0x0000000080001840] -> 0x0F13
mem[X,0x0000000080001842] -> 0x040F
[1557] [M]: 0x0000000080001840 (0x040F0F13) addi t5, t5, 0x40
x30 <- 0xFFFFFFFFFFFC0040

mem[X,0x0000000080001844] -> 0x1F13
mem[X,0x0000000080001846] -> 0x00BF
[1558] [M]: 0x0000000080001844 (0x00BF1F13) slli t5, t5, 0xb
x30 <- 0xFFFFFFFFE0020000

mem[X,0x0000000080001848] -> 0x0F13
mem[X,0x000000008000184A] -> 0x002F
[1559] [M]: 0x0000000080001848 (0x002F0F13) addi t5, t5, 0x2
x30 <- 0xFFFFFFFFE0020002

mem[X,0x000000008000184C] -> 0x1F13
mem[X,0x000000008000184E] -> 0x00BF
[1560] [M]: 0x000000008000184C (0x00BF1F13) slli t5, t5, 0xb
x30 <- 0xFFFFFF0010001000

mem[X,0x0000000080001850] -> 0x0F13
mem[X,0x0000000080001852] -> 0x002F
[1561] [M]: 0x0000000080001850 (0x002F0F13) addi t5, t5, 0x2
x30 <- 0xFFFFFF0010001002

mem[X,0x0000000080001854] -> 0x1F13
mem[X,0x0000000080001856] -> 0x00AF
[1562] [M]: 0x0000000080001854 (0x00AF1F13) slli t5, t5, 0xa
x30 <- 0xFFFC004000400800

mem[X,0x0000000080001858] -> 0x0EB7
mem[X,0x000000008000185A] -> 0x0005
[1563] [M]: 0x0000000080001858 (0x00050EB7) lui t4, 0x50
x29 <- 0x0000000000050000

mem[X,0x000000008000185C] -> 0x8E93
mem[X,0x000000008000185E] -> 0x004E
[1564] [M]: 0x000000008000185C (0x004E8E93) addi t4, t4, 0x4
x29 <- 0x0000000000050004

mem[X,0x0000000080001860] -> 0x9E93
mem[X,0x0000000080001862] -> 0x00BE
[1565] [M]: 0x0000000080001860 (0x00BE9E93) slli t4, t4, 0xb
x29 <- 0x0000000028002000

mem[X,0x0000000080001864] -> 0x8E93
mem[X,0x0000000080001866] -> 0x7FEE
[1566] [M]: 0x0000000080001864 (0x7FEE8E93) addi t4, t4, 0x7fe
x29 <- 0x00000000280027FE

mem[X,0x0000000080001868] -> 0x9E93
mem[X,0x000000008000186A] -> 0x00BE
[1567] [M]: 0x0000000080001868 (0x00BE9E93) slli t4, t4, 0xb
x29 <- 0x00000140013FF000

mem[X,0x000000008000186C] -> 0x8E93
mem[X,0x000000008000186E] -> 0x7FFE
[1568] [M]: 0x000000008000186C (0x7FFE8E93) addi t4, t4, 0x7ff
x29 <- 0x00000140013FF7FF

mem[X,0x0000000080001870] -> 0x9E93
mem[X,0x0000000080001872] -> 0x00AE
[1569] [M]: 0x0000000080001870 (0x00AE9E93) slli t4, t4, 0xa
x29 <- 0x00050004FFDFFC00

mem[X,0x0000000080001874] -> 0x8E93
mem[X,0x0000000080001876] -> 0x3FAE
[1570] [M]: 0x0000000080001874 (0x3FAE8E93) addi t4, t4, 0x3fa
x29 <- 0x00050004FFDFFFFA

mem[X,0x0000000080001878] -> 0x5FBB
mem[X,0x000000008000187A] -> 0xAFDF
[1571] [M]: 0x0000000080001878 (0xAFDF5FBB) pm4addau.h t6, t5, t4
x31 <- 0xFFBF0035E87765DF

mem[X,0x000000008000187C] -> 0x3423
mem[X,0x000000008000187E] -> 0x1BF1
[1572] [M]: 0x000000008000187C (0x1BF13423) sd t6, 0x1a8(sp)
mem[0x00000000800043A0] <- 0xFFBF0035E87765DF

mem[X,0x0000000080001880] -> 0x0F37
mem[X,0x0000000080001882] -> 0xF7FF
[1573] [M]: 0x0000000080001880 (0xF7FF0F37) lui t5, -0x8010
x30 <- 0xFFFFFFFFF7FF0000

mem[X,0x0000000080001884] -> 0x0F13
mem[X,0x0000000080001886] -> 0x080F
[1574] [M]: 0x0000000080001884 (0x080F0F13) addi t5, t5, 0x80
x30 <- 0xFFFFFFFFF7FF0080

mem[X,0x0000000080001888] -> 0x1F13
mem[X,0x000000008000188A] -> 0x00BF
[1575] [M]: 0x0000000080001888 (0x00BF1F13) slli t5, t5, 0xb
x30 <- 0xFFFFFFBFF8040000

mem[X,0x000000008000188C] -> 0x0F13
mem[X,0x000000008000188E] -> 0x6FFF
[1576] [M]: 0x000000008000188C (0x6FFF0F13) addi t5, t5, 0x6ff
x30 <- 0xFFFFFFBFF80406FF

mem[X,0x0000000080001890] -> 0x1F13
mem[X,0x0000000080001892] -> 0x00BF
[1577] [M]: 0x0000000080001890 (0x00BF1F13) slli t5, t5, 0xb
x30 <- 0xFFFDFFC02037F800

mem[X,0x0000000080001894] -> 0x0F13
mem[X,0x0000000080001896] -> 0x7D0F
[1578] [M]: 0x0000000080001894 (0x7D0F0F13) addi t5, t5, 0x7d0
x30 <- 0xFFFDFFC02037FFD0

mem[X,0x0000000080001898] -> 0x1F13
mem[X,0x000000008000189A] -> 0x00AF
[1579] [M]: 0x0000000080001898 (0x00AF1F13) slli t5, t5, 0xa
x30 <- 0xF7FF0080DFFF4000

mem[X,0x000000008000189C] -> 0x5EB7
mem[X,0x000000008000189E] -> 0x0020
[1580] [M]: 0x000000008000189C (0x00205EB7) lui t4, 0x205
x29 <- 0x0000000000205000

mem[X,0x00000000800018A0] -> 0x8E93
mem[X,0x00000000800018A2] -> 0x555E
[1581] [M]: 0x00000000800018A0 (0x555E8E93) addi t4, t4, 0x555
x29 <- 0x0000000000205555

mem[X,0x00000000800018A4] -> 0x9E93
mem[X,0x00000000800018A6] -> 0x00BE
[1582] [M]: 0x00000000800018A4 (0x00BE9E93) slli t4, t4, 0xb
x29 <- 0x0000000102AAA800

mem[X,0x00000000800018A8] -> 0x8E93
mem[X,0x00000000800018AA] -> 0x040E
[1583] [M]: 0x00000000800018A8 (0x040E8E93) addi t4, t4, 0x40
x29 <- 0x0000000102AAA840

mem[X,0x00000000800018AC] -> 0x9E93
mem[X,0x00000000800018AE] -> 0x00BE
[1584] [M]: 0x00000000800018AC (0x00BE9E93) slli t4, t4, 0xb
x29 <- 0x0000081555420000

mem[X,0x00000000800018B0] -> 0x8E93
mem[X,0x00000000800018B2] -> 0x03FE
[1585] [M]: 0x00000000800018B0 (0x03FE8E93) addi t4, t4, 0x3f
x29 <- 0x000008155542003F

mem[X,0x00000000800018B4] -> 0x9E93
mem[X,0x00000000800018B6] -> 0x00AE
[1586] [M]: 0x00000000800018B4 (0x00AE9E93) slli t4, t4, 0xa
x29 <- 0x002055550800FC00

mem[X,0x00000000800018B8] -> 0x8E93
mem[X,0x00000000800018BA] -> 0x3FEE
[1587] [M]: 0x00000000800018B8 (0x3FEE8E93) addi t4, t4, 0x3fe
x29 <- 0x002055550800FFFE

mem[X,0x00000000800018BC] -> 0x5FBB
mem[X,0x00000000800018BE] -> 0xAFDF
[1588] [M]: 0x00000000800018BC (0xAFDF5FBB) pm4addau.h t6, t5, t4
x31 <- 0xFFBF00362FC0883F

mem[X,0x00000000800018C0] -> 0x3823
mem[X,0x00000000800018C2] -> 0x1BF1
[1589] [M]: 0x00000000800018C0 (0x1BF13823) sd t6, 0x1b0(sp)
mem[0x00000000800043A8] <- 0xFFBF00362FC0883F

mem[X,0x00000000800018C4] -> 0x0F37
mem[X,0x00000000800018C6] -> 0xFFFA
[1590] [M]: 0x00000000800018C4 (0xFFFA0F37) lui t5, -0x60
x30 <- 0xFFFFFFFFFFFA0000

mem[X,0x00000000800018C8] -> 0x0F13
mem[X,0x00000000800018CA] -> 0xFFAF
[1591] [M]: 0x00000000800018C8 (0xFFAF0F13) addi t5, t5, -0x6
x30 <- 0xFFFFFFFFFFF9FFFA

mem[X,0x00000000800018CC] -> 0x1F13
mem[X,0x00000000800018CE] -> 0x00BF
[1592] [M]: 0x00000000800018CC (0x00BF1F13) slli t5, t5, 0xb
x30 <- 0xFFFFFFFFCFFFD000

mem[X,0x00000000800018D0] -> 0x0F13
mem[X,0x00000000800018D2] -> 0x7FFF
[1593] [M]: 0x00000000800018D0 (0x7FFF0F13) addi t5, t5, 0x7ff
x30 <- 0xFFFFFFFFCFFFD7FF

mem[X,0x00000000800018D4] -> 0x1F13
mem[X,0x00000000800018D6] -> 0x00BF
[1594] [M]: 0x00000000800018D4 (0x00BF1F13) slli t5, t5, 0xb
x30 <- 0xFFFFFE7FFEBFF800

mem[X,0x00000000800018D8] -> 0x0F13
mem[X,0x00000000800018DA] -> 0x740F
[1595] [M]: 0x00000000800018D8 (0x740F0F13) addi t5, t5, 0x740
x30 <- 0xFFFFFE7FFEBFFF40

mem[X,0x00000000800018DC] -> 0x1F13
mem[X,0x00000000800018DE] -> 0x00AF
[1596] [M]: 0x00000000800018DC (0x00AF1F13) slli t5, t5, 0xa
x30 <- 0xFFF9FFFAFFFD0000

mem[X,0x00000000800018E0] -> 0x0F13
mem[X,0x00000000800018E2] -> 0x010F
[1597] [M]: 0x00000000800018E0 (0x010F0F13) addi t5, t5, 0x10
x30 <- 0xFFF9FFFAFFFD0010

mem[X,0x00000000800018E4] -> 0x0EB7
mem[X,0x00000000800018E6] -> 0x5555
[1598] [M]: 0x00000000800018E4 (0x55550EB7) lui t4, 0x55550
x29 <- 0x0000000055550000

mem[X,0x00000000800018E8] -> 0x8E93
mem[X,0x00000000800018EA] -> 0x080E
[1599] [M]: 0x00000000800018E8 (0x080E8E93) addi t4, t4, 0x80
x29 <- 0x0000000055550080

clint::tick mtime <- 0x0000000000000010
 clint timer pending at mtime 0x0000000000000010
htif::tick 0x0000000000000000
mem[X,0x00000000800018EC] -> 0x9E93
mem[X,0x00000000800018EE] -> 0x00BE
[1600] [M]: 0x00000000800018EC (0x00BE9E93) slli t4, t4, 0xb
x29 <- 0x000002AAA8040000

mem[X,0x00000000800018F0] -> 0x8E93
mem[X,0x00000000800018F2] -> 0x2AAE
[1601] [M]: 0x00000000800018F0 (0x2AAE8E93) addi t4, t4, 0x2aa
x29 <- 0x000002AAA80402AA

mem[X,0x00000000800018F4] -> 0x9E93
mem[X,0x00000000800018F6] -> 0x00BE
[1602] [M]: 0x00000000800018F4 (0x00BE9E93) slli t4, t4, 0xb
x29 <- 0x0015554020155000

mem[X,0x00000000800018F8] -> 0x8E93
mem[X,0x00000000800018FA] -> 0x540E
[1603] [M]: 0x00000000800018F8 (0x540E8E93) addi t4, t4, 0x540
x29 <- 0x0015554020155540

mem[X,0x00000000800018FC] -> 0x9E93
mem[X,0x00000000800018FE] -> 0x00AE
[1604] [M]: 0x00000000800018FC (0x00AE9E93) slli t4, t4, 0xa
x29 <- 0x5555008055550000

mem[X,0x0000000080001900] -> 0x8E93
mem[X,0x0000000080001902] -> 0x006E
[1605] [M]: 0x0000000080001900 (0x006E8E93) addi t4, t4, 0x6
x29 <- 0x5555008055550006

mem[X,0x0000000080001904] -> 0x5FBB
mem[X,0x0000000080001906] -> 0xAFDF
[1606] [M]: 0x0000000080001904 (0xAFDF5FBB) pm4addau.h t6, t5, t4
x31 <- 0xFFBF0036DAE7304D

mem[X,0x0000000080001908] -> 0x3C23
mem[X,0x000000008000190A] -> 0x1BF1
[1607] [M]: 0x0000000080001908 (0x1BF13C23) sd t6, 0x1b8(sp)
mem[0x00000000800043B0] <- 0xFFBF0036DAE7304D

mem[X,0x000000008000190C] -> 0x0F37
mem[X,0x000000008000190E] -> 0xFFFA
[1608] [M]: 0x000000008000190C (0xFFFA0F37) lui t5, -0x60
x30 <- 0xFFFFFFFFFFFA0000

mem[X,0x0000000080001910] -> 0x0F13
mem[X,0x0000000080001912] -> 0xDFFF
[1609] [M]: 0x0000000080001910 (0xDFFF0F13) addi t5, t5, -0x201
x30 <- 0xFFFFFFFFFFF9FDFF

mem[X,0x0000000080001914] -> 0x1F13
mem[X,0x0000000080001916] -> 0x00BF
[1610] [M]: 0x0000000080001914 (0x00BF1F13) slli t5, t5, 0xb
x30 <- 0xFFFFFFFFCFEFF800

mem[X,0x0000000080001918] -> 0x0F13
mem[X,0x000000008000191A] -> 0x000F
[1611] [M]: 0x0000000080001918 (0x000F0F13) addi t5, t5, 0x0
x30 <- 0xFFFFFFFFCFEFF800

mem[X,0x000000008000191C] -> 0x1F13
mem[X,0x000000008000191E] -> 0x00BF
[1612] [M]: 0x000000008000191C (0x00BF1F13) slli t5, t5, 0xb
x30 <- 0xFFFFFE7F7FC00000

mem[X,0x0000000080001920] -> 0x0F13
mem[X,0x0000000080001922] -> 0x220F
[1613] [M]: 0x0000000080001920 (0x220F0F13) addi t5, t5, 0x220
x30 <- 0xFFFFFE7F7FC00220

mem[X,0x0000000080001924] -> 0x1F13
mem[X,0x0000000080001926] -> 0x00AF
[1614] [M]: 0x0000000080001924 (0x00AF1F13) slli t5, t5, 0xa
x30 <- 0xFFF9FDFF00088000

mem[X,0x0000000080001928] -> 0x0EB7
mem[X,0x000000008000192A] -> 0x0002
[1615] [M]: 0x0000000080001928 (0x00020EB7) lui t4, 0x20
x29 <- 0x0000000000020000

mem[X,0x000000008000192C] -> 0x8E93
mem[X,0x000000008000192E] -> 0xFF9E
[1616] [M]: 0x000000008000192C (0xFF9E8E93) addi t4, t4, -0x7
x29 <- 0x000000000001FFF9

mem[X,0x0000000080001930] -> 0x9E93
mem[X,0x0000000080001932] -> 0x00BE
[1617] [M]: 0x0000000080001930 (0x00BE9E93) slli t4, t4, 0xb
x29 <- 0x000000000FFFC800

mem[X,0x0000000080001934] -> 0x8E93
mem[X,0x0000000080001936] -> 0x000E
[1618] [M]: 0x0000000080001934 (0x000E8E93) addi t4, t4, 0x0
x29 <- 0x000000000FFFC800

mem[X,0x0000000080001938] -> 0x9E93
mem[X,0x000000008000193A] -> 0x00BE
[1619] [M]: 0x0000000080001938 (0x00BE9E93) slli t4, t4, 0xb
x29 <- 0x0000007FFE400000

mem[X,0x000000008000193C] -> 0x8E93
mem[X,0x000000008000193E] -> 0x17FE
[1620] [M]: 0x000000008000193C (0x17FE8E93) addi t4, t4, 0x17f
x29 <- 0x0000007FFE40017F

mem[X,0x0000000080001940] -> 0x9E93
mem[X,0x0000000080001942] -> 0x00AE
[1621] [M]: 0x0000000080001940 (0x00AE9E93) slli t4, t4, 0xa
x29 <- 0x0001FFF90005FC00

mem[X,0x0000000080001944] -> 0x8E93
mem[X,0x0000000080001946] -> 0x1FFE
[1622] [M]: 0x0000000080001944 (0x1FFE8E93) addi t4, t4, 0x1ff
x29 <- 0x0001FFF90005FDFF

mem[X,0x0000000080001948] -> 0x5FBB
mem[X,0x000000008000194A] -> 0xAFDF
[1623] [M]: 0x0000000080001948 (0xAFDF5FBB) pm4addau.h t6, t5, t4
x31 <- 0xFFBF003857DFBE75

mem[X,0x000000008000194C] -> 0x3023
mem[X,0x000000008000194E] -> 0x1DF1
[1624] [M]: 0x000000008000194C (0x1DF13023) sd t6, 0x1c0(sp)
mem[0x00000000800043B8] <- 0xFFBF003857DFBE75

mem[X,0x0000000080001950] -> 0x1F37
mem[X,0x0000000080001952] -> 0xFFFF
[1625] [M]: 0x0000000080001950 (0xFFFF1F37) lui t5, -0xf
x30 <- 0xFFFFFFFFFFFF1000

mem[X,0x0000000080001954] -> 0x0F13
mem[X,0x0000000080001956] -> 0x800F
[1626] [M]: 0x0000000080001954 (0x800F0F13) addi t5, t5, -0x800
x30 <- 0xFFFFFFFFFFFF0800

mem[X,0x0000000080001958] -> 0x1F13
mem[X,0x000000008000195A] -> 0x00BF
[1627] [M]: 0x0000000080001958 (0x00BF1F13) slli t5, t5, 0xb
x30 <- 0xFFFFFFFFF8400000

mem[X,0x000000008000195C] -> 0x0F13
mem[X,0x000000008000195E] -> 0x000F
[1628] [M]: 0x000000008000195C (0x000F0F13) addi t5, t5, 0x0
x30 <- 0xFFFFFFFFF8400000

mem[X,0x0000000080001960] -> 0x1F13
mem[X,0x0000000080001962] -> 0x00BF
[1629] [M]: 0x0000000080001960 (0x00BF1F13) slli t5, t5, 0xb
x30 <- 0xFFFFFFC200000000

mem[X,0x0000000080001964] -> 0x0F13
mem[X,0x0000000080001966] -> 0x200F
[1630] [M]: 0x0000000080001964 (0x200F0F13) addi t5, t5, 0x200
x30 <- 0xFFFFFFC200000200

mem[X,0x0000000080001968] -> 0x1F13
mem[X,0x000000008000196A] -> 0x00AF
[1631] [M]: 0x0000000080001968 (0x00AF1F13) slli t5, t5, 0xa
x30 <- 0xFFFF080000080000

mem[X,0x000000008000196C] -> 0x0F13
mem[X,0x000000008000196E] -> 0x004F
[1632] [M]: 0x000000008000196C (0x004F0F13) addi t5, t5, 0x4
x30 <- 0xFFFF080000080004

mem[X,0x0000000080001970] -> 0x0EB7
mem[X,0x0000000080001972] -> 0xFFFC
[1633] [M]: 0x0000000080001970 (0xFFFC0EB7) lui t4, -0x40
x29 <- 0xFFFFFFFFFFFC0000

mem[X,0x0000000080001974] -> 0x8E93
mem[X,0x0000000080001976] -> 0x100E
[1634] [M]: 0x0000000080001974 (0x100E8E93) addi t4, t4, 0x100
x29 <- 0xFFFFFFFFFFFC0100

mem[X,0x0000000080001978] -> 0x9E93
mem[X,0x000000008000197A] -> 0x00BE
[1635] [M]: 0x0000000080001978 (0x00BE9E93) slli t4, t4, 0xb
x29 <- 0xFFFFFFFFE0080000

mem[X,0x000000008000197C] -> 0x8E93
mem[X,0x000000008000197E] -> 0x7BFE
[1636] [M]: 0x000000008000197C (0x7BFE8E93) addi t4, t4, 0x7bf
x29 <- 0xFFFFFFFFE00807BF

mem[X,0x0000000080001980] -> 0x9E93
mem[X,0x0000000080001982] -> 0x00BE
[1637] [M]: 0x0000000080001980 (0x00BE9E93) slli t4, t4, 0xb
x29 <- 0xFFFFFF00403DF800

mem[X,0x0000000080001984] -> 0x8E93
mem[X,0x0000000080001986] -> 0x7FFE
[1638] [M]: 0x0000000080001984 (0x7FFE8E93) addi t4, t4, 0x7ff
x29 <- 0xFFFFFF00403DFFFF

mem[X,0x0000000080001988] -> 0x9E93
mem[X,0x000000008000198A] -> 0x00AE
[1639] [M]: 0x0000000080001988 (0x00AE9E93) slli t4, t4, 0xa
x29 <- 0xFFFC0100F7FFFC00

mem[X,0x000000008000198C] -> 0x8E93
mem[X,0x000000008000198E] -> 0x3FFE
[1640] [M]: 0x000000008000198C (0x3FFE8E93) addi t4, t4, 0x3ff
x29 <- 0xFFFC0100F7FFFFFF

mem[X,0x0000000080001990] -> 0x5FBB
mem[X,0x0000000080001992] -> 0xAFDF
[1641] [M]: 0x0000000080001990 (0xAFDF5FBB) pm4addau.h t6, t5, t4
x31 <- 0xFFBF003957EE7E6D

mem[X,0x0000000080001994] -> 0x3423
mem[X,0x0000000080001996] -> 0x1DF1
[1642] [M]: 0x0000000080001994 (0x1DF13423) sd t6, 0x1c8(sp)
mem[0x00000000800043C0] <- 0xFFBF003957EE7E6D

mem[X,0x0000000080001998] -> 0x0F37
mem[X,0x000000008000199A] -> 0x4000
[1643] [M]: 0x0000000080001998 (0x40000F37) lui t5, 0x40000
x30 <- 0x0000000040000000

mem[X,0x000000008000199C] -> 0x0F13
mem[X,0x000000008000199E] -> 0xBFFF
[1644] [M]: 0x000000008000199C (0xBFFF0F13) addi t5, t5, -0x401
x30 <- 0x000000003FFFFBFF

mem[X,0x00000000800019A0] -> 0x1F13
mem[X,0x00000000800019A2] -> 0x00BF
[1645] [M]: 0x00000000800019A0 (0x00BF1F13) slli t5, t5, 0xb
x30 <- 0x000001FFFFDFF800

mem[X,0x00000000800019A4] -> 0x0F13
mem[X,0x00000000800019A6] -> 0x7FDF
[1646] [M]: 0x00000000800019A4 (0x7FDF0F13) addi t5, t5, 0x7fd
x30 <- 0x000001FFFFDFFFFD

mem[X,0x00000000800019A8] -> 0x1F13
mem[X,0x00000000800019AA] -> 0x00BF
[1647] [M]: 0x00000000800019A8 (0x00BF1F13) slli t5, t5, 0xb
x30 <- 0x000FFFFEFFFFE800

mem[X,0x00000000800019AC] -> 0x0F13
mem[X,0x00000000800019AE] -> 0x7C0F
[1648] [M]: 0x00000000800019AC (0x7C0F0F13) addi t5, t5, 0x7c0
x30 <- 0x000FFFFEFFFFEFC0

mem[X,0x00000000800019B0] -> 0x1F13
mem[X,0x00000000800019B2] -> 0x00AF
[1649] [M]: 0x00000000800019B0 (0x00AF1F13) slli t5, t5, 0xa
x30 <- 0x3FFFFBFFFFBF0000

mem[X,0x00000000800019B4] -> 0x0F13
mem[X,0x00000000800019B6] -> 0x005F
[1650] [M]: 0x00000000800019B4 (0x005F0F13) addi t5, t5, 0x5
x30 <- 0x3FFFFBFFFFBF0005

mem[X,0x00000000800019B8] -> 0x0EB7
mem[X,0x00000000800019BA] -> 0x0100
[1651] [M]: 0x00000000800019B8 (0x01000EB7) lui t4, 0x1000
x29 <- 0x0000000001000000

mem[X,0x00000000800019BC] -> 0x8E93
mem[X,0x00000000800019BE] -> 0x000E
[1652] [M]: 0x00000000800019BC (0x000E8E93) addi t4, t4, 0x0
x29 <- 0x0000000001000000

mem[X,0x00000000800019C0] -> 0x9E93
mem[X,0x00000000800019C2] -> 0x00BE
[1653] [M]: 0x00000000800019C0 (0x00BE9E93) slli t4, t4, 0xb
x29 <- 0x0000000800000000

mem[X,0x00000000800019C4] -> 0x8E93
mem[X,0x00000000800019C6] -> 0x000E
[1654] [M]: 0x00000000800019C4 (0x000E8E93) addi t4, t4, 0x0
x29 <- 0x0000000800000000

mem[X,0x00000000800019C8] -> 0x9E93
mem[X,0x00000000800019CA] -> 0x00BE
[1655] [M]: 0x00000000800019C8 (0x00BE9E93) slli t4, t4, 0xb
x29 <- 0x0000400000000000

mem[X,0x00000000800019CC] -> 0x8E93
mem[X,0x00000000800019CE] -> 0x1FFE
[1656] [M]: 0x00000000800019CC (0x1FFE8E93) addi t4, t4, 0x1ff
x29 <- 0x00004000000001FF

mem[X,0x00000000800019D0] -> 0x9E93
mem[X,0x00000000800019D2] -> 0x00AE
[1657] [M]: 0x00000000800019D0 (0x00AE9E93) slli t4, t4, 0xa
x29 <- 0x010000000007FC00

mem[X,0x00000000800019D4] -> 0x8E93
mem[X,0x00000000800019D6] -> 0x3FCE
[1658] [M]: 0x00000000800019D4 (0x3FCE8E93) addi t4, t4, 0x3fc
x29 <- 0x010000000007FFFC

mem[X,0x00000000800019D8] -> 0x5FBB
mem[X,0x00000000800019DA] -> 0xAFDF
[1659] [M]: 0x00000000800019D8 (0xAFDF5FBB) pm4addau.h t6, t5, t4
x31 <- 0xFFBF0039583A7B92

mem[X,0x00000000800019DC] -> 0x3823
mem[X,0x00000000800019DE] -> 0x1DF1
[1660] [M]: 0x00000000800019DC (0x1DF13823) sd t6, 0x1d0(sp)
mem[0x00000000800043C8] <- 0xFFBF0039583A7B92

mem[X,0x00000000800019E0] -> 0xEF37
mem[X,0x00000000800019E2] -> 0x0010
[1661] [M]: 0x00000000800019E0 (0x0010EF37) lui t5, 0x10e
x30 <- 0x000000000010E000

mem[X,0x00000000800019E4] -> 0x0F13
mem[X,0x00000000800019E6] -> 0xFFFF
[1662] [M]: 0x00000000800019E4 (0xFFFF0F13) addi t5, t5, -0x1
x30 <- 0x000000000010DFFF

mem[X,0x00000000800019E8] -> 0x1F13
mem[X,0x00000000800019EA] -> 0x00BF
[1663] [M]: 0x00000000800019E8 (0x00BF1F13) slli t5, t5, 0xb
x30 <- 0x0000000086FFF800

mem[X,0x00000000800019EC] -> 0x0F13
mem[X,0x00000000800019EE] -> 0x000F
[1664] [M]: 0x00000000800019EC (0x000F0F13) addi t5, t5, 0x0
x30 <- 0x0000000086FFF800

mem[X,0x00000000800019F0] -> 0x1F13
mem[X,0x00000000800019F2] -> 0x00BF
[1665] [M]: 0x00000000800019F0 (0x00BF1F13) slli t5, t5, 0xb
x30 <- 0x00000437FFC00000

mem[X,0x00000000800019F4] -> 0x0F13
mem[X,0x00000000800019F6] -> 0x082F
[1666] [M]: 0x00000000800019F4 (0x082F0F13) addi t5, t5, 0x82
x30 <- 0x00000437FFC00082

mem[X,0x00000000800019F8] -> 0x1F13
mem[X,0x00000000800019FA] -> 0x00AF
[1667] [M]: 0x00000000800019F8 (0x00AF1F13) slli t5, t5, 0xa
x30 <- 0x0010DFFF00020800

mem[X,0x00000000800019FC] -> 0x0EB7
mem[X,0x00000000800019FE] -> 0x0004
[1668] [M]: 0x00000000800019FC (0x00040EB7) lui t4, 0x40
x29 <- 0x0000000000040000

mem[X,0x0000000080001A00] -> 0x8E93
mem[X,0x0000000080001A02] -> 0xFFAE
[1669] [M]: 0x0000000080001A00 (0xFFAE8E93) addi t4, t4, -0x6
x29 <- 0x000000000003FFFA

mem[X,0x0000000080001A04] -> 0x9E93
mem[X,0x0000000080001A06] -> 0x00BE
[1670] [M]: 0x0000000080001A04 (0x00BE9E93) slli t4, t4, 0xb
x29 <- 0x000000001FFFD000

mem[X,0x0000000080001A08] -> 0x8E93
mem[X,0x0000000080001A0A] -> 0x7FEE
[1671] [M]: 0x0000000080001A08 (0x7FEE8E93) addi t4, t4, 0x7fe
x29 <- 0x000000001FFFD7FE

mem[X,0x0000000080001A0C] -> 0x9E93
mem[X,0x0000000080001A0E] -> 0x00BE
[1672] [M]: 0x0000000080001A0C (0x00BE9E93) slli t4, t4, 0xb
x29 <- 0x000000FFFEBFF000

mem[X,0x0000000080001A10] -> 0x8E93
mem[X,0x0000000080001A12] -> 0x7FFE
[1673] [M]: 0x0000000080001A10 (0x7FFE8E93) addi t4, t4, 0x7ff
x29 <- 0x000000FFFEBFF7FF

mem[X,0x0000000080001A14] -> 0x9E93
mem[X,0x0000000080001A16] -> 0x00AE
[1674] [M]: 0x0000000080001A14 (0x00AE9E93) slli t4, t4, 0xa
x29 <- 0x0003FFFAFFDFFC00

mem[X,0x0000000080001A18] -> 0x8E93
mem[X,0x0000000080001A1A] -> 0x3FFE
[1675] [M]: 0x0000000080001A18 (0x3FFE8E93) addi t4, t4, 0x3ff
x29 <- 0x0003FFFAFFDFFFFF

mem[X,0x0000000080001A1C] -> 0x5FBB
mem[X,0x0000000080001A1E] -> 0xAFDF
[1676] [M]: 0x0000000080001A1C (0xAFDF5FBB) pm4addau.h t6, t5, t4
x31 <- 0xFFBF003A40363386

mem[X,0x0000000080001A20] -> 0x3C23
mem[X,0x0000000080001A22] -> 0x1DF1
[1677] [M]: 0x0000000080001A20 (0x1DF13C23) sd t6, 0x1d8(sp)
mem[0x00000000800043D0] <- 0xFFBF003A40363386

mem[X,0x0000000080001A24] -> 0x5F37
mem[X,0x0000000080001A26] -> 0x1000
[1678] [M]: 0x0000000080001A24 (0x10005F37) lui t5, 0x10005
x30 <- 0x0000000010005000

mem[X,0x0000000080001A28] -> 0x0F13
mem[X,0x0000000080001A2A] -> 0x555F
[1679] [M]: 0x0000000080001A28 (0x555F0F13) addi t5, t5, 0x555
x30 <- 0x0000000010005555

mem[X,0x0000000080001A2C] -> 0x1F13
mem[X,0x0000000080001A2E] -> 0x00BF
[1680] [M]: 0x0000000080001A2C (0x00BF1F13) slli t5, t5, 0xb
x30 <- 0x0000008002AAA800

mem[X,0x0000000080001A30] -> 0x0F13
mem[X,0x0000000080001A32] -> 0x7FFF
[1681] [M]: 0x0000000080001A30 (0x7FFF0F13) addi t5, t5, 0x7ff
x30 <- 0x0000008002AAAFFF

mem[X,0x0000000080001A34] -> 0x1F13
mem[X,0x0000000080001A36] -> 0x00BF
[1682] [M]: 0x0000000080001A34 (0x00BF1F13) slli t5, t5, 0xb
x30 <- 0x00040015557FF800

mem[X,0x0000000080001A38] -> 0x0F13
mem[X,0x0000000080001A3A] -> 0x580F
[1683] [M]: 0x0000000080001A38 (0x580F0F13) addi t5, t5, 0x580
x30 <- 0x00040015557FFD80

mem[X,0x0000000080001A3C] -> 0x1F13
mem[X,0x0000000080001A3E] -> 0x00AF
[1684] [M]: 0x0000000080001A3C (0x00AF1F13) slli t5, t5, 0xa
x30 <- 0x10005555FFF60000

mem[X,0x0000000080001A40] -> 0x0F13
mem[X,0x0000000080001A42] -> 0x001F
[1685] [M]: 0x0000000080001A40 (0x001F0F13) addi t5, t5, 0x1
x30 <- 0x10005555FFF60001

mem[X,0x0000000080001A44] -> 0x0EB7
mem[X,0x0000000080001A46] -> 0xAAAB
[1686] [M]: 0x0000000080001A44 (0xAAAB0EB7) lui t4, -0x55550
x29 <- 0xFFFFFFFFAAAB0000

mem[X,0x0000000080001A48] -> 0x8E93
mem[X,0x0000000080001A4A] -> 0xDFFE
[1687] [M]: 0x0000000080001A48 (0xDFFE8E93) addi t4, t4, -0x201
x29 <- 0xFFFFFFFFAAAAFDFF

mem[X,0x0000000080001A4C] -> 0x9E93
mem[X,0x0000000080001A4E] -> 0x00BE
[1688] [M]: 0x0000000080001A4C (0x00BE9E93) slli t4, t4, 0xb
x29 <- 0xFFFFFD5557EFF800

mem[X,0x0000000080001A50] -> 0x8E93
mem[X,0x0000000080001A52] -> 0x555E
[1689] [M]: 0x0000000080001A50 (0x555E8E93) addi t4, t4, 0x555
x29 <- 0xFFFFFD5557EFFD55

mem[X,0x0000000080001A54] -> 0x9E93
mem[X,0x0000000080001A56] -> 0x00BE
[1690] [M]: 0x0000000080001A54 (0x00BE9E93) slli t4, t4, 0xb
x29 <- 0xFFEAAABF7FEAA800

mem[X,0x0000000080001A58] -> 0x8E93
mem[X,0x0000000080001A5A] -> 0x2BFE
[1691] [M]: 0x0000000080001A58 (0x2BFE8E93) addi t4, t4, 0x2bf
x29 <- 0xFFEAAABF7FEAAABF

mem[X,0x0000000080001A5C] -> 0x9E93
mem[X,0x0000000080001A5E] -> 0x00AE
[1692] [M]: 0x0000000080001A5C (0x00AE9E93) slli t4, t4, 0xa
x29 <- 0xAAAAFDFFAAAAFC00

mem[X,0x0000000080001A60] -> 0x8E93
mem[X,0x0000000080001A62] -> 0x2FFE
[1693] [M]: 0x0000000080001A60 (0x2FFE8E93) addi t4, t4, 0x2ff
x29 <- 0xAAAAFDFFAAAAFEFF

mem[X,0x0000000080001A64] -> 0x5FBB
mem[X,0x0000000080001A66] -> 0xAFDF
[1694] [M]: 0x0000000080001A64 (0xAFDF5FBB) pm4addau.h t6, t5, t4
x31 <- 0xFFBF003B4A2F288C

mem[X,0x0000000080001A68] -> 0x3023
mem[X,0x0000000080001A6A] -> 0x1FF1
[1695] [M]: 0x0000000080001A68 (0x1FF13023) sd t6, 0x1e0(sp)
mem[0x00000000800043D8] <- 0xFFBF003B4A2F288C

mem[X,0x0000000080001A6C] -> 0x0F37
mem[X,0x0000000080001A6E] -> 0xC000
[1696] [M]: 0x0000000080001A6C (0xC0000F37) lui t5, -0x40000
x30 <- 0xFFFFFFFFC0000000

mem[X,0x0000000080001A70] -> 0x0F13
mem[X,0x0000000080001A72] -> 0x005F
[1697] [M]: 0x0000000080001A70 (0x005F0F13) addi t5, t5, 0x5
x30 <- 0xFFFFFFFFC0000005

mem[X,0x0000000080001A74] -> 0x1F13
mem[X,0x0000000080001A76] -> 0x00BF
[1698] [M]: 0x0000000080001A74 (0x00BF1F13) slli t5, t5, 0xb
x30 <- 0xFFFFFE0000002800

mem[X,0x0000000080001A78] -> 0x0F13
mem[X,0x0000000080001A7A] -> 0x7FBF
[1699] [M]: 0x0000000080001A78 (0x7FBF0F13) addi t5, t5, 0x7fb
x30 <- 0xFFFFFE0000002FFB

clint::tick mtime <- 0x0000000000000011
 clint timer pending at mtime 0x0000000000000011
htif::tick 0x0000000000000000
mem[X,0x0000000080001A7C] -> 0x1F13
mem[X,0x0000000080001A7E] -> 0x00BF
[1700] [M]: 0x0000000080001A7C (0x00BF1F13) slli t5, t5, 0xb
x30 <- 0xFFF00000017FD800

mem[X,0x0000000080001A80] -> 0x0F13
mem[X,0x0000000080001A82] -> 0x7C0F
[1701] [M]: 0x0000000080001A80 (0x7C0F0F13) addi t5, t5, 0x7c0
x30 <- 0xFFF00000017FDFC0

mem[X,0x0000000080001A84] -> 0x1F13
mem[X,0x0000000080001A86] -> 0x00AF
[1702] [M]: 0x0000000080001A84 (0x00AF1F13) slli t5, t5, 0xa
x30 <- 0xC0000005FF7F0000

mem[X,0x0000000080001A88] -> 0x0F13
mem[X,0x0000000080001A8A] -> 0x001F
[1703] [M]: 0x0000000080001A88 (0x001F0F13) addi t5, t5, 0x1
x30 <- 0xC0000005FF7F0001

mem[X,0x0000000080001A8C] -> 0x0EB7
mem[X,0x0000000080001A8E] -> 0xFFF7
[1704] [M]: 0x0000000080001A8C (0xFFF70EB7) lui t4, -0x90
x29 <- 0xFFFFFFFFFFF70000

mem[X,0x0000000080001A90] -> 0x8E93
mem[X,0x0000000080001A92] -> 0xFFDE
[1705] [M]: 0x0000000080001A90 (0xFFDE8E93) addi t4, t4, -0x3
x29 <- 0xFFFFFFFFFFF6FFFD

mem[X,0x0000000080001A94] -> 0x9E93
mem[X,0x0000000080001A96] -> 0x00BE
[1706] [M]: 0x0000000080001A94 (0x00BE9E93) slli t4, t4, 0xb
x29 <- 0xFFFFFFFFB7FFE800

mem[X,0x0000000080001A98] -> 0x8E93
mem[X,0x0000000080001A9A] -> 0x080E
[1707] [M]: 0x0000000080001A98 (0x080E8E93) addi t4, t4, 0x80
x29 <- 0xFFFFFFFFB7FFE880

mem[X,0x0000000080001A9C] -> 0x9E93
mem[X,0x0000000080001A9E] -> 0x00BE
[1708] [M]: 0x0000000080001A9C (0x00BE9E93) slli t4, t4, 0xb
x29 <- 0xFFFFFDBFFF440000

mem[X,0x0000000080001AA0] -> 0x8E93
mem[X,0x0000000080001AA2] -> 0x000E
[1709] [M]: 0x0000000080001AA0 (0x000E8E93) addi t4, t4, 0x0
x29 <- 0xFFFFFDBFFF440000

mem[X,0x0000000080001AA4] -> 0x9E93
mem[X,0x0000000080001AA6] -> 0x00AE
[1710] [M]: 0x0000000080001AA4 (0x00AE9E93) slli t4, t4, 0xa
x29 <- 0xFFF6FFFD10000000

mem[X,0x0000000080001AA8] -> 0x8E93
mem[X,0x0000000080001AAA] -> 0x008E
[1711] [M]: 0x0000000080001AA8 (0x008E8E93) addi t4, t4, 0x8
x29 <- 0xFFF6FFFD10000008

mem[X,0x0000000080001AAC] -> 0x5FBB
mem[X,0x0000000080001AAE] -> 0xAFDF
[1712] [M]: 0x0000000080001AAC (0xAFDF5FBB) pm4addau.h t6, t5, t4
x31 <- 0xFFBF003C1A249885

mem[X,0x0000000080001AB0] -> 0x3423
mem[X,0x0000000080001AB2] -> 0x1FF1
[1713] [M]: 0x0000000080001AB0 (0x1FF13423) sd t6, 0x1e8(sp)
mem[0x00000000800043E0] <- 0xFFBF003C1A249885

mem[X,0x0000000080001AB4] -> 0x0F37
mem[X,0x0000000080001AB6] -> 0x0040
[1714] [M]: 0x0000000080001AB4 (0x00400F37) lui t5, 0x400
x30 <- 0x0000000000400000

mem[X,0x0000000080001AB8] -> 0x0F13
mem[X,0x0000000080001ABA] -> 0x000F
[1715] [M]: 0x0000000080001AB8 (0x000F0F13) addi t5, t5, 0x0
x30 <- 0x0000000000400000

mem[X,0x0000000080001ABC] -> 0x1F13
mem[X,0x0000000080001ABE] -> 0x00BF
[1716] [M]: 0x0000000080001ABC (0x00BF1F13) slli t5, t5, 0xb
x30 <- 0x0000000200000000

mem[X,0x0000000080001AC0] -> 0x0F13
mem[X,0x0000000080001AC2] -> 0x7FFF
[1717] [M]: 0x0000000080001AC0 (0x7FFF0F13) addi t5, t5, 0x7ff
x30 <- 0x00000002000007FF

mem[X,0x0000000080001AC4] -> 0x1F13
mem[X,0x0000000080001AC6] -> 0x00BF
[1718] [M]: 0x0000000080001AC4 (0x00BF1F13) slli t5, t5, 0xb
x30 <- 0x00001000003FF800

mem[X,0x0000000080001AC8] -> 0x0F13
mem[X,0x0000000080001ACA] -> 0x740F
[1719] [M]: 0x0000000080001AC8 (0x740F0F13) addi t5, t5, 0x740
x30 <- 0x00001000003FFF40

mem[X,0x0000000080001ACC] -> 0x1F13
mem[X,0x0000000080001ACE] -> 0x00AF
[1720] [M]: 0x0000000080001ACC (0x00AF1F13) slli t5, t5, 0xa
x30 <- 0x00400000FFFD0000

mem[X,0x0000000080001AD0] -> 0x0F13
mem[X,0x0000000080001AD2] -> 0x006F
[1721] [M]: 0x0000000080001AD0 (0x006F0F13) addi t5, t5, 0x6
x30 <- 0x00400000FFFD0006

mem[X,0x0000000080001AD4] -> 0x0EB7
mem[X,0x0000000080001AD6] -> 0xFC00
[1722] [M]: 0x0000000080001AD4 (0xFC000EB7) lui t4, -0x4000
x29 <- 0xFFFFFFFFFC000000

mem[X,0x0000000080001AD8] -> 0x8E93
mem[X,0x0000000080001ADA] -> 0xBFFE
[1723] [M]: 0x0000000080001AD8 (0xBFFE8E93) addi t4, t4, -0x401
x29 <- 0xFFFFFFFFFBFFFBFF

mem[X,0x0000000080001ADC] -> 0x9E93
mem[X,0x0000000080001ADE] -> 0x00BE
[1724] [M]: 0x0000000080001ADC (0x00BE9E93) slli t4, t4, 0xb
x29 <- 0xFFFFFFDFFFDFF800

mem[X,0x0000000080001AE0] -> 0x8E93
mem[X,0x0000000080001AE2] -> 0x000E
[1725] [M]: 0x0000000080001AE0 (0x000E8E93) addi t4, t4, 0x0
x29 <- 0xFFFFFFDFFFDFF800

mem[X,0x0000000080001AE4] -> 0x9E93
mem[X,0x0000000080001AE6] -> 0x00BE
[1726] [M]: 0x0000000080001AE4 (0x00BE9E93) slli t4, t4, 0xb
x29 <- 0xFFFEFFFEFFC00000

mem[X,0x0000000080001AE8] -> 0x8E93
mem[X,0x0000000080001AEA] -> 0x1BFE
[1727] [M]: 0x0000000080001AE8 (0x1BFE8E93) addi t4, t4, 0x1bf
x29 <- 0xFFFEFFFEFFC001BF

mem[X,0x0000000080001AEC] -> 0x9E93
mem[X,0x0000000080001AEE] -> 0x00AE
[1728] [M]: 0x0000000080001AEC (0x00AE9E93) slli t4, t4, 0xa
x29 <- 0xFBFFFBFF0006FC00

mem[X,0x0000000080001AF0] -> 0x8E93
mem[X,0x0000000080001AF2] -> 0x3DFE
[1729] [M]: 0x0000000080001AF0 (0x3DFE8E93) addi t4, t4, 0x3df
x29 <- 0xFBFFFBFF0006FFDF

mem[X,0x0000000080001AF4] -> 0x5FBB
mem[X,0x0000000080001AF6] -> 0xAFDF
[1730] [M]: 0x0000000080001AF4 (0xAFDF5FBB) pm4addau.h t6, t5, t4
x31 <- 0xFFBF003C1A6F976D

mem[X,0x0000000080001AF8] -> 0x3823
mem[X,0x0000000080001AFA] -> 0x1FF1
[1731] [M]: 0x0000000080001AF8 (0x1FF13823) sd t6, 0x1f0(sp)
mem[0x00000000800043E8] <- 0xFFBF003C1A6F976D

mem[X,0x0000000080001AFC] -> 0x0F37
mem[X,0x0000000080001AFE] -> 0x0021
[1732] [M]: 0x0000000080001AFC (0x00210F37) lui t5, 0x210
x30 <- 0x0000000000210000

mem[X,0x0000000080001B00] -> 0x0F13
mem[X,0x0000000080001B02] -> 0xFFFF
[1733] [M]: 0x0000000080001B00 (0xFFFF0F13) addi t5, t5, -0x1
x30 <- 0x000000000020FFFF

mem[X,0x0000000080001B04] -> 0x1F13
mem[X,0x0000000080001B06] -> 0x00BF
[1734] [M]: 0x0000000080001B04 (0x00BF1F13) slli t5, t5, 0xb
x30 <- 0x0000000107FFF800

mem[X,0x0000000080001B08] -> 0x0F13
mem[X,0x0000000080001B0A] -> 0x7FFF
[1735] [M]: 0x0000000080001B08 (0x7FFF0F13) addi t5, t5, 0x7ff
x30 <- 0x0000000107FFFFFF

mem[X,0x0000000080001B0C] -> 0x1F13
mem[X,0x0000000080001B0E] -> 0x00BF
[1736] [M]: 0x0000000080001B0C (0x00BF1F13) slli t5, t5, 0xb
x30 <- 0x0000083FFFFFF800

mem[X,0x0000000080001B10] -> 0x0F13
mem[X,0x0000000080001B12] -> 0x3FFF
[1737] [M]: 0x0000000080001B10 (0x3FFF0F13) addi t5, t5, 0x3ff
x30 <- 0x0000083FFFFFFBFF

mem[X,0x0000000080001B14] -> 0x1F13
mem[X,0x0000000080001B16] -> 0x00AF
[1738] [M]: 0x0000000080001B14 (0x00AF1F13) slli t5, t5, 0xa
x30 <- 0x0020FFFFFFEFFC00

mem[X,0x0000000080001B18] -> 0x0F13
mem[X,0x0000000080001B1A] -> 0x3DFF
[1739] [M]: 0x0000000080001B18 (0x3DFF0F13) addi t5, t5, 0x3df
x30 <- 0x0020FFFFFFEFFFDF

mem[X,0x0000000080001B1C] -> 0xBEB7
mem[X,0x0000000080001B1E] -> 0xFFF7
[1740] [M]: 0x0000000080001B1C (0xFFF7BEB7) lui t4, -0x85
x29 <- 0xFFFFFFFFFFF7B000

mem[X,0x0000000080001B20] -> 0x8E93
mem[X,0x0000000080001B22] -> 0xAAAE
[1741] [M]: 0x0000000080001B20 (0xAAAE8E93) addi t4, t4, -0x556
x29 <- 0xFFFFFFFFFFF7AAAA

mem[X,0x0000000080001B24] -> 0x9E93
mem[X,0x0000000080001B26] -> 0x00BE
[1742] [M]: 0x0000000080001B24 (0x00BE9E93) slli t4, t4, 0xb
x29 <- 0xFFFFFFFFBD555000

mem[X,0x0000000080001B28] -> 0x8E93
mem[X,0x0000000080001B2A] -> 0x000E
[1743] [M]: 0x0000000080001B28 (0x000E8E93) addi t4, t4, 0x0
x29 <- 0xFFFFFFFFBD555000

mem[X,0x0000000080001B2C] -> 0x9E93
mem[X,0x0000000080001B2E] -> 0x00BE
[1744] [M]: 0x0000000080001B2C (0x00BE9E93) slli t4, t4, 0xb
x29 <- 0xFFFFFDEAAA800000

mem[X,0x0000000080001B30] -> 0x8E93
mem[X,0x0000000080001B32] -> 0x18FE
[1745] [M]: 0x0000000080001B30 (0x18FE8E93) addi t4, t4, 0x18f
x29 <- 0xFFFFFDEAAA80018F

mem[X,0x0000000080001B34] -> 0x9E93
mem[X,0x0000000080001B36] -> 0x00AE
[1746] [M]: 0x0000000080001B34 (0x00AE9E93) slli t4, t4, 0xa
x29 <- 0xFFF7AAAA00063C00

mem[X,0x0000000080001B38] -> 0x8E93
mem[X,0x0000000080001B3A] -> 0x3FFE
[1747] [M]: 0x0000000080001B38 (0x3FFE8E93) addi t4, t4, 0x3ff
x29 <- 0xFFF7AAAA00063FFF

mem[X,0x0000000080001B3C] -> 0x5FBB
mem[X,0x0000000080001B3E] -> 0xAFDF
[1748] [M]: 0x0000000080001B3C (0xAFDF5FBB) pm4addau.h t6, t5, t4
x31 <- 0xFFBF003D0535AB5E

mem[X,0x0000000080001B40] -> 0x3C23
mem[X,0x0000000080001B42] -> 0x1FF1
[1749] [M]: 0x0000000080001B40 (0x1FF13C23) sd t6, 0x1f8(sp)
mem[0x00000000800043F0] <- 0xFFBF003D0535AB5E

mem[X,0x0000000080001B44] -> 0xEF37
mem[X,0x0000000080001B46] -> 0x4000
[1750] [M]: 0x0000000080001B44 (0x4000EF37) lui t5, 0x4000e
x30 <- 0x000000004000E000

mem[X,0x0000000080001B48] -> 0x0F13
mem[X,0x0000000080001B4A] -> 0xFFFF
[1751] [M]: 0x0000000080001B48 (0xFFFF0F13) addi t5, t5, -0x1
x30 <- 0x000000004000DFFF

mem[X,0x0000000080001B4C] -> 0x1F13
mem[X,0x0000000080001B4E] -> 0x00BF
[1752] [M]: 0x0000000080001B4C (0x00BF1F13) slli t5, t5, 0xb
x30 <- 0x0000020006FFF800

mem[X,0x0000000080001B50] -> 0x0F13
mem[X,0x0000000080001B52] -> 0x77FF
[1753] [M]: 0x0000000080001B50 (0x77FF0F13) addi t5, t5, 0x77f
x30 <- 0x0000020006FFFF7F

mem[X,0x0000000080001B54] -> 0x1F13
mem[X,0x0000000080001B56] -> 0x00BF
[1754] [M]: 0x0000000080001B54 (0x00BF1F13) slli t5, t5, 0xb
x30 <- 0x00100037FFFBF800

mem[X,0x0000000080001B58] -> 0x0F13
mem[X,0x0000000080001B5A] -> 0x7FFF
[1755] [M]: 0x0000000080001B58 (0x7FFF0F13) addi t5, t5, 0x7ff
x30 <- 0x00100037FFFBFFFF

mem[X,0x0000000080001B5C] -> 0x1F13
mem[X,0x0000000080001B5E] -> 0x00AF
[1756] [M]: 0x0000000080001B5C (0x00AF1F13) slli t5, t5, 0xa
x30 <- 0x4000DFFFEFFFFC00

mem[X,0x0000000080001B60] -> 0x0F13
mem[X,0x0000000080001B62] -> 0x2FFF
[1757] [M]: 0x0000000080001B60 (0x2FFF0F13) addi t5, t5, 0x2ff
x30 <- 0x4000DFFFEFFFFEFF

mem[X,0x0000000080001B64] -> 0x8EB7
mem[X,0x0000000080001B66] -> 0x8000
[1758] [M]: 0x0000000080001B64 (0x80008EB7) lui t4, -0x7fff8
x29 <- 0xFFFFFFFF80008000

mem[X,0x0000000080001B68] -> 0x8E93
mem[X,0x0000000080001B6A] -> 0xFFFE
[1759] [M]: 0x0000000080001B68 (0xFFFE8E93) addi t4, t4, -0x1
x29 <- 0xFFFFFFFF80007FFF

mem[X,0x0000000080001B6C] -> 0x9E93
mem[X,0x0000000080001B6E] -> 0x00BE
[1760] [M]: 0x0000000080001B6C (0x00BE9E93) slli t4, t4, 0xb
x29 <- 0xFFFFFC0003FFF800

mem[X,0x0000000080001B70] -> 0x8E93
mem[X,0x0000000080001B72] -> 0x7FFE
[1761] [M]: 0x0000000080001B70 (0x7FFE8E93) addi t4, t4, 0x7ff
x29 <- 0xFFFFFC0003FFFFFF

mem[X,0x0000000080001B74] -> 0x9E93
mem[X,0x0000000080001B76] -> 0x00BE
[1762] [M]: 0x0000000080001B74 (0x00BE9E93) slli t4, t4, 0xb
x29 <- 0xFFE0001FFFFFF800

mem[X,0x0000000080001B78] -> 0x8E93
mem[X,0x0000000080001B7A] -> 0x7BFE
[1763] [M]: 0x0000000080001B78 (0x7BFE8E93) addi t4, t4, 0x7bf
x29 <- 0xFFE0001FFFFFFFBF

mem[X,0x0000000080001B7C] -> 0x9E93
mem[X,0x0000000080001B7E] -> 0x00AE
[1764] [M]: 0x0000000080001B7C (0x00AE9E93) slli t4, t4, 0xa
x29 <- 0x80007FFFFFFEFC00

mem[X,0x0000000080001B80] -> 0x8E93
mem[X,0x0000000080001B82] -> 0x3FDE
[1765] [M]: 0x0000000080001B80 (0x3FDE8E93) addi t4, t4, 0x3fd
x29 <- 0x80007FFFFFFEFFFD

mem[X,0x0000000080001B84] -> 0x5FBB
mem[X,0x0000000080001B86] -> 0xAFDF
[1766] [M]: 0x0000000080001B84 (0xAFDF5FBB) pm4addau.h t6, t5, t4
x31 <- 0xFFBF003F842D6E64

mem[X,0x0000000080001B88] -> 0x3023
mem[X,0x0000000080001B8A] -> 0x21F1
[1767] [M]: 0x0000000080001B88 (0x21F13023) sd t6, 0x200(sp)
mem[0x00000000800043F8] <- 0xFFBF003F842D6E64

mem[X,0x0000000080001B8C] -> 0xFF37
mem[X,0x0000000080001B8E] -> 0xDFFF
[1768] [M]: 0x0000000080001B8C (0xDFFFFF37) lui t5, -0x20001
x30 <- 0xFFFFFFFFDFFFF000

mem[X,0x0000000080001B90] -> 0x0F13
mem[X,0x0000000080001B92] -> 0xFFFF
[1769] [M]: 0x0000000080001B90 (0xFFFF0F13) addi t5, t5, -0x1
x30 <- 0xFFFFFFFFDFFFEFFF

mem[X,0x0000000080001B94] -> 0x1F13
mem[X,0x0000000080001B96] -> 0x00BF
[1770] [M]: 0x0000000080001B94 (0x00BF1F13) slli t5, t5, 0xb
x30 <- 0xFFFFFEFFFF7FF800

mem[X,0x0000000080001B98] -> 0x0F13
mem[X,0x0000000080001B9A] -> 0x77FF
[1771] [M]: 0x0000000080001B98 (0x77FF0F13) addi t5, t5, 0x77f
x30 <- 0xFFFFFEFFFF7FFF7F

mem[X,0x0000000080001B9C] -> 0x1F13
mem[X,0x0000000080001B9E] -> 0x00BF
[1772] [M]: 0x0000000080001B9C (0x00BF1F13) slli t5, t5, 0xb
x30 <- 0xFFF7FFFBFFFBF800

mem[X,0x0000000080001BA0] -> 0x0F13
mem[X,0x0000000080001BA2] -> 0x7C0F
[1773] [M]: 0x0000000080001BA0 (0x7C0F0F13) addi t5, t5, 0x7c0
x30 <- 0xFFF7FFFBFFFBFFC0

mem[X,0x0000000080001BA4] -> 0x1F13
mem[X,0x0000000080001BA6] -> 0x00AF
[1774] [M]: 0x0000000080001BA4 (0x00AF1F13) slli t5, t5, 0xa
x30 <- 0xDFFFEFFFEFFF0000

mem[X,0x0000000080001BA8] -> 0x0F13
mem[X,0x0000000080001BAA] -> 0x040F
[1775] [M]: 0x0000000080001BA8 (0x040F0F13) addi t5, t5, 0x40
x30 <- 0xDFFFEFFFEFFF0040

mem[X,0x0000000080001BAC] -> 0x0EB7
mem[X,0x0000000080001BAE] -> 0xFBFF
[1776] [M]: 0x0000000080001BAC (0xFBFF0EB7) lui t4, -0x4010
x29 <- 0xFFFFFFFFFBFF0000

mem[X,0x0000000080001BB0] -> 0x8E93
mem[X,0x0000000080001BB2] -> 0x080E
[1777] [M]: 0x0000000080001BB0 (0x080E8E93) addi t4, t4, 0x80
x29 <- 0xFFFFFFFFFBFF0080

mem[X,0x0000000080001BB4] -> 0x9E93
mem[X,0x0000000080001BB6] -> 0x00BE
[1778] [M]: 0x0000000080001BB4 (0x00BE9E93) slli t4, t4, 0xb
x29 <- 0xFFFFFFDFF8040000

mem[X,0x0000000080001BB8] -> 0x8E93
mem[X,0x0000000080001BBA] -> 0x004E
[1779] [M]: 0x0000000080001BB8 (0x004E8E93) addi t4, t4, 0x4
x29 <- 0xFFFFFFDFF8040004

mem[X,0x0000000080001BBC] -> 0x9E93
mem[X,0x0000000080001BBE] -> 0x00BE
[1780] [M]: 0x0000000080001BBC (0x00BE9E93) slli t4, t4, 0xb
x29 <- 0xFFFEFFC020002000

mem[X,0x0000000080001BC0] -> 0x8E93
mem[X,0x0000000080001BC2] -> 0x02FE
[1781] [M]: 0x0000000080001BC0 (0x02FE8E93) addi t4, t4, 0x2f
x29 <- 0xFFFEFFC02000202F

mem[X,0x0000000080001BC4] -> 0x9E93
mem[X,0x0000000080001BC6] -> 0x00AE
[1782] [M]: 0x0000000080001BC4 (0x00AE9E93) slli t4, t4, 0xa
x29 <- 0xFBFF00800080BC00

mem[X,0x0000000080001BC8] -> 0x8E93
mem[X,0x0000000080001BCA] -> 0x3FFE
[1783] [M]: 0x0000000080001BC8 (0x3FFE8E93) addi t4, t4, 0x3ff
x29 <- 0xFBFF00800080BFFF

mem[X,0x0000000080001BCC] -> 0x5FBB
mem[X,0x0000000080001BCE] -> 0xAFDF
[1784] [M]: 0x0000000080001BCC (0xAFDF5FBB) pm4addau.h t6, t5, t4
x31 <- 0xFFBF004061CB9125

mem[X,0x0000000080001BD0] -> 0x3423
mem[X,0x0000000080001BD2] -> 0x21F1
[1785] [M]: 0x0000000080001BD0 (0x21F13423) sd t6, 0x208(sp)
mem[0x0000000080004400] <- 0xFFBF004061CB9125

mem[X,0x0000000080001BD4] -> 0x0F37
mem[X,0x0000000080001BD6] -> 0x0080
[1786] [M]: 0x0000000080001BD4 (0x00800F37) lui t5, 0x800
x30 <- 0x0000000000800000

mem[X,0x0000000080001BD8] -> 0x0F13
mem[X,0x0000000080001BDA] -> 0x400F
[1787] [M]: 0x0000000080001BD8 (0x400F0F13) addi t5, t5, 0x400
x30 <- 0x0000000000800400

mem[X,0x0000000080001BDC] -> 0x1F13
mem[X,0x0000000080001BDE] -> 0x00BF
[1788] [M]: 0x0000000080001BDC (0x00BF1F13) slli t5, t5, 0xb
x30 <- 0x0000000400200000

mem[X,0x0000000080001BE0] -> 0x0F13
mem[X,0x0000000080001BE2] -> 0x000F
[1789] [M]: 0x0000000080001BE0 (0x000F0F13) addi t5, t5, 0x0
x30 <- 0x0000000400200000

mem[X,0x0000000080001BE4] -> 0x1F13
mem[X,0x0000000080001BE6] -> 0x00BF
[1790] [M]: 0x0000000080001BE4 (0x00BF1F13) slli t5, t5, 0xb
x30 <- 0x0000200100000000

mem[X,0x0000000080001BE8] -> 0x0F13
mem[X,0x0000000080001BEA] -> 0x160F
[1791] [M]: 0x0000000080001BE8 (0x160F0F13) addi t5, t5, 0x160
x30 <- 0x0000200100000160

mem[X,0x0000000080001BEC] -> 0x1F13
mem[X,0x0000000080001BEE] -> 0x00AF
[1792] [M]: 0x0000000080001BEC (0x00AF1F13) slli t5, t5, 0xa
x30 <- 0x0080040000058000

mem[X,0x0000000080001BF0] -> 0x0EB7
mem[X,0x0000000080001BF2] -> 0x8001
[1793] [M]: 0x0000000080001BF0 (0x80010EB7) lui t4, -0x7fff0
x29 <- 0xFFFFFFFF80010000

mem[X,0x0000000080001BF4] -> 0x8E93
mem[X,0x0000000080001BF6] -> 0xFFCE
[1794] [M]: 0x0000000080001BF4 (0xFFCE8E93) addi t4, t4, -0x4
x29 <- 0xFFFFFFFF8000FFFC

mem[X,0x0000000080001BF8] -> 0x9E93
mem[X,0x0000000080001BFA] -> 0x00BE
[1795] [M]: 0x0000000080001BF8 (0x00BE9E93) slli t4, t4, 0xb
x29 <- 0xFFFFFC0007FFE000

mem[X,0x0000000080001BFC] -> 0x8E93
mem[X,0x0000000080001BFE] -> 0x77FE
[1796] [M]: 0x0000000080001BFC (0x77FE8E93) addi t4, t4, 0x77f
x29 <- 0xFFFFFC0007FFE77F

mem[X,0x0000000080001C00] -> 0x9E93
mem[X,0x0000000080001C02] -> 0x00BE
[1797] [M]: 0x0000000080001C00 (0x00BE9E93) slli t4, t4, 0xb
x29 <- 0xFFE0003FFF3BF800

mem[X,0x0000000080001C04] -> 0x8E93
mem[X,0x0000000080001C06] -> 0x7F0E
[1798] [M]: 0x0000000080001C04 (0x7F0E8E93) addi t4, t4, 0x7f0
x29 <- 0xFFE0003FFF3BFFF0

mem[X,0x0000000080001C08] -> 0x9E93
mem[X,0x0000000080001C0A] -> 0x00AE
[1799] [M]: 0x0000000080001C08 (0x00AE9E93) slli t4, t4, 0xa
x29 <- 0x8000FFFCEFFFC000

clint::tick mtime <- 0x0000000000000012
 clint timer pending at mtime 0x0000000000000012
htif::tick 0x0000000000000000
mem[X,0x0000000080001C0C] -> 0x5FBB
mem[X,0x0000000080001C0E] -> 0xAFDF
[1800] [M]: 0x0000000080001C0C (0xAFDF5FBB) pm4addau.h t6, t5, t4
x31 <- 0xFFBF0040C6103120

mem[X,0x0000000080001C10] -> 0x3823
mem[X,0x0000000080001C12] -> 0x21F1
[1801] [M]: 0x0000000080001C10 (0x21F13823) sd t6, 0x210(sp)
mem[0x0000000080004408] <- 0xFFBF0040C6103120

mem[X,0x0000000080001C14] -> 0x0F37
mem[X,0x0000000080001C16] -> 0x8000
[1802] [M]: 0x0000000080001C14 (0x80000F37) lui t5, -0x80000
x30 <- 0xFFFFFFFF80000000

mem[X,0x0000000080001C18] -> 0x0F13
mem[X,0x0000000080001C1A] -> 0xEFFF
[1803] [M]: 0x0000000080001C18 (0xEFFF0F13) addi t5, t5, -0x101
x30 <- 0xFFFFFFFF7FFFFEFF

mem[X,0x0000000080001C1C] -> 0x1F13
mem[X,0x0000000080001C1E] -> 0x00BF
[1804] [M]: 0x0000000080001C1C (0x00BF1F13) slli t5, t5, 0xb
x30 <- 0xFFFFFBFFFFF7F800

mem[X,0x0000000080001C20] -> 0x0F13
mem[X,0x0000000080001C22] -> 0x000F
[1805] [M]: 0x0000000080001C20 (0x000F0F13) addi t5, t5, 0x0
x30 <- 0xFFFFFBFFFFF7F800

mem[X,0x0000000080001C24] -> 0x1F13
mem[X,0x0000000080001C26] -> 0x00BF
[1806] [M]: 0x0000000080001C24 (0x00BF1F13) slli t5, t5, 0xb
x30 <- 0xFFDFFFFFBFC00000

mem[X,0x0000000080001C28] -> 0x0F13
mem[X,0x0000000080001C2A] -> 0x05FF
[1807] [M]: 0x0000000080001C28 (0x05FF0F13) addi t5, t5, 0x5f
x30 <- 0xFFDFFFFFBFC0005F

mem[X,0x0000000080001C2C] -> 0x1F13
mem[X,0x0000000080001C2E] -> 0x00AF
[1808] [M]: 0x0000000080001C2C (0x00AF1F13) slli t5, t5, 0xa
x30 <- 0x7FFFFEFF00017C00

mem[X,0x0000000080001C30] -> 0x0F13
mem[X,0x0000000080001C32] -> 0x3FFF
[1809] [M]: 0x0000000080001C30 (0x3FFF0F13) addi t5, t5, 0x3ff
x30 <- 0x7FFFFEFF00017FFF

mem[X,0x0000000080001C34] -> 0xCEB7
mem[X,0x0000000080001C36] -> 0x2000
[1810] [M]: 0x0000000080001C34 (0x2000CEB7) lui t4, 0x2000c
x29 <- 0x000000002000C000

mem[X,0x0000000080001C38] -> 0x8E93
mem[X,0x0000000080001C3A] -> 0x000E
[1811] [M]: 0x0000000080001C38 (0x000E8E93) addi t4, t4, 0x0
x29 <- 0x000000002000C000

mem[X,0x0000000080001C3C] -> 0x9E93
mem[X,0x0000000080001C3E] -> 0x00BE
[1812] [M]: 0x0000000080001C3C (0x00BE9E93) slli t4, t4, 0xb
x29 <- 0x0000010006000000

mem[X,0x0000000080001C40] -> 0x8E93
mem[X,0x0000000080001C42] -> 0x7FDE
[1813] [M]: 0x0000000080001C40 (0x7FDE8E93) addi t4, t4, 0x7fd
x29 <- 0x00000100060007FD

mem[X,0x0000000080001C44] -> 0x9E93
mem[X,0x0000000080001C46] -> 0x00BE
[1814] [M]: 0x0000000080001C44 (0x00BE9E93) slli t4, t4, 0xb
x29 <- 0x00080030003FE800

mem[X,0x0000000080001C48] -> 0x8E93
mem[X,0x0000000080001C4A] -> 0x7FFE
[1815] [M]: 0x0000000080001C48 (0x7FFE8E93) addi t4, t4, 0x7ff
x29 <- 0x00080030003FEFFF

mem[X,0x0000000080001C4C] -> 0x9E93
mem[X,0x0000000080001C4E] -> 0x00AE
[1816] [M]: 0x0000000080001C4C (0x00AE9E93) slli t4, t4, 0xa
x29 <- 0x2000C000FFBFFC00

mem[X,0x0000000080001C50] -> 0x8E93
mem[X,0x0000000080001C52] -> 0x3FDE
[1817] [M]: 0x0000000080001C50 (0x3FDE8E93) addi t4, t4, 0x3fd
x29 <- 0x2000C000FFBFFFFD

mem[X,0x0000000080001C54] -> 0x5FBB
mem[X,0x0000000080001C56] -> 0xAFDF
[1818] [M]: 0x0000000080001C54 (0xAFDF5FBB) pm4addau.h t6, t5, t4
x31 <- 0xFFBF0042154DD0E2

mem[X,0x0000000080001C58] -> 0x3C23
mem[X,0x0000000080001C5A] -> 0x21F1
[1819] [M]: 0x0000000080001C58 (0x21F13C23) sd t6, 0x218(sp)
mem[0x0000000080004410] <- 0xFFBF0042154DD0E2

mem[X,0x0000000080001C5C] -> 0x1F37
mem[X,0x0000000080001C5E] -> 0x0800
[1820] [M]: 0x0000000080001C5C (0x08001F37) lui t5, 0x8001
x30 <- 0x0000000008001000

mem[X,0x0000000080001C60] -> 0x0F13
mem[X,0x0000000080001C62] -> 0x000F
[1821] [M]: 0x0000000080001C60 (0x000F0F13) addi t5, t5, 0x0
x30 <- 0x0000000008001000

mem[X,0x0000000080001C64] -> 0x1F13
mem[X,0x0000000080001C66] -> 0x00BF
[1822] [M]: 0x0000000080001C64 (0x00BF1F13) slli t5, t5, 0xb
x30 <- 0x0000004000800000

mem[X,0x0000000080001C68] -> 0x0F13
mem[X,0x0000000080001C6A] -> 0x000F
[1823] [M]: 0x0000000080001C68 (0x000F0F13) addi t5, t5, 0x0
x30 <- 0x0000004000800000

mem[X,0x0000000080001C6C] -> 0x1F13
mem[X,0x0000000080001C6E] -> 0x00BF
[1824] [M]: 0x0000000080001C6C (0x00BF1F13) slli t5, t5, 0xb
x30 <- 0x0002000400000000

mem[X,0x0000000080001C70] -> 0x0F13
mem[X,0x0000000080001C72] -> 0x142F
[1825] [M]: 0x0000000080001C70 (0x142F0F13) addi t5, t5, 0x142
x30 <- 0x0002000400000142

mem[X,0x0000000080001C74] -> 0x1F13
mem[X,0x0000000080001C76] -> 0x00AF
[1826] [M]: 0x0000000080001C74 (0x00AF1F13) slli t5, t5, 0xa
x30 <- 0x0800100000050800

mem[X,0x0000000080001C78] -> 0x0EB7
mem[X,0x0000000080001C7A] -> 0x0011
[1827] [M]: 0x0000000080001C78 (0x00110EB7) lui t4, 0x110
x29 <- 0x0000000000110000

mem[X,0x0000000080001C7C] -> 0x8E93
mem[X,0x0000000080001C7E] -> 0xFFBE
[1828] [M]: 0x0000000080001C7C (0xFFBE8E93) addi t4, t4, -0x5
x29 <- 0x000000000010FFFB

mem[X,0x0000000080001C80] -> 0x9E93
mem[X,0x0000000080001C82] -> 0x00BE
[1829] [M]: 0x0000000080001C80 (0x00BE9E93) slli t4, t4, 0xb
x29 <- 0x0000000087FFD800

mem[X,0x0000000080001C84] -> 0x8E93
mem[X,0x0000000080001C86] -> 0x000E
[1830] [M]: 0x0000000080001C84 (0x000E8E93) addi t4, t4, 0x0
x29 <- 0x0000000087FFD800

mem[X,0x0000000080001C88] -> 0x9E93
mem[X,0x0000000080001C8A] -> 0x00BE
[1831] [M]: 0x0000000080001C88 (0x00BE9E93) slli t4, t4, 0xb
x29 <- 0x0000043FFEC00000

mem[X,0x0000000080001C8C] -> 0x8E93
mem[X,0x0000000080001C8E] -> 0x03FE
[1832] [M]: 0x0000000080001C8C (0x03FE8E93) addi t4, t4, 0x3f
x29 <- 0x0000043FFEC0003F

mem[X,0x0000000080001C90] -> 0x9E93
mem[X,0x0000000080001C92] -> 0x00AE
[1833] [M]: 0x0000000080001C90 (0x00AE9E93) slli t4, t4, 0xa
x29 <- 0x0010FFFB0000FC00

mem[X,0x0000000080001C94] -> 0x8E93
mem[X,0x0000000080001C96] -> 0x1FFE
[1834] [M]: 0x0000000080001C94 (0x1FFE8E93) addi t4, t4, 0x1ff
x29 <- 0x0010FFFB0000FDFF

mem[X,0x0000000080001C98] -> 0x5FBB
mem[X,0x0000000080001C9A] -> 0xAFDF
[1835] [M]: 0x0000000080001C98 (0xAFDF5FBB) pm4addau.h t6, t5, t4
x31 <- 0xFFBF00422D3DF8E2

mem[X,0x0000000080001C9C] -> 0x3023
mem[X,0x0000000080001C9E] -> 0x23F1
[1836] [M]: 0x0000000080001C9C (0x23F13023) sd t6, 0x220(sp)
mem[0x0000000080004418] <- 0xFFBF00422D3DF8E2

mem[X,0x0000000080001CA0] -> 0x1F37
mem[X,0x0000000080001CA2] -> 0x2000
[1837] [M]: 0x0000000080001CA0 (0x20001F37) lui t5, 0x20001
x30 <- 0x0000000020001000

mem[X,0x0000000080001CA4] -> 0x0F13
mem[X,0x0000000080001CA6] -> 0x800F
[1838] [M]: 0x0000000080001CA4 (0x800F0F13) addi t5, t5, -0x800
x30 <- 0x0000000020000800

mem[X,0x0000000080001CA8] -> 0x1F13
mem[X,0x0000000080001CAA] -> 0x00BF
[1839] [M]: 0x0000000080001CA8 (0x00BF1F13) slli t5, t5, 0xb
x30 <- 0x0000010000400000

mem[X,0x0000000080001CAC] -> 0x0F13
mem[X,0x0000000080001CAE] -> 0x7FBF
[1840] [M]: 0x0000000080001CAC (0x7FBF0F13) addi t5, t5, 0x7fb
x30 <- 0x00000100004007FB

mem[X,0x0000000080001CB0] -> 0x1F13
mem[X,0x0000000080001CB2] -> 0x00BF
[1841] [M]: 0x0000000080001CB0 (0x00BF1F13) slli t5, t5, 0xb
x30 <- 0x00080002003FD800

mem[X,0x0000000080001CB4] -> 0x0F13
mem[X,0x0000000080001CB6] -> 0x7D0F
[1842] [M]: 0x0000000080001CB4 (0x7D0F0F13) addi t5, t5, 0x7d0
x30 <- 0x00080002003FDFD0

mem[X,0x0000000080001CB8] -> 0x1F13
mem[X,0x0000000080001CBA] -> 0x00AF
[1843] [M]: 0x0000000080001CB8 (0x00AF1F13) slli t5, t5, 0xa
x30 <- 0x20000800FF7F4000

mem[X,0x0000000080001CBC] -> 0x0EB7
mem[X,0x0000000080001CBE] -> 0xBFFF
[1844] [M]: 0x0000000080001CBC (0xBFFF0EB7) lui t4, -0x40010
x29 <- 0xFFFFFFFFBFFF0000

mem[X,0x0000000080001CC0] -> 0x8E93
mem[X,0x0000000080001CC2] -> 0x400E
[1845] [M]: 0x0000000080001CC0 (0x400E8E93) addi t4, t4, 0x400
x29 <- 0xFFFFFFFFBFFF0400

mem[X,0x0000000080001CC4] -> 0x9E93
mem[X,0x0000000080001CC6] -> 0x00BE
[1846] [M]: 0x0000000080001CC4 (0x00BE9E93) slli t4, t4, 0xb
x29 <- 0xFFFFFDFFF8200000

mem[X,0x0000000080001CC8] -> 0x8E93
mem[X,0x0000000080001CCA] -> 0x7BFE
[1847] [M]: 0x0000000080001CC8 (0x7BFE8E93) addi t4, t4, 0x7bf
x29 <- 0xFFFFFDFFF82007BF

mem[X,0x0000000080001CCC] -> 0x9E93
mem[X,0x0000000080001CCE] -> 0x00BE
[1848] [M]: 0x0000000080001CCC (0x00BE9E93) slli t4, t4, 0xb
x29 <- 0xFFEFFFC1003DF800

mem[X,0x0000000080001CD0] -> 0x8E93
mem[X,0x0000000080001CD2] -> 0x7C0E
[1849] [M]: 0x0000000080001CD0 (0x7C0E8E93) addi t4, t4, 0x7c0
x29 <- 0xFFEFFFC1003DFFC0

mem[X,0x0000000080001CD4] -> 0x9E93
mem[X,0x0000000080001CD6] -> 0x00AE
[1850] [M]: 0x0000000080001CD4 (0x00AE9E93) slli t4, t4, 0xa
x29 <- 0xBFFF0400F7FF0000

mem[X,0x0000000080001CD8] -> 0x8E93
mem[X,0x0000000080001CDA] -> 0x003E
[1851] [M]: 0x0000000080001CD8 (0x003E8E93) addi t4, t4, 0x3
x29 <- 0xBFFF0400F7FF0003

mem[X,0x0000000080001CDC] -> 0x5FBB
mem[X,0x0000000080001CDE] -> 0xAFDF
[1852] [M]: 0x0000000080001CDC (0xAFDF5FBB) pm4addau.h t6, t5, t4
x31 <- 0xFFBF00433CE0A163

mem[X,0x0000000080001CE0] -> 0x3423
mem[X,0x0000000080001CE2] -> 0x23F1
[1853] [M]: 0x0000000080001CE0 (0x23F13423) sd t6, 0x228(sp)
mem[0x0000000080004420] <- 0xFFBF00433CE0A163

mem[X,0x0000000080001CE4] -> 0x006F
mem[X,0x0000000080001CE6] -> 0x0380
[1854] [M]: 0x0000000080001CE4 (0x0380006F) jal zero, 0x38

mem[X,0x0000000080001D1C] -> 0x0093
mem[X,0x0000000080001D1E] -> 0x0010
[1855] [M]: 0x0000000080001D1C (0x00100093) addi ra, zero, 0x1
x1 <- 0x0000000000000001

mem[X,0x0000000080001D20] -> 0x0F17
mem[X,0x0000000080001D22] -> 0x0000
[1856] [M]: 0x0000000080001D20 (0x00000F17) auipc t5, 0x0
x30 <- 0x0000000080001D20

mem[X,0x0000000080001D24] -> 0x2023
mem[X,0x0000000080001D26] -> 0x2E1F
[1857] [M]: 0x0000000080001D24 (0x2E1F2023) sw ra, 0x2e0(t5)
htif[0x0000000080002000] <- 0x00000001

mem[X,0x0000000080001D28] -> 0xF06F
mem[X,0x0000000080001D2A] -> 0xFF9F
[1858] [M]: 0x0000000080001D28 (0xFF9FF06F) jal zero, -0x8

mem[X,0x0000000080001D20] -> 0x0F17
mem[X,0x0000000080001D22] -> 0x0000
[1859] [M]: 0x0000000080001D20 (0x00000F17) auipc t5, 0x0
x30 <- 0x0000000080001D20

mem[X,0x0000000080001D24] -> 0x2023
mem[X,0x0000000080001D26] -> 0x2E1F
[1860] [M]: 0x0000000080001D24 (0x2E1F2023) sw ra, 0x2e0(t5)
htif[0x0000000080002000] <- 0x00000001

mem[X,0x0000000080001D28] -> 0xF06F
mem[X,0x0000000080001D2A] -> 0xFF9F
[1861] [M]: 0x0000000080001D28 (0xFF9FF06F) jal zero, -0x8

mem[X,0x0000000080001D20] -> 0x0F17
mem[X,0x0000000080001D22] -> 0x0000
[1862] [M]: 0x0000000080001D20 (0x00000F17) auipc t5, 0x0
x30 <- 0x0000000080001D20

mem[X,0x0000000080001D24] -> 0x2023
mem[X,0x0000000080001D26] -> 0x2E1F
[1863] [M]: 0x0000000080001D24 (0x2E1F2023) sw ra, 0x2e0(t5)
htif[0x0000000080002000] <- 0x00000001
htif-syscall-proxy cmd: 0x000000000001

SUCCESS
