using /home/chsu/rvp-workspace/test-64/riscof_work/pmhraccu.h-01.S/ref/Reference-sail_c_simulator.signature for test-signature output.
tohost located at 0x80002000
Running file ref.elf.
ELF Entry @ 0x80000000
begin_signature: 0x80004110
end_signature: 0x80004470
CSR mstatus <- 0x0000000A00000000 (input: 0x0000000000000000)
mem[X,0x0000000000001000] -> 0x0297
mem[X,0x0000000000001002] -> 0x0000
[0] [M]: 0x0000000000001000 (0x00000297) auipc t0, 0x0
x5 <- 0x0000000000001000

mem[X,0x0000000000001004] -> 0x8593
mem[X,0x0000000000001006] -> 0x0202
[1] [M]: 0x0000000000001004 (0x02028593) addi a1, t0, 0x20
x11 <- 0x0000000000001020

mem[X,0x0000000000001008] -> 0x2573
mem[X,0x000000000000100A] -> 0xF140
[2] [M]: 0x0000000000001008 (0xF1402573) csrrs a0, mhartid, zero
CSR mhartid -> 0x0000000000000000
x10 <- 0x0000000000000000

mem[X,0x000000000000100C] -> 0xB283
mem[X,0x000000000000100E] -> 0x0182
[3] [M]: 0x000000000000100C (0x0182B283) ld t0, 0x18(t0)
mem[R,0x0000000000001018] -> 0x0000000080000000
x5 <- 0x0000000080000000

mem[X,0x0000000000001010] -> 0x8067
mem[X,0x0000000000001012] -> 0x0002
[4] [M]: 0x0000000000001010 (0x00028067) jalr zero, 0x0(t0)

mem[X,0x0000000080000000] -> 0x0837
mem[X,0x0000000080000002] -> 0x7D5C
[5] [M]: 0x0000000080000000 (0x7D5C0837) lui a6, 0x7d5c0
x16 <- 0x000000007D5C0000

mem[X,0x0000000080000004] -> 0x0813
mem[X,0x0000000080000006] -> 0xDDB8
[6] [M]: 0x0000000080000004 (0xDDB80813) addi a6, a6, -0x225
x16 <- 0x000000007D5BFDDB

mem[X,0x0000000080000008] -> 0x1813
mem[X,0x000000008000000A] -> 0x00B8
[7] [M]: 0x0000000080000008 (0x00B81813) slli a6, a6, 0xb
x16 <- 0x000003EADFEED800

mem[X,0x000000008000000C] -> 0x0813
mem[X,0x000000008000000E] -> 0x3EA8
[8] [M]: 0x000000008000000C (0x3EA80813) addi a6, a6, 0x3ea
x16 <- 0x000003EADFEEDBEA

mem[X,0x0000000080000010] -> 0x1813
mem[X,0x0000000080000012] -> 0x00B8
[9] [M]: 0x0000000080000010 (0x00B81813) slli a6, a6, 0xb
x16 <- 0x001F56FF76DF5000

mem[X,0x0000000080000014] -> 0x0813
mem[X,0x0000000080000016] -> 0x6FF8
[10] [M]: 0x0000000080000014 (0x6FF80813) addi a6, a6, 0x6ff
x16 <- 0x001F56FF76DF56FF

mem[X,0x0000000080000018] -> 0x1813
mem[X,0x000000008000001A] -> 0x00A8
[11] [M]: 0x0000000080000018 (0x00A81813) slli a6, a6, 0xa
x16 <- 0x7D5BFDDB7D5BFC00

mem[X,0x000000008000001C] -> 0x0813
mem[X,0x000000008000001E] -> 0x1DB8
[12] [M]: 0x000000008000001C (0x1DB80813) addi a6, a6, 0x1db
x16 <- 0x7D5BFDDB7D5BFDDB

mem[X,0x0000000080000020] -> 0x5893
mem[X,0x0000000080000022] -> 0x0078
[13] [M]: 0x0000000080000020 (0x00785893) srli a7, a6, 0x7
x17 <- 0x00FAB7FBB6FAB7FB

mem[X,0x0000000080000024] -> 0x5793
mem[X,0x0000000080000026] -> 0x0398
[14] [M]: 0x0000000080000024 (0x03985793) srli a5, a6, 0x39
x15 <- 0x000000000000003E

mem[X,0x0000000080000028] -> 0xE8B3
mem[X,0x000000008000002A] -> 0x00F8
[15] [M]: 0x0000000080000028 (0x00F8E8B3) or a7, a7, a5
x17 <- 0x00FAB7FBB6FAB7FF

mem[X,0x000000008000002C] -> 0xD913
mem[X,0x000000008000002E] -> 0x0078
[16] [M]: 0x000000008000002C (0x0078D913) srli s2, a7, 0x7
x18 <- 0x0001F56FF76DF56F

mem[X,0x0000000080000030] -> 0xD793
mem[X,0x0000000080000032] -> 0x0398
[17] [M]: 0x0000000080000030 (0x0398D793) srli a5, a7, 0x39
x15 <- 0x0000000000000000

mem[X,0x0000000080000034] -> 0x6933
mem[X,0x0000000080000036] -> 0x00F9
[18] [M]: 0x0000000080000034 (0x00F96933) or s2, s2, a5
x18 <- 0x0001F56FF76DF56F

mem[X,0x0000000080000038] -> 0x5993
mem[X,0x000000008000003A] -> 0x0079
[19] [M]: 0x0000000080000038 (0x00795993) srli s3, s2, 0x7
x19 <- 0x000003EADFEEDBEA

mem[X,0x000000008000003C] -> 0x5793
mem[X,0x000000008000003E] -> 0x0399
[20] [M]: 0x000000008000003C (0x03995793) srli a5, s2, 0x39
x15 <- 0x0000000000000000

mem[X,0x0000000080000040] -> 0xE9B3
mem[X,0x0000000080000042] -> 0x00F9
[21] [M]: 0x0000000080000040 (0x00F9E9B3) or s3, s3, a5
x19 <- 0x000003EADFEEDBEA

mem[X,0x0000000080000044] -> 0xDA13
mem[X,0x0000000080000046] -> 0x0079
[22] [M]: 0x0000000080000044 (0x0079DA13) srli s4, s3, 0x7
x20 <- 0x00000007D5BFDDB7

mem[X,0x0000000080000048] -> 0xD793
mem[X,0x000000008000004A] -> 0x0399
[23] [M]: 0x0000000080000048 (0x0399D793) srli a5, s3, 0x39
x15 <- 0x0000000000000000

mem[X,0x000000008000004C] -> 0x6A33
mem[X,0x000000008000004E] -> 0x00FA
[24] [M]: 0x000000008000004C (0x00FA6A33) or s4, s4, a5
x20 <- 0x00000007D5BFDDB7

mem[X,0x0000000080000050] -> 0x5A93
mem[X,0x0000000080000052] -> 0x007A
[25] [M]: 0x0000000080000050 (0x007A5A93) srli s5, s4, 0x7
x21 <- 0x000000000FAB7FBB

mem[X,0x0000000080000054] -> 0x5793
mem[X,0x0000000080000056] -> 0x039A
[26] [M]: 0x0000000080000054 (0x039A5793) srli a5, s4, 0x39
x15 <- 0x0000000000000000

mem[X,0x0000000080000058] -> 0xEAB3
mem[X,0x000000008000005A] -> 0x00FA
[27] [M]: 0x0000000080000058 (0x00FAEAB3) or s5, s5, a5
x21 <- 0x000000000FAB7FBB

mem[X,0x000000008000005C] -> 0xDB13
mem[X,0x000000008000005E] -> 0x007A
[28] [M]: 0x000000008000005C (0x007ADB13) srli s6, s5, 0x7
x22 <- 0x00000000001F56FF

mem[X,0x0000000080000060] -> 0xD793
mem[X,0x0000000080000062] -> 0x039A
[29] [M]: 0x0000000080000060 (0x039AD793) srli a5, s5, 0x39
x15 <- 0x0000000000000000

mem[X,0x0000000080000064] -> 0x6B33
mem[X,0x0000000080000066] -> 0x00FB
[30] [M]: 0x0000000080000064 (0x00FB6B33) or s6, s6, a5
x22 <- 0x00000000001F56FF

mem[X,0x0000000080000068] -> 0x5B93
mem[X,0x000000008000006A] -> 0x007B
[31] [M]: 0x0000000080000068 (0x007B5B93) srli s7, s6, 0x7
x23 <- 0x0000000000003EAD

mem[X,0x000000008000006C] -> 0x5793
mem[X,0x000000008000006E] -> 0x039B
[32] [M]: 0x000000008000006C (0x039B5793) srli a5, s6, 0x39
x15 <- 0x0000000000000000

mem[X,0x0000000080000070] -> 0xEBB3
mem[X,0x0000000080000072] -> 0x00FB
[33] [M]: 0x0000000080000070 (0x00FBEBB3) or s7, s7, a5
x23 <- 0x0000000000003EAD

mem[X,0x0000000080000074] -> 0xDC13
mem[X,0x0000000080000076] -> 0x007B
[34] [M]: 0x0000000080000074 (0x007BDC13) srli s8, s7, 0x7
x24 <- 0x000000000000007D

mem[X,0x0000000080000078] -> 0xD793
mem[X,0x000000008000007A] -> 0x039B
[35] [M]: 0x0000000080000078 (0x039BD793) srli a5, s7, 0x39
x15 <- 0x0000000000000000

mem[X,0x000000008000007C] -> 0x6C33
mem[X,0x000000008000007E] -> 0x00FC
[36] [M]: 0x000000008000007C (0x00FC6C33) or s8, s8, a5
x24 <- 0x000000000000007D

mem[X,0x0000000080000080] -> 0x5C93
mem[X,0x0000000080000082] -> 0x007C
[37] [M]: 0x0000000080000080 (0x007C5C93) srli s9, s8, 0x7
x25 <- 0x0000000000000000

mem[X,0x0000000080000084] -> 0x5793
mem[X,0x0000000080000086] -> 0x039C
[38] [M]: 0x0000000080000084 (0x039C5793) srli a5, s8, 0x39
x15 <- 0x0000000000000000

mem[X,0x0000000080000088] -> 0xECB3
mem[X,0x000000008000008A] -> 0x00FC
[39] [M]: 0x0000000080000088 (0x00FCECB3) or s9, s9, a5
x25 <- 0x0000000000000000

mem[X,0x000000008000008C] -> 0xDD13
mem[X,0x000000008000008E] -> 0x007C
[40] [M]: 0x000000008000008C (0x007CDD13) srli s10, s9, 0x7
x26 <- 0x0000000000000000

mem[X,0x0000000080000090] -> 0xD793
mem[X,0x0000000080000092] -> 0x039C
[41] [M]: 0x0000000080000090 (0x039CD793) srli a5, s9, 0x39
x15 <- 0x0000000000000000

mem[X,0x0000000080000094] -> 0x6D33
mem[X,0x0000000080000096] -> 0x00FD
[42] [M]: 0x0000000080000094 (0x00FD6D33) or s10, s10, a5
x26 <- 0x0000000000000000

mem[X,0x0000000080000098] -> 0x5D93
mem[X,0x000000008000009A] -> 0x007D
[43] [M]: 0x0000000080000098 (0x007D5D93) srli s11, s10, 0x7
x27 <- 0x0000000000000000

mem[X,0x000000008000009C] -> 0x5793
mem[X,0x000000008000009E] -> 0x039D
[44] [M]: 0x000000008000009C (0x039D5793) srli a5, s10, 0x39
x15 <- 0x0000000000000000

mem[X,0x00000000800000A0] -> 0xEDB3
mem[X,0x00000000800000A2] -> 0x00FD
[45] [M]: 0x00000000800000A0 (0x00FDEDB3) or s11, s11, a5
x27 <- 0x0000000000000000

mem[X,0x00000000800000A4] -> 0xDE13
mem[X,0x00000000800000A6] -> 0x007D
[46] [M]: 0x00000000800000A4 (0x007DDE13) srli t3, s11, 0x7
x28 <- 0x0000000000000000

mem[X,0x00000000800000A8] -> 0xD793
mem[X,0x00000000800000AA] -> 0x039D
[47] [M]: 0x00000000800000A8 (0x039DD793) srli a5, s11, 0x39
x15 <- 0x0000000000000000

mem[X,0x00000000800000AC] -> 0x6E33
mem[X,0x00000000800000AE] -> 0x00FE
[48] [M]: 0x00000000800000AC (0x00FE6E33) or t3, t3, a5
x28 <- 0x0000000000000000

mem[X,0x00000000800000B0] -> 0x5E93
mem[X,0x00000000800000B2] -> 0x007E
[49] [M]: 0x00000000800000B0 (0x007E5E93) srli t4, t3, 0x7
x29 <- 0x0000000000000000

mem[X,0x00000000800000B4] -> 0x5793
mem[X,0x00000000800000B6] -> 0x039E
[50] [M]: 0x00000000800000B4 (0x039E5793) srli a5, t3, 0x39
x15 <- 0x0000000000000000

mem[X,0x00000000800000B8] -> 0xEEB3
mem[X,0x00000000800000BA] -> 0x00FE
[51] [M]: 0x00000000800000B8 (0x00FEEEB3) or t4, t4, a5
x29 <- 0x0000000000000000

mem[X,0x00000000800000BC] -> 0xDF13
mem[X,0x00000000800000BE] -> 0x007E
[52] [M]: 0x00000000800000BC (0x007EDF13) srli t5, t4, 0x7
x30 <- 0x0000000000000000

mem[X,0x00000000800000C0] -> 0xD793
mem[X,0x00000000800000C2] -> 0x039E
[53] [M]: 0x00000000800000C0 (0x039ED793) srli a5, t4, 0x39
x15 <- 0x0000000000000000

mem[X,0x00000000800000C4] -> 0x6F33
mem[X,0x00000000800000C6] -> 0x00FF
[54] [M]: 0x00000000800000C4 (0x00FF6F33) or t5, t5, a5
x30 <- 0x0000000000000000

mem[X,0x00000000800000C8] -> 0xC0B7
mem[X,0x00000000800000CA] -> 0xFEED
[55] [M]: 0x00000000800000C8 (0xFEEDC0B7) lui ra, -0x1124
x1 <- 0xFFFFFFFFFEEDC000

mem[X,0x00000000800000CC] -> 0x8093
mem[X,0x00000000800000CE] -> 0xEAD0
[56] [M]: 0x00000000800000CC (0xEAD08093) addi ra, ra, -0x153
x1 <- 0xFFFFFFFFFEEDBEAD

mem[X,0x00000000800000D0] -> 0x9093
mem[X,0x00000000800000D2] -> 0x00B0
[57] [M]: 0x00000000800000D0 (0x00B09093) slli ra, ra, 0xb
x1 <- 0xFFFFFFF76DF56800

mem[X,0x00000000800000D4] -> 0x8093
mem[X,0x00000000800000D6] -> 0x7F70
[58] [M]: 0x00000000800000D4 (0x7F708093) addi ra, ra, 0x7f7
x1 <- 0xFFFFFFF76DF56FF7

mem[X,0x00000000800000D8] -> 0x9093
mem[X,0x00000000800000DA] -> 0x00B0
[59] [M]: 0x00000000800000D8 (0x00B09093) slli ra, ra, 0xb
x1 <- 0xFFFFBB6FAB7FB800

mem[X,0x00000000800000DC] -> 0x8093
mem[X,0x00000000800000DE] -> 0x36F0
[60] [M]: 0x00000000800000DC (0x36F08093) addi ra, ra, 0x36f
x1 <- 0xFFFFBB6FAB7FBB6F

mem[X,0x00000000800000E0] -> 0x9093
mem[X,0x00000000800000E2] -> 0x00A0
[61] [M]: 0x00000000800000E0 (0x00A09093) slli ra, ra, 0xa
x1 <- 0xFEEDBEADFEEDBC00

mem[X,0x00000000800000E4] -> 0x8093
mem[X,0x00000000800000E6] -> 0x2AD0
[62] [M]: 0x00000000800000E4 (0x2AD08093) addi ra, ra, 0x2ad
x1 <- 0xFEEDBEADFEEDBEAD

mem[X,0x00000000800000E8] -> 0xD113
mem[X,0x00000000800000EA] -> 0x0070
[63] [M]: 0x00000000800000E8 (0x0070D113) srli sp, ra, 0x7
x2 <- 0x01FDDB7D5BFDDB7D

mem[X,0x00000000800000EC] -> 0xD793
mem[X,0x00000000800000EE] -> 0x0390
[64] [M]: 0x00000000800000EC (0x0390D793) srli a5, ra, 0x39
x15 <- 0x000000000000007F

mem[X,0x00000000800000F0] -> 0x6133
mem[X,0x00000000800000F2] -> 0x00F1
[65] [M]: 0x00000000800000F0 (0x00F16133) or sp, sp, a5
x2 <- 0x01FDDB7D5BFDDB7F

mem[X,0x00000000800000F4] -> 0x5193
mem[X,0x00000000800000F6] -> 0x0071
[66] [M]: 0x00000000800000F4 (0x00715193) srli gp, sp, 0x7
x3 <- 0x0003FBB6FAB7FBB6

mem[X,0x00000000800000F8] -> 0x5793
mem[X,0x00000000800000FA] -> 0x0391
[67] [M]: 0x00000000800000F8 (0x03915793) srli a5, sp, 0x39
x15 <- 0x0000000000000000

mem[X,0x00000000800000FC] -> 0xE1B3
mem[X,0x00000000800000FE] -> 0x00F1
[68] [M]: 0x00000000800000FC (0x00F1E1B3) or gp, gp, a5
x3 <- 0x0003FBB6FAB7FBB6

mem[X,0x0000000080000100] -> 0xD213
mem[X,0x0000000080000102] -> 0x0071
[69] [M]: 0x0000000080000100 (0x0071D213) srli tp, gp, 0x7
x4 <- 0x000007F76DF56FF7

mem[X,0x0000000080000104] -> 0xD793
mem[X,0x0000000080000106] -> 0x0391
[70] [M]: 0x0000000080000104 (0x0391D793) srli a5, gp, 0x39
x15 <- 0x0000000000000000

mem[X,0x0000000080000108] -> 0x6233
mem[X,0x000000008000010A] -> 0x00F2
[71] [M]: 0x0000000080000108 (0x00F26233) or tp, tp, a5
x4 <- 0x000007F76DF56FF7

mem[X,0x000000008000010C] -> 0x5293
mem[X,0x000000008000010E] -> 0x0072
[72] [M]: 0x000000008000010C (0x00725293) srli t0, tp, 0x7
x5 <- 0x0000000FEEDBEADF

mem[X,0x0000000080000110] -> 0x5793
mem[X,0x0000000080000112] -> 0x0392
[73] [M]: 0x0000000080000110 (0x03925793) srli a5, tp, 0x39
x15 <- 0x0000000000000000

mem[X,0x0000000080000114] -> 0xE2B3
mem[X,0x0000000080000116] -> 0x00F2
[74] [M]: 0x0000000080000114 (0x00F2E2B3) or t0, t0, a5
x5 <- 0x0000000FEEDBEADF

mem[X,0x0000000080000118] -> 0xD313
mem[X,0x000000008000011A] -> 0x0072
[75] [M]: 0x0000000080000118 (0x0072D313) srli t1, t0, 0x7
x6 <- 0x000000001FDDB7D5

mem[X,0x000000008000011C] -> 0xD793
mem[X,0x000000008000011E] -> 0x0392
[76] [M]: 0x000000008000011C (0x0392D793) srli a5, t0, 0x39
x15 <- 0x0000000000000000

mem[X,0x0000000080000120] -> 0x6333
mem[X,0x0000000080000122] -> 0x00F3
[77] [M]: 0x0000000080000120 (0x00F36333) or t1, t1, a5
x6 <- 0x000000001FDDB7D5

mem[X,0x0000000080000124] -> 0x5393
mem[X,0x0000000080000126] -> 0x0073
[78] [M]: 0x0000000080000124 (0x00735393) srli t2, t1, 0x7
x7 <- 0x00000000003FBB6F

mem[X,0x0000000080000128] -> 0x5793
mem[X,0x000000008000012A] -> 0x0393
[79] [M]: 0x0000000080000128 (0x03935793) srli a5, t1, 0x39
x15 <- 0x0000000000000000

mem[X,0x000000008000012C] -> 0xE3B3
mem[X,0x000000008000012E] -> 0x00F3
[80] [M]: 0x000000008000012C (0x00F3E3B3) or t2, t2, a5
x7 <- 0x00000000003FBB6F

mem[X,0x0000000080000130] -> 0xD413
mem[X,0x0000000080000132] -> 0x0073
[81] [M]: 0x0000000080000130 (0x0073D413) srli fp, t2, 0x7
x8 <- 0x0000000000007F76

mem[X,0x0000000080000134] -> 0xD793
mem[X,0x0000000080000136] -> 0x0393
[82] [M]: 0x0000000080000134 (0x0393D793) srli a5, t2, 0x39
x15 <- 0x0000000000000000

mem[X,0x0000000080000138] -> 0x6433
mem[X,0x000000008000013A] -> 0x00F4
[83] [M]: 0x0000000080000138 (0x00F46433) or fp, fp, a5
x8 <- 0x0000000000007F76

mem[X,0x000000008000013C] -> 0x5493
mem[X,0x000000008000013E] -> 0x0074
[84] [M]: 0x000000008000013C (0x00745493) srli s1, fp, 0x7
x9 <- 0x00000000000000FE

mem[X,0x0000000080000140] -> 0x5793
mem[X,0x0000000080000142] -> 0x0394
[85] [M]: 0x0000000080000140 (0x03945793) srli a5, fp, 0x39
x15 <- 0x0000000000000000

mem[X,0x0000000080000144] -> 0xE4B3
mem[X,0x0000000080000146] -> 0x00F4
[86] [M]: 0x0000000080000144 (0x00F4E4B3) or s1, s1, a5
x9 <- 0x00000000000000FE

mem[X,0x0000000080000148] -> 0xD513
mem[X,0x000000008000014A] -> 0x0074
[87] [M]: 0x0000000080000148 (0x0074D513) srli a0, s1, 0x7
x10 <- 0x0000000000000001

mem[X,0x000000008000014C] -> 0xD793
mem[X,0x000000008000014E] -> 0x0394
[88] [M]: 0x000000008000014C (0x0394D793) srli a5, s1, 0x39
x15 <- 0x0000000000000000

mem[X,0x0000000080000150] -> 0x6533
mem[X,0x0000000080000152] -> 0x00F5
[89] [M]: 0x0000000080000150 (0x00F56533) or a0, a0, a5
x10 <- 0x0000000000000001

mem[X,0x0000000080000154] -> 0x5593
mem[X,0x0000000080000156] -> 0x0075
[90] [M]: 0x0000000080000154 (0x00755593) srli a1, a0, 0x7
x11 <- 0x0000000000000000

mem[X,0x0000000080000158] -> 0x5793
mem[X,0x000000008000015A] -> 0x0395
[91] [M]: 0x0000000080000158 (0x03955793) srli a5, a0, 0x39
x15 <- 0x0000000000000000

mem[X,0x000000008000015C] -> 0xE5B3
mem[X,0x000000008000015E] -> 0x00F5
[92] [M]: 0x000000008000015C (0x00F5E5B3) or a1, a1, a5
x11 <- 0x0000000000000000

mem[X,0x0000000080000160] -> 0xD613
mem[X,0x0000000080000162] -> 0x0075
[93] [M]: 0x0000000080000160 (0x0075D613) srli a2, a1, 0x7
x12 <- 0x0000000000000000

mem[X,0x0000000080000164] -> 0xD793
mem[X,0x0000000080000166] -> 0x0395
[94] [M]: 0x0000000080000164 (0x0395D793) srli a5, a1, 0x39
x15 <- 0x0000000000000000

mem[X,0x0000000080000168] -> 0x6633
mem[X,0x000000008000016A] -> 0x00F6
[95] [M]: 0x0000000080000168 (0x00F66633) or a2, a2, a5
x12 <- 0x0000000000000000

mem[X,0x000000008000016C] -> 0x5693
mem[X,0x000000008000016E] -> 0x0076
[96] [M]: 0x000000008000016C (0x00765693) srli a3, a2, 0x7
x13 <- 0x0000000000000000

mem[X,0x0000000080000170] -> 0x5793
mem[X,0x0000000080000172] -> 0x0396
[97] [M]: 0x0000000080000170 (0x03965793) srli a5, a2, 0x39
x15 <- 0x0000000000000000

mem[X,0x0000000080000174] -> 0xE6B3
mem[X,0x0000000080000176] -> 0x00F6
[98] [M]: 0x0000000080000174 (0x00F6E6B3) or a3, a3, a5
x13 <- 0x0000000000000000

mem[X,0x0000000080000178] -> 0x0013
mem[X,0x000000008000017A] -> 0x0000
[99] [M]: 0x0000000080000178 (0x00000013) addi zero, zero, 0x0

clint::tick mtime <- 0x0000000000000001
 clint timer pending at mtime 0x0000000000000001
htif::tick 0x0000000000000000
mem[X,0x000000008000017C] -> 0x0013
mem[X,0x000000008000017E] -> 0x0000
[100] [M]: 0x000000008000017C (0x00000013) addi zero, zero, 0x0

mem[X,0x0000000080000180] -> 0x4197
mem[X,0x0000000080000182] -> 0x0000
[101] [M]: 0x0000000080000180 (0x00004197) auipc gp, 0x4
x3 <- 0x0000000080004180

mem[X,0x0000000080000184] -> 0x8193
mem[X,0x0000000080000186] -> 0xF981
[102] [M]: 0x0000000080000184 (0xF9818193) addi gp, gp, -0x68
x3 <- 0x0000000080004118

mem[X,0x0000000080000188] -> 0x0013
mem[X,0x000000008000018A] -> 0x0000
[103] [M]: 0x0000000080000188 (0x00000013) addi zero, zero, 0x0

mem[X,0x000000008000018C] -> 0x0013
mem[X,0x000000008000018E] -> 0x0000
[104] [M]: 0x000000008000018C (0x00000013) addi zero, zero, 0x0

mem[X,0x0000000080000190] -> 0x0013
mem[X,0x0000000080000192] -> 0x0000
[105] [M]: 0x0000000080000190 (0x00000013) addi zero, zero, 0x0

mem[X,0x0000000080000194] -> 0x0013
mem[X,0x0000000080000196] -> 0x0000
[106] [M]: 0x0000000080000194 (0x00000013) addi zero, zero, 0x0

mem[X,0x0000000080000198] -> 0x0013
mem[X,0x000000008000019A] -> 0x0000
[107] [M]: 0x0000000080000198 (0x00000013) addi zero, zero, 0x0

mem[X,0x000000008000019C] -> 0x0013
mem[X,0x000000008000019E] -> 0x0000
[108] [M]: 0x000000008000019C (0x00000013) addi zero, zero, 0x0

mem[X,0x00000000800001A0] -> 0xB7B7
mem[X,0x00000000800001A2] -> 0x0020
[109] [M]: 0x00000000800001A0 (0x0020B7B7) lui a5, 0x20b
x15 <- 0x000000000020B000

mem[X,0x00000000800001A4] -> 0x8793
mem[X,0x00000000800001A6] -> 0xAAA7
[110] [M]: 0x00000000800001A4 (0xAAA78793) addi a5, a5, -0x556
x15 <- 0x000000000020AAAA

mem[X,0x00000000800001A8] -> 0x9793
mem[X,0x00000000800001AA] -> 0x00B7
[111] [M]: 0x00000000800001A8 (0x00B79793) slli a5, a5, 0xb
x15 <- 0x0000000105555000

mem[X,0x00000000800001AC] -> 0x8793
mem[X,0x00000000800001AE] -> 0x7FD7
[112] [M]: 0x00000000800001AC (0x7FD78793) addi a5, a5, 0x7fd
x15 <- 0x00000001055557FD

mem[X,0x00000000800001B0] -> 0x9793
mem[X,0x00000000800001B2] -> 0x00B7
[113] [M]: 0x00000000800001B0 (0x00B79793) slli a5, a5, 0xb
x15 <- 0x0000082AAABFE800

mem[X,0x00000000800001B4] -> 0x8793
mem[X,0x00000000800001B6] -> 0x7E07
[114] [M]: 0x00000000800001B4 (0x7E078793) addi a5, a5, 0x7e0
x15 <- 0x0000082AAABFEFE0

mem[X,0x00000000800001B8] -> 0x9793
mem[X,0x00000000800001BA] -> 0x00A7
[115] [M]: 0x00000000800001B8 (0x00A79793) slli a5, a5, 0xa
x15 <- 0x0020AAAAFFBF8000

mem[X,0x00000000800001BC] -> 0x0237
mem[X,0x00000000800001BE] -> 0x0007
[116] [M]: 0x00000000800001BC (0x00070237) lui tp, 0x70
x4 <- 0x0000000000070000

mem[X,0x00000000800001C0] -> 0x0213
mem[X,0x00000000800001C2] -> 0xFBF2
[117] [M]: 0x00000000800001C0 (0xFBF20213) addi tp, tp, -0x41
x4 <- 0x000000000006FFBF

mem[X,0x00000000800001C4] -> 0x1213
mem[X,0x00000000800001C6] -> 0x00B2
[118] [M]: 0x00000000800001C4 (0x00B21213) slli tp, tp, 0xb
x4 <- 0x0000000037FDF800

mem[X,0x00000000800001C8] -> 0x0213
mem[X,0x00000000800001CA] -> 0x0002
[119] [M]: 0x00000000800001C8 (0x00020213) addi tp, tp, 0x0
x4 <- 0x0000000037FDF800

mem[X,0x00000000800001CC] -> 0x1213
mem[X,0x00000000800001CE] -> 0x00B2
[120] [M]: 0x00000000800001CC (0x00B21213) slli tp, tp, 0xb
x4 <- 0x000001BFEFC00000

mem[X,0x00000000800001D0] -> 0x0213
mem[X,0x00000000800001D2] -> 0x0FF2
[121] [M]: 0x00000000800001D0 (0x0FF20213) addi tp, tp, 0xff
x4 <- 0x000001BFEFC000FF

mem[X,0x00000000800001D4] -> 0x1213
mem[X,0x00000000800001D6] -> 0x00A2
[122] [M]: 0x00000000800001D4 (0x00A21213) slli tp, tp, 0xa
x4 <- 0x0006FFBF0003FC00

mem[X,0x00000000800001D8] -> 0x0213
mem[X,0x00000000800001DA] -> 0x3FD2
[123] [M]: 0x00000000800001D8 (0x3FD20213) addi tp, tp, 0x3fd
x4 <- 0x0006FFBF0003FFFD

mem[X,0x00000000800001DC] -> 0xF23B
mem[X,0x00000000800001DE] -> 0x9C47
[124] [M]: 0x00000000800001DC (0x9C47F23B) pmhraccu.h tp, a5, tp
x4 <- 0x0006AA3E00067FFC

mem[X,0x00000000800001E0] -> 0xB023
mem[X,0x00000000800001E2] -> 0x0041
[125] [M]: 0x00000000800001E0 (0x0041B023) sd tp, 0x0(gp)
mem[0x0000000080004118] <- 0x0006AA3E00067FFC

mem[X,0x00000000800001E4] -> 0x0B37
mem[X,0x00000000800001E6] -> 0xE000
[126] [M]: 0x00000000800001E4 (0xE0000B37) lui s6, -0x20000
x22 <- 0xFFFFFFFFE0000000

mem[X,0x00000000800001E8] -> 0x0B13
mem[X,0x00000000800001EA] -> 0xFF7B
[127] [M]: 0x00000000800001E8 (0xFF7B0B13) addi s6, s6, -0x9
x22 <- 0xFFFFFFFFDFFFFFF7

mem[X,0x00000000800001EC] -> 0x1B13
mem[X,0x00000000800001EE] -> 0x00BB
[128] [M]: 0x00000000800001EC (0x00BB1B13) slli s6, s6, 0xb
x22 <- 0xFFFFFEFFFFFFB800

mem[X,0x00000000800001F0] -> 0x0B13
mem[X,0x00000000800001F2] -> 0x000B
[129] [M]: 0x00000000800001F0 (0x000B0B13) addi s6, s6, 0x0
x22 <- 0xFFFFFEFFFFFFB800

mem[X,0x00000000800001F4] -> 0x1B13
mem[X,0x00000000800001F6] -> 0x00BB
[130] [M]: 0x00000000800001F4 (0x00BB1B13) slli s6, s6, 0xb
x22 <- 0xFFF7FFFFFDC00000

mem[X,0x00000000800001F8] -> 0x0B13
mem[X,0x00000000800001FA] -> 0x1BFB
[131] [M]: 0x00000000800001F8 (0x1BFB0B13) addi s6, s6, 0x1bf
x22 <- 0xFFF7FFFFFDC001BF

mem[X,0x00000000800001FC] -> 0x1B13
mem[X,0x00000000800001FE] -> 0x00AB
[132] [M]: 0x00000000800001FC (0x00AB1B13) slli s6, s6, 0xa
x22 <- 0xDFFFFFF70006FC00

mem[X,0x0000000080000200] -> 0x0B13
mem[X,0x0000000080000202] -> 0x3FFB
[133] [M]: 0x0000000080000200 (0x3FFB0B13) addi s6, s6, 0x3ff
x22 <- 0xDFFFFFF70006FFFF

mem[X,0x0000000080000204] -> 0x0B37
mem[X,0x0000000080000206] -> 0xE000
[134] [M]: 0x0000000080000204 (0xE0000B37) lui s6, -0x20000
x22 <- 0xFFFFFFFFE0000000

mem[X,0x0000000080000208] -> 0x0B13
mem[X,0x000000008000020A] -> 0xFF9B
[135] [M]: 0x0000000080000208 (0xFF9B0B13) addi s6, s6, -0x7
x22 <- 0xFFFFFFFFDFFFFFF9

mem[X,0x000000008000020C] -> 0x1B13
mem[X,0x000000008000020E] -> 0x00BB
[136] [M]: 0x000000008000020C (0x00BB1B13) slli s6, s6, 0xb
x22 <- 0xFFFFFEFFFFFFC800

mem[X,0x0000000080000210] -> 0x0B13
mem[X,0x0000000080000212] -> 0x7FBB
[137] [M]: 0x0000000080000210 (0x7FBB0B13) addi s6, s6, 0x7fb
x22 <- 0xFFFFFEFFFFFFCFFB

mem[X,0x0000000080000214] -> 0x1B13
mem[X,0x0000000080000216] -> 0x00BB
[138] [M]: 0x0000000080000214 (0x00BB1B13) slli s6, s6, 0xb
x22 <- 0xFFF7FFFFFE7FD800

mem[X,0x0000000080000218] -> 0x0B13
mem[X,0x000000008000021A] -> 0x7C0B
[139] [M]: 0x0000000080000218 (0x7C0B0B13) addi s6, s6, 0x7c0
x22 <- 0xFFF7FFFFFE7FDFC0

mem[X,0x000000008000021C] -> 0x1B13
mem[X,0x000000008000021E] -> 0x00AB
[140] [M]: 0x000000008000021C (0x00AB1B13) slli s6, s6, 0xa
x22 <- 0xDFFFFFF9FF7F0000

mem[X,0x0000000080000220] -> 0x77BB
mem[X,0x0000000080000222] -> 0x9D6B
[141] [M]: 0x0000000080000220 (0x9D6B77BB) pmhraccu.h a5, s6, s6
x15 <- 0xC41EAA9CFEBD8000

mem[X,0x0000000080000224] -> 0xB423
mem[X,0x0000000080000226] -> 0x00F1
[142] [M]: 0x0000000080000224 (0x00F1B423) sd a5, 0x8(gp)
mem[0x0000000080004120] <- 0xC41EAA9CFEBD8000

mem[X,0x0000000080000228] -> 0xF137
mem[X,0x000000008000022A] -> 0xF7FF
[143] [M]: 0x0000000080000228 (0xF7FFF137) lui sp, -0x8001
x2 <- 0xFFFFFFFFF7FFF000

mem[X,0x000000008000022C] -> 0x0113
mem[X,0x000000008000022E] -> 0xFFF1
[144] [M]: 0x000000008000022C (0xFFF10113) addi sp, sp, -0x1
x2 <- 0xFFFFFFFFF7FFEFFF

mem[X,0x0000000080000230] -> 0x1113
mem[X,0x0000000080000232] -> 0x00B1
[145] [M]: 0x0000000080000230 (0x00B11113) slli sp, sp, 0xb
x2 <- 0xFFFFFFBFFF7FF800

mem[X,0x0000000080000234] -> 0x0113
mem[X,0x0000000080000236] -> 0x7FF1
[146] [M]: 0x0000000080000234 (0x7FF10113) addi sp, sp, 0x7ff
x2 <- 0xFFFFFFBFFF7FFFFF

mem[X,0x0000000080000238] -> 0x1113
mem[X,0x000000008000023A] -> 0x00B1
[147] [M]: 0x0000000080000238 (0x00B11113) slli sp, sp, 0xb
x2 <- 0xFFFDFFFBFFFFF800

mem[X,0x000000008000023C] -> 0x0113
mem[X,0x000000008000023E] -> 0x7C01
[148] [M]: 0x000000008000023C (0x7C010113) addi sp, sp, 0x7c0
x2 <- 0xFFFDFFFBFFFFFFC0

mem[X,0x0000000080000240] -> 0x1113
mem[X,0x0000000080000242] -> 0x00A1
[149] [M]: 0x0000000080000240 (0x00A11113) slli sp, sp, 0xa
x2 <- 0xF7FFEFFFFFFF0000

mem[X,0x0000000080000244] -> 0x0137
mem[X,0x0000000080000246] -> 0xEFFF
[150] [M]: 0x0000000080000244 (0xEFFF0137) lui sp, -0x10010
x2 <- 0xFFFFFFFFEFFF0000

mem[X,0x0000000080000248] -> 0x0113
mem[X,0x000000008000024A] -> 0x0101
[151] [M]: 0x0000000080000248 (0x01010113) addi sp, sp, 0x10
x2 <- 0xFFFFFFFFEFFF0010

mem[X,0x000000008000024C] -> 0x1113
mem[X,0x000000008000024E] -> 0x00B1
[152] [M]: 0x000000008000024C (0x00B11113) slli sp, sp, 0xb
x2 <- 0xFFFFFF7FF8008000

mem[X,0x0000000080000250] -> 0x0113
mem[X,0x0000000080000252] -> 0x7FF1
[153] [M]: 0x0000000080000250 (0x7FF10113) addi sp, sp, 0x7ff
x2 <- 0xFFFFFF7FF80087FF

mem[X,0x0000000080000254] -> 0x1113
mem[X,0x0000000080000256] -> 0x00B1
[154] [M]: 0x0000000080000254 (0x00B11113) slli sp, sp, 0xb
x2 <- 0xFFFBFFC0043FF800

mem[X,0x0000000080000258] -> 0x0113
mem[X,0x000000008000025A] -> 0x7371
[155] [M]: 0x0000000080000258 (0x73710113) addi sp, sp, 0x737
x2 <- 0xFFFBFFC0043FFF37

mem[X,0x000000008000025C] -> 0x1113
mem[X,0x000000008000025E] -> 0x00A1
[156] [M]: 0x000000008000025C (0x00A11113) slli sp, sp, 0xa
x2 <- 0xEFFF0010FFFCDC00

mem[X,0x0000000080000260] -> 0x0113
mem[X,0x0000000080000262] -> 0x3FF1
[157] [M]: 0x0000000080000260 (0x3FF10113) addi sp, sp, 0x3ff
x2 <- 0xEFFF0010FFFCDFFF

mem[X,0x0000000080000264] -> 0x713B
mem[X,0x0000000080000266] -> 0x9C21
[158] [M]: 0x0000000080000264 (0x9C21713B) pmhraccu.h sp, sp, sp
x2 <- 0xD0FD0010FFF4A3FD

mem[X,0x0000000080000268] -> 0xB823
mem[X,0x000000008000026A] -> 0x0021
[159] [M]: 0x0000000080000268 (0x0021B823) sd sp, 0x10(gp)
mem[0x0000000080004128] <- 0xD0FD0010FFF4A3FD

mem[X,0x000000008000026C] -> 0x0C37
mem[X,0x000000008000026E] -> 0xF000
[160] [M]: 0x000000008000026C (0xF0000C37) lui s8, -0x10000
x24 <- 0xFFFFFFFFF0000000

mem[X,0x0000000080000270] -> 0x0C13
mem[X,0x0000000080000272] -> 0xFF9C
[161] [M]: 0x0000000080000270 (0xFF9C0C13) addi s8, s8, -0x7
x24 <- 0xFFFFFFFFEFFFFFF9

mem[X,0x0000000080000274] -> 0x1C13
mem[X,0x0000000080000276] -> 0x00BC
[162] [M]: 0x0000000080000274 (0x00BC1C13) slli s8, s8, 0xb
x24 <- 0xFFFFFF7FFFFFC800

mem[X,0x0000000080000278] -> 0x0C13
mem[X,0x000000008000027A] -> 0x001C
[163] [M]: 0x0000000080000278 (0x001C0C13) addi s8, s8, 0x1
x24 <- 0xFFFFFF7FFFFFC801

mem[X,0x000000008000027C] -> 0x1C13
mem[X,0x000000008000027E] -> 0x00BC
[164] [M]: 0x000000008000027C (0x00BC1C13) slli s8, s8, 0xb
x24 <- 0xFFFBFFFFFE400800

mem[X,0x0000000080000280] -> 0x0C13
mem[X,0x0000000080000282] -> 0x000C
[165] [M]: 0x0000000080000280 (0x000C0C13) addi s8, s8, 0x0
x24 <- 0xFFFBFFFFFE400800

mem[X,0x0000000080000284] -> 0x1C13
mem[X,0x0000000080000286] -> 0x00AC
[166] [M]: 0x0000000080000284 (0x00AC1C13) slli s8, s8, 0xa
x24 <- 0xEFFFFFF900200000

mem[X,0x0000000080000288] -> 0x0C13
mem[X,0x000000008000028A] -> 0x001C
[167] [M]: 0x0000000080000288 (0x001C0C13) addi s8, s8, 0x1
x24 <- 0xEFFFFFF900200001

mem[X,0x000000008000028C] -> 0x0737
mem[X,0x000000008000028E] -> 0x0004
[168] [M]: 0x000000008000028C (0x00040737) lui a4, 0x40
x14 <- 0x0000000000040000

mem[X,0x0000000080000290] -> 0x0713
mem[X,0x0000000080000292] -> 0x0007
[169] [M]: 0x0000000080000290 (0x00070713) addi a4, a4, 0x0
x14 <- 0x0000000000040000

mem[X,0x0000000080000294] -> 0x1713
mem[X,0x0000000080000296] -> 0x00B7
[170] [M]: 0x0000000080000294 (0x00B71713) slli a4, a4, 0xb
x14 <- 0x0000000020000000

mem[X,0x0000000080000298] -> 0x0713
mem[X,0x000000008000029A] -> 0x3FF7
[171] [M]: 0x0000000080000298 (0x3FF70713) addi a4, a4, 0x3ff
x14 <- 0x00000000200003FF

mem[X,0x000000008000029C] -> 0x1713
mem[X,0x000000008000029E] -> 0x00B7
[172] [M]: 0x000000008000029C (0x00B71713) slli a4, a4, 0xb
x14 <- 0x00000100001FF800

mem[X,0x00000000800002A0] -> 0x0713
mem[X,0x00000000800002A2] -> 0x7FD7
[173] [M]: 0x00000000800002A0 (0x7FD70713) addi a4, a4, 0x7fd
x14 <- 0x00000100001FFFFD

mem[X,0x00000000800002A4] -> 0x1713
mem[X,0x00000000800002A6] -> 0x00A7
[174] [M]: 0x00000000800002A4 (0x00A71713) slli a4, a4, 0xa
x14 <- 0x000400007FFFF400

mem[X,0x00000000800002A8] -> 0x0713
mem[X,0x00000000800002AA] -> 0x3FF7
[175] [M]: 0x00000000800002A8 (0x3FF70713) addi a4, a4, 0x3ff
x14 <- 0x000400007FFFF7FF

mem[X,0x00000000800002AC] -> 0x7C3B
mem[X,0x00000000800002AE] -> 0x9CEC
[176] [M]: 0x00000000800002AC (0x9CEC7C3B) pmhraccu.h s8, s8, a4
x24 <- 0xF003FFF900300002

mem[X,0x00000000800002B0] -> 0xBC23
mem[X,0x00000000800002B2] -> 0x0181
[177] [M]: 0x00000000800002B0 (0x0181BC23) sd s8, 0x18(gp)
mem[0x0000000080004130] <- 0xF003FFF900300002

mem[X,0x00000000800002B4] -> 0x0037
mem[X,0x00000000800002B6] -> 0x0002
[178] [M]: 0x00000000800002B4 (0x00020037) lui zero, 0x20

mem[X,0x00000000800002B8] -> 0x0013
mem[X,0x00000000800002BA] -> 0xFFA0
[179] [M]: 0x00000000800002B8 (0xFFA00013) addi zero, zero, -0x6

mem[X,0x00000000800002BC] -> 0x1013
mem[X,0x00000000800002BE] -> 0x00B0
[180] [M]: 0x00000000800002BC (0x00B01013) slli zero, zero, 0xb

mem[X,0x00000000800002C0] -> 0x0013
mem[X,0x00000000800002C2] -> 0x0010
[181] [M]: 0x00000000800002C0 (0x00100013) addi zero, zero, 0x1

mem[X,0x00000000800002C4] -> 0x1013
mem[X,0x00000000800002C6] -> 0x00B0
[182] [M]: 0x00000000800002C4 (0x00B01013) slli zero, zero, 0xb

mem[X,0x00000000800002C8] -> 0x0013
mem[X,0x00000000800002CA] -> 0x01F0
[183] [M]: 0x00000000800002C8 (0x01F00013) addi zero, zero, 0x1f

mem[X,0x00000000800002CC] -> 0x1013
mem[X,0x00000000800002CE] -> 0x00A0
[184] [M]: 0x00000000800002CC (0x00A01013) slli zero, zero, 0xa

mem[X,0x00000000800002D0] -> 0x0013
mem[X,0x00000000800002D2] -> 0x3FF0
[185] [M]: 0x00000000800002D0 (0x3FF00013) addi zero, zero, 0x3ff

mem[X,0x00000000800002D4] -> 0x0437
mem[X,0x00000000800002D6] -> 0xFFF7
[186] [M]: 0x00000000800002D4 (0xFFF70437) lui fp, -0x90
x8 <- 0xFFFFFFFFFFF70000

mem[X,0x00000000800002D8] -> 0x0413
mem[X,0x00000000800002DA] -> 0x2004
[187] [M]: 0x00000000800002D8 (0x20040413) addi fp, fp, 0x200
x8 <- 0xFFFFFFFFFFF70200

mem[X,0x00000000800002DC] -> 0x1413
mem[X,0x00000000800002DE] -> 0x00B4
[188] [M]: 0x00000000800002DC (0x00B41413) slli fp, fp, 0xb
x8 <- 0xFFFFFFFFB8100000

mem[X,0x00000000800002E0] -> 0x0413
mem[X,0x00000000800002E2] -> 0x0004
[189] [M]: 0x00000000800002E0 (0x00040413) addi fp, fp, 0x0
x8 <- 0xFFFFFFFFB8100000

mem[X,0x00000000800002E4] -> 0x1413
mem[X,0x00000000800002E6] -> 0x00B4
[190] [M]: 0x00000000800002E4 (0x00B41413) slli fp, fp, 0xb
x8 <- 0xFFFFFDC080000000

mem[X,0x00000000800002E8] -> 0x0413
mem[X,0x00000000800002EA] -> 0x1BF4
[191] [M]: 0x00000000800002E8 (0x1BF40413) addi fp, fp, 0x1bf
x8 <- 0xFFFFFDC0800001BF

mem[X,0x00000000800002EC] -> 0x1413
mem[X,0x00000000800002EE] -> 0x00A4
[192] [M]: 0x00000000800002EC (0x00A41413) slli fp, fp, 0xa
x8 <- 0xFFF702000006FC00

mem[X,0x00000000800002F0] -> 0x0413
mem[X,0x00000000800002F2] -> 0x3F94
[193] [M]: 0x00000000800002F0 (0x3F940413) addi fp, fp, 0x3f9
x8 <- 0xFFF702000006FFF9

mem[X,0x00000000800002F4] -> 0x7A3B
mem[X,0x00000000800002F6] -> 0x9C80
[194] [M]: 0x00000000800002F4 (0x9C807A3B) pmhraccu.h s4, zero, fp
x20 <- 0x00000007D5BFDDB7

mem[X,0x00000000800002F8] -> 0xB023
mem[X,0x00000000800002FA] -> 0x0341
[195] [M]: 0x00000000800002F8 (0x0341B023) sd s4, 0x20(gp)
mem[0x0000000080004138] <- 0x00000007D5BFDDB7

mem[X,0x00000000800002FC] -> 0x0937
mem[X,0x00000000800002FE] -> 0x0009
[196] [M]: 0x00000000800002FC (0x00090937) lui s2, 0x90
x18 <- 0x0000000000090000

mem[X,0x0000000080000300] -> 0x0913
mem[X,0x0000000080000302] -> 0xFF69
[197] [M]: 0x0000000080000300 (0xFF690913) addi s2, s2, -0xa
x18 <- 0x000000000008FFF6

mem[X,0x0000000080000304] -> 0x1913
mem[X,0x0000000080000306] -> 0x00B9
[198] [M]: 0x0000000080000304 (0x00B91913) slli s2, s2, 0xb
x18 <- 0x0000000047FFB000

mem[X,0x0000000080000308] -> 0x0913
mem[X,0x000000008000030A] -> 0x77F9
[199] [M]: 0x0000000080000308 (0x77F90913) addi s2, s2, 0x77f
x18 <- 0x0000000047FFB77F

clint::tick mtime <- 0x0000000000000002
 clint timer pending at mtime 0x0000000000000002
htif::tick 0x0000000000000000
mem[X,0x000000008000030C] -> 0x1913
mem[X,0x000000008000030E] -> 0x00B9
[200] [M]: 0x000000008000030C (0x00B91913) slli s2, s2, 0xb
x18 <- 0x0000023FFDBBF800

mem[X,0x0000000080000310] -> 0x0913
mem[X,0x0000000080000312] -> 0x7C09
[201] [M]: 0x0000000080000310 (0x7C090913) addi s2, s2, 0x7c0
x18 <- 0x0000023FFDBBFFC0

mem[X,0x0000000080000314] -> 0x1913
mem[X,0x0000000080000316] -> 0x00A9
[202] [M]: 0x0000000080000314 (0x00A91913) slli s2, s2, 0xa
x18 <- 0x0008FFF6EFFF0000

mem[X,0x0000000080000318] -> 0x0913
mem[X,0x000000008000031A] -> 0x0029
[203] [M]: 0x0000000080000318 (0x00290913) addi s2, s2, 0x2
x18 <- 0x0008FFF6EFFF0002

mem[X,0x000000008000031C] -> 0x0CB7
mem[X,0x000000008000031E] -> 0x5555
[204] [M]: 0x000000008000031C (0x55550CB7) lui s9, 0x55550
x25 <- 0x0000000055550000

mem[X,0x0000000080000320] -> 0x8C93
mem[X,0x0000000080000322] -> 0x004C
[205] [M]: 0x0000000080000320 (0x004C8C93) addi s9, s9, 0x4
x25 <- 0x0000000055550004

mem[X,0x0000000080000324] -> 0x9C93
mem[X,0x0000000080000326] -> 0x00BC
[206] [M]: 0x0000000080000324 (0x00BC9C93) slli s9, s9, 0xb
x25 <- 0x000002AAA8002000

mem[X,0x0000000080000328] -> 0x8C93
mem[X,0x000000008000032A] -> 0x000C
[207] [M]: 0x0000000080000328 (0x000C8C93) addi s9, s9, 0x0
x25 <- 0x000002AAA8002000

mem[X,0x000000008000032C] -> 0x9C93
mem[X,0x000000008000032E] -> 0x00BC
[208] [M]: 0x000000008000032C (0x00BC9C93) slli s9, s9, 0xb
x25 <- 0x0015554001000000

mem[X,0x0000000080000330] -> 0x8C93
mem[X,0x0000000080000332] -> 0x0E0C
[209] [M]: 0x0000000080000330 (0x0E0C8C93) addi s9, s9, 0xe0
x25 <- 0x00155540010000E0

mem[X,0x0000000080000334] -> 0x9C93
mem[X,0x0000000080000336] -> 0x00AC
[210] [M]: 0x0000000080000334 (0x00AC9C93) slli s9, s9, 0xa
x25 <- 0x5555000400038000

mem[X,0x0000000080000338] -> 0x7DBB
mem[X,0x000000008000033A] -> 0x9D99
[211] [M]: 0x0000000080000338 (0x9D997DBB) pmhraccu.h s11, s2, s9
x27 <- 0x0003000400030001

mem[X,0x000000008000033C] -> 0xB423
mem[X,0x000000008000033E] -> 0x03B1
[212] [M]: 0x000000008000033C (0x03B1B423) sd s11, 0x28(gp)
mem[0x0000000080004140] <- 0x0003000400030001

mem[X,0x0000000080000340] -> 0x18B7
mem[X,0x0000000080000342] -> 0xFFFA
[213] [M]: 0x0000000080000340 (0xFFFA18B7) lui a7, -0x5f
x17 <- 0xFFFFFFFFFFFA1000

mem[X,0x0000000080000344] -> 0x8893
mem[X,0x0000000080000346] -> 0x8008
[214] [M]: 0x0000000080000344 (0x80088893) addi a7, a7, -0x800
x17 <- 0xFFFFFFFFFFFA0800

mem[X,0x0000000080000348] -> 0x9893
mem[X,0x000000008000034A] -> 0x00B8
[215] [M]: 0x0000000080000348 (0x00B89893) slli a7, a7, 0xb
x17 <- 0xFFFFFFFFD0400000

mem[X,0x000000008000034C] -> 0x8893
mem[X,0x000000008000034E] -> 0x0008
[216] [M]: 0x000000008000034C (0x00088893) addi a7, a7, 0x0
x17 <- 0xFFFFFFFFD0400000

mem[X,0x0000000080000350] -> 0x9893
mem[X,0x0000000080000352] -> 0x00B8
[217] [M]: 0x0000000080000350 (0x00B89893) slli a7, a7, 0xb
x17 <- 0xFFFFFE8200000000

mem[X,0x0000000080000354] -> 0x8893
mem[X,0x0000000080000356] -> 0x1C08
[218] [M]: 0x0000000080000354 (0x1C088893) addi a7, a7, 0x1c0
x17 <- 0xFFFFFE82000001C0

mem[X,0x0000000080000358] -> 0x9893
mem[X,0x000000008000035A] -> 0x00A8
[219] [M]: 0x0000000080000358 (0x00A89893) slli a7, a7, 0xa
x17 <- 0xFFFA080000070000

mem[X,0x000000008000035C] -> 0x8893
mem[X,0x000000008000035E] -> 0x0048
[220] [M]: 0x000000008000035C (0x00488893) addi a7, a7, 0x4
x17 <- 0xFFFA080000070004

mem[X,0x0000000080000360] -> 0x0937
mem[X,0x0000000080000362] -> 0xFFFD
[221] [M]: 0x0000000080000360 (0xFFFD0937) lui s2, -0x30
x18 <- 0xFFFFFFFFFFFD0000

mem[X,0x0000000080000364] -> 0x0913
mem[X,0x0000000080000366] -> 0xFBF9
[222] [M]: 0x0000000080000364 (0xFBF90913) addi s2, s2, -0x41
x18 <- 0xFFFFFFFFFFFCFFBF

mem[X,0x0000000080000368] -> 0x1913
mem[X,0x000000008000036A] -> 0x00B9
[223] [M]: 0x0000000080000368 (0x00B91913) slli s2, s2, 0xb
x18 <- 0xFFFFFFFFE7FDF800

mem[X,0x000000008000036C] -> 0x0913
mem[X,0x000000008000036E] -> 0x0409
[224] [M]: 0x000000008000036C (0x04090913) addi s2, s2, 0x40
x18 <- 0xFFFFFFFFE7FDF840

mem[X,0x0000000080000370] -> 0x1913
mem[X,0x0000000080000372] -> 0x00B9
[225] [M]: 0x0000000080000370 (0x00B91913) slli s2, s2, 0xb
x18 <- 0xFFFFFF3FEFC20000

mem[X,0x0000000080000374] -> 0x0913
mem[X,0x0000000080000376] -> 0x03E9
[226] [M]: 0x0000000080000374 (0x03E90913) addi s2, s2, 0x3e
x18 <- 0xFFFFFF3FEFC2003E

mem[X,0x0000000080000378] -> 0x1913
mem[X,0x000000008000037A] -> 0x00A9
[227] [M]: 0x0000000080000378 (0x00A91913) slli s2, s2, 0xa
x18 <- 0xFFFCFFBF0800F800

mem[X,0x000000008000037C] -> 0x0913
mem[X,0x000000008000037E] -> 0x3FF9
[228] [M]: 0x000000008000037C (0x3FF90913) addi s2, s2, 0x3ff
x18 <- 0xFFFCFFBF0800FBFF

mem[X,0x0000000080000380] -> 0xFB3B
mem[X,0x0000000080000382] -> 0x9D28
[229] [M]: 0x0000000080000380 (0x9D28FB3B) pmhraccu.h s6, a7, s2
x22 <- 0xDFF507F7FF7F0004

mem[X,0x0000000080000384] -> 0xB823
mem[X,0x0000000080000386] -> 0x0361
[230] [M]: 0x0000000080000384 (0x0361B823) sd s6, 0x30(gp)
mem[0x0000000080004148] <- 0xDFF507F7FF7F0004

mem[X,0x0000000080000388] -> 0x0F37
mem[X,0x000000008000038A] -> 0xFFF8
[231] [M]: 0x0000000080000388 (0xFFF80F37) lui t5, -0x80
x30 <- 0xFFFFFFFFFFF80000

mem[X,0x000000008000038C] -> 0x0F13
mem[X,0x000000008000038E] -> 0x006F
[232] [M]: 0x000000008000038C (0x006F0F13) addi t5, t5, 0x6
x30 <- 0xFFFFFFFFFFF80006

mem[X,0x0000000080000390] -> 0x1F13
mem[X,0x0000000080000392] -> 0x00BF
[233] [M]: 0x0000000080000390 (0x00BF1F13) slli t5, t5, 0xb
x30 <- 0xFFFFFFFFC0003000

mem[X,0x0000000080000394] -> 0x0F13
mem[X,0x0000000080000396] -> 0x040F
[234] [M]: 0x0000000080000394 (0x040F0F13) addi t5, t5, 0x40
x30 <- 0xFFFFFFFFC0003040

mem[X,0x0000000080000398] -> 0x1F13
mem[X,0x000000008000039A] -> 0x00BF
[235] [M]: 0x0000000080000398 (0x00BF1F13) slli t5, t5, 0xb
x30 <- 0xFFFFFE0001820000

mem[X,0x000000008000039C] -> 0x0F13
mem[X,0x000000008000039E] -> 0x000F
[236] [M]: 0x000000008000039C (0x000F0F13) addi t5, t5, 0x0
x30 <- 0xFFFFFE0001820000

mem[X,0x00000000800003A0] -> 0x1F13
mem[X,0x00000000800003A2] -> 0x00AF
[237] [M]: 0x00000000800003A0 (0x00AF1F13) slli t5, t5, 0xa
x30 <- 0xFFF8000608000000

mem[X,0x00000000800003A4] -> 0x0F13
mem[X,0x00000000800003A6] -> 0x008F
[238] [M]: 0x00000000800003A4 (0x008F0F13) addi t5, t5, 0x8
x30 <- 0xFFF8000608000008

mem[X,0x00000000800003A8] -> 0x0637
mem[X,0x00000000800003AA] -> 0xAAAA
[239] [M]: 0x00000000800003A8 (0xAAAA0637) lui a2, -0x55560
x12 <- 0xFFFFFFFFAAAA0000

mem[X,0x00000000800003AC] -> 0x0613
mem[X,0x00000000800003AE] -> 0x1006
[240] [M]: 0x00000000800003AC (0x10060613) addi a2, a2, 0x100
x12 <- 0xFFFFFFFFAAAA0100

mem[X,0x00000000800003B0] -> 0x1613
mem[X,0x00000000800003B2] -> 0x00B6
[241] [M]: 0x00000000800003B0 (0x00B61613) slli a2, a2, 0xb
x12 <- 0xFFFFFD5550080000

mem[X,0x00000000800003B4] -> 0x0613
mem[X,0x00000000800003B6] -> 0x7FF6
[242] [M]: 0x00000000800003B4 (0x7FF60613) addi a2, a2, 0x7ff
x12 <- 0xFFFFFD55500807FF

mem[X,0x00000000800003B8] -> 0x1613
mem[X,0x00000000800003BA] -> 0x00B6
[243] [M]: 0x00000000800003B8 (0x00B61613) slli a2, a2, 0xb
x12 <- 0xFFEAAA80403FF800

mem[X,0x00000000800003BC] -> 0x0613
mem[X,0x00000000800003BE] -> 0x3C06
[244] [M]: 0x00000000800003BC (0x3C060613) addi a2, a2, 0x3c0
x12 <- 0xFFEAAA80403FFBC0

mem[X,0x00000000800003C0] -> 0x1613
mem[X,0x00000000800003C2] -> 0x00A6
[245] [M]: 0x00000000800003C0 (0x00A61613) slli a2, a2, 0xa
x12 <- 0xAAAA0100FFEF0000

mem[X,0x00000000800003C4] -> 0x0613
mem[X,0x00000000800003C6] -> 0x0046
[246] [M]: 0x00000000800003C4 (0x00460613) addi a2, a2, 0x4
x12 <- 0xAAAA0100FFEF0004

mem[X,0x00000000800003C8] -> 0x75BB
mem[X,0x00000000800003CA] -> 0x9CCF
[247] [M]: 0x00000000800003C8 (0x9CCF75BB) pmhraccu.h a1, t5, a2
x11 <- 0xAAA5000007FF0000

mem[X,0x00000000800003CC] -> 0xBC23
mem[X,0x00000000800003CE] -> 0x02B1
[248] [M]: 0x00000000800003CC (0x02B1BC23) sd a1, 0x38(gp)
mem[0x0000000080004150] <- 0xAAA5000007FF0000

mem[X,0x00000000800003D0] -> 0x0337
mem[X,0x00000000800003D2] -> 0xFFFA
[249] [M]: 0x00000000800003D0 (0xFFFA0337) lui t1, -0x60
x6 <- 0xFFFFFFFFFFFA0000

mem[X,0x00000000800003D4] -> 0x0313
mem[X,0x00000000800003D6] -> 0xFFD3
[250] [M]: 0x00000000800003D4 (0xFFD30313) addi t1, t1, -0x3
x6 <- 0xFFFFFFFFFFF9FFFD

mem[X,0x00000000800003D8] -> 0x1313
mem[X,0x00000000800003DA] -> 0x00B3
[251] [M]: 0x00000000800003D8 (0x00B31313) slli t1, t1, 0xb
x6 <- 0xFFFFFFFFCFFFE800

mem[X,0x00000000800003DC] -> 0x0313
mem[X,0x00000000800003DE] -> 0x7FF3
[252] [M]: 0x00000000800003DC (0x7FF30313) addi t1, t1, 0x7ff
x6 <- 0xFFFFFFFFCFFFEFFF

mem[X,0x00000000800003E0] -> 0x1313
mem[X,0x00000000800003E2] -> 0x00B3
[253] [M]: 0x00000000800003E0 (0x00B31313) slli t1, t1, 0xb
x6 <- 0xFFFFFE7FFF7FF800

mem[X,0x00000000800003E4] -> 0x0313
mem[X,0x00000000800003E6] -> 0x7403
[254] [M]: 0x00000000800003E4 (0x74030313) addi t1, t1, 0x740
x6 <- 0xFFFFFE7FFF7FFF40

mem[X,0x00000000800003E8] -> 0x1313
mem[X,0x00000000800003EA] -> 0x00A3
[255] [M]: 0x00000000800003E8 (0x00A31313) slli t1, t1, 0xa
x6 <- 0xFFF9FFFDFFFD0000

mem[X,0x00000000800003EC] -> 0x0313
mem[X,0x00000000800003EE] -> 0x0103
[256] [M]: 0x00000000800003EC (0x01030313) addi t1, t1, 0x10
x6 <- 0xFFF9FFFDFFFD0010

mem[X,0x00000000800003F0] -> 0x03B7
mem[X,0x00000000800003F2] -> 0xFFFA
[257] [M]: 0x00000000800003F0 (0xFFFA03B7) lui t2, -0x60
x7 <- 0xFFFFFFFFFFFA0000

mem[X,0x00000000800003F4] -> 0x8393
mem[X,0x00000000800003F6] -> 0x0803
[258] [M]: 0x00000000800003F4 (0x08038393) addi t2, t2, 0x80
x7 <- 0xFFFFFFFFFFFA0080

mem[X,0x00000000800003F8] -> 0x9393
mem[X,0x00000000800003FA] -> 0x00B3
[259] [M]: 0x00000000800003F8 (0x00B39393) slli t2, t2, 0xb
x7 <- 0xFFFFFFFFD0040000

mem[X,0x00000000800003FC] -> 0x8393
mem[X,0x00000000800003FE] -> 0x0003
[260] [M]: 0x00000000800003FC (0x00038393) addi t2, t2, 0x0
x7 <- 0xFFFFFFFFD0040000

mem[X,0x0000000080000400] -> 0x9393
mem[X,0x0000000080000402] -> 0x00B3
[261] [M]: 0x0000000080000400 (0x00B39393) slli t2, t2, 0xb
x7 <- 0xFFFFFE8020000000

mem[X,0x0000000080000404] -> 0x8393
mem[X,0x0000000080000406] -> 0x13F3
[262] [M]: 0x0000000080000404 (0x13F38393) addi t2, t2, 0x13f
x7 <- 0xFFFFFE802000013F

mem[X,0x0000000080000408] -> 0x9393
mem[X,0x000000008000040A] -> 0x00A3
[263] [M]: 0x0000000080000408 (0x00A39393) slli t2, t2, 0xa
x7 <- 0xFFFA00800004FC00

mem[X,0x000000008000040C] -> 0x8393
mem[X,0x000000008000040E] -> 0x3F73
[264] [M]: 0x000000008000040C (0x3F738393) addi t2, t2, 0x3f7
x7 <- 0xFFFA00800004FFF7

mem[X,0x0000000080000410] -> 0x743B
mem[X,0x0000000080000412] -> 0x9C73
[265] [M]: 0x0000000080000410 (0x9C73743B) pmhraccu.h fp, t1, t2
x8 <- 0xFFEA0280000A0009

mem[X,0x0000000080000414] -> 0xB023
mem[X,0x0000000080000416] -> 0x0481
[266] [M]: 0x0000000080000414 (0x0481B023) sd fp, 0x40(gp)
mem[0x0000000080004158] <- 0xFFEA0280000A0009

mem[X,0x0000000080000418] -> 0x0D37
mem[X,0x000000008000041A] -> 0x1000
[267] [M]: 0x0000000080000418 (0x10000D37) lui s10, 0x10000
x26 <- 0x0000000010000000

mem[X,0x000000008000041C] -> 0x0D13
mem[X,0x000000008000041E] -> 0x006D
[268] [M]: 0x000000008000041C (0x006D0D13) addi s10, s10, 0x6
x26 <- 0x0000000010000006

mem[X,0x0000000080000420] -> 0x1D13
mem[X,0x0000000080000422] -> 0x00BD
[269] [M]: 0x0000000080000420 (0x00BD1D13) slli s10, s10, 0xb
x26 <- 0x0000008000003000

mem[X,0x0000000080000424] -> 0x0D13
mem[X,0x0000000080000426] -> 0x100D
[270] [M]: 0x0000000080000424 (0x100D0D13) addi s10, s10, 0x100
x26 <- 0x0000008000003100

mem[X,0x0000000080000428] -> 0x1D13
mem[X,0x000000008000042A] -> 0x00BD
[271] [M]: 0x0000000080000428 (0x00BD1D13) slli s10, s10, 0xb
x26 <- 0x0004000001880000

mem[X,0x000000008000042C] -> 0x0D13
mem[X,0x000000008000042E] -> 0x000D
[272] [M]: 0x000000008000042C (0x000D0D13) addi s10, s10, 0x0
x26 <- 0x0004000001880000

mem[X,0x0000000080000430] -> 0x1D13
mem[X,0x0000000080000432] -> 0x00AD
[273] [M]: 0x0000000080000430 (0x00AD1D13) slli s10, s10, 0xa
x26 <- 0x1000000620000000

mem[X,0x0000000080000434] -> 0x0D13
mem[X,0x0000000080000436] -> 0x020D
[274] [M]: 0x0000000080000434 (0x020D0D13) addi s10, s10, 0x20
x26 <- 0x1000000620000020

mem[X,0x0000000080000438] -> 0x02B7
mem[X,0x000000008000043A] -> 0x0081
[275] [M]: 0x0000000080000438 (0x008102B7) lui t0, 0x810
x5 <- 0x0000000000810000

mem[X,0x000000008000043C] -> 0x8293
mem[X,0x000000008000043E] -> 0xFFC2
[276] [M]: 0x000000008000043C (0xFFC28293) addi t0, t0, -0x4
x5 <- 0x000000000080FFFC

mem[X,0x0000000080000440] -> 0x9293
mem[X,0x0000000080000442] -> 0x00B2
[277] [M]: 0x0000000080000440 (0x00B29293) slli t0, t0, 0xb
x5 <- 0x0000000407FFE000

mem[X,0x0000000080000444] -> 0x8293
mem[X,0x0000000080000446] -> 0x1FF2
[278] [M]: 0x0000000080000444 (0x1FF28293) addi t0, t0, 0x1ff
x5 <- 0x0000000407FFE1FF

mem[X,0x0000000080000448] -> 0x9293
mem[X,0x000000008000044A] -> 0x00B2
[279] [M]: 0x0000000080000448 (0x00B29293) slli t0, t0, 0xb
x5 <- 0x0000203FFF0FF800

mem[X,0x000000008000044C] -> 0x8293
mem[X,0x000000008000044E] -> 0x7FF2
[280] [M]: 0x000000008000044C (0x7FF28293) addi t0, t0, 0x7ff
x5 <- 0x0000203FFF0FFFFF

mem[X,0x0000000080000450] -> 0x9293
mem[X,0x0000000080000452] -> 0x00A2
[281] [M]: 0x0000000080000450 (0x00A29293) slli t0, t0, 0xa
x5 <- 0x0080FFFC3FFFFC00

mem[X,0x0000000080000454] -> 0x8293
mem[X,0x0000000080000456] -> 0x3F62
[282] [M]: 0x0000000080000454 (0x3F628293) addi t0, t0, 0x3f6
x5 <- 0x0080FFFC3FFFFFF6

mem[X,0x0000000080000458] -> 0x763B
mem[X,0x000000008000045A] -> 0x9C5D
[283] [M]: 0x0000000080000458 (0x9C5D763B) pmhraccu.h a2, s10, t0
x12 <- 0xAAB2010607EF0024

mem[X,0x000000008000045C] -> 0xB423
mem[X,0x000000008000045E] -> 0x04C1
[284] [M]: 0x000000008000045C (0x04C1B423) sd a2, 0x48(gp)
mem[0x0000000080004160] <- 0xAAB2010607EF0024

mem[X,0x0000000080000460] -> 0x05B7
mem[X,0x0000000080000462] -> 0xFFE0
[285] [M]: 0x0000000080000460 (0xFFE005B7) lui a1, -0x200
x11 <- 0xFFFFFFFFFFE00000

mem[X,0x0000000080000464] -> 0x8593
mem[X,0x0000000080000466] -> 0xEFF5
[286] [M]: 0x0000000080000464 (0xEFF58593) addi a1, a1, -0x101
x11 <- 0xFFFFFFFFFFDFFEFF

mem[X,0x0000000080000468] -> 0x9593
mem[X,0x000000008000046A] -> 0x00B5
[287] [M]: 0x0000000080000468 (0x00B59593) slli a1, a1, 0xb
x11 <- 0xFFFFFFFEFFF7F800

mem[X,0x000000008000046C] -> 0x8593
mem[X,0x000000008000046E] -> 0x0205
[288] [M]: 0x000000008000046C (0x02058593) addi a1, a1, 0x20
x11 <- 0xFFFFFFFEFFF7F820

mem[X,0x0000000080000470] -> 0x9593
mem[X,0x0000000080000472] -> 0x00B5
[289] [M]: 0x0000000080000470 (0x00B59593) slli a1, a1, 0xb
x11 <- 0xFFFFF7FFBFC10000

mem[X,0x0000000080000474] -> 0x8593
mem[X,0x0000000080000476] -> 0x0005
[290] [M]: 0x0000000080000474 (0x00058593) addi a1, a1, 0x0
x11 <- 0xFFFFF7FFBFC10000

mem[X,0x0000000080000478] -> 0x9593
mem[X,0x000000008000047A] -> 0x00A5
[291] [M]: 0x0000000080000478 (0x00A59593) slli a1, a1, 0xa
x11 <- 0xFFDFFEFF04000000

mem[X,0x000000008000047C] -> 0x8593
mem[X,0x000000008000047E] -> 0x0405
[292] [M]: 0x000000008000047C (0x04058593) addi a1, a1, 0x40
x11 <- 0xFFDFFEFF04000040

mem[X,0x0000000080000480] -> 0x0F37
mem[X,0x0000000080000482] -> 0xFFFF
[293] [M]: 0x0000000080000480 (0xFFFF0F37) lui t5, -0x10
x30 <- 0xFFFFFFFFFFFF0000

mem[X,0x0000000080000484] -> 0x0F13
mem[X,0x0000000080000486] -> 0xDFFF
[294] [M]: 0x0000000080000484 (0xDFFF0F13) addi t5, t5, -0x201
x30 <- 0xFFFFFFFFFFFEFDFF

mem[X,0x0000000080000488] -> 0x1F13
mem[X,0x000000008000048A] -> 0x00BF
[295] [M]: 0x0000000080000488 (0x00BF1F13) slli t5, t5, 0xb
x30 <- 0xFFFFFFFFF7EFF800

mem[X,0x000000008000048C] -> 0x0F13
mem[X,0x000000008000048E] -> 0x3FFF
[296] [M]: 0x000000008000048C (0x3FFF0F13) addi t5, t5, 0x3ff
x30 <- 0xFFFFFFFFF7EFFBFF

mem[X,0x0000000080000490] -> 0x1F13
mem[X,0x0000000080000492] -> 0x00BF
[297] [M]: 0x0000000080000490 (0x00BF1F13) slli t5, t5, 0xb
x30 <- 0xFFFFFFBF7FDFF800

mem[X,0x0000000080000494] -> 0x0F13
mem[X,0x0000000080000496] -> 0x7C0F
[298] [M]: 0x0000000080000494 (0x7C0F0F13) addi t5, t5, 0x7c0
x30 <- 0xFFFFFFBF7FDFFFC0

mem[X,0x0000000080000498] -> 0x1F13
mem[X,0x000000008000049A] -> 0x00AF
[299] [M]: 0x0000000080000498 (0x00AF1F13) slli t5, t5, 0xa
x30 <- 0xFFFEFDFF7FFF0000

clint::tick mtime <- 0x0000000000000003
 clint timer pending at mtime 0x0000000000000003
htif::tick 0x0000000000000000
mem[X,0x000000008000049C] -> 0x0F13
mem[X,0x000000008000049E] -> 0x002F
[300] [M]: 0x000000008000049C (0x002F0F13) addi t5, t5, 0x2
x30 <- 0xFFFEFDFF7FFF0002

mem[X,0x00000000800004A0] -> 0xFBBB
mem[X,0x00000000800004A2] -> 0x9DE5
[301] [M]: 0x00000000800004A0 (0x9DE5FBBB) pmhraccu.h s7, a1, t5
x23 <- 0xFFDDFD0002003EAD

mem[X,0x00000000800004A4] -> 0xB823
mem[X,0x00000000800004A6] -> 0x0571
[302] [M]: 0x00000000800004A4 (0x0571B823) sd s7, 0x50(gp)
mem[0x0000000080004168] <- 0xFFDDFD0002003EAD

mem[X,0x00000000800004A8] -> 0x0737
mem[X,0x00000000800004AA] -> 0x0400
[303] [M]: 0x00000000800004A8 (0x04000737) lui a4, 0x4000
x14 <- 0x0000000004000000

mem[X,0x00000000800004AC] -> 0x0713
mem[X,0x00000000800004AE] -> 0x0037
[304] [M]: 0x00000000800004AC (0x00370713) addi a4, a4, 0x3
x14 <- 0x0000000004000003

mem[X,0x00000000800004B0] -> 0x1713
mem[X,0x00000000800004B2] -> 0x00B7
[305] [M]: 0x00000000800004B0 (0x00B71713) slli a4, a4, 0xb
x14 <- 0x0000002000001800

mem[X,0x00000000800004B4] -> 0x0713
mem[X,0x00000000800004B6] -> 0x7F77
[306] [M]: 0x00000000800004B4 (0x7F770713) addi a4, a4, 0x7f7
x14 <- 0x0000002000001FF7

mem[X,0x00000000800004B8] -> 0x1713
mem[X,0x00000000800004BA] -> 0x00B7
[307] [M]: 0x00000000800004B8 (0x00B71713) slli a4, a4, 0xb
x14 <- 0x0001000000FFB800

mem[X,0x00000000800004BC] -> 0x0713
mem[X,0x00000000800004BE] -> 0x7C07
[308] [M]: 0x00000000800004BC (0x7C070713) addi a4, a4, 0x7c0
x14 <- 0x0001000000FFBFC0

mem[X,0x00000000800004C0] -> 0x1713
mem[X,0x00000000800004C2] -> 0x00A7
[309] [M]: 0x00000000800004C0 (0x00A71713) slli a4, a4, 0xa
x14 <- 0x04000003FEFF0000

mem[X,0x00000000800004C4] -> 0x0713
mem[X,0x00000000800004C6] -> 0x0807
[310] [M]: 0x00000000800004C4 (0x08070713) addi a4, a4, 0x80
x14 <- 0x04000003FEFF0080

mem[X,0x00000000800004C8] -> 0x06B7
mem[X,0x00000000800004CA] -> 0x0000
[311] [M]: 0x00000000800004C8 (0x000006B7) lui a3, 0x0
x13 <- 0x0000000000000000

mem[X,0x00000000800004CC] -> 0x8693
mem[X,0x00000000800004CE] -> 0x0076
[312] [M]: 0x00000000800004CC (0x00768693) addi a3, a3, 0x7
x13 <- 0x0000000000000007

mem[X,0x00000000800004D0] -> 0x9693
mem[X,0x00000000800004D2] -> 0x00B6
[313] [M]: 0x00000000800004D0 (0x00B69693) slli a3, a3, 0xb
x13 <- 0x0000000000003800

mem[X,0x00000000800004D4] -> 0x8693
mem[X,0x00000000800004D6] -> 0x0006
[314] [M]: 0x00000000800004D4 (0x00068693) addi a3, a3, 0x0
x13 <- 0x0000000000003800

mem[X,0x00000000800004D8] -> 0x9693
mem[X,0x00000000800004DA] -> 0x00B6
[315] [M]: 0x00000000800004D8 (0x00B69693) slli a3, a3, 0xb
x13 <- 0x0000000001C00000

mem[X,0x00000000800004DC] -> 0x8693
mem[X,0x00000000800004DE] -> 0x1406
[316] [M]: 0x00000000800004DC (0x14068693) addi a3, a3, 0x140
x13 <- 0x0000000001C00140

mem[X,0x00000000800004E0] -> 0x9693
mem[X,0x00000000800004E2] -> 0x00A6
[317] [M]: 0x00000000800004E0 (0x00A69693) slli a3, a3, 0xa
x13 <- 0x0000000700050000

mem[X,0x00000000800004E4] -> 0x8693
mem[X,0x00000000800004E6] -> 0x0046
[318] [M]: 0x00000000800004E4 (0x00468693) addi a3, a3, 0x4
x13 <- 0x0000000700050004

mem[X,0x00000000800004E8] -> 0x753B
mem[X,0x00000000800004EA] -> 0x9CD7
[319] [M]: 0x00000000800004E8 (0x9CD7753B) pmhraccu.h a0, a4, a3
x10 <- 0x0000000000050001

mem[X,0x00000000800004EC] -> 0xBC23
mem[X,0x00000000800004EE] -> 0x04A1
[320] [M]: 0x00000000800004EC (0x04A1BC23) sd a0, 0x58(gp)
mem[0x0000000080004170] <- 0x0000000000050001

mem[X,0x00000000800004F0] -> 0xCBB7
mem[X,0x00000000800004F2] -> 0x0009
[321] [M]: 0x00000000800004F0 (0x0009CBB7) lui s7, 0x9c
x23 <- 0x000000000009C000

mem[X,0x00000000800004F4] -> 0x8B93
mem[X,0x00000000800004F6] -> 0xFFFB
[322] [M]: 0x00000000800004F4 (0xFFFB8B93) addi s7, s7, -0x1
x23 <- 0x000000000009BFFF

mem[X,0x00000000800004F8] -> 0x9B93
mem[X,0x00000000800004FA] -> 0x00BB
[323] [M]: 0x00000000800004F8 (0x00BB9B93) slli s7, s7, 0xb
x23 <- 0x000000004DFFF800

mem[X,0x00000000800004FC] -> 0x8B93
mem[X,0x00000000800004FE] -> 0x7FFB
[324] [M]: 0x00000000800004FC (0x7FFB8B93) addi s7, s7, 0x7ff
x23 <- 0x000000004DFFFFFF

mem[X,0x0000000080000500] -> 0x9B93
mem[X,0x0000000080000502] -> 0x00BB
[325] [M]: 0x0000000080000500 (0x00BB9B93) slli s7, s7, 0xb
x23 <- 0x0000026FFFFFF800

mem[X,0x0000000080000504] -> 0x8B93
mem[X,0x0000000080000506] -> 0x7C0B
[326] [M]: 0x0000000080000504 (0x7C0B8B93) addi s7, s7, 0x7c0
x23 <- 0x0000026FFFFFFFC0

mem[X,0x0000000080000508] -> 0x9B93
mem[X,0x000000008000050A] -> 0x00AB
[327] [M]: 0x0000000080000508 (0x00AB9B93) slli s7, s7, 0xa
x23 <- 0x0009BFFFFFFF0000

mem[X,0x000000008000050C] -> 0x8B93
mem[X,0x000000008000050E] -> 0x100B
[328] [M]: 0x000000008000050C (0x100B8B93) addi s7, s7, 0x100
x23 <- 0x0009BFFFFFFF0100

mem[X,0x0000000080000510] -> 0x4837
mem[X,0x0000000080000512] -> 0x0400
[329] [M]: 0x0000000080000510 (0x04004837) lui a6, 0x4004
x16 <- 0x0000000004004000

mem[X,0x0000000080000514] -> 0x0813
mem[X,0x0000000080000516] -> 0x0008
[330] [M]: 0x0000000080000514 (0x00080813) addi a6, a6, 0x0
x16 <- 0x0000000004004000

mem[X,0x0000000080000518] -> 0x1813
mem[X,0x000000008000051A] -> 0x00B8
[331] [M]: 0x0000000080000518 (0x00B81813) slli a6, a6, 0xb
x16 <- 0x0000002002000000

mem[X,0x000000008000051C] -> 0x0813
mem[X,0x000000008000051E] -> 0x0008
[332] [M]: 0x000000008000051C (0x00080813) addi a6, a6, 0x0
x16 <- 0x0000002002000000

mem[X,0x0000000080000520] -> 0x1813
mem[X,0x0000000080000522] -> 0x00B8
[333] [M]: 0x0000000080000520 (0x00B81813) slli a6, a6, 0xb
x16 <- 0x0001001000000000

mem[X,0x0000000080000524] -> 0x0813
mem[X,0x0000000080000526] -> 0x0848
[334] [M]: 0x0000000080000524 (0x08480813) addi a6, a6, 0x84
x16 <- 0x0001001000000084

mem[X,0x0000000080000528] -> 0x1813
mem[X,0x000000008000052A] -> 0x00A8
[335] [M]: 0x0000000080000528 (0x00A81813) slli a6, a6, 0xa
x16 <- 0x0400400000021000

mem[X,0x000000008000052C] -> 0xF0BB
mem[X,0x000000008000052E] -> 0x9D0B
[336] [M]: 0x000000008000052C (0x9D0BF0BB) pmhraccu.h ra, s7, a6
x1 <- 0xFEEDEEADFEEFBEBD

mem[X,0x0000000080000530] -> 0xB023
mem[X,0x0000000080000532] -> 0x0611
[337] [M]: 0x0000000080000530 (0x0611B023) sd ra, 0x60(gp)
mem[0x0000000080004178] <- 0xFEEDEEADFEEFBEBD

mem[X,0x0000000080000534] -> 0x4CB7
mem[X,0x0000000080000536] -> 0x0080
[338] [M]: 0x0000000080000534 (0x00804CB7) lui s9, 0x804
x25 <- 0x0000000000804000

mem[X,0x0000000080000538] -> 0x8C93
mem[X,0x000000008000053A] -> 0x000C
[339] [M]: 0x0000000080000538 (0x000C8C93) addi s9, s9, 0x0
x25 <- 0x0000000000804000

mem[X,0x000000008000053C] -> 0x9C93
mem[X,0x000000008000053E] -> 0x00BC
[340] [M]: 0x000000008000053C (0x00BC9C93) slli s9, s9, 0xb
x25 <- 0x0000000402000000

mem[X,0x0000000080000540] -> 0x8C93
mem[X,0x0000000080000542] -> 0x004C
[341] [M]: 0x0000000080000540 (0x004C8C93) addi s9, s9, 0x4
x25 <- 0x0000000402000004

mem[X,0x0000000080000544] -> 0x9C93
mem[X,0x0000000080000546] -> 0x00BC
[342] [M]: 0x0000000080000544 (0x00BC9C93) slli s9, s9, 0xb
x25 <- 0x0000201000002000

mem[X,0x0000000080000548] -> 0x8C93
mem[X,0x000000008000054A] -> 0x000C
[343] [M]: 0x0000000080000548 (0x000C8C93) addi s9, s9, 0x0
x25 <- 0x0000201000002000

mem[X,0x000000008000054C] -> 0x9C93
mem[X,0x000000008000054E] -> 0x00AC
[344] [M]: 0x000000008000054C (0x00AC9C93) slli s9, s9, 0xa
x25 <- 0x0080400000800000

mem[X,0x0000000080000550] -> 0x8C93
mem[X,0x0000000080000552] -> 0x200C
[345] [M]: 0x0000000080000550 (0x200C8C93) addi s9, s9, 0x200
x25 <- 0x0080400000800200

mem[X,0x0000000080000554] -> 0x0DB7
mem[X,0x0000000080000556] -> 0x0002
[346] [M]: 0x0000000080000554 (0x00020DB7) lui s11, 0x20
x27 <- 0x0000000000020000

mem[X,0x0000000080000558] -> 0x8D93
mem[X,0x000000008000055A] -> 0xFFFD
[347] [M]: 0x0000000080000558 (0xFFFD8D93) addi s11, s11, -0x1
x27 <- 0x000000000001FFFF

mem[X,0x000000008000055C] -> 0x9D93
mem[X,0x000000008000055E] -> 0x00BD
[348] [M]: 0x000000008000055C (0x00BD9D93) slli s11, s11, 0xb
x27 <- 0x000000000FFFF800

mem[X,0x0000000080000560] -> 0x8D93
mem[X,0x0000000080000562] -> 0x7FDD
[349] [M]: 0x0000000080000560 (0x7FDD8D93) addi s11, s11, 0x7fd
x27 <- 0x000000000FFFFFFD

mem[X,0x0000000080000564] -> 0x9D93
mem[X,0x0000000080000566] -> 0x00BD
[350] [M]: 0x0000000080000564 (0x00BD9D93) slli s11, s11, 0xb
x27 <- 0x0000007FFFFFE800

mem[X,0x0000000080000568] -> 0x8D93
mem[X,0x000000008000056A] -> 0x7FFD
[351] [M]: 0x0000000080000568 (0x7FFD8D93) addi s11, s11, 0x7ff
x27 <- 0x0000007FFFFFEFFF

mem[X,0x000000008000056C] -> 0x9D93
mem[X,0x000000008000056E] -> 0x00AD
[352] [M]: 0x000000008000056C (0x00AD9D93) slli s11, s11, 0xa
x27 <- 0x0001FFFFFFBFFC00

mem[X,0x0000000080000570] -> 0x8D93
mem[X,0x0000000080000572] -> 0x3F8D
[353] [M]: 0x0000000080000570 (0x3F8D8D93) addi s11, s11, 0x3f8
x27 <- 0x0001FFFFFFBFFFF8

mem[X,0x0000000080000574] -> 0xF8BB
mem[X,0x0000000080000576] -> 0x9DBC
[354] [M]: 0x0000000080000574 (0x9DBCF8BB) pmhraccu.h a7, s9, s11
x17 <- 0xFFFA480000870204

mem[X,0x0000000080000578] -> 0xB423
mem[X,0x000000008000057A] -> 0x0711
[355] [M]: 0x0000000080000578 (0x0711B423) sd a7, 0x68(gp)
mem[0x0000000080004180] <- 0xFFFA480000870204

mem[X,0x000000008000057C] -> 0x0DB7
mem[X,0x000000008000057E] -> 0x0002
[356] [M]: 0x000000008000057C (0x00020DB7) lui s11, 0x20
x27 <- 0x0000000000020000

mem[X,0x0000000080000580] -> 0x8D93
mem[X,0x0000000080000582] -> 0x003D
[357] [M]: 0x0000000080000580 (0x003D8D93) addi s11, s11, 0x3
x27 <- 0x0000000000020003

mem[X,0x0000000080000584] -> 0x9D93
mem[X,0x0000000080000586] -> 0x00BD
[358] [M]: 0x0000000080000584 (0x00BD9D93) slli s11, s11, 0xb
x27 <- 0x0000000010001800

mem[X,0x0000000080000588] -> 0x8D93
mem[X,0x000000008000058A] -> 0x7FFD
[359] [M]: 0x0000000080000588 (0x7FFD8D93) addi s11, s11, 0x7ff
x27 <- 0x0000000010001FFF

mem[X,0x000000008000058C] -> 0x9D93
mem[X,0x000000008000058E] -> 0x00BD
[360] [M]: 0x000000008000058C (0x00BD9D93) slli s11, s11, 0xb
x27 <- 0x0000008000FFF800

mem[X,0x0000000080000590] -> 0x8D93
mem[X,0x0000000080000592] -> 0x601D
[361] [M]: 0x0000000080000590 (0x601D8D93) addi s11, s11, 0x601
x27 <- 0x0000008000FFFE01

mem[X,0x0000000080000594] -> 0x9D93
mem[X,0x0000000080000596] -> 0x00AD
[362] [M]: 0x0000000080000594 (0x00AD9D93) slli s11, s11, 0xa
x27 <- 0x00020003FFF80400

mem[X,0x0000000080000598] -> 0x0537
mem[X,0x000000008000059A] -> 0xFFF7
[363] [M]: 0x0000000080000598 (0xFFF70537) lui a0, -0x90
x10 <- 0xFFFFFFFFFFF70000

mem[X,0x000000008000059C] -> 0x0513
mem[X,0x000000008000059E] -> 0xFBF5
[364] [M]: 0x000000008000059C (0xFBF50513) addi a0, a0, -0x41
x10 <- 0xFFFFFFFFFFF6FFBF

mem[X,0x00000000800005A0] -> 0x1513
mem[X,0x00000000800005A2] -> 0x00B5
[365] [M]: 0x00000000800005A0 (0x00B51513) slli a0, a0, 0xb
x10 <- 0xFFFFFFFFB7FDF800

mem[X,0x00000000800005A4] -> 0x0513
mem[X,0x00000000800005A6] -> 0x0005
[366] [M]: 0x00000000800005A4 (0x00050513) addi a0, a0, 0x0
x10 <- 0xFFFFFFFFB7FDF800

mem[X,0x00000000800005A8] -> 0x1513
mem[X,0x00000000800005AA] -> 0x00B5
[367] [M]: 0x00000000800005A8 (0x00B51513) slli a0, a0, 0xb
x10 <- 0xFFFFFDBFEFC00000

mem[X,0x00000000800005AC] -> 0x0513
mem[X,0x00000000800005AE] -> 0x0775
[368] [M]: 0x00000000800005AC (0x07750513) addi a0, a0, 0x77
x10 <- 0xFFFFFDBFEFC00077

mem[X,0x00000000800005B0] -> 0x1513
mem[X,0x00000000800005B2] -> 0x00A5
[369] [M]: 0x00000000800005B0 (0x00A51513) slli a0, a0, 0xa
x10 <- 0xFFF6FFBF0001DC00

mem[X,0x00000000800005B4] -> 0x0513
mem[X,0x00000000800005B6] -> 0x3FF5
[370] [M]: 0x00000000800005B4 (0x3FF50513) addi a0, a0, 0x3ff
x10 <- 0xFFF6FFBF0001DFFF

mem[X,0x00000000800005B8] -> 0xFCBB
mem[X,0x00000000800005BA] -> 0x9CAD
[371] [M]: 0x00000000800005B8 (0x9CADFCBB) pmhraccu.h s9, s11, a0
x25 <- 0x0082400300810580

mem[X,0x00000000800005BC] -> 0xB823
mem[X,0x00000000800005BE] -> 0x0791
[372] [M]: 0x00000000800005BC (0x0791B823) sd s9, 0x70(gp)
mem[0x0000000080004188] <- 0x0082400300810580

mem[X,0x00000000800005C0] -> 0x0AB7
mem[X,0x00000000800005C2] -> 0xFF7F
[373] [M]: 0x00000000800005C0 (0xFF7F0AB7) lui s5, -0x810
x21 <- 0xFFFFFFFFFF7F0000

mem[X,0x00000000800005C4] -> 0x8A93
mem[X,0x00000000800005C6] -> 0x000A
[374] [M]: 0x00000000800005C4 (0x000A8A93) addi s5, s5, 0x0
x21 <- 0xFFFFFFFFFF7F0000

mem[X,0x00000000800005C8] -> 0x9A93
mem[X,0x00000000800005CA] -> 0x00BA
[375] [M]: 0x00000000800005C8 (0x00BA9A93) slli s5, s5, 0xb
x21 <- 0xFFFFFFFBF8000000

mem[X,0x00000000800005CC] -> 0x8A93
mem[X,0x00000000800005CE] -> 0x7DFA
[376] [M]: 0x00000000800005CC (0x7DFA8A93) addi s5, s5, 0x7df
x21 <- 0xFFFFFFFBF80007DF

mem[X,0x00000000800005D0] -> 0x9A93
mem[X,0x00000000800005D2] -> 0x00BA
[377] [M]: 0x00000000800005D0 (0x00BA9A93) slli s5, s5, 0xb
x21 <- 0xFFFFDFC0003EF800

mem[X,0x00000000800005D4] -> 0x8A93
mem[X,0x00000000800005D6] -> 0x7C2A
[378] [M]: 0x00000000800005D4 (0x7C2A8A93) addi s5, s5, 0x7c2
x21 <- 0xFFFFDFC0003EFFC2

mem[X,0x00000000800005D8] -> 0x9A93
mem[X,0x00000000800005DA] -> 0x00AA
[379] [M]: 0x00000000800005D8 (0x00AA9A93) slli s5, s5, 0xa
x21 <- 0xFF7F0000FBFF0800

mem[X,0x00000000800005DC] -> 0xCC37
mem[X,0x00000000800005DE] -> 0x0200
[380] [M]: 0x00000000800005DC (0x0200CC37) lui s8, 0x200c
x24 <- 0x000000000200C000

mem[X,0x00000000800005E0] -> 0x0C13
mem[X,0x00000000800005E2] -> 0x000C
[381] [M]: 0x00000000800005E0 (0x000C0C13) addi s8, s8, 0x0
x24 <- 0x000000000200C000

mem[X,0x00000000800005E4] -> 0x1C13
mem[X,0x00000000800005E6] -> 0x00BC
[382] [M]: 0x00000000800005E4 (0x00BC1C13) slli s8, s8, 0xb
x24 <- 0x0000001006000000

mem[X,0x00000000800005E8] -> 0x0C13
mem[X,0x00000000800005EA] -> 0x600C
[383] [M]: 0x00000000800005E8 (0x600C0C13) addi s8, s8, 0x600
x24 <- 0x0000001006000600

mem[X,0x00000000800005EC] -> 0x1C13
mem[X,0x00000000800005EE] -> 0x00BC
[384] [M]: 0x00000000800005EC (0x00BC1C13) slli s8, s8, 0xb
x24 <- 0x0000803000300000

mem[X,0x00000000800005F0] -> 0x0C13
mem[X,0x00000000800005F2] -> 0x03FC
[385] [M]: 0x00000000800005F0 (0x03FC0C13) addi s8, s8, 0x3f
x24 <- 0x000080300030003F

mem[X,0x00000000800005F4] -> 0x1C13
mem[X,0x00000000800005F6] -> 0x00AC
[386] [M]: 0x00000000800005F4 (0x00AC1C13) slli s8, s8, 0xa
x24 <- 0x0200C000C000FC00

mem[X,0x00000000800005F8] -> 0x0C13
mem[X,0x00000000800005FA] -> 0x3F9C
[387] [M]: 0x00000000800005F8 (0x3F9C0C13) addi s8, s8, 0x3f9
x24 <- 0x0200C000C000FFF9

mem[X,0x00000000800005FC] -> 0xF4BB
mem[X,0x00000000800005FE] -> 0x9D8A
[388] [M]: 0x00000000800005FC (0x9D8AF4BB) pmhraccu.h s1, s5, s8
x9 <- 0x01FF0000BCFF08FE

mem[X,0x0000000080000600] -> 0xBC23
mem[X,0x0000000080000602] -> 0x0691
[389] [M]: 0x0000000080000600 (0x0691BC23) sd s1, 0x78(gp)
mem[0x0000000080004190] <- 0x01FF0000BCFF08FE

mem[X,0x0000000080000604] -> 0x0013
mem[X,0x0000000080000606] -> 0x0000
[390] [M]: 0x0000000080000604 (0x00000013) addi zero, zero, 0x0

mem[X,0x0000000080000608] -> 0x0013
mem[X,0x000000008000060A] -> 0x0000
[391] [M]: 0x0000000080000608 (0x00000013) addi zero, zero, 0x0

mem[X,0x000000008000060C] -> 0x0013
mem[X,0x000000008000060E] -> 0x0000
[392] [M]: 0x000000008000060C (0x00000013) addi zero, zero, 0x0

mem[X,0x0000000080000610] -> 0x0013
mem[X,0x0000000080000612] -> 0x0000
[393] [M]: 0x0000000080000610 (0x00000013) addi zero, zero, 0x0

mem[X,0x0000000080000614] -> 0x0013
mem[X,0x0000000080000616] -> 0x0000
[394] [M]: 0x0000000080000614 (0x00000013) addi zero, zero, 0x0

mem[X,0x0000000080000618] -> 0x0013
mem[X,0x000000008000061A] -> 0x0000
[395] [M]: 0x0000000080000618 (0x00000013) addi zero, zero, 0x0

mem[X,0x000000008000061C] -> 0x0013
mem[X,0x000000008000061E] -> 0x0000
[396] [M]: 0x000000008000061C (0x00000013) addi zero, zero, 0x0

mem[X,0x0000000080000620] -> 0x4117
mem[X,0x0000000080000622] -> 0x0000
[397] [M]: 0x0000000080000620 (0x00004117) auipc sp, 0x4
x2 <- 0x0000000080004620

mem[X,0x0000000080000624] -> 0x0113
mem[X,0x0000000080000626] -> 0xB781
[398] [M]: 0x0000000080000624 (0xB7810113) addi sp, sp, -0x488
x2 <- 0x0000000080004198

mem[X,0x0000000080000628] -> 0x0013
mem[X,0x000000008000062A] -> 0x0000
[399] [M]: 0x0000000080000628 (0x00000013) addi zero, zero, 0x0

clint::tick mtime <- 0x0000000000000004
 clint timer pending at mtime 0x0000000000000004
htif::tick 0x0000000000000000
mem[X,0x000000008000062C] -> 0x0013
mem[X,0x000000008000062E] -> 0x0000
[400] [M]: 0x000000008000062C (0x00000013) addi zero, zero, 0x0

mem[X,0x0000000080000630] -> 0x0013
mem[X,0x0000000080000632] -> 0x0000
[401] [M]: 0x0000000080000630 (0x00000013) addi zero, zero, 0x0

mem[X,0x0000000080000634] -> 0x0013
mem[X,0x0000000080000636] -> 0x0000
[402] [M]: 0x0000000080000634 (0x00000013) addi zero, zero, 0x0

mem[X,0x0000000080000638] -> 0x0013
mem[X,0x000000008000063A] -> 0x0000
[403] [M]: 0x0000000080000638 (0x00000013) addi zero, zero, 0x0

mem[X,0x000000008000063C] -> 0x0013
mem[X,0x000000008000063E] -> 0x0000
[404] [M]: 0x000000008000063C (0x00000013) addi zero, zero, 0x0

mem[X,0x0000000080000640] -> 0x53B7
mem[X,0x0000000080000642] -> 0x0004
[405] [M]: 0x0000000080000640 (0x000453B7) lui t2, 0x45
x7 <- 0x0000000000045000

mem[X,0x0000000080000644] -> 0x8393
mem[X,0x0000000080000646] -> 0x5553
[406] [M]: 0x0000000080000644 (0x55538393) addi t2, t2, 0x555
x7 <- 0x0000000000045555

mem[X,0x0000000080000648] -> 0x9393
mem[X,0x000000008000064A] -> 0x00B3
[407] [M]: 0x0000000080000648 (0x00B39393) slli t2, t2, 0xb
x7 <- 0x0000000022AAA800

mem[X,0x000000008000064C] -> 0x8393
mem[X,0x000000008000064E] -> 0x7FF3
[408] [M]: 0x000000008000064C (0x7FF38393) addi t2, t2, 0x7ff
x7 <- 0x0000000022AAAFFF

mem[X,0x0000000080000650] -> 0x9393
mem[X,0x0000000080000652] -> 0x00B3
[409] [M]: 0x0000000080000650 (0x00B39393) slli t2, t2, 0xb
x7 <- 0x00000115557FF800

mem[X,0x0000000080000654] -> 0x8393
mem[X,0x0000000080000656] -> 0x7043
[410] [M]: 0x0000000080000654 (0x70438393) addi t2, t2, 0x704
x7 <- 0x00000115557FFF04

mem[X,0x0000000080000658] -> 0x9393
mem[X,0x000000008000065A] -> 0x00A3
[411] [M]: 0x0000000080000658 (0x00A39393) slli t2, t2, 0xa
x7 <- 0x00045555FFFC1000

mem[X,0x000000008000065C] -> 0x04B7
mem[X,0x000000008000065E] -> 0x0000
[412] [M]: 0x000000008000065C (0x000004B7) lui s1, 0x0
x9 <- 0x0000000000000000

mem[X,0x0000000080000660] -> 0x8493
mem[X,0x0000000080000662] -> 0xDFF4
[413] [M]: 0x0000000080000660 (0xDFF48493) addi s1, s1, -0x201
x9 <- 0xFFFFFFFFFFFFFDFF

mem[X,0x0000000080000664] -> 0x9493
mem[X,0x0000000080000666] -> 0x00B4
[414] [M]: 0x0000000080000664 (0x00B49493) slli s1, s1, 0xb
x9 <- 0xFFFFFFFFFFEFF800

mem[X,0x0000000080000668] -> 0x8493
mem[X,0x000000008000066A] -> 0x7FF4
[415] [M]: 0x0000000080000668 (0x7FF48493) addi s1, s1, 0x7ff
x9 <- 0xFFFFFFFFFFEFFFFF

mem[X,0x000000008000066C] -> 0x9493
mem[X,0x000000008000066E] -> 0x00B4
[416] [M]: 0x000000008000066C (0x00B49493) slli s1, s1, 0xb
x9 <- 0xFFFFFFFF7FFFF800

mem[X,0x0000000080000670] -> 0x8493
mem[X,0x0000000080000672] -> 0x6804
[417] [M]: 0x0000000080000670 (0x68048493) addi s1, s1, 0x680
x9 <- 0xFFFFFFFF7FFFFE80

mem[X,0x0000000080000674] -> 0x9493
mem[X,0x0000000080000676] -> 0x00A4
[418] [M]: 0x0000000080000674 (0x00A49493) slli s1, s1, 0xa
x9 <- 0xFFFFFDFFFFFA0000

mem[X,0x0000000080000678] -> 0x8493
mem[X,0x000000008000067A] -> 0x1004
[419] [M]: 0x0000000080000678 (0x10048493) addi s1, s1, 0x100
x9 <- 0xFFFFFDFFFFFA0100

mem[X,0x000000008000067C] -> 0xF1BB
mem[X,0x000000008000067E] -> 0x9C93
[420] [M]: 0x000000008000067C (0x9C93F1BB) pmhraccu.h gp, t2, s1
x3 <- 0x000454AA7FF64128

mem[X,0x0000000080000680] -> 0x3023
mem[X,0x0000000080000682] -> 0x0031
[421] [M]: 0x0000000080000680 (0x00313023) sd gp, 0x0(sp)
mem[0x0000000080004198] <- 0x000454AA7FF64128

mem[X,0x0000000080000684] -> 0x0537
mem[X,0x0000000080000686] -> 0xFBFF
[422] [M]: 0x0000000080000684 (0xFBFF0537) lui a0, -0x4010
x10 <- 0xFFFFFFFFFBFF0000

mem[X,0x0000000080000688] -> 0x0513
mem[X,0x000000008000068A] -> 0x0805
[423] [M]: 0x0000000080000688 (0x08050513) addi a0, a0, 0x80
x10 <- 0xFFFFFFFFFBFF0080

mem[X,0x000000008000068C] -> 0x1513
mem[X,0x000000008000068E] -> 0x00B5
[424] [M]: 0x000000008000068C (0x00B51513) slli a0, a0, 0xb
x10 <- 0xFFFFFFDFF8040000

mem[X,0x0000000080000690] -> 0x0513
mem[X,0x0000000080000692] -> 0x6005
[425] [M]: 0x0000000080000690 (0x60050513) addi a0, a0, 0x600
x10 <- 0xFFFFFFDFF8040600

mem[X,0x0000000080000694] -> 0x1513
mem[X,0x0000000080000696] -> 0x00B5
[426] [M]: 0x0000000080000694 (0x00B51513) slli a0, a0, 0xb
x10 <- 0xFFFEFFC020300000

mem[X,0x0000000080000698] -> 0x0513
mem[X,0x000000008000069A] -> 0x0085
[427] [M]: 0x0000000080000698 (0x00850513) addi a0, a0, 0x8
x10 <- 0xFFFEFFC020300008

mem[X,0x000000008000069C] -> 0x1513
mem[X,0x000000008000069E] -> 0x00A5
[428] [M]: 0x000000008000069C (0x00A51513) slli a0, a0, 0xa
x10 <- 0xFBFF0080C0002000

mem[X,0x00000000800006A0] -> 0x07B7
mem[X,0x00000000800006A2] -> 0x0000
[429] [M]: 0x00000000800006A0 (0x000007B7) lui a5, 0x0
x15 <- 0x0000000000000000

mem[X,0x00000000800006A4] -> 0x8793
mem[X,0x00000000800006A6] -> 0xFFC7
[430] [M]: 0x00000000800006A4 (0xFFC78793) addi a5, a5, -0x4
x15 <- 0xFFFFFFFFFFFFFFFC

mem[X,0x00000000800006A8] -> 0x9793
mem[X,0x00000000800006AA] -> 0x00B7
[431] [M]: 0x00000000800006A8 (0x00B79793) slli a5, a5, 0xb
x15 <- 0xFFFFFFFFFFFFE000

mem[X,0x00000000800006AC] -> 0x8793
mem[X,0x00000000800006AE] -> 0x1007
[432] [M]: 0x00000000800006AC (0x10078793) addi a5, a5, 0x100
x15 <- 0xFFFFFFFFFFFFE100

mem[X,0x00000000800006B0] -> 0x9793
mem[X,0x00000000800006B2] -> 0x00B7
[433] [M]: 0x00000000800006B0 (0x00B79793) slli a5, a5, 0xb
x15 <- 0xFFFFFFFFFF080000

mem[X,0x00000000800006B4] -> 0x8793
mem[X,0x00000000800006B6] -> 0x03F7
[434] [M]: 0x00000000800006B4 (0x03F78793) addi a5, a5, 0x3f
x15 <- 0xFFFFFFFFFF08003F

mem[X,0x00000000800006B8] -> 0x9793
mem[X,0x00000000800006BA] -> 0x00A7
[435] [M]: 0x00000000800006B8 (0x00A79793) slli a5, a5, 0xa
x15 <- 0xFFFFFFFC2000FC00

mem[X,0x00000000800006BC] -> 0x8793
mem[X,0x00000000800006BE] -> 0x3FF7
[436] [M]: 0x00000000800006BC (0x3FF78793) addi a5, a5, 0x3ff
x15 <- 0xFFFFFFFC2000FFFF

mem[X,0x00000000800006C0] -> 0x7FBB
mem[X,0x00000000800006C2] -> 0x9CF5
[437] [M]: 0x00000000800006C0 (0x9CF57FBB) pmhraccu.h t6, a0, a5
x31 <- 0xFBFE008018002000

mem[X,0x00000000800006C4] -> 0x3423
mem[X,0x00000000800006C6] -> 0x01F1
[438] [M]: 0x00000000800006C4 (0x01F13423) sd t6, 0x8(sp)
mem[0x00000000800041A0] <- 0xFBFE008018002000

mem[X,0x00000000800006C8] -> 0x1E37
mem[X,0x00000000800006CA] -> 0x0010
[439] [M]: 0x00000000800006C8 (0x00101E37) lui t3, 0x101
x28 <- 0x0000000000101000

mem[X,0x00000000800006CC] -> 0x0E13
mem[X,0x00000000800006CE] -> 0x800E
[440] [M]: 0x00000000800006CC (0x800E0E13) addi t3, t3, -0x800
x28 <- 0x0000000000100800

mem[X,0x00000000800006D0] -> 0x1E13
mem[X,0x00000000800006D2] -> 0x00BE
[441] [M]: 0x00000000800006D0 (0x00BE1E13) slli t3, t3, 0xb
x28 <- 0x0000000080400000

mem[X,0x00000000800006D4] -> 0x0E13
mem[X,0x00000000800006D6] -> 0x020E
[442] [M]: 0x00000000800006D4 (0x020E0E13) addi t3, t3, 0x20
x28 <- 0x0000000080400020

mem[X,0x00000000800006D8] -> 0x1E13
mem[X,0x00000000800006DA] -> 0x00BE
[443] [M]: 0x00000000800006D8 (0x00BE1E13) slli t3, t3, 0xb
x28 <- 0x0000040200010000

mem[X,0x00000000800006DC] -> 0x0E13
mem[X,0x00000000800006DE] -> 0x010E
[444] [M]: 0x00000000800006DC (0x010E0E13) addi t3, t3, 0x10
x28 <- 0x0000040200010010

mem[X,0x00000000800006E0] -> 0x1E13
mem[X,0x00000000800006E2] -> 0x00AE
[445] [M]: 0x00000000800006E0 (0x00AE1E13) slli t3, t3, 0xa
x28 <- 0x0010080004004000

mem[X,0x00000000800006E4] -> 0x0A37
mem[X,0x00000000800006E6] -> 0x0200
[446] [M]: 0x00000000800006E4 (0x02000A37) lui s4, 0x2000
x20 <- 0x0000000002000000

mem[X,0x00000000800006E8] -> 0x0A13
mem[X,0x00000000800006EA] -> 0x008A
[447] [M]: 0x00000000800006E8 (0x008A0A13) addi s4, s4, 0x8
x20 <- 0x0000000002000008

mem[X,0x00000000800006EC] -> 0x1A13
mem[X,0x00000000800006EE] -> 0x00BA
[448] [M]: 0x00000000800006EC (0x00BA1A13) slli s4, s4, 0xb
x20 <- 0x0000001000004000

mem[X,0x00000000800006F0] -> 0x0A13
mem[X,0x00000000800006F2] -> 0x6FFA
[449] [M]: 0x00000000800006F0 (0x6FFA0A13) addi s4, s4, 0x6ff
x20 <- 0x00000010000046FF

mem[X,0x00000000800006F4] -> 0x1A13
mem[X,0x00000000800006F6] -> 0x00BA
[450] [M]: 0x00000000800006F4 (0x00BA1A13) slli s4, s4, 0xb
x20 <- 0x000080000237F800

mem[X,0x00000000800006F8] -> 0x0A13
mem[X,0x00000000800006FA] -> 0x7FFA
[451] [M]: 0x00000000800006F8 (0x7FFA0A13) addi s4, s4, 0x7ff
x20 <- 0x000080000237FFFF

mem[X,0x00000000800006FC] -> 0x1A13
mem[X,0x00000000800006FE] -> 0x00AA
[452] [M]: 0x00000000800006FC (0x00AA1A13) slli s4, s4, 0xa
x20 <- 0x02000008DFFFFC00

mem[X,0x0000000080000700] -> 0x0A13
mem[X,0x0000000080000702] -> 0x3FEA
[453] [M]: 0x0000000080000700 (0x3FEA0A13) addi s4, s4, 0x3fe
x20 <- 0x02000008DFFFFFFE

mem[X,0x0000000080000704] -> 0x7D3B
mem[X,0x0000000080000706] -> 0x9D4E
[454] [M]: 0x0000000080000704 (0x9D4E7D3B) pmhraccu.h s10, t3, s4
x26 <- 0x1000000623804020

mem[X,0x0000000080000708] -> 0x3823
mem[X,0x000000008000070A] -> 0x01A1
[455] [M]: 0x0000000080000708 (0x01A13823) sd s10, 0x10(sp)
mem[0x00000000800041A8] <- 0x1000000623804020

mem[X,0x000000008000070C] -> 0x01B7
mem[X,0x000000008000070E] -> 0x0801
[456] [M]: 0x000000008000070C (0x080101B7) lui gp, 0x8010
x3 <- 0x0000000008010000

mem[X,0x0000000080000710] -> 0x8193
mem[X,0x0000000080000712] -> 0xBFF1
[457] [M]: 0x0000000080000710 (0xBFF18193) addi gp, gp, -0x401
x3 <- 0x000000000800FBFF

mem[X,0x0000000080000714] -> 0x9193
mem[X,0x0000000080000716] -> 0x00B1
[458] [M]: 0x0000000080000714 (0x00B19193) slli gp, gp, 0xb
x3 <- 0x0000004007DFF800

mem[X,0x0000000080000718] -> 0x8193
mem[X,0x000000008000071A] -> 0x5551
[459] [M]: 0x0000000080000718 (0x55518193) addi gp, gp, 0x555
x3 <- 0x0000004007DFFD55

mem[X,0x000000008000071C] -> 0x9193
mem[X,0x000000008000071E] -> 0x00B1
[460] [M]: 0x000000008000071C (0x00B19193) slli gp, gp, 0xb
x3 <- 0x0002003EFFEAA800

mem[X,0x0000000080000720] -> 0x8193
mem[X,0x0000000080000722] -> 0x2BF1
[461] [M]: 0x0000000080000720 (0x2BF18193) addi gp, gp, 0x2bf
x3 <- 0x0002003EFFEAAABF

mem[X,0x0000000080000724] -> 0x9193
mem[X,0x0000000080000726] -> 0x00A1
[462] [M]: 0x0000000080000724 (0x00A19193) slli gp, gp, 0xa
x3 <- 0x0800FBFFAAAAFC00

mem[X,0x0000000080000728] -> 0x8193
mem[X,0x000000008000072A] -> 0x3FE1
[463] [M]: 0x0000000080000728 (0x3FE18193) addi gp, gp, 0x3fe
x3 <- 0x0800FBFFAAAAFFFE

mem[X,0x000000008000072C] -> 0x08B7
mem[X,0x000000008000072E] -> 0x0040
[464] [M]: 0x000000008000072C (0x004008B7) lui a7, 0x400
x17 <- 0x0000000000400000

mem[X,0x0000000080000730] -> 0x8893
mem[X,0x0000000080000732] -> 0x0208
[465] [M]: 0x0000000080000730 (0x02088893) addi a7, a7, 0x20
x17 <- 0x0000000000400020

mem[X,0x0000000080000734] -> 0x9893
mem[X,0x0000000080000736] -> 0x00B8
[466] [M]: 0x0000000080000734 (0x00B89893) slli a7, a7, 0xb
x17 <- 0x0000000200010000

mem[X,0x0000000080000738] -> 0x8893
mem[X,0x000000008000073A] -> 0x0008
[467] [M]: 0x0000000080000738 (0x00088893) addi a7, a7, 0x0
x17 <- 0x0000000200010000

mem[X,0x000000008000073C] -> 0x9893
mem[X,0x000000008000073E] -> 0x00B8
[468] [M]: 0x000000008000073C (0x00B89893) slli a7, a7, 0xb
x17 <- 0x0000100008000000

mem[X,0x0000000080000740] -> 0x8893
mem[X,0x0000000080000742] -> 0x03F8
[469] [M]: 0x0000000080000740 (0x03F88893) addi a7, a7, 0x3f
x17 <- 0x000010000800003F

mem[X,0x0000000080000744] -> 0x9893
mem[X,0x0000000080000746] -> 0x00A8
[470] [M]: 0x0000000080000744 (0x00A89893) slli a7, a7, 0xa
x17 <- 0x004000200000FC00

mem[X,0x0000000080000748] -> 0x8893
mem[X,0x000000008000074A] -> 0x3F98
[471] [M]: 0x0000000080000748 (0x3F988893) addi a7, a7, 0x3f9
x17 <- 0x004000200000FFF9

mem[X,0x000000008000074C] -> 0xF9BB
mem[X,0x000000008000074E] -> 0x9D11
[472] [M]: 0x000000008000074C (0x9D11F9BB) pmhraccu.h s3, gp, a7
x19 <- 0x00020409DFEEDBE1

mem[X,0x0000000080000750] -> 0x3C23
mem[X,0x0000000080000752] -> 0x0131
[473] [M]: 0x0000000080000750 (0x01313C23) sd s3, 0x18(sp)
mem[0x00000000800041B0] <- 0x00020409DFEEDBE1

mem[X,0x0000000080000754] -> 0x0437
mem[X,0x0000000080000756] -> 0x2001
[474] [M]: 0x0000000080000754 (0x20010437) lui fp, 0x20010
x8 <- 0x0000000020010000

mem[X,0x0000000080000758] -> 0x0413
mem[X,0x000000008000075A] -> 0xFFA4
[475] [M]: 0x0000000080000758 (0xFFA40413) addi fp, fp, -0x6
x8 <- 0x000000002000FFFA

mem[X,0x000000008000075C] -> 0x1413
mem[X,0x000000008000075E] -> 0x00B4
[476] [M]: 0x000000008000075C (0x00B41413) slli fp, fp, 0xb
x8 <- 0x0000010007FFD000

mem[X,0x0000000080000760] -> 0x0413
mem[X,0x0000000080000762] -> 0x7FF4
[477] [M]: 0x0000000080000760 (0x7FF40413) addi fp, fp, 0x7ff
x8 <- 0x0000010007FFD7FF

mem[X,0x0000000080000764] -> 0x1413
mem[X,0x0000000080000766] -> 0x00B4
[478] [M]: 0x0000000080000764 (0x00B41413) slli fp, fp, 0xb
x8 <- 0x0008003FFEBFF800

mem[X,0x0000000080000768] -> 0x0413
mem[X,0x000000008000076A] -> 0x5FF4
[479] [M]: 0x0000000080000768 (0x5FF40413) addi fp, fp, 0x5ff
x8 <- 0x0008003FFEBFFDFF

mem[X,0x000000008000076C] -> 0x1413
mem[X,0x000000008000076E] -> 0x00A4
[480] [M]: 0x000000008000076C (0x00A41413) slli fp, fp, 0xa
x8 <- 0x2000FFFAFFF7FC00

mem[X,0x0000000080000770] -> 0x0413
mem[X,0x0000000080000772] -> 0x3FD4
[481] [M]: 0x0000000080000770 (0x3FD40413) addi fp, fp, 0x3fd
x8 <- 0x2000FFFAFFF7FFFD

mem[X,0x0000000080000774] -> 0x0AB7
mem[X,0x0000000080000776] -> 0x0000
[482] [M]: 0x0000000080000774 (0x00000AB7) lui s5, 0x0
x21 <- 0x0000000000000000

mem[X,0x0000000080000778] -> 0x8A93
mem[X,0x000000008000077A] -> 0x080A
[483] [M]: 0x0000000080000778 (0x080A8A93) addi s5, s5, 0x80
x21 <- 0x0000000000000080

mem[X,0x000000008000077C] -> 0x9A93
mem[X,0x000000008000077E] -> 0x00BA
[484] [M]: 0x000000008000077C (0x00BA9A93) slli s5, s5, 0xb
x21 <- 0x0000000000040000

mem[X,0x0000000080000780] -> 0x8A93
mem[X,0x0000000080000782] -> 0x555A
[485] [M]: 0x0000000080000780 (0x555A8A93) addi s5, s5, 0x555
x21 <- 0x0000000000040555

mem[X,0x0000000080000784] -> 0x9A93
mem[X,0x0000000080000786] -> 0x00BA
[486] [M]: 0x0000000080000784 (0x00BA9A93) slli s5, s5, 0xb
x21 <- 0x00000000202AA800

mem[X,0x0000000080000788] -> 0x8A93
mem[X,0x000000008000078A] -> 0x2BFA
[487] [M]: 0x0000000080000788 (0x2BFA8A93) addi s5, s5, 0x2bf
x21 <- 0x00000000202AAABF

mem[X,0x000000008000078C] -> 0x9A93
mem[X,0x000000008000078E] -> 0x00AA
[488] [M]: 0x000000008000078C (0x00AA9A93) slli s5, s5, 0xa
x21 <- 0x00000080AAAAFC00

mem[X,0x0000000080000790] -> 0x8A93
mem[X,0x0000000080000792] -> 0x3DFA
[489] [M]: 0x0000000080000790 (0x3DFA8A93) addi s5, s5, 0x3df
x21 <- 0x00000080AAAAFFDF

mem[X,0x0000000080000794] -> 0x72BB
mem[X,0x0000000080000796] -> 0x9D54
[490] [M]: 0x0000000080000794 (0x9D5472BB) pmhraccu.h t0, fp, s5
x5 <- 0x0080007CEAA3FFD2

mem[X,0x0000000080000798] -> 0x3023
mem[X,0x000000008000079A] -> 0x0251
[491] [M]: 0x0000000080000798 (0x02513023) sd t0, 0x20(sp)
mem[0x00000000800041B8] <- 0x0080007CEAA3FFD2

mem[X,0x000000008000079C] -> 0x04B7
mem[X,0x000000008000079E] -> 0x0002
[492] [M]: 0x000000008000079C (0x000204B7) lui s1, 0x20
x9 <- 0x0000000000020000

mem[X,0x00000000800007A0] -> 0x8493
mem[X,0x00000000800007A2] -> 0x0044
[493] [M]: 0x00000000800007A0 (0x00448493) addi s1, s1, 0x4
x9 <- 0x0000000000020004

mem[X,0x00000000800007A4] -> 0x9493
mem[X,0x00000000800007A6] -> 0x00B4
[494] [M]: 0x00000000800007A4 (0x00B49493) slli s1, s1, 0xb
x9 <- 0x0000000010002000

mem[X,0x00000000800007A8] -> 0x8493
mem[X,0x00000000800007AA] -> 0x4004
[495] [M]: 0x00000000800007A8 (0x40048493) addi s1, s1, 0x400
x9 <- 0x0000000010002400

mem[X,0x00000000800007AC] -> 0x9493
mem[X,0x00000000800007AE] -> 0x00B4
[496] [M]: 0x00000000800007AC (0x00B49493) slli s1, s1, 0xb
x9 <- 0x0000008001200000

mem[X,0x00000000800007B0] -> 0x8493
mem[X,0x00000000800007B2] -> 0x03F4
[497] [M]: 0x00000000800007B0 (0x03F48493) addi s1, s1, 0x3f
x9 <- 0x000000800120003F

mem[X,0x00000000800007B4] -> 0x9493
mem[X,0x00000000800007B6] -> 0x00A4
[498] [M]: 0x00000000800007B4 (0x00A49493) slli s1, s1, 0xa
x9 <- 0x000200048000FC00

mem[X,0x00000000800007B8] -> 0x8493
mem[X,0x00000000800007BA] -> 0x3FB4
[499] [M]: 0x00000000800007B8 (0x3FB48493) addi s1, s1, 0x3fb
x9 <- 0x000200048000FFFB

clint::tick mtime <- 0x0000000000000005
 clint timer pending at mtime 0x0000000000000005
htif::tick 0x0000000000000000
mem[X,0x00000000800007BC] -> 0xFEB7
mem[X,0x00000000800007BE] -> 0xFFFC
[500] [M]: 0x00000000800007BC (0xFFFCFEB7) lui t4, -0x31
x29 <- 0xFFFFFFFFFFFCF000

mem[X,0x00000000800007C0] -> 0x8E93
mem[X,0x00000000800007C2] -> 0xFFFE
[501] [M]: 0x00000000800007C0 (0xFFFE8E93) addi t4, t4, -0x1
x29 <- 0xFFFFFFFFFFFCEFFF

mem[X,0x00000000800007C4] -> 0x9E93
mem[X,0x00000000800007C6] -> 0x00BE
[502] [M]: 0x00000000800007C4 (0x00BE9E93) slli t4, t4, 0xb
x29 <- 0xFFFFFFFFE77FF800

mem[X,0x00000000800007C8] -> 0x8E93
mem[X,0x00000000800007CA] -> 0x040E
[503] [M]: 0x00000000800007C8 (0x040E8E93) addi t4, t4, 0x40
x29 <- 0xFFFFFFFFE77FF840

mem[X,0x00000000800007CC] -> 0x9E93
mem[X,0x00000000800007CE] -> 0x00BE
[504] [M]: 0x00000000800007CC (0x00BE9E93) slli t4, t4, 0xb
x29 <- 0xFFFFFF3BFFC20000

mem[X,0x00000000800007D0] -> 0x8E93
mem[X,0x00000000800007D2] -> 0x000E
[505] [M]: 0x00000000800007D0 (0x000E8E93) addi t4, t4, 0x0
x29 <- 0xFFFFFF3BFFC20000

mem[X,0x00000000800007D4] -> 0x9E93
mem[X,0x00000000800007D6] -> 0x00AE
[506] [M]: 0x00000000800007D4 (0x00AE9E93) slli t4, t4, 0xa
x29 <- 0xFFFCEFFF08000000

mem[X,0x00000000800007D8] -> 0x8E93
mem[X,0x00000000800007DA] -> 0x006E
[507] [M]: 0x00000000800007D8 (0x006E8E93) addi t4, t4, 0x6
x29 <- 0xFFFCEFFF08000006

mem[X,0x00000000800007DC] -> 0xF33B
mem[X,0x00000000800007DE] -> 0x9DD4
[508] [M]: 0x00000000800007DC (0x9DD4F33B) pmhraccu.h t1, s1, t4
x6 <- 0xFFFB000103FD0016

mem[X,0x00000000800007E0] -> 0x3423
mem[X,0x00000000800007E2] -> 0x0261
[509] [M]: 0x00000000800007E0 (0x02613423) sd t1, 0x28(sp)
mem[0x00000000800041C0] <- 0xFFFB000103FD0016

mem[X,0x00000000800007E4] -> 0x00B7
mem[X,0x00000000800007E6] -> 0xC000
[510] [M]: 0x00000000800007E4 (0xC00000B7) lui ra, -0x40000
x1 <- 0xFFFFFFFFC0000000

mem[X,0x00000000800007E8] -> 0x8093
mem[X,0x00000000800007EA] -> 0x0400
[511] [M]: 0x00000000800007E8 (0x04008093) addi ra, ra, 0x40
x1 <- 0xFFFFFFFFC0000040

mem[X,0x00000000800007EC] -> 0x9093
mem[X,0x00000000800007EE] -> 0x00B0
[512] [M]: 0x00000000800007EC (0x00B09093) slli ra, ra, 0xb
x1 <- 0xFFFFFE0000020000

mem[X,0x00000000800007F0] -> 0x8093
mem[X,0x00000000800007F2] -> 0x0400
[513] [M]: 0x00000000800007F0 (0x04008093) addi ra, ra, 0x40
x1 <- 0xFFFFFE0000020040

mem[X,0x00000000800007F4] -> 0x9093
mem[X,0x00000000800007F6] -> 0x00B0
[514] [M]: 0x00000000800007F4 (0x00B09093) slli ra, ra, 0xb
x1 <- 0xFFF0000010020000

mem[X,0x00000000800007F8] -> 0x8093
mem[X,0x00000000800007FA] -> 0x03F0
[515] [M]: 0x00000000800007F8 (0x03F08093) addi ra, ra, 0x3f
x1 <- 0xFFF000001002003F

mem[X,0x00000000800007FC] -> 0x9093
mem[X,0x00000000800007FE] -> 0x00A0
[516] [M]: 0x00000000800007FC (0x00A09093) slli ra, ra, 0xa
x1 <- 0xC00000400800FC00

mem[X,0x0000000080000800] -> 0x8093
mem[X,0x0000000080000802] -> 0x3F70
[517] [M]: 0x0000000080000800 (0x3F708093) addi ra, ra, 0x3f7
x1 <- 0xC00000400800FFF7

mem[X,0x0000000080000804] -> 0x4BB7
mem[X,0x0000000080000806] -> 0x3FFF
[518] [M]: 0x0000000080000804 (0x3FFF4BB7) lui s7, 0x3fff4
x23 <- 0x000000003FFF4000

mem[X,0x0000000080000808] -> 0x8B93
mem[X,0x000000008000080A] -> 0xFFFB
[519] [M]: 0x0000000080000808 (0xFFFB8B93) addi s7, s7, -0x1
x23 <- 0x000000003FFF3FFF

mem[X,0x000000008000080C] -> 0x9B93
mem[X,0x000000008000080E] -> 0x00BB
[520] [M]: 0x000000008000080C (0x00BB9B93) slli s7, s7, 0xb
x23 <- 0x000001FFF9FFF800

mem[X,0x0000000080000810] -> 0x8B93
mem[X,0x0000000080000812] -> 0x7FFB
[521] [M]: 0x0000000080000810 (0x7FFB8B93) addi s7, s7, 0x7ff
x23 <- 0x000001FFF9FFFFFF

mem[X,0x0000000080000814] -> 0x9B93
mem[X,0x0000000080000816] -> 0x00BB
[522] [M]: 0x0000000080000814 (0x00BB9B93) slli s7, s7, 0xb
x23 <- 0x000FFFCFFFFFF800

mem[X,0x0000000080000818] -> 0x8B93
mem[X,0x000000008000081A] -> 0x780B
[523] [M]: 0x0000000080000818 (0x780B8B93) addi s7, s7, 0x780
x23 <- 0x000FFFCFFFFFFF80

mem[X,0x000000008000081C] -> 0x9B93
mem[X,0x000000008000081E] -> 0x00AB
[524] [M]: 0x000000008000081C (0x00AB9B93) slli s7, s7, 0xa
x23 <- 0x3FFF3FFFFFFE0000

mem[X,0x0000000080000820] -> 0x8B93
mem[X,0x0000000080000822] -> 0x003B
[525] [M]: 0x0000000080000820 (0x003B8B93) addi s7, s7, 0x3
x23 <- 0x3FFF3FFFFFFE0003

mem[X,0x0000000080000824] -> 0xFEBB
mem[X,0x0000000080000826] -> 0x9D70
[526] [M]: 0x0000000080000824 (0x9D70FEBB) pmhraccu.h t4, ra, s7
x29 <- 0x2FFBF00F10000009

mem[X,0x0000000080000828] -> 0x3823
mem[X,0x000000008000082A] -> 0x03D1
[527] [M]: 0x0000000080000828 (0x03D13823) sd t4, 0x30(sp)
mem[0x00000000800041C8] <- 0x2FFBF00F10000009

mem[X,0x000000008000082C] -> 0x0EB7
mem[X,0x000000008000082E] -> 0x0009
[528] [M]: 0x000000008000082C (0x00090EB7) lui t4, 0x90
x29 <- 0x0000000000090000

mem[X,0x0000000080000830] -> 0x8E93
mem[X,0x0000000080000832] -> 0x200E
[529] [M]: 0x0000000080000830 (0x200E8E93) addi t4, t4, 0x200
x29 <- 0x0000000000090200

mem[X,0x0000000080000834] -> 0x9E93
mem[X,0x0000000080000836] -> 0x00BE
[530] [M]: 0x0000000080000834 (0x00BE9E93) slli t4, t4, 0xb
x29 <- 0x0000000048100000

mem[X,0x0000000080000838] -> 0x8E93
mem[X,0x000000008000083A] -> 0x100E
[531] [M]: 0x0000000080000838 (0x100E8E93) addi t4, t4, 0x100
x29 <- 0x0000000048100100

mem[X,0x000000008000083C] -> 0x9E93
mem[X,0x000000008000083E] -> 0x00BE
[532] [M]: 0x000000008000083C (0x00BE9E93) slli t4, t4, 0xb
x29 <- 0x0000024080080000

mem[X,0x0000000080000840] -> 0x8E93
mem[X,0x0000000080000842] -> 0x03FE
[533] [M]: 0x0000000080000840 (0x03FE8E93) addi t4, t4, 0x3f
x29 <- 0x000002408008003F

mem[X,0x0000000080000844] -> 0x9E93
mem[X,0x0000000080000846] -> 0x00AE
[534] [M]: 0x0000000080000844 (0x00AE9E93) slli t4, t4, 0xa
x29 <- 0x000902002000FC00

mem[X,0x0000000080000848] -> 0x8E93
mem[X,0x000000008000084A] -> 0x3EFE
[535] [M]: 0x0000000080000848 (0x3EFE8E93) addi t4, t4, 0x3ef
x29 <- 0x000902002000FFEF

mem[X,0x000000008000084C] -> 0x0E37
mem[X,0x000000008000084E] -> 0xC001
[536] [M]: 0x000000008000084C (0xC0010E37) lui t3, -0x3fff0
x28 <- 0xFFFFFFFFC0010000

mem[X,0x0000000080000850] -> 0x0E13
mem[X,0x0000000080000852] -> 0xF7FE
[537] [M]: 0x0000000080000850 (0xF7FE0E13) addi t3, t3, -0x81
x28 <- 0xFFFFFFFFC000FF7F

mem[X,0x0000000080000854] -> 0x1E13
mem[X,0x0000000080000856] -> 0x00BE
[538] [M]: 0x0000000080000854 (0x00BE1E13) slli t3, t3, 0xb
x28 <- 0xFFFFFE0007FBF800

mem[X,0x0000000080000858] -> 0x0E13
mem[X,0x000000008000085A] -> 0x040E
[539] [M]: 0x0000000080000858 (0x040E0E13) addi t3, t3, 0x40
x28 <- 0xFFFFFE0007FBF840

mem[X,0x000000008000085C] -> 0x1E13
mem[X,0x000000008000085E] -> 0x00BE
[540] [M]: 0x000000008000085C (0x00BE1E13) slli t3, t3, 0xb
x28 <- 0xFFF0003FDFC20000

mem[X,0x0000000080000860] -> 0x0E13
mem[X,0x0000000080000862] -> 0x000E
[541] [M]: 0x0000000080000860 (0x000E0E13) addi t3, t3, 0x0
x28 <- 0xFFF0003FDFC20000

mem[X,0x0000000080000864] -> 0x1E13
mem[X,0x0000000080000866] -> 0x00AE
[542] [M]: 0x0000000080000864 (0x00AE1E13) slli t3, t3, 0xa
x28 <- 0xC000FF7F08000000

mem[X,0x0000000080000868] -> 0x0E13
mem[X,0x000000008000086A] -> 0x004E
[543] [M]: 0x0000000080000868 (0x004E0E13) addi t3, t3, 0x4
x28 <- 0xC000FF7F08000004

mem[X,0x000000008000086C] -> 0xF6BB
mem[X,0x000000008000086E] -> 0x9DCE
[544] [M]: 0x000000008000086C (0x9DCEF6BB) pmhraccu.h a3, t4, t3
x13 <- 0x0007020601050008

mem[X,0x0000000080000870] -> 0x3C23
mem[X,0x0000000080000872] -> 0x02D1
[545] [M]: 0x0000000080000870 (0x02D13C23) sd a3, 0x38(sp)
mem[0x00000000800041D0] <- 0x0007020601050008

mem[X,0x0000000080000874] -> 0x8237
mem[X,0x0000000080000876] -> 0xFDFF
[546] [M]: 0x0000000080000874 (0xFDFF8237) lui tp, -0x2008
x4 <- 0xFFFFFFFFFDFF8000

mem[X,0x0000000080000878] -> 0x0213
mem[X,0x000000008000087A] -> 0x0002
[547] [M]: 0x0000000080000878 (0x00020213) addi tp, tp, 0x0
x4 <- 0xFFFFFFFFFDFF8000

mem[X,0x000000008000087C] -> 0x1213
mem[X,0x000000008000087E] -> 0x00B2
[548] [M]: 0x000000008000087C (0x00B21213) slli tp, tp, 0xb
x4 <- 0xFFFFFFEFFC000000

mem[X,0x0000000080000880] -> 0x0213
mem[X,0x0000000080000882] -> 0x7FF2
[549] [M]: 0x0000000080000880 (0x7FF20213) addi tp, tp, 0x7ff
x4 <- 0xFFFFFFEFFC0007FF

mem[X,0x0000000080000884] -> 0x1213
mem[X,0x0000000080000886] -> 0x00B2
[550] [M]: 0x0000000080000884 (0x00B21213) slli tp, tp, 0xb
x4 <- 0xFFFF7FE0003FF800

mem[X,0x0000000080000888] -> 0x0213
mem[X,0x000000008000088A] -> 0x6FF2
[551] [M]: 0x0000000080000888 (0x6FF20213) addi tp, tp, 0x6ff
x4 <- 0xFFFF7FE0003FFEFF

mem[X,0x000000008000088C] -> 0x1213
mem[X,0x000000008000088E] -> 0x00A2
[552] [M]: 0x000000008000088C (0x00A21213) slli tp, tp, 0xa
x4 <- 0xFDFF8000FFFBFC00

mem[X,0x0000000080000890] -> 0x0213
mem[X,0x0000000080000892] -> 0x3DF2
[553] [M]: 0x0000000080000890 (0x3DF20213) addi tp, tp, 0x3df
x4 <- 0xFDFF8000FFFBFFDF

mem[X,0x0000000080000894] -> 0x05B7
mem[X,0x0000000080000896] -> 0xFFFA
[554] [M]: 0x0000000080000894 (0xFFFA05B7) lui a1, -0x60
x11 <- 0xFFFFFFFFFFFA0000

mem[X,0x0000000080000898] -> 0x8593
mem[X,0x000000008000089A] -> 0xFFE5
[555] [M]: 0x0000000080000898 (0xFFE58593) addi a1, a1, -0x2
x11 <- 0xFFFFFFFFFFF9FFFE

mem[X,0x000000008000089C] -> 0x9593
mem[X,0x000000008000089E] -> 0x00B5
[556] [M]: 0x000000008000089C (0x00B59593) slli a1, a1, 0xb
x11 <- 0xFFFFFFFFCFFFF000

mem[X,0x00000000800008A0] -> 0x8593
mem[X,0x00000000800008A2] -> 0x7FF5
[557] [M]: 0x00000000800008A0 (0x7FF58593) addi a1, a1, 0x7ff
x11 <- 0xFFFFFFFFCFFFF7FF

mem[X,0x00000000800008A4] -> 0x9593
mem[X,0x00000000800008A6] -> 0x00B5
[558] [M]: 0x00000000800008A4 (0x00B59593) slli a1, a1, 0xb
x11 <- 0xFFFFFE7FFFBFF800

mem[X,0x00000000800008A8] -> 0x8593
mem[X,0x00000000800008AA] -> 0x6405
[559] [M]: 0x00000000800008A8 (0x64058593) addi a1, a1, 0x640
x11 <- 0xFFFFFE7FFFBFFE40

mem[X,0x00000000800008AC] -> 0x9593
mem[X,0x00000000800008AE] -> 0x00A5
[560] [M]: 0x00000000800008AC (0x00A59593) slli a1, a1, 0xa
x11 <- 0xFFF9FFFEFFF90000

mem[X,0x00000000800008B0] -> 0x8593
mem[X,0x00000000800008B2] -> 0x0075
[561] [M]: 0x00000000800008B0 (0x00758593) addi a1, a1, 0x7
x11 <- 0xFFF9FFFEFFF90007

mem[X,0x00000000800008B4] -> 0x773B
mem[X,0x00000000800008B6] -> 0x9CB2
[562] [M]: 0x00000000800008B4 (0x9CB2773B) pmhraccu.h a4, tp, a1
x14 <- 0x01F88002FEF30087

mem[X,0x00000000800008B8] -> 0x3023
mem[X,0x00000000800008BA] -> 0x04E1
[563] [M]: 0x00000000800008B8 (0x04E13023) sd a4, 0x40(sp)
mem[0x00000000800041D8] <- 0x01F88002FEF30087

mem[X,0x00000000800008BC] -> 0x0A37
mem[X,0x00000000800008BE] -> 0xFE00
[564] [M]: 0x00000000800008BC (0xFE000A37) lui s4, -0x2000
x20 <- 0xFFFFFFFFFE000000

mem[X,0x00000000800008C0] -> 0x0A13
mem[X,0x00000000800008C2] -> 0xFF6A
[565] [M]: 0x00000000800008C0 (0xFF6A0A13) addi s4, s4, -0xa
x20 <- 0xFFFFFFFFFDFFFFF6

mem[X,0x00000000800008C4] -> 0x1A13
mem[X,0x00000000800008C6] -> 0x00BA
[566] [M]: 0x00000000800008C4 (0x00BA1A13) slli s4, s4, 0xb
x20 <- 0xFFFFFFEFFFFFB000

mem[X,0x00000000800008C8] -> 0x0A13
mem[X,0x00000000800008CA] -> 0x7FFA
[567] [M]: 0x00000000800008C8 (0x7FFA0A13) addi s4, s4, 0x7ff
x20 <- 0xFFFFFFEFFFFFB7FF

mem[X,0x00000000800008CC] -> 0x1A13
mem[X,0x00000000800008CE] -> 0x00BA
[568] [M]: 0x00000000800008CC (0x00BA1A13) slli s4, s4, 0xb
x20 <- 0xFFFF7FFFFDBFF800

mem[X,0x00000000800008D0] -> 0x0A13
mem[X,0x00000000800008D2] -> 0x7FFA
[569] [M]: 0x00000000800008D0 (0x7FFA0A13) addi s4, s4, 0x7ff
x20 <- 0xFFFF7FFFFDBFFFFF

mem[X,0x00000000800008D4] -> 0x1A13
mem[X,0x00000000800008D6] -> 0x00AA
[570] [M]: 0x00000000800008D4 (0x00AA1A13) slli s4, s4, 0xa
x20 <- 0xFDFFFFF6FFFFFC00

mem[X,0x00000000800008D8] -> 0x0A13
mem[X,0x00000000800008DA] -> 0x3BFA
[571] [M]: 0x00000000800008D8 (0x3BFA0A13) addi s4, s4, 0x3bf
x20 <- 0xFDFFFFF6FFFFFFBF

mem[X,0x00000000800008DC] -> 0x0337
mem[X,0x00000000800008DE] -> 0x0008
[572] [M]: 0x00000000800008DC (0x00080337) lui t1, 0x80
x6 <- 0x0000000000080000

mem[X,0x00000000800008E0] -> 0x0313
mem[X,0x00000000800008E2] -> 0x0203
[573] [M]: 0x00000000800008E0 (0x02030313) addi t1, t1, 0x20
x6 <- 0x0000000000080020

mem[X,0x00000000800008E4] -> 0x1313
mem[X,0x00000000800008E6] -> 0x00B3
[574] [M]: 0x00000000800008E4 (0x00B31313) slli t1, t1, 0xb
x6 <- 0x0000000040010000

mem[X,0x00000000800008E8] -> 0x0313
mem[X,0x00000000800008EA] -> 0x6003
[575] [M]: 0x00000000800008E8 (0x60030313) addi t1, t1, 0x600
x6 <- 0x0000000040010600

mem[X,0x00000000800008EC] -> 0x1313
mem[X,0x00000000800008EE] -> 0x00B3
[576] [M]: 0x00000000800008EC (0x00B31313) slli t1, t1, 0xb
x6 <- 0x0000020008300000

mem[X,0x00000000800008F0] -> 0x0313
mem[X,0x00000000800008F2] -> 0x0003
[577] [M]: 0x00000000800008F0 (0x00030313) addi t1, t1, 0x0
x6 <- 0x0000020008300000

mem[X,0x00000000800008F4] -> 0x1313
mem[X,0x00000000800008F6] -> 0x00A3
[578] [M]: 0x00000000800008F4 (0x00A31313) slli t1, t1, 0xa
x6 <- 0x00080020C0000000

mem[X,0x00000000800008F8] -> 0x0313
mem[X,0x00000000800008FA] -> 0x0093
[579] [M]: 0x00000000800008F8 (0x00930313) addi t1, t1, 0x9
x6 <- 0x00080020C0000009

mem[X,0x00000000800008FC] -> 0x7F3B
mem[X,0x00000000800008FE] -> 0x9C6A
[580] [M]: 0x00000000800008FC (0x9C6A7F3B) pmhraccu.h t5, s4, t1
x30 <- 0x0006FE1F3FFE000B

mem[X,0x0000000080000900] -> 0x3423
mem[X,0x0000000080000902] -> 0x05E1
[581] [M]: 0x0000000080000900 (0x05E13423) sd t5, 0x48(sp)
mem[0x00000000800041E0] <- 0x0006FE1F3FFE000B

mem[X,0x0000000080000904] -> 0xF6B7
mem[X,0x0000000080000906] -> 0x2000
[582] [M]: 0x0000000080000904 (0x2000F6B7) lui a3, 0x2000f
x13 <- 0x000000002000F000

mem[X,0x0000000080000908] -> 0x8693
mem[X,0x000000008000090A] -> 0xFFF6
[583] [M]: 0x0000000080000908 (0xFFF68693) addi a3, a3, -0x1
x13 <- 0x000000002000EFFF

mem[X,0x000000008000090C] -> 0x9693
mem[X,0x000000008000090E] -> 0x00B6
[584] [M]: 0x000000008000090C (0x00B69693) slli a3, a3, 0xb
x13 <- 0x00000100077FF800

mem[X,0x0000000080000910] -> 0x8693
mem[X,0x0000000080000912] -> 0x7F76
[585] [M]: 0x0000000080000910 (0x7F768693) addi a3, a3, 0x7f7
x13 <- 0x00000100077FFFF7

mem[X,0x0000000080000914] -> 0x9693
mem[X,0x0000000080000916] -> 0x00B6
[586] [M]: 0x0000000080000914 (0x00B69693) slli a3, a3, 0xb
x13 <- 0x0008003BFFFFB800

mem[X,0x0000000080000918] -> 0x8693
mem[X,0x000000008000091A] -> 0x7FF6
[587] [M]: 0x0000000080000918 (0x7FF68693) addi a3, a3, 0x7ff
x13 <- 0x0008003BFFFFBFFF

mem[X,0x000000008000091C] -> 0x9693
mem[X,0x000000008000091E] -> 0x00A6
[588] [M]: 0x000000008000091C (0x00A69693) slli a3, a3, 0xa
x13 <- 0x2000EFFFFEFFFC00

mem[X,0x0000000080000920] -> 0x8693
mem[X,0x0000000080000922] -> 0x37F6
[589] [M]: 0x0000000080000920 (0x37F68693) addi a3, a3, 0x37f
x13 <- 0x2000EFFFFEFFFF7F

mem[X,0x0000000080000924] -> 0x01B7
mem[X,0x0000000080000926] -> 0xC001
[590] [M]: 0x0000000080000924 (0xC00101B7) lui gp, -0x3fff0
x3 <- 0xFFFFFFFFC0010000

mem[X,0x0000000080000928] -> 0x8193
mem[X,0x000000008000092A] -> 0xBFF1
[591] [M]: 0x0000000080000928 (0xBFF18193) addi gp, gp, -0x401
x3 <- 0xFFFFFFFFC000FBFF

mem[X,0x000000008000092C] -> 0x9193
mem[X,0x000000008000092E] -> 0x00B1
[592] [M]: 0x000000008000092C (0x00B19193) slli gp, gp, 0xb
x3 <- 0xFFFFFE0007DFF800

mem[X,0x0000000080000930] -> 0x8193
mem[X,0x0000000080000932] -> 0x7FF1
[593] [M]: 0x0000000080000930 (0x7FF18193) addi gp, gp, 0x7ff
x3 <- 0xFFFFFE0007DFFFFF

mem[X,0x0000000080000934] -> 0x9193
mem[X,0x0000000080000936] -> 0x00B1
[594] [M]: 0x0000000080000934 (0x00B19193) slli gp, gp, 0xb
x3 <- 0xFFF0003EFFFFF800

mem[X,0x0000000080000938] -> 0x8193
mem[X,0x000000008000093A] -> 0x6B01
[595] [M]: 0x0000000080000938 (0x6B018193) addi gp, gp, 0x6b0
x3 <- 0xFFF0003EFFFFFEB0

mem[X,0x000000008000093C] -> 0x9193
mem[X,0x000000008000093E] -> 0x00A1
[596] [M]: 0x000000008000093C (0x00A19193) slli gp, gp, 0xa
x3 <- 0xC000FBFFFFFAC000

mem[X,0x0000000080000940] -> 0xFABB
mem[X,0x0000000080000942] -> 0x9C36
[597] [M]: 0x0000000080000940 (0x9C36FABB) pmhraccu.h s5, a3, gp
x21 <- 0x1800ECBEA9A3BF7E

mem[X,0x0000000080000944] -> 0x3823
mem[X,0x0000000080000946] -> 0x0551
[598] [M]: 0x0000000080000944 (0x05513823) sd s5, 0x50(sp)
mem[0x00000000800041E8] <- 0x1800ECBEA9A3BF7E

mem[X,0x0000000080000948] -> 0x0837
mem[X,0x000000008000094A] -> 0xF800
[599] [M]: 0x0000000080000948 (0xF8000837) lui a6, -0x8000
x16 <- 0xFFFFFFFFF8000000

clint::tick mtime <- 0x0000000000000006
 clint timer pending at mtime 0x0000000000000006
htif::tick 0x0000000000000000
mem[X,0x000000008000094C] -> 0x0813
mem[X,0x000000008000094E] -> 0xFFE8
[600] [M]: 0x000000008000094C (0xFFE80813) addi a6, a6, -0x2
x16 <- 0xFFFFFFFFF7FFFFFE

mem[X,0x0000000080000950] -> 0x1813
mem[X,0x0000000080000952] -> 0x00B8
[601] [M]: 0x0000000080000950 (0x00B81813) slli a6, a6, 0xb
x16 <- 0xFFFFFFBFFFFFF000

mem[X,0x0000000080000954] -> 0x0813
mem[X,0x0000000080000956] -> 0x0008
[602] [M]: 0x0000000080000954 (0x00080813) addi a6, a6, 0x0
x16 <- 0xFFFFFFBFFFFFF000

mem[X,0x0000000080000958] -> 0x1813
mem[X,0x000000008000095A] -> 0x00B8
[603] [M]: 0x0000000080000958 (0x00B81813) slli a6, a6, 0xb
x16 <- 0xFFFDFFFFFF800000

mem[X,0x000000008000095C] -> 0x0813
mem[X,0x000000008000095E] -> 0x43F8
[604] [M]: 0x000000008000095C (0x43F80813) addi a6, a6, 0x43f
x16 <- 0xFFFDFFFFFF80043F

mem[X,0x0000000080000960] -> 0x1813
mem[X,0x0000000080000962] -> 0x00A8
[605] [M]: 0x0000000080000960 (0x00A81813) slli a6, a6, 0xa
x16 <- 0xF7FFFFFE0010FC00

mem[X,0x0000000080000964] -> 0x0813
mem[X,0x0000000080000966] -> 0x2FF8
[606] [M]: 0x0000000080000964 (0x2FF80813) addi a6, a6, 0x2ff
x16 <- 0xF7FFFFFE0010FEFF

mem[X,0x0000000080000968] -> 0x0037
mem[X,0x000000008000096A] -> 0x0010
[607] [M]: 0x0000000080000968 (0x00100037) lui zero, 0x100

mem[X,0x000000008000096C] -> 0x0013
mem[X,0x000000008000096E] -> 0x2000
[608] [M]: 0x000000008000096C (0x20000013) addi zero, zero, 0x200

mem[X,0x0000000080000970] -> 0x1013
mem[X,0x0000000080000972] -> 0x00B0
[609] [M]: 0x0000000080000970 (0x00B01013) slli zero, zero, 0xb

mem[X,0x0000000080000974] -> 0x0013
mem[X,0x0000000080000976] -> 0x0000
[610] [M]: 0x0000000080000974 (0x00000013) addi zero, zero, 0x0

mem[X,0x0000000080000978] -> 0x1013
mem[X,0x000000008000097A] -> 0x00B0
[611] [M]: 0x0000000080000978 (0x00B01013) slli zero, zero, 0xb

mem[X,0x000000008000097C] -> 0x0013
mem[X,0x000000008000097E] -> 0x4010
[612] [M]: 0x000000008000097C (0x40100013) addi zero, zero, 0x401

mem[X,0x0000000080000980] -> 0x1013
mem[X,0x0000000080000982] -> 0x00A0
[613] [M]: 0x0000000080000980 (0x00A01013) slli zero, zero, 0xa

mem[X,0x0000000080000984] -> 0x793B
mem[X,0x0000000080000986] -> 0x9C08
[614] [M]: 0x0000000080000984 (0x9C08793B) pmhraccu.h s2, a6, zero
x18 <- 0xFFFCFFBF0800FBFF

mem[X,0x0000000080000988] -> 0x3C23
mem[X,0x000000008000098A] -> 0x0521
[615] [M]: 0x0000000080000988 (0x05213C23) sd s2, 0x58(sp)
mem[0x00000000800041F0] <- 0xFFFCFFBF0800FBFF

mem[X,0x000000008000098C] -> 0x0637
mem[X,0x000000008000098E] -> 0xFFE0
[616] [M]: 0x000000008000098C (0xFFE00637) lui a2, -0x200
x12 <- 0xFFFFFFFFFFE00000

mem[X,0x0000000080000990] -> 0x0613
mem[X,0x0000000080000992] -> 0xFEF6
[617] [M]: 0x0000000080000990 (0xFEF60613) addi a2, a2, -0x11
x12 <- 0xFFFFFFFFFFDFFFEF

mem[X,0x0000000080000994] -> 0x1613
mem[X,0x0000000080000996] -> 0x00B6
[618] [M]: 0x0000000080000994 (0x00B61613) slli a2, a2, 0xb
x12 <- 0xFFFFFFFEFFFF7800

mem[X,0x0000000080000998] -> 0x0613
mem[X,0x000000008000099A] -> 0x7DF6
[619] [M]: 0x0000000080000998 (0x7DF60613) addi a2, a2, 0x7df
x12 <- 0xFFFFFFFEFFFF7FDF

mem[X,0x000000008000099C] -> 0x1613
mem[X,0x000000008000099E] -> 0x00B6
[620] [M]: 0x000000008000099C (0x00B61613) slli a2, a2, 0xb
x12 <- 0xFFFFF7FFFBFEF800

mem[X,0x00000000800009A0] -> 0x0613
mem[X,0x00000000800009A2] -> 0x7FF6
[621] [M]: 0x00000000800009A0 (0x7FF60613) addi a2, a2, 0x7ff
x12 <- 0xFFFFF7FFFBFEFFFF

mem[X,0x00000000800009A4] -> 0x1613
mem[X,0x00000000800009A6] -> 0x00A6
[622] [M]: 0x00000000800009A4 (0x00A61613) slli a2, a2, 0xa
x12 <- 0xFFDFFFEFFBFFFC00

mem[X,0x00000000800009A8] -> 0x0613
mem[X,0x00000000800009AA] -> 0x1FF6
[623] [M]: 0x00000000800009A8 (0x1FF60613) addi a2, a2, 0x1ff
x12 <- 0xFFDFFFEFFBFFFDFF

mem[X,0x00000000800009AC] -> 0x0D37
mem[X,0x00000000800009AE] -> 0xFFFF
[624] [M]: 0x00000000800009AC (0xFFFF0D37) lui s10, -0x10
x26 <- 0xFFFFFFFFFFFF0000

mem[X,0x00000000800009B0] -> 0x0D13
mem[X,0x00000000800009B2] -> 0x000D
[625] [M]: 0x00000000800009B0 (0x000D0D13) addi s10, s10, 0x0
x26 <- 0xFFFFFFFFFFFF0000

mem[X,0x00000000800009B4] -> 0x1D13
mem[X,0x00000000800009B6] -> 0x00BD
[626] [M]: 0x00000000800009B4 (0x00BD1D13) slli s10, s10, 0xb
x26 <- 0xFFFFFFFFF8000000

mem[X,0x00000000800009B8] -> 0x0D13
mem[X,0x00000000800009BA] -> 0x020D
[627] [M]: 0x00000000800009B8 (0x020D0D13) addi s10, s10, 0x20
x26 <- 0xFFFFFFFFF8000020

mem[X,0x00000000800009BC] -> 0x1D13
mem[X,0x00000000800009BE] -> 0x00BD
[628] [M]: 0x00000000800009BC (0x00BD1D13) slli s10, s10, 0xb
x26 <- 0xFFFFFFC000010000

mem[X,0x00000000800009C0] -> 0x0D13
mem[X,0x00000000800009C2] -> 0x000D
[629] [M]: 0x00000000800009C0 (0x000D0D13) addi s10, s10, 0x0
x26 <- 0xFFFFFFC000010000

mem[X,0x00000000800009C4] -> 0x1D13
mem[X,0x00000000800009C6] -> 0x00AD
[630] [M]: 0x00000000800009C4 (0x00AD1D13) slli s10, s10, 0xa
x26 <- 0xFFFF000004000000

mem[X,0x00000000800009C8] -> 0x0D13
mem[X,0x00000000800009CA] -> 0x003D
[631] [M]: 0x00000000800009C8 (0x003D0D13) addi s10, s10, 0x3
x26 <- 0xFFFF000004000003

mem[X,0x00000000800009CC] -> 0x73BB
mem[X,0x00000000800009CE] -> 0x9DA6
[632] [M]: 0x00000000800009CC (0x9DA673BB) pmhraccu.h t2, a2, s10
x7 <- 0xFFE2555503EC1003

mem[X,0x00000000800009D0] -> 0x3023
mem[X,0x00000000800009D2] -> 0x0671
[633] [M]: 0x00000000800009D0 (0x06713023) sd t2, 0x60(sp)
mem[0x00000000800041F8] <- 0xFFE2555503EC1003

mem[X,0x00000000800009D4] -> 0x0013
mem[X,0x00000000800009D6] -> 0x0000
[634] [M]: 0x00000000800009D4 (0x00000013) addi zero, zero, 0x0

mem[X,0x00000000800009D8] -> 0x0013
mem[X,0x00000000800009DA] -> 0x0000
[635] [M]: 0x00000000800009D8 (0x00000013) addi zero, zero, 0x0

mem[X,0x00000000800009DC] -> 0x0013
mem[X,0x00000000800009DE] -> 0x0000
[636] [M]: 0x00000000800009DC (0x00000013) addi zero, zero, 0x0

mem[X,0x00000000800009E0] -> 0x4117
mem[X,0x00000000800009E2] -> 0x0000
[637] [M]: 0x00000000800009E0 (0x00004117) auipc sp, 0x4
x2 <- 0x00000000800049E0

mem[X,0x00000000800009E4] -> 0x0113
mem[X,0x00000000800009E6] -> 0x8201
[638] [M]: 0x00000000800009E4 (0x82010113) addi sp, sp, -0x7e0
x2 <- 0x0000000080004200

mem[X,0x00000000800009E8] -> 0x0013
mem[X,0x00000000800009EA] -> 0x0000
[639] [M]: 0x00000000800009E8 (0x00000013) addi zero, zero, 0x0

mem[X,0x00000000800009EC] -> 0x0013
mem[X,0x00000000800009EE] -> 0x0000
[640] [M]: 0x00000000800009EC (0x00000013) addi zero, zero, 0x0

mem[X,0x00000000800009F0] -> 0x0013
mem[X,0x00000000800009F2] -> 0x0000
[641] [M]: 0x00000000800009F0 (0x00000013) addi zero, zero, 0x0

mem[X,0x00000000800009F4] -> 0x0013
mem[X,0x00000000800009F6] -> 0x0000
[642] [M]: 0x00000000800009F4 (0x00000013) addi zero, zero, 0x0

mem[X,0x00000000800009F8] -> 0x0013
mem[X,0x00000000800009FA] -> 0x0000
[643] [M]: 0x00000000800009F8 (0x00000013) addi zero, zero, 0x0

mem[X,0x00000000800009FC] -> 0x0013
mem[X,0x00000000800009FE] -> 0x0000
[644] [M]: 0x00000000800009FC (0x00000013) addi zero, zero, 0x0

mem[X,0x0000000080000A00] -> 0x0FB7
mem[X,0x0000000080000A02] -> 0xFFF7
[645] [M]: 0x0000000080000A00 (0xFFF70FB7) lui t6, -0x90
x31 <- 0xFFFFFFFFFFF70000

mem[X,0x0000000080000A04] -> 0x8F93
mem[X,0x0000000080000A06] -> 0xFFBF
[646] [M]: 0x0000000080000A04 (0xFFBF8F93) addi t6, t6, -0x5
x31 <- 0xFFFFFFFFFFF6FFFB

mem[X,0x0000000080000A08] -> 0x9F93
mem[X,0x0000000080000A0A] -> 0x00BF
[647] [M]: 0x0000000080000A08 (0x00BF9F93) slli t6, t6, 0xb
x31 <- 0xFFFFFFFFB7FFD800

mem[X,0x0000000080000A0C] -> 0x8F93
mem[X,0x0000000080000A0E] -> 0x008F
[648] [M]: 0x0000000080000A0C (0x008F8F93) addi t6, t6, 0x8
x31 <- 0xFFFFFFFFB7FFD808

mem[X,0x0000000080000A10] -> 0x9F93
mem[X,0x0000000080000A12] -> 0x00BF
[649] [M]: 0x0000000080000A10 (0x00BF9F93) slli t6, t6, 0xb
x31 <- 0xFFFFFDBFFEC04000

mem[X,0x0000000080000A14] -> 0x8F93
mem[X,0x0000000080000A16] -> 0x03EF
[650] [M]: 0x0000000080000A14 (0x03EF8F93) addi t6, t6, 0x3e
x31 <- 0xFFFFFDBFFEC0403E

mem[X,0x0000000080000A18] -> 0x9F93
mem[X,0x0000000080000A1A] -> 0x00AF
[651] [M]: 0x0000000080000A18 (0x00AF9F93) slli t6, t6, 0xa
x31 <- 0xFFF6FFFB0100F800

mem[X,0x0000000080000A1C] -> 0x8F93
mem[X,0x0000000080000A1E] -> 0x3FFF
[652] [M]: 0x0000000080000A1C (0x3FFF8F93) addi t6, t6, 0x3ff
x31 <- 0xFFF6FFFB0100FBFF

mem[X,0x0000000080000A20] -> 0x00B7
mem[X,0x0000000080000A22] -> 0xF000
[653] [M]: 0x0000000080000A20 (0xF00000B7) lui ra, -0x10000
x1 <- 0xFFFFFFFFF0000000

mem[X,0x0000000080000A24] -> 0x8093
mem[X,0x0000000080000A26] -> 0xFFC0
[654] [M]: 0x0000000080000A24 (0xFFC08093) addi ra, ra, -0x4
x1 <- 0xFFFFFFFFEFFFFFFC

mem[X,0x0000000080000A28] -> 0x9093
mem[X,0x0000000080000A2A] -> 0x00B0
[655] [M]: 0x0000000080000A28 (0x00B09093) slli ra, ra, 0xb
x1 <- 0xFFFFFF7FFFFFE000

mem[X,0x0000000080000A2C] -> 0x8093
mem[X,0x0000000080000A2E] -> 0x7DF0
[656] [M]: 0x0000000080000A2C (0x7DF08093) addi ra, ra, 0x7df
x1 <- 0xFFFFFF7FFFFFE7DF

mem[X,0x0000000080000A30] -> 0x9093
mem[X,0x0000000080000A32] -> 0x00B0
[657] [M]: 0x0000000080000A30 (0x00B09093) slli ra, ra, 0xb
x1 <- 0xFFFBFFFFFF3EF800

mem[X,0x0000000080000A34] -> 0x8093
mem[X,0x0000000080000A36] -> 0x7FF0
[658] [M]: 0x0000000080000A34 (0x7FF08093) addi ra, ra, 0x7ff
x1 <- 0xFFFBFFFFFF3EFFFF

mem[X,0x0000000080000A38] -> 0x9093
mem[X,0x0000000080000A3A] -> 0x00A0
[659] [M]: 0x0000000080000A38 (0x00A09093) slli ra, ra, 0xa
x1 <- 0xEFFFFFFCFBFFFC00

mem[X,0x0000000080000A3C] -> 0x8093
mem[X,0x0000000080000A3E] -> 0x3FB0
[660] [M]: 0x0000000080000A3C (0x3FB08093) addi ra, ra, 0x3fb
x1 <- 0xEFFFFFFCFBFFFFFB

mem[X,0x0000000080000A40] -> 0xF03B
mem[X,0x0000000080000A42] -> 0x9C1F
[661] [M]: 0x0000000080000A40 (0x9C1FF03B) pmhraccu.h zero, t6, ra

mem[X,0x0000000080000A44] -> 0x3023
mem[X,0x0000000080000A46] -> 0x0001
[662] [M]: 0x0000000080000A44 (0x00013023) sd zero, 0x0(sp)
mem[0x0000000080004200] <- 0x0000000000000000

mem[X,0x0000000080000A48] -> 0x02B7
mem[X,0x0000000080000A4A] -> 0xC000
[663] [M]: 0x0000000080000A48 (0xC00002B7) lui t0, -0x40000
x5 <- 0xFFFFFFFFC0000000

mem[X,0x0000000080000A4C] -> 0x8293
mem[X,0x0000000080000A4E] -> 0x1002
[664] [M]: 0x0000000080000A4C (0x10028293) addi t0, t0, 0x100
x5 <- 0xFFFFFFFFC0000100

mem[X,0x0000000080000A50] -> 0x9293
mem[X,0x0000000080000A52] -> 0x00B2
[665] [M]: 0x0000000080000A50 (0x00B29293) slli t0, t0, 0xb
x5 <- 0xFFFFFE0000080000

mem[X,0x0000000080000A54] -> 0x8293
mem[X,0x0000000080000A56] -> 0x0022
[666] [M]: 0x0000000080000A54 (0x00228293) addi t0, t0, 0x2
x5 <- 0xFFFFFE0000080002

mem[X,0x0000000080000A58] -> 0x9293
mem[X,0x0000000080000A5A] -> 0x00B2
[667] [M]: 0x0000000080000A58 (0x00B29293) slli t0, t0, 0xb
x5 <- 0xFFF0000040001000

mem[X,0x0000000080000A5C] -> 0x8293
mem[X,0x0000000080000A5E] -> 0x03D2
[668] [M]: 0x0000000080000A5C (0x03D28293) addi t0, t0, 0x3d
x5 <- 0xFFF000004000103D

mem[X,0x0000000080000A60] -> 0x9293
mem[X,0x0000000080000A62] -> 0x00A2
[669] [M]: 0x0000000080000A60 (0x00A29293) slli t0, t0, 0xa
x5 <- 0xC00001000040F400

mem[X,0x0000000080000A64] -> 0x8293
mem[X,0x0000000080000A66] -> 0x3FF2
[670] [M]: 0x0000000080000A64 (0x3FF28293) addi t0, t0, 0x3ff
x5 <- 0xC00001000040F7FF

mem[X,0x0000000080000A68] -> 0x49B7
mem[X,0x0000000080000A6A] -> 0x0008
[671] [M]: 0x0000000080000A68 (0x000849B7) lui s3, 0x84
x19 <- 0x0000000000084000

mem[X,0x0000000080000A6C] -> 0x8993
mem[X,0x0000000080000A6E] -> 0x0009
[672] [M]: 0x0000000080000A6C (0x00098993) addi s3, s3, 0x0
x19 <- 0x0000000000084000

mem[X,0x0000000080000A70] -> 0x9993
mem[X,0x0000000080000A72] -> 0x00B9
[673] [M]: 0x0000000080000A70 (0x00B99993) slli s3, s3, 0xb
x19 <- 0x0000000042000000

mem[X,0x0000000080000A74] -> 0x8993
mem[X,0x0000000080000A76] -> 0x7FF9
[674] [M]: 0x0000000080000A74 (0x7FF98993) addi s3, s3, 0x7ff
x19 <- 0x00000000420007FF

mem[X,0x0000000080000A78] -> 0x9993
mem[X,0x0000000080000A7A] -> 0x00B9
[675] [M]: 0x0000000080000A78 (0x00B99993) slli s3, s3, 0xb
x19 <- 0x00000210003FF800

mem[X,0x0000000080000A7C] -> 0x8993
mem[X,0x0000000080000A7E] -> 0x6C09
[676] [M]: 0x0000000080000A7C (0x6C098993) addi s3, s3, 0x6c0
x19 <- 0x00000210003FFEC0

mem[X,0x0000000080000A80] -> 0x9993
mem[X,0x0000000080000A82] -> 0x00A9
[677] [M]: 0x0000000080000A80 (0x00A99993) slli s3, s3, 0xa
x19 <- 0x00084000FFFB0000

mem[X,0x0000000080000A84] -> 0x8993
mem[X,0x0000000080000A86] -> 0x0019
[678] [M]: 0x0000000080000A84 (0x00198993) addi s3, s3, 0x1
x19 <- 0x00084000FFFB0001

mem[X,0x0000000080000A88] -> 0xFE3B
mem[X,0x0000000080000A8A] -> 0x9D32
[679] [M]: 0x0000000080000A88 (0x9D32FE3B) pmhraccu.h t3, t0, s3
x28 <- 0xC006FFBF08400005

mem[X,0x0000000080000A8C] -> 0x3423
mem[X,0x0000000080000A8E] -> 0x01C1
[680] [M]: 0x0000000080000A8C (0x01C13423) sd t3, 0x8(sp)
mem[0x0000000080004208] <- 0xC006FFBF08400005

mem[X,0x0000000080000A90] -> 0x09B7
mem[X,0x0000000080000A92] -> 0x8000
[681] [M]: 0x0000000080000A90 (0x800009B7) lui s3, -0x80000
x19 <- 0xFFFFFFFF80000000

mem[X,0x0000000080000A94] -> 0x8993
mem[X,0x0000000080000A96] -> 0xFEF9
[682] [M]: 0x0000000080000A94 (0xFEF98993) addi s3, s3, -0x11
x19 <- 0xFFFFFFFF7FFFFFEF

mem[X,0x0000000080000A98] -> 0x9993
mem[X,0x0000000080000A9A] -> 0x00B9
[683] [M]: 0x0000000080000A98 (0x00B99993) slli s3, s3, 0xb
x19 <- 0xFFFFFBFFFFFF7800

mem[X,0x0000000080000A9C] -> 0x8993
mem[X,0x0000000080000A9E] -> 0x7FF9
[684] [M]: 0x0000000080000A9C (0x7FF98993) addi s3, s3, 0x7ff
x19 <- 0xFFFFFBFFFFFF7FFF

mem[X,0x0000000080000AA0] -> 0x9993
mem[X,0x0000000080000AA2] -> 0x00B9
[685] [M]: 0x0000000080000AA0 (0x00B99993) slli s3, s3, 0xb
x19 <- 0xFFDFFFFFFBFFF800

mem[X,0x0000000080000AA4] -> 0x8993
mem[X,0x0000000080000AA6] -> 0x63B9
[686] [M]: 0x0000000080000AA4 (0x63B98993) addi s3, s3, 0x63b
x19 <- 0xFFDFFFFFFBFFFE3B

mem[X,0x0000000080000AA8] -> 0x9993
mem[X,0x0000000080000AAA] -> 0x00A9
[687] [M]: 0x0000000080000AA8 (0x00A99993) slli s3, s3, 0xa
x19 <- 0x7FFFFFEFFFF8EC00

mem[X,0x0000000080000AAC] -> 0x8993
mem[X,0x0000000080000AAE] -> 0x3FF9
[688] [M]: 0x0000000080000AAC (0x3FF98993) addi s3, s3, 0x3ff
x19 <- 0x7FFFFFEFFFF8EFFF

mem[X,0x0000000080000AB0] -> 0x0FB7
mem[X,0x0000000080000AB2] -> 0xDFFF
[689] [M]: 0x0000000080000AB0 (0xDFFF0FB7) lui t6, -0x20010
x31 <- 0xFFFFFFFFDFFF0000

mem[X,0x0000000080000AB4] -> 0x8F93
mem[X,0x0000000080000AB6] -> 0x006F
[690] [M]: 0x0000000080000AB4 (0x006F8F93) addi t6, t6, 0x6
x31 <- 0xFFFFFFFFDFFF0006

mem[X,0x0000000080000AB8] -> 0x9F93
mem[X,0x0000000080000ABA] -> 0x00BF
[691] [M]: 0x0000000080000AB8 (0x00BF9F93) slli t6, t6, 0xb
x31 <- 0xFFFFFEFFF8003000

mem[X,0x0000000080000ABC] -> 0x8F93
mem[X,0x0000000080000ABE] -> 0x7FFF
[692] [M]: 0x0000000080000ABC (0x7FFF8F93) addi t6, t6, 0x7ff
x31 <- 0xFFFFFEFFF80037FF

mem[X,0x0000000080000AC0] -> 0x9F93
mem[X,0x0000000080000AC2] -> 0x00BF
[693] [M]: 0x0000000080000AC0 (0x00BF9F93) slli t6, t6, 0xb
x31 <- 0xFFF7FFC001BFF800

mem[X,0x0000000080000AC4] -> 0x8F93
mem[X,0x0000000080000AC6] -> 0x680F
[694] [M]: 0x0000000080000AC4 (0x680F8F93) addi t6, t6, 0x680
x31 <- 0xFFF7FFC001BFFE80

mem[X,0x0000000080000AC8] -> 0x9F93
mem[X,0x0000000080000ACA] -> 0x00AF
[695] [M]: 0x0000000080000AC8 (0x00AF9F93) slli t6, t6, 0xa
x31 <- 0xDFFF0006FFFA0000

mem[X,0x0000000080000ACC] -> 0x8F93
mem[X,0x0000000080000ACE] -> 0x002F
[696] [M]: 0x0000000080000ACC (0x002F8F93) addi t6, t6, 0x2
x31 <- 0xDFFF0006FFFA0002

mem[X,0x0000000080000AD0] -> 0xF83B
mem[X,0x0000000080000AD2] -> 0x9DF9
[697] [M]: 0x0000000080000AD0 (0x9DF9F83B) pmhraccu.h a6, s3, t6
x16 <- 0x67FE00040002FF01

mem[X,0x0000000080000AD4] -> 0x3823
mem[X,0x0000000080000AD6] -> 0x0101
[698] [M]: 0x0000000080000AD4 (0x01013823) sd a6, 0x10(sp)
mem[0x0000000080004210] <- 0x67FE00040002FF01

mem[X,0x0000000080000AD8] -> 0x0F37
mem[X,0x0000000080000ADA] -> 0xFFF7
[699] [M]: 0x0000000080000AD8 (0xFFF70F37) lui t5, -0x90
x30 <- 0xFFFFFFFFFFF70000

clint::tick mtime <- 0x0000000000000007
 clint timer pending at mtime 0x0000000000000007
htif::tick 0x0000000000000000
mem[X,0x0000000080000ADC] -> 0x0F13
mem[X,0x0000000080000ADE] -> 0x007F
[700] [M]: 0x0000000080000ADC (0x007F0F13) addi t5, t5, 0x7
x30 <- 0xFFFFFFFFFFF70007

mem[X,0x0000000080000AE0] -> 0x1F13
mem[X,0x0000000080000AE2] -> 0x00BF
[701] [M]: 0x0000000080000AE0 (0x00BF1F13) slli t5, t5, 0xb
x30 <- 0xFFFFFFFFB8003800

mem[X,0x0000000080000AE4] -> 0x0F13
mem[X,0x0000000080000AE6] -> 0x000F
[702] [M]: 0x0000000080000AE4 (0x000F0F13) addi t5, t5, 0x0
x30 <- 0xFFFFFFFFB8003800

mem[X,0x0000000080000AE8] -> 0x1F13
mem[X,0x0000000080000AEA] -> 0x00BF
[703] [M]: 0x0000000080000AE8 (0x00BF1F13) slli t5, t5, 0xb
x30 <- 0xFFFFFDC001C00000

mem[X,0x0000000080000AEC] -> 0x0F13
mem[X,0x0000000080000AEE] -> 0x177F
[704] [M]: 0x0000000080000AEC (0x177F0F13) addi t5, t5, 0x177
x30 <- 0xFFFFFDC001C00177

mem[X,0x0000000080000AF0] -> 0x1F13
mem[X,0x0000000080000AF2] -> 0x00AF
[705] [M]: 0x0000000080000AF0 (0x00AF1F13) slli t5, t5, 0xa
x30 <- 0xFFF700070005DC00

mem[X,0x0000000080000AF4] -> 0x0F13
mem[X,0x0000000080000AF6] -> 0x3FFF
[706] [M]: 0x0000000080000AF4 (0x3FFF0F13) addi t5, t5, 0x3ff
x30 <- 0xFFF700070005DFFF

mem[X,0x0000000080000AF8] -> 0xFEB7
mem[X,0x0000000080000AFA] -> 0xFFF8
[707] [M]: 0x0000000080000AF8 (0xFFF8FEB7) lui t4, -0x71
x29 <- 0xFFFFFFFFFFF8F000

mem[X,0x0000000080000AFC] -> 0x8E93
mem[X,0x0000000080000AFE] -> 0x7FFE
[708] [M]: 0x0000000080000AFC (0x7FFE8E93) addi t4, t4, 0x7ff
x29 <- 0xFFFFFFFFFFF8F7FF

mem[X,0x0000000080000B00] -> 0x9E93
mem[X,0x0000000080000B02] -> 0x00BE
[709] [M]: 0x0000000080000B00 (0x00BE9E93) slli t4, t4, 0xb
x29 <- 0xFFFFFFFFC7BFF800

mem[X,0x0000000080000B04] -> 0x8E93
mem[X,0x0000000080000B06] -> 0x7FFE
[710] [M]: 0x0000000080000B04 (0x7FFE8E93) addi t4, t4, 0x7ff
x29 <- 0xFFFFFFFFC7BFFFFF

mem[X,0x0000000080000B08] -> 0x9E93
mem[X,0x0000000080000B0A] -> 0x00BE
[711] [M]: 0x0000000080000B08 (0x00BE9E93) slli t4, t4, 0xb
x29 <- 0xFFFFFE3DFFFFF800

mem[X,0x0000000080000B0C] -> 0x8E93
mem[X,0x0000000080000B0E] -> 0x77FE
[712] [M]: 0x0000000080000B0C (0x77FE8E93) addi t4, t4, 0x77f
x29 <- 0xFFFFFE3DFFFFFF7F

mem[X,0x0000000080000B10] -> 0x9E93
mem[X,0x0000000080000B12] -> 0x00AE
[713] [M]: 0x0000000080000B10 (0x00AE9E93) slli t4, t4, 0xa
x29 <- 0xFFF8F7FFFFFDFC00

mem[X,0x0000000080000B14] -> 0x8E93
mem[X,0x0000000080000B16] -> 0x1FFE
[714] [M]: 0x0000000080000B14 (0x1FFE8E93) addi t4, t4, 0x1ff
x29 <- 0xFFF8F7FFFFFDFDFF

mem[X,0x0000000080000B18] -> 0x7FBB
mem[X,0x0000000080000B1A] -> 0x9DDF
[715] [M]: 0x0000000080000B18 (0x9DDF7FBB) pmhraccu.h t6, t5, t4
x31 <- 0xDFEE000DFFFFDE40

mem[X,0x0000000080000B1C] -> 0x3C23
mem[X,0x0000000080000B1E] -> 0x01F1
[716] [M]: 0x0000000080000B1C (0x01F13C23) sd t6, 0x18(sp)
mem[0x0000000080004218] <- 0xDFEE000DFFFFDE40

mem[X,0x0000000080000B20] -> 0x0F37
mem[X,0x0000000080000B22] -> 0x0801
[717] [M]: 0x0000000080000B20 (0x08010F37) lui t5, 0x8010
x30 <- 0x0000000008010000

mem[X,0x0000000080000B24] -> 0x0F13
mem[X,0x0000000080000B26] -> 0xFF8F
[718] [M]: 0x0000000080000B24 (0xFF8F0F13) addi t5, t5, -0x8
x30 <- 0x000000000800FFF8

mem[X,0x0000000080000B28] -> 0x1F13
mem[X,0x0000000080000B2A] -> 0x00BF
[719] [M]: 0x0000000080000B28 (0x00BF1F13) slli t5, t5, 0xb
x30 <- 0x0000004007FFC000

mem[X,0x0000000080000B2C] -> 0x0F13
mem[X,0x0000000080000B2E] -> 0x7DFF
[720] [M]: 0x0000000080000B2C (0x7DFF0F13) addi t5, t5, 0x7df
x30 <- 0x0000004007FFC7DF

mem[X,0x0000000080000B30] -> 0x1F13
mem[X,0x0000000080000B32] -> 0x00BF
[721] [M]: 0x0000000080000B30 (0x00BF1F13) slli t5, t5, 0xb
x30 <- 0x0002003FFE3EF800

mem[X,0x0000000080000B34] -> 0x0F13
mem[X,0x0000000080000B36] -> 0x7EFF
[722] [M]: 0x0000000080000B34 (0x7EFF0F13) addi t5, t5, 0x7ef
x30 <- 0x0002003FFE3EFFEF

mem[X,0x0000000080000B38] -> 0x1F13
mem[X,0x0000000080000B3A] -> 0x00AF
[723] [M]: 0x0000000080000B38 (0x00AF1F13) slli t5, t5, 0xa
x30 <- 0x0800FFF8FBFFBC00

mem[X,0x0000000080000B3C] -> 0x0F13
mem[X,0x0000000080000B3E] -> 0x3FFF
[724] [M]: 0x0000000080000B3C (0x3FFF0F13) addi t5, t5, 0x3ff
x30 <- 0x0800FFF8FBFFBFFF

mem[X,0x0000000080000B40] -> 0x0EB7
mem[X,0x0000000080000B42] -> 0xC001
[725] [M]: 0x0000000080000B40 (0xC0010EB7) lui t4, -0x3fff0
x29 <- 0xFFFFFFFFC0010000

mem[X,0x0000000080000B44] -> 0x8E93
mem[X,0x0000000080000B46] -> 0xEFFE
[726] [M]: 0x0000000080000B44 (0xEFFE8E93) addi t4, t4, -0x101
x29 <- 0xFFFFFFFFC000FEFF

mem[X,0x0000000080000B48] -> 0x9E93
mem[X,0x0000000080000B4A] -> 0x00BE
[727] [M]: 0x0000000080000B48 (0x00BE9E93) slli t4, t4, 0xb
x29 <- 0xFFFFFE0007F7F800

mem[X,0x0000000080000B4C] -> 0x8E93
mem[X,0x0000000080000B4E] -> 0x7FFE
[728] [M]: 0x0000000080000B4C (0x7FFE8E93) addi t4, t4, 0x7ff
x29 <- 0xFFFFFE0007F7FFFF

mem[X,0x0000000080000B50] -> 0x9E93
mem[X,0x0000000080000B52] -> 0x00BE
[729] [M]: 0x0000000080000B50 (0x00BE9E93) slli t4, t4, 0xb
x29 <- 0xFFF0003FBFFFF800

mem[X,0x0000000080000B54] -> 0x8E93
mem[X,0x0000000080000B56] -> 0x740E
[730] [M]: 0x0000000080000B54 (0x740E8E93) addi t4, t4, 0x740
x29 <- 0xFFF0003FBFFFFF40

mem[X,0x0000000080000B58] -> 0x9E93
mem[X,0x0000000080000B5A] -> 0x00AE
[731] [M]: 0x0000000080000B58 (0x00AE9E93) slli t4, t4, 0xa
x29 <- 0xC000FEFFFFFD0000

mem[X,0x0000000080000B5C] -> 0x8E93
mem[X,0x0000000080000B5E] -> 0x001E
[732] [M]: 0x0000000080000B5C (0x001E8E93) addi t4, t4, 0x1
x29 <- 0xC000FEFFFFFD0001

mem[X,0x0000000080000B60] -> 0x7FBB
mem[X,0x0000000080000B62] -> 0x9DDF
[733] [M]: 0x0000000080000B60 (0x9DDF7FBB) pmhraccu.h t6, t5, t4
x31 <- 0xE5EEFF04FBFBDE41

mem[X,0x0000000080000B64] -> 0x3023
mem[X,0x0000000080000B66] -> 0x03F1
[734] [M]: 0x0000000080000B64 (0x03F13023) sd t6, 0x20(sp)
mem[0x0000000080004220] <- 0xE5EEFF04FBFBDE41

mem[X,0x0000000080000B68] -> 0x0F37
mem[X,0x0000000080000B6A] -> 0x0007
[735] [M]: 0x0000000080000B68 (0x00070F37) lui t5, 0x70
x30 <- 0x0000000000070000

mem[X,0x0000000080000B6C] -> 0x0F13
mem[X,0x0000000080000B6E] -> 0x006F
[736] [M]: 0x0000000080000B6C (0x006F0F13) addi t5, t5, 0x6
x30 <- 0x0000000000070006

mem[X,0x0000000080000B70] -> 0x1F13
mem[X,0x0000000080000B72] -> 0x00BF
[737] [M]: 0x0000000080000B70 (0x00BF1F13) slli t5, t5, 0xb
x30 <- 0x0000000038003000

mem[X,0x0000000080000B74] -> 0x0F13
mem[X,0x0000000080000B76] -> 0x7FFF
[738] [M]: 0x0000000080000B74 (0x7FFF0F13) addi t5, t5, 0x7ff
x30 <- 0x00000000380037FF

mem[X,0x0000000080000B78] -> 0x1F13
mem[X,0x0000000080000B7A] -> 0x00BF
[739] [M]: 0x0000000080000B78 (0x00BF1F13) slli t5, t5, 0xb
x30 <- 0x000001C001BFF800

mem[X,0x0000000080000B7C] -> 0x0F13
mem[X,0x0000000080000B7E] -> 0x795F
[740] [M]: 0x0000000080000B7C (0x795F0F13) addi t5, t5, 0x795
x30 <- 0x000001C001BFFF95

mem[X,0x0000000080000B80] -> 0x1F13
mem[X,0x0000000080000B82] -> 0x00AF
[741] [M]: 0x0000000080000B80 (0x00AF1F13) slli t5, t5, 0xa
x30 <- 0x00070006FFFE5400

mem[X,0x0000000080000B84] -> 0x0F13
mem[X,0x0000000080000B86] -> 0x155F
[742] [M]: 0x0000000080000B84 (0x155F0F13) addi t5, t5, 0x155
x30 <- 0x00070006FFFE5555

mem[X,0x0000000080000B88] -> 0x0EB7
mem[X,0x0000000080000B8A] -> 0x0005
[743] [M]: 0x0000000080000B88 (0x00050EB7) lui t4, 0x50
x29 <- 0x0000000000050000

mem[X,0x0000000080000B8C] -> 0x8E93
mem[X,0x0000000080000B8E] -> 0xFF6E
[744] [M]: 0x0000000080000B8C (0xFF6E8E93) addi t4, t4, -0xa
x29 <- 0x000000000004FFF6

mem[X,0x0000000080000B90] -> 0x9E93
mem[X,0x0000000080000B92] -> 0x00BE
[745] [M]: 0x0000000080000B90 (0x00BE9E93) slli t4, t4, 0xb
x29 <- 0x0000000027FFB000

mem[X,0x0000000080000B94] -> 0x8E93
mem[X,0x0000000080000B96] -> 0x7FFE
[746] [M]: 0x0000000080000B94 (0x7FFE8E93) addi t4, t4, 0x7ff
x29 <- 0x0000000027FFB7FF

mem[X,0x0000000080000B98] -> 0x9E93
mem[X,0x0000000080000B9A] -> 0x00BE
[747] [M]: 0x0000000080000B98 (0x00BE9E93) slli t4, t4, 0xb
x29 <- 0x0000013FFDBFF800

mem[X,0x0000000080000B9C] -> 0x8E93
mem[X,0x0000000080000B9E] -> 0x780E
[748] [M]: 0x0000000080000B9C (0x780E8E93) addi t4, t4, 0x780
x29 <- 0x0000013FFDBFFF80

mem[X,0x0000000080000BA0] -> 0x9E93
mem[X,0x0000000080000BA2] -> 0x00AE
[749] [M]: 0x0000000080000BA0 (0x00AE9E93) slli t4, t4, 0xa
x29 <- 0x0004FFF6FFFE0000

mem[X,0x0000000080000BA4] -> 0x8E93
mem[X,0x0000000080000BA6] -> 0x005E
[750] [M]: 0x0000000080000BA4 (0x005E8E93) addi t4, t4, 0x5
x29 <- 0x0004FFF6FFFE0005

mem[X,0x0000000080000BA8] -> 0x7FBB
mem[X,0x0000000080000BAA] -> 0x9DDF
[751] [M]: 0x0000000080000BA8 (0x9DDF7FBB) pmhraccu.h t6, t5, t4
x31 <- 0xE5EEFF0AFBF7DE43

mem[X,0x0000000080000BAC] -> 0x3423
mem[X,0x0000000080000BAE] -> 0x03F1
[752] [M]: 0x0000000080000BAC (0x03F13423) sd t6, 0x28(sp)
mem[0x0000000080004228] <- 0xE5EEFF0AFBF7DE43

mem[X,0x0000000080000BB0] -> 0x0F37
mem[X,0x0000000080000BB2] -> 0xFBFF
[753] [M]: 0x0000000080000BB0 (0xFBFF0F37) lui t5, -0x4010
x30 <- 0xFFFFFFFFFBFF0000

mem[X,0x0000000080000BB4] -> 0x0F13
mem[X,0x0000000080000BB6] -> 0x002F
[754] [M]: 0x0000000080000BB4 (0x002F0F13) addi t5, t5, 0x2
x30 <- 0xFFFFFFFFFBFF0002

mem[X,0x0000000080000BB8] -> 0x1F13
mem[X,0x0000000080000BBA] -> 0x00BF
[755] [M]: 0x0000000080000BB8 (0x00BF1F13) slli t5, t5, 0xb
x30 <- 0xFFFFFFDFF8001000

mem[X,0x0000000080000BBC] -> 0x0F13
mem[X,0x0000000080000BBE] -> 0x7FFF
[756] [M]: 0x0000000080000BBC (0x7FFF0F13) addi t5, t5, 0x7ff
x30 <- 0xFFFFFFDFF80017FF

mem[X,0x0000000080000BC0] -> 0x1F13
mem[X,0x0000000080000BC2] -> 0x00BF
[757] [M]: 0x0000000080000BC0 (0x00BF1F13) slli t5, t5, 0xb
x30 <- 0xFFFEFFC000BFF800

mem[X,0x0000000080000BC4] -> 0x0F13
mem[X,0x0000000080000BC6] -> 0x700F
[758] [M]: 0x0000000080000BC4 (0x700F0F13) addi t5, t5, 0x700
x30 <- 0xFFFEFFC000BFFF00

mem[X,0x0000000080000BC8] -> 0x1F13
mem[X,0x0000000080000BCA] -> 0x00AF
[759] [M]: 0x0000000080000BC8 (0x00AF1F13) slli t5, t5, 0xa
x30 <- 0xFBFF0002FFFC0000

mem[X,0x0000000080000BCC] -> 0x0F13
mem[X,0x0000000080000BCE] -> 0x007F
[760] [M]: 0x0000000080000BCC (0x007F0F13) addi t5, t5, 0x7
x30 <- 0xFBFF0002FFFC0007

mem[X,0x0000000080000BD0] -> 0x0EB7
mem[X,0x0000000080000BD2] -> 0x8000
[761] [M]: 0x0000000080000BD0 (0x80000EB7) lui t4, -0x80000
x29 <- 0xFFFFFFFF80000000

mem[X,0x0000000080000BD4] -> 0x8E93
mem[X,0x0000000080000BD6] -> 0xEFFE
[762] [M]: 0x0000000080000BD4 (0xEFFE8E93) addi t4, t4, -0x101
x29 <- 0xFFFFFFFF7FFFFEFF

mem[X,0x0000000080000BD8] -> 0x9E93
mem[X,0x0000000080000BDA] -> 0x00BE
[763] [M]: 0x0000000080000BD8 (0x00BE9E93) slli t4, t4, 0xb
x29 <- 0xFFFFFBFFFFF7F800

mem[X,0x0000000080000BDC] -> 0x8E93
mem[X,0x0000000080000BDE] -> 0x7FFE
[764] [M]: 0x0000000080000BDC (0x7FFE8E93) addi t4, t4, 0x7ff
x29 <- 0xFFFFFBFFFFF7FFFF

mem[X,0x0000000080000BE0] -> 0x9E93
mem[X,0x0000000080000BE2] -> 0x00BE
[765] [M]: 0x0000000080000BE0 (0x00BE9E93) slli t4, t4, 0xb
x29 <- 0xFFDFFFFFBFFFF800

mem[X,0x0000000080000BE4] -> 0x8E93
mem[X,0x0000000080000BE6] -> 0x3C0E
[766] [M]: 0x0000000080000BE4 (0x3C0E8E93) addi t4, t4, 0x3c0
x29 <- 0xFFDFFFFFBFFFFBC0

mem[X,0x0000000080000BE8] -> 0x9E93
mem[X,0x0000000080000BEA] -> 0x00AE
[767] [M]: 0x0000000080000BE8 (0x00AE9E93) slli t4, t4, 0xa
x29 <- 0x7FFFFEFFFFEF0000

mem[X,0x0000000080000BEC] -> 0x8E93
mem[X,0x0000000080000BEE] -> 0x008E
[768] [M]: 0x0000000080000BEC (0x008E8E93) addi t4, t4, 0x8
x29 <- 0x7FFFFEFFFFEF0008

mem[X,0x0000000080000BF0] -> 0x7FBB
mem[X,0x0000000080000BF2] -> 0x9DDF
[769] [M]: 0x0000000080000BF0 (0x9DDF7FBB) pmhraccu.h t6, t5, t4
x31 <- 0x63EDFF0CFBE2DE43

mem[X,0x0000000080000BF4] -> 0x3823
mem[X,0x0000000080000BF6] -> 0x03F1
[770] [M]: 0x0000000080000BF4 (0x03F13823) sd t6, 0x30(sp)
mem[0x0000000080004230] <- 0x63EDFF0CFBE2DE43

mem[X,0x0000000080000BF8] -> 0x0F37
mem[X,0x0000000080000BFA] -> 0xFFFD
[771] [M]: 0x0000000080000BF8 (0xFFFD0F37) lui t5, -0x30
x30 <- 0xFFFFFFFFFFFD0000

mem[X,0x0000000080000BFC] -> 0x0F13
mem[X,0x0000000080000BFE] -> 0xEFFF
[772] [M]: 0x0000000080000BFC (0xEFFF0F13) addi t5, t5, -0x101
x30 <- 0xFFFFFFFFFFFCFEFF

mem[X,0x0000000080000C00] -> 0x1F13
mem[X,0x0000000080000C02] -> 0x00BF
[773] [M]: 0x0000000080000C00 (0x00BF1F13) slli t5, t5, 0xb
x30 <- 0xFFFFFFFFE7F7F800

mem[X,0x0000000080000C04] -> 0x0F13
mem[X,0x0000000080000C06] -> 0x010F
[774] [M]: 0x0000000080000C04 (0x010F0F13) addi t5, t5, 0x10
x30 <- 0xFFFFFFFFE7F7F810

mem[X,0x0000000080000C08] -> 0x1F13
mem[X,0x0000000080000C0A] -> 0x00BF
[775] [M]: 0x0000000080000C08 (0x00BF1F13) slli t5, t5, 0xb
x30 <- 0xFFFFFF3FBFC08000

mem[X,0x0000000080000C0C] -> 0x0F13
mem[X,0x0000000080000C0E] -> 0x03FF
[776] [M]: 0x0000000080000C0C (0x03FF0F13) addi t5, t5, 0x3f
x30 <- 0xFFFFFF3FBFC0803F

mem[X,0x0000000080000C10] -> 0x1F13
mem[X,0x0000000080000C12] -> 0x00AF
[777] [M]: 0x0000000080000C10 (0x00AF1F13) slli t5, t5, 0xa
x30 <- 0xFFFCFEFF0200FC00

mem[X,0x0000000080000C14] -> 0x0F13
mem[X,0x0000000080000C16] -> 0x3FFF
[778] [M]: 0x0000000080000C14 (0x3FFF0F13) addi t5, t5, 0x3ff
x30 <- 0xFFFCFEFF0200FFFF

mem[X,0x0000000080000C18] -> 0x0EB7
mem[X,0x0000000080000C1A] -> 0x0002
[779] [M]: 0x0000000080000C18 (0x00020EB7) lui t4, 0x20
x29 <- 0x0000000000020000

mem[X,0x0000000080000C1C] -> 0x8E93
mem[X,0x0000000080000C1E] -> 0x002E
[780] [M]: 0x0000000080000C1C (0x002E8E93) addi t4, t4, 0x2
x29 <- 0x0000000000020002

mem[X,0x0000000080000C20] -> 0x9E93
mem[X,0x0000000080000C22] -> 0x00BE
[781] [M]: 0x0000000080000C20 (0x00BE9E93) slli t4, t4, 0xb
x29 <- 0x0000000010001000

mem[X,0x0000000080000C24] -> 0x8E93
mem[X,0x0000000080000C26] -> 0x000E
[782] [M]: 0x0000000080000C24 (0x000E8E93) addi t4, t4, 0x0
x29 <- 0x0000000010001000

mem[X,0x0000000080000C28] -> 0x9E93
mem[X,0x0000000080000C2A] -> 0x00BE
[783] [M]: 0x0000000080000C28 (0x00BE9E93) slli t4, t4, 0xb
x29 <- 0x0000008000800000

mem[X,0x0000000080000C2C] -> 0x8E93
mem[X,0x0000000080000C2E] -> 0x240E
[784] [M]: 0x0000000080000C2C (0x240E8E93) addi t4, t4, 0x240
x29 <- 0x0000008000800240

mem[X,0x0000000080000C30] -> 0x9E93
mem[X,0x0000000080000C32] -> 0x00AE
[785] [M]: 0x0000000080000C30 (0x00AE9E93) slli t4, t4, 0xa
x29 <- 0x0002000200090000

mem[X,0x0000000080000C34] -> 0x8E93
mem[X,0x0000000080000C36] -> 0x020E
[786] [M]: 0x0000000080000C34 (0x020E8E93) addi t4, t4, 0x20
x29 <- 0x0002000200090020

mem[X,0x0000000080000C38] -> 0x7FBB
mem[X,0x0000000080000C3A] -> 0x9DDF
[787] [M]: 0x0000000080000C38 (0x9DDF7FBB) pmhraccu.h t6, t5, t4
x31 <- 0x63EFFF0EFBE2DE63

mem[X,0x0000000080000C3C] -> 0x3C23
mem[X,0x0000000080000C3E] -> 0x03F1
[788] [M]: 0x0000000080000C3C (0x03F13C23) sd t6, 0x38(sp)
mem[0x0000000080004238] <- 0x63EFFF0EFBE2DE63

mem[X,0x0000000080000C40] -> 0x0F37
mem[X,0x0000000080000C42] -> 0x7FFF
[789] [M]: 0x0000000080000C40 (0x7FFF0F37) lui t5, 0x7fff0
x30 <- 0x000000007FFF0000

mem[X,0x0000000080000C44] -> 0x0F13
mem[X,0x0000000080000C46] -> 0x008F
[790] [M]: 0x0000000080000C44 (0x008F0F13) addi t5, t5, 0x8
x30 <- 0x000000007FFF0008

mem[X,0x0000000080000C48] -> 0x1F13
mem[X,0x0000000080000C4A] -> 0x00BF
[791] [M]: 0x0000000080000C48 (0x00BF1F13) slli t5, t5, 0xb
x30 <- 0x000003FFF8004000

mem[X,0x0000000080000C4C] -> 0x0F13
mem[X,0x0000000080000C4E] -> 0x7FBF
[792] [M]: 0x0000000080000C4C (0x7FBF0F13) addi t5, t5, 0x7fb
x30 <- 0x000003FFF80047FB

mem[X,0x0000000080000C50] -> 0x1F13
mem[X,0x0000000080000C52] -> 0x00BF
[793] [M]: 0x0000000080000C50 (0x00BF1F13) slli t5, t5, 0xb
x30 <- 0x001FFFC0023FD800

mem[X,0x0000000080000C54] -> 0x0F13
mem[X,0x0000000080000C56] -> 0x7E0F
[794] [M]: 0x0000000080000C54 (0x7E0F0F13) addi t5, t5, 0x7e0
x30 <- 0x001FFFC0023FDFE0

mem[X,0x0000000080000C58] -> 0x1F13
mem[X,0x0000000080000C5A] -> 0x00AF
[795] [M]: 0x0000000080000C58 (0x00AF1F13) slli t5, t5, 0xa
x30 <- 0x7FFF0008FF7F8000

mem[X,0x0000000080000C5C] -> 0x0EB7
mem[X,0x0000000080000C5E] -> 0x0020
[796] [M]: 0x0000000080000C5C (0x00200EB7) lui t4, 0x200
x29 <- 0x0000000000200000

mem[X,0x0000000080000C60] -> 0x8E93
mem[X,0x0000000080000C62] -> 0x400E
[797] [M]: 0x0000000080000C60 (0x400E8E93) addi t4, t4, 0x400
x29 <- 0x0000000000200400

mem[X,0x0000000080000C64] -> 0x9E93
mem[X,0x0000000080000C66] -> 0x00BE
[798] [M]: 0x0000000080000C64 (0x00BE9E93) slli t4, t4, 0xb
x29 <- 0x0000000100200000

mem[X,0x0000000080000C68] -> 0x8E93
mem[X,0x0000000080000C6A] -> 0x080E
[799] [M]: 0x0000000080000C68 (0x080E8E93) addi t4, t4, 0x80
x29 <- 0x0000000100200080

clint::tick mtime <- 0x0000000000000008
 clint timer pending at mtime 0x0000000000000008
htif::tick 0x0000000000000000
mem[X,0x0000000080000C6C] -> 0x9E93
mem[X,0x0000000080000C6E] -> 0x00BE
[800] [M]: 0x0000000080000C6C (0x00BE9E93) slli t4, t4, 0xb
x29 <- 0x0000080100040000

mem[X,0x0000000080000C70] -> 0x8E93
mem[X,0x0000000080000C72] -> 0x02AE
[801] [M]: 0x0000000080000C70 (0x02AE8E93) addi t4, t4, 0x2a
x29 <- 0x000008010004002A

mem[X,0x0000000080000C74] -> 0x9E93
mem[X,0x0000000080000C76] -> 0x00AE
[802] [M]: 0x0000000080000C74 (0x00AE9E93) slli t4, t4, 0xa
x29 <- 0x002004001000A800

mem[X,0x0000000080000C78] -> 0x8E93
mem[X,0x0000000080000C7A] -> 0x2AAE
[803] [M]: 0x0000000080000C78 (0x2AAE8E93) addi t4, t4, 0x2aa
x29 <- 0x002004001000AAAA

mem[X,0x0000000080000C7C] -> 0x7FBB
mem[X,0x0000000080000C7E] -> 0x9DDF
[804] [M]: 0x0000000080000C7C (0x9DDF7FBB) pmhraccu.h t6, t5, t4
x31 <- 0x63FFFF0E0BDA33B8

mem[X,0x0000000080000C80] -> 0x3023
mem[X,0x0000000080000C82] -> 0x05F1
[805] [M]: 0x0000000080000C80 (0x05F13023) sd t6, 0x40(sp)
mem[0x0000000080004240] <- 0x63FFFF0E0BDA33B8

mem[X,0x0000000080000C84] -> 0x0F37
mem[X,0x0000000080000C86] -> 0x1000
[806] [M]: 0x0000000080000C84 (0x10000F37) lui t5, 0x10000
x30 <- 0x0000000010000000

mem[X,0x0000000080000C88] -> 0x0F13
mem[X,0x0000000080000C8A] -> 0x007F
[807] [M]: 0x0000000080000C88 (0x007F0F13) addi t5, t5, 0x7
x30 <- 0x0000000010000007

mem[X,0x0000000080000C8C] -> 0x1F13
mem[X,0x0000000080000C8E] -> 0x00BF
[808] [M]: 0x0000000080000C8C (0x00BF1F13) slli t5, t5, 0xb
x30 <- 0x0000008000003800

mem[X,0x0000000080000C90] -> 0x0F13
mem[X,0x0000000080000C92] -> 0x000F
[809] [M]: 0x0000000080000C90 (0x000F0F13) addi t5, t5, 0x0
x30 <- 0x0000008000003800

mem[X,0x0000000080000C94] -> 0x1F13
mem[X,0x0000000080000C96] -> 0x00BF
[810] [M]: 0x0000000080000C94 (0x00BF1F13) slli t5, t5, 0xb
x30 <- 0x0004000001C00000

mem[X,0x0000000080000C98] -> 0x0F13
mem[X,0x0000000080000C9A] -> 0x180F
[811] [M]: 0x0000000080000C98 (0x180F0F13) addi t5, t5, 0x180
x30 <- 0x0004000001C00180

mem[X,0x0000000080000C9C] -> 0x1F13
mem[X,0x0000000080000C9E] -> 0x00AF
[812] [M]: 0x0000000080000C9C (0x00AF1F13) slli t5, t5, 0xa
x30 <- 0x1000000700060000

mem[X,0x0000000080000CA0] -> 0x0F13
mem[X,0x0000000080000CA2] -> 0x001F
[813] [M]: 0x0000000080000CA0 (0x001F0F13) addi t5, t5, 0x1
x30 <- 0x1000000700060001

mem[X,0x0000000080000CA4] -> 0x0EB7
mem[X,0x0000000080000CA6] -> 0x0101
[814] [M]: 0x0000000080000CA4 (0x01010EB7) lui t4, 0x1010
x29 <- 0x0000000001010000

mem[X,0x0000000080000CA8] -> 0x8E93
mem[X,0x0000000080000CAA] -> 0xBFFE
[815] [M]: 0x0000000080000CA8 (0xBFFE8E93) addi t4, t4, -0x401
x29 <- 0x000000000100FBFF

mem[X,0x0000000080000CAC] -> 0x9E93
mem[X,0x0000000080000CAE] -> 0x00BE
[816] [M]: 0x0000000080000CAC (0x00BE9E93) slli t4, t4, 0xb
x29 <- 0x0000000807DFF800

mem[X,0x0000000080000CB0] -> 0x8E93
mem[X,0x0000000080000CB2] -> 0x000E
[817] [M]: 0x0000000080000CB0 (0x000E8E93) addi t4, t4, 0x0
x29 <- 0x0000000807DFF800

mem[X,0x0000000080000CB4] -> 0x9E93
mem[X,0x0000000080000CB6] -> 0x00BE
[818] [M]: 0x0000000080000CB4 (0x00BE9E93) slli t4, t4, 0xb
x29 <- 0x0000403EFFC00000

mem[X,0x0000000080000CB8] -> 0x8E93
mem[X,0x0000000080000CBA] -> 0x43EE
[819] [M]: 0x0000000080000CB8 (0x43EE8E93) addi t4, t4, 0x43e
x29 <- 0x0000403EFFC0043E

mem[X,0x0000000080000CBC] -> 0x9E93
mem[X,0x0000000080000CBE] -> 0x00AE
[820] [M]: 0x0000000080000CBC (0x00AE9E93) slli t4, t4, 0xa
x29 <- 0x0100FBFF0010F800

mem[X,0x0000000080000CC0] -> 0x8E93
mem[X,0x0000000080000CC2] -> 0x3FFE
[821] [M]: 0x0000000080000CC0 (0x3FFE8E93) addi t4, t4, 0x3ff
x29 <- 0x0100FBFF0010FBFF

mem[X,0x0000000080000CC4] -> 0x7FBB
mem[X,0x0000000080000CC6] -> 0x9DDF
[822] [M]: 0x0000000080000CC4 (0x9DDF7FBB) pmhraccu.h t6, t5, t4
x31 <- 0x640FFF150BDA33B9

mem[X,0x0000000080000CC8] -> 0x3423
mem[X,0x0000000080000CCA] -> 0x05F1
[823] [M]: 0x0000000080000CC8 (0x05F13423) sd t6, 0x48(sp)
mem[0x0000000080004248] <- 0x640FFF150BDA33B9

mem[X,0x0000000080000CCC] -> 0x0F37
mem[X,0x0000000080000CCE] -> 0x0401
[824] [M]: 0x0000000080000CCC (0x04010F37) lui t5, 0x4010
x30 <- 0x0000000004010000

mem[X,0x0000000080000CD0] -> 0x0F13
mem[X,0x0000000080000CD2] -> 0xFFEF
[825] [M]: 0x0000000080000CD0 (0xFFEF0F13) addi t5, t5, -0x2
x30 <- 0x000000000400FFFE

mem[X,0x0000000080000CD4] -> 0x1F13
mem[X,0x0000000080000CD6] -> 0x00BF
[826] [M]: 0x0000000080000CD4 (0x00BF1F13) slli t5, t5, 0xb
x30 <- 0x0000002007FFF000

mem[X,0x0000000080000CD8] -> 0x0F13
mem[X,0x0000000080000CDA] -> 0x7FFF
[827] [M]: 0x0000000080000CD8 (0x7FFF0F13) addi t5, t5, 0x7ff
x30 <- 0x0000002007FFF7FF

mem[X,0x0000000080000CDC] -> 0x1F13
mem[X,0x0000000080000CDE] -> 0x00BF
[828] [M]: 0x0000000080000CDC (0x00BF1F13) slli t5, t5, 0xb
x30 <- 0x0001003FFFBFF800

mem[X,0x0000000080000CE0] -> 0x0F13
mem[X,0x0000000080000CE2] -> 0x600F
[829] [M]: 0x0000000080000CE0 (0x600F0F13) addi t5, t5, 0x600
x30 <- 0x0001003FFFBFFE00

mem[X,0x0000000080000CE4] -> 0x1F13
mem[X,0x0000000080000CE6] -> 0x00AF
[830] [M]: 0x0000000080000CE4 (0x00AF1F13) slli t5, t5, 0xa
x30 <- 0x0400FFFEFFF80000

mem[X,0x0000000080000CE8] -> 0x0F13
mem[X,0x0000000080000CEA] -> 0x008F
[831] [M]: 0x0000000080000CE8 (0x008F0F13) addi t5, t5, 0x8
x30 <- 0x0400FFFEFFF80008

mem[X,0x0000000080000CEC] -> 0xCEB7
mem[X,0x0000000080000CEE] -> 0x0800
[832] [M]: 0x0000000080000CEC (0x0800CEB7) lui t4, 0x800c
x29 <- 0x000000000800C000

mem[X,0x0000000080000CF0] -> 0x8E93
mem[X,0x0000000080000CF2] -> 0xFFFE
[833] [M]: 0x0000000080000CF0 (0xFFFE8E93) addi t4, t4, -0x1
x29 <- 0x000000000800BFFF

mem[X,0x0000000080000CF4] -> 0x9E93
mem[X,0x0000000080000CF6] -> 0x00BE
[834] [M]: 0x0000000080000CF4 (0x00BE9E93) slli t4, t4, 0xb
x29 <- 0x0000004005FFF800

mem[X,0x0000000080000CF8] -> 0x8E93
mem[X,0x0000000080000CFA] -> 0x7FFE
[835] [M]: 0x0000000080000CF8 (0x7FFE8E93) addi t4, t4, 0x7ff
x29 <- 0x0000004005FFFFFF

mem[X,0x0000000080000CFC] -> 0x9E93
mem[X,0x0000000080000CFE] -> 0x00BE
[836] [M]: 0x0000000080000CFC (0x00BE9E93) slli t4, t4, 0xb
x29 <- 0x0002002FFFFFF800

mem[X,0x0000000080000D00] -> 0x8E93
mem[X,0x0000000080000D02] -> 0x6FFE
[837] [M]: 0x0000000080000D00 (0x6FFE8E93) addi t4, t4, 0x6ff
x29 <- 0x0002002FFFFFFEFF

mem[X,0x0000000080000D04] -> 0x9E93
mem[X,0x0000000080000D06] -> 0x00AE
[838] [M]: 0x0000000080000D04 (0x00AE9E93) slli t4, t4, 0xa
x29 <- 0x0800BFFFFFFBFC00

mem[X,0x0000000080000D08] -> 0x8E93
mem[X,0x0000000080000D0A] -> 0x37FE
[839] [M]: 0x0000000080000D08 (0x37FE8E93) addi t4, t4, 0x37f
x29 <- 0x0800BFFFFFFBFF7F

mem[X,0x0000000080000D0C] -> 0x7FBB
mem[X,0x0000000080000D0E] -> 0x9DDF
[840] [M]: 0x0000000080000D0C (0x9DDF7FBB) pmhraccu.h t6, t5, t4
x31 <- 0x642FBF130BCD33C1

mem[X,0x0000000080000D10] -> 0x3823
mem[X,0x0000000080000D12] -> 0x05F1
[841] [M]: 0x0000000080000D10 (0x05F13823) sd t6, 0x50(sp)
mem[0x0000000080004250] <- 0x642FBF130BCD33C1

mem[X,0x0000000080000D14] -> 0x0F37
mem[X,0x0000000080000D16] -> 0xFFF8
[842] [M]: 0x0000000080000D14 (0xFFF80F37) lui t5, -0x80
x30 <- 0xFFFFFFFFFFF80000

mem[X,0x0000000080000D18] -> 0x0F13
mem[X,0x0000000080000D1A] -> 0x002F
[843] [M]: 0x0000000080000D18 (0x002F0F13) addi t5, t5, 0x2
x30 <- 0xFFFFFFFFFFF80002

mem[X,0x0000000080000D1C] -> 0x1F13
mem[X,0x0000000080000D1E] -> 0x00BF
[844] [M]: 0x0000000080000D1C (0x00BF1F13) slli t5, t5, 0xb
x30 <- 0xFFFFFFFFC0001000

mem[X,0x0000000080000D20] -> 0x0F13
mem[X,0x0000000080000D22] -> 0x080F
[845] [M]: 0x0000000080000D20 (0x080F0F13) addi t5, t5, 0x80
x30 <- 0xFFFFFFFFC0001080

mem[X,0x0000000080000D24] -> 0x1F13
mem[X,0x0000000080000D26] -> 0x00BF
[846] [M]: 0x0000000080000D24 (0x00BF1F13) slli t5, t5, 0xb
x30 <- 0xFFFFFE0000840000

mem[X,0x0000000080000D28] -> 0x0F13
mem[X,0x0000000080000D2A] -> 0x03FF
[847] [M]: 0x0000000080000D28 (0x03FF0F13) addi t5, t5, 0x3f
x30 <- 0xFFFFFE000084003F

mem[X,0x0000000080000D2C] -> 0x1F13
mem[X,0x0000000080000D2E] -> 0x00AF
[848] [M]: 0x0000000080000D2C (0x00AF1F13) slli t5, t5, 0xa
x30 <- 0xFFF800021000FC00

mem[X,0x0000000080000D30] -> 0x0F13
mem[X,0x0000000080000D32] -> 0x3F6F
[849] [M]: 0x0000000080000D30 (0x3F6F0F13) addi t5, t5, 0x3f6
x30 <- 0xFFF800021000FFF6

mem[X,0x0000000080000D34] -> 0x0EB7
mem[X,0x0000000080000D36] -> 0x1000
[850] [M]: 0x0000000080000D34 (0x10000EB7) lui t4, 0x10000
x29 <- 0x0000000010000000

mem[X,0x0000000080000D38] -> 0x8E93
mem[X,0x0000000080000D3A] -> 0x001E
[851] [M]: 0x0000000080000D38 (0x001E8E93) addi t4, t4, 0x1
x29 <- 0x0000000010000001

mem[X,0x0000000080000D3C] -> 0x9E93
mem[X,0x0000000080000D3E] -> 0x00BE
[852] [M]: 0x0000000080000D3C (0x00BE9E93) slli t4, t4, 0xb
x29 <- 0x0000008000000800

mem[X,0x0000000080000D40] -> 0x8E93
mem[X,0x0000000080000D42] -> 0x6FFE
[853] [M]: 0x0000000080000D40 (0x6FFE8E93) addi t4, t4, 0x6ff
x29 <- 0x0000008000000EFF

mem[X,0x0000000080000D44] -> 0x9E93
mem[X,0x0000000080000D46] -> 0x00BE
[854] [M]: 0x0000000080000D44 (0x00BE9E93) slli t4, t4, 0xb
x29 <- 0x000400000077F800

mem[X,0x0000000080000D48] -> 0x8E93
mem[X,0x0000000080000D4A] -> 0x7FFE
[855] [M]: 0x0000000080000D48 (0x7FFE8E93) addi t4, t4, 0x7ff
x29 <- 0x000400000077FFFF

mem[X,0x0000000080000D4C] -> 0x9E93
mem[X,0x0000000080000D4E] -> 0x00AE
[856] [M]: 0x0000000080000D4C (0x00AE9E93) slli t4, t4, 0xa
x29 <- 0x10000001DFFFFC00

mem[X,0x0000000080000D50] -> 0x8E93
mem[X,0x0000000080000D52] -> 0x3FFE
[857] [M]: 0x0000000080000D50 (0x3FFE8E93) addi t4, t4, 0x3ff
x29 <- 0x10000001DFFFFFFF

mem[X,0x0000000080000D54] -> 0x7FBB
mem[X,0x0000000080000D56] -> 0x9DDF
[858] [M]: 0x0000000080000D54 (0x9DDF7FBB) pmhraccu.h t6, t5, t4
x31 <- 0x742FBF1319CD33B6

mem[X,0x0000000080000D58] -> 0x3C23
mem[X,0x0000000080000D5A] -> 0x05F1
[859] [M]: 0x0000000080000D58 (0x05F13C23) sd t6, 0x58(sp)
mem[0x0000000080004258] <- 0x742FBF1319CD33B6

mem[X,0x0000000080000D5C] -> 0x0F37
mem[X,0x0000000080000D5E] -> 0x0006
[860] [M]: 0x0000000080000D5C (0x00060F37) lui t5, 0x60
x30 <- 0x0000000000060000

mem[X,0x0000000080000D60] -> 0x0F13
mem[X,0x0000000080000D62] -> 0xFFCF
[861] [M]: 0x0000000080000D60 (0xFFCF0F13) addi t5, t5, -0x4
x30 <- 0x000000000005FFFC

mem[X,0x0000000080000D64] -> 0x1F13
mem[X,0x0000000080000D66] -> 0x00BF
[862] [M]: 0x0000000080000D64 (0x00BF1F13) slli t5, t5, 0xb
x30 <- 0x000000002FFFE000

mem[X,0x0000000080000D68] -> 0x0F13
mem[X,0x0000000080000D6A] -> 0x600F
[863] [M]: 0x0000000080000D68 (0x600F0F13) addi t5, t5, 0x600
x30 <- 0x000000002FFFE600

mem[X,0x0000000080000D6C] -> 0x1F13
mem[X,0x0000000080000D6E] -> 0x00BF
[864] [M]: 0x0000000080000D6C (0x00BF1F13) slli t5, t5, 0xb
x30 <- 0x0000017FFF300000

mem[X,0x0000000080000D70] -> 0x0F13
mem[X,0x0000000080000D72] -> 0x010F
[865] [M]: 0x0000000080000D70 (0x010F0F13) addi t5, t5, 0x10
x30 <- 0x0000017FFF300010

mem[X,0x0000000080000D74] -> 0x1F13
mem[X,0x0000000080000D76] -> 0x00AF
[866] [M]: 0x0000000080000D74 (0x00AF1F13) slli t5, t5, 0xa
x30 <- 0x0005FFFCC0004000

mem[X,0x0000000080000D78] -> 0x0EB7
mem[X,0x0000000080000D7A] -> 0x2000
[867] [M]: 0x0000000080000D78 (0x20000EB7) lui t4, 0x20000
x29 <- 0x0000000020000000

mem[X,0x0000000080000D7C] -> 0x8E93
mem[X,0x0000000080000D7E] -> 0x080E
[868] [M]: 0x0000000080000D7C (0x080E8E93) addi t4, t4, 0x80
x29 <- 0x0000000020000080

mem[X,0x0000000080000D80] -> 0x9E93
mem[X,0x0000000080000D82] -> 0x00BE
[869] [M]: 0x0000000080000D80 (0x00BE9E93) slli t4, t4, 0xb
x29 <- 0x0000010000040000

mem[X,0x0000000080000D84] -> 0x8E93
mem[X,0x0000000080000D86] -> 0x7FFE
[870] [M]: 0x0000000080000D84 (0x7FFE8E93) addi t4, t4, 0x7ff
x29 <- 0x00000100000407FF

mem[X,0x0000000080000D88] -> 0x9E93
mem[X,0x0000000080000D8A] -> 0x00BE
[871] [M]: 0x0000000080000D88 (0x00BE9E93) slli t4, t4, 0xb
x29 <- 0x00080000203FF800

mem[X,0x0000000080000D8C] -> 0x8E93
mem[X,0x0000000080000D8E] -> 0x7FFE
[872] [M]: 0x0000000080000D8C (0x7FFE8E93) addi t4, t4, 0x7ff
x29 <- 0x00080000203FFFFF

mem[X,0x0000000080000D90] -> 0x9E93
mem[X,0x0000000080000D92] -> 0x00AE
[873] [M]: 0x0000000080000D90 (0x00AE9E93) slli t4, t4, 0xa
x29 <- 0x20000080FFFFFC00

mem[X,0x0000000080000D94] -> 0x8E93
mem[X,0x0000000080000D96] -> 0x3FEE
[874] [M]: 0x0000000080000D94 (0x3FEE8E93) addi t4, t4, 0x3fe
x29 <- 0x20000080FFFFFFFE

mem[X,0x0000000080000D98] -> 0x7FBB
mem[X,0x0000000080000D9A] -> 0x9DDF
[875] [M]: 0x0000000080000D98 (0x9DDF7FBB) pmhraccu.h t6, t5, t4
x31 <- 0x7430BF93D9CC73B6

mem[X,0x0000000080000D9C] -> 0x3023
mem[X,0x0000000080000D9E] -> 0x07F1
[876] [M]: 0x0000000080000D9C (0x07F13023) sd t6, 0x60(sp)
mem[0x0000000080004260] <- 0x7430BF93D9CC73B6

mem[X,0x0000000080000DA0] -> 0x0F37
mem[X,0x0000000080000DA2] -> 0x0003
[877] [M]: 0x0000000080000DA0 (0x00030F37) lui t5, 0x30
x30 <- 0x0000000000030000

mem[X,0x0000000080000DA4] -> 0x0F13
mem[X,0x0000000080000DA6] -> 0xFF9F
[878] [M]: 0x0000000080000DA4 (0xFF9F0F13) addi t5, t5, -0x7
x30 <- 0x000000000002FFF9

mem[X,0x0000000080000DA8] -> 0x1F13
mem[X,0x0000000080000DAA] -> 0x00BF
[879] [M]: 0x0000000080000DA8 (0x00BF1F13) slli t5, t5, 0xb
x30 <- 0x0000000017FFC800

mem[X,0x0000000080000DAC] -> 0x0F13
mem[X,0x0000000080000DAE] -> 0x000F
[880] [M]: 0x0000000080000DAC (0x000F0F13) addi t5, t5, 0x0
x30 <- 0x0000000017FFC800

mem[X,0x0000000080000DB0] -> 0x1F13
mem[X,0x0000000080000DB2] -> 0x00BF
[881] [M]: 0x0000000080000DB0 (0x00BF1F13) slli t5, t5, 0xb
x30 <- 0x000000BFFE400000

mem[X,0x0000000080000DB4] -> 0x0F13
mem[X,0x0000000080000DB6] -> 0x080F
[882] [M]: 0x0000000080000DB4 (0x080F0F13) addi t5, t5, 0x80
x30 <- 0x000000BFFE400080

mem[X,0x0000000080000DB8] -> 0x1F13
mem[X,0x0000000080000DBA] -> 0x00AF
[883] [M]: 0x0000000080000DB8 (0x00AF1F13) slli t5, t5, 0xa
x30 <- 0x0002FFF900020000

mem[X,0x0000000080000DBC] -> 0x0F13
mem[X,0x0000000080000DBE] -> 0x005F
[884] [M]: 0x0000000080000DBC (0x005F0F13) addi t5, t5, 0x5
x30 <- 0x0002FFF900020005

mem[X,0x0000000080000DC0] -> 0x0EB7
mem[X,0x0000000080000DC2] -> 0x4000
[885] [M]: 0x0000000080000DC0 (0x40000EB7) lui t4, 0x40000
x29 <- 0x0000000040000000

mem[X,0x0000000080000DC4] -> 0x8E93
mem[X,0x0000000080000DC6] -> 0x003E
[886] [M]: 0x0000000080000DC4 (0x003E8E93) addi t4, t4, 0x3
x29 <- 0x0000000040000003

mem[X,0x0000000080000DC8] -> 0x9E93
mem[X,0x0000000080000DCA] -> 0x00BE
[887] [M]: 0x0000000080000DC8 (0x00BE9E93) slli t4, t4, 0xb
x29 <- 0x0000020000001800

mem[X,0x0000000080000DCC] -> 0x8E93
mem[X,0x0000000080000DCE] -> 0x002E
[888] [M]: 0x0000000080000DCC (0x002E8E93) addi t4, t4, 0x2
x29 <- 0x0000020000001802

mem[X,0x0000000080000DD0] -> 0x9E93
mem[X,0x0000000080000DD2] -> 0x00BE
[889] [M]: 0x0000000080000DD0 (0x00BE9E93) slli t4, t4, 0xb
x29 <- 0x0010000000C01000

mem[X,0x0000000080000DD4] -> 0x8E93
mem[X,0x0000000080000DD6] -> 0x03FE
[890] [M]: 0x0000000080000DD4 (0x03FE8E93) addi t4, t4, 0x3f
x29 <- 0x0010000000C0103F

mem[X,0x0000000080000DD8] -> 0x9E93
mem[X,0x0000000080000DDA] -> 0x00AE
[891] [M]: 0x0000000080000DD8 (0x00AE9E93) slli t4, t4, 0xa
x29 <- 0x400000030040FC00

mem[X,0x0000000080000DDC] -> 0x8E93
mem[X,0x0000000080000DDE] -> 0x3FCE
[892] [M]: 0x0000000080000DDC (0x3FCE8E93) addi t4, t4, 0x3fc
x29 <- 0x400000030040FFFC

mem[X,0x0000000080000DE0] -> 0x7FBB
mem[X,0x0000000080000DE2] -> 0x9DDF
[893] [M]: 0x0000000080000DE0 (0x9DDF7FBB) pmhraccu.h t6, t5, t4
x31 <- 0x7431BF96D9CC73BB

mem[X,0x0000000080000DE4] -> 0x3423
mem[X,0x0000000080000DE6] -> 0x07F1
[894] [M]: 0x0000000080000DE4 (0x07F13423) sd t6, 0x68(sp)
mem[0x0000000080004268] <- 0x7431BF96D9CC73BB

mem[X,0x0000000080000DE8] -> 0x4F37
mem[X,0x0000000080000DEA] -> 0xFFFC
[895] [M]: 0x0000000080000DE8 (0xFFFC4F37) lui t5, -0x3c
x30 <- 0xFFFFFFFFFFFC4000

mem[X,0x0000000080000DEC] -> 0x0F13
mem[X,0x0000000080000DEE] -> 0x000F
[896] [M]: 0x0000000080000DEC (0x000F0F13) addi t5, t5, 0x0
x30 <- 0xFFFFFFFFFFFC4000

mem[X,0x0000000080000DF0] -> 0x1F13
mem[X,0x0000000080000DF2] -> 0x00BF
[897] [M]: 0x0000000080000DF0 (0x00BF1F13) slli t5, t5, 0xb
x30 <- 0xFFFFFFFFE2000000

mem[X,0x0000000080000DF4] -> 0x0F13
mem[X,0x0000000080000DF6] -> 0x7FFF
[898] [M]: 0x0000000080000DF4 (0x7FFF0F13) addi t5, t5, 0x7ff
x30 <- 0xFFFFFFFFE20007FF

mem[X,0x0000000080000DF8] -> 0x1F13
mem[X,0x0000000080000DFA] -> 0x00BF
[899] [M]: 0x0000000080000DF8 (0x00BF1F13) slli t5, t5, 0xb
x30 <- 0xFFFFFF10003FF800

clint::tick mtime <- 0x0000000000000009
 clint timer pending at mtime 0x0000000000000009
htif::tick 0x0000000000000000
mem[X,0x0000000080000DFC] -> 0x0F13
mem[X,0x0000000080000DFE] -> 0x680F
[900] [M]: 0x0000000080000DFC (0x680F0F13) addi t5, t5, 0x680
x30 <- 0xFFFFFF10003FFE80

mem[X,0x0000000080000E00] -> 0x1F13
mem[X,0x0000000080000E02] -> 0x00AF
[901] [M]: 0x0000000080000E00 (0x00AF1F13) slli t5, t5, 0xa
x30 <- 0xFFFC4000FFFA0000

mem[X,0x0000000080000E04] -> 0x0F13
mem[X,0x0000000080000E06] -> 0x100F
[902] [M]: 0x0000000080000E04 (0x100F0F13) addi t5, t5, 0x100
x30 <- 0xFFFC4000FFFA0100

mem[X,0x0000000080000E08] -> 0x0EB7
mem[X,0x0000000080000E0A] -> 0xFFFD
[903] [M]: 0x0000000080000E08 (0xFFFD0EB7) lui t4, -0x30
x29 <- 0xFFFFFFFFFFFD0000

mem[X,0x0000000080000E0C] -> 0x8E93
mem[X,0x0000000080000E0E] -> 0x000E
[904] [M]: 0x0000000080000E0C (0x000E8E93) addi t4, t4, 0x0
x29 <- 0xFFFFFFFFFFFD0000

mem[X,0x0000000080000E10] -> 0x9E93
mem[X,0x0000000080000E12] -> 0x00BE
[905] [M]: 0x0000000080000E10 (0x00BE9E93) slli t4, t4, 0xb
x29 <- 0xFFFFFFFFE8000000

mem[X,0x0000000080000E14] -> 0x8E93
mem[X,0x0000000080000E16] -> 0x400E
[906] [M]: 0x0000000080000E14 (0x400E8E93) addi t4, t4, 0x400
x29 <- 0xFFFFFFFFE8000400

mem[X,0x0000000080000E18] -> 0x9E93
mem[X,0x0000000080000E1A] -> 0x00BE
[907] [M]: 0x0000000080000E18 (0x00BE9E93) slli t4, t4, 0xb
x29 <- 0xFFFFFF4000200000

mem[X,0x0000000080000E1C] -> 0x8E93
mem[X,0x0000000080000E1E] -> 0x00FE
[908] [M]: 0x0000000080000E1C (0x00FE8E93) addi t4, t4, 0xf
x29 <- 0xFFFFFF400020000F

mem[X,0x0000000080000E20] -> 0x9E93
mem[X,0x0000000080000E22] -> 0x00AE
[909] [M]: 0x0000000080000E20 (0x00AE9E93) slli t4, t4, 0xa
x29 <- 0xFFFD000080003C00

mem[X,0x0000000080000E24] -> 0x8E93
mem[X,0x0000000080000E26] -> 0x3FFE
[910] [M]: 0x0000000080000E24 (0x3FFE8E93) addi t4, t4, 0x3ff
x29 <- 0xFFFD000080003FFF

mem[X,0x0000000080000E28] -> 0x7FBB
mem[X,0x0000000080000E2A] -> 0x9DDF
[911] [M]: 0x0000000080000E28 (0x9DDF7FBB) pmhraccu.h t6, t5, t4
x31 <- 0x742ABF9659C973FB

mem[X,0x0000000080000E2C] -> 0x3823
mem[X,0x0000000080000E2E] -> 0x07F1
[912] [M]: 0x0000000080000E2C (0x07F13823) sd t6, 0x70(sp)
mem[0x0000000080004270] <- 0x742ABF9659C973FB

mem[X,0x0000000080000E30] -> 0x0F37
mem[X,0x0000000080000E32] -> 0xFFC0
[913] [M]: 0x0000000080000E30 (0xFFC00F37) lui t5, -0x400
x30 <- 0xFFFFFFFFFFC00000

mem[X,0x0000000080000E34] -> 0x0F13
mem[X,0x0000000080000E36] -> 0xFF8F
[914] [M]: 0x0000000080000E34 (0xFF8F0F13) addi t5, t5, -0x8
x30 <- 0xFFFFFFFFFFBFFFF8

mem[X,0x0000000080000E38] -> 0x1F13
mem[X,0x0000000080000E3A] -> 0x00BF
[915] [M]: 0x0000000080000E38 (0x00BF1F13) slli t5, t5, 0xb
x30 <- 0xFFFFFFFDFFFFC000

mem[X,0x0000000080000E3C] -> 0x0F13
mem[X,0x0000000080000E3E] -> 0x400F
[916] [M]: 0x0000000080000E3C (0x400F0F13) addi t5, t5, 0x400
x30 <- 0xFFFFFFFDFFFFC400

mem[X,0x0000000080000E40] -> 0x1F13
mem[X,0x0000000080000E42] -> 0x00BF
[917] [M]: 0x0000000080000E40 (0x00BF1F13) slli t5, t5, 0xb
x30 <- 0xFFFFEFFFFE200000

mem[X,0x0000000080000E44] -> 0x0F13
mem[X,0x0000000080000E46] -> 0x000F
[918] [M]: 0x0000000080000E44 (0x000F0F13) addi t5, t5, 0x0
x30 <- 0xFFFFEFFFFE200000

mem[X,0x0000000080000E48] -> 0x1F13
mem[X,0x0000000080000E4A] -> 0x00AF
[919] [M]: 0x0000000080000E48 (0x00AF1F13) slli t5, t5, 0xa
x30 <- 0xFFBFFFF880000000

mem[X,0x0000000080000E4C] -> 0x0F13
mem[X,0x0000000080000E4E] -> 0x002F
[920] [M]: 0x0000000080000E4C (0x002F0F13) addi t5, t5, 0x2
x30 <- 0xFFBFFFF880000002

mem[X,0x0000000080000E50] -> 0x0EB7
mem[X,0x0000000080000E52] -> 0xFFFB
[921] [M]: 0x0000000080000E50 (0xFFFB0EB7) lui t4, -0x50
x29 <- 0xFFFFFFFFFFFB0000

mem[X,0x0000000080000E54] -> 0x8E93
mem[X,0x0000000080000E56] -> 0x010E
[922] [M]: 0x0000000080000E54 (0x010E8E93) addi t4, t4, 0x10
x29 <- 0xFFFFFFFFFFFB0010

mem[X,0x0000000080000E58] -> 0x9E93
mem[X,0x0000000080000E5A] -> 0x00BE
[923] [M]: 0x0000000080000E58 (0x00BE9E93) slli t4, t4, 0xb
x29 <- 0xFFFFFFFFD8008000

mem[X,0x0000000080000E5C] -> 0x8E93
mem[X,0x0000000080000E5E] -> 0x000E
[924] [M]: 0x0000000080000E5C (0x000E8E93) addi t4, t4, 0x0
x29 <- 0xFFFFFFFFD8008000

mem[X,0x0000000080000E60] -> 0x9E93
mem[X,0x0000000080000E62] -> 0x00BE
[925] [M]: 0x0000000080000E60 (0x00BE9E93) slli t4, t4, 0xb
x29 <- 0xFFFFFEC004000000

mem[X,0x0000000080000E64] -> 0x8E93
mem[X,0x0000000080000E66] -> 0x200E
[926] [M]: 0x0000000080000E64 (0x200E8E93) addi t4, t4, 0x200
x29 <- 0xFFFFFEC004000200

mem[X,0x0000000080000E68] -> 0x9E93
mem[X,0x0000000080000E6A] -> 0x00AE
[927] [M]: 0x0000000080000E68 (0x00AE9E93) slli t4, t4, 0xa
x29 <- 0xFFFB001000080000

mem[X,0x0000000080000E6C] -> 0x8E93
mem[X,0x0000000080000E6E] -> 0x001E
[928] [M]: 0x0000000080000E6C (0x001E8E93) addi t4, t4, 0x1
x29 <- 0xFFFB001000080001

mem[X,0x0000000080000E70] -> 0x7FBB
mem[X,0x0000000080000E72] -> 0x9DDF
[929] [M]: 0x0000000080000E70 (0x9DDF7FBB) pmhraccu.h t6, t5, t4
x31 <- 0x73E4BFA659CD73FB

mem[X,0x0000000080000E74] -> 0x3C23
mem[X,0x0000000080000E76] -> 0x07F1
[930] [M]: 0x0000000080000E74 (0x07F13C23) sd t6, 0x78(sp)
mem[0x0000000080004278] <- 0x73E4BFA659CD73FB

mem[X,0x0000000080000E78] -> 0x0F37
mem[X,0x0000000080000E7A] -> 0xE000
[931] [M]: 0x0000000080000E78 (0xE0000F37) lui t5, -0x20000
x30 <- 0xFFFFFFFFE0000000

mem[X,0x0000000080000E7C] -> 0x0F13
mem[X,0x0000000080000E7E] -> 0xEFFF
[932] [M]: 0x0000000080000E7C (0xEFFF0F13) addi t5, t5, -0x101
x30 <- 0xFFFFFFFFDFFFFEFF

mem[X,0x0000000080000E80] -> 0x1F13
mem[X,0x0000000080000E82] -> 0x00BF
[933] [M]: 0x0000000080000E80 (0x00BF1F13) slli t5, t5, 0xb
x30 <- 0xFFFFFEFFFFF7F800

mem[X,0x0000000080000E84] -> 0x0F13
mem[X,0x0000000080000E86] -> 0x555F
[934] [M]: 0x0000000080000E84 (0x555F0F13) addi t5, t5, 0x555
x30 <- 0xFFFFFEFFFFF7FD55

mem[X,0x0000000080000E88] -> 0x1F13
mem[X,0x0000000080000E8A] -> 0x00BF
[935] [M]: 0x0000000080000E88 (0x00BF1F13) slli t5, t5, 0xb
x30 <- 0xFFF7FFFFBFEAA800

mem[X,0x0000000080000E8C] -> 0x0F13
mem[X,0x0000000080000E8E] -> 0x281F
[936] [M]: 0x0000000080000E8C (0x281F0F13) addi t5, t5, 0x281
x30 <- 0xFFF7FFFFBFEAAA81

mem[X,0x0000000080000E90] -> 0x1F13
mem[X,0x0000000080000E92] -> 0x00AF
[937] [M]: 0x0000000080000E90 (0x00AF1F13) slli t5, t5, 0xa
x30 <- 0xDFFFFEFFAAAA0400

mem[X,0x0000000080000E94] -> 0x0EB7
mem[X,0x0000000080000E96] -> 0xFFF0
[938] [M]: 0x0000000080000E94 (0xFFF00EB7) lui t4, -0x100
x29 <- 0xFFFFFFFFFFF00000

mem[X,0x0000000080000E98] -> 0x8E93
mem[X,0x0000000080000E9A] -> 0xFFEE
[939] [M]: 0x0000000080000E98 (0xFFEE8E93) addi t4, t4, -0x2
x29 <- 0xFFFFFFFFFFEFFFFE

mem[X,0x0000000080000E9C] -> 0x9E93
mem[X,0x0000000080000E9E] -> 0x00BE
[940] [M]: 0x0000000080000E9C (0x00BE9E93) slli t4, t4, 0xb
x29 <- 0xFFFFFFFF7FFFF000

mem[X,0x0000000080000EA0] -> 0x8E93
mem[X,0x0000000080000EA2] -> 0x7FEE
[941] [M]: 0x0000000080000EA0 (0x7FEE8E93) addi t4, t4, 0x7fe
x29 <- 0xFFFFFFFF7FFFF7FE

mem[X,0x0000000080000EA4] -> 0x9E93
mem[X,0x0000000080000EA6] -> 0x00BE
[942] [M]: 0x0000000080000EA4 (0x00BE9E93) slli t4, t4, 0xb
x29 <- 0xFFFFFBFFFFBFF000

mem[X,0x0000000080000EA8] -> 0x8E93
mem[X,0x0000000080000EAA] -> 0x7C0E
[943] [M]: 0x0000000080000EA8 (0x7C0E8E93) addi t4, t4, 0x7c0
x29 <- 0xFFFFFBFFFFBFF7C0

mem[X,0x0000000080000EAC] -> 0x9E93
mem[X,0x0000000080000EAE] -> 0x00AE
[944] [M]: 0x0000000080000EAC (0x00AE9E93) slli t4, t4, 0xa
x29 <- 0xFFEFFFFEFFDF0000

mem[X,0x0000000080000EB0] -> 0x8E93
mem[X,0x0000000080000EB2] -> 0x009E
[945] [M]: 0x0000000080000EB0 (0x009E8E93) addi t4, t4, 0x9
x29 <- 0xFFEFFFFEFFDF0009

mem[X,0x0000000080000EB4] -> 0x7FBB
mem[X,0x0000000080000EB6] -> 0x9DDF
[946] [M]: 0x0000000080000EB4 (0x9DDF7FBB) pmhraccu.h t6, t5, t4
x31 <- 0x53D4BEA3046173FB

mem[X,0x0000000080000EB8] -> 0x3023
mem[X,0x0000000080000EBA] -> 0x09F1
[947] [M]: 0x0000000080000EB8 (0x09F13023) sd t6, 0x80(sp)
mem[0x0000000080004280] <- 0x53D4BEA3046173FB

mem[X,0x0000000080000EBC] -> 0xCF37
mem[X,0x0000000080000EBE] -> 0xFFEF
[948] [M]: 0x0000000080000EBC (0xFFEFCF37) lui t5, -0x104
x30 <- 0xFFFFFFFFFFEFC000

mem[X,0x0000000080000EC0] -> 0x0F13
mem[X,0x0000000080000EC2] -> 0x000F
[949] [M]: 0x0000000080000EC0 (0x000F0F13) addi t5, t5, 0x0
x30 <- 0xFFFFFFFFFFEFC000

mem[X,0x0000000080000EC4] -> 0x1F13
mem[X,0x0000000080000EC6] -> 0x00BF
[950] [M]: 0x0000000080000EC4 (0x00BF1F13) slli t5, t5, 0xb
x30 <- 0xFFFFFFFF7E000000

mem[X,0x0000000080000EC8] -> 0x0F13
mem[X,0x0000000080000ECA] -> 0x7F7F
[951] [M]: 0x0000000080000EC8 (0x7F7F0F13) addi t5, t5, 0x7f7
x30 <- 0xFFFFFFFF7E0007F7

mem[X,0x0000000080000ECC] -> 0x1F13
mem[X,0x0000000080000ECE] -> 0x00BF
[952] [M]: 0x0000000080000ECC (0x00BF1F13) slli t5, t5, 0xb
x30 <- 0xFFFFFBF0003FB800

mem[X,0x0000000080000ED0] -> 0x0F13
mem[X,0x0000000080000ED2] -> 0x7FFF
[953] [M]: 0x0000000080000ED0 (0x7FFF0F13) addi t5, t5, 0x7ff
x30 <- 0xFFFFFBF0003FBFFF

mem[X,0x0000000080000ED4] -> 0x1F13
mem[X,0x0000000080000ED6] -> 0x00AF
[954] [M]: 0x0000000080000ED4 (0x00AF1F13) slli t5, t5, 0xa
x30 <- 0xFFEFC000FEFFFC00

mem[X,0x0000000080000ED8] -> 0x0F13
mem[X,0x0000000080000EDA] -> 0x3F9F
[955] [M]: 0x0000000080000ED8 (0x3F9F0F13) addi t5, t5, 0x3f9
x30 <- 0xFFEFC000FEFFFFF9

mem[X,0x0000000080000EDC] -> 0x0EB7
mem[X,0x0000000080000EDE] -> 0xFFE0
[956] [M]: 0x0000000080000EDC (0xFFE00EB7) lui t4, -0x200
x29 <- 0xFFFFFFFFFFE00000

mem[X,0x0000000080000EE0] -> 0x8E93
mem[X,0x0000000080000EE2] -> 0xFFFE
[957] [M]: 0x0000000080000EE0 (0xFFFE8E93) addi t4, t4, -0x1
x29 <- 0xFFFFFFFFFFDFFFFF

mem[X,0x0000000080000EE4] -> 0x9E93
mem[X,0x0000000080000EE6] -> 0x00BE
[958] [M]: 0x0000000080000EE4 (0x00BE9E93) slli t4, t4, 0xb
x29 <- 0xFFFFFFFEFFFFF800

mem[X,0x0000000080000EE8] -> 0x8E93
mem[X,0x0000000080000EEA] -> 0x7FFE
[959] [M]: 0x0000000080000EE8 (0x7FFE8E93) addi t4, t4, 0x7ff
x29 <- 0xFFFFFFFEFFFFFFFF

mem[X,0x0000000080000EEC] -> 0x9E93
mem[X,0x0000000080000EEE] -> 0x00BE
[960] [M]: 0x0000000080000EEC (0x00BE9E93) slli t4, t4, 0xb
x29 <- 0xFFFFF7FFFFFFF800

mem[X,0x0000000080000EF0] -> 0x8E93
mem[X,0x0000000080000EF2] -> 0x608E
[961] [M]: 0x0000000080000EF0 (0x608E8E93) addi t4, t4, 0x608
x29 <- 0xFFFFF7FFFFFFFE08

mem[X,0x0000000080000EF4] -> 0x9E93
mem[X,0x0000000080000EF6] -> 0x00AE
[962] [M]: 0x0000000080000EF4 (0x00AE9E93) slli t4, t4, 0xa
x29 <- 0xFFDFFFFFFFF82000

mem[X,0x0000000080000EF8] -> 0x7FBB
mem[X,0x0000000080000EFA] -> 0x9DDF
[963] [M]: 0x0000000080000EF8 (0x9DDF7FBB) pmhraccu.h t6, t5, t4
x31 <- 0x53A27EA2035893FA

mem[X,0x0000000080000EFC] -> 0x3423
mem[X,0x0000000080000EFE] -> 0x09F1
[964] [M]: 0x0000000080000EFC (0x09F13423) sd t6, 0x88(sp)
mem[0x0000000080004288] <- 0x53A27EA2035893FA

mem[X,0x0000000080000F00] -> 0x0F37
mem[X,0x0000000080000F02] -> 0x0002
[965] [M]: 0x0000000080000F00 (0x00020F37) lui t5, 0x20
x30 <- 0x0000000000020000

mem[X,0x0000000080000F04] -> 0x0F13
mem[X,0x0000000080000F06] -> 0xFDFF
[966] [M]: 0x0000000080000F04 (0xFDFF0F13) addi t5, t5, -0x21
x30 <- 0x000000000001FFDF

mem[X,0x0000000080000F08] -> 0x1F13
mem[X,0x0000000080000F0A] -> 0x00BF
[967] [M]: 0x0000000080000F08 (0x00BF1F13) slli t5, t5, 0xb
x30 <- 0x000000000FFEF800

mem[X,0x0000000080000F0C] -> 0x0F13
mem[X,0x0000000080000F0E] -> 0x7FBF
[968] [M]: 0x0000000080000F0C (0x7FBF0F13) addi t5, t5, 0x7fb
x30 <- 0x000000000FFEFFFB

mem[X,0x0000000080000F10] -> 0x1F13
mem[X,0x0000000080000F12] -> 0x00BF
[969] [M]: 0x0000000080000F10 (0x00BF1F13) slli t5, t5, 0xb
x30 <- 0x0000007FF7FFD800

mem[X,0x0000000080000F14] -> 0x0F13
mem[X,0x0000000080000F16] -> 0x7C2F
[970] [M]: 0x0000000080000F14 (0x7C2F0F13) addi t5, t5, 0x7c2
x30 <- 0x0000007FF7FFDFC2

mem[X,0x0000000080000F18] -> 0x1F13
mem[X,0x0000000080000F1A] -> 0x00AF
[971] [M]: 0x0000000080000F18 (0x00AF1F13) slli t5, t5, 0xa
x30 <- 0x0001FFDFFF7F0800

mem[X,0x0000000080000F1C] -> 0xCEB7
mem[X,0x0000000080000F1E] -> 0xFFBF
[972] [M]: 0x0000000080000F1C (0xFFBFCEB7) lui t4, -0x404
x29 <- 0xFFFFFFFFFFBFC000

mem[X,0x0000000080000F20] -> 0x8E93
mem[X,0x0000000080000F22] -> 0x000E
[973] [M]: 0x0000000080000F20 (0x000E8E93) addi t4, t4, 0x0
x29 <- 0xFFFFFFFFFFBFC000

mem[X,0x0000000080000F24] -> 0x9E93
mem[X,0x0000000080000F26] -> 0x00BE
[974] [M]: 0x0000000080000F24 (0x00BE9E93) slli t4, t4, 0xb
x29 <- 0xFFFFFFFDFE000000

mem[X,0x0000000080000F28] -> 0x8E93
mem[X,0x0000000080000F2A] -> 0x000E
[975] [M]: 0x0000000080000F28 (0x000E8E93) addi t4, t4, 0x0
x29 <- 0xFFFFFFFDFE000000

mem[X,0x0000000080000F2C] -> 0x9E93
mem[X,0x0000000080000F2E] -> 0x00BE
[976] [M]: 0x0000000080000F2C (0x00BE9E93) slli t4, t4, 0xb
x29 <- 0xFFFFEFF000000000

mem[X,0x0000000080000F30] -> 0x8E93
mem[X,0x0000000080000F32] -> 0x03DE
[977] [M]: 0x0000000080000F30 (0x03DE8E93) addi t4, t4, 0x3d
x29 <- 0xFFFFEFF00000003D

mem[X,0x0000000080000F34] -> 0x9E93
mem[X,0x0000000080000F36] -> 0x00AE
[978] [M]: 0x0000000080000F34 (0x00AE9E93) slli t4, t4, 0xa
x29 <- 0xFFBFC0000000F400

mem[X,0x0000000080000F38] -> 0x8E93
mem[X,0x0000000080000F3A] -> 0x3FFE
[979] [M]: 0x0000000080000F38 (0x3FFE8E93) addi t4, t4, 0x3ff
x29 <- 0xFFBFC0000000F7FF

mem[X,0x0000000080000F3C] -> 0x7FBB
mem[X,0x0000000080000F3E] -> 0x9DDF
[980] [M]: 0x0000000080000F3C (0x9DDF7FBB) pmhraccu.h t6, t5, t4
x31 <- 0x53A33E8903589BBA

mem[X,0x0000000080000F40] -> 0x3823
mem[X,0x0000000080000F42] -> 0x09F1
[981] [M]: 0x0000000080000F40 (0x09F13823) sd t6, 0x90(sp)
mem[0x0000000080004290] <- 0x53A33E8903589BBA

mem[X,0x0000000080000F44] -> 0x0F37
mem[X,0x0000000080000F46] -> 0xC000
[982] [M]: 0x0000000080000F44 (0xC0000F37) lui t5, -0x40000
x30 <- 0xFFFFFFFFC0000000

mem[X,0x0000000080000F48] -> 0x0F13
mem[X,0x0000000080000F4A] -> 0x400F
[983] [M]: 0x0000000080000F48 (0x400F0F13) addi t5, t5, 0x400
x30 <- 0xFFFFFFFFC0000400

mem[X,0x0000000080000F4C] -> 0x1F13
mem[X,0x0000000080000F4E] -> 0x00BF
[984] [M]: 0x0000000080000F4C (0x00BF1F13) slli t5, t5, 0xb
x30 <- 0xFFFFFE0000200000

mem[X,0x0000000080000F50] -> 0x0F13
mem[X,0x0000000080000F52] -> 0x7FFF
[985] [M]: 0x0000000080000F50 (0x7FFF0F13) addi t5, t5, 0x7ff
x30 <- 0xFFFFFE00002007FF

mem[X,0x0000000080000F54] -> 0x1F13
mem[X,0x0000000080000F56] -> 0x00BF
[986] [M]: 0x0000000080000F54 (0x00BF1F13) slli t5, t5, 0xb
x30 <- 0xFFF00001003FF800

mem[X,0x0000000080000F58] -> 0x0F13
mem[X,0x0000000080000F5A] -> 0x7BFF
[987] [M]: 0x0000000080000F58 (0x7BFF0F13) addi t5, t5, 0x7bf
x30 <- 0xFFF00001003FFFBF

mem[X,0x0000000080000F5C] -> 0x1F13
mem[X,0x0000000080000F5E] -> 0x00AF
[988] [M]: 0x0000000080000F5C (0x00AF1F13) slli t5, t5, 0xa
x30 <- 0xC0000400FFFEFC00

mem[X,0x0000000080000F60] -> 0x0F13
mem[X,0x0000000080000F62] -> 0x3F6F
[989] [M]: 0x0000000080000F60 (0x3F6F0F13) addi t5, t5, 0x3f6
x30 <- 0xC0000400FFFEFFF6

mem[X,0x0000000080000F64] -> 0xCEB7
mem[X,0x0000000080000F66] -> 0xFF7F
[990] [M]: 0x0000000080000F64 (0xFF7FCEB7) lui t4, -0x804
x29 <- 0xFFFFFFFFFF7FC000

mem[X,0x0000000080000F68] -> 0x8E93
mem[X,0x0000000080000F6A] -> 0xFFFE
[991] [M]: 0x0000000080000F68 (0xFFFE8E93) addi t4, t4, -0x1
x29 <- 0xFFFFFFFFFF7FBFFF

mem[X,0x0000000080000F6C] -> 0x9E93
mem[X,0x0000000080000F6E] -> 0x00BE
[992] [M]: 0x0000000080000F6C (0x00BE9E93) slli t4, t4, 0xb
x29 <- 0xFFFFFFFBFDFFF800

mem[X,0x0000000080000F70] -> 0x8E93
mem[X,0x0000000080000F72] -> 0x000E
[993] [M]: 0x0000000080000F70 (0x000E8E93) addi t4, t4, 0x0
x29 <- 0xFFFFFFFBFDFFF800

mem[X,0x0000000080000F74] -> 0x9E93
mem[X,0x0000000080000F76] -> 0x00BE
[994] [M]: 0x0000000080000F74 (0x00BE9E93) slli t4, t4, 0xb
x29 <- 0xFFFFDFEFFFC00000

mem[X,0x0000000080000F78] -> 0x8E93
mem[X,0x0000000080000F7A] -> 0x43FE
[995] [M]: 0x0000000080000F78 (0x43FE8E93) addi t4, t4, 0x43f
x29 <- 0xFFFFDFEFFFC0043F

mem[X,0x0000000080000F7C] -> 0x9E93
mem[X,0x0000000080000F7E] -> 0x00AE
[996] [M]: 0x0000000080000F7C (0x00AE9E93) slli t4, t4, 0xa
x29 <- 0xFF7FBFFF0010FC00

mem[X,0x0000000080000F80] -> 0x8E93
mem[X,0x0000000080000F82] -> 0x2FFE
[997] [M]: 0x0000000080000F80 (0x2FFE8E93) addi t4, t4, 0x2ff
x29 <- 0xFF7FBFFF0010FEFF

mem[X,0x0000000080000F84] -> 0x7FBB
mem[X,0x0000000080000F86] -> 0x9DDF
[998] [M]: 0x0000000080000F84 (0x9DDF7FBB) pmhraccu.h t6, t5, t4
x31 <- 0x1342418903689AAF

mem[X,0x0000000080000F88] -> 0x3C23
mem[X,0x0000000080000F8A] -> 0x09F1
[999] [M]: 0x0000000080000F88 (0x09F13C23) sd t6, 0x98(sp)
mem[0x0000000080004298] <- 0x1342418903689AAF

clint::tick mtime <- 0x000000000000000A
 clint timer pending at mtime 0x000000000000000A
htif::tick 0x0000000000000000
mem[X,0x0000000080000F8C] -> 0x5F37
mem[X,0x0000000080000F8E] -> 0x5555
[1000] [M]: 0x0000000080000F8C (0x55555F37) lui t5, 0x55555
x30 <- 0x0000000055555000

mem[X,0x0000000080000F90] -> 0x0F13
mem[X,0x0000000080000F92] -> 0x555F
[1001] [M]: 0x0000000080000F90 (0x555F0F13) addi t5, t5, 0x555
x30 <- 0x0000000055555555

mem[X,0x0000000080000F94] -> 0x1F13
mem[X,0x0000000080000F96] -> 0x00BF
[1002] [M]: 0x0000000080000F94 (0x00BF1F13) slli t5, t5, 0xb
x30 <- 0x000002AAAAAAA800

mem[X,0x0000000080000F98] -> 0x0F13
mem[X,0x0000000080000F9A] -> 0x7FFF
[1003] [M]: 0x0000000080000F98 (0x7FFF0F13) addi t5, t5, 0x7ff
x30 <- 0x000002AAAAAAAFFF

mem[X,0x0000000080000F9C] -> 0x1F13
mem[X,0x0000000080000F9E] -> 0x00BF
[1004] [M]: 0x0000000080000F9C (0x00BF1F13) slli t5, t5, 0xb
x30 <- 0x00155555557FF800

mem[X,0x0000000080000FA0] -> 0x0F13
mem[X,0x0000000080000FA2] -> 0x600F
[1005] [M]: 0x0000000080000FA0 (0x600F0F13) addi t5, t5, 0x600
x30 <- 0x00155555557FFE00

mem[X,0x0000000080000FA4] -> 0x1F13
mem[X,0x0000000080000FA6] -> 0x00AF
[1006] [M]: 0x0000000080000FA4 (0x00AF1F13) slli t5, t5, 0xa
x30 <- 0x55555555FFF80000

mem[X,0x0000000080000FA8] -> 0x0F13
mem[X,0x0000000080000FAA] -> 0x001F
[1007] [M]: 0x0000000080000FA8 (0x001F0F13) addi t5, t5, 0x1
x30 <- 0x55555555FFF80001

mem[X,0x0000000080000FAC] -> 0xCEB7
mem[X,0x0000000080000FAE] -> 0xFEFF
[1008] [M]: 0x0000000080000FAC (0xFEFFCEB7) lui t4, -0x1004
x29 <- 0xFFFFFFFFFEFFC000

mem[X,0x0000000080000FB0] -> 0x8E93
mem[X,0x0000000080000FB2] -> 0x000E
[1009] [M]: 0x0000000080000FB0 (0x000E8E93) addi t4, t4, 0x0
x29 <- 0xFFFFFFFFFEFFC000

mem[X,0x0000000080000FB4] -> 0x9E93
mem[X,0x0000000080000FB6] -> 0x00BE
[1010] [M]: 0x0000000080000FB4 (0x00BE9E93) slli t4, t4, 0xb
x29 <- 0xFFFFFFF7FE000000

mem[X,0x0000000080000FB8] -> 0x8E93
mem[X,0x0000000080000FBA] -> 0x040E
[1011] [M]: 0x0000000080000FB8 (0x040E8E93) addi t4, t4, 0x40
x29 <- 0xFFFFFFF7FE000040

mem[X,0x0000000080000FBC] -> 0x9E93
mem[X,0x0000000080000FBE] -> 0x00BE
[1012] [M]: 0x0000000080000FBC (0x00BE9E93) slli t4, t4, 0xb
x29 <- 0xFFFFBFF000020000

mem[X,0x0000000080000FC0] -> 0x8E93
mem[X,0x0000000080000FC2] -> 0x03FE
[1013] [M]: 0x0000000080000FC0 (0x03FE8E93) addi t4, t4, 0x3f
x29 <- 0xFFFFBFF00002003F

mem[X,0x0000000080000FC4] -> 0x9E93
mem[X,0x0000000080000FC6] -> 0x00AE
[1014] [M]: 0x0000000080000FC4 (0x00AE9E93) slli t4, t4, 0xa
x29 <- 0xFEFFC0000800FC00

mem[X,0x0000000080000FC8] -> 0x8E93
mem[X,0x0000000080000FCA] -> 0x3F8E
[1015] [M]: 0x0000000080000FC8 (0x3F8E8E93) addi t4, t4, 0x3f8
x29 <- 0xFEFFC0000800FFF8

mem[X,0x0000000080000FCC] -> 0x7FBB
mem[X,0x0000000080000FCE] -> 0x9DDF
[1016] [M]: 0x0000000080000FCC (0x9DDF7FBB) pmhraccu.h t6, t5, t4
x31 <- 0x684181890B689AB0

mem[X,0x0000000080000FD0] -> 0x3023
mem[X,0x0000000080000FD2] -> 0x0BF1
[1017] [M]: 0x0000000080000FD0 (0x0BF13023) sd t6, 0xa0(sp)
mem[0x00000000800042A0] <- 0x684181890B689AB0

mem[X,0x0000000080000FD4] -> 0x8F37
mem[X,0x0000000080000FD6] -> 0xFFFF
[1018] [M]: 0x0000000080000FD4 (0xFFFF8F37) lui t5, -0x8
x30 <- 0xFFFFFFFFFFFF8000

mem[X,0x0000000080000FD8] -> 0x0F13
mem[X,0x0000000080000FDA] -> 0x000F
[1019] [M]: 0x0000000080000FD8 (0x000F0F13) addi t5, t5, 0x0
x30 <- 0xFFFFFFFFFFFF8000

mem[X,0x0000000080000FDC] -> 0x1F13
mem[X,0x0000000080000FDE] -> 0x00BF
[1020] [M]: 0x0000000080000FDC (0x00BF1F13) slli t5, t5, 0xb
x30 <- 0xFFFFFFFFFC000000

mem[X,0x0000000080000FE0] -> 0x0F13
mem[X,0x0000000080000FE2] -> 0x000F
[1021] [M]: 0x0000000080000FE0 (0x000F0F13) addi t5, t5, 0x0
x30 <- 0xFFFFFFFFFC000000

mem[X,0x0000000080000FE4] -> 0x1F13
mem[X,0x0000000080000FE6] -> 0x00BF
[1022] [M]: 0x0000000080000FE4 (0x00BF1F13) slli t5, t5, 0xb
x30 <- 0xFFFFFFE000000000

mem[X,0x0000000080000FE8] -> 0x0F13
mem[X,0x0000000080000FEA] -> 0x1C0F
[1023] [M]: 0x0000000080000FE8 (0x1C0F0F13) addi t5, t5, 0x1c0
x30 <- 0xFFFFFFE0000001C0

mem[X,0x0000000080000FEC] -> 0x1F13
mem[X,0x0000000080000FEE] -> 0x00AF
[1024] [M]: 0x0000000080000FEC (0x00AF1F13) slli t5, t5, 0xa
x30 <- 0xFFFF800000070000

mem[X,0x0000000080000FF0] -> 0x0F13
mem[X,0x0000000080000FF2] -> 0x001F
[1025] [M]: 0x0000000080000FF0 (0x001F0F13) addi t5, t5, 0x1
x30 <- 0xFFFF800000070001

mem[X,0x0000000080000FF4] -> 0x0EB7
mem[X,0x0000000080000FF6] -> 0xFDFF
[1026] [M]: 0x0000000080000FF4 (0xFDFF0EB7) lui t4, -0x2010
x29 <- 0xFFFFFFFFFDFF0000

mem[X,0x0000000080000FF8] -> 0x8E93
mem[X,0x0000000080000FFA] -> 0x004E
[1027] [M]: 0x0000000080000FF8 (0x004E8E93) addi t4, t4, 0x4
x29 <- 0xFFFFFFFFFDFF0004

mem[X,0x0000000080000FFC] -> 0x9E93
mem[X,0x0000000080000FFE] -> 0x00BE
[1028] [M]: 0x0000000080000FFC (0x00BE9E93) slli t4, t4, 0xb
x29 <- 0xFFFFFFEFF8002000

mem[X,0x0000000080001000] -> 0x8E93
mem[X,0x0000000080001002] -> 0x7FFE
[1029] [M]: 0x0000000080001000 (0x7FFE8E93) addi t4, t4, 0x7ff
x29 <- 0xFFFFFFEFF80027FF

mem[X,0x0000000080001004] -> 0x9E93
mem[X,0x0000000080001006] -> 0x00BE
[1030] [M]: 0x0000000080001004 (0x00BE9E93) slli t4, t4, 0xb
x29 <- 0xFFFF7FC0013FF800

mem[X,0x0000000080001008] -> 0x8E93
mem[X,0x000000008000100A] -> 0x604E
[1031] [M]: 0x0000000080001008 (0x604E8E93) addi t4, t4, 0x604
x29 <- 0xFFFF7FC0013FFE04

mem[X,0x000000008000100C] -> 0x9E93
mem[X,0x000000008000100E] -> 0x00AE
[1032] [M]: 0x000000008000100C (0x00AE9E93) slli t4, t4, 0xa
x29 <- 0xFDFF0004FFF81000

mem[X,0x0000000080001010] -> 0x7FBB
mem[X,0x0000000080001012] -> 0x9DDF
[1033] [M]: 0x0000000080001010 (0x9DDF7FBB) pmhraccu.h t6, t5, t4
x31 <- 0x663F818B0B6F9AB0

mem[X,0x0000000080001014] -> 0x3423
mem[X,0x0000000080001016] -> 0x0BF1
[1034] [M]: 0x0000000080001014 (0x0BF13423) sd t6, 0xa8(sp)
mem[0x00000000800042A8] <- 0x663F818B0B6F9AB0

mem[X,0x0000000080001018] -> 0x0F37
mem[X,0x000000008000101A] -> 0x0007
[1035] [M]: 0x0000000080001018 (0x00070F37) lui t5, 0x70
x30 <- 0x0000000000070000

mem[X,0x000000008000101C] -> 0x0F13
mem[X,0x000000008000101E] -> 0x007F
[1036] [M]: 0x000000008000101C (0x007F0F13) addi t5, t5, 0x7
x30 <- 0x0000000000070007

mem[X,0x0000000080001020] -> 0x1F13
mem[X,0x0000000080001022] -> 0x00BF
[1037] [M]: 0x0000000080001020 (0x00BF1F13) slli t5, t5, 0xb
x30 <- 0x0000000038003800

mem[X,0x0000000080001024] -> 0x0F13
mem[X,0x0000000080001026] -> 0x000F
[1038] [M]: 0x0000000080001024 (0x000F0F13) addi t5, t5, 0x0
x30 <- 0x0000000038003800

mem[X,0x0000000080001028] -> 0x1F13
mem[X,0x000000008000102A] -> 0x00BF
[1039] [M]: 0x0000000080001028 (0x00BF1F13) slli t5, t5, 0xb
x30 <- 0x000001C001C00000

mem[X,0x000000008000102C] -> 0x0F13
mem[X,0x000000008000102E] -> 0x140F
[1040] [M]: 0x000000008000102C (0x140F0F13) addi t5, t5, 0x140
x30 <- 0x000001C001C00140

mem[X,0x0000000080001030] -> 0x1F13
mem[X,0x0000000080001032] -> 0x00AF
[1041] [M]: 0x0000000080001030 (0x00AF1F13) slli t5, t5, 0xa
x30 <- 0x0007000700050000

mem[X,0x0000000080001034] -> 0x0F13
mem[X,0x0000000080001036] -> 0x020F
[1042] [M]: 0x0000000080001034 (0x020F0F13) addi t5, t5, 0x20
x30 <- 0x0007000700050020

mem[X,0x0000000080001038] -> 0x0EB7
mem[X,0x000000008000103A] -> 0xFBFF
[1043] [M]: 0x0000000080001038 (0xFBFF0EB7) lui t4, -0x4010
x29 <- 0xFFFFFFFFFBFF0000

mem[X,0x000000008000103C] -> 0x8E93
mem[X,0x000000008000103E] -> 0x005E
[1044] [M]: 0x000000008000103C (0x005E8E93) addi t4, t4, 0x5
x29 <- 0xFFFFFFFFFBFF0005

mem[X,0x0000000080001040] -> 0x9E93
mem[X,0x0000000080001042] -> 0x00BE
[1045] [M]: 0x0000000080001040 (0x00BE9E93) slli t4, t4, 0xb
x29 <- 0xFFFFFFDFF8002800

mem[X,0x0000000080001044] -> 0x8E93
mem[X,0x0000000080001046] -> 0x7FEE
[1046] [M]: 0x0000000080001044 (0x7FEE8E93) addi t4, t4, 0x7fe
x29 <- 0xFFFFFFDFF8002FFE

mem[X,0x0000000080001048] -> 0x9E93
mem[X,0x000000008000104A] -> 0x00BE
[1047] [M]: 0x0000000080001048 (0x00BE9E93) slli t4, t4, 0xb
x29 <- 0xFFFEFFC0017FF000

mem[X,0x000000008000104C] -> 0x8E93
mem[X,0x000000008000104E] -> 0x7C0E
[1048] [M]: 0x000000008000104C (0x7C0E8E93) addi t4, t4, 0x7c0
x29 <- 0xFFFEFFC0017FF7C0

mem[X,0x0000000080001050] -> 0x9E93
mem[X,0x0000000080001052] -> 0x00AE
[1049] [M]: 0x0000000080001050 (0x00AE9E93) slli t4, t4, 0xa
x29 <- 0xFBFF0005FFDF0000

mem[X,0x0000000080001054] -> 0x8E93
mem[X,0x0000000080001056] -> 0x040E
[1050] [M]: 0x0000000080001054 (0x040E8E93) addi t4, t4, 0x40
x29 <- 0xFBFF0005FFDF0040

mem[X,0x0000000080001058] -> 0x7FBB
mem[X,0x000000008000105A] -> 0x9DDF
[1051] [M]: 0x0000000080001058 (0x9DDF7FBB) pmhraccu.h t6, t5, t4
x31 <- 0x6646818B0B749AB0

mem[X,0x000000008000105C] -> 0x3823
mem[X,0x000000008000105E] -> 0x0BF1
[1052] [M]: 0x000000008000105C (0x0BF13823) sd t6, 0xb0(sp)
mem[0x00000000800042B0] <- 0x6646818B0B749AB0

mem[X,0x0000000080001060] -> 0x0F37
mem[X,0x0000000080001062] -> 0xFFFD
[1053] [M]: 0x0000000080001060 (0xFFFD0F37) lui t5, -0x30
x30 <- 0xFFFFFFFFFFFD0000

mem[X,0x0000000080001064] -> 0x0F13
mem[X,0x0000000080001066] -> 0xFFDF
[1054] [M]: 0x0000000080001064 (0xFFDF0F13) addi t5, t5, -0x3
x30 <- 0xFFFFFFFFFFFCFFFD

mem[X,0x0000000080001068] -> 0x1F13
mem[X,0x000000008000106A] -> 0x00BF
[1055] [M]: 0x0000000080001068 (0x00BF1F13) slli t5, t5, 0xb
x30 <- 0xFFFFFFFFE7FFE800

mem[X,0x000000008000106C] -> 0x0F13
mem[X,0x000000008000106E] -> 0x004F
[1056] [M]: 0x000000008000106C (0x004F0F13) addi t5, t5, 0x4
x30 <- 0xFFFFFFFFE7FFE804

mem[X,0x0000000080001070] -> 0x1F13
mem[X,0x0000000080001072] -> 0x00BF
[1057] [M]: 0x0000000080001070 (0x00BF1F13) slli t5, t5, 0xb
x30 <- 0xFFFFFF3FFF402000

mem[X,0x0000000080001074] -> 0x0F13
mem[X,0x0000000080001076] -> 0x03FF
[1058] [M]: 0x0000000080001074 (0x03FF0F13) addi t5, t5, 0x3f
x30 <- 0xFFFFFF3FFF40203F

mem[X,0x0000000080001078] -> 0x1F13
mem[X,0x000000008000107A] -> 0x00AF
[1059] [M]: 0x0000000080001078 (0x00AF1F13) slli t5, t5, 0xa
x30 <- 0xFFFCFFFD0080FC00

mem[X,0x000000008000107C] -> 0x0F13
mem[X,0x000000008000107E] -> 0x3FFF
[1060] [M]: 0x000000008000107C (0x3FFF0F13) addi t5, t5, 0x3ff
x30 <- 0xFFFCFFFD0080FFFF

mem[X,0x0000000080001080] -> 0x5EB7
mem[X,0x0000000080001082] -> 0xF7FF
[1061] [M]: 0x0000000080001080 (0xF7FF5EB7) lui t4, -0x800b
x29 <- 0xFFFFFFFFF7FF5000

mem[X,0x0000000080001084] -> 0x8E93
mem[X,0x0000000080001086] -> 0x555E
[1062] [M]: 0x0000000080001084 (0x555E8E93) addi t4, t4, 0x555
x29 <- 0xFFFFFFFFF7FF5555

mem[X,0x0000000080001088] -> 0x9E93
mem[X,0x000000008000108A] -> 0x00BE
[1063] [M]: 0x0000000080001088 (0x00BE9E93) slli t4, t4, 0xb
x29 <- 0xFFFFFFBFFAAAA800

mem[X,0x000000008000108C] -> 0x8E93
mem[X,0x000000008000108E] -> 0x010E
[1064] [M]: 0x000000008000108C (0x010E8E93) addi t4, t4, 0x10
x29 <- 0xFFFFFFBFFAAAA810

mem[X,0x0000000080001090] -> 0x9E93
mem[X,0x0000000080001092] -> 0x00BE
[1065] [M]: 0x0000000080001090 (0x00BE9E93) slli t4, t4, 0xb
x29 <- 0xFFFDFFD555408000

mem[X,0x0000000080001094] -> 0x8E93
mem[X,0x0000000080001096] -> 0x000E
[1066] [M]: 0x0000000080001094 (0x000E8E93) addi t4, t4, 0x0
x29 <- 0xFFFDFFD555408000

mem[X,0x0000000080001098] -> 0x9E93
mem[X,0x000000008000109A] -> 0x00AE
[1067] [M]: 0x0000000080001098 (0x00AE9E93) slli t4, t4, 0xa
x29 <- 0xF7FF555502000000

mem[X,0x000000008000109C] -> 0x8E93
mem[X,0x000000008000109E] -> 0x003E
[1068] [M]: 0x000000008000109C (0x003E8E93) addi t4, t4, 0x3
x29 <- 0xF7FF555502000003

mem[X,0x00000000800010A0] -> 0x7FBB
mem[X,0x00000000800010A2] -> 0x9DDF
[1069] [M]: 0x00000000800010A0 (0x9DDF7FBB) pmhraccu.h t6, t5, t4
x31 <- 0x5E41D6DF0B759AB3

mem[X,0x00000000800010A4] -> 0x3C23
mem[X,0x00000000800010A6] -> 0x0BF1
[1070] [M]: 0x00000000800010A4 (0x0BF13C23) sd t6, 0xb8(sp)
mem[0x00000000800042B8] <- 0x5E41D6DF0B759AB3

mem[X,0x00000000800010A8] -> 0x0F37
mem[X,0x00000000800010AA] -> 0x0400
[1071] [M]: 0x00000000800010A8 (0x04000F37) lui t5, 0x4000
x30 <- 0x0000000004000000

mem[X,0x00000000800010AC] -> 0x0F13
mem[X,0x00000000800010AE] -> 0x009F
[1072] [M]: 0x00000000800010AC (0x009F0F13) addi t5, t5, 0x9
x30 <- 0x0000000004000009

mem[X,0x00000000800010B0] -> 0x1F13
mem[X,0x00000000800010B2] -> 0x00BF
[1073] [M]: 0x00000000800010B0 (0x00BF1F13) slli t5, t5, 0xb
x30 <- 0x0000002000004800

mem[X,0x00000000800010B4] -> 0x0F13
mem[X,0x00000000800010B6] -> 0x6FFF
[1074] [M]: 0x00000000800010B4 (0x6FFF0F13) addi t5, t5, 0x6ff
x30 <- 0x0000002000004EFF

mem[X,0x00000000800010B8] -> 0x1F13
mem[X,0x00000000800010BA] -> 0x00BF
[1075] [M]: 0x00000000800010B8 (0x00BF1F13) slli t5, t5, 0xb
x30 <- 0x000100000277F800

mem[X,0x00000000800010BC] -> 0x0F13
mem[X,0x00000000800010BE] -> 0x7C0F
[1076] [M]: 0x00000000800010BC (0x7C0F0F13) addi t5, t5, 0x7c0
x30 <- 0x000100000277FFC0

mem[X,0x00000000800010C0] -> 0x1F13
mem[X,0x00000000800010C2] -> 0x00AF
[1077] [M]: 0x00000000800010C0 (0x00AF1F13) slli t5, t5, 0xa
x30 <- 0x04000009DFFF0000

mem[X,0x00000000800010C4] -> 0x0F13
mem[X,0x00000000800010C6] -> 0x007F
[1078] [M]: 0x00000000800010C4 (0x007F0F13) addi t5, t5, 0x7
x30 <- 0x04000009DFFF0007

mem[X,0x00000000800010C8] -> 0x2EB7
mem[X,0x00000000800010CA] -> 0xBFFF
[1079] [M]: 0x00000000800010C8 (0xBFFF2EB7) lui t4, -0x4000e
x29 <- 0xFFFFFFFFBFFF2000

mem[X,0x00000000800010CC] -> 0x8E93
mem[X,0x00000000800010CE] -> 0x000E
[1080] [M]: 0x00000000800010CC (0x000E8E93) addi t4, t4, 0x0
x29 <- 0xFFFFFFFFBFFF2000

mem[X,0x00000000800010D0] -> 0x9E93
mem[X,0x00000000800010D2] -> 0x00BE
[1081] [M]: 0x00000000800010D0 (0x00BE9E93) slli t4, t4, 0xb
x29 <- 0xFFFFFDFFF9000000

mem[X,0x00000000800010D4] -> 0x8E93
mem[X,0x00000000800010D6] -> 0x000E
[1082] [M]: 0x00000000800010D4 (0x000E8E93) addi t4, t4, 0x0
x29 <- 0xFFFFFDFFF9000000

mem[X,0x00000000800010D8] -> 0x9E93
mem[X,0x00000000800010DA] -> 0x00BE
[1083] [M]: 0x00000000800010D8 (0x00BE9E93) slli t4, t4, 0xb
x29 <- 0xFFEFFFC800000000

mem[X,0x00000000800010DC] -> 0x8E93
mem[X,0x00000000800010DE] -> 0x0FFE
[1084] [M]: 0x00000000800010DC (0x0FFE8E93) addi t4, t4, 0xff
x29 <- 0xFFEFFFC8000000FF

mem[X,0x00000000800010E0] -> 0x9E93
mem[X,0x00000000800010E2] -> 0x00AE
[1085] [M]: 0x00000000800010E0 (0x00AE9E93) slli t4, t4, 0xa
x29 <- 0xBFFF20000003FC00

mem[X,0x00000000800010E4] -> 0x8E93
mem[X,0x00000000800010E6] -> 0x3F7E
[1086] [M]: 0x00000000800010E4 (0x3F7E8E93) addi t4, t4, 0x3f7
x29 <- 0xBFFF20000003FFF7

mem[X,0x00000000800010E8] -> 0x7FBB
mem[X,0x00000000800010EA] -> 0x9DDF
[1087] [M]: 0x00000000800010E8 (0x9DDF7FBB) pmhraccu.h t6, t5, t4
x31 <- 0x6141D6E00B789ABA

mem[X,0x00000000800010EC] -> 0x3023
mem[X,0x00000000800010EE] -> 0x0DF1
[1088] [M]: 0x00000000800010EC (0x0DF13023) sd t6, 0xc0(sp)
mem[0x00000000800042C0] <- 0x6141D6E00B789ABA

mem[X,0x00000000800010F0] -> 0x2F37
mem[X,0x00000000800010F2] -> 0x8000
[1089] [M]: 0x00000000800010F0 (0x80002F37) lui t5, -0x7fffe
x30 <- 0xFFFFFFFF80002000

mem[X,0x00000000800010F4] -> 0x0F13
mem[X,0x00000000800010F6] -> 0x000F
[1090] [M]: 0x00000000800010F4 (0x000F0F13) addi t5, t5, 0x0
x30 <- 0xFFFFFFFF80002000

mem[X,0x00000000800010F8] -> 0x1F13
mem[X,0x00000000800010FA] -> 0x00BF
[1091] [M]: 0x00000000800010F8 (0x00BF1F13) slli t5, t5, 0xb
x30 <- 0xFFFFFC0001000000

mem[X,0x00000000800010FC] -> 0x0F13
mem[X,0x00000000800010FE] -> 0x2AAF
[1092] [M]: 0x00000000800010FC (0x2AAF0F13) addi t5, t5, 0x2aa
x30 <- 0xFFFFFC00010002AA

mem[X,0x0000000080001100] -> 0x1F13
mem[X,0x0000000080001102] -> 0x00BF
[1093] [M]: 0x0000000080001100 (0x00BF1F13) slli t5, t5, 0xb
x30 <- 0xFFE0000800155000

mem[X,0x0000000080001104] -> 0x0F13
mem[X,0x0000000080001106] -> 0x56AF
[1094] [M]: 0x0000000080001104 (0x56AF0F13) addi t5, t5, 0x56a
x30 <- 0xFFE000080015556A

mem[X,0x0000000080001108] -> 0x1F13
mem[X,0x000000008000110A] -> 0x00AF
[1095] [M]: 0x0000000080001108 (0x00AF1F13) slli t5, t5, 0xa
x30 <- 0x800020005555A800

mem[X,0x000000008000110C] -> 0x0F13
mem[X,0x000000008000110E] -> 0x2AAF
[1096] [M]: 0x000000008000110C (0x2AAF0F13) addi t5, t5, 0x2aa
x30 <- 0x800020005555AAAA

mem[X,0x0000000080001110] -> 0x0EB7
mem[X,0x0000000080001112] -> 0xFFFC
[1097] [M]: 0x0000000080001110 (0xFFFC0EB7) lui t4, -0x40
x29 <- 0xFFFFFFFFFFFC0000

mem[X,0x0000000080001114] -> 0x8E93
mem[X,0x0000000080001116] -> 0x010E
[1098] [M]: 0x0000000080001114 (0x010E8E93) addi t4, t4, 0x10
x29 <- 0xFFFFFFFFFFFC0010

mem[X,0x0000000080001118] -> 0x9E93
mem[X,0x000000008000111A] -> 0x00BE
[1099] [M]: 0x0000000080001118 (0x00BE9E93) slli t4, t4, 0xb
x29 <- 0xFFFFFFFFE0008000

clint::tick mtime <- 0x000000000000000B
 clint timer pending at mtime 0x000000000000000B
htif::tick 0x0000000000000000
mem[X,0x000000008000111C] -> 0x8E93
mem[X,0x000000008000111E] -> 0x010E
[1100] [M]: 0x000000008000111C (0x010E8E93) addi t4, t4, 0x10
x29 <- 0xFFFFFFFFE0008010

mem[X,0x0000000080001120] -> 0x9E93
mem[X,0x0000000080001122] -> 0x00BE
[1101] [M]: 0x0000000080001120 (0x00BE9E93) slli t4, t4, 0xb
x29 <- 0xFFFFFF0004008000

mem[X,0x0000000080001124] -> 0x8E93
mem[X,0x0000000080001126] -> 0x03FE
[1102] [M]: 0x0000000080001124 (0x03FE8E93) addi t4, t4, 0x3f
x29 <- 0xFFFFFF000400803F

mem[X,0x0000000080001128] -> 0x9E93
mem[X,0x000000008000112A] -> 0x00AE
[1103] [M]: 0x0000000080001128 (0x00AE9E93) slli t4, t4, 0xa
x29 <- 0xFFFC00100200FC00

mem[X,0x000000008000112C] -> 0x8E93
mem[X,0x000000008000112E] -> 0x1FFE
[1104] [M]: 0x000000008000112C (0x1FFE8E93) addi t4, t4, 0x1ff
x29 <- 0xFFFC00100200FDFF

mem[X,0x0000000080001130] -> 0x7FBB
mem[X,0x0000000080001132] -> 0x9DDF
[1105] [M]: 0x0000000080001130 (0x9DDF7FBB) pmhraccu.h t6, t5, t4
x31 <- 0xE13FD6E20C23440E

mem[X,0x0000000080001134] -> 0x3423
mem[X,0x0000000080001136] -> 0x0DF1
[1106] [M]: 0x0000000080001134 (0x0DF13423) sd t6, 0xc8(sp)
mem[0x00000000800042C8] <- 0xE13FD6E20C23440E

mem[X,0x0000000080001138] -> 0x0F37
mem[X,0x000000008000113A] -> 0xFFF7
[1107] [M]: 0x0000000080001138 (0xFFF70F37) lui t5, -0x90
x30 <- 0xFFFFFFFFFFF70000

mem[X,0x000000008000113C] -> 0x0F13
mem[X,0x000000008000113E] -> 0xEFFF
[1108] [M]: 0x000000008000113C (0xEFFF0F13) addi t5, t5, -0x101
x30 <- 0xFFFFFFFFFFF6FEFF

mem[X,0x0000000080001140] -> 0x1F13
mem[X,0x0000000080001142] -> 0x00BF
[1109] [M]: 0x0000000080001140 (0x00BF1F13) slli t5, t5, 0xb
x30 <- 0xFFFFFFFFB7F7F800

mem[X,0x0000000080001144] -> 0x0F13
mem[X,0x0000000080001146] -> 0x77FF
[1110] [M]: 0x0000000080001144 (0x77FF0F13) addi t5, t5, 0x77f
x30 <- 0xFFFFFFFFB7F7FF7F

mem[X,0x0000000080001148] -> 0x1F13
mem[X,0x000000008000114A] -> 0x00BF
[1111] [M]: 0x0000000080001148 (0x00BF1F13) slli t5, t5, 0xb
x30 <- 0xFFFFFDBFBFFBF800

mem[X,0x000000008000114C] -> 0x0F13
mem[X,0x000000008000114E] -> 0x7C0F
[1112] [M]: 0x000000008000114C (0x7C0F0F13) addi t5, t5, 0x7c0
x30 <- 0xFFFFFDBFBFFBFFC0

mem[X,0x0000000080001150] -> 0x1F13
mem[X,0x0000000080001152] -> 0x00AF
[1113] [M]: 0x0000000080001150 (0x00AF1F13) slli t5, t5, 0xa
x30 <- 0xFFF6FEFFEFFF0000

mem[X,0x0000000080001154] -> 0x0F13
mem[X,0x0000000080001156] -> 0x004F
[1114] [M]: 0x0000000080001154 (0x004F0F13) addi t5, t5, 0x4
x30 <- 0xFFF6FEFFEFFF0004

mem[X,0x0000000080001158] -> 0x0EB7
mem[X,0x000000008000115A] -> 0x0400
[1115] [M]: 0x0000000080001158 (0x04000EB7) lui t4, 0x4000
x29 <- 0x0000000004000000

mem[X,0x000000008000115C] -> 0x8E93
mem[X,0x000000008000115E] -> 0x006E
[1116] [M]: 0x000000008000115C (0x006E8E93) addi t4, t4, 0x6
x29 <- 0x0000000004000006

mem[X,0x0000000080001160] -> 0x9E93
mem[X,0x0000000080001162] -> 0x00BE
[1117] [M]: 0x0000000080001160 (0x00BE9E93) slli t4, t4, 0xb
x29 <- 0x0000002000003000

mem[X,0x0000000080001164] -> 0x8E93
mem[X,0x0000000080001166] -> 0x000E
[1118] [M]: 0x0000000080001164 (0x000E8E93) addi t4, t4, 0x0
x29 <- 0x0000002000003000

mem[X,0x0000000080001168] -> 0x9E93
mem[X,0x000000008000116A] -> 0x00BE
[1119] [M]: 0x0000000080001168 (0x00BE9E93) slli t4, t4, 0xb
x29 <- 0x0001000001800000

mem[X,0x000000008000116C] -> 0x8E93
mem[X,0x000000008000116E] -> 0x200E
[1120] [M]: 0x000000008000116C (0x200E8E93) addi t4, t4, 0x200
x29 <- 0x0001000001800200

mem[X,0x0000000080001170] -> 0x9E93
mem[X,0x0000000080001172] -> 0x00AE
[1121] [M]: 0x0000000080001170 (0x00AE9E93) slli t4, t4, 0xa
x29 <- 0x0400000600080000

mem[X,0x0000000080001174] -> 0x8E93
mem[X,0x0000000080001176] -> 0x004E
[1122] [M]: 0x0000000080001174 (0x004E8E93) addi t4, t4, 0x4
x29 <- 0x0400000600080004

mem[X,0x0000000080001178] -> 0x7FBB
mem[X,0x000000008000117A] -> 0x9DDF
[1123] [M]: 0x0000000080001178 (0x9DDF7FBB) pmhraccu.h t6, t5, t4
x31 <- 0xE53FD6E80C2A440E

mem[X,0x000000008000117C] -> 0x3823
mem[X,0x000000008000117E] -> 0x0DF1
[1124] [M]: 0x000000008000117C (0x0DF13823) sd t6, 0xd0(sp)
mem[0x00000000800042D0] <- 0xE53FD6E80C2A440E

mem[X,0x0000000080001180] -> 0x4F37
mem[X,0x0000000080001182] -> 0x0009
[1125] [M]: 0x0000000080001180 (0x00094F37) lui t5, 0x94
x30 <- 0x0000000000094000

mem[X,0x0000000080001184] -> 0x0F13
mem[X,0x0000000080001186] -> 0xFFFF
[1126] [M]: 0x0000000080001184 (0xFFFF0F13) addi t5, t5, -0x1
x30 <- 0x0000000000093FFF

mem[X,0x0000000080001188] -> 0x1F13
mem[X,0x000000008000118A] -> 0x00BF
[1127] [M]: 0x0000000080001188 (0x00BF1F13) slli t5, t5, 0xb
x30 <- 0x0000000049FFF800

mem[X,0x000000008000118C] -> 0x0F13
mem[X,0x000000008000118E] -> 0x000F
[1128] [M]: 0x000000008000118C (0x000F0F13) addi t5, t5, 0x0
x30 <- 0x0000000049FFF800

mem[X,0x0000000080001190] -> 0x1F13
mem[X,0x0000000080001192] -> 0x00BF
[1129] [M]: 0x0000000080001190 (0x00BF1F13) slli t5, t5, 0xb
x30 <- 0x0000024FFFC00000

mem[X,0x0000000080001194] -> 0x0F13
mem[X,0x0000000080001196] -> 0x02FF
[1130] [M]: 0x0000000080001194 (0x02FF0F13) addi t5, t5, 0x2f
x30 <- 0x0000024FFFC0002F

mem[X,0x0000000080001198] -> 0x1F13
mem[X,0x000000008000119A] -> 0x00AF
[1131] [M]: 0x0000000080001198 (0x00AF1F13) slli t5, t5, 0xa
x30 <- 0x00093FFF0000BC00

mem[X,0x000000008000119C] -> 0x0F13
mem[X,0x000000008000119E] -> 0x3FFF
[1132] [M]: 0x000000008000119C (0x3FFF0F13) addi t5, t5, 0x3ff
x30 <- 0x00093FFF0000BFFF

mem[X,0x00000000800011A0] -> 0x8EB7
mem[X,0x00000000800011A2] -> 0x7FFF
[1133] [M]: 0x00000000800011A0 (0x7FFF8EB7) lui t4, 0x7fff8
x29 <- 0x000000007FFF8000

mem[X,0x00000000800011A4] -> 0x8E93
mem[X,0x00000000800011A6] -> 0x000E
[1134] [M]: 0x00000000800011A4 (0x000E8E93) addi t4, t4, 0x0
x29 <- 0x000000007FFF8000

mem[X,0x00000000800011A8] -> 0x9E93
mem[X,0x00000000800011AA] -> 0x00BE
[1135] [M]: 0x00000000800011A8 (0x00BE9E93) slli t4, t4, 0xb
x29 <- 0x000003FFFC000000

mem[X,0x00000000800011AC] -> 0x8E93
mem[X,0x00000000800011AE] -> 0x400E
[1136] [M]: 0x00000000800011AC (0x400E8E93) addi t4, t4, 0x400
x29 <- 0x000003FFFC000400

mem[X,0x00000000800011B0] -> 0x9E93
mem[X,0x00000000800011B2] -> 0x00BE
[1137] [M]: 0x00000000800011B0 (0x00BE9E93) slli t4, t4, 0xb
x29 <- 0x001FFFE000200000

mem[X,0x00000000800011B4] -> 0x8E93
mem[X,0x00000000800011B6] -> 0x02AE
[1138] [M]: 0x00000000800011B4 (0x02AE8E93) addi t4, t4, 0x2a
x29 <- 0x001FFFE00020002A

mem[X,0x00000000800011B8] -> 0x9E93
mem[X,0x00000000800011BA] -> 0x00AE
[1139] [M]: 0x00000000800011B8 (0x00AE9E93) slli t4, t4, 0xa
x29 <- 0x7FFF80008000A800

mem[X,0x00000000800011BC] -> 0x8E93
mem[X,0x00000000800011BE] -> 0x2AAE
[1140] [M]: 0x00000000800011BC (0x2AAE8E93) addi t4, t4, 0x2aa
x29 <- 0x7FFF80008000AAAA

mem[X,0x00000000800011C0] -> 0x7FBB
mem[X,0x00000000800011C2] -> 0x9DDF
[1141] [M]: 0x00000000800011C0 (0x9DDF7FBB) pmhraccu.h t6, t5, t4
x31 <- 0xE543F6E80C2AC40D

mem[X,0x00000000800011C4] -> 0x3C23
mem[X,0x00000000800011C6] -> 0x0DF1
[1142] [M]: 0x00000000800011C4 (0x0DF13C23) sd t6, 0xd8(sp)
mem[0x00000000800042D8] <- 0xE543F6E80C2AC40D

mem[X,0x00000000800011C8] -> 0x4F37
mem[X,0x00000000800011CA] -> 0x5555
[1143] [M]: 0x00000000800011C8 (0x55554F37) lui t5, 0x55554
x30 <- 0x0000000055554000

mem[X,0x00000000800011CC] -> 0x0F13
mem[X,0x00000000800011CE] -> 0xFFFF
[1144] [M]: 0x00000000800011CC (0xFFFF0F13) addi t5, t5, -0x1
x30 <- 0x0000000055553FFF

mem[X,0x00000000800011D0] -> 0x1F13
mem[X,0x00000000800011D2] -> 0x00BF
[1145] [M]: 0x00000000800011D0 (0x00BF1F13) slli t5, t5, 0xb
x30 <- 0x000002AAA9FFF800

mem[X,0x00000000800011D4] -> 0x0F13
mem[X,0x00000000800011D6] -> 0x000F
[1146] [M]: 0x00000000800011D4 (0x000F0F13) addi t5, t5, 0x0
x30 <- 0x000002AAA9FFF800

mem[X,0x00000000800011D8] -> 0x1F13
mem[X,0x00000000800011DA] -> 0x00BF
[1147] [M]: 0x00000000800011D8 (0x00BF1F13) slli t5, t5, 0xb
x30 <- 0x0015554FFFC00000

mem[X,0x00000000800011DC] -> 0x0F13
mem[X,0x00000000800011DE] -> 0x050F
[1148] [M]: 0x00000000800011DC (0x050F0F13) addi t5, t5, 0x50
x30 <- 0x0015554FFFC00050

mem[X,0x00000000800011E0] -> 0x1F13
mem[X,0x00000000800011E2] -> 0x00AF
[1149] [M]: 0x00000000800011E0 (0x00AF1F13) slli t5, t5, 0xa
x30 <- 0x55553FFF00014000

mem[X,0x00000000800011E4] -> 0x0EB7
mem[X,0x00000000800011E6] -> 0xC001
[1150] [M]: 0x00000000800011E4 (0xC0010EB7) lui t4, -0x3fff0
x29 <- 0xFFFFFFFFC0010000

mem[X,0x00000000800011E8] -> 0x8E93
mem[X,0x00000000800011EA] -> 0xFFCE
[1151] [M]: 0x00000000800011E8 (0xFFCE8E93) addi t4, t4, -0x4
x29 <- 0xFFFFFFFFC000FFFC

mem[X,0x00000000800011EC] -> 0x9E93
mem[X,0x00000000800011EE] -> 0x00BE
[1152] [M]: 0x00000000800011EC (0x00BE9E93) slli t4, t4, 0xb
x29 <- 0xFFFFFE0007FFE000

mem[X,0x00000000800011F0] -> 0x8E93
mem[X,0x00000000800011F2] -> 0x010E
[1153] [M]: 0x00000000800011F0 (0x010E8E93) addi t4, t4, 0x10
x29 <- 0xFFFFFE0007FFE010

mem[X,0x00000000800011F4] -> 0x9E93
mem[X,0x00000000800011F6] -> 0x00BE
[1154] [M]: 0x00000000800011F4 (0x00BE9E93) slli t4, t4, 0xb
x29 <- 0xFFF0003FFF008000

mem[X,0x00000000800011F8] -> 0x8E93
mem[X,0x00000000800011FA] -> 0x008E
[1155] [M]: 0x00000000800011F8 (0x008E8E93) addi t4, t4, 0x8
x29 <- 0xFFF0003FFF008008

mem[X,0x00000000800011FC] -> 0x9E93
mem[X,0x00000000800011FE] -> 0x00AE
[1156] [M]: 0x00000000800011FC (0x00AE9E93) slli t4, t4, 0xa
x29 <- 0xC000FFFC02002000

mem[X,0x0000000080001200] -> 0x7FBB
mem[X,0x0000000080001202] -> 0x9DDF
[1157] [M]: 0x0000000080001200 (0x9DDF7FBB) pmhraccu.h t6, t5, t4
x31 <- 0x254336E60C2ACC0D

mem[X,0x0000000080001204] -> 0x3023
mem[X,0x0000000080001206] -> 0x0FF1
[1158] [M]: 0x0000000080001204 (0x0FF13023) sd t6, 0xe0(sp)
mem[0x00000000800042E0] <- 0x254336E60C2ACC0D

mem[X,0x0000000080001208] -> 0x1F37
mem[X,0x000000008000120A] -> 0x0080
[1159] [M]: 0x0000000080001208 (0x00801F37) lui t5, 0x801
x30 <- 0x0000000000801000

mem[X,0x000000008000120C] -> 0x0F13
mem[X,0x000000008000120E] -> 0x000F
[1160] [M]: 0x000000008000120C (0x000F0F13) addi t5, t5, 0x0
x30 <- 0x0000000000801000

mem[X,0x0000000080001210] -> 0x1F13
mem[X,0x0000000080001212] -> 0x00BF
[1161] [M]: 0x0000000080001210 (0x00BF1F13) slli t5, t5, 0xb
x30 <- 0x0000000400800000

mem[X,0x0000000080001214] -> 0x0F13
mem[X,0x0000000080001216] -> 0x3FFF
[1162] [M]: 0x0000000080001214 (0x3FFF0F13) addi t5, t5, 0x3ff
x30 <- 0x00000004008003FF

mem[X,0x0000000080001218] -> 0x1F13
mem[X,0x000000008000121A] -> 0x00BF
[1163] [M]: 0x0000000080001218 (0x00BF1F13) slli t5, t5, 0xb
x30 <- 0x00002004001FF800

mem[X,0x000000008000121C] -> 0x0F13
mem[X,0x000000008000121E] -> 0x7FFF
[1164] [M]: 0x000000008000121C (0x7FFF0F13) addi t5, t5, 0x7ff
x30 <- 0x00002004001FFFFF

mem[X,0x0000000080001220] -> 0x1F13
mem[X,0x0000000080001222] -> 0x00AF
[1165] [M]: 0x0000000080001220 (0x00AF1F13) slli t5, t5, 0xa
x30 <- 0x008010007FFFFC00

mem[X,0x0000000080001224] -> 0x0F13
mem[X,0x0000000080001226] -> 0x1FFF
[1166] [M]: 0x0000000080001224 (0x1FFF0F13) addi t5, t5, 0x1ff
x30 <- 0x008010007FFFFDFF

mem[X,0x0000000080001228] -> 0x0EB7
mem[X,0x000000008000122A] -> 0xFBFF
[1167] [M]: 0x0000000080001228 (0xFBFF0EB7) lui t4, -0x4010
x29 <- 0xFFFFFFFFFBFF0000

mem[X,0x000000008000122C] -> 0x8E93
mem[X,0x000000008000122E] -> 0x400E
[1168] [M]: 0x000000008000122C (0x400E8E93) addi t4, t4, 0x400
x29 <- 0xFFFFFFFFFBFF0400

mem[X,0x0000000080001230] -> 0x9E93
mem[X,0x0000000080001232] -> 0x00BE
[1169] [M]: 0x0000000080001230 (0x00BE9E93) slli t4, t4, 0xb
x29 <- 0xFFFFFFDFF8200000

mem[X,0x0000000080001234] -> 0x8E93
mem[X,0x0000000080001236] -> 0x008E
[1170] [M]: 0x0000000080001234 (0x008E8E93) addi t4, t4, 0x8
x29 <- 0xFFFFFFDFF8200008

mem[X,0x0000000080001238] -> 0x9E93
mem[X,0x000000008000123A] -> 0x00BE
[1171] [M]: 0x0000000080001238 (0x00BE9E93) slli t4, t4, 0xb
x29 <- 0xFFFEFFC100004000

mem[X,0x000000008000123C] -> 0x8E93
mem[X,0x000000008000123E] -> 0x000E
[1172] [M]: 0x000000008000123C (0x000E8E93) addi t4, t4, 0x0
x29 <- 0xFFFEFFC100004000

mem[X,0x0000000080001240] -> 0x9E93
mem[X,0x0000000080001242] -> 0x00AE
[1173] [M]: 0x0000000080001240 (0x00AE9E93) slli t4, t4, 0xa
x29 <- 0xFBFF040001000000

mem[X,0x0000000080001244] -> 0x8E93
mem[X,0x0000000080001246] -> 0x008E
[1174] [M]: 0x0000000080001244 (0x008E8E93) addi t4, t4, 0x8
x29 <- 0xFBFF040001000008

mem[X,0x0000000080001248] -> 0x7FBB
mem[X,0x000000008000124A] -> 0x9DDF
[1175] [M]: 0x0000000080001248 (0x9DDF7FBB) pmhraccu.h t6, t5, t4
x31 <- 0x25C137260CAACC15

mem[X,0x000000008000124C] -> 0x3423
mem[X,0x000000008000124E] -> 0x0FF1
[1176] [M]: 0x000000008000124C (0x0FF13423) sd t6, 0xe8(sp)
mem[0x00000000800042E8] <- 0x25C137260CAACC15

mem[X,0x0000000080001250] -> 0xCF37
mem[X,0x0000000080001252] -> 0xFFF7
[1177] [M]: 0x0000000080001250 (0xFFF7CF37) lui t5, -0x84
x30 <- 0xFFFFFFFFFFF7C000

mem[X,0x0000000080001254] -> 0x0F13
mem[X,0x0000000080001256] -> 0xFFFF
[1178] [M]: 0x0000000080001254 (0xFFFF0F13) addi t5, t5, -0x1
x30 <- 0xFFFFFFFFFFF7BFFF

mem[X,0x0000000080001258] -> 0x1F13
mem[X,0x000000008000125A] -> 0x00BF
[1179] [M]: 0x0000000080001258 (0x00BF1F13) slli t5, t5, 0xb
x30 <- 0xFFFFFFFFBDFFF800

mem[X,0x000000008000125C] -> 0x0F13
mem[X,0x000000008000125E] -> 0x000F
[1180] [M]: 0x000000008000125C (0x000F0F13) addi t5, t5, 0x0
x30 <- 0xFFFFFFFFBDFFF800

mem[X,0x0000000080001260] -> 0x1F13
mem[X,0x0000000080001262] -> 0x00BF
[1181] [M]: 0x0000000080001260 (0x00BF1F13) slli t5, t5, 0xb
x30 <- 0xFFFFFDEFFFC00000

mem[X,0x0000000080001264] -> 0x0F13
mem[X,0x0000000080001266] -> 0x100F
[1182] [M]: 0x0000000080001264 (0x100F0F13) addi t5, t5, 0x100
x30 <- 0xFFFFFDEFFFC00100

mem[X,0x0000000080001268] -> 0x1F13
mem[X,0x000000008000126A] -> 0x00AF
[1183] [M]: 0x0000000080001268 (0x00AF1F13) slli t5, t5, 0xa
x30 <- 0xFFF7BFFF00040000

mem[X,0x000000008000126C] -> 0x0F13
mem[X,0x000000008000126E] -> 0x005F
[1184] [M]: 0x000000008000126C (0x005F0F13) addi t5, t5, 0x5
x30 <- 0xFFF7BFFF00040005

mem[X,0x0000000080001270] -> 0x0EB7
mem[X,0x0000000080001272] -> 0xFFFE
[1185] [M]: 0x0000000080001270 (0xFFFE0EB7) lui t4, -0x20
x29 <- 0xFFFFFFFFFFFE0000

mem[X,0x0000000080001274] -> 0x8E93
mem[X,0x0000000080001276] -> 0x080E
[1186] [M]: 0x0000000080001274 (0x080E8E93) addi t4, t4, 0x80
x29 <- 0xFFFFFFFFFFFE0080

mem[X,0x0000000080001278] -> 0x9E93
mem[X,0x000000008000127A] -> 0x00BE
[1187] [M]: 0x0000000080001278 (0x00BE9E93) slli t4, t4, 0xb
x29 <- 0xFFFFFFFFF0040000

mem[X,0x000000008000127C] -> 0x8E93
mem[X,0x000000008000127E] -> 0x000E
[1188] [M]: 0x000000008000127C (0x000E8E93) addi t4, t4, 0x0
x29 <- 0xFFFFFFFFF0040000

mem[X,0x0000000080001280] -> 0x9E93
mem[X,0x0000000080001282] -> 0x00BE
[1189] [M]: 0x0000000080001280 (0x00BE9E93) slli t4, t4, 0xb
x29 <- 0xFFFFFF8020000000

mem[X,0x0000000080001284] -> 0x8E93
mem[X,0x0000000080001286] -> 0x200E
[1190] [M]: 0x0000000080001284 (0x200E8E93) addi t4, t4, 0x200
x29 <- 0xFFFFFF8020000200

mem[X,0x0000000080001288] -> 0x9E93
mem[X,0x000000008000128A] -> 0x00AE
[1191] [M]: 0x0000000080001288 (0x00AE9E93) slli t4, t4, 0xa
x29 <- 0xFFFE008000080000

mem[X,0x000000008000128C] -> 0x8E93
mem[X,0x000000008000128E] -> 0x009E
[1192] [M]: 0x000000008000128C (0x009E8E93) addi t4, t4, 0x9
x29 <- 0xFFFE008000080009

mem[X,0x0000000080001290] -> 0x7FBB
mem[X,0x0000000080001292] -> 0x9DDF
[1193] [M]: 0x0000000080001290 (0x9DDF7FBB) pmhraccu.h t6, t5, t4
x31 <- 0x25B637860CAACC15

mem[X,0x0000000080001294] -> 0x3823
mem[X,0x0000000080001296] -> 0x0FF1
[1194] [M]: 0x0000000080001294 (0x0FF13823) sd t6, 0xf0(sp)
mem[0x00000000800042F0] <- 0x25B637860CAACC15

mem[X,0x0000000080001298] -> 0xEF37
mem[X,0x000000008000129A] -> 0xFFFD
[1195] [M]: 0x0000000080001298 (0xFFFDEF37) lui t5, -0x22
x30 <- 0xFFFFFFFFFFFDE000

mem[X,0x000000008000129C] -> 0x0F13
mem[X,0x000000008000129E] -> 0xFFFF
[1196] [M]: 0x000000008000129C (0xFFFF0F13) addi t5, t5, -0x1
x30 <- 0xFFFFFFFFFFFDDFFF

mem[X,0x00000000800012A0] -> 0x1F13
mem[X,0x00000000800012A2] -> 0x00BF
[1197] [M]: 0x00000000800012A0 (0x00BF1F13) slli t5, t5, 0xb
x30 <- 0xFFFFFFFFEEFFF800

mem[X,0x00000000800012A4] -> 0x0F13
mem[X,0x00000000800012A6] -> 0x7FFF
[1198] [M]: 0x00000000800012A4 (0x7FFF0F13) addi t5, t5, 0x7ff
x30 <- 0xFFFFFFFFEEFFFFFF

mem[X,0x00000000800012A8] -> 0x1F13
mem[X,0x00000000800012AA] -> 0x00BF
[1199] [M]: 0x00000000800012A8 (0x00BF1F13) slli t5, t5, 0xb
x30 <- 0xFFFFFF77FFFFF800

clint::tick mtime <- 0x000000000000000C
 clint timer pending at mtime 0x000000000000000C
htif::tick 0x0000000000000000
mem[X,0x00000000800012AC] -> 0x0F13
mem[X,0x00000000800012AE] -> 0x595F
[1200] [M]: 0x00000000800012AC (0x595F0F13) addi t5, t5, 0x595
x30 <- 0xFFFFFF77FFFFFD95

mem[X,0x00000000800012B0] -> 0x1F13
mem[X,0x00000000800012B2] -> 0x00AF
[1201] [M]: 0x00000000800012B0 (0x00AF1F13) slli t5, t5, 0xa
x30 <- 0xFFFDDFFFFFF65400

mem[X,0x00000000800012B4] -> 0x0F13
mem[X,0x00000000800012B6] -> 0x155F
[1202] [M]: 0x00000000800012B4 (0x155F0F13) addi t5, t5, 0x155
x30 <- 0xFFFDDFFFFFF65555

mem[X,0x00000000800012B8] -> 0x4EB7
mem[X,0x00000000800012BA] -> 0xFFFB
[1203] [M]: 0x00000000800012B8 (0xFFFB4EB7) lui t4, -0x4c
x29 <- 0xFFFFFFFFFFFB4000

mem[X,0x00000000800012BC] -> 0x8E93
mem[X,0x00000000800012BE] -> 0x000E
[1204] [M]: 0x00000000800012BC (0x000E8E93) addi t4, t4, 0x0
x29 <- 0xFFFFFFFFFFFB4000

mem[X,0x00000000800012C0] -> 0x9E93
mem[X,0x00000000800012C2] -> 0x00BE
[1205] [M]: 0x00000000800012C0 (0x00BE9E93) slli t4, t4, 0xb
x29 <- 0xFFFFFFFFDA000000

mem[X,0x00000000800012C4] -> 0x8E93
mem[X,0x00000000800012C6] -> 0x000E
[1206] [M]: 0x00000000800012C4 (0x000E8E93) addi t4, t4, 0x0
x29 <- 0xFFFFFFFFDA000000

mem[X,0x00000000800012C8] -> 0x9E93
mem[X,0x00000000800012CA] -> 0x00BE
[1207] [M]: 0x00000000800012C8 (0x00BE9E93) slli t4, t4, 0xb
x29 <- 0xFFFFFED000000000

mem[X,0x00000000800012CC] -> 0x8E93
mem[X,0x00000000800012CE] -> 0x080E
[1208] [M]: 0x00000000800012CC (0x080E8E93) addi t4, t4, 0x80
x29 <- 0xFFFFFED000000080

mem[X,0x00000000800012D0] -> 0x9E93
mem[X,0x00000000800012D2] -> 0x00AE
[1209] [M]: 0x00000000800012D0 (0x00AE9E93) slli t4, t4, 0xa
x29 <- 0xFFFB400000020000

mem[X,0x00000000800012D4] -> 0x8E93
mem[X,0x00000000800012D6] -> 0x005E
[1210] [M]: 0x00000000800012D4 (0x005E8E93) addi t4, t4, 0x5
x29 <- 0xFFFB400000020005

mem[X,0x00000000800012D8] -> 0x7FBB
mem[X,0x00000000800012DA] -> 0x9DDF
[1211] [M]: 0x00000000800012D8 (0x9DDF7FBB) pmhraccu.h t6, t5, t4
x31 <- 0x25AE6F860CACCC17

mem[X,0x00000000800012DC] -> 0x3C23
mem[X,0x00000000800012DE] -> 0x0FF1
[1212] [M]: 0x00000000800012DC (0x0FF13C23) sd t6, 0xf8(sp)
mem[0x00000000800042F8] <- 0x25AE6F860CACCC17

mem[X,0x00000000800012E0] -> 0x0F37
mem[X,0x00000000800012E2] -> 0xFFFC
[1213] [M]: 0x00000000800012E0 (0xFFFC0F37) lui t5, -0x40
x30 <- 0xFFFFFFFFFFFC0000

mem[X,0x00000000800012E4] -> 0x0F13
mem[X,0x00000000800012E6] -> 0xFEFF
[1214] [M]: 0x00000000800012E4 (0xFEFF0F13) addi t5, t5, -0x11
x30 <- 0xFFFFFFFFFFFBFFEF

mem[X,0x00000000800012E8] -> 0x1F13
mem[X,0x00000000800012EA] -> 0x00BF
[1215] [M]: 0x00000000800012E8 (0x00BF1F13) slli t5, t5, 0xb
x30 <- 0xFFFFFFFFDFFF7800

mem[X,0x00000000800012EC] -> 0x0F13
mem[X,0x00000000800012EE] -> 0x000F
[1216] [M]: 0x00000000800012EC (0x000F0F13) addi t5, t5, 0x0
x30 <- 0xFFFFFFFFDFFF7800

mem[X,0x00000000800012F0] -> 0x1F13
mem[X,0x00000000800012F2] -> 0x00BF
[1217] [M]: 0x00000000800012F0 (0x00BF1F13) slli t5, t5, 0xb
x30 <- 0xFFFFFEFFFBC00000

mem[X,0x00000000800012F4] -> 0x0F13
mem[X,0x00000000800012F6] -> 0x190F
[1218] [M]: 0x00000000800012F4 (0x190F0F13) addi t5, t5, 0x190
x30 <- 0xFFFFFEFFFBC00190

mem[X,0x00000000800012F8] -> 0x1F13
mem[X,0x00000000800012FA] -> 0x00AF
[1219] [M]: 0x00000000800012F8 (0x00AF1F13) slli t5, t5, 0xa
x30 <- 0xFFFBFFEF00064000

mem[X,0x00000000800012FC] -> 0xEEB7
mem[X,0x00000000800012FE] -> 0xFDFF
[1220] [M]: 0x00000000800012FC (0xFDFFEEB7) lui t4, -0x2002
x29 <- 0xFFFFFFFFFDFFE000

mem[X,0x0000000080001300] -> 0x8E93
mem[X,0x0000000080001302] -> 0xFFFE
[1221] [M]: 0x0000000080001300 (0xFFFE8E93) addi t4, t4, -0x1
x29 <- 0xFFFFFFFFFDFFDFFF

mem[X,0x0000000080001304] -> 0x9E93
mem[X,0x0000000080001306] -> 0x00BE
[1222] [M]: 0x0000000080001304 (0x00BE9E93) slli t4, t4, 0xb
x29 <- 0xFFFFFFEFFEFFF800

mem[X,0x0000000080001308] -> 0x8E93
mem[X,0x000000008000130A] -> 0x000E
[1223] [M]: 0x0000000080001308 (0x000E8E93) addi t4, t4, 0x0
x29 <- 0xFFFFFFEFFEFFF800

mem[X,0x000000008000130C] -> 0x9E93
mem[X,0x000000008000130E] -> 0x00BE
[1224] [M]: 0x000000008000130C (0x00BE9E93) slli t4, t4, 0xb
x29 <- 0xFFFF7FF7FFC00000

mem[X,0x0000000080001310] -> 0x8E93
mem[X,0x0000000080001312] -> 0x0AFE
[1225] [M]: 0x0000000080001310 (0x0AFE8E93) addi t4, t4, 0xaf
x29 <- 0xFFFF7FF7FFC000AF

mem[X,0x0000000080001314] -> 0x9E93
mem[X,0x0000000080001316] -> 0x00AE
[1226] [M]: 0x0000000080001314 (0x00AE9E93) slli t4, t4, 0xa
x29 <- 0xFDFFDFFF0002BC00

mem[X,0x0000000080001318] -> 0x8E93
mem[X,0x000000008000131A] -> 0x3FFE
[1227] [M]: 0x0000000080001318 (0x3FFE8E93) addi t4, t4, 0x3ff
x29 <- 0xFDFFDFFF0002BFFF

mem[X,0x000000008000131C] -> 0x7FBB
mem[X,0x000000008000131E] -> 0x9DDF
[1228] [M]: 0x000000008000131C (0x9DDF7FBB) pmhraccu.h t6, t5, t4
x31 <- 0x23A84F760CACFC17

mem[X,0x0000000080001320] -> 0x3023
mem[X,0x0000000080001322] -> 0x11F1
[1229] [M]: 0x0000000080001320 (0x11F13023) sd t6, 0x100(sp)
mem[0x0000000080004300] <- 0x23A84F760CACFC17

mem[X,0x0000000080001324] -> 0x0F37
mem[X,0x0000000080001326] -> 0xFF00
[1230] [M]: 0x0000000080001324 (0xFF000F37) lui t5, -0x1000
x30 <- 0xFFFFFFFFFF000000

mem[X,0x0000000080001328] -> 0x0F13
mem[X,0x000000008000132A] -> 0xFFBF
[1231] [M]: 0x0000000080001328 (0xFFBF0F13) addi t5, t5, -0x5
x30 <- 0xFFFFFFFFFEFFFFFB

mem[X,0x000000008000132C] -> 0x1F13
mem[X,0x000000008000132E] -> 0x00BF
[1232] [M]: 0x000000008000132C (0x00BF1F13) slli t5, t5, 0xb
x30 <- 0xFFFFFFF7FFFFD800

mem[X,0x0000000080001330] -> 0x0F13
mem[X,0x0000000080001332] -> 0x6FFF
[1233] [M]: 0x0000000080001330 (0x6FFF0F13) addi t5, t5, 0x6ff
x30 <- 0xFFFFFFF7FFFFDEFF

mem[X,0x0000000080001334] -> 0x1F13
mem[X,0x0000000080001336] -> 0x00BF
[1234] [M]: 0x0000000080001334 (0x00BF1F13) slli t5, t5, 0xb
x30 <- 0xFFFFBFFFFEF7F800

mem[X,0x0000000080001338] -> 0x0F13
mem[X,0x000000008000133A] -> 0x7FFF
[1235] [M]: 0x0000000080001338 (0x7FFF0F13) addi t5, t5, 0x7ff
x30 <- 0xFFFFBFFFFEF7FFFF

mem[X,0x000000008000133C] -> 0x1F13
mem[X,0x000000008000133E] -> 0x00AF
[1236] [M]: 0x000000008000133C (0x00AF1F13) slli t5, t5, 0xa
x30 <- 0xFEFFFFFBDFFFFC00

mem[X,0x0000000080001340] -> 0x0F13
mem[X,0x0000000080001342] -> 0x1FFF
[1237] [M]: 0x0000000080001340 (0x1FFF0F13) addi t5, t5, 0x1ff
x30 <- 0xFEFFFFFBDFFFFDFF

mem[X,0x0000000080001344] -> 0x0EB7
mem[X,0x0000000080001346] -> 0xE000
[1238] [M]: 0x0000000080001344 (0xE0000EB7) lui t4, -0x20000
x29 <- 0xFFFFFFFFE0000000

mem[X,0x0000000080001348] -> 0x8E93
mem[X,0x000000008000134A] -> 0xEFFE
[1239] [M]: 0x0000000080001348 (0xEFFE8E93) addi t4, t4, -0x101
x29 <- 0xFFFFFFFFDFFFFEFF

mem[X,0x000000008000134C] -> 0x9E93
mem[X,0x000000008000134E] -> 0x00BE
[1240] [M]: 0x000000008000134C (0x00BE9E93) slli t4, t4, 0xb
x29 <- 0xFFFFFEFFFFF7F800

mem[X,0x0000000080001350] -> 0x8E93
mem[X,0x0000000080001352] -> 0x7FFE
[1241] [M]: 0x0000000080001350 (0x7FFE8E93) addi t4, t4, 0x7ff
x29 <- 0xFFFFFEFFFFF7FFFF

mem[X,0x0000000080001354] -> 0x9E93
mem[X,0x0000000080001356] -> 0x00BE
[1242] [M]: 0x0000000080001354 (0x00BE9E93) slli t4, t4, 0xb
x29 <- 0xFFF7FFFFBFFFF800

mem[X,0x0000000080001358] -> 0x8E93
mem[X,0x000000008000135A] -> 0x5BDE
[1243] [M]: 0x0000000080001358 (0x5BDE8E93) addi t4, t4, 0x5bd
x29 <- 0xFFF7FFFFBFFFFDBD

mem[X,0x000000008000135C] -> 0x9E93
mem[X,0x000000008000135E] -> 0x00AE
[1244] [M]: 0x000000008000135C (0x00AE9E93) slli t4, t4, 0xa
x29 <- 0xDFFFFEFFFFF6F400

mem[X,0x0000000080001360] -> 0x8E93
mem[X,0x0000000080001362] -> 0x3FFE
[1245] [M]: 0x0000000080001360 (0x3FFE8E93) addi t4, t4, 0x3ff
x29 <- 0xDFFFFEFFFFF6F7FF

mem[X,0x0000000080001364] -> 0x7FBB
mem[X,0x0000000080001366] -> 0x9DDF
[1246] [M]: 0x0000000080001364 (0x9DDF7FBB) pmhraccu.h t6, t5, t4
x31 <- 0x02C64E70ECA2F225

mem[X,0x0000000080001368] -> 0x3423
mem[X,0x000000008000136A] -> 0x11F1
[1247] [M]: 0x0000000080001368 (0x11F13423) sd t6, 0x108(sp)
mem[0x0000000080004308] <- 0x02C64E70ECA2F225

mem[X,0x000000008000136C] -> 0x0F37
mem[X,0x000000008000136E] -> 0xBFFF
[1248] [M]: 0x000000008000136C (0xBFFF0F37) lui t5, -0x40010
x30 <- 0xFFFFFFFFBFFF0000

mem[X,0x0000000080001370] -> 0x0F13
mem[X,0x0000000080001372] -> 0x100F
[1249] [M]: 0x0000000080001370 (0x100F0F13) addi t5, t5, 0x100
x30 <- 0xFFFFFFFFBFFF0100

mem[X,0x0000000080001374] -> 0x1F13
mem[X,0x0000000080001376] -> 0x00BF
[1250] [M]: 0x0000000080001374 (0x00BF1F13) slli t5, t5, 0xb
x30 <- 0xFFFFFDFFF8080000

mem[X,0x0000000080001378] -> 0x0F13
mem[X,0x000000008000137A] -> 0x200F
[1251] [M]: 0x0000000080001378 (0x200F0F13) addi t5, t5, 0x200
x30 <- 0xFFFFFDFFF8080200

mem[X,0x000000008000137C] -> 0x1F13
mem[X,0x000000008000137E] -> 0x00BF
[1252] [M]: 0x000000008000137C (0x00BF1F13) slli t5, t5, 0xb
x30 <- 0xFFEFFFC040100000

mem[X,0x0000000080001380] -> 0x0F13
mem[X,0x0000000080001382] -> 0x000F
[1253] [M]: 0x0000000080001380 (0x000F0F13) addi t5, t5, 0x0
x30 <- 0xFFEFFFC040100000

mem[X,0x0000000080001384] -> 0x1F13
mem[X,0x0000000080001386] -> 0x00AF
[1254] [M]: 0x0000000080001384 (0x00AF1F13) slli t5, t5, 0xa
x30 <- 0xBFFF010040000000

mem[X,0x0000000080001388] -> 0x0F13
mem[X,0x000000008000138A] -> 0x006F
[1255] [M]: 0x0000000080001388 (0x006F0F13) addi t5, t5, 0x6
x30 <- 0xBFFF010040000006

mem[X,0x000000008000138C] -> 0x0EB7
mem[X,0x000000008000138E] -> 0xFFF8
[1256] [M]: 0x000000008000138C (0xFFF80EB7) lui t4, -0x80
x29 <- 0xFFFFFFFFFFF80000

mem[X,0x0000000080001390] -> 0x8E93
mem[X,0x0000000080001392] -> 0xDFFE
[1257] [M]: 0x0000000080001390 (0xDFFE8E93) addi t4, t4, -0x201
x29 <- 0xFFFFFFFFFFF7FDFF

mem[X,0x0000000080001394] -> 0x9E93
mem[X,0x0000000080001396] -> 0x00BE
[1258] [M]: 0x0000000080001394 (0x00BE9E93) slli t4, t4, 0xb
x29 <- 0xFFFFFFFFBFEFF800

mem[X,0x0000000080001398] -> 0x8E93
mem[X,0x000000008000139A] -> 0x002E
[1259] [M]: 0x0000000080001398 (0x002E8E93) addi t4, t4, 0x2
x29 <- 0xFFFFFFFFBFEFF802

mem[X,0x000000008000139C] -> 0x9E93
mem[X,0x000000008000139E] -> 0x00BE
[1260] [M]: 0x000000008000139C (0x00BE9E93) slli t4, t4, 0xb
x29 <- 0xFFFFFDFF7FC01000

mem[X,0x00000000800013A0] -> 0x8E93
mem[X,0x00000000800013A2] -> 0x03FE
[1261] [M]: 0x00000000800013A0 (0x03FE8E93) addi t4, t4, 0x3f
x29 <- 0xFFFFFDFF7FC0103F

mem[X,0x00000000800013A4] -> 0x9E93
mem[X,0x00000000800013A6] -> 0x00AE
[1262] [M]: 0x00000000800013A4 (0x00AE9E93) slli t4, t4, 0xa
x29 <- 0xFFF7FDFF0040FC00

mem[X,0x00000000800013A8] -> 0x8E93
mem[X,0x00000000800013AA] -> 0x3FBE
[1263] [M]: 0x00000000800013A8 (0x3FBE8E93) addi t4, t4, 0x3fb
x29 <- 0xFFF7FDFF0040FFFB

mem[X,0x00000000800013AC] -> 0x7FBB
mem[X,0x00000000800013AE] -> 0x9DDF
[1264] [M]: 0x00000000800013AC (0x9DDF7FBB) pmhraccu.h t6, t5, t4
x31 <- 0xC2BE4F6EECB2F22B

mem[X,0x00000000800013B0] -> 0x3823
mem[X,0x00000000800013B2] -> 0x11F1
[1265] [M]: 0x00000000800013B0 (0x11F13823) sd t6, 0x110(sp)
mem[0x0000000080004310] <- 0xC2BE4F6EECB2F22B

mem[X,0x00000000800013B4] -> 0x0F37
mem[X,0x00000000800013B6] -> 0xAAAA
[1266] [M]: 0x00000000800013B4 (0xAAAA0F37) lui t5, -0x55560
x30 <- 0xFFFFFFFFAAAA0000

mem[X,0x00000000800013B8] -> 0x0F13
mem[X,0x00000000800013BA] -> 0x009F
[1267] [M]: 0x00000000800013B8 (0x009F0F13) addi t5, t5, 0x9
x30 <- 0xFFFFFFFFAAAA0009

mem[X,0x00000000800013BC] -> 0x1F13
mem[X,0x00000000800013BE] -> 0x00BF
[1268] [M]: 0x00000000800013BC (0x00BF1F13) slli t5, t5, 0xb
x30 <- 0xFFFFFD5550004800

mem[X,0x00000000800013C0] -> 0x0F13
mem[X,0x00000000800013C2] -> 0x7F7F
[1269] [M]: 0x00000000800013C0 (0x7F7F0F13) addi t5, t5, 0x7f7
x30 <- 0xFFFFFD5550004FF7

mem[X,0x00000000800013C4] -> 0x1F13
mem[X,0x00000000800013C6] -> 0x00BF
[1270] [M]: 0x00000000800013C4 (0x00BF1F13) slli t5, t5, 0xb
x30 <- 0xFFEAAA80027FB800

mem[X,0x00000000800013C8] -> 0x0F13
mem[X,0x00000000800013CA] -> 0x7FFF
[1271] [M]: 0x00000000800013C8 (0x7FFF0F13) addi t5, t5, 0x7ff
x30 <- 0xFFEAAA80027FBFFF

mem[X,0x00000000800013CC] -> 0x1F13
mem[X,0x00000000800013CE] -> 0x00AF
[1272] [M]: 0x00000000800013CC (0x00AF1F13) slli t5, t5, 0xa
x30 <- 0xAAAA0009FEFFFC00

mem[X,0x00000000800013D0] -> 0x0F13
mem[X,0x00000000800013D2] -> 0x3EFF
[1273] [M]: 0x00000000800013D0 (0x3EFF0F13) addi t5, t5, 0x3ef
x30 <- 0xAAAA0009FEFFFFEF

mem[X,0x00000000800013D4] -> 0x5EB7
mem[X,0x00000000800013D6] -> 0x0080
[1274] [M]: 0x00000000800013D4 (0x00805EB7) lui t4, 0x805
x29 <- 0x0000000000805000

mem[X,0x00000000800013D8] -> 0x8E93
mem[X,0x00000000800013DA] -> 0x555E
[1275] [M]: 0x00000000800013D8 (0x555E8E93) addi t4, t4, 0x555
x29 <- 0x0000000000805555

mem[X,0x00000000800013DC] -> 0x9E93
mem[X,0x00000000800013DE] -> 0x00BE
[1276] [M]: 0x00000000800013DC (0x00BE9E93) slli t4, t4, 0xb
x29 <- 0x0000000402AAA800

mem[X,0x00000000800013E0] -> 0x8E93
mem[X,0x00000000800013E2] -> 0x7BFE
[1277] [M]: 0x00000000800013E0 (0x7BFE8E93) addi t4, t4, 0x7bf
x29 <- 0x0000000402AAAFBF

mem[X,0x00000000800013E4] -> 0x9E93
mem[X,0x00000000800013E6] -> 0x00BE
[1278] [M]: 0x00000000800013E4 (0x00BE9E93) slli t4, t4, 0xb
x29 <- 0x00002015557DF800

mem[X,0x00000000800013E8] -> 0x8E93
mem[X,0x00000000800013EA] -> 0x7DFE
[1279] [M]: 0x00000000800013E8 (0x7DFE8E93) addi t4, t4, 0x7df
x29 <- 0x00002015557DFFDF

mem[X,0x00000000800013EC] -> 0x9E93
mem[X,0x00000000800013EE] -> 0x00AE
[1280] [M]: 0x00000000800013EC (0x00AE9E93) slli t4, t4, 0xa
x29 <- 0x00805555F7FF7C00

mem[X,0x00000000800013F0] -> 0x8E93
mem[X,0x00000000800013F2] -> 0x3FFE
[1281] [M]: 0x00000000800013F0 (0x3FFE8E93) addi t4, t4, 0x3ff
x29 <- 0x00805555F7FF7FFF

mem[X,0x00000000800013F4] -> 0x7FBB
mem[X,0x00000000800013F6] -> 0x9DDF
[1282] [M]: 0x00000000800013F4 (0x9DDF7FBB) pmhraccu.h t6, t5, t4
x31 <- 0xC3134F71E3B87222

mem[X,0x00000000800013F8] -> 0x3C23
mem[X,0x00000000800013FA] -> 0x11F1
[1283] [M]: 0x00000000800013F8 (0x11F13C23) sd t6, 0x118(sp)
mem[0x0000000080004318] <- 0xC3134F71E3B87222

mem[X,0x00000000800013FC] -> 0x0F37
mem[X,0x00000000800013FE] -> 0x0101
[1284] [M]: 0x00000000800013FC (0x01010F37) lui t5, 0x1010
x30 <- 0x0000000001010000

mem[X,0x0000000080001400] -> 0x0F13
mem[X,0x0000000080001402] -> 0xBFFF
[1285] [M]: 0x0000000080001400 (0xBFFF0F13) addi t5, t5, -0x401
x30 <- 0x000000000100FBFF

mem[X,0x0000000080001404] -> 0x1F13
mem[X,0x0000000080001406] -> 0x00BF
[1286] [M]: 0x0000000080001404 (0x00BF1F13) slli t5, t5, 0xb
x30 <- 0x0000000807DFF800

mem[X,0x0000000080001408] -> 0x0F13
mem[X,0x000000008000140A] -> 0x000F
[1287] [M]: 0x0000000080001408 (0x000F0F13) addi t5, t5, 0x0
x30 <- 0x0000000807DFF800

mem[X,0x000000008000140C] -> 0x1F13
mem[X,0x000000008000140E] -> 0x00BF
[1288] [M]: 0x000000008000140C (0x00BF1F13) slli t5, t5, 0xb
x30 <- 0x0000403EFFC00000

mem[X,0x0000000080001410] -> 0x0F13
mem[X,0x0000000080001412] -> 0x23BF
[1289] [M]: 0x0000000080001410 (0x23BF0F13) addi t5, t5, 0x23b
x30 <- 0x0000403EFFC0023B

mem[X,0x0000000080001414] -> 0x1F13
mem[X,0x0000000080001416] -> 0x00AF
[1290] [M]: 0x0000000080001414 (0x00AF1F13) slli t5, t5, 0xa
x30 <- 0x0100FBFF0008EC00

mem[X,0x0000000080001418] -> 0x0F13
mem[X,0x000000008000141A] -> 0x3FFF
[1291] [M]: 0x0000000080001418 (0x3FFF0F13) addi t5, t5, 0x3ff
x30 <- 0x0100FBFF0008EFFF

mem[X,0x000000008000141C] -> 0x0EB7
mem[X,0x000000008000141E] -> 0xFFFF
[1292] [M]: 0x000000008000141C (0xFFFF0EB7) lui t4, -0x10
x29 <- 0xFFFFFFFFFFFF0000

mem[X,0x0000000080001420] -> 0x8E93
mem[X,0x0000000080001422] -> 0x040E
[1293] [M]: 0x0000000080001420 (0x040E8E93) addi t4, t4, 0x40
x29 <- 0xFFFFFFFFFFFF0040

mem[X,0x0000000080001424] -> 0x9E93
mem[X,0x0000000080001426] -> 0x00BE
[1294] [M]: 0x0000000080001424 (0x00BE9E93) slli t4, t4, 0xb
x29 <- 0xFFFFFFFFF8020000

mem[X,0x0000000080001428] -> 0x8E93
mem[X,0x000000008000142A] -> 0x000E
[1295] [M]: 0x0000000080001428 (0x000E8E93) addi t4, t4, 0x0
x29 <- 0xFFFFFFFFF8020000

mem[X,0x000000008000142C] -> 0x9E93
mem[X,0x000000008000142E] -> 0x00BE
[1296] [M]: 0x000000008000142C (0x00BE9E93) slli t4, t4, 0xb
x29 <- 0xFFFFFFC010000000

mem[X,0x0000000080001430] -> 0x8E93
mem[X,0x0000000080001432] -> 0x1C0E
[1297] [M]: 0x0000000080001430 (0x1C0E8E93) addi t4, t4, 0x1c0
x29 <- 0xFFFFFFC0100001C0

mem[X,0x0000000080001434] -> 0x9E93
mem[X,0x0000000080001436] -> 0x00AE
[1298] [M]: 0x0000000080001434 (0x00AE9E93) slli t4, t4, 0xa
x29 <- 0xFFFF004000070000

mem[X,0x0000000080001438] -> 0x8E93
mem[X,0x000000008000143A] -> 0x010E
[1299] [M]: 0x0000000080001438 (0x010E8E93) addi t4, t4, 0x10
x29 <- 0xFFFF004000070010

clint::tick mtime <- 0x000000000000000D
 clint timer pending at mtime 0x000000000000000D
htif::tick 0x0000000000000000
mem[X,0x000000008000143C] -> 0x7FBB
mem[X,0x000000008000143E] -> 0x9DDF
[1300] [M]: 0x000000008000143C (0x9DDF7FBB) pmhraccu.h t6, t5, t4
x31 <- 0xC4134FB0E3B87231

mem[X,0x0000000080001440] -> 0x3023
mem[X,0x0000000080001442] -> 0x13F1
[1301] [M]: 0x0000000080001440 (0x13F13023) sd t6, 0x120(sp)
mem[0x0000000080004320] <- 0xC4134FB0E3B87231

mem[X,0x0000000080001444] -> 0x8F37
mem[X,0x0000000080001446] -> 0xFFFD
[1302] [M]: 0x0000000080001444 (0xFFFD8F37) lui t5, -0x28
x30 <- 0xFFFFFFFFFFFD8000

mem[X,0x0000000080001448] -> 0x0F13
mem[X,0x000000008000144A] -> 0xFFFF
[1303] [M]: 0x0000000080001448 (0xFFFF0F13) addi t5, t5, -0x1
x30 <- 0xFFFFFFFFFFFD7FFF

mem[X,0x000000008000144C] -> 0x1F13
mem[X,0x000000008000144E] -> 0x00BF
[1304] [M]: 0x000000008000144C (0x00BF1F13) slli t5, t5, 0xb
x30 <- 0xFFFFFFFFEBFFF800

mem[X,0x0000000080001450] -> 0x0F13
mem[X,0x0000000080001452] -> 0x000F
[1305] [M]: 0x0000000080001450 (0x000F0F13) addi t5, t5, 0x0
x30 <- 0xFFFFFFFFEBFFF800

mem[X,0x0000000080001454] -> 0x1F13
mem[X,0x0000000080001456] -> 0x00BF
[1306] [M]: 0x0000000080001454 (0x00BF1F13) slli t5, t5, 0xb
x30 <- 0xFFFFFF5FFFC00000

mem[X,0x0000000080001458] -> 0x0F13
mem[X,0x000000008000145A] -> 0x180F
[1307] [M]: 0x0000000080001458 (0x180F0F13) addi t5, t5, 0x180
x30 <- 0xFFFFFF5FFFC00180

mem[X,0x000000008000145C] -> 0x1F13
mem[X,0x000000008000145E] -> 0x00AF
[1308] [M]: 0x000000008000145C (0x00AF1F13) slli t5, t5, 0xa
x30 <- 0xFFFD7FFF00060000

mem[X,0x0000000080001460] -> 0x0F13
mem[X,0x0000000080001462] -> 0x005F
[1309] [M]: 0x0000000080001460 (0x005F0F13) addi t5, t5, 0x5
x30 <- 0xFFFD7FFF00060005

mem[X,0x0000000080001464] -> 0xBEB7
mem[X,0x0000000080001466] -> 0x2000
[1310] [M]: 0x0000000080001464 (0x2000BEB7) lui t4, 0x2000b
x29 <- 0x000000002000B000

mem[X,0x0000000080001468] -> 0x8E93
mem[X,0x000000008000146A] -> 0xAAAE
[1311] [M]: 0x0000000080001468 (0xAAAE8E93) addi t4, t4, -0x556
x29 <- 0x000000002000AAAA

mem[X,0x000000008000146C] -> 0x9E93
mem[X,0x000000008000146E] -> 0x00BE
[1312] [M]: 0x000000008000146C (0x00BE9E93) slli t4, t4, 0xb
x29 <- 0x0000010005555000

mem[X,0x0000000080001470] -> 0x8E93
mem[X,0x0000000080001472] -> 0x1FFE
[1313] [M]: 0x0000000080001470 (0x1FFE8E93) addi t4, t4, 0x1ff
x29 <- 0x00000100055551FF

mem[X,0x0000000080001474] -> 0x9E93
mem[X,0x0000000080001476] -> 0x00BE
[1314] [M]: 0x0000000080001474 (0x00BE9E93) slli t4, t4, 0xb
x29 <- 0x0008002AAA8FF800

mem[X,0x0000000080001478] -> 0x8E93
mem[X,0x000000008000147A] -> 0x7C0E
[1315] [M]: 0x0000000080001478 (0x7C0E8E93) addi t4, t4, 0x7c0
x29 <- 0x0008002AAA8FFFC0

mem[X,0x000000008000147C] -> 0x9E93
mem[X,0x000000008000147E] -> 0x00AE
[1316] [M]: 0x000000008000147C (0x00AE9E93) slli t4, t4, 0xa
x29 <- 0x2000AAAA3FFF0000

mem[X,0x0000000080001480] -> 0x8E93
mem[X,0x0000000080001482] -> 0x080E
[1317] [M]: 0x0000000080001480 (0x080E8E93) addi t4, t4, 0x80
x29 <- 0x2000AAAA3FFF0080

mem[X,0x0000000080001484] -> 0x7FBB
mem[X,0x0000000080001486] -> 0x9DDF
[1318] [M]: 0x0000000080001484 (0x9DDF7FBB) pmhraccu.h t6, t5, t4
x31 <- 0xE413A504E3B97231

mem[X,0x0000000080001488] -> 0x3423
mem[X,0x000000008000148A] -> 0x13F1
[1319] [M]: 0x0000000080001488 (0x13F13423) sd t6, 0x128(sp)
mem[0x0000000080004328] <- 0xE413A504E3B97231

mem[X,0x000000008000148C] -> 0x0F37
mem[X,0x000000008000148E] -> 0xFFF9
[1320] [M]: 0x000000008000148C (0xFFF90F37) lui t5, -0x70
x30 <- 0xFFFFFFFFFFF90000

mem[X,0x0000000080001490] -> 0x0F13
mem[X,0x0000000080001492] -> 0x008F
[1321] [M]: 0x0000000080001490 (0x008F0F13) addi t5, t5, 0x8
x30 <- 0xFFFFFFFFFFF90008

mem[X,0x0000000080001494] -> 0x1F13
mem[X,0x0000000080001496] -> 0x00BF
[1322] [M]: 0x0000000080001494 (0x00BF1F13) slli t5, t5, 0xb
x30 <- 0xFFFFFFFFC8004000

mem[X,0x0000000080001498] -> 0x0F13
mem[X,0x000000008000149A] -> 0x000F
[1323] [M]: 0x0000000080001498 (0x000F0F13) addi t5, t5, 0x0
x30 <- 0xFFFFFFFFC8004000

mem[X,0x000000008000149C] -> 0x1F13
mem[X,0x000000008000149E] -> 0x00BF
[1324] [M]: 0x000000008000149C (0x00BF1F13) slli t5, t5, 0xb
x30 <- 0xFFFFFE4002000000

mem[X,0x00000000800014A0] -> 0x0F13
mem[X,0x00000000800014A2] -> 0x03FF
[1325] [M]: 0x00000000800014A0 (0x03FF0F13) addi t5, t5, 0x3f
x30 <- 0xFFFFFE400200003F

mem[X,0x00000000800014A4] -> 0x1F13
mem[X,0x00000000800014A6] -> 0x00AF
[1326] [M]: 0x00000000800014A4 (0x00AF1F13) slli t5, t5, 0xa
x30 <- 0xFFF900080000FC00

mem[X,0x00000000800014A8] -> 0x0F13
mem[X,0x00000000800014AA] -> 0x3FEF
[1327] [M]: 0x00000000800014A8 (0x3FEF0F13) addi t5, t5, 0x3fe
x30 <- 0xFFF900080000FFFE

mem[X,0x00000000800014AC] -> 0x2EB7
mem[X,0x00000000800014AE] -> 0x0009
[1328] [M]: 0x00000000800014AC (0x00092EB7) lui t4, 0x92
x29 <- 0x0000000000092000

mem[X,0x00000000800014B0] -> 0x8E93
mem[X,0x00000000800014B2] -> 0x000E
[1329] [M]: 0x00000000800014B0 (0x000E8E93) addi t4, t4, 0x0
x29 <- 0x0000000000092000

mem[X,0x00000000800014B4] -> 0x9E93
mem[X,0x00000000800014B6] -> 0x00BE
[1330] [M]: 0x00000000800014B4 (0x00BE9E93) slli t4, t4, 0xb
x29 <- 0x0000000049000000

mem[X,0x00000000800014B8] -> 0x8E93
mem[X,0x00000000800014BA] -> 0x400E
[1331] [M]: 0x00000000800014B8 (0x400E8E93) addi t4, t4, 0x400
x29 <- 0x0000000049000400

mem[X,0x00000000800014BC] -> 0x9E93
mem[X,0x00000000800014BE] -> 0x00BE
[1332] [M]: 0x00000000800014BC (0x00BE9E93) slli t4, t4, 0xb
x29 <- 0x0000024800200000

mem[X,0x00000000800014C0] -> 0x8E93
mem[X,0x00000000800014C2] -> 0x000E
[1333] [M]: 0x00000000800014C0 (0x000E8E93) addi t4, t4, 0x0
x29 <- 0x0000024800200000

mem[X,0x00000000800014C4] -> 0x9E93
mem[X,0x00000000800014C6] -> 0x00AE
[1334] [M]: 0x00000000800014C4 (0x00AE9E93) slli t4, t4, 0xa
x29 <- 0x0009200080000000

mem[X,0x00000000800014C8] -> 0x8E93
mem[X,0x00000000800014CA] -> 0x200E
[1335] [M]: 0x00000000800014C8 (0x200E8E93) addi t4, t4, 0x200
x29 <- 0x0009200080000200

mem[X,0x00000000800014CC] -> 0x7FBB
mem[X,0x00000000800014CE] -> 0x9DDF
[1336] [M]: 0x00000000800014CC (0x9DDF7FBB) pmhraccu.h t6, t5, t4
x31 <- 0xE41CA505E3B97431

mem[X,0x00000000800014D0] -> 0x3823
mem[X,0x00000000800014D2] -> 0x13F1
[1337] [M]: 0x00000000800014D0 (0x13F13823) sd t6, 0x130(sp)
mem[0x0000000080004330] <- 0xE41CA505E3B97431

mem[X,0x00000000800014D4] -> 0x0F37
mem[X,0x00000000800014D6] -> 0xFDFF
[1338] [M]: 0x00000000800014D4 (0xFDFF0F37) lui t5, -0x2010
x30 <- 0xFFFFFFFFFDFF0000

mem[X,0x00000000800014D8] -> 0x0F13
mem[X,0x00000000800014DA] -> 0x005F
[1339] [M]: 0x00000000800014D8 (0x005F0F13) addi t5, t5, 0x5
x30 <- 0xFFFFFFFFFDFF0005

mem[X,0x00000000800014DC] -> 0x1F13
mem[X,0x00000000800014DE] -> 0x00BF
[1340] [M]: 0x00000000800014DC (0x00BF1F13) slli t5, t5, 0xb
x30 <- 0xFFFFFFEFF8002800

mem[X,0x00000000800014E0] -> 0x0F13
mem[X,0x00000000800014E2] -> 0x010F
[1341] [M]: 0x00000000800014E0 (0x010F0F13) addi t5, t5, 0x10
x30 <- 0xFFFFFFEFF8002810

mem[X,0x00000000800014E4] -> 0x1F13
mem[X,0x00000000800014E6] -> 0x00BF
[1342] [M]: 0x00000000800014E4 (0x00BF1F13) slli t5, t5, 0xb
x30 <- 0xFFFF7FC001408000

mem[X,0x00000000800014E8] -> 0x0F13
mem[X,0x00000000800014EA] -> 0x030F
[1343] [M]: 0x00000000800014E8 (0x030F0F13) addi t5, t5, 0x30
x30 <- 0xFFFF7FC001408030

mem[X,0x00000000800014EC] -> 0x1F13
mem[X,0x00000000800014EE] -> 0x00AF
[1344] [M]: 0x00000000800014EC (0x00AF1F13) slli t5, t5, 0xa
x30 <- 0xFDFF00050200C000

mem[X,0x00000000800014F0] -> 0xEEB7
mem[X,0x00000000800014F2] -> 0x0080
[1345] [M]: 0x00000000800014F0 (0x0080EEB7) lui t4, 0x80e
x29 <- 0x000000000080E000

mem[X,0x00000000800014F4] -> 0x8E93
mem[X,0x00000000800014F6] -> 0xFFFE
[1346] [M]: 0x00000000800014F4 (0xFFFE8E93) addi t4, t4, -0x1
x29 <- 0x000000000080DFFF

mem[X,0x00000000800014F8] -> 0x9E93
mem[X,0x00000000800014FA] -> 0x00BE
[1347] [M]: 0x00000000800014F8 (0x00BE9E93) slli t4, t4, 0xb
x29 <- 0x0000000406FFF800

mem[X,0x00000000800014FC] -> 0x8E93
mem[X,0x00000000800014FE] -> 0x100E
[1348] [M]: 0x00000000800014FC (0x100E8E93) addi t4, t4, 0x100
x29 <- 0x0000000406FFF900

mem[X,0x0000000080001500] -> 0x9E93
mem[X,0x0000000080001502] -> 0x00BE
[1349] [M]: 0x0000000080001500 (0x00BE9E93) slli t4, t4, 0xb
x29 <- 0x00002037FFC80000

mem[X,0x0000000080001504] -> 0x8E93
mem[X,0x0000000080001506] -> 0x002E
[1350] [M]: 0x0000000080001504 (0x002E8E93) addi t4, t4, 0x2
x29 <- 0x00002037FFC80002

mem[X,0x0000000080001508] -> 0x9E93
mem[X,0x000000008000150A] -> 0x00AE
[1351] [M]: 0x0000000080001508 (0x00AE9E93) slli t4, t4, 0xa
x29 <- 0x0080DFFF20000800

mem[X,0x000000008000150C] -> 0x7FBB
mem[X,0x000000008000150E] -> 0x9DDF
[1352] [M]: 0x000000008000150C (0x9DDF7FBB) pmhraccu.h t6, t5, t4
x31 <- 0xE49BA509E3F97A31

mem[X,0x0000000080001510] -> 0x3C23
mem[X,0x0000000080001512] -> 0x13F1
[1353] [M]: 0x0000000080001510 (0x13F13C23) sd t6, 0x138(sp)
mem[0x0000000080004338] <- 0xE49BA509E3F97A31

mem[X,0x0000000080001514] -> 0x0F37
mem[X,0x0000000080001516] -> 0xFFE0
[1354] [M]: 0x0000000080001514 (0xFFE00F37) lui t5, -0x200
x30 <- 0xFFFFFFFFFFE00000

mem[X,0x0000000080001518] -> 0x0F13
mem[X,0x000000008000151A] -> 0xFF6F
[1355] [M]: 0x0000000080001518 (0xFF6F0F13) addi t5, t5, -0xa
x30 <- 0xFFFFFFFFFFDFFFF6

mem[X,0x000000008000151C] -> 0x1F13
mem[X,0x000000008000151E] -> 0x00BF
[1356] [M]: 0x000000008000151C (0x00BF1F13) slli t5, t5, 0xb
x30 <- 0xFFFFFFFEFFFFB000

mem[X,0x0000000080001520] -> 0x0F13
mem[X,0x0000000080001522] -> 0x004F
[1357] [M]: 0x0000000080001520 (0x004F0F13) addi t5, t5, 0x4
x30 <- 0xFFFFFFFEFFFFB004

mem[X,0x0000000080001524] -> 0x1F13
mem[X,0x0000000080001526] -> 0x00BF
[1358] [M]: 0x0000000080001524 (0x00BF1F13) slli t5, t5, 0xb
x30 <- 0xFFFFF7FFFD802000

mem[X,0x0000000080001528] -> 0x0F13
mem[X,0x000000008000152A] -> 0x000F
[1359] [M]: 0x0000000080001528 (0x000F0F13) addi t5, t5, 0x0
x30 <- 0xFFFFF7FFFD802000

mem[X,0x000000008000152C] -> 0x1F13
mem[X,0x000000008000152E] -> 0x00AF
[1360] [M]: 0x000000008000152C (0x00AF1F13) slli t5, t5, 0xa
x30 <- 0xFFDFFFF600800000

mem[X,0x0000000080001530] -> 0x0F13
mem[X,0x0000000080001532] -> 0x010F
[1361] [M]: 0x0000000080001530 (0x010F0F13) addi t5, t5, 0x10
x30 <- 0xFFDFFFF600800010

mem[X,0x0000000080001534] -> 0x4EB7
mem[X,0x0000000080001536] -> 0xFFF9
[1362] [M]: 0x0000000080001534 (0xFFF94EB7) lui t4, -0x6c
x29 <- 0xFFFFFFFFFFF94000

mem[X,0x0000000080001538] -> 0x8E93
mem[X,0x000000008000153A] -> 0x000E
[1363] [M]: 0x0000000080001538 (0x000E8E93) addi t4, t4, 0x0
x29 <- 0xFFFFFFFFFFF94000

mem[X,0x000000008000153C] -> 0x9E93
mem[X,0x000000008000153E] -> 0x00BE
[1364] [M]: 0x000000008000153C (0x00BE9E93) slli t4, t4, 0xb
x29 <- 0xFFFFFFFFCA000000

mem[X,0x0000000080001540] -> 0x8E93
mem[X,0x0000000080001542] -> 0x7FFE
[1365] [M]: 0x0000000080001540 (0x7FFE8E93) addi t4, t4, 0x7ff
x29 <- 0xFFFFFFFFCA0007FF

mem[X,0x0000000080001544] -> 0x9E93
mem[X,0x0000000080001546] -> 0x00BE
[1366] [M]: 0x0000000080001544 (0x00BE9E93) slli t4, t4, 0xb
x29 <- 0xFFFFFE50003FF800

mem[X,0x0000000080001548] -> 0x8E93
mem[X,0x000000008000154A] -> 0x590E
[1367] [M]: 0x0000000080001548 (0x590E8E93) addi t4, t4, 0x590
x29 <- 0xFFFFFE50003FFD90

mem[X,0x000000008000154C] -> 0x9E93
mem[X,0x000000008000154E] -> 0x00AE
[1368] [M]: 0x000000008000154C (0x00AE9E93) slli t4, t4, 0xa
x29 <- 0xFFF94000FFF64000

mem[X,0x0000000080001550] -> 0x7FBB
mem[X,0x0000000080001552] -> 0x9DDF
[1369] [M]: 0x0000000080001550 (0x9DDF7FBB) pmhraccu.h t6, t5, t4
x31 <- 0xE473E507E4797A35

mem[X,0x0000000080001554] -> 0x3023
mem[X,0x0000000080001556] -> 0x15F1
[1370] [M]: 0x0000000080001554 (0x15F13023) sd t6, 0x140(sp)
mem[0x0000000080004340] <- 0xE473E507E4797A35

mem[X,0x0000000080001558] -> 0x0F37
mem[X,0x000000008000155A] -> 0x0401
[1371] [M]: 0x0000000080001558 (0x04010F37) lui t5, 0x4010
x30 <- 0x0000000004010000

mem[X,0x000000008000155C] -> 0x0F13
mem[X,0x000000008000155E] -> 0xEFFF
[1372] [M]: 0x000000008000155C (0xEFFF0F13) addi t5, t5, -0x101
x30 <- 0x000000000400FEFF

mem[X,0x0000000080001560] -> 0x1F13
mem[X,0x0000000080001562] -> 0x00BF
[1373] [M]: 0x0000000080001560 (0x00BF1F13) slli t5, t5, 0xb
x30 <- 0x0000002007F7F800

mem[X,0x0000000080001564] -> 0x0F13
mem[X,0x0000000080001566] -> 0x7FFF
[1374] [M]: 0x0000000080001564 (0x7FFF0F13) addi t5, t5, 0x7ff
x30 <- 0x0000002007F7FFFF

mem[X,0x0000000080001568] -> 0x1F13
mem[X,0x000000008000156A] -> 0x00BF
[1375] [M]: 0x0000000080001568 (0x00BF1F13) slli t5, t5, 0xb
x30 <- 0x0001003FBFFFF800

mem[X,0x000000008000156C] -> 0x0F13
mem[X,0x000000008000156E] -> 0x6B0F
[1376] [M]: 0x000000008000156C (0x6B0F0F13) addi t5, t5, 0x6b0
x30 <- 0x0001003FBFFFFEB0

mem[X,0x0000000080001570] -> 0x1F13
mem[X,0x0000000080001572] -> 0x00AF
[1377] [M]: 0x0000000080001570 (0x00AF1F13) slli t5, t5, 0xa
x30 <- 0x0400FEFFFFFAC000

mem[X,0x0000000080001574] -> 0x0EB7
mem[X,0x0000000080001576] -> 0xFFFA
[1378] [M]: 0x0000000080001574 (0xFFFA0EB7) lui t4, -0x60
x29 <- 0xFFFFFFFFFFFA0000

mem[X,0x0000000080001578] -> 0x8E93
mem[X,0x000000008000157A] -> 0xFFDE
[1379] [M]: 0x0000000080001578 (0xFFDE8E93) addi t4, t4, -0x3
x29 <- 0xFFFFFFFFFFF9FFFD

mem[X,0x000000008000157C] -> 0x9E93
mem[X,0x000000008000157E] -> 0x00BE
[1380] [M]: 0x000000008000157C (0x00BE9E93) slli t4, t4, 0xb
x29 <- 0xFFFFFFFFCFFFE800

mem[X,0x0000000080001580] -> 0x8E93
mem[X,0x0000000080001582] -> 0x001E
[1381] [M]: 0x0000000080001580 (0x001E8E93) addi t4, t4, 0x1
x29 <- 0xFFFFFFFFCFFFE801

mem[X,0x0000000080001584] -> 0x9E93
mem[X,0x0000000080001586] -> 0x00BE
[1382] [M]: 0x0000000080001584 (0x00BE9E93) slli t4, t4, 0xb
x29 <- 0xFFFFFE7FFF400800

mem[X,0x0000000080001588] -> 0x8E93
mem[X,0x000000008000158A] -> 0x03FE
[1383] [M]: 0x0000000080001588 (0x03FE8E93) addi t4, t4, 0x3f
x29 <- 0xFFFFFE7FFF40083F

mem[X,0x000000008000158C] -> 0x9E93
mem[X,0x000000008000158E] -> 0x00AE
[1384] [M]: 0x000000008000158C (0x00AE9E93) slli t4, t4, 0xa
x29 <- 0xFFF9FFFD0020FC00

mem[X,0x0000000080001590] -> 0x8E93
mem[X,0x0000000080001592] -> 0x3EFE
[1385] [M]: 0x0000000080001590 (0x3EFE8E93) addi t4, t4, 0x3ef
x29 <- 0xFFF9FFFD0020FFEF

mem[X,0x0000000080001594] -> 0x7FBB
mem[X,0x0000000080001596] -> 0x9DDF
[1386] [M]: 0x0000000080001594 (0x9DDF7FBB) pmhraccu.h t6, t5, t4
x31 <- 0xE873E403E4993A28

mem[X,0x0000000080001598] -> 0x3423
mem[X,0x000000008000159A] -> 0x15F1
[1387] [M]: 0x0000000080001598 (0x15F13423) sd t6, 0x148(sp)
mem[0x0000000080004348] <- 0xE873E403E4993A28

mem[X,0x000000008000159C] -> 0x0F37
mem[X,0x000000008000159E] -> 0x5556
[1388] [M]: 0x000000008000159C (0x55560F37) lui t5, 0x55560
x30 <- 0x0000000055560000

mem[X,0x00000000800015A0] -> 0x0F13
mem[X,0x00000000800015A2] -> 0xF7FF
[1389] [M]: 0x00000000800015A0 (0xF7FF0F13) addi t5, t5, -0x81
x30 <- 0x000000005555FF7F

mem[X,0x00000000800015A4] -> 0x1F13
mem[X,0x00000000800015A6] -> 0x00BF
[1390] [M]: 0x00000000800015A4 (0x00BF1F13) slli t5, t5, 0xb
x30 <- 0x000002AAAFFBF800

mem[X,0x00000000800015A8] -> 0x0F13
mem[X,0x00000000800015AA] -> 0x7FBF
[1391] [M]: 0x00000000800015A8 (0x7FBF0F13) addi t5, t5, 0x7fb
x30 <- 0x000002AAAFFBFFFB

mem[X,0x00000000800015AC] -> 0x1F13
mem[X,0x00000000800015AE] -> 0x00BF
[1392] [M]: 0x00000000800015AC (0x00BF1F13) slli t5, t5, 0xb
x30 <- 0x0015557FDFFFD800

mem[X,0x00000000800015B0] -> 0x0F13
mem[X,0x00000000800015B2] -> 0x7C0F
[1393] [M]: 0x00000000800015B0 (0x7C0F0F13) addi t5, t5, 0x7c0
x30 <- 0x0015557FDFFFDFC0

mem[X,0x00000000800015B4] -> 0x1F13
mem[X,0x00000000800015B6] -> 0x00AF
[1394] [M]: 0x00000000800015B4 (0x00AF1F13) slli t5, t5, 0xa
x30 <- 0x5555FF7FFF7F0000

mem[X,0x00000000800015B8] -> 0x0F13
mem[X,0x00000000800015BA] -> 0x004F
[1395] [M]: 0x00000000800015B8 (0x004F0F13) addi t5, t5, 0x4
x30 <- 0x5555FF7FFF7F0004

mem[X,0x00000000800015BC] -> 0x0EB7
mem[X,0x00000000800015BE] -> 0xE000
[1396] [M]: 0x00000000800015BC (0xE0000EB7) lui t4, -0x20000
x29 <- 0xFFFFFFFFE0000000

mem[X,0x00000000800015C0] -> 0x8E93
mem[X,0x00000000800015C2] -> 0xDFFE
[1397] [M]: 0x00000000800015C0 (0xDFFE8E93) addi t4, t4, -0x201
x29 <- 0xFFFFFFFFDFFFFDFF

mem[X,0x00000000800015C4] -> 0x9E93
mem[X,0x00000000800015C6] -> 0x00BE
[1398] [M]: 0x00000000800015C4 (0x00BE9E93) slli t4, t4, 0xb
x29 <- 0xFFFFFEFFFFEFF800

mem[X,0x00000000800015C8] -> 0x8E93
mem[X,0x00000000800015CA] -> 0x7BFE
[1399] [M]: 0x00000000800015C8 (0x7BFE8E93) addi t4, t4, 0x7bf
x29 <- 0xFFFFFEFFFFEFFFBF

clint::tick mtime <- 0x000000000000000E
 clint timer pending at mtime 0x000000000000000E
htif::tick 0x0000000000000000
mem[X,0x00000000800015CC] -> 0x9E93
mem[X,0x00000000800015CE] -> 0x00BE
[1400] [M]: 0x00000000800015CC (0x00BE9E93) slli t4, t4, 0xb
x29 <- 0xFFF7FFFF7FFDF800

mem[X,0x00000000800015D0] -> 0x8E93
mem[X,0x00000000800015D2] -> 0x7FFE
[1401] [M]: 0x00000000800015D0 (0x7FFE8E93) addi t4, t4, 0x7ff
x29 <- 0xFFF7FFFF7FFDFFFF

mem[X,0x00000000800015D4] -> 0x9E93
mem[X,0x00000000800015D6] -> 0x00AE
[1402] [M]: 0x00000000800015D4 (0x00AE9E93) slli t4, t4, 0xa
x29 <- 0xDFFFFDFFF7FFFC00

mem[X,0x00000000800015D8] -> 0x8E93
mem[X,0x00000000800015DA] -> 0x3BFE
[1403] [M]: 0x00000000800015D8 (0x3BFE8E93) addi t4, t4, 0x3bf
x29 <- 0xDFFFFDFFF7FFFFBF

mem[X,0x00000000800015DC] -> 0x7FBB
mem[X,0x00000000800015DE] -> 0x9DDF
[1404] [M]: 0x00000000800015DC (0x9DDF7FBB) pmhraccu.h t6, t5, t4
x31 <- 0x331DE182DC1B3A2C

mem[X,0x00000000800015E0] -> 0x3823
mem[X,0x00000000800015E2] -> 0x15F1
[1405] [M]: 0x00000000800015E0 (0x15F13823) sd t6, 0x150(sp)
mem[0x0000000080004350] <- 0x331DE182DC1B3A2C

mem[X,0x00000000800015E4] -> 0x0F37
mem[X,0x00000000800015E6] -> 0xFFFD
[1406] [M]: 0x00000000800015E4 (0xFFFD0F37) lui t5, -0x30
x30 <- 0xFFFFFFFFFFFD0000

mem[X,0x00000000800015E8] -> 0x0F13
mem[X,0x00000000800015EA] -> 0x001F
[1407] [M]: 0x00000000800015E8 (0x001F0F13) addi t5, t5, 0x1
x30 <- 0xFFFFFFFFFFFD0001

mem[X,0x00000000800015EC] -> 0x1F13
mem[X,0x00000000800015EE] -> 0x00BF
[1408] [M]: 0x00000000800015EC (0x00BF1F13) slli t5, t5, 0xb
x30 <- 0xFFFFFFFFE8000800

mem[X,0x00000000800015F0] -> 0x0F13
mem[X,0x00000000800015F2] -> 0x010F
[1409] [M]: 0x00000000800015F0 (0x010F0F13) addi t5, t5, 0x10
x30 <- 0xFFFFFFFFE8000810

mem[X,0x00000000800015F4] -> 0x1F13
mem[X,0x00000000800015F6] -> 0x00BF
[1410] [M]: 0x00000000800015F4 (0x00BF1F13) slli t5, t5, 0xb
x30 <- 0xFFFFFF4000408000

mem[X,0x00000000800015F8] -> 0x0F13
mem[X,0x00000000800015FA] -> 0x02FF
[1411] [M]: 0x00000000800015F8 (0x02FF0F13) addi t5, t5, 0x2f
x30 <- 0xFFFFFF400040802F

mem[X,0x00000000800015FC] -> 0x1F13
mem[X,0x00000000800015FE] -> 0x00AF
[1412] [M]: 0x00000000800015FC (0x00AF1F13) slli t5, t5, 0xa
x30 <- 0xFFFD00010200BC00

mem[X,0x0000000080001600] -> 0x0F13
mem[X,0x0000000080001602] -> 0x3FFF
[1413] [M]: 0x0000000080001600 (0x3FFF0F13) addi t5, t5, 0x3ff
x30 <- 0xFFFD00010200BFFF

mem[X,0x0000000080001604] -> 0x0EB7
mem[X,0x0000000080001606] -> 0x0004
[1414] [M]: 0x0000000080001604 (0x00040EB7) lui t4, 0x40
x29 <- 0x0000000000040000

mem[X,0x0000000080001608] -> 0x8E93
mem[X,0x000000008000160A] -> 0xFF8E
[1415] [M]: 0x0000000080001608 (0xFF8E8E93) addi t4, t4, -0x8
x29 <- 0x000000000003FFF8

mem[X,0x000000008000160C] -> 0x9E93
mem[X,0x000000008000160E] -> 0x00BE
[1416] [M]: 0x000000008000160C (0x00BE9E93) slli t4, t4, 0xb
x29 <- 0x000000001FFFC000

mem[X,0x0000000080001610] -> 0x8E93
mem[X,0x0000000080001612] -> 0x000E
[1417] [M]: 0x0000000080001610 (0x000E8E93) addi t4, t4, 0x0
x29 <- 0x000000001FFFC000

mem[X,0x0000000080001614] -> 0x9E93
mem[X,0x0000000080001616] -> 0x00BE
[1418] [M]: 0x0000000080001614 (0x00BE9E93) slli t4, t4, 0xb
x29 <- 0x000000FFFE000000

mem[X,0x0000000080001618] -> 0x8E93
mem[X,0x000000008000161A] -> 0x0BBE
[1419] [M]: 0x0000000080001618 (0x0BBE8E93) addi t4, t4, 0xbb
x29 <- 0x000000FFFE0000BB

mem[X,0x000000008000161C] -> 0x9E93
mem[X,0x000000008000161E] -> 0x00AE
[1420] [M]: 0x000000008000161C (0x00AE9E93) slli t4, t4, 0xa
x29 <- 0x0003FFF80002EC00

mem[X,0x0000000080001620] -> 0x8E93
mem[X,0x0000000080001622] -> 0x3FFE
[1421] [M]: 0x0000000080001620 (0x3FFE8E93) addi t4, t4, 0x3ff
x29 <- 0x0003FFF80002EFFF

mem[X,0x0000000080001624] -> 0x7FBB
mem[X,0x0000000080001626] -> 0x9DDF
[1422] [M]: 0x0000000080001624 (0x9DDF7FBB) pmhraccu.h t6, t5, t4
x31 <- 0x3320E183DC1BEE2A

mem[X,0x0000000080001628] -> 0x3C23
mem[X,0x000000008000162A] -> 0x15F1
[1423] [M]: 0x0000000080001628 (0x15F13C23) sd t6, 0x158(sp)
mem[0x0000000080004358] <- 0x3320E183DC1BEE2A

mem[X,0x000000008000162C] -> 0x0F37
mem[X,0x000000008000162E] -> 0x2000
[1424] [M]: 0x000000008000162C (0x20000F37) lui t5, 0x20000
x30 <- 0x0000000020000000

mem[X,0x0000000080001630] -> 0x0F13
mem[X,0x0000000080001632] -> 0x100F
[1425] [M]: 0x0000000080001630 (0x100F0F13) addi t5, t5, 0x100
x30 <- 0x0000000020000100

mem[X,0x0000000080001634] -> 0x1F13
mem[X,0x0000000080001636] -> 0x00BF
[1426] [M]: 0x0000000080001634 (0x00BF1F13) slli t5, t5, 0xb
x30 <- 0x0000010000080000

mem[X,0x0000000080001638] -> 0x0F13
mem[X,0x000000008000163A] -> 0x7FFF
[1427] [M]: 0x0000000080001638 (0x7FFF0F13) addi t5, t5, 0x7ff
x30 <- 0x00000100000807FF

mem[X,0x000000008000163C] -> 0x1F13
mem[X,0x000000008000163E] -> 0x00BF
[1428] [M]: 0x000000008000163C (0x00BF1F13) slli t5, t5, 0xb
x30 <- 0x00080000403FF800

mem[X,0x0000000080001640] -> 0x0F13
mem[X,0x0000000080001642] -> 0x7C0F
[1429] [M]: 0x0000000080001640 (0x7C0F0F13) addi t5, t5, 0x7c0
x30 <- 0x00080000403FFFC0

mem[X,0x0000000080001644] -> 0x1F13
mem[X,0x0000000080001646] -> 0x00AF
[1430] [M]: 0x0000000080001644 (0x00AF1F13) slli t5, t5, 0xa
x30 <- 0x20000100FFFF0000

mem[X,0x0000000080001648] -> 0x0F13
mem[X,0x000000008000164A] -> 0x002F
[1431] [M]: 0x0000000080001648 (0x002F0F13) addi t5, t5, 0x2
x30 <- 0x20000100FFFF0002

mem[X,0x000000008000164C] -> 0x0EB7
mem[X,0x000000008000164E] -> 0xFF7F
[1432] [M]: 0x000000008000164C (0xFF7F0EB7) lui t4, -0x810
x29 <- 0xFFFFFFFFFF7F0000

mem[X,0x0000000080001650] -> 0x8E93
mem[X,0x0000000080001652] -> 0x100E
[1433] [M]: 0x0000000080001650 (0x100E8E93) addi t4, t4, 0x100
x29 <- 0xFFFFFFFFFF7F0100

mem[X,0x0000000080001654] -> 0x9E93
mem[X,0x0000000080001656] -> 0x00BE
[1434] [M]: 0x0000000080001654 (0x00BE9E93) slli t4, t4, 0xb
x29 <- 0xFFFFFFFBF8080000

mem[X,0x0000000080001658] -> 0x8E93
mem[X,0x000000008000165A] -> 0x080E
[1435] [M]: 0x0000000080001658 (0x080E8E93) addi t4, t4, 0x80
x29 <- 0xFFFFFFFBF8080080

mem[X,0x000000008000165C] -> 0x9E93
mem[X,0x000000008000165E] -> 0x00BE
[1436] [M]: 0x000000008000165C (0x00BE9E93) slli t4, t4, 0xb
x29 <- 0xFFFFDFC040040000

mem[X,0x0000000080001660] -> 0x8E93
mem[X,0x0000000080001662] -> 0x000E
[1437] [M]: 0x0000000080001660 (0x000E8E93) addi t4, t4, 0x0
x29 <- 0xFFFFDFC040040000

mem[X,0x0000000080001664] -> 0x9E93
mem[X,0x0000000080001666] -> 0x00AE
[1438] [M]: 0x0000000080001664 (0x00AE9E93) slli t4, t4, 0xa
x29 <- 0xFF7F010010000000

mem[X,0x0000000080001668] -> 0x8E93
mem[X,0x000000008000166A] -> 0x007E
[1439] [M]: 0x0000000080001668 (0x007E8E93) addi t4, t4, 0x7
x29 <- 0xFF7F010010000007

mem[X,0x000000008000166C] -> 0x7FBB
mem[X,0x000000008000166E] -> 0x9DDF
[1440] [M]: 0x000000008000166C (0x9DDF7FBB) pmhraccu.h t6, t5, t4
x31 <- 0x5310E184EC1BEE2A

mem[X,0x0000000080001670] -> 0x3023
mem[X,0x0000000080001672] -> 0x17F1
[1441] [M]: 0x0000000080001670 (0x17F13023) sd t6, 0x160(sp)
mem[0x0000000080004360] <- 0x5310E184EC1BEE2A

mem[X,0x0000000080001674] -> 0x0F37
mem[X,0x0000000080001676] -> 0xFFFD
[1442] [M]: 0x0000000080001674 (0xFFFD0F37) lui t5, -0x30
x30 <- 0xFFFFFFFFFFFD0000

mem[X,0x0000000080001678] -> 0x0F13
mem[X,0x000000008000167A] -> 0xF7FF
[1443] [M]: 0x0000000080001678 (0xF7FF0F13) addi t5, t5, -0x81
x30 <- 0xFFFFFFFFFFFCFF7F

mem[X,0x000000008000167C] -> 0x1F13
mem[X,0x000000008000167E] -> 0x00BF
[1444] [M]: 0x000000008000167C (0x00BF1F13) slli t5, t5, 0xb
x30 <- 0xFFFFFFFFE7FBF800

mem[X,0x0000000080001680] -> 0x0F13
mem[X,0x0000000080001682] -> 0x7FFF
[1445] [M]: 0x0000000080001680 (0x7FFF0F13) addi t5, t5, 0x7ff
x30 <- 0xFFFFFFFFE7FBFFFF

mem[X,0x0000000080001684] -> 0x1F13
mem[X,0x0000000080001686] -> 0x00BF
[1446] [M]: 0x0000000080001684 (0x00BF1F13) slli t5, t5, 0xb
x30 <- 0xFFFFFF3FDFFFF800

mem[X,0x0000000080001688] -> 0x0F13
mem[X,0x000000008000168A] -> 0x73FF
[1447] [M]: 0x0000000080001688 (0x73FF0F13) addi t5, t5, 0x73f
x30 <- 0xFFFFFF3FDFFFFF3F

mem[X,0x000000008000168C] -> 0x1F13
mem[X,0x000000008000168E] -> 0x00AF
[1448] [M]: 0x000000008000168C (0x00AF1F13) slli t5, t5, 0xa
x30 <- 0xFFFCFF7FFFFCFC00

mem[X,0x0000000080001690] -> 0x0F13
mem[X,0x0000000080001692] -> 0x37FF
[1449] [M]: 0x0000000080001690 (0x37FF0F13) addi t5, t5, 0x37f
x30 <- 0xFFFCFF7FFFFCFF7F

mem[X,0x0000000080001694] -> 0x0EB7
mem[X,0x0000000080001696] -> 0x0005
[1450] [M]: 0x0000000080001694 (0x00050EB7) lui t4, 0x50
x29 <- 0x0000000000050000

mem[X,0x0000000080001698] -> 0x8E93
mem[X,0x000000008000169A] -> 0x004E
[1451] [M]: 0x0000000080001698 (0x004E8E93) addi t4, t4, 0x4
x29 <- 0x0000000000050004

mem[X,0x000000008000169C] -> 0x9E93
mem[X,0x000000008000169E] -> 0x00BE
[1452] [M]: 0x000000008000169C (0x00BE9E93) slli t4, t4, 0xb
x29 <- 0x0000000028002000

mem[X,0x00000000800016A0] -> 0x8E93
mem[X,0x00000000800016A2] -> 0x7FFE
[1453] [M]: 0x00000000800016A0 (0x7FFE8E93) addi t4, t4, 0x7ff
x29 <- 0x00000000280027FF

mem[X,0x00000000800016A4] -> 0x9E93
mem[X,0x00000000800016A6] -> 0x00BE
[1454] [M]: 0x00000000800016A4 (0x00BE9E93) slli t4, t4, 0xb
x29 <- 0x00000140013FF800

mem[X,0x00000000800016A8] -> 0x8E93
mem[X,0x00000000800016AA] -> 0x6D5E
[1455] [M]: 0x00000000800016A8 (0x6D5E8E93) addi t4, t4, 0x6d5
x29 <- 0x00000140013FFED5

mem[X,0x00000000800016AC] -> 0x9E93
mem[X,0x00000000800016AE] -> 0x00AE
[1456] [M]: 0x00000000800016AC (0x00AE9E93) slli t4, t4, 0xa
x29 <- 0x00050004FFFB5400

mem[X,0x00000000800016B0] -> 0x8E93
mem[X,0x00000000800016B2] -> 0x155E
[1457] [M]: 0x00000000800016B0 (0x155E8E93) addi t4, t4, 0x155
x29 <- 0x00050004FFFB5555

mem[X,0x00000000800016B4] -> 0x7FBB
mem[X,0x00000000800016B6] -> 0x9DDF
[1458] [M]: 0x00000000800016B4 (0x9DDF7FBB) pmhraccu.h t6, t5, t4
x31 <- 0x5315E188EC124354

mem[X,0x00000000800016B8] -> 0x3423
mem[X,0x00000000800016BA] -> 0x17F1
[1459] [M]: 0x00000000800016B8 (0x17F13423) sd t6, 0x168(sp)
mem[0x0000000080004368] <- 0x5315E188EC124354

mem[X,0x00000000800016BC] -> 0x0F37
mem[X,0x00000000800016BE] -> 0x0041
[1460] [M]: 0x00000000800016BC (0x00410F37) lui t5, 0x410
x30 <- 0x0000000000410000

mem[X,0x00000000800016C0] -> 0x0F13
mem[X,0x00000000800016C2] -> 0xEFFF
[1461] [M]: 0x00000000800016C0 (0xEFFF0F13) addi t5, t5, -0x101
x30 <- 0x000000000040FEFF

mem[X,0x00000000800016C4] -> 0x1F13
mem[X,0x00000000800016C6] -> 0x00BF
[1462] [M]: 0x00000000800016C4 (0x00BF1F13) slli t5, t5, 0xb
x30 <- 0x0000000207F7F800

mem[X,0x00000000800016C8] -> 0x0F13
mem[X,0x00000000800016CA] -> 0x7FFF
[1463] [M]: 0x00000000800016C8 (0x7FFF0F13) addi t5, t5, 0x7ff
x30 <- 0x0000000207F7FFFF

mem[X,0x00000000800016CC] -> 0x1F13
mem[X,0x00000000800016CE] -> 0x00BF
[1464] [M]: 0x00000000800016CC (0x00BF1F13) slli t5, t5, 0xb
x30 <- 0x0000103FBFFFF800

mem[X,0x00000000800016D0] -> 0x0F13
mem[X,0x00000000800016D2] -> 0x3C0F
[1465] [M]: 0x00000000800016D0 (0x3C0F0F13) addi t5, t5, 0x3c0
x30 <- 0x0000103FBFFFFBC0

mem[X,0x00000000800016D4] -> 0x1F13
mem[X,0x00000000800016D6] -> 0x00AF
[1466] [M]: 0x00000000800016D4 (0x00AF1F13) slli t5, t5, 0xa
x30 <- 0x0040FEFFFFEF0000

mem[X,0x00000000800016D8] -> 0x0F13
mem[X,0x00000000800016DA] -> 0x040F
[1467] [M]: 0x00000000800016D8 (0x040F0F13) addi t5, t5, 0x40
x30 <- 0x0040FEFFFFEF0040

mem[X,0x00000000800016DC] -> 0x8EB7
mem[X,0x00000000800016DE] -> 0x3FFF
[1468] [M]: 0x00000000800016DC (0x3FFF8EB7) lui t4, 0x3fff8
x29 <- 0x000000003FFF8000

mem[X,0x00000000800016E0] -> 0x8E93
mem[X,0x00000000800016E2] -> 0x000E
[1469] [M]: 0x00000000800016E0 (0x000E8E93) addi t4, t4, 0x0
x29 <- 0x000000003FFF8000

mem[X,0x00000000800016E4] -> 0x9E93
mem[X,0x00000000800016E6] -> 0x00BE
[1470] [M]: 0x00000000800016E4 (0x00BE9E93) slli t4, t4, 0xb
x29 <- 0x000001FFFC000000

mem[X,0x00000000800016E8] -> 0x8E93
mem[X,0x00000000800016EA] -> 0x000E
[1471] [M]: 0x00000000800016E8 (0x000E8E93) addi t4, t4, 0x0
x29 <- 0x000001FFFC000000

mem[X,0x00000000800016EC] -> 0x9E93
mem[X,0x00000000800016EE] -> 0x00BE
[1472] [M]: 0x00000000800016EC (0x00BE9E93) slli t4, t4, 0xb
x29 <- 0x000FFFE000000000

mem[X,0x00000000800016F0] -> 0x8E93
mem[X,0x00000000800016F2] -> 0x041E
[1473] [M]: 0x00000000800016F0 (0x041E8E93) addi t4, t4, 0x41
x29 <- 0x000FFFE000000041

mem[X,0x00000000800016F4] -> 0x9E93
mem[X,0x00000000800016F6] -> 0x00AE
[1474] [M]: 0x00000000800016F4 (0x00AE9E93) slli t4, t4, 0xa
x29 <- 0x3FFF800000010400

mem[X,0x00000000800016F8] -> 0x7FBB
mem[X,0x00000000800016FA] -> 0x9DDF
[1475] [M]: 0x00000000800016F8 (0x9DDF7FBB) pmhraccu.h t6, t5, t4
x31 <- 0x53256108EC134355

mem[X,0x00000000800016FC] -> 0x3823
mem[X,0x00000000800016FE] -> 0x17F1
[1476] [M]: 0x00000000800016FC (0x17F13823) sd t6, 0x170(sp)
mem[0x0000000080004370] <- 0x53256108EC134355

mem[X,0x0000000080001700] -> 0x0F37
mem[X,0x0000000080001702] -> 0x1000
[1477] [M]: 0x0000000080001700 (0x10000F37) lui t5, 0x10000
x30 <- 0x0000000010000000

mem[X,0x0000000080001704] -> 0x0F13
mem[X,0x0000000080001706] -> 0x010F
[1478] [M]: 0x0000000080001704 (0x010F0F13) addi t5, t5, 0x10
x30 <- 0x0000000010000010

mem[X,0x0000000080001708] -> 0x1F13
mem[X,0x000000008000170A] -> 0x00BF
[1479] [M]: 0x0000000080001708 (0x00BF1F13) slli t5, t5, 0xb
x30 <- 0x0000008000008000

mem[X,0x000000008000170C] -> 0x0F13
mem[X,0x000000008000170E] -> 0x7EFF
[1480] [M]: 0x000000008000170C (0x7EFF0F13) addi t5, t5, 0x7ef
x30 <- 0x00000080000087EF

mem[X,0x0000000080001710] -> 0x1F13
mem[X,0x0000000080001712] -> 0x00BF
[1481] [M]: 0x0000000080001710 (0x00BF1F13) slli t5, t5, 0xb
x30 <- 0x00040000043F7800

mem[X,0x0000000080001714] -> 0x0F13
mem[X,0x0000000080001716] -> 0x7C0F
[1482] [M]: 0x0000000080001714 (0x7C0F0F13) addi t5, t5, 0x7c0
x30 <- 0x00040000043F7FC0

mem[X,0x0000000080001718] -> 0x1F13
mem[X,0x000000008000171A] -> 0x00AF
[1483] [M]: 0x0000000080001718 (0x00AF1F13) slli t5, t5, 0xa
x30 <- 0x10000010FDFF0000

mem[X,0x000000008000171C] -> 0x0F13
mem[X,0x000000008000171E] -> 0x008F
[1484] [M]: 0x000000008000171C (0x008F0F13) addi t5, t5, 0x8
x30 <- 0x10000010FDFF0008

mem[X,0x0000000080001720] -> 0xFEB7
mem[X,0x0000000080001722] -> 0xFFF8
[1485] [M]: 0x0000000080001720 (0xFFF8FEB7) lui t4, -0x71
x29 <- 0xFFFFFFFFFFF8F000

mem[X,0x0000000080001724] -> 0x8E93
mem[X,0x0000000080001726] -> 0x7FFE
[1486] [M]: 0x0000000080001724 (0x7FFE8E93) addi t4, t4, 0x7ff
x29 <- 0xFFFFFFFFFFF8F7FF

mem[X,0x0000000080001728] -> 0x9E93
mem[X,0x000000008000172A] -> 0x00BE
[1487] [M]: 0x0000000080001728 (0x00BE9E93) slli t4, t4, 0xb
x29 <- 0xFFFFFFFFC7BFF800

mem[X,0x000000008000172C] -> 0x8E93
mem[X,0x000000008000172E] -> 0x020E
[1488] [M]: 0x000000008000172C (0x020E8E93) addi t4, t4, 0x20
x29 <- 0xFFFFFFFFC7BFF820

mem[X,0x0000000080001730] -> 0x9E93
mem[X,0x0000000080001732] -> 0x00BE
[1489] [M]: 0x0000000080001730 (0x00BE9E93) slli t4, t4, 0xb
x29 <- 0xFFFFFE3DFFC10000

mem[X,0x0000000080001734] -> 0x8E93
mem[X,0x0000000080001736] -> 0x002E
[1490] [M]: 0x0000000080001734 (0x002E8E93) addi t4, t4, 0x2
x29 <- 0xFFFFFE3DFFC10002

mem[X,0x0000000080001738] -> 0x9E93
mem[X,0x000000008000173A] -> 0x00AE
[1491] [M]: 0x0000000080001738 (0x00AE9E93) slli t4, t4, 0xa
x29 <- 0xFFF8F7FF04000800

mem[X,0x000000008000173C] -> 0x7FBB
mem[X,0x000000008000173E] -> 0x9DDF
[1492] [M]: 0x000000008000173C (0x9DDF7FBB) pmhraccu.h t6, t5, t4
x31 <- 0x63256117F00B4355

mem[X,0x0000000080001740] -> 0x3C23
mem[X,0x0000000080001742] -> 0x17F1
[1493] [M]: 0x0000000080001740 (0x17F13C23) sd t6, 0x178(sp)
mem[0x0000000080004378] <- 0x63256117F00B4355

mem[X,0x0000000080001744] -> 0xFF37
mem[X,0x0000000080001746] -> 0xFFFD
[1494] [M]: 0x0000000080001744 (0xFFFDFF37) lui t5, -0x21
x30 <- 0xFFFFFFFFFFFDF000

mem[X,0x0000000080001748] -> 0x0F13
mem[X,0x000000008000174A] -> 0xFFFF
[1495] [M]: 0x0000000080001748 (0xFFFF0F13) addi t5, t5, -0x1
x30 <- 0xFFFFFFFFFFFDEFFF

mem[X,0x000000008000174C] -> 0x1F13
mem[X,0x000000008000174E] -> 0x00BF
[1496] [M]: 0x000000008000174C (0x00BF1F13) slli t5, t5, 0xb
x30 <- 0xFFFFFFFFEF7FF800

mem[X,0x0000000080001750] -> 0x0F13
mem[X,0x0000000080001752] -> 0x600F
[1497] [M]: 0x0000000080001750 (0x600F0F13) addi t5, t5, 0x600
x30 <- 0xFFFFFFFFEF7FFE00

mem[X,0x0000000080001754] -> 0x1F13
mem[X,0x0000000080001756] -> 0x00BF
[1498] [M]: 0x0000000080001754 (0x00BF1F13) slli t5, t5, 0xb
x30 <- 0xFFFFFF7BFFF00000

mem[X,0x0000000080001758] -> 0x0F13
mem[X,0x000000008000175A] -> 0x03FF
[1499] [M]: 0x0000000080001758 (0x03FF0F13) addi t5, t5, 0x3f
x30 <- 0xFFFFFF7BFFF0003F

clint::tick mtime <- 0x000000000000000F
 clint timer pending at mtime 0x000000000000000F
htif::tick 0x0000000000000000
mem[X,0x000000008000175C] -> 0x1F13
mem[X,0x000000008000175E] -> 0x00AF
[1500] [M]: 0x000000008000175C (0x00AF1F13) slli t5, t5, 0xa
x30 <- 0xFFFDEFFFC000FC00

mem[X,0x0000000080001760] -> 0x0F13
mem[X,0x0000000080001762] -> 0x3F8F
[1501] [M]: 0x0000000080001760 (0x3F8F0F13) addi t5, t5, 0x3f8
x30 <- 0xFFFDEFFFC000FFF8

mem[X,0x0000000080001764] -> 0x0EB7
mem[X,0x0000000080001766] -> 0xFFDF
[1502] [M]: 0x0000000080001764 (0xFFDF0EB7) lui t4, -0x210
x29 <- 0xFFFFFFFFFFDF0000

mem[X,0x0000000080001768] -> 0x8E93
mem[X,0x000000008000176A] -> 0x080E
[1503] [M]: 0x0000000080001768 (0x080E8E93) addi t4, t4, 0x80
x29 <- 0xFFFFFFFFFFDF0080

mem[X,0x000000008000176C] -> 0x9E93
mem[X,0x000000008000176E] -> 0x00BE
[1504] [M]: 0x000000008000176C (0x00BE9E93) slli t4, t4, 0xb
x29 <- 0xFFFFFFFEF8040000

mem[X,0x0000000080001770] -> 0x8E93
mem[X,0x0000000080001772] -> 0x004E
[1505] [M]: 0x0000000080001770 (0x004E8E93) addi t4, t4, 0x4
x29 <- 0xFFFFFFFEF8040004

mem[X,0x0000000080001774] -> 0x9E93
mem[X,0x0000000080001776] -> 0x00BE
[1506] [M]: 0x0000000080001774 (0x00BE9E93) slli t4, t4, 0xb
x29 <- 0xFFFFF7C020002000

mem[X,0x0000000080001778] -> 0x8E93
mem[X,0x000000008000177A] -> 0x001E
[1507] [M]: 0x0000000080001778 (0x001E8E93) addi t4, t4, 0x1
x29 <- 0xFFFFF7C020002001

mem[X,0x000000008000177C] -> 0x9E93
mem[X,0x000000008000177E] -> 0x00AE
[1508] [M]: 0x000000008000177C (0x00AE9E93) slli t4, t4, 0xa
x29 <- 0xFFDF008000800400

mem[X,0x0000000080001780] -> 0x7FBB
mem[X,0x0000000080001782] -> 0x9DDF
[1509] [M]: 0x0000000080001780 (0x9DDF7FBB) pmhraccu.h t6, t5, t4
x31 <- 0x6301618FF06B4755

mem[X,0x0000000080001784] -> 0x3023
mem[X,0x0000000080001786] -> 0x19F1
[1510] [M]: 0x0000000080001784 (0x19F13023) sd t6, 0x180(sp)
mem[0x0000000080004380] <- 0x6301618FF06B4755

mem[X,0x0000000080001788] -> 0x0F37
mem[X,0x000000008000178A] -> 0xEFFF
[1511] [M]: 0x0000000080001788 (0xEFFF0F37) lui t5, -0x10010
x30 <- 0xFFFFFFFFEFFF0000

mem[X,0x000000008000178C] -> 0x0F13
mem[X,0x000000008000178E] -> 0x200F
[1512] [M]: 0x000000008000178C (0x200F0F13) addi t5, t5, 0x200
x30 <- 0xFFFFFFFFEFFF0200

mem[X,0x0000000080001790] -> 0x1F13
mem[X,0x0000000080001792] -> 0x00BF
[1513] [M]: 0x0000000080001790 (0x00BF1F13) slli t5, t5, 0xb
x30 <- 0xFFFFFF7FF8100000

mem[X,0x0000000080001794] -> 0x0F13
mem[X,0x0000000080001796] -> 0x7BFF
[1514] [M]: 0x0000000080001794 (0x7BFF0F13) addi t5, t5, 0x7bf
x30 <- 0xFFFFFF7FF81007BF

mem[X,0x0000000080001798] -> 0x1F13
mem[X,0x000000008000179A] -> 0x00BF
[1515] [M]: 0x0000000080001798 (0x00BF1F13) slli t5, t5, 0xb
x30 <- 0xFFFBFFC0803DF800

mem[X,0x000000008000179C] -> 0x0F13
mem[X,0x000000008000179E] -> 0x7C0F
[1516] [M]: 0x000000008000179C (0x7C0F0F13) addi t5, t5, 0x7c0
x30 <- 0xFFFBFFC0803DFFC0

mem[X,0x00000000800017A0] -> 0x1F13
mem[X,0x00000000800017A2] -> 0x00AF
[1517] [M]: 0x00000000800017A0 (0x00AF1F13) slli t5, t5, 0xa
x30 <- 0xEFFF0200F7FF0000

mem[X,0x00000000800017A4] -> 0x0F13
mem[X,0x00000000800017A6] -> 0x200F
[1518] [M]: 0x00000000800017A4 (0x200F0F13) addi t5, t5, 0x200
x30 <- 0xEFFF0200F7FF0200

mem[X,0x00000000800017A8] -> 0x0EB7
mem[X,0x00000000800017AA] -> 0x0200
[1519] [M]: 0x00000000800017A8 (0x02000EB7) lui t4, 0x2000
x29 <- 0x0000000002000000

mem[X,0x00000000800017AC] -> 0x8E93
mem[X,0x00000000800017AE] -> 0x400E
[1520] [M]: 0x00000000800017AC (0x400E8E93) addi t4, t4, 0x400
x29 <- 0x0000000002000400

mem[X,0x00000000800017B0] -> 0x9E93
mem[X,0x00000000800017B2] -> 0x00BE
[1521] [M]: 0x00000000800017B0 (0x00BE9E93) slli t4, t4, 0xb
x29 <- 0x0000001000200000

mem[X,0x00000000800017B4] -> 0x8E93
mem[X,0x00000000800017B6] -> 0x7DFE
[1522] [M]: 0x00000000800017B4 (0x7DFE8E93) addi t4, t4, 0x7df
x29 <- 0x00000010002007DF

mem[X,0x00000000800017B8] -> 0x9E93
mem[X,0x00000000800017BA] -> 0x00BE
[1523] [M]: 0x00000000800017B8 (0x00BE9E93) slli t4, t4, 0xb
x29 <- 0x00008001003EF800

mem[X,0x00000000800017BC] -> 0x8E93
mem[X,0x00000000800017BE] -> 0x7D0E
[1524] [M]: 0x00000000800017BC (0x7D0E8E93) addi t4, t4, 0x7d0
x29 <- 0x00008001003EFFD0

mem[X,0x00000000800017C0] -> 0x9E93
mem[X,0x00000000800017C2] -> 0x00AE
[1525] [M]: 0x00000000800017C0 (0x00AE9E93) slli t4, t4, 0xa
x29 <- 0x02000400FBFF4000

mem[X,0x00000000800017C4] -> 0x7FBB
mem[X,0x00000000800017C6] -> 0x9DDF
[1526] [M]: 0x00000000800017C4 (0x9DDF7FBB) pmhraccu.h t6, t5, t4
x31 <- 0x64E16197E48947D5

mem[X,0x00000000800017C8] -> 0x3423
mem[X,0x00000000800017CA] -> 0x19F1
[1527] [M]: 0x00000000800017C8 (0x19F13423) sd t6, 0x188(sp)
mem[0x0000000080004388] <- 0x64E16197E48947D5

mem[X,0x00000000800017CC] -> 0x0F37
mem[X,0x00000000800017CE] -> 0xBFFF
[1528] [M]: 0x00000000800017CC (0xBFFF0F37) lui t5, -0x40010
x30 <- 0xFFFFFFFFBFFF0000

mem[X,0x00000000800017D0] -> 0x0F13
mem[X,0x00000000800017D2] -> 0x006F
[1529] [M]: 0x00000000800017D0 (0x006F0F13) addi t5, t5, 0x6
x30 <- 0xFFFFFFFFBFFF0006

mem[X,0x00000000800017D4] -> 0x1F13
mem[X,0x00000000800017D6] -> 0x00BF
[1530] [M]: 0x00000000800017D4 (0x00BF1F13) slli t5, t5, 0xb
x30 <- 0xFFFFFDFFF8003000

mem[X,0x00000000800017D8] -> 0x0F13
mem[X,0x00000000800017DA] -> 0x5FFF
[1531] [M]: 0x00000000800017D8 (0x5FFF0F13) addi t5, t5, 0x5ff
x30 <- 0xFFFFFDFFF80035FF

mem[X,0x00000000800017DC] -> 0x1F13
mem[X,0x00000000800017DE] -> 0x00BF
[1532] [M]: 0x00000000800017DC (0x00BF1F13) slli t5, t5, 0xb
x30 <- 0xFFEFFFC001AFF800

mem[X,0x00000000800017E0] -> 0x0F13
mem[X,0x00000000800017E2] -> 0x7D5F
[1533] [M]: 0x00000000800017E0 (0x7D5F0F13) addi t5, t5, 0x7d5
x30 <- 0xFFEFFFC001AFFFD5

mem[X,0x00000000800017E4] -> 0x1F13
mem[X,0x00000000800017E6] -> 0x00AF
[1534] [M]: 0x00000000800017E4 (0x00AF1F13) slli t5, t5, 0xa
x30 <- 0xBFFF0006BFFF5400

mem[X,0x00000000800017E8] -> 0x0F13
mem[X,0x00000000800017EA] -> 0x155F
[1535] [M]: 0x00000000800017E8 (0x155F0F13) addi t5, t5, 0x155
x30 <- 0xBFFF0006BFFF5555

mem[X,0x00000000800017EC] -> 0x0EB7
mem[X,0x00000000800017EE] -> 0xFFFC
[1536] [M]: 0x00000000800017EC (0xFFFC0EB7) lui t4, -0x40
x29 <- 0xFFFFFFFFFFFC0000

mem[X,0x00000000800017F0] -> 0x8E93
mem[X,0x00000000800017F2] -> 0xFF8E
[1537] [M]: 0x00000000800017F0 (0xFF8E8E93) addi t4, t4, -0x8
x29 <- 0xFFFFFFFFFFFBFFF8

mem[X,0x00000000800017F4] -> 0x9E93
mem[X,0x00000000800017F6] -> 0x00BE
[1538] [M]: 0x00000000800017F4 (0x00BE9E93) slli t4, t4, 0xb
x29 <- 0xFFFFFFFFDFFFC000

mem[X,0x00000000800017F8] -> 0x8E93
mem[X,0x00000000800017FA] -> 0x010E
[1539] [M]: 0x00000000800017F8 (0x010E8E93) addi t4, t4, 0x10
x29 <- 0xFFFFFFFFDFFFC010

mem[X,0x00000000800017FC] -> 0x9E93
mem[X,0x00000000800017FE] -> 0x00BE
[1540] [M]: 0x00000000800017FC (0x00BE9E93) slli t4, t4, 0xb
x29 <- 0xFFFFFEFFFE008000

mem[X,0x0000000080001800] -> 0x8E93
mem[X,0x0000000080001802] -> 0x02FE
[1541] [M]: 0x0000000080001800 (0x02FE8E93) addi t4, t4, 0x2f
x29 <- 0xFFFFFEFFFE00802F

mem[X,0x0000000080001804] -> 0x9E93
mem[X,0x0000000080001806] -> 0x00AE
[1542] [M]: 0x0000000080001804 (0x00AE9E93) slli t4, t4, 0xa
x29 <- 0xFFFBFFF80200BC00

mem[X,0x0000000080001808] -> 0x8E93
mem[X,0x000000008000180A] -> 0x3FFE
[1543] [M]: 0x0000000080001808 (0x3FFE8E93) addi t4, t4, 0x3ff
x29 <- 0xFFFBFFF80200BFFF

mem[X,0x000000008000180C] -> 0x7FBB
mem[X,0x000000008000180E] -> 0x9DDF
[1544] [M]: 0x000000008000180C (0x9DDF7FBB) pmhraccu.h t6, t5, t4
x31 <- 0x24DC619DE60987D4

mem[X,0x0000000080001810] -> 0x3823
mem[X,0x0000000080001812] -> 0x19F1
[1545] [M]: 0x0000000080001810 (0x19F13823) sd t6, 0x190(sp)
mem[0x0000000080004390] <- 0x24DC619DE60987D4

mem[X,0x0000000080001814] -> 0x0F37
mem[X,0x0000000080001816] -> 0xAAAA
[1546] [M]: 0x0000000080001814 (0xAAAA0F37) lui t5, -0x55560
x30 <- 0xFFFFFFFFAAAA0000

mem[X,0x0000000080001818] -> 0x0F13
mem[X,0x000000008000181A] -> 0x200F
[1547] [M]: 0x0000000080001818 (0x200F0F13) addi t5, t5, 0x200
x30 <- 0xFFFFFFFFAAAA0200

mem[X,0x000000008000181C] -> 0x1F13
mem[X,0x000000008000181E] -> 0x00BF
[1548] [M]: 0x000000008000181C (0x00BF1F13) slli t5, t5, 0xb
x30 <- 0xFFFFFD5550100000

mem[X,0x0000000080001820] -> 0x0F13
mem[X,0x0000000080001822] -> 0x5FFF
[1549] [M]: 0x0000000080001820 (0x5FFF0F13) addi t5, t5, 0x5ff
x30 <- 0xFFFFFD55501005FF

mem[X,0x0000000080001824] -> 0x1F13
mem[X,0x0000000080001826] -> 0x00BF
[1550] [M]: 0x0000000080001824 (0x00BF1F13) slli t5, t5, 0xb
x30 <- 0xFFEAAA80802FF800

mem[X,0x0000000080001828] -> 0x0F13
mem[X,0x000000008000182A] -> 0x7C0F
[1551] [M]: 0x0000000080001828 (0x7C0F0F13) addi t5, t5, 0x7c0
x30 <- 0xFFEAAA80802FFFC0

mem[X,0x000000008000182C] -> 0x1F13
mem[X,0x000000008000182E] -> 0x00AF
[1552] [M]: 0x000000008000182C (0x00AF1F13) slli t5, t5, 0xa
x30 <- 0xAAAA0200BFFF0000

mem[X,0x0000000080001830] -> 0x0EB7
mem[X,0x0000000080001832] -> 0xFFFE
[1553] [M]: 0x0000000080001830 (0xFFFE0EB7) lui t4, -0x20
x29 <- 0xFFFFFFFFFFFE0000

mem[X,0x0000000080001834] -> 0x8E93
mem[X,0x0000000080001836] -> 0x004E
[1554] [M]: 0x0000000080001834 (0x004E8E93) addi t4, t4, 0x4
x29 <- 0xFFFFFFFFFFFE0004

mem[X,0x0000000080001838] -> 0x9E93
mem[X,0x000000008000183A] -> 0x00BE
[1555] [M]: 0x0000000080001838 (0x00BE9E93) slli t4, t4, 0xb
x29 <- 0xFFFFFFFFF0002000

mem[X,0x000000008000183C] -> 0x8E93
mem[X,0x000000008000183E] -> 0x200E
[1556] [M]: 0x000000008000183C (0x200E8E93) addi t4, t4, 0x200
x29 <- 0xFFFFFFFFF0002200

mem[X,0x0000000080001840] -> 0x9E93
mem[X,0x0000000080001842] -> 0x00BE
[1557] [M]: 0x0000000080001840 (0x00BE9E93) slli t4, t4, 0xb
x29 <- 0xFFFFFF8001100000

mem[X,0x0000000080001844] -> 0x8E93
mem[X,0x0000000080001846] -> 0x000E
[1558] [M]: 0x0000000080001844 (0x000E8E93) addi t4, t4, 0x0
x29 <- 0xFFFFFF8001100000

mem[X,0x0000000080001848] -> 0x9E93
mem[X,0x000000008000184A] -> 0x00AE
[1559] [M]: 0x0000000080001848 (0x00AE9E93) slli t4, t4, 0xa
x29 <- 0xFFFE000440000000

mem[X,0x000000008000184C] -> 0x7FBB
mem[X,0x000000008000184E] -> 0x9DDF
[1560] [M]: 0x000000008000184C (0x9DDF7FBB) pmhraccu.h t6, t5, t4
x31 <- 0xCF85619D160987D4

mem[X,0x0000000080001850] -> 0x3C23
mem[X,0x0000000080001852] -> 0x19F1
[1561] [M]: 0x0000000080001850 (0x19F13C23) sd t6, 0x198(sp)
mem[0x0000000080004398] <- 0xCF85619D160987D4

mem[X,0x0000000080001854] -> 0x0F37
mem[X,0x0000000080001856] -> 0x0007
[1562] [M]: 0x0000000080001854 (0x00070F37) lui t5, 0x70
x30 <- 0x0000000000070000

mem[X,0x0000000080001858] -> 0x0F13
mem[X,0x000000008000185A] -> 0xFFFF
[1563] [M]: 0x0000000080001858 (0xFFFF0F13) addi t5, t5, -0x1
x30 <- 0x000000000006FFFF

mem[X,0x000000008000185C] -> 0x1F13
mem[X,0x000000008000185E] -> 0x00BF
[1564] [M]: 0x000000008000185C (0x00BF1F13) slli t5, t5, 0xb
x30 <- 0x0000000037FFF800

mem[X,0x0000000080001860] -> 0x0F13
mem[X,0x0000000080001862] -> 0x2AAF
[1565] [M]: 0x0000000080001860 (0x2AAF0F13) addi t5, t5, 0x2aa
x30 <- 0x0000000037FFFAAA

mem[X,0x0000000080001864] -> 0x1F13
mem[X,0x0000000080001866] -> 0x00BF
[1566] [M]: 0x0000000080001864 (0x00BF1F13) slli t5, t5, 0xb
x30 <- 0x000001BFFFD55000

mem[X,0x0000000080001868] -> 0x0F13
mem[X,0x000000008000186A] -> 0x57FF
[1567] [M]: 0x0000000080001868 (0x57FF0F13) addi t5, t5, 0x57f
x30 <- 0x000001BFFFD5557F

mem[X,0x000000008000186C] -> 0x1F13
mem[X,0x000000008000186E] -> 0x00AF
[1568] [M]: 0x000000008000186C (0x00AF1F13) slli t5, t5, 0xa
x30 <- 0x0006FFFF5555FC00

mem[X,0x0000000080001870] -> 0x0F13
mem[X,0x0000000080001872] -> 0x3DFF
[1569] [M]: 0x0000000080001870 (0x3DFF0F13) addi t5, t5, 0x3df
x30 <- 0x0006FFFF5555FFDF

mem[X,0x0000000080001874] -> 0x8EB7
mem[X,0x0000000080001876] -> 0xFEFF
[1570] [M]: 0x0000000080001874 (0xFEFF8EB7) lui t4, -0x1008
x29 <- 0xFFFFFFFFFEFF8000

mem[X,0x0000000080001878] -> 0x8E93
mem[X,0x000000008000187A] -> 0xFFFE
[1571] [M]: 0x0000000080001878 (0xFFFE8E93) addi t4, t4, -0x1
x29 <- 0xFFFFFFFFFEFF7FFF

mem[X,0x000000008000187C] -> 0x9E93
mem[X,0x000000008000187E] -> 0x00BE
[1572] [M]: 0x000000008000187C (0x00BE9E93) slli t4, t4, 0xb
x29 <- 0xFFFFFFF7FBFFF800

mem[X,0x0000000080001880] -> 0x8E93
mem[X,0x0000000080001882] -> 0x7FFE
[1573] [M]: 0x0000000080001880 (0x7FFE8E93) addi t4, t4, 0x7ff
x29 <- 0xFFFFFFF7FBFFFFFF

mem[X,0x0000000080001884] -> 0x9E93
mem[X,0x0000000080001886] -> 0x00BE
[1574] [M]: 0x0000000080001884 (0x00BE9E93) slli t4, t4, 0xb
x29 <- 0xFFFFBFDFFFFFF800

mem[X,0x0000000080001888] -> 0x8E93
mem[X,0x000000008000188A] -> 0x5BFE
[1575] [M]: 0x0000000080001888 (0x5BFE8E93) addi t4, t4, 0x5bf
x29 <- 0xFFFFBFDFFFFFFDBF

mem[X,0x000000008000188C] -> 0x9E93
mem[X,0x000000008000188E] -> 0x00AE
[1576] [M]: 0x000000008000188C (0x00AE9E93) slli t4, t4, 0xa
x29 <- 0xFEFF7FFFFFF6FC00

mem[X,0x0000000080001890] -> 0x8E93
mem[X,0x0000000080001892] -> 0x3F8E
[1577] [M]: 0x0000000080001890 (0x3F8E8E93) addi t4, t4, 0x3f8
x29 <- 0xFEFF7FFFFFF6FFF8

mem[X,0x0000000080001894] -> 0x7FBB
mem[X,0x0000000080001896] -> 0x9DDF
[1578] [M]: 0x0000000080001894 (0x9DDF7FBB) pmhraccu.h t6, t5, t4
x31 <- 0xCF8BE19C6B5B87AB

mem[X,0x0000000080001898] -> 0x3023
mem[X,0x000000008000189A] -> 0x1BF1
[1579] [M]: 0x0000000080001898 (0x1BF13023) sd t6, 0x1a0(sp)
mem[0x00000000800043A0] <- 0xCF8BE19C6B5B87AB

mem[X,0x000000008000189C] -> 0x0F37
mem[X,0x000000008000189E] -> 0x2000
[1580] [M]: 0x000000008000189C (0x20000F37) lui t5, 0x20000
x30 <- 0x0000000020000000

mem[X,0x00000000800018A0] -> 0x0F13
mem[X,0x00000000800018A2] -> 0x005F
[1581] [M]: 0x00000000800018A0 (0x005F0F13) addi t5, t5, 0x5
x30 <- 0x0000000020000005

mem[X,0x00000000800018A4] -> 0x1F13
mem[X,0x00000000800018A6] -> 0x00BF
[1582] [M]: 0x00000000800018A4 (0x00BF1F13) slli t5, t5, 0xb
x30 <- 0x0000010000002800

mem[X,0x00000000800018A8] -> 0x0F13
mem[X,0x00000000800018AA] -> 0x7FFF
[1583] [M]: 0x00000000800018A8 (0x7FFF0F13) addi t5, t5, 0x7ff
x30 <- 0x0000010000002FFF

mem[X,0x00000000800018AC] -> 0x1F13
mem[X,0x00000000800018AE] -> 0x00BF
[1584] [M]: 0x00000000800018AC (0x00BF1F13) slli t5, t5, 0xb
x30 <- 0x00080000017FF800

mem[X,0x00000000800018B0] -> 0x0F13
mem[X,0x00000000800018B2] -> 0x6FFF
[1585] [M]: 0x00000000800018B0 (0x6FFF0F13) addi t5, t5, 0x6ff
x30 <- 0x00080000017FFEFF

mem[X,0x00000000800018B4] -> 0x1F13
mem[X,0x00000000800018B6] -> 0x00AF
[1586] [M]: 0x00000000800018B4 (0x00AF1F13) slli t5, t5, 0xa
x30 <- 0x20000005FFFBFC00

mem[X,0x00000000800018B8] -> 0x0F13
mem[X,0x00000000800018BA] -> 0x3F8F
[1587] [M]: 0x00000000800018B8 (0x3F8F0F13) addi t5, t5, 0x3f8
x30 <- 0x20000005FFFBFFF8

mem[X,0x00000000800018BC] -> 0x1EB7
mem[X,0x00000000800018BE] -> 0x0008
[1588] [M]: 0x00000000800018BC (0x00081EB7) lui t4, 0x81
x29 <- 0x0000000000081000

mem[X,0x00000000800018C0] -> 0x8E93
mem[X,0x00000000800018C2] -> 0x000E
[1589] [M]: 0x00000000800018C0 (0x000E8E93) addi t4, t4, 0x0
x29 <- 0x0000000000081000

mem[X,0x00000000800018C4] -> 0x9E93
mem[X,0x00000000800018C6] -> 0x00BE
[1590] [M]: 0x00000000800018C4 (0x00BE9E93) slli t4, t4, 0xb
x29 <- 0x0000000040800000

mem[X,0x00000000800018C8] -> 0x8E93
mem[X,0x00000000800018CA] -> 0x7FFE
[1591] [M]: 0x00000000800018C8 (0x7FFE8E93) addi t4, t4, 0x7ff
x29 <- 0x00000000408007FF

mem[X,0x00000000800018CC] -> 0x9E93
mem[X,0x00000000800018CE] -> 0x00BE
[1592] [M]: 0x00000000800018CC (0x00BE9E93) slli t4, t4, 0xb
x29 <- 0x00000204003FF800

mem[X,0x00000000800018D0] -> 0x8E93
mem[X,0x00000000800018D2] -> 0x5C0E
[1593] [M]: 0x00000000800018D0 (0x5C0E8E93) addi t4, t4, 0x5c0
x29 <- 0x00000204003FFDC0

mem[X,0x00000000800018D4] -> 0x9E93
mem[X,0x00000000800018D6] -> 0x00AE
[1594] [M]: 0x00000000800018D4 (0x00AE9E93) slli t4, t4, 0xa
x29 <- 0x00081000FFF70000

mem[X,0x00000000800018D8] -> 0x7FBB
mem[X,0x00000000800018DA] -> 0x9DDF
[1595] [M]: 0x00000000800018D8 (0x9DDF7FBB) pmhraccu.h t6, t5, t4
x31 <- 0xCF8CE19C6B4D87AB

mem[X,0x00000000800018DC] -> 0x3423
mem[X,0x00000000800018DE] -> 0x1BF1
[1596] [M]: 0x00000000800018DC (0x1BF13423) sd t6, 0x1a8(sp)
mem[0x00000000800043A8] <- 0xCF8CE19C6B4D87AB

mem[X,0x00000000800018E0] -> 0x8F37
mem[X,0x00000000800018E2] -> 0xFFEF
[1597] [M]: 0x00000000800018E0 (0xFFEF8F37) lui t5, -0x108
x30 <- 0xFFFFFFFFFFEF8000

mem[X,0x00000000800018E4] -> 0x0F13
mem[X,0x00000000800018E6] -> 0x000F
[1598] [M]: 0x00000000800018E4 (0x000F0F13) addi t5, t5, 0x0
x30 <- 0xFFFFFFFFFFEF8000

mem[X,0x00000000800018E8] -> 0x1F13
mem[X,0x00000000800018EA] -> 0x00BF
[1599] [M]: 0x00000000800018E8 (0x00BF1F13) slli t5, t5, 0xb
x30 <- 0xFFFFFFFF7C000000

clint::tick mtime <- 0x0000000000000010
 clint timer pending at mtime 0x0000000000000010
htif::tick 0x0000000000000000
mem[X,0x00000000800018EC] -> 0x0F13
mem[X,0x00000000800018EE] -> 0x004F
[1600] [M]: 0x00000000800018EC (0x004F0F13) addi t5, t5, 0x4
x30 <- 0xFFFFFFFF7C000004

mem[X,0x00000000800018F0] -> 0x1F13
mem[X,0x00000000800018F2] -> 0x00BF
[1601] [M]: 0x00000000800018F0 (0x00BF1F13) slli t5, t5, 0xb
x30 <- 0xFFFFFBE000002000

mem[X,0x00000000800018F4] -> 0x0F13
mem[X,0x00000000800018F6] -> 0x002F
[1602] [M]: 0x00000000800018F4 (0x002F0F13) addi t5, t5, 0x2
x30 <- 0xFFFFFBE000002002

mem[X,0x00000000800018F8] -> 0x1F13
mem[X,0x00000000800018FA] -> 0x00AF
[1603] [M]: 0x00000000800018F8 (0x00AF1F13) slli t5, t5, 0xa
x30 <- 0xFFEF800000800800

mem[X,0x00000000800018FC] -> 0x0EB7
mem[X,0x00000000800018FE] -> 0x5556
[1604] [M]: 0x00000000800018FC (0x55560EB7) lui t4, 0x55560
x29 <- 0x0000000055560000

mem[X,0x0000000080001900] -> 0x8E93
mem[X,0x0000000080001902] -> 0xFFCE
[1605] [M]: 0x0000000080001900 (0xFFCE8E93) addi t4, t4, -0x4
x29 <- 0x000000005555FFFC

mem[X,0x0000000080001904] -> 0x9E93
mem[X,0x0000000080001906] -> 0x00BE
[1606] [M]: 0x0000000080001904 (0x00BE9E93) slli t4, t4, 0xb
x29 <- 0x000002AAAFFFE000

mem[X,0x0000000080001908] -> 0x8E93
mem[X,0x000000008000190A] -> 0x7F7E
[1607] [M]: 0x0000000080001908 (0x7F7E8E93) addi t4, t4, 0x7f7
x29 <- 0x000002AAAFFFE7F7

mem[X,0x000000008000190C] -> 0x9E93
mem[X,0x000000008000190E] -> 0x00BE
[1608] [M]: 0x000000008000190C (0x00BE9E93) slli t4, t4, 0xb
x29 <- 0x0015557FFF3FB800

mem[X,0x0000000080001910] -> 0x8E93
mem[X,0x0000000080001912] -> 0x7FFE
[1609] [M]: 0x0000000080001910 (0x7FFE8E93) addi t4, t4, 0x7ff
x29 <- 0x0015557FFF3FBFFF

mem[X,0x0000000080001914] -> 0x9E93
mem[X,0x0000000080001916] -> 0x00AE
[1610] [M]: 0x0000000080001914 (0x00AE9E93) slli t4, t4, 0xa
x29 <- 0x5555FFFCFEFFFC00

mem[X,0x0000000080001918] -> 0x8E93
mem[X,0x000000008000191A] -> 0x3FCE
[1611] [M]: 0x0000000080001918 (0x3FCE8E93) addi t4, t4, 0x3fc
x29 <- 0x5555FFFCFEFFFFFC

mem[X,0x000000008000191C] -> 0x7FBB
mem[X,0x000000008000191E] -> 0x9DDF
[1612] [M]: 0x000000008000191C (0x9DDF7FBB) pmhraccu.h t6, t5, t4
x31 <- 0x24DB619A6BCC8FAB

mem[X,0x0000000080001920] -> 0x3823
mem[X,0x0000000080001922] -> 0x1BF1
[1613] [M]: 0x0000000080001920 (0x1BF13823) sd t6, 0x1b0(sp)
mem[0x00000000800043B0] <- 0x24DB619A6BCC8FAB

mem[X,0x0000000080001924] -> 0x0F37
mem[X,0x0000000080001926] -> 0xF7FF
[1614] [M]: 0x0000000080001924 (0xF7FF0F37) lui t5, -0x8010
x30 <- 0xFFFFFFFFF7FF0000

mem[X,0x0000000080001928] -> 0x0F13
mem[X,0x000000008000192A] -> 0x020F
[1615] [M]: 0x0000000080001928 (0x020F0F13) addi t5, t5, 0x20
x30 <- 0xFFFFFFFFF7FF0020

mem[X,0x000000008000192C] -> 0x1F13
mem[X,0x000000008000192E] -> 0x00BF
[1616] [M]: 0x000000008000192C (0x00BF1F13) slli t5, t5, 0xb
x30 <- 0xFFFFFFBFF8010000

mem[X,0x0000000080001930] -> 0x0F13
mem[X,0x0000000080001932] -> 0x000F
[1617] [M]: 0x0000000080001930 (0x000F0F13) addi t5, t5, 0x0
x30 <- 0xFFFFFFBFF8010000

mem[X,0x0000000080001934] -> 0x1F13
mem[X,0x0000000080001936] -> 0x00BF
[1618] [M]: 0x0000000080001934 (0x00BF1F13) slli t5, t5, 0xb
x30 <- 0xFFFDFFC008000000

mem[X,0x0000000080001938] -> 0x0F13
mem[X,0x000000008000193A] -> 0x23BF
[1619] [M]: 0x0000000080001938 (0x23BF0F13) addi t5, t5, 0x23b
x30 <- 0xFFFDFFC00800023B

mem[X,0x000000008000193C] -> 0x1F13
mem[X,0x000000008000193E] -> 0x00AF
[1620] [M]: 0x000000008000193C (0x00AF1F13) slli t5, t5, 0xa
x30 <- 0xF7FF00200008EC00

mem[X,0x0000000080001940] -> 0x0F13
mem[X,0x0000000080001942] -> 0x3FFF
[1621] [M]: 0x0000000080001940 (0x3FFF0F13) addi t5, t5, 0x3ff
x30 <- 0xF7FF00200008EFFF

mem[X,0x0000000080001944] -> 0x0EB7
mem[X,0x0000000080001946] -> 0x0003
[1622] [M]: 0x0000000080001944 (0x00030EB7) lui t4, 0x30
x29 <- 0x0000000000030000

mem[X,0x0000000080001948] -> 0x8E93
mem[X,0x000000008000194A] -> 0x002E
[1623] [M]: 0x0000000080001948 (0x002E8E93) addi t4, t4, 0x2
x29 <- 0x0000000000030002

mem[X,0x000000008000194C] -> 0x9E93
mem[X,0x000000008000194E] -> 0x00BE
[1624] [M]: 0x000000008000194C (0x00BE9E93) slli t4, t4, 0xb
x29 <- 0x0000000018001000

mem[X,0x0000000080001950] -> 0x8E93
mem[X,0x0000000080001952] -> 0x7EFE
[1625] [M]: 0x0000000080001950 (0x7EFE8E93) addi t4, t4, 0x7ef
x29 <- 0x00000000180017EF

mem[X,0x0000000080001954] -> 0x9E93
mem[X,0x0000000080001956] -> 0x00BE
[1626] [M]: 0x0000000080001954 (0x00BE9E93) slli t4, t4, 0xb
x29 <- 0x000000C000BF7800

mem[X,0x0000000080001958] -> 0x8E93
mem[X,0x000000008000195A] -> 0x7FFE
[1627] [M]: 0x0000000080001958 (0x7FFE8E93) addi t4, t4, 0x7ff
x29 <- 0x000000C000BF7FFF

mem[X,0x000000008000195C] -> 0x9E93
mem[X,0x000000008000195E] -> 0x00AE
[1628] [M]: 0x000000008000195C (0x00AE9E93) slli t4, t4, 0xa
x29 <- 0x00030002FDFFFC00

mem[X,0x0000000080001960] -> 0x8E93
mem[X,0x0000000080001962] -> 0x3BFE
[1629] [M]: 0x0000000080001960 (0x3BFE8E93) addi t4, t4, 0x3bf
x29 <- 0x00030002FDFFFFBF

mem[X,0x0000000080001964] -> 0x7FBB
mem[X,0x0000000080001966] -> 0x9DDF
[1630] [M]: 0x0000000080001964 (0x9DDF7FBB) pmhraccu.h t6, t5, t4
x31 <- 0x24DE619A6BD47F6D

mem[X,0x0000000080001968] -> 0x3C23
mem[X,0x000000008000196A] -> 0x1BF1
[1631] [M]: 0x0000000080001968 (0x1BF13C23) sd t6, 0x1b8(sp)
mem[0x00000000800043B8] <- 0x24DE619A6BD47F6D

mem[X,0x000000008000196C] -> 0x4F37
mem[X,0x000000008000196E] -> 0x0009
[1632] [M]: 0x000000008000196C (0x00094F37) lui t5, 0x94
x30 <- 0x0000000000094000

mem[X,0x0000000080001970] -> 0x0F13
mem[X,0x0000000080001972] -> 0x000F
[1633] [M]: 0x0000000080001970 (0x000F0F13) addi t5, t5, 0x0
x30 <- 0x0000000000094000

mem[X,0x0000000080001974] -> 0x1F13
mem[X,0x0000000080001976] -> 0x00BF
[1634] [M]: 0x0000000080001974 (0x00BF1F13) slli t5, t5, 0xb
x30 <- 0x000000004A000000

mem[X,0x0000000080001978] -> 0x0F13
mem[X,0x000000008000197A] -> 0x7FFF
[1635] [M]: 0x0000000080001978 (0x7FFF0F13) addi t5, t5, 0x7ff
x30 <- 0x000000004A0007FF

mem[X,0x000000008000197C] -> 0x1F13
mem[X,0x000000008000197E] -> 0x00BF
[1636] [M]: 0x000000008000197C (0x00BF1F13) slli t5, t5, 0xb
x30 <- 0x00000250003FF800

mem[X,0x0000000080001980] -> 0x0F13
mem[X,0x0000000080001982] -> 0x3C0F
[1637] [M]: 0x0000000080001980 (0x3C0F0F13) addi t5, t5, 0x3c0
x30 <- 0x00000250003FFBC0

mem[X,0x0000000080001984] -> 0x1F13
mem[X,0x0000000080001986] -> 0x00AF
[1638] [M]: 0x0000000080001984 (0x00AF1F13) slli t5, t5, 0xa
x30 <- 0x00094000FFEF0000

mem[X,0x0000000080001988] -> 0x0F13
mem[X,0x000000008000198A] -> 0x002F
[1639] [M]: 0x0000000080001988 (0x002F0F13) addi t5, t5, 0x2
x30 <- 0x00094000FFEF0002

mem[X,0x000000008000198C] -> 0x0EB7
mem[X,0x000000008000198E] -> 0x0200
[1640] [M]: 0x000000008000198C (0x02000EB7) lui t4, 0x2000
x29 <- 0x0000000002000000

mem[X,0x0000000080001990] -> 0x8E93
mem[X,0x0000000080001992] -> 0x040E
[1641] [M]: 0x0000000080001990 (0x040E8E93) addi t4, t4, 0x40
x29 <- 0x0000000002000040

mem[X,0x0000000080001994] -> 0x9E93
mem[X,0x0000000080001996] -> 0x00BE
[1642] [M]: 0x0000000080001994 (0x00BE9E93) slli t4, t4, 0xb
x29 <- 0x0000001000020000

mem[X,0x0000000080001998] -> 0x8E93
mem[X,0x000000008000199A] -> 0x77FE
[1643] [M]: 0x0000000080001998 (0x77FE8E93) addi t4, t4, 0x77f
x29 <- 0x000000100002077F

mem[X,0x000000008000199C] -> 0x9E93
mem[X,0x000000008000199E] -> 0x00BE
[1644] [M]: 0x000000008000199C (0x00BE9E93) slli t4, t4, 0xb
x29 <- 0x00008000103BF800

mem[X,0x00000000800019A0] -> 0x8E93
mem[X,0x00000000800019A2] -> 0x7FFE
[1645] [M]: 0x00000000800019A0 (0x7FFE8E93) addi t4, t4, 0x7ff
x29 <- 0x00008000103BFFFF

mem[X,0x00000000800019A4] -> 0x9E93
mem[X,0x00000000800019A6] -> 0x00AE
[1646] [M]: 0x00000000800019A4 (0x00AE9E93) slli t4, t4, 0xa
x29 <- 0x02000040EFFFFC00

mem[X,0x00000000800019A8] -> 0x8E93
mem[X,0x00000000800019AA] -> 0x3FBE
[1647] [M]: 0x00000000800019A8 (0x3FBE8E93) addi t4, t4, 0x3fb
x29 <- 0x02000040EFFFFFFB

mem[X,0x00000000800019AC] -> 0x7FBB
mem[X,0x00000000800019AE] -> 0x9DDF
[1648] [M]: 0x00000000800019AC (0x9DDF7FBB) pmhraccu.h t6, t5, t4
x31 <- 0x24DE61AA5BC37F6F

mem[X,0x00000000800019B0] -> 0x3023
mem[X,0x00000000800019B2] -> 0x1DF1
[1649] [M]: 0x00000000800019B0 (0x1DF13023) sd t6, 0x1c0(sp)
mem[0x00000000800043C0] <- 0x24DE61AA5BC37F6F

mem[X,0x00000000800019B4] -> 0x0F37
mem[X,0x00000000800019B6] -> 0xFBFF
[1650] [M]: 0x00000000800019B4 (0xFBFF0F37) lui t5, -0x4010
x30 <- 0xFFFFFFFFFBFF0000

mem[X,0x00000000800019B8] -> 0x0F13
mem[X,0x00000000800019BA] -> 0x400F
[1651] [M]: 0x00000000800019B8 (0x400F0F13) addi t5, t5, 0x400
x30 <- 0xFFFFFFFFFBFF0400

mem[X,0x00000000800019BC] -> 0x1F13
mem[X,0x00000000800019BE] -> 0x00BF
[1652] [M]: 0x00000000800019BC (0x00BF1F13) slli t5, t5, 0xb
x30 <- 0xFFFFFFDFF8200000

mem[X,0x00000000800019C0] -> 0x0F13
mem[X,0x00000000800019C2] -> 0x2AAF
[1653] [M]: 0x00000000800019C0 (0x2AAF0F13) addi t5, t5, 0x2aa
x30 <- 0xFFFFFFDFF82002AA

mem[X,0x00000000800019C4] -> 0x1F13
mem[X,0x00000000800019C6] -> 0x00BF
[1654] [M]: 0x00000000800019C4 (0x00BF1F13) slli t5, t5, 0xb
x30 <- 0xFFFEFFC100155000

mem[X,0x00000000800019C8] -> 0x0F13
mem[X,0x00000000800019CA] -> 0x57EF
[1655] [M]: 0x00000000800019C8 (0x57EF0F13) addi t5, t5, 0x57e
x30 <- 0xFFFEFFC10015557E

mem[X,0x00000000800019CC] -> 0x1F13
mem[X,0x00000000800019CE] -> 0x00AF
[1656] [M]: 0x00000000800019CC (0x00AF1F13) slli t5, t5, 0xa
x30 <- 0xFBFF04005555F800

mem[X,0x00000000800019D0] -> 0x0F13
mem[X,0x00000000800019D2] -> 0x3FFF
[1657] [M]: 0x00000000800019D0 (0x3FFF0F13) addi t5, t5, 0x3ff
x30 <- 0xFBFF04005555FBFF

mem[X,0x00000000800019D4] -> 0x0EB7
mem[X,0x00000000800019D6] -> 0x0010
[1658] [M]: 0x00000000800019D4 (0x00100EB7) lui t4, 0x100
x29 <- 0x0000000000100000

mem[X,0x00000000800019D8] -> 0x8E93
mem[X,0x00000000800019DA] -> 0x008E
[1659] [M]: 0x00000000800019D8 (0x008E8E93) addi t4, t4, 0x8
x29 <- 0x0000000000100008

mem[X,0x00000000800019DC] -> 0x9E93
mem[X,0x00000000800019DE] -> 0x00BE
[1660] [M]: 0x00000000800019DC (0x00BE9E93) slli t4, t4, 0xb
x29 <- 0x0000000080004000

mem[X,0x00000000800019E0] -> 0x8E93
mem[X,0x00000000800019E2] -> 0x5FFE
[1661] [M]: 0x00000000800019E0 (0x5FFE8E93) addi t4, t4, 0x5ff
x29 <- 0x00000000800045FF

mem[X,0x00000000800019E4] -> 0x9E93
mem[X,0x00000000800019E6] -> 0x00BE
[1662] [M]: 0x00000000800019E4 (0x00BE9E93) slli t4, t4, 0xb
x29 <- 0x00000400022FF800

mem[X,0x00000000800019E8] -> 0x8E93
mem[X,0x00000000800019EA] -> 0x7EAE
[1663] [M]: 0x00000000800019E8 (0x7EAE8E93) addi t4, t4, 0x7ea
x29 <- 0x00000400022FFFEA

mem[X,0x00000000800019EC] -> 0x9E93
mem[X,0x00000000800019EE] -> 0x00AE
[1664] [M]: 0x00000000800019EC (0x00AE9E93) slli t4, t4, 0xa
x29 <- 0x00100008BFFFA800

mem[X,0x00000000800019F0] -> 0x8E93
mem[X,0x00000000800019F2] -> 0x2AAE
[1665] [M]: 0x00000000800019F0 (0x2AAE8E93) addi t4, t4, 0x2aa
x29 <- 0x00100008BFFFAAAA

mem[X,0x00000000800019F4] -> 0x7FBB
mem[X,0x00000000800019F6] -> 0x9DDF
[1666] [M]: 0x00000000800019F4 (0x9DDF7FBB) pmhraccu.h t6, t5, t4
x31 <- 0x24EE61AA9BC2276E

mem[X,0x00000000800019F8] -> 0x3423
mem[X,0x00000000800019FA] -> 0x1DF1
[1667] [M]: 0x00000000800019F8 (0x1DF13423) sd t6, 0x1c8(sp)
mem[0x00000000800043C8] <- 0x24EE61AA9BC2276E

mem[X,0x00000000800019FC] -> 0x0F37
mem[X,0x00000000800019FE] -> 0x0801
[1668] [M]: 0x00000000800019FC (0x08010F37) lui t5, 0x8010
x30 <- 0x0000000008010000

mem[X,0x0000000080001A00] -> 0x0F13
mem[X,0x0000000080001A02] -> 0xFBFF
[1669] [M]: 0x0000000080001A00 (0xFBFF0F13) addi t5, t5, -0x41
x30 <- 0x000000000800FFBF

mem[X,0x0000000080001A04] -> 0x1F13
mem[X,0x0000000080001A06] -> 0x00BF
[1670] [M]: 0x0000000080001A04 (0x00BF1F13) slli t5, t5, 0xb
x30 <- 0x0000004007FDF800

mem[X,0x0000000080001A08] -> 0x0F13
mem[X,0x0000000080001A0A] -> 0x7FFF
[1671] [M]: 0x0000000080001A08 (0x7FFF0F13) addi t5, t5, 0x7ff
x30 <- 0x0000004007FDFFFF

mem[X,0x0000000080001A0C] -> 0x1F13
mem[X,0x0000000080001A0E] -> 0x00BF
[1672] [M]: 0x0000000080001A0C (0x00BF1F13) slli t5, t5, 0xb
x30 <- 0x0002003FEFFFF800

mem[X,0x0000000080001A10] -> 0x0F13
mem[X,0x0000000080001A12] -> 0x700F
[1673] [M]: 0x0000000080001A10 (0x700F0F13) addi t5, t5, 0x700
x30 <- 0x0002003FEFFFFF00

mem[X,0x0000000080001A14] -> 0x1F13
mem[X,0x0000000080001A16] -> 0x00AF
[1674] [M]: 0x0000000080001A14 (0x00AF1F13) slli t5, t5, 0xa
x30 <- 0x0800FFBFFFFC0000

mem[X,0x0000000080001A18] -> 0x0F13
mem[X,0x0000000080001A1A] -> 0x006F
[1675] [M]: 0x0000000080001A18 (0x006F0F13) addi t5, t5, 0x6
x30 <- 0x0800FFBFFFFC0006

mem[X,0x0000000080001A1C] -> 0x0EB7
mem[X,0x0000000080001A1E] -> 0xFF7F
[1676] [M]: 0x0000000080001A1C (0xFF7F0EB7) lui t4, -0x810
x29 <- 0xFFFFFFFFFF7F0000

mem[X,0x0000000080001A20] -> 0x8E93
mem[X,0x0000000080001A22] -> 0x006E
[1677] [M]: 0x0000000080001A20 (0x006E8E93) addi t4, t4, 0x6
x29 <- 0xFFFFFFFFFF7F0006

mem[X,0x0000000080001A24] -> 0x9E93
mem[X,0x0000000080001A26] -> 0x00BE
[1678] [M]: 0x0000000080001A24 (0x00BE9E93) slli t4, t4, 0xb
x29 <- 0xFFFFFFFBF8003000

mem[X,0x0000000080001A28] -> 0x8E93
mem[X,0x0000000080001A2A] -> 0x100E
[1679] [M]: 0x0000000080001A28 (0x100E8E93) addi t4, t4, 0x100
x29 <- 0xFFFFFFFBF8003100

mem[X,0x0000000080001A2C] -> 0x9E93
mem[X,0x0000000080001A2E] -> 0x00BE
[1680] [M]: 0x0000000080001A2C (0x00BE9E93) slli t4, t4, 0xb
x29 <- 0xFFFFDFC001880000

mem[X,0x0000000080001A30] -> 0x8E93
mem[X,0x0000000080001A32] -> 0x03FE
[1681] [M]: 0x0000000080001A30 (0x03FE8E93) addi t4, t4, 0x3f
x29 <- 0xFFFFDFC00188003F

mem[X,0x0000000080001A34] -> 0x9E93
mem[X,0x0000000080001A36] -> 0x00AE
[1682] [M]: 0x0000000080001A34 (0x00AE9E93) slli t4, t4, 0xa
x29 <- 0xFF7F00062000FC00

mem[X,0x0000000080001A38] -> 0x8E93
mem[X,0x0000000080001A3A] -> 0x3EFE
[1683] [M]: 0x0000000080001A38 (0x3EFE8E93) addi t4, t4, 0x3ef
x29 <- 0xFF7F00062000FFEF

mem[X,0x0000000080001A3C] -> 0x7FBB
mem[X,0x0000000080001A3E] -> 0x9DDF
[1684] [M]: 0x0000000080001A3C (0x9DDF7FBB) pmhraccu.h t6, t5, t4
x31 <- 0x2CEA61B0BBC22774

mem[X,0x0000000080001A40] -> 0x3823
mem[X,0x0000000080001A42] -> 0x1DF1
[1685] [M]: 0x0000000080001A40 (0x1DF13823) sd t6, 0x1d0(sp)
mem[0x00000000800043D0] <- 0x2CEA61B0BBC22774

mem[X,0x0000000080001A44] -> 0x0F37
mem[X,0x0000000080001A46] -> 0x0000
[1686] [M]: 0x0000000080001A44 (0x00000F37) lui t5, 0x0
x30 <- 0x0000000000000000

mem[X,0x0000000080001A48] -> 0x0F13
mem[X,0x0000000080001A4A] -> 0xDFFF
[1687] [M]: 0x0000000080001A48 (0xDFFF0F13) addi t5, t5, -0x201
x30 <- 0xFFFFFFFFFFFFFDFF

mem[X,0x0000000080001A4C] -> 0x1F13
mem[X,0x0000000080001A4E] -> 0x00BF
[1688] [M]: 0x0000000080001A4C (0x00BF1F13) slli t5, t5, 0xb
x30 <- 0xFFFFFFFFFFEFF800

mem[X,0x0000000080001A50] -> 0x0F13
mem[X,0x0000000080001A52] -> 0x7FFF
[1689] [M]: 0x0000000080001A50 (0x7FFF0F13) addi t5, t5, 0x7ff
x30 <- 0xFFFFFFFFFFEFFFFF

mem[X,0x0000000080001A54] -> 0x1F13
mem[X,0x0000000080001A56] -> 0x00BF
[1690] [M]: 0x0000000080001A54 (0x00BF1F13) slli t5, t5, 0xb
x30 <- 0xFFFFFFFF7FFFF800

mem[X,0x0000000080001A58] -> 0x0F13
mem[X,0x0000000080001A5A] -> 0x3C0F
[1691] [M]: 0x0000000080001A58 (0x3C0F0F13) addi t5, t5, 0x3c0
x30 <- 0xFFFFFFFF7FFFFBC0

mem[X,0x0000000080001A5C] -> 0x1F13
mem[X,0x0000000080001A5E] -> 0x00AF
[1692] [M]: 0x0000000080001A5C (0x00AF1F13) slli t5, t5, 0xa
x30 <- 0xFFFFFDFFFFEF0000

mem[X,0x0000000080001A60] -> 0x0F13
mem[X,0x0000000080001A62] -> 0x040F
[1693] [M]: 0x0000000080001A60 (0x040F0F13) addi t5, t5, 0x40
x30 <- 0xFFFFFDFFFFEF0040

mem[X,0x0000000080001A64] -> 0x0EB7
mem[X,0x0000000080001A66] -> 0x4000
[1694] [M]: 0x0000000080001A64 (0x40000EB7) lui t4, 0x40000
x29 <- 0x0000000040000000

mem[X,0x0000000080001A68] -> 0x8E93
mem[X,0x0000000080001A6A] -> 0x008E
[1695] [M]: 0x0000000080001A68 (0x008E8E93) addi t4, t4, 0x8
x29 <- 0x0000000040000008

mem[X,0x0000000080001A6C] -> 0x9E93
mem[X,0x0000000080001A6E] -> 0x00BE
[1696] [M]: 0x0000000080001A6C (0x00BE9E93) slli t4, t4, 0xb
x29 <- 0x0000020000004000

mem[X,0x0000000080001A70] -> 0x8E93
mem[X,0x0000000080001A72] -> 0x7FFE
[1697] [M]: 0x0000000080001A70 (0x7FFE8E93) addi t4, t4, 0x7ff
x29 <- 0x00000200000047FF

mem[X,0x0000000080001A74] -> 0x9E93
mem[X,0x0000000080001A76] -> 0x00BE
[1698] [M]: 0x0000000080001A74 (0x00BE9E93) slli t4, t4, 0xb
x29 <- 0x00100000023FF800

mem[X,0x0000000080001A78] -> 0x8E93
mem[X,0x0000000080001A7A] -> 0x740E
[1699] [M]: 0x0000000080001A78 (0x740E8E93) addi t4, t4, 0x740
x29 <- 0x00100000023FFF40

clint::tick mtime <- 0x0000000000000011
 clint timer pending at mtime 0x0000000000000011
htif::tick 0x0000000000000000
mem[X,0x0000000080001A7C] -> 0x9E93
mem[X,0x0000000080001A7E] -> 0x00AE
[1700] [M]: 0x0000000080001A7C (0x00AE9E93) slli t4, t4, 0xa
x29 <- 0x40000008FFFD0000

mem[X,0x0000000080001A80] -> 0x8E93
mem[X,0x0000000080001A82] -> 0x009E
[1701] [M]: 0x0000000080001A80 (0x009E8E93) addi t4, t4, 0x9
x29 <- 0x40000008FFFD0009

mem[X,0x0000000080001A84] -> 0x7FBB
mem[X,0x0000000080001A86] -> 0x9DDF
[1702] [M]: 0x0000000080001A84 (0x9DDF7FBB) pmhraccu.h t6, t5, t4
x31 <- 0x6CEA61B8BBAE2774

mem[X,0x0000000080001A88] -> 0x3C23
mem[X,0x0000000080001A8A] -> 0x1DF1
[1703] [M]: 0x0000000080001A88 (0x1DF13C23) sd t6, 0x1d8(sp)
mem[0x00000000800043D8] <- 0x6CEA61B8BBAE2774

mem[X,0x0000000080001A8C] -> 0xFF37
mem[X,0x0000000080001A8E] -> 0x8000
[1704] [M]: 0x0000000080001A8C (0x8000FF37) lui t5, -0x7fff1
x30 <- 0xFFFFFFFF8000F000

mem[X,0x0000000080001A90] -> 0x0F13
mem[X,0x0000000080001A92] -> 0x7FFF
[1705] [M]: 0x0000000080001A90 (0x7FFF0F13) addi t5, t5, 0x7ff
x30 <- 0xFFFFFFFF8000F7FF

mem[X,0x0000000080001A94] -> 0x1F13
mem[X,0x0000000080001A96] -> 0x00BF
[1706] [M]: 0x0000000080001A94 (0x00BF1F13) slli t5, t5, 0xb
x30 <- 0xFFFFFC0007BFF800

mem[X,0x0000000080001A98] -> 0x0F13
mem[X,0x0000000080001A9A] -> 0x7FFF
[1707] [M]: 0x0000000080001A98 (0x7FFF0F13) addi t5, t5, 0x7ff
x30 <- 0xFFFFFC0007BFFFFF

mem[X,0x0000000080001A9C] -> 0x1F13
mem[X,0x0000000080001A9E] -> 0x00BF
[1708] [M]: 0x0000000080001A9C (0x00BF1F13) slli t5, t5, 0xb
x30 <- 0xFFE0003DFFFFF800

mem[X,0x0000000080001AA0] -> 0x0F13
mem[X,0x0000000080001AA2] -> 0x781F
[1709] [M]: 0x0000000080001AA0 (0x781F0F13) addi t5, t5, 0x781
x30 <- 0xFFE0003DFFFFFF81

mem[X,0x0000000080001AA4] -> 0x1F13
mem[X,0x0000000080001AA6] -> 0x00AF
[1710] [M]: 0x0000000080001AA4 (0x00AF1F13) slli t5, t5, 0xa
x30 <- 0x8000F7FFFFFE0400

mem[X,0x0000000080001AA8] -> 0x0EB7
mem[X,0x0000000080001AAA] -> 0x0100
[1711] [M]: 0x0000000080001AA8 (0x01000EB7) lui t4, 0x1000
x29 <- 0x0000000001000000

mem[X,0x0000000080001AAC] -> 0x8E93
mem[X,0x0000000080001AAE] -> 0x002E
[1712] [M]: 0x0000000080001AAC (0x002E8E93) addi t4, t4, 0x2
x29 <- 0x0000000001000002

mem[X,0x0000000080001AB0] -> 0x9E93
mem[X,0x0000000080001AB2] -> 0x00BE
[1713] [M]: 0x0000000080001AB0 (0x00BE9E93) slli t4, t4, 0xb
x29 <- 0x0000000800001000

mem[X,0x0000000080001AB4] -> 0x8E93
mem[X,0x0000000080001AB6] -> 0x020E
[1714] [M]: 0x0000000080001AB4 (0x020E8E93) addi t4, t4, 0x20
x29 <- 0x0000000800001020

mem[X,0x0000000080001AB8] -> 0x9E93
mem[X,0x0000000080001ABA] -> 0x00BE
[1715] [M]: 0x0000000080001AB8 (0x00BE9E93) slli t4, t4, 0xb
x29 <- 0x0000400000810000

mem[X,0x0000000080001ABC] -> 0x8E93
mem[X,0x0000000080001ABE] -> 0x03FE
[1716] [M]: 0x0000000080001ABC (0x03FE8E93) addi t4, t4, 0x3f
x29 <- 0x000040000081003F

mem[X,0x0000000080001AC0] -> 0x9E93
mem[X,0x0000000080001AC2] -> 0x00AE
[1717] [M]: 0x0000000080001AC0 (0x00AE9E93) slli t4, t4, 0xa
x29 <- 0x010000020400FC00

mem[X,0x0000000080001AC4] -> 0x8E93
mem[X,0x0000000080001AC6] -> 0x3EFE
[1718] [M]: 0x0000000080001AC4 (0x3EFE8E93) addi t4, t4, 0x3ef
x29 <- 0x010000020400FFEF

mem[X,0x0000000080001AC8] -> 0x7FBB
mem[X,0x0000000080001ACA] -> 0x9DDF
[1719] [M]: 0x0000000080001AC8 (0x9DDF7FBB) pmhraccu.h t6, t5, t4
x31 <- 0x6D6A61BABFAE2B74

mem[X,0x0000000080001ACC] -> 0x3023
mem[X,0x0000000080001ACE] -> 0x1FF1
[1720] [M]: 0x0000000080001ACC (0x1FF13023) sd t6, 0x1e0(sp)
mem[0x00000000800043E0] <- 0x6D6A61BABFAE2B74

mem[X,0x0000000080001AD0] -> 0x0F37
mem[X,0x0000000080001AD2] -> 0x4000
[1721] [M]: 0x0000000080001AD0 (0x40000F37) lui t5, 0x40000
x30 <- 0x0000000040000000

mem[X,0x0000000080001AD4] -> 0x0F13
mem[X,0x0000000080001AD6] -> 0xFF9F
[1722] [M]: 0x0000000080001AD4 (0xFF9F0F13) addi t5, t5, -0x7
x30 <- 0x000000003FFFFFF9

mem[X,0x0000000080001AD8] -> 0x1F13
mem[X,0x0000000080001ADA] -> 0x00BF
[1723] [M]: 0x0000000080001AD8 (0x00BF1F13) slli t5, t5, 0xb
x30 <- 0x000001FFFFFFC800

mem[X,0x0000000080001ADC] -> 0x0F13
mem[X,0x0000000080001ADE] -> 0x7FEF
[1724] [M]: 0x0000000080001ADC (0x7FEF0F13) addi t5, t5, 0x7fe
x30 <- 0x000001FFFFFFCFFE

mem[X,0x0000000080001AE0] -> 0x1F13
mem[X,0x0000000080001AE2] -> 0x00BF
[1725] [M]: 0x0000000080001AE0 (0x00BF1F13) slli t5, t5, 0xb
x30 <- 0x000FFFFFFE7FF000

mem[X,0x0000000080001AE4] -> 0x0F13
mem[X,0x0000000080001AE6] -> 0x7C0F
[1726] [M]: 0x0000000080001AE4 (0x7C0F0F13) addi t5, t5, 0x7c0
x30 <- 0x000FFFFFFE7FF7C0

mem[X,0x0000000080001AE8] -> 0x1F13
mem[X,0x0000000080001AEA] -> 0x00AF
[1727] [M]: 0x0000000080001AE8 (0x00AF1F13) slli t5, t5, 0xa
x30 <- 0x3FFFFFF9FFDF0000

mem[X,0x0000000080001AEC] -> 0x0F13
mem[X,0x0000000080001AEE] -> 0x004F
[1728] [M]: 0x0000000080001AEC (0x004F0F13) addi t5, t5, 0x4
x30 <- 0x3FFFFFF9FFDF0004

mem[X,0x0000000080001AF0] -> 0x1EB7
mem[X,0x0000000080001AF2] -> 0x4000
[1729] [M]: 0x0000000080001AF0 (0x40001EB7) lui t4, 0x40001
x29 <- 0x0000000040001000

mem[X,0x0000000080001AF4] -> 0x8E93
mem[X,0x0000000080001AF6] -> 0x800E
[1730] [M]: 0x0000000080001AF4 (0x800E8E93) addi t4, t4, -0x800
x29 <- 0x0000000040000800

mem[X,0x0000000080001AF8] -> 0x9E93
mem[X,0x0000000080001AFA] -> 0x00BE
[1731] [M]: 0x0000000080001AF8 (0x00BE9E93) slli t4, t4, 0xb
x29 <- 0x0000020000400000

mem[X,0x0000000080001AFC] -> 0x8E93
mem[X,0x0000000080001AFE] -> 0x6FFE
[1732] [M]: 0x0000000080001AFC (0x6FFE8E93) addi t4, t4, 0x6ff
x29 <- 0x00000200004006FF

mem[X,0x0000000080001B00] -> 0x9E93
mem[X,0x0000000080001B02] -> 0x00BE
[1733] [M]: 0x0000000080001B00 (0x00BE9E93) slli t4, t4, 0xb
x29 <- 0x001000020037F800

mem[X,0x0000000080001B04] -> 0x8E93
mem[X,0x0000000080001B06] -> 0x7E0E
[1734] [M]: 0x0000000080001B04 (0x7E0E8E93) addi t4, t4, 0x7e0
x29 <- 0x001000020037FFE0

mem[X,0x0000000080001B08] -> 0x9E93
mem[X,0x0000000080001B0A] -> 0x00AE
[1735] [M]: 0x0000000080001B08 (0x00AE9E93) slli t4, t4, 0xa
x29 <- 0x40000800DFFF8000

mem[X,0x0000000080001B0C] -> 0x7FBB
mem[X,0x0000000080001B0E] -> 0x9DDF
[1736] [M]: 0x0000000080001B0C (0x9DDF7FBB) pmhraccu.h t6, t5, t4
x31 <- 0x7D6A69BA9F902B76

mem[X,0x0000000080001B10] -> 0x3423
mem[X,0x0000000080001B12] -> 0x1FF1
[1737] [M]: 0x0000000080001B10 (0x1FF13423) sd t6, 0x1e8(sp)
mem[0x00000000800043E8] <- 0x7D6A69BA9F902B76

mem[X,0x0000000080001B14] -> 0x0F37
mem[X,0x0000000080001B16] -> 0xFFFF
[1738] [M]: 0x0000000080001B14 (0xFFFF0F37) lui t5, -0x10
x30 <- 0xFFFFFFFFFFFF0000

mem[X,0x0000000080001B18] -> 0x0F13
mem[X,0x0000000080001B1A] -> 0xFFDF
[1739] [M]: 0x0000000080001B18 (0xFFDF0F13) addi t5, t5, -0x3
x30 <- 0xFFFFFFFFFFFEFFFD

mem[X,0x0000000080001B1C] -> 0x1F13
mem[X,0x0000000080001B1E] -> 0x00BF
[1740] [M]: 0x0000000080001B1C (0x00BF1F13) slli t5, t5, 0xb
x30 <- 0xFFFFFFFFF7FFE800

mem[X,0x0000000080001B20] -> 0x0F13
mem[X,0x0000000080001B22] -> 0x600F
[1741] [M]: 0x0000000080001B20 (0x600F0F13) addi t5, t5, 0x600
x30 <- 0xFFFFFFFFF7FFEE00

mem[X,0x0000000080001B24] -> 0x1F13
mem[X,0x0000000080001B26] -> 0x00BF
[1742] [M]: 0x0000000080001B24 (0x00BF1F13) slli t5, t5, 0xb
x30 <- 0xFFFFFFBFFF700000

mem[X,0x0000000080001B28] -> 0x0F13
mem[X,0x0000000080001B2A] -> 0x000F
[1743] [M]: 0x0000000080001B28 (0x000F0F13) addi t5, t5, 0x0
x30 <- 0xFFFFFFBFFF700000

mem[X,0x0000000080001B2C] -> 0x1F13
mem[X,0x0000000080001B2E] -> 0x00AF
[1744] [M]: 0x0000000080001B2C (0x00AF1F13) slli t5, t5, 0xa
x30 <- 0xFFFEFFFDC0000000

mem[X,0x0000000080001B30] -> 0x0F13
mem[X,0x0000000080001B32] -> 0x020F
[1745] [M]: 0x0000000080001B30 (0x020F0F13) addi t5, t5, 0x20
x30 <- 0xFFFEFFFDC0000020

mem[X,0x0000000080001B34] -> 0x0EB7
mem[X,0x0000000080001B36] -> 0x0201
[1746] [M]: 0x0000000080001B34 (0x02010EB7) lui t4, 0x2010
x29 <- 0x0000000002010000

mem[X,0x0000000080001B38] -> 0x8E93
mem[X,0x0000000080001B3A] -> 0xFFBE
[1747] [M]: 0x0000000080001B38 (0xFFBE8E93) addi t4, t4, -0x5
x29 <- 0x000000000200FFFB

mem[X,0x0000000080001B3C] -> 0x9E93
mem[X,0x0000000080001B3E] -> 0x00BE
[1748] [M]: 0x0000000080001B3C (0x00BE9E93) slli t4, t4, 0xb
x29 <- 0x0000001007FFD800

mem[X,0x0000000080001B40] -> 0x8E93
mem[X,0x0000000080001B42] -> 0x000E
[1749] [M]: 0x0000000080001B40 (0x000E8E93) addi t4, t4, 0x0
x29 <- 0x0000001007FFD800

mem[X,0x0000000080001B44] -> 0x9E93
mem[X,0x0000000080001B46] -> 0x00BE
[1750] [M]: 0x0000000080001B44 (0x00BE9E93) slli t4, t4, 0xb
x29 <- 0x0000803FFEC00000

mem[X,0x0000000080001B48] -> 0x8E93
mem[X,0x0000000080001B4A] -> 0x201E
[1751] [M]: 0x0000000080001B48 (0x201E8E93) addi t4, t4, 0x201
x29 <- 0x0000803FFEC00201

mem[X,0x0000000080001B4C] -> 0x9E93
mem[X,0x0000000080001B4E] -> 0x00AE
[1752] [M]: 0x0000000080001B4C (0x00AE9E93) slli t4, t4, 0xa
x29 <- 0x0200FFFB00080400

mem[X,0x0000000080001B50] -> 0x7FBB
mem[X,0x0000000080001B52] -> 0x9DDF
[1753] [M]: 0x0000000080001B50 (0x9DDF7FBB) pmhraccu.h t6, t5, t4
x31 <- 0x7F6A69B29F962B77

mem[X,0x0000000080001B54] -> 0x3823
mem[X,0x0000000080001B56] -> 0x1FF1
[1754] [M]: 0x0000000080001B54 (0x1FF13823) sd t6, 0x1f0(sp)
mem[0x00000000800043F0] <- 0x7F6A69B29F962B77

mem[X,0x0000000080001B58] -> 0x0F37
mem[X,0x0000000080001B5A] -> 0x0000
[1755] [M]: 0x0000000080001B58 (0x00000F37) lui t5, 0x0
x30 <- 0x0000000000000000

mem[X,0x0000000080001B5C] -> 0x0F13
mem[X,0x0000000080001B5E] -> 0x007F
[1756] [M]: 0x0000000080001B5C (0x007F0F13) addi t5, t5, 0x7
x30 <- 0x0000000000000007

mem[X,0x0000000080001B60] -> 0x1F13
mem[X,0x0000000080001B62] -> 0x00BF
[1757] [M]: 0x0000000080001B60 (0x00BF1F13) slli t5, t5, 0xb
x30 <- 0x0000000000003800

mem[X,0x0000000080001B64] -> 0x0F13
mem[X,0x0000000080001B66] -> 0x7FFF
[1758] [M]: 0x0000000080001B64 (0x7FFF0F13) addi t5, t5, 0x7ff
x30 <- 0x0000000000003FFF

mem[X,0x0000000080001B68] -> 0x1F13
mem[X,0x0000000080001B6A] -> 0x00BF
[1759] [M]: 0x0000000080001B68 (0x00BF1F13) slli t5, t5, 0xb
x30 <- 0x0000000001FFF800

mem[X,0x0000000080001B6C] -> 0x0F13
mem[X,0x0000000080001B6E] -> 0x6C0F
[1760] [M]: 0x0000000080001B6C (0x6C0F0F13) addi t5, t5, 0x6c0
x30 <- 0x0000000001FFFEC0

mem[X,0x0000000080001B70] -> 0x1F13
mem[X,0x0000000080001B72] -> 0x00AF
[1761] [M]: 0x0000000080001B70 (0x00AF1F13) slli t5, t5, 0xa
x30 <- 0x00000007FFFB0000

mem[X,0x0000000080001B74] -> 0x0F13
mem[X,0x0000000080001B76] -> 0x004F
[1762] [M]: 0x0000000080001B74 (0x004F0F13) addi t5, t5, 0x4
x30 <- 0x00000007FFFB0004

mem[X,0x0000000080001B78] -> 0x0EB7
mem[X,0x0000000080001B7A] -> 0x2001
[1763] [M]: 0x0000000080001B78 (0x20010EB7) lui t4, 0x20010
x29 <- 0x0000000020010000

mem[X,0x0000000080001B7C] -> 0x8E93
mem[X,0x0000000080001B7E] -> 0xF7FE
[1764] [M]: 0x0000000080001B7C (0xF7FE8E93) addi t4, t4, -0x81
x29 <- 0x000000002000FF7F

mem[X,0x0000000080001B80] -> 0x9E93
mem[X,0x0000000080001B82] -> 0x00BE
[1765] [M]: 0x0000000080001B80 (0x00BE9E93) slli t4, t4, 0xb
x29 <- 0x0000010007FBF800

mem[X,0x0000000080001B84] -> 0x8E93
mem[X,0x0000000080001B86] -> 0x600E
[1766] [M]: 0x0000000080001B84 (0x600E8E93) addi t4, t4, 0x600
x29 <- 0x0000010007FBFE00

mem[X,0x0000000080001B88] -> 0x9E93
mem[X,0x0000000080001B8A] -> 0x00BE
[1767] [M]: 0x0000000080001B88 (0x00BE9E93) slli t4, t4, 0xb
x29 <- 0x0008003FDFF00000

mem[X,0x0000000080001B8C] -> 0x8E93
mem[X,0x0000000080001B8E] -> 0x001E
[1768] [M]: 0x0000000080001B8C (0x001E8E93) addi t4, t4, 0x1
x29 <- 0x0008003FDFF00001

mem[X,0x0000000080001B90] -> 0x9E93
mem[X,0x0000000080001B92] -> 0x00AE
[1769] [M]: 0x0000000080001B90 (0x00AE9E93) slli t4, t4, 0xa
x29 <- 0x2000FF7FC0000400

mem[X,0x0000000080001B94] -> 0x7FBB
mem[X,0x0000000080001B96] -> 0x9DDF
[1770] [M]: 0x0000000080001B94 (0x9DDF7FBB) pmhraccu.h t6, t5, t4
x31 <- 0x7F6A69B95F922B77

mem[X,0x0000000080001B98] -> 0x3C23
mem[X,0x0000000080001B9A] -> 0x1FF1
[1771] [M]: 0x0000000080001B98 (0x1FF13C23) sd t6, 0x1f8(sp)
mem[0x00000000800043F8] <- 0x7F6A69B95F922B77

mem[X,0x0000000080001B9C] -> 0x0F37
mem[X,0x0000000080001B9E] -> 0xE000
[1772] [M]: 0x0000000080001B9C (0xE0000F37) lui t5, -0x20000
x30 <- 0xFFFFFFFFE0000000

mem[X,0x0000000080001BA0] -> 0x0F13
mem[X,0x0000000080001BA2] -> 0xFFCF
[1773] [M]: 0x0000000080001BA0 (0xFFCF0F13) addi t5, t5, -0x4
x30 <- 0xFFFFFFFFDFFFFFFC

mem[X,0x0000000080001BA4] -> 0x1F13
mem[X,0x0000000080001BA6] -> 0x00BF
[1774] [M]: 0x0000000080001BA4 (0x00BF1F13) slli t5, t5, 0xb
x30 <- 0xFFFFFEFFFFFFE000

mem[X,0x0000000080001BA8] -> 0x0F13
mem[X,0x0000000080001BAA] -> 0x7FFF
[1775] [M]: 0x0000000080001BA8 (0x7FFF0F13) addi t5, t5, 0x7ff
x30 <- 0xFFFFFEFFFFFFE7FF

mem[X,0x0000000080001BAC] -> 0x1F13
mem[X,0x0000000080001BAE] -> 0x00BF
[1776] [M]: 0x0000000080001BAC (0x00BF1F13) slli t5, t5, 0xb
x30 <- 0xFFF7FFFFFF3FF800

mem[X,0x0000000080001BB0] -> 0x0F13
mem[X,0x0000000080001BB2] -> 0x5FBF
[1777] [M]: 0x0000000080001BB0 (0x5FBF0F13) addi t5, t5, 0x5fb
x30 <- 0xFFF7FFFFFF3FFDFB

mem[X,0x0000000080001BB4] -> 0x1F13
mem[X,0x0000000080001BB6] -> 0x00AF
[1778] [M]: 0x0000000080001BB4 (0x00AF1F13) slli t5, t5, 0xa
x30 <- 0xDFFFFFFCFFF7EC00

mem[X,0x0000000080001BB8] -> 0x0F13
mem[X,0x0000000080001BBA] -> 0x3FFF
[1779] [M]: 0x0000000080001BB8 (0x3FFF0F13) addi t5, t5, 0x3ff
x30 <- 0xDFFFFFFCFFF7EFFF

mem[X,0x0000000080001BBC] -> 0x0EB7
mem[X,0x0000000080001BBE] -> 0x0002
[1780] [M]: 0x0000000080001BBC (0x00020EB7) lui t4, 0x20
x29 <- 0x0000000000020000

mem[X,0x0000000080001BC0] -> 0x8E93
mem[X,0x0000000080001BC2] -> 0xFDFE
[1781] [M]: 0x0000000080001BC0 (0xFDFE8E93) addi t4, t4, -0x21
x29 <- 0x000000000001FFDF

mem[X,0x0000000080001BC4] -> 0x9E93
mem[X,0x0000000080001BC6] -> 0x00BE
[1782] [M]: 0x0000000080001BC4 (0x00BE9E93) slli t4, t4, 0xb
x29 <- 0x000000000FFEF800

mem[X,0x0000000080001BC8] -> 0x8E93
mem[X,0x0000000080001BCA] -> 0x000E
[1783] [M]: 0x0000000080001BC8 (0x000E8E93) addi t4, t4, 0x0
x29 <- 0x000000000FFEF800

mem[X,0x0000000080001BCC] -> 0x9E93
mem[X,0x0000000080001BCE] -> 0x00BE
[1784] [M]: 0x0000000080001BCC (0x00BE9E93) slli t4, t4, 0xb
x29 <- 0x0000007FF7C00000

mem[X,0x0000000080001BD0] -> 0x8E93
mem[X,0x0000000080001BD2] -> 0x108E
[1785] [M]: 0x0000000080001BD0 (0x108E8E93) addi t4, t4, 0x108
x29 <- 0x0000007FF7C00108

mem[X,0x0000000080001BD4] -> 0x9E93
mem[X,0x0000000080001BD6] -> 0x00AE
[1786] [M]: 0x0000000080001BD4 (0x00AE9E93) slli t4, t4, 0xa
x29 <- 0x0001FFDF00042000

mem[X,0x0000000080001BD8] -> 0x7FBB
mem[X,0x0000000080001BDA] -> 0x9DDF
[1787] [M]: 0x0000000080001BD8 (0x9DDF7FBB) pmhraccu.h t6, t5, t4
x31 <- 0x7F6B69945F964977

mem[X,0x0000000080001BDC] -> 0x3023
mem[X,0x0000000080001BDE] -> 0x21F1
[1788] [M]: 0x0000000080001BDC (0x21F13023) sd t6, 0x200(sp)
mem[0x0000000080004400] <- 0x7F6B69945F964977

mem[X,0x0000000080001BE0] -> 0xBF37
mem[X,0x0000000080001BE2] -> 0xFFF8
[1789] [M]: 0x0000000080001BE0 (0xFFF8BF37) lui t5, -0x75
x30 <- 0xFFFFFFFFFFF8B000

mem[X,0x0000000080001BE4] -> 0x0F13
mem[X,0x0000000080001BE6] -> 0xAAAF
[1790] [M]: 0x0000000080001BE4 (0xAAAF0F13) addi t5, t5, -0x556
x30 <- 0xFFFFFFFFFFF8AAAA

mem[X,0x0000000080001BE8] -> 0x1F13
mem[X,0x0000000080001BEA] -> 0x00BF
[1791] [M]: 0x0000000080001BE8 (0x00BF1F13) slli t5, t5, 0xb
x30 <- 0xFFFFFFFFC5555000

mem[X,0x0000000080001BEC] -> 0x0F13
mem[X,0x0000000080001BEE] -> 0x5FFF
[1792] [M]: 0x0000000080001BEC (0x5FFF0F13) addi t5, t5, 0x5ff
x30 <- 0xFFFFFFFFC55555FF

mem[X,0x0000000080001BF0] -> 0x1F13
mem[X,0x0000000080001BF2] -> 0x00BF
[1793] [M]: 0x0000000080001BF0 (0x00BF1F13) slli t5, t5, 0xb
x30 <- 0xFFFFFE2AAAAFF800

mem[X,0x0000000080001BF4] -> 0x0F13
mem[X,0x0000000080001BF6] -> 0x7FFF
[1794] [M]: 0x0000000080001BF4 (0x7FFF0F13) addi t5, t5, 0x7ff
x30 <- 0xFFFFFE2AAAAFFFFF

mem[X,0x0000000080001BF8] -> 0x1F13
mem[X,0x0000000080001BFA] -> 0x00AF
[1795] [M]: 0x0000000080001BF8 (0x00AF1F13) slli t5, t5, 0xa
x30 <- 0xFFF8AAAABFFFFC00

mem[X,0x0000000080001BFC] -> 0x0F13
mem[X,0x0000000080001BFE] -> 0x3F8F
[1796] [M]: 0x0000000080001BFC (0x3F8F0F13) addi t5, t5, 0x3f8
x30 <- 0xFFF8AAAABFFFFFF8

mem[X,0x0000000080001C00] -> 0xBEB7
mem[X,0x0000000080001C02] -> 0xFFFC
[1797] [M]: 0x0000000080001C00 (0xFFFCBEB7) lui t4, -0x35
x29 <- 0xFFFFFFFFFFFCB000

mem[X,0x0000000080001C04] -> 0x8E93
mem[X,0x0000000080001C06] -> 0xAAAE
[1798] [M]: 0x0000000080001C04 (0xAAAE8E93) addi t4, t4, -0x556
x29 <- 0xFFFFFFFFFFFCAAAA

mem[X,0x0000000080001C08] -> 0x9E93
mem[X,0x0000000080001C0A] -> 0x00BE
[1799] [M]: 0x0000000080001C08 (0x00BE9E93) slli t4, t4, 0xb
x29 <- 0xFFFFFFFFE5555000

clint::tick mtime <- 0x0000000000000012
 clint timer pending at mtime 0x0000000000000012
htif::tick 0x0000000000000000
mem[X,0x0000000080001C0C] -> 0x8E93
mem[X,0x0000000080001C0E] -> 0x2AAE
[1800] [M]: 0x0000000080001C0C (0x2AAE8E93) addi t4, t4, 0x2aa
x29 <- 0xFFFFFFFFE55552AA

mem[X,0x0000000080001C10] -> 0x9E93
mem[X,0x0000000080001C12] -> 0x00BE
[1801] [M]: 0x0000000080001C10 (0x00BE9E93) slli t4, t4, 0xb
x29 <- 0xFFFFFF2AAA955000

mem[X,0x0000000080001C14] -> 0x8E93
mem[X,0x0000000080001C16] -> 0x57FE
[1802] [M]: 0x0000000080001C14 (0x57FE8E93) addi t4, t4, 0x57f
x29 <- 0xFFFFFF2AAA95557F

mem[X,0x0000000080001C18] -> 0x9E93
mem[X,0x0000000080001C1A] -> 0x00AE
[1803] [M]: 0x0000000080001C18 (0x00AE9E93) slli t4, t4, 0xa
x29 <- 0xFFFCAAAA5555FC00

mem[X,0x0000000080001C1C] -> 0x8E93
mem[X,0x0000000080001C1E] -> 0x3DFE
[1804] [M]: 0x0000000080001C1C (0x3DFE8E93) addi t4, t4, 0x3df
x29 <- 0xFFFCAAAA5555FFDF

mem[X,0x0000000080001C20] -> 0x7FBB
mem[X,0x0000000080001C22] -> 0x9DDF
[1805] [M]: 0x0000000080001C20 (0x9DDF7FBB) pmhraccu.h t6, t5, t4
x31 <- 0x7F5FDB5A9F95494E

mem[X,0x0000000080001C24] -> 0x3423
mem[X,0x0000000080001C26] -> 0x21F1
[1806] [M]: 0x0000000080001C24 (0x21F13423) sd t6, 0x208(sp)
mem[0x0000000080004408] <- 0x7F5FDB5A9F95494E

mem[X,0x0000000080001C28] -> 0x1F37
mem[X,0x0000000080001C2A] -> 0x0200
[1807] [M]: 0x0000000080001C28 (0x02001F37) lui t5, 0x2001
x30 <- 0x0000000002001000

mem[X,0x0000000080001C2C] -> 0x0F13
mem[X,0x0000000080001C2E] -> 0x000F
[1808] [M]: 0x0000000080001C2C (0x000F0F13) addi t5, t5, 0x0
x30 <- 0x0000000002001000

mem[X,0x0000000080001C30] -> 0x1F13
mem[X,0x0000000080001C32] -> 0x00BF
[1809] [M]: 0x0000000080001C30 (0x00BF1F13) slli t5, t5, 0xb
x30 <- 0x0000001000800000

mem[X,0x0000000080001C34] -> 0x0F13
mem[X,0x0000000080001C36] -> 0x7FFF
[1810] [M]: 0x0000000080001C34 (0x7FFF0F13) addi t5, t5, 0x7ff
x30 <- 0x00000010008007FF

mem[X,0x0000000080001C38] -> 0x1F13
mem[X,0x0000000080001C3A] -> 0x00BF
[1811] [M]: 0x0000000080001C38 (0x00BF1F13) slli t5, t5, 0xb
x30 <- 0x00008004003FF800

mem[X,0x0000000080001C3C] -> 0x0F13
mem[X,0x0000000080001C3E] -> 0x67FF
[1812] [M]: 0x0000000080001C3C (0x67FF0F13) addi t5, t5, 0x67f
x30 <- 0x00008004003FFE7F

mem[X,0x0000000080001C40] -> 0x1F13
mem[X,0x0000000080001C42] -> 0x00AF
[1813] [M]: 0x0000000080001C40 (0x00AF1F13) slli t5, t5, 0xa
x30 <- 0x02001000FFF9FC00

mem[X,0x0000000080001C44] -> 0x0F13
mem[X,0x0000000080001C46] -> 0x1FFF
[1814] [M]: 0x0000000080001C44 (0x1FFF0F13) addi t5, t5, 0x1ff
x30 <- 0x02001000FFF9FDFF

mem[X,0x0000000080001C48] -> 0x0EB7
mem[X,0x0000000080001C4A] -> 0xFFFF
[1815] [M]: 0x0000000080001C48 (0xFFFF0EB7) lui t4, -0x10
x29 <- 0xFFFFFFFFFFFF0000

mem[X,0x0000000080001C4C] -> 0x8E93
mem[X,0x0000000080001C4E] -> 0xFF6E
[1816] [M]: 0x0000000080001C4C (0xFF6E8E93) addi t4, t4, -0xa
x29 <- 0xFFFFFFFFFFFEFFF6

mem[X,0x0000000080001C50] -> 0x9E93
mem[X,0x0000000080001C52] -> 0x00BE
[1817] [M]: 0x0000000080001C50 (0x00BE9E93) slli t4, t4, 0xb
x29 <- 0xFFFFFFFFF7FFB000

mem[X,0x0000000080001C54] -> 0x8E93
mem[X,0x0000000080001C56] -> 0x7FDE
[1818] [M]: 0x0000000080001C54 (0x7FDE8E93) addi t4, t4, 0x7fd
x29 <- 0xFFFFFFFFF7FFB7FD

mem[X,0x0000000080001C58] -> 0x9E93
mem[X,0x0000000080001C5A] -> 0x00BE
[1819] [M]: 0x0000000080001C58 (0x00BE9E93) slli t4, t4, 0xb
x29 <- 0xFFFFFFBFFDBFE800

mem[X,0x0000000080001C5C] -> 0x8E93
mem[X,0x0000000080001C5E] -> 0x7FDE
[1820] [M]: 0x0000000080001C5C (0x7FDE8E93) addi t4, t4, 0x7fd
x29 <- 0xFFFFFFBFFDBFEFFD

mem[X,0x0000000080001C60] -> 0x9E93
mem[X,0x0000000080001C62] -> 0x00AE
[1821] [M]: 0x0000000080001C60 (0x00AE9E93) slli t4, t4, 0xa
x29 <- 0xFFFEFFF6FFBFF400

mem[X,0x0000000080001C64] -> 0x8E93
mem[X,0x0000000080001C66] -> 0x3FFE
[1822] [M]: 0x0000000080001C64 (0x3FFE8E93) addi t4, t4, 0x3ff
x29 <- 0xFFFEFFF6FFBFF7FF

mem[X,0x0000000080001C68] -> 0x7FBB
mem[X,0x0000000080001C6A] -> 0x9DDF
[1823] [M]: 0x0000000080001C68 (0x9DDF7FBB) pmhraccu.h t6, t5, t4
x31 <- 0x815FEB599F4D3F5C

mem[X,0x0000000080001C6C] -> 0x3823
mem[X,0x0000000080001C6E] -> 0x21F1
[1824] [M]: 0x0000000080001C6C (0x21F13823) sd t6, 0x210(sp)
mem[0x0000000080004410] <- 0x815FEB599F4D3F5C

mem[X,0x0000000080001C70] -> 0x0F37
mem[X,0x0000000080001C72] -> 0x8000
[1825] [M]: 0x0000000080001C70 (0x80000F37) lui t5, -0x80000
x30 <- 0xFFFFFFFF80000000

mem[X,0x0000000080001C74] -> 0x0F13
mem[X,0x0000000080001C76] -> 0xFFBF
[1826] [M]: 0x0000000080001C74 (0xFFBF0F13) addi t5, t5, -0x5
x30 <- 0xFFFFFFFF7FFFFFFB

mem[X,0x0000000080001C78] -> 0x1F13
mem[X,0x0000000080001C7A] -> 0x00BF
[1827] [M]: 0x0000000080001C78 (0x00BF1F13) slli t5, t5, 0xb
x30 <- 0xFFFFFBFFFFFFD800

mem[X,0x0000000080001C7C] -> 0x0F13
mem[X,0x0000000080001C7E] -> 0x600F
[1828] [M]: 0x0000000080001C7C (0x600F0F13) addi t5, t5, 0x600
x30 <- 0xFFFFFBFFFFFFDE00

mem[X,0x0000000080001C80] -> 0x1F13
mem[X,0x0000000080001C82] -> 0x00BF
[1829] [M]: 0x0000000080001C80 (0x00BF1F13) slli t5, t5, 0xb
x30 <- 0xFFDFFFFFFEF00000

mem[X,0x0000000080001C84] -> 0x0F13
mem[X,0x0000000080001C86] -> 0x000F
[1830] [M]: 0x0000000080001C84 (0x000F0F13) addi t5, t5, 0x0
x30 <- 0xFFDFFFFFFEF00000

mem[X,0x0000000080001C88] -> 0x1F13
mem[X,0x0000000080001C8A] -> 0x00AF
[1831] [M]: 0x0000000080001C88 (0x00AF1F13) slli t5, t5, 0xa
x30 <- 0x7FFFFFFBC0000000

mem[X,0x0000000080001C8C] -> 0x0F13
mem[X,0x0000000080001C8E] -> 0x008F
[1832] [M]: 0x0000000080001C8C (0x008F0F13) addi t5, t5, 0x8
x30 <- 0x7FFFFFFBC0000008

mem[X,0x0000000080001C90] -> 0x0EB7
mem[X,0x0000000080001C92] -> 0xC001
[1833] [M]: 0x0000000080001C90 (0xC0010EB7) lui t4, -0x3fff0
x29 <- 0xFFFFFFFFC0010000

mem[X,0x0000000080001C94] -> 0x8E93
mem[X,0x0000000080001C96] -> 0xFEFE
[1834] [M]: 0x0000000080001C94 (0xFEFE8E93) addi t4, t4, -0x11
x29 <- 0xFFFFFFFFC000FFEF

mem[X,0x0000000080001C98] -> 0x9E93
mem[X,0x0000000080001C9A] -> 0x00BE
[1835] [M]: 0x0000000080001C98 (0x00BE9E93) slli t4, t4, 0xb
x29 <- 0xFFFFFE0007FF7800

mem[X,0x0000000080001C9C] -> 0x8E93
mem[X,0x0000000080001C9E] -> 0x7FFE
[1836] [M]: 0x0000000080001C9C (0x7FFE8E93) addi t4, t4, 0x7ff
x29 <- 0xFFFFFE0007FF7FFF

mem[X,0x0000000080001CA0] -> 0x9E93
mem[X,0x0000000080001CA2] -> 0x00BE
[1837] [M]: 0x0000000080001CA0 (0x00BE9E93) slli t4, t4, 0xb
x29 <- 0xFFF0003FFBFFF800

mem[X,0x0000000080001CA4] -> 0x8E93
mem[X,0x0000000080001CA6] -> 0x700E
[1838] [M]: 0x0000000080001CA4 (0x700E8E93) addi t4, t4, 0x700
x29 <- 0xFFF0003FFBFFFF00

mem[X,0x0000000080001CA8] -> 0x9E93
mem[X,0x0000000080001CAA] -> 0x00AE
[1839] [M]: 0x0000000080001CA8 (0x00AE9E93) slli t4, t4, 0xa
x29 <- 0xC000FFEFFFFC0000

mem[X,0x0000000080001CAC] -> 0x8E93
mem[X,0x0000000080001CAE] -> 0x005E
[1840] [M]: 0x0000000080001CAC (0x005E8E93) addi t4, t4, 0x5
x29 <- 0xC000FFEFFFFC0005

mem[X,0x0000000080001CB0] -> 0x7FBB
mem[X,0x0000000080001CB2] -> 0x9DDF
[1841] [M]: 0x0000000080001CB0 (0x9DDF7FBB) pmhraccu.h t6, t5, t4
x31 <- 0xE15EEB435F4A3F5C

mem[X,0x0000000080001CB4] -> 0x3C23
mem[X,0x0000000080001CB6] -> 0x21F1
[1842] [M]: 0x0000000080001CB4 (0x21F13C23) sd t6, 0x218(sp)
mem[0x0000000080004418] <- 0xE15EEB435F4A3F5C

mem[X,0x0000000080001CB8] -> 0x0F37
mem[X,0x0000000080001CBA] -> 0x0041
[1843] [M]: 0x0000000080001CB8 (0x00410F37) lui t5, 0x410
x30 <- 0x0000000000410000

mem[X,0x0000000080001CBC] -> 0x0F13
mem[X,0x0000000080001CBE] -> 0xFFEF
[1844] [M]: 0x0000000080001CBC (0xFFEF0F13) addi t5, t5, -0x2
x30 <- 0x000000000040FFFE

mem[X,0x0000000080001CC0] -> 0x1F13
mem[X,0x0000000080001CC2] -> 0x00BF
[1845] [M]: 0x0000000080001CC0 (0x00BF1F13) slli t5, t5, 0xb
x30 <- 0x0000000207FFF000

mem[X,0x0000000080001CC4] -> 0x0F13
mem[X,0x0000000080001CC6] -> 0x555F
[1846] [M]: 0x0000000080001CC4 (0x555F0F13) addi t5, t5, 0x555
x30 <- 0x0000000207FFF555

mem[X,0x0000000080001CC8] -> 0x1F13
mem[X,0x0000000080001CCA] -> 0x00BF
[1847] [M]: 0x0000000080001CC8 (0x00BF1F13) slli t5, t5, 0xb
x30 <- 0x0000103FFFAAA800

mem[X,0x0000000080001CCC] -> 0x0F13
mem[X,0x0000000080001CCE] -> 0x280F
[1848] [M]: 0x0000000080001CCC (0x280F0F13) addi t5, t5, 0x280
x30 <- 0x0000103FFFAAAA80

mem[X,0x0000000080001CD0] -> 0x1F13
mem[X,0x0000000080001CD2] -> 0x00AF
[1849] [M]: 0x0000000080001CD0 (0x00AF1F13) slli t5, t5, 0xa
x30 <- 0x0040FFFEAAAA0000

mem[X,0x0000000080001CD4] -> 0x0F13
mem[X,0x0000000080001CD6] -> 0x005F
[1850] [M]: 0x0000000080001CD4 (0x005F0F13) addi t5, t5, 0x5
x30 <- 0x0040FFFEAAAA0005

mem[X,0x0000000080001CD8] -> 0x0EB7
mem[X,0x0000000080001CDA] -> 0x8000
[1851] [M]: 0x0000000080001CD8 (0x80000EB7) lui t4, -0x80000
x29 <- 0xFFFFFFFF80000000

mem[X,0x0000000080001CDC] -> 0x8E93
mem[X,0x0000000080001CDE] -> 0x002E
[1852] [M]: 0x0000000080001CDC (0x002E8E93) addi t4, t4, 0x2
x29 <- 0xFFFFFFFF80000002

mem[X,0x0000000080001CE0] -> 0x9E93
mem[X,0x0000000080001CE2] -> 0x00BE
[1853] [M]: 0x0000000080001CE0 (0x00BE9E93) slli t4, t4, 0xb
x29 <- 0xFFFFFC0000001000

mem[X,0x0000000080001CE4] -> 0x8E93
mem[X,0x0000000080001CE6] -> 0x400E
[1854] [M]: 0x0000000080001CE4 (0x400E8E93) addi t4, t4, 0x400
x29 <- 0xFFFFFC0000001400

mem[X,0x0000000080001CE8] -> 0x9E93
mem[X,0x0000000080001CEA] -> 0x00BE
[1855] [M]: 0x0000000080001CE8 (0x00BE9E93) slli t4, t4, 0xb
x29 <- 0xFFE0000000A00000

mem[X,0x0000000080001CEC] -> 0x8E93
mem[X,0x0000000080001CEE] -> 0x030E
[1856] [M]: 0x0000000080001CEC (0x030E8E93) addi t4, t4, 0x30
x29 <- 0xFFE0000000A00030

mem[X,0x0000000080001CF0] -> 0x9E93
mem[X,0x0000000080001CF2] -> 0x00AE
[1857] [M]: 0x0000000080001CF0 (0x00AE9E93) slli t4, t4, 0xa
x29 <- 0x800000028000C000

mem[X,0x0000000080001CF4] -> 0x7FBB
mem[X,0x0000000080001CF6] -> 0x9DDF
[1858] [M]: 0x0000000080001CF4 (0x9DDF7FBB) pmhraccu.h t6, t5, t4
x31 <- 0xE17EEB45B49F3F60

mem[X,0x0000000080001CF8] -> 0x3023
mem[X,0x0000000080001CFA] -> 0x23F1
[1859] [M]: 0x0000000080001CF8 (0x23F13023) sd t6, 0x220(sp)
mem[0x0000000080004420] <- 0xE17EEB45B49F3F60

mem[X,0x0000000080001CFC] -> 0x1F37
mem[X,0x0000000080001CFE] -> 0x4000
[1860] [M]: 0x0000000080001CFC (0x40001F37) lui t5, 0x40001
x30 <- 0x0000000040001000

mem[X,0x0000000080001D00] -> 0x0F13
mem[X,0x0000000080001D02] -> 0x000F
[1861] [M]: 0x0000000080001D00 (0x000F0F13) addi t5, t5, 0x0
x30 <- 0x0000000040001000

mem[X,0x0000000080001D04] -> 0x1F13
mem[X,0x0000000080001D06] -> 0x00BF
[1862] [M]: 0x0000000080001D04 (0x00BF1F13) slli t5, t5, 0xb
x30 <- 0x0000020000800000

mem[X,0x0000000080001D08] -> 0x0F13
mem[X,0x0000000080001D0A] -> 0x7FFF
[1863] [M]: 0x0000000080001D08 (0x7FFF0F13) addi t5, t5, 0x7ff
x30 <- 0x00000200008007FF

mem[X,0x0000000080001D0C] -> 0x1F13
mem[X,0x0000000080001D0E] -> 0x00BF
[1864] [M]: 0x0000000080001D0C (0x00BF1F13) slli t5, t5, 0xb
x30 <- 0x00100004003FF800

mem[X,0x0000000080001D10] -> 0x0F13
mem[X,0x0000000080001D12] -> 0x3FFF
[1865] [M]: 0x0000000080001D10 (0x3FFF0F13) addi t5, t5, 0x3ff
x30 <- 0x00100004003FFBFF

mem[X,0x0000000080001D14] -> 0x1F13
mem[X,0x0000000080001D16] -> 0x00AF
[1866] [M]: 0x0000000080001D14 (0x00AF1F13) slli t5, t5, 0xa
x30 <- 0x40001000FFEFFC00

mem[X,0x0000000080001D18] -> 0x0F13
mem[X,0x0000000080001D1A] -> 0x2FFF
[1867] [M]: 0x0000000080001D18 (0x2FFF0F13) addi t5, t5, 0x2ff
x30 <- 0x40001000FFEFFEFF

mem[X,0x0000000080001D1C] -> 0xFEB7
mem[X,0x0000000080001D1E] -> 0x0006
[1868] [M]: 0x0000000080001D1C (0x0006FEB7) lui t4, 0x6f
x29 <- 0x000000000006F000

mem[X,0x0000000080001D20] -> 0x8E93
mem[X,0x0000000080001D22] -> 0xFFFE
[1869] [M]: 0x0000000080001D20 (0xFFFE8E93) addi t4, t4, -0x1
x29 <- 0x000000000006EFFF

mem[X,0x0000000080001D24] -> 0x9E93
mem[X,0x0000000080001D26] -> 0x00BE
[1870] [M]: 0x0000000080001D24 (0x00BE9E93) slli t4, t4, 0xb
x29 <- 0x00000000377FF800

mem[X,0x0000000080001D28] -> 0x8E93
mem[X,0x0000000080001D2A] -> 0x100E
[1871] [M]: 0x0000000080001D28 (0x100E8E93) addi t4, t4, 0x100
x29 <- 0x00000000377FF900

mem[X,0x0000000080001D2C] -> 0x9E93
mem[X,0x0000000080001D2E] -> 0x00BE
[1872] [M]: 0x0000000080001D2C (0x00BE9E93) slli t4, t4, 0xb
x29 <- 0x000001BBFFC80000

mem[X,0x0000000080001D30] -> 0x8E93
mem[X,0x0000000080001D32] -> 0x03FE
[1873] [M]: 0x0000000080001D30 (0x03FE8E93) addi t4, t4, 0x3f
x29 <- 0x000001BBFFC8003F

mem[X,0x0000000080001D34] -> 0x9E93
mem[X,0x0000000080001D36] -> 0x00AE
[1874] [M]: 0x0000000080001D34 (0x00AE9E93) slli t4, t4, 0xa
x29 <- 0x0006EFFF2000FC00

mem[X,0x0000000080001D38] -> 0x8E93
mem[X,0x0000000080001D3A] -> 0x37FE
[1875] [M]: 0x0000000080001D38 (0x37FE8E93) addi t4, t4, 0x37f
x29 <- 0x0006EFFF2000FF7F

mem[X,0x0000000080001D3C] -> 0x7FBB
mem[X,0x0000000080001D3E] -> 0x9DDF
[1876] [M]: 0x0000000080001D3C (0x9DDF7FBB) pmhraccu.h t6, t5, t4
x31 <- 0xE180FA45D49D3DDF

mem[X,0x0000000080001D40] -> 0x3423
mem[X,0x0000000080001D42] -> 0x23F1
[1877] [M]: 0x0000000080001D40 (0x23F13423) sd t6, 0x228(sp)
mem[0x0000000080004428] <- 0xE180FA45D49D3DDF

mem[X,0x0000000080001D44] -> 0x0F37
mem[X,0x0000000080001D46] -> 0x0001
[1878] [M]: 0x0000000080001D44 (0x00010F37) lui t5, 0x10
x30 <- 0x0000000000010000

mem[X,0x0000000080001D48] -> 0x0F13
mem[X,0x0000000080001D4A] -> 0x001F
[1879] [M]: 0x0000000080001D48 (0x001F0F13) addi t5, t5, 0x1
x30 <- 0x0000000000010001

mem[X,0x0000000080001D4C] -> 0x1F13
mem[X,0x0000000080001D4E] -> 0x00BF
[1880] [M]: 0x0000000080001D4C (0x00BF1F13) slli t5, t5, 0xb
x30 <- 0x0000000008000800

mem[X,0x0000000080001D50] -> 0x0F13
mem[X,0x0000000080001D52] -> 0x000F
[1881] [M]: 0x0000000080001D50 (0x000F0F13) addi t5, t5, 0x0
x30 <- 0x0000000008000800

mem[X,0x0000000080001D54] -> 0x1F13
mem[X,0x0000000080001D56] -> 0x00BF
[1882] [M]: 0x0000000080001D54 (0x00BF1F13) slli t5, t5, 0xb
x30 <- 0x0000004000400000

mem[X,0x0000000080001D58] -> 0x0F13
mem[X,0x0000000080001D5A] -> 0x03FF
[1883] [M]: 0x0000000080001D58 (0x03FF0F13) addi t5, t5, 0x3f
x30 <- 0x000000400040003F

mem[X,0x0000000080001D5C] -> 0x1F13
mem[X,0x0000000080001D5E] -> 0x00AF
[1884] [M]: 0x0000000080001D5C (0x00AF1F13) slli t5, t5, 0xa
x30 <- 0x000100010000FC00

mem[X,0x0000000080001D60] -> 0x0F13
mem[X,0x0000000080001D62] -> 0x2FFF
[1885] [M]: 0x0000000080001D60 (0x2FFF0F13) addi t5, t5, 0x2ff
x30 <- 0x000100010000FEFF

mem[X,0x0000000080001D64] -> 0x0EB7
mem[X,0x0000000080001D66] -> 0xFFF8
[1886] [M]: 0x0000000080001D64 (0xFFF80EB7) lui t4, -0x80
x29 <- 0xFFFFFFFFFFF80000

mem[X,0x0000000080001D68] -> 0x8E93
mem[X,0x0000000080001D6A] -> 0xFF7E
[1887] [M]: 0x0000000080001D68 (0xFF7E8E93) addi t4, t4, -0x9
x29 <- 0xFFFFFFFFFFF7FFF7

mem[X,0x0000000080001D6C] -> 0x9E93
mem[X,0x0000000080001D6E] -> 0x00BE
[1888] [M]: 0x0000000080001D6C (0x00BE9E93) slli t4, t4, 0xb
x29 <- 0xFFFFFFFFBFFFB800

mem[X,0x0000000080001D70] -> 0x8E93
mem[X,0x0000000080001D72] -> 0x7FFE
[1889] [M]: 0x0000000080001D70 (0x7FFE8E93) addi t4, t4, 0x7ff
x29 <- 0xFFFFFFFFBFFFBFFF

mem[X,0x0000000080001D74] -> 0x9E93
mem[X,0x0000000080001D76] -> 0x00BE
[1890] [M]: 0x0000000080001D74 (0x00BE9E93) slli t4, t4, 0xb
x29 <- 0xFFFFFDFFFDFFF800

mem[X,0x0000000080001D78] -> 0x8E93
mem[X,0x0000000080001D7A] -> 0x780E
[1891] [M]: 0x0000000080001D78 (0x780E8E93) addi t4, t4, 0x780
x29 <- 0xFFFFFDFFFDFFFF80

mem[X,0x0000000080001D7C] -> 0x9E93
mem[X,0x0000000080001D7E] -> 0x00AE
[1892] [M]: 0x0000000080001D7C (0x00AE9E93) slli t4, t4, 0xa
x29 <- 0xFFF7FFF7FFFE0000

mem[X,0x0000000080001D80] -> 0x8E93
mem[X,0x0000000080001D82] -> 0x080E
[1893] [M]: 0x0000000080001D80 (0x080E8E93) addi t4, t4, 0x80
x29 <- 0xFFF7FFF7FFFE0080

mem[X,0x0000000080001D84] -> 0x7FBB
mem[X,0x0000000080001D86] -> 0x9DDF
[1894] [M]: 0x0000000080001D84 (0x9DDF7FBB) pmhraccu.h t6, t5, t4
x31 <- 0xE181FA46D49D3E5E

mem[X,0x0000000080001D88] -> 0x3823
mem[X,0x0000000080001D8A] -> 0x23F1
[1895] [M]: 0x0000000080001D88 (0x23F13823) sd t6, 0x230(sp)
mem[0x0000000080004430] <- 0xE181FA46D49D3E5E

mem[X,0x0000000080001D8C] -> 0x0F37
mem[X,0x0000000080001D8E] -> 0xE000
[1896] [M]: 0x0000000080001D8C (0xE0000F37) lui t5, -0x20000
x30 <- 0xFFFFFFFFE0000000

mem[X,0x0000000080001D90] -> 0x0F13
mem[X,0x0000000080001D92] -> 0xFF7F
[1897] [M]: 0x0000000080001D90 (0xFF7F0F13) addi t5, t5, -0x9
x30 <- 0xFFFFFFFFDFFFFFF7

mem[X,0x0000000080001D94] -> 0x1F13
mem[X,0x0000000080001D96] -> 0x00BF
[1898] [M]: 0x0000000080001D94 (0x00BF1F13) slli t5, t5, 0xb
x30 <- 0xFFFFFEFFFFFFB800

mem[X,0x0000000080001D98] -> 0x0F13
mem[X,0x0000000080001D9A] -> 0x000F
[1899] [M]: 0x0000000080001D98 (0x000F0F13) addi t5, t5, 0x0
x30 <- 0xFFFFFEFFFFFFB800

clint::tick mtime <- 0x0000000000000013
 clint timer pending at mtime 0x0000000000000013
htif::tick 0x0000000000000000
mem[X,0x0000000080001D9C] -> 0x1F13
mem[X,0x0000000080001D9E] -> 0x00BF
[1900] [M]: 0x0000000080001D9C (0x00BF1F13) slli t5, t5, 0xb
x30 <- 0xFFF7FFFFFDC00000

mem[X,0x0000000080001DA0] -> 0x0F13
mem[X,0x0000000080001DA2] -> 0x1BFF
[1901] [M]: 0x0000000080001DA0 (0x1BFF0F13) addi t5, t5, 0x1bf
x30 <- 0xFFF7FFFFFDC001BF

mem[X,0x0000000080001DA4] -> 0x1F13
mem[X,0x0000000080001DA6] -> 0x00AF
[1902] [M]: 0x0000000080001DA4 (0x00AF1F13) slli t5, t5, 0xa
x30 <- 0xDFFFFFF70006FC00

mem[X,0x0000000080001DA8] -> 0x0F13
mem[X,0x0000000080001DAA] -> 0x3FFF
[1903] [M]: 0x0000000080001DA8 (0x3FFF0F13) addi t5, t5, 0x3ff
x30 <- 0xDFFFFFF70006FFFF

mem[X,0x0000000080001DAC] -> 0x0EB7
mem[X,0x0000000080001DAE] -> 0xE000
[1904] [M]: 0x0000000080001DAC (0xE0000EB7) lui t4, -0x20000
x29 <- 0xFFFFFFFFE0000000

mem[X,0x0000000080001DB0] -> 0x8E93
mem[X,0x0000000080001DB2] -> 0xFF9E
[1905] [M]: 0x0000000080001DB0 (0xFF9E8E93) addi t4, t4, -0x7
x29 <- 0xFFFFFFFFDFFFFFF9

mem[X,0x0000000080001DB4] -> 0x9E93
mem[X,0x0000000080001DB6] -> 0x00BE
[1906] [M]: 0x0000000080001DB4 (0x00BE9E93) slli t4, t4, 0xb
x29 <- 0xFFFFFEFFFFFFC800

mem[X,0x0000000080001DB8] -> 0x8E93
mem[X,0x0000000080001DBA] -> 0x7FBE
[1907] [M]: 0x0000000080001DB8 (0x7FBE8E93) addi t4, t4, 0x7fb
x29 <- 0xFFFFFEFFFFFFCFFB

mem[X,0x0000000080001DBC] -> 0x9E93
mem[X,0x0000000080001DBE] -> 0x00BE
[1908] [M]: 0x0000000080001DBC (0x00BE9E93) slli t4, t4, 0xb
x29 <- 0xFFF7FFFFFE7FD800

mem[X,0x0000000080001DC0] -> 0x8E93
mem[X,0x0000000080001DC2] -> 0x7C0E
[1909] [M]: 0x0000000080001DC0 (0x7C0E8E93) addi t4, t4, 0x7c0
x29 <- 0xFFF7FFFFFE7FDFC0

mem[X,0x0000000080001DC4] -> 0x9E93
mem[X,0x0000000080001DC6] -> 0x00AE
[1910] [M]: 0x0000000080001DC4 (0x00AE9E93) slli t4, t4, 0xa
x29 <- 0xDFFFFFF9FF7F0000

mem[X,0x0000000080001DC8] -> 0x7FBB
mem[X,0x0000000080001DCA] -> 0x9DDF
[1911] [M]: 0x0000000080001DC8 (0x9DDF7FBB) pmhraccu.h t6, t5, t4
x31 <- 0xA57FFA36D4A33E5E

mem[X,0x0000000080001DCC] -> 0x3C23
mem[X,0x0000000080001DCE] -> 0x23F1
[1912] [M]: 0x0000000080001DCC (0x23F13C23) sd t6, 0x238(sp)
mem[0x0000000080004438] <- 0xA57FFA36D4A33E5E

mem[X,0x0000000080001DD0] -> 0xFF37
mem[X,0x0000000080001DD2] -> 0xF7FF
[1913] [M]: 0x0000000080001DD0 (0xF7FFFF37) lui t5, -0x8001
x30 <- 0xFFFFFFFFF7FFF000

mem[X,0x0000000080001DD4] -> 0x0F13
mem[X,0x0000000080001DD6] -> 0xFFFF
[1914] [M]: 0x0000000080001DD4 (0xFFFF0F13) addi t5, t5, -0x1
x30 <- 0xFFFFFFFFF7FFEFFF

mem[X,0x0000000080001DD8] -> 0x1F13
mem[X,0x0000000080001DDA] -> 0x00BF
[1915] [M]: 0x0000000080001DD8 (0x00BF1F13) slli t5, t5, 0xb
x30 <- 0xFFFFFFBFFF7FF800

mem[X,0x0000000080001DDC] -> 0x0F13
mem[X,0x0000000080001DDE] -> 0x7FFF
[1916] [M]: 0x0000000080001DDC (0x7FFF0F13) addi t5, t5, 0x7ff
x30 <- 0xFFFFFFBFFF7FFFFF

mem[X,0x0000000080001DE0] -> 0x1F13
mem[X,0x0000000080001DE2] -> 0x00BF
[1917] [M]: 0x0000000080001DE0 (0x00BF1F13) slli t5, t5, 0xb
x30 <- 0xFFFDFFFBFFFFF800

mem[X,0x0000000080001DE4] -> 0x0F13
mem[X,0x0000000080001DE6] -> 0x7C0F
[1918] [M]: 0x0000000080001DE4 (0x7C0F0F13) addi t5, t5, 0x7c0
x30 <- 0xFFFDFFFBFFFFFFC0

mem[X,0x0000000080001DE8] -> 0x1F13
mem[X,0x0000000080001DEA] -> 0x00AF
[1919] [M]: 0x0000000080001DE8 (0x00AF1F13) slli t5, t5, 0xa
x30 <- 0xF7FFEFFFFFFF0000

mem[X,0x0000000080001DEC] -> 0x0EB7
mem[X,0x0000000080001DEE] -> 0xEFFF
[1920] [M]: 0x0000000080001DEC (0xEFFF0EB7) lui t4, -0x10010
x29 <- 0xFFFFFFFFEFFF0000

mem[X,0x0000000080001DF0] -> 0x8E93
mem[X,0x0000000080001DF2] -> 0x010E
[1921] [M]: 0x0000000080001DF0 (0x010E8E93) addi t4, t4, 0x10
x29 <- 0xFFFFFFFFEFFF0010

mem[X,0x0000000080001DF4] -> 0x9E93
mem[X,0x0000000080001DF6] -> 0x00BE
[1922] [M]: 0x0000000080001DF4 (0x00BE9E93) slli t4, t4, 0xb
x29 <- 0xFFFFFF7FF8008000

mem[X,0x0000000080001DF8] -> 0x8E93
mem[X,0x0000000080001DFA] -> 0x7FFE
[1923] [M]: 0x0000000080001DF8 (0x7FFE8E93) addi t4, t4, 0x7ff
x29 <- 0xFFFFFF7FF80087FF

mem[X,0x0000000080001DFC] -> 0x9E93
mem[X,0x0000000080001DFE] -> 0x00BE
[1924] [M]: 0x0000000080001DFC (0x00BE9E93) slli t4, t4, 0xb
x29 <- 0xFFFBFFC0043FF800

mem[X,0x0000000080001E00] -> 0x8E93
mem[X,0x0000000080001E02] -> 0x737E
[1925] [M]: 0x0000000080001E00 (0x737E8E93) addi t4, t4, 0x737
x29 <- 0xFFFBFFC0043FFF37

mem[X,0x0000000080001E04] -> 0x9E93
mem[X,0x0000000080001E06] -> 0x00AE
[1926] [M]: 0x0000000080001E04 (0x00AE9E93) slli t4, t4, 0xa
x29 <- 0xEFFF0010FFFCDC00

mem[X,0x0000000080001E08] -> 0x8E93
mem[X,0x0000000080001E0A] -> 0x3FFE
[1927] [M]: 0x0000000080001E08 (0x3FFE8E93) addi t4, t4, 0x3ff
x29 <- 0xEFFF0010FFFCDFFF

mem[X,0x0000000080001E0C] -> 0x7FBB
mem[X,0x0000000080001E0E] -> 0x9DDF
[1928] [M]: 0x0000000080001E0C (0x9DDF7FBB) pmhraccu.h t6, t5, t4
x31 <- 0x8DFDFA45D49E3E5E

mem[X,0x0000000080001E10] -> 0x3023
mem[X,0x0000000080001E12] -> 0x25F1
[1929] [M]: 0x0000000080001E10 (0x25F13023) sd t6, 0x240(sp)
mem[0x0000000080004440] <- 0x8DFDFA45D49E3E5E

mem[X,0x0000000080001E14] -> 0x0F37
mem[X,0x0000000080001E16] -> 0x0002
[1930] [M]: 0x0000000080001E14 (0x00020F37) lui t5, 0x20
x30 <- 0x0000000000020000

mem[X,0x0000000080001E18] -> 0x0F13
mem[X,0x0000000080001E1A] -> 0xFFAF
[1931] [M]: 0x0000000080001E18 (0xFFAF0F13) addi t5, t5, -0x6
x30 <- 0x000000000001FFFA

mem[X,0x0000000080001E1C] -> 0x1F13
mem[X,0x0000000080001E1E] -> 0x00BF
[1932] [M]: 0x0000000080001E1C (0x00BF1F13) slli t5, t5, 0xb
x30 <- 0x000000000FFFD000

mem[X,0x0000000080001E20] -> 0x0F13
mem[X,0x0000000080001E22] -> 0x001F
[1933] [M]: 0x0000000080001E20 (0x001F0F13) addi t5, t5, 0x1
x30 <- 0x000000000FFFD001

mem[X,0x0000000080001E24] -> 0x1F13
mem[X,0x0000000080001E26] -> 0x00BF
[1934] [M]: 0x0000000080001E24 (0x00BF1F13) slli t5, t5, 0xb
x30 <- 0x0000007FFE800800

mem[X,0x0000000080001E28] -> 0x0F13
mem[X,0x0000000080001E2A] -> 0x01FF
[1935] [M]: 0x0000000080001E28 (0x01FF0F13) addi t5, t5, 0x1f
x30 <- 0x0000007FFE80081F

mem[X,0x0000000080001E2C] -> 0x1F13
mem[X,0x0000000080001E2E] -> 0x00AF
[1936] [M]: 0x0000000080001E2C (0x00AF1F13) slli t5, t5, 0xa
x30 <- 0x0001FFFA00207C00

mem[X,0x0000000080001E30] -> 0x0F13
mem[X,0x0000000080001E32] -> 0x3FFF
[1937] [M]: 0x0000000080001E30 (0x3FFF0F13) addi t5, t5, 0x3ff
x30 <- 0x0001FFFA00207FFF

mem[X,0x0000000080001E34] -> 0x0EB7
mem[X,0x0000000080001E36] -> 0xFFF7
[1938] [M]: 0x0000000080001E34 (0xFFF70EB7) lui t4, -0x90
x29 <- 0xFFFFFFFFFFF70000

mem[X,0x0000000080001E38] -> 0x8E93
mem[X,0x0000000080001E3A] -> 0x200E
[1939] [M]: 0x0000000080001E38 (0x200E8E93) addi t4, t4, 0x200
x29 <- 0xFFFFFFFFFFF70200

mem[X,0x0000000080001E3C] -> 0x9E93
mem[X,0x0000000080001E3E] -> 0x00BE
[1940] [M]: 0x0000000080001E3C (0x00BE9E93) slli t4, t4, 0xb
x29 <- 0xFFFFFFFFB8100000

mem[X,0x0000000080001E40] -> 0x8E93
mem[X,0x0000000080001E42] -> 0x000E
[1941] [M]: 0x0000000080001E40 (0x000E8E93) addi t4, t4, 0x0
x29 <- 0xFFFFFFFFB8100000

mem[X,0x0000000080001E44] -> 0x9E93
mem[X,0x0000000080001E46] -> 0x00BE
[1942] [M]: 0x0000000080001E44 (0x00BE9E93) slli t4, t4, 0xb
x29 <- 0xFFFFFDC080000000

mem[X,0x0000000080001E48] -> 0x8E93
mem[X,0x0000000080001E4A] -> 0x1BFE
[1943] [M]: 0x0000000080001E48 (0x1BFE8E93) addi t4, t4, 0x1bf
x29 <- 0xFFFFFDC0800001BF

mem[X,0x0000000080001E4C] -> 0x9E93
mem[X,0x0000000080001E4E] -> 0x00AE
[1944] [M]: 0x0000000080001E4C (0x00AE9E93) slli t4, t4, 0xa
x29 <- 0xFFF702000006FC00

mem[X,0x0000000080001E50] -> 0x8E93
mem[X,0x0000000080001E52] -> 0x3F9E
[1945] [M]: 0x0000000080001E50 (0x3F9E8E93) addi t4, t4, 0x3f9
x29 <- 0xFFF702000006FFF9

mem[X,0x0000000080001E54] -> 0x7FBB
mem[X,0x0000000080001E56] -> 0x9DDF
[1946] [M]: 0x0000000080001E54 (0x9DDF7FBB) pmhraccu.h t6, t5, t4
x31 <- 0x8DFEFC45D49EBE5A

mem[X,0x0000000080001E58] -> 0x3423
mem[X,0x0000000080001E5A] -> 0x25F1
[1947] [M]: 0x0000000080001E58 (0x25F13423) sd t6, 0x248(sp)
mem[0x0000000080004448] <- 0x8DFEFC45D49EBE5A

mem[X,0x0000000080001E5C] -> 0x0F37
mem[X,0x0000000080001E5E] -> 0xF800
[1948] [M]: 0x0000000080001E5C (0xF8000F37) lui t5, -0x8000
x30 <- 0xFFFFFFFFF8000000

mem[X,0x0000000080001E60] -> 0x0F13
mem[X,0x0000000080001E62] -> 0xFFEF
[1949] [M]: 0x0000000080001E60 (0xFFEF0F13) addi t5, t5, -0x2
x30 <- 0xFFFFFFFFF7FFFFFE

mem[X,0x0000000080001E64] -> 0x1F13
mem[X,0x0000000080001E66] -> 0x00BF
[1950] [M]: 0x0000000080001E64 (0x00BF1F13) slli t5, t5, 0xb
x30 <- 0xFFFFFFBFFFFFF000

mem[X,0x0000000080001E68] -> 0x0F13
mem[X,0x0000000080001E6A] -> 0x000F
[1951] [M]: 0x0000000080001E68 (0x000F0F13) addi t5, t5, 0x0
x30 <- 0xFFFFFFBFFFFFF000

mem[X,0x0000000080001E6C] -> 0x1F13
mem[X,0x0000000080001E6E] -> 0x00BF
[1952] [M]: 0x0000000080001E6C (0x00BF1F13) slli t5, t5, 0xb
x30 <- 0xFFFDFFFFFF800000

mem[X,0x0000000080001E70] -> 0x0F13
mem[X,0x0000000080001E72] -> 0x43FF
[1953] [M]: 0x0000000080001E70 (0x43FF0F13) addi t5, t5, 0x43f
x30 <- 0xFFFDFFFFFF80043F

mem[X,0x0000000080001E74] -> 0x1F13
mem[X,0x0000000080001E76] -> 0x00AF
[1954] [M]: 0x0000000080001E74 (0x00AF1F13) slli t5, t5, 0xa
x30 <- 0xF7FFFFFE0010FC00

mem[X,0x0000000080001E78] -> 0x0F13
mem[X,0x0000000080001E7A] -> 0x2FFF
[1955] [M]: 0x0000000080001E78 (0x2FFF0F13) addi t5, t5, 0x2ff
x30 <- 0xF7FFFFFE0010FEFF

mem[X,0x0000000080001E7C] -> 0x0EB7
mem[X,0x0000000080001E7E] -> 0x0010
[1956] [M]: 0x0000000080001E7C (0x00100EB7) lui t4, 0x100
x29 <- 0x0000000000100000

mem[X,0x0000000080001E80] -> 0x8E93
mem[X,0x0000000080001E82] -> 0x200E
[1957] [M]: 0x0000000080001E80 (0x200E8E93) addi t4, t4, 0x200
x29 <- 0x0000000000100200

mem[X,0x0000000080001E84] -> 0x9E93
mem[X,0x0000000080001E86] -> 0x00BE
[1958] [M]: 0x0000000080001E84 (0x00BE9E93) slli t4, t4, 0xb
x29 <- 0x0000000080100000

mem[X,0x0000000080001E88] -> 0x8E93
mem[X,0x0000000080001E8A] -> 0x000E
[1959] [M]: 0x0000000080001E88 (0x000E8E93) addi t4, t4, 0x0
x29 <- 0x0000000080100000

mem[X,0x0000000080001E8C] -> 0x9E93
mem[X,0x0000000080001E8E] -> 0x00BE
[1960] [M]: 0x0000000080001E8C (0x00BE9E93) slli t4, t4, 0xb
x29 <- 0x0000040080000000

mem[X,0x0000000080001E90] -> 0x8E93
mem[X,0x0000000080001E92] -> 0x401E
[1961] [M]: 0x0000000080001E90 (0x401E8E93) addi t4, t4, 0x401
x29 <- 0x0000040080000401

mem[X,0x0000000080001E94] -> 0x9E93
mem[X,0x0000000080001E96] -> 0x00AE
[1962] [M]: 0x0000000080001E94 (0x00AE9E93) slli t4, t4, 0xa
x29 <- 0x0010020000100400

mem[X,0x0000000080001E98] -> 0x7FBB
mem[X,0x0000000080001E9A] -> 0x9DDF
[1963] [M]: 0x0000000080001E98 (0x9DDF7FBB) pmhraccu.h t6, t5, t4
x31 <- 0x8E0DFE45D49EC256

mem[X,0x0000000080001E9C] -> 0x3823
mem[X,0x0000000080001E9E] -> 0x25F1
[1964] [M]: 0x0000000080001E9C (0x25F13823) sd t6, 0x250(sp)
mem[0x0000000080004450] <- 0x8E0DFE45D49EC256

mem[X,0x0000000080001EA0] -> 0x0F37
mem[X,0x0000000080001EA2] -> 0xFFF7
[1965] [M]: 0x0000000080001EA0 (0xFFF70F37) lui t5, -0x90
x30 <- 0xFFFFFFFFFFF70000

mem[X,0x0000000080001EA4] -> 0x0F13
mem[X,0x0000000080001EA6] -> 0xFFBF
[1966] [M]: 0x0000000080001EA4 (0xFFBF0F13) addi t5, t5, -0x5
x30 <- 0xFFFFFFFFFFF6FFFB

mem[X,0x0000000080001EA8] -> 0x1F13
mem[X,0x0000000080001EAA] -> 0x00BF
[1967] [M]: 0x0000000080001EA8 (0x00BF1F13) slli t5, t5, 0xb
x30 <- 0xFFFFFFFFB7FFD800

mem[X,0x0000000080001EAC] -> 0x0F13
mem[X,0x0000000080001EAE] -> 0x008F
[1968] [M]: 0x0000000080001EAC (0x008F0F13) addi t5, t5, 0x8
x30 <- 0xFFFFFFFFB7FFD808

mem[X,0x0000000080001EB0] -> 0x1F13
mem[X,0x0000000080001EB2] -> 0x00BF
[1969] [M]: 0x0000000080001EB0 (0x00BF1F13) slli t5, t5, 0xb
x30 <- 0xFFFFFDBFFEC04000

mem[X,0x0000000080001EB4] -> 0x0F13
mem[X,0x0000000080001EB6] -> 0x03EF
[1970] [M]: 0x0000000080001EB4 (0x03EF0F13) addi t5, t5, 0x3e
x30 <- 0xFFFFFDBFFEC0403E

mem[X,0x0000000080001EB8] -> 0x1F13
mem[X,0x0000000080001EBA] -> 0x00AF
[1971] [M]: 0x0000000080001EB8 (0x00AF1F13) slli t5, t5, 0xa
x30 <- 0xFFF6FFFB0100F800

mem[X,0x0000000080001EBC] -> 0x0F13
mem[X,0x0000000080001EBE] -> 0x3FFF
[1972] [M]: 0x0000000080001EBC (0x3FFF0F13) addi t5, t5, 0x3ff
x30 <- 0xFFF6FFFB0100FBFF

mem[X,0x0000000080001EC0] -> 0x0EB7
mem[X,0x0000000080001EC2] -> 0xF000
[1973] [M]: 0x0000000080001EC0 (0xF0000EB7) lui t4, -0x10000
x29 <- 0xFFFFFFFFF0000000

mem[X,0x0000000080001EC4] -> 0x8E93
mem[X,0x0000000080001EC6] -> 0xFFCE
[1974] [M]: 0x0000000080001EC4 (0xFFCE8E93) addi t4, t4, -0x4
x29 <- 0xFFFFFFFFEFFFFFFC

mem[X,0x0000000080001EC8] -> 0x9E93
mem[X,0x0000000080001ECA] -> 0x00BE
[1975] [M]: 0x0000000080001EC8 (0x00BE9E93) slli t4, t4, 0xb
x29 <- 0xFFFFFF7FFFFFE000

mem[X,0x0000000080001ECC] -> 0x8E93
mem[X,0x0000000080001ECE] -> 0x7DFE
[1976] [M]: 0x0000000080001ECC (0x7DFE8E93) addi t4, t4, 0x7df
x29 <- 0xFFFFFF7FFFFFE7DF

mem[X,0x0000000080001ED0] -> 0x9E93
mem[X,0x0000000080001ED2] -> 0x00BE
[1977] [M]: 0x0000000080001ED0 (0x00BE9E93) slli t4, t4, 0xb
x29 <- 0xFFFBFFFFFF3EF800

mem[X,0x0000000080001ED4] -> 0x8E93
mem[X,0x0000000080001ED6] -> 0x7FFE
[1978] [M]: 0x0000000080001ED4 (0x7FFE8E93) addi t4, t4, 0x7ff
x29 <- 0xFFFBFFFFFF3EFFFF

mem[X,0x0000000080001ED8] -> 0x9E93
mem[X,0x0000000080001EDA] -> 0x00AE
[1979] [M]: 0x0000000080001ED8 (0x00AE9E93) slli t4, t4, 0xa
x29 <- 0xEFFFFFFCFBFFFC00

mem[X,0x0000000080001EDC] -> 0x8E93
mem[X,0x0000000080001EDE] -> 0x3FBE
[1980] [M]: 0x0000000080001EDC (0x3FBE8E93) addi t4, t4, 0x3fb
x29 <- 0xEFFFFFFCFBFFFFFB

mem[X,0x0000000080001EE0] -> 0x7FBB
mem[X,0x0000000080001EE2] -> 0x9DDF
[1981] [M]: 0x0000000080001EE0 (0x9DDF7FBB) pmhraccu.h t6, t5, t4
x31 <- 0x7E03FE3CD59ABE50

mem[X,0x0000000080001EE4] -> 0x3C23
mem[X,0x0000000080001EE6] -> 0x25F1
[1982] [M]: 0x0000000080001EE4 (0x25F13C23) sd t6, 0x258(sp)
mem[0x0000000080004458] <- 0x7E03FE3CD59ABE50

mem[X,0x0000000080001EE8] -> 0x006F
mem[X,0x0000000080001EEA] -> 0x0380
[1983] [M]: 0x0000000080001EE8 (0x0380006F) jal zero, 0x38

mem[X,0x0000000080001F20] -> 0x0093
mem[X,0x0000000080001F22] -> 0x0010
[1984] [M]: 0x0000000080001F20 (0x00100093) addi ra, zero, 0x1
x1 <- 0x0000000000000001

mem[X,0x0000000080001F24] -> 0x0F17
mem[X,0x0000000080001F26] -> 0x0000
[1985] [M]: 0x0000000080001F24 (0x00000F17) auipc t5, 0x0
x30 <- 0x0000000080001F24

mem[X,0x0000000080001F28] -> 0x2E23
mem[X,0x0000000080001F2A] -> 0x0C1F
[1986] [M]: 0x0000000080001F28 (0x0C1F2E23) sw ra, 0xdc(t5)
htif[0x0000000080002000] <- 0x00000001

mem[X,0x0000000080001F2C] -> 0xF06F
mem[X,0x0000000080001F2E] -> 0xFF9F
[1987] [M]: 0x0000000080001F2C (0xFF9FF06F) jal zero, -0x8

mem[X,0x0000000080001F24] -> 0x0F17
mem[X,0x0000000080001F26] -> 0x0000
[1988] [M]: 0x0000000080001F24 (0x00000F17) auipc t5, 0x0
x30 <- 0x0000000080001F24

mem[X,0x0000000080001F28] -> 0x2E23
mem[X,0x0000000080001F2A] -> 0x0C1F
[1989] [M]: 0x0000000080001F28 (0x0C1F2E23) sw ra, 0xdc(t5)
htif[0x0000000080002000] <- 0x00000001

mem[X,0x0000000080001F2C] -> 0xF06F
mem[X,0x0000000080001F2E] -> 0xFF9F
[1990] [M]: 0x0000000080001F2C (0xFF9FF06F) jal zero, -0x8

mem[X,0x0000000080001F24] -> 0x0F17
mem[X,0x0000000080001F26] -> 0x0000
[1991] [M]: 0x0000000080001F24 (0x00000F17) auipc t5, 0x0
x30 <- 0x0000000080001F24

mem[X,0x0000000080001F28] -> 0x2E23
mem[X,0x0000000080001F2A] -> 0x0C1F
[1992] [M]: 0x0000000080001F28 (0x0C1F2E23) sw ra, 0xdc(t5)
htif[0x0000000080002000] <- 0x00000001
htif-syscall-proxy cmd: 0x000000000001

SUCCESS
