using /home/chsu/rvp-workspace/test-32/riscof_work/pdif.h-01.S/ref/Reference-sail_c_simulator.signature for test-signature output.
tohost located at 0x80001000
Running file ref.elf.
ELF Entry @ 0x80000000
begin_signature: 0x80003110
end_signature: 0x80003260
CSR mstatus <- 0x00000000 (input: 0x00000000)
mem[X,0x00001000] -> 0x0297
mem[X,0x00001002] -> 0x0000
[0] [M]: 0x00001000 (0x00000297) auipc t0, 0x0
x5 <- 0x00001000

mem[X,0x00001004] -> 0x8593
mem[X,0x00001006] -> 0x0202
[1] [M]: 0x00001004 (0x02028593) addi a1, t0, 0x20
x11 <- 0x00001020

mem[X,0x00001008] -> 0x2573
mem[X,0x0000100A] -> 0xF140
[2] [M]: 0x00001008 (0xF1402573) csrrs a0, mhartid, zero
CSR mhartid -> 0x00000000
x10 <- 0x00000000

mem[X,0x0000100C] -> 0xA283
mem[X,0x0000100E] -> 0x0182
[3] [M]: 0x0000100C (0x0182A283) lw t0, 0x18(t0)
mem[R,0x00001018] -> 0x80000000
x5 <- 0x80000000

mem[X,0x00001010] -> 0x8067
mem[X,0x00001012] -> 0x0002
[4] [M]: 0x00001010 (0x00028067) jalr zero, 0x0(t0)

mem[X,0x80000000] -> 0x0837
mem[X,0x80000002] -> 0x7D5C
[5] [M]: 0x80000000 (0x7D5C0837) lui a6, 0x7d5c0
x16 <- 0x7D5C0000

mem[X,0x80000004] -> 0x0813
mem[X,0x80000006] -> 0xDDB8
[6] [M]: 0x80000004 (0xDDB80813) addi a6, a6, -0x225
x16 <- 0x7D5BFDDB

mem[X,0x80000008] -> 0x5893
mem[X,0x8000000A] -> 0x0078
[7] [M]: 0x80000008 (0x00785893) srli a7, a6, 0x7
x17 <- 0x00FAB7FB

mem[X,0x8000000C] -> 0x5793
mem[X,0x8000000E] -> 0x0198
[8] [M]: 0x8000000C (0x01985793) srli a5, a6, 0x19
x15 <- 0x0000003E

mem[X,0x80000010] -> 0xE8B3
mem[X,0x80000012] -> 0x00F8
[9] [M]: 0x80000010 (0x00F8E8B3) or a7, a7, a5
x17 <- 0x00FAB7FF

mem[X,0x80000014] -> 0xD913
mem[X,0x80000016] -> 0x0078
[10] [M]: 0x80000014 (0x0078D913) srli s2, a7, 0x7
x18 <- 0x0001F56F

mem[X,0x80000018] -> 0xD793
mem[X,0x8000001A] -> 0x0198
[11] [M]: 0x80000018 (0x0198D793) srli a5, a7, 0x19
x15 <- 0x00000000

mem[X,0x8000001C] -> 0x6933
mem[X,0x8000001E] -> 0x00F9
[12] [M]: 0x8000001C (0x00F96933) or s2, s2, a5
x18 <- 0x0001F56F

mem[X,0x80000020] -> 0x5993
mem[X,0x80000022] -> 0x0079
[13] [M]: 0x80000020 (0x00795993) srli s3, s2, 0x7
x19 <- 0x000003EA

mem[X,0x80000024] -> 0x5793
mem[X,0x80000026] -> 0x0199
[14] [M]: 0x80000024 (0x01995793) srli a5, s2, 0x19
x15 <- 0x00000000

mem[X,0x80000028] -> 0xE9B3
mem[X,0x8000002A] -> 0x00F9
[15] [M]: 0x80000028 (0x00F9E9B3) or s3, s3, a5
x19 <- 0x000003EA

mem[X,0x8000002C] -> 0xDA13
mem[X,0x8000002E] -> 0x0079
[16] [M]: 0x8000002C (0x0079DA13) srli s4, s3, 0x7
x20 <- 0x00000007

mem[X,0x80000030] -> 0xD793
mem[X,0x80000032] -> 0x0199
[17] [M]: 0x80000030 (0x0199D793) srli a5, s3, 0x19
x15 <- 0x00000000

mem[X,0x80000034] -> 0x6A33
mem[X,0x80000036] -> 0x00FA
[18] [M]: 0x80000034 (0x00FA6A33) or s4, s4, a5
x20 <- 0x00000007

mem[X,0x80000038] -> 0x5A93
mem[X,0x8000003A] -> 0x007A
[19] [M]: 0x80000038 (0x007A5A93) srli s5, s4, 0x7
x21 <- 0x00000000

mem[X,0x8000003C] -> 0x5793
mem[X,0x8000003E] -> 0x019A
[20] [M]: 0x8000003C (0x019A5793) srli a5, s4, 0x19
x15 <- 0x00000000

mem[X,0x80000040] -> 0xEAB3
mem[X,0x80000042] -> 0x00FA
[21] [M]: 0x80000040 (0x00FAEAB3) or s5, s5, a5
x21 <- 0x00000000

mem[X,0x80000044] -> 0xDB13
mem[X,0x80000046] -> 0x007A
[22] [M]: 0x80000044 (0x007ADB13) srli s6, s5, 0x7
x22 <- 0x00000000

mem[X,0x80000048] -> 0xD793
mem[X,0x8000004A] -> 0x019A
[23] [M]: 0x80000048 (0x019AD793) srli a5, s5, 0x19
x15 <- 0x00000000

mem[X,0x8000004C] -> 0x6B33
mem[X,0x8000004E] -> 0x00FB
[24] [M]: 0x8000004C (0x00FB6B33) or s6, s6, a5
x22 <- 0x00000000

mem[X,0x80000050] -> 0x5B93
mem[X,0x80000052] -> 0x007B
[25] [M]: 0x80000050 (0x007B5B93) srli s7, s6, 0x7
x23 <- 0x00000000

mem[X,0x80000054] -> 0x5793
mem[X,0x80000056] -> 0x019B
[26] [M]: 0x80000054 (0x019B5793) srli a5, s6, 0x19
x15 <- 0x00000000

mem[X,0x80000058] -> 0xEBB3
mem[X,0x8000005A] -> 0x00FB
[27] [M]: 0x80000058 (0x00FBEBB3) or s7, s7, a5
x23 <- 0x00000000

mem[X,0x8000005C] -> 0xDC13
mem[X,0x8000005E] -> 0x007B
[28] [M]: 0x8000005C (0x007BDC13) srli s8, s7, 0x7
x24 <- 0x00000000

mem[X,0x80000060] -> 0xD793
mem[X,0x80000062] -> 0x019B
[29] [M]: 0x80000060 (0x019BD793) srli a5, s7, 0x19
x15 <- 0x00000000

mem[X,0x80000064] -> 0x6C33
mem[X,0x80000066] -> 0x00FC
[30] [M]: 0x80000064 (0x00FC6C33) or s8, s8, a5
x24 <- 0x00000000

mem[X,0x80000068] -> 0x5C93
mem[X,0x8000006A] -> 0x007C
[31] [M]: 0x80000068 (0x007C5C93) srli s9, s8, 0x7
x25 <- 0x00000000

mem[X,0x8000006C] -> 0x5793
mem[X,0x8000006E] -> 0x019C
[32] [M]: 0x8000006C (0x019C5793) srli a5, s8, 0x19
x15 <- 0x00000000

mem[X,0x80000070] -> 0xECB3
mem[X,0x80000072] -> 0x00FC
[33] [M]: 0x80000070 (0x00FCECB3) or s9, s9, a5
x25 <- 0x00000000

mem[X,0x80000074] -> 0xDD13
mem[X,0x80000076] -> 0x007C
[34] [M]: 0x80000074 (0x007CDD13) srli s10, s9, 0x7
x26 <- 0x00000000

mem[X,0x80000078] -> 0xD793
mem[X,0x8000007A] -> 0x019C
[35] [M]: 0x80000078 (0x019CD793) srli a5, s9, 0x19
x15 <- 0x00000000

mem[X,0x8000007C] -> 0x6D33
mem[X,0x8000007E] -> 0x00FD
[36] [M]: 0x8000007C (0x00FD6D33) or s10, s10, a5
x26 <- 0x00000000

mem[X,0x80000080] -> 0x5D93
mem[X,0x80000082] -> 0x007D
[37] [M]: 0x80000080 (0x007D5D93) srli s11, s10, 0x7
x27 <- 0x00000000

mem[X,0x80000084] -> 0x5793
mem[X,0x80000086] -> 0x019D
[38] [M]: 0x80000084 (0x019D5793) srli a5, s10, 0x19
x15 <- 0x00000000

mem[X,0x80000088] -> 0xEDB3
mem[X,0x8000008A] -> 0x00FD
[39] [M]: 0x80000088 (0x00FDEDB3) or s11, s11, a5
x27 <- 0x00000000

mem[X,0x8000008C] -> 0xDE13
mem[X,0x8000008E] -> 0x007D
[40] [M]: 0x8000008C (0x007DDE13) srli t3, s11, 0x7
x28 <- 0x00000000

mem[X,0x80000090] -> 0xD793
mem[X,0x80000092] -> 0x019D
[41] [M]: 0x80000090 (0x019DD793) srli a5, s11, 0x19
x15 <- 0x00000000

mem[X,0x80000094] -> 0x6E33
mem[X,0x80000096] -> 0x00FE
[42] [M]: 0x80000094 (0x00FE6E33) or t3, t3, a5
x28 <- 0x00000000

mem[X,0x80000098] -> 0x5E93
mem[X,0x8000009A] -> 0x007E
[43] [M]: 0x80000098 (0x007E5E93) srli t4, t3, 0x7
x29 <- 0x00000000

mem[X,0x8000009C] -> 0x5793
mem[X,0x8000009E] -> 0x019E
[44] [M]: 0x8000009C (0x019E5793) srli a5, t3, 0x19
x15 <- 0x00000000

mem[X,0x800000A0] -> 0xEEB3
mem[X,0x800000A2] -> 0x00FE
[45] [M]: 0x800000A0 (0x00FEEEB3) or t4, t4, a5
x29 <- 0x00000000

mem[X,0x800000A4] -> 0xDF13
mem[X,0x800000A6] -> 0x007E
[46] [M]: 0x800000A4 (0x007EDF13) srli t5, t4, 0x7
x30 <- 0x00000000

mem[X,0x800000A8] -> 0xD793
mem[X,0x800000AA] -> 0x019E
[47] [M]: 0x800000A8 (0x019ED793) srli a5, t4, 0x19
x15 <- 0x00000000

mem[X,0x800000AC] -> 0x6F33
mem[X,0x800000AE] -> 0x00FF
[48] [M]: 0x800000AC (0x00FF6F33) or t5, t5, a5
x30 <- 0x00000000

mem[X,0x800000B0] -> 0xC0B7
mem[X,0x800000B2] -> 0xFEED
[49] [M]: 0x800000B0 (0xFEEDC0B7) lui ra, -0x1124
x1 <- 0xFEEDC000

mem[X,0x800000B4] -> 0x8093
mem[X,0x800000B6] -> 0xEAD0
[50] [M]: 0x800000B4 (0xEAD08093) addi ra, ra, -0x153
x1 <- 0xFEEDBEAD

mem[X,0x800000B8] -> 0xD113
mem[X,0x800000BA] -> 0x0070
[51] [M]: 0x800000B8 (0x0070D113) srli sp, ra, 0x7
x2 <- 0x01FDDB7D

mem[X,0x800000BC] -> 0xD793
mem[X,0x800000BE] -> 0x0190
[52] [M]: 0x800000BC (0x0190D793) srli a5, ra, 0x19
x15 <- 0x0000007F

mem[X,0x800000C0] -> 0x6133
mem[X,0x800000C2] -> 0x00F1
[53] [M]: 0x800000C0 (0x00F16133) or sp, sp, a5
x2 <- 0x01FDDB7F

mem[X,0x800000C4] -> 0x5193
mem[X,0x800000C6] -> 0x0071
[54] [M]: 0x800000C4 (0x00715193) srli gp, sp, 0x7
x3 <- 0x0003FBB6

mem[X,0x800000C8] -> 0x5793
mem[X,0x800000CA] -> 0x0191
[55] [M]: 0x800000C8 (0x01915793) srli a5, sp, 0x19
x15 <- 0x00000000

mem[X,0x800000CC] -> 0xE1B3
mem[X,0x800000CE] -> 0x00F1
[56] [M]: 0x800000CC (0x00F1E1B3) or gp, gp, a5
x3 <- 0x0003FBB6

mem[X,0x800000D0] -> 0xD213
mem[X,0x800000D2] -> 0x0071
[57] [M]: 0x800000D0 (0x0071D213) srli tp, gp, 0x7
x4 <- 0x000007F7

mem[X,0x800000D4] -> 0xD793
mem[X,0x800000D6] -> 0x0191
[58] [M]: 0x800000D4 (0x0191D793) srli a5, gp, 0x19
x15 <- 0x00000000

mem[X,0x800000D8] -> 0x6233
mem[X,0x800000DA] -> 0x00F2
[59] [M]: 0x800000D8 (0x00F26233) or tp, tp, a5
x4 <- 0x000007F7

mem[X,0x800000DC] -> 0x5293
mem[X,0x800000DE] -> 0x0072
[60] [M]: 0x800000DC (0x00725293) srli t0, tp, 0x7
x5 <- 0x0000000F

mem[X,0x800000E0] -> 0x5793
mem[X,0x800000E2] -> 0x0192
[61] [M]: 0x800000E0 (0x01925793) srli a5, tp, 0x19
x15 <- 0x00000000

mem[X,0x800000E4] -> 0xE2B3
mem[X,0x800000E6] -> 0x00F2
[62] [M]: 0x800000E4 (0x00F2E2B3) or t0, t0, a5
x5 <- 0x0000000F

mem[X,0x800000E8] -> 0xD313
mem[X,0x800000EA] -> 0x0072
[63] [M]: 0x800000E8 (0x0072D313) srli t1, t0, 0x7
x6 <- 0x00000000

mem[X,0x800000EC] -> 0xD793
mem[X,0x800000EE] -> 0x0192
[64] [M]: 0x800000EC (0x0192D793) srli a5, t0, 0x19
x15 <- 0x00000000

mem[X,0x800000F0] -> 0x6333
mem[X,0x800000F2] -> 0x00F3
[65] [M]: 0x800000F0 (0x00F36333) or t1, t1, a5
x6 <- 0x00000000

mem[X,0x800000F4] -> 0x5393
mem[X,0x800000F6] -> 0x0073
[66] [M]: 0x800000F4 (0x00735393) srli t2, t1, 0x7
x7 <- 0x00000000

mem[X,0x800000F8] -> 0x5793
mem[X,0x800000FA] -> 0x0193
[67] [M]: 0x800000F8 (0x01935793) srli a5, t1, 0x19
x15 <- 0x00000000

mem[X,0x800000FC] -> 0xE3B3
mem[X,0x800000FE] -> 0x00F3
[68] [M]: 0x800000FC (0x00F3E3B3) or t2, t2, a5
x7 <- 0x00000000

mem[X,0x80000100] -> 0xD413
mem[X,0x80000102] -> 0x0073
[69] [M]: 0x80000100 (0x0073D413) srli fp, t2, 0x7
x8 <- 0x00000000

mem[X,0x80000104] -> 0xD793
mem[X,0x80000106] -> 0x0193
[70] [M]: 0x80000104 (0x0193D793) srli a5, t2, 0x19
x15 <- 0x00000000

mem[X,0x80000108] -> 0x6433
mem[X,0x8000010A] -> 0x00F4
[71] [M]: 0x80000108 (0x00F46433) or fp, fp, a5
x8 <- 0x00000000

mem[X,0x8000010C] -> 0x5493
mem[X,0x8000010E] -> 0x0074
[72] [M]: 0x8000010C (0x00745493) srli s1, fp, 0x7
x9 <- 0x00000000

mem[X,0x80000110] -> 0x5793
mem[X,0x80000112] -> 0x0194
[73] [M]: 0x80000110 (0x01945793) srli a5, fp, 0x19
x15 <- 0x00000000

mem[X,0x80000114] -> 0xE4B3
mem[X,0x80000116] -> 0x00F4
[74] [M]: 0x80000114 (0x00F4E4B3) or s1, s1, a5
x9 <- 0x00000000

mem[X,0x80000118] -> 0xD513
mem[X,0x8000011A] -> 0x0074
[75] [M]: 0x80000118 (0x0074D513) srli a0, s1, 0x7
x10 <- 0x00000000

mem[X,0x8000011C] -> 0xD793
mem[X,0x8000011E] -> 0x0194
[76] [M]: 0x8000011C (0x0194D793) srli a5, s1, 0x19
x15 <- 0x00000000

mem[X,0x80000120] -> 0x6533
mem[X,0x80000122] -> 0x00F5
[77] [M]: 0x80000120 (0x00F56533) or a0, a0, a5
x10 <- 0x00000000

mem[X,0x80000124] -> 0x5593
mem[X,0x80000126] -> 0x0075
[78] [M]: 0x80000124 (0x00755593) srli a1, a0, 0x7
x11 <- 0x00000000

mem[X,0x80000128] -> 0x5793
mem[X,0x8000012A] -> 0x0195
[79] [M]: 0x80000128 (0x01955793) srli a5, a0, 0x19
x15 <- 0x00000000

mem[X,0x8000012C] -> 0xE5B3
mem[X,0x8000012E] -> 0x00F5
[80] [M]: 0x8000012C (0x00F5E5B3) or a1, a1, a5
x11 <- 0x00000000

mem[X,0x80000130] -> 0xD613
mem[X,0x80000132] -> 0x0075
[81] [M]: 0x80000130 (0x0075D613) srli a2, a1, 0x7
x12 <- 0x00000000

mem[X,0x80000134] -> 0xD793
mem[X,0x80000136] -> 0x0195
[82] [M]: 0x80000134 (0x0195D793) srli a5, a1, 0x19
x15 <- 0x00000000

mem[X,0x80000138] -> 0x6633
mem[X,0x8000013A] -> 0x00F6
[83] [M]: 0x80000138 (0x00F66633) or a2, a2, a5
x12 <- 0x00000000

mem[X,0x8000013C] -> 0x5693
mem[X,0x8000013E] -> 0x0076
[84] [M]: 0x8000013C (0x00765693) srli a3, a2, 0x7
x13 <- 0x00000000

mem[X,0x80000140] -> 0x5793
mem[X,0x80000142] -> 0x0196
[85] [M]: 0x80000140 (0x01965793) srli a5, a2, 0x19
x15 <- 0x00000000

mem[X,0x80000144] -> 0xE6B3
mem[X,0x80000146] -> 0x00F6
[86] [M]: 0x80000144 (0x00F6E6B3) or a3, a3, a5
x13 <- 0x00000000

mem[X,0x80000148] -> 0x0013
mem[X,0x8000014A] -> 0x0000
[87] [M]: 0x80000148 (0x00000013) addi zero, zero, 0x0

mem[X,0x8000014C] -> 0x0013
mem[X,0x8000014E] -> 0x0000
[88] [M]: 0x8000014C (0x00000013) addi zero, zero, 0x0

mem[X,0x80000150] -> 0x0013
mem[X,0x80000152] -> 0x0000
[89] [M]: 0x80000150 (0x00000013) addi zero, zero, 0x0

mem[X,0x80000154] -> 0x0013
mem[X,0x80000156] -> 0x0000
[90] [M]: 0x80000154 (0x00000013) addi zero, zero, 0x0

mem[X,0x80000158] -> 0x0013
mem[X,0x8000015A] -> 0x0000
[91] [M]: 0x80000158 (0x00000013) addi zero, zero, 0x0

mem[X,0x8000015C] -> 0x0013
mem[X,0x8000015E] -> 0x0000
[92] [M]: 0x8000015C (0x00000013) addi zero, zero, 0x0

mem[X,0x80000160] -> 0x3297
mem[X,0x80000162] -> 0x0000
[93] [M]: 0x80000160 (0x00003297) auipc t0, 0x3
x5 <- 0x80003160

mem[X,0x80000164] -> 0x8293
mem[X,0x80000166] -> 0xFB42
[94] [M]: 0x80000164 (0xFB428293) addi t0, t0, -0x4c
x5 <- 0x80003114

mem[X,0x80000168] -> 0x0013
mem[X,0x8000016A] -> 0x0000
[95] [M]: 0x80000168 (0x00000013) addi zero, zero, 0x0

mem[X,0x8000016C] -> 0x0013
mem[X,0x8000016E] -> 0x0000
[96] [M]: 0x8000016C (0x00000013) addi zero, zero, 0x0

mem[X,0x80000170] -> 0x0013
mem[X,0x80000172] -> 0x0000
[97] [M]: 0x80000170 (0x00000013) addi zero, zero, 0x0

mem[X,0x80000174] -> 0x0013
mem[X,0x80000176] -> 0x0000
[98] [M]: 0x80000174 (0x00000013) addi zero, zero, 0x0

mem[X,0x80000178] -> 0x0013
mem[X,0x8000017A] -> 0x0000
[99] [M]: 0x80000178 (0x00000013) addi zero, zero, 0x0

clint::tick mtime <- 0x0000000000000001
 clint timer pending at mtime 0x0000000000000001
htif::tick 0x0000000000000000
mem[X,0x8000017C] -> 0x0013
mem[X,0x8000017E] -> 0x0000
[100] [M]: 0x8000017C (0x00000013) addi zero, zero, 0x0

mem[X,0x80000180] -> 0x8C37
mem[X,0x80000182] -> 0x0006
[101] [M]: 0x80000180 (0x00068C37) lui s8, 0x68
x24 <- 0x00068000

mem[X,0x80000184] -> 0x0037
mem[X,0x80000186] -> 0x8000
[102] [M]: 0x80000184 (0x80000037) lui zero, -0x80000

mem[X,0x80000188] -> 0x0013
mem[X,0x8000018A] -> 0xDFF0
[103] [M]: 0x80000188 (0xDFF00013) addi zero, zero, -0x201

mem[X,0x8000018C] -> 0x033B
mem[X,0x8000018E] -> 0xC80C
[104] [M]: 0x8000018C (0xC80C033B) pdif.h t1, s8, zero
x6 <- 0x00067FFF

mem[X,0x80000190] -> 0xA023
mem[X,0x80000192] -> 0x0062
[105] [M]: 0x80000190 (0x0062A023) sw t1, 0x0(t0)
mem[0x80003114] <- 0x00067FFF

mem[X,0x80000194] -> 0x0237
mem[X,0x80000196] -> 0xC001
[106] [M]: 0x80000194 (0xC0010237) lui tp, -0x3fff0
x4 <- 0xC0010000

mem[X,0x80000198] -> 0x0213
mem[X,0x8000019A] -> 0xFFF2
[107] [M]: 0x80000198 (0xFFF20213) addi tp, tp, -0x1
x4 <- 0xC000FFFF

mem[X,0x8000019C] -> 0x0237
mem[X,0x8000019E] -> 0xFFFF
[108] [M]: 0x8000019C (0xFFFF0237) lui tp, -0x10
x4 <- 0xFFFF0000

mem[X,0x800001A0] -> 0x0213
mem[X,0x800001A2] -> 0xFFB2
[109] [M]: 0x800001A0 (0xFFB20213) addi tp, tp, -0x5
x4 <- 0xFFFEFFFB

mem[X,0x800001A4] -> 0x023B
mem[X,0x800001A6] -> 0xC842
[110] [M]: 0x800001A4 (0xC842023B) pdif.h tp, tp, tp
x4 <- 0x00000000

mem[X,0x800001A8] -> 0xA223
mem[X,0x800001AA] -> 0x0042
[111] [M]: 0x800001A8 (0x0042A223) sw tp, 0x4(t0)
mem[0x80003118] <- 0x00000000

mem[X,0x800001AC] -> 0x07B7
mem[X,0x800001AE] -> 0xEFFF
[112] [M]: 0x800001AC (0xEFFF07B7) lui a5, -0x10010
x15 <- 0xEFFF0000

mem[X,0x800001B0] -> 0x17B7
mem[X,0x800001B2] -> 0x0400
[113] [M]: 0x800001B0 (0x040017B7) lui a5, 0x4001
x15 <- 0x04001000

mem[X,0x800001B4] -> 0x8793
mem[X,0x800001B6] -> 0x8007
[114] [M]: 0x800001B4 (0x80078793) addi a5, a5, -0x800
x15 <- 0x04000800

mem[X,0x800001B8] -> 0x863B
mem[X,0x800001BA] -> 0xC8F7
[115] [M]: 0x800001B8 (0xC8F7863B) pdif.h a2, a5, a5
x12 <- 0x00000000

mem[X,0x800001BC] -> 0xA423
mem[X,0x800001BE] -> 0x00C2
[116] [M]: 0x800001BC (0x00C2A423) sw a2, 0x8(t0)
mem[0x8000311C] <- 0x00000000

mem[X,0x800001C0] -> 0x0EB7
mem[X,0x800001C2] -> 0xFFFE
[117] [M]: 0x800001C0 (0xFFFE0EB7) lui t4, -0x20
x29 <- 0xFFFE0000

mem[X,0x800001C4] -> 0x8E93
mem[X,0x800001C6] -> 0x001E
[118] [M]: 0x800001C4 (0x001E8E93) addi t4, t4, 0x1
x29 <- 0xFFFE0001

mem[X,0x800001C8] -> 0x0837
mem[X,0x800001CA] -> 0xFBFF
[119] [M]: 0x800001C8 (0xFBFF0837) lui a6, -0x4010
x16 <- 0xFBFF0000

mem[X,0x800001CC] -> 0x0813
mem[X,0x800001CE] -> 0x0088
[120] [M]: 0x800001CC (0x00880813) addi a6, a6, 0x8
x16 <- 0xFBFF0008

mem[X,0x800001D0] -> 0x883B
mem[X,0x800001D2] -> 0xC90E
[121] [M]: 0x800001D0 (0xC90E883B) pdif.h a6, t4, a6
x16 <- 0x03FF0007

mem[X,0x800001D4] -> 0xA623
mem[X,0x800001D6] -> 0x0102
[122] [M]: 0x800001D4 (0x0102A623) sw a6, 0xc(t0)
mem[0x80003120] <- 0x03FF0007

mem[X,0x800001D8] -> 0x8137
mem[X,0x800001DA] -> 0xFFDF
[123] [M]: 0x800001D8 (0xFFDF8137) lui sp, -0x208
x2 <- 0xFFDF8000

mem[X,0x800001DC] -> 0x0113
mem[X,0x800001DE] -> 0xFFF1
[124] [M]: 0x800001DC (0xFFF10113) addi sp, sp, -0x1
x2 <- 0xFFDF7FFF

mem[X,0x800001E0] -> 0x0337
mem[X,0x800001E2] -> 0xEFFF
[125] [M]: 0x800001E0 (0xEFFF0337) lui t1, -0x10010
x6 <- 0xEFFF0000

mem[X,0x800001E4] -> 0x0313
mem[X,0x800001E6] -> 0x0803
[126] [M]: 0x800001E4 (0x08030313) addi t1, t1, 0x80
x6 <- 0xEFFF0080

mem[X,0x800001E8] -> 0x013B
mem[X,0x800001EA] -> 0xC861
[127] [M]: 0x800001E8 (0xC861013B) pdif.h sp, sp, t1
x2 <- 0x0FE07F7F

mem[X,0x800001EC] -> 0xA823
mem[X,0x800001EE] -> 0x0022
[128] [M]: 0x800001EC (0x0022A823) sw sp, 0x10(t0)
mem[0x80003124] <- 0x0FE07F7F

mem[X,0x800001F0] -> 0x0837
mem[X,0x800001F2] -> 0xFEFF
[129] [M]: 0x800001F0 (0xFEFF0837) lui a6, -0x1010
x16 <- 0xFEFF0000

mem[X,0x800001F4] -> 0x0813
mem[X,0x800001F6] -> 0x0028
[130] [M]: 0x800001F4 (0x00280813) addi a6, a6, 0x2
x16 <- 0xFEFF0002

mem[X,0x800001F8] -> 0x0437
mem[X,0x800001FA] -> 0x0040
[131] [M]: 0x800001F8 (0x00400437) lui fp, 0x400
x8 <- 0x00400000

mem[X,0x800001FC] -> 0x0413
mem[X,0x800001FE] -> 0x0054
[132] [M]: 0x800001FC (0x00540413) addi fp, fp, 0x5
x8 <- 0x00400005

mem[X,0x80000200] -> 0x0DBB
mem[X,0x80000202] -> 0xC888
[133] [M]: 0x80000200 (0xC8880DBB) pdif.h s11, a6, fp
x27 <- 0x01410003

mem[X,0x80000204] -> 0xAA23
mem[X,0x80000206] -> 0x01B2
[134] [M]: 0x80000204 (0x01B2AA23) sw s11, 0x14(t0)
mem[0x80003128] <- 0x01410003

mem[X,0x80000208] -> 0x0E37
mem[X,0x8000020A] -> 0xAAAA
[135] [M]: 0x80000208 (0xAAAA0E37) lui t3, -0x55560
x28 <- 0xAAAA0000

mem[X,0x8000020C] -> 0x0E13
mem[X,0x8000020E] -> 0x004E
[136] [M]: 0x8000020C (0x004E0E13) addi t3, t3, 0x4
x28 <- 0xAAAA0004

mem[X,0x80000210] -> 0x4137
mem[X,0x80000212] -> 0x0040
[137] [M]: 0x80000210 (0x00404137) lui sp, 0x404
x2 <- 0x00404000

mem[X,0x80000214] -> 0x0EBB
mem[X,0x80000216] -> 0xC82E
[138] [M]: 0x80000214 (0xC82E0EBB) pdif.h t4, t3, sp
x29 <- 0x55963FFC

mem[X,0x80000218] -> 0xAC23
mem[X,0x8000021A] -> 0x01D2
[139] [M]: 0x80000218 (0x01D2AC23) sw t4, 0x18(t0)
mem[0x8000312C] <- 0x55963FFC

mem[X,0x8000021C] -> 0x00B7
mem[X,0x8000021E] -> 0x0080
[140] [M]: 0x8000021C (0x008000B7) lui ra, 0x800
x1 <- 0x00800000

mem[X,0x80000220] -> 0x8093
mem[X,0x80000222] -> 0x0080
[141] [M]: 0x80000220 (0x00808093) addi ra, ra, 0x8
x1 <- 0x00800008

mem[X,0x80000224] -> 0x0D37
mem[X,0x80000226] -> 0x1000
[142] [M]: 0x80000224 (0x10000D37) lui s10, 0x10000
x26 <- 0x10000000

mem[X,0x80000228] -> 0x0D13
mem[X,0x8000022A] -> 0x005D
[143] [M]: 0x80000228 (0x005D0D13) addi s10, s10, 0x5
x26 <- 0x10000005

mem[X,0x8000022C] -> 0x8ABB
mem[X,0x8000022E] -> 0xC9A0
[144] [M]: 0x8000022C (0xC9A08ABB) pdif.h s5, ra, s10
x21 <- 0x0F800003

mem[X,0x80000230] -> 0xAE23
mem[X,0x80000232] -> 0x0152
[145] [M]: 0x80000230 (0x0152AE23) sw s5, 0x1c(t0)
mem[0x80003130] <- 0x0F800003

mem[X,0x80000234] -> 0x0BB7
mem[X,0x80000236] -> 0x0009
[146] [M]: 0x80000234 (0x00090BB7) lui s7, 0x90
x23 <- 0x00090000

mem[X,0x80000238] -> 0x8B93
mem[X,0x8000023A] -> 0x010B
[147] [M]: 0x80000238 (0x010B8B93) addi s7, s7, 0x10
x23 <- 0x00090010

mem[X,0x8000023C] -> 0x25B7
mem[X,0x8000023E] -> 0x7FFF
[148] [M]: 0x8000023C (0x7FFF25B7) lui a1, 0x7fff2
x11 <- 0x7FFF2000

mem[X,0x80000240] -> 0x81BB
mem[X,0x80000242] -> 0xC8BB
[149] [M]: 0x80000240 (0xC8BB81BB) pdif.h gp, s7, a1
x3 <- 0x7FF61FF0

mem[X,0x80000244] -> 0xA023
mem[X,0x80000246] -> 0x0232
[150] [M]: 0x80000244 (0x0232A023) sw gp, 0x20(t0)
mem[0x80003134] <- 0x7FF61FF0

mem[X,0x80000248] -> 0x03B7
mem[X,0x8000024A] -> 0x5555
[151] [M]: 0x80000248 (0x555503B7) lui t2, 0x55550
x7 <- 0x55550000

mem[X,0x8000024C] -> 0x8393
mem[X,0x8000024E] -> 0x0203
[152] [M]: 0x8000024C (0x02038393) addi t2, t2, 0x20
x7 <- 0x55550020

mem[X,0x80000250] -> 0x0DB7
mem[X,0x80000252] -> 0x0005
[153] [M]: 0x80000250 (0x00050DB7) lui s11, 0x50
x27 <- 0x00050000

mem[X,0x80000254] -> 0x8D93
mem[X,0x80000256] -> 0xEFFD
[154] [M]: 0x80000254 (0xEFFD8D93) addi s11, s11, -0x101
x27 <- 0x0004FEFF

mem[X,0x80000258] -> 0x8D3B
mem[X,0x8000025A] -> 0xC9B3
[155] [M]: 0x80000258 (0xC9B38D3B) pdif.h s10, t2, s11
x26 <- 0x55510121

mem[X,0x8000025C] -> 0xA223
mem[X,0x8000025E] -> 0x03A2
[156] [M]: 0x8000025C (0x03A2A223) sw s10, 0x24(t0)
mem[0x80003138] <- 0x55510121

mem[X,0x80000260] -> 0x0CB7
mem[X,0x80000262] -> 0xFFFC
[157] [M]: 0x80000260 (0xFFFC0CB7) lui s9, -0x40
x25 <- 0xFFFC0000

mem[X,0x80000264] -> 0x8C93
mem[X,0x80000266] -> 0x040C
[158] [M]: 0x80000264 (0x040C8C93) addi s9, s9, 0x40
x25 <- 0xFFFC0040

mem[X,0x80000268] -> 0x2AB7
mem[X,0x8000026A] -> 0x7FFF
[159] [M]: 0x80000268 (0x7FFF2AB7) lui s5, 0x7fff2
x21 <- 0x7FFF2000

mem[X,0x8000026C] -> 0x89BB
mem[X,0x8000026E] -> 0xC95C
[160] [M]: 0x8000026C (0xC95C89BB) pdif.h s3, s9, s5
x19 <- 0x7FFD1FC0

mem[X,0x80000270] -> 0xA423
mem[X,0x80000272] -> 0x0332
[161] [M]: 0x80000270 (0x0332A423) sw s3, 0x28(t0)
mem[0x8000313C] <- 0x7FFD1FC0

mem[X,0x80000274] -> 0x0437
mem[X,0x80000276] -> 0x0002
[162] [M]: 0x80000274 (0x00020437) lui fp, 0x20
x8 <- 0x00020000

mem[X,0x80000278] -> 0x0413
mem[X,0x8000027A] -> 0x0804
[163] [M]: 0x80000278 (0x08040413) addi fp, fp, 0x80
x8 <- 0x00020080

mem[X,0x8000027C] -> 0xB637
mem[X,0x8000027E] -> 0x0040
[164] [M]: 0x8000027C (0x0040B637) lui a2, 0x40b
x12 <- 0x0040B000

mem[X,0x80000280] -> 0x0613
mem[X,0x80000282] -> 0xAAA6
[165] [M]: 0x80000280 (0xAAA60613) addi a2, a2, -0x556
x12 <- 0x0040AAAA

mem[X,0x80000284] -> 0x0B3B
mem[X,0x80000286] -> 0xC8C4
[166] [M]: 0x80000284 (0xC8C40B3B) pdif.h s6, fp, a2
x22 <- 0x003E55D6

mem[X,0x80000288] -> 0xA623
mem[X,0x8000028A] -> 0x0362
[167] [M]: 0x80000288 (0x0362A623) sw s6, 0x2c(t0)
mem[0x80003140] <- 0x003E55D6

mem[X,0x8000028C] -> 0x04B7
mem[X,0x8000028E] -> 0x5555
[168] [M]: 0x8000028C (0x555504B7) lui s1, 0x55550
x9 <- 0x55550000

mem[X,0x80000290] -> 0x8493
mem[X,0x80000292] -> 0x1004
[169] [M]: 0x80000290 (0x10048493) addi s1, s1, 0x100
x9 <- 0x55550100

mem[X,0x80000294] -> 0xF937
mem[X,0x80000296] -> 0x2000
[170] [M]: 0x80000294 (0x2000F937) lui s2, 0x2000f
x18 <- 0x2000F000

mem[X,0x80000298] -> 0x0913
mem[X,0x8000029A] -> 0xFFF9
[171] [M]: 0x80000298 (0xFFF90913) addi s2, s2, -0x1
x18 <- 0x2000EFFF

mem[X,0x8000029C] -> 0x8BBB
mem[X,0x8000029E] -> 0xC924
[172] [M]: 0x8000029C (0xC9248BBB) pdif.h s7, s1, s2
x23 <- 0x35551101

mem[X,0x800002A0] -> 0xA823
mem[X,0x800002A2] -> 0x0372
[173] [M]: 0x800002A0 (0x0372A823) sw s7, 0x30(t0)
mem[0x80003144] <- 0x35551101

mem[X,0x800002A4] -> 0x01B7
mem[X,0x800002A6] -> 0x0080
[174] [M]: 0x800002A4 (0x008001B7) lui gp, 0x800
x3 <- 0x00800000

mem[X,0x800002A8] -> 0x8193
mem[X,0x800002AA] -> 0x2001
[175] [M]: 0x800002A8 (0x20018193) addi gp, gp, 0x200
x3 <- 0x00800200

mem[X,0x800002AC] -> 0x0A37
mem[X,0x800002AE] -> 0x0005
[176] [M]: 0x800002AC (0x00050A37) lui s4, 0x50
x20 <- 0x00050000

mem[X,0x800002B0] -> 0x0A13
mem[X,0x800002B2] -> 0x006A
[177] [M]: 0x800002B0 (0x006A0A13) addi s4, s4, 0x6
x20 <- 0x00050006

mem[X,0x800002B4] -> 0x87BB
mem[X,0x800002B6] -> 0xC941
[178] [M]: 0x800002B4 (0xC94187BB) pdif.h a5, gp, s4
x15 <- 0x007B01FA

mem[X,0x800002B8] -> 0xAA23
mem[X,0x800002BA] -> 0x02F2
[179] [M]: 0x800002B8 (0x02F2AA23) sw a5, 0x34(t0)
mem[0x80003148] <- 0x007B01FA

mem[X,0x800002BC] -> 0x0337
mem[X,0x800002BE] -> 0xBFFF
[180] [M]: 0x800002BC (0xBFFF0337) lui t1, -0x40010
x6 <- 0xBFFF0000

mem[X,0x800002C0] -> 0x0313
mem[X,0x800002C2] -> 0x4003
[181] [M]: 0x800002C0 (0x40030313) addi t1, t1, 0x400
x6 <- 0xBFFF0400

mem[X,0x800002C4] -> 0x0737
mem[X,0x800002C6] -> 0xFFE0
[182] [M]: 0x800002C4 (0xFFE00737) lui a4, -0x200
x14 <- 0xFFE00000

mem[X,0x800002C8] -> 0x0713
mem[X,0x800002CA] -> 0xFF77
[183] [M]: 0x800002C8 (0xFF770713) addi a4, a4, -0x9
x14 <- 0xFFDFFFF7

mem[X,0x800002CC] -> 0x0CBB
mem[X,0x800002CE] -> 0xC8E3
[184] [M]: 0x800002CC (0xC8E30CBB) pdif.h s9, t1, a4
x25 <- 0x3FE00409

mem[X,0x800002D0] -> 0xAC23
mem[X,0x800002D2] -> 0x0392
[185] [M]: 0x800002D0 (0x0392AC23) sw s9, 0x38(t0)
mem[0x8000314C] <- 0x3FE00409

mem[X,0x800002D4] -> 0x1FB7
mem[X,0x800002D6] -> 0xDFFF
[186] [M]: 0x800002D4 (0xDFFF1FB7) lui t6, -0x2000f
x31 <- 0xDFFF1000

mem[X,0x800002D8] -> 0x8F93
mem[X,0x800002DA] -> 0x800F
[187] [M]: 0x800002D8 (0x800F8F93) addi t6, t6, -0x800
x31 <- 0xDFFF0800

mem[X,0x800002DC] -> 0xC9B7
mem[X,0x800002DE] -> 0xFFFC
[188] [M]: 0x800002DC (0xFFFCC9B7) lui s3, -0x34
x19 <- 0xFFFCC000

mem[X,0x800002E0] -> 0x85BB
mem[X,0x800002E2] -> 0xC93F
[189] [M]: 0x800002E0 (0xC93F85BB) pdif.h a1, t6, s3
x11 <- 0x1FFD4800

mem[X,0x800002E4] -> 0xAE23
mem[X,0x800002E6] -> 0x02B2
[190] [M]: 0x800002E4 (0x02B2AE23) sw a1, 0x3c(t0)
mem[0x80003150] <- 0x1FFD4800

mem[X,0x800002E8] -> 0x0013
mem[X,0x800002EA] -> 0x0000
[191] [M]: 0x800002E8 (0x00000013) addi zero, zero, 0x0

mem[X,0x800002EC] -> 0x0013
mem[X,0x800002EE] -> 0x0000
[192] [M]: 0x800002EC (0x00000013) addi zero, zero, 0x0

mem[X,0x800002F0] -> 0x0013
mem[X,0x800002F2] -> 0x0000
[193] [M]: 0x800002F0 (0x00000013) addi zero, zero, 0x0

mem[X,0x800002F4] -> 0x0013
mem[X,0x800002F6] -> 0x0000
[194] [M]: 0x800002F4 (0x00000013) addi zero, zero, 0x0

mem[X,0x800002F8] -> 0x0013
mem[X,0x800002FA] -> 0x0000
[195] [M]: 0x800002F8 (0x00000013) addi zero, zero, 0x0

mem[X,0x800002FC] -> 0x0013
mem[X,0x800002FE] -> 0x0000
[196] [M]: 0x800002FC (0x00000013) addi zero, zero, 0x0

mem[X,0x80000300] -> 0x3117
mem[X,0x80000302] -> 0x0000
[197] [M]: 0x80000300 (0x00003117) auipc sp, 0x3
x2 <- 0x80003300

mem[X,0x80000304] -> 0x0113
mem[X,0x80000306] -> 0xE541
[198] [M]: 0x80000304 (0xE5410113) addi sp, sp, -0x1ac
x2 <- 0x80003154

mem[X,0x80000308] -> 0x0013
mem[X,0x8000030A] -> 0x0000
[199] [M]: 0x80000308 (0x00000013) addi zero, zero, 0x0

clint::tick mtime <- 0x0000000000000002
 clint timer pending at mtime 0x0000000000000002
htif::tick 0x0000000000000000
mem[X,0x8000030C] -> 0x0013
mem[X,0x8000030E] -> 0x0000
[200] [M]: 0x8000030C (0x00000013) addi zero, zero, 0x0

mem[X,0x80000310] -> 0x0013
mem[X,0x80000312] -> 0x0000
[201] [M]: 0x80000310 (0x00000013) addi zero, zero, 0x0

mem[X,0x80000314] -> 0x0013
mem[X,0x80000316] -> 0x0000
[202] [M]: 0x80000314 (0x00000013) addi zero, zero, 0x0

mem[X,0x80000318] -> 0x0013
mem[X,0x8000031A] -> 0x0000
[203] [M]: 0x80000318 (0x00000013) addi zero, zero, 0x0

mem[X,0x8000031C] -> 0x0013
mem[X,0x8000031E] -> 0x0000
[204] [M]: 0x8000031C (0x00000013) addi zero, zero, 0x0

mem[X,0x80000320] -> 0x1AB7
mem[X,0x80000322] -> 0x0001
[205] [M]: 0x80000320 (0x00011AB7) lui s5, 0x11
x21 <- 0x00011000

mem[X,0x80000324] -> 0x0C37
mem[X,0x80000326] -> 0xFFFB
[206] [M]: 0x80000324 (0xFFFB0C37) lui s8, -0x50
x24 <- 0xFFFB0000

mem[X,0x80000328] -> 0x0C13
mem[X,0x8000032A] -> 0xFFEC
[207] [M]: 0x80000328 (0xFFEC0C13) addi s8, s8, -0x2
x24 <- 0xFFFAFFFE

mem[X,0x8000032C] -> 0x853B
mem[X,0x8000032E] -> 0xC98A
[208] [M]: 0x8000032C (0xC98A853B) pdif.h a0, s5, s8
x10 <- 0x00071002

mem[X,0x80000330] -> 0x2023
mem[X,0x80000332] -> 0x00A1
[209] [M]: 0x80000330 (0x00A12023) sw a0, 0x0(sp)
mem[0x80003154] <- 0x00071002

mem[X,0x80000334] -> 0x2037
mem[X,0x80000336] -> 0xFFEF
[210] [M]: 0x80000334 (0xFFEF2037) lui zero, -0x10e

mem[X,0x80000338] -> 0xF6B7
mem[X,0x8000033A] -> 0xFFFA
[211] [M]: 0x80000338 (0xFFFAF6B7) lui a3, -0x51
x13 <- 0xFFFAF000

mem[X,0x8000033C] -> 0x8693
mem[X,0x8000033E] -> 0x7FF6
[212] [M]: 0x8000033C (0x7FF68693) addi a3, a3, 0x7ff
x13 <- 0xFFFAF7FF

mem[X,0x80000340] -> 0x00BB
mem[X,0x80000342] -> 0xC8D0
[213] [M]: 0x80000340 (0xC8D000BB) pdif.h ra, zero, a3
x1 <- 0x00060801

mem[X,0x80000344] -> 0x2223
mem[X,0x80000346] -> 0x0011
[214] [M]: 0x80000344 (0x00112223) sw ra, 0x4(sp)
mem[0x80003158] <- 0x00060801

mem[X,0x80000348] -> 0x4537
mem[X,0x8000034A] -> 0xC000
[215] [M]: 0x80000348 (0xC0004537) lui a0, -0x3fffc
x10 <- 0xC0004000

mem[X,0x8000034C] -> 0x03B7
mem[X,0x8000034E] -> 0x0201
[216] [M]: 0x8000034C (0x020103B7) lui t2, 0x2010
x7 <- 0x02010000

mem[X,0x80000350] -> 0x8393
mem[X,0x80000352] -> 0xFEF3
[217] [M]: 0x80000350 (0xFEF38393) addi t2, t2, -0x11
x7 <- 0x0200FFEF

mem[X,0x80000354] -> 0x06BB
mem[X,0x80000356] -> 0xC875
[218] [M]: 0x80000354 (0xC87506BB) pdif.h a3, a0, t2
x13 <- 0x42004011

mem[X,0x80000358] -> 0x2423
mem[X,0x8000035A] -> 0x00D1
[219] [M]: 0x80000358 (0x00D12423) sw a3, 0x8(sp)
mem[0x8000315C] <- 0x42004011

mem[X,0x8000035C] -> 0x0637
mem[X,0x8000035E] -> 0x0001
[220] [M]: 0x8000035C (0x00010637) lui a2, 0x10
x12 <- 0x00010000

mem[X,0x80000360] -> 0x0613
mem[X,0x80000362] -> 0xFFE6
[221] [M]: 0x80000360 (0xFFE60613) addi a2, a2, -0x2
x12 <- 0x0000FFFE

mem[X,0x80000364] -> 0x08B7
mem[X,0x80000366] -> 0x000A
[222] [M]: 0x80000364 (0x000A08B7) lui a7, 0xa0
x17 <- 0x000A0000

mem[X,0x80000368] -> 0x8893
mem[X,0x8000036A] -> 0xEFF8
[223] [M]: 0x80000368 (0xEFF88893) addi a7, a7, -0x101
x17 <- 0x0009FEFF

mem[X,0x8000036C] -> 0x03BB
mem[X,0x8000036E] -> 0xC916
[224] [M]: 0x8000036C (0xC91603BB) pdif.h t2, a2, a7
x7 <- 0x000900FF

mem[X,0x80000370] -> 0x2623
mem[X,0x80000372] -> 0x0071
[225] [M]: 0x80000370 (0x00712623) sw t2, 0xc(sp)
mem[0x80003160] <- 0x000900FF

mem[X,0x80000374] -> 0x0B37
mem[X,0x80000376] -> 0x0401
[226] [M]: 0x80000374 (0x04010B37) lui s6, 0x4010
x22 <- 0x04010000

mem[X,0x80000378] -> 0x0B13
mem[X,0x8000037A] -> 0xFFDB
[227] [M]: 0x80000378 (0xFFDB0B13) addi s6, s6, -0x3
x22 <- 0x0400FFFD

mem[X,0x8000037C] -> 0x0E37
mem[X,0x8000037E] -> 0x0101
[228] [M]: 0x8000037C (0x01010E37) lui t3, 0x1010
x28 <- 0x01010000

mem[X,0x80000380] -> 0x0E13
mem[X,0x80000382] -> 0xDFFE
[229] [M]: 0x80000380 (0xDFFE0E13) addi t3, t3, -0x201
x28 <- 0x0100FDFF

mem[X,0x80000384] -> 0x04BB
mem[X,0x80000386] -> 0xC9CB
[230] [M]: 0x80000384 (0xC9CB04BB) pdif.h s1, s6, t3
x9 <- 0x030001FE

mem[X,0x80000388] -> 0x2823
mem[X,0x8000038A] -> 0x0091
[231] [M]: 0x80000388 (0x00912823) sw s1, 0x10(sp)
mem[0x80003164] <- 0x030001FE

mem[X,0x8000038C] -> 0x0A37
mem[X,0x8000038E] -> 0x0003
[232] [M]: 0x8000038C (0x00030A37) lui s4, 0x30
x20 <- 0x00030000

mem[X,0x80000390] -> 0x0A13
mem[X,0x80000392] -> 0xFFBA
[233] [M]: 0x80000390 (0xFFBA0A13) addi s4, s4, -0x5
x20 <- 0x0002FFFB

mem[X,0x80000394] -> 0x0537
mem[X,0x80000396] -> 0x0007
[234] [M]: 0x80000394 (0x00070537) lui a0, 0x70
x10 <- 0x00070000

mem[X,0x80000398] -> 0x0513
mem[X,0x8000039A] -> 0x0015
[235] [M]: 0x80000398 (0x00150513) addi a0, a0, 0x1
x10 <- 0x00070001

mem[X,0x8000039C] -> 0x093B
mem[X,0x8000039E] -> 0xC8AA
[236] [M]: 0x8000039C (0xC8AA093B) pdif.h s2, s4, a0
x18 <- 0x00050006

mem[X,0x800003A0] -> 0x2A23
mem[X,0x800003A2] -> 0x0121
[237] [M]: 0x800003A0 (0x01212A23) sw s2, 0x14(sp)
mem[0x80003168] <- 0x00050006

mem[X,0x800003A4] -> 0x02B7
mem[X,0x800003A6] -> 0xFFE0
[238] [M]: 0x800003A4 (0xFFE002B7) lui t0, -0x200
x5 <- 0xFFE00000

mem[X,0x800003A8] -> 0x8293
mem[X,0x800003AA] -> 0xFF72
[239] [M]: 0x800003A8 (0xFF728293) addi t0, t0, -0x9
x5 <- 0xFFDFFFF7

mem[X,0x800003AC] -> 0x40B7
mem[X,0x800003AE] -> 0xFFFE
[240] [M]: 0x800003AC (0xFFFE40B7) lui ra, -0x1c
x1 <- 0xFFFE4000

mem[X,0x800003B0] -> 0x843B
mem[X,0x800003B2] -> 0xC812
[241] [M]: 0x800003B0 (0xC812843B) pdif.h fp, t0, ra
x8 <- 0x001F4009

mem[X,0x800003B4] -> 0x2C23
mem[X,0x800003B6] -> 0x0081
[242] [M]: 0x800003B4 (0x00812C23) sw fp, 0x18(sp)
mem[0x8000316C] <- 0x001F4009

mem[X,0x800003B8] -> 0x0DB7
mem[X,0x800003BA] -> 0xFFF8
[243] [M]: 0x800003B8 (0xFFF80DB7) lui s11, -0x80
x27 <- 0xFFF80000

mem[X,0x800003BC] -> 0x8D93
mem[X,0x800003BE] -> 0xFEFD
[244] [M]: 0x800003BC (0xFEFD8D93) addi s11, s11, -0x11
x27 <- 0xFFF7FFEF

mem[X,0x800003C0] -> 0x01B7
mem[X,0x800003C2] -> 0xFFFA
[245] [M]: 0x800003C0 (0xFFFA01B7) lui gp, -0x60
x3 <- 0xFFFA0000

mem[X,0x800003C4] -> 0x8FBB
mem[X,0x800003C6] -> 0xC83D
[246] [M]: 0x800003C4 (0xC83D8FBB) pdif.h t6, s11, gp
x31 <- 0x00030011

mem[X,0x800003C8] -> 0x2E23
mem[X,0x800003CA] -> 0x01F1
[247] [M]: 0x800003C8 (0x01F12E23) sw t6, 0x1c(sp)
mem[0x80003170] <- 0x00030011

mem[X,0x800003CC] -> 0x05B7
mem[X,0x800003CE] -> 0x0001
[248] [M]: 0x800003CC (0x000105B7) lui a1, 0x10
x11 <- 0x00010000

mem[X,0x800003D0] -> 0x8593
mem[X,0x800003D2] -> 0xFDF5
[249] [M]: 0x800003D0 (0xFDF58593) addi a1, a1, -0x21
x11 <- 0x0000FFDF

mem[X,0x800003D4] -> 0x2EB7
mem[X,0x800003D6] -> 0xFFFC
[250] [M]: 0x800003D4 (0xFFFC2EB7) lui t4, -0x3e
x29 <- 0xFFFC2000

mem[X,0x800003D8] -> 0x8F3B
mem[X,0x800003DA] -> 0xC9D5
[251] [M]: 0x800003D8 (0xC9D58F3B) pdif.h t5, a1, t4
x30 <- 0x00042021

mem[X,0x800003DC] -> 0x2023
mem[X,0x800003DE] -> 0x03E1
[252] [M]: 0x800003DC (0x03E12023) sw t5, 0x20(sp)
mem[0x80003174] <- 0x00042021

mem[X,0x800003E0] -> 0x0737
mem[X,0x800003E2] -> 0x0008
[253] [M]: 0x800003E0 (0x00080737) lui a4, 0x80
x14 <- 0x00080000

mem[X,0x800003E4] -> 0x0713
mem[X,0x800003E6] -> 0xFBF7
[254] [M]: 0x800003E4 (0xFBF70713) addi a4, a4, -0x41
x14 <- 0x0007FFBF

mem[X,0x800003E8] -> 0x02B7
mem[X,0x800003EA] -> 0x0010
[255] [M]: 0x800003E8 (0x001002B7) lui t0, 0x100
x5 <- 0x00100000

mem[X,0x800003EC] -> 0x08BB
mem[X,0x800003EE] -> 0xC857
[256] [M]: 0x800003EC (0xC85708BB) pdif.h a7, a4, t0
x17 <- 0x00090041

mem[X,0x800003F0] -> 0x2223
mem[X,0x800003F2] -> 0x0311
[257] [M]: 0x800003F0 (0x03112223) sw a7, 0x24(sp)
mem[0x80003178] <- 0x00090041

mem[X,0x800003F4] -> 0x0937
mem[X,0x800003F6] -> 0xF000
[258] [M]: 0x800003F4 (0xF0000937) lui s2, -0x10000
x18 <- 0xF0000000

mem[X,0x800003F8] -> 0x0913
mem[X,0x800003FA] -> 0xF7F9
[259] [M]: 0x800003F8 (0xF7F90913) addi s2, s2, -0x81
x18 <- 0xEFFFFF7F

mem[X,0x800003FC] -> 0x0F37
mem[X,0x800003FE] -> 0xFFF9
[260] [M]: 0x800003FC (0xFFF90F37) lui t5, -0x70
x30 <- 0xFFF90000

mem[X,0x80000400] -> 0x0F13
mem[X,0x80000402] -> 0xFDFF
[261] [M]: 0x80000400 (0xFDFF0F13) addi t5, t5, -0x21
x30 <- 0xFFF8FFDF

mem[X,0x80000404] -> 0x073B
mem[X,0x80000406] -> 0xC9E9
[262] [M]: 0x80000404 (0xC9E9073B) pdif.h a4, s2, t5
x14 <- 0x0FF90060

mem[X,0x80000408] -> 0x2423
mem[X,0x8000040A] -> 0x02E1
[263] [M]: 0x80000408 (0x02E12423) sw a4, 0x28(sp)
mem[0x8000317C] <- 0x0FF90060

mem[X,0x8000040C] -> 0x09B7
mem[X,0x8000040E] -> 0x0801
[264] [M]: 0x8000040C (0x080109B7) lui s3, 0x8010
x19 <- 0x08010000

mem[X,0x80000410] -> 0x8993
mem[X,0x80000412] -> 0xEFF9
[265] [M]: 0x80000410 (0xEFF98993) addi s3, s3, -0x101
x19 <- 0x0800FEFF

mem[X,0x80000414] -> 0x0B37
mem[X,0x80000416] -> 0x0009
[266] [M]: 0x80000414 (0x00090B37) lui s6, 0x90
x22 <- 0x00090000

mem[X,0x80000418] -> 0x0B13
mem[X,0x8000041A] -> 0x080B
[267] [M]: 0x80000418 (0x080B0B13) addi s6, s6, 0x80
x22 <- 0x00090080

mem[X,0x8000041C] -> 0x8E3B
mem[X,0x8000041E] -> 0xC969
[268] [M]: 0x8000041C (0xC9698E3B) pdif.h t3, s3, s6
x28 <- 0x07F70181

mem[X,0x80000420] -> 0x2623
mem[X,0x80000422] -> 0x03C1
[269] [M]: 0x80000420 (0x03C12623) sw t3, 0x2c(sp)
mem[0x80003180] <- 0x07F70181

mem[X,0x80000424] -> 0x08B7
mem[X,0x80000426] -> 0xFFFF
[270] [M]: 0x80000424 (0xFFFF08B7) lui a7, -0x10
x17 <- 0xFFFF0000

mem[X,0x80000428] -> 0x8893
mem[X,0x8000042A] -> 0xDFF8
[271] [M]: 0x80000428 (0xDFF88893) addi a7, a7, -0x201
x17 <- 0xFFFEFDFF

mem[X,0x8000042C] -> 0x0BB7
mem[X,0x8000042E] -> 0xFFF6
[272] [M]: 0x8000042C (0xFFF60BB7) lui s7, -0xa0
x23 <- 0xFFF60000

mem[X,0x80000430] -> 0x8B93
mem[X,0x80000432] -> 0x001B
[273] [M]: 0x80000430 (0x001B8B93) addi s7, s7, 0x1
x23 <- 0xFFF60001

mem[X,0x80000434] -> 0x8C3B
mem[X,0x80000436] -> 0xC978
[274] [M]: 0x80000434 (0xC9788C3B) pdif.h s8, a7, s7
x24 <- 0x00080202

mem[X,0x80000438] -> 0x2823
mem[X,0x8000043A] -> 0x0381
[275] [M]: 0x80000438 (0x03812823) sw s8, 0x30(sp)
mem[0x80003184] <- 0x00080202

mem[X,0x8000043C] -> 0x06B7
mem[X,0x8000043E] -> 0x0801
[276] [M]: 0x8000043C (0x080106B7) lui a3, 0x8010
x13 <- 0x08010000

mem[X,0x80000440] -> 0x8693
mem[X,0x80000442] -> 0xBFF6
[277] [M]: 0x80000440 (0xBFF68693) addi a3, a3, -0x401
x13 <- 0x0800FBFF

mem[X,0x80000444] -> 0x0CB7
mem[X,0x80000446] -> 0x2001
[278] [M]: 0x80000444 (0x20010CB7) lui s9, 0x20010
x25 <- 0x20010000

mem[X,0x80000448] -> 0x8C93
mem[X,0x8000044A] -> 0xDFFC
[279] [M]: 0x80000448 (0xDFFC8C93) addi s9, s9, -0x201
x25 <- 0x2000FDFF

mem[X,0x8000044C] -> 0x82BB
mem[X,0x8000044E] -> 0xC996
[280] [M]: 0x8000044C (0xC99682BB) pdif.h t0, a3, s9
x5 <- 0x18000200

mem[X,0x80000450] -> 0x2A23
mem[X,0x80000452] -> 0x0251
[281] [M]: 0x80000450 (0x02512A23) sw t0, 0x34(sp)
mem[0x80003188] <- 0x18000200

mem[X,0x80000454] -> 0xFD37
mem[X,0x80000456] -> 0x0100
[282] [M]: 0x80000454 (0x0100FD37) lui s10, 0x100f
x26 <- 0x0100F000

mem[X,0x80000458] -> 0x0D13
mem[X,0x8000045A] -> 0x7FFD
[283] [M]: 0x80000458 (0x7FFD0D13) addi s10, s10, 0x7ff
x26 <- 0x0100F7FF

mem[X,0x8000045C] -> 0x04B7
mem[X,0x8000045E] -> 0xF000
[284] [M]: 0x8000045C (0xF00004B7) lui s1, -0x10000
x9 <- 0xF0000000

mem[X,0x80000460] -> 0x8493
mem[X,0x80000462] -> 0xFFB4
[285] [M]: 0x80000460 (0xFFB48493) addi s1, s1, -0x5
x9 <- 0xEFFFFFFB

mem[X,0x80000464] -> 0x003B
mem[X,0x80000466] -> 0xC89D
[286] [M]: 0x80000464 (0xC89D003B) pdif.h zero, s10, s1

mem[X,0x80000468] -> 0x2C23
mem[X,0x8000046A] -> 0x0201
[287] [M]: 0x80000468 (0x02012C23) sw zero, 0x38(sp)
mem[0x8000318C] <- 0x00000000

mem[X,0x8000046C] -> 0x0013
mem[X,0x8000046E] -> 0x0000
[288] [M]: 0x8000046C (0x00000013) addi zero, zero, 0x0

mem[X,0x80000470] -> 0x0013
mem[X,0x80000472] -> 0x0000
[289] [M]: 0x80000470 (0x00000013) addi zero, zero, 0x0

mem[X,0x80000474] -> 0x0013
mem[X,0x80000476] -> 0x0000
[290] [M]: 0x80000474 (0x00000013) addi zero, zero, 0x0

mem[X,0x80000478] -> 0x0013
mem[X,0x8000047A] -> 0x0000
[291] [M]: 0x80000478 (0x00000013) addi zero, zero, 0x0

mem[X,0x8000047C] -> 0x0013
mem[X,0x8000047E] -> 0x0000
[292] [M]: 0x8000047C (0x00000013) addi zero, zero, 0x0

mem[X,0x80000480] -> 0x3097
mem[X,0x80000482] -> 0x0000
[293] [M]: 0x80000480 (0x00003097) auipc ra, 0x3
x1 <- 0x80003480

mem[X,0x80000484] -> 0x8093
mem[X,0x80000486] -> 0xD100
[294] [M]: 0x80000484 (0xD1008093) addi ra, ra, -0x2f0
x1 <- 0x80003190

mem[X,0x80000488] -> 0x0013
mem[X,0x8000048A] -> 0x0000
[295] [M]: 0x80000488 (0x00000013) addi zero, zero, 0x0

mem[X,0x8000048C] -> 0x0013
mem[X,0x8000048E] -> 0x0000
[296] [M]: 0x8000048C (0x00000013) addi zero, zero, 0x0

mem[X,0x80000490] -> 0x0013
mem[X,0x80000492] -> 0x0000
[297] [M]: 0x80000490 (0x00000013) addi zero, zero, 0x0

mem[X,0x80000494] -> 0x0013
mem[X,0x80000496] -> 0x0000
[298] [M]: 0x80000494 (0x00000013) addi zero, zero, 0x0

mem[X,0x80000498] -> 0x0013
mem[X,0x8000049A] -> 0x0000
[299] [M]: 0x80000498 (0x00000013) addi zero, zero, 0x0

clint::tick mtime <- 0x0000000000000003
 clint timer pending at mtime 0x0000000000000003
htif::tick 0x0000000000000000
mem[X,0x8000049C] -> 0x0013
mem[X,0x8000049E] -> 0x0000
[300] [M]: 0x8000049C (0x00000013) addi zero, zero, 0x0

mem[X,0x800004A0] -> 0xFF37
mem[X,0x800004A2] -> 0xFFFF
[301] [M]: 0x800004A0 (0xFFFFFF37) lui t5, -0x1
x30 <- 0xFFFFF000

mem[X,0x800004A4] -> 0x0F13
mem[X,0x800004A6] -> 0xFFFF
[302] [M]: 0x800004A4 (0xFFFF0F13) addi t5, t5, -0x1
x30 <- 0xFFFFEFFF

mem[X,0x800004A8] -> 0x1FB7
mem[X,0x800004AA] -> 0x0100
[303] [M]: 0x800004A8 (0x01001FB7) lui t6, 0x1001
x31 <- 0x01001000

mem[X,0x800004AC] -> 0x8F93
mem[X,0x800004AE] -> 0x800F
[304] [M]: 0x800004AC (0x800F8F93) addi t6, t6, -0x800
x31 <- 0x01000800

mem[X,0x800004B0] -> 0x0A3B
mem[X,0x800004B2] -> 0xC9FF
[305] [M]: 0x800004B0 (0xC9FF0A3B) pdif.h s4, t5, t6
x20 <- 0x01011801

mem[X,0x800004B4] -> 0xA023
mem[X,0x800004B6] -> 0x0140
[306] [M]: 0x800004B4 (0x0140A023) sw s4, 0x0(ra)
mem[0x80003190] <- 0x01011801

mem[X,0x800004B8] -> 0xEF37
mem[X,0x800004BA] -> 0x0080
[307] [M]: 0x800004B8 (0x0080EF37) lui t5, 0x80e
x30 <- 0x0080E000

mem[X,0x800004BC] -> 0x0F13
mem[X,0x800004BE] -> 0xFFFF
[308] [M]: 0x800004BC (0xFFFF0F13) addi t5, t5, -0x1
x30 <- 0x0080DFFF

mem[X,0x800004C0] -> 0x0EB7
mem[X,0x800004C2] -> 0xFFFB
[309] [M]: 0x800004C0 (0xFFFB0EB7) lui t4, -0x50
x29 <- 0xFFFB0000

mem[X,0x800004C4] -> 0x8E93
mem[X,0x800004C6] -> 0xFF7E
[310] [M]: 0x800004C4 (0xFF7E8E93) addi t4, t4, -0x9
x29 <- 0xFFFAFFF7

mem[X,0x800004C8] -> 0x0FBB
mem[X,0x800004CA] -> 0xC9DF
[311] [M]: 0x800004C8 (0xC9DF0FBB) pdif.h t6, t5, t4
x31 <- 0x00861FF8

mem[X,0x800004CC] -> 0xA223
mem[X,0x800004CE] -> 0x01F0
[312] [M]: 0x800004CC (0x01F0A223) sw t6, 0x4(ra)
mem[0x80003194] <- 0x00861FF8

mem[X,0x800004D0] -> 0xCF37
mem[X,0x800004D2] -> 0xFFFB
[313] [M]: 0x800004D0 (0xFFFBCF37) lui t5, -0x44
x30 <- 0xFFFBC000

mem[X,0x800004D4] -> 0x0F13
mem[X,0x800004D6] -> 0xFFFF
[314] [M]: 0x800004D4 (0xFFFF0F13) addi t5, t5, -0x1
x30 <- 0xFFFBBFFF

mem[X,0x800004D8] -> 0x0EB7
mem[X,0x800004DA] -> 0xFEFF
[315] [M]: 0x800004D8 (0xFEFF0EB7) lui t4, -0x1010
x29 <- 0xFEFF0000

mem[X,0x800004DC] -> 0x8E93
mem[X,0x800004DE] -> 0x001E
[316] [M]: 0x800004DC (0x001E8E93) addi t4, t4, 0x1
x29 <- 0xFEFF0001

mem[X,0x800004E0] -> 0x0FBB
mem[X,0x800004E2] -> 0xC9DF
[317] [M]: 0x800004E0 (0xC9DF0FBB) pdif.h t6, t5, t4
x31 <- 0x00FC4002

mem[X,0x800004E4] -> 0xA423
mem[X,0x800004E6] -> 0x01F0
[318] [M]: 0x800004E4 (0x01F0A423) sw t6, 0x8(ra)
mem[0x80003198] <- 0x00FC4002

mem[X,0x800004E8] -> 0x5F37
mem[X,0x800004EA] -> 0x0100
[319] [M]: 0x800004E8 (0x01005F37) lui t5, 0x1005
x30 <- 0x01005000

mem[X,0x800004EC] -> 0x0F13
mem[X,0x800004EE] -> 0x555F
[320] [M]: 0x800004EC (0x555F0F13) addi t5, t5, 0x555
x30 <- 0x01005555

mem[X,0x800004F0] -> 0x0EB7
mem[X,0x800004F2] -> 0x0006
[321] [M]: 0x800004F0 (0x00060EB7) lui t4, 0x60
x29 <- 0x00060000

mem[X,0x800004F4] -> 0x8E93
mem[X,0x800004F6] -> 0xBFFE
[322] [M]: 0x800004F4 (0xBFFE8E93) addi t4, t4, -0x401
x29 <- 0x0005FBFF

mem[X,0x800004F8] -> 0x0FBB
mem[X,0x800004FA] -> 0xC9DF
[323] [M]: 0x800004F8 (0xC9DF0FBB) pdif.h t6, t5, t4
x31 <- 0x00FB5956

mem[X,0x800004FC] -> 0xA623
mem[X,0x800004FE] -> 0x01F0
[324] [M]: 0x800004FC (0x01F0A623) sw t6, 0xc(ra)
mem[0x8000319C] <- 0x00FB5956

mem[X,0x80000500] -> 0xFF37
mem[X,0x80000502] -> 0x0020
[325] [M]: 0x80000500 (0x0020FF37) lui t5, 0x20f
x30 <- 0x0020F000

mem[X,0x80000504] -> 0x0F13
mem[X,0x80000506] -> 0x7FFF
[326] [M]: 0x80000504 (0x7FFF0F13) addi t5, t5, 0x7ff
x30 <- 0x0020F7FF

mem[X,0x80000508] -> 0x0EB7
mem[X,0x8000050A] -> 0xFFFE
[327] [M]: 0x80000508 (0xFFFE0EB7) lui t4, -0x20
x29 <- 0xFFFE0000

mem[X,0x8000050C] -> 0x8E93
mem[X,0x8000050E] -> 0xF7FE
[328] [M]: 0x8000050C (0xF7FE8E93) addi t4, t4, -0x81
x29 <- 0xFFFDFF7F

mem[X,0x80000510] -> 0x0FBB
mem[X,0x80000512] -> 0xC9DF
[329] [M]: 0x80000510 (0xC9DF0FBB) pdif.h t6, t5, t4
x31 <- 0x00230780

mem[X,0x80000514] -> 0xA823
mem[X,0x80000516] -> 0x01F0
[330] [M]: 0x80000514 (0x01F0A823) sw t6, 0x10(ra)
mem[0x800031A0] <- 0x00230780

mem[X,0x80000518] -> 0x0F37
mem[X,0x8000051A] -> 0xFFF0
[331] [M]: 0x80000518 (0xFFF00F37) lui t5, -0x100
x30 <- 0xFFF00000

mem[X,0x8000051C] -> 0x0F13
mem[X,0x8000051E] -> 0xFFAF
[332] [M]: 0x8000051C (0xFFAF0F13) addi t5, t5, -0x6
x30 <- 0xFFEFFFFA

mem[X,0x80000520] -> 0x0EB7
mem[X,0x80000522] -> 0xFFFB
[333] [M]: 0x80000520 (0xFFFB0EB7) lui t4, -0x50
x29 <- 0xFFFB0000

mem[X,0x80000524] -> 0x8E93
mem[X,0x80000526] -> 0x200E
[334] [M]: 0x80000524 (0x200E8E93) addi t4, t4, 0x200
x29 <- 0xFFFB0200

mem[X,0x80000528] -> 0x0FBB
mem[X,0x8000052A] -> 0xC9DF
[335] [M]: 0x80000528 (0xC9DF0FBB) pdif.h t6, t5, t4
x31 <- 0x000C0206

mem[X,0x8000052C] -> 0xAA23
mem[X,0x8000052E] -> 0x01F0
[336] [M]: 0x8000052C (0x01F0AA23) sw t6, 0x14(ra)
mem[0x800031A4] <- 0x000C0206

mem[X,0x80000530] -> 0x0F37
mem[X,0x80000532] -> 0xFFC0
[337] [M]: 0x80000530 (0xFFC00F37) lui t5, -0x400
x30 <- 0xFFC00000

mem[X,0x80000534] -> 0x0F13
mem[X,0x80000536] -> 0xFEFF
[338] [M]: 0x80000534 (0xFEFF0F13) addi t5, t5, -0x11
x30 <- 0xFFBFFFEF

mem[X,0x80000538] -> 0x0EB7
mem[X,0x8000053A] -> 0xFFF8
[339] [M]: 0x80000538 (0xFFF80EB7) lui t4, -0x80
x29 <- 0xFFF80000

mem[X,0x8000053C] -> 0x8E93
mem[X,0x8000053E] -> 0xFFBE
[340] [M]: 0x8000053C (0xFFBE8E93) addi t4, t4, -0x5
x29 <- 0xFFF7FFFB

mem[X,0x80000540] -> 0x0FBB
mem[X,0x80000542] -> 0xC9DF
[341] [M]: 0x80000540 (0xC9DF0FBB) pdif.h t6, t5, t4
x31 <- 0x0038000C

mem[X,0x80000544] -> 0xAC23
mem[X,0x80000546] -> 0x01F0
[342] [M]: 0x80000544 (0x01F0AC23) sw t6, 0x18(ra)
mem[0x800031A8] <- 0x0038000C

mem[X,0x80000548] -> 0x0F37
mem[X,0x8000054A] -> 0x0002
[343] [M]: 0x80000548 (0x00020F37) lui t5, 0x20
x30 <- 0x00020000

mem[X,0x8000054C] -> 0x0F13
mem[X,0x8000054E] -> 0xFF7F
[344] [M]: 0x8000054C (0xFF7F0F13) addi t5, t5, -0x9
x30 <- 0x0001FFF7

mem[X,0x80000550] -> 0x4EB7
mem[X,0x80000552] -> 0xFFEF
[345] [M]: 0x80000550 (0xFFEF4EB7) lui t4, -0x10c
x29 <- 0xFFEF4000

mem[X,0x80000554] -> 0x8E93
mem[X,0x80000556] -> 0xFFFE
[346] [M]: 0x80000554 (0xFFFE8E93) addi t4, t4, -0x1
x29 <- 0xFFEF3FFF

mem[X,0x80000558] -> 0x0FBB
mem[X,0x8000055A] -> 0xC9DF
[347] [M]: 0x80000558 (0xC9DF0FBB) pdif.h t6, t5, t4
x31 <- 0x00124008

mem[X,0x8000055C] -> 0xAE23
mem[X,0x8000055E] -> 0x01F0
[348] [M]: 0x8000055C (0x01F0AE23) sw t6, 0x1c(ra)
mem[0x800031AC] <- 0x00124008

mem[X,0x80000560] -> 0x0F37
mem[X,0x80000562] -> 0xFFE0
[349] [M]: 0x80000560 (0xFFE00F37) lui t5, -0x200
x30 <- 0xFFE00000

mem[X,0x80000564] -> 0x0F13
mem[X,0x80000566] -> 0xFDFF
[350] [M]: 0x80000564 (0xFDFF0F13) addi t5, t5, -0x21
x30 <- 0xFFDFFFDF

mem[X,0x80000568] -> 0x8EB7
mem[X,0x8000056A] -> 0xFFBF
[351] [M]: 0x80000568 (0xFFBF8EB7) lui t4, -0x408
x29 <- 0xFFBF8000

mem[X,0x8000056C] -> 0x0FBB
mem[X,0x8000056E] -> 0xC9DF
[352] [M]: 0x8000056C (0xC9DF0FBB) pdif.h t6, t5, t4
x31 <- 0x00207FDF

mem[X,0x80000570] -> 0xA023
mem[X,0x80000572] -> 0x03F0
[353] [M]: 0x80000570 (0x03F0A023) sw t6, 0x20(ra)
mem[0x800031B0] <- 0x00207FDF

mem[X,0x80000574] -> 0x0F37
mem[X,0x80000576] -> 0xFFBF
[354] [M]: 0x80000574 (0xFFBF0F37) lui t5, -0x410
x30 <- 0xFFBF0000

mem[X,0x80000578] -> 0x0F13
mem[X,0x8000057A] -> 0x080F
[355] [M]: 0x80000578 (0x080F0F13) addi t5, t5, 0x80
x30 <- 0xFFBF0080

mem[X,0x8000057C] -> 0x0EB7
mem[X,0x8000057E] -> 0xFF7F
[356] [M]: 0x8000057C (0xFF7F0EB7) lui t4, -0x810
x29 <- 0xFF7F0000

mem[X,0x80000580] -> 0x8E93
mem[X,0x80000582] -> 0x005E
[357] [M]: 0x80000580 (0x005E8E93) addi t4, t4, 0x5
x29 <- 0xFF7F0005

mem[X,0x80000584] -> 0x0FBB
mem[X,0x80000586] -> 0xC9DF
[358] [M]: 0x80000584 (0xC9DF0FBB) pdif.h t6, t5, t4
x31 <- 0x0040007B

mem[X,0x80000588] -> 0xA223
mem[X,0x8000058A] -> 0x03F0
[359] [M]: 0x80000588 (0x03F0A223) sw t6, 0x24(ra)
mem[0x800031B4] <- 0x0040007B

mem[X,0x8000058C] -> 0x0F37
mem[X,0x8000058E] -> 0xFFFD
[360] [M]: 0x8000058C (0xFFFD0F37) lui t5, -0x30
x30 <- 0xFFFD0000

mem[X,0x80000590] -> 0x0F13
mem[X,0x80000592] -> 0x100F
[361] [M]: 0x80000590 (0x100F0F13) addi t5, t5, 0x100
x30 <- 0xFFFD0100

mem[X,0x80000594] -> 0x0EB7
mem[X,0x80000596] -> 0xFDFF
[362] [M]: 0x80000594 (0xFDFF0EB7) lui t4, -0x2010
x29 <- 0xFDFF0000

mem[X,0x80000598] -> 0x8E93
mem[X,0x8000059A] -> 0x080E
[363] [M]: 0x80000598 (0x080E8E93) addi t4, t4, 0x80
x29 <- 0xFDFF0080

mem[X,0x8000059C] -> 0x0FBB
mem[X,0x8000059E] -> 0xC9DF
[364] [M]: 0x8000059C (0xC9DF0FBB) pdif.h t6, t5, t4
x31 <- 0x01FE0080

mem[X,0x800005A0] -> 0xA423
mem[X,0x800005A2] -> 0x03F0
[365] [M]: 0x800005A0 (0x03F0A423) sw t6, 0x28(ra)
mem[0x800031B8] <- 0x01FE0080

mem[X,0x800005A4] -> 0x0F37
mem[X,0x800005A6] -> 0xFFFC
[366] [M]: 0x800005A4 (0xFFFC0F37) lui t5, -0x40
x30 <- 0xFFFC0000

mem[X,0x800005A8] -> 0x0F13
mem[X,0x800005AA] -> 0xFBFF
[367] [M]: 0x800005A8 (0xFBFF0F13) addi t5, t5, -0x41
x30 <- 0xFFFBFFBF

mem[X,0x800005AC] -> 0x0EB7
mem[X,0x800005AE] -> 0xF7FF
[368] [M]: 0x800005AC (0xF7FF0EB7) lui t4, -0x8010
x29 <- 0xF7FF0000

mem[X,0x800005B0] -> 0x0FBB
mem[X,0x800005B2] -> 0xC9DF
[369] [M]: 0x800005B0 (0xC9DF0FBB) pdif.h t6, t5, t4
x31 <- 0x07FC0041

mem[X,0x800005B4] -> 0xA623
mem[X,0x800005B6] -> 0x03F0
[370] [M]: 0x800005B4 (0x03F0A623) sw t6, 0x2c(ra)
mem[0x800031BC] <- 0x07FC0041

mem[X,0x800005B8] -> 0x0F37
mem[X,0x800005BA] -> 0xFFF6
[371] [M]: 0x800005B8 (0xFFF60F37) lui t5, -0xa0
x30 <- 0xFFF60000

mem[X,0x800005BC] -> 0x0F13
mem[X,0x800005BE] -> 0x009F
[372] [M]: 0x800005BC (0x009F0F13) addi t5, t5, 0x9
x30 <- 0xFFF60009

mem[X,0x800005C0] -> 0x0EB7
mem[X,0x800005C2] -> 0xE000
[373] [M]: 0x800005C0 (0xE0000EB7) lui t4, -0x20000
x29 <- 0xE0000000

mem[X,0x800005C4] -> 0x8E93
mem[X,0x800005C6] -> 0xFFAE
[374] [M]: 0x800005C4 (0xFFAE8E93) addi t4, t4, -0x6
x29 <- 0xDFFFFFFA

mem[X,0x800005C8] -> 0x0FBB
mem[X,0x800005CA] -> 0xC9DF
[375] [M]: 0x800005C8 (0xC9DF0FBB) pdif.h t6, t5, t4
x31 <- 0x1FF7000F

mem[X,0x800005CC] -> 0xA823
mem[X,0x800005CE] -> 0x03F0
[376] [M]: 0x800005CC (0x03F0A823) sw t6, 0x30(ra)
mem[0x800031C0] <- 0x1FF7000F

mem[X,0x800005D0] -> 0x0F37
mem[X,0x800005D2] -> 0x4000
[377] [M]: 0x800005D0 (0x40000F37) lui t5, 0x40000
x30 <- 0x40000000

mem[X,0x800005D4] -> 0x0F13
mem[X,0x800005D6] -> 0x040F
[378] [M]: 0x800005D4 (0x040F0F13) addi t5, t5, 0x40
x30 <- 0x40000040

mem[X,0x800005D8] -> 0x1EB7
mem[X,0x800005DA] -> 0xBFFF
[379] [M]: 0x800005D8 (0xBFFF1EB7) lui t4, -0x4000f
x29 <- 0xBFFF1000

mem[X,0x800005DC] -> 0x8E93
mem[X,0x800005DE] -> 0x800E
[380] [M]: 0x800005DC (0x800E8E93) addi t4, t4, -0x800
x29 <- 0xBFFF0800

mem[X,0x800005E0] -> 0x0FBB
mem[X,0x800005E2] -> 0xC9DF
[381] [M]: 0x800005E0 (0xC9DF0FBB) pdif.h t6, t5, t4
x31 <- 0x7FFF07C0

mem[X,0x800005E4] -> 0xAA23
mem[X,0x800005E6] -> 0x03F0
[382] [M]: 0x800005E4 (0x03F0AA23) sw t6, 0x34(ra)
mem[0x800031C4] <- 0x7FFF07C0

mem[X,0x800005E8] -> 0x0F37
mem[X,0x800005EA] -> 0x4000
[383] [M]: 0x800005E8 (0x40000F37) lui t5, 0x40000
x30 <- 0x40000000

mem[X,0x800005EC] -> 0x0F13
mem[X,0x800005EE] -> 0x003F
[384] [M]: 0x800005EC (0x003F0F13) addi t5, t5, 0x3
x30 <- 0x40000003

mem[X,0x800005F0] -> 0x0EB7
mem[X,0x800005F2] -> 0x5556
[385] [M]: 0x800005F0 (0x55560EB7) lui t4, 0x55560
x29 <- 0x55560000

mem[X,0x800005F4] -> 0x8E93
mem[X,0x800005F6] -> 0xDFFE
[386] [M]: 0x800005F4 (0xDFFE8E93) addi t4, t4, -0x201
x29 <- 0x5555FDFF

mem[X,0x800005F8] -> 0x0FBB
mem[X,0x800005FA] -> 0xC9DF
[387] [M]: 0x800005F8 (0xC9DF0FBB) pdif.h t6, t5, t4
x31 <- 0x15550204

mem[X,0x800005FC] -> 0xAC23
mem[X,0x800005FE] -> 0x03F0
[388] [M]: 0x800005FC (0x03F0AC23) sw t6, 0x38(ra)
mem[0x800031C8] <- 0x15550204

mem[X,0x80000600] -> 0x0F37
mem[X,0x80000602] -> 0x0040
[389] [M]: 0x80000600 (0x00400F37) lui t5, 0x400
x30 <- 0x00400000

mem[X,0x80000604] -> 0x0F13
mem[X,0x80000606] -> 0x100F
[390] [M]: 0x80000604 (0x100F0F13) addi t5, t5, 0x100
x30 <- 0x00400100

mem[X,0x80000608] -> 0x0EB7
mem[X,0x8000060A] -> 0xAAAB
[391] [M]: 0x80000608 (0xAAAB0EB7) lui t4, -0x55550
x29 <- 0xAAAB0000

mem[X,0x8000060C] -> 0x8E93
mem[X,0x8000060E] -> 0xFF9E
[392] [M]: 0x8000060C (0xFF9E8E93) addi t4, t4, -0x7
x29 <- 0xAAAAFFF9

mem[X,0x80000610] -> 0x0FBB
mem[X,0x80000612] -> 0xC9DF
[393] [M]: 0x80000610 (0xC9DF0FBB) pdif.h t6, t5, t4
x31 <- 0x55960107

mem[X,0x80000614] -> 0xAE23
mem[X,0x80000616] -> 0x03F0
[394] [M]: 0x80000614 (0x03F0AE23) sw t6, 0x3c(ra)
mem[0x800031CC] <- 0x55960107

mem[X,0x80000618] -> 0x0F37
mem[X,0x8000061A] -> 0x4000
[395] [M]: 0x80000618 (0x40000F37) lui t5, 0x40000
x30 <- 0x40000000

mem[X,0x8000061C] -> 0x0F13
mem[X,0x8000061E] -> 0xF7FF
[396] [M]: 0x8000061C (0xF7FF0F13) addi t5, t5, -0x81
x30 <- 0x3FFFFF7F

mem[X,0x80000620] -> 0x0EB7
mem[X,0x80000622] -> 0xFFFB
[397] [M]: 0x80000620 (0xFFFB0EB7) lui t4, -0x50
x29 <- 0xFFFB0000

mem[X,0x80000624] -> 0x8E93
mem[X,0x80000626] -> 0xF7FE
[398] [M]: 0x80000624 (0xF7FE8E93) addi t4, t4, -0x81
x29 <- 0xFFFAFF7F

mem[X,0x80000628] -> 0x0FBB
mem[X,0x8000062A] -> 0xC9DF
[399] [M]: 0x80000628 (0xC9DF0FBB) pdif.h t6, t5, t4
x31 <- 0x40050000

clint::tick mtime <- 0x0000000000000004
 clint timer pending at mtime 0x0000000000000004
htif::tick 0x0000000000000000
mem[X,0x8000062C] -> 0xA023
mem[X,0x8000062E] -> 0x05F0
[400] [M]: 0x8000062C (0x05F0A023) sw t6, 0x40(ra)
mem[0x800031D0] <- 0x40050000

mem[X,0x80000630] -> 0x4F37
mem[X,0x80000632] -> 0x1000
[401] [M]: 0x80000630 (0x10004F37) lui t5, 0x10004
x30 <- 0x10004000

mem[X,0x80000634] -> 0x0F13
mem[X,0x80000636] -> 0xFFFF
[402] [M]: 0x80000634 (0xFFFF0F13) addi t5, t5, -0x1
x30 <- 0x10003FFF

mem[X,0x80000638] -> 0x0EB7
mem[X,0x8000063A] -> 0x1000
[403] [M]: 0x80000638 (0x10000EB7) lui t4, 0x10000
x29 <- 0x10000000

mem[X,0x8000063C] -> 0x8E93
mem[X,0x8000063E] -> 0x004E
[404] [M]: 0x8000063C (0x004E8E93) addi t4, t4, 0x4
x29 <- 0x10000004

mem[X,0x80000640] -> 0x0FBB
mem[X,0x80000642] -> 0xC9DF
[405] [M]: 0x80000640 (0xC9DF0FBB) pdif.h t6, t5, t4
x31 <- 0x00003FFB

mem[X,0x80000644] -> 0xA223
mem[X,0x80000646] -> 0x05F0
[406] [M]: 0x80000644 (0x05F0A223) sw t6, 0x44(ra)
mem[0x800031D4] <- 0x00003FFB

mem[X,0x80000648] -> 0xBF37
mem[X,0x8000064A] -> 0x0020
[407] [M]: 0x80000648 (0x0020BF37) lui t5, 0x20b
x30 <- 0x0020B000

mem[X,0x8000064C] -> 0x0F13
mem[X,0x8000064E] -> 0xAAAF
[408] [M]: 0x8000064C (0xAAAF0F13) addi t5, t5, -0x556
x30 <- 0x0020AAAA

mem[X,0x80000650] -> 0xCEB7
mem[X,0x80000652] -> 0x0100
[409] [M]: 0x80000650 (0x0100CEB7) lui t4, 0x100c
x29 <- 0x0100C000

mem[X,0x80000654] -> 0x0FBB
mem[X,0x80000656] -> 0xC9DF
[410] [M]: 0x80000654 (0xC9DF0FBB) pdif.h t6, t5, t4
x31 <- 0x00E01556

mem[X,0x80000658] -> 0xA423
mem[X,0x8000065A] -> 0x05F0
[411] [M]: 0x80000658 (0x05F0A423) sw t6, 0x48(ra)
mem[0x800031D8] <- 0x00E01556

mem[X,0x8000065C] -> 0x0F37
mem[X,0x8000065E] -> 0x8001
[412] [M]: 0x8000065C (0x80010F37) lui t5, -0x7fff0
x30 <- 0x80010000

mem[X,0x80000660] -> 0x0F13
mem[X,0x80000662] -> 0xFFAF
[413] [M]: 0x80000660 (0xFFAF0F13) addi t5, t5, -0x6
x30 <- 0x8000FFFA

mem[X,0x80000664] -> 0xEEB7
mem[X,0x80000666] -> 0xFFEF
[414] [M]: 0x80000664 (0xFFEFEEB7) lui t4, -0x102
x29 <- 0xFFEFE000

mem[X,0x80000668] -> 0x8E93
mem[X,0x8000066A] -> 0xFFFE
[415] [M]: 0x80000668 (0xFFFE8E93) addi t4, t4, -0x1
x29 <- 0xFFEFDFFF

mem[X,0x8000066C] -> 0x0FBB
mem[X,0x8000066E] -> 0xC9DF
[416] [M]: 0x8000066C (0xC9DF0FBB) pdif.h t6, t5, t4
x31 <- 0x7FEF1FFB

mem[X,0x80000670] -> 0xA623
mem[X,0x80000672] -> 0x05F0
[417] [M]: 0x80000670 (0x05F0A623) sw t6, 0x4c(ra)
mem[0x800031DC] <- 0x7FEF1FFB

mem[X,0x80000674] -> 0x0F37
mem[X,0x80000676] -> 0x8000
[418] [M]: 0x80000674 (0x80000F37) lui t5, -0x80000
x30 <- 0x80000000

mem[X,0x80000678] -> 0x0F13
mem[X,0x8000067A] -> 0xFFFF
[419] [M]: 0x80000678 (0xFFFF0F13) addi t5, t5, -0x1
x30 <- 0x7FFFFFFF

mem[X,0x8000067C] -> 0x0EB7
mem[X,0x8000067E] -> 0x3FFF
[420] [M]: 0x8000067C (0x3FFF0EB7) lui t4, 0x3fff0
x29 <- 0x3FFF0000

mem[X,0x80000680] -> 0x8E93
mem[X,0x80000682] -> 0x008E
[421] [M]: 0x80000680 (0x008E8E93) addi t4, t4, 0x8
x29 <- 0x3FFF0008

mem[X,0x80000684] -> 0x0FBB
mem[X,0x80000686] -> 0xC9DF
[422] [M]: 0x80000684 (0xC9DF0FBB) pdif.h t6, t5, t4
x31 <- 0x40000009

mem[X,0x80000688] -> 0xA823
mem[X,0x8000068A] -> 0x05F0
[423] [M]: 0x80000688 (0x05F0A823) sw t6, 0x50(ra)
mem[0x800031E0] <- 0x40000009

mem[X,0x8000068C] -> 0xFF37
mem[X,0x8000068E] -> 0x0004
[424] [M]: 0x8000068C (0x0004FF37) lui t5, 0x4f
x30 <- 0x0004F000

mem[X,0x80000690] -> 0x0F13
mem[X,0x80000692] -> 0xFFFF
[425] [M]: 0x80000690 (0xFFFF0F13) addi t5, t5, -0x1
x30 <- 0x0004EFFF

mem[X,0x80000694] -> 0x0EB7
mem[X,0x80000696] -> 0xFFF7
[426] [M]: 0x80000694 (0xFFF70EB7) lui t4, -0x90
x29 <- 0xFFF70000

mem[X,0x80000698] -> 0x8E93
mem[X,0x8000069A] -> 0x400E
[427] [M]: 0x80000698 (0x400E8E93) addi t4, t4, 0x400
x29 <- 0xFFF70400

mem[X,0x8000069C] -> 0x0FBB
mem[X,0x8000069E] -> 0xC9DF
[428] [M]: 0x8000069C (0xC9DF0FBB) pdif.h t6, t5, t4
x31 <- 0x000D1401

mem[X,0x800006A0] -> 0xAA23
mem[X,0x800006A2] -> 0x05F0
[429] [M]: 0x800006A0 (0x05F0AA23) sw t6, 0x54(ra)
mem[0x800031E4] <- 0x000D1401

mem[X,0x800006A4] -> 0xCF37
mem[X,0x800006A6] -> 0xFDFF
[430] [M]: 0x800006A4 (0xFDFFCF37) lui t5, -0x2004
x30 <- 0xFDFFC000

mem[X,0x800006A8] -> 0x0F13
mem[X,0x800006AA] -> 0xFFFF
[431] [M]: 0x800006A8 (0xFFFF0F13) addi t5, t5, -0x1
x30 <- 0xFDFFBFFF

mem[X,0x800006AC] -> 0x0EB7
mem[X,0x800006AE] -> 0xFF00
[432] [M]: 0x800006AC (0xFF000EB7) lui t4, -0x1000
x29 <- 0xFF000000

mem[X,0x800006B0] -> 0x8E93
mem[X,0x800006B2] -> 0xDFFE
[433] [M]: 0x800006B0 (0xDFFE8E93) addi t4, t4, -0x201
x29 <- 0xFEFFFDFF

mem[X,0x800006B4] -> 0x0FBB
mem[X,0x800006B6] -> 0xC9DF
[434] [M]: 0x800006B4 (0xC9DF0FBB) pdif.h t6, t5, t4
x31 <- 0x01003E00

mem[X,0x800006B8] -> 0xAC23
mem[X,0x800006BA] -> 0x05F0
[435] [M]: 0x800006B8 (0x05F0AC23) sw t6, 0x58(ra)
mem[0x800031E8] <- 0x01003E00

mem[X,0x800006BC] -> 0x0F37
mem[X,0x800006BE] -> 0xFC00
[436] [M]: 0x800006BC (0xFC000F37) lui t5, -0x4000
x30 <- 0xFC000000

mem[X,0x800006C0] -> 0x0F13
mem[X,0x800006C2] -> 0xFFDF
[437] [M]: 0x800006C0 (0xFFDF0F13) addi t5, t5, -0x3
x30 <- 0xFBFFFFFD

mem[X,0x800006C4] -> 0x0EB7
mem[X,0x800006C6] -> 0xFFDF
[438] [M]: 0x800006C4 (0xFFDF0EB7) lui t4, -0x210
x29 <- 0xFFDF0000

mem[X,0x800006C8] -> 0x8E93
mem[X,0x800006CA] -> 0x003E
[439] [M]: 0x800006C8 (0x003E8E93) addi t4, t4, 0x3
x29 <- 0xFFDF0003

mem[X,0x800006CC] -> 0x0FBB
mem[X,0x800006CE] -> 0xC9DF
[440] [M]: 0x800006CC (0xC9DF0FBB) pdif.h t6, t5, t4
x31 <- 0x03E00006

mem[X,0x800006D0] -> 0xAE23
mem[X,0x800006D2] -> 0x05F0
[441] [M]: 0x800006D0 (0x05F0AE23) sw t6, 0x5c(ra)
mem[0x800031EC] <- 0x03E00006

mem[X,0x800006D4] -> 0x0F37
mem[X,0x800006D6] -> 0xF800
[442] [M]: 0x800006D4 (0xF8000F37) lui t5, -0x8000
x30 <- 0xF8000000

mem[X,0x800006D8] -> 0x0F13
mem[X,0x800006DA] -> 0xFDFF
[443] [M]: 0x800006D8 (0xFDFF0F13) addi t5, t5, -0x21
x30 <- 0xF7FFFFDF

mem[X,0x800006DC] -> 0x1EB7
mem[X,0x800006DE] -> 0x8000
[444] [M]: 0x800006DC (0x80001EB7) lui t4, -0x7ffff
x29 <- 0x80001000

mem[X,0x800006E0] -> 0x8E93
mem[X,0x800006E2] -> 0x800E
[445] [M]: 0x800006E0 (0x800E8E93) addi t4, t4, -0x800
x29 <- 0x80000800

mem[X,0x800006E4] -> 0x0FBB
mem[X,0x800006E6] -> 0xC9DF
[446] [M]: 0x800006E4 (0xC9DF0FBB) pdif.h t6, t5, t4
x31 <- 0x77FF0821

mem[X,0x800006E8] -> 0xA023
mem[X,0x800006EA] -> 0x07F0
[447] [M]: 0x800006E8 (0x07F0A023) sw t6, 0x60(ra)
mem[0x800031F0] <- 0x77FF0821

mem[X,0x800006EC] -> 0x5F37
mem[X,0x800006EE] -> 0x3FFF
[448] [M]: 0x800006EC (0x3FFF5F37) lui t5, 0x3fff5
x30 <- 0x3FFF5000

mem[X,0x800006F0] -> 0x0F13
mem[X,0x800006F2] -> 0x555F
[449] [M]: 0x800006F0 (0x555F0F13) addi t5, t5, 0x555
x30 <- 0x3FFF5555

mem[X,0x800006F4] -> 0x0EB7
mem[X,0x800006F6] -> 0xF800
[450] [M]: 0x800006F4 (0xF8000EB7) lui t4, -0x8000
x29 <- 0xF8000000

mem[X,0x800006F8] -> 0x8E93
mem[X,0x800006FA] -> 0xFFFE
[451] [M]: 0x800006F8 (0xFFFE8E93) addi t4, t4, -0x1
x29 <- 0xF7FFFFFF

mem[X,0x800006FC] -> 0x0FBB
mem[X,0x800006FE] -> 0xC9DF
[452] [M]: 0x800006FC (0xC9DF0FBB) pdif.h t6, t5, t4
x31 <- 0x48005556

mem[X,0x80000700] -> 0xA223
mem[X,0x80000702] -> 0x07F0
[453] [M]: 0x80000700 (0x07F0A223) sw t6, 0x64(ra)
mem[0x800031F4] <- 0x48005556

mem[X,0x80000704] -> 0x0F37
mem[X,0x80000706] -> 0xE000
[454] [M]: 0x80000704 (0xE0000F37) lui t5, -0x20000
x30 <- 0xE0000000

mem[X,0x80000708] -> 0x0F13
mem[X,0x8000070A] -> 0xFFAF
[455] [M]: 0x80000708 (0xFFAF0F13) addi t5, t5, -0x6
x30 <- 0xDFFFFFFA

mem[X,0x8000070C] -> 0x8EB7
mem[X,0x8000070E] -> 0x1000
[456] [M]: 0x8000070C (0x10008EB7) lui t4, 0x10008
x29 <- 0x10008000

mem[X,0x80000710] -> 0x8E93
mem[X,0x80000712] -> 0xFFFE
[457] [M]: 0x80000710 (0xFFFE8E93) addi t4, t4, -0x1
x29 <- 0x10007FFF

mem[X,0x80000714] -> 0x0FBB
mem[X,0x80000716] -> 0xC9DF
[458] [M]: 0x80000714 (0xC9DF0FBB) pdif.h t6, t5, t4
x31 <- 0x30017FFB

mem[X,0x80000718] -> 0xA423
mem[X,0x8000071A] -> 0x07F0
[459] [M]: 0x80000718 (0x07F0A423) sw t6, 0x68(ra)
mem[0x800031F8] <- 0x30017FFB

mem[X,0x8000071C] -> 0x0F37
mem[X,0x8000071E] -> 0x0400
[460] [M]: 0x8000071C (0x04000F37) lui t5, 0x4000
x30 <- 0x04000000

mem[X,0x80000720] -> 0x0F13
mem[X,0x80000722] -> 0x006F
[461] [M]: 0x80000720 (0x006F0F13) addi t5, t5, 0x6
x30 <- 0x04000006

mem[X,0x80000724] -> 0x0EB7
mem[X,0x80000726] -> 0xFFF7
[462] [M]: 0x80000724 (0xFFF70EB7) lui t4, -0x90
x29 <- 0xFFF70000

mem[X,0x80000728] -> 0x8E93
mem[X,0x8000072A] -> 0x002E
[463] [M]: 0x80000728 (0x002E8E93) addi t4, t4, 0x2
x29 <- 0xFFF70002

mem[X,0x8000072C] -> 0x0FBB
mem[X,0x8000072E] -> 0xC9DF
[464] [M]: 0x8000072C (0xC9DF0FBB) pdif.h t6, t5, t4
x31 <- 0x04090004

mem[X,0x80000730] -> 0xA623
mem[X,0x80000732] -> 0x07F0
[465] [M]: 0x80000730 (0x07F0A623) sw t6, 0x6c(ra)
mem[0x800031FC] <- 0x04090004

mem[X,0x80000734] -> 0x1F37
mem[X,0x80000736] -> 0x0002
[466] [M]: 0x80000734 (0x00021F37) lui t5, 0x21
x30 <- 0x00021000

mem[X,0x80000738] -> 0x0EB7
mem[X,0x8000073A] -> 0x2000
[467] [M]: 0x80000738 (0x20000EB7) lui t4, 0x20000
x29 <- 0x20000000

mem[X,0x8000073C] -> 0x8E93
mem[X,0x8000073E] -> 0x010E
[468] [M]: 0x8000073C (0x010E8E93) addi t4, t4, 0x10
x29 <- 0x20000010

mem[X,0x80000740] -> 0x0FBB
mem[X,0x80000742] -> 0xC9DF
[469] [M]: 0x80000740 (0xC9DF0FBB) pdif.h t6, t5, t4
x31 <- 0x1FFE0FF0

mem[X,0x80000744] -> 0xA823
mem[X,0x80000746] -> 0x07F0
[470] [M]: 0x80000744 (0x07F0A823) sw t6, 0x70(ra)
mem[0x80003200] <- 0x1FFE0FF0

mem[X,0x80000748] -> 0x0F37
mem[X,0x8000074A] -> 0xFC00
[471] [M]: 0x80000748 (0xFC000F37) lui t5, -0x4000
x30 <- 0xFC000000

mem[X,0x8000074C] -> 0x0F13
mem[X,0x8000074E] -> 0xFEFF
[472] [M]: 0x8000074C (0xFEFF0F13) addi t5, t5, -0x11
x30 <- 0xFBFFFFEF

mem[X,0x80000750] -> 0x0EB7
mem[X,0x80000752] -> 0xFFF7
[473] [M]: 0x80000750 (0xFFF70EB7) lui t4, -0x90
x29 <- 0xFFF70000

mem[X,0x80000754] -> 0x8E93
mem[X,0x80000756] -> 0x020E
[474] [M]: 0x80000754 (0x020E8E93) addi t4, t4, 0x20
x29 <- 0xFFF70020

mem[X,0x80000758] -> 0x0FBB
mem[X,0x8000075A] -> 0xC9DF
[475] [M]: 0x80000758 (0xC9DF0FBB) pdif.h t6, t5, t4
x31 <- 0x03F80031

mem[X,0x8000075C] -> 0xAA23
mem[X,0x8000075E] -> 0x07F0
[476] [M]: 0x8000075C (0x07F0AA23) sw t6, 0x74(ra)
mem[0x80003204] <- 0x03F80031

mem[X,0x80000760] -> 0xEF37
mem[X,0x80000762] -> 0x0800
[477] [M]: 0x80000760 (0x0800EF37) lui t5, 0x800e
x30 <- 0x0800E000

mem[X,0x80000764] -> 0x0F13
mem[X,0x80000766] -> 0xFFFF
[478] [M]: 0x80000764 (0xFFFF0F13) addi t5, t5, -0x1
x30 <- 0x0800DFFF

mem[X,0x80000768] -> 0x0EB7
mem[X,0x8000076A] -> 0x0020
[479] [M]: 0x80000768 (0x00200EB7) lui t4, 0x200
x29 <- 0x00200000

mem[X,0x8000076C] -> 0x8E93
mem[X,0x8000076E] -> 0x040E
[480] [M]: 0x8000076C (0x040E8E93) addi t4, t4, 0x40
x29 <- 0x00200040

mem[X,0x80000770] -> 0x0FBB
mem[X,0x80000772] -> 0xC9DF
[481] [M]: 0x80000770 (0xC9DF0FBB) pdif.h t6, t5, t4
x31 <- 0x07E02041

mem[X,0x80000774] -> 0xAC23
mem[X,0x80000776] -> 0x07F0
[482] [M]: 0x80000774 (0x07F0AC23) sw t6, 0x78(ra)
mem[0x80003208] <- 0x07E02041

mem[X,0x80000778] -> 0x0F37
mem[X,0x8000077A] -> 0x0021
[483] [M]: 0x80000778 (0x00210F37) lui t5, 0x210
x30 <- 0x00210000

mem[X,0x8000077C] -> 0x0F13
mem[X,0x8000077E] -> 0xFFAF
[484] [M]: 0x8000077C (0xFFAF0F13) addi t5, t5, -0x6
x30 <- 0x0020FFFA

mem[X,0x80000780] -> 0x0EB7
mem[X,0x80000782] -> 0xFFFD
[485] [M]: 0x80000780 (0xFFFD0EB7) lui t4, -0x30
x29 <- 0xFFFD0000

mem[X,0x80000784] -> 0x8E93
mem[X,0x80000786] -> 0x100E
[486] [M]: 0x80000784 (0x100E8E93) addi t4, t4, 0x100
x29 <- 0xFFFD0100

mem[X,0x80000788] -> 0x0FBB
mem[X,0x8000078A] -> 0xC9DF
[487] [M]: 0x80000788 (0xC9DF0FBB) pdif.h t6, t5, t4
x31 <- 0x00230106

mem[X,0x8000078C] -> 0xAE23
mem[X,0x8000078E] -> 0x07F0
[488] [M]: 0x8000078C (0x07F0AE23) sw t6, 0x7c(ra)
mem[0x8000320C] <- 0x00230106

mem[X,0x80000790] -> 0x0F37
mem[X,0x80000792] -> 0x0007
[489] [M]: 0x80000790 (0x00070F37) lui t5, 0x70
x30 <- 0x00070000

mem[X,0x80000794] -> 0x0F13
mem[X,0x80000796] -> 0xFEFF
[490] [M]: 0x80000794 (0xFEFF0F13) addi t5, t5, -0x11
x30 <- 0x0006FFEF

mem[X,0x80000798] -> 0x1EB7
mem[X,0x8000079A] -> 0xDFFF
[491] [M]: 0x80000798 (0xDFFF1EB7) lui t4, -0x2000f
x29 <- 0xDFFF1000

mem[X,0x8000079C] -> 0x0FBB
mem[X,0x8000079E] -> 0xC9DF
[492] [M]: 0x8000079C (0xC9DF0FBB) pdif.h t6, t5, t4
x31 <- 0x20071011

mem[X,0x800007A0] -> 0xA023
mem[X,0x800007A2] -> 0x09F0
[493] [M]: 0x800007A0 (0x09F0A023) sw t6, 0x80(ra)
mem[0x80003210] <- 0x20071011

mem[X,0x800007A4] -> 0x8F37
mem[X,0x800007A6] -> 0x0007
[494] [M]: 0x800007A4 (0x00078F37) lui t5, 0x78
x30 <- 0x00078000

mem[X,0x800007A8] -> 0x0F13
mem[X,0x800007AA] -> 0xFFFF
[495] [M]: 0x800007A8 (0xFFFF0F13) addi t5, t5, -0x1
x30 <- 0x00077FFF

mem[X,0x800007AC] -> 0x0EB7
mem[X,0x800007AE] -> 0x0003
[496] [M]: 0x800007AC (0x00030EB7) lui t4, 0x30
x29 <- 0x00030000

mem[X,0x800007B0] -> 0x8E93
mem[X,0x800007B2] -> 0xFFDE
[497] [M]: 0x800007B0 (0xFFDE8E93) addi t4, t4, -0x3
x29 <- 0x0002FFFD

mem[X,0x800007B4] -> 0x0FBB
mem[X,0x800007B6] -> 0xC9DF
[498] [M]: 0x800007B4 (0xC9DF0FBB) pdif.h t6, t5, t4
x31 <- 0x00057FFE

mem[X,0x800007B8] -> 0xA223
mem[X,0x800007BA] -> 0x09F0
[499] [M]: 0x800007B8 (0x09F0A223) sw t6, 0x84(ra)
mem[0x80003214] <- 0x00057FFE

clint::tick mtime <- 0x0000000000000005
 clint timer pending at mtime 0x0000000000000005
htif::tick 0x0000000000000000
mem[X,0x800007BC] -> 0x0F37
mem[X,0x800007BE] -> 0x0400
[500] [M]: 0x800007BC (0x04000F37) lui t5, 0x4000
x30 <- 0x04000000

mem[X,0x800007C0] -> 0x0F13
mem[X,0x800007C2] -> 0x020F
[501] [M]: 0x800007C0 (0x020F0F13) addi t5, t5, 0x20
x30 <- 0x04000020

mem[X,0x800007C4] -> 0x0EB7
mem[X,0x800007C6] -> 0x0004
[502] [M]: 0x800007C4 (0x00040EB7) lui t4, 0x40
x29 <- 0x00040000

mem[X,0x800007C8] -> 0x8E93
mem[X,0x800007CA] -> 0xFBFE
[503] [M]: 0x800007C8 (0xFBFE8E93) addi t4, t4, -0x41
x29 <- 0x0003FFBF

mem[X,0x800007CC] -> 0x0FBB
mem[X,0x800007CE] -> 0xC9DF
[504] [M]: 0x800007CC (0xC9DF0FBB) pdif.h t6, t5, t4
x31 <- 0x03FD0061

mem[X,0x800007D0] -> 0xA423
mem[X,0x800007D2] -> 0x09F0
[505] [M]: 0x800007D0 (0x09F0A423) sw t6, 0x88(ra)
mem[0x80003218] <- 0x03FD0061

mem[X,0x800007D4] -> 0x0F37
mem[X,0x800007D6] -> 0x4000
[506] [M]: 0x800007D4 (0x40000F37) lui t5, 0x40000
x30 <- 0x40000000

mem[X,0x800007D8] -> 0x0F13
mem[X,0x800007DA] -> 0xBFFF
[507] [M]: 0x800007D8 (0xBFFF0F13) addi t5, t5, -0x401
x30 <- 0x3FFFFBFF

mem[X,0x800007DC] -> 0xCEB7
mem[X,0x800007DE] -> 0x3FFF
[508] [M]: 0x800007DC (0x3FFFCEB7) lui t4, 0x3fffc
x29 <- 0x3FFFC000

mem[X,0x800007E0] -> 0x8E93
mem[X,0x800007E2] -> 0xFFFE
[509] [M]: 0x800007E0 (0xFFFE8E93) addi t4, t4, -0x1
x29 <- 0x3FFFBFFF

mem[X,0x800007E4] -> 0x0FBB
mem[X,0x800007E6] -> 0xC9DF
[510] [M]: 0x800007E4 (0xC9DF0FBB) pdif.h t6, t5, t4
x31 <- 0x00003C00

mem[X,0x800007E8] -> 0xA623
mem[X,0x800007EA] -> 0x09F0
[511] [M]: 0x800007E8 (0x09F0A623) sw t6, 0x8c(ra)
mem[0x8000321C] <- 0x00003C00

mem[X,0x800007EC] -> 0x0F37
mem[X,0x800007EE] -> 0x0041
[512] [M]: 0x800007EC (0x00410F37) lui t5, 0x410
x30 <- 0x00410000

mem[X,0x800007F0] -> 0x0F13
mem[X,0x800007F2] -> 0xFF8F
[513] [M]: 0x800007F0 (0xFF8F0F13) addi t5, t5, -0x8
x30 <- 0x0040FFF8

mem[X,0x800007F4] -> 0x5EB7
mem[X,0x800007F6] -> 0x0006
[514] [M]: 0x800007F4 (0x00065EB7) lui t4, 0x65
x29 <- 0x00065000

mem[X,0x800007F8] -> 0x8E93
mem[X,0x800007FA] -> 0x555E
[515] [M]: 0x800007F8 (0x555E8E93) addi t4, t4, 0x555
x29 <- 0x00065555

mem[X,0x800007FC] -> 0x0FBB
mem[X,0x800007FE] -> 0xC9DF
[516] [M]: 0x800007FC (0xC9DF0FBB) pdif.h t6, t5, t4
x31 <- 0x003A555D

mem[X,0x80000800] -> 0xA823
mem[X,0x80000802] -> 0x09F0
[517] [M]: 0x80000800 (0x09F0A823) sw t6, 0x90(ra)
mem[0x80003220] <- 0x003A555D

mem[X,0x80000804] -> 0x0F37
mem[X,0x80000806] -> 0x0009
[518] [M]: 0x80000804 (0x00090F37) lui t5, 0x90
x30 <- 0x00090000

mem[X,0x80000808] -> 0x0F13
mem[X,0x8000080A] -> 0xFEFF
[519] [M]: 0x80000808 (0xFEFF0F13) addi t5, t5, -0x11
x30 <- 0x0008FFEF

mem[X,0x8000080C] -> 0x0EB7
mem[X,0x8000080E] -> 0x0009
[520] [M]: 0x8000080C (0x00090EB7) lui t4, 0x90
x29 <- 0x00090000

mem[X,0x80000810] -> 0x8E93
mem[X,0x80000812] -> 0xFF8E
[521] [M]: 0x80000810 (0xFF8E8E93) addi t4, t4, -0x8
x29 <- 0x0008FFF8

mem[X,0x80000814] -> 0x0FBB
mem[X,0x80000816] -> 0xC9DF
[522] [M]: 0x80000814 (0xC9DF0FBB) pdif.h t6, t5, t4
x31 <- 0x00000009

mem[X,0x80000818] -> 0xAA23
mem[X,0x8000081A] -> 0x09F0
[523] [M]: 0x80000818 (0x09F0AA23) sw t6, 0x94(ra)
mem[0x80003224] <- 0x00000009

mem[X,0x8000081C] -> 0x0F37
mem[X,0x8000081E] -> 0x0010
[524] [M]: 0x8000081C (0x00100F37) lui t5, 0x100
x30 <- 0x00100000

mem[X,0x80000820] -> 0x0F13
mem[X,0x80000822] -> 0x003F
[525] [M]: 0x80000820 (0x003F0F13) addi t5, t5, 0x3
x30 <- 0x00100003

mem[X,0x80000824] -> 0x8EB7
mem[X,0x80000826] -> 0x5555
[526] [M]: 0x80000824 (0x55558EB7) lui t4, 0x55558
x29 <- 0x55558000

mem[X,0x80000828] -> 0x0FBB
mem[X,0x8000082A] -> 0xC9DF
[527] [M]: 0x80000828 (0xC9DF0FBB) pdif.h t6, t5, t4
x31 <- 0x55457FFD

mem[X,0x8000082C] -> 0xAC23
mem[X,0x8000082E] -> 0x09F0
[528] [M]: 0x8000082C (0x09F0AC23) sw t6, 0x98(ra)
mem[0x80003228] <- 0x55457FFD

mem[X,0x80000830] -> 0x4F37
mem[X,0x80000832] -> 0xBFFF
[529] [M]: 0x80000830 (0xBFFF4F37) lui t5, -0x4000c
x30 <- 0xBFFF4000

mem[X,0x80000834] -> 0x0F13
mem[X,0x80000836] -> 0xFFFF
[530] [M]: 0x80000834 (0xFFFF0F13) addi t5, t5, -0x1
x30 <- 0xBFFF3FFF

mem[X,0x80000838] -> 0x0EB7
mem[X,0x8000083A] -> 0xFFFF
[531] [M]: 0x80000838 (0xFFFF0EB7) lui t4, -0x10
x29 <- 0xFFFF0000

mem[X,0x8000083C] -> 0x8E93
mem[X,0x8000083E] -> 0x200E
[532] [M]: 0x8000083C (0x200E8E93) addi t4, t4, 0x200
x29 <- 0xFFFF0200

mem[X,0x80000840] -> 0x0FBB
mem[X,0x80000842] -> 0xC9DF
[533] [M]: 0x80000840 (0xC9DF0FBB) pdif.h t6, t5, t4
x31 <- 0x40003DFF

mem[X,0x80000844] -> 0xAE23
mem[X,0x80000846] -> 0x09F0
[534] [M]: 0x80000844 (0x09F0AE23) sw t6, 0x9c(ra)
mem[0x8000322C] <- 0x40003DFF

mem[X,0x80000848] -> 0x0F37
mem[X,0x8000084A] -> 0xFFFE
[535] [M]: 0x80000848 (0xFFFE0F37) lui t5, -0x20
x30 <- 0xFFFE0000

mem[X,0x8000084C] -> 0x0F13
mem[X,0x8000084E] -> 0x008F
[536] [M]: 0x8000084C (0x008F0F13) addi t5, t5, 0x8
x30 <- 0xFFFE0008

mem[X,0x80000850] -> 0x0E93
mem[X,0x80000852] -> 0x0070
[537] [M]: 0x80000850 (0x00700E93) addi t4, zero, 0x7
x29 <- 0x00000007

mem[X,0x80000854] -> 0x0FBB
mem[X,0x80000856] -> 0xC9DF
[538] [M]: 0x80000854 (0xC9DF0FBB) pdif.h t6, t5, t4
x31 <- 0x00020001

mem[X,0x80000858] -> 0xA023
mem[X,0x8000085A] -> 0x0BF0
[539] [M]: 0x80000858 (0x0BF0A023) sw t6, 0xa0(ra)
mem[0x80003230] <- 0x00020001

mem[X,0x8000085C] -> 0x0F37
mem[X,0x8000085E] -> 0x0201
[540] [M]: 0x8000085C (0x02010F37) lui t5, 0x2010
x30 <- 0x02010000

mem[X,0x80000860] -> 0x0F13
mem[X,0x80000862] -> 0xFEFF
[541] [M]: 0x80000860 (0xFEFF0F13) addi t5, t5, -0x11
x30 <- 0x0200FFEF

mem[X,0x80000864] -> 0x0EB7
mem[X,0x80000866] -> 0x0200
[542] [M]: 0x80000864 (0x02000EB7) lui t4, 0x2000
x29 <- 0x02000000

mem[X,0x80000868] -> 0x8E93
mem[X,0x8000086A] -> 0x002E
[543] [M]: 0x80000868 (0x002E8E93) addi t4, t4, 0x2
x29 <- 0x02000002

mem[X,0x8000086C] -> 0x0FBB
mem[X,0x8000086E] -> 0xC9DF
[544] [M]: 0x8000086C (0xC9DF0FBB) pdif.h t6, t5, t4
x31 <- 0x00000013

mem[X,0x80000870] -> 0xA223
mem[X,0x80000872] -> 0x0BF0
[545] [M]: 0x80000870 (0x0BF0A223) sw t6, 0xa4(ra)
mem[0x80003234] <- 0x00000013

mem[X,0x80000874] -> 0x0F37
mem[X,0x80000876] -> 0x2001
[546] [M]: 0x80000874 (0x20010F37) lui t5, 0x20010
x30 <- 0x20010000

mem[X,0x80000878] -> 0x0F13
mem[X,0x8000087A] -> 0xBFFF
[547] [M]: 0x80000878 (0xBFFF0F13) addi t5, t5, -0x401
x30 <- 0x2000FBFF

mem[X,0x8000087C] -> 0xEEB7
mem[X,0x8000087E] -> 0x0020
[548] [M]: 0x8000087C (0x0020EEB7) lui t4, 0x20e
x29 <- 0x0020E000

mem[X,0x80000880] -> 0x8E93
mem[X,0x80000882] -> 0xFFFE
[549] [M]: 0x80000880 (0xFFFE8E93) addi t4, t4, -0x1
x29 <- 0x0020DFFF

mem[X,0x80000884] -> 0x0FBB
mem[X,0x80000886] -> 0xC9DF
[550] [M]: 0x80000884 (0xC9DF0FBB) pdif.h t6, t5, t4
x31 <- 0x1FE01C00

mem[X,0x80000888] -> 0xA423
mem[X,0x8000088A] -> 0x0BF0
[551] [M]: 0x80000888 (0x0BF0A423) sw t6, 0xa8(ra)
mem[0x80003238] <- 0x1FE01C00

mem[X,0x8000088C] -> 0x0F37
mem[X,0x8000088E] -> 0x8000
[552] [M]: 0x8000088C (0x80000F37) lui t5, -0x80000
x30 <- 0x80000000

mem[X,0x80000890] -> 0x0F13
mem[X,0x80000892] -> 0xFF6F
[553] [M]: 0x80000890 (0xFF6F0F13) addi t5, t5, -0xa
x30 <- 0x7FFFFFF6

mem[X,0x80000894] -> 0x0EB7
mem[X,0x80000896] -> 0x0081
[554] [M]: 0x80000894 (0x00810EB7) lui t4, 0x810
x29 <- 0x00810000

mem[X,0x80000898] -> 0x8E93
mem[X,0x8000089A] -> 0xFF6E
[555] [M]: 0x80000898 (0xFF6E8E93) addi t4, t4, -0xa
x29 <- 0x0080FFF6

mem[X,0x8000089C] -> 0x0FBB
mem[X,0x8000089E] -> 0xC9DF
[556] [M]: 0x8000089C (0xC9DF0FBB) pdif.h t6, t5, t4
x31 <- 0x7F7F0000

mem[X,0x800008A0] -> 0xA623
mem[X,0x800008A2] -> 0x0BF0
[557] [M]: 0x800008A0 (0x0BF0A623) sw t6, 0xac(ra)
mem[0x8000323C] <- 0x7F7F0000

mem[X,0x800008A4] -> 0x0F37
mem[X,0x800008A6] -> 0x0800
[558] [M]: 0x800008A4 (0x08000F37) lui t5, 0x8000
x30 <- 0x08000000

mem[X,0x800008A8] -> 0x0F13
mem[X,0x800008AA] -> 0x007F
[559] [M]: 0x800008A8 (0x007F0F13) addi t5, t5, 0x7
x30 <- 0x08000007

mem[X,0x800008AC] -> 0xCEB7
mem[X,0x800008AE] -> 0x4000
[560] [M]: 0x800008AC (0x4000CEB7) lui t4, 0x4000c
x29 <- 0x4000C000

mem[X,0x800008B0] -> 0x8E93
mem[X,0x800008B2] -> 0xFFFE
[561] [M]: 0x800008B0 (0xFFFE8E93) addi t4, t4, -0x1
x29 <- 0x4000BFFF

mem[X,0x800008B4] -> 0x0FBB
mem[X,0x800008B6] -> 0xC9DF
[562] [M]: 0x800008B4 (0xC9DF0FBB) pdif.h t6, t5, t4
x31 <- 0x38004008

mem[X,0x800008B8] -> 0xA823
mem[X,0x800008BA] -> 0x0BF0
[563] [M]: 0x800008B8 (0x0BF0A823) sw t6, 0xb0(ra)
mem[0x80003240] <- 0x38004008

mem[X,0x800008BC] -> 0x0F37
mem[X,0x800008BE] -> 0x0003
[564] [M]: 0x800008BC (0x00030F37) lui t5, 0x30
x30 <- 0x00030000

mem[X,0x800008C0] -> 0x0F13
mem[X,0x800008C2] -> 0xEFFF
[565] [M]: 0x800008C0 (0xEFFF0F13) addi t5, t5, -0x101
x30 <- 0x0002FEFF

mem[X,0x800008C4] -> 0xFEB7
mem[X,0x800008C6] -> 0x0800
[566] [M]: 0x800008C4 (0x0800FEB7) lui t4, 0x800f
x29 <- 0x0800F000

mem[X,0x800008C8] -> 0x8E93
mem[X,0x800008CA] -> 0xFFFE
[567] [M]: 0x800008C8 (0xFFFE8E93) addi t4, t4, -0x1
x29 <- 0x0800EFFF

mem[X,0x800008CC] -> 0x0FBB
mem[X,0x800008CE] -> 0xC9DF
[568] [M]: 0x800008CC (0xC9DF0FBB) pdif.h t6, t5, t4
x31 <- 0x07FE0F00

mem[X,0x800008D0] -> 0xAA23
mem[X,0x800008D2] -> 0x0BF0
[569] [M]: 0x800008D0 (0x0BF0AA23) sw t6, 0xb4(ra)
mem[0x80003244] <- 0x07FE0F00

mem[X,0x800008D4] -> 0x0F37
mem[X,0x800008D6] -> 0xFF7F
[570] [M]: 0x800008D4 (0xFF7F0F37) lui t5, -0x810
x30 <- 0xFF7F0000

mem[X,0x800008D8] -> 0x0F13
mem[X,0x800008DA] -> 0x004F
[571] [M]: 0x800008D8 (0x004F0F13) addi t5, t5, 0x4
x30 <- 0xFF7F0004

mem[X,0x800008DC] -> 0x0EB7
mem[X,0x800008DE] -> 0xFFF6
[572] [M]: 0x800008DC (0xFFF60EB7) lui t4, -0xa0
x29 <- 0xFFF60000

mem[X,0x800008E0] -> 0x8E93
mem[X,0x800008E2] -> 0x200E
[573] [M]: 0x800008E0 (0x200E8E93) addi t4, t4, 0x200
x29 <- 0xFFF60200

mem[X,0x800008E4] -> 0x0FBB
mem[X,0x800008E6] -> 0xC9DF
[574] [M]: 0x800008E4 (0xC9DF0FBB) pdif.h t6, t5, t4
x31 <- 0x007701FC

mem[X,0x800008E8] -> 0xAC23
mem[X,0x800008EA] -> 0x0BF0
[575] [M]: 0x800008E8 (0x0BF0AC23) sw t6, 0xb8(ra)
mem[0x80003248] <- 0x007701FC

mem[X,0x800008EC] -> 0xEF37
mem[X,0x800008EE] -> 0x0002
[576] [M]: 0x800008EC (0x0002EF37) lui t5, 0x2e
x30 <- 0x0002E000

mem[X,0x800008F0] -> 0x0F13
mem[X,0x800008F2] -> 0xFFFF
[577] [M]: 0x800008F0 (0xFFFF0F13) addi t5, t5, -0x1
x30 <- 0x0002DFFF

mem[X,0x800008F4] -> 0xCEB7
mem[X,0x800008F6] -> 0x0001
[578] [M]: 0x800008F4 (0x0001CEB7) lui t4, 0x1c
x29 <- 0x0001C000

mem[X,0x800008F8] -> 0x0FBB
mem[X,0x800008FA] -> 0xC9DF
[579] [M]: 0x800008F8 (0xC9DF0FBB) pdif.h t6, t5, t4
x31 <- 0x00011FFF

mem[X,0x800008FC] -> 0xAE23
mem[X,0x800008FE] -> 0x0BF0
[580] [M]: 0x800008FC (0x0BF0AE23) sw t6, 0xbc(ra)
mem[0x8000324C] <- 0x00011FFF

mem[X,0x80000900] -> 0x8F37
mem[X,0x80000902] -> 0x0006
[581] [M]: 0x80000900 (0x00068F37) lui t5, 0x68
x30 <- 0x00068000

mem[X,0x80000904] -> 0x0EB7
mem[X,0x80000906] -> 0x8000
[582] [M]: 0x80000904 (0x80000EB7) lui t4, -0x80000
x29 <- 0x80000000

mem[X,0x80000908] -> 0x8E93
mem[X,0x8000090A] -> 0xDFFE
[583] [M]: 0x80000908 (0xDFFE8E93) addi t4, t4, -0x201
x29 <- 0x7FFFFDFF

mem[X,0x8000090C] -> 0x0FBB
mem[X,0x8000090E] -> 0xC9DF
[584] [M]: 0x8000090C (0xC9DF0FBB) pdif.h t6, t5, t4
x31 <- 0x7FF97DFF

mem[X,0x80000910] -> 0xA023
mem[X,0x80000912] -> 0x0DF0
[585] [M]: 0x80000910 (0x0DF0A023) sw t6, 0xc0(ra)
mem[0x80003250] <- 0x7FF97DFF

mem[X,0x80000914] -> 0x0F37
mem[X,0x80000916] -> 0xEFFF
[586] [M]: 0x80000914 (0xEFFF0F37) lui t5, -0x10010
x30 <- 0xEFFF0000

mem[X,0x80000918] -> 0x1EB7
mem[X,0x8000091A] -> 0x0400
[587] [M]: 0x80000918 (0x04001EB7) lui t4, 0x4001
x29 <- 0x04001000

mem[X,0x8000091C] -> 0x8E93
mem[X,0x8000091E] -> 0x800E
[588] [M]: 0x8000091C (0x800E8E93) addi t4, t4, -0x800
x29 <- 0x04000800

mem[X,0x80000920] -> 0x0FBB
mem[X,0x80000922] -> 0xC9DF
[589] [M]: 0x80000920 (0xC9DF0FBB) pdif.h t6, t5, t4
x31 <- 0x14010800

mem[X,0x80000924] -> 0xA223
mem[X,0x80000926] -> 0x0DF0
[590] [M]: 0x80000924 (0x0DF0A223) sw t6, 0xc4(ra)
mem[0x80003254] <- 0x14010800

mem[X,0x80000928] -> 0x2F37
mem[X,0x8000092A] -> 0xFFEF
[591] [M]: 0x80000928 (0xFFEF2F37) lui t5, -0x10e
x30 <- 0xFFEF2000

mem[X,0x8000092C] -> 0xFEB7
mem[X,0x8000092E] -> 0xFFFA
[592] [M]: 0x8000092C (0xFFFAFEB7) lui t4, -0x51
x29 <- 0xFFFAF000

mem[X,0x80000930] -> 0x8E93
mem[X,0x80000932] -> 0x7FFE
[593] [M]: 0x80000930 (0x7FFE8E93) addi t4, t4, 0x7ff
x29 <- 0xFFFAF7FF

mem[X,0x80000934] -> 0x0FBB
mem[X,0x80000936] -> 0xC9DF
[594] [M]: 0x80000934 (0xC9DF0FBB) pdif.h t6, t5, t4
x31 <- 0x000B2801

mem[X,0x80000938] -> 0xA423
mem[X,0x8000093A] -> 0x0DF0
[595] [M]: 0x80000938 (0x0DF0A423) sw t6, 0xc8(ra)
mem[0x80003258] <- 0x000B2801

mem[X,0x8000093C] -> 0x006F
mem[X,0x8000093E] -> 0x0200
[596] [M]: 0x8000093C (0x0200006F) jal zero, 0x20

mem[X,0x8000095C] -> 0x0093
mem[X,0x8000095E] -> 0x0010
[597] [M]: 0x8000095C (0x00100093) addi ra, zero, 0x1
x1 <- 0x00000001

mem[X,0x80000960] -> 0x0F17
mem[X,0x80000962] -> 0x0000
[598] [M]: 0x80000960 (0x00000F17) auipc t5, 0x0
x30 <- 0x80000960

mem[X,0x80000964] -> 0x2023
mem[X,0x80000966] -> 0x6A1F
[599] [M]: 0x80000964 (0x6A1F2023) sw ra, 0x6a0(t5)
htif[0x80001000] <- 0x00000001

clint::tick mtime <- 0x0000000000000006
 clint timer pending at mtime 0x0000000000000006
htif::tick 0x0000000000000001
mem[X,0x80000968] -> 0xF06F
mem[X,0x8000096A] -> 0xFF9F
[600] [M]: 0x80000968 (0xFF9FF06F) jal zero, -0x8

mem[X,0x80000960] -> 0x0F17
mem[X,0x80000962] -> 0x0000
[601] [M]: 0x80000960 (0x00000F17) auipc t5, 0x0
x30 <- 0x80000960

mem[X,0x80000964] -> 0x2023
mem[X,0x80000966] -> 0x6A1F
[602] [M]: 0x80000964 (0x6A1F2023) sw ra, 0x6a0(t5)
htif[0x80001000] <- 0x00000001

mem[X,0x80000968] -> 0xF06F
mem[X,0x8000096A] -> 0xFF9F
[603] [M]: 0x80000968 (0xFF9FF06F) jal zero, -0x8

mem[X,0x80000960] -> 0x0F17
mem[X,0x80000962] -> 0x0000
[604] [M]: 0x80000960 (0x00000F17) auipc t5, 0x0
x30 <- 0x80000960

mem[X,0x80000964] -> 0x2023
mem[X,0x80000966] -> 0x6A1F
[605] [M]: 0x80000964 (0x6A1F2023) sw ra, 0x6a0(t5)
htif[0x80001000] <- 0x00000001
htif-syscall-proxy cmd: 0x000000000001

SUCCESS
