using /home/chsu/rvp-workspace/test-64/riscof_work/pdif.h-01.S/ref/Reference-sail_c_simulator.signature for test-signature output.
tohost located at 0x80002000
Running file ref.elf.
ELF Entry @ 0x80000000
begin_signature: 0x80004110
end_signature: 0x80004480
CSR mstatus <- 0x0000000A00000000 (input: 0x0000000000000000)
mem[X,0x0000000000001000] -> 0x0297
mem[X,0x0000000000001002] -> 0x0000
[0] [M]: 0x0000000000001000 (0x00000297) auipc t0, 0x0
x5 <- 0x0000000000001000

mem[X,0x0000000000001004] -> 0x8593
mem[X,0x0000000000001006] -> 0x0202
[1] [M]: 0x0000000000001004 (0x02028593) addi a1, t0, 0x20
x11 <- 0x0000000000001020

mem[X,0x0000000000001008] -> 0x2573
mem[X,0x000000000000100A] -> 0xF140
[2] [M]: 0x0000000000001008 (0xF1402573) csrrs a0, mhartid, zero
CSR mhartid -> 0x0000000000000000
x10 <- 0x0000000000000000

mem[X,0x000000000000100C] -> 0xB283
mem[X,0x000000000000100E] -> 0x0182
[3] [M]: 0x000000000000100C (0x0182B283) ld t0, 0x18(t0)
mem[R,0x0000000000001018] -> 0x0000000080000000
x5 <- 0x0000000080000000

mem[X,0x0000000000001010] -> 0x8067
mem[X,0x0000000000001012] -> 0x0002
[4] [M]: 0x0000000000001010 (0x00028067) jalr zero, 0x0(t0)

mem[X,0x0000000080000000] -> 0x0837
mem[X,0x0000000080000002] -> 0x7D5C
[5] [M]: 0x0000000080000000 (0x7D5C0837) lui a6, 0x7d5c0
x16 <- 0x000000007D5C0000

mem[X,0x0000000080000004] -> 0x0813
mem[X,0x0000000080000006] -> 0xDDB8
[6] [M]: 0x0000000080000004 (0xDDB80813) addi a6, a6, -0x225
x16 <- 0x000000007D5BFDDB

mem[X,0x0000000080000008] -> 0x1813
mem[X,0x000000008000000A] -> 0x00B8
[7] [M]: 0x0000000080000008 (0x00B81813) slli a6, a6, 0xb
x16 <- 0x000003EADFEED800

mem[X,0x000000008000000C] -> 0x0813
mem[X,0x000000008000000E] -> 0x3EA8
[8] [M]: 0x000000008000000C (0x3EA80813) addi a6, a6, 0x3ea
x16 <- 0x000003EADFEEDBEA

mem[X,0x0000000080000010] -> 0x1813
mem[X,0x0000000080000012] -> 0x00B8
[9] [M]: 0x0000000080000010 (0x00B81813) slli a6, a6, 0xb
x16 <- 0x001F56FF76DF5000

mem[X,0x0000000080000014] -> 0x0813
mem[X,0x0000000080000016] -> 0x6FF8
[10] [M]: 0x0000000080000014 (0x6FF80813) addi a6, a6, 0x6ff
x16 <- 0x001F56FF76DF56FF

mem[X,0x0000000080000018] -> 0x1813
mem[X,0x000000008000001A] -> 0x00A8
[11] [M]: 0x0000000080000018 (0x00A81813) slli a6, a6, 0xa
x16 <- 0x7D5BFDDB7D5BFC00

mem[X,0x000000008000001C] -> 0x0813
mem[X,0x000000008000001E] -> 0x1DB8
[12] [M]: 0x000000008000001C (0x1DB80813) addi a6, a6, 0x1db
x16 <- 0x7D5BFDDB7D5BFDDB

mem[X,0x0000000080000020] -> 0x5893
mem[X,0x0000000080000022] -> 0x0078
[13] [M]: 0x0000000080000020 (0x00785893) srli a7, a6, 0x7
x17 <- 0x00FAB7FBB6FAB7FB

mem[X,0x0000000080000024] -> 0x5793
mem[X,0x0000000080000026] -> 0x0398
[14] [M]: 0x0000000080000024 (0x03985793) srli a5, a6, 0x39
x15 <- 0x000000000000003E

mem[X,0x0000000080000028] -> 0xE8B3
mem[X,0x000000008000002A] -> 0x00F8
[15] [M]: 0x0000000080000028 (0x00F8E8B3) or a7, a7, a5
x17 <- 0x00FAB7FBB6FAB7FF

mem[X,0x000000008000002C] -> 0xD913
mem[X,0x000000008000002E] -> 0x0078
[16] [M]: 0x000000008000002C (0x0078D913) srli s2, a7, 0x7
x18 <- 0x0001F56FF76DF56F

mem[X,0x0000000080000030] -> 0xD793
mem[X,0x0000000080000032] -> 0x0398
[17] [M]: 0x0000000080000030 (0x0398D793) srli a5, a7, 0x39
x15 <- 0x0000000000000000

mem[X,0x0000000080000034] -> 0x6933
mem[X,0x0000000080000036] -> 0x00F9
[18] [M]: 0x0000000080000034 (0x00F96933) or s2, s2, a5
x18 <- 0x0001F56FF76DF56F

mem[X,0x0000000080000038] -> 0x5993
mem[X,0x000000008000003A] -> 0x0079
[19] [M]: 0x0000000080000038 (0x00795993) srli s3, s2, 0x7
x19 <- 0x000003EADFEEDBEA

mem[X,0x000000008000003C] -> 0x5793
mem[X,0x000000008000003E] -> 0x0399
[20] [M]: 0x000000008000003C (0x03995793) srli a5, s2, 0x39
x15 <- 0x0000000000000000

mem[X,0x0000000080000040] -> 0xE9B3
mem[X,0x0000000080000042] -> 0x00F9
[21] [M]: 0x0000000080000040 (0x00F9E9B3) or s3, s3, a5
x19 <- 0x000003EADFEEDBEA

mem[X,0x0000000080000044] -> 0xDA13
mem[X,0x0000000080000046] -> 0x0079
[22] [M]: 0x0000000080000044 (0x0079DA13) srli s4, s3, 0x7
x20 <- 0x00000007D5BFDDB7

mem[X,0x0000000080000048] -> 0xD793
mem[X,0x000000008000004A] -> 0x0399
[23] [M]: 0x0000000080000048 (0x0399D793) srli a5, s3, 0x39
x15 <- 0x0000000000000000

mem[X,0x000000008000004C] -> 0x6A33
mem[X,0x000000008000004E] -> 0x00FA
[24] [M]: 0x000000008000004C (0x00FA6A33) or s4, s4, a5
x20 <- 0x00000007D5BFDDB7

mem[X,0x0000000080000050] -> 0x5A93
mem[X,0x0000000080000052] -> 0x007A
[25] [M]: 0x0000000080000050 (0x007A5A93) srli s5, s4, 0x7
x21 <- 0x000000000FAB7FBB

mem[X,0x0000000080000054] -> 0x5793
mem[X,0x0000000080000056] -> 0x039A
[26] [M]: 0x0000000080000054 (0x039A5793) srli a5, s4, 0x39
x15 <- 0x0000000000000000

mem[X,0x0000000080000058] -> 0xEAB3
mem[X,0x000000008000005A] -> 0x00FA
[27] [M]: 0x0000000080000058 (0x00FAEAB3) or s5, s5, a5
x21 <- 0x000000000FAB7FBB

mem[X,0x000000008000005C] -> 0xDB13
mem[X,0x000000008000005E] -> 0x007A
[28] [M]: 0x000000008000005C (0x007ADB13) srli s6, s5, 0x7
x22 <- 0x00000000001F56FF

mem[X,0x0000000080000060] -> 0xD793
mem[X,0x0000000080000062] -> 0x039A
[29] [M]: 0x0000000080000060 (0x039AD793) srli a5, s5, 0x39
x15 <- 0x0000000000000000

mem[X,0x0000000080000064] -> 0x6B33
mem[X,0x0000000080000066] -> 0x00FB
[30] [M]: 0x0000000080000064 (0x00FB6B33) or s6, s6, a5
x22 <- 0x00000000001F56FF

mem[X,0x0000000080000068] -> 0x5B93
mem[X,0x000000008000006A] -> 0x007B
[31] [M]: 0x0000000080000068 (0x007B5B93) srli s7, s6, 0x7
x23 <- 0x0000000000003EAD

mem[X,0x000000008000006C] -> 0x5793
mem[X,0x000000008000006E] -> 0x039B
[32] [M]: 0x000000008000006C (0x039B5793) srli a5, s6, 0x39
x15 <- 0x0000000000000000

mem[X,0x0000000080000070] -> 0xEBB3
mem[X,0x0000000080000072] -> 0x00FB
[33] [M]: 0x0000000080000070 (0x00FBEBB3) or s7, s7, a5
x23 <- 0x0000000000003EAD

mem[X,0x0000000080000074] -> 0xDC13
mem[X,0x0000000080000076] -> 0x007B
[34] [M]: 0x0000000080000074 (0x007BDC13) srli s8, s7, 0x7
x24 <- 0x000000000000007D

mem[X,0x0000000080000078] -> 0xD793
mem[X,0x000000008000007A] -> 0x039B
[35] [M]: 0x0000000080000078 (0x039BD793) srli a5, s7, 0x39
x15 <- 0x0000000000000000

mem[X,0x000000008000007C] -> 0x6C33
mem[X,0x000000008000007E] -> 0x00FC
[36] [M]: 0x000000008000007C (0x00FC6C33) or s8, s8, a5
x24 <- 0x000000000000007D

mem[X,0x0000000080000080] -> 0x5C93
mem[X,0x0000000080000082] -> 0x007C
[37] [M]: 0x0000000080000080 (0x007C5C93) srli s9, s8, 0x7
x25 <- 0x0000000000000000

mem[X,0x0000000080000084] -> 0x5793
mem[X,0x0000000080000086] -> 0x039C
[38] [M]: 0x0000000080000084 (0x039C5793) srli a5, s8, 0x39
x15 <- 0x0000000000000000

mem[X,0x0000000080000088] -> 0xECB3
mem[X,0x000000008000008A] -> 0x00FC
[39] [M]: 0x0000000080000088 (0x00FCECB3) or s9, s9, a5
x25 <- 0x0000000000000000

mem[X,0x000000008000008C] -> 0xDD13
mem[X,0x000000008000008E] -> 0x007C
[40] [M]: 0x000000008000008C (0x007CDD13) srli s10, s9, 0x7
x26 <- 0x0000000000000000

mem[X,0x0000000080000090] -> 0xD793
mem[X,0x0000000080000092] -> 0x039C
[41] [M]: 0x0000000080000090 (0x039CD793) srli a5, s9, 0x39
x15 <- 0x0000000000000000

mem[X,0x0000000080000094] -> 0x6D33
mem[X,0x0000000080000096] -> 0x00FD
[42] [M]: 0x0000000080000094 (0x00FD6D33) or s10, s10, a5
x26 <- 0x0000000000000000

mem[X,0x0000000080000098] -> 0x5D93
mem[X,0x000000008000009A] -> 0x007D
[43] [M]: 0x0000000080000098 (0x007D5D93) srli s11, s10, 0x7
x27 <- 0x0000000000000000

mem[X,0x000000008000009C] -> 0x5793
mem[X,0x000000008000009E] -> 0x039D
[44] [M]: 0x000000008000009C (0x039D5793) srli a5, s10, 0x39
x15 <- 0x0000000000000000

mem[X,0x00000000800000A0] -> 0xEDB3
mem[X,0x00000000800000A2] -> 0x00FD
[45] [M]: 0x00000000800000A0 (0x00FDEDB3) or s11, s11, a5
x27 <- 0x0000000000000000

mem[X,0x00000000800000A4] -> 0xDE13
mem[X,0x00000000800000A6] -> 0x007D
[46] [M]: 0x00000000800000A4 (0x007DDE13) srli t3, s11, 0x7
x28 <- 0x0000000000000000

mem[X,0x00000000800000A8] -> 0xD793
mem[X,0x00000000800000AA] -> 0x039D
[47] [M]: 0x00000000800000A8 (0x039DD793) srli a5, s11, 0x39
x15 <- 0x0000000000000000

mem[X,0x00000000800000AC] -> 0x6E33
mem[X,0x00000000800000AE] -> 0x00FE
[48] [M]: 0x00000000800000AC (0x00FE6E33) or t3, t3, a5
x28 <- 0x0000000000000000

mem[X,0x00000000800000B0] -> 0x5E93
mem[X,0x00000000800000B2] -> 0x007E
[49] [M]: 0x00000000800000B0 (0x007E5E93) srli t4, t3, 0x7
x29 <- 0x0000000000000000

mem[X,0x00000000800000B4] -> 0x5793
mem[X,0x00000000800000B6] -> 0x039E
[50] [M]: 0x00000000800000B4 (0x039E5793) srli a5, t3, 0x39
x15 <- 0x0000000000000000

mem[X,0x00000000800000B8] -> 0xEEB3
mem[X,0x00000000800000BA] -> 0x00FE
[51] [M]: 0x00000000800000B8 (0x00FEEEB3) or t4, t4, a5
x29 <- 0x0000000000000000

mem[X,0x00000000800000BC] -> 0xDF13
mem[X,0x00000000800000BE] -> 0x007E
[52] [M]: 0x00000000800000BC (0x007EDF13) srli t5, t4, 0x7
x30 <- 0x0000000000000000

mem[X,0x00000000800000C0] -> 0xD793
mem[X,0x00000000800000C2] -> 0x039E
[53] [M]: 0x00000000800000C0 (0x039ED793) srli a5, t4, 0x39
x15 <- 0x0000000000000000

mem[X,0x00000000800000C4] -> 0x6F33
mem[X,0x00000000800000C6] -> 0x00FF
[54] [M]: 0x00000000800000C4 (0x00FF6F33) or t5, t5, a5
x30 <- 0x0000000000000000

mem[X,0x00000000800000C8] -> 0xC0B7
mem[X,0x00000000800000CA] -> 0xFEED
[55] [M]: 0x00000000800000C8 (0xFEEDC0B7) lui ra, -0x1124
x1 <- 0xFFFFFFFFFEEDC000

mem[X,0x00000000800000CC] -> 0x8093
mem[X,0x00000000800000CE] -> 0xEAD0
[56] [M]: 0x00000000800000CC (0xEAD08093) addi ra, ra, -0x153
x1 <- 0xFFFFFFFFFEEDBEAD

mem[X,0x00000000800000D0] -> 0x9093
mem[X,0x00000000800000D2] -> 0x00B0
[57] [M]: 0x00000000800000D0 (0x00B09093) slli ra, ra, 0xb
x1 <- 0xFFFFFFF76DF56800

mem[X,0x00000000800000D4] -> 0x8093
mem[X,0x00000000800000D6] -> 0x7F70
[58] [M]: 0x00000000800000D4 (0x7F708093) addi ra, ra, 0x7f7
x1 <- 0xFFFFFFF76DF56FF7

mem[X,0x00000000800000D8] -> 0x9093
mem[X,0x00000000800000DA] -> 0x00B0
[59] [M]: 0x00000000800000D8 (0x00B09093) slli ra, ra, 0xb
x1 <- 0xFFFFBB6FAB7FB800

mem[X,0x00000000800000DC] -> 0x8093
mem[X,0x00000000800000DE] -> 0x36F0
[60] [M]: 0x00000000800000DC (0x36F08093) addi ra, ra, 0x36f
x1 <- 0xFFFFBB6FAB7FBB6F

mem[X,0x00000000800000E0] -> 0x9093
mem[X,0x00000000800000E2] -> 0x00A0
[61] [M]: 0x00000000800000E0 (0x00A09093) slli ra, ra, 0xa
x1 <- 0xFEEDBEADFEEDBC00

mem[X,0x00000000800000E4] -> 0x8093
mem[X,0x00000000800000E6] -> 0x2AD0
[62] [M]: 0x00000000800000E4 (0x2AD08093) addi ra, ra, 0x2ad
x1 <- 0xFEEDBEADFEEDBEAD

mem[X,0x00000000800000E8] -> 0xD113
mem[X,0x00000000800000EA] -> 0x0070
[63] [M]: 0x00000000800000E8 (0x0070D113) srli sp, ra, 0x7
x2 <- 0x01FDDB7D5BFDDB7D

mem[X,0x00000000800000EC] -> 0xD793
mem[X,0x00000000800000EE] -> 0x0390
[64] [M]: 0x00000000800000EC (0x0390D793) srli a5, ra, 0x39
x15 <- 0x000000000000007F

mem[X,0x00000000800000F0] -> 0x6133
mem[X,0x00000000800000F2] -> 0x00F1
[65] [M]: 0x00000000800000F0 (0x00F16133) or sp, sp, a5
x2 <- 0x01FDDB7D5BFDDB7F

mem[X,0x00000000800000F4] -> 0x5193
mem[X,0x00000000800000F6] -> 0x0071
[66] [M]: 0x00000000800000F4 (0x00715193) srli gp, sp, 0x7
x3 <- 0x0003FBB6FAB7FBB6

mem[X,0x00000000800000F8] -> 0x5793
mem[X,0x00000000800000FA] -> 0x0391
[67] [M]: 0x00000000800000F8 (0x03915793) srli a5, sp, 0x39
x15 <- 0x0000000000000000

mem[X,0x00000000800000FC] -> 0xE1B3
mem[X,0x00000000800000FE] -> 0x00F1
[68] [M]: 0x00000000800000FC (0x00F1E1B3) or gp, gp, a5
x3 <- 0x0003FBB6FAB7FBB6

mem[X,0x0000000080000100] -> 0xD213
mem[X,0x0000000080000102] -> 0x0071
[69] [M]: 0x0000000080000100 (0x0071D213) srli tp, gp, 0x7
x4 <- 0x000007F76DF56FF7

mem[X,0x0000000080000104] -> 0xD793
mem[X,0x0000000080000106] -> 0x0391
[70] [M]: 0x0000000080000104 (0x0391D793) srli a5, gp, 0x39
x15 <- 0x0000000000000000

mem[X,0x0000000080000108] -> 0x6233
mem[X,0x000000008000010A] -> 0x00F2
[71] [M]: 0x0000000080000108 (0x00F26233) or tp, tp, a5
x4 <- 0x000007F76DF56FF7

mem[X,0x000000008000010C] -> 0x5293
mem[X,0x000000008000010E] -> 0x0072
[72] [M]: 0x000000008000010C (0x00725293) srli t0, tp, 0x7
x5 <- 0x0000000FEEDBEADF

mem[X,0x0000000080000110] -> 0x5793
mem[X,0x0000000080000112] -> 0x0392
[73] [M]: 0x0000000080000110 (0x03925793) srli a5, tp, 0x39
x15 <- 0x0000000000000000

mem[X,0x0000000080000114] -> 0xE2B3
mem[X,0x0000000080000116] -> 0x00F2
[74] [M]: 0x0000000080000114 (0x00F2E2B3) or t0, t0, a5
x5 <- 0x0000000FEEDBEADF

mem[X,0x0000000080000118] -> 0xD313
mem[X,0x000000008000011A] -> 0x0072
[75] [M]: 0x0000000080000118 (0x0072D313) srli t1, t0, 0x7
x6 <- 0x000000001FDDB7D5

mem[X,0x000000008000011C] -> 0xD793
mem[X,0x000000008000011E] -> 0x0392
[76] [M]: 0x000000008000011C (0x0392D793) srli a5, t0, 0x39
x15 <- 0x0000000000000000

mem[X,0x0000000080000120] -> 0x6333
mem[X,0x0000000080000122] -> 0x00F3
[77] [M]: 0x0000000080000120 (0x00F36333) or t1, t1, a5
x6 <- 0x000000001FDDB7D5

mem[X,0x0000000080000124] -> 0x5393
mem[X,0x0000000080000126] -> 0x0073
[78] [M]: 0x0000000080000124 (0x00735393) srli t2, t1, 0x7
x7 <- 0x00000000003FBB6F

mem[X,0x0000000080000128] -> 0x5793
mem[X,0x000000008000012A] -> 0x0393
[79] [M]: 0x0000000080000128 (0x03935793) srli a5, t1, 0x39
x15 <- 0x0000000000000000

mem[X,0x000000008000012C] -> 0xE3B3
mem[X,0x000000008000012E] -> 0x00F3
[80] [M]: 0x000000008000012C (0x00F3E3B3) or t2, t2, a5
x7 <- 0x00000000003FBB6F

mem[X,0x0000000080000130] -> 0xD413
mem[X,0x0000000080000132] -> 0x0073
[81] [M]: 0x0000000080000130 (0x0073D413) srli fp, t2, 0x7
x8 <- 0x0000000000007F76

mem[X,0x0000000080000134] -> 0xD793
mem[X,0x0000000080000136] -> 0x0393
[82] [M]: 0x0000000080000134 (0x0393D793) srli a5, t2, 0x39
x15 <- 0x0000000000000000

mem[X,0x0000000080000138] -> 0x6433
mem[X,0x000000008000013A] -> 0x00F4
[83] [M]: 0x0000000080000138 (0x00F46433) or fp, fp, a5
x8 <- 0x0000000000007F76

mem[X,0x000000008000013C] -> 0x5493
mem[X,0x000000008000013E] -> 0x0074
[84] [M]: 0x000000008000013C (0x00745493) srli s1, fp, 0x7
x9 <- 0x00000000000000FE

mem[X,0x0000000080000140] -> 0x5793
mem[X,0x0000000080000142] -> 0x0394
[85] [M]: 0x0000000080000140 (0x03945793) srli a5, fp, 0x39
x15 <- 0x0000000000000000

mem[X,0x0000000080000144] -> 0xE4B3
mem[X,0x0000000080000146] -> 0x00F4
[86] [M]: 0x0000000080000144 (0x00F4E4B3) or s1, s1, a5
x9 <- 0x00000000000000FE

mem[X,0x0000000080000148] -> 0xD513
mem[X,0x000000008000014A] -> 0x0074
[87] [M]: 0x0000000080000148 (0x0074D513) srli a0, s1, 0x7
x10 <- 0x0000000000000001

mem[X,0x000000008000014C] -> 0xD793
mem[X,0x000000008000014E] -> 0x0394
[88] [M]: 0x000000008000014C (0x0394D793) srli a5, s1, 0x39
x15 <- 0x0000000000000000

mem[X,0x0000000080000150] -> 0x6533
mem[X,0x0000000080000152] -> 0x00F5
[89] [M]: 0x0000000080000150 (0x00F56533) or a0, a0, a5
x10 <- 0x0000000000000001

mem[X,0x0000000080000154] -> 0x5593
mem[X,0x0000000080000156] -> 0x0075
[90] [M]: 0x0000000080000154 (0x00755593) srli a1, a0, 0x7
x11 <- 0x0000000000000000

mem[X,0x0000000080000158] -> 0x5793
mem[X,0x000000008000015A] -> 0x0395
[91] [M]: 0x0000000080000158 (0x03955793) srli a5, a0, 0x39
x15 <- 0x0000000000000000

mem[X,0x000000008000015C] -> 0xE5B3
mem[X,0x000000008000015E] -> 0x00F5
[92] [M]: 0x000000008000015C (0x00F5E5B3) or a1, a1, a5
x11 <- 0x0000000000000000

mem[X,0x0000000080000160] -> 0xD613
mem[X,0x0000000080000162] -> 0x0075
[93] [M]: 0x0000000080000160 (0x0075D613) srli a2, a1, 0x7
x12 <- 0x0000000000000000

mem[X,0x0000000080000164] -> 0xD793
mem[X,0x0000000080000166] -> 0x0395
[94] [M]: 0x0000000080000164 (0x0395D793) srli a5, a1, 0x39
x15 <- 0x0000000000000000

mem[X,0x0000000080000168] -> 0x6633
mem[X,0x000000008000016A] -> 0x00F6
[95] [M]: 0x0000000080000168 (0x00F66633) or a2, a2, a5
x12 <- 0x0000000000000000

mem[X,0x000000008000016C] -> 0x5693
mem[X,0x000000008000016E] -> 0x0076
[96] [M]: 0x000000008000016C (0x00765693) srli a3, a2, 0x7
x13 <- 0x0000000000000000

mem[X,0x0000000080000170] -> 0x5793
mem[X,0x0000000080000172] -> 0x0396
[97] [M]: 0x0000000080000170 (0x03965793) srli a5, a2, 0x39
x15 <- 0x0000000000000000

mem[X,0x0000000080000174] -> 0xE6B3
mem[X,0x0000000080000176] -> 0x00F6
[98] [M]: 0x0000000080000174 (0x00F6E6B3) or a3, a3, a5
x13 <- 0x0000000000000000

mem[X,0x0000000080000178] -> 0x0013
mem[X,0x000000008000017A] -> 0x0000
[99] [M]: 0x0000000080000178 (0x00000013) addi zero, zero, 0x0

clint::tick mtime <- 0x0000000000000001
 clint timer pending at mtime 0x0000000000000001
htif::tick 0x0000000000000000
mem[X,0x000000008000017C] -> 0x0013
mem[X,0x000000008000017E] -> 0x0000
[100] [M]: 0x000000008000017C (0x00000013) addi zero, zero, 0x0

mem[X,0x0000000080000180] -> 0x4397
mem[X,0x0000000080000182] -> 0x0000
[101] [M]: 0x0000000080000180 (0x00004397) auipc t2, 0x4
x7 <- 0x0000000080004180

mem[X,0x0000000080000184] -> 0x8393
mem[X,0x0000000080000186] -> 0xF983
[102] [M]: 0x0000000080000184 (0xF9838393) addi t2, t2, -0x68
x7 <- 0x0000000080004118

mem[X,0x0000000080000188] -> 0x0013
mem[X,0x000000008000018A] -> 0x0000
[103] [M]: 0x0000000080000188 (0x00000013) addi zero, zero, 0x0

mem[X,0x000000008000018C] -> 0x0013
mem[X,0x000000008000018E] -> 0x0000
[104] [M]: 0x000000008000018C (0x00000013) addi zero, zero, 0x0

mem[X,0x0000000080000190] -> 0x0013
mem[X,0x0000000080000192] -> 0x0000
[105] [M]: 0x0000000080000190 (0x00000013) addi zero, zero, 0x0

mem[X,0x0000000080000194] -> 0x0013
mem[X,0x0000000080000196] -> 0x0000
[106] [M]: 0x0000000080000194 (0x00000013) addi zero, zero, 0x0

mem[X,0x0000000080000198] -> 0x0013
mem[X,0x000000008000019A] -> 0x0000
[107] [M]: 0x0000000080000198 (0x00000013) addi zero, zero, 0x0

mem[X,0x000000008000019C] -> 0x0013
mem[X,0x000000008000019E] -> 0x0000
[108] [M]: 0x000000008000019C (0x00000013) addi zero, zero, 0x0

mem[X,0x00000000800001A0] -> 0x0037
mem[X,0x00000000800001A2] -> 0x0005
[109] [M]: 0x00000000800001A0 (0x00050037) lui zero, 0x50

mem[X,0x00000000800001A4] -> 0x0013
mem[X,0x00000000800001A6] -> 0xF7F0
[110] [M]: 0x00000000800001A4 (0xF7F00013) addi zero, zero, -0x81

mem[X,0x00000000800001A8] -> 0x1013
mem[X,0x00000000800001AA] -> 0x00B0
[111] [M]: 0x00000000800001A8 (0x00B01013) slli zero, zero, 0xb

mem[X,0x00000000800001AC] -> 0x0013
mem[X,0x00000000800001AE] -> 0x0200
[112] [M]: 0x00000000800001AC (0x02000013) addi zero, zero, 0x20

mem[X,0x00000000800001B0] -> 0x1013
mem[X,0x00000000800001B2] -> 0x00B0
[113] [M]: 0x00000000800001B0 (0x00B01013) slli zero, zero, 0xb

mem[X,0x00000000800001B4] -> 0x0013
mem[X,0x00000000800001B6] -> 0x0200
[114] [M]: 0x00000000800001B4 (0x02000013) addi zero, zero, 0x20

mem[X,0x00000000800001B8] -> 0x1013
mem[X,0x00000000800001BA] -> 0x00A0
[115] [M]: 0x00000000800001B8 (0x00A01013) slli zero, zero, 0xa

mem[X,0x00000000800001BC] -> 0x0B37
mem[X,0x00000000800001BE] -> 0x5556
[116] [M]: 0x00000000800001BC (0x55560B37) lui s6, 0x55560
x22 <- 0x0000000055560000

mem[X,0x00000000800001C0] -> 0x0B13
mem[X,0x00000000800001C2] -> 0xFF6B
[117] [M]: 0x00000000800001C0 (0xFF6B0B13) addi s6, s6, -0xa
x22 <- 0x000000005555FFF6

mem[X,0x00000000800001C4] -> 0x1B13
mem[X,0x00000000800001C6] -> 0x00BB
[118] [M]: 0x00000000800001C4 (0x00BB1B13) slli s6, s6, 0xb
x22 <- 0x000002AAAFFFB000

mem[X,0x00000000800001C8] -> 0x0B13
mem[X,0x00000000800001CA] -> 0x7FFB
[119] [M]: 0x00000000800001C8 (0x7FFB0B13) addi s6, s6, 0x7ff
x22 <- 0x000002AAAFFFB7FF

mem[X,0x00000000800001CC] -> 0x1B13
mem[X,0x00000000800001CE] -> 0x00BB
[120] [M]: 0x00000000800001CC (0x00BB1B13) slli s6, s6, 0xb
x22 <- 0x0015557FFDBFF800

mem[X,0x00000000800001D0] -> 0x0B13
mem[X,0x00000000800001D2] -> 0x7FDB
[121] [M]: 0x00000000800001D0 (0x7FDB0B13) addi s6, s6, 0x7fd
x22 <- 0x0015557FFDBFFFFD

mem[X,0x00000000800001D4] -> 0x1B13
mem[X,0x00000000800001D6] -> 0x00AB
[122] [M]: 0x00000000800001D4 (0x00AB1B13) slli s6, s6, 0xa
x22 <- 0x5555FFF6FFFFF400

mem[X,0x00000000800001D8] -> 0x0B13
mem[X,0x00000000800001DA] -> 0x3FFB
[123] [M]: 0x00000000800001D8 (0x3FFB0B13) addi s6, s6, 0x3ff
x22 <- 0x5555FFF6FFFFF7FF

mem[X,0x00000000800001DC] -> 0x02BB
mem[X,0x00000000800001DE] -> 0xC960
[124] [M]: 0x00000000800001DC (0xC96002BB) pdif.h t0, zero, s6
x5 <- 0x5555000A00010801

mem[X,0x00000000800001E0] -> 0xB023
mem[X,0x00000000800001E2] -> 0x0053
[125] [M]: 0x00000000800001E0 (0x0053B023) sd t0, 0x0(t2)
mem[0x0000000080004118] <- 0x5555000A00010801

mem[X,0x00000000800001E4] -> 0xCCB7
mem[X,0x00000000800001E6] -> 0x8000
[126] [M]: 0x00000000800001E4 (0x8000CCB7) lui s9, -0x7fff4
x25 <- 0xFFFFFFFF8000C000

mem[X,0x00000000800001E8] -> 0x8C93
mem[X,0x00000000800001EA] -> 0x000C
[127] [M]: 0x00000000800001E8 (0x000C8C93) addi s9, s9, 0x0
x25 <- 0xFFFFFFFF8000C000

mem[X,0x00000000800001EC] -> 0x9C93
mem[X,0x00000000800001EE] -> 0x00BC
[128] [M]: 0x00000000800001EC (0x00BC9C93) slli s9, s9, 0xb
x25 <- 0xFFFFFC0006000000

mem[X,0x00000000800001F0] -> 0x8C93
mem[X,0x00000000800001F2] -> 0x000C
[129] [M]: 0x00000000800001F0 (0x000C8C93) addi s9, s9, 0x0
x25 <- 0xFFFFFC0006000000

mem[X,0x00000000800001F4] -> 0x9C93
mem[X,0x00000000800001F6] -> 0x00BC
[130] [M]: 0x00000000800001F4 (0x00BC9C93) slli s9, s9, 0xb
x25 <- 0xFFE0003000000000

mem[X,0x00000000800001F8] -> 0x8C93
mem[X,0x00000000800001FA] -> 0x03FC
[131] [M]: 0x00000000800001F8 (0x03FC8C93) addi s9, s9, 0x3f
x25 <- 0xFFE000300000003F

mem[X,0x00000000800001FC] -> 0x9C93
mem[X,0x00000000800001FE] -> 0x00AC
[132] [M]: 0x00000000800001FC (0x00AC9C93) slli s9, s9, 0xa
x25 <- 0x8000C0000000FC00

mem[X,0x0000000080000200] -> 0x8C93
mem[X,0x0000000080000202] -> 0x3FFC
[133] [M]: 0x0000000080000200 (0x3FFC8C93) addi s9, s9, 0x3ff
x25 <- 0x8000C0000000FFFF

mem[X,0x0000000080000204] -> 0xEE37
mem[X,0x0000000080000206] -> 0xF7FF
[134] [M]: 0x0000000080000204 (0xF7FFEE37) lui t3, -0x8002
x28 <- 0xFFFFFFFFF7FFE000

mem[X,0x0000000080000208] -> 0x0E13
mem[X,0x000000008000020A] -> 0xFFFE
[135] [M]: 0x0000000080000208 (0xFFFE0E13) addi t3, t3, -0x1
x28 <- 0xFFFFFFFFF7FFDFFF

mem[X,0x000000008000020C] -> 0x1E13
mem[X,0x000000008000020E] -> 0x00BE
[136] [M]: 0x000000008000020C (0x00BE1E13) slli t3, t3, 0xb
x28 <- 0xFFFFFFBFFEFFF800

mem[X,0x0000000080000210] -> 0x0E13
mem[X,0x0000000080000212] -> 0x7FFE
[137] [M]: 0x0000000080000210 (0x7FFE0E13) addi t3, t3, 0x7ff
x28 <- 0xFFFFFFBFFEFFFFFF

mem[X,0x0000000080000214] -> 0x1E13
mem[X,0x0000000080000216] -> 0x00BE
[138] [M]: 0x0000000080000214 (0x00BE1E13) slli t3, t3, 0xb
x28 <- 0xFFFDFFF7FFFFF800

mem[X,0x0000000080000218] -> 0x0E13
mem[X,0x000000008000021A] -> 0x6FFE
[139] [M]: 0x0000000080000218 (0x6FFE0E13) addi t3, t3, 0x6ff
x28 <- 0xFFFDFFF7FFFFFEFF

mem[X,0x000000008000021C] -> 0x1E13
mem[X,0x000000008000021E] -> 0x00AE
[140] [M]: 0x000000008000021C (0x00AE1E13) slli t3, t3, 0xa
x28 <- 0xF7FFDFFFFFFBFC00

mem[X,0x0000000080000220] -> 0x0E13
mem[X,0x0000000080000222] -> 0x2FFE
[141] [M]: 0x0000000080000220 (0x2FFE0E13) addi t3, t3, 0x2ff
x28 <- 0xF7FFDFFFFFFBFEFF

mem[X,0x0000000080000224] -> 0x8E3B
mem[X,0x0000000080000226] -> 0xC9CC
[142] [M]: 0x0000000080000224 (0xC9CC8E3B) pdif.h t3, s9, t3
x28 <- 0x77FF1FFF00050100

mem[X,0x0000000080000228] -> 0xB423
mem[X,0x000000008000022A] -> 0x01C3
[143] [M]: 0x0000000080000228 (0x01C3B423) sd t3, 0x8(t2)
mem[0x0000000080004120] <- 0x77FF1FFF00050100

mem[X,0x000000008000022C] -> 0x0F37
mem[X,0x000000008000022E] -> 0xFFFC
[144] [M]: 0x000000008000022C (0xFFFC0F37) lui t5, -0x40
x30 <- 0xFFFFFFFFFFFC0000

mem[X,0x0000000080000230] -> 0x0F13
mem[X,0x0000000080000232] -> 0xFEFF
[145] [M]: 0x0000000080000230 (0xFEFF0F13) addi t5, t5, -0x11
x30 <- 0xFFFFFFFFFFFBFFEF

mem[X,0x0000000080000234] -> 0x1F13
mem[X,0x0000000080000236] -> 0x00BF
[146] [M]: 0x0000000080000234 (0x00BF1F13) slli t5, t5, 0xb
x30 <- 0xFFFFFFFFDFFF7800

mem[X,0x0000000080000238] -> 0x0F13
mem[X,0x000000008000023A] -> 0x7FFF
[147] [M]: 0x0000000080000238 (0x7FFF0F13) addi t5, t5, 0x7ff
x30 <- 0xFFFFFFFFDFFF7FFF

mem[X,0x000000008000023C] -> 0x1F13
mem[X,0x000000008000023E] -> 0x00BF
[148] [M]: 0x000000008000023C (0x00BF1F13) slli t5, t5, 0xb
x30 <- 0xFFFFFEFFFBFFF800

mem[X,0x0000000080000240] -> 0x0F13
mem[X,0x0000000080000242] -> 0x740F
[149] [M]: 0x0000000080000240 (0x740F0F13) addi t5, t5, 0x740
x30 <- 0xFFFFFEFFFBFFFF40

mem[X,0x0000000080000244] -> 0x1F13
mem[X,0x0000000080000246] -> 0x00AF
[150] [M]: 0x0000000080000244 (0x00AF1F13) slli t5, t5, 0xa
x30 <- 0xFFFBFFEFFFFD0000

mem[X,0x0000000080000248] -> 0x0F37
mem[X,0x000000008000024A] -> 0x0003
[151] [M]: 0x0000000080000248 (0x00030F37) lui t5, 0x30
x30 <- 0x0000000000030000

mem[X,0x000000008000024C] -> 0x0F13
mem[X,0x000000008000024E] -> 0x007F
[152] [M]: 0x000000008000024C (0x007F0F13) addi t5, t5, 0x7
x30 <- 0x0000000000030007

mem[X,0x0000000080000250] -> 0x1F13
mem[X,0x0000000080000252] -> 0x00BF
[153] [M]: 0x0000000080000250 (0x00BF1F13) slli t5, t5, 0xb
x30 <- 0x0000000018003800

mem[X,0x0000000080000254] -> 0x0F13
mem[X,0x0000000080000256] -> 0x000F
[154] [M]: 0x0000000080000254 (0x000F0F13) addi t5, t5, 0x0
x30 <- 0x0000000018003800

mem[X,0x0000000080000258] -> 0x1F13
mem[X,0x000000008000025A] -> 0x00BF
[155] [M]: 0x0000000080000258 (0x00BF1F13) slli t5, t5, 0xb
x30 <- 0x000000C001C00000

mem[X,0x000000008000025C] -> 0x0F13
mem[X,0x000000008000025E] -> 0x040F
[156] [M]: 0x000000008000025C (0x040F0F13) addi t5, t5, 0x40
x30 <- 0x000000C001C00040

mem[X,0x0000000080000260] -> 0x1F13
mem[X,0x0000000080000262] -> 0x00AF
[157] [M]: 0x0000000080000260 (0x00AF1F13) slli t5, t5, 0xa
x30 <- 0x0003000700010000

mem[X,0x0000000080000264] -> 0x0F13
mem[X,0x0000000080000266] -> 0x020F
[158] [M]: 0x0000000080000264 (0x020F0F13) addi t5, t5, 0x20
x30 <- 0x0003000700010020

mem[X,0x0000000080000268] -> 0x0EBB
mem[X,0x000000008000026A] -> 0xC9EF
[159] [M]: 0x0000000080000268 (0xC9EF0EBB) pdif.h t4, t5, t5
x29 <- 0x0000000000000000

mem[X,0x000000008000026C] -> 0xB823
mem[X,0x000000008000026E] -> 0x01D3
[160] [M]: 0x000000008000026C (0x01D3B823) sd t4, 0x10(t2)
mem[0x0000000080004128] <- 0x0000000000000000

mem[X,0x0000000080000270] -> 0x0DB7
mem[X,0x0000000080000272] -> 0x0009
[161] [M]: 0x0000000080000270 (0x00090DB7) lui s11, 0x90
x27 <- 0x0000000000090000

mem[X,0x0000000080000274] -> 0x8D93
mem[X,0x0000000080000276] -> 0x001D
[162] [M]: 0x0000000080000274 (0x001D8D93) addi s11, s11, 0x1
x27 <- 0x0000000000090001

mem[X,0x0000000080000278] -> 0x9D93
mem[X,0x000000008000027A] -> 0x00BD
[163] [M]: 0x0000000080000278 (0x00BD9D93) slli s11, s11, 0xb
x27 <- 0x0000000048000800

mem[X,0x000000008000027C] -> 0x8D93
mem[X,0x000000008000027E] -> 0x7EFD
[164] [M]: 0x000000008000027C (0x7EFD8D93) addi s11, s11, 0x7ef
x27 <- 0x0000000048000FEF

mem[X,0x0000000080000280] -> 0x9D93
mem[X,0x0000000080000282] -> 0x00BD
[165] [M]: 0x0000000080000280 (0x00BD9D93) slli s11, s11, 0xb
x27 <- 0x00000240007F7800

mem[X,0x0000000080000284] -> 0x8D93
mem[X,0x0000000080000286] -> 0x7C0D
[166] [M]: 0x0000000080000284 (0x7C0D8D93) addi s11, s11, 0x7c0
x27 <- 0x00000240007F7FC0

mem[X,0x0000000080000288] -> 0x9D93
mem[X,0x000000008000028A] -> 0x00AD
[167] [M]: 0x0000000080000288 (0x00AD9D93) slli s11, s11, 0xa
x27 <- 0x00090001FDFF0000

mem[X,0x000000008000028C] -> 0x8D93
mem[X,0x000000008000028E] -> 0x001D
[168] [M]: 0x000000008000028C (0x001D8D93) addi s11, s11, 0x1
x27 <- 0x00090001FDFF0001

mem[X,0x0000000080000290] -> 0x0D37
mem[X,0x0000000080000292] -> 0x0002
[169] [M]: 0x0000000080000290 (0x00020D37) lui s10, 0x20
x26 <- 0x0000000000020000

mem[X,0x0000000080000294] -> 0x0D13
mem[X,0x0000000080000296] -> 0x005D
[170] [M]: 0x0000000080000294 (0x005D0D13) addi s10, s10, 0x5
x26 <- 0x0000000000020005

mem[X,0x0000000080000298] -> 0x1D13
mem[X,0x000000008000029A] -> 0x00BD
[171] [M]: 0x0000000080000298 (0x00BD1D13) slli s10, s10, 0xb
x26 <- 0x0000000010002800

mem[X,0x000000008000029C] -> 0x0D13
mem[X,0x000000008000029E] -> 0x555D
[172] [M]: 0x000000008000029C (0x555D0D13) addi s10, s10, 0x555
x26 <- 0x0000000010002D55

mem[X,0x00000000800002A0] -> 0x1D13
mem[X,0x00000000800002A2] -> 0x00BD
[173] [M]: 0x00000000800002A0 (0x00BD1D13) slli s10, s10, 0xb
x26 <- 0x00000080016AA800

mem[X,0x00000000800002A4] -> 0x0D13
mem[X,0x00000000800002A6] -> 0x2BFD
[174] [M]: 0x00000000800002A4 (0x2BFD0D13) addi s10, s10, 0x2bf
x26 <- 0x00000080016AAABF

mem[X,0x00000000800002A8] -> 0x1D13
mem[X,0x00000000800002AA] -> 0x00AD
[175] [M]: 0x00000000800002A8 (0x00AD1D13) slli s10, s10, 0xa
x26 <- 0x00020005AAAAFC00

mem[X,0x00000000800002AC] -> 0x0D13
mem[X,0x00000000800002AE] -> 0x3FBD
[176] [M]: 0x00000000800002AC (0x3FBD0D13) addi s10, s10, 0x3fb
x26 <- 0x00020005AAAAFFFB

mem[X,0x00000000800002B0] -> 0x8DBB
mem[X,0x00000000800002B2] -> 0xC9AD
[177] [M]: 0x00000000800002B0 (0xC9AD8DBB) pdif.h s11, s11, s10
x27 <- 0x0007000453550006

mem[X,0x00000000800002B4] -> 0xBC23
mem[X,0x00000000800002B6] -> 0x01B3
[178] [M]: 0x00000000800002B4 (0x01B3BC23) sd s11, 0x18(t2)
mem[0x0000000080004130] <- 0x0007000453550006

mem[X,0x00000000800002B8] -> 0x8337
mem[X,0x00000000800002BA] -> 0x0003
[179] [M]: 0x00000000800002B8 (0x00038337) lui t1, 0x38
x6 <- 0x0000000000038000

mem[X,0x00000000800002BC] -> 0x0313
mem[X,0x00000000800002BE] -> 0x0003
[180] [M]: 0x00000000800002BC (0x00030313) addi t1, t1, 0x0
x6 <- 0x0000000000038000

mem[X,0x00000000800002C0] -> 0x1313
mem[X,0x00000000800002C2] -> 0x00B3
[181] [M]: 0x00000000800002C0 (0x00B31313) slli t1, t1, 0xb
x6 <- 0x000000001C000000

mem[X,0x00000000800002C4] -> 0x0313
mem[X,0x00000000800002C6] -> 0x2AA3
[182] [M]: 0x00000000800002C4 (0x2AA30313) addi t1, t1, 0x2aa
x6 <- 0x000000001C0002AA

mem[X,0x00000000800002C8] -> 0x1313
mem[X,0x00000000800002CA] -> 0x00B3
[183] [M]: 0x00000000800002C8 (0x00B31313) slli t1, t1, 0xb
x6 <- 0x000000E000155000

mem[X,0x00000000800002CC] -> 0x0313
mem[X,0x00000000800002CE] -> 0x55F3
[184] [M]: 0x00000000800002CC (0x55F30313) addi t1, t1, 0x55f
x6 <- 0x000000E00015555F

mem[X,0x00000000800002D0] -> 0x1313
mem[X,0x00000000800002D2] -> 0x00A3
[185] [M]: 0x00000000800002D0 (0x00A31313) slli t1, t1, 0xa
x6 <- 0x0003800055557C00

mem[X,0x00000000800002D4] -> 0x0313
mem[X,0x00000000800002D6] -> 0x3FF3
[186] [M]: 0x00000000800002D4 (0x3FF30313) addi t1, t1, 0x3ff
x6 <- 0x0003800055557FFF

mem[X,0x00000000800002D8] -> 0x0337
mem[X,0x00000000800002DA] -> 0xFFFC
[187] [M]: 0x00000000800002D8 (0xFFFC0337) lui t1, -0x40
x6 <- 0xFFFFFFFFFFFC0000

mem[X,0x00000000800002DC] -> 0x0313
mem[X,0x00000000800002DE] -> 0xFF93
[188] [M]: 0x00000000800002DC (0xFF930313) addi t1, t1, -0x7
x6 <- 0xFFFFFFFFFFFBFFF9

mem[X,0x00000000800002E0] -> 0x1313
mem[X,0x00000000800002E2] -> 0x00B3
[189] [M]: 0x00000000800002E0 (0x00B31313) slli t1, t1, 0xb
x6 <- 0xFFFFFFFFDFFFC800

mem[X,0x00000000800002E4] -> 0x0313
mem[X,0x00000000800002E6] -> 0x0083
[190] [M]: 0x00000000800002E4 (0x00830313) addi t1, t1, 0x8
x6 <- 0xFFFFFFFFDFFFC808

mem[X,0x00000000800002E8] -> 0x1313
mem[X,0x00000000800002EA] -> 0x00B3
[191] [M]: 0x00000000800002E8 (0x00B31313) slli t1, t1, 0xb
x6 <- 0xFFFFFEFFFE404000

mem[X,0x00000000800002EC] -> 0x0313
mem[X,0x00000000800002EE] -> 0x0003
[192] [M]: 0x00000000800002EC (0x00030313) addi t1, t1, 0x0
x6 <- 0xFFFFFEFFFE404000

mem[X,0x00000000800002F0] -> 0x1313
mem[X,0x00000000800002F2] -> 0x00A3
[193] [M]: 0x00000000800002F0 (0x00A31313) slli t1, t1, 0xa
x6 <- 0xFFFBFFF901000000

mem[X,0x00000000800002F4] -> 0x0313
mem[X,0x00000000800002F6] -> 0x0013
[194] [M]: 0x00000000800002F4 (0x00130313) addi t1, t1, 0x1
x6 <- 0xFFFBFFF901000001

mem[X,0x00000000800002F8] -> 0x033B
mem[X,0x00000000800002FA] -> 0xC863
[195] [M]: 0x00000000800002F8 (0xC863033B) pdif.h t1, t1, t1
x6 <- 0x0000000000000000

mem[X,0x00000000800002FC] -> 0xB023
mem[X,0x00000000800002FE] -> 0x0263
[196] [M]: 0x00000000800002FC (0x0263B023) sd t1, 0x20(t2)
mem[0x0000000080004138] <- 0x0000000000000000

mem[X,0x0000000080000300] -> 0x8437
mem[X,0x0000000080000302] -> 0xFEFF
[197] [M]: 0x0000000080000300 (0xFEFF8437) lui fp, -0x1008
x8 <- 0xFFFFFFFFFEFF8000

mem[X,0x0000000080000304] -> 0x0413
mem[X,0x0000000080000306] -> 0xFFF4
[198] [M]: 0x0000000080000304 (0xFFF40413) addi fp, fp, -0x1
x8 <- 0xFFFFFFFFFEFF7FFF

mem[X,0x0000000080000308] -> 0x1413
mem[X,0x000000008000030A] -> 0x00B4
[199] [M]: 0x0000000080000308 (0x00B41413) slli fp, fp, 0xb
x8 <- 0xFFFFFFF7FBFFF800

clint::tick mtime <- 0x0000000000000002
 clint timer pending at mtime 0x0000000000000002
htif::tick 0x0000000000000000
mem[X,0x000000008000030C] -> 0x0413
mem[X,0x000000008000030E] -> 0x7FF4
[200] [M]: 0x000000008000030C (0x7FF40413) addi fp, fp, 0x7ff
x8 <- 0xFFFFFFF7FBFFFFFF

mem[X,0x0000000080000310] -> 0x1413
mem[X,0x0000000080000312] -> 0x00B4
[201] [M]: 0x0000000080000310 (0x00B41413) slli fp, fp, 0xb
x8 <- 0xFFFFBFDFFFFFF800

mem[X,0x0000000080000314] -> 0x0413
mem[X,0x0000000080000316] -> 0x7404
[202] [M]: 0x0000000080000314 (0x74040413) addi fp, fp, 0x740
x8 <- 0xFFFFBFDFFFFFFF40

mem[X,0x0000000080000318] -> 0x1413
mem[X,0x000000008000031A] -> 0x00A4
[203] [M]: 0x0000000080000318 (0x00A41413) slli fp, fp, 0xa
x8 <- 0xFEFF7FFFFFFD0000

mem[X,0x000000008000031C] -> 0x0413
mem[X,0x000000008000031E] -> 0x0024
[204] [M]: 0x000000008000031C (0x00240413) addi fp, fp, 0x2
x8 <- 0xFEFF7FFFFFFD0002

mem[X,0x0000000080000320] -> 0x09B7
mem[X,0x0000000080000322] -> 0x0401
[205] [M]: 0x0000000080000320 (0x040109B7) lui s3, 0x4010
x19 <- 0x0000000004010000

mem[X,0x0000000080000324] -> 0x8993
mem[X,0x0000000080000326] -> 0xFDF9
[206] [M]: 0x0000000080000324 (0xFDF98993) addi s3, s3, -0x21
x19 <- 0x000000000400FFDF

mem[X,0x0000000080000328] -> 0x9993
mem[X,0x000000008000032A] -> 0x00B9
[207] [M]: 0x0000000080000328 (0x00B99993) slli s3, s3, 0xb
x19 <- 0x0000002007FEF800

mem[X,0x000000008000032C] -> 0x8993
mem[X,0x000000008000032E] -> 0x7FE9
[208] [M]: 0x000000008000032C (0x7FE98993) addi s3, s3, 0x7fe
x19 <- 0x0000002007FEFFFE

mem[X,0x0000000080000330] -> 0x9993
mem[X,0x0000000080000332] -> 0x00B9
[209] [M]: 0x0000000080000330 (0x00B99993) slli s3, s3, 0xb
x19 <- 0x0001003FF7FFF000

mem[X,0x0000000080000334] -> 0x8993
mem[X,0x0000000080000336] -> 0x7FF9
[210] [M]: 0x0000000080000334 (0x7FF98993) addi s3, s3, 0x7ff
x19 <- 0x0001003FF7FFF7FF

mem[X,0x0000000080000338] -> 0x9993
mem[X,0x000000008000033A] -> 0x00A9
[211] [M]: 0x0000000080000338 (0x00A99993) slli s3, s3, 0xa
x19 <- 0x0400FFDFFFDFFC00

mem[X,0x000000008000033C] -> 0x8993
mem[X,0x000000008000033E] -> 0x3FA9
[212] [M]: 0x000000008000033C (0x3FA98993) addi s3, s3, 0x3fa
x19 <- 0x0400FFDFFFDFFFFA

mem[X,0x0000000080000340] -> 0x0ABB
mem[X,0x0000000080000342] -> 0xC934
[213] [M]: 0x0000000080000340 (0xC9340ABB) pdif.h s5, fp, s3
x21 <- 0x05017FE0001E0008

mem[X,0x0000000080000344] -> 0xB423
mem[X,0x0000000080000346] -> 0x0353
[214] [M]: 0x0000000080000344 (0x0353B423) sd s5, 0x28(t2)
mem[0x0000000080004140] <- 0x05017FE0001E0008

mem[X,0x0000000080000348] -> 0x0137
mem[X,0x000000008000034A] -> 0x000A
[215] [M]: 0x0000000080000348 (0x000A0137) lui sp, 0xa0
x2 <- 0x00000000000A0000

mem[X,0x000000008000034C] -> 0x0113
mem[X,0x000000008000034E] -> 0xDFF1
[216] [M]: 0x000000008000034C (0xDFF10113) addi sp, sp, -0x201
x2 <- 0x000000000009FDFF

mem[X,0x0000000080000350] -> 0x1113
mem[X,0x0000000080000352] -> 0x00B1
[217] [M]: 0x0000000080000350 (0x00B11113) slli sp, sp, 0xb
x2 <- 0x000000004FEFF800

mem[X,0x0000000080000354] -> 0x0113
mem[X,0x0000000080000356] -> 0x3FF1
[218] [M]: 0x0000000080000354 (0x3FF10113) addi sp, sp, 0x3ff
x2 <- 0x000000004FEFFBFF

mem[X,0x0000000080000358] -> 0x1113
mem[X,0x000000008000035A] -> 0x00B1
[219] [M]: 0x0000000080000358 (0x00B11113) slli sp, sp, 0xb
x2 <- 0x0000027F7FDFF800

mem[X,0x000000008000035C] -> 0x0113
mem[X,0x000000008000035E] -> 0x7C01
[220] [M]: 0x000000008000035C (0x7C010113) addi sp, sp, 0x7c0
x2 <- 0x0000027F7FDFFFC0

mem[X,0x0000000080000360] -> 0x1113
mem[X,0x0000000080000362] -> 0x00A1
[221] [M]: 0x0000000080000360 (0x00A11113) slli sp, sp, 0xa
x2 <- 0x0009FDFF7FFF0000

mem[X,0x0000000080000364] -> 0x0113
mem[X,0x0000000080000366] -> 0x0041
[222] [M]: 0x0000000080000364 (0x00410113) addi sp, sp, 0x4
x2 <- 0x0009FDFF7FFF0004

mem[X,0x0000000080000368] -> 0x0EB7
mem[X,0x000000008000036A] -> 0x0001
[223] [M]: 0x0000000080000368 (0x00010EB7) lui t4, 0x10
x29 <- 0x0000000000010000

mem[X,0x000000008000036C] -> 0x8E93
mem[X,0x000000008000036E] -> 0xFF9E
[224] [M]: 0x000000008000036C (0xFF9E8E93) addi t4, t4, -0x7
x29 <- 0x000000000000FFF9

mem[X,0x0000000080000370] -> 0x9E93
mem[X,0x0000000080000372] -> 0x00BE
[225] [M]: 0x0000000080000370 (0x00BE9E93) slli t4, t4, 0xb
x29 <- 0x0000000007FFC800

mem[X,0x0000000080000374] -> 0x8E93
mem[X,0x0000000080000376] -> 0x7FFE
[226] [M]: 0x0000000080000374 (0x7FFE8E93) addi t4, t4, 0x7ff
x29 <- 0x0000000007FFCFFF

mem[X,0x0000000080000378] -> 0x9E93
mem[X,0x000000008000037A] -> 0x00BE
[227] [M]: 0x0000000080000378 (0x00BE9E93) slli t4, t4, 0xb
x29 <- 0x0000003FFE7FF800

mem[X,0x000000008000037C] -> 0x8E93
mem[X,0x000000008000037E] -> 0x580E
[228] [M]: 0x000000008000037C (0x580E8E93) addi t4, t4, 0x580
x29 <- 0x0000003FFE7FFD80

mem[X,0x0000000080000380] -> 0x9E93
mem[X,0x0000000080000382] -> 0x00AE
[229] [M]: 0x0000000080000380 (0x00AE9E93) slli t4, t4, 0xa
x29 <- 0x0000FFF9FFF60000

mem[X,0x0000000080000384] -> 0x053B
mem[X,0x0000000080000386] -> 0xC9D1
[230] [M]: 0x0000000080000384 (0xC9D1053B) pdif.h a0, sp, t4
x10 <- 0x000901FA7FF70004

mem[X,0x0000000080000388] -> 0xB823
mem[X,0x000000008000038A] -> 0x02A3
[231] [M]: 0x0000000080000388 (0x02A3B823) sd a0, 0x30(t2)
mem[0x0000000080004148] <- 0x000901FA7FF70004

mem[X,0x000000008000038C] -> 0x0637
mem[X,0x000000008000038E] -> 0x0040
[232] [M]: 0x000000008000038C (0x00400637) lui a2, 0x400
x12 <- 0x0000000000400000

mem[X,0x0000000080000390] -> 0x0613
mem[X,0x0000000080000392] -> 0x0406
[233] [M]: 0x0000000080000390 (0x04060613) addi a2, a2, 0x40
x12 <- 0x0000000000400040

mem[X,0x0000000080000394] -> 0x1613
mem[X,0x0000000080000396] -> 0x00B6
[234] [M]: 0x0000000080000394 (0x00B61613) slli a2, a2, 0xb
x12 <- 0x0000000200020000

mem[X,0x0000000080000398] -> 0x0613
mem[X,0x000000008000039A] -> 0x0086
[235] [M]: 0x0000000080000398 (0x00860613) addi a2, a2, 0x8
x12 <- 0x0000000200020008

mem[X,0x000000008000039C] -> 0x1613
mem[X,0x000000008000039E] -> 0x00B6
[236] [M]: 0x000000008000039C (0x00B61613) slli a2, a2, 0xb
x12 <- 0x0000100010004000

mem[X,0x00000000800003A0] -> 0x0613
mem[X,0x00000000800003A2] -> 0x0006
[237] [M]: 0x00000000800003A0 (0x00060613) addi a2, a2, 0x0
x12 <- 0x0000100010004000

mem[X,0x00000000800003A4] -> 0x1613
mem[X,0x00000000800003A6] -> 0x00A6
[238] [M]: 0x00000000800003A4 (0x00A61613) slli a2, a2, 0xa
x12 <- 0x0040004001000000

mem[X,0x00000000800003A8] -> 0x0613
mem[X,0x00000000800003AA] -> 0x0086
[239] [M]: 0x00000000800003A8 (0x00860613) addi a2, a2, 0x8
x12 <- 0x0040004001000008

mem[X,0x00000000800003AC] -> 0xFC37
mem[X,0x00000000800003AE] -> 0xBFFF
[240] [M]: 0x00000000800003AC (0xBFFFFC37) lui s8, -0x40001
x24 <- 0xFFFFFFFFBFFFF000

mem[X,0x00000000800003B0] -> 0x0C13
mem[X,0x00000000800003B2] -> 0x7FFC
[241] [M]: 0x00000000800003B0 (0x7FFC0C13) addi s8, s8, 0x7ff
x24 <- 0xFFFFFFFFBFFFF7FF

mem[X,0x00000000800003B4] -> 0x1C13
mem[X,0x00000000800003B6] -> 0x00BC
[242] [M]: 0x00000000800003B4 (0x00BC1C13) slli s8, s8, 0xb
x24 <- 0xFFFFFDFFFFBFF800

mem[X,0x00000000800003B8] -> 0x0C13
mem[X,0x00000000800003BA] -> 0x77FC
[243] [M]: 0x00000000800003B8 (0x77FC0C13) addi s8, s8, 0x77f
x24 <- 0xFFFFFDFFFFBFFF7F

mem[X,0x00000000800003BC] -> 0x1C13
mem[X,0x00000000800003BE] -> 0x00BC
[244] [M]: 0x00000000800003BC (0x00BC1C13) slli s8, s8, 0xb
x24 <- 0xFFEFFFFDFFFBF800

mem[X,0x00000000800003C0] -> 0x0C13
mem[X,0x00000000800003C2] -> 0x7C0C
[245] [M]: 0x00000000800003C0 (0x7C0C0C13) addi s8, s8, 0x7c0
x24 <- 0xFFEFFFFDFFFBFFC0

mem[X,0x00000000800003C4] -> 0x1C13
mem[X,0x00000000800003C6] -> 0x00AC
[246] [M]: 0x00000000800003C4 (0x00AC1C13) slli s8, s8, 0xa
x24 <- 0xBFFFF7FFEFFF0000

mem[X,0x00000000800003C8] -> 0x01BB
mem[X,0x00000000800003CA] -> 0xC986
[247] [M]: 0x00000000800003C8 (0xC98601BB) pdif.h gp, a2, s8
x3 <- 0x4041084111010008

mem[X,0x00000000800003CC] -> 0xBC23
mem[X,0x00000000800003CE] -> 0x0233
[248] [M]: 0x00000000800003CC (0x0233BC23) sd gp, 0x38(t2)
mem[0x0000000080004150] <- 0x4041084111010008

mem[X,0x00000000800003D0] -> 0x1E37
mem[X,0x00000000800003D2] -> 0xFF7F
[249] [M]: 0x00000000800003D0 (0xFF7F1E37) lui t3, -0x80f
x28 <- 0xFFFFFFFFFF7F1000

mem[X,0x00000000800003D4] -> 0x0E13
mem[X,0x00000000800003D6] -> 0x800E
[250] [M]: 0x00000000800003D4 (0x800E0E13) addi t3, t3, -0x800
x28 <- 0xFFFFFFFFFF7F0800

mem[X,0x00000000800003D8] -> 0x1E13
mem[X,0x00000000800003DA] -> 0x00BE
[251] [M]: 0x00000000800003D8 (0x00BE1E13) slli t3, t3, 0xb
x28 <- 0xFFFFFFFBF8400000

mem[X,0x00000000800003DC] -> 0x0E13
mem[X,0x00000000800003DE] -> 0x7BFE
[252] [M]: 0x00000000800003DC (0x7BFE0E13) addi t3, t3, 0x7bf
x28 <- 0xFFFFFFFBF84007BF

mem[X,0x00000000800003E0] -> 0x1E13
mem[X,0x00000000800003E2] -> 0x00BE
[253] [M]: 0x00000000800003E0 (0x00BE1E13) slli t3, t3, 0xb
x28 <- 0xFFFFDFC2003DF800

mem[X,0x00000000800003E4] -> 0x0E13
mem[X,0x00000000800003E6] -> 0x7C0E
[254] [M]: 0x00000000800003E4 (0x7C0E0E13) addi t3, t3, 0x7c0
x28 <- 0xFFFFDFC2003DFFC0

mem[X,0x00000000800003E8] -> 0x1E13
mem[X,0x00000000800003EA] -> 0x00AE
[255] [M]: 0x00000000800003E8 (0x00AE1E13) slli t3, t3, 0xa
x28 <- 0xFF7F0800F7FF0000

mem[X,0x00000000800003EC] -> 0x0E13
mem[X,0x00000000800003EE] -> 0x010E
[256] [M]: 0x00000000800003EC (0x010E0E13) addi t3, t3, 0x10
x28 <- 0xFF7F0800F7FF0010

mem[X,0x00000000800003F0] -> 0x0DB7
mem[X,0x00000000800003F2] -> 0x0006
[257] [M]: 0x00000000800003F0 (0x00060DB7) lui s11, 0x60
x27 <- 0x0000000000060000

mem[X,0x00000000800003F4] -> 0x8D93
mem[X,0x00000000800003F6] -> 0xFF9D
[258] [M]: 0x00000000800003F4 (0xFF9D8D93) addi s11, s11, -0x7
x27 <- 0x000000000005FFF9

mem[X,0x00000000800003F8] -> 0x9D93
mem[X,0x00000000800003FA] -> 0x00BD
[259] [M]: 0x00000000800003F8 (0x00BD9D93) slli s11, s11, 0xb
x27 <- 0x000000002FFFC800

mem[X,0x00000000800003FC] -> 0x8D93
mem[X,0x00000000800003FE] -> 0x040D
[260] [M]: 0x00000000800003FC (0x040D8D93) addi s11, s11, 0x40
x27 <- 0x000000002FFFC840

mem[X,0x0000000080000400] -> 0x9D93
mem[X,0x0000000080000402] -> 0x00BD
[261] [M]: 0x0000000080000400 (0x00BD9D93) slli s11, s11, 0xb
x27 <- 0x0000017FFE420000

mem[X,0x0000000080000404] -> 0x8D93
mem[X,0x0000000080000406] -> 0x03FD
[262] [M]: 0x0000000080000404 (0x03FD8D93) addi s11, s11, 0x3f
x27 <- 0x0000017FFE42003F

mem[X,0x0000000080000408] -> 0x9D93
mem[X,0x000000008000040A] -> 0x00AD
[263] [M]: 0x0000000080000408 (0x00AD9D93) slli s11, s11, 0xa
x27 <- 0x0005FFF90800FC00

mem[X,0x000000008000040C] -> 0x8D93
mem[X,0x000000008000040E] -> 0x37FD
[264] [M]: 0x000000008000040C (0x37FD8D93) addi s11, s11, 0x37f
x27 <- 0x0005FFF90800FF7F

mem[X,0x0000000080000410] -> 0x063B
mem[X,0x0000000080000412] -> 0xC9BE
[265] [M]: 0x0000000080000410 (0xC9BE063B) pdif.h a2, t3, s11
x12 <- 0x0086080710010091

mem[X,0x0000000080000414] -> 0xB023
mem[X,0x0000000080000416] -> 0x04C3
[266] [M]: 0x0000000080000414 (0x04C3B023) sd a2, 0x40(t2)
mem[0x0000000080004158] <- 0x0086080710010091

mem[X,0x0000000080000418] -> 0xBC37
mem[X,0x000000008000041A] -> 0xFFFD
[267] [M]: 0x0000000080000418 (0xFFFDBC37) lui s8, -0x25
x24 <- 0xFFFFFFFFFFFDB000

mem[X,0x000000008000041C] -> 0x0C13
mem[X,0x000000008000041E] -> 0xAAAC
[268] [M]: 0x000000008000041C (0xAAAC0C13) addi s8, s8, -0x556
x24 <- 0xFFFFFFFFFFFDAAAA

mem[X,0x0000000080000420] -> 0x1C13
mem[X,0x0000000080000422] -> 0x00BC
[269] [M]: 0x0000000080000420 (0x00BC1C13) slli s8, s8, 0xb
x24 <- 0xFFFFFFFFED555000

mem[X,0x0000000080000424] -> 0x0C13
mem[X,0x0000000080000426] -> 0x000C
[270] [M]: 0x0000000080000424 (0x000C0C13) addi s8, s8, 0x0
x24 <- 0xFFFFFFFFED555000

mem[X,0x0000000080000428] -> 0x1C13
mem[X,0x000000008000042A] -> 0x00BC
[271] [M]: 0x0000000080000428 (0x00BC1C13) slli s8, s8, 0xb
x24 <- 0xFFFFFF6AAA800000

mem[X,0x000000008000042C] -> 0x0C13
mem[X,0x000000008000042E] -> 0x080C
[272] [M]: 0x000000008000042C (0x080C0C13) addi s8, s8, 0x80
x24 <- 0xFFFFFF6AAA800080

mem[X,0x0000000080000430] -> 0x1C13
mem[X,0x0000000080000432] -> 0x00AC
[273] [M]: 0x0000000080000430 (0x00AC1C13) slli s8, s8, 0xa
x24 <- 0xFFFDAAAA00020000

mem[X,0x0000000080000434] -> 0x0C13
mem[X,0x0000000080000436] -> 0x020C
[274] [M]: 0x0000000080000434 (0x020C0C13) addi s8, s8, 0x20
x24 <- 0xFFFDAAAA00020020

mem[X,0x0000000080000438] -> 0xC937
mem[X,0x000000008000043A] -> 0x0100
[275] [M]: 0x0000000080000438 (0x0100C937) lui s2, 0x100c
x18 <- 0x000000000100C000

mem[X,0x000000008000043C] -> 0x0913
mem[X,0x000000008000043E] -> 0xFFF9
[276] [M]: 0x000000008000043C (0xFFF90913) addi s2, s2, -0x1
x18 <- 0x000000000100BFFF

mem[X,0x0000000080000440] -> 0x1913
mem[X,0x0000000080000442] -> 0x00B9
[277] [M]: 0x0000000080000440 (0x00B91913) slli s2, s2, 0xb
x18 <- 0x0000000805FFF800

mem[X,0x0000000080000444] -> 0x0913
mem[X,0x0000000080000446] -> 0x2AA9
[278] [M]: 0x0000000080000444 (0x2AA90913) addi s2, s2, 0x2aa
x18 <- 0x0000000805FFFAAA

mem[X,0x0000000080000448] -> 0x1913
mem[X,0x000000008000044A] -> 0x00B9
[279] [M]: 0x0000000080000448 (0x00B91913) slli s2, s2, 0xb
x18 <- 0x0000402FFFD55000

mem[X,0x000000008000044C] -> 0x0913
mem[X,0x000000008000044E] -> 0x5409
[280] [M]: 0x000000008000044C (0x54090913) addi s2, s2, 0x540
x18 <- 0x0000402FFFD55540

mem[X,0x0000000080000450] -> 0x1913
mem[X,0x0000000080000452] -> 0x00A9
[281] [M]: 0x0000000080000450 (0x00A91913) slli s2, s2, 0xa
x18 <- 0x0100BFFF55550000

mem[X,0x0000000080000454] -> 0x0913
mem[X,0x0000000080000456] -> 0x0089
[282] [M]: 0x0000000080000454 (0x00890913) addi s2, s2, 0x8
x18 <- 0x0100BFFF55550008

mem[X,0x0000000080000458] -> 0x0F3B
mem[X,0x000000008000045A] -> 0xC92C
[283] [M]: 0x0000000080000458 (0xC92C0F3B) pdif.h t5, s8, s2
x30 <- 0x0103155555530018

mem[X,0x000000008000045C] -> 0xB423
mem[X,0x000000008000045E] -> 0x05E3
[284] [M]: 0x000000008000045C (0x05E3B423) sd t5, 0x48(t2)
mem[0x0000000080004160] <- 0x0103155555530018

mem[X,0x0000000080000460] -> 0x02B7
mem[X,0x0000000080000462] -> 0xFFFF
[285] [M]: 0x0000000080000460 (0xFFFF02B7) lui t0, -0x10
x5 <- 0xFFFFFFFFFFFF0000

mem[X,0x0000000080000464] -> 0x8293
mem[X,0x0000000080000466] -> 0x0082
[286] [M]: 0x0000000080000464 (0x00828293) addi t0, t0, 0x8
x5 <- 0xFFFFFFFFFFFF0008

mem[X,0x0000000080000468] -> 0x9293
mem[X,0x000000008000046A] -> 0x00B2
[287] [M]: 0x0000000080000468 (0x00B29293) slli t0, t0, 0xb
x5 <- 0xFFFFFFFFF8004000

mem[X,0x000000008000046C] -> 0x8293
mem[X,0x000000008000046E] -> 0x7DF2
[288] [M]: 0x000000008000046C (0x7DF28293) addi t0, t0, 0x7df
x5 <- 0xFFFFFFFFF80047DF

mem[X,0x0000000080000470] -> 0x9293
mem[X,0x0000000080000472] -> 0x00B2
[289] [M]: 0x0000000080000470 (0x00B29293) slli t0, t0, 0xb
x5 <- 0xFFFFFFC0023EF800

mem[X,0x0000000080000474] -> 0x8293
mem[X,0x0000000080000476] -> 0x7C02
[290] [M]: 0x0000000080000474 (0x7C028293) addi t0, t0, 0x7c0
x5 <- 0xFFFFFFC0023EFFC0

mem[X,0x0000000080000478] -> 0x9293
mem[X,0x000000008000047A] -> 0x00A2
[291] [M]: 0x0000000080000478 (0x00A29293) slli t0, t0, 0xa
x5 <- 0xFFFF0008FBFF0000

mem[X,0x000000008000047C] -> 0x8293
mem[X,0x000000008000047E] -> 0x0402
[292] [M]: 0x000000008000047C (0x04028293) addi t0, t0, 0x40
x5 <- 0xFFFF0008FBFF0040

mem[X,0x0000000080000480] -> 0x1537
mem[X,0x0000000080000482] -> 0x0007
[293] [M]: 0x0000000080000480 (0x00071537) lui a0, 0x71
x10 <- 0x0000000000071000

mem[X,0x0000000080000484] -> 0x0513
mem[X,0x0000000080000486] -> 0x8005
[294] [M]: 0x0000000080000484 (0x80050513) addi a0, a0, -0x800
x10 <- 0x0000000000070800

mem[X,0x0000000080000488] -> 0x1513
mem[X,0x000000008000048A] -> 0x00B5
[295] [M]: 0x0000000080000488 (0x00B51513) slli a0, a0, 0xb
x10 <- 0x0000000038400000

mem[X,0x000000008000048C] -> 0x0513
mem[X,0x000000008000048E] -> 0x0105
[296] [M]: 0x000000008000048C (0x01050513) addi a0, a0, 0x10
x10 <- 0x0000000038400010

mem[X,0x0000000080000490] -> 0x1513
mem[X,0x0000000080000492] -> 0x00B5
[297] [M]: 0x0000000080000490 (0x00B51513) slli a0, a0, 0xb
x10 <- 0x000001C200008000

mem[X,0x0000000080000494] -> 0x0513
mem[X,0x0000000080000496] -> 0x0005
[298] [M]: 0x0000000080000494 (0x00050513) addi a0, a0, 0x0
x10 <- 0x000001C200008000

mem[X,0x0000000080000498] -> 0x1513
mem[X,0x000000008000049A] -> 0x00A5
[299] [M]: 0x0000000080000498 (0x00A51513) slli a0, a0, 0xa
x10 <- 0x0007080002000000

clint::tick mtime <- 0x0000000000000003
 clint timer pending at mtime 0x0000000000000003
htif::tick 0x0000000000000000
mem[X,0x000000008000049C] -> 0x0513
mem[X,0x000000008000049E] -> 0x2005
[300] [M]: 0x000000008000049C (0x20050513) addi a0, a0, 0x200
x10 <- 0x0007080002000200

mem[X,0x00000000800004A0] -> 0x88BB
mem[X,0x00000000800004A2] -> 0xC8A2
[301] [M]: 0x00000000800004A0 (0xC8A288BB) pdif.h a7, t0, a0
x17 <- 0x000807F8060101C0

mem[X,0x00000000800004A4] -> 0xB823
mem[X,0x00000000800004A6] -> 0x0513
[302] [M]: 0x00000000800004A4 (0x0513B823) sd a7, 0x50(t2)
mem[0x0000000080004168] <- 0x000807F8060101C0

mem[X,0x00000000800004A8] -> 0x48B7
mem[X,0x00000000800004AA] -> 0x0080
[303] [M]: 0x00000000800004A8 (0x008048B7) lui a7, 0x804
x17 <- 0x0000000000804000

mem[X,0x00000000800004AC] -> 0x8893
mem[X,0x00000000800004AE] -> 0xFFF8
[304] [M]: 0x00000000800004AC (0xFFF88893) addi a7, a7, -0x1
x17 <- 0x0000000000803FFF

mem[X,0x00000000800004B0] -> 0x9893
mem[X,0x00000000800004B2] -> 0x00B8
[305] [M]: 0x00000000800004B0 (0x00B89893) slli a7, a7, 0xb
x17 <- 0x0000000401FFF800

mem[X,0x00000000800004B4] -> 0x8893
mem[X,0x00000000800004B6] -> 0x7FD8
[306] [M]: 0x00000000800004B4 (0x7FD88893) addi a7, a7, 0x7fd
x17 <- 0x0000000401FFFFFD

mem[X,0x00000000800004B8] -> 0x9893
mem[X,0x00000000800004BA] -> 0x00B8
[307] [M]: 0x00000000800004B8 (0x00B89893) slli a7, a7, 0xb
x17 <- 0x0000200FFFFFE800

mem[X,0x00000000800004BC] -> 0x8893
mem[X,0x00000000800004BE] -> 0x7C08
[308] [M]: 0x00000000800004BC (0x7C088893) addi a7, a7, 0x7c0
x17 <- 0x0000200FFFFFEFC0

mem[X,0x00000000800004C0] -> 0x9893
mem[X,0x00000000800004C2] -> 0x00A8
[309] [M]: 0x00000000800004C0 (0x00A89893) slli a7, a7, 0xa
x17 <- 0x00803FFFFFBF0000

mem[X,0x00000000800004C4] -> 0x8893
mem[X,0x00000000800004C6] -> 0x0808
[310] [M]: 0x00000000800004C4 (0x08088893) addi a7, a7, 0x80
x17 <- 0x00803FFFFFBF0080

mem[X,0x00000000800004C8] -> 0x4237
mem[X,0x00000000800004CA] -> 0x0200
[311] [M]: 0x00000000800004C8 (0x02004237) lui tp, 0x2004
x4 <- 0x0000000002004000

mem[X,0x00000000800004CC] -> 0x0213
mem[X,0x00000000800004CE] -> 0xFFF2
[312] [M]: 0x00000000800004CC (0xFFF20213) addi tp, tp, -0x1
x4 <- 0x0000000002003FFF

mem[X,0x00000000800004D0] -> 0x1213
mem[X,0x00000000800004D2] -> 0x00B2
[313] [M]: 0x00000000800004D0 (0x00B21213) slli tp, tp, 0xb
x4 <- 0x0000001001FFF800

mem[X,0x00000000800004D4] -> 0x0213
mem[X,0x00000000800004D6] -> 0x77F2
[314] [M]: 0x00000000800004D4 (0x77F20213) addi tp, tp, 0x77f
x4 <- 0x0000001001FFFF7F

mem[X,0x00000000800004D8] -> 0x1213
mem[X,0x00000000800004DA] -> 0x00B2
[315] [M]: 0x00000000800004D8 (0x00B21213) slli tp, tp, 0xb
x4 <- 0x0000800FFFFBF800

mem[X,0x00000000800004DC] -> 0x0213
mem[X,0x00000000800004DE] -> 0x7C02
[316] [M]: 0x00000000800004DC (0x7C020213) addi tp, tp, 0x7c0
x4 <- 0x0000800FFFFBFFC0

mem[X,0x00000000800004E0] -> 0x1213
mem[X,0x00000000800004E2] -> 0x00A2
[317] [M]: 0x00000000800004E0 (0x00A21213) slli tp, tp, 0xa
x4 <- 0x02003FFFEFFF0000

mem[X,0x00000000800004E4] -> 0x0213
mem[X,0x00000000800004E6] -> 0x0012
[318] [M]: 0x00000000800004E4 (0x00120213) addi tp, tp, 0x1
x4 <- 0x02003FFFEFFF0001

mem[X,0x00000000800004E8] -> 0x8BBB
mem[X,0x00000000800004EA] -> 0xC848
[319] [M]: 0x00000000800004E8 (0xC8488BBB) pdif.h s7, a7, tp
x23 <- 0x018000000FC0007F

mem[X,0x00000000800004EC] -> 0xBC23
mem[X,0x00000000800004EE] -> 0x0573
[320] [M]: 0x00000000800004EC (0x0573BC23) sd s7, 0x58(t2)
mem[0x0000000080004170] <- 0x018000000FC0007F

mem[X,0x00000000800004F0] -> 0xF937
mem[X,0x00000000800004F2] -> 0x0005
[321] [M]: 0x00000000800004F0 (0x0005F937) lui s2, 0x5f
x18 <- 0x000000000005F000

mem[X,0x00000000800004F4] -> 0x0913
mem[X,0x00000000800004F6] -> 0xFFF9
[322] [M]: 0x00000000800004F4 (0xFFF90913) addi s2, s2, -0x1
x18 <- 0x000000000005EFFF

mem[X,0x00000000800004F8] -> 0x1913
mem[X,0x00000000800004FA] -> 0x00B9
[323] [M]: 0x00000000800004F8 (0x00B91913) slli s2, s2, 0xb
x18 <- 0x000000002F7FF800

mem[X,0x00000000800004FC] -> 0x0913
mem[X,0x00000000800004FE] -> 0x1009
[324] [M]: 0x00000000800004FC (0x10090913) addi s2, s2, 0x100
x18 <- 0x000000002F7FF900

mem[X,0x0000000080000500] -> 0x1913
mem[X,0x0000000080000502] -> 0x00B9
[325] [M]: 0x0000000080000500 (0x00B91913) slli s2, s2, 0xb
x18 <- 0x0000017BFFC80000

mem[X,0x0000000080000504] -> 0x0913
mem[X,0x0000000080000506] -> 0x0009
[326] [M]: 0x0000000080000504 (0x00090913) addi s2, s2, 0x0
x18 <- 0x0000017BFFC80000

mem[X,0x0000000080000508] -> 0x1913
mem[X,0x000000008000050A] -> 0x00A9
[327] [M]: 0x0000000080000508 (0x00A91913) slli s2, s2, 0xa
x18 <- 0x0005EFFF20000000

mem[X,0x000000008000050C] -> 0x0913
mem[X,0x000000008000050E] -> 0x1009
[328] [M]: 0x000000008000050C (0x10090913) addi s2, s2, 0x100
x18 <- 0x0005EFFF20000100

mem[X,0x0000000080000510] -> 0x05B7
mem[X,0x0000000080000512] -> 0x0007
[329] [M]: 0x0000000080000510 (0x000705B7) lui a1, 0x70
x11 <- 0x0000000000070000

mem[X,0x0000000080000514] -> 0x8593
mem[X,0x0000000080000516] -> 0xFFC5
[330] [M]: 0x0000000080000514 (0xFFC58593) addi a1, a1, -0x4
x11 <- 0x000000000006FFFC

mem[X,0x0000000080000518] -> 0x9593
mem[X,0x000000008000051A] -> 0x00B5
[331] [M]: 0x0000000080000518 (0x00B59593) slli a1, a1, 0xb
x11 <- 0x0000000037FFE000

mem[X,0x000000008000051C] -> 0x8593
mem[X,0x000000008000051E] -> 0x0005
[332] [M]: 0x000000008000051C (0x00058593) addi a1, a1, 0x0
x11 <- 0x0000000037FFE000

mem[X,0x0000000080000520] -> 0x9593
mem[X,0x0000000080000522] -> 0x00B5
[333] [M]: 0x0000000080000520 (0x00B59593) slli a1, a1, 0xb
x11 <- 0x000001BFFF000000

mem[X,0x0000000080000524] -> 0x8593
mem[X,0x0000000080000526] -> 0x27F5
[334] [M]: 0x0000000080000524 (0x27F58593) addi a1, a1, 0x27f
x11 <- 0x000001BFFF00027F

mem[X,0x0000000080000528] -> 0x9593
mem[X,0x000000008000052A] -> 0x00A5
[335] [M]: 0x0000000080000528 (0x00A59593) slli a1, a1, 0xa
x11 <- 0x0006FFFC0009FC00

mem[X,0x000000008000052C] -> 0x8593
mem[X,0x000000008000052E] -> 0x3F95
[336] [M]: 0x000000008000052C (0x3F958593) addi a1, a1, 0x3f9
x11 <- 0x0006FFFC0009FFF9

mem[X,0x0000000080000530] -> 0x09BB
mem[X,0x0000000080000532] -> 0xC8B9
[337] [M]: 0x0000000080000530 (0xC8B909BB) pdif.h s3, s2, a1
x19 <- 0x00010FFD1FF70107

mem[X,0x0000000080000534] -> 0xB023
mem[X,0x0000000080000536] -> 0x0733
[338] [M]: 0x0000000080000534 (0x0733B023) sd s3, 0x60(t2)
mem[0x0000000080004178] <- 0x00010FFD1FF70107

mem[X,0x0000000080000538] -> 0x0B37
mem[X,0x000000008000053A] -> 0xFFF7
[339] [M]: 0x0000000080000538 (0xFFF70B37) lui s6, -0x90
x22 <- 0xFFFFFFFFFFF70000

mem[X,0x000000008000053C] -> 0x0B13
mem[X,0x000000008000053E] -> 0x200B
[340] [M]: 0x000000008000053C (0x200B0B13) addi s6, s6, 0x200
x22 <- 0xFFFFFFFFFFF70200

mem[X,0x0000000080000540] -> 0x1B13
mem[X,0x0000000080000542] -> 0x00BB
[341] [M]: 0x0000000080000540 (0x00BB1B13) slli s6, s6, 0xb
x22 <- 0xFFFFFFFFB8100000

mem[X,0x0000000080000544] -> 0x0B13
mem[X,0x0000000080000546] -> 0x008B
[342] [M]: 0x0000000080000544 (0x008B0B13) addi s6, s6, 0x8
x22 <- 0xFFFFFFFFB8100008

mem[X,0x0000000080000548] -> 0x1B13
mem[X,0x000000008000054A] -> 0x00BB
[343] [M]: 0x0000000080000548 (0x00BB1B13) slli s6, s6, 0xb
x22 <- 0xFFFFFDC080004000

mem[X,0x000000008000054C] -> 0x0B13
mem[X,0x000000008000054E] -> 0x000B
[344] [M]: 0x000000008000054C (0x000B0B13) addi s6, s6, 0x0
x22 <- 0xFFFFFDC080004000

mem[X,0x0000000080000550] -> 0x1B13
mem[X,0x0000000080000552] -> 0x00AB
[345] [M]: 0x0000000080000550 (0x00AB1B13) slli s6, s6, 0xa
x22 <- 0xFFF7020001000000

mem[X,0x0000000080000554] -> 0x0B13
mem[X,0x0000000080000556] -> 0x200B
[346] [M]: 0x0000000080000554 (0x200B0B13) addi s6, s6, 0x200
x22 <- 0xFFF7020001000200

mem[X,0x0000000080000558] -> 0xB6B7
mem[X,0x000000008000055A] -> 0x0400
[347] [M]: 0x0000000080000558 (0x0400B6B7) lui a3, 0x400b
x13 <- 0x000000000400B000

mem[X,0x000000008000055C] -> 0x8693
mem[X,0x000000008000055E] -> 0xAAA6
[348] [M]: 0x000000008000055C (0xAAA68693) addi a3, a3, -0x556
x13 <- 0x000000000400AAAA

mem[X,0x0000000080000560] -> 0x9693
mem[X,0x0000000080000562] -> 0x00B6
[349] [M]: 0x0000000080000560 (0x00B69693) slli a3, a3, 0xb
x13 <- 0x0000002005555000

mem[X,0x0000000080000564] -> 0x8693
mem[X,0x0000000080000566] -> 0x7FF6
[350] [M]: 0x0000000080000564 (0x7FF68693) addi a3, a3, 0x7ff
x13 <- 0x00000020055557FF

mem[X,0x0000000080000568] -> 0x9693
mem[X,0x000000008000056A] -> 0x00B6
[351] [M]: 0x0000000080000568 (0x00B69693) slli a3, a3, 0xb
x13 <- 0x0001002AAABFF800

mem[X,0x000000008000056C] -> 0x8693
mem[X,0x000000008000056E] -> 0x77F6
[352] [M]: 0x000000008000056C (0x77F68693) addi a3, a3, 0x77f
x13 <- 0x0001002AAABFFF7F

mem[X,0x0000000080000570] -> 0x9693
mem[X,0x0000000080000572] -> 0x00A6
[353] [M]: 0x0000000080000570 (0x00A69693) slli a3, a3, 0xa
x13 <- 0x0400AAAAFFFDFC00

mem[X,0x0000000080000574] -> 0x8693
mem[X,0x0000000080000576] -> 0x3FE6
[354] [M]: 0x0000000080000574 (0x3FE68693) addi a3, a3, 0x3fe
x13 <- 0x0400AAAAFFFDFFFE

mem[X,0x0000000080000578] -> 0x00BB
mem[X,0x000000008000057A] -> 0xC8DB
[355] [M]: 0x0000000080000578 (0xC8DB00BB) pdif.h ra, s6, a3
x1 <- 0x0409575601030202

mem[X,0x000000008000057C] -> 0xB423
mem[X,0x000000008000057E] -> 0x0613
[356] [M]: 0x000000008000057C (0x0613B423) sd ra, 0x68(t2)
mem[0x0000000080004180] <- 0x0409575601030202

mem[X,0x0000000080000580] -> 0x01B7
mem[X,0x0000000080000582] -> 0xFFDF
[357] [M]: 0x0000000080000580 (0xFFDF01B7) lui gp, -0x210
x3 <- 0xFFFFFFFFFFDF0000

mem[X,0x0000000080000584] -> 0x8193
mem[X,0x0000000080000586] -> 0x0031
[358] [M]: 0x0000000080000584 (0x00318193) addi gp, gp, 0x3
x3 <- 0xFFFFFFFFFFDF0003

mem[X,0x0000000080000588] -> 0x9193
mem[X,0x000000008000058A] -> 0x00B1
[359] [M]: 0x0000000080000588 (0x00B19193) slli gp, gp, 0xb
x3 <- 0xFFFFFFFEF8001800

mem[X,0x000000008000058C] -> 0x8193
mem[X,0x000000008000058E] -> 0x7FE1
[360] [M]: 0x000000008000058C (0x7FE18193) addi gp, gp, 0x7fe
x3 <- 0xFFFFFFFEF8001FFE

mem[X,0x0000000080000590] -> 0x9193
mem[X,0x0000000080000592] -> 0x00B1
[361] [M]: 0x0000000080000590 (0x00B19193) slli gp, gp, 0xb
x3 <- 0xFFFFF7C000FFF000

mem[X,0x0000000080000594] -> 0x8193
mem[X,0x0000000080000596] -> 0x7C11
[362] [M]: 0x0000000080000594 (0x7C118193) addi gp, gp, 0x7c1
x3 <- 0xFFFFF7C000FFF7C1

mem[X,0x0000000080000598] -> 0x9193
mem[X,0x000000008000059A] -> 0x00A1
[363] [M]: 0x0000000080000598 (0x00A19193) slli gp, gp, 0xa
x3 <- 0xFFDF0003FFDF0400

mem[X,0x000000008000059C] -> 0x00B7
mem[X,0x000000008000059E] -> 0xFFF9
[364] [M]: 0x000000008000059C (0xFFF900B7) lui ra, -0x70
x1 <- 0xFFFFFFFFFFF90000

mem[X,0x00000000800005A0] -> 0x8093
mem[X,0x00000000800005A2] -> 0xFF90
[365] [M]: 0x00000000800005A0 (0xFF908093) addi ra, ra, -0x7
x1 <- 0xFFFFFFFFFFF8FFF9

mem[X,0x00000000800005A4] -> 0x9093
mem[X,0x00000000800005A6] -> 0x00B0
[366] [M]: 0x00000000800005A4 (0x00B09093) slli ra, ra, 0xb
x1 <- 0xFFFFFFFFC7FFC800

mem[X,0x00000000800005A8] -> 0x8093
mem[X,0x00000000800005AA] -> 0x7FF0
[367] [M]: 0x00000000800005A8 (0x7FF08093) addi ra, ra, 0x7ff
x1 <- 0xFFFFFFFFC7FFCFFF

mem[X,0x00000000800005AC] -> 0x9093
mem[X,0x00000000800005AE] -> 0x00B0
[368] [M]: 0x00000000800005AC (0x00B09093) slli ra, ra, 0xb
x1 <- 0xFFFFFE3FFE7FF800

mem[X,0x00000000800005B0] -> 0x8093
mem[X,0x00000000800005B2] -> 0x5C80
[369] [M]: 0x00000000800005B0 (0x5C808093) addi ra, ra, 0x5c8
x1 <- 0xFFFFFE3FFE7FFDC8

mem[X,0x00000000800005B4] -> 0x9093
mem[X,0x00000000800005B6] -> 0x00A0
[370] [M]: 0x00000000800005B4 (0x00A09093) slli ra, ra, 0xa
x1 <- 0xFFF8FFF9FFF72000

mem[X,0x00000000800005B8] -> 0x8A3B
mem[X,0x00000000800005BA] -> 0xC811
[371] [M]: 0x00000000800005B8 (0xC8118A3B) pdif.h s4, gp, ra
x20 <- 0x0019000A00181C00

mem[X,0x00000000800005BC] -> 0xB823
mem[X,0x00000000800005BE] -> 0x0743
[372] [M]: 0x00000000800005BC (0x0743B823) sd s4, 0x70(t2)
mem[0x0000000080004188] <- 0x0019000A00181C00

mem[X,0x00000000800005C0] -> 0x0AB7
mem[X,0x00000000800005C2] -> 0xFFFA
[373] [M]: 0x00000000800005C0 (0xFFFA0AB7) lui s5, -0x60
x21 <- 0xFFFFFFFFFFFA0000

mem[X,0x00000000800005C4] -> 0x8A93
mem[X,0x00000000800005C6] -> 0x001A
[374] [M]: 0x00000000800005C4 (0x001A8A93) addi s5, s5, 0x1
x21 <- 0xFFFFFFFFFFFA0001

mem[X,0x00000000800005C8] -> 0x9A93
mem[X,0x00000000800005CA] -> 0x00BA
[375] [M]: 0x00000000800005C8 (0x00BA9A93) slli s5, s5, 0xb
x21 <- 0xFFFFFFFFD0000800

mem[X,0x00000000800005CC] -> 0x8A93
mem[X,0x00000000800005CE] -> 0x000A
[376] [M]: 0x00000000800005CC (0x000A8A93) addi s5, s5, 0x0
x21 <- 0xFFFFFFFFD0000800

mem[X,0x00000000800005D0] -> 0x9A93
mem[X,0x00000000800005D2] -> 0x00BA
[377] [M]: 0x00000000800005D0 (0x00BA9A93) slli s5, s5, 0xb
x21 <- 0xFFFFFE8000400000

mem[X,0x00000000800005D4] -> 0x8A93
mem[X,0x00000000800005D6] -> 0x142A
[378] [M]: 0x00000000800005D4 (0x142A8A93) addi s5, s5, 0x142
x21 <- 0xFFFFFE8000400142

mem[X,0x00000000800005D8] -> 0x9A93
mem[X,0x00000000800005DA] -> 0x00AA
[379] [M]: 0x00000000800005D8 (0x00AA9A93) slli s5, s5, 0xa
x21 <- 0xFFFA000100050800

mem[X,0x00000000800005DC] -> 0xF037
mem[X,0x00000000800005DE] -> 0x2000
[380] [M]: 0x00000000800005DC (0x2000F037) lui zero, 0x2000f

mem[X,0x00000000800005E0] -> 0x0013
mem[X,0x00000000800005E2] -> 0xFFF0
[381] [M]: 0x00000000800005E0 (0xFFF00013) addi zero, zero, -0x1

mem[X,0x00000000800005E4] -> 0x1013
mem[X,0x00000000800005E6] -> 0x00B0
[382] [M]: 0x00000000800005E4 (0x00B01013) slli zero, zero, 0xb

mem[X,0x00000000800005E8] -> 0x0013
mem[X,0x00000000800005EA] -> 0x0080
[383] [M]: 0x00000000800005E8 (0x00800013) addi zero, zero, 0x8

mem[X,0x00000000800005EC] -> 0x1013
mem[X,0x00000000800005EE] -> 0x00B0
[384] [M]: 0x00000000800005EC (0x00B01013) slli zero, zero, 0xb

mem[X,0x00000000800005F0] -> 0x0013
mem[X,0x00000000800005F2] -> 0x03F0
[385] [M]: 0x00000000800005F0 (0x03F00013) addi zero, zero, 0x3f

mem[X,0x00000000800005F4] -> 0x1013
mem[X,0x00000000800005F6] -> 0x00A0
[386] [M]: 0x00000000800005F4 (0x00A01013) slli zero, zero, 0xa

mem[X,0x00000000800005F8] -> 0x0013
mem[X,0x00000000800005FA] -> 0x3F70
[387] [M]: 0x00000000800005F8 (0x3F700013) addi zero, zero, 0x3f7

mem[X,0x00000000800005FC] -> 0x85BB
mem[X,0x00000000800005FE] -> 0xC80A
[388] [M]: 0x00000000800005FC (0xC80A85BB) pdif.h a1, s5, zero
x11 <- 0x0006000100050800

mem[X,0x0000000080000600] -> 0xBC23
mem[X,0x0000000080000602] -> 0x06B3
[389] [M]: 0x0000000080000600 (0x06B3BC23) sd a1, 0x78(t2)
mem[0x0000000080004190] <- 0x0006000100050800

mem[X,0x0000000080000604] -> 0x2737
mem[X,0x0000000080000606] -> 0x0010
[390] [M]: 0x0000000080000604 (0x00102737) lui a4, 0x102
x14 <- 0x0000000000102000

mem[X,0x0000000080000608] -> 0x0713
mem[X,0x000000008000060A] -> 0x0007
[391] [M]: 0x0000000080000608 (0x00070713) addi a4, a4, 0x0
x14 <- 0x0000000000102000

mem[X,0x000000008000060C] -> 0x1713
mem[X,0x000000008000060E] -> 0x00B7
[392] [M]: 0x000000008000060C (0x00B71713) slli a4, a4, 0xb
x14 <- 0x0000000081000000

mem[X,0x0000000080000610] -> 0x0713
mem[X,0x0000000080000612] -> 0x7FF7
[393] [M]: 0x0000000080000610 (0x7FF70713) addi a4, a4, 0x7ff
x14 <- 0x00000000810007FF

mem[X,0x0000000080000614] -> 0x1713
mem[X,0x0000000080000616] -> 0x00B7
[394] [M]: 0x0000000080000614 (0x00B71713) slli a4, a4, 0xb
x14 <- 0x00000408003FF800

mem[X,0x0000000080000618] -> 0x0713
mem[X,0x000000008000061A] -> 0x7447
[395] [M]: 0x0000000080000618 (0x74470713) addi a4, a4, 0x744
x14 <- 0x00000408003FFF44

mem[X,0x000000008000061C] -> 0x1713
mem[X,0x000000008000061E] -> 0x00A7
[396] [M]: 0x000000008000061C (0x00A71713) slli a4, a4, 0xa
x14 <- 0x00102000FFFD1000

mem[X,0x0000000080000620] -> 0x0CB7
mem[X,0x0000000080000622] -> 0x4001
[397] [M]: 0x0000000080000620 (0x40010CB7) lui s9, 0x40010
x25 <- 0x0000000040010000

mem[X,0x0000000080000624] -> 0x8C93
mem[X,0x0000000080000626] -> 0xBFFC
[398] [M]: 0x0000000080000624 (0xBFFC8C93) addi s9, s9, -0x401
x25 <- 0x000000004000FBFF

mem[X,0x0000000080000628] -> 0x9C93
mem[X,0x000000008000062A] -> 0x00BC
[399] [M]: 0x0000000080000628 (0x00BC9C93) slli s9, s9, 0xb
x25 <- 0x0000020007DFF800

clint::tick mtime <- 0x0000000000000004
 clint timer pending at mtime 0x0000000000000004
htif::tick 0x0000000000000000
mem[X,0x000000008000062C] -> 0x8C93
mem[X,0x000000008000062E] -> 0x6FFC
[400] [M]: 0x000000008000062C (0x6FFC8C93) addi s9, s9, 0x6ff
x25 <- 0x0000020007DFFEFF

mem[X,0x0000000080000630] -> 0x9C93
mem[X,0x0000000080000632] -> 0x00BC
[401] [M]: 0x0000000080000630 (0x00BC9C93) slli s9, s9, 0xb
x25 <- 0x0010003EFFF7F800

mem[X,0x0000000080000634] -> 0x8C93
mem[X,0x0000000080000636] -> 0x7C0C
[402] [M]: 0x0000000080000634 (0x7C0C8C93) addi s9, s9, 0x7c0
x25 <- 0x0010003EFFF7FFC0

mem[X,0x0000000080000638] -> 0x9C93
mem[X,0x000000008000063A] -> 0x00AC
[403] [M]: 0x0000000080000638 (0x00AC9C93) slli s9, s9, 0xa
x25 <- 0x4000FBFFDFFF0000

mem[X,0x000000008000063C] -> 0x8C93
mem[X,0x000000008000063E] -> 0x004C
[404] [M]: 0x000000008000063C (0x004C8C93) addi s9, s9, 0x4
x25 <- 0x4000FBFFDFFF0004

mem[X,0x0000000080000640] -> 0x0FBB
mem[X,0x0000000080000642] -> 0xC997
[405] [M]: 0x0000000080000640 (0xC9970FBB) pdif.h t6, a4, s9
x31 <- 0x3FF024011FFE0FFC

mem[X,0x0000000080000644] -> 0xB023
mem[X,0x0000000080000646] -> 0x09F3
[406] [M]: 0x0000000080000644 (0x09F3B023) sd t6, 0x80(t2)
mem[0x0000000080004198] <- 0x3FF024011FFE0FFC

mem[X,0x0000000080000648] -> 0x0013
mem[X,0x000000008000064A] -> 0x0000
[407] [M]: 0x0000000080000648 (0x00000013) addi zero, zero, 0x0

mem[X,0x000000008000064C] -> 0x0013
mem[X,0x000000008000064E] -> 0x0000
[408] [M]: 0x000000008000064C (0x00000013) addi zero, zero, 0x0

mem[X,0x0000000080000650] -> 0x0013
mem[X,0x0000000080000652] -> 0x0000
[409] [M]: 0x0000000080000650 (0x00000013) addi zero, zero, 0x0

mem[X,0x0000000080000654] -> 0x0013
mem[X,0x0000000080000656] -> 0x0000
[410] [M]: 0x0000000080000654 (0x00000013) addi zero, zero, 0x0

mem[X,0x0000000080000658] -> 0x0013
mem[X,0x000000008000065A] -> 0x0000
[411] [M]: 0x0000000080000658 (0x00000013) addi zero, zero, 0x0

mem[X,0x000000008000065C] -> 0x0013
mem[X,0x000000008000065E] -> 0x0000
[412] [M]: 0x000000008000065C (0x00000013) addi zero, zero, 0x0

mem[X,0x0000000080000660] -> 0x4317
mem[X,0x0000000080000662] -> 0x0000
[413] [M]: 0x0000000080000660 (0x00004317) auipc t1, 0x4
x6 <- 0x0000000080004660

mem[X,0x0000000080000664] -> 0x0313
mem[X,0x0000000080000666] -> 0xB403
[414] [M]: 0x0000000080000664 (0xB4030313) addi t1, t1, -0x4c0
x6 <- 0x00000000800041A0

mem[X,0x0000000080000668] -> 0x0013
mem[X,0x000000008000066A] -> 0x0000
[415] [M]: 0x0000000080000668 (0x00000013) addi zero, zero, 0x0

mem[X,0x000000008000066C] -> 0x0013
mem[X,0x000000008000066E] -> 0x0000
[416] [M]: 0x000000008000066C (0x00000013) addi zero, zero, 0x0

mem[X,0x0000000080000670] -> 0x0013
mem[X,0x0000000080000672] -> 0x0000
[417] [M]: 0x0000000080000670 (0x00000013) addi zero, zero, 0x0

mem[X,0x0000000080000674] -> 0x0013
mem[X,0x0000000080000676] -> 0x0000
[418] [M]: 0x0000000080000674 (0x00000013) addi zero, zero, 0x0

mem[X,0x0000000080000678] -> 0x0013
mem[X,0x000000008000067A] -> 0x0000
[419] [M]: 0x0000000080000678 (0x00000013) addi zero, zero, 0x0

mem[X,0x000000008000067C] -> 0x0013
mem[X,0x000000008000067E] -> 0x0000
[420] [M]: 0x000000008000067C (0x00000013) addi zero, zero, 0x0

mem[X,0x0000000080000680] -> 0x07B7
mem[X,0x0000000080000682] -> 0x1000
[421] [M]: 0x0000000080000680 (0x100007B7) lui a5, 0x10000
x15 <- 0x0000000010000000

mem[X,0x0000000080000684] -> 0x8793
mem[X,0x0000000080000686] -> 0x0017
[422] [M]: 0x0000000080000684 (0x00178793) addi a5, a5, 0x1
x15 <- 0x0000000010000001

mem[X,0x0000000080000688] -> 0x9793
mem[X,0x000000008000068A] -> 0x00B7
[423] [M]: 0x0000000080000688 (0x00B79793) slli a5, a5, 0xb
x15 <- 0x0000008000000800

mem[X,0x000000008000068C] -> 0x8793
mem[X,0x000000008000068E] -> 0x3FF7
[424] [M]: 0x000000008000068C (0x3FF78793) addi a5, a5, 0x3ff
x15 <- 0x0000008000000BFF

mem[X,0x0000000080000690] -> 0x9793
mem[X,0x0000000080000692] -> 0x00B7
[425] [M]: 0x0000000080000690 (0x00B79793) slli a5, a5, 0xb
x15 <- 0x00040000005FF800

mem[X,0x0000000080000694] -> 0x8793
mem[X,0x0000000080000696] -> 0x7C87
[426] [M]: 0x0000000080000694 (0x7C878793) addi a5, a5, 0x7c8
x15 <- 0x00040000005FFFC8

mem[X,0x0000000080000698] -> 0x9793
mem[X,0x000000008000069A] -> 0x00A7
[427] [M]: 0x0000000080000698 (0x00A79793) slli a5, a5, 0xa
x15 <- 0x100000017FFF2000

mem[X,0x000000008000069C] -> 0x1637
mem[X,0x000000008000069E] -> 0x0800
[428] [M]: 0x000000008000069C (0x08001637) lui a2, 0x8001
x12 <- 0x0000000008001000

mem[X,0x00000000800006A0] -> 0x0613
mem[X,0x00000000800006A2] -> 0x0016
[429] [M]: 0x00000000800006A0 (0x00160613) addi a2, a2, 0x1
x12 <- 0x0000000008001001

mem[X,0x00000000800006A4] -> 0x1613
mem[X,0x00000000800006A6] -> 0x00B6
[430] [M]: 0x00000000800006A4 (0x00B61613) slli a2, a2, 0xb
x12 <- 0x0000004000800800

mem[X,0x00000000800006A8] -> 0x84BB
mem[X,0x00000000800006AA] -> 0xC8C7
[431] [M]: 0x00000000800006A8 (0xC8C784BB) pdif.h s1, a5, a2
x9 <- 0x1000003F7F7F1800

mem[X,0x00000000800006AC] -> 0x3023
mem[X,0x00000000800006AE] -> 0x0093
[432] [M]: 0x00000000800006AC (0x00933023) sd s1, 0x0(t1)
mem[0x00000000800041A0] <- 0x1000003F7F7F1800

mem[X,0x00000000800006B0] -> 0x00B7
mem[X,0x00000000800006B2] -> 0x0000
[433] [M]: 0x00000000800006B0 (0x000000B7) lui ra, 0x0
x1 <- 0x0000000000000000

mem[X,0x00000000800006B4] -> 0x8093
mem[X,0x00000000800006B6] -> 0x0020
[434] [M]: 0x00000000800006B4 (0x00208093) addi ra, ra, 0x2
x1 <- 0x0000000000000002

mem[X,0x00000000800006B8] -> 0x9093
mem[X,0x00000000800006BA] -> 0x00B0
[435] [M]: 0x00000000800006B8 (0x00B09093) slli ra, ra, 0xb
x1 <- 0x0000000000001000

mem[X,0x00000000800006BC] -> 0x8093
mem[X,0x00000000800006BE] -> 0x7BF0
[436] [M]: 0x00000000800006BC (0x7BF08093) addi ra, ra, 0x7bf
x1 <- 0x00000000000017BF

mem[X,0x00000000800006C0] -> 0x9093
mem[X,0x00000000800006C2] -> 0x00B0
[437] [M]: 0x00000000800006C0 (0x00B09093) slli ra, ra, 0xb
x1 <- 0x0000000000BDF800

mem[X,0x00000000800006C4] -> 0x8093
mem[X,0x00000000800006C6] -> 0x7D00
[438] [M]: 0x00000000800006C4 (0x7D008093) addi ra, ra, 0x7d0
x1 <- 0x0000000000BDFFD0

mem[X,0x00000000800006C8] -> 0x9093
mem[X,0x00000000800006CA] -> 0x00A0
[439] [M]: 0x00000000800006C8 (0x00A09093) slli ra, ra, 0xa
x1 <- 0x00000002F7FF4000

mem[X,0x00000000800006CC] -> 0x01B7
mem[X,0x00000000800006CE] -> 0x5556
[440] [M]: 0x00000000800006CC (0x555601B7) lui gp, 0x55560
x3 <- 0x0000000055560000

mem[X,0x00000000800006D0] -> 0x8193
mem[X,0x00000000800006D2] -> 0xFFF1
[441] [M]: 0x00000000800006D0 (0xFFF18193) addi gp, gp, -0x1
x3 <- 0x000000005555FFFF

mem[X,0x00000000800006D4] -> 0x9193
mem[X,0x00000000800006D6] -> 0x00B1
[442] [M]: 0x00000000800006D4 (0x00B19193) slli gp, gp, 0xb
x3 <- 0x000002AAAFFFF800

mem[X,0x00000000800006D8] -> 0x8193
mem[X,0x00000000800006DA] -> 0x5FF1
[443] [M]: 0x00000000800006D8 (0x5FF18193) addi gp, gp, 0x5ff
x3 <- 0x000002AAAFFFFDFF

mem[X,0x00000000800006DC] -> 0x9193
mem[X,0x00000000800006DE] -> 0x00B1
[444] [M]: 0x00000000800006DC (0x00B19193) slli gp, gp, 0xb
x3 <- 0x0015557FFFEFF800

mem[X,0x00000000800006E0] -> 0x8193
mem[X,0x00000000800006E2] -> 0x7C01
[445] [M]: 0x00000000800006E0 (0x7C018193) addi gp, gp, 0x7c0
x3 <- 0x0015557FFFEFFFC0

mem[X,0x00000000800006E4] -> 0x9193
mem[X,0x00000000800006E6] -> 0x00A1
[446] [M]: 0x00000000800006E4 (0x00A19193) slli gp, gp, 0xa
x3 <- 0x5555FFFFBFFF0000

mem[X,0x00000000800006E8] -> 0x8193
mem[X,0x00000000800006EA] -> 0x0081
[447] [M]: 0x00000000800006E8 (0x00818193) addi gp, gp, 0x8
x3 <- 0x5555FFFFBFFF0008

mem[X,0x00000000800006EC] -> 0x83BB
mem[X,0x00000000800006EE] -> 0xC830
[448] [M]: 0x00000000800006EC (0xC83083BB) pdif.h t2, ra, gp
x7 <- 0x5555000338003FF8

mem[X,0x00000000800006F0] -> 0x3423
mem[X,0x00000000800006F2] -> 0x0073
[449] [M]: 0x00000000800006F0 (0x00733423) sd t2, 0x8(t1)
mem[0x00000000800041A8] <- 0x5555000338003FF8

mem[X,0x00000000800006F4] -> 0x0BB7
mem[X,0x00000000800006F6] -> 0x0000
[450] [M]: 0x00000000800006F4 (0x00000BB7) lui s7, 0x0
x23 <- 0x0000000000000000

mem[X,0x00000000800006F8] -> 0x8B93
mem[X,0x00000000800006FA] -> 0xFFCB
[451] [M]: 0x00000000800006F8 (0xFFCB8B93) addi s7, s7, -0x4
x23 <- 0xFFFFFFFFFFFFFFFC

mem[X,0x00000000800006FC] -> 0x9B93
mem[X,0x00000000800006FE] -> 0x00BB
[452] [M]: 0x00000000800006FC (0x00BB9B93) slli s7, s7, 0xb
x23 <- 0xFFFFFFFFFFFFE000

mem[X,0x0000000080000700] -> 0x8B93
mem[X,0x0000000080000702] -> 0x080B
[453] [M]: 0x0000000080000700 (0x080B8B93) addi s7, s7, 0x80
x23 <- 0xFFFFFFFFFFFFE080

mem[X,0x0000000080000704] -> 0x9B93
mem[X,0x0000000080000706] -> 0x00BB
[454] [M]: 0x0000000080000704 (0x00BB9B93) slli s7, s7, 0xb
x23 <- 0xFFFFFFFFFF040000

mem[X,0x0000000080000708] -> 0x8B93
mem[X,0x000000008000070A] -> 0x03FB
[455] [M]: 0x0000000080000708 (0x03FB8B93) addi s7, s7, 0x3f
x23 <- 0xFFFFFFFFFF04003F

mem[X,0x000000008000070C] -> 0x9B93
mem[X,0x000000008000070E] -> 0x00AB
[456] [M]: 0x000000008000070C (0x00AB9B93) slli s7, s7, 0xa
x23 <- 0xFFFFFFFC1000FC00

mem[X,0x0000000080000710] -> 0x8B93
mem[X,0x0000000080000712] -> 0x3FEB
[457] [M]: 0x0000000080000710 (0x3FEB8B93) addi s7, s7, 0x3fe
x23 <- 0xFFFFFFFC1000FFFE

mem[X,0x0000000080000714] -> 0x08B7
mem[X,0x0000000080000716] -> 0x0007
[458] [M]: 0x0000000080000714 (0x000708B7) lui a7, 0x70
x17 <- 0x0000000000070000

mem[X,0x0000000080000718] -> 0x8893
mem[X,0x000000008000071A] -> 0xFF78
[459] [M]: 0x0000000080000718 (0xFF788893) addi a7, a7, -0x9
x17 <- 0x000000000006FFF7

mem[X,0x000000008000071C] -> 0x9893
mem[X,0x000000008000071E] -> 0x00B8
[460] [M]: 0x000000008000071C (0x00B89893) slli a7, a7, 0xb
x17 <- 0x0000000037FFB800

mem[X,0x0000000080000720] -> 0x8893
mem[X,0x0000000080000722] -> 0x0808
[461] [M]: 0x0000000080000720 (0x08088893) addi a7, a7, 0x80
x17 <- 0x0000000037FFB880

mem[X,0x0000000080000724] -> 0x9893
mem[X,0x0000000080000726] -> 0x00B8
[462] [M]: 0x0000000080000724 (0x00B89893) slli a7, a7, 0xb
x17 <- 0x000001BFFDC40000

mem[X,0x0000000080000728] -> 0x8893
mem[X,0x000000008000072A] -> 0x03F8
[463] [M]: 0x0000000080000728 (0x03F88893) addi a7, a7, 0x3f
x17 <- 0x000001BFFDC4003F

mem[X,0x000000008000072C] -> 0x9893
mem[X,0x000000008000072E] -> 0x00A8
[464] [M]: 0x000000008000072C (0x00A89893) slli a7, a7, 0xa
x17 <- 0x0006FFF71000FC00

mem[X,0x0000000080000730] -> 0x8893
mem[X,0x0000000080000732] -> 0x2FF8
[465] [M]: 0x0000000080000730 (0x2FF88893) addi a7, a7, 0x2ff
x17 <- 0x0006FFF71000FEFF

mem[X,0x0000000080000734] -> 0x823B
mem[X,0x0000000080000736] -> 0xC91B
[466] [M]: 0x0000000080000734 (0xC91B823B) pdif.h tp, s7, a7
x4 <- 0x00070005000000FF

mem[X,0x0000000080000738] -> 0x3823
mem[X,0x000000008000073A] -> 0x0043
[467] [M]: 0x0000000080000738 (0x00433823) sd tp, 0x10(t1)
mem[0x00000000800041B0] <- 0x00070005000000FF

mem[X,0x000000008000073C] -> 0x0537
mem[X,0x000000008000073E] -> 0xFFFB
[468] [M]: 0x000000008000073C (0xFFFB0537) lui a0, -0x50
x10 <- 0xFFFFFFFFFFFB0000

mem[X,0x0000000080000740] -> 0x0513
mem[X,0x0000000080000742] -> 0xFF85
[469] [M]: 0x0000000080000740 (0xFF850513) addi a0, a0, -0x8
x10 <- 0xFFFFFFFFFFFAFFF8

mem[X,0x0000000080000744] -> 0x1513
mem[X,0x0000000080000746] -> 0x00B5
[470] [M]: 0x0000000080000744 (0x00B51513) slli a0, a0, 0xb
x10 <- 0xFFFFFFFFD7FFC000

mem[X,0x0000000080000748] -> 0x0513
mem[X,0x000000008000074A] -> 0x0005
[471] [M]: 0x0000000080000748 (0x00050513) addi a0, a0, 0x0
x10 <- 0xFFFFFFFFD7FFC000

mem[X,0x000000008000074C] -> 0x1513
mem[X,0x000000008000074E] -> 0x00B5
[472] [M]: 0x000000008000074C (0x00B51513) slli a0, a0, 0xb
x10 <- 0xFFFFFEBFFE000000

mem[X,0x0000000080000750] -> 0x0513
mem[X,0x0000000080000752] -> 0x0FF5
[473] [M]: 0x0000000080000750 (0x0FF50513) addi a0, a0, 0xff
x10 <- 0xFFFFFEBFFE0000FF

mem[X,0x0000000080000754] -> 0x1513
mem[X,0x0000000080000756] -> 0x00A5
[474] [M]: 0x0000000080000754 (0x00A51513) slli a0, a0, 0xa
x10 <- 0xFFFAFFF80003FC00

mem[X,0x0000000080000758] -> 0x0513
mem[X,0x000000008000075A] -> 0x3FD5
[475] [M]: 0x0000000080000758 (0x3FD50513) addi a0, a0, 0x3fd
x10 <- 0xFFFAFFF80003FFFD

mem[X,0x000000008000075C] -> 0x1737
mem[X,0x000000008000075E] -> 0x0008
[476] [M]: 0x000000008000075C (0x00081737) lui a4, 0x81
x14 <- 0x0000000000081000

mem[X,0x0000000080000760] -> 0x0713
mem[X,0x0000000080000762] -> 0x8007
[477] [M]: 0x0000000080000760 (0x80070713) addi a4, a4, -0x800
x14 <- 0x0000000000080800

mem[X,0x0000000080000764] -> 0x1713
mem[X,0x0000000080000766] -> 0x00B7
[478] [M]: 0x0000000080000764 (0x00B71713) slli a4, a4, 0xb
x14 <- 0x0000000040400000

mem[X,0x0000000080000768] -> 0x0713
mem[X,0x000000008000076A] -> 0x0407
[479] [M]: 0x0000000080000768 (0x04070713) addi a4, a4, 0x40
x14 <- 0x0000000040400040

mem[X,0x000000008000076C] -> 0x1713
mem[X,0x000000008000076E] -> 0x00B7
[480] [M]: 0x000000008000076C (0x00B71713) slli a4, a4, 0xb
x14 <- 0x0000020200020000

mem[X,0x0000000080000770] -> 0x0713
mem[X,0x0000000080000772] -> 0x0047
[481] [M]: 0x0000000080000770 (0x00470713) addi a4, a4, 0x4
x14 <- 0x0000020200020004

mem[X,0x0000000080000774] -> 0x1713
mem[X,0x0000000080000776] -> 0x00A7
[482] [M]: 0x0000000080000774 (0x00A71713) slli a4, a4, 0xa
x14 <- 0x0008080008001000

mem[X,0x0000000080000778] -> 0x043B
mem[X,0x000000008000077A] -> 0xC8E5
[483] [M]: 0x0000000080000778 (0xC8E5043B) pdif.h fp, a0, a4
x8 <- 0x000E080807FD1003

mem[X,0x000000008000077C] -> 0x3C23
mem[X,0x000000008000077E] -> 0x0083
[484] [M]: 0x000000008000077C (0x00833C23) sd fp, 0x18(t1)
mem[0x00000000800041B8] <- 0x000E080807FD1003

mem[X,0x0000000080000780] -> 0xF237
mem[X,0x0000000080000782] -> 0xFFDF
[485] [M]: 0x0000000080000780 (0xFFDFF237) lui tp, -0x201
x4 <- 0xFFFFFFFFFFDFF000

mem[X,0x0000000080000784] -> 0x0213
mem[X,0x0000000080000786] -> 0x7FF2
[486] [M]: 0x0000000080000784 (0x7FF20213) addi tp, tp, 0x7ff
x4 <- 0xFFFFFFFFFFDFF7FF

mem[X,0x0000000080000788] -> 0x1213
mem[X,0x000000008000078A] -> 0x00B2
[487] [M]: 0x0000000080000788 (0x00B21213) slli tp, tp, 0xb
x4 <- 0xFFFFFFFEFFBFF800

mem[X,0x000000008000078C] -> 0x0213
mem[X,0x000000008000078E] -> 0x0002
[488] [M]: 0x000000008000078C (0x00020213) addi tp, tp, 0x0
x4 <- 0xFFFFFFFEFFBFF800

mem[X,0x0000000080000790] -> 0x1213
mem[X,0x0000000080000792] -> 0x00B2
[489] [M]: 0x0000000080000790 (0x00B21213) slli tp, tp, 0xb
x4 <- 0xFFFFF7FDFFC00000

mem[X,0x0000000080000794] -> 0x0213
mem[X,0x0000000080000796] -> 0x17F2
[490] [M]: 0x0000000080000794 (0x17F20213) addi tp, tp, 0x17f
x4 <- 0xFFFFF7FDFFC0017F

mem[X,0x0000000080000798] -> 0x1213
mem[X,0x000000008000079A] -> 0x00A2
[491] [M]: 0x0000000080000798 (0x00A21213) slli tp, tp, 0xa
x4 <- 0xFFDFF7FF0005FC00

mem[X,0x000000008000079C] -> 0x0213
mem[X,0x000000008000079E] -> 0x3FB2
[492] [M]: 0x000000008000079C (0x3FB20213) addi tp, tp, 0x3fb
x4 <- 0xFFDFF7FF0005FFFB

mem[X,0x00000000800007A0] -> 0x0837
mem[X,0x00000000800007A2] -> 0x8001
[493] [M]: 0x00000000800007A0 (0x80010837) lui a6, -0x7fff0
x16 <- 0xFFFFFFFF80010000

mem[X,0x00000000800007A4] -> 0x0813
mem[X,0x00000000800007A6] -> 0xFF78
[494] [M]: 0x00000000800007A4 (0xFF780813) addi a6, a6, -0x9
x16 <- 0xFFFFFFFF8000FFF7

mem[X,0x00000000800007A8] -> 0x1813
mem[X,0x00000000800007AA] -> 0x00B8
[495] [M]: 0x00000000800007A8 (0x00B81813) slli a6, a6, 0xb
x16 <- 0xFFFFFC0007FFB800

mem[X,0x00000000800007AC] -> 0x0813
mem[X,0x00000000800007AE] -> 0x3FF8
[496] [M]: 0x00000000800007AC (0x3FF80813) addi a6, a6, 0x3ff
x16 <- 0xFFFFFC0007FFBBFF

mem[X,0x00000000800007B0] -> 0x1813
mem[X,0x00000000800007B2] -> 0x00B8
[497] [M]: 0x00000000800007B0 (0x00B81813) slli a6, a6, 0xb
x16 <- 0xFFE0003FFDDFF800

mem[X,0x00000000800007B4] -> 0x0813
mem[X,0x00000000800007B6] -> 0x7E08
[498] [M]: 0x00000000800007B4 (0x7E080813) addi a6, a6, 0x7e0
x16 <- 0xFFE0003FFDDFFFE0

mem[X,0x00000000800007B8] -> 0x1813
mem[X,0x00000000800007BA] -> 0x00A8
[499] [M]: 0x00000000800007B8 (0x00A81813) slli a6, a6, 0xa
x16 <- 0x8000FFF77FFF8000

clint::tick mtime <- 0x0000000000000005
 clint timer pending at mtime 0x0000000000000005
htif::tick 0x0000000000000000
mem[X,0x00000000800007BC] -> 0x06BB
mem[X,0x00000000800007BE] -> 0xC902
[500] [M]: 0x00000000800007BC (0xC90206BB) pdif.h a3, tp, a6
x13 <- 0x7FDF07F87FFA7FFB

mem[X,0x00000000800007C0] -> 0x3023
mem[X,0x00000000800007C2] -> 0x02D3
[501] [M]: 0x00000000800007C0 (0x02D33023) sd a3, 0x20(t1)
mem[0x00000000800041C0] <- 0x7FDF07F87FFA7FFB

mem[X,0x00000000800007C4] -> 0x0837
mem[X,0x00000000800007C6] -> 0x0004
[502] [M]: 0x00000000800007C4 (0x00040837) lui a6, 0x40
x16 <- 0x0000000000040000

mem[X,0x00000000800007C8] -> 0x0813
mem[X,0x00000000800007CA] -> 0xFFE8
[503] [M]: 0x00000000800007C8 (0xFFE80813) addi a6, a6, -0x2
x16 <- 0x000000000003FFFE

mem[X,0x00000000800007CC] -> 0x1813
mem[X,0x00000000800007CE] -> 0x00B8
[504] [M]: 0x00000000800007CC (0x00B81813) slli a6, a6, 0xb
x16 <- 0x000000001FFFF000

mem[X,0x00000000800007D0] -> 0x0813
mem[X,0x00000000800007D2] -> 0x5558
[505] [M]: 0x00000000800007D0 (0x55580813) addi a6, a6, 0x555
x16 <- 0x000000001FFFF555

mem[X,0x00000000800007D4] -> 0x1813
mem[X,0x00000000800007D6] -> 0x00B8
[506] [M]: 0x00000000800007D4 (0x00B81813) slli a6, a6, 0xb
x16 <- 0x000000FFFFAAA800

mem[X,0x00000000800007D8] -> 0x0813
mem[X,0x00000000800007DA] -> 0x2BF8
[507] [M]: 0x00000000800007D8 (0x2BF80813) addi a6, a6, 0x2bf
x16 <- 0x000000FFFFAAAABF

mem[X,0x00000000800007DC] -> 0x1813
mem[X,0x00000000800007DE] -> 0x00A8
[508] [M]: 0x00000000800007DC (0x00A81813) slli a6, a6, 0xa
x16 <- 0x0003FFFEAAAAFC00

mem[X,0x00000000800007E0] -> 0x0813
mem[X,0x00000000800007E2] -> 0x3F78
[509] [M]: 0x00000000800007E0 (0x3F780813) addi a6, a6, 0x3f7
x16 <- 0x0003FFFEAAAAFFF7

mem[X,0x00000000800007E4] -> 0x04B7
mem[X,0x00000000800007E6] -> 0x2001
[510] [M]: 0x00000000800007E4 (0x200104B7) lui s1, 0x20010
x9 <- 0x0000000020010000

mem[X,0x00000000800007E8] -> 0x8493
mem[X,0x00000000800007EA] -> 0xFEF4
[511] [M]: 0x00000000800007E8 (0xFEF48493) addi s1, s1, -0x11
x9 <- 0x000000002000FFEF

mem[X,0x00000000800007EC] -> 0x9493
mem[X,0x00000000800007EE] -> 0x00B4
[512] [M]: 0x00000000800007EC (0x00B49493) slli s1, s1, 0xb
x9 <- 0x0000010007FF7800

mem[X,0x00000000800007F0] -> 0x8493
mem[X,0x00000000800007F2] -> 0x0004
[513] [M]: 0x00000000800007F0 (0x00048493) addi s1, s1, 0x0
x9 <- 0x0000010007FF7800

mem[X,0x00000000800007F4] -> 0x9493
mem[X,0x00000000800007F6] -> 0x00B4
[514] [M]: 0x00000000800007F4 (0x00B49493) slli s1, s1, 0xb
x9 <- 0x0008003FFBC00000

mem[X,0x00000000800007F8] -> 0x8493
mem[X,0x00000000800007FA] -> 0x1154
[515] [M]: 0x00000000800007F8 (0x11548493) addi s1, s1, 0x115
x9 <- 0x0008003FFBC00115

mem[X,0x00000000800007FC] -> 0x9493
mem[X,0x00000000800007FE] -> 0x00A4
[516] [M]: 0x00000000800007FC (0x00A49493) slli s1, s1, 0xa
x9 <- 0x2000FFEF00045400

mem[X,0x0000000080000800] -> 0x8493
mem[X,0x0000000080000802] -> 0x1554
[517] [M]: 0x0000000080000800 (0x15548493) addi s1, s1, 0x155
x9 <- 0x2000FFEF00045555

mem[X,0x0000000080000804] -> 0x0CBB
mem[X,0x0000000080000806] -> 0xC898
[518] [M]: 0x0000000080000804 (0xC8980CBB) pdif.h s9, a6, s1
x25 <- 0x1FFD000F555A555E

mem[X,0x0000000080000808] -> 0x3423
mem[X,0x000000008000080A] -> 0x0393
[519] [M]: 0x0000000080000808 (0x03933423) sd s9, 0x28(t1)
mem[0x00000000800041C8] <- 0x1FFD000F555A555E

mem[X,0x000000008000080C] -> 0x4EB7
mem[X,0x000000008000080E] -> 0x0010
[520] [M]: 0x000000008000080C (0x00104EB7) lui t4, 0x104
x29 <- 0x0000000000104000

mem[X,0x0000000080000810] -> 0x8E93
mem[X,0x0000000080000812] -> 0xFFFE
[521] [M]: 0x0000000080000810 (0xFFFE8E93) addi t4, t4, -0x1
x29 <- 0x0000000000103FFF

mem[X,0x0000000080000814] -> 0x9E93
mem[X,0x0000000080000816] -> 0x00BE
[522] [M]: 0x0000000080000814 (0x00BE9E93) slli t4, t4, 0xb
x29 <- 0x0000000081FFF800

mem[X,0x0000000080000818] -> 0x8E93
mem[X,0x000000008000081A] -> 0x7DFE
[523] [M]: 0x0000000080000818 (0x7DFE8E93) addi t4, t4, 0x7df
x29 <- 0x0000000081FFFFDF

mem[X,0x000000008000081C] -> 0x9E93
mem[X,0x000000008000081E] -> 0x00BE
[524] [M]: 0x000000008000081C (0x00BE9E93) slli t4, t4, 0xb
x29 <- 0x0000040FFFFEF800

mem[X,0x0000000080000820] -> 0x8E93
mem[X,0x0000000080000822] -> 0x7FFE
[525] [M]: 0x0000000080000820 (0x7FFE8E93) addi t4, t4, 0x7ff
x29 <- 0x0000040FFFFEFFFF

mem[X,0x0000000080000824] -> 0x9E93
mem[X,0x0000000080000826] -> 0x00AE
[526] [M]: 0x0000000080000824 (0x00AE9E93) slli t4, t4, 0xa
x29 <- 0x00103FFFFBFFFC00

mem[X,0x0000000080000828] -> 0x8E93
mem[X,0x000000008000082A] -> 0x3EFE
[527] [M]: 0x0000000080000828 (0x3EFE8E93) addi t4, t4, 0x3ef
x29 <- 0x00103FFFFBFFFFEF

mem[X,0x000000008000082C] -> 0x0437
mem[X,0x000000008000082E] -> 0x8000
[528] [M]: 0x000000008000082C (0x80000437) lui fp, -0x80000
x8 <- 0xFFFFFFFF80000000

mem[X,0x0000000080000830] -> 0x0413
mem[X,0x0000000080000832] -> 0xFFF4
[529] [M]: 0x0000000080000830 (0xFFF40413) addi fp, fp, -0x1
x8 <- 0xFFFFFFFF7FFFFFFF

mem[X,0x0000000080000834] -> 0x1413
mem[X,0x0000000080000836] -> 0x00B4
[530] [M]: 0x0000000080000834 (0x00B41413) slli fp, fp, 0xb
x8 <- 0xFFFFFBFFFFFFF800

mem[X,0x0000000080000838] -> 0x0413
mem[X,0x000000008000083A] -> 0x7EF4
[531] [M]: 0x0000000080000838 (0x7EF40413) addi fp, fp, 0x7ef
x8 <- 0xFFFFFBFFFFFFFFEF

mem[X,0x000000008000083C] -> 0x1413
mem[X,0x000000008000083E] -> 0x00B4
[532] [M]: 0x000000008000083C (0x00B41413) slli fp, fp, 0xb
x8 <- 0xFFDFFFFFFFFF7800

mem[X,0x0000000080000840] -> 0x0413
mem[X,0x0000000080000842] -> 0x7C04
[533] [M]: 0x0000000080000840 (0x7C040413) addi fp, fp, 0x7c0
x8 <- 0xFFDFFFFFFFFF7FC0

mem[X,0x0000000080000844] -> 0x1413
mem[X,0x0000000080000846] -> 0x00A4
[534] [M]: 0x0000000080000844 (0x00A41413) slli fp, fp, 0xa
x8 <- 0x7FFFFFFFFDFF0000

mem[X,0x0000000080000848] -> 0x0413
mem[X,0x000000008000084A] -> 0x0044
[535] [M]: 0x0000000080000848 (0x00440413) addi fp, fp, 0x4
x8 <- 0x7FFFFFFFFDFF0004

mem[X,0x000000008000084C] -> 0x8B3B
mem[X,0x000000008000084E] -> 0xC88E
[536] [M]: 0x000000008000084C (0xC88E8B3B) pdif.h s6, t4, fp
x22 <- 0x7FEF400002000015

mem[X,0x0000000080000850] -> 0x3823
mem[X,0x0000000080000852] -> 0x0363
[537] [M]: 0x0000000080000850 (0x03633823) sd s6, 0x30(t1)
mem[0x00000000800041D0] <- 0x7FEF400002000015

mem[X,0x0000000080000854] -> 0xF6B7
mem[X,0x0000000080000856] -> 0x0006
[538] [M]: 0x0000000080000854 (0x0006F6B7) lui a3, 0x6f
x13 <- 0x000000000006F000

mem[X,0x0000000080000858] -> 0x8693
mem[X,0x000000008000085A] -> 0x7FF6
[539] [M]: 0x0000000080000858 (0x7FF68693) addi a3, a3, 0x7ff
x13 <- 0x000000000006F7FF

mem[X,0x000000008000085C] -> 0x9693
mem[X,0x000000008000085E] -> 0x00B6
[540] [M]: 0x000000008000085C (0x00B69693) slli a3, a3, 0xb
x13 <- 0x0000000037BFF800

mem[X,0x0000000080000860] -> 0x8693
mem[X,0x0000000080000862] -> 0x7FF6
[541] [M]: 0x0000000080000860 (0x7FF68693) addi a3, a3, 0x7ff
x13 <- 0x0000000037BFFFFF

mem[X,0x0000000080000864] -> 0x9693
mem[X,0x0000000080000866] -> 0x00B6
[542] [M]: 0x0000000080000864 (0x00B69693) slli a3, a3, 0xb
x13 <- 0x000001BDFFFFF800

mem[X,0x0000000080000868] -> 0x8693
mem[X,0x000000008000086A] -> 0x6BF6
[543] [M]: 0x0000000080000868 (0x6BF68693) addi a3, a3, 0x6bf
x13 <- 0x000001BDFFFFFEBF

mem[X,0x000000008000086C] -> 0x9693
mem[X,0x000000008000086E] -> 0x00A6
[544] [M]: 0x000000008000086C (0x00A69693) slli a3, a3, 0xa
x13 <- 0x0006F7FFFFFAFC00

mem[X,0x0000000080000870] -> 0x8693
mem[X,0x0000000080000872] -> 0x3DF6
[545] [M]: 0x0000000080000870 (0x3DF68693) addi a3, a3, 0x3df
x13 <- 0x0006F7FFFFFAFFDF

mem[X,0x0000000080000874] -> 0x0AB7
mem[X,0x0000000080000876] -> 0xFFF8
[546] [M]: 0x0000000080000874 (0xFFF80AB7) lui s5, -0x80
x21 <- 0xFFFFFFFFFFF80000

mem[X,0x0000000080000878] -> 0x8A93
mem[X,0x000000008000087A] -> 0x007A
[547] [M]: 0x0000000080000878 (0x007A8A93) addi s5, s5, 0x7
x21 <- 0xFFFFFFFFFFF80007

mem[X,0x000000008000087C] -> 0x9A93
mem[X,0x000000008000087E] -> 0x00BA
[548] [M]: 0x000000008000087C (0x00BA9A93) slli s5, s5, 0xb
x21 <- 0xFFFFFFFFC0003800

mem[X,0x0000000080000880] -> 0x8A93
mem[X,0x0000000080000882] -> 0x7BFA
[549] [M]: 0x0000000080000880 (0x7BFA8A93) addi s5, s5, 0x7bf
x21 <- 0xFFFFFFFFC0003FBF

mem[X,0x0000000080000884] -> 0x9A93
mem[X,0x0000000080000886] -> 0x00BA
[550] [M]: 0x0000000080000884 (0x00BA9A93) slli s5, s5, 0xb
x21 <- 0xFFFFFE0001FDF800

mem[X,0x0000000080000888] -> 0x8A93
mem[X,0x000000008000088A] -> 0x7FFA
[551] [M]: 0x0000000080000888 (0x7FFA8A93) addi s5, s5, 0x7ff
x21 <- 0xFFFFFE0001FDFFFF

mem[X,0x000000008000088C] -> 0x9A93
mem[X,0x000000008000088E] -> 0x00AA
[552] [M]: 0x000000008000088C (0x00AA9A93) slli s5, s5, 0xa
x21 <- 0xFFF80007F7FFFC00

mem[X,0x0000000080000890] -> 0x8A93
mem[X,0x0000000080000892] -> 0x3F7A
[553] [M]: 0x0000000080000890 (0x3F7A8A93) addi s5, s5, 0x3f7
x21 <- 0xFFF80007F7FFFFF7

mem[X,0x0000000080000894] -> 0x8D3B
mem[X,0x0000000080000896] -> 0xC956
[554] [M]: 0x0000000080000894 (0xC9568D3B) pdif.h s10, a3, s5
x26 <- 0x000E080807FB0018

mem[X,0x0000000080000898] -> 0x3C23
mem[X,0x000000008000089A] -> 0x03A3
[555] [M]: 0x0000000080000898 (0x03A33C23) sd s10, 0x38(t1)
mem[0x00000000800041D8] <- 0x000E080807FB0018

mem[X,0x000000008000089C] -> 0xF5B7
mem[X,0x000000008000089E] -> 0xFBFF
[556] [M]: 0x000000008000089C (0xFBFFF5B7) lui a1, -0x4001
x11 <- 0xFFFFFFFFFBFFF000

mem[X,0x00000000800008A0] -> 0x8593
mem[X,0x00000000800008A2] -> 0x7FF5
[557] [M]: 0x00000000800008A0 (0x7FF58593) addi a1, a1, 0x7ff
x11 <- 0xFFFFFFFFFBFFF7FF

mem[X,0x00000000800008A4] -> 0x9593
mem[X,0x00000000800008A6] -> 0x00B5
[558] [M]: 0x00000000800008A4 (0x00B59593) slli a1, a1, 0xb
x11 <- 0xFFFFFFDFFFBFF800

mem[X,0x00000000800008A8] -> 0x8593
mem[X,0x00000000800008AA] -> 0x6FF5
[559] [M]: 0x00000000800008A8 (0x6FF58593) addi a1, a1, 0x6ff
x11 <- 0xFFFFFFDFFFBFFEFF

mem[X,0x00000000800008AC] -> 0x9593
mem[X,0x00000000800008AE] -> 0x00B5
[560] [M]: 0x00000000800008AC (0x00B59593) slli a1, a1, 0xb
x11 <- 0xFFFEFFFDFFF7F800

mem[X,0x00000000800008B0] -> 0x8593
mem[X,0x00000000800008B2] -> 0x7FF5
[561] [M]: 0x00000000800008B0 (0x7FF58593) addi a1, a1, 0x7ff
x11 <- 0xFFFEFFFDFFF7FFFF

mem[X,0x00000000800008B4] -> 0x9593
mem[X,0x00000000800008B6] -> 0x00A5
[562] [M]: 0x00000000800008B4 (0x00A59593) slli a1, a1, 0xa
x11 <- 0xFBFFF7FFDFFFFC00

mem[X,0x00000000800008B8] -> 0x8593
mem[X,0x00000000800008BA] -> 0x3BF5
[563] [M]: 0x00000000800008B8 (0x3BF58593) addi a1, a1, 0x3bf
x11 <- 0xFBFFF7FFDFFFFFBF

mem[X,0x00000000800008BC] -> 0xFFB7
mem[X,0x00000000800008BE] -> 0xFF7F
[564] [M]: 0x00000000800008BC (0xFF7FFFB7) lui t6, -0x801
x31 <- 0xFFFFFFFFFF7FF000

mem[X,0x00000000800008C0] -> 0x8F93
mem[X,0x00000000800008C2] -> 0xFFFF
[565] [M]: 0x00000000800008C0 (0xFFFF8F93) addi t6, t6, -0x1
x31 <- 0xFFFFFFFFFF7FEFFF

mem[X,0x00000000800008C4] -> 0x9F93
mem[X,0x00000000800008C6] -> 0x00BF
[566] [M]: 0x00000000800008C4 (0x00BF9F93) slli t6, t6, 0xb
x31 <- 0xFFFFFFFBFF7FF800

mem[X,0x00000000800008C8] -> 0x8F93
mem[X,0x00000000800008CA] -> 0x000F
[567] [M]: 0x00000000800008C8 (0x000F8F93) addi t6, t6, 0x0
x31 <- 0xFFFFFFFBFF7FF800

mem[X,0x00000000800008CC] -> 0x9F93
mem[X,0x00000000800008CE] -> 0x00BF
[568] [M]: 0x00000000800008CC (0x00BF9F93) slli t6, t6, 0xb
x31 <- 0xFFFFDFFBFFC00000

mem[X,0x00000000800008D0] -> 0x8F93
mem[X,0x00000000800008D2] -> 0x17FF
[569] [M]: 0x00000000800008D0 (0x17FF8F93) addi t6, t6, 0x17f
x31 <- 0xFFFFDFFBFFC0017F

mem[X,0x00000000800008D4] -> 0x9F93
mem[X,0x00000000800008D6] -> 0x00AF
[570] [M]: 0x00000000800008D4 (0x00AF9F93) slli t6, t6, 0xa
x31 <- 0xFF7FEFFF0005FC00

mem[X,0x00000000800008D8] -> 0x8F93
mem[X,0x00000000800008DA] -> 0x3FCF
[571] [M]: 0x00000000800008D8 (0x3FCF8F93) addi t6, t6, 0x3fc
x31 <- 0xFF7FEFFF0005FFFC

mem[X,0x00000000800008DC] -> 0x803B
mem[X,0x00000000800008DE] -> 0xC9F5
[572] [M]: 0x00000000800008DC (0xC9F5803B) pdif.h zero, a1, t6

mem[X,0x00000000800008E0] -> 0x3023
mem[X,0x00000000800008E2] -> 0x0403
[573] [M]: 0x00000000800008E0 (0x04033023) sd zero, 0x40(t1)
mem[0x00000000800041E0] <- 0x0000000000000000

mem[X,0x00000000800008E4] -> 0x89B7
mem[X,0x00000000800008E6] -> 0x0007
[574] [M]: 0x00000000800008E4 (0x000789B7) lui s3, 0x78
x19 <- 0x0000000000078000

mem[X,0x00000000800008E8] -> 0x8993
mem[X,0x00000000800008EA] -> 0xFFF9
[575] [M]: 0x00000000800008E8 (0xFFF98993) addi s3, s3, -0x1
x19 <- 0x0000000000077FFF

mem[X,0x00000000800008EC] -> 0x9993
mem[X,0x00000000800008EE] -> 0x00B9
[576] [M]: 0x00000000800008EC (0x00B99993) slli s3, s3, 0xb
x19 <- 0x000000003BFFF800

mem[X,0x00000000800008F0] -> 0x8993
mem[X,0x00000000800008F2] -> 0x7FF9
[577] [M]: 0x00000000800008F0 (0x7FF98993) addi s3, s3, 0x7ff
x19 <- 0x000000003BFFFFFF

mem[X,0x00000000800008F4] -> 0x9993
mem[X,0x00000000800008F6] -> 0x00B9
[578] [M]: 0x00000000800008F4 (0x00B99993) slli s3, s3, 0xb
x19 <- 0x000001DFFFFFF800

mem[X,0x00000000800008F8] -> 0x8993
mem[X,0x00000000800008FA] -> 0x67F9
[579] [M]: 0x00000000800008F8 (0x67F98993) addi s3, s3, 0x67f
x19 <- 0x000001DFFFFFFE7F

mem[X,0x00000000800008FC] -> 0x9993
mem[X,0x00000000800008FE] -> 0x00A9
[580] [M]: 0x00000000800008FC (0x00A99993) slli s3, s3, 0xa
x19 <- 0x00077FFFFFF9FC00

mem[X,0x0000000080000900] -> 0x8993
mem[X,0x0000000080000902] -> 0x37F9
[581] [M]: 0x0000000080000900 (0x37F98993) addi s3, s3, 0x37f
x19 <- 0x00077FFFFFF9FF7F

mem[X,0x0000000080000904] -> 0xB2B7
mem[X,0x0000000080000906] -> 0x0000
[582] [M]: 0x0000000080000904 (0x0000B2B7) lui t0, 0xb
x5 <- 0x000000000000B000

mem[X,0x0000000080000908] -> 0x8293
mem[X,0x000000008000090A] -> 0xAAA2
[583] [M]: 0x0000000080000908 (0xAAA28293) addi t0, t0, -0x556
x5 <- 0x000000000000AAAA

mem[X,0x000000008000090C] -> 0x9293
mem[X,0x000000008000090E] -> 0x00B2
[584] [M]: 0x000000008000090C (0x00B29293) slli t0, t0, 0xb
x5 <- 0x0000000005555000

mem[X,0x0000000080000910] -> 0x8293
mem[X,0x0000000080000912] -> 0x7FF2
[585] [M]: 0x0000000080000910 (0x7FF28293) addi t0, t0, 0x7ff
x5 <- 0x00000000055557FF

mem[X,0x0000000080000914] -> 0x9293
mem[X,0x0000000080000916] -> 0x00B2
[586] [M]: 0x0000000080000914 (0x00B29293) slli t0, t0, 0xb
x5 <- 0x0000002AAABFF800

mem[X,0x0000000080000918] -> 0x8293
mem[X,0x000000008000091A] -> 0x3DF2
[587] [M]: 0x0000000080000918 (0x3DF28293) addi t0, t0, 0x3df
x5 <- 0x0000002AAABFFBDF

mem[X,0x000000008000091C] -> 0x9293
mem[X,0x000000008000091E] -> 0x00A2
[588] [M]: 0x000000008000091C (0x00A29293) slli t0, t0, 0xa
x5 <- 0x0000AAAAFFEF7C00

mem[X,0x0000000080000920] -> 0x8293
mem[X,0x0000000080000922] -> 0x3FF2
[589] [M]: 0x0000000080000920 (0x3FF28293) addi t0, t0, 0x3ff
x5 <- 0x0000AAAAFFEF7FFF

mem[X,0x0000000080000924] -> 0x87BB
mem[X,0x0000000080000926] -> 0xC859
[590] [M]: 0x0000000080000924 (0xC85987BB) pdif.h a5, s3, t0
x15 <- 0x00072AAB000A7F80

mem[X,0x0000000080000928] -> 0x3423
mem[X,0x000000008000092A] -> 0x04F3
[591] [M]: 0x0000000080000928 (0x04F33423) sd a5, 0x48(t1)
mem[0x00000000800041E8] <- 0x00072AAB000A7F80

mem[X,0x000000008000092C] -> 0x23B7
mem[X,0x000000008000092E] -> 0xFFDF
[592] [M]: 0x000000008000092C (0xFFDF23B7) lui t2, -0x20e
x7 <- 0xFFFFFFFFFFDF2000

mem[X,0x0000000080000930] -> 0x8393
mem[X,0x0000000080000932] -> 0x0003
[593] [M]: 0x0000000080000930 (0x00038393) addi t2, t2, 0x0
x7 <- 0xFFFFFFFFFFDF2000

mem[X,0x0000000080000934] -> 0x9393
mem[X,0x0000000080000936] -> 0x00B3
[594] [M]: 0x0000000080000934 (0x00B39393) slli t2, t2, 0xb
x7 <- 0xFFFFFFFEF9000000

mem[X,0x0000000080000938] -> 0x8393
mem[X,0x000000008000093A] -> 0x7F73
[595] [M]: 0x0000000080000938 (0x7F738393) addi t2, t2, 0x7f7
x7 <- 0xFFFFFFFEF90007F7

mem[X,0x000000008000093C] -> 0x9393
mem[X,0x000000008000093E] -> 0x00B3
[596] [M]: 0x000000008000093C (0x00B39393) slli t2, t2, 0xb
x7 <- 0xFFFFF7C8003FB800

mem[X,0x0000000080000940] -> 0x8393
mem[X,0x0000000080000942] -> 0x7FF3
[597] [M]: 0x0000000080000940 (0x7FF38393) addi t2, t2, 0x7ff
x7 <- 0xFFFFF7C8003FBFFF

mem[X,0x0000000080000944] -> 0x9393
mem[X,0x0000000080000946] -> 0x00A3
[598] [M]: 0x0000000080000944 (0x00A39393) slli t2, t2, 0xa
x7 <- 0xFFDF2000FEFFFC00

mem[X,0x0000000080000948] -> 0x8393
mem[X,0x000000008000094A] -> 0x2FF3
[599] [M]: 0x0000000080000948 (0x2FF38393) addi t2, t2, 0x2ff
x7 <- 0xFFDF2000FEFFFEFF

clint::tick mtime <- 0x0000000000000006
 clint timer pending at mtime 0x0000000000000006
htif::tick 0x0000000000000000
mem[X,0x000000008000094C] -> 0x0BB7
mem[X,0x000000008000094E] -> 0x0200
[600] [M]: 0x000000008000094C (0x02000BB7) lui s7, 0x2000
x23 <- 0x0000000002000000

mem[X,0x0000000080000950] -> 0x8B93
mem[X,0x0000000080000952] -> 0x005B
[601] [M]: 0x0000000080000950 (0x005B8B93) addi s7, s7, 0x5
x23 <- 0x0000000002000005

mem[X,0x0000000080000954] -> 0x9B93
mem[X,0x0000000080000956] -> 0x00BB
[602] [M]: 0x0000000080000954 (0x00BB9B93) slli s7, s7, 0xb
x23 <- 0x0000001000002800

mem[X,0x0000000080000958] -> 0x8B93
mem[X,0x000000008000095A] -> 0x000B
[603] [M]: 0x0000000080000958 (0x000B8B93) addi s7, s7, 0x0
x23 <- 0x0000001000002800

mem[X,0x000000008000095C] -> 0x9B93
mem[X,0x000000008000095E] -> 0x00BB
[604] [M]: 0x000000008000095C (0x00BB9B93) slli s7, s7, 0xb
x23 <- 0x0000800001400000

mem[X,0x0000000080000960] -> 0x8B93
mem[X,0x0000000080000962] -> 0x1C0B
[605] [M]: 0x0000000080000960 (0x1C0B8B93) addi s7, s7, 0x1c0
x23 <- 0x00008000014001C0

mem[X,0x0000000080000964] -> 0x9B93
mem[X,0x0000000080000966] -> 0x00AB
[606] [M]: 0x0000000080000964 (0x00AB9B93) slli s7, s7, 0xa
x23 <- 0x0200000500070000

mem[X,0x0000000080000968] -> 0x8B93
mem[X,0x000000008000096A] -> 0x001B
[607] [M]: 0x0000000080000968 (0x001B8B93) addi s7, s7, 0x1
x23 <- 0x0200000500070001

mem[X,0x000000008000096C] -> 0x813B
mem[X,0x000000008000096E] -> 0xC973
[608] [M]: 0x000000008000096C (0xC973813B) pdif.h sp, t2, s7
x2 <- 0x02211FFB01080102

mem[X,0x0000000080000970] -> 0x3823
mem[X,0x0000000080000972] -> 0x0423
[609] [M]: 0x0000000080000970 (0x04233823) sd sp, 0x50(t1)
mem[0x00000000800041F0] <- 0x02211FFB01080102

mem[X,0x0000000080000974] -> 0xCD37
mem[X,0x0000000080000976] -> 0xFFF6
[610] [M]: 0x0000000080000974 (0xFFF6CD37) lui s10, -0x94
x26 <- 0xFFFFFFFFFFF6C000

mem[X,0x0000000080000978] -> 0x0D13
mem[X,0x000000008000097A] -> 0x000D
[611] [M]: 0x0000000080000978 (0x000D0D13) addi s10, s10, 0x0
x26 <- 0xFFFFFFFFFFF6C000

mem[X,0x000000008000097C] -> 0x1D13
mem[X,0x000000008000097E] -> 0x00BD
[612] [M]: 0x000000008000097C (0x00BD1D13) slli s10, s10, 0xb
x26 <- 0xFFFFFFFFB6000000

mem[X,0x0000000080000980] -> 0x0D13
mem[X,0x0000000080000982] -> 0x7FDD
[613] [M]: 0x0000000080000980 (0x7FDD0D13) addi s10, s10, 0x7fd
x26 <- 0xFFFFFFFFB60007FD

mem[X,0x0000000080000984] -> 0x1D13
mem[X,0x0000000080000986] -> 0x00BD
[614] [M]: 0x0000000080000984 (0x00BD1D13) slli s10, s10, 0xb
x26 <- 0xFFFFFDB0003FE800

mem[X,0x0000000080000988] -> 0x0D13
mem[X,0x000000008000098A] -> 0x7FFD
[615] [M]: 0x0000000080000988 (0x7FFD0D13) addi s10, s10, 0x7ff
x26 <- 0xFFFFFDB0003FEFFF

mem[X,0x000000008000098C] -> 0x1D13
mem[X,0x000000008000098E] -> 0x00AD
[616] [M]: 0x000000008000098C (0x00AD1D13) slli s10, s10, 0xa
x26 <- 0xFFF6C000FFBFFC00

mem[X,0x0000000080000990] -> 0x0D13
mem[X,0x0000000080000992] -> 0x1FFD
[617] [M]: 0x0000000080000990 (0x1FFD0D13) addi s10, s10, 0x1ff
x26 <- 0xFFF6C000FFBFFDFF

mem[X,0x0000000080000994] -> 0x07B7
mem[X,0x0000000080000996] -> 0x2001
[618] [M]: 0x0000000080000994 (0x200107B7) lui a5, 0x20010
x15 <- 0x0000000020010000

mem[X,0x0000000080000998] -> 0x8793
mem[X,0x000000008000099A] -> 0xF7F7
[619] [M]: 0x0000000080000998 (0xF7F78793) addi a5, a5, -0x81
x15 <- 0x000000002000FF7F

mem[X,0x000000008000099C] -> 0x9793
mem[X,0x000000008000099E] -> 0x00B7
[620] [M]: 0x000000008000099C (0x00B79793) slli a5, a5, 0xb
x15 <- 0x0000010007FBF800

mem[X,0x00000000800009A0] -> 0x8793
mem[X,0x00000000800009A2] -> 0x0087
[621] [M]: 0x00000000800009A0 (0x00878793) addi a5, a5, 0x8
x15 <- 0x0000010007FBF808

mem[X,0x00000000800009A4] -> 0x9793
mem[X,0x00000000800009A6] -> 0x00B7
[622] [M]: 0x00000000800009A4 (0x00B79793) slli a5, a5, 0xb
x15 <- 0x0008003FDFC04000

mem[X,0x00000000800009A8] -> 0x8793
mem[X,0x00000000800009AA] -> 0x03F7
[623] [M]: 0x00000000800009A8 (0x03F78793) addi a5, a5, 0x3f
x15 <- 0x0008003FDFC0403F

mem[X,0x00000000800009AC] -> 0x9793
mem[X,0x00000000800009AE] -> 0x00A7
[624] [M]: 0x00000000800009AC (0x00A79793) slli a5, a5, 0xa
x15 <- 0x2000FF7F0100FC00

mem[X,0x00000000800009B0] -> 0x8793
mem[X,0x00000000800009B2] -> 0x2FF7
[625] [M]: 0x00000000800009B0 (0x2FF78793) addi a5, a5, 0x2ff
x15 <- 0x2000FF7F0100FEFF

mem[X,0x00000000800009B4] -> 0x093B
mem[X,0x00000000800009B6] -> 0xC8FD
[626] [M]: 0x00000000800009B4 (0xC8FD093B) pdif.h s2, s10, a5
x18 <- 0x200A3F7F01410100

mem[X,0x00000000800009B8] -> 0x3C23
mem[X,0x00000000800009BA] -> 0x0523
[627] [M]: 0x00000000800009B8 (0x05233C23) sd s2, 0x58(t1)
mem[0x00000000800041F8] <- 0x200A3F7F01410100

mem[X,0x00000000800009BC] -> 0x44B7
mem[X,0x00000000800009BE] -> 0xFFFE
[628] [M]: 0x00000000800009BC (0xFFFE44B7) lui s1, -0x1c
x9 <- 0xFFFFFFFFFFFE4000

mem[X,0x00000000800009C0] -> 0x8493
mem[X,0x00000000800009C2] -> 0x0004
[629] [M]: 0x00000000800009C0 (0x00048493) addi s1, s1, 0x0
x9 <- 0xFFFFFFFFFFFE4000

mem[X,0x00000000800009C4] -> 0x9493
mem[X,0x00000000800009C6] -> 0x00B4
[630] [M]: 0x00000000800009C4 (0x00B49493) slli s1, s1, 0xb
x9 <- 0xFFFFFFFFF2000000

mem[X,0x00000000800009C8] -> 0x8493
mem[X,0x00000000800009CA] -> 0x7FF4
[631] [M]: 0x00000000800009C8 (0x7FF48493) addi s1, s1, 0x7ff
x9 <- 0xFFFFFFFFF20007FF

mem[X,0x00000000800009CC] -> 0x9493
mem[X,0x00000000800009CE] -> 0x00B4
[632] [M]: 0x00000000800009CC (0x00B49493) slli s1, s1, 0xb
x9 <- 0xFFFFFF90003FF800

mem[X,0x00000000800009D0] -> 0x8493
mem[X,0x00000000800009D2] -> 0x73E4
[633] [M]: 0x00000000800009D0 (0x73E48493) addi s1, s1, 0x73e
x9 <- 0xFFFFFF90003FFF3E

mem[X,0x00000000800009D4] -> 0x9493
mem[X,0x00000000800009D6] -> 0x00A4
[634] [M]: 0x00000000800009D4 (0x00A49493) slli s1, s1, 0xa
x9 <- 0xFFFE4000FFFCF800

mem[X,0x00000000800009D8] -> 0x8493
mem[X,0x00000000800009DA] -> 0x3FF4
[635] [M]: 0x00000000800009D8 (0x3FF48493) addi s1, s1, 0x3ff
x9 <- 0xFFFE4000FFFCFBFF

mem[X,0x00000000800009DC] -> 0x03B7
mem[X,0x00000000800009DE] -> 0x8001
[636] [M]: 0x00000000800009DC (0x800103B7) lui t2, -0x7fff0
x7 <- 0xFFFFFFFF80010000

mem[X,0x00000000800009E0] -> 0x8393
mem[X,0x00000000800009E2] -> 0xFF93
[637] [M]: 0x00000000800009E0 (0xFF938393) addi t2, t2, -0x7
x7 <- 0xFFFFFFFF8000FFF9

mem[X,0x00000000800009E4] -> 0x9393
mem[X,0x00000000800009E6] -> 0x00B3
[638] [M]: 0x00000000800009E4 (0x00B39393) slli t2, t2, 0xb
x7 <- 0xFFFFFC0007FFC800

mem[X,0x00000000800009E8] -> 0x8393
mem[X,0x00000000800009EA] -> 0x0003
[639] [M]: 0x00000000800009E8 (0x00038393) addi t2, t2, 0x0
x7 <- 0xFFFFFC0007FFC800

mem[X,0x00000000800009EC] -> 0x9393
mem[X,0x00000000800009EE] -> 0x00B3
[640] [M]: 0x00000000800009EC (0x00B39393) slli t2, t2, 0xb
x7 <- 0xFFE0003FFE400000

mem[X,0x00000000800009F0] -> 0x8393
mem[X,0x00000000800009F2] -> 0x1FF3
[641] [M]: 0x00000000800009F0 (0x1FF38393) addi t2, t2, 0x1ff
x7 <- 0xFFE0003FFE4001FF

mem[X,0x00000000800009F4] -> 0x9393
mem[X,0x00000000800009F6] -> 0x00A3
[642] [M]: 0x00000000800009F4 (0x00A39393) slli t2, t2, 0xa
x7 <- 0x8000FFF90007FC00

mem[X,0x00000000800009F8] -> 0x8393
mem[X,0x00000000800009FA] -> 0x3FC3
[643] [M]: 0x00000000800009F8 (0x3FC38393) addi t2, t2, 0x3fc
x7 <- 0x8000FFF90007FFFC

mem[X,0x00000000800009FC] -> 0x8C3B
mem[X,0x00000000800009FE] -> 0xC874
[644] [M]: 0x00000000800009FC (0xC8748C3B) pdif.h s8, s1, t2
x24 <- 0x7FFE4007000B03FD

mem[X,0x0000000080000A00] -> 0x3023
mem[X,0x0000000080000A02] -> 0x0783
[645] [M]: 0x0000000080000A00 (0x07833023) sd s8, 0x60(t1)
mem[0x0000000080004200] <- 0x7FFE4007000B03FD

mem[X,0x0000000080000A04] -> 0x0013
mem[X,0x0000000080000A06] -> 0x0000
[646] [M]: 0x0000000080000A04 (0x00000013) addi zero, zero, 0x0

mem[X,0x0000000080000A08] -> 0x0013
mem[X,0x0000000080000A0A] -> 0x0000
[647] [M]: 0x0000000080000A08 (0x00000013) addi zero, zero, 0x0

mem[X,0x0000000080000A0C] -> 0x0013
mem[X,0x0000000080000A0E] -> 0x0000
[648] [M]: 0x0000000080000A0C (0x00000013) addi zero, zero, 0x0

mem[X,0x0000000080000A10] -> 0x0013
mem[X,0x0000000080000A12] -> 0x0000
[649] [M]: 0x0000000080000A10 (0x00000013) addi zero, zero, 0x0

mem[X,0x0000000080000A14] -> 0x0013
mem[X,0x0000000080000A16] -> 0x0000
[650] [M]: 0x0000000080000A14 (0x00000013) addi zero, zero, 0x0

mem[X,0x0000000080000A18] -> 0x0013
mem[X,0x0000000080000A1A] -> 0x0000
[651] [M]: 0x0000000080000A18 (0x00000013) addi zero, zero, 0x0

mem[X,0x0000000080000A1C] -> 0x0013
mem[X,0x0000000080000A1E] -> 0x0000
[652] [M]: 0x0000000080000A1C (0x00000013) addi zero, zero, 0x0

mem[X,0x0000000080000A20] -> 0x3097
mem[X,0x0000000080000A22] -> 0x0000
[653] [M]: 0x0000000080000A20 (0x00003097) auipc ra, 0x3
x1 <- 0x0000000080003A20

mem[X,0x0000000080000A24] -> 0x8093
mem[X,0x0000000080000A26] -> 0x7E80
[654] [M]: 0x0000000080000A24 (0x7E808093) addi ra, ra, 0x7e8
x1 <- 0x0000000080004208

mem[X,0x0000000080000A28] -> 0x0013
mem[X,0x0000000080000A2A] -> 0x0000
[655] [M]: 0x0000000080000A28 (0x00000013) addi zero, zero, 0x0

mem[X,0x0000000080000A2C] -> 0x0013
mem[X,0x0000000080000A2E] -> 0x0000
[656] [M]: 0x0000000080000A2C (0x00000013) addi zero, zero, 0x0

mem[X,0x0000000080000A30] -> 0x0013
mem[X,0x0000000080000A32] -> 0x0000
[657] [M]: 0x0000000080000A30 (0x00000013) addi zero, zero, 0x0

mem[X,0x0000000080000A34] -> 0x0013
mem[X,0x0000000080000A36] -> 0x0000
[658] [M]: 0x0000000080000A34 (0x00000013) addi zero, zero, 0x0

mem[X,0x0000000080000A38] -> 0x0013
mem[X,0x0000000080000A3A] -> 0x0000
[659] [M]: 0x0000000080000A38 (0x00000013) addi zero, zero, 0x0

mem[X,0x0000000080000A3C] -> 0x0013
mem[X,0x0000000080000A3E] -> 0x0000
[660] [M]: 0x0000000080000A3C (0x00000013) addi zero, zero, 0x0

mem[X,0x0000000080000A40] -> 0x0A37
mem[X,0x0000000080000A42] -> 0xFFFC
[661] [M]: 0x0000000080000A40 (0xFFFC0A37) lui s4, -0x40
x20 <- 0xFFFFFFFFFFFC0000

mem[X,0x0000000080000A44] -> 0x0A13
mem[X,0x0000000080000A46] -> 0xFF9A
[662] [M]: 0x0000000080000A44 (0xFF9A0A13) addi s4, s4, -0x7
x20 <- 0xFFFFFFFFFFFBFFF9

mem[X,0x0000000080000A48] -> 0x1A13
mem[X,0x0000000080000A4A] -> 0x00BA
[663] [M]: 0x0000000080000A48 (0x00BA1A13) slli s4, s4, 0xb
x20 <- 0xFFFFFFFFDFFFC800

mem[X,0x0000000080000A4C] -> 0x0A13
mem[X,0x0000000080000A4E] -> 0x000A
[664] [M]: 0x0000000080000A4C (0x000A0A13) addi s4, s4, 0x0
x20 <- 0xFFFFFFFFDFFFC800

mem[X,0x0000000080000A50] -> 0x1A13
mem[X,0x0000000080000A52] -> 0x00BA
[665] [M]: 0x0000000080000A50 (0x00BA1A13) slli s4, s4, 0xb
x20 <- 0xFFFFFEFFFE400000

mem[X,0x0000000080000A54] -> 0x0A13
mem[X,0x0000000080000A56] -> 0x1BDA
[666] [M]: 0x0000000080000A54 (0x1BDA0A13) addi s4, s4, 0x1bd
x20 <- 0xFFFFFEFFFE4001BD

mem[X,0x0000000080000A58] -> 0x1A13
mem[X,0x0000000080000A5A] -> 0x00AA
[667] [M]: 0x0000000080000A58 (0x00AA1A13) slli s4, s4, 0xa
x20 <- 0xFFFBFFF90006F400

mem[X,0x0000000080000A5C] -> 0x0A13
mem[X,0x0000000080000A5E] -> 0x3FFA
[668] [M]: 0x0000000080000A5C (0x3FFA0A13) addi s4, s4, 0x3ff
x20 <- 0xFFFBFFF90006F7FF

mem[X,0x0000000080000A60] -> 0x1137
mem[X,0x0000000080000A62] -> 0x2000
[669] [M]: 0x0000000080000A60 (0x20001137) lui sp, 0x20001
x2 <- 0x0000000020001000

mem[X,0x0000000080000A64] -> 0x0113
mem[X,0x0000000080000A66] -> 0x8001
[670] [M]: 0x0000000080000A64 (0x80010113) addi sp, sp, -0x800
x2 <- 0x0000000020000800

mem[X,0x0000000080000A68] -> 0x1113
mem[X,0x0000000080000A6A] -> 0x00B1
[671] [M]: 0x0000000080000A68 (0x00B11113) slli sp, sp, 0xb
x2 <- 0x0000010000400000

mem[X,0x0000000080000A6C] -> 0x0113
mem[X,0x0000000080000A6E] -> 0x0021
[672] [M]: 0x0000000080000A6C (0x00210113) addi sp, sp, 0x2
x2 <- 0x0000010000400002

mem[X,0x0000000080000A70] -> 0x1113
mem[X,0x0000000080000A72] -> 0x00B1
[673] [M]: 0x0000000080000A70 (0x00B11113) slli sp, sp, 0xb
x2 <- 0x0008000200001000

mem[X,0x0000000080000A74] -> 0x0113
mem[X,0x0000000080000A76] -> 0x03F1
[674] [M]: 0x0000000080000A74 (0x03F10113) addi sp, sp, 0x3f
x2 <- 0x000800020000103F

mem[X,0x0000000080000A78] -> 0x1113
mem[X,0x0000000080000A7A] -> 0x00A1
[675] [M]: 0x0000000080000A78 (0x00A11113) slli sp, sp, 0xa
x2 <- 0x200008000040FC00

mem[X,0x0000000080000A7C] -> 0x0113
mem[X,0x0000000080000A7E] -> 0x3FA1
[676] [M]: 0x0000000080000A7C (0x3FA10113) addi sp, sp, 0x3fa
x2 <- 0x200008000040FFFA

mem[X,0x0000000080000A80] -> 0x083B
mem[X,0x0000000080000A82] -> 0xC82A
[677] [M]: 0x0000000080000A80 (0xC82A083B) pdif.h a6, s4, sp
x16 <- 0x20050807003A07FB

mem[X,0x0000000080000A84] -> 0xB023
mem[X,0x0000000080000A86] -> 0x0100
[678] [M]: 0x0000000080000A84 (0x0100B023) sd a6, 0x0(ra)
mem[0x0000000080004208] <- 0x20050807003A07FB

mem[X,0x0000000080000A88] -> 0xCFB7
mem[X,0x0000000080000A8A] -> 0xFFF6
[679] [M]: 0x0000000080000A88 (0xFFF6CFB7) lui t6, -0x94
x31 <- 0xFFFFFFFFFFF6C000

mem[X,0x0000000080000A8C] -> 0x8F93
mem[X,0x0000000080000A8E] -> 0x000F
[680] [M]: 0x0000000080000A8C (0x000F8F93) addi t6, t6, 0x0
x31 <- 0xFFFFFFFFFFF6C000

mem[X,0x0000000080000A90] -> 0x9F93
mem[X,0x0000000080000A92] -> 0x00BF
[681] [M]: 0x0000000080000A90 (0x00BF9F93) slli t6, t6, 0xb
x31 <- 0xFFFFFFFFB6000000

mem[X,0x0000000080000A94] -> 0x8F93
mem[X,0x0000000080000A96] -> 0x7FFF
[682] [M]: 0x0000000080000A94 (0x7FFF8F93) addi t6, t6, 0x7ff
x31 <- 0xFFFFFFFFB60007FF

mem[X,0x0000000080000A98] -> 0x9F93
mem[X,0x0000000080000A9A] -> 0x00BF
[683] [M]: 0x0000000080000A98 (0x00BF9F93) slli t6, t6, 0xb
x31 <- 0xFFFFFDB0003FF800

mem[X,0x0000000080000A9C] -> 0x8F93
mem[X,0x0000000080000A9E] -> 0x6BBF
[684] [M]: 0x0000000080000A9C (0x6BBF8F93) addi t6, t6, 0x6bb
x31 <- 0xFFFFFDB0003FFEBB

mem[X,0x0000000080000AA0] -> 0x9F93
mem[X,0x0000000080000AA2] -> 0x00AF
[685] [M]: 0x0000000080000AA0 (0x00AF9F93) slli t6, t6, 0xa
x31 <- 0xFFF6C000FFFAEC00

mem[X,0x0000000080000AA4] -> 0x8F93
mem[X,0x0000000080000AA6] -> 0x3FFF
[686] [M]: 0x0000000080000AA4 (0x3FFF8F93) addi t6, t6, 0x3ff
x31 <- 0xFFF6C000FFFAEFFF

mem[X,0x0000000080000AA8] -> 0x0A37
mem[X,0x0000000080000AAA] -> 0x0801
[687] [M]: 0x0000000080000AA8 (0x08010A37) lui s4, 0x8010
x20 <- 0x0000000008010000

mem[X,0x0000000080000AAC] -> 0x0A13
mem[X,0x0000000080000AAE] -> 0xFFAA
[688] [M]: 0x0000000080000AAC (0xFFAA0A13) addi s4, s4, -0x6
x20 <- 0x000000000800FFFA

mem[X,0x0000000080000AB0] -> 0x1A13
mem[X,0x0000000080000AB2] -> 0x00BA
[689] [M]: 0x0000000080000AB0 (0x00BA1A13) slli s4, s4, 0xb
x20 <- 0x0000004007FFD000

mem[X,0x0000000080000AB4] -> 0x0A13
mem[X,0x0000000080000AB6] -> 0x002A
[690] [M]: 0x0000000080000AB4 (0x002A0A13) addi s4, s4, 0x2
x20 <- 0x0000004007FFD002

mem[X,0x0000000080000AB8] -> 0x1A13
mem[X,0x0000000080000ABA] -> 0x00BA
[691] [M]: 0x0000000080000AB8 (0x00BA1A13) slli s4, s4, 0xb
x20 <- 0x0002003FFE801000

mem[X,0x0000000080000ABC] -> 0x0A13
mem[X,0x0000000080000ABE] -> 0x03FA
[692] [M]: 0x0000000080000ABC (0x03FA0A13) addi s4, s4, 0x3f
x20 <- 0x0002003FFE80103F

mem[X,0x0000000080000AC0] -> 0x1A13
mem[X,0x0000000080000AC2] -> 0x00AA
[693] [M]: 0x0000000080000AC0 (0x00AA1A13) slli s4, s4, 0xa
x20 <- 0x0800FFFA0040FC00

mem[X,0x0000000080000AC4] -> 0x0A13
mem[X,0x0000000080000AC6] -> 0x3FFA
[694] [M]: 0x0000000080000AC4 (0x3FFA0A13) addi s4, s4, 0x3ff
x20 <- 0x0800FFFA0040FFFF

mem[X,0x0000000080000AC8] -> 0x873B
mem[X,0x0000000080000ACA] -> 0xC94F
[695] [M]: 0x0000000080000AC8 (0xC94F873B) pdif.h a4, t6, s4
x14 <- 0x080A3FFA00461000

mem[X,0x0000000080000ACC] -> 0xB423
mem[X,0x0000000080000ACE] -> 0x00E0
[696] [M]: 0x0000000080000ACC (0x00E0B423) sd a4, 0x8(ra)
mem[0x0000000080004210] <- 0x080A3FFA00461000

mem[X,0x0000000080000AD0] -> 0x0F37
mem[X,0x0000000080000AD2] -> 0xC000
[697] [M]: 0x0000000080000AD0 (0xC0000F37) lui t5, -0x40000
x30 <- 0xFFFFFFFFC0000000

mem[X,0x0000000080000AD4] -> 0x0F13
mem[X,0x0000000080000AD6] -> 0xFF6F
[698] [M]: 0x0000000080000AD4 (0xFF6F0F13) addi t5, t5, -0xa
x30 <- 0xFFFFFFFFBFFFFFF6

mem[X,0x0000000080000AD8] -> 0x1F13
mem[X,0x0000000080000ADA] -> 0x00BF
[699] [M]: 0x0000000080000AD8 (0x00BF1F13) slli t5, t5, 0xb
x30 <- 0xFFFFFDFFFFFFB000

clint::tick mtime <- 0x0000000000000007
 clint timer pending at mtime 0x0000000000000007
htif::tick 0x0000000000000000
mem[X,0x0000000080000ADC] -> 0x0F13
mem[X,0x0000000080000ADE] -> 0x7FFF
[700] [M]: 0x0000000080000ADC (0x7FFF0F13) addi t5, t5, 0x7ff
x30 <- 0xFFFFFDFFFFFFB7FF

mem[X,0x0000000080000AE0] -> 0x1F13
mem[X,0x0000000080000AE2] -> 0x00BF
[701] [M]: 0x0000000080000AE0 (0x00BF1F13) slli t5, t5, 0xb
x30 <- 0xFFEFFFFFFDBFF800

mem[X,0x0000000080000AE4] -> 0x0F13
mem[X,0x0000000080000AE6] -> 0x7F7F
[702] [M]: 0x0000000080000AE4 (0x7F7F0F13) addi t5, t5, 0x7f7
x30 <- 0xFFEFFFFFFDBFFFF7

mem[X,0x0000000080000AE8] -> 0x1F13
mem[X,0x0000000080000AEA] -> 0x00AF
[703] [M]: 0x0000000080000AE8 (0x00AF1F13) slli t5, t5, 0xa
x30 <- 0xBFFFFFF6FFFFDC00

mem[X,0x0000000080000AEC] -> 0x0F13
mem[X,0x0000000080000AEE] -> 0x3FFF
[704] [M]: 0x0000000080000AEC (0x3FFF0F13) addi t5, t5, 0x3ff
x30 <- 0xBFFFFFF6FFFFDFFF

mem[X,0x0000000080000AF0] -> 0x0EB7
mem[X,0x0000000080000AF2] -> 0x0004
[705] [M]: 0x0000000080000AF0 (0x00040EB7) lui t4, 0x40
x29 <- 0x0000000000040000

mem[X,0x0000000080000AF4] -> 0x8E93
mem[X,0x0000000080000AF6] -> 0xFF9E
[706] [M]: 0x0000000080000AF4 (0xFF9E8E93) addi t4, t4, -0x7
x29 <- 0x000000000003FFF9

mem[X,0x0000000080000AF8] -> 0x9E93
mem[X,0x0000000080000AFA] -> 0x00BE
[707] [M]: 0x0000000080000AF8 (0x00BE9E93) slli t4, t4, 0xb
x29 <- 0x000000001FFFC800

mem[X,0x0000000080000AFC] -> 0x8E93
mem[X,0x0000000080000AFE] -> 0x004E
[708] [M]: 0x0000000080000AFC (0x004E8E93) addi t4, t4, 0x4
x29 <- 0x000000001FFFC804

mem[X,0x0000000080000B00] -> 0x9E93
mem[X,0x0000000080000B02] -> 0x00BE
[709] [M]: 0x0000000080000B00 (0x00BE9E93) slli t4, t4, 0xb
x29 <- 0x000000FFFE402000

mem[X,0x0000000080000B04] -> 0x8E93
mem[X,0x0000000080000B06] -> 0x03FE
[710] [M]: 0x0000000080000B04 (0x03FE8E93) addi t4, t4, 0x3f
x29 <- 0x000000FFFE40203F

mem[X,0x0000000080000B08] -> 0x9E93
mem[X,0x0000000080000B0A] -> 0x00AE
[711] [M]: 0x0000000080000B08 (0x00AE9E93) slli t4, t4, 0xa
x29 <- 0x0003FFF90080FC00

mem[X,0x0000000080000B0C] -> 0x8E93
mem[X,0x0000000080000B0E] -> 0x3FEE
[712] [M]: 0x0000000080000B0C (0x3FEE8E93) addi t4, t4, 0x3fe
x29 <- 0x0003FFF90080FFFE

mem[X,0x0000000080000B10] -> 0x0FBB
mem[X,0x0000000080000B12] -> 0xC9DF
[713] [M]: 0x0000000080000B10 (0xC9DF0FBB) pdif.h t6, t5, t4
x31 <- 0x4004000300811FFF

mem[X,0x0000000080000B14] -> 0xB823
mem[X,0x0000000080000B16] -> 0x01F0
[714] [M]: 0x0000000080000B14 (0x01F0B823) sd t6, 0x10(ra)
mem[0x0000000080004218] <- 0x4004000300811FFF

mem[X,0x0000000080000B18] -> 0xFF37
mem[X,0x0000000080000B1A] -> 0xFFFB
[715] [M]: 0x0000000080000B18 (0xFFFBFF37) lui t5, -0x41
x30 <- 0xFFFFFFFFFFFBF000

mem[X,0x0000000080000B1C] -> 0x0F13
mem[X,0x0000000080000B1E] -> 0x7FFF
[716] [M]: 0x0000000080000B1C (0x7FFF0F13) addi t5, t5, 0x7ff
x30 <- 0xFFFFFFFFFFFBF7FF

mem[X,0x0000000080000B20] -> 0x1F13
mem[X,0x0000000080000B22] -> 0x00BF
[717] [M]: 0x0000000080000B20 (0x00BF1F13) slli t5, t5, 0xb
x30 <- 0xFFFFFFFFDFBFF800

mem[X,0x0000000080000B24] -> 0x0F13
mem[X,0x0000000080000B26] -> 0x010F
[718] [M]: 0x0000000080000B24 (0x010F0F13) addi t5, t5, 0x10
x30 <- 0xFFFFFFFFDFBFF810

mem[X,0x0000000080000B28] -> 0x1F13
mem[X,0x0000000080000B2A] -> 0x00BF
[719] [M]: 0x0000000080000B28 (0x00BF1F13) slli t5, t5, 0xb
x30 <- 0xFFFFFEFDFFC08000

mem[X,0x0000000080000B2C] -> 0x0F13
mem[X,0x0000000080000B2E] -> 0x02FF
[720] [M]: 0x0000000080000B2C (0x02FF0F13) addi t5, t5, 0x2f
x30 <- 0xFFFFFEFDFFC0802F

mem[X,0x0000000080000B30] -> 0x1F13
mem[X,0x0000000080000B32] -> 0x00AF
[721] [M]: 0x0000000080000B30 (0x00AF1F13) slli t5, t5, 0xa
x30 <- 0xFFFBF7FF0200BC00

mem[X,0x0000000080000B34] -> 0x0F13
mem[X,0x0000000080000B36] -> 0x3FFF
[722] [M]: 0x0000000080000B34 (0x3FFF0F13) addi t5, t5, 0x3ff
x30 <- 0xFFFBF7FF0200BFFF

mem[X,0x0000000080000B38] -> 0x0EB7
mem[X,0x0000000080000B3A] -> 0xFBFF
[723] [M]: 0x0000000080000B38 (0xFBFF0EB7) lui t4, -0x4010
x29 <- 0xFFFFFFFFFBFF0000

mem[X,0x0000000080000B3C] -> 0x8E93
mem[X,0x0000000080000B3E] -> 0x001E
[724] [M]: 0x0000000080000B3C (0x001E8E93) addi t4, t4, 0x1
x29 <- 0xFFFFFFFFFBFF0001

mem[X,0x0000000080000B40] -> 0x9E93
mem[X,0x0000000080000B42] -> 0x00BE
[725] [M]: 0x0000000080000B40 (0x00BE9E93) slli t4, t4, 0xb
x29 <- 0xFFFFFFDFF8000800

mem[X,0x0000000080000B44] -> 0x8E93
mem[X,0x0000000080000B46] -> 0x010E
[726] [M]: 0x0000000080000B44 (0x010E8E93) addi t4, t4, 0x10
x29 <- 0xFFFFFFDFF8000810

mem[X,0x0000000080000B48] -> 0x9E93
mem[X,0x0000000080000B4A] -> 0x00BE
[727] [M]: 0x0000000080000B48 (0x00BE9E93) slli t4, t4, 0xb
x29 <- 0xFFFEFFC000408000

mem[X,0x0000000080000B4C] -> 0x8E93
mem[X,0x0000000080000B4E] -> 0x03FE
[728] [M]: 0x0000000080000B4C (0x03FE8E93) addi t4, t4, 0x3f
x29 <- 0xFFFEFFC00040803F

mem[X,0x0000000080000B50] -> 0x9E93
mem[X,0x0000000080000B52] -> 0x00AE
[729] [M]: 0x0000000080000B50 (0x00AE9E93) slli t4, t4, 0xa
x29 <- 0xFBFF00010200FC00

mem[X,0x0000000080000B54] -> 0x8E93
mem[X,0x0000000080000B56] -> 0x3FAE
[730] [M]: 0x0000000080000B54 (0x3FAE8E93) addi t4, t4, 0x3fa
x29 <- 0xFBFF00010200FFFA

mem[X,0x0000000080000B58] -> 0x0FBB
mem[X,0x0000000080000B5A] -> 0xC9DF
[731] [M]: 0x0000000080000B58 (0xC9DF0FBB) pdif.h t6, t5, t4
x31 <- 0x03FC080200003FFB

mem[X,0x0000000080000B5C] -> 0xBC23
mem[X,0x0000000080000B5E] -> 0x01F0
[732] [M]: 0x0000000080000B5C (0x01F0BC23) sd t6, 0x18(ra)
mem[0x0000000080004220] <- 0x03FC080200003FFB

mem[X,0x0000000080000B60] -> 0x0F37
mem[X,0x0000000080000B62] -> 0xFBFF
[733] [M]: 0x0000000080000B60 (0xFBFF0F37) lui t5, -0x4010
x30 <- 0xFFFFFFFFFBFF0000

mem[X,0x0000000080000B64] -> 0x0F13
mem[X,0x0000000080000B66] -> 0x008F
[734] [M]: 0x0000000080000B64 (0x008F0F13) addi t5, t5, 0x8
x30 <- 0xFFFFFFFFFBFF0008

mem[X,0x0000000080000B68] -> 0x1F13
mem[X,0x0000000080000B6A] -> 0x00BF
[735] [M]: 0x0000000080000B68 (0x00BF1F13) slli t5, t5, 0xb
x30 <- 0xFFFFFFDFF8004000

mem[X,0x0000000080000B6C] -> 0x0F13
mem[X,0x0000000080000B6E] -> 0x000F
[736] [M]: 0x0000000080000B6C (0x000F0F13) addi t5, t5, 0x0
x30 <- 0xFFFFFFDFF8004000

mem[X,0x0000000080000B70] -> 0x1F13
mem[X,0x0000000080000B72] -> 0x00BF
[737] [M]: 0x0000000080000B70 (0x00BF1F13) slli t5, t5, 0xb
x30 <- 0xFFFEFFC002000000

mem[X,0x0000000080000B74] -> 0x0F13
mem[X,0x0000000080000B76] -> 0x255F
[738] [M]: 0x0000000080000B74 (0x255F0F13) addi t5, t5, 0x255
x30 <- 0xFFFEFFC002000255

mem[X,0x0000000080000B78] -> 0x1F13
mem[X,0x0000000080000B7A] -> 0x00AF
[739] [M]: 0x0000000080000B78 (0x00AF1F13) slli t5, t5, 0xa
x30 <- 0xFBFF000800095400

mem[X,0x0000000080000B7C] -> 0x0F13
mem[X,0x0000000080000B7E] -> 0x155F
[740] [M]: 0x0000000080000B7C (0x155F0F13) addi t5, t5, 0x155
x30 <- 0xFBFF000800095555

mem[X,0x0000000080000B80] -> 0x0EB7
mem[X,0x0000000080000B82] -> 0x0002
[741] [M]: 0x0000000080000B80 (0x00020EB7) lui t4, 0x20
x29 <- 0x0000000000020000

mem[X,0x0000000080000B84] -> 0x8E93
mem[X,0x0000000080000B86] -> 0x009E
[742] [M]: 0x0000000080000B84 (0x009E8E93) addi t4, t4, 0x9
x29 <- 0x0000000000020009

mem[X,0x0000000080000B88] -> 0x9E93
mem[X,0x0000000080000B8A] -> 0x00BE
[743] [M]: 0x0000000080000B88 (0x00BE9E93) slli t4, t4, 0xb
x29 <- 0x0000000010004800

mem[X,0x0000000080000B8C] -> 0x8E93
mem[X,0x0000000080000B8E] -> 0x000E
[744] [M]: 0x0000000080000B8C (0x000E8E93) addi t4, t4, 0x0
x29 <- 0x0000000010004800

mem[X,0x0000000080000B90] -> 0x9E93
mem[X,0x0000000080000B92] -> 0x00BE
[745] [M]: 0x0000000080000B90 (0x00BE9E93) slli t4, t4, 0xb
x29 <- 0x0000008002400000

mem[X,0x0000000080000B94] -> 0x8E93
mem[X,0x0000000080000B96] -> 0x03FE
[746] [M]: 0x0000000080000B94 (0x03FE8E93) addi t4, t4, 0x3f
x29 <- 0x000000800240003F

mem[X,0x0000000080000B98] -> 0x9E93
mem[X,0x0000000080000B9A] -> 0x00AE
[747] [M]: 0x0000000080000B98 (0x00AE9E93) slli t4, t4, 0xa
x29 <- 0x000200090000FC00

mem[X,0x0000000080000B9C] -> 0x8E93
mem[X,0x0000000080000B9E] -> 0x3F9E
[748] [M]: 0x0000000080000B9C (0x3F9E8E93) addi t4, t4, 0x3f9
x29 <- 0x000200090000FFF9

mem[X,0x0000000080000BA0] -> 0x0FBB
mem[X,0x0000000080000BA2] -> 0xC9DF
[749] [M]: 0x0000000080000BA0 (0xC9DF0FBB) pdif.h t6, t5, t4
x31 <- 0x040300010009555C

mem[X,0x0000000080000BA4] -> 0xB023
mem[X,0x0000000080000BA6] -> 0x03F0
[750] [M]: 0x0000000080000BA4 (0x03F0B023) sd t6, 0x20(ra)
mem[0x0000000080004228] <- 0x040300010009555C

mem[X,0x0000000080000BA8] -> 0xFF37
mem[X,0x0000000080000BAA] -> 0x0020
[751] [M]: 0x0000000080000BA8 (0x0020FF37) lui t5, 0x20f
x30 <- 0x000000000020F000

mem[X,0x0000000080000BAC] -> 0x0F13
mem[X,0x0000000080000BAE] -> 0x7FFF
[752] [M]: 0x0000000080000BAC (0x7FFF0F13) addi t5, t5, 0x7ff
x30 <- 0x000000000020F7FF

mem[X,0x0000000080000BB0] -> 0x1F13
mem[X,0x0000000080000BB2] -> 0x00BF
[753] [M]: 0x0000000080000BB0 (0x00BF1F13) slli t5, t5, 0xb
x30 <- 0x0000000107BFF800

mem[X,0x0000000080000BB4] -> 0x0F13
mem[X,0x0000000080000BB6] -> 0x3FFF
[754] [M]: 0x0000000080000BB4 (0x3FFF0F13) addi t5, t5, 0x3ff
x30 <- 0x0000000107BFFBFF

mem[X,0x0000000080000BB8] -> 0x1F13
mem[X,0x0000000080000BBA] -> 0x00BF
[755] [M]: 0x0000000080000BB8 (0x00BF1F13) slli t5, t5, 0xb
x30 <- 0x0000083DFFDFF800

mem[X,0x0000000080000BBC] -> 0x0F13
mem[X,0x0000000080000BBE] -> 0x7EAF
[756] [M]: 0x0000000080000BBC (0x7EAF0F13) addi t5, t5, 0x7ea
x30 <- 0x0000083DFFDFFFEA

mem[X,0x0000000080000BC0] -> 0x1F13
mem[X,0x0000000080000BC2] -> 0x00AF
[757] [M]: 0x0000000080000BC0 (0x00AF1F13) slli t5, t5, 0xa
x30 <- 0x0020F7FF7FFFA800

mem[X,0x0000000080000BC4] -> 0x0F13
mem[X,0x0000000080000BC6] -> 0x2AAF
[758] [M]: 0x0000000080000BC4 (0x2AAF0F13) addi t5, t5, 0x2aa
x30 <- 0x0020F7FF7FFFAAAA

mem[X,0x0000000080000BC8] -> 0x0EB7
mem[X,0x0000000080000BCA] -> 0xE000
[759] [M]: 0x0000000080000BC8 (0xE0000EB7) lui t4, -0x20000
x29 <- 0xFFFFFFFFE0000000

mem[X,0x0000000080000BCC] -> 0x8E93
mem[X,0x0000000080000BCE] -> 0xBFFE
[760] [M]: 0x0000000080000BCC (0xBFFE8E93) addi t4, t4, -0x401
x29 <- 0xFFFFFFFFDFFFFBFF

mem[X,0x0000000080000BD0] -> 0x9E93
mem[X,0x0000000080000BD2] -> 0x00BE
[761] [M]: 0x0000000080000BD0 (0x00BE9E93) slli t4, t4, 0xb
x29 <- 0xFFFFFEFFFFDFF800

mem[X,0x0000000080000BD4] -> 0x8E93
mem[X,0x0000000080000BD6] -> 0x000E
[762] [M]: 0x0000000080000BD4 (0x000E8E93) addi t4, t4, 0x0
x29 <- 0xFFFFFEFFFFDFF800

mem[X,0x0000000080000BD8] -> 0x9E93
mem[X,0x0000000080000BDA] -> 0x00BE
[763] [M]: 0x0000000080000BD8 (0x00BE9E93) slli t4, t4, 0xb
x29 <- 0xFFF7FFFEFFC00000

mem[X,0x0000000080000BDC] -> 0x8E93
mem[X,0x0000000080000BDE] -> 0x208E
[764] [M]: 0x0000000080000BDC (0x208E8E93) addi t4, t4, 0x208
x29 <- 0xFFF7FFFEFFC00208

mem[X,0x0000000080000BE0] -> 0x9E93
mem[X,0x0000000080000BE2] -> 0x00AE
[765] [M]: 0x0000000080000BE0 (0x00AE9E93) slli t4, t4, 0xa
x29 <- 0xDFFFFBFF00082000

mem[X,0x0000000080000BE4] -> 0x0FBB
mem[X,0x0000000080000BE6] -> 0xC9DF
[766] [M]: 0x0000000080000BE4 (0xC9DF0FBB) pdif.h t6, t5, t4
x31 <- 0x202104007FF77556

mem[X,0x0000000080000BE8] -> 0xB423
mem[X,0x0000000080000BEA] -> 0x03F0
[767] [M]: 0x0000000080000BE8 (0x03F0B423) sd t6, 0x28(ra)
mem[0x0000000080004230] <- 0x202104007FF77556

mem[X,0x0000000080000BEC] -> 0x0F37
mem[X,0x0000000080000BEE] -> 0xFFF7
[768] [M]: 0x0000000080000BEC (0xFFF70F37) lui t5, -0x90
x30 <- 0xFFFFFFFFFFF70000

mem[X,0x0000000080000BF0] -> 0x0F13
mem[X,0x0000000080000BF2] -> 0xFEFF
[769] [M]: 0x0000000080000BF0 (0xFEFF0F13) addi t5, t5, -0x11
x30 <- 0xFFFFFFFFFFF6FFEF

mem[X,0x0000000080000BF4] -> 0x1F13
mem[X,0x0000000080000BF6] -> 0x00BF
[770] [M]: 0x0000000080000BF4 (0x00BF1F13) slli t5, t5, 0xb
x30 <- 0xFFFFFFFFB7FF7800

mem[X,0x0000000080000BF8] -> 0x0F13
mem[X,0x0000000080000BFA] -> 0x400F
[771] [M]: 0x0000000080000BF8 (0x400F0F13) addi t5, t5, 0x400
x30 <- 0xFFFFFFFFB7FF7C00

mem[X,0x0000000080000BFC] -> 0x1F13
mem[X,0x0000000080000BFE] -> 0x00BF
[772] [M]: 0x0000000080000BFC (0x00BF1F13) slli t5, t5, 0xb
x30 <- 0xFFFFFDBFFBE00000

mem[X,0x0000000080000C00] -> 0x0F13
mem[X,0x0000000080000C02] -> 0x000F
[773] [M]: 0x0000000080000C00 (0x000F0F13) addi t5, t5, 0x0
x30 <- 0xFFFFFDBFFBE00000

mem[X,0x0000000080000C04] -> 0x1F13
mem[X,0x0000000080000C06] -> 0x00AF
[774] [M]: 0x0000000080000C04 (0x00AF1F13) slli t5, t5, 0xa
x30 <- 0xFFF6FFEF80000000

mem[X,0x0000000080000C08] -> 0x0F13
mem[X,0x0000000080000C0A] -> 0x100F
[775] [M]: 0x0000000080000C08 (0x100F0F13) addi t5, t5, 0x100
x30 <- 0xFFF6FFEF80000100

mem[X,0x0000000080000C0C] -> 0x0EB7
mem[X,0x0000000080000C0E] -> 0xDFFF
[776] [M]: 0x0000000080000C0C (0xDFFF0EB7) lui t4, -0x20010
x29 <- 0xFFFFFFFFDFFF0000

mem[X,0x0000000080000C10] -> 0x8E93
mem[X,0x0000000080000C12] -> 0x000E
[777] [M]: 0x0000000080000C10 (0x000E8E93) addi t4, t4, 0x0
x29 <- 0xFFFFFFFFDFFF0000

mem[X,0x0000000080000C14] -> 0x9E93
mem[X,0x0000000080000C16] -> 0x00BE
[778] [M]: 0x0000000080000C14 (0x00BE9E93) slli t4, t4, 0xb
x29 <- 0xFFFFFEFFF8000000

mem[X,0x0000000080000C18] -> 0x8E93
mem[X,0x0000000080000C1A] -> 0x000E
[779] [M]: 0x0000000080000C18 (0x000E8E93) addi t4, t4, 0x0
x29 <- 0xFFFFFEFFF8000000

mem[X,0x0000000080000C1C] -> 0x9E93
mem[X,0x0000000080000C1E] -> 0x00BE
[780] [M]: 0x0000000080000C1C (0x00BE9E93) slli t4, t4, 0xb
x29 <- 0xFFF7FFC000000000

mem[X,0x0000000080000C20] -> 0x8E93
mem[X,0x0000000080000C22] -> 0x24FE
[781] [M]: 0x0000000080000C20 (0x24FE8E93) addi t4, t4, 0x24f
x29 <- 0xFFF7FFC00000024F

mem[X,0x0000000080000C24] -> 0x9E93
mem[X,0x0000000080000C26] -> 0x00AE
[782] [M]: 0x0000000080000C24 (0x00AE9E93) slli t4, t4, 0xa
x29 <- 0xDFFF000000093C00

mem[X,0x0000000080000C28] -> 0x8E93
mem[X,0x0000000080000C2A] -> 0x3FFE
[783] [M]: 0x0000000080000C28 (0x3FFE8E93) addi t4, t4, 0x3ff
x29 <- 0xDFFF000000093FFF

mem[X,0x0000000080000C2C] -> 0x0FBB
mem[X,0x0000000080000C2E] -> 0xC9DF
[784] [M]: 0x0000000080000C2C (0xC9DF0FBB) pdif.h t6, t5, t4
x31 <- 0x1FF700117FF73EFF

mem[X,0x0000000080000C30] -> 0xB823
mem[X,0x0000000080000C32] -> 0x03F0
[785] [M]: 0x0000000080000C30 (0x03F0B823) sd t6, 0x30(ra)
mem[0x0000000080004238] <- 0x1FF700117FF73EFF

mem[X,0x0000000080000C34] -> 0x5F37
mem[X,0x0000000080000C36] -> 0x0010
[786] [M]: 0x0000000080000C34 (0x00105F37) lui t5, 0x105
x30 <- 0x0000000000105000

mem[X,0x0000000080000C38] -> 0x0F13
mem[X,0x0000000080000C3A] -> 0x555F
[787] [M]: 0x0000000080000C38 (0x555F0F13) addi t5, t5, 0x555
x30 <- 0x0000000000105555

mem[X,0x0000000080000C3C] -> 0x1F13
mem[X,0x0000000080000C3E] -> 0x00BF
[788] [M]: 0x0000000080000C3C (0x00BF1F13) slli t5, t5, 0xb
x30 <- 0x0000000082AAA800

mem[X,0x0000000080000C40] -> 0x0F13
mem[X,0x0000000080000C42] -> 0x555F
[789] [M]: 0x0000000080000C40 (0x555F0F13) addi t5, t5, 0x555
x30 <- 0x0000000082AAAD55

mem[X,0x0000000080000C44] -> 0x1F13
mem[X,0x0000000080000C46] -> 0x00BF
[790] [M]: 0x0000000080000C44 (0x00BF1F13) slli t5, t5, 0xb
x30 <- 0x00000415556AA800

mem[X,0x0000000080000C48] -> 0x0F13
mem[X,0x0000000080000C4A] -> 0x280F
[791] [M]: 0x0000000080000C48 (0x280F0F13) addi t5, t5, 0x280
x30 <- 0x00000415556AAA80

mem[X,0x0000000080000C4C] -> 0x1F13
mem[X,0x0000000080000C4E] -> 0x00AF
[792] [M]: 0x0000000080000C4C (0x00AF1F13) slli t5, t5, 0xa
x30 <- 0x00105555AAAA0000

mem[X,0x0000000080000C50] -> 0x0F13
mem[X,0x0000000080000C52] -> 0x005F
[793] [M]: 0x0000000080000C50 (0x005F0F13) addi t5, t5, 0x5
x30 <- 0x00105555AAAA0005

mem[X,0x0000000080000C54] -> 0x0EB7
mem[X,0x0000000080000C56] -> 0x0005
[794] [M]: 0x0000000080000C54 (0x00050EB7) lui t4, 0x50
x29 <- 0x0000000000050000

mem[X,0x0000000080000C58] -> 0x8E93
mem[X,0x0000000080000C5A] -> 0xFFBE
[795] [M]: 0x0000000080000C58 (0xFFBE8E93) addi t4, t4, -0x5
x29 <- 0x000000000004FFFB

mem[X,0x0000000080000C5C] -> 0x9E93
mem[X,0x0000000080000C5E] -> 0x00BE
[796] [M]: 0x0000000080000C5C (0x00BE9E93) slli t4, t4, 0xb
x29 <- 0x0000000027FFD800

mem[X,0x0000000080000C60] -> 0x8E93
mem[X,0x0000000080000C62] -> 0x000E
[797] [M]: 0x0000000080000C60 (0x000E8E93) addi t4, t4, 0x0
x29 <- 0x0000000027FFD800

mem[X,0x0000000080000C64] -> 0x9E93
mem[X,0x0000000080000C66] -> 0x00BE
[798] [M]: 0x0000000080000C64 (0x00BE9E93) slli t4, t4, 0xb
x29 <- 0x0000013FFEC00000

mem[X,0x0000000080000C68] -> 0x8E93
mem[X,0x0000000080000C6A] -> 0x01FE
[799] [M]: 0x0000000080000C68 (0x01FE8E93) addi t4, t4, 0x1f
x29 <- 0x0000013FFEC0001F

clint::tick mtime <- 0x0000000000000008
 clint timer pending at mtime 0x0000000000000008
htif::tick 0x0000000000000000
mem[X,0x0000000080000C6C] -> 0x9E93
mem[X,0x0000000080000C6E] -> 0x00AE
[800] [M]: 0x0000000080000C6C (0x00AE9E93) slli t4, t4, 0xa
x29 <- 0x0004FFFB00007C00

mem[X,0x0000000080000C70] -> 0x8E93
mem[X,0x0000000080000C72] -> 0x3FFE
[801] [M]: 0x0000000080000C70 (0x3FFE8E93) addi t4, t4, 0x3ff
x29 <- 0x0004FFFB00007FFF

mem[X,0x0000000080000C74] -> 0x0FBB
mem[X,0x0000000080000C76] -> 0xC9DF
[802] [M]: 0x0000000080000C74 (0xC9DF0FBB) pdif.h t6, t5, t4
x31 <- 0x000C555A55567FFA

mem[X,0x0000000080000C78] -> 0xBC23
mem[X,0x0000000080000C7A] -> 0x03F0
[803] [M]: 0x0000000080000C78 (0x03F0BC23) sd t6, 0x38(ra)
mem[0x0000000080004240] <- 0x000C555A55567FFA

mem[X,0x0000000080000C7C] -> 0xBF37
mem[X,0x0000000080000C7E] -> 0xFFF8
[804] [M]: 0x0000000080000C7C (0xFFF8BF37) lui t5, -0x75
x30 <- 0xFFFFFFFFFFF8B000

mem[X,0x0000000080000C80] -> 0x0F13
mem[X,0x0000000080000C82] -> 0xAAAF
[805] [M]: 0x0000000080000C80 (0xAAAF0F13) addi t5, t5, -0x556
x30 <- 0xFFFFFFFFFFF8AAAA

mem[X,0x0000000080000C84] -> 0x1F13
mem[X,0x0000000080000C86] -> 0x00BF
[806] [M]: 0x0000000080000C84 (0x00BF1F13) slli t5, t5, 0xb
x30 <- 0xFFFFFFFFC5555000

mem[X,0x0000000080000C88] -> 0x0F13
mem[X,0x0000000080000C8A] -> 0x7FFF
[807] [M]: 0x0000000080000C88 (0x7FFF0F13) addi t5, t5, 0x7ff
x30 <- 0xFFFFFFFFC55557FF

mem[X,0x0000000080000C8C] -> 0x1F13
mem[X,0x0000000080000C8E] -> 0x00BF
[808] [M]: 0x0000000080000C8C (0x00BF1F13) slli t5, t5, 0xb
x30 <- 0xFFFFFE2AAABFF800

mem[X,0x0000000080000C90] -> 0x0F13
mem[X,0x0000000080000C92] -> 0x7BFF
[809] [M]: 0x0000000080000C90 (0x7BFF0F13) addi t5, t5, 0x7bf
x30 <- 0xFFFFFE2AAABFFFBF

mem[X,0x0000000080000C94] -> 0x1F13
mem[X,0x0000000080000C96] -> 0x00AF
[810] [M]: 0x0000000080000C94 (0x00AF1F13) slli t5, t5, 0xa
x30 <- 0xFFF8AAAAFFFEFC00

mem[X,0x0000000080000C98] -> 0x0F13
mem[X,0x0000000080000C9A] -> 0x3F8F
[811] [M]: 0x0000000080000C98 (0x3F8F0F13) addi t5, t5, 0x3f8
x30 <- 0xFFF8AAAAFFFEFFF8

mem[X,0x0000000080000C9C] -> 0x0EB7
mem[X,0x0000000080000C9E] -> 0x0010
[812] [M]: 0x0000000080000C9C (0x00100EB7) lui t4, 0x100
x29 <- 0x0000000000100000

mem[X,0x0000000080000CA0] -> 0x8E93
mem[X,0x0000000080000CA2] -> 0x008E
[813] [M]: 0x0000000080000CA0 (0x008E8E93) addi t4, t4, 0x8
x29 <- 0x0000000000100008

mem[X,0x0000000080000CA4] -> 0x9E93
mem[X,0x0000000080000CA6] -> 0x00BE
[814] [M]: 0x0000000080000CA4 (0x00BE9E93) slli t4, t4, 0xb
x29 <- 0x0000000080004000

mem[X,0x0000000080000CA8] -> 0x8E93
mem[X,0x0000000080000CAA] -> 0x200E
[815] [M]: 0x0000000080000CA8 (0x200E8E93) addi t4, t4, 0x200
x29 <- 0x0000000080004200

mem[X,0x0000000080000CAC] -> 0x9E93
mem[X,0x0000000080000CAE] -> 0x00BE
[816] [M]: 0x0000000080000CAC (0x00BE9E93) slli t4, t4, 0xb
x29 <- 0x0000040002100000

mem[X,0x0000000080000CB0] -> 0x8E93
mem[X,0x0000000080000CB2] -> 0x03FE
[817] [M]: 0x0000000080000CB0 (0x03FE8E93) addi t4, t4, 0x3f
x29 <- 0x000004000210003F

mem[X,0x0000000080000CB4] -> 0x9E93
mem[X,0x0000000080000CB6] -> 0x00AE
[818] [M]: 0x0000000080000CB4 (0x00AE9E93) slli t4, t4, 0xa
x29 <- 0x001000084000FC00

mem[X,0x0000000080000CB8] -> 0x8E93
mem[X,0x0000000080000CBA] -> 0x3F6E
[819] [M]: 0x0000000080000CB8 (0x3F6E8E93) addi t4, t4, 0x3f6
x29 <- 0x001000084000FFF6

mem[X,0x0000000080000CBC] -> 0x0FBB
mem[X,0x0000000080000CBE] -> 0xC9DF
[820] [M]: 0x0000000080000CBC (0xC9DF0FBB) pdif.h t6, t5, t4
x31 <- 0x0018555E40020002

mem[X,0x0000000080000CC0] -> 0xB023
mem[X,0x0000000080000CC2] -> 0x05F0
[821] [M]: 0x0000000080000CC0 (0x05F0B023) sd t6, 0x40(ra)
mem[0x0000000080004248] <- 0x0018555E40020002

mem[X,0x0000000080000CC4] -> 0xBF37
mem[X,0x0000000080000CC6] -> 0x0040
[822] [M]: 0x0000000080000CC4 (0x0040BF37) lui t5, 0x40b
x30 <- 0x000000000040B000

mem[X,0x0000000080000CC8] -> 0x0F13
mem[X,0x0000000080000CCA] -> 0xAAAF
[823] [M]: 0x0000000080000CC8 (0xAAAF0F13) addi t5, t5, -0x556
x30 <- 0x000000000040AAAA

mem[X,0x0000000080000CCC] -> 0x1F13
mem[X,0x0000000080000CCE] -> 0x00BF
[824] [M]: 0x0000000080000CCC (0x00BF1F13) slli t5, t5, 0xb
x30 <- 0x0000000205555000

mem[X,0x0000000080000CD0] -> 0x0F13
mem[X,0x0000000080000CD2] -> 0x6FFF
[825] [M]: 0x0000000080000CD0 (0x6FFF0F13) addi t5, t5, 0x6ff
x30 <- 0x00000002055556FF

mem[X,0x0000000080000CD4] -> 0x1F13
mem[X,0x0000000080000CD6] -> 0x00BF
[826] [M]: 0x0000000080000CD4 (0x00BF1F13) slli t5, t5, 0xb
x30 <- 0x0000102AAAB7F800

mem[X,0x0000000080000CD8] -> 0x0F13
mem[X,0x0000000080000CDA] -> 0x7EFF
[827] [M]: 0x0000000080000CD8 (0x7EFF0F13) addi t5, t5, 0x7ef
x30 <- 0x0000102AAAB7FFEF

mem[X,0x0000000080000CDC] -> 0x1F13
mem[X,0x0000000080000CDE] -> 0x00AF
[828] [M]: 0x0000000080000CDC (0x00AF1F13) slli t5, t5, 0xa
x30 <- 0x0040AAAADFFFBC00

mem[X,0x0000000080000CE0] -> 0x0F13
mem[X,0x0000000080000CE2] -> 0x3FFF
[829] [M]: 0x0000000080000CE0 (0x3FFF0F13) addi t5, t5, 0x3ff
x30 <- 0x0040AAAADFFFBFFF

mem[X,0x0000000080000CE4] -> 0x0EB7
mem[X,0x0000000080000CE6] -> 0x0021
[830] [M]: 0x0000000080000CE4 (0x00210EB7) lui t4, 0x210
x29 <- 0x0000000000210000

mem[X,0x0000000080000CE8] -> 0x8E93
mem[X,0x0000000080000CEA] -> 0xFF8E
[831] [M]: 0x0000000080000CE8 (0xFF8E8E93) addi t4, t4, -0x8
x29 <- 0x000000000020FFF8

mem[X,0x0000000080000CEC] -> 0x9E93
mem[X,0x0000000080000CEE] -> 0x00BE
[832] [M]: 0x0000000080000CEC (0x00BE9E93) slli t4, t4, 0xb
x29 <- 0x0000000107FFC000

mem[X,0x0000000080000CF0] -> 0x8E93
mem[X,0x0000000080000CF2] -> 0x7FFE
[833] [M]: 0x0000000080000CF0 (0x7FFE8E93) addi t4, t4, 0x7ff
x29 <- 0x0000000107FFC7FF

mem[X,0x0000000080000CF4] -> 0x9E93
mem[X,0x0000000080000CF6] -> 0x00BE
[834] [M]: 0x0000000080000CF4 (0x00BE9E93) slli t4, t4, 0xb
x29 <- 0x0000083FFE3FF800

mem[X,0x0000000080000CF8] -> 0x8E93
mem[X,0x0000000080000CFA] -> 0x700E
[835] [M]: 0x0000000080000CF8 (0x700E8E93) addi t4, t4, 0x700
x29 <- 0x0000083FFE3FFF00

mem[X,0x0000000080000CFC] -> 0x9E93
mem[X,0x0000000080000CFE] -> 0x00AE
[836] [M]: 0x0000000080000CFC (0x00AE9E93) slli t4, t4, 0xa
x29 <- 0x0020FFF8FFFC0000

mem[X,0x0000000080000D00] -> 0x8E93
mem[X,0x0000000080000D02] -> 0x100E
[837] [M]: 0x0000000080000D00 (0x100E8E93) addi t4, t4, 0x100
x29 <- 0x0020FFF8FFFC0100

mem[X,0x0000000080000D04] -> 0x0FBB
mem[X,0x0000000080000D06] -> 0xC9DF
[838] [M]: 0x0000000080000D04 (0xC9DF0FBB) pdif.h t6, t5, t4
x31 <- 0x0020554E1FFD4101

mem[X,0x0000000080000D08] -> 0xB423
mem[X,0x0000000080000D0A] -> 0x05F0
[839] [M]: 0x0000000080000D08 (0x05F0B423) sd t6, 0x48(ra)
mem[0x0000000080004250] <- 0x0020554E1FFD4101

mem[X,0x0000000080000D0C] -> 0x8F37
mem[X,0x0000000080000D0E] -> 0xFFFE
[840] [M]: 0x0000000080000D0C (0xFFFE8F37) lui t5, -0x18
x30 <- 0xFFFFFFFFFFFE8000

mem[X,0x0000000080000D10] -> 0x0F13
mem[X,0x0000000080000D12] -> 0xFFFF
[841] [M]: 0x0000000080000D10 (0xFFFF0F13) addi t5, t5, -0x1
x30 <- 0xFFFFFFFFFFFE7FFF

mem[X,0x0000000080000D14] -> 0x1F13
mem[X,0x0000000080000D16] -> 0x00BF
[842] [M]: 0x0000000080000D14 (0x00BF1F13) slli t5, t5, 0xb
x30 <- 0xFFFFFFFFF3FFF800

mem[X,0x0000000080000D18] -> 0x0F13
mem[X,0x0000000080000D1A] -> 0x020F
[843] [M]: 0x0000000080000D18 (0x020F0F13) addi t5, t5, 0x20
x30 <- 0xFFFFFFFFF3FFF820

mem[X,0x0000000080000D1C] -> 0x1F13
mem[X,0x0000000080000D1E] -> 0x00BF
[844] [M]: 0x0000000080000D1C (0x00BF1F13) slli t5, t5, 0xb
x30 <- 0xFFFFFF9FFFC10000

mem[X,0x0000000080000D20] -> 0x0F13
mem[X,0x0000000080000D22] -> 0x03FF
[845] [M]: 0x0000000080000D20 (0x03FF0F13) addi t5, t5, 0x3f
x30 <- 0xFFFFFF9FFFC1003F

mem[X,0x0000000080000D24] -> 0x1F13
mem[X,0x0000000080000D26] -> 0x00AF
[846] [M]: 0x0000000080000D24 (0x00AF1F13) slli t5, t5, 0xa
x30 <- 0xFFFE7FFF0400FC00

mem[X,0x0000000080000D28] -> 0x0F13
mem[X,0x0000000080000D2A] -> 0x37FF
[847] [M]: 0x0000000080000D28 (0x37FF0F13) addi t5, t5, 0x37f
x30 <- 0xFFFE7FFF0400FF7F

mem[X,0x0000000080000D2C] -> 0x0EB7
mem[X,0x0000000080000D2E] -> 0x0040
[848] [M]: 0x0000000080000D2C (0x00400EB7) lui t4, 0x400
x29 <- 0x0000000000400000

mem[X,0x0000000080000D30] -> 0x8E93
mem[X,0x0000000080000D32] -> 0x100E
[849] [M]: 0x0000000080000D30 (0x100E8E93) addi t4, t4, 0x100
x29 <- 0x0000000000400100

mem[X,0x0000000080000D34] -> 0x9E93
mem[X,0x0000000080000D36] -> 0x00BE
[850] [M]: 0x0000000080000D34 (0x00BE9E93) slli t4, t4, 0xb
x29 <- 0x0000000200080000

mem[X,0x0000000080000D38] -> 0x8E93
mem[X,0x0000000080000D3A] -> 0x7FFE
[851] [M]: 0x0000000080000D38 (0x7FFE8E93) addi t4, t4, 0x7ff
x29 <- 0x00000002000807FF

mem[X,0x0000000080000D3C] -> 0x9E93
mem[X,0x0000000080000D3E] -> 0x00BE
[852] [M]: 0x0000000080000D3C (0x00BE9E93) slli t4, t4, 0xb
x29 <- 0x00001000403FF800

mem[X,0x0000000080000D40] -> 0x8E93
mem[X,0x0000000080000D42] -> 0x700E
[853] [M]: 0x0000000080000D40 (0x700E8E93) addi t4, t4, 0x700
x29 <- 0x00001000403FFF00

mem[X,0x0000000080000D44] -> 0x9E93
mem[X,0x0000000080000D46] -> 0x00AE
[854] [M]: 0x0000000080000D44 (0x00AE9E93) slli t4, t4, 0xa
x29 <- 0x00400100FFFC0000

mem[X,0x0000000080000D48] -> 0x8E93
mem[X,0x0000000080000D4A] -> 0x100E
[855] [M]: 0x0000000080000D48 (0x100E8E93) addi t4, t4, 0x100
x29 <- 0x00400100FFFC0100

mem[X,0x0000000080000D4C] -> 0x0FBB
mem[X,0x0000000080000D4E] -> 0xC9DF
[856] [M]: 0x0000000080000D4C (0xC9DF0FBB) pdif.h t6, t5, t4
x31 <- 0x00427EFF04040181

mem[X,0x0000000080000D50] -> 0xB823
mem[X,0x0000000080000D52] -> 0x05F0
[857] [M]: 0x0000000080000D50 (0x05F0B823) sd t6, 0x50(ra)
mem[0x0000000080004258] <- 0x00427EFF04040181

mem[X,0x0000000080000D54] -> 0x0F37
mem[X,0x0000000080000D56] -> 0x2000
[858] [M]: 0x0000000080000D54 (0x20000F37) lui t5, 0x20000
x30 <- 0x0000000020000000

mem[X,0x0000000080000D58] -> 0x0F13
mem[X,0x0000000080000D5A] -> 0x001F
[859] [M]: 0x0000000080000D58 (0x001F0F13) addi t5, t5, 0x1
x30 <- 0x0000000020000001

mem[X,0x0000000080000D5C] -> 0x1F13
mem[X,0x0000000080000D5E] -> 0x00BF
[860] [M]: 0x0000000080000D5C (0x00BF1F13) slli t5, t5, 0xb
x30 <- 0x0000010000000800

mem[X,0x0000000080000D60] -> 0x0F13
mem[X,0x0000000080000D62] -> 0x008F
[861] [M]: 0x0000000080000D60 (0x008F0F13) addi t5, t5, 0x8
x30 <- 0x0000010000000808

mem[X,0x0000000080000D64] -> 0x1F13
mem[X,0x0000000080000D66] -> 0x00BF
[862] [M]: 0x0000000080000D64 (0x00BF1F13) slli t5, t5, 0xb
x30 <- 0x0008000000404000

mem[X,0x0000000080000D68] -> 0x0F13
mem[X,0x0000000080000D6A] -> 0x000F
[863] [M]: 0x0000000080000D68 (0x000F0F13) addi t5, t5, 0x0
x30 <- 0x0008000000404000

mem[X,0x0000000080000D6C] -> 0x1F13
mem[X,0x0000000080000D6E] -> 0x00AF
[864] [M]: 0x0000000080000D6C (0x00AF1F13) slli t5, t5, 0xa
x30 <- 0x2000000101000000

mem[X,0x0000000080000D70] -> 0x0F13
mem[X,0x0000000080000D72] -> 0x003F
[865] [M]: 0x0000000080000D70 (0x003F0F13) addi t5, t5, 0x3
x30 <- 0x2000000101000003

mem[X,0x0000000080000D74] -> 0x0EB7
mem[X,0x0000000080000D76] -> 0x0080
[866] [M]: 0x0000000080000D74 (0x00800EB7) lui t4, 0x800
x29 <- 0x0000000000800000

mem[X,0x0000000080000D78] -> 0x8E93
mem[X,0x0000000080000D7A] -> 0x010E
[867] [M]: 0x0000000080000D78 (0x010E8E93) addi t4, t4, 0x10
x29 <- 0x0000000000800010

mem[X,0x0000000080000D7C] -> 0x9E93
mem[X,0x0000000080000D7E] -> 0x00BE
[868] [M]: 0x0000000080000D7C (0x00BE9E93) slli t4, t4, 0xb
x29 <- 0x0000000400008000

mem[X,0x0000000080000D80] -> 0x8E93
mem[X,0x0000000080000D82] -> 0x7FFE
[869] [M]: 0x0000000080000D80 (0x7FFE8E93) addi t4, t4, 0x7ff
x29 <- 0x00000004000087FF

mem[X,0x0000000080000D84] -> 0x9E93
mem[X,0x0000000080000D86] -> 0x00BE
[870] [M]: 0x0000000080000D84 (0x00BE9E93) slli t4, t4, 0xb
x29 <- 0x00002000043FF800

mem[X,0x0000000080000D88] -> 0x8E93
mem[X,0x0000000080000D8A] -> 0x6B7E
[871] [M]: 0x0000000080000D88 (0x6B7E8E93) addi t4, t4, 0x6b7
x29 <- 0x00002000043FFEB7

mem[X,0x0000000080000D8C] -> 0x9E93
mem[X,0x0000000080000D8E] -> 0x00AE
[872] [M]: 0x0000000080000D8C (0x00AE9E93) slli t4, t4, 0xa
x29 <- 0x00800010FFFADC00

mem[X,0x0000000080000D90] -> 0x8E93
mem[X,0x0000000080000D92] -> 0x3FFE
[873] [M]: 0x0000000080000D90 (0x3FFE8E93) addi t4, t4, 0x3ff
x29 <- 0x00800010FFFADFFF

mem[X,0x0000000080000D94] -> 0x0FBB
mem[X,0x0000000080000D96] -> 0xC9DF
[874] [M]: 0x0000000080000D94 (0xC9DF0FBB) pdif.h t6, t5, t4
x31 <- 0x1F80000F01062004

mem[X,0x0000000080000D98] -> 0xBC23
mem[X,0x0000000080000D9A] -> 0x05F0
[875] [M]: 0x0000000080000D98 (0x05F0BC23) sd t6, 0x58(ra)
mem[0x0000000080004260] <- 0x1F80000F01062004

mem[X,0x0000000080000D9C] -> 0x0F37
mem[X,0x0000000080000D9E] -> 0x8001
[876] [M]: 0x0000000080000D9C (0x80010F37) lui t5, -0x7fff0
x30 <- 0xFFFFFFFF80010000

mem[X,0x0000000080000DA0] -> 0x0F13
mem[X,0x0000000080000DA2] -> 0xFF8F
[877] [M]: 0x0000000080000DA0 (0xFF8F0F13) addi t5, t5, -0x8
x30 <- 0xFFFFFFFF8000FFF8

mem[X,0x0000000080000DA4] -> 0x1F13
mem[X,0x0000000080000DA6] -> 0x00BF
[878] [M]: 0x0000000080000DA4 (0x00BF1F13) slli t5, t5, 0xb
x30 <- 0xFFFFFC0007FFC000

mem[X,0x0000000080000DA8] -> 0x0F13
mem[X,0x0000000080000DAA] -> 0x7FBF
[879] [M]: 0x0000000080000DA8 (0x7FBF0F13) addi t5, t5, 0x7fb
x30 <- 0xFFFFFC0007FFC7FB

mem[X,0x0000000080000DAC] -> 0x1F13
mem[X,0x0000000080000DAE] -> 0x00BF
[880] [M]: 0x0000000080000DAC (0x00BF1F13) slli t5, t5, 0xb
x30 <- 0xFFE0003FFE3FD800

mem[X,0x0000000080000DB0] -> 0x0F13
mem[X,0x0000000080000DB2] -> 0x7FFF
[881] [M]: 0x0000000080000DB0 (0x7FFF0F13) addi t5, t5, 0x7ff
x30 <- 0xFFE0003FFE3FDFFF

mem[X,0x0000000080000DB4] -> 0x1F13
mem[X,0x0000000080000DB6] -> 0x00AF
[882] [M]: 0x0000000080000DB4 (0x00AF1F13) slli t5, t5, 0xa
x30 <- 0x8000FFF8FF7FFC00

mem[X,0x0000000080000DB8] -> 0x0F13
mem[X,0x0000000080000DBA] -> 0x3F8F
[883] [M]: 0x0000000080000DB8 (0x3F8F0F13) addi t5, t5, 0x3f8
x30 <- 0x8000FFF8FF7FFFF8

mem[X,0x0000000080000DBC] -> 0x0EB7
mem[X,0x0000000080000DBE] -> 0x1000
[884] [M]: 0x0000000080000DBC (0x10000EB7) lui t4, 0x10000
x29 <- 0x0000000010000000

mem[X,0x0000000080000DC0] -> 0x8E93
mem[X,0x0000000080000DC2] -> 0x080E
[885] [M]: 0x0000000080000DC0 (0x080E8E93) addi t4, t4, 0x80
x29 <- 0x0000000010000080

mem[X,0x0000000080000DC4] -> 0x9E93
mem[X,0x0000000080000DC6] -> 0x00BE
[886] [M]: 0x0000000080000DC4 (0x00BE9E93) slli t4, t4, 0xb
x29 <- 0x0000008000040000

mem[X,0x0000000080000DC8] -> 0x8E93
mem[X,0x0000000080000DCA] -> 0x7FFE
[887] [M]: 0x0000000080000DC8 (0x7FFE8E93) addi t4, t4, 0x7ff
x29 <- 0x00000080000407FF

mem[X,0x0000000080000DCC] -> 0x9E93
mem[X,0x0000000080000DCE] -> 0x00BE
[888] [M]: 0x0000000080000DCC (0x00BE9E93) slli t4, t4, 0xb
x29 <- 0x00040000203FF800

mem[X,0x0000000080000DD0] -> 0x8E93
mem[X,0x0000000080000DD2] -> 0x75FE
[889] [M]: 0x0000000080000DD0 (0x75FE8E93) addi t4, t4, 0x75f
x29 <- 0x00040000203FFF5F

mem[X,0x0000000080000DD4] -> 0x9E93
mem[X,0x0000000080000DD6] -> 0x00AE
[890] [M]: 0x0000000080000DD4 (0x00AE9E93) slli t4, t4, 0xa
x29 <- 0x10000080FFFD7C00

mem[X,0x0000000080000DD8] -> 0x8E93
mem[X,0x0000000080000DDA] -> 0x3FFE
[891] [M]: 0x0000000080000DD8 (0x3FFE8E93) addi t4, t4, 0x3ff
x29 <- 0x10000080FFFD7FFF

mem[X,0x0000000080000DDC] -> 0x0FBB
mem[X,0x0000000080000DDE] -> 0xC9DF
[892] [M]: 0x0000000080000DDC (0xC9DF0FBB) pdif.h t6, t5, t4
x31 <- 0x70000088007E7FF9

mem[X,0x0000000080000DE0] -> 0xB023
mem[X,0x0000000080000DE2] -> 0x07F0
[893] [M]: 0x0000000080000DE0 (0x07F0B023) sd t6, 0x60(ra)
mem[0x0000000080004268] <- 0x70000088007E7FF9

mem[X,0x0000000080000DE4] -> 0x0F37
mem[X,0x0000000080000DE6] -> 0xFF80
[894] [M]: 0x0000000080000DE4 (0xFF800F37) lui t5, -0x800
x30 <- 0xFFFFFFFFFF800000

mem[X,0x0000000080000DE8] -> 0x0F13
mem[X,0x0000000080000DEA] -> 0xFFAF
[895] [M]: 0x0000000080000DE8 (0xFFAF0F13) addi t5, t5, -0x6
x30 <- 0xFFFFFFFFFF7FFFFA

mem[X,0x0000000080000DEC] -> 0x1F13
mem[X,0x0000000080000DEE] -> 0x00BF
[896] [M]: 0x0000000080000DEC (0x00BF1F13) slli t5, t5, 0xb
x30 <- 0xFFFFFFFBFFFFD000

mem[X,0x0000000080000DF0] -> 0x0F13
mem[X,0x0000000080000DF2] -> 0x7FFF
[897] [M]: 0x0000000080000DF0 (0x7FFF0F13) addi t5, t5, 0x7ff
x30 <- 0xFFFFFFFBFFFFD7FF

mem[X,0x0000000080000DF4] -> 0x1F13
mem[X,0x0000000080000DF6] -> 0x00BF
[898] [M]: 0x0000000080000DF4 (0x00BF1F13) slli t5, t5, 0xb
x30 <- 0xFFFFDFFFFEBFF800

mem[X,0x0000000080000DF8] -> 0x0F13
mem[X,0x0000000080000DFA] -> 0x3C0F
[899] [M]: 0x0000000080000DF8 (0x3C0F0F13) addi t5, t5, 0x3c0
x30 <- 0xFFFFDFFFFEBFFBC0

clint::tick mtime <- 0x0000000000000009
 clint timer pending at mtime 0x0000000000000009
htif::tick 0x0000000000000000
mem[X,0x0000000080000DFC] -> 0x1F13
mem[X,0x0000000080000DFE] -> 0x00AF
[900] [M]: 0x0000000080000DFC (0x00AF1F13) slli t5, t5, 0xa
x30 <- 0xFF7FFFFAFFEF0000

mem[X,0x0000000080000E00] -> 0x0EB7
mem[X,0x0000000080000E02] -> 0xFFFE
[901] [M]: 0x0000000080000E00 (0xFFFE0EB7) lui t4, -0x20
x29 <- 0xFFFFFFFFFFFE0000

mem[X,0x0000000080000E04] -> 0x8E93
mem[X,0x0000000080000E06] -> 0x200E
[902] [M]: 0x0000000080000E04 (0x200E8E93) addi t4, t4, 0x200
x29 <- 0xFFFFFFFFFFFE0200

mem[X,0x0000000080000E08] -> 0x9E93
mem[X,0x0000000080000E0A] -> 0x00BE
[903] [M]: 0x0000000080000E08 (0x00BE9E93) slli t4, t4, 0xb
x29 <- 0xFFFFFFFFF0100000

mem[X,0x0000000080000E0C] -> 0x8E93
mem[X,0x0000000080000E0E] -> 0x7FFE
[904] [M]: 0x0000000080000E0C (0x7FFE8E93) addi t4, t4, 0x7ff
x29 <- 0xFFFFFFFFF01007FF

mem[X,0x0000000080000E10] -> 0x9E93
mem[X,0x0000000080000E12] -> 0x00BE
[905] [M]: 0x0000000080000E10 (0x00BE9E93) slli t4, t4, 0xb
x29 <- 0xFFFFFF80803FF800

mem[X,0x0000000080000E14] -> 0x8E93
mem[X,0x0000000080000E16] -> 0x7C0E
[906] [M]: 0x0000000080000E14 (0x7C0E8E93) addi t4, t4, 0x7c0
x29 <- 0xFFFFFF80803FFFC0

mem[X,0x0000000080000E18] -> 0x9E93
mem[X,0x0000000080000E1A] -> 0x00AE
[907] [M]: 0x0000000080000E18 (0x00AE9E93) slli t4, t4, 0xa
x29 <- 0xFFFE0200FFFF0000

mem[X,0x0000000080000E1C] -> 0x8E93
mem[X,0x0000000080000E1E] -> 0x080E
[908] [M]: 0x0000000080000E1C (0x080E8E93) addi t4, t4, 0x80
x29 <- 0xFFFE0200FFFF0080

mem[X,0x0000000080000E20] -> 0x0FBB
mem[X,0x0000000080000E22] -> 0xC9DF
[909] [M]: 0x0000000080000E20 (0xC9DF0FBB) pdif.h t6, t5, t4
x31 <- 0x007F020600100080

mem[X,0x0000000080000E24] -> 0xB423
mem[X,0x0000000080000E26] -> 0x07F0
[910] [M]: 0x0000000080000E24 (0x07F0B423) sd t6, 0x68(ra)
mem[0x0000000080004270] <- 0x007F020600100080

mem[X,0x0000000080000E28] -> 0x0F37
mem[X,0x0000000080000E2A] -> 0x0200
[911] [M]: 0x0000000080000E28 (0x02000F37) lui t5, 0x2000
x30 <- 0x0000000002000000

mem[X,0x0000000080000E2C] -> 0x0F13
mem[X,0x0000000080000E2E] -> 0x006F
[912] [M]: 0x0000000080000E2C (0x006F0F13) addi t5, t5, 0x6
x30 <- 0x0000000002000006

mem[X,0x0000000080000E30] -> 0x1F13
mem[X,0x0000000080000E32] -> 0x00BF
[913] [M]: 0x0000000080000E30 (0x00BF1F13) slli t5, t5, 0xb
x30 <- 0x0000001000003000

mem[X,0x0000000080000E34] -> 0x0F13
mem[X,0x0000000080000E36] -> 0x7FBF
[914] [M]: 0x0000000080000E34 (0x7FBF0F13) addi t5, t5, 0x7fb
x30 <- 0x00000010000037FB

mem[X,0x0000000080000E38] -> 0x1F13
mem[X,0x0000000080000E3A] -> 0x00BF
[915] [M]: 0x0000000080000E38 (0x00BF1F13) slli t5, t5, 0xb
x30 <- 0x0000800001BFD800

mem[X,0x0000000080000E3C] -> 0x0F13
mem[X,0x0000000080000E3E] -> 0x7FFF
[916] [M]: 0x0000000080000E3C (0x7FFF0F13) addi t5, t5, 0x7ff
x30 <- 0x0000800001BFDFFF

mem[X,0x0000000080000E40] -> 0x1F13
mem[X,0x0000000080000E42] -> 0x00AF
[917] [M]: 0x0000000080000E40 (0x00AF1F13) slli t5, t5, 0xa
x30 <- 0x02000006FF7FFC00

mem[X,0x0000000080000E44] -> 0x0F13
mem[X,0x0000000080000E46] -> 0x3FDF
[918] [M]: 0x0000000080000E44 (0x3FDF0F13) addi t5, t5, 0x3fd
x30 <- 0x02000006FF7FFFFD

mem[X,0x0000000080000E48] -> 0x0EB7
mem[X,0x0000000080000E4A] -> 0xFFFD
[919] [M]: 0x0000000080000E48 (0xFFFD0EB7) lui t4, -0x30
x29 <- 0xFFFFFFFFFFFD0000

mem[X,0x0000000080000E4C] -> 0x8E93
mem[X,0x0000000080000E4E] -> 0x400E
[920] [M]: 0x0000000080000E4C (0x400E8E93) addi t4, t4, 0x400
x29 <- 0xFFFFFFFFFFFD0400

mem[X,0x0000000080000E50] -> 0x9E93
mem[X,0x0000000080000E52] -> 0x00BE
[921] [M]: 0x0000000080000E50 (0x00BE9E93) slli t4, t4, 0xb
x29 <- 0xFFFFFFFFE8200000

mem[X,0x0000000080000E54] -> 0x8E93
mem[X,0x0000000080000E56] -> 0x000E
[922] [M]: 0x0000000080000E54 (0x000E8E93) addi t4, t4, 0x0
x29 <- 0xFFFFFFFFE8200000

mem[X,0x0000000080000E58] -> 0x9E93
mem[X,0x0000000080000E5A] -> 0x00BE
[923] [M]: 0x0000000080000E58 (0x00BE9E93) slli t4, t4, 0xb
x29 <- 0xFFFFFF4100000000

mem[X,0x0000000080000E5C] -> 0x8E93
mem[X,0x0000000080000E5E] -> 0x07FE
[924] [M]: 0x0000000080000E5C (0x07FE8E93) addi t4, t4, 0x7f
x29 <- 0xFFFFFF410000007F

mem[X,0x0000000080000E60] -> 0x9E93
mem[X,0x0000000080000E62] -> 0x00AE
[925] [M]: 0x0000000080000E60 (0x00AE9E93) slli t4, t4, 0xa
x29 <- 0xFFFD04000001FC00

mem[X,0x0000000080000E64] -> 0x8E93
mem[X,0x0000000080000E66] -> 0x3DFE
[926] [M]: 0x0000000080000E64 (0x3DFE8E93) addi t4, t4, 0x3df
x29 <- 0xFFFD04000001FFDF

mem[X,0x0000000080000E68] -> 0x0FBB
mem[X,0x0000000080000E6A] -> 0xC9DF
[927] [M]: 0x0000000080000E68 (0xC9DF0FBB) pdif.h t6, t5, t4
x31 <- 0x020303FA0082001E

mem[X,0x0000000080000E6C] -> 0xB823
mem[X,0x0000000080000E6E] -> 0x07F0
[928] [M]: 0x0000000080000E6C (0x07F0B823) sd t6, 0x70(ra)
mem[0x0000000080004278] <- 0x020303FA0082001E

mem[X,0x0000000080000E70] -> 0x0F37
mem[X,0x0000000080000E72] -> 0x1001
[929] [M]: 0x0000000080000E70 (0x10010F37) lui t5, 0x10010
x30 <- 0x0000000010010000

mem[X,0x0000000080000E74] -> 0x0F13
mem[X,0x0000000080000E76] -> 0xFF8F
[930] [M]: 0x0000000080000E74 (0xFF8F0F13) addi t5, t5, -0x8
x30 <- 0x000000001000FFF8

mem[X,0x0000000080000E78] -> 0x1F13
mem[X,0x0000000080000E7A] -> 0x00BF
[931] [M]: 0x0000000080000E78 (0x00BF1F13) slli t5, t5, 0xb
x30 <- 0x0000008007FFC000

mem[X,0x0000000080000E7C] -> 0x0F13
mem[X,0x0000000080000E7E] -> 0x7EFF
[932] [M]: 0x0000000080000E7C (0x7EFF0F13) addi t5, t5, 0x7ef
x30 <- 0x0000008007FFC7EF

mem[X,0x0000000080000E80] -> 0x1F13
mem[X,0x0000000080000E82] -> 0x00BF
[933] [M]: 0x0000000080000E80 (0x00BF1F13) slli t5, t5, 0xb
x30 <- 0x0004003FFE3F7800

mem[X,0x0000000080000E84] -> 0x0F13
mem[X,0x0000000080000E86] -> 0x7C0F
[934] [M]: 0x0000000080000E84 (0x7C0F0F13) addi t5, t5, 0x7c0
x30 <- 0x0004003FFE3F7FC0

mem[X,0x0000000080000E88] -> 0x1F13
mem[X,0x0000000080000E8A] -> 0x00AF
[935] [M]: 0x0000000080000E88 (0x00AF1F13) slli t5, t5, 0xa
x30 <- 0x1000FFF8FDFF0000

mem[X,0x0000000080000E8C] -> 0x0F13
mem[X,0x0000000080000E8E] -> 0x040F
[936] [M]: 0x0000000080000E8C (0x040F0F13) addi t5, t5, 0x40
x30 <- 0x1000FFF8FDFF0040

mem[X,0x0000000080000E90] -> 0x0EB7
mem[X,0x0000000080000E92] -> 0xFFF8
[937] [M]: 0x0000000080000E90 (0xFFF80EB7) lui t4, -0x80
x29 <- 0xFFFFFFFFFFF80000

mem[X,0x0000000080000E94] -> 0x8E93
mem[X,0x0000000080000E96] -> 0xFF9E
[938] [M]: 0x0000000080000E94 (0xFF9E8E93) addi t4, t4, -0x7
x29 <- 0xFFFFFFFFFFF7FFF9

mem[X,0x0000000080000E98] -> 0x9E93
mem[X,0x0000000080000E9A] -> 0x00BE
[939] [M]: 0x0000000080000E98 (0x00BE9E93) slli t4, t4, 0xb
x29 <- 0xFFFFFFFFBFFFC800

mem[X,0x0000000080000E9C] -> 0x8E93
mem[X,0x0000000080000E9E] -> 0x600E
[940] [M]: 0x0000000080000E9C (0x600E8E93) addi t4, t4, 0x600
x29 <- 0xFFFFFFFFBFFFCE00

mem[X,0x0000000080000EA0] -> 0x9E93
mem[X,0x0000000080000EA2] -> 0x00BE
[941] [M]: 0x0000000080000EA0 (0x00BE9E93) slli t4, t4, 0xb
x29 <- 0xFFFFFDFFFE700000

mem[X,0x0000000080000EA4] -> 0x8E93
mem[X,0x0000000080000EA6] -> 0x000E
[942] [M]: 0x0000000080000EA4 (0x000E8E93) addi t4, t4, 0x0
x29 <- 0xFFFFFDFFFE700000

mem[X,0x0000000080000EA8] -> 0x9E93
mem[X,0x0000000080000EAA] -> 0x00AE
[943] [M]: 0x0000000080000EA8 (0x00AE9E93) slli t4, t4, 0xa
x29 <- 0xFFF7FFF9C0000000

mem[X,0x0000000080000EAC] -> 0x8E93
mem[X,0x0000000080000EAE] -> 0x007E
[944] [M]: 0x0000000080000EAC (0x007E8E93) addi t4, t4, 0x7
x29 <- 0xFFF7FFF9C0000007

mem[X,0x0000000080000EB0] -> 0x0FBB
mem[X,0x0000000080000EB2] -> 0xC9DF
[945] [M]: 0x0000000080000EB0 (0xC9DF0FBB) pdif.h t6, t5, t4
x31 <- 0x100900013DFF0039

mem[X,0x0000000080000EB4] -> 0xBC23
mem[X,0x0000000080000EB6] -> 0x07F0
[946] [M]: 0x0000000080000EB4 (0x07F0BC23) sd t6, 0x78(ra)
mem[0x0000000080004280] <- 0x100900013DFF0039

mem[X,0x0000000080000EB8] -> 0x0F37
mem[X,0x0000000080000EBA] -> 0x0009
[947] [M]: 0x0000000080000EB8 (0x00090F37) lui t5, 0x90
x30 <- 0x0000000000090000

mem[X,0x0000000080000EBC] -> 0x0F13
mem[X,0x0000000080000EBE] -> 0x007F
[948] [M]: 0x0000000080000EBC (0x007F0F13) addi t5, t5, 0x7
x30 <- 0x0000000000090007

mem[X,0x0000000080000EC0] -> 0x1F13
mem[X,0x0000000080000EC2] -> 0x00BF
[949] [M]: 0x0000000080000EC0 (0x00BF1F13) slli t5, t5, 0xb
x30 <- 0x0000000048003800

mem[X,0x0000000080000EC4] -> 0x0F13
mem[X,0x0000000080000EC6] -> 0x000F
[950] [M]: 0x0000000080000EC4 (0x000F0F13) addi t5, t5, 0x0
x30 <- 0x0000000048003800

mem[X,0x0000000080000EC8] -> 0x1F13
mem[X,0x0000000080000ECA] -> 0x00BF
[951] [M]: 0x0000000080000EC8 (0x00BF1F13) slli t5, t5, 0xb
x30 <- 0x0000024001C00000

mem[X,0x0000000080000ECC] -> 0x0F13
mem[X,0x0000000080000ECE] -> 0x400F
[952] [M]: 0x0000000080000ECC (0x400F0F13) addi t5, t5, 0x400
x30 <- 0x0000024001C00400

mem[X,0x0000000080000ED0] -> 0x1F13
mem[X,0x0000000080000ED2] -> 0x00AF
[953] [M]: 0x0000000080000ED0 (0x00AF1F13) slli t5, t5, 0xa
x30 <- 0x0009000700100000

mem[X,0x0000000080000ED4] -> 0x0F13
mem[X,0x0000000080000ED6] -> 0x007F
[954] [M]: 0x0000000080000ED4 (0x007F0F13) addi t5, t5, 0x7
x30 <- 0x0009000700100007

mem[X,0x0000000080000ED8] -> 0x0EB7
mem[X,0x0000000080000EDA] -> 0xFFEF
[955] [M]: 0x0000000080000ED8 (0xFFEF0EB7) lui t4, -0x110
x29 <- 0xFFFFFFFFFFEF0000

mem[X,0x0000000080000EDC] -> 0x8E93
mem[X,0x0000000080000EDE] -> 0x008E
[956] [M]: 0x0000000080000EDC (0x008E8E93) addi t4, t4, 0x8
x29 <- 0xFFFFFFFFFFEF0008

mem[X,0x0000000080000EE0] -> 0x9E93
mem[X,0x0000000080000EE2] -> 0x00BE
[957] [M]: 0x0000000080000EE0 (0x00BE9E93) slli t4, t4, 0xb
x29 <- 0xFFFFFFFF78004000

mem[X,0x0000000080000EE4] -> 0x8E93
mem[X,0x0000000080000EE6] -> 0x000E
[958] [M]: 0x0000000080000EE4 (0x000E8E93) addi t4, t4, 0x0
x29 <- 0xFFFFFFFF78004000

mem[X,0x0000000080000EE8] -> 0x9E93
mem[X,0x0000000080000EEA] -> 0x00BE
[959] [M]: 0x0000000080000EE8 (0x00BE9E93) slli t4, t4, 0xb
x29 <- 0xFFFFFBC002000000

mem[X,0x0000000080000EEC] -> 0x8E93
mem[X,0x0000000080000EEE] -> 0x1C4E
[960] [M]: 0x0000000080000EEC (0x1C4E8E93) addi t4, t4, 0x1c4
x29 <- 0xFFFFFBC0020001C4

mem[X,0x0000000080000EF0] -> 0x9E93
mem[X,0x0000000080000EF2] -> 0x00AE
[961] [M]: 0x0000000080000EF0 (0x00AE9E93) slli t4, t4, 0xa
x29 <- 0xFFEF000800071000

mem[X,0x0000000080000EF4] -> 0x0FBB
mem[X,0x0000000080000EF6] -> 0xC9DF
[962] [M]: 0x0000000080000EF4 (0xC9DF0FBB) pdif.h t6, t5, t4
x31 <- 0x001A000100090FF9

mem[X,0x0000000080000EF8] -> 0xB023
mem[X,0x0000000080000EFA] -> 0x09F0
[963] [M]: 0x0000000080000EF8 (0x09F0B023) sd t6, 0x80(ra)
mem[0x0000000080004288] <- 0x001A000100090FF9

mem[X,0x0000000080000EFC] -> 0xFF37
mem[X,0x0000000080000EFE] -> 0xFFF6
[964] [M]: 0x0000000080000EFC (0xFFF6FF37) lui t5, -0x91
x30 <- 0xFFFFFFFFFFF6F000

mem[X,0x0000000080000F00] -> 0x0F13
mem[X,0x0000000080000F02] -> 0x7FFF
[965] [M]: 0x0000000080000F00 (0x7FFF0F13) addi t5, t5, 0x7ff
x30 <- 0xFFFFFFFFFFF6F7FF

mem[X,0x0000000080000F04] -> 0x1F13
mem[X,0x0000000080000F06] -> 0x00BF
[966] [M]: 0x0000000080000F04 (0x00BF1F13) slli t5, t5, 0xb
x30 <- 0xFFFFFFFFB7BFF800

mem[X,0x0000000080000F08] -> 0x0F13
mem[X,0x0000000080000F0A] -> 0x200F
[967] [M]: 0x0000000080000F08 (0x200F0F13) addi t5, t5, 0x200
x30 <- 0xFFFFFFFFB7BFFA00

mem[X,0x0000000080000F0C] -> 0x1F13
mem[X,0x0000000080000F0E] -> 0x00BF
[968] [M]: 0x0000000080000F0C (0x00BF1F13) slli t5, t5, 0xb
x30 <- 0xFFFFFDBDFFD00000

mem[X,0x0000000080000F10] -> 0x0F13
mem[X,0x0000000080000F12] -> 0x000F
[969] [M]: 0x0000000080000F10 (0x000F0F13) addi t5, t5, 0x0
x30 <- 0xFFFFFDBDFFD00000

mem[X,0x0000000080000F14] -> 0x1F13
mem[X,0x0000000080000F16] -> 0x00AF
[970] [M]: 0x0000000080000F14 (0x00AF1F13) slli t5, t5, 0xa
x30 <- 0xFFF6F7FF40000000

mem[X,0x0000000080000F18] -> 0x0F13
mem[X,0x0000000080000F1A] -> 0x009F
[971] [M]: 0x0000000080000F18 (0x009F0F13) addi t5, t5, 0x9
x30 <- 0xFFF6F7FF40000009

mem[X,0x0000000080000F1C] -> 0x0EB7
mem[X,0x0000000080000F1E] -> 0xFFDF
[972] [M]: 0x0000000080000F1C (0xFFDF0EB7) lui t4, -0x210
x29 <- 0xFFFFFFFFFFDF0000

mem[X,0x0000000080000F20] -> 0x8E93
mem[X,0x0000000080000F22] -> 0x100E
[973] [M]: 0x0000000080000F20 (0x100E8E93) addi t4, t4, 0x100
x29 <- 0xFFFFFFFFFFDF0100

mem[X,0x0000000080000F24] -> 0x9E93
mem[X,0x0000000080000F26] -> 0x00BE
[974] [M]: 0x0000000080000F24 (0x00BE9E93) slli t4, t4, 0xb
x29 <- 0xFFFFFFFEF8080000

mem[X,0x0000000080000F28] -> 0x8E93
mem[X,0x0000000080000F2A] -> 0x100E
[975] [M]: 0x0000000080000F28 (0x100E8E93) addi t4, t4, 0x100
x29 <- 0xFFFFFFFEF8080100

mem[X,0x0000000080000F2C] -> 0x9E93
mem[X,0x0000000080000F2E] -> 0x00BE
[976] [M]: 0x0000000080000F2C (0x00BE9E93) slli t4, t4, 0xb
x29 <- 0xFFFFF7C040080000

mem[X,0x0000000080000F30] -> 0x8E93
mem[X,0x0000000080000F32] -> 0x000E
[977] [M]: 0x0000000080000F30 (0x000E8E93) addi t4, t4, 0x0
x29 <- 0xFFFFF7C040080000

mem[X,0x0000000080000F34] -> 0x9E93
mem[X,0x0000000080000F36] -> 0x00AE
[978] [M]: 0x0000000080000F34 (0x00AE9E93) slli t4, t4, 0xa
x29 <- 0xFFDF010020000000

mem[X,0x0000000080000F38] -> 0x8E93
mem[X,0x0000000080000F3A] -> 0x100E
[979] [M]: 0x0000000080000F38 (0x100E8E93) addi t4, t4, 0x100
x29 <- 0xFFDF010020000100

mem[X,0x0000000080000F3C] -> 0x0FBB
mem[X,0x0000000080000F3E] -> 0xC9DF
[980] [M]: 0x0000000080000F3C (0xC9DF0FBB) pdif.h t6, t5, t4
x31 <- 0x00170901200000F7

mem[X,0x0000000080000F40] -> 0xB423
mem[X,0x0000000080000F42] -> 0x09F0
[981] [M]: 0x0000000080000F40 (0x09F0B423) sd t6, 0x88(ra)
mem[0x0000000080004290] <- 0x00170901200000F7

mem[X,0x0000000080000F44] -> 0x8F37
mem[X,0x0000000080000F46] -> 0x0005
[982] [M]: 0x0000000080000F44 (0x00058F37) lui t5, 0x58
x30 <- 0x0000000000058000

mem[X,0x0000000080000F48] -> 0x0F13
mem[X,0x0000000080000F4A] -> 0x000F
[983] [M]: 0x0000000080000F48 (0x000F0F13) addi t5, t5, 0x0
x30 <- 0x0000000000058000

mem[X,0x0000000080000F4C] -> 0x1F13
mem[X,0x0000000080000F4E] -> 0x00BF
[984] [M]: 0x0000000080000F4C (0x00BF1F13) slli t5, t5, 0xb
x30 <- 0x000000002C000000

mem[X,0x0000000080000F50] -> 0x0F13
mem[X,0x0000000080000F52] -> 0x7FFF
[985] [M]: 0x0000000080000F50 (0x7FFF0F13) addi t5, t5, 0x7ff
x30 <- 0x000000002C0007FF

mem[X,0x0000000080000F54] -> 0x1F13
mem[X,0x0000000080000F56] -> 0x00BF
[986] [M]: 0x0000000080000F54 (0x00BF1F13) slli t5, t5, 0xb
x30 <- 0x00000160003FF800

mem[X,0x0000000080000F58] -> 0x0F13
mem[X,0x0000000080000F5A] -> 0x642F
[987] [M]: 0x0000000080000F58 (0x642F0F13) addi t5, t5, 0x642
x30 <- 0x00000160003FFE42

mem[X,0x0000000080000F5C] -> 0x1F13
mem[X,0x0000000080000F5E] -> 0x00AF
[988] [M]: 0x0000000080000F5C (0x00AF1F13) slli t5, t5, 0xa
x30 <- 0x00058000FFF90800

mem[X,0x0000000080000F60] -> 0x0EB7
mem[X,0x0000000080000F62] -> 0xFFBF
[989] [M]: 0x0000000080000F60 (0xFFBF0EB7) lui t4, -0x410
x29 <- 0xFFFFFFFFFFBF0000

mem[X,0x0000000080000F64] -> 0x8E93
mem[X,0x0000000080000F66] -> 0x080E
[990] [M]: 0x0000000080000F64 (0x080E8E93) addi t4, t4, 0x80
x29 <- 0xFFFFFFFFFFBF0080

mem[X,0x0000000080000F68] -> 0x9E93
mem[X,0x0000000080000F6A] -> 0x00BE
[991] [M]: 0x0000000080000F68 (0x00BE9E93) slli t4, t4, 0xb
x29 <- 0xFFFFFFFDF8040000

mem[X,0x0000000080000F6C] -> 0x8E93
mem[X,0x0000000080000F6E] -> 0x555E
[992] [M]: 0x0000000080000F6C (0x555E8E93) addi t4, t4, 0x555
x29 <- 0xFFFFFFFDF8040555

mem[X,0x0000000080000F70] -> 0x9E93
mem[X,0x0000000080000F72] -> 0x00BE
[993] [M]: 0x0000000080000F70 (0x00BE9E93) slli t4, t4, 0xb
x29 <- 0xFFFFEFC0202AA800

mem[X,0x0000000080000F74] -> 0x8E93
mem[X,0x0000000080000F76] -> 0x2BFE
[994] [M]: 0x0000000080000F74 (0x2BFE8E93) addi t4, t4, 0x2bf
x29 <- 0xFFFFEFC0202AAABF

mem[X,0x0000000080000F78] -> 0x9E93
mem[X,0x0000000080000F7A] -> 0x00AE
[995] [M]: 0x0000000080000F78 (0x00AE9E93) slli t4, t4, 0xa
x29 <- 0xFFBF0080AAAAFC00

mem[X,0x0000000080000F7C] -> 0x8E93
mem[X,0x0000000080000F7E] -> 0x1FFE
[996] [M]: 0x0000000080000F7C (0x1FFE8E93) addi t4, t4, 0x1ff
x29 <- 0xFFBF0080AAAAFDFF

mem[X,0x0000000080000F80] -> 0x0FBB
mem[X,0x0000000080000F82] -> 0xC9DF
[997] [M]: 0x0000000080000F80 (0xC9DF0FBB) pdif.h t6, t5, t4
x31 <- 0x00467F80554F0A01

mem[X,0x0000000080000F84] -> 0xB823
mem[X,0x0000000080000F86] -> 0x09F0
[998] [M]: 0x0000000080000F84 (0x09F0B823) sd t6, 0x90(ra)
mem[0x0000000080004298] <- 0x00467F80554F0A01

mem[X,0x0000000080000F88] -> 0x0F37
mem[X,0x0000000080000F8A] -> 0xFFC0
[999] [M]: 0x0000000080000F88 (0xFFC00F37) lui t5, -0x400
x30 <- 0xFFFFFFFFFFC00000

clint::tick mtime <- 0x000000000000000A
 clint timer pending at mtime 0x000000000000000A
htif::tick 0x0000000000000000
mem[X,0x0000000080000F8C] -> 0x0F13
mem[X,0x0000000080000F8E] -> 0xFFDF
[1000] [M]: 0x0000000080000F8C (0xFFDF0F13) addi t5, t5, -0x3
x30 <- 0xFFFFFFFFFFBFFFFD

mem[X,0x0000000080000F90] -> 0x1F13
mem[X,0x0000000080000F92] -> 0x00BF
[1001] [M]: 0x0000000080000F90 (0x00BF1F13) slli t5, t5, 0xb
x30 <- 0xFFFFFFFDFFFFE800

mem[X,0x0000000080000F94] -> 0x0F13
mem[X,0x0000000080000F96] -> 0x400F
[1002] [M]: 0x0000000080000F94 (0x400F0F13) addi t5, t5, 0x400
x30 <- 0xFFFFFFFDFFFFEC00

mem[X,0x0000000080000F98] -> 0x1F13
mem[X,0x0000000080000F9A] -> 0x00BF
[1003] [M]: 0x0000000080000F98 (0x00BF1F13) slli t5, t5, 0xb
x30 <- 0xFFFFEFFFFF600000

mem[X,0x0000000080000F9C] -> 0x0F13
mem[X,0x0000000080000F9E] -> 0x03FF
[1004] [M]: 0x0000000080000F9C (0x03FF0F13) addi t5, t5, 0x3f
x30 <- 0xFFFFEFFFFF60003F

mem[X,0x0000000080000FA0] -> 0x1F13
mem[X,0x0000000080000FA2] -> 0x00AF
[1005] [M]: 0x0000000080000FA0 (0x00AF1F13) slli t5, t5, 0xa
x30 <- 0xFFBFFFFD8000FC00

mem[X,0x0000000080000FA4] -> 0x0F13
mem[X,0x0000000080000FA6] -> 0x3EFF
[1006] [M]: 0x0000000080000FA4 (0x3EFF0F13) addi t5, t5, 0x3ef
x30 <- 0xFFBFFFFD8000FFEF

mem[X,0x0000000080000FA8] -> 0x0EB7
mem[X,0x0000000080000FAA] -> 0xFEFF
[1007] [M]: 0x0000000080000FA8 (0xFEFF0EB7) lui t4, -0x1010
x29 <- 0xFFFFFFFFFEFF0000

mem[X,0x0000000080000FAC] -> 0x8E93
mem[X,0x0000000080000FAE] -> 0x080E
[1008] [M]: 0x0000000080000FAC (0x080E8E93) addi t4, t4, 0x80
x29 <- 0xFFFFFFFFFEFF0080

mem[X,0x0000000080000FB0] -> 0x9E93
mem[X,0x0000000080000FB2] -> 0x00BE
[1009] [M]: 0x0000000080000FB0 (0x00BE9E93) slli t4, t4, 0xb
x29 <- 0xFFFFFFF7F8040000

mem[X,0x0000000080000FB4] -> 0x8E93
mem[X,0x0000000080000FB6] -> 0x7FFE
[1010] [M]: 0x0000000080000FB4 (0x7FFE8E93) addi t4, t4, 0x7ff
x29 <- 0xFFFFFFF7F80407FF

mem[X,0x0000000080000FB8] -> 0x9E93
mem[X,0x0000000080000FBA] -> 0x00BE
[1011] [M]: 0x0000000080000FB8 (0x00BE9E93) slli t4, t4, 0xb
x29 <- 0xFFFFBFC0203FF800

mem[X,0x0000000080000FBC] -> 0x8E93
mem[X,0x0000000080000FBE] -> 0x782E
[1012] [M]: 0x0000000080000FBC (0x782E8E93) addi t4, t4, 0x782
x29 <- 0xFFFFBFC0203FFF82

mem[X,0x0000000080000FC0] -> 0x9E93
mem[X,0x0000000080000FC2] -> 0x00AE
[1013] [M]: 0x0000000080000FC0 (0x00AE9E93) slli t4, t4, 0xa
x29 <- 0xFEFF0080FFFE0800

mem[X,0x0000000080000FC4] -> 0x0FBB
mem[X,0x0000000080000FC6] -> 0xC9DF
[1014] [M]: 0x0000000080000FC4 (0xC9DF0FBB) pdif.h t6, t5, t4
x31 <- 0x00C000837FFE0811

mem[X,0x0000000080000FC8] -> 0xBC23
mem[X,0x0000000080000FCA] -> 0x09F0
[1015] [M]: 0x0000000080000FC8 (0x09F0BC23) sd t6, 0x98(ra)
mem[0x00000000800042A0] <- 0x00C000837FFE0811

mem[X,0x0000000080000FCC] -> 0x5F37
mem[X,0x0000000080000FCE] -> 0x3FFF
[1016] [M]: 0x0000000080000FCC (0x3FFF5F37) lui t5, 0x3fff5
x30 <- 0x000000003FFF5000

mem[X,0x0000000080000FD0] -> 0x0F13
mem[X,0x0000000080000FD2] -> 0x555F
[1017] [M]: 0x0000000080000FD0 (0x555F0F13) addi t5, t5, 0x555
x30 <- 0x000000003FFF5555

mem[X,0x0000000080000FD4] -> 0x1F13
mem[X,0x0000000080000FD6] -> 0x00BF
[1018] [M]: 0x0000000080000FD4 (0x00BF1F13) slli t5, t5, 0xb
x30 <- 0x000001FFFAAAA800

mem[X,0x0000000080000FD8] -> 0x0F13
mem[X,0x0000000080000FDA] -> 0x7FFF
[1019] [M]: 0x0000000080000FD8 (0x7FFF0F13) addi t5, t5, 0x7ff
x30 <- 0x000001FFFAAAAFFF

mem[X,0x0000000080000FDC] -> 0x1F13
mem[X,0x0000000080000FDE] -> 0x00BF
[1020] [M]: 0x0000000080000FDC (0x00BF1F13) slli t5, t5, 0xb
x30 <- 0x000FFFD5557FF800

mem[X,0x0000000080000FE0] -> 0x0F13
mem[X,0x0000000080000FE2] -> 0x77FF
[1021] [M]: 0x0000000080000FE0 (0x77FF0F13) addi t5, t5, 0x77f
x30 <- 0x000FFFD5557FFF7F

mem[X,0x0000000080000FE4] -> 0x1F13
mem[X,0x0000000080000FE6] -> 0x00AF
[1022] [M]: 0x0000000080000FE4 (0x00AF1F13) slli t5, t5, 0xa
x30 <- 0x3FFF5555FFFDFC00

mem[X,0x0000000080000FE8] -> 0x0F13
mem[X,0x0000000080000FEA] -> 0x37FF
[1023] [M]: 0x0000000080000FE8 (0x37FF0F13) addi t5, t5, 0x37f
x30 <- 0x3FFF5555FFFDFF7F

mem[X,0x0000000080000FEC] -> 0x0EB7
mem[X,0x0000000080000FEE] -> 0xFDFF
[1024] [M]: 0x0000000080000FEC (0xFDFF0EB7) lui t4, -0x2010
x29 <- 0xFFFFFFFFFDFF0000

mem[X,0x0000000080000FF0] -> 0x8E93
mem[X,0x0000000080000FF2] -> 0x006E
[1025] [M]: 0x0000000080000FF0 (0x006E8E93) addi t4, t4, 0x6
x29 <- 0xFFFFFFFFFDFF0006

mem[X,0x0000000080000FF4] -> 0x9E93
mem[X,0x0000000080000FF6] -> 0x00BE
[1026] [M]: 0x0000000080000FF4 (0x00BE9E93) slli t4, t4, 0xb
x29 <- 0xFFFFFFEFF8003000

mem[X,0x0000000080000FF8] -> 0x8E93
mem[X,0x0000000080000FFA] -> 0x7FDE
[1027] [M]: 0x0000000080000FF8 (0x7FDE8E93) addi t4, t4, 0x7fd
x29 <- 0xFFFFFFEFF80037FD

mem[X,0x0000000080000FFC] -> 0x9E93
mem[X,0x0000000080000FFE] -> 0x00BE
[1028] [M]: 0x0000000080000FFC (0x00BE9E93) slli t4, t4, 0xb
x29 <- 0xFFFF7FC001BFE800

mem[X,0x0000000080001000] -> 0x8E93
mem[X,0x0000000080001002] -> 0x7FFE
[1029] [M]: 0x0000000080001000 (0x7FFE8E93) addi t4, t4, 0x7ff
x29 <- 0xFFFF7FC001BFEFFF

mem[X,0x0000000080001004] -> 0x9E93
mem[X,0x0000000080001006] -> 0x00AE
[1030] [M]: 0x0000000080001004 (0x00AE9E93) slli t4, t4, 0xa
x29 <- 0xFDFF0006FFBFFC00

mem[X,0x0000000080001008] -> 0x8E93
mem[X,0x000000008000100A] -> 0x3FFE
[1031] [M]: 0x0000000080001008 (0x3FFE8E93) addi t4, t4, 0x3ff
x29 <- 0xFDFF0006FFBFFFFF

mem[X,0x000000008000100C] -> 0x0FBB
mem[X,0x000000008000100E] -> 0xC9DF
[1032] [M]: 0x000000008000100C (0xC9DF0FBB) pdif.h t6, t5, t4
x31 <- 0x4200554F003E0080

mem[X,0x0000000080001010] -> 0xB023
mem[X,0x0000000080001012] -> 0x0BF0
[1033] [M]: 0x0000000080001010 (0x0BF0B023) sd t6, 0xa0(ra)
mem[0x00000000800042A8] <- 0x4200554F003E0080

mem[X,0x0000000080001014] -> 0xFF37
mem[X,0x0000000080001016] -> 0x0800
[1034] [M]: 0x0000000080001014 (0x0800FF37) lui t5, 0x800f
x30 <- 0x000000000800F000

mem[X,0x0000000080001018] -> 0x0F13
mem[X,0x000000008000101A] -> 0xFFFF
[1035] [M]: 0x0000000080001018 (0xFFFF0F13) addi t5, t5, -0x1
x30 <- 0x000000000800EFFF

mem[X,0x000000008000101C] -> 0x1F13
mem[X,0x000000008000101E] -> 0x00BF
[1036] [M]: 0x000000008000101C (0x00BF1F13) slli t5, t5, 0xb
x30 <- 0x00000040077FF800

mem[X,0x0000000080001020] -> 0x0F13
mem[X,0x0000000080001022] -> 0x000F
[1037] [M]: 0x0000000080001020 (0x000F0F13) addi t5, t5, 0x0
x30 <- 0x00000040077FF800

mem[X,0x0000000080001024] -> 0x1F13
mem[X,0x0000000080001026] -> 0x00BF
[1038] [M]: 0x0000000080001024 (0x00BF1F13) slli t5, t5, 0xb
x30 <- 0x0002003BFFC00000

mem[X,0x0000000080001028] -> 0x0F13
mem[X,0x000000008000102A] -> 0x1A0F
[1039] [M]: 0x0000000080001028 (0x1A0F0F13) addi t5, t5, 0x1a0
x30 <- 0x0002003BFFC001A0

mem[X,0x000000008000102C] -> 0x1F13
mem[X,0x000000008000102E] -> 0x00AF
[1040] [M]: 0x000000008000102C (0x00AF1F13) slli t5, t5, 0xa
x30 <- 0x0800EFFF00068000

mem[X,0x0000000080001030] -> 0x0EB7
mem[X,0x0000000080001032] -> 0xF000
[1041] [M]: 0x0000000080001030 (0xF0000EB7) lui t4, -0x10000
x29 <- 0xFFFFFFFFF0000000

mem[X,0x0000000080001034] -> 0x8E93
mem[X,0x0000000080001036] -> 0xFEFE
[1042] [M]: 0x0000000080001034 (0xFEFE8E93) addi t4, t4, -0x11
x29 <- 0xFFFFFFFFEFFFFFEF

mem[X,0x0000000080001038] -> 0x9E93
mem[X,0x000000008000103A] -> 0x00BE
[1043] [M]: 0x0000000080001038 (0x00BE9E93) slli t4, t4, 0xb
x29 <- 0xFFFFFF7FFFFF7800

mem[X,0x000000008000103C] -> 0x8E93
mem[X,0x000000008000103E] -> 0x004E
[1044] [M]: 0x000000008000103C (0x004E8E93) addi t4, t4, 0x4
x29 <- 0xFFFFFF7FFFFF7804

mem[X,0x0000000080001040] -> 0x9E93
mem[X,0x0000000080001042] -> 0x00BE
[1045] [M]: 0x0000000080001040 (0x00BE9E93) slli t4, t4, 0xb
x29 <- 0xFFFBFFFFFBC02000

mem[X,0x0000000080001044] -> 0x8E93
mem[X,0x0000000080001046] -> 0x000E
[1046] [M]: 0x0000000080001044 (0x000E8E93) addi t4, t4, 0x0
x29 <- 0xFFFBFFFFFBC02000

mem[X,0x0000000080001048] -> 0x9E93
mem[X,0x000000008000104A] -> 0x00AE
[1047] [M]: 0x0000000080001048 (0x00AE9E93) slli t4, t4, 0xa
x29 <- 0xEFFFFFEF00800000

mem[X,0x000000008000104C] -> 0x8E93
mem[X,0x000000008000104E] -> 0x004E
[1048] [M]: 0x000000008000104C (0x004E8E93) addi t4, t4, 0x4
x29 <- 0xEFFFFFEF00800004

mem[X,0x0000000080001050] -> 0x0FBB
mem[X,0x0000000080001052] -> 0xC9DF
[1049] [M]: 0x0000000080001050 (0xC9DF0FBB) pdif.h t6, t5, t4
x31 <- 0x18010FF0007A7FFC

mem[X,0x0000000080001054] -> 0xB423
mem[X,0x0000000080001056] -> 0x0BF0
[1050] [M]: 0x0000000080001054 (0x0BF0B423) sd t6, 0xa8(ra)
mem[0x00000000800042B0] <- 0x18010FF0007A7FFC

mem[X,0x0000000080001058] -> 0x0F37
mem[X,0x000000008000105A] -> 0xFFDF
[1051] [M]: 0x0000000080001058 (0xFFDF0F37) lui t5, -0x210
x30 <- 0xFFFFFFFFFFDF0000

mem[X,0x000000008000105C] -> 0x0F13
mem[X,0x000000008000105E] -> 0x040F
[1052] [M]: 0x000000008000105C (0x040F0F13) addi t5, t5, 0x40
x30 <- 0xFFFFFFFFFFDF0040

mem[X,0x0000000080001060] -> 0x1F13
mem[X,0x0000000080001062] -> 0x00BF
[1053] [M]: 0x0000000080001060 (0x00BF1F13) slli t5, t5, 0xb
x30 <- 0xFFFFFFFEF8020000

mem[X,0x0000000080001064] -> 0x0F13
mem[X,0x0000000080001066] -> 0x000F
[1054] [M]: 0x0000000080001064 (0x000F0F13) addi t5, t5, 0x0
x30 <- 0xFFFFFFFEF8020000

mem[X,0x0000000080001068] -> 0x1F13
mem[X,0x000000008000106A] -> 0x00BF
[1055] [M]: 0x0000000080001068 (0x00BF1F13) slli t5, t5, 0xb
x30 <- 0xFFFFF7C010000000

mem[X,0x000000008000106C] -> 0x0F13
mem[X,0x000000008000106E] -> 0x13FF
[1056] [M]: 0x000000008000106C (0x13FF0F13) addi t5, t5, 0x13f
x30 <- 0xFFFFF7C01000013F

mem[X,0x0000000080001070] -> 0x1F13
mem[X,0x0000000080001072] -> 0x00AF
[1057] [M]: 0x0000000080001070 (0x00AF1F13) slli t5, t5, 0xa
x30 <- 0xFFDF00400004FC00

mem[X,0x0000000080001074] -> 0x0F13
mem[X,0x0000000080001076] -> 0x1FFF
[1058] [M]: 0x0000000080001074 (0x1FFF0F13) addi t5, t5, 0x1ff
x30 <- 0xFFDF00400004FDFF

mem[X,0x0000000080001078] -> 0x0EB7
mem[X,0x000000008000107A] -> 0xAAAB
[1059] [M]: 0x0000000080001078 (0xAAAB0EB7) lui t4, -0x55550
x29 <- 0xFFFFFFFFAAAB0000

mem[X,0x000000008000107C] -> 0x8E93
mem[X,0x000000008000107E] -> 0xDFFE
[1060] [M]: 0x000000008000107C (0xDFFE8E93) addi t4, t4, -0x201
x29 <- 0xFFFFFFFFAAAAFDFF

mem[X,0x0000000080001080] -> 0x9E93
mem[X,0x0000000080001082] -> 0x00BE
[1061] [M]: 0x0000000080001080 (0x00BE9E93) slli t4, t4, 0xb
x29 <- 0xFFFFFD5557EFF800

mem[X,0x0000000080001084] -> 0x8E93
mem[X,0x0000000080001086] -> 0x000E
[1062] [M]: 0x0000000080001084 (0x000E8E93) addi t4, t4, 0x0
x29 <- 0xFFFFFD5557EFF800

mem[X,0x0000000080001088] -> 0x9E93
mem[X,0x000000008000108A] -> 0x00BE
[1063] [M]: 0x0000000080001088 (0x00BE9E93) slli t4, t4, 0xb
x29 <- 0xFFEAAABF7FC00000

mem[X,0x000000008000108C] -> 0x8E93
mem[X,0x000000008000108E] -> 0x100E
[1064] [M]: 0x000000008000108C (0x100E8E93) addi t4, t4, 0x100
x29 <- 0xFFEAAABF7FC00100

mem[X,0x0000000080001090] -> 0x9E93
mem[X,0x0000000080001092] -> 0x00AE
[1065] [M]: 0x0000000080001090 (0x00AE9E93) slli t4, t4, 0xa
x29 <- 0xAAAAFDFF00040000

mem[X,0x0000000080001094] -> 0x0FBB
mem[X,0x0000000080001096] -> 0xC9DF
[1066] [M]: 0x0000000080001094 (0xC9DF0FBB) pdif.h t6, t5, t4
x31 <- 0x5535024100000201

mem[X,0x0000000080001098] -> 0xB823
mem[X,0x000000008000109A] -> 0x0BF0
[1067] [M]: 0x0000000080001098 (0x0BF0B823) sd t6, 0xb0(ra)
mem[0x00000000800042B8] <- 0x5535024100000201

mem[X,0x000000008000109C] -> 0xFF37
mem[X,0x000000008000109E] -> 0xFFFE
[1068] [M]: 0x000000008000109C (0xFFFEFF37) lui t5, -0x11
x30 <- 0xFFFFFFFFFFFEF000

mem[X,0x00000000800010A0] -> 0x0F13
mem[X,0x00000000800010A2] -> 0x7FFF
[1069] [M]: 0x00000000800010A0 (0x7FFF0F13) addi t5, t5, 0x7ff
x30 <- 0xFFFFFFFFFFFEF7FF

mem[X,0x00000000800010A4] -> 0x1F13
mem[X,0x00000000800010A6] -> 0x00BF
[1070] [M]: 0x00000000800010A4 (0x00BF1F13) slli t5, t5, 0xb
x30 <- 0xFFFFFFFFF7BFF800

mem[X,0x00000000800010A8] -> 0x0F13
mem[X,0x00000000800010AA] -> 0x7DFF
[1071] [M]: 0x00000000800010A8 (0x7DFF0F13) addi t5, t5, 0x7df
x30 <- 0xFFFFFFFFF7BFFFDF

mem[X,0x00000000800010AC] -> 0x1F13
mem[X,0x00000000800010AE] -> 0x00BF
[1072] [M]: 0x00000000800010AC (0x00BF1F13) slli t5, t5, 0xb
x30 <- 0xFFFFFFBDFFFEF800

mem[X,0x00000000800010B0] -> 0x0F13
mem[X,0x00000000800010B2] -> 0x7FFF
[1073] [M]: 0x00000000800010B0 (0x7FFF0F13) addi t5, t5, 0x7ff
x30 <- 0xFFFFFFBDFFFEFFFF

mem[X,0x00000000800010B4] -> 0x1F13
mem[X,0x00000000800010B6] -> 0x00AF
[1074] [M]: 0x00000000800010B4 (0x00AF1F13) slli t5, t5, 0xa
x30 <- 0xFFFEF7FFFBFFFC00

mem[X,0x00000000800010B8] -> 0x0F13
mem[X,0x00000000800010BA] -> 0x3FDF
[1075] [M]: 0x00000000800010B8 (0x3FDF0F13) addi t5, t5, 0x3fd
x30 <- 0xFFFEF7FFFBFFFFFD

mem[X,0x00000000800010BC] -> 0x0EB7
mem[X,0x00000000800010BE] -> 0xFFF6
[1076] [M]: 0x00000000800010BC (0xFFF60EB7) lui t4, -0xa0
x29 <- 0xFFFFFFFFFFF60000

mem[X,0x00000000800010C0] -> 0x8E93
mem[X,0x00000000800010C2] -> 0x008E
[1077] [M]: 0x00000000800010C0 (0x008E8E93) addi t4, t4, 0x8
x29 <- 0xFFFFFFFFFFF60008

mem[X,0x00000000800010C4] -> 0x9E93
mem[X,0x00000000800010C6] -> 0x00BE
[1078] [M]: 0x00000000800010C4 (0x00BE9E93) slli t4, t4, 0xb
x29 <- 0xFFFFFFFFB0004000

mem[X,0x00000000800010C8] -> 0x8E93
mem[X,0x00000000800010CA] -> 0x400E
[1079] [M]: 0x00000000800010C8 (0x400E8E93) addi t4, t4, 0x400
x29 <- 0xFFFFFFFFB0004400

mem[X,0x00000000800010CC] -> 0x9E93
mem[X,0x00000000800010CE] -> 0x00BE
[1080] [M]: 0x00000000800010CC (0x00BE9E93) slli t4, t4, 0xb
x29 <- 0xFFFFFD8002200000

mem[X,0x00000000800010D0] -> 0x8E93
mem[X,0x00000000800010D2] -> 0x03FE
[1081] [M]: 0x00000000800010D0 (0x03FE8E93) addi t4, t4, 0x3f
x29 <- 0xFFFFFD800220003F

mem[X,0x00000000800010D4] -> 0x9E93
mem[X,0x00000000800010D6] -> 0x00AE
[1082] [M]: 0x00000000800010D4 (0x00AE9E93) slli t4, t4, 0xa
x29 <- 0xFFF600088000FC00

mem[X,0x00000000800010D8] -> 0x8E93
mem[X,0x00000000800010DA] -> 0x3FDE
[1083] [M]: 0x00000000800010D8 (0x3FDE8E93) addi t4, t4, 0x3fd
x29 <- 0xFFF600088000FFFD

mem[X,0x00000000800010DC] -> 0x0FBB
mem[X,0x00000000800010DE] -> 0xC9DF
[1084] [M]: 0x00000000800010DC (0xC9DF0FBB) pdif.h t6, t5, t4
x31 <- 0x000808097BFF0000

mem[X,0x00000000800010E0] -> 0xBC23
mem[X,0x00000000800010E2] -> 0x0BF0
[1085] [M]: 0x00000000800010E0 (0x0BF0BC23) sd t6, 0xb8(ra)
mem[0x00000000800042C0] <- 0x000808097BFF0000

mem[X,0x00000000800010E4] -> 0x0F37
mem[X,0x00000000800010E6] -> 0x1000
[1086] [M]: 0x00000000800010E4 (0x10000F37) lui t5, 0x10000
x30 <- 0x0000000010000000

mem[X,0x00000000800010E8] -> 0x0F13
mem[X,0x00000000800010EA] -> 0x004F
[1087] [M]: 0x00000000800010E8 (0x004F0F13) addi t5, t5, 0x4
x30 <- 0x0000000010000004

mem[X,0x00000000800010EC] -> 0x1F13
mem[X,0x00000000800010EE] -> 0x00BF
[1088] [M]: 0x00000000800010EC (0x00BF1F13) slli t5, t5, 0xb
x30 <- 0x0000008000002000

mem[X,0x00000000800010F0] -> 0x0F13
mem[X,0x00000000800010F2] -> 0x000F
[1089] [M]: 0x00000000800010F0 (0x000F0F13) addi t5, t5, 0x0
x30 <- 0x0000008000002000

mem[X,0x00000000800010F4] -> 0x1F13
mem[X,0x00000000800010F6] -> 0x00BF
[1090] [M]: 0x00000000800010F4 (0x00BF1F13) slli t5, t5, 0xb
x30 <- 0x0004000001000000

mem[X,0x00000000800010F8] -> 0x0F13
mem[X,0x00000000800010FA] -> 0x077F
[1091] [M]: 0x00000000800010F8 (0x077F0F13) addi t5, t5, 0x77
x30 <- 0x0004000001000077

mem[X,0x00000000800010FC] -> 0x1F13
mem[X,0x00000000800010FE] -> 0x00AF
[1092] [M]: 0x00000000800010FC (0x00AF1F13) slli t5, t5, 0xa
x30 <- 0x100000040001DC00

mem[X,0x0000000080001100] -> 0x0F13
mem[X,0x0000000080001102] -> 0x3FFF
[1093] [M]: 0x0000000080001100 (0x3FFF0F13) addi t5, t5, 0x3ff
x30 <- 0x100000040001DFFF

mem[X,0x0000000080001104] -> 0xEEB7
mem[X,0x0000000080001106] -> 0x0400
[1094] [M]: 0x0000000080001104 (0x0400EEB7) lui t4, 0x400e
x29 <- 0x000000000400E000

mem[X,0x0000000080001108] -> 0x8E93
mem[X,0x000000008000110A] -> 0xFFFE
[1095] [M]: 0x0000000080001108 (0xFFFE8E93) addi t4, t4, -0x1
x29 <- 0x000000000400DFFF

mem[X,0x000000008000110C] -> 0x9E93
mem[X,0x000000008000110E] -> 0x00BE
[1096] [M]: 0x000000008000110C (0x00BE9E93) slli t4, t4, 0xb
x29 <- 0x0000002006FFF800

mem[X,0x0000000080001110] -> 0x8E93
mem[X,0x0000000080001112] -> 0x000E
[1097] [M]: 0x0000000080001110 (0x000E8E93) addi t4, t4, 0x0
x29 <- 0x0000002006FFF800

mem[X,0x0000000080001114] -> 0x9E93
mem[X,0x0000000080001116] -> 0x00BE
[1098] [M]: 0x0000000080001114 (0x00BE9E93) slli t4, t4, 0xb
x29 <- 0x00010037FFC00000

mem[X,0x0000000080001118] -> 0x8E93
mem[X,0x000000008000111A] -> 0x03FE
[1099] [M]: 0x0000000080001118 (0x03FE8E93) addi t4, t4, 0x3f
x29 <- 0x00010037FFC0003F

clint::tick mtime <- 0x000000000000000B
 clint timer pending at mtime 0x000000000000000B
htif::tick 0x0000000000000000
mem[X,0x000000008000111C] -> 0x9E93
mem[X,0x000000008000111E] -> 0x00AE
[1100] [M]: 0x000000008000111C (0x00AE9E93) slli t4, t4, 0xa
x29 <- 0x0400DFFF0000FC00

mem[X,0x0000000080001120] -> 0x8E93
mem[X,0x0000000080001122] -> 0x3FEE
[1101] [M]: 0x0000000080001120 (0x3FEE8E93) addi t4, t4, 0x3fe
x29 <- 0x0400DFFF0000FFFE

mem[X,0x0000000080001124] -> 0x0FBB
mem[X,0x0000000080001126] -> 0xC9DF
[1102] [M]: 0x0000000080001124 (0xC9DF0FBB) pdif.h t6, t5, t4
x31 <- 0x0C00200500011FFF

mem[X,0x0000000080001128] -> 0xB023
mem[X,0x000000008000112A] -> 0x0DF0
[1103] [M]: 0x0000000080001128 (0x0DF0B023) sd t6, 0xc0(ra)
mem[0x00000000800042C8] <- 0x0C00200500011FFF

mem[X,0x000000008000112C] -> 0x1F37
mem[X,0x000000008000112E] -> 0xFFFA
[1104] [M]: 0x000000008000112C (0xFFFA1F37) lui t5, -0x5f
x30 <- 0xFFFFFFFFFFFA1000

mem[X,0x0000000080001130] -> 0x0F13
mem[X,0x0000000080001132] -> 0x800F
[1105] [M]: 0x0000000080001130 (0x800F0F13) addi t5, t5, -0x800
x30 <- 0xFFFFFFFFFFFA0800

mem[X,0x0000000080001134] -> 0x1F13
mem[X,0x0000000080001136] -> 0x00BF
[1106] [M]: 0x0000000080001134 (0x00BF1F13) slli t5, t5, 0xb
x30 <- 0xFFFFFFFFD0400000

mem[X,0x0000000080001138] -> 0x0F13
mem[X,0x000000008000113A] -> 0x000F
[1107] [M]: 0x0000000080001138 (0x000F0F13) addi t5, t5, 0x0
x30 <- 0xFFFFFFFFD0400000

mem[X,0x000000008000113C] -> 0x1F13
mem[X,0x000000008000113E] -> 0x00BF
[1108] [M]: 0x000000008000113C (0x00BF1F13) slli t5, t5, 0xb
x30 <- 0xFFFFFE8200000000

mem[X,0x0000000080001140] -> 0x0F13
mem[X,0x0000000080001142] -> 0x23BF
[1109] [M]: 0x0000000080001140 (0x23BF0F13) addi t5, t5, 0x23b
x30 <- 0xFFFFFE820000023B

mem[X,0x0000000080001144] -> 0x1F13
mem[X,0x0000000080001146] -> 0x00AF
[1110] [M]: 0x0000000080001144 (0x00AF1F13) slli t5, t5, 0xa
x30 <- 0xFFFA08000008EC00

mem[X,0x0000000080001148] -> 0x0F13
mem[X,0x000000008000114A] -> 0x3FFF
[1111] [M]: 0x0000000080001148 (0x3FFF0F13) addi t5, t5, 0x3ff
x30 <- 0xFFFA08000008EFFF

mem[X,0x000000008000114C] -> 0x0EB7
mem[X,0x000000008000114E] -> 0xFFF9
[1112] [M]: 0x000000008000114C (0xFFF90EB7) lui t4, -0x70
x29 <- 0xFFFFFFFFFFF90000

mem[X,0x0000000080001150] -> 0x8E93
mem[X,0x0000000080001152] -> 0x005E
[1113] [M]: 0x0000000080001150 (0x005E8E93) addi t4, t4, 0x5
x29 <- 0xFFFFFFFFFFF90005

mem[X,0x0000000080001154] -> 0x9E93
mem[X,0x0000000080001156] -> 0x00BE
[1114] [M]: 0x0000000080001154 (0x00BE9E93) slli t4, t4, 0xb
x29 <- 0xFFFFFFFFC8002800

mem[X,0x0000000080001158] -> 0x8E93
mem[X,0x000000008000115A] -> 0x7FBE
[1115] [M]: 0x0000000080001158 (0x7FBE8E93) addi t4, t4, 0x7fb
x29 <- 0xFFFFFFFFC8002FFB

mem[X,0x000000008000115C] -> 0x9E93
mem[X,0x000000008000115E] -> 0x00BE
[1116] [M]: 0x000000008000115C (0x00BE9E93) slli t4, t4, 0xb
x29 <- 0xFFFFFE40017FD800

mem[X,0x0000000080001160] -> 0x8E93
mem[X,0x0000000080001162] -> 0x7C0E
[1117] [M]: 0x0000000080001160 (0x7C0E8E93) addi t4, t4, 0x7c0
x29 <- 0xFFFFFE40017FDFC0

mem[X,0x0000000080001164] -> 0x9E93
mem[X,0x0000000080001166] -> 0x00AE
[1118] [M]: 0x0000000080001164 (0x00AE9E93) slli t4, t4, 0xa
x29 <- 0xFFF90005FF7F0000

mem[X,0x0000000080001168] -> 0x8E93
mem[X,0x000000008000116A] -> 0x200E
[1119] [M]: 0x0000000080001168 (0x200E8E93) addi t4, t4, 0x200
x29 <- 0xFFF90005FF7F0200

mem[X,0x000000008000116C] -> 0x0FBB
mem[X,0x000000008000116E] -> 0xC9DF
[1120] [M]: 0x000000008000116C (0xC9DF0FBB) pdif.h t6, t5, t4
x31 <- 0x000107FB00891201

mem[X,0x0000000080001170] -> 0xB423
mem[X,0x0000000080001172] -> 0x0DF0
[1121] [M]: 0x0000000080001170 (0x0DF0B423) sd t6, 0xc8(ra)
mem[0x00000000800042D0] <- 0x000107FB00891201

mem[X,0x0000000080001174] -> 0x0F37
mem[X,0x0000000080001176] -> 0xFFE0
[1122] [M]: 0x0000000080001174 (0xFFE00F37) lui t5, -0x200
x30 <- 0xFFFFFFFFFFE00000

mem[X,0x0000000080001178] -> 0x0F13
mem[X,0x000000008000117A] -> 0xFFCF
[1123] [M]: 0x0000000080001178 (0xFFCF0F13) addi t5, t5, -0x4
x30 <- 0xFFFFFFFFFFDFFFFC

mem[X,0x000000008000117C] -> 0x1F13
mem[X,0x000000008000117E] -> 0x00BF
[1124] [M]: 0x000000008000117C (0x00BF1F13) slli t5, t5, 0xb
x30 <- 0xFFFFFFFEFFFFE000

mem[X,0x0000000080001180] -> 0x0F13
mem[X,0x0000000080001182] -> 0x001F
[1125] [M]: 0x0000000080001180 (0x001F0F13) addi t5, t5, 0x1
x30 <- 0xFFFFFFFEFFFFE001

mem[X,0x0000000080001184] -> 0x1F13
mem[X,0x0000000080001186] -> 0x00BF
[1126] [M]: 0x0000000080001184 (0x00BF1F13) slli t5, t5, 0xb
x30 <- 0xFFFFF7FFFF000800

mem[X,0x0000000080001188] -> 0x0F13
mem[X,0x000000008000118A] -> 0x004F
[1127] [M]: 0x0000000080001188 (0x004F0F13) addi t5, t5, 0x4
x30 <- 0xFFFFF7FFFF000804

mem[X,0x000000008000118C] -> 0x1F13
mem[X,0x000000008000118E] -> 0x00AF
[1128] [M]: 0x000000008000118C (0x00AF1F13) slli t5, t5, 0xa
x30 <- 0xFFDFFFFC00201000

mem[X,0x0000000080001190] -> 0x0EB7
mem[X,0x0000000080001192] -> 0x5556
[1129] [M]: 0x0000000080001190 (0x55560EB7) lui t4, 0x55560
x29 <- 0x0000000055560000

mem[X,0x0000000080001194] -> 0x8E93
mem[X,0x0000000080001196] -> 0xFF8E
[1130] [M]: 0x0000000080001194 (0xFF8E8E93) addi t4, t4, -0x8
x29 <- 0x000000005555FFF8

mem[X,0x0000000080001198] -> 0x9E93
mem[X,0x000000008000119A] -> 0x00BE
[1131] [M]: 0x0000000080001198 (0x00BE9E93) slli t4, t4, 0xb
x29 <- 0x000002AAAFFFC000

mem[X,0x000000008000119C] -> 0x8E93
mem[X,0x000000008000119E] -> 0x3FFE
[1132] [M]: 0x000000008000119C (0x3FFE8E93) addi t4, t4, 0x3ff
x29 <- 0x000002AAAFFFC3FF

mem[X,0x00000000800011A0] -> 0x9E93
mem[X,0x00000000800011A2] -> 0x00BE
[1133] [M]: 0x00000000800011A0 (0x00BE9E93) slli t4, t4, 0xb
x29 <- 0x0015557FFE1FF800

mem[X,0x00000000800011A4] -> 0x8E93
mem[X,0x00000000800011A6] -> 0x7C0E
[1134] [M]: 0x00000000800011A4 (0x7C0E8E93) addi t4, t4, 0x7c0
x29 <- 0x0015557FFE1FFFC0

mem[X,0x00000000800011A8] -> 0x9E93
mem[X,0x00000000800011AA] -> 0x00AE
[1135] [M]: 0x00000000800011A8 (0x00AE9E93) slli t4, t4, 0xa
x29 <- 0x5555FFF87FFF0000

mem[X,0x00000000800011AC] -> 0x8E93
mem[X,0x00000000800011AE] -> 0x002E
[1136] [M]: 0x00000000800011AC (0x002E8E93) addi t4, t4, 0x2
x29 <- 0x5555FFF87FFF0002

mem[X,0x00000000800011B0] -> 0x0FBB
mem[X,0x00000000800011B2] -> 0xC9DF
[1137] [M]: 0x00000000800011B0 (0xC9DF0FBB) pdif.h t6, t5, t4
x31 <- 0x557600047FDF0FFE

mem[X,0x00000000800011B4] -> 0xB823
mem[X,0x00000000800011B6] -> 0x0DF0
[1138] [M]: 0x00000000800011B4 (0x0DF0B823) sd t6, 0xd0(ra)
mem[0x00000000800042D8] <- 0x557600047FDF0FFE

mem[X,0x00000000800011B8] -> 0x0F37
mem[X,0x00000000800011BA] -> 0xBFFF
[1139] [M]: 0x00000000800011B8 (0xBFFF0F37) lui t5, -0x40010
x30 <- 0xFFFFFFFFBFFF0000

mem[X,0x00000000800011BC] -> 0x0F13
mem[X,0x00000000800011BE] -> 0x040F
[1140] [M]: 0x00000000800011BC (0x040F0F13) addi t5, t5, 0x40
x30 <- 0xFFFFFFFFBFFF0040

mem[X,0x00000000800011C0] -> 0x1F13
mem[X,0x00000000800011C2] -> 0x00BF
[1141] [M]: 0x00000000800011C0 (0x00BF1F13) slli t5, t5, 0xb
x30 <- 0xFFFFFDFFF8020000

mem[X,0x00000000800011C4] -> 0x0F13
mem[X,0x00000000800011C6] -> 0x002F
[1142] [M]: 0x00000000800011C4 (0x002F0F13) addi t5, t5, 0x2
x30 <- 0xFFFFFDFFF8020002

mem[X,0x00000000800011C8] -> 0x1F13
mem[X,0x00000000800011CA] -> 0x00BF
[1143] [M]: 0x00000000800011C8 (0x00BF1F13) slli t5, t5, 0xb
x30 <- 0xFFEFFFC010001000

mem[X,0x00000000800011CC] -> 0x0F13
mem[X,0x00000000800011CE] -> 0x03FF
[1144] [M]: 0x00000000800011CC (0x03FF0F13) addi t5, t5, 0x3f
x30 <- 0xFFEFFFC01000103F

mem[X,0x00000000800011D0] -> 0x1F13
mem[X,0x00000000800011D2] -> 0x00AF
[1145] [M]: 0x00000000800011D0 (0x00AF1F13) slli t5, t5, 0xa
x30 <- 0xBFFF00400040FC00

mem[X,0x00000000800011D4] -> 0x0F13
mem[X,0x00000000800011D6] -> 0x3FCF
[1146] [M]: 0x00000000800011D4 (0x3FCF0F13) addi t5, t5, 0x3fc
x30 <- 0xBFFF00400040FFFC

mem[X,0x00000000800011D8] -> 0x0EB7
mem[X,0x00000000800011DA] -> 0x8000
[1147] [M]: 0x00000000800011D8 (0x80000EB7) lui t4, -0x80000
x29 <- 0xFFFFFFFF80000000

mem[X,0x00000000800011DC] -> 0x8E93
mem[X,0x00000000800011DE] -> 0x020E
[1148] [M]: 0x00000000800011DC (0x020E8E93) addi t4, t4, 0x20
x29 <- 0xFFFFFFFF80000020

mem[X,0x00000000800011E0] -> 0x9E93
mem[X,0x00000000800011E2] -> 0x00BE
[1149] [M]: 0x00000000800011E0 (0x00BE9E93) slli t4, t4, 0xb
x29 <- 0xFFFFFC0000010000

mem[X,0x00000000800011E4] -> 0x8E93
mem[X,0x00000000800011E6] -> 0x555E
[1150] [M]: 0x00000000800011E4 (0x555E8E93) addi t4, t4, 0x555
x29 <- 0xFFFFFC0000010555

mem[X,0x00000000800011E8] -> 0x9E93
mem[X,0x00000000800011EA] -> 0x00BE
[1151] [M]: 0x00000000800011E8 (0x00BE9E93) slli t4, t4, 0xb
x29 <- 0xFFE00000082AA800

mem[X,0x00000000800011EC] -> 0x8E93
mem[X,0x00000000800011EE] -> 0x280E
[1152] [M]: 0x00000000800011EC (0x280E8E93) addi t4, t4, 0x280
x29 <- 0xFFE00000082AAA80

mem[X,0x00000000800011F0] -> 0x9E93
mem[X,0x00000000800011F2] -> 0x00AE
[1153] [M]: 0x00000000800011F0 (0x00AE9E93) slli t4, t4, 0xa
x29 <- 0x80000020AAAA0000

mem[X,0x00000000800011F4] -> 0x8E93
mem[X,0x00000000800011F6] -> 0x200E
[1154] [M]: 0x00000000800011F4 (0x200E8E93) addi t4, t4, 0x200
x29 <- 0x80000020AAAA0200

mem[X,0x00000000800011F8] -> 0x0FBB
mem[X,0x00000000800011FA] -> 0xC9DF
[1155] [M]: 0x00000000800011F8 (0xC9DF0FBB) pdif.h t6, t5, t4
x31 <- 0x3FFF002055960204

mem[X,0x00000000800011FC] -> 0xBC23
mem[X,0x00000000800011FE] -> 0x0DF0
[1156] [M]: 0x00000000800011FC (0x0DF0BC23) sd t6, 0xd8(ra)
mem[0x00000000800042E0] <- 0x3FFF002055960204

mem[X,0x0000000080001200] -> 0x0F37
mem[X,0x0000000080001202] -> 0x4001
[1157] [M]: 0x0000000080001200 (0x40010F37) lui t5, 0x40010
x30 <- 0x0000000040010000

mem[X,0x0000000080001204] -> 0x0F13
mem[X,0x0000000080001206] -> 0xFF7F
[1158] [M]: 0x0000000080001204 (0xFF7F0F13) addi t5, t5, -0x9
x30 <- 0x000000004000FFF7

mem[X,0x0000000080001208] -> 0x1F13
mem[X,0x000000008000120A] -> 0x00BF
[1159] [M]: 0x0000000080001208 (0x00BF1F13) slli t5, t5, 0xb
x30 <- 0x0000020007FFB800

mem[X,0x000000008000120C] -> 0x0F13
mem[X,0x000000008000120E] -> 0x004F
[1160] [M]: 0x000000008000120C (0x004F0F13) addi t5, t5, 0x4
x30 <- 0x0000020007FFB804

mem[X,0x0000000080001210] -> 0x1F13
mem[X,0x0000000080001212] -> 0x00BF
[1161] [M]: 0x0000000080001210 (0x00BF1F13) slli t5, t5, 0xb
x30 <- 0x0010003FFDC02000

mem[X,0x0000000080001214] -> 0x0F13
mem[X,0x0000000080001216] -> 0x000F
[1162] [M]: 0x0000000080001214 (0x000F0F13) addi t5, t5, 0x0
x30 <- 0x0010003FFDC02000

mem[X,0x0000000080001218] -> 0x1F13
mem[X,0x000000008000121A] -> 0x00AF
[1163] [M]: 0x0000000080001218 (0x00AF1F13) slli t5, t5, 0xa
x30 <- 0x4000FFF700800000

mem[X,0x000000008000121C] -> 0x0F13
mem[X,0x000000008000121E] -> 0x002F
[1164] [M]: 0x000000008000121C (0x002F0F13) addi t5, t5, 0x2
x30 <- 0x4000FFF700800002

mem[X,0x0000000080001220] -> 0x0EB7
mem[X,0x0000000080001222] -> 0xFFFC
[1165] [M]: 0x0000000080001220 (0xFFFC0EB7) lui t4, -0x40
x29 <- 0xFFFFFFFFFFFC0000

mem[X,0x0000000080001224] -> 0x8E93
mem[X,0x0000000080001226] -> 0xFEFE
[1166] [M]: 0x0000000080001224 (0xFEFE8E93) addi t4, t4, -0x11
x29 <- 0xFFFFFFFFFFFBFFEF

mem[X,0x0000000080001228] -> 0x9E93
mem[X,0x000000008000122A] -> 0x00BE
[1167] [M]: 0x0000000080001228 (0x00BE9E93) slli t4, t4, 0xb
x29 <- 0xFFFFFFFFDFFF7800

mem[X,0x000000008000122C] -> 0x8E93
mem[X,0x000000008000122E] -> 0x001E
[1168] [M]: 0x000000008000122C (0x001E8E93) addi t4, t4, 0x1
x29 <- 0xFFFFFFFFDFFF7801

mem[X,0x0000000080001230] -> 0x9E93
mem[X,0x0000000080001232] -> 0x00BE
[1169] [M]: 0x0000000080001230 (0x00BE9E93) slli t4, t4, 0xb
x29 <- 0xFFFFFEFFFBC00800

mem[X,0x0000000080001234] -> 0x8E93
mem[X,0x0000000080001236] -> 0x000E
[1170] [M]: 0x0000000080001234 (0x000E8E93) addi t4, t4, 0x0
x29 <- 0xFFFFFEFFFBC00800

mem[X,0x0000000080001238] -> 0x9E93
mem[X,0x000000008000123A] -> 0x00AE
[1171] [M]: 0x0000000080001238 (0x00AE9E93) slli t4, t4, 0xa
x29 <- 0xFFFBFFEF00200000

mem[X,0x000000008000123C] -> 0x8E93
mem[X,0x000000008000123E] -> 0x080E
[1172] [M]: 0x000000008000123C (0x080E8E93) addi t4, t4, 0x80
x29 <- 0xFFFBFFEF00200080

mem[X,0x0000000080001240] -> 0x0FBB
mem[X,0x0000000080001242] -> 0xC9DF
[1173] [M]: 0x0000000080001240 (0xC9DF0FBB) pdif.h t6, t5, t4
x31 <- 0x400500080060007E

mem[X,0x0000000080001244] -> 0xB023
mem[X,0x0000000080001246] -> 0x0FF0
[1174] [M]: 0x0000000080001244 (0x0FF0B023) sd t6, 0xe0(ra)
mem[0x00000000800042E8] <- 0x400500080060007E

mem[X,0x0000000080001248] -> 0x0F37
mem[X,0x000000008000124A] -> 0x4000
[1175] [M]: 0x0000000080001248 (0x40000F37) lui t5, 0x40000
x30 <- 0x0000000040000000

mem[X,0x000000008000124C] -> 0x0F13
mem[X,0x000000008000124E] -> 0xDFFF
[1176] [M]: 0x000000008000124C (0xDFFF0F13) addi t5, t5, -0x201
x30 <- 0x000000003FFFFDFF

mem[X,0x0000000080001250] -> 0x1F13
mem[X,0x0000000080001252] -> 0x00BF
[1177] [M]: 0x0000000080001250 (0x00BF1F13) slli t5, t5, 0xb
x30 <- 0x000001FFFFEFF800

mem[X,0x0000000080001254] -> 0x0F13
mem[X,0x0000000080001256] -> 0x040F
[1178] [M]: 0x0000000080001254 (0x040F0F13) addi t5, t5, 0x40
x30 <- 0x000001FFFFEFF840

mem[X,0x0000000080001258] -> 0x1F13
mem[X,0x000000008000125A] -> 0x00BF
[1179] [M]: 0x0000000080001258 (0x00BF1F13) slli t5, t5, 0xb
x30 <- 0x000FFFFF7FC20000

mem[X,0x000000008000125C] -> 0x0F13
mem[X,0x000000008000125E] -> 0x03FF
[1180] [M]: 0x000000008000125C (0x03FF0F13) addi t5, t5, 0x3f
x30 <- 0x000FFFFF7FC2003F

mem[X,0x0000000080001260] -> 0x1F13
mem[X,0x0000000080001262] -> 0x00AF
[1181] [M]: 0x0000000080001260 (0x00AF1F13) slli t5, t5, 0xa
x30 <- 0x3FFFFDFF0800FC00

mem[X,0x0000000080001264] -> 0x0F13
mem[X,0x0000000080001266] -> 0x2FFF
[1182] [M]: 0x0000000080001264 (0x2FFF0F13) addi t5, t5, 0x2ff
x30 <- 0x3FFFFDFF0800FEFF

mem[X,0x0000000080001268] -> 0xCEB7
mem[X,0x000000008000126A] -> 0xFFFF
[1183] [M]: 0x0000000080001268 (0xFFFFCEB7) lui t4, -0x4
x29 <- 0xFFFFFFFFFFFFC000

mem[X,0x000000008000126C] -> 0x8E93
mem[X,0x000000008000126E] -> 0x000E
[1184] [M]: 0x000000008000126C (0x000E8E93) addi t4, t4, 0x0
x29 <- 0xFFFFFFFFFFFFC000

mem[X,0x0000000080001270] -> 0x9E93
mem[X,0x0000000080001272] -> 0x00BE
[1185] [M]: 0x0000000080001270 (0x00BE9E93) slli t4, t4, 0xb
x29 <- 0xFFFFFFFFFE000000

mem[X,0x0000000080001274] -> 0x8E93
mem[X,0x0000000080001276] -> 0x000E
[1186] [M]: 0x0000000080001274 (0x000E8E93) addi t4, t4, 0x0
x29 <- 0xFFFFFFFFFE000000

mem[X,0x0000000080001278] -> 0x9E93
mem[X,0x000000008000127A] -> 0x00BE
[1187] [M]: 0x0000000080001278 (0x00BE9E93) slli t4, t4, 0xb
x29 <- 0xFFFFFFF000000000

mem[X,0x000000008000127C] -> 0x8E93
mem[X,0x000000008000127E] -> 0x1C0E
[1188] [M]: 0x000000008000127C (0x1C0E8E93) addi t4, t4, 0x1c0
x29 <- 0xFFFFFFF0000001C0

mem[X,0x0000000080001280] -> 0x9E93
mem[X,0x0000000080001282] -> 0x00AE
[1189] [M]: 0x0000000080001280 (0x00AE9E93) slli t4, t4, 0xa
x29 <- 0xFFFFC00000070000

mem[X,0x0000000080001284] -> 0x8E93
mem[X,0x0000000080001286] -> 0x010E
[1190] [M]: 0x0000000080001284 (0x010E8E93) addi t4, t4, 0x10
x29 <- 0xFFFFC00000070010

mem[X,0x0000000080001288] -> 0x0FBB
mem[X,0x000000008000128A] -> 0xC9DF
[1191] [M]: 0x0000000080001288 (0xC9DF0FBB) pdif.h t6, t5, t4
x31 <- 0x40003DFF07F90111

mem[X,0x000000008000128C] -> 0xB423
mem[X,0x000000008000128E] -> 0x0FF0
[1192] [M]: 0x000000008000128C (0x0FF0B423) sd t6, 0xe8(ra)
mem[0x00000000800042F0] <- 0x40003DFF07F90111

mem[X,0x0000000080001290] -> 0x0F37
mem[X,0x0000000080001292] -> 0xFFEF
[1193] [M]: 0x0000000080001290 (0xFFEF0F37) lui t5, -0x110
x30 <- 0xFFFFFFFFFFEF0000

mem[X,0x0000000080001294] -> 0x0F13
mem[X,0x0000000080001296] -> 0x009F
[1194] [M]: 0x0000000080001294 (0x009F0F13) addi t5, t5, 0x9
x30 <- 0xFFFFFFFFFFEF0009

mem[X,0x0000000080001298] -> 0x1F13
mem[X,0x000000008000129A] -> 0x00BF
[1195] [M]: 0x0000000080001298 (0x00BF1F13) slli t5, t5, 0xb
x30 <- 0xFFFFFFFF78004800

mem[X,0x000000008000129C] -> 0x0F13
mem[X,0x000000008000129E] -> 0x7EFF
[1196] [M]: 0x000000008000129C (0x7EFF0F13) addi t5, t5, 0x7ef
x30 <- 0xFFFFFFFF78004FEF

mem[X,0x00000000800012A0] -> 0x1F13
mem[X,0x00000000800012A2] -> 0x00BF
[1197] [M]: 0x00000000800012A0 (0x00BF1F13) slli t5, t5, 0xb
x30 <- 0xFFFFFBC0027F7800

mem[X,0x00000000800012A4] -> 0x0F13
mem[X,0x00000000800012A6] -> 0x7C4F
[1198] [M]: 0x00000000800012A4 (0x7C4F0F13) addi t5, t5, 0x7c4
x30 <- 0xFFFFFBC0027F7FC4

mem[X,0x00000000800012A8] -> 0x1F13
mem[X,0x00000000800012AA] -> 0x00AF
[1199] [M]: 0x00000000800012A8 (0x00AF1F13) slli t5, t5, 0xa
x30 <- 0xFFEF0009FDFF1000

clint::tick mtime <- 0x000000000000000C
 clint timer pending at mtime 0x000000000000000C
htif::tick 0x0000000000000000
mem[X,0x00000000800012AC] -> 0x0EB7
mem[X,0x00000000800012AE] -> 0xF800
[1200] [M]: 0x00000000800012AC (0xF8000EB7) lui t4, -0x8000
x29 <- 0xFFFFFFFFF8000000

mem[X,0x00000000800012B0] -> 0x8E93
mem[X,0x00000000800012B2] -> 0xFFFE
[1201] [M]: 0x00000000800012B0 (0xFFFE8E93) addi t4, t4, -0x1
x29 <- 0xFFFFFFFFF7FFFFFF

mem[X,0x00000000800012B4] -> 0x9E93
mem[X,0x00000000800012B6] -> 0x00BE
[1202] [M]: 0x00000000800012B4 (0x00BE9E93) slli t4, t4, 0xb
x29 <- 0xFFFFFFBFFFFFF800

mem[X,0x00000000800012B8] -> 0x8E93
mem[X,0x00000000800012BA] -> 0x7FDE
[1203] [M]: 0x00000000800012B8 (0x7FDE8E93) addi t4, t4, 0x7fd
x29 <- 0xFFFFFFBFFFFFFFFD

mem[X,0x00000000800012BC] -> 0x9E93
mem[X,0x00000000800012BE] -> 0x00BE
[1204] [M]: 0x00000000800012BC (0x00BE9E93) slli t4, t4, 0xb
x29 <- 0xFFFDFFFFFFFFE800

mem[X,0x00000000800012C0] -> 0x8E93
mem[X,0x00000000800012C2] -> 0x7EAE
[1205] [M]: 0x00000000800012C0 (0x7EAE8E93) addi t4, t4, 0x7ea
x29 <- 0xFFFDFFFFFFFFEFEA

mem[X,0x00000000800012C4] -> 0x9E93
mem[X,0x00000000800012C6] -> 0x00AE
[1206] [M]: 0x00000000800012C4 (0x00AE9E93) slli t4, t4, 0xa
x29 <- 0xF7FFFFFFFFBFA800

mem[X,0x00000000800012C8] -> 0x8E93
mem[X,0x00000000800012CA] -> 0x2AAE
[1207] [M]: 0x00000000800012C8 (0x2AAE8E93) addi t4, t4, 0x2aa
x29 <- 0xF7FFFFFFFFBFAAAA

mem[X,0x00000000800012CC] -> 0x0FBB
mem[X,0x00000000800012CE] -> 0xC9DF
[1208] [M]: 0x00000000800012CC (0xC9DF0FBB) pdif.h t6, t5, t4
x31 <- 0x07F0000A01C06556

mem[X,0x00000000800012D0] -> 0xB823
mem[X,0x00000000800012D2] -> 0x0FF0
[1209] [M]: 0x00000000800012D0 (0x0FF0B823) sd t6, 0xf0(ra)
mem[0x00000000800042F8] <- 0x07F0000A01C06556

mem[X,0x00000000800012D4] -> 0x0F37
mem[X,0x00000000800012D6] -> 0xFE00
[1210] [M]: 0x00000000800012D4 (0xFE000F37) lui t5, -0x2000
x30 <- 0xFFFFFFFFFE000000

mem[X,0x00000000800012D8] -> 0x0F13
mem[X,0x00000000800012DA] -> 0xFF6F
[1211] [M]: 0x00000000800012D8 (0xFF6F0F13) addi t5, t5, -0xa
x30 <- 0xFFFFFFFFFDFFFFF6

mem[X,0x00000000800012DC] -> 0x1F13
mem[X,0x00000000800012DE] -> 0x00BF
[1212] [M]: 0x00000000800012DC (0x00BF1F13) slli t5, t5, 0xb
x30 <- 0xFFFFFFEFFFFFB000

mem[X,0x00000000800012E0] -> 0x0F13
mem[X,0x00000000800012E2] -> 0x6FFF
[1213] [M]: 0x00000000800012E0 (0x6FFF0F13) addi t5, t5, 0x6ff
x30 <- 0xFFFFFFEFFFFFB6FF

mem[X,0x00000000800012E4] -> 0x1F13
mem[X,0x00000000800012E6] -> 0x00BF
[1214] [M]: 0x00000000800012E4 (0x00BF1F13) slli t5, t5, 0xb
x30 <- 0xFFFF7FFFFDB7F800

mem[X,0x00000000800012E8] -> 0x0F13
mem[X,0x00000000800012EA] -> 0x7FFF
[1215] [M]: 0x00000000800012E8 (0x7FFF0F13) addi t5, t5, 0x7ff
x30 <- 0xFFFF7FFFFDB7FFFF

mem[X,0x00000000800012EC] -> 0x1F13
mem[X,0x00000000800012EE] -> 0x00AF
[1216] [M]: 0x00000000800012EC (0x00AF1F13) slli t5, t5, 0xa
x30 <- 0xFDFFFFF6DFFFFC00

mem[X,0x00000000800012F0] -> 0x0F13
mem[X,0x00000000800012F2] -> 0x1FFF
[1217] [M]: 0x00000000800012F0 (0x1FFF0F13) addi t5, t5, 0x1ff
x30 <- 0xFDFFFFF6DFFFFDFF

mem[X,0x00000000800012F4] -> 0x0EB7
mem[X,0x00000000800012F6] -> 0x2000
[1218] [M]: 0x00000000800012F4 (0x20000EB7) lui t4, 0x20000
x29 <- 0x0000000020000000

mem[X,0x00000000800012F8] -> 0x8E93
mem[X,0x00000000800012FA] -> 0x040E
[1219] [M]: 0x00000000800012F8 (0x040E8E93) addi t4, t4, 0x40
x29 <- 0x0000000020000040

mem[X,0x00000000800012FC] -> 0x9E93
mem[X,0x00000000800012FE] -> 0x00BE
[1220] [M]: 0x00000000800012FC (0x00BE9E93) slli t4, t4, 0xb
x29 <- 0x0000010000020000

mem[X,0x0000000080001300] -> 0x8E93
mem[X,0x0000000080001302] -> 0x7FEE
[1221] [M]: 0x0000000080001300 (0x7FEE8E93) addi t4, t4, 0x7fe
x29 <- 0x00000100000207FE

mem[X,0x0000000080001304] -> 0x9E93
mem[X,0x0000000080001306] -> 0x00BE
[1222] [M]: 0x0000000080001304 (0x00BE9E93) slli t4, t4, 0xb
x29 <- 0x00080000103FF000

mem[X,0x0000000080001308] -> 0x8E93
mem[X,0x000000008000130A] -> 0x7FFE
[1223] [M]: 0x0000000080001308 (0x7FFE8E93) addi t4, t4, 0x7ff
x29 <- 0x00080000103FF7FF

mem[X,0x000000008000130C] -> 0x9E93
mem[X,0x000000008000130E] -> 0x00AE
[1224] [M]: 0x000000008000130C (0x00AE9E93) slli t4, t4, 0xa
x29 <- 0x20000040FFDFFC00

mem[X,0x0000000080001310] -> 0x8E93
mem[X,0x0000000080001312] -> 0x3F7E
[1225] [M]: 0x0000000080001310 (0x3F7E8E93) addi t4, t4, 0x3f7
x29 <- 0x20000040FFDFFFF7

mem[X,0x0000000080001314] -> 0x0FBB
mem[X,0x0000000080001316] -> 0xC9DF
[1226] [M]: 0x0000000080001314 (0xC9DF0FBB) pdif.h t6, t5, t4
x31 <- 0x2201004A1FE001F8

mem[X,0x0000000080001318] -> 0xBC23
mem[X,0x000000008000131A] -> 0x0FF0
[1227] [M]: 0x0000000080001318 (0x0FF0BC23) sd t6, 0xf8(ra)
mem[0x0000000080004300] <- 0x2201004A1FE001F8

mem[X,0x000000008000131C] -> 0x0F37
mem[X,0x000000008000131E] -> 0xF7FF
[1228] [M]: 0x000000008000131C (0xF7FF0F37) lui t5, -0x8010
x30 <- 0xFFFFFFFFF7FF0000

mem[X,0x0000000080001320] -> 0x0F13
mem[X,0x0000000080001322] -> 0x100F
[1229] [M]: 0x0000000080001320 (0x100F0F13) addi t5, t5, 0x100
x30 <- 0xFFFFFFFFF7FF0100

mem[X,0x0000000080001324] -> 0x1F13
mem[X,0x0000000080001326] -> 0x00BF
[1230] [M]: 0x0000000080001324 (0x00BF1F13) slli t5, t5, 0xb
x30 <- 0xFFFFFFBFF8080000

mem[X,0x0000000080001328] -> 0x0F13
mem[X,0x000000008000132A] -> 0x7FBF
[1231] [M]: 0x0000000080001328 (0x7FBF0F13) addi t5, t5, 0x7fb
x30 <- 0xFFFFFFBFF80807FB

mem[X,0x000000008000132C] -> 0x1F13
mem[X,0x000000008000132E] -> 0x00BF
[1232] [M]: 0x000000008000132C (0x00BF1F13) slli t5, t5, 0xb
x30 <- 0xFFFDFFC0403FD800

mem[X,0x0000000080001330] -> 0x0F13
mem[X,0x0000000080001332] -> 0x7C0F
[1233] [M]: 0x0000000080001330 (0x7C0F0F13) addi t5, t5, 0x7c0
x30 <- 0xFFFDFFC0403FDFC0

mem[X,0x0000000080001334] -> 0x1F13
mem[X,0x0000000080001336] -> 0x00AF
[1234] [M]: 0x0000000080001334 (0x00AF1F13) slli t5, t5, 0xa
x30 <- 0xF7FF0100FF7F0000

mem[X,0x0000000080001338] -> 0x0F13
mem[X,0x000000008000133A] -> 0x001F
[1235] [M]: 0x0000000080001338 (0x001F0F13) addi t5, t5, 0x1
x30 <- 0xF7FF0100FF7F0001

mem[X,0x000000008000133C] -> 0x0EB7
mem[X,0x000000008000133E] -> 0x0400
[1236] [M]: 0x000000008000133C (0x04000EB7) lui t4, 0x4000
x29 <- 0x0000000004000000

mem[X,0x0000000080001340] -> 0x8E93
mem[X,0x0000000080001342] -> 0x010E
[1237] [M]: 0x0000000080001340 (0x010E8E93) addi t4, t4, 0x10
x29 <- 0x0000000004000010

mem[X,0x0000000080001344] -> 0x9E93
mem[X,0x0000000080001346] -> 0x00BE
[1238] [M]: 0x0000000080001344 (0x00BE9E93) slli t4, t4, 0xb
x29 <- 0x0000002000008000

mem[X,0x0000000080001348] -> 0x8E93
mem[X,0x000000008000134A] -> 0x555E
[1239] [M]: 0x0000000080001348 (0x555E8E93) addi t4, t4, 0x555
x29 <- 0x0000002000008555

mem[X,0x000000008000134C] -> 0x9E93
mem[X,0x000000008000134E] -> 0x00BE
[1240] [M]: 0x000000008000134C (0x00BE9E93) slli t4, t4, 0xb
x29 <- 0x00010000042AA800

mem[X,0x0000000080001350] -> 0x8E93
mem[X,0x0000000080001352] -> 0x2B0E
[1241] [M]: 0x0000000080001350 (0x2B0E8E93) addi t4, t4, 0x2b0
x29 <- 0x00010000042AAAB0

mem[X,0x0000000080001354] -> 0x9E93
mem[X,0x0000000080001356] -> 0x00AE
[1242] [M]: 0x0000000080001354 (0x00AE9E93) slli t4, t4, 0xa
x29 <- 0x04000010AAAAC000

mem[X,0x0000000080001358] -> 0x0FBB
mem[X,0x000000008000135A] -> 0xC9DF
[1243] [M]: 0x0000000080001358 (0xC9DF0FBB) pdif.h t6, t5, t4
x31 <- 0x0C0100F054D54001

mem[X,0x000000008000135C] -> 0xB023
mem[X,0x000000008000135E] -> 0x11F0
[1244] [M]: 0x000000008000135C (0x11F0B023) sd t6, 0x100(ra)
mem[0x0000000080004308] <- 0x0C0100F054D54001

mem[X,0x0000000080001360] -> 0x8F37
mem[X,0x0000000080001362] -> 0xEFFF
[1245] [M]: 0x0000000080001360 (0xEFFF8F37) lui t5, -0x10008
x30 <- 0xFFFFFFFFEFFF8000

mem[X,0x0000000080001364] -> 0x0F13
mem[X,0x0000000080001366] -> 0xFFFF
[1246] [M]: 0x0000000080001364 (0xFFFF0F13) addi t5, t5, -0x1
x30 <- 0xFFFFFFFFEFFF7FFF

mem[X,0x0000000080001368] -> 0x1F13
mem[X,0x000000008000136A] -> 0x00BF
[1247] [M]: 0x0000000080001368 (0x00BF1F13) slli t5, t5, 0xb
x30 <- 0xFFFFFF7FFBFFF800

mem[X,0x000000008000136C] -> 0x0F13
mem[X,0x000000008000136E] -> 0x7F7F
[1248] [M]: 0x000000008000136C (0x7F7F0F13) addi t5, t5, 0x7f7
x30 <- 0xFFFFFF7FFBFFFFF7

mem[X,0x0000000080001370] -> 0x1F13
mem[X,0x0000000080001372] -> 0x00BF
[1249] [M]: 0x0000000080001370 (0x00BF1F13) slli t5, t5, 0xb
x30 <- 0xFFFBFFDFFFFFB800

mem[X,0x0000000080001374] -> 0x0F13
mem[X,0x0000000080001376] -> 0x7C0F
[1250] [M]: 0x0000000080001374 (0x7C0F0F13) addi t5, t5, 0x7c0
x30 <- 0xFFFBFFDFFFFFBFC0

mem[X,0x0000000080001378] -> 0x1F13
mem[X,0x000000008000137A] -> 0x00AF
[1251] [M]: 0x0000000080001378 (0x00AF1F13) slli t5, t5, 0xa
x30 <- 0xEFFF7FFFFEFF0000

mem[X,0x000000008000137C] -> 0x0F13
mem[X,0x000000008000137E] -> 0x100F
[1252] [M]: 0x000000008000137C (0x100F0F13) addi t5, t5, 0x100
x30 <- 0xEFFF7FFFFEFF0100

mem[X,0x0000000080001380] -> 0x0EB7
mem[X,0x0000000080001382] -> 0xF800
[1253] [M]: 0x0000000080001380 (0xF8000EB7) lui t4, -0x8000
x29 <- 0xFFFFFFFFF8000000

mem[X,0x0000000080001384] -> 0x8E93
mem[X,0x0000000080001386] -> 0xEFFE
[1254] [M]: 0x0000000080001384 (0xEFFE8E93) addi t4, t4, -0x101
x29 <- 0xFFFFFFFFF7FFFEFF

mem[X,0x0000000080001388] -> 0x9E93
mem[X,0x000000008000138A] -> 0x00BE
[1255] [M]: 0x0000000080001388 (0x00BE9E93) slli t4, t4, 0xb
x29 <- 0xFFFFFFBFFFF7F800

mem[X,0x000000008000138C] -> 0x8E93
mem[X,0x000000008000138E] -> 0x7FFE
[1256] [M]: 0x000000008000138C (0x7FFE8E93) addi t4, t4, 0x7ff
x29 <- 0xFFFFFFBFFFF7FFFF

mem[X,0x0000000080001390] -> 0x9E93
mem[X,0x0000000080001392] -> 0x00BE
[1257] [M]: 0x0000000080001390 (0x00BE9E93) slli t4, t4, 0xb
x29 <- 0xFFFDFFFFBFFFF800

mem[X,0x0000000080001394] -> 0x8E93
mem[X,0x0000000080001396] -> 0x6C0E
[1258] [M]: 0x0000000080001394 (0x6C0E8E93) addi t4, t4, 0x6c0
x29 <- 0xFFFDFFFFBFFFFEC0

mem[X,0x0000000080001398] -> 0x9E93
mem[X,0x000000008000139A] -> 0x00AE
[1259] [M]: 0x0000000080001398 (0x00AE9E93) slli t4, t4, 0xa
x29 <- 0xF7FFFEFFFFFB0000

mem[X,0x000000008000139C] -> 0x8E93
mem[X,0x000000008000139E] -> 0x020E
[1260] [M]: 0x000000008000139C (0x020E8E93) addi t4, t4, 0x20
x29 <- 0xF7FFFEFFFFFB0020

mem[X,0x00000000800013A0] -> 0x0FBB
mem[X,0x00000000800013A2] -> 0xC9DF
[1261] [M]: 0x00000000800013A0 (0xC9DF0FBB) pdif.h t6, t5, t4
x31 <- 0x08007F0000FC00E0

mem[X,0x00000000800013A4] -> 0xB423
mem[X,0x00000000800013A6] -> 0x11F0
[1262] [M]: 0x00000000800013A4 (0x11F0B423) sd t6, 0x108(ra)
mem[0x0000000080004310] <- 0x08007F0000FC00E0

mem[X,0x00000000800013A8] -> 0xBF37
mem[X,0x00000000800013AA] -> 0xDFFF
[1263] [M]: 0x00000000800013A8 (0xDFFFBF37) lui t5, -0x20005
x30 <- 0xFFFFFFFFDFFFB000

mem[X,0x00000000800013AC] -> 0x0F13
mem[X,0x00000000800013AE] -> 0xAAAF
[1264] [M]: 0x00000000800013AC (0xAAAF0F13) addi t5, t5, -0x556
x30 <- 0xFFFFFFFFDFFFAAAA

mem[X,0x00000000800013B0] -> 0x1F13
mem[X,0x00000000800013B2] -> 0x00BF
[1265] [M]: 0x00000000800013B0 (0x00BF1F13) slli t5, t5, 0xb
x30 <- 0xFFFFFEFFFD555000

mem[X,0x00000000800013B4] -> 0x0F13
mem[X,0x00000000800013B6] -> 0x7FDF
[1266] [M]: 0x00000000800013B4 (0x7FDF0F13) addi t5, t5, 0x7fd
x30 <- 0xFFFFFEFFFD5557FD

mem[X,0x00000000800013B8] -> 0x1F13
mem[X,0x00000000800013BA] -> 0x00BF
[1267] [M]: 0x00000000800013B8 (0x00BF1F13) slli t5, t5, 0xb
x30 <- 0xFFF7FFEAAABFE800

mem[X,0x00000000800013BC] -> 0x0F13
mem[X,0x00000000800013BE] -> 0x7C8F
[1268] [M]: 0x00000000800013BC (0x7C8F0F13) addi t5, t5, 0x7c8
x30 <- 0xFFF7FFEAAABFEFC8

mem[X,0x00000000800013C0] -> 0x1F13
mem[X,0x00000000800013C2] -> 0x00AF
[1269] [M]: 0x00000000800013C0 (0x00AF1F13) slli t5, t5, 0xa
x30 <- 0xDFFFAAAAFFBF2000

mem[X,0x00000000800013C4] -> 0x0EB7
mem[X,0x00000000800013C6] -> 0x2000
[1270] [M]: 0x00000000800013C4 (0x20000EB7) lui t4, 0x20000
x29 <- 0x0000000020000000

mem[X,0x00000000800013C8] -> 0x8E93
mem[X,0x00000000800013CA] -> 0x080E
[1271] [M]: 0x00000000800013C8 (0x080E8E93) addi t4, t4, 0x80
x29 <- 0x0000000020000080

mem[X,0x00000000800013CC] -> 0x9E93
mem[X,0x00000000800013CE] -> 0x00BE
[1272] [M]: 0x00000000800013CC (0x00BE9E93) slli t4, t4, 0xb
x29 <- 0x0000010000040000

mem[X,0x00000000800013D0] -> 0x8E93
mem[X,0x00000000800013D2] -> 0x000E
[1273] [M]: 0x00000000800013D0 (0x000E8E93) addi t4, t4, 0x0
x29 <- 0x0000010000040000

mem[X,0x00000000800013D4] -> 0x9E93
mem[X,0x00000000800013D6] -> 0x00BE
[1274] [M]: 0x00000000800013D4 (0x00BE9E93) slli t4, t4, 0xb
x29 <- 0x0008000020000000

mem[X,0x00000000800013D8] -> 0x8E93
mem[X,0x00000000800013DA] -> 0x200E
[1275] [M]: 0x00000000800013D8 (0x200E8E93) addi t4, t4, 0x200
x29 <- 0x0008000020000200

mem[X,0x00000000800013DC] -> 0x9E93
mem[X,0x00000000800013DE] -> 0x00AE
[1276] [M]: 0x00000000800013DC (0x00AE9E93) slli t4, t4, 0xa
x29 <- 0x2000008000080000

mem[X,0x00000000800013E0] -> 0x8E93
mem[X,0x00000000800013E2] -> 0x080E
[1277] [M]: 0x00000000800013E0 (0x080E8E93) addi t4, t4, 0x80
x29 <- 0x2000008000080080

mem[X,0x00000000800013E4] -> 0x0FBB
mem[X,0x00000000800013E6] -> 0xC9DF
[1278] [M]: 0x00000000800013E4 (0xC9DF0FBB) pdif.h t6, t5, t4
x31 <- 0x400155D600491F80

mem[X,0x00000000800013E8] -> 0xB823
mem[X,0x00000000800013EA] -> 0x11F0
[1279] [M]: 0x00000000800013E8 (0x11F0B823) sd t6, 0x110(ra)
mem[0x0000000080004318] <- 0x400155D600491F80

mem[X,0x00000000800013EC] -> 0x0F37
mem[X,0x00000000800013EE] -> 0x5556
[1280] [M]: 0x00000000800013EC (0x55560F37) lui t5, 0x55560
x30 <- 0x0000000055560000

mem[X,0x00000000800013F0] -> 0x0F13
mem[X,0x00000000800013F2] -> 0xFFEF
[1281] [M]: 0x00000000800013F0 (0xFFEF0F13) addi t5, t5, -0x2
x30 <- 0x000000005555FFFE

mem[X,0x00000000800013F4] -> 0x1F13
mem[X,0x00000000800013F6] -> 0x00BF
[1282] [M]: 0x00000000800013F4 (0x00BF1F13) slli t5, t5, 0xb
x30 <- 0x000002AAAFFFF000

mem[X,0x00000000800013F8] -> 0x0F13
mem[X,0x00000000800013FA] -> 0x000F
[1283] [M]: 0x00000000800013F8 (0x000F0F13) addi t5, t5, 0x0
x30 <- 0x000002AAAFFFF000

mem[X,0x00000000800013FC] -> 0x1F13
mem[X,0x00000000800013FE] -> 0x00BF
[1284] [M]: 0x00000000800013FC (0x00BF1F13) slli t5, t5, 0xb
x30 <- 0x0015557FFF800000

mem[X,0x0000000080001400] -> 0x0F13
mem[X,0x0000000080001402] -> 0x13FF
[1285] [M]: 0x0000000080001400 (0x13FF0F13) addi t5, t5, 0x13f
x30 <- 0x0015557FFF80013F

mem[X,0x0000000080001404] -> 0x1F13
mem[X,0x0000000080001406] -> 0x00AF
[1286] [M]: 0x0000000080001404 (0x00AF1F13) slli t5, t5, 0xa
x30 <- 0x5555FFFE0004FC00

mem[X,0x0000000080001408] -> 0x0F13
mem[X,0x000000008000140A] -> 0x3FDF
[1287] [M]: 0x0000000080001408 (0x3FDF0F13) addi t5, t5, 0x3fd
x30 <- 0x5555FFFE0004FFFD

mem[X,0x000000008000140C] -> 0x4EB7
mem[X,0x000000008000140E] -> 0x0006
[1288] [M]: 0x000000008000140C (0x00064EB7) lui t4, 0x64
x29 <- 0x0000000000064000

mem[X,0x0000000080001410] -> 0x8E93
mem[X,0x0000000080001412] -> 0xFFFE
[1289] [M]: 0x0000000080001410 (0xFFFE8E93) addi t4, t4, -0x1
x29 <- 0x0000000000063FFF

mem[X,0x0000000080001414] -> 0x9E93
mem[X,0x0000000080001416] -> 0x00BE
[1290] [M]: 0x0000000080001414 (0x00BE9E93) slli t4, t4, 0xb
x29 <- 0x0000000031FFF800

mem[X,0x0000000080001418] -> 0x8E93
mem[X,0x000000008000141A] -> 0x7FFE
[1291] [M]: 0x0000000080001418 (0x7FFE8E93) addi t4, t4, 0x7ff
x29 <- 0x0000000031FFFFFF

mem[X,0x000000008000141C] -> 0x9E93
mem[X,0x000000008000141E] -> 0x00BE
[1292] [M]: 0x000000008000141C (0x00BE9E93) slli t4, t4, 0xb
x29 <- 0x0000018FFFFFF800

mem[X,0x0000000080001420] -> 0x8E93
mem[X,0x0000000080001422] -> 0x7BFE
[1293] [M]: 0x0000000080001420 (0x7BFE8E93) addi t4, t4, 0x7bf
x29 <- 0x0000018FFFFFFFBF

mem[X,0x0000000080001424] -> 0x9E93
mem[X,0x0000000080001426] -> 0x00AE
[1294] [M]: 0x0000000080001424 (0x00AE9E93) slli t4, t4, 0xa
x29 <- 0x00063FFFFFFEFC00

mem[X,0x0000000080001428] -> 0x8E93
mem[X,0x000000008000142A] -> 0x3F8E
[1295] [M]: 0x0000000080001428 (0x3F8E8E93) addi t4, t4, 0x3f8
x29 <- 0x00063FFFFFFEFFF8

mem[X,0x000000008000142C] -> 0x0FBB
mem[X,0x000000008000142E] -> 0xC9DF
[1296] [M]: 0x000000008000142C (0xC9DF0FBB) pdif.h t6, t5, t4
x31 <- 0x554F400100060005

mem[X,0x0000000080001430] -> 0xBC23
mem[X,0x0000000080001432] -> 0x11F0
[1297] [M]: 0x0000000080001430 (0x11F0BC23) sd t6, 0x118(ra)
mem[0x0000000080004320] <- 0x554F400100060005

mem[X,0x0000000080001434] -> 0x0F37
mem[X,0x0000000080001436] -> 0xAAAA
[1298] [M]: 0x0000000080001434 (0xAAAA0F37) lui t5, -0x55560
x30 <- 0xFFFFFFFFAAAA0000

mem[X,0x0000000080001438] -> 0x0F13
mem[X,0x000000008000143A] -> 0x005F
[1299] [M]: 0x0000000080001438 (0x005F0F13) addi t5, t5, 0x5
x30 <- 0xFFFFFFFFAAAA0005

clint::tick mtime <- 0x000000000000000D
 clint timer pending at mtime 0x000000000000000D
htif::tick 0x0000000000000000
mem[X,0x000000008000143C] -> 0x1F13
mem[X,0x000000008000143E] -> 0x00BF
[1300] [M]: 0x000000008000143C (0x00BF1F13) slli t5, t5, 0xb
x30 <- 0xFFFFFD5550002800

mem[X,0x0000000080001440] -> 0x0F13
mem[X,0x0000000080001442] -> 0x004F
[1301] [M]: 0x0000000080001440 (0x004F0F13) addi t5, t5, 0x4
x30 <- 0xFFFFFD5550002804

mem[X,0x0000000080001444] -> 0x1F13
mem[X,0x0000000080001446] -> 0x00BF
[1302] [M]: 0x0000000080001444 (0x00BF1F13) slli t5, t5, 0xb
x30 <- 0xFFEAAA8001402000

mem[X,0x0000000080001448] -> 0x0F13
mem[X,0x000000008000144A] -> 0x000F
[1303] [M]: 0x0000000080001448 (0x000F0F13) addi t5, t5, 0x0
x30 <- 0xFFEAAA8001402000

mem[X,0x000000008000144C] -> 0x1F13
mem[X,0x000000008000144E] -> 0x00AF
[1304] [M]: 0x000000008000144C (0x00AF1F13) slli t5, t5, 0xa
x30 <- 0xAAAA000500800000

mem[X,0x0000000080001450] -> 0x0F13
mem[X,0x0000000080001452] -> 0x080F
[1305] [M]: 0x0000000080001450 (0x080F0F13) addi t5, t5, 0x80
x30 <- 0xAAAA000500800080

mem[X,0x0000000080001454] -> 0x0EB7
mem[X,0x0000000080001456] -> 0xFFFC
[1306] [M]: 0x0000000080001454 (0xFFFC0EB7) lui t4, -0x40
x29 <- 0xFFFFFFFFFFFC0000

mem[X,0x0000000080001458] -> 0x8E93
mem[X,0x000000008000145A] -> 0x001E
[1307] [M]: 0x0000000080001458 (0x001E8E93) addi t4, t4, 0x1
x29 <- 0xFFFFFFFFFFFC0001

mem[X,0x000000008000145C] -> 0x9E93
mem[X,0x000000008000145E] -> 0x00BE
[1308] [M]: 0x000000008000145C (0x00BE9E93) slli t4, t4, 0xb
x29 <- 0xFFFFFFFFE0000800

mem[X,0x0000000080001460] -> 0x8E93
mem[X,0x0000000080001462] -> 0x555E
[1309] [M]: 0x0000000080001460 (0x555E8E93) addi t4, t4, 0x555
x29 <- 0xFFFFFFFFE0000D55

mem[X,0x0000000080001464] -> 0x9E93
mem[X,0x0000000080001466] -> 0x00BE
[1310] [M]: 0x0000000080001464 (0x00BE9E93) slli t4, t4, 0xb
x29 <- 0xFFFFFF00006AA800

mem[X,0x0000000080001468] -> 0x8E93
mem[X,0x000000008000146A] -> 0x280E
[1311] [M]: 0x0000000080001468 (0x280E8E93) addi t4, t4, 0x280
x29 <- 0xFFFFFF00006AAA80

mem[X,0x000000008000146C] -> 0x9E93
mem[X,0x000000008000146E] -> 0x00AE
[1312] [M]: 0x000000008000146C (0x00AE9E93) slli t4, t4, 0xa
x29 <- 0xFFFC0001AAAA0000

mem[X,0x0000000080001470] -> 0x8E93
mem[X,0x0000000080001472] -> 0x005E
[1313] [M]: 0x0000000080001470 (0x005E8E93) addi t4, t4, 0x5
x29 <- 0xFFFC0001AAAA0005

mem[X,0x0000000080001474] -> 0x0FBB
mem[X,0x0000000080001476] -> 0xC9DF
[1314] [M]: 0x0000000080001474 (0xC9DF0FBB) pdif.h t6, t5, t4
x31 <- 0x5552000455D6007B

mem[X,0x0000000080001478] -> 0xB023
mem[X,0x000000008000147A] -> 0x13F0
[1315] [M]: 0x0000000080001478 (0x13F0B023) sd t6, 0x120(ra)
mem[0x0000000080004328] <- 0x5552000455D6007B

mem[X,0x000000008000147C] -> 0xCF37
mem[X,0x000000008000147E] -> 0xFFFD
[1316] [M]: 0x000000008000147C (0xFFFDCF37) lui t5, -0x24
x30 <- 0xFFFFFFFFFFFDC000

mem[X,0x0000000080001480] -> 0x0F13
mem[X,0x0000000080001482] -> 0xFFFF
[1317] [M]: 0x0000000080001480 (0xFFFF0F13) addi t5, t5, -0x1
x30 <- 0xFFFFFFFFFFFDBFFF

mem[X,0x0000000080001484] -> 0x1F13
mem[X,0x0000000080001486] -> 0x00BF
[1318] [M]: 0x0000000080001484 (0x00BF1F13) slli t5, t5, 0xb
x30 <- 0xFFFFFFFFEDFFF800

mem[X,0x0000000080001488] -> 0x0F13
mem[X,0x000000008000148A] -> 0x7FFF
[1319] [M]: 0x0000000080001488 (0x7FFF0F13) addi t5, t5, 0x7ff
x30 <- 0xFFFFFFFFEDFFFFFF

mem[X,0x000000008000148C] -> 0x1F13
mem[X,0x000000008000148E] -> 0x00BF
[1320] [M]: 0x000000008000148C (0x00BF1F13) slli t5, t5, 0xb
x30 <- 0xFFFFFF6FFFFFF800

mem[X,0x0000000080001490] -> 0x0F13
mem[X,0x0000000080001492] -> 0x7FFF
[1321] [M]: 0x0000000080001490 (0x7FFF0F13) addi t5, t5, 0x7ff
x30 <- 0xFFFFFF6FFFFFFFFF

mem[X,0x0000000080001494] -> 0x1F13
mem[X,0x0000000080001496] -> 0x00AF
[1322] [M]: 0x0000000080001494 (0x00AF1F13) slli t5, t5, 0xa
x30 <- 0xFFFDBFFFFFFFFC00

mem[X,0x0000000080001498] -> 0x0F13
mem[X,0x000000008000149A] -> 0x2FFF
[1323] [M]: 0x0000000080001498 (0x2FFF0F13) addi t5, t5, 0x2ff
x30 <- 0xFFFDBFFFFFFFFEFF

mem[X,0x000000008000149C] -> 0x1EB7
mem[X,0x000000008000149E] -> 0x0040
[1324] [M]: 0x000000008000149C (0x00401EB7) lui t4, 0x401
x29 <- 0x0000000000401000

mem[X,0x00000000800014A0] -> 0x8E93
mem[X,0x00000000800014A2] -> 0x000E
[1325] [M]: 0x00000000800014A0 (0x000E8E93) addi t4, t4, 0x0
x29 <- 0x0000000000401000

mem[X,0x00000000800014A4] -> 0x9E93
mem[X,0x00000000800014A6] -> 0x00BE
[1326] [M]: 0x00000000800014A4 (0x00BE9E93) slli t4, t4, 0xb
x29 <- 0x0000000200800000

mem[X,0x00000000800014A8] -> 0x8E93
mem[X,0x00000000800014AA] -> 0x7FFE
[1327] [M]: 0x00000000800014A8 (0x7FFE8E93) addi t4, t4, 0x7ff
x29 <- 0x00000002008007FF

mem[X,0x00000000800014AC] -> 0x9E93
mem[X,0x00000000800014AE] -> 0x00BE
[1328] [M]: 0x00000000800014AC (0x00BE9E93) slli t4, t4, 0xb
x29 <- 0x00001004003FF800

mem[X,0x00000000800014B0] -> 0x8E93
mem[X,0x00000000800014B2] -> 0x740E
[1329] [M]: 0x00000000800014B0 (0x740E8E93) addi t4, t4, 0x740
x29 <- 0x00001004003FFF40

mem[X,0x00000000800014B4] -> 0x9E93
mem[X,0x00000000800014B6] -> 0x00AE
[1330] [M]: 0x00000000800014B4 (0x00AE9E93) slli t4, t4, 0xa
x29 <- 0x00401000FFFD0000

mem[X,0x00000000800014B8] -> 0x8E93
mem[X,0x00000000800014BA] -> 0x040E
[1331] [M]: 0x00000000800014B8 (0x040E8E93) addi t4, t4, 0x40
x29 <- 0x00401000FFFD0040

mem[X,0x00000000800014BC] -> 0x0FBB
mem[X,0x00000000800014BE] -> 0xC9DF
[1332] [M]: 0x00000000800014BC (0xC9DF0FBB) pdif.h t6, t5, t4
x31 <- 0x0043500100020141

mem[X,0x00000000800014C0] -> 0xB423
mem[X,0x00000000800014C2] -> 0x13F0
[1333] [M]: 0x00000000800014C0 (0x13F0B423) sd t6, 0x128(ra)
mem[0x0000000080004330] <- 0x0043500100020141

mem[X,0x00000000800014C4] -> 0xCF37
mem[X,0x00000000800014C6] -> 0x0003
[1334] [M]: 0x00000000800014C4 (0x0003CF37) lui t5, 0x3c
x30 <- 0x000000000003C000

mem[X,0x00000000800014C8] -> 0x0F13
mem[X,0x00000000800014CA] -> 0xFFFF
[1335] [M]: 0x00000000800014C8 (0xFFFF0F13) addi t5, t5, -0x1
x30 <- 0x000000000003BFFF

mem[X,0x00000000800014CC] -> 0x1F13
mem[X,0x00000000800014CE] -> 0x00BF
[1336] [M]: 0x00000000800014CC (0x00BF1F13) slli t5, t5, 0xb
x30 <- 0x000000001DFFF800

mem[X,0x00000000800014D0] -> 0x0F13
mem[X,0x00000000800014D2] -> 0x7FFF
[1337] [M]: 0x00000000800014D0 (0x7FFF0F13) addi t5, t5, 0x7ff
x30 <- 0x000000001DFFFFFF

mem[X,0x00000000800014D4] -> 0x1F13
mem[X,0x00000000800014D6] -> 0x00BF
[1338] [M]: 0x00000000800014D4 (0x00BF1F13) slli t5, t5, 0xb
x30 <- 0x000000EFFFFFF800

mem[X,0x00000000800014D8] -> 0x0F13
mem[X,0x00000000800014DA] -> 0x780F
[1339] [M]: 0x00000000800014D8 (0x780F0F13) addi t5, t5, 0x780
x30 <- 0x000000EFFFFFFF80

mem[X,0x00000000800014DC] -> 0x1F13
mem[X,0x00000000800014DE] -> 0x00AF
[1340] [M]: 0x00000000800014DC (0x00AF1F13) slli t5, t5, 0xa
x30 <- 0x0003BFFFFFFE0000

mem[X,0x00000000800014E0] -> 0x0F13
mem[X,0x00000000800014E2] -> 0x008F
[1341] [M]: 0x00000000800014E0 (0x008F0F13) addi t5, t5, 0x8
x30 <- 0x0003BFFFFFFE0008

mem[X,0x00000000800014E4] -> 0x5EB7
mem[X,0x00000000800014E6] -> 0x5555
[1342] [M]: 0x00000000800014E4 (0x55555EB7) lui t4, 0x55555
x29 <- 0x0000000055555000

mem[X,0x00000000800014E8] -> 0x8E93
mem[X,0x00000000800014EA] -> 0x555E
[1343] [M]: 0x00000000800014E8 (0x555E8E93) addi t4, t4, 0x555
x29 <- 0x0000000055555555

mem[X,0x00000000800014EC] -> 0x9E93
mem[X,0x00000000800014EE] -> 0x00BE
[1344] [M]: 0x00000000800014EC (0x00BE9E93) slli t4, t4, 0xb
x29 <- 0x000002AAAAAAA800

mem[X,0x00000000800014F0] -> 0x8E93
mem[X,0x00000000800014F2] -> 0x100E
[1345] [M]: 0x00000000800014F0 (0x100E8E93) addi t4, t4, 0x100
x29 <- 0x000002AAAAAAA900

mem[X,0x00000000800014F4] -> 0x9E93
mem[X,0x00000000800014F6] -> 0x00BE
[1346] [M]: 0x00000000800014F4 (0x00BE9E93) slli t4, t4, 0xb
x29 <- 0x0015555555480000

mem[X,0x00000000800014F8] -> 0x8E93
mem[X,0x00000000800014FA] -> 0x000E
[1347] [M]: 0x00000000800014F8 (0x000E8E93) addi t4, t4, 0x0
x29 <- 0x0015555555480000

mem[X,0x00000000800014FC] -> 0x9E93
mem[X,0x00000000800014FE] -> 0x00AE
[1348] [M]: 0x00000000800014FC (0x00AE9E93) slli t4, t4, 0xa
x29 <- 0x5555555520000000

mem[X,0x0000000080001500] -> 0x8E93
mem[X,0x0000000080001502] -> 0x040E
[1349] [M]: 0x0000000080001500 (0x040E8E93) addi t4, t4, 0x40
x29 <- 0x5555555520000040

mem[X,0x0000000080001504] -> 0x0FBB
mem[X,0x0000000080001506] -> 0xC9DF
[1350] [M]: 0x0000000080001504 (0xC9DF0FBB) pdif.h t6, t5, t4
x31 <- 0x55526AAA20020038

mem[X,0x0000000080001508] -> 0xB823
mem[X,0x000000008000150A] -> 0x13F0
[1351] [M]: 0x0000000080001508 (0x13F0B823) sd t6, 0x130(ra)
mem[0x0000000080004338] <- 0x55526AAA20020038

mem[X,0x000000008000150C] -> 0x5F37
mem[X,0x000000008000150E] -> 0xFFF6
[1352] [M]: 0x000000008000150C (0xFFF65F37) lui t5, -0x9b
x30 <- 0xFFFFFFFFFFF65000

mem[X,0x0000000080001510] -> 0x0F13
mem[X,0x0000000080001512] -> 0x555F
[1353] [M]: 0x0000000080001510 (0x555F0F13) addi t5, t5, 0x555
x30 <- 0xFFFFFFFFFFF65555

mem[X,0x0000000080001514] -> 0x1F13
mem[X,0x0000000080001516] -> 0x00BF
[1354] [M]: 0x0000000080001514 (0x00BF1F13) slli t5, t5, 0xb
x30 <- 0xFFFFFFFFB2AAA800

mem[X,0x0000000080001518] -> 0x0F13
mem[X,0x000000008000151A] -> 0x7FBF
[1355] [M]: 0x0000000080001518 (0x7FBF0F13) addi t5, t5, 0x7fb
x30 <- 0xFFFFFFFFB2AAAFFB

mem[X,0x000000008000151C] -> 0x1F13
mem[X,0x000000008000151E] -> 0x00BF
[1356] [M]: 0x000000008000151C (0x00BF1F13) slli t5, t5, 0xb
x30 <- 0xFFFFFD95557FD800

mem[X,0x0000000080001520] -> 0x0F13
mem[X,0x0000000080001522] -> 0x7D5F
[1357] [M]: 0x0000000080001520 (0x7D5F0F13) addi t5, t5, 0x7d5
x30 <- 0xFFFFFD95557FDFD5

mem[X,0x0000000080001524] -> 0x1F13
mem[X,0x0000000080001526] -> 0x00AF
[1358] [M]: 0x0000000080001524 (0x00AF1F13) slli t5, t5, 0xa
x30 <- 0xFFF65555FF7F5400

mem[X,0x0000000080001528] -> 0x0F13
mem[X,0x000000008000152A] -> 0x155F
[1359] [M]: 0x0000000080001528 (0x155F0F13) addi t5, t5, 0x155
x30 <- 0xFFF65555FF7F5555

mem[X,0x000000008000152C] -> 0x0EB7
mem[X,0x000000008000152E] -> 0xFFFB
[1360] [M]: 0x000000008000152C (0xFFFB0EB7) lui t4, -0x50
x29 <- 0xFFFFFFFFFFFB0000

mem[X,0x0000000080001530] -> 0x8E93
mem[X,0x0000000080001532] -> 0x001E
[1361] [M]: 0x0000000080001530 (0x001E8E93) addi t4, t4, 0x1
x29 <- 0xFFFFFFFFFFFB0001

mem[X,0x0000000080001534] -> 0x9E93
mem[X,0x0000000080001536] -> 0x00BE
[1362] [M]: 0x0000000080001534 (0x00BE9E93) slli t4, t4, 0xb
x29 <- 0xFFFFFFFFD8000800

mem[X,0x0000000080001538] -> 0x8E93
mem[X,0x000000008000153A] -> 0x001E
[1363] [M]: 0x0000000080001538 (0x001E8E93) addi t4, t4, 0x1
x29 <- 0xFFFFFFFFD8000801

mem[X,0x000000008000153C] -> 0x9E93
mem[X,0x000000008000153E] -> 0x00BE
[1364] [M]: 0x000000008000153C (0x00BE9E93) slli t4, t4, 0xb
x29 <- 0xFFFFFEC000400800

mem[X,0x0000000080001540] -> 0x8E93
mem[X,0x0000000080001542] -> 0x001E
[1365] [M]: 0x0000000080001540 (0x001E8E93) addi t4, t4, 0x1
x29 <- 0xFFFFFEC000400801

mem[X,0x0000000080001544] -> 0x9E93
mem[X,0x0000000080001546] -> 0x00AE
[1366] [M]: 0x0000000080001544 (0x00AE9E93) slli t4, t4, 0xa
x29 <- 0xFFFB000100200400

mem[X,0x0000000080001548] -> 0x0FBB
mem[X,0x000000008000154A] -> 0xC9DF
[1367] [M]: 0x0000000080001548 (0xC9DF0FBB) pdif.h t6, t5, t4
x31 <- 0x0005555400A15155

mem[X,0x000000008000154C] -> 0xBC23
mem[X,0x000000008000154E] -> 0x13F0
[1368] [M]: 0x000000008000154C (0x13F0BC23) sd t6, 0x138(ra)
mem[0x0000000080004340] <- 0x0005555400A15155

mem[X,0x0000000080001550] -> 0x0F37
mem[X,0x0000000080001552] -> 0x1000
[1369] [M]: 0x0000000080001550 (0x10000F37) lui t5, 0x10000
x30 <- 0x0000000010000000

mem[X,0x0000000080001554] -> 0x0F13
mem[X,0x0000000080001556] -> 0x006F
[1370] [M]: 0x0000000080001554 (0x006F0F13) addi t5, t5, 0x6
x30 <- 0x0000000010000006

mem[X,0x0000000080001558] -> 0x1F13
mem[X,0x000000008000155A] -> 0x00BF
[1371] [M]: 0x0000000080001558 (0x00BF1F13) slli t5, t5, 0xb
x30 <- 0x0000008000003000

mem[X,0x000000008000155C] -> 0x0F13
mem[X,0x000000008000155E] -> 0x7FFF
[1372] [M]: 0x000000008000155C (0x7FFF0F13) addi t5, t5, 0x7ff
x30 <- 0x00000080000037FF

mem[X,0x0000000080001560] -> 0x1F13
mem[X,0x0000000080001562] -> 0x00BF
[1373] [M]: 0x0000000080001560 (0x00BF1F13) slli t5, t5, 0xb
x30 <- 0x0004000001BFF800

mem[X,0x0000000080001564] -> 0x0F13
mem[X,0x0000000080001566] -> 0x67FF
[1374] [M]: 0x0000000080001564 (0x67FF0F13) addi t5, t5, 0x67f
x30 <- 0x0004000001BFFE7F

mem[X,0x0000000080001568] -> 0x1F13
mem[X,0x000000008000156A] -> 0x00AF
[1375] [M]: 0x0000000080001568 (0x00AF1F13) slli t5, t5, 0xa
x30 <- 0x10000006FFF9FC00

mem[X,0x000000008000156C] -> 0x0F13
mem[X,0x000000008000156E] -> 0x3FDF
[1376] [M]: 0x000000008000156C (0x3FDF0F13) addi t5, t5, 0x3fd
x30 <- 0x10000006FFF9FFFD

mem[X,0x0000000080001570] -> 0x0EB7
mem[X,0x0000000080001572] -> 0xFEFF
[1377] [M]: 0x0000000080001570 (0xFEFF0EB7) lui t4, -0x1010
x29 <- 0xFFFFFFFFFEFF0000

mem[X,0x0000000080001574] -> 0x8E93
mem[X,0x0000000080001576] -> 0x080E
[1378] [M]: 0x0000000080001574 (0x080E8E93) addi t4, t4, 0x80
x29 <- 0xFFFFFFFFFEFF0080

mem[X,0x0000000080001578] -> 0x9E93
mem[X,0x000000008000157A] -> 0x00BE
[1379] [M]: 0x0000000080001578 (0x00BE9E93) slli t4, t4, 0xb
x29 <- 0xFFFFFFF7F8040000

mem[X,0x000000008000157C] -> 0x8E93
mem[X,0x000000008000157E] -> 0x7FDE
[1380] [M]: 0x000000008000157C (0x7FDE8E93) addi t4, t4, 0x7fd
x29 <- 0xFFFFFFF7F80407FD

mem[X,0x0000000080001580] -> 0x9E93
mem[X,0x0000000080001582] -> 0x00BE
[1381] [M]: 0x0000000080001580 (0x00BE9E93) slli t4, t4, 0xb
x29 <- 0xFFFFBFC0203FE800

mem[X,0x0000000080001584] -> 0x8E93
mem[X,0x0000000080001586] -> 0x7D0E
[1382] [M]: 0x0000000080001584 (0x7D0E8E93) addi t4, t4, 0x7d0
x29 <- 0xFFFFBFC0203FEFD0

mem[X,0x0000000080001588] -> 0x9E93
mem[X,0x000000008000158A] -> 0x00AE
[1383] [M]: 0x0000000080001588 (0x00AE9E93) slli t4, t4, 0xa
x29 <- 0xFEFF0080FFBF4000

mem[X,0x000000008000158C] -> 0x0FBB
mem[X,0x000000008000158E] -> 0xC9DF
[1384] [M]: 0x000000008000158C (0xC9DF0FBB) pdif.h t6, t5, t4
x31 <- 0x1101007A003A4003

mem[X,0x0000000080001590] -> 0xB023
mem[X,0x0000000080001592] -> 0x15F0
[1385] [M]: 0x0000000080001590 (0x15F0B023) sd t6, 0x140(ra)
mem[0x0000000080004348] <- 0x1101007A003A4003

mem[X,0x0000000080001594] -> 0x0F37
mem[X,0x0000000080001596] -> 0xFFF6
[1386] [M]: 0x0000000080001594 (0xFFF60F37) lui t5, -0xa0
x30 <- 0xFFFFFFFFFFF60000

mem[X,0x0000000080001598] -> 0x0F13
mem[X,0x000000008000159A] -> 0x080F
[1387] [M]: 0x0000000080001598 (0x080F0F13) addi t5, t5, 0x80
x30 <- 0xFFFFFFFFFFF60080

mem[X,0x000000008000159C] -> 0x1F13
mem[X,0x000000008000159E] -> 0x00BF
[1388] [M]: 0x000000008000159C (0x00BF1F13) slli t5, t5, 0xb
x30 <- 0xFFFFFFFFB0040000

mem[X,0x00000000800015A0] -> 0x0F13
mem[X,0x00000000800015A2] -> 0x7FFF
[1389] [M]: 0x00000000800015A0 (0x7FFF0F13) addi t5, t5, 0x7ff
x30 <- 0xFFFFFFFFB00407FF

mem[X,0x00000000800015A4] -> 0x1F13
mem[X,0x00000000800015A6] -> 0x00BF
[1390] [M]: 0x00000000800015A4 (0x00BF1F13) slli t5, t5, 0xb
x30 <- 0xFFFFFD80203FF800

mem[X,0x00000000800015A8] -> 0x0F13
mem[X,0x00000000800015AA] -> 0x6FFF
[1391] [M]: 0x00000000800015A8 (0x6FFF0F13) addi t5, t5, 0x6ff
x30 <- 0xFFFFFD80203FFEFF

mem[X,0x00000000800015AC] -> 0x1F13
mem[X,0x00000000800015AE] -> 0x00AF
[1392] [M]: 0x00000000800015AC (0x00AF1F13) slli t5, t5, 0xa
x30 <- 0xFFF60080FFFBFC00

mem[X,0x00000000800015B0] -> 0x0F13
mem[X,0x00000000800015B2] -> 0x3FAF
[1393] [M]: 0x00000000800015B0 (0x3FAF0F13) addi t5, t5, 0x3fa
x30 <- 0xFFF60080FFFBFFFA

mem[X,0x00000000800015B4] -> 0x0EB7
mem[X,0x00000000800015B6] -> 0x5556
[1394] [M]: 0x00000000800015B4 (0x55560EB7) lui t4, 0x55560
x29 <- 0x0000000055560000

mem[X,0x00000000800015B8] -> 0x8E93
mem[X,0x00000000800015BA] -> 0xF7FE
[1395] [M]: 0x00000000800015B8 (0xF7FE8E93) addi t4, t4, -0x81
x29 <- 0x000000005555FF7F

mem[X,0x00000000800015BC] -> 0x9E93
mem[X,0x00000000800015BE] -> 0x00BE
[1396] [M]: 0x00000000800015BC (0x00BE9E93) slli t4, t4, 0xb
x29 <- 0x000002AAAFFBF800

mem[X,0x00000000800015C0] -> 0x8E93
mem[X,0x00000000800015C2] -> 0x7FFE
[1397] [M]: 0x00000000800015C0 (0x7FFE8E93) addi t4, t4, 0x7ff
x29 <- 0x000002AAAFFBFFFF

mem[X,0x00000000800015C4] -> 0x9E93
mem[X,0x00000000800015C6] -> 0x00BE
[1398] [M]: 0x00000000800015C4 (0x00BE9E93) slli t4, t4, 0xb
x29 <- 0x0015557FDFFFF800

mem[X,0x00000000800015C8] -> 0x8E93
mem[X,0x00000000800015CA] -> 0x5FFE
[1399] [M]: 0x00000000800015C8 (0x5FFE8E93) addi t4, t4, 0x5ff
x29 <- 0x0015557FDFFFFDFF

clint::tick mtime <- 0x000000000000000E
 clint timer pending at mtime 0x000000000000000E
htif::tick 0x0000000000000000
mem[X,0x00000000800015CC] -> 0x9E93
mem[X,0x00000000800015CE] -> 0x00AE
[1400] [M]: 0x00000000800015CC (0x00AE9E93) slli t4, t4, 0xa
x29 <- 0x5555FF7FFFF7FC00

mem[X,0x00000000800015D0] -> 0x8E93
mem[X,0x00000000800015D2] -> 0x3EFE
[1401] [M]: 0x00000000800015D0 (0x3EFE8E93) addi t4, t4, 0x3ef
x29 <- 0x5555FF7FFFF7FFEF

mem[X,0x00000000800015D4] -> 0x0FBB
mem[X,0x00000000800015D6] -> 0xC9DF
[1402] [M]: 0x00000000800015D4 (0xC9DF0FBB) pdif.h t6, t5, t4
x31 <- 0x555F01010004000B

mem[X,0x00000000800015D8] -> 0xB423
mem[X,0x00000000800015DA] -> 0x15F0
[1403] [M]: 0x00000000800015D8 (0x15F0B423) sd t6, 0x148(ra)
mem[0x0000000080004350] <- 0x555F01010004000B

mem[X,0x00000000800015DC] -> 0x8F37
mem[X,0x00000000800015DE] -> 0xFF7F
[1404] [M]: 0x00000000800015DC (0xFF7F8F37) lui t5, -0x808
x30 <- 0xFFFFFFFFFF7F8000

mem[X,0x00000000800015E0] -> 0x0F13
mem[X,0x00000000800015E2] -> 0xFFFF
[1405] [M]: 0x00000000800015E0 (0xFFFF0F13) addi t5, t5, -0x1
x30 <- 0xFFFFFFFFFF7F7FFF

mem[X,0x00000000800015E4] -> 0x1F13
mem[X,0x00000000800015E6] -> 0x00BF
[1406] [M]: 0x00000000800015E4 (0x00BF1F13) slli t5, t5, 0xb
x30 <- 0xFFFFFFFBFBFFF800

mem[X,0x00000000800015E8] -> 0x0F13
mem[X,0x00000000800015EA] -> 0x000F
[1407] [M]: 0x00000000800015E8 (0x000F0F13) addi t5, t5, 0x0
x30 <- 0xFFFFFFFBFBFFF800

mem[X,0x00000000800015EC] -> 0x1F13
mem[X,0x00000000800015EE] -> 0x00BF
[1408] [M]: 0x00000000800015EC (0x00BF1F13) slli t5, t5, 0xb
x30 <- 0xFFFFDFDFFFC00000

mem[X,0x00000000800015F0] -> 0x0F13
mem[X,0x00000000800015F2] -> 0x13FF
[1409] [M]: 0x00000000800015F0 (0x13FF0F13) addi t5, t5, 0x13f
x30 <- 0xFFFFDFDFFFC0013F

mem[X,0x00000000800015F4] -> 0x1F13
mem[X,0x00000000800015F6] -> 0x00AF
[1410] [M]: 0x00000000800015F4 (0x00AF1F13) slli t5, t5, 0xa
x30 <- 0xFF7F7FFF0004FC00

mem[X,0x00000000800015F8] -> 0x0F13
mem[X,0x00000000800015FA] -> 0x2FFF
[1411] [M]: 0x00000000800015F8 (0x2FFF0F13) addi t5, t5, 0x2ff
x30 <- 0xFF7F7FFF0004FEFF

mem[X,0x00000000800015FC] -> 0x0EB7
mem[X,0x00000000800015FE] -> 0xC000
[1412] [M]: 0x00000000800015FC (0xC0000EB7) lui t4, -0x40000
x29 <- 0xFFFFFFFFC0000000

mem[X,0x0000000080001600] -> 0x8E93
mem[X,0x0000000080001602] -> 0x001E
[1413] [M]: 0x0000000080001600 (0x001E8E93) addi t4, t4, 0x1
x29 <- 0xFFFFFFFFC0000001

mem[X,0x0000000080001604] -> 0x9E93
mem[X,0x0000000080001606] -> 0x00BE
[1414] [M]: 0x0000000080001604 (0x00BE9E93) slli t4, t4, 0xb
x29 <- 0xFFFFFE0000000800

mem[X,0x0000000080001608] -> 0x8E93
mem[X,0x000000008000160A] -> 0x3FFE
[1415] [M]: 0x0000000080001608 (0x3FFE8E93) addi t4, t4, 0x3ff
x29 <- 0xFFFFFE0000000BFF

mem[X,0x000000008000160C] -> 0x9E93
mem[X,0x000000008000160E] -> 0x00BE
[1416] [M]: 0x000000008000160C (0x00BE9E93) slli t4, t4, 0xb
x29 <- 0xFFF00000005FF800

mem[X,0x0000000080001610] -> 0x8E93
mem[X,0x0000000080001612] -> 0x7FFE
[1417] [M]: 0x0000000080001610 (0x7FFE8E93) addi t4, t4, 0x7ff
x29 <- 0xFFF00000005FFFFF

mem[X,0x0000000080001614] -> 0x9E93
mem[X,0x0000000080001616] -> 0x00AE
[1418] [M]: 0x0000000080001614 (0x00AE9E93) slli t4, t4, 0xa
x29 <- 0xC00000017FFFFC00

mem[X,0x0000000080001618] -> 0x8E93
mem[X,0x000000008000161A] -> 0x3BFE
[1419] [M]: 0x0000000080001618 (0x3BFE8E93) addi t4, t4, 0x3bf
x29 <- 0xC00000017FFFFFBF

mem[X,0x000000008000161C] -> 0x0FBB
mem[X,0x000000008000161E] -> 0xC9DF
[1420] [M]: 0x000000008000161C (0xC9DF0FBB) pdif.h t6, t5, t4
x31 <- 0x3F7F7FFE7FFB00C0

mem[X,0x0000000080001620] -> 0xB823
mem[X,0x0000000080001622] -> 0x15F0
[1421] [M]: 0x0000000080001620 (0x15F0B823) sd t6, 0x150(ra)
mem[0x0000000080004358] <- 0x3F7F7FFE7FFB00C0

mem[X,0x0000000080001624] -> 0x2F37
mem[X,0x0000000080001626] -> 0xFFFE
[1422] [M]: 0x0000000080001624 (0xFFFE2F37) lui t5, -0x1e
x30 <- 0xFFFFFFFFFFFE2000

mem[X,0x0000000080001628] -> 0x0F13
mem[X,0x000000008000162A] -> 0x000F
[1423] [M]: 0x0000000080001628 (0x000F0F13) addi t5, t5, 0x0
x30 <- 0xFFFFFFFFFFFE2000

mem[X,0x000000008000162C] -> 0x1F13
mem[X,0x000000008000162E] -> 0x00BF
[1424] [M]: 0x000000008000162C (0x00BF1F13) slli t5, t5, 0xb
x30 <- 0xFFFFFFFFF1000000

mem[X,0x0000000080001630] -> 0x0F13
mem[X,0x0000000080001632] -> 0x7FFF
[1425] [M]: 0x0000000080001630 (0x7FFF0F13) addi t5, t5, 0x7ff
x30 <- 0xFFFFFFFFF10007FF

mem[X,0x0000000080001634] -> 0x1F13
mem[X,0x0000000080001636] -> 0x00BF
[1426] [M]: 0x0000000080001634 (0x00BF1F13) slli t5, t5, 0xb
x30 <- 0xFFFFFF88003FF800

mem[X,0x0000000080001638] -> 0x0F13
mem[X,0x000000008000163A] -> 0x6FEF
[1427] [M]: 0x0000000080001638 (0x6FEF0F13) addi t5, t5, 0x6fe
x30 <- 0xFFFFFF88003FFEFE

mem[X,0x000000008000163C] -> 0x1F13
mem[X,0x000000008000163E] -> 0x00AF
[1428] [M]: 0x000000008000163C (0x00AF1F13) slli t5, t5, 0xa
x30 <- 0xFFFE2000FFFBF800

mem[X,0x0000000080001640] -> 0x0F13
mem[X,0x0000000080001642] -> 0x3FFF
[1429] [M]: 0x0000000080001640 (0x3FFF0F13) addi t5, t5, 0x3ff
x30 <- 0xFFFE2000FFFBFBFF

mem[X,0x0000000080001644] -> 0x0EB7
mem[X,0x0000000080001646] -> 0x0401
[1430] [M]: 0x0000000080001644 (0x04010EB7) lui t4, 0x4010
x29 <- 0x0000000004010000

mem[X,0x0000000080001648] -> 0x8E93
mem[X,0x000000008000164A] -> 0xFFFE
[1431] [M]: 0x0000000080001648 (0xFFFE8E93) addi t4, t4, -0x1
x29 <- 0x000000000400FFFF

mem[X,0x000000008000164C] -> 0x9E93
mem[X,0x000000008000164E] -> 0x00BE
[1432] [M]: 0x000000008000164C (0x00BE9E93) slli t4, t4, 0xb
x29 <- 0x0000002007FFF800

mem[X,0x0000000080001650] -> 0x8E93
mem[X,0x0000000080001652] -> 0x7FFE
[1433] [M]: 0x0000000080001650 (0x7FFE8E93) addi t4, t4, 0x7ff
x29 <- 0x0000002007FFFFFF

mem[X,0x0000000080001654] -> 0x9E93
mem[X,0x0000000080001656] -> 0x00BE
[1434] [M]: 0x0000000080001654 (0x00BE9E93) slli t4, t4, 0xb
x29 <- 0x0001003FFFFFF800

mem[X,0x0000000080001658] -> 0x8E93
mem[X,0x000000008000165A] -> 0x6BEE
[1435] [M]: 0x0000000080001658 (0x6BEE8E93) addi t4, t4, 0x6be
x29 <- 0x0001003FFFFFFEBE

mem[X,0x000000008000165C] -> 0x9E93
mem[X,0x000000008000165E] -> 0x00AE
[1436] [M]: 0x000000008000165C (0x00AE9E93) slli t4, t4, 0xa
x29 <- 0x0400FFFFFFFAF800

mem[X,0x0000000080001660] -> 0x8E93
mem[X,0x0000000080001662] -> 0x3FFE
[1437] [M]: 0x0000000080001660 (0x3FFE8E93) addi t4, t4, 0x3ff
x29 <- 0x0400FFFFFFFAFBFF

mem[X,0x0000000080001664] -> 0x0FBB
mem[X,0x0000000080001666] -> 0xC9DF
[1438] [M]: 0x0000000080001664 (0xC9DF0FBB) pdif.h t6, t5, t4
x31 <- 0x0402200100010000

mem[X,0x0000000080001668] -> 0xBC23
mem[X,0x000000008000166A] -> 0x15F0
[1439] [M]: 0x0000000080001668 (0x15F0BC23) sd t6, 0x158(ra)
mem[0x0000000080004360] <- 0x0402200100010000

mem[X,0x000000008000166C] -> 0x8F37
mem[X,0x000000008000166E] -> 0x2000
[1440] [M]: 0x000000008000166C (0x20008F37) lui t5, 0x20008
x30 <- 0x0000000020008000

mem[X,0x0000000080001670] -> 0x0F13
mem[X,0x0000000080001672] -> 0x000F
[1441] [M]: 0x0000000080001670 (0x000F0F13) addi t5, t5, 0x0
x30 <- 0x0000000020008000

mem[X,0x0000000080001674] -> 0x1F13
mem[X,0x0000000080001676] -> 0x00BF
[1442] [M]: 0x0000000080001674 (0x00BF1F13) slli t5, t5, 0xb
x30 <- 0x0000010004000000

mem[X,0x0000000080001678] -> 0x0F13
mem[X,0x000000008000167A] -> 0x77FF
[1443] [M]: 0x0000000080001678 (0x77FF0F13) addi t5, t5, 0x77f
x30 <- 0x000001000400077F

mem[X,0x000000008000167C] -> 0x1F13
mem[X,0x000000008000167E] -> 0x00BF
[1444] [M]: 0x000000008000167C (0x00BF1F13) slli t5, t5, 0xb
x30 <- 0x00080020003BF800

mem[X,0x0000000080001680] -> 0x0F13
mem[X,0x0000000080001682] -> 0x7FFF
[1445] [M]: 0x0000000080001680 (0x7FFF0F13) addi t5, t5, 0x7ff
x30 <- 0x00080020003BFFFF

mem[X,0x0000000080001684] -> 0x1F13
mem[X,0x0000000080001686] -> 0x00AF
[1446] [M]: 0x0000000080001684 (0x00AF1F13) slli t5, t5, 0xa
x30 <- 0x20008000EFFFFC00

mem[X,0x0000000080001688] -> 0x0F13
mem[X,0x000000008000168A] -> 0x3F9F
[1447] [M]: 0x0000000080001688 (0x3F9F0F13) addi t5, t5, 0x3f9
x30 <- 0x20008000EFFFFFF9

mem[X,0x000000008000168C] -> 0x0EB7
mem[X,0x000000008000168E] -> 0xFFF7
[1448] [M]: 0x000000008000168C (0xFFF70EB7) lui t4, -0x90
x29 <- 0xFFFFFFFFFFF70000

mem[X,0x0000000080001690] -> 0x8E93
mem[X,0x0000000080001692] -> 0x100E
[1449] [M]: 0x0000000080001690 (0x100E8E93) addi t4, t4, 0x100
x29 <- 0xFFFFFFFFFFF70100

mem[X,0x0000000080001694] -> 0x9E93
mem[X,0x0000000080001696] -> 0x00BE
[1450] [M]: 0x0000000080001694 (0x00BE9E93) slli t4, t4, 0xb
x29 <- 0xFFFFFFFFB8080000

mem[X,0x0000000080001698] -> 0x8E93
mem[X,0x000000008000169A] -> 0x000E
[1451] [M]: 0x0000000080001698 (0x000E8E93) addi t4, t4, 0x0
x29 <- 0xFFFFFFFFB8080000

mem[X,0x000000008000169C] -> 0x9E93
mem[X,0x000000008000169E] -> 0x00BE
[1452] [M]: 0x000000008000169C (0x00BE9E93) slli t4, t4, 0xb
x29 <- 0xFFFFFDC040000000

mem[X,0x00000000800016A0] -> 0x8E93
mem[X,0x00000000800016A2] -> 0x07BE
[1453] [M]: 0x00000000800016A0 (0x07BE8E93) addi t4, t4, 0x7b
x29 <- 0xFFFFFDC04000007B

mem[X,0x00000000800016A4] -> 0x9E93
mem[X,0x00000000800016A6] -> 0x00AE
[1454] [M]: 0x00000000800016A4 (0x00AE9E93) slli t4, t4, 0xa
x29 <- 0xFFF701000001EC00

mem[X,0x00000000800016A8] -> 0x8E93
mem[X,0x00000000800016AA] -> 0x3FFE
[1455] [M]: 0x00000000800016A8 (0x3FFE8E93) addi t4, t4, 0x3ff
x29 <- 0xFFF701000001EFFF

mem[X,0x00000000800016AC] -> 0x0FBB
mem[X,0x00000000800016AE] -> 0xC9DF
[1456] [M]: 0x00000000800016AC (0xC9DF0FBB) pdif.h t6, t5, t4
x31 <- 0x20097F0010020FFA

mem[X,0x00000000800016B0] -> 0xB023
mem[X,0x00000000800016B2] -> 0x17F0
[1457] [M]: 0x00000000800016B0 (0x17F0B023) sd t6, 0x160(ra)
mem[0x0000000080004368] <- 0x20097F0010020FFA

mem[X,0x00000000800016B4] -> 0x8F37
mem[X,0x00000000800016B6] -> 0xFFFA
[1458] [M]: 0x00000000800016B4 (0xFFFA8F37) lui t5, -0x58
x30 <- 0xFFFFFFFFFFFA8000

mem[X,0x00000000800016B8] -> 0x0F13
mem[X,0x00000000800016BA] -> 0xFFFF
[1459] [M]: 0x00000000800016B8 (0xFFFF0F13) addi t5, t5, -0x1
x30 <- 0xFFFFFFFFFFFA7FFF

mem[X,0x00000000800016BC] -> 0x1F13
mem[X,0x00000000800016BE] -> 0x00BF
[1460] [M]: 0x00000000800016BC (0x00BF1F13) slli t5, t5, 0xb
x30 <- 0xFFFFFFFFD3FFF800

mem[X,0x00000000800016C0] -> 0x0F13
mem[X,0x00000000800016C2] -> 0x7DFF
[1461] [M]: 0x00000000800016C0 (0x7DFF0F13) addi t5, t5, 0x7df
x30 <- 0xFFFFFFFFD3FFFFDF

mem[X,0x00000000800016C4] -> 0x1F13
mem[X,0x00000000800016C6] -> 0x00BF
[1462] [M]: 0x00000000800016C4 (0x00BF1F13) slli t5, t5, 0xb
x30 <- 0xFFFFFE9FFFFEF800

mem[X,0x00000000800016C8] -> 0x0F13
mem[X,0x00000000800016CA] -> 0x7FFF
[1463] [M]: 0x00000000800016C8 (0x7FFF0F13) addi t5, t5, 0x7ff
x30 <- 0xFFFFFE9FFFFEFFFF

mem[X,0x00000000800016CC] -> 0x1F13
mem[X,0x00000000800016CE] -> 0x00AF
[1464] [M]: 0x00000000800016CC (0x00AF1F13) slli t5, t5, 0xa
x30 <- 0xFFFA7FFFFBFFFC00

mem[X,0x00000000800016D0] -> 0x0F13
mem[X,0x00000000800016D2] -> 0x3FBF
[1465] [M]: 0x00000000800016D0 (0x3FBF0F13) addi t5, t5, 0x3fb
x30 <- 0xFFFA7FFFFBFFFFFB

mem[X,0x00000000800016D4] -> 0x0EB7
mem[X,0x00000000800016D6] -> 0x0201
[1466] [M]: 0x00000000800016D4 (0x02010EB7) lui t4, 0x2010
x29 <- 0x0000000002010000

mem[X,0x00000000800016D8] -> 0x8E93
mem[X,0x00000000800016DA] -> 0xFFCE
[1467] [M]: 0x00000000800016D8 (0xFFCE8E93) addi t4, t4, -0x4
x29 <- 0x000000000200FFFC

mem[X,0x00000000800016DC] -> 0x9E93
mem[X,0x00000000800016DE] -> 0x00BE
[1468] [M]: 0x00000000800016DC (0x00BE9E93) slli t4, t4, 0xb
x29 <- 0x0000001007FFE000

mem[X,0x00000000800016E0] -> 0x8E93
mem[X,0x00000000800016E2] -> 0x7FFE
[1469] [M]: 0x00000000800016E0 (0x7FFE8E93) addi t4, t4, 0x7ff
x29 <- 0x0000001007FFE7FF

mem[X,0x00000000800016E4] -> 0x9E93
mem[X,0x00000000800016E6] -> 0x00BE
[1470] [M]: 0x00000000800016E4 (0x00BE9E93) slli t4, t4, 0xb
x29 <- 0x0000803FFF3FF800

mem[X,0x00000000800016E8] -> 0x8E93
mem[X,0x00000000800016EA] -> 0x76FE
[1471] [M]: 0x00000000800016E8 (0x76FE8E93) addi t4, t4, 0x76f
x29 <- 0x0000803FFF3FFF6F

mem[X,0x00000000800016EC] -> 0x9E93
mem[X,0x00000000800016EE] -> 0x00AE
[1472] [M]: 0x00000000800016EC (0x00AE9E93) slli t4, t4, 0xa
x29 <- 0x0200FFFCFFFDBC00

mem[X,0x00000000800016F0] -> 0x8E93
mem[X,0x00000000800016F2] -> 0x3FFE
[1473] [M]: 0x00000000800016F0 (0x3FFE8E93) addi t4, t4, 0x3ff
x29 <- 0x0200FFFCFFFDBFFF

mem[X,0x00000000800016F4] -> 0x0FBB
mem[X,0x00000000800016F6] -> 0xC9DF
[1474] [M]: 0x00000000800016F4 (0xC9DF0FBB) pdif.h t6, t5, t4
x31 <- 0x02067FFD03FE3FFC

mem[X,0x00000000800016F8] -> 0xB423
mem[X,0x00000000800016FA] -> 0x17F0
[1475] [M]: 0x00000000800016F8 (0x17F0B423) sd t6, 0x168(ra)
mem[0x0000000080004370] <- 0x02067FFD03FE3FFC

mem[X,0x00000000800016FC] -> 0x4F37
mem[X,0x00000000800016FE] -> 0x0200
[1476] [M]: 0x00000000800016FC (0x02004F37) lui t5, 0x2004
x30 <- 0x0000000002004000

mem[X,0x0000000080001700] -> 0x0F13
mem[X,0x0000000080001702] -> 0xFFFF
[1477] [M]: 0x0000000080001700 (0xFFFF0F13) addi t5, t5, -0x1
x30 <- 0x0000000002003FFF

mem[X,0x0000000080001704] -> 0x1F13
mem[X,0x0000000080001706] -> 0x00BF
[1478] [M]: 0x0000000080001704 (0x00BF1F13) slli t5, t5, 0xb
x30 <- 0x0000001001FFF800

mem[X,0x0000000080001708] -> 0x0F13
mem[X,0x000000008000170A] -> 0x7FDF
[1479] [M]: 0x0000000080001708 (0x7FDF0F13) addi t5, t5, 0x7fd
x30 <- 0x0000001001FFFFFD

mem[X,0x000000008000170C] -> 0x1F13
mem[X,0x000000008000170E] -> 0x00BF
[1480] [M]: 0x000000008000170C (0x00BF1F13) slli t5, t5, 0xb
x30 <- 0x0000800FFFFFE800

mem[X,0x0000000080001710] -> 0x0F13
mem[X,0x0000000080001712] -> 0x7FFF
[1481] [M]: 0x0000000080001710 (0x7FFF0F13) addi t5, t5, 0x7ff
x30 <- 0x0000800FFFFFEFFF

mem[X,0x0000000080001714] -> 0x1F13
mem[X,0x0000000080001716] -> 0x00AF
[1482] [M]: 0x0000000080001714 (0x00AF1F13) slli t5, t5, 0xa
x30 <- 0x02003FFFFFBFFC00

mem[X,0x0000000080001718] -> 0x0F13
mem[X,0x000000008000171A] -> 0x3BFF
[1483] [M]: 0x0000000080001718 (0x3BFF0F13) addi t5, t5, 0x3bf
x30 <- 0x02003FFFFFBFFFBF

mem[X,0x000000008000171C] -> 0x4EB7
mem[X,0x000000008000171E] -> 0x0200
[1484] [M]: 0x000000008000171C (0x02004EB7) lui t4, 0x2004
x29 <- 0x0000000002004000

mem[X,0x0000000080001720] -> 0x8E93
mem[X,0x0000000080001722] -> 0xFFFE
[1485] [M]: 0x0000000080001720 (0xFFFE8E93) addi t4, t4, -0x1
x29 <- 0x0000000002003FFF

mem[X,0x0000000080001724] -> 0x9E93
mem[X,0x0000000080001726] -> 0x00BE
[1486] [M]: 0x0000000080001724 (0x00BE9E93) slli t4, t4, 0xb
x29 <- 0x0000001001FFF800

mem[X,0x0000000080001728] -> 0x8E93
mem[X,0x000000008000172A] -> 0x7DFE
[1487] [M]: 0x0000000080001728 (0x7DFE8E93) addi t4, t4, 0x7df
x29 <- 0x0000001001FFFFDF

mem[X,0x000000008000172C] -> 0x9E93
mem[X,0x000000008000172E] -> 0x00BE
[1488] [M]: 0x000000008000172C (0x00BE9E93) slli t4, t4, 0xb
x29 <- 0x0000800FFFFEF800

mem[X,0x0000000080001730] -> 0x8E93
mem[X,0x0000000080001732] -> 0x7C0E
[1489] [M]: 0x0000000080001730 (0x7C0E8E93) addi t4, t4, 0x7c0
x29 <- 0x0000800FFFFEFFC0

mem[X,0x0000000080001734] -> 0x9E93
mem[X,0x0000000080001736] -> 0x00AE
[1490] [M]: 0x0000000080001734 (0x00AE9E93) slli t4, t4, 0xa
x29 <- 0x02003FFFFBFF0000

mem[X,0x0000000080001738] -> 0x8E93
mem[X,0x000000008000173A] -> 0x008E
[1491] [M]: 0x0000000080001738 (0x008E8E93) addi t4, t4, 0x8
x29 <- 0x02003FFFFBFF0008

mem[X,0x000000008000173C] -> 0x0FBB
mem[X,0x000000008000173E] -> 0xC9DF
[1492] [M]: 0x000000008000173C (0xC9DF0FBB) pdif.h t6, t5, t4
x31 <- 0x0000000003C00049

mem[X,0x0000000080001740] -> 0xB823
mem[X,0x0000000080001742] -> 0x17F0
[1493] [M]: 0x0000000080001740 (0x17F0B823) sd t6, 0x170(ra)
mem[0x0000000080004378] <- 0x0000000003C00049

mem[X,0x0000000080001744] -> 0x0F37
mem[X,0x0000000080001746] -> 0xFFFA
[1494] [M]: 0x0000000080001744 (0xFFFA0F37) lui t5, -0x60
x30 <- 0xFFFFFFFFFFFA0000

mem[X,0x0000000080001748] -> 0x0F13
mem[X,0x000000008000174A] -> 0xFFBF
[1495] [M]: 0x0000000080001748 (0xFFBF0F13) addi t5, t5, -0x5
x30 <- 0xFFFFFFFFFFF9FFFB

mem[X,0x000000008000174C] -> 0x1F13
mem[X,0x000000008000174E] -> 0x00BF
[1496] [M]: 0x000000008000174C (0x00BF1F13) slli t5, t5, 0xb
x30 <- 0xFFFFFFFFCFFFD800

mem[X,0x0000000080001750] -> 0x0F13
mem[X,0x0000000080001752] -> 0x100F
[1497] [M]: 0x0000000080001750 (0x100F0F13) addi t5, t5, 0x100
x30 <- 0xFFFFFFFFCFFFD900

mem[X,0x0000000080001754] -> 0x1F13
mem[X,0x0000000080001756] -> 0x00BF
[1498] [M]: 0x0000000080001754 (0x00BF1F13) slli t5, t5, 0xb
x30 <- 0xFFFFFE7FFEC80000

mem[X,0x0000000080001758] -> 0x0F13
mem[X,0x000000008000175A] -> 0x03FF
[1499] [M]: 0x0000000080001758 (0x03FF0F13) addi t5, t5, 0x3f
x30 <- 0xFFFFFE7FFEC8003F

clint::tick mtime <- 0x000000000000000F
 clint timer pending at mtime 0x000000000000000F
htif::tick 0x0000000000000000
mem[X,0x000000008000175C] -> 0x1F13
mem[X,0x000000008000175E] -> 0x00AF
[1500] [M]: 0x000000008000175C (0x00AF1F13) slli t5, t5, 0xa
x30 <- 0xFFF9FFFB2000FC00

mem[X,0x0000000080001760] -> 0x0F13
mem[X,0x0000000080001762] -> 0x3BFF
[1501] [M]: 0x0000000080001760 (0x3BFF0F13) addi t5, t5, 0x3bf
x30 <- 0xFFF9FFFB2000FFBF

mem[X,0x0000000080001764] -> 0x0EB7
mem[X,0x0000000080001766] -> 0x0001
[1502] [M]: 0x0000000080001764 (0x00010EB7) lui t4, 0x10
x29 <- 0x0000000000010000

mem[X,0x0000000080001768] -> 0x8E93
mem[X,0x000000008000176A] -> 0xFF7E
[1503] [M]: 0x0000000080001768 (0xFF7E8E93) addi t4, t4, -0x9
x29 <- 0x000000000000FFF7

mem[X,0x000000008000176C] -> 0x9E93
mem[X,0x000000008000176E] -> 0x00BE
[1504] [M]: 0x000000008000176C (0x00BE9E93) slli t4, t4, 0xb
x29 <- 0x0000000007FFB800

mem[X,0x0000000080001770] -> 0x8E93
mem[X,0x0000000080001772] -> 0x000E
[1505] [M]: 0x0000000080001770 (0x000E8E93) addi t4, t4, 0x0
x29 <- 0x0000000007FFB800

mem[X,0x0000000080001774] -> 0x9E93
mem[X,0x0000000080001776] -> 0x00BE
[1506] [M]: 0x0000000080001774 (0x00BE9E93) slli t4, t4, 0xb
x29 <- 0x0000003FFDC00000

mem[X,0x0000000080001778] -> 0x8E93
mem[X,0x000000008000177A] -> 0x080E
[1507] [M]: 0x0000000080001778 (0x080E8E93) addi t4, t4, 0x80
x29 <- 0x0000003FFDC00080

mem[X,0x000000008000177C] -> 0x9E93
mem[X,0x000000008000177E] -> 0x00AE
[1508] [M]: 0x000000008000177C (0x00AE9E93) slli t4, t4, 0xa
x29 <- 0x0000FFF700020000

mem[X,0x0000000080001780] -> 0x8E93
mem[X,0x0000000080001782] -> 0x004E
[1509] [M]: 0x0000000080001780 (0x004E8E93) addi t4, t4, 0x4
x29 <- 0x0000FFF700020004

mem[X,0x0000000080001784] -> 0x0FBB
mem[X,0x0000000080001786] -> 0xC9DF
[1510] [M]: 0x0000000080001784 (0xC9DF0FBB) pdif.h t6, t5, t4
x31 <- 0x000700041FFE0045

mem[X,0x0000000080001788] -> 0xBC23
mem[X,0x000000008000178A] -> 0x17F0
[1511] [M]: 0x0000000080001788 (0x17F0BC23) sd t6, 0x178(ra)
mem[0x0000000080004380] <- 0x000700041FFE0045

mem[X,0x000000008000178C] -> 0x0F37
mem[X,0x000000008000178E] -> 0xFFF8
[1512] [M]: 0x000000008000178C (0xFFF80F37) lui t5, -0x80
x30 <- 0xFFFFFFFFFFF80000

mem[X,0x0000000080001790] -> 0x0F13
mem[X,0x0000000080001792] -> 0x004F
[1513] [M]: 0x0000000080001790 (0x004F0F13) addi t5, t5, 0x4
x30 <- 0xFFFFFFFFFFF80004

mem[X,0x0000000080001794] -> 0x1F13
mem[X,0x0000000080001796] -> 0x00BF
[1514] [M]: 0x0000000080001794 (0x00BF1F13) slli t5, t5, 0xb
x30 <- 0xFFFFFFFFC0002000

mem[X,0x0000000080001798] -> 0x0F13
mem[X,0x000000008000179A] -> 0x7FFF
[1515] [M]: 0x0000000080001798 (0x7FFF0F13) addi t5, t5, 0x7ff
x30 <- 0xFFFFFFFFC00027FF

mem[X,0x000000008000179C] -> 0x1F13
mem[X,0x000000008000179E] -> 0x00BF
[1516] [M]: 0x000000008000179C (0x00BF1F13) slli t5, t5, 0xb
x30 <- 0xFFFFFE00013FF800

mem[X,0x00000000800017A0] -> 0x0F13
mem[X,0x00000000800017A2] -> 0x5C0F
[1517] [M]: 0x00000000800017A0 (0x5C0F0F13) addi t5, t5, 0x5c0
x30 <- 0xFFFFFE00013FFDC0

mem[X,0x00000000800017A4] -> 0x1F13
mem[X,0x00000000800017A6] -> 0x00AF
[1518] [M]: 0x00000000800017A4 (0x00AF1F13) slli t5, t5, 0xa
x30 <- 0xFFF80004FFF70000

mem[X,0x00000000800017A8] -> 0x0F13
mem[X,0x00000000800017AA] -> 0x040F
[1519] [M]: 0x00000000800017A8 (0x040F0F13) addi t5, t5, 0x40
x30 <- 0xFFF80004FFF70040

mem[X,0x00000000800017AC] -> 0x0EB7
mem[X,0x00000000800017AE] -> 0x0003
[1520] [M]: 0x00000000800017AC (0x00030EB7) lui t4, 0x30
x29 <- 0x0000000000030000

mem[X,0x00000000800017B0] -> 0x8E93
mem[X,0x00000000800017B2] -> 0xEFFE
[1521] [M]: 0x00000000800017B0 (0xEFFE8E93) addi t4, t4, -0x101
x29 <- 0x000000000002FEFF

mem[X,0x00000000800017B4] -> 0x9E93
mem[X,0x00000000800017B6] -> 0x00BE
[1522] [M]: 0x00000000800017B4 (0x00BE9E93) slli t4, t4, 0xb
x29 <- 0x0000000017F7F800

mem[X,0x00000000800017B8] -> 0x8E93
mem[X,0x00000000800017BA] -> 0x040E
[1523] [M]: 0x00000000800017B8 (0x040E8E93) addi t4, t4, 0x40
x29 <- 0x0000000017F7F840

mem[X,0x00000000800017BC] -> 0x9E93
mem[X,0x00000000800017BE] -> 0x00BE
[1524] [M]: 0x00000000800017BC (0x00BE9E93) slli t4, t4, 0xb
x29 <- 0x000000BFBFC20000

mem[X,0x00000000800017C0] -> 0x8E93
mem[X,0x00000000800017C2] -> 0x000E
[1525] [M]: 0x00000000800017C0 (0x000E8E93) addi t4, t4, 0x0
x29 <- 0x000000BFBFC20000

mem[X,0x00000000800017C4] -> 0x9E93
mem[X,0x00000000800017C6] -> 0x00AE
[1526] [M]: 0x00000000800017C4 (0x00AE9E93) slli t4, t4, 0xa
x29 <- 0x0002FEFF08000000

mem[X,0x00000000800017C8] -> 0x8E93
mem[X,0x00000000800017CA] -> 0x001E
[1527] [M]: 0x00000000800017C8 (0x001E8E93) addi t4, t4, 0x1
x29 <- 0x0002FEFF08000001

mem[X,0x00000000800017CC] -> 0x0FBB
mem[X,0x00000000800017CE] -> 0xC9DF
[1528] [M]: 0x00000000800017CC (0xC9DF0FBB) pdif.h t6, t5, t4
x31 <- 0x000A01050809003F

mem[X,0x00000000800017D0] -> 0xB023
mem[X,0x00000000800017D2] -> 0x19F0
[1529] [M]: 0x00000000800017D0 (0x19F0B023) sd t6, 0x180(ra)
mem[0x0000000080004388] <- 0x000A01050809003F

mem[X,0x00000000800017D4] -> 0x0F37
mem[X,0x00000000800017D6] -> 0xAAAB
[1530] [M]: 0x00000000800017D4 (0xAAAB0F37) lui t5, -0x55550
x30 <- 0xFFFFFFFFAAAB0000

mem[X,0x00000000800017D8] -> 0x0F13
mem[X,0x00000000800017DA] -> 0xFBFF
[1531] [M]: 0x00000000800017D8 (0xFBFF0F13) addi t5, t5, -0x41
x30 <- 0xFFFFFFFFAAAAFFBF

mem[X,0x00000000800017DC] -> 0x1F13
mem[X,0x00000000800017DE] -> 0x00BF
[1532] [M]: 0x00000000800017DC (0x00BF1F13) slli t5, t5, 0xb
x30 <- 0xFFFFFD5557FDF800

mem[X,0x00000000800017E0] -> 0x0F13
mem[X,0x00000000800017E2] -> 0x000F
[1533] [M]: 0x00000000800017E0 (0x000F0F13) addi t5, t5, 0x0
x30 <- 0xFFFFFD5557FDF800

mem[X,0x00000000800017E4] -> 0x1F13
mem[X,0x00000000800017E6] -> 0x00BF
[1534] [M]: 0x00000000800017E4 (0x00BF1F13) slli t5, t5, 0xb
x30 <- 0xFFEAAABFEFC00000

mem[X,0x00000000800017E8] -> 0x0F13
mem[X,0x00000000800017EA] -> 0x17FF
[1535] [M]: 0x00000000800017E8 (0x17FF0F13) addi t5, t5, 0x17f
x30 <- 0xFFEAAABFEFC0017F

mem[X,0x00000000800017EC] -> 0x1F13
mem[X,0x00000000800017EE] -> 0x00AF
[1536] [M]: 0x00000000800017EC (0x00AF1F13) slli t5, t5, 0xa
x30 <- 0xAAAAFFBF0005FC00

mem[X,0x00000000800017F0] -> 0x0F13
mem[X,0x00000000800017F2] -> 0x3FFF
[1537] [M]: 0x00000000800017F0 (0x3FFF0F13) addi t5, t5, 0x3ff
x30 <- 0xAAAAFFBF0005FFFF

mem[X,0x00000000800017F4] -> 0x0EB7
mem[X,0x00000000800017F6] -> 0xFFF7
[1538] [M]: 0x00000000800017F4 (0xFFF70EB7) lui t4, -0x90
x29 <- 0xFFFFFFFFFFF70000

mem[X,0x00000000800017F8] -> 0x8E93
mem[X,0x00000000800017FA] -> 0x080E
[1539] [M]: 0x00000000800017F8 (0x080E8E93) addi t4, t4, 0x80
x29 <- 0xFFFFFFFFFFF70080

mem[X,0x00000000800017FC] -> 0x9E93
mem[X,0x00000000800017FE] -> 0x00BE
[1540] [M]: 0x00000000800017FC (0x00BE9E93) slli t4, t4, 0xb
x29 <- 0xFFFFFFFFB8040000

mem[X,0x0000000080001800] -> 0x8E93
mem[X,0x0000000080001802] -> 0x020E
[1541] [M]: 0x0000000080001800 (0x020E8E93) addi t4, t4, 0x20
x29 <- 0xFFFFFFFFB8040020

mem[X,0x0000000080001804] -> 0x9E93
mem[X,0x0000000080001806] -> 0x00BE
[1542] [M]: 0x0000000080001804 (0x00BE9E93) slli t4, t4, 0xb
x29 <- 0xFFFFFDC020010000

mem[X,0x0000000080001808] -> 0x8E93
mem[X,0x000000008000180A] -> 0x000E
[1543] [M]: 0x0000000080001808 (0x000E8E93) addi t4, t4, 0x0
x29 <- 0xFFFFFDC020010000

mem[X,0x000000008000180C] -> 0x9E93
mem[X,0x000000008000180E] -> 0x00AE
[1544] [M]: 0x000000008000180C (0x00AE9E93) slli t4, t4, 0xa
x29 <- 0xFFF7008004000000

mem[X,0x0000000080001810] -> 0x8E93
mem[X,0x0000000080001812] -> 0x002E
[1545] [M]: 0x0000000080001810 (0x002E8E93) addi t4, t4, 0x2
x29 <- 0xFFF7008004000002

mem[X,0x0000000080001814] -> 0x0FBB
mem[X,0x0000000080001816] -> 0xC9DF
[1546] [M]: 0x0000000080001814 (0xC9DF0FBB) pdif.h t6, t5, t4
x31 <- 0x554D00C103FB0003

mem[X,0x0000000080001818] -> 0xB423
mem[X,0x000000008000181A] -> 0x19F0
[1547] [M]: 0x0000000080001818 (0x19F0B423) sd t6, 0x188(ra)
mem[0x0000000080004390] <- 0x554D00C103FB0003

mem[X,0x000000008000181C] -> 0x0F37
mem[X,0x000000008000181E] -> 0x4001
[1548] [M]: 0x000000008000181C (0x40010F37) lui t5, 0x40010
x30 <- 0x0000000040010000

mem[X,0x0000000080001820] -> 0x0F13
mem[X,0x0000000080001822] -> 0xF7FF
[1549] [M]: 0x0000000080001820 (0xF7FF0F13) addi t5, t5, -0x81
x30 <- 0x000000004000FF7F

mem[X,0x0000000080001824] -> 0x1F13
mem[X,0x0000000080001826] -> 0x00BF
[1550] [M]: 0x0000000080001824 (0x00BF1F13) slli t5, t5, 0xb
x30 <- 0x0000020007FBF800

mem[X,0x0000000080001828] -> 0x0F13
mem[X,0x000000008000182A] -> 0x5FFF
[1551] [M]: 0x0000000080001828 (0x5FFF0F13) addi t5, t5, 0x5ff
x30 <- 0x0000020007FBFDFF

mem[X,0x000000008000182C] -> 0x1F13
mem[X,0x000000008000182E] -> 0x00BF
[1552] [M]: 0x000000008000182C (0x00BF1F13) slli t5, t5, 0xb
x30 <- 0x0010003FDFEFF800

mem[X,0x0000000080001830] -> 0x0F13
mem[X,0x0000000080001832] -> 0x7FFF
[1553] [M]: 0x0000000080001830 (0x7FFF0F13) addi t5, t5, 0x7ff
x30 <- 0x0010003FDFEFFFFF

mem[X,0x0000000080001834] -> 0x1F13
mem[X,0x0000000080001836] -> 0x00AF
[1554] [M]: 0x0000000080001834 (0x00AF1F13) slli t5, t5, 0xa
x30 <- 0x4000FF7FBFFFFC00

mem[X,0x0000000080001838] -> 0x0F13
mem[X,0x000000008000183A] -> 0x1FFF
[1555] [M]: 0x0000000080001838 (0x1FFF0F13) addi t5, t5, 0x1ff
x30 <- 0x4000FF7FBFFFFDFF

mem[X,0x000000008000183C] -> 0x0EB7
mem[X,0x000000008000183E] -> 0x0040
[1556] [M]: 0x000000008000183C (0x00400EB7) lui t4, 0x400
x29 <- 0x0000000000400000

mem[X,0x0000000080001840] -> 0x8E93
mem[X,0x0000000080001842] -> 0x009E
[1557] [M]: 0x0000000080001840 (0x009E8E93) addi t4, t4, 0x9
x29 <- 0x0000000000400009

mem[X,0x0000000080001844] -> 0x9E93
mem[X,0x0000000080001846] -> 0x00BE
[1558] [M]: 0x0000000080001844 (0x00BE9E93) slli t4, t4, 0xb
x29 <- 0x0000000200004800

mem[X,0x0000000080001848] -> 0x8E93
mem[X,0x000000008000184A] -> 0x7FFE
[1559] [M]: 0x0000000080001848 (0x7FFE8E93) addi t4, t4, 0x7ff
x29 <- 0x0000000200004FFF

mem[X,0x000000008000184C] -> 0x9E93
mem[X,0x000000008000184E] -> 0x00BE
[1560] [M]: 0x000000008000184C (0x00BE9E93) slli t4, t4, 0xb
x29 <- 0x00001000027FF800

mem[X,0x0000000080001850] -> 0x8E93
mem[X,0x0000000080001852] -> 0x5FFE
[1561] [M]: 0x0000000080001850 (0x5FFE8E93) addi t4, t4, 0x5ff
x29 <- 0x00001000027FFDFF

mem[X,0x0000000080001854] -> 0x9E93
mem[X,0x0000000080001856] -> 0x00AE
[1562] [M]: 0x0000000080001854 (0x00AE9E93) slli t4, t4, 0xa
x29 <- 0x00400009FFF7FC00

mem[X,0x0000000080001858] -> 0x8E93
mem[X,0x000000008000185A] -> 0x3EFE
[1563] [M]: 0x0000000080001858 (0x3EFE8E93) addi t4, t4, 0x3ef
x29 <- 0x00400009FFF7FFEF

mem[X,0x000000008000185C] -> 0x0FBB
mem[X,0x000000008000185E] -> 0xC9DF
[1564] [M]: 0x000000008000185C (0xC9DF0FBB) pdif.h t6, t5, t4
x31 <- 0x3FC0008A3FF801F0

mem[X,0x0000000080001860] -> 0xB823
mem[X,0x0000000080001862] -> 0x19F0
[1565] [M]: 0x0000000080001860 (0x19F0B823) sd t6, 0x190(ra)
mem[0x0000000080004398] <- 0x3FC0008A3FF801F0

mem[X,0x0000000080001864] -> 0x0F37
mem[X,0x0000000080001866] -> 0x0009
[1566] [M]: 0x0000000080001864 (0x00090F37) lui t5, 0x90
x30 <- 0x0000000000090000

mem[X,0x0000000080001868] -> 0x0F13
mem[X,0x000000008000186A] -> 0xFFFF
[1567] [M]: 0x0000000080001868 (0xFFFF0F13) addi t5, t5, -0x1
x30 <- 0x000000000008FFFF

mem[X,0x000000008000186C] -> 0x1F13
mem[X,0x000000008000186E] -> 0x00BF
[1568] [M]: 0x000000008000186C (0x00BF1F13) slli t5, t5, 0xb
x30 <- 0x0000000047FFF800

mem[X,0x0000000080001870] -> 0x0F13
mem[X,0x0000000080001872] -> 0x7FFF
[1569] [M]: 0x0000000080001870 (0x7FFF0F13) addi t5, t5, 0x7ff
x30 <- 0x0000000047FFFFFF

mem[X,0x0000000080001874] -> 0x1F13
mem[X,0x0000000080001876] -> 0x00BF
[1570] [M]: 0x0000000080001874 (0x00BF1F13) slli t5, t5, 0xb
x30 <- 0x0000023FFFFFF800

mem[X,0x0000000080001878] -> 0x0F13
mem[X,0x000000008000187A] -> 0x640F
[1571] [M]: 0x0000000080001878 (0x640F0F13) addi t5, t5, 0x640
x30 <- 0x0000023FFFFFFE40

mem[X,0x000000008000187C] -> 0x1F13
mem[X,0x000000008000187E] -> 0x00AF
[1572] [M]: 0x000000008000187C (0x00AF1F13) slli t5, t5, 0xa
x30 <- 0x0008FFFFFFF90000

mem[X,0x0000000080001880] -> 0x0F13
mem[X,0x0000000080001882] -> 0x020F
[1573] [M]: 0x0000000080001880 (0x020F0F13) addi t5, t5, 0x20
x30 <- 0x0008FFFFFFF90020

mem[X,0x0000000080001884] -> 0x0EB7
mem[X,0x0000000080001886] -> 0xFFF6
[1574] [M]: 0x0000000080001884 (0xFFF60EB7) lui t4, -0xa0
x29 <- 0xFFFFFFFFFFF60000

mem[X,0x0000000080001888] -> 0x8E93
mem[X,0x000000008000188A] -> 0x020E
[1575] [M]: 0x0000000080001888 (0x020E8E93) addi t4, t4, 0x20
x29 <- 0xFFFFFFFFFFF60020

mem[X,0x000000008000188C] -> 0x9E93
mem[X,0x000000008000188E] -> 0x00BE
[1576] [M]: 0x000000008000188C (0x00BE9E93) slli t4, t4, 0xb
x29 <- 0xFFFFFFFFB0010000

mem[X,0x0000000080001890] -> 0x8E93
mem[X,0x0000000080001892] -> 0x000E
[1577] [M]: 0x0000000080001890 (0x000E8E93) addi t4, t4, 0x0
x29 <- 0xFFFFFFFFB0010000

mem[X,0x0000000080001894] -> 0x9E93
mem[X,0x0000000080001896] -> 0x00BE
[1578] [M]: 0x0000000080001894 (0x00BE9E93) slli t4, t4, 0xb
x29 <- 0xFFFFFD8008000000

mem[X,0x0000000080001898] -> 0x8E93
mem[X,0x000000008000189A] -> 0x410E
[1579] [M]: 0x0000000080001898 (0x410E8E93) addi t4, t4, 0x410
x29 <- 0xFFFFFD8008000410

mem[X,0x000000008000189C] -> 0x9E93
mem[X,0x000000008000189E] -> 0x00AE
[1580] [M]: 0x000000008000189C (0x00AE9E93) slli t4, t4, 0xa
x29 <- 0xFFF6002000104000

mem[X,0x00000000800018A0] -> 0x0FBB
mem[X,0x00000000800018A2] -> 0xC9DF
[1581] [M]: 0x00000000800018A0 (0xC9DF0FBB) pdif.h t6, t5, t4
x31 <- 0x0012002100173FE0

mem[X,0x00000000800018A4] -> 0xBC23
mem[X,0x00000000800018A6] -> 0x19F0
[1582] [M]: 0x00000000800018A4 (0x19F0BC23) sd t6, 0x198(ra)
mem[0x00000000800043A0] <- 0x0012002100173FE0

mem[X,0x00000000800018A8] -> 0x0F37
mem[X,0x00000000800018AA] -> 0x0007
[1583] [M]: 0x00000000800018A8 (0x00070F37) lui t5, 0x70
x30 <- 0x0000000000070000

mem[X,0x00000000800018AC] -> 0x0F13
mem[X,0x00000000800018AE] -> 0x000F
[1584] [M]: 0x00000000800018AC (0x000F0F13) addi t5, t5, 0x0
x30 <- 0x0000000000070000

mem[X,0x00000000800018B0] -> 0x1F13
mem[X,0x00000000800018B2] -> 0x00BF
[1585] [M]: 0x00000000800018B0 (0x00BF1F13) slli t5, t5, 0xb
x30 <- 0x0000000038000000

mem[X,0x00000000800018B4] -> 0x0F13
mem[X,0x00000000800018B6] -> 0x000F
[1586] [M]: 0x00000000800018B4 (0x000F0F13) addi t5, t5, 0x0
x30 <- 0x0000000038000000

mem[X,0x00000000800018B8] -> 0x1F13
mem[X,0x00000000800018BA] -> 0x00BF
[1587] [M]: 0x00000000800018B8 (0x00BF1F13) slli t5, t5, 0xb
x30 <- 0x000001C000000000

mem[X,0x00000000800018BC] -> 0x0F13
mem[X,0x00000000800018BE] -> 0x000F
[1588] [M]: 0x00000000800018BC (0x000F0F13) addi t5, t5, 0x0
x30 <- 0x000001C000000000

mem[X,0x00000000800018C0] -> 0x1F13
mem[X,0x00000000800018C2] -> 0x00AF
[1589] [M]: 0x00000000800018C0 (0x00AF1F13) slli t5, t5, 0xa
x30 <- 0x0007000000000000

mem[X,0x00000000800018C4] -> 0x0F13
mem[X,0x00000000800018C6] -> 0x002F
[1590] [M]: 0x00000000800018C4 (0x002F0F13) addi t5, t5, 0x2
x30 <- 0x0007000000000002

mem[X,0x00000000800018C8] -> 0x0EB7
mem[X,0x00000000800018CA] -> 0x8000
[1591] [M]: 0x00000000800018C8 (0x80000EB7) lui t4, -0x80000
x29 <- 0xFFFFFFFF80000000

mem[X,0x00000000800018CC] -> 0x8E93
mem[X,0x00000000800018CE] -> 0xBFFE
[1592] [M]: 0x00000000800018CC (0xBFFE8E93) addi t4, t4, -0x401
x29 <- 0xFFFFFFFF7FFFFBFF

mem[X,0x00000000800018D0] -> 0x9E93
mem[X,0x00000000800018D2] -> 0x00BE
[1593] [M]: 0x00000000800018D0 (0x00BE9E93) slli t4, t4, 0xb
x29 <- 0xFFFFFBFFFFDFF800

mem[X,0x00000000800018D4] -> 0x8E93
mem[X,0x00000000800018D6] -> 0x008E
[1594] [M]: 0x00000000800018D4 (0x008E8E93) addi t4, t4, 0x8
x29 <- 0xFFFFFBFFFFDFF808

mem[X,0x00000000800018D8] -> 0x9E93
mem[X,0x00000000800018DA] -> 0x00BE
[1595] [M]: 0x00000000800018D8 (0x00BE9E93) slli t4, t4, 0xb
x29 <- 0xFFDFFFFEFFC04000

mem[X,0x00000000800018DC] -> 0x8E93
mem[X,0x00000000800018DE] -> 0x03FE
[1596] [M]: 0x00000000800018DC (0x03FE8E93) addi t4, t4, 0x3f
x29 <- 0xFFDFFFFEFFC0403F

mem[X,0x00000000800018E0] -> 0x9E93
mem[X,0x00000000800018E2] -> 0x00AE
[1597] [M]: 0x00000000800018E0 (0x00AE9E93) slli t4, t4, 0xa
x29 <- 0x7FFFFBFF0100FC00

mem[X,0x00000000800018E4] -> 0x8E93
mem[X,0x00000000800018E6] -> 0x3EFE
[1598] [M]: 0x00000000800018E4 (0x3EFE8E93) addi t4, t4, 0x3ef
x29 <- 0x7FFFFBFF0100FFEF

mem[X,0x00000000800018E8] -> 0x0FBB
mem[X,0x00000000800018EA] -> 0xC9DF
[1599] [M]: 0x00000000800018E8 (0xC9DF0FBB) pdif.h t6, t5, t4
x31 <- 0x7FF8040101000013

clint::tick mtime <- 0x0000000000000010
 clint timer pending at mtime 0x0000000000000010
htif::tick 0x0000000000000000
mem[X,0x00000000800018EC] -> 0xB023
mem[X,0x00000000800018EE] -> 0x1BF0
[1600] [M]: 0x00000000800018EC (0x1BF0B023) sd t6, 0x1a0(ra)
mem[0x00000000800043A8] <- 0x7FF8040101000013

mem[X,0x00000000800018F0] -> 0xCF37
mem[X,0x00000000800018F2] -> 0x0080
[1601] [M]: 0x00000000800018F0 (0x0080CF37) lui t5, 0x80c
x30 <- 0x000000000080C000

mem[X,0x00000000800018F4] -> 0x0F13
mem[X,0x00000000800018F6] -> 0x000F
[1602] [M]: 0x00000000800018F4 (0x000F0F13) addi t5, t5, 0x0
x30 <- 0x000000000080C000

mem[X,0x00000000800018F8] -> 0x1F13
mem[X,0x00000000800018FA] -> 0x00BF
[1603] [M]: 0x00000000800018F8 (0x00BF1F13) slli t5, t5, 0xb
x30 <- 0x0000000406000000

mem[X,0x00000000800018FC] -> 0x0F13
mem[X,0x00000000800018FE] -> 0x000F
[1604] [M]: 0x00000000800018FC (0x000F0F13) addi t5, t5, 0x0
x30 <- 0x0000000406000000

mem[X,0x0000000080001900] -> 0x1F13
mem[X,0x0000000080001902] -> 0x00BF
[1605] [M]: 0x0000000080001900 (0x00BF1F13) slli t5, t5, 0xb
x30 <- 0x0000203000000000

mem[X,0x0000000080001904] -> 0x0F13
mem[X,0x0000000080001906] -> 0x27FF
[1606] [M]: 0x0000000080001904 (0x27FF0F13) addi t5, t5, 0x27f
x30 <- 0x000020300000027F

mem[X,0x0000000080001908] -> 0x1F13
mem[X,0x000000008000190A] -> 0x00AF
[1607] [M]: 0x0000000080001908 (0x00AF1F13) slli t5, t5, 0xa
x30 <- 0x0080C0000009FC00

mem[X,0x000000008000190C] -> 0x0F13
mem[X,0x000000008000190E] -> 0x3F7F
[1608] [M]: 0x000000008000190C (0x3F7F0F13) addi t5, t5, 0x3f7
x30 <- 0x0080C0000009FFF7

mem[X,0x0000000080001910] -> 0xFEB7
mem[X,0x0000000080001912] -> 0xF7FF
[1609] [M]: 0x0000000080001910 (0xF7FFFEB7) lui t4, -0x8001
x29 <- 0xFFFFFFFFF7FFF000

mem[X,0x0000000080001914] -> 0x8E93
mem[X,0x0000000080001916] -> 0x7FFE
[1610] [M]: 0x0000000080001914 (0x7FFE8E93) addi t4, t4, 0x7ff
x29 <- 0xFFFFFFFFF7FFF7FF

mem[X,0x0000000080001918] -> 0x9E93
mem[X,0x000000008000191A] -> 0x00BE
[1611] [M]: 0x0000000080001918 (0x00BE9E93) slli t4, t4, 0xb
x29 <- 0xFFFFFFBFFFBFF800

mem[X,0x000000008000191C] -> 0x8E93
mem[X,0x000000008000191E] -> 0x7F7E
[1612] [M]: 0x000000008000191C (0x7F7E8E93) addi t4, t4, 0x7f7
x29 <- 0xFFFFFFBFFFBFFFF7

mem[X,0x0000000080001920] -> 0x9E93
mem[X,0x0000000080001922] -> 0x00BE
[1613] [M]: 0x0000000080001920 (0x00BE9E93) slli t4, t4, 0xb
x29 <- 0xFFFDFFFDFFFFB800

mem[X,0x0000000080001924] -> 0x8E93
mem[X,0x0000000080001926] -> 0x7FFE
[1614] [M]: 0x0000000080001924 (0x7FFE8E93) addi t4, t4, 0x7ff
x29 <- 0xFFFDFFFDFFFFBFFF

mem[X,0x0000000080001928] -> 0x9E93
mem[X,0x000000008000192A] -> 0x00AE
[1615] [M]: 0x0000000080001928 (0x00AE9E93) slli t4, t4, 0xa
x29 <- 0xF7FFF7FFFEFFFC00

mem[X,0x000000008000192C] -> 0x8E93
mem[X,0x000000008000192E] -> 0x3FFE
[1616] [M]: 0x000000008000192C (0x3FFE8E93) addi t4, t4, 0x3ff
x29 <- 0xF7FFF7FFFEFFFFFF

mem[X,0x0000000080001930] -> 0x0FBB
mem[X,0x0000000080001932] -> 0xC9DF
[1617] [M]: 0x0000000080001930 (0xC9DF0FBB) pdif.h t6, t5, t4
x31 <- 0x088137FF010A0008

mem[X,0x0000000080001934] -> 0xB423
mem[X,0x0000000080001936] -> 0x1BF0
[1618] [M]: 0x0000000080001934 (0x1BF0B423) sd t6, 0x1a8(ra)
mem[0x00000000800043B0] <- 0x088137FF010A0008

mem[X,0x0000000080001938] -> 0x0F37
mem[X,0x000000008000193A] -> 0x0009
[1619] [M]: 0x0000000080001938 (0x00090F37) lui t5, 0x90
x30 <- 0x0000000000090000

mem[X,0x000000008000193C] -> 0x0F13
mem[X,0x000000008000193E] -> 0x010F
[1620] [M]: 0x000000008000193C (0x010F0F13) addi t5, t5, 0x10
x30 <- 0x0000000000090010

mem[X,0x0000000080001940] -> 0x1F13
mem[X,0x0000000080001942] -> 0x00BF
[1621] [M]: 0x0000000080001940 (0x00BF1F13) slli t5, t5, 0xb
x30 <- 0x0000000048008000

mem[X,0x0000000080001944] -> 0x0F13
mem[X,0x0000000080001946] -> 0x7FFF
[1622] [M]: 0x0000000080001944 (0x7FFF0F13) addi t5, t5, 0x7ff
x30 <- 0x00000000480087FF

mem[X,0x0000000080001948] -> 0x1F13
mem[X,0x000000008000194A] -> 0x00BF
[1623] [M]: 0x0000000080001948 (0x00BF1F13) slli t5, t5, 0xb
x30 <- 0x00000240043FF800

mem[X,0x000000008000194C] -> 0x0F13
mem[X,0x000000008000194E] -> 0x582F
[1624] [M]: 0x000000008000194C (0x582F0F13) addi t5, t5, 0x582
x30 <- 0x00000240043FFD82

mem[X,0x0000000080001950] -> 0x1F13
mem[X,0x0000000080001952] -> 0x00AF
[1625] [M]: 0x0000000080001950 (0x00AF1F13) slli t5, t5, 0xa
x30 <- 0x00090010FFF60800

mem[X,0x0000000080001954] -> 0x0EB7
mem[X,0x0000000080001956] -> 0xFE00
[1626] [M]: 0x0000000080001954 (0xFE000EB7) lui t4, -0x2000
x29 <- 0xFFFFFFFFFE000000

mem[X,0x0000000080001958] -> 0x8E93
mem[X,0x000000008000195A] -> 0xFFFE
[1627] [M]: 0x0000000080001958 (0xFFFE8E93) addi t4, t4, -0x1
x29 <- 0xFFFFFFFFFDFFFFFF

mem[X,0x000000008000195C] -> 0x9E93
mem[X,0x000000008000195E] -> 0x00BE
[1628] [M]: 0x000000008000195C (0x00BE9E93) slli t4, t4, 0xb
x29 <- 0xFFFFFFEFFFFFF800

mem[X,0x0000000080001960] -> 0x8E93
mem[X,0x0000000080001962] -> 0x004E
[1629] [M]: 0x0000000080001960 (0x004E8E93) addi t4, t4, 0x4
x29 <- 0xFFFFFFEFFFFFF804

mem[X,0x0000000080001964] -> 0x9E93
mem[X,0x0000000080001966] -> 0x00BE
[1630] [M]: 0x0000000080001964 (0x00BE9E93) slli t4, t4, 0xb
x29 <- 0xFFFF7FFFFFC02000

mem[X,0x0000000080001968] -> 0x8E93
mem[X,0x000000008000196A] -> 0x03FE
[1631] [M]: 0x0000000080001968 (0x03FE8E93) addi t4, t4, 0x3f
x29 <- 0xFFFF7FFFFFC0203F

mem[X,0x000000008000196C] -> 0x9E93
mem[X,0x000000008000196E] -> 0x00AE
[1632] [M]: 0x000000008000196C (0x00AE9E93) slli t4, t4, 0xa
x29 <- 0xFDFFFFFF0080FC00

mem[X,0x0000000080001970] -> 0x8E93
mem[X,0x0000000080001972] -> 0x3FAE
[1633] [M]: 0x0000000080001970 (0x3FAE8E93) addi t4, t4, 0x3fa
x29 <- 0xFDFFFFFF0080FFFA

mem[X,0x0000000080001974] -> 0x0FBB
mem[X,0x0000000080001976] -> 0xC9DF
[1634] [M]: 0x0000000080001974 (0xC9DF0FBB) pdif.h t6, t5, t4
x31 <- 0x020A0011008A0806

mem[X,0x0000000080001978] -> 0xB823
mem[X,0x000000008000197A] -> 0x1BF0
[1635] [M]: 0x0000000080001978 (0x1BF0B823) sd t6, 0x1b0(ra)
mem[0x00000000800043B8] <- 0x020A0011008A0806

mem[X,0x000000008000197C] -> 0x0F37
mem[X,0x000000008000197E] -> 0x0008
[1636] [M]: 0x000000008000197C (0x00080F37) lui t5, 0x80
x30 <- 0x0000000000080000

mem[X,0x0000000080001980] -> 0x0F13
mem[X,0x0000000080001982] -> 0x020F
[1637] [M]: 0x0000000080001980 (0x020F0F13) addi t5, t5, 0x20
x30 <- 0x0000000000080020

mem[X,0x0000000080001984] -> 0x1F13
mem[X,0x0000000080001986] -> 0x00BF
[1638] [M]: 0x0000000080001984 (0x00BF1F13) slli t5, t5, 0xb
x30 <- 0x0000000040010000

mem[X,0x0000000080001988] -> 0x0F13
mem[X,0x000000008000198A] -> 0x000F
[1639] [M]: 0x0000000080001988 (0x000F0F13) addi t5, t5, 0x0
x30 <- 0x0000000040010000

mem[X,0x000000008000198C] -> 0x1F13
mem[X,0x000000008000198E] -> 0x00BF
[1640] [M]: 0x000000008000198C (0x00BF1F13) slli t5, t5, 0xb
x30 <- 0x0000020008000000

mem[X,0x0000000080001990] -> 0x0F13
mem[X,0x0000000080001992] -> 0x0F0F
[1641] [M]: 0x0000000080001990 (0x0F0F0F13) addi t5, t5, 0xf0
x30 <- 0x00000200080000F0

mem[X,0x0000000080001994] -> 0x1F13
mem[X,0x0000000080001996] -> 0x00AF
[1642] [M]: 0x0000000080001994 (0x00AF1F13) slli t5, t5, 0xa
x30 <- 0x000800200003C000

mem[X,0x0000000080001998] -> 0x4EB7
mem[X,0x000000008000199A] -> 0xC000
[1643] [M]: 0x0000000080001998 (0xC0004EB7) lui t4, -0x3fffc
x29 <- 0xFFFFFFFFC0004000

mem[X,0x000000008000199C] -> 0x8E93
mem[X,0x000000008000199E] -> 0x000E
[1644] [M]: 0x000000008000199C (0x000E8E93) addi t4, t4, 0x0
x29 <- 0xFFFFFFFFC0004000

mem[X,0x00000000800019A0] -> 0x9E93
mem[X,0x00000000800019A2] -> 0x00BE
[1645] [M]: 0x00000000800019A0 (0x00BE9E93) slli t4, t4, 0xb
x29 <- 0xFFFFFE0002000000

mem[X,0x00000000800019A4] -> 0x8E93
mem[X,0x00000000800019A6] -> 0x7FBE
[1646] [M]: 0x00000000800019A4 (0x7FBE8E93) addi t4, t4, 0x7fb
x29 <- 0xFFFFFE00020007FB

mem[X,0x00000000800019A8] -> 0x9E93
mem[X,0x00000000800019AA] -> 0x00BE
[1647] [M]: 0x00000000800019A8 (0x00BE9E93) slli t4, t4, 0xb
x29 <- 0xFFF00010003FD800

mem[X,0x00000000800019AC] -> 0x8E93
mem[X,0x00000000800019AE] -> 0x7FBE
[1648] [M]: 0x00000000800019AC (0x7FBE8E93) addi t4, t4, 0x7fb
x29 <- 0xFFF00010003FDFFB

mem[X,0x00000000800019B0] -> 0x9E93
mem[X,0x00000000800019B2] -> 0x00AE
[1649] [M]: 0x00000000800019B0 (0x00AE9E93) slli t4, t4, 0xa
x29 <- 0xC0004000FF7FEC00

mem[X,0x00000000800019B4] -> 0x8E93
mem[X,0x00000000800019B6] -> 0x3FFE
[1650] [M]: 0x00000000800019B4 (0x3FFE8E93) addi t4, t4, 0x3ff
x29 <- 0xC0004000FF7FEFFF

mem[X,0x00000000800019B8] -> 0x0FBB
mem[X,0x00000000800019BA] -> 0xC9DF
[1651] [M]: 0x00000000800019B8 (0xC9DF0FBB) pdif.h t6, t5, t4
x31 <- 0x40083FE000842FFF

mem[X,0x00000000800019BC] -> 0xBC23
mem[X,0x00000000800019BE] -> 0x1BF0
[1652] [M]: 0x00000000800019BC (0x1BF0BC23) sd t6, 0x1b8(ra)
mem[0x00000000800043C0] <- 0x40083FE000842FFF

mem[X,0x00000000800019C0] -> 0x0F37
mem[X,0x00000000800019C2] -> 0x1000
[1653] [M]: 0x00000000800019C0 (0x10000F37) lui t5, 0x10000
x30 <- 0x0000000010000000

mem[X,0x00000000800019C4] -> 0x0F13
mem[X,0x00000000800019C6] -> 0x400F
[1654] [M]: 0x00000000800019C4 (0x400F0F13) addi t5, t5, 0x400
x30 <- 0x0000000010000400

mem[X,0x00000000800019C8] -> 0x1F13
mem[X,0x00000000800019CA] -> 0x00BF
[1655] [M]: 0x00000000800019C8 (0x00BF1F13) slli t5, t5, 0xb
x30 <- 0x0000008000200000

mem[X,0x00000000800019CC] -> 0x0F13
mem[X,0x00000000800019CE] -> 0x7EFF
[1656] [M]: 0x00000000800019CC (0x7EFF0F13) addi t5, t5, 0x7ef
x30 <- 0x00000080002007EF

mem[X,0x00000000800019D0] -> 0x1F13
mem[X,0x00000000800019D2] -> 0x00BF
[1657] [M]: 0x00000000800019D0 (0x00BF1F13) slli t5, t5, 0xb
x30 <- 0x00040001003F7800

mem[X,0x00000000800019D4] -> 0x0F13
mem[X,0x00000000800019D6] -> 0x7C0F
[1658] [M]: 0x00000000800019D4 (0x7C0F0F13) addi t5, t5, 0x7c0
x30 <- 0x00040001003F7FC0

mem[X,0x00000000800019D8] -> 0x1F13
mem[X,0x00000000800019DA] -> 0x00AF
[1659] [M]: 0x00000000800019D8 (0x00AF1F13) slli t5, t5, 0xa
x30 <- 0x10000400FDFF0000

mem[X,0x00000000800019DC] -> 0x0F13
mem[X,0x00000000800019DE] -> 0x080F
[1660] [M]: 0x00000000800019DC (0x080F0F13) addi t5, t5, 0x80
x30 <- 0x10000400FDFF0080

mem[X,0x00000000800019E0] -> 0xEEB7
mem[X,0x00000000800019E2] -> 0xFDFF
[1661] [M]: 0x00000000800019E0 (0xFDFFEEB7) lui t4, -0x2002
x29 <- 0xFFFFFFFFFDFFE000

mem[X,0x00000000800019E4] -> 0x8E93
mem[X,0x00000000800019E6] -> 0xFFFE
[1662] [M]: 0x00000000800019E4 (0xFFFE8E93) addi t4, t4, -0x1
x29 <- 0xFFFFFFFFFDFFDFFF

mem[X,0x00000000800019E8] -> 0x9E93
mem[X,0x00000000800019EA] -> 0x00BE
[1663] [M]: 0x00000000800019E8 (0x00BE9E93) slli t4, t4, 0xb
x29 <- 0xFFFFFFEFFEFFF800

mem[X,0x00000000800019EC] -> 0x8E93
mem[X,0x00000000800019EE] -> 0x1FFE
[1664] [M]: 0x00000000800019EC (0x1FFE8E93) addi t4, t4, 0x1ff
x29 <- 0xFFFFFFEFFEFFF9FF

mem[X,0x00000000800019F0] -> 0x9E93
mem[X,0x00000000800019F2] -> 0x00BE
[1665] [M]: 0x00000000800019F0 (0x00BE9E93) slli t4, t4, 0xb
x29 <- 0xFFFF7FF7FFCFF800

mem[X,0x00000000800019F4] -> 0x8E93
mem[X,0x00000000800019F6] -> 0x7C1E
[1666] [M]: 0x00000000800019F4 (0x7C1E8E93) addi t4, t4, 0x7c1
x29 <- 0xFFFF7FF7FFCFFFC1

mem[X,0x00000000800019F8] -> 0x9E93
mem[X,0x00000000800019FA] -> 0x00AE
[1667] [M]: 0x00000000800019F8 (0x00AE9E93) slli t4, t4, 0xa
x29 <- 0xFDFFDFFF3FFF0400

mem[X,0x00000000800019FC] -> 0x0FBB
mem[X,0x00000000800019FE] -> 0xC9DF
[1668] [M]: 0x00000000800019FC (0xC9DF0FBB) pdif.h t6, t5, t4
x31 <- 0x1201240142000380

mem[X,0x0000000080001A00] -> 0xB023
mem[X,0x0000000080001A02] -> 0x1DF0
[1669] [M]: 0x0000000080001A00 (0x1DF0B023) sd t6, 0x1c0(ra)
mem[0x00000000800043C8] <- 0x1201240142000380

mem[X,0x0000000080001A04] -> 0x1F37
mem[X,0x0000000080001A06] -> 0xFFFC
[1670] [M]: 0x0000000080001A04 (0xFFFC1F37) lui t5, -0x3f
x30 <- 0xFFFFFFFFFFFC1000

mem[X,0x0000000080001A08] -> 0x0F13
mem[X,0x0000000080001A0A] -> 0x000F
[1671] [M]: 0x0000000080001A08 (0x000F0F13) addi t5, t5, 0x0
x30 <- 0xFFFFFFFFFFFC1000

mem[X,0x0000000080001A0C] -> 0x1F13
mem[X,0x0000000080001A0E] -> 0x00BF
[1672] [M]: 0x0000000080001A0C (0x00BF1F13) slli t5, t5, 0xb
x30 <- 0xFFFFFFFFE0800000

mem[X,0x0000000080001A10] -> 0x0F13
mem[X,0x0000000080001A12] -> 0x7FDF
[1673] [M]: 0x0000000080001A10 (0x7FDF0F13) addi t5, t5, 0x7fd
x30 <- 0xFFFFFFFFE08007FD

mem[X,0x0000000080001A14] -> 0x1F13
mem[X,0x0000000080001A16] -> 0x00BF
[1674] [M]: 0x0000000080001A14 (0x00BF1F13) slli t5, t5, 0xb
x30 <- 0xFFFFFF04003FE800

mem[X,0x0000000080001A18] -> 0x0F13
mem[X,0x0000000080001A1A] -> 0x7D0F
[1675] [M]: 0x0000000080001A18 (0x7D0F0F13) addi t5, t5, 0x7d0
x30 <- 0xFFFFFF04003FEFD0

mem[X,0x0000000080001A1C] -> 0x1F13
mem[X,0x0000000080001A1E] -> 0x00AF
[1676] [M]: 0x0000000080001A1C (0x00AF1F13) slli t5, t5, 0xa
x30 <- 0xFFFC1000FFBF4000

mem[X,0x0000000080001A20] -> 0x0EB7
mem[X,0x0000000080001A22] -> 0x0006
[1677] [M]: 0x0000000080001A20 (0x00060EB7) lui t4, 0x60
x29 <- 0x0000000000060000

mem[X,0x0000000080001A24] -> 0x8E93
mem[X,0x0000000080001A26] -> 0xFDFE
[1678] [M]: 0x0000000080001A24 (0xFDFE8E93) addi t4, t4, -0x21
x29 <- 0x000000000005FFDF

mem[X,0x0000000080001A28] -> 0x9E93
mem[X,0x0000000080001A2A] -> 0x00BE
[1679] [M]: 0x0000000080001A28 (0x00BE9E93) slli t4, t4, 0xb
x29 <- 0x000000002FFEF800

mem[X,0x0000000080001A2C] -> 0x8E93
mem[X,0x0000000080001A2E] -> 0x008E
[1680] [M]: 0x0000000080001A2C (0x008E8E93) addi t4, t4, 0x8
x29 <- 0x000000002FFEF808

mem[X,0x0000000080001A30] -> 0x9E93
mem[X,0x0000000080001A32] -> 0x00BE
[1681] [M]: 0x0000000080001A30 (0x00BE9E93) slli t4, t4, 0xb
x29 <- 0x0000017FF7C04000

mem[X,0x0000000080001A34] -> 0x8E93
mem[X,0x0000000080001A36] -> 0x000E
[1682] [M]: 0x0000000080001A34 (0x000E8E93) addi t4, t4, 0x0
x29 <- 0x0000017FF7C04000

mem[X,0x0000000080001A38] -> 0x9E93
mem[X,0x0000000080001A3A] -> 0x00AE
[1683] [M]: 0x0000000080001A38 (0x00AE9E93) slli t4, t4, 0xa
x29 <- 0x0005FFDF01000000

mem[X,0x0000000080001A3C] -> 0x8E93
mem[X,0x0000000080001A3E] -> 0x080E
[1684] [M]: 0x0000000080001A3C (0x080E8E93) addi t4, t4, 0x80
x29 <- 0x0005FFDF01000080

mem[X,0x0000000080001A40] -> 0x0FBB
mem[X,0x0000000080001A42] -> 0xC9DF
[1685] [M]: 0x0000000080001A40 (0xC9DF0FBB) pdif.h t6, t5, t4
x31 <- 0x0009102101413F80

mem[X,0x0000000080001A44] -> 0xB423
mem[X,0x0000000080001A46] -> 0x1DF0
[1686] [M]: 0x0000000080001A44 (0x1DF0B423) sd t6, 0x1c8(ra)
mem[0x00000000800043D0] <- 0x0009102101413F80

mem[X,0x0000000080001A48] -> 0x0F37
mem[X,0x0000000080001A4A] -> 0x4000
[1687] [M]: 0x0000000080001A48 (0x40000F37) lui t5, 0x40000
x30 <- 0x0000000040000000

mem[X,0x0000000080001A4C] -> 0x0F13
mem[X,0x0000000080001A4E] -> 0x007F
[1688] [M]: 0x0000000080001A4C (0x007F0F13) addi t5, t5, 0x7
x30 <- 0x0000000040000007

mem[X,0x0000000080001A50] -> 0x1F13
mem[X,0x0000000080001A52] -> 0x00BF
[1689] [M]: 0x0000000080001A50 (0x00BF1F13) slli t5, t5, 0xb
x30 <- 0x0000020000003800

mem[X,0x0000000080001A54] -> 0x0F13
mem[X,0x0000000080001A56] -> 0x7DFF
[1690] [M]: 0x0000000080001A54 (0x7DFF0F13) addi t5, t5, 0x7df
x30 <- 0x0000020000003FDF

mem[X,0x0000000080001A58] -> 0x1F13
mem[X,0x0000000080001A5A] -> 0x00BF
[1691] [M]: 0x0000000080001A58 (0x00BF1F13) slli t5, t5, 0xb
x30 <- 0x0010000001FEF800

mem[X,0x0000000080001A5C] -> 0x0F13
mem[X,0x0000000080001A5E] -> 0x7C0F
[1692] [M]: 0x0000000080001A5C (0x7C0F0F13) addi t5, t5, 0x7c0
x30 <- 0x0010000001FEFFC0

mem[X,0x0000000080001A60] -> 0x1F13
mem[X,0x0000000080001A62] -> 0x00AF
[1693] [M]: 0x0000000080001A60 (0x00AF1F13) slli t5, t5, 0xa
x30 <- 0x40000007FBFF0000

mem[X,0x0000000080001A64] -> 0x0F13
mem[X,0x0000000080001A66] -> 0x001F
[1694] [M]: 0x0000000080001A64 (0x001F0F13) addi t5, t5, 0x1
x30 <- 0x40000007FBFF0001

mem[X,0x0000000080001A68] -> 0x8EB7
mem[X,0x0000000080001A6A] -> 0x0010
[1695] [M]: 0x0000000080001A68 (0x00108EB7) lui t4, 0x108
x29 <- 0x0000000000108000

mem[X,0x0000000080001A6C] -> 0x8E93
mem[X,0x0000000080001A6E] -> 0x000E
[1696] [M]: 0x0000000080001A6C (0x000E8E93) addi t4, t4, 0x0
x29 <- 0x0000000000108000

mem[X,0x0000000080001A70] -> 0x9E93
mem[X,0x0000000080001A72] -> 0x00BE
[1697] [M]: 0x0000000080001A70 (0x00BE9E93) slli t4, t4, 0xb
x29 <- 0x0000000084000000

mem[X,0x0000000080001A74] -> 0x8E93
mem[X,0x0000000080001A76] -> 0x000E
[1698] [M]: 0x0000000080001A74 (0x000E8E93) addi t4, t4, 0x0
x29 <- 0x0000000084000000

mem[X,0x0000000080001A78] -> 0x9E93
mem[X,0x0000000080001A7A] -> 0x00BE
[1699] [M]: 0x0000000080001A78 (0x00BE9E93) slli t4, t4, 0xb
x29 <- 0x0000042000000000

clint::tick mtime <- 0x0000000000000011
 clint timer pending at mtime 0x0000000000000011
htif::tick 0x0000000000000000
mem[X,0x0000000080001A7C] -> 0x8E93
mem[X,0x0000000080001A7E] -> 0x0FFE
[1700] [M]: 0x0000000080001A7C (0x0FFE8E93) addi t4, t4, 0xff
x29 <- 0x00000420000000FF

mem[X,0x0000000080001A80] -> 0x9E93
mem[X,0x0000000080001A82] -> 0x00AE
[1701] [M]: 0x0000000080001A80 (0x00AE9E93) slli t4, t4, 0xa
x29 <- 0x001080000003FC00

mem[X,0x0000000080001A84] -> 0x8E93
mem[X,0x0000000080001A86] -> 0x3FDE
[1702] [M]: 0x0000000080001A84 (0x3FDE8E93) addi t4, t4, 0x3fd
x29 <- 0x001080000003FFFD

mem[X,0x0000000080001A88] -> 0x0FBB
mem[X,0x0000000080001A8A] -> 0xC9DF
[1703] [M]: 0x0000000080001A88 (0xC9DF0FBB) pdif.h t6, t5, t4
x31 <- 0x3FF07FF904040004

mem[X,0x0000000080001A8C] -> 0xB823
mem[X,0x0000000080001A8E] -> 0x1DF0
[1704] [M]: 0x0000000080001A8C (0x1DF0B823) sd t6, 0x1d0(ra)
mem[0x00000000800043D8] <- 0x3FF07FF904040004

mem[X,0x0000000080001A90] -> 0x0F37
mem[X,0x0000000080001A92] -> 0x2000
[1705] [M]: 0x0000000080001A90 (0x20000F37) lui t5, 0x20000
x30 <- 0x0000000020000000

mem[X,0x0000000080001A94] -> 0x0F13
mem[X,0x0000000080001A96] -> 0x000F
[1706] [M]: 0x0000000080001A94 (0x000F0F13) addi t5, t5, 0x0
x30 <- 0x0000000020000000

mem[X,0x0000000080001A98] -> 0x1F13
mem[X,0x0000000080001A9A] -> 0x00BF
[1707] [M]: 0x0000000080001A98 (0x00BF1F13) slli t5, t5, 0xb
x30 <- 0x0000010000000000

mem[X,0x0000000080001A9C] -> 0x0F13
mem[X,0x0000000080001A9E] -> 0x001F
[1708] [M]: 0x0000000080001A9C (0x001F0F13) addi t5, t5, 0x1
x30 <- 0x0000010000000001

mem[X,0x0000000080001AA0] -> 0x1F13
mem[X,0x0000000080001AA2] -> 0x00BF
[1709] [M]: 0x0000000080001AA0 (0x00BF1F13) slli t5, t5, 0xb
x30 <- 0x0008000000000800

mem[X,0x0000000080001AA4] -> 0x0F13
mem[X,0x0000000080001AA6] -> 0x03FF
[1710] [M]: 0x0000000080001AA4 (0x03FF0F13) addi t5, t5, 0x3f
x30 <- 0x000800000000083F

mem[X,0x0000000080001AA8] -> 0x1F13
mem[X,0x0000000080001AAA] -> 0x00AF
[1711] [M]: 0x0000000080001AA8 (0x00AF1F13) slli t5, t5, 0xa
x30 <- 0x200000000020FC00

mem[X,0x0000000080001AAC] -> 0x0F13
mem[X,0x0000000080001AAE] -> 0x37FF
[1712] [M]: 0x0000000080001AAC (0x37FF0F13) addi t5, t5, 0x37f
x30 <- 0x200000000020FF7F

mem[X,0x0000000080001AB0] -> 0x8EB7
mem[X,0x0000000080001AB2] -> 0xFFFD
[1713] [M]: 0x0000000080001AB0 (0xFFFD8EB7) lui t4, -0x28
x29 <- 0xFFFFFFFFFFFD8000

mem[X,0x0000000080001AB4] -> 0x8E93
mem[X,0x0000000080001AB6] -> 0xFFFE
[1714] [M]: 0x0000000080001AB4 (0xFFFE8E93) addi t4, t4, -0x1
x29 <- 0xFFFFFFFFFFFD7FFF

mem[X,0x0000000080001AB8] -> 0x9E93
mem[X,0x0000000080001ABA] -> 0x00BE
[1715] [M]: 0x0000000080001AB8 (0x00BE9E93) slli t4, t4, 0xb
x29 <- 0xFFFFFFFFEBFFF800

mem[X,0x0000000080001ABC] -> 0x8E93
mem[X,0x0000000080001ABE] -> 0x7FFE
[1716] [M]: 0x0000000080001ABC (0x7FFE8E93) addi t4, t4, 0x7ff
x29 <- 0xFFFFFFFFEBFFFFFF

mem[X,0x0000000080001AC0] -> 0x9E93
mem[X,0x0000000080001AC2] -> 0x00BE
[1717] [M]: 0x0000000080001AC0 (0x00BE9E93) slli t4, t4, 0xb
x29 <- 0xFFFFFF5FFFFFF800

mem[X,0x0000000080001AC4] -> 0x8E93
mem[X,0x0000000080001AC6] -> 0x78FE
[1718] [M]: 0x0000000080001AC4 (0x78FE8E93) addi t4, t4, 0x78f
x29 <- 0xFFFFFF5FFFFFFF8F

mem[X,0x0000000080001AC8] -> 0x9E93
mem[X,0x0000000080001ACA] -> 0x00AE
[1719] [M]: 0x0000000080001AC8 (0x00AE9E93) slli t4, t4, 0xa
x29 <- 0xFFFD7FFFFFFE3C00

mem[X,0x0000000080001ACC] -> 0x8E93
mem[X,0x0000000080001ACE] -> 0x3FFE
[1720] [M]: 0x0000000080001ACC (0x3FFE8E93) addi t4, t4, 0x3ff
x29 <- 0xFFFD7FFFFFFE3FFF

mem[X,0x0000000080001AD0] -> 0x0FBB
mem[X,0x0000000080001AD2] -> 0xC9DF
[1721] [M]: 0x0000000080001AD0 (0xC9DF0FBB) pdif.h t6, t5, t4
x31 <- 0x20037FFF00224080

mem[X,0x0000000080001AD4] -> 0xBC23
mem[X,0x0000000080001AD6] -> 0x1DF0
[1722] [M]: 0x0000000080001AD4 (0x1DF0BC23) sd t6, 0x1d8(ra)
mem[0x00000000800043E0] <- 0x20037FFF00224080

mem[X,0x0000000080001AD8] -> 0x0F37
mem[X,0x0000000080001ADA] -> 0xC000
[1723] [M]: 0x0000000080001AD8 (0xC0000F37) lui t5, -0x40000
x30 <- 0xFFFFFFFFC0000000

mem[X,0x0000000080001ADC] -> 0x0F13
mem[X,0x0000000080001ADE] -> 0xFFEF
[1724] [M]: 0x0000000080001ADC (0xFFEF0F13) addi t5, t5, -0x2
x30 <- 0xFFFFFFFFBFFFFFFE

mem[X,0x0000000080001AE0] -> 0x1F13
mem[X,0x0000000080001AE2] -> 0x00BF
[1725] [M]: 0x0000000080001AE0 (0x00BF1F13) slli t5, t5, 0xb
x30 <- 0xFFFFFDFFFFFFF000

mem[X,0x0000000080001AE4] -> 0x0F13
mem[X,0x0000000080001AE6] -> 0x5FFF
[1726] [M]: 0x0000000080001AE4 (0x5FFF0F13) addi t5, t5, 0x5ff
x30 <- 0xFFFFFDFFFFFFF5FF

mem[X,0x0000000080001AE8] -> 0x1F13
mem[X,0x0000000080001AEA] -> 0x00BF
[1727] [M]: 0x0000000080001AE8 (0x00BF1F13) slli t5, t5, 0xb
x30 <- 0xFFEFFFFFFFAFF800

mem[X,0x0000000080001AEC] -> 0x0F13
mem[X,0x0000000080001AEE] -> 0x7C1F
[1728] [M]: 0x0000000080001AEC (0x7C1F0F13) addi t5, t5, 0x7c1
x30 <- 0xFFEFFFFFFFAFFFC1

mem[X,0x0000000080001AF0] -> 0x1F13
mem[X,0x0000000080001AF2] -> 0x00AF
[1729] [M]: 0x0000000080001AF0 (0x00AF1F13) slli t5, t5, 0xa
x30 <- 0xBFFFFFFEBFFF0400

mem[X,0x0000000080001AF4] -> 0x0EB7
mem[X,0x0000000080001AF6] -> 0xFFF9
[1730] [M]: 0x0000000080001AF4 (0xFFF90EB7) lui t4, -0x70
x29 <- 0xFFFFFFFFFFF90000

mem[X,0x0000000080001AF8] -> 0x8E93
mem[X,0x0000000080001AFA] -> 0x002E
[1731] [M]: 0x0000000080001AF8 (0x002E8E93) addi t4, t4, 0x2
x29 <- 0xFFFFFFFFFFF90002

mem[X,0x0000000080001AFC] -> 0x9E93
mem[X,0x0000000080001AFE] -> 0x00BE
[1732] [M]: 0x0000000080001AFC (0x00BE9E93) slli t4, t4, 0xb
x29 <- 0xFFFFFFFFC8001000

mem[X,0x0000000080001B00] -> 0x8E93
mem[X,0x0000000080001B02] -> 0x080E
[1733] [M]: 0x0000000080001B00 (0x080E8E93) addi t4, t4, 0x80
x29 <- 0xFFFFFFFFC8001080

mem[X,0x0000000080001B04] -> 0x9E93
mem[X,0x0000000080001B06] -> 0x00BE
[1734] [M]: 0x0000000080001B04 (0x00BE9E93) slli t4, t4, 0xb
x29 <- 0xFFFFFE4000840000

mem[X,0x0000000080001B08] -> 0x8E93
mem[X,0x0000000080001B0A] -> 0x000E
[1735] [M]: 0x0000000080001B08 (0x000E8E93) addi t4, t4, 0x0
x29 <- 0xFFFFFE4000840000

mem[X,0x0000000080001B0C] -> 0x9E93
mem[X,0x0000000080001B0E] -> 0x00AE
[1736] [M]: 0x0000000080001B0C (0x00AE9E93) slli t4, t4, 0xa
x29 <- 0xFFF9000210000000

mem[X,0x0000000080001B10] -> 0x8E93
mem[X,0x0000000080001B12] -> 0x008E
[1737] [M]: 0x0000000080001B10 (0x008E8E93) addi t4, t4, 0x8
x29 <- 0xFFF9000210000008

mem[X,0x0000000080001B14] -> 0x0FBB
mem[X,0x0000000080001B16] -> 0xC9DF
[1738] [M]: 0x0000000080001B14 (0xC9DF0FBB) pdif.h t6, t5, t4
x31 <- 0x3FFA0004500103F8

mem[X,0x0000000080001B18] -> 0xB023
mem[X,0x0000000080001B1A] -> 0x1FF0
[1739] [M]: 0x0000000080001B18 (0x1FF0B023) sd t6, 0x1e0(ra)
mem[0x00000000800043E8] <- 0x3FFA0004500103F8

mem[X,0x0000000080001B1C] -> 0x0F37
mem[X,0x0000000080001B1E] -> 0x0101
[1740] [M]: 0x0000000080001B1C (0x01010F37) lui t5, 0x1010
x30 <- 0x0000000001010000

mem[X,0x0000000080001B20] -> 0x0F13
mem[X,0x0000000080001B22] -> 0xFDFF
[1741] [M]: 0x0000000080001B20 (0xFDFF0F13) addi t5, t5, -0x21
x30 <- 0x000000000100FFDF

mem[X,0x0000000080001B24] -> 0x1F13
mem[X,0x0000000080001B26] -> 0x00BF
[1742] [M]: 0x0000000080001B24 (0x00BF1F13) slli t5, t5, 0xb
x30 <- 0x0000000807FEF800

mem[X,0x0000000080001B28] -> 0x0F13
mem[X,0x0000000080001B2A] -> 0x008F
[1743] [M]: 0x0000000080001B28 (0x008F0F13) addi t5, t5, 0x8
x30 <- 0x0000000807FEF808

mem[X,0x0000000080001B2C] -> 0x1F13
mem[X,0x0000000080001B2E] -> 0x00BF
[1744] [M]: 0x0000000080001B2C (0x00BF1F13) slli t5, t5, 0xb
x30 <- 0x0000403FF7C04000

mem[X,0x0000000080001B30] -> 0x0F13
mem[X,0x0000000080001B32] -> 0x002F
[1745] [M]: 0x0000000080001B30 (0x002F0F13) addi t5, t5, 0x2
x30 <- 0x0000403FF7C04002

mem[X,0x0000000080001B34] -> 0x1F13
mem[X,0x0000000080001B36] -> 0x00AF
[1746] [M]: 0x0000000080001B34 (0x00AF1F13) slli t5, t5, 0xa
x30 <- 0x0100FFDF01000800

mem[X,0x0000000080001B38] -> 0x8EB7
mem[X,0x0000000080001B3A] -> 0x1000
[1747] [M]: 0x0000000080001B38 (0x10008EB7) lui t4, 0x10008
x29 <- 0x0000000010008000

mem[X,0x0000000080001B3C] -> 0x8E93
mem[X,0x0000000080001B3E] -> 0x000E
[1748] [M]: 0x0000000080001B3C (0x000E8E93) addi t4, t4, 0x0
x29 <- 0x0000000010008000

mem[X,0x0000000080001B40] -> 0x9E93
mem[X,0x0000000080001B42] -> 0x00BE
[1749] [M]: 0x0000000080001B40 (0x00BE9E93) slli t4, t4, 0xb
x29 <- 0x0000008004000000

mem[X,0x0000000080001B44] -> 0x8E93
mem[X,0x0000000080001B46] -> 0x000E
[1750] [M]: 0x0000000080001B44 (0x000E8E93) addi t4, t4, 0x0
x29 <- 0x0000008004000000

mem[X,0x0000000080001B48] -> 0x9E93
mem[X,0x0000000080001B4A] -> 0x00BE
[1751] [M]: 0x0000000080001B48 (0x00BE9E93) slli t4, t4, 0xb
x29 <- 0x0004002000000000

mem[X,0x0000000080001B4C] -> 0x8E93
mem[X,0x0000000080001B4E] -> 0x180E
[1752] [M]: 0x0000000080001B4C (0x180E8E93) addi t4, t4, 0x180
x29 <- 0x0004002000000180

mem[X,0x0000000080001B50] -> 0x9E93
mem[X,0x0000000080001B52] -> 0x00AE
[1753] [M]: 0x0000000080001B50 (0x00AE9E93) slli t4, t4, 0xa
x29 <- 0x1000800000060000

mem[X,0x0000000080001B54] -> 0x8E93
mem[X,0x0000000080001B56] -> 0x200E
[1754] [M]: 0x0000000080001B54 (0x200E8E93) addi t4, t4, 0x200
x29 <- 0x1000800000060200

mem[X,0x0000000080001B58] -> 0x0FBB
mem[X,0x0000000080001B5A] -> 0xC9DF
[1755] [M]: 0x0000000080001B58 (0xC9DF0FBB) pdif.h t6, t5, t4
x31 <- 0x0F007FDF00FA0600

mem[X,0x0000000080001B5C] -> 0xB423
mem[X,0x0000000080001B5E] -> 0x1FF0
[1756] [M]: 0x0000000080001B5C (0x1FF0B423) sd t6, 0x1e8(ra)
mem[0x00000000800043F0] <- 0x0F007FDF00FA0600

mem[X,0x0000000080001B60] -> 0x0F37
mem[X,0x0000000080001B62] -> 0xF800
[1757] [M]: 0x0000000080001B60 (0xF8000F37) lui t5, -0x8000
x30 <- 0xFFFFFFFFF8000000

mem[X,0x0000000080001B64] -> 0x0F13
mem[X,0x0000000080001B66] -> 0xEFFF
[1758] [M]: 0x0000000080001B64 (0xEFFF0F13) addi t5, t5, -0x101
x30 <- 0xFFFFFFFFF7FFFEFF

mem[X,0x0000000080001B68] -> 0x1F13
mem[X,0x0000000080001B6A] -> 0x00BF
[1759] [M]: 0x0000000080001B68 (0x00BF1F13) slli t5, t5, 0xb
x30 <- 0xFFFFFFBFFFF7F800

mem[X,0x0000000080001B6C] -> 0x0F13
mem[X,0x0000000080001B6E] -> 0x000F
[1760] [M]: 0x0000000080001B6C (0x000F0F13) addi t5, t5, 0x0
x30 <- 0xFFFFFFBFFFF7F800

mem[X,0x0000000080001B70] -> 0x1F13
mem[X,0x0000000080001B72] -> 0x00BF
[1761] [M]: 0x0000000080001B70 (0x00BF1F13) slli t5, t5, 0xb
x30 <- 0xFFFDFFFFBFC00000

mem[X,0x0000000080001B74] -> 0x0F13
mem[X,0x0000000080001B76] -> 0x200F
[1762] [M]: 0x0000000080001B74 (0x200F0F13) addi t5, t5, 0x200
x30 <- 0xFFFDFFFFBFC00200

mem[X,0x0000000080001B78] -> 0x1F13
mem[X,0x0000000080001B7A] -> 0x00AF
[1763] [M]: 0x0000000080001B78 (0x00AF1F13) slli t5, t5, 0xa
x30 <- 0xF7FFFEFF00080000

mem[X,0x0000000080001B7C] -> 0x0F13
mem[X,0x0000000080001B7E] -> 0x004F
[1764] [M]: 0x0000000080001B7C (0x004F0F13) addi t5, t5, 0x4
x30 <- 0xF7FFFEFF00080004

mem[X,0x0000000080001B80] -> 0x0EB7
mem[X,0x0000000080001B82] -> 0xFC00
[1765] [M]: 0x0000000080001B80 (0xFC000EB7) lui t4, -0x4000
x29 <- 0xFFFFFFFFFC000000

mem[X,0x0000000080001B84] -> 0x8E93
mem[X,0x0000000080001B86] -> 0xFF9E
[1766] [M]: 0x0000000080001B84 (0xFF9E8E93) addi t4, t4, -0x7
x29 <- 0xFFFFFFFFFBFFFFF9

mem[X,0x0000000080001B88] -> 0x9E93
mem[X,0x0000000080001B8A] -> 0x00BE
[1767] [M]: 0x0000000080001B88 (0x00BE9E93) slli t4, t4, 0xb
x29 <- 0xFFFFFFDFFFFFC800

mem[X,0x0000000080001B8C] -> 0x8E93
mem[X,0x0000000080001B8E] -> 0x000E
[1768] [M]: 0x0000000080001B8C (0x000E8E93) addi t4, t4, 0x0
x29 <- 0xFFFFFFDFFFFFC800

mem[X,0x0000000080001B90] -> 0x9E93
mem[X,0x0000000080001B92] -> 0x00BE
[1769] [M]: 0x0000000080001B90 (0x00BE9E93) slli t4, t4, 0xb
x29 <- 0xFFFEFFFFFE400000

mem[X,0x0000000080001B94] -> 0x8E93
mem[X,0x0000000080001B96] -> 0x27FE
[1770] [M]: 0x0000000080001B94 (0x27FE8E93) addi t4, t4, 0x27f
x29 <- 0xFFFEFFFFFE40027F

mem[X,0x0000000080001B98] -> 0x9E93
mem[X,0x0000000080001B9A] -> 0x00AE
[1771] [M]: 0x0000000080001B98 (0x00AE9E93) slli t4, t4, 0xa
x29 <- 0xFBFFFFF90009FC00

mem[X,0x0000000080001B9C] -> 0x8E93
mem[X,0x0000000080001B9E] -> 0x3FAE
[1772] [M]: 0x0000000080001B9C (0x3FAE8E93) addi t4, t4, 0x3fa
x29 <- 0xFBFFFFF90009FFFA

mem[X,0x0000000080001BA0] -> 0x0FBB
mem[X,0x0000000080001BA2] -> 0xC9DF
[1773] [M]: 0x0000000080001BA0 (0xC9DF0FBB) pdif.h t6, t5, t4
x31 <- 0x040000FA0001000A

mem[X,0x0000000080001BA4] -> 0xB823
mem[X,0x0000000080001BA6] -> 0x1FF0
[1774] [M]: 0x0000000080001BA4 (0x1FF0B823) sd t6, 0x1f0(ra)
mem[0x00000000800043F8] <- 0x040000FA0001000A

mem[X,0x0000000080001BA8] -> 0x0F37
mem[X,0x0000000080001BAA] -> 0x4000
[1775] [M]: 0x0000000080001BA8 (0x40000F37) lui t5, 0x40000
x30 <- 0x0000000040000000

mem[X,0x0000000080001BAC] -> 0x0F13
mem[X,0x0000000080001BAE] -> 0xBFFF
[1776] [M]: 0x0000000080001BAC (0xBFFF0F13) addi t5, t5, -0x401
x30 <- 0x000000003FFFFBFF

mem[X,0x0000000080001BB0] -> 0x1F13
mem[X,0x0000000080001BB2] -> 0x00BF
[1777] [M]: 0x0000000080001BB0 (0x00BF1F13) slli t5, t5, 0xb
x30 <- 0x000001FFFFDFF800

mem[X,0x0000000080001BB4] -> 0x0F13
mem[X,0x0000000080001BB6] -> 0x000F
[1778] [M]: 0x0000000080001BB4 (0x000F0F13) addi t5, t5, 0x0
x30 <- 0x000001FFFFDFF800

mem[X,0x0000000080001BB8] -> 0x1F13
mem[X,0x0000000080001BBA] -> 0x00BF
[1779] [M]: 0x0000000080001BB8 (0x00BF1F13) slli t5, t5, 0xb
x30 <- 0x000FFFFEFFC00000

mem[X,0x0000000080001BBC] -> 0x0F13
mem[X,0x0000000080001BBE] -> 0x200F
[1780] [M]: 0x0000000080001BBC (0x200F0F13) addi t5, t5, 0x200
x30 <- 0x000FFFFEFFC00200

mem[X,0x0000000080001BC0] -> 0x1F13
mem[X,0x0000000080001BC2] -> 0x00AF
[1781] [M]: 0x0000000080001BC0 (0x00AF1F13) slli t5, t5, 0xa
x30 <- 0x3FFFFBFF00080000

mem[X,0x0000000080001BC4] -> 0x0F13
mem[X,0x0000000080001BC6] -> 0x004F
[1782] [M]: 0x0000000080001BC4 (0x004F0F13) addi t5, t5, 0x4
x30 <- 0x3FFFFBFF00080004

mem[X,0x0000000080001BC8] -> 0x0EB7
mem[X,0x0000000080001BCA] -> 0xFFBF
[1783] [M]: 0x0000000080001BC8 (0xFFBF0EB7) lui t4, -0x410
x29 <- 0xFFFFFFFFFFBF0000

mem[X,0x0000000080001BCC] -> 0x8E93
mem[X,0x0000000080001BCE] -> 0x002E
[1784] [M]: 0x0000000080001BCC (0x002E8E93) addi t4, t4, 0x2
x29 <- 0xFFFFFFFFFFBF0002

mem[X,0x0000000080001BD0] -> 0x9E93
mem[X,0x0000000080001BD2] -> 0x00BE
[1785] [M]: 0x0000000080001BD0 (0x00BE9E93) slli t4, t4, 0xb
x29 <- 0xFFFFFFFDF8001000

mem[X,0x0000000080001BD4] -> 0x8E93
mem[X,0x0000000080001BD6] -> 0x000E
[1786] [M]: 0x0000000080001BD4 (0x000E8E93) addi t4, t4, 0x0
x29 <- 0xFFFFFFFDF8001000

mem[X,0x0000000080001BD8] -> 0x9E93
mem[X,0x0000000080001BDA] -> 0x00BE
[1787] [M]: 0x0000000080001BD8 (0x00BE9E93) slli t4, t4, 0xb
x29 <- 0xFFFFEFC000800000

mem[X,0x0000000080001BDC] -> 0x8E93
mem[X,0x0000000080001BDE] -> 0x140E
[1788] [M]: 0x0000000080001BDC (0x140E8E93) addi t4, t4, 0x140
x29 <- 0xFFFFEFC000800140

mem[X,0x0000000080001BE0] -> 0x9E93
mem[X,0x0000000080001BE2] -> 0x00AE
[1789] [M]: 0x0000000080001BE0 (0x00AE9E93) slli t4, t4, 0xa
x29 <- 0xFFBF000200050000

mem[X,0x0000000080001BE4] -> 0x8E93
mem[X,0x0000000080001BE6] -> 0x006E
[1790] [M]: 0x0000000080001BE4 (0x006E8E93) addi t4, t4, 0x6
x29 <- 0xFFBF000200050006

mem[X,0x0000000080001BE8] -> 0x0FBB
mem[X,0x0000000080001BEA] -> 0xC9DF
[1791] [M]: 0x0000000080001BE8 (0xC9DF0FBB) pdif.h t6, t5, t4
x31 <- 0x4040040300030002

mem[X,0x0000000080001BEC] -> 0xBC23
mem[X,0x0000000080001BEE] -> 0x1FF0
[1792] [M]: 0x0000000080001BEC (0x1FF0BC23) sd t6, 0x1f8(ra)
mem[0x0000000080004400] <- 0x4040040300030002

mem[X,0x0000000080001BF0] -> 0xEF37
mem[X,0x0000000080001BF2] -> 0xFF7F
[1793] [M]: 0x0000000080001BF0 (0xFF7FEF37) lui t5, -0x802
x30 <- 0xFFFFFFFFFF7FE000

mem[X,0x0000000080001BF4] -> 0x0F13
mem[X,0x0000000080001BF6] -> 0xFFFF
[1794] [M]: 0x0000000080001BF4 (0xFFFF0F13) addi t5, t5, -0x1
x30 <- 0xFFFFFFFFFF7FDFFF

mem[X,0x0000000080001BF8] -> 0x1F13
mem[X,0x0000000080001BFA] -> 0x00BF
[1795] [M]: 0x0000000080001BF8 (0x00BF1F13) slli t5, t5, 0xb
x30 <- 0xFFFFFFFBFEFFF800

mem[X,0x0000000080001BFC] -> 0x0F13
mem[X,0x0000000080001BFE] -> 0x5FFF
[1796] [M]: 0x0000000080001BFC (0x5FFF0F13) addi t5, t5, 0x5ff
x30 <- 0xFFFFFFFBFEFFFDFF

mem[X,0x0000000080001C00] -> 0x1F13
mem[X,0x0000000080001C02] -> 0x00BF
[1797] [M]: 0x0000000080001C00 (0x00BF1F13) slli t5, t5, 0xb
x30 <- 0xFFFFDFF7FFEFF800

mem[X,0x0000000080001C04] -> 0x0F13
mem[X,0x0000000080001C06] -> 0x7FFF
[1798] [M]: 0x0000000080001C04 (0x7FFF0F13) addi t5, t5, 0x7ff
x30 <- 0xFFFFDFF7FFEFFFFF

mem[X,0x0000000080001C08] -> 0x1F13
mem[X,0x0000000080001C0A] -> 0x00AF
[1799] [M]: 0x0000000080001C08 (0x00AF1F13) slli t5, t5, 0xa
x30 <- 0xFF7FDFFFBFFFFC00

clint::tick mtime <- 0x0000000000000012
 clint timer pending at mtime 0x0000000000000012
htif::tick 0x0000000000000000
mem[X,0x0000000080001C0C] -> 0x0F13
mem[X,0x0000000080001C0E] -> 0x3FFF
[1800] [M]: 0x0000000080001C0C (0x3FFF0F13) addi t5, t5, 0x3ff
x30 <- 0xFF7FDFFFBFFFFFFF

mem[X,0x0000000080001C10] -> 0x5EB7
mem[X,0x0000000080001C12] -> 0x8000
[1801] [M]: 0x0000000080001C10 (0x80005EB7) lui t4, -0x7fffb
x29 <- 0xFFFFFFFF80005000

mem[X,0x0000000080001C14] -> 0x8E93
mem[X,0x0000000080001C16] -> 0x555E
[1802] [M]: 0x0000000080001C14 (0x555E8E93) addi t4, t4, 0x555
x29 <- 0xFFFFFFFF80005555

mem[X,0x0000000080001C18] -> 0x9E93
mem[X,0x0000000080001C1A] -> 0x00BE
[1803] [M]: 0x0000000080001C18 (0x00BE9E93) slli t4, t4, 0xb
x29 <- 0xFFFFFC0002AAA800

mem[X,0x0000000080001C1C] -> 0x8E93
mem[X,0x0000000080001C1E] -> 0x7F7E
[1804] [M]: 0x0000000080001C1C (0x7F7E8E93) addi t4, t4, 0x7f7
x29 <- 0xFFFFFC0002AAAFF7

mem[X,0x0000000080001C20] -> 0x9E93
mem[X,0x0000000080001C22] -> 0x00BE
[1805] [M]: 0x0000000080001C20 (0x00BE9E93) slli t4, t4, 0xb
x29 <- 0xFFE00015557FB800

mem[X,0x0000000080001C24] -> 0x8E93
mem[X,0x0000000080001C26] -> 0x7FBE
[1806] [M]: 0x0000000080001C24 (0x7FBE8E93) addi t4, t4, 0x7fb
x29 <- 0xFFE00015557FBFFB

mem[X,0x0000000080001C28] -> 0x9E93
mem[X,0x0000000080001C2A] -> 0x00AE
[1807] [M]: 0x0000000080001C28 (0x00AE9E93) slli t4, t4, 0xa
x29 <- 0x80005555FEFFEC00

mem[X,0x0000000080001C2C] -> 0x8E93
mem[X,0x0000000080001C2E] -> 0x3FFE
[1808] [M]: 0x0000000080001C2C (0x3FFE8E93) addi t4, t4, 0x3ff
x29 <- 0x80005555FEFFEFFF

mem[X,0x0000000080001C30] -> 0x0FBB
mem[X,0x0000000080001C32] -> 0xC9DF
[1809] [M]: 0x0000000080001C30 (0xC9DF0FBB) pdif.h t6, t5, t4
x31 <- 0x7F7F75563F001000

mem[X,0x0000000080001C34] -> 0xB023
mem[X,0x0000000080001C36] -> 0x21F0
[1810] [M]: 0x0000000080001C34 (0x21F0B023) sd t6, 0x200(ra)
mem[0x0000000080004408] <- 0x7F7F75563F001000

mem[X,0x0000000080001C38] -> 0x0F37
mem[X,0x0000000080001C3A] -> 0xFFF8
[1811] [M]: 0x0000000080001C38 (0xFFF80F37) lui t5, -0x80
x30 <- 0xFFFFFFFFFFF80000

mem[X,0x0000000080001C3C] -> 0x0F13
mem[X,0x0000000080001C3E] -> 0x007F
[1812] [M]: 0x0000000080001C3C (0x007F0F13) addi t5, t5, 0x7
x30 <- 0xFFFFFFFFFFF80007

mem[X,0x0000000080001C40] -> 0x1F13
mem[X,0x0000000080001C42] -> 0x00BF
[1813] [M]: 0x0000000080001C40 (0x00BF1F13) slli t5, t5, 0xb
x30 <- 0xFFFFFFFFC0003800

mem[X,0x0000000080001C44] -> 0x0F13
mem[X,0x0000000080001C46] -> 0x000F
[1814] [M]: 0x0000000080001C44 (0x000F0F13) addi t5, t5, 0x0
x30 <- 0xFFFFFFFFC0003800

mem[X,0x0000000080001C48] -> 0x1F13
mem[X,0x0000000080001C4A] -> 0x00BF
[1815] [M]: 0x0000000080001C48 (0x00BF1F13) slli t5, t5, 0xb
x30 <- 0xFFFFFE0001C00000

mem[X,0x0000000080001C4C] -> 0x0F13
mem[X,0x0000000080001C4E] -> 0x437F
[1816] [M]: 0x0000000080001C4C (0x437F0F13) addi t5, t5, 0x437
x30 <- 0xFFFFFE0001C00437

mem[X,0x0000000080001C50] -> 0x1F13
mem[X,0x0000000080001C52] -> 0x00AF
[1817] [M]: 0x0000000080001C50 (0x00AF1F13) slli t5, t5, 0xa
x30 <- 0xFFF800070010DC00

mem[X,0x0000000080001C54] -> 0x0F13
mem[X,0x0000000080001C56] -> 0x3FFF
[1818] [M]: 0x0000000080001C54 (0x3FFF0F13) addi t5, t5, 0x3ff
x30 <- 0xFFF800070010DFFF

mem[X,0x0000000080001C58] -> 0x2EB7
mem[X,0x0000000080001C5A] -> 0xFFFB
[1819] [M]: 0x0000000080001C58 (0xFFFB2EB7) lui t4, -0x4e
x29 <- 0xFFFFFFFFFFFB2000

mem[X,0x0000000080001C5C] -> 0x8E93
mem[X,0x0000000080001C5E] -> 0x000E
[1820] [M]: 0x0000000080001C5C (0x000E8E93) addi t4, t4, 0x0
x29 <- 0xFFFFFFFFFFFB2000

mem[X,0x0000000080001C60] -> 0x9E93
mem[X,0x0000000080001C62] -> 0x00BE
[1821] [M]: 0x0000000080001C60 (0x00BE9E93) slli t4, t4, 0xb
x29 <- 0xFFFFFFFFD9000000

mem[X,0x0000000080001C64] -> 0x8E93
mem[X,0x0000000080001C66] -> 0x7FFE
[1822] [M]: 0x0000000080001C64 (0x7FFE8E93) addi t4, t4, 0x7ff
x29 <- 0xFFFFFFFFD90007FF

mem[X,0x0000000080001C68] -> 0x9E93
mem[X,0x0000000080001C6A] -> 0x00BE
[1823] [M]: 0x0000000080001C68 (0x00BE9E93) slli t4, t4, 0xb
x29 <- 0xFFFFFEC8003FF800

mem[X,0x0000000080001C6C] -> 0x8E93
mem[X,0x0000000080001C6E] -> 0x5FFE
[1824] [M]: 0x0000000080001C6C (0x5FFE8E93) addi t4, t4, 0x5ff
x29 <- 0xFFFFFEC8003FFDFF

mem[X,0x0000000080001C70] -> 0x9E93
mem[X,0x0000000080001C72] -> 0x00AE
[1825] [M]: 0x0000000080001C70 (0x00AE9E93) slli t4, t4, 0xa
x29 <- 0xFFFB2000FFF7FC00

mem[X,0x0000000080001C74] -> 0x8E93
mem[X,0x0000000080001C76] -> 0x3FFE
[1826] [M]: 0x0000000080001C74 (0x3FFE8E93) addi t4, t4, 0x3ff
x29 <- 0xFFFB2000FFF7FFFF

mem[X,0x0000000080001C78] -> 0x0FBB
mem[X,0x0000000080001C7A] -> 0xC9DF
[1827] [M]: 0x0000000080001C78 (0xC9DF0FBB) pdif.h t6, t5, t4
x31 <- 0x00031FF900192000

mem[X,0x0000000080001C7C] -> 0xB423
mem[X,0x0000000080001C7E] -> 0x21F0
[1828] [M]: 0x0000000080001C7C (0x21F0B423) sd t6, 0x208(ra)
mem[0x0000000080004410] <- 0x00031FF900192000

mem[X,0x0000000080001C80] -> 0x0F37
mem[X,0x0000000080001C82] -> 0x0401
[1829] [M]: 0x0000000080001C80 (0x04010F37) lui t5, 0x4010
x30 <- 0x0000000004010000

mem[X,0x0000000080001C84] -> 0x0F13
mem[X,0x0000000080001C86] -> 0xEFFF
[1830] [M]: 0x0000000080001C84 (0xEFFF0F13) addi t5, t5, -0x101
x30 <- 0x000000000400FEFF

mem[X,0x0000000080001C88] -> 0x1F13
mem[X,0x0000000080001C8A] -> 0x00BF
[1831] [M]: 0x0000000080001C88 (0x00BF1F13) slli t5, t5, 0xb
x30 <- 0x0000002007F7F800

mem[X,0x0000000080001C8C] -> 0x0F13
mem[X,0x0000000080001C8E] -> 0x7FFF
[1832] [M]: 0x0000000080001C8C (0x7FFF0F13) addi t5, t5, 0x7ff
x30 <- 0x0000002007F7FFFF

mem[X,0x0000000080001C90] -> 0x1F13
mem[X,0x0000000080001C92] -> 0x00BF
[1833] [M]: 0x0000000080001C90 (0x00BF1F13) slli t5, t5, 0xb
x30 <- 0x0001003FBFFFF800

mem[X,0x0000000080001C94] -> 0x0F13
mem[X,0x0000000080001C96] -> 0x740F
[1834] [M]: 0x0000000080001C94 (0x740F0F13) addi t5, t5, 0x740
x30 <- 0x0001003FBFFFFF40

mem[X,0x0000000080001C98] -> 0x1F13
mem[X,0x0000000080001C9A] -> 0x00AF
[1835] [M]: 0x0000000080001C98 (0x00AF1F13) slli t5, t5, 0xa
x30 <- 0x0400FEFFFFFD0000

mem[X,0x0000000080001C9C] -> 0x0F13
mem[X,0x0000000080001C9E] -> 0x004F
[1836] [M]: 0x0000000080001C9C (0x004F0F13) addi t5, t5, 0x4
x30 <- 0x0400FEFFFFFD0004

mem[X,0x0000000080001CA0] -> 0x0EB7
mem[X,0x0000000080001CA2] -> 0x0006
[1837] [M]: 0x0000000080001CA0 (0x00060EB7) lui t4, 0x60
x29 <- 0x0000000000060000

mem[X,0x0000000080001CA4] -> 0x8E93
mem[X,0x0000000080001CA6] -> 0xFFEE
[1838] [M]: 0x0000000080001CA4 (0xFFEE8E93) addi t4, t4, -0x2
x29 <- 0x000000000005FFFE

mem[X,0x0000000080001CA8] -> 0x9E93
mem[X,0x0000000080001CAA] -> 0x00BE
[1839] [M]: 0x0000000080001CA8 (0x00BE9E93) slli t4, t4, 0xb
x29 <- 0x000000002FFFF000

mem[X,0x0000000080001CAC] -> 0x8E93
mem[X,0x0000000080001CAE] -> 0x020E
[1840] [M]: 0x0000000080001CAC (0x020E8E93) addi t4, t4, 0x20
x29 <- 0x000000002FFFF020

mem[X,0x0000000080001CB0] -> 0x9E93
mem[X,0x0000000080001CB2] -> 0x00BE
[1841] [M]: 0x0000000080001CB0 (0x00BE9E93) slli t4, t4, 0xb
x29 <- 0x0000017FFF810000

mem[X,0x0000000080001CB4] -> 0x8E93
mem[X,0x0000000080001CB6] -> 0x02FE
[1842] [M]: 0x0000000080001CB4 (0x02FE8E93) addi t4, t4, 0x2f
x29 <- 0x0000017FFF81002F

mem[X,0x0000000080001CB8] -> 0x9E93
mem[X,0x0000000080001CBA] -> 0x00AE
[1843] [M]: 0x0000000080001CB8 (0x00AE9E93) slli t4, t4, 0xa
x29 <- 0x0005FFFE0400BC00

mem[X,0x0000000080001CBC] -> 0x8E93
mem[X,0x0000000080001CBE] -> 0x3FFE
[1844] [M]: 0x0000000080001CBC (0x3FFE8E93) addi t4, t4, 0x3ff
x29 <- 0x0005FFFE0400BFFF

mem[X,0x0000000080001CC0] -> 0x0FBB
mem[X,0x0000000080001CC2] -> 0xC9DF
[1845] [M]: 0x0000000080001CC0 (0xC9DF0FBB) pdif.h t6, t5, t4
x31 <- 0x03FB00FF04034005

mem[X,0x0000000080001CC4] -> 0xB823
mem[X,0x0000000080001CC6] -> 0x21F0
[1846] [M]: 0x0000000080001CC4 (0x21F0B823) sd t6, 0x210(ra)
mem[0x0000000080004418] <- 0x03FB00FF04034005

mem[X,0x0000000080001CC8] -> 0x0F37
mem[X,0x0000000080001CCA] -> 0xC000
[1847] [M]: 0x0000000080001CC8 (0xC0000F37) lui t5, -0x40000
x30 <- 0xFFFFFFFFC0000000

mem[X,0x0000000080001CCC] -> 0x0F13
mem[X,0x0000000080001CCE] -> 0xFF6F
[1848] [M]: 0x0000000080001CCC (0xFF6F0F13) addi t5, t5, -0xa
x30 <- 0xFFFFFFFFBFFFFFF6

mem[X,0x0000000080001CD0] -> 0x1F13
mem[X,0x0000000080001CD2] -> 0x00BF
[1849] [M]: 0x0000000080001CD0 (0x00BF1F13) slli t5, t5, 0xb
x30 <- 0xFFFFFDFFFFFFB000

mem[X,0x0000000080001CD4] -> 0x0F13
mem[X,0x0000000080001CD6] -> 0x77FF
[1850] [M]: 0x0000000080001CD4 (0x77FF0F13) addi t5, t5, 0x77f
x30 <- 0xFFFFFDFFFFFFB77F

mem[X,0x0000000080001CD8] -> 0x1F13
mem[X,0x0000000080001CDA] -> 0x00BF
[1851] [M]: 0x0000000080001CD8 (0x00BF1F13) slli t5, t5, 0xb
x30 <- 0xFFEFFFFFFDBBF800

mem[X,0x0000000080001CDC] -> 0x0F13
mem[X,0x0000000080001CDE] -> 0x7C0F
[1852] [M]: 0x0000000080001CDC (0x7C0F0F13) addi t5, t5, 0x7c0
x30 <- 0xFFEFFFFFFDBBFFC0

mem[X,0x0000000080001CE0] -> 0x1F13
mem[X,0x0000000080001CE2] -> 0x00AF
[1853] [M]: 0x0000000080001CE0 (0x00AF1F13) slli t5, t5, 0xa
x30 <- 0xBFFFFFF6EFFF0000

mem[X,0x0000000080001CE4] -> 0x0F13
mem[X,0x0000000080001CE6] -> 0x080F
[1854] [M]: 0x0000000080001CE4 (0x080F0F13) addi t5, t5, 0x80
x30 <- 0xBFFFFFF6EFFF0080

mem[X,0x0000000080001CE8] -> 0x0EB7
mem[X,0x0000000080001CEA] -> 0x0002
[1855] [M]: 0x0000000080001CE8 (0x00020EB7) lui t4, 0x20
x29 <- 0x0000000000020000

mem[X,0x0000000080001CEC] -> 0x8E93
mem[X,0x0000000080001CEE] -> 0xFFDE
[1856] [M]: 0x0000000080001CEC (0xFFDE8E93) addi t4, t4, -0x3
x29 <- 0x000000000001FFFD

mem[X,0x0000000080001CF0] -> 0x9E93
mem[X,0x0000000080001CF2] -> 0x00BE
[1857] [M]: 0x0000000080001CF0 (0x00BE9E93) slli t4, t4, 0xb
x29 <- 0x000000000FFFE800

mem[X,0x0000000080001CF4] -> 0x8E93
mem[X,0x0000000080001CF6] -> 0x004E
[1858] [M]: 0x0000000080001CF4 (0x004E8E93) addi t4, t4, 0x4
x29 <- 0x000000000FFFE804

mem[X,0x0000000080001CF8] -> 0x9E93
mem[X,0x0000000080001CFA] -> 0x00BE
[1859] [M]: 0x0000000080001CF8 (0x00BE9E93) slli t4, t4, 0xb
x29 <- 0x0000007FFF402000

mem[X,0x0000000080001CFC] -> 0x8E93
mem[X,0x0000000080001CFE] -> 0x010E
[1860] [M]: 0x0000000080001CFC (0x010E8E93) addi t4, t4, 0x10
x29 <- 0x0000007FFF402010

mem[X,0x0000000080001D00] -> 0x9E93
mem[X,0x0000000080001D02] -> 0x00AE
[1861] [M]: 0x0000000080001D00 (0x00AE9E93) slli t4, t4, 0xa
x29 <- 0x0001FFFD00804000

mem[X,0x0000000080001D04] -> 0x0FBB
mem[X,0x0000000080001D06] -> 0xC9DF
[1862] [M]: 0x0000000080001D04 (0xC9DF0FBB) pdif.h t6, t5, t4
x31 <- 0x4002000710813F80

mem[X,0x0000000080001D08] -> 0xBC23
mem[X,0x0000000080001D0A] -> 0x21F0
[1863] [M]: 0x0000000080001D08 (0x21F0BC23) sd t6, 0x218(ra)
mem[0x0000000080004420] <- 0x4002000710813F80

mem[X,0x0000000080001D0C] -> 0xFF37
mem[X,0x0000000080001D0E] -> 0x0001
[1864] [M]: 0x0000000080001D0C (0x0001FF37) lui t5, 0x1f
x30 <- 0x000000000001F000

mem[X,0x0000000080001D10] -> 0x0F13
mem[X,0x0000000080001D12] -> 0x7FFF
[1865] [M]: 0x0000000080001D10 (0x7FFF0F13) addi t5, t5, 0x7ff
x30 <- 0x000000000001F7FF

mem[X,0x0000000080001D14] -> 0x1F13
mem[X,0x0000000080001D16] -> 0x00BF
[1866] [M]: 0x0000000080001D14 (0x00BF1F13) slli t5, t5, 0xb
x30 <- 0x000000000FBFF800

mem[X,0x0000000080001D18] -> 0x0F13
mem[X,0x0000000080001D1A] -> 0x000F
[1867] [M]: 0x0000000080001D18 (0x000F0F13) addi t5, t5, 0x0
x30 <- 0x000000000FBFF800

mem[X,0x0000000080001D1C] -> 0x1F13
mem[X,0x0000000080001D1E] -> 0x00BF
[1868] [M]: 0x0000000080001D1C (0x00BF1F13) slli t5, t5, 0xb
x30 <- 0x0000007DFFC00000

mem[X,0x0000000080001D20] -> 0x0F13
mem[X,0x0000000080001D22] -> 0x0CFF
[1869] [M]: 0x0000000080001D20 (0x0CFF0F13) addi t5, t5, 0xcf
x30 <- 0x0000007DFFC000CF

mem[X,0x0000000080001D24] -> 0x1F13
mem[X,0x0000000080001D26] -> 0x00AF
[1870] [M]: 0x0000000080001D24 (0x00AF1F13) slli t5, t5, 0xa
x30 <- 0x0001F7FF00033C00

mem[X,0x0000000080001D28] -> 0x0F13
mem[X,0x0000000080001D2A] -> 0x3FFF
[1871] [M]: 0x0000000080001D28 (0x3FFF0F13) addi t5, t5, 0x3ff
x30 <- 0x0001F7FF00033FFF

mem[X,0x0000000080001D2C] -> 0x0EB7
mem[X,0x0000000080001D2E] -> 0xBFFF
[1872] [M]: 0x0000000080001D2C (0xBFFF0EB7) lui t4, -0x40010
x29 <- 0xFFFFFFFFBFFF0000

mem[X,0x0000000080001D30] -> 0x8E93
mem[X,0x0000000080001D32] -> 0x008E
[1873] [M]: 0x0000000080001D30 (0x008E8E93) addi t4, t4, 0x8
x29 <- 0xFFFFFFFFBFFF0008

mem[X,0x0000000080001D34] -> 0x9E93
mem[X,0x0000000080001D36] -> 0x00BE
[1874] [M]: 0x0000000080001D34 (0x00BE9E93) slli t4, t4, 0xb
x29 <- 0xFFFFFDFFF8004000

mem[X,0x0000000080001D38] -> 0x8E93
mem[X,0x0000000080001D3A] -> 0x010E
[1875] [M]: 0x0000000080001D38 (0x010E8E93) addi t4, t4, 0x10
x29 <- 0xFFFFFDFFF8004010

mem[X,0x0000000080001D3C] -> 0x9E93
mem[X,0x0000000080001D3E] -> 0x00BE
[1876] [M]: 0x0000000080001D3C (0x00BE9E93) slli t4, t4, 0xb
x29 <- 0xFFEFFFC002008000

mem[X,0x0000000080001D40] -> 0x8E93
mem[X,0x0000000080001D42] -> 0x03FE
[1877] [M]: 0x0000000080001D40 (0x03FE8E93) addi t4, t4, 0x3f
x29 <- 0xFFEFFFC00200803F

mem[X,0x0000000080001D44] -> 0x9E93
mem[X,0x0000000080001D46] -> 0x00AE
[1878] [M]: 0x0000000080001D44 (0x00AE9E93) slli t4, t4, 0xa
x29 <- 0xBFFF00080200FC00

mem[X,0x0000000080001D48] -> 0x8E93
mem[X,0x0000000080001D4A] -> 0x3F6E
[1879] [M]: 0x0000000080001D48 (0x3F6E8E93) addi t4, t4, 0x3f6
x29 <- 0xBFFF00080200FFF6

mem[X,0x0000000080001D4C] -> 0x0FBB
mem[X,0x0000000080001D4E] -> 0xC9DF
[1880] [M]: 0x0000000080001D4C (0xC9DF0FBB) pdif.h t6, t5, t4
x31 <- 0x4002080901FD4009

mem[X,0x0000000080001D50] -> 0xB023
mem[X,0x0000000080001D52] -> 0x23F0
[1881] [M]: 0x0000000080001D50 (0x23F0B023) sd t6, 0x220(ra)
mem[0x0000000080004428] <- 0x4002080901FD4009

mem[X,0x0000000080001D54] -> 0x0F37
mem[X,0x0000000080001D56] -> 0x7FFF
[1882] [M]: 0x0000000080001D54 (0x7FFF0F37) lui t5, 0x7fff0
x30 <- 0x000000007FFF0000

mem[X,0x0000000080001D58] -> 0x0F13
mem[X,0x0000000080001D5A] -> 0x005F
[1883] [M]: 0x0000000080001D58 (0x005F0F13) addi t5, t5, 0x5
x30 <- 0x000000007FFF0005

mem[X,0x0000000080001D5C] -> 0x1F13
mem[X,0x0000000080001D5E] -> 0x00BF
[1884] [M]: 0x0000000080001D5C (0x00BF1F13) slli t5, t5, 0xb
x30 <- 0x000003FFF8002800

mem[X,0x0000000080001D60] -> 0x0F13
mem[X,0x0000000080001D62] -> 0x002F
[1885] [M]: 0x0000000080001D60 (0x002F0F13) addi t5, t5, 0x2
x30 <- 0x000003FFF8002802

mem[X,0x0000000080001D64] -> 0x1F13
mem[X,0x0000000080001D66] -> 0x00BF
[1886] [M]: 0x0000000080001D64 (0x00BF1F13) slli t5, t5, 0xb
x30 <- 0x001FFFC001401000

mem[X,0x0000000080001D68] -> 0x0F13
mem[X,0x0000000080001D6A] -> 0x03FF
[1887] [M]: 0x0000000080001D68 (0x03FF0F13) addi t5, t5, 0x3f
x30 <- 0x001FFFC00140103F

mem[X,0x0000000080001D6C] -> 0x1F13
mem[X,0x0000000080001D6E] -> 0x00AF
[1888] [M]: 0x0000000080001D6C (0x00AF1F13) slli t5, t5, 0xa
x30 <- 0x7FFF00050040FC00

mem[X,0x0000000080001D70] -> 0x0F13
mem[X,0x0000000080001D72] -> 0x3FFF
[1889] [M]: 0x0000000080001D70 (0x3FFF0F13) addi t5, t5, 0x3ff
x30 <- 0x7FFF00050040FFFF

mem[X,0x0000000080001D74] -> 0x0EB7
mem[X,0x0000000080001D76] -> 0x0000
[1890] [M]: 0x0000000080001D74 (0x00000EB7) lui t4, 0x0
x29 <- 0x0000000000000000

mem[X,0x0000000080001D78] -> 0x8E93
mem[X,0x0000000080001D7A] -> 0x000E
[1891] [M]: 0x0000000080001D78 (0x000E8E93) addi t4, t4, 0x0
x29 <- 0x0000000000000000

mem[X,0x0000000080001D7C] -> 0x9E93
mem[X,0x0000000080001D7E] -> 0x00BE
[1892] [M]: 0x0000000080001D7C (0x00BE9E93) slli t4, t4, 0xb
x29 <- 0x0000000000000000

mem[X,0x0000000080001D80] -> 0x8E93
mem[X,0x0000000080001D82] -> 0x000E
[1893] [M]: 0x0000000080001D80 (0x000E8E93) addi t4, t4, 0x0
x29 <- 0x0000000000000000

mem[X,0x0000000080001D84] -> 0x9E93
mem[X,0x0000000080001D86] -> 0x00BE
[1894] [M]: 0x0000000080001D84 (0x00BE9E93) slli t4, t4, 0xb
x29 <- 0x0000000000000000

mem[X,0x0000000080001D88] -> 0x8E93
mem[X,0x0000000080001D8A] -> 0x1FFE
[1895] [M]: 0x0000000080001D88 (0x1FFE8E93) addi t4, t4, 0x1ff
x29 <- 0x00000000000001FF

mem[X,0x0000000080001D8C] -> 0x9E93
mem[X,0x0000000080001D8E] -> 0x00AE
[1896] [M]: 0x0000000080001D8C (0x00AE9E93) slli t4, t4, 0xa
x29 <- 0x000000000007FC00

mem[X,0x0000000080001D90] -> 0x8E93
mem[X,0x0000000080001D92] -> 0x3FBE
[1897] [M]: 0x0000000080001D90 (0x3FBE8E93) addi t4, t4, 0x3fb
x29 <- 0x000000000007FFFB

mem[X,0x0000000080001D94] -> 0x0FBB
mem[X,0x0000000080001D96] -> 0xC9DF
[1898] [M]: 0x0000000080001D94 (0xC9DF0FBB) pdif.h t6, t5, t4
x31 <- 0x7FFF000500390004

mem[X,0x0000000080001D98] -> 0xB423
mem[X,0x0000000080001D9A] -> 0x23F0
[1899] [M]: 0x0000000080001D98 (0x23F0B423) sd t6, 0x228(ra)
mem[0x0000000080004430] <- 0x7FFF000500390004

clint::tick mtime <- 0x0000000000000013
 clint timer pending at mtime 0x0000000000000013
htif::tick 0x0000000000000000
mem[X,0x0000000080001D9C] -> 0x0F37
mem[X,0x0000000080001D9E] -> 0x0002
[1900] [M]: 0x0000000080001D9C (0x00020F37) lui t5, 0x20
x30 <- 0x0000000000020000

mem[X,0x0000000080001DA0] -> 0x0F13
mem[X,0x0000000080001DA2] -> 0x040F
[1901] [M]: 0x0000000080001DA0 (0x040F0F13) addi t5, t5, 0x40
x30 <- 0x0000000000020040

mem[X,0x0000000080001DA4] -> 0x1F13
mem[X,0x0000000080001DA6] -> 0x00BF
[1902] [M]: 0x0000000080001DA4 (0x00BF1F13) slli t5, t5, 0xb
x30 <- 0x0000000010020000

mem[X,0x0000000080001DA8] -> 0x0F13
mem[X,0x0000000080001DAA] -> 0x7FFF
[1903] [M]: 0x0000000080001DA8 (0x7FFF0F13) addi t5, t5, 0x7ff
x30 <- 0x00000000100207FF

mem[X,0x0000000080001DAC] -> 0x1F13
mem[X,0x0000000080001DAE] -> 0x00BF
[1904] [M]: 0x0000000080001DAC (0x00BF1F13) slli t5, t5, 0xb
x30 <- 0x00000080103FF800

mem[X,0x0000000080001DB0] -> 0x0F13
mem[X,0x0000000080001DB2] -> 0x6C0F
[1905] [M]: 0x0000000080001DB0 (0x6C0F0F13) addi t5, t5, 0x6c0
x30 <- 0x00000080103FFEC0

mem[X,0x0000000080001DB4] -> 0x1F13
mem[X,0x0000000080001DB6] -> 0x00AF
[1906] [M]: 0x0000000080001DB4 (0x00AF1F13) slli t5, t5, 0xa
x30 <- 0x00020040FFFB0000

mem[X,0x0000000080001DB8] -> 0x0F13
mem[X,0x0000000080001DBA] -> 0x008F
[1907] [M]: 0x0000000080001DB8 (0x008F0F13) addi t5, t5, 0x8
x30 <- 0x00020040FFFB0008

mem[X,0x0000000080001DBC] -> 0x4EB7
mem[X,0x0000000080001DBE] -> 0xFFF6
[1908] [M]: 0x0000000080001DBC (0xFFF64EB7) lui t4, -0x9c
x29 <- 0xFFFFFFFFFFF64000

mem[X,0x0000000080001DC0] -> 0x8E93
mem[X,0x0000000080001DC2] -> 0x000E
[1909] [M]: 0x0000000080001DC0 (0x000E8E93) addi t4, t4, 0x0
x29 <- 0xFFFFFFFFFFF64000

mem[X,0x0000000080001DC4] -> 0x9E93
mem[X,0x0000000080001DC6] -> 0x00BE
[1910] [M]: 0x0000000080001DC4 (0x00BE9E93) slli t4, t4, 0xb
x29 <- 0xFFFFFFFFB2000000

mem[X,0x0000000080001DC8] -> 0x8E93
mem[X,0x0000000080001DCA] -> 0x008E
[1911] [M]: 0x0000000080001DC8 (0x008E8E93) addi t4, t4, 0x8
x29 <- 0xFFFFFFFFB2000008

mem[X,0x0000000080001DCC] -> 0x9E93
mem[X,0x0000000080001DCE] -> 0x00BE
[1912] [M]: 0x0000000080001DCC (0x00BE9E93) slli t4, t4, 0xb
x29 <- 0xFFFFFD9000004000

mem[X,0x0000000080001DD0] -> 0x8E93
mem[X,0x0000000080001DD2] -> 0x001E
[1913] [M]: 0x0000000080001DD0 (0x001E8E93) addi t4, t4, 0x1
x29 <- 0xFFFFFD9000004001

mem[X,0x0000000080001DD4] -> 0x9E93
mem[X,0x0000000080001DD6] -> 0x00AE
[1914] [M]: 0x0000000080001DD4 (0x00AE9E93) slli t4, t4, 0xa
x29 <- 0xFFF6400001000400

mem[X,0x0000000080001DD8] -> 0x0FBB
mem[X,0x0000000080001DDA] -> 0xC9DF
[1915] [M]: 0x0000000080001DD8 (0xC9DF0FBB) pdif.h t6, t5, t4
x31 <- 0x000C3FC0010503F8

mem[X,0x0000000080001DDC] -> 0xB823
mem[X,0x0000000080001DDE] -> 0x23F0
[1916] [M]: 0x0000000080001DDC (0x23F0B823) sd t6, 0x230(ra)
mem[0x0000000080004438] <- 0x000C3FC0010503F8

mem[X,0x0000000080001DE0] -> 0x0F37
mem[X,0x0000000080001DE2] -> 0x0001
[1917] [M]: 0x0000000080001DE0 (0x00010F37) lui t5, 0x10
x30 <- 0x0000000000010000

mem[X,0x0000000080001DE4] -> 0x0F13
mem[X,0x0000000080001DE6] -> 0x400F
[1918] [M]: 0x0000000080001DE4 (0x400F0F13) addi t5, t5, 0x400
x30 <- 0x0000000000010400

mem[X,0x0000000080001DE8] -> 0x1F13
mem[X,0x0000000080001DEA] -> 0x00BF
[1919] [M]: 0x0000000080001DE8 (0x00BF1F13) slli t5, t5, 0xb
x30 <- 0x0000000008200000

mem[X,0x0000000080001DEC] -> 0x0F13
mem[X,0x0000000080001DEE] -> 0x000F
[1920] [M]: 0x0000000080001DEC (0x000F0F13) addi t5, t5, 0x0
x30 <- 0x0000000008200000

mem[X,0x0000000080001DF0] -> 0x1F13
mem[X,0x0000000080001DF2] -> 0x00BF
[1921] [M]: 0x0000000080001DF0 (0x00BF1F13) slli t5, t5, 0xb
x30 <- 0x0000004100000000

mem[X,0x0000000080001DF4] -> 0x0F13
mem[X,0x0000000080001DF6] -> 0x1BEF
[1922] [M]: 0x0000000080001DF4 (0x1BEF0F13) addi t5, t5, 0x1be
x30 <- 0x00000041000001BE

mem[X,0x0000000080001DF8] -> 0x1F13
mem[X,0x0000000080001DFA] -> 0x00AF
[1923] [M]: 0x0000000080001DF8 (0x00AF1F13) slli t5, t5, 0xa
x30 <- 0x000104000006F800

mem[X,0x0000000080001DFC] -> 0x0F13
mem[X,0x0000000080001DFE] -> 0x3FFF
[1924] [M]: 0x0000000080001DFC (0x3FFF0F13) addi t5, t5, 0x3ff
x30 <- 0x000104000006FBFF

mem[X,0x0000000080001E00] -> 0x0EB7
mem[X,0x0000000080001E02] -> 0x0005
[1925] [M]: 0x0000000080001E00 (0x00050EB7) lui t4, 0x50
x29 <- 0x0000000000050000

mem[X,0x0000000080001E04] -> 0x8E93
mem[X,0x0000000080001E06] -> 0xFBFE
[1926] [M]: 0x0000000080001E04 (0xFBFE8E93) addi t4, t4, -0x41
x29 <- 0x000000000004FFBF

mem[X,0x0000000080001E08] -> 0x9E93
mem[X,0x0000000080001E0A] -> 0x00BE
[1927] [M]: 0x0000000080001E08 (0x00BE9E93) slli t4, t4, 0xb
x29 <- 0x0000000027FDF800

mem[X,0x0000000080001E0C] -> 0x8E93
mem[X,0x0000000080001E0E] -> 0x000E
[1928] [M]: 0x0000000080001E0C (0x000E8E93) addi t4, t4, 0x0
x29 <- 0x0000000027FDF800

mem[X,0x0000000080001E10] -> 0x9E93
mem[X,0x0000000080001E12] -> 0x00BE
[1929] [M]: 0x0000000080001E10 (0x00BE9E93) slli t4, t4, 0xb
x29 <- 0x0000013FEFC00000

mem[X,0x0000000080001E14] -> 0x8E93
mem[X,0x0000000080001E16] -> 0x08FE
[1930] [M]: 0x0000000080001E14 (0x08FE8E93) addi t4, t4, 0x8f
x29 <- 0x0000013FEFC0008F

mem[X,0x0000000080001E18] -> 0x9E93
mem[X,0x0000000080001E1A] -> 0x00AE
[1931] [M]: 0x0000000080001E18 (0x00AE9E93) slli t4, t4, 0xa
x29 <- 0x0004FFBF00023C00

mem[X,0x0000000080001E1C] -> 0x8E93
mem[X,0x0000000080001E1E] -> 0x3FFE
[1932] [M]: 0x0000000080001E1C (0x3FFE8E93) addi t4, t4, 0x3ff
x29 <- 0x0004FFBF00023FFF

mem[X,0x0000000080001E20] -> 0x0FBB
mem[X,0x0000000080001E22] -> 0xC9DF
[1933] [M]: 0x0000000080001E20 (0xC9DF0FBB) pdif.h t6, t5, t4
x31 <- 0x0003044100044400

mem[X,0x0000000080001E24] -> 0xBC23
mem[X,0x0000000080001E26] -> 0x23F0
[1934] [M]: 0x0000000080001E24 (0x23F0BC23) sd t6, 0x238(ra)
mem[0x0000000080004440] <- 0x0003044100044400

mem[X,0x0000000080001E28] -> 0x4F37
mem[X,0x0000000080001E2A] -> 0x7FFF
[1935] [M]: 0x0000000080001E28 (0x7FFF4F37) lui t5, 0x7fff4
x30 <- 0x000000007FFF4000

mem[X,0x0000000080001E2C] -> 0x0F13
mem[X,0x0000000080001E2E] -> 0xFFFF
[1936] [M]: 0x0000000080001E2C (0xFFFF0F13) addi t5, t5, -0x1
x30 <- 0x000000007FFF3FFF

mem[X,0x0000000080001E30] -> 0x1F13
mem[X,0x0000000080001E32] -> 0x00BF
[1937] [M]: 0x0000000080001E30 (0x00BF1F13) slli t5, t5, 0xb
x30 <- 0x000003FFF9FFF800

mem[X,0x0000000080001E34] -> 0x0F13
mem[X,0x0000000080001E36] -> 0x000F
[1938] [M]: 0x0000000080001E34 (0x000F0F13) addi t5, t5, 0x0
x30 <- 0x000003FFF9FFF800

mem[X,0x0000000080001E38] -> 0x1F13
mem[X,0x0000000080001E3A] -> 0x00BF
[1939] [M]: 0x0000000080001E38 (0x00BF1F13) slli t5, t5, 0xb
x30 <- 0x001FFFCFFFC00000

mem[X,0x0000000080001E3C] -> 0x0F13
mem[X,0x0000000080001E3E] -> 0x0BFF
[1940] [M]: 0x0000000080001E3C (0x0BFF0F13) addi t5, t5, 0xbf
x30 <- 0x001FFFCFFFC000BF

mem[X,0x0000000080001E40] -> 0x1F13
mem[X,0x0000000080001E42] -> 0x00AF
[1941] [M]: 0x0000000080001E40 (0x00AF1F13) slli t5, t5, 0xa
x30 <- 0x7FFF3FFF0002FC00

mem[X,0x0000000080001E44] -> 0x0F13
mem[X,0x0000000080001E46] -> 0x3F6F
[1942] [M]: 0x0000000080001E44 (0x3F6F0F13) addi t5, t5, 0x3f6
x30 <- 0x7FFF3FFF0002FFF6

mem[X,0x0000000080001E48] -> 0x0EB7
mem[X,0x0000000080001E4A] -> 0x2000
[1943] [M]: 0x0000000080001E48 (0x20000EB7) lui t4, 0x20000
x29 <- 0x0000000020000000

mem[X,0x0000000080001E4C] -> 0x8E93
mem[X,0x0000000080001E4E] -> 0x004E
[1944] [M]: 0x0000000080001E4C (0x004E8E93) addi t4, t4, 0x4
x29 <- 0x0000000020000004

mem[X,0x0000000080001E50] -> 0x9E93
mem[X,0x0000000080001E52] -> 0x00BE
[1945] [M]: 0x0000000080001E50 (0x00BE9E93) slli t4, t4, 0xb
x29 <- 0x0000010000002000

mem[X,0x0000000080001E54] -> 0x8E93
mem[X,0x0000000080001E56] -> 0x5FFE
[1946] [M]: 0x0000000080001E54 (0x5FFE8E93) addi t4, t4, 0x5ff
x29 <- 0x00000100000025FF

mem[X,0x0000000080001E58] -> 0x9E93
mem[X,0x0000000080001E5A] -> 0x00BE
[1947] [M]: 0x0000000080001E58 (0x00BE9E93) slli t4, t4, 0xb
x29 <- 0x00080000012FF800

mem[X,0x0000000080001E5C] -> 0x8E93
mem[X,0x0000000080001E5E] -> 0x7FFE
[1948] [M]: 0x0000000080001E5C (0x7FFE8E93) addi t4, t4, 0x7ff
x29 <- 0x00080000012FFFFF

mem[X,0x0000000080001E60] -> 0x9E93
mem[X,0x0000000080001E62] -> 0x00AE
[1949] [M]: 0x0000000080001E60 (0x00AE9E93) slli t4, t4, 0xa
x29 <- 0x20000004BFFFFC00

mem[X,0x0000000080001E64] -> 0x8E93
mem[X,0x0000000080001E66] -> 0x3F6E
[1950] [M]: 0x0000000080001E64 (0x3F6E8E93) addi t4, t4, 0x3f6
x29 <- 0x20000004BFFFFFF6

mem[X,0x0000000080001E68] -> 0x0FBB
mem[X,0x0000000080001E6A] -> 0xC9DF
[1951] [M]: 0x0000000080001E68 (0xC9DF0FBB) pdif.h t6, t5, t4
x31 <- 0x5FFF3FFB40030000

mem[X,0x0000000080001E6C] -> 0xB023
mem[X,0x0000000080001E6E] -> 0x25F0
[1952] [M]: 0x0000000080001E6C (0x25F0B023) sd t6, 0x240(ra)
mem[0x0000000080004448] <- 0x5FFF3FFB40030000

mem[X,0x0000000080001E70] -> 0x0F37
mem[X,0x0000000080001E72] -> 0x0005
[1953] [M]: 0x0000000080001E70 (0x00050F37) lui t5, 0x50
x30 <- 0x0000000000050000

mem[X,0x0000000080001E74] -> 0x0F13
mem[X,0x0000000080001E76] -> 0xF7FF
[1954] [M]: 0x0000000080001E74 (0xF7FF0F13) addi t5, t5, -0x81
x30 <- 0x000000000004FF7F

mem[X,0x0000000080001E78] -> 0x1F13
mem[X,0x0000000080001E7A] -> 0x00BF
[1955] [M]: 0x0000000080001E78 (0x00BF1F13) slli t5, t5, 0xb
x30 <- 0x0000000027FBF800

mem[X,0x0000000080001E7C] -> 0x0F13
mem[X,0x0000000080001E7E] -> 0x020F
[1956] [M]: 0x0000000080001E7C (0x020F0F13) addi t5, t5, 0x20
x30 <- 0x0000000027FBF820

mem[X,0x0000000080001E80] -> 0x1F13
mem[X,0x0000000080001E82] -> 0x00BF
[1957] [M]: 0x0000000080001E80 (0x00BF1F13) slli t5, t5, 0xb
x30 <- 0x0000013FDFC10000

mem[X,0x0000000080001E84] -> 0x0F13
mem[X,0x0000000080001E86] -> 0x020F
[1958] [M]: 0x0000000080001E84 (0x020F0F13) addi t5, t5, 0x20
x30 <- 0x0000013FDFC10020

mem[X,0x0000000080001E88] -> 0x1F13
mem[X,0x0000000080001E8A] -> 0x00AF
[1959] [M]: 0x0000000080001E88 (0x00AF1F13) slli t5, t5, 0xa
x30 <- 0x0004FF7F04008000

mem[X,0x0000000080001E8C] -> 0x0EB7
mem[X,0x0000000080001E8E] -> 0x5556
[1960] [M]: 0x0000000080001E8C (0x55560EB7) lui t4, 0x55560
x29 <- 0x0000000055560000

mem[X,0x0000000080001E90] -> 0x8E93
mem[X,0x0000000080001E92] -> 0xFF6E
[1961] [M]: 0x0000000080001E90 (0xFF6E8E93) addi t4, t4, -0xa
x29 <- 0x000000005555FFF6

mem[X,0x0000000080001E94] -> 0x9E93
mem[X,0x0000000080001E96] -> 0x00BE
[1962] [M]: 0x0000000080001E94 (0x00BE9E93) slli t4, t4, 0xb
x29 <- 0x000002AAAFFFB000

mem[X,0x0000000080001E98] -> 0x8E93
mem[X,0x0000000080001E9A] -> 0x7FFE
[1963] [M]: 0x0000000080001E98 (0x7FFE8E93) addi t4, t4, 0x7ff
x29 <- 0x000002AAAFFFB7FF

mem[X,0x0000000080001E9C] -> 0x9E93
mem[X,0x0000000080001E9E] -> 0x00BE
[1964] [M]: 0x0000000080001E9C (0x00BE9E93) slli t4, t4, 0xb
x29 <- 0x0015557FFDBFF800

mem[X,0x0000000080001EA0] -> 0x8E93
mem[X,0x0000000080001EA2] -> 0x7FDE
[1965] [M]: 0x0000000080001EA0 (0x7FDE8E93) addi t4, t4, 0x7fd
x29 <- 0x0015557FFDBFFFFD

mem[X,0x0000000080001EA4] -> 0x9E93
mem[X,0x0000000080001EA6] -> 0x00AE
[1966] [M]: 0x0000000080001EA4 (0x00AE9E93) slli t4, t4, 0xa
x29 <- 0x5555FFF6FFFFF400

mem[X,0x0000000080001EA8] -> 0x8E93
mem[X,0x0000000080001EAA] -> 0x3FFE
[1967] [M]: 0x0000000080001EA8 (0x3FFE8E93) addi t4, t4, 0x3ff
x29 <- 0x5555FFF6FFFFF7FF

mem[X,0x0000000080001EAC] -> 0x0FBB
mem[X,0x0000000080001EAE] -> 0xC9DF
[1968] [M]: 0x0000000080001EAC (0xC9DF0FBB) pdif.h t6, t5, t4
x31 <- 0x55510077040177FF

mem[X,0x0000000080001EB0] -> 0xB423
mem[X,0x0000000080001EB2] -> 0x25F0
[1969] [M]: 0x0000000080001EB0 (0x25F0B423) sd t6, 0x248(ra)
mem[0x0000000080004450] <- 0x55510077040177FF

mem[X,0x0000000080001EB4] -> 0x8F37
mem[X,0x0000000080001EB6] -> 0x0003
[1970] [M]: 0x0000000080001EB4 (0x00038F37) lui t5, 0x38
x30 <- 0x0000000000038000

mem[X,0x0000000080001EB8] -> 0x0F13
mem[X,0x0000000080001EBA] -> 0x000F
[1971] [M]: 0x0000000080001EB8 (0x000F0F13) addi t5, t5, 0x0
x30 <- 0x0000000000038000

mem[X,0x0000000080001EBC] -> 0x1F13
mem[X,0x0000000080001EBE] -> 0x00BF
[1972] [M]: 0x0000000080001EBC (0x00BF1F13) slli t5, t5, 0xb
x30 <- 0x000000001C000000

mem[X,0x0000000080001EC0] -> 0x0F13
mem[X,0x0000000080001EC2] -> 0x2AAF
[1973] [M]: 0x0000000080001EC0 (0x2AAF0F13) addi t5, t5, 0x2aa
x30 <- 0x000000001C0002AA

mem[X,0x0000000080001EC4] -> 0x1F13
mem[X,0x0000000080001EC6] -> 0x00BF
[1974] [M]: 0x0000000080001EC4 (0x00BF1F13) slli t5, t5, 0xb
x30 <- 0x000000E000155000

mem[X,0x0000000080001EC8] -> 0x0F13
mem[X,0x0000000080001ECA] -> 0x55FF
[1975] [M]: 0x0000000080001EC8 (0x55FF0F13) addi t5, t5, 0x55f
x30 <- 0x000000E00015555F

mem[X,0x0000000080001ECC] -> 0x1F13
mem[X,0x0000000080001ECE] -> 0x00AF
[1976] [M]: 0x0000000080001ECC (0x00AF1F13) slli t5, t5, 0xa
x30 <- 0x0003800055557C00

mem[X,0x0000000080001ED0] -> 0x0F13
mem[X,0x0000000080001ED2] -> 0x3FFF
[1977] [M]: 0x0000000080001ED0 (0x3FFF0F13) addi t5, t5, 0x3ff
x30 <- 0x0003800055557FFF

mem[X,0x0000000080001ED4] -> 0x0EB7
mem[X,0x0000000080001ED6] -> 0xFFFC
[1978] [M]: 0x0000000080001ED4 (0xFFFC0EB7) lui t4, -0x40
x29 <- 0xFFFFFFFFFFFC0000

mem[X,0x0000000080001ED8] -> 0x8E93
mem[X,0x0000000080001EDA] -> 0xFF9E
[1979] [M]: 0x0000000080001ED8 (0xFF9E8E93) addi t4, t4, -0x7
x29 <- 0xFFFFFFFFFFFBFFF9

mem[X,0x0000000080001EDC] -> 0x9E93
mem[X,0x0000000080001EDE] -> 0x00BE
[1980] [M]: 0x0000000080001EDC (0x00BE9E93) slli t4, t4, 0xb
x29 <- 0xFFFFFFFFDFFFC800

mem[X,0x0000000080001EE0] -> 0x8E93
mem[X,0x0000000080001EE2] -> 0x008E
[1981] [M]: 0x0000000080001EE0 (0x008E8E93) addi t4, t4, 0x8
x29 <- 0xFFFFFFFFDFFFC808

mem[X,0x0000000080001EE4] -> 0x9E93
mem[X,0x0000000080001EE6] -> 0x00BE
[1982] [M]: 0x0000000080001EE4 (0x00BE9E93) slli t4, t4, 0xb
x29 <- 0xFFFFFEFFFE404000

mem[X,0x0000000080001EE8] -> 0x8E93
mem[X,0x0000000080001EEA] -> 0x000E
[1983] [M]: 0x0000000080001EE8 (0x000E8E93) addi t4, t4, 0x0
x29 <- 0xFFFFFEFFFE404000

mem[X,0x0000000080001EEC] -> 0x9E93
mem[X,0x0000000080001EEE] -> 0x00AE
[1984] [M]: 0x0000000080001EEC (0x00AE9E93) slli t4, t4, 0xa
x29 <- 0xFFFBFFF901000000

mem[X,0x0000000080001EF0] -> 0x8E93
mem[X,0x0000000080001EF2] -> 0x001E
[1985] [M]: 0x0000000080001EF0 (0x001E8E93) addi t4, t4, 0x1
x29 <- 0xFFFBFFF901000001

mem[X,0x0000000080001EF4] -> 0x0FBB
mem[X,0x0000000080001EF6] -> 0xC9DF
[1986] [M]: 0x0000000080001EF4 (0xC9DF0FBB) pdif.h t6, t5, t4
x31 <- 0x00087FF954557FFE

mem[X,0x0000000080001EF8] -> 0xB823
mem[X,0x0000000080001EFA] -> 0x25F0
[1987] [M]: 0x0000000080001EF8 (0x25F0B823) sd t6, 0x250(ra)
mem[0x0000000080004458] <- 0x00087FF954557FFE

mem[X,0x0000000080001EFC] -> 0x0F37
mem[X,0x0000000080001EFE] -> 0xFFFA
[1988] [M]: 0x0000000080001EFC (0xFFFA0F37) lui t5, -0x60
x30 <- 0xFFFFFFFFFFFA0000

mem[X,0x0000000080001F00] -> 0x0F13
mem[X,0x0000000080001F02] -> 0x001F
[1989] [M]: 0x0000000080001F00 (0x001F0F13) addi t5, t5, 0x1
x30 <- 0xFFFFFFFFFFFA0001

mem[X,0x0000000080001F04] -> 0x1F13
mem[X,0x0000000080001F06] -> 0x00BF
[1990] [M]: 0x0000000080001F04 (0x00BF1F13) slli t5, t5, 0xb
x30 <- 0xFFFFFFFFD0000800

mem[X,0x0000000080001F08] -> 0x0F13
mem[X,0x0000000080001F0A] -> 0x000F
[1991] [M]: 0x0000000080001F08 (0x000F0F13) addi t5, t5, 0x0
x30 <- 0xFFFFFFFFD0000800

mem[X,0x0000000080001F0C] -> 0x1F13
mem[X,0x0000000080001F0E] -> 0x00BF
[1992] [M]: 0x0000000080001F0C (0x00BF1F13) slli t5, t5, 0xb
x30 <- 0xFFFFFE8000400000

mem[X,0x0000000080001F10] -> 0x0F13
mem[X,0x0000000080001F12] -> 0x142F
[1993] [M]: 0x0000000080001F10 (0x142F0F13) addi t5, t5, 0x142
x30 <- 0xFFFFFE8000400142

mem[X,0x0000000080001F14] -> 0x1F13
mem[X,0x0000000080001F16] -> 0x00AF
[1994] [M]: 0x0000000080001F14 (0x00AF1F13) slli t5, t5, 0xa
x30 <- 0xFFFA000100050800

mem[X,0x0000000080001F18] -> 0xFEB7
mem[X,0x0000000080001F1A] -> 0x2000
[1995] [M]: 0x0000000080001F18 (0x2000FEB7) lui t4, 0x2000f
x29 <- 0x000000002000F000

mem[X,0x0000000080001F1C] -> 0x8E93
mem[X,0x0000000080001F1E] -> 0xFFFE
[1996] [M]: 0x0000000080001F1C (0xFFFE8E93) addi t4, t4, -0x1
x29 <- 0x000000002000EFFF

mem[X,0x0000000080001F20] -> 0x9E93
mem[X,0x0000000080001F22] -> 0x00BE
[1997] [M]: 0x0000000080001F20 (0x00BE9E93) slli t4, t4, 0xb
x29 <- 0x00000100077FF800

mem[X,0x0000000080001F24] -> 0x8E93
mem[X,0x0000000080001F26] -> 0x008E
[1998] [M]: 0x0000000080001F24 (0x008E8E93) addi t4, t4, 0x8
x29 <- 0x00000100077FF808

mem[X,0x0000000080001F28] -> 0x9E93
mem[X,0x0000000080001F2A] -> 0x00BE
[1999] [M]: 0x0000000080001F28 (0x00BE9E93) slli t4, t4, 0xb
x29 <- 0x0008003BFFC04000

clint::tick mtime <- 0x0000000000000014
 clint timer pending at mtime 0x0000000000000014
htif::tick 0x0000000000000000
mem[X,0x0000000080001F2C] -> 0x8E93
mem[X,0x0000000080001F2E] -> 0x03FE
[2000] [M]: 0x0000000080001F2C (0x03FE8E93) addi t4, t4, 0x3f
x29 <- 0x0008003BFFC0403F

mem[X,0x0000000080001F30] -> 0x9E93
mem[X,0x0000000080001F32] -> 0x00AE
[2001] [M]: 0x0000000080001F30 (0x00AE9E93) slli t4, t4, 0xa
x29 <- 0x2000EFFF0100FC00

mem[X,0x0000000080001F34] -> 0x8E93
mem[X,0x0000000080001F36] -> 0x3F7E
[2002] [M]: 0x0000000080001F34 (0x3F7E8E93) addi t4, t4, 0x3f7
x29 <- 0x2000EFFF0100FFF7

mem[X,0x0000000080001F38] -> 0x0FBB
mem[X,0x0000000080001F3A] -> 0xC9DF
[2003] [M]: 0x0000000080001F38 (0xC9DF0FBB) pdif.h t6, t5, t4
x31 <- 0x2006100200FB0809

mem[X,0x0000000080001F3C] -> 0xBC23
mem[X,0x0000000080001F3E] -> 0x25F0
[2004] [M]: 0x0000000080001F3C (0x25F0BC23) sd t6, 0x258(ra)
mem[0x0000000080004460] <- 0x2006100200FB0809

mem[X,0x0000000080001F40] -> 0xFF37
mem[X,0x0000000080001F42] -> 0xFBFF
[2005] [M]: 0x0000000080001F40 (0xFBFFFF37) lui t5, -0x4001
x30 <- 0xFFFFFFFFFBFFF000

mem[X,0x0000000080001F44] -> 0x0F13
mem[X,0x0000000080001F46] -> 0x7FFF
[2006] [M]: 0x0000000080001F44 (0x7FFF0F13) addi t5, t5, 0x7ff
x30 <- 0xFFFFFFFFFBFFF7FF

mem[X,0x0000000080001F48] -> 0x1F13
mem[X,0x0000000080001F4A] -> 0x00BF
[2007] [M]: 0x0000000080001F48 (0x00BF1F13) slli t5, t5, 0xb
x30 <- 0xFFFFFFDFFFBFF800

mem[X,0x0000000080001F4C] -> 0x0F13
mem[X,0x0000000080001F4E] -> 0x6FFF
[2008] [M]: 0x0000000080001F4C (0x6FFF0F13) addi t5, t5, 0x6ff
x30 <- 0xFFFFFFDFFFBFFEFF

mem[X,0x0000000080001F50] -> 0x1F13
mem[X,0x0000000080001F52] -> 0x00BF
[2009] [M]: 0x0000000080001F50 (0x00BF1F13) slli t5, t5, 0xb
x30 <- 0xFFFEFFFDFFF7F800

mem[X,0x0000000080001F54] -> 0x0F13
mem[X,0x0000000080001F56] -> 0x7FFF
[2010] [M]: 0x0000000080001F54 (0x7FFF0F13) addi t5, t5, 0x7ff
x30 <- 0xFFFEFFFDFFF7FFFF

mem[X,0x0000000080001F58] -> 0x1F13
mem[X,0x0000000080001F5A] -> 0x00AF
[2011] [M]: 0x0000000080001F58 (0x00AF1F13) slli t5, t5, 0xa
x30 <- 0xFBFFF7FFDFFFFC00

mem[X,0x0000000080001F5C] -> 0x0F13
mem[X,0x0000000080001F5E] -> 0x3BFF
[2012] [M]: 0x0000000080001F5C (0x3BFF0F13) addi t5, t5, 0x3bf
x30 <- 0xFBFFF7FFDFFFFFBF

mem[X,0x0000000080001F60] -> 0xFEB7
mem[X,0x0000000080001F62] -> 0xFF7F
[2013] [M]: 0x0000000080001F60 (0xFF7FFEB7) lui t4, -0x801
x29 <- 0xFFFFFFFFFF7FF000

mem[X,0x0000000080001F64] -> 0x8E93
mem[X,0x0000000080001F66] -> 0xFFFE
[2014] [M]: 0x0000000080001F64 (0xFFFE8E93) addi t4, t4, -0x1
x29 <- 0xFFFFFFFFFF7FEFFF

mem[X,0x0000000080001F68] -> 0x9E93
mem[X,0x0000000080001F6A] -> 0x00BE
[2015] [M]: 0x0000000080001F68 (0x00BE9E93) slli t4, t4, 0xb
x29 <- 0xFFFFFFFBFF7FF800

mem[X,0x0000000080001F6C] -> 0x8E93
mem[X,0x0000000080001F6E] -> 0x000E
[2016] [M]: 0x0000000080001F6C (0x000E8E93) addi t4, t4, 0x0
x29 <- 0xFFFFFFFBFF7FF800

mem[X,0x0000000080001F70] -> 0x9E93
mem[X,0x0000000080001F72] -> 0x00BE
[2017] [M]: 0x0000000080001F70 (0x00BE9E93) slli t4, t4, 0xb
x29 <- 0xFFFFDFFBFFC00000

mem[X,0x0000000080001F74] -> 0x8E93
mem[X,0x0000000080001F76] -> 0x17FE
[2018] [M]: 0x0000000080001F74 (0x17FE8E93) addi t4, t4, 0x17f
x29 <- 0xFFFFDFFBFFC0017F

mem[X,0x0000000080001F78] -> 0x9E93
mem[X,0x0000000080001F7A] -> 0x00AE
[2019] [M]: 0x0000000080001F78 (0x00AE9E93) slli t4, t4, 0xa
x29 <- 0xFF7FEFFF0005FC00

mem[X,0x0000000080001F7C] -> 0x8E93
mem[X,0x0000000080001F7E] -> 0x3FCE
[2020] [M]: 0x0000000080001F7C (0x3FCE8E93) addi t4, t4, 0x3fc
x29 <- 0xFF7FEFFF0005FFFC

mem[X,0x0000000080001F80] -> 0x0FBB
mem[X,0x0000000080001F82] -> 0xC9DF
[2021] [M]: 0x0000000080001F80 (0xC9DF0FBB) pdif.h t6, t5, t4
x31 <- 0x038008002006003D

mem[X,0x0000000080001F84] -> 0xB023
mem[X,0x0000000080001F86] -> 0x27F0
[2022] [M]: 0x0000000080001F84 (0x27F0B023) sd t6, 0x260(ra)
mem[0x0000000080004468] <- 0x038008002006003D

mem[X,0x0000000080001F88] -> 0x006F
mem[X,0x0000000080001F8A] -> 0x0380
[2023] [M]: 0x0000000080001F88 (0x0380006F) jal zero, 0x38

mem[X,0x0000000080001FC0] -> 0x0093
mem[X,0x0000000080001FC2] -> 0x0010
[2024] [M]: 0x0000000080001FC0 (0x00100093) addi ra, zero, 0x1
x1 <- 0x0000000000000001

mem[X,0x0000000080001FC4] -> 0x0F17
mem[X,0x0000000080001FC6] -> 0x0000
[2025] [M]: 0x0000000080001FC4 (0x00000F17) auipc t5, 0x0
x30 <- 0x0000000080001FC4

mem[X,0x0000000080001FC8] -> 0x2E23
mem[X,0x0000000080001FCA] -> 0x021F
[2026] [M]: 0x0000000080001FC8 (0x021F2E23) sw ra, 0x3c(t5)
htif[0x0000000080002000] <- 0x00000001

mem[X,0x0000000080001FCC] -> 0xF06F
mem[X,0x0000000080001FCE] -> 0xFF9F
[2027] [M]: 0x0000000080001FCC (0xFF9FF06F) jal zero, -0x8

mem[X,0x0000000080001FC4] -> 0x0F17
mem[X,0x0000000080001FC6] -> 0x0000
[2028] [M]: 0x0000000080001FC4 (0x00000F17) auipc t5, 0x0
x30 <- 0x0000000080001FC4

mem[X,0x0000000080001FC8] -> 0x2E23
mem[X,0x0000000080001FCA] -> 0x021F
[2029] [M]: 0x0000000080001FC8 (0x021F2E23) sw ra, 0x3c(t5)
htif[0x0000000080002000] <- 0x00000001

mem[X,0x0000000080001FCC] -> 0xF06F
mem[X,0x0000000080001FCE] -> 0xFF9F
[2030] [M]: 0x0000000080001FCC (0xFF9FF06F) jal zero, -0x8

mem[X,0x0000000080001FC4] -> 0x0F17
mem[X,0x0000000080001FC6] -> 0x0000
[2031] [M]: 0x0000000080001FC4 (0x00000F17) auipc t5, 0x0
x30 <- 0x0000000080001FC4

mem[X,0x0000000080001FC8] -> 0x2E23
mem[X,0x0000000080001FCA] -> 0x021F
[2032] [M]: 0x0000000080001FC8 (0x021F2E23) sw ra, 0x3c(t5)
htif[0x0000000080002000] <- 0x00000001
htif-syscall-proxy cmd: 0x000000000001

SUCCESS
