using /home/chsu/rvp-workspace/test-64/riscof_work/shar-01.S/ref/Reference-sail_c_simulator.signature for test-signature output.
tohost located at 0x80003000
Running file ref.elf.
ELF Entry @ 0x80000000
begin_signature: 0x80005110
end_signature: 0x80005560
CSR mstatus <- 0x0000000A00000000 (input: 0x0000000000000000)
mem[X,0x0000000000001000] -> 0x0297
mem[X,0x0000000000001002] -> 0x0000
[0] [M]: 0x0000000000001000 (0x00000297) auipc t0, 0x0
x5 <- 0x0000000000001000

mem[X,0x0000000000001004] -> 0x8593
mem[X,0x0000000000001006] -> 0x0202
[1] [M]: 0x0000000000001004 (0x02028593) addi a1, t0, 0x20
x11 <- 0x0000000000001020

mem[X,0x0000000000001008] -> 0x2573
mem[X,0x000000000000100A] -> 0xF140
[2] [M]: 0x0000000000001008 (0xF1402573) csrrs a0, mhartid, zero
CSR mhartid -> 0x0000000000000000
x10 <- 0x0000000000000000

mem[X,0x000000000000100C] -> 0xB283
mem[X,0x000000000000100E] -> 0x0182
[3] [M]: 0x000000000000100C (0x0182B283) ld t0, 0x18(t0)
mem[R,0x0000000000001018] -> 0x0000000080000000
x5 <- 0x0000000080000000

mem[X,0x0000000000001010] -> 0x8067
mem[X,0x0000000000001012] -> 0x0002
[4] [M]: 0x0000000000001010 (0x00028067) jalr zero, 0x0(t0)

mem[X,0x0000000080000000] -> 0x0837
mem[X,0x0000000080000002] -> 0x7D5C
[5] [M]: 0x0000000080000000 (0x7D5C0837) lui a6, 0x7d5c0
x16 <- 0x000000007D5C0000

mem[X,0x0000000080000004] -> 0x0813
mem[X,0x0000000080000006] -> 0xDDB8
[6] [M]: 0x0000000080000004 (0xDDB80813) addi a6, a6, -0x225
x16 <- 0x000000007D5BFDDB

mem[X,0x0000000080000008] -> 0x1813
mem[X,0x000000008000000A] -> 0x00B8
[7] [M]: 0x0000000080000008 (0x00B81813) slli a6, a6, 0xb
x16 <- 0x000003EADFEED800

mem[X,0x000000008000000C] -> 0x0813
mem[X,0x000000008000000E] -> 0x3EA8
[8] [M]: 0x000000008000000C (0x3EA80813) addi a6, a6, 0x3ea
x16 <- 0x000003EADFEEDBEA

mem[X,0x0000000080000010] -> 0x1813
mem[X,0x0000000080000012] -> 0x00B8
[9] [M]: 0x0000000080000010 (0x00B81813) slli a6, a6, 0xb
x16 <- 0x001F56FF76DF5000

mem[X,0x0000000080000014] -> 0x0813
mem[X,0x0000000080000016] -> 0x6FF8
[10] [M]: 0x0000000080000014 (0x6FF80813) addi a6, a6, 0x6ff
x16 <- 0x001F56FF76DF56FF

mem[X,0x0000000080000018] -> 0x1813
mem[X,0x000000008000001A] -> 0x00A8
[11] [M]: 0x0000000080000018 (0x00A81813) slli a6, a6, 0xa
x16 <- 0x7D5BFDDB7D5BFC00

mem[X,0x000000008000001C] -> 0x0813
mem[X,0x000000008000001E] -> 0x1DB8
[12] [M]: 0x000000008000001C (0x1DB80813) addi a6, a6, 0x1db
x16 <- 0x7D5BFDDB7D5BFDDB

mem[X,0x0000000080000020] -> 0x5893
mem[X,0x0000000080000022] -> 0x0078
[13] [M]: 0x0000000080000020 (0x00785893) srli a7, a6, 0x7
x17 <- 0x00FAB7FBB6FAB7FB

mem[X,0x0000000080000024] -> 0x5793
mem[X,0x0000000080000026] -> 0x0398
[14] [M]: 0x0000000080000024 (0x03985793) srli a5, a6, 0x39
x15 <- 0x000000000000003E

mem[X,0x0000000080000028] -> 0xE8B3
mem[X,0x000000008000002A] -> 0x00F8
[15] [M]: 0x0000000080000028 (0x00F8E8B3) or a7, a7, a5
x17 <- 0x00FAB7FBB6FAB7FF

mem[X,0x000000008000002C] -> 0xD913
mem[X,0x000000008000002E] -> 0x0078
[16] [M]: 0x000000008000002C (0x0078D913) srli s2, a7, 0x7
x18 <- 0x0001F56FF76DF56F

mem[X,0x0000000080000030] -> 0xD793
mem[X,0x0000000080000032] -> 0x0398
[17] [M]: 0x0000000080000030 (0x0398D793) srli a5, a7, 0x39
x15 <- 0x0000000000000000

mem[X,0x0000000080000034] -> 0x6933
mem[X,0x0000000080000036] -> 0x00F9
[18] [M]: 0x0000000080000034 (0x00F96933) or s2, s2, a5
x18 <- 0x0001F56FF76DF56F

mem[X,0x0000000080000038] -> 0x5993
mem[X,0x000000008000003A] -> 0x0079
[19] [M]: 0x0000000080000038 (0x00795993) srli s3, s2, 0x7
x19 <- 0x000003EADFEEDBEA

mem[X,0x000000008000003C] -> 0x5793
mem[X,0x000000008000003E] -> 0x0399
[20] [M]: 0x000000008000003C (0x03995793) srli a5, s2, 0x39
x15 <- 0x0000000000000000

mem[X,0x0000000080000040] -> 0xE9B3
mem[X,0x0000000080000042] -> 0x00F9
[21] [M]: 0x0000000080000040 (0x00F9E9B3) or s3, s3, a5
x19 <- 0x000003EADFEEDBEA

mem[X,0x0000000080000044] -> 0xDA13
mem[X,0x0000000080000046] -> 0x0079
[22] [M]: 0x0000000080000044 (0x0079DA13) srli s4, s3, 0x7
x20 <- 0x00000007D5BFDDB7

mem[X,0x0000000080000048] -> 0xD793
mem[X,0x000000008000004A] -> 0x0399
[23] [M]: 0x0000000080000048 (0x0399D793) srli a5, s3, 0x39
x15 <- 0x0000000000000000

mem[X,0x000000008000004C] -> 0x6A33
mem[X,0x000000008000004E] -> 0x00FA
[24] [M]: 0x000000008000004C (0x00FA6A33) or s4, s4, a5
x20 <- 0x00000007D5BFDDB7

mem[X,0x0000000080000050] -> 0x5A93
mem[X,0x0000000080000052] -> 0x007A
[25] [M]: 0x0000000080000050 (0x007A5A93) srli s5, s4, 0x7
x21 <- 0x000000000FAB7FBB

mem[X,0x0000000080000054] -> 0x5793
mem[X,0x0000000080000056] -> 0x039A
[26] [M]: 0x0000000080000054 (0x039A5793) srli a5, s4, 0x39
x15 <- 0x0000000000000000

mem[X,0x0000000080000058] -> 0xEAB3
mem[X,0x000000008000005A] -> 0x00FA
[27] [M]: 0x0000000080000058 (0x00FAEAB3) or s5, s5, a5
x21 <- 0x000000000FAB7FBB

mem[X,0x000000008000005C] -> 0xDB13
mem[X,0x000000008000005E] -> 0x007A
[28] [M]: 0x000000008000005C (0x007ADB13) srli s6, s5, 0x7
x22 <- 0x00000000001F56FF

mem[X,0x0000000080000060] -> 0xD793
mem[X,0x0000000080000062] -> 0x039A
[29] [M]: 0x0000000080000060 (0x039AD793) srli a5, s5, 0x39
x15 <- 0x0000000000000000

mem[X,0x0000000080000064] -> 0x6B33
mem[X,0x0000000080000066] -> 0x00FB
[30] [M]: 0x0000000080000064 (0x00FB6B33) or s6, s6, a5
x22 <- 0x00000000001F56FF

mem[X,0x0000000080000068] -> 0x5B93
mem[X,0x000000008000006A] -> 0x007B
[31] [M]: 0x0000000080000068 (0x007B5B93) srli s7, s6, 0x7
x23 <- 0x0000000000003EAD

mem[X,0x000000008000006C] -> 0x5793
mem[X,0x000000008000006E] -> 0x039B
[32] [M]: 0x000000008000006C (0x039B5793) srli a5, s6, 0x39
x15 <- 0x0000000000000000

mem[X,0x0000000080000070] -> 0xEBB3
mem[X,0x0000000080000072] -> 0x00FB
[33] [M]: 0x0000000080000070 (0x00FBEBB3) or s7, s7, a5
x23 <- 0x0000000000003EAD

mem[X,0x0000000080000074] -> 0xDC13
mem[X,0x0000000080000076] -> 0x007B
[34] [M]: 0x0000000080000074 (0x007BDC13) srli s8, s7, 0x7
x24 <- 0x000000000000007D

mem[X,0x0000000080000078] -> 0xD793
mem[X,0x000000008000007A] -> 0x039B
[35] [M]: 0x0000000080000078 (0x039BD793) srli a5, s7, 0x39
x15 <- 0x0000000000000000

mem[X,0x000000008000007C] -> 0x6C33
mem[X,0x000000008000007E] -> 0x00FC
[36] [M]: 0x000000008000007C (0x00FC6C33) or s8, s8, a5
x24 <- 0x000000000000007D

mem[X,0x0000000080000080] -> 0x5C93
mem[X,0x0000000080000082] -> 0x007C
[37] [M]: 0x0000000080000080 (0x007C5C93) srli s9, s8, 0x7
x25 <- 0x0000000000000000

mem[X,0x0000000080000084] -> 0x5793
mem[X,0x0000000080000086] -> 0x039C
[38] [M]: 0x0000000080000084 (0x039C5793) srli a5, s8, 0x39
x15 <- 0x0000000000000000

mem[X,0x0000000080000088] -> 0xECB3
mem[X,0x000000008000008A] -> 0x00FC
[39] [M]: 0x0000000080000088 (0x00FCECB3) or s9, s9, a5
x25 <- 0x0000000000000000

mem[X,0x000000008000008C] -> 0xDD13
mem[X,0x000000008000008E] -> 0x007C
[40] [M]: 0x000000008000008C (0x007CDD13) srli s10, s9, 0x7
x26 <- 0x0000000000000000

mem[X,0x0000000080000090] -> 0xD793
mem[X,0x0000000080000092] -> 0x039C
[41] [M]: 0x0000000080000090 (0x039CD793) srli a5, s9, 0x39
x15 <- 0x0000000000000000

mem[X,0x0000000080000094] -> 0x6D33
mem[X,0x0000000080000096] -> 0x00FD
[42] [M]: 0x0000000080000094 (0x00FD6D33) or s10, s10, a5
x26 <- 0x0000000000000000

mem[X,0x0000000080000098] -> 0x5D93
mem[X,0x000000008000009A] -> 0x007D
[43] [M]: 0x0000000080000098 (0x007D5D93) srli s11, s10, 0x7
x27 <- 0x0000000000000000

mem[X,0x000000008000009C] -> 0x5793
mem[X,0x000000008000009E] -> 0x039D
[44] [M]: 0x000000008000009C (0x039D5793) srli a5, s10, 0x39
x15 <- 0x0000000000000000

mem[X,0x00000000800000A0] -> 0xEDB3
mem[X,0x00000000800000A2] -> 0x00FD
[45] [M]: 0x00000000800000A0 (0x00FDEDB3) or s11, s11, a5
x27 <- 0x0000000000000000

mem[X,0x00000000800000A4] -> 0xDE13
mem[X,0x00000000800000A6] -> 0x007D
[46] [M]: 0x00000000800000A4 (0x007DDE13) srli t3, s11, 0x7
x28 <- 0x0000000000000000

mem[X,0x00000000800000A8] -> 0xD793
mem[X,0x00000000800000AA] -> 0x039D
[47] [M]: 0x00000000800000A8 (0x039DD793) srli a5, s11, 0x39
x15 <- 0x0000000000000000

mem[X,0x00000000800000AC] -> 0x6E33
mem[X,0x00000000800000AE] -> 0x00FE
[48] [M]: 0x00000000800000AC (0x00FE6E33) or t3, t3, a5
x28 <- 0x0000000000000000

mem[X,0x00000000800000B0] -> 0x5E93
mem[X,0x00000000800000B2] -> 0x007E
[49] [M]: 0x00000000800000B0 (0x007E5E93) srli t4, t3, 0x7
x29 <- 0x0000000000000000

mem[X,0x00000000800000B4] -> 0x5793
mem[X,0x00000000800000B6] -> 0x039E
[50] [M]: 0x00000000800000B4 (0x039E5793) srli a5, t3, 0x39
x15 <- 0x0000000000000000

mem[X,0x00000000800000B8] -> 0xEEB3
mem[X,0x00000000800000BA] -> 0x00FE
[51] [M]: 0x00000000800000B8 (0x00FEEEB3) or t4, t4, a5
x29 <- 0x0000000000000000

mem[X,0x00000000800000BC] -> 0xDF13
mem[X,0x00000000800000BE] -> 0x007E
[52] [M]: 0x00000000800000BC (0x007EDF13) srli t5, t4, 0x7
x30 <- 0x0000000000000000

mem[X,0x00000000800000C0] -> 0xD793
mem[X,0x00000000800000C2] -> 0x039E
[53] [M]: 0x00000000800000C0 (0x039ED793) srli a5, t4, 0x39
x15 <- 0x0000000000000000

mem[X,0x00000000800000C4] -> 0x6F33
mem[X,0x00000000800000C6] -> 0x00FF
[54] [M]: 0x00000000800000C4 (0x00FF6F33) or t5, t5, a5
x30 <- 0x0000000000000000

mem[X,0x00000000800000C8] -> 0xC0B7
mem[X,0x00000000800000CA] -> 0xFEED
[55] [M]: 0x00000000800000C8 (0xFEEDC0B7) lui ra, -0x1124
x1 <- 0xFFFFFFFFFEEDC000

mem[X,0x00000000800000CC] -> 0x8093
mem[X,0x00000000800000CE] -> 0xEAD0
[56] [M]: 0x00000000800000CC (0xEAD08093) addi ra, ra, -0x153
x1 <- 0xFFFFFFFFFEEDBEAD

mem[X,0x00000000800000D0] -> 0x9093
mem[X,0x00000000800000D2] -> 0x00B0
[57] [M]: 0x00000000800000D0 (0x00B09093) slli ra, ra, 0xb
x1 <- 0xFFFFFFF76DF56800

mem[X,0x00000000800000D4] -> 0x8093
mem[X,0x00000000800000D6] -> 0x7F70
[58] [M]: 0x00000000800000D4 (0x7F708093) addi ra, ra, 0x7f7
x1 <- 0xFFFFFFF76DF56FF7

mem[X,0x00000000800000D8] -> 0x9093
mem[X,0x00000000800000DA] -> 0x00B0
[59] [M]: 0x00000000800000D8 (0x00B09093) slli ra, ra, 0xb
x1 <- 0xFFFFBB6FAB7FB800

mem[X,0x00000000800000DC] -> 0x8093
mem[X,0x00000000800000DE] -> 0x36F0
[60] [M]: 0x00000000800000DC (0x36F08093) addi ra, ra, 0x36f
x1 <- 0xFFFFBB6FAB7FBB6F

mem[X,0x00000000800000E0] -> 0x9093
mem[X,0x00000000800000E2] -> 0x00A0
[61] [M]: 0x00000000800000E0 (0x00A09093) slli ra, ra, 0xa
x1 <- 0xFEEDBEADFEEDBC00

mem[X,0x00000000800000E4] -> 0x8093
mem[X,0x00000000800000E6] -> 0x2AD0
[62] [M]: 0x00000000800000E4 (0x2AD08093) addi ra, ra, 0x2ad
x1 <- 0xFEEDBEADFEEDBEAD

mem[X,0x00000000800000E8] -> 0xD113
mem[X,0x00000000800000EA] -> 0x0070
[63] [M]: 0x00000000800000E8 (0x0070D113) srli sp, ra, 0x7
x2 <- 0x01FDDB7D5BFDDB7D

mem[X,0x00000000800000EC] -> 0xD793
mem[X,0x00000000800000EE] -> 0x0390
[64] [M]: 0x00000000800000EC (0x0390D793) srli a5, ra, 0x39
x15 <- 0x000000000000007F

mem[X,0x00000000800000F0] -> 0x6133
mem[X,0x00000000800000F2] -> 0x00F1
[65] [M]: 0x00000000800000F0 (0x00F16133) or sp, sp, a5
x2 <- 0x01FDDB7D5BFDDB7F

mem[X,0x00000000800000F4] -> 0x5193
mem[X,0x00000000800000F6] -> 0x0071
[66] [M]: 0x00000000800000F4 (0x00715193) srli gp, sp, 0x7
x3 <- 0x0003FBB6FAB7FBB6

mem[X,0x00000000800000F8] -> 0x5793
mem[X,0x00000000800000FA] -> 0x0391
[67] [M]: 0x00000000800000F8 (0x03915793) srli a5, sp, 0x39
x15 <- 0x0000000000000000

mem[X,0x00000000800000FC] -> 0xE1B3
mem[X,0x00000000800000FE] -> 0x00F1
[68] [M]: 0x00000000800000FC (0x00F1E1B3) or gp, gp, a5
x3 <- 0x0003FBB6FAB7FBB6

mem[X,0x0000000080000100] -> 0xD213
mem[X,0x0000000080000102] -> 0x0071
[69] [M]: 0x0000000080000100 (0x0071D213) srli tp, gp, 0x7
x4 <- 0x000007F76DF56FF7

mem[X,0x0000000080000104] -> 0xD793
mem[X,0x0000000080000106] -> 0x0391
[70] [M]: 0x0000000080000104 (0x0391D793) srli a5, gp, 0x39
x15 <- 0x0000000000000000

mem[X,0x0000000080000108] -> 0x6233
mem[X,0x000000008000010A] -> 0x00F2
[71] [M]: 0x0000000080000108 (0x00F26233) or tp, tp, a5
x4 <- 0x000007F76DF56FF7

mem[X,0x000000008000010C] -> 0x5293
mem[X,0x000000008000010E] -> 0x0072
[72] [M]: 0x000000008000010C (0x00725293) srli t0, tp, 0x7
x5 <- 0x0000000FEEDBEADF

mem[X,0x0000000080000110] -> 0x5793
mem[X,0x0000000080000112] -> 0x0392
[73] [M]: 0x0000000080000110 (0x03925793) srli a5, tp, 0x39
x15 <- 0x0000000000000000

mem[X,0x0000000080000114] -> 0xE2B3
mem[X,0x0000000080000116] -> 0x00F2
[74] [M]: 0x0000000080000114 (0x00F2E2B3) or t0, t0, a5
x5 <- 0x0000000FEEDBEADF

mem[X,0x0000000080000118] -> 0xD313
mem[X,0x000000008000011A] -> 0x0072
[75] [M]: 0x0000000080000118 (0x0072D313) srli t1, t0, 0x7
x6 <- 0x000000001FDDB7D5

mem[X,0x000000008000011C] -> 0xD793
mem[X,0x000000008000011E] -> 0x0392
[76] [M]: 0x000000008000011C (0x0392D793) srli a5, t0, 0x39
x15 <- 0x0000000000000000

mem[X,0x0000000080000120] -> 0x6333
mem[X,0x0000000080000122] -> 0x00F3
[77] [M]: 0x0000000080000120 (0x00F36333) or t1, t1, a5
x6 <- 0x000000001FDDB7D5

mem[X,0x0000000080000124] -> 0x5393
mem[X,0x0000000080000126] -> 0x0073
[78] [M]: 0x0000000080000124 (0x00735393) srli t2, t1, 0x7
x7 <- 0x00000000003FBB6F

mem[X,0x0000000080000128] -> 0x5793
mem[X,0x000000008000012A] -> 0x0393
[79] [M]: 0x0000000080000128 (0x03935793) srli a5, t1, 0x39
x15 <- 0x0000000000000000

mem[X,0x000000008000012C] -> 0xE3B3
mem[X,0x000000008000012E] -> 0x00F3
[80] [M]: 0x000000008000012C (0x00F3E3B3) or t2, t2, a5
x7 <- 0x00000000003FBB6F

mem[X,0x0000000080000130] -> 0xD413
mem[X,0x0000000080000132] -> 0x0073
[81] [M]: 0x0000000080000130 (0x0073D413) srli fp, t2, 0x7
x8 <- 0x0000000000007F76

mem[X,0x0000000080000134] -> 0xD793
mem[X,0x0000000080000136] -> 0x0393
[82] [M]: 0x0000000080000134 (0x0393D793) srli a5, t2, 0x39
x15 <- 0x0000000000000000

mem[X,0x0000000080000138] -> 0x6433
mem[X,0x000000008000013A] -> 0x00F4
[83] [M]: 0x0000000080000138 (0x00F46433) or fp, fp, a5
x8 <- 0x0000000000007F76

mem[X,0x000000008000013C] -> 0x5493
mem[X,0x000000008000013E] -> 0x0074
[84] [M]: 0x000000008000013C (0x00745493) srli s1, fp, 0x7
x9 <- 0x00000000000000FE

mem[X,0x0000000080000140] -> 0x5793
mem[X,0x0000000080000142] -> 0x0394
[85] [M]: 0x0000000080000140 (0x03945793) srli a5, fp, 0x39
x15 <- 0x0000000000000000

mem[X,0x0000000080000144] -> 0xE4B3
mem[X,0x0000000080000146] -> 0x00F4
[86] [M]: 0x0000000080000144 (0x00F4E4B3) or s1, s1, a5
x9 <- 0x00000000000000FE

mem[X,0x0000000080000148] -> 0xD513
mem[X,0x000000008000014A] -> 0x0074
[87] [M]: 0x0000000080000148 (0x0074D513) srli a0, s1, 0x7
x10 <- 0x0000000000000001

mem[X,0x000000008000014C] -> 0xD793
mem[X,0x000000008000014E] -> 0x0394
[88] [M]: 0x000000008000014C (0x0394D793) srli a5, s1, 0x39
x15 <- 0x0000000000000000

mem[X,0x0000000080000150] -> 0x6533
mem[X,0x0000000080000152] -> 0x00F5
[89] [M]: 0x0000000080000150 (0x00F56533) or a0, a0, a5
x10 <- 0x0000000000000001

mem[X,0x0000000080000154] -> 0x5593
mem[X,0x0000000080000156] -> 0x0075
[90] [M]: 0x0000000080000154 (0x00755593) srli a1, a0, 0x7
x11 <- 0x0000000000000000

mem[X,0x0000000080000158] -> 0x5793
mem[X,0x000000008000015A] -> 0x0395
[91] [M]: 0x0000000080000158 (0x03955793) srli a5, a0, 0x39
x15 <- 0x0000000000000000

mem[X,0x000000008000015C] -> 0xE5B3
mem[X,0x000000008000015E] -> 0x00F5
[92] [M]: 0x000000008000015C (0x00F5E5B3) or a1, a1, a5
x11 <- 0x0000000000000000

mem[X,0x0000000080000160] -> 0xD613
mem[X,0x0000000080000162] -> 0x0075
[93] [M]: 0x0000000080000160 (0x0075D613) srli a2, a1, 0x7
x12 <- 0x0000000000000000

mem[X,0x0000000080000164] -> 0xD793
mem[X,0x0000000080000166] -> 0x0395
[94] [M]: 0x0000000080000164 (0x0395D793) srli a5, a1, 0x39
x15 <- 0x0000000000000000

mem[X,0x0000000080000168] -> 0x6633
mem[X,0x000000008000016A] -> 0x00F6
[95] [M]: 0x0000000080000168 (0x00F66633) or a2, a2, a5
x12 <- 0x0000000000000000

mem[X,0x000000008000016C] -> 0x5693
mem[X,0x000000008000016E] -> 0x0076
[96] [M]: 0x000000008000016C (0x00765693) srli a3, a2, 0x7
x13 <- 0x0000000000000000

mem[X,0x0000000080000170] -> 0x5793
mem[X,0x0000000080000172] -> 0x0396
[97] [M]: 0x0000000080000170 (0x03965793) srli a5, a2, 0x39
x15 <- 0x0000000000000000

mem[X,0x0000000080000174] -> 0xE6B3
mem[X,0x0000000080000176] -> 0x00F6
[98] [M]: 0x0000000080000174 (0x00F6E6B3) or a3, a3, a5
x13 <- 0x0000000000000000

mem[X,0x0000000080000178] -> 0x0013
mem[X,0x000000008000017A] -> 0x0000
[99] [M]: 0x0000000080000178 (0x00000013) addi zero, zero, 0x0

clint::tick mtime <- 0x0000000000000001
 clint timer pending at mtime 0x0000000000000001
htif::tick 0x0000000000000000
mem[X,0x000000008000017C] -> 0x0013
mem[X,0x000000008000017E] -> 0x0000
[100] [M]: 0x000000008000017C (0x00000013) addi zero, zero, 0x0

mem[X,0x0000000080000180] -> 0x5217
mem[X,0x0000000080000182] -> 0x0000
[101] [M]: 0x0000000080000180 (0x00005217) auipc tp, 0x5
x4 <- 0x0000000080005180

mem[X,0x0000000080000184] -> 0x0213
mem[X,0x0000000080000186] -> 0xF982
[102] [M]: 0x0000000080000184 (0xF9820213) addi tp, tp, -0x68
x4 <- 0x0000000080005118

mem[X,0x0000000080000188] -> 0x0013
mem[X,0x000000008000018A] -> 0x0000
[103] [M]: 0x0000000080000188 (0x00000013) addi zero, zero, 0x0

mem[X,0x000000008000018C] -> 0x0013
mem[X,0x000000008000018E] -> 0x0000
[104] [M]: 0x000000008000018C (0x00000013) addi zero, zero, 0x0

mem[X,0x0000000080000190] -> 0x0013
mem[X,0x0000000080000192] -> 0x0000
[105] [M]: 0x0000000080000190 (0x00000013) addi zero, zero, 0x0

mem[X,0x0000000080000194] -> 0x0013
mem[X,0x0000000080000196] -> 0x0000
[106] [M]: 0x0000000080000194 (0x00000013) addi zero, zero, 0x0

mem[X,0x0000000080000198] -> 0x0013
mem[X,0x000000008000019A] -> 0x0000
[107] [M]: 0x0000000080000198 (0x00000013) addi zero, zero, 0x0

mem[X,0x000000008000019C] -> 0x0013
mem[X,0x000000008000019E] -> 0x0000
[108] [M]: 0x000000008000019C (0x00000013) addi zero, zero, 0x0

mem[X,0x00000000800001A0] -> 0x0937
mem[X,0x00000000800001A2] -> 0x0000
[109] [M]: 0x00000000800001A0 (0x00000937) lui s2, 0x0
x18 <- 0x0000000000000000

mem[X,0x00000000800001A4] -> 0x0913
mem[X,0x00000000800001A6] -> 0xFF79
[110] [M]: 0x00000000800001A4 (0xFF790913) addi s2, s2, -0x9
x18 <- 0xFFFFFFFFFFFFFFF7

mem[X,0x00000000800001A8] -> 0x1913
mem[X,0x00000000800001AA] -> 0x00B9
[111] [M]: 0x00000000800001A8 (0x00B91913) slli s2, s2, 0xb
x18 <- 0xFFFFFFFFFFFFB800

mem[X,0x00000000800001AC] -> 0x0913
mem[X,0x00000000800001AE] -> 0x4009
[112] [M]: 0x00000000800001AC (0x40090913) addi s2, s2, 0x400
x18 <- 0xFFFFFFFFFFFFBC00

mem[X,0x00000000800001B0] -> 0x1913
mem[X,0x00000000800001B2] -> 0x00B9
[113] [M]: 0x00000000800001B0 (0x00B91913) slli s2, s2, 0xb
x18 <- 0xFFFFFFFFFDE00000

mem[X,0x00000000800001B4] -> 0x0913
mem[X,0x00000000800001B6] -> 0x0009
[114] [M]: 0x00000000800001B4 (0x00090913) addi s2, s2, 0x0
x18 <- 0xFFFFFFFFFDE00000

mem[X,0x00000000800001B8] -> 0x1913
mem[X,0x00000000800001BA] -> 0x00A9
[115] [M]: 0x00000000800001B8 (0x00A91913) slli s2, s2, 0xa
x18 <- 0xFFFFFFF780000000

mem[X,0x00000000800001BC] -> 0x0B37
mem[X,0x00000000800001BE] -> 0x0000
[116] [M]: 0x00000000800001BC (0x00000B37) lui s6, 0x0
x22 <- 0x0000000000000000

mem[X,0x00000000800001C0] -> 0x0B13
mem[X,0x00000000800001C2] -> 0xFF6B
[117] [M]: 0x00000000800001C0 (0xFF6B0B13) addi s6, s6, -0xa
x22 <- 0xFFFFFFFFFFFFFFF6

mem[X,0x00000000800001C4] -> 0x1B13
mem[X,0x00000000800001C6] -> 0x00BB
[118] [M]: 0x00000000800001C4 (0x00BB1B13) slli s6, s6, 0xb
x22 <- 0xFFFFFFFFFFFFB000

mem[X,0x00000000800001C8] -> 0x0B13
mem[X,0x00000000800001CA] -> 0x000B
[119] [M]: 0x00000000800001C8 (0x000B0B13) addi s6, s6, 0x0
x22 <- 0xFFFFFFFFFFFFB000

mem[X,0x00000000800001CC] -> 0x1B13
mem[X,0x00000000800001CE] -> 0x00BB
[120] [M]: 0x00000000800001CC (0x00BB1B13) slli s6, s6, 0xb
x22 <- 0xFFFFFFFFFD800000

mem[X,0x00000000800001D0] -> 0x0B13
mem[X,0x00000000800001D2] -> 0x000B
[121] [M]: 0x00000000800001D0 (0x000B0B13) addi s6, s6, 0x0
x22 <- 0xFFFFFFFFFD800000

mem[X,0x00000000800001D4] -> 0x1B13
mem[X,0x00000000800001D6] -> 0x00AB
[122] [M]: 0x00000000800001D4 (0x00AB1B13) slli s6, s6, 0xa
x22 <- 0xFFFFFFF600000000

mem[X,0x00000000800001D8] -> 0x0B13
mem[X,0x00000000800001DA] -> 0x040B
[123] [M]: 0x00000000800001D8 (0x040B0B13) addi s6, s6, 0x40
x22 <- 0xFFFFFFF600000040

mem[X,0x00000000800001DC] -> 0x2B1B
mem[X,0x00000000800001DE] -> 0xFF69
[124] [M]: 0x00000000800001DC (0xFF692B1B) shar s6, s2, s6
x22 <- 0xFFFFFFF780000000

mem[X,0x00000000800001E0] -> 0x3023
mem[X,0x00000000800001E2] -> 0x0162
[125] [M]: 0x00000000800001E0 (0x01623023) sd s6, 0x0(tp)
mem[0x0000000080005118] <- 0xFFFFFFF780000000

mem[X,0x00000000800001E4] -> 0x0613
mem[X,0x00000000800001E6] -> 0x0010
[126] [M]: 0x00000000800001E4 (0x00100613) addi a2, zero, 0x1
x12 <- 0x0000000000000001

mem[X,0x00000000800001E8] -> 0x1613
mem[X,0x00000000800001EA] -> 0x03E6
[127] [M]: 0x00000000800001E8 (0x03E61613) slli a2, a2, 0x3e
x12 <- 0x4000000000000000

mem[X,0x00000000800001EC] -> 0x4613
mem[X,0x00000000800001EE] -> 0xFFF6
[128] [M]: 0x00000000800001EC (0xFFF64613) xori a2, a2, -0x1
x12 <- 0xBFFFFFFFFFFFFFFF

mem[X,0x00000000800001F0] -> 0x0637
mem[X,0x00000000800001F2] -> 0xFFFE
[129] [M]: 0x00000000800001F0 (0xFFFE0637) lui a2, -0x20
x12 <- 0xFFFFFFFFFFFE0000

mem[X,0x00000000800001F4] -> 0x0613
mem[X,0x00000000800001F6] -> 0xFFF6
[130] [M]: 0x00000000800001F4 (0xFFF60613) addi a2, a2, -0x1
x12 <- 0xFFFFFFFFFFFDFFFF

mem[X,0x00000000800001F8] -> 0x1613
mem[X,0x00000000800001FA] -> 0x00B6
[131] [M]: 0x00000000800001F8 (0x00B61613) slli a2, a2, 0xb
x12 <- 0xFFFFFFFFEFFFF800

mem[X,0x00000000800001FC] -> 0x0613
mem[X,0x00000000800001FE] -> 0x5FF6
[132] [M]: 0x00000000800001FC (0x5FF60613) addi a2, a2, 0x5ff
x12 <- 0xFFFFFFFFEFFFFDFF

mem[X,0x0000000080000200] -> 0x1613
mem[X,0x0000000080000202] -> 0x00B6
[133] [M]: 0x0000000080000200 (0x00B61613) slli a2, a2, 0xb
x12 <- 0xFFFFFF7FFFEFF800

mem[X,0x0000000080000204] -> 0x0613
mem[X,0x0000000080000206] -> 0x7FF6
[134] [M]: 0x0000000080000204 (0x7FF60613) addi a2, a2, 0x7ff
x12 <- 0xFFFFFF7FFFEFFFFF

mem[X,0x0000000080000208] -> 0x1613
mem[X,0x000000008000020A] -> 0x00A6
[135] [M]: 0x0000000080000208 (0x00A61613) slli a2, a2, 0xa
x12 <- 0xFFFDFFFFBFFFFC00

mem[X,0x000000008000020C] -> 0x0613
mem[X,0x000000008000020E] -> 0x3FF6
[136] [M]: 0x000000008000020C (0x3FF60613) addi a2, a2, 0x3ff
x12 <- 0xFFFDFFFFBFFFFFFF

mem[X,0x0000000080000210] -> 0x261B
mem[X,0x0000000080000212] -> 0xFEC6
[137] [M]: 0x0000000080000210 (0xFEC6261B) shar a2, a2, a2
x12 <- 0xFFFEFFFFE0000000

mem[X,0x0000000080000214] -> 0x3423
mem[X,0x0000000080000216] -> 0x00C2
[138] [M]: 0x0000000080000214 (0x00C23423) sd a2, 0x8(tp)
mem[0x0000000080005120] <- 0xFFFEFFFFE0000000

mem[X,0x0000000080000218] -> 0x0A13
mem[X,0x000000008000021A] -> 0x0010
[139] [M]: 0x0000000080000218 (0x00100A13) addi s4, zero, 0x1
x20 <- 0x0000000000000001

mem[X,0x000000008000021C] -> 0x1A13
mem[X,0x000000008000021E] -> 0x020A
[140] [M]: 0x000000008000021C (0x020A1A13) slli s4, s4, 0x20
x20 <- 0x0000000100000000

mem[X,0x0000000080000220] -> 0x0A37
mem[X,0x0000000080000222] -> 0x0002
[141] [M]: 0x0000000080000220 (0x00020A37) lui s4, 0x20
x20 <- 0x0000000000020000

mem[X,0x0000000080000224] -> 0x0A13
mem[X,0x0000000080000226] -> 0x000A
[142] [M]: 0x0000000080000224 (0x000A0A13) addi s4, s4, 0x0
x20 <- 0x0000000000020000

mem[X,0x0000000080000228] -> 0x1A13
mem[X,0x000000008000022A] -> 0x00BA
[143] [M]: 0x0000000080000228 (0x00BA1A13) slli s4, s4, 0xb
x20 <- 0x0000000010000000

mem[X,0x000000008000022C] -> 0x0A13
mem[X,0x000000008000022E] -> 0x7FDA
[144] [M]: 0x000000008000022C (0x7FDA0A13) addi s4, s4, 0x7fd
x20 <- 0x00000000100007FD

mem[X,0x0000000080000230] -> 0x1A13
mem[X,0x0000000080000232] -> 0x00BA
[145] [M]: 0x0000000080000230 (0x00BA1A13) slli s4, s4, 0xb
x20 <- 0x00000080003FE800

mem[X,0x0000000080000234] -> 0x0A13
mem[X,0x0000000080000236] -> 0x7FFA
[146] [M]: 0x0000000080000234 (0x7FFA0A13) addi s4, s4, 0x7ff
x20 <- 0x00000080003FEFFF

mem[X,0x0000000080000238] -> 0x1A13
mem[X,0x000000008000023A] -> 0x00AA
[147] [M]: 0x0000000080000238 (0x00AA1A13) slli s4, s4, 0xa
x20 <- 0x00020000FFBFFC00

mem[X,0x000000008000023C] -> 0x0A13
mem[X,0x000000008000023E] -> 0x3FFA
[148] [M]: 0x000000008000023C (0x3FFA0A13) addi s4, s4, 0x3ff
x20 <- 0x00020000FFBFFFFF

mem[X,0x0000000080000240] -> 0x281B
mem[X,0x0000000080000242] -> 0xFF4A
[149] [M]: 0x0000000080000240 (0xFF4A281B) shar a6, s4, s4
x16 <- 0x000100007FE00000

mem[X,0x0000000080000244] -> 0x3823
mem[X,0x0000000080000246] -> 0x0102
[150] [M]: 0x0000000080000244 (0x01023823) sd a6, 0x10(tp)
mem[0x0000000080005128] <- 0x000100007FE00000

mem[X,0x0000000080000248] -> 0x0FB7
mem[X,0x000000008000024A] -> 0x0000
[151] [M]: 0x0000000080000248 (0x00000FB7) lui t6, 0x0
x31 <- 0x0000000000000000

mem[X,0x000000008000024C] -> 0x8F93
mem[X,0x000000008000024E] -> 0x002F
[152] [M]: 0x000000008000024C (0x002F8F93) addi t6, t6, 0x2
x31 <- 0x0000000000000002

mem[X,0x0000000080000250] -> 0x9F93
mem[X,0x0000000080000252] -> 0x00BF
[153] [M]: 0x0000000080000250 (0x00BF9F93) slli t6, t6, 0xb
x31 <- 0x0000000000001000

mem[X,0x0000000080000254] -> 0x8F93
mem[X,0x0000000080000256] -> 0x000F
[154] [M]: 0x0000000080000254 (0x000F8F93) addi t6, t6, 0x0
x31 <- 0x0000000000001000

mem[X,0x0000000080000258] -> 0x9F93
mem[X,0x000000008000025A] -> 0x00BF
[155] [M]: 0x0000000080000258 (0x00BF9F93) slli t6, t6, 0xb
x31 <- 0x0000000000800000

mem[X,0x000000008000025C] -> 0x8F93
mem[X,0x000000008000025E] -> 0x000F
[156] [M]: 0x000000008000025C (0x000F8F93) addi t6, t6, 0x0
x31 <- 0x0000000000800000

mem[X,0x0000000080000260] -> 0x9F93
mem[X,0x0000000080000262] -> 0x00AF
[157] [M]: 0x0000000080000260 (0x00AF9F93) slli t6, t6, 0xa
x31 <- 0x0000000200000000

mem[X,0x0000000080000264] -> 0x8F93
mem[X,0x0000000080000266] -> 0x001F
[158] [M]: 0x0000000080000264 (0x001F8F93) addi t6, t6, 0x1
x31 <- 0x0000000200000001

mem[X,0x0000000080000268] -> 0x0EB7
mem[X,0x000000008000026A] -> 0x0040
[159] [M]: 0x0000000080000268 (0x00400EB7) lui t4, 0x400
x29 <- 0x0000000000400000

mem[X,0x000000008000026C] -> 0x8E93
mem[X,0x000000008000026E] -> 0x003E
[160] [M]: 0x000000008000026C (0x003E8E93) addi t4, t4, 0x3
x29 <- 0x0000000000400003

mem[X,0x0000000080000270] -> 0x9E93
mem[X,0x0000000080000272] -> 0x01EE
[161] [M]: 0x0000000080000270 (0x01EE9E93) slli t4, t4, 0x1e
x29 <- 0x00100000C0000000

mem[X,0x0000000080000274] -> 0xAF9B
mem[X,0x0000000080000276] -> 0xFFDF
[162] [M]: 0x0000000080000274 (0xFFDFAF9B) shar t6, t6, t4
x31 <- 0x0000000200000001

mem[X,0x0000000080000278] -> 0x3C23
mem[X,0x000000008000027A] -> 0x01F2
[163] [M]: 0x0000000080000278 (0x01F23C23) sd t6, 0x18(tp)
mem[0x0000000080005130] <- 0x0000000200000001

mem[X,0x000000008000027C] -> 0x05B7
mem[X,0x000000008000027E] -> 0x0000
[164] [M]: 0x000000008000027C (0x000005B7) lui a1, 0x0
x11 <- 0x0000000000000000

mem[X,0x0000000080000280] -> 0x8593
mem[X,0x0000000080000282] -> 0x0015
[165] [M]: 0x0000000080000280 (0x00158593) addi a1, a1, 0x1
x11 <- 0x0000000000000001

mem[X,0x0000000080000284] -> 0x9593
mem[X,0x0000000080000286] -> 0x00B5
[166] [M]: 0x0000000080000284 (0x00B59593) slli a1, a1, 0xb
x11 <- 0x0000000000000800

mem[X,0x0000000080000288] -> 0x8593
mem[X,0x000000008000028A] -> 0x3FF5
[167] [M]: 0x0000000080000288 (0x3FF58593) addi a1, a1, 0x3ff
x11 <- 0x0000000000000BFF

mem[X,0x000000008000028C] -> 0x9593
mem[X,0x000000008000028E] -> 0x00B5
[168] [M]: 0x000000008000028C (0x00B59593) slli a1, a1, 0xb
x11 <- 0x00000000005FF800

mem[X,0x0000000080000290] -> 0x8593
mem[X,0x0000000080000292] -> 0x7FF5
[169] [M]: 0x0000000080000290 (0x7FF58593) addi a1, a1, 0x7ff
x11 <- 0x00000000005FFFFF

mem[X,0x0000000080000294] -> 0x9593
mem[X,0x0000000080000296] -> 0x00A5
[170] [M]: 0x0000000080000294 (0x00A59593) slli a1, a1, 0xa
x11 <- 0x000000017FFFFC00

mem[X,0x0000000080000298] -> 0x8593
mem[X,0x000000008000029A] -> 0x3FF5
[171] [M]: 0x0000000080000298 (0x3FF58593) addi a1, a1, 0x3ff
x11 <- 0x000000017FFFFFFF

mem[X,0x000000008000029C] -> 0x0337
mem[X,0x000000008000029E] -> 0x0400
[172] [M]: 0x000000008000029C (0x04000337) lui t1, 0x4000
x6 <- 0x0000000004000000

mem[X,0x00000000800002A0] -> 0x0313
mem[X,0x00000000800002A2] -> 0x0003
[173] [M]: 0x00000000800002A0 (0x00030313) addi t1, t1, 0x0
x6 <- 0x0000000004000000

mem[X,0x00000000800002A4] -> 0x1313
mem[X,0x00000000800002A6] -> 0x00B3
[174] [M]: 0x00000000800002A4 (0x00B31313) slli t1, t1, 0xb
x6 <- 0x0000002000000000

mem[X,0x00000000800002A8] -> 0x0313
mem[X,0x00000000800002AA] -> 0x7FF3
[175] [M]: 0x00000000800002A8 (0x7FF30313) addi t1, t1, 0x7ff
x6 <- 0x00000020000007FF

mem[X,0x00000000800002AC] -> 0x1313
mem[X,0x00000000800002AE] -> 0x00B3
[176] [M]: 0x00000000800002AC (0x00B31313) slli t1, t1, 0xb
x6 <- 0x00010000003FF800

mem[X,0x00000000800002B0] -> 0x0313
mem[X,0x00000000800002B2] -> 0x7FF3
[177] [M]: 0x00000000800002B0 (0x7FF30313) addi t1, t1, 0x7ff
x6 <- 0x00010000003FFFFF

mem[X,0x00000000800002B4] -> 0x1313
mem[X,0x00000000800002B6] -> 0x00A3
[178] [M]: 0x00000000800002B4 (0x00A31313) slli t1, t1, 0xa
x6 <- 0x04000000FFFFFC00

mem[X,0x00000000800002B8] -> 0x0313
mem[X,0x00000000800002BA] -> 0x3F93
[179] [M]: 0x00000000800002B8 (0x3F930313) addi t1, t1, 0x3f9
x6 <- 0x04000000FFFFFFF9

mem[X,0x00000000800002BC] -> 0xAD1B
mem[X,0x00000000800002BE] -> 0xFE65
[180] [M]: 0x00000000800002BC (0xFE65AD1B) shar s10, a1, t1
x26 <- 0x0000000003000000

mem[X,0x00000000800002C0] -> 0x3023
mem[X,0x00000000800002C2] -> 0x03A2
[181] [M]: 0x00000000800002C0 (0x03A23023) sd s10, 0x20(tp)
mem[0x0000000080005138] <- 0x0000000003000000

mem[X,0x00000000800002C4] -> 0x0C37
mem[X,0x00000000800002C6] -> 0xE000
[182] [M]: 0x00000000800002C4 (0xE0000C37) lui s8, -0x20000
x24 <- 0xFFFFFFFFE0000000

mem[X,0x00000000800002C8] -> 0x0C13
mem[X,0x00000000800002CA] -> 0xFFFC
[183] [M]: 0x00000000800002C8 (0xFFFC0C13) addi s8, s8, -0x1
x24 <- 0xFFFFFFFFDFFFFFFF

mem[X,0x00000000800002CC] -> 0x1C13
mem[X,0x00000000800002CE] -> 0x00BC
[184] [M]: 0x00000000800002CC (0x00BC1C13) slli s8, s8, 0xb
x24 <- 0xFFFFFEFFFFFFF800

mem[X,0x00000000800002D0] -> 0x0C13
mem[X,0x00000000800002D2] -> 0x000C
[185] [M]: 0x00000000800002D0 (0x000C0C13) addi s8, s8, 0x0
x24 <- 0xFFFFFEFFFFFFF800

mem[X,0x00000000800002D4] -> 0x1C13
mem[X,0x00000000800002D6] -> 0x00BC
[186] [M]: 0x00000000800002D4 (0x00BC1C13) slli s8, s8, 0xb
x24 <- 0xFFF7FFFFFFC00000

mem[X,0x00000000800002D8] -> 0x0C13
mem[X,0x00000000800002DA] -> 0x000C
[187] [M]: 0x00000000800002D8 (0x000C0C13) addi s8, s8, 0x0
x24 <- 0xFFF7FFFFFFC00000

mem[X,0x00000000800002DC] -> 0x1C13
mem[X,0x00000000800002DE] -> 0x00AC
[188] [M]: 0x00000000800002DC (0x00AC1C13) slli s8, s8, 0xa
x24 <- 0xDFFFFFFF00000000

mem[X,0x00000000800002E0] -> 0x0C13
mem[X,0x00000000800002E2] -> 0x002C
[189] [M]: 0x00000000800002E0 (0x002C0C13) addi s8, s8, 0x2
x24 <- 0xDFFFFFFF00000002

mem[X,0x00000000800002E4] -> 0x05B7
mem[X,0x00000000800002E6] -> 0x0000
[190] [M]: 0x00000000800002E4 (0x000005B7) lui a1, 0x0
x11 <- 0x0000000000000000

mem[X,0x00000000800002E8] -> 0x8593
mem[X,0x00000000800002EA] -> 0x0405
[191] [M]: 0x00000000800002E8 (0x04058593) addi a1, a1, 0x40
x11 <- 0x0000000000000040

mem[X,0x00000000800002EC] -> 0x9593
mem[X,0x00000000800002EE] -> 0x00B5
[192] [M]: 0x00000000800002EC (0x00B59593) slli a1, a1, 0xb
x11 <- 0x0000000000020000

mem[X,0x00000000800002F0] -> 0x8593
mem[X,0x00000000800002F2] -> 0x0005
[193] [M]: 0x00000000800002F0 (0x00058593) addi a1, a1, 0x0
x11 <- 0x0000000000020000

mem[X,0x00000000800002F4] -> 0x9593
mem[X,0x00000000800002F6] -> 0x00B5
[194] [M]: 0x00000000800002F4 (0x00B59593) slli a1, a1, 0xb
x11 <- 0x0000000010000000

mem[X,0x00000000800002F8] -> 0x8593
mem[X,0x00000000800002FA] -> 0x0005
[195] [M]: 0x00000000800002F8 (0x00058593) addi a1, a1, 0x0
x11 <- 0x0000000010000000

mem[X,0x00000000800002FC] -> 0x9593
mem[X,0x00000000800002FE] -> 0x00A5
[196] [M]: 0x00000000800002FC (0x00A59593) slli a1, a1, 0xa
x11 <- 0x0000004000000000

mem[X,0x0000000080000300] -> 0x8593
mem[X,0x0000000080000302] -> 0x0035
[197] [M]: 0x0000000080000300 (0x00358593) addi a1, a1, 0x3
x11 <- 0x0000004000000003

mem[X,0x0000000080000304] -> 0x279B
mem[X,0x0000000080000306] -> 0xFEBC
[198] [M]: 0x0000000080000304 (0xFEBC279B) shar a5, s8, a1
x15 <- 0xFFFFFFF800000010

mem[X,0x0000000080000308] -> 0x3423
mem[X,0x000000008000030A] -> 0x02F2
[199] [M]: 0x0000000080000308 (0x02F23423) sd a5, 0x28(tp)
mem[0x0000000080005140] <- 0xFFFFFFF800000010

clint::tick mtime <- 0x0000000000000002
 clint timer pending at mtime 0x0000000000000002
htif::tick 0x0000000000000000
mem[X,0x000000008000030C] -> 0x0837
mem[X,0x000000008000030E] -> 0x0000
[200] [M]: 0x000000008000030C (0x00000837) lui a6, 0x0
x16 <- 0x0000000000000000

mem[X,0x0000000080000310] -> 0x0813
mem[X,0x0000000080000312] -> 0xFFB8
[201] [M]: 0x0000000080000310 (0xFFB80813) addi a6, a6, -0x5
x16 <- 0xFFFFFFFFFFFFFFFB

mem[X,0x0000000080000314] -> 0x1813
mem[X,0x0000000080000316] -> 0x00B8
[202] [M]: 0x0000000080000314 (0x00B81813) slli a6, a6, 0xb
x16 <- 0xFFFFFFFFFFFFD800

mem[X,0x0000000080000318] -> 0x0813
mem[X,0x000000008000031A] -> 0x0008
[203] [M]: 0x0000000080000318 (0x00080813) addi a6, a6, 0x0
x16 <- 0xFFFFFFFFFFFFD800

mem[X,0x000000008000031C] -> 0x1813
mem[X,0x000000008000031E] -> 0x00B8
[204] [M]: 0x000000008000031C (0x00B81813) slli a6, a6, 0xb
x16 <- 0xFFFFFFFFFEC00000

mem[X,0x0000000080000320] -> 0x0813
mem[X,0x0000000080000322] -> 0x0008
[205] [M]: 0x0000000080000320 (0x00080813) addi a6, a6, 0x0
x16 <- 0xFFFFFFFFFEC00000

mem[X,0x0000000080000324] -> 0x1813
mem[X,0x0000000080000326] -> 0x00A8
[206] [M]: 0x0000000080000324 (0x00A81813) slli a6, a6, 0xa
x16 <- 0xFFFFFFFB00000000

mem[X,0x0000000080000328] -> 0x0813
mem[X,0x000000008000032A] -> 0x0048
[207] [M]: 0x0000000080000328 (0x00480813) addi a6, a6, 0x4
x16 <- 0xFFFFFFFB00000004

mem[X,0x000000008000032C] -> 0x0737
mem[X,0x000000008000032E] -> 0x0080
[208] [M]: 0x000000008000032C (0x00800737) lui a4, 0x800
x14 <- 0x0000000000800000

mem[X,0x0000000080000330] -> 0x0713
mem[X,0x0000000080000332] -> 0x0017
[209] [M]: 0x0000000080000330 (0x00170713) addi a4, a4, 0x1
x14 <- 0x0000000000800001

mem[X,0x0000000080000334] -> 0x1713
mem[X,0x0000000080000336] -> 0x0167
[210] [M]: 0x0000000080000334 (0x01671713) slli a4, a4, 0x16
x14 <- 0x0000200000400000

mem[X,0x0000000080000338] -> 0x299B
mem[X,0x000000008000033A] -> 0xFEE8
[211] [M]: 0x0000000080000338 (0xFEE8299B) shar s3, a6, a4
x19 <- 0xFFFFFFFB00000004

mem[X,0x000000008000033C] -> 0x3823
mem[X,0x000000008000033E] -> 0x0332
[212] [M]: 0x000000008000033C (0x03323823) sd s3, 0x30(tp)
mem[0x0000000080005148] <- 0xFFFFFFFB00000004

mem[X,0x0000000080000340] -> 0x02B7
mem[X,0x0000000080000342] -> 0x6000
[213] [M]: 0x0000000080000340 (0x600002B7) lui t0, 0x60000
x5 <- 0x0000000060000000

mem[X,0x0000000080000344] -> 0x8293
mem[X,0x0000000080000346] -> 0x0012
[214] [M]: 0x0000000080000344 (0x00128293) addi t0, t0, 0x1
x5 <- 0x0000000060000001

mem[X,0x0000000080000348] -> 0x9293
mem[X,0x000000008000034A] -> 0x0032
[215] [M]: 0x0000000080000348 (0x00329293) slli t0, t0, 0x3
x5 <- 0x0000000300000008

mem[X,0x000000008000034C] -> 0x40B7
mem[X,0x000000008000034E] -> 0x0000
[216] [M]: 0x000000008000034C (0x000040B7) lui ra, 0x4
x1 <- 0x0000000000004000

mem[X,0x0000000080000350] -> 0x8093
mem[X,0x0000000080000352] -> 0x0000
[217] [M]: 0x0000000080000350 (0x00008093) addi ra, ra, 0x0
x1 <- 0x0000000000004000

mem[X,0x0000000080000354] -> 0x9093
mem[X,0x0000000080000356] -> 0x00B0
[218] [M]: 0x0000000080000354 (0x00B09093) slli ra, ra, 0xb
x1 <- 0x0000000002000000

mem[X,0x0000000080000358] -> 0x8093
mem[X,0x000000008000035A] -> 0x7BF0
[219] [M]: 0x0000000080000358 (0x7BF08093) addi ra, ra, 0x7bf
x1 <- 0x00000000020007BF

mem[X,0x000000008000035C] -> 0x9093
mem[X,0x000000008000035E] -> 0x00B0
[220] [M]: 0x000000008000035C (0x00B09093) slli ra, ra, 0xb
x1 <- 0x00000010003DF800

mem[X,0x0000000080000360] -> 0x8093
mem[X,0x0000000080000362] -> 0x7FF0
[221] [M]: 0x0000000080000360 (0x7FF08093) addi ra, ra, 0x7ff
x1 <- 0x00000010003DFFFF

mem[X,0x0000000080000364] -> 0x9093
mem[X,0x0000000080000366] -> 0x00A0
[222] [M]: 0x0000000080000364 (0x00A09093) slli ra, ra, 0xa
x1 <- 0x00004000F7FFFC00

mem[X,0x0000000080000368] -> 0x8093
mem[X,0x000000008000036A] -> 0x3FF0
[223] [M]: 0x0000000080000368 (0x3FF08093) addi ra, ra, 0x3ff
x1 <- 0x00004000F7FFFFFF

mem[X,0x000000008000036C] -> 0xA49B
mem[X,0x000000008000036E] -> 0xFE12
[224] [M]: 0x000000008000036C (0xFE12A49B) shar s1, t0, ra
x9 <- 0x0000000180000004

mem[X,0x0000000080000370] -> 0x3C23
mem[X,0x0000000080000372] -> 0x0292
[225] [M]: 0x0000000080000370 (0x02923C23) sd s1, 0x38(tp)
mem[0x0000000080005150] <- 0x0000000180000004

mem[X,0x0000000080000374] -> 0x5537
mem[X,0x0000000080000376] -> 0x5555
[226] [M]: 0x0000000080000374 (0x55555537) lui a0, 0x55555
x10 <- 0x0000000055555000

mem[X,0x0000000080000378] -> 0x0513
mem[X,0x000000008000037A] -> 0x5555
[227] [M]: 0x0000000080000378 (0x55550513) addi a0, a0, 0x555
x10 <- 0x0000000055555555

mem[X,0x000000008000037C] -> 0x1513
mem[X,0x000000008000037E] -> 0x00B5
[228] [M]: 0x000000008000037C (0x00B51513) slli a0, a0, 0xb
x10 <- 0x000002AAAAAAA800

mem[X,0x0000000080000380] -> 0x0513
mem[X,0x0000000080000382] -> 0x0005
[229] [M]: 0x0000000080000380 (0x00050513) addi a0, a0, 0x0
x10 <- 0x000002AAAAAAA800

mem[X,0x0000000080000384] -> 0x1513
mem[X,0x0000000080000386] -> 0x00B5
[230] [M]: 0x0000000080000384 (0x00B51513) slli a0, a0, 0xb
x10 <- 0x0015555555400000

mem[X,0x0000000080000388] -> 0x0513
mem[X,0x000000008000038A] -> 0x0005
[231] [M]: 0x0000000080000388 (0x00050513) addi a0, a0, 0x0
x10 <- 0x0015555555400000

mem[X,0x000000008000038C] -> 0x1513
mem[X,0x000000008000038E] -> 0x00A5
[232] [M]: 0x000000008000038C (0x00A51513) slli a0, a0, 0xa
x10 <- 0x5555555500000000

mem[X,0x0000000080000390] -> 0x0513
mem[X,0x0000000080000392] -> 0x0105
[233] [M]: 0x0000000080000390 (0x01050513) addi a0, a0, 0x10
x10 <- 0x5555555500000010

mem[X,0x0000000080000394] -> 0x07B7
mem[X,0x0000000080000396] -> 0xE000
[234] [M]: 0x0000000080000394 (0xE00007B7) lui a5, -0x20000
x15 <- 0xFFFFFFFFE0000000

mem[X,0x0000000080000398] -> 0x8793
mem[X,0x000000008000039A] -> 0xFFF7
[235] [M]: 0x0000000080000398 (0xFFF78793) addi a5, a5, -0x1
x15 <- 0xFFFFFFFFDFFFFFFF

mem[X,0x000000008000039C] -> 0x9793
mem[X,0x000000008000039E] -> 0x00B7
[236] [M]: 0x000000008000039C (0x00B79793) slli a5, a5, 0xb
x15 <- 0xFFFFFEFFFFFFF800

mem[X,0x00000000800003A0] -> 0x8793
mem[X,0x00000000800003A2] -> 0x0007
[237] [M]: 0x00000000800003A0 (0x00078793) addi a5, a5, 0x0
x15 <- 0xFFFFFEFFFFFFF800

mem[X,0x00000000800003A4] -> 0x9793
mem[X,0x00000000800003A6] -> 0x00B7
[238] [M]: 0x00000000800003A4 (0x00B79793) slli a5, a5, 0xb
x15 <- 0xFFF7FFFFFFC00000

mem[X,0x00000000800003A8] -> 0x8793
mem[X,0x00000000800003AA] -> 0x0027
[239] [M]: 0x00000000800003A8 (0x00278793) addi a5, a5, 0x2
x15 <- 0xFFF7FFFFFFC00002

mem[X,0x00000000800003AC] -> 0x9793
mem[X,0x00000000800003AE] -> 0x00A7
[240] [M]: 0x00000000800003AC (0x00A79793) slli a5, a5, 0xa
x15 <- 0xDFFFFFFF00000800

mem[X,0x00000000800003B0] -> 0x2C9B
mem[X,0x00000000800003B2] -> 0xFEF5
[241] [M]: 0x00000000800003B0 (0xFEF52C9B) shar s9, a0, a5
x25 <- 0x5555555500000010

mem[X,0x00000000800003B4] -> 0x3023
mem[X,0x00000000800003B6] -> 0x0592
[242] [M]: 0x00000000800003B4 (0x05923023) sd s9, 0x40(tp)
mem[0x0000000080005158] <- 0x5555555500000010

mem[X,0x00000000800003B8] -> 0x0337
mem[X,0x00000000800003BA] -> 0x0000
[243] [M]: 0x00000000800003B8 (0x00000337) lui t1, 0x0
x6 <- 0x0000000000000000

mem[X,0x00000000800003BC] -> 0x0313
mem[X,0x00000000800003BE] -> 0x0803
[244] [M]: 0x00000000800003BC (0x08030313) addi t1, t1, 0x80
x6 <- 0x0000000000000080

mem[X,0x00000000800003C0] -> 0x1313
mem[X,0x00000000800003C2] -> 0x00B3
[245] [M]: 0x00000000800003C0 (0x00B31313) slli t1, t1, 0xb
x6 <- 0x0000000000040000

mem[X,0x00000000800003C4] -> 0x0313
mem[X,0x00000000800003C6] -> 0x0003
[246] [M]: 0x00000000800003C4 (0x00030313) addi t1, t1, 0x0
x6 <- 0x0000000000040000

mem[X,0x00000000800003C8] -> 0x1313
mem[X,0x00000000800003CA] -> 0x00B3
[247] [M]: 0x00000000800003C8 (0x00B31313) slli t1, t1, 0xb
x6 <- 0x0000000020000000

mem[X,0x00000000800003CC] -> 0x0313
mem[X,0x00000000800003CE] -> 0x0003
[248] [M]: 0x00000000800003CC (0x00030313) addi t1, t1, 0x0
x6 <- 0x0000000020000000

mem[X,0x00000000800003D0] -> 0x1313
mem[X,0x00000000800003D2] -> 0x00A3
[249] [M]: 0x00000000800003D0 (0x00A31313) slli t1, t1, 0xa
x6 <- 0x0000008000000000

mem[X,0x00000000800003D4] -> 0x0313
mem[X,0x00000000800003D6] -> 0x0203
[250] [M]: 0x00000000800003D4 (0x02030313) addi t1, t1, 0x20
x6 <- 0x0000008000000020

mem[X,0x00000000800003D8] -> 0x0FB7
mem[X,0x00000000800003DA] -> 0x0800
[251] [M]: 0x00000000800003D8 (0x08000FB7) lui t6, 0x8000
x31 <- 0x0000000008000000

mem[X,0x00000000800003DC] -> 0x8F93
mem[X,0x00000000800003DE] -> 0x000F
[252] [M]: 0x00000000800003DC (0x000F8F93) addi t6, t6, 0x0
x31 <- 0x0000000008000000

mem[X,0x00000000800003E0] -> 0x9F93
mem[X,0x00000000800003E2] -> 0x00BF
[253] [M]: 0x00000000800003E0 (0x00BF9F93) slli t6, t6, 0xb
x31 <- 0x0000004000000000

mem[X,0x00000000800003E4] -> 0x8F93
mem[X,0x00000000800003E6] -> 0x000F
[254] [M]: 0x00000000800003E4 (0x000F8F93) addi t6, t6, 0x0
x31 <- 0x0000004000000000

mem[X,0x00000000800003E8] -> 0x9F93
mem[X,0x00000000800003EA] -> 0x00BF
[255] [M]: 0x00000000800003E8 (0x00BF9F93) slli t6, t6, 0xb
x31 <- 0x0002000000000000

mem[X,0x00000000800003EC] -> 0x8F93
mem[X,0x00000000800003EE] -> 0x100F
[256] [M]: 0x00000000800003EC (0x100F8F93) addi t6, t6, 0x100
x31 <- 0x0002000000000100

mem[X,0x00000000800003F0] -> 0x9F93
mem[X,0x00000000800003F2] -> 0x00AF
[257] [M]: 0x00000000800003F0 (0x00AF9F93) slli t6, t6, 0xa
x31 <- 0x0800000000040000

mem[X,0x00000000800003F4] -> 0x2A9B
mem[X,0x00000000800003F6] -> 0xFFF3
[258] [M]: 0x00000000800003F4 (0xFFF32A9B) shar s5, t1, t6
x21 <- 0x0000008000000020

mem[X,0x00000000800003F8] -> 0x3423
mem[X,0x00000000800003FA] -> 0x0552
[259] [M]: 0x00000000800003F8 (0x05523423) sd s5, 0x48(tp)
mem[0x0000000080005160] <- 0x0000008000000020

mem[X,0x00000000800003FC] -> 0x0D37
mem[X,0x00000000800003FE] -> 0x0000
[260] [M]: 0x00000000800003FC (0x00000D37) lui s10, 0x0
x26 <- 0x0000000000000000

mem[X,0x0000000080000400] -> 0x0D13
mem[X,0x0000000080000402] -> 0xFBFD
[261] [M]: 0x0000000080000400 (0xFBFD0D13) addi s10, s10, -0x41
x26 <- 0xFFFFFFFFFFFFFFBF

mem[X,0x0000000080000404] -> 0x1D13
mem[X,0x0000000080000406] -> 0x00BD
[262] [M]: 0x0000000080000404 (0x00BD1D13) slli s10, s10, 0xb
x26 <- 0xFFFFFFFFFFFDF800

mem[X,0x0000000080000408] -> 0x0D13
mem[X,0x000000008000040A] -> 0x000D
[263] [M]: 0x0000000080000408 (0x000D0D13) addi s10, s10, 0x0
x26 <- 0xFFFFFFFFFFFDF800

mem[X,0x000000008000040C] -> 0x1D13
mem[X,0x000000008000040E] -> 0x00BD
[264] [M]: 0x000000008000040C (0x00BD1D13) slli s10, s10, 0xb
x26 <- 0xFFFFFFFFEFC00000

mem[X,0x0000000080000410] -> 0x0D13
mem[X,0x0000000080000412] -> 0x000D
[265] [M]: 0x0000000080000410 (0x000D0D13) addi s10, s10, 0x0
x26 <- 0xFFFFFFFFEFC00000

mem[X,0x0000000080000414] -> 0x1D13
mem[X,0x0000000080000416] -> 0x00AD
[266] [M]: 0x0000000080000414 (0x00AD1D13) slli s10, s10, 0xa
x26 <- 0xFFFFFFBF00000000

mem[X,0x0000000080000418] -> 0x0D13
mem[X,0x000000008000041A] -> 0x040D
[267] [M]: 0x0000000080000418 (0x040D0D13) addi s10, s10, 0x40
x26 <- 0xFFFFFFBF00000040

mem[X,0x000000008000041C] -> 0x0BB7
mem[X,0x000000008000041E] -> 0xFFF0
[268] [M]: 0x000000008000041C (0xFFF00BB7) lui s7, -0x100
x23 <- 0xFFFFFFFFFFF00000

mem[X,0x0000000080000420] -> 0x8B93
mem[X,0x0000000080000422] -> 0xFFFB
[269] [M]: 0x0000000080000420 (0xFFFB8B93) addi s7, s7, -0x1
x23 <- 0xFFFFFFFFFFEFFFFF

mem[X,0x0000000080000424] -> 0x9B93
mem[X,0x0000000080000426] -> 0x00BB
[270] [M]: 0x0000000080000424 (0x00BB9B93) slli s7, s7, 0xb
x23 <- 0xFFFFFFFF7FFFF800

mem[X,0x0000000080000428] -> 0x8B93
mem[X,0x000000008000042A] -> 0x100B
[271] [M]: 0x0000000080000428 (0x100B8B93) addi s7, s7, 0x100
x23 <- 0xFFFFFFFF7FFFF900

mem[X,0x000000008000042C] -> 0x9B93
mem[X,0x000000008000042E] -> 0x00BB
[272] [M]: 0x000000008000042C (0x00BB9B93) slli s7, s7, 0xb
x23 <- 0xFFFFFBFFFFC80000

mem[X,0x0000000080000430] -> 0x8B93
mem[X,0x0000000080000432] -> 0x000B
[273] [M]: 0x0000000080000430 (0x000B8B93) addi s7, s7, 0x0
x23 <- 0xFFFFFBFFFFC80000

mem[X,0x0000000080000434] -> 0x9B93
mem[X,0x0000000080000436] -> 0x00AB
[274] [M]: 0x0000000080000434 (0x00AB9B93) slli s7, s7, 0xa
x23 <- 0xFFEFFFFF20000000

mem[X,0x0000000080000438] -> 0x259B
mem[X,0x000000008000043A] -> 0xFF7D
[275] [M]: 0x0000000080000438 (0xFF7D259B) shar a1, s10, s7
x11 <- 0xFFFFFFBF00000040

mem[X,0x000000008000043C] -> 0x3823
mem[X,0x000000008000043E] -> 0x04B2
[276] [M]: 0x000000008000043C (0x04B23823) sd a1, 0x50(tp)
mem[0x0000000080005168] <- 0xFFFFFFBF00000040

mem[X,0x0000000080000440] -> 0x09B7
mem[X,0x0000000080000442] -> 0x0000
[277] [M]: 0x0000000080000440 (0x000009B7) lui s3, 0x0
x19 <- 0x0000000000000000

mem[X,0x0000000080000444] -> 0x8993
mem[X,0x0000000080000446] -> 0x1009
[278] [M]: 0x0000000080000444 (0x10098993) addi s3, s3, 0x100
x19 <- 0x0000000000000100

mem[X,0x0000000080000448] -> 0x9993
mem[X,0x000000008000044A] -> 0x00B9
[279] [M]: 0x0000000080000448 (0x00B99993) slli s3, s3, 0xb
x19 <- 0x0000000000080000

mem[X,0x000000008000044C] -> 0x8993
mem[X,0x000000008000044E] -> 0x0009
[280] [M]: 0x000000008000044C (0x00098993) addi s3, s3, 0x0
x19 <- 0x0000000000080000

mem[X,0x0000000080000450] -> 0x9993
mem[X,0x0000000080000452] -> 0x00B9
[281] [M]: 0x0000000080000450 (0x00B99993) slli s3, s3, 0xb
x19 <- 0x0000000040000000

mem[X,0x0000000080000454] -> 0x8993
mem[X,0x0000000080000456] -> 0x0009
[282] [M]: 0x0000000080000454 (0x00098993) addi s3, s3, 0x0
x19 <- 0x0000000040000000

mem[X,0x0000000080000458] -> 0x9993
mem[X,0x000000008000045A] -> 0x00A9
[283] [M]: 0x0000000080000458 (0x00A99993) slli s3, s3, 0xa
x19 <- 0x0000010000000000

mem[X,0x000000008000045C] -> 0x8993
mem[X,0x000000008000045E] -> 0x0809
[284] [M]: 0x000000008000045C (0x08098993) addi s3, s3, 0x80
x19 <- 0x0000010000000080

mem[X,0x0000000080000460] -> 0x02B7
mem[X,0x0000000080000462] -> 0xFFFC
[285] [M]: 0x0000000080000460 (0xFFFC02B7) lui t0, -0x40
x5 <- 0xFFFFFFFFFFFC0000

mem[X,0x0000000080000464] -> 0x8293
mem[X,0x0000000080000466] -> 0xFFF2
[286] [M]: 0x0000000080000464 (0xFFF28293) addi t0, t0, -0x1
x5 <- 0xFFFFFFFFFFFBFFFF

mem[X,0x0000000080000468] -> 0x9293
mem[X,0x000000008000046A] -> 0x00B2
[287] [M]: 0x0000000080000468 (0x00B29293) slli t0, t0, 0xb
x5 <- 0xFFFFFFFFDFFFF800

mem[X,0x000000008000046C] -> 0x8293
mem[X,0x000000008000046E] -> 0x7FB2
[288] [M]: 0x000000008000046C (0x7FB28293) addi t0, t0, 0x7fb
x5 <- 0xFFFFFFFFDFFFFFFB

mem[X,0x0000000080000470] -> 0x9293
mem[X,0x0000000080000472] -> 0x00B2
[289] [M]: 0x0000000080000470 (0x00B29293) slli t0, t0, 0xb
x5 <- 0xFFFFFEFFFFFFD800

mem[X,0x0000000080000474] -> 0x8293
mem[X,0x0000000080000476] -> 0x7FF2
[290] [M]: 0x0000000080000474 (0x7FF28293) addi t0, t0, 0x7ff
x5 <- 0xFFFFFEFFFFFFDFFF

mem[X,0x0000000080000478] -> 0x9293
mem[X,0x000000008000047A] -> 0x00A2
[291] [M]: 0x0000000080000478 (0x00A29293) slli t0, t0, 0xa
x5 <- 0xFFFBFFFFFF7FFC00

mem[X,0x000000008000047C] -> 0x8293
mem[X,0x000000008000047E] -> 0x3FF2
[292] [M]: 0x000000008000047C (0x3FF28293) addi t0, t0, 0x3ff
x5 <- 0xFFFBFFFFFF7FFFFF

mem[X,0x0000000080000480] -> 0xAE1B
mem[X,0x0000000080000482] -> 0xFE59
[293] [M]: 0x0000000080000480 (0xFE59AE1B) shar t3, s3, t0
x28 <- 0x0000008000000040

mem[X,0x0000000080000484] -> 0x3C23
mem[X,0x0000000080000486] -> 0x05C2
[294] [M]: 0x0000000080000484 (0x05C23C23) sd t3, 0x58(tp)
mem[0x0000000080005170] <- 0x0000008000000040

mem[X,0x0000000080000488] -> 0x08B7
mem[X,0x000000008000048A] -> 0x0200
[295] [M]: 0x0000000080000488 (0x020008B7) lui a7, 0x2000
x17 <- 0x0000000002000000

mem[X,0x000000008000048C] -> 0x8893
mem[X,0x000000008000048E] -> 0x0008
[296] [M]: 0x000000008000048C (0x00088893) addi a7, a7, 0x0
x17 <- 0x0000000002000000

mem[X,0x0000000080000490] -> 0x9893
mem[X,0x0000000080000492] -> 0x00B8
[297] [M]: 0x0000000080000490 (0x00B89893) slli a7, a7, 0xb
x17 <- 0x0000001000000000

mem[X,0x0000000080000494] -> 0x8893
mem[X,0x0000000080000496] -> 0x0008
[298] [M]: 0x0000000080000494 (0x00088893) addi a7, a7, 0x0
x17 <- 0x0000001000000000

mem[X,0x0000000080000498] -> 0x9893
mem[X,0x000000008000049A] -> 0x00B8
[299] [M]: 0x0000000080000498 (0x00B89893) slli a7, a7, 0xb
x17 <- 0x0000800000000000

clint::tick mtime <- 0x0000000000000003
 clint timer pending at mtime 0x0000000000000003
htif::tick 0x0000000000000000
mem[X,0x000000008000049C] -> 0x8893
mem[X,0x000000008000049E] -> 0x0008
[300] [M]: 0x000000008000049C (0x00088893) addi a7, a7, 0x0
x17 <- 0x0000800000000000

mem[X,0x00000000800004A0] -> 0x9893
mem[X,0x00000000800004A2] -> 0x00A8
[301] [M]: 0x00000000800004A0 (0x00A89893) slli a7, a7, 0xa
x17 <- 0x0200000000000000

mem[X,0x00000000800004A4] -> 0x8893
mem[X,0x00000000800004A6] -> 0x1008
[302] [M]: 0x00000000800004A4 (0x10088893) addi a7, a7, 0x100
x17 <- 0x0200000000000100

mem[X,0x00000000800004A8] -> 0x0193
mem[X,0x00000000800004AA] -> 0xFFF0
[303] [M]: 0x00000000800004A8 (0xFFF00193) addi gp, zero, -0x1
x3 <- 0xFFFFFFFFFFFFFFFF

mem[X,0x00000000800004AC] -> 0xD193
mem[X,0x00000000800004AE] -> 0x01D1
[304] [M]: 0x00000000800004AC (0x01D1D193) srli gp, gp, 0x1d
x3 <- 0x00000007FFFFFFFF

mem[X,0x00000000800004B0] -> 0xAA1B
mem[X,0x00000000800004B2] -> 0xFE38
[305] [M]: 0x00000000800004B0 (0xFE38AA1B) shar s4, a7, gp
x20 <- 0x0100000000000080

mem[X,0x00000000800004B4] -> 0x3023
mem[X,0x00000000800004B6] -> 0x0742
[306] [M]: 0x00000000800004B4 (0x07423023) sd s4, 0x60(tp)
mem[0x0000000080005178] <- 0x0100000000000080

mem[X,0x00000000800004B8] -> 0x0B37
mem[X,0x00000000800004BA] -> 0x0180
[307] [M]: 0x00000000800004B8 (0x01800B37) lui s6, 0x1800
x22 <- 0x0000000001800000

mem[X,0x00000000800004BC] -> 0x0B13
mem[X,0x00000000800004BE] -> 0x001B
[308] [M]: 0x00000000800004BC (0x001B0B13) addi s6, s6, 0x1
x22 <- 0x0000000001800001

mem[X,0x00000000800004C0] -> 0x1B13
mem[X,0x00000000800004C2] -> 0x009B
[309] [M]: 0x00000000800004C0 (0x009B1B13) slli s6, s6, 0x9
x22 <- 0x0000000300000200

mem[X,0x00000000800004C4] -> 0x8E37
mem[X,0x00000000800004C6] -> 0xFFFF
[310] [M]: 0x00000000800004C4 (0xFFFF8E37) lui t3, -0x8
x28 <- 0xFFFFFFFFFFFF8000

mem[X,0x00000000800004C8] -> 0x0E13
mem[X,0x00000000800004CA] -> 0xFFFE
[311] [M]: 0x00000000800004C8 (0xFFFE0E13) addi t3, t3, -0x1
x28 <- 0xFFFFFFFFFFFF7FFF

mem[X,0x00000000800004CC] -> 0x1E13
mem[X,0x00000000800004CE] -> 0x00BE
[312] [M]: 0x00000000800004CC (0x00BE1E13) slli t3, t3, 0xb
x28 <- 0xFFFFFFFFFBFFF800

mem[X,0x00000000800004D0] -> 0x0E13
mem[X,0x00000000800004D2] -> 0x7FFE
[313] [M]: 0x00000000800004D0 (0x7FFE0E13) addi t3, t3, 0x7ff
x28 <- 0xFFFFFFFFFBFFFFFF

mem[X,0x00000000800004D4] -> 0x1E13
mem[X,0x00000000800004D6] -> 0x00BE
[314] [M]: 0x00000000800004D4 (0x00BE1E13) slli t3, t3, 0xb
x28 <- 0xFFFFFFDFFFFFF800

mem[X,0x00000000800004D8] -> 0x0E13
mem[X,0x00000000800004DA] -> 0x7FFE
[315] [M]: 0x00000000800004D8 (0x7FFE0E13) addi t3, t3, 0x7ff
x28 <- 0xFFFFFFDFFFFFFFFF

mem[X,0x00000000800004DC] -> 0x1E13
mem[X,0x00000000800004DE] -> 0x00AE
[316] [M]: 0x00000000800004DC (0x00AE1E13) slli t3, t3, 0xa
x28 <- 0xFFFF7FFFFFFFFC00

mem[X,0x00000000800004E0] -> 0x0E13
mem[X,0x00000000800004E2] -> 0x3FBE
[317] [M]: 0x00000000800004E0 (0x3FBE0E13) addi t3, t3, 0x3fb
x28 <- 0xFFFF7FFFFFFFFFFB

mem[X,0x00000000800004E4] -> 0x201B
mem[X,0x00000000800004E6] -> 0xFFCB
[318] [M]: 0x00000000800004E4 (0xFFCB201B) shar zero, s6, t3

mem[X,0x00000000800004E8] -> 0x3423
mem[X,0x00000000800004EA] -> 0x0602
[319] [M]: 0x00000000800004E8 (0x06023423) sd zero, 0x68(tp)
mem[0x0000000080005180] <- 0x0000000000000000

mem[X,0x00000000800004EC] -> 0x0E37
mem[X,0x00000000800004EE] -> 0x0240
[320] [M]: 0x00000000800004EC (0x02400E37) lui t3, 0x2400
x28 <- 0x0000000002400000

mem[X,0x00000000800004F0] -> 0x0E13
mem[X,0x00000000800004F2] -> 0x001E
[321] [M]: 0x00000000800004F0 (0x001E0E13) addi t3, t3, 0x1
x28 <- 0x0000000002400001

mem[X,0x00000000800004F4] -> 0x1E13
mem[X,0x00000000800004F6] -> 0x00AE
[322] [M]: 0x00000000800004F4 (0x00AE1E13) slli t3, t3, 0xa
x28 <- 0x0000000900000400

mem[X,0x00000000800004F8] -> 0x0D37
mem[X,0x00000000800004FA] -> 0x0040
[323] [M]: 0x00000000800004F8 (0x00400D37) lui s10, 0x400
x26 <- 0x0000000000400000

mem[X,0x00000000800004FC] -> 0x0D13
mem[X,0x00000000800004FE] -> 0x001D
[324] [M]: 0x00000000800004FC (0x001D0D13) addi s10, s10, 0x1
x26 <- 0x0000000000400001

mem[X,0x0000000080000500] -> 0x1D13
mem[X,0x0000000080000502] -> 0x00CD
[325] [M]: 0x0000000080000500 (0x00CD1D13) slli s10, s10, 0xc
x26 <- 0x0000000400001000

mem[X,0x0000000080000504] -> 0x291B
mem[X,0x0000000080000506] -> 0xFFAE
[326] [M]: 0x0000000080000504 (0xFFAE291B) shar s2, t3, s10
x18 <- 0x0000000900000400

mem[X,0x0000000080000508] -> 0x3823
mem[X,0x000000008000050A] -> 0x0722
[327] [M]: 0x0000000080000508 (0x07223823) sd s2, 0x70(tp)
mem[0x0000000080005188] <- 0x0000000900000400

mem[X,0x000000008000050C] -> 0x0737
mem[X,0x000000008000050E] -> 0x0000
[328] [M]: 0x000000008000050C (0x00000737) lui a4, 0x0
x14 <- 0x0000000000000000

mem[X,0x0000000080000510] -> 0x0713
mem[X,0x0000000080000512] -> 0xFFA7
[329] [M]: 0x0000000080000510 (0xFFA70713) addi a4, a4, -0x6
x14 <- 0xFFFFFFFFFFFFFFFA

mem[X,0x0000000080000514] -> 0x1713
mem[X,0x0000000080000516] -> 0x00B7
[330] [M]: 0x0000000080000514 (0x00B71713) slli a4, a4, 0xb
x14 <- 0xFFFFFFFFFFFFD000

mem[X,0x0000000080000518] -> 0x0713
mem[X,0x000000008000051A] -> 0x0007
[331] [M]: 0x0000000080000518 (0x00070713) addi a4, a4, 0x0
x14 <- 0xFFFFFFFFFFFFD000

mem[X,0x000000008000051C] -> 0x1713
mem[X,0x000000008000051E] -> 0x00B7
[332] [M]: 0x000000008000051C (0x00B71713) slli a4, a4, 0xb
x14 <- 0xFFFFFFFFFE800000

mem[X,0x0000000080000520] -> 0x0713
mem[X,0x0000000080000522] -> 0x0027
[333] [M]: 0x0000000080000520 (0x00270713) addi a4, a4, 0x2
x14 <- 0xFFFFFFFFFE800002

mem[X,0x0000000080000524] -> 0x1713
mem[X,0x0000000080000526] -> 0x00A7
[334] [M]: 0x0000000080000524 (0x00A71713) slli a4, a4, 0xa
x14 <- 0xFFFFFFFA00000800

mem[X,0x0000000080000528] -> 0x0437
mem[X,0x000000008000052A] -> 0xFFF8
[335] [M]: 0x0000000080000528 (0xFFF80437) lui fp, -0x80
x8 <- 0xFFFFFFFFFFF80000

mem[X,0x000000008000052C] -> 0x0413
mem[X,0x000000008000052E] -> 0xFFF4
[336] [M]: 0x000000008000052C (0xFFF40413) addi fp, fp, -0x1
x8 <- 0xFFFFFFFFFFF7FFFF

mem[X,0x0000000080000530] -> 0x1413
mem[X,0x0000000080000532] -> 0x00B4
[337] [M]: 0x0000000080000530 (0x00B41413) slli fp, fp, 0xb
x8 <- 0xFFFFFFFFBFFFF800

mem[X,0x0000000080000534] -> 0x0413
mem[X,0x0000000080000536] -> 0x7FF4
[338] [M]: 0x0000000080000534 (0x7FF40413) addi fp, fp, 0x7ff
x8 <- 0xFFFFFFFFBFFFFFFF

mem[X,0x0000000080000538] -> 0x1413
mem[X,0x000000008000053A] -> 0x00B4
[339] [M]: 0x0000000080000538 (0x00B41413) slli fp, fp, 0xb
x8 <- 0xFFFFFDFFFFFFF800

mem[X,0x000000008000053C] -> 0x0413
mem[X,0x000000008000053E] -> 0x7FF4
[340] [M]: 0x000000008000053C (0x7FF40413) addi fp, fp, 0x7ff
x8 <- 0xFFFFFDFFFFFFFFFF

mem[X,0x0000000080000540] -> 0x1413
mem[X,0x0000000080000542] -> 0x00A4
[341] [M]: 0x0000000080000540 (0x00A41413) slli fp, fp, 0xa
x8 <- 0xFFF7FFFFFFFFFC00

mem[X,0x0000000080000544] -> 0x0413
mem[X,0x0000000080000546] -> 0x3DF4
[342] [M]: 0x0000000080000544 (0x3DF40413) addi fp, fp, 0x3df
x8 <- 0xFFF7FFFFFFFFFFDF

mem[X,0x0000000080000548] -> 0x2B9B
mem[X,0x000000008000054A] -> 0xFE87
[343] [M]: 0x0000000080000548 (0xFE872B9B) shar s7, a4, fp
x23 <- 0x0000040000000000

mem[X,0x000000008000054C] -> 0x3C23
mem[X,0x000000008000054E] -> 0x0772
[344] [M]: 0x000000008000054C (0x07723C23) sd s7, 0x78(tp)
mem[0x0000000080005190] <- 0x0000040000000000

mem[X,0x0000000080000550] -> 0xC137
mem[X,0x0000000080000552] -> 0xFFFF
[345] [M]: 0x0000000080000550 (0xFFFFC137) lui sp, -0x4
x2 <- 0xFFFFFFFFFFFFC000

mem[X,0x0000000080000554] -> 0x0113
mem[X,0x0000000080000556] -> 0xFFF1
[346] [M]: 0x0000000080000554 (0xFFF10113) addi sp, sp, -0x1
x2 <- 0xFFFFFFFFFFFFBFFF

mem[X,0x0000000080000558] -> 0x1113
mem[X,0x000000008000055A] -> 0x00B1
[347] [M]: 0x0000000080000558 (0x00B11113) slli sp, sp, 0xb
x2 <- 0xFFFFFFFFFDFFF800

mem[X,0x000000008000055C] -> 0x0113
mem[X,0x000000008000055E] -> 0x0001
[348] [M]: 0x000000008000055C (0x00010113) addi sp, sp, 0x0
x2 <- 0xFFFFFFFFFDFFF800

mem[X,0x0000000080000560] -> 0x1113
mem[X,0x0000000080000562] -> 0x00B1
[349] [M]: 0x0000000080000560 (0x00B11113) slli sp, sp, 0xb
x2 <- 0xFFFFFFEFFFC00000

mem[X,0x0000000080000564] -> 0x0113
mem[X,0x0000000080000566] -> 0x0041
[350] [M]: 0x0000000080000564 (0x00410113) addi sp, sp, 0x4
x2 <- 0xFFFFFFEFFFC00004

mem[X,0x0000000080000568] -> 0x1113
mem[X,0x000000008000056A] -> 0x00A1
[351] [M]: 0x0000000080000568 (0x00A11113) slli sp, sp, 0xa
x2 <- 0xFFFFBFFF00001000

mem[X,0x000000008000056C] -> 0x0F37
mem[X,0x000000008000056E] -> 0xFE00
[352] [M]: 0x000000008000056C (0xFE000F37) lui t5, -0x2000
x30 <- 0xFFFFFFFFFE000000

mem[X,0x0000000080000570] -> 0x0F13
mem[X,0x0000000080000572] -> 0xFFFF
[353] [M]: 0x0000000080000570 (0xFFFF0F13) addi t5, t5, -0x1
x30 <- 0xFFFFFFFFFDFFFFFF

mem[X,0x0000000080000574] -> 0x1F13
mem[X,0x0000000080000576] -> 0x00BF
[354] [M]: 0x0000000080000574 (0x00BF1F13) slli t5, t5, 0xb
x30 <- 0xFFFFFFEFFFFFF800

mem[X,0x0000000080000578] -> 0x0F13
mem[X,0x000000008000057A] -> 0x7FFF
[355] [M]: 0x0000000080000578 (0x7FFF0F13) addi t5, t5, 0x7ff
x30 <- 0xFFFFFFEFFFFFFFFF

mem[X,0x000000008000057C] -> 0x1F13
mem[X,0x000000008000057E] -> 0x00BF
[356] [M]: 0x000000008000057C (0x00BF1F13) slli t5, t5, 0xb
x30 <- 0xFFFF7FFFFFFFF800

mem[X,0x0000000080000580] -> 0x0F13
mem[X,0x0000000080000582] -> 0x7FFF
[357] [M]: 0x0000000080000580 (0x7FFF0F13) addi t5, t5, 0x7ff
x30 <- 0xFFFF7FFFFFFFFFFF

mem[X,0x0000000080000584] -> 0x1F13
mem[X,0x0000000080000586] -> 0x00AF
[358] [M]: 0x0000000080000584 (0x00AF1F13) slli t5, t5, 0xa
x30 <- 0xFDFFFFFFFFFFFC00

mem[X,0x0000000080000588] -> 0x0F13
mem[X,0x000000008000058A] -> 0x3FEF
[359] [M]: 0x0000000080000588 (0x3FEF0F13) addi t5, t5, 0x3fe
x30 <- 0xFDFFFFFFFFFFFFFE

mem[X,0x000000008000058C] -> 0x269B
mem[X,0x000000008000058E] -> 0xFFE1
[360] [M]: 0x000000008000058C (0xFFE1269B) shar a3, sp, t5
x13 <- 0xFFFFEFFFC0000400

mem[X,0x0000000080000590] -> 0x3023
mem[X,0x0000000080000592] -> 0x08D2
[361] [M]: 0x0000000080000590 (0x08D23023) sd a3, 0x80(tp)
mem[0x0000000080005198] <- 0xFFFFEFFFC0000400

mem[X,0x0000000080000594] -> 0x0013
mem[X,0x0000000080000596] -> 0x0000
[362] [M]: 0x0000000080000594 (0x00000013) addi zero, zero, 0x0

mem[X,0x0000000080000598] -> 0x0013
mem[X,0x000000008000059A] -> 0x0000
[363] [M]: 0x0000000080000598 (0x00000013) addi zero, zero, 0x0

mem[X,0x000000008000059C] -> 0x0013
mem[X,0x000000008000059E] -> 0x0000
[364] [M]: 0x000000008000059C (0x00000013) addi zero, zero, 0x0

mem[X,0x00000000800005A0] -> 0x5597
mem[X,0x00000000800005A2] -> 0x0000
[365] [M]: 0x00000000800005A0 (0x00005597) auipc a1, 0x5
x11 <- 0x00000000800055A0

mem[X,0x00000000800005A4] -> 0x8593
mem[X,0x00000000800005A6] -> 0xC005
[366] [M]: 0x00000000800005A4 (0xC0058593) addi a1, a1, -0x400
x11 <- 0x00000000800051A0

mem[X,0x00000000800005A8] -> 0x0013
mem[X,0x00000000800005AA] -> 0x0000
[367] [M]: 0x00000000800005A8 (0x00000013) addi zero, zero, 0x0

mem[X,0x00000000800005AC] -> 0x0013
mem[X,0x00000000800005AE] -> 0x0000
[368] [M]: 0x00000000800005AC (0x00000013) addi zero, zero, 0x0

mem[X,0x00000000800005B0] -> 0x0013
mem[X,0x00000000800005B2] -> 0x0000
[369] [M]: 0x00000000800005B0 (0x00000013) addi zero, zero, 0x0

mem[X,0x00000000800005B4] -> 0x0013
mem[X,0x00000000800005B6] -> 0x0000
[370] [M]: 0x00000000800005B4 (0x00000013) addi zero, zero, 0x0

mem[X,0x00000000800005B8] -> 0x0013
mem[X,0x00000000800005BA] -> 0x0000
[371] [M]: 0x00000000800005B8 (0x00000013) addi zero, zero, 0x0

mem[X,0x00000000800005BC] -> 0x0013
mem[X,0x00000000800005BE] -> 0x0000
[372] [M]: 0x00000000800005BC (0x00000013) addi zero, zero, 0x0

mem[X,0x00000000800005C0] -> 0x0237
mem[X,0x00000000800005C2] -> 0x0038
[373] [M]: 0x00000000800005C0 (0x00380237) lui tp, 0x380
x4 <- 0x0000000000380000

mem[X,0x00000000800005C4] -> 0x0213
mem[X,0x00000000800005C6] -> 0x0012
[374] [M]: 0x00000000800005C4 (0x00120213) addi tp, tp, 0x1
x4 <- 0x0000000000380001

mem[X,0x00000000800005C8] -> 0x1213
mem[X,0x00000000800005CA] -> 0x00D2
[375] [M]: 0x00000000800005C8 (0x00D21213) slli tp, tp, 0xd
x4 <- 0x0000000700002000

mem[X,0x00000000800005CC] -> 0x0DB7
mem[X,0x00000000800005CE] -> 0x0008
[376] [M]: 0x00000000800005CC (0x00080DB7) lui s11, 0x80
x27 <- 0x0000000000080000

mem[X,0x00000000800005D0] -> 0x8D93
mem[X,0x00000000800005D2] -> 0x000D
[377] [M]: 0x00000000800005D0 (0x000D8D93) addi s11, s11, 0x0
x27 <- 0x0000000000080000

mem[X,0x00000000800005D4] -> 0x9D93
mem[X,0x00000000800005D6] -> 0x00BD
[378] [M]: 0x00000000800005D4 (0x00BD9D93) slli s11, s11, 0xb
x27 <- 0x0000000040000000

mem[X,0x00000000800005D8] -> 0x8D93
mem[X,0x00000000800005DA] -> 0x7FFD
[379] [M]: 0x00000000800005D8 (0x7FFD8D93) addi s11, s11, 0x7ff
x27 <- 0x00000000400007FF

mem[X,0x00000000800005DC] -> 0x9D93
mem[X,0x00000000800005DE] -> 0x00BD
[380] [M]: 0x00000000800005DC (0x00BD9D93) slli s11, s11, 0xb
x27 <- 0x00000200003FF800

mem[X,0x00000000800005E0] -> 0x8D93
mem[X,0x00000000800005E2] -> 0x7FFD
[381] [M]: 0x00000000800005E0 (0x7FFD8D93) addi s11, s11, 0x7ff
x27 <- 0x00000200003FFFFF

mem[X,0x00000000800005E4] -> 0x9D93
mem[X,0x00000000800005E6] -> 0x00AD
[382] [M]: 0x00000000800005E4 (0x00AD9D93) slli s11, s11, 0xa
x27 <- 0x00080000FFFFFC00

mem[X,0x00000000800005E8] -> 0x8D93
mem[X,0x00000000800005EA] -> 0x3BFD
[383] [M]: 0x00000000800005E8 (0x3BFD8D93) addi s11, s11, 0x3bf
x27 <- 0x00080000FFFFFFBF

mem[X,0x00000000800005EC] -> 0x241B
mem[X,0x00000000800005EE] -> 0xFFB2
[384] [M]: 0x00000000800005EC (0xFFB2241B) shar fp, tp, s11
x8 <- 0x0000000380001000

mem[X,0x00000000800005F0] -> 0xB023
mem[X,0x00000000800005F2] -> 0x0085
[385] [M]: 0x00000000800005F0 (0x0085B023) sd fp, 0x0(a1)
mem[0x00000000800051A0] <- 0x0000000380001000

mem[X,0x00000000800005F4] -> 0x03B7
mem[X,0x00000000800005F6] -> 0x0002
[386] [M]: 0x00000000800005F4 (0x000203B7) lui t2, 0x20
x7 <- 0x0000000000020000

mem[X,0x00000000800005F8] -> 0x8393
mem[X,0x00000000800005FA] -> 0x0003
[387] [M]: 0x00000000800005F8 (0x00038393) addi t2, t2, 0x0
x7 <- 0x0000000000020000

mem[X,0x00000000800005FC] -> 0x9393
mem[X,0x00000000800005FE] -> 0x00B3
[388] [M]: 0x00000000800005FC (0x00B39393) slli t2, t2, 0xb
x7 <- 0x0000000010000000

mem[X,0x0000000080000600] -> 0x8393
mem[X,0x0000000080000602] -> 0x0003
[389] [M]: 0x0000000080000600 (0x00038393) addi t2, t2, 0x0
x7 <- 0x0000000010000000

mem[X,0x0000000080000604] -> 0x9393
mem[X,0x0000000080000606] -> 0x00B3
[390] [M]: 0x0000000080000604 (0x00B39393) slli t2, t2, 0xb
x7 <- 0x0000008000000000

mem[X,0x0000000080000608] -> 0x8393
mem[X,0x000000008000060A] -> 0x0103
[391] [M]: 0x0000000080000608 (0x01038393) addi t2, t2, 0x10
x7 <- 0x0000008000000010

mem[X,0x000000008000060C] -> 0x9393
mem[X,0x000000008000060E] -> 0x00A3
[392] [M]: 0x000000008000060C (0x00A39393) slli t2, t2, 0xa
x7 <- 0x0002000000004000

mem[X,0x0000000080000610] -> 0x08B7
mem[X,0x0000000080000612] -> 0x0000
[393] [M]: 0x0000000080000610 (0x000008B7) lui a7, 0x0
x17 <- 0x0000000000000000

mem[X,0x0000000080000614] -> 0x8893
mem[X,0x0000000080000616] -> 0x1008
[394] [M]: 0x0000000080000614 (0x10088893) addi a7, a7, 0x100
x17 <- 0x0000000000000100

mem[X,0x0000000080000618] -> 0x9893
mem[X,0x000000008000061A] -> 0x00B8
[395] [M]: 0x0000000080000618 (0x00B89893) slli a7, a7, 0xb
x17 <- 0x0000000000080000

mem[X,0x000000008000061C] -> 0x8893
mem[X,0x000000008000061E] -> 0x0008
[396] [M]: 0x000000008000061C (0x00088893) addi a7, a7, 0x0
x17 <- 0x0000000000080000

mem[X,0x0000000080000620] -> 0x9893
mem[X,0x0000000080000622] -> 0x00B8
[397] [M]: 0x0000000080000620 (0x00B89893) slli a7, a7, 0xb
x17 <- 0x0000000040000000

mem[X,0x0000000080000624] -> 0x8893
mem[X,0x0000000080000626] -> 0x0008
[398] [M]: 0x0000000080000624 (0x00088893) addi a7, a7, 0x0
x17 <- 0x0000000040000000

mem[X,0x0000000080000628] -> 0x9893
mem[X,0x000000008000062A] -> 0x00A8
[399] [M]: 0x0000000080000628 (0x00A89893) slli a7, a7, 0xa
x17 <- 0x0000010000000000

clint::tick mtime <- 0x0000000000000004
 clint timer pending at mtime 0x0000000000000004
htif::tick 0x0000000000000000
mem[X,0x000000008000062C] -> 0x8893
mem[X,0x000000008000062E] -> 0x0408
[400] [M]: 0x000000008000062C (0x04088893) addi a7, a7, 0x40
x17 <- 0x0000010000000040

mem[X,0x0000000080000630] -> 0xA09B
mem[X,0x0000000080000632] -> 0xFF13
[401] [M]: 0x0000000080000630 (0xFF13A09B) shar ra, t2, a7
x1 <- 0x0002000000004000

mem[X,0x0000000080000634] -> 0xB423
mem[X,0x0000000080000636] -> 0x0015
[402] [M]: 0x0000000080000634 (0x0015B423) sd ra, 0x8(a1)
mem[0x00000000800051A8] <- 0x0002000000004000

mem[X,0x0000000080000638] -> 0x0493
mem[X,0x000000008000063A] -> 0x0010
[403] [M]: 0x0000000080000638 (0x00100493) addi s1, zero, 0x1
x9 <- 0x0000000000000001

mem[X,0x000000008000063C] -> 0x9493
mem[X,0x000000008000063E] -> 0x00F4
[404] [M]: 0x000000008000063C (0x00F49493) slli s1, s1, 0xf
x9 <- 0x0000000000008000

mem[X,0x0000000080000640] -> 0x0237
mem[X,0x0000000080000642] -> 0xF800
[405] [M]: 0x0000000080000640 (0xF8000237) lui tp, -0x8000
x4 <- 0xFFFFFFFFF8000000

mem[X,0x0000000080000644] -> 0x0213
mem[X,0x0000000080000646] -> 0xFFF2
[406] [M]: 0x0000000080000644 (0xFFF20213) addi tp, tp, -0x1
x4 <- 0xFFFFFFFFF7FFFFFF

mem[X,0x0000000080000648] -> 0x1213
mem[X,0x000000008000064A] -> 0x00B2
[407] [M]: 0x0000000080000648 (0x00B21213) slli tp, tp, 0xb
x4 <- 0xFFFFFFBFFFFFF800

mem[X,0x000000008000064C] -> 0x0213
mem[X,0x000000008000064E] -> 0x7FF2
[408] [M]: 0x000000008000064C (0x7FF20213) addi tp, tp, 0x7ff
x4 <- 0xFFFFFFBFFFFFFFFF

mem[X,0x0000000080000650] -> 0x1213
mem[X,0x0000000080000652] -> 0x00B2
[409] [M]: 0x0000000080000650 (0x00B21213) slli tp, tp, 0xb
x4 <- 0xFFFDFFFFFFFFF800

mem[X,0x0000000080000654] -> 0x0213
mem[X,0x0000000080000656] -> 0x7BF2
[410] [M]: 0x0000000080000654 (0x7BF20213) addi tp, tp, 0x7bf
x4 <- 0xFFFDFFFFFFFFFFBF

mem[X,0x0000000080000658] -> 0x1213
mem[X,0x000000008000065A] -> 0x00A2
[411] [M]: 0x0000000080000658 (0x00A21213) slli tp, tp, 0xa
x4 <- 0xF7FFFFFFFFFEFC00

mem[X,0x000000008000065C] -> 0x0213
mem[X,0x000000008000065E] -> 0x3FF2
[412] [M]: 0x000000008000065C (0x3FF20213) addi tp, tp, 0x3ff
x4 <- 0xF7FFFFFFFFFEFFFF

mem[X,0x0000000080000660] -> 0xA71B
mem[X,0x0000000080000662] -> 0xFE44
[413] [M]: 0x0000000080000660 (0xFE44A71B) shar a4, s1, tp
x14 <- 0x0000000000004000

mem[X,0x0000000080000664] -> 0xB823
mem[X,0x0000000080000666] -> 0x00E5
[414] [M]: 0x0000000080000664 (0x00E5B823) sd a4, 0x10(a1)
mem[0x00000000800051B0] <- 0x0000000000004000

mem[X,0x0000000080000668] -> 0x06B7
mem[X,0x000000008000066A] -> 0x0100
[415] [M]: 0x0000000080000668 (0x010006B7) lui a3, 0x1000
x13 <- 0x0000000001000000

mem[X,0x000000008000066C] -> 0x8693
mem[X,0x000000008000066E] -> 0x0006
[416] [M]: 0x000000008000066C (0x00068693) addi a3, a3, 0x0
x13 <- 0x0000000001000000

mem[X,0x0000000080000670] -> 0x9693
mem[X,0x0000000080000672] -> 0x00B6
[417] [M]: 0x0000000080000670 (0x00B69693) slli a3, a3, 0xb
x13 <- 0x0000000800000000

mem[X,0x0000000080000674] -> 0x8693
mem[X,0x0000000080000676] -> 0x0006
[418] [M]: 0x0000000080000674 (0x00068693) addi a3, a3, 0x0
x13 <- 0x0000000800000000

mem[X,0x0000000080000678] -> 0x9693
mem[X,0x000000008000067A] -> 0x00B6
[419] [M]: 0x0000000080000678 (0x00B69693) slli a3, a3, 0xb
x13 <- 0x0000400000000000

mem[X,0x000000008000067C] -> 0x8693
mem[X,0x000000008000067E] -> 0x0406
[420] [M]: 0x000000008000067C (0x04068693) addi a3, a3, 0x40
x13 <- 0x0000400000000040

mem[X,0x0000000080000680] -> 0x9693
mem[X,0x0000000080000682] -> 0x00A6
[421] [M]: 0x0000000080000680 (0x00A69693) slli a3, a3, 0xa
x13 <- 0x0100000000010000

mem[X,0x0000000080000684] -> 0x0C37
mem[X,0x0000000080000686] -> 0x0000
[422] [M]: 0x0000000080000684 (0x00000C37) lui s8, 0x0
x24 <- 0x0000000000000000

mem[X,0x0000000080000688] -> 0x0C13
mem[X,0x000000008000068A] -> 0x020C
[423] [M]: 0x0000000080000688 (0x020C0C13) addi s8, s8, 0x20
x24 <- 0x0000000000000020

mem[X,0x000000008000068C] -> 0x1C13
mem[X,0x000000008000068E] -> 0x00BC
[424] [M]: 0x000000008000068C (0x00BC1C13) slli s8, s8, 0xb
x24 <- 0x0000000000010000

mem[X,0x0000000080000690] -> 0x0C13
mem[X,0x0000000080000692] -> 0x7FFC
[425] [M]: 0x0000000080000690 (0x7FFC0C13) addi s8, s8, 0x7ff
x24 <- 0x00000000000107FF

mem[X,0x0000000080000694] -> 0x1C13
mem[X,0x0000000080000696] -> 0x00BC
[426] [M]: 0x0000000080000694 (0x00BC1C13) slli s8, s8, 0xb
x24 <- 0x00000000083FF800

mem[X,0x0000000080000698] -> 0x0C13
mem[X,0x000000008000069A] -> 0x3FFC
[427] [M]: 0x0000000080000698 (0x3FFC0C13) addi s8, s8, 0x3ff
x24 <- 0x00000000083FFBFF

mem[X,0x000000008000069C] -> 0x1C13
mem[X,0x000000008000069E] -> 0x00AC
[428] [M]: 0x000000008000069C (0x00AC1C13) slli s8, s8, 0xa
x24 <- 0x00000020FFEFFC00

mem[X,0x00000000800006A0] -> 0x0C13
mem[X,0x00000000800006A2] -> 0x3FFC
[429] [M]: 0x00000000800006A0 (0x3FFC0C13) addi s8, s8, 0x3ff
x24 <- 0x00000020FFEFFFFF

mem[X,0x00000000800006A4] -> 0xA51B
mem[X,0x00000000800006A6] -> 0xFF86
[430] [M]: 0x00000000800006A4 (0xFF86A51B) shar a0, a3, s8
x10 <- 0x0080000000008000

mem[X,0x00000000800006A8] -> 0xBC23
mem[X,0x00000000800006AA] -> 0x00A5
[431] [M]: 0x00000000800006A8 (0x00A5BC23) sd a0, 0x18(a1)
mem[0x00000000800051B8] <- 0x0080000000008000

mem[X,0x00000000800006AC] -> 0xC0B7
mem[X,0x00000000800006AE] -> 0xFFFF
[432] [M]: 0x00000000800006AC (0xFFFFC0B7) lui ra, -0x4
x1 <- 0xFFFFFFFFFFFFC000

mem[X,0x00000000800006B0] -> 0x8093
mem[X,0x00000000800006B2] -> 0xFFF0
[433] [M]: 0x00000000800006B0 (0xFFF08093) addi ra, ra, -0x1
x1 <- 0xFFFFFFFFFFFFBFFF

mem[X,0x00000000800006B4] -> 0x9093
mem[X,0x00000000800006B6] -> 0x00B0
[434] [M]: 0x00000000800006B4 (0x00B09093) slli ra, ra, 0xb
x1 <- 0xFFFFFFFFFDFFF800

mem[X,0x00000000800006B8] -> 0x8093
mem[X,0x00000000800006BA] -> 0x0000
[435] [M]: 0x00000000800006B8 (0x00008093) addi ra, ra, 0x0
x1 <- 0xFFFFFFFFFDFFF800

mem[X,0x00000000800006BC] -> 0x9093
mem[X,0x00000000800006BE] -> 0x00B0
[436] [M]: 0x00000000800006BC (0x00B09093) slli ra, ra, 0xb
x1 <- 0xFFFFFFEFFFC00000

mem[X,0x00000000800006C0] -> 0x8093
mem[X,0x00000000800006C2] -> 0x0800
[437] [M]: 0x00000000800006C0 (0x08008093) addi ra, ra, 0x80
x1 <- 0xFFFFFFEFFFC00080

mem[X,0x00000000800006C4] -> 0x9093
mem[X,0x00000000800006C6] -> 0x00A0
[438] [M]: 0x00000000800006C4 (0x00A09093) slli ra, ra, 0xa
x1 <- 0xFFFFBFFF00020000

mem[X,0x00000000800006C8] -> 0x0513
mem[X,0x00000000800006CA] -> 0x0010
[439] [M]: 0x00000000800006C8 (0x00100513) addi a0, zero, 0x1
x10 <- 0x0000000000000001

mem[X,0x00000000800006CC] -> 0x1513
mem[X,0x00000000800006CE] -> 0x0325
[440] [M]: 0x00000000800006CC (0x03251513) slli a0, a0, 0x32
x10 <- 0x0004000000000000

mem[X,0x00000000800006D0] -> 0x4513
mem[X,0x00000000800006D2] -> 0xFFF5
[441] [M]: 0x00000000800006D0 (0xFFF54513) xori a0, a0, -0x1
x10 <- 0xFFFBFFFFFFFFFFFF

mem[X,0x00000000800006D4] -> 0xA19B
mem[X,0x00000000800006D6] -> 0xFEA0
[442] [M]: 0x00000000800006D4 (0xFEA0A19B) shar gp, ra, a0
x3 <- 0xFFFFDFFF80010000

mem[X,0x00000000800006D8] -> 0xB023
mem[X,0x00000000800006DA] -> 0x0235
[443] [M]: 0x00000000800006D8 (0x0235B023) sd gp, 0x20(a1)
mem[0x00000000800051C0] <- 0xFFFFDFFF80010000

mem[X,0x00000000800006DC] -> 0x07B7
mem[X,0x00000000800006DE] -> 0x0000
[444] [M]: 0x00000000800006DC (0x000007B7) lui a5, 0x0
x15 <- 0x0000000000000000

mem[X,0x00000000800006E0] -> 0x8793
mem[X,0x00000000800006E2] -> 0xFF67
[445] [M]: 0x00000000800006E0 (0xFF678793) addi a5, a5, -0xa
x15 <- 0xFFFFFFFFFFFFFFF6

mem[X,0x00000000800006E4] -> 0x9793
mem[X,0x00000000800006E6] -> 0x00B7
[446] [M]: 0x00000000800006E4 (0x00B79793) slli a5, a5, 0xb
x15 <- 0xFFFFFFFFFFFFB000

mem[X,0x00000000800006E8] -> 0x8793
mem[X,0x00000000800006EA] -> 0x0007
[447] [M]: 0x00000000800006E8 (0x00078793) addi a5, a5, 0x0
x15 <- 0xFFFFFFFFFFFFB000

mem[X,0x00000000800006EC] -> 0x9793
mem[X,0x00000000800006EE] -> 0x00B7
[448] [M]: 0x00000000800006EC (0x00B79793) slli a5, a5, 0xb
x15 <- 0xFFFFFFFFFD800000

mem[X,0x00000000800006F0] -> 0x8793
mem[X,0x00000000800006F2] -> 0x1007
[449] [M]: 0x00000000800006F0 (0x10078793) addi a5, a5, 0x100
x15 <- 0xFFFFFFFFFD800100

mem[X,0x00000000800006F4] -> 0x9793
mem[X,0x00000000800006F6] -> 0x00A7
[450] [M]: 0x00000000800006F4 (0x00A79793) slli a5, a5, 0xa
x15 <- 0xFFFFFFF600040000

mem[X,0x00000000800006F8] -> 0x2AB7
mem[X,0x00000000800006FA] -> 0x0000
[451] [M]: 0x00000000800006F8 (0x00002AB7) lui s5, 0x2
x21 <- 0x0000000000002000

mem[X,0x00000000800006FC] -> 0x8A93
mem[X,0x00000000800006FE] -> 0x000A
[452] [M]: 0x00000000800006FC (0x000A8A93) addi s5, s5, 0x0
x21 <- 0x0000000000002000

mem[X,0x0000000080000700] -> 0x9A93
mem[X,0x0000000080000702] -> 0x00BA
[453] [M]: 0x0000000080000700 (0x00BA9A93) slli s5, s5, 0xb
x21 <- 0x0000000001000000

mem[X,0x0000000080000704] -> 0x8A93
mem[X,0x0000000080000706] -> 0x7FFA
[454] [M]: 0x0000000080000704 (0x7FFA8A93) addi s5, s5, 0x7ff
x21 <- 0x00000000010007FF

mem[X,0x0000000080000708] -> 0x9A93
mem[X,0x000000008000070A] -> 0x00BA
[455] [M]: 0x0000000080000708 (0x00BA9A93) slli s5, s5, 0xb
x21 <- 0x00000008003FF800

mem[X,0x000000008000070C] -> 0x8A93
mem[X,0x000000008000070E] -> 0x7FFA
[456] [M]: 0x000000008000070C (0x7FFA8A93) addi s5, s5, 0x7ff
x21 <- 0x00000008003FFFFF

mem[X,0x0000000080000710] -> 0x9A93
mem[X,0x0000000080000712] -> 0x00AA
[457] [M]: 0x0000000080000710 (0x00AA9A93) slli s5, s5, 0xa
x21 <- 0x00002000FFFFFC00

mem[X,0x0000000080000714] -> 0x8A93
mem[X,0x0000000080000716] -> 0x3FDA
[458] [M]: 0x0000000080000714 (0x3FDA8A93) addi s5, s5, 0x3fd
x21 <- 0x00002000FFFFFFFD

mem[X,0x0000000080000718] -> 0xAE9B
mem[X,0x000000008000071A] -> 0xFF57
[459] [M]: 0x0000000080000718 (0xFF57AE9B) shar t4, a5, s5
x29 <- 0xFFFFFFFEC0008000

mem[X,0x000000008000071C] -> 0xB423
mem[X,0x000000008000071E] -> 0x03D5
[460] [M]: 0x000000008000071C (0x03D5B423) sd t4, 0x28(a1)
mem[0x00000000800051C8] <- 0xFFFFFFFEC0008000

mem[X,0x0000000080000720] -> 0xE437
mem[X,0x0000000080000722] -> 0xFFFF
[461] [M]: 0x0000000080000720 (0xFFFFE437) lui fp, -0x2
x8 <- 0xFFFFFFFFFFFFE000

mem[X,0x0000000080000724] -> 0x0413
mem[X,0x0000000080000726] -> 0xFFF4
[462] [M]: 0x0000000080000724 (0xFFF40413) addi fp, fp, -0x1
x8 <- 0xFFFFFFFFFFFFDFFF

mem[X,0x0000000080000728] -> 0x1413
mem[X,0x000000008000072A] -> 0x00B4
[463] [M]: 0x0000000080000728 (0x00B41413) slli fp, fp, 0xb
x8 <- 0xFFFFFFFFFEFFF800

mem[X,0x000000008000072C] -> 0x0413
mem[X,0x000000008000072E] -> 0x0004
[464] [M]: 0x000000008000072C (0x00040413) addi fp, fp, 0x0
x8 <- 0xFFFFFFFFFEFFF800

mem[X,0x0000000080000730] -> 0x1413
mem[X,0x0000000080000732] -> 0x00B4
[465] [M]: 0x0000000080000730 (0x00B41413) slli fp, fp, 0xb
x8 <- 0xFFFFFFF7FFC00000

mem[X,0x0000000080000734] -> 0x0413
mem[X,0x0000000080000736] -> 0x2004
[466] [M]: 0x0000000080000734 (0x20040413) addi fp, fp, 0x200
x8 <- 0xFFFFFFF7FFC00200

mem[X,0x0000000080000738] -> 0x1413
mem[X,0x000000008000073A] -> 0x00A4
[467] [M]: 0x0000000080000738 (0x00A41413) slli fp, fp, 0xa
x8 <- 0xFFFFDFFF00080000

mem[X,0x000000008000073C] -> 0x8937
mem[X,0x000000008000073E] -> 0x0000
[468] [M]: 0x000000008000073C (0x00008937) lui s2, 0x8
x18 <- 0x0000000000008000

mem[X,0x0000000080000740] -> 0x0913
mem[X,0x0000000080000742] -> 0x0009
[469] [M]: 0x0000000080000740 (0x00090913) addi s2, s2, 0x0
x18 <- 0x0000000000008000

mem[X,0x0000000080000744] -> 0x1913
mem[X,0x0000000080000746] -> 0x00B9
[470] [M]: 0x0000000080000744 (0x00B91913) slli s2, s2, 0xb
x18 <- 0x0000000004000000

mem[X,0x0000000080000748] -> 0x0913
mem[X,0x000000008000074A] -> 0x7FF9
[471] [M]: 0x0000000080000748 (0x7FF90913) addi s2, s2, 0x7ff
x18 <- 0x00000000040007FF

mem[X,0x000000008000074C] -> 0x1913
mem[X,0x000000008000074E] -> 0x00B9
[472] [M]: 0x000000008000074C (0x00B91913) slli s2, s2, 0xb
x18 <- 0x00000020003FF800

mem[X,0x0000000080000750] -> 0x0913
mem[X,0x0000000080000752] -> 0x7FE9
[473] [M]: 0x0000000080000750 (0x7FE90913) addi s2, s2, 0x7fe
x18 <- 0x00000020003FFFFE

mem[X,0x0000000080000754] -> 0x1913
mem[X,0x0000000080000756] -> 0x00A9
[474] [M]: 0x0000000080000754 (0x00A91913) slli s2, s2, 0xa
x18 <- 0x00008000FFFFF800

mem[X,0x0000000080000758] -> 0x0913
mem[X,0x000000008000075A] -> 0x3FF9
[475] [M]: 0x0000000080000758 (0x3FF90913) addi s2, s2, 0x3ff
x18 <- 0x00008000FFFFFBFF

mem[X,0x000000008000075C] -> 0x211B
mem[X,0x000000008000075E] -> 0xFF24
[476] [M]: 0x000000008000075C (0xFF24211B) shar sp, fp, s2
x2 <- 0xFFFFEFFF80040000

mem[X,0x0000000080000760] -> 0xB823
mem[X,0x0000000080000762] -> 0x0225
[477] [M]: 0x0000000080000760 (0x0225B823) sd sp, 0x30(a1)
mem[0x00000000800051D0] <- 0xFFFFEFFF80040000

mem[X,0x0000000080000764] -> 0x0BB7
mem[X,0x0000000080000766] -> 0x0000
[478] [M]: 0x0000000080000764 (0x00000BB7) lui s7, 0x0
x23 <- 0x0000000000000000

mem[X,0x0000000080000768] -> 0x8B93
mem[X,0x000000008000076A] -> 0xFF9B
[479] [M]: 0x0000000080000768 (0xFF9B8B93) addi s7, s7, -0x7
x23 <- 0xFFFFFFFFFFFFFFF9

mem[X,0x000000008000076C] -> 0x9B93
mem[X,0x000000008000076E] -> 0x00BB
[480] [M]: 0x000000008000076C (0x00BB9B93) slli s7, s7, 0xb
x23 <- 0xFFFFFFFFFFFFC800

mem[X,0x0000000080000770] -> 0x8B93
mem[X,0x0000000080000772] -> 0x000B
[481] [M]: 0x0000000080000770 (0x000B8B93) addi s7, s7, 0x0
x23 <- 0xFFFFFFFFFFFFC800

mem[X,0x0000000080000774] -> 0x9B93
mem[X,0x0000000080000776] -> 0x00BB
[482] [M]: 0x0000000080000774 (0x00BB9B93) slli s7, s7, 0xb
x23 <- 0xFFFFFFFFFE400000

mem[X,0x0000000080000778] -> 0x8B93
mem[X,0x000000008000077A] -> 0x400B
[483] [M]: 0x0000000080000778 (0x400B8B93) addi s7, s7, 0x400
x23 <- 0xFFFFFFFFFE400400

mem[X,0x000000008000077C] -> 0x9B93
mem[X,0x000000008000077E] -> 0x00AB
[484] [M]: 0x000000008000077C (0x00AB9B93) slli s7, s7, 0xa
x23 <- 0xFFFFFFF900100000

mem[X,0x0000000080000780] -> 0x06B7
mem[X,0x0000000080000782] -> 0x0100
[485] [M]: 0x0000000080000780 (0x010006B7) lui a3, 0x1000
x13 <- 0x0000000001000000

mem[X,0x0000000080000784] -> 0x8693
mem[X,0x0000000080000786] -> 0x0006
[486] [M]: 0x0000000080000784 (0x00068693) addi a3, a3, 0x0
x13 <- 0x0000000001000000

mem[X,0x0000000080000788] -> 0x9693
mem[X,0x000000008000078A] -> 0x00B6
[487] [M]: 0x0000000080000788 (0x00B69693) slli a3, a3, 0xb
x13 <- 0x0000000800000000

mem[X,0x000000008000078C] -> 0x8693
mem[X,0x000000008000078E] -> 0x7FF6
[488] [M]: 0x000000008000078C (0x7FF68693) addi a3, a3, 0x7ff
x13 <- 0x00000008000007FF

mem[X,0x0000000080000790] -> 0x9693
mem[X,0x0000000080000792] -> 0x00B6
[489] [M]: 0x0000000080000790 (0x00B69693) slli a3, a3, 0xb
x13 <- 0x00004000003FF800

mem[X,0x0000000080000794] -> 0x8693
mem[X,0x0000000080000796] -> 0x7FF6
[490] [M]: 0x0000000080000794 (0x7FF68693) addi a3, a3, 0x7ff
x13 <- 0x00004000003FFFFF

mem[X,0x0000000080000798] -> 0x9693
mem[X,0x000000008000079A] -> 0x00A6
[491] [M]: 0x0000000080000798 (0x00A69693) slli a3, a3, 0xa
x13 <- 0x01000000FFFFFC00

mem[X,0x000000008000079C] -> 0x8693
mem[X,0x000000008000079E] -> 0x3FA6
[492] [M]: 0x000000008000079C (0x3FA68693) addi a3, a3, 0x3fa
x13 <- 0x01000000FFFFFFFA

mem[X,0x00000000800007A0] -> 0xA89B
mem[X,0x00000000800007A2] -> 0xFEDB
[493] [M]: 0x00000000800007A0 (0xFEDBA89B) shar a7, s7, a3
x17 <- 0xFFFFFFFFE4004000

mem[X,0x00000000800007A4] -> 0xBC23
mem[X,0x00000000800007A6] -> 0x0315
[494] [M]: 0x00000000800007A4 (0x0315BC23) sd a7, 0x38(a1)
mem[0x00000000800051D8] <- 0xFFFFFFFFE4004000

mem[X,0x00000000800007A8] -> 0x0DB7
mem[X,0x00000000800007AA] -> 0xFF00
[495] [M]: 0x00000000800007A8 (0xFF000DB7) lui s11, -0x1000
x27 <- 0xFFFFFFFFFF000000

mem[X,0x00000000800007AC] -> 0x8D93
mem[X,0x00000000800007AE] -> 0xFFFD
[496] [M]: 0x00000000800007AC (0xFFFD8D93) addi s11, s11, -0x1
x27 <- 0xFFFFFFFFFEFFFFFF

mem[X,0x00000000800007B0] -> 0x9D93
mem[X,0x00000000800007B2] -> 0x00BD
[497] [M]: 0x00000000800007B0 (0x00BD9D93) slli s11, s11, 0xb
x27 <- 0xFFFFFFF7FFFFF800

mem[X,0x00000000800007B4] -> 0x8D93
mem[X,0x00000000800007B6] -> 0x001D
[498] [M]: 0x00000000800007B4 (0x001D8D93) addi s11, s11, 0x1
x27 <- 0xFFFFFFF7FFFFF801

mem[X,0x00000000800007B8] -> 0x9D93
mem[X,0x00000000800007BA] -> 0x00BD
[499] [M]: 0x00000000800007B8 (0x00BD9D93) slli s11, s11, 0xb
x27 <- 0xFFFFBFFFFFC00800

clint::tick mtime <- 0x0000000000000005
 clint timer pending at mtime 0x0000000000000005
htif::tick 0x0000000000000000
mem[X,0x00000000800007BC] -> 0x8D93
mem[X,0x00000000800007BE] -> 0x000D
[500] [M]: 0x00000000800007BC (0x000D8D93) addi s11, s11, 0x0
x27 <- 0xFFFFBFFFFFC00800

mem[X,0x00000000800007C0] -> 0x9D93
mem[X,0x00000000800007C2] -> 0x00AD
[501] [M]: 0x00000000800007C0 (0x00AD9D93) slli s11, s11, 0xa
x27 <- 0xFEFFFFFF00200000

mem[X,0x00000000800007C4] -> 0x0137
mem[X,0x00000000800007C6] -> 0x0000
[502] [M]: 0x00000000800007C4 (0x00000137) lui sp, 0x0
x2 <- 0x0000000000000000

mem[X,0x00000000800007C8] -> 0x0113
mem[X,0x00000000800007CA] -> 0xDFF1
[503] [M]: 0x00000000800007C8 (0xDFF10113) addi sp, sp, -0x201
x2 <- 0xFFFFFFFFFFFFFDFF

mem[X,0x00000000800007CC] -> 0x1113
mem[X,0x00000000800007CE] -> 0x00B1
[504] [M]: 0x00000000800007CC (0x00B11113) slli sp, sp, 0xb
x2 <- 0xFFFFFFFFFFEFF800

mem[X,0x00000000800007D0] -> 0x0113
mem[X,0x00000000800007D2] -> 0x7FF1
[505] [M]: 0x00000000800007D0 (0x7FF10113) addi sp, sp, 0x7ff
x2 <- 0xFFFFFFFFFFEFFFFF

mem[X,0x00000000800007D4] -> 0x1113
mem[X,0x00000000800007D6] -> 0x00B1
[506] [M]: 0x00000000800007D4 (0x00B11113) slli sp, sp, 0xb
x2 <- 0xFFFFFFFF7FFFF800

mem[X,0x00000000800007D8] -> 0x0113
mem[X,0x00000000800007DA] -> 0x7FF1
[507] [M]: 0x00000000800007D8 (0x7FF10113) addi sp, sp, 0x7ff
x2 <- 0xFFFFFFFF7FFFFFFF

mem[X,0x00000000800007DC] -> 0x1113
mem[X,0x00000000800007DE] -> 0x00A1
[508] [M]: 0x00000000800007DC (0x00A11113) slli sp, sp, 0xa
x2 <- 0xFFFFFDFFFFFFFC00

mem[X,0x00000000800007E0] -> 0x0113
mem[X,0x00000000800007E2] -> 0x3FE1
[509] [M]: 0x00000000800007E0 (0x3FE10113) addi sp, sp, 0x3fe
x2 <- 0xFFFFFDFFFFFFFFFE

mem[X,0x00000000800007E4] -> 0xA31B
mem[X,0x00000000800007E6] -> 0xFE2D
[510] [M]: 0x00000000800007E4 (0xFE2DA31B) shar t1, s11, sp
x6 <- 0xFFBFFFFFC0080000

mem[X,0x00000000800007E8] -> 0xB023
mem[X,0x00000000800007EA] -> 0x0465
[511] [M]: 0x00000000800007E8 (0x0465B023) sd t1, 0x40(a1)
mem[0x00000000800051E0] <- 0xFFBFFFFFC0080000

mem[X,0x00000000800007EC] -> 0x0EB7
mem[X,0x00000000800007EE] -> 0x0020
[512] [M]: 0x00000000800007EC (0x00200EB7) lui t4, 0x200
x29 <- 0x0000000000200000

mem[X,0x00000000800007F0] -> 0x8E93
mem[X,0x00000000800007F2] -> 0x000E
[513] [M]: 0x00000000800007F0 (0x000E8E93) addi t4, t4, 0x0
x29 <- 0x0000000000200000

mem[X,0x00000000800007F4] -> 0x9E93
mem[X,0x00000000800007F6] -> 0x00BE
[514] [M]: 0x00000000800007F4 (0x00BE9E93) slli t4, t4, 0xb
x29 <- 0x0000000100000000

mem[X,0x00000000800007F8] -> 0x8E93
mem[X,0x00000000800007FA] -> 0x002E
[515] [M]: 0x00000000800007F8 (0x002E8E93) addi t4, t4, 0x2
x29 <- 0x0000000100000002

mem[X,0x00000000800007FC] -> 0x9E93
mem[X,0x00000000800007FE] -> 0x00BE
[516] [M]: 0x00000000800007FC (0x00BE9E93) slli t4, t4, 0xb
x29 <- 0x0000080000001000

mem[X,0x0000000080000800] -> 0x8E93
mem[X,0x0000000080000802] -> 0x000E
[517] [M]: 0x0000000080000800 (0x000E8E93) addi t4, t4, 0x0
x29 <- 0x0000080000001000

mem[X,0x0000000080000804] -> 0x9E93
mem[X,0x0000000080000806] -> 0x00AE
[518] [M]: 0x0000000080000804 (0x00AE9E93) slli t4, t4, 0xa
x29 <- 0x0020000000400000

mem[X,0x0000000080000808] -> 0x03B7
mem[X,0x000000008000080A] -> 0x0020
[519] [M]: 0x0000000080000808 (0x002003B7) lui t2, 0x200
x7 <- 0x0000000000200000

mem[X,0x000000008000080C] -> 0x8393
mem[X,0x000000008000080E] -> 0x0003
[520] [M]: 0x000000008000080C (0x00038393) addi t2, t2, 0x0
x7 <- 0x0000000000200000

mem[X,0x0000000080000810] -> 0x9393
mem[X,0x0000000080000812] -> 0x00B3
[521] [M]: 0x0000000080000810 (0x00B39393) slli t2, t2, 0xb
x7 <- 0x0000000100000000

mem[X,0x0000000080000814] -> 0x8393
mem[X,0x0000000080000816] -> 0x7FF3
[522] [M]: 0x0000000080000814 (0x7FF38393) addi t2, t2, 0x7ff
x7 <- 0x00000001000007FF

mem[X,0x0000000080000818] -> 0x9393
mem[X,0x000000008000081A] -> 0x00B3
[523] [M]: 0x0000000080000818 (0x00B39393) slli t2, t2, 0xb
x7 <- 0x00000800003FF800

mem[X,0x000000008000081C] -> 0x8393
mem[X,0x000000008000081E] -> 0x7BF3
[524] [M]: 0x000000008000081C (0x7BF38393) addi t2, t2, 0x7bf
x7 <- 0x00000800003FFFBF

mem[X,0x0000000080000820] -> 0x9393
mem[X,0x0000000080000822] -> 0x00A3
[525] [M]: 0x0000000080000820 (0x00A39393) slli t2, t2, 0xa
x7 <- 0x00200000FFFEFC00

mem[X,0x0000000080000824] -> 0x8393
mem[X,0x0000000080000826] -> 0x3FF3
[526] [M]: 0x0000000080000824 (0x3FF38393) addi t2, t2, 0x3ff
x7 <- 0x00200000FFFEFFFF

mem[X,0x0000000080000828] -> 0xAF1B
mem[X,0x000000008000082A] -> 0xFE7E
[527] [M]: 0x0000000080000828 (0xFE7EAF1B) shar t5, t4, t2
x30 <- 0x0010000000200000

mem[X,0x000000008000082C] -> 0xB423
mem[X,0x000000008000082E] -> 0x05E5
[528] [M]: 0x000000008000082C (0x05E5B423) sd t5, 0x48(a1)
mem[0x00000000800051E8] <- 0x0010000000200000

mem[X,0x0000000080000830] -> 0x5CB7
mem[X,0x0000000080000832] -> 0x5555
[529] [M]: 0x0000000080000830 (0x55555CB7) lui s9, 0x55555
x25 <- 0x0000000055555000

mem[X,0x0000000080000834] -> 0x8C93
mem[X,0x0000000080000836] -> 0x555C
[530] [M]: 0x0000000080000834 (0x555C8C93) addi s9, s9, 0x555
x25 <- 0x0000000055555555

mem[X,0x0000000080000838] -> 0x9C93
mem[X,0x000000008000083A] -> 0x00BC
[531] [M]: 0x0000000080000838 (0x00BC9C93) slli s9, s9, 0xb
x25 <- 0x000002AAAAAAA800

mem[X,0x000000008000083C] -> 0x8C93
mem[X,0x000000008000083E] -> 0x004C
[532] [M]: 0x000000008000083C (0x004C8C93) addi s9, s9, 0x4
x25 <- 0x000002AAAAAAA804

mem[X,0x0000000080000840] -> 0x9C93
mem[X,0x0000000080000842] -> 0x00BC
[533] [M]: 0x0000000080000840 (0x00BC9C93) slli s9, s9, 0xb
x25 <- 0x0015555555402000

mem[X,0x0000000080000844] -> 0x8C93
mem[X,0x0000000080000846] -> 0x000C
[534] [M]: 0x0000000080000844 (0x000C8C93) addi s9, s9, 0x0
x25 <- 0x0015555555402000

mem[X,0x0000000080000848] -> 0x9C93
mem[X,0x000000008000084A] -> 0x00AC
[535] [M]: 0x0000000080000848 (0x00AC9C93) slli s9, s9, 0xa
x25 <- 0x5555555500800000

mem[X,0x000000008000084C] -> 0x09B7
mem[X,0x000000008000084E] -> 0x0010
[536] [M]: 0x000000008000084C (0x001009B7) lui s3, 0x100
x19 <- 0x0000000000100000

mem[X,0x0000000080000850] -> 0x8993
mem[X,0x0000000080000852] -> 0x0009
[537] [M]: 0x0000000080000850 (0x00098993) addi s3, s3, 0x0
x19 <- 0x0000000000100000

mem[X,0x0000000080000854] -> 0x9993
mem[X,0x0000000080000856] -> 0x00B9
[538] [M]: 0x0000000080000854 (0x00B99993) slli s3, s3, 0xb
x19 <- 0x0000000080000000

mem[X,0x0000000080000858] -> 0x8993
mem[X,0x000000008000085A] -> 0x0009
[539] [M]: 0x0000000080000858 (0x00098993) addi s3, s3, 0x0
x19 <- 0x0000000080000000

mem[X,0x000000008000085C] -> 0x9993
mem[X,0x000000008000085E] -> 0x00B9
[540] [M]: 0x000000008000085C (0x00B99993) slli s3, s3, 0xb
x19 <- 0x0000040000000000

mem[X,0x0000000080000860] -> 0x8993
mem[X,0x0000000080000862] -> 0x0009
[541] [M]: 0x0000000080000860 (0x00098993) addi s3, s3, 0x0
x19 <- 0x0000040000000000

mem[X,0x0000000080000864] -> 0x9993
mem[X,0x0000000080000866] -> 0x00A9
[542] [M]: 0x0000000080000864 (0x00A99993) slli s3, s3, 0xa
x19 <- 0x0010000000000000

mem[X,0x0000000080000868] -> 0x8993
mem[X,0x000000008000086A] -> 0x0029
[543] [M]: 0x0000000080000868 (0x00298993) addi s3, s3, 0x2
x19 <- 0x0010000000000002

mem[X,0x000000008000086C] -> 0xA21B
mem[X,0x000000008000086E] -> 0xFF3C
[544] [M]: 0x000000008000086C (0xFF3CA21B) shar tp, s9, s3
x4 <- 0x5555555402000000

mem[X,0x0000000080000870] -> 0xB823
mem[X,0x0000000080000872] -> 0x0445
[545] [M]: 0x0000000080000870 (0x0445B823) sd tp, 0x50(a1)
mem[0x00000000800051F0] <- 0x5555555402000000

mem[X,0x0000000080000874] -> 0x0037
mem[X,0x0000000080000876] -> 0xFF00
[546] [M]: 0x0000000080000874 (0xFF000037) lui zero, -0x1000

mem[X,0x0000000080000878] -> 0x0013
mem[X,0x000000008000087A] -> 0xFFF0
[547] [M]: 0x0000000080000878 (0xFFF00013) addi zero, zero, -0x1

mem[X,0x000000008000087C] -> 0x1013
mem[X,0x000000008000087E] -> 0x00B0
[548] [M]: 0x000000008000087C (0x00B01013) slli zero, zero, 0xb

mem[X,0x0000000080000880] -> 0x0013
mem[X,0x0000000080000882] -> 0x0080
[549] [M]: 0x0000000080000880 (0x00800013) addi zero, zero, 0x8

mem[X,0x0000000080000884] -> 0x1013
mem[X,0x0000000080000886] -> 0x00B0
[550] [M]: 0x0000000080000884 (0x00B01013) slli zero, zero, 0xb

mem[X,0x0000000080000888] -> 0x0013
mem[X,0x000000008000088A] -> 0x0000
[551] [M]: 0x0000000080000888 (0x00000013) addi zero, zero, 0x0

mem[X,0x000000008000088C] -> 0x1013
mem[X,0x000000008000088E] -> 0x00A0
[552] [M]: 0x000000008000088C (0x00A01013) slli zero, zero, 0xa

mem[X,0x0000000080000890] -> 0x4837
mem[X,0x0000000080000892] -> 0x0000
[553] [M]: 0x0000000080000890 (0x00004837) lui a6, 0x4
x16 <- 0x0000000000004000

mem[X,0x0000000080000894] -> 0x0813
mem[X,0x0000000080000896] -> 0x0008
[554] [M]: 0x0000000080000894 (0x00080813) addi a6, a6, 0x0
x16 <- 0x0000000000004000

mem[X,0x0000000080000898] -> 0x1813
mem[X,0x000000008000089A] -> 0x00B8
[555] [M]: 0x0000000080000898 (0x00B81813) slli a6, a6, 0xb
x16 <- 0x0000000002000000

mem[X,0x000000008000089C] -> 0x0813
mem[X,0x000000008000089E] -> 0x7DF8
[556] [M]: 0x000000008000089C (0x7DF80813) addi a6, a6, 0x7df
x16 <- 0x00000000020007DF

mem[X,0x00000000800008A0] -> 0x1813
mem[X,0x00000000800008A2] -> 0x00B8
[557] [M]: 0x00000000800008A0 (0x00B81813) slli a6, a6, 0xb
x16 <- 0x00000010003EF800

mem[X,0x00000000800008A4] -> 0x0813
mem[X,0x00000000800008A6] -> 0x7FF8
[558] [M]: 0x00000000800008A4 (0x7FF80813) addi a6, a6, 0x7ff
x16 <- 0x00000010003EFFFF

mem[X,0x00000000800008A8] -> 0x1813
mem[X,0x00000000800008AA] -> 0x00A8
[559] [M]: 0x00000000800008A8 (0x00A81813) slli a6, a6, 0xa
x16 <- 0x00004000FBFFFC00

mem[X,0x00000000800008AC] -> 0x0813
mem[X,0x00000000800008AE] -> 0x3FF8
[560] [M]: 0x00000000800008AC (0x3FF80813) addi a6, a6, 0x3ff
x16 <- 0x00004000FBFFFFFF

mem[X,0x00000000800008B0] -> 0x229B
mem[X,0x00000000800008B2] -> 0xFF00
[561] [M]: 0x00000000800008B0 (0xFF00229B) shar t0, zero, a6
x5 <- 0x0000000000000000

mem[X,0x00000000800008B4] -> 0xBC23
mem[X,0x00000000800008B6] -> 0x0455
[562] [M]: 0x00000000800008B4 (0x0455BC23) sd t0, 0x58(a1)
mem[0x00000000800051F8] <- 0x0000000000000000

mem[X,0x00000000800008B8] -> 0x0A93
mem[X,0x00000000800008BA] -> 0x0010
[563] [M]: 0x00000000800008B8 (0x00100A93) addi s5, zero, 0x1
x21 <- 0x0000000000000001

mem[X,0x00000000800008BC] -> 0x9A93
mem[X,0x00000000800008BE] -> 0x019A
[564] [M]: 0x00000000800008BC (0x019A9A93) slli s5, s5, 0x19
x21 <- 0x0000000002000000

mem[X,0x00000000800008C0] -> 0x04B7
mem[X,0x00000000800008C2] -> 0x0020
[565] [M]: 0x00000000800008C0 (0x002004B7) lui s1, 0x200
x9 <- 0x0000000000200000

mem[X,0x00000000800008C4] -> 0x8493
mem[X,0x00000000800008C6] -> 0x0004
[566] [M]: 0x00000000800008C4 (0x00048493) addi s1, s1, 0x0
x9 <- 0x0000000000200000

mem[X,0x00000000800008C8] -> 0x9493
mem[X,0x00000000800008CA] -> 0x00B4
[567] [M]: 0x00000000800008C8 (0x00B49493) slli s1, s1, 0xb
x9 <- 0x0000000100000000

mem[X,0x00000000800008CC] -> 0x8493
mem[X,0x00000000800008CE] -> 0x7FF4
[568] [M]: 0x00000000800008CC (0x7FF48493) addi s1, s1, 0x7ff
x9 <- 0x00000001000007FF

mem[X,0x00000000800008D0] -> 0x9493
mem[X,0x00000000800008D2] -> 0x00B4
[569] [M]: 0x00000000800008D0 (0x00B49493) slli s1, s1, 0xb
x9 <- 0x00000800003FF800

mem[X,0x00000000800008D4] -> 0x8493
mem[X,0x00000000800008D6] -> 0x6FF4
[570] [M]: 0x00000000800008D4 (0x6FF48493) addi s1, s1, 0x6ff
x9 <- 0x00000800003FFEFF

mem[X,0x00000000800008D8] -> 0x9493
mem[X,0x00000000800008DA] -> 0x00A4
[571] [M]: 0x00000000800008D8 (0x00A49493) slli s1, s1, 0xa
x9 <- 0x00200000FFFBFC00

mem[X,0x00000000800008DC] -> 0x8493
mem[X,0x00000000800008DE] -> 0x3FF4
[572] [M]: 0x00000000800008DC (0x3FF48493) addi s1, s1, 0x3ff
x9 <- 0x00200000FFFBFFFF

mem[X,0x00000000800008E0] -> 0xAD9B
mem[X,0x00000000800008E2] -> 0xFE9A
[573] [M]: 0x00000000800008E0 (0xFE9AAD9B) shar s11, s5, s1
x27 <- 0x0000000001000000

mem[X,0x00000000800008E4] -> 0xB023
mem[X,0x00000000800008E6] -> 0x07B5
[574] [M]: 0x00000000800008E4 (0x07B5B023) sd s11, 0x60(a1)
mem[0x0000000080005200] <- 0x0000000001000000

mem[X,0x00000000800008E8] -> 0x01B7
mem[X,0x00000000800008EA] -> 0xFFF0
[575] [M]: 0x00000000800008E8 (0xFFF001B7) lui gp, -0x100
x3 <- 0xFFFFFFFFFFF00000

mem[X,0x00000000800008EC] -> 0x8193
mem[X,0x00000000800008EE] -> 0xFFF1
[576] [M]: 0x00000000800008EC (0xFFF18193) addi gp, gp, -0x1
x3 <- 0xFFFFFFFFFFEFFFFF

mem[X,0x00000000800008F0] -> 0x9193
mem[X,0x00000000800008F2] -> 0x00B1
[577] [M]: 0x00000000800008F0 (0x00B19193) slli gp, gp, 0xb
x3 <- 0xFFFFFFFF7FFFF800

mem[X,0x00000000800008F4] -> 0x8193
mem[X,0x00000000800008F6] -> 0x0201
[578] [M]: 0x00000000800008F4 (0x02018193) addi gp, gp, 0x20
x3 <- 0xFFFFFFFF7FFFF820

mem[X,0x00000000800008F8] -> 0x9193
mem[X,0x00000000800008FA] -> 0x00B1
[579] [M]: 0x00000000800008F8 (0x00B19193) slli gp, gp, 0xb
x3 <- 0xFFFFFBFFFFC10000

mem[X,0x00000000800008FC] -> 0x8193
mem[X,0x00000000800008FE] -> 0x0001
[580] [M]: 0x00000000800008FC (0x00018193) addi gp, gp, 0x0
x3 <- 0xFFFFFBFFFFC10000

mem[X,0x0000000080000900] -> 0x9193
mem[X,0x0000000080000902] -> 0x00A1
[581] [M]: 0x0000000080000900 (0x00A19193) slli gp, gp, 0xa
x3 <- 0xFFEFFFFF04000000

mem[X,0x0000000080000904] -> 0x0CB7
mem[X,0x0000000080000906] -> 0x0000
[582] [M]: 0x0000000080000904 (0x00000CB7) lui s9, 0x0
x25 <- 0x0000000000000000

mem[X,0x0000000080000908] -> 0x8C93
mem[X,0x000000008000090A] -> 0x020C
[583] [M]: 0x0000000080000908 (0x020C8C93) addi s9, s9, 0x20
x25 <- 0x0000000000000020

mem[X,0x000000008000090C] -> 0x9C93
mem[X,0x000000008000090E] -> 0x00BC
[584] [M]: 0x000000008000090C (0x00BC9C93) slli s9, s9, 0xb
x25 <- 0x0000000000010000

mem[X,0x0000000080000910] -> 0x8C93
mem[X,0x0000000080000912] -> 0x7EFC
[585] [M]: 0x0000000080000910 (0x7EFC8C93) addi s9, s9, 0x7ef
x25 <- 0x00000000000107EF

mem[X,0x0000000080000914] -> 0x9C93
mem[X,0x0000000080000916] -> 0x00BC
[586] [M]: 0x0000000080000914 (0x00BC9C93) slli s9, s9, 0xb
x25 <- 0x00000000083F7800

mem[X,0x0000000080000918] -> 0x8C93
mem[X,0x000000008000091A] -> 0x7FFC
[587] [M]: 0x0000000080000918 (0x7FFC8C93) addi s9, s9, 0x7ff
x25 <- 0x00000000083F7FFF

mem[X,0x000000008000091C] -> 0x9C93
mem[X,0x000000008000091E] -> 0x00AC
[588] [M]: 0x000000008000091C (0x00AC9C93) slli s9, s9, 0xa
x25 <- 0x00000020FDFFFC00

mem[X,0x0000000080000920] -> 0x8C93
mem[X,0x0000000080000922] -> 0x3FFC
[589] [M]: 0x0000000080000920 (0x3FFC8C93) addi s9, s9, 0x3ff
x25 <- 0x00000020FDFFFFFF

mem[X,0x0000000080000924] -> 0xAC1B
mem[X,0x0000000080000926] -> 0xFF91
[590] [M]: 0x0000000080000924 (0xFF91AC1B) shar s8, gp, s9
x24 <- 0xFFF7FFFF82000000

mem[X,0x0000000080000928] -> 0xB423
mem[X,0x000000008000092A] -> 0x0785
[591] [M]: 0x0000000080000928 (0x0785B423) sd s8, 0x68(a1)
mem[0x0000000080005208] <- 0xFFF7FFFF82000000

mem[X,0x000000008000092C] -> 0x0F37
mem[X,0x000000008000092E] -> 0x0800
[592] [M]: 0x000000008000092C (0x08000F37) lui t5, 0x8000
x30 <- 0x0000000008000000

mem[X,0x0000000080000930] -> 0x0F13
mem[X,0x0000000080000932] -> 0x001F
[593] [M]: 0x0000000080000930 (0x001F0F13) addi t5, t5, 0x1
x30 <- 0x0000000008000001

mem[X,0x0000000080000934] -> 0x1F13
mem[X,0x0000000080000936] -> 0x01BF
[594] [M]: 0x0000000080000934 (0x01BF1F13) slli t5, t5, 0x1b
x30 <- 0x0040000008000000

mem[X,0x0000000080000938] -> 0x0037
mem[X,0x000000008000093A] -> 0xFF80
[595] [M]: 0x0000000080000938 (0xFF800037) lui zero, -0x800

mem[X,0x000000008000093C] -> 0x0013
mem[X,0x000000008000093E] -> 0xFFF0
[596] [M]: 0x000000008000093C (0xFFF00013) addi zero, zero, -0x1

mem[X,0x0000000080000940] -> 0x1013
mem[X,0x0000000080000942] -> 0x00B0
[597] [M]: 0x0000000080000940 (0x00B01013) slli zero, zero, 0xb

mem[X,0x0000000080000944] -> 0x0013
mem[X,0x0000000080000946] -> 0x7FE0
[598] [M]: 0x0000000080000944 (0x7FE00013) addi zero, zero, 0x7fe

mem[X,0x0000000080000948] -> 0x1013
mem[X,0x000000008000094A] -> 0x00B0
[599] [M]: 0x0000000080000948 (0x00B01013) slli zero, zero, 0xb

clint::tick mtime <- 0x0000000000000006
 clint timer pending at mtime 0x0000000000000006
htif::tick 0x0000000000000000
mem[X,0x000000008000094C] -> 0x0013
mem[X,0x000000008000094E] -> 0x7FF0
[600] [M]: 0x000000008000094C (0x7FF00013) addi zero, zero, 0x7ff

mem[X,0x0000000080000950] -> 0x1013
mem[X,0x0000000080000952] -> 0x00A0
[601] [M]: 0x0000000080000950 (0x00A01013) slli zero, zero, 0xa

mem[X,0x0000000080000954] -> 0x0013
mem[X,0x0000000080000956] -> 0x3FF0
[602] [M]: 0x0000000080000954 (0x3FF00013) addi zero, zero, 0x3ff

mem[X,0x0000000080000958] -> 0x239B
mem[X,0x000000008000095A] -> 0xFE0F
[603] [M]: 0x0000000080000958 (0xFE0F239B) shar t2, t5, zero
x7 <- 0x0040000008000000

mem[X,0x000000008000095C] -> 0xB823
mem[X,0x000000008000095E] -> 0x0675
[604] [M]: 0x000000008000095C (0x0675B823) sd t2, 0x70(a1)
mem[0x0000000080005210] <- 0x0040000008000000

mem[X,0x0000000080000960] -> 0x0F37
mem[X,0x0000000080000962] -> 0xFFC0
[605] [M]: 0x0000000080000960 (0xFFC00F37) lui t5, -0x400
x30 <- 0xFFFFFFFFFFC00000

mem[X,0x0000000080000964] -> 0x0F13
mem[X,0x0000000080000966] -> 0xFFFF
[606] [M]: 0x0000000080000964 (0xFFFF0F13) addi t5, t5, -0x1
x30 <- 0xFFFFFFFFFFBFFFFF

mem[X,0x0000000080000968] -> 0x1F13
mem[X,0x000000008000096A] -> 0x00BF
[607] [M]: 0x0000000080000968 (0x00BF1F13) slli t5, t5, 0xb
x30 <- 0xFFFFFFFDFFFFF800

mem[X,0x000000008000096C] -> 0x0F13
mem[X,0x000000008000096E] -> 0x080F
[608] [M]: 0x000000008000096C (0x080F0F13) addi t5, t5, 0x80
x30 <- 0xFFFFFFFDFFFFF880

mem[X,0x0000000080000970] -> 0x1F13
mem[X,0x0000000080000972] -> 0x00BF
[609] [M]: 0x0000000080000970 (0x00BF1F13) slli t5, t5, 0xb
x30 <- 0xFFFFEFFFFFC40000

mem[X,0x0000000080000974] -> 0x0F13
mem[X,0x0000000080000976] -> 0x000F
[610] [M]: 0x0000000080000974 (0x000F0F13) addi t5, t5, 0x0
x30 <- 0xFFFFEFFFFFC40000

mem[X,0x0000000080000978] -> 0x1F13
mem[X,0x000000008000097A] -> 0x00AF
[611] [M]: 0x0000000080000978 (0x00AF1F13) slli t5, t5, 0xa
x30 <- 0xFFBFFFFF10000000

mem[X,0x000000008000097C] -> 0x0EB7
mem[X,0x000000008000097E] -> 0xFFFE
[612] [M]: 0x000000008000097C (0xFFFE0EB7) lui t4, -0x20
x29 <- 0xFFFFFFFFFFFE0000

mem[X,0x0000000080000980] -> 0x8E93
mem[X,0x0000000080000982] -> 0xFFFE
[613] [M]: 0x0000000080000980 (0xFFFE8E93) addi t4, t4, -0x1
x29 <- 0xFFFFFFFFFFFDFFFF

mem[X,0x0000000080000984] -> 0x9E93
mem[X,0x0000000080000986] -> 0x00BE
[614] [M]: 0x0000000080000984 (0x00BE9E93) slli t4, t4, 0xb
x29 <- 0xFFFFFFFFEFFFF800

mem[X,0x0000000080000988] -> 0x8E93
mem[X,0x000000008000098A] -> 0x7FFE
[615] [M]: 0x0000000080000988 (0x7FFE8E93) addi t4, t4, 0x7ff
x29 <- 0xFFFFFFFFEFFFFFFF

mem[X,0x000000008000098C] -> 0x9E93
mem[X,0x000000008000098E] -> 0x00BE
[616] [M]: 0x000000008000098C (0x00BE9E93) slli t4, t4, 0xb
x29 <- 0xFFFFFF7FFFFFF800

mem[X,0x0000000080000990] -> 0x8E93
mem[X,0x0000000080000992] -> 0x7FFE
[617] [M]: 0x0000000080000990 (0x7FFE8E93) addi t4, t4, 0x7ff
x29 <- 0xFFFFFF7FFFFFFFFF

mem[X,0x0000000080000994] -> 0x9E93
mem[X,0x0000000080000996] -> 0x00AE
[618] [M]: 0x0000000080000994 (0x00AE9E93) slli t4, t4, 0xa
x29 <- 0xFFFDFFFFFFFFFC00

mem[X,0x0000000080000998] -> 0x8E93
mem[X,0x000000008000099A] -> 0x37FE
[619] [M]: 0x0000000080000998 (0x37FE8E93) addi t4, t4, 0x37f
x29 <- 0xFFFDFFFFFFFFFF7F

mem[X,0x000000008000099C] -> 0x2F9B
mem[X,0x000000008000099E] -> 0xFFDF
[620] [M]: 0x000000008000099C (0xFFDF2F9B) shar t6, t5, t4
x31 <- 0xFFDFFFFF88000000

mem[X,0x00000000800009A0] -> 0xBC23
mem[X,0x00000000800009A2] -> 0x07F5
[621] [M]: 0x00000000800009A0 (0x07F5BC23) sd t6, 0x78(a1)
mem[0x0000000080005218] <- 0xFFDFFFFF88000000

mem[X,0x00000000800009A4] -> 0x8F37
mem[X,0x00000000800009A6] -> 0x0000
[622] [M]: 0x00000000800009A4 (0x00008F37) lui t5, 0x8
x30 <- 0x0000000000008000

mem[X,0x00000000800009A8] -> 0x0F13
mem[X,0x00000000800009AA] -> 0x001F
[623] [M]: 0x00000000800009A8 (0x001F0F13) addi t5, t5, 0x1
x30 <- 0x0000000000008001

mem[X,0x00000000800009AC] -> 0x1F13
mem[X,0x00000000800009AE] -> 0x01DF
[624] [M]: 0x00000000800009AC (0x01DF1F13) slli t5, t5, 0x1d
x30 <- 0x0000100020000000

mem[X,0x00000000800009B0] -> 0x0EB7
mem[X,0x00000000800009B2] -> 0x0001
[625] [M]: 0x00000000800009B0 (0x00010EB7) lui t4, 0x10
x29 <- 0x0000000000010000

mem[X,0x00000000800009B4] -> 0x8E93
mem[X,0x00000000800009B6] -> 0x001E
[626] [M]: 0x00000000800009B4 (0x001E8E93) addi t4, t4, 0x1
x29 <- 0x0000000000010001

mem[X,0x00000000800009B8] -> 0x9E93
mem[X,0x00000000800009BA] -> 0x015E
[627] [M]: 0x00000000800009B8 (0x015E9E93) slli t4, t4, 0x15
x29 <- 0x0000002000200000

mem[X,0x00000000800009BC] -> 0x2F9B
mem[X,0x00000000800009BE] -> 0xFFDF
[628] [M]: 0x00000000800009BC (0xFFDF2F9B) shar t6, t5, t4
x31 <- 0x0000100020000000

mem[X,0x00000000800009C0] -> 0xB023
mem[X,0x00000000800009C2] -> 0x09F5
[629] [M]: 0x00000000800009C0 (0x09F5B023) sd t6, 0x80(a1)
mem[0x0000000080005220] <- 0x0000100020000000

mem[X,0x00000000800009C4] -> 0x0F37
mem[X,0x00000000800009C6] -> 0x0000
[630] [M]: 0x00000000800009C4 (0x00000F37) lui t5, 0x0
x30 <- 0x0000000000000000

mem[X,0x00000000800009C8] -> 0x0F13
mem[X,0x00000000800009CA] -> 0xFFFF
[631] [M]: 0x00000000800009C8 (0xFFFF0F13) addi t5, t5, -0x1
x30 <- 0xFFFFFFFFFFFFFFFF

mem[X,0x00000000800009CC] -> 0x1F13
mem[X,0x00000000800009CE] -> 0x00BF
[632] [M]: 0x00000000800009CC (0x00BF1F13) slli t5, t5, 0xb
x30 <- 0xFFFFFFFFFFFFF800

mem[X,0x00000000800009D0] -> 0x0F13
mem[X,0x00000000800009D2] -> 0x200F
[633] [M]: 0x00000000800009D0 (0x200F0F13) addi t5, t5, 0x200
x30 <- 0xFFFFFFFFFFFFFA00

mem[X,0x00000000800009D4] -> 0x1F13
mem[X,0x00000000800009D6] -> 0x00BF
[634] [M]: 0x00000000800009D4 (0x00BF1F13) slli t5, t5, 0xb
x30 <- 0xFFFFFFFFFFD00000

mem[X,0x00000000800009D8] -> 0x0F13
mem[X,0x00000000800009DA] -> 0x000F
[635] [M]: 0x00000000800009D8 (0x000F0F13) addi t5, t5, 0x0
x30 <- 0xFFFFFFFFFFD00000

mem[X,0x00000000800009DC] -> 0x1F13
mem[X,0x00000000800009DE] -> 0x00AF
[636] [M]: 0x00000000800009DC (0x00AF1F13) slli t5, t5, 0xa
x30 <- 0xFFFFFFFF40000000

mem[X,0x00000000800009E0] -> 0x0EB7
mem[X,0x00000000800009E2] -> 0x0000
[637] [M]: 0x00000000800009E0 (0x00000EB7) lui t4, 0x0
x29 <- 0x0000000000000000

mem[X,0x00000000800009E4] -> 0x8E93
mem[X,0x00000000800009E6] -> 0x040E
[638] [M]: 0x00000000800009E4 (0x040E8E93) addi t4, t4, 0x40
x29 <- 0x0000000000000040

mem[X,0x00000000800009E8] -> 0x9E93
mem[X,0x00000000800009EA] -> 0x00BE
[639] [M]: 0x00000000800009E8 (0x00BE9E93) slli t4, t4, 0xb
x29 <- 0x0000000000020000

mem[X,0x00000000800009EC] -> 0x8E93
mem[X,0x00000000800009EE] -> 0x7FFE
[640] [M]: 0x00000000800009EC (0x7FFE8E93) addi t4, t4, 0x7ff
x29 <- 0x00000000000207FF

mem[X,0x00000000800009F0] -> 0x9E93
mem[X,0x00000000800009F2] -> 0x00BE
[641] [M]: 0x00000000800009F0 (0x00BE9E93) slli t4, t4, 0xb
x29 <- 0x00000000103FF800

mem[X,0x00000000800009F4] -> 0x8E93
mem[X,0x00000000800009F6] -> 0x7EFE
[642] [M]: 0x00000000800009F4 (0x7EFE8E93) addi t4, t4, 0x7ef
x29 <- 0x00000000103FFFEF

mem[X,0x00000000800009F8] -> 0x9E93
mem[X,0x00000000800009FA] -> 0x00AE
[643] [M]: 0x00000000800009F8 (0x00AE9E93) slli t4, t4, 0xa
x29 <- 0x00000040FFFFBC00

mem[X,0x00000000800009FC] -> 0x8E93
mem[X,0x00000000800009FE] -> 0x3FFE
[644] [M]: 0x00000000800009FC (0x3FFE8E93) addi t4, t4, 0x3ff
x29 <- 0x00000040FFFFBFFF

mem[X,0x0000000080000A00] -> 0x2F9B
mem[X,0x0000000080000A02] -> 0xFFDF
[645] [M]: 0x0000000080000A00 (0xFFDF2F9B) shar t6, t5, t4
x31 <- 0xFFFFFFFFA0000000

mem[X,0x0000000080000A04] -> 0xB423
mem[X,0x0000000080000A06] -> 0x09F5
[646] [M]: 0x0000000080000A04 (0x09F5B423) sd t6, 0x88(a1)
mem[0x0000000080005228] <- 0xFFFFFFFFA0000000

mem[X,0x0000000080000A08] -> 0x1F37
mem[X,0x0000000080000A0A] -> 0x0000
[647] [M]: 0x0000000080000A08 (0x00001F37) lui t5, 0x1
x30 <- 0x0000000000001000

mem[X,0x0000000080000A0C] -> 0x0F13
mem[X,0x0000000080000A0E] -> 0x800F
[648] [M]: 0x0000000080000A0C (0x800F0F13) addi t5, t5, -0x800
x30 <- 0x0000000000000800

mem[X,0x0000000080000A10] -> 0x1F13
mem[X,0x0000000080000A12] -> 0x00BF
[649] [M]: 0x0000000080000A10 (0x00BF1F13) slli t5, t5, 0xb
x30 <- 0x0000000000400000

mem[X,0x0000000080000A14] -> 0x0F13
mem[X,0x0000000080000A16] -> 0x7FFF
[650] [M]: 0x0000000080000A14 (0x7FFF0F13) addi t5, t5, 0x7ff
x30 <- 0x00000000004007FF

mem[X,0x0000000080000A18] -> 0x1F13
mem[X,0x0000000080000A1A] -> 0x00BF
[651] [M]: 0x0000000080000A18 (0x00BF1F13) slli t5, t5, 0xb
x30 <- 0x00000002003FF800

mem[X,0x0000000080000A1C] -> 0x0F13
mem[X,0x0000000080000A1E] -> 0x7FFF
[652] [M]: 0x0000000080000A1C (0x7FFF0F13) addi t5, t5, 0x7ff
x30 <- 0x00000002003FFFFF

mem[X,0x0000000080000A20] -> 0x1F13
mem[X,0x0000000080000A22] -> 0x00AF
[653] [M]: 0x0000000080000A20 (0x00AF1F13) slli t5, t5, 0xa
x30 <- 0x00000800FFFFFC00

mem[X,0x0000000080000A24] -> 0x0F13
mem[X,0x0000000080000A26] -> 0x3FEF
[654] [M]: 0x0000000080000A24 (0x3FEF0F13) addi t5, t5, 0x3fe
x30 <- 0x00000800FFFFFFFE

mem[X,0x0000000080000A28] -> 0x0EB7
mem[X,0x0000000080000A2A] -> 0xFFFF
[655] [M]: 0x0000000080000A28 (0xFFFF0EB7) lui t4, -0x10
x29 <- 0xFFFFFFFFFFFF0000

mem[X,0x0000000080000A2C] -> 0x8E93
mem[X,0x0000000080000A2E] -> 0xFFFE
[656] [M]: 0x0000000080000A2C (0xFFFE8E93) addi t4, t4, -0x1
x29 <- 0xFFFFFFFFFFFEFFFF

mem[X,0x0000000080000A30] -> 0x9E93
mem[X,0x0000000080000A32] -> 0x00BE
[657] [M]: 0x0000000080000A30 (0x00BE9E93) slli t4, t4, 0xb
x29 <- 0xFFFFFFFFF7FFF800

mem[X,0x0000000080000A34] -> 0x8E93
mem[X,0x0000000080000A36] -> 0x040E
[658] [M]: 0x0000000080000A34 (0x040E8E93) addi t4, t4, 0x40
x29 <- 0xFFFFFFFFF7FFF840

mem[X,0x0000000080000A38] -> 0x9E93
mem[X,0x0000000080000A3A] -> 0x00BE
[659] [M]: 0x0000000080000A38 (0x00BE9E93) slli t4, t4, 0xb
x29 <- 0xFFFFFFBFFFC20000

mem[X,0x0000000080000A3C] -> 0x8E93
mem[X,0x0000000080000A3E] -> 0x000E
[660] [M]: 0x0000000080000A3C (0x000E8E93) addi t4, t4, 0x0
x29 <- 0xFFFFFFBFFFC20000

mem[X,0x0000000080000A40] -> 0x9E93
mem[X,0x0000000080000A42] -> 0x00AE
[661] [M]: 0x0000000080000A40 (0x00AE9E93) slli t4, t4, 0xa
x29 <- 0xFFFEFFFF08000000

mem[X,0x0000000080000A44] -> 0x2F9B
mem[X,0x0000000080000A46] -> 0xFFDF
[662] [M]: 0x0000000080000A44 (0xFFDF2F9B) shar t6, t5, t4
x31 <- 0x00000800FFFFFFFE

mem[X,0x0000000080000A48] -> 0xB823
mem[X,0x0000000080000A4A] -> 0x09F5
[663] [M]: 0x0000000080000A48 (0x09F5B823) sd t6, 0x90(a1)
mem[0x0000000080005230] <- 0x00000800FFFFFFFE

mem[X,0x0000000080000A4C] -> 0x0F37
mem[X,0x0000000080000A4E] -> 0xC000
[664] [M]: 0x0000000080000A4C (0xC0000F37) lui t5, -0x40000
x30 <- 0xFFFFFFFFC0000000

mem[X,0x0000000080000A50] -> 0x0F13
mem[X,0x0000000080000A52] -> 0x000F
[665] [M]: 0x0000000080000A50 (0x000F0F13) addi t5, t5, 0x0
x30 <- 0xFFFFFFFFC0000000

mem[X,0x0000000080000A54] -> 0x1F13
mem[X,0x0000000080000A56] -> 0x00BF
[666] [M]: 0x0000000080000A54 (0x00BF1F13) slli t5, t5, 0xb
x30 <- 0xFFFFFE0000000000

mem[X,0x0000000080000A58] -> 0x0F13
mem[X,0x0000000080000A5A] -> 0x7FFF
[667] [M]: 0x0000000080000A58 (0x7FFF0F13) addi t5, t5, 0x7ff
x30 <- 0xFFFFFE00000007FF

mem[X,0x0000000080000A5C] -> 0x1F13
mem[X,0x0000000080000A5E] -> 0x00BF
[668] [M]: 0x0000000080000A5C (0x00BF1F13) slli t5, t5, 0xb
x30 <- 0xFFF00000003FF800

mem[X,0x0000000080000A60] -> 0x0F13
mem[X,0x0000000080000A62] -> 0x7FFF
[669] [M]: 0x0000000080000A60 (0x7FFF0F13) addi t5, t5, 0x7ff
x30 <- 0xFFF00000003FFFFF

mem[X,0x0000000080000A64] -> 0x1F13
mem[X,0x0000000080000A66] -> 0x00AF
[670] [M]: 0x0000000080000A64 (0x00AF1F13) slli t5, t5, 0xa
x30 <- 0xC0000000FFFFFC00

mem[X,0x0000000080000A68] -> 0x0F13
mem[X,0x0000000080000A6A] -> 0x3FDF
[671] [M]: 0x0000000080000A68 (0x3FDF0F13) addi t5, t5, 0x3fd
x30 <- 0xC0000000FFFFFFFD

mem[X,0x0000000080000A6C] -> 0x0EB7
mem[X,0x0000000080000A6E] -> 0x0000
[672] [M]: 0x0000000080000A6C (0x00000EB7) lui t4, 0x0
x29 <- 0x0000000000000000

mem[X,0x0000000080000A70] -> 0x8E93
mem[X,0x0000000080000A72] -> 0xFFCE
[673] [M]: 0x0000000080000A70 (0xFFCE8E93) addi t4, t4, -0x4
x29 <- 0xFFFFFFFFFFFFFFFC

mem[X,0x0000000080000A74] -> 0x9E93
mem[X,0x0000000080000A76] -> 0x00BE
[674] [M]: 0x0000000080000A74 (0x00BE9E93) slli t4, t4, 0xb
x29 <- 0xFFFFFFFFFFFFE000

mem[X,0x0000000080000A78] -> 0x8E93
mem[X,0x0000000080000A7A] -> 0x000E
[675] [M]: 0x0000000080000A78 (0x000E8E93) addi t4, t4, 0x0
x29 <- 0xFFFFFFFFFFFFE000

mem[X,0x0000000080000A7C] -> 0x9E93
mem[X,0x0000000080000A7E] -> 0x00BE
[676] [M]: 0x0000000080000A7C (0x00BE9E93) slli t4, t4, 0xb
x29 <- 0xFFFFFFFFFF000000

mem[X,0x0000000080000A80] -> 0x8E93
mem[X,0x0000000080000A82] -> 0x000E
[677] [M]: 0x0000000080000A80 (0x000E8E93) addi t4, t4, 0x0
x29 <- 0xFFFFFFFFFF000000

mem[X,0x0000000080000A84] -> 0x9E93
mem[X,0x0000000080000A86] -> 0x00AE
[678] [M]: 0x0000000080000A84 (0x00AE9E93) slli t4, t4, 0xa
x29 <- 0xFFFFFFFC00000000

mem[X,0x0000000080000A88] -> 0x8E93
mem[X,0x0000000080000A8A] -> 0x006E
[679] [M]: 0x0000000080000A88 (0x006E8E93) addi t4, t4, 0x6
x29 <- 0xFFFFFFFC00000006

mem[X,0x0000000080000A8C] -> 0x2F9B
mem[X,0x0000000080000A8E] -> 0xFFDF
[680] [M]: 0x0000000080000A8C (0xFFDF2F9B) shar t6, t5, t4
x31 <- 0x0000003FFFFFFF40

mem[X,0x0000000080000A90] -> 0xBC23
mem[X,0x0000000080000A92] -> 0x09F5
[681] [M]: 0x0000000080000A90 (0x09F5BC23) sd t6, 0x98(a1)
mem[0x0000000080005238] <- 0x0000003FFFFFFF40

mem[X,0x0000000080000A94] -> 0x0F37
mem[X,0x0000000080000A96] -> 0xFFF8
[682] [M]: 0x0000000080000A94 (0xFFF80F37) lui t5, -0x80
x30 <- 0xFFFFFFFFFFF80000

mem[X,0x0000000080000A98] -> 0x0F13
mem[X,0x0000000080000A9A] -> 0xFFFF
[683] [M]: 0x0000000080000A98 (0xFFFF0F13) addi t5, t5, -0x1
x30 <- 0xFFFFFFFFFFF7FFFF

mem[X,0x0000000080000A9C] -> 0x1F13
mem[X,0x0000000080000A9E] -> 0x00BF
[684] [M]: 0x0000000080000A9C (0x00BF1F13) slli t5, t5, 0xb
x30 <- 0xFFFFFFFFBFFFF800

mem[X,0x0000000080000AA0] -> 0x0F13
mem[X,0x0000000080000AA2] -> 0x7FFF
[685] [M]: 0x0000000080000AA0 (0x7FFF0F13) addi t5, t5, 0x7ff
x30 <- 0xFFFFFFFFBFFFFFFF

mem[X,0x0000000080000AA4] -> 0x1F13
mem[X,0x0000000080000AA6] -> 0x00BF
[686] [M]: 0x0000000080000AA4 (0x00BF1F13) slli t5, t5, 0xb
x30 <- 0xFFFFFDFFFFFFF800

mem[X,0x0000000080000AA8] -> 0x0F13
mem[X,0x0000000080000AAA] -> 0x7FFF
[687] [M]: 0x0000000080000AA8 (0x7FFF0F13) addi t5, t5, 0x7ff
x30 <- 0xFFFFFDFFFFFFFFFF

mem[X,0x0000000080000AAC] -> 0x1F13
mem[X,0x0000000080000AAE] -> 0x00AF
[688] [M]: 0x0000000080000AAC (0x00AF1F13) slli t5, t5, 0xa
x30 <- 0xFFF7FFFFFFFFFC00

mem[X,0x0000000080000AB0] -> 0x0F13
mem[X,0x0000000080000AB2] -> 0x3FBF
[689] [M]: 0x0000000080000AB0 (0x3FBF0F13) addi t5, t5, 0x3fb
x30 <- 0xFFF7FFFFFFFFFFFB

mem[X,0x0000000080000AB4] -> 0x0EB7
mem[X,0x0000000080000AB6] -> 0x0000
[690] [M]: 0x0000000080000AB4 (0x00000EB7) lui t4, 0x0
x29 <- 0x0000000000000000

mem[X,0x0000000080000AB8] -> 0x8E93
mem[X,0x0000000080000ABA] -> 0x200E
[691] [M]: 0x0000000080000AB8 (0x200E8E93) addi t4, t4, 0x200
x29 <- 0x0000000000000200

mem[X,0x0000000080000ABC] -> 0x9E93
mem[X,0x0000000080000ABE] -> 0x00BE
[692] [M]: 0x0000000080000ABC (0x00BE9E93) slli t4, t4, 0xb
x29 <- 0x0000000000100000

mem[X,0x0000000080000AC0] -> 0x8E93
mem[X,0x0000000080000AC2] -> 0x7FEE
[693] [M]: 0x0000000080000AC0 (0x7FEE8E93) addi t4, t4, 0x7fe
x29 <- 0x00000000001007FE

mem[X,0x0000000080000AC4] -> 0x9E93
mem[X,0x0000000080000AC6] -> 0x00BE
[694] [M]: 0x0000000080000AC4 (0x00BE9E93) slli t4, t4, 0xb
x29 <- 0x00000000803FF000

mem[X,0x0000000080000AC8] -> 0x8E93
mem[X,0x0000000080000ACA] -> 0x7FFE
[695] [M]: 0x0000000080000AC8 (0x7FFE8E93) addi t4, t4, 0x7ff
x29 <- 0x00000000803FF7FF

mem[X,0x0000000080000ACC] -> 0x9E93
mem[X,0x0000000080000ACE] -> 0x00AE
[696] [M]: 0x0000000080000ACC (0x00AE9E93) slli t4, t4, 0xa
x29 <- 0x00000200FFDFFC00

mem[X,0x0000000080000AD0] -> 0x8E93
mem[X,0x0000000080000AD2] -> 0x3FFE
[697] [M]: 0x0000000080000AD0 (0x3FFE8E93) addi t4, t4, 0x3ff
x29 <- 0x00000200FFDFFFFF

mem[X,0x0000000080000AD4] -> 0x2F9B
mem[X,0x0000000080000AD6] -> 0xFFDF
[698] [M]: 0x0000000080000AD4 (0xFFDF2F9B) shar t6, t5, t4
x31 <- 0xFFFBFFFFFFFFFFFE

mem[X,0x0000000080000AD8] -> 0xB023
mem[X,0x0000000080000ADA] -> 0x0BF5
[699] [M]: 0x0000000080000AD8 (0x0BF5B023) sd t6, 0xa0(a1)
mem[0x0000000080005240] <- 0xFFFBFFFFFFFFFFFE

clint::tick mtime <- 0x0000000000000007
 clint timer pending at mtime 0x0000000000000007
htif::tick 0x0000000000000000
mem[X,0x0000000080000ADC] -> 0x0F37
mem[X,0x0000000080000ADE] -> 0x0000
[700] [M]: 0x0000000080000ADC (0x00000F37) lui t5, 0x0
x30 <- 0x0000000000000000

mem[X,0x0000000080000AE0] -> 0x0F13
mem[X,0x0000000080000AE2] -> 0x040F
[701] [M]: 0x0000000080000AE0 (0x040F0F13) addi t5, t5, 0x40
x30 <- 0x0000000000000040

mem[X,0x0000000080000AE4] -> 0x1F13
mem[X,0x0000000080000AE6] -> 0x00BF
[702] [M]: 0x0000000080000AE4 (0x00BF1F13) slli t5, t5, 0xb
x30 <- 0x0000000000020000

mem[X,0x0000000080000AE8] -> 0x0F13
mem[X,0x0000000080000AEA] -> 0x7FFF
[703] [M]: 0x0000000080000AE8 (0x7FFF0F13) addi t5, t5, 0x7ff
x30 <- 0x00000000000207FF

mem[X,0x0000000080000AEC] -> 0x1F13
mem[X,0x0000000080000AEE] -> 0x00BF
[704] [M]: 0x0000000080000AEC (0x00BF1F13) slli t5, t5, 0xb
x30 <- 0x00000000103FF800

mem[X,0x0000000080000AF0] -> 0x0F13
mem[X,0x0000000080000AF2] -> 0x7FFF
[705] [M]: 0x0000000080000AF0 (0x7FFF0F13) addi t5, t5, 0x7ff
x30 <- 0x00000000103FFFFF

mem[X,0x0000000080000AF4] -> 0x1F13
mem[X,0x0000000080000AF6] -> 0x00AF
[706] [M]: 0x0000000080000AF4 (0x00AF1F13) slli t5, t5, 0xa
x30 <- 0x00000040FFFFFC00

mem[X,0x0000000080000AF8] -> 0x0F13
mem[X,0x0000000080000AFA] -> 0x3F7F
[707] [M]: 0x0000000080000AF8 (0x3F7F0F13) addi t5, t5, 0x3f7
x30 <- 0x00000040FFFFFFF7

mem[X,0x0000000080000AFC] -> 0x4EB7
mem[X,0x0000000080000AFE] -> 0x0000
[708] [M]: 0x0000000080000AFC (0x00004EB7) lui t4, 0x4
x29 <- 0x0000000000004000

mem[X,0x0000000080000B00] -> 0x8E93
mem[X,0x0000000080000B02] -> 0x000E
[709] [M]: 0x0000000080000B00 (0x000E8E93) addi t4, t4, 0x0
x29 <- 0x0000000000004000

mem[X,0x0000000080000B04] -> 0x9E93
mem[X,0x0000000080000B06] -> 0x00BE
[710] [M]: 0x0000000080000B04 (0x00BE9E93) slli t4, t4, 0xb
x29 <- 0x0000000002000000

mem[X,0x0000000080000B08] -> 0x8E93
mem[X,0x0000000080000B0A] -> 0x000E
[711] [M]: 0x0000000080000B08 (0x000E8E93) addi t4, t4, 0x0
x29 <- 0x0000000002000000

mem[X,0x0000000080000B0C] -> 0x9E93
mem[X,0x0000000080000B0E] -> 0x00BE
[712] [M]: 0x0000000080000B0C (0x00BE9E93) slli t4, t4, 0xb
x29 <- 0x0000001000000000

mem[X,0x0000000080000B10] -> 0x8E93
mem[X,0x0000000080000B12] -> 0x000E
[713] [M]: 0x0000000080000B10 (0x000E8E93) addi t4, t4, 0x0
x29 <- 0x0000001000000000

mem[X,0x0000000080000B14] -> 0x9E93
mem[X,0x0000000080000B16] -> 0x00AE
[714] [M]: 0x0000000080000B14 (0x00AE9E93) slli t4, t4, 0xa
x29 <- 0x0000400000000000

mem[X,0x0000000080000B18] -> 0x8E93
mem[X,0x0000000080000B1A] -> 0x200E
[715] [M]: 0x0000000080000B18 (0x200E8E93) addi t4, t4, 0x200
x29 <- 0x0000400000000200

mem[X,0x0000000080000B1C] -> 0x2F9B
mem[X,0x0000000080000B1E] -> 0xFFDF
[716] [M]: 0x0000000080000B1C (0xFFDF2F9B) shar t6, t5, t4
x31 <- 0x00000040FFFFFFF7

mem[X,0x0000000080000B20] -> 0xB423
mem[X,0x0000000080000B22] -> 0x0BF5
[717] [M]: 0x0000000080000B20 (0x0BF5B423) sd t6, 0xa8(a1)
mem[0x0000000080005248] <- 0x00000040FFFFFFF7

mem[X,0x0000000080000B24] -> 0x0F37
mem[X,0x0000000080000B26] -> 0x0004
[718] [M]: 0x0000000080000B24 (0x00040F37) lui t5, 0x40
x30 <- 0x0000000000040000

mem[X,0x0000000080000B28] -> 0x0F13
mem[X,0x0000000080000B2A] -> 0x000F
[719] [M]: 0x0000000080000B28 (0x000F0F13) addi t5, t5, 0x0
x30 <- 0x0000000000040000

mem[X,0x0000000080000B2C] -> 0x1F13
mem[X,0x0000000080000B2E] -> 0x00BF
[720] [M]: 0x0000000080000B2C (0x00BF1F13) slli t5, t5, 0xb
x30 <- 0x0000000020000000

mem[X,0x0000000080000B30] -> 0x0F13
mem[X,0x0000000080000B32] -> 0x7FFF
[721] [M]: 0x0000000080000B30 (0x7FFF0F13) addi t5, t5, 0x7ff
x30 <- 0x00000000200007FF

mem[X,0x0000000080000B34] -> 0x1F13
mem[X,0x0000000080000B36] -> 0x00BF
[722] [M]: 0x0000000080000B34 (0x00BF1F13) slli t5, t5, 0xb
x30 <- 0x00000100003FF800

mem[X,0x0000000080000B38] -> 0x0F13
mem[X,0x0000000080000B3A] -> 0x7FFF
[723] [M]: 0x0000000080000B38 (0x7FFF0F13) addi t5, t5, 0x7ff
x30 <- 0x00000100003FFFFF

mem[X,0x0000000080000B3C] -> 0x1F13
mem[X,0x0000000080000B3E] -> 0x00AF
[724] [M]: 0x0000000080000B3C (0x00AF1F13) slli t5, t5, 0xa
x30 <- 0x00040000FFFFFC00

mem[X,0x0000000080000B40] -> 0x0F13
mem[X,0x0000000080000B42] -> 0x3EFF
[725] [M]: 0x0000000080000B40 (0x3EFF0F13) addi t5, t5, 0x3ef
x30 <- 0x00040000FFFFFFEF

mem[X,0x0000000080000B44] -> 0xFEB7
mem[X,0x0000000080000B46] -> 0xFFFF
[726] [M]: 0x0000000080000B44 (0xFFFFFEB7) lui t4, -0x1
x29 <- 0xFFFFFFFFFFFFF000

mem[X,0x0000000080000B48] -> 0x8E93
mem[X,0x0000000080000B4A] -> 0x7FFE
[727] [M]: 0x0000000080000B48 (0x7FFE8E93) addi t4, t4, 0x7ff
x29 <- 0xFFFFFFFFFFFFF7FF

mem[X,0x0000000080000B4C] -> 0x9E93
mem[X,0x0000000080000B4E] -> 0x00BE
[728] [M]: 0x0000000080000B4C (0x00BE9E93) slli t4, t4, 0xb
x29 <- 0xFFFFFFFFFFBFF800

mem[X,0x0000000080000B50] -> 0x8E93
mem[X,0x0000000080000B52] -> 0x400E
[729] [M]: 0x0000000080000B50 (0x400E8E93) addi t4, t4, 0x400
x29 <- 0xFFFFFFFFFFBFFC00

mem[X,0x0000000080000B54] -> 0x9E93
mem[X,0x0000000080000B56] -> 0x00BE
[730] [M]: 0x0000000080000B54 (0x00BE9E93) slli t4, t4, 0xb
x29 <- 0xFFFFFFFDFFE00000

mem[X,0x0000000080000B58] -> 0x8E93
mem[X,0x0000000080000B5A] -> 0x000E
[731] [M]: 0x0000000080000B58 (0x000E8E93) addi t4, t4, 0x0
x29 <- 0xFFFFFFFDFFE00000

mem[X,0x0000000080000B5C] -> 0x9E93
mem[X,0x0000000080000B5E] -> 0x00AE
[732] [M]: 0x0000000080000B5C (0x00AE9E93) slli t4, t4, 0xa
x29 <- 0xFFFFF7FF80000000

mem[X,0x0000000080000B60] -> 0x2F9B
mem[X,0x0000000080000B62] -> 0xFFDF
[733] [M]: 0x0000000080000B60 (0xFFDF2F9B) shar t6, t5, t4
x31 <- 0x00040000FFFFFFEF

mem[X,0x0000000080000B64] -> 0xB823
mem[X,0x0000000080000B66] -> 0x0BF5
[734] [M]: 0x0000000080000B64 (0x0BF5B823) sd t6, 0xb0(a1)
mem[0x0000000080005250] <- 0x00040000FFFFFFEF

mem[X,0x0000000080000B68] -> 0x8F37
mem[X,0x0000000080000B6A] -> 0xFFFF
[735] [M]: 0x0000000080000B68 (0xFFFF8F37) lui t5, -0x8
x30 <- 0xFFFFFFFFFFFF8000

mem[X,0x0000000080000B6C] -> 0x0F13
mem[X,0x0000000080000B6E] -> 0xFFFF
[736] [M]: 0x0000000080000B6C (0xFFFF0F13) addi t5, t5, -0x1
x30 <- 0xFFFFFFFFFFFF7FFF

mem[X,0x0000000080000B70] -> 0x1F13
mem[X,0x0000000080000B72] -> 0x00BF
[737] [M]: 0x0000000080000B70 (0x00BF1F13) slli t5, t5, 0xb
x30 <- 0xFFFFFFFFFBFFF800

mem[X,0x0000000080000B74] -> 0x0F13
mem[X,0x0000000080000B76] -> 0x7FFF
[738] [M]: 0x0000000080000B74 (0x7FFF0F13) addi t5, t5, 0x7ff
x30 <- 0xFFFFFFFFFBFFFFFF

mem[X,0x0000000080000B78] -> 0x1F13
mem[X,0x0000000080000B7A] -> 0x00BF
[739] [M]: 0x0000000080000B78 (0x00BF1F13) slli t5, t5, 0xb
x30 <- 0xFFFFFFDFFFFFF800

mem[X,0x0000000080000B7C] -> 0x0F13
mem[X,0x0000000080000B7E] -> 0x7FFF
[740] [M]: 0x0000000080000B7C (0x7FFF0F13) addi t5, t5, 0x7ff
x30 <- 0xFFFFFFDFFFFFFFFF

mem[X,0x0000000080000B80] -> 0x1F13
mem[X,0x0000000080000B82] -> 0x00AF
[741] [M]: 0x0000000080000B80 (0x00AF1F13) slli t5, t5, 0xa
x30 <- 0xFFFF7FFFFFFFFC00

mem[X,0x0000000080000B84] -> 0x0F13
mem[X,0x0000000080000B86] -> 0x3DFF
[742] [M]: 0x0000000080000B84 (0x3DFF0F13) addi t5, t5, 0x3df
x30 <- 0xFFFF7FFFFFFFFFDF

mem[X,0x0000000080000B88] -> 0x0EB7
mem[X,0x0000000080000B8A] -> 0x0000
[743] [M]: 0x0000000080000B88 (0x00000EB7) lui t4, 0x0
x29 <- 0x0000000000000000

mem[X,0x0000000080000B8C] -> 0x8E93
mem[X,0x0000000080000B8E] -> 0xBFFE
[744] [M]: 0x0000000080000B8C (0xBFFE8E93) addi t4, t4, -0x401
x29 <- 0xFFFFFFFFFFFFFBFF

mem[X,0x0000000080000B90] -> 0x9E93
mem[X,0x0000000080000B92] -> 0x00BE
[745] [M]: 0x0000000080000B90 (0x00BE9E93) slli t4, t4, 0xb
x29 <- 0xFFFFFFFFFFDFF800

mem[X,0x0000000080000B94] -> 0x8E93
mem[X,0x0000000080000B96] -> 0x7FFE
[746] [M]: 0x0000000080000B94 (0x7FFE8E93) addi t4, t4, 0x7ff
x29 <- 0xFFFFFFFFFFDFFFFF

mem[X,0x0000000080000B98] -> 0x9E93
mem[X,0x0000000080000B9A] -> 0x00BE
[747] [M]: 0x0000000080000B98 (0x00BE9E93) slli t4, t4, 0xb
x29 <- 0xFFFFFFFEFFFFF800

mem[X,0x0000000080000B9C] -> 0x8E93
mem[X,0x0000000080000B9E] -> 0x7FFE
[748] [M]: 0x0000000080000B9C (0x7FFE8E93) addi t4, t4, 0x7ff
x29 <- 0xFFFFFFFEFFFFFFFF

mem[X,0x0000000080000BA0] -> 0x9E93
mem[X,0x0000000080000BA2] -> 0x00AE
[749] [M]: 0x0000000080000BA0 (0x00AE9E93) slli t4, t4, 0xa
x29 <- 0xFFFFFBFFFFFFFC00

mem[X,0x0000000080000BA4] -> 0x8E93
mem[X,0x0000000080000BA6] -> 0x3DFE
[750] [M]: 0x0000000080000BA4 (0x3DFE8E93) addi t4, t4, 0x3df
x29 <- 0xFFFFFBFFFFFFFFDF

mem[X,0x0000000080000BA8] -> 0x2F9B
mem[X,0x0000000080000BAA] -> 0xFFDF
[751] [M]: 0x0000000080000BA8 (0xFFDF2F9B) shar t6, t5, t4
x31 <- 0xFFFFFFEF80000000

mem[X,0x0000000080000BAC] -> 0xBC23
mem[X,0x0000000080000BAE] -> 0x0BF5
[752] [M]: 0x0000000080000BAC (0x0BF5BC23) sd t6, 0xb8(a1)
mem[0x0000000080005258] <- 0xFFFFFFEF80000000

mem[X,0x0000000080000BB0] -> 0x0F37
mem[X,0x0000000080000BB2] -> 0x0000
[753] [M]: 0x0000000080000BB0 (0x00000F37) lui t5, 0x0
x30 <- 0x0000000000000000

mem[X,0x0000000080000BB4] -> 0x0F13
mem[X,0x0000000080000BB6] -> 0xFFBF
[754] [M]: 0x0000000080000BB4 (0xFFBF0F13) addi t5, t5, -0x5
x30 <- 0xFFFFFFFFFFFFFFFB

mem[X,0x0000000080000BB8] -> 0x1F13
mem[X,0x0000000080000BBA] -> 0x00BF
[755] [M]: 0x0000000080000BB8 (0x00BF1F13) slli t5, t5, 0xb
x30 <- 0xFFFFFFFFFFFFD800

mem[X,0x0000000080000BBC] -> 0x0F13
mem[X,0x0000000080000BBE] -> 0x7FFF
[756] [M]: 0x0000000080000BBC (0x7FFF0F13) addi t5, t5, 0x7ff
x30 <- 0xFFFFFFFFFFFFDFFF

mem[X,0x0000000080000BC0] -> 0x1F13
mem[X,0x0000000080000BC2] -> 0x00BF
[757] [M]: 0x0000000080000BC0 (0x00BF1F13) slli t5, t5, 0xb
x30 <- 0xFFFFFFFFFEFFF800

mem[X,0x0000000080000BC4] -> 0x0F13
mem[X,0x0000000080000BC6] -> 0x7FFF
[758] [M]: 0x0000000080000BC4 (0x7FFF0F13) addi t5, t5, 0x7ff
x30 <- 0xFFFFFFFFFEFFFFFF

mem[X,0x0000000080000BC8] -> 0x1F13
mem[X,0x0000000080000BCA] -> 0x00AF
[759] [M]: 0x0000000080000BC8 (0x00AF1F13) slli t5, t5, 0xa
x30 <- 0xFFFFFFFBFFFFFC00

mem[X,0x0000000080000BCC] -> 0x0F13
mem[X,0x0000000080000BCE] -> 0x3BFF
[760] [M]: 0x0000000080000BCC (0x3BFF0F13) addi t5, t5, 0x3bf
x30 <- 0xFFFFFFFBFFFFFFBF

mem[X,0x0000000080000BD0] -> 0x0EB7
mem[X,0x0000000080000BD2] -> 0x0000
[761] [M]: 0x0000000080000BD0 (0x00000EB7) lui t4, 0x0
x29 <- 0x0000000000000000

mem[X,0x0000000080000BD4] -> 0x8E93
mem[X,0x0000000080000BD6] -> 0xFFCE
[762] [M]: 0x0000000080000BD4 (0xFFCE8E93) addi t4, t4, -0x4
x29 <- 0xFFFFFFFFFFFFFFFC

mem[X,0x0000000080000BD8] -> 0x9E93
mem[X,0x0000000080000BDA] -> 0x00BE
[763] [M]: 0x0000000080000BD8 (0x00BE9E93) slli t4, t4, 0xb
x29 <- 0xFFFFFFFFFFFFE000

mem[X,0x0000000080000BDC] -> 0x8E93
mem[X,0x0000000080000BDE] -> 0x7FFE
[764] [M]: 0x0000000080000BDC (0x7FFE8E93) addi t4, t4, 0x7ff
x29 <- 0xFFFFFFFFFFFFE7FF

mem[X,0x0000000080000BE0] -> 0x9E93
mem[X,0x0000000080000BE2] -> 0x00BE
[765] [M]: 0x0000000080000BE0 (0x00BE9E93) slli t4, t4, 0xb
x29 <- 0xFFFFFFFFFF3FF800

mem[X,0x0000000080000BE4] -> 0x8E93
mem[X,0x0000000080000BE6] -> 0x7FFE
[766] [M]: 0x0000000080000BE4 (0x7FFE8E93) addi t4, t4, 0x7ff
x29 <- 0xFFFFFFFFFF3FFFFF

mem[X,0x0000000080000BE8] -> 0x9E93
mem[X,0x0000000080000BEA] -> 0x00AE
[767] [M]: 0x0000000080000BE8 (0x00AE9E93) slli t4, t4, 0xa
x29 <- 0xFFFFFFFCFFFFFC00

mem[X,0x0000000080000BEC] -> 0x8E93
mem[X,0x0000000080000BEE] -> 0x3FBE
[768] [M]: 0x0000000080000BEC (0x3FBE8E93) addi t4, t4, 0x3fb
x29 <- 0xFFFFFFFCFFFFFFFB

mem[X,0x0000000080000BF0] -> 0x2F9B
mem[X,0x0000000080000BF2] -> 0xFFDF
[769] [M]: 0x0000000080000BF0 (0xFFDF2F9B) shar t6, t5, t4
x31 <- 0xFFFFFFFFDFFFFFFE

mem[X,0x0000000080000BF4] -> 0xB023
mem[X,0x0000000080000BF6] -> 0x0DF5
[770] [M]: 0x0000000080000BF4 (0x0DF5B023) sd t6, 0xc0(a1)
mem[0x0000000080005260] <- 0xFFFFFFFFDFFFFFFE

mem[X,0x0000000080000BF8] -> 0x8F37
mem[X,0x0000000080000BFA] -> 0xFFFF
[771] [M]: 0x0000000080000BF8 (0xFFFF8F37) lui t5, -0x8
x30 <- 0xFFFFFFFFFFFF8000

mem[X,0x0000000080000BFC] -> 0x0F13
mem[X,0x0000000080000BFE] -> 0xFFFF
[772] [M]: 0x0000000080000BFC (0xFFFF0F13) addi t5, t5, -0x1
x30 <- 0xFFFFFFFFFFFF7FFF

mem[X,0x0000000080000C00] -> 0x1F13
mem[X,0x0000000080000C02] -> 0x00BF
[773] [M]: 0x0000000080000C00 (0x00BF1F13) slli t5, t5, 0xb
x30 <- 0xFFFFFFFFFBFFF800

mem[X,0x0000000080000C04] -> 0x0F13
mem[X,0x0000000080000C06] -> 0x7FFF
[774] [M]: 0x0000000080000C04 (0x7FFF0F13) addi t5, t5, 0x7ff
x30 <- 0xFFFFFFFFFBFFFFFF

mem[X,0x0000000080000C08] -> 0x1F13
mem[X,0x0000000080000C0A] -> 0x00BF
[775] [M]: 0x0000000080000C08 (0x00BF1F13) slli t5, t5, 0xb
x30 <- 0xFFFFFFDFFFFFF800

mem[X,0x0000000080000C0C] -> 0x0F13
mem[X,0x0000000080000C0E] -> 0x7FFF
[776] [M]: 0x0000000080000C0C (0x7FFF0F13) addi t5, t5, 0x7ff
x30 <- 0xFFFFFFDFFFFFFFFF

mem[X,0x0000000080000C10] -> 0x1F13
mem[X,0x0000000080000C12] -> 0x00AF
[777] [M]: 0x0000000080000C10 (0x00AF1F13) slli t5, t5, 0xa
x30 <- 0xFFFF7FFFFFFFFC00

mem[X,0x0000000080000C14] -> 0x0F13
mem[X,0x0000000080000C16] -> 0x37FF
[778] [M]: 0x0000000080000C14 (0x37FF0F13) addi t5, t5, 0x37f
x30 <- 0xFFFF7FFFFFFFFF7F

mem[X,0x0000000080000C18] -> 0x0EB7
mem[X,0x0000000080000C1A] -> 0x0000
[779] [M]: 0x0000000080000C18 (0x00000EB7) lui t4, 0x0
x29 <- 0x0000000000000000

mem[X,0x0000000080000C1C] -> 0x8E93
mem[X,0x0000000080000C1E] -> 0x200E
[780] [M]: 0x0000000080000C1C (0x200E8E93) addi t4, t4, 0x200
x29 <- 0x0000000000000200

mem[X,0x0000000080000C20] -> 0x9E93
mem[X,0x0000000080000C22] -> 0x00BE
[781] [M]: 0x0000000080000C20 (0x00BE9E93) slli t4, t4, 0xb
x29 <- 0x0000000000100000

mem[X,0x0000000080000C24] -> 0x8E93
mem[X,0x0000000080000C26] -> 0x000E
[782] [M]: 0x0000000080000C24 (0x000E8E93) addi t4, t4, 0x0
x29 <- 0x0000000000100000

mem[X,0x0000000080000C28] -> 0x9E93
mem[X,0x0000000080000C2A] -> 0x00BE
[783] [M]: 0x0000000080000C28 (0x00BE9E93) slli t4, t4, 0xb
x29 <- 0x0000000080000000

mem[X,0x0000000080000C2C] -> 0x8E93
mem[X,0x0000000080000C2E] -> 0x000E
[784] [M]: 0x0000000080000C2C (0x000E8E93) addi t4, t4, 0x0
x29 <- 0x0000000080000000

mem[X,0x0000000080000C30] -> 0x9E93
mem[X,0x0000000080000C32] -> 0x00AE
[785] [M]: 0x0000000080000C30 (0x00AE9E93) slli t4, t4, 0xa
x29 <- 0x0000020000000000

mem[X,0x0000000080000C34] -> 0x8E93
mem[X,0x0000000080000C36] -> 0x080E
[786] [M]: 0x0000000080000C34 (0x080E8E93) addi t4, t4, 0x80
x29 <- 0x0000020000000080

mem[X,0x0000000080000C38] -> 0x2F9B
mem[X,0x0000000080000C3A] -> 0xFFDF
[787] [M]: 0x0000000080000C38 (0xFFDF2F9B) shar t6, t5, t4
x31 <- 0xFFFF7FFFFFFFFF7F

mem[X,0x0000000080000C3C] -> 0xB423
mem[X,0x0000000080000C3E] -> 0x0DF5
[788] [M]: 0x0000000080000C3C (0x0DF5B423) sd t6, 0xc8(a1)
mem[0x0000000080005268] <- 0xFFFF7FFFFFFFFF7F

mem[X,0x0000000080000C40] -> 0x0F37
mem[X,0x0000000080000C42] -> 0x0000
[789] [M]: 0x0000000080000C40 (0x00000F37) lui t5, 0x0
x30 <- 0x0000000000000000

mem[X,0x0000000080000C44] -> 0x0F13
mem[X,0x0000000080000C46] -> 0x005F
[790] [M]: 0x0000000080000C44 (0x005F0F13) addi t5, t5, 0x5
x30 <- 0x0000000000000005

mem[X,0x0000000080000C48] -> 0x1F13
mem[X,0x0000000080000C4A] -> 0x00BF
[791] [M]: 0x0000000080000C48 (0x00BF1F13) slli t5, t5, 0xb
x30 <- 0x0000000000002800

mem[X,0x0000000080000C4C] -> 0x0F13
mem[X,0x0000000080000C4E] -> 0x7FFF
[792] [M]: 0x0000000080000C4C (0x7FFF0F13) addi t5, t5, 0x7ff
x30 <- 0x0000000000002FFF

mem[X,0x0000000080000C50] -> 0x1F13
mem[X,0x0000000080000C52] -> 0x00BF
[793] [M]: 0x0000000080000C50 (0x00BF1F13) slli t5, t5, 0xb
x30 <- 0x00000000017FF800

mem[X,0x0000000080000C54] -> 0x0F13
mem[X,0x0000000080000C56] -> 0x7FFF
[794] [M]: 0x0000000080000C54 (0x7FFF0F13) addi t5, t5, 0x7ff
x30 <- 0x00000000017FFFFF

mem[X,0x0000000080000C58] -> 0x1F13
mem[X,0x0000000080000C5A] -> 0x00AF
[795] [M]: 0x0000000080000C58 (0x00AF1F13) slli t5, t5, 0xa
x30 <- 0x00000005FFFFFC00

mem[X,0x0000000080000C5C] -> 0x0F13
mem[X,0x0000000080000C5E] -> 0x2FFF
[796] [M]: 0x0000000080000C5C (0x2FFF0F13) addi t5, t5, 0x2ff
x30 <- 0x00000005FFFFFEFF

mem[X,0x0000000080000C60] -> 0xCEB7
mem[X,0x0000000080000C62] -> 0xFFFF
[797] [M]: 0x0000000080000C60 (0xFFFFCEB7) lui t4, -0x4
x29 <- 0xFFFFFFFFFFFFC000

mem[X,0x0000000080000C64] -> 0x8E93
mem[X,0x0000000080000C66] -> 0xFFFE
[798] [M]: 0x0000000080000C64 (0xFFFE8E93) addi t4, t4, -0x1
x29 <- 0xFFFFFFFFFFFFBFFF

mem[X,0x0000000080000C68] -> 0x9E93
mem[X,0x0000000080000C6A] -> 0x00BE
[799] [M]: 0x0000000080000C68 (0x00BE9E93) slli t4, t4, 0xb
x29 <- 0xFFFFFFFFFDFFF800

clint::tick mtime <- 0x0000000000000008
 clint timer pending at mtime 0x0000000000000008
htif::tick 0x0000000000000000
mem[X,0x0000000080000C6C] -> 0x8E93
mem[X,0x0000000080000C6E] -> 0x7FFE
[800] [M]: 0x0000000080000C6C (0x7FFE8E93) addi t4, t4, 0x7ff
x29 <- 0xFFFFFFFFFDFFFFFF

mem[X,0x0000000080000C70] -> 0x9E93
mem[X,0x0000000080000C72] -> 0x00BE
[801] [M]: 0x0000000080000C70 (0x00BE9E93) slli t4, t4, 0xb
x29 <- 0xFFFFFFEFFFFFF800

mem[X,0x0000000080000C74] -> 0x8E93
mem[X,0x0000000080000C76] -> 0x7FDE
[802] [M]: 0x0000000080000C74 (0x7FDE8E93) addi t4, t4, 0x7fd
x29 <- 0xFFFFFFEFFFFFFFFD

mem[X,0x0000000080000C78] -> 0x9E93
mem[X,0x0000000080000C7A] -> 0x00AE
[803] [M]: 0x0000000080000C78 (0x00AE9E93) slli t4, t4, 0xa
x29 <- 0xFFFFBFFFFFFFF400

mem[X,0x0000000080000C7C] -> 0x8E93
mem[X,0x0000000080000C7E] -> 0x3FFE
[804] [M]: 0x0000000080000C7C (0x3FFE8E93) addi t4, t4, 0x3ff
x29 <- 0xFFFFBFFFFFFFF7FF

mem[X,0x0000000080000C80] -> 0x2F9B
mem[X,0x0000000080000C82] -> 0xFFDF
[805] [M]: 0x0000000080000C80 (0xFFDF2F9B) shar t6, t5, t4
x31 <- 0x00000002FFFFFF80

mem[X,0x0000000080000C84] -> 0xB823
mem[X,0x0000000080000C86] -> 0x0DF5
[806] [M]: 0x0000000080000C84 (0x0DF5B823) sd t6, 0xd0(a1)
mem[0x0000000080005270] <- 0x00000002FFFFFF80

mem[X,0x0000000080000C88] -> 0x0F37
mem[X,0x0000000080000C8A] -> 0x0008
[807] [M]: 0x0000000080000C88 (0x00080F37) lui t5, 0x80
x30 <- 0x0000000000080000

mem[X,0x0000000080000C8C] -> 0x0F13
mem[X,0x0000000080000C8E] -> 0x000F
[808] [M]: 0x0000000080000C8C (0x000F0F13) addi t5, t5, 0x0
x30 <- 0x0000000000080000

mem[X,0x0000000080000C90] -> 0x1F13
mem[X,0x0000000080000C92] -> 0x00BF
[809] [M]: 0x0000000080000C90 (0x00BF1F13) slli t5, t5, 0xb
x30 <- 0x0000000040000000

mem[X,0x0000000080000C94] -> 0x0F13
mem[X,0x0000000080000C96] -> 0x7FFF
[810] [M]: 0x0000000080000C94 (0x7FFF0F13) addi t5, t5, 0x7ff
x30 <- 0x00000000400007FF

mem[X,0x0000000080000C98] -> 0x1F13
mem[X,0x0000000080000C9A] -> 0x00BF
[811] [M]: 0x0000000080000C98 (0x00BF1F13) slli t5, t5, 0xb
x30 <- 0x00000200003FF800

mem[X,0x0000000080000C9C] -> 0x0F13
mem[X,0x0000000080000C9E] -> 0x7FFF
[812] [M]: 0x0000000080000C9C (0x7FFF0F13) addi t5, t5, 0x7ff
x30 <- 0x00000200003FFFFF

mem[X,0x0000000080000CA0] -> 0x1F13
mem[X,0x0000000080000CA2] -> 0x00AF
[813] [M]: 0x0000000080000CA0 (0x00AF1F13) slli t5, t5, 0xa
x30 <- 0x00080000FFFFFC00

mem[X,0x0000000080000CA4] -> 0x0F13
mem[X,0x0000000080000CA6] -> 0x1FFF
[814] [M]: 0x0000000080000CA4 (0x1FFF0F13) addi t5, t5, 0x1ff
x30 <- 0x00080000FFFFFDFF

mem[X,0x0000000080000CA8] -> 0x0E93
mem[X,0x0000000080000CAA] -> 0x0010
[815] [M]: 0x0000000080000CA8 (0x00100E93) addi t4, zero, 0x1
x29 <- 0x0000000000000001

mem[X,0x0000000080000CAC] -> 0x9E93
mem[X,0x0000000080000CAE] -> 0x015E
[816] [M]: 0x0000000080000CAC (0x015E9E93) slli t4, t4, 0x15
x29 <- 0x0000000000200000

mem[X,0x0000000080000CB0] -> 0xCE93
mem[X,0x0000000080000CB2] -> 0xFFFE
[817] [M]: 0x0000000080000CB0 (0xFFFECE93) xori t4, t4, -0x1
x29 <- 0xFFFFFFFFFFDFFFFF

mem[X,0x0000000080000CB4] -> 0x2F9B
mem[X,0x0000000080000CB6] -> 0xFFDF
[818] [M]: 0x0000000080000CB4 (0xFFDF2F9B) shar t6, t5, t4
x31 <- 0x000400007FFFFF00

mem[X,0x0000000080000CB8] -> 0xBC23
mem[X,0x0000000080000CBA] -> 0x0DF5
[819] [M]: 0x0000000080000CB8 (0x0DF5BC23) sd t6, 0xd8(a1)
mem[0x0000000080005278] <- 0x000400007FFFFF00

mem[X,0x0000000080000CBC] -> 0x0F37
mem[X,0x0000000080000CBE] -> 0x0020
[820] [M]: 0x0000000080000CBC (0x00200F37) lui t5, 0x200
x30 <- 0x0000000000200000

mem[X,0x0000000080000CC0] -> 0x0F13
mem[X,0x0000000080000CC2] -> 0x000F
[821] [M]: 0x0000000080000CC0 (0x000F0F13) addi t5, t5, 0x0
x30 <- 0x0000000000200000

mem[X,0x0000000080000CC4] -> 0x1F13
mem[X,0x0000000080000CC6] -> 0x00BF
[822] [M]: 0x0000000080000CC4 (0x00BF1F13) slli t5, t5, 0xb
x30 <- 0x0000000100000000

mem[X,0x0000000080000CC8] -> 0x0F13
mem[X,0x0000000080000CCA] -> 0x7FFF
[823] [M]: 0x0000000080000CC8 (0x7FFF0F13) addi t5, t5, 0x7ff
x30 <- 0x00000001000007FF

mem[X,0x0000000080000CCC] -> 0x1F13
mem[X,0x0000000080000CCE] -> 0x00BF
[824] [M]: 0x0000000080000CCC (0x00BF1F13) slli t5, t5, 0xb
x30 <- 0x00000800003FF800

mem[X,0x0000000080000CD0] -> 0x0F13
mem[X,0x0000000080000CD2] -> 0x7FEF
[825] [M]: 0x0000000080000CD0 (0x7FEF0F13) addi t5, t5, 0x7fe
x30 <- 0x00000800003FFFFE

mem[X,0x0000000080000CD4] -> 0x1F13
mem[X,0x0000000080000CD6] -> 0x00AF
[826] [M]: 0x0000000080000CD4 (0x00AF1F13) slli t5, t5, 0xa
x30 <- 0x00200000FFFFF800

mem[X,0x0000000080000CD8] -> 0x0F13
mem[X,0x0000000080000CDA] -> 0x3FFF
[827] [M]: 0x0000000080000CD8 (0x3FFF0F13) addi t5, t5, 0x3ff
x30 <- 0x00200000FFFFFBFF

mem[X,0x0000000080000CDC] -> 0x0EB7
mem[X,0x0000000080000CDE] -> 0x0000
[828] [M]: 0x0000000080000CDC (0x00000EB7) lui t4, 0x0
x29 <- 0x0000000000000000

mem[X,0x0000000080000CE0] -> 0x8E93
mem[X,0x0000000080000CE2] -> 0xFFDE
[829] [M]: 0x0000000080000CE0 (0xFFDE8E93) addi t4, t4, -0x3
x29 <- 0xFFFFFFFFFFFFFFFD

mem[X,0x0000000080000CE4] -> 0x9E93
mem[X,0x0000000080000CE6] -> 0x00BE
[830] [M]: 0x0000000080000CE4 (0x00BE9E93) slli t4, t4, 0xb
x29 <- 0xFFFFFFFFFFFFE800

mem[X,0x0000000080000CE8] -> 0x8E93
mem[X,0x0000000080000CEA] -> 0x7FFE
[831] [M]: 0x0000000080000CE8 (0x7FFE8E93) addi t4, t4, 0x7ff
x29 <- 0xFFFFFFFFFFFFEFFF

mem[X,0x0000000080000CEC] -> 0x9E93
mem[X,0x0000000080000CEE] -> 0x00BE
[832] [M]: 0x0000000080000CEC (0x00BE9E93) slli t4, t4, 0xb
x29 <- 0xFFFFFFFFFF7FF800

mem[X,0x0000000080000CF0] -> 0x8E93
mem[X,0x0000000080000CF2] -> 0x7FFE
[833] [M]: 0x0000000080000CF0 (0x7FFE8E93) addi t4, t4, 0x7ff
x29 <- 0xFFFFFFFFFF7FFFFF

mem[X,0x0000000080000CF4] -> 0x9E93
mem[X,0x0000000080000CF6] -> 0x00AE
[834] [M]: 0x0000000080000CF4 (0x00AE9E93) slli t4, t4, 0xa
x29 <- 0xFFFFFFFDFFFFFC00

mem[X,0x0000000080000CF8] -> 0x8E93
mem[X,0x0000000080000CFA] -> 0x3DFE
[835] [M]: 0x0000000080000CF8 (0x3DFE8E93) addi t4, t4, 0x3df
x29 <- 0xFFFFFFFDFFFFFFDF

mem[X,0x0000000080000CFC] -> 0x2F9B
mem[X,0x0000000080000CFE] -> 0xFFDF
[836] [M]: 0x0000000080000CFC (0xFFDF2F9B) shar t6, t5, t4
x31 <- 0x7FFFFDFF80000000

mem[X,0x0000000080000D00] -> 0xB023
mem[X,0x0000000080000D02] -> 0x0FF5
[837] [M]: 0x0000000080000D00 (0x0FF5B023) sd t6, 0xe0(a1)
mem[0x0000000080005280] <- 0x7FFFFDFF80000000

mem[X,0x0000000080000D04] -> 0x0F37
mem[X,0x0000000080000D06] -> 0x0400
[838] [M]: 0x0000000080000D04 (0x04000F37) lui t5, 0x4000
x30 <- 0x0000000004000000

mem[X,0x0000000080000D08] -> 0x0F13
mem[X,0x0000000080000D0A] -> 0x000F
[839] [M]: 0x0000000080000D08 (0x000F0F13) addi t5, t5, 0x0
x30 <- 0x0000000004000000

mem[X,0x0000000080000D0C] -> 0x1F13
mem[X,0x0000000080000D0E] -> 0x00BF
[840] [M]: 0x0000000080000D0C (0x00BF1F13) slli t5, t5, 0xb
x30 <- 0x0000002000000000

mem[X,0x0000000080000D10] -> 0x0F13
mem[X,0x0000000080000D12] -> 0x7FFF
[841] [M]: 0x0000000080000D10 (0x7FFF0F13) addi t5, t5, 0x7ff
x30 <- 0x00000020000007FF

mem[X,0x0000000080000D14] -> 0x1F13
mem[X,0x0000000080000D16] -> 0x00BF
[842] [M]: 0x0000000080000D14 (0x00BF1F13) slli t5, t5, 0xb
x30 <- 0x00010000003FF800

mem[X,0x0000000080000D18] -> 0x0F13
mem[X,0x0000000080000D1A] -> 0x7FDF
[843] [M]: 0x0000000080000D18 (0x7FDF0F13) addi t5, t5, 0x7fd
x30 <- 0x00010000003FFFFD

mem[X,0x0000000080000D1C] -> 0x1F13
mem[X,0x0000000080000D1E] -> 0x00AF
[844] [M]: 0x0000000080000D1C (0x00AF1F13) slli t5, t5, 0xa
x30 <- 0x04000000FFFFF400

mem[X,0x0000000080000D20] -> 0x0F13
mem[X,0x0000000080000D22] -> 0x3FFF
[845] [M]: 0x0000000080000D20 (0x3FFF0F13) addi t5, t5, 0x3ff
x30 <- 0x04000000FFFFF7FF

mem[X,0x0000000080000D24] -> 0x0E93
mem[X,0x0000000080000D26] -> 0xFFF0
[846] [M]: 0x0000000080000D24 (0xFFF00E93) addi t4, zero, -0x1
x29 <- 0xFFFFFFFFFFFFFFFF

mem[X,0x0000000080000D28] -> 0xDE93
mem[X,0x0000000080000D2A] -> 0x020E
[847] [M]: 0x0000000080000D28 (0x020EDE93) srli t4, t4, 0x20
x29 <- 0x00000000FFFFFFFF

mem[X,0x0000000080000D2C] -> 0x2F9B
mem[X,0x0000000080000D2E] -> 0xFFDF
[848] [M]: 0x0000000080000D2C (0xFFDF2F9B) shar t6, t5, t4
x31 <- 0x020000007FFFFC00

mem[X,0x0000000080000D30] -> 0xB423
mem[X,0x0000000080000D32] -> 0x0FF5
[849] [M]: 0x0000000080000D30 (0x0FF5B423) sd t6, 0xe8(a1)
mem[0x0000000080005288] <- 0x020000007FFFFC00

mem[X,0x0000000080000D34] -> 0x0F37
mem[X,0x0000000080000D36] -> 0x0000
[850] [M]: 0x0000000080000D34 (0x00000F37) lui t5, 0x0
x30 <- 0x0000000000000000

mem[X,0x0000000080000D38] -> 0x0F13
mem[X,0x0000000080000D3A] -> 0xBFFF
[851] [M]: 0x0000000080000D38 (0xBFFF0F13) addi t5, t5, -0x401
x30 <- 0xFFFFFFFFFFFFFBFF

mem[X,0x0000000080000D3C] -> 0x1F13
mem[X,0x0000000080000D3E] -> 0x00BF
[852] [M]: 0x0000000080000D3C (0x00BF1F13) slli t5, t5, 0xb
x30 <- 0xFFFFFFFFFFDFF800

mem[X,0x0000000080000D40] -> 0x0F13
mem[X,0x0000000080000D42] -> 0x7FFF
[853] [M]: 0x0000000080000D40 (0x7FFF0F13) addi t5, t5, 0x7ff
x30 <- 0xFFFFFFFFFFDFFFFF

mem[X,0x0000000080000D44] -> 0x1F13
mem[X,0x0000000080000D46] -> 0x00BF
[854] [M]: 0x0000000080000D44 (0x00BF1F13) slli t5, t5, 0xb
x30 <- 0xFFFFFFFEFFFFF800

mem[X,0x0000000080000D48] -> 0x0F13
mem[X,0x0000000080000D4A] -> 0x7FBF
[855] [M]: 0x0000000080000D48 (0x7FBF0F13) addi t5, t5, 0x7fb
x30 <- 0xFFFFFFFEFFFFFFFB

mem[X,0x0000000080000D4C] -> 0x1F13
mem[X,0x0000000080000D4E] -> 0x00AF
[856] [M]: 0x0000000080000D4C (0x00AF1F13) slli t5, t5, 0xa
x30 <- 0xFFFFFBFFFFFFEC00

mem[X,0x0000000080000D50] -> 0x0F13
mem[X,0x0000000080000D52] -> 0x3FFF
[857] [M]: 0x0000000080000D50 (0x3FFF0F13) addi t5, t5, 0x3ff
x30 <- 0xFFFFFBFFFFFFEFFF

mem[X,0x0000000080000D54] -> 0x0EB7
mem[X,0x0000000080000D56] -> 0xFE00
[858] [M]: 0x0000000080000D54 (0xFE000EB7) lui t4, -0x2000
x29 <- 0xFFFFFFFFFE000000

mem[X,0x0000000080000D58] -> 0x8E93
mem[X,0x0000000080000D5A] -> 0xFFFE
[859] [M]: 0x0000000080000D58 (0xFFFE8E93) addi t4, t4, -0x1
x29 <- 0xFFFFFFFFFDFFFFFF

mem[X,0x0000000080000D5C] -> 0x9E93
mem[X,0x0000000080000D5E] -> 0x00BE
[860] [M]: 0x0000000080000D5C (0x00BE9E93) slli t4, t4, 0xb
x29 <- 0xFFFFFFEFFFFFF800

mem[X,0x0000000080000D60] -> 0x8E93
mem[X,0x0000000080000D62] -> 0x000E
[861] [M]: 0x0000000080000D60 (0x000E8E93) addi t4, t4, 0x0
x29 <- 0xFFFFFFEFFFFFF800

mem[X,0x0000000080000D64] -> 0x9E93
mem[X,0x0000000080000D66] -> 0x00BE
[862] [M]: 0x0000000080000D64 (0x00BE9E93) slli t4, t4, 0xb
x29 <- 0xFFFF7FFFFFC00000

mem[X,0x0000000080000D68] -> 0x8E93
mem[X,0x0000000080000D6A] -> 0x000E
[863] [M]: 0x0000000080000D68 (0x000E8E93) addi t4, t4, 0x0
x29 <- 0xFFFF7FFFFFC00000

mem[X,0x0000000080000D6C] -> 0x9E93
mem[X,0x0000000080000D6E] -> 0x00AE
[864] [M]: 0x0000000080000D6C (0x00AE9E93) slli t4, t4, 0xa
x29 <- 0xFDFFFFFF00000000

mem[X,0x0000000080000D70] -> 0x8E93
mem[X,0x0000000080000D72] -> 0x002E
[865] [M]: 0x0000000080000D70 (0x002E8E93) addi t4, t4, 0x2
x29 <- 0xFDFFFFFF00000002

mem[X,0x0000000080000D74] -> 0x2F9B
mem[X,0x0000000080000D76] -> 0xFFDF
[866] [M]: 0x0000000080000D74 (0xFFDF2F9B) shar t6, t5, t4
x31 <- 0xFFFFEFFFFFFFBFFC

mem[X,0x0000000080000D78] -> 0xB823
mem[X,0x0000000080000D7A] -> 0x0FF5
[867] [M]: 0x0000000080000D78 (0x0FF5B823) sd t6, 0xf0(a1)
mem[0x0000000080005290] <- 0xFFFFEFFFFFFFBFFC

mem[X,0x0000000080000D7C] -> 0x0F37
mem[X,0x0000000080000D7E] -> 0x0000
[868] [M]: 0x0000000080000D7C (0x00000F37) lui t5, 0x0
x30 <- 0x0000000000000000

mem[X,0x0000000080000D80] -> 0x0F13
mem[X,0x0000000080000D82] -> 0x003F
[869] [M]: 0x0000000080000D80 (0x003F0F13) addi t5, t5, 0x3
x30 <- 0x0000000000000003

mem[X,0x0000000080000D84] -> 0x1F13
mem[X,0x0000000080000D86] -> 0x00BF
[870] [M]: 0x0000000080000D84 (0x00BF1F13) slli t5, t5, 0xb
x30 <- 0x0000000000001800

mem[X,0x0000000080000D88] -> 0x0F13
mem[X,0x0000000080000D8A] -> 0x7FFF
[871] [M]: 0x0000000080000D88 (0x7FFF0F13) addi t5, t5, 0x7ff
x30 <- 0x0000000000001FFF

mem[X,0x0000000080000D8C] -> 0x1F13
mem[X,0x0000000080000D8E] -> 0x00BF
[872] [M]: 0x0000000080000D8C (0x00BF1F13) slli t5, t5, 0xb
x30 <- 0x0000000000FFF800

mem[X,0x0000000080000D90] -> 0x0F13
mem[X,0x0000000080000D92] -> 0x7F7F
[873] [M]: 0x0000000080000D90 (0x7F7F0F13) addi t5, t5, 0x7f7
x30 <- 0x0000000000FFFFF7

mem[X,0x0000000080000D94] -> 0x1F13
mem[X,0x0000000080000D96] -> 0x00AF
[874] [M]: 0x0000000080000D94 (0x00AF1F13) slli t5, t5, 0xa
x30 <- 0x00000003FFFFDC00

mem[X,0x0000000080000D98] -> 0x0F13
mem[X,0x0000000080000D9A] -> 0x3FFF
[875] [M]: 0x0000000080000D98 (0x3FFF0F13) addi t5, t5, 0x3ff
x30 <- 0x00000003FFFFDFFF

mem[X,0x0000000080000D9C] -> 0x0EB7
mem[X,0x0000000080000D9E] -> 0x0000
[876] [M]: 0x0000000080000D9C (0x00000EB7) lui t4, 0x0
x29 <- 0x0000000000000000

mem[X,0x0000000080000DA0] -> 0x8E93
mem[X,0x0000000080000DA2] -> 0x002E
[877] [M]: 0x0000000080000DA0 (0x002E8E93) addi t4, t4, 0x2
x29 <- 0x0000000000000002

mem[X,0x0000000080000DA4] -> 0x9E93
mem[X,0x0000000080000DA6] -> 0x00BE
[878] [M]: 0x0000000080000DA4 (0x00BE9E93) slli t4, t4, 0xb
x29 <- 0x0000000000001000

mem[X,0x0000000080000DA8] -> 0x8E93
mem[X,0x0000000080000DAA] -> 0x77FE
[879] [M]: 0x0000000080000DA8 (0x77FE8E93) addi t4, t4, 0x77f
x29 <- 0x000000000000177F

mem[X,0x0000000080000DAC] -> 0x9E93
mem[X,0x0000000080000DAE] -> 0x00BE
[880] [M]: 0x0000000080000DAC (0x00BE9E93) slli t4, t4, 0xb
x29 <- 0x0000000000BBF800

mem[X,0x0000000080000DB0] -> 0x8E93
mem[X,0x0000000080000DB2] -> 0x7FFE
[881] [M]: 0x0000000080000DB0 (0x7FFE8E93) addi t4, t4, 0x7ff
x29 <- 0x0000000000BBFFFF

mem[X,0x0000000080000DB4] -> 0x9E93
mem[X,0x0000000080000DB6] -> 0x00AE
[882] [M]: 0x0000000080000DB4 (0x00AE9E93) slli t4, t4, 0xa
x29 <- 0x00000002EFFFFC00

mem[X,0x0000000080000DB8] -> 0x8E93
mem[X,0x0000000080000DBA] -> 0x3FFE
[883] [M]: 0x0000000080000DB8 (0x3FFE8E93) addi t4, t4, 0x3ff
x29 <- 0x00000002EFFFFFFF

mem[X,0x0000000080000DBC] -> 0x2F9B
mem[X,0x0000000080000DBE] -> 0xFFDF
[884] [M]: 0x0000000080000DBC (0xFFDF2F9B) shar t6, t5, t4
x31 <- 0x00000001FFFFF000

mem[X,0x0000000080000DC0] -> 0xBC23
mem[X,0x0000000080000DC2] -> 0x0FF5
[885] [M]: 0x0000000080000DC0 (0x0FF5BC23) sd t6, 0xf8(a1)
mem[0x0000000080005298] <- 0x00000001FFFFF000

mem[X,0x0000000080000DC4] -> 0x0F37
mem[X,0x0000000080000DC6] -> 0xFFFF
[886] [M]: 0x0000000080000DC4 (0xFFFF0F37) lui t5, -0x10
x30 <- 0xFFFFFFFFFFFF0000

mem[X,0x0000000080000DC8] -> 0x0F13
mem[X,0x0000000080000DCA] -> 0xFFFF
[887] [M]: 0x0000000080000DC8 (0xFFFF0F13) addi t5, t5, -0x1
x30 <- 0xFFFFFFFFFFFEFFFF

mem[X,0x0000000080000DCC] -> 0x1F13
mem[X,0x0000000080000DCE] -> 0x00BF
[888] [M]: 0x0000000080000DCC (0x00BF1F13) slli t5, t5, 0xb
x30 <- 0xFFFFFFFFF7FFF800

mem[X,0x0000000080000DD0] -> 0x0F13
mem[X,0x0000000080000DD2] -> 0x7FFF
[889] [M]: 0x0000000080000DD0 (0x7FFF0F13) addi t5, t5, 0x7ff
x30 <- 0xFFFFFFFFF7FFFFFF

mem[X,0x0000000080000DD4] -> 0x1F13
mem[X,0x0000000080000DD6] -> 0x00BF
[890] [M]: 0x0000000080000DD4 (0x00BF1F13) slli t5, t5, 0xb
x30 <- 0xFFFFFFBFFFFFF800

mem[X,0x0000000080000DD8] -> 0x0F13
mem[X,0x0000000080000DDA] -> 0x7EFF
[891] [M]: 0x0000000080000DD8 (0x7EFF0F13) addi t5, t5, 0x7ef
x30 <- 0xFFFFFFBFFFFFFFEF

mem[X,0x0000000080000DDC] -> 0x1F13
mem[X,0x0000000080000DDE] -> 0x00AF
[892] [M]: 0x0000000080000DDC (0x00AF1F13) slli t5, t5, 0xa
x30 <- 0xFFFEFFFFFFFFBC00

mem[X,0x0000000080000DE0] -> 0x0F13
mem[X,0x0000000080000DE2] -> 0x3FFF
[893] [M]: 0x0000000080000DE0 (0x3FFF0F13) addi t5, t5, 0x3ff
x30 <- 0xFFFEFFFFFFFFBFFF

mem[X,0x0000000080000DE4] -> 0x0EB7
mem[X,0x0000000080000DE6] -> 0x0000
[894] [M]: 0x0000000080000DE4 (0x00000EB7) lui t4, 0x0
x29 <- 0x0000000000000000

mem[X,0x0000000080000DE8] -> 0x8E93
mem[X,0x0000000080000DEA] -> 0xFFBE
[895] [M]: 0x0000000080000DE8 (0xFFBE8E93) addi t4, t4, -0x5
x29 <- 0xFFFFFFFFFFFFFFFB

mem[X,0x0000000080000DEC] -> 0x9E93
mem[X,0x0000000080000DEE] -> 0x00BE
[896] [M]: 0x0000000080000DEC (0x00BE9E93) slli t4, t4, 0xb
x29 <- 0xFFFFFFFFFFFFD800

mem[X,0x0000000080000DF0] -> 0x8E93
mem[X,0x0000000080000DF2] -> 0x000E
[897] [M]: 0x0000000080000DF0 (0x000E8E93) addi t4, t4, 0x0
x29 <- 0xFFFFFFFFFFFFD800

mem[X,0x0000000080000DF4] -> 0x9E93
mem[X,0x0000000080000DF6] -> 0x00BE
[898] [M]: 0x0000000080000DF4 (0x00BE9E93) slli t4, t4, 0xb
x29 <- 0xFFFFFFFFFEC00000

mem[X,0x0000000080000DF8] -> 0x8E93
mem[X,0x0000000080000DFA] -> 0x001E
[899] [M]: 0x0000000080000DF8 (0x001E8E93) addi t4, t4, 0x1
x29 <- 0xFFFFFFFFFEC00001

clint::tick mtime <- 0x0000000000000009
 clint timer pending at mtime 0x0000000000000009
htif::tick 0x0000000000000000
mem[X,0x0000000080000DFC] -> 0x9E93
mem[X,0x0000000080000DFE] -> 0x00AE
[900] [M]: 0x0000000080000DFC (0x00AE9E93) slli t4, t4, 0xa
x29 <- 0xFFFFFFFB00000400

mem[X,0x0000000080000E00] -> 0x2F9B
mem[X,0x0000000080000E02] -> 0xFFDF
[901] [M]: 0x0000000080000E00 (0xFFDF2F9B) shar t6, t5, t4
x31 <- 0xFFFEFFFFFFFFBFFF

mem[X,0x0000000080000E04] -> 0xB023
mem[X,0x0000000080000E06] -> 0x11F5
[902] [M]: 0x0000000080000E04 (0x11F5B023) sd t6, 0x100(a1)
mem[0x00000000800052A0] <- 0xFFFEFFFFFFFFBFFF

mem[X,0x0000000080000E08] -> 0x0F37
mem[X,0x0000000080000E0A] -> 0x0000
[903] [M]: 0x0000000080000E08 (0x00000F37) lui t5, 0x0
x30 <- 0x0000000000000000

mem[X,0x0000000080000E0C] -> 0x0F13
mem[X,0x0000000080000E0E] -> 0x080F
[904] [M]: 0x0000000080000E0C (0x080F0F13) addi t5, t5, 0x80
x30 <- 0x0000000000000080

mem[X,0x0000000080000E10] -> 0x1F13
mem[X,0x0000000080000E12] -> 0x00BF
[905] [M]: 0x0000000080000E10 (0x00BF1F13) slli t5, t5, 0xb
x30 <- 0x0000000000040000

mem[X,0x0000000080000E14] -> 0x0F13
mem[X,0x0000000080000E16] -> 0x000F
[906] [M]: 0x0000000080000E14 (0x000F0F13) addi t5, t5, 0x0
x30 <- 0x0000000000040000

mem[X,0x0000000080000E18] -> 0x1F13
mem[X,0x0000000080000E1A] -> 0x00BF
[907] [M]: 0x0000000080000E18 (0x00BF1F13) slli t5, t5, 0xb
x30 <- 0x0000000020000000

mem[X,0x0000000080000E1C] -> 0x0F13
mem[X,0x0000000080000E1E] -> 0x000F
[908] [M]: 0x0000000080000E1C (0x000F0F13) addi t5, t5, 0x0
x30 <- 0x0000000020000000

mem[X,0x0000000080000E20] -> 0x1F13
mem[X,0x0000000080000E22] -> 0x00AF
[909] [M]: 0x0000000080000E20 (0x00AF1F13) slli t5, t5, 0xa
x30 <- 0x0000008000000000

mem[X,0x0000000080000E24] -> 0x0F13
mem[X,0x0000000080000E26] -> 0x007F
[910] [M]: 0x0000000080000E24 (0x007F0F13) addi t5, t5, 0x7
x30 <- 0x0000008000000007

mem[X,0x0000000080000E28] -> 0x0EB7
mem[X,0x0000000080000E2A] -> 0xFFE0
[911] [M]: 0x0000000080000E28 (0xFFE00EB7) lui t4, -0x200
x29 <- 0xFFFFFFFFFFE00000

mem[X,0x0000000080000E2C] -> 0x8E93
mem[X,0x0000000080000E2E] -> 0xFFFE
[912] [M]: 0x0000000080000E2C (0xFFFE8E93) addi t4, t4, -0x1
x29 <- 0xFFFFFFFFFFDFFFFF

mem[X,0x0000000080000E30] -> 0x9E93
mem[X,0x0000000080000E32] -> 0x00BE
[913] [M]: 0x0000000080000E30 (0x00BE9E93) slli t4, t4, 0xb
x29 <- 0xFFFFFFFEFFFFF800

mem[X,0x0000000080000E34] -> 0x8E93
mem[X,0x0000000080000E36] -> 0x000E
[914] [M]: 0x0000000080000E34 (0x000E8E93) addi t4, t4, 0x0
x29 <- 0xFFFFFFFEFFFFF800

mem[X,0x0000000080000E38] -> 0x9E93
mem[X,0x0000000080000E3A] -> 0x00BE
[915] [M]: 0x0000000080000E38 (0x00BE9E93) slli t4, t4, 0xb
x29 <- 0xFFFFF7FFFFC00000

mem[X,0x0000000080000E3C] -> 0x8E93
mem[X,0x0000000080000E3E] -> 0x100E
[916] [M]: 0x0000000080000E3C (0x100E8E93) addi t4, t4, 0x100
x29 <- 0xFFFFF7FFFFC00100

mem[X,0x0000000080000E40] -> 0x9E93
mem[X,0x0000000080000E42] -> 0x00AE
[917] [M]: 0x0000000080000E40 (0x00AE9E93) slli t4, t4, 0xa
x29 <- 0xFFDFFFFF00040000

mem[X,0x0000000080000E44] -> 0x2F9B
mem[X,0x0000000080000E46] -> 0xFFDF
[918] [M]: 0x0000000080000E44 (0xFFDF2F9B) shar t6, t5, t4
x31 <- 0x0000008000000007

mem[X,0x0000000080000E48] -> 0xB423
mem[X,0x0000000080000E4A] -> 0x11F5
[919] [M]: 0x0000000080000E48 (0x11F5B423) sd t6, 0x108(a1)
mem[0x00000000800052A8] <- 0x0000008000000007

mem[X,0x0000000080000E4C] -> 0x0F37
mem[X,0x0000000080000E4E] -> 0x0000
[920] [M]: 0x0000000080000E4C (0x00000F37) lui t5, 0x0
x30 <- 0x0000000000000000

mem[X,0x0000000080000E50] -> 0x0F13
mem[X,0x0000000080000E52] -> 0xFFBF
[921] [M]: 0x0000000080000E50 (0xFFBF0F13) addi t5, t5, -0x5
x30 <- 0xFFFFFFFFFFFFFFFB

mem[X,0x0000000080000E54] -> 0x1F13
mem[X,0x0000000080000E56] -> 0x00BF
[922] [M]: 0x0000000080000E54 (0x00BF1F13) slli t5, t5, 0xb
x30 <- 0xFFFFFFFFFFFFD800

mem[X,0x0000000080000E58] -> 0x0F13
mem[X,0x0000000080000E5A] -> 0x000F
[923] [M]: 0x0000000080000E58 (0x000F0F13) addi t5, t5, 0x0
x30 <- 0xFFFFFFFFFFFFD800

mem[X,0x0000000080000E5C] -> 0x1F13
mem[X,0x0000000080000E5E] -> 0x00BF
[924] [M]: 0x0000000080000E5C (0x00BF1F13) slli t5, t5, 0xb
x30 <- 0xFFFFFFFFFEC00000

mem[X,0x0000000080000E60] -> 0x0F13
mem[X,0x0000000080000E62] -> 0x020F
[925] [M]: 0x0000000080000E60 (0x020F0F13) addi t5, t5, 0x20
x30 <- 0xFFFFFFFFFEC00020

mem[X,0x0000000080000E64] -> 0x1F13
mem[X,0x0000000080000E66] -> 0x00AF
[926] [M]: 0x0000000080000E64 (0x00AF1F13) slli t5, t5, 0xa
x30 <- 0xFFFFFFFB00008000

mem[X,0x0000000080000E68] -> 0x0EB7
mem[X,0x0000000080000E6A] -> 0xFFC0
[927] [M]: 0x0000000080000E68 (0xFFC00EB7) lui t4, -0x400
x29 <- 0xFFFFFFFFFFC00000

mem[X,0x0000000080000E6C] -> 0x8E93
mem[X,0x0000000080000E6E] -> 0xFFFE
[928] [M]: 0x0000000080000E6C (0xFFFE8E93) addi t4, t4, -0x1
x29 <- 0xFFFFFFFFFFBFFFFF

mem[X,0x0000000080000E70] -> 0x9E93
mem[X,0x0000000080000E72] -> 0x00BE
[929] [M]: 0x0000000080000E70 (0x00BE9E93) slli t4, t4, 0xb
x29 <- 0xFFFFFFFDFFFFF800

mem[X,0x0000000080000E74] -> 0x8E93
mem[X,0x0000000080000E76] -> 0x000E
[930] [M]: 0x0000000080000E74 (0x000E8E93) addi t4, t4, 0x0
x29 <- 0xFFFFFFFDFFFFF800

mem[X,0x0000000080000E78] -> 0x9E93
mem[X,0x0000000080000E7A] -> 0x00BE
[931] [M]: 0x0000000080000E78 (0x00BE9E93) slli t4, t4, 0xb
x29 <- 0xFFFFEFFFFFC00000

mem[X,0x0000000080000E7C] -> 0x8E93
mem[X,0x0000000080000E7E] -> 0x000E
[932] [M]: 0x0000000080000E7C (0x000E8E93) addi t4, t4, 0x0
x29 <- 0xFFFFEFFFFFC00000

mem[X,0x0000000080000E80] -> 0x9E93
mem[X,0x0000000080000E82] -> 0x00AE
[933] [M]: 0x0000000080000E80 (0x00AE9E93) slli t4, t4, 0xa
x29 <- 0xFFBFFFFF00000000

mem[X,0x0000000080000E84] -> 0x2F9B
mem[X,0x0000000080000E86] -> 0xFFDF
[934] [M]: 0x0000000080000E84 (0xFFDF2F9B) shar t6, t5, t4
x31 <- 0xFFFFFFFB00008000

mem[X,0x0000000080000E88] -> 0xB823
mem[X,0x0000000080000E8A] -> 0x11F5
[935] [M]: 0x0000000080000E88 (0x11F5B823) sd t6, 0x110(a1)
mem[0x00000000800052B0] <- 0xFFFFFFFB00008000

mem[X,0x0000000080000E8C] -> 0x0F37
mem[X,0x0000000080000E8E] -> 0x2000
[936] [M]: 0x0000000080000E8C (0x20000F37) lui t5, 0x20000
x30 <- 0x0000000020000000

mem[X,0x0000000080000E90] -> 0x0F13
mem[X,0x0000000080000E92] -> 0x001F
[937] [M]: 0x0000000080000E90 (0x001F0F13) addi t5, t5, 0x1
x30 <- 0x0000000020000001

mem[X,0x0000000080000E94] -> 0x1F13
mem[X,0x0000000080000E96] -> 0x00FF
[938] [M]: 0x0000000080000E94 (0x00FF1F13) slli t5, t5, 0xf
x30 <- 0x0000100000008000

mem[X,0x0000000080000E98] -> 0x0EB7
mem[X,0x0000000080000E9A] -> 0xFF00
[939] [M]: 0x0000000080000E98 (0xFF000EB7) lui t4, -0x1000
x29 <- 0xFFFFFFFFFF000000

mem[X,0x0000000080000E9C] -> 0x8E93
mem[X,0x0000000080000E9E] -> 0xFFFE
[940] [M]: 0x0000000080000E9C (0xFFFE8E93) addi t4, t4, -0x1
x29 <- 0xFFFFFFFFFEFFFFFF

mem[X,0x0000000080000EA0] -> 0x9E93
mem[X,0x0000000080000EA2] -> 0x00BE
[941] [M]: 0x0000000080000EA0 (0x00BE9E93) slli t4, t4, 0xb
x29 <- 0xFFFFFFF7FFFFF800

mem[X,0x0000000080000EA4] -> 0x8E93
mem[X,0x0000000080000EA6] -> 0x7FFE
[942] [M]: 0x0000000080000EA4 (0x7FFE8E93) addi t4, t4, 0x7ff
x29 <- 0xFFFFFFF7FFFFFFFF

mem[X,0x0000000080000EA8] -> 0x9E93
mem[X,0x0000000080000EAA] -> 0x00BE
[943] [M]: 0x0000000080000EA8 (0x00BE9E93) slli t4, t4, 0xb
x29 <- 0xFFFFBFFFFFFFF800

mem[X,0x0000000080000EAC] -> 0x8E93
mem[X,0x0000000080000EAE] -> 0x7DFE
[944] [M]: 0x0000000080000EAC (0x7DFE8E93) addi t4, t4, 0x7df
x29 <- 0xFFFFBFFFFFFFFFDF

mem[X,0x0000000080000EB0] -> 0x9E93
mem[X,0x0000000080000EB2] -> 0x00AE
[945] [M]: 0x0000000080000EB0 (0x00AE9E93) slli t4, t4, 0xa
x29 <- 0xFEFFFFFFFFFF7C00

mem[X,0x0000000080000EB4] -> 0x8E93
mem[X,0x0000000080000EB6] -> 0x3FFE
[946] [M]: 0x0000000080000EB4 (0x3FFE8E93) addi t4, t4, 0x3ff
x29 <- 0xFEFFFFFFFFFF7FFF

mem[X,0x0000000080000EB8] -> 0x2F9B
mem[X,0x0000000080000EBA] -> 0xFFDF
[947] [M]: 0x0000000080000EB8 (0xFFDF2F9B) shar t6, t5, t4
x31 <- 0x0000080000004000

mem[X,0x0000000080000EBC] -> 0xBC23
mem[X,0x0000000080000EBE] -> 0x11F5
[948] [M]: 0x0000000080000EBC (0x11F5BC23) sd t6, 0x118(a1)
mem[0x00000000800052B8] <- 0x0000080000004000

mem[X,0x0000000080000EC0] -> 0x0F37
mem[X,0x0000000080000EC2] -> 0x0000
[949] [M]: 0x0000000080000EC0 (0x00000F37) lui t5, 0x0
x30 <- 0x0000000000000000

mem[X,0x0000000080000EC4] -> 0x0F13
mem[X,0x0000000080000EC6] -> 0x400F
[950] [M]: 0x0000000080000EC4 (0x400F0F13) addi t5, t5, 0x400
x30 <- 0x0000000000000400

mem[X,0x0000000080000EC8] -> 0x1F13
mem[X,0x0000000080000ECA] -> 0x00BF
[951] [M]: 0x0000000080000EC8 (0x00BF1F13) slli t5, t5, 0xb
x30 <- 0x0000000000200000

mem[X,0x0000000080000ECC] -> 0x0F13
mem[X,0x0000000080000ECE] -> 0x7FFF
[952] [M]: 0x0000000080000ECC (0x7FFF0F13) addi t5, t5, 0x7ff
x30 <- 0x00000000002007FF

mem[X,0x0000000080000ED0] -> 0x1F13
mem[X,0x0000000080000ED2] -> 0x00BF
[953] [M]: 0x0000000080000ED0 (0x00BF1F13) slli t5, t5, 0xb
x30 <- 0x00000001003FF800

mem[X,0x0000000080000ED4] -> 0x0F13
mem[X,0x0000000080000ED6] -> 0x7FFF
[954] [M]: 0x0000000080000ED4 (0x7FFF0F13) addi t5, t5, 0x7ff
x30 <- 0x00000001003FFFFF

mem[X,0x0000000080000ED8] -> 0x1F13
mem[X,0x0000000080000EDA] -> 0x00AF
[955] [M]: 0x0000000080000ED8 (0x00AF1F13) slli t5, t5, 0xa
x30 <- 0x00000400FFFFFC00

mem[X,0x0000000080000EDC] -> 0x0F13
mem[X,0x0000000080000EDE] -> 0x3FBF
[956] [M]: 0x0000000080000EDC (0x3FBF0F13) addi t5, t5, 0x3fb
x30 <- 0x00000400FFFFFFFB

mem[X,0x0000000080000EE0] -> 0x0EB7
mem[X,0x0000000080000EE2] -> 0xFC00
[957] [M]: 0x0000000080000EE0 (0xFC000EB7) lui t4, -0x4000
x29 <- 0xFFFFFFFFFC000000

mem[X,0x0000000080000EE4] -> 0x8E93
mem[X,0x0000000080000EE6] -> 0xFFFE
[958] [M]: 0x0000000080000EE4 (0xFFFE8E93) addi t4, t4, -0x1
x29 <- 0xFFFFFFFFFBFFFFFF

mem[X,0x0000000080000EE8] -> 0x9E93
mem[X,0x0000000080000EEA] -> 0x00BE
[959] [M]: 0x0000000080000EE8 (0x00BE9E93) slli t4, t4, 0xb
x29 <- 0xFFFFFFDFFFFFF800

mem[X,0x0000000080000EEC] -> 0x8E93
mem[X,0x0000000080000EEE] -> 0x000E
[960] [M]: 0x0000000080000EEC (0x000E8E93) addi t4, t4, 0x0
x29 <- 0xFFFFFFDFFFFFF800

mem[X,0x0000000080000EF0] -> 0x9E93
mem[X,0x0000000080000EF2] -> 0x00BE
[961] [M]: 0x0000000080000EF0 (0x00BE9E93) slli t4, t4, 0xb
x29 <- 0xFFFEFFFFFFC00000

mem[X,0x0000000080000EF4] -> 0x8E93
mem[X,0x0000000080000EF6] -> 0x000E
[962] [M]: 0x0000000080000EF4 (0x000E8E93) addi t4, t4, 0x0
x29 <- 0xFFFEFFFFFFC00000

mem[X,0x0000000080000EF8] -> 0x9E93
mem[X,0x0000000080000EFA] -> 0x00AE
[963] [M]: 0x0000000080000EF8 (0x00AE9E93) slli t4, t4, 0xa
x29 <- 0xFBFFFFFF00000000

mem[X,0x0000000080000EFC] -> 0x8E93
mem[X,0x0000000080000EFE] -> 0x010E
[964] [M]: 0x0000000080000EFC (0x010E8E93) addi t4, t4, 0x10
x29 <- 0xFBFFFFFF00000010

mem[X,0x0000000080000F00] -> 0x2F9B
mem[X,0x0000000080000F02] -> 0xFFDF
[965] [M]: 0x0000000080000F00 (0xFFDF2F9B) shar t6, t5, t4
x31 <- 0x0400FFFFFFFB0000

mem[X,0x0000000080000F04] -> 0xB023
mem[X,0x0000000080000F06] -> 0x13F5
[966] [M]: 0x0000000080000F04 (0x13F5B023) sd t6, 0x120(a1)
mem[0x00000000800052C0] <- 0x0400FFFFFFFB0000

mem[X,0x0000000080000F08] -> 0x0F37
mem[X,0x0000000080000F0A] -> 0x0000
[967] [M]: 0x0000000080000F08 (0x00000F37) lui t5, 0x0
x30 <- 0x0000000000000000

mem[X,0x0000000080000F0C] -> 0x0F13
mem[X,0x0000000080000F0E] -> 0x000F
[968] [M]: 0x0000000080000F0C (0x000F0F13) addi t5, t5, 0x0
x30 <- 0x0000000000000000

mem[X,0x0000000080000F10] -> 0x1F13
mem[X,0x0000000080000F12] -> 0x00BF
[969] [M]: 0x0000000080000F10 (0x00BF1F13) slli t5, t5, 0xb
x30 <- 0x0000000000000000

mem[X,0x0000000080000F14] -> 0x0F13
mem[X,0x0000000080000F16] -> 0x7FEF
[970] [M]: 0x0000000080000F14 (0x7FEF0F13) addi t5, t5, 0x7fe
x30 <- 0x00000000000007FE

mem[X,0x0000000080000F18] -> 0x1F13
mem[X,0x0000000080000F1A] -> 0x00BF
[971] [M]: 0x0000000080000F18 (0x00BF1F13) slli t5, t5, 0xb
x30 <- 0x00000000003FF000

mem[X,0x0000000080000F1C] -> 0x0F13
mem[X,0x0000000080000F1E] -> 0x7FFF
[972] [M]: 0x0000000080000F1C (0x7FFF0F13) addi t5, t5, 0x7ff
x30 <- 0x00000000003FF7FF

mem[X,0x0000000080000F20] -> 0x1F13
mem[X,0x0000000080000F22] -> 0x00AF
[973] [M]: 0x0000000080000F20 (0x00AF1F13) slli t5, t5, 0xa
x30 <- 0x00000000FFDFFC00

mem[X,0x0000000080000F24] -> 0x0F13
mem[X,0x0000000080000F26] -> 0x3FFF
[974] [M]: 0x0000000080000F24 (0x3FFF0F13) addi t5, t5, 0x3ff
x30 <- 0x00000000FFDFFFFF

mem[X,0x0000000080000F28] -> 0x0EB7
mem[X,0x0000000080000F2A] -> 0xF000
[975] [M]: 0x0000000080000F28 (0xF0000EB7) lui t4, -0x10000
x29 <- 0xFFFFFFFFF0000000

mem[X,0x0000000080000F2C] -> 0x8E93
mem[X,0x0000000080000F2E] -> 0xFFFE
[976] [M]: 0x0000000080000F2C (0xFFFE8E93) addi t4, t4, -0x1
x29 <- 0xFFFFFFFFEFFFFFFF

mem[X,0x0000000080000F30] -> 0x9E93
mem[X,0x0000000080000F32] -> 0x00BE
[977] [M]: 0x0000000080000F30 (0x00BE9E93) slli t4, t4, 0xb
x29 <- 0xFFFFFF7FFFFFF800

mem[X,0x0000000080000F34] -> 0x8E93
mem[X,0x0000000080000F36] -> 0x7FFE
[978] [M]: 0x0000000080000F34 (0x7FFE8E93) addi t4, t4, 0x7ff
x29 <- 0xFFFFFF7FFFFFFFFF

mem[X,0x0000000080000F38] -> 0x9E93
mem[X,0x0000000080000F3A] -> 0x00BE
[979] [M]: 0x0000000080000F38 (0x00BE9E93) slli t4, t4, 0xb
x29 <- 0xFFFBFFFFFFFFF800

mem[X,0x0000000080000F3C] -> 0x8E93
mem[X,0x0000000080000F3E] -> 0x7BFE
[980] [M]: 0x0000000080000F3C (0x7BFE8E93) addi t4, t4, 0x7bf
x29 <- 0xFFFBFFFFFFFFFFBF

mem[X,0x0000000080000F40] -> 0x9E93
mem[X,0x0000000080000F42] -> 0x00AE
[981] [M]: 0x0000000080000F40 (0x00AE9E93) slli t4, t4, 0xa
x29 <- 0xEFFFFFFFFFFEFC00

mem[X,0x0000000080000F44] -> 0x8E93
mem[X,0x0000000080000F46] -> 0x3FFE
[982] [M]: 0x0000000080000F44 (0x3FFE8E93) addi t4, t4, 0x3ff
x29 <- 0xEFFFFFFFFFFEFFFF

mem[X,0x0000000080000F48] -> 0x2F9B
mem[X,0x0000000080000F4A] -> 0xFFDF
[983] [M]: 0x0000000080000F48 (0xFFDF2F9B) shar t6, t5, t4
x31 <- 0x000000007FF00000

mem[X,0x0000000080000F4C] -> 0xB423
mem[X,0x0000000080000F4E] -> 0x13F5
[984] [M]: 0x0000000080000F4C (0x13F5B423) sd t6, 0x128(a1)
mem[0x00000000800052C8] <- 0x000000007FF00000

mem[X,0x0000000080000F50] -> 0x0F37
mem[X,0x0000000080000F52] -> 0x0000
[985] [M]: 0x0000000080000F50 (0x00000F37) lui t5, 0x0
x30 <- 0x0000000000000000

mem[X,0x0000000080000F54] -> 0x0F13
mem[X,0x0000000080000F56] -> 0x010F
[986] [M]: 0x0000000080000F54 (0x010F0F13) addi t5, t5, 0x10
x30 <- 0x0000000000000010

mem[X,0x0000000080000F58] -> 0x1F13
mem[X,0x0000000080000F5A] -> 0x00BF
[987] [M]: 0x0000000080000F58 (0x00BF1F13) slli t5, t5, 0xb
x30 <- 0x0000000000008000

mem[X,0x0000000080000F5C] -> 0x0F13
mem[X,0x0000000080000F5E] -> 0x7FDF
[988] [M]: 0x0000000080000F5C (0x7FDF0F13) addi t5, t5, 0x7fd
x30 <- 0x00000000000087FD

mem[X,0x0000000080000F60] -> 0x1F13
mem[X,0x0000000080000F62] -> 0x00BF
[989] [M]: 0x0000000080000F60 (0x00BF1F13) slli t5, t5, 0xb
x30 <- 0x00000000043FE800

mem[X,0x0000000080000F64] -> 0x0F13
mem[X,0x0000000080000F66] -> 0x7FFF
[990] [M]: 0x0000000080000F64 (0x7FFF0F13) addi t5, t5, 0x7ff
x30 <- 0x00000000043FEFFF

mem[X,0x0000000080000F68] -> 0x1F13
mem[X,0x0000000080000F6A] -> 0x00AF
[991] [M]: 0x0000000080000F68 (0x00AF1F13) slli t5, t5, 0xa
x30 <- 0x00000010FFBFFC00

mem[X,0x0000000080000F6C] -> 0x0F13
mem[X,0x0000000080000F6E] -> 0x3FFF
[992] [M]: 0x0000000080000F6C (0x3FFF0F13) addi t5, t5, 0x3ff
x30 <- 0x00000010FFBFFFFF

mem[X,0x0000000080000F70] -> 0x0EB7
mem[X,0x0000000080000F72] -> 0xC000
[993] [M]: 0x0000000080000F70 (0xC0000EB7) lui t4, -0x40000
x29 <- 0xFFFFFFFFC0000000

mem[X,0x0000000080000F74] -> 0x8E93
mem[X,0x0000000080000F76] -> 0xFFFE
[994] [M]: 0x0000000080000F74 (0xFFFE8E93) addi t4, t4, -0x1
x29 <- 0xFFFFFFFFBFFFFFFF

mem[X,0x0000000080000F78] -> 0x9E93
mem[X,0x0000000080000F7A] -> 0x00BE
[995] [M]: 0x0000000080000F78 (0x00BE9E93) slli t4, t4, 0xb
x29 <- 0xFFFFFDFFFFFFF800

mem[X,0x0000000080000F7C] -> 0x8E93
mem[X,0x0000000080000F7E] -> 0x7FFE
[996] [M]: 0x0000000080000F7C (0x7FFE8E93) addi t4, t4, 0x7ff
x29 <- 0xFFFFFDFFFFFFFFFF

mem[X,0x0000000080000F80] -> 0x9E93
mem[X,0x0000000080000F82] -> 0x00BE
[997] [M]: 0x0000000080000F80 (0x00BE9E93) slli t4, t4, 0xb
x29 <- 0xFFEFFFFFFFFFF800

mem[X,0x0000000080000F84] -> 0x8E93
mem[X,0x0000000080000F86] -> 0x7FFE
[998] [M]: 0x0000000080000F84 (0x7FFE8E93) addi t4, t4, 0x7ff
x29 <- 0xFFEFFFFFFFFFFFFF

mem[X,0x0000000080000F88] -> 0x9E93
mem[X,0x0000000080000F8A] -> 0x00AE
[999] [M]: 0x0000000080000F88 (0x00AE9E93) slli t4, t4, 0xa
x29 <- 0xBFFFFFFFFFFFFC00

clint::tick mtime <- 0x000000000000000A
 clint timer pending at mtime 0x000000000000000A
htif::tick 0x0000000000000000
mem[X,0x0000000080000F8C] -> 0x8E93
mem[X,0x0000000080000F8E] -> 0x3F7E
[1000] [M]: 0x0000000080000F8C (0x3F7E8E93) addi t4, t4, 0x3f7
x29 <- 0xBFFFFFFFFFFFFFF7

mem[X,0x0000000080000F90] -> 0x2F9B
mem[X,0x0000000080000F92] -> 0xFFDF
[1001] [M]: 0x0000000080000F90 (0xFFDF2F9B) shar t6, t5, t4
x31 <- 0x00000000087FE000

mem[X,0x0000000080000F94] -> 0xB823
mem[X,0x0000000080000F96] -> 0x13F5
[1002] [M]: 0x0000000080000F94 (0x13F5B823) sd t6, 0x130(a1)
mem[0x00000000800052D0] <- 0x00000000087FE000

mem[X,0x0000000080000F98] -> 0xEF37
mem[X,0x0000000080000F9A] -> 0xFFFF
[1003] [M]: 0x0000000080000F98 (0xFFFFEF37) lui t5, -0x2
x30 <- 0xFFFFFFFFFFFFE000

mem[X,0x0000000080000F9C] -> 0x0F13
mem[X,0x0000000080000F9E] -> 0xFFFF
[1004] [M]: 0x0000000080000F9C (0xFFFF0F13) addi t5, t5, -0x1
x30 <- 0xFFFFFFFFFFFFDFFF

mem[X,0x0000000080000FA0] -> 0x1F13
mem[X,0x0000000080000FA2] -> 0x00BF
[1005] [M]: 0x0000000080000FA0 (0x00BF1F13) slli t5, t5, 0xb
x30 <- 0xFFFFFFFFFEFFF800

mem[X,0x0000000080000FA4] -> 0x0F13
mem[X,0x0000000080000FA6] -> 0x000F
[1006] [M]: 0x0000000080000FA4 (0x000F0F13) addi t5, t5, 0x0
x30 <- 0xFFFFFFFFFEFFF800

mem[X,0x0000000080000FA8] -> 0x1F13
mem[X,0x0000000080000FAA] -> 0x00BF
[1007] [M]: 0x0000000080000FA8 (0x00BF1F13) slli t5, t5, 0xb
x30 <- 0xFFFFFFF7FFC00000

mem[X,0x0000000080000FAC] -> 0x0F13
mem[X,0x0000000080000FAE] -> 0x000F
[1008] [M]: 0x0000000080000FAC (0x000F0F13) addi t5, t5, 0x0
x30 <- 0xFFFFFFF7FFC00000

mem[X,0x0000000080000FB0] -> 0x1F13
mem[X,0x0000000080000FB2] -> 0x00AF
[1009] [M]: 0x0000000080000FB0 (0x00AF1F13) slli t5, t5, 0xa
x30 <- 0xFFFFDFFF00000000

mem[X,0x0000000080000FB4] -> 0x0F13
mem[X,0x0000000080000FB6] -> 0x010F
[1010] [M]: 0x0000000080000FB4 (0x010F0F13) addi t5, t5, 0x10
x30 <- 0xFFFFDFFF00000010

mem[X,0x0000000080000FB8] -> 0x5EB7
mem[X,0x0000000080000FBA] -> 0x5555
[1011] [M]: 0x0000000080000FB8 (0x55555EB7) lui t4, 0x55555
x29 <- 0x0000000055555000

mem[X,0x0000000080000FBC] -> 0x8E93
mem[X,0x0000000080000FBE] -> 0x555E
[1012] [M]: 0x0000000080000FBC (0x555E8E93) addi t4, t4, 0x555
x29 <- 0x0000000055555555

mem[X,0x0000000080000FC0] -> 0x9E93
mem[X,0x0000000080000FC2] -> 0x00BE
[1013] [M]: 0x0000000080000FC0 (0x00BE9E93) slli t4, t4, 0xb
x29 <- 0x000002AAAAAAA800

mem[X,0x0000000080000FC4] -> 0x8E93
mem[X,0x0000000080000FC6] -> 0x7FFE
[1014] [M]: 0x0000000080000FC4 (0x7FFE8E93) addi t4, t4, 0x7ff
x29 <- 0x000002AAAAAAAFFF

mem[X,0x0000000080000FC8] -> 0x9E93
mem[X,0x0000000080000FCA] -> 0x00BE
[1015] [M]: 0x0000000080000FC8 (0x00BE9E93) slli t4, t4, 0xb
x29 <- 0x00155555557FF800

mem[X,0x0000000080000FCC] -> 0x8E93
mem[X,0x0000000080000FCE] -> 0x7FFE
[1016] [M]: 0x0000000080000FCC (0x7FFE8E93) addi t4, t4, 0x7ff
x29 <- 0x00155555557FFFFF

mem[X,0x0000000080000FD0] -> 0x9E93
mem[X,0x0000000080000FD2] -> 0x00AE
[1017] [M]: 0x0000000080000FD0 (0x00AE9E93) slli t4, t4, 0xa
x29 <- 0x55555555FFFFFC00

mem[X,0x0000000080000FD4] -> 0x8E93
mem[X,0x0000000080000FD6] -> 0x3FEE
[1018] [M]: 0x0000000080000FD4 (0x3FEE8E93) addi t4, t4, 0x3fe
x29 <- 0x55555555FFFFFFFE

mem[X,0x0000000080000FD8] -> 0x2F9B
mem[X,0x0000000080000FDA] -> 0xFFDF
[1019] [M]: 0x0000000080000FD8 (0xFFDF2F9B) shar t6, t5, t4
x31 <- 0xFFFFF7FFC0000004

mem[X,0x0000000080000FDC] -> 0xBC23
mem[X,0x0000000080000FDE] -> 0x13F5
[1020] [M]: 0x0000000080000FDC (0x13F5BC23) sd t6, 0x138(a1)
mem[0x00000000800052D8] <- 0xFFFFF7FFC0000004

mem[X,0x0000000080000FE0] -> 0x0F37
mem[X,0x0000000080000FE2] -> 0x0000
[1021] [M]: 0x0000000080000FE0 (0x00000F37) lui t5, 0x0
x30 <- 0x0000000000000000

mem[X,0x0000000080000FE4] -> 0x0F13
mem[X,0x0000000080000FE6] -> 0xFEFF
[1022] [M]: 0x0000000080000FE4 (0xFEFF0F13) addi t5, t5, -0x11
x30 <- 0xFFFFFFFFFFFFFFEF

mem[X,0x0000000080000FE8] -> 0x1F13
mem[X,0x0000000080000FEA] -> 0x00BF
[1023] [M]: 0x0000000080000FE8 (0x00BF1F13) slli t5, t5, 0xb
x30 <- 0xFFFFFFFFFFFF7800

mem[X,0x0000000080000FEC] -> 0x0F13
mem[X,0x0000000080000FEE] -> 0x6FFF
[1024] [M]: 0x0000000080000FEC (0x6FFF0F13) addi t5, t5, 0x6ff
x30 <- 0xFFFFFFFFFFFF7EFF

mem[X,0x0000000080000FF0] -> 0x1F13
mem[X,0x0000000080000FF2] -> 0x00BF
[1025] [M]: 0x0000000080000FF0 (0x00BF1F13) slli t5, t5, 0xb
x30 <- 0xFFFFFFFFFBF7F800

mem[X,0x0000000080000FF4] -> 0x0F13
mem[X,0x0000000080000FF6] -> 0x7FFF
[1026] [M]: 0x0000000080000FF4 (0x7FFF0F13) addi t5, t5, 0x7ff
x30 <- 0xFFFFFFFFFBF7FFFF

mem[X,0x0000000080000FF8] -> 0x1F13
mem[X,0x0000000080000FFA] -> 0x00AF
[1027] [M]: 0x0000000080000FF8 (0x00AF1F13) slli t5, t5, 0xa
x30 <- 0xFFFFFFEFDFFFFC00

mem[X,0x0000000080000FFC] -> 0x0F13
mem[X,0x0000000080000FFE] -> 0x3FFF
[1028] [M]: 0x0000000080000FFC (0x3FFF0F13) addi t5, t5, 0x3ff
x30 <- 0xFFFFFFEFDFFFFFFF

mem[X,0x0000000080001000] -> 0xBEB7
mem[X,0x0000000080001002] -> 0xAAAA
[1029] [M]: 0x0000000080001000 (0xAAAABEB7) lui t4, -0x55555
x29 <- 0xFFFFFFFFAAAAB000

mem[X,0x0000000080001004] -> 0x8E93
mem[X,0x0000000080001006] -> 0xAAAE
[1030] [M]: 0x0000000080001004 (0xAAAE8E93) addi t4, t4, -0x556
x29 <- 0xFFFFFFFFAAAAAAAA

mem[X,0x0000000080001008] -> 0x9E93
mem[X,0x000000008000100A] -> 0x00BE
[1031] [M]: 0x0000000080001008 (0x00BE9E93) slli t4, t4, 0xb
x29 <- 0xFFFFFD5555555000

mem[X,0x000000008000100C] -> 0x8E93
mem[X,0x000000008000100E] -> 0x77FE
[1032] [M]: 0x000000008000100C (0x77FE8E93) addi t4, t4, 0x77f
x29 <- 0xFFFFFD555555577F

mem[X,0x0000000080001010] -> 0x9E93
mem[X,0x0000000080001012] -> 0x00BE
[1033] [M]: 0x0000000080001010 (0x00BE9E93) slli t4, t4, 0xb
x29 <- 0xFFEAAAAAAABBF800

mem[X,0x0000000080001014] -> 0x8E93
mem[X,0x0000000080001016] -> 0x7FFE
[1034] [M]: 0x0000000080001014 (0x7FFE8E93) addi t4, t4, 0x7ff
x29 <- 0xFFEAAAAAAABBFFFF

mem[X,0x0000000080001018] -> 0x9E93
mem[X,0x000000008000101A] -> 0x00AE
[1035] [M]: 0x0000000080001018 (0x00AE9E93) slli t4, t4, 0xa
x29 <- 0xAAAAAAAAEFFFFC00

mem[X,0x000000008000101C] -> 0x8E93
mem[X,0x000000008000101E] -> 0x3FFE
[1036] [M]: 0x000000008000101C (0x3FFE8E93) addi t4, t4, 0x3ff
x29 <- 0xAAAAAAAAEFFFFFFF

mem[X,0x0000000080001020] -> 0x2F9B
mem[X,0x0000000080001022] -> 0xFFDF
[1037] [M]: 0x0000000080001020 (0xFFDF2F9B) shar t6, t5, t4
x31 <- 0xFFFFFFF7F0000000

mem[X,0x0000000080001024] -> 0xB023
mem[X,0x0000000080001026] -> 0x15F5
[1038] [M]: 0x0000000080001024 (0x15F5B023) sd t6, 0x140(a1)
mem[0x00000000800052E0] <- 0xFFFFFFF7F0000000

mem[X,0x0000000080001028] -> 0x0F37
mem[X,0x000000008000102A] -> 0x0800
[1039] [M]: 0x0000000080001028 (0x08000F37) lui t5, 0x8000
x30 <- 0x0000000008000000

mem[X,0x000000008000102C] -> 0x0F13
mem[X,0x000000008000102E] -> 0x000F
[1040] [M]: 0x000000008000102C (0x000F0F13) addi t5, t5, 0x0
x30 <- 0x0000000008000000

mem[X,0x0000000080001030] -> 0x1F13
mem[X,0x0000000080001032] -> 0x00BF
[1041] [M]: 0x0000000080001030 (0x00BF1F13) slli t5, t5, 0xb
x30 <- 0x0000004000000000

mem[X,0x0000000080001034] -> 0x0F13
mem[X,0x0000000080001036] -> 0x7FFF
[1042] [M]: 0x0000000080001034 (0x7FFF0F13) addi t5, t5, 0x7ff
x30 <- 0x00000040000007FF

mem[X,0x0000000080001038] -> 0x1F13
mem[X,0x000000008000103A] -> 0x00BF
[1043] [M]: 0x0000000080001038 (0x00BF1F13) slli t5, t5, 0xb
x30 <- 0x00020000003FF800

mem[X,0x000000008000103C] -> 0x0F13
mem[X,0x000000008000103E] -> 0x7DFF
[1044] [M]: 0x000000008000103C (0x7DFF0F13) addi t5, t5, 0x7df
x30 <- 0x00020000003FFFDF

mem[X,0x0000000080001040] -> 0x1F13
mem[X,0x0000000080001042] -> 0x00AF
[1045] [M]: 0x0000000080001040 (0x00AF1F13) slli t5, t5, 0xa
x30 <- 0x08000000FFFF7C00

mem[X,0x0000000080001044] -> 0x0F13
mem[X,0x0000000080001046] -> 0x3FFF
[1046] [M]: 0x0000000080001044 (0x3FFF0F13) addi t5, t5, 0x3ff
x30 <- 0x08000000FFFF7FFF

mem[X,0x0000000080001048] -> 0x0EB7
mem[X,0x000000008000104A] -> 0xFF00
[1047] [M]: 0x0000000080001048 (0xFF000EB7) lui t4, -0x1000
x29 <- 0xFFFFFFFFFF000000

mem[X,0x000000008000104C] -> 0x8E93
mem[X,0x000000008000104E] -> 0xFFFE
[1048] [M]: 0x000000008000104C (0xFFFE8E93) addi t4, t4, -0x1
x29 <- 0xFFFFFFFFFEFFFFFF

mem[X,0x0000000080001050] -> 0x9E93
mem[X,0x0000000080001052] -> 0x00BE
[1049] [M]: 0x0000000080001050 (0x00BE9E93) slli t4, t4, 0xb
x29 <- 0xFFFFFFF7FFFFF800

mem[X,0x0000000080001054] -> 0x8E93
mem[X,0x0000000080001056] -> 0x000E
[1050] [M]: 0x0000000080001054 (0x000E8E93) addi t4, t4, 0x0
x29 <- 0xFFFFFFF7FFFFF800

mem[X,0x0000000080001058] -> 0x9E93
mem[X,0x000000008000105A] -> 0x00BE
[1051] [M]: 0x0000000080001058 (0x00BE9E93) slli t4, t4, 0xb
x29 <- 0xFFFFBFFFFFC00000

mem[X,0x000000008000105C] -> 0x8E93
mem[X,0x000000008000105E] -> 0x000E
[1052] [M]: 0x000000008000105C (0x000E8E93) addi t4, t4, 0x0
x29 <- 0xFFFFBFFFFFC00000

mem[X,0x0000000080001060] -> 0x9E93
mem[X,0x0000000080001062] -> 0x00AE
[1053] [M]: 0x0000000080001060 (0x00AE9E93) slli t4, t4, 0xa
x29 <- 0xFEFFFFFF00000000

mem[X,0x0000000080001064] -> 0x8E93
mem[X,0x0000000080001066] -> 0x003E
[1054] [M]: 0x0000000080001064 (0x003E8E93) addi t4, t4, 0x3
x29 <- 0xFEFFFFFF00000003

mem[X,0x0000000080001068] -> 0x2F9B
mem[X,0x000000008000106A] -> 0xFFDF
[1055] [M]: 0x0000000080001068 (0xFFDF2F9B) shar t6, t5, t4
x31 <- 0x40000007FFFBFFF8

mem[X,0x000000008000106C] -> 0xB423
mem[X,0x000000008000106E] -> 0x15F5
[1056] [M]: 0x000000008000106C (0x15F5B423) sd t6, 0x148(a1)
mem[0x00000000800052E8] <- 0x40000007FFFBFFF8

mem[X,0x0000000080001070] -> 0x0F37
mem[X,0x0000000080001072] -> 0xE000
[1057] [M]: 0x0000000080001070 (0xE0000F37) lui t5, -0x20000
x30 <- 0xFFFFFFFFE0000000

mem[X,0x0000000080001074] -> 0x0F13
mem[X,0x0000000080001076] -> 0xFFFF
[1058] [M]: 0x0000000080001074 (0xFFFF0F13) addi t5, t5, -0x1
x30 <- 0xFFFFFFFFDFFFFFFF

mem[X,0x0000000080001078] -> 0x1F13
mem[X,0x000000008000107A] -> 0x00BF
[1059] [M]: 0x0000000080001078 (0x00BF1F13) slli t5, t5, 0xb
x30 <- 0xFFFFFEFFFFFFF800

mem[X,0x000000008000107C] -> 0x0F13
mem[X,0x000000008000107E] -> 0x7FFF
[1060] [M]: 0x000000008000107C (0x7FFF0F13) addi t5, t5, 0x7ff
x30 <- 0xFFFFFEFFFFFFFFFF

mem[X,0x0000000080001080] -> 0x1F13
mem[X,0x0000000080001082] -> 0x00BF
[1061] [M]: 0x0000000080001080 (0x00BF1F13) slli t5, t5, 0xb
x30 <- 0xFFF7FFFFFFFFF800

mem[X,0x0000000080001084] -> 0x0F13
mem[X,0x0000000080001086] -> 0x7BFF
[1062] [M]: 0x0000000080001084 (0x7BFF0F13) addi t5, t5, 0x7bf
x30 <- 0xFFF7FFFFFFFFFFBF

mem[X,0x0000000080001088] -> 0x1F13
mem[X,0x000000008000108A] -> 0x00AF
[1063] [M]: 0x0000000080001088 (0x00AF1F13) slli t5, t5, 0xa
x30 <- 0xDFFFFFFFFFFEFC00

mem[X,0x000000008000108C] -> 0x0F13
mem[X,0x000000008000108E] -> 0x3FFF
[1064] [M]: 0x000000008000108C (0x3FFF0F13) addi t5, t5, 0x3ff
x30 <- 0xDFFFFFFFFFFEFFFF

mem[X,0x0000000080001090] -> 0x0EB7
mem[X,0x0000000080001092] -> 0x4000
[1065] [M]: 0x0000000080001090 (0x40000EB7) lui t4, 0x40000
x29 <- 0x0000000040000000

mem[X,0x0000000080001094] -> 0x8E93
mem[X,0x0000000080001096] -> 0xFFFE
[1066] [M]: 0x0000000080001094 (0xFFFE8E93) addi t4, t4, -0x1
x29 <- 0x000000003FFFFFFF

mem[X,0x0000000080001098] -> 0x9E93
mem[X,0x000000008000109A] -> 0x00BE
[1067] [M]: 0x0000000080001098 (0x00BE9E93) slli t4, t4, 0xb
x29 <- 0x000001FFFFFFF800

mem[X,0x000000008000109C] -> 0x8E93
mem[X,0x000000008000109E] -> 0x7FFE
[1068] [M]: 0x000000008000109C (0x7FFE8E93) addi t4, t4, 0x7ff
x29 <- 0x000001FFFFFFFFFF

mem[X,0x00000000800010A0] -> 0x9E93
mem[X,0x00000000800010A2] -> 0x00BE
[1069] [M]: 0x00000000800010A0 (0x00BE9E93) slli t4, t4, 0xb
x29 <- 0x000FFFFFFFFFF800

mem[X,0x00000000800010A4] -> 0x8E93
mem[X,0x00000000800010A6] -> 0x7FFE
[1070] [M]: 0x00000000800010A4 (0x7FFE8E93) addi t4, t4, 0x7ff
x29 <- 0x000FFFFFFFFFFFFF

mem[X,0x00000000800010A8] -> 0x9E93
mem[X,0x00000000800010AA] -> 0x00AE
[1071] [M]: 0x00000000800010A8 (0x00AE9E93) slli t4, t4, 0xa
x29 <- 0x3FFFFFFFFFFFFC00

mem[X,0x00000000800010AC] -> 0x8E93
mem[X,0x00000000800010AE] -> 0x3F7E
[1072] [M]: 0x00000000800010AC (0x3F7E8E93) addi t4, t4, 0x3f7
x29 <- 0x3FFFFFFFFFFFFFF7

mem[X,0x00000000800010B0] -> 0x2F9B
mem[X,0x00000000800010B2] -> 0xFFDF
[1073] [M]: 0x00000000800010B0 (0xFFDF2F9B) shar t6, t5, t4
x31 <- 0xFFEFFFFFFFFFFF80

mem[X,0x00000000800010B4] -> 0xB823
mem[X,0x00000000800010B6] -> 0x15F5
[1074] [M]: 0x00000000800010B4 (0x15F5B823) sd t6, 0x150(a1)
mem[0x00000000800052F0] <- 0xFFEFFFFFFFFFFF80

mem[X,0x00000000800010B8] -> 0x0F37
mem[X,0x00000000800010BA] -> 0xFE00
[1075] [M]: 0x00000000800010B8 (0xFE000F37) lui t5, -0x2000
x30 <- 0xFFFFFFFFFE000000

mem[X,0x00000000800010BC] -> 0x0F13
mem[X,0x00000000800010BE] -> 0xFFFF
[1076] [M]: 0x00000000800010BC (0xFFFF0F13) addi t5, t5, -0x1
x30 <- 0xFFFFFFFFFDFFFFFF

mem[X,0x00000000800010C0] -> 0x1F13
mem[X,0x00000000800010C2] -> 0x00BF
[1077] [M]: 0x00000000800010C0 (0x00BF1F13) slli t5, t5, 0xb
x30 <- 0xFFFFFFEFFFFFF800

mem[X,0x00000000800010C4] -> 0x0F13
mem[X,0x00000000800010C6] -> 0x7FFF
[1078] [M]: 0x00000000800010C4 (0x7FFF0F13) addi t5, t5, 0x7ff
x30 <- 0xFFFFFFEFFFFFFFFF

mem[X,0x00000000800010C8] -> 0x1F13
mem[X,0x00000000800010CA] -> 0x00BF
[1079] [M]: 0x00000000800010C8 (0x00BF1F13) slli t5, t5, 0xb
x30 <- 0xFFFF7FFFFFFFF800

mem[X,0x00000000800010CC] -> 0x0F13
mem[X,0x00000000800010CE] -> 0x77FF
[1080] [M]: 0x00000000800010CC (0x77FF0F13) addi t5, t5, 0x77f
x30 <- 0xFFFF7FFFFFFFFF7F

mem[X,0x00000000800010D0] -> 0x1F13
mem[X,0x00000000800010D2] -> 0x00AF
[1081] [M]: 0x00000000800010D0 (0x00AF1F13) slli t5, t5, 0xa
x30 <- 0xFDFFFFFFFFFDFC00

mem[X,0x00000000800010D4] -> 0x0F13
mem[X,0x00000000800010D6] -> 0x3FFF
[1082] [M]: 0x00000000800010D4 (0x3FFF0F13) addi t5, t5, 0x3ff
x30 <- 0xFDFFFFFFFFFDFFFF

mem[X,0x00000000800010D8] -> 0x0EB7
mem[X,0x00000000800010DA] -> 0x0000
[1083] [M]: 0x00000000800010D8 (0x00000EB7) lui t4, 0x0
x29 <- 0x0000000000000000

mem[X,0x00000000800010DC] -> 0x8E93
mem[X,0x00000000800010DE] -> 0xFBFE
[1084] [M]: 0x00000000800010DC (0xFBFE8E93) addi t4, t4, -0x41
x29 <- 0xFFFFFFFFFFFFFFBF

mem[X,0x00000000800010E0] -> 0x9E93
mem[X,0x00000000800010E2] -> 0x00BE
[1085] [M]: 0x00000000800010E0 (0x00BE9E93) slli t4, t4, 0xb
x29 <- 0xFFFFFFFFFFFDF800

mem[X,0x00000000800010E4] -> 0x8E93
mem[X,0x00000000800010E6] -> 0x7DFE
[1086] [M]: 0x00000000800010E4 (0x7DFE8E93) addi t4, t4, 0x7df
x29 <- 0xFFFFFFFFFFFDFFDF

mem[X,0x00000000800010E8] -> 0x9E93
mem[X,0x00000000800010EA] -> 0x00BE
[1087] [M]: 0x00000000800010E8 (0x00BE9E93) slli t4, t4, 0xb
x29 <- 0xFFFFFFFFEFFEF800

mem[X,0x00000000800010EC] -> 0x8E93
mem[X,0x00000000800010EE] -> 0x7FFE
[1088] [M]: 0x00000000800010EC (0x7FFE8E93) addi t4, t4, 0x7ff
x29 <- 0xFFFFFFFFEFFEFFFF

mem[X,0x00000000800010F0] -> 0x9E93
mem[X,0x00000000800010F2] -> 0x00AE
[1089] [M]: 0x00000000800010F0 (0x00AE9E93) slli t4, t4, 0xa
x29 <- 0xFFFFFFBFFBFFFC00

mem[X,0x00000000800010F4] -> 0x8E93
mem[X,0x00000000800010F6] -> 0x3FFE
[1090] [M]: 0x00000000800010F4 (0x3FFE8E93) addi t4, t4, 0x3ff
x29 <- 0xFFFFFFBFFBFFFFFF

mem[X,0x00000000800010F8] -> 0x2F9B
mem[X,0x00000000800010FA] -> 0xFFDF
[1091] [M]: 0x00000000800010F8 (0xFFDF2F9B) shar t6, t5, t4
x31 <- 0xFEFFFFFFFFFF0000

mem[X,0x00000000800010FC] -> 0xBC23
mem[X,0x00000000800010FE] -> 0x15F5
[1092] [M]: 0x00000000800010FC (0x15F5BC23) sd t6, 0x158(a1)
mem[0x00000000800052F8] <- 0xFEFFFFFFFFFF0000

mem[X,0x0000000080001100] -> 0x0F37
mem[X,0x0000000080001102] -> 0x0008
[1093] [M]: 0x0000000080001100 (0x00080F37) lui t5, 0x80
x30 <- 0x0000000000080000

mem[X,0x0000000080001104] -> 0x0F13
mem[X,0x0000000080001106] -> 0x000F
[1094] [M]: 0x0000000080001104 (0x000F0F13) addi t5, t5, 0x0
x30 <- 0x0000000000080000

mem[X,0x0000000080001108] -> 0x1F13
mem[X,0x000000008000110A] -> 0x00BF
[1095] [M]: 0x0000000080001108 (0x00BF1F13) slli t5, t5, 0xb
x30 <- 0x0000000040000000

mem[X,0x000000008000110C] -> 0x0F13
mem[X,0x000000008000110E] -> 0x7FFF
[1096] [M]: 0x000000008000110C (0x7FFF0F13) addi t5, t5, 0x7ff
x30 <- 0x00000000400007FF

mem[X,0x0000000080001110] -> 0x1F13
mem[X,0x0000000080001112] -> 0x00BF
[1097] [M]: 0x0000000080001110 (0x00BF1F13) slli t5, t5, 0xb
x30 <- 0x00000200003FF800

mem[X,0x0000000080001114] -> 0x0F13
mem[X,0x0000000080001116] -> 0x6FFF
[1098] [M]: 0x0000000080001114 (0x6FFF0F13) addi t5, t5, 0x6ff
x30 <- 0x00000200003FFEFF

mem[X,0x0000000080001118] -> 0x1F13
mem[X,0x000000008000111A] -> 0x00AF
[1099] [M]: 0x0000000080001118 (0x00AF1F13) slli t5, t5, 0xa
x30 <- 0x00080000FFFBFC00

clint::tick mtime <- 0x000000000000000B
 clint timer pending at mtime 0x000000000000000B
htif::tick 0x0000000000000000
mem[X,0x000000008000111C] -> 0x0F13
mem[X,0x000000008000111E] -> 0x3FFF
[1100] [M]: 0x000000008000111C (0x3FFF0F13) addi t5, t5, 0x3ff
x30 <- 0x00080000FFFBFFFF

mem[X,0x0000000080001120] -> 0x0E93
mem[X,0x0000000080001122] -> 0x0090
[1101] [M]: 0x0000000080001120 (0x00900E93) addi t4, zero, 0x9
x29 <- 0x0000000000000009

mem[X,0x0000000080001124] -> 0x9E93
mem[X,0x0000000080001126] -> 0x020E
[1102] [M]: 0x0000000080001124 (0x020E9E93) slli t4, t4, 0x20
x29 <- 0x0000000900000000

mem[X,0x0000000080001128] -> 0x2F9B
mem[X,0x000000008000112A] -> 0xFFDF
[1103] [M]: 0x0000000080001128 (0xFFDF2F9B) shar t6, t5, t4
x31 <- 0x00080000FFFBFFFF

mem[X,0x000000008000112C] -> 0xB023
mem[X,0x000000008000112E] -> 0x17F5
[1104] [M]: 0x000000008000112C (0x17F5B023) sd t6, 0x160(a1)
mem[0x0000000080005300] <- 0x00080000FFFBFFFF

mem[X,0x0000000080001130] -> 0x0F37
mem[X,0x0000000080001132] -> 0x0000
[1105] [M]: 0x0000000080001130 (0x00000F37) lui t5, 0x0
x30 <- 0x0000000000000000

mem[X,0x0000000080001134] -> 0x0F13
mem[X,0x0000000080001136] -> 0xFBFF
[1106] [M]: 0x0000000080001134 (0xFBFF0F13) addi t5, t5, -0x41
x30 <- 0xFFFFFFFFFFFFFFBF

mem[X,0x0000000080001138] -> 0x1F13
mem[X,0x000000008000113A] -> 0x00BF
[1107] [M]: 0x0000000080001138 (0x00BF1F13) slli t5, t5, 0xb
x30 <- 0xFFFFFFFFFFFDF800

mem[X,0x000000008000113C] -> 0x0F13
mem[X,0x000000008000113E] -> 0x7FFF
[1108] [M]: 0x000000008000113C (0x7FFF0F13) addi t5, t5, 0x7ff
x30 <- 0xFFFFFFFFFFFDFFFF

mem[X,0x0000000080001140] -> 0x1F13
mem[X,0x0000000080001142] -> 0x00BF
[1109] [M]: 0x0000000080001140 (0x00BF1F13) slli t5, t5, 0xb
x30 <- 0xFFFFFFFFEFFFF800

mem[X,0x0000000080001144] -> 0x0F13
mem[X,0x0000000080001146] -> 0x5FFF
[1110] [M]: 0x0000000080001144 (0x5FFF0F13) addi t5, t5, 0x5ff
x30 <- 0xFFFFFFFFEFFFFDFF

mem[X,0x0000000080001148] -> 0x1F13
mem[X,0x000000008000114A] -> 0x00AF
[1111] [M]: 0x0000000080001148 (0x00AF1F13) slli t5, t5, 0xa
x30 <- 0xFFFFFFBFFFF7FC00

mem[X,0x000000008000114C] -> 0x0F13
mem[X,0x000000008000114E] -> 0x3FFF
[1112] [M]: 0x000000008000114C (0x3FFF0F13) addi t5, t5, 0x3ff
x30 <- 0xFFFFFFBFFFF7FFFF

mem[X,0x0000000080001150] -> 0x0EB7
mem[X,0x0000000080001152] -> 0x0000
[1113] [M]: 0x0000000080001150 (0x00000EB7) lui t4, 0x0
x29 <- 0x0000000000000000

mem[X,0x0000000080001154] -> 0x8E93
mem[X,0x0000000080001156] -> 0x400E
[1114] [M]: 0x0000000080001154 (0x400E8E93) addi t4, t4, 0x400
x29 <- 0x0000000000000400

mem[X,0x0000000080001158] -> 0x9E93
mem[X,0x000000008000115A] -> 0x00BE
[1115] [M]: 0x0000000080001158 (0x00BE9E93) slli t4, t4, 0xb
x29 <- 0x0000000000200000

mem[X,0x000000008000115C] -> 0x8E93
mem[X,0x000000008000115E] -> 0x000E
[1116] [M]: 0x000000008000115C (0x000E8E93) addi t4, t4, 0x0
x29 <- 0x0000000000200000

mem[X,0x0000000080001160] -> 0x9E93
mem[X,0x0000000080001162] -> 0x00BE
[1117] [M]: 0x0000000080001160 (0x00BE9E93) slli t4, t4, 0xb
x29 <- 0x0000000100000000

mem[X,0x0000000080001164] -> 0x8E93
mem[X,0x0000000080001166] -> 0x000E
[1118] [M]: 0x0000000080001164 (0x000E8E93) addi t4, t4, 0x0
x29 <- 0x0000000100000000

mem[X,0x0000000080001168] -> 0x9E93
mem[X,0x000000008000116A] -> 0x00AE
[1119] [M]: 0x0000000080001168 (0x00AE9E93) slli t4, t4, 0xa
x29 <- 0x0000040000000000

mem[X,0x000000008000116C] -> 0x8E93
mem[X,0x000000008000116E] -> 0x020E
[1120] [M]: 0x000000008000116C (0x020E8E93) addi t4, t4, 0x20
x29 <- 0x0000040000000020

mem[X,0x0000000080001170] -> 0x2F9B
mem[X,0x0000000080001172] -> 0xFFDF
[1121] [M]: 0x0000000080001170 (0xFFDF2F9B) shar t6, t5, t4
x31 <- 0xFFFFFFFFFFFFFFC0

mem[X,0x0000000080001174] -> 0xB423
mem[X,0x0000000080001176] -> 0x17F5
[1122] [M]: 0x0000000080001174 (0x17F5B423) sd t6, 0x168(a1)
mem[0x0000000080005308] <- 0xFFFFFFFFFFFFFFC0

mem[X,0x0000000080001178] -> 0x0F37
mem[X,0x000000008000117A] -> 0x0000
[1123] [M]: 0x0000000080001178 (0x00000F37) lui t5, 0x0
x30 <- 0x0000000000000000

mem[X,0x000000008000117C] -> 0x0F13
mem[X,0x000000008000117E] -> 0xFFBF
[1124] [M]: 0x000000008000117C (0xFFBF0F13) addi t5, t5, -0x5
x30 <- 0xFFFFFFFFFFFFFFFB

mem[X,0x0000000080001180] -> 0x1F13
mem[X,0x0000000080001182] -> 0x00BF
[1125] [M]: 0x0000000080001180 (0x00BF1F13) slli t5, t5, 0xb
x30 <- 0xFFFFFFFFFFFFD800

mem[X,0x0000000080001184] -> 0x0F13
mem[X,0x0000000080001186] -> 0x7FFF
[1126] [M]: 0x0000000080001184 (0x7FFF0F13) addi t5, t5, 0x7ff
x30 <- 0xFFFFFFFFFFFFDFFF

mem[X,0x0000000080001188] -> 0x1F13
mem[X,0x000000008000118A] -> 0x00BF
[1127] [M]: 0x0000000080001188 (0x00BF1F13) slli t5, t5, 0xb
x30 <- 0xFFFFFFFFFEFFF800

mem[X,0x000000008000118C] -> 0x0F13
mem[X,0x000000008000118E] -> 0x3FFF
[1128] [M]: 0x000000008000118C (0x3FFF0F13) addi t5, t5, 0x3ff
x30 <- 0xFFFFFFFFFEFFFBFF

mem[X,0x0000000080001190] -> 0x1F13
mem[X,0x0000000080001192] -> 0x00AF
[1129] [M]: 0x0000000080001190 (0x00AF1F13) slli t5, t5, 0xa
x30 <- 0xFFFFFFFBFFEFFC00

mem[X,0x0000000080001194] -> 0x0F13
mem[X,0x0000000080001196] -> 0x3FFF
[1130] [M]: 0x0000000080001194 (0x3FFF0F13) addi t5, t5, 0x3ff
x30 <- 0xFFFFFFFBFFEFFFFF

mem[X,0x0000000080001198] -> 0x0EB7
mem[X,0x000000008000119A] -> 0x0000
[1131] [M]: 0x0000000080001198 (0x00000EB7) lui t4, 0x0
x29 <- 0x0000000000000000

mem[X,0x000000008000119C] -> 0x8E93
mem[X,0x000000008000119E] -> 0x100E
[1132] [M]: 0x000000008000119C (0x100E8E93) addi t4, t4, 0x100
x29 <- 0x0000000000000100

mem[X,0x00000000800011A0] -> 0x9E93
mem[X,0x00000000800011A2] -> 0x00BE
[1133] [M]: 0x00000000800011A0 (0x00BE9E93) slli t4, t4, 0xb
x29 <- 0x0000000000080000

mem[X,0x00000000800011A4] -> 0x8E93
mem[X,0x00000000800011A6] -> 0x7FFE
[1134] [M]: 0x00000000800011A4 (0x7FFE8E93) addi t4, t4, 0x7ff
x29 <- 0x00000000000807FF

mem[X,0x00000000800011A8] -> 0x9E93
mem[X,0x00000000800011AA] -> 0x00BE
[1135] [M]: 0x00000000800011A8 (0x00BE9E93) slli t4, t4, 0xb
x29 <- 0x00000000403FF800

mem[X,0x00000000800011AC] -> 0x8E93
mem[X,0x00000000800011AE] -> 0x7FFE
[1136] [M]: 0x00000000800011AC (0x7FFE8E93) addi t4, t4, 0x7ff
x29 <- 0x00000000403FFFFF

mem[X,0x00000000800011B0] -> 0x9E93
mem[X,0x00000000800011B2] -> 0x00AE
[1137] [M]: 0x00000000800011B0 (0x00AE9E93) slli t4, t4, 0xa
x29 <- 0x00000100FFFFFC00

mem[X,0x00000000800011B4] -> 0x8E93
mem[X,0x00000000800011B6] -> 0x1FFE
[1138] [M]: 0x00000000800011B4 (0x1FFE8E93) addi t4, t4, 0x1ff
x29 <- 0x00000100FFFFFDFF

mem[X,0x00000000800011B8] -> 0x2F9B
mem[X,0x00000000800011BA] -> 0xFFDF
[1139] [M]: 0x00000000800011B8 (0xFFDF2F9B) shar t6, t5, t4
x31 <- 0xFFFFFFFDFFF80000

mem[X,0x00000000800011BC] -> 0xB823
mem[X,0x00000000800011BE] -> 0x17F5
[1140] [M]: 0x00000000800011BC (0x17F5B823) sd t6, 0x170(a1)
mem[0x0000000080005310] <- 0xFFFFFFFDFFF80000

mem[X,0x00000000800011C0] -> 0x0F37
mem[X,0x00000000800011C2] -> 0x0000
[1141] [M]: 0x00000000800011C0 (0x00000F37) lui t5, 0x0
x30 <- 0x0000000000000000

mem[X,0x00000000800011C4] -> 0x0F13
mem[X,0x00000000800011C6] -> 0x002F
[1142] [M]: 0x00000000800011C4 (0x002F0F13) addi t5, t5, 0x2
x30 <- 0x0000000000000002

mem[X,0x00000000800011C8] -> 0x1F13
mem[X,0x00000000800011CA] -> 0x00BF
[1143] [M]: 0x00000000800011C8 (0x00BF1F13) slli t5, t5, 0xb
x30 <- 0x0000000000001000

mem[X,0x00000000800011CC] -> 0x0F13
mem[X,0x00000000800011CE] -> 0x7FBF
[1144] [M]: 0x00000000800011CC (0x7FBF0F13) addi t5, t5, 0x7fb
x30 <- 0x00000000000017FB

mem[X,0x00000000800011D0] -> 0x1F13
mem[X,0x00000000800011D2] -> 0x00BF
[1145] [M]: 0x00000000800011D0 (0x00BF1F13) slli t5, t5, 0xb
x30 <- 0x0000000000BFD800

mem[X,0x00000000800011D4] -> 0x0F13
mem[X,0x00000000800011D6] -> 0x7FFF
[1146] [M]: 0x00000000800011D4 (0x7FFF0F13) addi t5, t5, 0x7ff
x30 <- 0x0000000000BFDFFF

mem[X,0x00000000800011D8] -> 0x1F13
mem[X,0x00000000800011DA] -> 0x00AF
[1147] [M]: 0x00000000800011D8 (0x00AF1F13) slli t5, t5, 0xa
x30 <- 0x00000002FF7FFC00

mem[X,0x00000000800011DC] -> 0x0F13
mem[X,0x00000000800011DE] -> 0x3FFF
[1148] [M]: 0x00000000800011DC (0x3FFF0F13) addi t5, t5, 0x3ff
x30 <- 0x00000002FF7FFFFF

mem[X,0x00000000800011E0] -> 0x0EB7
mem[X,0x00000000800011E2] -> 0xFFC0
[1149] [M]: 0x00000000800011E0 (0xFFC00EB7) lui t4, -0x400
x29 <- 0xFFFFFFFFFFC00000

mem[X,0x00000000800011E4] -> 0x8E93
mem[X,0x00000000800011E6] -> 0xFFFE
[1150] [M]: 0x00000000800011E4 (0xFFFE8E93) addi t4, t4, -0x1
x29 <- 0xFFFFFFFFFFBFFFFF

mem[X,0x00000000800011E8] -> 0x9E93
mem[X,0x00000000800011EA] -> 0x00BE
[1151] [M]: 0x00000000800011E8 (0x00BE9E93) slli t4, t4, 0xb
x29 <- 0xFFFFFFFDFFFFF800

mem[X,0x00000000800011EC] -> 0x8E93
mem[X,0x00000000800011EE] -> 0x7FFE
[1152] [M]: 0x00000000800011EC (0x7FFE8E93) addi t4, t4, 0x7ff
x29 <- 0xFFFFFFFDFFFFFFFF

mem[X,0x00000000800011F0] -> 0x9E93
mem[X,0x00000000800011F2] -> 0x00BE
[1153] [M]: 0x00000000800011F0 (0x00BE9E93) slli t4, t4, 0xb
x29 <- 0xFFFFEFFFFFFFF800

mem[X,0x00000000800011F4] -> 0x8E93
mem[X,0x00000000800011F6] -> 0x7FFE
[1154] [M]: 0x00000000800011F4 (0x7FFE8E93) addi t4, t4, 0x7ff
x29 <- 0xFFFFEFFFFFFFFFFF

mem[X,0x00000000800011F8] -> 0x9E93
mem[X,0x00000000800011FA] -> 0x00AE
[1155] [M]: 0x00000000800011F8 (0x00AE9E93) slli t4, t4, 0xa
x29 <- 0xFFBFFFFFFFFFFC00

mem[X,0x00000000800011FC] -> 0x8E93
mem[X,0x00000000800011FE] -> 0x3EFE
[1156] [M]: 0x00000000800011FC (0x3EFE8E93) addi t4, t4, 0x3ef
x29 <- 0xFFBFFFFFFFFFFFEF

mem[X,0x0000000080001200] -> 0x2F9B
mem[X,0x0000000080001202] -> 0xFFDF
[1157] [M]: 0x0000000080001200 (0xFFDF2F9B) shar t6, t5, t4
x31 <- 0x0000000000017FC0

mem[X,0x0000000080001204] -> 0xBC23
mem[X,0x0000000080001206] -> 0x17F5
[1158] [M]: 0x0000000080001204 (0x17F5BC23) sd t6, 0x178(a1)
mem[0x0000000080005318] <- 0x0000000000017FC0

mem[X,0x0000000080001208] -> 0x0F37
mem[X,0x000000008000120A] -> 0x0000
[1159] [M]: 0x0000000080001208 (0x00000F37) lui t5, 0x0
x30 <- 0x0000000000000000

mem[X,0x000000008000120C] -> 0x0F13
mem[X,0x000000008000120E] -> 0x080F
[1160] [M]: 0x000000008000120C (0x080F0F13) addi t5, t5, 0x80
x30 <- 0x0000000000000080

mem[X,0x0000000080001210] -> 0x1F13
mem[X,0x0000000080001212] -> 0x00BF
[1161] [M]: 0x0000000080001210 (0x00BF1F13) slli t5, t5, 0xb
x30 <- 0x0000000000040000

mem[X,0x0000000080001214] -> 0x0F13
mem[X,0x0000000080001216] -> 0x7F7F
[1162] [M]: 0x0000000080001214 (0x7F7F0F13) addi t5, t5, 0x7f7
x30 <- 0x00000000000407F7

mem[X,0x0000000080001218] -> 0x1F13
mem[X,0x000000008000121A] -> 0x00BF
[1163] [M]: 0x0000000080001218 (0x00BF1F13) slli t5, t5, 0xb
x30 <- 0x00000000203FB800

mem[X,0x000000008000121C] -> 0x0F13
mem[X,0x000000008000121E] -> 0x7FFF
[1164] [M]: 0x000000008000121C (0x7FFF0F13) addi t5, t5, 0x7ff
x30 <- 0x00000000203FBFFF

mem[X,0x0000000080001220] -> 0x1F13
mem[X,0x0000000080001222] -> 0x00AF
[1165] [M]: 0x0000000080001220 (0x00AF1F13) slli t5, t5, 0xa
x30 <- 0x00000080FEFFFC00

mem[X,0x0000000080001224] -> 0x0F13
mem[X,0x0000000080001226] -> 0x3FFF
[1166] [M]: 0x0000000080001224 (0x3FFF0F13) addi t5, t5, 0x3ff
x30 <- 0x00000080FEFFFFFF

mem[X,0x0000000080001228] -> 0x0EB7
mem[X,0x000000008000122A] -> 0x0000
[1167] [M]: 0x0000000080001228 (0x00000EB7) lui t4, 0x0
x29 <- 0x0000000000000000

mem[X,0x000000008000122C] -> 0x8E93
mem[X,0x000000008000122E] -> 0xFBFE
[1168] [M]: 0x000000008000122C (0xFBFE8E93) addi t4, t4, -0x41
x29 <- 0xFFFFFFFFFFFFFFBF

mem[X,0x0000000080001230] -> 0x9E93
mem[X,0x0000000080001232] -> 0x00BE
[1169] [M]: 0x0000000080001230 (0x00BE9E93) slli t4, t4, 0xb
x29 <- 0xFFFFFFFFFFFDF800

mem[X,0x0000000080001234] -> 0x8E93
mem[X,0x0000000080001236] -> 0x7FFE
[1170] [M]: 0x0000000080001234 (0x7FFE8E93) addi t4, t4, 0x7ff
x29 <- 0xFFFFFFFFFFFDFFFF

mem[X,0x0000000080001238] -> 0x9E93
mem[X,0x000000008000123A] -> 0x00BE
[1171] [M]: 0x0000000080001238 (0x00BE9E93) slli t4, t4, 0xb
x29 <- 0xFFFFFFFFEFFFF800

mem[X,0x000000008000123C] -> 0x8E93
mem[X,0x000000008000123E] -> 0x77FE
[1172] [M]: 0x000000008000123C (0x77FE8E93) addi t4, t4, 0x77f
x29 <- 0xFFFFFFFFEFFFFF7F

mem[X,0x0000000080001240] -> 0x9E93
mem[X,0x0000000080001242] -> 0x00AE
[1173] [M]: 0x0000000080001240 (0x00AE9E93) slli t4, t4, 0xa
x29 <- 0xFFFFFFBFFFFDFC00

mem[X,0x0000000080001244] -> 0x8E93
mem[X,0x0000000080001246] -> 0x3FFE
[1174] [M]: 0x0000000080001244 (0x3FFE8E93) addi t4, t4, 0x3ff
x29 <- 0xFFFFFFBFFFFDFFFF

mem[X,0x0000000080001248] -> 0x2F9B
mem[X,0x000000008000124A] -> 0xFFDF
[1175] [M]: 0x0000000080001248 (0xFFDF2F9B) shar t6, t5, t4
x31 <- 0x000000407F800000

mem[X,0x000000008000124C] -> 0xB023
mem[X,0x000000008000124E] -> 0x19F5
[1176] [M]: 0x000000008000124C (0x19F5B023) sd t6, 0x180(a1)
mem[0x0000000080005320] <- 0x000000407F800000

mem[X,0x0000000080001250] -> 0x0F37
mem[X,0x0000000080001252] -> 0x0000
[1177] [M]: 0x0000000080001250 (0x00000F37) lui t5, 0x0
x30 <- 0x0000000000000000

mem[X,0x0000000080001254] -> 0x0F13
mem[X,0x0000000080001256] -> 0x000F
[1178] [M]: 0x0000000080001254 (0x000F0F13) addi t5, t5, 0x0
x30 <- 0x0000000000000000

mem[X,0x0000000080001258] -> 0x1F13
mem[X,0x000000008000125A] -> 0x00BF
[1179] [M]: 0x0000000080001258 (0x00BF1F13) slli t5, t5, 0xb
x30 <- 0x0000000000000000

mem[X,0x000000008000125C] -> 0x0F13
mem[X,0x000000008000125E] -> 0x7EFF
[1180] [M]: 0x000000008000125C (0x7EFF0F13) addi t5, t5, 0x7ef
x30 <- 0x00000000000007EF

mem[X,0x0000000080001260] -> 0x1F13
mem[X,0x0000000080001262] -> 0x00BF
[1181] [M]: 0x0000000080001260 (0x00BF1F13) slli t5, t5, 0xb
x30 <- 0x00000000003F7800

mem[X,0x0000000080001264] -> 0x0F13
mem[X,0x0000000080001266] -> 0x7FFF
[1182] [M]: 0x0000000080001264 (0x7FFF0F13) addi t5, t5, 0x7ff
x30 <- 0x00000000003F7FFF

mem[X,0x0000000080001268] -> 0x1F13
mem[X,0x000000008000126A] -> 0x00AF
[1183] [M]: 0x0000000080001268 (0x00AF1F13) slli t5, t5, 0xa
x30 <- 0x00000000FDFFFC00

mem[X,0x000000008000126C] -> 0x0F13
mem[X,0x000000008000126E] -> 0x3FFF
[1184] [M]: 0x000000008000126C (0x3FFF0F13) addi t5, t5, 0x3ff
x30 <- 0x00000000FDFFFFFF

mem[X,0x0000000080001270] -> 0x0EB7
mem[X,0x0000000080001272] -> 0xFFF0
[1185] [M]: 0x0000000080001270 (0xFFF00EB7) lui t4, -0x100
x29 <- 0xFFFFFFFFFFF00000

mem[X,0x0000000080001274] -> 0x8E93
mem[X,0x0000000080001276] -> 0xFFFE
[1186] [M]: 0x0000000080001274 (0xFFFE8E93) addi t4, t4, -0x1
x29 <- 0xFFFFFFFFFFEFFFFF

mem[X,0x0000000080001278] -> 0x9E93
mem[X,0x000000008000127A] -> 0x00BE
[1187] [M]: 0x0000000080001278 (0x00BE9E93) slli t4, t4, 0xb
x29 <- 0xFFFFFFFF7FFFF800

mem[X,0x000000008000127C] -> 0x8E93
mem[X,0x000000008000127E] -> 0x7FFE
[1188] [M]: 0x000000008000127C (0x7FFE8E93) addi t4, t4, 0x7ff
x29 <- 0xFFFFFFFF7FFFFFFF

mem[X,0x0000000080001280] -> 0x9E93
mem[X,0x0000000080001282] -> 0x00BE
[1189] [M]: 0x0000000080001280 (0x00BE9E93) slli t4, t4, 0xb
x29 <- 0xFFFFFBFFFFFFF800

mem[X,0x0000000080001284] -> 0x8E93
mem[X,0x0000000080001286] -> 0x7FFE
[1190] [M]: 0x0000000080001284 (0x7FFE8E93) addi t4, t4, 0x7ff
x29 <- 0xFFFFFBFFFFFFFFFF

mem[X,0x0000000080001288] -> 0x9E93
mem[X,0x000000008000128A] -> 0x00AE
[1191] [M]: 0x0000000080001288 (0x00AE9E93) slli t4, t4, 0xa
x29 <- 0xFFEFFFFFFFFFFC00

mem[X,0x000000008000128C] -> 0x8E93
mem[X,0x000000008000128E] -> 0x3F9E
[1192] [M]: 0x000000008000128C (0x3F9E8E93) addi t4, t4, 0x3f9
x29 <- 0xFFEFFFFFFFFFFFF9

mem[X,0x0000000080001290] -> 0x2F9B
mem[X,0x0000000080001292] -> 0xFFDF
[1193] [M]: 0x0000000080001290 (0xFFDF2F9B) shar t6, t5, t4
x31 <- 0x0000000001FC0000

mem[X,0x0000000080001294] -> 0xB423
mem[X,0x0000000080001296] -> 0x19F5
[1194] [M]: 0x0000000080001294 (0x19F5B423) sd t6, 0x188(a1)
mem[0x0000000080005328] <- 0x0000000001FC0000

mem[X,0x0000000080001298] -> 0x0F37
mem[X,0x000000008000129A] -> 0x0000
[1195] [M]: 0x0000000080001298 (0x00000F37) lui t5, 0x0
x30 <- 0x0000000000000000

mem[X,0x000000008000129C] -> 0x0F13
mem[X,0x000000008000129E] -> 0x008F
[1196] [M]: 0x000000008000129C (0x008F0F13) addi t5, t5, 0x8
x30 <- 0x0000000000000008

mem[X,0x00000000800012A0] -> 0x1F13
mem[X,0x00000000800012A2] -> 0x00BF
[1197] [M]: 0x00000000800012A0 (0x00BF1F13) slli t5, t5, 0xb
x30 <- 0x0000000000004000

mem[X,0x00000000800012A4] -> 0x0F13
mem[X,0x00000000800012A6] -> 0x7DFF
[1198] [M]: 0x00000000800012A4 (0x7DFF0F13) addi t5, t5, 0x7df
x30 <- 0x00000000000047DF

mem[X,0x00000000800012A8] -> 0x1F13
mem[X,0x00000000800012AA] -> 0x00BF
[1199] [M]: 0x00000000800012A8 (0x00BF1F13) slli t5, t5, 0xb
x30 <- 0x00000000023EF800

clint::tick mtime <- 0x000000000000000C
 clint timer pending at mtime 0x000000000000000C
htif::tick 0x0000000000000000
mem[X,0x00000000800012AC] -> 0x0F13
mem[X,0x00000000800012AE] -> 0x7FFF
[1200] [M]: 0x00000000800012AC (0x7FFF0F13) addi t5, t5, 0x7ff
x30 <- 0x00000000023EFFFF

mem[X,0x00000000800012B0] -> 0x1F13
mem[X,0x00000000800012B2] -> 0x00AF
[1201] [M]: 0x00000000800012B0 (0x00AF1F13) slli t5, t5, 0xa
x30 <- 0x00000008FBFFFC00

mem[X,0x00000000800012B4] -> 0x0F13
mem[X,0x00000000800012B6] -> 0x3FFF
[1202] [M]: 0x00000000800012B4 (0x3FFF0F13) addi t5, t5, 0x3ff
x30 <- 0x00000008FBFFFFFF

mem[X,0x00000000800012B8] -> 0x0EB7
mem[X,0x00000000800012BA] -> 0x0000
[1203] [M]: 0x00000000800012B8 (0x00000EB7) lui t4, 0x0
x29 <- 0x0000000000000000

mem[X,0x00000000800012BC] -> 0x8E93
mem[X,0x00000000800012BE] -> 0xBFFE
[1204] [M]: 0x00000000800012BC (0xBFFE8E93) addi t4, t4, -0x401
x29 <- 0xFFFFFFFFFFFFFBFF

mem[X,0x00000000800012C0] -> 0x9E93
mem[X,0x00000000800012C2] -> 0x00BE
[1205] [M]: 0x00000000800012C0 (0x00BE9E93) slli t4, t4, 0xb
x29 <- 0xFFFFFFFFFFDFF800

mem[X,0x00000000800012C4] -> 0x8E93
mem[X,0x00000000800012C6] -> 0x7FFE
[1206] [M]: 0x00000000800012C4 (0x7FFE8E93) addi t4, t4, 0x7ff
x29 <- 0xFFFFFFFFFFDFFFFF

mem[X,0x00000000800012C8] -> 0x9E93
mem[X,0x00000000800012CA] -> 0x00BE
[1207] [M]: 0x00000000800012C8 (0x00BE9E93) slli t4, t4, 0xb
x29 <- 0xFFFFFFFEFFFFF800

mem[X,0x00000000800012CC] -> 0x8E93
mem[X,0x00000000800012CE] -> 0x7FBE
[1208] [M]: 0x00000000800012CC (0x7FBE8E93) addi t4, t4, 0x7fb
x29 <- 0xFFFFFFFEFFFFFFFB

mem[X,0x00000000800012D0] -> 0x9E93
mem[X,0x00000000800012D2] -> 0x00AE
[1209] [M]: 0x00000000800012D0 (0x00AE9E93) slli t4, t4, 0xa
x29 <- 0xFFFFFBFFFFFFEC00

mem[X,0x00000000800012D4] -> 0x8E93
mem[X,0x00000000800012D6] -> 0x3FFE
[1210] [M]: 0x00000000800012D4 (0x3FFE8E93) addi t4, t4, 0x3ff
x29 <- 0xFFFFFBFFFFFFEFFF

mem[X,0x00000000800012D8] -> 0x2F9B
mem[X,0x00000000800012DA] -> 0xFFDF
[1211] [M]: 0x00000000800012D8 (0xFFDF2F9B) shar t6, t5, t4
x31 <- 0x000000047E000000

mem[X,0x00000000800012DC] -> 0xB823
mem[X,0x00000000800012DE] -> 0x19F5
[1212] [M]: 0x00000000800012DC (0x19F5B823) sd t6, 0x190(a1)
mem[0x0000000080005330] <- 0x000000047E000000

mem[X,0x00000000800012E0] -> 0x0F37
mem[X,0x00000000800012E2] -> 0x0000
[1213] [M]: 0x00000000800012E0 (0x00000F37) lui t5, 0x0
x30 <- 0x0000000000000000

mem[X,0x00000000800012E4] -> 0x0F13
mem[X,0x00000000800012E6] -> 0xFFBF
[1214] [M]: 0x00000000800012E4 (0xFFBF0F13) addi t5, t5, -0x5
x30 <- 0xFFFFFFFFFFFFFFFB

mem[X,0x00000000800012E8] -> 0x1F13
mem[X,0x00000000800012EA] -> 0x00BF
[1215] [M]: 0x00000000800012E8 (0x00BF1F13) slli t5, t5, 0xb
x30 <- 0xFFFFFFFFFFFFD800

mem[X,0x00000000800012EC] -> 0x0F13
mem[X,0x00000000800012EE] -> 0x7BFF
[1216] [M]: 0x00000000800012EC (0x7BFF0F13) addi t5, t5, 0x7bf
x30 <- 0xFFFFFFFFFFFFDFBF

mem[X,0x00000000800012F0] -> 0x1F13
mem[X,0x00000000800012F2] -> 0x00BF
[1217] [M]: 0x00000000800012F0 (0x00BF1F13) slli t5, t5, 0xb
x30 <- 0xFFFFFFFFFEFDF800

mem[X,0x00000000800012F4] -> 0x0F13
mem[X,0x00000000800012F6] -> 0x7FFF
[1218] [M]: 0x00000000800012F4 (0x7FFF0F13) addi t5, t5, 0x7ff
x30 <- 0xFFFFFFFFFEFDFFFF

mem[X,0x00000000800012F8] -> 0x1F13
mem[X,0x00000000800012FA] -> 0x00AF
[1219] [M]: 0x00000000800012F8 (0x00AF1F13) slli t5, t5, 0xa
x30 <- 0xFFFFFFFBF7FFFC00

mem[X,0x00000000800012FC] -> 0x0F13
mem[X,0x00000000800012FE] -> 0x3FFF
[1220] [M]: 0x00000000800012FC (0x3FFF0F13) addi t5, t5, 0x3ff
x30 <- 0xFFFFFFFBF7FFFFFF

mem[X,0x0000000080001300] -> 0x0EB7
mem[X,0x0000000080001302] -> 0x0000
[1221] [M]: 0x0000000080001300 (0x00000EB7) lui t4, 0x0
x29 <- 0x0000000000000000

mem[X,0x0000000080001304] -> 0x8E93
mem[X,0x0000000080001306] -> 0x001E
[1222] [M]: 0x0000000080001304 (0x001E8E93) addi t4, t4, 0x1
x29 <- 0x0000000000000001

mem[X,0x0000000080001308] -> 0x9E93
mem[X,0x000000008000130A] -> 0x00BE
[1223] [M]: 0x0000000080001308 (0x00BE9E93) slli t4, t4, 0xb
x29 <- 0x0000000000000800

mem[X,0x000000008000130C] -> 0x8E93
mem[X,0x000000008000130E] -> 0x7EFE
[1224] [M]: 0x000000008000130C (0x7EFE8E93) addi t4, t4, 0x7ef
x29 <- 0x0000000000000FEF

mem[X,0x0000000080001310] -> 0x9E93
mem[X,0x0000000080001312] -> 0x00BE
[1225] [M]: 0x0000000080001310 (0x00BE9E93) slli t4, t4, 0xb
x29 <- 0x00000000007F7800

mem[X,0x0000000080001314] -> 0x8E93
mem[X,0x0000000080001316] -> 0x7FFE
[1226] [M]: 0x0000000080001314 (0x7FFE8E93) addi t4, t4, 0x7ff
x29 <- 0x00000000007F7FFF

mem[X,0x0000000080001318] -> 0x9E93
mem[X,0x000000008000131A] -> 0x00AE
[1227] [M]: 0x0000000080001318 (0x00AE9E93) slli t4, t4, 0xa
x29 <- 0x00000001FDFFFC00

mem[X,0x000000008000131C] -> 0x8E93
mem[X,0x000000008000131E] -> 0x3FFE
[1228] [M]: 0x000000008000131C (0x3FFE8E93) addi t4, t4, 0x3ff
x29 <- 0x00000001FDFFFFFF

mem[X,0x0000000080001320] -> 0x2F9B
mem[X,0x0000000080001322] -> 0xFFDF
[1229] [M]: 0x0000000080001320 (0xFFDF2F9B) shar t6, t5, t4
x31 <- 0xFFFFFFFDFC000000

mem[X,0x0000000080001324] -> 0xBC23
mem[X,0x0000000080001326] -> 0x19F5
[1230] [M]: 0x0000000080001324 (0x19F5BC23) sd t6, 0x198(a1)
mem[0x0000000080005338] <- 0xFFFFFFFDFC000000

mem[X,0x0000000080001328] -> 0x0F37
mem[X,0x000000008000132A] -> 0xFFC0
[1231] [M]: 0x0000000080001328 (0xFFC00F37) lui t5, -0x400
x30 <- 0xFFFFFFFFFFC00000

mem[X,0x000000008000132C] -> 0x0F13
mem[X,0x000000008000132E] -> 0xFFFF
[1232] [M]: 0x000000008000132C (0xFFFF0F13) addi t5, t5, -0x1
x30 <- 0xFFFFFFFFFFBFFFFF

mem[X,0x0000000080001330] -> 0x1F13
mem[X,0x0000000080001332] -> 0x00BF
[1233] [M]: 0x0000000080001330 (0x00BF1F13) slli t5, t5, 0xb
x30 <- 0xFFFFFFFDFFFFF800

mem[X,0x0000000080001334] -> 0x0F13
mem[X,0x0000000080001336] -> 0x77FF
[1234] [M]: 0x0000000080001334 (0x77FF0F13) addi t5, t5, 0x77f
x30 <- 0xFFFFFFFDFFFFFF7F

mem[X,0x0000000080001338] -> 0x1F13
mem[X,0x000000008000133A] -> 0x00BF
[1235] [M]: 0x0000000080001338 (0x00BF1F13) slli t5, t5, 0xb
x30 <- 0xFFFFEFFFFFFBF800

mem[X,0x000000008000133C] -> 0x0F13
mem[X,0x000000008000133E] -> 0x7FFF
[1236] [M]: 0x000000008000133C (0x7FFF0F13) addi t5, t5, 0x7ff
x30 <- 0xFFFFEFFFFFFBFFFF

mem[X,0x0000000080001340] -> 0x1F13
mem[X,0x0000000080001342] -> 0x00AF
[1237] [M]: 0x0000000080001340 (0x00AF1F13) slli t5, t5, 0xa
x30 <- 0xFFBFFFFFEFFFFC00

mem[X,0x0000000080001344] -> 0x0F13
mem[X,0x0000000080001346] -> 0x3FFF
[1238] [M]: 0x0000000080001344 (0x3FFF0F13) addi t5, t5, 0x3ff
x30 <- 0xFFBFFFFFEFFFFFFF

mem[X,0x0000000080001348] -> 0x0EB7
mem[X,0x000000008000134A] -> 0xFFFE
[1239] [M]: 0x0000000080001348 (0xFFFE0EB7) lui t4, -0x20
x29 <- 0xFFFFFFFFFFFE0000

mem[X,0x000000008000134C] -> 0x8E93
mem[X,0x000000008000134E] -> 0xFFFE
[1240] [M]: 0x000000008000134C (0xFFFE8E93) addi t4, t4, -0x1
x29 <- 0xFFFFFFFFFFFDFFFF

mem[X,0x0000000080001350] -> 0x9E93
mem[X,0x0000000080001352] -> 0x00BE
[1241] [M]: 0x0000000080001350 (0x00BE9E93) slli t4, t4, 0xb
x29 <- 0xFFFFFFFFEFFFF800

mem[X,0x0000000080001354] -> 0x8E93
mem[X,0x0000000080001356] -> 0x1FFE
[1242] [M]: 0x0000000080001354 (0x1FFE8E93) addi t4, t4, 0x1ff
x29 <- 0xFFFFFFFFEFFFF9FF

mem[X,0x0000000080001358] -> 0x9E93
mem[X,0x000000008000135A] -> 0x00BE
[1243] [M]: 0x0000000080001358 (0x00BE9E93) slli t4, t4, 0xb
x29 <- 0xFFFFFF7FFFCFF800

mem[X,0x000000008000135C] -> 0x8E93
mem[X,0x000000008000135E] -> 0x7FFE
[1244] [M]: 0x000000008000135C (0x7FFE8E93) addi t4, t4, 0x7ff
x29 <- 0xFFFFFF7FFFCFFFFF

mem[X,0x0000000080001360] -> 0x9E93
mem[X,0x0000000080001362] -> 0x00AE
[1245] [M]: 0x0000000080001360 (0x00AE9E93) slli t4, t4, 0xa
x29 <- 0xFFFDFFFF3FFFFC00

mem[X,0x0000000080001364] -> 0x8E93
mem[X,0x0000000080001366] -> 0x3FFE
[1246] [M]: 0x0000000080001364 (0x3FFE8E93) addi t4, t4, 0x3ff
x29 <- 0xFFFDFFFF3FFFFFFF

mem[X,0x0000000080001368] -> 0x2F9B
mem[X,0x000000008000136A] -> 0xFFDF
[1247] [M]: 0x0000000080001368 (0xFFDF2F9B) shar t6, t5, t4
x31 <- 0xFFDFFFFFF8000000

mem[X,0x000000008000136C] -> 0xB023
mem[X,0x000000008000136E] -> 0x1BF5
[1248] [M]: 0x000000008000136C (0x1BF5B023) sd t6, 0x1a0(a1)
mem[0x0000000080005340] <- 0xFFDFFFFFF8000000

mem[X,0x0000000080001370] -> 0x0F37
mem[X,0x0000000080001372] -> 0x0000
[1249] [M]: 0x0000000080001370 (0x00000F37) lui t5, 0x0
x30 <- 0x0000000000000000

mem[X,0x0000000080001374] -> 0x0F13
mem[X,0x0000000080001376] -> 0x008F
[1250] [M]: 0x0000000080001374 (0x008F0F13) addi t5, t5, 0x8
x30 <- 0x0000000000000008

mem[X,0x0000000080001378] -> 0x1F13
mem[X,0x000000008000137A] -> 0x00BF
[1251] [M]: 0x0000000080001378 (0x00BF1F13) slli t5, t5, 0xb
x30 <- 0x0000000000004000

mem[X,0x000000008000137C] -> 0x0F13
mem[X,0x000000008000137E] -> 0x5FFF
[1252] [M]: 0x000000008000137C (0x5FFF0F13) addi t5, t5, 0x5ff
x30 <- 0x00000000000045FF

mem[X,0x0000000080001380] -> 0x1F13
mem[X,0x0000000080001382] -> 0x00BF
[1253] [M]: 0x0000000080001380 (0x00BF1F13) slli t5, t5, 0xb
x30 <- 0x00000000022FF800

mem[X,0x0000000080001384] -> 0x0F13
mem[X,0x0000000080001386] -> 0x7FFF
[1254] [M]: 0x0000000080001384 (0x7FFF0F13) addi t5, t5, 0x7ff
x30 <- 0x00000000022FFFFF

mem[X,0x0000000080001388] -> 0x1F13
mem[X,0x000000008000138A] -> 0x00AF
[1255] [M]: 0x0000000080001388 (0x00AF1F13) slli t5, t5, 0xa
x30 <- 0x00000008BFFFFC00

mem[X,0x000000008000138C] -> 0x0F13
mem[X,0x000000008000138E] -> 0x3FFF
[1256] [M]: 0x000000008000138C (0x3FFF0F13) addi t5, t5, 0x3ff
x30 <- 0x00000008BFFFFFFF

mem[X,0x0000000080001390] -> 0x0EB7
mem[X,0x0000000080001392] -> 0x1000
[1257] [M]: 0x0000000080001390 (0x10000EB7) lui t4, 0x10000
x29 <- 0x0000000010000000

mem[X,0x0000000080001394] -> 0x8E93
mem[X,0x0000000080001396] -> 0x000E
[1258] [M]: 0x0000000080001394 (0x000E8E93) addi t4, t4, 0x0
x29 <- 0x0000000010000000

mem[X,0x0000000080001398] -> 0x9E93
mem[X,0x000000008000139A] -> 0x00BE
[1259] [M]: 0x0000000080001398 (0x00BE9E93) slli t4, t4, 0xb
x29 <- 0x0000008000000000

mem[X,0x000000008000139C] -> 0x8E93
mem[X,0x000000008000139E] -> 0x7FFE
[1260] [M]: 0x000000008000139C (0x7FFE8E93) addi t4, t4, 0x7ff
x29 <- 0x00000080000007FF

mem[X,0x00000000800013A0] -> 0x9E93
mem[X,0x00000000800013A2] -> 0x00BE
[1261] [M]: 0x00000000800013A0 (0x00BE9E93) slli t4, t4, 0xb
x29 <- 0x00040000003FF800

mem[X,0x00000000800013A4] -> 0x8E93
mem[X,0x00000000800013A6] -> 0x7FFE
[1262] [M]: 0x00000000800013A4 (0x7FFE8E93) addi t4, t4, 0x7ff
x29 <- 0x00040000003FFFFF

mem[X,0x00000000800013A8] -> 0x9E93
mem[X,0x00000000800013AA] -> 0x00AE
[1263] [M]: 0x00000000800013A8 (0x00AE9E93) slli t4, t4, 0xa
x29 <- 0x10000000FFFFFC00

mem[X,0x00000000800013AC] -> 0x8E93
mem[X,0x00000000800013AE] -> 0x3FFE
[1264] [M]: 0x00000000800013AC (0x3FFE8E93) addi t4, t4, 0x3ff
x29 <- 0x10000000FFFFFFFF

mem[X,0x00000000800013B0] -> 0x2F9B
mem[X,0x00000000800013B2] -> 0xFFDF
[1265] [M]: 0x00000000800013B0 (0xFFDF2F9B) shar t6, t5, t4
x31 <- 0x0000000460000000

mem[X,0x00000000800013B4] -> 0xB423
mem[X,0x00000000800013B6] -> 0x1BF5
[1266] [M]: 0x00000000800013B4 (0x1BF5B423) sd t6, 0x1a8(a1)
mem[0x0000000080005348] <- 0x0000000460000000

mem[X,0x00000000800013B8] -> 0x5F37
mem[X,0x00000000800013BA] -> 0x5555
[1267] [M]: 0x00000000800013B8 (0x55555F37) lui t5, 0x55555
x30 <- 0x0000000055555000

mem[X,0x00000000800013BC] -> 0x0F13
mem[X,0x00000000800013BE] -> 0x555F
[1268] [M]: 0x00000000800013BC (0x555F0F13) addi t5, t5, 0x555
x30 <- 0x0000000055555555

mem[X,0x00000000800013C0] -> 0x1F13
mem[X,0x00000000800013C2] -> 0x00BF
[1269] [M]: 0x00000000800013C0 (0x00BF1F13) slli t5, t5, 0xb
x30 <- 0x000002AAAAAAA800

mem[X,0x00000000800013C4] -> 0x0F13
mem[X,0x00000000800013C6] -> 0x2AAF
[1270] [M]: 0x00000000800013C4 (0x2AAF0F13) addi t5, t5, 0x2aa
x30 <- 0x000002AAAAAAAAAA

mem[X,0x00000000800013C8] -> 0x1F13
mem[X,0x00000000800013CA] -> 0x00BF
[1271] [M]: 0x00000000800013C8 (0x00BF1F13) slli t5, t5, 0xb
x30 <- 0x0015555555555000

mem[X,0x00000000800013CC] -> 0x0F13
mem[X,0x00000000800013CE] -> 0x555F
[1272] [M]: 0x00000000800013CC (0x555F0F13) addi t5, t5, 0x555
x30 <- 0x0015555555555555

mem[X,0x00000000800013D0] -> 0x1F13
mem[X,0x00000000800013D2] -> 0x00AF
[1273] [M]: 0x00000000800013D0 (0x00AF1F13) slli t5, t5, 0xa
x30 <- 0x5555555555555400

mem[X,0x00000000800013D4] -> 0x0F13
mem[X,0x00000000800013D6] -> 0x155F
[1274] [M]: 0x00000000800013D4 (0x155F0F13) addi t5, t5, 0x155
x30 <- 0x5555555555555555

mem[X,0x00000000800013D8] -> 0x5EB7
mem[X,0x00000000800013DA] -> 0x5555
[1275] [M]: 0x00000000800013D8 (0x55555EB7) lui t4, 0x55555
x29 <- 0x0000000055555000

mem[X,0x00000000800013DC] -> 0x8E93
mem[X,0x00000000800013DE] -> 0x555E
[1276] [M]: 0x00000000800013DC (0x555E8E93) addi t4, t4, 0x555
x29 <- 0x0000000055555555

mem[X,0x00000000800013E0] -> 0x9E93
mem[X,0x00000000800013E2] -> 0x00BE
[1277] [M]: 0x00000000800013E0 (0x00BE9E93) slli t4, t4, 0xb
x29 <- 0x000002AAAAAAA800

mem[X,0x00000000800013E4] -> 0x8E93
mem[X,0x00000000800013E6] -> 0x000E
[1278] [M]: 0x00000000800013E4 (0x000E8E93) addi t4, t4, 0x0
x29 <- 0x000002AAAAAAA800

mem[X,0x00000000800013E8] -> 0x9E93
mem[X,0x00000000800013EA] -> 0x00BE
[1279] [M]: 0x00000000800013E8 (0x00BE9E93) slli t4, t4, 0xb
x29 <- 0x0015555555400000

mem[X,0x00000000800013EC] -> 0x8E93
mem[X,0x00000000800013EE] -> 0x080E
[1280] [M]: 0x00000000800013EC (0x080E8E93) addi t4, t4, 0x80
x29 <- 0x0015555555400080

mem[X,0x00000000800013F0] -> 0x9E93
mem[X,0x00000000800013F2] -> 0x00AE
[1281] [M]: 0x00000000800013F0 (0x00AE9E93) slli t4, t4, 0xa
x29 <- 0x5555555500020000

mem[X,0x00000000800013F4] -> 0x2F9B
mem[X,0x00000000800013F6] -> 0xFFDF
[1282] [M]: 0x00000000800013F4 (0xFFDF2F9B) shar t6, t5, t4
x31 <- 0x5555555555555555

mem[X,0x00000000800013F8] -> 0xB823
mem[X,0x00000000800013FA] -> 0x1BF5
[1283] [M]: 0x00000000800013F8 (0x1BF5B823) sd t6, 0x1b0(a1)
mem[0x0000000080005350] <- 0x5555555555555555

mem[X,0x00000000800013FC] -> 0xFF37
mem[X,0x00000000800013FE] -> 0xFFFF
[1284] [M]: 0x00000000800013FC (0xFFFFFF37) lui t5, -0x1
x30 <- 0xFFFFFFFFFFFFF000

mem[X,0x0000000080001400] -> 0x0F13
mem[X,0x0000000080001402] -> 0x7FFF
[1285] [M]: 0x0000000080001400 (0x7FFF0F13) addi t5, t5, 0x7ff
x30 <- 0xFFFFFFFFFFFFF7FF

mem[X,0x0000000080001404] -> 0x1F13
mem[X,0x0000000080001406] -> 0x00BF
[1286] [M]: 0x0000000080001404 (0x00BF1F13) slli t5, t5, 0xb
x30 <- 0xFFFFFFFFFFBFF800

mem[X,0x0000000080001408] -> 0x0F13
mem[X,0x000000008000140A] -> 0x555F
[1287] [M]: 0x0000000080001408 (0x555F0F13) addi t5, t5, 0x555
x30 <- 0xFFFFFFFFFFBFFD55

mem[X,0x000000008000140C] -> 0x1F13
mem[X,0x000000008000140E] -> 0x00BF
[1288] [M]: 0x000000008000140C (0x00BF1F13) slli t5, t5, 0xb
x30 <- 0xFFFFFFFDFFEAA800

mem[X,0x0000000080001410] -> 0x0F13
mem[X,0x0000000080001412] -> 0x2AAF
[1289] [M]: 0x0000000080001410 (0x2AAF0F13) addi t5, t5, 0x2aa
x30 <- 0xFFFFFFFDFFEAAAAA

mem[X,0x0000000080001414] -> 0x1F13
mem[X,0x0000000080001416] -> 0x00AF
[1290] [M]: 0x0000000080001414 (0x00AF1F13) slli t5, t5, 0xa
x30 <- 0xFFFFF7FFAAAAA800

mem[X,0x0000000080001418] -> 0x0F13
mem[X,0x000000008000141A] -> 0x2AAF
[1291] [M]: 0x0000000080001418 (0x2AAF0F13) addi t5, t5, 0x2aa
x30 <- 0xFFFFF7FFAAAAAAAA

mem[X,0x000000008000141C] -> 0x0EB7
mem[X,0x000000008000141E] -> 0x0001
[1292] [M]: 0x000000008000141C (0x00010EB7) lui t4, 0x10
x29 <- 0x0000000000010000

mem[X,0x0000000080001420] -> 0x8E93
mem[X,0x0000000080001422] -> 0x000E
[1293] [M]: 0x0000000080001420 (0x000E8E93) addi t4, t4, 0x0
x29 <- 0x0000000000010000

mem[X,0x0000000080001424] -> 0x9E93
mem[X,0x0000000080001426] -> 0x00BE
[1294] [M]: 0x0000000080001424 (0x00BE9E93) slli t4, t4, 0xb
x29 <- 0x0000000008000000

mem[X,0x0000000080001428] -> 0x8E93
mem[X,0x000000008000142A] -> 0x7FFE
[1295] [M]: 0x0000000080001428 (0x7FFE8E93) addi t4, t4, 0x7ff
x29 <- 0x00000000080007FF

mem[X,0x000000008000142C] -> 0x9E93
mem[X,0x000000008000142E] -> 0x00BE
[1296] [M]: 0x000000008000142C (0x00BE9E93) slli t4, t4, 0xb
x29 <- 0x00000040003FF800

mem[X,0x0000000080001430] -> 0x8E93
mem[X,0x0000000080001432] -> 0x7FFE
[1297] [M]: 0x0000000080001430 (0x7FFE8E93) addi t4, t4, 0x7ff
x29 <- 0x00000040003FFFFF

mem[X,0x0000000080001434] -> 0x9E93
mem[X,0x0000000080001436] -> 0x00AE
[1298] [M]: 0x0000000080001434 (0x00AE9E93) slli t4, t4, 0xa
x29 <- 0x00010000FFFFFC00

mem[X,0x0000000080001438] -> 0x8E93
mem[X,0x000000008000143A] -> 0x3F7E
[1299] [M]: 0x0000000080001438 (0x3F7E8E93) addi t4, t4, 0x3f7
x29 <- 0x00010000FFFFFFF7

clint::tick mtime <- 0x000000000000000D
 clint timer pending at mtime 0x000000000000000D
htif::tick 0x0000000000000000
mem[X,0x000000008000143C] -> 0x2F9B
mem[X,0x000000008000143E] -> 0xFFDF
[1300] [M]: 0x000000008000143C (0xFFDF2F9B) shar t6, t5, t4
x31 <- 0xFFFFFFFBFFD55555

mem[X,0x0000000080001440] -> 0xBC23
mem[X,0x0000000080001442] -> 0x1BF5
[1301] [M]: 0x0000000080001440 (0x1BF5BC23) sd t6, 0x1b8(a1)
mem[0x0000000080005358] <- 0xFFFFFFFBFFD55555

mem[X,0x0000000080001444] -> 0x0F37
mem[X,0x0000000080001446] -> 0x8000
[1302] [M]: 0x0000000080001444 (0x80000F37) lui t5, -0x80000
x30 <- 0xFFFFFFFF80000000

mem[X,0x0000000080001448] -> 0x0F13
mem[X,0x000000008000144A] -> 0x000F
[1303] [M]: 0x0000000080001448 (0x000F0F13) addi t5, t5, 0x0
x30 <- 0xFFFFFFFF80000000

mem[X,0x000000008000144C] -> 0x1F13
mem[X,0x000000008000144E] -> 0x00BF
[1304] [M]: 0x000000008000144C (0x00BF1F13) slli t5, t5, 0xb
x30 <- 0xFFFFFC0000000000

mem[X,0x0000000080001450] -> 0x0F13
mem[X,0x0000000080001452] -> 0x7FFF
[1305] [M]: 0x0000000080001450 (0x7FFF0F13) addi t5, t5, 0x7ff
x30 <- 0xFFFFFC00000007FF

mem[X,0x0000000080001454] -> 0x1F13
mem[X,0x0000000080001456] -> 0x00BF
[1306] [M]: 0x0000000080001454 (0x00BF1F13) slli t5, t5, 0xb
x30 <- 0xFFE00000003FF800

mem[X,0x0000000080001458] -> 0x0F13
mem[X,0x000000008000145A] -> 0x6FFF
[1307] [M]: 0x0000000080001458 (0x6FFF0F13) addi t5, t5, 0x6ff
x30 <- 0xFFE00000003FFEFF

mem[X,0x000000008000145C] -> 0x1F13
mem[X,0x000000008000145E] -> 0x00AF
[1308] [M]: 0x000000008000145C (0x00AF1F13) slli t5, t5, 0xa
x30 <- 0x80000000FFFBFC00

mem[X,0x0000000080001460] -> 0x0F13
mem[X,0x0000000080001462] -> 0x3FFF
[1309] [M]: 0x0000000080001460 (0x3FFF0F13) addi t5, t5, 0x3ff
x30 <- 0x80000000FFFBFFFF

mem[X,0x0000000080001464] -> 0x0EB7
mem[X,0x0000000080001466] -> 0x0001
[1310] [M]: 0x0000000080001464 (0x00010EB7) lui t4, 0x10
x29 <- 0x0000000000010000

mem[X,0x0000000080001468] -> 0x8E93
mem[X,0x000000008000146A] -> 0x000E
[1311] [M]: 0x0000000080001468 (0x000E8E93) addi t4, t4, 0x0
x29 <- 0x0000000000010000

mem[X,0x000000008000146C] -> 0x9E93
mem[X,0x000000008000146E] -> 0x00BE
[1312] [M]: 0x000000008000146C (0x00BE9E93) slli t4, t4, 0xb
x29 <- 0x0000000008000000

mem[X,0x0000000080001470] -> 0x8E93
mem[X,0x0000000080001472] -> 0x7FFE
[1313] [M]: 0x0000000080001470 (0x7FFE8E93) addi t4, t4, 0x7ff
x29 <- 0x00000000080007FF

mem[X,0x0000000080001474] -> 0x9E93
mem[X,0x0000000080001476] -> 0x00BE
[1314] [M]: 0x0000000080001474 (0x00BE9E93) slli t4, t4, 0xb
x29 <- 0x00000040003FF800

mem[X,0x0000000080001478] -> 0x8E93
mem[X,0x000000008000147A] -> 0x7FFE
[1315] [M]: 0x0000000080001478 (0x7FFE8E93) addi t4, t4, 0x7ff
x29 <- 0x00000040003FFFFF

mem[X,0x000000008000147C] -> 0x9E93
mem[X,0x000000008000147E] -> 0x00AE
[1316] [M]: 0x000000008000147C (0x00AE9E93) slli t4, t4, 0xa
x29 <- 0x00010000FFFFFC00

mem[X,0x0000000080001480] -> 0x8E93
mem[X,0x0000000080001482] -> 0x3FFE
[1317] [M]: 0x0000000080001480 (0x3FFE8E93) addi t4, t4, 0x3ff
x29 <- 0x00010000FFFFFFFF

mem[X,0x0000000080001484] -> 0x2F9B
mem[X,0x0000000080001486] -> 0xFFDF
[1318] [M]: 0x0000000080001484 (0xFFDF2F9B) shar t6, t5, t4
x31 <- 0xC00000007FFE0000

mem[X,0x0000000080001488] -> 0xB023
mem[X,0x000000008000148A] -> 0x1DF5
[1319] [M]: 0x0000000080001488 (0x1DF5B023) sd t6, 0x1c0(a1)
mem[0x0000000080005360] <- 0xC00000007FFE0000

mem[X,0x000000008000148C] -> 0x0F37
mem[X,0x000000008000148E] -> 0x8000
[1320] [M]: 0x000000008000148C (0x80000F37) lui t5, -0x80000
x30 <- 0xFFFFFFFF80000000

mem[X,0x0000000080001490] -> 0x0F13
mem[X,0x0000000080001492] -> 0xFFFF
[1321] [M]: 0x0000000080001490 (0xFFFF0F13) addi t5, t5, -0x1
x30 <- 0xFFFFFFFF7FFFFFFF

mem[X,0x0000000080001494] -> 0x1F13
mem[X,0x0000000080001496] -> 0x00BF
[1322] [M]: 0x0000000080001494 (0x00BF1F13) slli t5, t5, 0xb
x30 <- 0xFFFFFBFFFFFFF800

mem[X,0x0000000080001498] -> 0x0F13
mem[X,0x000000008000149A] -> 0x000F
[1323] [M]: 0x0000000080001498 (0x000F0F13) addi t5, t5, 0x0
x30 <- 0xFFFFFBFFFFFFF800

mem[X,0x000000008000149C] -> 0x1F13
mem[X,0x000000008000149E] -> 0x00BF
[1324] [M]: 0x000000008000149C (0x00BF1F13) slli t5, t5, 0xb
x30 <- 0xFFDFFFFFFFC00000

mem[X,0x00000000800014A0] -> 0x0F13
mem[X,0x00000000800014A2] -> 0x004F
[1325] [M]: 0x00000000800014A0 (0x004F0F13) addi t5, t5, 0x4
x30 <- 0xFFDFFFFFFFC00004

mem[X,0x00000000800014A4] -> 0x1F13
mem[X,0x00000000800014A6] -> 0x00AF
[1326] [M]: 0x00000000800014A4 (0x00AF1F13) slli t5, t5, 0xa
x30 <- 0x7FFFFFFF00001000

mem[X,0x00000000800014A8] -> 0x0EB7
mem[X,0x00000000800014AA] -> 0xFF80
[1327] [M]: 0x00000000800014A8 (0xFF800EB7) lui t4, -0x800
x29 <- 0xFFFFFFFFFF800000

mem[X,0x00000000800014AC] -> 0x8E93
mem[X,0x00000000800014AE] -> 0xFFFE
[1328] [M]: 0x00000000800014AC (0xFFFE8E93) addi t4, t4, -0x1
x29 <- 0xFFFFFFFFFF7FFFFF

mem[X,0x00000000800014B0] -> 0x9E93
mem[X,0x00000000800014B2] -> 0x00BE
[1329] [M]: 0x00000000800014B0 (0x00BE9E93) slli t4, t4, 0xb
x29 <- 0xFFFFFFFBFFFFF800

mem[X,0x00000000800014B4] -> 0x8E93
mem[X,0x00000000800014B6] -> 0x000E
[1330] [M]: 0x00000000800014B4 (0x000E8E93) addi t4, t4, 0x0
x29 <- 0xFFFFFFFBFFFFF800

mem[X,0x00000000800014B8] -> 0x9E93
mem[X,0x00000000800014BA] -> 0x00BE
[1331] [M]: 0x00000000800014B8 (0x00BE9E93) slli t4, t4, 0xb
x29 <- 0xFFFFDFFFFFC00000

mem[X,0x00000000800014BC] -> 0x8E93
mem[X,0x00000000800014BE] -> 0x040E
[1332] [M]: 0x00000000800014BC (0x040E8E93) addi t4, t4, 0x40
x29 <- 0xFFFFDFFFFFC00040

mem[X,0x00000000800014C0] -> 0x9E93
mem[X,0x00000000800014C2] -> 0x00AE
[1333] [M]: 0x00000000800014C0 (0x00AE9E93) slli t4, t4, 0xa
x29 <- 0xFF7FFFFF00010000

mem[X,0x00000000800014C4] -> 0x2F9B
mem[X,0x00000000800014C6] -> 0xFFDF
[1334] [M]: 0x00000000800014C4 (0xFFDF2F9B) shar t6, t5, t4
x31 <- 0x7FFFFFFF00001000

mem[X,0x00000000800014C8] -> 0xB423
mem[X,0x00000000800014CA] -> 0x1DF5
[1335] [M]: 0x00000000800014C8 (0x1DF5B423) sd t6, 0x1c8(a1)
mem[0x0000000080005368] <- 0x7FFFFFFF00001000

mem[X,0x00000000800014CC] -> 0x0F37
mem[X,0x00000000800014CE] -> 0x0000
[1336] [M]: 0x00000000800014CC (0x00000F37) lui t5, 0x0
x30 <- 0x0000000000000000

mem[X,0x00000000800014D0] -> 0x0F13
mem[X,0x00000000800014D2] -> 0x004F
[1337] [M]: 0x00000000800014D0 (0x004F0F13) addi t5, t5, 0x4
x30 <- 0x0000000000000004

mem[X,0x00000000800014D4] -> 0x1F13
mem[X,0x00000000800014D6] -> 0x00BF
[1338] [M]: 0x00000000800014D4 (0x00BF1F13) slli t5, t5, 0xb
x30 <- 0x0000000000002000

mem[X,0x00000000800014D8] -> 0x0F13
mem[X,0x00000000800014DA] -> 0x7FFF
[1339] [M]: 0x00000000800014D8 (0x7FFF0F13) addi t5, t5, 0x7ff
x30 <- 0x00000000000027FF

mem[X,0x00000000800014DC] -> 0x1F13
mem[X,0x00000000800014DE] -> 0x00BF
[1340] [M]: 0x00000000800014DC (0x00BF1F13) slli t5, t5, 0xb
x30 <- 0x00000000013FF800

mem[X,0x00000000800014E0] -> 0x0F13
mem[X,0x00000000800014E2] -> 0x7FFF
[1341] [M]: 0x00000000800014E0 (0x7FFF0F13) addi t5, t5, 0x7ff
x30 <- 0x00000000013FFFFF

mem[X,0x00000000800014E4] -> 0x1F13
mem[X,0x00000000800014E6] -> 0x00AF
[1342] [M]: 0x00000000800014E4 (0x00AF1F13) slli t5, t5, 0xa
x30 <- 0x00000004FFFFFC00

mem[X,0x00000000800014E8] -> 0x0F13
mem[X,0x00000000800014EA] -> 0x3F6F
[1343] [M]: 0x00000000800014E8 (0x3F6F0F13) addi t5, t5, 0x3f6
x30 <- 0x00000004FFFFFFF6

mem[X,0x00000000800014EC] -> 0x0EB7
mem[X,0x00000000800014EE] -> 0x0001
[1344] [M]: 0x00000000800014EC (0x00010EB7) lui t4, 0x10
x29 <- 0x0000000000010000

mem[X,0x00000000800014F0] -> 0x8E93
mem[X,0x00000000800014F2] -> 0x001E
[1345] [M]: 0x00000000800014F0 (0x001E8E93) addi t4, t4, 0x1
x29 <- 0x0000000000010001

mem[X,0x00000000800014F4] -> 0x9E93
mem[X,0x00000000800014F6] -> 0x01CE
[1346] [M]: 0x00000000800014F4 (0x01CE9E93) slli t4, t4, 0x1c
x29 <- 0x0000100010000000

mem[X,0x00000000800014F8] -> 0x2F9B
mem[X,0x00000000800014FA] -> 0xFFDF
[1347] [M]: 0x00000000800014F8 (0xFFDF2F9B) shar t6, t5, t4
x31 <- 0x00000004FFFFFFF6

mem[X,0x00000000800014FC] -> 0xB823
mem[X,0x00000000800014FE] -> 0x1DF5
[1348] [M]: 0x00000000800014FC (0x1DF5B823) sd t6, 0x1d0(a1)
mem[0x0000000080005370] <- 0x00000004FFFFFFF6

mem[X,0x0000000080001500] -> 0x0F37
mem[X,0x0000000080001502] -> 0x0000
[1349] [M]: 0x0000000080001500 (0x00000F37) lui t5, 0x0
x30 <- 0x0000000000000000

mem[X,0x0000000080001504] -> 0x0F13
mem[X,0x0000000080001506] -> 0x020F
[1350] [M]: 0x0000000080001504 (0x020F0F13) addi t5, t5, 0x20
x30 <- 0x0000000000000020

mem[X,0x0000000080001508] -> 0x1F13
mem[X,0x000000008000150A] -> 0x00BF
[1351] [M]: 0x0000000080001508 (0x00BF1F13) slli t5, t5, 0xb
x30 <- 0x0000000000010000

mem[X,0x000000008000150C] -> 0x0F13
mem[X,0x000000008000150E] -> 0x7FFF
[1352] [M]: 0x000000008000150C (0x7FFF0F13) addi t5, t5, 0x7ff
x30 <- 0x00000000000107FF

mem[X,0x0000000080001510] -> 0x1F13
mem[X,0x0000000080001512] -> 0x00BF
[1353] [M]: 0x0000000080001510 (0x00BF1F13) slli t5, t5, 0xb
x30 <- 0x00000000083FF800

mem[X,0x0000000080001514] -> 0x0F13
mem[X,0x0000000080001516] -> 0x77FF
[1354] [M]: 0x0000000080001514 (0x77FF0F13) addi t5, t5, 0x77f
x30 <- 0x00000000083FFF7F

mem[X,0x0000000080001518] -> 0x1F13
mem[X,0x000000008000151A] -> 0x00AF
[1355] [M]: 0x0000000080001518 (0x00AF1F13) slli t5, t5, 0xa
x30 <- 0x00000020FFFDFC00

mem[X,0x000000008000151C] -> 0x0F13
mem[X,0x000000008000151E] -> 0x3FFF
[1356] [M]: 0x000000008000151C (0x3FFF0F13) addi t5, t5, 0x3ff
x30 <- 0x00000020FFFDFFFF

mem[X,0x0000000080001520] -> 0xBEB7
mem[X,0x0000000080001522] -> 0xAAAA
[1357] [M]: 0x0000000080001520 (0xAAAABEB7) lui t4, -0x55555
x29 <- 0xFFFFFFFFAAAAB000

mem[X,0x0000000080001524] -> 0x8E93
mem[X,0x0000000080001526] -> 0xAAAE
[1358] [M]: 0x0000000080001524 (0xAAAE8E93) addi t4, t4, -0x556
x29 <- 0xFFFFFFFFAAAAAAAA

mem[X,0x0000000080001528] -> 0x9E93
mem[X,0x000000008000152A] -> 0x00BE
[1359] [M]: 0x0000000080001528 (0x00BE9E93) slli t4, t4, 0xb
x29 <- 0xFFFFFD5555555000

mem[X,0x000000008000152C] -> 0x8E93
mem[X,0x000000008000152E] -> 0x000E
[1360] [M]: 0x000000008000152C (0x000E8E93) addi t4, t4, 0x0
x29 <- 0xFFFFFD5555555000

mem[X,0x0000000080001530] -> 0x9E93
mem[X,0x0000000080001532] -> 0x00BE
[1361] [M]: 0x0000000080001530 (0x00BE9E93) slli t4, t4, 0xb
x29 <- 0xFFEAAAAAAA800000

mem[X,0x0000000080001534] -> 0x8E93
mem[X,0x0000000080001536] -> 0x004E
[1362] [M]: 0x0000000080001534 (0x004E8E93) addi t4, t4, 0x4
x29 <- 0xFFEAAAAAAA800004

mem[X,0x0000000080001538] -> 0x9E93
mem[X,0x000000008000153A] -> 0x00AE
[1363] [M]: 0x0000000080001538 (0x00AE9E93) slli t4, t4, 0xa
x29 <- 0xAAAAAAAA00001000

mem[X,0x000000008000153C] -> 0x2F9B
mem[X,0x000000008000153E] -> 0xFFDF
[1364] [M]: 0x000000008000153C (0xFFDF2F9B) shar t6, t5, t4
x31 <- 0x00000020FFFDFFFF

mem[X,0x0000000080001540] -> 0xBC23
mem[X,0x0000000080001542] -> 0x1DF5
[1365] [M]: 0x0000000080001540 (0x1DF5BC23) sd t6, 0x1d8(a1)
mem[0x0000000080005378] <- 0x00000020FFFDFFFF

mem[X,0x0000000080001544] -> 0x0F37
mem[X,0x0000000080001546] -> 0x0000
[1366] [M]: 0x0000000080001544 (0x00000F37) lui t5, 0x0
x30 <- 0x0000000000000000

mem[X,0x0000000080001548] -> 0x0F13
mem[X,0x000000008000154A] -> 0x200F
[1367] [M]: 0x0000000080001548 (0x200F0F13) addi t5, t5, 0x200
x30 <- 0x0000000000000200

mem[X,0x000000008000154C] -> 0x1F13
mem[X,0x000000008000154E] -> 0x00BF
[1368] [M]: 0x000000008000154C (0x00BF1F13) slli t5, t5, 0xb
x30 <- 0x0000000000100000

mem[X,0x0000000080001550] -> 0x0F13
mem[X,0x0000000080001552] -> 0x7FFF
[1369] [M]: 0x0000000080001550 (0x7FFF0F13) addi t5, t5, 0x7ff
x30 <- 0x00000000001007FF

mem[X,0x0000000080001554] -> 0x1F13
mem[X,0x0000000080001556] -> 0x00BF
[1370] [M]: 0x0000000080001554 (0x00BF1F13) slli t5, t5, 0xb
x30 <- 0x00000000803FF800

mem[X,0x0000000080001558] -> 0x0F13
mem[X,0x000000008000155A] -> 0x7EFF
[1371] [M]: 0x0000000080001558 (0x7EFF0F13) addi t5, t5, 0x7ef
x30 <- 0x00000000803FFFEF

mem[X,0x000000008000155C] -> 0x1F13
mem[X,0x000000008000155E] -> 0x00AF
[1372] [M]: 0x000000008000155C (0x00AF1F13) slli t5, t5, 0xa
x30 <- 0x00000200FFFFBC00

mem[X,0x0000000080001560] -> 0x0F13
mem[X,0x0000000080001562] -> 0x3FFF
[1373] [M]: 0x0000000080001560 (0x3FFF0F13) addi t5, t5, 0x3ff
x30 <- 0x00000200FFFFBFFF

mem[X,0x0000000080001564] -> 0xEEB7
mem[X,0x0000000080001566] -> 0xFFFF
[1374] [M]: 0x0000000080001564 (0xFFFFEEB7) lui t4, -0x2
x29 <- 0xFFFFFFFFFFFFE000

mem[X,0x0000000080001568] -> 0x8E93
mem[X,0x000000008000156A] -> 0xFFFE
[1375] [M]: 0x0000000080001568 (0xFFFE8E93) addi t4, t4, -0x1
x29 <- 0xFFFFFFFFFFFFDFFF

mem[X,0x000000008000156C] -> 0x9E93
mem[X,0x000000008000156E] -> 0x00BE
[1376] [M]: 0x000000008000156C (0x00BE9E93) slli t4, t4, 0xb
x29 <- 0xFFFFFFFFFEFFF800

mem[X,0x0000000080001570] -> 0x8E93
mem[X,0x0000000080001572] -> 0x000E
[1377] [M]: 0x0000000080001570 (0x000E8E93) addi t4, t4, 0x0
x29 <- 0xFFFFFFFFFEFFF800

mem[X,0x0000000080001574] -> 0x9E93
mem[X,0x0000000080001576] -> 0x00BE
[1378] [M]: 0x0000000080001574 (0x00BE9E93) slli t4, t4, 0xb
x29 <- 0xFFFFFFF7FFC00000

mem[X,0x0000000080001578] -> 0x8E93
mem[X,0x000000008000157A] -> 0x200E
[1379] [M]: 0x0000000080001578 (0x200E8E93) addi t4, t4, 0x200
x29 <- 0xFFFFFFF7FFC00200

mem[X,0x000000008000157C] -> 0x9E93
mem[X,0x000000008000157E] -> 0x00AE
[1380] [M]: 0x000000008000157C (0x00AE9E93) slli t4, t4, 0xa
x29 <- 0xFFFFDFFF00080000

mem[X,0x0000000080001580] -> 0x2F9B
mem[X,0x0000000080001582] -> 0xFFDF
[1381] [M]: 0x0000000080001580 (0xFFDF2F9B) shar t6, t5, t4
x31 <- 0x00000200FFFFBFFF

mem[X,0x0000000080001584] -> 0xB023
mem[X,0x0000000080001586] -> 0x1FF5
[1382] [M]: 0x0000000080001584 (0x1FF5B023) sd t6, 0x1e0(a1)
mem[0x0000000080005380] <- 0x00000200FFFFBFFF

mem[X,0x0000000080001588] -> 0x8F37
mem[X,0x000000008000158A] -> 0x0000
[1383] [M]: 0x0000000080001588 (0x00008F37) lui t5, 0x8
x30 <- 0x0000000000008000

mem[X,0x000000008000158C] -> 0x0F13
mem[X,0x000000008000158E] -> 0x001F
[1384] [M]: 0x000000008000158C (0x001F0F13) addi t5, t5, 0x1
x30 <- 0x0000000000008001

mem[X,0x0000000080001590] -> 0x1F13
mem[X,0x0000000080001592] -> 0x01EF
[1385] [M]: 0x0000000080001590 (0x01EF1F13) slli t5, t5, 0x1e
x30 <- 0x0000200040000000

mem[X,0x0000000080001594] -> 0x0EB7
mem[X,0x0000000080001596] -> 0x0010
[1386] [M]: 0x0000000080001594 (0x00100EB7) lui t4, 0x100
x29 <- 0x0000000000100000

mem[X,0x0000000080001598] -> 0x8E93
mem[X,0x000000008000159A] -> 0x000E
[1387] [M]: 0x0000000080001598 (0x000E8E93) addi t4, t4, 0x0
x29 <- 0x0000000000100000

mem[X,0x000000008000159C] -> 0x9E93
mem[X,0x000000008000159E] -> 0x00BE
[1388] [M]: 0x000000008000159C (0x00BE9E93) slli t4, t4, 0xb
x29 <- 0x0000000080000000

mem[X,0x00000000800015A0] -> 0x8E93
mem[X,0x00000000800015A2] -> 0x7FFE
[1389] [M]: 0x00000000800015A0 (0x7FFE8E93) addi t4, t4, 0x7ff
x29 <- 0x00000000800007FF

mem[X,0x00000000800015A4] -> 0x9E93
mem[X,0x00000000800015A6] -> 0x00BE
[1390] [M]: 0x00000000800015A4 (0x00BE9E93) slli t4, t4, 0xb
x29 <- 0x00000400003FF800

mem[X,0x00000000800015A8] -> 0x8E93
mem[X,0x00000000800015AA] -> 0x7FFE
[1391] [M]: 0x00000000800015A8 (0x7FFE8E93) addi t4, t4, 0x7ff
x29 <- 0x00000400003FFFFF

mem[X,0x00000000800015AC] -> 0x9E93
mem[X,0x00000000800015AE] -> 0x00AE
[1392] [M]: 0x00000000800015AC (0x00AE9E93) slli t4, t4, 0xa
x29 <- 0x00100000FFFFFC00

mem[X,0x00000000800015B0] -> 0x8E93
mem[X,0x00000000800015B2] -> 0x1FFE
[1393] [M]: 0x00000000800015B0 (0x1FFE8E93) addi t4, t4, 0x1ff
x29 <- 0x00100000FFFFFDFF

mem[X,0x00000000800015B4] -> 0x2F9B
mem[X,0x00000000800015B6] -> 0xFFDF
[1394] [M]: 0x00000000800015B4 (0xFFDF2F9B) shar t6, t5, t4
x31 <- 0x0000100020000000

mem[X,0x00000000800015B8] -> 0xB423
mem[X,0x00000000800015BA] -> 0x1FF5
[1395] [M]: 0x00000000800015B8 (0x1FF5B423) sd t6, 0x1e8(a1)
mem[0x0000000080005388] <- 0x0000100020000000

mem[X,0x00000000800015BC] -> 0x0F13
mem[X,0x00000000800015BE] -> 0x0010
[1396] [M]: 0x00000000800015BC (0x00100F13) addi t5, zero, 0x1
x30 <- 0x0000000000000001

mem[X,0x00000000800015C0] -> 0x1F13
mem[X,0x00000000800015C2] -> 0x03AF
[1397] [M]: 0x00000000800015C0 (0x03AF1F13) slli t5, t5, 0x3a
x30 <- 0x0400000000000000

mem[X,0x00000000800015C4] -> 0x4F13
mem[X,0x00000000800015C6] -> 0xFFFF
[1398] [M]: 0x00000000800015C4 (0xFFFF4F13) xori t5, t5, -0x1
x30 <- 0xFBFFFFFFFFFFFFFF

mem[X,0x00000000800015C8] -> 0x0EB7
mem[X,0x00000000800015CA] -> 0x0000
[1399] [M]: 0x00000000800015C8 (0x00000EB7) lui t4, 0x0
x29 <- 0x0000000000000000

clint::tick mtime <- 0x000000000000000E
 clint timer pending at mtime 0x000000000000000E
htif::tick 0x0000000000000000
mem[X,0x00000000800015CC] -> 0x8E93
mem[X,0x00000000800015CE] -> 0x004E
[1400] [M]: 0x00000000800015CC (0x004E8E93) addi t4, t4, 0x4
x29 <- 0x0000000000000004

mem[X,0x00000000800015D0] -> 0x9E93
mem[X,0x00000000800015D2] -> 0x00BE
[1401] [M]: 0x00000000800015D0 (0x00BE9E93) slli t4, t4, 0xb
x29 <- 0x0000000000002000

mem[X,0x00000000800015D4] -> 0x8E93
mem[X,0x00000000800015D6] -> 0x7FFE
[1402] [M]: 0x00000000800015D4 (0x7FFE8E93) addi t4, t4, 0x7ff
x29 <- 0x00000000000027FF

mem[X,0x00000000800015D8] -> 0x9E93
mem[X,0x00000000800015DA] -> 0x00BE
[1403] [M]: 0x00000000800015D8 (0x00BE9E93) slli t4, t4, 0xb
x29 <- 0x00000000013FF800

mem[X,0x00000000800015DC] -> 0x8E93
mem[X,0x00000000800015DE] -> 0x7FFE
[1404] [M]: 0x00000000800015DC (0x7FFE8E93) addi t4, t4, 0x7ff
x29 <- 0x00000000013FFFFF

mem[X,0x00000000800015E0] -> 0x9E93
mem[X,0x00000000800015E2] -> 0x00AE
[1405] [M]: 0x00000000800015E0 (0x00AE9E93) slli t4, t4, 0xa
x29 <- 0x00000004FFFFFC00

mem[X,0x00000000800015E4] -> 0x8E93
mem[X,0x00000000800015E6] -> 0x3EFE
[1406] [M]: 0x00000000800015E4 (0x3EFE8E93) addi t4, t4, 0x3ef
x29 <- 0x00000004FFFFFFEF

mem[X,0x00000000800015E8] -> 0x2F9B
mem[X,0x00000000800015EA] -> 0xFFDF
[1407] [M]: 0x00000000800015E8 (0xFFDF2F9B) shar t6, t5, t4
x31 <- 0xFFFFFE0000000000

mem[X,0x00000000800015EC] -> 0xB823
mem[X,0x00000000800015EE] -> 0x1FF5
[1408] [M]: 0x00000000800015EC (0x1FF5B823) sd t6, 0x1f0(a1)
mem[0x0000000080005390] <- 0xFFFFFE0000000000

mem[X,0x00000000800015F0] -> 0x0F37
mem[X,0x00000000800015F2] -> 0xF800
[1409] [M]: 0x00000000800015F0 (0xF8000F37) lui t5, -0x8000
x30 <- 0xFFFFFFFFF8000000

mem[X,0x00000000800015F4] -> 0x0F13
mem[X,0x00000000800015F6] -> 0xFFFF
[1410] [M]: 0x00000000800015F4 (0xFFFF0F13) addi t5, t5, -0x1
x30 <- 0xFFFFFFFFF7FFFFFF

mem[X,0x00000000800015F8] -> 0x1F13
mem[X,0x00000000800015FA] -> 0x00BF
[1411] [M]: 0x00000000800015F8 (0x00BF1F13) slli t5, t5, 0xb
x30 <- 0xFFFFFFBFFFFFF800

mem[X,0x00000000800015FC] -> 0x0F13
mem[X,0x00000000800015FE] -> 0x7FFF
[1412] [M]: 0x00000000800015FC (0x7FFF0F13) addi t5, t5, 0x7ff
x30 <- 0xFFFFFFBFFFFFFFFF

mem[X,0x0000000080001600] -> 0x1F13
mem[X,0x0000000080001602] -> 0x00BF
[1413] [M]: 0x0000000080001600 (0x00BF1F13) slli t5, t5, 0xb
x30 <- 0xFFFDFFFFFFFFF800

mem[X,0x0000000080001604] -> 0x0F13
mem[X,0x0000000080001606] -> 0x7FFF
[1414] [M]: 0x0000000080001604 (0x7FFF0F13) addi t5, t5, 0x7ff
x30 <- 0xFFFDFFFFFFFFFFFF

mem[X,0x0000000080001608] -> 0x1F13
mem[X,0x000000008000160A] -> 0x00AF
[1415] [M]: 0x0000000080001608 (0x00AF1F13) slli t5, t5, 0xa
x30 <- 0xF7FFFFFFFFFFFC00

mem[X,0x000000008000160C] -> 0x0F13
mem[X,0x000000008000160E] -> 0x3FBF
[1416] [M]: 0x000000008000160C (0x3FBF0F13) addi t5, t5, 0x3fb
x30 <- 0xF7FFFFFFFFFFFFFB

mem[X,0x0000000080001610] -> 0x0EB7
mem[X,0x0000000080001612] -> 0x0000
[1417] [M]: 0x0000000080001610 (0x00000EB7) lui t4, 0x0
x29 <- 0x0000000000000000

mem[X,0x0000000080001614] -> 0x8E93
mem[X,0x0000000080001616] -> 0x100E
[1418] [M]: 0x0000000080001614 (0x100E8E93) addi t4, t4, 0x100
x29 <- 0x0000000000000100

mem[X,0x0000000080001618] -> 0x9E93
mem[X,0x000000008000161A] -> 0x00BE
[1419] [M]: 0x0000000080001618 (0x00BE9E93) slli t4, t4, 0xb
x29 <- 0x0000000000080000

mem[X,0x000000008000161C] -> 0x8E93
mem[X,0x000000008000161E] -> 0x7FFE
[1420] [M]: 0x000000008000161C (0x7FFE8E93) addi t4, t4, 0x7ff
x29 <- 0x00000000000807FF

mem[X,0x0000000080001620] -> 0x9E93
mem[X,0x0000000080001622] -> 0x00BE
[1421] [M]: 0x0000000080001620 (0x00BE9E93) slli t4, t4, 0xb
x29 <- 0x00000000403FF800

mem[X,0x0000000080001624] -> 0x8E93
mem[X,0x0000000080001626] -> 0x7FFE
[1422] [M]: 0x0000000080001624 (0x7FFE8E93) addi t4, t4, 0x7ff
x29 <- 0x00000000403FFFFF

mem[X,0x0000000080001628] -> 0x9E93
mem[X,0x000000008000162A] -> 0x00AE
[1423] [M]: 0x0000000080001628 (0x00AE9E93) slli t4, t4, 0xa
x29 <- 0x00000100FFFFFC00

mem[X,0x000000008000162C] -> 0x8E93
mem[X,0x000000008000162E] -> 0x3FFE
[1424] [M]: 0x000000008000162C (0x3FFE8E93) addi t4, t4, 0x3ff
x29 <- 0x00000100FFFFFFFF

mem[X,0x0000000080001630] -> 0x2F9B
mem[X,0x0000000080001632] -> 0xFFDF
[1425] [M]: 0x0000000080001630 (0xFFDF2F9B) shar t6, t5, t4
x31 <- 0xFBFFFFFFFFFFFFFE

mem[X,0x0000000080001634] -> 0xBC23
mem[X,0x0000000080001636] -> 0x1FF5
[1426] [M]: 0x0000000080001634 (0x1FF5BC23) sd t6, 0x1f8(a1)
mem[0x0000000080005398] <- 0xFBFFFFFFFFFFFFFE

mem[X,0x0000000080001638] -> 0x0F37
mem[X,0x000000008000163A] -> 0xF000
[1427] [M]: 0x0000000080001638 (0xF0000F37) lui t5, -0x10000
x30 <- 0xFFFFFFFFF0000000

mem[X,0x000000008000163C] -> 0x0F13
mem[X,0x000000008000163E] -> 0xFFFF
[1428] [M]: 0x000000008000163C (0xFFFF0F13) addi t5, t5, -0x1
x30 <- 0xFFFFFFFFEFFFFFFF

mem[X,0x0000000080001640] -> 0x1F13
mem[X,0x0000000080001642] -> 0x00BF
[1429] [M]: 0x0000000080001640 (0x00BF1F13) slli t5, t5, 0xb
x30 <- 0xFFFFFF7FFFFFF800

mem[X,0x0000000080001644] -> 0x0F13
mem[X,0x0000000080001646] -> 0x001F
[1430] [M]: 0x0000000080001644 (0x001F0F13) addi t5, t5, 0x1
x30 <- 0xFFFFFF7FFFFFF801

mem[X,0x0000000080001648] -> 0x1F13
mem[X,0x000000008000164A] -> 0x00BF
[1431] [M]: 0x0000000080001648 (0x00BF1F13) slli t5, t5, 0xb
x30 <- 0xFFFBFFFFFFC00800

mem[X,0x000000008000164C] -> 0x0F13
mem[X,0x000000008000164E] -> 0x000F
[1432] [M]: 0x000000008000164C (0x000F0F13) addi t5, t5, 0x0
x30 <- 0xFFFBFFFFFFC00800

mem[X,0x0000000080001650] -> 0x1F13
mem[X,0x0000000080001652] -> 0x00AF
[1433] [M]: 0x0000000080001650 (0x00AF1F13) slli t5, t5, 0xa
x30 <- 0xEFFFFFFF00200000

mem[X,0x0000000080001654] -> 0x8EB7
mem[X,0x0000000080001656] -> 0x0000
[1434] [M]: 0x0000000080001654 (0x00008EB7) lui t4, 0x8
x29 <- 0x0000000000008000

mem[X,0x0000000080001658] -> 0x8E93
mem[X,0x000000008000165A] -> 0x000E
[1435] [M]: 0x0000000080001658 (0x000E8E93) addi t4, t4, 0x0
x29 <- 0x0000000000008000

mem[X,0x000000008000165C] -> 0x9E93
mem[X,0x000000008000165E] -> 0x00BE
[1436] [M]: 0x000000008000165C (0x00BE9E93) slli t4, t4, 0xb
x29 <- 0x0000000004000000

mem[X,0x0000000080001660] -> 0x8E93
mem[X,0x0000000080001662] -> 0x000E
[1437] [M]: 0x0000000080001660 (0x000E8E93) addi t4, t4, 0x0
x29 <- 0x0000000004000000

mem[X,0x0000000080001664] -> 0x9E93
mem[X,0x0000000080001666] -> 0x00BE
[1438] [M]: 0x0000000080001664 (0x00BE9E93) slli t4, t4, 0xb
x29 <- 0x0000002000000000

mem[X,0x0000000080001668] -> 0x8E93
mem[X,0x000000008000166A] -> 0x000E
[1439] [M]: 0x0000000080001668 (0x000E8E93) addi t4, t4, 0x0
x29 <- 0x0000002000000000

mem[X,0x000000008000166C] -> 0x9E93
mem[X,0x000000008000166E] -> 0x00AE
[1440] [M]: 0x000000008000166C (0x00AE9E93) slli t4, t4, 0xa
x29 <- 0x0000800000000000

mem[X,0x0000000080001670] -> 0x8E93
mem[X,0x0000000080001672] -> 0x010E
[1441] [M]: 0x0000000080001670 (0x010E8E93) addi t4, t4, 0x10
x29 <- 0x0000800000000010

mem[X,0x0000000080001674] -> 0x2F9B
mem[X,0x0000000080001676] -> 0xFFDF
[1442] [M]: 0x0000000080001674 (0xFFDF2F9B) shar t6, t5, t4
x31 <- 0xFFFF002000000000

mem[X,0x0000000080001678] -> 0xB023
mem[X,0x000000008000167A] -> 0x21F5
[1443] [M]: 0x0000000080001678 (0x21F5B023) sd t6, 0x200(a1)
mem[0x00000000800053A0] <- 0xFFFF002000000000

mem[X,0x000000008000167C] -> 0xBF37
mem[X,0x000000008000167E] -> 0xAAAA
[1444] [M]: 0x000000008000167C (0xAAAABF37) lui t5, -0x55555
x30 <- 0xFFFFFFFFAAAAB000

mem[X,0x0000000080001680] -> 0x0F13
mem[X,0x0000000080001682] -> 0xAAAF
[1445] [M]: 0x0000000080001680 (0xAAAF0F13) addi t5, t5, -0x556
x30 <- 0xFFFFFFFFAAAAAAAA

mem[X,0x0000000080001684] -> 0x1F13
mem[X,0x0000000080001686] -> 0x00BF
[1446] [M]: 0x0000000080001684 (0x00BF1F13) slli t5, t5, 0xb
x30 <- 0xFFFFFD5555555000

mem[X,0x0000000080001688] -> 0x0F13
mem[X,0x000000008000168A] -> 0x000F
[1447] [M]: 0x0000000080001688 (0x000F0F13) addi t5, t5, 0x0
x30 <- 0xFFFFFD5555555000

mem[X,0x000000008000168C] -> 0x1F13
mem[X,0x000000008000168E] -> 0x00BF
[1448] [M]: 0x000000008000168C (0x00BF1F13) slli t5, t5, 0xb
x30 <- 0xFFEAAAAAAA800000

mem[X,0x0000000080001690] -> 0x0F13
mem[X,0x0000000080001692] -> 0x000F
[1449] [M]: 0x0000000080001690 (0x000F0F13) addi t5, t5, 0x0
x30 <- 0xFFEAAAAAAA800000

mem[X,0x0000000080001694] -> 0x1F13
mem[X,0x0000000080001696] -> 0x00AF
[1450] [M]: 0x0000000080001694 (0x00AF1F13) slli t5, t5, 0xa
x30 <- 0xAAAAAAAA00000000

mem[X,0x0000000080001698] -> 0x0F13
mem[X,0x000000008000169A] -> 0x006F
[1451] [M]: 0x0000000080001698 (0x006F0F13) addi t5, t5, 0x6
x30 <- 0xAAAAAAAA00000006

mem[X,0x000000008000169C] -> 0x0EB7
mem[X,0x000000008000169E] -> 0x0002
[1452] [M]: 0x000000008000169C (0x00020EB7) lui t4, 0x20
x29 <- 0x0000000000020000

mem[X,0x00000000800016A0] -> 0x8E93
mem[X,0x00000000800016A2] -> 0x000E
[1453] [M]: 0x00000000800016A0 (0x000E8E93) addi t4, t4, 0x0
x29 <- 0x0000000000020000

mem[X,0x00000000800016A4] -> 0x9E93
mem[X,0x00000000800016A6] -> 0x00BE
[1454] [M]: 0x00000000800016A4 (0x00BE9E93) slli t4, t4, 0xb
x29 <- 0x0000000010000000

mem[X,0x00000000800016A8] -> 0x8E93
mem[X,0x00000000800016AA] -> 0x7FFE
[1455] [M]: 0x00000000800016A8 (0x7FFE8E93) addi t4, t4, 0x7ff
x29 <- 0x00000000100007FF

mem[X,0x00000000800016AC] -> 0x9E93
mem[X,0x00000000800016AE] -> 0x00BE
[1456] [M]: 0x00000000800016AC (0x00BE9E93) slli t4, t4, 0xb
x29 <- 0x00000080003FF800

mem[X,0x00000000800016B0] -> 0x8E93
mem[X,0x00000000800016B2] -> 0x3FFE
[1457] [M]: 0x00000000800016B0 (0x3FFE8E93) addi t4, t4, 0x3ff
x29 <- 0x00000080003FFBFF

mem[X,0x00000000800016B4] -> 0x9E93
mem[X,0x00000000800016B6] -> 0x00AE
[1458] [M]: 0x00000000800016B4 (0x00AE9E93) slli t4, t4, 0xa
x29 <- 0x00020000FFEFFC00

mem[X,0x00000000800016B8] -> 0x8E93
mem[X,0x00000000800016BA] -> 0x3FFE
[1459] [M]: 0x00000000800016B8 (0x3FFE8E93) addi t4, t4, 0x3ff
x29 <- 0x00020000FFEFFFFF

mem[X,0x00000000800016BC] -> 0x2F9B
mem[X,0x00000000800016BE] -> 0xFFDF
[1460] [M]: 0x00000000800016BC (0xFFDF2F9B) shar t6, t5, t4
x31 <- 0xD555555500000003

mem[X,0x00000000800016C0] -> 0xB423
mem[X,0x00000000800016C2] -> 0x21F5
[1461] [M]: 0x00000000800016C0 (0x21F5B423) sd t6, 0x208(a1)
mem[0x00000000800053A8] <- 0xD555555500000003

mem[X,0x00000000800016C4] -> 0x0F37
mem[X,0x00000000800016C6] -> 0xFF80
[1462] [M]: 0x00000000800016C4 (0xFF800F37) lui t5, -0x800
x30 <- 0xFFFFFFFFFF800000

mem[X,0x00000000800016C8] -> 0x0F13
mem[X,0x00000000800016CA] -> 0xFFFF
[1463] [M]: 0x00000000800016C8 (0xFFFF0F13) addi t5, t5, -0x1
x30 <- 0xFFFFFFFFFF7FFFFF

mem[X,0x00000000800016CC] -> 0x1F13
mem[X,0x00000000800016CE] -> 0x00BF
[1464] [M]: 0x00000000800016CC (0x00BF1F13) slli t5, t5, 0xb
x30 <- 0xFFFFFFFBFFFFF800

mem[X,0x00000000800016D0] -> 0x0F13
mem[X,0x00000000800016D2] -> 0x7FFF
[1465] [M]: 0x00000000800016D0 (0x7FFF0F13) addi t5, t5, 0x7ff
x30 <- 0xFFFFFFFBFFFFFFFF

mem[X,0x00000000800016D4] -> 0x1F13
mem[X,0x00000000800016D6] -> 0x00BF
[1466] [M]: 0x00000000800016D4 (0x00BF1F13) slli t5, t5, 0xb
x30 <- 0xFFFFDFFFFFFFF800

mem[X,0x00000000800016D8] -> 0x0F13
mem[X,0x00000000800016DA] -> 0x6FFF
[1467] [M]: 0x00000000800016D8 (0x6FFF0F13) addi t5, t5, 0x6ff
x30 <- 0xFFFFDFFFFFFFFEFF

mem[X,0x00000000800016DC] -> 0x1F13
mem[X,0x00000000800016DE] -> 0x00AF
[1468] [M]: 0x00000000800016DC (0x00AF1F13) slli t5, t5, 0xa
x30 <- 0xFF7FFFFFFFFBFC00

mem[X,0x00000000800016E0] -> 0x0F13
mem[X,0x00000000800016E2] -> 0x3FFF
[1469] [M]: 0x00000000800016E0 (0x3FFF0F13) addi t5, t5, 0x3ff
x30 <- 0xFF7FFFFFFFFBFFFF

mem[X,0x00000000800016E4] -> 0xBEB7
mem[X,0x00000000800016E6] -> 0xAAAA
[1470] [M]: 0x00000000800016E4 (0xAAAABEB7) lui t4, -0x55555
x29 <- 0xFFFFFFFFAAAAB000

mem[X,0x00000000800016E8] -> 0x8E93
mem[X,0x00000000800016EA] -> 0xAAAE
[1471] [M]: 0x00000000800016E8 (0xAAAE8E93) addi t4, t4, -0x556
x29 <- 0xFFFFFFFFAAAAAAAA

mem[X,0x00000000800016EC] -> 0x9E93
mem[X,0x00000000800016EE] -> 0x00BE
[1472] [M]: 0x00000000800016EC (0x00BE9E93) slli t4, t4, 0xb
x29 <- 0xFFFFFD5555555000

mem[X,0x00000000800016F0] -> 0x8E93
mem[X,0x00000000800016F2] -> 0x000E
[1473] [M]: 0x00000000800016F0 (0x000E8E93) addi t4, t4, 0x0
x29 <- 0xFFFFFD5555555000

mem[X,0x00000000800016F4] -> 0x9E93
mem[X,0x00000000800016F6] -> 0x00BE
[1474] [M]: 0x00000000800016F4 (0x00BE9E93) slli t4, t4, 0xb
x29 <- 0xFFEAAAAAAA800000

mem[X,0x00000000800016F8] -> 0x8E93
mem[X,0x00000000800016FA] -> 0x000E
[1475] [M]: 0x00000000800016F8 (0x000E8E93) addi t4, t4, 0x0
x29 <- 0xFFEAAAAAAA800000

mem[X,0x00000000800016FC] -> 0x9E93
mem[X,0x00000000800016FE] -> 0x00AE
[1476] [M]: 0x00000000800016FC (0x00AE9E93) slli t4, t4, 0xa
x29 <- 0xAAAAAAAA00000000

mem[X,0x0000000080001700] -> 0x8E93
mem[X,0x0000000080001702] -> 0x001E
[1477] [M]: 0x0000000080001700 (0x001E8E93) addi t4, t4, 0x1
x29 <- 0xAAAAAAAA00000001

mem[X,0x0000000080001704] -> 0x2F9B
mem[X,0x0000000080001706] -> 0xFFDF
[1478] [M]: 0x0000000080001704 (0xFFDF2F9B) shar t6, t5, t4
x31 <- 0xFEFFFFFFFFF7FFFE

mem[X,0x0000000080001708] -> 0xB823
mem[X,0x000000008000170A] -> 0x21F5
[1479] [M]: 0x0000000080001708 (0x21F5B823) sd t6, 0x210(a1)
mem[0x00000000800053B0] <- 0xFEFFFFFFFFF7FFFE

mem[X,0x000000008000170C] -> 0x0F37
mem[X,0x000000008000170E] -> 0x0000
[1480] [M]: 0x000000008000170C (0x00000F37) lui t5, 0x0
x30 <- 0x0000000000000000

mem[X,0x0000000080001710] -> 0x0F13
mem[X,0x0000000080001712] -> 0xFF9F
[1481] [M]: 0x0000000080001710 (0xFF9F0F13) addi t5, t5, -0x7
x30 <- 0xFFFFFFFFFFFFFFF9

mem[X,0x0000000080001714] -> 0x1F13
mem[X,0x0000000080001716] -> 0x00BF
[1482] [M]: 0x0000000080001714 (0x00BF1F13) slli t5, t5, 0xb
x30 <- 0xFFFFFFFFFFFFC800

mem[X,0x0000000080001718] -> 0x0F13
mem[X,0x000000008000171A] -> 0x7FFF
[1483] [M]: 0x0000000080001718 (0x7FFF0F13) addi t5, t5, 0x7ff
x30 <- 0xFFFFFFFFFFFFCFFF

mem[X,0x000000008000171C] -> 0x1F13
mem[X,0x000000008000171E] -> 0x00BF
[1484] [M]: 0x000000008000171C (0x00BF1F13) slli t5, t5, 0xb
x30 <- 0xFFFFFFFFFE7FF800

mem[X,0x0000000080001720] -> 0x0F13
mem[X,0x0000000080001722] -> 0x3FFF
[1485] [M]: 0x0000000080001720 (0x3FFF0F13) addi t5, t5, 0x3ff
x30 <- 0xFFFFFFFFFE7FFBFF

mem[X,0x0000000080001724] -> 0x1F13
mem[X,0x0000000080001726] -> 0x00AF
[1486] [M]: 0x0000000080001724 (0x00AF1F13) slli t5, t5, 0xa
x30 <- 0xFFFFFFF9FFEFFC00

mem[X,0x0000000080001728] -> 0x0F13
mem[X,0x000000008000172A] -> 0x3FFF
[1487] [M]: 0x0000000080001728 (0x3FFF0F13) addi t5, t5, 0x3ff
x30 <- 0xFFFFFFF9FFEFFFFF

mem[X,0x000000008000172C] -> 0x0EB7
mem[X,0x000000008000172E] -> 0xFC00
[1488] [M]: 0x000000008000172C (0xFC000EB7) lui t4, -0x4000
x29 <- 0xFFFFFFFFFC000000

mem[X,0x0000000080001730] -> 0x8E93
mem[X,0x0000000080001732] -> 0xFFFE
[1489] [M]: 0x0000000080001730 (0xFFFE8E93) addi t4, t4, -0x1
x29 <- 0xFFFFFFFFFBFFFFFF

mem[X,0x0000000080001734] -> 0x9E93
mem[X,0x0000000080001736] -> 0x00BE
[1490] [M]: 0x0000000080001734 (0x00BE9E93) slli t4, t4, 0xb
x29 <- 0xFFFFFFDFFFFFF800

mem[X,0x0000000080001738] -> 0x8E93
mem[X,0x000000008000173A] -> 0x3FFE
[1491] [M]: 0x0000000080001738 (0x3FFE8E93) addi t4, t4, 0x3ff
x29 <- 0xFFFFFFDFFFFFFBFF

mem[X,0x000000008000173C] -> 0x9E93
mem[X,0x000000008000173E] -> 0x00BE
[1492] [M]: 0x000000008000173C (0x00BE9E93) slli t4, t4, 0xb
x29 <- 0xFFFEFFFFFFDFF800

mem[X,0x0000000080001740] -> 0x8E93
mem[X,0x0000000080001742] -> 0x7FFE
[1493] [M]: 0x0000000080001740 (0x7FFE8E93) addi t4, t4, 0x7ff
x29 <- 0xFFFEFFFFFFDFFFFF

mem[X,0x0000000080001744] -> 0x9E93
mem[X,0x0000000080001746] -> 0x00AE
[1494] [M]: 0x0000000080001744 (0x00AE9E93) slli t4, t4, 0xa
x29 <- 0xFBFFFFFF7FFFFC00

mem[X,0x0000000080001748] -> 0x8E93
mem[X,0x000000008000174A] -> 0x3FFE
[1495] [M]: 0x0000000080001748 (0x3FFE8E93) addi t4, t4, 0x3ff
x29 <- 0xFBFFFFFF7FFFFFFF

mem[X,0x000000008000174C] -> 0x2F9B
mem[X,0x000000008000174E] -> 0xFFDF
[1496] [M]: 0x000000008000174C (0xFFDF2F9B) shar t6, t5, t4
x31 <- 0xFFFFFFFCFFF80000

mem[X,0x0000000080001750] -> 0xBC23
mem[X,0x0000000080001752] -> 0x21F5
[1497] [M]: 0x0000000080001750 (0x21F5BC23) sd t6, 0x218(a1)
mem[0x00000000800053B8] <- 0xFFFFFFFCFFF80000

mem[X,0x0000000080001754] -> 0xEF37
mem[X,0x0000000080001756] -> 0xFFFF
[1498] [M]: 0x0000000080001754 (0xFFFFEF37) lui t5, -0x2
x30 <- 0xFFFFFFFFFFFFE000

mem[X,0x0000000080001758] -> 0x0F13
mem[X,0x000000008000175A] -> 0xFFFF
[1499] [M]: 0x0000000080001758 (0xFFFF0F13) addi t5, t5, -0x1
x30 <- 0xFFFFFFFFFFFFDFFF

clint::tick mtime <- 0x000000000000000F
 clint timer pending at mtime 0x000000000000000F
htif::tick 0x0000000000000000
mem[X,0x000000008000175C] -> 0x1F13
mem[X,0x000000008000175E] -> 0x00BF
[1500] [M]: 0x000000008000175C (0x00BF1F13) slli t5, t5, 0xb
x30 <- 0xFFFFFFFFFEFFF800

mem[X,0x0000000080001760] -> 0x0F13
mem[X,0x0000000080001762] -> 0x2AAF
[1501] [M]: 0x0000000080001760 (0x2AAF0F13) addi t5, t5, 0x2aa
x30 <- 0xFFFFFFFFFEFFFAAA

mem[X,0x0000000080001764] -> 0x1F13
mem[X,0x0000000080001766] -> 0x00BF
[1502] [M]: 0x0000000080001764 (0x00BF1F13) slli t5, t5, 0xb
x30 <- 0xFFFFFFF7FFD55000

mem[X,0x0000000080001768] -> 0x0F13
mem[X,0x000000008000176A] -> 0x555F
[1503] [M]: 0x0000000080001768 (0x555F0F13) addi t5, t5, 0x555
x30 <- 0xFFFFFFF7FFD55555

mem[X,0x000000008000176C] -> 0x1F13
mem[X,0x000000008000176E] -> 0x00AF
[1504] [M]: 0x000000008000176C (0x00AF1F13) slli t5, t5, 0xa
x30 <- 0xFFFFDFFF55555400

mem[X,0x0000000080001770] -> 0x0F13
mem[X,0x0000000080001772] -> 0x155F
[1505] [M]: 0x0000000080001770 (0x155F0F13) addi t5, t5, 0x155
x30 <- 0xFFFFDFFF55555555

mem[X,0x0000000080001774] -> 0x0EB7
mem[X,0x0000000080001776] -> 0x0000
[1506] [M]: 0x0000000080001774 (0x00000EB7) lui t4, 0x0
x29 <- 0x0000000000000000

mem[X,0x0000000080001778] -> 0x8E93
mem[X,0x000000008000177A] -> 0x040E
[1507] [M]: 0x0000000080001778 (0x040E8E93) addi t4, t4, 0x40
x29 <- 0x0000000000000040

mem[X,0x000000008000177C] -> 0x9E93
mem[X,0x000000008000177E] -> 0x00BE
[1508] [M]: 0x000000008000177C (0x00BE9E93) slli t4, t4, 0xb
x29 <- 0x0000000000020000

mem[X,0x0000000080001780] -> 0x8E93
mem[X,0x0000000080001782] -> 0x000E
[1509] [M]: 0x0000000080001780 (0x000E8E93) addi t4, t4, 0x0
x29 <- 0x0000000000020000

mem[X,0x0000000080001784] -> 0x9E93
mem[X,0x0000000080001786] -> 0x00BE
[1510] [M]: 0x0000000080001784 (0x00BE9E93) slli t4, t4, 0xb
x29 <- 0x0000000010000000

mem[X,0x0000000080001788] -> 0x8E93
mem[X,0x000000008000178A] -> 0x000E
[1511] [M]: 0x0000000080001788 (0x000E8E93) addi t4, t4, 0x0
x29 <- 0x0000000010000000

mem[X,0x000000008000178C] -> 0x9E93
mem[X,0x000000008000178E] -> 0x00AE
[1512] [M]: 0x000000008000178C (0x00AE9E93) slli t4, t4, 0xa
x29 <- 0x0000004000000000

mem[X,0x0000000080001790] -> 0x8E93
mem[X,0x0000000080001792] -> 0x004E
[1513] [M]: 0x0000000080001790 (0x004E8E93) addi t4, t4, 0x4
x29 <- 0x0000004000000004

mem[X,0x0000000080001794] -> 0x2F9B
mem[X,0x0000000080001796] -> 0xFFDF
[1514] [M]: 0x0000000080001794 (0xFFDF2F9B) shar t6, t5, t4
x31 <- 0xFFFDFFF555555550

mem[X,0x0000000080001798] -> 0xB023
mem[X,0x000000008000179A] -> 0x23F5
[1515] [M]: 0x0000000080001798 (0x23F5B023) sd t6, 0x220(a1)
mem[0x00000000800053C0] <- 0xFFFDFFF555555550

mem[X,0x000000008000179C] -> 0x0F37
mem[X,0x000000008000179E] -> 0x0000
[1516] [M]: 0x000000008000179C (0x00000F37) lui t5, 0x0
x30 <- 0x0000000000000000

mem[X,0x00000000800017A0] -> 0x0F13
mem[X,0x00000000800017A2] -> 0xF7FF
[1517] [M]: 0x00000000800017A0 (0xF7FF0F13) addi t5, t5, -0x81
x30 <- 0xFFFFFFFFFFFFFF7F

mem[X,0x00000000800017A4] -> 0x1F13
mem[X,0x00000000800017A6] -> 0x00BF
[1518] [M]: 0x00000000800017A4 (0x00BF1F13) slli t5, t5, 0xb
x30 <- 0xFFFFFFFFFFFBF800

mem[X,0x00000000800017A8] -> 0x0F13
mem[X,0x00000000800017AA] -> 0x000F
[1519] [M]: 0x00000000800017A8 (0x000F0F13) addi t5, t5, 0x0
x30 <- 0xFFFFFFFFFFFBF800

mem[X,0x00000000800017AC] -> 0x1F13
mem[X,0x00000000800017AE] -> 0x00BF
[1520] [M]: 0x00000000800017AC (0x00BF1F13) slli t5, t5, 0xb
x30 <- 0xFFFFFFFFDFC00000

mem[X,0x00000000800017B0] -> 0x0F13
mem[X,0x00000000800017B2] -> 0x004F
[1521] [M]: 0x00000000800017B0 (0x004F0F13) addi t5, t5, 0x4
x30 <- 0xFFFFFFFFDFC00004

mem[X,0x00000000800017B4] -> 0x1F13
mem[X,0x00000000800017B6] -> 0x00AF
[1522] [M]: 0x00000000800017B4 (0x00AF1F13) slli t5, t5, 0xa
x30 <- 0xFFFFFF7F00001000

mem[X,0x00000000800017B8] -> 0x0EB7
mem[X,0x00000000800017BA] -> 0x0400
[1523] [M]: 0x00000000800017B8 (0x04000EB7) lui t4, 0x4000
x29 <- 0x0000000004000000

mem[X,0x00000000800017BC] -> 0x8E93
mem[X,0x00000000800017BE] -> 0x000E
[1524] [M]: 0x00000000800017BC (0x000E8E93) addi t4, t4, 0x0
x29 <- 0x0000000004000000

mem[X,0x00000000800017C0] -> 0x9E93
mem[X,0x00000000800017C2] -> 0x00BE
[1525] [M]: 0x00000000800017C0 (0x00BE9E93) slli t4, t4, 0xb
x29 <- 0x0000002000000000

mem[X,0x00000000800017C4] -> 0x8E93
mem[X,0x00000000800017C6] -> 0x000E
[1526] [M]: 0x00000000800017C4 (0x000E8E93) addi t4, t4, 0x0
x29 <- 0x0000002000000000

mem[X,0x00000000800017C8] -> 0x9E93
mem[X,0x00000000800017CA] -> 0x00BE
[1527] [M]: 0x00000000800017C8 (0x00BE9E93) slli t4, t4, 0xb
x29 <- 0x0001000000000000

mem[X,0x00000000800017CC] -> 0x8E93
mem[X,0x00000000800017CE] -> 0x000E
[1528] [M]: 0x00000000800017CC (0x000E8E93) addi t4, t4, 0x0
x29 <- 0x0001000000000000

mem[X,0x00000000800017D0] -> 0x9E93
mem[X,0x00000000800017D2] -> 0x00AE
[1529] [M]: 0x00000000800017D0 (0x00AE9E93) slli t4, t4, 0xa
x29 <- 0x0400000000000000

mem[X,0x00000000800017D4] -> 0x8E93
mem[X,0x00000000800017D6] -> 0x008E
[1530] [M]: 0x00000000800017D4 (0x008E8E93) addi t4, t4, 0x8
x29 <- 0x0400000000000008

mem[X,0x00000000800017D8] -> 0x2F9B
mem[X,0x00000000800017DA] -> 0xFFDF
[1531] [M]: 0x00000000800017D8 (0xFFDF2F9B) shar t6, t5, t4
x31 <- 0xFFFF7F0000100000

mem[X,0x00000000800017DC] -> 0xB423
mem[X,0x00000000800017DE] -> 0x23F5
[1532] [M]: 0x00000000800017DC (0x23F5B423) sd t6, 0x228(a1)
mem[0x00000000800053C8] <- 0xFFFF7F0000100000

mem[X,0x00000000800017E0] -> 0x0F13
mem[X,0x00000000800017E2] -> 0x7010
[1533] [M]: 0x00000000800017E0 (0x70100F13) addi t5, zero, 0x701
x30 <- 0x0000000000000701

mem[X,0x00000000800017E4] -> 0x1F13
mem[X,0x00000000800017E6] -> 0x018F
[1534] [M]: 0x00000000800017E4 (0x018F1F13) slli t5, t5, 0x18
x30 <- 0x0000000701000000

mem[X,0x00000000800017E8] -> 0x0EB7
mem[X,0x00000000800017EA] -> 0x0000
[1535] [M]: 0x00000000800017E8 (0x00000EB7) lui t4, 0x0
x29 <- 0x0000000000000000

mem[X,0x00000000800017EC] -> 0x8E93
mem[X,0x00000000800017EE] -> 0xFFFE
[1536] [M]: 0x00000000800017EC (0xFFFE8E93) addi t4, t4, -0x1
x29 <- 0xFFFFFFFFFFFFFFFF

mem[X,0x00000000800017F0] -> 0x9E93
mem[X,0x00000000800017F2] -> 0x00BE
[1537] [M]: 0x00000000800017F0 (0x00BE9E93) slli t4, t4, 0xb
x29 <- 0xFFFFFFFFFFFFF800

mem[X,0x00000000800017F4] -> 0x8E93
mem[X,0x00000000800017F6] -> 0x000E
[1538] [M]: 0x00000000800017F4 (0x000E8E93) addi t4, t4, 0x0
x29 <- 0xFFFFFFFFFFFFF800

mem[X,0x00000000800017F8] -> 0x9E93
mem[X,0x00000000800017FA] -> 0x00BE
[1539] [M]: 0x00000000800017F8 (0x00BE9E93) slli t4, t4, 0xb
x29 <- 0xFFFFFFFFFFC00000

mem[X,0x00000000800017FC] -> 0x8E93
mem[X,0x00000000800017FE] -> 0x000E
[1540] [M]: 0x00000000800017FC (0x000E8E93) addi t4, t4, 0x0
x29 <- 0xFFFFFFFFFFC00000

mem[X,0x0000000080001800] -> 0x9E93
mem[X,0x0000000080001802] -> 0x00AE
[1541] [M]: 0x0000000080001800 (0x00AE9E93) slli t4, t4, 0xa
x29 <- 0xFFFFFFFF00000000

mem[X,0x0000000080001804] -> 0x8E93
mem[X,0x0000000080001806] -> 0x100E
[1542] [M]: 0x0000000080001804 (0x100E8E93) addi t4, t4, 0x100
x29 <- 0xFFFFFFFF00000100

mem[X,0x0000000080001808] -> 0x2F9B
mem[X,0x000000008000180A] -> 0xFFDF
[1543] [M]: 0x0000000080001808 (0xFFDF2F9B) shar t6, t5, t4
x31 <- 0x0000000701000000

mem[X,0x000000008000180C] -> 0xB823
mem[X,0x000000008000180E] -> 0x23F5
[1544] [M]: 0x000000008000180C (0x23F5B823) sd t6, 0x230(a1)
mem[0x00000000800053D0] <- 0x0000000701000000

mem[X,0x0000000080001810] -> 0x0F37
mem[X,0x0000000080001812] -> 0x0000
[1545] [M]: 0x0000000080001810 (0x00000F37) lui t5, 0x0
x30 <- 0x0000000000000000

mem[X,0x0000000080001814] -> 0x0F13
mem[X,0x0000000080001816] -> 0x009F
[1546] [M]: 0x0000000080001814 (0x009F0F13) addi t5, t5, 0x9
x30 <- 0x0000000000000009

mem[X,0x0000000080001818] -> 0x1F13
mem[X,0x000000008000181A] -> 0x00BF
[1547] [M]: 0x0000000080001818 (0x00BF1F13) slli t5, t5, 0xb
x30 <- 0x0000000000004800

mem[X,0x000000008000181C] -> 0x0F13
mem[X,0x000000008000181E] -> 0x1FFF
[1548] [M]: 0x000000008000181C (0x1FFF0F13) addi t5, t5, 0x1ff
x30 <- 0x00000000000049FF

mem[X,0x0000000080001820] -> 0x1F13
mem[X,0x0000000080001822] -> 0x00BF
[1549] [M]: 0x0000000080001820 (0x00BF1F13) slli t5, t5, 0xb
x30 <- 0x00000000024FF800

mem[X,0x0000000080001824] -> 0x0F13
mem[X,0x0000000080001826] -> 0x7FFF
[1550] [M]: 0x0000000080001824 (0x7FFF0F13) addi t5, t5, 0x7ff
x30 <- 0x00000000024FFFFF

mem[X,0x0000000080001828] -> 0x1F13
mem[X,0x000000008000182A] -> 0x00AF
[1551] [M]: 0x0000000080001828 (0x00AF1F13) slli t5, t5, 0xa
x30 <- 0x000000093FFFFC00

mem[X,0x000000008000182C] -> 0x0F13
mem[X,0x000000008000182E] -> 0x3FFF
[1552] [M]: 0x000000008000182C (0x3FFF0F13) addi t5, t5, 0x3ff
x30 <- 0x000000093FFFFFFF

mem[X,0x0000000080001830] -> 0x0EB7
mem[X,0x0000000080001832] -> 0x0200
[1553] [M]: 0x0000000080001830 (0x02000EB7) lui t4, 0x2000
x29 <- 0x0000000002000000

mem[X,0x0000000080001834] -> 0x8E93
mem[X,0x0000000080001836] -> 0x000E
[1554] [M]: 0x0000000080001834 (0x000E8E93) addi t4, t4, 0x0
x29 <- 0x0000000002000000

mem[X,0x0000000080001838] -> 0x9E93
mem[X,0x000000008000183A] -> 0x00BE
[1555] [M]: 0x0000000080001838 (0x00BE9E93) slli t4, t4, 0xb
x29 <- 0x0000001000000000

mem[X,0x000000008000183C] -> 0x8E93
mem[X,0x000000008000183E] -> 0x000E
[1556] [M]: 0x000000008000183C (0x000E8E93) addi t4, t4, 0x0
x29 <- 0x0000001000000000

mem[X,0x0000000080001840] -> 0x9E93
mem[X,0x0000000080001842] -> 0x00BE
[1557] [M]: 0x0000000080001840 (0x00BE9E93) slli t4, t4, 0xb
x29 <- 0x0000800000000000

mem[X,0x0000000080001844] -> 0x8E93
mem[X,0x0000000080001846] -> 0x008E
[1558] [M]: 0x0000000080001844 (0x008E8E93) addi t4, t4, 0x8
x29 <- 0x0000800000000008

mem[X,0x0000000080001848] -> 0x9E93
mem[X,0x000000008000184A] -> 0x00AE
[1559] [M]: 0x0000000080001848 (0x00AE9E93) slli t4, t4, 0xa
x29 <- 0x0200000000002000

mem[X,0x000000008000184C] -> 0x2F9B
mem[X,0x000000008000184E] -> 0xFFDF
[1560] [M]: 0x000000008000184C (0xFFDF2F9B) shar t6, t5, t4
x31 <- 0x000000093FFFFFFF

mem[X,0x0000000080001850] -> 0xBC23
mem[X,0x0000000080001852] -> 0x23F5
[1561] [M]: 0x0000000080001850 (0x23F5BC23) sd t6, 0x238(a1)
mem[0x00000000800053D8] <- 0x000000093FFFFFFF

mem[X,0x0000000080001854] -> 0x0F37
mem[X,0x0000000080001856] -> 0x0800
[1562] [M]: 0x0000000080001854 (0x08000F37) lui t5, 0x8000
x30 <- 0x0000000008000000

mem[X,0x0000000080001858] -> 0x0F13
mem[X,0x000000008000185A] -> 0x000F
[1563] [M]: 0x0000000080001858 (0x000F0F13) addi t5, t5, 0x0
x30 <- 0x0000000008000000

mem[X,0x000000008000185C] -> 0x1F13
mem[X,0x000000008000185E] -> 0x00BF
[1564] [M]: 0x000000008000185C (0x00BF1F13) slli t5, t5, 0xb
x30 <- 0x0000004000000000

mem[X,0x0000000080001860] -> 0x0F13
mem[X,0x0000000080001862] -> 0x7FFF
[1565] [M]: 0x0000000080001860 (0x7FFF0F13) addi t5, t5, 0x7ff
x30 <- 0x00000040000007FF

mem[X,0x0000000080001864] -> 0x1F13
mem[X,0x0000000080001866] -> 0x00BF
[1566] [M]: 0x0000000080001864 (0x00BF1F13) slli t5, t5, 0xb
x30 <- 0x00020000003FF800

mem[X,0x0000000080001868] -> 0x0F13
mem[X,0x000000008000186A] -> 0x7FFF
[1567] [M]: 0x0000000080001868 (0x7FFF0F13) addi t5, t5, 0x7ff
x30 <- 0x00020000003FFFFF

mem[X,0x000000008000186C] -> 0x1F13
mem[X,0x000000008000186E] -> 0x00AF
[1568] [M]: 0x000000008000186C (0x00AF1F13) slli t5, t5, 0xa
x30 <- 0x08000000FFFFFC00

mem[X,0x0000000080001870] -> 0x0F13
mem[X,0x0000000080001872] -> 0x3FDF
[1569] [M]: 0x0000000080001870 (0x3FDF0F13) addi t5, t5, 0x3fd
x30 <- 0x08000000FFFFFFFD

mem[X,0x0000000080001874] -> 0xCEB7
mem[X,0x0000000080001876] -> 0xFFFF
[1570] [M]: 0x0000000080001874 (0xFFFFCEB7) lui t4, -0x4
x29 <- 0xFFFFFFFFFFFFC000

mem[X,0x0000000080001878] -> 0x8E93
mem[X,0x000000008000187A] -> 0xFFFE
[1571] [M]: 0x0000000080001878 (0xFFFE8E93) addi t4, t4, -0x1
x29 <- 0xFFFFFFFFFFFFBFFF

mem[X,0x000000008000187C] -> 0x9E93
mem[X,0x000000008000187E] -> 0x00BE
[1572] [M]: 0x000000008000187C (0x00BE9E93) slli t4, t4, 0xb
x29 <- 0xFFFFFFFFFDFFF800

mem[X,0x0000000080001880] -> 0x8E93
mem[X,0x0000000080001882] -> 0x000E
[1573] [M]: 0x0000000080001880 (0x000E8E93) addi t4, t4, 0x0
x29 <- 0xFFFFFFFFFDFFF800

mem[X,0x0000000080001884] -> 0x9E93
mem[X,0x0000000080001886] -> 0x00BE
[1574] [M]: 0x0000000080001884 (0x00BE9E93) slli t4, t4, 0xb
x29 <- 0xFFFFFFEFFFC00000

mem[X,0x0000000080001888] -> 0x8E93
mem[X,0x000000008000188A] -> 0x010E
[1575] [M]: 0x0000000080001888 (0x010E8E93) addi t4, t4, 0x10
x29 <- 0xFFFFFFEFFFC00010

mem[X,0x000000008000188C] -> 0x9E93
mem[X,0x000000008000188E] -> 0x00AE
[1576] [M]: 0x000000008000188C (0x00AE9E93) slli t4, t4, 0xa
x29 <- 0xFFFFBFFF00004000

mem[X,0x0000000080001890] -> 0x2F9B
mem[X,0x0000000080001892] -> 0xFFDF
[1577] [M]: 0x0000000080001890 (0xFFDF2F9B) shar t6, t5, t4
x31 <- 0x08000000FFFFFFFD

mem[X,0x0000000080001894] -> 0xB023
mem[X,0x0000000080001896] -> 0x25F5
[1578] [M]: 0x0000000080001894 (0x25F5B023) sd t6, 0x240(a1)
mem[0x00000000800053E0] <- 0x08000000FFFFFFFD

mem[X,0x0000000080001898] -> 0x0F37
mem[X,0x000000008000189A] -> 0x0020
[1579] [M]: 0x0000000080001898 (0x00200F37) lui t5, 0x200
x30 <- 0x0000000000200000

mem[X,0x000000008000189C] -> 0x0F13
mem[X,0x000000008000189E] -> 0x000F
[1580] [M]: 0x000000008000189C (0x000F0F13) addi t5, t5, 0x0
x30 <- 0x0000000000200000

mem[X,0x00000000800018A0] -> 0x1F13
mem[X,0x00000000800018A2] -> 0x00BF
[1581] [M]: 0x00000000800018A0 (0x00BF1F13) slli t5, t5, 0xb
x30 <- 0x0000000100000000

mem[X,0x00000000800018A4] -> 0x0F13
mem[X,0x00000000800018A6] -> 0x555F
[1582] [M]: 0x00000000800018A4 (0x555F0F13) addi t5, t5, 0x555
x30 <- 0x0000000100000555

mem[X,0x00000000800018A8] -> 0x1F13
mem[X,0x00000000800018AA] -> 0x00BF
[1583] [M]: 0x00000000800018A8 (0x00BF1F13) slli t5, t5, 0xb
x30 <- 0x00000800002AA800

mem[X,0x00000000800018AC] -> 0x0F13
mem[X,0x00000000800018AE] -> 0x2AAF
[1584] [M]: 0x00000000800018AC (0x2AAF0F13) addi t5, t5, 0x2aa
x30 <- 0x00000800002AAAAA

mem[X,0x00000000800018B0] -> 0x1F13
mem[X,0x00000000800018B2] -> 0x00AF
[1585] [M]: 0x00000000800018B0 (0x00AF1F13) slli t5, t5, 0xa
x30 <- 0x00200000AAAAA800

mem[X,0x00000000800018B4] -> 0x0F13
mem[X,0x00000000800018B6] -> 0x2AAF
[1586] [M]: 0x00000000800018B4 (0x2AAF0F13) addi t5, t5, 0x2aa
x30 <- 0x00200000AAAAAAAA

mem[X,0x00000000800018B8] -> 0x0EB7
mem[X,0x00000000800018BA] -> 0x0080
[1587] [M]: 0x00000000800018B8 (0x00800EB7) lui t4, 0x800
x29 <- 0x0000000000800000

mem[X,0x00000000800018BC] -> 0x8E93
mem[X,0x00000000800018BE] -> 0x000E
[1588] [M]: 0x00000000800018BC (0x000E8E93) addi t4, t4, 0x0
x29 <- 0x0000000000800000

mem[X,0x00000000800018C0] -> 0x9E93
mem[X,0x00000000800018C2] -> 0x00BE
[1589] [M]: 0x00000000800018C0 (0x00BE9E93) slli t4, t4, 0xb
x29 <- 0x0000000400000000

mem[X,0x00000000800018C4] -> 0x8E93
mem[X,0x00000000800018C6] -> 0x000E
[1590] [M]: 0x00000000800018C4 (0x000E8E93) addi t4, t4, 0x0
x29 <- 0x0000000400000000

mem[X,0x00000000800018C8] -> 0x9E93
mem[X,0x00000000800018CA] -> 0x00BE
[1591] [M]: 0x00000000800018C8 (0x00BE9E93) slli t4, t4, 0xb
x29 <- 0x0000200000000000

mem[X,0x00000000800018CC] -> 0x8E93
mem[X,0x00000000800018CE] -> 0x020E
[1592] [M]: 0x00000000800018CC (0x020E8E93) addi t4, t4, 0x20
x29 <- 0x0000200000000020

mem[X,0x00000000800018D0] -> 0x9E93
mem[X,0x00000000800018D2] -> 0x00AE
[1593] [M]: 0x00000000800018D0 (0x00AE9E93) slli t4, t4, 0xa
x29 <- 0x0080000000008000

mem[X,0x00000000800018D4] -> 0x2F9B
mem[X,0x00000000800018D6] -> 0xFFDF
[1594] [M]: 0x00000000800018D4 (0xFFDF2F9B) shar t6, t5, t4
x31 <- 0x00200000AAAAAAAA

mem[X,0x00000000800018D8] -> 0xB423
mem[X,0x00000000800018DA] -> 0x25F5
[1595] [M]: 0x00000000800018D8 (0x25F5B423) sd t6, 0x248(a1)
mem[0x00000000800053E8] <- 0x00200000AAAAAAAA

mem[X,0x00000000800018DC] -> 0x0F37
mem[X,0x00000000800018DE] -> 0x0000
[1596] [M]: 0x00000000800018DC (0x00000F37) lui t5, 0x0
x30 <- 0x0000000000000000

mem[X,0x00000000800018E0] -> 0x0F13
mem[X,0x00000000800018E2] -> 0x005F
[1597] [M]: 0x00000000800018E0 (0x005F0F13) addi t5, t5, 0x5
x30 <- 0x0000000000000005

mem[X,0x00000000800018E4] -> 0x1F13
mem[X,0x00000000800018E6] -> 0x00BF
[1598] [M]: 0x00000000800018E4 (0x00BF1F13) slli t5, t5, 0xb
x30 <- 0x0000000000002800

mem[X,0x00000000800018E8] -> 0x0F13
mem[X,0x00000000800018EA] -> 0x5FFF
[1599] [M]: 0x00000000800018E8 (0x5FFF0F13) addi t5, t5, 0x5ff
x30 <- 0x0000000000002DFF

clint::tick mtime <- 0x0000000000000010
 clint timer pending at mtime 0x0000000000000010
htif::tick 0x0000000000000000
mem[X,0x00000000800018EC] -> 0x1F13
mem[X,0x00000000800018EE] -> 0x00BF
[1600] [M]: 0x00000000800018EC (0x00BF1F13) slli t5, t5, 0xb
x30 <- 0x00000000016FF800

mem[X,0x00000000800018F0] -> 0x0F13
mem[X,0x00000000800018F2] -> 0x7FFF
[1601] [M]: 0x00000000800018F0 (0x7FFF0F13) addi t5, t5, 0x7ff
x30 <- 0x00000000016FFFFF

mem[X,0x00000000800018F4] -> 0x1F13
mem[X,0x00000000800018F6] -> 0x00AF
[1602] [M]: 0x00000000800018F4 (0x00AF1F13) slli t5, t5, 0xa
x30 <- 0x00000005BFFFFC00

mem[X,0x00000000800018F8] -> 0x0F13
mem[X,0x00000000800018FA] -> 0x3FFF
[1603] [M]: 0x00000000800018F8 (0x3FFF0F13) addi t5, t5, 0x3ff
x30 <- 0x00000005BFFFFFFF

mem[X,0x00000000800018FC] -> 0x0EB7
mem[X,0x00000000800018FE] -> 0x0100
[1604] [M]: 0x00000000800018FC (0x01000EB7) lui t4, 0x1000
x29 <- 0x0000000001000000

mem[X,0x0000000080001900] -> 0x8E93
mem[X,0x0000000080001902] -> 0x000E
[1605] [M]: 0x0000000080001900 (0x000E8E93) addi t4, t4, 0x0
x29 <- 0x0000000001000000

mem[X,0x0000000080001904] -> 0x9E93
mem[X,0x0000000080001906] -> 0x00BE
[1606] [M]: 0x0000000080001904 (0x00BE9E93) slli t4, t4, 0xb
x29 <- 0x0000000800000000

mem[X,0x0000000080001908] -> 0x8E93
mem[X,0x000000008000190A] -> 0x000E
[1607] [M]: 0x0000000080001908 (0x000E8E93) addi t4, t4, 0x0
x29 <- 0x0000000800000000

mem[X,0x000000008000190C] -> 0x9E93
mem[X,0x000000008000190E] -> 0x00BE
[1608] [M]: 0x000000008000190C (0x00BE9E93) slli t4, t4, 0xb
x29 <- 0x0000400000000000

mem[X,0x0000000080001910] -> 0x8E93
mem[X,0x0000000080001912] -> 0x400E
[1609] [M]: 0x0000000080001910 (0x400E8E93) addi t4, t4, 0x400
x29 <- 0x0000400000000400

mem[X,0x0000000080001914] -> 0x9E93
mem[X,0x0000000080001916] -> 0x00AE
[1610] [M]: 0x0000000080001914 (0x00AE9E93) slli t4, t4, 0xa
x29 <- 0x0100000000100000

mem[X,0x0000000080001918] -> 0x2F9B
mem[X,0x000000008000191A] -> 0xFFDF
[1611] [M]: 0x0000000080001918 (0xFFDF2F9B) shar t6, t5, t4
x31 <- 0x00000005BFFFFFFF

mem[X,0x000000008000191C] -> 0xB823
mem[X,0x000000008000191E] -> 0x25F5
[1612] [M]: 0x000000008000191C (0x25F5B823) sd t6, 0x250(a1)
mem[0x00000000800053F0] <- 0x00000005BFFFFFFF

mem[X,0x0000000080001920] -> 0x0F37
mem[X,0x0000000080001922] -> 0x0000
[1613] [M]: 0x0000000080001920 (0x00000F37) lui t5, 0x0
x30 <- 0x0000000000000000

mem[X,0x0000000080001924] -> 0x0F13
mem[X,0x0000000080001926] -> 0x002F
[1614] [M]: 0x0000000080001924 (0x002F0F13) addi t5, t5, 0x2
x30 <- 0x0000000000000002

mem[X,0x0000000080001928] -> 0x1F13
mem[X,0x000000008000192A] -> 0x00BF
[1615] [M]: 0x0000000080001928 (0x00BF1F13) slli t5, t5, 0xb
x30 <- 0x0000000000001000

mem[X,0x000000008000192C] -> 0x0F13
mem[X,0x000000008000192E] -> 0x7FFF
[1616] [M]: 0x000000008000192C (0x7FFF0F13) addi t5, t5, 0x7ff
x30 <- 0x00000000000017FF

mem[X,0x0000000080001930] -> 0x1F13
mem[X,0x0000000080001932] -> 0x00BF
[1617] [M]: 0x0000000080001930 (0x00BF1F13) slli t5, t5, 0xb
x30 <- 0x0000000000BFF800

mem[X,0x0000000080001934] -> 0x0F13
mem[X,0x0000000080001936] -> 0x7FFF
[1618] [M]: 0x0000000080001934 (0x7FFF0F13) addi t5, t5, 0x7ff
x30 <- 0x0000000000BFFFFF

mem[X,0x0000000080001938] -> 0x1F13
mem[X,0x000000008000193A] -> 0x00AF
[1619] [M]: 0x0000000080001938 (0x00AF1F13) slli t5, t5, 0xa
x30 <- 0x00000002FFFFFC00

mem[X,0x000000008000193C] -> 0x0F13
mem[X,0x000000008000193E] -> 0x1FFF
[1620] [M]: 0x000000008000193C (0x1FFF0F13) addi t5, t5, 0x1ff
x30 <- 0x00000002FFFFFDFF

mem[X,0x0000000080001940] -> 0x0EB7
mem[X,0x0000000080001942] -> 0x0000
[1621] [M]: 0x0000000080001940 (0x00000EB7) lui t4, 0x0
x29 <- 0x0000000000000000

mem[X,0x0000000080001944] -> 0x8E93
mem[X,0x0000000080001946] -> 0xDFFE
[1622] [M]: 0x0000000080001944 (0xDFFE8E93) addi t4, t4, -0x201
x29 <- 0xFFFFFFFFFFFFFDFF

mem[X,0x0000000080001948] -> 0x9E93
mem[X,0x000000008000194A] -> 0x00BE
[1623] [M]: 0x0000000080001948 (0x00BE9E93) slli t4, t4, 0xb
x29 <- 0xFFFFFFFFFFEFF800

mem[X,0x000000008000194C] -> 0x8E93
mem[X,0x000000008000194E] -> 0x004E
[1624] [M]: 0x000000008000194C (0x004E8E93) addi t4, t4, 0x4
x29 <- 0xFFFFFFFFFFEFF804

mem[X,0x0000000080001950] -> 0x9E93
mem[X,0x0000000080001952] -> 0x00BE
[1625] [M]: 0x0000000080001950 (0x00BE9E93) slli t4, t4, 0xb
x29 <- 0xFFFFFFFF7FC02000

mem[X,0x0000000080001954] -> 0x8E93
mem[X,0x0000000080001956] -> 0x000E
[1626] [M]: 0x0000000080001954 (0x000E8E93) addi t4, t4, 0x0
x29 <- 0xFFFFFFFF7FC02000

mem[X,0x0000000080001958] -> 0x9E93
mem[X,0x000000008000195A] -> 0x00AE
[1627] [M]: 0x0000000080001958 (0x00AE9E93) slli t4, t4, 0xa
x29 <- 0xFFFFFDFF00800000

mem[X,0x000000008000195C] -> 0x2F9B
mem[X,0x000000008000195E] -> 0xFFDF
[1628] [M]: 0x000000008000195C (0xFFDF2F9B) shar t6, t5, t4
x31 <- 0x00000002FFFFFDFF

mem[X,0x0000000080001960] -> 0xBC23
mem[X,0x0000000080001962] -> 0x25F5
[1629] [M]: 0x0000000080001960 (0x25F5BC23) sd t6, 0x258(a1)
mem[0x00000000800053F8] <- 0x00000002FFFFFDFF

mem[X,0x0000000080001964] -> 0x0F37
mem[X,0x0000000080001966] -> 0x1000
[1630] [M]: 0x0000000080001964 (0x10000F37) lui t5, 0x10000
x30 <- 0x0000000010000000

mem[X,0x0000000080001968] -> 0x0F13
mem[X,0x000000008000196A] -> 0x001F
[1631] [M]: 0x0000000080001968 (0x001F0F13) addi t5, t5, 0x1
x30 <- 0x0000000010000001

mem[X,0x000000008000196C] -> 0x1F13
mem[X,0x000000008000196E] -> 0x019F
[1632] [M]: 0x000000008000196C (0x019F1F13) slli t5, t5, 0x19
x30 <- 0x0020000002000000

mem[X,0x0000000080001970] -> 0x0EB7
mem[X,0x0000000080001972] -> 0xFFF8
[1633] [M]: 0x0000000080001970 (0xFFF80EB7) lui t4, -0x80
x29 <- 0xFFFFFFFFFFF80000

mem[X,0x0000000080001974] -> 0x8E93
mem[X,0x0000000080001976] -> 0xFFFE
[1634] [M]: 0x0000000080001974 (0xFFFE8E93) addi t4, t4, -0x1
x29 <- 0xFFFFFFFFFFF7FFFF

mem[X,0x0000000080001978] -> 0x9E93
mem[X,0x000000008000197A] -> 0x00BE
[1635] [M]: 0x0000000080001978 (0x00BE9E93) slli t4, t4, 0xb
x29 <- 0xFFFFFFFFBFFFF800

mem[X,0x000000008000197C] -> 0x8E93
mem[X,0x000000008000197E] -> 0x008E
[1636] [M]: 0x000000008000197C (0x008E8E93) addi t4, t4, 0x8
x29 <- 0xFFFFFFFFBFFFF808

mem[X,0x0000000080001980] -> 0x9E93
mem[X,0x0000000080001982] -> 0x00BE
[1637] [M]: 0x0000000080001980 (0x00BE9E93) slli t4, t4, 0xb
x29 <- 0xFFFFFDFFFFC04000

mem[X,0x0000000080001984] -> 0x8E93
mem[X,0x0000000080001986] -> 0x000E
[1638] [M]: 0x0000000080001984 (0x000E8E93) addi t4, t4, 0x0
x29 <- 0xFFFFFDFFFFC04000

mem[X,0x0000000080001988] -> 0x9E93
mem[X,0x000000008000198A] -> 0x00AE
[1639] [M]: 0x0000000080001988 (0x00AE9E93) slli t4, t4, 0xa
x29 <- 0xFFF7FFFF01000000

mem[X,0x000000008000198C] -> 0x2F9B
mem[X,0x000000008000198E] -> 0xFFDF
[1640] [M]: 0x000000008000198C (0xFFDF2F9B) shar t6, t5, t4
x31 <- 0x0020000002000000

mem[X,0x0000000080001990] -> 0xB023
mem[X,0x0000000080001992] -> 0x27F5
[1641] [M]: 0x0000000080001990 (0x27F5B023) sd t6, 0x260(a1)
mem[0x0000000080005400] <- 0x0020000002000000

mem[X,0x0000000080001994] -> 0x0F37
mem[X,0x0000000080001996] -> 0x0000
[1642] [M]: 0x0000000080001994 (0x00000F37) lui t5, 0x0
x30 <- 0x0000000000000000

mem[X,0x0000000080001998] -> 0x0F13
mem[X,0x000000008000199A] -> 0xFFAF
[1643] [M]: 0x0000000080001998 (0xFFAF0F13) addi t5, t5, -0x6
x30 <- 0xFFFFFFFFFFFFFFFA

mem[X,0x000000008000199C] -> 0x1F13
mem[X,0x000000008000199E] -> 0x00BF
[1644] [M]: 0x000000008000199C (0x00BF1F13) slli t5, t5, 0xb
x30 <- 0xFFFFFFFFFFFFD000

mem[X,0x00000000800019A0] -> 0x0F13
mem[X,0x00000000800019A2] -> 0x7FFF
[1645] [M]: 0x00000000800019A0 (0x7FFF0F13) addi t5, t5, 0x7ff
x30 <- 0xFFFFFFFFFFFFD7FF

mem[X,0x00000000800019A4] -> 0x1F13
mem[X,0x00000000800019A6] -> 0x00BF
[1646] [M]: 0x00000000800019A4 (0x00BF1F13) slli t5, t5, 0xb
x30 <- 0xFFFFFFFFFEBFF800

mem[X,0x00000000800019A8] -> 0x0F13
mem[X,0x00000000800019AA] -> 0x7FFF
[1647] [M]: 0x00000000800019A8 (0x7FFF0F13) addi t5, t5, 0x7ff
x30 <- 0xFFFFFFFFFEBFFFFF

mem[X,0x00000000800019AC] -> 0x1F13
mem[X,0x00000000800019AE] -> 0x00AF
[1648] [M]: 0x00000000800019AC (0x00AF1F13) slli t5, t5, 0xa
x30 <- 0xFFFFFFFAFFFFFC00

mem[X,0x00000000800019B0] -> 0x0F13
mem[X,0x00000000800019B2] -> 0x3FCF
[1649] [M]: 0x00000000800019B0 (0x3FCF0F13) addi t5, t5, 0x3fc
x30 <- 0xFFFFFFFAFFFFFFFC

mem[X,0x00000000800019B4] -> 0x0EB7
mem[X,0x00000000800019B6] -> 0xFFF8
[1650] [M]: 0x00000000800019B4 (0xFFF80EB7) lui t4, -0x80
x29 <- 0xFFFFFFFFFFF80000

mem[X,0x00000000800019B8] -> 0x8E93
mem[X,0x00000000800019BA] -> 0xFFFE
[1651] [M]: 0x00000000800019B8 (0xFFFE8E93) addi t4, t4, -0x1
x29 <- 0xFFFFFFFFFFF7FFFF

mem[X,0x00000000800019BC] -> 0x9E93
mem[X,0x00000000800019BE] -> 0x00BE
[1652] [M]: 0x00000000800019BC (0x00BE9E93) slli t4, t4, 0xb
x29 <- 0xFFFFFFFFBFFFF800

mem[X,0x00000000800019C0] -> 0x8E93
mem[X,0x00000000800019C2] -> 0x010E
[1653] [M]: 0x00000000800019C0 (0x010E8E93) addi t4, t4, 0x10
x29 <- 0xFFFFFFFFBFFFF810

mem[X,0x00000000800019C4] -> 0x9E93
mem[X,0x00000000800019C6] -> 0x00BE
[1654] [M]: 0x00000000800019C4 (0x00BE9E93) slli t4, t4, 0xb
x29 <- 0xFFFFFDFFFFC08000

mem[X,0x00000000800019C8] -> 0x8E93
mem[X,0x00000000800019CA] -> 0x000E
[1655] [M]: 0x00000000800019C8 (0x000E8E93) addi t4, t4, 0x0
x29 <- 0xFFFFFDFFFFC08000

mem[X,0x00000000800019CC] -> 0x9E93
mem[X,0x00000000800019CE] -> 0x00AE
[1656] [M]: 0x00000000800019CC (0x00AE9E93) slli t4, t4, 0xa
x29 <- 0xFFF7FFFF02000000

mem[X,0x00000000800019D0] -> 0x2F9B
mem[X,0x00000000800019D2] -> 0xFFDF
[1657] [M]: 0x00000000800019D0 (0xFFDF2F9B) shar t6, t5, t4
x31 <- 0xFFFFFFFAFFFFFFFC

mem[X,0x00000000800019D4] -> 0xB423
mem[X,0x00000000800019D6] -> 0x27F5
[1658] [M]: 0x00000000800019D4 (0x27F5B423) sd t6, 0x268(a1)
mem[0x0000000080005408] <- 0xFFFFFFFAFFFFFFFC

mem[X,0x00000000800019D8] -> 0x0F37
mem[X,0x00000000800019DA] -> 0x0000
[1659] [M]: 0x00000000800019D8 (0x00000F37) lui t5, 0x0
x30 <- 0x0000000000000000

mem[X,0x00000000800019DC] -> 0x0F13
mem[X,0x00000000800019DE] -> 0x002F
[1660] [M]: 0x00000000800019DC (0x002F0F13) addi t5, t5, 0x2
x30 <- 0x0000000000000002

mem[X,0x00000000800019E0] -> 0x1F13
mem[X,0x00000000800019E2] -> 0x00BF
[1661] [M]: 0x00000000800019E0 (0x00BF1F13) slli t5, t5, 0xb
x30 <- 0x0000000000001000

mem[X,0x00000000800019E4] -> 0x0F13
mem[X,0x00000000800019E6] -> 0x7FFF
[1662] [M]: 0x00000000800019E4 (0x7FFF0F13) addi t5, t5, 0x7ff
x30 <- 0x00000000000017FF

mem[X,0x00000000800019E8] -> 0x1F13
mem[X,0x00000000800019EA] -> 0x00BF
[1663] [M]: 0x00000000800019E8 (0x00BF1F13) slli t5, t5, 0xb
x30 <- 0x0000000000BFF800

mem[X,0x00000000800019EC] -> 0x0F13
mem[X,0x00000000800019EE] -> 0x7FFF
[1664] [M]: 0x00000000800019EC (0x7FFF0F13) addi t5, t5, 0x7ff
x30 <- 0x0000000000BFFFFF

mem[X,0x00000000800019F0] -> 0x1F13
mem[X,0x00000000800019F2] -> 0x00AF
[1665] [M]: 0x00000000800019F0 (0x00AF1F13) slli t5, t5, 0xa
x30 <- 0x00000002FFFFFC00

mem[X,0x00000000800019F4] -> 0x0F13
mem[X,0x00000000800019F6] -> 0x3FBF
[1666] [M]: 0x00000000800019F4 (0x3FBF0F13) addi t5, t5, 0x3fb
x30 <- 0x00000002FFFFFFFB

mem[X,0x00000000800019F8] -> 0x0EB7
mem[X,0x00000000800019FA] -> 0xFE00
[1667] [M]: 0x00000000800019F8 (0xFE000EB7) lui t4, -0x2000
x29 <- 0xFFFFFFFFFE000000

mem[X,0x00000000800019FC] -> 0x8E93
mem[X,0x00000000800019FE] -> 0xFFFE
[1668] [M]: 0x00000000800019FC (0xFFFE8E93) addi t4, t4, -0x1
x29 <- 0xFFFFFFFFFDFFFFFF

mem[X,0x0000000080001A00] -> 0x9E93
mem[X,0x0000000080001A02] -> 0x00BE
[1669] [M]: 0x0000000080001A00 (0x00BE9E93) slli t4, t4, 0xb
x29 <- 0xFFFFFFEFFFFFF800

mem[X,0x0000000080001A04] -> 0x8E93
mem[X,0x0000000080001A06] -> 0x020E
[1670] [M]: 0x0000000080001A04 (0x020E8E93) addi t4, t4, 0x20
x29 <- 0xFFFFFFEFFFFFF820

mem[X,0x0000000080001A08] -> 0x9E93
mem[X,0x0000000080001A0A] -> 0x00BE
[1671] [M]: 0x0000000080001A08 (0x00BE9E93) slli t4, t4, 0xb
x29 <- 0xFFFF7FFFFFC10000

mem[X,0x0000000080001A0C] -> 0x8E93
mem[X,0x0000000080001A0E] -> 0x000E
[1672] [M]: 0x0000000080001A0C (0x000E8E93) addi t4, t4, 0x0
x29 <- 0xFFFF7FFFFFC10000

mem[X,0x0000000080001A10] -> 0x9E93
mem[X,0x0000000080001A12] -> 0x00AE
[1673] [M]: 0x0000000080001A10 (0x00AE9E93) slli t4, t4, 0xa
x29 <- 0xFDFFFFFF04000000

mem[X,0x0000000080001A14] -> 0x2F9B
mem[X,0x0000000080001A16] -> 0xFFDF
[1674] [M]: 0x0000000080001A14 (0xFFDF2F9B) shar t6, t5, t4
x31 <- 0x00000002FFFFFFFB

mem[X,0x0000000080001A18] -> 0xB823
mem[X,0x0000000080001A1A] -> 0x27F5
[1675] [M]: 0x0000000080001A18 (0x27F5B823) sd t6, 0x270(a1)
mem[0x0000000080005410] <- 0x00000002FFFFFFFB

mem[X,0x0000000080001A1C] -> 0x0F37
mem[X,0x0000000080001A1E] -> 0xC000
[1676] [M]: 0x0000000080001A1C (0xC0000F37) lui t5, -0x40000
x30 <- 0xFFFFFFFFC0000000

mem[X,0x0000000080001A20] -> 0x0F13
mem[X,0x0000000080001A22] -> 0xFFFF
[1677] [M]: 0x0000000080001A20 (0xFFFF0F13) addi t5, t5, -0x1
x30 <- 0xFFFFFFFFBFFFFFFF

mem[X,0x0000000080001A24] -> 0x1F13
mem[X,0x0000000080001A26] -> 0x00BF
[1678] [M]: 0x0000000080001A24 (0x00BF1F13) slli t5, t5, 0xb
x30 <- 0xFFFFFDFFFFFFF800

mem[X,0x0000000080001A28] -> 0x0F13
mem[X,0x0000000080001A2A] -> 0x000F
[1679] [M]: 0x0000000080001A28 (0x000F0F13) addi t5, t5, 0x0
x30 <- 0xFFFFFDFFFFFFF800

mem[X,0x0000000080001A2C] -> 0x1F13
mem[X,0x0000000080001A2E] -> 0x00BF
[1680] [M]: 0x0000000080001A2C (0x00BF1F13) slli t5, t5, 0xb
x30 <- 0xFFEFFFFFFFC00000

mem[X,0x0000000080001A30] -> 0x0F13
mem[X,0x0000000080001A32] -> 0x000F
[1681] [M]: 0x0000000080001A30 (0x000F0F13) addi t5, t5, 0x0
x30 <- 0xFFEFFFFFFFC00000

mem[X,0x0000000080001A34] -> 0x1F13
mem[X,0x0000000080001A36] -> 0x00AF
[1682] [M]: 0x0000000080001A34 (0x00AF1F13) slli t5, t5, 0xa
x30 <- 0xBFFFFFFF00000000

mem[X,0x0000000080001A38] -> 0x0F13
mem[X,0x0000000080001A3A] -> 0x002F
[1683] [M]: 0x0000000080001A38 (0x002F0F13) addi t5, t5, 0x2
x30 <- 0xBFFFFFFF00000002

mem[X,0x0000000080001A3C] -> 0x0EB7
mem[X,0x0000000080001A3E] -> 0x8000
[1684] [M]: 0x0000000080001A3C (0x80000EB7) lui t4, -0x80000
x29 <- 0xFFFFFFFF80000000

mem[X,0x0000000080001A40] -> 0x8E93
mem[X,0x0000000080001A42] -> 0xFFFE
[1685] [M]: 0x0000000080001A40 (0xFFFE8E93) addi t4, t4, -0x1
x29 <- 0xFFFFFFFF7FFFFFFF

mem[X,0x0000000080001A44] -> 0x9E93
mem[X,0x0000000080001A46] -> 0x00BE
[1686] [M]: 0x0000000080001A44 (0x00BE9E93) slli t4, t4, 0xb
x29 <- 0xFFFFFBFFFFFFF800

mem[X,0x0000000080001A48] -> 0x8E93
mem[X,0x0000000080001A4A] -> 0x200E
[1687] [M]: 0x0000000080001A48 (0x200E8E93) addi t4, t4, 0x200
x29 <- 0xFFFFFBFFFFFFFA00

mem[X,0x0000000080001A4C] -> 0x9E93
mem[X,0x0000000080001A4E] -> 0x00BE
[1688] [M]: 0x0000000080001A4C (0x00BE9E93) slli t4, t4, 0xb
x29 <- 0xFFDFFFFFFFD00000

mem[X,0x0000000080001A50] -> 0x8E93
mem[X,0x0000000080001A52] -> 0x000E
[1689] [M]: 0x0000000080001A50 (0x000E8E93) addi t4, t4, 0x0
x29 <- 0xFFDFFFFFFFD00000

mem[X,0x0000000080001A54] -> 0x9E93
mem[X,0x0000000080001A56] -> 0x00AE
[1690] [M]: 0x0000000080001A54 (0x00AE9E93) slli t4, t4, 0xa
x29 <- 0x7FFFFFFF40000000

mem[X,0x0000000080001A58] -> 0x2F9B
mem[X,0x0000000080001A5A] -> 0xFFDF
[1691] [M]: 0x0000000080001A58 (0xFFDF2F9B) shar t6, t5, t4
x31 <- 0xBFFFFFFF00000002

mem[X,0x0000000080001A5C] -> 0xBC23
mem[X,0x0000000080001A5E] -> 0x27F5
[1692] [M]: 0x0000000080001A5C (0x27F5BC23) sd t6, 0x278(a1)
mem[0x0000000080005418] <- 0xBFFFFFFF00000002

mem[X,0x0000000080001A60] -> 0x8F37
mem[X,0x0000000080001A62] -> 0x0000
[1693] [M]: 0x0000000080001A60 (0x00008F37) lui t5, 0x8
x30 <- 0x0000000000008000

mem[X,0x0000000080001A64] -> 0x0F13
mem[X,0x0000000080001A66] -> 0x000F
[1694] [M]: 0x0000000080001A64 (0x000F0F13) addi t5, t5, 0x0
x30 <- 0x0000000000008000

mem[X,0x0000000080001A68] -> 0x1F13
mem[X,0x0000000080001A6A] -> 0x00BF
[1695] [M]: 0x0000000080001A68 (0x00BF1F13) slli t5, t5, 0xb
x30 <- 0x0000000004000000

mem[X,0x0000000080001A6C] -> 0x0F13
mem[X,0x0000000080001A6E] -> 0x7FEF
[1696] [M]: 0x0000000080001A6C (0x7FEF0F13) addi t5, t5, 0x7fe
x30 <- 0x00000000040007FE

mem[X,0x0000000080001A70] -> 0x1F13
mem[X,0x0000000080001A72] -> 0x00BF
[1697] [M]: 0x0000000080001A70 (0x00BF1F13) slli t5, t5, 0xb
x30 <- 0x00000020003FF000

mem[X,0x0000000080001A74] -> 0x0F13
mem[X,0x0000000080001A76] -> 0x7FFF
[1698] [M]: 0x0000000080001A74 (0x7FFF0F13) addi t5, t5, 0x7ff
x30 <- 0x00000020003FF7FF

mem[X,0x0000000080001A78] -> 0x1F13
mem[X,0x0000000080001A7A] -> 0x00AF
[1699] [M]: 0x0000000080001A78 (0x00AF1F13) slli t5, t5, 0xa
x30 <- 0x00008000FFDFFC00

clint::tick mtime <- 0x0000000000000011
 clint timer pending at mtime 0x0000000000000011
htif::tick 0x0000000000000000
mem[X,0x0000000080001A7C] -> 0x0F13
mem[X,0x0000000080001A7E] -> 0x3FFF
[1700] [M]: 0x0000000080001A7C (0x3FFF0F13) addi t5, t5, 0x3ff
x30 <- 0x00008000FFDFFFFF

mem[X,0x0000000080001A80] -> 0x0EB7
mem[X,0x0000000080001A82] -> 0x0000
[1701] [M]: 0x0000000080001A80 (0x00000EB7) lui t4, 0x0
x29 <- 0x0000000000000000

mem[X,0x0000000080001A84] -> 0x8E93
mem[X,0x0000000080001A86] -> 0x040E
[1702] [M]: 0x0000000080001A84 (0x040E8E93) addi t4, t4, 0x40
x29 <- 0x0000000000000040

mem[X,0x0000000080001A88] -> 0x9E93
mem[X,0x0000000080001A8A] -> 0x00BE
[1703] [M]: 0x0000000080001A88 (0x00BE9E93) slli t4, t4, 0xb
x29 <- 0x0000000000020000

mem[X,0x0000000080001A8C] -> 0x8E93
mem[X,0x0000000080001A8E] -> 0x7FFE
[1704] [M]: 0x0000000080001A8C (0x7FFE8E93) addi t4, t4, 0x7ff
x29 <- 0x00000000000207FF

mem[X,0x0000000080001A90] -> 0x9E93
mem[X,0x0000000080001A92] -> 0x00BE
[1705] [M]: 0x0000000080001A90 (0x00BE9E93) slli t4, t4, 0xb
x29 <- 0x00000000103FF800

mem[X,0x0000000080001A94] -> 0x8E93
mem[X,0x0000000080001A96] -> 0x7FFE
[1706] [M]: 0x0000000080001A94 (0x7FFE8E93) addi t4, t4, 0x7ff
x29 <- 0x00000000103FFFFF

mem[X,0x0000000080001A98] -> 0x9E93
mem[X,0x0000000080001A9A] -> 0x00AE
[1707] [M]: 0x0000000080001A98 (0x00AE9E93) slli t4, t4, 0xa
x29 <- 0x00000040FFFFFC00

mem[X,0x0000000080001A9C] -> 0x8E93
mem[X,0x0000000080001A9E] -> 0x2FFE
[1708] [M]: 0x0000000080001A9C (0x2FFE8E93) addi t4, t4, 0x2ff
x29 <- 0x00000040FFFFFEFF

mem[X,0x0000000080001AA0] -> 0x2F9B
mem[X,0x0000000080001AA2] -> 0xFFDF
[1709] [M]: 0x0000000080001AA0 (0xFFDF2F9B) shar t6, t5, t4
x31 <- 0x000040007FF00000

mem[X,0x0000000080001AA4] -> 0xB023
mem[X,0x0000000080001AA6] -> 0x29F5
[1710] [M]: 0x0000000080001AA4 (0x29F5B023) sd t6, 0x280(a1)
mem[0x0000000080005420] <- 0x000040007FF00000

mem[X,0x0000000080001AA8] -> 0x0F37
mem[X,0x0000000080001AAA] -> 0x0000
[1711] [M]: 0x0000000080001AA8 (0x00000F37) lui t5, 0x0
x30 <- 0x0000000000000000

mem[X,0x0000000080001AAC] -> 0x0F13
mem[X,0x0000000080001AAE] -> 0xFDFF
[1712] [M]: 0x0000000080001AAC (0xFDFF0F13) addi t5, t5, -0x21
x30 <- 0xFFFFFFFFFFFFFFDF

mem[X,0x0000000080001AB0] -> 0x1F13
mem[X,0x0000000080001AB2] -> 0x00BF
[1713] [M]: 0x0000000080001AB0 (0x00BF1F13) slli t5, t5, 0xb
x30 <- 0xFFFFFFFFFFFEF800

mem[X,0x0000000080001AB4] -> 0x0F13
mem[X,0x0000000080001AB6] -> 0x7FFF
[1714] [M]: 0x0000000080001AB4 (0x7FFF0F13) addi t5, t5, 0x7ff
x30 <- 0xFFFFFFFFFFFEFFFF

mem[X,0x0000000080001AB8] -> 0x1F13
mem[X,0x0000000080001ABA] -> 0x00BF
[1715] [M]: 0x0000000080001AB8 (0x00BF1F13) slli t5, t5, 0xb
x30 <- 0xFFFFFFFFF7FFF800

mem[X,0x0000000080001ABC] -> 0x0F13
mem[X,0x0000000080001ABE] -> 0x7FFF
[1716] [M]: 0x0000000080001ABC (0x7FFF0F13) addi t5, t5, 0x7ff
x30 <- 0xFFFFFFFFF7FFFFFF

mem[X,0x0000000080001AC0] -> 0x1F13
mem[X,0x0000000080001AC2] -> 0x00AF
[1717] [M]: 0x0000000080001AC0 (0x00AF1F13) slli t5, t5, 0xa
x30 <- 0xFFFFFFDFFFFFFC00

mem[X,0x0000000080001AC4] -> 0x0F13
mem[X,0x0000000080001AC6] -> 0x3DFF
[1718] [M]: 0x0000000080001AC4 (0x3DFF0F13) addi t5, t5, 0x3df
x30 <- 0xFFFFFFDFFFFFFFDF

mem[X,0x0000000080001AC8] -> 0x0EB7
mem[X,0x0000000080001ACA] -> 0x0000
[1719] [M]: 0x0000000080001AC8 (0x00000EB7) lui t4, 0x0
x29 <- 0x0000000000000000

mem[X,0x0000000080001ACC] -> 0x8E93
mem[X,0x0000000080001ACE] -> 0x006E
[1720] [M]: 0x0000000080001ACC (0x006E8E93) addi t4, t4, 0x6
x29 <- 0x0000000000000006

mem[X,0x0000000080001AD0] -> 0x9E93
mem[X,0x0000000080001AD2] -> 0x00BE
[1721] [M]: 0x0000000080001AD0 (0x00BE9E93) slli t4, t4, 0xb
x29 <- 0x0000000000003000

mem[X,0x0000000080001AD4] -> 0x8E93
mem[X,0x0000000080001AD6] -> 0x7FFE
[1722] [M]: 0x0000000080001AD4 (0x7FFE8E93) addi t4, t4, 0x7ff
x29 <- 0x00000000000037FF

mem[X,0x0000000080001AD8] -> 0x9E93
mem[X,0x0000000080001ADA] -> 0x00BE
[1723] [M]: 0x0000000080001AD8 (0x00BE9E93) slli t4, t4, 0xb
x29 <- 0x0000000001BFF800

mem[X,0x0000000080001ADC] -> 0x8E93
mem[X,0x0000000080001ADE] -> 0x7F7E
[1724] [M]: 0x0000000080001ADC (0x7F7E8E93) addi t4, t4, 0x7f7
x29 <- 0x0000000001BFFFF7

mem[X,0x0000000080001AE0] -> 0x9E93
mem[X,0x0000000080001AE2] -> 0x00AE
[1725] [M]: 0x0000000080001AE0 (0x00AE9E93) slli t4, t4, 0xa
x29 <- 0x00000006FFFFDC00

mem[X,0x0000000080001AE4] -> 0x8E93
mem[X,0x0000000080001AE6] -> 0x3FFE
[1726] [M]: 0x0000000080001AE4 (0x3FFE8E93) addi t4, t4, 0x3ff
x29 <- 0x00000006FFFFDFFF

mem[X,0x0000000080001AE8] -> 0x2F9B
mem[X,0x0000000080001AEA] -> 0xFFDF
[1727] [M]: 0x0000000080001AE8 (0xFFDF2F9B) shar t6, t5, t4
x31 <- 0xFFFFFFEFFFFFFFF0

mem[X,0x0000000080001AEC] -> 0xB423
mem[X,0x0000000080001AEE] -> 0x29F5
[1728] [M]: 0x0000000080001AEC (0x29F5B423) sd t6, 0x288(a1)
mem[0x0000000080005428] <- 0xFFFFFFEFFFFFFFF0

mem[X,0x0000000080001AF0] -> 0x0F37
mem[X,0x0000000080001AF2] -> 0x0000
[1729] [M]: 0x0000000080001AF0 (0x00000F37) lui t5, 0x0
x30 <- 0x0000000000000000

mem[X,0x0000000080001AF4] -> 0x0F13
mem[X,0x0000000080001AF6] -> 0x020F
[1730] [M]: 0x0000000080001AF4 (0x020F0F13) addi t5, t5, 0x20
x30 <- 0x0000000000000020

mem[X,0x0000000080001AF8] -> 0x1F13
mem[X,0x0000000080001AFA] -> 0x00BF
[1731] [M]: 0x0000000080001AF8 (0x00BF1F13) slli t5, t5, 0xb
x30 <- 0x0000000000010000

mem[X,0x0000000080001AFC] -> 0x0F13
mem[X,0x0000000080001AFE] -> 0x7FFF
[1732] [M]: 0x0000000080001AFC (0x7FFF0F13) addi t5, t5, 0x7ff
x30 <- 0x00000000000107FF

mem[X,0x0000000080001B00] -> 0x1F13
mem[X,0x0000000080001B02] -> 0x00BF
[1733] [M]: 0x0000000080001B00 (0x00BF1F13) slli t5, t5, 0xb
x30 <- 0x00000000083FF800

mem[X,0x0000000080001B04] -> 0x0F13
mem[X,0x0000000080001B06] -> 0x7FFF
[1734] [M]: 0x0000000080001B04 (0x7FFF0F13) addi t5, t5, 0x7ff
x30 <- 0x00000000083FFFFF

mem[X,0x0000000080001B08] -> 0x1F13
mem[X,0x0000000080001B0A] -> 0x00AF
[1735] [M]: 0x0000000080001B08 (0x00AF1F13) slli t5, t5, 0xa
x30 <- 0x00000020FFFFFC00

mem[X,0x0000000080001B0C] -> 0x0F13
mem[X,0x0000000080001B0E] -> 0x3F8F
[1736] [M]: 0x0000000080001B0C (0x3F8F0F13) addi t5, t5, 0x3f8
x30 <- 0x00000020FFFFFFF8

mem[X,0x0000000080001B10] -> 0xBEB7
mem[X,0x0000000080001B12] -> 0xAAAA
[1737] [M]: 0x0000000080001B10 (0xAAAABEB7) lui t4, -0x55555
x29 <- 0xFFFFFFFFAAAAB000

mem[X,0x0000000080001B14] -> 0x8E93
mem[X,0x0000000080001B16] -> 0xAAAE
[1738] [M]: 0x0000000080001B14 (0xAAAE8E93) addi t4, t4, -0x556
x29 <- 0xFFFFFFFFAAAAAAAA

mem[X,0x0000000080001B18] -> 0x9E93
mem[X,0x0000000080001B1A] -> 0x00BE
[1739] [M]: 0x0000000080001B18 (0x00BE9E93) slli t4, t4, 0xb
x29 <- 0xFFFFFD5555555000

mem[X,0x0000000080001B1C] -> 0x8E93
mem[X,0x0000000080001B1E] -> 0x7FFE
[1740] [M]: 0x0000000080001B1C (0x7FFE8E93) addi t4, t4, 0x7ff
x29 <- 0xFFFFFD55555557FF

mem[X,0x0000000080001B20] -> 0x9E93
mem[X,0x0000000080001B22] -> 0x00BE
[1741] [M]: 0x0000000080001B20 (0x00BE9E93) slli t4, t4, 0xb
x29 <- 0xFFEAAAAAAABFF800

mem[X,0x0000000080001B24] -> 0x8E93
mem[X,0x0000000080001B26] -> 0x5FFE
[1742] [M]: 0x0000000080001B24 (0x5FFE8E93) addi t4, t4, 0x5ff
x29 <- 0xFFEAAAAAAABFFDFF

mem[X,0x0000000080001B28] -> 0x9E93
mem[X,0x0000000080001B2A] -> 0x00AE
[1743] [M]: 0x0000000080001B28 (0x00AE9E93) slli t4, t4, 0xa
x29 <- 0xAAAAAAAAFFF7FC00

mem[X,0x0000000080001B2C] -> 0x8E93
mem[X,0x0000000080001B2E] -> 0x3FFE
[1744] [M]: 0x0000000080001B2C (0x3FFE8E93) addi t4, t4, 0x3ff
x29 <- 0xAAAAAAAAFFF7FFFF

mem[X,0x0000000080001B30] -> 0x2F9B
mem[X,0x0000000080001B32] -> 0xFFDF
[1745] [M]: 0x0000000080001B30 (0xFFDF2F9B) shar t6, t5, t4
x31 <- 0x000000107FFFFFFC

mem[X,0x0000000080001B34] -> 0xB823
mem[X,0x0000000080001B36] -> 0x29F5
[1746] [M]: 0x0000000080001B34 (0x29F5B823) sd t6, 0x290(a1)
mem[0x0000000080005430] <- 0x000000107FFFFFFC

mem[X,0x0000000080001B38] -> 0x0F37
mem[X,0x0000000080001B3A] -> 0x0100
[1747] [M]: 0x0000000080001B38 (0x01000F37) lui t5, 0x1000
x30 <- 0x0000000001000000

mem[X,0x0000000080001B3C] -> 0x0F13
mem[X,0x0000000080001B3E] -> 0x001F
[1748] [M]: 0x0000000080001B3C (0x001F0F13) addi t5, t5, 0x1
x30 <- 0x0000000001000001

mem[X,0x0000000080001B40] -> 0x1F13
mem[X,0x0000000080001B42] -> 0x00BF
[1749] [M]: 0x0000000080001B40 (0x00BF1F13) slli t5, t5, 0xb
x30 <- 0x0000000800000800

mem[X,0x0000000080001B44] -> 0x0EB7
mem[X,0x0000000080001B46] -> 0x0000
[1750] [M]: 0x0000000080001B44 (0x00000EB7) lui t4, 0x0
x29 <- 0x0000000000000000

mem[X,0x0000000080001B48] -> 0x8E93
mem[X,0x0000000080001B4A] -> 0x002E
[1751] [M]: 0x0000000080001B48 (0x002E8E93) addi t4, t4, 0x2
x29 <- 0x0000000000000002

mem[X,0x0000000080001B4C] -> 0x9E93
mem[X,0x0000000080001B4E] -> 0x00BE
[1752] [M]: 0x0000000080001B4C (0x00BE9E93) slli t4, t4, 0xb
x29 <- 0x0000000000001000

mem[X,0x0000000080001B50] -> 0x8E93
mem[X,0x0000000080001B52] -> 0x7F7E
[1753] [M]: 0x0000000080001B50 (0x7F7E8E93) addi t4, t4, 0x7f7
x29 <- 0x00000000000017F7

mem[X,0x0000000080001B54] -> 0x9E93
mem[X,0x0000000080001B56] -> 0x00BE
[1754] [M]: 0x0000000080001B54 (0x00BE9E93) slli t4, t4, 0xb
x29 <- 0x0000000000BFB800

mem[X,0x0000000080001B58] -> 0x8E93
mem[X,0x0000000080001B5A] -> 0x7FFE
[1755] [M]: 0x0000000080001B58 (0x7FFE8E93) addi t4, t4, 0x7ff
x29 <- 0x0000000000BFBFFF

mem[X,0x0000000080001B5C] -> 0x9E93
mem[X,0x0000000080001B5E] -> 0x00AE
[1756] [M]: 0x0000000080001B5C (0x00AE9E93) slli t4, t4, 0xa
x29 <- 0x00000002FEFFFC00

mem[X,0x0000000080001B60] -> 0x8E93
mem[X,0x0000000080001B62] -> 0x3FFE
[1757] [M]: 0x0000000080001B60 (0x3FFE8E93) addi t4, t4, 0x3ff
x29 <- 0x00000002FEFFFFFF

mem[X,0x0000000080001B64] -> 0x2F9B
mem[X,0x0000000080001B66] -> 0xFFDF
[1758] [M]: 0x0000000080001B64 (0xFFDF2F9B) shar t6, t5, t4
x31 <- 0x0000000400000400

mem[X,0x0000000080001B68] -> 0xBC23
mem[X,0x0000000080001B6A] -> 0x29F5
[1759] [M]: 0x0000000080001B68 (0x29F5BC23) sd t6, 0x298(a1)
mem[0x0000000080005438] <- 0x0000000400000400

mem[X,0x0000000080001B6C] -> 0x8F37
mem[X,0x0000000080001B6E] -> 0x0000
[1760] [M]: 0x0000000080001B6C (0x00008F37) lui t5, 0x8
x30 <- 0x0000000000008000

mem[X,0x0000000080001B70] -> 0x0F13
mem[X,0x0000000080001B72] -> 0x000F
[1761] [M]: 0x0000000080001B70 (0x000F0F13) addi t5, t5, 0x0
x30 <- 0x0000000000008000

mem[X,0x0000000080001B74] -> 0x1F13
mem[X,0x0000000080001B76] -> 0x00BF
[1762] [M]: 0x0000000080001B74 (0x00BF1F13) slli t5, t5, 0xb
x30 <- 0x0000000004000000

mem[X,0x0000000080001B78] -> 0x0F13
mem[X,0x0000000080001B7A] -> 0x7FFF
[1763] [M]: 0x0000000080001B78 (0x7FFF0F13) addi t5, t5, 0x7ff
x30 <- 0x00000000040007FF

mem[X,0x0000000080001B7C] -> 0x1F13
mem[X,0x0000000080001B7E] -> 0x00BF
[1764] [M]: 0x0000000080001B7C (0x00BF1F13) slli t5, t5, 0xb
x30 <- 0x00000020003FF800

mem[X,0x0000000080001B80] -> 0x0F13
mem[X,0x0000000080001B82] -> 0x7FFF
[1765] [M]: 0x0000000080001B80 (0x7FFF0F13) addi t5, t5, 0x7ff
x30 <- 0x00000020003FFFFF

mem[X,0x0000000080001B84] -> 0x1F13
mem[X,0x0000000080001B86] -> 0x00AF
[1766] [M]: 0x0000000080001B84 (0x00AF1F13) slli t5, t5, 0xa
x30 <- 0x00008000FFFFFC00

mem[X,0x0000000080001B88] -> 0x0F13
mem[X,0x0000000080001B8A] -> 0x3DFF
[1767] [M]: 0x0000000080001B88 (0x3DFF0F13) addi t5, t5, 0x3df
x30 <- 0x00008000FFFFFFDF

mem[X,0x0000000080001B8C] -> 0x0EB7
mem[X,0x0000000080001B8E] -> 0x8000
[1768] [M]: 0x0000000080001B8C (0x80000EB7) lui t4, -0x80000
x29 <- 0xFFFFFFFF80000000

mem[X,0x0000000080001B90] -> 0x8E93
mem[X,0x0000000080001B92] -> 0x000E
[1769] [M]: 0x0000000080001B90 (0x000E8E93) addi t4, t4, 0x0
x29 <- 0xFFFFFFFF80000000

mem[X,0x0000000080001B94] -> 0x9E93
mem[X,0x0000000080001B96] -> 0x00BE
[1770] [M]: 0x0000000080001B94 (0x00BE9E93) slli t4, t4, 0xb
x29 <- 0xFFFFFC0000000000

mem[X,0x0000000080001B98] -> 0x8E93
mem[X,0x0000000080001B9A] -> 0x6FFE
[1771] [M]: 0x0000000080001B98 (0x6FFE8E93) addi t4, t4, 0x6ff
x29 <- 0xFFFFFC00000006FF

mem[X,0x0000000080001B9C] -> 0x9E93
mem[X,0x0000000080001B9E] -> 0x00BE
[1772] [M]: 0x0000000080001B9C (0x00BE9E93) slli t4, t4, 0xb
x29 <- 0xFFE000000037F800

mem[X,0x0000000080001BA0] -> 0x8E93
mem[X,0x0000000080001BA2] -> 0x7FFE
[1773] [M]: 0x0000000080001BA0 (0x7FFE8E93) addi t4, t4, 0x7ff
x29 <- 0xFFE000000037FFFF

mem[X,0x0000000080001BA4] -> 0x9E93
mem[X,0x0000000080001BA6] -> 0x00AE
[1774] [M]: 0x0000000080001BA4 (0x00AE9E93) slli t4, t4, 0xa
x29 <- 0x80000000DFFFFC00

mem[X,0x0000000080001BA8] -> 0x8E93
mem[X,0x0000000080001BAA] -> 0x3FFE
[1775] [M]: 0x0000000080001BA8 (0x3FFE8E93) addi t4, t4, 0x3ff
x29 <- 0x80000000DFFFFFFF

mem[X,0x0000000080001BAC] -> 0x2F9B
mem[X,0x0000000080001BAE] -> 0xFFDF
[1776] [M]: 0x0000000080001BAC (0xFFDF2F9B) shar t6, t5, t4
x31 <- 0x000040007FFFFFF0

mem[X,0x0000000080001BB0] -> 0xB023
mem[X,0x0000000080001BB2] -> 0x2BF5
[1777] [M]: 0x0000000080001BB0 (0x2BF5B023) sd t6, 0x2a0(a1)
mem[0x0000000080005440] <- 0x000040007FFFFFF0

mem[X,0x0000000080001BB4] -> 0x0F37
mem[X,0x0000000080001BB6] -> 0x0400
[1778] [M]: 0x0000000080001BB4 (0x04000F37) lui t5, 0x4000
x30 <- 0x0000000004000000

mem[X,0x0000000080001BB8] -> 0x0F13
mem[X,0x0000000080001BBA] -> 0x000F
[1779] [M]: 0x0000000080001BB8 (0x000F0F13) addi t5, t5, 0x0
x30 <- 0x0000000004000000

mem[X,0x0000000080001BBC] -> 0x1F13
mem[X,0x0000000080001BBE] -> 0x00BF
[1780] [M]: 0x0000000080001BBC (0x00BF1F13) slli t5, t5, 0xb
x30 <- 0x0000002000000000

mem[X,0x0000000080001BC0] -> 0x0F13
mem[X,0x0000000080001BC2] -> 0x000F
[1781] [M]: 0x0000000080001BC0 (0x000F0F13) addi t5, t5, 0x0
x30 <- 0x0000002000000000

mem[X,0x0000000080001BC4] -> 0x1F13
mem[X,0x0000000080001BC6] -> 0x00BF
[1782] [M]: 0x0000000080001BC4 (0x00BF1F13) slli t5, t5, 0xb
x30 <- 0x0001000000000000

mem[X,0x0000000080001BC8] -> 0x0F13
mem[X,0x0000000080001BCA] -> 0x100F
[1783] [M]: 0x0000000080001BC8 (0x100F0F13) addi t5, t5, 0x100
x30 <- 0x0001000000000100

mem[X,0x0000000080001BCC] -> 0x1F13
mem[X,0x0000000080001BCE] -> 0x00AF
[1784] [M]: 0x0000000080001BCC (0x00AF1F13) slli t5, t5, 0xa
x30 <- 0x0400000000040000

mem[X,0x0000000080001BD0] -> 0x8EB7
mem[X,0x0000000080001BD2] -> 0x0000
[1785] [M]: 0x0000000080001BD0 (0x00008EB7) lui t4, 0x8
x29 <- 0x0000000000008000

mem[X,0x0000000080001BD4] -> 0x8E93
mem[X,0x0000000080001BD6] -> 0x000E
[1786] [M]: 0x0000000080001BD4 (0x000E8E93) addi t4, t4, 0x0
x29 <- 0x0000000000008000

mem[X,0x0000000080001BD8] -> 0x9E93
mem[X,0x0000000080001BDA] -> 0x00BE
[1787] [M]: 0x0000000080001BD8 (0x00BE9E93) slli t4, t4, 0xb
x29 <- 0x0000000004000000

mem[X,0x0000000080001BDC] -> 0x8E93
mem[X,0x0000000080001BDE] -> 0x2AAE
[1788] [M]: 0x0000000080001BDC (0x2AAE8E93) addi t4, t4, 0x2aa
x29 <- 0x00000000040002AA

mem[X,0x0000000080001BE0] -> 0x9E93
mem[X,0x0000000080001BE2] -> 0x00BE
[1789] [M]: 0x0000000080001BE0 (0x00BE9E93) slli t4, t4, 0xb
x29 <- 0x0000002000155000

mem[X,0x0000000080001BE4] -> 0x8E93
mem[X,0x0000000080001BE6] -> 0x555E
[1790] [M]: 0x0000000080001BE4 (0x555E8E93) addi t4, t4, 0x555
x29 <- 0x0000002000155555

mem[X,0x0000000080001BE8] -> 0x9E93
mem[X,0x0000000080001BEA] -> 0x00AE
[1791] [M]: 0x0000000080001BE8 (0x00AE9E93) slli t4, t4, 0xa
x29 <- 0x0000800055555400

mem[X,0x0000000080001BEC] -> 0x8E93
mem[X,0x0000000080001BEE] -> 0x155E
[1792] [M]: 0x0000000080001BEC (0x155E8E93) addi t4, t4, 0x155
x29 <- 0x0000800055555555

mem[X,0x0000000080001BF0] -> 0x2F9B
mem[X,0x0000000080001BF2] -> 0xFFDF
[1793] [M]: 0x0000000080001BF0 (0xFFDF2F9B) shar t6, t5, t4
x31 <- 0x0000008000000000

mem[X,0x0000000080001BF4] -> 0xB423
mem[X,0x0000000080001BF6] -> 0x2BF5
[1794] [M]: 0x0000000080001BF4 (0x2BF5B423) sd t6, 0x2a8(a1)
mem[0x0000000080005448] <- 0x0000008000000000

mem[X,0x0000000080001BF8] -> 0x0F37
mem[X,0x0000000080001BFA] -> 0x0800
[1795] [M]: 0x0000000080001BF8 (0x08000F37) lui t5, 0x8000
x30 <- 0x0000000008000000

mem[X,0x0000000080001BFC] -> 0x0F13
mem[X,0x0000000080001BFE] -> 0x000F
[1796] [M]: 0x0000000080001BFC (0x000F0F13) addi t5, t5, 0x0
x30 <- 0x0000000008000000

mem[X,0x0000000080001C00] -> 0x1F13
mem[X,0x0000000080001C02] -> 0x00BF
[1797] [M]: 0x0000000080001C00 (0x00BF1F13) slli t5, t5, 0xb
x30 <- 0x0000004000000000

mem[X,0x0000000080001C04] -> 0x0F13
mem[X,0x0000000080001C06] -> 0x1FFF
[1798] [M]: 0x0000000080001C04 (0x1FFF0F13) addi t5, t5, 0x1ff
x30 <- 0x00000040000001FF

mem[X,0x0000000080001C08] -> 0x1F13
mem[X,0x0000000080001C0A] -> 0x00BF
[1799] [M]: 0x0000000080001C08 (0x00BF1F13) slli t5, t5, 0xb
x30 <- 0x00020000000FF800

clint::tick mtime <- 0x0000000000000012
 clint timer pending at mtime 0x0000000000000012
htif::tick 0x0000000000000000
mem[X,0x0000000080001C0C] -> 0x0F13
mem[X,0x0000000080001C0E] -> 0x7FFF
[1800] [M]: 0x0000000080001C0C (0x7FFF0F13) addi t5, t5, 0x7ff
x30 <- 0x00020000000FFFFF

mem[X,0x0000000080001C10] -> 0x1F13
mem[X,0x0000000080001C12] -> 0x00AF
[1801] [M]: 0x0000000080001C10 (0x00AF1F13) slli t5, t5, 0xa
x30 <- 0x080000003FFFFC00

mem[X,0x0000000080001C14] -> 0x0F13
mem[X,0x0000000080001C16] -> 0x3FFF
[1802] [M]: 0x0000000080001C14 (0x3FFF0F13) addi t5, t5, 0x3ff
x30 <- 0x080000003FFFFFFF

mem[X,0x0000000080001C18] -> 0x0EB7
mem[X,0x0000000080001C1A] -> 0x0000
[1803] [M]: 0x0000000080001C18 (0x00000EB7) lui t4, 0x0
x29 <- 0x0000000000000000

mem[X,0x0000000080001C1C] -> 0x8E93
mem[X,0x0000000080001C1E] -> 0x001E
[1804] [M]: 0x0000000080001C1C (0x001E8E93) addi t4, t4, 0x1
x29 <- 0x0000000000000001

mem[X,0x0000000080001C20] -> 0x9E93
mem[X,0x0000000080001C22] -> 0x00BE
[1805] [M]: 0x0000000080001C20 (0x00BE9E93) slli t4, t4, 0xb
x29 <- 0x0000000000000800

mem[X,0x0000000080001C24] -> 0x8E93
mem[X,0x0000000080001C26] -> 0x555E
[1806] [M]: 0x0000000080001C24 (0x555E8E93) addi t4, t4, 0x555
x29 <- 0x0000000000000D55

mem[X,0x0000000080001C28] -> 0x9E93
mem[X,0x0000000080001C2A] -> 0x00BE
[1807] [M]: 0x0000000080001C28 (0x00BE9E93) slli t4, t4, 0xb
x29 <- 0x00000000006AA800

mem[X,0x0000000080001C2C] -> 0x8E93
mem[X,0x0000000080001C2E] -> 0x2AAE
[1808] [M]: 0x0000000080001C2C (0x2AAE8E93) addi t4, t4, 0x2aa
x29 <- 0x00000000006AAAAA

mem[X,0x0000000080001C30] -> 0x9E93
mem[X,0x0000000080001C32] -> 0x00AE
[1809] [M]: 0x0000000080001C30 (0x00AE9E93) slli t4, t4, 0xa
x29 <- 0x00000001AAAAA800

mem[X,0x0000000080001C34] -> 0x8E93
mem[X,0x0000000080001C36] -> 0x2AAE
[1810] [M]: 0x0000000080001C34 (0x2AAE8E93) addi t4, t4, 0x2aa
x29 <- 0x00000001AAAAAAAA

mem[X,0x0000000080001C38] -> 0x2F9B
mem[X,0x0000000080001C3A] -> 0xFFDF
[1811] [M]: 0x0000000080001C38 (0xFFDF2F9B) shar t6, t5, t4
x31 <- 0x0000002000000100

mem[X,0x0000000080001C3C] -> 0xB823
mem[X,0x0000000080001C3E] -> 0x2BF5
[1812] [M]: 0x0000000080001C3C (0x2BF5B823) sd t6, 0x2b0(a1)
mem[0x0000000080005450] <- 0x0000002000000100

mem[X,0x0000000080001C40] -> 0x0F37
mem[X,0x0000000080001C42] -> 0x0000
[1813] [M]: 0x0000000080001C40 (0x00000F37) lui t5, 0x0
x30 <- 0x0000000000000000

mem[X,0x0000000080001C44] -> 0x0F13
mem[X,0x0000000080001C46] -> 0xFFEF
[1814] [M]: 0x0000000080001C44 (0xFFEF0F13) addi t5, t5, -0x2
x30 <- 0xFFFFFFFFFFFFFFFE

mem[X,0x0000000080001C48] -> 0x1F13
mem[X,0x0000000080001C4A] -> 0x00BF
[1815] [M]: 0x0000000080001C48 (0x00BF1F13) slli t5, t5, 0xb
x30 <- 0xFFFFFFFFFFFFF000

mem[X,0x0000000080001C4C] -> 0x0F13
mem[X,0x0000000080001C4E] -> 0x7FFF
[1816] [M]: 0x0000000080001C4C (0x7FFF0F13) addi t5, t5, 0x7ff
x30 <- 0xFFFFFFFFFFFFF7FF

mem[X,0x0000000080001C50] -> 0x1F13
mem[X,0x0000000080001C52] -> 0x00BF
[1817] [M]: 0x0000000080001C50 (0x00BF1F13) slli t5, t5, 0xb
x30 <- 0xFFFFFFFFFFBFF800

mem[X,0x0000000080001C54] -> 0x0F13
mem[X,0x0000000080001C56] -> 0x7FFF
[1818] [M]: 0x0000000080001C54 (0x7FFF0F13) addi t5, t5, 0x7ff
x30 <- 0xFFFFFFFFFFBFFFFF

mem[X,0x0000000080001C58] -> 0x1F13
mem[X,0x0000000080001C5A] -> 0x00AF
[1819] [M]: 0x0000000080001C58 (0x00AF1F13) slli t5, t5, 0xa
x30 <- 0xFFFFFFFEFFFFFC00

mem[X,0x0000000080001C5C] -> 0x0F13
mem[X,0x0000000080001C5E] -> 0x3FCF
[1820] [M]: 0x0000000080001C5C (0x3FCF0F13) addi t5, t5, 0x3fc
x30 <- 0xFFFFFFFEFFFFFFFC

mem[X,0x0000000080001C60] -> 0x0EB7
mem[X,0x0000000080001C62] -> 0x2000
[1821] [M]: 0x0000000080001C60 (0x20000EB7) lui t4, 0x20000
x29 <- 0x0000000020000000

mem[X,0x0000000080001C64] -> 0x8E93
mem[X,0x0000000080001C66] -> 0x001E
[1822] [M]: 0x0000000080001C64 (0x001E8E93) addi t4, t4, 0x1
x29 <- 0x0000000020000001

mem[X,0x0000000080001C68] -> 0x9E93
mem[X,0x0000000080001C6A] -> 0x006E
[1823] [M]: 0x0000000080001C68 (0x006E9E93) slli t4, t4, 0x6
x29 <- 0x0000000800000040

mem[X,0x0000000080001C6C] -> 0x2F9B
mem[X,0x0000000080001C6E] -> 0xFFDF
[1824] [M]: 0x0000000080001C6C (0xFFDF2F9B) shar t6, t5, t4
x31 <- 0xFFFFFFFEFFFFFFFC

mem[X,0x0000000080001C70] -> 0xBC23
mem[X,0x0000000080001C72] -> 0x2BF5
[1825] [M]: 0x0000000080001C70 (0x2BF5BC23) sd t6, 0x2b8(a1)
mem[0x0000000080005458] <- 0xFFFFFFFEFFFFFFFC

mem[X,0x0000000080001C74] -> 0x1F37
mem[X,0x0000000080001C76] -> 0x0000
[1826] [M]: 0x0000000080001C74 (0x00001F37) lui t5, 0x1
x30 <- 0x0000000000001000

mem[X,0x0000000080001C78] -> 0x0F13
mem[X,0x0000000080001C7A] -> 0x000F
[1827] [M]: 0x0000000080001C78 (0x000F0F13) addi t5, t5, 0x0
x30 <- 0x0000000000001000

mem[X,0x0000000080001C7C] -> 0x1F13
mem[X,0x0000000080001C7E] -> 0x00BF
[1828] [M]: 0x0000000080001C7C (0x00BF1F13) slli t5, t5, 0xb
x30 <- 0x0000000000800000

mem[X,0x0000000080001C80] -> 0x0F13
mem[X,0x0000000080001C82] -> 0x7FFF
[1829] [M]: 0x0000000080001C80 (0x7FFF0F13) addi t5, t5, 0x7ff
x30 <- 0x00000000008007FF

mem[X,0x0000000080001C84] -> 0x1F13
mem[X,0x0000000080001C86] -> 0x00BF
[1830] [M]: 0x0000000080001C84 (0x00BF1F13) slli t5, t5, 0xb
x30 <- 0x00000004003FF800

mem[X,0x0000000080001C88] -> 0x0F13
mem[X,0x0000000080001C8A] -> 0x5FFF
[1831] [M]: 0x0000000080001C88 (0x5FFF0F13) addi t5, t5, 0x5ff
x30 <- 0x00000004003FFDFF

mem[X,0x0000000080001C8C] -> 0x1F13
mem[X,0x0000000080001C8E] -> 0x00AF
[1832] [M]: 0x0000000080001C8C (0x00AF1F13) slli t5, t5, 0xa
x30 <- 0x00001000FFF7FC00

mem[X,0x0000000080001C90] -> 0x0F13
mem[X,0x0000000080001C92] -> 0x3FFF
[1833] [M]: 0x0000000080001C90 (0x3FFF0F13) addi t5, t5, 0x3ff
x30 <- 0x00001000FFF7FFFF

mem[X,0x0000000080001C94] -> 0x0E93
mem[X,0x0000000080001C96] -> 0x1010
[1834] [M]: 0x0000000080001C94 (0x10100E93) addi t4, zero, 0x101
x29 <- 0x0000000000000101

mem[X,0x0000000080001C98] -> 0x9E93
mem[X,0x0000000080001C9A] -> 0x01CE
[1835] [M]: 0x0000000080001C98 (0x01CE9E93) slli t4, t4, 0x1c
x29 <- 0x0000001010000000

mem[X,0x0000000080001C9C] -> 0x2F9B
mem[X,0x0000000080001C9E] -> 0xFFDF
[1836] [M]: 0x0000000080001C9C (0xFFDF2F9B) shar t6, t5, t4
x31 <- 0x00001000FFF7FFFF

mem[X,0x0000000080001CA0] -> 0xB023
mem[X,0x0000000080001CA2] -> 0x2DF5
[1837] [M]: 0x0000000080001CA0 (0x2DF5B023) sd t6, 0x2c0(a1)
mem[0x0000000080005460] <- 0x00001000FFF7FFFF

mem[X,0x0000000080001CA4] -> 0x4F37
mem[X,0x0000000080001CA6] -> 0x0000
[1838] [M]: 0x0000000080001CA4 (0x00004F37) lui t5, 0x4
x30 <- 0x0000000000004000

mem[X,0x0000000080001CA8] -> 0x0F13
mem[X,0x0000000080001CAA] -> 0x000F
[1839] [M]: 0x0000000080001CA8 (0x000F0F13) addi t5, t5, 0x0
x30 <- 0x0000000000004000

mem[X,0x0000000080001CAC] -> 0x1F13
mem[X,0x0000000080001CAE] -> 0x00BF
[1840] [M]: 0x0000000080001CAC (0x00BF1F13) slli t5, t5, 0xb
x30 <- 0x0000000002000000

mem[X,0x0000000080001CB0] -> 0x0F13
mem[X,0x0000000080001CB2] -> 0x000F
[1841] [M]: 0x0000000080001CB0 (0x000F0F13) addi t5, t5, 0x0
x30 <- 0x0000000002000000

mem[X,0x0000000080001CB4] -> 0x1F13
mem[X,0x0000000080001CB6] -> 0x00BF
[1842] [M]: 0x0000000080001CB4 (0x00BF1F13) slli t5, t5, 0xb
x30 <- 0x0000001000000000

mem[X,0x0000000080001CB8] -> 0x0F13
mem[X,0x0000000080001CBA] -> 0x000F
[1843] [M]: 0x0000000080001CB8 (0x000F0F13) addi t5, t5, 0x0
x30 <- 0x0000001000000000

mem[X,0x0000000080001CBC] -> 0x1F13
mem[X,0x0000000080001CBE] -> 0x00AF
[1844] [M]: 0x0000000080001CBC (0x00AF1F13) slli t5, t5, 0xa
x30 <- 0x0000400000000000

mem[X,0x0000000080001CC0] -> 0x0F13
mem[X,0x0000000080001CC2] -> 0x007F
[1845] [M]: 0x0000000080001CC0 (0x007F0F13) addi t5, t5, 0x7
x30 <- 0x0000400000000007

mem[X,0x0000000080001CC4] -> 0x0EB7
mem[X,0x0000000080001CC6] -> 0x0002
[1846] [M]: 0x0000000080001CC4 (0x00020EB7) lui t4, 0x20
x29 <- 0x0000000000020000

mem[X,0x0000000080001CC8] -> 0x8E93
mem[X,0x0000000080001CCA] -> 0x001E
[1847] [M]: 0x0000000080001CC8 (0x001E8E93) addi t4, t4, 0x1
x29 <- 0x0000000000020001

mem[X,0x0000000080001CCC] -> 0x9E93
mem[X,0x0000000080001CCE] -> 0x018E
[1848] [M]: 0x0000000080001CCC (0x018E9E93) slli t4, t4, 0x18
x29 <- 0x0000020001000000

mem[X,0x0000000080001CD0] -> 0x2F9B
mem[X,0x0000000080001CD2] -> 0xFFDF
[1849] [M]: 0x0000000080001CD0 (0xFFDF2F9B) shar t6, t5, t4
x31 <- 0x0000400000000007

mem[X,0x0000000080001CD4] -> 0xB423
mem[X,0x0000000080001CD6] -> 0x2DF5
[1850] [M]: 0x0000000080001CD4 (0x2DF5B423) sd t6, 0x2c8(a1)
mem[0x0000000080005468] <- 0x0000400000000007

mem[X,0x0000000080001CD8] -> 0x0F37
mem[X,0x0000000080001CDA] -> 0x0000
[1851] [M]: 0x0000000080001CD8 (0x00000F37) lui t5, 0x0
x30 <- 0x0000000000000000

mem[X,0x0000000080001CDC] -> 0x0F13
mem[X,0x0000000080001CDE] -> 0x003F
[1852] [M]: 0x0000000080001CDC (0x003F0F13) addi t5, t5, 0x3
x30 <- 0x0000000000000003

mem[X,0x0000000080001CE0] -> 0x1F13
mem[X,0x0000000080001CE2] -> 0x00BF
[1853] [M]: 0x0000000080001CE0 (0x00BF1F13) slli t5, t5, 0xb
x30 <- 0x0000000000001800

mem[X,0x0000000080001CE4] -> 0x0F13
mem[X,0x0000000080001CE6] -> 0x000F
[1854] [M]: 0x0000000080001CE4 (0x000F0F13) addi t5, t5, 0x0
x30 <- 0x0000000000001800

mem[X,0x0000000080001CE8] -> 0x1F13
mem[X,0x0000000080001CEA] -> 0x00BF
[1855] [M]: 0x0000000080001CE8 (0x00BF1F13) slli t5, t5, 0xb
x30 <- 0x0000000000C00000

mem[X,0x0000000080001CEC] -> 0x0F13
mem[X,0x0000000080001CEE] -> 0x000F
[1856] [M]: 0x0000000080001CEC (0x000F0F13) addi t5, t5, 0x0
x30 <- 0x0000000000C00000

mem[X,0x0000000080001CF0] -> 0x1F13
mem[X,0x0000000080001CF2] -> 0x00AF
[1857] [M]: 0x0000000080001CF0 (0x00AF1F13) slli t5, t5, 0xa
x30 <- 0x0000000300000000

mem[X,0x0000000080001CF4] -> 0x0F13
mem[X,0x0000000080001CF6] -> 0x001F
[1858] [M]: 0x0000000080001CF4 (0x001F0F13) addi t5, t5, 0x1
x30 <- 0x0000000300000001

mem[X,0x0000000080001CF8] -> 0x0EB7
mem[X,0x0000000080001CFA] -> 0x0000
[1859] [M]: 0x0000000080001CF8 (0x00000EB7) lui t4, 0x0
x29 <- 0x0000000000000000

mem[X,0x0000000080001CFC] -> 0x8E93
mem[X,0x0000000080001CFE] -> 0x080E
[1860] [M]: 0x0000000080001CFC (0x080E8E93) addi t4, t4, 0x80
x29 <- 0x0000000000000080

mem[X,0x0000000080001D00] -> 0x9E93
mem[X,0x0000000080001D02] -> 0x00BE
[1861] [M]: 0x0000000080001D00 (0x00BE9E93) slli t4, t4, 0xb
x29 <- 0x0000000000040000

mem[X,0x0000000080001D04] -> 0x8E93
mem[X,0x0000000080001D06] -> 0x7FFE
[1862] [M]: 0x0000000080001D04 (0x7FFE8E93) addi t4, t4, 0x7ff
x29 <- 0x00000000000407FF

mem[X,0x0000000080001D08] -> 0x9E93
mem[X,0x0000000080001D0A] -> 0x00BE
[1863] [M]: 0x0000000080001D08 (0x00BE9E93) slli t4, t4, 0xb
x29 <- 0x00000000203FF800

mem[X,0x0000000080001D0C] -> 0x8E93
mem[X,0x0000000080001D0E] -> 0x7FBE
[1864] [M]: 0x0000000080001D0C (0x7FBE8E93) addi t4, t4, 0x7fb
x29 <- 0x00000000203FFFFB

mem[X,0x0000000080001D10] -> 0x9E93
mem[X,0x0000000080001D12] -> 0x00AE
[1865] [M]: 0x0000000080001D10 (0x00AE9E93) slli t4, t4, 0xa
x29 <- 0x00000080FFFFEC00

mem[X,0x0000000080001D14] -> 0x8E93
mem[X,0x0000000080001D16] -> 0x3FFE
[1866] [M]: 0x0000000080001D14 (0x3FFE8E93) addi t4, t4, 0x3ff
x29 <- 0x00000080FFFFEFFF

mem[X,0x0000000080001D18] -> 0x2F9B
mem[X,0x0000000080001D1A] -> 0xFFDF
[1867] [M]: 0x0000000080001D18 (0xFFDF2F9B) shar t6, t5, t4
x31 <- 0x0000000180000001

mem[X,0x0000000080001D1C] -> 0xB823
mem[X,0x0000000080001D1E] -> 0x2DF5
[1868] [M]: 0x0000000080001D1C (0x2DF5B823) sd t6, 0x2d0(a1)
mem[0x0000000080005470] <- 0x0000000180000001

mem[X,0x0000000080001D20] -> 0x0F37
mem[X,0x0000000080001D22] -> 0x0004
[1869] [M]: 0x0000000080001D20 (0x00040F37) lui t5, 0x40
x30 <- 0x0000000000040000

mem[X,0x0000000080001D24] -> 0x0F13
mem[X,0x0000000080001D26] -> 0x003F
[1870] [M]: 0x0000000080001D24 (0x003F0F13) addi t5, t5, 0x3
x30 <- 0x0000000000040003

mem[X,0x0000000080001D28] -> 0x1F13
mem[X,0x0000000080001D2A] -> 0x01EF
[1871] [M]: 0x0000000080001D28 (0x01EF1F13) slli t5, t5, 0x1e
x30 <- 0x00010000C0000000

mem[X,0x0000000080001D2C] -> 0x1EB7
mem[X,0x0000000080001D2E] -> 0x0000
[1872] [M]: 0x0000000080001D2C (0x00001EB7) lui t4, 0x1
x29 <- 0x0000000000001000

mem[X,0x0000000080001D30] -> 0x8E93
mem[X,0x0000000080001D32] -> 0x000E
[1873] [M]: 0x0000000080001D30 (0x000E8E93) addi t4, t4, 0x0
x29 <- 0x0000000000001000

mem[X,0x0000000080001D34] -> 0x9E93
mem[X,0x0000000080001D36] -> 0x00BE
[1874] [M]: 0x0000000080001D34 (0x00BE9E93) slli t4, t4, 0xb
x29 <- 0x0000000000800000

mem[X,0x0000000080001D38] -> 0x8E93
mem[X,0x0000000080001D3A] -> 0x7FFE
[1875] [M]: 0x0000000080001D38 (0x7FFE8E93) addi t4, t4, 0x7ff
x29 <- 0x00000000008007FF

mem[X,0x0000000080001D3C] -> 0x9E93
mem[X,0x0000000080001D3E] -> 0x00BE
[1876] [M]: 0x0000000080001D3C (0x00BE9E93) slli t4, t4, 0xb
x29 <- 0x00000004003FF800

mem[X,0x0000000080001D40] -> 0x8E93
mem[X,0x0000000080001D42] -> 0x7FFE
[1877] [M]: 0x0000000080001D40 (0x7FFE8E93) addi t4, t4, 0x7ff
x29 <- 0x00000004003FFFFF

mem[X,0x0000000080001D44] -> 0x9E93
mem[X,0x0000000080001D46] -> 0x00AE
[1878] [M]: 0x0000000080001D44 (0x00AE9E93) slli t4, t4, 0xa
x29 <- 0x00001000FFFFFC00

mem[X,0x0000000080001D48] -> 0x8E93
mem[X,0x0000000080001D4A] -> 0x37FE
[1879] [M]: 0x0000000080001D48 (0x37FE8E93) addi t4, t4, 0x37f
x29 <- 0x00001000FFFFFF7F

mem[X,0x0000000080001D4C] -> 0x2F9B
mem[X,0x0000000080001D4E] -> 0xFFDF
[1880] [M]: 0x0000000080001D4C (0xFFDF2F9B) shar t6, t5, t4
x31 <- 0x0000800060000000

mem[X,0x0000000080001D50] -> 0xBC23
mem[X,0x0000000080001D52] -> 0x2DF5
[1881] [M]: 0x0000000080001D50 (0x2DF5BC23) sd t6, 0x2d8(a1)
mem[0x0000000080005478] <- 0x0000800060000000

mem[X,0x0000000080001D54] -> 0x0F37
mem[X,0x0000000080001D56] -> 0xF000
[1882] [M]: 0x0000000080001D54 (0xF0000F37) lui t5, -0x10000
x30 <- 0xFFFFFFFFF0000000

mem[X,0x0000000080001D58] -> 0x0F13
mem[X,0x0000000080001D5A] -> 0xFFFF
[1883] [M]: 0x0000000080001D58 (0xFFFF0F13) addi t5, t5, -0x1
x30 <- 0xFFFFFFFFEFFFFFFF

mem[X,0x0000000080001D5C] -> 0x1F13
mem[X,0x0000000080001D5E] -> 0x00BF
[1884] [M]: 0x0000000080001D5C (0x00BF1F13) slli t5, t5, 0xb
x30 <- 0xFFFFFF7FFFFFF800

mem[X,0x0000000080001D60] -> 0x0F13
mem[X,0x0000000080001D62] -> 0x000F
[1885] [M]: 0x0000000080001D60 (0x000F0F13) addi t5, t5, 0x0
x30 <- 0xFFFFFF7FFFFFF800

mem[X,0x0000000080001D64] -> 0x1F13
mem[X,0x0000000080001D66] -> 0x00BF
[1886] [M]: 0x0000000080001D64 (0x00BF1F13) slli t5, t5, 0xb
x30 <- 0xFFFBFFFFFFC00000

mem[X,0x0000000080001D68] -> 0x0F13
mem[X,0x0000000080001D6A] -> 0x000F
[1887] [M]: 0x0000000080001D68 (0x000F0F13) addi t5, t5, 0x0
x30 <- 0xFFFBFFFFFFC00000

mem[X,0x0000000080001D6C] -> 0x1F13
mem[X,0x0000000080001D6E] -> 0x00AF
[1888] [M]: 0x0000000080001D6C (0x00AF1F13) slli t5, t5, 0xa
x30 <- 0xEFFFFFFF00000000

mem[X,0x0000000080001D70] -> 0x1EB7
mem[X,0x0000000080001D72] -> 0x0000
[1889] [M]: 0x0000000080001D70 (0x00001EB7) lui t4, 0x1
x29 <- 0x0000000000001000

mem[X,0x0000000080001D74] -> 0x8E93
mem[X,0x0000000080001D76] -> 0x800E
[1890] [M]: 0x0000000080001D74 (0x800E8E93) addi t4, t4, -0x800
x29 <- 0x0000000000000800

mem[X,0x0000000080001D78] -> 0x9E93
mem[X,0x0000000080001D7A] -> 0x00BE
[1891] [M]: 0x0000000080001D78 (0x00BE9E93) slli t4, t4, 0xb
x29 <- 0x0000000000400000

mem[X,0x0000000080001D7C] -> 0x8E93
mem[X,0x0000000080001D7E] -> 0x7EFE
[1892] [M]: 0x0000000080001D7C (0x7EFE8E93) addi t4, t4, 0x7ef
x29 <- 0x00000000004007EF

mem[X,0x0000000080001D80] -> 0x9E93
mem[X,0x0000000080001D82] -> 0x00BE
[1893] [M]: 0x0000000080001D80 (0x00BE9E93) slli t4, t4, 0xb
x29 <- 0x00000002003F7800

mem[X,0x0000000080001D84] -> 0x8E93
mem[X,0x0000000080001D86] -> 0x7FFE
[1894] [M]: 0x0000000080001D84 (0x7FFE8E93) addi t4, t4, 0x7ff
x29 <- 0x00000002003F7FFF

mem[X,0x0000000080001D88] -> 0x9E93
mem[X,0x0000000080001D8A] -> 0x00AE
[1895] [M]: 0x0000000080001D88 (0x00AE9E93) slli t4, t4, 0xa
x29 <- 0x00000800FDFFFC00

mem[X,0x0000000080001D8C] -> 0x8E93
mem[X,0x0000000080001D8E] -> 0x3FFE
[1896] [M]: 0x0000000080001D8C (0x3FFE8E93) addi t4, t4, 0x3ff
x29 <- 0x00000800FDFFFFFF

mem[X,0x0000000080001D90] -> 0x2F9B
mem[X,0x0000000080001D92] -> 0xFFDF
[1897] [M]: 0x0000000080001D90 (0xFFDF2F9B) shar t6, t5, t4
x31 <- 0xF7FFFFFF80000000

mem[X,0x0000000080001D94] -> 0xB023
mem[X,0x0000000080001D96] -> 0x2FF5
[1898] [M]: 0x0000000080001D94 (0x2FF5B023) sd t6, 0x2e0(a1)
mem[0x0000000080005480] <- 0xF7FFFFFF80000000

mem[X,0x0000000080001D98] -> 0x0F37
mem[X,0x0000000080001D9A] -> 0x0010
[1899] [M]: 0x0000000080001D98 (0x00100F37) lui t5, 0x100
x30 <- 0x0000000000100000

clint::tick mtime <- 0x0000000000000013
 clint timer pending at mtime 0x0000000000000013
htif::tick 0x0000000000000000
mem[X,0x0000000080001D9C] -> 0x0F13
mem[X,0x0000000080001D9E] -> 0x000F
[1900] [M]: 0x0000000080001D9C (0x000F0F13) addi t5, t5, 0x0
x30 <- 0x0000000000100000

mem[X,0x0000000080001DA0] -> 0x1F13
mem[X,0x0000000080001DA2] -> 0x00BF
[1901] [M]: 0x0000000080001DA0 (0x00BF1F13) slli t5, t5, 0xb
x30 <- 0x0000000080000000

mem[X,0x0000000080001DA4] -> 0x0F13
mem[X,0x0000000080001DA6] -> 0x7FFF
[1902] [M]: 0x0000000080001DA4 (0x7FFF0F13) addi t5, t5, 0x7ff
x30 <- 0x00000000800007FF

mem[X,0x0000000080001DA8] -> 0x1F13
mem[X,0x0000000080001DAA] -> 0x00BF
[1903] [M]: 0x0000000080001DA8 (0x00BF1F13) slli t5, t5, 0xb
x30 <- 0x00000400003FF800

mem[X,0x0000000080001DAC] -> 0x0F13
mem[X,0x0000000080001DAE] -> 0x7FFF
[1904] [M]: 0x0000000080001DAC (0x7FFF0F13) addi t5, t5, 0x7ff
x30 <- 0x00000400003FFFFF

mem[X,0x0000000080001DB0] -> 0x1F13
mem[X,0x0000000080001DB2] -> 0x00AF
[1905] [M]: 0x0000000080001DB0 (0x00AF1F13) slli t5, t5, 0xa
x30 <- 0x00100000FFFFFC00

mem[X,0x0000000080001DB4] -> 0x0F13
mem[X,0x0000000080001DB6] -> 0x3FEF
[1906] [M]: 0x0000000080001DB4 (0x3FEF0F13) addi t5, t5, 0x3fe
x30 <- 0x00100000FFFFFFFE

mem[X,0x0000000080001DB8] -> 0xCEB7
mem[X,0x0000000080001DBA] -> 0xFFFF
[1907] [M]: 0x0000000080001DB8 (0xFFFFCEB7) lui t4, -0x4
x29 <- 0xFFFFFFFFFFFFC000

mem[X,0x0000000080001DBC] -> 0x8E93
mem[X,0x0000000080001DBE] -> 0xFFFE
[1908] [M]: 0x0000000080001DBC (0xFFFE8E93) addi t4, t4, -0x1
x29 <- 0xFFFFFFFFFFFFBFFF

mem[X,0x0000000080001DC0] -> 0x9E93
mem[X,0x0000000080001DC2] -> 0x00BE
[1909] [M]: 0x0000000080001DC0 (0x00BE9E93) slli t4, t4, 0xb
x29 <- 0xFFFFFFFFFDFFF800

mem[X,0x0000000080001DC4] -> 0x8E93
mem[X,0x0000000080001DC6] -> 0x600E
[1910] [M]: 0x0000000080001DC4 (0x600E8E93) addi t4, t4, 0x600
x29 <- 0xFFFFFFFFFDFFFE00

mem[X,0x0000000080001DC8] -> 0x9E93
mem[X,0x0000000080001DCA] -> 0x00BE
[1911] [M]: 0x0000000080001DC8 (0x00BE9E93) slli t4, t4, 0xb
x29 <- 0xFFFFFFEFFFF00000

mem[X,0x0000000080001DCC] -> 0x8E93
mem[X,0x0000000080001DCE] -> 0x000E
[1912] [M]: 0x0000000080001DCC (0x000E8E93) addi t4, t4, 0x0
x29 <- 0xFFFFFFEFFFF00000

mem[X,0x0000000080001DD0] -> 0x9E93
mem[X,0x0000000080001DD2] -> 0x00AE
[1913] [M]: 0x0000000080001DD0 (0x00AE9E93) slli t4, t4, 0xa
x29 <- 0xFFFFBFFFC0000000

mem[X,0x0000000080001DD4] -> 0x2F9B
mem[X,0x0000000080001DD6] -> 0xFFDF
[1914] [M]: 0x0000000080001DD4 (0xFFDF2F9B) shar t6, t5, t4
x31 <- 0x00100000FFFFFFFE

mem[X,0x0000000080001DD8] -> 0xB423
mem[X,0x0000000080001DDA] -> 0x2FF5
[1915] [M]: 0x0000000080001DD8 (0x2FF5B423) sd t6, 0x2e8(a1)
mem[0x0000000080005488] <- 0x00100000FFFFFFFE

mem[X,0x0000000080001DDC] -> 0x0F37
mem[X,0x0000000080001DDE] -> 0x1000
[1916] [M]: 0x0000000080001DDC (0x10000F37) lui t5, 0x10000
x30 <- 0x0000000010000000

mem[X,0x0000000080001DE0] -> 0x0F13
mem[X,0x0000000080001DE2] -> 0x001F
[1917] [M]: 0x0000000080001DE0 (0x001F0F13) addi t5, t5, 0x1
x30 <- 0x0000000010000001

mem[X,0x0000000080001DE4] -> 0x1F13
mem[X,0x0000000080001DE6] -> 0x01BF
[1918] [M]: 0x0000000080001DE4 (0x01BF1F13) slli t5, t5, 0x1b
x30 <- 0x0080000008000000

mem[X,0x0000000080001DE8] -> 0x0EB7
mem[X,0x0000000080001DEA] -> 0xC000
[1919] [M]: 0x0000000080001DE8 (0xC0000EB7) lui t4, -0x40000
x29 <- 0xFFFFFFFFC0000000

mem[X,0x0000000080001DEC] -> 0x8E93
mem[X,0x0000000080001DEE] -> 0xFFFE
[1920] [M]: 0x0000000080001DEC (0xFFFE8E93) addi t4, t4, -0x1
x29 <- 0xFFFFFFFFBFFFFFFF

mem[X,0x0000000080001DF0] -> 0x9E93
mem[X,0x0000000080001DF2] -> 0x00BE
[1921] [M]: 0x0000000080001DF0 (0x00BE9E93) slli t4, t4, 0xb
x29 <- 0xFFFFFDFFFFFFF800

mem[X,0x0000000080001DF4] -> 0x8E93
mem[X,0x0000000080001DF6] -> 0x7FFE
[1922] [M]: 0x0000000080001DF4 (0x7FFE8E93) addi t4, t4, 0x7ff
x29 <- 0xFFFFFDFFFFFFFFFF

mem[X,0x0000000080001DF8] -> 0x9E93
mem[X,0x0000000080001DFA] -> 0x00BE
[1923] [M]: 0x0000000080001DF8 (0x00BE9E93) slli t4, t4, 0xb
x29 <- 0xFFEFFFFFFFFFF800

mem[X,0x0000000080001DFC] -> 0x8E93
mem[X,0x0000000080001DFE] -> 0x7DFE
[1924] [M]: 0x0000000080001DFC (0x7DFE8E93) addi t4, t4, 0x7df
x29 <- 0xFFEFFFFFFFFFFFDF

mem[X,0x0000000080001E00] -> 0x9E93
mem[X,0x0000000080001E02] -> 0x00AE
[1925] [M]: 0x0000000080001E00 (0x00AE9E93) slli t4, t4, 0xa
x29 <- 0xBFFFFFFFFFFF7C00

mem[X,0x0000000080001E04] -> 0x8E93
mem[X,0x0000000080001E06] -> 0x3FFE
[1926] [M]: 0x0000000080001E04 (0x3FFE8E93) addi t4, t4, 0x3ff
x29 <- 0xBFFFFFFFFFFF7FFF

mem[X,0x0000000080001E08] -> 0x2F9B
mem[X,0x0000000080001E0A] -> 0xFFDF
[1927] [M]: 0x0000000080001E08 (0xFFDF2F9B) shar t6, t5, t4
x31 <- 0x0040000004000000

mem[X,0x0000000080001E0C] -> 0xB823
mem[X,0x0000000080001E0E] -> 0x2FF5
[1928] [M]: 0x0000000080001E0C (0x2FF5B823) sd t6, 0x2f0(a1)
mem[0x0000000080005490] <- 0x0040000004000000

mem[X,0x0000000080001E10] -> 0x0F37
mem[X,0x0000000080001E12] -> 0x0000
[1929] [M]: 0x0000000080001E10 (0x00000F37) lui t5, 0x0
x30 <- 0x0000000000000000

mem[X,0x0000000080001E14] -> 0x0F13
mem[X,0x0000000080001E16] -> 0x003F
[1930] [M]: 0x0000000080001E14 (0x003F0F13) addi t5, t5, 0x3
x30 <- 0x0000000000000003

mem[X,0x0000000080001E18] -> 0x1F13
mem[X,0x0000000080001E1A] -> 0x00BF
[1931] [M]: 0x0000000080001E18 (0x00BF1F13) slli t5, t5, 0xb
x30 <- 0x0000000000001800

mem[X,0x0000000080001E1C] -> 0x0F13
mem[X,0x0000000080001E1E] -> 0x7FFF
[1932] [M]: 0x0000000080001E1C (0x7FFF0F13) addi t5, t5, 0x7ff
x30 <- 0x0000000000001FFF

mem[X,0x0000000080001E20] -> 0x1F13
mem[X,0x0000000080001E22] -> 0x00BF
[1933] [M]: 0x0000000080001E20 (0x00BF1F13) slli t5, t5, 0xb
x30 <- 0x0000000000FFF800

mem[X,0x0000000080001E24] -> 0x0F13
mem[X,0x0000000080001E26] -> 0x7BFF
[1934] [M]: 0x0000000080001E24 (0x7BFF0F13) addi t5, t5, 0x7bf
x30 <- 0x0000000000FFFFBF

mem[X,0x0000000080001E28] -> 0x1F13
mem[X,0x0000000080001E2A] -> 0x00AF
[1935] [M]: 0x0000000080001E28 (0x00AF1F13) slli t5, t5, 0xa
x30 <- 0x00000003FFFEFC00

mem[X,0x0000000080001E2C] -> 0x0F13
mem[X,0x0000000080001E2E] -> 0x3FFF
[1936] [M]: 0x0000000080001E2C (0x3FFF0F13) addi t5, t5, 0x3ff
x30 <- 0x00000003FFFEFFFF

mem[X,0x0000000080001E30] -> 0x0EB7
mem[X,0x0000000080001E32] -> 0x0004
[1937] [M]: 0x0000000080001E30 (0x00040EB7) lui t4, 0x40
x29 <- 0x0000000000040000

mem[X,0x0000000080001E34] -> 0x8E93
mem[X,0x0000000080001E36] -> 0x000E
[1938] [M]: 0x0000000080001E34 (0x000E8E93) addi t4, t4, 0x0
x29 <- 0x0000000000040000

mem[X,0x0000000080001E38] -> 0x9E93
mem[X,0x0000000080001E3A] -> 0x00BE
[1939] [M]: 0x0000000080001E38 (0x00BE9E93) slli t4, t4, 0xb
x29 <- 0x0000000020000000

mem[X,0x0000000080001E3C] -> 0x8E93
mem[X,0x0000000080001E3E] -> 0x000E
[1940] [M]: 0x0000000080001E3C (0x000E8E93) addi t4, t4, 0x0
x29 <- 0x0000000020000000

mem[X,0x0000000080001E40] -> 0x9E93
mem[X,0x0000000080001E42] -> 0x00BE
[1941] [M]: 0x0000000080001E40 (0x00BE9E93) slli t4, t4, 0xb
x29 <- 0x0000010000000000

mem[X,0x0000000080001E44] -> 0x8E93
mem[X,0x0000000080001E46] -> 0x000E
[1942] [M]: 0x0000000080001E44 (0x000E8E93) addi t4, t4, 0x0
x29 <- 0x0000010000000000

mem[X,0x0000000080001E48] -> 0x9E93
mem[X,0x0000000080001E4A] -> 0x00AE
[1943] [M]: 0x0000000080001E48 (0x00AE9E93) slli t4, t4, 0xa
x29 <- 0x0004000000000000

mem[X,0x0000000080001E4C] -> 0x8E93
mem[X,0x0000000080001E4E] -> 0x005E
[1944] [M]: 0x0000000080001E4C (0x005E8E93) addi t4, t4, 0x5
x29 <- 0x0004000000000005

mem[X,0x0000000080001E50] -> 0x2F9B
mem[X,0x0000000080001E52] -> 0xFFDF
[1945] [M]: 0x0000000080001E50 (0xFFDF2F9B) shar t6, t5, t4
x31 <- 0x0000007FFFDFFFE0

mem[X,0x0000000080001E54] -> 0xBC23
mem[X,0x0000000080001E56] -> 0x2FF5
[1946] [M]: 0x0000000080001E54 (0x2FF5BC23) sd t6, 0x2f8(a1)
mem[0x0000000080005498] <- 0x0000007FFFDFFFE0

mem[X,0x0000000080001E58] -> 0x0F37
mem[X,0x0000000080001E5A] -> 0x1000
[1947] [M]: 0x0000000080001E58 (0x10000F37) lui t5, 0x10000
x30 <- 0x0000000010000000

mem[X,0x0000000080001E5C] -> 0x0F13
mem[X,0x0000000080001E5E] -> 0x000F
[1948] [M]: 0x0000000080001E5C (0x000F0F13) addi t5, t5, 0x0
x30 <- 0x0000000010000000

mem[X,0x0000000080001E60] -> 0x1F13
mem[X,0x0000000080001E62] -> 0x00BF
[1949] [M]: 0x0000000080001E60 (0x00BF1F13) slli t5, t5, 0xb
x30 <- 0x0000008000000000

mem[X,0x0000000080001E64] -> 0x0F13
mem[X,0x0000000080001E66] -> 0x7FFF
[1950] [M]: 0x0000000080001E64 (0x7FFF0F13) addi t5, t5, 0x7ff
x30 <- 0x00000080000007FF

mem[X,0x0000000080001E68] -> 0x1F13
mem[X,0x0000000080001E6A] -> 0x00BF
[1951] [M]: 0x0000000080001E68 (0x00BF1F13) slli t5, t5, 0xb
x30 <- 0x00040000003FF800

mem[X,0x0000000080001E6C] -> 0x0F13
mem[X,0x0000000080001E6E] -> 0x7FFF
[1952] [M]: 0x0000000080001E6C (0x7FFF0F13) addi t5, t5, 0x7ff
x30 <- 0x00040000003FFFFF

mem[X,0x0000000080001E70] -> 0x1F13
mem[X,0x0000000080001E72] -> 0x00AF
[1953] [M]: 0x0000000080001E70 (0x00AF1F13) slli t5, t5, 0xa
x30 <- 0x10000000FFFFFC00

mem[X,0x0000000080001E74] -> 0x0F13
mem[X,0x0000000080001E76] -> 0x3FAF
[1954] [M]: 0x0000000080001E74 (0x3FAF0F13) addi t5, t5, 0x3fa
x30 <- 0x10000000FFFFFFFA

mem[X,0x0000000080001E78] -> 0x0EB7
mem[X,0x0000000080001E7A] -> 0x0000
[1955] [M]: 0x0000000080001E78 (0x00000EB7) lui t4, 0x0
x29 <- 0x0000000000000000

mem[X,0x0000000080001E7C] -> 0x8E93
mem[X,0x0000000080001E7E] -> 0xBFFE
[1956] [M]: 0x0000000080001E7C (0xBFFE8E93) addi t4, t4, -0x401
x29 <- 0xFFFFFFFFFFFFFBFF

mem[X,0x0000000080001E80] -> 0x9E93
mem[X,0x0000000080001E82] -> 0x00BE
[1957] [M]: 0x0000000080001E80 (0x00BE9E93) slli t4, t4, 0xb
x29 <- 0xFFFFFFFFFFDFF800

mem[X,0x0000000080001E84] -> 0x8E93
mem[X,0x0000000080001E86] -> 0x7FFE
[1958] [M]: 0x0000000080001E84 (0x7FFE8E93) addi t4, t4, 0x7ff
x29 <- 0xFFFFFFFFFFDFFFFF

mem[X,0x0000000080001E88] -> 0x9E93
mem[X,0x0000000080001E8A] -> 0x00BE
[1959] [M]: 0x0000000080001E88 (0x00BE9E93) slli t4, t4, 0xb
x29 <- 0xFFFFFFFEFFFFF800

mem[X,0x0000000080001E8C] -> 0x8E93
mem[X,0x0000000080001E8E] -> 0x7FDE
[1960] [M]: 0x0000000080001E8C (0x7FDE8E93) addi t4, t4, 0x7fd
x29 <- 0xFFFFFFFEFFFFFFFD

mem[X,0x0000000080001E90] -> 0x9E93
mem[X,0x0000000080001E92] -> 0x00AE
[1961] [M]: 0x0000000080001E90 (0x00AE9E93) slli t4, t4, 0xa
x29 <- 0xFFFFFBFFFFFFF400

mem[X,0x0000000080001E94] -> 0x8E93
mem[X,0x0000000080001E96] -> 0x3FFE
[1962] [M]: 0x0000000080001E94 (0x3FFE8E93) addi t4, t4, 0x3ff
x29 <- 0xFFFFFBFFFFFFF7FF

mem[X,0x0000000080001E98] -> 0x2F9B
mem[X,0x0000000080001E9A] -> 0xFFDF
[1963] [M]: 0x0000000080001E98 (0xFFDF2F9B) shar t6, t5, t4
x31 <- 0x080000007FFFFFFD

mem[X,0x0000000080001E9C] -> 0xB023
mem[X,0x0000000080001E9E] -> 0x31F5
[1964] [M]: 0x0000000080001E9C (0x31F5B023) sd t6, 0x300(a1)
mem[0x00000000800054A0] <- 0x080000007FFFFFFD

mem[X,0x0000000080001EA0] -> 0x0F37
mem[X,0x0000000080001EA2] -> 0x2000
[1965] [M]: 0x0000000080001EA0 (0x20000F37) lui t5, 0x20000
x30 <- 0x0000000020000000

mem[X,0x0000000080001EA4] -> 0x0F13
mem[X,0x0000000080001EA6] -> 0x000F
[1966] [M]: 0x0000000080001EA4 (0x000F0F13) addi t5, t5, 0x0
x30 <- 0x0000000020000000

mem[X,0x0000000080001EA8] -> 0x1F13
mem[X,0x0000000080001EAA] -> 0x00BF
[1967] [M]: 0x0000000080001EA8 (0x00BF1F13) slli t5, t5, 0xb
x30 <- 0x0000010000000000

mem[X,0x0000000080001EAC] -> 0x0F13
mem[X,0x0000000080001EAE] -> 0x6FFF
[1968] [M]: 0x0000000080001EAC (0x6FFF0F13) addi t5, t5, 0x6ff
x30 <- 0x00000100000006FF

mem[X,0x0000000080001EB0] -> 0x1F13
mem[X,0x0000000080001EB2] -> 0x00BF
[1969] [M]: 0x0000000080001EB0 (0x00BF1F13) slli t5, t5, 0xb
x30 <- 0x000800000037F800

mem[X,0x0000000080001EB4] -> 0x0F13
mem[X,0x0000000080001EB6] -> 0x7FFF
[1970] [M]: 0x0000000080001EB4 (0x7FFF0F13) addi t5, t5, 0x7ff
x30 <- 0x000800000037FFFF

mem[X,0x0000000080001EB8] -> 0x1F13
mem[X,0x0000000080001EBA] -> 0x00AF
[1971] [M]: 0x0000000080001EB8 (0x00AF1F13) slli t5, t5, 0xa
x30 <- 0x20000000DFFFFC00

mem[X,0x0000000080001EBC] -> 0x0F13
mem[X,0x0000000080001EBE] -> 0x3FFF
[1972] [M]: 0x0000000080001EBC (0x3FFF0F13) addi t5, t5, 0x3ff
x30 <- 0x20000000DFFFFFFF

mem[X,0x0000000080001EC0] -> 0x1EB7
mem[X,0x0000000080001EC2] -> 0x0000
[1973] [M]: 0x0000000080001EC0 (0x00001EB7) lui t4, 0x1
x29 <- 0x0000000000001000

mem[X,0x0000000080001EC4] -> 0x8E93
mem[X,0x0000000080001EC6] -> 0x003E
[1974] [M]: 0x0000000080001EC4 (0x003E8E93) addi t4, t4, 0x3
x29 <- 0x0000000000001003

mem[X,0x0000000080001EC8] -> 0x9E93
mem[X,0x0000000080001ECA] -> 0x01EE
[1975] [M]: 0x0000000080001EC8 (0x01EE9E93) slli t4, t4, 0x1e
x29 <- 0x00000400C0000000

mem[X,0x0000000080001ECC] -> 0x2F9B
mem[X,0x0000000080001ECE] -> 0xFFDF
[1976] [M]: 0x0000000080001ECC (0xFFDF2F9B) shar t6, t5, t4
x31 <- 0x20000000DFFFFFFF

mem[X,0x0000000080001ED0] -> 0xB423
mem[X,0x0000000080001ED2] -> 0x31F5
[1977] [M]: 0x0000000080001ED0 (0x31F5B423) sd t6, 0x308(a1)
mem[0x00000000800054A8] <- 0x20000000DFFFFFFF

mem[X,0x0000000080001ED4] -> 0x0F37
mem[X,0x0000000080001ED6] -> 0x4000
[1978] [M]: 0x0000000080001ED4 (0x40000F37) lui t5, 0x40000
x30 <- 0x0000000040000000

mem[X,0x0000000080001ED8] -> 0x0F13
mem[X,0x0000000080001EDA] -> 0x000F
[1979] [M]: 0x0000000080001ED8 (0x000F0F13) addi t5, t5, 0x0
x30 <- 0x0000000040000000

mem[X,0x0000000080001EDC] -> 0x1F13
mem[X,0x0000000080001EDE] -> 0x00BF
[1980] [M]: 0x0000000080001EDC (0x00BF1F13) slli t5, t5, 0xb
x30 <- 0x0000020000000000

mem[X,0x0000000080001EE0] -> 0x0F13
mem[X,0x0000000080001EE2] -> 0x7FFF
[1981] [M]: 0x0000000080001EE0 (0x7FFF0F13) addi t5, t5, 0x7ff
x30 <- 0x00000200000007FF

mem[X,0x0000000080001EE4] -> 0x1F13
mem[X,0x0000000080001EE6] -> 0x00BF
[1982] [M]: 0x0000000080001EE4 (0x00BF1F13) slli t5, t5, 0xb
x30 <- 0x00100000003FF800

mem[X,0x0000000080001EE8] -> 0x0F13
mem[X,0x0000000080001EEA] -> 0x7FFF
[1983] [M]: 0x0000000080001EE8 (0x7FFF0F13) addi t5, t5, 0x7ff
x30 <- 0x00100000003FFFFF

mem[X,0x0000000080001EEC] -> 0x1F13
mem[X,0x0000000080001EEE] -> 0x00AF
[1984] [M]: 0x0000000080001EEC (0x00AF1F13) slli t5, t5, 0xa
x30 <- 0x40000000FFFFFC00

mem[X,0x0000000080001EF0] -> 0x0F13
mem[X,0x0000000080001EF2] -> 0x3FDF
[1985] [M]: 0x0000000080001EF0 (0x3FDF0F13) addi t5, t5, 0x3fd
x30 <- 0x40000000FFFFFFFD

mem[X,0x0000000080001EF4] -> 0xFEB7
mem[X,0x0000000080001EF6] -> 0xFFFF
[1986] [M]: 0x0000000080001EF4 (0xFFFFFEB7) lui t4, -0x1
x29 <- 0xFFFFFFFFFFFFF000

mem[X,0x0000000080001EF8] -> 0x8E93
mem[X,0x0000000080001EFA] -> 0xFFFE
[1987] [M]: 0x0000000080001EF8 (0xFFFE8E93) addi t4, t4, -0x1
x29 <- 0xFFFFFFFFFFFFEFFF

mem[X,0x0000000080001EFC] -> 0x9E93
mem[X,0x0000000080001EFE] -> 0x00BE
[1988] [M]: 0x0000000080001EFC (0x00BE9E93) slli t4, t4, 0xb
x29 <- 0xFFFFFFFFFF7FF800

mem[X,0x0000000080001F00] -> 0x8E93
mem[X,0x0000000080001F02] -> 0x002E
[1989] [M]: 0x0000000080001F00 (0x002E8E93) addi t4, t4, 0x2
x29 <- 0xFFFFFFFFFF7FF802

mem[X,0x0000000080001F04] -> 0x9E93
mem[X,0x0000000080001F06] -> 0x00BE
[1990] [M]: 0x0000000080001F04 (0x00BE9E93) slli t4, t4, 0xb
x29 <- 0xFFFFFFFBFFC01000

mem[X,0x0000000080001F08] -> 0x8E93
mem[X,0x0000000080001F0A] -> 0x000E
[1991] [M]: 0x0000000080001F08 (0x000E8E93) addi t4, t4, 0x0
x29 <- 0xFFFFFFFBFFC01000

mem[X,0x0000000080001F0C] -> 0x9E93
mem[X,0x0000000080001F0E] -> 0x00AE
[1992] [M]: 0x0000000080001F0C (0x00AE9E93) slli t4, t4, 0xa
x29 <- 0xFFFFEFFF00400000

mem[X,0x0000000080001F10] -> 0x2F9B
mem[X,0x0000000080001F12] -> 0xFFDF
[1993] [M]: 0x0000000080001F10 (0xFFDF2F9B) shar t6, t5, t4
x31 <- 0x40000000FFFFFFFD

mem[X,0x0000000080001F14] -> 0xB823
mem[X,0x0000000080001F16] -> 0x31F5
[1994] [M]: 0x0000000080001F14 (0x31F5B823) sd t6, 0x310(a1)
mem[0x00000000800054B0] <- 0x40000000FFFFFFFD

mem[X,0x0000000080001F18] -> 0x0F37
mem[X,0x0000000080001F1A] -> 0xFE00
[1995] [M]: 0x0000000080001F18 (0xFE000F37) lui t5, -0x2000
x30 <- 0xFFFFFFFFFE000000

mem[X,0x0000000080001F1C] -> 0x0F13
mem[X,0x0000000080001F1E] -> 0xFFFF
[1996] [M]: 0x0000000080001F1C (0xFFFF0F13) addi t5, t5, -0x1
x30 <- 0xFFFFFFFFFDFFFFFF

mem[X,0x0000000080001F20] -> 0x1F13
mem[X,0x0000000080001F22] -> 0x00BF
[1997] [M]: 0x0000000080001F20 (0x00BF1F13) slli t5, t5, 0xb
x30 <- 0xFFFFFFEFFFFFF800

mem[X,0x0000000080001F24] -> 0x0F13
mem[X,0x0000000080001F26] -> 0x002F
[1998] [M]: 0x0000000080001F24 (0x002F0F13) addi t5, t5, 0x2
x30 <- 0xFFFFFFEFFFFFF802

mem[X,0x0000000080001F28] -> 0x1F13
mem[X,0x0000000080001F2A] -> 0x00BF
[1999] [M]: 0x0000000080001F28 (0x00BF1F13) slli t5, t5, 0xb
x30 <- 0xFFFF7FFFFFC01000

clint::tick mtime <- 0x0000000000000014
 clint timer pending at mtime 0x0000000000000014
htif::tick 0x0000000000000000
mem[X,0x0000000080001F2C] -> 0x0F13
mem[X,0x0000000080001F2E] -> 0x000F
[2000] [M]: 0x0000000080001F2C (0x000F0F13) addi t5, t5, 0x0
x30 <- 0xFFFF7FFFFFC01000

mem[X,0x0000000080001F30] -> 0x1F13
mem[X,0x0000000080001F32] -> 0x00AF
[2001] [M]: 0x0000000080001F30 (0x00AF1F13) slli t5, t5, 0xa
x30 <- 0xFDFFFFFF00400000

mem[X,0x0000000080001F34] -> 0x0EB7
mem[X,0x0000000080001F36] -> 0x0040
[2002] [M]: 0x0000000080001F34 (0x00400EB7) lui t4, 0x400
x29 <- 0x0000000000400000

mem[X,0x0000000080001F38] -> 0x8E93
mem[X,0x0000000080001F3A] -> 0x000E
[2003] [M]: 0x0000000080001F38 (0x000E8E93) addi t4, t4, 0x0
x29 <- 0x0000000000400000

mem[X,0x0000000080001F3C] -> 0x9E93
mem[X,0x0000000080001F3E] -> 0x00BE
[2004] [M]: 0x0000000080001F3C (0x00BE9E93) slli t4, t4, 0xb
x29 <- 0x0000000200000000

mem[X,0x0000000080001F40] -> 0x8E93
mem[X,0x0000000080001F42] -> 0x000E
[2005] [M]: 0x0000000080001F40 (0x000E8E93) addi t4, t4, 0x0
x29 <- 0x0000000200000000

mem[X,0x0000000080001F44] -> 0x9E93
mem[X,0x0000000080001F46] -> 0x00BE
[2006] [M]: 0x0000000080001F44 (0x00BE9E93) slli t4, t4, 0xb
x29 <- 0x0000100000000000

mem[X,0x0000000080001F48] -> 0x8E93
mem[X,0x0000000080001F4A] -> 0x002E
[2007] [M]: 0x0000000080001F48 (0x002E8E93) addi t4, t4, 0x2
x29 <- 0x0000100000000002

mem[X,0x0000000080001F4C] -> 0x9E93
mem[X,0x0000000080001F4E] -> 0x00AE
[2008] [M]: 0x0000000080001F4C (0x00AE9E93) slli t4, t4, 0xa
x29 <- 0x0040000000000800

mem[X,0x0000000080001F50] -> 0x2F9B
mem[X,0x0000000080001F52] -> 0xFFDF
[2009] [M]: 0x0000000080001F50 (0xFFDF2F9B) shar t6, t5, t4
x31 <- 0xFDFFFFFF00400000

mem[X,0x0000000080001F54] -> 0xBC23
mem[X,0x0000000080001F56] -> 0x31F5
[2010] [M]: 0x0000000080001F54 (0x31F5BC23) sd t6, 0x318(a1)
mem[0x00000000800054B8] <- 0xFDFFFFFF00400000

mem[X,0x0000000080001F58] -> 0x0F37
mem[X,0x0000000080001F5A] -> 0x0000
[2011] [M]: 0x0000000080001F58 (0x00000F37) lui t5, 0x0
x30 <- 0x0000000000000000

mem[X,0x0000000080001F5C] -> 0x0F13
mem[X,0x0000000080001F5E] -> 0xFFDF
[2012] [M]: 0x0000000080001F5C (0xFFDF0F13) addi t5, t5, -0x3
x30 <- 0xFFFFFFFFFFFFFFFD

mem[X,0x0000000080001F60] -> 0x1F13
mem[X,0x0000000080001F62] -> 0x00BF
[2013] [M]: 0x0000000080001F60 (0x00BF1F13) slli t5, t5, 0xb
x30 <- 0xFFFFFFFFFFFFE800

mem[X,0x0000000080001F64] -> 0x0F13
mem[X,0x0000000080001F66] -> 0x000F
[2014] [M]: 0x0000000080001F64 (0x000F0F13) addi t5, t5, 0x0
x30 <- 0xFFFFFFFFFFFFE800

mem[X,0x0000000080001F68] -> 0x1F13
mem[X,0x0000000080001F6A] -> 0x00BF
[2015] [M]: 0x0000000080001F68 (0x00BF1F13) slli t5, t5, 0xb
x30 <- 0xFFFFFFFFFF400000

mem[X,0x0000000080001F6C] -> 0x0F13
mem[X,0x0000000080001F6E] -> 0x000F
[2016] [M]: 0x0000000080001F6C (0x000F0F13) addi t5, t5, 0x0
x30 <- 0xFFFFFFFFFF400000

mem[X,0x0000000080001F70] -> 0x1F13
mem[X,0x0000000080001F72] -> 0x00AF
[2017] [M]: 0x0000000080001F70 (0x00AF1F13) slli t5, t5, 0xa
x30 <- 0xFFFFFFFD00000000

mem[X,0x0000000080001F74] -> 0x0F13
mem[X,0x0000000080001F76] -> 0x004F
[2018] [M]: 0x0000000080001F74 (0x004F0F13) addi t5, t5, 0x4
x30 <- 0xFFFFFFFD00000004

mem[X,0x0000000080001F78] -> 0x0EB7
mem[X,0x0000000080001F7A] -> 0x0000
[2019] [M]: 0x0000000080001F78 (0x00000EB7) lui t4, 0x0
x29 <- 0x0000000000000000

mem[X,0x0000000080001F7C] -> 0x8E93
mem[X,0x0000000080001F7E] -> 0xBFFE
[2020] [M]: 0x0000000080001F7C (0xBFFE8E93) addi t4, t4, -0x401
x29 <- 0xFFFFFFFFFFFFFBFF

mem[X,0x0000000080001F80] -> 0x9E93
mem[X,0x0000000080001F82] -> 0x00BE
[2021] [M]: 0x0000000080001F80 (0x00BE9E93) slli t4, t4, 0xb
x29 <- 0xFFFFFFFFFFDFF800

mem[X,0x0000000080001F84] -> 0x8E93
mem[X,0x0000000080001F86] -> 0x7FFE
[2022] [M]: 0x0000000080001F84 (0x7FFE8E93) addi t4, t4, 0x7ff
x29 <- 0xFFFFFFFFFFDFFFFF

mem[X,0x0000000080001F88] -> 0x9E93
mem[X,0x0000000080001F8A] -> 0x00BE
[2023] [M]: 0x0000000080001F88 (0x00BE9E93) slli t4, t4, 0xb
x29 <- 0xFFFFFFFEFFFFF800

mem[X,0x0000000080001F8C] -> 0x8E93
mem[X,0x0000000080001F8E] -> 0x7FFE
[2024] [M]: 0x0000000080001F8C (0x7FFE8E93) addi t4, t4, 0x7ff
x29 <- 0xFFFFFFFEFFFFFFFF

mem[X,0x0000000080001F90] -> 0x9E93
mem[X,0x0000000080001F92] -> 0x00AE
[2025] [M]: 0x0000000080001F90 (0x00AE9E93) slli t4, t4, 0xa
x29 <- 0xFFFFFBFFFFFFFC00

mem[X,0x0000000080001F94] -> 0x8E93
mem[X,0x0000000080001F96] -> 0x3F6E
[2026] [M]: 0x0000000080001F94 (0x3F6E8E93) addi t4, t4, 0x3f6
x29 <- 0xFFFFFBFFFFFFFFF6

mem[X,0x0000000080001F98] -> 0x2F9B
mem[X,0x0000000080001F9A] -> 0xFFDF
[2027] [M]: 0x0000000080001F98 (0xFFDF2F9B) shar t6, t5, t4
x31 <- 0xFFFFFFFFFF400000

mem[X,0x0000000080001F9C] -> 0xB023
mem[X,0x0000000080001F9E] -> 0x33F5
[2028] [M]: 0x0000000080001F9C (0x33F5B023) sd t6, 0x320(a1)
mem[0x00000000800054C0] <- 0xFFFFFFFFFF400000

mem[X,0x0000000080001FA0] -> 0x8F37
mem[X,0x0000000080001FA2] -> 0x0000
[2029] [M]: 0x0000000080001FA0 (0x00008F37) lui t5, 0x8
x30 <- 0x0000000000008000

mem[X,0x0000000080001FA4] -> 0x0F13
mem[X,0x0000000080001FA6] -> 0x000F
[2030] [M]: 0x0000000080001FA4 (0x000F0F13) addi t5, t5, 0x0
x30 <- 0x0000000000008000

mem[X,0x0000000080001FA8] -> 0x1F13
mem[X,0x0000000080001FAA] -> 0x00BF
[2031] [M]: 0x0000000080001FA8 (0x00BF1F13) slli t5, t5, 0xb
x30 <- 0x0000000004000000

mem[X,0x0000000080001FAC] -> 0x0F13
mem[X,0x0000000080001FAE] -> 0x7FFF
[2032] [M]: 0x0000000080001FAC (0x7FFF0F13) addi t5, t5, 0x7ff
x30 <- 0x00000000040007FF

mem[X,0x0000000080001FB0] -> 0x1F13
mem[X,0x0000000080001FB2] -> 0x00BF
[2033] [M]: 0x0000000080001FB0 (0x00BF1F13) slli t5, t5, 0xb
x30 <- 0x00000020003FF800

mem[X,0x0000000080001FB4] -> 0x0F13
mem[X,0x0000000080001FB6] -> 0x7DFF
[2034] [M]: 0x0000000080001FB4 (0x7DFF0F13) addi t5, t5, 0x7df
x30 <- 0x00000020003FFFDF

mem[X,0x0000000080001FB8] -> 0x1F13
mem[X,0x0000000080001FBA] -> 0x00AF
[2035] [M]: 0x0000000080001FB8 (0x00AF1F13) slli t5, t5, 0xa
x30 <- 0x00008000FFFF7C00

mem[X,0x0000000080001FBC] -> 0x0F13
mem[X,0x0000000080001FBE] -> 0x3FFF
[2036] [M]: 0x0000000080001FBC (0x3FFF0F13) addi t5, t5, 0x3ff
x30 <- 0x00008000FFFF7FFF

mem[X,0x0000000080001FC0] -> 0x0EB7
mem[X,0x0000000080001FC2] -> 0x2000
[2037] [M]: 0x0000000080001FC0 (0x20000EB7) lui t4, 0x20000
x29 <- 0x0000000020000000

mem[X,0x0000000080001FC4] -> 0x8E93
mem[X,0x0000000080001FC6] -> 0x000E
[2038] [M]: 0x0000000080001FC4 (0x000E8E93) addi t4, t4, 0x0
x29 <- 0x0000000020000000

mem[X,0x0000000080001FC8] -> 0x9E93
mem[X,0x0000000080001FCA] -> 0x00BE
[2039] [M]: 0x0000000080001FC8 (0x00BE9E93) slli t4, t4, 0xb
x29 <- 0x0000010000000000

mem[X,0x0000000080001FCC] -> 0x8E93
mem[X,0x0000000080001FCE] -> 0x040E
[2040] [M]: 0x0000000080001FCC (0x040E8E93) addi t4, t4, 0x40
x29 <- 0x0000010000000040

mem[X,0x0000000080001FD0] -> 0x9E93
mem[X,0x0000000080001FD2] -> 0x00BE
[2041] [M]: 0x0000000080001FD0 (0x00BE9E93) slli t4, t4, 0xb
x29 <- 0x0008000000020000

mem[X,0x0000000080001FD4] -> 0x8E93
mem[X,0x0000000080001FD6] -> 0x000E
[2042] [M]: 0x0000000080001FD4 (0x000E8E93) addi t4, t4, 0x0
x29 <- 0x0008000000020000

mem[X,0x0000000080001FD8] -> 0x9E93
mem[X,0x0000000080001FDA] -> 0x00AE
[2043] [M]: 0x0000000080001FD8 (0x00AE9E93) slli t4, t4, 0xa
x29 <- 0x2000000008000000

mem[X,0x0000000080001FDC] -> 0x2F9B
mem[X,0x0000000080001FDE] -> 0xFFDF
[2044] [M]: 0x0000000080001FDC (0xFFDF2F9B) shar t6, t5, t4
x31 <- 0x00008000FFFF7FFF

mem[X,0x0000000080001FE0] -> 0xB423
mem[X,0x0000000080001FE2] -> 0x33F5
[2045] [M]: 0x0000000080001FE0 (0x33F5B423) sd t6, 0x328(a1)
mem[0x00000000800054C8] <- 0x00008000FFFF7FFF

mem[X,0x0000000080001FE4] -> 0x0F37
mem[X,0x0000000080001FE6] -> 0x0000
[2046] [M]: 0x0000000080001FE4 (0x00000F37) lui t5, 0x0
x30 <- 0x0000000000000000

mem[X,0x0000000080001FE8] -> 0x0F13
mem[X,0x0000000080001FEA] -> 0xFF7F
[2047] [M]: 0x0000000080001FE8 (0xFF7F0F13) addi t5, t5, -0x9
x30 <- 0xFFFFFFFFFFFFFFF7

mem[X,0x0000000080001FEC] -> 0x1F13
mem[X,0x0000000080001FEE] -> 0x00BF
[2048] [M]: 0x0000000080001FEC (0x00BF1F13) slli t5, t5, 0xb
x30 <- 0xFFFFFFFFFFFFB800

mem[X,0x0000000080001FF0] -> 0x0F13
mem[X,0x0000000080001FF2] -> 0x000F
[2049] [M]: 0x0000000080001FF0 (0x000F0F13) addi t5, t5, 0x0
x30 <- 0xFFFFFFFFFFFFB800

mem[X,0x0000000080001FF4] -> 0x1F13
mem[X,0x0000000080001FF6] -> 0x00BF
[2050] [M]: 0x0000000080001FF4 (0x00BF1F13) slli t5, t5, 0xb
x30 <- 0xFFFFFFFFFDC00000

mem[X,0x0000000080001FF8] -> 0x0F13
mem[X,0x0000000080001FFA] -> 0x000F
[2051] [M]: 0x0000000080001FF8 (0x000F0F13) addi t5, t5, 0x0
x30 <- 0xFFFFFFFFFDC00000

mem[X,0x0000000080001FFC] -> 0x1F13
mem[X,0x0000000080001FFE] -> 0x00AF
[2052] [M]: 0x0000000080001FFC (0x00AF1F13) slli t5, t5, 0xa
x30 <- 0xFFFFFFF700000000

mem[X,0x0000000080002000] -> 0x0EB7
mem[X,0x0000000080002002] -> 0x4000
[2053] [M]: 0x0000000080002000 (0x40000EB7) lui t4, 0x40000
x29 <- 0x0000000040000000

mem[X,0x0000000080002004] -> 0x8E93
mem[X,0x0000000080002006] -> 0x000E
[2054] [M]: 0x0000000080002004 (0x000E8E93) addi t4, t4, 0x0
x29 <- 0x0000000040000000

mem[X,0x0000000080002008] -> 0x9E93
mem[X,0x000000008000200A] -> 0x00BE
[2055] [M]: 0x0000000080002008 (0x00BE9E93) slli t4, t4, 0xb
x29 <- 0x0000020000000000

mem[X,0x000000008000200C] -> 0x8E93
mem[X,0x000000008000200E] -> 0x000E
[2056] [M]: 0x000000008000200C (0x000E8E93) addi t4, t4, 0x0
x29 <- 0x0000020000000000

mem[X,0x0000000080002010] -> 0x9E93
mem[X,0x0000000080002012] -> 0x00BE
[2057] [M]: 0x0000000080002010 (0x00BE9E93) slli t4, t4, 0xb
x29 <- 0x0010000000000000

mem[X,0x0000000080002014] -> 0x8E93
mem[X,0x0000000080002016] -> 0x000E
[2058] [M]: 0x0000000080002014 (0x000E8E93) addi t4, t4, 0x0
x29 <- 0x0010000000000000

mem[X,0x0000000080002018] -> 0x9E93
mem[X,0x000000008000201A] -> 0x00AE
[2059] [M]: 0x0000000080002018 (0x00AE9E93) slli t4, t4, 0xa
x29 <- 0x4000000000000000

mem[X,0x000000008000201C] -> 0x8E93
mem[X,0x000000008000201E] -> 0x010E
[2060] [M]: 0x000000008000201C (0x010E8E93) addi t4, t4, 0x10
x29 <- 0x4000000000000010

mem[X,0x0000000080002020] -> 0x2F9B
mem[X,0x0000000080002022] -> 0xFFDF
[2061] [M]: 0x0000000080002020 (0xFFDF2F9B) shar t6, t5, t4
x31 <- 0xFFF7000000000000

mem[X,0x0000000080002024] -> 0xB823
mem[X,0x0000000080002026] -> 0x33F5
[2062] [M]: 0x0000000080002024 (0x33F5B823) sd t6, 0x330(a1)
mem[0x00000000800054D0] <- 0xFFF7000000000000

mem[X,0x0000000080002028] -> 0x0F37
mem[X,0x000000008000202A] -> 0x0000
[2063] [M]: 0x0000000080002028 (0x00000F37) lui t5, 0x0
x30 <- 0x0000000000000000

mem[X,0x000000008000202C] -> 0x0F13
mem[X,0x000000008000202E] -> 0xEFFF
[2064] [M]: 0x000000008000202C (0xEFFF0F13) addi t5, t5, -0x101
x30 <- 0xFFFFFFFFFFFFFEFF

mem[X,0x0000000080002030] -> 0x1F13
mem[X,0x0000000080002032] -> 0x00BF
[2065] [M]: 0x0000000080002030 (0x00BF1F13) slli t5, t5, 0xb
x30 <- 0xFFFFFFFFFFF7F800

mem[X,0x0000000080002034] -> 0x0F13
mem[X,0x0000000080002036] -> 0x7FFF
[2066] [M]: 0x0000000080002034 (0x7FFF0F13) addi t5, t5, 0x7ff
x30 <- 0xFFFFFFFFFFF7FFFF

mem[X,0x0000000080002038] -> 0x1F13
mem[X,0x000000008000203A] -> 0x00BF
[2067] [M]: 0x0000000080002038 (0x00BF1F13) slli t5, t5, 0xb
x30 <- 0xFFFFFFFFBFFFF800

mem[X,0x000000008000203C] -> 0x0F13
mem[X,0x000000008000203E] -> 0x7FFF
[2068] [M]: 0x000000008000203C (0x7FFF0F13) addi t5, t5, 0x7ff
x30 <- 0xFFFFFFFFBFFFFFFF

mem[X,0x0000000080002040] -> 0x1F13
mem[X,0x0000000080002042] -> 0x00AF
[2069] [M]: 0x0000000080002040 (0x00AF1F13) slli t5, t5, 0xa
x30 <- 0xFFFFFEFFFFFFFC00

mem[X,0x0000000080002044] -> 0x0F13
mem[X,0x0000000080002046] -> 0x3F9F
[2070] [M]: 0x0000000080002044 (0x3F9F0F13) addi t5, t5, 0x3f9
x30 <- 0xFFFFFEFFFFFFFFF9

mem[X,0x0000000080002048] -> 0x0EB7
mem[X,0x000000008000204A] -> 0x0200
[2071] [M]: 0x0000000080002048 (0x02000EB7) lui t4, 0x2000
x29 <- 0x0000000002000000

mem[X,0x000000008000204C] -> 0x8E93
mem[X,0x000000008000204E] -> 0x000E
[2072] [M]: 0x000000008000204C (0x000E8E93) addi t4, t4, 0x0
x29 <- 0x0000000002000000

mem[X,0x0000000080002050] -> 0x9E93
mem[X,0x0000000080002052] -> 0x00BE
[2073] [M]: 0x0000000080002050 (0x00BE9E93) slli t4, t4, 0xb
x29 <- 0x0000001000000000

mem[X,0x0000000080002054] -> 0x8E93
mem[X,0x0000000080002056] -> 0x002E
[2074] [M]: 0x0000000080002054 (0x002E8E93) addi t4, t4, 0x2
x29 <- 0x0000001000000002

mem[X,0x0000000080002058] -> 0x9E93
mem[X,0x000000008000205A] -> 0x00BE
[2075] [M]: 0x0000000080002058 (0x00BE9E93) slli t4, t4, 0xb
x29 <- 0x0000800000001000

mem[X,0x000000008000205C] -> 0x8E93
mem[X,0x000000008000205E] -> 0x000E
[2076] [M]: 0x000000008000205C (0x000E8E93) addi t4, t4, 0x0
x29 <- 0x0000800000001000

mem[X,0x0000000080002060] -> 0x9E93
mem[X,0x0000000080002062] -> 0x00AE
[2077] [M]: 0x0000000080002060 (0x00AE9E93) slli t4, t4, 0xa
x29 <- 0x0200000000400000

mem[X,0x0000000080002064] -> 0x2F9B
mem[X,0x0000000080002066] -> 0xFFDF
[2078] [M]: 0x0000000080002064 (0xFFDF2F9B) shar t6, t5, t4
x31 <- 0xFFFFFEFFFFFFFFF9

mem[X,0x0000000080002068] -> 0xBC23
mem[X,0x000000008000206A] -> 0x33F5
[2079] [M]: 0x0000000080002068 (0x33F5BC23) sd t6, 0x338(a1)
mem[0x00000000800054D8] <- 0xFFFFFEFFFFFFFFF9

mem[X,0x000000008000206C] -> 0x0F37
mem[X,0x000000008000206E] -> 0x0000
[2080] [M]: 0x000000008000206C (0x00000F37) lui t5, 0x0
x30 <- 0x0000000000000000

mem[X,0x0000000080002070] -> 0x0F13
mem[X,0x0000000080002072] -> 0x080F
[2081] [M]: 0x0000000080002070 (0x080F0F13) addi t5, t5, 0x80
x30 <- 0x0000000000000080

mem[X,0x0000000080002074] -> 0x1F13
mem[X,0x0000000080002076] -> 0x00BF
[2082] [M]: 0x0000000080002074 (0x00BF1F13) slli t5, t5, 0xb
x30 <- 0x0000000000040000

mem[X,0x0000000080002078] -> 0x0F13
mem[X,0x000000008000207A] -> 0x7FFF
[2083] [M]: 0x0000000080002078 (0x7FFF0F13) addi t5, t5, 0x7ff
x30 <- 0x00000000000407FF

mem[X,0x000000008000207C] -> 0x1F13
mem[X,0x000000008000207E] -> 0x00BF
[2084] [M]: 0x000000008000207C (0x00BF1F13) slli t5, t5, 0xb
x30 <- 0x00000000203FF800

mem[X,0x0000000080002080] -> 0x0F13
mem[X,0x0000000080002082] -> 0x5FFF
[2085] [M]: 0x0000000080002080 (0x5FFF0F13) addi t5, t5, 0x5ff
x30 <- 0x00000000203FFDFF

mem[X,0x0000000080002084] -> 0x1F13
mem[X,0x0000000080002086] -> 0x00AF
[2086] [M]: 0x0000000080002084 (0x00AF1F13) slli t5, t5, 0xa
x30 <- 0x00000080FFF7FC00

mem[X,0x0000000080002088] -> 0x0F13
mem[X,0x000000008000208A] -> 0x3FFF
[2087] [M]: 0x0000000080002088 (0x3FFF0F13) addi t5, t5, 0x3ff
x30 <- 0x00000080FFF7FFFF

mem[X,0x000000008000208C] -> 0x0EB7
mem[X,0x000000008000208E] -> 0x0000
[2088] [M]: 0x000000008000208C (0x00000EB7) lui t4, 0x0
x29 <- 0x0000000000000000

mem[X,0x0000000080002090] -> 0x8E93
mem[X,0x0000000080002092] -> 0xFFEE
[2089] [M]: 0x0000000080002090 (0xFFEE8E93) addi t4, t4, -0x2
x29 <- 0xFFFFFFFFFFFFFFFE

mem[X,0x0000000080002094] -> 0x9E93
mem[X,0x0000000080002096] -> 0x00BE
[2090] [M]: 0x0000000080002094 (0x00BE9E93) slli t4, t4, 0xb
x29 <- 0xFFFFFFFFFFFFF000

mem[X,0x0000000080002098] -> 0x8E93
mem[X,0x000000008000209A] -> 0x7FFE
[2091] [M]: 0x0000000080002098 (0x7FFE8E93) addi t4, t4, 0x7ff
x29 <- 0xFFFFFFFFFFFFF7FF

mem[X,0x000000008000209C] -> 0x9E93
mem[X,0x000000008000209E] -> 0x00BE
[2092] [M]: 0x000000008000209C (0x00BE9E93) slli t4, t4, 0xb
x29 <- 0xFFFFFFFFFFBFF800

mem[X,0x00000000800020A0] -> 0x8E93
mem[X,0x00000000800020A2] -> 0x7FFE
[2093] [M]: 0x00000000800020A0 (0x7FFE8E93) addi t4, t4, 0x7ff
x29 <- 0xFFFFFFFFFFBFFFFF

mem[X,0x00000000800020A4] -> 0x9E93
mem[X,0x00000000800020A6] -> 0x00AE
[2094] [M]: 0x00000000800020A4 (0x00AE9E93) slli t4, t4, 0xa
x29 <- 0xFFFFFFFEFFFFFC00

mem[X,0x00000000800020A8] -> 0x8E93
mem[X,0x00000000800020AA] -> 0x37FE
[2095] [M]: 0x00000000800020A8 (0x37FE8E93) addi t4, t4, 0x37f
x29 <- 0xFFFFFFFEFFFFFF7F

mem[X,0x00000000800020AC] -> 0x2F9B
mem[X,0x00000000800020AE] -> 0xFFDF
[2096] [M]: 0x00000000800020AC (0xFFDF2F9B) shar t6, t5, t4
x31 <- 0x000000407FFC0000

mem[X,0x00000000800020B0] -> 0xB023
mem[X,0x00000000800020B2] -> 0x35F5
[2097] [M]: 0x00000000800020B0 (0x35F5B023) sd t6, 0x340(a1)
mem[0x00000000800054E0] <- 0x000000407FFC0000

mem[X,0x00000000800020B4] -> 0x0F37
mem[X,0x00000000800020B6] -> 0x0000
[2098] [M]: 0x00000000800020B4 (0x00000F37) lui t5, 0x0
x30 <- 0x0000000000000000

mem[X,0x00000000800020B8] -> 0x0F13
mem[X,0x00000000800020BA] -> 0xDFFF
[2099] [M]: 0x00000000800020B8 (0xDFFF0F13) addi t5, t5, -0x201
x30 <- 0xFFFFFFFFFFFFFDFF

clint::tick mtime <- 0x0000000000000015
 clint timer pending at mtime 0x0000000000000015
htif::tick 0x0000000000000000
mem[X,0x00000000800020BC] -> 0x1F13
mem[X,0x00000000800020BE] -> 0x00BF
[2100] [M]: 0x00000000800020BC (0x00BF1F13) slli t5, t5, 0xb
x30 <- 0xFFFFFFFFFFEFF800

mem[X,0x00000000800020C0] -> 0x0F13
mem[X,0x00000000800020C2] -> 0x7BFF
[2101] [M]: 0x00000000800020C0 (0x7BFF0F13) addi t5, t5, 0x7bf
x30 <- 0xFFFFFFFFFFEFFFBF

mem[X,0x00000000800020C4] -> 0x1F13
mem[X,0x00000000800020C6] -> 0x00BF
[2102] [M]: 0x00000000800020C4 (0x00BF1F13) slli t5, t5, 0xb
x30 <- 0xFFFFFFFF7FFDF800

mem[X,0x00000000800020C8] -> 0x0F13
mem[X,0x00000000800020CA] -> 0x7FFF
[2103] [M]: 0x00000000800020C8 (0x7FFF0F13) addi t5, t5, 0x7ff
x30 <- 0xFFFFFFFF7FFDFFFF

mem[X,0x00000000800020CC] -> 0x1F13
mem[X,0x00000000800020CE] -> 0x00AF
[2104] [M]: 0x00000000800020CC (0x00AF1F13) slli t5, t5, 0xa
x30 <- 0xFFFFFDFFF7FFFC00

mem[X,0x00000000800020D0] -> 0x0F13
mem[X,0x00000000800020D2] -> 0x3FFF
[2105] [M]: 0x00000000800020D0 (0x3FFF0F13) addi t5, t5, 0x3ff
x30 <- 0xFFFFFDFFF7FFFFFF

mem[X,0x00000000800020D4] -> 0x0EB7
mem[X,0x00000000800020D6] -> 0xF800
[2106] [M]: 0x00000000800020D4 (0xF8000EB7) lui t4, -0x8000
x29 <- 0xFFFFFFFFF8000000

mem[X,0x00000000800020D8] -> 0x8E93
mem[X,0x00000000800020DA] -> 0xFFFE
[2107] [M]: 0x00000000800020D8 (0xFFFE8E93) addi t4, t4, -0x1
x29 <- 0xFFFFFFFFF7FFFFFF

mem[X,0x00000000800020DC] -> 0x9E93
mem[X,0x00000000800020DE] -> 0x00BE
[2108] [M]: 0x00000000800020DC (0x00BE9E93) slli t4, t4, 0xb
x29 <- 0xFFFFFFBFFFFFF800

mem[X,0x00000000800020E0] -> 0x8E93
mem[X,0x00000000800020E2] -> 0x000E
[2109] [M]: 0x00000000800020E0 (0x000E8E93) addi t4, t4, 0x0
x29 <- 0xFFFFFFBFFFFFF800

mem[X,0x00000000800020E4] -> 0x9E93
mem[X,0x00000000800020E6] -> 0x00BE
[2110] [M]: 0x00000000800020E4 (0x00BE9E93) slli t4, t4, 0xb
x29 <- 0xFFFDFFFFFFC00000

mem[X,0x00000000800020E8] -> 0x8E93
mem[X,0x00000000800020EA] -> 0x000E
[2111] [M]: 0x00000000800020E8 (0x000E8E93) addi t4, t4, 0x0
x29 <- 0xFFFDFFFFFFC00000

mem[X,0x00000000800020EC] -> 0x9E93
mem[X,0x00000000800020EE] -> 0x00AE
[2112] [M]: 0x00000000800020EC (0x00AE9E93) slli t4, t4, 0xa
x29 <- 0xF7FFFFFF00000000

mem[X,0x00000000800020F0] -> 0x8E93
mem[X,0x00000000800020F2] -> 0x100E
[2113] [M]: 0x00000000800020F0 (0x100E8E93) addi t4, t4, 0x100
x29 <- 0xF7FFFFFF00000100

mem[X,0x00000000800020F4] -> 0x2F9B
mem[X,0x00000000800020F6] -> 0xFFDF
[2114] [M]: 0x00000000800020F4 (0xFFDF2F9B) shar t6, t5, t4
x31 <- 0xFFFFFDFFF7FFFFFF

mem[X,0x00000000800020F8] -> 0xB423
mem[X,0x00000000800020FA] -> 0x35F5
[2115] [M]: 0x00000000800020F8 (0x35F5B423) sd t6, 0x348(a1)
mem[0x00000000800054E8] <- 0xFFFFFDFFF7FFFFFF

mem[X,0x00000000800020FC] -> 0x0F37
mem[X,0x00000000800020FE] -> 0x0000
[2116] [M]: 0x00000000800020FC (0x00000F37) lui t5, 0x0
x30 <- 0x0000000000000000

mem[X,0x0000000080002100] -> 0x0F13
mem[X,0x0000000080002102] -> 0x100F
[2117] [M]: 0x0000000080002100 (0x100F0F13) addi t5, t5, 0x100
x30 <- 0x0000000000000100

mem[X,0x0000000080002104] -> 0x1F13
mem[X,0x0000000080002106] -> 0x00BF
[2118] [M]: 0x0000000080002104 (0x00BF1F13) slli t5, t5, 0xb
x30 <- 0x0000000000080000

mem[X,0x0000000080002108] -> 0x0F13
mem[X,0x000000008000210A] -> 0x7FFF
[2119] [M]: 0x0000000080002108 (0x7FFF0F13) addi t5, t5, 0x7ff
x30 <- 0x00000000000807FF

mem[X,0x000000008000210C] -> 0x1F13
mem[X,0x000000008000210E] -> 0x00BF
[2120] [M]: 0x000000008000210C (0x00BF1F13) slli t5, t5, 0xb
x30 <- 0x00000000403FF800

mem[X,0x0000000080002110] -> 0x0F13
mem[X,0x0000000080002112] -> 0x7FEF
[2121] [M]: 0x0000000080002110 (0x7FEF0F13) addi t5, t5, 0x7fe
x30 <- 0x00000000403FFFFE

mem[X,0x0000000080002114] -> 0x1F13
mem[X,0x0000000080002116] -> 0x00AF
[2122] [M]: 0x0000000080002114 (0x00AF1F13) slli t5, t5, 0xa
x30 <- 0x00000100FFFFF800

mem[X,0x0000000080002118] -> 0x0F13
mem[X,0x000000008000211A] -> 0x3FFF
[2123] [M]: 0x0000000080002118 (0x3FFF0F13) addi t5, t5, 0x3ff
x30 <- 0x00000100FFFFFBFF

mem[X,0x000000008000211C] -> 0x0EB7
mem[X,0x000000008000211E] -> 0x0000
[2124] [M]: 0x000000008000211C (0x00000EB7) lui t4, 0x0
x29 <- 0x0000000000000000

mem[X,0x0000000080002120] -> 0x8E93
mem[X,0x0000000080002122] -> 0xFF7E
[2125] [M]: 0x0000000080002120 (0xFF7E8E93) addi t4, t4, -0x9
x29 <- 0xFFFFFFFFFFFFFFF7

mem[X,0x0000000080002124] -> 0x9E93
mem[X,0x0000000080002126] -> 0x00BE
[2126] [M]: 0x0000000080002124 (0x00BE9E93) slli t4, t4, 0xb
x29 <- 0xFFFFFFFFFFFFB800

mem[X,0x0000000080002128] -> 0x8E93
mem[X,0x000000008000212A] -> 0x7FFE
[2127] [M]: 0x0000000080002128 (0x7FFE8E93) addi t4, t4, 0x7ff
x29 <- 0xFFFFFFFFFFFFBFFF

mem[X,0x000000008000212C] -> 0x9E93
mem[X,0x000000008000212E] -> 0x00BE
[2128] [M]: 0x000000008000212C (0x00BE9E93) slli t4, t4, 0xb
x29 <- 0xFFFFFFFFFDFFF800

mem[X,0x0000000080002130] -> 0x8E93
mem[X,0x0000000080002132] -> 0x3FFE
[2129] [M]: 0x0000000080002130 (0x3FFE8E93) addi t4, t4, 0x3ff
x29 <- 0xFFFFFFFFFDFFFBFF

mem[X,0x0000000080002134] -> 0x9E93
mem[X,0x0000000080002136] -> 0x00AE
[2130] [M]: 0x0000000080002134 (0x00AE9E93) slli t4, t4, 0xa
x29 <- 0xFFFFFFF7FFEFFC00

mem[X,0x0000000080002138] -> 0x8E93
mem[X,0x000000008000213A] -> 0x3FFE
[2131] [M]: 0x0000000080002138 (0x3FFE8E93) addi t4, t4, 0x3ff
x29 <- 0xFFFFFFF7FFEFFFFF

mem[X,0x000000008000213C] -> 0x2F9B
mem[X,0x000000008000213E] -> 0xFFDF
[2132] [M]: 0x000000008000213C (0xFFDF2F9B) shar t6, t5, t4
x31 <- 0x000000807FFFFE00

mem[X,0x0000000080002140] -> 0xB823
mem[X,0x0000000080002142] -> 0x35F5
[2133] [M]: 0x0000000080002140 (0x35F5B823) sd t6, 0x350(a1)
mem[0x00000000800054F0] <- 0x000000807FFFFE00

mem[X,0x0000000080002144] -> 0xFF37
mem[X,0x0000000080002146] -> 0xFFFF
[2134] [M]: 0x0000000080002144 (0xFFFFFF37) lui t5, -0x1
x30 <- 0xFFFFFFFFFFFFF000

mem[X,0x0000000080002148] -> 0x0F13
mem[X,0x000000008000214A] -> 0xFFFF
[2135] [M]: 0x0000000080002148 (0xFFFF0F13) addi t5, t5, -0x1
x30 <- 0xFFFFFFFFFFFFEFFF

mem[X,0x000000008000214C] -> 0x1F13
mem[X,0x000000008000214E] -> 0x00BF
[2136] [M]: 0x000000008000214C (0x00BF1F13) slli t5, t5, 0xb
x30 <- 0xFFFFFFFFFF7FF800

mem[X,0x0000000080002150] -> 0x0F13
mem[X,0x0000000080002152] -> 0x000F
[2137] [M]: 0x0000000080002150 (0x000F0F13) addi t5, t5, 0x0
x30 <- 0xFFFFFFFFFF7FF800

mem[X,0x0000000080002154] -> 0x1F13
mem[X,0x0000000080002156] -> 0x00BF
[2138] [M]: 0x0000000080002154 (0x00BF1F13) slli t5, t5, 0xb
x30 <- 0xFFFFFFFBFFC00000

mem[X,0x0000000080002158] -> 0x0F13
mem[X,0x000000008000215A] -> 0x000F
[2139] [M]: 0x0000000080002158 (0x000F0F13) addi t5, t5, 0x0
x30 <- 0xFFFFFFFBFFC00000

mem[X,0x000000008000215C] -> 0x1F13
mem[X,0x000000008000215E] -> 0x00AF
[2140] [M]: 0x000000008000215C (0x00AF1F13) slli t5, t5, 0xa
x30 <- 0xFFFFEFFF00000000

mem[X,0x0000000080002160] -> 0x0F13
mem[X,0x0000000080002162] -> 0x200F
[2141] [M]: 0x0000000080002160 (0x200F0F13) addi t5, t5, 0x200
x30 <- 0xFFFFEFFF00000200

mem[X,0x0000000080002164] -> 0x0EB7
mem[X,0x0000000080002166] -> 0x0040
[2142] [M]: 0x0000000080002164 (0x00400EB7) lui t4, 0x400
x29 <- 0x0000000000400000

mem[X,0x0000000080002168] -> 0x8E93
mem[X,0x000000008000216A] -> 0x001E
[2143] [M]: 0x0000000080002168 (0x001E8E93) addi t4, t4, 0x1
x29 <- 0x0000000000400001

mem[X,0x000000008000216C] -> 0x9E93
mem[X,0x000000008000216E] -> 0x018E
[2144] [M]: 0x000000008000216C (0x018E9E93) slli t4, t4, 0x18
x29 <- 0x0000400001000000

mem[X,0x0000000080002170] -> 0x2F9B
mem[X,0x0000000080002172] -> 0xFFDF
[2145] [M]: 0x0000000080002170 (0xFFDF2F9B) shar t6, t5, t4
x31 <- 0xFFFFEFFF00000200

mem[X,0x0000000080002174] -> 0xBC23
mem[X,0x0000000080002176] -> 0x35F5
[2146] [M]: 0x0000000080002174 (0x35F5BC23) sd t6, 0x358(a1)
mem[0x00000000800054F8] <- 0xFFFFEFFF00000200

mem[X,0x0000000080002178] -> 0x0F37
mem[X,0x000000008000217A] -> 0x0040
[2147] [M]: 0x0000000080002178 (0x00400F37) lui t5, 0x400
x30 <- 0x0000000000400000

mem[X,0x000000008000217C] -> 0x0F13
mem[X,0x000000008000217E] -> 0x001F
[2148] [M]: 0x000000008000217C (0x001F0F13) addi t5, t5, 0x1
x30 <- 0x0000000000400001

mem[X,0x0000000080002180] -> 0x1F13
mem[X,0x0000000080002182] -> 0x012F
[2149] [M]: 0x0000000080002180 (0x012F1F13) slli t5, t5, 0x12
x30 <- 0x0000010000040000

mem[X,0x0000000080002184] -> 0x0EB7
mem[X,0x0000000080002186] -> 0x0000
[2150] [M]: 0x0000000080002184 (0x00000EB7) lui t4, 0x0
x29 <- 0x0000000000000000

mem[X,0x0000000080002188] -> 0x8E93
mem[X,0x000000008000218A] -> 0xFEFE
[2151] [M]: 0x0000000080002188 (0xFEFE8E93) addi t4, t4, -0x11
x29 <- 0xFFFFFFFFFFFFFFEF

mem[X,0x000000008000218C] -> 0x9E93
mem[X,0x000000008000218E] -> 0x00BE
[2152] [M]: 0x000000008000218C (0x00BE9E93) slli t4, t4, 0xb
x29 <- 0xFFFFFFFFFFFF7800

mem[X,0x0000000080002190] -> 0x8E93
mem[X,0x0000000080002192] -> 0x000E
[2153] [M]: 0x0000000080002190 (0x000E8E93) addi t4, t4, 0x0
x29 <- 0xFFFFFFFFFFFF7800

mem[X,0x0000000080002194] -> 0x9E93
mem[X,0x0000000080002196] -> 0x00BE
[2154] [M]: 0x0000000080002194 (0x00BE9E93) slli t4, t4, 0xb
x29 <- 0xFFFFFFFFFBC00000

mem[X,0x0000000080002198] -> 0x8E93
mem[X,0x000000008000219A] -> 0x008E
[2155] [M]: 0x0000000080002198 (0x008E8E93) addi t4, t4, 0x8
x29 <- 0xFFFFFFFFFBC00008

mem[X,0x000000008000219C] -> 0x9E93
mem[X,0x000000008000219E] -> 0x00AE
[2156] [M]: 0x000000008000219C (0x00AE9E93) slli t4, t4, 0xa
x29 <- 0xFFFFFFEF00002000

mem[X,0x00000000800021A0] -> 0x2F9B
mem[X,0x00000000800021A2] -> 0xFFDF
[2157] [M]: 0x00000000800021A0 (0xFFDF2F9B) shar t6, t5, t4
x31 <- 0x0000010000040000

mem[X,0x00000000800021A4] -> 0xB023
mem[X,0x00000000800021A6] -> 0x37F5
[2158] [M]: 0x00000000800021A4 (0x37F5B023) sd t6, 0x360(a1)
mem[0x0000000080005500] <- 0x0000010000040000

mem[X,0x00000000800021A8] -> 0x0F37
mem[X,0x00000000800021AA] -> 0x4000
[2159] [M]: 0x00000000800021A8 (0x40000F37) lui t5, 0x40000
x30 <- 0x0000000040000000

mem[X,0x00000000800021AC] -> 0x0F13
mem[X,0x00000000800021AE] -> 0x000F
[2160] [M]: 0x00000000800021AC (0x000F0F13) addi t5, t5, 0x0
x30 <- 0x0000000040000000

mem[X,0x00000000800021B0] -> 0x1F13
mem[X,0x00000000800021B2] -> 0x00BF
[2161] [M]: 0x00000000800021B0 (0x00BF1F13) slli t5, t5, 0xb
x30 <- 0x0000020000000000

mem[X,0x00000000800021B4] -> 0x0F13
mem[X,0x00000000800021B6] -> 0x7FFF
[2162] [M]: 0x00000000800021B4 (0x7FFF0F13) addi t5, t5, 0x7ff
x30 <- 0x00000200000007FF

mem[X,0x00000000800021B8] -> 0x1F13
mem[X,0x00000000800021BA] -> 0x00BF
[2163] [M]: 0x00000000800021B8 (0x00BF1F13) slli t5, t5, 0xb
x30 <- 0x00100000003FF800

mem[X,0x00000000800021BC] -> 0x0F13
mem[X,0x00000000800021BE] -> 0x7FBF
[2164] [M]: 0x00000000800021BC (0x7FBF0F13) addi t5, t5, 0x7fb
x30 <- 0x00100000003FFFFB

mem[X,0x00000000800021C0] -> 0x1F13
mem[X,0x00000000800021C2] -> 0x00AF
[2165] [M]: 0x00000000800021C0 (0x00AF1F13) slli t5, t5, 0xa
x30 <- 0x40000000FFFFEC00

mem[X,0x00000000800021C4] -> 0x0F13
mem[X,0x00000000800021C6] -> 0x3FFF
[2166] [M]: 0x00000000800021C4 (0x3FFF0F13) addi t5, t5, 0x3ff
x30 <- 0x40000000FFFFEFFF

mem[X,0x00000000800021C8] -> 0x0EB7
mem[X,0x00000000800021CA] -> 0x0000
[2167] [M]: 0x00000000800021C8 (0x00000EB7) lui t4, 0x0
x29 <- 0x0000000000000000

mem[X,0x00000000800021CC] -> 0x8E93
mem[X,0x00000000800021CE] -> 0xFDFE
[2168] [M]: 0x00000000800021CC (0xFDFE8E93) addi t4, t4, -0x21
x29 <- 0xFFFFFFFFFFFFFFDF

mem[X,0x00000000800021D0] -> 0x9E93
mem[X,0x00000000800021D2] -> 0x00BE
[2169] [M]: 0x00000000800021D0 (0x00BE9E93) slli t4, t4, 0xb
x29 <- 0xFFFFFFFFFFFEF800

mem[X,0x00000000800021D4] -> 0x8E93
mem[X,0x00000000800021D6] -> 0x7FFE
[2170] [M]: 0x00000000800021D4 (0x7FFE8E93) addi t4, t4, 0x7ff
x29 <- 0xFFFFFFFFFFFEFFFF

mem[X,0x00000000800021D8] -> 0x9E93
mem[X,0x00000000800021DA] -> 0x00BE
[2171] [M]: 0x00000000800021D8 (0x00BE9E93) slli t4, t4, 0xb
x29 <- 0xFFFFFFFFF7FFF800

mem[X,0x00000000800021DC] -> 0x8E93
mem[X,0x00000000800021DE] -> 0x7FFE
[2172] [M]: 0x00000000800021DC (0x7FFE8E93) addi t4, t4, 0x7ff
x29 <- 0xFFFFFFFFF7FFFFFF

mem[X,0x00000000800021E0] -> 0x9E93
mem[X,0x00000000800021E2] -> 0x00AE
[2173] [M]: 0x00000000800021E0 (0x00AE9E93) slli t4, t4, 0xa
x29 <- 0xFFFFFFDFFFFFFC00

mem[X,0x00000000800021E4] -> 0x8E93
mem[X,0x00000000800021E6] -> 0x3FDE
[2174] [M]: 0x00000000800021E4 (0x3FDE8E93) addi t4, t4, 0x3fd
x29 <- 0xFFFFFFDFFFFFFFFD

mem[X,0x00000000800021E8] -> 0x2F9B
mem[X,0x00000000800021EA] -> 0xFFDF
[2175] [M]: 0x00000000800021E8 (0xFFDF2F9B) shar t6, t5, t4
x31 <- 0x080000001FFFFE00

mem[X,0x00000000800021EC] -> 0xB423
mem[X,0x00000000800021EE] -> 0x37F5
[2176] [M]: 0x00000000800021EC (0x37F5B423) sd t6, 0x368(a1)
mem[0x0000000080005508] <- 0x080000001FFFFE00

mem[X,0x00000000800021F0] -> 0xEF37
mem[X,0x00000000800021F2] -> 0xFFFF
[2177] [M]: 0x00000000800021F0 (0xFFFFEF37) lui t5, -0x2
x30 <- 0xFFFFFFFFFFFFE000

mem[X,0x00000000800021F4] -> 0x0F13
mem[X,0x00000000800021F6] -> 0xFFFF
[2178] [M]: 0x00000000800021F4 (0xFFFF0F13) addi t5, t5, -0x1
x30 <- 0xFFFFFFFFFFFFDFFF

mem[X,0x00000000800021F8] -> 0x1F13
mem[X,0x00000000800021FA] -> 0x00BF
[2179] [M]: 0x00000000800021F8 (0x00BF1F13) slli t5, t5, 0xb
x30 <- 0xFFFFFFFFFEFFF800

mem[X,0x00000000800021FC] -> 0x0F13
mem[X,0x00000000800021FE] -> 0x7FFF
[2180] [M]: 0x00000000800021FC (0x7FFF0F13) addi t5, t5, 0x7ff
x30 <- 0xFFFFFFFFFEFFFFFF

mem[X,0x0000000080002200] -> 0x1F13
mem[X,0x0000000080002202] -> 0x00BF
[2181] [M]: 0x0000000080002200 (0x00BF1F13) slli t5, t5, 0xb
x30 <- 0xFFFFFFF7FFFFF800

mem[X,0x0000000080002204] -> 0x0F13
mem[X,0x0000000080002206] -> 0x3FFF
[2182] [M]: 0x0000000080002204 (0x3FFF0F13) addi t5, t5, 0x3ff
x30 <- 0xFFFFFFF7FFFFFBFF

mem[X,0x0000000080002208] -> 0x1F13
mem[X,0x000000008000220A] -> 0x00AF
[2183] [M]: 0x0000000080002208 (0x00AF1F13) slli t5, t5, 0xa
x30 <- 0xFFFFDFFFFFEFFC00

mem[X,0x000000008000220C] -> 0x0F13
mem[X,0x000000008000220E] -> 0x3FFF
[2184] [M]: 0x000000008000220C (0x3FFF0F13) addi t5, t5, 0x3ff
x30 <- 0xFFFFDFFFFFEFFFFF

mem[X,0x0000000080002210] -> 0x0EB7
mem[X,0x0000000080002212] -> 0x0000
[2185] [M]: 0x0000000080002210 (0x00000EB7) lui t4, 0x0
x29 <- 0x0000000000000000

mem[X,0x0000000080002214] -> 0x8E93
mem[X,0x0000000080002216] -> 0xF7FE
[2186] [M]: 0x0000000080002214 (0xF7FE8E93) addi t4, t4, -0x81
x29 <- 0xFFFFFFFFFFFFFF7F

mem[X,0x0000000080002218] -> 0x9E93
mem[X,0x000000008000221A] -> 0x00BE
[2187] [M]: 0x0000000080002218 (0x00BE9E93) slli t4, t4, 0xb
x29 <- 0xFFFFFFFFFFFBF800

mem[X,0x000000008000221C] -> 0x8E93
mem[X,0x000000008000221E] -> 0x7BFE
[2188] [M]: 0x000000008000221C (0x7BFE8E93) addi t4, t4, 0x7bf
x29 <- 0xFFFFFFFFFFFBFFBF

mem[X,0x0000000080002220] -> 0x9E93
mem[X,0x0000000080002222] -> 0x00BE
[2189] [M]: 0x0000000080002220 (0x00BE9E93) slli t4, t4, 0xb
x29 <- 0xFFFFFFFFDFFDF800

mem[X,0x0000000080002224] -> 0x8E93
mem[X,0x0000000080002226] -> 0x7FFE
[2190] [M]: 0x0000000080002224 (0x7FFE8E93) addi t4, t4, 0x7ff
x29 <- 0xFFFFFFFFDFFDFFFF

mem[X,0x0000000080002228] -> 0x9E93
mem[X,0x000000008000222A] -> 0x00AE
[2191] [M]: 0x0000000080002228 (0x00AE9E93) slli t4, t4, 0xa
x29 <- 0xFFFFFF7FF7FFFC00

mem[X,0x000000008000222C] -> 0x8E93
mem[X,0x000000008000222E] -> 0x3FFE
[2192] [M]: 0x000000008000222C (0x3FFE8E93) addi t4, t4, 0x3ff
x29 <- 0xFFFFFF7FF7FFFFFF

mem[X,0x0000000080002230] -> 0x2F9B
mem[X,0x0000000080002232] -> 0xFFDF
[2193] [M]: 0x0000000080002230 (0xFFDF2F9B) shar t6, t5, t4
x31 <- 0xFFFFEFFFFFF80000

mem[X,0x0000000080002234] -> 0xB823
mem[X,0x0000000080002236] -> 0x37F5
[2194] [M]: 0x0000000080002234 (0x37F5B823) sd t6, 0x370(a1)
mem[0x0000000080005510] <- 0xFFFFEFFFFFF80000

mem[X,0x0000000080002238] -> 0x0F37
mem[X,0x000000008000223A] -> 0xFFFE
[2195] [M]: 0x0000000080002238 (0xFFFE0F37) lui t5, -0x20
x30 <- 0xFFFFFFFFFFFE0000

mem[X,0x000000008000223C] -> 0x0F13
mem[X,0x000000008000223E] -> 0xFFFF
[2196] [M]: 0x000000008000223C (0xFFFF0F13) addi t5, t5, -0x1
x30 <- 0xFFFFFFFFFFFDFFFF

mem[X,0x0000000080002240] -> 0x1F13
mem[X,0x0000000080002242] -> 0x00BF
[2197] [M]: 0x0000000080002240 (0x00BF1F13) slli t5, t5, 0xb
x30 <- 0xFFFFFFFFEFFFF800

mem[X,0x0000000080002244] -> 0x0F13
mem[X,0x0000000080002246] -> 0x000F
[2198] [M]: 0x0000000080002244 (0x000F0F13) addi t5, t5, 0x0
x30 <- 0xFFFFFFFFEFFFF800

mem[X,0x0000000080002248] -> 0x1F13
mem[X,0x000000008000224A] -> 0x00BF
[2199] [M]: 0x0000000080002248 (0x00BF1F13) slli t5, t5, 0xb
x30 <- 0xFFFFFF7FFFC00000

clint::tick mtime <- 0x0000000000000016
 clint timer pending at mtime 0x0000000000000016
htif::tick 0x0000000000000000
mem[X,0x000000008000224C] -> 0x0F13
mem[X,0x000000008000224E] -> 0x004F
[2200] [M]: 0x000000008000224C (0x004F0F13) addi t5, t5, 0x4
x30 <- 0xFFFFFF7FFFC00004

mem[X,0x0000000080002250] -> 0x1F13
mem[X,0x0000000080002252] -> 0x00AF
[2201] [M]: 0x0000000080002250 (0x00AF1F13) slli t5, t5, 0xa
x30 <- 0xFFFDFFFF00001000

mem[X,0x0000000080002254] -> 0x0EB7
mem[X,0x0000000080002256] -> 0x0000
[2202] [M]: 0x0000000080002254 (0x00000EB7) lui t4, 0x0
x29 <- 0x0000000000000000

mem[X,0x0000000080002258] -> 0x8E93
mem[X,0x000000008000225A] -> 0xFFEE
[2203] [M]: 0x0000000080002258 (0xFFEE8E93) addi t4, t4, -0x2
x29 <- 0xFFFFFFFFFFFFFFFE

mem[X,0x000000008000225C] -> 0x9E93
mem[X,0x000000008000225E] -> 0x00BE
[2204] [M]: 0x000000008000225C (0x00BE9E93) slli t4, t4, 0xb
x29 <- 0xFFFFFFFFFFFFF000

mem[X,0x0000000080002260] -> 0x8E93
mem[X,0x0000000080002262] -> 0x000E
[2205] [M]: 0x0000000080002260 (0x000E8E93) addi t4, t4, 0x0
x29 <- 0xFFFFFFFFFFFFF000

mem[X,0x0000000080002264] -> 0x9E93
mem[X,0x0000000080002266] -> 0x00BE
[2206] [M]: 0x0000000080002264 (0x00BE9E93) slli t4, t4, 0xb
x29 <- 0xFFFFFFFFFF800000

mem[X,0x0000000080002268] -> 0x8E93
mem[X,0x000000008000226A] -> 0x000E
[2207] [M]: 0x0000000080002268 (0x000E8E93) addi t4, t4, 0x0
x29 <- 0xFFFFFFFFFF800000

mem[X,0x000000008000226C] -> 0x9E93
mem[X,0x000000008000226E] -> 0x00AE
[2208] [M]: 0x000000008000226C (0x00AE9E93) slli t4, t4, 0xa
x29 <- 0xFFFFFFFE00000000

mem[X,0x0000000080002270] -> 0x8E93
mem[X,0x0000000080002272] -> 0x008E
[2209] [M]: 0x0000000080002270 (0x008E8E93) addi t4, t4, 0x8
x29 <- 0xFFFFFFFE00000008

mem[X,0x0000000080002274] -> 0x2F9B
mem[X,0x0000000080002276] -> 0xFFDF
[2210] [M]: 0x0000000080002274 (0xFFDF2F9B) shar t6, t5, t4
x31 <- 0xFDFFFF0000100000

mem[X,0x0000000080002278] -> 0xBC23
mem[X,0x000000008000227A] -> 0x37F5
[2211] [M]: 0x0000000080002278 (0x37F5BC23) sd t6, 0x378(a1)
mem[0x0000000080005518] <- 0xFDFFFF0000100000

mem[X,0x000000008000227C] -> 0x0F37
mem[X,0x000000008000227E] -> 0xFFFC
[2212] [M]: 0x000000008000227C (0xFFFC0F37) lui t5, -0x40
x30 <- 0xFFFFFFFFFFFC0000

mem[X,0x0000000080002280] -> 0x0F13
mem[X,0x0000000080002282] -> 0xFFFF
[2213] [M]: 0x0000000080002280 (0xFFFF0F13) addi t5, t5, -0x1
x30 <- 0xFFFFFFFFFFFBFFFF

mem[X,0x0000000080002284] -> 0x1F13
mem[X,0x0000000080002286] -> 0x00BF
[2214] [M]: 0x0000000080002284 (0x00BF1F13) slli t5, t5, 0xb
x30 <- 0xFFFFFFFFDFFFF800

mem[X,0x0000000080002288] -> 0x0F13
mem[X,0x000000008000228A] -> 0x000F
[2215] [M]: 0x0000000080002288 (0x000F0F13) addi t5, t5, 0x0
x30 <- 0xFFFFFFFFDFFFF800

mem[X,0x000000008000228C] -> 0x1F13
mem[X,0x000000008000228E] -> 0x00BF
[2216] [M]: 0x000000008000228C (0x00BF1F13) slli t5, t5, 0xb
x30 <- 0xFFFFFEFFFFC00000

mem[X,0x0000000080002290] -> 0x0F13
mem[X,0x0000000080002292] -> 0x000F
[2217] [M]: 0x0000000080002290 (0x000F0F13) addi t5, t5, 0x0
x30 <- 0xFFFFFEFFFFC00000

mem[X,0x0000000080002294] -> 0x1F13
mem[X,0x0000000080002296] -> 0x00AF
[2218] [M]: 0x0000000080002294 (0x00AF1F13) slli t5, t5, 0xa
x30 <- 0xFFFBFFFF00000000

mem[X,0x0000000080002298] -> 0x0F13
mem[X,0x000000008000229A] -> 0x001F
[2219] [M]: 0x0000000080002298 (0x001F0F13) addi t5, t5, 0x1
x30 <- 0xFFFBFFFF00000001

mem[X,0x000000008000229C] -> 0x0EB7
mem[X,0x000000008000229E] -> 0x0008
[2220] [M]: 0x000000008000229C (0x00080EB7) lui t4, 0x80
x29 <- 0x0000000000080000

mem[X,0x00000000800022A0] -> 0x8E93
mem[X,0x00000000800022A2] -> 0x000E
[2221] [M]: 0x00000000800022A0 (0x000E8E93) addi t4, t4, 0x0
x29 <- 0x0000000000080000

mem[X,0x00000000800022A4] -> 0x9E93
mem[X,0x00000000800022A6] -> 0x00BE
[2222] [M]: 0x00000000800022A4 (0x00BE9E93) slli t4, t4, 0xb
x29 <- 0x0000000040000000

mem[X,0x00000000800022A8] -> 0x8E93
mem[X,0x00000000800022AA] -> 0x6FFE
[2223] [M]: 0x00000000800022A8 (0x6FFE8E93) addi t4, t4, 0x6ff
x29 <- 0x00000000400006FF

mem[X,0x00000000800022AC] -> 0x9E93
mem[X,0x00000000800022AE] -> 0x00BE
[2224] [M]: 0x00000000800022AC (0x00BE9E93) slli t4, t4, 0xb
x29 <- 0x000002000037F800

mem[X,0x00000000800022B0] -> 0x8E93
mem[X,0x00000000800022B2] -> 0x7FFE
[2225] [M]: 0x00000000800022B0 (0x7FFE8E93) addi t4, t4, 0x7ff
x29 <- 0x000002000037FFFF

mem[X,0x00000000800022B4] -> 0x9E93
mem[X,0x00000000800022B6] -> 0x00AE
[2226] [M]: 0x00000000800022B4 (0x00AE9E93) slli t4, t4, 0xa
x29 <- 0x00080000DFFFFC00

mem[X,0x00000000800022B8] -> 0x8E93
mem[X,0x00000000800022BA] -> 0x3FFE
[2227] [M]: 0x00000000800022B8 (0x3FFE8E93) addi t4, t4, 0x3ff
x29 <- 0x00080000DFFFFFFF

mem[X,0x00000000800022BC] -> 0x2F9B
mem[X,0x00000000800022BE] -> 0xFFDF
[2228] [M]: 0x00000000800022BC (0xFFDF2F9B) shar t6, t5, t4
x31 <- 0xFFFDFFFF80000001

mem[X,0x00000000800022C0] -> 0xB023
mem[X,0x00000000800022C2] -> 0x39F5
[2229] [M]: 0x00000000800022C0 (0x39F5B023) sd t6, 0x380(a1)
mem[0x0000000080005520] <- 0xFFFDFFFF80000001

mem[X,0x00000000800022C4] -> 0x0F37
mem[X,0x00000000800022C6] -> 0xFFE0
[2230] [M]: 0x00000000800022C4 (0xFFE00F37) lui t5, -0x200
x30 <- 0xFFFFFFFFFFE00000

mem[X,0x00000000800022C8] -> 0x0F13
mem[X,0x00000000800022CA] -> 0xFFFF
[2231] [M]: 0x00000000800022C8 (0xFFFF0F13) addi t5, t5, -0x1
x30 <- 0xFFFFFFFFFFDFFFFF

mem[X,0x00000000800022CC] -> 0x1F13
mem[X,0x00000000800022CE] -> 0x00BF
[2232] [M]: 0x00000000800022CC (0x00BF1F13) slli t5, t5, 0xb
x30 <- 0xFFFFFFFEFFFFF800

mem[X,0x00000000800022D0] -> 0x0F13
mem[X,0x00000000800022D2] -> 0x7FFF
[2233] [M]: 0x00000000800022D0 (0x7FFF0F13) addi t5, t5, 0x7ff
x30 <- 0xFFFFFFFEFFFFFFFF

mem[X,0x00000000800022D4] -> 0x1F13
mem[X,0x00000000800022D6] -> 0x00BF
[2234] [M]: 0x00000000800022D4 (0x00BF1F13) slli t5, t5, 0xb
x30 <- 0xFFFFF7FFFFFFF800

mem[X,0x00000000800022D8] -> 0x0F13
mem[X,0x00000000800022DA] -> 0x7FFF
[2235] [M]: 0x00000000800022D8 (0x7FFF0F13) addi t5, t5, 0x7ff
x30 <- 0xFFFFF7FFFFFFFFFF

mem[X,0x00000000800022DC] -> 0x1F13
mem[X,0x00000000800022DE] -> 0x00AF
[2236] [M]: 0x00000000800022DC (0x00AF1F13) slli t5, t5, 0xa
x30 <- 0xFFDFFFFFFFFFFC00

mem[X,0x00000000800022E0] -> 0x0F13
mem[X,0x00000000800022E2] -> 0x3F6F
[2237] [M]: 0x00000000800022E0 (0x3F6F0F13) addi t5, t5, 0x3f6
x30 <- 0xFFDFFFFFFFFFFFF6

mem[X,0x00000000800022E4] -> 0x0EB7
mem[X,0x00000000800022E6] -> 0xF800
[2238] [M]: 0x00000000800022E4 (0xF8000EB7) lui t4, -0x8000
x29 <- 0xFFFFFFFFF8000000

mem[X,0x00000000800022E8] -> 0x8E93
mem[X,0x00000000800022EA] -> 0xFFFE
[2239] [M]: 0x00000000800022E8 (0xFFFE8E93) addi t4, t4, -0x1
x29 <- 0xFFFFFFFFF7FFFFFF

mem[X,0x00000000800022EC] -> 0x9E93
mem[X,0x00000000800022EE] -> 0x00BE
[2240] [M]: 0x00000000800022EC (0x00BE9E93) slli t4, t4, 0xb
x29 <- 0xFFFFFFBFFFFFF800

mem[X,0x00000000800022F0] -> 0x8E93
mem[X,0x00000000800022F2] -> 0x7BFE
[2241] [M]: 0x00000000800022F0 (0x7BFE8E93) addi t4, t4, 0x7bf
x29 <- 0xFFFFFFBFFFFFFFBF

mem[X,0x00000000800022F4] -> 0x9E93
mem[X,0x00000000800022F6] -> 0x00BE
[2242] [M]: 0x00000000800022F4 (0x00BE9E93) slli t4, t4, 0xb
x29 <- 0xFFFDFFFFFFFDF800

mem[X,0x00000000800022F8] -> 0x8E93
mem[X,0x00000000800022FA] -> 0x7FFE
[2243] [M]: 0x00000000800022F8 (0x7FFE8E93) addi t4, t4, 0x7ff
x29 <- 0xFFFDFFFFFFFDFFFF

mem[X,0x00000000800022FC] -> 0x9E93
mem[X,0x00000000800022FE] -> 0x00AE
[2244] [M]: 0x00000000800022FC (0x00AE9E93) slli t4, t4, 0xa
x29 <- 0xF7FFFFFFF7FFFC00

mem[X,0x0000000080002300] -> 0x8E93
mem[X,0x0000000080002302] -> 0x3FFE
[2245] [M]: 0x0000000080002300 (0x3FFE8E93) addi t4, t4, 0x3ff
x29 <- 0xF7FFFFFFF7FFFFFF

mem[X,0x0000000080002304] -> 0x2F9B
mem[X,0x0000000080002306] -> 0xFFDF
[2246] [M]: 0x0000000080002304 (0xFFDF2F9B) shar t6, t5, t4
x31 <- 0xFFEFFFFFFFFFFFFB

mem[X,0x0000000080002308] -> 0xB423
mem[X,0x000000008000230A] -> 0x39F5
[2247] [M]: 0x0000000080002308 (0x39F5B423) sd t6, 0x388(a1)
mem[0x0000000080005528] <- 0xFFEFFFFFFFFFFFFB

mem[X,0x000000008000230C] -> 0x0F37
mem[X,0x000000008000230E] -> 0x0800
[2248] [M]: 0x000000008000230C (0x08000F37) lui t5, 0x8000
x30 <- 0x0000000008000000

mem[X,0x0000000080002310] -> 0x0F13
mem[X,0x0000000080002312] -> 0x001F
[2249] [M]: 0x0000000080002310 (0x001F0F13) addi t5, t5, 0x1
x30 <- 0x0000000008000001

mem[X,0x0000000080002314] -> 0x1F13
mem[X,0x0000000080002316] -> 0x00CF
[2250] [M]: 0x0000000080002314 (0x00CF1F13) slli t5, t5, 0xc
x30 <- 0x0000008000001000

mem[X,0x0000000080002318] -> 0x0EB7
mem[X,0x000000008000231A] -> 0x0000
[2251] [M]: 0x0000000080002318 (0x00000EB7) lui t4, 0x0
x29 <- 0x0000000000000000

mem[X,0x000000008000231C] -> 0x8E93
mem[X,0x000000008000231E] -> 0xEFFE
[2252] [M]: 0x000000008000231C (0xEFFE8E93) addi t4, t4, -0x101
x29 <- 0xFFFFFFFFFFFFFEFF

mem[X,0x0000000080002320] -> 0x9E93
mem[X,0x0000000080002322] -> 0x00BE
[2253] [M]: 0x0000000080002320 (0x00BE9E93) slli t4, t4, 0xb
x29 <- 0xFFFFFFFFFFF7F800

mem[X,0x0000000080002324] -> 0x8E93
mem[X,0x0000000080002326] -> 0x1FFE
[2254] [M]: 0x0000000080002324 (0x1FFE8E93) addi t4, t4, 0x1ff
x29 <- 0xFFFFFFFFFFF7F9FF

mem[X,0x0000000080002328] -> 0x9E93
mem[X,0x000000008000232A] -> 0x00BE
[2255] [M]: 0x0000000080002328 (0x00BE9E93) slli t4, t4, 0xb
x29 <- 0xFFFFFFFFBFCFF800

mem[X,0x000000008000232C] -> 0x8E93
mem[X,0x000000008000232E] -> 0x7FFE
[2256] [M]: 0x000000008000232C (0x7FFE8E93) addi t4, t4, 0x7ff
x29 <- 0xFFFFFFFFBFCFFFFF

mem[X,0x0000000080002330] -> 0x9E93
mem[X,0x0000000080002332] -> 0x00AE
[2257] [M]: 0x0000000080002330 (0x00AE9E93) slli t4, t4, 0xa
x29 <- 0xFFFFFEFF3FFFFC00

mem[X,0x0000000080002334] -> 0x8E93
mem[X,0x0000000080002336] -> 0x3FFE
[2258] [M]: 0x0000000080002334 (0x3FFE8E93) addi t4, t4, 0x3ff
x29 <- 0xFFFFFEFF3FFFFFFF

mem[X,0x0000000080002338] -> 0x2F9B
mem[X,0x000000008000233A] -> 0xFFDF
[2259] [M]: 0x0000000080002338 (0xFFDF2F9B) shar t6, t5, t4
x31 <- 0x0000004000000800

mem[X,0x000000008000233C] -> 0xB823
mem[X,0x000000008000233E] -> 0x39F5
[2260] [M]: 0x000000008000233C (0x39F5B823) sd t6, 0x390(a1)
mem[0x0000000080005530] <- 0x0000004000000800

mem[X,0x0000000080002340] -> 0x0F13
mem[X,0x0000000080002342] -> 0x0010
[2261] [M]: 0x0000000080002340 (0x00100F13) addi t5, zero, 0x1
x30 <- 0x0000000000000001

mem[X,0x0000000080002344] -> 0x1F13
mem[X,0x0000000080002346] -> 0x03EF
[2262] [M]: 0x0000000080002344 (0x03EF1F13) slli t5, t5, 0x3e
x30 <- 0x4000000000000000

mem[X,0x0000000080002348] -> 0x4F13
mem[X,0x000000008000234A] -> 0xFFFF
[2263] [M]: 0x0000000080002348 (0xFFFF4F13) xori t5, t5, -0x1
x30 <- 0xBFFFFFFFFFFFFFFF

mem[X,0x000000008000234C] -> 0x0EB7
mem[X,0x000000008000234E] -> 0xFFFE
[2264] [M]: 0x000000008000234C (0xFFFE0EB7) lui t4, -0x20
x29 <- 0xFFFFFFFFFFFE0000

mem[X,0x0000000080002350] -> 0x8E93
mem[X,0x0000000080002352] -> 0xFFFE
[2265] [M]: 0x0000000080002350 (0xFFFE8E93) addi t4, t4, -0x1
x29 <- 0xFFFFFFFFFFFDFFFF

mem[X,0x0000000080002354] -> 0x9E93
mem[X,0x0000000080002356] -> 0x00BE
[2266] [M]: 0x0000000080002354 (0x00BE9E93) slli t4, t4, 0xb
x29 <- 0xFFFFFFFFEFFFF800

mem[X,0x0000000080002358] -> 0x8E93
mem[X,0x000000008000235A] -> 0x5FFE
[2267] [M]: 0x0000000080002358 (0x5FFE8E93) addi t4, t4, 0x5ff
x29 <- 0xFFFFFFFFEFFFFDFF

mem[X,0x000000008000235C] -> 0x9E93
mem[X,0x000000008000235E] -> 0x00BE
[2268] [M]: 0x000000008000235C (0x00BE9E93) slli t4, t4, 0xb
x29 <- 0xFFFFFF7FFFEFF800

mem[X,0x0000000080002360] -> 0x8E93
mem[X,0x0000000080002362] -> 0x7FFE
[2269] [M]: 0x0000000080002360 (0x7FFE8E93) addi t4, t4, 0x7ff
x29 <- 0xFFFFFF7FFFEFFFFF

mem[X,0x0000000080002364] -> 0x9E93
mem[X,0x0000000080002366] -> 0x00AE
[2270] [M]: 0x0000000080002364 (0x00AE9E93) slli t4, t4, 0xa
x29 <- 0xFFFDFFFFBFFFFC00

mem[X,0x0000000080002368] -> 0x8E93
mem[X,0x000000008000236A] -> 0x3FFE
[2271] [M]: 0x0000000080002368 (0x3FFE8E93) addi t4, t4, 0x3ff
x29 <- 0xFFFDFFFFBFFFFFFF

mem[X,0x000000008000236C] -> 0x2F9B
mem[X,0x000000008000236E] -> 0xFFDF
[2272] [M]: 0x000000008000236C (0xFFDF2F9B) shar t6, t5, t4
x31 <- 0xE000000000000000

mem[X,0x0000000080002370] -> 0xBC23
mem[X,0x0000000080002372] -> 0x39F5
[2273] [M]: 0x0000000080002370 (0x39F5BC23) sd t6, 0x398(a1)
mem[0x0000000080005538] <- 0xE000000000000000

mem[X,0x0000000080002374] -> 0x0F13
mem[X,0x0000000080002376] -> 0x0010
[2274] [M]: 0x0000000080002374 (0x00100F13) addi t5, zero, 0x1
x30 <- 0x0000000000000001

mem[X,0x0000000080002378] -> 0x1F13
mem[X,0x000000008000237A] -> 0x020F
[2275] [M]: 0x0000000080002378 (0x020F1F13) slli t5, t5, 0x20
x30 <- 0x0000000100000000

mem[X,0x000000008000237C] -> 0x0EB7
mem[X,0x000000008000237E] -> 0x0002
[2276] [M]: 0x000000008000237C (0x00020EB7) lui t4, 0x20
x29 <- 0x0000000000020000

mem[X,0x0000000080002380] -> 0x8E93
mem[X,0x0000000080002382] -> 0x000E
[2277] [M]: 0x0000000080002380 (0x000E8E93) addi t4, t4, 0x0
x29 <- 0x0000000000020000

mem[X,0x0000000080002384] -> 0x9E93
mem[X,0x0000000080002386] -> 0x00BE
[2278] [M]: 0x0000000080002384 (0x00BE9E93) slli t4, t4, 0xb
x29 <- 0x0000000010000000

mem[X,0x0000000080002388] -> 0x8E93
mem[X,0x000000008000238A] -> 0x7FDE
[2279] [M]: 0x0000000080002388 (0x7FDE8E93) addi t4, t4, 0x7fd
x29 <- 0x00000000100007FD

mem[X,0x000000008000238C] -> 0x9E93
mem[X,0x000000008000238E] -> 0x00BE
[2280] [M]: 0x000000008000238C (0x00BE9E93) slli t4, t4, 0xb
x29 <- 0x00000080003FE800

mem[X,0x0000000080002390] -> 0x8E93
mem[X,0x0000000080002392] -> 0x7FFE
[2281] [M]: 0x0000000080002390 (0x7FFE8E93) addi t4, t4, 0x7ff
x29 <- 0x00000080003FEFFF

mem[X,0x0000000080002394] -> 0x9E93
mem[X,0x0000000080002396] -> 0x00AE
[2282] [M]: 0x0000000080002394 (0x00AE9E93) slli t4, t4, 0xa
x29 <- 0x00020000FFBFFC00

mem[X,0x0000000080002398] -> 0x8E93
mem[X,0x000000008000239A] -> 0x3FFE
[2283] [M]: 0x0000000080002398 (0x3FFE8E93) addi t4, t4, 0x3ff
x29 <- 0x00020000FFBFFFFF

mem[X,0x000000008000239C] -> 0x2F9B
mem[X,0x000000008000239E] -> 0xFFDF
[2284] [M]: 0x000000008000239C (0xFFDF2F9B) shar t6, t5, t4
x31 <- 0x0000000080000000

mem[X,0x00000000800023A0] -> 0xB023
mem[X,0x00000000800023A2] -> 0x3BF5
[2285] [M]: 0x00000000800023A0 (0x3BF5B023) sd t6, 0x3a0(a1)
mem[0x0000000080005540] <- 0x0000000080000000

mem[X,0x00000000800023A4] -> 0x0F37
mem[X,0x00000000800023A6] -> 0x0180
[2286] [M]: 0x00000000800023A4 (0x01800F37) lui t5, 0x1800
x30 <- 0x0000000001800000

mem[X,0x00000000800023A8] -> 0x0F13
mem[X,0x00000000800023AA] -> 0x001F
[2287] [M]: 0x00000000800023A8 (0x001F0F13) addi t5, t5, 0x1
x30 <- 0x0000000001800001

mem[X,0x00000000800023AC] -> 0x1F13
mem[X,0x00000000800023AE] -> 0x009F
[2288] [M]: 0x00000000800023AC (0x009F1F13) slli t5, t5, 0x9
x30 <- 0x0000000300000200

mem[X,0x00000000800023B0] -> 0x8EB7
mem[X,0x00000000800023B2] -> 0xFFFF
[2289] [M]: 0x00000000800023B0 (0xFFFF8EB7) lui t4, -0x8
x29 <- 0xFFFFFFFFFFFF8000

mem[X,0x00000000800023B4] -> 0x8E93
mem[X,0x00000000800023B6] -> 0xFFFE
[2290] [M]: 0x00000000800023B4 (0xFFFE8E93) addi t4, t4, -0x1
x29 <- 0xFFFFFFFFFFFF7FFF

mem[X,0x00000000800023B8] -> 0x9E93
mem[X,0x00000000800023BA] -> 0x00BE
[2291] [M]: 0x00000000800023B8 (0x00BE9E93) slli t4, t4, 0xb
x29 <- 0xFFFFFFFFFBFFF800

mem[X,0x00000000800023BC] -> 0x8E93
mem[X,0x00000000800023BE] -> 0x7FFE
[2292] [M]: 0x00000000800023BC (0x7FFE8E93) addi t4, t4, 0x7ff
x29 <- 0xFFFFFFFFFBFFFFFF

mem[X,0x00000000800023C0] -> 0x9E93
mem[X,0x00000000800023C2] -> 0x00BE
[2293] [M]: 0x00000000800023C0 (0x00BE9E93) slli t4, t4, 0xb
x29 <- 0xFFFFFFDFFFFFF800

mem[X,0x00000000800023C4] -> 0x8E93
mem[X,0x00000000800023C6] -> 0x7FFE
[2294] [M]: 0x00000000800023C4 (0x7FFE8E93) addi t4, t4, 0x7ff
x29 <- 0xFFFFFFDFFFFFFFFF

mem[X,0x00000000800023C8] -> 0x9E93
mem[X,0x00000000800023CA] -> 0x00AE
[2295] [M]: 0x00000000800023C8 (0x00AE9E93) slli t4, t4, 0xa
x29 <- 0xFFFF7FFFFFFFFC00

mem[X,0x00000000800023CC] -> 0x8E93
mem[X,0x00000000800023CE] -> 0x3FBE
[2296] [M]: 0x00000000800023CC (0x3FBE8E93) addi t4, t4, 0x3fb
x29 <- 0xFFFF7FFFFFFFFFFB

mem[X,0x00000000800023D0] -> 0x2F9B
mem[X,0x00000000800023D2] -> 0xFFDF
[2297] [M]: 0x00000000800023D0 (0xFFDF2F9B) shar t6, t5, t4
x31 <- 0x0000000018000010

mem[X,0x00000000800023D4] -> 0xB423
mem[X,0x00000000800023D6] -> 0x3BF5
[2298] [M]: 0x00000000800023D4 (0x3BF5B423) sd t6, 0x3a8(a1)
mem[0x0000000080005548] <- 0x0000000018000010

mem[X,0x00000000800023D8] -> 0x0F37
mem[X,0x00000000800023DA] -> 0x0800
[2299] [M]: 0x00000000800023D8 (0x08000F37) lui t5, 0x8000
x30 <- 0x0000000008000000

clint::tick mtime <- 0x0000000000000017
 clint timer pending at mtime 0x0000000000000017
htif::tick 0x0000000000000000
mem[X,0x00000000800023DC] -> 0x0F13
mem[X,0x00000000800023DE] -> 0x001F
[2300] [M]: 0x00000000800023DC (0x001F0F13) addi t5, t5, 0x1
x30 <- 0x0000000008000001

mem[X,0x00000000800023E0] -> 0x1F13
mem[X,0x00000000800023E2] -> 0x01BF
[2301] [M]: 0x00000000800023E0 (0x01BF1F13) slli t5, t5, 0x1b
x30 <- 0x0040000008000000

mem[X,0x00000000800023E4] -> 0x0EB7
mem[X,0x00000000800023E6] -> 0xFF80
[2302] [M]: 0x00000000800023E4 (0xFF800EB7) lui t4, -0x800
x29 <- 0xFFFFFFFFFF800000

mem[X,0x00000000800023E8] -> 0x8E93
mem[X,0x00000000800023EA] -> 0xFFFE
[2303] [M]: 0x00000000800023E8 (0xFFFE8E93) addi t4, t4, -0x1
x29 <- 0xFFFFFFFFFF7FFFFF

mem[X,0x00000000800023EC] -> 0x9E93
mem[X,0x00000000800023EE] -> 0x00BE
[2304] [M]: 0x00000000800023EC (0x00BE9E93) slli t4, t4, 0xb
x29 <- 0xFFFFFFFBFFFFF800

mem[X,0x00000000800023F0] -> 0x8E93
mem[X,0x00000000800023F2] -> 0x7FEE
[2305] [M]: 0x00000000800023F0 (0x7FEE8E93) addi t4, t4, 0x7fe
x29 <- 0xFFFFFFFBFFFFFFFE

mem[X,0x00000000800023F4] -> 0x9E93
mem[X,0x00000000800023F6] -> 0x00BE
[2306] [M]: 0x00000000800023F4 (0x00BE9E93) slli t4, t4, 0xb
x29 <- 0xFFFFDFFFFFFFF000

mem[X,0x00000000800023F8] -> 0x8E93
mem[X,0x00000000800023FA] -> 0x7FFE
[2307] [M]: 0x00000000800023F8 (0x7FFE8E93) addi t4, t4, 0x7ff
x29 <- 0xFFFFDFFFFFFFF7FF

mem[X,0x00000000800023FC] -> 0x9E93
mem[X,0x00000000800023FE] -> 0x00AE
[2308] [M]: 0x00000000800023FC (0x00AE9E93) slli t4, t4, 0xa
x29 <- 0xFF7FFFFFFFDFFC00

mem[X,0x0000000080002400] -> 0x8E93
mem[X,0x0000000080002402] -> 0x3FFE
[2309] [M]: 0x0000000080002400 (0x3FFE8E93) addi t4, t4, 0x3ff
x29 <- 0xFF7FFFFFFFDFFFFF

mem[X,0x0000000080002404] -> 0x2F9B
mem[X,0x0000000080002406] -> 0xFFDF
[2310] [M]: 0x0000000080002404 (0xFFDF2F9B) shar t6, t5, t4
x31 <- 0x0020000004000000

mem[X,0x0000000080002408] -> 0xB823
mem[X,0x000000008000240A] -> 0x3BF5
[2311] [M]: 0x0000000080002408 (0x3BF5B823) sd t6, 0x3b0(a1)
mem[0x0000000080005550] <- 0x0020000004000000

mem[X,0x000000008000240C] -> 0x006F
mem[X,0x000000008000240E] -> 0x0380
[2312] [M]: 0x000000008000240C (0x0380006F) jal zero, 0x38

mem[X,0x0000000080002444] -> 0x0093
mem[X,0x0000000080002446] -> 0x0010
[2313] [M]: 0x0000000080002444 (0x00100093) addi ra, zero, 0x1
x1 <- 0x0000000000000001

mem[X,0x0000000080002448] -> 0x1F17
mem[X,0x000000008000244A] -> 0x0000
[2314] [M]: 0x0000000080002448 (0x00001F17) auipc t5, 0x1
x30 <- 0x0000000080003448

mem[X,0x000000008000244C] -> 0x2C23
mem[X,0x000000008000244E] -> 0xBA1F
[2315] [M]: 0x000000008000244C (0xBA1F2C23) sw ra, -0x448(t5)
htif[0x0000000080003000] <- 0x00000001

mem[X,0x0000000080002450] -> 0xF06F
mem[X,0x0000000080002452] -> 0xFF9F
[2316] [M]: 0x0000000080002450 (0xFF9FF06F) jal zero, -0x8

mem[X,0x0000000080002448] -> 0x1F17
mem[X,0x000000008000244A] -> 0x0000
[2317] [M]: 0x0000000080002448 (0x00001F17) auipc t5, 0x1
x30 <- 0x0000000080003448

mem[X,0x000000008000244C] -> 0x2C23
mem[X,0x000000008000244E] -> 0xBA1F
[2318] [M]: 0x000000008000244C (0xBA1F2C23) sw ra, -0x448(t5)
htif[0x0000000080003000] <- 0x00000001

mem[X,0x0000000080002450] -> 0xF06F
mem[X,0x0000000080002452] -> 0xFF9F
[2319] [M]: 0x0000000080002450 (0xFF9FF06F) jal zero, -0x8

mem[X,0x0000000080002448] -> 0x1F17
mem[X,0x000000008000244A] -> 0x0000
[2320] [M]: 0x0000000080002448 (0x00001F17) auipc t5, 0x1
x30 <- 0x0000000080003448

mem[X,0x000000008000244C] -> 0x2C23
mem[X,0x000000008000244E] -> 0xBA1F
[2321] [M]: 0x000000008000244C (0xBA1F2C23) sw ra, -0x448(t5)
htif[0x0000000080003000] <- 0x00000001
htif-syscall-proxy cmd: 0x000000000001

SUCCESS
