using /home/chsu/rvp-workspace/test-64/riscof_work/pmulqr.h-01.S/ref/Reference-sail_c_simulator.signature for test-signature output.
tohost located at 0x80002000
Running file ref.elf.
ELF Entry @ 0x80000000
begin_signature: 0x80004110
end_signature: 0x80004440
CSR mstatus <- 0x0000000A00000000 (input: 0x0000000000000000)
mem[X,0x0000000000001000] -> 0x0297
mem[X,0x0000000000001002] -> 0x0000
[0] [M]: 0x0000000000001000 (0x00000297) auipc t0, 0x0
x5 <- 0x0000000000001000

mem[X,0x0000000000001004] -> 0x8593
mem[X,0x0000000000001006] -> 0x0202
[1] [M]: 0x0000000000001004 (0x02028593) addi a1, t0, 0x20
x11 <- 0x0000000000001020

mem[X,0x0000000000001008] -> 0x2573
mem[X,0x000000000000100A] -> 0xF140
[2] [M]: 0x0000000000001008 (0xF1402573) csrrs a0, mhartid, zero
CSR mhartid -> 0x0000000000000000
x10 <- 0x0000000000000000

mem[X,0x000000000000100C] -> 0xB283
mem[X,0x000000000000100E] -> 0x0182
[3] [M]: 0x000000000000100C (0x0182B283) ld t0, 0x18(t0)
mem[R,0x0000000000001018] -> 0x0000000080000000
x5 <- 0x0000000080000000

mem[X,0x0000000000001010] -> 0x8067
mem[X,0x0000000000001012] -> 0x0002
[4] [M]: 0x0000000000001010 (0x00028067) jalr zero, 0x0(t0)

mem[X,0x0000000080000000] -> 0x0837
mem[X,0x0000000080000002] -> 0x7D5C
[5] [M]: 0x0000000080000000 (0x7D5C0837) lui a6, 0x7d5c0
x16 <- 0x000000007D5C0000

mem[X,0x0000000080000004] -> 0x0813
mem[X,0x0000000080000006] -> 0xDDB8
[6] [M]: 0x0000000080000004 (0xDDB80813) addi a6, a6, -0x225
x16 <- 0x000000007D5BFDDB

mem[X,0x0000000080000008] -> 0x1813
mem[X,0x000000008000000A] -> 0x00B8
[7] [M]: 0x0000000080000008 (0x00B81813) slli a6, a6, 0xb
x16 <- 0x000003EADFEED800

mem[X,0x000000008000000C] -> 0x0813
mem[X,0x000000008000000E] -> 0x3EA8
[8] [M]: 0x000000008000000C (0x3EA80813) addi a6, a6, 0x3ea
x16 <- 0x000003EADFEEDBEA

mem[X,0x0000000080000010] -> 0x1813
mem[X,0x0000000080000012] -> 0x00B8
[9] [M]: 0x0000000080000010 (0x00B81813) slli a6, a6, 0xb
x16 <- 0x001F56FF76DF5000

mem[X,0x0000000080000014] -> 0x0813
mem[X,0x0000000080000016] -> 0x6FF8
[10] [M]: 0x0000000080000014 (0x6FF80813) addi a6, a6, 0x6ff
x16 <- 0x001F56FF76DF56FF

mem[X,0x0000000080000018] -> 0x1813
mem[X,0x000000008000001A] -> 0x00A8
[11] [M]: 0x0000000080000018 (0x00A81813) slli a6, a6, 0xa
x16 <- 0x7D5BFDDB7D5BFC00

mem[X,0x000000008000001C] -> 0x0813
mem[X,0x000000008000001E] -> 0x1DB8
[12] [M]: 0x000000008000001C (0x1DB80813) addi a6, a6, 0x1db
x16 <- 0x7D5BFDDB7D5BFDDB

mem[X,0x0000000080000020] -> 0x5893
mem[X,0x0000000080000022] -> 0x0078
[13] [M]: 0x0000000080000020 (0x00785893) srli a7, a6, 0x7
x17 <- 0x00FAB7FBB6FAB7FB

mem[X,0x0000000080000024] -> 0x5793
mem[X,0x0000000080000026] -> 0x0398
[14] [M]: 0x0000000080000024 (0x03985793) srli a5, a6, 0x39
x15 <- 0x000000000000003E

mem[X,0x0000000080000028] -> 0xE8B3
mem[X,0x000000008000002A] -> 0x00F8
[15] [M]: 0x0000000080000028 (0x00F8E8B3) or a7, a7, a5
x17 <- 0x00FAB7FBB6FAB7FF

mem[X,0x000000008000002C] -> 0xD913
mem[X,0x000000008000002E] -> 0x0078
[16] [M]: 0x000000008000002C (0x0078D913) srli s2, a7, 0x7
x18 <- 0x0001F56FF76DF56F

mem[X,0x0000000080000030] -> 0xD793
mem[X,0x0000000080000032] -> 0x0398
[17] [M]: 0x0000000080000030 (0x0398D793) srli a5, a7, 0x39
x15 <- 0x0000000000000000

mem[X,0x0000000080000034] -> 0x6933
mem[X,0x0000000080000036] -> 0x00F9
[18] [M]: 0x0000000080000034 (0x00F96933) or s2, s2, a5
x18 <- 0x0001F56FF76DF56F

mem[X,0x0000000080000038] -> 0x5993
mem[X,0x000000008000003A] -> 0x0079
[19] [M]: 0x0000000080000038 (0x00795993) srli s3, s2, 0x7
x19 <- 0x000003EADFEEDBEA

mem[X,0x000000008000003C] -> 0x5793
mem[X,0x000000008000003E] -> 0x0399
[20] [M]: 0x000000008000003C (0x03995793) srli a5, s2, 0x39
x15 <- 0x0000000000000000

mem[X,0x0000000080000040] -> 0xE9B3
mem[X,0x0000000080000042] -> 0x00F9
[21] [M]: 0x0000000080000040 (0x00F9E9B3) or s3, s3, a5
x19 <- 0x000003EADFEEDBEA

mem[X,0x0000000080000044] -> 0xDA13
mem[X,0x0000000080000046] -> 0x0079
[22] [M]: 0x0000000080000044 (0x0079DA13) srli s4, s3, 0x7
x20 <- 0x00000007D5BFDDB7

mem[X,0x0000000080000048] -> 0xD793
mem[X,0x000000008000004A] -> 0x0399
[23] [M]: 0x0000000080000048 (0x0399D793) srli a5, s3, 0x39
x15 <- 0x0000000000000000

mem[X,0x000000008000004C] -> 0x6A33
mem[X,0x000000008000004E] -> 0x00FA
[24] [M]: 0x000000008000004C (0x00FA6A33) or s4, s4, a5
x20 <- 0x00000007D5BFDDB7

mem[X,0x0000000080000050] -> 0x5A93
mem[X,0x0000000080000052] -> 0x007A
[25] [M]: 0x0000000080000050 (0x007A5A93) srli s5, s4, 0x7
x21 <- 0x000000000FAB7FBB

mem[X,0x0000000080000054] -> 0x5793
mem[X,0x0000000080000056] -> 0x039A
[26] [M]: 0x0000000080000054 (0x039A5793) srli a5, s4, 0x39
x15 <- 0x0000000000000000

mem[X,0x0000000080000058] -> 0xEAB3
mem[X,0x000000008000005A] -> 0x00FA
[27] [M]: 0x0000000080000058 (0x00FAEAB3) or s5, s5, a5
x21 <- 0x000000000FAB7FBB

mem[X,0x000000008000005C] -> 0xDB13
mem[X,0x000000008000005E] -> 0x007A
[28] [M]: 0x000000008000005C (0x007ADB13) srli s6, s5, 0x7
x22 <- 0x00000000001F56FF

mem[X,0x0000000080000060] -> 0xD793
mem[X,0x0000000080000062] -> 0x039A
[29] [M]: 0x0000000080000060 (0x039AD793) srli a5, s5, 0x39
x15 <- 0x0000000000000000

mem[X,0x0000000080000064] -> 0x6B33
mem[X,0x0000000080000066] -> 0x00FB
[30] [M]: 0x0000000080000064 (0x00FB6B33) or s6, s6, a5
x22 <- 0x00000000001F56FF

mem[X,0x0000000080000068] -> 0x5B93
mem[X,0x000000008000006A] -> 0x007B
[31] [M]: 0x0000000080000068 (0x007B5B93) srli s7, s6, 0x7
x23 <- 0x0000000000003EAD

mem[X,0x000000008000006C] -> 0x5793
mem[X,0x000000008000006E] -> 0x039B
[32] [M]: 0x000000008000006C (0x039B5793) srli a5, s6, 0x39
x15 <- 0x0000000000000000

mem[X,0x0000000080000070] -> 0xEBB3
mem[X,0x0000000080000072] -> 0x00FB
[33] [M]: 0x0000000080000070 (0x00FBEBB3) or s7, s7, a5
x23 <- 0x0000000000003EAD

mem[X,0x0000000080000074] -> 0xDC13
mem[X,0x0000000080000076] -> 0x007B
[34] [M]: 0x0000000080000074 (0x007BDC13) srli s8, s7, 0x7
x24 <- 0x000000000000007D

mem[X,0x0000000080000078] -> 0xD793
mem[X,0x000000008000007A] -> 0x039B
[35] [M]: 0x0000000080000078 (0x039BD793) srli a5, s7, 0x39
x15 <- 0x0000000000000000

mem[X,0x000000008000007C] -> 0x6C33
mem[X,0x000000008000007E] -> 0x00FC
[36] [M]: 0x000000008000007C (0x00FC6C33) or s8, s8, a5
x24 <- 0x000000000000007D

mem[X,0x0000000080000080] -> 0x5C93
mem[X,0x0000000080000082] -> 0x007C
[37] [M]: 0x0000000080000080 (0x007C5C93) srli s9, s8, 0x7
x25 <- 0x0000000000000000

mem[X,0x0000000080000084] -> 0x5793
mem[X,0x0000000080000086] -> 0x039C
[38] [M]: 0x0000000080000084 (0x039C5793) srli a5, s8, 0x39
x15 <- 0x0000000000000000

mem[X,0x0000000080000088] -> 0xECB3
mem[X,0x000000008000008A] -> 0x00FC
[39] [M]: 0x0000000080000088 (0x00FCECB3) or s9, s9, a5
x25 <- 0x0000000000000000

mem[X,0x000000008000008C] -> 0xDD13
mem[X,0x000000008000008E] -> 0x007C
[40] [M]: 0x000000008000008C (0x007CDD13) srli s10, s9, 0x7
x26 <- 0x0000000000000000

mem[X,0x0000000080000090] -> 0xD793
mem[X,0x0000000080000092] -> 0x039C
[41] [M]: 0x0000000080000090 (0x039CD793) srli a5, s9, 0x39
x15 <- 0x0000000000000000

mem[X,0x0000000080000094] -> 0x6D33
mem[X,0x0000000080000096] -> 0x00FD
[42] [M]: 0x0000000080000094 (0x00FD6D33) or s10, s10, a5
x26 <- 0x0000000000000000

mem[X,0x0000000080000098] -> 0x5D93
mem[X,0x000000008000009A] -> 0x007D
[43] [M]: 0x0000000080000098 (0x007D5D93) srli s11, s10, 0x7
x27 <- 0x0000000000000000

mem[X,0x000000008000009C] -> 0x5793
mem[X,0x000000008000009E] -> 0x039D
[44] [M]: 0x000000008000009C (0x039D5793) srli a5, s10, 0x39
x15 <- 0x0000000000000000

mem[X,0x00000000800000A0] -> 0xEDB3
mem[X,0x00000000800000A2] -> 0x00FD
[45] [M]: 0x00000000800000A0 (0x00FDEDB3) or s11, s11, a5
x27 <- 0x0000000000000000

mem[X,0x00000000800000A4] -> 0xDE13
mem[X,0x00000000800000A6] -> 0x007D
[46] [M]: 0x00000000800000A4 (0x007DDE13) srli t3, s11, 0x7
x28 <- 0x0000000000000000

mem[X,0x00000000800000A8] -> 0xD793
mem[X,0x00000000800000AA] -> 0x039D
[47] [M]: 0x00000000800000A8 (0x039DD793) srli a5, s11, 0x39
x15 <- 0x0000000000000000

mem[X,0x00000000800000AC] -> 0x6E33
mem[X,0x00000000800000AE] -> 0x00FE
[48] [M]: 0x00000000800000AC (0x00FE6E33) or t3, t3, a5
x28 <- 0x0000000000000000

mem[X,0x00000000800000B0] -> 0x5E93
mem[X,0x00000000800000B2] -> 0x007E
[49] [M]: 0x00000000800000B0 (0x007E5E93) srli t4, t3, 0x7
x29 <- 0x0000000000000000

mem[X,0x00000000800000B4] -> 0x5793
mem[X,0x00000000800000B6] -> 0x039E
[50] [M]: 0x00000000800000B4 (0x039E5793) srli a5, t3, 0x39
x15 <- 0x0000000000000000

mem[X,0x00000000800000B8] -> 0xEEB3
mem[X,0x00000000800000BA] -> 0x00FE
[51] [M]: 0x00000000800000B8 (0x00FEEEB3) or t4, t4, a5
x29 <- 0x0000000000000000

mem[X,0x00000000800000BC] -> 0xDF13
mem[X,0x00000000800000BE] -> 0x007E
[52] [M]: 0x00000000800000BC (0x007EDF13) srli t5, t4, 0x7
x30 <- 0x0000000000000000

mem[X,0x00000000800000C0] -> 0xD793
mem[X,0x00000000800000C2] -> 0x039E
[53] [M]: 0x00000000800000C0 (0x039ED793) srli a5, t4, 0x39
x15 <- 0x0000000000000000

mem[X,0x00000000800000C4] -> 0x6F33
mem[X,0x00000000800000C6] -> 0x00FF
[54] [M]: 0x00000000800000C4 (0x00FF6F33) or t5, t5, a5
x30 <- 0x0000000000000000

mem[X,0x00000000800000C8] -> 0xC0B7
mem[X,0x00000000800000CA] -> 0xFEED
[55] [M]: 0x00000000800000C8 (0xFEEDC0B7) lui ra, -0x1124
x1 <- 0xFFFFFFFFFEEDC000

mem[X,0x00000000800000CC] -> 0x8093
mem[X,0x00000000800000CE] -> 0xEAD0
[56] [M]: 0x00000000800000CC (0xEAD08093) addi ra, ra, -0x153
x1 <- 0xFFFFFFFFFEEDBEAD

mem[X,0x00000000800000D0] -> 0x9093
mem[X,0x00000000800000D2] -> 0x00B0
[57] [M]: 0x00000000800000D0 (0x00B09093) slli ra, ra, 0xb
x1 <- 0xFFFFFFF76DF56800

mem[X,0x00000000800000D4] -> 0x8093
mem[X,0x00000000800000D6] -> 0x7F70
[58] [M]: 0x00000000800000D4 (0x7F708093) addi ra, ra, 0x7f7
x1 <- 0xFFFFFFF76DF56FF7

mem[X,0x00000000800000D8] -> 0x9093
mem[X,0x00000000800000DA] -> 0x00B0
[59] [M]: 0x00000000800000D8 (0x00B09093) slli ra, ra, 0xb
x1 <- 0xFFFFBB6FAB7FB800

mem[X,0x00000000800000DC] -> 0x8093
mem[X,0x00000000800000DE] -> 0x36F0
[60] [M]: 0x00000000800000DC (0x36F08093) addi ra, ra, 0x36f
x1 <- 0xFFFFBB6FAB7FBB6F

mem[X,0x00000000800000E0] -> 0x9093
mem[X,0x00000000800000E2] -> 0x00A0
[61] [M]: 0x00000000800000E0 (0x00A09093) slli ra, ra, 0xa
x1 <- 0xFEEDBEADFEEDBC00

mem[X,0x00000000800000E4] -> 0x8093
mem[X,0x00000000800000E6] -> 0x2AD0
[62] [M]: 0x00000000800000E4 (0x2AD08093) addi ra, ra, 0x2ad
x1 <- 0xFEEDBEADFEEDBEAD

mem[X,0x00000000800000E8] -> 0xD113
mem[X,0x00000000800000EA] -> 0x0070
[63] [M]: 0x00000000800000E8 (0x0070D113) srli sp, ra, 0x7
x2 <- 0x01FDDB7D5BFDDB7D

mem[X,0x00000000800000EC] -> 0xD793
mem[X,0x00000000800000EE] -> 0x0390
[64] [M]: 0x00000000800000EC (0x0390D793) srli a5, ra, 0x39
x15 <- 0x000000000000007F

mem[X,0x00000000800000F0] -> 0x6133
mem[X,0x00000000800000F2] -> 0x00F1
[65] [M]: 0x00000000800000F0 (0x00F16133) or sp, sp, a5
x2 <- 0x01FDDB7D5BFDDB7F

mem[X,0x00000000800000F4] -> 0x5193
mem[X,0x00000000800000F6] -> 0x0071
[66] [M]: 0x00000000800000F4 (0x00715193) srli gp, sp, 0x7
x3 <- 0x0003FBB6FAB7FBB6

mem[X,0x00000000800000F8] -> 0x5793
mem[X,0x00000000800000FA] -> 0x0391
[67] [M]: 0x00000000800000F8 (0x03915793) srli a5, sp, 0x39
x15 <- 0x0000000000000000

mem[X,0x00000000800000FC] -> 0xE1B3
mem[X,0x00000000800000FE] -> 0x00F1
[68] [M]: 0x00000000800000FC (0x00F1E1B3) or gp, gp, a5
x3 <- 0x0003FBB6FAB7FBB6

mem[X,0x0000000080000100] -> 0xD213
mem[X,0x0000000080000102] -> 0x0071
[69] [M]: 0x0000000080000100 (0x0071D213) srli tp, gp, 0x7
x4 <- 0x000007F76DF56FF7

mem[X,0x0000000080000104] -> 0xD793
mem[X,0x0000000080000106] -> 0x0391
[70] [M]: 0x0000000080000104 (0x0391D793) srli a5, gp, 0x39
x15 <- 0x0000000000000000

mem[X,0x0000000080000108] -> 0x6233
mem[X,0x000000008000010A] -> 0x00F2
[71] [M]: 0x0000000080000108 (0x00F26233) or tp, tp, a5
x4 <- 0x000007F76DF56FF7

mem[X,0x000000008000010C] -> 0x5293
mem[X,0x000000008000010E] -> 0x0072
[72] [M]: 0x000000008000010C (0x00725293) srli t0, tp, 0x7
x5 <- 0x0000000FEEDBEADF

mem[X,0x0000000080000110] -> 0x5793
mem[X,0x0000000080000112] -> 0x0392
[73] [M]: 0x0000000080000110 (0x03925793) srli a5, tp, 0x39
x15 <- 0x0000000000000000

mem[X,0x0000000080000114] -> 0xE2B3
mem[X,0x0000000080000116] -> 0x00F2
[74] [M]: 0x0000000080000114 (0x00F2E2B3) or t0, t0, a5
x5 <- 0x0000000FEEDBEADF

mem[X,0x0000000080000118] -> 0xD313
mem[X,0x000000008000011A] -> 0x0072
[75] [M]: 0x0000000080000118 (0x0072D313) srli t1, t0, 0x7
x6 <- 0x000000001FDDB7D5

mem[X,0x000000008000011C] -> 0xD793
mem[X,0x000000008000011E] -> 0x0392
[76] [M]: 0x000000008000011C (0x0392D793) srli a5, t0, 0x39
x15 <- 0x0000000000000000

mem[X,0x0000000080000120] -> 0x6333
mem[X,0x0000000080000122] -> 0x00F3
[77] [M]: 0x0000000080000120 (0x00F36333) or t1, t1, a5
x6 <- 0x000000001FDDB7D5

mem[X,0x0000000080000124] -> 0x5393
mem[X,0x0000000080000126] -> 0x0073
[78] [M]: 0x0000000080000124 (0x00735393) srli t2, t1, 0x7
x7 <- 0x00000000003FBB6F

mem[X,0x0000000080000128] -> 0x5793
mem[X,0x000000008000012A] -> 0x0393
[79] [M]: 0x0000000080000128 (0x03935793) srli a5, t1, 0x39
x15 <- 0x0000000000000000

mem[X,0x000000008000012C] -> 0xE3B3
mem[X,0x000000008000012E] -> 0x00F3
[80] [M]: 0x000000008000012C (0x00F3E3B3) or t2, t2, a5
x7 <- 0x00000000003FBB6F

mem[X,0x0000000080000130] -> 0xD413
mem[X,0x0000000080000132] -> 0x0073
[81] [M]: 0x0000000080000130 (0x0073D413) srli fp, t2, 0x7
x8 <- 0x0000000000007F76

mem[X,0x0000000080000134] -> 0xD793
mem[X,0x0000000080000136] -> 0x0393
[82] [M]: 0x0000000080000134 (0x0393D793) srli a5, t2, 0x39
x15 <- 0x0000000000000000

mem[X,0x0000000080000138] -> 0x6433
mem[X,0x000000008000013A] -> 0x00F4
[83] [M]: 0x0000000080000138 (0x00F46433) or fp, fp, a5
x8 <- 0x0000000000007F76

mem[X,0x000000008000013C] -> 0x5493
mem[X,0x000000008000013E] -> 0x0074
[84] [M]: 0x000000008000013C (0x00745493) srli s1, fp, 0x7
x9 <- 0x00000000000000FE

mem[X,0x0000000080000140] -> 0x5793
mem[X,0x0000000080000142] -> 0x0394
[85] [M]: 0x0000000080000140 (0x03945793) srli a5, fp, 0x39
x15 <- 0x0000000000000000

mem[X,0x0000000080000144] -> 0xE4B3
mem[X,0x0000000080000146] -> 0x00F4
[86] [M]: 0x0000000080000144 (0x00F4E4B3) or s1, s1, a5
x9 <- 0x00000000000000FE

mem[X,0x0000000080000148] -> 0xD513
mem[X,0x000000008000014A] -> 0x0074
[87] [M]: 0x0000000080000148 (0x0074D513) srli a0, s1, 0x7
x10 <- 0x0000000000000001

mem[X,0x000000008000014C] -> 0xD793
mem[X,0x000000008000014E] -> 0x0394
[88] [M]: 0x000000008000014C (0x0394D793) srli a5, s1, 0x39
x15 <- 0x0000000000000000

mem[X,0x0000000080000150] -> 0x6533
mem[X,0x0000000080000152] -> 0x00F5
[89] [M]: 0x0000000080000150 (0x00F56533) or a0, a0, a5
x10 <- 0x0000000000000001

mem[X,0x0000000080000154] -> 0x5593
mem[X,0x0000000080000156] -> 0x0075
[90] [M]: 0x0000000080000154 (0x00755593) srli a1, a0, 0x7
x11 <- 0x0000000000000000

mem[X,0x0000000080000158] -> 0x5793
mem[X,0x000000008000015A] -> 0x0395
[91] [M]: 0x0000000080000158 (0x03955793) srli a5, a0, 0x39
x15 <- 0x0000000000000000

mem[X,0x000000008000015C] -> 0xE5B3
mem[X,0x000000008000015E] -> 0x00F5
[92] [M]: 0x000000008000015C (0x00F5E5B3) or a1, a1, a5
x11 <- 0x0000000000000000

mem[X,0x0000000080000160] -> 0xD613
mem[X,0x0000000080000162] -> 0x0075
[93] [M]: 0x0000000080000160 (0x0075D613) srli a2, a1, 0x7
x12 <- 0x0000000000000000

mem[X,0x0000000080000164] -> 0xD793
mem[X,0x0000000080000166] -> 0x0395
[94] [M]: 0x0000000080000164 (0x0395D793) srli a5, a1, 0x39
x15 <- 0x0000000000000000

mem[X,0x0000000080000168] -> 0x6633
mem[X,0x000000008000016A] -> 0x00F6
[95] [M]: 0x0000000080000168 (0x00F66633) or a2, a2, a5
x12 <- 0x0000000000000000

mem[X,0x000000008000016C] -> 0x5693
mem[X,0x000000008000016E] -> 0x0076
[96] [M]: 0x000000008000016C (0x00765693) srli a3, a2, 0x7
x13 <- 0x0000000000000000

mem[X,0x0000000080000170] -> 0x5793
mem[X,0x0000000080000172] -> 0x0396
[97] [M]: 0x0000000080000170 (0x03965793) srli a5, a2, 0x39
x15 <- 0x0000000000000000

mem[X,0x0000000080000174] -> 0xE6B3
mem[X,0x0000000080000176] -> 0x00F6
[98] [M]: 0x0000000080000174 (0x00F6E6B3) or a3, a3, a5
x13 <- 0x0000000000000000

mem[X,0x0000000080000178] -> 0x0013
mem[X,0x000000008000017A] -> 0x0000
[99] [M]: 0x0000000080000178 (0x00000013) addi zero, zero, 0x0

clint::tick mtime <- 0x0000000000000001
 clint timer pending at mtime 0x0000000000000001
htif::tick 0x0000000000000000
mem[X,0x000000008000017C] -> 0x0013
mem[X,0x000000008000017E] -> 0x0000
[100] [M]: 0x000000008000017C (0x00000013) addi zero, zero, 0x0

mem[X,0x0000000080000180] -> 0x4417
mem[X,0x0000000080000182] -> 0x0000
[101] [M]: 0x0000000080000180 (0x00004417) auipc fp, 0x4
x8 <- 0x0000000080004180

mem[X,0x0000000080000184] -> 0x0413
mem[X,0x0000000080000186] -> 0xF984
[102] [M]: 0x0000000080000184 (0xF9840413) addi fp, fp, -0x68
x8 <- 0x0000000080004118

mem[X,0x0000000080000188] -> 0x0013
mem[X,0x000000008000018A] -> 0x0000
[103] [M]: 0x0000000080000188 (0x00000013) addi zero, zero, 0x0

mem[X,0x000000008000018C] -> 0x0013
mem[X,0x000000008000018E] -> 0x0000
[104] [M]: 0x000000008000018C (0x00000013) addi zero, zero, 0x0

mem[X,0x0000000080000190] -> 0x0013
mem[X,0x0000000080000192] -> 0x0000
[105] [M]: 0x0000000080000190 (0x00000013) addi zero, zero, 0x0

mem[X,0x0000000080000194] -> 0x0013
mem[X,0x0000000080000196] -> 0x0000
[106] [M]: 0x0000000080000194 (0x00000013) addi zero, zero, 0x0

mem[X,0x0000000080000198] -> 0x0013
mem[X,0x000000008000019A] -> 0x0000
[107] [M]: 0x0000000080000198 (0x00000013) addi zero, zero, 0x0

mem[X,0x000000008000019C] -> 0x0013
mem[X,0x000000008000019E] -> 0x0000
[108] [M]: 0x000000008000019C (0x00000013) addi zero, zero, 0x0

mem[X,0x00000000800001A0] -> 0x02B7
mem[X,0x00000000800001A2] -> 0x8000
[109] [M]: 0x00000000800001A0 (0x800002B7) lui t0, -0x80000
x5 <- 0xFFFFFFFF80000000

mem[X,0x00000000800001A4] -> 0x8293
mem[X,0x00000000800001A6] -> 0xFF92
[110] [M]: 0x00000000800001A4 (0xFF928293) addi t0, t0, -0x7
x5 <- 0xFFFFFFFF7FFFFFF9

mem[X,0x00000000800001A8] -> 0x9293
mem[X,0x00000000800001AA] -> 0x00B2
[111] [M]: 0x00000000800001A8 (0x00B29293) slli t0, t0, 0xb
x5 <- 0xFFFFFBFFFFFFC800

mem[X,0x00000000800001AC] -> 0x8293
mem[X,0x00000000800001AE] -> 0x6FF2
[112] [M]: 0x00000000800001AC (0x6FF28293) addi t0, t0, 0x6ff
x5 <- 0xFFFFFBFFFFFFCEFF

mem[X,0x00000000800001B0] -> 0x9293
mem[X,0x00000000800001B2] -> 0x00B2
[113] [M]: 0x00000000800001B0 (0x00B29293) slli t0, t0, 0xb
x5 <- 0xFFDFFFFFFE77F800

mem[X,0x00000000800001B4] -> 0x8293
mem[X,0x00000000800001B6] -> 0x7E02
[114] [M]: 0x00000000800001B4 (0x7E028293) addi t0, t0, 0x7e0
x5 <- 0xFFDFFFFFFE77FFE0

mem[X,0x00000000800001B8] -> 0x9293
mem[X,0x00000000800001BA] -> 0x00A2
[115] [M]: 0x00000000800001B8 (0x00A29293) slli t0, t0, 0xa
x5 <- 0x7FFFFFF9DFFF8000

mem[X,0x00000000800001BC] -> 0x02B7
mem[X,0x00000000800001BE] -> 0x0000
[116] [M]: 0x00000000800001BC (0x000002B7) lui t0, 0x0
x5 <- 0x0000000000000000

mem[X,0x00000000800001C0] -> 0x8293
mem[X,0x00000000800001C2] -> 0xFF72
[117] [M]: 0x00000000800001C0 (0xFF728293) addi t0, t0, -0x9
x5 <- 0xFFFFFFFFFFFFFFF7

mem[X,0x00000000800001C4] -> 0x9293
mem[X,0x00000000800001C6] -> 0x00B2
[118] [M]: 0x00000000800001C4 (0x00B29293) slli t0, t0, 0xb
x5 <- 0xFFFFFFFFFFFFB800

mem[X,0x00000000800001C8] -> 0x8293
mem[X,0x00000000800001CA] -> 0x2AA2
[119] [M]: 0x00000000800001C8 (0x2AA28293) addi t0, t0, 0x2aa
x5 <- 0xFFFFFFFFFFFFBAAA

mem[X,0x00000000800001CC] -> 0x9293
mem[X,0x00000000800001CE] -> 0x00B2
[120] [M]: 0x00000000800001CC (0x00B29293) slli t0, t0, 0xb
x5 <- 0xFFFFFFFFFDD55000

mem[X,0x00000000800001D0] -> 0x8293
mem[X,0x00000000800001D2] -> 0x5422
[121] [M]: 0x00000000800001D0 (0x54228293) addi t0, t0, 0x542
x5 <- 0xFFFFFFFFFDD55542

mem[X,0x00000000800001D4] -> 0x9293
mem[X,0x00000000800001D6] -> 0x00A2
[122] [M]: 0x00000000800001D4 (0x00A29293) slli t0, t0, 0xa
x5 <- 0xFFFFFFF755550800

mem[X,0x00000000800001D8] -> 0xF2BB
mem[X,0x00000000800001DA] -> 0xD452
[123] [M]: 0x00000000800001D8 (0xD452F2BB) pmulqr.h t0, t0, t0
x5 <- 0x0000000038E30080

mem[X,0x00000000800001DC] -> 0x3023
mem[X,0x00000000800001DE] -> 0x0054
[124] [M]: 0x00000000800001DC (0x00543023) sd t0, 0x0(fp)
mem[0x0000000080004118] <- 0x0000000038E30080

mem[X,0x00000000800001E0] -> 0x07B7
mem[X,0x00000000800001E2] -> 0xF000
[125] [M]: 0x00000000800001E0 (0xF00007B7) lui a5, -0x10000
x15 <- 0xFFFFFFFFF0000000

mem[X,0x00000000800001E4] -> 0x8793
mem[X,0x00000000800001E6] -> 0xFFB7
[126] [M]: 0x00000000800001E4 (0xFFB78793) addi a5, a5, -0x5
x15 <- 0xFFFFFFFFEFFFFFFB

mem[X,0x00000000800001E8] -> 0x9793
mem[X,0x00000000800001EA] -> 0x00B7
[127] [M]: 0x00000000800001E8 (0x00B79793) slli a5, a5, 0xb
x15 <- 0xFFFFFF7FFFFFD800

mem[X,0x00000000800001EC] -> 0x8793
mem[X,0x00000000800001EE] -> 0x2AA7
[128] [M]: 0x00000000800001EC (0x2AA78793) addi a5, a5, 0x2aa
x15 <- 0xFFFFFF7FFFFFDAAA

mem[X,0x00000000800001F0] -> 0x9793
mem[X,0x00000000800001F2] -> 0x00B7
[129] [M]: 0x00000000800001F0 (0x00B79793) slli a5, a5, 0xb
x15 <- 0xFFFBFFFFFED55000

mem[X,0x00000000800001F4] -> 0x8793
mem[X,0x00000000800001F6] -> 0x57F7
[130] [M]: 0x00000000800001F4 (0x57F78793) addi a5, a5, 0x57f
x15 <- 0xFFFBFFFFFED5557F

mem[X,0x00000000800001F8] -> 0x9793
mem[X,0x00000000800001FA] -> 0x00A7
[131] [M]: 0x00000000800001F8 (0x00A79793) slli a5, a5, 0xa
x15 <- 0xEFFFFFFB5555FC00

mem[X,0x00000000800001FC] -> 0x8793
mem[X,0x00000000800001FE] -> 0x3FF7
[132] [M]: 0x00000000800001FC (0x3FF78793) addi a5, a5, 0x3ff
x15 <- 0xEFFFFFFB5555FFFF

mem[X,0x0000000080000200] -> 0x07B7
mem[X,0x0000000080000202] -> 0x0005
[133] [M]: 0x0000000080000200 (0x000507B7) lui a5, 0x50
x15 <- 0x0000000000050000

mem[X,0x0000000080000204] -> 0x8793
mem[X,0x0000000080000206] -> 0xFFB7
[134] [M]: 0x0000000080000204 (0xFFB78793) addi a5, a5, -0x5
x15 <- 0x000000000004FFFB

mem[X,0x0000000080000208] -> 0x9793
mem[X,0x000000008000020A] -> 0x00B7
[135] [M]: 0x0000000080000208 (0x00B79793) slli a5, a5, 0xb
x15 <- 0x0000000027FFD800

mem[X,0x000000008000020C] -> 0x8793
mem[X,0x000000008000020E] -> 0x0027
[136] [M]: 0x000000008000020C (0x00278793) addi a5, a5, 0x2
x15 <- 0x0000000027FFD802

mem[X,0x0000000080000210] -> 0x9793
mem[X,0x0000000080000212] -> 0x00B7
[137] [M]: 0x0000000080000210 (0x00B79793) slli a5, a5, 0xb
x15 <- 0x0000013FFEC01000

mem[X,0x0000000080000214] -> 0x8793
mem[X,0x0000000080000216] -> 0x03F7
[138] [M]: 0x0000000080000214 (0x03F78793) addi a5, a5, 0x3f
x15 <- 0x0000013FFEC0103F

mem[X,0x0000000080000218] -> 0x9793
mem[X,0x000000008000021A] -> 0x00A7
[139] [M]: 0x0000000080000218 (0x00A79793) slli a5, a5, 0xa
x15 <- 0x0004FFFB0040FC00

mem[X,0x000000008000021C] -> 0x8793
mem[X,0x000000008000021E] -> 0x2FF7
[140] [M]: 0x000000008000021C (0x2FF78793) addi a5, a5, 0x2ff
x15 <- 0x0004FFFB0040FEFF

mem[X,0x0000000080000220] -> 0xFBBB
mem[X,0x0000000080000222] -> 0xD4F7
[141] [M]: 0x0000000080000220 (0xD4F7FBBB) pmulqr.h s7, a5, a5
x23 <- 0x0000000000000002

mem[X,0x0000000080000224] -> 0x3423
mem[X,0x0000000080000226] -> 0x0174
[142] [M]: 0x0000000080000224 (0x01743423) sd s7, 0x8(fp)
mem[0x0000000080004120] <- 0x0000000000000002

mem[X,0x0000000080000228] -> 0x0E37
mem[X,0x000000008000022A] -> 0x0800
[143] [M]: 0x0000000080000228 (0x08000E37) lui t3, 0x8000
x28 <- 0x0000000008000000

mem[X,0x000000008000022C] -> 0x0E13
mem[X,0x000000008000022E] -> 0x010E
[144] [M]: 0x000000008000022C (0x010E0E13) addi t3, t3, 0x10
x28 <- 0x0000000008000010

mem[X,0x0000000080000230] -> 0x1E13
mem[X,0x0000000080000232] -> 0x00BE
[145] [M]: 0x0000000080000230 (0x00BE1E13) slli t3, t3, 0xb
x28 <- 0x0000004000008000

mem[X,0x0000000080000234] -> 0x0E13
mem[X,0x0000000080000236] -> 0x7FFE
[146] [M]: 0x0000000080000234 (0x7FFE0E13) addi t3, t3, 0x7ff
x28 <- 0x00000040000087FF

mem[X,0x0000000080000238] -> 0x1E13
mem[X,0x000000008000023A] -> 0x00BE
[147] [M]: 0x0000000080000238 (0x00BE1E13) slli t3, t3, 0xb
x28 <- 0x00020000043FF800

mem[X,0x000000008000023C] -> 0x0E13
mem[X,0x000000008000023E] -> 0x700E
[148] [M]: 0x000000008000023C (0x700E0E13) addi t3, t3, 0x700
x28 <- 0x00020000043FFF00

mem[X,0x0000000080000240] -> 0x1E13
mem[X,0x0000000080000242] -> 0x00AE
[149] [M]: 0x0000000080000240 (0x00AE1E13) slli t3, t3, 0xa
x28 <- 0x08000010FFFC0000

mem[X,0x0000000080000244] -> 0xED37
mem[X,0x0000000080000246] -> 0x0040
[150] [M]: 0x0000000080000244 (0x0040ED37) lui s10, 0x40e
x26 <- 0x000000000040E000

mem[X,0x0000000080000248] -> 0x0D13
mem[X,0x000000008000024A] -> 0xFFFD
[151] [M]: 0x0000000080000248 (0xFFFD0D13) addi s10, s10, -0x1
x26 <- 0x000000000040DFFF

mem[X,0x000000008000024C] -> 0x1D13
mem[X,0x000000008000024E] -> 0x00BD
[152] [M]: 0x000000008000024C (0x00BD1D13) slli s10, s10, 0xb
x26 <- 0x0000000206FFF800

mem[X,0x0000000080000250] -> 0x0D13
mem[X,0x0000000080000252] -> 0x000D
[153] [M]: 0x0000000080000250 (0x000D0D13) addi s10, s10, 0x0
x26 <- 0x0000000206FFF800

mem[X,0x0000000080000254] -> 0x1D13
mem[X,0x0000000080000256] -> 0x00BD
[154] [M]: 0x0000000080000254 (0x00BD1D13) slli s10, s10, 0xb
x26 <- 0x00001037FFC00000

mem[X,0x0000000080000258] -> 0x0D13
mem[X,0x000000008000025A] -> 0x240D
[155] [M]: 0x0000000080000258 (0x240D0D13) addi s10, s10, 0x240
x26 <- 0x00001037FFC00240

mem[X,0x000000008000025C] -> 0x1D13
mem[X,0x000000008000025E] -> 0x00AD
[156] [M]: 0x000000008000025C (0x00AD1D13) slli s10, s10, 0xa
x26 <- 0x0040DFFF00090000

mem[X,0x0000000080000260] -> 0x0D13
mem[X,0x0000000080000262] -> 0x100D
[157] [M]: 0x0000000080000260 (0x100D0D13) addi s10, s10, 0x100
x26 <- 0x0040DFFF00090100

mem[X,0x0000000080000264] -> 0x7D3B
mem[X,0x0000000080000266] -> 0xD5AE
[158] [M]: 0x0000000080000264 (0xD5AE7D3B) pmulqr.h s10, t3, s10
x26 <- 0x0004FFFC00000000

mem[X,0x0000000080000268] -> 0x3823
mem[X,0x000000008000026A] -> 0x01A4
[159] [M]: 0x0000000080000268 (0x01A43823) sd s10, 0x10(fp)
mem[0x0000000080004128] <- 0x0004FFFC00000000

mem[X,0x000000008000026C] -> 0x0DB7
mem[X,0x000000008000026E] -> 0xFFFE
[160] [M]: 0x000000008000026C (0xFFFE0DB7) lui s11, -0x20
x27 <- 0xFFFFFFFFFFFE0000

mem[X,0x0000000080000270] -> 0x8D93
mem[X,0x0000000080000272] -> 0xFFAD
[161] [M]: 0x0000000080000270 (0xFFAD8D93) addi s11, s11, -0x6
x27 <- 0xFFFFFFFFFFFDFFFA

mem[X,0x0000000080000274] -> 0x9D93
mem[X,0x0000000080000276] -> 0x00BD
[162] [M]: 0x0000000080000274 (0x00BD9D93) slli s11, s11, 0xb
x27 <- 0xFFFFFFFFEFFFD000

mem[X,0x0000000080000278] -> 0x8D93
mem[X,0x000000008000027A] -> 0x7FFD
[163] [M]: 0x0000000080000278 (0x7FFD8D93) addi s11, s11, 0x7ff
x27 <- 0xFFFFFFFFEFFFD7FF

mem[X,0x000000008000027C] -> 0x9D93
mem[X,0x000000008000027E] -> 0x00BD
[164] [M]: 0x000000008000027C (0x00BD9D93) slli s11, s11, 0xb
x27 <- 0xFFFFFF7FFEBFF800

mem[X,0x0000000080000280] -> 0x8D93
mem[X,0x0000000080000282] -> 0x780D
[165] [M]: 0x0000000080000280 (0x780D8D93) addi s11, s11, 0x780
x27 <- 0xFFFFFF7FFEBFFF80

mem[X,0x0000000080000284] -> 0x9D93
mem[X,0x0000000080000286] -> 0x00AD
[166] [M]: 0x0000000080000284 (0x00AD9D93) slli s11, s11, 0xa
x27 <- 0xFFFDFFFAFFFE0000

mem[X,0x0000000080000288] -> 0x8D93
mem[X,0x000000008000028A] -> 0x001D
[167] [M]: 0x0000000080000288 (0x001D8D93) addi s11, s11, 0x1
x27 <- 0xFFFDFFFAFFFE0001

mem[X,0x000000008000028C] -> 0x0937
mem[X,0x000000008000028E] -> 0xFFFA
[168] [M]: 0x000000008000028C (0xFFFA0937) lui s2, -0x60
x18 <- 0xFFFFFFFFFFFA0000

mem[X,0x0000000080000290] -> 0x0913
mem[X,0x0000000080000292] -> 0xFF99
[169] [M]: 0x0000000080000290 (0xFF990913) addi s2, s2, -0x7
x18 <- 0xFFFFFFFFFFF9FFF9

mem[X,0x0000000080000294] -> 0x1913
mem[X,0x0000000080000296] -> 0x00B9
[170] [M]: 0x0000000080000294 (0x00B91913) slli s2, s2, 0xb
x18 <- 0xFFFFFFFFCFFFC800

mem[X,0x0000000080000298] -> 0x0913
mem[X,0x000000008000029A] -> 0x0029
[171] [M]: 0x0000000080000298 (0x00290913) addi s2, s2, 0x2
x18 <- 0xFFFFFFFFCFFFC802

mem[X,0x000000008000029C] -> 0x1913
mem[X,0x000000008000029E] -> 0x00B9
[172] [M]: 0x000000008000029C (0x00B91913) slli s2, s2, 0xb
x18 <- 0xFFFFFE7FFE401000

mem[X,0x00000000800002A0] -> 0x0913
mem[X,0x00000000800002A2] -> 0x0009
[173] [M]: 0x00000000800002A0 (0x00090913) addi s2, s2, 0x0
x18 <- 0xFFFFFE7FFE401000

mem[X,0x00000000800002A4] -> 0x1913
mem[X,0x00000000800002A6] -> 0x00A9
[174] [M]: 0x00000000800002A4 (0x00A91913) slli s2, s2, 0xa
x18 <- 0xFFF9FFF900400000

mem[X,0x00000000800002A8] -> 0x0913
mem[X,0x00000000800002AA] -> 0x1009
[175] [M]: 0x00000000800002A8 (0x10090913) addi s2, s2, 0x100
x18 <- 0xFFF9FFF900400100

mem[X,0x00000000800002AC] -> 0xFDBB
mem[X,0x00000000800002AE] -> 0xD52D
[176] [M]: 0x00000000800002AC (0xD52DFDBB) pmulqr.h s11, s11, s2
x27 <- 0x0000000000000000

mem[X,0x00000000800002B0] -> 0x3C23
mem[X,0x00000000800002B2] -> 0x01B4
[177] [M]: 0x00000000800002B0 (0x01B43C23) sd s11, 0x18(fp)
mem[0x0000000080004130] <- 0x0000000000000000

mem[X,0x00000000800002B4] -> 0x0CB7
mem[X,0x00000000800002B6] -> 0xFF7F
[178] [M]: 0x00000000800002B4 (0xFF7F0CB7) lui s9, -0x810
x25 <- 0xFFFFFFFFFF7F0000

mem[X,0x00000000800002B8] -> 0x8C93
mem[X,0x00000000800002BA] -> 0x005C
[179] [M]: 0x00000000800002B8 (0x005C8C93) addi s9, s9, 0x5
x25 <- 0xFFFFFFFFFF7F0005

mem[X,0x00000000800002BC] -> 0x9C93
mem[X,0x00000000800002BE] -> 0x00BC
[180] [M]: 0x00000000800002BC (0x00BC9C93) slli s9, s9, 0xb
x25 <- 0xFFFFFFFBF8002800

mem[X,0x00000000800002C0] -> 0x8C93
mem[X,0x00000000800002C2] -> 0x7FFC
[181] [M]: 0x00000000800002C0 (0x7FFC8C93) addi s9, s9, 0x7ff
x25 <- 0xFFFFFFFBF8002FFF

mem[X,0x00000000800002C4] -> 0x9C93
mem[X,0x00000000800002C6] -> 0x00BC
[182] [M]: 0x00000000800002C4 (0x00BC9C93) slli s9, s9, 0xb
x25 <- 0xFFFFDFC0017FF800

mem[X,0x00000000800002C8] -> 0x8C93
mem[X,0x00000000800002CA] -> 0x3DFC
[183] [M]: 0x00000000800002C8 (0x3DFC8C93) addi s9, s9, 0x3df
x25 <- 0xFFFFDFC0017FFBDF

mem[X,0x00000000800002CC] -> 0x9C93
mem[X,0x00000000800002CE] -> 0x00AC
[184] [M]: 0x00000000800002CC (0x00AC9C93) slli s9, s9, 0xa
x25 <- 0xFF7F0005FFEF7C00

mem[X,0x00000000800002D0] -> 0x8C93
mem[X,0x00000000800002D2] -> 0x3FFC
[185] [M]: 0x00000000800002D0 (0x3FFC8C93) addi s9, s9, 0x3ff
x25 <- 0xFF7F0005FFEF7FFF

mem[X,0x00000000800002D4] -> 0x04B7
mem[X,0x00000000800002D6] -> 0x0080
[186] [M]: 0x00000000800002D4 (0x008004B7) lui s1, 0x800
x9 <- 0x0000000000800000

mem[X,0x00000000800002D8] -> 0x8493
mem[X,0x00000000800002DA] -> 0x0004
[187] [M]: 0x00000000800002D8 (0x00048493) addi s1, s1, 0x0
x9 <- 0x0000000000800000

mem[X,0x00000000800002DC] -> 0x9493
mem[X,0x00000000800002DE] -> 0x00B4
[188] [M]: 0x00000000800002DC (0x00B49493) slli s1, s1, 0xb
x9 <- 0x0000000400000000

mem[X,0x00000000800002E0] -> 0x8493
mem[X,0x00000000800002E2] -> 0x5554
[189] [M]: 0x00000000800002E0 (0x55548493) addi s1, s1, 0x555
x9 <- 0x0000000400000555

mem[X,0x00000000800002E4] -> 0x9493
mem[X,0x00000000800002E6] -> 0x00B4
[190] [M]: 0x00000000800002E4 (0x00B49493) slli s1, s1, 0xb
x9 <- 0x00002000002AA800

mem[X,0x00000000800002E8] -> 0x8493
mem[X,0x00000000800002EA] -> 0x2AF4
[191] [M]: 0x00000000800002E8 (0x2AF48493) addi s1, s1, 0x2af
x9 <- 0x00002000002AAAAF

mem[X,0x00000000800002EC] -> 0x9493
mem[X,0x00000000800002EE] -> 0x00A4
[192] [M]: 0x00000000800002EC (0x00A49493) slli s1, s1, 0xa
x9 <- 0x00800000AAAABC00

mem[X,0x00000000800002F0] -> 0x8493
mem[X,0x00000000800002F2] -> 0x3FF4
[193] [M]: 0x00000000800002F0 (0x3FF48493) addi s1, s1, 0x3ff
x9 <- 0x00800000AAAABFFF

mem[X,0x00000000800002F4] -> 0xF53B
mem[X,0x00000000800002F6] -> 0xD49C
[194] [M]: 0x00000000800002F4 (0xD49CF53B) pmulqr.h a0, s9, s1
x10 <- 0xFFFF0000000BC000

mem[X,0x00000000800002F8] -> 0x3023
mem[X,0x00000000800002FA] -> 0x02A4
[195] [M]: 0x00000000800002F8 (0x02A43023) sd a0, 0x20(fp)
mem[0x0000000080004138] <- 0xFFFF0000000BC000

mem[X,0x00000000800002FC] -> 0x1EB7
mem[X,0x00000000800002FE] -> 0xAAAA
[196] [M]: 0x00000000800002FC (0xAAAA1EB7) lui t4, -0x5555f
x29 <- 0xFFFFFFFFAAAA1000

mem[X,0x0000000080000300] -> 0x8E93
mem[X,0x0000000080000302] -> 0x800E
[197] [M]: 0x0000000080000300 (0x800E8E93) addi t4, t4, -0x800
x29 <- 0xFFFFFFFFAAAA0800

mem[X,0x0000000080000304] -> 0x9E93
mem[X,0x0000000080000306] -> 0x00BE
[198] [M]: 0x0000000080000304 (0x00BE9E93) slli t4, t4, 0xb
x29 <- 0xFFFFFD5550400000

mem[X,0x0000000080000308] -> 0x8E93
mem[X,0x000000008000030A] -> 0x020E
[199] [M]: 0x0000000080000308 (0x020E8E93) addi t4, t4, 0x20
x29 <- 0xFFFFFD5550400020

clint::tick mtime <- 0x0000000000000002
 clint timer pending at mtime 0x0000000000000002
htif::tick 0x0000000000000000
mem[X,0x000000008000030C] -> 0x9E93
mem[X,0x000000008000030E] -> 0x00BE
[200] [M]: 0x000000008000030C (0x00BE9E93) slli t4, t4, 0xb
x29 <- 0xFFEAAA8200010000

mem[X,0x0000000080000310] -> 0x8E93
mem[X,0x0000000080000312] -> 0x000E
[201] [M]: 0x0000000080000310 (0x000E8E93) addi t4, t4, 0x0
x29 <- 0xFFEAAA8200010000

mem[X,0x0000000080000314] -> 0x9E93
mem[X,0x0000000080000316] -> 0x00AE
[202] [M]: 0x0000000080000314 (0x00AE9E93) slli t4, t4, 0xa
x29 <- 0xAAAA080004000000

mem[X,0x0000000080000318] -> 0x8E93
mem[X,0x000000008000031A] -> 0x002E
[203] [M]: 0x0000000080000318 (0x002E8E93) addi t4, t4, 0x2
x29 <- 0xAAAA080004000002

mem[X,0x000000008000031C] -> 0xFF37
mem[X,0x000000008000031E] -> 0x0200
[204] [M]: 0x000000008000031C (0x0200FF37) lui t5, 0x200f
x30 <- 0x000000000200F000

mem[X,0x0000000080000320] -> 0x0F13
mem[X,0x0000000080000322] -> 0xFFFF
[205] [M]: 0x0000000080000320 (0xFFFF0F13) addi t5, t5, -0x1
x30 <- 0x000000000200EFFF

mem[X,0x0000000080000324] -> 0x1F13
mem[X,0x0000000080000326] -> 0x00BF
[206] [M]: 0x0000000080000324 (0x00BF1F13) slli t5, t5, 0xb
x30 <- 0x00000010077FF800

mem[X,0x0000000080000328] -> 0x0F13
mem[X,0x000000008000032A] -> 0x1FFF
[207] [M]: 0x0000000080000328 (0x1FFF0F13) addi t5, t5, 0x1ff
x30 <- 0x00000010077FF9FF

mem[X,0x000000008000032C] -> 0x1F13
mem[X,0x000000008000032E] -> 0x00BF
[208] [M]: 0x000000008000032C (0x00BF1F13) slli t5, t5, 0xb
x30 <- 0x0000803BFFCFF800

mem[X,0x0000000080000330] -> 0x0F13
mem[X,0x0000000080000332] -> 0x7C0F
[209] [M]: 0x0000000080000330 (0x7C0F0F13) addi t5, t5, 0x7c0
x30 <- 0x0000803BFFCFFFC0

mem[X,0x0000000080000334] -> 0x1F13
mem[X,0x0000000080000336] -> 0x00AF
[210] [M]: 0x0000000080000334 (0x00AF1F13) slli t5, t5, 0xa
x30 <- 0x0200EFFF3FFF0000

mem[X,0x0000000080000338] -> 0x0F13
mem[X,0x000000008000033A] -> 0x001F
[211] [M]: 0x0000000080000338 (0x001F0F13) addi t5, t5, 0x1
x30 <- 0x0200EFFF3FFF0001

mem[X,0x000000008000033C] -> 0xF5BB
mem[X,0x000000008000033E] -> 0xD5EE
[212] [M]: 0x000000008000033C (0xD5EEF5BB) pmulqr.h a1, t4, t5
x11 <- 0xFEABFF0002000000

mem[X,0x0000000080000340] -> 0x3423
mem[X,0x0000000080000342] -> 0x02B4
[213] [M]: 0x0000000080000340 (0x02B43423) sd a1, 0x28(fp)
mem[0x0000000080004140] <- 0xFEABFF0002000000

mem[X,0x0000000080000344] -> 0xF137
mem[X,0x0000000080000346] -> 0x0006
[214] [M]: 0x0000000080000344 (0x0006F137) lui sp, 0x6f
x2 <- 0x000000000006F000

mem[X,0x0000000080000348] -> 0x0113
mem[X,0x000000008000034A] -> 0xFFF1
[215] [M]: 0x0000000080000348 (0xFFF10113) addi sp, sp, -0x1
x2 <- 0x000000000006EFFF

mem[X,0x000000008000034C] -> 0x1113
mem[X,0x000000008000034E] -> 0x00B1
[216] [M]: 0x000000008000034C (0x00B11113) slli sp, sp, 0xb
x2 <- 0x00000000377FF800

mem[X,0x0000000080000350] -> 0x0113
mem[X,0x0000000080000352] -> 0x1FF1
[217] [M]: 0x0000000080000350 (0x1FF10113) addi sp, sp, 0x1ff
x2 <- 0x00000000377FF9FF

mem[X,0x0000000080000354] -> 0x1113
mem[X,0x0000000080000356] -> 0x00B1
[218] [M]: 0x0000000080000354 (0x00B11113) slli sp, sp, 0xb
x2 <- 0x000001BBFFCFF800

mem[X,0x0000000080000358] -> 0x0113
mem[X,0x000000008000035A] -> 0x7C01
[219] [M]: 0x0000000080000358 (0x7C010113) addi sp, sp, 0x7c0
x2 <- 0x000001BBFFCFFFC0

mem[X,0x000000008000035C] -> 0x1113
mem[X,0x000000008000035E] -> 0x00A1
[220] [M]: 0x000000008000035C (0x00A11113) slli sp, sp, 0xa
x2 <- 0x0006EFFF3FFF0000

mem[X,0x0000000080000360] -> 0x0113
mem[X,0x0000000080000362] -> 0x0041
[221] [M]: 0x0000000080000360 (0x00410113) addi sp, sp, 0x4
x2 <- 0x0006EFFF3FFF0004

mem[X,0x0000000080000364] -> 0x8837
mem[X,0x0000000080000366] -> 0x5555
[222] [M]: 0x0000000080000364 (0x55558837) lui a6, 0x55558
x16 <- 0x0000000055558000

mem[X,0x0000000080000368] -> 0x0813
mem[X,0x000000008000036A] -> 0xFFF8
[223] [M]: 0x0000000080000368 (0xFFF80813) addi a6, a6, -0x1
x16 <- 0x0000000055557FFF

mem[X,0x000000008000036C] -> 0x1813
mem[X,0x000000008000036E] -> 0x00B8
[224] [M]: 0x000000008000036C (0x00B81813) slli a6, a6, 0xb
x16 <- 0x000002AAABFFF800

mem[X,0x0000000080000370] -> 0x0813
mem[X,0x0000000080000372] -> 0x2AA8
[225] [M]: 0x0000000080000370 (0x2AA80813) addi a6, a6, 0x2aa
x16 <- 0x000002AAABFFFAAA

mem[X,0x0000000080000374] -> 0x1813
mem[X,0x0000000080000376] -> 0x00B8
[226] [M]: 0x0000000080000374 (0x00B81813) slli a6, a6, 0xb
x16 <- 0x0015555FFFD55000

mem[X,0x0000000080000378] -> 0x0813
mem[X,0x000000008000037A] -> 0x57F8
[227] [M]: 0x0000000080000378 (0x57F80813) addi a6, a6, 0x57f
x16 <- 0x0015555FFFD5557F

mem[X,0x000000008000037C] -> 0x1813
mem[X,0x000000008000037E] -> 0x00A8
[228] [M]: 0x000000008000037C (0x00A81813) slli a6, a6, 0xa
x16 <- 0x55557FFF5555FC00

mem[X,0x0000000080000380] -> 0x0813
mem[X,0x0000000080000382] -> 0x3F78
[229] [M]: 0x0000000080000380 (0x3F780813) addi a6, a6, 0x3f7
x16 <- 0x55557FFF5555FFF7

mem[X,0x0000000080000384] -> 0x7F3B
mem[X,0x0000000080000386] -> 0xD501
[230] [M]: 0x0000000080000384 (0xD5017F3B) pmulqr.h t5, sp, a6
x30 <- 0x0004EFFF2AAA0000

mem[X,0x0000000080000388] -> 0x3823
mem[X,0x000000008000038A] -> 0x03E4
[231] [M]: 0x0000000080000388 (0x03E43823) sd t5, 0x30(fp)
mem[0x0000000080004148] <- 0x0004EFFF2AAA0000

mem[X,0x000000008000038C] -> 0x4FB7
mem[X,0x000000008000038E] -> 0xFFFF
[232] [M]: 0x000000008000038C (0xFFFF4FB7) lui t6, -0xc
x31 <- 0xFFFFFFFFFFFF4000

mem[X,0x0000000080000390] -> 0x8F93
mem[X,0x0000000080000392] -> 0xFFFF
[233] [M]: 0x0000000080000390 (0xFFFF8F93) addi t6, t6, -0x1
x31 <- 0xFFFFFFFFFFFF3FFF

mem[X,0x0000000080000394] -> 0x9F93
mem[X,0x0000000080000396] -> 0x00BF
[234] [M]: 0x0000000080000394 (0x00BF9F93) slli t6, t6, 0xb
x31 <- 0xFFFFFFFFF9FFF800

mem[X,0x0000000080000398] -> 0x8F93
mem[X,0x000000008000039A] -> 0x000F
[235] [M]: 0x0000000080000398 (0x000F8F93) addi t6, t6, 0x0
x31 <- 0xFFFFFFFFF9FFF800

mem[X,0x000000008000039C] -> 0x9F93
mem[X,0x000000008000039E] -> 0x00BF
[236] [M]: 0x000000008000039C (0x00BF9F93) slli t6, t6, 0xb
x31 <- 0xFFFFFFCFFFC00000

mem[X,0x00000000800003A0] -> 0x8F93
mem[X,0x00000000800003A2] -> 0x240F
[237] [M]: 0x00000000800003A0 (0x240F8F93) addi t6, t6, 0x240
x31 <- 0xFFFFFFCFFFC00240

mem[X,0x00000000800003A4] -> 0x9F93
mem[X,0x00000000800003A6] -> 0x00AF
[238] [M]: 0x00000000800003A4 (0x00AF9F93) slli t6, t6, 0xa
x31 <- 0xFFFF3FFF00090000

mem[X,0x00000000800003A8] -> 0x8F93
mem[X,0x00000000800003AA] -> 0x008F
[239] [M]: 0x00000000800003A8 (0x008F8F93) addi t6, t6, 0x8
x31 <- 0xFFFF3FFF00090008

mem[X,0x00000000800003AC] -> 0x0A37
mem[X,0x00000000800003AE] -> 0x0002
[240] [M]: 0x00000000800003AC (0x00020A37) lui s4, 0x20
x20 <- 0x0000000000020000

mem[X,0x00000000800003B0] -> 0x0A13
mem[X,0x00000000800003B2] -> 0x200A
[241] [M]: 0x00000000800003B0 (0x200A0A13) addi s4, s4, 0x200
x20 <- 0x0000000000020200

mem[X,0x00000000800003B4] -> 0x1A13
mem[X,0x00000000800003B6] -> 0x00BA
[242] [M]: 0x00000000800003B4 (0x00BA1A13) slli s4, s4, 0xb
x20 <- 0x0000000010100000

mem[X,0x00000000800003B8] -> 0x0A13
mem[X,0x00000000800003BA] -> 0x000A
[243] [M]: 0x00000000800003B8 (0x000A0A13) addi s4, s4, 0x0
x20 <- 0x0000000010100000

mem[X,0x00000000800003BC] -> 0x1A13
mem[X,0x00000000800003BE] -> 0x00BA
[244] [M]: 0x00000000800003BC (0x00BA1A13) slli s4, s4, 0xb
x20 <- 0x0000008080000000

mem[X,0x00000000800003C0] -> 0x0A13
mem[X,0x00000000800003C2] -> 0x43FA
[245] [M]: 0x00000000800003C0 (0x43FA0A13) addi s4, s4, 0x43f
x20 <- 0x000000808000043F

mem[X,0x00000000800003C4] -> 0x1A13
mem[X,0x00000000800003C6] -> 0x00AA
[246] [M]: 0x00000000800003C4 (0x00AA1A13) slli s4, s4, 0xa
x20 <- 0x000202000010FC00

mem[X,0x00000000800003C8] -> 0x0A13
mem[X,0x00000000800003CA] -> 0x3EFA
[247] [M]: 0x00000000800003C8 (0x3EFA0A13) addi s4, s4, 0x3ef
x20 <- 0x000202000010FFEF

mem[X,0x00000000800003CC] -> 0xFE3B
mem[X,0x00000000800003CE] -> 0xD54F
[248] [M]: 0x00000000800003CC (0xD54FFE3B) pmulqr.h t3, t6, s4
x28 <- 0x0000010000000000

mem[X,0x00000000800003D0] -> 0x3C23
mem[X,0x00000000800003D2] -> 0x03C4
[249] [M]: 0x00000000800003D0 (0x03C43C23) sd t3, 0x38(fp)
mem[0x0000000080004150] <- 0x0000010000000000

mem[X,0x00000000800003D4] -> 0x05B7
mem[X,0x00000000800003D6] -> 0x000A
[250] [M]: 0x00000000800003D4 (0x000A05B7) lui a1, 0xa0
x11 <- 0x00000000000A0000

mem[X,0x00000000800003D8] -> 0x8593
mem[X,0x00000000800003DA] -> 0xBFF5
[251] [M]: 0x00000000800003D8 (0xBFF58593) addi a1, a1, -0x401
x11 <- 0x000000000009FBFF

mem[X,0x00000000800003DC] -> 0x9593
mem[X,0x00000000800003DE] -> 0x00B5
[252] [M]: 0x00000000800003DC (0x00B59593) slli a1, a1, 0xb
x11 <- 0x000000004FDFF800

mem[X,0x00000000800003E0] -> 0x8593
mem[X,0x00000000800003E2] -> 0x7FF5
[253] [M]: 0x00000000800003E0 (0x7FF58593) addi a1, a1, 0x7ff
x11 <- 0x000000004FDFFFFF

mem[X,0x00000000800003E4] -> 0x9593
mem[X,0x00000000800003E6] -> 0x00B5
[254] [M]: 0x00000000800003E4 (0x00B59593) slli a1, a1, 0xb
x11 <- 0x0000027EFFFFF800

mem[X,0x00000000800003E8] -> 0x8593
mem[X,0x00000000800003EA] -> 0x6405
[255] [M]: 0x00000000800003E8 (0x64058593) addi a1, a1, 0x640
x11 <- 0x0000027EFFFFFE40

mem[X,0x00000000800003EC] -> 0x9593
mem[X,0x00000000800003EE] -> 0x00A5
[256] [M]: 0x00000000800003EC (0x00A59593) slli a1, a1, 0xa
x11 <- 0x0009FBFFFFF90000

mem[X,0x00000000800003F0] -> 0x8593
mem[X,0x00000000800003F2] -> 0x0105
[257] [M]: 0x00000000800003F0 (0x01058593) addi a1, a1, 0x10
x11 <- 0x0009FBFFFFF90010

mem[X,0x00000000800003F4] -> 0x0CB7
mem[X,0x00000000800003F6] -> 0x5555
[258] [M]: 0x00000000800003F4 (0x55550CB7) lui s9, 0x55550
x25 <- 0x0000000055550000

mem[X,0x00000000800003F8] -> 0x8C93
mem[X,0x00000000800003FA] -> 0x007C
[259] [M]: 0x00000000800003F8 (0x007C8C93) addi s9, s9, 0x7
x25 <- 0x0000000055550007

mem[X,0x00000000800003FC] -> 0x9C93
mem[X,0x00000000800003FE] -> 0x00BC
[260] [M]: 0x00000000800003FC (0x00BC9C93) slli s9, s9, 0xb
x25 <- 0x000002AAA8003800

mem[X,0x0000000080000400] -> 0x8C93
mem[X,0x0000000080000402] -> 0x7FDC
[261] [M]: 0x0000000080000400 (0x7FDC8C93) addi s9, s9, 0x7fd
x25 <- 0x000002AAA8003FFD

mem[X,0x0000000080000404] -> 0x9C93
mem[X,0x0000000080000406] -> 0x00BC
[262] [M]: 0x0000000080000404 (0x00BC9C93) slli s9, s9, 0xb
x25 <- 0x0015554001FFE800

mem[X,0x0000000080000408] -> 0x8C93
mem[X,0x000000008000040A] -> 0x7C1C
[263] [M]: 0x0000000080000408 (0x7C1C8C93) addi s9, s9, 0x7c1
x25 <- 0x0015554001FFEFC1

mem[X,0x000000008000040C] -> 0x9C93
mem[X,0x000000008000040E] -> 0x00AC
[264] [M]: 0x000000008000040C (0x00AC9C93) slli s9, s9, 0xa
x25 <- 0x55550007FFBF0400

mem[X,0x0000000080000410] -> 0xF03B
mem[X,0x0000000080000412] -> 0xD595
[265] [M]: 0x0000000080000410 (0xD595F03B) pmulqr.h zero, a1, s9

mem[X,0x0000000080000414] -> 0x3023
mem[X,0x0000000080000416] -> 0x0404
[266] [M]: 0x0000000080000414 (0x04043023) sd zero, 0x40(fp)
mem[0x0000000080004158] <- 0x0000000000000000

mem[X,0x0000000080000418] -> 0x5C37
mem[X,0x000000008000041A] -> 0xFFF6
[267] [M]: 0x0000000080000418 (0xFFF65C37) lui s8, -0x9b
x24 <- 0xFFFFFFFFFFF65000

mem[X,0x000000008000041C] -> 0x0C13
mem[X,0x000000008000041E] -> 0x555C
[268] [M]: 0x000000008000041C (0x555C0C13) addi s8, s8, 0x555
x24 <- 0xFFFFFFFFFFF65555

mem[X,0x0000000080000420] -> 0x1C13
mem[X,0x0000000080000422] -> 0x00BC
[269] [M]: 0x0000000080000420 (0x00BC1C13) slli s8, s8, 0xb
x24 <- 0xFFFFFFFFB2AAA800

mem[X,0x0000000080000424] -> 0x0C13
mem[X,0x0000000080000426] -> 0x7FFC
[270] [M]: 0x0000000080000424 (0x7FFC0C13) addi s8, s8, 0x7ff
x24 <- 0xFFFFFFFFB2AAAFFF

mem[X,0x0000000080000428] -> 0x1C13
mem[X,0x000000008000042A] -> 0x00BC
[271] [M]: 0x0000000080000428 (0x00BC1C13) slli s8, s8, 0xb
x24 <- 0xFFFFFD95557FF800

mem[X,0x000000008000042C] -> 0x0C13
mem[X,0x000000008000042E] -> 0x780C
[272] [M]: 0x000000008000042C (0x780C0C13) addi s8, s8, 0x780
x24 <- 0xFFFFFD95557FFF80

mem[X,0x0000000080000430] -> 0x1C13
mem[X,0x0000000080000432] -> 0x00AC
[273] [M]: 0x0000000080000430 (0x00AC1C13) slli s8, s8, 0xa
x24 <- 0xFFF65555FFFE0000

mem[X,0x0000000080000434] -> 0x0C13
mem[X,0x0000000080000436] -> 0x020C
[274] [M]: 0x0000000080000434 (0x020C0C13) addi s8, s8, 0x20
x24 <- 0xFFF65555FFFE0020

mem[X,0x0000000080000438] -> 0x0237
mem[X,0x000000008000043A] -> 0xFFFF
[275] [M]: 0x0000000080000438 (0xFFFF0237) lui tp, -0x10
x4 <- 0xFFFFFFFFFFFF0000

mem[X,0x000000008000043C] -> 0x0213
mem[X,0x000000008000043E] -> 0xFF62
[276] [M]: 0x000000008000043C (0xFF620213) addi tp, tp, -0xa
x4 <- 0xFFFFFFFFFFFEFFF6

mem[X,0x0000000080000440] -> 0x1213
mem[X,0x0000000080000442] -> 0x00B2
[277] [M]: 0x0000000080000440 (0x00B21213) slli tp, tp, 0xb
x4 <- 0xFFFFFFFFF7FFB000

mem[X,0x0000000080000444] -> 0x0213
mem[X,0x0000000080000446] -> 0x0802
[278] [M]: 0x0000000080000444 (0x08020213) addi tp, tp, 0x80
x4 <- 0xFFFFFFFFF7FFB080

mem[X,0x0000000080000448] -> 0x1213
mem[X,0x000000008000044A] -> 0x00B2
[279] [M]: 0x0000000080000448 (0x00B21213) slli tp, tp, 0xb
x4 <- 0xFFFFFFBFFD840000

mem[X,0x000000008000044C] -> 0x0213
mem[X,0x000000008000044E] -> 0x0042
[280] [M]: 0x000000008000044C (0x00420213) addi tp, tp, 0x4
x4 <- 0xFFFFFFBFFD840004

mem[X,0x0000000080000450] -> 0x1213
mem[X,0x0000000080000452] -> 0x00A2
[281] [M]: 0x0000000080000450 (0x00A21213) slli tp, tp, 0xa
x4 <- 0xFFFEFFF610001000

mem[X,0x0000000080000454] -> 0x713B
mem[X,0x0000000080000456] -> 0xD44C
[282] [M]: 0x0000000080000454 (0xD44C713B) pmulqr.h sp, s8, tp
x2 <- 0x0000FFF900000004

mem[X,0x0000000080000458] -> 0x3423
mem[X,0x000000008000045A] -> 0x0424
[283] [M]: 0x0000000080000458 (0x04243423) sd sp, 0x48(fp)
mem[0x0000000080004160] <- 0x0000FFF900000004

mem[X,0x000000008000045C] -> 0x01B7
mem[X,0x000000008000045E] -> 0xFBFF
[284] [M]: 0x000000008000045C (0xFBFF01B7) lui gp, -0x4010
x3 <- 0xFFFFFFFFFBFF0000

mem[X,0x0000000080000460] -> 0x8193
mem[X,0x0000000080000462] -> 0x0021
[285] [M]: 0x0000000080000460 (0x00218193) addi gp, gp, 0x2
x3 <- 0xFFFFFFFFFBFF0002

mem[X,0x0000000080000464] -> 0x9193
mem[X,0x0000000080000466] -> 0x00B1
[286] [M]: 0x0000000080000464 (0x00B19193) slli gp, gp, 0xb
x3 <- 0xFFFFFFDFF8001000

mem[X,0x0000000080000468] -> 0x8193
mem[X,0x000000008000046A] -> 0x7FF1
[287] [M]: 0x0000000080000468 (0x7FF18193) addi gp, gp, 0x7ff
x3 <- 0xFFFFFFDFF80017FF

mem[X,0x000000008000046C] -> 0x9193
mem[X,0x000000008000046E] -> 0x00B1
[288] [M]: 0x000000008000046C (0x00B19193) slli gp, gp, 0xb
x3 <- 0xFFFEFFC000BFF800

mem[X,0x0000000080000470] -> 0x8193
mem[X,0x0000000080000472] -> 0x6C01
[289] [M]: 0x0000000080000470 (0x6C018193) addi gp, gp, 0x6c0
x3 <- 0xFFFEFFC000BFFEC0

mem[X,0x0000000080000474] -> 0x9193
mem[X,0x0000000080000476] -> 0x00A1
[290] [M]: 0x0000000080000474 (0x00A19193) slli gp, gp, 0xa
x3 <- 0xFBFF0002FFFB0000

mem[X,0x0000000080000478] -> 0x8193
mem[X,0x000000008000047A] -> 0x0401
[291] [M]: 0x0000000080000478 (0x04018193) addi gp, gp, 0x40
x3 <- 0xFBFF0002FFFB0040

mem[X,0x000000008000047C] -> 0x0137
mem[X,0x000000008000047E] -> 0xFFF8
[292] [M]: 0x000000008000047C (0xFFF80137) lui sp, -0x80
x2 <- 0xFFFFFFFFFFF80000

mem[X,0x0000000080000480] -> 0x0113
mem[X,0x0000000080000482] -> 0xFDF1
[293] [M]: 0x0000000080000480 (0xFDF10113) addi sp, sp, -0x21
x2 <- 0xFFFFFFFFFFF7FFDF

mem[X,0x0000000080000484] -> 0x1113
mem[X,0x0000000080000486] -> 0x00B1
[294] [M]: 0x0000000080000484 (0x00B11113) slli sp, sp, 0xb
x2 <- 0xFFFFFFFFBFFEF800

mem[X,0x0000000080000488] -> 0x0113
mem[X,0x000000008000048A] -> 0x0021
[295] [M]: 0x0000000080000488 (0x00210113) addi sp, sp, 0x2
x2 <- 0xFFFFFFFFBFFEF802

mem[X,0x000000008000048C] -> 0x1113
mem[X,0x000000008000048E] -> 0x00B1
[296] [M]: 0x000000008000048C (0x00B11113) slli sp, sp, 0xb
x2 <- 0xFFFFFDFFF7C01000

mem[X,0x0000000080000490] -> 0x0113
mem[X,0x0000000080000492] -> 0x03F1
[297] [M]: 0x0000000080000490 (0x03F10113) addi sp, sp, 0x3f
x2 <- 0xFFFFFDFFF7C0103F

mem[X,0x0000000080000494] -> 0x1113
mem[X,0x0000000080000496] -> 0x00A1
[298] [M]: 0x0000000080000494 (0x00A11113) slli sp, sp, 0xa
x2 <- 0xFFF7FFDF0040FC00

mem[X,0x0000000080000498] -> 0x0113
mem[X,0x000000008000049A] -> 0x3EF1
[299] [M]: 0x0000000080000498 (0x3EF10113) addi sp, sp, 0x3ef
x2 <- 0xFFF7FFDF0040FFEF

clint::tick mtime <- 0x0000000000000003
 clint timer pending at mtime 0x0000000000000003
htif::tick 0x0000000000000000
mem[X,0x000000008000049C] -> 0xF0BB
mem[X,0x000000008000049E] -> 0xD421
[300] [M]: 0x000000008000049C (0xD421F0BB) pmulqr.h ra, gp, sp
x1 <- 0x0000000000000000

mem[X,0x00000000800004A0] -> 0x3823
mem[X,0x00000000800004A2] -> 0x0414
[301] [M]: 0x00000000800004A0 (0x04143823) sd ra, 0x50(fp)
mem[0x0000000080004168] <- 0x0000000000000000

mem[X,0x00000000800004A4] -> 0x0937
mem[X,0x00000000800004A6] -> 0x0009
[302] [M]: 0x00000000800004A4 (0x00090937) lui s2, 0x90
x18 <- 0x0000000000090000

mem[X,0x00000000800004A8] -> 0x0913
mem[X,0x00000000800004AA] -> 0xFDF9
[303] [M]: 0x00000000800004A8 (0xFDF90913) addi s2, s2, -0x21
x18 <- 0x000000000008FFDF

mem[X,0x00000000800004AC] -> 0x1913
mem[X,0x00000000800004AE] -> 0x00B9
[304] [M]: 0x00000000800004AC (0x00B91913) slli s2, s2, 0xb
x18 <- 0x0000000047FEF800

mem[X,0x00000000800004B0] -> 0x0913
mem[X,0x00000000800004B2] -> 0x7FD9
[305] [M]: 0x00000000800004B0 (0x7FD90913) addi s2, s2, 0x7fd
x18 <- 0x0000000047FEFFFD

mem[X,0x00000000800004B4] -> 0x1913
mem[X,0x00000000800004B6] -> 0x00B9
[306] [M]: 0x00000000800004B4 (0x00B91913) slli s2, s2, 0xb
x18 <- 0x0000023FF7FFE800

mem[X,0x00000000800004B8] -> 0x0913
mem[X,0x00000000800004BA] -> 0x7C09
[307] [M]: 0x00000000800004B8 (0x7C090913) addi s2, s2, 0x7c0
x18 <- 0x0000023FF7FFEFC0

mem[X,0x00000000800004BC] -> 0x1913
mem[X,0x00000000800004BE] -> 0x00A9
[308] [M]: 0x00000000800004BC (0x00A91913) slli s2, s2, 0xa
x18 <- 0x0008FFDFFFBF0000

mem[X,0x00000000800004C0] -> 0x0913
mem[X,0x00000000800004C2] -> 0x0809
[309] [M]: 0x00000000800004C0 (0x08090913) addi s2, s2, 0x80
x18 <- 0x0008FFDFFFBF0080

mem[X,0x00000000800004C4] -> 0x0EB7
mem[X,0x00000000800004C6] -> 0xFFF8
[310] [M]: 0x00000000800004C4 (0xFFF80EB7) lui t4, -0x80
x29 <- 0xFFFFFFFFFFF80000

mem[X,0x00000000800004C8] -> 0x8E93
mem[X,0x00000000800004CA] -> 0xFF6E
[311] [M]: 0x00000000800004C8 (0xFF6E8E93) addi t4, t4, -0xa
x29 <- 0xFFFFFFFFFFF7FFF6

mem[X,0x00000000800004CC] -> 0x9E93
mem[X,0x00000000800004CE] -> 0x00BE
[312] [M]: 0x00000000800004CC (0x00BE9E93) slli t4, t4, 0xb
x29 <- 0xFFFFFFFFBFFFB000

mem[X,0x00000000800004D0] -> 0x8E93
mem[X,0x00000000800004D2] -> 0x080E
[313] [M]: 0x00000000800004D0 (0x080E8E93) addi t4, t4, 0x80
x29 <- 0xFFFFFFFFBFFFB080

mem[X,0x00000000800004D4] -> 0x9E93
mem[X,0x00000000800004D6] -> 0x00BE
[314] [M]: 0x00000000800004D4 (0x00BE9E93) slli t4, t4, 0xb
x29 <- 0xFFFFFDFFFD840000

mem[X,0x00000000800004D8] -> 0x8E93
mem[X,0x00000000800004DA] -> 0x03BE
[315] [M]: 0x00000000800004D8 (0x03BE8E93) addi t4, t4, 0x3b
x29 <- 0xFFFFFDFFFD84003B

mem[X,0x00000000800004DC] -> 0x9E93
mem[X,0x00000000800004DE] -> 0x00AE
[316] [M]: 0x00000000800004DC (0x00AE9E93) slli t4, t4, 0xa
x29 <- 0xFFF7FFF61000EC00

mem[X,0x00000000800004E0] -> 0x8E93
mem[X,0x00000000800004E2] -> 0x3FFE
[317] [M]: 0x00000000800004E0 (0x3FFE8E93) addi t4, t4, 0x3ff
x29 <- 0xFFF7FFF61000EFFF

mem[X,0x00000000800004E4] -> 0x74BB
mem[X,0x00000000800004E6] -> 0xD5D9
[318] [M]: 0x00000000800004E4 (0xD5D974BB) pmulqr.h s1, s2, t4
x9 <- 0x00000000FFF8FFF0

mem[X,0x00000000800004E8] -> 0x3C23
mem[X,0x00000000800004EA] -> 0x0494
[319] [M]: 0x00000000800004E8 (0x04943C23) sd s1, 0x58(fp)
mem[0x0000000080004170] <- 0x00000000FFF8FFF0

mem[X,0x00000000800004EC] -> 0x08B7
mem[X,0x00000000800004EE] -> 0xFFF0
[320] [M]: 0x00000000800004EC (0xFFF008B7) lui a7, -0x100
x17 <- 0xFFFFFFFFFFF00000

mem[X,0x00000000800004F0] -> 0x8893
mem[X,0x00000000800004F2] -> 0xDFF8
[321] [M]: 0x00000000800004F0 (0xDFF88893) addi a7, a7, -0x201
x17 <- 0xFFFFFFFFFFEFFDFF

mem[X,0x00000000800004F4] -> 0x9893
mem[X,0x00000000800004F6] -> 0x00B8
[322] [M]: 0x00000000800004F4 (0x00B89893) slli a7, a7, 0xb
x17 <- 0xFFFFFFFF7FEFF800

mem[X,0x00000000800004F8] -> 0x8893
mem[X,0x00000000800004FA] -> 0x0008
[323] [M]: 0x00000000800004F8 (0x00088893) addi a7, a7, 0x0
x17 <- 0xFFFFFFFF7FEFF800

mem[X,0x00000000800004FC] -> 0x9893
mem[X,0x00000000800004FE] -> 0x00B8
[324] [M]: 0x00000000800004FC (0x00B89893) slli a7, a7, 0xb
x17 <- 0xFFFFFBFF7FC00000

mem[X,0x0000000080000500] -> 0x8893
mem[X,0x0000000080000502] -> 0x1C08
[325] [M]: 0x0000000080000500 (0x1C088893) addi a7, a7, 0x1c0
x17 <- 0xFFFFFBFF7FC001C0

mem[X,0x0000000080000504] -> 0x9893
mem[X,0x0000000080000506] -> 0x00A8
[326] [M]: 0x0000000080000504 (0x00A89893) slli a7, a7, 0xa
x17 <- 0xFFEFFDFF00070000

mem[X,0x0000000080000508] -> 0x8893
mem[X,0x000000008000050A] -> 0x1008
[327] [M]: 0x0000000080000508 (0x10088893) addi a7, a7, 0x100
x17 <- 0xFFEFFDFF00070100

mem[X,0x000000008000050C] -> 0x2DB7
mem[X,0x000000008000050E] -> 0x0800
[328] [M]: 0x000000008000050C (0x08002DB7) lui s11, 0x8002
x27 <- 0x0000000008002000

mem[X,0x0000000080000510] -> 0x8D93
mem[X,0x0000000080000512] -> 0x000D
[329] [M]: 0x0000000080000510 (0x000D8D93) addi s11, s11, 0x0
x27 <- 0x0000000008002000

mem[X,0x0000000080000514] -> 0x9D93
mem[X,0x0000000080000516] -> 0x00BD
[330] [M]: 0x0000000080000514 (0x00BD9D93) slli s11, s11, 0xb
x27 <- 0x0000004001000000

mem[X,0x0000000080000518] -> 0x8D93
mem[X,0x000000008000051A] -> 0x080D
[331] [M]: 0x0000000080000518 (0x080D8D93) addi s11, s11, 0x80
x27 <- 0x0000004001000080

mem[X,0x000000008000051C] -> 0x9D93
mem[X,0x000000008000051E] -> 0x00BD
[332] [M]: 0x000000008000051C (0x00BD9D93) slli s11, s11, 0xb
x27 <- 0x0002000800040000

mem[X,0x0000000080000520] -> 0x8D93
mem[X,0x0000000080000522] -> 0x000D
[333] [M]: 0x0000000080000520 (0x000D8D93) addi s11, s11, 0x0
x27 <- 0x0002000800040000

mem[X,0x0000000080000524] -> 0x9D93
mem[X,0x0000000080000526] -> 0x00AD
[334] [M]: 0x0000000080000524 (0x00AD9D93) slli s11, s11, 0xa
x27 <- 0x0800200010000000

mem[X,0x0000000080000528] -> 0x8D93
mem[X,0x000000008000052A] -> 0x200D
[335] [M]: 0x0000000080000528 (0x200D8D93) addi s11, s11, 0x200
x27 <- 0x0800200010000200

mem[X,0x000000008000052C] -> 0xF33B
mem[X,0x000000008000052E] -> 0xD5B8
[336] [M]: 0x000000008000052C (0xD5B8F33B) pmulqr.h t1, a7, s11
x6 <- 0xFFFFFF8000010004

mem[X,0x0000000080000530] -> 0x3023
mem[X,0x0000000080000532] -> 0x0664
[337] [M]: 0x0000000080000530 (0x06643023) sd t1, 0x60(fp)
mem[0x0000000080004178] <- 0xFFFFFF8000010004

mem[X,0x0000000080000534] -> 0x0B37
mem[X,0x0000000080000536] -> 0xEFFF
[338] [M]: 0x0000000080000534 (0xEFFF0B37) lui s6, -0x10010
x22 <- 0xFFFFFFFFEFFF0000

mem[X,0x0000000080000538] -> 0x0B13
mem[X,0x000000008000053A] -> 0x020B
[339] [M]: 0x0000000080000538 (0x020B0B13) addi s6, s6, 0x20
x22 <- 0xFFFFFFFFEFFF0020

mem[X,0x000000008000053C] -> 0x1B13
mem[X,0x000000008000053E] -> 0x00BB
[340] [M]: 0x000000008000053C (0x00BB1B13) slli s6, s6, 0xb
x22 <- 0xFFFFFF7FF8010000

mem[X,0x0000000080000540] -> 0x0B13
mem[X,0x0000000080000542] -> 0x000B
[341] [M]: 0x0000000080000540 (0x000B0B13) addi s6, s6, 0x0
x22 <- 0xFFFFFF7FF8010000

mem[X,0x0000000080000544] -> 0x1B13
mem[X,0x0000000080000546] -> 0x00BB
[342] [M]: 0x0000000080000544 (0x00BB1B13) slli s6, s6, 0xb
x22 <- 0xFFFBFFC008000000

mem[X,0x0000000080000548] -> 0x0B13
mem[X,0x000000008000054A] -> 0x240B
[343] [M]: 0x0000000080000548 (0x240B0B13) addi s6, s6, 0x240
x22 <- 0xFFFBFFC008000240

mem[X,0x000000008000054C] -> 0x1B13
mem[X,0x000000008000054E] -> 0x00AB
[344] [M]: 0x000000008000054C (0x00AB1B13) slli s6, s6, 0xa
x22 <- 0xEFFF002000090000

mem[X,0x0000000080000550] -> 0x0B13
mem[X,0x0000000080000552] -> 0x200B
[345] [M]: 0x0000000080000550 (0x200B0B13) addi s6, s6, 0x200
x22 <- 0xEFFF002000090200

mem[X,0x0000000080000554] -> 0x83B7
mem[X,0x0000000080000556] -> 0x0100
[346] [M]: 0x0000000080000554 (0x010083B7) lui t2, 0x1008
x7 <- 0x0000000001008000

mem[X,0x0000000080000558] -> 0x8393
mem[X,0x000000008000055A] -> 0x0003
[347] [M]: 0x0000000080000558 (0x00038393) addi t2, t2, 0x0
x7 <- 0x0000000001008000

mem[X,0x000000008000055C] -> 0x9393
mem[X,0x000000008000055E] -> 0x00B3
[348] [M]: 0x000000008000055C (0x00B39393) slli t2, t2, 0xb
x7 <- 0x0000000804000000

mem[X,0x0000000080000560] -> 0x8393
mem[X,0x0000000080000562] -> 0x3FF3
[349] [M]: 0x0000000080000560 (0x3FF38393) addi t2, t2, 0x3ff
x7 <- 0x00000008040003FF

mem[X,0x0000000080000564] -> 0x9393
mem[X,0x0000000080000566] -> 0x00B3
[350] [M]: 0x0000000080000564 (0x00B39393) slli t2, t2, 0xb
x7 <- 0x00004020001FF800

mem[X,0x0000000080000568] -> 0x8393
mem[X,0x000000008000056A] -> 0x7C43
[351] [M]: 0x0000000080000568 (0x7C438393) addi t2, t2, 0x7c4
x7 <- 0x00004020001FFFC4

mem[X,0x000000008000056C] -> 0x9393
mem[X,0x000000008000056E] -> 0x00A3
[352] [M]: 0x000000008000056C (0x00A39393) slli t2, t2, 0xa
x7 <- 0x010080007FFF1000

mem[X,0x0000000080000570] -> 0x7EBB
mem[X,0x0000000080000572] -> 0xD47B
[353] [M]: 0x0000000080000570 (0xD47B7EBB) pmulqr.h t4, s6, t2
x29 <- 0xFFE0FFE000090040

mem[X,0x0000000080000574] -> 0x3423
mem[X,0x0000000080000576] -> 0x07D4
[354] [M]: 0x0000000080000574 (0x07D43423) sd t4, 0x68(fp)
mem[0x0000000080004180] <- 0xFFE0FFE000090040

mem[X,0x0000000080000578] -> 0x0537
mem[X,0x000000008000057A] -> 0x2000
[355] [M]: 0x0000000080000578 (0x20000537) lui a0, 0x20000
x10 <- 0x0000000020000000

mem[X,0x000000008000057C] -> 0x0513
mem[X,0x000000008000057E] -> 0x0045
[356] [M]: 0x000000008000057C (0x00450513) addi a0, a0, 0x4
x10 <- 0x0000000020000004

mem[X,0x0000000080000580] -> 0x1513
mem[X,0x0000000080000582] -> 0x00B5
[357] [M]: 0x0000000080000580 (0x00B51513) slli a0, a0, 0xb
x10 <- 0x0000010000002000

mem[X,0x0000000080000584] -> 0x0513
mem[X,0x0000000080000586] -> 0x0405
[358] [M]: 0x0000000080000584 (0x04050513) addi a0, a0, 0x40
x10 <- 0x0000010000002040

mem[X,0x0000000080000588] -> 0x1513
mem[X,0x000000008000058A] -> 0x00B5
[359] [M]: 0x0000000080000588 (0x00B51513) slli a0, a0, 0xb
x10 <- 0x0008000001020000

mem[X,0x000000008000058C] -> 0x0513
mem[X,0x000000008000058E] -> 0x0015
[360] [M]: 0x000000008000058C (0x00150513) addi a0, a0, 0x1
x10 <- 0x0008000001020001

mem[X,0x0000000080000590] -> 0x1513
mem[X,0x0000000080000592] -> 0x00A5
[361] [M]: 0x0000000080000590 (0x00A51513) slli a0, a0, 0xa
x10 <- 0x2000000408000400

mem[X,0x0000000080000594] -> 0x1BB7
mem[X,0x0000000080000596] -> 0x0100
[362] [M]: 0x0000000080000594 (0x01001BB7) lui s7, 0x1001
x23 <- 0x0000000001001000

mem[X,0x0000000080000598] -> 0x8B93
mem[X,0x000000008000059A] -> 0x800B
[363] [M]: 0x0000000080000598 (0x800B8B93) addi s7, s7, -0x800
x23 <- 0x0000000001000800

mem[X,0x000000008000059C] -> 0x9B93
mem[X,0x000000008000059E] -> 0x00BB
[364] [M]: 0x000000008000059C (0x00BB9B93) slli s7, s7, 0xb
x23 <- 0x0000000800400000

mem[X,0x00000000800005A0] -> 0x8B93
mem[X,0x00000000800005A2] -> 0x000B
[365] [M]: 0x00000000800005A0 (0x000B8B93) addi s7, s7, 0x0
x23 <- 0x0000000800400000

mem[X,0x00000000800005A4] -> 0x9B93
mem[X,0x00000000800005A6] -> 0x00BB
[366] [M]: 0x00000000800005A4 (0x00BB9B93) slli s7, s7, 0xb
x23 <- 0x0000400200000000

mem[X,0x00000000800005A8] -> 0x8B93
mem[X,0x00000000800005AA] -> 0x0AFB
[367] [M]: 0x00000000800005A8 (0x0AFB8B93) addi s7, s7, 0xaf
x23 <- 0x00004002000000AF

mem[X,0x00000000800005AC] -> 0x9B93
mem[X,0x00000000800005AE] -> 0x00AB
[368] [M]: 0x00000000800005AC (0x00AB9B93) slli s7, s7, 0xa
x23 <- 0x010008000002BC00

mem[X,0x00000000800005B0] -> 0x8B93
mem[X,0x00000000800005B2] -> 0x3FFB
[369] [M]: 0x00000000800005B0 (0x3FFB8B93) addi s7, s7, 0x3ff
x23 <- 0x010008000002BFFF

mem[X,0x00000000800005B4] -> 0x7ABB
mem[X,0x00000000800005B6] -> 0xD575
[370] [M]: 0x00000000800005B4 (0xD5757ABB) pmulqr.h s5, a0, s7
x21 <- 0x004000000000FE00

mem[X,0x00000000800005B8] -> 0x3823
mem[X,0x00000000800005BA] -> 0x0754
[371] [M]: 0x00000000800005B8 (0x07543823) sd s5, 0x70(fp)
mem[0x0000000080004188] <- 0x004000000000FE00

mem[X,0x00000000800005BC] -> 0x0013
mem[X,0x00000000800005BE] -> 0x0000
[372] [M]: 0x00000000800005BC (0x00000013) addi zero, zero, 0x0

mem[X,0x00000000800005C0] -> 0x4117
mem[X,0x00000000800005C2] -> 0x0000
[373] [M]: 0x00000000800005C0 (0x00004117) auipc sp, 0x4
x2 <- 0x00000000800045C0

mem[X,0x00000000800005C4] -> 0x0113
mem[X,0x00000000800005C6] -> 0xBD01
[374] [M]: 0x00000000800005C4 (0xBD010113) addi sp, sp, -0x430
x2 <- 0x0000000080004190

mem[X,0x00000000800005C8] -> 0x0013
mem[X,0x00000000800005CA] -> 0x0000
[375] [M]: 0x00000000800005C8 (0x00000013) addi zero, zero, 0x0

mem[X,0x00000000800005CC] -> 0x0013
mem[X,0x00000000800005CE] -> 0x0000
[376] [M]: 0x00000000800005CC (0x00000013) addi zero, zero, 0x0

mem[X,0x00000000800005D0] -> 0x0013
mem[X,0x00000000800005D2] -> 0x0000
[377] [M]: 0x00000000800005D0 (0x00000013) addi zero, zero, 0x0

mem[X,0x00000000800005D4] -> 0x0013
mem[X,0x00000000800005D6] -> 0x0000
[378] [M]: 0x00000000800005D4 (0x00000013) addi zero, zero, 0x0

mem[X,0x00000000800005D8] -> 0x0013
mem[X,0x00000000800005DA] -> 0x0000
[379] [M]: 0x00000000800005D8 (0x00000013) addi zero, zero, 0x0

mem[X,0x00000000800005DC] -> 0x0013
mem[X,0x00000000800005DE] -> 0x0000
[380] [M]: 0x00000000800005DC (0x00000013) addi zero, zero, 0x0

mem[X,0x00000000800005E0] -> 0x0237
mem[X,0x00000000800005E2] -> 0x0200
[381] [M]: 0x00000000800005E0 (0x02000237) lui tp, 0x2000
x4 <- 0x0000000002000000

mem[X,0x00000000800005E4] -> 0x0213
mem[X,0x00000000800005E6] -> 0x0022
[382] [M]: 0x00000000800005E4 (0x00220213) addi tp, tp, 0x2
x4 <- 0x0000000002000002

mem[X,0x00000000800005E8] -> 0x1213
mem[X,0x00000000800005EA] -> 0x00B2
[383] [M]: 0x00000000800005E8 (0x00B21213) slli tp, tp, 0xb
x4 <- 0x0000001000001000

mem[X,0x00000000800005EC] -> 0x0213
mem[X,0x00000000800005EE] -> 0x7F72
[384] [M]: 0x00000000800005EC (0x7F720213) addi tp, tp, 0x7f7
x4 <- 0x00000010000017F7

mem[X,0x00000000800005F0] -> 0x1213
mem[X,0x00000000800005F2] -> 0x00B2
[385] [M]: 0x00000000800005F0 (0x00B21213) slli tp, tp, 0xb
x4 <- 0x0000800000BFB800

mem[X,0x00000000800005F4] -> 0x0213
mem[X,0x00000000800005F6] -> 0x7C22
[386] [M]: 0x00000000800005F4 (0x7C220213) addi tp, tp, 0x7c2
x4 <- 0x0000800000BFBFC2

mem[X,0x00000000800005F8] -> 0x1213
mem[X,0x00000000800005FA] -> 0x00A2
[387] [M]: 0x00000000800005F8 (0x00A21213) slli tp, tp, 0xa
x4 <- 0x02000002FEFF0800

mem[X,0x00000000800005FC] -> 0x0E37
mem[X,0x00000000800005FE] -> 0x0000
[388] [M]: 0x00000000800005FC (0x00000E37) lui t3, 0x0
x28 <- 0x0000000000000000

mem[X,0x0000000080000600] -> 0x0E13
mem[X,0x0000000080000602] -> 0x002E
[389] [M]: 0x0000000080000600 (0x002E0E13) addi t3, t3, 0x2
x28 <- 0x0000000000000002

mem[X,0x0000000080000604] -> 0x1E13
mem[X,0x0000000080000606] -> 0x00BE
[390] [M]: 0x0000000080000604 (0x00BE1E13) slli t3, t3, 0xb
x28 <- 0x0000000000001000

mem[X,0x0000000080000608] -> 0x0E13
mem[X,0x000000008000060A] -> 0x2AAE
[391] [M]: 0x0000000080000608 (0x2AAE0E13) addi t3, t3, 0x2aa
x28 <- 0x00000000000012AA

mem[X,0x000000008000060C] -> 0x1E13
mem[X,0x000000008000060E] -> 0x00BE
[392] [M]: 0x000000008000060C (0x00BE1E13) slli t3, t3, 0xb
x28 <- 0x0000000000955000

mem[X,0x0000000080000610] -> 0x0E13
mem[X,0x0000000080000612] -> 0x540E
[393] [M]: 0x0000000080000610 (0x540E0E13) addi t3, t3, 0x540
x28 <- 0x0000000000955540

mem[X,0x0000000080000614] -> 0x1E13
mem[X,0x0000000080000616] -> 0x00AE
[394] [M]: 0x0000000080000614 (0x00AE1E13) slli t3, t3, 0xa
x28 <- 0x0000000255550000

mem[X,0x0000000080000618] -> 0x0E13
mem[X,0x000000008000061A] -> 0x003E
[395] [M]: 0x0000000080000618 (0x003E0E13) addi t3, t3, 0x3
x28 <- 0x0000000255550003

mem[X,0x000000008000061C] -> 0x793B
mem[X,0x000000008000061E] -> 0xD5C2
[396] [M]: 0x000000008000061C (0xD5C2793B) pmulqr.h s2, tp, t3
x18 <- 0x00000000FF550000

mem[X,0x0000000080000620] -> 0x3023
mem[X,0x0000000080000622] -> 0x0121
[397] [M]: 0x0000000080000620 (0x01213023) sd s2, 0x0(sp)
mem[0x0000000080004190] <- 0x00000000FF550000

mem[X,0x0000000080000624] -> 0xF737
mem[X,0x0000000080000626] -> 0x0080
[398] [M]: 0x0000000080000624 (0x0080F737) lui a4, 0x80f
x14 <- 0x000000000080F000

mem[X,0x0000000080000628] -> 0x0713
mem[X,0x000000008000062A] -> 0x7FF7
[399] [M]: 0x0000000080000628 (0x7FF70713) addi a4, a4, 0x7ff
x14 <- 0x000000000080F7FF

clint::tick mtime <- 0x0000000000000004
 clint timer pending at mtime 0x0000000000000004
htif::tick 0x0000000000000000
mem[X,0x000000008000062C] -> 0x1713
mem[X,0x000000008000062E] -> 0x00B7
[400] [M]: 0x000000008000062C (0x00B71713) slli a4, a4, 0xb
x14 <- 0x0000000407BFF800

mem[X,0x0000000080000630] -> 0x0713
mem[X,0x0000000080000632] -> 0x0207
[401] [M]: 0x0000000080000630 (0x02070713) addi a4, a4, 0x20
x14 <- 0x0000000407BFF820

mem[X,0x0000000080000634] -> 0x1713
mem[X,0x0000000080000636] -> 0x00B7
[402] [M]: 0x0000000080000634 (0x00B71713) slli a4, a4, 0xb
x14 <- 0x0000203DFFC10000

mem[X,0x0000000080000638] -> 0x0713
mem[X,0x000000008000063A] -> 0x0047
[403] [M]: 0x0000000080000638 (0x00470713) addi a4, a4, 0x4
x14 <- 0x0000203DFFC10004

mem[X,0x000000008000063C] -> 0x1713
mem[X,0x000000008000063E] -> 0x00A7
[404] [M]: 0x000000008000063C (0x00A71713) slli a4, a4, 0xa
x14 <- 0x0080F7FF04001000

mem[X,0x0000000080000640] -> 0x09B7
mem[X,0x0000000080000642] -> 0x0001
[405] [M]: 0x0000000080000640 (0x000109B7) lui s3, 0x10
x19 <- 0x0000000000010000

mem[X,0x0000000080000644] -> 0x8993
mem[X,0x0000000080000646] -> 0xEFF9
[406] [M]: 0x0000000080000644 (0xEFF98993) addi s3, s3, -0x101
x19 <- 0x000000000000FEFF

mem[X,0x0000000080000648] -> 0x9993
mem[X,0x000000008000064A] -> 0x00B9
[407] [M]: 0x0000000080000648 (0x00B99993) slli s3, s3, 0xb
x19 <- 0x0000000007F7F800

mem[X,0x000000008000064C] -> 0x8993
mem[X,0x000000008000064E] -> 0x0009
[408] [M]: 0x000000008000064C (0x00098993) addi s3, s3, 0x0
x19 <- 0x0000000007F7F800

mem[X,0x0000000080000650] -> 0x9993
mem[X,0x0000000080000652] -> 0x00B9
[409] [M]: 0x0000000080000650 (0x00B99993) slli s3, s3, 0xb
x19 <- 0x0000003FBFC00000

mem[X,0x0000000080000654] -> 0x8993
mem[X,0x0000000080000656] -> 0x2009
[410] [M]: 0x0000000080000654 (0x20098993) addi s3, s3, 0x200
x19 <- 0x0000003FBFC00200

mem[X,0x0000000080000658] -> 0x9993
mem[X,0x000000008000065A] -> 0x00A9
[411] [M]: 0x0000000080000658 (0x00A99993) slli s3, s3, 0xa
x19 <- 0x0000FEFF00080000

mem[X,0x000000008000065C] -> 0x8993
mem[X,0x000000008000065E] -> 0x0039
[412] [M]: 0x000000008000065C (0x00398993) addi s3, s3, 0x3
x19 <- 0x0000FEFF00080003

mem[X,0x0000000080000660] -> 0x73BB
mem[X,0x0000000080000662] -> 0xD537
[413] [M]: 0x0000000080000660 (0xD53773BB) pmulqr.h t2, a4, s3
x7 <- 0x0000001000000000

mem[X,0x0000000080000664] -> 0x3423
mem[X,0x0000000080000666] -> 0x0071
[414] [M]: 0x0000000080000664 (0x00713423) sd t2, 0x8(sp)
mem[0x0000000080004198] <- 0x0000001000000000

mem[X,0x0000000080000668] -> 0x0D37
mem[X,0x000000008000066A] -> 0x0002
[415] [M]: 0x0000000080000668 (0x00020D37) lui s10, 0x20
x26 <- 0x0000000000020000

mem[X,0x000000008000066C] -> 0x0D13
mem[X,0x000000008000066E] -> 0xFDFD
[416] [M]: 0x000000008000066C (0xFDFD0D13) addi s10, s10, -0x21
x26 <- 0x000000000001FFDF

mem[X,0x0000000080000670] -> 0x1D13
mem[X,0x0000000080000672] -> 0x00BD
[417] [M]: 0x0000000080000670 (0x00BD1D13) slli s10, s10, 0xb
x26 <- 0x000000000FFEF800

mem[X,0x0000000080000674] -> 0x0D13
mem[X,0x0000000080000676] -> 0x7FFD
[418] [M]: 0x0000000080000674 (0x7FFD0D13) addi s10, s10, 0x7ff
x26 <- 0x000000000FFEFFFF

mem[X,0x0000000080000678] -> 0x1D13
mem[X,0x000000008000067A] -> 0x00BD
[419] [M]: 0x0000000080000678 (0x00BD1D13) slli s10, s10, 0xb
x26 <- 0x0000007FF7FFF800

mem[X,0x000000008000067C] -> 0x0D13
mem[X,0x000000008000067E] -> 0x608D
[420] [M]: 0x000000008000067C (0x608D0D13) addi s10, s10, 0x608
x26 <- 0x0000007FF7FFFE08

mem[X,0x0000000080000680] -> 0x1D13
mem[X,0x0000000080000682] -> 0x00AD
[421] [M]: 0x0000000080000680 (0x00AD1D13) slli s10, s10, 0xa
x26 <- 0x0001FFDFFFF82000

mem[X,0x0000000080000684] -> 0x4637
mem[X,0x0000000080000686] -> 0xBFFF
[422] [M]: 0x0000000080000684 (0xBFFF4637) lui a2, -0x4000c
x12 <- 0xFFFFFFFFBFFF4000

mem[X,0x0000000080000688] -> 0x0613
mem[X,0x000000008000068A] -> 0xFFF6
[423] [M]: 0x0000000080000688 (0xFFF60613) addi a2, a2, -0x1
x12 <- 0xFFFFFFFFBFFF3FFF

mem[X,0x000000008000068C] -> 0x1613
mem[X,0x000000008000068E] -> 0x00B6
[424] [M]: 0x000000008000068C (0x00B61613) slli a2, a2, 0xb
x12 <- 0xFFFFFDFFF9FFF800

mem[X,0x0000000080000690] -> 0x0613
mem[X,0x0000000080000692] -> 0x7FF6
[425] [M]: 0x0000000080000690 (0x7FF60613) addi a2, a2, 0x7ff
x12 <- 0xFFFFFDFFF9FFFFFF

mem[X,0x0000000080000694] -> 0x1613
mem[X,0x0000000080000696] -> 0x00B6
[426] [M]: 0x0000000080000694 (0x00B61613) slli a2, a2, 0xb
x12 <- 0xFFEFFFCFFFFFF800

mem[X,0x0000000080000698] -> 0x0613
mem[X,0x000000008000069A] -> 0x6106
[427] [M]: 0x0000000080000698 (0x61060613) addi a2, a2, 0x610
x12 <- 0xFFEFFFCFFFFFFE10

mem[X,0x000000008000069C] -> 0x1613
mem[X,0x000000008000069E] -> 0x00A6
[428] [M]: 0x000000008000069C (0x00A61613) slli a2, a2, 0xa
x12 <- 0xBFFF3FFFFFF84000

mem[X,0x00000000800006A0] -> 0x743B
mem[X,0x00000000800006A2] -> 0xD4CD
[429] [M]: 0x00000000800006A0 (0xD4CD743B) pmulqr.h fp, s10, a2
x8 <- 0xFFFFFFF000001000

mem[X,0x00000000800006A4] -> 0x3823
mem[X,0x00000000800006A6] -> 0x0081
[430] [M]: 0x00000000800006A4 (0x00813823) sd fp, 0x10(sp)
mem[0x00000000800041A0] <- 0xFFFFFFF000001000

mem[X,0x00000000800006A8] -> 0x0BB7
mem[X,0x00000000800006AA] -> 0x0100
[431] [M]: 0x00000000800006A8 (0x01000BB7) lui s7, 0x1000
x23 <- 0x0000000001000000

mem[X,0x00000000800006AC] -> 0x8B93
mem[X,0x00000000800006AE] -> 0x008B
[432] [M]: 0x00000000800006AC (0x008B8B93) addi s7, s7, 0x8
x23 <- 0x0000000001000008

mem[X,0x00000000800006B0] -> 0x9B93
mem[X,0x00000000800006B2] -> 0x00BB
[433] [M]: 0x00000000800006B0 (0x00BB9B93) slli s7, s7, 0xb
x23 <- 0x0000000800004000

mem[X,0x00000000800006B4] -> 0x8B93
mem[X,0x00000000800006B6] -> 0x1FFB
[434] [M]: 0x00000000800006B4 (0x1FFB8B93) addi s7, s7, 0x1ff
x23 <- 0x00000008000041FF

mem[X,0x00000000800006B8] -> 0x9B93
mem[X,0x00000000800006BA] -> 0x00BB
[435] [M]: 0x00000000800006B8 (0x00BB9B93) slli s7, s7, 0xb
x23 <- 0x00004000020FF800

mem[X,0x00000000800006BC] -> 0x8B93
mem[X,0x00000000800006BE] -> 0x7D0B
[436] [M]: 0x00000000800006BC (0x7D0B8B93) addi s7, s7, 0x7d0
x23 <- 0x00004000020FFFD0

mem[X,0x00000000800006C0] -> 0x9B93
mem[X,0x00000000800006C2] -> 0x00AB
[437] [M]: 0x00000000800006C0 (0x00AB9B93) slli s7, s7, 0xa
x23 <- 0x010000083FFF4000

mem[X,0x00000000800006C4] -> 0x06B7
mem[X,0x00000000800006C6] -> 0x4001
[438] [M]: 0x00000000800006C4 (0x400106B7) lui a3, 0x40010
x13 <- 0x0000000040010000

mem[X,0x00000000800006C8] -> 0x8693
mem[X,0x00000000800006CA] -> 0xFFB6
[439] [M]: 0x00000000800006C8 (0xFFB68693) addi a3, a3, -0x5
x13 <- 0x000000004000FFFB

mem[X,0x00000000800006CC] -> 0x9693
mem[X,0x00000000800006CE] -> 0x00B6
[440] [M]: 0x00000000800006CC (0x00B69693) slli a3, a3, 0xb
x13 <- 0x0000020007FFD800

mem[X,0x00000000800006D0] -> 0x8693
mem[X,0x00000000800006D2] -> 0x5556
[441] [M]: 0x00000000800006D0 (0x55568693) addi a3, a3, 0x555
x13 <- 0x0000020007FFDD55

mem[X,0x00000000800006D4] -> 0x9693
mem[X,0x00000000800006D6] -> 0x00B6
[442] [M]: 0x00000000800006D4 (0x00B69693) slli a3, a3, 0xb
x13 <- 0x0010003FFEEAA800

mem[X,0x00000000800006D8] -> 0x8693
mem[X,0x00000000800006DA] -> 0x2BF6
[443] [M]: 0x00000000800006D8 (0x2BF68693) addi a3, a3, 0x2bf
x13 <- 0x0010003FFEEAAABF

mem[X,0x00000000800006DC] -> 0x9693
mem[X,0x00000000800006DE] -> 0x00A6
[444] [M]: 0x00000000800006DC (0x00A69693) slli a3, a3, 0xa
x13 <- 0x4000FFFBAAAAFC00

mem[X,0x00000000800006E0] -> 0x8693
mem[X,0x00000000800006E2] -> 0x3DF6
[445] [M]: 0x00000000800006E0 (0x3DF68693) addi a3, a3, 0x3df
x13 <- 0x4000FFFBAAAAFFDF

mem[X,0x00000000800006E4] -> 0xFB3B
mem[X,0x00000000800006E6] -> 0xD4DB
[446] [M]: 0x00000000800006E4 (0xD4DBFB3B) pmulqr.h s6, s7, a3
x22 <- 0x00800000D556FFF0

mem[X,0x00000000800006E8] -> 0x3C23
mem[X,0x00000000800006EA] -> 0x0161
[447] [M]: 0x00000000800006E8 (0x01613C23) sd s6, 0x18(sp)
mem[0x00000000800041A8] <- 0x00800000D556FFF0

mem[X,0x00000000800006EC] -> 0x0637
mem[X,0x00000000800006EE] -> 0xF7FF
[448] [M]: 0x00000000800006EC (0xF7FF0637) lui a2, -0x8010
x12 <- 0xFFFFFFFFF7FF0000

mem[X,0x00000000800006F0] -> 0x0613
mem[X,0x00000000800006F2] -> 0x0046
[449] [M]: 0x00000000800006F0 (0x00460613) addi a2, a2, 0x4
x12 <- 0xFFFFFFFFF7FF0004

mem[X,0x00000000800006F4] -> 0x1613
mem[X,0x00000000800006F6] -> 0x00B6
[450] [M]: 0x00000000800006F4 (0x00B61613) slli a2, a2, 0xb
x12 <- 0xFFFFFFBFF8002000

mem[X,0x00000000800006F8] -> 0x0613
mem[X,0x00000000800006FA] -> 0x7FF6
[451] [M]: 0x00000000800006F8 (0x7FF60613) addi a2, a2, 0x7ff
x12 <- 0xFFFFFFBFF80027FF

mem[X,0x00000000800006FC] -> 0x1613
mem[X,0x00000000800006FE] -> 0x00B6
[452] [M]: 0x00000000800006FC (0x00B61613) slli a2, a2, 0xb
x12 <- 0xFFFDFFC0013FF800

mem[X,0x0000000080000700] -> 0x0613
mem[X,0x0000000080000702] -> 0x73F6
[453] [M]: 0x0000000080000700 (0x73F60613) addi a2, a2, 0x73f
x12 <- 0xFFFDFFC0013FFF3F

mem[X,0x0000000080000704] -> 0x1613
mem[X,0x0000000080000706] -> 0x00A6
[454] [M]: 0x0000000080000704 (0x00A61613) slli a2, a2, 0xa
x12 <- 0xF7FF0004FFFCFC00

mem[X,0x0000000080000708] -> 0x0613
mem[X,0x000000008000070A] -> 0x3FE6
[455] [M]: 0x0000000080000708 (0x3FE60613) addi a2, a2, 0x3fe
x12 <- 0xF7FF0004FFFCFFFE

mem[X,0x000000008000070C] -> 0x0037
mem[X,0x000000008000070E] -> 0x0080
[456] [M]: 0x000000008000070C (0x00800037) lui zero, 0x800

mem[X,0x0000000080000710] -> 0x0013
mem[X,0x0000000080000712] -> 0x0800
[457] [M]: 0x0000000080000710 (0x08000013) addi zero, zero, 0x80

mem[X,0x0000000080000714] -> 0x1013
mem[X,0x0000000080000716] -> 0x00B0
[458] [M]: 0x0000000080000714 (0x00B01013) slli zero, zero, 0xb

mem[X,0x0000000080000718] -> 0x0013
mem[X,0x000000008000071A] -> 0x7FF0
[459] [M]: 0x0000000080000718 (0x7FF00013) addi zero, zero, 0x7ff

mem[X,0x000000008000071C] -> 0x1013
mem[X,0x000000008000071E] -> 0x00B0
[460] [M]: 0x000000008000071C (0x00B01013) slli zero, zero, 0xb

mem[X,0x0000000080000720] -> 0x0013
mem[X,0x0000000080000722] -> 0x63F0
[461] [M]: 0x0000000080000720 (0x63F00013) addi zero, zero, 0x63f

mem[X,0x0000000080000724] -> 0x1013
mem[X,0x0000000080000726] -> 0x00A0
[462] [M]: 0x0000000080000724 (0x00A01013) slli zero, zero, 0xa

mem[X,0x0000000080000728] -> 0x0013
mem[X,0x000000008000072A] -> 0x3BF0
[463] [M]: 0x0000000080000728 (0x3BF00013) addi zero, zero, 0x3bf

mem[X,0x000000008000072C] -> 0x7C3B
mem[X,0x000000008000072E] -> 0xD406
[464] [M]: 0x000000008000072C (0xD4067C3B) pmulqr.h s8, a2, zero
x24 <- 0x0000000000000000

mem[X,0x0000000080000730] -> 0x3023
mem[X,0x0000000080000732] -> 0x0381
[465] [M]: 0x0000000080000730 (0x03813023) sd s8, 0x20(sp)
mem[0x00000000800041B0] <- 0x0000000000000000

mem[X,0x0000000080000734] -> 0xC037
mem[X,0x0000000080000736] -> 0xFFFA
[466] [M]: 0x0000000080000734 (0xFFFAC037) lui zero, -0x54

mem[X,0x0000000080000738] -> 0x0013
mem[X,0x000000008000073A] -> 0xFFF0
[467] [M]: 0x0000000080000738 (0xFFF00013) addi zero, zero, -0x1

mem[X,0x000000008000073C] -> 0x1013
mem[X,0x000000008000073E] -> 0x00B0
[468] [M]: 0x000000008000073C (0x00B01013) slli zero, zero, 0xb

mem[X,0x0000000080000740] -> 0x0013
mem[X,0x0000000080000742] -> 0x0020
[469] [M]: 0x0000000080000740 (0x00200013) addi zero, zero, 0x2

mem[X,0x0000000080000744] -> 0x1013
mem[X,0x0000000080000746] -> 0x00B0
[470] [M]: 0x0000000080000744 (0x00B01013) slli zero, zero, 0xb

mem[X,0x0000000080000748] -> 0x0013
mem[X,0x000000008000074A] -> 0x03F0
[471] [M]: 0x0000000080000748 (0x03F00013) addi zero, zero, 0x3f

mem[X,0x000000008000074C] -> 0x1013
mem[X,0x000000008000074E] -> 0x00A0
[472] [M]: 0x000000008000074C (0x00A01013) slli zero, zero, 0xa

mem[X,0x0000000080000750] -> 0x0013
mem[X,0x0000000080000752] -> 0x3FD0
[473] [M]: 0x0000000080000750 (0x3FD00013) addi zero, zero, 0x3fd

mem[X,0x0000000080000754] -> 0x8B37
mem[X,0x0000000080000756] -> 0xFF7F
[474] [M]: 0x0000000080000754 (0xFF7F8B37) lui s6, -0x808
x22 <- 0xFFFFFFFFFF7F8000

mem[X,0x0000000080000758] -> 0x0B13
mem[X,0x000000008000075A] -> 0xFFFB
[475] [M]: 0x0000000080000758 (0xFFFB0B13) addi s6, s6, -0x1
x22 <- 0xFFFFFFFFFF7F7FFF

mem[X,0x000000008000075C] -> 0x1B13
mem[X,0x000000008000075E] -> 0x00BB
[476] [M]: 0x000000008000075C (0x00BB1B13) slli s6, s6, 0xb
x22 <- 0xFFFFFFFBFBFFF800

mem[X,0x0000000080000760] -> 0x0B13
mem[X,0x0000000080000762] -> 0x000B
[477] [M]: 0x0000000080000760 (0x000B0B13) addi s6, s6, 0x0
x22 <- 0xFFFFFFFBFBFFF800

mem[X,0x0000000080000764] -> 0x1B13
mem[X,0x0000000080000766] -> 0x00BB
[478] [M]: 0x0000000080000764 (0x00BB1B13) slli s6, s6, 0xb
x22 <- 0xFFFFDFDFFFC00000

mem[X,0x0000000080000768] -> 0x0B13
mem[X,0x000000008000076A] -> 0x200B
[479] [M]: 0x0000000080000768 (0x200B0B13) addi s6, s6, 0x200
x22 <- 0xFFFFDFDFFFC00200

mem[X,0x000000008000076C] -> 0x1B13
mem[X,0x000000008000076E] -> 0x00AB
[480] [M]: 0x000000008000076C (0x00AB1B13) slli s6, s6, 0xa
x22 <- 0xFF7F7FFF00080000

mem[X,0x0000000080000770] -> 0x0B13
mem[X,0x0000000080000772] -> 0x008B
[481] [M]: 0x0000000080000770 (0x008B0B13) addi s6, s6, 0x8
x22 <- 0xFF7F7FFF00080008

mem[X,0x0000000080000774] -> 0x76BB
mem[X,0x0000000080000776] -> 0xD560
[482] [M]: 0x0000000080000774 (0xD56076BB) pmulqr.h a3, zero, s6
x13 <- 0x0000000000000000

mem[X,0x0000000080000778] -> 0x3423
mem[X,0x000000008000077A] -> 0x02D1
[483] [M]: 0x0000000080000778 (0x02D13423) sd a3, 0x28(sp)
mem[0x00000000800041B8] <- 0x0000000000000000

mem[X,0x000000008000077C] -> 0x0F37
mem[X,0x000000008000077E] -> 0x0101
[484] [M]: 0x000000008000077C (0x01010F37) lui t5, 0x1010
x30 <- 0x0000000001010000

mem[X,0x0000000080000780] -> 0x0F13
mem[X,0x0000000080000782] -> 0xBFFF
[485] [M]: 0x0000000080000780 (0xBFFF0F13) addi t5, t5, -0x401
x30 <- 0x000000000100FBFF

mem[X,0x0000000080000784] -> 0x1F13
mem[X,0x0000000080000786] -> 0x00BF
[486] [M]: 0x0000000080000784 (0x00BF1F13) slli t5, t5, 0xb
x30 <- 0x0000000807DFF800

mem[X,0x0000000080000788] -> 0x0F13
mem[X,0x000000008000078A] -> 0x7FFF
[487] [M]: 0x0000000080000788 (0x7FFF0F13) addi t5, t5, 0x7ff
x30 <- 0x0000000807DFFFFF

mem[X,0x000000008000078C] -> 0x1F13
mem[X,0x000000008000078E] -> 0x00BF
[488] [M]: 0x000000008000078C (0x00BF1F13) slli t5, t5, 0xb
x30 <- 0x0000403EFFFFF800

mem[X,0x0000000080000790] -> 0x0F13
mem[X,0x0000000080000792] -> 0x6FFF
[489] [M]: 0x0000000080000790 (0x6FFF0F13) addi t5, t5, 0x6ff
x30 <- 0x0000403EFFFFFEFF

mem[X,0x0000000080000794] -> 0x1F13
mem[X,0x0000000080000796] -> 0x00AF
[490] [M]: 0x0000000080000794 (0x00AF1F13) slli t5, t5, 0xa
x30 <- 0x0100FBFFFFFBFC00

mem[X,0x0000000080000798] -> 0x0F13
mem[X,0x000000008000079A] -> 0x3FBF
[491] [M]: 0x0000000080000798 (0x3FBF0F13) addi t5, t5, 0x3fb
x30 <- 0x0100FBFFFFFBFFFB

mem[X,0x000000008000079C] -> 0x0C37
mem[X,0x000000008000079E] -> 0x0100
[492] [M]: 0x000000008000079C (0x01000C37) lui s8, 0x1000
x24 <- 0x0000000001000000

mem[X,0x00000000800007A0] -> 0x0C13
mem[X,0x00000000800007A2] -> 0x200C
[493] [M]: 0x00000000800007A0 (0x200C0C13) addi s8, s8, 0x200
x24 <- 0x0000000001000200

mem[X,0x00000000800007A4] -> 0x1C13
mem[X,0x00000000800007A6] -> 0x00BC
[494] [M]: 0x00000000800007A4 (0x00BC1C13) slli s8, s8, 0xb
x24 <- 0x0000000800100000

mem[X,0x00000000800007A8] -> 0x0C13
mem[X,0x00000000800007AA] -> 0x000C
[495] [M]: 0x00000000800007A8 (0x000C0C13) addi s8, s8, 0x0
x24 <- 0x0000000800100000

mem[X,0x00000000800007AC] -> 0x1C13
mem[X,0x00000000800007AE] -> 0x00BC
[496] [M]: 0x00000000800007AC (0x00BC1C13) slli s8, s8, 0xb
x24 <- 0x0000400080000000

mem[X,0x00000000800007B0] -> 0x0C13
mem[X,0x00000000800007B2] -> 0x1C0C
[497] [M]: 0x00000000800007B0 (0x1C0C0C13) addi s8, s8, 0x1c0
x24 <- 0x00004000800001C0

mem[X,0x00000000800007B4] -> 0x1C13
mem[X,0x00000000800007B6] -> 0x00AC
[498] [M]: 0x00000000800007B4 (0x00AC1C13) slli s8, s8, 0xa
x24 <- 0x0100020000070000

mem[X,0x00000000800007B8] -> 0x0C13
mem[X,0x00000000800007BA] -> 0x010C
[499] [M]: 0x00000000800007B8 (0x010C0C13) addi s8, s8, 0x10
x24 <- 0x0100020000070010

clint::tick mtime <- 0x0000000000000005
 clint timer pending at mtime 0x0000000000000005
htif::tick 0x0000000000000000
mem[X,0x00000000800007BC] -> 0x79BB
mem[X,0x00000000800007BE] -> 0xD58F
[500] [M]: 0x00000000800007BC (0xD58F79BB) pmulqr.h s3, t5, s8
x19 <- 0x0002FFF000000000

mem[X,0x00000000800007C0] -> 0x3823
mem[X,0x00000000800007C2] -> 0x0331
[501] [M]: 0x00000000800007C0 (0x03313823) sd s3, 0x30(sp)
mem[0x00000000800041C0] <- 0x0002FFF000000000

mem[X,0x00000000800007C4] -> 0x03B7
mem[X,0x00000000800007C6] -> 0xFFF7
[502] [M]: 0x00000000800007C4 (0xFFF703B7) lui t2, -0x90
x7 <- 0xFFFFFFFFFFF70000

mem[X,0x00000000800007C8] -> 0x8393
mem[X,0x00000000800007CA] -> 0xEFF3
[503] [M]: 0x00000000800007C8 (0xEFF38393) addi t2, t2, -0x101
x7 <- 0xFFFFFFFFFFF6FEFF

mem[X,0x00000000800007CC] -> 0x9393
mem[X,0x00000000800007CE] -> 0x00B3
[504] [M]: 0x00000000800007CC (0x00B39393) slli t2, t2, 0xb
x7 <- 0xFFFFFFFFB7F7F800

mem[X,0x00000000800007D0] -> 0x8393
mem[X,0x00000000800007D2] -> 0x0203
[505] [M]: 0x00000000800007D0 (0x02038393) addi t2, t2, 0x20
x7 <- 0xFFFFFFFFB7F7F820

mem[X,0x00000000800007D4] -> 0x9393
mem[X,0x00000000800007D6] -> 0x00B3
[506] [M]: 0x00000000800007D4 (0x00B39393) slli t2, t2, 0xb
x7 <- 0xFFFFFDBFBFC10000

mem[X,0x00000000800007D8] -> 0x8393
mem[X,0x00000000800007DA] -> 0x03F3
[507] [M]: 0x00000000800007D8 (0x03F38393) addi t2, t2, 0x3f
x7 <- 0xFFFFFDBFBFC1003F

mem[X,0x00000000800007DC] -> 0x9393
mem[X,0x00000000800007DE] -> 0x00A3
[508] [M]: 0x00000000800007DC (0x00A39393) slli t2, t2, 0xa
x7 <- 0xFFF6FEFF0400FC00

mem[X,0x00000000800007E0] -> 0x8393
mem[X,0x00000000800007E2] -> 0x3F73
[509] [M]: 0x00000000800007E0 (0x3F738393) addi t2, t2, 0x3f7
x7 <- 0xFFF6FEFF0400FFF7

mem[X,0x00000000800007E4] -> 0x80B7
mem[X,0x00000000800007E6] -> 0x0008
[510] [M]: 0x00000000800007E4 (0x000880B7) lui ra, 0x88
x1 <- 0x0000000000088000

mem[X,0x00000000800007E8] -> 0x8093
mem[X,0x00000000800007EA] -> 0xFFF0
[511] [M]: 0x00000000800007E8 (0xFFF08093) addi ra, ra, -0x1
x1 <- 0x0000000000087FFF

mem[X,0x00000000800007EC] -> 0x9093
mem[X,0x00000000800007EE] -> 0x00B0
[512] [M]: 0x00000000800007EC (0x00B09093) slli ra, ra, 0xb
x1 <- 0x0000000043FFF800

mem[X,0x00000000800007F0] -> 0x8093
mem[X,0x00000000800007F2] -> 0x7FB0
[513] [M]: 0x00000000800007F0 (0x7FB08093) addi ra, ra, 0x7fb
x1 <- 0x0000000043FFFFFB

mem[X,0x00000000800007F4] -> 0x9093
mem[X,0x00000000800007F6] -> 0x00B0
[514] [M]: 0x00000000800007F4 (0x00B09093) slli ra, ra, 0xb
x1 <- 0x0000021FFFFFD800

mem[X,0x00000000800007F8] -> 0x8093
mem[X,0x00000000800007FA] -> 0x7FF0
[515] [M]: 0x00000000800007F8 (0x7FF08093) addi ra, ra, 0x7ff
x1 <- 0x0000021FFFFFDFFF

mem[X,0x00000000800007FC] -> 0x9093
mem[X,0x00000000800007FE] -> 0x00A0
[516] [M]: 0x00000000800007FC (0x00A09093) slli ra, ra, 0xa
x1 <- 0x00087FFFFF7FFC00

mem[X,0x0000000080000800] -> 0x8093
mem[X,0x0000000080000802] -> 0x3EF0
[517] [M]: 0x0000000080000800 (0x3EF08093) addi ra, ra, 0x3ef
x1 <- 0x00087FFFFF7FFFEF

mem[X,0x0000000080000804] -> 0xFFBB
mem[X,0x0000000080000806] -> 0xD413
[518] [M]: 0x0000000080000804 (0xD413FFBB) pmulqr.h t6, t2, ra
x31 <- 0x0000FEFFFFFC0000

mem[X,0x0000000080000808] -> 0x3C23
mem[X,0x000000008000080A] -> 0x03F1
[519] [M]: 0x0000000080000808 (0x03F13C23) sd t6, 0x38(sp)
mem[0x00000000800041C8] <- 0x0000FEFFFFFC0000

mem[X,0x000000008000080C] -> 0x00B7
mem[X,0x000000008000080E] -> 0xFFFE
[520] [M]: 0x000000008000080C (0xFFFE00B7) lui ra, -0x20
x1 <- 0xFFFFFFFFFFFE0000

mem[X,0x0000000080000810] -> 0x8093
mem[X,0x0000000080000812] -> 0x1000
[521] [M]: 0x0000000080000810 (0x10008093) addi ra, ra, 0x100
x1 <- 0xFFFFFFFFFFFE0100

mem[X,0x0000000080000814] -> 0x9093
mem[X,0x0000000080000816] -> 0x00B0
[522] [M]: 0x0000000080000814 (0x00B09093) slli ra, ra, 0xb
x1 <- 0xFFFFFFFFF0080000

mem[X,0x0000000080000818] -> 0x8093
mem[X,0x000000008000081A] -> 0x5550
[523] [M]: 0x0000000080000818 (0x55508093) addi ra, ra, 0x555
x1 <- 0xFFFFFFFFF0080555

mem[X,0x000000008000081C] -> 0x9093
mem[X,0x000000008000081E] -> 0x00B0
[524] [M]: 0x000000008000081C (0x00B09093) slli ra, ra, 0xb
x1 <- 0xFFFFFF80402AA800

mem[X,0x0000000080000820] -> 0x8093
mem[X,0x0000000080000822] -> 0x2BF0
[525] [M]: 0x0000000080000820 (0x2BF08093) addi ra, ra, 0x2bf
x1 <- 0xFFFFFF80402AAABF

mem[X,0x0000000080000824] -> 0x9093
mem[X,0x0000000080000826] -> 0x00A0
[526] [M]: 0x0000000080000824 (0x00A09093) slli ra, ra, 0xa
x1 <- 0xFFFE0100AAAAFC00

mem[X,0x0000000080000828] -> 0x8093
mem[X,0x000000008000082A] -> 0x3EF0
[527] [M]: 0x0000000080000828 (0x3EF08093) addi ra, ra, 0x3ef
x1 <- 0xFFFE0100AAAAFFEF

mem[X,0x000000008000082C] -> 0x0AB7
mem[X,0x000000008000082E] -> 0x0020
[528] [M]: 0x000000008000082C (0x00200AB7) lui s5, 0x200
x21 <- 0x0000000000200000

mem[X,0x0000000080000830] -> 0x8A93
mem[X,0x0000000080000832] -> 0x009A
[529] [M]: 0x0000000080000830 (0x009A8A93) addi s5, s5, 0x9
x21 <- 0x0000000000200009

mem[X,0x0000000080000834] -> 0x9A93
mem[X,0x0000000080000836] -> 0x00BA
[530] [M]: 0x0000000080000834 (0x00BA9A93) slli s5, s5, 0xb
x21 <- 0x0000000100004800

mem[X,0x0000000080000838] -> 0x8A93
mem[X,0x000000008000083A] -> 0x7FBA
[531] [M]: 0x0000000080000838 (0x7FBA8A93) addi s5, s5, 0x7fb
x21 <- 0x0000000100004FFB

mem[X,0x000000008000083C] -> 0x9A93
mem[X,0x000000008000083E] -> 0x00BA
[532] [M]: 0x000000008000083C (0x00BA9A93) slli s5, s5, 0xb
x21 <- 0x00000800027FD800

mem[X,0x0000000080000840] -> 0x8A93
mem[X,0x0000000080000842] -> 0x7C0A
[533] [M]: 0x0000000080000840 (0x7C0A8A93) addi s5, s5, 0x7c0
x21 <- 0x00000800027FDFC0

mem[X,0x0000000080000844] -> 0x9A93
mem[X,0x0000000080000846] -> 0x00AA
[534] [M]: 0x0000000080000844 (0x00AA9A93) slli s5, s5, 0xa
x21 <- 0x00200009FF7F0000

mem[X,0x0000000080000848] -> 0x8A93
mem[X,0x000000008000084A] -> 0x005A
[535] [M]: 0x0000000080000848 (0x005A8A93) addi s5, s5, 0x5
x21 <- 0x00200009FF7F0005

mem[X,0x000000008000084C] -> 0xF63B
mem[X,0x000000008000084E] -> 0xD550
[536] [M]: 0x000000008000084C (0xD550F63B) pmulqr.h a2, ra, s5
x12 <- 0x0000000000560000

mem[X,0x0000000080000850] -> 0x3023
mem[X,0x0000000080000852] -> 0x04C1
[537] [M]: 0x0000000080000850 (0x04C13023) sd a2, 0x40(sp)
mem[0x00000000800041D0] <- 0x0000000000560000

mem[X,0x0000000080000854] -> 0x0837
mem[X,0x0000000080000856] -> 0x2001
[538] [M]: 0x0000000080000854 (0x20010837) lui a6, 0x20010
x16 <- 0x0000000020010000

mem[X,0x0000000080000858] -> 0x0813
mem[X,0x000000008000085A] -> 0xFFB8
[539] [M]: 0x0000000080000858 (0xFFB80813) addi a6, a6, -0x5
x16 <- 0x000000002000FFFB

mem[X,0x000000008000085C] -> 0x1813
mem[X,0x000000008000085E] -> 0x00B8
[540] [M]: 0x000000008000085C (0x00B81813) slli a6, a6, 0xb
x16 <- 0x0000010007FFD800

mem[X,0x0000000080000860] -> 0x0813
mem[X,0x0000000080000862] -> 0x7F78
[541] [M]: 0x0000000080000860 (0x7F780813) addi a6, a6, 0x7f7
x16 <- 0x0000010007FFDFF7

mem[X,0x0000000080000864] -> 0x1813
mem[X,0x0000000080000866] -> 0x00B8
[542] [M]: 0x0000000080000864 (0x00B81813) slli a6, a6, 0xb
x16 <- 0x0008003FFEFFB800

mem[X,0x0000000080000868] -> 0x0813
mem[X,0x000000008000086A] -> 0x7FF8
[543] [M]: 0x0000000080000868 (0x7FF80813) addi a6, a6, 0x7ff
x16 <- 0x0008003FFEFFBFFF

mem[X,0x000000008000086C] -> 0x1813
mem[X,0x000000008000086E] -> 0x00A8
[544] [M]: 0x000000008000086C (0x00A81813) slli a6, a6, 0xa
x16 <- 0x2000FFFBFEFFFC00

mem[X,0x0000000080000870] -> 0x0813
mem[X,0x0000000080000872] -> 0x3DF8
[545] [M]: 0x0000000080000870 (0x3DF80813) addi a6, a6, 0x3df
x16 <- 0x2000FFFBFEFFFFDF

mem[X,0x0000000080000874] -> 0x0337
mem[X,0x0000000080000876] -> 0x0040
[546] [M]: 0x0000000080000874 (0x00400337) lui t1, 0x400
x6 <- 0x0000000000400000

mem[X,0x0000000080000878] -> 0x0313
mem[X,0x000000008000087A] -> 0x0403
[547] [M]: 0x0000000080000878 (0x04030313) addi t1, t1, 0x40
x6 <- 0x0000000000400040

mem[X,0x000000008000087C] -> 0x1313
mem[X,0x000000008000087E] -> 0x00B3
[548] [M]: 0x000000008000087C (0x00B31313) slli t1, t1, 0xb
x6 <- 0x0000000200020000

mem[X,0x0000000080000880] -> 0x0313
mem[X,0x0000000080000882] -> 0x0003
[549] [M]: 0x0000000080000880 (0x00030313) addi t1, t1, 0x0
x6 <- 0x0000000200020000

mem[X,0x0000000080000884] -> 0x1313
mem[X,0x0000000080000886] -> 0x00B3
[550] [M]: 0x0000000080000884 (0x00B31313) slli t1, t1, 0xb
x6 <- 0x0000100010000000

mem[X,0x0000000080000888] -> 0x0313
mem[X,0x000000008000088A] -> 0x03D3
[551] [M]: 0x0000000080000888 (0x03D30313) addi t1, t1, 0x3d
x6 <- 0x000010001000003D

mem[X,0x000000008000088C] -> 0x1313
mem[X,0x000000008000088E] -> 0x00A3
[552] [M]: 0x000000008000088C (0x00A31313) slli t1, t1, 0xa
x6 <- 0x004000400000F400

mem[X,0x0000000080000890] -> 0x0313
mem[X,0x0000000080000892] -> 0x3FF3
[553] [M]: 0x0000000080000890 (0x3FF30313) addi t1, t1, 0x3ff
x6 <- 0x004000400000F7FF

mem[X,0x0000000080000894] -> 0x71BB
mem[X,0x0000000080000896] -> 0xD468
[554] [M]: 0x0000000080000894 (0xD46871BB) pmulqr.h gp, a6, t1
x3 <- 0x0010000000000002

mem[X,0x0000000080000898] -> 0x3423
mem[X,0x000000008000089A] -> 0x0431
[555] [M]: 0x0000000080000898 (0x04313423) sd gp, 0x48(sp)
mem[0x00000000800041D8] <- 0x0010000000000002

mem[X,0x000000008000089C] -> 0x0337
mem[X,0x000000008000089E] -> 0xFFDF
[556] [M]: 0x000000008000089C (0xFFDF0337) lui t1, -0x210
x6 <- 0xFFFFFFFFFFDF0000

mem[X,0x00000000800008A0] -> 0x0313
mem[X,0x00000000800008A2] -> 0x0073
[557] [M]: 0x00000000800008A0 (0x00730313) addi t1, t1, 0x7
x6 <- 0xFFFFFFFFFFDF0007

mem[X,0x00000000800008A4] -> 0x1313
mem[X,0x00000000800008A6] -> 0x00B3
[558] [M]: 0x00000000800008A4 (0x00B31313) slli t1, t1, 0xb
x6 <- 0xFFFFFFFEF8003800

mem[X,0x00000000800008A8] -> 0x0313
mem[X,0x00000000800008AA] -> 0x77F3
[559] [M]: 0x00000000800008A8 (0x77F30313) addi t1, t1, 0x77f
x6 <- 0xFFFFFFFEF8003F7F

mem[X,0x00000000800008AC] -> 0x1313
mem[X,0x00000000800008AE] -> 0x00B3
[560] [M]: 0x00000000800008AC (0x00B31313) slli t1, t1, 0xb
x6 <- 0xFFFFF7C001FBF800

mem[X,0x00000000800008B0] -> 0x0313
mem[X,0x00000000800008B2] -> 0x7FF3
[561] [M]: 0x00000000800008B0 (0x7FF30313) addi t1, t1, 0x7ff
x6 <- 0xFFFFF7C001FBFFFF

mem[X,0x00000000800008B4] -> 0x1313
mem[X,0x00000000800008B6] -> 0x00A3
[562] [M]: 0x00000000800008B4 (0x00A31313) slli t1, t1, 0xa
x6 <- 0xFFDF0007EFFFFC00

mem[X,0x00000000800008B8] -> 0x0313
mem[X,0x00000000800008BA] -> 0x3BF3
[563] [M]: 0x00000000800008B8 (0x3BF30313) addi t1, t1, 0x3bf
x6 <- 0xFFDF0007EFFFFFBF

mem[X,0x00000000800008BC] -> 0xF737
mem[X,0x00000000800008BE] -> 0xEFFF
[564] [M]: 0x00000000800008BC (0xEFFFF737) lui a4, -0x10001
x14 <- 0xFFFFFFFFEFFFF000

mem[X,0x00000000800008C0] -> 0x0713
mem[X,0x00000000800008C2] -> 0xFFF7
[565] [M]: 0x00000000800008C0 (0xFFF70713) addi a4, a4, -0x1
x14 <- 0xFFFFFFFFEFFFEFFF

mem[X,0x00000000800008C4] -> 0x1713
mem[X,0x00000000800008C6] -> 0x00B7
[566] [M]: 0x00000000800008C4 (0x00B71713) slli a4, a4, 0xb
x14 <- 0xFFFFFF7FFF7FF800

mem[X,0x00000000800008C8] -> 0x0713
mem[X,0x00000000800008CA] -> 0x0007
[567] [M]: 0x00000000800008C8 (0x00070713) addi a4, a4, 0x0
x14 <- 0xFFFFFF7FFF7FF800

mem[X,0x00000000800008CC] -> 0x1713
mem[X,0x00000000800008CE] -> 0x00B7
[568] [M]: 0x00000000800008CC (0x00B71713) slli a4, a4, 0xb
x14 <- 0xFFFBFFFBFFC00000

mem[X,0x00000000800008D0] -> 0x0713
mem[X,0x00000000800008D2] -> 0x1C17
[569] [M]: 0x00000000800008D0 (0x1C170713) addi a4, a4, 0x1c1
x14 <- 0xFFFBFFFBFFC001C1

mem[X,0x00000000800008D4] -> 0x1713
mem[X,0x00000000800008D6] -> 0x00A7
[570] [M]: 0x00000000800008D4 (0x00A71713) slli a4, a4, 0xa
x14 <- 0xEFFFEFFF00070400

mem[X,0x00000000800008D8] -> 0x77BB
mem[X,0x00000000800008DA] -> 0xD4E3
[571] [M]: 0x00000000800008D8 (0xD4E377BB) pmulqr.h a5, t1, a4
x15 <- 0x0004FFFFFFFFFFFE

mem[X,0x00000000800008DC] -> 0x3823
mem[X,0x00000000800008DE] -> 0x04F1
[572] [M]: 0x00000000800008DC (0x04F13823) sd a5, 0x50(sp)
mem[0x00000000800041E0] <- 0x0004FFFFFFFFFFFE

mem[X,0x00000000800008E0] -> 0xC6B7
mem[X,0x00000000800008E2] -> 0xFFFC
[573] [M]: 0x00000000800008E0 (0xFFFCC6B7) lui a3, -0x34
x13 <- 0xFFFFFFFFFFFCC000

mem[X,0x00000000800008E4] -> 0x8693
mem[X,0x00000000800008E6] -> 0x0006
[574] [M]: 0x00000000800008E4 (0x00068693) addi a3, a3, 0x0
x13 <- 0xFFFFFFFFFFFCC000

mem[X,0x00000000800008E8] -> 0x9693
mem[X,0x00000000800008EA] -> 0x00B6
[575] [M]: 0x00000000800008E8 (0x00B69693) slli a3, a3, 0xb
x13 <- 0xFFFFFFFFE6000000

mem[X,0x00000000800008EC] -> 0x8693
mem[X,0x00000000800008EE] -> 0x7DF6
[576] [M]: 0x00000000800008EC (0x7DF68693) addi a3, a3, 0x7df
x13 <- 0xFFFFFFFFE60007DF

mem[X,0x00000000800008F0] -> 0x9693
mem[X,0x00000000800008F2] -> 0x00B6
[577] [M]: 0x00000000800008F0 (0x00B69693) slli a3, a3, 0xb
x13 <- 0xFFFFFF30003EF800

mem[X,0x00000000800008F4] -> 0x8693
mem[X,0x00000000800008F6] -> 0x7FF6
[578] [M]: 0x00000000800008F4 (0x7FF68693) addi a3, a3, 0x7ff
x13 <- 0xFFFFFF30003EFFFF

mem[X,0x00000000800008F8] -> 0x9693
mem[X,0x00000000800008FA] -> 0x00A6
[579] [M]: 0x00000000800008F8 (0x00A69693) slli a3, a3, 0xa
x13 <- 0xFFFCC000FBFFFC00

mem[X,0x00000000800008FC] -> 0x8693
mem[X,0x00000000800008FE] -> 0x37F6
[580] [M]: 0x00000000800008FC (0x37F68693) addi a3, a3, 0x37f
x13 <- 0xFFFCC000FBFFFF7F

mem[X,0x0000000080000900] -> 0x8FB7
mem[X,0x0000000080000902] -> 0xFFBF
[581] [M]: 0x0000000080000900 (0xFFBF8FB7) lui t6, -0x408
x31 <- 0xFFFFFFFFFFBF8000

mem[X,0x0000000080000904] -> 0x8F93
mem[X,0x0000000080000906] -> 0xFFFF
[582] [M]: 0x0000000080000904 (0xFFFF8F93) addi t6, t6, -0x1
x31 <- 0xFFFFFFFFFFBF7FFF

mem[X,0x0000000080000908] -> 0x9F93
mem[X,0x000000008000090A] -> 0x00BF
[583] [M]: 0x0000000080000908 (0x00BF9F93) slli t6, t6, 0xb
x31 <- 0xFFFFFFFDFBFFF800

mem[X,0x000000008000090C] -> 0x8F93
mem[X,0x000000008000090E] -> 0x010F
[584] [M]: 0x000000008000090C (0x010F8F93) addi t6, t6, 0x10
x31 <- 0xFFFFFFFDFBFFF810

mem[X,0x0000000080000910] -> 0x9F93
mem[X,0x0000000080000912] -> 0x00BF
[585] [M]: 0x0000000080000910 (0x00BF9F93) slli t6, t6, 0xb
x31 <- 0xFFFFEFDFFFC08000

mem[X,0x0000000080000914] -> 0x8F93
mem[X,0x0000000080000916] -> 0x000F
[586] [M]: 0x0000000080000914 (0x000F8F93) addi t6, t6, 0x0
x31 <- 0xFFFFEFDFFFC08000

mem[X,0x0000000080000918] -> 0x9F93
mem[X,0x000000008000091A] -> 0x00AF
[587] [M]: 0x0000000080000918 (0x00AF9F93) slli t6, t6, 0xa
x31 <- 0xFFBF7FFF02000000

mem[X,0x000000008000091C] -> 0x8F93
mem[X,0x000000008000091E] -> 0x007F
[588] [M]: 0x000000008000091C (0x007F8F93) addi t6, t6, 0x7
x31 <- 0xFFBF7FFF02000007

mem[X,0x0000000080000920] -> 0xFCBB
mem[X,0x0000000080000922] -> 0xD5F6
[589] [M]: 0x0000000080000920 (0xD5F6FCBB) pmulqr.h s9, a3, t6
x25 <- 0x0000C001FFF00000

mem[X,0x0000000080000924] -> 0x3C23
mem[X,0x0000000080000926] -> 0x0591
[590] [M]: 0x0000000080000924 (0x05913C23) sd s9, 0x58(sp)
mem[0x00000000800041E8] <- 0x0000C001FFF00000

mem[X,0x0000000080000928] -> 0x09B7
mem[X,0x000000008000092A] -> 0x0800
[591] [M]: 0x0000000080000928 (0x080009B7) lui s3, 0x8000
x19 <- 0x0000000008000000

mem[X,0x000000008000092C] -> 0x8993
mem[X,0x000000008000092E] -> 0x0039
[592] [M]: 0x000000008000092C (0x00398993) addi s3, s3, 0x3
x19 <- 0x0000000008000003

mem[X,0x0000000080000930] -> 0x9993
mem[X,0x0000000080000932] -> 0x00B9
[593] [M]: 0x0000000080000930 (0x00B99993) slli s3, s3, 0xb
x19 <- 0x0000004000001800

mem[X,0x0000000080000934] -> 0x8993
mem[X,0x0000000080000936] -> 0x7FF9
[594] [M]: 0x0000000080000934 (0x7FF98993) addi s3, s3, 0x7ff
x19 <- 0x0000004000001FFF

mem[X,0x0000000080000938] -> 0x9993
mem[X,0x000000008000093A] -> 0x00B9
[595] [M]: 0x0000000080000938 (0x00B99993) slli s3, s3, 0xb
x19 <- 0x0002000000FFF800

mem[X,0x000000008000093C] -> 0x8993
mem[X,0x000000008000093E] -> 0x67F9
[596] [M]: 0x000000008000093C (0x67F98993) addi s3, s3, 0x67f
x19 <- 0x0002000000FFFE7F

mem[X,0x0000000080000940] -> 0x9993
mem[X,0x0000000080000942] -> 0x00A9
[597] [M]: 0x0000000080000940 (0x00A99993) slli s3, s3, 0xa
x19 <- 0x08000003FFF9FC00

mem[X,0x0000000080000944] -> 0x8993
mem[X,0x0000000080000946] -> 0x2FF9
[598] [M]: 0x0000000080000944 (0x2FF98993) addi s3, s3, 0x2ff
x19 <- 0x08000003FFF9FEFF

mem[X,0x0000000080000948] -> 0x0437
mem[X,0x000000008000094A] -> 0x000A
[599] [M]: 0x0000000080000948 (0x000A0437) lui fp, 0xa0
x8 <- 0x00000000000A0000

clint::tick mtime <- 0x0000000000000006
 clint timer pending at mtime 0x0000000000000006
htif::tick 0x0000000000000000
mem[X,0x000000008000094C] -> 0x0413
mem[X,0x000000008000094E] -> 0xFF84
[600] [M]: 0x000000008000094C (0xFF840413) addi fp, fp, -0x8
x8 <- 0x000000000009FFF8

mem[X,0x0000000080000950] -> 0x1413
mem[X,0x0000000080000952] -> 0x00B4
[601] [M]: 0x0000000080000950 (0x00B41413) slli fp, fp, 0xb
x8 <- 0x000000004FFFC000

mem[X,0x0000000080000954] -> 0x0413
mem[X,0x0000000080000956] -> 0x0004
[602] [M]: 0x0000000080000954 (0x00040413) addi fp, fp, 0x0
x8 <- 0x000000004FFFC000

mem[X,0x0000000080000958] -> 0x1413
mem[X,0x000000008000095A] -> 0x00B4
[603] [M]: 0x0000000080000958 (0x00B41413) slli fp, fp, 0xb
x8 <- 0x0000027FFE000000

mem[X,0x000000008000095C] -> 0x0413
mem[X,0x000000008000095E] -> 0x1004
[604] [M]: 0x000000008000095C (0x10040413) addi fp, fp, 0x100
x8 <- 0x0000027FFE000100

mem[X,0x0000000080000960] -> 0x1413
mem[X,0x0000000080000962] -> 0x00A4
[605] [M]: 0x0000000080000960 (0x00A41413) slli fp, fp, 0xa
x8 <- 0x0009FFF800040000

mem[X,0x0000000080000964] -> 0x0413
mem[X,0x0000000080000966] -> 0x1004
[606] [M]: 0x0000000080000964 (0x10040413) addi fp, fp, 0x100
x8 <- 0x0009FFF800040100

mem[X,0x0000000080000968] -> 0xFA3B
mem[X,0x000000008000096A] -> 0xD489
[607] [M]: 0x0000000080000968 (0xD489FA3B) pmulqr.h s4, s3, fp
x20 <- 0x000100000000FFFE

mem[X,0x000000008000096C] -> 0x3023
mem[X,0x000000008000096E] -> 0x0741
[608] [M]: 0x000000008000096C (0x07413023) sd s4, 0x60(sp)
mem[0x00000000800041F0] <- 0x000100000000FFFE

mem[X,0x0000000080000970] -> 0x44B7
mem[X,0x0000000080000972] -> 0x0003
[609] [M]: 0x0000000080000970 (0x000344B7) lui s1, 0x34
x9 <- 0x0000000000034000

mem[X,0x0000000080000974] -> 0x8493
mem[X,0x0000000080000976] -> 0xFFF4
[610] [M]: 0x0000000080000974 (0xFFF48493) addi s1, s1, -0x1
x9 <- 0x0000000000033FFF

mem[X,0x0000000080000978] -> 0x9493
mem[X,0x000000008000097A] -> 0x00B4
[611] [M]: 0x0000000080000978 (0x00B49493) slli s1, s1, 0xb
x9 <- 0x0000000019FFF800

mem[X,0x000000008000097C] -> 0x8493
mem[X,0x000000008000097E] -> 0x0004
[612] [M]: 0x000000008000097C (0x00048493) addi s1, s1, 0x0
x9 <- 0x0000000019FFF800

mem[X,0x0000000080000980] -> 0x9493
mem[X,0x0000000080000982] -> 0x00B4
[613] [M]: 0x0000000080000980 (0x00B49493) slli s1, s1, 0xb
x9 <- 0x000000CFFFC00000

mem[X,0x0000000080000984] -> 0x8493
mem[X,0x0000000080000986] -> 0x1BF4
[614] [M]: 0x0000000080000984 (0x1BF48493) addi s1, s1, 0x1bf
x9 <- 0x000000CFFFC001BF

mem[X,0x0000000080000988] -> 0x9493
mem[X,0x000000008000098A] -> 0x00A4
[615] [M]: 0x0000000080000988 (0x00A49493) slli s1, s1, 0xa
x9 <- 0x00033FFF0006FC00

mem[X,0x000000008000098C] -> 0x8493
mem[X,0x000000008000098E] -> 0x1FF4
[616] [M]: 0x000000008000098C (0x1FF48493) addi s1, s1, 0x1ff
x9 <- 0x00033FFF0006FDFF

mem[X,0x0000000080000990] -> 0x0537
mem[X,0x0000000080000992] -> 0xFFFD
[617] [M]: 0x0000000080000990 (0xFFFD0537) lui a0, -0x30
x10 <- 0xFFFFFFFFFFFD0000

mem[X,0x0000000080000994] -> 0x0513
mem[X,0x0000000080000996] -> 0x1005
[618] [M]: 0x0000000080000994 (0x10050513) addi a0, a0, 0x100
x10 <- 0xFFFFFFFFFFFD0100

mem[X,0x0000000080000998] -> 0x1513
mem[X,0x000000008000099A] -> 0x00B5
[619] [M]: 0x0000000080000998 (0x00B51513) slli a0, a0, 0xb
x10 <- 0xFFFFFFFFE8080000

mem[X,0x000000008000099C] -> 0x0513
mem[X,0x000000008000099E] -> 0x0085
[620] [M]: 0x000000008000099C (0x00850513) addi a0, a0, 0x8
x10 <- 0xFFFFFFFFE8080008

mem[X,0x00000000800009A0] -> 0x1513
mem[X,0x00000000800009A2] -> 0x00B5
[621] [M]: 0x00000000800009A0 (0x00B51513) slli a0, a0, 0xb
x10 <- 0xFFFFFF4040004000

mem[X,0x00000000800009A4] -> 0x0513
mem[X,0x00000000800009A6] -> 0x03D5
[622] [M]: 0x00000000800009A4 (0x03D50513) addi a0, a0, 0x3d
x10 <- 0xFFFFFF404000403D

mem[X,0x00000000800009A8] -> 0x1513
mem[X,0x00000000800009AA] -> 0x00A5
[623] [M]: 0x00000000800009A8 (0x00A51513) slli a0, a0, 0xa
x10 <- 0xFFFD01000100F400

mem[X,0x00000000800009AC] -> 0x0513
mem[X,0x00000000800009AE] -> 0x3FF5
[624] [M]: 0x00000000800009AC (0x3FF50513) addi a0, a0, 0x3ff
x10 <- 0xFFFD01000100F7FF

mem[X,0x00000000800009B0] -> 0xF83B
mem[X,0x00000000800009B2] -> 0xD4A4
[625] [M]: 0x00000000800009B0 (0xD4A4F83B) pmulqr.h a6, s1, a0
x16 <- 0x0000008000000020

mem[X,0x00000000800009B4] -> 0x3423
mem[X,0x00000000800009B6] -> 0x0701
[626] [M]: 0x00000000800009B4 (0x07013423) sd a6, 0x68(sp)
mem[0x00000000800041F8] <- 0x0000008000000020

mem[X,0x00000000800009B8] -> 0x1AB7
mem[X,0x00000000800009BA] -> 0xFFBF
[627] [M]: 0x00000000800009B8 (0xFFBF1AB7) lui s5, -0x40f
x21 <- 0xFFFFFFFFFFBF1000

mem[X,0x00000000800009BC] -> 0x8A93
mem[X,0x00000000800009BE] -> 0x800A
[628] [M]: 0x00000000800009BC (0x800A8A93) addi s5, s5, -0x800
x21 <- 0xFFFFFFFFFFBF0800

mem[X,0x00000000800009C0] -> 0x9A93
mem[X,0x00000000800009C2] -> 0x00BA
[629] [M]: 0x00000000800009C0 (0x00BA9A93) slli s5, s5, 0xb
x21 <- 0xFFFFFFFDF8400000

mem[X,0x00000000800009C4] -> 0x8A93
mem[X,0x00000000800009C6] -> 0x77FA
[630] [M]: 0x00000000800009C4 (0x77FA8A93) addi s5, s5, 0x77f
x21 <- 0xFFFFFFFDF840077F

mem[X,0x00000000800009C8] -> 0x9A93
mem[X,0x00000000800009CA] -> 0x00BA
[631] [M]: 0x00000000800009C8 (0x00BA9A93) slli s5, s5, 0xb
x21 <- 0xFFFFEFC2003BF800

mem[X,0x00000000800009CC] -> 0x8A93
mem[X,0x00000000800009CE] -> 0x7FEA
[632] [M]: 0x00000000800009CC (0x7FEA8A93) addi s5, s5, 0x7fe
x21 <- 0xFFFFEFC2003BFFFE

mem[X,0x00000000800009D0] -> 0x9A93
mem[X,0x00000000800009D2] -> 0x00AA
[633] [M]: 0x00000000800009D0 (0x00AA9A93) slli s5, s5, 0xa
x21 <- 0xFFBF0800EFFFF800

mem[X,0x00000000800009D4] -> 0x8A93
mem[X,0x00000000800009D6] -> 0x3FFA
[634] [M]: 0x00000000800009D4 (0x3FFA8A93) addi s5, s5, 0x3ff
x21 <- 0xFFBF0800EFFFFBFF

mem[X,0x00000000800009D8] -> 0xF1B7
mem[X,0x00000000800009DA] -> 0x0002
[635] [M]: 0x00000000800009D8 (0x0002F1B7) lui gp, 0x2f
x3 <- 0x000000000002F000

mem[X,0x00000000800009DC] -> 0x8193
mem[X,0x00000000800009DE] -> 0xFFF1
[636] [M]: 0x00000000800009DC (0xFFF18193) addi gp, gp, -0x1
x3 <- 0x000000000002EFFF

mem[X,0x00000000800009E0] -> 0x9193
mem[X,0x00000000800009E2] -> 0x00B1
[637] [M]: 0x00000000800009E0 (0x00B19193) slli gp, gp, 0xb
x3 <- 0x00000000177FF800

mem[X,0x00000000800009E4] -> 0x8193
mem[X,0x00000000800009E6] -> 0x7FF1
[638] [M]: 0x00000000800009E4 (0x7FF18193) addi gp, gp, 0x7ff
x3 <- 0x00000000177FFFFF

mem[X,0x00000000800009E8] -> 0x9193
mem[X,0x00000000800009EA] -> 0x00B1
[639] [M]: 0x00000000800009E8 (0x00B19193) slli gp, gp, 0xb
x3 <- 0x000000BBFFFFF800

mem[X,0x00000000800009EC] -> 0x8193
mem[X,0x00000000800009EE] -> 0x68F1
[640] [M]: 0x00000000800009EC (0x68F18193) addi gp, gp, 0x68f
x3 <- 0x000000BBFFFFFE8F

mem[X,0x00000000800009F0] -> 0x9193
mem[X,0x00000000800009F2] -> 0x00A1
[641] [M]: 0x00000000800009F0 (0x00A19193) slli gp, gp, 0xa
x3 <- 0x0002EFFFFFFA3C00

mem[X,0x00000000800009F4] -> 0x8193
mem[X,0x00000000800009F6] -> 0x3FF1
[642] [M]: 0x00000000800009F4 (0x3FF18193) addi gp, gp, 0x3ff
x3 <- 0x0002EFFFFFFA3FFF

mem[X,0x00000000800009F8] -> 0xF23B
mem[X,0x00000000800009FA] -> 0xD43A
[643] [M]: 0x00000000800009F8 (0xD43AF23B) pmulqr.h tp, s5, gp
x4 <- 0x0000FF000001FE00

mem[X,0x00000000800009FC] -> 0x3823
mem[X,0x00000000800009FE] -> 0x0641
[644] [M]: 0x00000000800009FC (0x06413823) sd tp, 0x70(sp)
mem[0x0000000080004200] <- 0x0000FF000001FE00

mem[X,0x0000000080000A00] -> 0x0437
mem[X,0x0000000080000A02] -> 0xE000
[645] [M]: 0x0000000080000A00 (0xE0000437) lui fp, -0x20000
x8 <- 0xFFFFFFFFE0000000

mem[X,0x0000000080000A04] -> 0x0413
mem[X,0x0000000080000A06] -> 0xF7F4
[646] [M]: 0x0000000080000A04 (0xF7F40413) addi fp, fp, -0x81
x8 <- 0xFFFFFFFFDFFFFF7F

mem[X,0x0000000080000A08] -> 0x1413
mem[X,0x0000000080000A0A] -> 0x00B4
[647] [M]: 0x0000000080000A08 (0x00B41413) slli fp, fp, 0xb
x8 <- 0xFFFFFEFFFFFBF800

mem[X,0x0000000080000A0C] -> 0x0413
mem[X,0x0000000080000A0E] -> 0x0404
[648] [M]: 0x0000000080000A0C (0x04040413) addi fp, fp, 0x40
x8 <- 0xFFFFFEFFFFFBF840

mem[X,0x0000000080000A10] -> 0x1413
mem[X,0x0000000080000A12] -> 0x00B4
[649] [M]: 0x0000000080000A10 (0x00B41413) slli fp, fp, 0xb
x8 <- 0xFFF7FFFFDFC20000

mem[X,0x0000000080000A14] -> 0x0413
mem[X,0x0000000080000A16] -> 0x03D4
[650] [M]: 0x0000000080000A14 (0x03D40413) addi fp, fp, 0x3d
x8 <- 0xFFF7FFFFDFC2003D

mem[X,0x0000000080000A18] -> 0x1413
mem[X,0x0000000080000A1A] -> 0x00A4
[651] [M]: 0x0000000080000A18 (0x00A41413) slli fp, fp, 0xa
x8 <- 0xDFFFFF7F0800F400

mem[X,0x0000000080000A1C] -> 0x0413
mem[X,0x0000000080000A1E] -> 0x3FF4
[652] [M]: 0x0000000080000A1C (0x3FF40413) addi fp, fp, 0x3ff
x8 <- 0xDFFFFF7F0800F7FF

mem[X,0x0000000080000A20] -> 0x05B7
mem[X,0x0000000080000A22] -> 0xE000
[653] [M]: 0x0000000080000A20 (0xE00005B7) lui a1, -0x20000
x11 <- 0xFFFFFFFFE0000000

mem[X,0x0000000080000A24] -> 0x8593
mem[X,0x0000000080000A26] -> 0xEFF5
[654] [M]: 0x0000000080000A24 (0xEFF58593) addi a1, a1, -0x101
x11 <- 0xFFFFFFFFDFFFFEFF

mem[X,0x0000000080000A28] -> 0x9593
mem[X,0x0000000080000A2A] -> 0x00B5
[655] [M]: 0x0000000080000A28 (0x00B59593) slli a1, a1, 0xb
x11 <- 0xFFFFFEFFFFF7F800

mem[X,0x0000000080000A2C] -> 0x8593
mem[X,0x0000000080000A2E] -> 0x2AA5
[656] [M]: 0x0000000080000A2C (0x2AA58593) addi a1, a1, 0x2aa
x11 <- 0xFFFFFEFFFFF7FAAA

mem[X,0x0000000080000A30] -> 0x9593
mem[X,0x0000000080000A32] -> 0x00B5
[657] [M]: 0x0000000080000A30 (0x00B59593) slli a1, a1, 0xb
x11 <- 0xFFF7FFFFBFD55000

mem[X,0x0000000080000A34] -> 0x8593
mem[X,0x0000000080000A36] -> 0x5405
[658] [M]: 0x0000000080000A34 (0x54058593) addi a1, a1, 0x540
x11 <- 0xFFF7FFFFBFD55540

mem[X,0x0000000080000A38] -> 0x9593
mem[X,0x0000000080000A3A] -> 0x00A5
[659] [M]: 0x0000000080000A38 (0x00A59593) slli a1, a1, 0xa
x11 <- 0xDFFFFEFF55550000

mem[X,0x0000000080000A3C] -> 0x8593
mem[X,0x0000000080000A3E] -> 0x0405
[660] [M]: 0x0000000080000A3C (0x04058593) addi a1, a1, 0x40
x11 <- 0xDFFFFEFF55550040

mem[X,0x0000000080000A40] -> 0x78BB
mem[X,0x0000000080000A42] -> 0xD4B4
[661] [M]: 0x0000000080000A40 (0xD4B478BB) pmulqr.h a7, fp, a1
x17 <- 0x080100010555FFFC

mem[X,0x0000000080000A44] -> 0x3C23
mem[X,0x0000000080000A46] -> 0x0711
[662] [M]: 0x0000000080000A44 (0x07113C23) sd a7, 0x78(sp)
mem[0x0000000080004208] <- 0x080100010555FFFC

mem[X,0x0000000080000A48] -> 0x0013
mem[X,0x0000000080000A4A] -> 0x0000
[663] [M]: 0x0000000080000A48 (0x00000013) addi zero, zero, 0x0

mem[X,0x0000000080000A4C] -> 0x0013
mem[X,0x0000000080000A4E] -> 0x0000
[664] [M]: 0x0000000080000A4C (0x00000013) addi zero, zero, 0x0

mem[X,0x0000000080000A50] -> 0x0013
mem[X,0x0000000080000A52] -> 0x0000
[665] [M]: 0x0000000080000A50 (0x00000013) addi zero, zero, 0x0

mem[X,0x0000000080000A54] -> 0x0013
mem[X,0x0000000080000A56] -> 0x0000
[666] [M]: 0x0000000080000A54 (0x00000013) addi zero, zero, 0x0

mem[X,0x0000000080000A58] -> 0x0013
mem[X,0x0000000080000A5A] -> 0x0000
[667] [M]: 0x0000000080000A58 (0x00000013) addi zero, zero, 0x0

mem[X,0x0000000080000A5C] -> 0x0013
mem[X,0x0000000080000A5E] -> 0x0000
[668] [M]: 0x0000000080000A5C (0x00000013) addi zero, zero, 0x0

mem[X,0x0000000080000A60] -> 0x3097
mem[X,0x0000000080000A62] -> 0x0000
[669] [M]: 0x0000000080000A60 (0x00003097) auipc ra, 0x3
x1 <- 0x0000000080003A60

mem[X,0x0000000080000A64] -> 0x8093
mem[X,0x0000000080000A66] -> 0x7B00
[670] [M]: 0x0000000080000A64 (0x7B008093) addi ra, ra, 0x7b0
x1 <- 0x0000000080004210

mem[X,0x0000000080000A68] -> 0x0013
mem[X,0x0000000080000A6A] -> 0x0000
[671] [M]: 0x0000000080000A68 (0x00000013) addi zero, zero, 0x0

mem[X,0x0000000080000A6C] -> 0x0013
mem[X,0x0000000080000A6E] -> 0x0000
[672] [M]: 0x0000000080000A6C (0x00000013) addi zero, zero, 0x0

mem[X,0x0000000080000A70] -> 0x0013
mem[X,0x0000000080000A72] -> 0x0000
[673] [M]: 0x0000000080000A70 (0x00000013) addi zero, zero, 0x0

mem[X,0x0000000080000A74] -> 0x0013
mem[X,0x0000000080000A76] -> 0x0000
[674] [M]: 0x0000000080000A74 (0x00000013) addi zero, zero, 0x0

mem[X,0x0000000080000A78] -> 0x0013
mem[X,0x0000000080000A7A] -> 0x0000
[675] [M]: 0x0000000080000A78 (0x00000013) addi zero, zero, 0x0

mem[X,0x0000000080000A7C] -> 0x0013
mem[X,0x0000000080000A7E] -> 0x0000
[676] [M]: 0x0000000080000A7C (0x00000013) addi zero, zero, 0x0

mem[X,0x0000000080000A80] -> 0x4A37
mem[X,0x0000000080000A82] -> 0x4000
[677] [M]: 0x0000000080000A80 (0x40004A37) lui s4, 0x40004
x20 <- 0x0000000040004000

mem[X,0x0000000080000A84] -> 0x0A13
mem[X,0x0000000080000A86] -> 0xFFFA
[678] [M]: 0x0000000080000A84 (0xFFFA0A13) addi s4, s4, -0x1
x20 <- 0x0000000040003FFF

mem[X,0x0000000080000A88] -> 0x1A13
mem[X,0x0000000080000A8A] -> 0x00BA
[679] [M]: 0x0000000080000A88 (0x00BA1A13) slli s4, s4, 0xb
x20 <- 0x0000020001FFF800

mem[X,0x0000000080000A8C] -> 0x0A13
mem[X,0x0000000080000A8E] -> 0x7FFA
[680] [M]: 0x0000000080000A8C (0x7FFA0A13) addi s4, s4, 0x7ff
x20 <- 0x0000020001FFFFFF

mem[X,0x0000000080000A90] -> 0x1A13
mem[X,0x0000000080000A92] -> 0x00BA
[681] [M]: 0x0000000080000A90 (0x00BA1A13) slli s4, s4, 0xb
x20 <- 0x0010000FFFFFF800

mem[X,0x0000000080000A94] -> 0x0A13
mem[X,0x0000000080000A96] -> 0x67BA
[682] [M]: 0x0000000080000A94 (0x67BA0A13) addi s4, s4, 0x67b
x20 <- 0x0010000FFFFFFE7B

mem[X,0x0000000080000A98] -> 0x1A13
mem[X,0x0000000080000A9A] -> 0x00AA
[683] [M]: 0x0000000080000A98 (0x00AA1A13) slli s4, s4, 0xa
x20 <- 0x40003FFFFFF9EC00

mem[X,0x0000000080000A9C] -> 0x0A13
mem[X,0x0000000080000A9E] -> 0x3FFA
[684] [M]: 0x0000000080000A9C (0x3FFA0A13) addi s4, s4, 0x3ff
x20 <- 0x40003FFFFFF9EFFF

mem[X,0x0000000080000AA0] -> 0x08B7
mem[X,0x0000000080000AA2] -> 0xFFE0
[685] [M]: 0x0000000080000AA0 (0xFFE008B7) lui a7, -0x200
x17 <- 0xFFFFFFFFFFE00000

mem[X,0x0000000080000AA4] -> 0x8893
mem[X,0x0000000080000AA6] -> 0xFBF8
[686] [M]: 0x0000000080000AA4 (0xFBF88893) addi a7, a7, -0x41
x17 <- 0xFFFFFFFFFFDFFFBF

mem[X,0x0000000080000AA8] -> 0x9893
mem[X,0x0000000080000AAA] -> 0x00B8
[687] [M]: 0x0000000080000AA8 (0x00B89893) slli a7, a7, 0xb
x17 <- 0xFFFFFFFEFFFDF800

mem[X,0x0000000080000AAC] -> 0x8893
mem[X,0x0000000080000AAE] -> 0x0088
[688] [M]: 0x0000000080000AAC (0x00888893) addi a7, a7, 0x8
x17 <- 0xFFFFFFFEFFFDF808

mem[X,0x0000000080000AB0] -> 0x9893
mem[X,0x0000000080000AB2] -> 0x00B8
[689] [M]: 0x0000000080000AB0 (0x00B89893) slli a7, a7, 0xb
x17 <- 0xFFFFF7FFEFC04000

mem[X,0x0000000080000AB4] -> 0x8893
mem[X,0x0000000080000AB6] -> 0x0028
[690] [M]: 0x0000000080000AB4 (0x00288893) addi a7, a7, 0x2
x17 <- 0xFFFFF7FFEFC04002

mem[X,0x0000000080000AB8] -> 0x9893
mem[X,0x0000000080000ABA] -> 0x00A8
[691] [M]: 0x0000000080000AB8 (0x00A89893) slli a7, a7, 0xa
x17 <- 0xFFDFFFBF01000800

mem[X,0x0000000080000ABC] -> 0x773B
mem[X,0x0000000080000ABE] -> 0xD51A
[692] [M]: 0x0000000080000ABC (0xD51A773B) pmulqr.h a4, s4, a7
x14 <- 0xFFF0FFE00000FF00

mem[X,0x0000000080000AC0] -> 0xB023
mem[X,0x0000000080000AC2] -> 0x00E0
[693] [M]: 0x0000000080000AC0 (0x00E0B023) sd a4, 0x0(ra)
mem[0x0000000080004210] <- 0xFFF0FFE00000FF00

mem[X,0x0000000080000AC4] -> 0x0F37
mem[X,0x0000000080000AC6] -> 0xF800
[694] [M]: 0x0000000080000AC4 (0xF8000F37) lui t5, -0x8000
x30 <- 0xFFFFFFFFF8000000

mem[X,0x0000000080000AC8] -> 0x0F13
mem[X,0x0000000080000ACA] -> 0xFFDF
[695] [M]: 0x0000000080000AC8 (0xFFDF0F13) addi t5, t5, -0x3
x30 <- 0xFFFFFFFFF7FFFFFD

mem[X,0x0000000080000ACC] -> 0x1F13
mem[X,0x0000000080000ACE] -> 0x00BF
[696] [M]: 0x0000000080000ACC (0x00BF1F13) slli t5, t5, 0xb
x30 <- 0xFFFFFFBFFFFFE800

mem[X,0x0000000080000AD0] -> 0x0F13
mem[X,0x0000000080000AD2] -> 0x200F
[697] [M]: 0x0000000080000AD0 (0x200F0F13) addi t5, t5, 0x200
x30 <- 0xFFFFFFBFFFFFEA00

mem[X,0x0000000080000AD4] -> 0x1F13
mem[X,0x0000000080000AD6] -> 0x00BF
[698] [M]: 0x0000000080000AD4 (0x00BF1F13) slli t5, t5, 0xb
x30 <- 0xFFFDFFFFFF500000

mem[X,0x0000000080000AD8] -> 0x0F13
mem[X,0x0000000080000ADA] -> 0x037F
[699] [M]: 0x0000000080000AD8 (0x037F0F13) addi t5, t5, 0x37
x30 <- 0xFFFDFFFFFF500037

clint::tick mtime <- 0x0000000000000007
 clint timer pending at mtime 0x0000000000000007
htif::tick 0x0000000000000000
mem[X,0x0000000080000ADC] -> 0x1F13
mem[X,0x0000000080000ADE] -> 0x00AF
[700] [M]: 0x0000000080000ADC (0x00AF1F13) slli t5, t5, 0xa
x30 <- 0xF7FFFFFD4000DC00

mem[X,0x0000000080000AE0] -> 0x0F13
mem[X,0x0000000080000AE2] -> 0x3FFF
[701] [M]: 0x0000000080000AE0 (0x3FFF0F13) addi t5, t5, 0x3ff
x30 <- 0xF7FFFFFD4000DFFF

mem[X,0x0000000080000AE4] -> 0x0EB7
mem[X,0x0000000080000AE6] -> 0xFF80
[702] [M]: 0x0000000080000AE4 (0xFF800EB7) lui t4, -0x800
x29 <- 0xFFFFFFFFFF800000

mem[X,0x0000000080000AE8] -> 0x8E93
mem[X,0x0000000080000AEA] -> 0xFF7E
[703] [M]: 0x0000000080000AE8 (0xFF7E8E93) addi t4, t4, -0x9
x29 <- 0xFFFFFFFFFF7FFFF7

mem[X,0x0000000080000AEC] -> 0x9E93
mem[X,0x0000000080000AEE] -> 0x00BE
[704] [M]: 0x0000000080000AEC (0x00BE9E93) slli t4, t4, 0xb
x29 <- 0xFFFFFFFBFFFFB800

mem[X,0x0000000080000AF0] -> 0x8E93
mem[X,0x0000000080000AF2] -> 0x001E
[705] [M]: 0x0000000080000AF0 (0x001E8E93) addi t4, t4, 0x1
x29 <- 0xFFFFFFFBFFFFB801

mem[X,0x0000000080000AF4] -> 0x9E93
mem[X,0x0000000080000AF6] -> 0x00BE
[706] [M]: 0x0000000080000AF4 (0x00BE9E93) slli t4, t4, 0xb
x29 <- 0xFFFFDFFFFDC00800

mem[X,0x0000000080000AF8] -> 0x8E93
mem[X,0x0000000080000AFA] -> 0x03FE
[707] [M]: 0x0000000080000AF8 (0x03FE8E93) addi t4, t4, 0x3f
x29 <- 0xFFFFDFFFFDC0083F

mem[X,0x0000000080000AFC] -> 0x9E93
mem[X,0x0000000080000AFE] -> 0x00AE
[708] [M]: 0x0000000080000AFC (0x00AE9E93) slli t4, t4, 0xa
x29 <- 0xFF7FFFF70020FC00

mem[X,0x0000000080000B00] -> 0x8E93
mem[X,0x0000000080000B02] -> 0x37FE
[709] [M]: 0x0000000080000B00 (0x37FE8E93) addi t4, t4, 0x37f
x29 <- 0xFF7FFFF70020FF7F

mem[X,0x0000000080000B04] -> 0x7FBB
mem[X,0x0000000080000B06] -> 0xD5DF
[710] [M]: 0x0000000080000B04 (0xD5DF7FBB) pmulqr.h t6, t5, t4
x31 <- 0x0008000000100020

mem[X,0x0000000080000B08] -> 0xB423
mem[X,0x0000000080000B0A] -> 0x01F0
[711] [M]: 0x0000000080000B08 (0x01F0B423) sd t6, 0x8(ra)
mem[0x0000000080004218] <- 0x0008000000100020

mem[X,0x0000000080000B0C] -> 0x0F37
mem[X,0x0000000080000B0E] -> 0x4001
[712] [M]: 0x0000000080000B0C (0x40010F37) lui t5, 0x40010
x30 <- 0x0000000040010000

mem[X,0x0000000080000B10] -> 0x0F13
mem[X,0x0000000080000B12] -> 0xFFAF
[713] [M]: 0x0000000080000B10 (0xFFAF0F13) addi t5, t5, -0x6
x30 <- 0x000000004000FFFA

mem[X,0x0000000080000B14] -> 0x1F13
mem[X,0x0000000080000B16] -> 0x00BF
[714] [M]: 0x0000000080000B14 (0x00BF1F13) slli t5, t5, 0xb
x30 <- 0x0000020007FFD000

mem[X,0x0000000080000B18] -> 0x0F13
mem[X,0x0000000080000B1A] -> 0x7FFF
[715] [M]: 0x0000000080000B18 (0x7FFF0F13) addi t5, t5, 0x7ff
x30 <- 0x0000020007FFD7FF

mem[X,0x0000000080000B1C] -> 0x1F13
mem[X,0x0000000080000B1E] -> 0x00BF
[716] [M]: 0x0000000080000B1C (0x00BF1F13) slli t5, t5, 0xb
x30 <- 0x0010003FFEBFF800

mem[X,0x0000000080000B20] -> 0x0F13
mem[X,0x0000000080000B22] -> 0x7AFF
[717] [M]: 0x0000000080000B20 (0x7AFF0F13) addi t5, t5, 0x7af
x30 <- 0x0010003FFEBFFFAF

mem[X,0x0000000080000B24] -> 0x1F13
mem[X,0x0000000080000B26] -> 0x00AF
[718] [M]: 0x0000000080000B24 (0x00AF1F13) slli t5, t5, 0xa
x30 <- 0x4000FFFAFFFEBC00

mem[X,0x0000000080000B28] -> 0x0F13
mem[X,0x0000000080000B2A] -> 0x3FFF
[719] [M]: 0x0000000080000B28 (0x3FFF0F13) addi t5, t5, 0x3ff
x30 <- 0x4000FFFAFFFEBFFF

mem[X,0x0000000080000B2C] -> 0x0EB7
mem[X,0x0000000080000B2E] -> 0xFFE0
[720] [M]: 0x0000000080000B2C (0xFFE00EB7) lui t4, -0x200
x29 <- 0xFFFFFFFFFFE00000

mem[X,0x0000000080000B30] -> 0x8E93
mem[X,0x0000000080000B32] -> 0xFDFE
[721] [M]: 0x0000000080000B30 (0xFDFE8E93) addi t4, t4, -0x21
x29 <- 0xFFFFFFFFFFDFFFDF

mem[X,0x0000000080000B34] -> 0x9E93
mem[X,0x0000000080000B36] -> 0x00BE
[722] [M]: 0x0000000080000B34 (0x00BE9E93) slli t4, t4, 0xb
x29 <- 0xFFFFFFFEFFFEF800

mem[X,0x0000000080000B38] -> 0x8E93
mem[X,0x0000000080000B3A] -> 0x7BFE
[723] [M]: 0x0000000080000B38 (0x7BFE8E93) addi t4, t4, 0x7bf
x29 <- 0xFFFFFFFEFFFEFFBF

mem[X,0x0000000080000B3C] -> 0x9E93
mem[X,0x0000000080000B3E] -> 0x00BE
[724] [M]: 0x0000000080000B3C (0x00BE9E93) slli t4, t4, 0xb
x29 <- 0xFFFFF7FFF7FDF800

mem[X,0x0000000080000B40] -> 0x8E93
mem[X,0x0000000080000B42] -> 0x7FFE
[725] [M]: 0x0000000080000B40 (0x7FFE8E93) addi t4, t4, 0x7ff
x29 <- 0xFFFFF7FFF7FDFFFF

mem[X,0x0000000080000B44] -> 0x9E93
mem[X,0x0000000080000B46] -> 0x00AE
[726] [M]: 0x0000000080000B44 (0x00AE9E93) slli t4, t4, 0xa
x29 <- 0xFFDFFFDFF7FFFC00

mem[X,0x0000000080000B48] -> 0x8E93
mem[X,0x0000000080000B4A] -> 0x3F6E
[727] [M]: 0x0000000080000B48 (0x3F6E8E93) addi t4, t4, 0x3f6
x29 <- 0xFFDFFFDFF7FFFFF6

mem[X,0x0000000080000B4C] -> 0x7FBB
mem[X,0x0000000080000B4E] -> 0xD5DF
[728] [M]: 0x0000000080000B4C (0xD5DF7FBB) pmulqr.h t6, t5, t4
x31 <- 0xFFF0000000000005

mem[X,0x0000000080000B50] -> 0xB823
mem[X,0x0000000080000B52] -> 0x01F0
[729] [M]: 0x0000000080000B50 (0x01F0B823) sd t6, 0x10(ra)
mem[0x0000000080004220] <- 0xFFF0000000000005

mem[X,0x0000000080000B54] -> 0x0F37
mem[X,0x0000000080000B56] -> 0x0801
[730] [M]: 0x0000000080000B54 (0x08010F37) lui t5, 0x8010
x30 <- 0x0000000008010000

mem[X,0x0000000080000B58] -> 0x0F13
mem[X,0x0000000080000B5A] -> 0xFFCF
[731] [M]: 0x0000000080000B58 (0xFFCF0F13) addi t5, t5, -0x4
x30 <- 0x000000000800FFFC

mem[X,0x0000000080000B5C] -> 0x1F13
mem[X,0x0000000080000B5E] -> 0x00BF
[732] [M]: 0x0000000080000B5C (0x00BF1F13) slli t5, t5, 0xb
x30 <- 0x0000004007FFE000

mem[X,0x0000000080000B60] -> 0x0F13
mem[X,0x0000000080000B62] -> 0x7FFF
[733] [M]: 0x0000000080000B60 (0x7FFF0F13) addi t5, t5, 0x7ff
x30 <- 0x0000004007FFE7FF

mem[X,0x0000000080000B64] -> 0x1F13
mem[X,0x0000000080000B66] -> 0x00BF
[734] [M]: 0x0000000080000B64 (0x00BF1F13) slli t5, t5, 0xb
x30 <- 0x0002003FFF3FF800

mem[X,0x0000000080000B68] -> 0x0F13
mem[X,0x0000000080000B6A] -> 0x6D5F
[735] [M]: 0x0000000080000B68 (0x6D5F0F13) addi t5, t5, 0x6d5
x30 <- 0x0002003FFF3FFED5

mem[X,0x0000000080000B6C] -> 0x1F13
mem[X,0x0000000080000B6E] -> 0x00AF
[736] [M]: 0x0000000080000B6C (0x00AF1F13) slli t5, t5, 0xa
x30 <- 0x0800FFFCFFFB5400

mem[X,0x0000000080000B70] -> 0x0F13
mem[X,0x0000000080000B72] -> 0x155F
[737] [M]: 0x0000000080000B70 (0x155F0F13) addi t5, t5, 0x155
x30 <- 0x0800FFFCFFFB5555

mem[X,0x0000000080000B74] -> 0x0EB7
mem[X,0x0000000080000B76] -> 0x0021
[738] [M]: 0x0000000080000B74 (0x00210EB7) lui t4, 0x210
x29 <- 0x0000000000210000

mem[X,0x0000000080000B78] -> 0x8E93
mem[X,0x0000000080000B7A] -> 0xDFFE
[739] [M]: 0x0000000080000B78 (0xDFFE8E93) addi t4, t4, -0x201
x29 <- 0x000000000020FDFF

mem[X,0x0000000080000B7C] -> 0x9E93
mem[X,0x0000000080000B7E] -> 0x00BE
[740] [M]: 0x0000000080000B7C (0x00BE9E93) slli t4, t4, 0xb
x29 <- 0x0000000107EFF800

mem[X,0x0000000080000B80] -> 0x8E93
mem[X,0x0000000080000B82] -> 0x080E
[741] [M]: 0x0000000080000B80 (0x080E8E93) addi t4, t4, 0x80
x29 <- 0x0000000107EFF880

mem[X,0x0000000080000B84] -> 0x9E93
mem[X,0x0000000080000B86] -> 0x00BE
[742] [M]: 0x0000000080000B84 (0x00BE9E93) slli t4, t4, 0xb
x29 <- 0x0000083F7FC40000

mem[X,0x0000000080000B88] -> 0x8E93
mem[X,0x0000000080000B8A] -> 0x000E
[743] [M]: 0x0000000080000B88 (0x000E8E93) addi t4, t4, 0x0
x29 <- 0x0000083F7FC40000

mem[X,0x0000000080000B8C] -> 0x9E93
mem[X,0x0000000080000B8E] -> 0x00AE
[744] [M]: 0x0000000080000B8C (0x00AE9E93) slli t4, t4, 0xa
x29 <- 0x0020FDFF10000000

mem[X,0x0000000080000B90] -> 0x8E93
mem[X,0x0000000080000B92] -> 0x003E
[745] [M]: 0x0000000080000B90 (0x003E8E93) addi t4, t4, 0x3
x29 <- 0x0020FDFF10000003

mem[X,0x0000000080000B94] -> 0x7FBB
mem[X,0x0000000080000B96] -> 0xD5DF
[746] [M]: 0x0000000080000B94 (0xD5DF7FBB) pmulqr.h t6, t5, t4
x31 <- 0x00020000FFFF0002

mem[X,0x0000000080000B98] -> 0xBC23
mem[X,0x0000000080000B9A] -> 0x01F0
[747] [M]: 0x0000000080000B98 (0x01F0BC23) sd t6, 0x18(ra)
mem[0x0000000080004228] <- 0x00020000FFFF0002

mem[X,0x0000000080000B9C] -> 0x0F37
mem[X,0x0000000080000B9E] -> 0xFFFA
[748] [M]: 0x0000000080000B9C (0xFFFA0F37) lui t5, -0x60
x30 <- 0xFFFFFFFFFFFA0000

mem[X,0x0000000080000BA0] -> 0x0F13
mem[X,0x0000000080000BA2] -> 0xDFFF
[749] [M]: 0x0000000080000BA0 (0xDFFF0F13) addi t5, t5, -0x201
x30 <- 0xFFFFFFFFFFF9FDFF

mem[X,0x0000000080000BA4] -> 0x1F13
mem[X,0x0000000080000BA6] -> 0x00BF
[750] [M]: 0x0000000080000BA4 (0x00BF1F13) slli t5, t5, 0xb
x30 <- 0xFFFFFFFFCFEFF800

mem[X,0x0000000080000BA8] -> 0x0F13
mem[X,0x0000000080000BAA] -> 0x000F
[751] [M]: 0x0000000080000BA8 (0x000F0F13) addi t5, t5, 0x0
x30 <- 0xFFFFFFFFCFEFF800

mem[X,0x0000000080000BAC] -> 0x1F13
mem[X,0x0000000080000BAE] -> 0x00BF
[752] [M]: 0x0000000080000BAC (0x00BF1F13) slli t5, t5, 0xb
x30 <- 0xFFFFFE7F7FC00000

mem[X,0x0000000080000BB0] -> 0x0F13
mem[X,0x0000000080000BB2] -> 0x17FF
[753] [M]: 0x0000000080000BB0 (0x17FF0F13) addi t5, t5, 0x17f
x30 <- 0xFFFFFE7F7FC0017F

mem[X,0x0000000080000BB4] -> 0x1F13
mem[X,0x0000000080000BB6] -> 0x00AF
[754] [M]: 0x0000000080000BB4 (0x00AF1F13) slli t5, t5, 0xa
x30 <- 0xFFF9FDFF0005FC00

mem[X,0x0000000080000BB8] -> 0x0F13
mem[X,0x0000000080000BBA] -> 0x3FAF
[755] [M]: 0x0000000080000BB8 (0x3FAF0F13) addi t5, t5, 0x3fa
x30 <- 0xFFF9FDFF0005FFFA

mem[X,0x0000000080000BBC] -> 0x0EB7
mem[X,0x0000000080000BBE] -> 0x8000
[756] [M]: 0x0000000080000BBC (0x80000EB7) lui t4, -0x80000
x29 <- 0xFFFFFFFF80000000

mem[X,0x0000000080000BC0] -> 0x8E93
mem[X,0x0000000080000BC2] -> 0xFF7E
[757] [M]: 0x0000000080000BC0 (0xFF7E8E93) addi t4, t4, -0x9
x29 <- 0xFFFFFFFF7FFFFFF7

mem[X,0x0000000080000BC4] -> 0x9E93
mem[X,0x0000000080000BC6] -> 0x00BE
[758] [M]: 0x0000000080000BC4 (0x00BE9E93) slli t4, t4, 0xb
x29 <- 0xFFFFFBFFFFFFB800

mem[X,0x0000000080000BC8] -> 0x8E93
mem[X,0x0000000080000BCA] -> 0x1FFE
[759] [M]: 0x0000000080000BC8 (0x1FFE8E93) addi t4, t4, 0x1ff
x29 <- 0xFFFFFBFFFFFFB9FF

mem[X,0x0000000080000BCC] -> 0x9E93
mem[X,0x0000000080000BCE] -> 0x00BE
[760] [M]: 0x0000000080000BCC (0x00BE9E93) slli t4, t4, 0xb
x29 <- 0xFFDFFFFFFDCFF800

mem[X,0x0000000080000BD0] -> 0x8E93
mem[X,0x0000000080000BD2] -> 0x7FDE
[761] [M]: 0x0000000080000BD0 (0x7FDE8E93) addi t4, t4, 0x7fd
x29 <- 0xFFDFFFFFFDCFFFFD

mem[X,0x0000000080000BD4] -> 0x9E93
mem[X,0x0000000080000BD6] -> 0x00AE
[762] [M]: 0x0000000080000BD4 (0x00AE9E93) slli t4, t4, 0xa
x29 <- 0x7FFFFFF73FFFF400

mem[X,0x0000000080000BD8] -> 0x8E93
mem[X,0x0000000080000BDA] -> 0x3FFE
[763] [M]: 0x0000000080000BD8 (0x3FFE8E93) addi t4, t4, 0x3ff
x29 <- 0x7FFFFFF73FFFF7FF

mem[X,0x0000000080000BDC] -> 0x7FBB
mem[X,0x0000000080000BDE] -> 0xD5DF
[764] [M]: 0x0000000080000BDC (0xD5DF7FBB) pmulqr.h t6, t5, t4
x31 <- 0xFFF9000000020000

mem[X,0x0000000080000BE0] -> 0xB023
mem[X,0x0000000080000BE2] -> 0x03F0
[765] [M]: 0x0000000080000BE0 (0x03F0B023) sd t6, 0x20(ra)
mem[0x0000000080004230] <- 0xFFF9000000020000

mem[X,0x0000000080000BE4] -> 0x8F37
mem[X,0x0000000080000BE6] -> 0x0400
[766] [M]: 0x0000000080000BE4 (0x04008F37) lui t5, 0x4008
x30 <- 0x0000000004008000

mem[X,0x0000000080000BE8] -> 0x0F13
mem[X,0x0000000080000BEA] -> 0x000F
[767] [M]: 0x0000000080000BE8 (0x000F0F13) addi t5, t5, 0x0
x30 <- 0x0000000004008000

mem[X,0x0000000080000BEC] -> 0x1F13
mem[X,0x0000000080000BEE] -> 0x00BF
[768] [M]: 0x0000000080000BEC (0x00BF1F13) slli t5, t5, 0xb
x30 <- 0x0000002004000000

mem[X,0x0000000080000BF0] -> 0x0F13
mem[X,0x0000000080000BF2] -> 0x7FFF
[769] [M]: 0x0000000080000BF0 (0x7FFF0F13) addi t5, t5, 0x7ff
x30 <- 0x00000020040007FF

mem[X,0x0000000080000BF4] -> 0x1F13
mem[X,0x0000000080000BF6] -> 0x00BF
[770] [M]: 0x0000000080000BF4 (0x00BF1F13) slli t5, t5, 0xb
x30 <- 0x00010020003FF800

mem[X,0x0000000080000BF8] -> 0x0F13
mem[X,0x0000000080000BFA] -> 0x5FFF
[771] [M]: 0x0000000080000BF8 (0x5FFF0F13) addi t5, t5, 0x5ff
x30 <- 0x00010020003FFDFF

mem[X,0x0000000080000BFC] -> 0x1F13
mem[X,0x0000000080000BFE] -> 0x00AF
[772] [M]: 0x0000000080000BFC (0x00AF1F13) slli t5, t5, 0xa
x30 <- 0x04008000FFF7FC00

mem[X,0x0000000080000C00] -> 0x0F13
mem[X,0x0000000080000C02] -> 0x3FAF
[773] [M]: 0x0000000080000C00 (0x3FAF0F13) addi t5, t5, 0x3fa
x30 <- 0x04008000FFF7FFFA

mem[X,0x0000000080000C04] -> 0x0EB7
mem[X,0x0000000080000C06] -> 0x0011
[774] [M]: 0x0000000080000C04 (0x00110EB7) lui t4, 0x110
x29 <- 0x0000000000110000

mem[X,0x0000000080000C08] -> 0x8E93
mem[X,0x0000000080000C0A] -> 0xFFCE
[775] [M]: 0x0000000080000C08 (0xFFCE8E93) addi t4, t4, -0x4
x29 <- 0x000000000010FFFC

mem[X,0x0000000080000C0C] -> 0x9E93
mem[X,0x0000000080000C0E] -> 0x00BE
[776] [M]: 0x0000000080000C0C (0x00BE9E93) slli t4, t4, 0xb
x29 <- 0x0000000087FFE000

mem[X,0x0000000080000C10] -> 0x8E93
mem[X,0x0000000080000C12] -> 0x004E
[777] [M]: 0x0000000080000C10 (0x004E8E93) addi t4, t4, 0x4
x29 <- 0x0000000087FFE004

mem[X,0x0000000080000C14] -> 0x9E93
mem[X,0x0000000080000C16] -> 0x00BE
[778] [M]: 0x0000000080000C14 (0x00BE9E93) slli t4, t4, 0xb
x29 <- 0x0000043FFF002000

mem[X,0x0000000080000C18] -> 0x8E93
mem[X,0x0000000080000C1A] -> 0x01FE
[779] [M]: 0x0000000080000C18 (0x01FE8E93) addi t4, t4, 0x1f
x29 <- 0x0000043FFF00201F

mem[X,0x0000000080000C1C] -> 0x9E93
mem[X,0x0000000080000C1E] -> 0x00AE
[780] [M]: 0x0000000080000C1C (0x00AE9E93) slli t4, t4, 0xa
x29 <- 0x0010FFFC00807C00

mem[X,0x0000000080000C20] -> 0x8E93
mem[X,0x0000000080000C22] -> 0x3FFE
[781] [M]: 0x0000000080000C20 (0x3FFE8E93) addi t4, t4, 0x3ff
x29 <- 0x0010FFFC00807FFF

mem[X,0x0000000080000C24] -> 0x7FBB
mem[X,0x0000000080000C26] -> 0xD5DF
[782] [M]: 0x0000000080000C24 (0xD5DF7FBB) pmulqr.h t6, t5, t4
x31 <- 0x000100040000FFFA

mem[X,0x0000000080000C28] -> 0xB423
mem[X,0x0000000080000C2A] -> 0x03F0
[783] [M]: 0x0000000080000C28 (0x03F0B423) sd t6, 0x28(ra)
mem[0x0000000080004238] <- 0x000100040000FFFA

mem[X,0x0000000080000C2C] -> 0x0F37
mem[X,0x0000000080000C2E] -> 0xFFFA
[784] [M]: 0x0000000080000C2C (0xFFFA0F37) lui t5, -0x60
x30 <- 0xFFFFFFFFFFFA0000

mem[X,0x0000000080000C30] -> 0x0F13
mem[X,0x0000000080000C32] -> 0x009F
[785] [M]: 0x0000000080000C30 (0x009F0F13) addi t5, t5, 0x9
x30 <- 0xFFFFFFFFFFFA0009

mem[X,0x0000000080000C34] -> 0x1F13
mem[X,0x0000000080000C36] -> 0x00BF
[786] [M]: 0x0000000080000C34 (0x00BF1F13) slli t5, t5, 0xb
x30 <- 0xFFFFFFFFD0004800

mem[X,0x0000000080000C38] -> 0x0F13
mem[X,0x0000000080000C3A] -> 0x7FFF
[787] [M]: 0x0000000080000C38 (0x7FFF0F13) addi t5, t5, 0x7ff
x30 <- 0xFFFFFFFFD0004FFF

mem[X,0x0000000080000C3C] -> 0x1F13
mem[X,0x0000000080000C3E] -> 0x00BF
[788] [M]: 0x0000000080000C3C (0x00BF1F13) slli t5, t5, 0xb
x30 <- 0xFFFFFE80027FF800

mem[X,0x0000000080000C40] -> 0x0F13
mem[X,0x0000000080000C42] -> 0x7FFF
[789] [M]: 0x0000000080000C40 (0x7FFF0F13) addi t5, t5, 0x7ff
x30 <- 0xFFFFFE80027FFFFF

mem[X,0x0000000080000C44] -> 0x1F13
mem[X,0x0000000080000C46] -> 0x00AF
[790] [M]: 0x0000000080000C44 (0x00AF1F13) slli t5, t5, 0xa
x30 <- 0xFFFA0009FFFFFC00

mem[X,0x0000000080000C48] -> 0x0F13
mem[X,0x0000000080000C4A] -> 0x3FDF
[791] [M]: 0x0000000080000C48 (0x3FDF0F13) addi t5, t5, 0x3fd
x30 <- 0xFFFA0009FFFFFFFD

mem[X,0x0000000080000C4C] -> 0x0EB7
mem[X,0x0000000080000C4E] -> 0x0400
[792] [M]: 0x0000000080000C4C (0x04000EB7) lui t4, 0x4000
x29 <- 0x0000000004000000

mem[X,0x0000000080000C50] -> 0x8E93
mem[X,0x0000000080000C52] -> 0x009E
[793] [M]: 0x0000000080000C50 (0x009E8E93) addi t4, t4, 0x9
x29 <- 0x0000000004000009

mem[X,0x0000000080000C54] -> 0x9E93
mem[X,0x0000000080000C56] -> 0x00BE
[794] [M]: 0x0000000080000C54 (0x00BE9E93) slli t4, t4, 0xb
x29 <- 0x0000002000004800

mem[X,0x0000000080000C58] -> 0x8E93
mem[X,0x0000000080000C5A] -> 0x6FFE
[795] [M]: 0x0000000080000C58 (0x6FFE8E93) addi t4, t4, 0x6ff
x29 <- 0x0000002000004EFF

mem[X,0x0000000080000C5C] -> 0x9E93
mem[X,0x0000000080000C5E] -> 0x00BE
[796] [M]: 0x0000000080000C5C (0x00BE9E93) slli t4, t4, 0xb
x29 <- 0x000100000277F800

mem[X,0x0000000080000C60] -> 0x8E93
mem[X,0x0000000080000C62] -> 0x7FFE
[797] [M]: 0x0000000080000C60 (0x7FFE8E93) addi t4, t4, 0x7ff
x29 <- 0x000100000277FFFF

mem[X,0x0000000080000C64] -> 0x9E93
mem[X,0x0000000080000C66] -> 0x00AE
[798] [M]: 0x0000000080000C64 (0x00AE9E93) slli t4, t4, 0xa
x29 <- 0x04000009DFFFFC00

mem[X,0x0000000080000C68] -> 0x8E93
mem[X,0x0000000080000C6A] -> 0x3F7E
[799] [M]: 0x0000000080000C68 (0x3F7E8E93) addi t4, t4, 0x3f7
x29 <- 0x04000009DFFFFFF7

clint::tick mtime <- 0x0000000000000008
 clint timer pending at mtime 0x0000000000000008
htif::tick 0x0000000000000000
mem[X,0x0000000080000C6C] -> 0x7FBB
mem[X,0x0000000080000C6E] -> 0xD5DF
[800] [M]: 0x0000000080000C6C (0xD5DF7FBB) pmulqr.h t6, t5, t4
x31 <- 0x0000000000000000

mem[X,0x0000000080000C70] -> 0xB823
mem[X,0x0000000080000C72] -> 0x03F0
[801] [M]: 0x0000000080000C70 (0x03F0B823) sd t6, 0x30(ra)
mem[0x0000000080004240] <- 0x0000000000000000

mem[X,0x0000000080000C74] -> 0x1F37
mem[X,0x0000000080000C76] -> 0x0009
[802] [M]: 0x0000000080000C74 (0x00091F37) lui t5, 0x91
x30 <- 0x0000000000091000

mem[X,0x0000000080000C78] -> 0x0F13
mem[X,0x0000000080000C7A] -> 0x800F
[803] [M]: 0x0000000080000C78 (0x800F0F13) addi t5, t5, -0x800
x30 <- 0x0000000000090800

mem[X,0x0000000080000C7C] -> 0x1F13
mem[X,0x0000000080000C7E] -> 0x00BF
[804] [M]: 0x0000000080000C7C (0x00BF1F13) slli t5, t5, 0xb
x30 <- 0x0000000048400000

mem[X,0x0000000080000C80] -> 0x0F13
mem[X,0x0000000080000C82] -> 0x7FFF
[805] [M]: 0x0000000080000C80 (0x7FFF0F13) addi t5, t5, 0x7ff
x30 <- 0x00000000484007FF

mem[X,0x0000000080000C84] -> 0x1F13
mem[X,0x0000000080000C86] -> 0x00BF
[806] [M]: 0x0000000080000C84 (0x00BF1F13) slli t5, t5, 0xb
x30 <- 0x00000242003FF800

mem[X,0x0000000080000C88] -> 0x0F13
mem[X,0x0000000080000C8A] -> 0x63FF
[807] [M]: 0x0000000080000C88 (0x63FF0F13) addi t5, t5, 0x63f
x30 <- 0x00000242003FFE3F

mem[X,0x0000000080000C8C] -> 0x1F13
mem[X,0x0000000080000C8E] -> 0x00AF
[808] [M]: 0x0000000080000C8C (0x00AF1F13) slli t5, t5, 0xa
x30 <- 0x00090800FFF8FC00

mem[X,0x0000000080000C90] -> 0x0F13
mem[X,0x0000000080000C92] -> 0x3BFF
[809] [M]: 0x0000000080000C90 (0x3BFF0F13) addi t5, t5, 0x3bf
x30 <- 0x00090800FFF8FFBF

mem[X,0x0000000080000C94] -> 0x0EB7
mem[X,0x0000000080000C96] -> 0x1001
[810] [M]: 0x0000000080000C94 (0x10010EB7) lui t4, 0x10010
x29 <- 0x0000000010010000

mem[X,0x0000000080000C98] -> 0x8E93
mem[X,0x0000000080000C9A] -> 0xFBFE
[811] [M]: 0x0000000080000C98 (0xFBFE8E93) addi t4, t4, -0x41
x29 <- 0x000000001000FFBF

mem[X,0x0000000080000C9C] -> 0x9E93
mem[X,0x0000000080000C9E] -> 0x00BE
[812] [M]: 0x0000000080000C9C (0x00BE9E93) slli t4, t4, 0xb
x29 <- 0x0000008007FDF800

mem[X,0x0000000080000CA0] -> 0x8E93
mem[X,0x0000000080000CA2] -> 0x000E
[813] [M]: 0x0000000080000CA0 (0x000E8E93) addi t4, t4, 0x0
x29 <- 0x0000008007FDF800

mem[X,0x0000000080000CA4] -> 0x9E93
mem[X,0x0000000080000CA6] -> 0x00BE
[814] [M]: 0x0000000080000CA4 (0x00BE9E93) slli t4, t4, 0xb
x29 <- 0x0004003FEFC00000

mem[X,0x0000000080000CA8] -> 0x8E93
mem[X,0x0000000080000CAA] -> 0x080E
[815] [M]: 0x0000000080000CA8 (0x080E8E93) addi t4, t4, 0x80
x29 <- 0x0004003FEFC00080

mem[X,0x0000000080000CAC] -> 0x9E93
mem[X,0x0000000080000CAE] -> 0x00AE
[816] [M]: 0x0000000080000CAC (0x00AE9E93) slli t4, t4, 0xa
x29 <- 0x1000FFBF00020000

mem[X,0x0000000080000CB0] -> 0x8E93
mem[X,0x0000000080000CB2] -> 0x100E
[817] [M]: 0x0000000080000CB0 (0x100E8E93) addi t4, t4, 0x100
x29 <- 0x1000FFBF00020100

mem[X,0x0000000080000CB4] -> 0x7FBB
mem[X,0x0000000080000CB6] -> 0xD5DF
[818] [M]: 0x0000000080000CB4 (0xD5DF7FBB) pmulqr.h t6, t5, t4
x31 <- 0x0001FFFC0000FFFF

mem[X,0x0000000080000CB8] -> 0xBC23
mem[X,0x0000000080000CBA] -> 0x03F0
[819] [M]: 0x0000000080000CB8 (0x03F0BC23) sd t6, 0x38(ra)
mem[0x0000000080004248] <- 0x0001FFFC0000FFFF

mem[X,0x0000000080000CBC] -> 0x0F37
mem[X,0x0000000080000CBE] -> 0xEFFF
[820] [M]: 0x0000000080000CBC (0xEFFF0F37) lui t5, -0x10010
x30 <- 0xFFFFFFFFEFFF0000

mem[X,0x0000000080000CC0] -> 0x0F13
mem[X,0x0000000080000CC2] -> 0x040F
[821] [M]: 0x0000000080000CC0 (0x040F0F13) addi t5, t5, 0x40
x30 <- 0xFFFFFFFFEFFF0040

mem[X,0x0000000080000CC4] -> 0x1F13
mem[X,0x0000000080000CC6] -> 0x00BF
[822] [M]: 0x0000000080000CC4 (0x00BF1F13) slli t5, t5, 0xb
x30 <- 0xFFFFFF7FF8020000

mem[X,0x0000000080000CC8] -> 0x0F13
mem[X,0x0000000080000CCA] -> 0x020F
[823] [M]: 0x0000000080000CC8 (0x020F0F13) addi t5, t5, 0x20
x30 <- 0xFFFFFF7FF8020020

mem[X,0x0000000080000CCC] -> 0x1F13
mem[X,0x0000000080000CCE] -> 0x00BF
[824] [M]: 0x0000000080000CCC (0x00BF1F13) slli t5, t5, 0xb
x30 <- 0xFFFBFFC010010000

mem[X,0x0000000080000CD0] -> 0x0F13
mem[X,0x0000000080000CD2] -> 0x037F
[825] [M]: 0x0000000080000CD0 (0x037F0F13) addi t5, t5, 0x37
x30 <- 0xFFFBFFC010010037

mem[X,0x0000000080000CD4] -> 0x1F13
mem[X,0x0000000080000CD6] -> 0x00AF
[826] [M]: 0x0000000080000CD4 (0x00AF1F13) slli t5, t5, 0xa
x30 <- 0xEFFF00400400DC00

mem[X,0x0000000080000CD8] -> 0x0F13
mem[X,0x0000000080000CDA] -> 0x3FFF
[827] [M]: 0x0000000080000CD8 (0x3FFF0F13) addi t5, t5, 0x3ff
x30 <- 0xEFFF00400400DFFF

mem[X,0x0000000080000CDC] -> 0x0EB7
mem[X,0x0000000080000CDE] -> 0x2001
[828] [M]: 0x0000000080000CDC (0x20010EB7) lui t4, 0x20010
x29 <- 0x0000000020010000

mem[X,0x0000000080000CE0] -> 0x8E93
mem[X,0x0000000080000CE2] -> 0xEFFE
[829] [M]: 0x0000000080000CE0 (0xEFFE8E93) addi t4, t4, -0x101
x29 <- 0x000000002000FEFF

mem[X,0x0000000080000CE4] -> 0x9E93
mem[X,0x0000000080000CE6] -> 0x00BE
[830] [M]: 0x0000000080000CE4 (0x00BE9E93) slli t4, t4, 0xb
x29 <- 0x0000010007F7F800

mem[X,0x0000000080000CE8] -> 0x8E93
mem[X,0x0000000080000CEA] -> 0x7EFE
[831] [M]: 0x0000000080000CE8 (0x7EFE8E93) addi t4, t4, 0x7ef
x29 <- 0x0000010007F7FFEF

mem[X,0x0000000080000CEC] -> 0x9E93
mem[X,0x0000000080000CEE] -> 0x00BE
[832] [M]: 0x0000000080000CEC (0x00BE9E93) slli t4, t4, 0xb
x29 <- 0x0008003FBFFF7800

mem[X,0x0000000080000CF0] -> 0x8E93
mem[X,0x0000000080000CF2] -> 0x7FBE
[833] [M]: 0x0000000080000CF0 (0x7FBE8E93) addi t4, t4, 0x7fb
x29 <- 0x0008003FBFFF7FFB

mem[X,0x0000000080000CF4] -> 0x9E93
mem[X,0x0000000080000CF6] -> 0x00AE
[834] [M]: 0x0000000080000CF4 (0x00AE9E93) slli t4, t4, 0xa
x29 <- 0x2000FEFFFDFFEC00

mem[X,0x0000000080000CF8] -> 0x8E93
mem[X,0x0000000080000CFA] -> 0x3FFE
[835] [M]: 0x0000000080000CF8 (0x3FFE8E93) addi t4, t4, 0x3ff
x29 <- 0x2000FEFFFDFFEFFF

mem[X,0x0000000080000CFC] -> 0x7FBB
mem[X,0x0000000080000CFE] -> 0xD5DF
[836] [M]: 0x0000000080000CFC (0xD5DF7FBB) pmulqr.h t6, t5, t4
x31 <- 0xFC00FFFFFFF00400

mem[X,0x0000000080000D00] -> 0xB023
mem[X,0x0000000080000D02] -> 0x05F0
[837] [M]: 0x0000000080000D00 (0x05F0B023) sd t6, 0x40(ra)
mem[0x0000000080004250] <- 0xFC00FFFFFFF00400

mem[X,0x0000000080000D04] -> 0x0F37
mem[X,0x0000000080000D06] -> 0xC000
[838] [M]: 0x0000000080000D04 (0xC0000F37) lui t5, -0x40000
x30 <- 0xFFFFFFFFC0000000

mem[X,0x0000000080000D08] -> 0x0F13
mem[X,0x0000000080000D0A] -> 0xFFBF
[839] [M]: 0x0000000080000D08 (0xFFBF0F13) addi t5, t5, -0x5
x30 <- 0xFFFFFFFFBFFFFFFB

mem[X,0x0000000080000D0C] -> 0x1F13
mem[X,0x0000000080000D0E] -> 0x00BF
[840] [M]: 0x0000000080000D0C (0x00BF1F13) slli t5, t5, 0xb
x30 <- 0xFFFFFDFFFFFFD800

mem[X,0x0000000080000D10] -> 0x0F13
mem[X,0x0000000080000D12] -> 0x7FFF
[841] [M]: 0x0000000080000D10 (0x7FFF0F13) addi t5, t5, 0x7ff
x30 <- 0xFFFFFDFFFFFFDFFF

mem[X,0x0000000080000D14] -> 0x1F13
mem[X,0x0000000080000D16] -> 0x00BF
[842] [M]: 0x0000000080000D14 (0x00BF1F13) slli t5, t5, 0xb
x30 <- 0xFFEFFFFFFEFFF800

mem[X,0x0000000080000D18] -> 0x0F13
mem[X,0x0000000080000D1A] -> 0x5FFF
[843] [M]: 0x0000000080000D18 (0x5FFF0F13) addi t5, t5, 0x5ff
x30 <- 0xFFEFFFFFFEFFFDFF

mem[X,0x0000000080000D1C] -> 0x1F13
mem[X,0x0000000080000D1E] -> 0x00AF
[844] [M]: 0x0000000080000D1C (0x00AF1F13) slli t5, t5, 0xa
x30 <- 0xBFFFFFFBFFF7FC00

mem[X,0x0000000080000D20] -> 0x0F13
mem[X,0x0000000080000D22] -> 0x3FBF
[845] [M]: 0x0000000080000D20 (0x3FBF0F13) addi t5, t5, 0x3fb
x30 <- 0xBFFFFFFBFFF7FFFB

mem[X,0x0000000080000D24] -> 0x0EB7
mem[X,0x0000000080000D26] -> 0xFFFC
[846] [M]: 0x0000000080000D24 (0xFFFC0EB7) lui t4, -0x40
x29 <- 0xFFFFFFFFFFFC0000

mem[X,0x0000000080000D28] -> 0x8E93
mem[X,0x0000000080000D2A] -> 0xFFAE
[847] [M]: 0x0000000080000D28 (0xFFAE8E93) addi t4, t4, -0x6
x29 <- 0xFFFFFFFFFFFBFFFA

mem[X,0x0000000080000D2C] -> 0x9E93
mem[X,0x0000000080000D2E] -> 0x00BE
[848] [M]: 0x0000000080000D2C (0x00BE9E93) slli t4, t4, 0xb
x29 <- 0xFFFFFFFFDFFFD000

mem[X,0x0000000080000D30] -> 0x8E93
mem[X,0x0000000080000D32] -> 0x600E
[849] [M]: 0x0000000080000D30 (0x600E8E93) addi t4, t4, 0x600
x29 <- 0xFFFFFFFFDFFFD600

mem[X,0x0000000080000D34] -> 0x9E93
mem[X,0x0000000080000D36] -> 0x00BE
[850] [M]: 0x0000000080000D34 (0x00BE9E93) slli t4, t4, 0xb
x29 <- 0xFFFFFEFFFEB00000

mem[X,0x0000000080000D38] -> 0x8E93
mem[X,0x0000000080000D3A] -> 0x000E
[851] [M]: 0x0000000080000D38 (0x000E8E93) addi t4, t4, 0x0
x29 <- 0xFFFFFEFFFEB00000

mem[X,0x0000000080000D3C] -> 0x9E93
mem[X,0x0000000080000D3E] -> 0x00AE
[852] [M]: 0x0000000080000D3C (0x00AE9E93) slli t4, t4, 0xa
x29 <- 0xFFFBFFFAC0000000

mem[X,0x0000000080000D40] -> 0x8E93
mem[X,0x0000000080000D42] -> 0x080E
[853] [M]: 0x0000000080000D40 (0x080E8E93) addi t4, t4, 0x80
x29 <- 0xFFFBFFFAC0000080

mem[X,0x0000000080000D44] -> 0x7FBB
mem[X,0x0000000080000D46] -> 0xD5DF
[854] [M]: 0x0000000080000D44 (0xD5DF7FBB) pmulqr.h t6, t5, t4
x31 <- 0x0003000000050000

mem[X,0x0000000080000D48] -> 0xB423
mem[X,0x0000000080000D4A] -> 0x05F0
[855] [M]: 0x0000000080000D48 (0x05F0B423) sd t6, 0x48(ra)
mem[0x0000000080004258] <- 0x0003000000050000

mem[X,0x0000000080000D4C] -> 0x0F37
mem[X,0x0000000080000D4E] -> 0x0009
[856] [M]: 0x0000000080000D4C (0x00090F37) lui t5, 0x90
x30 <- 0x0000000000090000

mem[X,0x0000000080000D50] -> 0x0F13
mem[X,0x0000000080000D52] -> 0xDFFF
[857] [M]: 0x0000000080000D50 (0xDFFF0F13) addi t5, t5, -0x201
x30 <- 0x000000000008FDFF

mem[X,0x0000000080000D54] -> 0x1F13
mem[X,0x0000000080000D56] -> 0x00BF
[858] [M]: 0x0000000080000D54 (0x00BF1F13) slli t5, t5, 0xb
x30 <- 0x0000000047EFF800

mem[X,0x0000000080000D58] -> 0x0F13
mem[X,0x0000000080000D5A] -> 0x010F
[859] [M]: 0x0000000080000D58 (0x010F0F13) addi t5, t5, 0x10
x30 <- 0x0000000047EFF810

mem[X,0x0000000080000D5C] -> 0x1F13
mem[X,0x0000000080000D5E] -> 0x00BF
[860] [M]: 0x0000000080000D5C (0x00BF1F13) slli t5, t5, 0xb
x30 <- 0x0000023F7FC08000

mem[X,0x0000000080000D60] -> 0x0F13
mem[X,0x0000000080000D62] -> 0x03FF
[861] [M]: 0x0000000080000D60 (0x03FF0F13) addi t5, t5, 0x3f
x30 <- 0x0000023F7FC0803F

mem[X,0x0000000080000D64] -> 0x1F13
mem[X,0x0000000080000D66] -> 0x00AF
[862] [M]: 0x0000000080000D64 (0x00AF1F13) slli t5, t5, 0xa
x30 <- 0x0008FDFF0200FC00

mem[X,0x0000000080000D68] -> 0x0F13
mem[X,0x0000000080000D6A] -> 0x3DFF
[863] [M]: 0x0000000080000D68 (0x3DFF0F13) addi t5, t5, 0x3df
x30 <- 0x0008FDFF0200FFDF

mem[X,0x0000000080000D6C] -> 0xCEB7
mem[X,0x0000000080000D6E] -> 0xFFEF
[864] [M]: 0x0000000080000D6C (0xFFEFCEB7) lui t4, -0x104
x29 <- 0xFFFFFFFFFFEFC000

mem[X,0x0000000080000D70] -> 0x8E93
mem[X,0x0000000080000D72] -> 0x000E
[865] [M]: 0x0000000080000D70 (0x000E8E93) addi t4, t4, 0x0
x29 <- 0xFFFFFFFFFFEFC000

mem[X,0x0000000080000D74] -> 0x9E93
mem[X,0x0000000080000D76] -> 0x00BE
[866] [M]: 0x0000000080000D74 (0x00BE9E93) slli t4, t4, 0xb
x29 <- 0xFFFFFFFF7E000000

mem[X,0x0000000080000D78] -> 0x8E93
mem[X,0x0000000080000D7A] -> 0x7FFE
[867] [M]: 0x0000000080000D78 (0x7FFE8E93) addi t4, t4, 0x7ff
x29 <- 0xFFFFFFFF7E0007FF

mem[X,0x0000000080000D7C] -> 0x9E93
mem[X,0x0000000080000D7E] -> 0x00BE
[868] [M]: 0x0000000080000D7C (0x00BE9E93) slli t4, t4, 0xb
x29 <- 0xFFFFFBF0003FF800

mem[X,0x0000000080000D80] -> 0x8E93
mem[X,0x0000000080000D82] -> 0x5FFE
[869] [M]: 0x0000000080000D80 (0x5FFE8E93) addi t4, t4, 0x5ff
x29 <- 0xFFFFFBF0003FFDFF

mem[X,0x0000000080000D84] -> 0x9E93
mem[X,0x0000000080000D86] -> 0x00AE
[870] [M]: 0x0000000080000D84 (0x00AE9E93) slli t4, t4, 0xa
x29 <- 0xFFEFC000FFF7FC00

mem[X,0x0000000080000D88] -> 0x8E93
mem[X,0x0000000080000D8A] -> 0x3F6E
[871] [M]: 0x0000000080000D88 (0x3F6E8E93) addi t4, t4, 0x3f6
x29 <- 0xFFEFC000FFF7FFF6

mem[X,0x0000000080000D8C] -> 0x7FBB
mem[X,0x0000000080000D8E] -> 0xD5DF
[872] [M]: 0x0000000080000D8C (0xD5DF7FBB) pmulqr.h t6, t5, t4
x31 <- 0x0000010100000000

mem[X,0x0000000080000D90] -> 0xB823
mem[X,0x0000000080000D92] -> 0x05F0
[873] [M]: 0x0000000080000D90 (0x05F0B823) sd t6, 0x50(ra)
mem[0x0000000080004260] <- 0x0000010100000000

mem[X,0x0000000080000D94] -> 0x1F37
mem[X,0x0000000080000D96] -> 0x4000
[874] [M]: 0x0000000080000D94 (0x40001F37) lui t5, 0x40001
x30 <- 0x0000000040001000

mem[X,0x0000000080000D98] -> 0x0F13
mem[X,0x0000000080000D9A] -> 0x000F
[875] [M]: 0x0000000080000D98 (0x000F0F13) addi t5, t5, 0x0
x30 <- 0x0000000040001000

mem[X,0x0000000080000D9C] -> 0x1F13
mem[X,0x0000000080000D9E] -> 0x00BF
[876] [M]: 0x0000000080000D9C (0x00BF1F13) slli t5, t5, 0xb
x30 <- 0x0000020000800000

mem[X,0x0000000080000DA0] -> 0x0F13
mem[X,0x0000000080000DA2] -> 0x7DFF
[877] [M]: 0x0000000080000DA0 (0x7DFF0F13) addi t5, t5, 0x7df
x30 <- 0x00000200008007DF

mem[X,0x0000000080000DA4] -> 0x1F13
mem[X,0x0000000080000DA6] -> 0x00BF
[878] [M]: 0x0000000080000DA4 (0x00BF1F13) slli t5, t5, 0xb
x30 <- 0x00100004003EF800

mem[X,0x0000000080000DA8] -> 0x0F13
mem[X,0x0000000080000DAA] -> 0x7FFF
[879] [M]: 0x0000000080000DA8 (0x7FFF0F13) addi t5, t5, 0x7ff
x30 <- 0x00100004003EFFFF

mem[X,0x0000000080000DAC] -> 0x1F13
mem[X,0x0000000080000DAE] -> 0x00AF
[880] [M]: 0x0000000080000DAC (0x00AF1F13) slli t5, t5, 0xa
x30 <- 0x40001000FBFFFC00

mem[X,0x0000000080000DB0] -> 0x0F13
mem[X,0x0000000080000DB2] -> 0x3FAF
[881] [M]: 0x0000000080000DB0 (0x3FAF0F13) addi t5, t5, 0x3fa
x30 <- 0x40001000FBFFFFFA

mem[X,0x0000000080000DB4] -> 0x0EB7
mem[X,0x0000000080000DB6] -> 0xFEFF
[882] [M]: 0x0000000080000DB4 (0xFEFF0EB7) lui t4, -0x1010
x29 <- 0xFFFFFFFFFEFF0000

mem[X,0x0000000080000DB8] -> 0x8E93
mem[X,0x0000000080000DBA] -> 0x001E
[883] [M]: 0x0000000080000DB8 (0x001E8E93) addi t4, t4, 0x1
x29 <- 0xFFFFFFFFFEFF0001

mem[X,0x0000000080000DBC] -> 0x9E93
mem[X,0x0000000080000DBE] -> 0x00BE
[884] [M]: 0x0000000080000DBC (0x00BE9E93) slli t4, t4, 0xb
x29 <- 0xFFFFFFF7F8000800

mem[X,0x0000000080000DC0] -> 0x8E93
mem[X,0x0000000080000DC2] -> 0x040E
[885] [M]: 0x0000000080000DC0 (0x040E8E93) addi t4, t4, 0x40
x29 <- 0xFFFFFFF7F8000840

mem[X,0x0000000080000DC4] -> 0x9E93
mem[X,0x0000000080000DC6] -> 0x00BE
[886] [M]: 0x0000000080000DC4 (0x00BE9E93) slli t4, t4, 0xb
x29 <- 0xFFFFBFC000420000

mem[X,0x0000000080000DC8] -> 0x8E93
mem[X,0x0000000080000DCA] -> 0x02FE
[887] [M]: 0x0000000080000DC8 (0x02FE8E93) addi t4, t4, 0x2f
x29 <- 0xFFFFBFC00042002F

mem[X,0x0000000080000DCC] -> 0x9E93
mem[X,0x0000000080000DCE] -> 0x00AE
[888] [M]: 0x0000000080000DCC (0x00AE9E93) slli t4, t4, 0xa
x29 <- 0xFEFF00010800BC00

mem[X,0x0000000080000DD0] -> 0x8E93
mem[X,0x0000000080000DD2] -> 0x3FFE
[889] [M]: 0x0000000080000DD0 (0x3FFE8E93) addi t4, t4, 0x3ff
x29 <- 0xFEFF00010800BFFF

mem[X,0x0000000080000DD4] -> 0x7FBB
mem[X,0x0000000080000DD6] -> 0xD5DF
[890] [M]: 0x0000000080000DD4 (0xD5DF7FBB) pmulqr.h t6, t5, t4
x31 <- 0xFF800000FFC00003

mem[X,0x0000000080000DD8] -> 0xBC23
mem[X,0x0000000080000DDA] -> 0x05F0
[891] [M]: 0x0000000080000DD8 (0x05F0BC23) sd t6, 0x58(ra)
mem[0x0000000080004268] <- 0xFF800000FFC00003

mem[X,0x0000000080000DDC] -> 0x0F37
mem[X,0x0000000080000DDE] -> 0xFC00
[892] [M]: 0x0000000080000DDC (0xFC000F37) lui t5, -0x4000
x30 <- 0xFFFFFFFFFC000000

mem[X,0x0000000080000DE0] -> 0x0F13
mem[X,0x0000000080000DE2] -> 0xFBFF
[893] [M]: 0x0000000080000DE0 (0xFBFF0F13) addi t5, t5, -0x41
x30 <- 0xFFFFFFFFFBFFFFBF

mem[X,0x0000000080000DE4] -> 0x1F13
mem[X,0x0000000080000DE6] -> 0x00BF
[894] [M]: 0x0000000080000DE4 (0x00BF1F13) slli t5, t5, 0xb
x30 <- 0xFFFFFFDFFFFDF800

mem[X,0x0000000080000DE8] -> 0x0F13
mem[X,0x0000000080000DEA] -> 0x7FFF
[895] [M]: 0x0000000080000DE8 (0x7FFF0F13) addi t5, t5, 0x7ff
x30 <- 0xFFFFFFDFFFFDFFFF

mem[X,0x0000000080000DEC] -> 0x1F13
mem[X,0x0000000080000DEE] -> 0x00BF
[896] [M]: 0x0000000080000DEC (0x00BF1F13) slli t5, t5, 0xb
x30 <- 0xFFFEFFFFEFFFF800

mem[X,0x0000000080000DF0] -> 0x0F13
mem[X,0x0000000080000DF2] -> 0x5D0F
[897] [M]: 0x0000000080000DF0 (0x5D0F0F13) addi t5, t5, 0x5d0
x30 <- 0xFFFEFFFFEFFFFDD0

mem[X,0x0000000080000DF4] -> 0x1F13
mem[X,0x0000000080000DF6] -> 0x00AF
[898] [M]: 0x0000000080000DF4 (0x00AF1F13) slli t5, t5, 0xa
x30 <- 0xFBFFFFBFFFF74000

mem[X,0x0000000080000DF8] -> 0x0EB7
mem[X,0x0000000080000DFA] -> 0xFE00
[899] [M]: 0x0000000080000DF8 (0xFE000EB7) lui t4, -0x2000
x29 <- 0xFFFFFFFFFE000000

clint::tick mtime <- 0x0000000000000009
 clint timer pending at mtime 0x0000000000000009
htif::tick 0x0000000000000000
mem[X,0x0000000080000DFC] -> 0x8E93
mem[X,0x0000000080000DFE] -> 0xFFDE
[900] [M]: 0x0000000080000DFC (0xFFDE8E93) addi t4, t4, -0x3
x29 <- 0xFFFFFFFFFDFFFFFD

mem[X,0x0000000080000E00] -> 0x9E93
mem[X,0x0000000080000E02] -> 0x00BE
[901] [M]: 0x0000000080000E00 (0x00BE9E93) slli t4, t4, 0xb
x29 <- 0xFFFFFFEFFFFFE800

mem[X,0x0000000080000E04] -> 0x8E93
mem[X,0x0000000080000E06] -> 0x7F7E
[902] [M]: 0x0000000080000E04 (0x7F7E8E93) addi t4, t4, 0x7f7
x29 <- 0xFFFFFFEFFFFFEFF7

mem[X,0x0000000080000E08] -> 0x9E93
mem[X,0x0000000080000E0A] -> 0x00BE
[903] [M]: 0x0000000080000E08 (0x00BE9E93) slli t4, t4, 0xb
x29 <- 0xFFFF7FFFFF7FB800

mem[X,0x0000000080000E0C] -> 0x8E93
mem[X,0x0000000080000E0E] -> 0x7C0E
[904] [M]: 0x0000000080000E0C (0x7C0E8E93) addi t4, t4, 0x7c0
x29 <- 0xFFFF7FFFFF7FBFC0

mem[X,0x0000000080000E10] -> 0x9E93
mem[X,0x0000000080000E12] -> 0x00AE
[905] [M]: 0x0000000080000E10 (0x00AE9E93) slli t4, t4, 0xa
x29 <- 0xFDFFFFFDFEFF0000

mem[X,0x0000000080000E14] -> 0x8E93
mem[X,0x0000000080000E16] -> 0x010E
[906] [M]: 0x0000000080000E14 (0x010E8E93) addi t4, t4, 0x10
x29 <- 0xFDFFFFFDFEFF0010

mem[X,0x0000000080000E18] -> 0x7FBB
mem[X,0x0000000080000E1A] -> 0xD5DF
[907] [M]: 0x0000000080000E18 (0xD5DF7FBB) pmulqr.h t6, t5, t4
x31 <- 0x0010000000000008

mem[X,0x0000000080000E1C] -> 0xB023
mem[X,0x0000000080000E1E] -> 0x07F0
[908] [M]: 0x0000000080000E1C (0x07F0B023) sd t6, 0x60(ra)
mem[0x0000000080004270] <- 0x0010000000000008

mem[X,0x0000000080000E20] -> 0x0F37
mem[X,0x0000000080000E22] -> 0x3FFF
[909] [M]: 0x0000000080000E20 (0x3FFF0F37) lui t5, 0x3fff0
x30 <- 0x000000003FFF0000

mem[X,0x0000000080000E24] -> 0x0F13
mem[X,0x0000000080000E26] -> 0x200F
[910] [M]: 0x0000000080000E24 (0x200F0F13) addi t5, t5, 0x200
x30 <- 0x000000003FFF0200

mem[X,0x0000000080000E28] -> 0x1F13
mem[X,0x0000000080000E2A] -> 0x00BF
[911] [M]: 0x0000000080000E28 (0x00BF1F13) slli t5, t5, 0xb
x30 <- 0x000001FFF8100000

mem[X,0x0000000080000E2C] -> 0x0F13
mem[X,0x0000000080000E2E] -> 0x7FFF
[912] [M]: 0x0000000080000E2C (0x7FFF0F13) addi t5, t5, 0x7ff
x30 <- 0x000001FFF81007FF

mem[X,0x0000000080000E30] -> 0x1F13
mem[X,0x0000000080000E32] -> 0x00BF
[913] [M]: 0x0000000080000E30 (0x00BF1F13) slli t5, t5, 0xb
x30 <- 0x000FFFC0803FF800

mem[X,0x0000000080000E34] -> 0x0F13
mem[X,0x0000000080000E36] -> 0x67FF
[914] [M]: 0x0000000080000E34 (0x67FF0F13) addi t5, t5, 0x67f
x30 <- 0x000FFFC0803FFE7F

mem[X,0x0000000080000E38] -> 0x1F13
mem[X,0x0000000080000E3A] -> 0x00AF
[915] [M]: 0x0000000080000E38 (0x00AF1F13) slli t5, t5, 0xa
x30 <- 0x3FFF0200FFF9FC00

mem[X,0x0000000080000E3C] -> 0x0F13
mem[X,0x0000000080000E3E] -> 0x3F6F
[916] [M]: 0x0000000080000E3C (0x3F6F0F13) addi t5, t5, 0x3f6
x30 <- 0x3FFF0200FFF9FFF6

mem[X,0x0000000080000E40] -> 0x8EB7
mem[X,0x0000000080000E42] -> 0xFBFF
[917] [M]: 0x0000000080000E40 (0xFBFF8EB7) lui t4, -0x4008
x29 <- 0xFFFFFFFFFBFF8000

mem[X,0x0000000080000E44] -> 0x8E93
mem[X,0x0000000080000E46] -> 0x000E
[918] [M]: 0x0000000080000E44 (0x000E8E93) addi t4, t4, 0x0
x29 <- 0xFFFFFFFFFBFF8000

mem[X,0x0000000080000E48] -> 0x9E93
mem[X,0x0000000080000E4A] -> 0x00BE
[919] [M]: 0x0000000080000E48 (0x00BE9E93) slli t4, t4, 0xb
x29 <- 0xFFFFFFDFFC000000

mem[X,0x0000000080000E4C] -> 0x8E93
mem[X,0x0000000080000E4E] -> 0x000E
[920] [M]: 0x0000000080000E4C (0x000E8E93) addi t4, t4, 0x0
x29 <- 0xFFFFFFDFFC000000

mem[X,0x0000000080000E50] -> 0x9E93
mem[X,0x0000000080000E52] -> 0x00BE
[921] [M]: 0x0000000080000E50 (0x00BE9E93) slli t4, t4, 0xb
x29 <- 0xFFFEFFE000000000

mem[X,0x0000000080000E54] -> 0x8E93
mem[X,0x0000000080000E56] -> 0x070E
[922] [M]: 0x0000000080000E54 (0x070E8E93) addi t4, t4, 0x70
x29 <- 0xFFFEFFE000000070

mem[X,0x0000000080000E58] -> 0x9E93
mem[X,0x0000000080000E5A] -> 0x00AE
[923] [M]: 0x0000000080000E58 (0x00AE9E93) slli t4, t4, 0xa
x29 <- 0xFBFF80000001C000

mem[X,0x0000000080000E5C] -> 0x7FBB
mem[X,0x0000000080000E5E] -> 0xD5DF
[924] [M]: 0x0000000080000E5C (0xD5DF7FBB) pmulqr.h t6, t5, t4
x31 <- 0xFE00FE0000000005

mem[X,0x0000000080000E60] -> 0xB423
mem[X,0x0000000080000E62] -> 0x07F0
[925] [M]: 0x0000000080000E60 (0x07F0B423) sd t6, 0x68(ra)
mem[0x0000000080004278] <- 0xFE00FE0000000005

mem[X,0x0000000080000E64] -> 0x0F37
mem[X,0x0000000080000E66] -> 0x4000
[926] [M]: 0x0000000080000E64 (0x40000F37) lui t5, 0x40000
x30 <- 0x0000000040000000

mem[X,0x0000000080000E68] -> 0x0F13
mem[X,0x0000000080000E6A] -> 0xF7FF
[927] [M]: 0x0000000080000E68 (0xF7FF0F13) addi t5, t5, -0x81
x30 <- 0x000000003FFFFF7F

mem[X,0x0000000080000E6C] -> 0x1F13
mem[X,0x0000000080000E6E] -> 0x00BF
[928] [M]: 0x0000000080000E6C (0x00BF1F13) slli t5, t5, 0xb
x30 <- 0x000001FFFFFBF800

mem[X,0x0000000080000E70] -> 0x0F13
mem[X,0x0000000080000E72] -> 0x7FFF
[929] [M]: 0x0000000080000E70 (0x7FFF0F13) addi t5, t5, 0x7ff
x30 <- 0x000001FFFFFBFFFF

mem[X,0x0000000080000E74] -> 0x1F13
mem[X,0x0000000080000E76] -> 0x00BF
[930] [M]: 0x0000000080000E74 (0x00BF1F13) slli t5, t5, 0xb
x30 <- 0x000FFFFFDFFFF800

mem[X,0x0000000080000E78] -> 0x0F13
mem[X,0x0000000080000E7A] -> 0x580F
[931] [M]: 0x0000000080000E78 (0x580F0F13) addi t5, t5, 0x580
x30 <- 0x000FFFFFDFFFFD80

mem[X,0x0000000080000E7C] -> 0x1F13
mem[X,0x0000000080000E7E] -> 0x00AF
[932] [M]: 0x0000000080000E7C (0x00AF1F13) slli t5, t5, 0xa
x30 <- 0x3FFFFF7FFFF60000

mem[X,0x0000000080000E80] -> 0x8EB7
mem[X,0x0000000080000E82] -> 0xF7FF
[933] [M]: 0x0000000080000E80 (0xF7FF8EB7) lui t4, -0x8008
x29 <- 0xFFFFFFFFF7FF8000

mem[X,0x0000000080000E84] -> 0x8E93
mem[X,0x0000000080000E86] -> 0x000E
[934] [M]: 0x0000000080000E84 (0x000E8E93) addi t4, t4, 0x0
x29 <- 0xFFFFFFFFF7FF8000

mem[X,0x0000000080000E88] -> 0x9E93
mem[X,0x0000000080000E8A] -> 0x00BE
[935] [M]: 0x0000000080000E88 (0x00BE9E93) slli t4, t4, 0xb
x29 <- 0xFFFFFFBFFC000000

mem[X,0x0000000080000E8C] -> 0x8E93
mem[X,0x0000000080000E8E] -> 0x000E
[936] [M]: 0x0000000080000E8C (0x000E8E93) addi t4, t4, 0x0
x29 <- 0xFFFFFFBFFC000000

mem[X,0x0000000080000E90] -> 0x9E93
mem[X,0x0000000080000E92] -> 0x00BE
[937] [M]: 0x0000000080000E90 (0x00BE9E93) slli t4, t4, 0xb
x29 <- 0xFFFDFFE000000000

mem[X,0x0000000080000E94] -> 0x8E93
mem[X,0x0000000080000E96] -> 0x40FE
[938] [M]: 0x0000000080000E94 (0x40FE8E93) addi t4, t4, 0x40f
x29 <- 0xFFFDFFE00000040F

mem[X,0x0000000080000E98] -> 0x9E93
mem[X,0x0000000080000E9A] -> 0x00AE
[939] [M]: 0x0000000080000E98 (0x00AE9E93) slli t4, t4, 0xa
x29 <- 0xF7FF800000103C00

mem[X,0x0000000080000E9C] -> 0x8E93
mem[X,0x0000000080000E9E] -> 0x3FFE
[940] [M]: 0x0000000080000E9C (0x3FFE8E93) addi t4, t4, 0x3ff
x29 <- 0xF7FF800000103FFF

mem[X,0x0000000080000EA0] -> 0x7FBB
mem[X,0x0000000080000EA2] -> 0xD5DF
[941] [M]: 0x0000000080000EA0 (0xD5DF7FBB) pmulqr.h t6, t5, t4
x31 <- 0xFC00008100000000

mem[X,0x0000000080000EA4] -> 0xB823
mem[X,0x0000000080000EA6] -> 0x07F0
[942] [M]: 0x0000000080000EA4 (0x07F0B823) sd t6, 0x70(ra)
mem[0x0000000080004280] <- 0xFC00008100000000

mem[X,0x0000000080000EA8] -> 0x4F37
mem[X,0x0000000080000EAA] -> 0x0007
[943] [M]: 0x0000000080000EA8 (0x00074F37) lui t5, 0x74
x30 <- 0x0000000000074000

mem[X,0x0000000080000EAC] -> 0x0F13
mem[X,0x0000000080000EAE] -> 0xFFFF
[944] [M]: 0x0000000080000EAC (0xFFFF0F13) addi t5, t5, -0x1
x30 <- 0x0000000000073FFF

mem[X,0x0000000080000EB0] -> 0x1F13
mem[X,0x0000000080000EB2] -> 0x00BF
[945] [M]: 0x0000000080000EB0 (0x00BF1F13) slli t5, t5, 0xb
x30 <- 0x0000000039FFF800

mem[X,0x0000000080000EB4] -> 0x0F13
mem[X,0x0000000080000EB6] -> 0x1FFF
[946] [M]: 0x0000000080000EB4 (0x1FFF0F13) addi t5, t5, 0x1ff
x30 <- 0x0000000039FFF9FF

mem[X,0x0000000080000EB8] -> 0x1F13
mem[X,0x0000000080000EBA] -> 0x00BF
[947] [M]: 0x0000000080000EB8 (0x00BF1F13) slli t5, t5, 0xb
x30 <- 0x000001CFFFCFF800

mem[X,0x0000000080000EBC] -> 0x0F13
mem[X,0x0000000080000EBE] -> 0x7F0F
[948] [M]: 0x0000000080000EBC (0x7F0F0F13) addi t5, t5, 0x7f0
x30 <- 0x000001CFFFCFFFF0

mem[X,0x0000000080000EC0] -> 0x1F13
mem[X,0x0000000080000EC2] -> 0x00AF
[949] [M]: 0x0000000080000EC0 (0x00AF1F13) slli t5, t5, 0xa
x30 <- 0x00073FFF3FFFC000

mem[X,0x0000000080000EC4] -> 0x0EB7
mem[X,0x0000000080000EC6] -> 0xAAAB
[950] [M]: 0x0000000080000EC4 (0xAAAB0EB7) lui t4, -0x55550
x29 <- 0xFFFFFFFFAAAB0000

mem[X,0x0000000080000EC8] -> 0x8E93
mem[X,0x0000000080000ECA] -> 0xFF7E
[951] [M]: 0x0000000080000EC8 (0xFF7E8E93) addi t4, t4, -0x9
x29 <- 0xFFFFFFFFAAAAFFF7

mem[X,0x0000000080000ECC] -> 0x9E93
mem[X,0x0000000080000ECE] -> 0x00BE
[952] [M]: 0x0000000080000ECC (0x00BE9E93) slli t4, t4, 0xb
x29 <- 0xFFFFFD5557FFB800

mem[X,0x0000000080000ED0] -> 0x8E93
mem[X,0x0000000080000ED2] -> 0x7BFE
[953] [M]: 0x0000000080000ED0 (0x7BFE8E93) addi t4, t4, 0x7bf
x29 <- 0xFFFFFD5557FFBFBF

mem[X,0x0000000080000ED4] -> 0x9E93
mem[X,0x0000000080000ED6] -> 0x00BE
[954] [M]: 0x0000000080000ED4 (0x00BE9E93) slli t4, t4, 0xb
x29 <- 0xFFEAAABFFDFDF800

mem[X,0x0000000080000ED8] -> 0x8E93
mem[X,0x0000000080000EDA] -> 0x7F7E
[955] [M]: 0x0000000080000ED8 (0x7F7E8E93) addi t4, t4, 0x7f7
x29 <- 0xFFEAAABFFDFDFFF7

mem[X,0x0000000080000EDC] -> 0x9E93
mem[X,0x0000000080000EDE] -> 0x00AE
[956] [M]: 0x0000000080000EDC (0x00AE9E93) slli t4, t4, 0xa
x29 <- 0xAAAAFFF7F7FFDC00

mem[X,0x0000000080000EE0] -> 0x8E93
mem[X,0x0000000080000EE2] -> 0x3FFE
[957] [M]: 0x0000000080000EE0 (0x3FFE8E93) addi t4, t4, 0x3ff
x29 <- 0xAAAAFFF7F7FFDFFF

mem[X,0x0000000080000EE4] -> 0x7FBB
mem[X,0x0000000080000EE6] -> 0xD5DF
[958] [M]: 0x0000000080000EE4 (0xD5DF7FBB) pmulqr.h t6, t5, t4
x31 <- 0xFFFBFFFCFC001001

mem[X,0x0000000080000EE8] -> 0xBC23
mem[X,0x0000000080000EEA] -> 0x07F0
[959] [M]: 0x0000000080000EE8 (0x07F0BC23) sd t6, 0x78(ra)
mem[0x0000000080004288] <- 0xFFFBFFFCFC001001

mem[X,0x0000000080000EEC] -> 0x8F37
mem[X,0x0000000080000EEE] -> 0x0003
[960] [M]: 0x0000000080000EEC (0x00038F37) lui t5, 0x38
x30 <- 0x0000000000038000

mem[X,0x0000000080000EF0] -> 0x0F13
mem[X,0x0000000080000EF2] -> 0x000F
[961] [M]: 0x0000000080000EF0 (0x000F0F13) addi t5, t5, 0x0
x30 <- 0x0000000000038000

mem[X,0x0000000080000EF4] -> 0x1F13
mem[X,0x0000000080000EF6] -> 0x00BF
[962] [M]: 0x0000000080000EF4 (0x00BF1F13) slli t5, t5, 0xb
x30 <- 0x000000001C000000

mem[X,0x0000000080000EF8] -> 0x0F13
mem[X,0x0000000080000EFA] -> 0x000F
[963] [M]: 0x0000000080000EF8 (0x000F0F13) addi t5, t5, 0x0
x30 <- 0x000000001C000000

mem[X,0x0000000080000EFC] -> 0x1F13
mem[X,0x0000000080000EFE] -> 0x00BF
[964] [M]: 0x0000000080000EFC (0x00BF1F13) slli t5, t5, 0xb
x30 <- 0x000000E000000000

mem[X,0x0000000080000F00] -> 0x0F13
mem[X,0x0000000080000F02] -> 0x0EAF
[965] [M]: 0x0000000080000F00 (0x0EAF0F13) addi t5, t5, 0xea
x30 <- 0x000000E0000000EA

mem[X,0x0000000080000F04] -> 0x1F13
mem[X,0x0000000080000F06] -> 0x00AF
[966] [M]: 0x0000000080000F04 (0x00AF1F13) slli t5, t5, 0xa
x30 <- 0x000380000003A800

mem[X,0x0000000080000F08] -> 0x0F13
mem[X,0x0000000080000F0A] -> 0x2AAF
[967] [M]: 0x0000000080000F08 (0x2AAF0F13) addi t5, t5, 0x2aa
x30 <- 0x000380000003AAAA

mem[X,0x0000000080000F0C] -> 0x0EB7
mem[X,0x0000000080000F0E] -> 0x0011
[968] [M]: 0x0000000080000F0C (0x00110EB7) lui t4, 0x110
x29 <- 0x0000000000110000

mem[X,0x0000000080000F10] -> 0x8E93
mem[X,0x0000000080000F12] -> 0xFFAE
[969] [M]: 0x0000000080000F10 (0xFFAE8E93) addi t4, t4, -0x6
x29 <- 0x000000000010FFFA

mem[X,0x0000000080000F14] -> 0x9E93
mem[X,0x0000000080000F16] -> 0x00BE
[970] [M]: 0x0000000080000F14 (0x00BE9E93) slli t4, t4, 0xb
x29 <- 0x0000000087FFD000

mem[X,0x0000000080000F18] -> 0x8E93
mem[X,0x0000000080000F1A] -> 0x7FEE
[971] [M]: 0x0000000080000F18 (0x7FEE8E93) addi t4, t4, 0x7fe
x29 <- 0x0000000087FFD7FE

mem[X,0x0000000080000F1C] -> 0x9E93
mem[X,0x0000000080000F1E] -> 0x00BE
[972] [M]: 0x0000000080000F1C (0x00BE9E93) slli t4, t4, 0xb
x29 <- 0x0000043FFEBFF000

mem[X,0x0000000080000F20] -> 0x8E93
mem[X,0x0000000080000F22] -> 0x7C0E
[973] [M]: 0x0000000080000F20 (0x7C0E8E93) addi t4, t4, 0x7c0
x29 <- 0x0000043FFEBFF7C0

mem[X,0x0000000080000F24] -> 0x9E93
mem[X,0x0000000080000F26] -> 0x00AE
[974] [M]: 0x0000000080000F24 (0x00AE9E93) slli t4, t4, 0xa
x29 <- 0x0010FFFAFFDF0000

mem[X,0x0000000080000F28] -> 0x7FBB
mem[X,0x0000000080000F2A] -> 0xD5DF
[975] [M]: 0x0000000080000F28 (0xD5DF7FBB) pmulqr.h t6, t5, t4
x31 <- 0x0000000600000000

mem[X,0x0000000080000F2C] -> 0xB023
mem[X,0x0000000080000F2E] -> 0x09F0
[976] [M]: 0x0000000080000F2C (0x09F0B023) sd t6, 0x80(ra)
mem[0x0000000080004290] <- 0x0000000600000000

mem[X,0x0000000080000F30] -> 0x1F37
mem[X,0x0000000080000F32] -> 0xFDFF
[977] [M]: 0x0000000080000F30 (0xFDFF1F37) lui t5, -0x200f
x30 <- 0xFFFFFFFFFDFF1000

mem[X,0x0000000080000F34] -> 0x0F13
mem[X,0x0000000080000F36] -> 0x000F
[978] [M]: 0x0000000080000F34 (0x000F0F13) addi t5, t5, 0x0
x30 <- 0xFFFFFFFFFDFF1000

mem[X,0x0000000080000F38] -> 0x1F13
mem[X,0x0000000080000F3A] -> 0x00BF
[979] [M]: 0x0000000080000F38 (0x00BF1F13) slli t5, t5, 0xb
x30 <- 0xFFFFFFEFF8800000

mem[X,0x0000000080000F3C] -> 0x0F13
mem[X,0x0000000080000F3E] -> 0x400F
[980] [M]: 0x0000000080000F3C (0x400F0F13) addi t5, t5, 0x400
x30 <- 0xFFFFFFEFF8800400

mem[X,0x0000000080000F40] -> 0x1F13
mem[X,0x0000000080000F42] -> 0x00BF
[981] [M]: 0x0000000080000F40 (0x00BF1F13) slli t5, t5, 0xb
x30 <- 0xFFFF7FC400200000

mem[X,0x0000000080000F44] -> 0x0F13
mem[X,0x0000000080000F46] -> 0x03FF
[982] [M]: 0x0000000080000F44 (0x03FF0F13) addi t5, t5, 0x3f
x30 <- 0xFFFF7FC40020003F

mem[X,0x0000000080000F48] -> 0x1F13
mem[X,0x0000000080000F4A] -> 0x00AF
[983] [M]: 0x0000000080000F48 (0x00AF1F13) slli t5, t5, 0xa
x30 <- 0xFDFF10008000FC00

mem[X,0x0000000080000F4C] -> 0x0F13
mem[X,0x0000000080000F4E] -> 0x3F7F
[984] [M]: 0x0000000080000F4C (0x3F7F0F13) addi t5, t5, 0x3f7
x30 <- 0xFDFF10008000FFF7

mem[X,0x0000000080000F50] -> 0x0EB7
mem[X,0x0000000080000F52] -> 0xFFFD
[985] [M]: 0x0000000080000F50 (0xFFFD0EB7) lui t4, -0x30
x29 <- 0xFFFFFFFFFFFD0000

mem[X,0x0000000080000F54] -> 0x8E93
mem[X,0x0000000080000F56] -> 0x004E
[986] [M]: 0x0000000080000F54 (0x004E8E93) addi t4, t4, 0x4
x29 <- 0xFFFFFFFFFFFD0004

mem[X,0x0000000080000F58] -> 0x9E93
mem[X,0x0000000080000F5A] -> 0x00BE
[987] [M]: 0x0000000080000F58 (0x00BE9E93) slli t4, t4, 0xb
x29 <- 0xFFFFFFFFE8002000

mem[X,0x0000000080000F5C] -> 0x8E93
mem[X,0x0000000080000F5E] -> 0x7FFE
[988] [M]: 0x0000000080000F5C (0x7FFE8E93) addi t4, t4, 0x7ff
x29 <- 0xFFFFFFFFE80027FF

mem[X,0x0000000080000F60] -> 0x9E93
mem[X,0x0000000080000F62] -> 0x00BE
[989] [M]: 0x0000000080000F60 (0x00BE9E93) slli t4, t4, 0xb
x29 <- 0xFFFFFF40013FF800

mem[X,0x0000000080000F64] -> 0x8E93
mem[X,0x0000000080000F66] -> 0x3FFE
[990] [M]: 0x0000000080000F64 (0x3FFE8E93) addi t4, t4, 0x3ff
x29 <- 0xFFFFFF40013FFBFF

mem[X,0x0000000080000F68] -> 0x9E93
mem[X,0x0000000080000F6A] -> 0x00AE
[991] [M]: 0x0000000080000F68 (0x00AE9E93) slli t4, t4, 0xa
x29 <- 0xFFFD0004FFEFFC00

mem[X,0x0000000080000F6C] -> 0x8E93
mem[X,0x0000000080000F6E] -> 0x3BFE
[992] [M]: 0x0000000080000F6C (0x3BFE8E93) addi t4, t4, 0x3bf
x29 <- 0xFFFD0004FFEFFFBF

mem[X,0x0000000080000F70] -> 0x7FBB
mem[X,0x0000000080000F72] -> 0xD5DF
[993] [M]: 0x0000000080000F70 (0xD5DF7FBB) pmulqr.h t6, t5, t4
x31 <- 0x0000000100110000

mem[X,0x0000000080000F74] -> 0xB423
mem[X,0x0000000080000F76] -> 0x09F0
[994] [M]: 0x0000000080000F74 (0x09F0B423) sd t6, 0x88(ra)
mem[0x0000000080004298] <- 0x0000000100110000

mem[X,0x0000000080000F78] -> 0x4F37
mem[X,0x0000000080000F7A] -> 0x7FFF
[995] [M]: 0x0000000080000F78 (0x7FFF4F37) lui t5, 0x7fff4
x30 <- 0x000000007FFF4000

mem[X,0x0000000080000F7C] -> 0x0F13
mem[X,0x0000000080000F7E] -> 0xFFFF
[996] [M]: 0x0000000080000F7C (0xFFFF0F13) addi t5, t5, -0x1
x30 <- 0x000000007FFF3FFF

mem[X,0x0000000080000F80] -> 0x1F13
mem[X,0x0000000080000F82] -> 0x00BF
[997] [M]: 0x0000000080000F80 (0x00BF1F13) slli t5, t5, 0xb
x30 <- 0x000003FFF9FFF800

mem[X,0x0000000080000F84] -> 0x0F13
mem[X,0x0000000080000F86] -> 0x004F
[998] [M]: 0x0000000080000F84 (0x004F0F13) addi t5, t5, 0x4
x30 <- 0x000003FFF9FFF804

mem[X,0x0000000080000F88] -> 0x1F13
mem[X,0x0000000080000F8A] -> 0x00BF
[999] [M]: 0x0000000080000F88 (0x00BF1F13) slli t5, t5, 0xb
x30 <- 0x001FFFCFFFC02000

clint::tick mtime <- 0x000000000000000A
 clint timer pending at mtime 0x000000000000000A
htif::tick 0x0000000000000000
mem[X,0x0000000080000F8C] -> 0x0F13
mem[X,0x0000000080000F8E] -> 0x000F
[1000] [M]: 0x0000000080000F8C (0x000F0F13) addi t5, t5, 0x0
x30 <- 0x001FFFCFFFC02000

mem[X,0x0000000080000F90] -> 0x1F13
mem[X,0x0000000080000F92] -> 0x00AF
[1001] [M]: 0x0000000080000F90 (0x00AF1F13) slli t5, t5, 0xa
x30 <- 0x7FFF3FFF00800000

mem[X,0x0000000080000F94] -> 0x0F13
mem[X,0x0000000080000F96] -> 0x020F
[1002] [M]: 0x0000000080000F94 (0x020F0F13) addi t5, t5, 0x20
x30 <- 0x7FFF3FFF00800020

mem[X,0x0000000080000F98] -> 0x0EB7
mem[X,0x0000000080000F9A] -> 0x0008
[1003] [M]: 0x0000000080000F98 (0x00080EB7) lui t4, 0x80
x29 <- 0x0000000000080000

mem[X,0x0000000080000F9C] -> 0x8E93
mem[X,0x0000000080000F9E] -> 0x080E
[1004] [M]: 0x0000000080000F9C (0x080E8E93) addi t4, t4, 0x80
x29 <- 0x0000000000080080

mem[X,0x0000000080000FA0] -> 0x9E93
mem[X,0x0000000080000FA2] -> 0x00BE
[1005] [M]: 0x0000000080000FA0 (0x00BE9E93) slli t4, t4, 0xb
x29 <- 0x0000000040040000

mem[X,0x0000000080000FA4] -> 0x8E93
mem[X,0x0000000080000FA6] -> 0x000E
[1006] [M]: 0x0000000080000FA4 (0x000E8E93) addi t4, t4, 0x0
x29 <- 0x0000000040040000

mem[X,0x0000000080000FA8] -> 0x9E93
mem[X,0x0000000080000FAA] -> 0x00BE
[1007] [M]: 0x0000000080000FA8 (0x00BE9E93) slli t4, t4, 0xb
x29 <- 0x0000020020000000

mem[X,0x0000000080000FAC] -> 0x8E93
mem[X,0x0000000080000FAE] -> 0x040E
[1008] [M]: 0x0000000080000FAC (0x040E8E93) addi t4, t4, 0x40
x29 <- 0x0000020020000040

mem[X,0x0000000080000FB0] -> 0x9E93
mem[X,0x0000000080000FB2] -> 0x00AE
[1009] [M]: 0x0000000080000FB0 (0x00AE9E93) slli t4, t4, 0xa
x29 <- 0x0008008000010000

mem[X,0x0000000080000FB4] -> 0x8E93
mem[X,0x0000000080000FB6] -> 0x020E
[1010] [M]: 0x0000000080000FB4 (0x020E8E93) addi t4, t4, 0x20
x29 <- 0x0008008000010020

mem[X,0x0000000080000FB8] -> 0x7FBB
mem[X,0x0000000080000FBA] -> 0xD5DF
[1011] [M]: 0x0000000080000FB8 (0xD5DF7FBB) pmulqr.h t6, t5, t4
x31 <- 0x0008004000000000

mem[X,0x0000000080000FBC] -> 0xB823
mem[X,0x0000000080000FBE] -> 0x09F0
[1012] [M]: 0x0000000080000FBC (0x09F0B823) sd t6, 0x90(ra)
mem[0x00000000800042A0] <- 0x0008004000000000

mem[X,0x0000000080000FC0] -> 0x0F37
mem[X,0x0000000080000FC2] -> 0x0020
[1013] [M]: 0x0000000080000FC0 (0x00200F37) lui t5, 0x200
x30 <- 0x0000000000200000

mem[X,0x0000000080000FC4] -> 0x0F13
mem[X,0x0000000080000FC6] -> 0x000F
[1014] [M]: 0x0000000080000FC4 (0x000F0F13) addi t5, t5, 0x0
x30 <- 0x0000000000200000

mem[X,0x0000000080000FC8] -> 0x1F13
mem[X,0x0000000080000FCA] -> 0x00BF
[1015] [M]: 0x0000000080000FC8 (0x00BF1F13) slli t5, t5, 0xb
x30 <- 0x0000000100000000

mem[X,0x0000000080000FCC] -> 0x0F13
mem[X,0x0000000080000FCE] -> 0x000F
[1016] [M]: 0x0000000080000FCC (0x000F0F13) addi t5, t5, 0x0
x30 <- 0x0000000100000000

mem[X,0x0000000080000FD0] -> 0x1F13
mem[X,0x0000000080000FD2] -> 0x00BF
[1017] [M]: 0x0000000080000FD0 (0x00BF1F13) slli t5, t5, 0xb
x30 <- 0x0000080000000000

mem[X,0x0000000080000FD4] -> 0x0F13
mem[X,0x0000000080000FD6] -> 0x02AF
[1018] [M]: 0x0000000080000FD4 (0x02AF0F13) addi t5, t5, 0x2a
x30 <- 0x000008000000002A

mem[X,0x0000000080000FD8] -> 0x1F13
mem[X,0x0000000080000FDA] -> 0x00AF
[1019] [M]: 0x0000000080000FD8 (0x00AF1F13) slli t5, t5, 0xa
x30 <- 0x002000000000A800

mem[X,0x0000000080000FDC] -> 0x0F13
mem[X,0x0000000080000FDE] -> 0x2AAF
[1020] [M]: 0x0000000080000FDC (0x2AAF0F13) addi t5, t5, 0x2aa
x30 <- 0x002000000000AAAA

mem[X,0x0000000080000FE0] -> 0x0EB7
mem[X,0x0000000080000FE2] -> 0x3FFF
[1021] [M]: 0x0000000080000FE0 (0x3FFF0EB7) lui t4, 0x3fff0
x29 <- 0x000000003FFF0000

mem[X,0x0000000080000FE4] -> 0x8E93
mem[X,0x0000000080000FE6] -> 0x005E
[1022] [M]: 0x0000000080000FE4 (0x005E8E93) addi t4, t4, 0x5
x29 <- 0x000000003FFF0005

mem[X,0x0000000080000FE8] -> 0x9E93
mem[X,0x0000000080000FEA] -> 0x00BE
[1023] [M]: 0x0000000080000FE8 (0x00BE9E93) slli t4, t4, 0xb
x29 <- 0x000001FFF8002800

mem[X,0x0000000080000FEC] -> 0x8E93
mem[X,0x0000000080000FEE] -> 0x7FFE
[1024] [M]: 0x0000000080000FEC (0x7FFE8E93) addi t4, t4, 0x7ff
x29 <- 0x000001FFF8002FFF

mem[X,0x0000000080000FF0] -> 0x9E93
mem[X,0x0000000080000FF2] -> 0x00BE
[1025] [M]: 0x0000000080000FF0 (0x00BE9E93) slli t4, t4, 0xb
x29 <- 0x000FFFC0017FF800

mem[X,0x0000000080000FF4] -> 0x8E93
mem[X,0x0000000080000FF6] -> 0x6BFE
[1026] [M]: 0x0000000080000FF4 (0x6BFE8E93) addi t4, t4, 0x6bf
x29 <- 0x000FFFC0017FFEBF

mem[X,0x0000000080000FF8] -> 0x9E93
mem[X,0x0000000080000FFA] -> 0x00AE
[1027] [M]: 0x0000000080000FF8 (0x00AE9E93) slli t4, t4, 0xa
x29 <- 0x3FFF0005FFFAFC00

mem[X,0x0000000080000FFC] -> 0x8E93
mem[X,0x0000000080000FFE] -> 0x3F9E
[1028] [M]: 0x0000000080000FFC (0x3F9E8E93) addi t4, t4, 0x3f9
x29 <- 0x3FFF0005FFFAFFF9

mem[X,0x0000000080001000] -> 0x7FBB
mem[X,0x0000000080001002] -> 0xD5DF
[1029] [M]: 0x0000000080001000 (0xD5DF7FBB) pmulqr.h t6, t5, t4
x31 <- 0x0010000000000005

mem[X,0x0000000080001004] -> 0xBC23
mem[X,0x0000000080001006] -> 0x09F0
[1030] [M]: 0x0000000080001004 (0x09F0BC23) sd t6, 0x98(ra)
mem[0x00000000800042A8] <- 0x0010000000000005

mem[X,0x0000000080001008] -> 0xCF37
mem[X,0x000000008000100A] -> 0xFFF6
[1031] [M]: 0x0000000080001008 (0xFFF6CF37) lui t5, -0x94
x30 <- 0xFFFFFFFFFFF6C000

mem[X,0x000000008000100C] -> 0x0F13
mem[X,0x000000008000100E] -> 0x000F
[1032] [M]: 0x000000008000100C (0x000F0F13) addi t5, t5, 0x0
x30 <- 0xFFFFFFFFFFF6C000

mem[X,0x0000000080001010] -> 0x1F13
mem[X,0x0000000080001012] -> 0x00BF
[1033] [M]: 0x0000000080001010 (0x00BF1F13) slli t5, t5, 0xb
x30 <- 0xFFFFFFFFB6000000

mem[X,0x0000000080001014] -> 0x0F13
mem[X,0x0000000080001016] -> 0x000F
[1034] [M]: 0x0000000080001014 (0x000F0F13) addi t5, t5, 0x0
x30 <- 0xFFFFFFFFB6000000

mem[X,0x0000000080001018] -> 0x1F13
mem[X,0x000000008000101A] -> 0x00BF
[1035] [M]: 0x0000000080001018 (0x00BF1F13) slli t5, t5, 0xb
x30 <- 0xFFFFFDB000000000

mem[X,0x000000008000101C] -> 0x0F13
mem[X,0x000000008000101E] -> 0x040F
[1036] [M]: 0x000000008000101C (0x040F0F13) addi t5, t5, 0x40
x30 <- 0xFFFFFDB000000040

mem[X,0x0000000080001020] -> 0x1F13
mem[X,0x0000000080001022] -> 0x00AF
[1037] [M]: 0x0000000080001020 (0x00AF1F13) slli t5, t5, 0xa
x30 <- 0xFFF6C00000010000

mem[X,0x0000000080001024] -> 0x0F13
mem[X,0x0000000080001026] -> 0x006F
[1038] [M]: 0x0000000080001024 (0x006F0F13) addi t5, t5, 0x6
x30 <- 0xFFF6C00000010006

mem[X,0x0000000080001028] -> 0x0EB7
mem[X,0x000000008000102A] -> 0x0003
[1039] [M]: 0x0000000080001028 (0x00030EB7) lui t4, 0x30
x29 <- 0x0000000000030000

mem[X,0x000000008000102C] -> 0x8E93
mem[X,0x000000008000102E] -> 0xFFEE
[1040] [M]: 0x000000008000102C (0xFFEE8E93) addi t4, t4, -0x2
x29 <- 0x000000000002FFFE

mem[X,0x0000000080001030] -> 0x9E93
mem[X,0x0000000080001032] -> 0x00BE
[1041] [M]: 0x0000000080001030 (0x00BE9E93) slli t4, t4, 0xb
x29 <- 0x0000000017FFF000

mem[X,0x0000000080001034] -> 0x8E93
mem[X,0x0000000080001036] -> 0x7EFE
[1042] [M]: 0x0000000080001034 (0x7EFE8E93) addi t4, t4, 0x7ef
x29 <- 0x0000000017FFF7EF

mem[X,0x0000000080001038] -> 0x9E93
mem[X,0x000000008000103A] -> 0x00BE
[1043] [M]: 0x0000000080001038 (0x00BE9E93) slli t4, t4, 0xb
x29 <- 0x000000BFFFBF7800

mem[X,0x000000008000103C] -> 0x8E93
mem[X,0x000000008000103E] -> 0x7C0E
[1044] [M]: 0x000000008000103C (0x7C0E8E93) addi t4, t4, 0x7c0
x29 <- 0x000000BFFFBF7FC0

mem[X,0x0000000080001040] -> 0x9E93
mem[X,0x0000000080001042] -> 0x00AE
[1045] [M]: 0x0000000080001040 (0x00AE9E93) slli t4, t4, 0xa
x29 <- 0x0002FFFEFDFF0000

mem[X,0x0000000080001044] -> 0x8E93
mem[X,0x0000000080001046] -> 0x080E
[1046] [M]: 0x0000000080001044 (0x080E8E93) addi t4, t4, 0x80
x29 <- 0x0002FFFEFDFF0080

mem[X,0x0000000080001048] -> 0x7FBB
mem[X,0x000000008000104A] -> 0xD5DF
[1047] [M]: 0x0000000080001048 (0xD5DF7FBB) pmulqr.h t6, t5, t4
x31 <- 0x0000000100000000

mem[X,0x000000008000104C] -> 0xB023
mem[X,0x000000008000104E] -> 0x0BF0
[1048] [M]: 0x000000008000104C (0x0BF0B023) sd t6, 0xa0(ra)
mem[0x00000000800042B0] <- 0x0000000100000000

mem[X,0x0000000080001050] -> 0x0F37
mem[X,0x0000000080001052] -> 0x0200
[1049] [M]: 0x0000000080001050 (0x02000F37) lui t5, 0x2000
x30 <- 0x0000000002000000

mem[X,0x0000000080001054] -> 0x0F13
mem[X,0x0000000080001056] -> 0x100F
[1050] [M]: 0x0000000080001054 (0x100F0F13) addi t5, t5, 0x100
x30 <- 0x0000000002000100

mem[X,0x0000000080001058] -> 0x1F13
mem[X,0x000000008000105A] -> 0x00BF
[1051] [M]: 0x0000000080001058 (0x00BF1F13) slli t5, t5, 0xb
x30 <- 0x0000001000080000

mem[X,0x000000008000105C] -> 0x0F13
mem[X,0x000000008000105E] -> 0x3FFF
[1052] [M]: 0x000000008000105C (0x3FFF0F13) addi t5, t5, 0x3ff
x30 <- 0x00000010000803FF

mem[X,0x0000000080001060] -> 0x1F13
mem[X,0x0000000080001062] -> 0x00BF
[1053] [M]: 0x0000000080001060 (0x00BF1F13) slli t5, t5, 0xb
x30 <- 0x00008000401FF800

mem[X,0x0000000080001064] -> 0x0F13
mem[X,0x0000000080001066] -> 0x7FFF
[1054] [M]: 0x0000000080001064 (0x7FFF0F13) addi t5, t5, 0x7ff
x30 <- 0x00008000401FFFFF

mem[X,0x0000000080001068] -> 0x1F13
mem[X,0x000000008000106A] -> 0x00AF
[1055] [M]: 0x0000000080001068 (0x00AF1F13) slli t5, t5, 0xa
x30 <- 0x020001007FFFFC00

mem[X,0x000000008000106C] -> 0x0F13
mem[X,0x000000008000106E] -> 0x3FAF
[1056] [M]: 0x000000008000106C (0x3FAF0F13) addi t5, t5, 0x3fa
x30 <- 0x020001007FFFFFFA

mem[X,0x0000000080001070] -> 0x0EB7
mem[X,0x0000000080001072] -> 0x4000
[1057] [M]: 0x0000000080001070 (0x40000EB7) lui t4, 0x40000
x29 <- 0x0000000040000000

mem[X,0x0000000080001074] -> 0x8E93
mem[X,0x0000000080001076] -> 0x005E
[1058] [M]: 0x0000000080001074 (0x005E8E93) addi t4, t4, 0x5
x29 <- 0x0000000040000005

mem[X,0x0000000080001078] -> 0x9E93
mem[X,0x000000008000107A] -> 0x00BE
[1059] [M]: 0x0000000080001078 (0x00BE9E93) slli t4, t4, 0xb
x29 <- 0x0000020000002800

mem[X,0x000000008000107C] -> 0x8E93
mem[X,0x000000008000107E] -> 0x7FFE
[1060] [M]: 0x000000008000107C (0x7FFE8E93) addi t4, t4, 0x7ff
x29 <- 0x0000020000002FFF

mem[X,0x0000000080001080] -> 0x9E93
mem[X,0x0000000080001082] -> 0x00BE
[1061] [M]: 0x0000000080001080 (0x00BE9E93) slli t4, t4, 0xb
x29 <- 0x00100000017FF800

mem[X,0x0000000080001084] -> 0x8E93
mem[X,0x0000000080001086] -> 0x5BFE
[1062] [M]: 0x0000000080001084 (0x5BFE8E93) addi t4, t4, 0x5bf
x29 <- 0x00100000017FFDBF

mem[X,0x0000000080001088] -> 0x9E93
mem[X,0x000000008000108A] -> 0x00AE
[1063] [M]: 0x0000000080001088 (0x00AE9E93) slli t4, t4, 0xa
x29 <- 0x40000005FFF6FC00

mem[X,0x000000008000108C] -> 0x8E93
mem[X,0x000000008000108E] -> 0x3EFE
[1064] [M]: 0x000000008000108C (0x3EFE8E93) addi t4, t4, 0x3ef
x29 <- 0x40000005FFF6FFEF

mem[X,0x0000000080001090] -> 0x7FBB
mem[X,0x0000000080001092] -> 0xD5DF
[1065] [M]: 0x0000000080001090 (0xD5DF7FBB) pmulqr.h t6, t5, t4
x31 <- 0x01000000FFF60000

mem[X,0x0000000080001094] -> 0xB423
mem[X,0x0000000080001096] -> 0x0BF0
[1066] [M]: 0x0000000080001094 (0x0BF0B423) sd t6, 0xa8(ra)
mem[0x00000000800042B8] <- 0x01000000FFF60000

mem[X,0x0000000080001098] -> 0x1F37
mem[X,0x000000008000109A] -> 0x3FFF
[1067] [M]: 0x0000000080001098 (0x3FFF1F37) lui t5, 0x3fff1
x30 <- 0x000000003FFF1000

mem[X,0x000000008000109C] -> 0x0F13
mem[X,0x000000008000109E] -> 0x800F
[1068] [M]: 0x000000008000109C (0x800F0F13) addi t5, t5, -0x800
x30 <- 0x000000003FFF0800

mem[X,0x00000000800010A0] -> 0x1F13
mem[X,0x00000000800010A2] -> 0x00BF
[1069] [M]: 0x00000000800010A0 (0x00BF1F13) slli t5, t5, 0xb
x30 <- 0x000001FFF8400000

mem[X,0x00000000800010A4] -> 0x0F13
mem[X,0x00000000800010A6] -> 0x000F
[1070] [M]: 0x00000000800010A4 (0x000F0F13) addi t5, t5, 0x0
x30 <- 0x000001FFF8400000

mem[X,0x00000000800010A8] -> 0x1F13
mem[X,0x00000000800010AA] -> 0x00BF
[1071] [M]: 0x00000000800010A8 (0x00BF1F13) slli t5, t5, 0xb
x30 <- 0x000FFFC200000000

mem[X,0x00000000800010AC] -> 0x0F13
mem[X,0x00000000800010AE] -> 0x0B7F
[1072] [M]: 0x00000000800010AC (0x0B7F0F13) addi t5, t5, 0xb7
x30 <- 0x000FFFC2000000B7

mem[X,0x00000000800010B0] -> 0x1F13
mem[X,0x00000000800010B2] -> 0x00AF
[1073] [M]: 0x00000000800010B0 (0x00AF1F13) slli t5, t5, 0xa
x30 <- 0x3FFF08000002DC00

mem[X,0x00000000800010B4] -> 0x0F13
mem[X,0x00000000800010B6] -> 0x3FFF
[1074] [M]: 0x00000000800010B4 (0x3FFF0F13) addi t5, t5, 0x3ff
x30 <- 0x3FFF08000002DFFF

mem[X,0x00000000800010B8] -> 0x0EB7
mem[X,0x00000000800010BA] -> 0xFFF9
[1075] [M]: 0x00000000800010B8 (0xFFF90EB7) lui t4, -0x70
x29 <- 0xFFFFFFFFFFF90000

mem[X,0x00000000800010BC] -> 0x8E93
mem[X,0x00000000800010BE] -> 0xFF9E
[1076] [M]: 0x00000000800010BC (0xFF9E8E93) addi t4, t4, -0x7
x29 <- 0xFFFFFFFFFFF8FFF9

mem[X,0x00000000800010C0] -> 0x9E93
mem[X,0x00000000800010C2] -> 0x00BE
[1077] [M]: 0x00000000800010C0 (0x00BE9E93) slli t4, t4, 0xb
x29 <- 0xFFFFFFFFC7FFC800

mem[X,0x00000000800010C4] -> 0x8E93
mem[X,0x00000000800010C6] -> 0x020E
[1078] [M]: 0x00000000800010C4 (0x020E8E93) addi t4, t4, 0x20
x29 <- 0xFFFFFFFFC7FFC820

mem[X,0x00000000800010C8] -> 0x9E93
mem[X,0x00000000800010CA] -> 0x00BE
[1079] [M]: 0x00000000800010C8 (0x00BE9E93) slli t4, t4, 0xb
x29 <- 0xFFFFFE3FFE410000

mem[X,0x00000000800010CC] -> 0x8E93
mem[X,0x00000000800010CE] -> 0x000E
[1080] [M]: 0x00000000800010CC (0x000E8E93) addi t4, t4, 0x0
x29 <- 0xFFFFFE3FFE410000

mem[X,0x00000000800010D0] -> 0x9E93
mem[X,0x00000000800010D2] -> 0x00AE
[1081] [M]: 0x00000000800010D0 (0x00AE9E93) slli t4, t4, 0xa
x29 <- 0xFFF8FFF904000000

mem[X,0x00000000800010D4] -> 0x8E93
mem[X,0x00000000800010D6] -> 0x004E
[1082] [M]: 0x00000000800010D4 (0x004E8E93) addi t4, t4, 0x4
x29 <- 0xFFF8FFF904000004

mem[X,0x00000000800010D8] -> 0x7FBB
mem[X,0x00000000800010DA] -> 0xD5DF
[1083] [M]: 0x00000000800010D8 (0xD5DF7FBB) pmulqr.h t6, t5, t4
x31 <- 0xFFFC00000000FFFF

mem[X,0x00000000800010DC] -> 0xB823
mem[X,0x00000000800010DE] -> 0x0BF0
[1084] [M]: 0x00000000800010DC (0x0BF0B823) sd t6, 0xb0(ra)
mem[0x00000000800042C0] <- 0xFFFC00000000FFFF

mem[X,0x00000000800010E0] -> 0xFF37
mem[X,0x00000000800010E2] -> 0x7FFF
[1085] [M]: 0x00000000800010E0 (0x7FFFFF37) lui t5, 0x7ffff
x30 <- 0x000000007FFFF000

mem[X,0x00000000800010E4] -> 0x0F13
mem[X,0x00000000800010E6] -> 0x7FFF
[1086] [M]: 0x00000000800010E4 (0x7FFF0F13) addi t5, t5, 0x7ff
x30 <- 0x000000007FFFF7FF

mem[X,0x00000000800010E8] -> 0x1F13
mem[X,0x00000000800010EA] -> 0x00BF
[1087] [M]: 0x00000000800010E8 (0x00BF1F13) slli t5, t5, 0xb
x30 <- 0x000003FFFFBFF800

mem[X,0x00000000800010EC] -> 0x0F13
mem[X,0x00000000800010EE] -> 0x000F
[1088] [M]: 0x00000000800010EC (0x000F0F13) addi t5, t5, 0x0
x30 <- 0x000003FFFFBFF800

mem[X,0x00000000800010F0] -> 0x1F13
mem[X,0x00000000800010F2] -> 0x00BF
[1089] [M]: 0x00000000800010F0 (0x00BF1F13) slli t5, t5, 0xb
x30 <- 0x001FFFFDFFC00000

mem[X,0x00000000800010F4] -> 0x0F13
mem[X,0x00000000800010F6] -> 0x13FF
[1090] [M]: 0x00000000800010F4 (0x13FF0F13) addi t5, t5, 0x13f
x30 <- 0x001FFFFDFFC0013F

mem[X,0x00000000800010F8] -> 0x1F13
mem[X,0x00000000800010FA] -> 0x00AF
[1091] [M]: 0x00000000800010F8 (0x00AF1F13) slli t5, t5, 0xa
x30 <- 0x7FFFF7FF0004FC00

mem[X,0x00000000800010FC] -> 0x0F13
mem[X,0x00000000800010FE] -> 0x1FFF
[1092] [M]: 0x00000000800010FC (0x1FFF0F13) addi t5, t5, 0x1ff
x30 <- 0x7FFFF7FF0004FDFF

mem[X,0x0000000080001100] -> 0x0EB7
mem[X,0x0000000080001102] -> 0xF800
[1093] [M]: 0x0000000080001100 (0xF8000EB7) lui t4, -0x8000
x29 <- 0xFFFFFFFFF8000000

mem[X,0x0000000080001104] -> 0x8E93
mem[X,0x0000000080001106] -> 0xDFFE
[1094] [M]: 0x0000000080001104 (0xDFFE8E93) addi t4, t4, -0x201
x29 <- 0xFFFFFFFFF7FFFDFF

mem[X,0x0000000080001108] -> 0x9E93
mem[X,0x000000008000110A] -> 0x00BE
[1095] [M]: 0x0000000080001108 (0x00BE9E93) slli t4, t4, 0xb
x29 <- 0xFFFFFFBFFFEFF800

mem[X,0x000000008000110C] -> 0x8E93
mem[X,0x000000008000110E] -> 0x7FFE
[1096] [M]: 0x000000008000110C (0x7FFE8E93) addi t4, t4, 0x7ff
x29 <- 0xFFFFFFBFFFEFFFFF

mem[X,0x0000000080001110] -> 0x9E93
mem[X,0x0000000080001112] -> 0x00BE
[1097] [M]: 0x0000000080001110 (0x00BE9E93) slli t4, t4, 0xb
x29 <- 0xFFFDFFFF7FFFF800

mem[X,0x0000000080001114] -> 0x8E93
mem[X,0x0000000080001116] -> 0x580E
[1098] [M]: 0x0000000080001114 (0x580E8E93) addi t4, t4, 0x580
x29 <- 0xFFFDFFFF7FFFFD80

mem[X,0x0000000080001118] -> 0x9E93
mem[X,0x000000008000111A] -> 0x00AE
[1099] [M]: 0x0000000080001118 (0x00AE9E93) slli t4, t4, 0xa
x29 <- 0xF7FFFDFFFFF60000

clint::tick mtime <- 0x000000000000000B
 clint timer pending at mtime 0x000000000000000B
htif::tick 0x0000000000000000
mem[X,0x000000008000111C] -> 0x8E93
mem[X,0x000000008000111E] -> 0x004E
[1100] [M]: 0x000000008000111C (0x004E8E93) addi t4, t4, 0x4
x29 <- 0xF7FFFDFFFFF60004

mem[X,0x0000000080001120] -> 0x7FBB
mem[X,0x0000000080001122] -> 0xD5DF
[1101] [M]: 0x0000000080001120 (0xD5DF7FBB) pmulqr.h t6, t5, t4
x31 <- 0xF7FF002000000000

mem[X,0x0000000080001124] -> 0xBC23
mem[X,0x0000000080001126] -> 0x0BF0
[1102] [M]: 0x0000000080001124 (0x0BF0BC23) sd t6, 0xb8(ra)
mem[0x00000000800042C8] <- 0xF7FF002000000000

mem[X,0x0000000080001128] -> 0x0F37
mem[X,0x000000008000112A] -> 0xAAAA
[1103] [M]: 0x0000000080001128 (0xAAAA0F37) lui t5, -0x55560
x30 <- 0xFFFFFFFFAAAA0000

mem[X,0x000000008000112C] -> 0x0F13
mem[X,0x000000008000112E] -> 0x004F
[1104] [M]: 0x000000008000112C (0x004F0F13) addi t5, t5, 0x4
x30 <- 0xFFFFFFFFAAAA0004

mem[X,0x0000000080001130] -> 0x1F13
mem[X,0x0000000080001132] -> 0x00BF
[1105] [M]: 0x0000000080001130 (0x00BF1F13) slli t5, t5, 0xb
x30 <- 0xFFFFFD5550002000

mem[X,0x0000000080001134] -> 0x0F13
mem[X,0x0000000080001136] -> 0x000F
[1106] [M]: 0x0000000080001134 (0x000F0F13) addi t5, t5, 0x0
x30 <- 0xFFFFFD5550002000

mem[X,0x0000000080001138] -> 0x1F13
mem[X,0x000000008000113A] -> 0x00BF
[1107] [M]: 0x0000000080001138 (0x00BF1F13) slli t5, t5, 0xb
x30 <- 0xFFEAAA8001000000

mem[X,0x000000008000113C] -> 0x0F13
mem[X,0x000000008000113E] -> 0x208F
[1108] [M]: 0x000000008000113C (0x208F0F13) addi t5, t5, 0x208
x30 <- 0xFFEAAA8001000208

mem[X,0x0000000080001140] -> 0x1F13
mem[X,0x0000000080001142] -> 0x00AF
[1109] [M]: 0x0000000080001140 (0x00AF1F13) slli t5, t5, 0xa
x30 <- 0xAAAA000400082000

mem[X,0x0000000080001144] -> 0xEEB7
mem[X,0x0000000080001146] -> 0xFFFF
[1110] [M]: 0x0000000080001144 (0xFFFFEEB7) lui t4, -0x2
x29 <- 0xFFFFFFFFFFFFE000

mem[X,0x0000000080001148] -> 0x8E93
mem[X,0x000000008000114A] -> 0xFFFE
[1111] [M]: 0x0000000080001148 (0xFFFE8E93) addi t4, t4, -0x1
x29 <- 0xFFFFFFFFFFFFDFFF

mem[X,0x000000008000114C] -> 0x9E93
mem[X,0x000000008000114E] -> 0x00BE
[1112] [M]: 0x000000008000114C (0x00BE9E93) slli t4, t4, 0xb
x29 <- 0xFFFFFFFFFEFFF800

mem[X,0x0000000080001150] -> 0x8E93
mem[X,0x0000000080001152] -> 0x7FFE
[1113] [M]: 0x0000000080001150 (0x7FFE8E93) addi t4, t4, 0x7ff
x29 <- 0xFFFFFFFFFEFFFFFF

mem[X,0x0000000080001154] -> 0x9E93
mem[X,0x0000000080001156] -> 0x00BE
[1114] [M]: 0x0000000080001154 (0x00BE9E93) slli t4, t4, 0xb
x29 <- 0xFFFFFFF7FFFFF800

mem[X,0x0000000080001158] -> 0x8E93
mem[X,0x000000008000115A] -> 0x7C0E
[1115] [M]: 0x0000000080001158 (0x7C0E8E93) addi t4, t4, 0x7c0
x29 <- 0xFFFFFFF7FFFFFFC0

mem[X,0x000000008000115C] -> 0x9E93
mem[X,0x000000008000115E] -> 0x00AE
[1116] [M]: 0x000000008000115C (0x00AE9E93) slli t4, t4, 0xa
x29 <- 0xFFFFDFFFFFFF0000

mem[X,0x0000000080001160] -> 0x8E93
mem[X,0x0000000080001162] -> 0x040E
[1117] [M]: 0x0000000080001160 (0x040E8E93) addi t4, t4, 0x40
x29 <- 0xFFFFDFFFFFFF0040

mem[X,0x0000000080001164] -> 0x7FBB
mem[X,0x0000000080001166] -> 0xD5DF
[1118] [M]: 0x0000000080001164 (0xD5DF7FBB) pmulqr.h t6, t5, t4
x31 <- 0x0001FFFF00000010

mem[X,0x0000000080001168] -> 0xB023
mem[X,0x000000008000116A] -> 0x0DF0
[1119] [M]: 0x0000000080001168 (0x0DF0B023) sd t6, 0xc0(ra)
mem[0x00000000800042D0] <- 0x0001FFFF00000010

mem[X,0x000000008000116C] -> 0xCF37
mem[X,0x000000008000116E] -> 0x3FFF
[1120] [M]: 0x000000008000116C (0x3FFFCF37) lui t5, 0x3fffc
x30 <- 0x000000003FFFC000

mem[X,0x0000000080001170] -> 0x0F13
mem[X,0x0000000080001172] -> 0x000F
[1121] [M]: 0x0000000080001170 (0x000F0F13) addi t5, t5, 0x0
x30 <- 0x000000003FFFC000

mem[X,0x0000000080001174] -> 0x1F13
mem[X,0x0000000080001176] -> 0x00BF
[1122] [M]: 0x0000000080001174 (0x00BF1F13) slli t5, t5, 0xb
x30 <- 0x000001FFFE000000

mem[X,0x0000000080001178] -> 0x0F13
mem[X,0x000000008000117A] -> 0x000F
[1123] [M]: 0x0000000080001178 (0x000F0F13) addi t5, t5, 0x0
x30 <- 0x000001FFFE000000

mem[X,0x000000008000117C] -> 0x1F13
mem[X,0x000000008000117E] -> 0x00BF
[1124] [M]: 0x000000008000117C (0x00BF1F13) slli t5, t5, 0xb
x30 <- 0x000FFFF000000000

mem[X,0x0000000080001180] -> 0x0F13
mem[X,0x0000000080001182] -> 0x43FF
[1125] [M]: 0x0000000080001180 (0x43FF0F13) addi t5, t5, 0x43f
x30 <- 0x000FFFF00000043F

mem[X,0x0000000080001184] -> 0x1F13
mem[X,0x0000000080001186] -> 0x00AF
[1126] [M]: 0x0000000080001184 (0x00AF1F13) slli t5, t5, 0xa
x30 <- 0x3FFFC0000010FC00

mem[X,0x0000000080001188] -> 0x0F13
mem[X,0x000000008000118A] -> 0x3FAF
[1127] [M]: 0x0000000080001188 (0x3FAF0F13) addi t5, t5, 0x3fa
x30 <- 0x3FFFC0000010FFFA

mem[X,0x000000008000118C] -> 0x0EB7
mem[X,0x000000008000118E] -> 0xDFFF
[1128] [M]: 0x000000008000118C (0xDFFF0EB7) lui t4, -0x20010
x29 <- 0xFFFFFFFFDFFF0000

mem[X,0x0000000080001190] -> 0x8E93
mem[X,0x0000000080001192] -> 0x008E
[1129] [M]: 0x0000000080001190 (0x008E8E93) addi t4, t4, 0x8
x29 <- 0xFFFFFFFFDFFF0008

mem[X,0x0000000080001194] -> 0x9E93
mem[X,0x0000000080001196] -> 0x00BE
[1130] [M]: 0x0000000080001194 (0x00BE9E93) slli t4, t4, 0xb
x29 <- 0xFFFFFEFFF8004000

mem[X,0x0000000080001198] -> 0x8E93
mem[X,0x000000008000119A] -> 0x555E
[1131] [M]: 0x0000000080001198 (0x555E8E93) addi t4, t4, 0x555
x29 <- 0xFFFFFEFFF8004555

mem[X,0x000000008000119C] -> 0x9E93
mem[X,0x000000008000119E] -> 0x00BE
[1132] [M]: 0x000000008000119C (0x00BE9E93) slli t4, t4, 0xb
x29 <- 0xFFF7FFC0022AA800

mem[X,0x00000000800011A0] -> 0x8E93
mem[X,0x00000000800011A2] -> 0x2AFE
[1133] [M]: 0x00000000800011A0 (0x2AFE8E93) addi t4, t4, 0x2af
x29 <- 0xFFF7FFC0022AAAAF

mem[X,0x00000000800011A4] -> 0x9E93
mem[X,0x00000000800011A6] -> 0x00AE
[1134] [M]: 0x00000000800011A4 (0x00AE9E93) slli t4, t4, 0xa
x29 <- 0xDFFF0008AAAABC00

mem[X,0x00000000800011A8] -> 0x8E93
mem[X,0x00000000800011AA] -> 0x3FFE
[1135] [M]: 0x00000000800011A8 (0x3FFE8E93) addi t4, t4, 0x3ff
x29 <- 0xDFFF0008AAAABFFF

mem[X,0x00000000800011AC] -> 0x7FBB
mem[X,0x00000000800011AE] -> 0xD5DF
[1136] [M]: 0x00000000800011AC (0xD5DF7FBB) pmulqr.h t6, t5, t4
x31 <- 0xF000FFFCFFF50003

mem[X,0x00000000800011B0] -> 0xB423
mem[X,0x00000000800011B2] -> 0x0DF0
[1137] [M]: 0x00000000800011B0 (0x0DF0B423) sd t6, 0xc8(ra)
mem[0x00000000800042D8] <- 0xF000FFFCFFF50003

mem[X,0x00000000800011B4] -> 0x1F37
mem[X,0x00000000800011B6] -> 0xFFFA
[1138] [M]: 0x00000000800011B4 (0xFFFA1F37) lui t5, -0x5f
x30 <- 0xFFFFFFFFFFFA1000

mem[X,0x00000000800011B8] -> 0x0F13
mem[X,0x00000000800011BA] -> 0x000F
[1139] [M]: 0x00000000800011B8 (0x000F0F13) addi t5, t5, 0x0
x30 <- 0xFFFFFFFFFFFA1000

mem[X,0x00000000800011BC] -> 0x1F13
mem[X,0x00000000800011BE] -> 0x00BF
[1140] [M]: 0x00000000800011BC (0x00BF1F13) slli t5, t5, 0xb
x30 <- 0xFFFFFFFFD0800000

mem[X,0x00000000800011C0] -> 0x0F13
mem[X,0x00000000800011C2] -> 0x001F
[1141] [M]: 0x00000000800011C0 (0x001F0F13) addi t5, t5, 0x1
x30 <- 0xFFFFFFFFD0800001

mem[X,0x00000000800011C4] -> 0x1F13
mem[X,0x00000000800011C6] -> 0x00BF
[1142] [M]: 0x00000000800011C4 (0x00BF1F13) slli t5, t5, 0xb
x30 <- 0xFFFFFE8400000800

mem[X,0x00000000800011C8] -> 0x0F13
mem[X,0x00000000800011CA] -> 0x03FF
[1143] [M]: 0x00000000800011C8 (0x03FF0F13) addi t5, t5, 0x3f
x30 <- 0xFFFFFE840000083F

mem[X,0x00000000800011CC] -> 0x1F13
mem[X,0x00000000800011CE] -> 0x00AF
[1144] [M]: 0x00000000800011CC (0x00AF1F13) slli t5, t5, 0xa
x30 <- 0xFFFA10000020FC00

mem[X,0x00000000800011D0] -> 0x0F13
mem[X,0x00000000800011D2] -> 0x3FBF
[1145] [M]: 0x00000000800011D0 (0x3FBF0F13) addi t5, t5, 0x3fb
x30 <- 0xFFFA10000020FFFB

mem[X,0x00000000800011D4] -> 0x0EB7
mem[X,0x00000000800011D6] -> 0xFFFA
[1146] [M]: 0x00000000800011D4 (0xFFFA0EB7) lui t4, -0x60
x29 <- 0xFFFFFFFFFFFA0000

mem[X,0x00000000800011D8] -> 0x8E93
mem[X,0x00000000800011DA] -> 0x010E
[1147] [M]: 0x00000000800011D8 (0x010E8E93) addi t4, t4, 0x10
x29 <- 0xFFFFFFFFFFFA0010

mem[X,0x00000000800011DC] -> 0x9E93
mem[X,0x00000000800011DE] -> 0x00BE
[1148] [M]: 0x00000000800011DC (0x00BE9E93) slli t4, t4, 0xb
x29 <- 0xFFFFFFFFD0008000

mem[X,0x00000000800011E0] -> 0x8E93
mem[X,0x00000000800011E2] -> 0x1FFE
[1149] [M]: 0x00000000800011E0 (0x1FFE8E93) addi t4, t4, 0x1ff
x29 <- 0xFFFFFFFFD00081FF

mem[X,0x00000000800011E4] -> 0x9E93
mem[X,0x00000000800011E6] -> 0x00BE
[1150] [M]: 0x00000000800011E4 (0x00BE9E93) slli t4, t4, 0xb
x29 <- 0xFFFFFE80040FF800

mem[X,0x00000000800011E8] -> 0x8E93
mem[X,0x00000000800011EA] -> 0x7C0E
[1151] [M]: 0x00000000800011E8 (0x7C0E8E93) addi t4, t4, 0x7c0
x29 <- 0xFFFFFE80040FFFC0

mem[X,0x00000000800011EC] -> 0x9E93
mem[X,0x00000000800011EE] -> 0x00AE
[1152] [M]: 0x00000000800011EC (0x00AE9E93) slli t4, t4, 0xa
x29 <- 0xFFFA00103FFF0000

mem[X,0x00000000800011F0] -> 0x8E93
mem[X,0x00000000800011F2] -> 0x010E
[1153] [M]: 0x00000000800011F0 (0x010E8E93) addi t4, t4, 0x10
x29 <- 0xFFFA00103FFF0010

mem[X,0x00000000800011F4] -> 0x7FBB
mem[X,0x00000000800011F6] -> 0xD5DF
[1154] [M]: 0x00000000800011F4 (0xD5DF7FBB) pmulqr.h t6, t5, t4
x31 <- 0x0000000200100000

mem[X,0x00000000800011F8] -> 0xB823
mem[X,0x00000000800011FA] -> 0x0DF0
[1155] [M]: 0x00000000800011F8 (0x0DF0B823) sd t6, 0xd0(ra)
mem[0x00000000800042E0] <- 0x0000000200100000

mem[X,0x00000000800011FC] -> 0x0F37
mem[X,0x00000000800011FE] -> 0x0007
[1156] [M]: 0x00000000800011FC (0x00070F37) lui t5, 0x70
x30 <- 0x0000000000070000

mem[X,0x0000000080001200] -> 0x0F13
mem[X,0x0000000080001202] -> 0xFF6F
[1157] [M]: 0x0000000080001200 (0xFF6F0F13) addi t5, t5, -0xa
x30 <- 0x000000000006FFF6

mem[X,0x0000000080001204] -> 0x1F13
mem[X,0x0000000080001206] -> 0x00BF
[1158] [M]: 0x0000000080001204 (0x00BF1F13) slli t5, t5, 0xb
x30 <- 0x0000000037FFB000

mem[X,0x0000000080001208] -> 0x0F13
mem[X,0x000000008000120A] -> 0x008F
[1159] [M]: 0x0000000080001208 (0x008F0F13) addi t5, t5, 0x8
x30 <- 0x0000000037FFB008

mem[X,0x000000008000120C] -> 0x1F13
mem[X,0x000000008000120E] -> 0x00BF
[1160] [M]: 0x000000008000120C (0x00BF1F13) slli t5, t5, 0xb
x30 <- 0x000001BFFD804000

mem[X,0x0000000080001210] -> 0x0F13
mem[X,0x0000000080001212] -> 0x000F
[1161] [M]: 0x0000000080001210 (0x000F0F13) addi t5, t5, 0x0
x30 <- 0x000001BFFD804000

mem[X,0x0000000080001214] -> 0x1F13
mem[X,0x0000000080001216] -> 0x00AF
[1162] [M]: 0x0000000080001214 (0x00AF1F13) slli t5, t5, 0xa
x30 <- 0x0006FFF601000000

mem[X,0x0000000080001218] -> 0x0F13
mem[X,0x000000008000121A] -> 0x200F
[1163] [M]: 0x0000000080001218 (0x200F0F13) addi t5, t5, 0x200
x30 <- 0x0006FFF601000200

mem[X,0x000000008000121C] -> 0x1EB7
mem[X,0x000000008000121E] -> 0xFFFB
[1164] [M]: 0x000000008000121C (0xFFFB1EB7) lui t4, -0x4f
x29 <- 0xFFFFFFFFFFFB1000

mem[X,0x0000000080001220] -> 0x8E93
mem[X,0x0000000080001222] -> 0x800E
[1165] [M]: 0x0000000080001220 (0x800E8E93) addi t4, t4, -0x800
x29 <- 0xFFFFFFFFFFFB0800

mem[X,0x0000000080001224] -> 0x9E93
mem[X,0x0000000080001226] -> 0x00BE
[1166] [M]: 0x0000000080001224 (0x00BE9E93) slli t4, t4, 0xb
x29 <- 0xFFFFFFFFD8400000

mem[X,0x0000000080001228] -> 0x8E93
mem[X,0x000000008000122A] -> 0x7FEE
[1167] [M]: 0x0000000080001228 (0x7FEE8E93) addi t4, t4, 0x7fe
x29 <- 0xFFFFFFFFD84007FE

mem[X,0x000000008000122C] -> 0x9E93
mem[X,0x000000008000122E] -> 0x00BE
[1168] [M]: 0x000000008000122C (0x00BE9E93) slli t4, t4, 0xb
x29 <- 0xFFFFFEC2003FF000

mem[X,0x0000000080001230] -> 0x8E93
mem[X,0x0000000080001232] -> 0x7C0E
[1169] [M]: 0x0000000080001230 (0x7C0E8E93) addi t4, t4, 0x7c0
x29 <- 0xFFFFFEC2003FF7C0

mem[X,0x0000000080001234] -> 0x9E93
mem[X,0x0000000080001236] -> 0x00AE
[1170] [M]: 0x0000000080001234 (0x00AE9E93) slli t4, t4, 0xa
x29 <- 0xFFFB0800FFDF0000

mem[X,0x0000000080001238] -> 0x8E93
mem[X,0x000000008000123A] -> 0x007E
[1171] [M]: 0x0000000080001238 (0x007E8E93) addi t4, t4, 0x7
x29 <- 0xFFFB0800FFDF0007

mem[X,0x000000008000123C] -> 0x7FBB
mem[X,0x000000008000123E] -> 0xD5DF
[1172] [M]: 0x000000008000123C (0xD5DF7FBB) pmulqr.h t6, t5, t4
x31 <- 0x0000FFFF00000000

mem[X,0x0000000080001240] -> 0xBC23
mem[X,0x0000000080001242] -> 0x0DF0
[1173] [M]: 0x0000000080001240 (0x0DF0BC23) sd t6, 0xd8(ra)
mem[0x00000000800042E8] <- 0x0000FFFF00000000

mem[X,0x0000000080001244] -> 0x8F37
mem[X,0x0000000080001246] -> 0xFFF7
[1174] [M]: 0x0000000080001244 (0xFFF78F37) lui t5, -0x88
x30 <- 0xFFFFFFFFFFF78000

mem[X,0x0000000080001248] -> 0x0F13
mem[X,0x000000008000124A] -> 0xFFFF
[1175] [M]: 0x0000000080001248 (0xFFFF0F13) addi t5, t5, -0x1
x30 <- 0xFFFFFFFFFFF77FFF

mem[X,0x000000008000124C] -> 0x1F13
mem[X,0x000000008000124E] -> 0x00BF
[1176] [M]: 0x000000008000124C (0x00BF1F13) slli t5, t5, 0xb
x30 <- 0xFFFFFFFFBBFFF800

mem[X,0x0000000080001250] -> 0x0F13
mem[X,0x0000000080001252] -> 0x080F
[1177] [M]: 0x0000000080001250 (0x080F0F13) addi t5, t5, 0x80
x30 <- 0xFFFFFFFFBBFFF880

mem[X,0x0000000080001254] -> 0x1F13
mem[X,0x0000000080001256] -> 0x00BF
[1178] [M]: 0x0000000080001254 (0x00BF1F13) slli t5, t5, 0xb
x30 <- 0xFFFFFDDFFFC40000

mem[X,0x0000000080001258] -> 0x0F13
mem[X,0x000000008000125A] -> 0x008F
[1179] [M]: 0x0000000080001258 (0x008F0F13) addi t5, t5, 0x8
x30 <- 0xFFFFFDDFFFC40008

mem[X,0x000000008000125C] -> 0x1F13
mem[X,0x000000008000125E] -> 0x00AF
[1180] [M]: 0x000000008000125C (0x00AF1F13) slli t5, t5, 0xa
x30 <- 0xFFF77FFF10002000

mem[X,0x0000000080001260] -> 0x0EB7
mem[X,0x0000000080001262] -> 0xFFEF
[1181] [M]: 0x0000000080001260 (0xFFEF0EB7) lui t4, -0x110
x29 <- 0xFFFFFFFFFFEF0000

mem[X,0x0000000080001264] -> 0x8E93
mem[X,0x0000000080001266] -> 0x400E
[1182] [M]: 0x0000000080001264 (0x400E8E93) addi t4, t4, 0x400
x29 <- 0xFFFFFFFFFFEF0400

mem[X,0x0000000080001268] -> 0x9E93
mem[X,0x000000008000126A] -> 0x00BE
[1183] [M]: 0x0000000080001268 (0x00BE9E93) slli t4, t4, 0xb
x29 <- 0xFFFFFFFF78200000

mem[X,0x000000008000126C] -> 0x8E93
mem[X,0x000000008000126E] -> 0x000E
[1184] [M]: 0x000000008000126C (0x000E8E93) addi t4, t4, 0x0
x29 <- 0xFFFFFFFF78200000

mem[X,0x0000000080001270] -> 0x9E93
mem[X,0x0000000080001272] -> 0x00BE
[1185] [M]: 0x0000000080001270 (0x00BE9E93) slli t4, t4, 0xb
x29 <- 0xFFFFFBC100000000

mem[X,0x0000000080001274] -> 0x8E93
mem[X,0x0000000080001276] -> 0x100E
[1186] [M]: 0x0000000080001274 (0x100E8E93) addi t4, t4, 0x100
x29 <- 0xFFFFFBC100000100

mem[X,0x0000000080001278] -> 0x9E93
mem[X,0x000000008000127A] -> 0x00AE
[1187] [M]: 0x0000000080001278 (0x00AE9E93) slli t4, t4, 0xa
x29 <- 0xFFEF040000040000

mem[X,0x000000008000127C] -> 0x8E93
mem[X,0x000000008000127E] -> 0x020E
[1188] [M]: 0x000000008000127C (0x020E8E93) addi t4, t4, 0x20
x29 <- 0xFFEF040000040020

mem[X,0x0000000080001280] -> 0x7FBB
mem[X,0x0000000080001282] -> 0xD5DF
[1189] [M]: 0x0000000080001280 (0xD5DF7FBB) pmulqr.h t6, t5, t4
x31 <- 0x0000040000010008

mem[X,0x0000000080001284] -> 0xB023
mem[X,0x0000000080001286] -> 0x0FF0
[1190] [M]: 0x0000000080001284 (0x0FF0B023) sd t6, 0xe0(ra)
mem[0x00000000800042F0] <- 0x0000040000010008

mem[X,0x0000000080001288] -> 0x2F37
mem[X,0x000000008000128A] -> 0xFFF9
[1191] [M]: 0x0000000080001288 (0xFFF92F37) lui t5, -0x6e
x30 <- 0xFFFFFFFFFFF92000

mem[X,0x000000008000128C] -> 0x0F13
mem[X,0x000000008000128E] -> 0x000F
[1192] [M]: 0x000000008000128C (0x000F0F13) addi t5, t5, 0x0
x30 <- 0xFFFFFFFFFFF92000

mem[X,0x0000000080001290] -> 0x1F13
mem[X,0x0000000080001292] -> 0x00BF
[1193] [M]: 0x0000000080001290 (0x00BF1F13) slli t5, t5, 0xb
x30 <- 0xFFFFFFFFC9000000

mem[X,0x0000000080001294] -> 0x0F13
mem[X,0x0000000080001296] -> 0x100F
[1194] [M]: 0x0000000080001294 (0x100F0F13) addi t5, t5, 0x100
x30 <- 0xFFFFFFFFC9000100

mem[X,0x0000000080001298] -> 0x1F13
mem[X,0x000000008000129A] -> 0x00BF
[1195] [M]: 0x0000000080001298 (0x00BF1F13) slli t5, t5, 0xb
x30 <- 0xFFFFFE4800080000

mem[X,0x000000008000129C] -> 0x0F13
mem[X,0x000000008000129E] -> 0x000F
[1196] [M]: 0x000000008000129C (0x000F0F13) addi t5, t5, 0x0
x30 <- 0xFFFFFE4800080000

mem[X,0x00000000800012A0] -> 0x1F13
mem[X,0x00000000800012A2] -> 0x00AF
[1197] [M]: 0x00000000800012A0 (0x00AF1F13) slli t5, t5, 0xa
x30 <- 0xFFF9200020000000

mem[X,0x00000000800012A4] -> 0x0F13
mem[X,0x00000000800012A6] -> 0x100F
[1198] [M]: 0x00000000800012A4 (0x100F0F13) addi t5, t5, 0x100
x30 <- 0xFFF9200020000100

mem[X,0x00000000800012A8] -> 0xEEB7
mem[X,0x00000000800012AA] -> 0x0080
[1199] [M]: 0x00000000800012A8 (0x0080EEB7) lui t4, 0x80e
x29 <- 0x000000000080E000

clint::tick mtime <- 0x000000000000000C
 clint timer pending at mtime 0x000000000000000C
htif::tick 0x0000000000000000
mem[X,0x00000000800012AC] -> 0x8E93
mem[X,0x00000000800012AE] -> 0xFFFE
[1200] [M]: 0x00000000800012AC (0xFFFE8E93) addi t4, t4, -0x1
x29 <- 0x000000000080DFFF

mem[X,0x00000000800012B0] -> 0x9E93
mem[X,0x00000000800012B2] -> 0x00BE
[1201] [M]: 0x00000000800012B0 (0x00BE9E93) slli t4, t4, 0xb
x29 <- 0x0000000406FFF800

mem[X,0x00000000800012B4] -> 0x8E93
mem[X,0x00000000800012B6] -> 0x000E
[1202] [M]: 0x00000000800012B4 (0x000E8E93) addi t4, t4, 0x0
x29 <- 0x0000000406FFF800

mem[X,0x00000000800012B8] -> 0x9E93
mem[X,0x00000000800012BA] -> 0x00BE
[1203] [M]: 0x00000000800012B8 (0x00BE9E93) slli t4, t4, 0xb
x29 <- 0x00002037FFC00000

mem[X,0x00000000800012BC] -> 0x8E93
mem[X,0x00000000800012BE] -> 0x095E
[1204] [M]: 0x00000000800012BC (0x095E8E93) addi t4, t4, 0x95
x29 <- 0x00002037FFC00095

mem[X,0x00000000800012C0] -> 0x9E93
mem[X,0x00000000800012C2] -> 0x00AE
[1205] [M]: 0x00000000800012C0 (0x00AE9E93) slli t4, t4, 0xa
x29 <- 0x0080DFFF00025400

mem[X,0x00000000800012C4] -> 0x8E93
mem[X,0x00000000800012C6] -> 0x155E
[1206] [M]: 0x00000000800012C4 (0x155E8E93) addi t4, t4, 0x155
x29 <- 0x0080DFFF00025555

mem[X,0x00000000800012C8] -> 0x7FBB
mem[X,0x00000000800012CA] -> 0xD5DF
[1207] [M]: 0x00000000800012C8 (0xD5DF7FBB) pmulqr.h t6, t5, t4
x31 <- 0x0000F800000100AB

mem[X,0x00000000800012CC] -> 0xB423
mem[X,0x00000000800012CE] -> 0x0FF0
[1208] [M]: 0x00000000800012CC (0x0FF0B423) sd t6, 0xe8(ra)
mem[0x00000000800042F8] <- 0x0000F800000100AB

mem[X,0x00000000800012D0] -> 0x0F37
mem[X,0x00000000800012D2] -> 0xFFFB
[1209] [M]: 0x00000000800012D0 (0xFFFB0F37) lui t5, -0x50
x30 <- 0xFFFFFFFFFFFB0000

mem[X,0x00000000800012D4] -> 0x0F13
mem[X,0x00000000800012D6] -> 0x002F
[1210] [M]: 0x00000000800012D4 (0x002F0F13) addi t5, t5, 0x2
x30 <- 0xFFFFFFFFFFFB0002

mem[X,0x00000000800012D8] -> 0x1F13
mem[X,0x00000000800012DA] -> 0x00BF
[1211] [M]: 0x00000000800012D8 (0x00BF1F13) slli t5, t5, 0xb
x30 <- 0xFFFFFFFFD8001000

mem[X,0x00000000800012DC] -> 0x0F13
mem[X,0x00000000800012DE] -> 0x7FFF
[1212] [M]: 0x00000000800012DC (0x7FFF0F13) addi t5, t5, 0x7ff
x30 <- 0xFFFFFFFFD80017FF

mem[X,0x00000000800012E0] -> 0x1F13
mem[X,0x00000000800012E2] -> 0x00BF
[1213] [M]: 0x00000000800012E0 (0x00BF1F13) slli t5, t5, 0xb
x30 <- 0xFFFFFEC000BFF800

mem[X,0x00000000800012E4] -> 0x0F13
mem[X,0x00000000800012E6] -> 0x640F
[1214] [M]: 0x00000000800012E4 (0x640F0F13) addi t5, t5, 0x640
x30 <- 0xFFFFFEC000BFFE40

mem[X,0x00000000800012E8] -> 0x1F13
mem[X,0x00000000800012EA] -> 0x00AF
[1215] [M]: 0x00000000800012E8 (0x00AF1F13) slli t5, t5, 0xa
x30 <- 0xFFFB0002FFF90000

mem[X,0x00000000800012EC] -> 0x0F13
mem[X,0x00000000800012EE] -> 0x005F
[1216] [M]: 0x00000000800012EC (0x005F0F13) addi t5, t5, 0x5
x30 <- 0xFFFB0002FFF90005

mem[X,0x00000000800012F0] -> 0x0EB7
mem[X,0x00000000800012F2] -> 0xFFFC
[1217] [M]: 0x00000000800012F0 (0xFFFC0EB7) lui t4, -0x40
x29 <- 0xFFFFFFFFFFFC0000

mem[X,0x00000000800012F4] -> 0x8E93
mem[X,0x00000000800012F6] -> 0x080E
[1218] [M]: 0x00000000800012F4 (0x080E8E93) addi t4, t4, 0x80
x29 <- 0xFFFFFFFFFFFC0080

mem[X,0x00000000800012F8] -> 0x9E93
mem[X,0x00000000800012FA] -> 0x00BE
[1219] [M]: 0x00000000800012F8 (0x00BE9E93) slli t4, t4, 0xb
x29 <- 0xFFFFFFFFE0040000

mem[X,0x00000000800012FC] -> 0x8E93
mem[X,0x00000000800012FE] -> 0x000E
[1220] [M]: 0x00000000800012FC (0x000E8E93) addi t4, t4, 0x0
x29 <- 0xFFFFFFFFE0040000

mem[X,0x0000000080001300] -> 0x9E93
mem[X,0x0000000080001302] -> 0x00BE
[1221] [M]: 0x0000000080001300 (0x00BE9E93) slli t4, t4, 0xb
x29 <- 0xFFFFFF0020000000

mem[X,0x0000000080001304] -> 0x8E93
mem[X,0x0000000080001306] -> 0x0F0E
[1222] [M]: 0x0000000080001304 (0x0F0E8E93) addi t4, t4, 0xf0
x29 <- 0xFFFFFF00200000F0

mem[X,0x0000000080001308] -> 0x9E93
mem[X,0x000000008000130A] -> 0x00AE
[1223] [M]: 0x0000000080001308 (0x00AE9E93) slli t4, t4, 0xa
x29 <- 0xFFFC00800003C000

mem[X,0x000000008000130C] -> 0x7FBB
mem[X,0x000000008000130E] -> 0xD5DF
[1224] [M]: 0x000000008000130C (0xD5DF7FBB) pmulqr.h t6, t5, t4
x31 <- 0x000000000000FFFE

mem[X,0x0000000080001310] -> 0xB823
mem[X,0x0000000080001312] -> 0x0FF0
[1225] [M]: 0x0000000080001310 (0x0FF0B823) sd t6, 0xf0(ra)
mem[0x0000000080004300] <- 0x000000000000FFFE

mem[X,0x0000000080001314] -> 0x0F37
mem[X,0x0000000080001316] -> 0xFEFF
[1226] [M]: 0x0000000080001314 (0xFEFF0F37) lui t5, -0x1010
x30 <- 0xFFFFFFFFFEFF0000

mem[X,0x0000000080001318] -> 0x0F13
mem[X,0x000000008000131A] -> 0x006F
[1227] [M]: 0x0000000080001318 (0x006F0F13) addi t5, t5, 0x6
x30 <- 0xFFFFFFFFFEFF0006

mem[X,0x000000008000131C] -> 0x1F13
mem[X,0x000000008000131E] -> 0x00BF
[1228] [M]: 0x000000008000131C (0x00BF1F13) slli t5, t5, 0xb
x30 <- 0xFFFFFFF7F8003000

mem[X,0x0000000080001320] -> 0x0F13
mem[X,0x0000000080001322] -> 0x000F
[1229] [M]: 0x0000000080001320 (0x000F0F13) addi t5, t5, 0x0
x30 <- 0xFFFFFFF7F8003000

mem[X,0x0000000080001324] -> 0x1F13
mem[X,0x0000000080001326] -> 0x00BF
[1230] [M]: 0x0000000080001324 (0x00BF1F13) slli t5, t5, 0xb
x30 <- 0xFFFFBFC001800000

mem[X,0x0000000080001328] -> 0x0F13
mem[X,0x000000008000132A] -> 0x17FF
[1231] [M]: 0x0000000080001328 (0x17FF0F13) addi t5, t5, 0x17f
x30 <- 0xFFFFBFC00180017F

mem[X,0x000000008000132C] -> 0x1F13
mem[X,0x000000008000132E] -> 0x00AF
[1232] [M]: 0x000000008000132C (0x00AF1F13) slli t5, t5, 0xa
x30 <- 0xFEFF00060005FC00

mem[X,0x0000000080001330] -> 0x0F13
mem[X,0x0000000080001332] -> 0x3FDF
[1233] [M]: 0x0000000080001330 (0x3FDF0F13) addi t5, t5, 0x3fd
x30 <- 0xFEFF00060005FFFD

mem[X,0x0000000080001334] -> 0x5EB7
mem[X,0x0000000080001336] -> 0x0000
[1234] [M]: 0x0000000080001334 (0x00005EB7) lui t4, 0x5
x29 <- 0x0000000000005000

mem[X,0x0000000080001338] -> 0x8E93
mem[X,0x000000008000133A] -> 0x555E
[1235] [M]: 0x0000000080001338 (0x555E8E93) addi t4, t4, 0x555
x29 <- 0x0000000000005555

mem[X,0x000000008000133C] -> 0x9E93
mem[X,0x000000008000133E] -> 0x00BE
[1236] [M]: 0x000000008000133C (0x00BE9E93) slli t4, t4, 0xb
x29 <- 0x0000000002AAA800

mem[X,0x0000000080001340] -> 0x8E93
mem[X,0x0000000080001342] -> 0x7EFE
[1237] [M]: 0x0000000080001340 (0x7EFE8E93) addi t4, t4, 0x7ef
x29 <- 0x0000000002AAAFEF

mem[X,0x0000000080001344] -> 0x9E93
mem[X,0x0000000080001346] -> 0x00BE
[1238] [M]: 0x0000000080001344 (0x00BE9E93) slli t4, t4, 0xb
x29 <- 0x00000015557F7800

mem[X,0x0000000080001348] -> 0x8E93
mem[X,0x000000008000134A] -> 0x7C0E
[1239] [M]: 0x0000000080001348 (0x7C0E8E93) addi t4, t4, 0x7c0
x29 <- 0x00000015557F7FC0

mem[X,0x000000008000134C] -> 0x9E93
mem[X,0x000000008000134E] -> 0x00AE
[1240] [M]: 0x000000008000134C (0x00AE9E93) slli t4, t4, 0xa
x29 <- 0x00005555FDFF0000

mem[X,0x0000000080001350] -> 0x8E93
mem[X,0x0000000080001352] -> 0x003E
[1241] [M]: 0x0000000080001350 (0x003E8E93) addi t4, t4, 0x3
x29 <- 0x00005555FDFF0003

mem[X,0x0000000080001354] -> 0x7FBB
mem[X,0x0000000080001356] -> 0xD5DF
[1242] [M]: 0x0000000080001354 (0xD5DF7FBB) pmulqr.h t6, t5, t4
x31 <- 0x0000000400000000

mem[X,0x0000000080001358] -> 0xBC23
mem[X,0x000000008000135A] -> 0x0FF0
[1243] [M]: 0x0000000080001358 (0x0FF0BC23) sd t6, 0xf8(ra)
mem[0x0000000080004308] <- 0x0000000400000000

mem[X,0x000000008000135C] -> 0x0F37
mem[X,0x000000008000135E] -> 0x5555
[1244] [M]: 0x000000008000135C (0x55550F37) lui t5, 0x55550
x30 <- 0x0000000055550000

mem[X,0x0000000080001360] -> 0x0F13
mem[X,0x0000000080001362] -> 0x020F
[1245] [M]: 0x0000000080001360 (0x020F0F13) addi t5, t5, 0x20
x30 <- 0x0000000055550020

mem[X,0x0000000080001364] -> 0x1F13
mem[X,0x0000000080001366] -> 0x00BF
[1246] [M]: 0x0000000080001364 (0x00BF1F13) slli t5, t5, 0xb
x30 <- 0x000002AAA8010000

mem[X,0x0000000080001368] -> 0x0F13
mem[X,0x000000008000136A] -> 0x400F
[1247] [M]: 0x0000000080001368 (0x400F0F13) addi t5, t5, 0x400
x30 <- 0x000002AAA8010400

mem[X,0x000000008000136C] -> 0x1F13
mem[X,0x000000008000136E] -> 0x00BF
[1248] [M]: 0x000000008000136C (0x00BF1F13) slli t5, t5, 0xb
x30 <- 0x0015554008200000

mem[X,0x0000000080001370] -> 0x0F13
mem[X,0x0000000080001372] -> 0x03FF
[1249] [M]: 0x0000000080001370 (0x03FF0F13) addi t5, t5, 0x3f
x30 <- 0x001555400820003F

mem[X,0x0000000080001374] -> 0x1F13
mem[X,0x0000000080001376] -> 0x00AF
[1250] [M]: 0x0000000080001374 (0x00AF1F13) slli t5, t5, 0xa
x30 <- 0x555500208000FC00

mem[X,0x0000000080001378] -> 0x0F13
mem[X,0x000000008000137A] -> 0x1FFF
[1251] [M]: 0x0000000080001378 (0x1FFF0F13) addi t5, t5, 0x1ff
x30 <- 0x555500208000FDFF

mem[X,0x000000008000137C] -> 0x0EB7
mem[X,0x000000008000137E] -> 0x000A
[1252] [M]: 0x000000008000137C (0x000A0EB7) lui t4, 0xa0
x29 <- 0x00000000000A0000

mem[X,0x0000000080001380] -> 0x8E93
mem[X,0x0000000080001382] -> 0xFEFE
[1253] [M]: 0x0000000080001380 (0xFEFE8E93) addi t4, t4, -0x11
x29 <- 0x000000000009FFEF

mem[X,0x0000000080001384] -> 0x9E93
mem[X,0x0000000080001386] -> 0x00BE
[1254] [M]: 0x0000000080001384 (0x00BE9E93) slli t4, t4, 0xb
x29 <- 0x000000004FFF7800

mem[X,0x0000000080001388] -> 0x8E93
mem[X,0x000000008000138A] -> 0x400E
[1255] [M]: 0x0000000080001388 (0x400E8E93) addi t4, t4, 0x400
x29 <- 0x000000004FFF7C00

mem[X,0x000000008000138C] -> 0x9E93
mem[X,0x000000008000138E] -> 0x00BE
[1256] [M]: 0x000000008000138C (0x00BE9E93) slli t4, t4, 0xb
x29 <- 0x0000027FFBE00000

mem[X,0x0000000080001390] -> 0x8E93
mem[X,0x0000000080001392] -> 0x008E
[1257] [M]: 0x0000000080001390 (0x008E8E93) addi t4, t4, 0x8
x29 <- 0x0000027FFBE00008

mem[X,0x0000000080001394] -> 0x9E93
mem[X,0x0000000080001396] -> 0x00AE
[1258] [M]: 0x0000000080001394 (0x00AE9E93) slli t4, t4, 0xa
x29 <- 0x0009FFEF80002000

mem[X,0x0000000080001398] -> 0x7FBB
mem[X,0x000000008000139A] -> 0xD5DF
[1259] [M]: 0x0000000080001398 (0xD5DF7FBB) pmulqr.h t6, t5, t4
x31 <- 0x000600008000FF80

mem[X,0x000000008000139C] -> 0xB023
mem[X,0x000000008000139E] -> 0x11F0
[1260] [M]: 0x000000008000139C (0x11F0B023) sd t6, 0x100(ra)
mem[0x0000000080004310] <- 0x000600008000FF80

mem[X,0x00000000800013A0] -> 0x0F37
mem[X,0x00000000800013A2] -> 0x0080
[1261] [M]: 0x00000000800013A0 (0x00800F37) lui t5, 0x800
x30 <- 0x0000000000800000

mem[X,0x00000000800013A4] -> 0x0F13
mem[X,0x00000000800013A6] -> 0x080F
[1262] [M]: 0x00000000800013A4 (0x080F0F13) addi t5, t5, 0x80
x30 <- 0x0000000000800080

mem[X,0x00000000800013A8] -> 0x1F13
mem[X,0x00000000800013AA] -> 0x00BF
[1263] [M]: 0x00000000800013A8 (0x00BF1F13) slli t5, t5, 0xb
x30 <- 0x0000000400040000

mem[X,0x00000000800013AC] -> 0x0F13
mem[X,0x00000000800013AE] -> 0x5FFF
[1264] [M]: 0x00000000800013AC (0x5FFF0F13) addi t5, t5, 0x5ff
x30 <- 0x00000004000405FF

mem[X,0x00000000800013B0] -> 0x1F13
mem[X,0x00000000800013B2] -> 0x00BF
[1265] [M]: 0x00000000800013B0 (0x00BF1F13) slli t5, t5, 0xb
x30 <- 0x00002000202FF800

mem[X,0x00000000800013B4] -> 0x0F13
mem[X,0x00000000800013B6] -> 0x7FFF
[1266] [M]: 0x00000000800013B4 (0x7FFF0F13) addi t5, t5, 0x7ff
x30 <- 0x00002000202FFFFF

mem[X,0x00000000800013B8] -> 0x1F13
mem[X,0x00000000800013BA] -> 0x00AF
[1267] [M]: 0x00000000800013B8 (0x00AF1F13) slli t5, t5, 0xa
x30 <- 0x00800080BFFFFC00

mem[X,0x00000000800013BC] -> 0x0F13
mem[X,0x00000000800013BE] -> 0x3F9F
[1268] [M]: 0x00000000800013BC (0x3F9F0F13) addi t5, t5, 0x3f9
x30 <- 0x00800080BFFFFFF9

mem[X,0x00000000800013C0] -> 0x0EB7
mem[X,0x00000000800013C2] -> 0x0021
[1269] [M]: 0x00000000800013C0 (0x00210EB7) lui t4, 0x210
x29 <- 0x0000000000210000

mem[X,0x00000000800013C4] -> 0x8E93
mem[X,0x00000000800013C6] -> 0xFF7E
[1270] [M]: 0x00000000800013C4 (0xFF7E8E93) addi t4, t4, -0x9
x29 <- 0x000000000020FFF7

mem[X,0x00000000800013C8] -> 0x9E93
mem[X,0x00000000800013CA] -> 0x00BE
[1271] [M]: 0x00000000800013C8 (0x00BE9E93) slli t4, t4, 0xb
x29 <- 0x0000000107FFB800

mem[X,0x00000000800013CC] -> 0x8E93
mem[X,0x00000000800013CE] -> 0x080E
[1272] [M]: 0x00000000800013CC (0x080E8E93) addi t4, t4, 0x80
x29 <- 0x0000000107FFB880

mem[X,0x00000000800013D0] -> 0x9E93
mem[X,0x00000000800013D2] -> 0x00BE
[1273] [M]: 0x00000000800013D0 (0x00BE9E93) slli t4, t4, 0xb
x29 <- 0x0000083FFDC40000

mem[X,0x00000000800013D4] -> 0x8E93
mem[X,0x00000000800013D6] -> 0x020E
[1274] [M]: 0x00000000800013D4 (0x020E8E93) addi t4, t4, 0x20
x29 <- 0x0000083FFDC40020

mem[X,0x00000000800013D8] -> 0x9E93
mem[X,0x00000000800013DA] -> 0x00AE
[1275] [M]: 0x00000000800013D8 (0x00AE9E93) slli t4, t4, 0xa
x29 <- 0x0020FFF710008000

mem[X,0x00000000800013DC] -> 0x7FBB
mem[X,0x00000000800013DE] -> 0xD5DF
[1276] [M]: 0x00000000800013DC (0xD5DF7FBB) pmulqr.h t6, t5, t4
x31 <- 0x00000000F8000007

mem[X,0x00000000800013E0] -> 0xB423
mem[X,0x00000000800013E2] -> 0x11F0
[1277] [M]: 0x00000000800013E0 (0x11F0B423) sd t6, 0x108(ra)
mem[0x0000000080004318] <- 0x00000000F8000007

mem[X,0x00000000800013E4] -> 0x0F37
mem[X,0x00000000800013E6] -> 0x0003
[1278] [M]: 0x00000000800013E4 (0x00030F37) lui t5, 0x30
x30 <- 0x0000000000030000

mem[X,0x00000000800013E8] -> 0x0F13
mem[X,0x00000000800013EA] -> 0xFFAF
[1279] [M]: 0x00000000800013E8 (0xFFAF0F13) addi t5, t5, -0x6
x30 <- 0x000000000002FFFA

mem[X,0x00000000800013EC] -> 0x1F13
mem[X,0x00000000800013EE] -> 0x00BF
[1280] [M]: 0x00000000800013EC (0x00BF1F13) slli t5, t5, 0xb
x30 <- 0x0000000017FFD000

mem[X,0x00000000800013F0] -> 0x0F13
mem[X,0x00000000800013F2] -> 0x7FFF
[1281] [M]: 0x00000000800013F0 (0x7FFF0F13) addi t5, t5, 0x7ff
x30 <- 0x0000000017FFD7FF

mem[X,0x00000000800013F4] -> 0x1F13
mem[X,0x00000000800013F6] -> 0x00BF
[1282] [M]: 0x00000000800013F4 (0x00BF1F13) slli t5, t5, 0xb
x30 <- 0x000000BFFEBFF800

mem[X,0x00000000800013F8] -> 0x0F13
mem[X,0x00000000800013FA] -> 0x780F
[1283] [M]: 0x00000000800013F8 (0x780F0F13) addi t5, t5, 0x780
x30 <- 0x000000BFFEBFFF80

mem[X,0x00000000800013FC] -> 0x1F13
mem[X,0x00000000800013FE] -> 0x00AF
[1284] [M]: 0x00000000800013FC (0x00AF1F13) slli t5, t5, 0xa
x30 <- 0x0002FFFAFFFE0000

mem[X,0x0000000080001400] -> 0x0F13
mem[X,0x0000000080001402] -> 0x003F
[1285] [M]: 0x0000000080001400 (0x003F0F13) addi t5, t5, 0x3
x30 <- 0x0002FFFAFFFE0003

mem[X,0x0000000080001404] -> 0x0EB7
mem[X,0x0000000080001406] -> 0x0003
[1286] [M]: 0x0000000080001404 (0x00030EB7) lui t4, 0x30
x29 <- 0x0000000000030000

mem[X,0x0000000080001408] -> 0x8E93
mem[X,0x000000008000140A] -> 0xFFBE
[1287] [M]: 0x0000000080001408 (0xFFBE8E93) addi t4, t4, -0x5
x29 <- 0x000000000002FFFB

mem[X,0x000000008000140C] -> 0x9E93
mem[X,0x000000008000140E] -> 0x00BE
[1288] [M]: 0x000000008000140C (0x00BE9E93) slli t4, t4, 0xb
x29 <- 0x0000000017FFD800

mem[X,0x0000000080001410] -> 0x8E93
mem[X,0x0000000080001412] -> 0x000E
[1289] [M]: 0x0000000080001410 (0x000E8E93) addi t4, t4, 0x0
x29 <- 0x0000000017FFD800

mem[X,0x0000000080001414] -> 0x9E93
mem[X,0x0000000080001416] -> 0x00BE
[1290] [M]: 0x0000000080001414 (0x00BE9E93) slli t4, t4, 0xb
x29 <- 0x000000BFFEC00000

mem[X,0x0000000080001418] -> 0x8E93
mem[X,0x000000008000141A] -> 0x43FE
[1291] [M]: 0x0000000080001418 (0x43FE8E93) addi t4, t4, 0x43f
x29 <- 0x000000BFFEC0043F

mem[X,0x000000008000141C] -> 0x9E93
mem[X,0x000000008000141E] -> 0x00AE
[1292] [M]: 0x000000008000141C (0x00AE9E93) slli t4, t4, 0xa
x29 <- 0x0002FFFB0010FC00

mem[X,0x0000000080001420] -> 0x8E93
mem[X,0x0000000080001422] -> 0x3FFE
[1293] [M]: 0x0000000080001420 (0x3FFE8E93) addi t4, t4, 0x3ff
x29 <- 0x0002FFFB0010FFFF

mem[X,0x0000000080001424] -> 0x7FBB
mem[X,0x0000000080001426] -> 0xD5DF
[1294] [M]: 0x0000000080001424 (0xD5DF7FBB) pmulqr.h t6, t5, t4
x31 <- 0x0000000000000000

mem[X,0x0000000080001428] -> 0xB823
mem[X,0x000000008000142A] -> 0x11F0
[1295] [M]: 0x0000000080001428 (0x11F0B823) sd t6, 0x110(ra)
mem[0x0000000080004320] <- 0x0000000000000000

mem[X,0x000000008000142C] -> 0x0F37
mem[X,0x000000008000142E] -> 0xFFFA
[1296] [M]: 0x000000008000142C (0xFFFA0F37) lui t5, -0x60
x30 <- 0xFFFFFFFFFFFA0000

mem[X,0x0000000080001430] -> 0x0F13
mem[X,0x0000000080001432] -> 0xFFDF
[1297] [M]: 0x0000000080001430 (0xFFDF0F13) addi t5, t5, -0x3
x30 <- 0xFFFFFFFFFFF9FFFD

mem[X,0x0000000080001434] -> 0x1F13
mem[X,0x0000000080001436] -> 0x00BF
[1298] [M]: 0x0000000080001434 (0x00BF1F13) slli t5, t5, 0xb
x30 <- 0xFFFFFFFFCFFFE800

mem[X,0x0000000080001438] -> 0x0F13
mem[X,0x000000008000143A] -> 0x7F7F
[1299] [M]: 0x0000000080001438 (0x7F7F0F13) addi t5, t5, 0x7f7
x30 <- 0xFFFFFFFFCFFFEFF7

clint::tick mtime <- 0x000000000000000D
 clint timer pending at mtime 0x000000000000000D
htif::tick 0x0000000000000000
mem[X,0x000000008000143C] -> 0x1F13
mem[X,0x000000008000143E] -> 0x00BF
[1300] [M]: 0x000000008000143C (0x00BF1F13) slli t5, t5, 0xb
x30 <- 0xFFFFFE7FFF7FB800

mem[X,0x0000000080001440] -> 0x0F13
mem[X,0x0000000080001442] -> 0x7CFF
[1301] [M]: 0x0000000080001440 (0x7CFF0F13) addi t5, t5, 0x7cf
x30 <- 0xFFFFFE7FFF7FBFCF

mem[X,0x0000000080001444] -> 0x1F13
mem[X,0x0000000080001446] -> 0x00AF
[1302] [M]: 0x0000000080001444 (0x00AF1F13) slli t5, t5, 0xa
x30 <- 0xFFF9FFFDFEFF3C00

mem[X,0x0000000080001448] -> 0x0F13
mem[X,0x000000008000144A] -> 0x3FFF
[1303] [M]: 0x0000000080001448 (0x3FFF0F13) addi t5, t5, 0x3ff
x30 <- 0xFFF9FFFDFEFF3FFF

mem[X,0x000000008000144C] -> 0x0EB7
mem[X,0x000000008000144E] -> 0xFF7F
[1304] [M]: 0x000000008000144C (0xFF7F0EB7) lui t4, -0x810
x29 <- 0xFFFFFFFFFF7F0000

mem[X,0x0000000080001450] -> 0x8E93
mem[X,0x0000000080001452] -> 0x001E
[1305] [M]: 0x0000000080001450 (0x001E8E93) addi t4, t4, 0x1
x29 <- 0xFFFFFFFFFF7F0001

mem[X,0x0000000080001454] -> 0x9E93
mem[X,0x0000000080001456] -> 0x00BE
[1306] [M]: 0x0000000080001454 (0x00BE9E93) slli t4, t4, 0xb
x29 <- 0xFFFFFFFBF8000800

mem[X,0x0000000080001458] -> 0x8E93
mem[X,0x000000008000145A] -> 0x100E
[1307] [M]: 0x0000000080001458 (0x100E8E93) addi t4, t4, 0x100
x29 <- 0xFFFFFFFBF8000900

mem[X,0x000000008000145C] -> 0x9E93
mem[X,0x000000008000145E] -> 0x00BE
[1308] [M]: 0x000000008000145C (0x00BE9E93) slli t4, t4, 0xb
x29 <- 0xFFFFDFC000480000

mem[X,0x0000000080001460] -> 0x8E93
mem[X,0x0000000080001462] -> 0x000E
[1309] [M]: 0x0000000080001460 (0x000E8E93) addi t4, t4, 0x0
x29 <- 0xFFFFDFC000480000

mem[X,0x0000000080001464] -> 0x9E93
mem[X,0x0000000080001466] -> 0x00AE
[1310] [M]: 0x0000000080001464 (0x00AE9E93) slli t4, t4, 0xa
x29 <- 0xFF7F000120000000

mem[X,0x0000000080001468] -> 0x8E93
mem[X,0x000000008000146A] -> 0x002E
[1311] [M]: 0x0000000080001468 (0x002E8E93) addi t4, t4, 0x2
x29 <- 0xFF7F000120000002

mem[X,0x000000008000146C] -> 0x7FBB
mem[X,0x000000008000146E] -> 0xD5DF
[1312] [M]: 0x000000008000146C (0xD5DF7FBB) pmulqr.h t6, t5, t4
x31 <- 0x00000000FFC00001

mem[X,0x0000000080001470] -> 0xBC23
mem[X,0x0000000080001472] -> 0x11F0
[1313] [M]: 0x0000000080001470 (0x11F0BC23) sd t6, 0x118(ra)
mem[0x0000000080004328] <- 0x00000000FFC00001

mem[X,0x0000000080001474] -> 0x0F37
mem[X,0x0000000080001476] -> 0x8001
[1314] [M]: 0x0000000080001474 (0x80010F37) lui t5, -0x7fff0
x30 <- 0xFFFFFFFF80010000

mem[X,0x0000000080001478] -> 0x0F13
mem[X,0x000000008000147A] -> 0xFFFF
[1315] [M]: 0x0000000080001478 (0xFFFF0F13) addi t5, t5, -0x1
x30 <- 0xFFFFFFFF8000FFFF

mem[X,0x000000008000147C] -> 0x1F13
mem[X,0x000000008000147E] -> 0x00BF
[1316] [M]: 0x000000008000147C (0x00BF1F13) slli t5, t5, 0xb
x30 <- 0xFFFFFC0007FFF800

mem[X,0x0000000080001480] -> 0x0F13
mem[X,0x0000000080001482] -> 0x5FFF
[1317] [M]: 0x0000000080001480 (0x5FFF0F13) addi t5, t5, 0x5ff
x30 <- 0xFFFFFC0007FFFDFF

mem[X,0x0000000080001484] -> 0x1F13
mem[X,0x0000000080001486] -> 0x00BF
[1318] [M]: 0x0000000080001484 (0x00BF1F13) slli t5, t5, 0xb
x30 <- 0xFFE0003FFFEFF800

mem[X,0x0000000080001488] -> 0x0F13
mem[X,0x000000008000148A] -> 0x7FFF
[1319] [M]: 0x0000000080001488 (0x7FFF0F13) addi t5, t5, 0x7ff
x30 <- 0xFFE0003FFFEFFFFF

mem[X,0x000000008000148C] -> 0x1F13
mem[X,0x000000008000148E] -> 0x00AF
[1320] [M]: 0x000000008000148C (0x00AF1F13) slli t5, t5, 0xa
x30 <- 0x8000FFFFBFFFFC00

mem[X,0x0000000080001490] -> 0x0F13
mem[X,0x0000000080001492] -> 0x3F7F
[1321] [M]: 0x0000000080001490 (0x3F7F0F13) addi t5, t5, 0x3f7
x30 <- 0x8000FFFFBFFFFFF7

mem[X,0x0000000080001494] -> 0x0EB7
mem[X,0x0000000080001496] -> 0xC000
[1322] [M]: 0x0000000080001494 (0xC0000EB7) lui t4, -0x40000
x29 <- 0xFFFFFFFFC0000000

mem[X,0x0000000080001498] -> 0x8E93
mem[X,0x000000008000149A] -> 0x009E
[1323] [M]: 0x0000000080001498 (0x009E8E93) addi t4, t4, 0x9
x29 <- 0xFFFFFFFFC0000009

mem[X,0x000000008000149C] -> 0x9E93
mem[X,0x000000008000149E] -> 0x00BE
[1324] [M]: 0x000000008000149C (0x00BE9E93) slli t4, t4, 0xb
x29 <- 0xFFFFFE0000004800

mem[X,0x00000000800014A0] -> 0x8E93
mem[X,0x00000000800014A2] -> 0x000E
[1325] [M]: 0x00000000800014A0 (0x000E8E93) addi t4, t4, 0x0
x29 <- 0xFFFFFE0000004800

mem[X,0x00000000800014A4] -> 0x9E93
mem[X,0x00000000800014A6] -> 0x00BE
[1326] [M]: 0x00000000800014A4 (0x00BE9E93) slli t4, t4, 0xb
x29 <- 0xFFF0000002400000

mem[X,0x00000000800014A8] -> 0x8E93
mem[X,0x00000000800014AA] -> 0x23FE
[1327] [M]: 0x00000000800014A8 (0x23FE8E93) addi t4, t4, 0x23f
x29 <- 0xFFF000000240023F

mem[X,0x00000000800014AC] -> 0x9E93
mem[X,0x00000000800014AE] -> 0x00AE
[1328] [M]: 0x00000000800014AC (0x00AE9E93) slli t4, t4, 0xa
x29 <- 0xC00000090008FC00

mem[X,0x00000000800014B0] -> 0x8E93
mem[X,0x00000000800014B2] -> 0x3FEE
[1329] [M]: 0x00000000800014B0 (0x3FEE8E93) addi t4, t4, 0x3fe
x29 <- 0xC00000090008FFFE

mem[X,0x00000000800014B4] -> 0x7FBB
mem[X,0x00000000800014B6] -> 0xD5DF
[1330] [M]: 0x00000000800014B4 (0xD5DF7FBB) pmulqr.h t6, t5, t4
x31 <- 0x40000000FFFC0000

mem[X,0x00000000800014B8] -> 0xB023
mem[X,0x00000000800014BA] -> 0x13F0
[1331] [M]: 0x00000000800014B8 (0x13F0B023) sd t6, 0x120(ra)
mem[0x0000000080004330] <- 0x40000000FFFC0000

mem[X,0x00000000800014BC] -> 0x0F37
mem[X,0x00000000800014BE] -> 0x0008
[1332] [M]: 0x00000000800014BC (0x00080F37) lui t5, 0x80
x30 <- 0x0000000000080000

mem[X,0x00000000800014C0] -> 0x0F13
mem[X,0x00000000800014C2] -> 0x000F
[1333] [M]: 0x00000000800014C0 (0x000F0F13) addi t5, t5, 0x0
x30 <- 0x0000000000080000

mem[X,0x00000000800014C4] -> 0x1F13
mem[X,0x00000000800014C6] -> 0x00BF
[1334] [M]: 0x00000000800014C4 (0x00BF1F13) slli t5, t5, 0xb
x30 <- 0x0000000040000000

mem[X,0x00000000800014C8] -> 0x0F13
mem[X,0x00000000800014CA] -> 0x000F
[1335] [M]: 0x00000000800014C8 (0x000F0F13) addi t5, t5, 0x0
x30 <- 0x0000000040000000

mem[X,0x00000000800014CC] -> 0x1F13
mem[X,0x00000000800014CE] -> 0x00BF
[1336] [M]: 0x00000000800014CC (0x00BF1F13) slli t5, t5, 0xb
x30 <- 0x0000020000000000

mem[X,0x00000000800014D0] -> 0x0F13
mem[X,0x00000000800014D2] -> 0x155F
[1337] [M]: 0x00000000800014D0 (0x155F0F13) addi t5, t5, 0x155
x30 <- 0x0000020000000155

mem[X,0x00000000800014D4] -> 0x1F13
mem[X,0x00000000800014D6] -> 0x00AF
[1338] [M]: 0x00000000800014D4 (0x00AF1F13) slli t5, t5, 0xa
x30 <- 0x0008000000055400

mem[X,0x00000000800014D8] -> 0x0F13
mem[X,0x00000000800014DA] -> 0x155F
[1339] [M]: 0x00000000800014D8 (0x155F0F13) addi t5, t5, 0x155
x30 <- 0x0008000000055555

mem[X,0x00000000800014DC] -> 0x0EB7
mem[X,0x00000000800014DE] -> 0x0011
[1340] [M]: 0x00000000800014DC (0x00110EB7) lui t4, 0x110
x29 <- 0x0000000000110000

mem[X,0x00000000800014E0] -> 0x8E93
mem[X,0x00000000800014E2] -> 0xFFCE
[1341] [M]: 0x00000000800014E0 (0xFFCE8E93) addi t4, t4, -0x4
x29 <- 0x000000000010FFFC

mem[X,0x00000000800014E4] -> 0x9E93
mem[X,0x00000000800014E6] -> 0x00BE
[1342] [M]: 0x00000000800014E4 (0x00BE9E93) slli t4, t4, 0xb
x29 <- 0x0000000087FFE000

mem[X,0x00000000800014E8] -> 0x8E93
mem[X,0x00000000800014EA] -> 0x1FFE
[1343] [M]: 0x00000000800014E8 (0x1FFE8E93) addi t4, t4, 0x1ff
x29 <- 0x0000000087FFE1FF

mem[X,0x00000000800014EC] -> 0x9E93
mem[X,0x00000000800014EE] -> 0x00BE
[1344] [M]: 0x00000000800014EC (0x00BE9E93) slli t4, t4, 0xb
x29 <- 0x0000043FFF0FF800

mem[X,0x00000000800014F0] -> 0x8E93
mem[X,0x00000000800014F2] -> 0x7FFE
[1345] [M]: 0x00000000800014F0 (0x7FFE8E93) addi t4, t4, 0x7ff
x29 <- 0x0000043FFF0FFFFF

mem[X,0x00000000800014F4] -> 0x9E93
mem[X,0x00000000800014F6] -> 0x00AE
[1346] [M]: 0x00000000800014F4 (0x00AE9E93) slli t4, t4, 0xa
x29 <- 0x0010FFFC3FFFFC00

mem[X,0x00000000800014F8] -> 0x8E93
mem[X,0x00000000800014FA] -> 0x3FDE
[1347] [M]: 0x00000000800014F8 (0x3FDE8E93) addi t4, t4, 0x3fd
x29 <- 0x0010FFFC3FFFFFFD

mem[X,0x00000000800014FC] -> 0x7FBB
mem[X,0x00000000800014FE] -> 0xD5DF
[1348] [M]: 0x00000000800014FC (0xD5DF7FBB) pmulqr.h t6, t5, t4
x31 <- 0x000000000002FFFE

mem[X,0x0000000080001500] -> 0xB423
mem[X,0x0000000080001502] -> 0x13F0
[1349] [M]: 0x0000000080001500 (0x13F0B423) sd t6, 0x128(ra)
mem[0x0000000080004338] <- 0x000000000002FFFE

mem[X,0x0000000080001504] -> 0x0F37
mem[X,0x0000000080001506] -> 0x0004
[1350] [M]: 0x0000000080001504 (0x00040F37) lui t5, 0x40
x30 <- 0x0000000000040000

mem[X,0x0000000080001508] -> 0x0F13
mem[X,0x000000008000150A] -> 0xEFFF
[1351] [M]: 0x0000000080001508 (0xEFFF0F13) addi t5, t5, -0x101
x30 <- 0x000000000003FEFF

mem[X,0x000000008000150C] -> 0x1F13
mem[X,0x000000008000150E] -> 0x00BF
[1352] [M]: 0x000000008000150C (0x00BF1F13) slli t5, t5, 0xb
x30 <- 0x000000001FF7F800

mem[X,0x0000000080001510] -> 0x0F13
mem[X,0x0000000080001512] -> 0x040F
[1353] [M]: 0x0000000080001510 (0x040F0F13) addi t5, t5, 0x40
x30 <- 0x000000001FF7F840

mem[X,0x0000000080001514] -> 0x1F13
mem[X,0x0000000080001516] -> 0x00BF
[1354] [M]: 0x0000000080001514 (0x00BF1F13) slli t5, t5, 0xb
x30 <- 0x000000FFBFC20000

mem[X,0x0000000080001518] -> 0x0F13
mem[X,0x000000008000151A] -> 0x03FF
[1355] [M]: 0x0000000080001518 (0x03FF0F13) addi t5, t5, 0x3f
x30 <- 0x000000FFBFC2003F

mem[X,0x000000008000151C] -> 0x1F13
mem[X,0x000000008000151E] -> 0x00AF
[1356] [M]: 0x000000008000151C (0x00AF1F13) slli t5, t5, 0xa
x30 <- 0x0003FEFF0800FC00

mem[X,0x0000000080001520] -> 0x0F13
mem[X,0x0000000080001522] -> 0x3FEF
[1357] [M]: 0x0000000080001520 (0x3FEF0F13) addi t5, t5, 0x3fe
x30 <- 0x0003FEFF0800FFFE

mem[X,0x0000000080001524] -> 0x0EB7
mem[X,0x0000000080001526] -> 0x1001
[1358] [M]: 0x0000000080001524 (0x10010EB7) lui t4, 0x10010
x29 <- 0x0000000010010000

mem[X,0x0000000080001528] -> 0x8E93
mem[X,0x000000008000152A] -> 0xFF9E
[1359] [M]: 0x0000000080001528 (0xFF9E8E93) addi t4, t4, -0x7
x29 <- 0x000000001000FFF9

mem[X,0x000000008000152C] -> 0x9E93
mem[X,0x000000008000152E] -> 0x00BE
[1360] [M]: 0x000000008000152C (0x00BE9E93) slli t4, t4, 0xb
x29 <- 0x0000008007FFC800

mem[X,0x0000000080001530] -> 0x8E93
mem[X,0x0000000080001532] -> 0x000E
[1361] [M]: 0x0000000080001530 (0x000E8E93) addi t4, t4, 0x0
x29 <- 0x0000008007FFC800

mem[X,0x0000000080001534] -> 0x9E93
mem[X,0x0000000080001536] -> 0x00BE
[1362] [M]: 0x0000000080001534 (0x00BE9E93) slli t4, t4, 0xb
x29 <- 0x0004003FFE400000

mem[X,0x0000000080001538] -> 0x8E93
mem[X,0x000000008000153A] -> 0x13FE
[1363] [M]: 0x0000000080001538 (0x13FE8E93) addi t4, t4, 0x13f
x29 <- 0x0004003FFE40013F

mem[X,0x000000008000153C] -> 0x9E93
mem[X,0x000000008000153E] -> 0x00AE
[1364] [M]: 0x000000008000153C (0x00AE9E93) slli t4, t4, 0xa
x29 <- 0x1000FFF90004FC00

mem[X,0x0000000080001540] -> 0x8E93
mem[X,0x0000000080001542] -> 0x3FBE
[1365] [M]: 0x0000000080001540 (0x3FBE8E93) addi t4, t4, 0x3fb
x29 <- 0x1000FFF90004FFFB

mem[X,0x0000000080001544] -> 0x7FBB
mem[X,0x0000000080001546] -> 0xD5DF
[1366] [M]: 0x0000000080001544 (0xD5DF7FBB) pmulqr.h t6, t5, t4
x31 <- 0x0000000000000000

mem[X,0x0000000080001548] -> 0xB823
mem[X,0x000000008000154A] -> 0x13F0
[1367] [M]: 0x0000000080001548 (0x13F0B823) sd t6, 0x130(ra)
mem[0x0000000080004340] <- 0x0000000000000000

mem[X,0x000000008000154C] -> 0x0F37
mem[X,0x000000008000154E] -> 0x0010
[1368] [M]: 0x000000008000154C (0x00100F37) lui t5, 0x100
x30 <- 0x0000000000100000

mem[X,0x0000000080001550] -> 0x0F13
mem[X,0x0000000080001552] -> 0x040F
[1369] [M]: 0x0000000080001550 (0x040F0F13) addi t5, t5, 0x40
x30 <- 0x0000000000100040

mem[X,0x0000000080001554] -> 0x1F13
mem[X,0x0000000080001556] -> 0x00BF
[1370] [M]: 0x0000000080001554 (0x00BF1F13) slli t5, t5, 0xb
x30 <- 0x0000000080020000

mem[X,0x0000000080001558] -> 0x0F13
mem[X,0x000000008000155A] -> 0x7FFF
[1371] [M]: 0x0000000080001558 (0x7FFF0F13) addi t5, t5, 0x7ff
x30 <- 0x00000000800207FF

mem[X,0x000000008000155C] -> 0x1F13
mem[X,0x000000008000155E] -> 0x00BF
[1372] [M]: 0x000000008000155C (0x00BF1F13) slli t5, t5, 0xb
x30 <- 0x00000400103FF800

mem[X,0x0000000080001560] -> 0x0F13
mem[X,0x0000000080001562] -> 0x3D5F
[1373] [M]: 0x0000000080001560 (0x3D5F0F13) addi t5, t5, 0x3d5
x30 <- 0x00000400103FFBD5

mem[X,0x0000000080001564] -> 0x1F13
mem[X,0x0000000080001566] -> 0x00AF
[1374] [M]: 0x0000000080001564 (0x00AF1F13) slli t5, t5, 0xa
x30 <- 0x00100040FFEF5400

mem[X,0x0000000080001568] -> 0x0F13
mem[X,0x000000008000156A] -> 0x155F
[1375] [M]: 0x0000000080001568 (0x155F0F13) addi t5, t5, 0x155
x30 <- 0x00100040FFEF5555

mem[X,0x000000008000156C] -> 0x0EB7
mem[X,0x000000008000156E] -> 0x0007
[1376] [M]: 0x000000008000156C (0x00070EB7) lui t4, 0x70
x29 <- 0x0000000000070000

mem[X,0x0000000080001570] -> 0x8E93
mem[X,0x0000000080001572] -> 0x004E
[1377] [M]: 0x0000000080001570 (0x004E8E93) addi t4, t4, 0x4
x29 <- 0x0000000000070004

mem[X,0x0000000080001574] -> 0x9E93
mem[X,0x0000000080001576] -> 0x00BE
[1378] [M]: 0x0000000080001574 (0x00BE9E93) slli t4, t4, 0xb
x29 <- 0x0000000038002000

mem[X,0x0000000080001578] -> 0x8E93
mem[X,0x000000008000157A] -> 0x5FFE
[1379] [M]: 0x0000000080001578 (0x5FFE8E93) addi t4, t4, 0x5ff
x29 <- 0x00000000380025FF

mem[X,0x000000008000157C] -> 0x9E93
mem[X,0x000000008000157E] -> 0x00BE
[1380] [M]: 0x000000008000157C (0x00BE9E93) slli t4, t4, 0xb
x29 <- 0x000001C0012FF800

mem[X,0x0000000080001580] -> 0x8E93
mem[X,0x0000000080001582] -> 0x7FFE
[1381] [M]: 0x0000000080001580 (0x7FFE8E93) addi t4, t4, 0x7ff
x29 <- 0x000001C0012FFFFF

mem[X,0x0000000080001584] -> 0x9E93
mem[X,0x0000000080001586] -> 0x00AE
[1382] [M]: 0x0000000080001584 (0x00AE9E93) slli t4, t4, 0xa
x29 <- 0x00070004BFFFFC00

mem[X,0x0000000080001588] -> 0x8E93
mem[X,0x000000008000158A] -> 0x1FFE
[1383] [M]: 0x0000000080001588 (0x1FFE8E93) addi t4, t4, 0x1ff
x29 <- 0x00070004BFFFFDFF

mem[X,0x000000008000158C] -> 0x7FBB
mem[X,0x000000008000158E] -> 0xD5DF
[1384] [M]: 0x000000008000158C (0xD5DF7FBB) pmulqr.h t6, t5, t4
x31 <- 0x000000000009FEAA

mem[X,0x0000000080001590] -> 0xBC23
mem[X,0x0000000080001592] -> 0x13F0
[1385] [M]: 0x0000000080001590 (0x13F0BC23) sd t6, 0x138(ra)
mem[0x0000000080004348] <- 0x000000000009FEAA

mem[X,0x0000000080001594] -> 0x0F37
mem[X,0x0000000080001596] -> 0xFFF9
[1386] [M]: 0x0000000080001594 (0xFFF90F37) lui t5, -0x70
x30 <- 0xFFFFFFFFFFF90000

mem[X,0x0000000080001598] -> 0x0F13
mem[X,0x000000008000159A] -> 0x002F
[1387] [M]: 0x0000000080001598 (0x002F0F13) addi t5, t5, 0x2
x30 <- 0xFFFFFFFFFFF90002

mem[X,0x000000008000159C] -> 0x1F13
mem[X,0x000000008000159E] -> 0x00BF
[1388] [M]: 0x000000008000159C (0x00BF1F13) slli t5, t5, 0xb
x30 <- 0xFFFFFFFFC8001000

mem[X,0x00000000800015A0] -> 0x0F13
mem[X,0x00000000800015A2] -> 0x7EFF
[1389] [M]: 0x00000000800015A0 (0x7EFF0F13) addi t5, t5, 0x7ef
x30 <- 0xFFFFFFFFC80017EF

mem[X,0x00000000800015A4] -> 0x1F13
mem[X,0x00000000800015A6] -> 0x00BF
[1390] [M]: 0x00000000800015A4 (0x00BF1F13) slli t5, t5, 0xb
x30 <- 0xFFFFFE4000BF7800

mem[X,0x00000000800015A8] -> 0x0F13
mem[X,0x00000000800015AA] -> 0x7FFF
[1391] [M]: 0x00000000800015A8 (0x7FFF0F13) addi t5, t5, 0x7ff
x30 <- 0xFFFFFE4000BF7FFF

mem[X,0x00000000800015AC] -> 0x1F13
mem[X,0x00000000800015AE] -> 0x00AF
[1392] [M]: 0x00000000800015AC (0x00AF1F13) slli t5, t5, 0xa
x30 <- 0xFFF90002FDFFFC00

mem[X,0x00000000800015B0] -> 0x0F13
mem[X,0x00000000800015B2] -> 0x3FCF
[1393] [M]: 0x00000000800015B0 (0x3FCF0F13) addi t5, t5, 0x3fc
x30 <- 0xFFF90002FDFFFFFC

mem[X,0x00000000800015B4] -> 0x0EB7
mem[X,0x00000000800015B6] -> 0x0100
[1394] [M]: 0x00000000800015B4 (0x01000EB7) lui t4, 0x1000
x29 <- 0x0000000001000000

mem[X,0x00000000800015B8] -> 0x8E93
mem[X,0x00000000800015BA] -> 0x007E
[1395] [M]: 0x00000000800015B8 (0x007E8E93) addi t4, t4, 0x7
x29 <- 0x0000000001000007

mem[X,0x00000000800015BC] -> 0x9E93
mem[X,0x00000000800015BE] -> 0x00BE
[1396] [M]: 0x00000000800015BC (0x00BE9E93) slli t4, t4, 0xb
x29 <- 0x0000000800003800

mem[X,0x00000000800015C0] -> 0x8E93
mem[X,0x00000000800015C2] -> 0x7FFE
[1397] [M]: 0x00000000800015C0 (0x7FFE8E93) addi t4, t4, 0x7ff
x29 <- 0x0000000800003FFF

mem[X,0x00000000800015C4] -> 0x9E93
mem[X,0x00000000800015C6] -> 0x00BE
[1398] [M]: 0x00000000800015C4 (0x00BE9E93) slli t4, t4, 0xb
x29 <- 0x0000400001FFF800

mem[X,0x00000000800015C8] -> 0x8E93
mem[X,0x00000000800015CA] -> 0x63EE
[1399] [M]: 0x00000000800015C8 (0x63EE8E93) addi t4, t4, 0x63e
x29 <- 0x0000400001FFFE3E

clint::tick mtime <- 0x000000000000000E
 clint timer pending at mtime 0x000000000000000E
htif::tick 0x0000000000000000
mem[X,0x00000000800015CC] -> 0x9E93
mem[X,0x00000000800015CE] -> 0x00AE
[1400] [M]: 0x00000000800015CC (0x00AE9E93) slli t4, t4, 0xa
x29 <- 0x01000007FFF8F800

mem[X,0x00000000800015D0] -> 0x8E93
mem[X,0x00000000800015D2] -> 0x3FFE
[1401] [M]: 0x00000000800015D0 (0x3FFE8E93) addi t4, t4, 0x3ff
x29 <- 0x01000007FFF8FBFF

mem[X,0x00000000800015D4] -> 0x7FBB
mem[X,0x00000000800015D6] -> 0xD5DF
[1402] [M]: 0x00000000800015D4 (0xD5DF7FBB) pmulqr.h t6, t5, t4
x31 <- 0x0000000000000000

mem[X,0x00000000800015D8] -> 0xB023
mem[X,0x00000000800015DA] -> 0x15F0
[1403] [M]: 0x00000000800015D8 (0x15F0B023) sd t6, 0x140(ra)
mem[0x0000000080004350] <- 0x0000000000000000

mem[X,0x00000000800015DC] -> 0x0F37
mem[X,0x00000000800015DE] -> 0x0010
[1404] [M]: 0x00000000800015DC (0x00100F37) lui t5, 0x100
x30 <- 0x0000000000100000

mem[X,0x00000000800015E0] -> 0x0F13
mem[X,0x00000000800015E2] -> 0x003F
[1405] [M]: 0x00000000800015E0 (0x003F0F13) addi t5, t5, 0x3
x30 <- 0x0000000000100003

mem[X,0x00000000800015E4] -> 0x1F13
mem[X,0x00000000800015E6] -> 0x00BF
[1406] [M]: 0x00000000800015E4 (0x00BF1F13) slli t5, t5, 0xb
x30 <- 0x0000000080001800

mem[X,0x00000000800015E8] -> 0x0F13
mem[X,0x00000000800015EA] -> 0x2AAF
[1407] [M]: 0x00000000800015E8 (0x2AAF0F13) addi t5, t5, 0x2aa
x30 <- 0x0000000080001AAA

mem[X,0x00000000800015EC] -> 0x1F13
mem[X,0x00000000800015EE] -> 0x00BF
[1408] [M]: 0x00000000800015EC (0x00BF1F13) slli t5, t5, 0xb
x30 <- 0x0000040000D55000

mem[X,0x00000000800015F0] -> 0x0F13
mem[X,0x00000000800015F2] -> 0x57FF
[1409] [M]: 0x00000000800015F0 (0x57FF0F13) addi t5, t5, 0x57f
x30 <- 0x0000040000D5557F

mem[X,0x00000000800015F4] -> 0x1F13
mem[X,0x00000000800015F6] -> 0x00AF
[1410] [M]: 0x00000000800015F4 (0x00AF1F13) slli t5, t5, 0xa
x30 <- 0x001000035555FC00

mem[X,0x00000000800015F8] -> 0x0F13
mem[X,0x00000000800015FA] -> 0x37FF
[1411] [M]: 0x00000000800015F8 (0x37FF0F13) addi t5, t5, 0x37f
x30 <- 0x001000035555FF7F

mem[X,0x00000000800015FC] -> 0x0EB7
mem[X,0x00000000800015FE] -> 0xAAAB
[1412] [M]: 0x00000000800015FC (0xAAAB0EB7) lui t4, -0x55550
x29 <- 0xFFFFFFFFAAAB0000

mem[X,0x0000000080001600] -> 0x8E93
mem[X,0x0000000080001602] -> 0xFFBE
[1413] [M]: 0x0000000080001600 (0xFFBE8E93) addi t4, t4, -0x5
x29 <- 0xFFFFFFFFAAAAFFFB

mem[X,0x0000000080001604] -> 0x9E93
mem[X,0x0000000080001606] -> 0x00BE
[1414] [M]: 0x0000000080001604 (0x00BE9E93) slli t4, t4, 0xb
x29 <- 0xFFFFFD5557FFD800

mem[X,0x0000000080001608] -> 0x8E93
mem[X,0x000000008000160A] -> 0x004E
[1415] [M]: 0x0000000080001608 (0x004E8E93) addi t4, t4, 0x4
x29 <- 0xFFFFFD5557FFD804

mem[X,0x000000008000160C] -> 0x9E93
mem[X,0x000000008000160E] -> 0x00BE
[1416] [M]: 0x000000008000160C (0x00BE9E93) slli t4, t4, 0xb
x29 <- 0xFFEAAABFFEC02000

mem[X,0x0000000080001610] -> 0x8E93
mem[X,0x0000000080001612] -> 0x02AE
[1417] [M]: 0x0000000080001610 (0x02AE8E93) addi t4, t4, 0x2a
x29 <- 0xFFEAAABFFEC0202A

mem[X,0x0000000080001614] -> 0x9E93
mem[X,0x0000000080001616] -> 0x00AE
[1418] [M]: 0x0000000080001614 (0x00AE9E93) slli t4, t4, 0xa
x29 <- 0xAAAAFFFB0080A800

mem[X,0x0000000080001618] -> 0x8E93
mem[X,0x000000008000161A] -> 0x2AAE
[1419] [M]: 0x0000000080001618 (0x2AAE8E93) addi t4, t4, 0x2aa
x29 <- 0xAAAAFFFB0080AAAA

mem[X,0x000000008000161C] -> 0x7FBB
mem[X,0x000000008000161E] -> 0xD5DF
[1420] [M]: 0x000000008000161C (0xD5DF7FBB) pmulqr.h t6, t5, t4
x31 <- 0xFFF5000000550056

mem[X,0x0000000080001620] -> 0xB423
mem[X,0x0000000080001622] -> 0x15F0
[1421] [M]: 0x0000000080001620 (0x15F0B423) sd t6, 0x148(ra)
mem[0x0000000080004358] <- 0xFFF5000000550056

mem[X,0x0000000080001624] -> 0x0F37
mem[X,0x0000000080001626] -> 0xFFF8
[1422] [M]: 0x0000000080001624 (0xFFF80F37) lui t5, -0x80
x30 <- 0xFFFFFFFFFFF80000

mem[X,0x0000000080001628] -> 0x0F13
mem[X,0x000000008000162A] -> 0xFFCF
[1423] [M]: 0x0000000080001628 (0xFFCF0F13) addi t5, t5, -0x4
x30 <- 0xFFFFFFFFFFF7FFFC

mem[X,0x000000008000162C] -> 0x1F13
mem[X,0x000000008000162E] -> 0x00BF
[1424] [M]: 0x000000008000162C (0x00BF1F13) slli t5, t5, 0xb
x30 <- 0xFFFFFFFFBFFFE000

mem[X,0x0000000080001630] -> 0x0F13
mem[X,0x0000000080001632] -> 0x7FFF
[1425] [M]: 0x0000000080001630 (0x7FFF0F13) addi t5, t5, 0x7ff
x30 <- 0xFFFFFFFFBFFFE7FF

mem[X,0x0000000080001634] -> 0x1F13
mem[X,0x0000000080001636] -> 0x00BF
[1426] [M]: 0x0000000080001634 (0x00BF1F13) slli t5, t5, 0xb
x30 <- 0xFFFFFDFFFF3FF800

mem[X,0x0000000080001638] -> 0x0F13
mem[X,0x000000008000163A] -> 0x77FF
[1427] [M]: 0x0000000080001638 (0x77FF0F13) addi t5, t5, 0x77f
x30 <- 0xFFFFFDFFFF3FFF7F

mem[X,0x000000008000163C] -> 0x1F13
mem[X,0x000000008000163E] -> 0x00AF
[1428] [M]: 0x000000008000163C (0x00AF1F13) slli t5, t5, 0xa
x30 <- 0xFFF7FFFCFFFDFC00

mem[X,0x0000000080001640] -> 0x0F13
mem[X,0x0000000080001642] -> 0x3FEF
[1429] [M]: 0x0000000080001640 (0x3FEF0F13) addi t5, t5, 0x3fe
x30 <- 0xFFF7FFFCFFFDFFFE

mem[X,0x0000000080001644] -> 0x0EB7
mem[X,0x0000000080001646] -> 0x0400
[1430] [M]: 0x0000000080001644 (0x04000EB7) lui t4, 0x4000
x29 <- 0x0000000004000000

mem[X,0x0000000080001648] -> 0x8E93
mem[X,0x000000008000164A] -> 0x000E
[1431] [M]: 0x0000000080001648 (0x000E8E93) addi t4, t4, 0x0
x29 <- 0x0000000004000000

mem[X,0x000000008000164C] -> 0x9E93
mem[X,0x000000008000164E] -> 0x00BE
[1432] [M]: 0x000000008000164C (0x00BE9E93) slli t4, t4, 0xb
x29 <- 0x0000002000000000

mem[X,0x0000000080001650] -> 0x8E93
mem[X,0x0000000080001652] -> 0x7FFE
[1433] [M]: 0x0000000080001650 (0x7FFE8E93) addi t4, t4, 0x7ff
x29 <- 0x00000020000007FF

mem[X,0x0000000080001654] -> 0x9E93
mem[X,0x0000000080001656] -> 0x00BE
[1434] [M]: 0x0000000080001654 (0x00BE9E93) slli t4, t4, 0xb
x29 <- 0x00010000003FF800

mem[X,0x0000000080001658] -> 0x8E93
mem[X,0x000000008000165A] -> 0x6BFE
[1435] [M]: 0x0000000080001658 (0x6BFE8E93) addi t4, t4, 0x6bf
x29 <- 0x00010000003FFEBF

mem[X,0x000000008000165C] -> 0x9E93
mem[X,0x000000008000165E] -> 0x00AE
[1436] [M]: 0x000000008000165C (0x00AE9E93) slli t4, t4, 0xa
x29 <- 0x04000000FFFAFC00

mem[X,0x0000000080001660] -> 0x8E93
mem[X,0x0000000080001662] -> 0x2FFE
[1437] [M]: 0x0000000080001660 (0x2FFE8E93) addi t4, t4, 0x2ff
x29 <- 0x04000000FFFAFEFF

mem[X,0x0000000080001664] -> 0x7FBB
mem[X,0x0000000080001666] -> 0xD5DF
[1438] [M]: 0x0000000080001664 (0xD5DF7FBB) pmulqr.h t6, t5, t4
x31 <- 0x0000000000000000

mem[X,0x0000000080001668] -> 0xB823
mem[X,0x000000008000166A] -> 0x15F0
[1439] [M]: 0x0000000080001668 (0x15F0B823) sd t6, 0x150(ra)
mem[0x0000000080004360] <- 0x0000000000000000

mem[X,0x000000008000166C] -> 0x1F37
mem[X,0x000000008000166E] -> 0xFFFB
[1440] [M]: 0x000000008000166C (0xFFFB1F37) lui t5, -0x4f
x30 <- 0xFFFFFFFFFFFB1000

mem[X,0x0000000080001670] -> 0x0F13
mem[X,0x0000000080001672] -> 0x800F
[1441] [M]: 0x0000000080001670 (0x800F0F13) addi t5, t5, -0x800
x30 <- 0xFFFFFFFFFFFB0800

mem[X,0x0000000080001674] -> 0x1F13
mem[X,0x0000000080001676] -> 0x00BF
[1442] [M]: 0x0000000080001674 (0x00BF1F13) slli t5, t5, 0xb
x30 <- 0xFFFFFFFFD8400000

mem[X,0x0000000080001678] -> 0x0F13
mem[X,0x000000008000167A] -> 0x7FEF
[1443] [M]: 0x0000000080001678 (0x7FEF0F13) addi t5, t5, 0x7fe
x30 <- 0xFFFFFFFFD84007FE

mem[X,0x000000008000167C] -> 0x1F13
mem[X,0x000000008000167E] -> 0x00BF
[1444] [M]: 0x000000008000167C (0x00BF1F13) slli t5, t5, 0xb
x30 <- 0xFFFFFEC2003FF000

mem[X,0x0000000080001680] -> 0x0F13
mem[X,0x0000000080001682] -> 0x7FDF
[1445] [M]: 0x0000000080001680 (0x7FDF0F13) addi t5, t5, 0x7fd
x30 <- 0xFFFFFEC2003FF7FD

mem[X,0x0000000080001684] -> 0x1F13
mem[X,0x0000000080001686] -> 0x00AF
[1446] [M]: 0x0000000080001684 (0x00AF1F13) slli t5, t5, 0xa
x30 <- 0xFFFB0800FFDFF400

mem[X,0x0000000080001688] -> 0x0F13
mem[X,0x000000008000168A] -> 0x3FFF
[1447] [M]: 0x0000000080001688 (0x3FFF0F13) addi t5, t5, 0x3ff
x30 <- 0xFFFB0800FFDFF7FF

mem[X,0x000000008000168C] -> 0xBEB7
mem[X,0x000000008000168E] -> 0xFFDF
[1448] [M]: 0x000000008000168C (0xFFDFBEB7) lui t4, -0x205
x29 <- 0xFFFFFFFFFFDFB000

mem[X,0x0000000080001690] -> 0x8E93
mem[X,0x0000000080001692] -> 0xAAAE
[1449] [M]: 0x0000000080001690 (0xAAAE8E93) addi t4, t4, -0x556
x29 <- 0xFFFFFFFFFFDFAAAA

mem[X,0x0000000080001694] -> 0x9E93
mem[X,0x0000000080001696] -> 0x00BE
[1450] [M]: 0x0000000080001694 (0x00BE9E93) slli t4, t4, 0xb
x29 <- 0xFFFFFFFEFD555000

mem[X,0x0000000080001698] -> 0x8E93
mem[X,0x000000008000169A] -> 0x000E
[1451] [M]: 0x0000000080001698 (0x000E8E93) addi t4, t4, 0x0
x29 <- 0xFFFFFFFEFD555000

mem[X,0x000000008000169C] -> 0x9E93
mem[X,0x000000008000169E] -> 0x00BE
[1452] [M]: 0x000000008000169C (0x00BE9E93) slli t4, t4, 0xb
x29 <- 0xFFFFF7EAAA800000

mem[X,0x00000000800016A0] -> 0x8E93
mem[X,0x00000000800016A2] -> 0x100E
[1453] [M]: 0x00000000800016A0 (0x100E8E93) addi t4, t4, 0x100
x29 <- 0xFFFFF7EAAA800100

mem[X,0x00000000800016A4] -> 0x9E93
mem[X,0x00000000800016A6] -> 0x00AE
[1454] [M]: 0x00000000800016A4 (0x00AE9E93) slli t4, t4, 0xa
x29 <- 0xFFDFAAAA00040000

mem[X,0x00000000800016A8] -> 0x8E93
mem[X,0x00000000800016AA] -> 0x100E
[1455] [M]: 0x00000000800016A8 (0x100E8E93) addi t4, t4, 0x100
x29 <- 0xFFDFAAAA00040100

mem[X,0x00000000800016AC] -> 0x7FBB
mem[X,0x00000000800016AE] -> 0xD5DF
[1456] [M]: 0x00000000800016AC (0xD5DF7FBB) pmulqr.h t6, t5, t4
x31 <- 0x0000FAAB0000FFF0

mem[X,0x00000000800016B0] -> 0xBC23
mem[X,0x00000000800016B2] -> 0x15F0
[1457] [M]: 0x00000000800016B0 (0x15F0BC23) sd t6, 0x158(ra)
mem[0x0000000080004368] <- 0x0000FAAB0000FFF0

mem[X,0x00000000800016B4] -> 0x0F37
mem[X,0x00000000800016B6] -> 0x0040
[1458] [M]: 0x00000000800016B4 (0x00400F37) lui t5, 0x400
x30 <- 0x0000000000400000

mem[X,0x00000000800016B8] -> 0x0F13
mem[X,0x00000000800016BA] -> 0x080F
[1459] [M]: 0x00000000800016B8 (0x080F0F13) addi t5, t5, 0x80
x30 <- 0x0000000000400080

mem[X,0x00000000800016BC] -> 0x1F13
mem[X,0x00000000800016BE] -> 0x00BF
[1460] [M]: 0x00000000800016BC (0x00BF1F13) slli t5, t5, 0xb
x30 <- 0x0000000200040000

mem[X,0x00000000800016C0] -> 0x0F13
mem[X,0x00000000800016C2] -> 0x7BFF
[1461] [M]: 0x00000000800016C0 (0x7BFF0F13) addi t5, t5, 0x7bf
x30 <- 0x00000002000407BF

mem[X,0x00000000800016C4] -> 0x1F13
mem[X,0x00000000800016C6] -> 0x00BF
[1462] [M]: 0x00000000800016C4 (0x00BF1F13) slli t5, t5, 0xb
x30 <- 0x00001000203DF800

mem[X,0x00000000800016C8] -> 0x0F13
mem[X,0x00000000800016CA] -> 0x7CFF
[1463] [M]: 0x00000000800016C8 (0x7CFF0F13) addi t5, t5, 0x7cf
x30 <- 0x00001000203DFFCF

mem[X,0x00000000800016CC] -> 0x1F13
mem[X,0x00000000800016CE] -> 0x00AF
[1464] [M]: 0x00000000800016CC (0x00AF1F13) slli t5, t5, 0xa
x30 <- 0x00400080F7FF3C00

mem[X,0x00000000800016D0] -> 0x0F13
mem[X,0x00000000800016D2] -> 0x3FFF
[1465] [M]: 0x00000000800016D0 (0x3FFF0F13) addi t5, t5, 0x3ff
x30 <- 0x00400080F7FF3FFF

mem[X,0x00000000800016D4] -> 0x1EB7
mem[X,0x00000000800016D6] -> 0x7FFF
[1466] [M]: 0x00000000800016D4 (0x7FFF1EB7) lui t4, 0x7fff1
x29 <- 0x000000007FFF1000

mem[X,0x00000000800016D8] -> 0x8E93
mem[X,0x00000000800016DA] -> 0x800E
[1467] [M]: 0x00000000800016D8 (0x800E8E93) addi t4, t4, -0x800
x29 <- 0x000000007FFF0800

mem[X,0x00000000800016DC] -> 0x9E93
mem[X,0x00000000800016DE] -> 0x00BE
[1468] [M]: 0x00000000800016DC (0x00BE9E93) slli t4, t4, 0xb
x29 <- 0x000003FFF8400000

mem[X,0x00000000800016E0] -> 0x8E93
mem[X,0x00000000800016E2] -> 0x7FFE
[1469] [M]: 0x00000000800016E0 (0x7FFE8E93) addi t4, t4, 0x7ff
x29 <- 0x000003FFF84007FF

mem[X,0x00000000800016E4] -> 0x9E93
mem[X,0x00000000800016E6] -> 0x00BE
[1470] [M]: 0x00000000800016E4 (0x00BE9E93) slli t4, t4, 0xb
x29 <- 0x001FFFC2003FF800

mem[X,0x00000000800016E8] -> 0x8E93
mem[X,0x00000000800016EA] -> 0x700E
[1471] [M]: 0x00000000800016E8 (0x700E8E93) addi t4, t4, 0x700
x29 <- 0x001FFFC2003FFF00

mem[X,0x00000000800016EC] -> 0x9E93
mem[X,0x00000000800016EE] -> 0x00AE
[1472] [M]: 0x00000000800016EC (0x00AE9E93) slli t4, t4, 0xa
x29 <- 0x7FFF0800FFFC0000

mem[X,0x00000000800016F0] -> 0x8E93
mem[X,0x00000000800016F2] -> 0x002E
[1473] [M]: 0x00000000800016F0 (0x002E8E93) addi t4, t4, 0x2
x29 <- 0x7FFF0800FFFC0002

mem[X,0x00000000800016F4] -> 0x7FBB
mem[X,0x00000000800016F6] -> 0xD5DF
[1474] [M]: 0x00000000800016F4 (0xD5DF7FBB) pmulqr.h t6, t5, t4
x31 <- 0x0040000800000001

mem[X,0x00000000800016F8] -> 0xB023
mem[X,0x00000000800016FA] -> 0x17F0
[1475] [M]: 0x00000000800016F8 (0x17F0B023) sd t6, 0x160(ra)
mem[0x0000000080004370] <- 0x0040000800000001

mem[X,0x00000000800016FC] -> 0x0F37
mem[X,0x00000000800016FE] -> 0x0001
[1476] [M]: 0x00000000800016FC (0x00010F37) lui t5, 0x10
x30 <- 0x0000000000010000

mem[X,0x0000000080001700] -> 0x0F13
mem[X,0x0000000080001702] -> 0xEFFF
[1477] [M]: 0x0000000080001700 (0xEFFF0F13) addi t5, t5, -0x101
x30 <- 0x000000000000FEFF

mem[X,0x0000000080001704] -> 0x1F13
mem[X,0x0000000080001706] -> 0x00BF
[1478] [M]: 0x0000000080001704 (0x00BF1F13) slli t5, t5, 0xb
x30 <- 0x0000000007F7F800

mem[X,0x0000000080001708] -> 0x0F13
mem[X,0x000000008000170A] -> 0x200F
[1479] [M]: 0x0000000080001708 (0x200F0F13) addi t5, t5, 0x200
x30 <- 0x0000000007F7FA00

mem[X,0x000000008000170C] -> 0x1F13
mem[X,0x000000008000170E] -> 0x00BF
[1480] [M]: 0x000000008000170C (0x00BF1F13) slli t5, t5, 0xb
x30 <- 0x0000003FBFD00000

mem[X,0x0000000080001710] -> 0x0F13
mem[X,0x0000000080001712] -> 0x000F
[1481] [M]: 0x0000000080001710 (0x000F0F13) addi t5, t5, 0x0
x30 <- 0x0000003FBFD00000

mem[X,0x0000000080001714] -> 0x1F13
mem[X,0x0000000080001716] -> 0x00AF
[1482] [M]: 0x0000000080001714 (0x00AF1F13) slli t5, t5, 0xa
x30 <- 0x0000FEFF40000000

mem[X,0x0000000080001718] -> 0x0F13
mem[X,0x000000008000171A] -> 0x020F
[1483] [M]: 0x0000000080001718 (0x020F0F13) addi t5, t5, 0x20
x30 <- 0x0000FEFF40000020

mem[X,0x000000008000171C] -> 0x0EB7
mem[X,0x000000008000171E] -> 0x0000
[1484] [M]: 0x000000008000171C (0x00000EB7) lui t4, 0x0
x29 <- 0x0000000000000000

mem[X,0x0000000080001720] -> 0x8E93
mem[X,0x0000000080001722] -> 0x020E
[1485] [M]: 0x0000000080001720 (0x020E8E93) addi t4, t4, 0x20
x29 <- 0x0000000000000020

mem[X,0x0000000080001724] -> 0x9E93
mem[X,0x0000000080001726] -> 0x00BE
[1486] [M]: 0x0000000080001724 (0x00BE9E93) slli t4, t4, 0xb
x29 <- 0x0000000000010000

mem[X,0x0000000080001728] -> 0x8E93
mem[X,0x000000008000172A] -> 0x200E
[1487] [M]: 0x0000000080001728 (0x200E8E93) addi t4, t4, 0x200
x29 <- 0x0000000000010200

mem[X,0x000000008000172C] -> 0x9E93
mem[X,0x000000008000172E] -> 0x00BE
[1488] [M]: 0x000000008000172C (0x00BE9E93) slli t4, t4, 0xb
x29 <- 0x0000000008100000

mem[X,0x0000000080001730] -> 0x8E93
mem[X,0x0000000080001732] -> 0x03FE
[1489] [M]: 0x0000000080001730 (0x03FE8E93) addi t4, t4, 0x3f
x29 <- 0x000000000810003F

mem[X,0x0000000080001734] -> 0x9E93
mem[X,0x0000000080001736] -> 0x00AE
[1490] [M]: 0x0000000080001734 (0x00AE9E93) slli t4, t4, 0xa
x29 <- 0x000000204000FC00

mem[X,0x0000000080001738] -> 0x8E93
mem[X,0x000000008000173A] -> 0x3FFE
[1491] [M]: 0x0000000080001738 (0x3FFE8E93) addi t4, t4, 0x3ff
x29 <- 0x000000204000FFFF

mem[X,0x000000008000173C] -> 0x7FBB
mem[X,0x000000008000173E] -> 0xD5DF
[1492] [M]: 0x000000008000173C (0xD5DF7FBB) pmulqr.h t6, t5, t4
x31 <- 0x0000000020000000

mem[X,0x0000000080001740] -> 0xB423
mem[X,0x0000000080001742] -> 0x17F0
[1493] [M]: 0x0000000080001740 (0x17F0B423) sd t6, 0x168(ra)
mem[0x0000000080004378] <- 0x0000000020000000

mem[X,0x0000000080001744] -> 0xEF37
mem[X,0x0000000080001746] -> 0xFFDF
[1494] [M]: 0x0000000080001744 (0xFFDFEF37) lui t5, -0x202
x30 <- 0xFFFFFFFFFFDFE000

mem[X,0x0000000080001748] -> 0x0F13
mem[X,0x000000008000174A] -> 0xFFFF
[1495] [M]: 0x0000000080001748 (0xFFFF0F13) addi t5, t5, -0x1
x30 <- 0xFFFFFFFFFFDFDFFF

mem[X,0x000000008000174C] -> 0x1F13
mem[X,0x000000008000174E] -> 0x00BF
[1496] [M]: 0x000000008000174C (0x00BF1F13) slli t5, t5, 0xb
x30 <- 0xFFFFFFFEFEFFF800

mem[X,0x0000000080001750] -> 0x0F13
mem[X,0x0000000080001752] -> 0x7FBF
[1497] [M]: 0x0000000080001750 (0x7FBF0F13) addi t5, t5, 0x7fb
x30 <- 0xFFFFFFFEFEFFFFFB

mem[X,0x0000000080001754] -> 0x1F13
mem[X,0x0000000080001756] -> 0x00BF
[1498] [M]: 0x0000000080001754 (0x00BF1F13) slli t5, t5, 0xb
x30 <- 0xFFFFF7F7FFFFD800

mem[X,0x0000000080001758] -> 0x0F13
mem[X,0x000000008000175A] -> 0x7FFF
[1499] [M]: 0x0000000080001758 (0x7FFF0F13) addi t5, t5, 0x7ff
x30 <- 0xFFFFF7F7FFFFDFFF

clint::tick mtime <- 0x000000000000000F
 clint timer pending at mtime 0x000000000000000F
htif::tick 0x0000000000000000
mem[X,0x000000008000175C] -> 0x1F13
mem[X,0x000000008000175E] -> 0x00AF
[1500] [M]: 0x000000008000175C (0x00AF1F13) slli t5, t5, 0xa
x30 <- 0xFFDFDFFFFF7FFC00

mem[X,0x0000000080001760] -> 0x0F13
mem[X,0x0000000080001762] -> 0x3FAF
[1501] [M]: 0x0000000080001760 (0x3FAF0F13) addi t5, t5, 0x3fa
x30 <- 0xFFDFDFFFFF7FFFFA

mem[X,0x0000000080001764] -> 0x0EB7
mem[X,0x0000000080001766] -> 0x0006
[1502] [M]: 0x0000000080001764 (0x00060EB7) lui t4, 0x60
x29 <- 0x0000000000060000

mem[X,0x0000000080001768] -> 0x8E93
mem[X,0x000000008000176A] -> 0xFBFE
[1503] [M]: 0x0000000080001768 (0xFBFE8E93) addi t4, t4, -0x41
x29 <- 0x000000000005FFBF

mem[X,0x000000008000176C] -> 0x9E93
mem[X,0x000000008000176E] -> 0x00BE
[1504] [M]: 0x000000008000176C (0x00BE9E93) slli t4, t4, 0xb
x29 <- 0x000000002FFDF800

mem[X,0x0000000080001770] -> 0x8E93
mem[X,0x0000000080001772] -> 0x7FFE
[1505] [M]: 0x0000000080001770 (0x7FFE8E93) addi t4, t4, 0x7ff
x29 <- 0x000000002FFDFFFF

mem[X,0x0000000080001774] -> 0x9E93
mem[X,0x0000000080001776] -> 0x00BE
[1506] [M]: 0x0000000080001774 (0x00BE9E93) slli t4, t4, 0xb
x29 <- 0x0000017FEFFFF800

mem[X,0x0000000080001778] -> 0x8E93
mem[X,0x000000008000177A] -> 0x7BFE
[1507] [M]: 0x0000000080001778 (0x7BFE8E93) addi t4, t4, 0x7bf
x29 <- 0x0000017FEFFFFFBF

mem[X,0x000000008000177C] -> 0x9E93
mem[X,0x000000008000177E] -> 0x00AE
[1508] [M]: 0x000000008000177C (0x00AE9E93) slli t4, t4, 0xa
x29 <- 0x0005FFBFFFFEFC00

mem[X,0x0000000080001780] -> 0x8E93
mem[X,0x0000000080001782] -> 0x3FCE
[1509] [M]: 0x0000000080001780 (0x3FCE8E93) addi t4, t4, 0x3fc
x29 <- 0x0005FFBFFFFEFFFC

mem[X,0x0000000080001784] -> 0x7FBB
mem[X,0x0000000080001786] -> 0xD5DF
[1510] [M]: 0x0000000080001784 (0xD5DF7FBB) pmulqr.h t6, t5, t4
x31 <- 0x0000001000000000

mem[X,0x0000000080001788] -> 0xB823
mem[X,0x000000008000178A] -> 0x17F0
[1511] [M]: 0x0000000080001788 (0x17F0B823) sd t6, 0x170(ra)
mem[0x0000000080004380] <- 0x0000001000000000

mem[X,0x000000008000178C] -> 0x0F37
mem[X,0x000000008000178E] -> 0xFC00
[1512] [M]: 0x000000008000178C (0xFC000F37) lui t5, -0x4000
x30 <- 0xFFFFFFFFFC000000

mem[X,0x0000000080001790] -> 0x0F13
mem[X,0x0000000080001792] -> 0xFF6F
[1513] [M]: 0x0000000080001790 (0xFF6F0F13) addi t5, t5, -0xa
x30 <- 0xFFFFFFFFFBFFFFF6

mem[X,0x0000000080001794] -> 0x1F13
mem[X,0x0000000080001796] -> 0x00BF
[1514] [M]: 0x0000000080001794 (0x00BF1F13) slli t5, t5, 0xb
x30 <- 0xFFFFFFDFFFFFB000

mem[X,0x0000000080001798] -> 0x0F13
mem[X,0x000000008000179A] -> 0x000F
[1515] [M]: 0x0000000080001798 (0x000F0F13) addi t5, t5, 0x0
x30 <- 0xFFFFFFDFFFFFB000

mem[X,0x000000008000179C] -> 0x1F13
mem[X,0x000000008000179E] -> 0x00BF
[1516] [M]: 0x000000008000179C (0x00BF1F13) slli t5, t5, 0xb
x30 <- 0xFFFEFFFFFD800000

mem[X,0x00000000800017A0] -> 0x0F13
mem[X,0x00000000800017A2] -> 0x1BFF
[1517] [M]: 0x00000000800017A0 (0x1BFF0F13) addi t5, t5, 0x1bf
x30 <- 0xFFFEFFFFFD8001BF

mem[X,0x00000000800017A4] -> 0x1F13
mem[X,0x00000000800017A6] -> 0x00AF
[1518] [M]: 0x00000000800017A4 (0x00AF1F13) slli t5, t5, 0xa
x30 <- 0xFBFFFFF60006FC00

mem[X,0x00000000800017A8] -> 0x0F13
mem[X,0x00000000800017AA] -> 0x3FFF
[1519] [M]: 0x00000000800017A8 (0x3FFF0F13) addi t5, t5, 0x3ff
x30 <- 0xFBFFFFF60006FFFF

mem[X,0x00000000800017AC] -> 0x0EB7
mem[X,0x00000000800017AE] -> 0x0201
[1520] [M]: 0x00000000800017AC (0x02010EB7) lui t4, 0x2010
x29 <- 0x0000000002010000

mem[X,0x00000000800017B0] -> 0x8E93
mem[X,0x00000000800017B2] -> 0xFBFE
[1521] [M]: 0x00000000800017B0 (0xFBFE8E93) addi t4, t4, -0x41
x29 <- 0x000000000200FFBF

mem[X,0x00000000800017B4] -> 0x9E93
mem[X,0x00000000800017B6] -> 0x00BE
[1522] [M]: 0x00000000800017B4 (0x00BE9E93) slli t4, t4, 0xb
x29 <- 0x0000001007FDF800

mem[X,0x00000000800017B8] -> 0x8E93
mem[X,0x00000000800017BA] -> 0x7FFE
[1523] [M]: 0x00000000800017B8 (0x7FFE8E93) addi t4, t4, 0x7ff
x29 <- 0x0000001007FDFFFF

mem[X,0x00000000800017BC] -> 0x9E93
mem[X,0x00000000800017BE] -> 0x00BE
[1524] [M]: 0x00000000800017BC (0x00BE9E93) slli t4, t4, 0xb
x29 <- 0x0000803FEFFFF800

mem[X,0x00000000800017C0] -> 0x8E93
mem[X,0x00000000800017C2] -> 0x76AE
[1525] [M]: 0x00000000800017C0 (0x76AE8E93) addi t4, t4, 0x76a
x29 <- 0x0000803FEFFFFF6A

mem[X,0x00000000800017C4] -> 0x9E93
mem[X,0x00000000800017C6] -> 0x00AE
[1526] [M]: 0x00000000800017C4 (0x00AE9E93) slli t4, t4, 0xa
x29 <- 0x0200FFBFFFFDA800

mem[X,0x00000000800017C8] -> 0x8E93
mem[X,0x00000000800017CA] -> 0x2AAE
[1527] [M]: 0x00000000800017C8 (0x2AAE8E93) addi t4, t4, 0x2aa
x29 <- 0x0200FFBFFFFDAAAA

mem[X,0x00000000800017CC] -> 0x7FBB
mem[X,0x00000000800017CE] -> 0xD5DF
[1528] [M]: 0x00000000800017CC (0xD5DF7FBB) pmulqr.h t6, t5, t4
x31 <- 0xFFF0000000000001

mem[X,0x00000000800017D0] -> 0xBC23
mem[X,0x00000000800017D2] -> 0x17F0
[1529] [M]: 0x00000000800017D0 (0x17F0BC23) sd t6, 0x178(ra)
mem[0x0000000080004388] <- 0xFFF0000000000001

mem[X,0x00000000800017D4] -> 0x5F37
mem[X,0x00000000800017D6] -> 0x0010
[1530] [M]: 0x00000000800017D4 (0x00105F37) lui t5, 0x105
x30 <- 0x0000000000105000

mem[X,0x00000000800017D8] -> 0x0F13
mem[X,0x00000000800017DA] -> 0x555F
[1531] [M]: 0x00000000800017D8 (0x555F0F13) addi t5, t5, 0x555
x30 <- 0x0000000000105555

mem[X,0x00000000800017DC] -> 0x1F13
mem[X,0x00000000800017DE] -> 0x00BF
[1532] [M]: 0x00000000800017DC (0x00BF1F13) slli t5, t5, 0xb
x30 <- 0x0000000082AAA800

mem[X,0x00000000800017E0] -> 0x0F13
mem[X,0x00000000800017E2] -> 0x7FFF
[1533] [M]: 0x00000000800017E0 (0x7FFF0F13) addi t5, t5, 0x7ff
x30 <- 0x0000000082AAAFFF

mem[X,0x00000000800017E4] -> 0x1F13
mem[X,0x00000000800017E6] -> 0x00BF
[1534] [M]: 0x00000000800017E4 (0x00BF1F13) slli t5, t5, 0xb
x30 <- 0x00000415557FF800

mem[X,0x00000000800017E8] -> 0x0F13
mem[X,0x00000000800017EA] -> 0x5BFF
[1535] [M]: 0x00000000800017E8 (0x5BFF0F13) addi t5, t5, 0x5bf
x30 <- 0x00000415557FFDBF

mem[X,0x00000000800017EC] -> 0x1F13
mem[X,0x00000000800017EE] -> 0x00AF
[1536] [M]: 0x00000000800017EC (0x00AF1F13) slli t5, t5, 0xa
x30 <- 0x00105555FFF6FC00

mem[X,0x00000000800017F0] -> 0x0F13
mem[X,0x00000000800017F2] -> 0x3F9F
[1537] [M]: 0x00000000800017F0 (0x3F9F0F13) addi t5, t5, 0x3f9
x30 <- 0x00105555FFF6FFF9

mem[X,0x00000000800017F4] -> 0xFEB7
mem[X,0x00000000800017F6] -> 0xBFFF
[1538] [M]: 0x00000000800017F4 (0xBFFFFEB7) lui t4, -0x40001
x29 <- 0xFFFFFFFFBFFFF000

mem[X,0x00000000800017F8] -> 0x8E93
mem[X,0x00000000800017FA] -> 0x7FFE
[1539] [M]: 0x00000000800017F8 (0x7FFE8E93) addi t4, t4, 0x7ff
x29 <- 0xFFFFFFFFBFFFF7FF

mem[X,0x00000000800017FC] -> 0x9E93
mem[X,0x00000000800017FE] -> 0x00BE
[1540] [M]: 0x00000000800017FC (0x00BE9E93) slli t4, t4, 0xb
x29 <- 0xFFFFFDFFFFBFF800

mem[X,0x0000000080001800] -> 0x8E93
mem[X,0x0000000080001802] -> 0x7FFE
[1541] [M]: 0x0000000080001800 (0x7FFE8E93) addi t4, t4, 0x7ff
x29 <- 0xFFFFFDFFFFBFFFFF

mem[X,0x0000000080001804] -> 0x9E93
mem[X,0x0000000080001806] -> 0x00BE
[1542] [M]: 0x0000000080001804 (0x00BE9E93) slli t4, t4, 0xb
x29 <- 0xFFEFFFFDFFFFF800

mem[X,0x0000000080001808] -> 0x8E93
mem[X,0x000000008000180A] -> 0x6FFE
[1543] [M]: 0x0000000080001808 (0x6FFE8E93) addi t4, t4, 0x6ff
x29 <- 0xFFEFFFFDFFFFFEFF

mem[X,0x000000008000180C] -> 0x9E93
mem[X,0x000000008000180E] -> 0x00AE
[1544] [M]: 0x000000008000180C (0x00AE9E93) slli t4, t4, 0xa
x29 <- 0xBFFFF7FFFFFBFC00

mem[X,0x0000000080001810] -> 0x8E93
mem[X,0x0000000080001812] -> 0x3BFE
[1545] [M]: 0x0000000080001810 (0x3BFE8E93) addi t4, t4, 0x3bf
x29 <- 0xBFFFF7FFFFFBFFBF

mem[X,0x0000000080001814] -> 0x7FBB
mem[X,0x0000000080001816] -> 0xD5DF
[1546] [M]: 0x0000000080001814 (0xD5DF7FBB) pmulqr.h t6, t5, t4
x31 <- 0xFFF8FAAA00000000

mem[X,0x0000000080001818] -> 0xB023
mem[X,0x000000008000181A] -> 0x19F0
[1547] [M]: 0x0000000080001818 (0x19F0B023) sd t6, 0x180(ra)
mem[0x0000000080004390] <- 0xFFF8FAAA00000000

mem[X,0x000000008000181C] -> 0x0F37
mem[X,0x000000008000181E] -> 0xBFFF
[1548] [M]: 0x000000008000181C (0xBFFF0F37) lui t5, -0x40010
x30 <- 0xFFFFFFFFBFFF0000

mem[X,0x0000000080001820] -> 0x0F13
mem[X,0x0000000080001822] -> 0x001F
[1549] [M]: 0x0000000080001820 (0x001F0F13) addi t5, t5, 0x1
x30 <- 0xFFFFFFFFBFFF0001

mem[X,0x0000000080001824] -> 0x1F13
mem[X,0x0000000080001826] -> 0x00BF
[1550] [M]: 0x0000000080001824 (0x00BF1F13) slli t5, t5, 0xb
x30 <- 0xFFFFFDFFF8000800

mem[X,0x0000000080001828] -> 0x0F13
mem[X,0x000000008000182A] -> 0x001F
[1551] [M]: 0x0000000080001828 (0x001F0F13) addi t5, t5, 0x1
x30 <- 0xFFFFFDFFF8000801

mem[X,0x000000008000182C] -> 0x1F13
mem[X,0x000000008000182E] -> 0x00BF
[1552] [M]: 0x000000008000182C (0x00BF1F13) slli t5, t5, 0xb
x30 <- 0xFFEFFFC000400800

mem[X,0x0000000080001830] -> 0x0F13
mem[X,0x0000000080001832] -> 0x03FF
[1553] [M]: 0x0000000080001830 (0x03FF0F13) addi t5, t5, 0x3f
x30 <- 0xFFEFFFC00040083F

mem[X,0x0000000080001834] -> 0x1F13
mem[X,0x0000000080001836] -> 0x00AF
[1554] [M]: 0x0000000080001834 (0x00AF1F13) slli t5, t5, 0xa
x30 <- 0xBFFF00010020FC00

mem[X,0x0000000080001838] -> 0x0F13
mem[X,0x000000008000183A] -> 0x3FFF
[1555] [M]: 0x0000000080001838 (0x3FFF0F13) addi t5, t5, 0x3ff
x30 <- 0xBFFF00010020FFFF

mem[X,0x000000008000183C] -> 0x0EB7
mem[X,0x000000008000183E] -> 0xC000
[1556] [M]: 0x000000008000183C (0xC0000EB7) lui t4, -0x40000
x29 <- 0xFFFFFFFFC0000000

mem[X,0x0000000080001840] -> 0x8E93
mem[X,0x0000000080001842] -> 0xFFCE
[1557] [M]: 0x0000000080001840 (0xFFCE8E93) addi t4, t4, -0x4
x29 <- 0xFFFFFFFFBFFFFFFC

mem[X,0x0000000080001844] -> 0x9E93
mem[X,0x0000000080001846] -> 0x00BE
[1558] [M]: 0x0000000080001844 (0x00BE9E93) slli t4, t4, 0xb
x29 <- 0xFFFFFDFFFFFFE000

mem[X,0x0000000080001848] -> 0x8E93
mem[X,0x000000008000184A] -> 0x200E
[1559] [M]: 0x0000000080001848 (0x200E8E93) addi t4, t4, 0x200
x29 <- 0xFFFFFDFFFFFFE200

mem[X,0x000000008000184C] -> 0x9E93
mem[X,0x000000008000184E] -> 0x00BE
[1560] [M]: 0x000000008000184C (0x00BE9E93) slli t4, t4, 0xb
x29 <- 0xFFEFFFFFFF100000

mem[X,0x0000000080001850] -> 0x8E93
mem[X,0x0000000080001852] -> 0x01FE
[1561] [M]: 0x0000000080001850 (0x01FE8E93) addi t4, t4, 0x1f
x29 <- 0xFFEFFFFFFF10001F

mem[X,0x0000000080001854] -> 0x9E93
mem[X,0x0000000080001856] -> 0x00AE
[1562] [M]: 0x0000000080001854 (0x00AE9E93) slli t4, t4, 0xa
x29 <- 0xBFFFFFFC40007C00

mem[X,0x0000000080001858] -> 0x8E93
mem[X,0x000000008000185A] -> 0x3FFE
[1563] [M]: 0x0000000080001858 (0x3FFE8E93) addi t4, t4, 0x3ff
x29 <- 0xBFFFFFFC40007FFF

mem[X,0x000000008000185C] -> 0x7FBB
mem[X,0x000000008000185E] -> 0xD5DF
[1564] [M]: 0x000000008000185C (0xD5DF7FBB) pmulqr.h t6, t5, t4
x31 <- 0x200100000010FFFF

mem[X,0x0000000080001860] -> 0xB423
mem[X,0x0000000080001862] -> 0x19F0
[1565] [M]: 0x0000000080001860 (0x19F0B423) sd t6, 0x188(ra)
mem[0x0000000080004398] <- 0x200100000010FFFF

mem[X,0x0000000080001864] -> 0x0F37
mem[X,0x0000000080001866] -> 0xC000
[1566] [M]: 0x0000000080001864 (0xC0000F37) lui t5, -0x40000
x30 <- 0xFFFFFFFFC0000000

mem[X,0x0000000080001868] -> 0x0F13
mem[X,0x000000008000186A] -> 0x200F
[1567] [M]: 0x0000000080001868 (0x200F0F13) addi t5, t5, 0x200
x30 <- 0xFFFFFFFFC0000200

mem[X,0x000000008000186C] -> 0x1F13
mem[X,0x000000008000186E] -> 0x00BF
[1568] [M]: 0x000000008000186C (0x00BF1F13) slli t5, t5, 0xb
x30 <- 0xFFFFFE0000100000

mem[X,0x0000000080001870] -> 0x0F13
mem[X,0x0000000080001872] -> 0x040F
[1569] [M]: 0x0000000080001870 (0x040F0F13) addi t5, t5, 0x40
x30 <- 0xFFFFFE0000100040

mem[X,0x0000000080001874] -> 0x1F13
mem[X,0x0000000080001876] -> 0x00BF
[1570] [M]: 0x0000000080001874 (0x00BF1F13) slli t5, t5, 0xb
x30 <- 0xFFF0000080020000

mem[X,0x0000000080001878] -> 0x0F13
mem[X,0x000000008000187A] -> 0x03FF
[1571] [M]: 0x0000000080001878 (0x03FF0F13) addi t5, t5, 0x3f
x30 <- 0xFFF000008002003F

mem[X,0x000000008000187C] -> 0x1F13
mem[X,0x000000008000187E] -> 0x00AF
[1572] [M]: 0x000000008000187C (0x00AF1F13) slli t5, t5, 0xa
x30 <- 0xC00002000800FC00

mem[X,0x0000000080001880] -> 0x0F13
mem[X,0x0000000080001882] -> 0x1FFF
[1573] [M]: 0x0000000080001880 (0x1FFF0F13) addi t5, t5, 0x1ff
x30 <- 0xC00002000800FDFF

mem[X,0x0000000080001884] -> 0x1EB7
mem[X,0x0000000080001886] -> 0xF7FF
[1574] [M]: 0x0000000080001884 (0xF7FF1EB7) lui t4, -0x800f
x29 <- 0xFFFFFFFFF7FF1000

mem[X,0x0000000080001888] -> 0x8E93
mem[X,0x000000008000188A] -> 0x800E
[1575] [M]: 0x0000000080001888 (0x800E8E93) addi t4, t4, -0x800
x29 <- 0xFFFFFFFFF7FF0800

mem[X,0x000000008000188C] -> 0x9E93
mem[X,0x000000008000188E] -> 0x00BE
[1576] [M]: 0x000000008000188C (0x00BE9E93) slli t4, t4, 0xb
x29 <- 0xFFFFFFBFF8400000

mem[X,0x0000000080001890] -> 0x8E93
mem[X,0x0000000080001892] -> 0x7DFE
[1577] [M]: 0x0000000080001890 (0x7DFE8E93) addi t4, t4, 0x7df
x29 <- 0xFFFFFFBFF84007DF

mem[X,0x0000000080001894] -> 0x9E93
mem[X,0x0000000080001896] -> 0x00BE
[1578] [M]: 0x0000000080001894 (0x00BE9E93) slli t4, t4, 0xb
x29 <- 0xFFFDFFC2003EF800

mem[X,0x0000000080001898] -> 0x8E93
mem[X,0x000000008000189A] -> 0x7FFE
[1579] [M]: 0x0000000080001898 (0x7FFE8E93) addi t4, t4, 0x7ff
x29 <- 0xFFFDFFC2003EFFFF

mem[X,0x000000008000189C] -> 0x9E93
mem[X,0x000000008000189E] -> 0x00AE
[1580] [M]: 0x000000008000189C (0x00AE9E93) slli t4, t4, 0xa
x29 <- 0xF7FF0800FBFFFC00

mem[X,0x00000000800018A0] -> 0x8E93
mem[X,0x00000000800018A2] -> 0x1FFE
[1581] [M]: 0x00000000800018A0 (0x1FFE8E93) addi t4, t4, 0x1ff
x29 <- 0xF7FF0800FBFFFDFF

mem[X,0x00000000800018A4] -> 0x7FBB
mem[X,0x00000000800018A6] -> 0xD5DF
[1582] [M]: 0x00000000800018A4 (0xD5DF7FBB) pmulqr.h t6, t5, t4
x31 <- 0x04010020FFC00008

mem[X,0x00000000800018A8] -> 0xB823
mem[X,0x00000000800018AA] -> 0x19F0
[1583] [M]: 0x00000000800018A8 (0x19F0B823) sd t6, 0x190(ra)
mem[0x00000000800043A0] <- 0x04010020FFC00008

mem[X,0x00000000800018AC] -> 0x0F37
mem[X,0x00000000800018AE] -> 0x0201
[1584] [M]: 0x00000000800018AC (0x02010F37) lui t5, 0x2010
x30 <- 0x0000000002010000

mem[X,0x00000000800018B0] -> 0x0F13
mem[X,0x00000000800018B2] -> 0xDFFF
[1585] [M]: 0x00000000800018B0 (0xDFFF0F13) addi t5, t5, -0x201
x30 <- 0x000000000200FDFF

mem[X,0x00000000800018B4] -> 0x1F13
mem[X,0x00000000800018B6] -> 0x00BF
[1586] [M]: 0x00000000800018B4 (0x00BF1F13) slli t5, t5, 0xb
x30 <- 0x0000001007EFF800

mem[X,0x00000000800018B8] -> 0x0F13
mem[X,0x00000000800018BA] -> 0x1FFF
[1587] [M]: 0x00000000800018B8 (0x1FFF0F13) addi t5, t5, 0x1ff
x30 <- 0x0000001007EFF9FF

mem[X,0x00000000800018BC] -> 0x1F13
mem[X,0x00000000800018BE] -> 0x00BF
[1588] [M]: 0x00000000800018BC (0x00BF1F13) slli t5, t5, 0xb
x30 <- 0x0000803F7FCFF800

mem[X,0x00000000800018C0] -> 0x0F13
mem[X,0x00000000800018C2] -> 0x7C0F
[1589] [M]: 0x00000000800018C0 (0x7C0F0F13) addi t5, t5, 0x7c0
x30 <- 0x0000803F7FCFFFC0

mem[X,0x00000000800018C4] -> 0x1F13
mem[X,0x00000000800018C6] -> 0x00AF
[1590] [M]: 0x00000000800018C4 (0x00AF1F13) slli t5, t5, 0xa
x30 <- 0x0200FDFF3FFF0000

mem[X,0x00000000800018C8] -> 0x0F13
mem[X,0x00000000800018CA] -> 0x004F
[1591] [M]: 0x00000000800018C8 (0x004F0F13) addi t5, t5, 0x4
x30 <- 0x0200FDFF3FFF0004

mem[X,0x00000000800018CC] -> 0xCEB7
mem[X,0x00000000800018CE] -> 0x0003
[1592] [M]: 0x00000000800018CC (0x0003CEB7) lui t4, 0x3c
x29 <- 0x000000000003C000

mem[X,0x00000000800018D0] -> 0x8E93
mem[X,0x00000000800018D2] -> 0x000E
[1593] [M]: 0x00000000800018D0 (0x000E8E93) addi t4, t4, 0x0
x29 <- 0x000000000003C000

mem[X,0x00000000800018D4] -> 0x9E93
mem[X,0x00000000800018D6] -> 0x00BE
[1594] [M]: 0x00000000800018D4 (0x00BE9E93) slli t4, t4, 0xb
x29 <- 0x000000001E000000

mem[X,0x00000000800018D8] -> 0x8E93
mem[X,0x00000000800018DA] -> 0x77FE
[1595] [M]: 0x00000000800018D8 (0x77FE8E93) addi t4, t4, 0x77f
x29 <- 0x000000001E00077F

mem[X,0x00000000800018DC] -> 0x9E93
mem[X,0x00000000800018DE] -> 0x00BE
[1596] [M]: 0x00000000800018DC (0x00BE9E93) slli t4, t4, 0xb
x29 <- 0x000000F0003BF800

mem[X,0x00000000800018E0] -> 0x8E93
mem[X,0x00000000800018E2] -> 0x7F7E
[1597] [M]: 0x00000000800018E0 (0x7F7E8E93) addi t4, t4, 0x7f7
x29 <- 0x000000F0003BFFF7

mem[X,0x00000000800018E4] -> 0x9E93
mem[X,0x00000000800018E6] -> 0x00AE
[1598] [M]: 0x00000000800018E4 (0x00AE9E93) slli t4, t4, 0xa
x29 <- 0x0003C000EFFFDC00

mem[X,0x00000000800018E8] -> 0x8E93
mem[X,0x00000000800018EA] -> 0x3FFE
[1599] [M]: 0x00000000800018E8 (0x3FFE8E93) addi t4, t4, 0x3ff
x29 <- 0x0003C000EFFFDFFF

clint::tick mtime <- 0x0000000000000010
 clint timer pending at mtime 0x0000000000000010
htif::tick 0x0000000000000000
mem[X,0x00000000800018EC] -> 0x7FBB
mem[X,0x00000000800018EE] -> 0xD5DF
[1600] [M]: 0x00000000800018EC (0xD5DF7FBB) pmulqr.h t6, t5, t4
x31 <- 0x00000101F800FFFF

mem[X,0x00000000800018F0] -> 0xBC23
mem[X,0x00000000800018F2] -> 0x19F0
[1601] [M]: 0x00000000800018F0 (0x19F0BC23) sd t6, 0x198(ra)
mem[0x00000000800043A8] <- 0x00000101F800FFFF

mem[X,0x00000000800018F4] -> 0x0F37
mem[X,0x00000000800018F6] -> 0x0007
[1602] [M]: 0x00000000800018F4 (0x00070F37) lui t5, 0x70
x30 <- 0x0000000000070000

mem[X,0x00000000800018F8] -> 0x0F13
mem[X,0x00000000800018FA] -> 0x400F
[1603] [M]: 0x00000000800018F8 (0x400F0F13) addi t5, t5, 0x400
x30 <- 0x0000000000070400

mem[X,0x00000000800018FC] -> 0x1F13
mem[X,0x00000000800018FE] -> 0x00BF
[1604] [M]: 0x00000000800018FC (0x00BF1F13) slli t5, t5, 0xb
x30 <- 0x0000000038200000

mem[X,0x0000000080001900] -> 0x0F13
mem[X,0x0000000080001902] -> 0x3FFF
[1605] [M]: 0x0000000080001900 (0x3FFF0F13) addi t5, t5, 0x3ff
x30 <- 0x00000000382003FF

mem[X,0x0000000080001904] -> 0x1F13
mem[X,0x0000000080001906] -> 0x00BF
[1606] [M]: 0x0000000080001904 (0x00BF1F13) slli t5, t5, 0xb
x30 <- 0x000001C1001FF800

mem[X,0x0000000080001908] -> 0x0F13
mem[X,0x000000008000190A] -> 0x7FEF
[1607] [M]: 0x0000000080001908 (0x7FEF0F13) addi t5, t5, 0x7fe
x30 <- 0x000001C1001FFFFE

mem[X,0x000000008000190C] -> 0x1F13
mem[X,0x000000008000190E] -> 0x00AF
[1608] [M]: 0x000000008000190C (0x00AF1F13) slli t5, t5, 0xa
x30 <- 0x000704007FFFF800

mem[X,0x0000000080001910] -> 0x0F13
mem[X,0x0000000080001912] -> 0x3FFF
[1609] [M]: 0x0000000080001910 (0x3FFF0F13) addi t5, t5, 0x3ff
x30 <- 0x000704007FFFFBFF

mem[X,0x0000000080001914] -> 0x0EB7
mem[X,0x0000000080001916] -> 0xFBFF
[1610] [M]: 0x0000000080001914 (0xFBFF0EB7) lui t4, -0x4010
x29 <- 0xFFFFFFFFFBFF0000

mem[X,0x0000000080001918] -> 0x8E93
mem[X,0x000000008000191A] -> 0x004E
[1611] [M]: 0x0000000080001918 (0x004E8E93) addi t4, t4, 0x4
x29 <- 0xFFFFFFFFFBFF0004

mem[X,0x000000008000191C] -> 0x9E93
mem[X,0x000000008000191E] -> 0x00BE
[1612] [M]: 0x000000008000191C (0x00BE9E93) slli t4, t4, 0xb
x29 <- 0xFFFFFFDFF8002000

mem[X,0x0000000080001920] -> 0x8E93
mem[X,0x0000000080001922] -> 0x040E
[1613] [M]: 0x0000000080001920 (0x040E8E93) addi t4, t4, 0x40
x29 <- 0xFFFFFFDFF8002040

mem[X,0x0000000080001924] -> 0x9E93
mem[X,0x0000000080001926] -> 0x00BE
[1614] [M]: 0x0000000080001924 (0x00BE9E93) slli t4, t4, 0xb
x29 <- 0xFFFEFFC001020000

mem[X,0x0000000080001928] -> 0x8E93
mem[X,0x000000008000192A] -> 0x000E
[1615] [M]: 0x0000000080001928 (0x000E8E93) addi t4, t4, 0x0
x29 <- 0xFFFEFFC001020000

mem[X,0x000000008000192C] -> 0x9E93
mem[X,0x000000008000192E] -> 0x00AE
[1616] [M]: 0x000000008000192C (0x00AE9E93) slli t4, t4, 0xa
x29 <- 0xFBFF000408000000

mem[X,0x0000000080001930] -> 0x7FBB
mem[X,0x0000000080001932] -> 0xD5DF
[1617] [M]: 0x0000000080001930 (0xD5DF7FBB) pmulqr.h t6, t5, t4
x31 <- 0x0000000008000000

mem[X,0x0000000080001934] -> 0xB023
mem[X,0x0000000080001936] -> 0x1BF0
[1618] [M]: 0x0000000080001934 (0x1BF0B023) sd t6, 0x1a0(ra)
mem[0x00000000800043B0] <- 0x0000000008000000

mem[X,0x0000000080001938] -> 0x0F37
mem[X,0x000000008000193A] -> 0xFFEF
[1619] [M]: 0x0000000080001938 (0xFFEF0F37) lui t5, -0x110
x30 <- 0xFFFFFFFFFFEF0000

mem[X,0x000000008000193C] -> 0x0F13
mem[X,0x000000008000193E] -> 0x400F
[1620] [M]: 0x000000008000193C (0x400F0F13) addi t5, t5, 0x400
x30 <- 0xFFFFFFFFFFEF0400

mem[X,0x0000000080001940] -> 0x1F13
mem[X,0x0000000080001942] -> 0x00BF
[1621] [M]: 0x0000000080001940 (0x00BF1F13) slli t5, t5, 0xb
x30 <- 0xFFFFFFFF78200000

mem[X,0x0000000080001944] -> 0x0F13
mem[X,0x0000000080001946] -> 0x200F
[1622] [M]: 0x0000000080001944 (0x200F0F13) addi t5, t5, 0x200
x30 <- 0xFFFFFFFF78200200

mem[X,0x0000000080001948] -> 0x1F13
mem[X,0x000000008000194A] -> 0x00BF
[1623] [M]: 0x0000000080001948 (0x00BF1F13) slli t5, t5, 0xb
x30 <- 0xFFFFFBC100100000

mem[X,0x000000008000194C] -> 0x0F13
mem[X,0x000000008000194E] -> 0x037F
[1624] [M]: 0x000000008000194C (0x037F0F13) addi t5, t5, 0x37
x30 <- 0xFFFFFBC100100037

mem[X,0x0000000080001950] -> 0x1F13
mem[X,0x0000000080001952] -> 0x00AF
[1625] [M]: 0x0000000080001950 (0x00AF1F13) slli t5, t5, 0xa
x30 <- 0xFFEF04004000DC00

mem[X,0x0000000080001954] -> 0x0F13
mem[X,0x0000000080001956] -> 0x3FFF
[1626] [M]: 0x0000000080001954 (0x3FFF0F13) addi t5, t5, 0x3ff
x30 <- 0xFFEF04004000DFFF

mem[X,0x0000000080001958] -> 0x0EB7
mem[X,0x000000008000195A] -> 0x0001
[1627] [M]: 0x0000000080001958 (0x00010EB7) lui t4, 0x10
x29 <- 0x0000000000010000

mem[X,0x000000008000195C] -> 0x8E93
mem[X,0x000000008000195E] -> 0x005E
[1628] [M]: 0x000000008000195C (0x005E8E93) addi t4, t4, 0x5
x29 <- 0x0000000000010005

mem[X,0x0000000080001960] -> 0x9E93
mem[X,0x0000000080001962] -> 0x00BE
[1629] [M]: 0x0000000080001960 (0x00BE9E93) slli t4, t4, 0xb
x29 <- 0x0000000008002800

mem[X,0x0000000080001964] -> 0x8E93
mem[X,0x0000000080001966] -> 0x400E
[1630] [M]: 0x0000000080001964 (0x400E8E93) addi t4, t4, 0x400
x29 <- 0x0000000008002C00

mem[X,0x0000000080001968] -> 0x9E93
mem[X,0x000000008000196A] -> 0x00BE
[1631] [M]: 0x0000000080001968 (0x00BE9E93) slli t4, t4, 0xb
x29 <- 0x0000004001600000

mem[X,0x000000008000196C] -> 0x8E93
mem[X,0x000000008000196E] -> 0x03FE
[1632] [M]: 0x000000008000196C (0x03FE8E93) addi t4, t4, 0x3f
x29 <- 0x000000400160003F

mem[X,0x0000000080001970] -> 0x9E93
mem[X,0x0000000080001972] -> 0x00AE
[1633] [M]: 0x0000000080001970 (0x00AE9E93) slli t4, t4, 0xa
x29 <- 0x000100058000FC00

mem[X,0x0000000080001974] -> 0x8E93
mem[X,0x0000000080001976] -> 0x37FE
[1634] [M]: 0x0000000080001974 (0x37FE8E93) addi t4, t4, 0x37f
x29 <- 0x000100058000FF7F

mem[X,0x0000000080001978] -> 0x7FBB
mem[X,0x000000008000197A] -> 0xD5DF
[1635] [M]: 0x0000000080001978 (0xD5DF7FBB) pmulqr.h t6, t5, t4
x31 <- 0x00000000C0000020

mem[X,0x000000008000197C] -> 0xB423
mem[X,0x000000008000197E] -> 0x1BF0
[1636] [M]: 0x000000008000197C (0x1BF0B423) sd t6, 0x1a8(ra)
mem[0x00000000800043B8] <- 0x00000000C0000020

mem[X,0x0000000080001980] -> 0xCF37
mem[X,0x0000000080001982] -> 0xFFF6
[1637] [M]: 0x0000000080001980 (0xFFF6CF37) lui t5, -0x94
x30 <- 0xFFFFFFFFFFF6C000

mem[X,0x0000000080001984] -> 0x0F13
mem[X,0x0000000080001986] -> 0xFFFF
[1638] [M]: 0x0000000080001984 (0xFFFF0F13) addi t5, t5, -0x1
x30 <- 0xFFFFFFFFFFF6BFFF

mem[X,0x0000000080001988] -> 0x1F13
mem[X,0x000000008000198A] -> 0x00BF
[1639] [M]: 0x0000000080001988 (0x00BF1F13) slli t5, t5, 0xb
x30 <- 0xFFFFFFFFB5FFF800

mem[X,0x000000008000198C] -> 0x0F13
mem[X,0x000000008000198E] -> 0x000F
[1640] [M]: 0x000000008000198C (0x000F0F13) addi t5, t5, 0x0
x30 <- 0xFFFFFFFFB5FFF800

mem[X,0x0000000080001990] -> 0x1F13
mem[X,0x0000000080001992] -> 0x00BF
[1641] [M]: 0x0000000080001990 (0x00BF1F13) slli t5, t5, 0xb
x30 <- 0xFFFFFDAFFFC00000

mem[X,0x0000000080001994] -> 0x0F13
mem[X,0x0000000080001996] -> 0x050F
[1642] [M]: 0x0000000080001994 (0x050F0F13) addi t5, t5, 0x50
x30 <- 0xFFFFFDAFFFC00050

mem[X,0x0000000080001998] -> 0x1F13
mem[X,0x000000008000199A] -> 0x00AF
[1643] [M]: 0x0000000080001998 (0x00AF1F13) slli t5, t5, 0xa
x30 <- 0xFFF6BFFF00014000

mem[X,0x000000008000199C] -> 0x0EB7
mem[X,0x000000008000199E] -> 0x0002
[1644] [M]: 0x000000008000199C (0x00020EB7) lui t4, 0x20
x29 <- 0x0000000000020000

mem[X,0x00000000800019A0] -> 0x8E93
mem[X,0x00000000800019A2] -> 0xFFFE
[1645] [M]: 0x00000000800019A0 (0xFFFE8E93) addi t4, t4, -0x1
x29 <- 0x000000000001FFFF

mem[X,0x00000000800019A4] -> 0x9E93
mem[X,0x00000000800019A6] -> 0x00BE
[1646] [M]: 0x00000000800019A4 (0x00BE9E93) slli t4, t4, 0xb
x29 <- 0x000000000FFFF800

mem[X,0x00000000800019A8] -> 0x8E93
mem[X,0x00000000800019AA] -> 0x3FFE
[1647] [M]: 0x00000000800019A8 (0x3FFE8E93) addi t4, t4, 0x3ff
x29 <- 0x000000000FFFFBFF

mem[X,0x00000000800019AC] -> 0x9E93
mem[X,0x00000000800019AE] -> 0x00BE
[1648] [M]: 0x00000000800019AC (0x00BE9E93) slli t4, t4, 0xb
x29 <- 0x0000007FFFDFF800

mem[X,0x00000000800019B0] -> 0x8E93
mem[X,0x00000000800019B2] -> 0x7FFE
[1649] [M]: 0x00000000800019B0 (0x7FFE8E93) addi t4, t4, 0x7ff
x29 <- 0x0000007FFFDFFFFF

mem[X,0x00000000800019B4] -> 0x9E93
mem[X,0x00000000800019B6] -> 0x00AE
[1650] [M]: 0x00000000800019B4 (0x00AE9E93) slli t4, t4, 0xa
x29 <- 0x0001FFFF7FFFFC00

mem[X,0x00000000800019B8] -> 0x8E93
mem[X,0x00000000800019BA] -> 0x3F6E
[1651] [M]: 0x00000000800019B8 (0x3F6E8E93) addi t4, t4, 0x3f6
x29 <- 0x0001FFFF7FFFFFF6

mem[X,0x00000000800019BC] -> 0x7FBB
mem[X,0x00000000800019BE] -> 0xD5DF
[1652] [M]: 0x00000000800019BC (0xD5DF7FBB) pmulqr.h t6, t5, t4
x31 <- 0x000000010001FFFB

mem[X,0x00000000800019C0] -> 0xB823
mem[X,0x00000000800019C2] -> 0x1BF0
[1653] [M]: 0x00000000800019C0 (0x1BF0B823) sd t6, 0x1b0(ra)
mem[0x00000000800043C0] <- 0x000000010001FFFB

mem[X,0x00000000800019C4] -> 0x0F37
mem[X,0x00000000800019C6] -> 0xC000
[1654] [M]: 0x00000000800019C4 (0xC0000F37) lui t5, -0x40000
x30 <- 0xFFFFFFFFC0000000

mem[X,0x00000000800019C8] -> 0x0F13
mem[X,0x00000000800019CA] -> 0xFEFF
[1655] [M]: 0x00000000800019C8 (0xFEFF0F13) addi t5, t5, -0x11
x30 <- 0xFFFFFFFFBFFFFFEF

mem[X,0x00000000800019CC] -> 0x1F13
mem[X,0x00000000800019CE] -> 0x00BF
[1656] [M]: 0x00000000800019CC (0x00BF1F13) slli t5, t5, 0xb
x30 <- 0xFFFFFDFFFFFF7800

mem[X,0x00000000800019D0] -> 0x0F13
mem[X,0x00000000800019D2] -> 0x400F
[1657] [M]: 0x00000000800019D0 (0x400F0F13) addi t5, t5, 0x400
x30 <- 0xFFFFFDFFFFFF7C00

mem[X,0x00000000800019D4] -> 0x1F13
mem[X,0x00000000800019D6] -> 0x00BF
[1658] [M]: 0x00000000800019D4 (0x00BF1F13) slli t5, t5, 0xb
x30 <- 0xFFEFFFFFFBE00000

mem[X,0x00000000800019D8] -> 0x0F13
mem[X,0x00000000800019DA] -> 0x000F
[1659] [M]: 0x00000000800019D8 (0x000F0F13) addi t5, t5, 0x0
x30 <- 0xFFEFFFFFFBE00000

mem[X,0x00000000800019DC] -> 0x1F13
mem[X,0x00000000800019DE] -> 0x00AF
[1660] [M]: 0x00000000800019DC (0x00AF1F13) slli t5, t5, 0xa
x30 <- 0xBFFFFFEF80000000

mem[X,0x00000000800019E0] -> 0x0F13
mem[X,0x00000000800019E2] -> 0x005F
[1661] [M]: 0x00000000800019E0 (0x005F0F13) addi t5, t5, 0x5
x30 <- 0xBFFFFFEF80000005

mem[X,0x00000000800019E4] -> 0x1EB7
mem[X,0x00000000800019E6] -> 0x1000
[1662] [M]: 0x00000000800019E4 (0x10001EB7) lui t4, 0x10001
x29 <- 0x0000000010001000

mem[X,0x00000000800019E8] -> 0x8E93
mem[X,0x00000000800019EA] -> 0x000E
[1663] [M]: 0x00000000800019E8 (0x000E8E93) addi t4, t4, 0x0
x29 <- 0x0000000010001000

mem[X,0x00000000800019EC] -> 0x9E93
mem[X,0x00000000800019EE] -> 0x00BE
[1664] [M]: 0x00000000800019EC (0x00BE9E93) slli t4, t4, 0xb
x29 <- 0x0000008000800000

mem[X,0x00000000800019F0] -> 0x8E93
mem[X,0x00000000800019F2] -> 0x7FFE
[1665] [M]: 0x00000000800019F0 (0x7FFE8E93) addi t4, t4, 0x7ff
x29 <- 0x00000080008007FF

mem[X,0x00000000800019F4] -> 0x9E93
mem[X,0x00000000800019F6] -> 0x00BE
[1666] [M]: 0x00000000800019F4 (0x00BE9E93) slli t4, t4, 0xb
x29 <- 0x00040004003FF800

mem[X,0x00000000800019F8] -> 0x8E93
mem[X,0x00000000800019FA] -> 0x77FE
[1667] [M]: 0x00000000800019F8 (0x77FE8E93) addi t4, t4, 0x77f
x29 <- 0x00040004003FFF7F

mem[X,0x00000000800019FC] -> 0x9E93
mem[X,0x00000000800019FE] -> 0x00AE
[1668] [M]: 0x00000000800019FC (0x00AE9E93) slli t4, t4, 0xa
x29 <- 0x10001000FFFDFC00

mem[X,0x0000000080001A00] -> 0x8E93
mem[X,0x0000000080001A02] -> 0x37FE
[1669] [M]: 0x0000000080001A00 (0x37FE8E93) addi t4, t4, 0x37f
x29 <- 0x10001000FFFDFF7F

mem[X,0x0000000080001A04] -> 0x7FBB
mem[X,0x0000000080001A06] -> 0xD5DF
[1670] [M]: 0x0000000080001A04 (0xD5DF7FBB) pmulqr.h t6, t5, t4
x31 <- 0xF800FFFE00030000

mem[X,0x0000000080001A08] -> 0xBC23
mem[X,0x0000000080001A0A] -> 0x1BF0
[1671] [M]: 0x0000000080001A08 (0x1BF0BC23) sd t6, 0x1b8(ra)
mem[0x00000000800043C8] <- 0xF800FFFE00030000

mem[X,0x0000000080001A0C] -> 0x0F37
mem[X,0x0000000080001A0E] -> 0x0101
[1672] [M]: 0x0000000080001A0C (0x01010F37) lui t5, 0x1010
x30 <- 0x0000000001010000

mem[X,0x0000000080001A10] -> 0x0F13
mem[X,0x0000000080001A12] -> 0xF7FF
[1673] [M]: 0x0000000080001A10 (0xF7FF0F13) addi t5, t5, -0x81
x30 <- 0x000000000100FF7F

mem[X,0x0000000080001A14] -> 0x1F13
mem[X,0x0000000080001A16] -> 0x00BF
[1674] [M]: 0x0000000080001A14 (0x00BF1F13) slli t5, t5, 0xb
x30 <- 0x0000000807FBF800

mem[X,0x0000000080001A18] -> 0x0F13
mem[X,0x0000000080001A1A] -> 0x004F
[1675] [M]: 0x0000000080001A18 (0x004F0F13) addi t5, t5, 0x4
x30 <- 0x0000000807FBF804

mem[X,0x0000000080001A1C] -> 0x1F13
mem[X,0x0000000080001A1E] -> 0x00BF
[1676] [M]: 0x0000000080001A1C (0x00BF1F13) slli t5, t5, 0xb
x30 <- 0x0000403FDFC02000

mem[X,0x0000000080001A20] -> 0x0F13
mem[X,0x0000000080001A22] -> 0x000F
[1677] [M]: 0x0000000080001A20 (0x000F0F13) addi t5, t5, 0x0
x30 <- 0x0000403FDFC02000

mem[X,0x0000000080001A24] -> 0x1F13
mem[X,0x0000000080001A26] -> 0x00AF
[1678] [M]: 0x0000000080001A24 (0x00AF1F13) slli t5, t5, 0xa
x30 <- 0x0100FF7F00800000

mem[X,0x0000000080001A28] -> 0x0F13
mem[X,0x0000000080001A2A] -> 0x004F
[1679] [M]: 0x0000000080001A28 (0x004F0F13) addi t5, t5, 0x4
x30 <- 0x0100FF7F00800004

mem[X,0x0000000080001A2C] -> 0x4EB7
mem[X,0x0000000080001A2E] -> 0xEFFF
[1680] [M]: 0x0000000080001A2C (0xEFFF4EB7) lui t4, -0x1000c
x29 <- 0xFFFFFFFFEFFF4000

mem[X,0x0000000080001A30] -> 0x8E93
mem[X,0x0000000080001A32] -> 0x000E
[1681] [M]: 0x0000000080001A30 (0x000E8E93) addi t4, t4, 0x0
x29 <- 0xFFFFFFFFEFFF4000

mem[X,0x0000000080001A34] -> 0x9E93
mem[X,0x0000000080001A36] -> 0x00BE
[1682] [M]: 0x0000000080001A34 (0x00BE9E93) slli t4, t4, 0xb
x29 <- 0xFFFFFF7FFA000000

mem[X,0x0000000080001A38] -> 0x8E93
mem[X,0x0000000080001A3A] -> 0x008E
[1683] [M]: 0x0000000080001A38 (0x008E8E93) addi t4, t4, 0x8
x29 <- 0xFFFFFF7FFA000008

mem[X,0x0000000080001A3C] -> 0x9E93
mem[X,0x0000000080001A3E] -> 0x00BE
[1684] [M]: 0x0000000080001A3C (0x00BE9E93) slli t4, t4, 0xb
x29 <- 0xFFFBFFD000004000

mem[X,0x0000000080001A40] -> 0x8E93
mem[X,0x0000000080001A42] -> 0x000E
[1685] [M]: 0x0000000080001A40 (0x000E8E93) addi t4, t4, 0x0
x29 <- 0xFFFBFFD000004000

mem[X,0x0000000080001A44] -> 0x9E93
mem[X,0x0000000080001A46] -> 0x00AE
[1686] [M]: 0x0000000080001A44 (0x00AE9E93) slli t4, t4, 0xa
x29 <- 0xEFFF400001000000

mem[X,0x0000000080001A48] -> 0x8E93
mem[X,0x0000000080001A4A] -> 0x008E
[1687] [M]: 0x0000000080001A48 (0x008E8E93) addi t4, t4, 0x8
x29 <- 0xEFFF400001000008

mem[X,0x0000000080001A4C] -> 0x7FBB
mem[X,0x0000000080001A4E] -> 0xD5DF
[1688] [M]: 0x0000000080001A4C (0xD5DF7FBB) pmulqr.h t6, t5, t4
x31 <- 0xFFE0FFC000010000

mem[X,0x0000000080001A50] -> 0xB023
mem[X,0x0000000080001A52] -> 0x1DF0
[1689] [M]: 0x0000000080001A50 (0x1DF0B023) sd t6, 0x1c0(ra)
mem[0x00000000800043D0] <- 0xFFE0FFC000010000

mem[X,0x0000000080001A54] -> 0xBF37
mem[X,0x0000000080001A56] -> 0x0004
[1690] [M]: 0x0000000080001A54 (0x0004BF37) lui t5, 0x4b
x30 <- 0x000000000004B000

mem[X,0x0000000080001A58] -> 0x0F13
mem[X,0x0000000080001A5A] -> 0xAAAF
[1691] [M]: 0x0000000080001A58 (0xAAAF0F13) addi t5, t5, -0x556
x30 <- 0x000000000004AAAA

mem[X,0x0000000080001A5C] -> 0x1F13
mem[X,0x0000000080001A5E] -> 0x00BF
[1692] [M]: 0x0000000080001A5C (0x00BF1F13) slli t5, t5, 0xb
x30 <- 0x0000000025555000

mem[X,0x0000000080001A60] -> 0x0F13
mem[X,0x0000000080001A62] -> 0x7FFF
[1693] [M]: 0x0000000080001A60 (0x7FFF0F13) addi t5, t5, 0x7ff
x30 <- 0x00000000255557FF

mem[X,0x0000000080001A64] -> 0x1F13
mem[X,0x0000000080001A66] -> 0x00BF
[1694] [M]: 0x0000000080001A64 (0x00BF1F13) slli t5, t5, 0xb
x30 <- 0x0000012AAABFF800

mem[X,0x0000000080001A68] -> 0x0F13
mem[X,0x0000000080001A6A] -> 0x7C0F
[1695] [M]: 0x0000000080001A68 (0x7C0F0F13) addi t5, t5, 0x7c0
x30 <- 0x0000012AAABFFFC0

mem[X,0x0000000080001A6C] -> 0x1F13
mem[X,0x0000000080001A6E] -> 0x00AF
[1696] [M]: 0x0000000080001A6C (0x00AF1F13) slli t5, t5, 0xa
x30 <- 0x0004AAAAFFFF0000

mem[X,0x0000000080001A70] -> 0x0F13
mem[X,0x0000000080001A72] -> 0x010F
[1697] [M]: 0x0000000080001A70 (0x010F0F13) addi t5, t5, 0x10
x30 <- 0x0004AAAAFFFF0010

mem[X,0x0000000080001A74] -> 0x0EB7
mem[X,0x0000000080001A76] -> 0x0008
[1698] [M]: 0x0000000080001A74 (0x00080EB7) lui t4, 0x80
x29 <- 0x0000000000080000

mem[X,0x0000000080001A78] -> 0x8E93
mem[X,0x0000000080001A7A] -> 0x100E
[1699] [M]: 0x0000000080001A78 (0x100E8E93) addi t4, t4, 0x100
x29 <- 0x0000000000080100

clint::tick mtime <- 0x0000000000000011
 clint timer pending at mtime 0x0000000000000011
htif::tick 0x0000000000000000
mem[X,0x0000000080001A7C] -> 0x9E93
mem[X,0x0000000080001A7E] -> 0x00BE
[1700] [M]: 0x0000000080001A7C (0x00BE9E93) slli t4, t4, 0xb
x29 <- 0x0000000040080000

mem[X,0x0000000080001A80] -> 0x8E93
mem[X,0x0000000080001A82] -> 0x000E
[1701] [M]: 0x0000000080001A80 (0x000E8E93) addi t4, t4, 0x0
x29 <- 0x0000000040080000

mem[X,0x0000000080001A84] -> 0x9E93
mem[X,0x0000000080001A86] -> 0x00BE
[1702] [M]: 0x0000000080001A84 (0x00BE9E93) slli t4, t4, 0xb
x29 <- 0x0000020040000000

mem[X,0x0000000080001A88] -> 0x8E93
mem[X,0x0000000080001A8A] -> 0x115E
[1703] [M]: 0x0000000080001A88 (0x115E8E93) addi t4, t4, 0x115
x29 <- 0x0000020040000115

mem[X,0x0000000080001A8C] -> 0x9E93
mem[X,0x0000000080001A8E] -> 0x00AE
[1704] [M]: 0x0000000080001A8C (0x00AE9E93) slli t4, t4, 0xa
x29 <- 0x0008010000045400

mem[X,0x0000000080001A90] -> 0x8E93
mem[X,0x0000000080001A92] -> 0x155E
[1705] [M]: 0x0000000080001A90 (0x155E8E93) addi t4, t4, 0x155
x29 <- 0x0008010000045555

mem[X,0x0000000080001A94] -> 0x7FBB
mem[X,0x0000000080001A96] -> 0xD5DF
[1706] [M]: 0x0000000080001A94 (0xD5DF7FBB) pmulqr.h t6, t5, t4
x31 <- 0x0000FF550000000B

mem[X,0x0000000080001A98] -> 0xB423
mem[X,0x0000000080001A9A] -> 0x1DF0
[1707] [M]: 0x0000000080001A98 (0x1DF0B423) sd t6, 0x1c8(ra)
mem[0x00000000800043D8] <- 0x0000FF550000000B

mem[X,0x0000000080001A9C] -> 0x0F37
mem[X,0x0000000080001A9E] -> 0x0007
[1708] [M]: 0x0000000080001A9C (0x00070F37) lui t5, 0x70
x30 <- 0x0000000000070000

mem[X,0x0000000080001AA0] -> 0x0F13
mem[X,0x0000000080001AA2] -> 0x001F
[1709] [M]: 0x0000000080001AA0 (0x001F0F13) addi t5, t5, 0x1
x30 <- 0x0000000000070001

mem[X,0x0000000080001AA4] -> 0x1F13
mem[X,0x0000000080001AA6] -> 0x00BF
[1710] [M]: 0x0000000080001AA4 (0x00BF1F13) slli t5, t5, 0xb
x30 <- 0x0000000038000800

mem[X,0x0000000080001AA8] -> 0x0F13
mem[X,0x0000000080001AAA] -> 0x1FFF
[1711] [M]: 0x0000000080001AA8 (0x1FFF0F13) addi t5, t5, 0x1ff
x30 <- 0x00000000380009FF

mem[X,0x0000000080001AAC] -> 0x1F13
mem[X,0x0000000080001AAE] -> 0x00BF
[1712] [M]: 0x0000000080001AAC (0x00BF1F13) slli t5, t5, 0xb
x30 <- 0x000001C0004FF800

mem[X,0x0000000080001AB0] -> 0x0F13
mem[X,0x0000000080001AB2] -> 0x7F7F
[1713] [M]: 0x0000000080001AB0 (0x7F7F0F13) addi t5, t5, 0x7f7
x30 <- 0x000001C0004FFFF7

mem[X,0x0000000080001AB4] -> 0x1F13
mem[X,0x0000000080001AB6] -> 0x00AF
[1714] [M]: 0x0000000080001AB4 (0x00AF1F13) slli t5, t5, 0xa
x30 <- 0x000700013FFFDC00

mem[X,0x0000000080001AB8] -> 0x0F13
mem[X,0x0000000080001ABA] -> 0x3FFF
[1715] [M]: 0x0000000080001AB8 (0x3FFF0F13) addi t5, t5, 0x3ff
x30 <- 0x000700013FFFDFFF

mem[X,0x0000000080001ABC] -> 0x0EB7
mem[X,0x0000000080001ABE] -> 0x0007
[1716] [M]: 0x0000000080001ABC (0x00070EB7) lui t4, 0x70
x29 <- 0x0000000000070000

mem[X,0x0000000080001AC0] -> 0x8E93
mem[X,0x0000000080001AC2] -> 0xF7FE
[1717] [M]: 0x0000000080001AC0 (0xF7FE8E93) addi t4, t4, -0x81
x29 <- 0x000000000006FF7F

mem[X,0x0000000080001AC4] -> 0x9E93
mem[X,0x0000000080001AC6] -> 0x00BE
[1718] [M]: 0x0000000080001AC4 (0x00BE9E93) slli t4, t4, 0xb
x29 <- 0x0000000037FBF800

mem[X,0x0000000080001AC8] -> 0x8E93
mem[X,0x0000000080001ACA] -> 0x7FFE
[1719] [M]: 0x0000000080001AC8 (0x7FFE8E93) addi t4, t4, 0x7ff
x29 <- 0x0000000037FBFFFF

mem[X,0x0000000080001ACC] -> 0x9E93
mem[X,0x0000000080001ACE] -> 0x00BE
[1720] [M]: 0x0000000080001ACC (0x00BE9E93) slli t4, t4, 0xb
x29 <- 0x000001BFDFFFF800

mem[X,0x0000000080001AD0] -> 0x8E93
mem[X,0x0000000080001AD2] -> 0x3FFE
[1721] [M]: 0x0000000080001AD0 (0x3FFE8E93) addi t4, t4, 0x3ff
x29 <- 0x000001BFDFFFFBFF

mem[X,0x0000000080001AD4] -> 0x9E93
mem[X,0x0000000080001AD6] -> 0x00AE
[1722] [M]: 0x0000000080001AD4 (0x00AE9E93) slli t4, t4, 0xa
x29 <- 0x0006FF7FFFEFFC00

mem[X,0x0000000080001AD8] -> 0x8E93
mem[X,0x0000000080001ADA] -> 0x3F9E
[1723] [M]: 0x0000000080001AD8 (0x3F9E8E93) addi t4, t4, 0x3f9
x29 <- 0x0006FF7FFFEFFFF9

mem[X,0x0000000080001ADC] -> 0x7FBB
mem[X,0x0000000080001ADE] -> 0xD5DF
[1724] [M]: 0x0000000080001ADC (0xD5DF7FBB) pmulqr.h t6, t5, t4
x31 <- 0x00000000FFF80002

mem[X,0x0000000080001AE0] -> 0xB823
mem[X,0x0000000080001AE2] -> 0x1DF0
[1725] [M]: 0x0000000080001AE0 (0x1DF0B823) sd t6, 0x1d0(ra)
mem[0x00000000800043E0] <- 0x00000000FFF80002

mem[X,0x0000000080001AE4] -> 0x8F37
mem[X,0x0000000080001AE6] -> 0x1000
[1726] [M]: 0x0000000080001AE4 (0x10008F37) lui t5, 0x10008
x30 <- 0x0000000010008000

mem[X,0x0000000080001AE8] -> 0x0F13
mem[X,0x0000000080001AEA] -> 0x000F
[1727] [M]: 0x0000000080001AE8 (0x000F0F13) addi t5, t5, 0x0
x30 <- 0x0000000010008000

mem[X,0x0000000080001AEC] -> 0x1F13
mem[X,0x0000000080001AEE] -> 0x00BF
[1728] [M]: 0x0000000080001AEC (0x00BF1F13) slli t5, t5, 0xb
x30 <- 0x0000008004000000

mem[X,0x0000000080001AF0] -> 0x0F13
mem[X,0x0000000080001AF2] -> 0x7FFF
[1729] [M]: 0x0000000080001AF0 (0x7FFF0F13) addi t5, t5, 0x7ff
x30 <- 0x00000080040007FF

mem[X,0x0000000080001AF4] -> 0x1F13
mem[X,0x0000000080001AF6] -> 0x00BF
[1730] [M]: 0x0000000080001AF4 (0x00BF1F13) slli t5, t5, 0xb
x30 <- 0x00040020003FF800

mem[X,0x0000000080001AF8] -> 0x0F13
mem[X,0x0000000080001AFA] -> 0x6FFF
[1731] [M]: 0x0000000080001AF8 (0x6FFF0F13) addi t5, t5, 0x6ff
x30 <- 0x00040020003FFEFF

mem[X,0x0000000080001AFC] -> 0x1F13
mem[X,0x0000000080001AFE] -> 0x00AF
[1732] [M]: 0x0000000080001AFC (0x00AF1F13) slli t5, t5, 0xa
x30 <- 0x10008000FFFBFC00

mem[X,0x0000000080001B00] -> 0x0F13
mem[X,0x0000000080001B02] -> 0x37FF
[1733] [M]: 0x0000000080001B00 (0x37FF0F13) addi t5, t5, 0x37f
x30 <- 0x10008000FFFBFF7F

mem[X,0x0000000080001B04] -> 0xCEB7
mem[X,0x0000000080001B06] -> 0x0000
[1734] [M]: 0x0000000080001B04 (0x0000CEB7) lui t4, 0xc
x29 <- 0x000000000000C000

mem[X,0x0000000080001B08] -> 0x8E93
mem[X,0x0000000080001B0A] -> 0x000E
[1735] [M]: 0x0000000080001B08 (0x000E8E93) addi t4, t4, 0x0
x29 <- 0x000000000000C000

mem[X,0x0000000080001B0C] -> 0x9E93
mem[X,0x0000000080001B0E] -> 0x00BE
[1736] [M]: 0x0000000080001B0C (0x00BE9E93) slli t4, t4, 0xb
x29 <- 0x0000000006000000

mem[X,0x0000000080001B10] -> 0x8E93
mem[X,0x0000000080001B12] -> 0x5FFE
[1737] [M]: 0x0000000080001B10 (0x5FFE8E93) addi t4, t4, 0x5ff
x29 <- 0x00000000060005FF

mem[X,0x0000000080001B14] -> 0x9E93
mem[X,0x0000000080001B16] -> 0x00BE
[1738] [M]: 0x0000000080001B14 (0x00BE9E93) slli t4, t4, 0xb
x29 <- 0x00000030002FF800

mem[X,0x0000000080001B18] -> 0x8E93
mem[X,0x0000000080001B1A] -> 0x7FFE
[1739] [M]: 0x0000000080001B18 (0x7FFE8E93) addi t4, t4, 0x7ff
x29 <- 0x00000030002FFFFF

mem[X,0x0000000080001B1C] -> 0x9E93
mem[X,0x0000000080001B1E] -> 0x00AE
[1740] [M]: 0x0000000080001B1C (0x00AE9E93) slli t4, t4, 0xa
x29 <- 0x0000C000BFFFFC00

mem[X,0x0000000080001B20] -> 0x8E93
mem[X,0x0000000080001B22] -> 0x3FDE
[1741] [M]: 0x0000000080001B20 (0x3FDE8E93) addi t4, t4, 0x3fd
x29 <- 0x0000C000BFFFFFFD

mem[X,0x0000000080001B24] -> 0x7FBB
mem[X,0x0000000080001B26] -> 0xD5DF
[1742] [M]: 0x0000000080001B24 (0xD5DF7FBB) pmulqr.h t6, t5, t4
x31 <- 0x0000400000030000

mem[X,0x0000000080001B28] -> 0xBC23
mem[X,0x0000000080001B2A] -> 0x1DF0
[1743] [M]: 0x0000000080001B28 (0x1DF0BC23) sd t6, 0x1d8(ra)
mem[0x00000000800043E8] <- 0x0000400000030000

mem[X,0x0000000080001B2C] -> 0x0F37
mem[X,0x0000000080001B2E] -> 0x0001
[1744] [M]: 0x0000000080001B2C (0x00010F37) lui t5, 0x10
x30 <- 0x0000000000010000

mem[X,0x0000000080001B30] -> 0x0F13
mem[X,0x0000000080001B32] -> 0xFFDF
[1745] [M]: 0x0000000080001B30 (0xFFDF0F13) addi t5, t5, -0x3
x30 <- 0x000000000000FFFD

mem[X,0x0000000080001B34] -> 0x1F13
mem[X,0x0000000080001B36] -> 0x00BF
[1746] [M]: 0x0000000080001B34 (0x00BF1F13) slli t5, t5, 0xb
x30 <- 0x0000000007FFE800

mem[X,0x0000000080001B38] -> 0x0F13
mem[X,0x0000000080001B3A] -> 0x400F
[1747] [M]: 0x0000000080001B38 (0x400F0F13) addi t5, t5, 0x400
x30 <- 0x0000000007FFEC00

mem[X,0x0000000080001B3C] -> 0x1F13
mem[X,0x0000000080001B3E] -> 0x00BF
[1748] [M]: 0x0000000080001B3C (0x00BF1F13) slli t5, t5, 0xb
x30 <- 0x0000003FFF600000

mem[X,0x0000000080001B40] -> 0x0F13
mem[X,0x0000000080001B42] -> 0x030F
[1749] [M]: 0x0000000080001B40 (0x030F0F13) addi t5, t5, 0x30
x30 <- 0x0000003FFF600030

mem[X,0x0000000080001B44] -> 0x1F13
mem[X,0x0000000080001B46] -> 0x00AF
[1750] [M]: 0x0000000080001B44 (0x00AF1F13) slli t5, t5, 0xa
x30 <- 0x0000FFFD8000C000

mem[X,0x0000000080001B48] -> 0x0EB7
mem[X,0x0000000080001B4A] -> 0x8001
[1751] [M]: 0x0000000080001B48 (0x80010EB7) lui t4, -0x7fff0
x29 <- 0xFFFFFFFF80010000

mem[X,0x0000000080001B4C] -> 0x8E93
mem[X,0x0000000080001B4E] -> 0xBFFE
[1752] [M]: 0x0000000080001B4C (0xBFFE8E93) addi t4, t4, -0x401
x29 <- 0xFFFFFFFF8000FBFF

mem[X,0x0000000080001B50] -> 0x9E93
mem[X,0x0000000080001B52] -> 0x00BE
[1753] [M]: 0x0000000080001B50 (0x00BE9E93) slli t4, t4, 0xb
x29 <- 0xFFFFFC0007DFF800

mem[X,0x0000000080001B54] -> 0x8E93
mem[X,0x0000000080001B56] -> 0x000E
[1754] [M]: 0x0000000080001B54 (0x000E8E93) addi t4, t4, 0x0
x29 <- 0xFFFFFC0007DFF800

mem[X,0x0000000080001B58] -> 0x9E93
mem[X,0x0000000080001B5A] -> 0x00BE
[1755] [M]: 0x0000000080001B58 (0x00BE9E93) slli t4, t4, 0xb
x29 <- 0xFFE0003EFFC00000

mem[X,0x0000000080001B5C] -> 0x8E93
mem[X,0x0000000080001B5E] -> 0x1FDE
[1756] [M]: 0x0000000080001B5C (0x1FDE8E93) addi t4, t4, 0x1fd
x29 <- 0xFFE0003EFFC001FD

mem[X,0x0000000080001B60] -> 0x9E93
mem[X,0x0000000080001B62] -> 0x00AE
[1757] [M]: 0x0000000080001B60 (0x00AE9E93) slli t4, t4, 0xa
x29 <- 0x8000FBFF0007F400

mem[X,0x0000000080001B64] -> 0x8E93
mem[X,0x0000000080001B66] -> 0x3FFE
[1758] [M]: 0x0000000080001B64 (0x3FFE8E93) addi t4, t4, 0x3ff
x29 <- 0x8000FBFF0007F7FF

mem[X,0x0000000080001B68] -> 0x7FBB
mem[X,0x0000000080001B6A] -> 0xD5DF
[1759] [M]: 0x0000000080001B68 (0xD5DF7FBB) pmulqr.h t6, t5, t4
x31 <- 0x00000000FFF90401

mem[X,0x0000000080001B6C] -> 0xB023
mem[X,0x0000000080001B6E] -> 0x1FF0
[1760] [M]: 0x0000000080001B6C (0x1FF0B023) sd t6, 0x1e0(ra)
mem[0x00000000800043F0] <- 0x00000000FFF90401

mem[X,0x0000000080001B70] -> 0x0F37
mem[X,0x0000000080001B72] -> 0x4000
[1761] [M]: 0x0000000080001B70 (0x40000F37) lui t5, 0x40000
x30 <- 0x0000000040000000

mem[X,0x0000000080001B74] -> 0x0F13
mem[X,0x0000000080001B76] -> 0x003F
[1762] [M]: 0x0000000080001B74 (0x003F0F13) addi t5, t5, 0x3
x30 <- 0x0000000040000003

mem[X,0x0000000080001B78] -> 0x1F13
mem[X,0x0000000080001B7A] -> 0x00BF
[1763] [M]: 0x0000000080001B78 (0x00BF1F13) slli t5, t5, 0xb
x30 <- 0x0000020000001800

mem[X,0x0000000080001B7C] -> 0x0F13
mem[X,0x0000000080001B7E] -> 0x200F
[1764] [M]: 0x0000000080001B7C (0x200F0F13) addi t5, t5, 0x200
x30 <- 0x0000020000001A00

mem[X,0x0000000080001B80] -> 0x1F13
mem[X,0x0000000080001B82] -> 0x00BF
[1765] [M]: 0x0000000080001B80 (0x00BF1F13) slli t5, t5, 0xb
x30 <- 0x0010000000D00000

mem[X,0x0000000080001B84] -> 0x0F13
mem[X,0x0000000080001B86] -> 0x03FF
[1766] [M]: 0x0000000080001B84 (0x03FF0F13) addi t5, t5, 0x3f
x30 <- 0x0010000000D0003F

mem[X,0x0000000080001B88] -> 0x1F13
mem[X,0x0000000080001B8A] -> 0x00AF
[1767] [M]: 0x0000000080001B88 (0x00AF1F13) slli t5, t5, 0xa
x30 <- 0x400000034000FC00

mem[X,0x0000000080001B8C] -> 0x0F13
mem[X,0x0000000080001B8E] -> 0x3F6F
[1768] [M]: 0x0000000080001B8C (0x3F6F0F13) addi t5, t5, 0x3f6
x30 <- 0x400000034000FFF6

mem[X,0x0000000080001B90] -> 0xCEB7
mem[X,0x0000000080001B92] -> 0xFFFE
[1769] [M]: 0x0000000080001B90 (0xFFFECEB7) lui t4, -0x14
x29 <- 0xFFFFFFFFFFFEC000

mem[X,0x0000000080001B94] -> 0x8E93
mem[X,0x0000000080001B96] -> 0xFFFE
[1770] [M]: 0x0000000080001B94 (0xFFFE8E93) addi t4, t4, -0x1
x29 <- 0xFFFFFFFFFFFEBFFF

mem[X,0x0000000080001B98] -> 0x9E93
mem[X,0x0000000080001B9A] -> 0x00BE
[1771] [M]: 0x0000000080001B98 (0x00BE9E93) slli t4, t4, 0xb
x29 <- 0xFFFFFFFFF5FFF800

mem[X,0x0000000080001B9C] -> 0x8E93
mem[X,0x0000000080001B9E] -> 0x7FFE
[1772] [M]: 0x0000000080001B9C (0x7FFE8E93) addi t4, t4, 0x7ff
x29 <- 0xFFFFFFFFF5FFFFFF

mem[X,0x0000000080001BA0] -> 0x9E93
mem[X,0x0000000080001BA2] -> 0x00BE
[1773] [M]: 0x0000000080001BA0 (0x00BE9E93) slli t4, t4, 0xb
x29 <- 0xFFFFFFAFFFFFF800

mem[X,0x0000000080001BA4] -> 0x8E93
mem[X,0x0000000080001BA6] -> 0x6C0E
[1774] [M]: 0x0000000080001BA4 (0x6C0E8E93) addi t4, t4, 0x6c0
x29 <- 0xFFFFFFAFFFFFFEC0

mem[X,0x0000000080001BA8] -> 0x9E93
mem[X,0x0000000080001BAA] -> 0x00AE
[1775] [M]: 0x0000000080001BA8 (0x00AE9E93) slli t4, t4, 0xa
x29 <- 0xFFFEBFFFFFFB0000

mem[X,0x0000000080001BAC] -> 0x8E93
mem[X,0x0000000080001BAE] -> 0x200E
[1776] [M]: 0x0000000080001BAC (0x200E8E93) addi t4, t4, 0x200
x29 <- 0xFFFEBFFFFFFB0200

mem[X,0x0000000080001BB0] -> 0x7FBB
mem[X,0x0000000080001BB2] -> 0xD5DF
[1777] [M]: 0x0000000080001BB0 (0xD5DF7FBB) pmulqr.h t6, t5, t4
x31 <- 0xFFFFFFFEFFFE0000

mem[X,0x0000000080001BB4] -> 0xB423
mem[X,0x0000000080001BB6] -> 0x1FF0
[1778] [M]: 0x0000000080001BB4 (0x1FF0B423) sd t6, 0x1e8(ra)
mem[0x00000000800043F8] <- 0xFFFFFFFEFFFE0000

mem[X,0x0000000080001BB8] -> 0x4F37
mem[X,0x0000000080001BBA] -> 0x0009
[1779] [M]: 0x0000000080001BB8 (0x00094F37) lui t5, 0x94
x30 <- 0x0000000000094000

mem[X,0x0000000080001BBC] -> 0x0F13
mem[X,0x0000000080001BBE] -> 0x000F
[1780] [M]: 0x0000000080001BBC (0x000F0F13) addi t5, t5, 0x0
x30 <- 0x0000000000094000

mem[X,0x0000000080001BC0] -> 0x1F13
mem[X,0x0000000080001BC2] -> 0x00BF
[1781] [M]: 0x0000000080001BC0 (0x00BF1F13) slli t5, t5, 0xb
x30 <- 0x000000004A000000

mem[X,0x0000000080001BC4] -> 0x0F13
mem[X,0x0000000080001BC6] -> 0x000F
[1782] [M]: 0x0000000080001BC4 (0x000F0F13) addi t5, t5, 0x0
x30 <- 0x000000004A000000

mem[X,0x0000000080001BC8] -> 0x1F13
mem[X,0x0000000080001BCA] -> 0x00BF
[1783] [M]: 0x0000000080001BC8 (0x00BF1F13) slli t5, t5, 0xb
x30 <- 0x0000025000000000

mem[X,0x0000000080001BCC] -> 0x0F13
mem[X,0x0000000080001BCE] -> 0x0BFF
[1784] [M]: 0x0000000080001BCC (0x0BFF0F13) addi t5, t5, 0xbf
x30 <- 0x00000250000000BF

mem[X,0x0000000080001BD0] -> 0x1F13
mem[X,0x0000000080001BD2] -> 0x00AF
[1785] [M]: 0x0000000080001BD0 (0x00AF1F13) slli t5, t5, 0xa
x30 <- 0x000940000002FC00

mem[X,0x0000000080001BD4] -> 0x0F13
mem[X,0x0000000080001BD6] -> 0x1FFF
[1786] [M]: 0x0000000080001BD4 (0x1FFF0F13) addi t5, t5, 0x1ff
x30 <- 0x000940000002FDFF

mem[X,0x0000000080001BD8] -> 0x0EB7
mem[X,0x0000000080001BDA] -> 0xFFF6
[1787] [M]: 0x0000000080001BD8 (0xFFF60EB7) lui t4, -0xa0
x29 <- 0xFFFFFFFFFFF60000

mem[X,0x0000000080001BDC] -> 0x8E93
mem[X,0x0000000080001BDE] -> 0x005E
[1788] [M]: 0x0000000080001BDC (0x005E8E93) addi t4, t4, 0x5
x29 <- 0xFFFFFFFFFFF60005

mem[X,0x0000000080001BE0] -> 0x9E93
mem[X,0x0000000080001BE2] -> 0x00BE
[1789] [M]: 0x0000000080001BE0 (0x00BE9E93) slli t4, t4, 0xb
x29 <- 0xFFFFFFFFB0002800

mem[X,0x0000000080001BE4] -> 0x8E93
mem[X,0x0000000080001BE6] -> 0x7BFE
[1790] [M]: 0x0000000080001BE4 (0x7BFE8E93) addi t4, t4, 0x7bf
x29 <- 0xFFFFFFFFB0002FBF

mem[X,0x0000000080001BE8] -> 0x9E93
mem[X,0x0000000080001BEA] -> 0x00BE
[1791] [M]: 0x0000000080001BE8 (0x00BE9E93) slli t4, t4, 0xb
x29 <- 0xFFFFFD80017DF800

mem[X,0x0000000080001BEC] -> 0x8E93
mem[X,0x0000000080001BEE] -> 0x7F7E
[1792] [M]: 0x0000000080001BEC (0x7F7E8E93) addi t4, t4, 0x7f7
x29 <- 0xFFFFFD80017DFFF7

mem[X,0x0000000080001BF0] -> 0x9E93
mem[X,0x0000000080001BF2] -> 0x00AE
[1793] [M]: 0x0000000080001BF0 (0x00AE9E93) slli t4, t4, 0xa
x29 <- 0xFFF60005F7FFDC00

mem[X,0x0000000080001BF4] -> 0x8E93
mem[X,0x0000000080001BF6] -> 0x3FFE
[1794] [M]: 0x0000000080001BF4 (0x3FFE8E93) addi t4, t4, 0x3ff
x29 <- 0xFFF60005F7FFDFFF

mem[X,0x0000000080001BF8] -> 0x7FBB
mem[X,0x0000000080001BFA] -> 0xD5DF
[1795] [M]: 0x0000000080001BF8 (0xD5DF7FBB) pmulqr.h t6, t5, t4
x31 <- 0x0000000300000080

mem[X,0x0000000080001BFC] -> 0xB823
mem[X,0x0000000080001BFE] -> 0x1FF0
[1796] [M]: 0x0000000080001BFC (0x1FF0B823) sd t6, 0x1f0(ra)
mem[0x0000000080004400] <- 0x0000000300000080

mem[X,0x0000000080001C00] -> 0x0F37
mem[X,0x0000000080001C02] -> 0x0021
[1797] [M]: 0x0000000080001C00 (0x00210F37) lui t5, 0x210
x30 <- 0x0000000000210000

mem[X,0x0000000080001C04] -> 0x0F13
mem[X,0x0000000080001C06] -> 0xFFEF
[1798] [M]: 0x0000000080001C04 (0xFFEF0F13) addi t5, t5, -0x2
x30 <- 0x000000000020FFFE

mem[X,0x0000000080001C08] -> 0x1F13
mem[X,0x0000000080001C0A] -> 0x00BF
[1799] [M]: 0x0000000080001C08 (0x00BF1F13) slli t5, t5, 0xb
x30 <- 0x0000000107FFF000

clint::tick mtime <- 0x0000000000000012
 clint timer pending at mtime 0x0000000000000012
htif::tick 0x0000000000000000
mem[X,0x0000000080001C0C] -> 0x0F13
mem[X,0x0000000080001C0E] -> 0x7FFF
[1800] [M]: 0x0000000080001C0C (0x7FFF0F13) addi t5, t5, 0x7ff
x30 <- 0x0000000107FFF7FF

mem[X,0x0000000080001C10] -> 0x1F13
mem[X,0x0000000080001C12] -> 0x00BF
[1801] [M]: 0x0000000080001C10 (0x00BF1F13) slli t5, t5, 0xb
x30 <- 0x0000083FFFBFF800

mem[X,0x0000000080001C14] -> 0x0F13
mem[X,0x0000000080001C16] -> 0x580F
[1802] [M]: 0x0000000080001C14 (0x580F0F13) addi t5, t5, 0x580
x30 <- 0x0000083FFFBFFD80

mem[X,0x0000000080001C18] -> 0x1F13
mem[X,0x0000000080001C1A] -> 0x00AF
[1803] [M]: 0x0000000080001C18 (0x00AF1F13) slli t5, t5, 0xa
x30 <- 0x0020FFFEFFF60000

mem[X,0x0000000080001C1C] -> 0x0F13
mem[X,0x0000000080001C1E] -> 0x002F
[1804] [M]: 0x0000000080001C1C (0x002F0F13) addi t5, t5, 0x2
x30 <- 0x0020FFFEFFF60002

mem[X,0x0000000080001C20] -> 0x0EB7
mem[X,0x0000000080001C22] -> 0xFFFE
[1805] [M]: 0x0000000080001C20 (0xFFFE0EB7) lui t4, -0x20
x29 <- 0xFFFFFFFFFFFE0000

mem[X,0x0000000080001C24] -> 0x8E93
mem[X,0x0000000080001C26] -> 0xFFFE
[1806] [M]: 0x0000000080001C24 (0xFFFE8E93) addi t4, t4, -0x1
x29 <- 0xFFFFFFFFFFFDFFFF

mem[X,0x0000000080001C28] -> 0x9E93
mem[X,0x0000000080001C2A] -> 0x00BE
[1807] [M]: 0x0000000080001C28 (0x00BE9E93) slli t4, t4, 0xb
x29 <- 0xFFFFFFFFEFFFF800

mem[X,0x0000000080001C2C] -> 0x8E93
mem[X,0x0000000080001C2E] -> 0x000E
[1808] [M]: 0x0000000080001C2C (0x000E8E93) addi t4, t4, 0x0
x29 <- 0xFFFFFFFFEFFFF800

mem[X,0x0000000080001C30] -> 0x9E93
mem[X,0x0000000080001C32] -> 0x00BE
[1809] [M]: 0x0000000080001C30 (0x00BE9E93) slli t4, t4, 0xb
x29 <- 0xFFFFFF7FFFC00000

mem[X,0x0000000080001C34] -> 0x8E93
mem[X,0x0000000080001C36] -> 0x17FE
[1810] [M]: 0x0000000080001C34 (0x17FE8E93) addi t4, t4, 0x17f
x29 <- 0xFFFFFF7FFFC0017F

mem[X,0x0000000080001C38] -> 0x9E93
mem[X,0x0000000080001C3A] -> 0x00AE
[1811] [M]: 0x0000000080001C38 (0x00AE9E93) slli t4, t4, 0xa
x29 <- 0xFFFDFFFF0005FC00

mem[X,0x0000000080001C3C] -> 0x8E93
mem[X,0x0000000080001C3E] -> 0x3EFE
[1812] [M]: 0x0000000080001C3C (0x3EFE8E93) addi t4, t4, 0x3ef
x29 <- 0xFFFDFFFF0005FFEF

mem[X,0x0000000080001C40] -> 0x7FBB
mem[X,0x0000000080001C42] -> 0xD5DF
[1813] [M]: 0x0000000080001C40 (0xD5DF7FBB) pmulqr.h t6, t5, t4
x31 <- 0x0000000000000000

mem[X,0x0000000080001C44] -> 0xBC23
mem[X,0x0000000080001C46] -> 0x1FF0
[1814] [M]: 0x0000000080001C44 (0x1FF0BC23) sd t6, 0x1f8(ra)
mem[0x0000000080004408] <- 0x0000000000000000

mem[X,0x0000000080001C48] -> 0x0F37
mem[X,0x0000000080001C4A] -> 0x0000
[1815] [M]: 0x0000000080001C48 (0x00000F37) lui t5, 0x0
x30 <- 0x0000000000000000

mem[X,0x0000000080001C4C] -> 0x0F13
mem[X,0x0000000080001C4E] -> 0xFF7F
[1816] [M]: 0x0000000080001C4C (0xFF7F0F13) addi t5, t5, -0x9
x30 <- 0xFFFFFFFFFFFFFFF7

mem[X,0x0000000080001C50] -> 0x1F13
mem[X,0x0000000080001C52] -> 0x00BF
[1817] [M]: 0x0000000080001C50 (0x00BF1F13) slli t5, t5, 0xb
x30 <- 0xFFFFFFFFFFFFB800

mem[X,0x0000000080001C54] -> 0x0F13
mem[X,0x0000000080001C56] -> 0x040F
[1818] [M]: 0x0000000080001C54 (0x040F0F13) addi t5, t5, 0x40
x30 <- 0xFFFFFFFFFFFFB840

mem[X,0x0000000080001C58] -> 0x1F13
mem[X,0x0000000080001C5A] -> 0x00BF
[1819] [M]: 0x0000000080001C58 (0x00BF1F13) slli t5, t5, 0xb
x30 <- 0xFFFFFFFFFDC20000

mem[X,0x0000000080001C5C] -> 0x0F13
mem[X,0x0000000080001C5E] -> 0x03FF
[1820] [M]: 0x0000000080001C5C (0x03FF0F13) addi t5, t5, 0x3f
x30 <- 0xFFFFFFFFFDC2003F

mem[X,0x0000000080001C60] -> 0x1F13
mem[X,0x0000000080001C62] -> 0x00AF
[1821] [M]: 0x0000000080001C60 (0x00AF1F13) slli t5, t5, 0xa
x30 <- 0xFFFFFFF70800FC00

mem[X,0x0000000080001C64] -> 0x0F13
mem[X,0x0000000080001C66] -> 0x3FEF
[1822] [M]: 0x0000000080001C64 (0x3FEF0F13) addi t5, t5, 0x3fe
x30 <- 0xFFFFFFF70800FFFE

mem[X,0x0000000080001C68] -> 0x0EB7
mem[X,0x0000000080001C6A] -> 0x1000
[1823] [M]: 0x0000000080001C68 (0x10000EB7) lui t4, 0x10000
x29 <- 0x0000000010000000

mem[X,0x0000000080001C6C] -> 0x8E93
mem[X,0x0000000080001C6E] -> 0x040E
[1824] [M]: 0x0000000080001C6C (0x040E8E93) addi t4, t4, 0x40
x29 <- 0x0000000010000040

mem[X,0x0000000080001C70] -> 0x9E93
mem[X,0x0000000080001C72] -> 0x00BE
[1825] [M]: 0x0000000080001C70 (0x00BE9E93) slli t4, t4, 0xb
x29 <- 0x0000008000020000

mem[X,0x0000000080001C74] -> 0x8E93
mem[X,0x0000000080001C76] -> 0x7FFE
[1826] [M]: 0x0000000080001C74 (0x7FFE8E93) addi t4, t4, 0x7ff
x29 <- 0x00000080000207FF

mem[X,0x0000000080001C78] -> 0x9E93
mem[X,0x0000000080001C7A] -> 0x00BE
[1827] [M]: 0x0000000080001C78 (0x00BE9E93) slli t4, t4, 0xb
x29 <- 0x00040000103FF800

mem[X,0x0000000080001C7C] -> 0x8E93
mem[X,0x0000000080001C7E] -> 0x3C8E
[1828] [M]: 0x0000000080001C7C (0x3C8E8E93) addi t4, t4, 0x3c8
x29 <- 0x00040000103FFBC8

mem[X,0x0000000080001C80] -> 0x9E93
mem[X,0x0000000080001C82] -> 0x00AE
[1829] [M]: 0x0000000080001C80 (0x00AE9E93) slli t4, t4, 0xa
x29 <- 0x10000040FFEF2000

mem[X,0x0000000080001C84] -> 0x7FBB
mem[X,0x0000000080001C86] -> 0xD5DF
[1830] [M]: 0x0000000080001C84 (0xD5DF7FBB) pmulqr.h t6, t5, t4
x31 <- 0x00000000FFFF0000

mem[X,0x0000000080001C88] -> 0xB023
mem[X,0x0000000080001C8A] -> 0x21F0
[1831] [M]: 0x0000000080001C88 (0x21F0B023) sd t6, 0x200(ra)
mem[0x0000000080004410] <- 0x00000000FFFF0000

mem[X,0x0000000080001C8C] -> 0x0F37
mem[X,0x0000000080001C8E] -> 0x8000
[1832] [M]: 0x0000000080001C8C (0x80000F37) lui t5, -0x80000
x30 <- 0xFFFFFFFF80000000

mem[X,0x0000000080001C90] -> 0x0F13
mem[X,0x0000000080001C92] -> 0xFF9F
[1833] [M]: 0x0000000080001C90 (0xFF9F0F13) addi t5, t5, -0x7
x30 <- 0xFFFFFFFF7FFFFFF9

mem[X,0x0000000080001C94] -> 0x1F13
mem[X,0x0000000080001C96] -> 0x00BF
[1834] [M]: 0x0000000080001C94 (0x00BF1F13) slli t5, t5, 0xb
x30 <- 0xFFFFFBFFFFFFC800

mem[X,0x0000000080001C98] -> 0x0F13
mem[X,0x0000000080001C9A] -> 0x6FFF
[1835] [M]: 0x0000000080001C98 (0x6FFF0F13) addi t5, t5, 0x6ff
x30 <- 0xFFFFFBFFFFFFCEFF

mem[X,0x0000000080001C9C] -> 0x1F13
mem[X,0x0000000080001C9E] -> 0x00BF
[1836] [M]: 0x0000000080001C9C (0x00BF1F13) slli t5, t5, 0xb
x30 <- 0xFFDFFFFFFE77F800

mem[X,0x0000000080001CA0] -> 0x0F13
mem[X,0x0000000080001CA2] -> 0x7E0F
[1837] [M]: 0x0000000080001CA0 (0x7E0F0F13) addi t5, t5, 0x7e0
x30 <- 0xFFDFFFFFFE77FFE0

mem[X,0x0000000080001CA4] -> 0x1F13
mem[X,0x0000000080001CA6] -> 0x00AF
[1838] [M]: 0x0000000080001CA4 (0x00AF1F13) slli t5, t5, 0xa
x30 <- 0x7FFFFFF9DFFF8000

mem[X,0x0000000080001CA8] -> 0x0EB7
mem[X,0x0000000080001CAA] -> 0x0000
[1839] [M]: 0x0000000080001CA8 (0x00000EB7) lui t4, 0x0
x29 <- 0x0000000000000000

mem[X,0x0000000080001CAC] -> 0x8E93
mem[X,0x0000000080001CAE] -> 0xFF7E
[1840] [M]: 0x0000000080001CAC (0xFF7E8E93) addi t4, t4, -0x9
x29 <- 0xFFFFFFFFFFFFFFF7

mem[X,0x0000000080001CB0] -> 0x9E93
mem[X,0x0000000080001CB2] -> 0x00BE
[1841] [M]: 0x0000000080001CB0 (0x00BE9E93) slli t4, t4, 0xb
x29 <- 0xFFFFFFFFFFFFB800

mem[X,0x0000000080001CB4] -> 0x8E93
mem[X,0x0000000080001CB6] -> 0x2AAE
[1842] [M]: 0x0000000080001CB4 (0x2AAE8E93) addi t4, t4, 0x2aa
x29 <- 0xFFFFFFFFFFFFBAAA

mem[X,0x0000000080001CB8] -> 0x9E93
mem[X,0x0000000080001CBA] -> 0x00BE
[1843] [M]: 0x0000000080001CB8 (0x00BE9E93) slli t4, t4, 0xb
x29 <- 0xFFFFFFFFFDD55000

mem[X,0x0000000080001CBC] -> 0x8E93
mem[X,0x0000000080001CBE] -> 0x542E
[1844] [M]: 0x0000000080001CBC (0x542E8E93) addi t4, t4, 0x542
x29 <- 0xFFFFFFFFFDD55542

mem[X,0x0000000080001CC0] -> 0x9E93
mem[X,0x0000000080001CC2] -> 0x00AE
[1845] [M]: 0x0000000080001CC0 (0x00AE9E93) slli t4, t4, 0xa
x29 <- 0xFFFFFFF755550800

mem[X,0x0000000080001CC4] -> 0x7FBB
mem[X,0x0000000080001CC6] -> 0xD5DF
[1846] [M]: 0x0000000080001CC4 (0xD5DF7FBB) pmulqr.h t6, t5, t4
x31 <- 0xFFFF0000EAAAF800

mem[X,0x0000000080001CC8] -> 0xB423
mem[X,0x0000000080001CCA] -> 0x21F0
[1847] [M]: 0x0000000080001CC8 (0x21F0B423) sd t6, 0x208(ra)
mem[0x0000000080004418] <- 0xFFFF0000EAAAF800

mem[X,0x0000000080001CCC] -> 0x0F37
mem[X,0x0000000080001CCE] -> 0xF000
[1848] [M]: 0x0000000080001CCC (0xF0000F37) lui t5, -0x10000
x30 <- 0xFFFFFFFFF0000000

mem[X,0x0000000080001CD0] -> 0x0F13
mem[X,0x0000000080001CD2] -> 0xFFBF
[1849] [M]: 0x0000000080001CD0 (0xFFBF0F13) addi t5, t5, -0x5
x30 <- 0xFFFFFFFFEFFFFFFB

mem[X,0x0000000080001CD4] -> 0x1F13
mem[X,0x0000000080001CD6] -> 0x00BF
[1850] [M]: 0x0000000080001CD4 (0x00BF1F13) slli t5, t5, 0xb
x30 <- 0xFFFFFF7FFFFFD800

mem[X,0x0000000080001CD8] -> 0x0F13
mem[X,0x0000000080001CDA] -> 0x2AAF
[1851] [M]: 0x0000000080001CD8 (0x2AAF0F13) addi t5, t5, 0x2aa
x30 <- 0xFFFFFF7FFFFFDAAA

mem[X,0x0000000080001CDC] -> 0x1F13
mem[X,0x0000000080001CDE] -> 0x00BF
[1852] [M]: 0x0000000080001CDC (0x00BF1F13) slli t5, t5, 0xb
x30 <- 0xFFFBFFFFFED55000

mem[X,0x0000000080001CE0] -> 0x0F13
mem[X,0x0000000080001CE2] -> 0x57FF
[1853] [M]: 0x0000000080001CE0 (0x57FF0F13) addi t5, t5, 0x57f
x30 <- 0xFFFBFFFFFED5557F

mem[X,0x0000000080001CE4] -> 0x1F13
mem[X,0x0000000080001CE6] -> 0x00AF
[1854] [M]: 0x0000000080001CE4 (0x00AF1F13) slli t5, t5, 0xa
x30 <- 0xEFFFFFFB5555FC00

mem[X,0x0000000080001CE8] -> 0x0F13
mem[X,0x0000000080001CEA] -> 0x3FFF
[1855] [M]: 0x0000000080001CE8 (0x3FFF0F13) addi t5, t5, 0x3ff
x30 <- 0xEFFFFFFB5555FFFF

mem[X,0x0000000080001CEC] -> 0x0EB7
mem[X,0x0000000080001CEE] -> 0x0005
[1856] [M]: 0x0000000080001CEC (0x00050EB7) lui t4, 0x50
x29 <- 0x0000000000050000

mem[X,0x0000000080001CF0] -> 0x8E93
mem[X,0x0000000080001CF2] -> 0xFFBE
[1857] [M]: 0x0000000080001CF0 (0xFFBE8E93) addi t4, t4, -0x5
x29 <- 0x000000000004FFFB

mem[X,0x0000000080001CF4] -> 0x9E93
mem[X,0x0000000080001CF6] -> 0x00BE
[1858] [M]: 0x0000000080001CF4 (0x00BE9E93) slli t4, t4, 0xb
x29 <- 0x0000000027FFD800

mem[X,0x0000000080001CF8] -> 0x8E93
mem[X,0x0000000080001CFA] -> 0x002E
[1859] [M]: 0x0000000080001CF8 (0x002E8E93) addi t4, t4, 0x2
x29 <- 0x0000000027FFD802

mem[X,0x0000000080001CFC] -> 0x9E93
mem[X,0x0000000080001CFE] -> 0x00BE
[1860] [M]: 0x0000000080001CFC (0x00BE9E93) slli t4, t4, 0xb
x29 <- 0x0000013FFEC01000

mem[X,0x0000000080001D00] -> 0x8E93
mem[X,0x0000000080001D02] -> 0x03FE
[1861] [M]: 0x0000000080001D00 (0x03FE8E93) addi t4, t4, 0x3f
x29 <- 0x0000013FFEC0103F

mem[X,0x0000000080001D04] -> 0x9E93
mem[X,0x0000000080001D06] -> 0x00AE
[1862] [M]: 0x0000000080001D04 (0x00AE9E93) slli t4, t4, 0xa
x29 <- 0x0004FFFB0040FC00

mem[X,0x0000000080001D08] -> 0x8E93
mem[X,0x0000000080001D0A] -> 0x2FFE
[1863] [M]: 0x0000000080001D08 (0x2FFE8E93) addi t4, t4, 0x2ff
x29 <- 0x0004FFFB0040FEFF

mem[X,0x0000000080001D0C] -> 0x7FBB
mem[X,0x0000000080001D0E] -> 0xD5DF
[1864] [M]: 0x0000000080001D0C (0xD5DF7FBB) pmulqr.h t6, t5, t4
x31 <- 0xFFFF0000002B0000

mem[X,0x0000000080001D10] -> 0xB823
mem[X,0x0000000080001D12] -> 0x21F0
[1865] [M]: 0x0000000080001D10 (0x21F0B823) sd t6, 0x210(ra)
mem[0x0000000080004420] <- 0xFFFF0000002B0000

mem[X,0x0000000080001D14] -> 0x0F37
mem[X,0x0000000080001D16] -> 0x000A
[1866] [M]: 0x0000000080001D14 (0x000A0F37) lui t5, 0xa0
x30 <- 0x00000000000A0000

mem[X,0x0000000080001D18] -> 0x0F13
mem[X,0x0000000080001D1A] -> 0xBFFF
[1867] [M]: 0x0000000080001D18 (0xBFFF0F13) addi t5, t5, -0x401
x30 <- 0x000000000009FBFF

mem[X,0x0000000080001D1C] -> 0x1F13
mem[X,0x0000000080001D1E] -> 0x00BF
[1868] [M]: 0x0000000080001D1C (0x00BF1F13) slli t5, t5, 0xb
x30 <- 0x000000004FDFF800

mem[X,0x0000000080001D20] -> 0x0F13
mem[X,0x0000000080001D22] -> 0x7FFF
[1869] [M]: 0x0000000080001D20 (0x7FFF0F13) addi t5, t5, 0x7ff
x30 <- 0x000000004FDFFFFF

mem[X,0x0000000080001D24] -> 0x1F13
mem[X,0x0000000080001D26] -> 0x00BF
[1870] [M]: 0x0000000080001D24 (0x00BF1F13) slli t5, t5, 0xb
x30 <- 0x0000027EFFFFF800

mem[X,0x0000000080001D28] -> 0x0F13
mem[X,0x0000000080001D2A] -> 0x640F
[1871] [M]: 0x0000000080001D28 (0x640F0F13) addi t5, t5, 0x640
x30 <- 0x0000027EFFFFFE40

mem[X,0x0000000080001D2C] -> 0x1F13
mem[X,0x0000000080001D2E] -> 0x00AF
[1872] [M]: 0x0000000080001D2C (0x00AF1F13) slli t5, t5, 0xa
x30 <- 0x0009FBFFFFF90000

mem[X,0x0000000080001D30] -> 0x0F13
mem[X,0x0000000080001D32] -> 0x010F
[1873] [M]: 0x0000000080001D30 (0x010F0F13) addi t5, t5, 0x10
x30 <- 0x0009FBFFFFF90010

mem[X,0x0000000080001D34] -> 0x0EB7
mem[X,0x0000000080001D36] -> 0x5555
[1874] [M]: 0x0000000080001D34 (0x55550EB7) lui t4, 0x55550
x29 <- 0x0000000055550000

mem[X,0x0000000080001D38] -> 0x8E93
mem[X,0x0000000080001D3A] -> 0x007E
[1875] [M]: 0x0000000080001D38 (0x007E8E93) addi t4, t4, 0x7
x29 <- 0x0000000055550007

mem[X,0x0000000080001D3C] -> 0x9E93
mem[X,0x0000000080001D3E] -> 0x00BE
[1876] [M]: 0x0000000080001D3C (0x00BE9E93) slli t4, t4, 0xb
x29 <- 0x000002AAA8003800

mem[X,0x0000000080001D40] -> 0x8E93
mem[X,0x0000000080001D42] -> 0x7FDE
[1877] [M]: 0x0000000080001D40 (0x7FDE8E93) addi t4, t4, 0x7fd
x29 <- 0x000002AAA8003FFD

mem[X,0x0000000080001D44] -> 0x9E93
mem[X,0x0000000080001D46] -> 0x00BE
[1878] [M]: 0x0000000080001D44 (0x00BE9E93) slli t4, t4, 0xb
x29 <- 0x0015554001FFE800

mem[X,0x0000000080001D48] -> 0x8E93
mem[X,0x0000000080001D4A] -> 0x7C1E
[1879] [M]: 0x0000000080001D48 (0x7C1E8E93) addi t4, t4, 0x7c1
x29 <- 0x0015554001FFEFC1

mem[X,0x0000000080001D4C] -> 0x9E93
mem[X,0x0000000080001D4E] -> 0x00AE
[1880] [M]: 0x0000000080001D4C (0x00AE9E93) slli t4, t4, 0xa
x29 <- 0x55550007FFBF0400

mem[X,0x0000000080001D50] -> 0x7FBB
mem[X,0x0000000080001D52] -> 0xD5DF
[1881] [M]: 0x0000000080001D50 (0xD5DF7FBB) pmulqr.h t6, t5, t4
x31 <- 0x0006000000000001

mem[X,0x0000000080001D54] -> 0xBC23
mem[X,0x0000000080001D56] -> 0x21F0
[1882] [M]: 0x0000000080001D54 (0x21F0BC23) sd t6, 0x218(ra)
mem[0x0000000080004428] <- 0x0006000000000001

mem[X,0x0000000080001D58] -> 0xCF37
mem[X,0x0000000080001D5A] -> 0xFFFA
[1883] [M]: 0x0000000080001D58 (0xFFFACF37) lui t5, -0x54
x30 <- 0xFFFFFFFFFFFAC000

mem[X,0x0000000080001D5C] -> 0x0F13
mem[X,0x0000000080001D5E] -> 0xFFFF
[1884] [M]: 0x0000000080001D5C (0xFFFF0F13) addi t5, t5, -0x1
x30 <- 0xFFFFFFFFFFFABFFF

mem[X,0x0000000080001D60] -> 0x1F13
mem[X,0x0000000080001D62] -> 0x00BF
[1885] [M]: 0x0000000080001D60 (0x00BF1F13) slli t5, t5, 0xb
x30 <- 0xFFFFFFFFD5FFF800

mem[X,0x0000000080001D64] -> 0x0F13
mem[X,0x0000000080001D66] -> 0x002F
[1886] [M]: 0x0000000080001D64 (0x002F0F13) addi t5, t5, 0x2
x30 <- 0xFFFFFFFFD5FFF802

mem[X,0x0000000080001D68] -> 0x1F13
mem[X,0x0000000080001D6A] -> 0x00BF
[1887] [M]: 0x0000000080001D68 (0x00BF1F13) slli t5, t5, 0xb
x30 <- 0xFFFFFEAFFFC01000

mem[X,0x0000000080001D6C] -> 0x0F13
mem[X,0x0000000080001D6E] -> 0x03FF
[1888] [M]: 0x0000000080001D6C (0x03FF0F13) addi t5, t5, 0x3f
x30 <- 0xFFFFFEAFFFC0103F

mem[X,0x0000000080001D70] -> 0x1F13
mem[X,0x0000000080001D72] -> 0x00AF
[1889] [M]: 0x0000000080001D70 (0x00AF1F13) slli t5, t5, 0xa
x30 <- 0xFFFABFFF0040FC00

mem[X,0x0000000080001D74] -> 0x0F13
mem[X,0x0000000080001D76] -> 0x3FDF
[1890] [M]: 0x0000000080001D74 (0x3FDF0F13) addi t5, t5, 0x3fd
x30 <- 0xFFFABFFF0040FFFD

mem[X,0x0000000080001D78] -> 0x8EB7
mem[X,0x0000000080001D7A] -> 0xFF7F
[1891] [M]: 0x0000000080001D78 (0xFF7F8EB7) lui t4, -0x808
x29 <- 0xFFFFFFFFFF7F8000

mem[X,0x0000000080001D7C] -> 0x8E93
mem[X,0x0000000080001D7E] -> 0xFFFE
[1892] [M]: 0x0000000080001D7C (0xFFFE8E93) addi t4, t4, -0x1
x29 <- 0xFFFFFFFFFF7F7FFF

mem[X,0x0000000080001D80] -> 0x9E93
mem[X,0x0000000080001D82] -> 0x00BE
[1893] [M]: 0x0000000080001D80 (0x00BE9E93) slli t4, t4, 0xb
x29 <- 0xFFFFFFFBFBFFF800

mem[X,0x0000000080001D84] -> 0x8E93
mem[X,0x0000000080001D86] -> 0x000E
[1894] [M]: 0x0000000080001D84 (0x000E8E93) addi t4, t4, 0x0
x29 <- 0xFFFFFFFBFBFFF800

mem[X,0x0000000080001D88] -> 0x9E93
mem[X,0x0000000080001D8A] -> 0x00BE
[1895] [M]: 0x0000000080001D88 (0x00BE9E93) slli t4, t4, 0xb
x29 <- 0xFFFFDFDFFFC00000

mem[X,0x0000000080001D8C] -> 0x8E93
mem[X,0x0000000080001D8E] -> 0x200E
[1896] [M]: 0x0000000080001D8C (0x200E8E93) addi t4, t4, 0x200
x29 <- 0xFFFFDFDFFFC00200

mem[X,0x0000000080001D90] -> 0x9E93
mem[X,0x0000000080001D92] -> 0x00AE
[1897] [M]: 0x0000000080001D90 (0x00AE9E93) slli t4, t4, 0xa
x29 <- 0xFF7F7FFF00080000

mem[X,0x0000000080001D94] -> 0x8E93
mem[X,0x0000000080001D96] -> 0x008E
[1898] [M]: 0x0000000080001D94 (0x008E8E93) addi t4, t4, 0x8
x29 <- 0xFF7F7FFF00080008

mem[X,0x0000000080001D98] -> 0x7FBB
mem[X,0x0000000080001D9A] -> 0xD5DF
[1899] [M]: 0x0000000080001D98 (0xD5DF7FBB) pmulqr.h t6, t5, t4
x31 <- 0x0000C00000000000

clint::tick mtime <- 0x0000000000000013
 clint timer pending at mtime 0x0000000000000013
htif::tick 0x0000000000000000
mem[X,0x0000000080001D9C] -> 0xB023
mem[X,0x0000000080001D9E] -> 0x23F0
[1900] [M]: 0x0000000080001D9C (0x23F0B023) sd t6, 0x220(ra)
mem[0x0000000080004430] <- 0x0000C00000000000

mem[X,0x0000000080001DA0] -> 0x006F
mem[X,0x0000000080001DA2] -> 0x0380
[1901] [M]: 0x0000000080001DA0 (0x0380006F) jal zero, 0x38

mem[X,0x0000000080001DD8] -> 0x0093
mem[X,0x0000000080001DDA] -> 0x0010
[1902] [M]: 0x0000000080001DD8 (0x00100093) addi ra, zero, 0x1
x1 <- 0x0000000000000001

mem[X,0x0000000080001DDC] -> 0x0F17
mem[X,0x0000000080001DDE] -> 0x0000
[1903] [M]: 0x0000000080001DDC (0x00000F17) auipc t5, 0x0
x30 <- 0x0000000080001DDC

mem[X,0x0000000080001DE0] -> 0x2223
mem[X,0x0000000080001DE2] -> 0x221F
[1904] [M]: 0x0000000080001DE0 (0x221F2223) sw ra, 0x224(t5)
htif[0x0000000080002000] <- 0x00000001

mem[X,0x0000000080001DE4] -> 0xF06F
mem[X,0x0000000080001DE6] -> 0xFF9F
[1905] [M]: 0x0000000080001DE4 (0xFF9FF06F) jal zero, -0x8

mem[X,0x0000000080001DDC] -> 0x0F17
mem[X,0x0000000080001DDE] -> 0x0000
[1906] [M]: 0x0000000080001DDC (0x00000F17) auipc t5, 0x0
x30 <- 0x0000000080001DDC

mem[X,0x0000000080001DE0] -> 0x2223
mem[X,0x0000000080001DE2] -> 0x221F
[1907] [M]: 0x0000000080001DE0 (0x221F2223) sw ra, 0x224(t5)
htif[0x0000000080002000] <- 0x00000001

mem[X,0x0000000080001DE4] -> 0xF06F
mem[X,0x0000000080001DE6] -> 0xFF9F
[1908] [M]: 0x0000000080001DE4 (0xFF9FF06F) jal zero, -0x8

mem[X,0x0000000080001DDC] -> 0x0F17
mem[X,0x0000000080001DDE] -> 0x0000
[1909] [M]: 0x0000000080001DDC (0x00000F17) auipc t5, 0x0
x30 <- 0x0000000080001DDC

mem[X,0x0000000080001DE0] -> 0x2223
mem[X,0x0000000080001DE2] -> 0x221F
[1910] [M]: 0x0000000080001DE0 (0x221F2223) sw ra, 0x224(t5)
htif[0x0000000080002000] <- 0x00000001
htif-syscall-proxy cmd: 0x000000000001

SUCCESS
