using /home/chsu/rvp-workspace/test-example/riscof_work/pssha.h.h0-01.S/ref/Reference-sail_c_simulator.signature for test-signature output.
tohost located at 0x80001000
Running file ref.elf.
ELF Entry @ 0x80000000
begin_signature: 0x80003110
end_signature: 0x80003240
CSR mstatus <- 0x00000000 (input: 0x00000000)
mem[X,0x00001000] -> 0x0297
mem[X,0x00001002] -> 0x0000
[0] [M]: 0x00001000 (0x00000297) auipc t0, 0x0
x5 <- 0x00001000

mem[X,0x00001004] -> 0x8593
mem[X,0x00001006] -> 0x0202
[1] [M]: 0x00001004 (0x02028593) addi a1, t0, 0x20
x11 <- 0x00001020

mem[X,0x00001008] -> 0x2573
mem[X,0x0000100A] -> 0xF140
[2] [M]: 0x00001008 (0xF1402573) csrrs a0, mhartid, zero
CSR mhartid -> 0x00000000
x10 <- 0x00000000

mem[X,0x0000100C] -> 0xA283
mem[X,0x0000100E] -> 0x0182
[3] [M]: 0x0000100C (0x0182A283) lw t0, 0x18(t0)
mem[R,0x00001018] -> 0x80000000
x5 <- 0x80000000

mem[X,0x00001010] -> 0x8067
mem[X,0x00001012] -> 0x0002
[4] [M]: 0x00001010 (0x00028067) jalr zero, 0x0(t0)

mem[X,0x80000000] -> 0x0837
mem[X,0x80000002] -> 0x7D5C
[5] [M]: 0x80000000 (0x7D5C0837) lui a6, 0x7d5c0
x16 <- 0x7D5C0000

mem[X,0x80000004] -> 0x0813
mem[X,0x80000006] -> 0xDDB8
[6] [M]: 0x80000004 (0xDDB80813) addi a6, a6, -0x225
x16 <- 0x7D5BFDDB

mem[X,0x80000008] -> 0x5893
mem[X,0x8000000A] -> 0x0078
[7] [M]: 0x80000008 (0x00785893) srli a7, a6, 0x7
x17 <- 0x00FAB7FB

mem[X,0x8000000C] -> 0x5793
mem[X,0x8000000E] -> 0x0198
[8] [M]: 0x8000000C (0x01985793) srli a5, a6, 0x19
x15 <- 0x0000003E

mem[X,0x80000010] -> 0xE8B3
mem[X,0x80000012] -> 0x00F8
[9] [M]: 0x80000010 (0x00F8E8B3) or a7, a7, a5
x17 <- 0x00FAB7FF

mem[X,0x80000014] -> 0xD913
mem[X,0x80000016] -> 0x0078
[10] [M]: 0x80000014 (0x0078D913) srli s2, a7, 0x7
x18 <- 0x0001F56F

mem[X,0x80000018] -> 0xD793
mem[X,0x8000001A] -> 0x0198
[11] [M]: 0x80000018 (0x0198D793) srli a5, a7, 0x19
x15 <- 0x00000000

mem[X,0x8000001C] -> 0x6933
mem[X,0x8000001E] -> 0x00F9
[12] [M]: 0x8000001C (0x00F96933) or s2, s2, a5
x18 <- 0x0001F56F

mem[X,0x80000020] -> 0x5993
mem[X,0x80000022] -> 0x0079
[13] [M]: 0x80000020 (0x00795993) srli s3, s2, 0x7
x19 <- 0x000003EA

mem[X,0x80000024] -> 0x5793
mem[X,0x80000026] -> 0x0199
[14] [M]: 0x80000024 (0x01995793) srli a5, s2, 0x19
x15 <- 0x00000000

mem[X,0x80000028] -> 0xE9B3
mem[X,0x8000002A] -> 0x00F9
[15] [M]: 0x80000028 (0x00F9E9B3) or s3, s3, a5
x19 <- 0x000003EA

mem[X,0x8000002C] -> 0xDA13
mem[X,0x8000002E] -> 0x0079
[16] [M]: 0x8000002C (0x0079DA13) srli s4, s3, 0x7
x20 <- 0x00000007

mem[X,0x80000030] -> 0xD793
mem[X,0x80000032] -> 0x0199
[17] [M]: 0x80000030 (0x0199D793) srli a5, s3, 0x19
x15 <- 0x00000000

mem[X,0x80000034] -> 0x6A33
mem[X,0x80000036] -> 0x00FA
[18] [M]: 0x80000034 (0x00FA6A33) or s4, s4, a5
x20 <- 0x00000007

mem[X,0x80000038] -> 0x5A93
mem[X,0x8000003A] -> 0x007A
[19] [M]: 0x80000038 (0x007A5A93) srli s5, s4, 0x7
x21 <- 0x00000000

mem[X,0x8000003C] -> 0x5793
mem[X,0x8000003E] -> 0x019A
[20] [M]: 0x8000003C (0x019A5793) srli a5, s4, 0x19
x15 <- 0x00000000

mem[X,0x80000040] -> 0xEAB3
mem[X,0x80000042] -> 0x00FA
[21] [M]: 0x80000040 (0x00FAEAB3) or s5, s5, a5
x21 <- 0x00000000

mem[X,0x80000044] -> 0xDB13
mem[X,0x80000046] -> 0x007A
[22] [M]: 0x80000044 (0x007ADB13) srli s6, s5, 0x7
x22 <- 0x00000000

mem[X,0x80000048] -> 0xD793
mem[X,0x8000004A] -> 0x019A
[23] [M]: 0x80000048 (0x019AD793) srli a5, s5, 0x19
x15 <- 0x00000000

mem[X,0x8000004C] -> 0x6B33
mem[X,0x8000004E] -> 0x00FB
[24] [M]: 0x8000004C (0x00FB6B33) or s6, s6, a5
x22 <- 0x00000000

mem[X,0x80000050] -> 0x5B93
mem[X,0x80000052] -> 0x007B
[25] [M]: 0x80000050 (0x007B5B93) srli s7, s6, 0x7
x23 <- 0x00000000

mem[X,0x80000054] -> 0x5793
mem[X,0x80000056] -> 0x019B
[26] [M]: 0x80000054 (0x019B5793) srli a5, s6, 0x19
x15 <- 0x00000000

mem[X,0x80000058] -> 0xEBB3
mem[X,0x8000005A] -> 0x00FB
[27] [M]: 0x80000058 (0x00FBEBB3) or s7, s7, a5
x23 <- 0x00000000

mem[X,0x8000005C] -> 0xDC13
mem[X,0x8000005E] -> 0x007B
[28] [M]: 0x8000005C (0x007BDC13) srli s8, s7, 0x7
x24 <- 0x00000000

mem[X,0x80000060] -> 0xD793
mem[X,0x80000062] -> 0x019B
[29] [M]: 0x80000060 (0x019BD793) srli a5, s7, 0x19
x15 <- 0x00000000

mem[X,0x80000064] -> 0x6C33
mem[X,0x80000066] -> 0x00FC
[30] [M]: 0x80000064 (0x00FC6C33) or s8, s8, a5
x24 <- 0x00000000

mem[X,0x80000068] -> 0x5C93
mem[X,0x8000006A] -> 0x007C
[31] [M]: 0x80000068 (0x007C5C93) srli s9, s8, 0x7
x25 <- 0x00000000

mem[X,0x8000006C] -> 0x5793
mem[X,0x8000006E] -> 0x019C
[32] [M]: 0x8000006C (0x019C5793) srli a5, s8, 0x19
x15 <- 0x00000000

mem[X,0x80000070] -> 0xECB3
mem[X,0x80000072] -> 0x00FC
[33] [M]: 0x80000070 (0x00FCECB3) or s9, s9, a5
x25 <- 0x00000000

mem[X,0x80000074] -> 0xDD13
mem[X,0x80000076] -> 0x007C
[34] [M]: 0x80000074 (0x007CDD13) srli s10, s9, 0x7
x26 <- 0x00000000

mem[X,0x80000078] -> 0xD793
mem[X,0x8000007A] -> 0x019C
[35] [M]: 0x80000078 (0x019CD793) srli a5, s9, 0x19
x15 <- 0x00000000

mem[X,0x8000007C] -> 0x6D33
mem[X,0x8000007E] -> 0x00FD
[36] [M]: 0x8000007C (0x00FD6D33) or s10, s10, a5
x26 <- 0x00000000

mem[X,0x80000080] -> 0x5D93
mem[X,0x80000082] -> 0x007D
[37] [M]: 0x80000080 (0x007D5D93) srli s11, s10, 0x7
x27 <- 0x00000000

mem[X,0x80000084] -> 0x5793
mem[X,0x80000086] -> 0x019D
[38] [M]: 0x80000084 (0x019D5793) srli a5, s10, 0x19
x15 <- 0x00000000

mem[X,0x80000088] -> 0xEDB3
mem[X,0x8000008A] -> 0x00FD
[39] [M]: 0x80000088 (0x00FDEDB3) or s11, s11, a5
x27 <- 0x00000000

mem[X,0x8000008C] -> 0xDE13
mem[X,0x8000008E] -> 0x007D
[40] [M]: 0x8000008C (0x007DDE13) srli t3, s11, 0x7
x28 <- 0x00000000

mem[X,0x80000090] -> 0xD793
mem[X,0x80000092] -> 0x019D
[41] [M]: 0x80000090 (0x019DD793) srli a5, s11, 0x19
x15 <- 0x00000000

mem[X,0x80000094] -> 0x6E33
mem[X,0x80000096] -> 0x00FE
[42] [M]: 0x80000094 (0x00FE6E33) or t3, t3, a5
x28 <- 0x00000000

mem[X,0x80000098] -> 0x5E93
mem[X,0x8000009A] -> 0x007E
[43] [M]: 0x80000098 (0x007E5E93) srli t4, t3, 0x7
x29 <- 0x00000000

mem[X,0x8000009C] -> 0x5793
mem[X,0x8000009E] -> 0x019E
[44] [M]: 0x8000009C (0x019E5793) srli a5, t3, 0x19
x15 <- 0x00000000

mem[X,0x800000A0] -> 0xEEB3
mem[X,0x800000A2] -> 0x00FE
[45] [M]: 0x800000A0 (0x00FEEEB3) or t4, t4, a5
x29 <- 0x00000000

mem[X,0x800000A4] -> 0xDF13
mem[X,0x800000A6] -> 0x007E
[46] [M]: 0x800000A4 (0x007EDF13) srli t5, t4, 0x7
x30 <- 0x00000000

mem[X,0x800000A8] -> 0xD793
mem[X,0x800000AA] -> 0x019E
[47] [M]: 0x800000A8 (0x019ED793) srli a5, t4, 0x19
x15 <- 0x00000000

mem[X,0x800000AC] -> 0x6F33
mem[X,0x800000AE] -> 0x00FF
[48] [M]: 0x800000AC (0x00FF6F33) or t5, t5, a5
x30 <- 0x00000000

mem[X,0x800000B0] -> 0xC0B7
mem[X,0x800000B2] -> 0xFEED
[49] [M]: 0x800000B0 (0xFEEDC0B7) lui ra, -0x1124
x1 <- 0xFEEDC000

mem[X,0x800000B4] -> 0x8093
mem[X,0x800000B6] -> 0xEAD0
[50] [M]: 0x800000B4 (0xEAD08093) addi ra, ra, -0x153
x1 <- 0xFEEDBEAD

mem[X,0x800000B8] -> 0xD113
mem[X,0x800000BA] -> 0x0070
[51] [M]: 0x800000B8 (0x0070D113) srli sp, ra, 0x7
x2 <- 0x01FDDB7D

mem[X,0x800000BC] -> 0xD793
mem[X,0x800000BE] -> 0x0190
[52] [M]: 0x800000BC (0x0190D793) srli a5, ra, 0x19
x15 <- 0x0000007F

mem[X,0x800000C0] -> 0x6133
mem[X,0x800000C2] -> 0x00F1
[53] [M]: 0x800000C0 (0x00F16133) or sp, sp, a5
x2 <- 0x01FDDB7F

mem[X,0x800000C4] -> 0x5193
mem[X,0x800000C6] -> 0x0071
[54] [M]: 0x800000C4 (0x00715193) srli gp, sp, 0x7
x3 <- 0x0003FBB6

mem[X,0x800000C8] -> 0x5793
mem[X,0x800000CA] -> 0x0191
[55] [M]: 0x800000C8 (0x01915793) srli a5, sp, 0x19
x15 <- 0x00000000

mem[X,0x800000CC] -> 0xE1B3
mem[X,0x800000CE] -> 0x00F1
[56] [M]: 0x800000CC (0x00F1E1B3) or gp, gp, a5
x3 <- 0x0003FBB6

mem[X,0x800000D0] -> 0xD213
mem[X,0x800000D2] -> 0x0071
[57] [M]: 0x800000D0 (0x0071D213) srli tp, gp, 0x7
x4 <- 0x000007F7

mem[X,0x800000D4] -> 0xD793
mem[X,0x800000D6] -> 0x0191
[58] [M]: 0x800000D4 (0x0191D793) srli a5, gp, 0x19
x15 <- 0x00000000

mem[X,0x800000D8] -> 0x6233
mem[X,0x800000DA] -> 0x00F2
[59] [M]: 0x800000D8 (0x00F26233) or tp, tp, a5
x4 <- 0x000007F7

mem[X,0x800000DC] -> 0x5293
mem[X,0x800000DE] -> 0x0072
[60] [M]: 0x800000DC (0x00725293) srli t0, tp, 0x7
x5 <- 0x0000000F

mem[X,0x800000E0] -> 0x5793
mem[X,0x800000E2] -> 0x0192
[61] [M]: 0x800000E0 (0x01925793) srli a5, tp, 0x19
x15 <- 0x00000000

mem[X,0x800000E4] -> 0xE2B3
mem[X,0x800000E6] -> 0x00F2
[62] [M]: 0x800000E4 (0x00F2E2B3) or t0, t0, a5
x5 <- 0x0000000F

mem[X,0x800000E8] -> 0xD313
mem[X,0x800000EA] -> 0x0072
[63] [M]: 0x800000E8 (0x0072D313) srli t1, t0, 0x7
x6 <- 0x00000000

mem[X,0x800000EC] -> 0xD793
mem[X,0x800000EE] -> 0x0192
[64] [M]: 0x800000EC (0x0192D793) srli a5, t0, 0x19
x15 <- 0x00000000

mem[X,0x800000F0] -> 0x6333
mem[X,0x800000F2] -> 0x00F3
[65] [M]: 0x800000F0 (0x00F36333) or t1, t1, a5
x6 <- 0x00000000

mem[X,0x800000F4] -> 0x5393
mem[X,0x800000F6] -> 0x0073
[66] [M]: 0x800000F4 (0x00735393) srli t2, t1, 0x7
x7 <- 0x00000000

mem[X,0x800000F8] -> 0x5793
mem[X,0x800000FA] -> 0x0193
[67] [M]: 0x800000F8 (0x01935793) srli a5, t1, 0x19
x15 <- 0x00000000

mem[X,0x800000FC] -> 0xE3B3
mem[X,0x800000FE] -> 0x00F3
[68] [M]: 0x800000FC (0x00F3E3B3) or t2, t2, a5
x7 <- 0x00000000

mem[X,0x80000100] -> 0xD413
mem[X,0x80000102] -> 0x0073
[69] [M]: 0x80000100 (0x0073D413) srli fp, t2, 0x7
x8 <- 0x00000000

mem[X,0x80000104] -> 0xD793
mem[X,0x80000106] -> 0x0193
[70] [M]: 0x80000104 (0x0193D793) srli a5, t2, 0x19
x15 <- 0x00000000

mem[X,0x80000108] -> 0x6433
mem[X,0x8000010A] -> 0x00F4
[71] [M]: 0x80000108 (0x00F46433) or fp, fp, a5
x8 <- 0x00000000

mem[X,0x8000010C] -> 0x5493
mem[X,0x8000010E] -> 0x0074
[72] [M]: 0x8000010C (0x00745493) srli s1, fp, 0x7
x9 <- 0x00000000

mem[X,0x80000110] -> 0x5793
mem[X,0x80000112] -> 0x0194
[73] [M]: 0x80000110 (0x01945793) srli a5, fp, 0x19
x15 <- 0x00000000

mem[X,0x80000114] -> 0xE4B3
mem[X,0x80000116] -> 0x00F4
[74] [M]: 0x80000114 (0x00F4E4B3) or s1, s1, a5
x9 <- 0x00000000

mem[X,0x80000118] -> 0xD513
mem[X,0x8000011A] -> 0x0074
[75] [M]: 0x80000118 (0x0074D513) srli a0, s1, 0x7
x10 <- 0x00000000

mem[X,0x8000011C] -> 0xD793
mem[X,0x8000011E] -> 0x0194
[76] [M]: 0x8000011C (0x0194D793) srli a5, s1, 0x19
x15 <- 0x00000000

mem[X,0x80000120] -> 0x6533
mem[X,0x80000122] -> 0x00F5
[77] [M]: 0x80000120 (0x00F56533) or a0, a0, a5
x10 <- 0x00000000

mem[X,0x80000124] -> 0x5593
mem[X,0x80000126] -> 0x0075
[78] [M]: 0x80000124 (0x00755593) srli a1, a0, 0x7
x11 <- 0x00000000

mem[X,0x80000128] -> 0x5793
mem[X,0x8000012A] -> 0x0195
[79] [M]: 0x80000128 (0x01955793) srli a5, a0, 0x19
x15 <- 0x00000000

mem[X,0x8000012C] -> 0xE5B3
mem[X,0x8000012E] -> 0x00F5
[80] [M]: 0x8000012C (0x00F5E5B3) or a1, a1, a5
x11 <- 0x00000000

mem[X,0x80000130] -> 0xD613
mem[X,0x80000132] -> 0x0075
[81] [M]: 0x80000130 (0x0075D613) srli a2, a1, 0x7
x12 <- 0x00000000

mem[X,0x80000134] -> 0xD793
mem[X,0x80000136] -> 0x0195
[82] [M]: 0x80000134 (0x0195D793) srli a5, a1, 0x19
x15 <- 0x00000000

mem[X,0x80000138] -> 0x6633
mem[X,0x8000013A] -> 0x00F6
[83] [M]: 0x80000138 (0x00F66633) or a2, a2, a5
x12 <- 0x00000000

mem[X,0x8000013C] -> 0x5693
mem[X,0x8000013E] -> 0x0076
[84] [M]: 0x8000013C (0x00765693) srli a3, a2, 0x7
x13 <- 0x00000000

mem[X,0x80000140] -> 0x5793
mem[X,0x80000142] -> 0x0196
[85] [M]: 0x80000140 (0x01965793) srli a5, a2, 0x19
x15 <- 0x00000000

mem[X,0x80000144] -> 0xE6B3
mem[X,0x80000146] -> 0x00F6
[86] [M]: 0x80000144 (0x00F6E6B3) or a3, a3, a5
x13 <- 0x00000000

mem[X,0x80000148] -> 0x0013
mem[X,0x8000014A] -> 0x0000
[87] [M]: 0x80000148 (0x00000013) addi zero, zero, 0x0

mem[X,0x8000014C] -> 0x0013
mem[X,0x8000014E] -> 0x0000
[88] [M]: 0x8000014C (0x00000013) addi zero, zero, 0x0

mem[X,0x80000150] -> 0x0013
mem[X,0x80000152] -> 0x0000
[89] [M]: 0x80000150 (0x00000013) addi zero, zero, 0x0

mem[X,0x80000154] -> 0x0013
mem[X,0x80000156] -> 0x0000
[90] [M]: 0x80000154 (0x00000013) addi zero, zero, 0x0

mem[X,0x80000158] -> 0x0013
mem[X,0x8000015A] -> 0x0000
[91] [M]: 0x80000158 (0x00000013) addi zero, zero, 0x0

mem[X,0x8000015C] -> 0x0013
mem[X,0x8000015E] -> 0x0000
[92] [M]: 0x8000015C (0x00000013) addi zero, zero, 0x0

mem[X,0x80000160] -> 0x3117
mem[X,0x80000162] -> 0x0000
[93] [M]: 0x80000160 (0x00003117) auipc sp, 0x3
x2 <- 0x80003160

mem[X,0x80000164] -> 0x0113
mem[X,0x80000166] -> 0xFB41
[94] [M]: 0x80000164 (0xFB410113) addi sp, sp, -0x4c
x2 <- 0x80003114

mem[X,0x80000168] -> 0x0013
mem[X,0x8000016A] -> 0x0000
[95] [M]: 0x80000168 (0x00000013) addi zero, zero, 0x0

mem[X,0x8000016C] -> 0x0013
mem[X,0x8000016E] -> 0x0000
[96] [M]: 0x8000016C (0x00000013) addi zero, zero, 0x0

mem[X,0x80000170] -> 0x0013
mem[X,0x80000172] -> 0x0000
[97] [M]: 0x80000170 (0x00000013) addi zero, zero, 0x0

mem[X,0x80000174] -> 0x0013
mem[X,0x80000176] -> 0x0000
[98] [M]: 0x80000174 (0x00000013) addi zero, zero, 0x0

mem[X,0x80000178] -> 0x0013
mem[X,0x8000017A] -> 0x0000
[99] [M]: 0x80000178 (0x00000013) addi zero, zero, 0x0

clint::tick mtime <- 0x0000000000000001
 clint timer pending at mtime 0x0000000000000001
htif::tick 0x0000000000000000
mem[X,0x8000017C] -> 0x0013
mem[X,0x8000017E] -> 0x0000
[100] [M]: 0x8000017C (0x00000013) addi zero, zero, 0x0

mem[X,0x80000180] -> 0x8EB7
mem[X,0x80000182] -> 0x7FFF
[101] [M]: 0x80000180 (0x7FFF8EB7) lui t4, 0x7fff8
x29 <- 0x7FFF8000

mem[X,0x80000184] -> 0x1637
mem[X,0x80000186] -> 0xFFF9
[102] [M]: 0x80000184 (0xFFF91637) lui a2, -0x6f
x12 <- 0xFFF91000

mem[X,0x80000188] -> 0xA89B
mem[X,0x8000018A] -> 0xE8CE
[103] [M]: 0x80000188 (0xE8CEA89B) pssha.h.h0 a7, t4, a2
x17 <- 0x7FFF8000

mem[X,0x8000018C] -> 0x2023
mem[X,0x8000018E] -> 0x0111
[104] [M]: 0x8000018C (0x01112023) sw a7, 0x0(sp)
mem[0x80003114] <- 0x7FFF8000

mem[X,0x80000190] -> 0x01B7
mem[X,0x80000192] -> 0xF800
[105] [M]: 0x80000190 (0xF80001B7) lui gp, -0x8000
x3 <- 0xF8000000

mem[X,0x80000194] -> 0x8193
mem[X,0x80000196] -> 0xFFF1
[106] [M]: 0x80000194 (0xFFF18193) addi gp, gp, -0x1
x3 <- 0xF7FFFFFF

mem[X,0x80000198] -> 0x11B7
mem[X,0x8000019A] -> 0x5555
[107] [M]: 0x80000198 (0x555511B7) lui gp, 0x55551
x3 <- 0x55551000

mem[X,0x8000019C] -> 0x8193
mem[X,0x8000019E] -> 0x8001
[108] [M]: 0x8000019C (0x80018193) addi gp, gp, -0x800
x3 <- 0x55550800

mem[X,0x800001A0] -> 0xA19B
mem[X,0x800001A2] -> 0xE831
[109] [M]: 0x800001A0 (0xE831A19B) pssha.h.h0 gp, gp, gp
x3 <- 0x55550800

mem[X,0x800001A4] -> 0x2223
mem[X,0x800001A6] -> 0x0031
[110] [M]: 0x800001A4 (0x00312223) sw gp, 0x4(sp)
mem[0x80003118] <- 0x55550800

mem[X,0x800001A8] -> 0x04B7
mem[X,0x800001AA] -> 0xBFFF
[111] [M]: 0x800001A8 (0xBFFF04B7) lui s1, -0x40010
x9 <- 0xBFFF0000

mem[X,0x800001AC] -> 0x0037
mem[X,0x800001AE] -> 0x4000
[112] [M]: 0x800001AC (0x40000037) lui zero, 0x40000

mem[X,0x800001B0] -> 0x0013
mem[X,0x800001B2] -> 0xFDF0
[113] [M]: 0x800001B0 (0xFDF00013) addi zero, zero, -0x21

mem[X,0x800001B4] -> 0xA01B
mem[X,0x800001B6] -> 0xE804
[114] [M]: 0x800001B4 (0xE804A01B) pssha.h.h0 zero, s1, zero

mem[X,0x800001B8] -> 0x2423
mem[X,0x800001BA] -> 0x0001
[115] [M]: 0x800001B8 (0x00012423) sw zero, 0x8(sp)
mem[0x8000311C] <- 0x00000000

mem[X,0x800001BC] -> 0x00B7
mem[X,0x800001BE] -> 0x0040
[116] [M]: 0x800001BC (0x004000B7) lui ra, 0x400
x1 <- 0x00400000

mem[X,0x800001C0] -> 0x8093
mem[X,0x800001C2] -> 0x0010
[117] [M]: 0x800001C0 (0x00108093) addi ra, ra, 0x1
x1 <- 0x00400001

mem[X,0x800001C4] -> 0x00B7
mem[X,0x800001C6] -> 0xFEFF
[118] [M]: 0x800001C4 (0xFEFF00B7) lui ra, -0x1010
x1 <- 0xFEFF0000

mem[X,0x800001C8] -> 0x8093
mem[X,0x800001CA] -> 0x0800
[119] [M]: 0x800001C8 (0x08008093) addi ra, ra, 0x80
x1 <- 0xFEFF0080

mem[X,0x800001CC] -> 0xA69B
mem[X,0x800001CE] -> 0xE810
[120] [M]: 0x800001CC (0xE810A69B) pssha.h.h0 a3, ra, ra
x13 <- 0xFEFF0080

mem[X,0x800001D0] -> 0x2623
mem[X,0x800001D2] -> 0x00D1
[121] [M]: 0x800001D0 (0x00D12623) sw a3, 0xc(sp)
mem[0x80003120] <- 0xFEFF0080

mem[X,0x800001D4] -> 0x8CB7
mem[X,0x800001D6] -> 0x0400
[122] [M]: 0x800001D4 (0x04008CB7) lui s9, 0x4008
x25 <- 0x04008000

mem[X,0x800001D8] -> 0x8C93
mem[X,0x800001DA] -> 0xFFFC
[123] [M]: 0x800001D8 (0xFFFC8C93) addi s9, s9, -0x1
x25 <- 0x04007FFF

mem[X,0x800001DC] -> 0x1437
mem[X,0x800001DE] -> 0xFFFC
[124] [M]: 0x800001DC (0xFFFC1437) lui fp, -0x3f
x8 <- 0xFFFC1000

mem[X,0x800001E0] -> 0xAC9B
mem[X,0x800001E2] -> 0xE88C
[125] [M]: 0x800001E0 (0xE88CAC9B) pssha.h.h0 s9, s9, fp
x25 <- 0x04007FFF

mem[X,0x800001E4] -> 0x2823
mem[X,0x800001E6] -> 0x0191
[126] [M]: 0x800001E4 (0x01912823) sw s9, 0x10(sp)
mem[0x80003124] <- 0x04007FFF

mem[X,0x800001E8] -> 0x0A37
mem[X,0x800001EA] -> 0x0003
[127] [M]: 0x800001E8 (0x00030A37) lui s4, 0x30
x20 <- 0x00030000

mem[X,0x800001EC] -> 0x0A13
mem[X,0x800001EE] -> 0x002A
[128] [M]: 0x800001EC (0x002A0A13) addi s4, s4, 0x2
x20 <- 0x00030002

mem[X,0x800001F0] -> 0x0737
mem[X,0x800001F2] -> 0xFF00
[129] [M]: 0x800001F0 (0xFF000737) lui a4, -0x1000
x14 <- 0xFF000000

mem[X,0x800001F4] -> 0x0713
mem[X,0x800001F6] -> 0xFF97
[130] [M]: 0x800001F4 (0xFF970713) addi a4, a4, -0x7
x14 <- 0xFEFFFFF9

mem[X,0x800001F8] -> 0x231B
mem[X,0x800001FA] -> 0xE8EA
[131] [M]: 0x800001F8 (0xE8EA231B) pssha.h.h0 t1, s4, a4
x6 <- 0x00000000

mem[X,0x800001FC] -> 0x2A23
mem[X,0x800001FE] -> 0x0061
[132] [M]: 0x800001FC (0x00612A23) sw t1, 0x14(sp)
mem[0x80003128] <- 0x00000000

mem[X,0x80000200] -> 0x0537
mem[X,0x80000202] -> 0x1000
[133] [M]: 0x80000200 (0x10000537) lui a0, 0x10000
x10 <- 0x10000000

mem[X,0x80000204] -> 0x0513
mem[X,0x80000206] -> 0x0045
[134] [M]: 0x80000204 (0x00450513) addi a0, a0, 0x4
x10 <- 0x10000004

mem[X,0x80000208] -> 0x1D37
mem[X,0x8000020A] -> 0xFF7F
[135] [M]: 0x80000208 (0xFF7F1D37) lui s10, -0x80f
x26 <- 0xFF7F1000

mem[X,0x8000020C] -> 0x0D13
mem[X,0x8000020E] -> 0x800D
[136] [M]: 0x8000020C (0x800D0D13) addi s10, s10, -0x800
x26 <- 0xFF7F0800

mem[X,0x80000210] -> 0x291B
mem[X,0x80000212] -> 0xE9A5
[137] [M]: 0x80000210 (0xE9A5291B) pssha.h.h0 s2, a0, s10
x18 <- 0x10000004

mem[X,0x80000214] -> 0x2C23
mem[X,0x80000216] -> 0x0121
[138] [M]: 0x80000214 (0x01212C23) sw s2, 0x18(sp)
mem[0x8000312C] <- 0x10000004

mem[X,0x80000218] -> 0x0837
mem[X,0x8000021A] -> 0x0009
[139] [M]: 0x80000218 (0x00090837) lui a6, 0x90
x16 <- 0x00090000

mem[X,0x8000021C] -> 0x0813
mem[X,0x8000021E] -> 0x0088
[140] [M]: 0x8000021C (0x00880813) addi a6, a6, 0x8
x16 <- 0x00090008

mem[X,0x80000220] -> 0x02B7
mem[X,0x80000222] -> 0xFE00
[141] [M]: 0x80000220 (0xFE0002B7) lui t0, -0x2000
x5 <- 0xFE000000

mem[X,0x80000224] -> 0x8293
mem[X,0x80000226] -> 0xFFE2
[142] [M]: 0x80000224 (0xFFE28293) addi t0, t0, -0x2
x5 <- 0xFDFFFFFE

mem[X,0x80000228] -> 0x299B
mem[X,0x8000022A] -> 0xE858
[143] [M]: 0x80000228 (0xE858299B) pssha.h.h0 s3, a6, t0
x19 <- 0x00020002

mem[X,0x8000022C] -> 0x2E23
mem[X,0x8000022E] -> 0x0131
[144] [M]: 0x8000022C (0x01312E23) sw s3, 0x1c(sp)
mem[0x80003130] <- 0x00020002

mem[X,0x80000230] -> 0x0B37
mem[X,0x80000232] -> 0x0200
[145] [M]: 0x80000230 (0x02000B37) lui s6, 0x2000
x22 <- 0x02000000

mem[X,0x80000234] -> 0x0B13
mem[X,0x80000236] -> 0x010B
[146] [M]: 0x80000234 (0x010B0B13) addi s6, s6, 0x10
x22 <- 0x02000010

mem[X,0x80000238] -> 0xCCB7
mem[X,0x8000023A] -> 0x0040
[147] [M]: 0x80000238 (0x0040CCB7) lui s9, 0x40c
x25 <- 0x0040C000

mem[X,0x8000023C] -> 0x2E1B
mem[X,0x8000023E] -> 0xE99B
[148] [M]: 0x8000023C (0xE99B2E1B) pssha.h.h0 t3, s6, s9
x28 <- 0x02000010

mem[X,0x80000240] -> 0x2023
mem[X,0x80000242] -> 0x03C1
[149] [M]: 0x80000240 (0x03C12023) sw t3, 0x20(sp)
mem[0x80003134] <- 0x02000010

mem[X,0x80000244] -> 0x02B7
mem[X,0x80000246] -> 0xBFFF
[150] [M]: 0x80000244 (0xBFFF02B7) lui t0, -0x40010
x5 <- 0xBFFF0000

mem[X,0x80000248] -> 0x8293
mem[X,0x8000024A] -> 0x0202
[151] [M]: 0x80000248 (0x02028293) addi t0, t0, 0x20
x5 <- 0xBFFF0020

mem[X,0x8000024C] -> 0x48B7
mem[X,0x8000024E] -> 0xFFEF
[152] [M]: 0x8000024C (0xFFEF48B7) lui a7, -0x10c
x17 <- 0xFFEF4000

mem[X,0x80000250] -> 0xAB1B
mem[X,0x80000252] -> 0xE912
[153] [M]: 0x80000250 (0xE912AB1B) pssha.h.h0 s6, t0, a7
x22 <- 0xBFFF0020

mem[X,0x80000254] -> 0x2223
mem[X,0x80000256] -> 0x0361
[154] [M]: 0x80000254 (0x03612223) sw s6, 0x24(sp)
mem[0x80003138] <- 0xBFFF0020

mem[X,0x80000258] -> 0x0437
mem[X,0x8000025A] -> 0xFFEF
[155] [M]: 0x80000258 (0xFFEF0437) lui fp, -0x110
x8 <- 0xFFEF0000

mem[X,0x8000025C] -> 0x0413
mem[X,0x8000025E] -> 0x0404
[156] [M]: 0x8000025C (0x04040413) addi fp, fp, 0x40
x8 <- 0xFFEF0040

mem[X,0x80000260] -> 0x0C37
mem[X,0x80000262] -> 0xAAAB
[157] [M]: 0x80000260 (0xAAAB0C37) lui s8, -0x55550
x24 <- 0xAAAB0000

mem[X,0x80000264] -> 0x0C13
mem[X,0x80000266] -> 0xFDFC
[158] [M]: 0x80000264 (0xFDFC0C13) addi s8, s8, -0x21
x24 <- 0xAAAAFFDF

mem[X,0x80000268] -> 0x229B
mem[X,0x8000026A] -> 0xE984
[159] [M]: 0x80000268 (0xE984229B) pssha.h.h0 t0, fp, s8
x5 <- 0xFFF70020

mem[X,0x8000026C] -> 0x2423
mem[X,0x8000026E] -> 0x0251
[160] [M]: 0x8000026C (0x02512423) sw t0, 0x28(sp)
mem[0x8000313C] <- 0xFFF70020

mem[X,0x80000270] -> 0x0737
mem[X,0x80000272] -> 0xEFFF
[161] [M]: 0x80000270 (0xEFFF0737) lui a4, -0x10010
x14 <- 0xEFFF0000

mem[X,0x80000274] -> 0x0713
mem[X,0x80000276] -> 0x0807
[162] [M]: 0x80000274 (0x08070713) addi a4, a4, 0x80
x14 <- 0xEFFF0080

mem[X,0x80000278] -> 0x0AB7
mem[X,0x8000027A] -> 0x0006
[163] [M]: 0x80000278 (0x00060AB7) lui s5, 0x60
x21 <- 0x00060000

mem[X,0x8000027C] -> 0x8A93
mem[X,0x8000027E] -> 0xFDFA
[164] [M]: 0x8000027C (0xFDFA8A93) addi s5, s5, -0x21
x21 <- 0x0005FFDF

mem[X,0x80000280] -> 0x2C1B
mem[X,0x80000282] -> 0xE957
[165] [M]: 0x80000280 (0xE9572C1B) pssha.h.h0 s8, a4, s5
x24 <- 0xF7FF0040

mem[X,0x80000284] -> 0x2623
mem[X,0x80000286] -> 0x0381
[166] [M]: 0x80000284 (0x03812623) sw s8, 0x2c(sp)
mem[0x80003140] <- 0xF7FF0040

mem[X,0x80000288] -> 0x0F37
mem[X,0x8000028A] -> 0xFFF7
[167] [M]: 0x80000288 (0xFFF70F37) lui t5, -0x90
x30 <- 0xFFF70000

mem[X,0x8000028C] -> 0x0F13
mem[X,0x8000028E] -> 0x100F
[168] [M]: 0x8000028C (0x100F0F13) addi t5, t5, 0x100
x30 <- 0xFFF70100

mem[X,0x80000290] -> 0x0937
mem[X,0x80000292] -> 0x0008
[169] [M]: 0x80000290 (0x00080937) lui s2, 0x80
x18 <- 0x00080000

mem[X,0x80000294] -> 0x0913
mem[X,0x80000296] -> 0x0809
[170] [M]: 0x80000294 (0x08090913) addi s2, s2, 0x80
x18 <- 0x00080080

mem[X,0x80000298] -> 0x251B
mem[X,0x8000029A] -> 0xE92F
[171] [M]: 0x80000298 (0xE92F251B) pssha.h.h0 a0, t5, s2
x10 <- 0xFFF70100

mem[X,0x8000029C] -> 0x2823
mem[X,0x8000029E] -> 0x02A1
[172] [M]: 0x8000029C (0x02A12823) sw a0, 0x30(sp)
mem[0x80003144] <- 0xFFF70100

mem[X,0x800002A0] -> 0x0FB7
mem[X,0x800002A2] -> 0x0400
[173] [M]: 0x800002A0 (0x04000FB7) lui t6, 0x4000
x31 <- 0x04000000

mem[X,0x800002A4] -> 0x8F93
mem[X,0x800002A6] -> 0x200F
[174] [M]: 0x800002A4 (0x200F8F93) addi t6, t6, 0x200
x31 <- 0x04000200

mem[X,0x800002A8] -> 0x0EB7
mem[X,0x800002AA] -> 0x0009
[175] [M]: 0x800002A8 (0x00090EB7) lui t4, 0x90
x29 <- 0x00090000

mem[X,0x800002AC] -> 0x8E93
mem[X,0x800002AE] -> 0xFFBE
[176] [M]: 0x800002AC (0xFFBE8E93) addi t4, t4, -0x5
x29 <- 0x0008FFFB

mem[X,0x800002B0] -> 0xA09B
mem[X,0x800002B2] -> 0xE9DF
[177] [M]: 0x800002B0 (0xE9DFA09B) pssha.h.h0 ra, t6, t4
x1 <- 0x00200010

mem[X,0x800002B4] -> 0x2A23
mem[X,0x800002B6] -> 0x0211
[178] [M]: 0x800002B4 (0x02112A23) sw ra, 0x34(sp)
mem[0x80003148] <- 0x00200010

mem[X,0x800002B8] -> 0x03B7
mem[X,0x800002BA] -> 0x2000
[179] [M]: 0x800002B8 (0x200003B7) lui t2, 0x20000
x7 <- 0x20000000

mem[X,0x800002BC] -> 0x8393
mem[X,0x800002BE] -> 0x4003
[180] [M]: 0x800002BC (0x40038393) addi t2, t2, 0x400
x7 <- 0x20000400

mem[X,0x800002C0] -> 0x06B7
mem[X,0x800002C2] -> 0xFFFE
[181] [M]: 0x800002C0 (0xFFFE06B7) lui a3, -0x20
x13 <- 0xFFFE0000

mem[X,0x800002C4] -> 0x8693
mem[X,0x800002C6] -> 0xEFF6
[182] [M]: 0x800002C4 (0xEFF68693) addi a3, a3, -0x101
x13 <- 0xFFFDFEFF

mem[X,0x800002C8] -> 0xA21B
mem[X,0x800002CA] -> 0xE8D3
[183] [M]: 0x800002C8 (0xE8D3A21B) pssha.h.h0 tp, t2, a3
x4 <- 0x10000200

mem[X,0x800002CC] -> 0x2C23
mem[X,0x800002CE] -> 0x0241
[184] [M]: 0x800002CC (0x02412C23) sw tp, 0x38(sp)
mem[0x8000314C] <- 0x10000200

mem[X,0x800002D0] -> 0x0013
mem[X,0x800002D2] -> 0x0000
[185] [M]: 0x800002D0 (0x00000013) addi zero, zero, 0x0

mem[X,0x800002D4] -> 0x0013
mem[X,0x800002D6] -> 0x0000
[186] [M]: 0x800002D4 (0x00000013) addi zero, zero, 0x0

mem[X,0x800002D8] -> 0x0013
mem[X,0x800002DA] -> 0x0000
[187] [M]: 0x800002D8 (0x00000013) addi zero, zero, 0x0

mem[X,0x800002DC] -> 0x0013
mem[X,0x800002DE] -> 0x0000
[188] [M]: 0x800002DC (0x00000013) addi zero, zero, 0x0

mem[X,0x800002E0] -> 0x3097
mem[X,0x800002E2] -> 0x0000
[189] [M]: 0x800002E0 (0x00003097) auipc ra, 0x3
x1 <- 0x800032E0

mem[X,0x800002E4] -> 0x8093
mem[X,0x800002E6] -> 0xE700
[190] [M]: 0x800002E4 (0xE7008093) addi ra, ra, -0x190
x1 <- 0x80003150

mem[X,0x800002E8] -> 0x0013
mem[X,0x800002EA] -> 0x0000
[191] [M]: 0x800002E8 (0x00000013) addi zero, zero, 0x0

mem[X,0x800002EC] -> 0x0013
mem[X,0x800002EE] -> 0x0000
[192] [M]: 0x800002EC (0x00000013) addi zero, zero, 0x0

mem[X,0x800002F0] -> 0x0013
mem[X,0x800002F2] -> 0x0000
[193] [M]: 0x800002F0 (0x00000013) addi zero, zero, 0x0

mem[X,0x800002F4] -> 0x0013
mem[X,0x800002F6] -> 0x0000
[194] [M]: 0x800002F4 (0x00000013) addi zero, zero, 0x0

mem[X,0x800002F8] -> 0x0013
mem[X,0x800002FA] -> 0x0000
[195] [M]: 0x800002F8 (0x00000013) addi zero, zero, 0x0

mem[X,0x800002FC] -> 0x0013
mem[X,0x800002FE] -> 0x0000
[196] [M]: 0x800002FC (0x00000013) addi zero, zero, 0x0

mem[X,0x80000300] -> 0x17B7
mem[X,0x80000302] -> 0x0005
[197] [M]: 0x80000300 (0x000517B7) lui a5, 0x51
x15 <- 0x00051000

mem[X,0x80000304] -> 0x8793
mem[X,0x80000306] -> 0x8007
[198] [M]: 0x80000304 (0x80078793) addi a5, a5, -0x800
x15 <- 0x00050800

mem[X,0x80000308] -> 0x0137
mem[X,0x8000030A] -> 0xFFBF
[199] [M]: 0x80000308 (0xFFBF0137) lui sp, -0x410
x2 <- 0xFFBF0000

clint::tick mtime <- 0x0000000000000002
 clint timer pending at mtime 0x0000000000000002
htif::tick 0x0000000000000000
mem[X,0x8000030C] -> 0x0113
mem[X,0x8000030E] -> 0x0041
[200] [M]: 0x8000030C (0x00410113) addi sp, sp, 0x4
x2 <- 0xFFBF0004

mem[X,0x80000310] -> 0xAA1B
mem[X,0x80000312] -> 0xE827
[201] [M]: 0x80000310 (0xE827AA1B) pssha.h.h0 s4, a5, sp
x20 <- 0x00508000

mem[X,0x80000314] -> 0xA023
mem[X,0x80000316] -> 0x0140
[202] [M]: 0x80000314 (0x0140A023) sw s4, 0x0(ra)
mem[0x80003150] <- 0x00508000

mem[X,0x80000318] -> 0x1337
mem[X,0x8000031A] -> 0x0003
[203] [M]: 0x80000318 (0x00031337) lui t1, 0x31
x6 <- 0x00031000

mem[X,0x8000031C] -> 0xBBB7
mem[X,0x8000031E] -> 0xFFFE
[204] [M]: 0x8000031C (0xFFFEBBB7) lui s7, -0x15
x23 <- 0xFFFEB000

mem[X,0x80000320] -> 0x8B93
mem[X,0x80000322] -> 0xAAAB
[205] [M]: 0x80000320 (0xAAAB8B93) addi s7, s7, -0x556
x23 <- 0xFFFEAAAA

mem[X,0x80000324] -> 0x2F9B
mem[X,0x80000326] -> 0xE973
[206] [M]: 0x80000324 (0xE9732F9B) pssha.h.h0 t6, t1, s7
x31 <- 0x0C000000

mem[X,0x80000328] -> 0xA223
mem[X,0x8000032A] -> 0x01F0
[207] [M]: 0x80000328 (0x01F0A223) sw t6, 0x4(ra)
mem[0x80003154] <- 0x0C000000

mem[X,0x8000032C] -> 0x2C37
mem[X,0x8000032E] -> 0x0003
[208] [M]: 0x8000032C (0x00032C37) lui s8, 0x32
x24 <- 0x00032000

mem[X,0x80000330] -> 0x0DB7
mem[X,0x80000332] -> 0xFFFC
[209] [M]: 0x80000330 (0xFFFC0DB7) lui s11, -0x40
x27 <- 0xFFFC0000

mem[X,0x80000334] -> 0x8D93
mem[X,0x80000336] -> 0xFBFD
[210] [M]: 0x80000334 (0xFBFD8D93) addi s11, s11, -0x41
x27 <- 0xFFFBFFBF

mem[X,0x80000338] -> 0x2A9B
mem[X,0x8000033A] -> 0xE9BC
[211] [M]: 0x80000338 (0xE9BC2A9B) pssha.h.h0 s5, s8, s11
x21 <- 0x00011000

mem[X,0x8000033C] -> 0xA423
mem[X,0x8000033E] -> 0x0150
[212] [M]: 0x8000033C (0x0150A423) sw s5, 0x8(ra)
mem[0x80003158] <- 0x00011000

mem[X,0x80000340] -> 0x48B7
mem[X,0x80000342] -> 0x0004
[213] [M]: 0x80000340 (0x000448B7) lui a7, 0x44
x17 <- 0x00044000

mem[X,0x80000344] -> 0x24B7
mem[X,0x80000346] -> 0xFFBF
[214] [M]: 0x80000344 (0xFFBF24B7) lui s1, -0x40e
x9 <- 0xFFBF2000

mem[X,0x80000348] -> 0xA79B
mem[X,0x8000034A] -> 0xE898
[215] [M]: 0x80000348 (0xE898A79B) pssha.h.h0 a5, a7, s1
x15 <- 0x00044000

mem[X,0x8000034C] -> 0xA623
mem[X,0x8000034E] -> 0x00F0
[216] [M]: 0x8000034C (0x00F0A623) sw a5, 0xc(ra)
mem[0x8000315C] <- 0x00044000

mem[X,0x80000350] -> 0x09B7
mem[X,0x80000352] -> 0x0007
[217] [M]: 0x80000350 (0x000709B7) lui s3, 0x70
x19 <- 0x00070000

mem[X,0x80000354] -> 0x8993
mem[X,0x80000356] -> 0xFFE9
[218] [M]: 0x80000354 (0xFFE98993) addi s3, s3, -0x2
x19 <- 0x0006FFFE

mem[X,0x80000358] -> 0x0537
mem[X,0x8000035A] -> 0x2001
[219] [M]: 0x80000358 (0x20010537) lui a0, 0x20010
x10 <- 0x20010000

mem[X,0x8000035C] -> 0x0513
mem[X,0x8000035E] -> 0xFF85
[220] [M]: 0x8000035C (0xFF850513) addi a0, a0, -0x8
x10 <- 0x2000FFF8

mem[X,0x80000360] -> 0xA59B
mem[X,0x80000362] -> 0xE8A9
[221] [M]: 0x80000360 (0xE8A9A59B) pssha.h.h0 a1, s3, a0
x11 <- 0x0000FFFF

mem[X,0x80000364] -> 0xA823
mem[X,0x80000366] -> 0x00B0
[222] [M]: 0x80000364 (0x00B0A823) sw a1, 0x10(ra)
mem[0x80003160] <- 0x0000FFFF

mem[X,0x80000368] -> 0x06B7
mem[X,0x8000036A] -> 0xFFFC
[223] [M]: 0x80000368 (0xFFFC06B7) lui a3, -0x40
x13 <- 0xFFFC0000

mem[X,0x8000036C] -> 0x8693
mem[X,0x8000036E] -> 0xFFD6
[224] [M]: 0x8000036C (0xFFD68693) addi a3, a3, -0x3
x13 <- 0xFFFBFFFD

mem[X,0x80000370] -> 0x05B7
mem[X,0x80000372] -> 0xFDFF
[225] [M]: 0x80000370 (0xFDFF05B7) lui a1, -0x2010
x11 <- 0xFDFF0000

mem[X,0x80000374] -> 0x8593
mem[X,0x80000376] -> 0x0075
[226] [M]: 0x80000374 (0x00758593) addi a1, a1, 0x7
x11 <- 0xFDFF0007

mem[X,0x80000378] -> 0xAD1B
mem[X,0x8000037A] -> 0xE8B6
[227] [M]: 0x80000378 (0xE8B6AD1B) pssha.h.h0 s10, a3, a1
x26 <- 0xFD80FE80

mem[X,0x8000037C] -> 0xAA23
mem[X,0x8000037E] -> 0x01A0
[228] [M]: 0x8000037C (0x01A0AA23) sw s10, 0x14(ra)
mem[0x80003164] <- 0xFD80FE80

mem[X,0x80000380] -> 0x0137
mem[X,0x80000382] -> 0xFFF7
[229] [M]: 0x80000380 (0xFFF70137) lui sp, -0x90
x2 <- 0xFFF70000

mem[X,0x80000384] -> 0x0113
mem[X,0x80000386] -> 0xFFB1
[230] [M]: 0x80000384 (0xFFB10113) addi sp, sp, -0x5
x2 <- 0xFFF6FFFB

mem[X,0x80000388] -> 0x0337
mem[X,0x8000038A] -> 0xF800
[231] [M]: 0x80000388 (0xF8000337) lui t1, -0x8000
x6 <- 0xF8000000

mem[X,0x8000038C] -> 0x0313
mem[X,0x8000038E] -> 0xFFF3
[232] [M]: 0x8000038C (0xFFF30313) addi t1, t1, -0x1
x6 <- 0xF7FFFFFF

mem[X,0x80000390] -> 0x2D9B
mem[X,0x80000392] -> 0xE861
[233] [M]: 0x80000390 (0xE8612D9B) pssha.h.h0 s11, sp, t1
x27 <- 0xFFFBFFFD

mem[X,0x80000394] -> 0xAC23
mem[X,0x80000396] -> 0x01B0
[234] [M]: 0x80000394 (0x01B0AC23) sw s11, 0x18(ra)
mem[0x80003168] <- 0xFFFBFFFD

mem[X,0x80000398] -> 0x0DB7
mem[X,0x8000039A] -> 0xFC00
[235] [M]: 0x80000398 (0xFC000DB7) lui s11, -0x4000
x27 <- 0xFC000000

mem[X,0x8000039C] -> 0x8D93
mem[X,0x8000039E] -> 0xFF7D
[236] [M]: 0x8000039C (0xFF7D8D93) addi s11, s11, -0x9
x27 <- 0xFBFFFFF7

mem[X,0x800003A0] -> 0x27B7
mem[X,0x800003A2] -> 0x0080
[237] [M]: 0x800003A0 (0x008027B7) lui a5, 0x802
x15 <- 0x00802000

mem[X,0x800003A4] -> 0xAF1B
mem[X,0x800003A6] -> 0xE8FD
[238] [M]: 0x800003A4 (0xE8FDAF1B) pssha.h.h0 t5, s11, a5
x30 <- 0xFBFFFFF7

mem[X,0x800003A8] -> 0xAE23
mem[X,0x800003AA] -> 0x01E0
[239] [M]: 0x800003A8 (0x01E0AE23) sw t5, 0x1c(ra)
mem[0x8000316C] <- 0xFBFFFFF7

mem[X,0x800003AC] -> 0x0D37
mem[X,0x800003AE] -> 0xFF80
[240] [M]: 0x800003AC (0xFF800D37) lui s10, -0x800
x26 <- 0xFF800000

mem[X,0x800003B0] -> 0x0D13
mem[X,0x800003B2] -> 0xFEFD
[241] [M]: 0x800003B0 (0xFEFD0D13) addi s10, s10, -0x11
x26 <- 0xFF7FFFEF

mem[X,0x800003B4] -> 0x0A37
mem[X,0x800003B6] -> 0x2001
[242] [M]: 0x800003B4 (0x20010A37) lui s4, 0x20010
x20 <- 0x20010000

mem[X,0x800003B8] -> 0x0A13
mem[X,0x800003BA] -> 0xDFFA
[243] [M]: 0x800003B8 (0xDFFA0A13) addi s4, s4, -0x201
x20 <- 0x2000FDFF

mem[X,0x800003BC] -> 0x271B
mem[X,0x800003BE] -> 0xE94D
[244] [M]: 0x800003BC (0xE94D271B) pssha.h.h0 a4, s10, s4
x14 <- 0xFFBFFFF7

mem[X,0x800003C0] -> 0xA023
mem[X,0x800003C2] -> 0x02E0
[245] [M]: 0x800003C0 (0x02E0A023) sw a4, 0x20(ra)
mem[0x80003170] <- 0xFFBFFFF7

mem[X,0x800003C4] -> 0x0AB7
mem[X,0x800003C6] -> 0xF800
[246] [M]: 0x800003C4 (0xF8000AB7) lui s5, -0x8000
x21 <- 0xF8000000

mem[X,0x800003C8] -> 0x8A93
mem[X,0x800003CA] -> 0xFDFA
[247] [M]: 0x800003C8 (0xFDFA8A93) addi s5, s5, -0x21
x21 <- 0xF7FFFFDF

mem[X,0x800003CC] -> 0x0E37
mem[X,0x800003CE] -> 0x0005
[248] [M]: 0x800003CC (0x00050E37) lui t3, 0x50
x28 <- 0x00050000

mem[X,0x800003D0] -> 0x0E13
mem[X,0x800003D2] -> 0xFFAE
[249] [M]: 0x800003D0 (0xFFAE0E13) addi t3, t3, -0x6
x28 <- 0x0004FFFA

mem[X,0x800003D4] -> 0xA61B
mem[X,0x800003D6] -> 0xE9CA
[250] [M]: 0x800003D4 (0xE9CAA61B) pssha.h.h0 a2, s5, t3
x12 <- 0xFFDFFFFF

mem[X,0x800003D8] -> 0xA223
mem[X,0x800003DA] -> 0x02C0
[251] [M]: 0x800003D8 (0x02C0A223) sw a2, 0x24(ra)
mem[0x80003174] <- 0xFFDFFFFF

mem[X,0x800003DC] -> 0x0237
mem[X,0x800003DE] -> 0x0011
[252] [M]: 0x800003DC (0x00110237) lui tp, 0x110
x4 <- 0x00110000

mem[X,0x800003E0] -> 0x0213
mem[X,0x800003E2] -> 0xFBF2
[253] [M]: 0x800003E0 (0xFBF20213) addi tp, tp, -0x41
x4 <- 0x0010FFBF

mem[X,0x800003E4] -> 0x0F93
mem[X,0x800003E6] -> 0xDFF0
[254] [M]: 0x800003E4 (0xDFF00F93) addi t6, zero, -0x201
x31 <- 0xFFFFFDFF

mem[X,0x800003E8] -> 0x2E9B
mem[X,0x800003EA] -> 0xE9F2
[255] [M]: 0x800003E8 (0xE9F22E9B) pssha.h.h0 t4, tp, t6
x29 <- 0x0008FFDF

mem[X,0x800003EC] -> 0xA423
mem[X,0x800003EE] -> 0x03D0
[256] [M]: 0x800003EC (0x03D0A423) sw t4, 0x28(ra)
mem[0x80003178] <- 0x0008FFDF

mem[X,0x800003F0] -> 0x0937
mem[X,0x800003F2] -> 0xFF80
[257] [M]: 0x800003F0 (0xFF800937) lui s2, -0x800
x18 <- 0xFF800000

mem[X,0x800003F4] -> 0x0913
mem[X,0x800003F6] -> 0xF7F9
[258] [M]: 0x800003F4 (0xF7F90913) addi s2, s2, -0x81
x18 <- 0xFF7FFF7F

mem[X,0x800003F8] -> 0x09B7
mem[X,0x800003FA] -> 0x8000
[259] [M]: 0x800003F8 (0x800009B7) lui s3, -0x80000
x19 <- 0x80000000

mem[X,0x800003FC] -> 0x8993
mem[X,0x800003FE] -> 0x0059
[260] [M]: 0x800003FC (0x00598993) addi s3, s3, 0x5
x19 <- 0x80000005

mem[X,0x80000400] -> 0x249B
mem[X,0x80000402] -> 0xE939
[261] [M]: 0x80000400 (0xE939249B) pssha.h.h0 s1, s2, s3
x9 <- 0xEFE0EFE0

mem[X,0x80000404] -> 0xA623
mem[X,0x80000406] -> 0x0290
[262] [M]: 0x80000404 (0x0290A623) sw s1, 0x2c(ra)
mem[0x8000317C] <- 0xEFE0EFE0

mem[X,0x80000408] -> 0x0637
mem[X,0x8000040A] -> 0xC001
[263] [M]: 0x80000408 (0xC0010637) lui a2, -0x3fff0
x12 <- 0xC0010000

mem[X,0x8000040C] -> 0x0613
mem[X,0x8000040E] -> 0xEFF6
[264] [M]: 0x8000040C (0xEFF60613) addi a2, a2, -0x101
x12 <- 0xC000FEFF

mem[X,0x80000410] -> 0x8837
mem[X,0x80000412] -> 0xFFF9
[265] [M]: 0x80000410 (0xFFF98837) lui a6, -0x68
x16 <- 0xFFF98000

mem[X,0x80000414] -> 0x241B
mem[X,0x80000416] -> 0xE906
[266] [M]: 0x80000414 (0xE906241B) pssha.h.h0 fp, a2, a6
x8 <- 0xC000FEFF

mem[X,0x80000418] -> 0xA823
mem[X,0x8000041A] -> 0x0280
[267] [M]: 0x80000418 (0x0280A823) sw fp, 0x30(ra)
mem[0x80003180] <- 0xC000FEFF

mem[X,0x8000041C] -> 0x0E37
mem[X,0x8000041E] -> 0x0001
[268] [M]: 0x8000041C (0x00010E37) lui t3, 0x10
x28 <- 0x00010000

mem[X,0x80000420] -> 0x0E13
mem[X,0x80000422] -> 0xDFFE
[269] [M]: 0x80000420 (0xDFFE0E13) addi t3, t3, -0x201
x28 <- 0x0000FDFF

mem[X,0x80000424] -> 0x8F37
mem[X,0x80000426] -> 0x0007
[270] [M]: 0x80000424 (0x00078F37) lui t5, 0x78
x30 <- 0x00078000

mem[X,0x80000428] -> 0x239B
mem[X,0x8000042A] -> 0xE9EE
[271] [M]: 0x80000428 (0xE9EE239B) pssha.h.h0 t2, t3, t5
x7 <- 0x0000FDFF

mem[X,0x8000042C] -> 0xAA23
mem[X,0x8000042E] -> 0x0270
[272] [M]: 0x8000042C (0x0270AA23) sw t2, 0x34(ra)
mem[0x80003184] <- 0x0000FDFF

mem[X,0x80000430] -> 0x0013
mem[X,0x80000432] -> 0x0000
[273] [M]: 0x80000430 (0x00000013) addi zero, zero, 0x0

mem[X,0x80000434] -> 0x0013
mem[X,0x80000436] -> 0x0000
[274] [M]: 0x80000434 (0x00000013) addi zero, zero, 0x0

mem[X,0x80000438] -> 0x0013
mem[X,0x8000043A] -> 0x0000
[275] [M]: 0x80000438 (0x00000013) addi zero, zero, 0x0

mem[X,0x8000043C] -> 0x0013
mem[X,0x8000043E] -> 0x0000
[276] [M]: 0x8000043C (0x00000013) addi zero, zero, 0x0

mem[X,0x80000440] -> 0x3097
mem[X,0x80000442] -> 0x0000
[277] [M]: 0x80000440 (0x00003097) auipc ra, 0x3
x1 <- 0x80003440

mem[X,0x80000444] -> 0x8093
mem[X,0x80000446] -> 0xD480
[278] [M]: 0x80000444 (0xD4808093) addi ra, ra, -0x2b8
x1 <- 0x80003188

mem[X,0x80000448] -> 0x0013
mem[X,0x8000044A] -> 0x0000
[279] [M]: 0x80000448 (0x00000013) addi zero, zero, 0x0

mem[X,0x8000044C] -> 0x0013
mem[X,0x8000044E] -> 0x0000
[280] [M]: 0x8000044C (0x00000013) addi zero, zero, 0x0

mem[X,0x80000450] -> 0x0013
mem[X,0x80000452] -> 0x0000
[281] [M]: 0x80000450 (0x00000013) addi zero, zero, 0x0

mem[X,0x80000454] -> 0x0013
mem[X,0x80000456] -> 0x0000
[282] [M]: 0x80000454 (0x00000013) addi zero, zero, 0x0

mem[X,0x80000458] -> 0x0013
mem[X,0x8000045A] -> 0x0000
[283] [M]: 0x80000458 (0x00000013) addi zero, zero, 0x0

mem[X,0x8000045C] -> 0x0013
mem[X,0x8000045E] -> 0x0000
[284] [M]: 0x8000045C (0x00000013) addi zero, zero, 0x0

mem[X,0x80000460] -> 0x05B7
mem[X,0x80000462] -> 0x0011
[285] [M]: 0x80000460 (0x001105B7) lui a1, 0x110
x11 <- 0x00110000

mem[X,0x80000464] -> 0x8593
mem[X,0x80000466] -> 0xBFF5
[286] [M]: 0x80000464 (0xBFF58593) addi a1, a1, -0x401
x11 <- 0x0010FBFF

mem[X,0x80000468] -> 0x83B7
mem[X,0x8000046A] -> 0xAAAA
[287] [M]: 0x80000468 (0xAAAA83B7) lui t2, -0x55558
x7 <- 0xAAAA8000

mem[X,0x8000046C] -> 0x8393
mem[X,0x8000046E] -> 0xFFF3
[288] [M]: 0x8000046C (0xFFF38393) addi t2, t2, -0x1
x7 <- 0xAAAA7FFF

mem[X,0x80000470] -> 0xA81B
mem[X,0x80000472] -> 0xE875
[289] [M]: 0x80000470 (0xE875A81B) pssha.h.h0 a6, a1, t2
x16 <- 0x0008FDFF

mem[X,0x80000474] -> 0xA023
mem[X,0x80000476] -> 0x0100
[290] [M]: 0x80000474 (0x0100A023) sw a6, 0x0(ra)
mem[0x80003188] <- 0x0008FDFF

mem[X,0x80000478] -> 0xFBB7
mem[X,0x8000047A] -> 0xFFBF
[291] [M]: 0x80000478 (0xFFBFFBB7) lui s7, -0x401
x23 <- 0xFFBFF000

mem[X,0x8000047C] -> 0x8B93
mem[X,0x8000047E] -> 0x7FFB
[292] [M]: 0x8000047C (0x7FFB8B93) addi s7, s7, 0x7ff
x23 <- 0xFFBFF7FF

mem[X,0x80000480] -> 0x8B37
mem[X,0x80000482] -> 0x0400
[293] [M]: 0x80000480 (0x04008B37) lui s6, 0x4008
x22 <- 0x04008000

mem[X,0x80000484] -> 0xA11B
mem[X,0x80000486] -> 0xE96B
[294] [M]: 0x80000484 (0xE96BA11B) pssha.h.h0 sp, s7, s6
x2 <- 0xFFBFF7FF

mem[X,0x80000488] -> 0xA223
mem[X,0x8000048A] -> 0x0020
[295] [M]: 0x80000488 (0x0020A223) sw sp, 0x4(ra)
mem[0x8000318C] <- 0xFFBFF7FF

mem[X,0x8000048C] -> 0xF037
mem[X,0x8000048E] -> 0xFFFD
[296] [M]: 0x8000048C (0xFFFDF037) lui zero, -0x21

mem[X,0x80000490] -> 0x0013
mem[X,0x80000492] -> 0xFFF0
[297] [M]: 0x80000490 (0xFFF00013) addi zero, zero, -0x1

mem[X,0x80000494] -> 0xF237
mem[X,0x80000496] -> 0xFF7F
[298] [M]: 0x80000494 (0xFF7FF237) lui tp, -0x801
x4 <- 0xFF7FF000

mem[X,0x80000498] -> 0x0213
mem[X,0x8000049A] -> 0x7FF2
[299] [M]: 0x80000498 (0x7FF20213) addi tp, tp, 0x7ff
x4 <- 0xFF7FF7FF

clint::tick mtime <- 0x0000000000000003
 clint timer pending at mtime 0x0000000000000003
htif::tick 0x0000000000000000
mem[X,0x8000049C] -> 0x2B9B
mem[X,0x8000049E] -> 0xE840
[300] [M]: 0x8000049C (0xE8402B9B) pssha.h.h0 s7, zero, tp
x23 <- 0x00000000

mem[X,0x800004A0] -> 0xA423
mem[X,0x800004A2] -> 0x0170
[301] [M]: 0x800004A0 (0x0170A423) sw s7, 0x8(ra)
mem[0x80003190] <- 0x00000000

mem[X,0x800004A4] -> 0x0F37
mem[X,0x800004A6] -> 0x0040
[302] [M]: 0x800004A4 (0x00400F37) lui t5, 0x400
x30 <- 0x00400000

mem[X,0x800004A8] -> 0x0F13
mem[X,0x800004AA] -> 0x003F
[303] [M]: 0x800004A8 (0x003F0F13) addi t5, t5, 0x3
x30 <- 0x00400003

mem[X,0x800004AC] -> 0x0EB7
mem[X,0x800004AE] -> 0xFFF8
[304] [M]: 0x800004AC (0xFFF80EB7) lui t4, -0x80
x29 <- 0xFFF80000

mem[X,0x800004B0] -> 0x8E93
mem[X,0x800004B2] -> 0xBFFE
[305] [M]: 0x800004B0 (0xBFFE8E93) addi t4, t4, -0x401
x29 <- 0xFFF7FBFF

mem[X,0x800004B4] -> 0x2F9B
mem[X,0x800004B6] -> 0xE9DF
[306] [M]: 0x800004B4 (0xE9DF2F9B) pssha.h.h0 t6, t5, t4
x31 <- 0x00200001

mem[X,0x800004B8] -> 0xA623
mem[X,0x800004BA] -> 0x01F0
[307] [M]: 0x800004B8 (0x01F0A623) sw t6, 0xc(ra)
mem[0x80003194] <- 0x00200001

mem[X,0x800004BC] -> 0x0F37
mem[X,0x800004BE] -> 0x0021
[308] [M]: 0x800004BC (0x00210F37) lui t5, 0x210
x30 <- 0x00210000

mem[X,0x800004C0] -> 0x0F13
mem[X,0x800004C2] -> 0xFFFF
[309] [M]: 0x800004C0 (0xFFFF0F13) addi t5, t5, -0x1
x30 <- 0x0020FFFF

mem[X,0x800004C4] -> 0x0EB7
mem[X,0x800004C6] -> 0xFFE0
[310] [M]: 0x800004C4 (0xFFE00EB7) lui t4, -0x200
x29 <- 0xFFE00000

mem[X,0x800004C8] -> 0x8E93
mem[X,0x800004CA] -> 0xFFCE
[311] [M]: 0x800004C8 (0xFFCE8E93) addi t4, t4, -0x4
x29 <- 0xFFDFFFFC

mem[X,0x800004CC] -> 0x2F9B
mem[X,0x800004CE] -> 0xE9DF
[312] [M]: 0x800004CC (0xE9DF2F9B) pssha.h.h0 t6, t5, t4
x31 <- 0x0002FFFF

mem[X,0x800004D0] -> 0xA823
mem[X,0x800004D2] -> 0x01F0
[313] [M]: 0x800004D0 (0x01F0A823) sw t6, 0x10(ra)
mem[0x80003198] <- 0x0002FFFF

mem[X,0x800004D4] -> 0xFF37
mem[X,0x800004D6] -> 0x0008
[314] [M]: 0x800004D4 (0x0008FF37) lui t5, 0x8f
x30 <- 0x0008F000

mem[X,0x800004D8] -> 0x0F13
mem[X,0x800004DA] -> 0xFFFF
[315] [M]: 0x800004D8 (0xFFFF0F13) addi t5, t5, -0x1
x30 <- 0x0008EFFF

mem[X,0x800004DC] -> 0x0EB7
mem[X,0x800004DE] -> 0xFC00
[316] [M]: 0x800004DC (0xFC000EB7) lui t4, -0x4000
x29 <- 0xFC000000

mem[X,0x800004E0] -> 0x8E93
mem[X,0x800004E2] -> 0xFEFE
[317] [M]: 0x800004E0 (0xFEFE8E93) addi t4, t4, -0x11
x29 <- 0xFBFFFFEF

mem[X,0x800004E4] -> 0x2F9B
mem[X,0x800004E6] -> 0xE9DF
[318] [M]: 0x800004E4 (0xE9DF2F9B) pssha.h.h0 t6, t5, t4
x31 <- 0x00008000

mem[X,0x800004E8] -> 0xAA23
mem[X,0x800004EA] -> 0x01F0
[319] [M]: 0x800004E8 (0x01F0AA23) sw t6, 0x14(ra)
mem[0x8000319C] <- 0x00008000

mem[X,0x800004EC] -> 0xFF37
mem[X,0x800004EE] -> 0x8000
[320] [M]: 0x800004EC (0x8000FF37) lui t5, -0x7fff1
x30 <- 0x8000F000

mem[X,0x800004F0] -> 0x0F13
mem[X,0x800004F2] -> 0xFFFF
[321] [M]: 0x800004F0 (0xFFFF0F13) addi t5, t5, -0x1
x30 <- 0x8000EFFF

mem[X,0x800004F4] -> 0x0EB7
mem[X,0x800004F6] -> 0xEFFF
[322] [M]: 0x800004F4 (0xEFFF0EB7) lui t4, -0x10010
x29 <- 0xEFFF0000

mem[X,0x800004F8] -> 0x8E93
mem[X,0x800004FA] -> 0x006E
[323] [M]: 0x800004F8 (0x006E8E93) addi t4, t4, 0x6
x29 <- 0xEFFF0006

mem[X,0x800004FC] -> 0x2F9B
mem[X,0x800004FE] -> 0xE9DF
[324] [M]: 0x800004FC (0xE9DF2F9B) pssha.h.h0 t6, t5, t4
x31 <- 0x0000FFC0

mem[X,0x80000500] -> 0xAC23
mem[X,0x80000502] -> 0x01F0
[325] [M]: 0x80000500 (0x01F0AC23) sw t6, 0x18(ra)
mem[0x800031A0] <- 0x0000FFC0

mem[X,0x80000504] -> 0x2F37
mem[X,0x80000506] -> 0xFFF8
[326] [M]: 0x80000504 (0xFFF82F37) lui t5, -0x7e
x30 <- 0xFFF82000

mem[X,0x80000508] -> 0x0EB7
mem[X,0x8000050A] -> 0xE000
[327] [M]: 0x80000508 (0xE0000EB7) lui t4, -0x20000
x29 <- 0xE0000000

mem[X,0x8000050C] -> 0x8E93
mem[X,0x8000050E] -> 0xFBFE
[328] [M]: 0x8000050C (0xFBFE8E93) addi t4, t4, -0x41
x29 <- 0xDFFFFFBF

mem[X,0x80000510] -> 0x2F9B
mem[X,0x80000512] -> 0xE9DF
[329] [M]: 0x80000510 (0xE9DF2F9B) pssha.h.h0 t6, t5, t4
x31 <- 0xFFFC1000

mem[X,0x80000514] -> 0xAE23
mem[X,0x80000516] -> 0x01F0
[330] [M]: 0x80000514 (0x01F0AE23) sw t6, 0x1c(ra)
mem[0x800031A4] <- 0xFFFC1000

mem[X,0x80000518] -> 0x0F37
mem[X,0x8000051A] -> 0xC001
[331] [M]: 0x80000518 (0xC0010F37) lui t5, -0x3fff0
x30 <- 0xC0010000

mem[X,0x8000051C] -> 0x0F13
mem[X,0x8000051E] -> 0xFF9F
[332] [M]: 0x8000051C (0xFF9F0F13) addi t5, t5, -0x7
x30 <- 0xC000FFF9

mem[X,0x80000520] -> 0x0EB7
mem[X,0x80000522] -> 0xC000
[333] [M]: 0x80000520 (0xC0000EB7) lui t4, -0x40000
x29 <- 0xC0000000

mem[X,0x80000524] -> 0x8E93
mem[X,0x80000526] -> 0xFEFE
[334] [M]: 0x80000524 (0xFEFE8E93) addi t4, t4, -0x11
x29 <- 0xBFFFFFEF

mem[X,0x80000528] -> 0x2F9B
mem[X,0x8000052A] -> 0xE9DF
[335] [M]: 0x80000528 (0xE9DF2F9B) pssha.h.h0 t6, t5, t4
x31 <- 0x00008000

mem[X,0x8000052C] -> 0xA023
mem[X,0x8000052E] -> 0x03F0
[336] [M]: 0x8000052C (0x03F0A023) sw t6, 0x20(ra)
mem[0x800031A8] <- 0x00008000

mem[X,0x80000530] -> 0x0F37
mem[X,0x80000532] -> 0xFFFD
[337] [M]: 0x80000530 (0xFFFD0F37) lui t5, -0x30
x30 <- 0xFFFD0000

mem[X,0x80000534] -> 0x0F13
mem[X,0x80000536] -> 0x001F
[338] [M]: 0x80000534 (0x001F0F13) addi t5, t5, 0x1
x30 <- 0xFFFD0001

mem[X,0x80000538] -> 0x0EB7
mem[X,0x8000053A] -> 0x0100
[339] [M]: 0x80000538 (0x01000EB7) lui t4, 0x1000
x29 <- 0x01000000

mem[X,0x8000053C] -> 0x8E93
mem[X,0x8000053E] -> 0x001E
[340] [M]: 0x8000053C (0x001E8E93) addi t4, t4, 0x1
x29 <- 0x01000001

mem[X,0x80000540] -> 0x2F9B
mem[X,0x80000542] -> 0xE9DF
[341] [M]: 0x80000540 (0xE9DF2F9B) pssha.h.h0 t6, t5, t4
x31 <- 0xFFFA0002

mem[X,0x80000544] -> 0xA223
mem[X,0x80000546] -> 0x03F0
[342] [M]: 0x80000544 (0x03F0A223) sw t6, 0x24(ra)
mem[0x800031AC] <- 0xFFFA0002

mem[X,0x80000548] -> 0x0F37
mem[X,0x8000054A] -> 0x0006
[343] [M]: 0x80000548 (0x00060F37) lui t5, 0x60
x30 <- 0x00060000

mem[X,0x8000054C] -> 0x0F13
mem[X,0x8000054E] -> 0x007F
[344] [M]: 0x8000054C (0x007F0F13) addi t5, t5, 0x7
x30 <- 0x00060007

mem[X,0x80000550] -> 0xCEB7
mem[X,0x80000552] -> 0x0006
[345] [M]: 0x80000550 (0x0006CEB7) lui t4, 0x6c
x29 <- 0x0006C000

mem[X,0x80000554] -> 0x2F9B
mem[X,0x80000556] -> 0xE9DF
[346] [M]: 0x80000554 (0xE9DF2F9B) pssha.h.h0 t6, t5, t4
x31 <- 0x00060007

mem[X,0x80000558] -> 0xA423
mem[X,0x8000055A] -> 0x03F0
[347] [M]: 0x80000558 (0x03F0A423) sw t6, 0x28(ra)
mem[0x800031B0] <- 0x00060007

mem[X,0x8000055C] -> 0xEF37
mem[X,0x8000055E] -> 0x2000
[348] [M]: 0x8000055C (0x2000EF37) lui t5, 0x2000e
x30 <- 0x2000E000

mem[X,0x80000560] -> 0x0F13
mem[X,0x80000562] -> 0xFFFF
[349] [M]: 0x80000560 (0xFFFF0F13) addi t5, t5, -0x1
x30 <- 0x2000DFFF

mem[X,0x80000564] -> 0x0EB7
mem[X,0x80000566] -> 0x0800
[350] [M]: 0x80000564 (0x08000EB7) lui t4, 0x8000
x29 <- 0x08000000

mem[X,0x80000568] -> 0x8E93
mem[X,0x8000056A] -> 0x002E
[351] [M]: 0x80000568 (0x002E8E93) addi t4, t4, 0x2
x29 <- 0x08000002

mem[X,0x8000056C] -> 0x2F9B
mem[X,0x8000056E] -> 0xE9DF
[352] [M]: 0x8000056C (0xE9DF2F9B) pssha.h.h0 t6, t5, t4
x31 <- 0x80007FFC

mem[X,0x80000570] -> 0xA623
mem[X,0x80000572] -> 0x03F0
[353] [M]: 0x80000570 (0x03F0A623) sw t6, 0x2c(ra)
mem[0x800031B4] <- 0x80007FFC

mem[X,0x80000574] -> 0xCF37
mem[X,0x80000576] -> 0xFFFF
[354] [M]: 0x80000574 (0xFFFFCF37) lui t5, -0x4
x30 <- 0xFFFFC000

mem[X,0x80000578] -> 0x0F13
mem[X,0x8000057A] -> 0xFFFF
[355] [M]: 0x80000578 (0xFFFF0F13) addi t5, t5, -0x1
x30 <- 0xFFFFBFFF

mem[X,0x8000057C] -> 0x1EB7
mem[X,0x8000057E] -> 0x0800
[356] [M]: 0x8000057C (0x08001EB7) lui t4, 0x8001
x29 <- 0x08001000

mem[X,0x80000580] -> 0x8E93
mem[X,0x80000582] -> 0x800E
[357] [M]: 0x80000580 (0x800E8E93) addi t4, t4, -0x800
x29 <- 0x08000800

mem[X,0x80000584] -> 0x2F9B
mem[X,0x80000586] -> 0xE9DF
[358] [M]: 0x80000584 (0xE9DF2F9B) pssha.h.h0 t6, t5, t4
x31 <- 0xFFFFBFFF

mem[X,0x80000588] -> 0xA823
mem[X,0x8000058A] -> 0x03F0
[359] [M]: 0x80000588 (0x03F0A823) sw t6, 0x30(ra)
mem[0x800031B8] <- 0xFFFFBFFF

mem[X,0x8000058C] -> 0x5F37
mem[X,0x8000058E] -> 0xFF7F
[360] [M]: 0x8000058C (0xFF7F5F37) lui t5, -0x80b
x30 <- 0xFF7F5000

mem[X,0x80000590] -> 0x0F13
mem[X,0x80000592] -> 0x555F
[361] [M]: 0x80000590 (0x555F0F13) addi t5, t5, 0x555
x30 <- 0xFF7F5555

mem[X,0x80000594] -> 0x0EB7
mem[X,0x80000596] -> 0xF000
[362] [M]: 0x80000594 (0xF0000EB7) lui t4, -0x10000
x29 <- 0xF0000000

mem[X,0x80000598] -> 0x8E93
mem[X,0x8000059A] -> 0xFF9E
[363] [M]: 0x80000598 (0xFF9E8E93) addi t4, t4, -0x7
x29 <- 0xEFFFFFF9

mem[X,0x8000059C] -> 0x2F9B
mem[X,0x8000059E] -> 0xE9DF
[364] [M]: 0x8000059C (0xE9DF2F9B) pssha.h.h0 t6, t5, t4
x31 <- 0xFFFE00AA

mem[X,0x800005A0] -> 0xAA23
mem[X,0x800005A2] -> 0x03F0
[365] [M]: 0x800005A0 (0x03F0AA23) sw t6, 0x34(ra)
mem[0x800031BC] <- 0xFFFE00AA

mem[X,0x800005A4] -> 0xBF37
mem[X,0x800005A6] -> 0xFFFD
[366] [M]: 0x800005A4 (0xFFFDBF37) lui t5, -0x25
x30 <- 0xFFFDB000

mem[X,0x800005A8] -> 0x0F13
mem[X,0x800005AA] -> 0xAAAF
[367] [M]: 0x800005A8 (0xAAAF0F13) addi t5, t5, -0x556
x30 <- 0xFFFDAAAA

mem[X,0x800005AC] -> 0x1EB7
mem[X,0x800005AE] -> 0x0003
[368] [M]: 0x800005AC (0x00031EB7) lui t4, 0x31
x29 <- 0x00031000

mem[X,0x800005B0] -> 0x2F9B
mem[X,0x800005B2] -> 0xE9DF
[369] [M]: 0x800005B0 (0xE9DF2F9B) pssha.h.h0 t6, t5, t4
x31 <- 0xFFFDAAAA

mem[X,0x800005B4] -> 0xAC23
mem[X,0x800005B6] -> 0x03F0
[370] [M]: 0x800005B4 (0x03F0AC23) sw t6, 0x38(ra)
mem[0x800031C0] <- 0xFFFDAAAA

mem[X,0x800005B8] -> 0x4F37
mem[X,0x800005BA] -> 0x0001
[371] [M]: 0x800005B8 (0x00014F37) lui t5, 0x14
x30 <- 0x00014000

mem[X,0x800005BC] -> 0x0F13
mem[X,0x800005BE] -> 0xFFFF
[372] [M]: 0x800005BC (0xFFFF0F13) addi t5, t5, -0x1
x30 <- 0x00013FFF

mem[X,0x800005C0] -> 0x0EB7
mem[X,0x800005C2] -> 0xFFFE
[373] [M]: 0x800005C0 (0xFFFE0EB7) lui t4, -0x20
x29 <- 0xFFFE0000

mem[X,0x800005C4] -> 0x8E93
mem[X,0x800005C6] -> 0x008E
[374] [M]: 0x800005C4 (0x008E8E93) addi t4, t4, 0x8
x29 <- 0xFFFE0008

mem[X,0x800005C8] -> 0x2F9B
mem[X,0x800005CA] -> 0xE9DF
[375] [M]: 0x800005C8 (0xE9DF2F9B) pssha.h.h0 t6, t5, t4
x31 <- 0x0100FF00

mem[X,0x800005CC] -> 0xAE23
mem[X,0x800005CE] -> 0x03F0
[376] [M]: 0x800005CC (0x03F0AE23) sw t6, 0x3c(ra)
mem[0x800031C4] <- 0x0100FF00

mem[X,0x800005D0] -> 0x0F37
mem[X,0x800005D2] -> 0x0002
[377] [M]: 0x800005D0 (0x00020F37) lui t5, 0x20
x30 <- 0x00020000

mem[X,0x800005D4] -> 0x0F13
mem[X,0x800005D6] -> 0x200F
[378] [M]: 0x800005D4 (0x200F0F13) addi t5, t5, 0x200
x30 <- 0x00020200

mem[X,0x800005D8] -> 0xFEB7
mem[X,0x800005DA] -> 0xFFFB
[379] [M]: 0x800005D8 (0xFFFBFEB7) lui t4, -0x41
x29 <- 0xFFFBF000

mem[X,0x800005DC] -> 0x8E93
mem[X,0x800005DE] -> 0x7FFE
[380] [M]: 0x800005DC (0x7FFE8E93) addi t4, t4, 0x7ff
x29 <- 0xFFFBF7FF

mem[X,0x800005E0] -> 0x2F9B
mem[X,0x800005E2] -> 0xE9DF
[381] [M]: 0x800005E0 (0xE9DF2F9B) pssha.h.h0 t6, t5, t4
x31 <- 0x00010100

mem[X,0x800005E4] -> 0xA023
mem[X,0x800005E6] -> 0x05F0
[382] [M]: 0x800005E4 (0x05F0A023) sw t6, 0x40(ra)
mem[0x800031C8] <- 0x00010100

mem[X,0x800005E8] -> 0x0F37
mem[X,0x800005EA] -> 0x0080
[383] [M]: 0x800005E8 (0x00800F37) lui t5, 0x800
x30 <- 0x00800000

mem[X,0x800005EC] -> 0x0EB7
mem[X,0x800005EE] -> 0x0080
[384] [M]: 0x800005EC (0x00800EB7) lui t4, 0x800
x29 <- 0x00800000

mem[X,0x800005F0] -> 0x8E93
mem[X,0x800005F2] -> 0x002E
[385] [M]: 0x800005F0 (0x002E8E93) addi t4, t4, 0x2
x29 <- 0x00800002

mem[X,0x800005F4] -> 0x2F9B
mem[X,0x800005F6] -> 0xE9DF
[386] [M]: 0x800005F4 (0xE9DF2F9B) pssha.h.h0 t6, t5, t4
x31 <- 0x02000000

mem[X,0x800005F8] -> 0xA223
mem[X,0x800005FA] -> 0x05F0
[387] [M]: 0x800005F8 (0x05F0A223) sw t6, 0x44(ra)
mem[0x800031CC] <- 0x02000000

mem[X,0x800005FC] -> 0x0F37
mem[X,0x800005FE] -> 0x0101
[388] [M]: 0x800005FC (0x01010F37) lui t5, 0x1010
x30 <- 0x01010000

mem[X,0x80000600] -> 0x0F13
mem[X,0x80000602] -> 0xFF7F
[389] [M]: 0x80000600 (0xFF7F0F13) addi t5, t5, -0x9
x30 <- 0x0100FFF7

mem[X,0x80000604] -> 0xFEB7
mem[X,0x80000606] -> 0x0080
[390] [M]: 0x80000604 (0x0080FEB7) lui t4, 0x80f
x29 <- 0x0080F000

mem[X,0x80000608] -> 0x8E93
mem[X,0x8000060A] -> 0x7FFE
[391] [M]: 0x80000608 (0x7FFE8E93) addi t4, t4, 0x7ff
x29 <- 0x0080F7FF

mem[X,0x8000060C] -> 0x2F9B
mem[X,0x8000060E] -> 0xE9DF
[392] [M]: 0x8000060C (0xE9DF2F9B) pssha.h.h0 t6, t5, t4
x31 <- 0x0080FFFB

mem[X,0x80000610] -> 0xA423
mem[X,0x80000612] -> 0x05F0
[393] [M]: 0x80000610 (0x05F0A423) sw t6, 0x48(ra)
mem[0x800031D0] <- 0x0080FFFB

mem[X,0x80000614] -> 0x0F37
mem[X,0x80000616] -> 0x0801
[394] [M]: 0x80000614 (0x08010F37) lui t5, 0x8010
x30 <- 0x08010000

mem[X,0x80000618] -> 0x0F13
mem[X,0x8000061A] -> 0xFF7F
[395] [M]: 0x80000618 (0xFF7F0F13) addi t5, t5, -0x9
x30 <- 0x0800FFF7

mem[X,0x8000061C] -> 0x0EB7
mem[X,0x8000061E] -> 0x0081
[396] [M]: 0x8000061C (0x00810EB7) lui t4, 0x810
x29 <- 0x00810000

mem[X,0x80000620] -> 0x8E93
mem[X,0x80000622] -> 0xFEFE
[397] [M]: 0x80000620 (0xFEFE8E93) addi t4, t4, -0x11
x29 <- 0x0080FFEF

mem[X,0x80000624] -> 0x2F9B
mem[X,0x80000626] -> 0xE9DF
[398] [M]: 0x80000624 (0xE9DF2F9B) pssha.h.h0 t6, t5, t4
x31 <- 0x00008000

mem[X,0x80000628] -> 0xA623
mem[X,0x8000062A] -> 0x05F0
[399] [M]: 0x80000628 (0x05F0A623) sw t6, 0x4c(ra)
mem[0x800031D4] <- 0x00008000

clint::tick mtime <- 0x0000000000000004
 clint timer pending at mtime 0x0000000000000004
htif::tick 0x0000000000000000
mem[X,0x8000062C] -> 0x0F37
mem[X,0x8000062E] -> 0xFE00
[400] [M]: 0x8000062C (0xFE000F37) lui t5, -0x2000
x30 <- 0xFE000000

mem[X,0x80000630] -> 0x0F13
mem[X,0x80000632] -> 0xDFFF
[401] [M]: 0x80000630 (0xDFFF0F13) addi t5, t5, -0x201
x30 <- 0xFDFFFDFF

mem[X,0x80000634] -> 0x0EB7
mem[X,0x80000636] -> 0xFFF8
[402] [M]: 0x80000634 (0xFFF80EB7) lui t4, -0x80
x29 <- 0xFFF80000

mem[X,0x80000638] -> 0x8E93
mem[X,0x8000063A] -> 0x400E
[403] [M]: 0x80000638 (0x400E8E93) addi t4, t4, 0x400
x29 <- 0xFFF80400

mem[X,0x8000063C] -> 0x2F9B
mem[X,0x8000063E] -> 0xE9DF
[404] [M]: 0x8000063C (0xE9DF2F9B) pssha.h.h0 t6, t5, t4
x31 <- 0xFDFFFDFF

mem[X,0x80000640] -> 0xA823
mem[X,0x80000642] -> 0x05F0
[405] [M]: 0x80000640 (0x05F0A823) sw t6, 0x50(ra)
mem[0x800031D8] <- 0xFDFFFDFF

mem[X,0x80000644] -> 0x0F37
mem[X,0x80000646] -> 0xDFFF
[406] [M]: 0x80000644 (0xDFFF0F37) lui t5, -0x20010
x30 <- 0xDFFF0000

mem[X,0x80000648] -> 0x0F13
mem[X,0x8000064A] -> 0x001F
[407] [M]: 0x80000648 (0x001F0F13) addi t5, t5, 0x1
x30 <- 0xDFFF0001

mem[X,0x8000064C] -> 0x0EB7
mem[X,0x8000064E] -> 0x4000
[408] [M]: 0x8000064C (0x40000EB7) lui t4, 0x40000
x29 <- 0x40000000

mem[X,0x80000650] -> 0x8E93
mem[X,0x80000652] -> 0xFFBE
[409] [M]: 0x80000650 (0xFFBE8E93) addi t4, t4, -0x5
x29 <- 0x3FFFFFFB

mem[X,0x80000654] -> 0x2F9B
mem[X,0x80000656] -> 0xE9DF
[410] [M]: 0x80000654 (0xE9DF2F9B) pssha.h.h0 t6, t5, t4
x31 <- 0xFEFF0000

mem[X,0x80000658] -> 0xAA23
mem[X,0x8000065A] -> 0x05F0
[411] [M]: 0x80000658 (0x05F0AA23) sw t6, 0x54(ra)
mem[0x800031DC] <- 0xFEFF0000

mem[X,0x8000065C] -> 0x0F37
mem[X,0x8000065E] -> 0x5556
[412] [M]: 0x8000065C (0x55560F37) lui t5, 0x55560
x30 <- 0x55560000

mem[X,0x80000660] -> 0x0F13
mem[X,0x80000662] -> 0xFF9F
[413] [M]: 0x80000660 (0xFF9F0F13) addi t5, t5, -0x7
x30 <- 0x5555FFF9

mem[X,0x80000664] -> 0x0EB7
mem[X,0x80000666] -> 0x1000
[414] [M]: 0x80000664 (0x10000EB7) lui t4, 0x10000
x29 <- 0x10000000

mem[X,0x80000668] -> 0x8E93
mem[X,0x8000066A] -> 0x400E
[415] [M]: 0x80000668 (0x400E8E93) addi t4, t4, 0x400
x29 <- 0x10000400

mem[X,0x8000066C] -> 0x2F9B
mem[X,0x8000066E] -> 0xE9DF
[416] [M]: 0x8000066C (0xE9DF2F9B) pssha.h.h0 t6, t5, t4
x31 <- 0x5555FFF9

mem[X,0x80000670] -> 0xAC23
mem[X,0x80000672] -> 0x05F0
[417] [M]: 0x80000670 (0x05F0AC23) sw t6, 0x58(ra)
mem[0x800031E0] <- 0x5555FFF9

mem[X,0x80000674] -> 0x0F37
mem[X,0x80000676] -> 0xAAAA
[418] [M]: 0x80000674 (0xAAAA0F37) lui t5, -0x55560
x30 <- 0xAAAA0000

mem[X,0x80000678] -> 0x0F13
mem[X,0x8000067A] -> 0x004F
[419] [M]: 0x80000678 (0x004F0F13) addi t5, t5, 0x4
x30 <- 0xAAAA0004

mem[X,0x8000067C] -> 0x2EB7
mem[X,0x8000067E] -> 0x8000
[420] [M]: 0x8000067C (0x80002EB7) lui t4, -0x7fffe
x29 <- 0x80002000

mem[X,0x80000680] -> 0x2F9B
mem[X,0x80000682] -> 0xE9DF
[421] [M]: 0x80000680 (0xE9DF2F9B) pssha.h.h0 t6, t5, t4
x31 <- 0xAAAA0004

mem[X,0x80000684] -> 0xAE23
mem[X,0x80000686] -> 0x05F0
[422] [M]: 0x80000684 (0x05F0AE23) sw t6, 0x5c(ra)
mem[0x800031E4] <- 0xAAAA0004

mem[X,0x80000688] -> 0x0F37
mem[X,0x8000068A] -> 0x0021
[423] [M]: 0x80000688 (0x00210F37) lui t5, 0x210
x30 <- 0x00210000

mem[X,0x8000068C] -> 0x0F13
mem[X,0x8000068E] -> 0xFFAF
[424] [M]: 0x8000068C (0xFFAF0F13) addi t5, t5, -0x6
x30 <- 0x0020FFFA

mem[X,0x80000690] -> 0x0EB7
mem[X,0x80000692] -> 0xC000
[425] [M]: 0x80000690 (0xC0000EB7) lui t4, -0x40000
x29 <- 0xC0000000

mem[X,0x80000694] -> 0x2F9B
mem[X,0x80000696] -> 0xE9DF
[426] [M]: 0x80000694 (0xE9DF2F9B) pssha.h.h0 t6, t5, t4
x31 <- 0x0020FFFA

mem[X,0x80000698] -> 0xA023
mem[X,0x8000069A] -> 0x07F0
[427] [M]: 0x80000698 (0x07F0A023) sw t6, 0x60(ra)
mem[0x800031E8] <- 0x0020FFFA

mem[X,0x8000069C] -> 0x0F37
mem[X,0x8000069E] -> 0xFFFC
[428] [M]: 0x8000069C (0xFFFC0F37) lui t5, -0x40
x30 <- 0xFFFC0000

mem[X,0x800006A0] -> 0x0F13
mem[X,0x800006A2] -> 0xFFAF
[429] [M]: 0x800006A0 (0xFFAF0F13) addi t5, t5, -0x6
x30 <- 0xFFFBFFFA

mem[X,0x800006A4] -> 0x0EB7
mem[X,0x800006A6] -> 0x5555
[430] [M]: 0x800006A4 (0x55550EB7) lui t4, 0x55550
x29 <- 0x55550000

mem[X,0x800006A8] -> 0x8E93
mem[X,0x800006AA] -> 0x010E
[431] [M]: 0x800006A8 (0x010E8E93) addi t4, t4, 0x10
x29 <- 0x55550010

mem[X,0x800006AC] -> 0x2F9B
mem[X,0x800006AE] -> 0xE9DF
[432] [M]: 0x800006AC (0xE9DF2F9B) pssha.h.h0 t6, t5, t4
x31 <- 0xFFFFFFFF

mem[X,0x800006B0] -> 0xA223
mem[X,0x800006B2] -> 0x07F0
[433] [M]: 0x800006B0 (0x07F0A223) sw t6, 0x64(ra)
mem[0x800031EC] <- 0xFFFFFFFF

mem[X,0x800006B4] -> 0x0F37
mem[X,0x800006B6] -> 0xFFBF
[434] [M]: 0x800006B4 (0xFFBF0F37) lui t5, -0x410
x30 <- 0xFFBF0000

mem[X,0x800006B8] -> 0x0F13
mem[X,0x800006BA] -> 0x100F
[435] [M]: 0x800006B8 (0x100F0F13) addi t5, t5, 0x100
x30 <- 0xFFBF0100

mem[X,0x800006BC] -> 0x0EB7
mem[X,0x800006BE] -> 0xFBFF
[436] [M]: 0x800006BC (0xFBFF0EB7) lui t4, -0x4010
x29 <- 0xFBFF0000

mem[X,0x800006C0] -> 0x8E93
mem[X,0x800006C2] -> 0x020E
[437] [M]: 0x800006C0 (0x020E8E93) addi t4, t4, 0x20
x29 <- 0xFBFF0020

mem[X,0x800006C4] -> 0x2F9B
mem[X,0x800006C6] -> 0xE9DF
[438] [M]: 0x800006C4 (0xE9DF2F9B) pssha.h.h0 t6, t5, t4
x31 <- 0xFFBF0100

mem[X,0x800006C8] -> 0xA423
mem[X,0x800006CA] -> 0x07F0
[439] [M]: 0x800006C8 (0x07F0A423) sw t6, 0x68(ra)
mem[0x800031F0] <- 0xFFBF0100

mem[X,0x800006CC] -> 0x5F37
mem[X,0x800006CE] -> 0x0040
[440] [M]: 0x800006CC (0x00405F37) lui t5, 0x405
x30 <- 0x00405000

mem[X,0x800006D0] -> 0x0F13
mem[X,0x800006D2] -> 0x555F
[441] [M]: 0x800006D0 (0x555F0F13) addi t5, t5, 0x555
x30 <- 0x00405555

mem[X,0x800006D4] -> 0x0EB7
mem[X,0x800006D6] -> 0xFFFE
[442] [M]: 0x800006D4 (0xFFFE0EB7) lui t4, -0x20
x29 <- 0xFFFE0000

mem[X,0x800006D8] -> 0x8E93
mem[X,0x800006DA] -> 0x040E
[443] [M]: 0x800006D8 (0x040E8E93) addi t4, t4, 0x40
x29 <- 0xFFFE0040

mem[X,0x800006DC] -> 0x2F9B
mem[X,0x800006DE] -> 0xE9DF
[444] [M]: 0x800006DC (0xE9DF2F9B) pssha.h.h0 t6, t5, t4
x31 <- 0x00405555

mem[X,0x800006E0] -> 0xA623
mem[X,0x800006E2] -> 0x07F0
[445] [M]: 0x800006E0 (0x07F0A623) sw t6, 0x6c(ra)
mem[0x800031F4] <- 0x00405555

mem[X,0x800006E4] -> 0x2F37
mem[X,0x800006E6] -> 0xFFFA
[446] [M]: 0x800006E4 (0xFFFA2F37) lui t5, -0x5e
x30 <- 0xFFFA2000

mem[X,0x800006E8] -> 0x0EB7
mem[X,0x800006EA] -> 0x0003
[447] [M]: 0x800006E8 (0x00030EB7) lui t4, 0x30
x29 <- 0x00030000

mem[X,0x800006EC] -> 0x8E93
mem[X,0x800006EE] -> 0x100E
[448] [M]: 0x800006EC (0x100E8E93) addi t4, t4, 0x100
x29 <- 0x00030100

mem[X,0x800006F0] -> 0x2F9B
mem[X,0x800006F2] -> 0xE9DF
[449] [M]: 0x800006F0 (0xE9DF2F9B) pssha.h.h0 t6, t5, t4
x31 <- 0xFFFA2000

mem[X,0x800006F4] -> 0xA823
mem[X,0x800006F6] -> 0x07F0
[450] [M]: 0x800006F4 (0x07F0A823) sw t6, 0x70(ra)
mem[0x800031F8] <- 0xFFFA2000

mem[X,0x800006F8] -> 0x0F37
mem[X,0x800006FA] -> 0x4000
[451] [M]: 0x800006F8 (0x40000F37) lui t5, 0x40000
x30 <- 0x40000000

mem[X,0x800006FC] -> 0x0F13
mem[X,0x800006FE] -> 0x200F
[452] [M]: 0x800006FC (0x200F0F13) addi t5, t5, 0x200
x30 <- 0x40000200

mem[X,0x80000700] -> 0x0EB7
mem[X,0x80000702] -> 0xFF7F
[453] [M]: 0x80000700 (0xFF7F0EB7) lui t4, -0x810
x29 <- 0xFF7F0000

mem[X,0x80000704] -> 0x8E93
mem[X,0x80000706] -> 0x200E
[454] [M]: 0x80000704 (0x200E8E93) addi t4, t4, 0x200
x29 <- 0xFF7F0200

mem[X,0x80000708] -> 0x2F9B
mem[X,0x8000070A] -> 0xE9DF
[455] [M]: 0x80000708 (0xE9DF2F9B) pssha.h.h0 t6, t5, t4
x31 <- 0x40000200

mem[X,0x8000070C] -> 0xAA23
mem[X,0x8000070E] -> 0x07F0
[456] [M]: 0x8000070C (0x07F0AA23) sw t6, 0x74(ra)
mem[0x800031FC] <- 0x40000200

mem[X,0x80000710] -> 0x0F37
mem[X,0x80000712] -> 0xFFF8
[457] [M]: 0x80000710 (0xFFF80F37) lui t5, -0x80
x30 <- 0xFFF80000

mem[X,0x80000714] -> 0x0F13
mem[X,0x80000716] -> 0xF7FF
[458] [M]: 0x80000714 (0xF7FF0F13) addi t5, t5, -0x81
x30 <- 0xFFF7FF7F

mem[X,0x80000718] -> 0x0EB7
mem[X,0x8000071A] -> 0xFFF7
[459] [M]: 0x80000718 (0xFFF70EB7) lui t4, -0x90
x29 <- 0xFFF70000

mem[X,0x8000071C] -> 0x8E93
mem[X,0x8000071E] -> 0xFFDE
[460] [M]: 0x8000071C (0xFFDE8E93) addi t4, t4, -0x3
x29 <- 0xFFF6FFFD

mem[X,0x80000720] -> 0x2F9B
mem[X,0x80000722] -> 0xE9DF
[461] [M]: 0x80000720 (0xE9DF2F9B) pssha.h.h0 t6, t5, t4
x31 <- 0xFFFEFFEF

mem[X,0x80000724] -> 0xAC23
mem[X,0x80000726] -> 0x07F0
[462] [M]: 0x80000724 (0x07F0AC23) sw t6, 0x78(ra)
mem[0x80003200] <- 0xFFFEFFEF

mem[X,0x80000728] -> 0xBF37
mem[X,0x8000072A] -> 0xEFFF
[463] [M]: 0x80000728 (0xEFFFBF37) lui t5, -0x10005
x30 <- 0xEFFFB000

mem[X,0x8000072C] -> 0x0F13
mem[X,0x8000072E] -> 0xAAAF
[464] [M]: 0x8000072C (0xAAAF0F13) addi t5, t5, -0x556
x30 <- 0xEFFFAAAA

mem[X,0x80000730] -> 0x0EB7
mem[X,0x80000732] -> 0xFFFC
[465] [M]: 0x80000730 (0xFFFC0EB7) lui t4, -0x40
x29 <- 0xFFFC0000

mem[X,0x80000734] -> 0x8E93
mem[X,0x80000736] -> 0xFF7E
[466] [M]: 0x80000734 (0xFF7E8E93) addi t4, t4, -0x9
x29 <- 0xFFFBFFF7

mem[X,0x80000738] -> 0x2F9B
mem[X,0x8000073A] -> 0xE9DF
[467] [M]: 0x80000738 (0xE9DF2F9B) pssha.h.h0 t6, t5, t4
x31 <- 0xFFF7FFD5

mem[X,0x8000073C] -> 0xAE23
mem[X,0x8000073E] -> 0x07F0
[468] [M]: 0x8000073C (0x07F0AE23) sw t6, 0x7c(ra)
mem[0x80003204] <- 0xFFF7FFD5

mem[X,0x80000740] -> 0x0F37
mem[X,0x80000742] -> 0x5555
[469] [M]: 0x80000740 (0x55550F37) lui t5, 0x55550
x30 <- 0x55550000

mem[X,0x80000744] -> 0x0EB7
mem[X,0x80000746] -> 0x000A
[470] [M]: 0x80000744 (0x000A0EB7) lui t4, 0xa0
x29 <- 0x000A0000

mem[X,0x80000748] -> 0x8E93
mem[X,0x8000074A] -> 0xF7FE
[471] [M]: 0x80000748 (0xF7FE8E93) addi t4, t4, -0x81
x29 <- 0x0009FF7F

mem[X,0x8000074C] -> 0x2F9B
mem[X,0x8000074E] -> 0xE9DF
[472] [M]: 0x8000074C (0xE9DF2F9B) pssha.h.h0 t6, t5, t4
x31 <- 0x2AAA0000

mem[X,0x80000750] -> 0xA023
mem[X,0x80000752] -> 0x09F0
[473] [M]: 0x80000750 (0x09F0A023) sw t6, 0x80(ra)
mem[0x80003208] <- 0x2AAA0000

mem[X,0x80000754] -> 0x8F37
mem[X,0x80000756] -> 0x0400
[474] [M]: 0x80000754 (0x04008F37) lui t5, 0x4008
x30 <- 0x04008000

mem[X,0x80000758] -> 0xFEB7
mem[X,0x8000075A] -> 0x8000
[475] [M]: 0x80000758 (0x8000FEB7) lui t4, -0x7fff1
x29 <- 0x8000F000

mem[X,0x8000075C] -> 0x8E93
mem[X,0x8000075E] -> 0xFFFE
[476] [M]: 0x8000075C (0xFFFE8E93) addi t4, t4, -0x1
x29 <- 0x8000EFFF

mem[X,0x80000760] -> 0x2F9B
mem[X,0x80000762] -> 0xE9DF
[477] [M]: 0x80000760 (0xE9DF2F9B) pssha.h.h0 t6, t5, t4
x31 <- 0x0200C000

mem[X,0x80000764] -> 0xA223
mem[X,0x80000766] -> 0x09F0
[478] [M]: 0x80000764 (0x09F0A223) sw t6, 0x84(ra)
mem[0x8000320C] <- 0x0200C000

mem[X,0x80000768] -> 0x4F37
mem[X,0x8000076A] -> 0xDFFF
[479] [M]: 0x80000768 (0xDFFF4F37) lui t5, -0x2000c
x30 <- 0xDFFF4000

mem[X,0x8000076C] -> 0x0F13
mem[X,0x8000076E] -> 0xFFFF
[480] [M]: 0x8000076C (0xFFFF0F13) addi t5, t5, -0x1
x30 <- 0xDFFF3FFF

mem[X,0x80000770] -> 0xEEB7
mem[X,0x80000772] -> 0x0001
[481] [M]: 0x80000770 (0x0001EEB7) lui t4, 0x1e
x29 <- 0x0001E000

mem[X,0x80000774] -> 0x8E93
mem[X,0x80000776] -> 0xFFFE
[482] [M]: 0x80000774 (0xFFFE8E93) addi t4, t4, -0x1
x29 <- 0x0001DFFF

mem[X,0x80000778] -> 0x2F9B
mem[X,0x8000077A] -> 0xE9DF
[483] [M]: 0x80000778 (0xE9DF2F9B) pssha.h.h0 t6, t5, t4
x31 <- 0xEFFF1FFF

mem[X,0x8000077C] -> 0xA423
mem[X,0x8000077E] -> 0x09F0
[484] [M]: 0x8000077C (0x09F0A423) sw t6, 0x88(ra)
mem[0x80003210] <- 0xEFFF1FFF

mem[X,0x80000780] -> 0x0F37
mem[X,0x80000782] -> 0x4001
[485] [M]: 0x80000780 (0x40010F37) lui t5, 0x40010
x30 <- 0x40010000

mem[X,0x80000784] -> 0x0F13
mem[X,0x80000786] -> 0xFF8F
[486] [M]: 0x80000784 (0xFF8F0F13) addi t5, t5, -0x8
x30 <- 0x4000FFF8

mem[X,0x80000788] -> 0xCEB7
mem[X,0x8000078A] -> 0x0001
[487] [M]: 0x80000788 (0x0001CEB7) lui t4, 0x1c
x29 <- 0x0001C000

mem[X,0x8000078C] -> 0x8E93
mem[X,0x8000078E] -> 0xFFFE
[488] [M]: 0x8000078C (0xFFFE8E93) addi t4, t4, -0x1
x29 <- 0x0001BFFF

mem[X,0x80000790] -> 0x2F9B
mem[X,0x80000792] -> 0xE9DF
[489] [M]: 0x80000790 (0xE9DF2F9B) pssha.h.h0 t6, t5, t4
x31 <- 0x2000FFFC

mem[X,0x80000794] -> 0xA623
mem[X,0x80000796] -> 0x09F0
[490] [M]: 0x80000794 (0x09F0A623) sw t6, 0x8c(ra)
mem[0x80003214] <- 0x2000FFFC

mem[X,0x80000798] -> 0xEF37
mem[X,0x8000079A] -> 0xFBFF
[491] [M]: 0x80000798 (0xFBFFEF37) lui t5, -0x4002
x30 <- 0xFBFFE000

mem[X,0x8000079C] -> 0x0F13
mem[X,0x8000079E] -> 0xFFFF
[492] [M]: 0x8000079C (0xFFFF0F13) addi t5, t5, -0x1
x30 <- 0xFBFFDFFF

mem[X,0x800007A0] -> 0x5EB7
mem[X,0x800007A2] -> 0xFFEF
[493] [M]: 0x800007A0 (0xFFEF5EB7) lui t4, -0x10b
x29 <- 0xFFEF5000

mem[X,0x800007A4] -> 0x8E93
mem[X,0x800007A6] -> 0x555E
[494] [M]: 0x800007A4 (0x555E8E93) addi t4, t4, 0x555
x29 <- 0xFFEF5555

mem[X,0x800007A8] -> 0x2F9B
mem[X,0x800007AA] -> 0xE9DF
[495] [M]: 0x800007A8 (0xE9DF2F9B) pssha.h.h0 t6, t5, t4
x31 <- 0xFFFFFFFB

mem[X,0x800007AC] -> 0xA823
mem[X,0x800007AE] -> 0x09F0
[496] [M]: 0x800007AC (0x09F0A823) sw t6, 0x90(ra)
mem[0x80003218] <- 0xFFFFFFFB

mem[X,0x800007B0] -> 0x0F37
mem[X,0x800007B2] -> 0xFFE0
[497] [M]: 0x800007B0 (0xFFE00F37) lui t5, -0x200
x30 <- 0xFFE00000

mem[X,0x800007B4] -> 0x0F13
mem[X,0x800007B6] -> 0xFFFF
[498] [M]: 0x800007B4 (0xFFFF0F13) addi t5, t5, -0x1
x30 <- 0xFFDFFFFF

mem[X,0x800007B8] -> 0x0EB7
mem[X,0x800007BA] -> 0x0001
[499] [M]: 0x800007B8 (0x00010EB7) lui t4, 0x10
x29 <- 0x00010000

clint::tick mtime <- 0x0000000000000005
 clint timer pending at mtime 0x0000000000000005
htif::tick 0x0000000000000000
mem[X,0x800007BC] -> 0x8E93
mem[X,0x800007BE] -> 0xDFFE
[500] [M]: 0x800007BC (0xDFFE8E93) addi t4, t4, -0x201
x29 <- 0x0000FDFF

mem[X,0x800007C0] -> 0x2F9B
mem[X,0x800007C2] -> 0xE9DF
[501] [M]: 0x800007C0 (0xE9DF2F9B) pssha.h.h0 t6, t5, t4
x31 <- 0xFFEFFFFF

mem[X,0x800007C4] -> 0xAA23
mem[X,0x800007C6] -> 0x09F0
[502] [M]: 0x800007C4 (0x09F0AA23) sw t6, 0x94(ra)
mem[0x8000321C] <- 0xFFEFFFFF

mem[X,0x800007C8] -> 0x0F37
mem[X,0x800007CA] -> 0xFFFF
[503] [M]: 0x800007C8 (0xFFFF0F37) lui t5, -0x10
x30 <- 0xFFFF0000

mem[X,0x800007CC] -> 0x0F13
mem[X,0x800007CE] -> 0xFEFF
[504] [M]: 0x800007CC (0xFEFF0F13) addi t5, t5, -0x11
x30 <- 0xFFFEFFEF

mem[X,0x800007D0] -> 0x0EB7
mem[X,0x800007D2] -> 0x7FFF
[505] [M]: 0x800007D0 (0x7FFF0EB7) lui t4, 0x7fff0
x29 <- 0x7FFF0000

mem[X,0x800007D4] -> 0x8E93
mem[X,0x800007D6] -> 0x003E
[506] [M]: 0x800007D4 (0x003E8E93) addi t4, t4, 0x3
x29 <- 0x7FFF0003

mem[X,0x800007D8] -> 0x2F9B
mem[X,0x800007DA] -> 0xE9DF
[507] [M]: 0x800007D8 (0xE9DF2F9B) pssha.h.h0 t6, t5, t4
x31 <- 0xFFF0FF78

mem[X,0x800007DC] -> 0xAC23
mem[X,0x800007DE] -> 0x09F0
[508] [M]: 0x800007DC (0x09F0AC23) sw t6, 0x98(ra)
mem[0x80003220] <- 0xFFF0FF78

mem[X,0x800007E0] -> 0x0F37
mem[X,0x800007E2] -> 0x000A
[509] [M]: 0x800007E0 (0x000A0F37) lui t5, 0xa0
x30 <- 0x000A0000

mem[X,0x800007E4] -> 0x0F13
mem[X,0x800007E6] -> 0xFBFF
[510] [M]: 0x800007E4 (0xFBFF0F13) addi t5, t5, -0x41
x30 <- 0x0009FFBF

mem[X,0x800007E8] -> 0x0EB7
mem[X,0x800007EA] -> 0x0003
[511] [M]: 0x800007E8 (0x00030EB7) lui t4, 0x30
x29 <- 0x00030000

mem[X,0x800007EC] -> 0x8E93
mem[X,0x800007EE] -> 0xFF9E
[512] [M]: 0x800007EC (0xFF9E8E93) addi t4, t4, -0x7
x29 <- 0x0002FFF9

mem[X,0x800007F0] -> 0x2F9B
mem[X,0x800007F2] -> 0xE9DF
[513] [M]: 0x800007F0 (0xE9DF2F9B) pssha.h.h0 t6, t5, t4
x31 <- 0x0000FFFF

mem[X,0x800007F4] -> 0xAE23
mem[X,0x800007F6] -> 0x09F0
[514] [M]: 0x800007F4 (0x09F0AE23) sw t6, 0x9c(ra)
mem[0x80003224] <- 0x0000FFFF

mem[X,0x800007F8] -> 0x0F37
mem[X,0x800007FA] -> 0xFFFC
[515] [M]: 0x800007F8 (0xFFFC0F37) lui t5, -0x40
x30 <- 0xFFFC0000

mem[X,0x800007FC] -> 0x0F13
mem[X,0x800007FE] -> 0x007F
[516] [M]: 0x800007FC (0x007F0F13) addi t5, t5, 0x7
x30 <- 0xFFFC0007

mem[X,0x80000800] -> 0x0EB7
mem[X,0x80000802] -> 0x0010
[517] [M]: 0x80000800 (0x00100EB7) lui t4, 0x100
x29 <- 0x00100000

mem[X,0x80000804] -> 0x8E93
mem[X,0x80000806] -> 0x100E
[518] [M]: 0x80000804 (0x100E8E93) addi t4, t4, 0x100
x29 <- 0x00100100

mem[X,0x80000808] -> 0x2F9B
mem[X,0x8000080A] -> 0xE9DF
[519] [M]: 0x80000808 (0xE9DF2F9B) pssha.h.h0 t6, t5, t4
x31 <- 0xFFFC0007

mem[X,0x8000080C] -> 0xA023
mem[X,0x8000080E] -> 0x0BF0
[520] [M]: 0x8000080C (0x0BF0A023) sw t6, 0xa0(ra)
mem[0x80003228] <- 0xFFFC0007

mem[X,0x80000810] -> 0x0F37
mem[X,0x80000812] -> 0xFFF7
[521] [M]: 0x80000810 (0xFFF70F37) lui t5, -0x90
x30 <- 0xFFF70000

mem[X,0x80000814] -> 0x0F13
mem[X,0x80000816] -> 0xFFCF
[522] [M]: 0x80000814 (0xFFCF0F13) addi t5, t5, -0x4
x30 <- 0xFFF6FFFC

mem[X,0x80000818] -> 0x0EB7
mem[X,0x8000081A] -> 0x0200
[523] [M]: 0x80000818 (0x02000EB7) lui t4, 0x2000
x29 <- 0x02000000

mem[X,0x8000081C] -> 0x2F9B
mem[X,0x8000081E] -> 0xE9DF
[524] [M]: 0x8000081C (0xE9DF2F9B) pssha.h.h0 t6, t5, t4
x31 <- 0xFFF6FFFC

mem[X,0x80000820] -> 0xA223
mem[X,0x80000822] -> 0x0BF0
[525] [M]: 0x80000820 (0x0BF0A223) sw t6, 0xa4(ra)
mem[0x8000322C] <- 0xFFF6FFFC

mem[X,0x80000824] -> 0x0F37
mem[X,0x80000826] -> 0xFFBF
[526] [M]: 0x80000824 (0xFFBF0F37) lui t5, -0x410
x30 <- 0xFFBF0000

mem[X,0x80000828] -> 0x0F13
mem[X,0x8000082A] -> 0x010F
[527] [M]: 0x80000828 (0x010F0F13) addi t5, t5, 0x10
x30 <- 0xFFBF0010

mem[X,0x8000082C] -> 0x5EB7
mem[X,0x8000082E] -> 0x0020
[528] [M]: 0x8000082C (0x00205EB7) lui t4, 0x205
x29 <- 0x00205000

mem[X,0x80000830] -> 0x8E93
mem[X,0x80000832] -> 0x555E
[529] [M]: 0x80000830 (0x555E8E93) addi t4, t4, 0x555
x29 <- 0x00205555

mem[X,0x80000834] -> 0x2F9B
mem[X,0x80000836] -> 0xE9DF
[530] [M]: 0x80000834 (0xE9DF2F9B) pssha.h.h0 t6, t5, t4
x31 <- 0xFFFF0000

mem[X,0x80000838] -> 0xA423
mem[X,0x8000083A] -> 0x0BF0
[531] [M]: 0x80000838 (0x0BF0A423) sw t6, 0xa8(ra)
mem[0x80003230] <- 0xFFFF0000

mem[X,0x8000083C] -> 0x0F37
mem[X,0x8000083E] -> 0x0001
[532] [M]: 0x8000083C (0x00010F37) lui t5, 0x10
x30 <- 0x00010000

mem[X,0x80000840] -> 0x0F13
mem[X,0x80000842] -> 0x005F
[533] [M]: 0x80000840 (0x005F0F13) addi t5, t5, 0x5
x30 <- 0x00010005

mem[X,0x80000844] -> 0x1EB7
mem[X,0x80000846] -> 0x4000
[534] [M]: 0x80000844 (0x40001EB7) lui t4, 0x40001
x29 <- 0x40001000

mem[X,0x80000848] -> 0x2F9B
mem[X,0x8000084A] -> 0xE9DF
[535] [M]: 0x80000848 (0xE9DF2F9B) pssha.h.h0 t6, t5, t4
x31 <- 0x00010005

mem[X,0x8000084C] -> 0xA623
mem[X,0x8000084E] -> 0x0BF0
[536] [M]: 0x8000084C (0x0BF0A623) sw t6, 0xac(ra)
mem[0x80003234] <- 0x00010005

mem[X,0x80000850] -> 0x0F37
mem[X,0x80000852] -> 0xFF00
[537] [M]: 0x80000850 (0xFF000F37) lui t5, -0x1000
x30 <- 0xFF000000

mem[X,0x80000854] -> 0x0F13
mem[X,0x80000856] -> 0xFFFF
[538] [M]: 0x80000854 (0xFFFF0F13) addi t5, t5, -0x1
x30 <- 0xFEFFFFFF

mem[X,0x80000858] -> 0x8EB7
mem[X,0x8000085A] -> 0x1000
[539] [M]: 0x80000858 (0x10008EB7) lui t4, 0x10008
x29 <- 0x10008000

mem[X,0x8000085C] -> 0x2F9B
mem[X,0x8000085E] -> 0xE9DF
[540] [M]: 0x8000085C (0xE9DF2F9B) pssha.h.h0 t6, t5, t4
x31 <- 0xFEFFFFFF

mem[X,0x80000860] -> 0xA823
mem[X,0x80000862] -> 0x0BF0
[541] [M]: 0x80000860 (0x0BF0A823) sw t6, 0xb0(ra)
mem[0x80003238] <- 0xFEFFFFFF

mem[X,0x80000864] -> 0x006F
mem[X,0x80000866] -> 0x0200
[542] [M]: 0x80000864 (0x0200006F) jal zero, 0x20

mem[X,0x80000884] -> 0x0093
mem[X,0x80000886] -> 0x0010
[543] [M]: 0x80000884 (0x00100093) addi ra, zero, 0x1
x1 <- 0x00000001

mem[X,0x80000888] -> 0x0F17
mem[X,0x8000088A] -> 0x0000
[544] [M]: 0x80000888 (0x00000F17) auipc t5, 0x0
x30 <- 0x80000888

mem[X,0x8000088C] -> 0x2C23
mem[X,0x8000088E] -> 0x761F
[545] [M]: 0x8000088C (0x761F2C23) sw ra, 0x778(t5)
htif[0x80001000] <- 0x00000001

mem[X,0x80000890] -> 0xF06F
mem[X,0x80000892] -> 0xFF9F
[546] [M]: 0x80000890 (0xFF9FF06F) jal zero, -0x8

mem[X,0x80000888] -> 0x0F17
mem[X,0x8000088A] -> 0x0000
[547] [M]: 0x80000888 (0x00000F17) auipc t5, 0x0
x30 <- 0x80000888

mem[X,0x8000088C] -> 0x2C23
mem[X,0x8000088E] -> 0x761F
[548] [M]: 0x8000088C (0x761F2C23) sw ra, 0x778(t5)
htif[0x80001000] <- 0x00000001

mem[X,0x80000890] -> 0xF06F
mem[X,0x80000892] -> 0xFF9F
[549] [M]: 0x80000890 (0xFF9FF06F) jal zero, -0x8

mem[X,0x80000888] -> 0x0F17
mem[X,0x8000088A] -> 0x0000
[550] [M]: 0x80000888 (0x00000F17) auipc t5, 0x0
x30 <- 0x80000888

mem[X,0x8000088C] -> 0x2C23
mem[X,0x8000088E] -> 0x761F
[551] [M]: 0x8000088C (0x761F2C23) sw ra, 0x778(t5)
htif[0x80001000] <- 0x00000001
htif-syscall-proxy cmd: 0x000000000001

SUCCESS
