using /home/chsu/rvp-workspace/test-64/riscof_work/pmhaccsu.h.bo-01.S/ref/Reference-sail_c_simulator.signature for test-signature output.
tohost located at 0x80002000
Running file ref.elf.
ELF Entry @ 0x80000000
begin_signature: 0x80004110
end_signature: 0x80004460
CSR mstatus <- 0x0000000A00000000 (input: 0x0000000000000000)
mem[X,0x0000000000001000] -> 0x0297
mem[X,0x0000000000001002] -> 0x0000
[0] [M]: 0x0000000000001000 (0x00000297) auipc t0, 0x0
x5 <- 0x0000000000001000

mem[X,0x0000000000001004] -> 0x8593
mem[X,0x0000000000001006] -> 0x0202
[1] [M]: 0x0000000000001004 (0x02028593) addi a1, t0, 0x20
x11 <- 0x0000000000001020

mem[X,0x0000000000001008] -> 0x2573
mem[X,0x000000000000100A] -> 0xF140
[2] [M]: 0x0000000000001008 (0xF1402573) csrrs a0, mhartid, zero
CSR mhartid -> 0x0000000000000000
x10 <- 0x0000000000000000

mem[X,0x000000000000100C] -> 0xB283
mem[X,0x000000000000100E] -> 0x0182
[3] [M]: 0x000000000000100C (0x0182B283) ld t0, 0x18(t0)
mem[R,0x0000000000001018] -> 0x0000000080000000
x5 <- 0x0000000080000000

mem[X,0x0000000000001010] -> 0x8067
mem[X,0x0000000000001012] -> 0x0002
[4] [M]: 0x0000000000001010 (0x00028067) jalr zero, 0x0(t0)

mem[X,0x0000000080000000] -> 0x0837
mem[X,0x0000000080000002] -> 0x7D5C
[5] [M]: 0x0000000080000000 (0x7D5C0837) lui a6, 0x7d5c0
x16 <- 0x000000007D5C0000

mem[X,0x0000000080000004] -> 0x0813
mem[X,0x0000000080000006] -> 0xDDB8
[6] [M]: 0x0000000080000004 (0xDDB80813) addi a6, a6, -0x225
x16 <- 0x000000007D5BFDDB

mem[X,0x0000000080000008] -> 0x1813
mem[X,0x000000008000000A] -> 0x00B8
[7] [M]: 0x0000000080000008 (0x00B81813) slli a6, a6, 0xb
x16 <- 0x000003EADFEED800

mem[X,0x000000008000000C] -> 0x0813
mem[X,0x000000008000000E] -> 0x3EA8
[8] [M]: 0x000000008000000C (0x3EA80813) addi a6, a6, 0x3ea
x16 <- 0x000003EADFEEDBEA

mem[X,0x0000000080000010] -> 0x1813
mem[X,0x0000000080000012] -> 0x00B8
[9] [M]: 0x0000000080000010 (0x00B81813) slli a6, a6, 0xb
x16 <- 0x001F56FF76DF5000

mem[X,0x0000000080000014] -> 0x0813
mem[X,0x0000000080000016] -> 0x6FF8
[10] [M]: 0x0000000080000014 (0x6FF80813) addi a6, a6, 0x6ff
x16 <- 0x001F56FF76DF56FF

mem[X,0x0000000080000018] -> 0x1813
mem[X,0x000000008000001A] -> 0x00A8
[11] [M]: 0x0000000080000018 (0x00A81813) slli a6, a6, 0xa
x16 <- 0x7D5BFDDB7D5BFC00

mem[X,0x000000008000001C] -> 0x0813
mem[X,0x000000008000001E] -> 0x1DB8
[12] [M]: 0x000000008000001C (0x1DB80813) addi a6, a6, 0x1db
x16 <- 0x7D5BFDDB7D5BFDDB

mem[X,0x0000000080000020] -> 0x5893
mem[X,0x0000000080000022] -> 0x0078
[13] [M]: 0x0000000080000020 (0x00785893) srli a7, a6, 0x7
x17 <- 0x00FAB7FBB6FAB7FB

mem[X,0x0000000080000024] -> 0x5793
mem[X,0x0000000080000026] -> 0x0398
[14] [M]: 0x0000000080000024 (0x03985793) srli a5, a6, 0x39
x15 <- 0x000000000000003E

mem[X,0x0000000080000028] -> 0xE8B3
mem[X,0x000000008000002A] -> 0x00F8
[15] [M]: 0x0000000080000028 (0x00F8E8B3) or a7, a7, a5
x17 <- 0x00FAB7FBB6FAB7FF

mem[X,0x000000008000002C] -> 0xD913
mem[X,0x000000008000002E] -> 0x0078
[16] [M]: 0x000000008000002C (0x0078D913) srli s2, a7, 0x7
x18 <- 0x0001F56FF76DF56F

mem[X,0x0000000080000030] -> 0xD793
mem[X,0x0000000080000032] -> 0x0398
[17] [M]: 0x0000000080000030 (0x0398D793) srli a5, a7, 0x39
x15 <- 0x0000000000000000

mem[X,0x0000000080000034] -> 0x6933
mem[X,0x0000000080000036] -> 0x00F9
[18] [M]: 0x0000000080000034 (0x00F96933) or s2, s2, a5
x18 <- 0x0001F56FF76DF56F

mem[X,0x0000000080000038] -> 0x5993
mem[X,0x000000008000003A] -> 0x0079
[19] [M]: 0x0000000080000038 (0x00795993) srli s3, s2, 0x7
x19 <- 0x000003EADFEEDBEA

mem[X,0x000000008000003C] -> 0x5793
mem[X,0x000000008000003E] -> 0x0399
[20] [M]: 0x000000008000003C (0x03995793) srli a5, s2, 0x39
x15 <- 0x0000000000000000

mem[X,0x0000000080000040] -> 0xE9B3
mem[X,0x0000000080000042] -> 0x00F9
[21] [M]: 0x0000000080000040 (0x00F9E9B3) or s3, s3, a5
x19 <- 0x000003EADFEEDBEA

mem[X,0x0000000080000044] -> 0xDA13
mem[X,0x0000000080000046] -> 0x0079
[22] [M]: 0x0000000080000044 (0x0079DA13) srli s4, s3, 0x7
x20 <- 0x00000007D5BFDDB7

mem[X,0x0000000080000048] -> 0xD793
mem[X,0x000000008000004A] -> 0x0399
[23] [M]: 0x0000000080000048 (0x0399D793) srli a5, s3, 0x39
x15 <- 0x0000000000000000

mem[X,0x000000008000004C] -> 0x6A33
mem[X,0x000000008000004E] -> 0x00FA
[24] [M]: 0x000000008000004C (0x00FA6A33) or s4, s4, a5
x20 <- 0x00000007D5BFDDB7

mem[X,0x0000000080000050] -> 0x5A93
mem[X,0x0000000080000052] -> 0x007A
[25] [M]: 0x0000000080000050 (0x007A5A93) srli s5, s4, 0x7
x21 <- 0x000000000FAB7FBB

mem[X,0x0000000080000054] -> 0x5793
mem[X,0x0000000080000056] -> 0x039A
[26] [M]: 0x0000000080000054 (0x039A5793) srli a5, s4, 0x39
x15 <- 0x0000000000000000

mem[X,0x0000000080000058] -> 0xEAB3
mem[X,0x000000008000005A] -> 0x00FA
[27] [M]: 0x0000000080000058 (0x00FAEAB3) or s5, s5, a5
x21 <- 0x000000000FAB7FBB

mem[X,0x000000008000005C] -> 0xDB13
mem[X,0x000000008000005E] -> 0x007A
[28] [M]: 0x000000008000005C (0x007ADB13) srli s6, s5, 0x7
x22 <- 0x00000000001F56FF

mem[X,0x0000000080000060] -> 0xD793
mem[X,0x0000000080000062] -> 0x039A
[29] [M]: 0x0000000080000060 (0x039AD793) srli a5, s5, 0x39
x15 <- 0x0000000000000000

mem[X,0x0000000080000064] -> 0x6B33
mem[X,0x0000000080000066] -> 0x00FB
[30] [M]: 0x0000000080000064 (0x00FB6B33) or s6, s6, a5
x22 <- 0x00000000001F56FF

mem[X,0x0000000080000068] -> 0x5B93
mem[X,0x000000008000006A] -> 0x007B
[31] [M]: 0x0000000080000068 (0x007B5B93) srli s7, s6, 0x7
x23 <- 0x0000000000003EAD

mem[X,0x000000008000006C] -> 0x5793
mem[X,0x000000008000006E] -> 0x039B
[32] [M]: 0x000000008000006C (0x039B5793) srli a5, s6, 0x39
x15 <- 0x0000000000000000

mem[X,0x0000000080000070] -> 0xEBB3
mem[X,0x0000000080000072] -> 0x00FB
[33] [M]: 0x0000000080000070 (0x00FBEBB3) or s7, s7, a5
x23 <- 0x0000000000003EAD

mem[X,0x0000000080000074] -> 0xDC13
mem[X,0x0000000080000076] -> 0x007B
[34] [M]: 0x0000000080000074 (0x007BDC13) srli s8, s7, 0x7
x24 <- 0x000000000000007D

mem[X,0x0000000080000078] -> 0xD793
mem[X,0x000000008000007A] -> 0x039B
[35] [M]: 0x0000000080000078 (0x039BD793) srli a5, s7, 0x39
x15 <- 0x0000000000000000

mem[X,0x000000008000007C] -> 0x6C33
mem[X,0x000000008000007E] -> 0x00FC
[36] [M]: 0x000000008000007C (0x00FC6C33) or s8, s8, a5
x24 <- 0x000000000000007D

mem[X,0x0000000080000080] -> 0x5C93
mem[X,0x0000000080000082] -> 0x007C
[37] [M]: 0x0000000080000080 (0x007C5C93) srli s9, s8, 0x7
x25 <- 0x0000000000000000

mem[X,0x0000000080000084] -> 0x5793
mem[X,0x0000000080000086] -> 0x039C
[38] [M]: 0x0000000080000084 (0x039C5793) srli a5, s8, 0x39
x15 <- 0x0000000000000000

mem[X,0x0000000080000088] -> 0xECB3
mem[X,0x000000008000008A] -> 0x00FC
[39] [M]: 0x0000000080000088 (0x00FCECB3) or s9, s9, a5
x25 <- 0x0000000000000000

mem[X,0x000000008000008C] -> 0xDD13
mem[X,0x000000008000008E] -> 0x007C
[40] [M]: 0x000000008000008C (0x007CDD13) srli s10, s9, 0x7
x26 <- 0x0000000000000000

mem[X,0x0000000080000090] -> 0xD793
mem[X,0x0000000080000092] -> 0x039C
[41] [M]: 0x0000000080000090 (0x039CD793) srli a5, s9, 0x39
x15 <- 0x0000000000000000

mem[X,0x0000000080000094] -> 0x6D33
mem[X,0x0000000080000096] -> 0x00FD
[42] [M]: 0x0000000080000094 (0x00FD6D33) or s10, s10, a5
x26 <- 0x0000000000000000

mem[X,0x0000000080000098] -> 0x5D93
mem[X,0x000000008000009A] -> 0x007D
[43] [M]: 0x0000000080000098 (0x007D5D93) srli s11, s10, 0x7
x27 <- 0x0000000000000000

mem[X,0x000000008000009C] -> 0x5793
mem[X,0x000000008000009E] -> 0x039D
[44] [M]: 0x000000008000009C (0x039D5793) srli a5, s10, 0x39
x15 <- 0x0000000000000000

mem[X,0x00000000800000A0] -> 0xEDB3
mem[X,0x00000000800000A2] -> 0x00FD
[45] [M]: 0x00000000800000A0 (0x00FDEDB3) or s11, s11, a5
x27 <- 0x0000000000000000

mem[X,0x00000000800000A4] -> 0xDE13
mem[X,0x00000000800000A6] -> 0x007D
[46] [M]: 0x00000000800000A4 (0x007DDE13) srli t3, s11, 0x7
x28 <- 0x0000000000000000

mem[X,0x00000000800000A8] -> 0xD793
mem[X,0x00000000800000AA] -> 0x039D
[47] [M]: 0x00000000800000A8 (0x039DD793) srli a5, s11, 0x39
x15 <- 0x0000000000000000

mem[X,0x00000000800000AC] -> 0x6E33
mem[X,0x00000000800000AE] -> 0x00FE
[48] [M]: 0x00000000800000AC (0x00FE6E33) or t3, t3, a5
x28 <- 0x0000000000000000

mem[X,0x00000000800000B0] -> 0x5E93
mem[X,0x00000000800000B2] -> 0x007E
[49] [M]: 0x00000000800000B0 (0x007E5E93) srli t4, t3, 0x7
x29 <- 0x0000000000000000

mem[X,0x00000000800000B4] -> 0x5793
mem[X,0x00000000800000B6] -> 0x039E
[50] [M]: 0x00000000800000B4 (0x039E5793) srli a5, t3, 0x39
x15 <- 0x0000000000000000

mem[X,0x00000000800000B8] -> 0xEEB3
mem[X,0x00000000800000BA] -> 0x00FE
[51] [M]: 0x00000000800000B8 (0x00FEEEB3) or t4, t4, a5
x29 <- 0x0000000000000000

mem[X,0x00000000800000BC] -> 0xDF13
mem[X,0x00000000800000BE] -> 0x007E
[52] [M]: 0x00000000800000BC (0x007EDF13) srli t5, t4, 0x7
x30 <- 0x0000000000000000

mem[X,0x00000000800000C0] -> 0xD793
mem[X,0x00000000800000C2] -> 0x039E
[53] [M]: 0x00000000800000C0 (0x039ED793) srli a5, t4, 0x39
x15 <- 0x0000000000000000

mem[X,0x00000000800000C4] -> 0x6F33
mem[X,0x00000000800000C6] -> 0x00FF
[54] [M]: 0x00000000800000C4 (0x00FF6F33) or t5, t5, a5
x30 <- 0x0000000000000000

mem[X,0x00000000800000C8] -> 0xC0B7
mem[X,0x00000000800000CA] -> 0xFEED
[55] [M]: 0x00000000800000C8 (0xFEEDC0B7) lui ra, -0x1124
x1 <- 0xFFFFFFFFFEEDC000

mem[X,0x00000000800000CC] -> 0x8093
mem[X,0x00000000800000CE] -> 0xEAD0
[56] [M]: 0x00000000800000CC (0xEAD08093) addi ra, ra, -0x153
x1 <- 0xFFFFFFFFFEEDBEAD

mem[X,0x00000000800000D0] -> 0x9093
mem[X,0x00000000800000D2] -> 0x00B0
[57] [M]: 0x00000000800000D0 (0x00B09093) slli ra, ra, 0xb
x1 <- 0xFFFFFFF76DF56800

mem[X,0x00000000800000D4] -> 0x8093
mem[X,0x00000000800000D6] -> 0x7F70
[58] [M]: 0x00000000800000D4 (0x7F708093) addi ra, ra, 0x7f7
x1 <- 0xFFFFFFF76DF56FF7

mem[X,0x00000000800000D8] -> 0x9093
mem[X,0x00000000800000DA] -> 0x00B0
[59] [M]: 0x00000000800000D8 (0x00B09093) slli ra, ra, 0xb
x1 <- 0xFFFFBB6FAB7FB800

mem[X,0x00000000800000DC] -> 0x8093
mem[X,0x00000000800000DE] -> 0x36F0
[60] [M]: 0x00000000800000DC (0x36F08093) addi ra, ra, 0x36f
x1 <- 0xFFFFBB6FAB7FBB6F

mem[X,0x00000000800000E0] -> 0x9093
mem[X,0x00000000800000E2] -> 0x00A0
[61] [M]: 0x00000000800000E0 (0x00A09093) slli ra, ra, 0xa
x1 <- 0xFEEDBEADFEEDBC00

mem[X,0x00000000800000E4] -> 0x8093
mem[X,0x00000000800000E6] -> 0x2AD0
[62] [M]: 0x00000000800000E4 (0x2AD08093) addi ra, ra, 0x2ad
x1 <- 0xFEEDBEADFEEDBEAD

mem[X,0x00000000800000E8] -> 0xD113
mem[X,0x00000000800000EA] -> 0x0070
[63] [M]: 0x00000000800000E8 (0x0070D113) srli sp, ra, 0x7
x2 <- 0x01FDDB7D5BFDDB7D

mem[X,0x00000000800000EC] -> 0xD793
mem[X,0x00000000800000EE] -> 0x0390
[64] [M]: 0x00000000800000EC (0x0390D793) srli a5, ra, 0x39
x15 <- 0x000000000000007F

mem[X,0x00000000800000F0] -> 0x6133
mem[X,0x00000000800000F2] -> 0x00F1
[65] [M]: 0x00000000800000F0 (0x00F16133) or sp, sp, a5
x2 <- 0x01FDDB7D5BFDDB7F

mem[X,0x00000000800000F4] -> 0x5193
mem[X,0x00000000800000F6] -> 0x0071
[66] [M]: 0x00000000800000F4 (0x00715193) srli gp, sp, 0x7
x3 <- 0x0003FBB6FAB7FBB6

mem[X,0x00000000800000F8] -> 0x5793
mem[X,0x00000000800000FA] -> 0x0391
[67] [M]: 0x00000000800000F8 (0x03915793) srli a5, sp, 0x39
x15 <- 0x0000000000000000

mem[X,0x00000000800000FC] -> 0xE1B3
mem[X,0x00000000800000FE] -> 0x00F1
[68] [M]: 0x00000000800000FC (0x00F1E1B3) or gp, gp, a5
x3 <- 0x0003FBB6FAB7FBB6

mem[X,0x0000000080000100] -> 0xD213
mem[X,0x0000000080000102] -> 0x0071
[69] [M]: 0x0000000080000100 (0x0071D213) srli tp, gp, 0x7
x4 <- 0x000007F76DF56FF7

mem[X,0x0000000080000104] -> 0xD793
mem[X,0x0000000080000106] -> 0x0391
[70] [M]: 0x0000000080000104 (0x0391D793) srli a5, gp, 0x39
x15 <- 0x0000000000000000

mem[X,0x0000000080000108] -> 0x6233
mem[X,0x000000008000010A] -> 0x00F2
[71] [M]: 0x0000000080000108 (0x00F26233) or tp, tp, a5
x4 <- 0x000007F76DF56FF7

mem[X,0x000000008000010C] -> 0x5293
mem[X,0x000000008000010E] -> 0x0072
[72] [M]: 0x000000008000010C (0x00725293) srli t0, tp, 0x7
x5 <- 0x0000000FEEDBEADF

mem[X,0x0000000080000110] -> 0x5793
mem[X,0x0000000080000112] -> 0x0392
[73] [M]: 0x0000000080000110 (0x03925793) srli a5, tp, 0x39
x15 <- 0x0000000000000000

mem[X,0x0000000080000114] -> 0xE2B3
mem[X,0x0000000080000116] -> 0x00F2
[74] [M]: 0x0000000080000114 (0x00F2E2B3) or t0, t0, a5
x5 <- 0x0000000FEEDBEADF

mem[X,0x0000000080000118] -> 0xD313
mem[X,0x000000008000011A] -> 0x0072
[75] [M]: 0x0000000080000118 (0x0072D313) srli t1, t0, 0x7
x6 <- 0x000000001FDDB7D5

mem[X,0x000000008000011C] -> 0xD793
mem[X,0x000000008000011E] -> 0x0392
[76] [M]: 0x000000008000011C (0x0392D793) srli a5, t0, 0x39
x15 <- 0x0000000000000000

mem[X,0x0000000080000120] -> 0x6333
mem[X,0x0000000080000122] -> 0x00F3
[77] [M]: 0x0000000080000120 (0x00F36333) or t1, t1, a5
x6 <- 0x000000001FDDB7D5

mem[X,0x0000000080000124] -> 0x5393
mem[X,0x0000000080000126] -> 0x0073
[78] [M]: 0x0000000080000124 (0x00735393) srli t2, t1, 0x7
x7 <- 0x00000000003FBB6F

mem[X,0x0000000080000128] -> 0x5793
mem[X,0x000000008000012A] -> 0x0393
[79] [M]: 0x0000000080000128 (0x03935793) srli a5, t1, 0x39
x15 <- 0x0000000000000000

mem[X,0x000000008000012C] -> 0xE3B3
mem[X,0x000000008000012E] -> 0x00F3
[80] [M]: 0x000000008000012C (0x00F3E3B3) or t2, t2, a5
x7 <- 0x00000000003FBB6F

mem[X,0x0000000080000130] -> 0xD413
mem[X,0x0000000080000132] -> 0x0073
[81] [M]: 0x0000000080000130 (0x0073D413) srli fp, t2, 0x7
x8 <- 0x0000000000007F76

mem[X,0x0000000080000134] -> 0xD793
mem[X,0x0000000080000136] -> 0x0393
[82] [M]: 0x0000000080000134 (0x0393D793) srli a5, t2, 0x39
x15 <- 0x0000000000000000

mem[X,0x0000000080000138] -> 0x6433
mem[X,0x000000008000013A] -> 0x00F4
[83] [M]: 0x0000000080000138 (0x00F46433) or fp, fp, a5
x8 <- 0x0000000000007F76

mem[X,0x000000008000013C] -> 0x5493
mem[X,0x000000008000013E] -> 0x0074
[84] [M]: 0x000000008000013C (0x00745493) srli s1, fp, 0x7
x9 <- 0x00000000000000FE

mem[X,0x0000000080000140] -> 0x5793
mem[X,0x0000000080000142] -> 0x0394
[85] [M]: 0x0000000080000140 (0x03945793) srli a5, fp, 0x39
x15 <- 0x0000000000000000

mem[X,0x0000000080000144] -> 0xE4B3
mem[X,0x0000000080000146] -> 0x00F4
[86] [M]: 0x0000000080000144 (0x00F4E4B3) or s1, s1, a5
x9 <- 0x00000000000000FE

mem[X,0x0000000080000148] -> 0xD513
mem[X,0x000000008000014A] -> 0x0074
[87] [M]: 0x0000000080000148 (0x0074D513) srli a0, s1, 0x7
x10 <- 0x0000000000000001

mem[X,0x000000008000014C] -> 0xD793
mem[X,0x000000008000014E] -> 0x0394
[88] [M]: 0x000000008000014C (0x0394D793) srli a5, s1, 0x39
x15 <- 0x0000000000000000

mem[X,0x0000000080000150] -> 0x6533
mem[X,0x0000000080000152] -> 0x00F5
[89] [M]: 0x0000000080000150 (0x00F56533) or a0, a0, a5
x10 <- 0x0000000000000001

mem[X,0x0000000080000154] -> 0x5593
mem[X,0x0000000080000156] -> 0x0075
[90] [M]: 0x0000000080000154 (0x00755593) srli a1, a0, 0x7
x11 <- 0x0000000000000000

mem[X,0x0000000080000158] -> 0x5793
mem[X,0x000000008000015A] -> 0x0395
[91] [M]: 0x0000000080000158 (0x03955793) srli a5, a0, 0x39
x15 <- 0x0000000000000000

mem[X,0x000000008000015C] -> 0xE5B3
mem[X,0x000000008000015E] -> 0x00F5
[92] [M]: 0x000000008000015C (0x00F5E5B3) or a1, a1, a5
x11 <- 0x0000000000000000

mem[X,0x0000000080000160] -> 0xD613
mem[X,0x0000000080000162] -> 0x0075
[93] [M]: 0x0000000080000160 (0x0075D613) srli a2, a1, 0x7
x12 <- 0x0000000000000000

mem[X,0x0000000080000164] -> 0xD793
mem[X,0x0000000080000166] -> 0x0395
[94] [M]: 0x0000000080000164 (0x0395D793) srli a5, a1, 0x39
x15 <- 0x0000000000000000

mem[X,0x0000000080000168] -> 0x6633
mem[X,0x000000008000016A] -> 0x00F6
[95] [M]: 0x0000000080000168 (0x00F66633) or a2, a2, a5
x12 <- 0x0000000000000000

mem[X,0x000000008000016C] -> 0x5693
mem[X,0x000000008000016E] -> 0x0076
[96] [M]: 0x000000008000016C (0x00765693) srli a3, a2, 0x7
x13 <- 0x0000000000000000

mem[X,0x0000000080000170] -> 0x5793
mem[X,0x0000000080000172] -> 0x0396
[97] [M]: 0x0000000080000170 (0x03965793) srli a5, a2, 0x39
x15 <- 0x0000000000000000

mem[X,0x0000000080000174] -> 0xE6B3
mem[X,0x0000000080000176] -> 0x00F6
[98] [M]: 0x0000000080000174 (0x00F6E6B3) or a3, a3, a5
x13 <- 0x0000000000000000

mem[X,0x0000000080000178] -> 0x0013
mem[X,0x000000008000017A] -> 0x0000
[99] [M]: 0x0000000080000178 (0x00000013) addi zero, zero, 0x0

clint::tick mtime <- 0x0000000000000001
 clint timer pending at mtime 0x0000000000000001
htif::tick 0x0000000000000000
mem[X,0x000000008000017C] -> 0x0013
mem[X,0x000000008000017E] -> 0x0000
[100] [M]: 0x000000008000017C (0x00000013) addi zero, zero, 0x0

mem[X,0x0000000080000180] -> 0x4097
mem[X,0x0000000080000182] -> 0x0000
[101] [M]: 0x0000000080000180 (0x00004097) auipc ra, 0x4
x1 <- 0x0000000080004180

mem[X,0x0000000080000184] -> 0x8093
mem[X,0x0000000080000186] -> 0xF980
[102] [M]: 0x0000000080000184 (0xF9808093) addi ra, ra, -0x68
x1 <- 0x0000000080004118

mem[X,0x0000000080000188] -> 0x0013
mem[X,0x000000008000018A] -> 0x0000
[103] [M]: 0x0000000080000188 (0x00000013) addi zero, zero, 0x0

mem[X,0x000000008000018C] -> 0x0013
mem[X,0x000000008000018E] -> 0x0000
[104] [M]: 0x000000008000018C (0x00000013) addi zero, zero, 0x0

mem[X,0x0000000080000190] -> 0x0013
mem[X,0x0000000080000192] -> 0x0000
[105] [M]: 0x0000000080000190 (0x00000013) addi zero, zero, 0x0

mem[X,0x0000000080000194] -> 0x0013
mem[X,0x0000000080000196] -> 0x0000
[106] [M]: 0x0000000080000194 (0x00000013) addi zero, zero, 0x0

mem[X,0x0000000080000198] -> 0x0013
mem[X,0x000000008000019A] -> 0x0000
[107] [M]: 0x0000000080000198 (0x00000013) addi zero, zero, 0x0

mem[X,0x000000008000019C] -> 0x0013
mem[X,0x000000008000019E] -> 0x0000
[108] [M]: 0x000000008000019C (0x00000013) addi zero, zero, 0x0

mem[X,0x00000000800001A0] -> 0x0737
mem[X,0x00000000800001A2] -> 0x4001
[109] [M]: 0x00000000800001A0 (0x40010737) lui a4, 0x40010
x14 <- 0x0000000040010000

mem[X,0x00000000800001A4] -> 0x0713
mem[X,0x00000000800001A6] -> 0xFF67
[110] [M]: 0x00000000800001A4 (0xFF670713) addi a4, a4, -0xa
x14 <- 0x000000004000FFF6

mem[X,0x00000000800001A8] -> 0x1713
mem[X,0x00000000800001AA] -> 0x00B7
[111] [M]: 0x00000000800001A8 (0x00B71713) slli a4, a4, 0xb
x14 <- 0x0000020007FFB000

mem[X,0x00000000800001AC] -> 0x0713
mem[X,0x00000000800001AE] -> 0x5FF7
[112] [M]: 0x00000000800001AC (0x5FF70713) addi a4, a4, 0x5ff
x14 <- 0x0000020007FFB5FF

mem[X,0x00000000800001B0] -> 0x1713
mem[X,0x00000000800001B2] -> 0x00B7
[113] [M]: 0x00000000800001B0 (0x00B71713) slli a4, a4, 0xb
x14 <- 0x0010003FFDAFF800

mem[X,0x00000000800001B4] -> 0x0713
mem[X,0x00000000800001B6] -> 0x7E07
[114] [M]: 0x00000000800001B4 (0x7E070713) addi a4, a4, 0x7e0
x14 <- 0x0010003FFDAFFFE0

mem[X,0x00000000800001B8] -> 0x1713
mem[X,0x00000000800001BA] -> 0x00A7
[115] [M]: 0x00000000800001B8 (0x00A71713) slli a4, a4, 0xa
x14 <- 0x4000FFF6BFFF8000

mem[X,0x00000000800001BC] -> 0x02B7
mem[X,0x00000000800001BE] -> 0xFFFC
[116] [M]: 0x00000000800001BC (0xFFFC02B7) lui t0, -0x40
x5 <- 0xFFFFFFFFFFFC0000

mem[X,0x00000000800001C0] -> 0x8293
mem[X,0x00000000800001C2] -> 0x0012
[117] [M]: 0x00000000800001C0 (0x00128293) addi t0, t0, 0x1
x5 <- 0xFFFFFFFFFFFC0001

mem[X,0x00000000800001C4] -> 0x9293
mem[X,0x00000000800001C6] -> 0x00B2
[118] [M]: 0x00000000800001C4 (0x00B29293) slli t0, t0, 0xb
x5 <- 0xFFFFFFFFE0000800

mem[X,0x00000000800001C8] -> 0x8293
mem[X,0x00000000800001CA] -> 0x7FF2
[119] [M]: 0x00000000800001C8 (0x7FF28293) addi t0, t0, 0x7ff
x5 <- 0xFFFFFFFFE0000FFF

mem[X,0x00000000800001CC] -> 0x9293
mem[X,0x00000000800001CE] -> 0x00B2
[120] [M]: 0x00000000800001CC (0x00B29293) slli t0, t0, 0xb
x5 <- 0xFFFFFF00007FF800

mem[X,0x00000000800001D0] -> 0x8293
mem[X,0x00000000800001D2] -> 0x6C02
[121] [M]: 0x00000000800001D0 (0x6C028293) addi t0, t0, 0x6c0
x5 <- 0xFFFFFF00007FFEC0

mem[X,0x00000000800001D4] -> 0x9293
mem[X,0x00000000800001D6] -> 0x00A2
[122] [M]: 0x00000000800001D4 (0x00A29293) slli t0, t0, 0xa
x5 <- 0xFFFC0001FFFB0000

mem[X,0x00000000800001D8] -> 0x8293
mem[X,0x00000000800001DA] -> 0x0802
[123] [M]: 0x00000000800001D8 (0x08028293) addi t0, t0, 0x80
x5 <- 0xFFFC0001FFFB0080

mem[X,0x00000000800001DC] -> 0x72BB
mem[X,0x00000000800001DE] -> 0xBC57
[124] [M]: 0x00000000800001DC (0xBC5772BB) pmhaccsu.h.bo t0, a4, t0
x5 <- 0x003B000100BA0080

mem[X,0x00000000800001E0] -> 0xB023
mem[X,0x00000000800001E2] -> 0x0050
[125] [M]: 0x00000000800001E0 (0x0050B023) sd t0, 0x0(ra)
mem[0x0000000080004118] <- 0x003B000100BA0080

mem[X,0x00000000800001E4] -> 0x08B7
mem[X,0x00000000800001E6] -> 0xFFFD
[126] [M]: 0x00000000800001E4 (0xFFFD08B7) lui a7, -0x30
x17 <- 0xFFFFFFFFFFFD0000

mem[X,0x00000000800001E8] -> 0x8893
mem[X,0x00000000800001EA] -> 0x4008
[127] [M]: 0x00000000800001E8 (0x40088893) addi a7, a7, 0x400
x17 <- 0xFFFFFFFFFFFD0400

mem[X,0x00000000800001EC] -> 0x9893
mem[X,0x00000000800001EE] -> 0x00B8
[128] [M]: 0x00000000800001EC (0x00B89893) slli a7, a7, 0xb
x17 <- 0xFFFFFFFFE8200000

mem[X,0x00000000800001F0] -> 0x8893
mem[X,0x00000000800001F2] -> 0x0008
[129] [M]: 0x00000000800001F0 (0x00088893) addi a7, a7, 0x0
x17 <- 0xFFFFFFFFE8200000

mem[X,0x00000000800001F4] -> 0x9893
mem[X,0x00000000800001F6] -> 0x00B8
[130] [M]: 0x00000000800001F4 (0x00B89893) slli a7, a7, 0xb
x17 <- 0xFFFFFF4100000000

mem[X,0x00000000800001F8] -> 0x8893
mem[X,0x00000000800001FA] -> 0x43F8
[131] [M]: 0x00000000800001F8 (0x43F88893) addi a7, a7, 0x43f
x17 <- 0xFFFFFF410000043F

mem[X,0x00000000800001FC] -> 0x9893
mem[X,0x00000000800001FE] -> 0x00A8
[132] [M]: 0x00000000800001FC (0x00A89893) slli a7, a7, 0xa
x17 <- 0xFFFD04000010FC00

mem[X,0x0000000080000200] -> 0x8893
mem[X,0x0000000080000202] -> 0x3FF8
[133] [M]: 0x0000000080000200 (0x3FF88893) addi a7, a7, 0x3ff
x17 <- 0xFFFD04000010FFFF

mem[X,0x0000000080000204] -> 0x08B7
mem[X,0x0000000080000206] -> 0x0041
[134] [M]: 0x0000000080000204 (0x004108B7) lui a7, 0x410
x17 <- 0x0000000000410000

mem[X,0x0000000080000208] -> 0x8893
mem[X,0x000000008000020A] -> 0xFFE8
[135] [M]: 0x0000000080000208 (0xFFE88893) addi a7, a7, -0x2
x17 <- 0x000000000040FFFE

mem[X,0x000000008000020C] -> 0x9893
mem[X,0x000000008000020E] -> 0x00B8
[136] [M]: 0x000000008000020C (0x00B89893) slli a7, a7, 0xb
x17 <- 0x0000000207FFF000

mem[X,0x0000000080000210] -> 0x8893
mem[X,0x0000000080000212] -> 0x7EF8
[137] [M]: 0x0000000080000210 (0x7EF88893) addi a7, a7, 0x7ef
x17 <- 0x0000000207FFF7EF

mem[X,0x0000000080000214] -> 0x9893
mem[X,0x0000000080000216] -> 0x00B8
[138] [M]: 0x0000000080000214 (0x00B89893) slli a7, a7, 0xb
x17 <- 0x0000103FFFBF7800

mem[X,0x0000000080000218] -> 0x8893
mem[X,0x000000008000021A] -> 0x7FF8
[139] [M]: 0x0000000080000218 (0x7FF88893) addi a7, a7, 0x7ff
x17 <- 0x0000103FFFBF7FFF

mem[X,0x000000008000021C] -> 0x9893
mem[X,0x000000008000021E] -> 0x00A8
[140] [M]: 0x000000008000021C (0x00A89893) slli a7, a7, 0xa
x17 <- 0x0040FFFEFDFFFC00

mem[X,0x0000000080000220] -> 0x8893
mem[X,0x0000000080000222] -> 0x3FF8
[141] [M]: 0x0000000080000220 (0x3FF88893) addi a7, a7, 0x3ff
x17 <- 0x0040FFFEFDFFFFFF

mem[X,0x0000000080000224] -> 0xF73B
mem[X,0x0000000080000226] -> 0xBD18
[142] [M]: 0x0000000080000224 (0xBD18F73B) pmhaccsu.h.bo a4, a7, a7
x14 <- 0x400000F4C0FA80FE

mem[X,0x0000000080000228] -> 0xB423
mem[X,0x000000008000022A] -> 0x00E0
[143] [M]: 0x0000000080000228 (0x00E0B423) sd a4, 0x8(ra)
mem[0x0000000080004120] <- 0x400000F4C0FA80FE

mem[X,0x000000008000022C] -> 0x0437
mem[X,0x000000008000022E] -> 0xF800
[144] [M]: 0x000000008000022C (0xF8000437) lui fp, -0x8000
x8 <- 0xFFFFFFFFF8000000

mem[X,0x0000000080000230] -> 0x0413
mem[X,0x0000000080000232] -> 0xFFB4
[145] [M]: 0x0000000080000230 (0xFFB40413) addi fp, fp, -0x5
x8 <- 0xFFFFFFFFF7FFFFFB

mem[X,0x0000000080000234] -> 0x1413
mem[X,0x0000000080000236] -> 0x00B4
[146] [M]: 0x0000000080000234 (0x00B41413) slli fp, fp, 0xb
x8 <- 0xFFFFFFBFFFFFD800

mem[X,0x0000000080000238] -> 0x0413
mem[X,0x000000008000023A] -> 0x7FF4
[147] [M]: 0x0000000080000238 (0x7FF40413) addi fp, fp, 0x7ff
x8 <- 0xFFFFFFBFFFFFDFFF

mem[X,0x000000008000023C] -> 0x1413
mem[X,0x000000008000023E] -> 0x00B4
[148] [M]: 0x000000008000023C (0x00B41413) slli fp, fp, 0xb
x8 <- 0xFFFDFFFFFEFFF800

mem[X,0x0000000080000240] -> 0x0413
mem[X,0x0000000080000242] -> 0x6404
[149] [M]: 0x0000000080000240 (0x64040413) addi fp, fp, 0x640
x8 <- 0xFFFDFFFFFEFFFE40

mem[X,0x0000000080000244] -> 0x1413
mem[X,0x0000000080000246] -> 0x00A4
[150] [M]: 0x0000000080000244 (0x00A41413) slli fp, fp, 0xa
x8 <- 0xF7FFFFFBFFF90000

mem[X,0x0000000080000248] -> 0x0437
mem[X,0x000000008000024A] -> 0x0001
[151] [M]: 0x0000000080000248 (0x00010437) lui fp, 0x10
x8 <- 0x0000000000010000

mem[X,0x000000008000024C] -> 0x0413
mem[X,0x000000008000024E] -> 0x0034
[152] [M]: 0x000000008000024C (0x00340413) addi fp, fp, 0x3
x8 <- 0x0000000000010003

mem[X,0x0000000080000250] -> 0x1413
mem[X,0x0000000080000252] -> 0x00B4
[153] [M]: 0x0000000080000250 (0x00B41413) slli fp, fp, 0xb
x8 <- 0x0000000008001800

mem[X,0x0000000080000254] -> 0x0413
mem[X,0x0000000080000256] -> 0x7FF4
[154] [M]: 0x0000000080000254 (0x7FF40413) addi fp, fp, 0x7ff
x8 <- 0x0000000008001FFF

mem[X,0x0000000080000258] -> 0x1413
mem[X,0x000000008000025A] -> 0x00B4
[155] [M]: 0x0000000080000258 (0x00B41413) slli fp, fp, 0xb
x8 <- 0x0000004000FFF800

mem[X,0x000000008000025C] -> 0x0413
mem[X,0x000000008000025E] -> 0x77F4
[156] [M]: 0x000000008000025C (0x77F40413) addi fp, fp, 0x77f
x8 <- 0x0000004000FFFF7F

mem[X,0x0000000080000260] -> 0x1413
mem[X,0x0000000080000262] -> 0x00A4
[157] [M]: 0x0000000080000260 (0x00A41413) slli fp, fp, 0xa
x8 <- 0x00010003FFFDFC00

mem[X,0x0000000080000264] -> 0x0413
mem[X,0x0000000080000266] -> 0x3FF4
[158] [M]: 0x0000000080000264 (0x3FF40413) addi fp, fp, 0x3ff
x8 <- 0x00010003FFFDFFFF

mem[X,0x0000000080000268] -> 0x743B
mem[X,0x000000008000026A] -> 0xBC84
[159] [M]: 0x0000000080000268 (0xBC84743B) pmhaccsu.h.bo fp, fp, fp
x8 <- 0x0001000300FB00FD

mem[X,0x000000008000026C] -> 0xB823
mem[X,0x000000008000026E] -> 0x0080
[160] [M]: 0x000000008000026C (0x0080B823) sd fp, 0x10(ra)
mem[0x0000000080004128] <- 0x0001000300FB00FD

mem[X,0x0000000080000270] -> 0x03B7
mem[X,0x0000000080000272] -> 0x0002
[161] [M]: 0x0000000080000270 (0x000203B7) lui t2, 0x20
x7 <- 0x0000000000020000

mem[X,0x0000000080000274] -> 0x8393
mem[X,0x0000000080000276] -> 0x0033
[162] [M]: 0x0000000080000274 (0x00338393) addi t2, t2, 0x3
x7 <- 0x0000000000020003

mem[X,0x0000000080000278] -> 0x9393
mem[X,0x000000008000027A] -> 0x00B3
[163] [M]: 0x0000000080000278 (0x00B39393) slli t2, t2, 0xb
x7 <- 0x0000000010001800

mem[X,0x000000008000027C] -> 0x8393
mem[X,0x000000008000027E] -> 0x4003
[164] [M]: 0x000000008000027C (0x40038393) addi t2, t2, 0x400
x7 <- 0x0000000010001C00

mem[X,0x0000000080000280] -> 0x9393
mem[X,0x0000000080000282] -> 0x00B3
[165] [M]: 0x0000000080000280 (0x00B39393) slli t2, t2, 0xb
x7 <- 0x0000008000E00000

mem[X,0x0000000080000284] -> 0x8393
mem[X,0x0000000080000286] -> 0x0003
[166] [M]: 0x0000000080000284 (0x00038393) addi t2, t2, 0x0
x7 <- 0x0000008000E00000

mem[X,0x0000000080000288] -> 0x9393
mem[X,0x000000008000028A] -> 0x00A3
[167] [M]: 0x0000000080000288 (0x00A39393) slli t2, t2, 0xa
x7 <- 0x0002000380000000

mem[X,0x000000008000028C] -> 0x8393
mem[X,0x000000008000028E] -> 0x0013
[168] [M]: 0x000000008000028C (0x00138393) addi t2, t2, 0x1
x7 <- 0x0002000380000001

mem[X,0x0000000080000290] -> 0x01B7
mem[X,0x0000000080000292] -> 0xE000
[169] [M]: 0x0000000080000290 (0xE00001B7) lui gp, -0x20000
x3 <- 0xFFFFFFFFE0000000

mem[X,0x0000000080000294] -> 0x8193
mem[X,0x0000000080000296] -> 0xFF61
[170] [M]: 0x0000000080000294 (0xFF618193) addi gp, gp, -0xa
x3 <- 0xFFFFFFFFDFFFFFF6

mem[X,0x0000000080000298] -> 0x9193
mem[X,0x000000008000029A] -> 0x00B1
[171] [M]: 0x0000000080000298 (0x00B19193) slli gp, gp, 0xb
x3 <- 0xFFFFFEFFFFFFB000

mem[X,0x000000008000029C] -> 0x8193
mem[X,0x000000008000029E] -> 0x7FB1
[172] [M]: 0x000000008000029C (0x7FB18193) addi gp, gp, 0x7fb
x3 <- 0xFFFFFEFFFFFFB7FB

mem[X,0x00000000800002A0] -> 0x9193
mem[X,0x00000000800002A2] -> 0x00B1
[173] [M]: 0x00000000800002A0 (0x00B19193) slli gp, gp, 0xb
x3 <- 0xFFF7FFFFFDBFD800

mem[X,0x00000000800002A4] -> 0x8193
mem[X,0x00000000800002A6] -> 0x7C01
[174] [M]: 0x00000000800002A4 (0x7C018193) addi gp, gp, 0x7c0
x3 <- 0xFFF7FFFFFDBFDFC0

mem[X,0x00000000800002A8] -> 0x9193
mem[X,0x00000000800002AA] -> 0x00A1
[175] [M]: 0x00000000800002A8 (0x00A19193) slli gp, gp, 0xa
x3 <- 0xDFFFFFF6FF7F0000

mem[X,0x00000000800002AC] -> 0x8193
mem[X,0x00000000800002AE] -> 0x0021
[176] [M]: 0x00000000800002AC (0x00218193) addi gp, gp, 0x2
x3 <- 0xDFFFFFF6FF7F0002

mem[X,0x00000000800002B0] -> 0xF3BB
mem[X,0x00000000800002B2] -> 0xBC33
[177] [M]: 0x00000000800002B0 (0xBC33F3BB) pmhaccsu.h.bo t2, t2, gp
x7 <- 0x00020003807F0001

mem[X,0x00000000800002B4] -> 0xBC23
mem[X,0x00000000800002B6] -> 0x0070
[178] [M]: 0x00000000800002B4 (0x0070BC23) sd t2, 0x18(ra)
mem[0x0000000080004130] <- 0x00020003807F0001

mem[X,0x00000000800002B8] -> 0x84B7
mem[X,0x00000000800002BA] -> 0xFFFC
[179] [M]: 0x00000000800002B8 (0xFFFC84B7) lui s1, -0x38
x9 <- 0xFFFFFFFFFFFC8000

mem[X,0x00000000800002BC] -> 0x8493
mem[X,0x00000000800002BE] -> 0xFFF4
[180] [M]: 0x00000000800002BC (0xFFF48493) addi s1, s1, -0x1
x9 <- 0xFFFFFFFFFFFC7FFF

mem[X,0x00000000800002C0] -> 0x9493
mem[X,0x00000000800002C2] -> 0x00B4
[181] [M]: 0x00000000800002C0 (0x00B49493) slli s1, s1, 0xb
x9 <- 0xFFFFFFFFE3FFF800

mem[X,0x00000000800002C4] -> 0x8493
mem[X,0x00000000800002C6] -> 0x4004
[182] [M]: 0x00000000800002C4 (0x40048493) addi s1, s1, 0x400
x9 <- 0xFFFFFFFFE3FFFC00

mem[X,0x00000000800002C8] -> 0x9493
mem[X,0x00000000800002CA] -> 0x00B4
[183] [M]: 0x00000000800002C8 (0x00B49493) slli s1, s1, 0xb
x9 <- 0xFFFFFF1FFFE00000

mem[X,0x00000000800002CC] -> 0x8493
mem[X,0x00000000800002CE] -> 0x01F4
[184] [M]: 0x00000000800002CC (0x01F48493) addi s1, s1, 0x1f
x9 <- 0xFFFFFF1FFFE0001F

mem[X,0x00000000800002D0] -> 0x9493
mem[X,0x00000000800002D2] -> 0x00A4
[185] [M]: 0x00000000800002D0 (0x00A49493) slli s1, s1, 0xa
x9 <- 0xFFFC7FFF80007C00

mem[X,0x00000000800002D4] -> 0x8493
mem[X,0x00000000800002D6] -> 0x3FF4
[186] [M]: 0x00000000800002D4 (0x3FF48493) addi s1, s1, 0x3ff
x9 <- 0xFFFC7FFF80007FFF

mem[X,0x00000000800002D8] -> 0xF237
mem[X,0x00000000800002DA] -> 0x5555
[187] [M]: 0x00000000800002D8 (0x5555F237) lui tp, 0x5555f
x4 <- 0x000000005555F000

mem[X,0x00000000800002DC] -> 0x0213
mem[X,0x00000000800002DE] -> 0x7FF2
[188] [M]: 0x00000000800002DC (0x7FF20213) addi tp, tp, 0x7ff
x4 <- 0x000000005555F7FF

mem[X,0x00000000800002E0] -> 0x1213
mem[X,0x00000000800002E2] -> 0x00B2
[189] [M]: 0x00000000800002E0 (0x00B21213) slli tp, tp, 0xb
x4 <- 0x000002AAAFBFF800

mem[X,0x00000000800002E4] -> 0x0213
mem[X,0x00000000800002E6] -> 0x7FF2
[190] [M]: 0x00000000800002E4 (0x7FF20213) addi tp, tp, 0x7ff
x4 <- 0x000002AAAFBFFFFF

mem[X,0x00000000800002E8] -> 0x1213
mem[X,0x00000000800002EA] -> 0x00B2
[191] [M]: 0x00000000800002E8 (0x00B21213) slli tp, tp, 0xb
x4 <- 0x0015557DFFFFF800

mem[X,0x00000000800002EC] -> 0x0213
mem[X,0x00000000800002EE] -> 0x6BF2
[192] [M]: 0x00000000800002EC (0x6BF20213) addi tp, tp, 0x6bf
x4 <- 0x0015557DFFFFFEBF

mem[X,0x00000000800002F0] -> 0x1213
mem[X,0x00000000800002F2] -> 0x00A2
[193] [M]: 0x00000000800002F0 (0x00A21213) slli tp, tp, 0xa
x4 <- 0x5555F7FFFFFAFC00

mem[X,0x00000000800002F4] -> 0x0213
mem[X,0x00000000800002F6] -> 0x3F82
[194] [M]: 0x00000000800002F4 (0x3F820213) addi tp, tp, 0x3f8
x4 <- 0x5555F7FFFFFAFFF8

mem[X,0x00000000800002F8] -> 0xF63B
mem[X,0x00000000800002FA] -> 0xBC44
[195] [M]: 0x00000000800002F8 (0xBC44F63B) pmhaccsu.h.bo a2, s1, tp
x12 <- 0x0054007B007F007F

mem[X,0x00000000800002FC] -> 0xB023
mem[X,0x00000000800002FE] -> 0x02C0
[196] [M]: 0x00000000800002FC (0x02C0B023) sd a2, 0x20(ra)
mem[0x0000000080004138] <- 0x0054007B007F007F

mem[X,0x0000000080000300] -> 0x0A37
mem[X,0x0000000080000302] -> 0xFFBF
[197] [M]: 0x0000000080000300 (0xFFBF0A37) lui s4, -0x410
x20 <- 0xFFFFFFFFFFBF0000

mem[X,0x0000000080000304] -> 0x0A13
mem[X,0x0000000080000306] -> 0x009A
[198] [M]: 0x0000000080000304 (0x009A0A13) addi s4, s4, 0x9
x20 <- 0xFFFFFFFFFFBF0009

mem[X,0x0000000080000308] -> 0x1A13
mem[X,0x000000008000030A] -> 0x00BA
[199] [M]: 0x0000000080000308 (0x00BA1A13) slli s4, s4, 0xb
x20 <- 0xFFFFFFFDF8004800

clint::tick mtime <- 0x0000000000000002
 clint timer pending at mtime 0x0000000000000002
htif::tick 0x0000000000000000
mem[X,0x000000008000030C] -> 0x0A13
mem[X,0x000000008000030E] -> 0x000A
[200] [M]: 0x000000008000030C (0x000A0A13) addi s4, s4, 0x0
x20 <- 0xFFFFFFFDF8004800

mem[X,0x0000000080000310] -> 0x1A13
mem[X,0x0000000080000312] -> 0x00BA
[201] [M]: 0x0000000080000310 (0x00BA1A13) slli s4, s4, 0xb
x20 <- 0xFFFFEFC002400000

mem[X,0x0000000080000314] -> 0x0A13
mem[X,0x0000000080000316] -> 0x040A
[202] [M]: 0x0000000080000314 (0x040A0A13) addi s4, s4, 0x40
x20 <- 0xFFFFEFC002400040

mem[X,0x0000000080000318] -> 0x1A13
mem[X,0x000000008000031A] -> 0x00AA
[203] [M]: 0x0000000080000318 (0x00AA1A13) slli s4, s4, 0xa
x20 <- 0xFFBF000900010000

mem[X,0x000000008000031C] -> 0x0A13
mem[X,0x000000008000031E] -> 0x002A
[204] [M]: 0x000000008000031C (0x002A0A13) addi s4, s4, 0x2
x20 <- 0xFFBF000900010002

mem[X,0x0000000080000320] -> 0xFE37
mem[X,0x0000000080000322] -> 0x0004
[205] [M]: 0x0000000080000320 (0x0004FE37) lui t3, 0x4f
x28 <- 0x000000000004F000

mem[X,0x0000000080000324] -> 0x0E13
mem[X,0x0000000080000326] -> 0xFFFE
[206] [M]: 0x0000000080000324 (0xFFFE0E13) addi t3, t3, -0x1
x28 <- 0x000000000004EFFF

mem[X,0x0000000080000328] -> 0x1E13
mem[X,0x000000008000032A] -> 0x00BE
[207] [M]: 0x0000000080000328 (0x00BE1E13) slli t3, t3, 0xb
x28 <- 0x00000000277FF800

mem[X,0x000000008000032C] -> 0x0E13
mem[X,0x000000008000032E] -> 0x7FFE
[208] [M]: 0x000000008000032C (0x7FFE0E13) addi t3, t3, 0x7ff
x28 <- 0x00000000277FFFFF

mem[X,0x0000000080000330] -> 0x1E13
mem[X,0x0000000080000332] -> 0x00BE
[209] [M]: 0x0000000080000330 (0x00BE1E13) slli t3, t3, 0xb
x28 <- 0x0000013BFFFFF800

mem[X,0x0000000080000334] -> 0x0E13
mem[X,0x0000000080000336] -> 0x3C0E
[210] [M]: 0x0000000080000334 (0x3C0E0E13) addi t3, t3, 0x3c0
x28 <- 0x0000013BFFFFFBC0

mem[X,0x0000000080000338] -> 0x1E13
mem[X,0x000000008000033A] -> 0x00AE
[211] [M]: 0x0000000080000338 (0x00AE1E13) slli t3, t3, 0xa
x28 <- 0x0004EFFFFFEF0000

mem[X,0x000000008000033C] -> 0x0E13
mem[X,0x000000008000033E] -> 0x010E
[212] [M]: 0x000000008000033C (0x010E0E13) addi t3, t3, 0x10
x28 <- 0x0004EFFFFFEF0010

mem[X,0x0000000080000340] -> 0x733B
mem[X,0x0000000080000342] -> 0xBDCA
[213] [M]: 0x0000000080000340 (0xBDCA733B) pmhaccsu.h.bo t1, s4, t3
x6 <- 0x000000001FDDB7D5

mem[X,0x0000000080000344] -> 0xB423
mem[X,0x0000000080000346] -> 0x0260
[214] [M]: 0x0000000080000344 (0x0260B423) sd t1, 0x28(ra)
mem[0x0000000080004140] <- 0x000000001FDDB7D5

mem[X,0x0000000080000348] -> 0x0037
mem[X,0x000000008000034A] -> 0x0009
[215] [M]: 0x0000000080000348 (0x00090037) lui zero, 0x90

mem[X,0x000000008000034C] -> 0x0013
mem[X,0x000000008000034E] -> 0x4000
[216] [M]: 0x000000008000034C (0x40000013) addi zero, zero, 0x400

mem[X,0x0000000080000350] -> 0x1013
mem[X,0x0000000080000352] -> 0x00B0
[217] [M]: 0x0000000080000350 (0x00B01013) slli zero, zero, 0xb

mem[X,0x0000000080000354] -> 0x0013
mem[X,0x0000000080000356] -> 0x5550
[218] [M]: 0x0000000080000354 (0x55500013) addi zero, zero, 0x555

mem[X,0x0000000080000358] -> 0x1013
mem[X,0x000000008000035A] -> 0x00B0
[219] [M]: 0x0000000080000358 (0x00B01013) slli zero, zero, 0xb

mem[X,0x000000008000035C] -> 0x0013
mem[X,0x000000008000035E] -> 0x2800
[220] [M]: 0x000000008000035C (0x28000013) addi zero, zero, 0x280

mem[X,0x0000000080000360] -> 0x1013
mem[X,0x0000000080000362] -> 0x00A0
[221] [M]: 0x0000000080000360 (0x00A01013) slli zero, zero, 0xa

mem[X,0x0000000080000364] -> 0x0013
mem[X,0x0000000080000366] -> 0x0040
[222] [M]: 0x0000000080000364 (0x00400013) addi zero, zero, 0x4

mem[X,0x0000000080000368] -> 0x0937
mem[X,0x000000008000036A] -> 0x0040
[223] [M]: 0x0000000080000368 (0x00400937) lui s2, 0x400
x18 <- 0x0000000000400000

mem[X,0x000000008000036C] -> 0x0913
mem[X,0x000000008000036E] -> 0x0039
[224] [M]: 0x000000008000036C (0x00390913) addi s2, s2, 0x3
x18 <- 0x0000000000400003

mem[X,0x0000000080000370] -> 0x1913
mem[X,0x0000000080000372] -> 0x00B9
[225] [M]: 0x0000000080000370 (0x00B91913) slli s2, s2, 0xb
x18 <- 0x0000000200001800

mem[X,0x0000000080000374] -> 0x0913
mem[X,0x0000000080000376] -> 0x0109
[226] [M]: 0x0000000080000374 (0x01090913) addi s2, s2, 0x10
x18 <- 0x0000000200001810

mem[X,0x0000000080000378] -> 0x1913
mem[X,0x000000008000037A] -> 0x00B9
[227] [M]: 0x0000000080000378 (0x00B91913) slli s2, s2, 0xb
x18 <- 0x0000100000C08000

mem[X,0x000000008000037C] -> 0x0913
mem[X,0x000000008000037E] -> 0x0009
[228] [M]: 0x000000008000037C (0x00090913) addi s2, s2, 0x0
x18 <- 0x0000100000C08000

mem[X,0x0000000080000380] -> 0x1913
mem[X,0x0000000080000382] -> 0x00A9
[229] [M]: 0x0000000080000380 (0x00A91913) slli s2, s2, 0xa
x18 <- 0x0040000302000000

mem[X,0x0000000080000384] -> 0x0913
mem[X,0x0000000080000386] -> 0x0019
[230] [M]: 0x0000000080000384 (0x00190913) addi s2, s2, 0x1
x18 <- 0x0040000302000001

mem[X,0x0000000080000388] -> 0x7DBB
mem[X,0x000000008000038A] -> 0xBD20
[231] [M]: 0x0000000080000388 (0xBD207DBB) pmhaccsu.h.bo s11, zero, s2
x27 <- 0x0000000000000000

mem[X,0x000000008000038C] -> 0xB823
mem[X,0x000000008000038E] -> 0x03B0
[232] [M]: 0x000000008000038C (0x03B0B823) sd s11, 0x30(ra)
mem[0x0000000080004148] <- 0x0000000000000000

mem[X,0x0000000080000390] -> 0x1C37
mem[X,0x0000000080000392] -> 0x0001
[233] [M]: 0x0000000080000390 (0x00011C37) lui s8, 0x11
x24 <- 0x0000000000011000

mem[X,0x0000000080000394] -> 0x0C13
mem[X,0x0000000080000396] -> 0x000C
[234] [M]: 0x0000000080000394 (0x000C0C13) addi s8, s8, 0x0
x24 <- 0x0000000000011000

mem[X,0x0000000080000398] -> 0x1C13
mem[X,0x000000008000039A] -> 0x00BC
[235] [M]: 0x0000000080000398 (0x00BC1C13) slli s8, s8, 0xb
x24 <- 0x0000000008800000

mem[X,0x000000008000039C] -> 0x0C13
mem[X,0x000000008000039E] -> 0x7F7C
[236] [M]: 0x000000008000039C (0x7F7C0C13) addi s8, s8, 0x7f7
x24 <- 0x00000000088007F7

mem[X,0x00000000800003A0] -> 0x1C13
mem[X,0x00000000800003A2] -> 0x00BC
[237] [M]: 0x00000000800003A0 (0x00BC1C13) slli s8, s8, 0xb
x24 <- 0x00000044003FB800

mem[X,0x00000000800003A4] -> 0x0C13
mem[X,0x00000000800003A6] -> 0x7C0C
[238] [M]: 0x00000000800003A4 (0x7C0C0C13) addi s8, s8, 0x7c0
x24 <- 0x00000044003FBFC0

mem[X,0x00000000800003A8] -> 0x1C13
mem[X,0x00000000800003AA] -> 0x00AC
[239] [M]: 0x00000000800003A8 (0x00AC1C13) slli s8, s8, 0xa
x24 <- 0x00011000FEFF0000

mem[X,0x00000000800003AC] -> 0x0C13
mem[X,0x00000000800003AE] -> 0x008C
[240] [M]: 0x00000000800003AC (0x008C0C13) addi s8, s8, 0x8
x24 <- 0x00011000FEFF0008

mem[X,0x00000000800003B0] -> 0x47B7
mem[X,0x00000000800003B2] -> 0x0006
[241] [M]: 0x00000000800003B0 (0x000647B7) lui a5, 0x64
x15 <- 0x0000000000064000

mem[X,0x00000000800003B4] -> 0x8793
mem[X,0x00000000800003B6] -> 0xFFF7
[242] [M]: 0x00000000800003B4 (0xFFF78793) addi a5, a5, -0x1
x15 <- 0x0000000000063FFF

mem[X,0x00000000800003B8] -> 0x9793
mem[X,0x00000000800003BA] -> 0x00B7
[243] [M]: 0x00000000800003B8 (0x00B79793) slli a5, a5, 0xb
x15 <- 0x0000000031FFF800

mem[X,0x00000000800003BC] -> 0x8793
mem[X,0x00000000800003BE] -> 0x7FF7
[244] [M]: 0x00000000800003BC (0x7FF78793) addi a5, a5, 0x7ff
x15 <- 0x0000000031FFFFFF

mem[X,0x00000000800003C0] -> 0x9793
mem[X,0x00000000800003C2] -> 0x00B7
[245] [M]: 0x00000000800003C0 (0x00B79793) slli a5, a5, 0xb
x15 <- 0x0000018FFFFFF800

mem[X,0x00000000800003C4] -> 0x8793
mem[X,0x00000000800003C6] -> 0x6FF7
[246] [M]: 0x00000000800003C4 (0x6FF78793) addi a5, a5, 0x6ff
x15 <- 0x0000018FFFFFFEFF

mem[X,0x00000000800003C8] -> 0x9793
mem[X,0x00000000800003CA] -> 0x00A7
[247] [M]: 0x00000000800003C8 (0x00A79793) slli a5, a5, 0xa
x15 <- 0x00063FFFFFFBFC00

mem[X,0x00000000800003CC] -> 0x8793
mem[X,0x00000000800003CE] -> 0x3F77
[248] [M]: 0x00000000800003CC (0x3F778793) addi a5, a5, 0x3f7
x15 <- 0x00063FFFFFFBFFF7

mem[X,0x00000000800003D0] -> 0x7FBB
mem[X,0x00000000800003D2] -> 0xBCFC
[249] [M]: 0x00000000800003D0 (0xBCFC7FBB) pmhaccsu.h.bo t6, s8, a5
x31 <- 0x0000000300FE0000

mem[X,0x00000000800003D4] -> 0xBC23
mem[X,0x00000000800003D6] -> 0x03F0
[250] [M]: 0x00000000800003D4 (0x03F0BC23) sd t6, 0x38(ra)
mem[0x0000000080004150] <- 0x0000000300FE0000

mem[X,0x00000000800003D8] -> 0x0937
mem[X,0x00000000800003DA] -> 0xFE00
[251] [M]: 0x00000000800003D8 (0xFE000937) lui s2, -0x2000
x18 <- 0xFFFFFFFFFE000000

mem[X,0x00000000800003DC] -> 0x0913
mem[X,0x00000000800003DE] -> 0xFFE9
[252] [M]: 0x00000000800003DC (0xFFE90913) addi s2, s2, -0x2
x18 <- 0xFFFFFFFFFDFFFFFE

mem[X,0x00000000800003E0] -> 0x1913
mem[X,0x00000000800003E2] -> 0x00B9
[253] [M]: 0x00000000800003E0 (0x00B91913) slli s2, s2, 0xb
x18 <- 0xFFFFFFEFFFFFF000

mem[X,0x00000000800003E4] -> 0x0913
mem[X,0x00000000800003E6] -> 0x7FF9
[254] [M]: 0x00000000800003E4 (0x7FF90913) addi s2, s2, 0x7ff
x18 <- 0xFFFFFFEFFFFFF7FF

mem[X,0x00000000800003E8] -> 0x1913
mem[X,0x00000000800003EA] -> 0x00B9
[255] [M]: 0x00000000800003E8 (0x00B91913) slli s2, s2, 0xb
x18 <- 0xFFFF7FFFFFBFF800

mem[X,0x00000000800003EC] -> 0x0913
mem[X,0x00000000800003EE] -> 0x7C09
[256] [M]: 0x00000000800003EC (0x7C090913) addi s2, s2, 0x7c0
x18 <- 0xFFFF7FFFFFBFFFC0

mem[X,0x00000000800003F0] -> 0x1913
mem[X,0x00000000800003F2] -> 0x00A9
[257] [M]: 0x00000000800003F0 (0x00A91913) slli s2, s2, 0xa
x18 <- 0xFDFFFFFEFFFF0000

mem[X,0x00000000800003F4] -> 0x0913
mem[X,0x00000000800003F6] -> 0x0109
[258] [M]: 0x00000000800003F4 (0x01090913) addi s2, s2, 0x10
x18 <- 0xFDFFFFFEFFFF0010

mem[X,0x00000000800003F8] -> 0x1BB7
mem[X,0x00000000800003FA] -> 0xFFEF
[259] [M]: 0x00000000800003F8 (0xFFEF1BB7) lui s7, -0x10f
x23 <- 0xFFFFFFFFFFEF1000

mem[X,0x00000000800003FC] -> 0x8B93
mem[X,0x00000000800003FE] -> 0x800B
[260] [M]: 0x00000000800003FC (0x800B8B93) addi s7, s7, -0x800
x23 <- 0xFFFFFFFFFFEF0800

mem[X,0x0000000080000400] -> 0x9B93
mem[X,0x0000000080000402] -> 0x00BB
[261] [M]: 0x0000000080000400 (0x00BB9B93) slli s7, s7, 0xb
x23 <- 0xFFFFFFFF78400000

mem[X,0x0000000080000404] -> 0x8B93
mem[X,0x0000000080000406] -> 0x7FEB
[262] [M]: 0x0000000080000404 (0x7FEB8B93) addi s7, s7, 0x7fe
x23 <- 0xFFFFFFFF784007FE

mem[X,0x0000000080000408] -> 0x9B93
mem[X,0x000000008000040A] -> 0x00BB
[263] [M]: 0x0000000080000408 (0x00BB9B93) slli s7, s7, 0xb
x23 <- 0xFFFFFBC2003FF000

mem[X,0x000000008000040C] -> 0x8B93
mem[X,0x000000008000040E] -> 0x7C0B
[264] [M]: 0x000000008000040C (0x7C0B8B93) addi s7, s7, 0x7c0
x23 <- 0xFFFFFBC2003FF7C0

mem[X,0x0000000080000410] -> 0x9B93
mem[X,0x0000000080000412] -> 0x00AB
[265] [M]: 0x0000000080000410 (0x00AB9B93) slli s7, s7, 0xa
x23 <- 0xFFEF0800FFDF0000

mem[X,0x0000000080000414] -> 0x8B93
mem[X,0x0000000080000416] -> 0x200B
[266] [M]: 0x0000000080000414 (0x200B8B93) addi s7, s7, 0x200
x23 <- 0xFFEF0800FFDF0200

mem[X,0x0000000080000418] -> 0x79BB
mem[X,0x000000008000041A] -> 0xBD79
[267] [M]: 0x0000000080000418 (0xBD7979BB) pmhaccsu.h.bo s3, s2, s7
x19 <- 0x00FD03F1E0ECDBEA

mem[X,0x000000008000041C] -> 0xB023
mem[X,0x000000008000041E] -> 0x0530
[268] [M]: 0x000000008000041C (0x0530B023) sd s3, 0x40(ra)
mem[0x0000000080004158] <- 0x00FD03F1E0ECDBEA

mem[X,0x0000000080000420] -> 0x0537
mem[X,0x0000000080000422] -> 0xFFFF
[269] [M]: 0x0000000080000420 (0xFFFF0537) lui a0, -0x10
x10 <- 0xFFFFFFFFFFFF0000

mem[X,0x0000000080000424] -> 0x0513
mem[X,0x0000000080000426] -> 0xFFD5
[270] [M]: 0x0000000080000424 (0xFFD50513) addi a0, a0, -0x3
x10 <- 0xFFFFFFFFFFFEFFFD

mem[X,0x0000000080000428] -> 0x1513
mem[X,0x000000008000042A] -> 0x00B5
[271] [M]: 0x0000000080000428 (0x00B51513) slli a0, a0, 0xb
x10 <- 0xFFFFFFFFF7FFE800

mem[X,0x000000008000042C] -> 0x0513
mem[X,0x000000008000042E] -> 0x7FF5
[272] [M]: 0x000000008000042C (0x7FF50513) addi a0, a0, 0x7ff
x10 <- 0xFFFFFFFFF7FFEFFF

mem[X,0x0000000080000430] -> 0x1513
mem[X,0x0000000080000432] -> 0x00B5
[273] [M]: 0x0000000080000430 (0x00B51513) slli a0, a0, 0xb
x10 <- 0xFFFFFFBFFF7FF800

mem[X,0x0000000080000434] -> 0x0513
mem[X,0x0000000080000436] -> 0x7805
[274] [M]: 0x0000000080000434 (0x78050513) addi a0, a0, 0x780
x10 <- 0xFFFFFFBFFF7FFF80

mem[X,0x0000000080000438] -> 0x1513
mem[X,0x000000008000043A] -> 0x00A5
[275] [M]: 0x0000000080000438 (0x00A51513) slli a0, a0, 0xa
x10 <- 0xFFFEFFFDFFFE0000

mem[X,0x000000008000043C] -> 0x0513
mem[X,0x000000008000043E] -> 0x0205
[276] [M]: 0x000000008000043C (0x02050513) addi a0, a0, 0x20
x10 <- 0xFFFEFFFDFFFE0020

mem[X,0x0000000080000440] -> 0x06B7
mem[X,0x0000000080000442] -> 0x0009
[277] [M]: 0x0000000080000440 (0x000906B7) lui a3, 0x90
x13 <- 0x0000000000090000

mem[X,0x0000000080000444] -> 0x8693
mem[X,0x0000000080000446] -> 0xFF96
[278] [M]: 0x0000000080000444 (0xFF968693) addi a3, a3, -0x7
x13 <- 0x000000000008FFF9

mem[X,0x0000000080000448] -> 0x9693
mem[X,0x000000008000044A] -> 0x00B6
[279] [M]: 0x0000000080000448 (0x00B69693) slli a3, a3, 0xb
x13 <- 0x0000000047FFC800

mem[X,0x000000008000044C] -> 0x8693
mem[X,0x000000008000044E] -> 0x0006
[280] [M]: 0x000000008000044C (0x00068693) addi a3, a3, 0x0
x13 <- 0x0000000047FFC800

mem[X,0x0000000080000450] -> 0x9693
mem[X,0x0000000080000452] -> 0x00B6
[281] [M]: 0x0000000080000450 (0x00B69693) slli a3, a3, 0xb
x13 <- 0x0000023FFE400000

mem[X,0x0000000080000454] -> 0x8693
mem[X,0x0000000080000456] -> 0x2406
[282] [M]: 0x0000000080000454 (0x24068693) addi a3, a3, 0x240
x13 <- 0x0000023FFE400240

mem[X,0x0000000080000458] -> 0x9693
mem[X,0x000000008000045A] -> 0x00A6
[283] [M]: 0x0000000080000458 (0x00A69693) slli a3, a3, 0xa
x13 <- 0x0008FFF900090000

mem[X,0x000000008000045C] -> 0x8693
mem[X,0x000000008000045E] -> 0x0096
[284] [M]: 0x000000008000045C (0x00968693) addi a3, a3, 0x9
x13 <- 0x0008FFF900090009

mem[X,0x0000000080000460] -> 0x77BB
mem[X,0x0000000080000462] -> 0xBCD5
[285] [M]: 0x0000000080000460 (0xBCD577BB) pmhaccsu.h.bo a5, a0, a3
x15 <- 0x000640FDFFFBFFF7

mem[X,0x0000000080000464] -> 0xB423
mem[X,0x0000000080000466] -> 0x04F0
[286] [M]: 0x0000000080000464 (0x04F0B423) sd a5, 0x48(ra)
mem[0x0000000080004160] <- 0x000640FDFFFBFFF7

mem[X,0x0000000080000468] -> 0x26B7
mem[X,0x000000008000046A] -> 0x0020
[287] [M]: 0x0000000080000468 (0x002026B7) lui a3, 0x202
x13 <- 0x0000000000202000

mem[X,0x000000008000046C] -> 0x8693
mem[X,0x000000008000046E] -> 0x0006
[288] [M]: 0x000000008000046C (0x00068693) addi a3, a3, 0x0
x13 <- 0x0000000000202000

mem[X,0x0000000080000470] -> 0x9693
mem[X,0x0000000080000472] -> 0x00B6
[289] [M]: 0x0000000080000470 (0x00B69693) slli a3, a3, 0xb
x13 <- 0x0000000101000000

mem[X,0x0000000080000474] -> 0x8693
mem[X,0x0000000080000476] -> 0x7FD6
[290] [M]: 0x0000000080000474 (0x7FD68693) addi a3, a3, 0x7fd
x13 <- 0x00000001010007FD

mem[X,0x0000000080000478] -> 0x9693
mem[X,0x000000008000047A] -> 0x00B6
[291] [M]: 0x0000000080000478 (0x00B69693) slli a3, a3, 0xb
x13 <- 0x00000808003FE800

mem[X,0x000000008000047C] -> 0x8693
mem[X,0x000000008000047E] -> 0x7C06
[292] [M]: 0x000000008000047C (0x7C068693) addi a3, a3, 0x7c0
x13 <- 0x00000808003FEFC0

mem[X,0x0000000080000480] -> 0x9693
mem[X,0x0000000080000482] -> 0x00A6
[293] [M]: 0x0000000080000480 (0x00A69693) slli a3, a3, 0xa
x13 <- 0x00202000FFBF0000

mem[X,0x0000000080000484] -> 0x8693
mem[X,0x0000000080000486] -> 0x0406
[294] [M]: 0x0000000080000484 (0x04068693) addi a3, a3, 0x40
x13 <- 0x00202000FFBF0040

mem[X,0x0000000080000488] -> 0x0837
mem[X,0x000000008000048A] -> 0xDFFF
[295] [M]: 0x0000000080000488 (0xDFFF0837) lui a6, -0x20010
x16 <- 0xFFFFFFFFDFFF0000

mem[X,0x000000008000048C] -> 0x0813
mem[X,0x000000008000048E] -> 0x1008
[296] [M]: 0x000000008000048C (0x10080813) addi a6, a6, 0x100
x16 <- 0xFFFFFFFFDFFF0100

mem[X,0x0000000080000490] -> 0x1813
mem[X,0x0000000080000492] -> 0x00B8
[297] [M]: 0x0000000080000490 (0x00B81813) slli a6, a6, 0xb
x16 <- 0xFFFFFEFFF8080000

mem[X,0x0000000080000494] -> 0x0813
mem[X,0x0000000080000496] -> 0x7FF8
[298] [M]: 0x0000000080000494 (0x7FF80813) addi a6, a6, 0x7ff
x16 <- 0xFFFFFEFFF80807FF

mem[X,0x0000000080000498] -> 0x1813
mem[X,0x000000008000049A] -> 0x00B8
[299] [M]: 0x0000000080000498 (0x00B81813) slli a6, a6, 0xb
x16 <- 0xFFF7FFC0403FF800

clint::tick mtime <- 0x0000000000000003
 clint timer pending at mtime 0x0000000000000003
htif::tick 0x0000000000000000
mem[X,0x000000008000049C] -> 0x0813
mem[X,0x000000008000049E] -> 0x6FD8
[300] [M]: 0x000000008000049C (0x6FD80813) addi a6, a6, 0x6fd
x16 <- 0xFFF7FFC0403FFEFD

mem[X,0x00000000800004A0] -> 0x1813
mem[X,0x00000000800004A2] -> 0x00A8
[301] [M]: 0x00000000800004A0 (0x00A81813) slli a6, a6, 0xa
x16 <- 0xDFFF0100FFFBF400

mem[X,0x00000000800004A4] -> 0x0813
mem[X,0x00000000800004A6] -> 0x3FF8
[302] [M]: 0x00000000800004A4 (0x3FF80813) addi a6, a6, 0x3ff
x16 <- 0xDFFF0100FFFBF7FF

mem[X,0x00000000800004A8] -> 0xF93B
mem[X,0x00000000800004AA] -> 0xBD06
[303] [M]: 0x00000000800004A8 (0xBD06F93B) pmhaccsu.h.bo s2, a3, a6
x18 <- 0xFDFFFFFE00FD0010

mem[X,0x00000000800004AC] -> 0xB823
mem[X,0x00000000800004AE] -> 0x0520
[304] [M]: 0x00000000800004AC (0x0520B823) sd s2, 0x50(ra)
mem[0x0000000080004168] <- 0xFDFFFFFE00FD0010

mem[X,0x00000000800004B0] -> 0x8237
mem[X,0x00000000800004B2] -> 0x0020
[305] [M]: 0x00000000800004B0 (0x00208237) lui tp, 0x208
x4 <- 0x0000000000208000

mem[X,0x00000000800004B4] -> 0x0213
mem[X,0x00000000800004B6] -> 0x0002
[306] [M]: 0x00000000800004B4 (0x00020213) addi tp, tp, 0x0
x4 <- 0x0000000000208000

mem[X,0x00000000800004B8] -> 0x1213
mem[X,0x00000000800004BA] -> 0x00B2
[307] [M]: 0x00000000800004B8 (0x00B21213) slli tp, tp, 0xb
x4 <- 0x0000000104000000

mem[X,0x00000000800004BC] -> 0x0213
mem[X,0x00000000800004BE] -> 0x7FF2
[308] [M]: 0x00000000800004BC (0x7FF20213) addi tp, tp, 0x7ff
x4 <- 0x00000001040007FF

mem[X,0x00000000800004C0] -> 0x1213
mem[X,0x00000000800004C2] -> 0x00B2
[309] [M]: 0x00000000800004C0 (0x00B21213) slli tp, tp, 0xb
x4 <- 0x00000820003FF800

mem[X,0x00000000800004C4] -> 0x0213
mem[X,0x00000000800004C6] -> 0x6802
[310] [M]: 0x00000000800004C4 (0x68020213) addi tp, tp, 0x680
x4 <- 0x00000820003FFE80

mem[X,0x00000000800004C8] -> 0x1213
mem[X,0x00000000800004CA] -> 0x00A2
[311] [M]: 0x00000000800004C8 (0x00A21213) slli tp, tp, 0xa
x4 <- 0x00208000FFFA0000

mem[X,0x00000000800004CC] -> 0x0213
mem[X,0x00000000800004CE] -> 0x0802
[312] [M]: 0x00000000800004CC (0x08020213) addi tp, tp, 0x80
x4 <- 0x00208000FFFA0080

mem[X,0x00000000800004D0] -> 0x5537
mem[X,0x00000000800004D2] -> 0xFEFF
[313] [M]: 0x00000000800004D0 (0xFEFF5537) lui a0, -0x100b
x10 <- 0xFFFFFFFFFEFF5000

mem[X,0x00000000800004D4] -> 0x0513
mem[X,0x00000000800004D6] -> 0x5555
[314] [M]: 0x00000000800004D4 (0x55550513) addi a0, a0, 0x555
x10 <- 0xFFFFFFFFFEFF5555

mem[X,0x00000000800004D8] -> 0x1513
mem[X,0x00000000800004DA] -> 0x00B5
[315] [M]: 0x00000000800004D8 (0x00B51513) slli a0, a0, 0xb
x10 <- 0xFFFFFFF7FAAAA800

mem[X,0x00000000800004DC] -> 0x0513
mem[X,0x00000000800004DE] -> 0x0045
[316] [M]: 0x00000000800004DC (0x00450513) addi a0, a0, 0x4
x10 <- 0xFFFFFFF7FAAAA804

mem[X,0x00000000800004E0] -> 0x1513
mem[X,0x00000000800004E2] -> 0x00B5
[317] [M]: 0x00000000800004E0 (0x00B51513) slli a0, a0, 0xb
x10 <- 0xFFFFBFD555402000

mem[X,0x00000000800004E4] -> 0x0513
mem[X,0x00000000800004E6] -> 0x03F5
[318] [M]: 0x00000000800004E4 (0x03F50513) addi a0, a0, 0x3f
x10 <- 0xFFFFBFD55540203F

mem[X,0x00000000800004E8] -> 0x1513
mem[X,0x00000000800004EA] -> 0x00A5
[319] [M]: 0x00000000800004E8 (0x00A51513) slli a0, a0, 0xa
x10 <- 0xFEFF55550080FC00

mem[X,0x00000000800004EC] -> 0x0513
mem[X,0x00000000800004EE] -> 0x3EF5
[320] [M]: 0x00000000800004EC (0x3EF50513) addi a0, a0, 0x3ef
x10 <- 0xFEFF55550080FFEF

mem[X,0x00000000800004F0] -> 0x75BB
mem[X,0x00000000800004F2] -> 0xBCA2
[321] [M]: 0x00000000800004F0 (0xBCA275BB) pmhaccsu.h.bo a1, tp, a0
x11 <- 0x0000002A00000000

mem[X,0x00000000800004F4] -> 0xBC23
mem[X,0x00000000800004F6] -> 0x04B0
[322] [M]: 0x00000000800004F4 (0x04B0BC23) sd a1, 0x58(ra)
mem[0x0000000080004170] <- 0x0000002A00000000

mem[X,0x00000000800004F8] -> 0x0B37
mem[X,0x00000000800004FA] -> 0xDFFF
[323] [M]: 0x00000000800004F8 (0xDFFF0B37) lui s6, -0x20010
x22 <- 0xFFFFFFFFDFFF0000

mem[X,0x00000000800004FC] -> 0x0B13
mem[X,0x00000000800004FE] -> 0x004B
[324] [M]: 0x00000000800004FC (0x004B0B13) addi s6, s6, 0x4
x22 <- 0xFFFFFFFFDFFF0004

mem[X,0x0000000080000500] -> 0x1B13
mem[X,0x0000000080000502] -> 0x00BB
[325] [M]: 0x0000000080000500 (0x00BB1B13) slli s6, s6, 0xb
x22 <- 0xFFFFFEFFF8002000

mem[X,0x0000000080000504] -> 0x0B13
mem[X,0x0000000080000506] -> 0x7EFB
[326] [M]: 0x0000000080000504 (0x7EFB0B13) addi s6, s6, 0x7ef
x22 <- 0xFFFFFEFFF80027EF

mem[X,0x0000000080000508] -> 0x1B13
mem[X,0x000000008000050A] -> 0x00BB
[327] [M]: 0x0000000080000508 (0x00BB1B13) slli s6, s6, 0xb
x22 <- 0xFFF7FFC0013F7800

mem[X,0x000000008000050C] -> 0x0B13
mem[X,0x000000008000050E] -> 0x7C0B
[328] [M]: 0x000000008000050C (0x7C0B0B13) addi s6, s6, 0x7c0
x22 <- 0xFFF7FFC0013F7FC0

mem[X,0x0000000080000510] -> 0x1B13
mem[X,0x0000000080000512] -> 0x00AB
[329] [M]: 0x0000000080000510 (0x00AB1B13) slli s6, s6, 0xa
x22 <- 0xDFFF0004FDFF0000

mem[X,0x0000000080000514] -> 0x0B13
mem[X,0x0000000080000516] -> 0x100B
[330] [M]: 0x0000000080000514 (0x100B0B13) addi s6, s6, 0x100
x22 <- 0xDFFF0004FDFF0100

mem[X,0x0000000080000518] -> 0x0637
mem[X,0x000000008000051A] -> 0x0401
[331] [M]: 0x0000000080000518 (0x04010637) lui a2, 0x4010
x12 <- 0x0000000004010000

mem[X,0x000000008000051C] -> 0x0613
mem[X,0x000000008000051E] -> 0xDFF6
[332] [M]: 0x000000008000051C (0xDFF60613) addi a2, a2, -0x201
x12 <- 0x000000000400FDFF

mem[X,0x0000000080000520] -> 0x1613
mem[X,0x0000000080000522] -> 0x00B6
[333] [M]: 0x0000000080000520 (0x00B61613) slli a2, a2, 0xb
x12 <- 0x0000002007EFF800

mem[X,0x0000000080000524] -> 0x0613
mem[X,0x0000000080000526] -> 0x5FF6
[334] [M]: 0x0000000080000524 (0x5FF60613) addi a2, a2, 0x5ff
x12 <- 0x0000002007EFFDFF

mem[X,0x0000000080000528] -> 0x1613
mem[X,0x000000008000052A] -> 0x00B6
[335] [M]: 0x0000000080000528 (0x00B61613) slli a2, a2, 0xb
x12 <- 0x0001003F7FEFF800

mem[X,0x000000008000052C] -> 0x0613
mem[X,0x000000008000052E] -> 0x7C06
[336] [M]: 0x000000008000052C (0x7C060613) addi a2, a2, 0x7c0
x12 <- 0x0001003F7FEFFFC0

mem[X,0x0000000080000530] -> 0x1613
mem[X,0x0000000080000532] -> 0x00A6
[337] [M]: 0x0000000080000530 (0x00A61613) slli a2, a2, 0xa
x12 <- 0x0400FDFFBFFF0000

mem[X,0x0000000080000534] -> 0x0613
mem[X,0x0000000080000536] -> 0x0206
[338] [M]: 0x0000000080000534 (0x02060613) addi a2, a2, 0x20
x12 <- 0x0400FDFFBFFF0020

mem[X,0x0000000080000538] -> 0x723B
mem[X,0x000000008000053A] -> 0xBCCB
[339] [M]: 0x0000000080000538 (0xBCCB723B) pmhaccsu.h.bo tp, s6, a2
x4 <- 0x0023800000B70080

mem[X,0x000000008000053C] -> 0xB023
mem[X,0x000000008000053E] -> 0x0640
[340] [M]: 0x000000008000053C (0x0640B023) sd tp, 0x60(ra)
mem[0x0000000080004178] <- 0x0023800000B70080

mem[X,0x0000000080000540] -> 0x1E37
mem[X,0x0000000080000542] -> 0xFFF8
[341] [M]: 0x0000000080000540 (0xFFF81E37) lui t3, -0x7f
x28 <- 0xFFFFFFFFFFF81000

mem[X,0x0000000080000544] -> 0x0E13
mem[X,0x0000000080000546] -> 0x000E
[342] [M]: 0x0000000080000544 (0x000E0E13) addi t3, t3, 0x0
x28 <- 0xFFFFFFFFFFF81000

mem[X,0x0000000080000548] -> 0x1E13
mem[X,0x000000008000054A] -> 0x00BE
[343] [M]: 0x0000000080000548 (0x00BE1E13) slli t3, t3, 0xb
x28 <- 0xFFFFFFFFC0800000

mem[X,0x000000008000054C] -> 0x0E13
mem[X,0x000000008000054E] -> 0x7FFE
[344] [M]: 0x000000008000054C (0x7FFE0E13) addi t3, t3, 0x7ff
x28 <- 0xFFFFFFFFC08007FF

mem[X,0x0000000080000550] -> 0x1E13
mem[X,0x0000000080000552] -> 0x00BE
[345] [M]: 0x0000000080000550 (0x00BE1E13) slli t3, t3, 0xb
x28 <- 0xFFFFFE04003FF800

mem[X,0x0000000080000554] -> 0x0E13
mem[X,0x0000000080000556] -> 0x580E
[346] [M]: 0x0000000080000554 (0x580E0E13) addi t3, t3, 0x580
x28 <- 0xFFFFFE04003FFD80

mem[X,0x0000000080000558] -> 0x1E13
mem[X,0x000000008000055A] -> 0x00AE
[347] [M]: 0x0000000080000558 (0x00AE1E13) slli t3, t3, 0xa
x28 <- 0xFFF81000FFF60000

mem[X,0x000000008000055C] -> 0x0E13
mem[X,0x000000008000055E] -> 0x200E
[348] [M]: 0x000000008000055C (0x200E0E13) addi t3, t3, 0x200
x28 <- 0xFFF81000FFF60200

mem[X,0x0000000080000560] -> 0x0A37
mem[X,0x0000000080000562] -> 0x8000
[349] [M]: 0x0000000080000560 (0x80000A37) lui s4, -0x80000
x20 <- 0xFFFFFFFF80000000

mem[X,0x0000000080000564] -> 0x0A13
mem[X,0x0000000080000566] -> 0x010A
[350] [M]: 0x0000000080000564 (0x010A0A13) addi s4, s4, 0x10
x20 <- 0xFFFFFFFF80000010

mem[X,0x0000000080000568] -> 0x1A13
mem[X,0x000000008000056A] -> 0x00BA
[351] [M]: 0x0000000080000568 (0x00BA1A13) slli s4, s4, 0xb
x20 <- 0xFFFFFC0000008000

mem[X,0x000000008000056C] -> 0x0A13
mem[X,0x000000008000056E] -> 0x000A
[352] [M]: 0x000000008000056C (0x000A0A13) addi s4, s4, 0x0
x20 <- 0xFFFFFC0000008000

mem[X,0x0000000080000570] -> 0x1A13
mem[X,0x0000000080000572] -> 0x00BA
[353] [M]: 0x0000000080000570 (0x00BA1A13) slli s4, s4, 0xb
x20 <- 0xFFE0000004000000

mem[X,0x0000000080000574] -> 0x0A13
mem[X,0x0000000080000576] -> 0x0CFA
[354] [M]: 0x0000000080000574 (0x0CFA0A13) addi s4, s4, 0xcf
x20 <- 0xFFE00000040000CF

mem[X,0x0000000080000578] -> 0x1A13
mem[X,0x000000008000057A] -> 0x00AA
[355] [M]: 0x0000000080000578 (0x00AA1A13) slli s4, s4, 0xa
x20 <- 0x8000001000033C00

mem[X,0x000000008000057C] -> 0x0A13
mem[X,0x000000008000057E] -> 0x3FFA
[356] [M]: 0x000000008000057C (0x3FFA0A13) addi s4, s4, 0x3ff
x20 <- 0x8000001000033FFF

mem[X,0x0000000080000580] -> 0x7C3B
mem[X,0x0000000080000582] -> 0xBD4E
[357] [M]: 0x0000000080000580 (0xBD4E7C3B) pmhaccsu.h.bo s8, t3, s4
x24 <- 0x00801000FEFF0008

mem[X,0x0000000080000584] -> 0xB423
mem[X,0x0000000080000586] -> 0x0780
[358] [M]: 0x0000000080000584 (0x0780B423) sd s8, 0x68(ra)
mem[0x0000000080004180] <- 0x00801000FEFF0008

mem[X,0x0000000080000588] -> 0x05B7
mem[X,0x000000008000058A] -> 0xAAAA
[359] [M]: 0x0000000080000588 (0xAAAA05B7) lui a1, -0x55560
x11 <- 0xFFFFFFFFAAAA0000

mem[X,0x000000008000058C] -> 0x8593
mem[X,0x000000008000058E] -> 0x0045
[360] [M]: 0x000000008000058C (0x00458593) addi a1, a1, 0x4
x11 <- 0xFFFFFFFFAAAA0004

mem[X,0x0000000080000590] -> 0x9593
mem[X,0x0000000080000592] -> 0x00B5
[361] [M]: 0x0000000080000590 (0x00B59593) slli a1, a1, 0xb
x11 <- 0xFFFFFD5550002000

mem[X,0x0000000080000594] -> 0x8593
mem[X,0x0000000080000596] -> 0x7F75
[362] [M]: 0x0000000080000594 (0x7F758593) addi a1, a1, 0x7f7
x11 <- 0xFFFFFD55500027F7

mem[X,0x0000000080000598] -> 0x9593
mem[X,0x000000008000059A] -> 0x00B5
[363] [M]: 0x0000000080000598 (0x00B59593) slli a1, a1, 0xb
x11 <- 0xFFEAAA80013FB800

mem[X,0x000000008000059C] -> 0x8593
mem[X,0x000000008000059E] -> 0x7C15
[364] [M]: 0x000000008000059C (0x7C158593) addi a1, a1, 0x7c1
x11 <- 0xFFEAAA80013FBFC1

mem[X,0x00000000800005A0] -> 0x9593
mem[X,0x00000000800005A2] -> 0x00A5
[365] [M]: 0x00000000800005A0 (0x00A59593) slli a1, a1, 0xa
x11 <- 0xAAAA0004FEFF0400

mem[X,0x00000000800005A4] -> 0x0737
mem[X,0x00000000800005A6] -> 0xF7FF
[366] [M]: 0x00000000800005A4 (0xF7FF0737) lui a4, -0x8010
x14 <- 0xFFFFFFFFF7FF0000

mem[X,0x00000000800005A8] -> 0x0713
mem[X,0x00000000800005AA] -> 0x0037
[367] [M]: 0x00000000800005A8 (0x00370713) addi a4, a4, 0x3
x14 <- 0xFFFFFFFFF7FF0003

mem[X,0x00000000800005AC] -> 0x1713
mem[X,0x00000000800005AE] -> 0x00B7
[368] [M]: 0x00000000800005AC (0x00B71713) slli a4, a4, 0xb
x14 <- 0xFFFFFFBFF8001800

mem[X,0x00000000800005B0] -> 0x0713
mem[X,0x00000000800005B2] -> 0x0007
[369] [M]: 0x00000000800005B0 (0x00070713) addi a4, a4, 0x0
x14 <- 0xFFFFFFBFF8001800

mem[X,0x00000000800005B4] -> 0x1713
mem[X,0x00000000800005B6] -> 0x00B7
[370] [M]: 0x00000000800005B4 (0x00B71713) slli a4, a4, 0xb
x14 <- 0xFFFDFFC000C00000

mem[X,0x00000000800005B8] -> 0x0713
mem[X,0x00000000800005BA] -> 0x0007
[371] [M]: 0x00000000800005B8 (0x00070713) addi a4, a4, 0x0
x14 <- 0xFFFDFFC000C00000

mem[X,0x00000000800005BC] -> 0x1713
mem[X,0x00000000800005BE] -> 0x00A7
[372] [M]: 0x00000000800005BC (0x00A71713) slli a4, a4, 0xa
x14 <- 0xF7FF000300000000

mem[X,0x00000000800005C0] -> 0x0713
mem[X,0x00000000800005C2] -> 0x0077
[373] [M]: 0x00000000800005C0 (0x00770713) addi a4, a4, 0x7
x14 <- 0xF7FF000300000007

mem[X,0x00000000800005C4] -> 0xFEBB
mem[X,0x00000000800005C6] -> 0xBCE5
[374] [M]: 0x00000000800005C4 (0xBCE5FEBB) pmhaccsu.h.bo t4, a1, a4
x29 <- 0x00A4000000000000

mem[X,0x00000000800005C8] -> 0xB823
mem[X,0x00000000800005CA] -> 0x07D0
[375] [M]: 0x00000000800005C8 (0x07D0B823) sd t4, 0x70(ra)
mem[0x0000000080004188] <- 0x00A4000000000000

mem[X,0x00000000800005CC] -> 0x0CB7
mem[X,0x00000000800005CE] -> 0xFFF8
[376] [M]: 0x00000000800005CC (0xFFF80CB7) lui s9, -0x80
x25 <- 0xFFFFFFFFFFF80000

mem[X,0x00000000800005D0] -> 0x8C93
mem[X,0x00000000800005D2] -> 0xFBFC
[377] [M]: 0x00000000800005D0 (0xFBFC8C93) addi s9, s9, -0x41
x25 <- 0xFFFFFFFFFFF7FFBF

mem[X,0x00000000800005D4] -> 0x9C93
mem[X,0x00000000800005D6] -> 0x00BC
[378] [M]: 0x00000000800005D4 (0x00BC9C93) slli s9, s9, 0xb
x25 <- 0xFFFFFFFFBFFDF800

mem[X,0x00000000800005D8] -> 0x8C93
mem[X,0x00000000800005DA] -> 0x7FEC
[379] [M]: 0x00000000800005D8 (0x7FEC8C93) addi s9, s9, 0x7fe
x25 <- 0xFFFFFFFFBFFDFFFE

mem[X,0x00000000800005DC] -> 0x9C93
mem[X,0x00000000800005DE] -> 0x00BC
[380] [M]: 0x00000000800005DC (0x00BC9C93) slli s9, s9, 0xb
x25 <- 0xFFFFFDFFEFFFF000

mem[X,0x00000000800005E0] -> 0x8C93
mem[X,0x00000000800005E2] -> 0x7C2C
[381] [M]: 0x00000000800005E0 (0x7C2C8C93) addi s9, s9, 0x7c2
x25 <- 0xFFFFFDFFEFFFF7C2

mem[X,0x00000000800005E4] -> 0x9C93
mem[X,0x00000000800005E6] -> 0x00AC
[382] [M]: 0x00000000800005E4 (0x00AC9C93) slli s9, s9, 0xa
x25 <- 0xFFF7FFBFFFDF0800

mem[X,0x00000000800005E8] -> 0x0D37
mem[X,0x00000000800005EA] -> 0xFFFF
[383] [M]: 0x00000000800005E8 (0xFFFF0D37) lui s10, -0x10
x26 <- 0xFFFFFFFFFFFF0000

mem[X,0x00000000800005EC] -> 0x0D13
mem[X,0x00000000800005EE] -> 0xFFFD
[384] [M]: 0x00000000800005EC (0xFFFD0D13) addi s10, s10, -0x1
x26 <- 0xFFFFFFFFFFFEFFFF

mem[X,0x00000000800005F0] -> 0x1D13
mem[X,0x00000000800005F2] -> 0x00BD
[385] [M]: 0x00000000800005F0 (0x00BD1D13) slli s10, s10, 0xb
x26 <- 0xFFFFFFFFF7FFF800

mem[X,0x00000000800005F4] -> 0x0D13
mem[X,0x00000000800005F6] -> 0x000D
[386] [M]: 0x00000000800005F4 (0x000D0D13) addi s10, s10, 0x0
x26 <- 0xFFFFFFFFF7FFF800

mem[X,0x00000000800005F8] -> 0x1D13
mem[X,0x00000000800005FA] -> 0x00BD
[387] [M]: 0x00000000800005F8 (0x00BD1D13) slli s10, s10, 0xb
x26 <- 0xFFFFFFBFFFC00000

mem[X,0x00000000800005FC] -> 0x0D13
mem[X,0x00000000800005FE] -> 0x17FD
[388] [M]: 0x00000000800005FC (0x17FD0D13) addi s10, s10, 0x17f
x26 <- 0xFFFFFFBFFFC0017F

mem[X,0x0000000080000600] -> 0x1D13
mem[X,0x0000000080000602] -> 0x00AD
[389] [M]: 0x0000000080000600 (0x00AD1D13) slli s10, s10, 0xa
x26 <- 0xFFFEFFFF0005FC00

mem[X,0x0000000080000604] -> 0x0D13
mem[X,0x0000000080000606] -> 0x3FED
[390] [M]: 0x0000000080000604 (0x3FED0D13) addi s10, s10, 0x3fe
x26 <- 0xFFFEFFFF0005FFFE

mem[X,0x0000000080000608] -> 0xFA3B
mem[X,0x000000008000060A] -> 0xBDAC
[391] [M]: 0x0000000080000608 (0xBDACFA3B) pmhaccsu.h.bo s4, s9, s10
x20 <- 0x80FE010E00034006

mem[X,0x000000008000060C] -> 0xBC23
mem[X,0x000000008000060E] -> 0x0740
[392] [M]: 0x000000008000060C (0x0740BC23) sd s4, 0x78(ra)
mem[0x0000000080004190] <- 0x80FE010E00034006

mem[X,0x0000000080000610] -> 0x0013
mem[X,0x0000000080000612] -> 0x0000
[393] [M]: 0x0000000080000610 (0x00000013) addi zero, zero, 0x0

mem[X,0x0000000080000614] -> 0x0013
mem[X,0x0000000080000616] -> 0x0000
[394] [M]: 0x0000000080000614 (0x00000013) addi zero, zero, 0x0

mem[X,0x0000000080000618] -> 0x0013
mem[X,0x000000008000061A] -> 0x0000
[395] [M]: 0x0000000080000618 (0x00000013) addi zero, zero, 0x0

mem[X,0x000000008000061C] -> 0x0013
mem[X,0x000000008000061E] -> 0x0000
[396] [M]: 0x000000008000061C (0x00000013) addi zero, zero, 0x0

mem[X,0x0000000080000620] -> 0x4217
mem[X,0x0000000080000622] -> 0x0000
[397] [M]: 0x0000000080000620 (0x00004217) auipc tp, 0x4
x4 <- 0x0000000080004620

mem[X,0x0000000080000624] -> 0x0213
mem[X,0x0000000080000626] -> 0xB782
[398] [M]: 0x0000000080000624 (0xB7820213) addi tp, tp, -0x488
x4 <- 0x0000000080004198

mem[X,0x0000000080000628] -> 0x0013
mem[X,0x000000008000062A] -> 0x0000
[399] [M]: 0x0000000080000628 (0x00000013) addi zero, zero, 0x0

clint::tick mtime <- 0x0000000000000004
 clint timer pending at mtime 0x0000000000000004
htif::tick 0x0000000000000000
mem[X,0x000000008000062C] -> 0x0013
mem[X,0x000000008000062E] -> 0x0000
[400] [M]: 0x000000008000062C (0x00000013) addi zero, zero, 0x0

mem[X,0x0000000080000630] -> 0x0013
mem[X,0x0000000080000632] -> 0x0000
[401] [M]: 0x0000000080000630 (0x00000013) addi zero, zero, 0x0

mem[X,0x0000000080000634] -> 0x0013
mem[X,0x0000000080000636] -> 0x0000
[402] [M]: 0x0000000080000634 (0x00000013) addi zero, zero, 0x0

mem[X,0x0000000080000638] -> 0x0013
mem[X,0x000000008000063A] -> 0x0000
[403] [M]: 0x0000000080000638 (0x00000013) addi zero, zero, 0x0

mem[X,0x000000008000063C] -> 0x0013
mem[X,0x000000008000063E] -> 0x0000
[404] [M]: 0x000000008000063C (0x00000013) addi zero, zero, 0x0

mem[X,0x0000000080000640] -> 0xCDB7
mem[X,0x0000000080000642] -> 0xFF7F
[405] [M]: 0x0000000080000640 (0xFF7FCDB7) lui s11, -0x804
x27 <- 0xFFFFFFFFFF7FC000

mem[X,0x0000000080000644] -> 0x8D93
mem[X,0x0000000080000646] -> 0x000D
[406] [M]: 0x0000000080000644 (0x000D8D93) addi s11, s11, 0x0
x27 <- 0xFFFFFFFFFF7FC000

mem[X,0x0000000080000648] -> 0x9D93
mem[X,0x000000008000064A] -> 0x00BD
[407] [M]: 0x0000000080000648 (0x00BD9D93) slli s11, s11, 0xb
x27 <- 0xFFFFFFFBFE000000

mem[X,0x000000008000064C] -> 0x8D93
mem[X,0x000000008000064E] -> 0x200D
[408] [M]: 0x000000008000064C (0x200D8D93) addi s11, s11, 0x200
x27 <- 0xFFFFFFFBFE000200

mem[X,0x0000000080000650] -> 0x9D93
mem[X,0x0000000080000652] -> 0x00BD
[409] [M]: 0x0000000080000650 (0x00BD9D93) slli s11, s11, 0xb
x27 <- 0xFFFFDFF000100000

mem[X,0x0000000080000654] -> 0x8D93
mem[X,0x0000000080000656] -> 0x004D
[410] [M]: 0x0000000080000654 (0x004D8D93) addi s11, s11, 0x4
x27 <- 0xFFFFDFF000100004

mem[X,0x0000000080000658] -> 0x9D93
mem[X,0x000000008000065A] -> 0x00AD
[411] [M]: 0x0000000080000658 (0x00AD9D93) slli s11, s11, 0xa
x27 <- 0xFF7FC00040001000

mem[X,0x000000008000065C] -> 0x0C37
mem[X,0x000000008000065E] -> 0xFFFC
[412] [M]: 0x000000008000065C (0xFFFC0C37) lui s8, -0x40
x24 <- 0xFFFFFFFFFFFC0000

mem[X,0x0000000080000660] -> 0x0C13
mem[X,0x0000000080000662] -> 0x010C
[413] [M]: 0x0000000080000660 (0x010C0C13) addi s8, s8, 0x10
x24 <- 0xFFFFFFFFFFFC0010

mem[X,0x0000000080000664] -> 0x1C13
mem[X,0x0000000080000666] -> 0x00BC
[414] [M]: 0x0000000080000664 (0x00BC1C13) slli s8, s8, 0xb
x24 <- 0xFFFFFFFFE0008000

mem[X,0x0000000080000668] -> 0x0C13
mem[X,0x000000008000066A] -> 0x200C
[415] [M]: 0x0000000080000668 (0x200C0C13) addi s8, s8, 0x200
x24 <- 0xFFFFFFFFE0008200

mem[X,0x000000008000066C] -> 0x1C13
mem[X,0x000000008000066E] -> 0x00BC
[416] [M]: 0x000000008000066C (0x00BC1C13) slli s8, s8, 0xb
x24 <- 0xFFFFFF0004100000

mem[X,0x0000000080000670] -> 0x0C13
mem[X,0x0000000080000672] -> 0x03FC
[417] [M]: 0x0000000080000670 (0x03FC0C13) addi s8, s8, 0x3f
x24 <- 0xFFFFFF000410003F

mem[X,0x0000000080000674] -> 0x1C13
mem[X,0x0000000080000676] -> 0x00AC
[418] [M]: 0x0000000080000674 (0x00AC1C13) slli s8, s8, 0xa
x24 <- 0xFFFC00104000FC00

mem[X,0x0000000080000678] -> 0x0C13
mem[X,0x000000008000067A] -> 0x3DFC
[419] [M]: 0x0000000080000678 (0x3DFC0C13) addi s8, s8, 0x3df
x24 <- 0xFFFC00104000FFDF

mem[X,0x000000008000067C] -> 0xF53B
mem[X,0x000000008000067E] -> 0xBD8D
[420] [M]: 0x000000008000067C (0xBD8DF53B) pmhaccsu.h.bo a0, s11, s8
x10 <- 0xFFFD55550090FFFE

mem[X,0x0000000080000680] -> 0x3023
mem[X,0x0000000080000682] -> 0x00A2
[421] [M]: 0x0000000080000680 (0x00A23023) sd a0, 0x0(tp)
mem[0x0000000080004198] <- 0xFFFD55550090FFFE

mem[X,0x0000000080000684] -> 0x02B7
mem[X,0x0000000080000686] -> 0xFF80
[422] [M]: 0x0000000080000684 (0xFF8002B7) lui t0, -0x800
x5 <- 0xFFFFFFFFFF800000

mem[X,0x0000000080000688] -> 0x8293
mem[X,0x000000008000068A] -> 0xFF92
[423] [M]: 0x0000000080000688 (0xFF928293) addi t0, t0, -0x7
x5 <- 0xFFFFFFFFFF7FFFF9

mem[X,0x000000008000068C] -> 0x9293
mem[X,0x000000008000068E] -> 0x00B2
[424] [M]: 0x000000008000068C (0x00B29293) slli t0, t0, 0xb
x5 <- 0xFFFFFFFBFFFFC800

mem[X,0x0000000080000690] -> 0x8293
mem[X,0x0000000080000692] -> 0x7FF2
[425] [M]: 0x0000000080000690 (0x7FF28293) addi t0, t0, 0x7ff
x5 <- 0xFFFFFFFBFFFFCFFF

mem[X,0x0000000080000694] -> 0x9293
mem[X,0x0000000080000696] -> 0x00B2
[426] [M]: 0x0000000080000694 (0x00B29293) slli t0, t0, 0xb
x5 <- 0xFFFFDFFFFE7FF800

mem[X,0x0000000080000698] -> 0x8293
mem[X,0x000000008000069A] -> 0x7482
[427] [M]: 0x0000000080000698 (0x74828293) addi t0, t0, 0x748
x5 <- 0xFFFFDFFFFE7FFF48

mem[X,0x000000008000069C] -> 0x9293
mem[X,0x000000008000069E] -> 0x00A2
[428] [M]: 0x000000008000069C (0x00A29293) slli t0, t0, 0xa
x5 <- 0xFF7FFFF9FFFD2000

mem[X,0x00000000800006A0] -> 0x0EB7
mem[X,0x00000000800006A2] -> 0xC000
[429] [M]: 0x00000000800006A0 (0xC0000EB7) lui t4, -0x40000
x29 <- 0xFFFFFFFFC0000000

mem[X,0x00000000800006A4] -> 0x8E93
mem[X,0x00000000800006A6] -> 0x400E
[430] [M]: 0x00000000800006A4 (0x400E8E93) addi t4, t4, 0x400
x29 <- 0xFFFFFFFFC0000400

mem[X,0x00000000800006A8] -> 0x9E93
mem[X,0x00000000800006AA] -> 0x00BE
[431] [M]: 0x00000000800006A8 (0x00BE9E93) slli t4, t4, 0xb
x29 <- 0xFFFFFE0000200000

mem[X,0x00000000800006AC] -> 0x8E93
mem[X,0x00000000800006AE] -> 0x7FFE
[432] [M]: 0x00000000800006AC (0x7FFE8E93) addi t4, t4, 0x7ff
x29 <- 0xFFFFFE00002007FF

mem[X,0x00000000800006B0] -> 0x9E93
mem[X,0x00000000800006B2] -> 0x00BE
[433] [M]: 0x00000000800006B0 (0x00BE9E93) slli t4, t4, 0xb
x29 <- 0xFFF00001003FF800

mem[X,0x00000000800006B4] -> 0x8E93
mem[X,0x00000000800006B6] -> 0x76AE
[434] [M]: 0x00000000800006B4 (0x76AE8E93) addi t4, t4, 0x76a
x29 <- 0xFFF00001003FFF6A

mem[X,0x00000000800006B8] -> 0x9E93
mem[X,0x00000000800006BA] -> 0x00AE
[435] [M]: 0x00000000800006B8 (0x00AE9E93) slli t4, t4, 0xa
x29 <- 0xC0000400FFFDA800

mem[X,0x00000000800006BC] -> 0x8E93
mem[X,0x00000000800006BE] -> 0x2AAE
[436] [M]: 0x00000000800006BC (0x2AAE8E93) addi t4, t4, 0x2aa
x29 <- 0xC0000400FFFDAAAA

mem[X,0x00000000800006C0] -> 0xFF3B
mem[X,0x00000000800006C2] -> 0xBDD2
[437] [M]: 0x00000000800006C0 (0xBDD2FF3B) pmhaccsu.h.bo t5, t0, t4
x30 <- 0x00BF000300FE0015

mem[X,0x00000000800006C4] -> 0x3423
mem[X,0x00000000800006C6] -> 0x01E2
[438] [M]: 0x00000000800006C4 (0x01E23423) sd t5, 0x8(tp)
mem[0x00000000800041A0] <- 0x00BF000300FE0015

mem[X,0x00000000800006C8] -> 0x0AB7
mem[X,0x00000000800006CA] -> 0xFFC0
[439] [M]: 0x00000000800006C8 (0xFFC00AB7) lui s5, -0x400
x21 <- 0xFFFFFFFFFFC00000

mem[X,0x00000000800006CC] -> 0x8A93
mem[X,0x00000000800006CE] -> 0xFF8A
[440] [M]: 0x00000000800006CC (0xFF8A8A93) addi s5, s5, -0x8
x21 <- 0xFFFFFFFFFFBFFFF8

mem[X,0x00000000800006D0] -> 0x9A93
mem[X,0x00000000800006D2] -> 0x00BA
[441] [M]: 0x00000000800006D0 (0x00BA9A93) slli s5, s5, 0xb
x21 <- 0xFFFFFFFDFFFFC000

mem[X,0x00000000800006D4] -> 0x8A93
mem[X,0x00000000800006D6] -> 0x000A
[442] [M]: 0x00000000800006D4 (0x000A8A93) addi s5, s5, 0x0
x21 <- 0xFFFFFFFDFFFFC000

mem[X,0x00000000800006D8] -> 0x9A93
mem[X,0x00000000800006DA] -> 0x00BA
[443] [M]: 0x00000000800006D8 (0x00BA9A93) slli s5, s5, 0xb
x21 <- 0xFFFFEFFFFE000000

mem[X,0x00000000800006DC] -> 0x8A93
mem[X,0x00000000800006DE] -> 0x190A
[444] [M]: 0x00000000800006DC (0x190A8A93) addi s5, s5, 0x190
x21 <- 0xFFFFEFFFFE000190

mem[X,0x00000000800006E0] -> 0x9A93
mem[X,0x00000000800006E2] -> 0x00AA
[445] [M]: 0x00000000800006E0 (0x00AA9A93) slli s5, s5, 0xa
x21 <- 0xFFBFFFF800064000

mem[X,0x00000000800006E4] -> 0xCF37
mem[X,0x00000000800006E6] -> 0xFFFE
[446] [M]: 0x00000000800006E4 (0xFFFECF37) lui t5, -0x14
x30 <- 0xFFFFFFFFFFFEC000

mem[X,0x00000000800006E8] -> 0x0F13
mem[X,0x00000000800006EA] -> 0x000F
[447] [M]: 0x00000000800006E8 (0x000F0F13) addi t5, t5, 0x0
x30 <- 0xFFFFFFFFFFFEC000

mem[X,0x00000000800006EC] -> 0x1F13
mem[X,0x00000000800006EE] -> 0x00BF
[448] [M]: 0x00000000800006EC (0x00BF1F13) slli t5, t5, 0xb
x30 <- 0xFFFFFFFFF6000000

mem[X,0x00000000800006F0] -> 0x0F13
mem[X,0x00000000800006F2] -> 0x3FFF
[449] [M]: 0x00000000800006F0 (0x3FFF0F13) addi t5, t5, 0x3ff
x30 <- 0xFFFFFFFFF60003FF

mem[X,0x00000000800006F4] -> 0x1F13
mem[X,0x00000000800006F6] -> 0x00BF
[450] [M]: 0x00000000800006F4 (0x00BF1F13) slli t5, t5, 0xb
x30 <- 0xFFFFFFB0001FF800

mem[X,0x00000000800006F8] -> 0x0F13
mem[X,0x00000000800006FA] -> 0x7FFF
[451] [M]: 0x00000000800006F8 (0x7FFF0F13) addi t5, t5, 0x7ff
x30 <- 0xFFFFFFB0001FFFFF

mem[X,0x00000000800006FC] -> 0x1F13
mem[X,0x00000000800006FE] -> 0x00AF
[452] [M]: 0x00000000800006FC (0x00AF1F13) slli t5, t5, 0xa
x30 <- 0xFFFEC0007FFFFC00

mem[X,0x0000000080000700] -> 0x0F13
mem[X,0x0000000080000702] -> 0x3FDF
[453] [M]: 0x0000000080000700 (0x3FDF0F13) addi t5, t5, 0x3fd
x30 <- 0xFFFEC0007FFFFFFD

mem[X,0x0000000080000704] -> 0xF03B
mem[X,0x0000000080000706] -> 0xBDEA
[454] [M]: 0x0000000080000704 (0xBDEAF03B) pmhaccsu.h.bo zero, s5, t5

mem[X,0x0000000080000708] -> 0x3823
mem[X,0x000000008000070A] -> 0x0002
[455] [M]: 0x0000000080000708 (0x00023823) sd zero, 0x10(tp)
mem[0x00000000800041A8] <- 0x0000000000000000

mem[X,0x000000008000070C] -> 0x0137
mem[X,0x000000008000070E] -> 0xF7FF
[456] [M]: 0x000000008000070C (0xF7FF0137) lui sp, -0x8010
x2 <- 0xFFFFFFFFF7FF0000

mem[X,0x0000000080000710] -> 0x0113
mem[X,0x0000000080000712] -> 0x0201
[457] [M]: 0x0000000080000710 (0x02010113) addi sp, sp, 0x20
x2 <- 0xFFFFFFFFF7FF0020

mem[X,0x0000000080000714] -> 0x1113
mem[X,0x0000000080000716] -> 0x00B1
[458] [M]: 0x0000000080000714 (0x00B11113) slli sp, sp, 0xb
x2 <- 0xFFFFFFBFF8010000

mem[X,0x0000000080000718] -> 0x0113
mem[X,0x000000008000071A] -> 0x7FB1
[459] [M]: 0x0000000080000718 (0x7FB10113) addi sp, sp, 0x7fb
x2 <- 0xFFFFFFBFF80107FB

mem[X,0x000000008000071C] -> 0x1113
mem[X,0x000000008000071E] -> 0x00B1
[460] [M]: 0x000000008000071C (0x00B11113) slli sp, sp, 0xb
x2 <- 0xFFFDFFC0083FD800

mem[X,0x0000000080000720] -> 0x0113
mem[X,0x0000000080000722] -> 0x7FF1
[461] [M]: 0x0000000080000720 (0x7FF10113) addi sp, sp, 0x7ff
x2 <- 0xFFFDFFC0083FDFFF

mem[X,0x0000000080000724] -> 0x1113
mem[X,0x0000000080000726] -> 0x00A1
[462] [M]: 0x0000000080000724 (0x00A11113) slli sp, sp, 0xa
x2 <- 0xF7FF0020FF7FFC00

mem[X,0x0000000080000728] -> 0x0113
mem[X,0x000000008000072A] -> 0x3FE1
[463] [M]: 0x0000000080000728 (0x3FE10113) addi sp, sp, 0x3fe
x2 <- 0xF7FF0020FF7FFFFE

mem[X,0x000000008000072C] -> 0x0037
mem[X,0x000000008000072E] -> 0x8000
[464] [M]: 0x000000008000072C (0x80000037) lui zero, -0x80000

mem[X,0x0000000080000730] -> 0x0013
mem[X,0x0000000080000732] -> 0x0070
[465] [M]: 0x0000000080000730 (0x00700013) addi zero, zero, 0x7

mem[X,0x0000000080000734] -> 0x1013
mem[X,0x0000000080000736] -> 0x00B0
[466] [M]: 0x0000000080000734 (0x00B01013) slli zero, zero, 0xb

mem[X,0x0000000080000738] -> 0x0013
mem[X,0x000000008000073A] -> 0x7FF0
[467] [M]: 0x0000000080000738 (0x7FF00013) addi zero, zero, 0x7ff

mem[X,0x000000008000073C] -> 0x1013
mem[X,0x000000008000073E] -> 0x00B0
[468] [M]: 0x000000008000073C (0x00B01013) slli zero, zero, 0xb

mem[X,0x0000000080000740] -> 0x0013
mem[X,0x0000000080000742] -> 0x77F0
[469] [M]: 0x0000000080000740 (0x77F00013) addi zero, zero, 0x77f

mem[X,0x0000000080000744] -> 0x1013
mem[X,0x0000000080000746] -> 0x00A0
[470] [M]: 0x0000000080000744 (0x00A01013) slli zero, zero, 0xa

mem[X,0x0000000080000748] -> 0x0013
mem[X,0x000000008000074A] -> 0x2FF0
[471] [M]: 0x0000000080000748 (0x2FF00013) addi zero, zero, 0x2ff

mem[X,0x000000008000074C] -> 0x7B3B
mem[X,0x000000008000074E] -> 0xBC01
[472] [M]: 0x000000008000074C (0xBC017B3B) pmhaccsu.h.bo s6, sp, zero
x22 <- 0xDFFF0004FDFF0100

mem[X,0x0000000080000750] -> 0x3C23
mem[X,0x0000000080000752] -> 0x0162
[473] [M]: 0x0000000080000750 (0x01623C23) sd s6, 0x18(tp)
mem[0x00000000800041B0] <- 0xDFFF0004FDFF0100

mem[X,0x0000000080000754] -> 0x0EB7
mem[X,0x0000000080000756] -> 0x0007
[474] [M]: 0x0000000080000754 (0x00070EB7) lui t4, 0x70
x29 <- 0x0000000000070000

mem[X,0x0000000080000758] -> 0x8E93
mem[X,0x000000008000075A] -> 0x008E
[475] [M]: 0x0000000080000758 (0x008E8E93) addi t4, t4, 0x8
x29 <- 0x0000000000070008

mem[X,0x000000008000075C] -> 0x9E93
mem[X,0x000000008000075E] -> 0x00BE
[476] [M]: 0x000000008000075C (0x00BE9E93) slli t4, t4, 0xb
x29 <- 0x0000000038004000

mem[X,0x0000000080000760] -> 0x8E93
mem[X,0x0000000080000762] -> 0x1FFE
[477] [M]: 0x0000000080000760 (0x1FFE8E93) addi t4, t4, 0x1ff
x29 <- 0x00000000380041FF

mem[X,0x0000000080000764] -> 0x9E93
mem[X,0x0000000080000766] -> 0x00BE
[478] [M]: 0x0000000080000764 (0x00BE9E93) slli t4, t4, 0xb
x29 <- 0x000001C0020FF800

mem[X,0x0000000080000768] -> 0x8E93
mem[X,0x000000008000076A] -> 0x7FFE
[479] [M]: 0x0000000080000768 (0x7FFE8E93) addi t4, t4, 0x7ff
x29 <- 0x000001C0020FFFFF

mem[X,0x000000008000076C] -> 0x9E93
mem[X,0x000000008000076E] -> 0x00AE
[480] [M]: 0x000000008000076C (0x00AE9E93) slli t4, t4, 0xa
x29 <- 0x000700083FFFFC00

mem[X,0x0000000080000770] -> 0x8E93
mem[X,0x0000000080000772] -> 0x3FDE
[481] [M]: 0x0000000080000770 (0x3FDE8E93) addi t4, t4, 0x3fd
x29 <- 0x000700083FFFFFFD

mem[X,0x0000000080000774] -> 0x8AB7
mem[X,0x0000000080000776] -> 0x0009
[482] [M]: 0x0000000080000774 (0x00098AB7) lui s5, 0x98
x21 <- 0x0000000000098000

mem[X,0x0000000080000778] -> 0x8A93
mem[X,0x000000008000077A] -> 0xFFFA
[483] [M]: 0x0000000080000778 (0xFFFA8A93) addi s5, s5, -0x1
x21 <- 0x0000000000097FFF

mem[X,0x000000008000077C] -> 0x9A93
mem[X,0x000000008000077E] -> 0x00BA
[484] [M]: 0x000000008000077C (0x00BA9A93) slli s5, s5, 0xb
x21 <- 0x000000004BFFF800

mem[X,0x0000000080000780] -> 0x8A93
mem[X,0x0000000080000782] -> 0x7FDA
[485] [M]: 0x0000000080000780 (0x7FDA8A93) addi s5, s5, 0x7fd
x21 <- 0x000000004BFFFFFD

mem[X,0x0000000080000784] -> 0x9A93
mem[X,0x0000000080000786] -> 0x00BA
[486] [M]: 0x0000000080000784 (0x00BA9A93) slli s5, s5, 0xb
x21 <- 0x0000025FFFFFE800

mem[X,0x0000000080000788] -> 0x8A93
mem[X,0x000000008000078A] -> 0x7DFA
[487] [M]: 0x0000000080000788 (0x7DFA8A93) addi s5, s5, 0x7df
x21 <- 0x0000025FFFFFEFDF

mem[X,0x000000008000078C] -> 0x9A93
mem[X,0x000000008000078E] -> 0x00AA
[488] [M]: 0x000000008000078C (0x00AA9A93) slli s5, s5, 0xa
x21 <- 0x00097FFFFFBF7C00

mem[X,0x0000000080000790] -> 0x8A93
mem[X,0x0000000080000792] -> 0x3FFA
[489] [M]: 0x0000000080000790 (0x3FFA8A93) addi s5, s5, 0x3ff
x21 <- 0x00097FFFFFBF7FFF

mem[X,0x0000000080000794] -> 0xF13B
mem[X,0x0000000080000796] -> 0xBD5E
[490] [M]: 0x0000000080000794 (0xBD5EF13B) pmhaccsu.h.bo sp, t4, s5
x2 <- 0xF7FF0020FFBE007C

mem[X,0x0000000080000798] -> 0x3023
mem[X,0x000000008000079A] -> 0x0222
[491] [M]: 0x0000000080000798 (0x02223023) sd sp, 0x20(tp)
mem[0x00000000800041B8] <- 0xF7FF0020FFBE007C

mem[X,0x000000008000079C] -> 0x00B7
mem[X,0x000000008000079E] -> 0x1001
[492] [M]: 0x000000008000079C (0x100100B7) lui ra, 0x10010
x1 <- 0x0000000010010000

mem[X,0x00000000800007A0] -> 0x8093
mem[X,0x00000000800007A2] -> 0xFF70
[493] [M]: 0x00000000800007A0 (0xFF708093) addi ra, ra, -0x9
x1 <- 0x000000001000FFF7

mem[X,0x00000000800007A4] -> 0x9093
mem[X,0x00000000800007A6] -> 0x00B0
[494] [M]: 0x00000000800007A4 (0x00B09093) slli ra, ra, 0xb
x1 <- 0x0000008007FFB800

mem[X,0x00000000800007A8] -> 0x8093
mem[X,0x00000000800007AA] -> 0x4000
[495] [M]: 0x00000000800007A8 (0x40008093) addi ra, ra, 0x400
x1 <- 0x0000008007FFBC00

mem[X,0x00000000800007AC] -> 0x9093
mem[X,0x00000000800007AE] -> 0x00B0
[496] [M]: 0x00000000800007AC (0x00B09093) slli ra, ra, 0xb
x1 <- 0x0004003FFDE00000

mem[X,0x00000000800007B0] -> 0x8093
mem[X,0x00000000800007B2] -> 0x03F0
[497] [M]: 0x00000000800007B0 (0x03F08093) addi ra, ra, 0x3f
x1 <- 0x0004003FFDE0003F

mem[X,0x00000000800007B4] -> 0x9093
mem[X,0x00000000800007B6] -> 0x00A0
[498] [M]: 0x00000000800007B4 (0x00A09093) slli ra, ra, 0xa
x1 <- 0x1000FFF78000FC00

mem[X,0x00000000800007B8] -> 0x8093
mem[X,0x00000000800007BA] -> 0x3FB0
[499] [M]: 0x00000000800007B8 (0x3FB08093) addi ra, ra, 0x3fb
x1 <- 0x1000FFF78000FFFB

clint::tick mtime <- 0x0000000000000005
 clint timer pending at mtime 0x0000000000000005
htif::tick 0x0000000000000000
mem[X,0x00000000800007BC] -> 0x0B37
mem[X,0x00000000800007BE] -> 0xFFFE
[500] [M]: 0x00000000800007BC (0xFFFE0B37) lui s6, -0x20
x22 <- 0xFFFFFFFFFFFE0000

mem[X,0x00000000800007C0] -> 0x0B13
mem[X,0x00000000800007C2] -> 0xFFBB
[501] [M]: 0x00000000800007C0 (0xFFBB0B13) addi s6, s6, -0x5
x22 <- 0xFFFFFFFFFFFDFFFB

mem[X,0x00000000800007C4] -> 0x1B13
mem[X,0x00000000800007C6] -> 0x00BB
[502] [M]: 0x00000000800007C4 (0x00BB1B13) slli s6, s6, 0xb
x22 <- 0xFFFFFFFFEFFFD800

mem[X,0x00000000800007C8] -> 0x0B13
mem[X,0x00000000800007CA] -> 0x000B
[503] [M]: 0x00000000800007C8 (0x000B0B13) addi s6, s6, 0x0
x22 <- 0xFFFFFFFFEFFFD800

mem[X,0x00000000800007CC] -> 0x1B13
mem[X,0x00000000800007CE] -> 0x00BB
[504] [M]: 0x00000000800007CC (0x00BB1B13) slli s6, s6, 0xb
x22 <- 0xFFFFFF7FFEC00000

mem[X,0x00000000800007D0] -> 0x0B13
mem[X,0x00000000800007D2] -> 0x180B
[505] [M]: 0x00000000800007D0 (0x180B0B13) addi s6, s6, 0x180
x22 <- 0xFFFFFF7FFEC00180

mem[X,0x00000000800007D4] -> 0x1B13
mem[X,0x00000000800007D6] -> 0x00AB
[506] [M]: 0x00000000800007D4 (0x00AB1B13) slli s6, s6, 0xa
x22 <- 0xFFFDFFFB00060000

mem[X,0x00000000800007D8] -> 0x0B13
mem[X,0x00000000800007DA] -> 0x003B
[507] [M]: 0x00000000800007D8 (0x003B0B13) addi s6, s6, 0x3
x22 <- 0xFFFDFFFB00060003

mem[X,0x00000000800007DC] -> 0xF6BB
mem[X,0x00000000800007DE] -> 0xBD60
[508] [M]: 0x00000000800007DC (0xBD60F6BB) pmhaccsu.h.bo a3, ra, s6
x13 <- 0x002F20FEFFBF0040

mem[X,0x00000000800007E0] -> 0x3423
mem[X,0x00000000800007E2] -> 0x02D2
[509] [M]: 0x00000000800007E0 (0x02D23423) sd a3, 0x28(tp)
mem[0x00000000800041C0] <- 0x002F20FEFFBF0040

mem[X,0x00000000800007E4] -> 0x0F37
mem[X,0x00000000800007E6] -> 0x0100
[510] [M]: 0x00000000800007E4 (0x01000F37) lui t5, 0x1000
x30 <- 0x0000000001000000

mem[X,0x00000000800007E8] -> 0x0F13
mem[X,0x00000000800007EA] -> 0x010F
[511] [M]: 0x00000000800007E8 (0x010F0F13) addi t5, t5, 0x10
x30 <- 0x0000000001000010

mem[X,0x00000000800007EC] -> 0x1F13
mem[X,0x00000000800007EE] -> 0x00BF
[512] [M]: 0x00000000800007EC (0x00BF1F13) slli t5, t5, 0xb
x30 <- 0x0000000800008000

mem[X,0x00000000800007F0] -> 0x0F13
mem[X,0x00000000800007F2] -> 0x000F
[513] [M]: 0x00000000800007F0 (0x000F0F13) addi t5, t5, 0x0
x30 <- 0x0000000800008000

mem[X,0x00000000800007F4] -> 0x1F13
mem[X,0x00000000800007F6] -> 0x00BF
[514] [M]: 0x00000000800007F4 (0x00BF1F13) slli t5, t5, 0xb
x30 <- 0x0000400004000000

mem[X,0x00000000800007F8] -> 0x0F13
mem[X,0x00000000800007FA] -> 0x0FFF
[515] [M]: 0x00000000800007F8 (0x0FFF0F13) addi t5, t5, 0xff
x30 <- 0x00004000040000FF

mem[X,0x00000000800007FC] -> 0x1F13
mem[X,0x00000000800007FE] -> 0x00AF
[516] [M]: 0x00000000800007FC (0x00AF1F13) slli t5, t5, 0xa
x30 <- 0x010000100003FC00

mem[X,0x0000000080000800] -> 0x0F13
mem[X,0x0000000080000802] -> 0x3F7F
[517] [M]: 0x0000000080000800 (0x3F7F0F13) addi t5, t5, 0x3f7
x30 <- 0x010000100003FFF7

mem[X,0x0000000080000804] -> 0x03B7
mem[X,0x0000000080000806] -> 0xFFFF
[518] [M]: 0x0000000080000804 (0xFFFF03B7) lui t2, -0x10
x7 <- 0xFFFFFFFFFFFF0000

mem[X,0x0000000080000808] -> 0x8393
mem[X,0x000000008000080A] -> 0x4003
[519] [M]: 0x0000000080000808 (0x40038393) addi t2, t2, 0x400
x7 <- 0xFFFFFFFFFFFF0400

mem[X,0x000000008000080C] -> 0x9393
mem[X,0x000000008000080E] -> 0x00B3
[520] [M]: 0x000000008000080C (0x00B39393) slli t2, t2, 0xb
x7 <- 0xFFFFFFFFF8200000

mem[X,0x0000000080000810] -> 0x8393
mem[X,0x0000000080000812] -> 0x2AA3
[521] [M]: 0x0000000080000810 (0x2AA38393) addi t2, t2, 0x2aa
x7 <- 0xFFFFFFFFF82002AA

mem[X,0x0000000080000814] -> 0x9393
mem[X,0x0000000080000816] -> 0x00B3
[522] [M]: 0x0000000080000814 (0x00B39393) slli t2, t2, 0xb
x7 <- 0xFFFFFFC100155000

mem[X,0x0000000080000818] -> 0x8393
mem[X,0x000000008000081A] -> 0x5403
[523] [M]: 0x0000000080000818 (0x54038393) addi t2, t2, 0x540
x7 <- 0xFFFFFFC100155540

mem[X,0x000000008000081C] -> 0x9393
mem[X,0x000000008000081E] -> 0x00A3
[524] [M]: 0x000000008000081C (0x00A39393) slli t2, t2, 0xa
x7 <- 0xFFFF040055550000

mem[X,0x0000000080000820] -> 0x7BBB
mem[X,0x0000000080000822] -> 0xBC7F
[525] [M]: 0x0000000080000820 (0xBC7F7BBB) pmhaccsu.h.bo s7, t5, t2
x23 <- 0xFFEF0800FFDF0200

mem[X,0x0000000080000824] -> 0x3823
mem[X,0x0000000080000826] -> 0x0372
[526] [M]: 0x0000000080000824 (0x03723823) sd s7, 0x30(tp)
mem[0x00000000800041C8] <- 0xFFEF0800FFDF0200

mem[X,0x0000000080000828] -> 0xCFB7
mem[X,0x000000008000082A] -> 0xAAAA
[527] [M]: 0x0000000080000828 (0xAAAACFB7) lui t6, -0x55554
x31 <- 0xFFFFFFFFAAAAC000

mem[X,0x000000008000082C] -> 0x8F93
mem[X,0x000000008000082E] -> 0xFFFF
[528] [M]: 0x000000008000082C (0xFFFF8F93) addi t6, t6, -0x1
x31 <- 0xFFFFFFFFAAAABFFF

mem[X,0x0000000080000830] -> 0x9F93
mem[X,0x0000000080000832] -> 0x00BF
[529] [M]: 0x0000000080000830 (0x00BF9F93) slli t6, t6, 0xb
x31 <- 0xFFFFFD5555FFF800

mem[X,0x0000000080000834] -> 0x8F93
mem[X,0x0000000080000836] -> 0x7FFF
[530] [M]: 0x0000000080000834 (0x7FFF8F93) addi t6, t6, 0x7ff
x31 <- 0xFFFFFD5555FFFFFF

mem[X,0x0000000080000838] -> 0x9F93
mem[X,0x000000008000083A] -> 0x00BF
[531] [M]: 0x0000000080000838 (0x00BF9F93) slli t6, t6, 0xb
x31 <- 0xFFEAAAAFFFFFF800

mem[X,0x000000008000083C] -> 0x8F93
mem[X,0x000000008000083E] -> 0x6BFF
[532] [M]: 0x000000008000083C (0x6BFF8F93) addi t6, t6, 0x6bf
x31 <- 0xFFEAAAAFFFFFFEBF

mem[X,0x0000000080000840] -> 0x9F93
mem[X,0x0000000080000842] -> 0x00AF
[533] [M]: 0x0000000080000840 (0x00AF9F93) slli t6, t6, 0xa
x31 <- 0xAAAABFFFFFFAFC00

mem[X,0x0000000080000844] -> 0x8F93
mem[X,0x0000000080000846] -> 0x3EFF
[534] [M]: 0x0000000080000844 (0x3EFF8F93) addi t6, t6, 0x3ef
x31 <- 0xAAAABFFFFFFAFFEF

mem[X,0x0000000080000848] -> 0x09B7
mem[X,0x000000008000084A] -> 0x0008
[535] [M]: 0x0000000080000848 (0x000809B7) lui s3, 0x80
x19 <- 0x0000000000080000

mem[X,0x000000008000084C] -> 0x8993
mem[X,0x000000008000084E] -> 0xFF89
[536] [M]: 0x000000008000084C (0xFF898993) addi s3, s3, -0x8
x19 <- 0x000000000007FFF8

mem[X,0x0000000080000850] -> 0x9993
mem[X,0x0000000080000852] -> 0x00B9
[537] [M]: 0x0000000080000850 (0x00B99993) slli s3, s3, 0xb
x19 <- 0x000000003FFFC000

mem[X,0x0000000080000854] -> 0x8993
mem[X,0x0000000080000856] -> 0x7FB9
[538] [M]: 0x0000000080000854 (0x7FB98993) addi s3, s3, 0x7fb
x19 <- 0x000000003FFFC7FB

mem[X,0x0000000080000858] -> 0x9993
mem[X,0x000000008000085A] -> 0x00B9
[539] [M]: 0x0000000080000858 (0x00B99993) slli s3, s3, 0xb
x19 <- 0x000001FFFE3FD800

mem[X,0x000000008000085C] -> 0x8993
mem[X,0x000000008000085E] -> 0x7C09
[540] [M]: 0x000000008000085C (0x7C098993) addi s3, s3, 0x7c0
x19 <- 0x000001FFFE3FDFC0

mem[X,0x0000000080000860] -> 0x9993
mem[X,0x0000000080000862] -> 0x00A9
[541] [M]: 0x0000000080000860 (0x00A99993) slli s3, s3, 0xa
x19 <- 0x0007FFF8FF7F0000

mem[X,0x0000000080000864] -> 0x8993
mem[X,0x0000000080000866] -> 0x0049
[542] [M]: 0x0000000080000864 (0x00498993) addi s3, s3, 0x4
x19 <- 0x0007FFF8FF7F0004

mem[X,0x0000000080000868] -> 0xF1BB
mem[X,0x000000008000086A] -> 0xBD3F
[543] [M]: 0x0000000080000868 (0xBD3FF1BB) pmhaccsu.h.bo gp, t6, s3
x3 <- 0xDFFF00B5007D0002

mem[X,0x000000008000086C] -> 0x3C23
mem[X,0x000000008000086E] -> 0x0232
[544] [M]: 0x000000008000086C (0x02323C23) sd gp, 0x38(tp)
mem[0x00000000800041D0] <- 0xDFFF00B5007D0002

mem[X,0x0000000080000870] -> 0x0337
mem[X,0x0000000080000872] -> 0xFE00
[545] [M]: 0x0000000080000870 (0xFE000337) lui t1, -0x2000
x6 <- 0xFFFFFFFFFE000000

mem[X,0x0000000080000874] -> 0x0313
mem[X,0x0000000080000876] -> 0xFFD3
[546] [M]: 0x0000000080000874 (0xFFD30313) addi t1, t1, -0x3
x6 <- 0xFFFFFFFFFDFFFFFD

mem[X,0x0000000080000878] -> 0x1313
mem[X,0x000000008000087A] -> 0x00B3
[547] [M]: 0x0000000080000878 (0x00B31313) slli t1, t1, 0xb
x6 <- 0xFFFFFFEFFFFFE800

mem[X,0x000000008000087C] -> 0x0313
mem[X,0x000000008000087E] -> 0x0003
[548] [M]: 0x000000008000087C (0x00030313) addi t1, t1, 0x0
x6 <- 0xFFFFFFEFFFFFE800

mem[X,0x0000000080000880] -> 0x1313
mem[X,0x0000000080000882] -> 0x00B3
[549] [M]: 0x0000000080000880 (0x00B31313) slli t1, t1, 0xb
x6 <- 0xFFFF7FFFFF400000

mem[X,0x0000000080000884] -> 0x0313
mem[X,0x0000000080000886] -> 0x03F3
[550] [M]: 0x0000000080000884 (0x03F30313) addi t1, t1, 0x3f
x6 <- 0xFFFF7FFFFF40003F

mem[X,0x0000000080000888] -> 0x1313
mem[X,0x000000008000088A] -> 0x00A3
[551] [M]: 0x0000000080000888 (0x00A31313) slli t1, t1, 0xa
x6 <- 0xFDFFFFFD0000FC00

mem[X,0x000000008000088C] -> 0x0313
mem[X,0x000000008000088E] -> 0x3DF3
[552] [M]: 0x000000008000088C (0x3DF30313) addi t1, t1, 0x3df
x6 <- 0xFDFFFFFD0000FFDF

mem[X,0x0000000080000890] -> 0x0CB7
mem[X,0x0000000080000892] -> 0x2000
[553] [M]: 0x0000000080000890 (0x20000CB7) lui s9, 0x20000
x25 <- 0x0000000020000000

mem[X,0x0000000080000894] -> 0x8C93
mem[X,0x0000000080000896] -> 0x000C
[554] [M]: 0x0000000080000894 (0x000C8C93) addi s9, s9, 0x0
x25 <- 0x0000000020000000

mem[X,0x0000000080000898] -> 0x9C93
mem[X,0x000000008000089A] -> 0x00BC
[555] [M]: 0x0000000080000898 (0x00BC9C93) slli s9, s9, 0xb
x25 <- 0x0000010000000000

mem[X,0x000000008000089C] -> 0x8C93
mem[X,0x000000008000089E] -> 0x001C
[556] [M]: 0x000000008000089C (0x001C8C93) addi s9, s9, 0x1
x25 <- 0x0000010000000001

mem[X,0x00000000800008A0] -> 0x9C93
mem[X,0x00000000800008A2] -> 0x00BC
[557] [M]: 0x00000000800008A0 (0x00BC9C93) slli s9, s9, 0xb
x25 <- 0x0008000000000800

mem[X,0x00000000800008A4] -> 0x8C93
mem[X,0x00000000800008A6] -> 0x03FC
[558] [M]: 0x00000000800008A4 (0x03FC8C93) addi s9, s9, 0x3f
x25 <- 0x000800000000083F

mem[X,0x00000000800008A8] -> 0x9C93
mem[X,0x00000000800008AA] -> 0x00AC
[559] [M]: 0x00000000800008A8 (0x00AC9C93) slli s9, s9, 0xa
x25 <- 0x200000000020FC00

mem[X,0x00000000800008AC] -> 0x8C93
mem[X,0x00000000800008AE] -> 0x3FAC
[560] [M]: 0x00000000800008AC (0x3FAC8C93) addi s9, s9, 0x3fa
x25 <- 0x200000000020FFFA

mem[X,0x00000000800008B0] -> 0x7ABB
mem[X,0x00000000800008B2] -> 0xBD93
[561] [M]: 0x00000000800008B0 (0xBD937ABB) pmhaccsu.h.bo s5, t1, s9
x21 <- 0x00287FFFFFBF80FD

mem[X,0x00000000800008B4] -> 0x3023
mem[X,0x00000000800008B6] -> 0x0552
[562] [M]: 0x00000000800008B4 (0x05523023) sd s5, 0x40(tp)
mem[0x00000000800041D8] <- 0x00287FFFFFBF80FD

mem[X,0x00000000800008B8] -> 0x0837
mem[X,0x00000000800008BA] -> 0x0001
[563] [M]: 0x00000000800008B8 (0x00010837) lui a6, 0x10
x16 <- 0x0000000000010000

mem[X,0x00000000800008BC] -> 0x0813
mem[X,0x00000000800008BE] -> 0xEFF8
[564] [M]: 0x00000000800008BC (0xEFF80813) addi a6, a6, -0x101
x16 <- 0x000000000000FEFF

mem[X,0x00000000800008C0] -> 0x1813
mem[X,0x00000000800008C2] -> 0x00B8
[565] [M]: 0x00000000800008C0 (0x00B81813) slli a6, a6, 0xb
x16 <- 0x0000000007F7F800

mem[X,0x00000000800008C4] -> 0x0813
mem[X,0x00000000800008C6] -> 0x7F78
[566] [M]: 0x00000000800008C4 (0x7F780813) addi a6, a6, 0x7f7
x16 <- 0x0000000007F7FFF7

mem[X,0x00000000800008C8] -> 0x1813
mem[X,0x00000000800008CA] -> 0x00B8
[567] [M]: 0x00000000800008C8 (0x00B81813) slli a6, a6, 0xb
x16 <- 0x0000003FBFFFB800

mem[X,0x00000000800008CC] -> 0x0813
mem[X,0x00000000800008CE] -> 0x7FF8
[568] [M]: 0x00000000800008CC (0x7FF80813) addi a6, a6, 0x7ff
x16 <- 0x0000003FBFFFBFFF

mem[X,0x00000000800008D0] -> 0x1813
mem[X,0x00000000800008D2] -> 0x00A8
[569] [M]: 0x00000000800008D0 (0x00A81813) slli a6, a6, 0xa
x16 <- 0x0000FEFFFEFFFC00

mem[X,0x00000000800008D4] -> 0x0813
mem[X,0x00000000800008D6] -> 0x3BF8
[570] [M]: 0x00000000800008D4 (0x3BF80813) addi a6, a6, 0x3bf
x16 <- 0x0000FEFFFEFFFFBF

mem[X,0x00000000800008D8] -> 0x0DB7
mem[X,0x00000000800008DA] -> 0x5555
[571] [M]: 0x00000000800008D8 (0x55550DB7) lui s11, 0x55550
x27 <- 0x0000000055550000

mem[X,0x00000000800008DC] -> 0x8D93
mem[X,0x00000000800008DE] -> 0x100D
[572] [M]: 0x00000000800008DC (0x100D8D93) addi s11, s11, 0x100
x27 <- 0x0000000055550100

mem[X,0x00000000800008E0] -> 0x9D93
mem[X,0x00000000800008E2] -> 0x00BD
[573] [M]: 0x00000000800008E0 (0x00BD9D93) slli s11, s11, 0xb
x27 <- 0x000002AAA8080000

mem[X,0x00000000800008E4] -> 0x8D93
mem[X,0x00000000800008E6] -> 0x000D
[574] [M]: 0x00000000800008E4 (0x000D8D93) addi s11, s11, 0x0
x27 <- 0x000002AAA8080000

mem[X,0x00000000800008E8] -> 0x9D93
mem[X,0x00000000800008EA] -> 0x00BD
[575] [M]: 0x00000000800008E8 (0x00BD9D93) slli s11, s11, 0xb
x27 <- 0x0015554040000000

mem[X,0x00000000800008EC] -> 0x8D93
mem[X,0x00000000800008EE] -> 0x27FD
[576] [M]: 0x00000000800008EC (0x27FD8D93) addi s11, s11, 0x27f
x27 <- 0x001555404000027F

mem[X,0x00000000800008F0] -> 0x9D93
mem[X,0x00000000800008F2] -> 0x00AD
[577] [M]: 0x00000000800008F0 (0x00AD9D93) slli s11, s11, 0xa
x27 <- 0x555501000009FC00

mem[X,0x00000000800008F4] -> 0x8D93
mem[X,0x00000000800008F6] -> 0x3EFD
[578] [M]: 0x00000000800008F4 (0x3EFD8D93) addi s11, s11, 0x3ef
x27 <- 0x555501000009FFEF

mem[X,0x00000000800008F8] -> 0x7E3B
mem[X,0x00000000800008FA] -> 0xBDB8
[579] [M]: 0x00000000800008F8 (0xBDB87E3B) pmhaccsu.h.bo t3, a6, s11
x28 <- 0xFFF81000FFF602FE

mem[X,0x00000000800008FC] -> 0x3423
mem[X,0x00000000800008FE] -> 0x05C2
[580] [M]: 0x00000000800008FC (0x05C23423) sd t3, 0x48(tp)
mem[0x00000000800041E0] <- 0xFFF81000FFF602FE

mem[X,0x0000000080000900] -> 0x07B7
mem[X,0x0000000080000902] -> 0xC001
[581] [M]: 0x0000000080000900 (0xC00107B7) lui a5, -0x3fff0
x15 <- 0xFFFFFFFFC0010000

mem[X,0x0000000080000904] -> 0x8793
mem[X,0x0000000080000906] -> 0xFFD7
[582] [M]: 0x0000000080000904 (0xFFD78793) addi a5, a5, -0x3
x15 <- 0xFFFFFFFFC000FFFD

mem[X,0x0000000080000908] -> 0x9793
mem[X,0x000000008000090A] -> 0x00B7
[583] [M]: 0x0000000080000908 (0x00B79793) slli a5, a5, 0xb
x15 <- 0xFFFFFE0007FFE800

mem[X,0x000000008000090C] -> 0x8793
mem[X,0x000000008000090E] -> 0x0007
[584] [M]: 0x000000008000090C (0x00078793) addi a5, a5, 0x0
x15 <- 0xFFFFFE0007FFE800

mem[X,0x0000000080000910] -> 0x9793
mem[X,0x0000000080000912] -> 0x00B7
[585] [M]: 0x0000000080000910 (0x00B79793) slli a5, a5, 0xb
x15 <- 0xFFF0003FFF400000

mem[X,0x0000000080000914] -> 0x8793
mem[X,0x0000000080000916] -> 0x43F7
[586] [M]: 0x0000000080000914 (0x43F78793) addi a5, a5, 0x43f
x15 <- 0xFFF0003FFF40043F

mem[X,0x0000000080000918] -> 0x9793
mem[X,0x000000008000091A] -> 0x00A7
[587] [M]: 0x0000000080000918 (0x00A79793) slli a5, a5, 0xa
x15 <- 0xC000FFFD0010FC00

mem[X,0x000000008000091C] -> 0x8793
mem[X,0x000000008000091E] -> 0x37F7
[588] [M]: 0x000000008000091C (0x37F78793) addi a5, a5, 0x37f
x15 <- 0xC000FFFD0010FF7F

mem[X,0x0000000080000920] -> 0x0337
mem[X,0x0000000080000922] -> 0xFFF9
[589] [M]: 0x0000000080000920 (0xFFF90337) lui t1, -0x70
x6 <- 0xFFFFFFFFFFF90000

mem[X,0x0000000080000924] -> 0x0313
mem[X,0x0000000080000926] -> 0x0093
[590] [M]: 0x0000000080000924 (0x00930313) addi t1, t1, 0x9
x6 <- 0xFFFFFFFFFFF90009

mem[X,0x0000000080000928] -> 0x1313
mem[X,0x000000008000092A] -> 0x00B3
[591] [M]: 0x0000000080000928 (0x00B31313) slli t1, t1, 0xb
x6 <- 0xFFFFFFFFC8004800

mem[X,0x000000008000092C] -> 0x0313
mem[X,0x000000008000092E] -> 0x0003
[592] [M]: 0x000000008000092C (0x00030313) addi t1, t1, 0x0
x6 <- 0xFFFFFFFFC8004800

mem[X,0x0000000080000930] -> 0x1313
mem[X,0x0000000080000932] -> 0x00B3
[593] [M]: 0x0000000080000930 (0x00B31313) slli t1, t1, 0xb
x6 <- 0xFFFFFE4002400000

mem[X,0x0000000080000934] -> 0x0313
mem[X,0x0000000080000936] -> 0x1003
[594] [M]: 0x0000000080000934 (0x10030313) addi t1, t1, 0x100
x6 <- 0xFFFFFE4002400100

mem[X,0x0000000080000938] -> 0x1313
mem[X,0x000000008000093A] -> 0x00A3
[595] [M]: 0x0000000080000938 (0x00A31313) slli t1, t1, 0xa
x6 <- 0xFFF9000900040000

mem[X,0x000000008000093C] -> 0x0313
mem[X,0x000000008000093E] -> 0x0043
[596] [M]: 0x000000008000093C (0x00430313) addi t1, t1, 0x4
x6 <- 0xFFF9000900040004

mem[X,0x0000000080000940] -> 0xF0BB
mem[X,0x0000000080000942] -> 0xBC67
[597] [M]: 0x0000000080000940 (0xBC67F0BB) pmhaccsu.h.bo ra, a5, t1
x1 <- 0x10BFFFF78000FFFB

mem[X,0x0000000080000944] -> 0x3823
mem[X,0x0000000080000946] -> 0x0412
[598] [M]: 0x0000000080000944 (0x04123823) sd ra, 0x50(tp)
mem[0x00000000800041E8] <- 0x10BFFFF78000FFFB

mem[X,0x0000000080000948] -> 0x1D37
mem[X,0x000000008000094A] -> 0xFFF6
[599] [M]: 0x0000000080000948 (0xFFF61D37) lui s10, -0x9f
x26 <- 0xFFFFFFFFFFF61000

clint::tick mtime <- 0x0000000000000006
 clint timer pending at mtime 0x0000000000000006
htif::tick 0x0000000000000000
mem[X,0x000000008000094C] -> 0x0D13
mem[X,0x000000008000094E] -> 0x000D
[600] [M]: 0x000000008000094C (0x000D0D13) addi s10, s10, 0x0
x26 <- 0xFFFFFFFFFFF61000

mem[X,0x0000000080000950] -> 0x1D13
mem[X,0x0000000080000952] -> 0x00BD
[601] [M]: 0x0000000080000950 (0x00BD1D13) slli s10, s10, 0xb
x26 <- 0xFFFFFFFFB0800000

mem[X,0x0000000080000954] -> 0x0D13
mem[X,0x0000000080000956] -> 0x080D
[602] [M]: 0x0000000080000954 (0x080D0D13) addi s10, s10, 0x80
x26 <- 0xFFFFFFFFB0800080

mem[X,0x0000000080000958] -> 0x1D13
mem[X,0x000000008000095A] -> 0x00BD
[603] [M]: 0x0000000080000958 (0x00BD1D13) slli s10, s10, 0xb
x26 <- 0xFFFFFD8400040000

mem[X,0x000000008000095C] -> 0x0D13
mem[X,0x000000008000095E] -> 0x03FD
[604] [M]: 0x000000008000095C (0x03FD0D13) addi s10, s10, 0x3f
x26 <- 0xFFFFFD840004003F

mem[X,0x0000000080000960] -> 0x1D13
mem[X,0x0000000080000962] -> 0x00AD
[605] [M]: 0x0000000080000960 (0x00AD1D13) slli s10, s10, 0xa
x26 <- 0xFFF610001000FC00

mem[X,0x0000000080000964] -> 0x0D13
mem[X,0x0000000080000966] -> 0x2FFD
[606] [M]: 0x0000000080000964 (0x2FFD0D13) addi s10, s10, 0x2ff
x26 <- 0xFFF610001000FEFF

mem[X,0x0000000080000968] -> 0x0137
mem[X,0x000000008000096A] -> 0xFFF6
[607] [M]: 0x0000000080000968 (0xFFF60137) lui sp, -0xa0
x2 <- 0xFFFFFFFFFFF60000

mem[X,0x000000008000096C] -> 0x0113
mem[X,0x000000008000096E] -> 0x0071
[608] [M]: 0x000000008000096C (0x00710113) addi sp, sp, 0x7
x2 <- 0xFFFFFFFFFFF60007

mem[X,0x0000000080000970] -> 0x1113
mem[X,0x0000000080000972] -> 0x00B1
[609] [M]: 0x0000000080000970 (0x00B11113) slli sp, sp, 0xb
x2 <- 0xFFFFFFFFB0003800

mem[X,0x0000000080000974] -> 0x0113
mem[X,0x0000000080000976] -> 0x7FF1
[610] [M]: 0x0000000080000974 (0x7FF10113) addi sp, sp, 0x7ff
x2 <- 0xFFFFFFFFB0003FFF

mem[X,0x0000000080000978] -> 0x1113
mem[X,0x000000008000097A] -> 0x00B1
[611] [M]: 0x0000000080000978 (0x00B11113) slli sp, sp, 0xb
x2 <- 0xFFFFFD8001FFF800

mem[X,0x000000008000097C] -> 0x0113
mem[X,0x000000008000097E] -> 0x7001
[612] [M]: 0x000000008000097C (0x70010113) addi sp, sp, 0x700
x2 <- 0xFFFFFD8001FFFF00

mem[X,0x0000000080000980] -> 0x1113
mem[X,0x0000000080000982] -> 0x00A1
[613] [M]: 0x0000000080000980 (0x00A11113) slli sp, sp, 0xa
x2 <- 0xFFF60007FFFC0000

mem[X,0x0000000080000984] -> 0x0113
mem[X,0x0000000080000986] -> 0x0021
[614] [M]: 0x0000000080000984 (0x00210113) addi sp, sp, 0x2
x2 <- 0xFFF60007FFFC0002

mem[X,0x0000000080000988] -> 0x7CBB
mem[X,0x000000008000098A] -> 0xBC2D
[615] [M]: 0x0000000080000988 (0xBC2D7CBB) pmhaccsu.h.bo s9, s10, sp
x25 <- 0x20FE0000002FFFFA

mem[X,0x000000008000098C] -> 0x3C23
mem[X,0x000000008000098E] -> 0x0592
[616] [M]: 0x000000008000098C (0x05923C23) sd s9, 0x58(tp)
mem[0x00000000800041F0] <- 0x20FE0000002FFFFA

mem[X,0x0000000080000990] -> 0x01B7
mem[X,0x0000000080000992] -> 0xAAAA
[617] [M]: 0x0000000080000990 (0xAAAA01B7) lui gp, -0x55560
x3 <- 0xFFFFFFFFAAAA0000

mem[X,0x0000000080000994] -> 0x8193
mem[X,0x0000000080000996] -> 0x0201
[618] [M]: 0x0000000080000994 (0x02018193) addi gp, gp, 0x20
x3 <- 0xFFFFFFFFAAAA0020

mem[X,0x0000000080000998] -> 0x9193
mem[X,0x000000008000099A] -> 0x00B1
[619] [M]: 0x0000000080000998 (0x00B19193) slli gp, gp, 0xb
x3 <- 0xFFFFFD5550010000

mem[X,0x000000008000099C] -> 0x8193
mem[X,0x000000008000099E] -> 0x7BF1
[620] [M]: 0x000000008000099C (0x7BF18193) addi gp, gp, 0x7bf
x3 <- 0xFFFFFD55500107BF

mem[X,0x00000000800009A0] -> 0x9193
mem[X,0x00000000800009A2] -> 0x00B1
[621] [M]: 0x00000000800009A0 (0x00B19193) slli gp, gp, 0xb
x3 <- 0xFFEAAA80083DF800

mem[X,0x00000000800009A4] -> 0x8193
mem[X,0x00000000800009A6] -> 0x7FF1
[622] [M]: 0x00000000800009A4 (0x7FF18193) addi gp, gp, 0x7ff
x3 <- 0xFFEAAA80083DFFFF

mem[X,0x00000000800009A8] -> 0x9193
mem[X,0x00000000800009AA] -> 0x00A1
[623] [M]: 0x00000000800009A8 (0x00A19193) slli gp, gp, 0xa
x3 <- 0xAAAA0020F7FFFC00

mem[X,0x00000000800009AC] -> 0x8193
mem[X,0x00000000800009AE] -> 0x1FF1
[624] [M]: 0x00000000800009AC (0x1FF18193) addi gp, gp, 0x1ff
x3 <- 0xAAAA0020F7FFFDFF

mem[X,0x00000000800009B0] -> 0x04B7
mem[X,0x00000000800009B2] -> 0x0005
[625] [M]: 0x00000000800009B0 (0x000504B7) lui s1, 0x50
x9 <- 0x0000000000050000

mem[X,0x00000000800009B4] -> 0x8493
mem[X,0x00000000800009B6] -> 0xDFF4
[626] [M]: 0x00000000800009B4 (0xDFF48493) addi s1, s1, -0x201
x9 <- 0x000000000004FDFF

mem[X,0x00000000800009B8] -> 0x9493
mem[X,0x00000000800009BA] -> 0x00B4
[627] [M]: 0x00000000800009B8 (0x00B49493) slli s1, s1, 0xb
x9 <- 0x0000000027EFF800

mem[X,0x00000000800009BC] -> 0x8493
mem[X,0x00000000800009BE] -> 0x0024
[628] [M]: 0x00000000800009BC (0x00248493) addi s1, s1, 0x2
x9 <- 0x0000000027EFF802

mem[X,0x00000000800009C0] -> 0x9493
mem[X,0x00000000800009C2] -> 0x00B4
[629] [M]: 0x00000000800009C0 (0x00B49493) slli s1, s1, 0xb
x9 <- 0x0000013F7FC01000

mem[X,0x00000000800009C4] -> 0x8493
mem[X,0x00000000800009C6] -> 0x03F4
[630] [M]: 0x00000000800009C4 (0x03F48493) addi s1, s1, 0x3f
x9 <- 0x0000013F7FC0103F

mem[X,0x00000000800009C8] -> 0x9493
mem[X,0x00000000800009CA] -> 0x00A4
[631] [M]: 0x00000000800009C8 (0x00A49493) slli s1, s1, 0xa
x9 <- 0x0004FDFF0040FC00

mem[X,0x00000000800009CC] -> 0x8493
mem[X,0x00000000800009CE] -> 0x3BF4
[632] [M]: 0x00000000800009CC (0x3BF48493) addi s1, s1, 0x3bf
x9 <- 0x0004FDFF0040FFBF

mem[X,0x00000000800009D0] -> 0xF83B
mem[X,0x00000000800009D2] -> 0xBC91
[633] [M]: 0x00000000800009D0 (0xBC91F83B) pmhaccsu.h.bo a6, gp, s1
x16 <- 0x0000FEFFFEFF00BC

mem[X,0x00000000800009D4] -> 0x3023
mem[X,0x00000000800009D6] -> 0x0702
[634] [M]: 0x00000000800009D4 (0x07023023) sd a6, 0x60(tp)
mem[0x00000000800041F8] <- 0x0000FEFFFEFF00BC

mem[X,0x00000000800009D8] -> 0x09B7
mem[X,0x00000000800009DA] -> 0xFFFD
[635] [M]: 0x00000000800009D8 (0xFFFD09B7) lui s3, -0x30
x19 <- 0xFFFFFFFFFFFD0000

mem[X,0x00000000800009DC] -> 0x8993
mem[X,0x00000000800009DE] -> 0x0009
[636] [M]: 0x00000000800009DC (0x00098993) addi s3, s3, 0x0
x19 <- 0xFFFFFFFFFFFD0000

mem[X,0x00000000800009E0] -> 0x9993
mem[X,0x00000000800009E2] -> 0x00B9
[637] [M]: 0x00000000800009E0 (0x00B99993) slli s3, s3, 0xb
x19 <- 0xFFFFFFFFE8000000

mem[X,0x00000000800009E4] -> 0x8993
mem[X,0x00000000800009E6] -> 0x5FF9
[638] [M]: 0x00000000800009E4 (0x5FF98993) addi s3, s3, 0x5ff
x19 <- 0xFFFFFFFFE80005FF

mem[X,0x00000000800009E8] -> 0x9993
mem[X,0x00000000800009EA] -> 0x00B9
[639] [M]: 0x00000000800009E8 (0x00B99993) slli s3, s3, 0xb
x19 <- 0xFFFFFF40002FF800

mem[X,0x00000000800009EC] -> 0x8993
mem[X,0x00000000800009EE] -> 0x7FE9
[640] [M]: 0x00000000800009EC (0x7FE98993) addi s3, s3, 0x7fe
x19 <- 0xFFFFFF40002FFFFE

mem[X,0x00000000800009F0] -> 0x9993
mem[X,0x00000000800009F2] -> 0x00A9
[641] [M]: 0x00000000800009F0 (0x00A99993) slli s3, s3, 0xa
x19 <- 0xFFFD0000BFFFF800

mem[X,0x00000000800009F4] -> 0x8993
mem[X,0x00000000800009F6] -> 0x3FF9
[642] [M]: 0x00000000800009F4 (0x3FF98993) addi s3, s3, 0x3ff
x19 <- 0xFFFD0000BFFFFBFF

mem[X,0x00000000800009F8] -> 0x00B7
mem[X,0x00000000800009FA] -> 0x0801
[643] [M]: 0x00000000800009F8 (0x080100B7) lui ra, 0x8010
x1 <- 0x0000000008010000

mem[X,0x00000000800009FC] -> 0x8093
mem[X,0x00000000800009FE] -> 0xFFE0
[644] [M]: 0x00000000800009FC (0xFFE08093) addi ra, ra, -0x2
x1 <- 0x000000000800FFFE

mem[X,0x0000000080000A00] -> 0x9093
mem[X,0x0000000080000A02] -> 0x00B0
[645] [M]: 0x0000000080000A00 (0x00B09093) slli ra, ra, 0xb
x1 <- 0x0000004007FFF000

mem[X,0x0000000080000A04] -> 0x8093
mem[X,0x0000000080000A06] -> 0x7EF0
[646] [M]: 0x0000000080000A04 (0x7EF08093) addi ra, ra, 0x7ef
x1 <- 0x0000004007FFF7EF

mem[X,0x0000000080000A08] -> 0x9093
mem[X,0x0000000080000A0A] -> 0x00B0
[647] [M]: 0x0000000080000A08 (0x00B09093) slli ra, ra, 0xb
x1 <- 0x0002003FFFBF7800

mem[X,0x0000000080000A0C] -> 0x8093
mem[X,0x0000000080000A0E] -> 0x7FF0
[648] [M]: 0x0000000080000A0C (0x7FF08093) addi ra, ra, 0x7ff
x1 <- 0x0002003FFFBF7FFF

mem[X,0x0000000080000A10] -> 0x9093
mem[X,0x0000000080000A12] -> 0x00A0
[649] [M]: 0x0000000080000A10 (0x00A09093) slli ra, ra, 0xa
x1 <- 0x0800FFFEFDFFFC00

mem[X,0x0000000080000A14] -> 0x8093
mem[X,0x0000000080000A16] -> 0x3FC0
[650] [M]: 0x0000000080000A14 (0x3FC08093) addi ra, ra, 0x3fc
x1 <- 0x0800FFFEFDFFFFFC

mem[X,0x0000000080000A18] -> 0xFD3B
mem[X,0x0000000080000A1A] -> 0xBC19
[651] [M]: 0x0000000080000A18 (0xBC19FD3B) pmhaccsu.h.bo s10, s3, ra
x26 <- 0xFFFD100010BDFFFA

mem[X,0x0000000080000A1C] -> 0x3423
mem[X,0x0000000080000A1E] -> 0x07A2
[652] [M]: 0x0000000080000A1C (0x07A23423) sd s10, 0x68(tp)
mem[0x0000000080004200] <- 0xFFFD100010BDFFFA

mem[X,0x0000000080000A20] -> 0x0BB7
mem[X,0x0000000080000A22] -> 0xF000
[653] [M]: 0x0000000080000A20 (0xF0000BB7) lui s7, -0x10000
x23 <- 0xFFFFFFFFF0000000

mem[X,0x0000000080000A24] -> 0x8B93
mem[X,0x0000000080000A26] -> 0xF7FB
[654] [M]: 0x0000000080000A24 (0xF7FB8B93) addi s7, s7, -0x81
x23 <- 0xFFFFFFFFEFFFFF7F

mem[X,0x0000000080000A28] -> 0x9B93
mem[X,0x0000000080000A2A] -> 0x00BB
[655] [M]: 0x0000000080000A28 (0x00BB9B93) slli s7, s7, 0xb
x23 <- 0xFFFFFF7FFFFBF800

mem[X,0x0000000080000A2C] -> 0x8B93
mem[X,0x0000000080000A2E] -> 0x000B
[656] [M]: 0x0000000080000A2C (0x000B8B93) addi s7, s7, 0x0
x23 <- 0xFFFFFF7FFFFBF800

mem[X,0x0000000080000A30] -> 0x9B93
mem[X,0x0000000080000A32] -> 0x00BB
[657] [M]: 0x0000000080000A30 (0x00BB9B93) slli s7, s7, 0xb
x23 <- 0xFFFBFFFFDFC00000

mem[X,0x0000000080000A34] -> 0x8B93
mem[X,0x0000000080000A36] -> 0x23DB
[658] [M]: 0x0000000080000A34 (0x23DB8B93) addi s7, s7, 0x23d
x23 <- 0xFFFBFFFFDFC0023D

mem[X,0x0000000080000A38] -> 0x9B93
mem[X,0x0000000080000A3A] -> 0x00AB
[659] [M]: 0x0000000080000A38 (0x00AB9B93) slli s7, s7, 0xa
x23 <- 0xEFFFFF7F0008F400

mem[X,0x0000000080000A3C] -> 0x8B93
mem[X,0x0000000080000A3E] -> 0x3FFB
[660] [M]: 0x0000000080000A3C (0x3FFB8B93) addi s7, s7, 0x3ff
x23 <- 0xEFFFFF7F0008F7FF

mem[X,0x0000000080000A40] -> 0x0FB7
mem[X,0x0000000080000A42] -> 0x000A
[661] [M]: 0x0000000080000A40 (0x000A0FB7) lui t6, 0xa0
x31 <- 0x00000000000A0000

mem[X,0x0000000080000A44] -> 0x8F93
mem[X,0x0000000080000A46] -> 0xDFFF
[662] [M]: 0x0000000080000A44 (0xDFFF8F93) addi t6, t6, -0x201
x31 <- 0x000000000009FDFF

mem[X,0x0000000080000A48] -> 0x9F93
mem[X,0x0000000080000A4A] -> 0x00BF
[663] [M]: 0x0000000080000A48 (0x00BF9F93) slli t6, t6, 0xb
x31 <- 0x000000004FEFF800

mem[X,0x0000000080000A4C] -> 0x8F93
mem[X,0x0000000080000A4E] -> 0x000F
[664] [M]: 0x0000000080000A4C (0x000F8F93) addi t6, t6, 0x0
x31 <- 0x000000004FEFF800

mem[X,0x0000000080000A50] -> 0x9F93
mem[X,0x0000000080000A52] -> 0x00BF
[665] [M]: 0x0000000080000A50 (0x00BF9F93) slli t6, t6, 0xb
x31 <- 0x0000027F7FC00000

mem[X,0x0000000080000A54] -> 0x8F93
mem[X,0x0000000080000A56] -> 0x000F
[666] [M]: 0x0000000080000A54 (0x000F8F93) addi t6, t6, 0x0
x31 <- 0x0000027F7FC00000

mem[X,0x0000000080000A58] -> 0x9F93
mem[X,0x0000000080000A5A] -> 0x00AF
[667] [M]: 0x0000000080000A58 (0x00AF9F93) slli t6, t6, 0xa
x31 <- 0x0009FDFF00000000

mem[X,0x0000000080000A5C] -> 0x8F93
mem[X,0x0000000080000A5E] -> 0x004F
[668] [M]: 0x0000000080000A5C (0x004F8F93) addi t6, t6, 0x4
x31 <- 0x0009FDFF00000004

mem[X,0x0000000080000A60] -> 0xF8BB
mem[X,0x0000000080000A62] -> 0xBDFB
[669] [M]: 0x0000000080000A60 (0xBDFBF8BB) pmhaccsu.h.bo a7, s7, t6
x17 <- 0x004000FAFDFFFFFF

mem[X,0x0000000080000A64] -> 0x3823
mem[X,0x0000000080000A66] -> 0x0712
[670] [M]: 0x0000000080000A64 (0x07123823) sd a7, 0x70(tp)
mem[0x0000000080004208] <- 0x004000FAFDFFFFFF

mem[X,0x0000000080000A68] -> 0x8637
mem[X,0x0000000080000A6A] -> 0x5555
[671] [M]: 0x0000000080000A68 (0x55558637) lui a2, 0x55558
x12 <- 0x0000000055558000

mem[X,0x0000000080000A6C] -> 0x0613
mem[X,0x0000000080000A6E] -> 0x0006
[672] [M]: 0x0000000080000A6C (0x00060613) addi a2, a2, 0x0
x12 <- 0x0000000055558000

mem[X,0x0000000080000A70] -> 0x1613
mem[X,0x0000000080000A72] -> 0x00B6
[673] [M]: 0x0000000080000A70 (0x00B61613) slli a2, a2, 0xb
x12 <- 0x000002AAAC000000

mem[X,0x0000000080000A74] -> 0x0613
mem[X,0x0000000080000A76] -> 0x7F76
[674] [M]: 0x0000000080000A74 (0x7F760613) addi a2, a2, 0x7f7
x12 <- 0x000002AAAC0007F7

mem[X,0x0000000080000A78] -> 0x1613
mem[X,0x0000000080000A7A] -> 0x00B6
[675] [M]: 0x0000000080000A78 (0x00B61613) slli a2, a2, 0xb
x12 <- 0x00155560003FB800

mem[X,0x0000000080000A7C] -> 0x0613
mem[X,0x0000000080000A7E] -> 0x7FB6
[676] [M]: 0x0000000080000A7C (0x7FB60613) addi a2, a2, 0x7fb
x12 <- 0x00155560003FBFFB

mem[X,0x0000000080000A80] -> 0x1613
mem[X,0x0000000080000A82] -> 0x00A6
[677] [M]: 0x0000000080000A80 (0x00A61613) slli a2, a2, 0xa
x12 <- 0x55558000FEFFEC00

mem[X,0x0000000080000A84] -> 0x0613
mem[X,0x0000000080000A86] -> 0x3FF6
[678] [M]: 0x0000000080000A84 (0x3FF60613) addi a2, a2, 0x3ff
x12 <- 0x55558000FEFFEFFF

mem[X,0x0000000080000A88] -> 0x05B7
mem[X,0x0000000080000A8A] -> 0xF000
[679] [M]: 0x0000000080000A88 (0xF00005B7) lui a1, -0x10000
x11 <- 0xFFFFFFFFF0000000

mem[X,0x0000000080000A8C] -> 0x8593
mem[X,0x0000000080000A8E] -> 0xF7F5
[680] [M]: 0x0000000080000A8C (0xF7F58593) addi a1, a1, -0x81
x11 <- 0xFFFFFFFFEFFFFF7F

mem[X,0x0000000080000A90] -> 0x9593
mem[X,0x0000000080000A92] -> 0x00B5
[681] [M]: 0x0000000080000A90 (0x00B59593) slli a1, a1, 0xb
x11 <- 0xFFFFFF7FFFFBF800

mem[X,0x0000000080000A94] -> 0x8593
mem[X,0x0000000080000A96] -> 0x7FF5
[682] [M]: 0x0000000080000A94 (0x7FF58593) addi a1, a1, 0x7ff
x11 <- 0xFFFFFF7FFFFBFFFF

mem[X,0x0000000080000A98] -> 0x9593
mem[X,0x0000000080000A9A] -> 0x00B5
[683] [M]: 0x0000000080000A98 (0x00B59593) slli a1, a1, 0xb
x11 <- 0xFFFBFFFFDFFFF800

mem[X,0x0000000080000A9C] -> 0x8593
mem[X,0x0000000080000A9E] -> 0x72F5
[684] [M]: 0x0000000080000A9C (0x72F58593) addi a1, a1, 0x72f
x11 <- 0xFFFBFFFFDFFFFF2F

mem[X,0x0000000080000AA0] -> 0x9593
mem[X,0x0000000080000AA2] -> 0x00A5
[685] [M]: 0x0000000080000AA0 (0x00A59593) slli a1, a1, 0xa
x11 <- 0xEFFFFF7FFFFCBC00

mem[X,0x0000000080000AA4] -> 0x8593
mem[X,0x0000000080000AA6] -> 0x3FF5
[686] [M]: 0x0000000080000AA4 (0x3FF58593) addi a1, a1, 0x3ff
x11 <- 0xEFFFFF7FFFFCBFFF

mem[X,0x0000000080000AA8] -> 0x74BB
mem[X,0x0000000080000AAA] -> 0xBCB6
[687] [M]: 0x0000000080000AA8 (0xBCB674BB) pmhaccsu.h.bo s1, a2, a1
x9 <- 0x0053FE7E013E0072

mem[X,0x0000000080000AAC] -> 0x3C23
mem[X,0x0000000080000AAE] -> 0x0692
[688] [M]: 0x0000000080000AAC (0x06923C23) sd s1, 0x78(tp)
mem[0x0000000080004210] <- 0x0053FE7E013E0072

mem[X,0x0000000080000AB0] -> 0x0013
mem[X,0x0000000080000AB2] -> 0x0000
[689] [M]: 0x0000000080000AB0 (0x00000013) addi zero, zero, 0x0

mem[X,0x0000000080000AB4] -> 0x0013
mem[X,0x0000000080000AB6] -> 0x0000
[690] [M]: 0x0000000080000AB4 (0x00000013) addi zero, zero, 0x0

mem[X,0x0000000080000AB8] -> 0x0013
mem[X,0x0000000080000ABA] -> 0x0000
[691] [M]: 0x0000000080000AB8 (0x00000013) addi zero, zero, 0x0

mem[X,0x0000000080000ABC] -> 0x0013
mem[X,0x0000000080000ABE] -> 0x0000
[692] [M]: 0x0000000080000ABC (0x00000013) addi zero, zero, 0x0

mem[X,0x0000000080000AC0] -> 0x3097
mem[X,0x0000000080000AC2] -> 0x0000
[693] [M]: 0x0000000080000AC0 (0x00003097) auipc ra, 0x3
x1 <- 0x0000000080003AC0

mem[X,0x0000000080000AC4] -> 0x8093
mem[X,0x0000000080000AC6] -> 0x7580
[694] [M]: 0x0000000080000AC4 (0x75808093) addi ra, ra, 0x758
x1 <- 0x0000000080004218

mem[X,0x0000000080000AC8] -> 0x0013
mem[X,0x0000000080000ACA] -> 0x0000
[695] [M]: 0x0000000080000AC8 (0x00000013) addi zero, zero, 0x0

mem[X,0x0000000080000ACC] -> 0x0013
mem[X,0x0000000080000ACE] -> 0x0000
[696] [M]: 0x0000000080000ACC (0x00000013) addi zero, zero, 0x0

mem[X,0x0000000080000AD0] -> 0x0013
mem[X,0x0000000080000AD2] -> 0x0000
[697] [M]: 0x0000000080000AD0 (0x00000013) addi zero, zero, 0x0

mem[X,0x0000000080000AD4] -> 0x0013
mem[X,0x0000000080000AD6] -> 0x0000
[698] [M]: 0x0000000080000AD4 (0x00000013) addi zero, zero, 0x0

mem[X,0x0000000080000AD8] -> 0x0013
mem[X,0x0000000080000ADA] -> 0x0000
[699] [M]: 0x0000000080000AD8 (0x00000013) addi zero, zero, 0x0

clint::tick mtime <- 0x0000000000000007
 clint timer pending at mtime 0x0000000000000007
htif::tick 0x0000000000000000
mem[X,0x0000000080000ADC] -> 0x0013
mem[X,0x0000000080000ADE] -> 0x0000
[700] [M]: 0x0000000080000ADC (0x00000013) addi zero, zero, 0x0

mem[X,0x0000000080000AE0] -> 0x1F37
mem[X,0x0000000080000AE2] -> 0xDFFF
[701] [M]: 0x0000000080000AE0 (0xDFFF1F37) lui t5, -0x2000f
x30 <- 0xFFFFFFFFDFFF1000

mem[X,0x0000000080000AE4] -> 0x0F13
mem[X,0x0000000080000AE6] -> 0x000F
[702] [M]: 0x0000000080000AE4 (0x000F0F13) addi t5, t5, 0x0
x30 <- 0xFFFFFFFFDFFF1000

mem[X,0x0000000080000AE8] -> 0x1F13
mem[X,0x0000000080000AEA] -> 0x00BF
[703] [M]: 0x0000000080000AE8 (0x00BF1F13) slli t5, t5, 0xb
x30 <- 0xFFFFFEFFF8800000

mem[X,0x0000000080000AEC] -> 0x0F13
mem[X,0x0000000080000AEE] -> 0x000F
[704] [M]: 0x0000000080000AEC (0x000F0F13) addi t5, t5, 0x0
x30 <- 0xFFFFFEFFF8800000

mem[X,0x0000000080000AF0] -> 0x1F13
mem[X,0x0000000080000AF2] -> 0x00BF
[705] [M]: 0x0000000080000AF0 (0x00BF1F13) slli t5, t5, 0xb
x30 <- 0xFFF7FFC400000000

mem[X,0x0000000080000AF4] -> 0x0F13
mem[X,0x0000000080000AF6] -> 0x1F7F
[706] [M]: 0x0000000080000AF4 (0x1F7F0F13) addi t5, t5, 0x1f7
x30 <- 0xFFF7FFC4000001F7

mem[X,0x0000000080000AF8] -> 0x1F13
mem[X,0x0000000080000AFA] -> 0x00AF
[707] [M]: 0x0000000080000AF8 (0x00AF1F13) slli t5, t5, 0xa
x30 <- 0xDFFF10000007DC00

mem[X,0x0000000080000AFC] -> 0x0F13
mem[X,0x0000000080000AFE] -> 0x3FFF
[708] [M]: 0x0000000080000AFC (0x3FFF0F13) addi t5, t5, 0x3ff
x30 <- 0xDFFF10000007DFFF

mem[X,0x0000000080000B00] -> 0xEEB7
mem[X,0x0000000080000B02] -> 0xEFFF
[709] [M]: 0x0000000080000B00 (0xEFFFEEB7) lui t4, -0x10002
x29 <- 0xFFFFFFFFEFFFE000

mem[X,0x0000000080000B04] -> 0x8E93
mem[X,0x0000000080000B06] -> 0xFFFE
[710] [M]: 0x0000000080000B04 (0xFFFE8E93) addi t4, t4, -0x1
x29 <- 0xFFFFFFFFEFFFDFFF

mem[X,0x0000000080000B08] -> 0x9E93
mem[X,0x0000000080000B0A] -> 0x00BE
[711] [M]: 0x0000000080000B08 (0x00BE9E93) slli t4, t4, 0xb
x29 <- 0xFFFFFF7FFEFFF800

mem[X,0x0000000080000B0C] -> 0x8E93
mem[X,0x0000000080000B0E] -> 0x7FFE
[712] [M]: 0x0000000080000B0C (0x7FFE8E93) addi t4, t4, 0x7ff
x29 <- 0xFFFFFF7FFEFFFFFF

mem[X,0x0000000080000B10] -> 0x9E93
mem[X,0x0000000080000B12] -> 0x00BE
[713] [M]: 0x0000000080000B10 (0x00BE9E93) slli t4, t4, 0xb
x29 <- 0xFFFBFFF7FFFFF800

mem[X,0x0000000080000B14] -> 0x8E93
mem[X,0x0000000080000B16] -> 0x680E
[714] [M]: 0x0000000080000B14 (0x680E8E93) addi t4, t4, 0x680
x29 <- 0xFFFBFFF7FFFFFE80

mem[X,0x0000000080000B18] -> 0x9E93
mem[X,0x0000000080000B1A] -> 0x00AE
[715] [M]: 0x0000000080000B18 (0x00AE9E93) slli t4, t4, 0xa
x29 <- 0xEFFFDFFFFFFA0000

mem[X,0x0000000080000B1C] -> 0x8E93
mem[X,0x0000000080000B1E] -> 0x200E
[716] [M]: 0x0000000080000B1C (0x200E8E93) addi t4, t4, 0x200
x29 <- 0xEFFFDFFFFFFA0200

mem[X,0x0000000080000B20] -> 0x7FBB
mem[X,0x0000000080000B22] -> 0xBDDF
[717] [M]: 0x0000000080000B20 (0xBDDF7FBB) pmhaccsu.h.bo t6, t5, t4
x31 <- 0x00DAFE0C00000005

mem[X,0x0000000080000B24] -> 0xB023
mem[X,0x0000000080000B26] -> 0x01F0
[718] [M]: 0x0000000080000B24 (0x01F0B023) sd t6, 0x0(ra)
mem[0x0000000080004218] <- 0x00DAFE0C00000005

mem[X,0x0000000080000B28] -> 0xCF37
mem[X,0x0000000080000B2A] -> 0x0009
[719] [M]: 0x0000000080000B28 (0x0009CF37) lui t5, 0x9c
x30 <- 0x000000000009C000

mem[X,0x0000000080000B2C] -> 0x0F13
mem[X,0x0000000080000B2E] -> 0x000F
[720] [M]: 0x0000000080000B2C (0x000F0F13) addi t5, t5, 0x0
x30 <- 0x000000000009C000

mem[X,0x0000000080000B30] -> 0x1F13
mem[X,0x0000000080000B32] -> 0x00BF
[721] [M]: 0x0000000080000B30 (0x00BF1F13) slli t5, t5, 0xb
x30 <- 0x000000004E000000

mem[X,0x0000000080000B34] -> 0x0F13
mem[X,0x0000000080000B36] -> 0x000F
[722] [M]: 0x0000000080000B34 (0x000F0F13) addi t5, t5, 0x0
x30 <- 0x000000004E000000

mem[X,0x0000000080000B38] -> 0x1F13
mem[X,0x0000000080000B3A] -> 0x00BF
[723] [M]: 0x0000000080000B38 (0x00BF1F13) slli t5, t5, 0xb
x30 <- 0x0000027000000000

mem[X,0x0000000080000B3C] -> 0x0F13
mem[X,0x0000000080000B3E] -> 0x26FF
[724] [M]: 0x0000000080000B3C (0x26FF0F13) addi t5, t5, 0x26f
x30 <- 0x000002700000026F

mem[X,0x0000000080000B40] -> 0x1F13
mem[X,0x0000000080000B42] -> 0x00AF
[725] [M]: 0x0000000080000B40 (0x00AF1F13) slli t5, t5, 0xa
x30 <- 0x0009C0000009BC00

mem[X,0x0000000080000B44] -> 0x0F13
mem[X,0x0000000080000B46] -> 0x3FFF
[726] [M]: 0x0000000080000B44 (0x3FFF0F13) addi t5, t5, 0x3ff
x30 <- 0x0009C0000009BFFF

mem[X,0x0000000080000B48] -> 0xCEB7
mem[X,0x0000000080000B4A] -> 0x8000
[727] [M]: 0x0000000080000B48 (0x8000CEB7) lui t4, -0x7fff4
x29 <- 0xFFFFFFFF8000C000

mem[X,0x0000000080000B4C] -> 0x8E93
mem[X,0x0000000080000B4E] -> 0xFFFE
[728] [M]: 0x0000000080000B4C (0xFFFE8E93) addi t4, t4, -0x1
x29 <- 0xFFFFFFFF8000BFFF

mem[X,0x0000000080000B50] -> 0x9E93
mem[X,0x0000000080000B52] -> 0x00BE
[729] [M]: 0x0000000080000B50 (0x00BE9E93) slli t4, t4, 0xb
x29 <- 0xFFFFFC0005FFF800

mem[X,0x0000000080000B54] -> 0x8E93
mem[X,0x0000000080000B56] -> 0x000E
[730] [M]: 0x0000000080000B54 (0x000E8E93) addi t4, t4, 0x0
x29 <- 0xFFFFFC0005FFF800

mem[X,0x0000000080000B58] -> 0x9E93
mem[X,0x0000000080000B5A] -> 0x00BE
[731] [M]: 0x0000000080000B58 (0x00BE9E93) slli t4, t4, 0xb
x29 <- 0xFFE0002FFFC00000

mem[X,0x0000000080000B5C] -> 0x8E93
mem[X,0x0000000080000B5E] -> 0x0FFE
[732] [M]: 0x0000000080000B5C (0x0FFE8E93) addi t4, t4, 0xff
x29 <- 0xFFE0002FFFC000FF

mem[X,0x0000000080000B60] -> 0x9E93
mem[X,0x0000000080000B62] -> 0x00AE
[733] [M]: 0x0000000080000B60 (0x00AE9E93) slli t4, t4, 0xa
x29 <- 0x8000BFFF0003FC00

mem[X,0x0000000080000B64] -> 0x8E93
mem[X,0x0000000080000B66] -> 0x3EFE
[734] [M]: 0x0000000080000B64 (0x3EFE8E93) addi t4, t4, 0x3ef
x29 <- 0x8000BFFF0003FFEF

mem[X,0x0000000080000B68] -> 0x7FBB
mem[X,0x0000000080000B6A] -> 0xBDDF
[735] [M]: 0x0000000080000B68 (0xBDDF7FBB) pmhaccsu.h.bo t6, t5, t4
x31 <- 0x00DAFE9B000000C4

mem[X,0x0000000080000B6C] -> 0xB423
mem[X,0x0000000080000B6E] -> 0x01F0
[736] [M]: 0x0000000080000B6C (0x01F0B423) sd t6, 0x8(ra)
mem[0x0000000080004220] <- 0x00DAFE9B000000C4

mem[X,0x0000000080000B70] -> 0x0F37
mem[X,0x0000000080000B72] -> 0x0000
[737] [M]: 0x0000000080000B70 (0x00000F37) lui t5, 0x0
x30 <- 0x0000000000000000

mem[X,0x0000000080000B74] -> 0x0F13
mem[X,0x0000000080000B76] -> 0xFEFF
[738] [M]: 0x0000000080000B74 (0xFEFF0F13) addi t5, t5, -0x11
x30 <- 0xFFFFFFFFFFFFFFEF

mem[X,0x0000000080000B78] -> 0x1F13
mem[X,0x0000000080000B7A] -> 0x00BF
[739] [M]: 0x0000000080000B78 (0x00BF1F13) slli t5, t5, 0xb
x30 <- 0xFFFFFFFFFFFF7800

mem[X,0x0000000080000B7C] -> 0x0F13
mem[X,0x0000000080000B7E] -> 0x000F
[740] [M]: 0x0000000080000B7C (0x000F0F13) addi t5, t5, 0x0
x30 <- 0xFFFFFFFFFFFF7800

mem[X,0x0000000080000B80] -> 0x1F13
mem[X,0x0000000080000B82] -> 0x00BF
[741] [M]: 0x0000000080000B80 (0x00BF1F13) slli t5, t5, 0xb
x30 <- 0xFFFFFFFFFBC00000

mem[X,0x0000000080000B84] -> 0x0F13
mem[X,0x0000000080000B86] -> 0x415F
[742] [M]: 0x0000000080000B84 (0x415F0F13) addi t5, t5, 0x415
x30 <- 0xFFFFFFFFFBC00415

mem[X,0x0000000080000B88] -> 0x1F13
mem[X,0x0000000080000B8A] -> 0x00AF
[743] [M]: 0x0000000080000B88 (0x00AF1F13) slli t5, t5, 0xa
x30 <- 0xFFFFFFEF00105400

mem[X,0x0000000080000B8C] -> 0x0F13
mem[X,0x0000000080000B8E] -> 0x155F
[744] [M]: 0x0000000080000B8C (0x155F0F13) addi t5, t5, 0x155
x30 <- 0xFFFFFFEF00105555

mem[X,0x0000000080000B90] -> 0xFEB7
mem[X,0x0000000080000B92] -> 0xFFFF
[745] [M]: 0x0000000080000B90 (0xFFFFFEB7) lui t4, -0x1
x29 <- 0xFFFFFFFFFFFFF000

mem[X,0x0000000080000B94] -> 0x8E93
mem[X,0x0000000080000B96] -> 0xFFFE
[746] [M]: 0x0000000080000B94 (0xFFFE8E93) addi t4, t4, -0x1
x29 <- 0xFFFFFFFFFFFFEFFF

mem[X,0x0000000080000B98] -> 0x9E93
mem[X,0x0000000080000B9A] -> 0x00BE
[747] [M]: 0x0000000080000B98 (0x00BE9E93) slli t4, t4, 0xb
x29 <- 0xFFFFFFFFFF7FF800

mem[X,0x0000000080000B9C] -> 0x8E93
mem[X,0x0000000080000B9E] -> 0x040E
[748] [M]: 0x0000000080000B9C (0x040E8E93) addi t4, t4, 0x40
x29 <- 0xFFFFFFFFFF7FF840

mem[X,0x0000000080000BA0] -> 0x9E93
mem[X,0x0000000080000BA2] -> 0x00BE
[749] [M]: 0x0000000080000BA0 (0x00BE9E93) slli t4, t4, 0xb
x29 <- 0xFFFFFFFBFFC20000

mem[X,0x0000000080000BA4] -> 0x8E93
mem[X,0x0000000080000BA6] -> 0x000E
[750] [M]: 0x0000000080000BA4 (0x000E8E93) addi t4, t4, 0x0
x29 <- 0xFFFFFFFBFFC20000

mem[X,0x0000000080000BA8] -> 0x9E93
mem[X,0x0000000080000BAA] -> 0x00AE
[751] [M]: 0x0000000080000BA8 (0x00AE9E93) slli t4, t4, 0xa
x29 <- 0xFFFFEFFF08000000

mem[X,0x0000000080000BAC] -> 0x8E93
mem[X,0x0000000080000BAE] -> 0x002E
[752] [M]: 0x0000000080000BAC (0x002E8E93) addi t4, t4, 0x2
x29 <- 0xFFFFEFFF08000002

mem[X,0x0000000080000BB0] -> 0x7FBB
mem[X,0x0000000080000BB2] -> 0xBDDF
[753] [M]: 0x0000000080000BB0 (0xBDDF7FBB) pmhaccsu.h.bo t6, t5, t4
x31 <- 0x01D8FF89000000C4

mem[X,0x0000000080000BB4] -> 0xB823
mem[X,0x0000000080000BB6] -> 0x01F0
[754] [M]: 0x0000000080000BB4 (0x01F0B823) sd t6, 0x10(ra)
mem[0x0000000080004228] <- 0x01D8FF89000000C4

mem[X,0x0000000080000BB8] -> 0x0F37
mem[X,0x0000000080000BBA] -> 0xFFFD
[755] [M]: 0x0000000080000BB8 (0xFFFD0F37) lui t5, -0x30
x30 <- 0xFFFFFFFFFFFD0000

mem[X,0x0000000080000BBC] -> 0x0F13
mem[X,0x0000000080000BBE] -> 0x020F
[756] [M]: 0x0000000080000BBC (0x020F0F13) addi t5, t5, 0x20
x30 <- 0xFFFFFFFFFFFD0020

mem[X,0x0000000080000BC0] -> 0x1F13
mem[X,0x0000000080000BC2] -> 0x00BF
[757] [M]: 0x0000000080000BC0 (0x00BF1F13) slli t5, t5, 0xb
x30 <- 0xFFFFFFFFE8010000

mem[X,0x0000000080000BC4] -> 0x0F13
mem[X,0x0000000080000BC6] -> 0x000F
[758] [M]: 0x0000000080000BC4 (0x000F0F13) addi t5, t5, 0x0
x30 <- 0xFFFFFFFFE8010000

mem[X,0x0000000080000BC8] -> 0x1F13
mem[X,0x0000000080000BCA] -> 0x00BF
[759] [M]: 0x0000000080000BC8 (0x00BF1F13) slli t5, t5, 0xb
x30 <- 0xFFFFFF4008000000

mem[X,0x0000000080000BCC] -> 0x0F13
mem[X,0x0000000080000BCE] -> 0x1AAF
[760] [M]: 0x0000000080000BCC (0x1AAF0F13) addi t5, t5, 0x1aa
x30 <- 0xFFFFFF40080001AA

mem[X,0x0000000080000BD0] -> 0x1F13
mem[X,0x0000000080000BD2] -> 0x00AF
[761] [M]: 0x0000000080000BD0 (0x00AF1F13) slli t5, t5, 0xa
x30 <- 0xFFFD00200006A800

mem[X,0x0000000080000BD4] -> 0x0F13
mem[X,0x0000000080000BD6] -> 0x2AAF
[762] [M]: 0x0000000080000BD4 (0x2AAF0F13) addi t5, t5, 0x2aa
x30 <- 0xFFFD00200006AAAA

mem[X,0x0000000080000BD8] -> 0x0EB7
mem[X,0x0000000080000BDA] -> 0xFFFA
[763] [M]: 0x0000000080000BD8 (0xFFFA0EB7) lui t4, -0x60
x29 <- 0xFFFFFFFFFFFA0000

mem[X,0x0000000080000BDC] -> 0x8E93
mem[X,0x0000000080000BDE] -> 0x001E
[764] [M]: 0x0000000080000BDC (0x001E8E93) addi t4, t4, 0x1
x29 <- 0xFFFFFFFFFFFA0001

mem[X,0x0000000080000BE0] -> 0x9E93
mem[X,0x0000000080000BE2] -> 0x00BE
[765] [M]: 0x0000000080000BE0 (0x00BE9E93) slli t4, t4, 0xb
x29 <- 0xFFFFFFFFD0000800

mem[X,0x0000000080000BE4] -> 0x8E93
mem[X,0x0000000080000BE6] -> 0x7FDE
[766] [M]: 0x0000000080000BE4 (0x7FDE8E93) addi t4, t4, 0x7fd
x29 <- 0xFFFFFFFFD0000FFD

mem[X,0x0000000080000BE8] -> 0x9E93
mem[X,0x0000000080000BEA] -> 0x00BE
[767] [M]: 0x0000000080000BE8 (0x00BE9E93) slli t4, t4, 0xb
x29 <- 0xFFFFFE80007FE800

mem[X,0x0000000080000BEC] -> 0x8E93
mem[X,0x0000000080000BEE] -> 0x7C0E
[768] [M]: 0x0000000080000BEC (0x7C0E8E93) addi t4, t4, 0x7c0
x29 <- 0xFFFFFE80007FEFC0

mem[X,0x0000000080000BF0] -> 0x9E93
mem[X,0x0000000080000BF2] -> 0x00AE
[769] [M]: 0x0000000080000BF0 (0x00AE9E93) slli t4, t4, 0xa
x29 <- 0xFFFA0001FFBF0000

mem[X,0x0000000080000BF4] -> 0x8E93
mem[X,0x0000000080000BF6] -> 0x010E
[770] [M]: 0x0000000080000BF4 (0x010E8E93) addi t4, t4, 0x10
x29 <- 0xFFFA0001FFBF0010

mem[X,0x0000000080000BF8] -> 0x7FBB
mem[X,0x0000000080000BFA] -> 0xBDDF
[771] [M]: 0x0000000080000BF8 (0xBDDF7FBB) pmhaccsu.h.bo t6, t5, t4
x31 <- 0x02D6FF89000000C4

mem[X,0x0000000080000BFC] -> 0xBC23
mem[X,0x0000000080000BFE] -> 0x01F0
[772] [M]: 0x0000000080000BFC (0x01F0BC23) sd t6, 0x18(ra)
mem[0x0000000080004230] <- 0x02D6FF89000000C4

mem[X,0x0000000080000C00] -> 0x0F37
mem[X,0x0000000080000C02] -> 0xE000
[773] [M]: 0x0000000080000C00 (0xE0000F37) lui t5, -0x20000
x30 <- 0xFFFFFFFFE0000000

mem[X,0x0000000080000C04] -> 0x0F13
mem[X,0x0000000080000C06] -> 0xFF7F
[774] [M]: 0x0000000080000C04 (0xFF7F0F13) addi t5, t5, -0x9
x30 <- 0xFFFFFFFFDFFFFFF7

mem[X,0x0000000080000C08] -> 0x1F13
mem[X,0x0000000080000C0A] -> 0x00BF
[775] [M]: 0x0000000080000C08 (0x00BF1F13) slli t5, t5, 0xb
x30 <- 0xFFFFFEFFFFFFB800

mem[X,0x0000000080000C0C] -> 0x0F13
mem[X,0x0000000080000C0E] -> 0x600F
[776] [M]: 0x0000000080000C0C (0x600F0F13) addi t5, t5, 0x600
x30 <- 0xFFFFFEFFFFFFBE00

mem[X,0x0000000080000C10] -> 0x1F13
mem[X,0x0000000080000C12] -> 0x00BF
[777] [M]: 0x0000000080000C10 (0x00BF1F13) slli t5, t5, 0xb
x30 <- 0xFFF7FFFFFDF00000

mem[X,0x0000000080000C14] -> 0x0F13
mem[X,0x0000000080000C16] -> 0x000F
[778] [M]: 0x0000000080000C14 (0x000F0F13) addi t5, t5, 0x0
x30 <- 0xFFF7FFFFFDF00000

mem[X,0x0000000080000C18] -> 0x1F13
mem[X,0x0000000080000C1A] -> 0x00AF
[779] [M]: 0x0000000080000C18 (0x00AF1F13) slli t5, t5, 0xa
x30 <- 0xDFFFFFF7C0000000

mem[X,0x0000000080000C1C] -> 0x0F13
mem[X,0x0000000080000C1E] -> 0x003F
[780] [M]: 0x0000000080000C1C (0x003F0F13) addi t5, t5, 0x3
x30 <- 0xDFFFFFF7C0000003

mem[X,0x0000000080000C20] -> 0xCEB7
mem[X,0x0000000080000C22] -> 0x7FFF
[781] [M]: 0x0000000080000C20 (0x7FFFCEB7) lui t4, 0x7fffc
x29 <- 0x000000007FFFC000

mem[X,0x0000000080000C24] -> 0x8E93
mem[X,0x0000000080000C26] -> 0xFFFE
[782] [M]: 0x0000000080000C24 (0xFFFE8E93) addi t4, t4, -0x1
x29 <- 0x000000007FFFBFFF

mem[X,0x0000000080000C28] -> 0x9E93
mem[X,0x0000000080000C2A] -> 0x00BE
[783] [M]: 0x0000000080000C28 (0x00BE9E93) slli t4, t4, 0xb
x29 <- 0x000003FFFDFFF800

mem[X,0x0000000080000C2C] -> 0x8E93
mem[X,0x0000000080000C2E] -> 0x010E
[784] [M]: 0x0000000080000C2C (0x010E8E93) addi t4, t4, 0x10
x29 <- 0x000003FFFDFFF810

mem[X,0x0000000080000C30] -> 0x9E93
mem[X,0x0000000080000C32] -> 0x00BE
[785] [M]: 0x0000000080000C30 (0x00BE9E93) slli t4, t4, 0xb
x29 <- 0x001FFFEFFFC08000

mem[X,0x0000000080000C34] -> 0x8E93
mem[X,0x0000000080000C36] -> 0x020E
[786] [M]: 0x0000000080000C34 (0x020E8E93) addi t4, t4, 0x20
x29 <- 0x001FFFEFFFC08020

mem[X,0x0000000080000C38] -> 0x9E93
mem[X,0x0000000080000C3A] -> 0x00AE
[787] [M]: 0x0000000080000C38 (0x00AE9E93) slli t4, t4, 0xa
x29 <- 0x7FFFBFFF02008000

mem[X,0x0000000080000C3C] -> 0x7FBB
mem[X,0x0000000080000C3E] -> 0xBDDF
[788] [M]: 0x0000000080000C3C (0xBDDF7FBB) pmhaccsu.h.bo t6, t5, t4
x31 <- 0x03450047000100C4

mem[X,0x0000000080000C40] -> 0xB023
mem[X,0x0000000080000C42] -> 0x03F0
[789] [M]: 0x0000000080000C40 (0x03F0B023) sd t6, 0x20(ra)
mem[0x0000000080004238] <- 0x03450047000100C4

mem[X,0x0000000080000C44] -> 0x0F37
mem[X,0x0000000080000C46] -> 0xFFFC
[790] [M]: 0x0000000080000C44 (0xFFFC0F37) lui t5, -0x40
x30 <- 0xFFFFFFFFFFFC0000

mem[X,0x0000000080000C48] -> 0x0F13
mem[X,0x0000000080000C4A] -> 0x008F
[791] [M]: 0x0000000080000C48 (0x008F0F13) addi t5, t5, 0x8
x30 <- 0xFFFFFFFFFFFC0008

mem[X,0x0000000080000C4C] -> 0x1F13
mem[X,0x0000000080000C4E] -> 0x00BF
[792] [M]: 0x0000000080000C4C (0x00BF1F13) slli t5, t5, 0xb
x30 <- 0xFFFFFFFFE0004000

mem[X,0x0000000080000C50] -> 0x0F13
mem[X,0x0000000080000C52] -> 0x7FFF
[793] [M]: 0x0000000080000C50 (0x7FFF0F13) addi t5, t5, 0x7ff
x30 <- 0xFFFFFFFFE00047FF

mem[X,0x0000000080000C54] -> 0x1F13
mem[X,0x0000000080000C56] -> 0x00BF
[794] [M]: 0x0000000080000C54 (0x00BF1F13) slli t5, t5, 0xb
x30 <- 0xFFFFFF00023FF800

mem[X,0x0000000080000C58] -> 0x0F13
mem[X,0x0000000080000C5A] -> 0x67FF
[795] [M]: 0x0000000080000C58 (0x67FF0F13) addi t5, t5, 0x67f
x30 <- 0xFFFFFF00023FFE7F

mem[X,0x0000000080000C5C] -> 0x1F13
mem[X,0x0000000080000C5E] -> 0x00AF
[796] [M]: 0x0000000080000C5C (0x00AF1F13) slli t5, t5, 0xa
x30 <- 0xFFFC0008FFF9FC00

mem[X,0x0000000080000C60] -> 0x0F13
mem[X,0x0000000080000C62] -> 0x37FF
[797] [M]: 0x0000000080000C60 (0x37FF0F13) addi t5, t5, 0x37f
x30 <- 0xFFFC0008FFF9FF7F

mem[X,0x0000000080000C64] -> 0x5EB7
mem[X,0x0000000080000C66] -> 0x0002
[798] [M]: 0x0000000080000C64 (0x00025EB7) lui t4, 0x25
x29 <- 0x0000000000025000

mem[X,0x0000000080000C68] -> 0x8E93
mem[X,0x0000000080000C6A] -> 0x555E
[799] [M]: 0x0000000080000C68 (0x555E8E93) addi t4, t4, 0x555
x29 <- 0x0000000000025555

clint::tick mtime <- 0x0000000000000008
 clint timer pending at mtime 0x0000000000000008
htif::tick 0x0000000000000000
mem[X,0x0000000080000C6C] -> 0x9E93
mem[X,0x0000000080000C6E] -> 0x00BE
[800] [M]: 0x0000000080000C6C (0x00BE9E93) slli t4, t4, 0xb
x29 <- 0x0000000012AAA800

mem[X,0x0000000080000C70] -> 0x8E93
mem[X,0x0000000080000C72] -> 0x7F7E
[801] [M]: 0x0000000080000C70 (0x7F7E8E93) addi t4, t4, 0x7f7
x29 <- 0x0000000012AAAFF7

mem[X,0x0000000080000C74] -> 0x9E93
mem[X,0x0000000080000C76] -> 0x00BE
[802] [M]: 0x0000000080000C74 (0x00BE9E93) slli t4, t4, 0xb
x29 <- 0x00000095557FB800

mem[X,0x0000000080000C78] -> 0x8E93
mem[X,0x0000000080000C7A] -> 0x7F0E
[803] [M]: 0x0000000080000C78 (0x7F0E8E93) addi t4, t4, 0x7f0
x29 <- 0x00000095557FBFF0

mem[X,0x0000000080000C7C] -> 0x9E93
mem[X,0x0000000080000C7E] -> 0x00AE
[804] [M]: 0x0000000080000C7C (0x00AE9E93) slli t4, t4, 0xa
x29 <- 0x00025555FEFFC000

mem[X,0x0000000080000C80] -> 0x7FBB
mem[X,0x0000000080000C82] -> 0xBDDF
[805] [M]: 0x0000000080000C80 (0xBDDF7FBB) pmhaccsu.h.bo t6, t5, t4
x31 <- 0x0345004700FE0183

mem[X,0x0000000080000C84] -> 0xB423
mem[X,0x0000000080000C86] -> 0x03F0
[806] [M]: 0x0000000080000C84 (0x03F0B423) sd t6, 0x28(ra)
mem[0x0000000080004240] <- 0x0345004700FE0183

mem[X,0x0000000080000C88] -> 0xEF37
mem[X,0x0000000080000C8A] -> 0x0100
[807] [M]: 0x0000000080000C88 (0x0100EF37) lui t5, 0x100e
x30 <- 0x000000000100E000

mem[X,0x0000000080000C8C] -> 0x0F13
mem[X,0x0000000080000C8E] -> 0xFFFF
[808] [M]: 0x0000000080000C8C (0xFFFF0F13) addi t5, t5, -0x1
x30 <- 0x000000000100DFFF

mem[X,0x0000000080000C90] -> 0x1F13
mem[X,0x0000000080000C92] -> 0x00BF
[809] [M]: 0x0000000080000C90 (0x00BF1F13) slli t5, t5, 0xb
x30 <- 0x0000000806FFF800

mem[X,0x0000000080000C94] -> 0x0F13
mem[X,0x0000000080000C96] -> 0x002F
[810] [M]: 0x0000000080000C94 (0x002F0F13) addi t5, t5, 0x2
x30 <- 0x0000000806FFF802

mem[X,0x0000000080000C98] -> 0x1F13
mem[X,0x0000000080000C9A] -> 0x00BF
[811] [M]: 0x0000000080000C98 (0x00BF1F13) slli t5, t5, 0xb
x30 <- 0x00004037FFC01000

mem[X,0x0000000080000C9C] -> 0x0F13
mem[X,0x0000000080000C9E] -> 0x000F
[812] [M]: 0x0000000080000C9C (0x000F0F13) addi t5, t5, 0x0
x30 <- 0x00004037FFC01000

mem[X,0x0000000080000CA0] -> 0x1F13
mem[X,0x0000000080000CA2] -> 0x00AF
[813] [M]: 0x0000000080000CA0 (0x00AF1F13) slli t5, t5, 0xa
x30 <- 0x0100DFFF00400000

mem[X,0x0000000080000CA4] -> 0x0F13
mem[X,0x0000000080000CA6] -> 0x010F
[814] [M]: 0x0000000080000CA4 (0x010F0F13) addi t5, t5, 0x10
x30 <- 0x0100DFFF00400010

mem[X,0x0000000080000CA8] -> 0x0EB7
mem[X,0x0000000080000CAA] -> 0x0010
[815] [M]: 0x0000000080000CA8 (0x00100EB7) lui t4, 0x100
x29 <- 0x0000000000100000

mem[X,0x0000000080000CAC] -> 0x8E93
mem[X,0x0000000080000CAE] -> 0x009E
[816] [M]: 0x0000000080000CAC (0x009E8E93) addi t4, t4, 0x9
x29 <- 0x0000000000100009

mem[X,0x0000000080000CB0] -> 0x9E93
mem[X,0x0000000080000CB2] -> 0x00BE
[817] [M]: 0x0000000080000CB0 (0x00BE9E93) slli t4, t4, 0xb
x29 <- 0x0000000080004800

mem[X,0x0000000080000CB4] -> 0x8E93
mem[X,0x0000000080000CB6] -> 0x004E
[818] [M]: 0x0000000080000CB4 (0x004E8E93) addi t4, t4, 0x4
x29 <- 0x0000000080004804

mem[X,0x0000000080000CB8] -> 0x9E93
mem[X,0x0000000080000CBA] -> 0x00BE
[819] [M]: 0x0000000080000CB8 (0x00BE9E93) slli t4, t4, 0xb
x29 <- 0x0000040002402000

mem[X,0x0000000080000CBC] -> 0x8E93
mem[X,0x0000000080000CBE] -> 0x03FE
[820] [M]: 0x0000000080000CBC (0x03FE8E93) addi t4, t4, 0x3f
x29 <- 0x000004000240203F

mem[X,0x0000000080000CC0] -> 0x9E93
mem[X,0x0000000080000CC2] -> 0x00AE
[821] [M]: 0x0000000080000CC0 (0x00AE9E93) slli t4, t4, 0xa
x29 <- 0x001000090080FC00

mem[X,0x0000000080000CC4] -> 0x8E93
mem[X,0x0000000080000CC6] -> 0x3EFE
[822] [M]: 0x0000000080000CC4 (0x3EFE8E93) addi t4, t4, 0x3ef
x29 <- 0x001000090080FFEF

mem[X,0x0000000080000CC8] -> 0x7FBB
mem[X,0x0000000080000CCA] -> 0xBDDF
[823] [M]: 0x0000000080000CC8 (0xBDDF7FBB) pmhaccsu.h.bo t6, t5, t4
x31 <- 0x0345004700FE0183

mem[X,0x0000000080000CCC] -> 0xB823
mem[X,0x0000000080000CCE] -> 0x03F0
[824] [M]: 0x0000000080000CCC (0x03F0B823) sd t6, 0x30(ra)
mem[0x0000000080004248] <- 0x0345004700FE0183

mem[X,0x0000000080000CD0] -> 0x0F37
mem[X,0x0000000080000CD2] -> 0x8000
[825] [M]: 0x0000000080000CD0 (0x80000F37) lui t5, -0x80000
x30 <- 0xFFFFFFFF80000000

mem[X,0x0000000080000CD4] -> 0x0F13
mem[X,0x0000000080000CD6] -> 0xFBFF
[826] [M]: 0x0000000080000CD4 (0xFBFF0F13) addi t5, t5, -0x41
x30 <- 0xFFFFFFFF7FFFFFBF

mem[X,0x0000000080000CD8] -> 0x1F13
mem[X,0x0000000080000CDA] -> 0x00BF
[827] [M]: 0x0000000080000CD8 (0x00BF1F13) slli t5, t5, 0xb
x30 <- 0xFFFFFBFFFFFDF800

mem[X,0x0000000080000CDC] -> 0x0F13
mem[X,0x0000000080000CDE] -> 0x7FFF
[828] [M]: 0x0000000080000CDC (0x7FFF0F13) addi t5, t5, 0x7ff
x30 <- 0xFFFFFBFFFFFDFFFF

mem[X,0x0000000080000CE0] -> 0x1F13
mem[X,0x0000000080000CE2] -> 0x00BF
[829] [M]: 0x0000000080000CE0 (0x00BF1F13) slli t5, t5, 0xb
x30 <- 0xFFDFFFFFEFFFF800

mem[X,0x0000000080000CE4] -> 0x0F13
mem[X,0x0000000080000CE6] -> 0x7BFF
[830] [M]: 0x0000000080000CE4 (0x7BFF0F13) addi t5, t5, 0x7bf
x30 <- 0xFFDFFFFFEFFFFFBF

mem[X,0x0000000080000CE8] -> 0x1F13
mem[X,0x0000000080000CEA] -> 0x00AF
[831] [M]: 0x0000000080000CE8 (0x00AF1F13) slli t5, t5, 0xa
x30 <- 0x7FFFFFBFFFFEFC00

mem[X,0x0000000080000CEC] -> 0x0F13
mem[X,0x0000000080000CEE] -> 0x3FBF
[832] [M]: 0x0000000080000CEC (0x3FBF0F13) addi t5, t5, 0x3fb
x30 <- 0x7FFFFFBFFFFEFFFB

mem[X,0x0000000080000CF0] -> 0x0EB7
mem[X,0x0000000080000CF2] -> 0x0020
[833] [M]: 0x0000000080000CF0 (0x00200EB7) lui t4, 0x200
x29 <- 0x0000000000200000

mem[X,0x0000000080000CF4] -> 0x8E93
mem[X,0x0000000080000CF6] -> 0x003E
[834] [M]: 0x0000000080000CF4 (0x003E8E93) addi t4, t4, 0x3
x29 <- 0x0000000000200003

mem[X,0x0000000080000CF8] -> 0x9E93
mem[X,0x0000000080000CFA] -> 0x00BE
[835] [M]: 0x0000000080000CF8 (0x00BE9E93) slli t4, t4, 0xb
x29 <- 0x0000000100001800

mem[X,0x0000000080000CFC] -> 0x8E93
mem[X,0x0000000080000CFE] -> 0x3FFE
[836] [M]: 0x0000000080000CFC (0x3FFE8E93) addi t4, t4, 0x3ff
x29 <- 0x0000000100001BFF

mem[X,0x0000000080000D00] -> 0x9E93
mem[X,0x0000000080000D02] -> 0x00BE
[837] [M]: 0x0000000080000D00 (0x00BE9E93) slli t4, t4, 0xb
x29 <- 0x0000080000DFF800

mem[X,0x0000000080000D04] -> 0x8E93
mem[X,0x0000000080000D06] -> 0x7C0E
[838] [M]: 0x0000000080000D04 (0x7C0E8E93) addi t4, t4, 0x7c0
x29 <- 0x0000080000DFFFC0

mem[X,0x0000000080000D08] -> 0x9E93
mem[X,0x0000000080000D0A] -> 0x00AE
[839] [M]: 0x0000000080000D08 (0x00AE9E93) slli t4, t4, 0xa
x29 <- 0x002000037FFF0000

mem[X,0x0000000080000D0C] -> 0x8E93
mem[X,0x0000000080000D0E] -> 0x007E
[840] [M]: 0x0000000080000D0C (0x007E8E93) addi t4, t4, 0x7
x29 <- 0x002000037FFF0007

mem[X,0x0000000080000D10] -> 0x7FBB
mem[X,0x0000000080000D12] -> 0xBDDF
[841] [M]: 0x0000000080000D10 (0xBDDF7FBB) pmhaccsu.h.bo t6, t5, t4
x31 <- 0x03450047017C0183

mem[X,0x0000000080000D14] -> 0xBC23
mem[X,0x0000000080000D16] -> 0x03F0
[842] [M]: 0x0000000080000D14 (0x03F0BC23) sd t6, 0x38(ra)
mem[0x0000000080004250] <- 0x03450047017C0183

mem[X,0x0000000080000D18] -> 0x0F37
mem[X,0x0000000080000D1A] -> 0x5555
[843] [M]: 0x0000000080000D18 (0x55550F37) lui t5, 0x55550
x30 <- 0x0000000055550000

mem[X,0x0000000080000D1C] -> 0x0F13
mem[X,0x0000000080000D1E] -> 0x080F
[844] [M]: 0x0000000080000D1C (0x080F0F13) addi t5, t5, 0x80
x30 <- 0x0000000055550080

mem[X,0x0000000080000D20] -> 0x1F13
mem[X,0x0000000080000D22] -> 0x00BF
[845] [M]: 0x0000000080000D20 (0x00BF1F13) slli t5, t5, 0xb
x30 <- 0x000002AAA8040000

mem[X,0x0000000080000D24] -> 0x0F13
mem[X,0x0000000080000D26] -> 0x040F
[846] [M]: 0x0000000080000D24 (0x040F0F13) addi t5, t5, 0x40
x30 <- 0x000002AAA8040040

mem[X,0x0000000080000D28] -> 0x1F13
mem[X,0x0000000080000D2A] -> 0x00BF
[847] [M]: 0x0000000080000D28 (0x00BF1F13) slli t5, t5, 0xb
x30 <- 0x0015554020020000

mem[X,0x0000000080000D2C] -> 0x0F13
mem[X,0x0000000080000D2E] -> 0x03FF
[848] [M]: 0x0000000080000D2C (0x03FF0F13) addi t5, t5, 0x3f
x30 <- 0x001555402002003F

mem[X,0x0000000080000D30] -> 0x1F13
mem[X,0x0000000080000D32] -> 0x00AF
[849] [M]: 0x0000000080000D30 (0x00AF1F13) slli t5, t5, 0xa
x30 <- 0x555500800800FC00

mem[X,0x0000000080000D34] -> 0x0F13
mem[X,0x0000000080000D36] -> 0x3FBF
[850] [M]: 0x0000000080000D34 (0x3FBF0F13) addi t5, t5, 0x3fb
x30 <- 0x555500800800FFFB

mem[X,0x0000000080000D38] -> 0x0EB7
mem[X,0x0000000080000D3A] -> 0x0080
[851] [M]: 0x0000000080000D38 (0x00800EB7) lui t4, 0x800
x29 <- 0x0000000000800000

mem[X,0x0000000080000D3C] -> 0x8E93
mem[X,0x0000000080000D3E] -> 0x009E
[852] [M]: 0x0000000080000D3C (0x009E8E93) addi t4, t4, 0x9
x29 <- 0x0000000000800009

mem[X,0x0000000080000D40] -> 0x9E93
mem[X,0x0000000080000D42] -> 0x00BE
[853] [M]: 0x0000000080000D40 (0x00BE9E93) slli t4, t4, 0xb
x29 <- 0x0000000400004800

mem[X,0x0000000080000D44] -> 0x8E93
mem[X,0x0000000080000D46] -> 0x004E
[854] [M]: 0x0000000080000D44 (0x004E8E93) addi t4, t4, 0x4
x29 <- 0x0000000400004804

mem[X,0x0000000080000D48] -> 0x9E93
mem[X,0x0000000080000D4A] -> 0x00BE
[855] [M]: 0x0000000080000D48 (0x00BE9E93) slli t4, t4, 0xb
x29 <- 0x0000200002402000

mem[X,0x0000000080000D4C] -> 0x8E93
mem[X,0x0000000080000D4E] -> 0x03FE
[856] [M]: 0x0000000080000D4C (0x03FE8E93) addi t4, t4, 0x3f
x29 <- 0x000020000240203F

mem[X,0x0000000080000D50] -> 0x9E93
mem[X,0x0000000080000D52] -> 0x00AE
[857] [M]: 0x0000000080000D50 (0x00AE9E93) slli t4, t4, 0xa
x29 <- 0x008000090080FC00

mem[X,0x0000000080000D54] -> 0x8E93
mem[X,0x0000000080000D56] -> 0x3FBE
[858] [M]: 0x0000000080000D54 (0x3FBE8E93) addi t4, t4, 0x3fb
x29 <- 0x008000090080FFFB

mem[X,0x0000000080000D58] -> 0x7FBB
mem[X,0x0000000080000D5A] -> 0xBDDF
[859] [M]: 0x0000000080000D58 (0xBDDF7FBB) pmhaccsu.h.bo t6, t5, t4
x31 <- 0x03450047017C0281

mem[X,0x0000000080000D5C] -> 0xB023
mem[X,0x0000000080000D5E] -> 0x05F0
[860] [M]: 0x0000000080000D5C (0x05F0B023) sd t6, 0x40(ra)
mem[0x0000000080004258] <- 0x03450047017C0281

mem[X,0x0000000080000D60] -> 0x0F37
mem[X,0x0000000080000D62] -> 0x0001
[861] [M]: 0x0000000080000D60 (0x00010F37) lui t5, 0x10
x30 <- 0x0000000000010000

mem[X,0x0000000080000D64] -> 0x0F13
mem[X,0x0000000080000D66] -> 0xFBFF
[862] [M]: 0x0000000080000D64 (0xFBFF0F13) addi t5, t5, -0x41
x30 <- 0x000000000000FFBF

mem[X,0x0000000080000D68] -> 0x1F13
mem[X,0x0000000080000D6A] -> 0x00BF
[863] [M]: 0x0000000080000D68 (0x00BF1F13) slli t5, t5, 0xb
x30 <- 0x0000000007FDF800

mem[X,0x0000000080000D6C] -> 0x0F13
mem[X,0x0000000080000D6E] -> 0x004F
[864] [M]: 0x0000000080000D6C (0x004F0F13) addi t5, t5, 0x4
x30 <- 0x0000000007FDF804

mem[X,0x0000000080000D70] -> 0x1F13
mem[X,0x0000000080000D72] -> 0x00BF
[865] [M]: 0x0000000080000D70 (0x00BF1F13) slli t5, t5, 0xb
x30 <- 0x0000003FEFC02000

mem[X,0x0000000080000D74] -> 0x0F13
mem[X,0x0000000080000D76] -> 0x000F
[866] [M]: 0x0000000080000D74 (0x000F0F13) addi t5, t5, 0x0
x30 <- 0x0000003FEFC02000

mem[X,0x0000000080000D78] -> 0x1F13
mem[X,0x0000000080000D7A] -> 0x00AF
[867] [M]: 0x0000000080000D78 (0x00AF1F13) slli t5, t5, 0xa
x30 <- 0x0000FFBF00800000

mem[X,0x0000000080000D7C] -> 0x0F13
mem[X,0x0000000080000D7E] -> 0x010F
[868] [M]: 0x0000000080000D7C (0x010F0F13) addi t5, t5, 0x10
x30 <- 0x0000FFBF00800010

mem[X,0x0000000080000D80] -> 0x0EB7
mem[X,0x0000000080000D82] -> 0x0101
[869] [M]: 0x0000000080000D80 (0x01010EB7) lui t4, 0x1010
x29 <- 0x0000000001010000

mem[X,0x0000000080000D84] -> 0x8E93
mem[X,0x0000000080000D86] -> 0xFFEE
[870] [M]: 0x0000000080000D84 (0xFFEE8E93) addi t4, t4, -0x2
x29 <- 0x000000000100FFFE

mem[X,0x0000000080000D88] -> 0x9E93
mem[X,0x0000000080000D8A] -> 0x00BE
[871] [M]: 0x0000000080000D88 (0x00BE9E93) slli t4, t4, 0xb
x29 <- 0x0000000807FFF000

mem[X,0x0000000080000D8C] -> 0x8E93
mem[X,0x0000000080000D8E] -> 0x7FFE
[872] [M]: 0x0000000080000D8C (0x7FFE8E93) addi t4, t4, 0x7ff
x29 <- 0x0000000807FFF7FF

mem[X,0x0000000080000D90] -> 0x9E93
mem[X,0x0000000080000D92] -> 0x00BE
[873] [M]: 0x0000000080000D90 (0x00BE9E93) slli t4, t4, 0xb
x29 <- 0x0000403FFFBFF800

mem[X,0x0000000080000D94] -> 0x8E93
mem[X,0x0000000080000D96] -> 0x6FFE
[874] [M]: 0x0000000080000D94 (0x6FFE8E93) addi t4, t4, 0x6ff
x29 <- 0x0000403FFFBFFEFF

mem[X,0x0000000080000D98] -> 0x9E93
mem[X,0x0000000080000D9A] -> 0x00AE
[875] [M]: 0x0000000080000D98 (0x00AE9E93) slli t4, t4, 0xa
x29 <- 0x0100FFFEFFFBFC00

mem[X,0x0000000080000D9C] -> 0x8E93
mem[X,0x0000000080000D9E] -> 0x3FFE
[876] [M]: 0x0000000080000D9C (0x3FFE8E93) addi t4, t4, 0x3ff
x29 <- 0x0100FFFEFFFBFFFF

mem[X,0x0000000080000DA0] -> 0x7FBB
mem[X,0x0000000080000DA2] -> 0xBDDF
[877] [M]: 0x0000000080000DA0 (0xBDDF7FBB) pmhaccsu.h.bo t6, t5, t4
x31 <- 0x03450145017C0281

mem[X,0x0000000080000DA4] -> 0xB423
mem[X,0x0000000080000DA6] -> 0x05F0
[878] [M]: 0x0000000080000DA4 (0x05F0B423) sd t6, 0x48(ra)
mem[0x0000000080004260] <- 0x03450145017C0281

mem[X,0x0000000080000DA8] -> 0x0F37
mem[X,0x0000000080000DAA] -> 0x0006
[879] [M]: 0x0000000080000DA8 (0x00060F37) lui t5, 0x60
x30 <- 0x0000000000060000

mem[X,0x0000000080000DAC] -> 0x0F13
mem[X,0x0000000080000DAE] -> 0x200F
[880] [M]: 0x0000000080000DAC (0x200F0F13) addi t5, t5, 0x200
x30 <- 0x0000000000060200

mem[X,0x0000000080000DB0] -> 0x1F13
mem[X,0x0000000080000DB2] -> 0x00BF
[881] [M]: 0x0000000080000DB0 (0x00BF1F13) slli t5, t5, 0xb
x30 <- 0x0000000030100000

mem[X,0x0000000080000DB4] -> 0x0F13
mem[X,0x0000000080000DB6] -> 0x7FFF
[882] [M]: 0x0000000080000DB4 (0x7FFF0F13) addi t5, t5, 0x7ff
x30 <- 0x00000000301007FF

mem[X,0x0000000080000DB8] -> 0x1F13
mem[X,0x0000000080000DBA] -> 0x00BF
[883] [M]: 0x0000000080000DB8 (0x00BF1F13) slli t5, t5, 0xb
x30 <- 0x00000180803FF800

mem[X,0x0000000080000DBC] -> 0x0F13
mem[X,0x0000000080000DBE] -> 0x73FF
[884] [M]: 0x0000000080000DBC (0x73FF0F13) addi t5, t5, 0x73f
x30 <- 0x00000180803FFF3F

mem[X,0x0000000080000DC0] -> 0x1F13
mem[X,0x0000000080000DC2] -> 0x00AF
[885] [M]: 0x0000000080000DC0 (0x00AF1F13) slli t5, t5, 0xa
x30 <- 0x00060200FFFCFC00

mem[X,0x0000000080000DC4] -> 0x0F13
mem[X,0x0000000080000DC6] -> 0x3FAF
[886] [M]: 0x0000000080000DC4 (0x3FAF0F13) addi t5, t5, 0x3fa
x30 <- 0x00060200FFFCFFFA

mem[X,0x0000000080000DC8] -> 0x0EB7
mem[X,0x0000000080000DCA] -> 0x0201
[887] [M]: 0x0000000080000DC8 (0x02010EB7) lui t4, 0x2010
x29 <- 0x0000000002010000

mem[X,0x0000000080000DCC] -> 0x8E93
mem[X,0x0000000080000DCE] -> 0xFFDE
[888] [M]: 0x0000000080000DCC (0xFFDE8E93) addi t4, t4, -0x3
x29 <- 0x000000000200FFFD

mem[X,0x0000000080000DD0] -> 0x9E93
mem[X,0x0000000080000DD2] -> 0x00BE
[889] [M]: 0x0000000080000DD0 (0x00BE9E93) slli t4, t4, 0xb
x29 <- 0x0000001007FFE800

mem[X,0x0000000080000DD4] -> 0x8E93
mem[X,0x0000000080000DD6] -> 0x7FFE
[890] [M]: 0x0000000080000DD4 (0x7FFE8E93) addi t4, t4, 0x7ff
x29 <- 0x0000001007FFEFFF

mem[X,0x0000000080000DD8] -> 0x9E93
mem[X,0x0000000080000DDA] -> 0x00BE
[891] [M]: 0x0000000080000DD8 (0x00BE9E93) slli t4, t4, 0xb
x29 <- 0x0000803FFF7FF800

mem[X,0x0000000080000DDC] -> 0x8E93
mem[X,0x0000000080000DDE] -> 0x7C0E
[892] [M]: 0x0000000080000DDC (0x7C0E8E93) addi t4, t4, 0x7c0
x29 <- 0x0000803FFF7FFFC0

mem[X,0x0000000080000DE0] -> 0x9E93
mem[X,0x0000000080000DE2] -> 0x00AE
[893] [M]: 0x0000000080000DE0 (0x00AE9E93) slli t4, t4, 0xa
x29 <- 0x0200FFFDFFFF0000

mem[X,0x0000000080000DE4] -> 0x8E93
mem[X,0x0000000080000DE6] -> 0x002E
[894] [M]: 0x0000000080000DE4 (0x002E8E93) addi t4, t4, 0x2
x29 <- 0x0200FFFDFFFF0002

mem[X,0x0000000080000DE8] -> 0x7FBB
mem[X,0x0000000080000DEA] -> 0xBDDF
[895] [M]: 0x0000000080000DE8 (0xBDDF7FBB) pmhaccsu.h.bo t6, t5, t4
x31 <- 0x03450146027A0281

mem[X,0x0000000080000DEC] -> 0xB823
mem[X,0x0000000080000DEE] -> 0x05F0
[896] [M]: 0x0000000080000DEC (0x05F0B823) sd t6, 0x50(ra)
mem[0x0000000080004268] <- 0x03450146027A0281

mem[X,0x0000000080000DF0] -> 0x0F37
mem[X,0x0000000080000DF2] -> 0x0009
[897] [M]: 0x0000000080000DF0 (0x00090F37) lui t5, 0x90
x30 <- 0x0000000000090000

mem[X,0x0000000080000DF4] -> 0x0F13
mem[X,0x0000000080000DF6] -> 0xFF6F
[898] [M]: 0x0000000080000DF4 (0xFF6F0F13) addi t5, t5, -0xa
x30 <- 0x000000000008FFF6

mem[X,0x0000000080000DF8] -> 0x1F13
mem[X,0x0000000080000DFA] -> 0x00BF
[899] [M]: 0x0000000080000DF8 (0x00BF1F13) slli t5, t5, 0xb
x30 <- 0x0000000047FFB000

clint::tick mtime <- 0x0000000000000009
 clint timer pending at mtime 0x0000000000000009
htif::tick 0x0000000000000000
mem[X,0x0000000080000DFC] -> 0x0F13
mem[X,0x0000000080000DFE] -> 0x000F
[900] [M]: 0x0000000080000DFC (0x000F0F13) addi t5, t5, 0x0
x30 <- 0x0000000047FFB000

mem[X,0x0000000080000E00] -> 0x1F13
mem[X,0x0000000080000E02] -> 0x00BF
[901] [M]: 0x0000000080000E00 (0x00BF1F13) slli t5, t5, 0xb
x30 <- 0x0000023FFD800000

mem[X,0x0000000080000E04] -> 0x0F13
mem[X,0x0000000080000E06] -> 0x104F
[902] [M]: 0x0000000080000E04 (0x104F0F13) addi t5, t5, 0x104
x30 <- 0x0000023FFD800104

mem[X,0x0000000080000E08] -> 0x1F13
mem[X,0x0000000080000E0A] -> 0x00AF
[903] [M]: 0x0000000080000E08 (0x00AF1F13) slli t5, t5, 0xa
x30 <- 0x0008FFF600041000

mem[X,0x0000000080000E0C] -> 0x0EB7
mem[X,0x0000000080000E0E] -> 0x1001
[904] [M]: 0x0000000080000E0C (0x10010EB7) lui t4, 0x10010
x29 <- 0x0000000010010000

mem[X,0x0000000080000E10] -> 0x8E93
mem[X,0x0000000080000E12] -> 0xFF9E
[905] [M]: 0x0000000080000E10 (0xFF9E8E93) addi t4, t4, -0x7
x29 <- 0x000000001000FFF9

mem[X,0x0000000080000E14] -> 0x9E93
mem[X,0x0000000080000E16] -> 0x00BE
[906] [M]: 0x0000000080000E14 (0x00BE9E93) slli t4, t4, 0xb
x29 <- 0x0000008007FFC800

mem[X,0x0000000080000E18] -> 0x8E93
mem[X,0x0000000080000E1A] -> 0x000E
[907] [M]: 0x0000000080000E18 (0x000E8E93) addi t4, t4, 0x0
x29 <- 0x0000008007FFC800

mem[X,0x0000000080000E1C] -> 0x9E93
mem[X,0x0000000080000E1E] -> 0x00BE
[908] [M]: 0x0000000080000E1C (0x00BE9E93) slli t4, t4, 0xb
x29 <- 0x0004003FFE400000

mem[X,0x0000000080000E20] -> 0x8E93
mem[X,0x0000000080000E22] -> 0x080E
[909] [M]: 0x0000000080000E20 (0x080E8E93) addi t4, t4, 0x80
x29 <- 0x0004003FFE400080

mem[X,0x0000000080000E24] -> 0x9E93
mem[X,0x0000000080000E26] -> 0x00AE
[910] [M]: 0x0000000080000E24 (0x00AE9E93) slli t4, t4, 0xa
x29 <- 0x1000FFF900020000

mem[X,0x0000000080000E28] -> 0x8E93
mem[X,0x0000000080000E2A] -> 0x006E
[911] [M]: 0x0000000080000E28 (0x006E8E93) addi t4, t4, 0x6
x29 <- 0x1000FFF900020006

mem[X,0x0000000080000E2C] -> 0x7FBB
mem[X,0x0000000080000E2E] -> 0xBDDF
[912] [M]: 0x0000000080000E2C (0xBDDF7FBB) pmhaccsu.h.bo t6, t5, t4
x31 <- 0x03450244027A0281

mem[X,0x0000000080000E30] -> 0xBC23
mem[X,0x0000000080000E32] -> 0x05F0
[913] [M]: 0x0000000080000E30 (0x05F0BC23) sd t6, 0x58(ra)
mem[0x0000000080004270] <- 0x03450244027A0281

mem[X,0x0000000080000E34] -> 0x0F37
mem[X,0x0000000080000E36] -> 0x0000
[914] [M]: 0x0000000080000E34 (0x00000F37) lui t5, 0x0
x30 <- 0x0000000000000000

mem[X,0x0000000080000E38] -> 0x0F13
mem[X,0x0000000080000E3A] -> 0xFFDF
[915] [M]: 0x0000000080000E38 (0xFFDF0F13) addi t5, t5, -0x3
x30 <- 0xFFFFFFFFFFFFFFFD

mem[X,0x0000000080000E3C] -> 0x1F13
mem[X,0x0000000080000E3E] -> 0x00BF
[916] [M]: 0x0000000080000E3C (0x00BF1F13) slli t5, t5, 0xb
x30 <- 0xFFFFFFFFFFFFE800

mem[X,0x0000000080000E40] -> 0x0F13
mem[X,0x0000000080000E42] -> 0x000F
[917] [M]: 0x0000000080000E40 (0x000F0F13) addi t5, t5, 0x0
x30 <- 0xFFFFFFFFFFFFE800

mem[X,0x0000000080000E44] -> 0x1F13
mem[X,0x0000000080000E46] -> 0x00BF
[918] [M]: 0x0000000080000E44 (0x00BF1F13) slli t5, t5, 0xb
x30 <- 0xFFFFFFFFFF400000

mem[X,0x0000000080000E48] -> 0x0F13
mem[X,0x0000000080000E4A] -> 0x07EF
[919] [M]: 0x0000000080000E48 (0x07EF0F13) addi t5, t5, 0x7e
x30 <- 0xFFFFFFFFFF40007E

mem[X,0x0000000080000E4C] -> 0x1F13
mem[X,0x0000000080000E4E] -> 0x00AF
[920] [M]: 0x0000000080000E4C (0x00AF1F13) slli t5, t5, 0xa
x30 <- 0xFFFFFFFD0001F800

mem[X,0x0000000080000E50] -> 0x0F13
mem[X,0x0000000080000E52] -> 0x3FFF
[921] [M]: 0x0000000080000E50 (0x3FFF0F13) addi t5, t5, 0x3ff
x30 <- 0xFFFFFFFD0001FBFF

mem[X,0x0000000080000E54] -> 0x0EB7
mem[X,0x0000000080000E56] -> 0x4001
[922] [M]: 0x0000000080000E54 (0x40010EB7) lui t4, 0x40010
x29 <- 0x0000000040010000

mem[X,0x0000000080000E58] -> 0x8E93
mem[X,0x0000000080000E5A] -> 0xFF9E
[923] [M]: 0x0000000080000E58 (0xFF9E8E93) addi t4, t4, -0x7
x29 <- 0x000000004000FFF9

mem[X,0x0000000080000E5C] -> 0x9E93
mem[X,0x0000000080000E5E] -> 0x00BE
[924] [M]: 0x0000000080000E5C (0x00BE9E93) slli t4, t4, 0xb
x29 <- 0x0000020007FFC800

mem[X,0x0000000080000E60] -> 0x8E93
mem[X,0x0000000080000E62] -> 0x7FFE
[925] [M]: 0x0000000080000E60 (0x7FFE8E93) addi t4, t4, 0x7ff
x29 <- 0x0000020007FFCFFF

mem[X,0x0000000080000E64] -> 0x9E93
mem[X,0x0000000080000E66] -> 0x00BE
[926] [M]: 0x0000000080000E64 (0x00BE9E93) slli t4, t4, 0xb
x29 <- 0x0010003FFE7FF800

mem[X,0x0000000080000E68] -> 0x8E93
mem[X,0x0000000080000E6A] -> 0x7FEE
[927] [M]: 0x0000000080000E68 (0x7FEE8E93) addi t4, t4, 0x7fe
x29 <- 0x0010003FFE7FFFFE

mem[X,0x0000000080000E6C] -> 0x9E93
mem[X,0x0000000080000E6E] -> 0x00AE
[928] [M]: 0x0000000080000E6C (0x00AE9E93) slli t4, t4, 0xa
x29 <- 0x4000FFF9FFFFF800

mem[X,0x0000000080000E70] -> 0x8E93
mem[X,0x0000000080000E72] -> 0x3FFE
[929] [M]: 0x0000000080000E70 (0x3FFE8E93) addi t4, t4, 0x3ff
x29 <- 0x4000FFF9FFFFFBFF

mem[X,0x0000000080000E74] -> 0x7FBB
mem[X,0x0000000080000E76] -> 0xBDDF
[930] [M]: 0x0000000080000E74 (0xBDDF7FBB) pmhaccsu.h.bo t6, t5, t4
x31 <- 0x03840342027A0378

mem[X,0x0000000080000E78] -> 0xB023
mem[X,0x0000000080000E7A] -> 0x07F0
[931] [M]: 0x0000000080000E78 (0x07F0B023) sd t6, 0x60(ra)
mem[0x0000000080004278] <- 0x03840342027A0378

mem[X,0x0000000080000E7C] -> 0x0F37
mem[X,0x0000000080000E7E] -> 0x0005
[932] [M]: 0x0000000080000E7C (0x00050F37) lui t5, 0x50
x30 <- 0x0000000000050000

mem[X,0x0000000080000E80] -> 0x0F13
mem[X,0x0000000080000E82] -> 0x200F
[933] [M]: 0x0000000080000E80 (0x200F0F13) addi t5, t5, 0x200
x30 <- 0x0000000000050200

mem[X,0x0000000080000E84] -> 0x1F13
mem[X,0x0000000080000E86] -> 0x00BF
[934] [M]: 0x0000000080000E84 (0x00BF1F13) slli t5, t5, 0xb
x30 <- 0x0000000028100000

mem[X,0x0000000080000E88] -> 0x0F13
mem[X,0x0000000080000E8A] -> 0x1FFF
[935] [M]: 0x0000000080000E88 (0x1FFF0F13) addi t5, t5, 0x1ff
x30 <- 0x00000000281001FF

mem[X,0x0000000080000E8C] -> 0x1F13
mem[X,0x0000000080000E8E] -> 0x00BF
[936] [M]: 0x0000000080000E8C (0x00BF1F13) slli t5, t5, 0xb
x30 <- 0x00000140800FF800

mem[X,0x0000000080000E90] -> 0x0F13
mem[X,0x0000000080000E92] -> 0x7CFF
[937] [M]: 0x0000000080000E90 (0x7CFF0F13) addi t5, t5, 0x7cf
x30 <- 0x00000140800FFFCF

mem[X,0x0000000080000E94] -> 0x1F13
mem[X,0x0000000080000E96] -> 0x00AF
[938] [M]: 0x0000000080000E94 (0x00AF1F13) slli t5, t5, 0xa
x30 <- 0x000502003FFF3C00

mem[X,0x0000000080000E98] -> 0x0F13
mem[X,0x0000000080000E9A] -> 0x3FFF
[939] [M]: 0x0000000080000E98 (0x3FFF0F13) addi t5, t5, 0x3ff
x30 <- 0x000502003FFF3FFF

mem[X,0x0000000080000E9C] -> 0x0EB7
mem[X,0x0000000080000E9E] -> 0xFFFB
[940] [M]: 0x0000000080000E9C (0xFFFB0EB7) lui t4, -0x50
x29 <- 0xFFFFFFFFFFFB0000

mem[X,0x0000000080000EA0] -> 0x8E93
mem[X,0x0000000080000EA2] -> 0x007E
[941] [M]: 0x0000000080000EA0 (0x007E8E93) addi t4, t4, 0x7
x29 <- 0xFFFFFFFFFFFB0007

mem[X,0x0000000080000EA4] -> 0x9E93
mem[X,0x0000000080000EA6] -> 0x00BE
[942] [M]: 0x0000000080000EA4 (0x00BE9E93) slli t4, t4, 0xb
x29 <- 0xFFFFFFFFD8003800

mem[X,0x0000000080000EA8] -> 0x8E93
mem[X,0x0000000080000EAA] -> 0x7FFE
[943] [M]: 0x0000000080000EA8 (0x7FFE8E93) addi t4, t4, 0x7ff
x29 <- 0xFFFFFFFFD8003FFF

mem[X,0x0000000080000EAC] -> 0x9E93
mem[X,0x0000000080000EAE] -> 0x00BE
[944] [M]: 0x0000000080000EAC (0x00BE9E93) slli t4, t4, 0xb
x29 <- 0xFFFFFEC001FFF800

mem[X,0x0000000080000EB0] -> 0x8E93
mem[X,0x0000000080000EB2] -> 0x6C0E
[945] [M]: 0x0000000080000EB0 (0x6C0E8E93) addi t4, t4, 0x6c0
x29 <- 0xFFFFFEC001FFFEC0

mem[X,0x0000000080000EB4] -> 0x9E93
mem[X,0x0000000080000EB6] -> 0x00AE
[946] [M]: 0x0000000080000EB4 (0x00AE9E93) slli t4, t4, 0xa
x29 <- 0xFFFB0007FFFB0000

mem[X,0x0000000080000EB8] -> 0x7FBB
mem[X,0x0000000080000EBA] -> 0xBDDF
[947] [M]: 0x0000000080000EB8 (0xBDDF7FBB) pmhaccsu.h.bo t6, t5, t4
x31 <- 0x0384034202B90378

mem[X,0x0000000080000EBC] -> 0xB423
mem[X,0x0000000080000EBE] -> 0x07F0
[948] [M]: 0x0000000080000EBC (0x07F0B423) sd t6, 0x68(ra)
mem[0x0000000080004280] <- 0x0384034202B90378

mem[X,0x0000000080000EC0] -> 0x0F37
mem[X,0x0000000080000EC2] -> 0xC000
[949] [M]: 0x0000000080000EC0 (0xC0000F37) lui t5, -0x40000
x30 <- 0xFFFFFFFFC0000000

mem[X,0x0000000080000EC4] -> 0x0F13
mem[X,0x0000000080000EC6] -> 0x000F
[950] [M]: 0x0000000080000EC4 (0x000F0F13) addi t5, t5, 0x0
x30 <- 0xFFFFFFFFC0000000

mem[X,0x0000000080000EC8] -> 0x1F13
mem[X,0x0000000080000ECA] -> 0x00BF
[951] [M]: 0x0000000080000EC8 (0x00BF1F13) slli t5, t5, 0xb
x30 <- 0xFFFFFE0000000000

mem[X,0x0000000080000ECC] -> 0x0F13
mem[X,0x0000000080000ECE] -> 0x7F7F
[952] [M]: 0x0000000080000ECC (0x7F7F0F13) addi t5, t5, 0x7f7
x30 <- 0xFFFFFE00000007F7

mem[X,0x0000000080000ED0] -> 0x1F13
mem[X,0x0000000080000ED2] -> 0x00BF
[953] [M]: 0x0000000080000ED0 (0x00BF1F13) slli t5, t5, 0xb
x30 <- 0xFFF00000003FB800

mem[X,0x0000000080000ED4] -> 0x0F13
mem[X,0x0000000080000ED6] -> 0x7C0F
[954] [M]: 0x0000000080000ED4 (0x7C0F0F13) addi t5, t5, 0x7c0
x30 <- 0xFFF00000003FBFC0

mem[X,0x0000000080000ED8] -> 0x1F13
mem[X,0x0000000080000EDA] -> 0x00AF
[955] [M]: 0x0000000080000ED8 (0x00AF1F13) slli t5, t5, 0xa
x30 <- 0xC0000000FEFF0000

mem[X,0x0000000080000EDC] -> 0x0F13
mem[X,0x0000000080000EDE] -> 0x020F
[956] [M]: 0x0000000080000EDC (0x020F0F13) addi t5, t5, 0x20
x30 <- 0xC0000000FEFF0020

mem[X,0x0000000080000EE0] -> 0x0EB7
mem[X,0x0000000080000EE2] -> 0xFFF7
[957] [M]: 0x0000000080000EE0 (0xFFF70EB7) lui t4, -0x90
x29 <- 0xFFFFFFFFFFF70000

mem[X,0x0000000080000EE4] -> 0x8E93
mem[X,0x0000000080000EE6] -> 0x000E
[958] [M]: 0x0000000080000EE4 (0x000E8E93) addi t4, t4, 0x0
x29 <- 0xFFFFFFFFFFF70000

mem[X,0x0000000080000EE8] -> 0x9E93
mem[X,0x0000000080000EEA] -> 0x00BE
[959] [M]: 0x0000000080000EE8 (0x00BE9E93) slli t4, t4, 0xb
x29 <- 0xFFFFFFFFB8000000

mem[X,0x0000000080000EEC] -> 0x8E93
mem[X,0x0000000080000EEE] -> 0x7F7E
[960] [M]: 0x0000000080000EEC (0x7F7E8E93) addi t4, t4, 0x7f7
x29 <- 0xFFFFFFFFB80007F7

mem[X,0x0000000080000EF0] -> 0x9E93
mem[X,0x0000000080000EF2] -> 0x00BE
[961] [M]: 0x0000000080000EF0 (0x00BE9E93) slli t4, t4, 0xb
x29 <- 0xFFFFFDC0003FB800

mem[X,0x0000000080000EF4] -> 0x8E93
mem[X,0x0000000080000EF6] -> 0x7C0E
[962] [M]: 0x0000000080000EF4 (0x7C0E8E93) addi t4, t4, 0x7c0
x29 <- 0xFFFFFDC0003FBFC0

mem[X,0x0000000080000EF8] -> 0x9E93
mem[X,0x0000000080000EFA] -> 0x00AE
[963] [M]: 0x0000000080000EF8 (0x00AE9E93) slli t4, t4, 0xa
x29 <- 0xFFF70000FEFF0000

mem[X,0x0000000080000EFC] -> 0x8E93
mem[X,0x0000000080000EFE] -> 0x005E
[964] [M]: 0x0000000080000EFC (0x005E8E93) addi t4, t4, 0x5
x29 <- 0xFFF70000FEFF0005

mem[X,0x0000000080000F00] -> 0x7FBB
mem[X,0x0000000080000F02] -> 0xBDDF
[965] [M]: 0x0000000080000F00 (0xBDDF7FBB) pmhaccsu.h.bo t6, t5, t4
x31 <- 0x0443034203B60378

mem[X,0x0000000080000F04] -> 0xB823
mem[X,0x0000000080000F06] -> 0x07F0
[966] [M]: 0x0000000080000F04 (0x07F0B823) sd t6, 0x70(ra)
mem[0x0000000080004288] <- 0x0443034203B60378

mem[X,0x0000000080000F08] -> 0x8F37
mem[X,0x0000000080000F0A] -> 0xBFFF
[967] [M]: 0x0000000080000F08 (0xBFFF8F37) lui t5, -0x40008
x30 <- 0xFFFFFFFFBFFF8000

mem[X,0x0000000080000F0C] -> 0x0F13
mem[X,0x0000000080000F0E] -> 0x000F
[968] [M]: 0x0000000080000F0C (0x000F0F13) addi t5, t5, 0x0
x30 <- 0xFFFFFFFFBFFF8000

mem[X,0x0000000080000F10] -> 0x1F13
mem[X,0x0000000080000F12] -> 0x00BF
[969] [M]: 0x0000000080000F10 (0x00BF1F13) slli t5, t5, 0xb
x30 <- 0xFFFFFDFFFC000000

mem[X,0x0000000080000F14] -> 0x0F13
mem[X,0x0000000080000F16] -> 0x000F
[970] [M]: 0x0000000080000F14 (0x000F0F13) addi t5, t5, 0x0
x30 <- 0xFFFFFDFFFC000000

mem[X,0x0000000080000F18] -> 0x1F13
mem[X,0x0000000080000F1A] -> 0x00BF
[971] [M]: 0x0000000080000F18 (0x00BF1F13) slli t5, t5, 0xb
x30 <- 0xFFEFFFE000000000

mem[X,0x0000000080000F1C] -> 0x0F13
mem[X,0x0000000080000F1E] -> 0x1FFF
[972] [M]: 0x0000000080000F1C (0x1FFF0F13) addi t5, t5, 0x1ff
x30 <- 0xFFEFFFE0000001FF

mem[X,0x0000000080000F20] -> 0x1F13
mem[X,0x0000000080000F22] -> 0x00AF
[973] [M]: 0x0000000080000F20 (0x00AF1F13) slli t5, t5, 0xa
x30 <- 0xBFFF80000007FC00

mem[X,0x0000000080000F24] -> 0x0F13
mem[X,0x0000000080000F26] -> 0x3FBF
[974] [M]: 0x0000000080000F24 (0x3FBF0F13) addi t5, t5, 0x3fb
x30 <- 0xBFFF80000007FFFB

mem[X,0x0000000080000F28] -> 0x0EB7
mem[X,0x0000000080000F2A] -> 0xFFE0
[975] [M]: 0x0000000080000F28 (0xFFE00EB7) lui t4, -0x200
x29 <- 0xFFFFFFFFFFE00000

mem[X,0x0000000080000F2C] -> 0x8E93
mem[X,0x0000000080000F2E] -> 0xFDFE
[976] [M]: 0x0000000080000F2C (0xFDFE8E93) addi t4, t4, -0x21
x29 <- 0xFFFFFFFFFFDFFFDF

mem[X,0x0000000080000F30] -> 0x9E93
mem[X,0x0000000080000F32] -> 0x00BE
[977] [M]: 0x0000000080000F30 (0x00BE9E93) slli t4, t4, 0xb
x29 <- 0xFFFFFFFEFFFEF800

mem[X,0x0000000080000F34] -> 0x8E93
mem[X,0x0000000080000F36] -> 0x7FFE
[978] [M]: 0x0000000080000F34 (0x7FFE8E93) addi t4, t4, 0x7ff
x29 <- 0xFFFFFFFEFFFEFFFF

mem[X,0x0000000080000F38] -> 0x9E93
mem[X,0x0000000080000F3A] -> 0x00BE
[979] [M]: 0x0000000080000F38 (0x00BE9E93) slli t4, t4, 0xb
x29 <- 0xFFFFF7FFF7FFF800

mem[X,0x0000000080000F3C] -> 0x8E93
mem[X,0x0000000080000F3E] -> 0x71FE
[980] [M]: 0x0000000080000F3C (0x71FE8E93) addi t4, t4, 0x71f
x29 <- 0xFFFFF7FFF7FFFF1F

mem[X,0x0000000080000F40] -> 0x9E93
mem[X,0x0000000080000F42] -> 0x00AE
[981] [M]: 0x0000000080000F40 (0x00AE9E93) slli t4, t4, 0xa
x29 <- 0xFFDFFFDFFFFC7C00

mem[X,0x0000000080000F44] -> 0x8E93
mem[X,0x0000000080000F46] -> 0x3FFE
[982] [M]: 0x0000000080000F44 (0x3FFE8E93) addi t4, t4, 0x3ff
x29 <- 0xFFDFFFDFFFFC7FFF

mem[X,0x0000000080000F48] -> 0x7FBB
mem[X,0x0000000080000F4A] -> 0xBDDF
[983] [M]: 0x0000000080000F48 (0xBDDF7FBB) pmhaccsu.h.bo t6, t5, t4
x31 <- 0x050203C103B603F6

mem[X,0x0000000080000F4C] -> 0xBC23
mem[X,0x0000000080000F4E] -> 0x07F0
[984] [M]: 0x0000000080000F4C (0x07F0BC23) sd t6, 0x78(ra)
mem[0x0000000080004290] <- 0x050203C103B603F6

mem[X,0x0000000080000F50] -> 0x0F37
mem[X,0x0000000080000F52] -> 0xC000
[985] [M]: 0x0000000080000F50 (0xC0000F37) lui t5, -0x40000
x30 <- 0xFFFFFFFFC0000000

mem[X,0x0000000080000F54] -> 0x0F13
mem[X,0x0000000080000F56] -> 0x005F
[986] [M]: 0x0000000080000F54 (0x005F0F13) addi t5, t5, 0x5
x30 <- 0xFFFFFFFFC0000005

mem[X,0x0000000080000F58] -> 0x1F13
mem[X,0x0000000080000F5A] -> 0x00BF
[987] [M]: 0x0000000080000F58 (0x00BF1F13) slli t5, t5, 0xb
x30 <- 0xFFFFFE0000002800

mem[X,0x0000000080000F5C] -> 0x0F13
mem[X,0x0000000080000F5E] -> 0x7FFF
[988] [M]: 0x0000000080000F5C (0x7FFF0F13) addi t5, t5, 0x7ff
x30 <- 0xFFFFFE0000002FFF

mem[X,0x0000000080000F60] -> 0x1F13
mem[X,0x0000000080000F62] -> 0x00BF
[989] [M]: 0x0000000080000F60 (0x00BF1F13) slli t5, t5, 0xb
x30 <- 0xFFF00000017FF800

mem[X,0x0000000080000F64] -> 0x0F13
mem[X,0x0000000080000F66] -> 0x5BBF
[990] [M]: 0x0000000080000F64 (0x5BBF0F13) addi t5, t5, 0x5bb
x30 <- 0xFFF00000017FFDBB

mem[X,0x0000000080000F68] -> 0x1F13
mem[X,0x0000000080000F6A] -> 0x00AF
[991] [M]: 0x0000000080000F68 (0x00AF1F13) slli t5, t5, 0xa
x30 <- 0xC0000005FFF6EC00

mem[X,0x0000000080000F6C] -> 0x0F13
mem[X,0x0000000080000F6E] -> 0x3FFF
[992] [M]: 0x0000000080000F6C (0x3FFF0F13) addi t5, t5, 0x3ff
x30 <- 0xC0000005FFF6EFFF

mem[X,0x0000000080000F70] -> 0xFEB7
mem[X,0x0000000080000F72] -> 0xFFBF
[993] [M]: 0x0000000080000F70 (0xFFBFFEB7) lui t4, -0x401
x29 <- 0xFFFFFFFFFFBFF000

mem[X,0x0000000080000F74] -> 0x8E93
mem[X,0x0000000080000F76] -> 0x7FFE
[994] [M]: 0x0000000080000F74 (0x7FFE8E93) addi t4, t4, 0x7ff
x29 <- 0xFFFFFFFFFFBFF7FF

mem[X,0x0000000080000F78] -> 0x9E93
mem[X,0x0000000080000F7A] -> 0x00BE
[995] [M]: 0x0000000080000F78 (0x00BE9E93) slli t4, t4, 0xb
x29 <- 0xFFFFFFFDFFBFF800

mem[X,0x0000000080000F7C] -> 0x8E93
mem[X,0x0000000080000F7E] -> 0x600E
[996] [M]: 0x0000000080000F7C (0x600E8E93) addi t4, t4, 0x600
x29 <- 0xFFFFFFFDFFBFFE00

mem[X,0x0000000080000F80] -> 0x9E93
mem[X,0x0000000080000F82] -> 0x00BE
[997] [M]: 0x0000000080000F80 (0x00BE9E93) slli t4, t4, 0xb
x29 <- 0xFFFFEFFDFFF00000

mem[X,0x0000000080000F84] -> 0x8E93
mem[X,0x0000000080000F86] -> 0x03FE
[998] [M]: 0x0000000080000F84 (0x03FE8E93) addi t4, t4, 0x3f
x29 <- 0xFFFFEFFDFFF0003F

mem[X,0x0000000080000F88] -> 0x9E93
mem[X,0x0000000080000F8A] -> 0x00AE
[999] [M]: 0x0000000080000F88 (0x00AE9E93) slli t4, t4, 0xa
x29 <- 0xFFBFF7FFC000FC00

clint::tick mtime <- 0x000000000000000A
 clint timer pending at mtime 0x000000000000000A
htif::tick 0x0000000000000000
mem[X,0x0000000080000F8C] -> 0x8E93
mem[X,0x0000000080000F8E] -> 0x2FFE
[1000] [M]: 0x0000000080000F8C (0x2FFE8E93) addi t4, t4, 0x2ff
x29 <- 0xFFBFF7FFC000FEFF

mem[X,0x0000000080000F90] -> 0x7FBB
mem[X,0x0000000080000F92] -> 0xBDDF
[1001] [M]: 0x0000000080000F90 (0xBDDF7FBB) pmhaccsu.h.bo t6, t5, t4
x31 <- 0x05C103C1047504E4

mem[X,0x0000000080000F94] -> 0xB023
mem[X,0x0000000080000F96] -> 0x09F0
[1002] [M]: 0x0000000080000F94 (0x09F0B023) sd t6, 0x80(ra)
mem[0x0000000080004298] <- 0x05C103C1047504E4

mem[X,0x0000000080000F98] -> 0x0F37
mem[X,0x0000000080000F9A] -> 0x8000
[1003] [M]: 0x0000000080000F98 (0x80000F37) lui t5, -0x80000
x30 <- 0xFFFFFFFF80000000

mem[X,0x0000000080000F9C] -> 0x0F13
mem[X,0x0000000080000F9E] -> 0x007F
[1004] [M]: 0x0000000080000F9C (0x007F0F13) addi t5, t5, 0x7
x30 <- 0xFFFFFFFF80000007

mem[X,0x0000000080000FA0] -> 0x1F13
mem[X,0x0000000080000FA2] -> 0x00BF
[1005] [M]: 0x0000000080000FA0 (0x00BF1F13) slli t5, t5, 0xb
x30 <- 0xFFFFFC0000003800

mem[X,0x0000000080000FA4] -> 0x0F13
mem[X,0x0000000080000FA6] -> 0x7FBF
[1006] [M]: 0x0000000080000FA4 (0x7FBF0F13) addi t5, t5, 0x7fb
x30 <- 0xFFFFFC0000003FFB

mem[X,0x0000000080000FA8] -> 0x1F13
mem[X,0x0000000080000FAA] -> 0x00BF
[1007] [M]: 0x0000000080000FA8 (0x00BF1F13) slli t5, t5, 0xb
x30 <- 0xFFE0000001FFD800

mem[X,0x0000000080000FAC] -> 0x0F13
mem[X,0x0000000080000FAE] -> 0x7C0F
[1008] [M]: 0x0000000080000FAC (0x7C0F0F13) addi t5, t5, 0x7c0
x30 <- 0xFFE0000001FFDFC0

mem[X,0x0000000080000FB0] -> 0x1F13
mem[X,0x0000000080000FB2] -> 0x00AF
[1009] [M]: 0x0000000080000FB0 (0x00AF1F13) slli t5, t5, 0xa
x30 <- 0x80000007FF7F0000

mem[X,0x0000000080000FB4] -> 0x0F13
mem[X,0x0000000080000FB6] -> 0x080F
[1010] [M]: 0x0000000080000FB4 (0x080F0F13) addi t5, t5, 0x80
x30 <- 0x80000007FF7F0080

mem[X,0x0000000080000FB8] -> 0x0EB7
mem[X,0x0000000080000FBA] -> 0xFF7F
[1011] [M]: 0x0000000080000FB8 (0xFF7F0EB7) lui t4, -0x810
x29 <- 0xFFFFFFFFFF7F0000

mem[X,0x0000000080000FBC] -> 0x8E93
mem[X,0x0000000080000FBE] -> 0x080E
[1012] [M]: 0x0000000080000FBC (0x080E8E93) addi t4, t4, 0x80
x29 <- 0xFFFFFFFFFF7F0080

mem[X,0x0000000080000FC0] -> 0x9E93
mem[X,0x0000000080000FC2] -> 0x00BE
[1013] [M]: 0x0000000080000FC0 (0x00BE9E93) slli t4, t4, 0xb
x29 <- 0xFFFFFFFBF8040000

mem[X,0x0000000080000FC4] -> 0x8E93
mem[X,0x0000000080000FC6] -> 0x000E
[1014] [M]: 0x0000000080000FC4 (0x000E8E93) addi t4, t4, 0x0
x29 <- 0xFFFFFFFBF8040000

mem[X,0x0000000080000FC8] -> 0x9E93
mem[X,0x0000000080000FCA] -> 0x00BE
[1015] [M]: 0x0000000080000FC8 (0x00BE9E93) slli t4, t4, 0xb
x29 <- 0xFFFFDFC020000000

mem[X,0x0000000080000FCC] -> 0x8E93
mem[X,0x0000000080000FCE] -> 0x1D5E
[1016] [M]: 0x0000000080000FCC (0x1D5E8E93) addi t4, t4, 0x1d5
x29 <- 0xFFFFDFC0200001D5

mem[X,0x0000000080000FD0] -> 0x9E93
mem[X,0x0000000080000FD2] -> 0x00AE
[1017] [M]: 0x0000000080000FD0 (0x00AE9E93) slli t4, t4, 0xa
x29 <- 0xFF7F008000075400

mem[X,0x0000000080000FD4] -> 0x8E93
mem[X,0x0000000080000FD6] -> 0x155E
[1018] [M]: 0x0000000080000FD4 (0x155E8E93) addi t4, t4, 0x155
x29 <- 0xFF7F008000075555

mem[X,0x0000000080000FD8] -> 0x7FBB
mem[X,0x0000000080000FDA] -> 0xBDDF
[1019] [M]: 0x0000000080000FD8 (0xBDDF7FBB) pmhaccsu.h.bo t6, t5, t4
x31 <- 0x064003C1047504E4

mem[X,0x0000000080000FDC] -> 0xB423
mem[X,0x0000000080000FDE] -> 0x09F0
[1020] [M]: 0x0000000080000FDC (0x09F0B423) sd t6, 0x88(ra)
mem[0x00000000800042A0] <- 0x064003C1047504E4

mem[X,0x0000000080000FE0] -> 0x0F37
mem[X,0x0000000080000FE2] -> 0xFFFC
[1021] [M]: 0x0000000080000FE0 (0xFFFC0F37) lui t5, -0x40
x30 <- 0xFFFFFFFFFFFC0000

mem[X,0x0000000080000FE4] -> 0x0F13
mem[X,0x0000000080000FE6] -> 0xEFFF
[1022] [M]: 0x0000000080000FE4 (0xEFFF0F13) addi t5, t5, -0x101
x30 <- 0xFFFFFFFFFFFBFEFF

mem[X,0x0000000080000FE8] -> 0x1F13
mem[X,0x0000000080000FEA] -> 0x00BF
[1023] [M]: 0x0000000080000FE8 (0x00BF1F13) slli t5, t5, 0xb
x30 <- 0xFFFFFFFFDFF7F800

mem[X,0x0000000080000FEC] -> 0x0F13
mem[X,0x0000000080000FEE] -> 0x7FBF
[1024] [M]: 0x0000000080000FEC (0x7FBF0F13) addi t5, t5, 0x7fb
x30 <- 0xFFFFFFFFDFF7FFFB

mem[X,0x0000000080000FF0] -> 0x1F13
mem[X,0x0000000080000FF2] -> 0x00BF
[1025] [M]: 0x0000000080000FF0 (0x00BF1F13) slli t5, t5, 0xb
x30 <- 0xFFFFFEFFBFFFD800

mem[X,0x0000000080000FF4] -> 0x0F13
mem[X,0x0000000080000FF6] -> 0x7FFF
[1026] [M]: 0x0000000080000FF4 (0x7FFF0F13) addi t5, t5, 0x7ff
x30 <- 0xFFFFFEFFBFFFDFFF

mem[X,0x0000000080000FF8] -> 0x1F13
mem[X,0x0000000080000FFA] -> 0x00AF
[1027] [M]: 0x0000000080000FF8 (0x00AF1F13) slli t5, t5, 0xa
x30 <- 0xFFFBFEFFFF7FFC00

mem[X,0x0000000080000FFC] -> 0x0F13
mem[X,0x0000000080000FFE] -> 0x3F9F
[1028] [M]: 0x0000000080000FFC (0x3F9F0F13) addi t5, t5, 0x3f9
x30 <- 0xFFFBFEFFFF7FFFF9

mem[X,0x0000000080001000] -> 0x0EB7
mem[X,0x0000000080001002] -> 0xFDFF
[1029] [M]: 0x0000000080001000 (0xFDFF0EB7) lui t4, -0x2010
x29 <- 0xFFFFFFFFFDFF0000

mem[X,0x0000000080001004] -> 0x8E93
mem[X,0x0000000080001006] -> 0x002E
[1030] [M]: 0x0000000080001004 (0x002E8E93) addi t4, t4, 0x2
x29 <- 0xFFFFFFFFFDFF0002

mem[X,0x0000000080001008] -> 0x9E93
mem[X,0x000000008000100A] -> 0x00BE
[1031] [M]: 0x0000000080001008 (0x00BE9E93) slli t4, t4, 0xb
x29 <- 0xFFFFFFEFF8001000

mem[X,0x000000008000100C] -> 0x8E93
mem[X,0x000000008000100E] -> 0x7FFE
[1032] [M]: 0x000000008000100C (0x7FFE8E93) addi t4, t4, 0x7ff
x29 <- 0xFFFFFFEFF80017FF

mem[X,0x0000000080001010] -> 0x9E93
mem[X,0x0000000080001012] -> 0x00BE
[1033] [M]: 0x0000000080001010 (0x00BE9E93) slli t4, t4, 0xb
x29 <- 0xFFFF7FC000BFF800

mem[X,0x0000000080001014] -> 0x8E93
mem[X,0x0000000080001016] -> 0x7BFE
[1034] [M]: 0x0000000080001014 (0x7BFE8E93) addi t4, t4, 0x7bf
x29 <- 0xFFFF7FC000BFFFBF

mem[X,0x0000000080001018] -> 0x9E93
mem[X,0x000000008000101A] -> 0x00AE
[1035] [M]: 0x0000000080001018 (0x00AE9E93) slli t4, t4, 0xa
x29 <- 0xFDFF0002FFFEFC00

mem[X,0x000000008000101C] -> 0x8E93
mem[X,0x000000008000101E] -> 0x3FDE
[1036] [M]: 0x000000008000101C (0x3FDE8E93) addi t4, t4, 0x3fd
x29 <- 0xFDFF0002FFFEFFFD

mem[X,0x0000000080001020] -> 0x7FBB
mem[X,0x0000000080001022] -> 0xBDDF
[1037] [M]: 0x0000000080001020 (0xBDDF7FBB) pmhaccsu.h.bo t6, t5, t4
x31 <- 0x073C03C1057305E2

mem[X,0x0000000080001024] -> 0xB823
mem[X,0x0000000080001026] -> 0x09F0
[1038] [M]: 0x0000000080001024 (0x09F0B823) sd t6, 0x90(ra)
mem[0x00000000800042A8] <- 0x073C03C1057305E2

mem[X,0x0000000080001028] -> 0x0F37
mem[X,0x000000008000102A] -> 0x0100
[1039] [M]: 0x0000000080001028 (0x01000F37) lui t5, 0x1000
x30 <- 0x0000000001000000

mem[X,0x000000008000102C] -> 0x0F13
mem[X,0x000000008000102E] -> 0x009F
[1040] [M]: 0x000000008000102C (0x009F0F13) addi t5, t5, 0x9
x30 <- 0x0000000001000009

mem[X,0x0000000080001030] -> 0x1F13
mem[X,0x0000000080001032] -> 0x00BF
[1041] [M]: 0x0000000080001030 (0x00BF1F13) slli t5, t5, 0xb
x30 <- 0x0000000800004800

mem[X,0x0000000080001034] -> 0x0F13
mem[X,0x0000000080001036] -> 0x200F
[1042] [M]: 0x0000000080001034 (0x200F0F13) addi t5, t5, 0x200
x30 <- 0x0000000800004A00

mem[X,0x0000000080001038] -> 0x1F13
mem[X,0x000000008000103A] -> 0x00BF
[1043] [M]: 0x0000000080001038 (0x00BF1F13) slli t5, t5, 0xb
x30 <- 0x0000400002500000

mem[X,0x000000008000103C] -> 0x0F13
mem[X,0x000000008000103E] -> 0x03FF
[1044] [M]: 0x000000008000103C (0x03FF0F13) addi t5, t5, 0x3f
x30 <- 0x000040000250003F

mem[X,0x0000000080001040] -> 0x1F13
mem[X,0x0000000080001042] -> 0x00AF
[1045] [M]: 0x0000000080001040 (0x00AF1F13) slli t5, t5, 0xa
x30 <- 0x010000094000FC00

mem[X,0x0000000080001044] -> 0x0F13
mem[X,0x0000000080001046] -> 0x3EFF
[1046] [M]: 0x0000000080001044 (0x3EFF0F13) addi t5, t5, 0x3ef
x30 <- 0x010000094000FFEF

mem[X,0x0000000080001048] -> 0x8EB7
mem[X,0x000000008000104A] -> 0xFBFF
[1047] [M]: 0x0000000080001048 (0xFBFF8EB7) lui t4, -0x4008
x29 <- 0xFFFFFFFFFBFF8000

mem[X,0x000000008000104C] -> 0x8E93
mem[X,0x000000008000104E] -> 0x000E
[1048] [M]: 0x000000008000104C (0x000E8E93) addi t4, t4, 0x0
x29 <- 0xFFFFFFFFFBFF8000

mem[X,0x0000000080001050] -> 0x9E93
mem[X,0x0000000080001052] -> 0x00BE
[1049] [M]: 0x0000000080001050 (0x00BE9E93) slli t4, t4, 0xb
x29 <- 0xFFFFFFDFFC000000

mem[X,0x0000000080001054] -> 0x8E93
mem[X,0x0000000080001056] -> 0x000E
[1050] [M]: 0x0000000080001054 (0x000E8E93) addi t4, t4, 0x0
x29 <- 0xFFFFFFDFFC000000

mem[X,0x0000000080001058] -> 0x9E93
mem[X,0x000000008000105A] -> 0x00BE
[1051] [M]: 0x0000000080001058 (0x00BE9E93) slli t4, t4, 0xb
x29 <- 0xFFFEFFE000000000

mem[X,0x000000008000105C] -> 0x8E93
mem[X,0x000000008000105E] -> 0x180E
[1052] [M]: 0x000000008000105C (0x180E8E93) addi t4, t4, 0x180
x29 <- 0xFFFEFFE000000180

mem[X,0x0000000080001060] -> 0x9E93
mem[X,0x0000000080001062] -> 0x00AE
[1053] [M]: 0x0000000080001060 (0x00AE9E93) slli t4, t4, 0xa
x29 <- 0xFBFF800000060000

mem[X,0x0000000080001064] -> 0x8E93
mem[X,0x0000000080001066] -> 0x006E
[1054] [M]: 0x0000000080001064 (0x006E8E93) addi t4, t4, 0x6
x29 <- 0xFBFF800000060006

mem[X,0x0000000080001068] -> 0x7FBB
mem[X,0x000000008000106A] -> 0xBDDF
[1055] [M]: 0x0000000080001068 (0xBDDF7FBB) pmhaccsu.h.bo t6, t5, t4
x31 <- 0x073C03C1057305E2

mem[X,0x000000008000106C] -> 0xBC23
mem[X,0x000000008000106E] -> 0x09F0
[1056] [M]: 0x000000008000106C (0x09F0BC23) sd t6, 0x98(ra)
mem[0x00000000800042B0] <- 0x073C03C1057305E2

mem[X,0x0000000080001070] -> 0x0F37
mem[X,0x0000000080001072] -> 0xEFFF
[1057] [M]: 0x0000000080001070 (0xEFFF0F37) lui t5, -0x10010
x30 <- 0xFFFFFFFFEFFF0000

mem[X,0x0000000080001074] -> 0x0F13
mem[X,0x0000000080001076] -> 0x006F
[1058] [M]: 0x0000000080001074 (0x006F0F13) addi t5, t5, 0x6
x30 <- 0xFFFFFFFFEFFF0006

mem[X,0x0000000080001078] -> 0x1F13
mem[X,0x000000008000107A] -> 0x00BF
[1059] [M]: 0x0000000080001078 (0x00BF1F13) slli t5, t5, 0xb
x30 <- 0xFFFFFF7FF8003000

mem[X,0x000000008000107C] -> 0x0F13
mem[X,0x000000008000107E] -> 0x7FEF
[1060] [M]: 0x000000008000107C (0x7FEF0F13) addi t5, t5, 0x7fe
x30 <- 0xFFFFFF7FF80037FE

mem[X,0x0000000080001080] -> 0x1F13
mem[X,0x0000000080001082] -> 0x00BF
[1061] [M]: 0x0000000080001080 (0x00BF1F13) slli t5, t5, 0xb
x30 <- 0xFFFBFFC001BFF000

mem[X,0x0000000080001084] -> 0x0F13
mem[X,0x0000000080001086] -> 0x7C0F
[1062] [M]: 0x0000000080001084 (0x7C0F0F13) addi t5, t5, 0x7c0
x30 <- 0xFFFBFFC001BFF7C0

mem[X,0x0000000080001088] -> 0x1F13
mem[X,0x000000008000108A] -> 0x00AF
[1063] [M]: 0x0000000080001088 (0x00AF1F13) slli t5, t5, 0xa
x30 <- 0xEFFF0006FFDF0000

mem[X,0x000000008000108C] -> 0x0F13
mem[X,0x000000008000108E] -> 0x200F
[1064] [M]: 0x000000008000108C (0x200F0F13) addi t5, t5, 0x200
x30 <- 0xEFFF0006FFDF0200

mem[X,0x0000000080001090] -> 0x0EB7
mem[X,0x0000000080001092] -> 0xBFFF
[1065] [M]: 0x0000000080001090 (0xBFFF0EB7) lui t4, -0x40010
x29 <- 0xFFFFFFFFBFFF0000

mem[X,0x0000000080001094] -> 0x8E93
mem[X,0x0000000080001096] -> 0x002E
[1066] [M]: 0x0000000080001094 (0x002E8E93) addi t4, t4, 0x2
x29 <- 0xFFFFFFFFBFFF0002

mem[X,0x0000000080001098] -> 0x9E93
mem[X,0x000000008000109A] -> 0x00BE
[1067] [M]: 0x0000000080001098 (0x00BE9E93) slli t4, t4, 0xb
x29 <- 0xFFFFFDFFF8001000

mem[X,0x000000008000109C] -> 0x8E93
mem[X,0x000000008000109E] -> 0x001E
[1068] [M]: 0x000000008000109C (0x001E8E93) addi t4, t4, 0x1
x29 <- 0xFFFFFDFFF8001001

mem[X,0x00000000800010A0] -> 0x9E93
mem[X,0x00000000800010A2] -> 0x00BE
[1069] [M]: 0x00000000800010A0 (0x00BE9E93) slli t4, t4, 0xb
x29 <- 0xFFEFFFC000800800

mem[X,0x00000000800010A4] -> 0x8E93
mem[X,0x00000000800010A6] -> 0x000E
[1070] [M]: 0x00000000800010A4 (0x000E8E93) addi t4, t4, 0x0
x29 <- 0xFFEFFFC000800800

mem[X,0x00000000800010A8] -> 0x9E93
mem[X,0x00000000800010AA] -> 0x00AE
[1071] [M]: 0x00000000800010A8 (0x00AE9E93) slli t4, t4, 0xa
x29 <- 0xBFFF000200200000

mem[X,0x00000000800010AC] -> 0x8E93
mem[X,0x00000000800010AE] -> 0x010E
[1072] [M]: 0x00000000800010AC (0x010E8E93) addi t4, t4, 0x10
x29 <- 0xBFFF000200200010

mem[X,0x00000000800010B0] -> 0x7FBB
mem[X,0x00000000800010B2] -> 0xBDDF
[1073] [M]: 0x00000000800010B0 (0xBDDF7FBB) pmhaccsu.h.bo t6, t5, t4
x31 <- 0x07EF03C1057305E2

mem[X,0x00000000800010B4] -> 0xB023
mem[X,0x00000000800010B6] -> 0x0BF0
[1074] [M]: 0x00000000800010B4 (0x0BF0B023) sd t6, 0xa0(ra)
mem[0x00000000800042B8] <- 0x07EF03C1057305E2

mem[X,0x00000000800010B8] -> 0x0F37
mem[X,0x00000000800010BA] -> 0x0009
[1075] [M]: 0x00000000800010B8 (0x00090F37) lui t5, 0x90
x30 <- 0x0000000000090000

mem[X,0x00000000800010BC] -> 0x0F13
mem[X,0x00000000800010BE] -> 0xFF6F
[1076] [M]: 0x00000000800010BC (0xFF6F0F13) addi t5, t5, -0xa
x30 <- 0x000000000008FFF6

mem[X,0x00000000800010C0] -> 0x1F13
mem[X,0x00000000800010C2] -> 0x00BF
[1077] [M]: 0x00000000800010C0 (0x00BF1F13) slli t5, t5, 0xb
x30 <- 0x0000000047FFB000

mem[X,0x00000000800010C4] -> 0x0F13
mem[X,0x00000000800010C6] -> 0x7FFF
[1078] [M]: 0x00000000800010C4 (0x7FFF0F13) addi t5, t5, 0x7ff
x30 <- 0x0000000047FFB7FF

mem[X,0x00000000800010C8] -> 0x1F13
mem[X,0x00000000800010CA] -> 0x00BF
[1079] [M]: 0x00000000800010C8 (0x00BF1F13) slli t5, t5, 0xb
x30 <- 0x0000023FFDBFF800

mem[X,0x00000000800010CC] -> 0x0F13
mem[X,0x00000000800010CE] -> 0x6BFF
[1080] [M]: 0x00000000800010CC (0x6BFF0F13) addi t5, t5, 0x6bf
x30 <- 0x0000023FFDBFFEBF

mem[X,0x00000000800010D0] -> 0x1F13
mem[X,0x00000000800010D2] -> 0x00AF
[1081] [M]: 0x00000000800010D0 (0x00AF1F13) slli t5, t5, 0xa
x30 <- 0x0008FFF6FFFAFC00

mem[X,0x00000000800010D4] -> 0x0F13
mem[X,0x00000000800010D6] -> 0x37FF
[1082] [M]: 0x00000000800010D4 (0x37FF0F13) addi t5, t5, 0x37f
x30 <- 0x0008FFF6FFFAFF7F

mem[X,0x00000000800010D8] -> 0x0EB7
mem[X,0x00000000800010DA] -> 0xAAAB
[1083] [M]: 0x00000000800010D8 (0xAAAB0EB7) lui t4, -0x55550
x29 <- 0xFFFFFFFFAAAB0000

mem[X,0x00000000800010DC] -> 0x8E93
mem[X,0x00000000800010DE] -> 0xFFFE
[1084] [M]: 0x00000000800010DC (0xFFFE8E93) addi t4, t4, -0x1
x29 <- 0xFFFFFFFFAAAAFFFF

mem[X,0x00000000800010E0] -> 0x9E93
mem[X,0x00000000800010E2] -> 0x00BE
[1085] [M]: 0x00000000800010E0 (0x00BE9E93) slli t4, t4, 0xb
x29 <- 0xFFFFFD5557FFF800

mem[X,0x00000000800010E4] -> 0x8E93
mem[X,0x00000000800010E6] -> 0x000E
[1086] [M]: 0x00000000800010E4 (0x000E8E93) addi t4, t4, 0x0
x29 <- 0xFFFFFD5557FFF800

mem[X,0x00000000800010E8] -> 0x9E93
mem[X,0x00000000800010EA] -> 0x00BE
[1087] [M]: 0x00000000800010E8 (0x00BE9E93) slli t4, t4, 0xb
x29 <- 0xFFEAAABFFFC00000

mem[X,0x00000000800010EC] -> 0x8E93
mem[X,0x00000000800010EE] -> 0x1C0E
[1088] [M]: 0x00000000800010EC (0x1C0E8E93) addi t4, t4, 0x1c0
x29 <- 0xFFEAAABFFFC001C0

mem[X,0x00000000800010F0] -> 0x9E93
mem[X,0x00000000800010F2] -> 0x00AE
[1089] [M]: 0x00000000800010F0 (0x00AE9E93) slli t4, t4, 0xa
x29 <- 0xAAAAFFFF00070000

mem[X,0x00000000800010F4] -> 0x8E93
mem[X,0x00000000800010F6] -> 0x007E
[1090] [M]: 0x00000000800010F4 (0x007E8E93) addi t4, t4, 0x7
x29 <- 0xAAAAFFFF00070007

mem[X,0x00000000800010F8] -> 0x7FBB
mem[X,0x00000000800010FA] -> 0xBDDF
[1091] [M]: 0x00000000800010F8 (0xBDDF7FBB) pmhaccsu.h.bo t6, t5, t4
x31 <- 0x07EF04BF057305E2

mem[X,0x00000000800010FC] -> 0xB423
mem[X,0x00000000800010FE] -> 0x0BF0
[1092] [M]: 0x00000000800010FC (0x0BF0B423) sd t6, 0xa8(ra)
mem[0x00000000800042C0] <- 0x07EF04BF057305E2

mem[X,0x0000000080001100] -> 0xCF37
mem[X,0x0000000080001102] -> 0x0080
[1093] [M]: 0x0000000080001100 (0x0080CF37) lui t5, 0x80c
x30 <- 0x000000000080C000

mem[X,0x0000000080001104] -> 0x0F13
mem[X,0x0000000080001106] -> 0xFFFF
[1094] [M]: 0x0000000080001104 (0xFFFF0F13) addi t5, t5, -0x1
x30 <- 0x000000000080BFFF

mem[X,0x0000000080001108] -> 0x1F13
mem[X,0x000000008000110A] -> 0x00BF
[1095] [M]: 0x0000000080001108 (0x00BF1F13) slli t5, t5, 0xb
x30 <- 0x0000000405FFF800

mem[X,0x000000008000110C] -> 0x0F13
mem[X,0x000000008000110E] -> 0x3FFF
[1096] [M]: 0x000000008000110C (0x3FFF0F13) addi t5, t5, 0x3ff
x30 <- 0x0000000405FFFBFF

mem[X,0x0000000080001110] -> 0x1F13
mem[X,0x0000000080001112] -> 0x00BF
[1097] [M]: 0x0000000080001110 (0x00BF1F13) slli t5, t5, 0xb
x30 <- 0x0000202FFFDFF800

mem[X,0x0000000080001114] -> 0x0F13
mem[X,0x0000000080001116] -> 0x7FFF
[1098] [M]: 0x0000000080001114 (0x7FFF0F13) addi t5, t5, 0x7ff
x30 <- 0x0000202FFFDFFFFF

mem[X,0x0000000080001118] -> 0x1F13
mem[X,0x000000008000111A] -> 0x00AF
[1099] [M]: 0x0000000080001118 (0x00AF1F13) slli t5, t5, 0xa
x30 <- 0x0080BFFF7FFFFC00

clint::tick mtime <- 0x000000000000000B
 clint timer pending at mtime 0x000000000000000B
htif::tick 0x0000000000000000
mem[X,0x000000008000111C] -> 0x0F13
mem[X,0x000000008000111E] -> 0x3F7F
[1100] [M]: 0x000000008000111C (0x3F7F0F13) addi t5, t5, 0x3f7
x30 <- 0x0080BFFF7FFFFFF7

mem[X,0x0000000080001120] -> 0x0EB7
mem[X,0x0000000080001122] -> 0x0080
[1101] [M]: 0x0000000080001120 (0x00800EB7) lui t4, 0x800
x29 <- 0x0000000000800000

mem[X,0x0000000080001124] -> 0x8E93
mem[X,0x0000000080001126] -> 0x100E
[1102] [M]: 0x0000000080001124 (0x100E8E93) addi t4, t4, 0x100
x29 <- 0x0000000000800100

mem[X,0x0000000080001128] -> 0x9E93
mem[X,0x000000008000112A] -> 0x00BE
[1103] [M]: 0x0000000080001128 (0x00BE9E93) slli t4, t4, 0xb
x29 <- 0x0000000400080000

mem[X,0x000000008000112C] -> 0x8E93
mem[X,0x000000008000112E] -> 0x7BFE
[1104] [M]: 0x000000008000112C (0x7BFE8E93) addi t4, t4, 0x7bf
x29 <- 0x00000004000807BF

mem[X,0x0000000080001130] -> 0x9E93
mem[X,0x0000000080001132] -> 0x00BE
[1105] [M]: 0x0000000080001130 (0x00BE9E93) slli t4, t4, 0xb
x29 <- 0x00002000403DF800

mem[X,0x0000000080001134] -> 0x8E93
mem[X,0x0000000080001136] -> 0x7C0E
[1106] [M]: 0x0000000080001134 (0x7C0E8E93) addi t4, t4, 0x7c0
x29 <- 0x00002000403DFFC0

mem[X,0x0000000080001138] -> 0x9E93
mem[X,0x000000008000113A] -> 0x00AE
[1107] [M]: 0x0000000080001138 (0x00AE9E93) slli t4, t4, 0xa
x29 <- 0x00800100F7FF0000

mem[X,0x000000008000113C] -> 0x8E93
mem[X,0x000000008000113E] -> 0x005E
[1108] [M]: 0x000000008000113C (0x005E8E93) addi t4, t4, 0x5
x29 <- 0x00800100F7FF0005

mem[X,0x0000000080001140] -> 0x7FBB
mem[X,0x0000000080001142] -> 0xBDDF
[1109] [M]: 0x0000000080001140 (0xBDDF7FBB) pmhaccsu.h.bo t6, t5, t4
x31 <- 0x07EF04BF05EE05E2

mem[X,0x0000000080001144] -> 0xB823
mem[X,0x0000000080001146] -> 0x0BF0
[1110] [M]: 0x0000000080001144 (0x0BF0B823) sd t6, 0xb0(ra)
mem[0x00000000800042C8] <- 0x07EF04BF05EE05E2

mem[X,0x0000000080001148] -> 0x0F37
mem[X,0x000000008000114A] -> 0x2001
[1111] [M]: 0x0000000080001148 (0x20010F37) lui t5, 0x20010
x30 <- 0x0000000020010000

mem[X,0x000000008000114C] -> 0x0F13
mem[X,0x000000008000114E] -> 0xFFAF
[1112] [M]: 0x000000008000114C (0xFFAF0F13) addi t5, t5, -0x6
x30 <- 0x000000002000FFFA

mem[X,0x0000000080001150] -> 0x1F13
mem[X,0x0000000080001152] -> 0x00BF
[1113] [M]: 0x0000000080001150 (0x00BF1F13) slli t5, t5, 0xb
x30 <- 0x0000010007FFD000

mem[X,0x0000000080001154] -> 0x0F13
mem[X,0x0000000080001156] -> 0x000F
[1114] [M]: 0x0000000080001154 (0x000F0F13) addi t5, t5, 0x0
x30 <- 0x0000010007FFD000

mem[X,0x0000000080001158] -> 0x1F13
mem[X,0x000000008000115A] -> 0x00BF
[1115] [M]: 0x0000000080001158 (0x00BF1F13) slli t5, t5, 0xb
x30 <- 0x0008003FFE800000

mem[X,0x000000008000115C] -> 0x0F13
mem[X,0x000000008000115E] -> 0x080F
[1116] [M]: 0x000000008000115C (0x080F0F13) addi t5, t5, 0x80
x30 <- 0x0008003FFE800080

mem[X,0x0000000080001160] -> 0x1F13
mem[X,0x0000000080001162] -> 0x00AF
[1117] [M]: 0x0000000080001160 (0x00AF1F13) slli t5, t5, 0xa
x30 <- 0x2000FFFA00020000

mem[X,0x0000000080001164] -> 0x0F13
mem[X,0x0000000080001166] -> 0x004F
[1118] [M]: 0x0000000080001164 (0x004F0F13) addi t5, t5, 0x4
x30 <- 0x2000FFFA00020004

mem[X,0x0000000080001168] -> 0xFEB7
mem[X,0x000000008000116A] -> 0xFDFF
[1119] [M]: 0x0000000080001168 (0xFDFFFEB7) lui t4, -0x2001
x29 <- 0xFFFFFFFFFDFFF000

mem[X,0x000000008000116C] -> 0x8E93
mem[X,0x000000008000116E] -> 0xFFFE
[1120] [M]: 0x000000008000116C (0xFFFE8E93) addi t4, t4, -0x1
x29 <- 0xFFFFFFFFFDFFEFFF

mem[X,0x0000000080001170] -> 0x9E93
mem[X,0x0000000080001172] -> 0x00BE
[1121] [M]: 0x0000000080001170 (0x00BE9E93) slli t4, t4, 0xb
x29 <- 0xFFFFFFEFFF7FF800

mem[X,0x0000000080001174] -> 0x8E93
mem[X,0x0000000080001176] -> 0x77FE
[1122] [M]: 0x0000000080001174 (0x77FE8E93) addi t4, t4, 0x77f
x29 <- 0xFFFFFFEFFF7FFF7F

mem[X,0x0000000080001178] -> 0x9E93
mem[X,0x000000008000117A] -> 0x00BE
[1123] [M]: 0x0000000080001178 (0x00BE9E93) slli t4, t4, 0xb
x29 <- 0xFFFF7FFBFFFBF800

mem[X,0x000000008000117C] -> 0x8E93
mem[X,0x000000008000117E] -> 0x7FFE
[1124] [M]: 0x000000008000117C (0x7FFE8E93) addi t4, t4, 0x7ff
x29 <- 0xFFFF7FFBFFFBFFFF

mem[X,0x0000000080001180] -> 0x9E93
mem[X,0x0000000080001182] -> 0x00AE
[1125] [M]: 0x0000000080001180 (0x00AE9E93) slli t4, t4, 0xa
x29 <- 0xFDFFEFFFEFFFFC00

mem[X,0x0000000080001184] -> 0x8E93
mem[X,0x0000000080001186] -> 0x3F7E
[1126] [M]: 0x0000000080001184 (0x3F7E8E93) addi t4, t4, 0x3f7
x29 <- 0xFDFFEFFFEFFFFFF7

mem[X,0x0000000080001188] -> 0x7FBB
mem[X,0x000000008000118A] -> 0xBDDF
[1127] [M]: 0x0000000080001188 (0xBDDF7FBB) pmhaccsu.h.bo t6, t5, t4
x31 <- 0x080E05AD05EE05E2

mem[X,0x000000008000118C] -> 0xBC23
mem[X,0x000000008000118E] -> 0x0BF0
[1128] [M]: 0x000000008000118C (0x0BF0BC23) sd t6, 0xb8(ra)
mem[0x00000000800042D0] <- 0x080E05AD05EE05E2

mem[X,0x0000000080001190] -> 0x0F37
mem[X,0x0000000080001192] -> 0xAAAB
[1129] [M]: 0x0000000080001190 (0xAAAB0F37) lui t5, -0x55550
x30 <- 0xFFFFFFFFAAAB0000

mem[X,0x0000000080001194] -> 0x0F13
mem[X,0x0000000080001196] -> 0xF7FF
[1130] [M]: 0x0000000080001194 (0xF7FF0F13) addi t5, t5, -0x81
x30 <- 0xFFFFFFFFAAAAFF7F

mem[X,0x0000000080001198] -> 0x1F13
mem[X,0x000000008000119A] -> 0x00BF
[1131] [M]: 0x0000000080001198 (0x00BF1F13) slli t5, t5, 0xb
x30 <- 0xFFFFFD5557FBF800

mem[X,0x000000008000119C] -> 0x0F13
mem[X,0x000000008000119E] -> 0x001F
[1132] [M]: 0x000000008000119C (0x001F0F13) addi t5, t5, 0x1
x30 <- 0xFFFFFD5557FBF801

mem[X,0x00000000800011A0] -> 0x1F13
mem[X,0x00000000800011A2] -> 0x00BF
[1133] [M]: 0x00000000800011A0 (0x00BF1F13) slli t5, t5, 0xb
x30 <- 0xFFEAAABFDFC00800

mem[X,0x00000000800011A4] -> 0x0F13
mem[X,0x00000000800011A6] -> 0x03FF
[1134] [M]: 0x00000000800011A4 (0x03FF0F13) addi t5, t5, 0x3f
x30 <- 0xFFEAAABFDFC0083F

mem[X,0x00000000800011A8] -> 0x1F13
mem[X,0x00000000800011AA] -> 0x00AF
[1135] [M]: 0x00000000800011A8 (0x00AF1F13) slli t5, t5, 0xa
x30 <- 0xAAAAFF7F0020FC00

mem[X,0x00000000800011AC] -> 0x0F13
mem[X,0x00000000800011AE] -> 0x3FCF
[1136] [M]: 0x00000000800011AC (0x3FCF0F13) addi t5, t5, 0x3fc
x30 <- 0xAAAAFF7F0020FFFC

mem[X,0x00000000800011B0] -> 0xBEB7
mem[X,0x00000000800011B2] -> 0xFFFC
[1137] [M]: 0x00000000800011B0 (0xFFFCBEB7) lui t4, -0x35
x29 <- 0xFFFFFFFFFFFCB000

mem[X,0x00000000800011B4] -> 0x8E93
mem[X,0x00000000800011B6] -> 0xAAAE
[1138] [M]: 0x00000000800011B4 (0xAAAE8E93) addi t4, t4, -0x556
x29 <- 0xFFFFFFFFFFFCAAAA

mem[X,0x00000000800011B8] -> 0x9E93
mem[X,0x00000000800011BA] -> 0x00BE
[1139] [M]: 0x00000000800011B8 (0x00BE9E93) slli t4, t4, 0xb
x29 <- 0xFFFFFFFFE5555000

mem[X,0x00000000800011BC] -> 0x8E93
mem[X,0x00000000800011BE] -> 0x7DFE
[1140] [M]: 0x00000000800011BC (0x7DFE8E93) addi t4, t4, 0x7df
x29 <- 0xFFFFFFFFE55557DF

mem[X,0x00000000800011C0] -> 0x9E93
mem[X,0x00000000800011C2] -> 0x00BE
[1141] [M]: 0x00000000800011C0 (0x00BE9E93) slli t4, t4, 0xb
x29 <- 0xFFFFFF2AAABEF800

mem[X,0x00000000800011C4] -> 0x8E93
mem[X,0x00000000800011C6] -> 0x7D0E
[1142] [M]: 0x00000000800011C4 (0x7D0E8E93) addi t4, t4, 0x7d0
x29 <- 0xFFFFFF2AAABEFFD0

mem[X,0x00000000800011C8] -> 0x9E93
mem[X,0x00000000800011CA] -> 0x00AE
[1143] [M]: 0x00000000800011C8 (0x00AE9E93) slli t4, t4, 0xa
x29 <- 0xFFFCAAAAFBFF4000

mem[X,0x00000000800011CC] -> 0x7FBB
mem[X,0x00000000800011CE] -> 0xBDDF
[1144] [M]: 0x00000000800011CC (0xBDDF7FBB) pmhaccsu.h.bo t6, t5, t4
x31 <- 0x08B7065605EE0621

mem[X,0x00000000800011D0] -> 0xB023
mem[X,0x00000000800011D2] -> 0x0DF0
[1145] [M]: 0x00000000800011D0 (0x0DF0B023) sd t6, 0xc0(ra)
mem[0x00000000800042D8] <- 0x08B7065605EE0621

mem[X,0x00000000800011D4] -> 0x0F37
mem[X,0x00000000800011D6] -> 0x0009
[1146] [M]: 0x00000000800011D4 (0x00090F37) lui t5, 0x90
x30 <- 0x0000000000090000

mem[X,0x00000000800011D8] -> 0x0F13
mem[X,0x00000000800011DA] -> 0xEFFF
[1147] [M]: 0x00000000800011D8 (0xEFFF0F13) addi t5, t5, -0x101
x30 <- 0x000000000008FEFF

mem[X,0x00000000800011DC] -> 0x1F13
mem[X,0x00000000800011DE] -> 0x00BF
[1148] [M]: 0x00000000800011DC (0x00BF1F13) slli t5, t5, 0xb
x30 <- 0x0000000047F7F800

mem[X,0x00000000800011E0] -> 0x0F13
mem[X,0x00000000800011E2] -> 0x008F
[1149] [M]: 0x00000000800011E0 (0x008F0F13) addi t5, t5, 0x8
x30 <- 0x0000000047F7F808

mem[X,0x00000000800011E4] -> 0x1F13
mem[X,0x00000000800011E6] -> 0x00BF
[1150] [M]: 0x00000000800011E4 (0x00BF1F13) slli t5, t5, 0xb
x30 <- 0x0000023FBFC04000

mem[X,0x00000000800011E8] -> 0x0F13
mem[X,0x00000000800011EA] -> 0x03FF
[1151] [M]: 0x00000000800011E8 (0x03FF0F13) addi t5, t5, 0x3f
x30 <- 0x0000023FBFC0403F

mem[X,0x00000000800011EC] -> 0x1F13
mem[X,0x00000000800011EE] -> 0x00AF
[1152] [M]: 0x00000000800011EC (0x00AF1F13) slli t5, t5, 0xa
x30 <- 0x0008FEFF0100FC00

mem[X,0x00000000800011F0] -> 0x0F13
mem[X,0x00000000800011F2] -> 0x3F9F
[1153] [M]: 0x00000000800011F0 (0x3F9F0F13) addi t5, t5, 0x3f9
x30 <- 0x0008FEFF0100FFF9

mem[X,0x00000000800011F4] -> 0x0EB7
mem[X,0x00000000800011F6] -> 0x0000
[1154] [M]: 0x00000000800011F4 (0x00000EB7) lui t4, 0x0
x29 <- 0x0000000000000000

mem[X,0x00000000800011F8] -> 0x8E93
mem[X,0x00000000800011FA] -> 0x008E
[1155] [M]: 0x00000000800011F8 (0x008E8E93) addi t4, t4, 0x8
x29 <- 0x0000000000000008

mem[X,0x00000000800011FC] -> 0x9E93
mem[X,0x00000000800011FE] -> 0x00BE
[1156] [M]: 0x00000000800011FC (0x00BE9E93) slli t4, t4, 0xb
x29 <- 0x0000000000004000

mem[X,0x0000000080001200] -> 0x8E93
mem[X,0x0000000080001202] -> 0x000E
[1157] [M]: 0x0000000080001200 (0x000E8E93) addi t4, t4, 0x0
x29 <- 0x0000000000004000

mem[X,0x0000000080001204] -> 0x9E93
mem[X,0x0000000080001206] -> 0x00BE
[1158] [M]: 0x0000000080001204 (0x00BE9E93) slli t4, t4, 0xb
x29 <- 0x0000000002000000

mem[X,0x0000000080001208] -> 0x8E93
mem[X,0x000000008000120A] -> 0x17FE
[1159] [M]: 0x0000000080001208 (0x17FE8E93) addi t4, t4, 0x17f
x29 <- 0x000000000200017F

mem[X,0x000000008000120C] -> 0x9E93
mem[X,0x000000008000120E] -> 0x00AE
[1160] [M]: 0x000000008000120C (0x00AE9E93) slli t4, t4, 0xa
x29 <- 0x000000080005FC00

mem[X,0x0000000080001210] -> 0x8E93
mem[X,0x0000000080001212] -> 0x3FAE
[1161] [M]: 0x0000000080001210 (0x3FAE8E93) addi t4, t4, 0x3fa
x29 <- 0x000000080005FFFA

mem[X,0x0000000080001214] -> 0x7FBB
mem[X,0x0000000080001216] -> 0xBDDF
[1162] [M]: 0x0000000080001214 (0xBDDF7FBB) pmhaccsu.h.bo t6, t5, t4
x31 <- 0x08B7065605EE071F

mem[X,0x0000000080001218] -> 0xB423
mem[X,0x000000008000121A] -> 0x0DF0
[1163] [M]: 0x0000000080001218 (0x0DF0B423) sd t6, 0xc8(ra)
mem[0x00000000800042E0] <- 0x08B7065605EE071F

mem[X,0x000000008000121C] -> 0x0F37
mem[X,0x000000008000121E] -> 0x0401
[1164] [M]: 0x000000008000121C (0x04010F37) lui t5, 0x4010
x30 <- 0x0000000004010000

mem[X,0x0000000080001220] -> 0x0F13
mem[X,0x0000000080001222] -> 0xBFFF
[1165] [M]: 0x0000000080001220 (0xBFFF0F13) addi t5, t5, -0x401
x30 <- 0x000000000400FBFF

mem[X,0x0000000080001224] -> 0x1F13
mem[X,0x0000000080001226] -> 0x00BF
[1166] [M]: 0x0000000080001224 (0x00BF1F13) slli t5, t5, 0xb
x30 <- 0x0000002007DFF800

mem[X,0x0000000080001228] -> 0x0F13
mem[X,0x000000008000122A] -> 0x010F
[1167] [M]: 0x0000000080001228 (0x010F0F13) addi t5, t5, 0x10
x30 <- 0x0000002007DFF810

mem[X,0x000000008000122C] -> 0x1F13
mem[X,0x000000008000122E] -> 0x00BF
[1168] [M]: 0x000000008000122C (0x00BF1F13) slli t5, t5, 0xb
x30 <- 0x0001003EFFC08000

mem[X,0x0000000080001230] -> 0x0F13
mem[X,0x0000000080001232] -> 0x03FF
[1169] [M]: 0x0000000080001230 (0x03FF0F13) addi t5, t5, 0x3f
x30 <- 0x0001003EFFC0803F

mem[X,0x0000000080001234] -> 0x1F13
mem[X,0x0000000080001236] -> 0x00AF
[1170] [M]: 0x0000000080001234 (0x00AF1F13) slli t5, t5, 0xa
x30 <- 0x0400FBFF0200FC00

mem[X,0x0000000080001238] -> 0x0F13
mem[X,0x000000008000123A] -> 0x3EFF
[1171] [M]: 0x0000000080001238 (0x3EFF0F13) addi t5, t5, 0x3ef
x30 <- 0x0400FBFF0200FFEF

mem[X,0x000000008000123C] -> 0x0EB7
mem[X,0x000000008000123E] -> 0xFF80
[1172] [M]: 0x000000008000123C (0xFF800EB7) lui t4, -0x800
x29 <- 0xFFFFFFFFFF800000

mem[X,0x0000000080001240] -> 0x8E93
mem[X,0x0000000080001242] -> 0xFF8E
[1173] [M]: 0x0000000080001240 (0xFF8E8E93) addi t4, t4, -0x8
x29 <- 0xFFFFFFFFFF7FFFF8

mem[X,0x0000000080001244] -> 0x9E93
mem[X,0x0000000080001246] -> 0x00BE
[1174] [M]: 0x0000000080001244 (0x00BE9E93) slli t4, t4, 0xb
x29 <- 0xFFFFFFFBFFFFC000

mem[X,0x0000000080001248] -> 0x8E93
mem[X,0x000000008000124A] -> 0x008E
[1175] [M]: 0x0000000080001248 (0x008E8E93) addi t4, t4, 0x8
x29 <- 0xFFFFFFFBFFFFC008

mem[X,0x000000008000124C] -> 0x9E93
mem[X,0x000000008000124E] -> 0x00BE
[1176] [M]: 0x000000008000124C (0x00BE9E93) slli t4, t4, 0xb
x29 <- 0xFFFFDFFFFE004000

mem[X,0x0000000080001250] -> 0x8E93
mem[X,0x0000000080001252] -> 0x000E
[1177] [M]: 0x0000000080001250 (0x000E8E93) addi t4, t4, 0x0
x29 <- 0xFFFFDFFFFE004000

mem[X,0x0000000080001254] -> 0x9E93
mem[X,0x0000000080001256] -> 0x00AE
[1178] [M]: 0x0000000080001254 (0x00AE9E93) slli t4, t4, 0xa
x29 <- 0xFF7FFFF801000000

mem[X,0x0000000080001258] -> 0x8E93
mem[X,0x000000008000125A] -> 0x040E
[1179] [M]: 0x0000000080001258 (0x040E8E93) addi t4, t4, 0x40
x29 <- 0xFF7FFFF801000040

mem[X,0x000000008000125C] -> 0x7FBB
mem[X,0x000000008000125E] -> 0xBDDF
[1180] [M]: 0x000000008000125C (0xBDDF7FBB) pmhaccsu.h.bo t6, t5, t4
x31 <- 0x08BA075105EE071F

mem[X,0x0000000080001260] -> 0xB823
mem[X,0x0000000080001262] -> 0x0DF0
[1181] [M]: 0x0000000080001260 (0x0DF0B823) sd t6, 0xd0(ra)
mem[0x00000000800042E8] <- 0x08BA075105EE071F

mem[X,0x0000000080001264] -> 0xCF37
mem[X,0x0000000080001266] -> 0x0400
[1182] [M]: 0x0000000080001264 (0x0400CF37) lui t5, 0x400c
x30 <- 0x000000000400C000

mem[X,0x0000000080001268] -> 0x0F13
mem[X,0x000000008000126A] -> 0x000F
[1183] [M]: 0x0000000080001268 (0x000F0F13) addi t5, t5, 0x0
x30 <- 0x000000000400C000

mem[X,0x000000008000126C] -> 0x1F13
mem[X,0x000000008000126E] -> 0x00BF
[1184] [M]: 0x000000008000126C (0x00BF1F13) slli t5, t5, 0xb
x30 <- 0x0000002006000000

mem[X,0x0000000080001270] -> 0x0F13
mem[X,0x0000000080001272] -> 0x020F
[1185] [M]: 0x0000000080001270 (0x020F0F13) addi t5, t5, 0x20
x30 <- 0x0000002006000020

mem[X,0x0000000080001274] -> 0x1F13
mem[X,0x0000000080001276] -> 0x00BF
[1186] [M]: 0x0000000080001274 (0x00BF1F13) slli t5, t5, 0xb
x30 <- 0x0001003000010000

mem[X,0x0000000080001278] -> 0x0F13
mem[X,0x000000008000127A] -> 0x03FF
[1187] [M]: 0x0000000080001278 (0x03FF0F13) addi t5, t5, 0x3f
x30 <- 0x000100300001003F

mem[X,0x000000008000127C] -> 0x1F13
mem[X,0x000000008000127E] -> 0x00AF
[1188] [M]: 0x000000008000127C (0x00AF1F13) slli t5, t5, 0xa
x30 <- 0x0400C0000400FC00

mem[X,0x0000000080001280] -> 0x0F13
mem[X,0x0000000080001282] -> 0x2FFF
[1189] [M]: 0x0000000080001280 (0x2FFF0F13) addi t5, t5, 0x2ff
x30 <- 0x0400C0000400FEFF

mem[X,0x0000000080001284] -> 0x0EB7
mem[X,0x0000000080001286] -> 0xF800
[1190] [M]: 0x0000000080001284 (0xF8000EB7) lui t4, -0x8000
x29 <- 0xFFFFFFFFF8000000

mem[X,0x0000000080001288] -> 0x8E93
mem[X,0x000000008000128A] -> 0xFFEE
[1191] [M]: 0x0000000080001288 (0xFFEE8E93) addi t4, t4, -0x2
x29 <- 0xFFFFFFFFF7FFFFFE

mem[X,0x000000008000128C] -> 0x9E93
mem[X,0x000000008000128E] -> 0x00BE
[1192] [M]: 0x000000008000128C (0x00BE9E93) slli t4, t4, 0xb
x29 <- 0xFFFFFFBFFFFFF000

mem[X,0x0000000080001290] -> 0x8E93
mem[X,0x0000000080001292] -> 0x010E
[1193] [M]: 0x0000000080001290 (0x010E8E93) addi t4, t4, 0x10
x29 <- 0xFFFFFFBFFFFFF010

mem[X,0x0000000080001294] -> 0x9E93
mem[X,0x0000000080001296] -> 0x00BE
[1194] [M]: 0x0000000080001294 (0x00BE9E93) slli t4, t4, 0xb
x29 <- 0xFFFDFFFFFF808000

mem[X,0x0000000080001298] -> 0x8E93
mem[X,0x000000008000129A] -> 0x000E
[1195] [M]: 0x0000000080001298 (0x000E8E93) addi t4, t4, 0x0
x29 <- 0xFFFDFFFFFF808000

mem[X,0x000000008000129C] -> 0x9E93
mem[X,0x000000008000129E] -> 0x00AE
[1196] [M]: 0x000000008000129C (0x00AE9E93) slli t4, t4, 0xa
x29 <- 0xF7FFFFFE02000000

mem[X,0x00000000800012A0] -> 0x8E93
mem[X,0x00000000800012A2] -> 0x007E
[1197] [M]: 0x00000000800012A0 (0x007E8E93) addi t4, t4, 0x7
x29 <- 0xF7FFFFFE02000007

mem[X,0x00000000800012A4] -> 0x7FBB
mem[X,0x00000000800012A6] -> 0xBDDF
[1198] [M]: 0x00000000800012A4 (0xBDDF7FBB) pmhaccsu.h.bo t6, t5, t4
x31 <- 0x08BD081005EE071F

mem[X,0x00000000800012A8] -> 0xBC23
mem[X,0x00000000800012AA] -> 0x0DF0
[1199] [M]: 0x00000000800012A8 (0x0DF0BC23) sd t6, 0xd8(ra)
mem[0x00000000800042F0] <- 0x08BD081005EE071F

clint::tick mtime <- 0x000000000000000C
 clint timer pending at mtime 0x000000000000000C
htif::tick 0x0000000000000000
mem[X,0x00000000800012AC] -> 0x8F37
mem[X,0x00000000800012AE] -> 0xFFEF
[1200] [M]: 0x00000000800012AC (0xFFEF8F37) lui t5, -0x108
x30 <- 0xFFFFFFFFFFEF8000

mem[X,0x00000000800012B0] -> 0x0F13
mem[X,0x00000000800012B2] -> 0x000F
[1201] [M]: 0x00000000800012B0 (0x000F0F13) addi t5, t5, 0x0
x30 <- 0xFFFFFFFFFFEF8000

mem[X,0x00000000800012B4] -> 0x1F13
mem[X,0x00000000800012B6] -> 0x00BF
[1202] [M]: 0x00000000800012B4 (0x00BF1F13) slli t5, t5, 0xb
x30 <- 0xFFFFFFFF7C000000

mem[X,0x00000000800012B8] -> 0x0F13
mem[X,0x00000000800012BA] -> 0x7FEF
[1203] [M]: 0x00000000800012B8 (0x7FEF0F13) addi t5, t5, 0x7fe
x30 <- 0xFFFFFFFF7C0007FE

mem[X,0x00000000800012BC] -> 0x1F13
mem[X,0x00000000800012BE] -> 0x00BF
[1204] [M]: 0x00000000800012BC (0x00BF1F13) slli t5, t5, 0xb
x30 <- 0xFFFFFBE0003FF000

mem[X,0x00000000800012C0] -> 0x0F13
mem[X,0x00000000800012C2] -> 0x7FFF
[1205] [M]: 0x00000000800012C0 (0x7FFF0F13) addi t5, t5, 0x7ff
x30 <- 0xFFFFFBE0003FF7FF

mem[X,0x00000000800012C4] -> 0x1F13
mem[X,0x00000000800012C6] -> 0x00AF
[1206] [M]: 0x00000000800012C4 (0x00AF1F13) slli t5, t5, 0xa
x30 <- 0xFFEF8000FFDFFC00

mem[X,0x00000000800012C8] -> 0x0F13
mem[X,0x00000000800012CA] -> 0x3FAF
[1207] [M]: 0x00000000800012C8 (0x3FAF0F13) addi t5, t5, 0x3fa
x30 <- 0xFFEF8000FFDFFFFA

mem[X,0x00000000800012CC] -> 0x0EB7
mem[X,0x00000000800012CE] -> 0xFE00
[1208] [M]: 0x00000000800012CC (0xFE000EB7) lui t4, -0x2000
x29 <- 0xFFFFFFFFFE000000

mem[X,0x00000000800012D0] -> 0x8E93
mem[X,0x00000000800012D2] -> 0xFFBE
[1209] [M]: 0x00000000800012D0 (0xFFBE8E93) addi t4, t4, -0x5
x29 <- 0xFFFFFFFFFDFFFFFB

mem[X,0x00000000800012D4] -> 0x9E93
mem[X,0x00000000800012D6] -> 0x00BE
[1210] [M]: 0x00000000800012D4 (0x00BE9E93) slli t4, t4, 0xb
x29 <- 0xFFFFFFEFFFFFD800

mem[X,0x00000000800012D8] -> 0x8E93
mem[X,0x00000000800012DA] -> 0x000E
[1211] [M]: 0x00000000800012D8 (0x000E8E93) addi t4, t4, 0x0
x29 <- 0xFFFFFFEFFFFFD800

mem[X,0x00000000800012DC] -> 0x9E93
mem[X,0x00000000800012DE] -> 0x00BE
[1212] [M]: 0x00000000800012DC (0x00BE9E93) slli t4, t4, 0xb
x29 <- 0xFFFF7FFFFEC00000

mem[X,0x00000000800012E0] -> 0x8E93
mem[X,0x00000000800012E2] -> 0x17EE
[1213] [M]: 0x00000000800012E0 (0x17EE8E93) addi t4, t4, 0x17e
x29 <- 0xFFFF7FFFFEC0017E

mem[X,0x00000000800012E4] -> 0x9E93
mem[X,0x00000000800012E6] -> 0x00AE
[1214] [M]: 0x00000000800012E4 (0x00AE9E93) slli t4, t4, 0xa
x29 <- 0xFDFFFFFB0005F800

mem[X,0x00000000800012E8] -> 0x8E93
mem[X,0x00000000800012EA] -> 0x3FFE
[1215] [M]: 0x00000000800012E8 (0x3FFE8E93) addi t4, t4, 0x3ff
x29 <- 0xFDFFFFFB0005FBFF

mem[X,0x00000000800012EC] -> 0x7FBB
mem[X,0x00000000800012EE] -> 0xBDDF
[1216] [M]: 0x00000000800012EC (0xBDDF7FBB) pmhaccsu.h.bo t6, t5, t4
x31 <- 0x09B9088F05EE0819

mem[X,0x00000000800012F0] -> 0xB023
mem[X,0x00000000800012F2] -> 0x0FF0
[1217] [M]: 0x00000000800012F0 (0x0FF0B023) sd t6, 0xe0(ra)
mem[0x00000000800042F8] <- 0x09B9088F05EE0819

mem[X,0x00000000800012F4] -> 0xFF37
mem[X,0x00000000800012F6] -> 0xFFDF
[1218] [M]: 0x00000000800012F4 (0xFFDFFF37) lui t5, -0x201
x30 <- 0xFFFFFFFFFFDFF000

mem[X,0x00000000800012F8] -> 0x0F13
mem[X,0x00000000800012FA] -> 0xFFFF
[1219] [M]: 0x00000000800012F8 (0xFFFF0F13) addi t5, t5, -0x1
x30 <- 0xFFFFFFFFFFDFEFFF

mem[X,0x00000000800012FC] -> 0x1F13
mem[X,0x00000000800012FE] -> 0x00BF
[1220] [M]: 0x00000000800012FC (0x00BF1F13) slli t5, t5, 0xb
x30 <- 0xFFFFFFFEFF7FF800

mem[X,0x0000000080001300] -> 0x0F13
mem[X,0x0000000080001302] -> 0x200F
[1221] [M]: 0x0000000080001300 (0x200F0F13) addi t5, t5, 0x200
x30 <- 0xFFFFFFFEFF7FFA00

mem[X,0x0000000080001304] -> 0x1F13
mem[X,0x0000000080001306] -> 0x00BF
[1222] [M]: 0x0000000080001304 (0x00BF1F13) slli t5, t5, 0xb
x30 <- 0xFFFFF7FBFFD00000

mem[X,0x0000000080001308] -> 0x0F13
mem[X,0x000000008000130A] -> 0x000F
[1223] [M]: 0x0000000080001308 (0x000F0F13) addi t5, t5, 0x0
x30 <- 0xFFFFF7FBFFD00000

mem[X,0x000000008000130C] -> 0x1F13
mem[X,0x000000008000130E] -> 0x00AF
[1224] [M]: 0x000000008000130C (0x00AF1F13) slli t5, t5, 0xa
x30 <- 0xFFDFEFFF40000000

mem[X,0x0000000080001310] -> 0x0F13
mem[X,0x0000000080001312] -> 0x020F
[1225] [M]: 0x0000000080001310 (0x020F0F13) addi t5, t5, 0x20
x30 <- 0xFFDFEFFF40000020

mem[X,0x0000000080001314] -> 0x8EB7
mem[X,0x0000000080001316] -> 0xFBFF
[1226] [M]: 0x0000000080001314 (0xFBFF8EB7) lui t4, -0x4008
x29 <- 0xFFFFFFFFFBFF8000

mem[X,0x0000000080001318] -> 0x8E93
mem[X,0x000000008000131A] -> 0xFFFE
[1227] [M]: 0x0000000080001318 (0xFFFE8E93) addi t4, t4, -0x1
x29 <- 0xFFFFFFFFFBFF7FFF

mem[X,0x000000008000131C] -> 0x9E93
mem[X,0x000000008000131E] -> 0x00BE
[1228] [M]: 0x000000008000131C (0x00BE9E93) slli t4, t4, 0xb
x29 <- 0xFFFFFFDFFBFFF800

mem[X,0x0000000080001320] -> 0x8E93
mem[X,0x0000000080001322] -> 0x000E
[1229] [M]: 0x0000000080001320 (0x000E8E93) addi t4, t4, 0x0
x29 <- 0xFFFFFFDFFBFFF800

mem[X,0x0000000080001324] -> 0x9E93
mem[X,0x0000000080001326] -> 0x00BE
[1230] [M]: 0x0000000080001324 (0x00BE9E93) slli t4, t4, 0xb
x29 <- 0xFFFEFFDFFFC00000

mem[X,0x0000000080001328] -> 0x8E93
mem[X,0x000000008000132A] -> 0x12AE
[1231] [M]: 0x0000000080001328 (0x12AE8E93) addi t4, t4, 0x12a
x29 <- 0xFFFEFFDFFFC0012A

mem[X,0x000000008000132C] -> 0x9E93
mem[X,0x000000008000132E] -> 0x00AE
[1232] [M]: 0x000000008000132C (0x00AE9E93) slli t4, t4, 0xa
x29 <- 0xFBFF7FFF0004A800

mem[X,0x0000000080001330] -> 0x8E93
mem[X,0x0000000080001332] -> 0x2AAE
[1233] [M]: 0x0000000080001330 (0x2AAE8E93) addi t4, t4, 0x2aa
x29 <- 0xFBFF7FFF0004AAAA

mem[X,0x0000000080001334] -> 0x7FBB
mem[X,0x0000000080001336] -> 0xBDDF
[1234] [M]: 0x0000000080001334 (0xBDDF7FBB) pmhaccsu.h.bo t6, t5, t4
x31 <- 0x0AB3090605EE0819

mem[X,0x0000000080001338] -> 0xB423
mem[X,0x000000008000133A] -> 0x0FF0
[1235] [M]: 0x0000000080001338 (0x0FF0B423) sd t6, 0xe8(ra)
mem[0x0000000080004300] <- 0x0AB3090605EE0819

mem[X,0x000000008000133C] -> 0x0F37
mem[X,0x000000008000133E] -> 0xFEFF
[1236] [M]: 0x000000008000133C (0xFEFF0F37) lui t5, -0x1010
x30 <- 0xFFFFFFFFFEFF0000

mem[X,0x0000000080001340] -> 0x0F13
mem[X,0x0000000080001342] -> 0x008F
[1237] [M]: 0x0000000080001340 (0x008F0F13) addi t5, t5, 0x8
x30 <- 0xFFFFFFFFFEFF0008

mem[X,0x0000000080001344] -> 0x1F13
mem[X,0x0000000080001346] -> 0x00BF
[1238] [M]: 0x0000000080001344 (0x00BF1F13) slli t5, t5, 0xb
x30 <- 0xFFFFFFF7F8004000

mem[X,0x0000000080001348] -> 0x0F13
mem[X,0x000000008000134A] -> 0x002F
[1239] [M]: 0x0000000080001348 (0x002F0F13) addi t5, t5, 0x2
x30 <- 0xFFFFFFF7F8004002

mem[X,0x000000008000134C] -> 0x1F13
mem[X,0x000000008000134E] -> 0x00BF
[1240] [M]: 0x000000008000134C (0x00BF1F13) slli t5, t5, 0xb
x30 <- 0xFFFFBFC002001000

mem[X,0x0000000080001350] -> 0x0F13
mem[X,0x0000000080001352] -> 0x03FF
[1241] [M]: 0x0000000080001350 (0x03FF0F13) addi t5, t5, 0x3f
x30 <- 0xFFFFBFC00200103F

mem[X,0x0000000080001354] -> 0x1F13
mem[X,0x0000000080001356] -> 0x00AF
[1242] [M]: 0x0000000080001354 (0x00AF1F13) slli t5, t5, 0xa
x30 <- 0xFEFF00080040FC00

mem[X,0x0000000080001358] -> 0x0F13
mem[X,0x000000008000135A] -> 0x3FDF
[1243] [M]: 0x0000000080001358 (0x3FDF0F13) addi t5, t5, 0x3fd
x30 <- 0xFEFF00080040FFFD

mem[X,0x000000008000135C] -> 0x0EB7
mem[X,0x000000008000135E] -> 0x0009
[1244] [M]: 0x000000008000135C (0x00090EB7) lui t4, 0x90
x29 <- 0x0000000000090000

mem[X,0x0000000080001360] -> 0x8E93
mem[X,0x0000000080001362] -> 0x004E
[1245] [M]: 0x0000000080001360 (0x004E8E93) addi t4, t4, 0x4
x29 <- 0x0000000000090004

mem[X,0x0000000080001364] -> 0x9E93
mem[X,0x0000000080001366] -> 0x00BE
[1246] [M]: 0x0000000080001364 (0x00BE9E93) slli t4, t4, 0xb
x29 <- 0x0000000048002000

mem[X,0x0000000080001368] -> 0x8E93
mem[X,0x000000008000136A] -> 0x7EFE
[1247] [M]: 0x0000000080001368 (0x7EFE8E93) addi t4, t4, 0x7ef
x29 <- 0x00000000480027EF

mem[X,0x000000008000136C] -> 0x9E93
mem[X,0x000000008000136E] -> 0x00BE
[1248] [M]: 0x000000008000136C (0x00BE9E93) slli t4, t4, 0xb
x29 <- 0x00000240013F7800

mem[X,0x0000000080001370] -> 0x8E93
mem[X,0x0000000080001372] -> 0x7C0E
[1249] [M]: 0x0000000080001370 (0x7C0E8E93) addi t4, t4, 0x7c0
x29 <- 0x00000240013F7FC0

mem[X,0x0000000080001374] -> 0x9E93
mem[X,0x0000000080001376] -> 0x00AE
[1250] [M]: 0x0000000080001374 (0x00AE9E93) slli t4, t4, 0xa
x29 <- 0x00090004FDFF0000

mem[X,0x0000000080001378] -> 0x8E93
mem[X,0x000000008000137A] -> 0x005E
[1251] [M]: 0x0000000080001378 (0x005E8E93) addi t4, t4, 0x5
x29 <- 0x00090004FDFF0005

mem[X,0x000000008000137C] -> 0x7FBB
mem[X,0x000000008000137E] -> 0xBDDF
[1252] [M]: 0x000000008000137C (0xBDDF7FBB) pmhaccsu.h.bo t6, t5, t4
x31 <- 0x0AB3090605EE0819

mem[X,0x0000000080001380] -> 0xB823
mem[X,0x0000000080001382] -> 0x0FF0
[1253] [M]: 0x0000000080001380 (0x0FF0B823) sd t6, 0xf0(ra)
mem[0x0000000080004308] <- 0x0AB3090605EE0819

mem[X,0x0000000080001384] -> 0x0F37
mem[X,0x0000000080001386] -> 0xFBFF
[1254] [M]: 0x0000000080001384 (0xFBFF0F37) lui t5, -0x4010
x30 <- 0xFFFFFFFFFBFF0000

mem[X,0x0000000080001388] -> 0x0F13
mem[X,0x000000008000138A] -> 0x080F
[1255] [M]: 0x0000000080001388 (0x080F0F13) addi t5, t5, 0x80
x30 <- 0xFFFFFFFFFBFF0080

mem[X,0x000000008000138C] -> 0x1F13
mem[X,0x000000008000138E] -> 0x00BF
[1256] [M]: 0x000000008000138C (0x00BF1F13) slli t5, t5, 0xb
x30 <- 0xFFFFFFDFF8040000

mem[X,0x0000000080001390] -> 0x0F13
mem[X,0x0000000080001392] -> 0x555F
[1257] [M]: 0x0000000080001390 (0x555F0F13) addi t5, t5, 0x555
x30 <- 0xFFFFFFDFF8040555

mem[X,0x0000000080001394] -> 0x1F13
mem[X,0x0000000080001396] -> 0x00BF
[1258] [M]: 0x0000000080001394 (0x00BF1F13) slli t5, t5, 0xb
x30 <- 0xFFFEFFC0202AA800

mem[X,0x0000000080001398] -> 0x0F13
mem[X,0x000000008000139A] -> 0x2BFF
[1259] [M]: 0x0000000080001398 (0x2BFF0F13) addi t5, t5, 0x2bf
x30 <- 0xFFFEFFC0202AAABF

mem[X,0x000000008000139C] -> 0x1F13
mem[X,0x000000008000139E] -> 0x00AF
[1260] [M]: 0x000000008000139C (0x00AF1F13) slli t5, t5, 0xa
x30 <- 0xFBFF0080AAAAFC00

mem[X,0x00000000800013A0] -> 0x0F13
mem[X,0x00000000800013A2] -> 0x3F8F
[1261] [M]: 0x00000000800013A0 (0x3F8F0F13) addi t5, t5, 0x3f8
x30 <- 0xFBFF0080AAAAFFF8

mem[X,0x00000000800013A4] -> 0x0EB7
mem[X,0x00000000800013A6] -> 0x0000
[1262] [M]: 0x00000000800013A4 (0x00000EB7) lui t4, 0x0
x29 <- 0x0000000000000000

mem[X,0x00000000800013A8] -> 0x8E93
mem[X,0x00000000800013AA] -> 0xEFFE
[1263] [M]: 0x00000000800013A8 (0xEFFE8E93) addi t4, t4, -0x101
x29 <- 0xFFFFFFFFFFFFFEFF

mem[X,0x00000000800013AC] -> 0x9E93
mem[X,0x00000000800013AE] -> 0x00BE
[1264] [M]: 0x00000000800013AC (0x00BE9E93) slli t4, t4, 0xb
x29 <- 0xFFFFFFFFFFF7F800

mem[X,0x00000000800013B0] -> 0x8E93
mem[X,0x00000000800013B2] -> 0x000E
[1265] [M]: 0x00000000800013B0 (0x000E8E93) addi t4, t4, 0x0
x29 <- 0xFFFFFFFFFFF7F800

mem[X,0x00000000800013B4] -> 0x9E93
mem[X,0x00000000800013B6] -> 0x00BE
[1266] [M]: 0x00000000800013B4 (0x00BE9E93) slli t4, t4, 0xb
x29 <- 0xFFFFFFFFBFC00000

mem[X,0x00000000800013B8] -> 0x8E93
mem[X,0x00000000800013BA] -> 0x07FE
[1267] [M]: 0x00000000800013B8 (0x07FE8E93) addi t4, t4, 0x7f
x29 <- 0xFFFFFFFFBFC0007F

mem[X,0x00000000800013BC] -> 0x9E93
mem[X,0x00000000800013BE] -> 0x00AE
[1268] [M]: 0x00000000800013BC (0x00AE9E93) slli t4, t4, 0xa
x29 <- 0xFFFFFEFF0001FC00

mem[X,0x00000000800013C0] -> 0x8E93
mem[X,0x00000000800013C2] -> 0x37FE
[1269] [M]: 0x00000000800013C0 (0x37FE8E93) addi t4, t4, 0x37f
x29 <- 0xFFFFFEFF0001FF7F

mem[X,0x00000000800013C4] -> 0x7FBB
mem[X,0x00000000800013C6] -> 0xBDDF
[1270] [M]: 0x00000000800013C4 (0xBDDF7FBB) pmhaccsu.h.bo t6, t5, t4
x31 <- 0x0BAE090605EE0917

mem[X,0x00000000800013C8] -> 0xBC23
mem[X,0x00000000800013CA] -> 0x0FF0
[1271] [M]: 0x00000000800013C8 (0x0FF0BC23) sd t6, 0xf8(ra)
mem[0x0000000080004310] <- 0x0BAE090605EE0917

mem[X,0x00000000800013CC] -> 0x0F37
mem[X,0x00000000800013CE] -> 0x0101
[1272] [M]: 0x00000000800013CC (0x01010F37) lui t5, 0x1010
x30 <- 0x0000000001010000

mem[X,0x00000000800013D0] -> 0x0F13
mem[X,0x00000000800013D2] -> 0xFFFF
[1273] [M]: 0x00000000800013D0 (0xFFFF0F13) addi t5, t5, -0x1
x30 <- 0x000000000100FFFF

mem[X,0x00000000800013D4] -> 0x1F13
mem[X,0x00000000800013D6] -> 0x00BF
[1274] [M]: 0x00000000800013D4 (0x00BF1F13) slli t5, t5, 0xb
x30 <- 0x0000000807FFF800

mem[X,0x00000000800013D8] -> 0x0F13
mem[X,0x00000000800013DA] -> 0x080F
[1275] [M]: 0x00000000800013D8 (0x080F0F13) addi t5, t5, 0x80
x30 <- 0x0000000807FFF880

mem[X,0x00000000800013DC] -> 0x1F13
mem[X,0x00000000800013DE] -> 0x00BF
[1276] [M]: 0x00000000800013DC (0x00BF1F13) slli t5, t5, 0xb
x30 <- 0x0000403FFFC40000

mem[X,0x00000000800013E0] -> 0x0F13
mem[X,0x00000000800013E2] -> 0x01FF
[1277] [M]: 0x00000000800013E0 (0x01FF0F13) addi t5, t5, 0x1f
x30 <- 0x0000403FFFC4001F

mem[X,0x00000000800013E4] -> 0x1F13
mem[X,0x00000000800013E6] -> 0x00AF
[1278] [M]: 0x00000000800013E4 (0x00AF1F13) slli t5, t5, 0xa
x30 <- 0x0100FFFF10007C00

mem[X,0x00000000800013E8] -> 0x0F13
mem[X,0x00000000800013EA] -> 0x3FFF
[1279] [M]: 0x00000000800013E8 (0x3FFF0F13) addi t5, t5, 0x3ff
x30 <- 0x0100FFFF10007FFF

mem[X,0x00000000800013EC] -> 0xBEB7
mem[X,0x00000000800013EE] -> 0xFBFF
[1280] [M]: 0x00000000800013EC (0xFBFFBEB7) lui t4, -0x4005
x29 <- 0xFFFFFFFFFBFFB000

mem[X,0x00000000800013F0] -> 0x8E93
mem[X,0x00000000800013F2] -> 0xAAAE
[1281] [M]: 0x00000000800013F0 (0xAAAE8E93) addi t4, t4, -0x556
x29 <- 0xFFFFFFFFFBFFAAAA

mem[X,0x00000000800013F4] -> 0x9E93
mem[X,0x00000000800013F6] -> 0x00BE
[1282] [M]: 0x00000000800013F4 (0x00BE9E93) slli t4, t4, 0xb
x29 <- 0xFFFFFFDFFD555000

mem[X,0x00000000800013F8] -> 0x8E93
mem[X,0x00000000800013FA] -> 0x002E
[1283] [M]: 0x00000000800013F8 (0x002E8E93) addi t4, t4, 0x2
x29 <- 0xFFFFFFDFFD555002

mem[X,0x00000000800013FC] -> 0x9E93
mem[X,0x00000000800013FE] -> 0x00BE
[1284] [M]: 0x00000000800013FC (0x00BE9E93) slli t4, t4, 0xb
x29 <- 0xFFFEFFEAAA801000

mem[X,0x0000000080001400] -> 0x8E93
mem[X,0x0000000080001402] -> 0x000E
[1285] [M]: 0x0000000080001400 (0x000E8E93) addi t4, t4, 0x0
x29 <- 0xFFFEFFEAAA801000

mem[X,0x0000000080001404] -> 0x9E93
mem[X,0x0000000080001406] -> 0x00AE
[1286] [M]: 0x0000000080001404 (0x00AE9E93) slli t4, t4, 0xa
x29 <- 0xFBFFAAAA00400000

mem[X,0x0000000080001408] -> 0x8E93
mem[X,0x000000008000140A] -> 0x008E
[1287] [M]: 0x0000000080001408 (0x008E8E93) addi t4, t4, 0x8
x29 <- 0xFBFFAAAA00400008

mem[X,0x000000008000140C] -> 0x7FBB
mem[X,0x000000008000140E] -> 0xBDDF
[1288] [M]: 0x000000008000140C (0xBDDF7FBB) pmhaccsu.h.bo t6, t5, t4
x31 <- 0x0BAE09AF05EE0917

mem[X,0x0000000080001410] -> 0xB023
mem[X,0x0000000080001412] -> 0x11F0
[1289] [M]: 0x0000000080001410 (0x11F0B023) sd t6, 0x100(ra)
mem[0x0000000080004318] <- 0x0BAE09AF05EE0917

mem[X,0x0000000080001414] -> 0x0F37
mem[X,0x0000000080001416] -> 0x1001
[1290] [M]: 0x0000000080001414 (0x10010F37) lui t5, 0x10010
x30 <- 0x0000000010010000

mem[X,0x0000000080001418] -> 0x0F13
mem[X,0x000000008000141A] -> 0xFFCF
[1291] [M]: 0x0000000080001418 (0xFFCF0F13) addi t5, t5, -0x4
x30 <- 0x000000001000FFFC

mem[X,0x000000008000141C] -> 0x1F13
mem[X,0x000000008000141E] -> 0x00BF
[1292] [M]: 0x000000008000141C (0x00BF1F13) slli t5, t5, 0xb
x30 <- 0x0000008007FFE000

mem[X,0x0000000080001420] -> 0x0F13
mem[X,0x0000000080001422] -> 0x010F
[1293] [M]: 0x0000000080001420 (0x010F0F13) addi t5, t5, 0x10
x30 <- 0x0000008007FFE010

mem[X,0x0000000080001424] -> 0x1F13
mem[X,0x0000000080001426] -> 0x00BF
[1294] [M]: 0x0000000080001424 (0x00BF1F13) slli t5, t5, 0xb
x30 <- 0x0004003FFF008000

mem[X,0x0000000080001428] -> 0x0F13
mem[X,0x000000008000142A] -> 0x000F
[1295] [M]: 0x0000000080001428 (0x000F0F13) addi t5, t5, 0x0
x30 <- 0x0004003FFF008000

mem[X,0x000000008000142C] -> 0x1F13
mem[X,0x000000008000142E] -> 0x00AF
[1296] [M]: 0x000000008000142C (0x00AF1F13) slli t5, t5, 0xa
x30 <- 0x1000FFFC02000000

mem[X,0x0000000080001430] -> 0x0F13
mem[X,0x0000000080001432] -> 0x040F
[1297] [M]: 0x0000000080001430 (0x040F0F13) addi t5, t5, 0x40
x30 <- 0x1000FFFC02000040

mem[X,0x0000000080001434] -> 0x0EB7
mem[X,0x0000000080001436] -> 0x0001
[1298] [M]: 0x0000000080001434 (0x00010EB7) lui t4, 0x10
x29 <- 0x0000000000010000

mem[X,0x0000000080001438] -> 0x8E93
mem[X,0x000000008000143A] -> 0x007E
[1299] [M]: 0x0000000080001438 (0x007E8E93) addi t4, t4, 0x7
x29 <- 0x0000000000010007

clint::tick mtime <- 0x000000000000000D
 clint timer pending at mtime 0x000000000000000D
htif::tick 0x0000000000000000
mem[X,0x000000008000143C] -> 0x9E93
mem[X,0x000000008000143E] -> 0x00BE
[1300] [M]: 0x000000008000143C (0x00BE9E93) slli t4, t4, 0xb
x29 <- 0x0000000008003800

mem[X,0x0000000080001440] -> 0x8E93
mem[X,0x0000000080001442] -> 0x000E
[1301] [M]: 0x0000000080001440 (0x000E8E93) addi t4, t4, 0x0
x29 <- 0x0000000008003800

mem[X,0x0000000080001444] -> 0x9E93
mem[X,0x0000000080001446] -> 0x00BE
[1302] [M]: 0x0000000080001444 (0x00BE9E93) slli t4, t4, 0xb
x29 <- 0x0000004001C00000

mem[X,0x0000000080001448] -> 0x8E93
mem[X,0x000000008000144A] -> 0x000E
[1303] [M]: 0x0000000080001448 (0x000E8E93) addi t4, t4, 0x0
x29 <- 0x0000004001C00000

mem[X,0x000000008000144C] -> 0x9E93
mem[X,0x000000008000144E] -> 0x00AE
[1304] [M]: 0x000000008000144C (0x00AE9E93) slli t4, t4, 0xa
x29 <- 0x0001000700000000

mem[X,0x0000000080001450] -> 0x8E93
mem[X,0x0000000080001452] -> 0x100E
[1305] [M]: 0x0000000080001450 (0x100E8E93) addi t4, t4, 0x100
x29 <- 0x0001000700000100

mem[X,0x0000000080001454] -> 0x7FBB
mem[X,0x0000000080001456] -> 0xBDDF
[1306] [M]: 0x0000000080001454 (0xBDDF7FBB) pmhaccsu.h.bo t6, t5, t4
x31 <- 0x0BAE09AF05EE0917

mem[X,0x0000000080001458] -> 0xB423
mem[X,0x000000008000145A] -> 0x11F0
[1307] [M]: 0x0000000080001458 (0x11F0B423) sd t6, 0x108(ra)
mem[0x0000000080004320] <- 0x0BAE09AF05EE0917

mem[X,0x000000008000145C] -> 0x0F37
mem[X,0x000000008000145E] -> 0x2000
[1308] [M]: 0x000000008000145C (0x20000F37) lui t5, 0x20000
x30 <- 0x0000000020000000

mem[X,0x0000000080001460] -> 0x0F13
mem[X,0x0000000080001462] -> 0x001F
[1309] [M]: 0x0000000080001460 (0x001F0F13) addi t5, t5, 0x1
x30 <- 0x0000000020000001

mem[X,0x0000000080001464] -> 0x1F13
mem[X,0x0000000080001466] -> 0x00BF
[1310] [M]: 0x0000000080001464 (0x00BF1F13) slli t5, t5, 0xb
x30 <- 0x0000010000000800

mem[X,0x0000000080001468] -> 0x0F13
mem[X,0x000000008000146A] -> 0x7FFF
[1311] [M]: 0x0000000080001468 (0x7FFF0F13) addi t5, t5, 0x7ff
x30 <- 0x0000010000000FFF

mem[X,0x000000008000146C] -> 0x1F13
mem[X,0x000000008000146E] -> 0x00BF
[1312] [M]: 0x000000008000146C (0x00BF1F13) slli t5, t5, 0xb
x30 <- 0x00080000007FF800

mem[X,0x0000000080001470] -> 0x0F13
mem[X,0x0000000080001472] -> 0x7FFF
[1313] [M]: 0x0000000080001470 (0x7FFF0F13) addi t5, t5, 0x7ff
x30 <- 0x00080000007FFFFF

mem[X,0x0000000080001474] -> 0x1F13
mem[X,0x0000000080001476] -> 0x00AF
[1314] [M]: 0x0000000080001474 (0x00AF1F13) slli t5, t5, 0xa
x30 <- 0x20000001FFFFFC00

mem[X,0x0000000080001478] -> 0x0F13
mem[X,0x000000008000147A] -> 0x3FBF
[1315] [M]: 0x0000000080001478 (0x3FBF0F13) addi t5, t5, 0x3fb
x30 <- 0x20000001FFFFFFFB

mem[X,0x000000008000147C] -> 0x0EB7
mem[X,0x000000008000147E] -> 0xFFFE
[1316] [M]: 0x000000008000147C (0xFFFE0EB7) lui t4, -0x20
x29 <- 0xFFFFFFFFFFFE0000

mem[X,0x0000000080001480] -> 0x8E93
mem[X,0x0000000080001482] -> 0x006E
[1317] [M]: 0x0000000080001480 (0x006E8E93) addi t4, t4, 0x6
x29 <- 0xFFFFFFFFFFFE0006

mem[X,0x0000000080001484] -> 0x9E93
mem[X,0x0000000080001486] -> 0x00BE
[1318] [M]: 0x0000000080001484 (0x00BE9E93) slli t4, t4, 0xb
x29 <- 0xFFFFFFFFF0003000

mem[X,0x0000000080001488] -> 0x8E93
mem[X,0x000000008000148A] -> 0x2AAE
[1319] [M]: 0x0000000080001488 (0x2AAE8E93) addi t4, t4, 0x2aa
x29 <- 0xFFFFFFFFF00032AA

mem[X,0x000000008000148C] -> 0x9E93
mem[X,0x000000008000148E] -> 0x00BE
[1320] [M]: 0x000000008000148C (0x00BE9E93) slli t4, t4, 0xb
x29 <- 0xFFFFFF8001955000

mem[X,0x0000000080001490] -> 0x8E93
mem[X,0x0000000080001492] -> 0x541E
[1321] [M]: 0x0000000080001490 (0x541E8E93) addi t4, t4, 0x541
x29 <- 0xFFFFFF8001955541

mem[X,0x0000000080001494] -> 0x9E93
mem[X,0x0000000080001496] -> 0x00AE
[1322] [M]: 0x0000000080001494 (0x00AE9E93) slli t4, t4, 0xa
x29 <- 0xFFFE000655550400

mem[X,0x0000000080001498] -> 0x7FBB
mem[X,0x000000008000149A] -> 0xBDDF
[1323] [M]: 0x0000000080001498 (0xBDDF7FBB) pmhaccsu.h.bo t6, t5, t4
x31 <- 0x0BCD09AF0642091A

mem[X,0x000000008000149C] -> 0xB823
mem[X,0x000000008000149E] -> 0x11F0
[1324] [M]: 0x000000008000149C (0x11F0B823) sd t6, 0x110(ra)
mem[0x0000000080004328] <- 0x0BCD09AF0642091A

mem[X,0x00000000800014A0] -> 0x4F37
mem[X,0x00000000800014A2] -> 0x0080
[1325] [M]: 0x00000000800014A0 (0x00804F37) lui t5, 0x804
x30 <- 0x0000000000804000

mem[X,0x00000000800014A4] -> 0x0F13
mem[X,0x00000000800014A6] -> 0x000F
[1326] [M]: 0x00000000800014A4 (0x000F0F13) addi t5, t5, 0x0
x30 <- 0x0000000000804000

mem[X,0x00000000800014A8] -> 0x1F13
mem[X,0x00000000800014AA] -> 0x00BF
[1327] [M]: 0x00000000800014A8 (0x00BF1F13) slli t5, t5, 0xb
x30 <- 0x0000000402000000

mem[X,0x00000000800014AC] -> 0x0F13
mem[X,0x00000000800014AE] -> 0x020F
[1328] [M]: 0x00000000800014AC (0x020F0F13) addi t5, t5, 0x20
x30 <- 0x0000000402000020

mem[X,0x00000000800014B0] -> 0x1F13
mem[X,0x00000000800014B2] -> 0x00BF
[1329] [M]: 0x00000000800014B0 (0x00BF1F13) slli t5, t5, 0xb
x30 <- 0x0000201000010000

mem[X,0x00000000800014B4] -> 0x0F13
mem[X,0x00000000800014B6] -> 0x000F
[1330] [M]: 0x00000000800014B4 (0x000F0F13) addi t5, t5, 0x0
x30 <- 0x0000201000010000

mem[X,0x00000000800014B8] -> 0x1F13
mem[X,0x00000000800014BA] -> 0x00AF
[1331] [M]: 0x00000000800014B8 (0x00AF1F13) slli t5, t5, 0xa
x30 <- 0x0080400004000000

mem[X,0x00000000800014BC] -> 0x0F13
mem[X,0x00000000800014BE] -> 0x006F
[1332] [M]: 0x00000000800014BC (0x006F0F13) addi t5, t5, 0x6
x30 <- 0x0080400004000006

mem[X,0x00000000800014C0] -> 0x0EB7
mem[X,0x00000000800014C2] -> 0x0400
[1333] [M]: 0x00000000800014C0 (0x04000EB7) lui t4, 0x4000
x29 <- 0x0000000004000000

mem[X,0x00000000800014C4] -> 0x8E93
mem[X,0x00000000800014C6] -> 0x000E
[1334] [M]: 0x00000000800014C4 (0x000E8E93) addi t4, t4, 0x0
x29 <- 0x0000000004000000

mem[X,0x00000000800014C8] -> 0x9E93
mem[X,0x00000000800014CA] -> 0x00BE
[1335] [M]: 0x00000000800014C8 (0x00BE9E93) slli t4, t4, 0xb
x29 <- 0x0000002000000000

mem[X,0x00000000800014CC] -> 0x8E93
mem[X,0x00000000800014CE] -> 0x004E
[1336] [M]: 0x00000000800014CC (0x004E8E93) addi t4, t4, 0x4
x29 <- 0x0000002000000004

mem[X,0x00000000800014D0] -> 0x9E93
mem[X,0x00000000800014D2] -> 0x00BE
[1337] [M]: 0x00000000800014D0 (0x00BE9E93) slli t4, t4, 0xb
x29 <- 0x0001000000002000

mem[X,0x00000000800014D4] -> 0x8E93
mem[X,0x00000000800014D6] -> 0x002E
[1338] [M]: 0x00000000800014D4 (0x002E8E93) addi t4, t4, 0x2
x29 <- 0x0001000000002002

mem[X,0x00000000800014D8] -> 0x9E93
mem[X,0x00000000800014DA] -> 0x00AE
[1339] [M]: 0x00000000800014D8 (0x00AE9E93) slli t4, t4, 0xa
x29 <- 0x0400000000800800

mem[X,0x00000000800014DC] -> 0x7FBB
mem[X,0x00000000800014DE] -> 0xBDDF
[1340] [M]: 0x00000000800014DC (0xBDDF7FBB) pmhaccsu.h.bo t6, t5, t4
x31 <- 0x0BCD09AF0642091A

mem[X,0x00000000800014E0] -> 0xBC23
mem[X,0x00000000800014E2] -> 0x11F0
[1341] [M]: 0x00000000800014E0 (0x11F0BC23) sd t6, 0x118(ra)
mem[0x0000000080004330] <- 0x0BCD09AF0642091A

mem[X,0x00000000800014E4] -> 0x0F37
mem[X,0x00000000800014E6] -> 0x000A
[1342] [M]: 0x00000000800014E4 (0x000A0F37) lui t5, 0xa0
x30 <- 0x00000000000A0000

mem[X,0x00000000800014E8] -> 0x0F13
mem[X,0x00000000800014EA] -> 0xFFBF
[1343] [M]: 0x00000000800014E8 (0xFFBF0F13) addi t5, t5, -0x5
x30 <- 0x000000000009FFFB

mem[X,0x00000000800014EC] -> 0x1F13
mem[X,0x00000000800014EE] -> 0x00BF
[1344] [M]: 0x00000000800014EC (0x00BF1F13) slli t5, t5, 0xb
x30 <- 0x000000004FFFD800

mem[X,0x00000000800014F0] -> 0x0F13
mem[X,0x00000000800014F2] -> 0x010F
[1345] [M]: 0x00000000800014F0 (0x010F0F13) addi t5, t5, 0x10
x30 <- 0x000000004FFFD810

mem[X,0x00000000800014F4] -> 0x1F13
mem[X,0x00000000800014F6] -> 0x00BF
[1346] [M]: 0x00000000800014F4 (0x00BF1F13) slli t5, t5, 0xb
x30 <- 0x0000027FFEC08000

mem[X,0x00000000800014F8] -> 0x0F13
mem[X,0x00000000800014FA] -> 0x01FF
[1347] [M]: 0x00000000800014F8 (0x01FF0F13) addi t5, t5, 0x1f
x30 <- 0x0000027FFEC0801F

mem[X,0x00000000800014FC] -> 0x1F13
mem[X,0x00000000800014FE] -> 0x00AF
[1348] [M]: 0x00000000800014FC (0x00AF1F13) slli t5, t5, 0xa
x30 <- 0x0009FFFB02007C00

mem[X,0x0000000080001500] -> 0x0F13
mem[X,0x0000000080001502] -> 0x3FFF
[1349] [M]: 0x0000000080001500 (0x3FFF0F13) addi t5, t5, 0x3ff
x30 <- 0x0009FFFB02007FFF

mem[X,0x0000000080001504] -> 0x2EB7
mem[X,0x0000000080001506] -> 0xF7FF
[1350] [M]: 0x0000000080001504 (0xF7FF2EB7) lui t4, -0x800e
x29 <- 0xFFFFFFFFF7FF2000

mem[X,0x0000000080001508] -> 0x8E93
mem[X,0x000000008000150A] -> 0x000E
[1351] [M]: 0x0000000080001508 (0x000E8E93) addi t4, t4, 0x0
x29 <- 0xFFFFFFFFF7FF2000

mem[X,0x000000008000150C] -> 0x9E93
mem[X,0x000000008000150E] -> 0x00BE
[1352] [M]: 0x000000008000150C (0x00BE9E93) slli t4, t4, 0xb
x29 <- 0xFFFFFFBFF9000000

mem[X,0x0000000080001510] -> 0x8E93
mem[X,0x0000000080001512] -> 0x7F7E
[1353] [M]: 0x0000000080001510 (0x7F7E8E93) addi t4, t4, 0x7f7
x29 <- 0xFFFFFFBFF90007F7

mem[X,0x0000000080001514] -> 0x9E93
mem[X,0x0000000080001516] -> 0x00BE
[1354] [M]: 0x0000000080001514 (0x00BE9E93) slli t4, t4, 0xb
x29 <- 0xFFFDFFC8003FB800

mem[X,0x0000000080001518] -> 0x8E93
mem[X,0x000000008000151A] -> 0x7C4E
[1355] [M]: 0x0000000080001518 (0x7C4E8E93) addi t4, t4, 0x7c4
x29 <- 0xFFFDFFC8003FBFC4

mem[X,0x000000008000151C] -> 0x9E93
mem[X,0x000000008000151E] -> 0x00AE
[1356] [M]: 0x000000008000151C (0x00AE9E93) slli t4, t4, 0xa
x29 <- 0xF7FF2000FEFF1000

mem[X,0x0000000080001520] -> 0x7FBB
mem[X,0x0000000080001522] -> 0xBDDF
[1357] [M]: 0x0000000080001520 (0xBDDF7FBB) pmhaccsu.h.bo t6, t5, t4
x31 <- 0x0BCD09CE06430921

mem[X,0x0000000080001524] -> 0xB023
mem[X,0x0000000080001526] -> 0x13F0
[1358] [M]: 0x0000000080001524 (0x13F0B023) sd t6, 0x120(ra)
mem[0x0000000080004338] <- 0x0BCD09CE06430921

mem[X,0x0000000080001528] -> 0x0F37
mem[X,0x000000008000152A] -> 0x0009
[1359] [M]: 0x0000000080001528 (0x00090F37) lui t5, 0x90
x30 <- 0x0000000000090000

mem[X,0x000000008000152C] -> 0x0F13
mem[X,0x000000008000152E] -> 0xFFBF
[1360] [M]: 0x000000008000152C (0xFFBF0F13) addi t5, t5, -0x5
x30 <- 0x000000000008FFFB

mem[X,0x0000000080001530] -> 0x1F13
mem[X,0x0000000080001532] -> 0x00BF
[1361] [M]: 0x0000000080001530 (0x00BF1F13) slli t5, t5, 0xb
x30 <- 0x0000000047FFD800

mem[X,0x0000000080001534] -> 0x0F13
mem[X,0x0000000080001536] -> 0x600F
[1362] [M]: 0x0000000080001534 (0x600F0F13) addi t5, t5, 0x600
x30 <- 0x0000000047FFDE00

mem[X,0x0000000080001538] -> 0x1F13
mem[X,0x000000008000153A] -> 0x00BF
[1363] [M]: 0x0000000080001538 (0x00BF1F13) slli t5, t5, 0xb
x30 <- 0x0000023FFEF00000

mem[X,0x000000008000153C] -> 0x0F13
mem[X,0x000000008000153E] -> 0x002F
[1364] [M]: 0x000000008000153C (0x002F0F13) addi t5, t5, 0x2
x30 <- 0x0000023FFEF00002

mem[X,0x0000000080001540] -> 0x1F13
mem[X,0x0000000080001542] -> 0x00AF
[1365] [M]: 0x0000000080001540 (0x00AF1F13) slli t5, t5, 0xa
x30 <- 0x0008FFFBC0000800

mem[X,0x0000000080001544] -> 0x1EB7
mem[X,0x0000000080001546] -> 0xAAAA
[1366] [M]: 0x0000000080001544 (0xAAAA1EB7) lui t4, -0x5555f
x29 <- 0xFFFFFFFFAAAA1000

mem[X,0x0000000080001548] -> 0x8E93
mem[X,0x000000008000154A] -> 0x000E
[1367] [M]: 0x0000000080001548 (0x000E8E93) addi t4, t4, 0x0
x29 <- 0xFFFFFFFFAAAA1000

mem[X,0x000000008000154C] -> 0x9E93
mem[X,0x000000008000154E] -> 0x00BE
[1368] [M]: 0x000000008000154C (0x00BE9E93) slli t4, t4, 0xb
x29 <- 0xFFFFFD5550800000

mem[X,0x0000000080001550] -> 0x8E93
mem[X,0x0000000080001552] -> 0x002E
[1369] [M]: 0x0000000080001550 (0x002E8E93) addi t4, t4, 0x2
x29 <- 0xFFFFFD5550800002

mem[X,0x0000000080001554] -> 0x9E93
mem[X,0x0000000080001556] -> 0x00BE
[1370] [M]: 0x0000000080001554 (0x00BE9E93) slli t4, t4, 0xb
x29 <- 0xFFEAAA8400001000

mem[X,0x0000000080001558] -> 0x8E93
mem[X,0x000000008000155A] -> 0x008E
[1371] [M]: 0x0000000080001558 (0x008E8E93) addi t4, t4, 0x8
x29 <- 0xFFEAAA8400001008

mem[X,0x000000008000155C] -> 0x9E93
mem[X,0x000000008000155E] -> 0x00AE
[1372] [M]: 0x000000008000155C (0x00AE9E93) slli t4, t4, 0xa
x29 <- 0xAAAA100000402000

mem[X,0x0000000080001560] -> 0x7FBB
mem[X,0x0000000080001562] -> 0xBDDF
[1373] [M]: 0x0000000080001560 (0xBDDF7FBB) pmhaccsu.h.bo t6, t5, t4
x31 <- 0x0BCD09DD06430922

mem[X,0x0000000080001564] -> 0xB423
mem[X,0x0000000080001566] -> 0x13F0
[1374] [M]: 0x0000000080001564 (0x13F0B423) sd t6, 0x128(ra)
mem[0x0000000080004340] <- 0x0BCD09DD06430922

mem[X,0x0000000080001568] -> 0x0F37
mem[X,0x000000008000156A] -> 0xF000
[1375] [M]: 0x0000000080001568 (0xF0000F37) lui t5, -0x10000
x30 <- 0xFFFFFFFFF0000000

mem[X,0x000000008000156C] -> 0x0F13
mem[X,0x000000008000156E] -> 0xDFFF
[1376] [M]: 0x000000008000156C (0xDFFF0F13) addi t5, t5, -0x201
x30 <- 0xFFFFFFFFEFFFFDFF

mem[X,0x0000000080001570] -> 0x1F13
mem[X,0x0000000080001572] -> 0x00BF
[1377] [M]: 0x0000000080001570 (0x00BF1F13) slli t5, t5, 0xb
x30 <- 0xFFFFFF7FFFEFF800

mem[X,0x0000000080001574] -> 0x0F13
mem[X,0x0000000080001576] -> 0x080F
[1378] [M]: 0x0000000080001574 (0x080F0F13) addi t5, t5, 0x80
x30 <- 0xFFFFFF7FFFEFF880

mem[X,0x0000000080001578] -> 0x1F13
mem[X,0x000000008000157A] -> 0x00BF
[1379] [M]: 0x0000000080001578 (0x00BF1F13) slli t5, t5, 0xb
x30 <- 0xFFFBFFFF7FC40000

mem[X,0x000000008000157C] -> 0x0F13
mem[X,0x000000008000157E] -> 0x03FF
[1380] [M]: 0x000000008000157C (0x03FF0F13) addi t5, t5, 0x3f
x30 <- 0xFFFBFFFF7FC4003F

mem[X,0x0000000080001580] -> 0x1F13
mem[X,0x0000000080001582] -> 0x00AF
[1381] [M]: 0x0000000080001580 (0x00AF1F13) slli t5, t5, 0xa
x30 <- 0xEFFFFDFF1000FC00

mem[X,0x0000000080001584] -> 0x0F13
mem[X,0x0000000080001586] -> 0x3F6F
[1382] [M]: 0x0000000080001584 (0x3F6F0F13) addi t5, t5, 0x3f6
x30 <- 0xEFFFFDFF1000FFF6

mem[X,0x0000000080001588] -> 0x0EB7
mem[X,0x000000008000158A] -> 0x0101
[1383] [M]: 0x0000000080001588 (0x01010EB7) lui t4, 0x1010
x29 <- 0x0000000001010000

mem[X,0x000000008000158C] -> 0x8E93
mem[X,0x000000008000158E] -> 0xFDFE
[1384] [M]: 0x000000008000158C (0xFDFE8E93) addi t4, t4, -0x21
x29 <- 0x000000000100FFDF

mem[X,0x0000000080001590] -> 0x9E93
mem[X,0x0000000080001592] -> 0x00BE
[1385] [M]: 0x0000000080001590 (0x00BE9E93) slli t4, t4, 0xb
x29 <- 0x0000000807FEF800

mem[X,0x0000000080001594] -> 0x8E93
mem[X,0x0000000080001596] -> 0x7FFE
[1386] [M]: 0x0000000080001594 (0x7FFE8E93) addi t4, t4, 0x7ff
x29 <- 0x0000000807FEFFFF

mem[X,0x0000000080001598] -> 0x9E93
mem[X,0x000000008000159A] -> 0x00BE
[1387] [M]: 0x0000000080001598 (0x00BE9E93) slli t4, t4, 0xb
x29 <- 0x0000403FF7FFF800

mem[X,0x000000008000159C] -> 0x8E93
mem[X,0x000000008000159E] -> 0x5BFE
[1388] [M]: 0x000000008000159C (0x5BFE8E93) addi t4, t4, 0x5bf
x29 <- 0x0000403FF7FFFDBF

mem[X,0x00000000800015A0] -> 0x9E93
mem[X,0x00000000800015A2] -> 0x00AE
[1389] [M]: 0x00000000800015A0 (0x00AE9E93) slli t4, t4, 0xa
x29 <- 0x0100FFDFFFF6FC00

mem[X,0x00000000800015A4] -> 0x8E93
mem[X,0x00000000800015A6] -> 0x1FFE
[1390] [M]: 0x00000000800015A4 (0x1FFE8E93) addi t4, t4, 0x1ff
x29 <- 0x0100FFDFFFF6FDFF

mem[X,0x00000000800015A8] -> 0x7FBB
mem[X,0x00000000800015AA] -> 0xBDDF
[1391] [M]: 0x00000000800015A8 (0xBDDF7FBB) pmhaccsu.h.bo t6, t5, t4
x31 <- 0x0BCD0ADA06520A1E

mem[X,0x00000000800015AC] -> 0xB823
mem[X,0x00000000800015AE] -> 0x13F0
[1392] [M]: 0x00000000800015AC (0x13F0B823) sd t6, 0x130(ra)
mem[0x0000000080004348] <- 0x0BCD0ADA06520A1E

mem[X,0x00000000800015B0] -> 0xCF37
mem[X,0x00000000800015B2] -> 0xFFFB
[1393] [M]: 0x00000000800015B0 (0xFFFBCF37) lui t5, -0x44
x30 <- 0xFFFFFFFFFFFBC000

mem[X,0x00000000800015B4] -> 0x0F13
mem[X,0x00000000800015B6] -> 0x000F
[1394] [M]: 0x00000000800015B4 (0x000F0F13) addi t5, t5, 0x0
x30 <- 0xFFFFFFFFFFFBC000

mem[X,0x00000000800015B8] -> 0x1F13
mem[X,0x00000000800015BA] -> 0x00BF
[1395] [M]: 0x00000000800015B8 (0x00BF1F13) slli t5, t5, 0xb
x30 <- 0xFFFFFFFFDE000000

mem[X,0x00000000800015BC] -> 0x0F13
mem[X,0x00000000800015BE] -> 0x5FFF
[1396] [M]: 0x00000000800015BC (0x5FFF0F13) addi t5, t5, 0x5ff
x30 <- 0xFFFFFFFFDE0005FF

mem[X,0x00000000800015C0] -> 0x1F13
mem[X,0x00000000800015C2] -> 0x00BF
[1397] [M]: 0x00000000800015C0 (0x00BF1F13) slli t5, t5, 0xb
x30 <- 0xFFFFFEF0002FF800

mem[X,0x00000000800015C4] -> 0x0F13
mem[X,0x00000000800015C6] -> 0x7FFF
[1398] [M]: 0x00000000800015C4 (0x7FFF0F13) addi t5, t5, 0x7ff
x30 <- 0xFFFFFEF0002FFFFF

mem[X,0x00000000800015C8] -> 0x1F13
mem[X,0x00000000800015CA] -> 0x00AF
[1399] [M]: 0x00000000800015C8 (0x00AF1F13) slli t5, t5, 0xa
x30 <- 0xFFFBC000BFFFFC00

clint::tick mtime <- 0x000000000000000E
 clint timer pending at mtime 0x000000000000000E
htif::tick 0x0000000000000000
mem[X,0x00000000800015CC] -> 0x0F13
mem[X,0x00000000800015CE] -> 0x3EFF
[1400] [M]: 0x00000000800015CC (0x3EFF0F13) addi t5, t5, 0x3ef
x30 <- 0xFFFBC000BFFFFFEF

mem[X,0x00000000800015D0] -> 0x8EB7
mem[X,0x00000000800015D2] -> 0xFFFE
[1401] [M]: 0x00000000800015D0 (0xFFFE8EB7) lui t4, -0x18
x29 <- 0xFFFFFFFFFFFE8000

mem[X,0x00000000800015D4] -> 0x8E93
mem[X,0x00000000800015D6] -> 0xFFFE
[1402] [M]: 0x00000000800015D4 (0xFFFE8E93) addi t4, t4, -0x1
x29 <- 0xFFFFFFFFFFFE7FFF

mem[X,0x00000000800015D8] -> 0x9E93
mem[X,0x00000000800015DA] -> 0x00BE
[1403] [M]: 0x00000000800015D8 (0x00BE9E93) slli t4, t4, 0xb
x29 <- 0xFFFFFFFFF3FFF800

mem[X,0x00000000800015DC] -> 0x8E93
mem[X,0x00000000800015DE] -> 0x600E
[1404] [M]: 0x00000000800015DC (0x600E8E93) addi t4, t4, 0x600
x29 <- 0xFFFFFFFFF3FFFE00

mem[X,0x00000000800015E0] -> 0x9E93
mem[X,0x00000000800015E2] -> 0x00BE
[1405] [M]: 0x00000000800015E0 (0x00BE9E93) slli t4, t4, 0xb
x29 <- 0xFFFFFF9FFFF00000

mem[X,0x00000000800015E4] -> 0x8E93
mem[X,0x00000000800015E6] -> 0x03BE
[1406] [M]: 0x00000000800015E4 (0x03BE8E93) addi t4, t4, 0x3b
x29 <- 0xFFFFFF9FFFF0003B

mem[X,0x00000000800015E8] -> 0x9E93
mem[X,0x00000000800015EA] -> 0x00AE
[1407] [M]: 0x00000000800015E8 (0x00AE9E93) slli t4, t4, 0xa
x29 <- 0xFFFE7FFFC000EC00

mem[X,0x00000000800015EC] -> 0x8E93
mem[X,0x00000000800015EE] -> 0x3FFE
[1408] [M]: 0x00000000800015EC (0x3FFE8E93) addi t4, t4, 0x3ff
x29 <- 0xFFFE7FFFC000EFFF

mem[X,0x00000000800015F0] -> 0x7FBB
mem[X,0x00000000800015F2] -> 0xBDDF
[1409] [M]: 0x00000000800015F0 (0xBDDF7FBB) pmhaccsu.h.bo t6, t5, t4
x31 <- 0x0CCB0B3906E10B0C

mem[X,0x00000000800015F4] -> 0xBC23
mem[X,0x00000000800015F6] -> 0x13F0
[1410] [M]: 0x00000000800015F4 (0x13F0BC23) sd t6, 0x138(ra)
mem[0x0000000080004350] <- 0x0CCB0B3906E10B0C

mem[X,0x00000000800015F8] -> 0x0F37
mem[X,0x00000000800015FA] -> 0x0001
[1411] [M]: 0x00000000800015F8 (0x00010F37) lui t5, 0x10
x30 <- 0x0000000000010000

mem[X,0x00000000800015FC] -> 0x0F13
mem[X,0x00000000800015FE] -> 0xDFFF
[1412] [M]: 0x00000000800015FC (0xDFFF0F13) addi t5, t5, -0x201
x30 <- 0x000000000000FDFF

mem[X,0x0000000080001600] -> 0x1F13
mem[X,0x0000000080001602] -> 0x00BF
[1413] [M]: 0x0000000080001600 (0x00BF1F13) slli t5, t5, 0xb
x30 <- 0x0000000007EFF800

mem[X,0x0000000080001604] -> 0x0F13
mem[X,0x0000000080001606] -> 0x7FFF
[1414] [M]: 0x0000000080001604 (0x7FFF0F13) addi t5, t5, 0x7ff
x30 <- 0x0000000007EFFFFF

mem[X,0x0000000080001608] -> 0x1F13
mem[X,0x000000008000160A] -> 0x00BF
[1415] [M]: 0x0000000080001608 (0x00BF1F13) slli t5, t5, 0xb
x30 <- 0x0000003F7FFFF800

mem[X,0x000000008000160C] -> 0x0F13
mem[X,0x000000008000160E] -> 0x750F
[1416] [M]: 0x000000008000160C (0x750F0F13) addi t5, t5, 0x750
x30 <- 0x0000003F7FFFFF50

mem[X,0x0000000080001610] -> 0x1F13
mem[X,0x0000000080001612] -> 0x00AF
[1417] [M]: 0x0000000080001610 (0x00AF1F13) slli t5, t5, 0xa
x30 <- 0x0000FDFFFFFD4000

mem[X,0x0000000080001614] -> 0x0EB7
mem[X,0x0000000080001616] -> 0x3FFF
[1418] [M]: 0x0000000080001614 (0x3FFF0EB7) lui t4, 0x3fff0
x29 <- 0x000000003FFF0000

mem[X,0x0000000080001618] -> 0x8E93
mem[X,0x000000008000161A] -> 0x200E
[1419] [M]: 0x0000000080001618 (0x200E8E93) addi t4, t4, 0x200
x29 <- 0x000000003FFF0200

mem[X,0x000000008000161C] -> 0x9E93
mem[X,0x000000008000161E] -> 0x00BE
[1420] [M]: 0x000000008000161C (0x00BE9E93) slli t4, t4, 0xb
x29 <- 0x000001FFF8100000

mem[X,0x0000000080001620] -> 0x8E93
mem[X,0x0000000080001622] -> 0x7FFE
[1421] [M]: 0x0000000080001620 (0x7FFE8E93) addi t4, t4, 0x7ff
x29 <- 0x000001FFF81007FF

mem[X,0x0000000080001624] -> 0x9E93
mem[X,0x0000000080001626] -> 0x00BE
[1422] [M]: 0x0000000080001624 (0x00BE9E93) slli t4, t4, 0xb
x29 <- 0x000FFFC0803FF800

mem[X,0x0000000080001628] -> 0x8E93
mem[X,0x000000008000162A] -> 0x7B7E
[1423] [M]: 0x0000000080001628 (0x7B7E8E93) addi t4, t4, 0x7b7
x29 <- 0x000FFFC0803FFFB7

mem[X,0x000000008000162C] -> 0x9E93
mem[X,0x000000008000162E] -> 0x00AE
[1424] [M]: 0x000000008000162C (0x00AE9E93) slli t4, t4, 0xa
x29 <- 0x3FFF0200FFFEDC00

mem[X,0x0000000080001630] -> 0x8E93
mem[X,0x0000000080001632] -> 0x3FFE
[1425] [M]: 0x0000000080001630 (0x3FFE8E93) addi t4, t4, 0x3ff
x29 <- 0x3FFF0200FFFEDFFF

mem[X,0x0000000080001634] -> 0x7FBB
mem[X,0x0000000080001636] -> 0xBDDF
[1426] [M]: 0x0000000080001634 (0xBDDF7FBB) pmhaccsu.h.bo t6, t5, t4
x31 <- 0x0CCB0B3A07DF0B43

mem[X,0x0000000080001638] -> 0xB023
mem[X,0x000000008000163A] -> 0x15F0
[1427] [M]: 0x0000000080001638 (0x15F0B023) sd t6, 0x140(ra)
mem[0x0000000080004358] <- 0x0CCB0B3A07DF0B43

mem[X,0x000000008000163C] -> 0xBF37
mem[X,0x000000008000163E] -> 0xFFFE
[1428] [M]: 0x000000008000163C (0xFFFEBF37) lui t5, -0x15
x30 <- 0xFFFFFFFFFFFEB000

mem[X,0x0000000080001640] -> 0x0F13
mem[X,0x0000000080001642] -> 0xAAAF
[1429] [M]: 0x0000000080001640 (0xAAAF0F13) addi t5, t5, -0x556
x30 <- 0xFFFFFFFFFFFEAAAA

mem[X,0x0000000080001644] -> 0x1F13
mem[X,0x0000000080001646] -> 0x00BF
[1430] [M]: 0x0000000080001644 (0x00BF1F13) slli t5, t5, 0xb
x30 <- 0xFFFFFFFFF5555000

mem[X,0x0000000080001648] -> 0x0F13
mem[X,0x000000008000164A] -> 0x5FFF
[1431] [M]: 0x0000000080001648 (0x5FFF0F13) addi t5, t5, 0x5ff
x30 <- 0xFFFFFFFFF55555FF

mem[X,0x000000008000164C] -> 0x1F13
mem[X,0x000000008000164E] -> 0x00BF
[1432] [M]: 0x000000008000164C (0x00BF1F13) slli t5, t5, 0xb
x30 <- 0xFFFFFFAAAAAFF800

mem[X,0x0000000080001650] -> 0x0F13
mem[X,0x0000000080001652] -> 0x7FFF
[1433] [M]: 0x0000000080001650 (0x7FFF0F13) addi t5, t5, 0x7ff
x30 <- 0xFFFFFFAAAAAFFFFF

mem[X,0x0000000080001654] -> 0x1F13
mem[X,0x0000000080001656] -> 0x00AF
[1434] [M]: 0x0000000080001654 (0x00AF1F13) slli t5, t5, 0xa
x30 <- 0xFFFEAAAABFFFFC00

mem[X,0x0000000080001658] -> 0x0F13
mem[X,0x000000008000165A] -> 0x37FF
[1435] [M]: 0x0000000080001658 (0x37FF0F13) addi t5, t5, 0x37f
x30 <- 0xFFFEAAAABFFFFF7F

mem[X,0x000000008000165C] -> 0x0EB7
mem[X,0x000000008000165E] -> 0xE000
[1436] [M]: 0x000000008000165C (0xE0000EB7) lui t4, -0x20000
x29 <- 0xFFFFFFFFE0000000

mem[X,0x0000000080001660] -> 0x8E93
mem[X,0x0000000080001662] -> 0xFDFE
[1437] [M]: 0x0000000080001660 (0xFDFE8E93) addi t4, t4, -0x21
x29 <- 0xFFFFFFFFDFFFFFDF

mem[X,0x0000000080001664] -> 0x9E93
mem[X,0x0000000080001666] -> 0x00BE
[1438] [M]: 0x0000000080001664 (0x00BE9E93) slli t4, t4, 0xb
x29 <- 0xFFFFFEFFFFFEF800

mem[X,0x0000000080001668] -> 0x8E93
mem[X,0x000000008000166A] -> 0x400E
[1439] [M]: 0x0000000080001668 (0x400E8E93) addi t4, t4, 0x400
x29 <- 0xFFFFFEFFFFFEFC00

mem[X,0x000000008000166C] -> 0x9E93
mem[X,0x000000008000166E] -> 0x00BE
[1440] [M]: 0x000000008000166C (0x00BE9E93) slli t4, t4, 0xb
x29 <- 0xFFF7FFFFF7E00000

mem[X,0x0000000080001670] -> 0x8E93
mem[X,0x0000000080001672] -> 0x03FE
[1441] [M]: 0x0000000080001670 (0x03FE8E93) addi t4, t4, 0x3f
x29 <- 0xFFF7FFFFF7E0003F

mem[X,0x0000000080001674] -> 0x9E93
mem[X,0x0000000080001676] -> 0x00AE
[1442] [M]: 0x0000000080001674 (0x00AE9E93) slli t4, t4, 0xa
x29 <- 0xDFFFFFDF8000FC00

mem[X,0x0000000080001678] -> 0x8E93
mem[X,0x000000008000167A] -> 0x3BFE
[1443] [M]: 0x0000000080001678 (0x3BFE8E93) addi t4, t4, 0x3bf
x29 <- 0xDFFFFFDF8000FFBF

mem[X,0x000000008000167C] -> 0x7FBB
mem[X,0x000000008000167E] -> 0xBDDF
[1444] [M]: 0x000000008000167C (0xBDDF7FBB) pmhaccsu.h.bo t6, t5, t4
x31 <- 0x0DA90BE3083E0C41

mem[X,0x0000000080001680] -> 0xB423
mem[X,0x0000000080001682] -> 0x15F0
[1445] [M]: 0x0000000080001680 (0x15F0B423) sd t6, 0x148(ra)
mem[0x0000000080004360] <- 0x0DA90BE3083E0C41

mem[X,0x0000000080001684] -> 0x0F37
mem[X,0x0000000080001686] -> 0x8000
[1446] [M]: 0x0000000080001684 (0x80000F37) lui t5, -0x80000
x30 <- 0xFFFFFFFF80000000

mem[X,0x0000000080001688] -> 0x0F13
mem[X,0x000000008000168A] -> 0xFF6F
[1447] [M]: 0x0000000080001688 (0xFF6F0F13) addi t5, t5, -0xa
x30 <- 0xFFFFFFFF7FFFFFF6

mem[X,0x000000008000168C] -> 0x1F13
mem[X,0x000000008000168E] -> 0x00BF
[1448] [M]: 0x000000008000168C (0x00BF1F13) slli t5, t5, 0xb
x30 <- 0xFFFFFBFFFFFFB000

mem[X,0x0000000080001690] -> 0x0F13
mem[X,0x0000000080001692] -> 0x100F
[1449] [M]: 0x0000000080001690 (0x100F0F13) addi t5, t5, 0x100
x30 <- 0xFFFFFBFFFFFFB100

mem[X,0x0000000080001694] -> 0x1F13
mem[X,0x0000000080001696] -> 0x00BF
[1450] [M]: 0x0000000080001694 (0x00BF1F13) slli t5, t5, 0xb
x30 <- 0xFFDFFFFFFD880000

mem[X,0x0000000080001698] -> 0x0F13
mem[X,0x000000008000169A] -> 0x000F
[1451] [M]: 0x0000000080001698 (0x000F0F13) addi t5, t5, 0x0
x30 <- 0xFFDFFFFFFD880000

mem[X,0x000000008000169C] -> 0x1F13
mem[X,0x000000008000169E] -> 0x00AF
[1452] [M]: 0x000000008000169C (0x00AF1F13) slli t5, t5, 0xa
x30 <- 0x7FFFFFF620000000

mem[X,0x00000000800016A0] -> 0x0F13
mem[X,0x00000000800016A2] -> 0x009F
[1453] [M]: 0x00000000800016A0 (0x009F0F13) addi t5, t5, 0x9
x30 <- 0x7FFFFFF620000009

mem[X,0x00000000800016A4] -> 0x0EB7
mem[X,0x00000000800016A6] -> 0x2000
[1454] [M]: 0x00000000800016A4 (0x20000EB7) lui t4, 0x20000
x29 <- 0x0000000020000000

mem[X,0x00000000800016A8] -> 0x8E93
mem[X,0x00000000800016AA] -> 0x008E
[1455] [M]: 0x00000000800016A8 (0x008E8E93) addi t4, t4, 0x8
x29 <- 0x0000000020000008

mem[X,0x00000000800016AC] -> 0x9E93
mem[X,0x00000000800016AE] -> 0x00BE
[1456] [M]: 0x00000000800016AC (0x00BE9E93) slli t4, t4, 0xb
x29 <- 0x0000010000004000

mem[X,0x00000000800016B0] -> 0x8E93
mem[X,0x00000000800016B2] -> 0x000E
[1457] [M]: 0x00000000800016B0 (0x000E8E93) addi t4, t4, 0x0
x29 <- 0x0000010000004000

mem[X,0x00000000800016B4] -> 0x9E93
mem[X,0x00000000800016B6] -> 0x00BE
[1458] [M]: 0x00000000800016B4 (0x00BE9E93) slli t4, t4, 0xb
x29 <- 0x0008000002000000

mem[X,0x00000000800016B8] -> 0x8E93
mem[X,0x00000000800016BA] -> 0x07FE
[1459] [M]: 0x00000000800016B8 (0x07FE8E93) addi t4, t4, 0x7f
x29 <- 0x000800000200007F

mem[X,0x00000000800016BC] -> 0x9E93
mem[X,0x00000000800016BE] -> 0x00AE
[1460] [M]: 0x00000000800016BC (0x00AE9E93) slli t4, t4, 0xa
x29 <- 0x200000080001FC00

mem[X,0x00000000800016C0] -> 0x8E93
mem[X,0x00000000800016C2] -> 0x3FCE
[1461] [M]: 0x00000000800016C0 (0x3FCE8E93) addi t4, t4, 0x3fc
x29 <- 0x200000080001FFFC

mem[X,0x00000000800016C4] -> 0x7FBB
mem[X,0x00000000800016C6] -> 0xBDDF
[1462] [M]: 0x00000000800016C4 (0xBDDF7FBB) pmhaccsu.h.bo t6, t5, t4
x31 <- 0x0DB80BE3083E0C41

mem[X,0x00000000800016C8] -> 0xB823
mem[X,0x00000000800016CA] -> 0x15F0
[1463] [M]: 0x00000000800016C8 (0x15F0B823) sd t6, 0x150(ra)
mem[0x0000000080004368] <- 0x0DB80BE3083E0C41

mem[X,0x00000000800016CC] -> 0xCF37
mem[X,0x00000000800016CE] -> 0x0020
[1464] [M]: 0x00000000800016CC (0x0020CF37) lui t5, 0x20c
x30 <- 0x000000000020C000

mem[X,0x00000000800016D0] -> 0x0F13
mem[X,0x00000000800016D2] -> 0x000F
[1465] [M]: 0x00000000800016D0 (0x000F0F13) addi t5, t5, 0x0
x30 <- 0x000000000020C000

mem[X,0x00000000800016D4] -> 0x1F13
mem[X,0x00000000800016D6] -> 0x00BF
[1466] [M]: 0x00000000800016D4 (0x00BF1F13) slli t5, t5, 0xb
x30 <- 0x0000000106000000

mem[X,0x00000000800016D8] -> 0x0F13
mem[X,0x00000000800016DA] -> 0x7FFF
[1467] [M]: 0x00000000800016D8 (0x7FFF0F13) addi t5, t5, 0x7ff
x30 <- 0x00000001060007FF

mem[X,0x00000000800016DC] -> 0x1F13
mem[X,0x00000000800016DE] -> 0x00BF
[1468] [M]: 0x00000000800016DC (0x00BF1F13) slli t5, t5, 0xb
x30 <- 0x00000830003FF800

mem[X,0x00000000800016E0] -> 0x0F13
mem[X,0x00000000800016E2] -> 0x6CFF
[1469] [M]: 0x00000000800016E0 (0x6CFF0F13) addi t5, t5, 0x6cf
x30 <- 0x00000830003FFECF

mem[X,0x00000000800016E4] -> 0x1F13
mem[X,0x00000000800016E6] -> 0x00AF
[1470] [M]: 0x00000000800016E4 (0x00AF1F13) slli t5, t5, 0xa
x30 <- 0x0020C000FFFB3C00

mem[X,0x00000000800016E8] -> 0x0F13
mem[X,0x00000000800016EA] -> 0x3FFF
[1471] [M]: 0x00000000800016E8 (0x3FFF0F13) addi t5, t5, 0x3ff
x30 <- 0x0020C000FFFB3FFF

mem[X,0x00000000800016EC] -> 0x0EB7
mem[X,0x00000000800016EE] -> 0xAAAB
[1472] [M]: 0x00000000800016EC (0xAAAB0EB7) lui t4, -0x55550
x29 <- 0xFFFFFFFFAAAB0000

mem[X,0x00000000800016F0] -> 0x8E93
mem[X,0x00000000800016F2] -> 0xFEFE
[1473] [M]: 0x00000000800016F0 (0xFEFE8E93) addi t4, t4, -0x11
x29 <- 0xFFFFFFFFAAAAFFEF

mem[X,0x00000000800016F4] -> 0x9E93
mem[X,0x00000000800016F6] -> 0x00BE
[1474] [M]: 0x00000000800016F4 (0x00BE9E93) slli t4, t4, 0xb
x29 <- 0xFFFFFD5557FF7800

mem[X,0x00000000800016F8] -> 0x8E93
mem[X,0x00000000800016FA] -> 0x000E
[1475] [M]: 0x00000000800016F8 (0x000E8E93) addi t4, t4, 0x0
x29 <- 0xFFFFFD5557FF7800

mem[X,0x00000000800016FC] -> 0x9E93
mem[X,0x00000000800016FE] -> 0x00BE
[1476] [M]: 0x00000000800016FC (0x00BE9E93) slli t4, t4, 0xb
x29 <- 0xFFEAAABFFBC00000

mem[X,0x0000000080001700] -> 0x8E93
mem[X,0x0000000080001702] -> 0x104E
[1477] [M]: 0x0000000080001700 (0x104E8E93) addi t4, t4, 0x104
x29 <- 0xFFEAAABFFBC00104

mem[X,0x0000000080001704] -> 0x9E93
mem[X,0x0000000080001706] -> 0x00AE
[1478] [M]: 0x0000000080001704 (0x00AE9E93) slli t4, t4, 0xa
x29 <- 0xAAAAFFEF00041000

mem[X,0x0000000080001708] -> 0x7FBB
mem[X,0x000000008000170A] -> 0xBDDF
[1479] [M]: 0x0000000080001708 (0xBDDF7FBB) pmhaccsu.h.bo t6, t5, t4
x31 <- 0x0DB80CA2083E0C44

mem[X,0x000000008000170C] -> 0xBC23
mem[X,0x000000008000170E] -> 0x15F0
[1480] [M]: 0x000000008000170C (0x15F0BC23) sd t6, 0x158(ra)
mem[0x0000000080004370] <- 0x0DB80CA2083E0C44

mem[X,0x0000000080001710] -> 0x0F37
mem[X,0x0000000080001712] -> 0xFDFF
[1481] [M]: 0x0000000080001710 (0xFDFF0F37) lui t5, -0x2010
x30 <- 0xFFFFFFFFFDFF0000

mem[X,0x0000000080001714] -> 0x0F13
mem[X,0x0000000080001716] -> 0x008F
[1482] [M]: 0x0000000080001714 (0x008F0F13) addi t5, t5, 0x8
x30 <- 0xFFFFFFFFFDFF0008

mem[X,0x0000000080001718] -> 0x1F13
mem[X,0x000000008000171A] -> 0x00BF
[1483] [M]: 0x0000000080001718 (0x00BF1F13) slli t5, t5, 0xb
x30 <- 0xFFFFFFEFF8004000

mem[X,0x000000008000171C] -> 0x0F13
mem[X,0x000000008000171E] -> 0x7FFF
[1484] [M]: 0x000000008000171C (0x7FFF0F13) addi t5, t5, 0x7ff
x30 <- 0xFFFFFFEFF80047FF

mem[X,0x0000000080001720] -> 0x1F13
mem[X,0x0000000080001722] -> 0x00BF
[1485] [M]: 0x0000000080001720 (0x00BF1F13) slli t5, t5, 0xb
x30 <- 0xFFFF7FC0023FF800

mem[X,0x0000000080001724] -> 0x0F13
mem[X,0x0000000080001726] -> 0x5F7F
[1486] [M]: 0x0000000080001724 (0x5F7F0F13) addi t5, t5, 0x5f7
x30 <- 0xFFFF7FC0023FFDF7

mem[X,0x0000000080001728] -> 0x1F13
mem[X,0x000000008000172A] -> 0x00AF
[1487] [M]: 0x0000000080001728 (0x00AF1F13) slli t5, t5, 0xa
x30 <- 0xFDFF0008FFF7DC00

mem[X,0x000000008000172C] -> 0x0F13
mem[X,0x000000008000172E] -> 0x3FFF
[1488] [M]: 0x000000008000172C (0x3FFF0F13) addi t5, t5, 0x3ff
x30 <- 0xFDFF0008FFF7DFFF

mem[X,0x0000000080001730] -> 0x0EB7
mem[X,0x0000000080001732] -> 0x0002
[1489] [M]: 0x0000000080001730 (0x00020EB7) lui t4, 0x20
x29 <- 0x0000000000020000

mem[X,0x0000000080001734] -> 0x8E93
mem[X,0x0000000080001736] -> 0xFFEE
[1490] [M]: 0x0000000080001734 (0xFFEE8E93) addi t4, t4, -0x2
x29 <- 0x000000000001FFFE

mem[X,0x0000000080001738] -> 0x9E93
mem[X,0x000000008000173A] -> 0x00BE
[1491] [M]: 0x0000000080001738 (0x00BE9E93) slli t4, t4, 0xb
x29 <- 0x000000000FFFF000

mem[X,0x000000008000173C] -> 0x8E93
mem[X,0x000000008000173E] -> 0x008E
[1492] [M]: 0x000000008000173C (0x008E8E93) addi t4, t4, 0x8
x29 <- 0x000000000FFFF008

mem[X,0x0000000080001740] -> 0x9E93
mem[X,0x0000000080001742] -> 0x00BE
[1493] [M]: 0x0000000080001740 (0x00BE9E93) slli t4, t4, 0xb
x29 <- 0x0000007FFF804000

mem[X,0x0000000080001744] -> 0x8E93
mem[X,0x0000000080001746] -> 0x03FE
[1494] [M]: 0x0000000080001744 (0x03FE8E93) addi t4, t4, 0x3f
x29 <- 0x0000007FFF80403F

mem[X,0x0000000080001748] -> 0x9E93
mem[X,0x000000008000174A] -> 0x00AE
[1495] [M]: 0x0000000080001748 (0x00AE9E93) slli t4, t4, 0xa
x29 <- 0x0001FFFE0100FC00

mem[X,0x000000008000174C] -> 0x8E93
mem[X,0x000000008000174E] -> 0x3BFE
[1496] [M]: 0x000000008000174C (0x3BFE8E93) addi t4, t4, 0x3bf
x29 <- 0x0001FFFE0100FFBF

mem[X,0x0000000080001750] -> 0x7FBB
mem[X,0x0000000080001752] -> 0xBDDF
[1497] [M]: 0x0000000080001750 (0xBDDF7FBB) pmhaccsu.h.bo t6, t5, t4
x31 <- 0x0DB80CA2083E0D23

mem[X,0x0000000080001754] -> 0xB023
mem[X,0x0000000080001756] -> 0x17F0
[1498] [M]: 0x0000000080001754 (0x17F0B023) sd t6, 0x160(ra)
mem[0x0000000080004378] <- 0x0DB80CA2083E0D23

mem[X,0x0000000080001758] -> 0x0F37
mem[X,0x000000008000175A] -> 0xC001
[1499] [M]: 0x0000000080001758 (0xC0010F37) lui t5, -0x3fff0
x30 <- 0xFFFFFFFFC0010000

clint::tick mtime <- 0x000000000000000F
 clint timer pending at mtime 0x000000000000000F
htif::tick 0x0000000000000000
mem[X,0x000000008000175C] -> 0x0F13
mem[X,0x000000008000175E] -> 0xFBFF
[1500] [M]: 0x000000008000175C (0xFBFF0F13) addi t5, t5, -0x41
x30 <- 0xFFFFFFFFC000FFBF

mem[X,0x0000000080001760] -> 0x1F13
mem[X,0x0000000080001762] -> 0x00BF
[1501] [M]: 0x0000000080001760 (0x00BF1F13) slli t5, t5, 0xb
x30 <- 0xFFFFFE0007FDF800

mem[X,0x0000000080001764] -> 0x0F13
mem[X,0x0000000080001766] -> 0x7DFF
[1502] [M]: 0x0000000080001764 (0x7DFF0F13) addi t5, t5, 0x7df
x30 <- 0xFFFFFE0007FDFFDF

mem[X,0x0000000080001768] -> 0x1F13
mem[X,0x000000008000176A] -> 0x00BF
[1503] [M]: 0x0000000080001768 (0x00BF1F13) slli t5, t5, 0xb
x30 <- 0xFFF0003FEFFEF800

mem[X,0x000000008000176C] -> 0x0F13
mem[X,0x000000008000176E] -> 0x7FFF
[1504] [M]: 0x000000008000176C (0x7FFF0F13) addi t5, t5, 0x7ff
x30 <- 0xFFF0003FEFFEFFFF

mem[X,0x0000000080001770] -> 0x1F13
mem[X,0x0000000080001772] -> 0x00AF
[1505] [M]: 0x0000000080001770 (0x00AF1F13) slli t5, t5, 0xa
x30 <- 0xC000FFBFFBFFFC00

mem[X,0x0000000080001774] -> 0x0F13
mem[X,0x0000000080001776] -> 0x3FCF
[1506] [M]: 0x0000000080001774 (0x3FCF0F13) addi t5, t5, 0x3fc
x30 <- 0xC000FFBFFBFFFFFC

mem[X,0x0000000080001778] -> 0x0EB7
mem[X,0x000000008000177A] -> 0xFFC0
[1507] [M]: 0x0000000080001778 (0xFFC00EB7) lui t4, -0x400
x29 <- 0xFFFFFFFFFFC00000

mem[X,0x000000008000177C] -> 0x8E93
mem[X,0x000000008000177E] -> 0xFEFE
[1508] [M]: 0x000000008000177C (0xFEFE8E93) addi t4, t4, -0x11
x29 <- 0xFFFFFFFFFFBFFFEF

mem[X,0x0000000080001780] -> 0x9E93
mem[X,0x0000000080001782] -> 0x00BE
[1509] [M]: 0x0000000080001780 (0x00BE9E93) slli t4, t4, 0xb
x29 <- 0xFFFFFFFDFFFF7800

mem[X,0x0000000080001784] -> 0x8E93
mem[X,0x0000000080001786] -> 0x000E
[1510] [M]: 0x0000000080001784 (0x000E8E93) addi t4, t4, 0x0
x29 <- 0xFFFFFFFDFFFF7800

mem[X,0x0000000080001788] -> 0x9E93
mem[X,0x000000008000178A] -> 0x00BE
[1511] [M]: 0x0000000080001788 (0x00BE9E93) slli t4, t4, 0xb
x29 <- 0xFFFFEFFFFBC00000

mem[X,0x000000008000178C] -> 0x8E93
mem[X,0x000000008000178E] -> 0x0C0E
[1512] [M]: 0x000000008000178C (0x0C0E8E93) addi t4, t4, 0xc0
x29 <- 0xFFFFEFFFFBC000C0

mem[X,0x0000000080001790] -> 0x9E93
mem[X,0x0000000080001792] -> 0x00AE
[1513] [M]: 0x0000000080001790 (0x00AE9E93) slli t4, t4, 0xa
x29 <- 0xFFBFFFEF00030000

mem[X,0x0000000080001794] -> 0x7FBB
mem[X,0x0000000080001796] -> 0xBDDF
[1514] [M]: 0x0000000080001794 (0xBDDF7FBB) pmhaccsu.h.bo t6, t5, t4
x31 <- 0x0E770DA0083E0D23

mem[X,0x0000000080001798] -> 0xB423
mem[X,0x000000008000179A] -> 0x17F0
[1515] [M]: 0x0000000080001798 (0x17F0B423) sd t6, 0x168(ra)
mem[0x0000000080004380] <- 0x0E770DA0083E0D23

mem[X,0x000000008000179C] -> 0x0F37
mem[X,0x000000008000179E] -> 0xF000
[1516] [M]: 0x000000008000179C (0xF0000F37) lui t5, -0x10000
x30 <- 0xFFFFFFFFF0000000

mem[X,0x00000000800017A0] -> 0x0F13
mem[X,0x00000000800017A2] -> 0xFFDF
[1517] [M]: 0x00000000800017A0 (0xFFDF0F13) addi t5, t5, -0x3
x30 <- 0xFFFFFFFFEFFFFFFD

mem[X,0x00000000800017A4] -> 0x1F13
mem[X,0x00000000800017A6] -> 0x00BF
[1518] [M]: 0x00000000800017A4 (0x00BF1F13) slli t5, t5, 0xb
x30 <- 0xFFFFFF7FFFFFE800

mem[X,0x00000000800017A8] -> 0x0F13
mem[X,0x00000000800017AA] -> 0x020F
[1519] [M]: 0x00000000800017A8 (0x020F0F13) addi t5, t5, 0x20
x30 <- 0xFFFFFF7FFFFFE820

mem[X,0x00000000800017AC] -> 0x1F13
mem[X,0x00000000800017AE] -> 0x00BF
[1520] [M]: 0x00000000800017AC (0x00BF1F13) slli t5, t5, 0xb
x30 <- 0xFFFBFFFFFF410000

mem[X,0x00000000800017B0] -> 0x0F13
mem[X,0x00000000800017B2] -> 0x037F
[1521] [M]: 0x00000000800017B0 (0x037F0F13) addi t5, t5, 0x37
x30 <- 0xFFFBFFFFFF410037

mem[X,0x00000000800017B4] -> 0x1F13
mem[X,0x00000000800017B6] -> 0x00AF
[1522] [M]: 0x00000000800017B4 (0x00AF1F13) slli t5, t5, 0xa
x30 <- 0xEFFFFFFD0400DC00

mem[X,0x00000000800017B8] -> 0x0F13
mem[X,0x00000000800017BA] -> 0x3FFF
[1523] [M]: 0x00000000800017B8 (0x3FFF0F13) addi t5, t5, 0x3ff
x30 <- 0xEFFFFFFD0400DFFF

mem[X,0x00000000800017BC] -> 0x0EB7
mem[X,0x00000000800017BE] -> 0x0040
[1524] [M]: 0x00000000800017BC (0x00400EB7) lui t4, 0x400
x29 <- 0x0000000000400000

mem[X,0x00000000800017C0] -> 0x8E93
mem[X,0x00000000800017C2] -> 0x001E
[1525] [M]: 0x00000000800017C0 (0x001E8E93) addi t4, t4, 0x1
x29 <- 0x0000000000400001

mem[X,0x00000000800017C4] -> 0x9E93
mem[X,0x00000000800017C6] -> 0x00BE
[1526] [M]: 0x00000000800017C4 (0x00BE9E93) slli t4, t4, 0xb
x29 <- 0x0000000200000800

mem[X,0x00000000800017C8] -> 0x8E93
mem[X,0x00000000800017CA] -> 0x020E
[1527] [M]: 0x00000000800017C8 (0x020E8E93) addi t4, t4, 0x20
x29 <- 0x0000000200000820

mem[X,0x00000000800017CC] -> 0x9E93
mem[X,0x00000000800017CE] -> 0x00BE
[1528] [M]: 0x00000000800017CC (0x00BE9E93) slli t4, t4, 0xb
x29 <- 0x0000100000410000

mem[X,0x00000000800017D0] -> 0x8E93
mem[X,0x00000000800017D2] -> 0x03FE
[1529] [M]: 0x00000000800017D0 (0x03FE8E93) addi t4, t4, 0x3f
x29 <- 0x000010000041003F

mem[X,0x00000000800017D4] -> 0x9E93
mem[X,0x00000000800017D6] -> 0x00AE
[1530] [M]: 0x00000000800017D4 (0x00AE9E93) slli t4, t4, 0xa
x29 <- 0x004000010400FC00

mem[X,0x00000000800017D8] -> 0x8E93
mem[X,0x00000000800017DA] -> 0x3F8E
[1531] [M]: 0x00000000800017D8 (0x3F8E8E93) addi t4, t4, 0x3f8
x29 <- 0x004000010400FFF8

mem[X,0x00000000800017DC] -> 0x7FBB
mem[X,0x00000000800017DE] -> 0xBDDF
[1532] [M]: 0x00000000800017DC (0xBDDF7FBB) pmhaccsu.h.bo t6, t5, t4
x31 <- 0x0E770DA0083E0E02

mem[X,0x00000000800017E0] -> 0xB823
mem[X,0x00000000800017E2] -> 0x17F0
[1533] [M]: 0x00000000800017E0 (0x17F0B823) sd t6, 0x170(ra)
mem[0x0000000080004388] <- 0x0E770DA0083E0E02

mem[X,0x00000000800017E4] -> 0x0F37
mem[X,0x00000000800017E6] -> 0x0007
[1534] [M]: 0x00000000800017E4 (0x00070F37) lui t5, 0x70
x30 <- 0x0000000000070000

mem[X,0x00000000800017E8] -> 0x0F13
mem[X,0x00000000800017EA] -> 0x200F
[1535] [M]: 0x00000000800017E8 (0x200F0F13) addi t5, t5, 0x200
x30 <- 0x0000000000070200

mem[X,0x00000000800017EC] -> 0x1F13
mem[X,0x00000000800017EE] -> 0x00BF
[1536] [M]: 0x00000000800017EC (0x00BF1F13) slli t5, t5, 0xb
x30 <- 0x0000000038100000

mem[X,0x00000000800017F0] -> 0x0F13
mem[X,0x00000000800017F2] -> 0x77FF
[1537] [M]: 0x00000000800017F0 (0x77FF0F13) addi t5, t5, 0x77f
x30 <- 0x000000003810077F

mem[X,0x00000000800017F4] -> 0x1F13
mem[X,0x00000000800017F6] -> 0x00BF
[1538] [M]: 0x00000000800017F4 (0x00BF1F13) slli t5, t5, 0xb
x30 <- 0x000001C0803BF800

mem[X,0x00000000800017F8] -> 0x0F13
mem[X,0x00000000800017FA] -> 0x7E0F
[1539] [M]: 0x00000000800017F8 (0x7E0F0F13) addi t5, t5, 0x7e0
x30 <- 0x000001C0803BFFE0

mem[X,0x00000000800017FC] -> 0x1F13
mem[X,0x00000000800017FE] -> 0x00AF
[1540] [M]: 0x00000000800017FC (0x00AF1F13) slli t5, t5, 0xa
x30 <- 0x00070200EFFF8000

mem[X,0x0000000080001800] -> 0x0EB7
mem[X,0x0000000080001802] -> 0x0005
[1541] [M]: 0x0000000080001800 (0x00050EB7) lui t4, 0x50
x29 <- 0x0000000000050000

mem[X,0x0000000080001804] -> 0x8E93
mem[X,0x0000000080001806] -> 0xFFDE
[1542] [M]: 0x0000000080001804 (0xFFDE8E93) addi t4, t4, -0x3
x29 <- 0x000000000004FFFD

mem[X,0x0000000080001808] -> 0x9E93
mem[X,0x000000008000180A] -> 0x00BE
[1543] [M]: 0x0000000080001808 (0x00BE9E93) slli t4, t4, 0xb
x29 <- 0x0000000027FFE800

mem[X,0x000000008000180C] -> 0x8E93
mem[X,0x000000008000180E] -> 0x000E
[1544] [M]: 0x000000008000180C (0x000E8E93) addi t4, t4, 0x0
x29 <- 0x0000000027FFE800

mem[X,0x0000000080001810] -> 0x9E93
mem[X,0x0000000080001812] -> 0x00BE
[1545] [M]: 0x0000000080001810 (0x00BE9E93) slli t4, t4, 0xb
x29 <- 0x0000013FFF400000

mem[X,0x0000000080001814] -> 0x8E93
mem[X,0x0000000080001816] -> 0x040E
[1546] [M]: 0x0000000080001814 (0x040E8E93) addi t4, t4, 0x40
x29 <- 0x0000013FFF400040

mem[X,0x0000000080001818] -> 0x9E93
mem[X,0x000000008000181A] -> 0x00AE
[1547] [M]: 0x0000000080001818 (0x00AE9E93) slli t4, t4, 0xa
x29 <- 0x0004FFFD00010000

mem[X,0x000000008000181C] -> 0x8E93
mem[X,0x000000008000181E] -> 0x003E
[1548] [M]: 0x000000008000181C (0x003E8E93) addi t4, t4, 0x3
x29 <- 0x0004FFFD00010003

mem[X,0x0000000080001820] -> 0x7FBB
mem[X,0x0000000080001822] -> 0xBDDF
[1549] [M]: 0x0000000080001820 (0xBDDF7FBB) pmhaccsu.h.bo t6, t5, t4
x31 <- 0x0E770DA1083E0E02

mem[X,0x0000000080001824] -> 0xBC23
mem[X,0x0000000080001826] -> 0x17F0
[1550] [M]: 0x0000000080001824 (0x17F0BC23) sd t6, 0x178(ra)
mem[0x0000000080004390] <- 0x0E770DA1083E0E02

mem[X,0x0000000080001828] -> 0x0F37
mem[X,0x000000008000182A] -> 0x4001
[1551] [M]: 0x0000000080001828 (0x40010F37) lui t5, 0x40010
x30 <- 0x0000000040010000

mem[X,0x000000008000182C] -> 0x0F13
mem[X,0x000000008000182E] -> 0xFFCF
[1552] [M]: 0x000000008000182C (0xFFCF0F13) addi t5, t5, -0x4
x30 <- 0x000000004000FFFC

mem[X,0x0000000080001830] -> 0x1F13
mem[X,0x0000000080001832] -> 0x00BF
[1553] [M]: 0x0000000080001830 (0x00BF1F13) slli t5, t5, 0xb
x30 <- 0x0000020007FFE000

mem[X,0x0000000080001834] -> 0x0F13
mem[X,0x0000000080001836] -> 0x6FFF
[1554] [M]: 0x0000000080001834 (0x6FFF0F13) addi t5, t5, 0x6ff
x30 <- 0x0000020007FFE6FF

mem[X,0x0000000080001838] -> 0x1F13
mem[X,0x000000008000183A] -> 0x00BF
[1555] [M]: 0x0000000080001838 (0x00BF1F13) slli t5, t5, 0xb
x30 <- 0x0010003FFF37F800

mem[X,0x000000008000183C] -> 0x0F13
mem[X,0x000000008000183E] -> 0x7FFF
[1556] [M]: 0x000000008000183C (0x7FFF0F13) addi t5, t5, 0x7ff
x30 <- 0x0010003FFF37FFFF

mem[X,0x0000000080001840] -> 0x1F13
mem[X,0x0000000080001842] -> 0x00AF
[1557] [M]: 0x0000000080001840 (0x00AF1F13) slli t5, t5, 0xa
x30 <- 0x4000FFFCDFFFFC00

mem[X,0x0000000080001844] -> 0x0F13
mem[X,0x0000000080001846] -> 0x37FF
[1558] [M]: 0x0000000080001844 (0x37FF0F13) addi t5, t5, 0x37f
x30 <- 0x4000FFFCDFFFFF7F

mem[X,0x0000000080001848] -> 0xCEB7
mem[X,0x000000008000184A] -> 0x0040
[1559] [M]: 0x0000000080001848 (0x0040CEB7) lui t4, 0x40c
x29 <- 0x000000000040C000

mem[X,0x000000008000184C] -> 0x8E93
mem[X,0x000000008000184E] -> 0x000E
[1560] [M]: 0x000000008000184C (0x000E8E93) addi t4, t4, 0x0
x29 <- 0x000000000040C000

mem[X,0x0000000080001850] -> 0x9E93
mem[X,0x0000000080001852] -> 0x00BE
[1561] [M]: 0x0000000080001850 (0x00BE9E93) slli t4, t4, 0xb
x29 <- 0x0000000206000000

mem[X,0x0000000080001854] -> 0x8E93
mem[X,0x0000000080001856] -> 0x000E
[1562] [M]: 0x0000000080001854 (0x000E8E93) addi t4, t4, 0x0
x29 <- 0x0000000206000000

mem[X,0x0000000080001858] -> 0x9E93
mem[X,0x000000008000185A] -> 0x00BE
[1563] [M]: 0x0000000080001858 (0x00BE9E93) slli t4, t4, 0xb
x29 <- 0x0000103000000000

mem[X,0x000000008000185C] -> 0x8E93
mem[X,0x000000008000185E] -> 0x095E
[1564] [M]: 0x000000008000185C (0x095E8E93) addi t4, t4, 0x95
x29 <- 0x0000103000000095

mem[X,0x0000000080001860] -> 0x9E93
mem[X,0x0000000080001862] -> 0x00AE
[1565] [M]: 0x0000000080001860 (0x00AE9E93) slli t4, t4, 0xa
x29 <- 0x0040C00000025400

mem[X,0x0000000080001864] -> 0x8E93
mem[X,0x0000000080001866] -> 0x155E
[1566] [M]: 0x0000000080001864 (0x155E8E93) addi t4, t4, 0x155
x29 <- 0x0040C00000025555

mem[X,0x0000000080001868] -> 0x7FBB
mem[X,0x000000008000186A] -> 0xBDDF
[1567] [M]: 0x0000000080001868 (0xBDDF7FBB) pmhaccsu.h.bo t6, t5, t4
x31 <- 0x0E770E60083E0E56

mem[X,0x000000008000186C] -> 0xB023
mem[X,0x000000008000186E] -> 0x19F0
[1568] [M]: 0x000000008000186C (0x19F0B023) sd t6, 0x180(ra)
mem[0x0000000080004398] <- 0x0E770E60083E0E56

mem[X,0x0000000080001870] -> 0x0F37
mem[X,0x0000000080001872] -> 0xFFFD
[1569] [M]: 0x0000000080001870 (0xFFFD0F37) lui t5, -0x30
x30 <- 0xFFFFFFFFFFFD0000

mem[X,0x0000000080001874] -> 0x0F13
mem[X,0x0000000080001876] -> 0x100F
[1570] [M]: 0x0000000080001874 (0x100F0F13) addi t5, t5, 0x100
x30 <- 0xFFFFFFFFFFFD0100

mem[X,0x0000000080001878] -> 0x1F13
mem[X,0x000000008000187A] -> 0x00BF
[1571] [M]: 0x0000000080001878 (0x00BF1F13) slli t5, t5, 0xb
x30 <- 0xFFFFFFFFE8080000

mem[X,0x000000008000187C] -> 0x0F13
mem[X,0x000000008000187E] -> 0x7FEF
[1572] [M]: 0x000000008000187C (0x7FEF0F13) addi t5, t5, 0x7fe
x30 <- 0xFFFFFFFFE80807FE

mem[X,0x0000000080001880] -> 0x1F13
mem[X,0x0000000080001882] -> 0x00BF
[1573] [M]: 0x0000000080001880 (0x00BF1F13) slli t5, t5, 0xb
x30 <- 0xFFFFFF40403FF000

mem[X,0x0000000080001884] -> 0x0F13
mem[X,0x0000000080001886] -> 0x7C0F
[1574] [M]: 0x0000000080001884 (0x7C0F0F13) addi t5, t5, 0x7c0
x30 <- 0xFFFFFF40403FF7C0

mem[X,0x0000000080001888] -> 0x1F13
mem[X,0x000000008000188A] -> 0x00AF
[1575] [M]: 0x0000000080001888 (0x00AF1F13) slli t5, t5, 0xa
x30 <- 0xFFFD0100FFDF0000

mem[X,0x000000008000188C] -> 0x0F13
mem[X,0x000000008000188E] -> 0x009F
[1576] [M]: 0x000000008000188C (0x009F0F13) addi t5, t5, 0x9
x30 <- 0xFFFD0100FFDF0009

mem[X,0x0000000080001890] -> 0x0EB7
mem[X,0x0000000080001892] -> 0xFFFA
[1577] [M]: 0x0000000080001890 (0xFFFA0EB7) lui t4, -0x60
x29 <- 0xFFFFFFFFFFFA0000

mem[X,0x0000000080001894] -> 0x8E93
mem[X,0x0000000080001896] -> 0xFF8E
[1578] [M]: 0x0000000080001894 (0xFF8E8E93) addi t4, t4, -0x8
x29 <- 0xFFFFFFFFFFF9FFF8

mem[X,0x0000000080001898] -> 0x9E93
mem[X,0x000000008000189A] -> 0x00BE
[1579] [M]: 0x0000000080001898 (0x00BE9E93) slli t4, t4, 0xb
x29 <- 0xFFFFFFFFCFFFC000

mem[X,0x000000008000189C] -> 0x8E93
mem[X,0x000000008000189E] -> 0x080E
[1580] [M]: 0x000000008000189C (0x080E8E93) addi t4, t4, 0x80
x29 <- 0xFFFFFFFFCFFFC080

mem[X,0x00000000800018A0] -> 0x9E93
mem[X,0x00000000800018A2] -> 0x00BE
[1581] [M]: 0x00000000800018A0 (0x00BE9E93) slli t4, t4, 0xb
x29 <- 0xFFFFFE7FFE040000

mem[X,0x00000000800018A4] -> 0x8E93
mem[X,0x00000000800018A6] -> 0x000E
[1582] [M]: 0x00000000800018A4 (0x000E8E93) addi t4, t4, 0x0
x29 <- 0xFFFFFE7FFE040000

mem[X,0x00000000800018A8] -> 0x9E93
mem[X,0x00000000800018AA] -> 0x00AE
[1583] [M]: 0x00000000800018A8 (0x00AE9E93) slli t4, t4, 0xa
x29 <- 0xFFF9FFF810000000

mem[X,0x00000000800018AC] -> 0x8E93
mem[X,0x00000000800018AE] -> 0x005E
[1584] [M]: 0x00000000800018AC (0x005E8E93) addi t4, t4, 0x5
x29 <- 0xFFF9FFF810000005

mem[X,0x00000000800018B0] -> 0x7FBB
mem[X,0x00000000800018B2] -> 0xBDDF
[1585] [M]: 0x00000000800018B0 (0xBDDF7FBB) pmhaccsu.h.bo t6, t5, t4
x31 <- 0x0F750E60084D0E56

mem[X,0x00000000800018B4] -> 0xB423
mem[X,0x00000000800018B6] -> 0x19F0
[1586] [M]: 0x00000000800018B4 (0x19F0B423) sd t6, 0x188(ra)
mem[0x00000000800043A0] <- 0x0F750E60084D0E56

mem[X,0x00000000800018B8] -> 0x0F37
mem[X,0x00000000800018BA] -> 0x0201
[1587] [M]: 0x00000000800018B8 (0x02010F37) lui t5, 0x2010
x30 <- 0x0000000002010000

mem[X,0x00000000800018BC] -> 0x0F13
mem[X,0x00000000800018BE] -> 0xFDFF
[1588] [M]: 0x00000000800018BC (0xFDFF0F13) addi t5, t5, -0x21
x30 <- 0x000000000200FFDF

mem[X,0x00000000800018C0] -> 0x1F13
mem[X,0x00000000800018C2] -> 0x00BF
[1589] [M]: 0x00000000800018C0 (0x00BF1F13) slli t5, t5, 0xb
x30 <- 0x0000001007FEF800

mem[X,0x00000000800018C4] -> 0x0F13
mem[X,0x00000000800018C6] -> 0x000F
[1590] [M]: 0x00000000800018C4 (0x000F0F13) addi t5, t5, 0x0
x30 <- 0x0000001007FEF800

mem[X,0x00000000800018C8] -> 0x1F13
mem[X,0x00000000800018CA] -> 0x00BF
[1591] [M]: 0x00000000800018C8 (0x00BF1F13) slli t5, t5, 0xb
x30 <- 0x0000803FF7C00000

mem[X,0x00000000800018CC] -> 0x0F13
mem[X,0x00000000800018CE] -> 0x07FF
[1592] [M]: 0x00000000800018CC (0x07FF0F13) addi t5, t5, 0x7f
x30 <- 0x0000803FF7C0007F

mem[X,0x00000000800018D0] -> 0x1F13
mem[X,0x00000000800018D2] -> 0x00AF
[1593] [M]: 0x00000000800018D0 (0x00AF1F13) slli t5, t5, 0xa
x30 <- 0x0200FFDF0001FC00

mem[X,0x00000000800018D4] -> 0x0F13
mem[X,0x00000000800018D6] -> 0x3F8F
[1594] [M]: 0x00000000800018D4 (0x3F8F0F13) addi t5, t5, 0x3f8
x30 <- 0x0200FFDF0001FFF8

mem[X,0x00000000800018D8] -> 0x0EB7
mem[X,0x00000000800018DA] -> 0xFFF8
[1595] [M]: 0x00000000800018D8 (0xFFF80EB7) lui t4, -0x80
x29 <- 0xFFFFFFFFFFF80000

mem[X,0x00000000800018DC] -> 0x8E93
mem[X,0x00000000800018DE] -> 0x006E
[1596] [M]: 0x00000000800018DC (0x006E8E93) addi t4, t4, 0x6
x29 <- 0xFFFFFFFFFFF80006

mem[X,0x00000000800018E0] -> 0x9E93
mem[X,0x00000000800018E2] -> 0x00BE
[1597] [M]: 0x00000000800018E0 (0x00BE9E93) slli t4, t4, 0xb
x29 <- 0xFFFFFFFFC0003000

mem[X,0x00000000800018E4] -> 0x8E93
mem[X,0x00000000800018E6] -> 0x100E
[1598] [M]: 0x00000000800018E4 (0x100E8E93) addi t4, t4, 0x100
x29 <- 0xFFFFFFFFC0003100

mem[X,0x00000000800018E8] -> 0x9E93
mem[X,0x00000000800018EA] -> 0x00BE
[1599] [M]: 0x00000000800018E8 (0x00BE9E93) slli t4, t4, 0xb
x29 <- 0xFFFFFE0001880000

clint::tick mtime <- 0x0000000000000010
 clint timer pending at mtime 0x0000000000000010
htif::tick 0x0000000000000000
mem[X,0x00000000800018EC] -> 0x8E93
mem[X,0x00000000800018EE] -> 0x03FE
[1600] [M]: 0x00000000800018EC (0x03FE8E93) addi t4, t4, 0x3f
x29 <- 0xFFFFFE000188003F

mem[X,0x00000000800018F0] -> 0x9E93
mem[X,0x00000000800018F2] -> 0x00AE
[1601] [M]: 0x00000000800018F0 (0x00AE9E93) slli t4, t4, 0xa
x29 <- 0xFFF800062000FC00

mem[X,0x00000000800018F4] -> 0x8E93
mem[X,0x00000000800018F6] -> 0x37FE
[1602] [M]: 0x00000000800018F4 (0x37FE8E93) addi t4, t4, 0x37f
x29 <- 0xFFF800062000FF7F

mem[X,0x00000000800018F8] -> 0x7FBB
mem[X,0x00000000800018FA] -> 0xBDDF
[1603] [M]: 0x00000000800018F8 (0xBDDF7FBB) pmhaccsu.h.bo t6, t5, t4
x31 <- 0x0F760E60084D0F54

mem[X,0x00000000800018FC] -> 0xB823
mem[X,0x00000000800018FE] -> 0x19F0
[1604] [M]: 0x00000000800018FC (0x19F0B823) sd t6, 0x190(ra)
mem[0x00000000800043A8] <- 0x0F760E60084D0F54

mem[X,0x0000000080001900] -> 0x0F37
mem[X,0x0000000080001902] -> 0xF800
[1605] [M]: 0x0000000080001900 (0xF8000F37) lui t5, -0x8000
x30 <- 0xFFFFFFFFF8000000

mem[X,0x0000000080001904] -> 0x0F13
mem[X,0x0000000080001906] -> 0xFFAF
[1606] [M]: 0x0000000080001904 (0xFFAF0F13) addi t5, t5, -0x6
x30 <- 0xFFFFFFFFF7FFFFFA

mem[X,0x0000000080001908] -> 0x1F13
mem[X,0x000000008000190A] -> 0x00BF
[1607] [M]: 0x0000000080001908 (0x00BF1F13) slli t5, t5, 0xb
x30 <- 0xFFFFFFBFFFFFD000

mem[X,0x000000008000190C] -> 0x0F13
mem[X,0x000000008000190E] -> 0x2AAF
[1608] [M]: 0x000000008000190C (0x2AAF0F13) addi t5, t5, 0x2aa
x30 <- 0xFFFFFFBFFFFFD2AA

mem[X,0x0000000080001910] -> 0x1F13
mem[X,0x0000000080001912] -> 0x00BF
[1609] [M]: 0x0000000080001910 (0x00BF1F13) slli t5, t5, 0xb
x30 <- 0xFFFDFFFFFE955000

mem[X,0x0000000080001914] -> 0x0F13
mem[X,0x0000000080001916] -> 0x57FF
[1610] [M]: 0x0000000080001914 (0x57FF0F13) addi t5, t5, 0x57f
x30 <- 0xFFFDFFFFFE95557F

mem[X,0x0000000080001918] -> 0x1F13
mem[X,0x000000008000191A] -> 0x00AF
[1611] [M]: 0x0000000080001918 (0x00AF1F13) slli t5, t5, 0xa
x30 <- 0xF7FFFFFA5555FC00

mem[X,0x000000008000191C] -> 0x0F13
mem[X,0x000000008000191E] -> 0x37FF
[1612] [M]: 0x000000008000191C (0x37FF0F13) addi t5, t5, 0x37f
x30 <- 0xF7FFFFFA5555FF7F

mem[X,0x0000000080001920] -> 0x4EB7
mem[X,0x0000000080001922] -> 0x0001
[1613] [M]: 0x0000000080001920 (0x00014EB7) lui t4, 0x14
x29 <- 0x0000000000014000

mem[X,0x0000000080001924] -> 0x8E93
mem[X,0x0000000080001926] -> 0x000E
[1614] [M]: 0x0000000080001924 (0x000E8E93) addi t4, t4, 0x0
x29 <- 0x0000000000014000

mem[X,0x0000000080001928] -> 0x9E93
mem[X,0x000000008000192A] -> 0x00BE
[1615] [M]: 0x0000000080001928 (0x00BE9E93) slli t4, t4, 0xb
x29 <- 0x000000000A000000

mem[X,0x000000008000192C] -> 0x8E93
mem[X,0x000000008000192E] -> 0x7FFE
[1616] [M]: 0x000000008000192C (0x7FFE8E93) addi t4, t4, 0x7ff
x29 <- 0x000000000A0007FF

mem[X,0x0000000080001930] -> 0x9E93
mem[X,0x0000000080001932] -> 0x00BE
[1617] [M]: 0x0000000080001930 (0x00BE9E93) slli t4, t4, 0xb
x29 <- 0x00000050003FF800

mem[X,0x0000000080001934] -> 0x8E93
mem[X,0x0000000080001936] -> 0x6E0E
[1618] [M]: 0x0000000080001934 (0x6E0E8E93) addi t4, t4, 0x6e0
x29 <- 0x00000050003FFEE0

mem[X,0x0000000080001938] -> 0x9E93
mem[X,0x000000008000193A] -> 0x00AE
[1619] [M]: 0x0000000080001938 (0x00AE9E93) slli t4, t4, 0xa
x29 <- 0x00014000FFFB8000

mem[X,0x000000008000193C] -> 0x7FBB
mem[X,0x000000008000193E] -> 0xBDDF
[1620] [M]: 0x000000008000193C (0xBDDF7FBB) pmhaccsu.h.bo t6, t5, t4
x31 <- 0x0F760E9F08A10FD3

mem[X,0x0000000080001940] -> 0xBC23
mem[X,0x0000000080001942] -> 0x19F0
[1621] [M]: 0x0000000080001940 (0x19F0BC23) sd t6, 0x198(ra)
mem[0x00000000800043B0] <- 0x0F760E9F08A10FD3

mem[X,0x0000000080001944] -> 0xCF37
mem[X,0x0000000080001946] -> 0x7FFF
[1622] [M]: 0x0000000080001944 (0x7FFFCF37) lui t5, 0x7fffc
x30 <- 0x000000007FFFC000

mem[X,0x0000000080001948] -> 0x0F13
mem[X,0x000000008000194A] -> 0x000F
[1623] [M]: 0x0000000080001948 (0x000F0F13) addi t5, t5, 0x0
x30 <- 0x000000007FFFC000

mem[X,0x000000008000194C] -> 0x1F13
mem[X,0x000000008000194E] -> 0x00BF
[1624] [M]: 0x000000008000194C (0x00BF1F13) slli t5, t5, 0xb
x30 <- 0x000003FFFE000000

mem[X,0x0000000080001950] -> 0x0F13
mem[X,0x0000000080001952] -> 0x000F
[1625] [M]: 0x0000000080001950 (0x000F0F13) addi t5, t5, 0x0
x30 <- 0x000003FFFE000000

mem[X,0x0000000080001954] -> 0x1F13
mem[X,0x0000000080001956] -> 0x00BF
[1626] [M]: 0x0000000080001954 (0x00BF1F13) slli t5, t5, 0xb
x30 <- 0x001FFFF000000000

mem[X,0x0000000080001958] -> 0x0F13
mem[X,0x000000008000195A] -> 0x27FF
[1627] [M]: 0x0000000080001958 (0x27FF0F13) addi t5, t5, 0x27f
x30 <- 0x001FFFF00000027F

mem[X,0x000000008000195C] -> 0x1F13
mem[X,0x000000008000195E] -> 0x00AF
[1628] [M]: 0x000000008000195C (0x00AF1F13) slli t5, t5, 0xa
x30 <- 0x7FFFC0000009FC00

mem[X,0x0000000080001960] -> 0x0F13
mem[X,0x0000000080001962] -> 0x3FEF
[1629] [M]: 0x0000000080001960 (0x3FEF0F13) addi t5, t5, 0x3fe
x30 <- 0x7FFFC0000009FFFE

mem[X,0x0000000080001964] -> 0x0EB7
mem[X,0x0000000080001966] -> 0x0800
[1630] [M]: 0x0000000080001964 (0x08000EB7) lui t4, 0x8000
x29 <- 0x0000000008000000

mem[X,0x0000000080001968] -> 0x8E93
mem[X,0x000000008000196A] -> 0x010E
[1631] [M]: 0x0000000080001968 (0x010E8E93) addi t4, t4, 0x10
x29 <- 0x0000000008000010

mem[X,0x000000008000196C] -> 0x9E93
mem[X,0x000000008000196E] -> 0x00BE
[1632] [M]: 0x000000008000196C (0x00BE9E93) slli t4, t4, 0xb
x29 <- 0x0000004000008000

mem[X,0x0000000080001970] -> 0x8E93
mem[X,0x0000000080001972] -> 0x7FFE
[1633] [M]: 0x0000000080001970 (0x7FFE8E93) addi t4, t4, 0x7ff
x29 <- 0x00000040000087FF

mem[X,0x0000000080001974] -> 0x9E93
mem[X,0x0000000080001976] -> 0x00BE
[1634] [M]: 0x0000000080001974 (0x00BE9E93) slli t4, t4, 0xb
x29 <- 0x00020000043FF800

mem[X,0x0000000080001978] -> 0x8E93
mem[X,0x000000008000197A] -> 0x5F0E
[1635] [M]: 0x0000000080001978 (0x5F0E8E93) addi t4, t4, 0x5f0
x29 <- 0x00020000043FFDF0

mem[X,0x000000008000197C] -> 0x9E93
mem[X,0x000000008000197E] -> 0x00AE
[1636] [M]: 0x000000008000197C (0x00AE9E93) slli t4, t4, 0xa
x29 <- 0x08000010FFF7C000

mem[X,0x0000000080001980] -> 0x7FBB
mem[X,0x0000000080001982] -> 0xBDDF
[1637] [M]: 0x0000000080001980 (0xBDDF7FBB) pmhaccsu.h.bo t6, t5, t4
x31 <- 0x0F790E9F08A11092

mem[X,0x0000000080001984] -> 0xB023
mem[X,0x0000000080001986] -> 0x1BF0
[1638] [M]: 0x0000000080001984 (0x1BF0B023) sd t6, 0x1a0(ra)
mem[0x00000000800043B8] <- 0x0F790E9F08A11092

mem[X,0x0000000080001988] -> 0x0F37
mem[X,0x000000008000198A] -> 0xEFFF
[1639] [M]: 0x0000000080001988 (0xEFFF0F37) lui t5, -0x10010
x30 <- 0xFFFFFFFFEFFF0000

mem[X,0x000000008000198C] -> 0x0F13
mem[X,0x000000008000198E] -> 0x002F
[1640] [M]: 0x000000008000198C (0x002F0F13) addi t5, t5, 0x2
x30 <- 0xFFFFFFFFEFFF0002

mem[X,0x0000000080001990] -> 0x1F13
mem[X,0x0000000080001992] -> 0x00BF
[1641] [M]: 0x0000000080001990 (0x00BF1F13) slli t5, t5, 0xb
x30 <- 0xFFFFFF7FF8001000

mem[X,0x0000000080001994] -> 0x0F13
mem[X,0x0000000080001996] -> 0x1FFF
[1642] [M]: 0x0000000080001994 (0x1FFF0F13) addi t5, t5, 0x1ff
x30 <- 0xFFFFFF7FF80011FF

mem[X,0x0000000080001998] -> 0x1F13
mem[X,0x000000008000199A] -> 0x00BF
[1643] [M]: 0x0000000080001998 (0x00BF1F13) slli t5, t5, 0xb
x30 <- 0xFFFBFFC0008FF800

mem[X,0x000000008000199C] -> 0x0F13
mem[X,0x000000008000199E] -> 0x7C0F
[1644] [M]: 0x000000008000199C (0x7C0F0F13) addi t5, t5, 0x7c0
x30 <- 0xFFFBFFC0008FFFC0

mem[X,0x00000000800019A0] -> 0x1F13
mem[X,0x00000000800019A2] -> 0x00AF
[1645] [M]: 0x00000000800019A0 (0x00AF1F13) slli t5, t5, 0xa
x30 <- 0xEFFF00023FFF0000

mem[X,0x00000000800019A4] -> 0x0F13
mem[X,0x00000000800019A6] -> 0x006F
[1646] [M]: 0x00000000800019A4 (0x006F0F13) addi t5, t5, 0x6
x30 <- 0xEFFF00023FFF0006

mem[X,0x00000000800019A8] -> 0x0EB7
mem[X,0x00000000800019AA] -> 0xFFEF
[1647] [M]: 0x00000000800019A8 (0xFFEF0EB7) lui t4, -0x110
x29 <- 0xFFFFFFFFFFEF0000

mem[X,0x00000000800019AC] -> 0x8E93
mem[X,0x00000000800019AE] -> 0x001E
[1648] [M]: 0x00000000800019AC (0x001E8E93) addi t4, t4, 0x1
x29 <- 0xFFFFFFFFFFEF0001

mem[X,0x00000000800019B0] -> 0x9E93
mem[X,0x00000000800019B2] -> 0x00BE
[1649] [M]: 0x00000000800019B0 (0x00BE9E93) slli t4, t4, 0xb
x29 <- 0xFFFFFFFF78000800

mem[X,0x00000000800019B4] -> 0x8E93
mem[X,0x00000000800019B6] -> 0x7DFE
[1650] [M]: 0x00000000800019B4 (0x7DFE8E93) addi t4, t4, 0x7df
x29 <- 0xFFFFFFFF78000FDF

mem[X,0x00000000800019B8] -> 0x9E93
mem[X,0x00000000800019BA] -> 0x00BE
[1651] [M]: 0x00000000800019B8 (0x00BE9E93) slli t4, t4, 0xb
x29 <- 0xFFFFFBC0007EF800

mem[X,0x00000000800019BC] -> 0x8E93
mem[X,0x00000000800019BE] -> 0x7C0E
[1652] [M]: 0x00000000800019BC (0x7C0E8E93) addi t4, t4, 0x7c0
x29 <- 0xFFFFFBC0007EFFC0

mem[X,0x00000000800019C0] -> 0x9E93
mem[X,0x00000000800019C2] -> 0x00AE
[1653] [M]: 0x00000000800019C0 (0x00AE9E93) slli t4, t4, 0xa
x29 <- 0xFFEF0001FBFF0000

mem[X,0x00000000800019C4] -> 0x7FBB
mem[X,0x00000000800019C6] -> 0xBDDF
[1654] [M]: 0x00000000800019C4 (0xBDDF7FBB) pmhaccsu.h.bo t6, t5, t4
x31 <- 0x10680E9F08DF1092

mem[X,0x00000000800019C8] -> 0xB423
mem[X,0x00000000800019CA] -> 0x1BF0
[1655] [M]: 0x00000000800019C8 (0x1BF0B423) sd t6, 0x1a8(ra)
mem[0x00000000800043C0] <- 0x10680E9F08DF1092

mem[X,0x00000000800019CC] -> 0x0F37
mem[X,0x00000000800019CE] -> 0x0004
[1656] [M]: 0x00000000800019CC (0x00040F37) lui t5, 0x40
x30 <- 0x0000000000040000

mem[X,0x00000000800019D0] -> 0x0F13
mem[X,0x00000000800019D2] -> 0x040F
[1657] [M]: 0x00000000800019D0 (0x040F0F13) addi t5, t5, 0x40
x30 <- 0x0000000000040040

mem[X,0x00000000800019D4] -> 0x1F13
mem[X,0x00000000800019D6] -> 0x00BF
[1658] [M]: 0x00000000800019D4 (0x00BF1F13) slli t5, t5, 0xb
x30 <- 0x0000000020020000

mem[X,0x00000000800019D8] -> 0x0F13
mem[X,0x00000000800019DA] -> 0x400F
[1659] [M]: 0x00000000800019D8 (0x400F0F13) addi t5, t5, 0x400
x30 <- 0x0000000020020400

mem[X,0x00000000800019DC] -> 0x1F13
mem[X,0x00000000800019DE] -> 0x00BF
[1660] [M]: 0x00000000800019DC (0x00BF1F13) slli t5, t5, 0xb
x30 <- 0x0000010010200000

mem[X,0x00000000800019E0] -> 0x0F13
mem[X,0x00000000800019E2] -> 0x008F
[1661] [M]: 0x00000000800019E0 (0x008F0F13) addi t5, t5, 0x8
x30 <- 0x0000010010200008

mem[X,0x00000000800019E4] -> 0x1F13
mem[X,0x00000000800019E6] -> 0x00AF
[1662] [M]: 0x00000000800019E4 (0x00AF1F13) slli t5, t5, 0xa
x30 <- 0x0004004080002000

mem[X,0x00000000800019E8] -> 0x5EB7
mem[X,0x00000000800019EA] -> 0x0009
[1663] [M]: 0x00000000800019E8 (0x00095EB7) lui t4, 0x95
x29 <- 0x0000000000095000

mem[X,0x00000000800019EC] -> 0x8E93
mem[X,0x00000000800019EE] -> 0x555E
[1664] [M]: 0x00000000800019EC (0x555E8E93) addi t4, t4, 0x555
x29 <- 0x0000000000095555

mem[X,0x00000000800019F0] -> 0x9E93
mem[X,0x00000000800019F2] -> 0x00BE
[1665] [M]: 0x00000000800019F0 (0x00BE9E93) slli t4, t4, 0xb
x29 <- 0x000000004AAAA800

mem[X,0x00000000800019F4] -> 0x8E93
mem[X,0x00000000800019F6] -> 0x000E
[1666] [M]: 0x00000000800019F4 (0x000E8E93) addi t4, t4, 0x0
x29 <- 0x000000004AAAA800

mem[X,0x00000000800019F8] -> 0x9E93
mem[X,0x00000000800019FA] -> 0x00BE
[1667] [M]: 0x00000000800019F8 (0x00BE9E93) slli t4, t4, 0xb
x29 <- 0x0000025555400000

mem[X,0x00000000800019FC] -> 0x8E93
mem[X,0x00000000800019FE] -> 0x060E
[1668] [M]: 0x00000000800019FC (0x060E8E93) addi t4, t4, 0x60
x29 <- 0x0000025555400060

mem[X,0x0000000080001A00] -> 0x9E93
mem[X,0x0000000080001A02] -> 0x00AE
[1669] [M]: 0x0000000080001A00 (0x00AE9E93) slli t4, t4, 0xa
x29 <- 0x0009555500018000

mem[X,0x0000000080001A04] -> 0x7FBB
mem[X,0x0000000080001A06] -> 0xBDDF
[1670] [M]: 0x0000000080001A04 (0xBDDF7FBB) pmhaccsu.h.bo t6, t5, t4
x31 <- 0x10680E9F08DF10A2

mem[X,0x0000000080001A08] -> 0xB823
mem[X,0x0000000080001A0A] -> 0x1BF0
[1671] [M]: 0x0000000080001A08 (0x1BF0B823) sd t6, 0x1b0(ra)
mem[0x00000000800043C8] <- 0x10680E9F08DF10A2

mem[X,0x0000000080001A0C] -> 0x0F37
mem[X,0x0000000080001A0E] -> 0x1000
[1672] [M]: 0x0000000080001A0C (0x10000F37) lui t5, 0x10000
x30 <- 0x0000000010000000

mem[X,0x0000000080001A10] -> 0x0F13
mem[X,0x0000000080001A12] -> 0x400F
[1673] [M]: 0x0000000080001A10 (0x400F0F13) addi t5, t5, 0x400
x30 <- 0x0000000010000400

mem[X,0x0000000080001A14] -> 0x1F13
mem[X,0x0000000080001A16] -> 0x00BF
[1674] [M]: 0x0000000080001A14 (0x00BF1F13) slli t5, t5, 0xb
x30 <- 0x0000008000200000

mem[X,0x0000000080001A18] -> 0x0F13
mem[X,0x0000000080001A1A] -> 0x6FFF
[1675] [M]: 0x0000000080001A18 (0x6FFF0F13) addi t5, t5, 0x6ff
x30 <- 0x00000080002006FF

mem[X,0x0000000080001A1C] -> 0x1F13
mem[X,0x0000000080001A1E] -> 0x00BF
[1676] [M]: 0x0000000080001A1C (0x00BF1F13) slli t5, t5, 0xb
x30 <- 0x000400010037F800

mem[X,0x0000000080001A20] -> 0x0F13
mem[X,0x0000000080001A22] -> 0x7C0F
[1677] [M]: 0x0000000080001A20 (0x7C0F0F13) addi t5, t5, 0x7c0
x30 <- 0x000400010037FFC0

mem[X,0x0000000080001A24] -> 0x1F13
mem[X,0x0000000080001A26] -> 0x00AF
[1678] [M]: 0x0000000080001A24 (0x00AF1F13) slli t5, t5, 0xa
x30 <- 0x10000400DFFF0000

mem[X,0x0000000080001A28] -> 0x0F13
mem[X,0x0000000080001A2A] -> 0x009F
[1679] [M]: 0x0000000080001A28 (0x009F0F13) addi t5, t5, 0x9
x30 <- 0x10000400DFFF0009

mem[X,0x0000000080001A2C] -> 0x0EB7
mem[X,0x0000000080001A2E] -> 0x0400
[1680] [M]: 0x0000000080001A2C (0x04000EB7) lui t4, 0x4000
x29 <- 0x0000000004000000

mem[X,0x0000000080001A30] -> 0x8E93
mem[X,0x0000000080001A32] -> 0x010E
[1681] [M]: 0x0000000080001A30 (0x010E8E93) addi t4, t4, 0x10
x29 <- 0x0000000004000010

mem[X,0x0000000080001A34] -> 0x9E93
mem[X,0x0000000080001A36] -> 0x00BE
[1682] [M]: 0x0000000080001A34 (0x00BE9E93) slli t4, t4, 0xb
x29 <- 0x0000002000008000

mem[X,0x0000000080001A38] -> 0x8E93
mem[X,0x0000000080001A3A] -> 0x6FFE
[1683] [M]: 0x0000000080001A38 (0x6FFE8E93) addi t4, t4, 0x6ff
x29 <- 0x00000020000086FF

mem[X,0x0000000080001A3C] -> 0x9E93
mem[X,0x0000000080001A3E] -> 0x00BE
[1684] [M]: 0x0000000080001A3C (0x00BE9E93) slli t4, t4, 0xb
x29 <- 0x000100000437F800

mem[X,0x0000000080001A40] -> 0x8E93
mem[X,0x0000000080001A42] -> 0x7FEE
[1685] [M]: 0x0000000080001A40 (0x7FEE8E93) addi t4, t4, 0x7fe
x29 <- 0x000100000437FFFE

mem[X,0x0000000080001A44] -> 0x9E93
mem[X,0x0000000080001A46] -> 0x00AE
[1686] [M]: 0x0000000080001A44 (0x00AE9E93) slli t4, t4, 0xa
x29 <- 0x04000010DFFFF800

mem[X,0x0000000080001A48] -> 0x8E93
mem[X,0x0000000080001A4A] -> 0x3FFE
[1687] [M]: 0x0000000080001A48 (0x3FFE8E93) addi t4, t4, 0x3ff
x29 <- 0x04000010DFFFFBFF

mem[X,0x0000000080001A4C] -> 0x7FBB
mem[X,0x0000000080001A4E] -> 0xBDDF
[1688] [M]: 0x0000000080001A4C (0xBDDF7FBB) pmhaccsu.h.bo t6, t5, t4
x31 <- 0x10680E9F09A210A2

mem[X,0x0000000080001A50] -> 0xBC23
mem[X,0x0000000080001A52] -> 0x1BF0
[1689] [M]: 0x0000000080001A50 (0x1BF0BC23) sd t6, 0x1b8(ra)
mem[0x00000000800043D0] <- 0x10680E9F09A210A2

mem[X,0x0000000080001A54] -> 0x4F37
mem[X,0x0000000080001A56] -> 0x0040
[1690] [M]: 0x0000000080001A54 (0x00404F37) lui t5, 0x404
x30 <- 0x0000000000404000

mem[X,0x0000000080001A58] -> 0x0F13
mem[X,0x0000000080001A5A] -> 0x000F
[1691] [M]: 0x0000000080001A58 (0x000F0F13) addi t5, t5, 0x0
x30 <- 0x0000000000404000

mem[X,0x0000000080001A5C] -> 0x1F13
mem[X,0x0000000080001A5E] -> 0x00BF
[1692] [M]: 0x0000000080001A5C (0x00BF1F13) slli t5, t5, 0xb
x30 <- 0x0000000202000000

mem[X,0x0000000080001A60] -> 0x0F13
mem[X,0x0000000080001A62] -> 0x7FDF
[1693] [M]: 0x0000000080001A60 (0x7FDF0F13) addi t5, t5, 0x7fd
x30 <- 0x00000002020007FD

mem[X,0x0000000080001A64] -> 0x1F13
mem[X,0x0000000080001A66] -> 0x00BF
[1694] [M]: 0x0000000080001A64 (0x00BF1F13) slli t5, t5, 0xb
x30 <- 0x00001010003FE800

mem[X,0x0000000080001A68] -> 0x0F13
mem[X,0x0000000080001A6A] -> 0x7FFF
[1695] [M]: 0x0000000080001A68 (0x7FFF0F13) addi t5, t5, 0x7ff
x30 <- 0x00001010003FEFFF

mem[X,0x0000000080001A6C] -> 0x1F13
mem[X,0x0000000080001A6E] -> 0x00AF
[1696] [M]: 0x0000000080001A6C (0x00AF1F13) slli t5, t5, 0xa
x30 <- 0x00404000FFBFFC00

mem[X,0x0000000080001A70] -> 0x0F13
mem[X,0x0000000080001A72] -> 0x3F7F
[1697] [M]: 0x0000000080001A70 (0x3F7F0F13) addi t5, t5, 0x3f7
x30 <- 0x00404000FFBFFFF7

mem[X,0x0000000080001A74] -> 0x0EB7
mem[X,0x0000000080001A76] -> 0x0100
[1698] [M]: 0x0000000080001A74 (0x01000EB7) lui t4, 0x1000
x29 <- 0x0000000001000000

mem[X,0x0000000080001A78] -> 0x8E93
mem[X,0x0000000080001A7A] -> 0x020E
[1699] [M]: 0x0000000080001A78 (0x020E8E93) addi t4, t4, 0x20
x29 <- 0x0000000001000020

clint::tick mtime <- 0x0000000000000011
 clint timer pending at mtime 0x0000000000000011
htif::tick 0x0000000000000000
mem[X,0x0000000080001A7C] -> 0x9E93
mem[X,0x0000000080001A7E] -> 0x00BE
[1700] [M]: 0x0000000080001A7C (0x00BE9E93) slli t4, t4, 0xb
x29 <- 0x0000000800010000

mem[X,0x0000000080001A80] -> 0x8E93
mem[X,0x0000000080001A82] -> 0x7FFE
[1701] [M]: 0x0000000080001A80 (0x7FFE8E93) addi t4, t4, 0x7ff
x29 <- 0x00000008000107FF

mem[X,0x0000000080001A84] -> 0x9E93
mem[X,0x0000000080001A86] -> 0x00BE
[1702] [M]: 0x0000000080001A84 (0x00BE9E93) slli t4, t4, 0xb
x29 <- 0x00004000083FF800

mem[X,0x0000000080001A88] -> 0x8E93
mem[X,0x0000000080001A8A] -> 0x600E
[1703] [M]: 0x0000000080001A88 (0x600E8E93) addi t4, t4, 0x600
x29 <- 0x00004000083FFE00

mem[X,0x0000000080001A8C] -> 0x9E93
mem[X,0x0000000080001A8E] -> 0x00AE
[1704] [M]: 0x0000000080001A8C (0x00AE9E93) slli t4, t4, 0xa
x29 <- 0x01000020FFF80000

mem[X,0x0000000080001A90] -> 0x8E93
mem[X,0x0000000080001A92] -> 0x001E
[1705] [M]: 0x0000000080001A90 (0x001E8E93) addi t4, t4, 0x1
x29 <- 0x01000020FFF80001

mem[X,0x0000000080001A94] -> 0x7FBB
mem[X,0x0000000080001A96] -> 0xBDDF
[1706] [M]: 0x0000000080001A94 (0xBDDF7FBB) pmhaccsu.h.bo t6, t5, t4
x31 <- 0x10680E9F0AA010A2

mem[X,0x0000000080001A98] -> 0xB023
mem[X,0x0000000080001A9A] -> 0x1DF0
[1707] [M]: 0x0000000080001A98 (0x1DF0B023) sd t6, 0x1c0(ra)
mem[0x00000000800043D8] <- 0x10680E9F0AA010A2

mem[X,0x0000000080001A9C] -> 0x0F37
mem[X,0x0000000080001A9E] -> 0x0003
[1708] [M]: 0x0000000080001A9C (0x00030F37) lui t5, 0x30
x30 <- 0x0000000000030000

mem[X,0x0000000080001AA0] -> 0x0F13
mem[X,0x0000000080001AA2] -> 0x005F
[1709] [M]: 0x0000000080001AA0 (0x005F0F13) addi t5, t5, 0x5
x30 <- 0x0000000000030005

mem[X,0x0000000080001AA4] -> 0x1F13
mem[X,0x0000000080001AA6] -> 0x00BF
[1710] [M]: 0x0000000080001AA4 (0x00BF1F13) slli t5, t5, 0xb
x30 <- 0x0000000018002800

mem[X,0x0000000080001AA8] -> 0x0F13
mem[X,0x0000000080001AAA] -> 0x5FFF
[1711] [M]: 0x0000000080001AA8 (0x5FFF0F13) addi t5, t5, 0x5ff
x30 <- 0x0000000018002DFF

mem[X,0x0000000080001AAC] -> 0x1F13
mem[X,0x0000000080001AAE] -> 0x00BF
[1712] [M]: 0x0000000080001AAC (0x00BF1F13) slli t5, t5, 0xb
x30 <- 0x000000C0016FF800

mem[X,0x0000000080001AB0] -> 0x0F13
mem[X,0x0000000080001AB2] -> 0x7FFF
[1713] [M]: 0x0000000080001AB0 (0x7FFF0F13) addi t5, t5, 0x7ff
x30 <- 0x000000C0016FFFFF

mem[X,0x0000000080001AB4] -> 0x1F13
mem[X,0x0000000080001AB6] -> 0x00AF
[1714] [M]: 0x0000000080001AB4 (0x00AF1F13) slli t5, t5, 0xa
x30 <- 0x00030005BFFFFC00

mem[X,0x0000000080001AB8] -> 0x0F13
mem[X,0x0000000080001ABA] -> 0x2FFF
[1715] [M]: 0x0000000080001AB8 (0x2FFF0F13) addi t5, t5, 0x2ff
x30 <- 0x00030005BFFFFEFF

mem[X,0x0000000080001ABC] -> 0x0EB7
mem[X,0x0000000080001ABE] -> 0xBFFF
[1716] [M]: 0x0000000080001ABC (0xBFFF0EB7) lui t4, -0x40010
x29 <- 0xFFFFFFFFBFFF0000

mem[X,0x0000000080001AC0] -> 0x8E93
mem[X,0x0000000080001AC2] -> 0x040E
[1717] [M]: 0x0000000080001AC0 (0x040E8E93) addi t4, t4, 0x40
x29 <- 0xFFFFFFFFBFFF0040

mem[X,0x0000000080001AC4] -> 0x9E93
mem[X,0x0000000080001AC6] -> 0x00BE
[1718] [M]: 0x0000000080001AC4 (0x00BE9E93) slli t4, t4, 0xb
x29 <- 0xFFFFFDFFF8020000

mem[X,0x0000000080001AC8] -> 0x8E93
mem[X,0x0000000080001ACA] -> 0x000E
[1719] [M]: 0x0000000080001AC8 (0x000E8E93) addi t4, t4, 0x0
x29 <- 0xFFFFFDFFF8020000

mem[X,0x0000000080001ACC] -> 0x9E93
mem[X,0x0000000080001ACE] -> 0x00BE
[1720] [M]: 0x0000000080001ACC (0x00BE9E93) slli t4, t4, 0xb
x29 <- 0xFFEFFFC010000000

mem[X,0x0000000080001AD0] -> 0x8E93
mem[X,0x0000000080001AD2] -> 0x081E
[1721] [M]: 0x0000000080001AD0 (0x081E8E93) addi t4, t4, 0x81
x29 <- 0xFFEFFFC010000081

mem[X,0x0000000080001AD4] -> 0x9E93
mem[X,0x0000000080001AD6] -> 0x00AE
[1722] [M]: 0x0000000080001AD4 (0x00AE9E93) slli t4, t4, 0xa
x29 <- 0xBFFF004000020400

mem[X,0x0000000080001AD8] -> 0x7FBB
mem[X,0x0000000080001ADA] -> 0xBDDF
[1723] [M]: 0x0000000080001AD8 (0xBDDF7FBB) pmhaccsu.h.bo t6, t5, t4
x31 <- 0x10680E9F0AA010A5

mem[X,0x0000000080001ADC] -> 0xB423
mem[X,0x0000000080001ADE] -> 0x1DF0
[1724] [M]: 0x0000000080001ADC (0x1DF0B423) sd t6, 0x1c8(ra)
mem[0x00000000800043E0] <- 0x10680E9F0AA010A5

mem[X,0x0000000080001AE0] -> 0xFF37
mem[X,0x0000000080001AE2] -> 0xFFFF
[1725] [M]: 0x0000000080001AE0 (0xFFFFFF37) lui t5, -0x1
x30 <- 0xFFFFFFFFFFFFF000

mem[X,0x0000000080001AE4] -> 0x0F13
mem[X,0x0000000080001AE6] -> 0x7FFF
[1726] [M]: 0x0000000080001AE4 (0x7FFF0F13) addi t5, t5, 0x7ff
x30 <- 0xFFFFFFFFFFFFF7FF

mem[X,0x0000000080001AE8] -> 0x1F13
mem[X,0x0000000080001AEA] -> 0x00BF
[1727] [M]: 0x0000000080001AE8 (0x00BF1F13) slli t5, t5, 0xb
x30 <- 0xFFFFFFFFFFBFF800

mem[X,0x0000000080001AEC] -> 0x0F13
mem[X,0x0000000080001AEE] -> 0x004F
[1728] [M]: 0x0000000080001AEC (0x004F0F13) addi t5, t5, 0x4
x30 <- 0xFFFFFFFFFFBFF804

mem[X,0x0000000080001AF0] -> 0x1F13
mem[X,0x0000000080001AF2] -> 0x00BF
[1729] [M]: 0x0000000080001AF0 (0x00BF1F13) slli t5, t5, 0xb
x30 <- 0xFFFFFFFDFFC02000

mem[X,0x0000000080001AF4] -> 0x0F13
mem[X,0x0000000080001AF6] -> 0x02FF
[1730] [M]: 0x0000000080001AF4 (0x02FF0F13) addi t5, t5, 0x2f
x30 <- 0xFFFFFFFDFFC0202F

mem[X,0x0000000080001AF8] -> 0x1F13
mem[X,0x0000000080001AFA] -> 0x00AF
[1731] [M]: 0x0000000080001AF8 (0x00AF1F13) slli t5, t5, 0xa
x30 <- 0xFFFFF7FF0080BC00

mem[X,0x0000000080001AFC] -> 0x0F13
mem[X,0x0000000080001AFE] -> 0x3FFF
[1732] [M]: 0x0000000080001AFC (0x3FFF0F13) addi t5, t5, 0x3ff
x30 <- 0xFFFFF7FF0080BFFF

mem[X,0x0000000080001B00] -> 0xFEB7
mem[X,0x0000000080001B02] -> 0xFFBF
[1733] [M]: 0x0000000080001B00 (0xFFBFFEB7) lui t4, -0x401
x29 <- 0xFFFFFFFFFFBFF000

mem[X,0x0000000080001B04] -> 0x8E93
mem[X,0x0000000080001B06] -> 0x7FFE
[1734] [M]: 0x0000000080001B04 (0x7FFE8E93) addi t4, t4, 0x7ff
x29 <- 0xFFFFFFFFFFBFF7FF

mem[X,0x0000000080001B08] -> 0x9E93
mem[X,0x0000000080001B0A] -> 0x00BE
[1735] [M]: 0x0000000080001B08 (0x00BE9E93) slli t4, t4, 0xb
x29 <- 0xFFFFFFFDFFBFF800

mem[X,0x0000000080001B0C] -> 0x8E93
mem[X,0x0000000080001B0E] -> 0x7FDE
[1736] [M]: 0x0000000080001B0C (0x7FDE8E93) addi t4, t4, 0x7fd
x29 <- 0xFFFFFFFDFFBFFFFD

mem[X,0x0000000080001B10] -> 0x9E93
mem[X,0x0000000080001B12] -> 0x00BE
[1737] [M]: 0x0000000080001B10 (0x00BE9E93) slli t4, t4, 0xb
x29 <- 0xFFFFEFFDFFFFE800

mem[X,0x0000000080001B14] -> 0x8E93
mem[X,0x0000000080001B16] -> 0x7FFE
[1738] [M]: 0x0000000080001B14 (0x7FFE8E93) addi t4, t4, 0x7ff
x29 <- 0xFFFFEFFDFFFFEFFF

mem[X,0x0000000080001B18] -> 0x9E93
mem[X,0x0000000080001B1A] -> 0x00AE
[1739] [M]: 0x0000000080001B18 (0x00AE9E93) slli t4, t4, 0xa
x29 <- 0xFFBFF7FFFFBFFC00

mem[X,0x0000000080001B1C] -> 0x8E93
mem[X,0x0000000080001B1E] -> 0x3FFE
[1740] [M]: 0x0000000080001B1C (0x3FFE8E93) addi t4, t4, 0x3ff
x29 <- 0xFFBFF7FFFFBFFFFF

mem[X,0x0000000080001B20] -> 0x7FBB
mem[X,0x0000000080001B22] -> 0xBDDF
[1741] [M]: 0x0000000080001B20 (0xBDDF7FBB) pmhaccsu.h.bo t6, t5, t4
x31 <- 0x11660F8E0AA01164

mem[X,0x0000000080001B24] -> 0xB823
mem[X,0x0000000080001B26] -> 0x1DF0
[1742] [M]: 0x0000000080001B24 (0x1DF0B823) sd t6, 0x1d0(ra)
mem[0x00000000800043E8] <- 0x11660F8E0AA01164

mem[X,0x0000000080001B28] -> 0x5F37
mem[X,0x0000000080001B2A] -> 0xFFF8
[1743] [M]: 0x0000000080001B28 (0xFFF85F37) lui t5, -0x7b
x30 <- 0xFFFFFFFFFFF85000

mem[X,0x0000000080001B2C] -> 0x0F13
mem[X,0x0000000080001B2E] -> 0x555F
[1744] [M]: 0x0000000080001B2C (0x555F0F13) addi t5, t5, 0x555
x30 <- 0xFFFFFFFFFFF85555

mem[X,0x0000000080001B30] -> 0x1F13
mem[X,0x0000000080001B32] -> 0x00BF
[1745] [M]: 0x0000000080001B30 (0x00BF1F13) slli t5, t5, 0xb
x30 <- 0xFFFFFFFFC2AAA800

mem[X,0x0000000080001B34] -> 0x0F13
mem[X,0x0000000080001B36] -> 0x6FFF
[1746] [M]: 0x0000000080001B34 (0x6FFF0F13) addi t5, t5, 0x6ff
x30 <- 0xFFFFFFFFC2AAAEFF

mem[X,0x0000000080001B38] -> 0x1F13
mem[X,0x0000000080001B3A] -> 0x00BF
[1747] [M]: 0x0000000080001B38 (0x00BF1F13) slli t5, t5, 0xb
x30 <- 0xFFFFFE155577F800

mem[X,0x0000000080001B3C] -> 0x0F13
mem[X,0x0000000080001B3E] -> 0x7C0F
[1748] [M]: 0x0000000080001B3C (0x7C0F0F13) addi t5, t5, 0x7c0
x30 <- 0xFFFFFE155577FFC0

mem[X,0x0000000080001B40] -> 0x1F13
mem[X,0x0000000080001B42] -> 0x00AF
[1749] [M]: 0x0000000080001B40 (0x00AF1F13) slli t5, t5, 0xa
x30 <- 0xFFF85555DFFF0000

mem[X,0x0000000080001B44] -> 0x0F13
mem[X,0x0000000080001B46] -> 0x200F
[1750] [M]: 0x0000000080001B44 (0x200F0F13) addi t5, t5, 0x200
x30 <- 0xFFF85555DFFF0200

mem[X,0x0000000080001B48] -> 0x0EB7
mem[X,0x0000000080001B4A] -> 0xFFFC
[1751] [M]: 0x0000000080001B48 (0xFFFC0EB7) lui t4, -0x40
x29 <- 0xFFFFFFFFFFFC0000

mem[X,0x0000000080001B4C] -> 0x8E93
mem[X,0x0000000080001B4E] -> 0x004E
[1752] [M]: 0x0000000080001B4C (0x004E8E93) addi t4, t4, 0x4
x29 <- 0xFFFFFFFFFFFC0004

mem[X,0x0000000080001B50] -> 0x9E93
mem[X,0x0000000080001B52] -> 0x00BE
[1753] [M]: 0x0000000080001B50 (0x00BE9E93) slli t4, t4, 0xb
x29 <- 0xFFFFFFFFE0002000

mem[X,0x0000000080001B54] -> 0x8E93
mem[X,0x0000000080001B56] -> 0x7FFE
[1754] [M]: 0x0000000080001B54 (0x7FFE8E93) addi t4, t4, 0x7ff
x29 <- 0xFFFFFFFFE00027FF

mem[X,0x0000000080001B58] -> 0x9E93
mem[X,0x0000000080001B5A] -> 0x00BE
[1755] [M]: 0x0000000080001B58 (0x00BE9E93) slli t4, t4, 0xb
x29 <- 0xFFFFFF00013FF800

mem[X,0x0000000080001B5C] -> 0x8E93
mem[X,0x0000000080001B5E] -> 0x6BFE
[1756] [M]: 0x0000000080001B5C (0x6BFE8E93) addi t4, t4, 0x6bf
x29 <- 0xFFFFFF00013FFEBF

mem[X,0x0000000080001B60] -> 0x9E93
mem[X,0x0000000080001B62] -> 0x00AE
[1757] [M]: 0x0000000080001B60 (0x00AE9E93) slli t4, t4, 0xa
x29 <- 0xFFFC0004FFFAFC00

mem[X,0x0000000080001B64] -> 0x8E93
mem[X,0x0000000080001B66] -> 0x3FAE
[1758] [M]: 0x0000000080001B64 (0x3FAE8E93) addi t4, t4, 0x3fa
x29 <- 0xFFFC0004FFFAFFFA

mem[X,0x0000000080001B68] -> 0x7FBB
mem[X,0x0000000080001B6A] -> 0xBDDF
[1759] [M]: 0x0000000080001B68 (0xBDDF7FBB) pmhaccsu.h.bo t6, t5, t4
x31 <- 0x12640F8E0B7F1165

mem[X,0x0000000080001B6C] -> 0xBC23
mem[X,0x0000000080001B6E] -> 0x1DF0
[1760] [M]: 0x0000000080001B6C (0x1DF0BC23) sd t6, 0x1d8(ra)
mem[0x00000000800043F0] <- 0x12640F8E0B7F1165

mem[X,0x0000000080001B70] -> 0x0F37
mem[X,0x0000000080001B72] -> 0x0004
[1761] [M]: 0x0000000080001B70 (0x00040F37) lui t5, 0x40
x30 <- 0x0000000000040000

mem[X,0x0000000080001B74] -> 0x0F13
mem[X,0x0000000080001B76] -> 0xFDFF
[1762] [M]: 0x0000000080001B74 (0xFDFF0F13) addi t5, t5, -0x21
x30 <- 0x000000000003FFDF

mem[X,0x0000000080001B78] -> 0x1F13
mem[X,0x0000000080001B7A] -> 0x00BF
[1763] [M]: 0x0000000080001B78 (0x00BF1F13) slli t5, t5, 0xb
x30 <- 0x000000001FFEF800

mem[X,0x0000000080001B7C] -> 0x0F13
mem[X,0x0000000080001B7E] -> 0x7FFF
[1764] [M]: 0x0000000080001B7C (0x7FFF0F13) addi t5, t5, 0x7ff
x30 <- 0x000000001FFEFFFF

mem[X,0x0000000080001B80] -> 0x1F13
mem[X,0x0000000080001B82] -> 0x00BF
[1765] [M]: 0x0000000080001B80 (0x00BF1F13) slli t5, t5, 0xb
x30 <- 0x000000FFF7FFF800

mem[X,0x0000000080001B84] -> 0x0F13
mem[X,0x0000000080001B86] -> 0x3FFF
[1766] [M]: 0x0000000080001B84 (0x3FFF0F13) addi t5, t5, 0x3ff
x30 <- 0x000000FFF7FFFBFF

mem[X,0x0000000080001B88] -> 0x1F13
mem[X,0x0000000080001B8A] -> 0x00AF
[1767] [M]: 0x0000000080001B88 (0x00AF1F13) slli t5, t5, 0xa
x30 <- 0x0003FFDFFFEFFC00

mem[X,0x0000000080001B8C] -> 0x0F13
mem[X,0x0000000080001B8E] -> 0x3FEF
[1768] [M]: 0x0000000080001B8C (0x3FEF0F13) addi t5, t5, 0x3fe
x30 <- 0x0003FFDFFFEFFFFE

mem[X,0x0000000080001B90] -> 0xFEB7
mem[X,0x0000000080001B92] -> 0x1000
[1769] [M]: 0x0000000080001B90 (0x1000FEB7) lui t4, 0x1000f
x29 <- 0x000000001000F000

mem[X,0x0000000080001B94] -> 0x8E93
mem[X,0x0000000080001B96] -> 0xFFFE
[1770] [M]: 0x0000000080001B94 (0xFFFE8E93) addi t4, t4, -0x1
x29 <- 0x000000001000EFFF

mem[X,0x0000000080001B98] -> 0x9E93
mem[X,0x0000000080001B9A] -> 0x00BE
[1771] [M]: 0x0000000080001B98 (0x00BE9E93) slli t4, t4, 0xb
x29 <- 0x00000080077FF800

mem[X,0x0000000080001B9C] -> 0x8E93
mem[X,0x0000000080001B9E] -> 0x7FFE
[1772] [M]: 0x0000000080001B9C (0x7FFE8E93) addi t4, t4, 0x7ff
x29 <- 0x00000080077FFFFF

mem[X,0x0000000080001BA0] -> 0x9E93
mem[X,0x0000000080001BA2] -> 0x00BE
[1773] [M]: 0x0000000080001BA0 (0x00BE9E93) slli t4, t4, 0xb
x29 <- 0x0004003BFFFFF800

mem[X,0x0000000080001BA4] -> 0x8E93
mem[X,0x0000000080001BA6] -> 0x7C0E
[1774] [M]: 0x0000000080001BA4 (0x7C0E8E93) addi t4, t4, 0x7c0
x29 <- 0x0004003BFFFFFFC0

mem[X,0x0000000080001BA8] -> 0x9E93
mem[X,0x0000000080001BAA] -> 0x00AE
[1775] [M]: 0x0000000080001BA8 (0x00AE9E93) slli t4, t4, 0xa
x29 <- 0x1000EFFFFFFF0000

mem[X,0x0000000080001BAC] -> 0x8E93
mem[X,0x0000000080001BAE] -> 0x080E
[1776] [M]: 0x0000000080001BAC (0x080E8E93) addi t4, t4, 0x80
x29 <- 0x1000EFFFFFFF0080

mem[X,0x0000000080001BB0] -> 0x7FBB
mem[X,0x0000000080001BB2] -> 0xBDDF
[1777] [M]: 0x0000000080001BB0 (0xBDDF7FBB) pmhaccsu.h.bo t6, t5, t4
x31 <- 0x1264107C0C7D1165

mem[X,0x0000000080001BB4] -> 0xB023
mem[X,0x0000000080001BB6] -> 0x1FF0
[1778] [M]: 0x0000000080001BB4 (0x1FF0B023) sd t6, 0x1e0(ra)
mem[0x00000000800043F8] <- 0x1264107C0C7D1165

mem[X,0x0000000080001BB8] -> 0x0F37
mem[X,0x0000000080001BBA] -> 0x0800
[1779] [M]: 0x0000000080001BB8 (0x08000F37) lui t5, 0x8000
x30 <- 0x0000000008000000

mem[X,0x0000000080001BBC] -> 0x0F13
mem[X,0x0000000080001BBE] -> 0x004F
[1780] [M]: 0x0000000080001BBC (0x004F0F13) addi t5, t5, 0x4
x30 <- 0x0000000008000004

mem[X,0x0000000080001BC0] -> 0x1F13
mem[X,0x0000000080001BC2] -> 0x00BF
[1781] [M]: 0x0000000080001BC0 (0x00BF1F13) slli t5, t5, 0xb
x30 <- 0x0000004000002000

mem[X,0x0000000080001BC4] -> 0x0F13
mem[X,0x0000000080001BC6] -> 0x200F
[1782] [M]: 0x0000000080001BC4 (0x200F0F13) addi t5, t5, 0x200
x30 <- 0x0000004000002200

mem[X,0x0000000080001BC8] -> 0x1F13
mem[X,0x0000000080001BCA] -> 0x00BF
[1783] [M]: 0x0000000080001BC8 (0x00BF1F13) slli t5, t5, 0xb
x30 <- 0x0002000001100000

mem[X,0x0000000080001BCC] -> 0x0F13
mem[X,0x0000000080001BCE] -> 0x000F
[1784] [M]: 0x0000000080001BCC (0x000F0F13) addi t5, t5, 0x0
x30 <- 0x0002000001100000

mem[X,0x0000000080001BD0] -> 0x1F13
mem[X,0x0000000080001BD2] -> 0x00AF
[1785] [M]: 0x0000000080001BD0 (0x00AF1F13) slli t5, t5, 0xa
x30 <- 0x0800000440000000

mem[X,0x0000000080001BD4] -> 0x0F13
mem[X,0x0000000080001BD6] -> 0x006F
[1786] [M]: 0x0000000080001BD4 (0x006F0F13) addi t5, t5, 0x6
x30 <- 0x0800000440000006

mem[X,0x0000000080001BD8] -> 0x8EB7
mem[X,0x0000000080001BDA] -> 0xFFF8
[1787] [M]: 0x0000000080001BD8 (0xFFF88EB7) lui t4, -0x78
x29 <- 0xFFFFFFFFFFF88000

mem[X,0x0000000080001BDC] -> 0x8E93
mem[X,0x0000000080001BDE] -> 0xFFFE
[1788] [M]: 0x0000000080001BDC (0xFFFE8E93) addi t4, t4, -0x1
x29 <- 0xFFFFFFFFFFF87FFF

mem[X,0x0000000080001BE0] -> 0x9E93
mem[X,0x0000000080001BE2] -> 0x00BE
[1789] [M]: 0x0000000080001BE0 (0x00BE9E93) slli t4, t4, 0xb
x29 <- 0xFFFFFFFFC3FFF800

mem[X,0x0000000080001BE4] -> 0x8E93
mem[X,0x0000000080001BE6] -> 0x000E
[1790] [M]: 0x0000000080001BE4 (0x000E8E93) addi t4, t4, 0x0
x29 <- 0xFFFFFFFFC3FFF800

mem[X,0x0000000080001BE8] -> 0x9E93
mem[X,0x0000000080001BEA] -> 0x00BE
[1791] [M]: 0x0000000080001BE8 (0x00BE9E93) slli t4, t4, 0xb
x29 <- 0xFFFFFE1FFFC00000

mem[X,0x0000000080001BEC] -> 0x8E93
mem[X,0x0000000080001BEE] -> 0x080E
[1792] [M]: 0x0000000080001BEC (0x080E8E93) addi t4, t4, 0x80
x29 <- 0xFFFFFE1FFFC00080

mem[X,0x0000000080001BF0] -> 0x9E93
mem[X,0x0000000080001BF2] -> 0x00AE
[1793] [M]: 0x0000000080001BF0 (0x00AE9E93) slli t4, t4, 0xa
x29 <- 0xFFF87FFF00020000

mem[X,0x0000000080001BF4] -> 0x7FBB
mem[X,0x0000000080001BF6] -> 0xBDDF
[1794] [M]: 0x0000000080001BF4 (0xBDDF7FBB) pmhaccsu.h.bo t6, t5, t4
x31 <- 0x126B107C0C7D1165

mem[X,0x0000000080001BF8] -> 0xB423
mem[X,0x0000000080001BFA] -> 0x1FF0
[1795] [M]: 0x0000000080001BF8 (0x1FF0B423) sd t6, 0x1e8(ra)
mem[0x0000000080004400] <- 0x126B107C0C7D1165

mem[X,0x0000000080001BFC] -> 0x0F37
mem[X,0x0000000080001BFE] -> 0xFFF9
[1796] [M]: 0x0000000080001BFC (0xFFF90F37) lui t5, -0x70
x30 <- 0xFFFFFFFFFFF90000

mem[X,0x0000000080001C00] -> 0x0F13
mem[X,0x0000000080001C02] -> 0xFF9F
[1797] [M]: 0x0000000080001C00 (0xFF9F0F13) addi t5, t5, -0x7
x30 <- 0xFFFFFFFFFFF8FFF9

mem[X,0x0000000080001C04] -> 0x1F13
mem[X,0x0000000080001C06] -> 0x00BF
[1798] [M]: 0x0000000080001C04 (0x00BF1F13) slli t5, t5, 0xb
x30 <- 0xFFFFFFFFC7FFC800

mem[X,0x0000000080001C08] -> 0x0F13
mem[X,0x0000000080001C0A] -> 0x400F
[1799] [M]: 0x0000000080001C08 (0x400F0F13) addi t5, t5, 0x400
x30 <- 0xFFFFFFFFC7FFCC00

clint::tick mtime <- 0x0000000000000012
 clint timer pending at mtime 0x0000000000000012
htif::tick 0x0000000000000000
mem[X,0x0000000080001C0C] -> 0x1F13
mem[X,0x0000000080001C0E] -> 0x00BF
[1800] [M]: 0x0000000080001C0C (0x00BF1F13) slli t5, t5, 0xb
x30 <- 0xFFFFFE3FFE600000

mem[X,0x0000000080001C10] -> 0x0F13
mem[X,0x0000000080001C12] -> 0x03FF
[1801] [M]: 0x0000000080001C10 (0x03FF0F13) addi t5, t5, 0x3f
x30 <- 0xFFFFFE3FFE60003F

mem[X,0x0000000080001C14] -> 0x1F13
mem[X,0x0000000080001C16] -> 0x00AF
[1802] [M]: 0x0000000080001C14 (0x00AF1F13) slli t5, t5, 0xa
x30 <- 0xFFF8FFF98000FC00

mem[X,0x0000000080001C18] -> 0x0F13
mem[X,0x0000000080001C1A] -> 0x3F8F
[1803] [M]: 0x0000000080001C18 (0x3F8F0F13) addi t5, t5, 0x3f8
x30 <- 0xFFF8FFF98000FFF8

mem[X,0x0000000080001C1C] -> 0x0EB7
mem[X,0x0000000080001C1E] -> 0xFF80
[1804] [M]: 0x0000000080001C1C (0xFF800EB7) lui t4, -0x800
x29 <- 0xFFFFFFFFFF800000

mem[X,0x0000000080001C20] -> 0x8E93
mem[X,0x0000000080001C22] -> 0xFF7E
[1805] [M]: 0x0000000080001C20 (0xFF7E8E93) addi t4, t4, -0x9
x29 <- 0xFFFFFFFFFF7FFFF7

mem[X,0x0000000080001C24] -> 0x9E93
mem[X,0x0000000080001C26] -> 0x00BE
[1806] [M]: 0x0000000080001C24 (0x00BE9E93) slli t4, t4, 0xb
x29 <- 0xFFFFFFFBFFFFB800

mem[X,0x0000000080001C28] -> 0x8E93
mem[X,0x0000000080001C2A] -> 0x000E
[1807] [M]: 0x0000000080001C28 (0x000E8E93) addi t4, t4, 0x0
x29 <- 0xFFFFFFFBFFFFB800

mem[X,0x0000000080001C2C] -> 0x9E93
mem[X,0x0000000080001C2E] -> 0x00BE
[1808] [M]: 0x0000000080001C2C (0x00BE9E93) slli t4, t4, 0xb
x29 <- 0xFFFFDFFFFDC00000

mem[X,0x0000000080001C30] -> 0x8E93
mem[X,0x0000000080001C32] -> 0x104E
[1809] [M]: 0x0000000080001C30 (0x104E8E93) addi t4, t4, 0x104
x29 <- 0xFFFFDFFFFDC00104

mem[X,0x0000000080001C34] -> 0x9E93
mem[X,0x0000000080001C36] -> 0x00AE
[1810] [M]: 0x0000000080001C34 (0x00AE9E93) slli t4, t4, 0xa
x29 <- 0xFF7FFFF700041000

mem[X,0x0000000080001C38] -> 0x7FBB
mem[X,0x0000000080001C3A] -> 0xBDDF
[1811] [M]: 0x0000000080001C38 (0xBDDF7FBB) pmhaccsu.h.bo t6, t5, t4
x31 <- 0x1369117A0C7D1174

mem[X,0x0000000080001C3C] -> 0xB823
mem[X,0x0000000080001C3E] -> 0x1FF0
[1812] [M]: 0x0000000080001C3C (0x1FF0B823) sd t6, 0x1f0(ra)
mem[0x0000000080004408] <- 0x1369117A0C7D1174

mem[X,0x0000000080001C40] -> 0x0F37
mem[X,0x0000000080001C42] -> 0x5555
[1813] [M]: 0x0000000080001C40 (0x55550F37) lui t5, 0x55550
x30 <- 0x0000000055550000

mem[X,0x0000000080001C44] -> 0x0F13
mem[X,0x0000000080001C46] -> 0x007F
[1814] [M]: 0x0000000080001C44 (0x007F0F13) addi t5, t5, 0x7
x30 <- 0x0000000055550007

mem[X,0x0000000080001C48] -> 0x1F13
mem[X,0x0000000080001C4A] -> 0x00BF
[1815] [M]: 0x0000000080001C48 (0x00BF1F13) slli t5, t5, 0xb
x30 <- 0x000002AAA8003800

mem[X,0x0000000080001C4C] -> 0x0F13
mem[X,0x0000000080001C4E] -> 0x5FFF
[1816] [M]: 0x0000000080001C4C (0x5FFF0F13) addi t5, t5, 0x5ff
x30 <- 0x000002AAA8003DFF

mem[X,0x0000000080001C50] -> 0x1F13
mem[X,0x0000000080001C52] -> 0x00BF
[1817] [M]: 0x0000000080001C50 (0x00BF1F13) slli t5, t5, 0xb
x30 <- 0x0015554001EFF800

mem[X,0x0000000080001C54] -> 0x0F13
mem[X,0x0000000080001C56] -> 0x7FEF
[1818] [M]: 0x0000000080001C54 (0x7FEF0F13) addi t5, t5, 0x7fe
x30 <- 0x0015554001EFFFFE

mem[X,0x0000000080001C58] -> 0x1F13
mem[X,0x0000000080001C5A] -> 0x00AF
[1819] [M]: 0x0000000080001C58 (0x00AF1F13) slli t5, t5, 0xa
x30 <- 0x55550007BFFFF800

mem[X,0x0000000080001C5C] -> 0x0F13
mem[X,0x0000000080001C5E] -> 0x3FFF
[1820] [M]: 0x0000000080001C5C (0x3FFF0F13) addi t5, t5, 0x3ff
x30 <- 0x55550007BFFFFBFF

mem[X,0x0000000080001C60] -> 0x0EB7
mem[X,0x0000000080001C62] -> 0x0011
[1821] [M]: 0x0000000080001C60 (0x00110EB7) lui t4, 0x110
x29 <- 0x0000000000110000

mem[X,0x0000000080001C64] -> 0x8E93
mem[X,0x0000000080001C66] -> 0xFBFE
[1822] [M]: 0x0000000080001C64 (0xFBFE8E93) addi t4, t4, -0x41
x29 <- 0x000000000010FFBF

mem[X,0x0000000080001C68] -> 0x9E93
mem[X,0x0000000080001C6A] -> 0x00BE
[1823] [M]: 0x0000000080001C68 (0x00BE9E93) slli t4, t4, 0xb
x29 <- 0x0000000087FDF800

mem[X,0x0000000080001C6C] -> 0x8E93
mem[X,0x0000000080001C6E] -> 0x001E
[1824] [M]: 0x0000000080001C6C (0x001E8E93) addi t4, t4, 0x1
x29 <- 0x0000000087FDF801

mem[X,0x0000000080001C70] -> 0x9E93
mem[X,0x0000000080001C72] -> 0x00BE
[1825] [M]: 0x0000000080001C70 (0x00BE9E93) slli t4, t4, 0xb
x29 <- 0x0000043FEFC00800

mem[X,0x0000000080001C74] -> 0x8E93
mem[X,0x0000000080001C76] -> 0x01FE
[1826] [M]: 0x0000000080001C74 (0x01FE8E93) addi t4, t4, 0x1f
x29 <- 0x0000043FEFC0081F

mem[X,0x0000000080001C78] -> 0x9E93
mem[X,0x0000000080001C7A] -> 0x00AE
[1827] [M]: 0x0000000080001C78 (0x00AE9E93) slli t4, t4, 0xa
x29 <- 0x0010FFBF00207C00

mem[X,0x0000000080001C7C] -> 0x8E93
mem[X,0x0000000080001C7E] -> 0x3FFE
[1828] [M]: 0x0000000080001C7C (0x3FFE8E93) addi t4, t4, 0x3ff
x29 <- 0x0010FFBF00207FFF

mem[X,0x0000000080001C80] -> 0x7FBB
mem[X,0x0000000080001C82] -> 0xBDDF
[1829] [M]: 0x0000000080001C80 (0xBDDF7FBB) pmhaccsu.h.bo t6, t5, t4
x31 <- 0x1369117A0C7D11F1

mem[X,0x0000000080001C84] -> 0xBC23
mem[X,0x0000000080001C86] -> 0x1FF0
[1830] [M]: 0x0000000080001C84 (0x1FF0BC23) sd t6, 0x1f8(ra)
mem[0x0000000080004410] <- 0x1369117A0C7D11F1

mem[X,0x0000000080001C88] -> 0x0F37
mem[X,0x0000000080001C8A] -> 0x0011
[1831] [M]: 0x0000000080001C88 (0x00110F37) lui t5, 0x110
x30 <- 0x0000000000110000

mem[X,0x0000000080001C8C] -> 0x0F13
mem[X,0x0000000080001C8E] -> 0xBFFF
[1832] [M]: 0x0000000080001C8C (0xBFFF0F13) addi t5, t5, -0x401
x30 <- 0x000000000010FBFF

mem[X,0x0000000080001C90] -> 0x1F13
mem[X,0x0000000080001C92] -> 0x00BF
[1833] [M]: 0x0000000080001C90 (0x00BF1F13) slli t5, t5, 0xb
x30 <- 0x0000000087DFF800

mem[X,0x0000000080001C94] -> 0x0F13
mem[X,0x0000000080001C96] -> 0x7FFF
[1834] [M]: 0x0000000080001C94 (0x7FFF0F13) addi t5, t5, 0x7ff
x30 <- 0x0000000087DFFFFF

mem[X,0x0000000080001C98] -> 0x1F13
mem[X,0x0000000080001C9A] -> 0x00BF
[1835] [M]: 0x0000000080001C98 (0x00BF1F13) slli t5, t5, 0xb
x30 <- 0x0000043EFFFFF800

mem[X,0x0000000080001C9C] -> 0x0F13
mem[X,0x0000000080001C9E] -> 0x66FF
[1836] [M]: 0x0000000080001C9C (0x66FF0F13) addi t5, t5, 0x66f
x30 <- 0x0000043EFFFFFE6F

mem[X,0x0000000080001CA0] -> 0x1F13
mem[X,0x0000000080001CA2] -> 0x00AF
[1837] [M]: 0x0000000080001CA0 (0x00AF1F13) slli t5, t5, 0xa
x30 <- 0x0010FBFFFFF9BC00

mem[X,0x0000000080001CA4] -> 0x0F13
mem[X,0x0000000080001CA6] -> 0x3FFF
[1838] [M]: 0x0000000080001CA4 (0x3FFF0F13) addi t5, t5, 0x3ff
x30 <- 0x0010FBFFFFF9BFFF

mem[X,0x0000000080001CA8] -> 0x0EB7
mem[X,0x0000000080001CAA] -> 0x000A
[1839] [M]: 0x0000000080001CA8 (0x000A0EB7) lui t4, 0xa0
x29 <- 0x00000000000A0000

mem[X,0x0000000080001CAC] -> 0x8E93
mem[X,0x0000000080001CAE] -> 0xFF6E
[1840] [M]: 0x0000000080001CAC (0xFF6E8E93) addi t4, t4, -0xa
x29 <- 0x000000000009FFF6

mem[X,0x0000000080001CB0] -> 0x9E93
mem[X,0x0000000080001CB2] -> 0x00BE
[1841] [M]: 0x0000000080001CB0 (0x00BE9E93) slli t4, t4, 0xb
x29 <- 0x000000004FFFB000

mem[X,0x0000000080001CB4] -> 0x8E93
mem[X,0x0000000080001CB6] -> 0x7FFE
[1842] [M]: 0x0000000080001CB4 (0x7FFE8E93) addi t4, t4, 0x7ff
x29 <- 0x000000004FFFB7FF

mem[X,0x0000000080001CB8] -> 0x9E93
mem[X,0x0000000080001CBA] -> 0x00BE
[1843] [M]: 0x0000000080001CB8 (0x00BE9E93) slli t4, t4, 0xb
x29 <- 0x0000027FFDBFF800

mem[X,0x0000000080001CBC] -> 0x8E93
mem[X,0x0000000080001CBE] -> 0x7BFE
[1844] [M]: 0x0000000080001CBC (0x7BFE8E93) addi t4, t4, 0x7bf
x29 <- 0x0000027FFDBFFFBF

mem[X,0x0000000080001CC0] -> 0x9E93
mem[X,0x0000000080001CC2] -> 0x00AE
[1845] [M]: 0x0000000080001CC0 (0x00AE9E93) slli t4, t4, 0xa
x29 <- 0x0009FFF6FFFEFC00

mem[X,0x0000000080001CC4] -> 0x8E93
mem[X,0x0000000080001CC6] -> 0x3FAE
[1846] [M]: 0x0000000080001CC4 (0x3FAE8E93) addi t4, t4, 0x3fa
x29 <- 0x0009FFF6FFFEFFFA

mem[X,0x0000000080001CC8] -> 0x7FBB
mem[X,0x0000000080001CCA] -> 0xBDDF
[1847] [M]: 0x0000000080001CC8 (0xBDDF7FBB) pmhaccsu.h.bo t6, t5, t4
x31 <- 0x136912750D7B12B0

mem[X,0x0000000080001CCC] -> 0xB023
mem[X,0x0000000080001CCE] -> 0x21F0
[1848] [M]: 0x0000000080001CCC (0x21F0B023) sd t6, 0x200(ra)
mem[0x0000000080004418] <- 0x136912750D7B12B0

mem[X,0x0000000080001CD0] -> 0x0F37
mem[X,0x0000000080001CD2] -> 0xF000
[1849] [M]: 0x0000000080001CD0 (0xF0000F37) lui t5, -0x10000
x30 <- 0xFFFFFFFFF0000000

mem[X,0x0000000080001CD4] -> 0x0F13
mem[X,0x0000000080001CD6] -> 0xFBFF
[1850] [M]: 0x0000000080001CD4 (0xFBFF0F13) addi t5, t5, -0x41
x30 <- 0xFFFFFFFFEFFFFFBF

mem[X,0x0000000080001CD8] -> 0x1F13
mem[X,0x0000000080001CDA] -> 0x00BF
[1851] [M]: 0x0000000080001CD8 (0x00BF1F13) slli t5, t5, 0xb
x30 <- 0xFFFFFF7FFFFDF800

mem[X,0x0000000080001CDC] -> 0x0F13
mem[X,0x0000000080001CDE] -> 0x000F
[1852] [M]: 0x0000000080001CDC (0x000F0F13) addi t5, t5, 0x0
x30 <- 0xFFFFFF7FFFFDF800

mem[X,0x0000000080001CE0] -> 0x1F13
mem[X,0x0000000080001CE2] -> 0x00BF
[1853] [M]: 0x0000000080001CE0 (0x00BF1F13) slli t5, t5, 0xb
x30 <- 0xFFFBFFFFEFC00000

mem[X,0x0000000080001CE4] -> 0x0F13
mem[X,0x0000000080001CE6] -> 0x17EF
[1854] [M]: 0x0000000080001CE4 (0x17EF0F13) addi t5, t5, 0x17e
x30 <- 0xFFFBFFFFEFC0017E

mem[X,0x0000000080001CE8] -> 0x1F13
mem[X,0x0000000080001CEA] -> 0x00AF
[1855] [M]: 0x0000000080001CE8 (0x00AF1F13) slli t5, t5, 0xa
x30 <- 0xEFFFFFBF0005F800

mem[X,0x0000000080001CEC] -> 0x0F13
mem[X,0x0000000080001CEE] -> 0x3FFF
[1856] [M]: 0x0000000080001CEC (0x3FFF0F13) addi t5, t5, 0x3ff
x30 <- 0xEFFFFFBF0005FBFF

mem[X,0x0000000080001CF0] -> 0x0EB7
mem[X,0x0000000080001CF2] -> 0xFFFB
[1857] [M]: 0x0000000080001CF0 (0xFFFB0EB7) lui t4, -0x50
x29 <- 0xFFFFFFFFFFFB0000

mem[X,0x0000000080001CF4] -> 0x8E93
mem[X,0x0000000080001CF6] -> 0xBFFE
[1858] [M]: 0x0000000080001CF4 (0xBFFE8E93) addi t4, t4, -0x401
x29 <- 0xFFFFFFFFFFFAFBFF

mem[X,0x0000000080001CF8] -> 0x9E93
mem[X,0x0000000080001CFA] -> 0x00BE
[1859] [M]: 0x0000000080001CF8 (0x00BE9E93) slli t4, t4, 0xb
x29 <- 0xFFFFFFFFD7DFF800

mem[X,0x0000000080001CFC] -> 0x8E93
mem[X,0x0000000080001CFE] -> 0x7FFE
[1860] [M]: 0x0000000080001CFC (0x7FFE8E93) addi t4, t4, 0x7ff
x29 <- 0xFFFFFFFFD7DFFFFF

mem[X,0x0000000080001D00] -> 0x9E93
mem[X,0x0000000080001D02] -> 0x00BE
[1861] [M]: 0x0000000080001D00 (0x00BE9E93) slli t4, t4, 0xb
x29 <- 0xFFFFFEBEFFFFF800

mem[X,0x0000000080001D04] -> 0x8E93
mem[X,0x0000000080001D06] -> 0x740E
[1862] [M]: 0x0000000080001D04 (0x740E8E93) addi t4, t4, 0x740
x29 <- 0xFFFFFEBEFFFFFF40

mem[X,0x0000000080001D08] -> 0x9E93
mem[X,0x0000000080001D0A] -> 0x00AE
[1863] [M]: 0x0000000080001D08 (0x00AE9E93) slli t4, t4, 0xa
x29 <- 0xFFFAFBFFFFFD0000

mem[X,0x0000000080001D0C] -> 0x8E93
mem[X,0x0000000080001D0E] -> 0x008E
[1864] [M]: 0x0000000080001D0C (0x008E8E93) addi t4, t4, 0x8
x29 <- 0xFFFAFBFFFFFD0008

mem[X,0x0000000080001D10] -> 0x7FBB
mem[X,0x0000000080001D12] -> 0xBDDF
[1865] [M]: 0x0000000080001D10 (0xBDDF7FBB) pmhaccsu.h.bo t6, t5, t4
x31 <- 0x1458136F0D7B12B0

mem[X,0x0000000080001D14] -> 0xB423
mem[X,0x0000000080001D16] -> 0x21F0
[1866] [M]: 0x0000000080001D14 (0x21F0B423) sd t6, 0x208(ra)
mem[0x0000000080004420] <- 0x1458136F0D7B12B0

mem[X,0x0000000080001D18] -> 0xEF37
mem[X,0x0000000080001D1A] -> 0x4000
[1867] [M]: 0x0000000080001D18 (0x4000EF37) lui t5, 0x4000e
x30 <- 0x000000004000E000

mem[X,0x0000000080001D1C] -> 0x0F13
mem[X,0x0000000080001D1E] -> 0xFFFF
[1868] [M]: 0x0000000080001D1C (0xFFFF0F13) addi t5, t5, -0x1
x30 <- 0x000000004000DFFF

mem[X,0x0000000080001D20] -> 0x1F13
mem[X,0x0000000080001D22] -> 0x00BF
[1869] [M]: 0x0000000080001D20 (0x00BF1F13) slli t5, t5, 0xb
x30 <- 0x0000020006FFF800

mem[X,0x0000000080001D24] -> 0x0F13
mem[X,0x0000000080001D26] -> 0x002F
[1870] [M]: 0x0000000080001D24 (0x002F0F13) addi t5, t5, 0x2
x30 <- 0x0000020006FFF802

mem[X,0x0000000080001D28] -> 0x1F13
mem[X,0x0000000080001D2A] -> 0x00BF
[1871] [M]: 0x0000000080001D28 (0x00BF1F13) slli t5, t5, 0xb
x30 <- 0x00100037FFC01000

mem[X,0x0000000080001D2C] -> 0x0F13
mem[X,0x0000000080001D2E] -> 0x015F
[1872] [M]: 0x0000000080001D2C (0x015F0F13) addi t5, t5, 0x15
x30 <- 0x00100037FFC01015

mem[X,0x0000000080001D30] -> 0x1F13
mem[X,0x0000000080001D32] -> 0x00AF
[1873] [M]: 0x0000000080001D30 (0x00AF1F13) slli t5, t5, 0xa
x30 <- 0x4000DFFF00405400

mem[X,0x0000000080001D34] -> 0x0F13
mem[X,0x0000000080001D36] -> 0x155F
[1874] [M]: 0x0000000080001D34 (0x155F0F13) addi t5, t5, 0x155
x30 <- 0x4000DFFF00405555

mem[X,0x0000000080001D38] -> 0x0EB7
mem[X,0x0000000080001D3A] -> 0x0004
[1875] [M]: 0x0000000080001D38 (0x00040EB7) lui t4, 0x40
x29 <- 0x0000000000040000

mem[X,0x0000000080001D3C] -> 0x8E93
mem[X,0x0000000080001D3E] -> 0xFF7E
[1876] [M]: 0x0000000080001D3C (0xFF7E8E93) addi t4, t4, -0x9
x29 <- 0x000000000003FFF7

mem[X,0x0000000080001D40] -> 0x9E93
mem[X,0x0000000080001D42] -> 0x00BE
[1877] [M]: 0x0000000080001D40 (0x00BE9E93) slli t4, t4, 0xb
x29 <- 0x000000001FFFB800

mem[X,0x0000000080001D44] -> 0x8E93
mem[X,0x0000000080001D46] -> 0x555E
[1878] [M]: 0x0000000080001D44 (0x555E8E93) addi t4, t4, 0x555
x29 <- 0x000000001FFFBD55

mem[X,0x0000000080001D48] -> 0x9E93
mem[X,0x0000000080001D4A] -> 0x00BE
[1879] [M]: 0x0000000080001D48 (0x00BE9E93) slli t4, t4, 0xb
x29 <- 0x000000FFFDEAA800

mem[X,0x0000000080001D4C] -> 0x8E93
mem[X,0x0000000080001D4E] -> 0x2BDE
[1880] [M]: 0x0000000080001D4C (0x2BDE8E93) addi t4, t4, 0x2bd
x29 <- 0x000000FFFDEAAABD

mem[X,0x0000000080001D50] -> 0x9E93
mem[X,0x0000000080001D52] -> 0x00AE
[1881] [M]: 0x0000000080001D50 (0x00AE9E93) slli t4, t4, 0xa
x29 <- 0x0003FFF7AAAAF400

mem[X,0x0000000080001D54] -> 0x8E93
mem[X,0x0000000080001D56] -> 0x3FFE
[1882] [M]: 0x0000000080001D54 (0x3FFE8E93) addi t4, t4, 0x3ff
x29 <- 0x0003FFF7AAAAF7FF

mem[X,0x0000000080001D58] -> 0x7FBB
mem[X,0x0000000080001D5A] -> 0xBDDF
[1883] [M]: 0x0000000080001D58 (0xBDDF7FBB) pmhaccsu.h.bo t6, t5, t4
x31 <- 0x1458144E0D7B1302

mem[X,0x0000000080001D5C] -> 0xB823
mem[X,0x0000000080001D5E] -> 0x21F0
[1884] [M]: 0x0000000080001D5C (0x21F0B823) sd t6, 0x210(ra)
mem[0x0000000080004428] <- 0x1458144E0D7B1302

mem[X,0x0000000080001D60] -> 0xFF37
mem[X,0x0000000080001D62] -> 0x5555
[1885] [M]: 0x0000000080001D60 (0x5555FF37) lui t5, 0x5555f
x30 <- 0x000000005555F000

mem[X,0x0000000080001D64] -> 0x0F13
mem[X,0x0000000080001D66] -> 0x7FFF
[1886] [M]: 0x0000000080001D64 (0x7FFF0F13) addi t5, t5, 0x7ff
x30 <- 0x000000005555F7FF

mem[X,0x0000000080001D68] -> 0x1F13
mem[X,0x0000000080001D6A] -> 0x00BF
[1887] [M]: 0x0000000080001D68 (0x00BF1F13) slli t5, t5, 0xb
x30 <- 0x000002AAAFBFF800

mem[X,0x0000000080001D6C] -> 0x0F13
mem[X,0x0000000080001D6E] -> 0x020F
[1888] [M]: 0x0000000080001D6C (0x020F0F13) addi t5, t5, 0x20
x30 <- 0x000002AAAFBFF820

mem[X,0x0000000080001D70] -> 0x1F13
mem[X,0x0000000080001D72] -> 0x00BF
[1889] [M]: 0x0000000080001D70 (0x00BF1F13) slli t5, t5, 0xb
x30 <- 0x0015557DFFC10000

mem[X,0x0000000080001D74] -> 0x0F13
mem[X,0x0000000080001D76] -> 0x03BF
[1890] [M]: 0x0000000080001D74 (0x03BF0F13) addi t5, t5, 0x3b
x30 <- 0x0015557DFFC1003B

mem[X,0x0000000080001D78] -> 0x1F13
mem[X,0x0000000080001D7A] -> 0x00AF
[1891] [M]: 0x0000000080001D78 (0x00AF1F13) slli t5, t5, 0xa
x30 <- 0x5555F7FF0400EC00

mem[X,0x0000000080001D7C] -> 0x0F13
mem[X,0x0000000080001D7E] -> 0x3FFF
[1892] [M]: 0x0000000080001D7C (0x3FFF0F13) addi t5, t5, 0x3ff
x30 <- 0x5555F7FF0400EFFF

mem[X,0x0000000080001D80] -> 0x0EB7
mem[X,0x0000000080001D82] -> 0xFFF6
[1893] [M]: 0x0000000080001D80 (0xFFF60EB7) lui t4, -0xa0
x29 <- 0xFFFFFFFFFFF60000

mem[X,0x0000000080001D84] -> 0x8E93
mem[X,0x0000000080001D86] -> 0x004E
[1894] [M]: 0x0000000080001D84 (0x004E8E93) addi t4, t4, 0x4
x29 <- 0xFFFFFFFFFFF60004

mem[X,0x0000000080001D88] -> 0x9E93
mem[X,0x0000000080001D8A] -> 0x00BE
[1895] [M]: 0x0000000080001D88 (0x00BE9E93) slli t4, t4, 0xb
x29 <- 0xFFFFFFFFB0002000

mem[X,0x0000000080001D8C] -> 0x8E93
mem[X,0x0000000080001D8E] -> 0x000E
[1896] [M]: 0x0000000080001D8C (0x000E8E93) addi t4, t4, 0x0
x29 <- 0xFFFFFFFFB0002000

mem[X,0x0000000080001D90] -> 0x9E93
mem[X,0x0000000080001D92] -> 0x00BE
[1897] [M]: 0x0000000080001D90 (0x00BE9E93) slli t4, t4, 0xb
x29 <- 0xFFFFFD8001000000

mem[X,0x0000000080001D94] -> 0x8E93
mem[X,0x0000000080001D96] -> 0x200E
[1898] [M]: 0x0000000080001D94 (0x200E8E93) addi t4, t4, 0x200
x29 <- 0xFFFFFD8001000200

mem[X,0x0000000080001D98] -> 0x9E93
mem[X,0x0000000080001D9A] -> 0x00AE
[1899] [M]: 0x0000000080001D98 (0x00AE9E93) slli t4, t4, 0xa
x29 <- 0xFFF6000400080000

clint::tick mtime <- 0x0000000000000013
 clint timer pending at mtime 0x0000000000000013
htif::tick 0x0000000000000000
mem[X,0x0000000080001D9C] -> 0x8E93
mem[X,0x0000000080001D9E] -> 0x100E
[1900] [M]: 0x0000000080001D9C (0x100E8E93) addi t4, t4, 0x100
x29 <- 0xFFF6000400080100

mem[X,0x0000000080001DA0] -> 0x7FBB
mem[X,0x0000000080001DA2] -> 0xBDDF
[1901] [M]: 0x0000000080001DA0 (0xBDDF7FBB) pmhaccsu.h.bo t6, t5, t4
x31 <- 0x14AC144E0D7B1302

mem[X,0x0000000080001DA4] -> 0xBC23
mem[X,0x0000000080001DA6] -> 0x21F0
[1902] [M]: 0x0000000080001DA4 (0x21F0BC23) sd t6, 0x218(ra)
mem[0x0000000080004430] <- 0x14AC144E0D7B1302

mem[X,0x0000000080001DA8] -> 0x0F37
mem[X,0x0000000080001DAA] -> 0xFC00
[1903] [M]: 0x0000000080001DA8 (0xFC000F37) lui t5, -0x4000
x30 <- 0xFFFFFFFFFC000000

mem[X,0x0000000080001DAC] -> 0x0F13
mem[X,0x0000000080001DAE] -> 0xFFFF
[1904] [M]: 0x0000000080001DAC (0xFFFF0F13) addi t5, t5, -0x1
x30 <- 0xFFFFFFFFFBFFFFFF

mem[X,0x0000000080001DB0] -> 0x1F13
mem[X,0x0000000080001DB2] -> 0x00BF
[1905] [M]: 0x0000000080001DB0 (0x00BF1F13) slli t5, t5, 0xb
x30 <- 0xFFFFFFDFFFFFF800

mem[X,0x0000000080001DB4] -> 0x0F13
mem[X,0x0000000080001DB6] -> 0x040F
[1906] [M]: 0x0000000080001DB4 (0x040F0F13) addi t5, t5, 0x40
x30 <- 0xFFFFFFDFFFFFF840

mem[X,0x0000000080001DB8] -> 0x1F13
mem[X,0x0000000080001DBA] -> 0x00BF
[1907] [M]: 0x0000000080001DB8 (0x00BF1F13) slli t5, t5, 0xb
x30 <- 0xFFFEFFFFFFC20000

mem[X,0x0000000080001DBC] -> 0x0F13
mem[X,0x0000000080001DBE] -> 0x03FF
[1908] [M]: 0x0000000080001DBC (0x03FF0F13) addi t5, t5, 0x3f
x30 <- 0xFFFEFFFFFFC2003F

mem[X,0x0000000080001DC0] -> 0x1F13
mem[X,0x0000000080001DC2] -> 0x00AF
[1909] [M]: 0x0000000080001DC0 (0x00AF1F13) slli t5, t5, 0xa
x30 <- 0xFBFFFFFF0800FC00

mem[X,0x0000000080001DC4] -> 0x0F13
mem[X,0x0000000080001DC6] -> 0x3FBF
[1910] [M]: 0x0000000080001DC4 (0x3FBF0F13) addi t5, t5, 0x3fb
x30 <- 0xFBFFFFFF0800FFFB

mem[X,0x0000000080001DC8] -> 0x0EB7
mem[X,0x0000000080001DCA] -> 0x1000
[1911] [M]: 0x0000000080001DC8 (0x10000EB7) lui t4, 0x10000
x29 <- 0x0000000010000000

mem[X,0x0000000080001DCC] -> 0x8E93
mem[X,0x0000000080001DCE] -> 0x400E
[1912] [M]: 0x0000000080001DCC (0x400E8E93) addi t4, t4, 0x400
x29 <- 0x0000000010000400

mem[X,0x0000000080001DD0] -> 0x9E93
mem[X,0x0000000080001DD2] -> 0x00BE
[1913] [M]: 0x0000000080001DD0 (0x00BE9E93) slli t4, t4, 0xb
x29 <- 0x0000008000200000

mem[X,0x0000000080001DD4] -> 0x8E93
mem[X,0x0000000080001DD6] -> 0x000E
[1914] [M]: 0x0000000080001DD4 (0x000E8E93) addi t4, t4, 0x0
x29 <- 0x0000008000200000

mem[X,0x0000000080001DD8] -> 0x9E93
mem[X,0x0000000080001DDA] -> 0x00BE
[1915] [M]: 0x0000000080001DD8 (0x00BE9E93) slli t4, t4, 0xb
x29 <- 0x0004000100000000

mem[X,0x0000000080001DDC] -> 0x8E93
mem[X,0x0000000080001DDE] -> 0x400E
[1916] [M]: 0x0000000080001DDC (0x400E8E93) addi t4, t4, 0x400
x29 <- 0x0004000100000400

mem[X,0x0000000080001DE0] -> 0x9E93
mem[X,0x0000000080001DE2] -> 0x00AE
[1917] [M]: 0x0000000080001DE0 (0x00AE9E93) slli t4, t4, 0xa
x29 <- 0x1000040000100000

mem[X,0x0000000080001DE4] -> 0x8E93
mem[X,0x0000000080001DE6] -> 0x005E
[1918] [M]: 0x0000000080001DE4 (0x005E8E93) addi t4, t4, 0x5
x29 <- 0x1000040000100005

mem[X,0x0000000080001DE8] -> 0x7FBB
mem[X,0x0000000080001DEA] -> 0xBDDF
[1919] [M]: 0x0000000080001DE8 (0xBDDF7FBB) pmhaccsu.h.bo t6, t5, t4
x31 <- 0x14BB14510D7B1302

mem[X,0x0000000080001DEC] -> 0xB023
mem[X,0x0000000080001DEE] -> 0x23F0
[1920] [M]: 0x0000000080001DEC (0x23F0B023) sd t6, 0x220(ra)
mem[0x0000000080004438] <- 0x14BB14510D7B1302

mem[X,0x0000000080001DF0] -> 0x1F37
mem[X,0x0000000080001DF2] -> 0x0001
[1921] [M]: 0x0000000080001DF0 (0x00011F37) lui t5, 0x11
x30 <- 0x0000000000011000

mem[X,0x0000000080001DF4] -> 0x0F13
mem[X,0x0000000080001DF6] -> 0x800F
[1922] [M]: 0x0000000080001DF4 (0x800F0F13) addi t5, t5, -0x800
x30 <- 0x0000000000010800

mem[X,0x0000000080001DF8] -> 0x1F13
mem[X,0x0000000080001DFA] -> 0x00BF
[1923] [M]: 0x0000000080001DF8 (0x00BF1F13) slli t5, t5, 0xb
x30 <- 0x0000000008400000

mem[X,0x0000000080001DFC] -> 0x0F13
mem[X,0x0000000080001DFE] -> 0x7FEF
[1924] [M]: 0x0000000080001DFC (0x7FEF0F13) addi t5, t5, 0x7fe
x30 <- 0x00000000084007FE

mem[X,0x0000000080001E00] -> 0x1F13
mem[X,0x0000000080001E02] -> 0x00BF
[1925] [M]: 0x0000000080001E00 (0x00BF1F13) slli t5, t5, 0xb
x30 <- 0x00000042003FF000

mem[X,0x0000000080001E04] -> 0x0F13
mem[X,0x0000000080001E06] -> 0x7FFF
[1926] [M]: 0x0000000080001E04 (0x7FFF0F13) addi t5, t5, 0x7ff
x30 <- 0x00000042003FF7FF

mem[X,0x0000000080001E08] -> 0x1F13
mem[X,0x0000000080001E0A] -> 0x00AF
[1927] [M]: 0x0000000080001E08 (0x00AF1F13) slli t5, t5, 0xa
x30 <- 0x00010800FFDFFC00

mem[X,0x0000000080001E0C] -> 0x0F13
mem[X,0x0000000080001E0E] -> 0x3FCF
[1928] [M]: 0x0000000080001E0C (0x3FCF0F13) addi t5, t5, 0x3fc
x30 <- 0x00010800FFDFFFFC

mem[X,0x0000000080001E10] -> 0x0EB7
mem[X,0x0000000080001E12] -> 0x0101
[1929] [M]: 0x0000000080001E10 (0x01010EB7) lui t4, 0x1010
x29 <- 0x0000000001010000

mem[X,0x0000000080001E14] -> 0x8E93
mem[X,0x0000000080001E16] -> 0xFEFE
[1930] [M]: 0x0000000080001E14 (0xFEFE8E93) addi t4, t4, -0x11
x29 <- 0x000000000100FFEF

mem[X,0x0000000080001E18] -> 0x9E93
mem[X,0x0000000080001E1A] -> 0x00BE
[1931] [M]: 0x0000000080001E18 (0x00BE9E93) slli t4, t4, 0xb
x29 <- 0x0000000807FF7800

mem[X,0x0000000080001E1C] -> 0x8E93
mem[X,0x0000000080001E1E] -> 0x7FFE
[1932] [M]: 0x0000000080001E1C (0x7FFE8E93) addi t4, t4, 0x7ff
x29 <- 0x0000000807FF7FFF

mem[X,0x0000000080001E20] -> 0x9E93
mem[X,0x0000000080001E22] -> 0x00BE
[1933] [M]: 0x0000000080001E20 (0x00BE9E93) slli t4, t4, 0xb
x29 <- 0x0000403FFBFFF800

mem[X,0x0000000080001E24] -> 0x8E93
mem[X,0x0000000080001E26] -> 0x6FFE
[1934] [M]: 0x0000000080001E24 (0x6FFE8E93) addi t4, t4, 0x6ff
x29 <- 0x0000403FFBFFFEFF

mem[X,0x0000000080001E28] -> 0x9E93
mem[X,0x0000000080001E2A] -> 0x00AE
[1935] [M]: 0x0000000080001E28 (0x00AE9E93) slli t4, t4, 0xa
x29 <- 0x0100FFEFFFFBFC00

mem[X,0x0000000080001E2C] -> 0x8E93
mem[X,0x0000000080001E2E] -> 0x3F6E
[1936] [M]: 0x0000000080001E2C (0x3F6E8E93) addi t4, t4, 0x3f6
x29 <- 0x0100FFEFFFFBFFF6

mem[X,0x0000000080001E30] -> 0x7FBB
mem[X,0x0000000080001E32] -> 0xBDDF
[1937] [M]: 0x0000000080001E30 (0xBDDF7FBB) pmhaccsu.h.bo t6, t5, t4
x31 <- 0x14BB14580E791400

mem[X,0x0000000080001E34] -> 0xB423
mem[X,0x0000000080001E36] -> 0x23F0
[1938] [M]: 0x0000000080001E34 (0x23F0B423) sd t6, 0x228(ra)
mem[0x0000000080004440] <- 0x14BB14580E791400

mem[X,0x0000000080001E38] -> 0x0F37
mem[X,0x0000000080001E3A] -> 0xFFFD
[1939] [M]: 0x0000000080001E38 (0xFFFD0F37) lui t5, -0x30
x30 <- 0xFFFFFFFFFFFD0000

mem[X,0x0000000080001E3C] -> 0x0F13
mem[X,0x0000000080001E3E] -> 0x400F
[1940] [M]: 0x0000000080001E3C (0x400F0F13) addi t5, t5, 0x400
x30 <- 0xFFFFFFFFFFFD0400

mem[X,0x0000000080001E40] -> 0x1F13
mem[X,0x0000000080001E42] -> 0x00BF
[1941] [M]: 0x0000000080001E40 (0x00BF1F13) slli t5, t5, 0xb
x30 <- 0xFFFFFFFFE8200000

mem[X,0x0000000080001E44] -> 0x0F13
mem[X,0x0000000080001E46] -> 0x000F
[1942] [M]: 0x0000000080001E44 (0x000F0F13) addi t5, t5, 0x0
x30 <- 0xFFFFFFFFE8200000

mem[X,0x0000000080001E48] -> 0x1F13
mem[X,0x0000000080001E4A] -> 0x00BF
[1943] [M]: 0x0000000080001E48 (0x00BF1F13) slli t5, t5, 0xb
x30 <- 0xFFFFFF4100000000

mem[X,0x0000000080001E4C] -> 0x0F13
mem[X,0x0000000080001E4E] -> 0x43FF
[1944] [M]: 0x0000000080001E4C (0x43FF0F13) addi t5, t5, 0x43f
x30 <- 0xFFFFFF410000043F

mem[X,0x0000000080001E50] -> 0x1F13
mem[X,0x0000000080001E52] -> 0x00AF
[1945] [M]: 0x0000000080001E50 (0x00AF1F13) slli t5, t5, 0xa
x30 <- 0xFFFD04000010FC00

mem[X,0x0000000080001E54] -> 0x0F13
mem[X,0x0000000080001E56] -> 0x3FFF
[1946] [M]: 0x0000000080001E54 (0x3FFF0F13) addi t5, t5, 0x3ff
x30 <- 0xFFFD04000010FFFF

mem[X,0x0000000080001E58] -> 0x0EB7
mem[X,0x0000000080001E5A] -> 0x0041
[1947] [M]: 0x0000000080001E58 (0x00410EB7) lui t4, 0x410
x29 <- 0x0000000000410000

mem[X,0x0000000080001E5C] -> 0x8E93
mem[X,0x0000000080001E5E] -> 0xFFEE
[1948] [M]: 0x0000000080001E5C (0xFFEE8E93) addi t4, t4, -0x2
x29 <- 0x000000000040FFFE

mem[X,0x0000000080001E60] -> 0x9E93
mem[X,0x0000000080001E62] -> 0x00BE
[1949] [M]: 0x0000000080001E60 (0x00BE9E93) slli t4, t4, 0xb
x29 <- 0x0000000207FFF000

mem[X,0x0000000080001E64] -> 0x8E93
mem[X,0x0000000080001E66] -> 0x7EFE
[1950] [M]: 0x0000000080001E64 (0x7EFE8E93) addi t4, t4, 0x7ef
x29 <- 0x0000000207FFF7EF

mem[X,0x0000000080001E68] -> 0x9E93
mem[X,0x0000000080001E6A] -> 0x00BE
[1951] [M]: 0x0000000080001E68 (0x00BE9E93) slli t4, t4, 0xb
x29 <- 0x0000103FFFBF7800

mem[X,0x0000000080001E6C] -> 0x8E93
mem[X,0x0000000080001E6E] -> 0x7FFE
[1952] [M]: 0x0000000080001E6C (0x7FFE8E93) addi t4, t4, 0x7ff
x29 <- 0x0000103FFFBF7FFF

mem[X,0x0000000080001E70] -> 0x9E93
mem[X,0x0000000080001E72] -> 0x00AE
[1953] [M]: 0x0000000080001E70 (0x00AE9E93) slli t4, t4, 0xa
x29 <- 0x0040FFFEFDFFFC00

mem[X,0x0000000080001E74] -> 0x8E93
mem[X,0x0000000080001E76] -> 0x3FFE
[1954] [M]: 0x0000000080001E74 (0x3FFE8E93) addi t4, t4, 0x3ff
x29 <- 0x0040FFFEFDFFFFFF

mem[X,0x0000000080001E78] -> 0x7FBB
mem[X,0x0000000080001E7A] -> 0xBDDF
[1955] [M]: 0x0000000080001E78 (0xBDDF7FBB) pmhaccsu.h.bo t6, t5, t4
x31 <- 0x14BB145B0E7914FE

mem[X,0x0000000080001E7C] -> 0xB823
mem[X,0x0000000080001E7E] -> 0x23F0
[1956] [M]: 0x0000000080001E7C (0x23F0B823) sd t6, 0x230(ra)
mem[0x0000000080004448] <- 0x14BB145B0E7914FE

mem[X,0x0000000080001E80] -> 0x0F37
mem[X,0x0000000080001E82] -> 0xF800
[1957] [M]: 0x0000000080001E80 (0xF8000F37) lui t5, -0x8000
x30 <- 0xFFFFFFFFF8000000

mem[X,0x0000000080001E84] -> 0x0F13
mem[X,0x0000000080001E86] -> 0xFFBF
[1958] [M]: 0x0000000080001E84 (0xFFBF0F13) addi t5, t5, -0x5
x30 <- 0xFFFFFFFFF7FFFFFB

mem[X,0x0000000080001E88] -> 0x1F13
mem[X,0x0000000080001E8A] -> 0x00BF
[1959] [M]: 0x0000000080001E88 (0x00BF1F13) slli t5, t5, 0xb
x30 <- 0xFFFFFFBFFFFFD800

mem[X,0x0000000080001E8C] -> 0x0F13
mem[X,0x0000000080001E8E] -> 0x7FFF
[1960] [M]: 0x0000000080001E8C (0x7FFF0F13) addi t5, t5, 0x7ff
x30 <- 0xFFFFFFBFFFFFDFFF

mem[X,0x0000000080001E90] -> 0x1F13
mem[X,0x0000000080001E92] -> 0x00BF
[1961] [M]: 0x0000000080001E90 (0x00BF1F13) slli t5, t5, 0xb
x30 <- 0xFFFDFFFFFEFFF800

mem[X,0x0000000080001E94] -> 0x0F13
mem[X,0x0000000080001E96] -> 0x640F
[1962] [M]: 0x0000000080001E94 (0x640F0F13) addi t5, t5, 0x640
x30 <- 0xFFFDFFFFFEFFFE40

mem[X,0x0000000080001E98] -> 0x1F13
mem[X,0x0000000080001E9A] -> 0x00AF
[1963] [M]: 0x0000000080001E98 (0x00AF1F13) slli t5, t5, 0xa
x30 <- 0xF7FFFFFBFFF90000

mem[X,0x0000000080001E9C] -> 0x0EB7
mem[X,0x0000000080001E9E] -> 0x0001
[1964] [M]: 0x0000000080001E9C (0x00010EB7) lui t4, 0x10
x29 <- 0x0000000000010000

mem[X,0x0000000080001EA0] -> 0x8E93
mem[X,0x0000000080001EA2] -> 0x003E
[1965] [M]: 0x0000000080001EA0 (0x003E8E93) addi t4, t4, 0x3
x29 <- 0x0000000000010003

mem[X,0x0000000080001EA4] -> 0x9E93
mem[X,0x0000000080001EA6] -> 0x00BE
[1966] [M]: 0x0000000080001EA4 (0x00BE9E93) slli t4, t4, 0xb
x29 <- 0x0000000008001800

mem[X,0x0000000080001EA8] -> 0x8E93
mem[X,0x0000000080001EAA] -> 0x7FFE
[1967] [M]: 0x0000000080001EA8 (0x7FFE8E93) addi t4, t4, 0x7ff
x29 <- 0x0000000008001FFF

mem[X,0x0000000080001EAC] -> 0x9E93
mem[X,0x0000000080001EAE] -> 0x00BE
[1968] [M]: 0x0000000080001EAC (0x00BE9E93) slli t4, t4, 0xb
x29 <- 0x0000004000FFF800

mem[X,0x0000000080001EB0] -> 0x8E93
mem[X,0x0000000080001EB2] -> 0x77FE
[1969] [M]: 0x0000000080001EB0 (0x77FE8E93) addi t4, t4, 0x77f
x29 <- 0x0000004000FFFF7F

mem[X,0x0000000080001EB4] -> 0x9E93
mem[X,0x0000000080001EB6] -> 0x00AE
[1970] [M]: 0x0000000080001EB4 (0x00AE9E93) slli t4, t4, 0xa
x29 <- 0x00010003FFFDFC00

mem[X,0x0000000080001EB8] -> 0x8E93
mem[X,0x0000000080001EBA] -> 0x3FFE
[1971] [M]: 0x0000000080001EB8 (0x3FFE8E93) addi t4, t4, 0x3ff
x29 <- 0x00010003FFFDFFFF

mem[X,0x0000000080001EBC] -> 0x7FBB
mem[X,0x0000000080001EBE] -> 0xBDDF
[1972] [M]: 0x0000000080001EBC (0xBDDF7FBB) pmhaccsu.h.bo t6, t5, t4
x31 <- 0x14BB145B0F7714FE

mem[X,0x0000000080001EC0] -> 0xBC23
mem[X,0x0000000080001EC2] -> 0x23F0
[1973] [M]: 0x0000000080001EC0 (0x23F0BC23) sd t6, 0x238(ra)
mem[0x0000000080004450] <- 0x14BB145B0F7714FE

mem[X,0x0000000080001EC4] -> 0x006F
mem[X,0x0000000080001EC6] -> 0x0380
[1974] [M]: 0x0000000080001EC4 (0x0380006F) jal zero, 0x38

mem[X,0x0000000080001EFC] -> 0x0093
mem[X,0x0000000080001EFE] -> 0x0010
[1975] [M]: 0x0000000080001EFC (0x00100093) addi ra, zero, 0x1
x1 <- 0x0000000000000001

mem[X,0x0000000080001F00] -> 0x0F17
mem[X,0x0000000080001F02] -> 0x0000
[1976] [M]: 0x0000000080001F00 (0x00000F17) auipc t5, 0x0
x30 <- 0x0000000080001F00

mem[X,0x0000000080001F04] -> 0x2023
mem[X,0x0000000080001F06] -> 0x101F
[1977] [M]: 0x0000000080001F04 (0x101F2023) sw ra, 0x100(t5)
htif[0x0000000080002000] <- 0x00000001

mem[X,0x0000000080001F08] -> 0xF06F
mem[X,0x0000000080001F0A] -> 0xFF9F
[1978] [M]: 0x0000000080001F08 (0xFF9FF06F) jal zero, -0x8

mem[X,0x0000000080001F00] -> 0x0F17
mem[X,0x0000000080001F02] -> 0x0000
[1979] [M]: 0x0000000080001F00 (0x00000F17) auipc t5, 0x0
x30 <- 0x0000000080001F00

mem[X,0x0000000080001F04] -> 0x2023
mem[X,0x0000000080001F06] -> 0x101F
[1980] [M]: 0x0000000080001F04 (0x101F2023) sw ra, 0x100(t5)
htif[0x0000000080002000] <- 0x00000001

mem[X,0x0000000080001F08] -> 0xF06F
mem[X,0x0000000080001F0A] -> 0xFF9F
[1981] [M]: 0x0000000080001F08 (0xFF9FF06F) jal zero, -0x8

mem[X,0x0000000080001F00] -> 0x0F17
mem[X,0x0000000080001F02] -> 0x0000
[1982] [M]: 0x0000000080001F00 (0x00000F17) auipc t5, 0x0
x30 <- 0x0000000080001F00

mem[X,0x0000000080001F04] -> 0x2023
mem[X,0x0000000080001F06] -> 0x101F
[1983] [M]: 0x0000000080001F04 (0x101F2023) sw ra, 0x100(t5)
htif[0x0000000080002000] <- 0x00000001
htif-syscall-proxy cmd: 0x000000000001

SUCCESS
