using /home/chsu/rvp-workspace/test-64/riscof_work/pasub.b-01.S/ref/Reference-sail_c_simulator.signature for test-signature output.
tohost located at 0x80002000
Running file ref.elf.
ELF Entry @ 0x80000000
begin_signature: 0x80004110
end_signature: 0x800043c0
CSR mstatus <- 0x0000000A00000000 (input: 0x0000000000000000)
mem[X,0x0000000000001000] -> 0x0297
mem[X,0x0000000000001002] -> 0x0000
[0] [M]: 0x0000000000001000 (0x00000297) auipc t0, 0x0
x5 <- 0x0000000000001000

mem[X,0x0000000000001004] -> 0x8593
mem[X,0x0000000000001006] -> 0x0202
[1] [M]: 0x0000000000001004 (0x02028593) addi a1, t0, 0x20
x11 <- 0x0000000000001020

mem[X,0x0000000000001008] -> 0x2573
mem[X,0x000000000000100A] -> 0xF140
[2] [M]: 0x0000000000001008 (0xF1402573) csrrs a0, mhartid, zero
CSR mhartid -> 0x0000000000000000
x10 <- 0x0000000000000000

mem[X,0x000000000000100C] -> 0xB283
mem[X,0x000000000000100E] -> 0x0182
[3] [M]: 0x000000000000100C (0x0182B283) ld t0, 0x18(t0)
mem[R,0x0000000000001018] -> 0x0000000080000000
x5 <- 0x0000000080000000

mem[X,0x0000000000001010] -> 0x8067
mem[X,0x0000000000001012] -> 0x0002
[4] [M]: 0x0000000000001010 (0x00028067) jalr zero, 0x0(t0)

mem[X,0x0000000080000000] -> 0x0837
mem[X,0x0000000080000002] -> 0x7D5C
[5] [M]: 0x0000000080000000 (0x7D5C0837) lui a6, 0x7d5c0
x16 <- 0x000000007D5C0000

mem[X,0x0000000080000004] -> 0x0813
mem[X,0x0000000080000006] -> 0xDDB8
[6] [M]: 0x0000000080000004 (0xDDB80813) addi a6, a6, -0x225
x16 <- 0x000000007D5BFDDB

mem[X,0x0000000080000008] -> 0x1813
mem[X,0x000000008000000A] -> 0x00B8
[7] [M]: 0x0000000080000008 (0x00B81813) slli a6, a6, 0xb
x16 <- 0x000003EADFEED800

mem[X,0x000000008000000C] -> 0x0813
mem[X,0x000000008000000E] -> 0x3EA8
[8] [M]: 0x000000008000000C (0x3EA80813) addi a6, a6, 0x3ea
x16 <- 0x000003EADFEEDBEA

mem[X,0x0000000080000010] -> 0x1813
mem[X,0x0000000080000012] -> 0x00B8
[9] [M]: 0x0000000080000010 (0x00B81813) slli a6, a6, 0xb
x16 <- 0x001F56FF76DF5000

mem[X,0x0000000080000014] -> 0x0813
mem[X,0x0000000080000016] -> 0x6FF8
[10] [M]: 0x0000000080000014 (0x6FF80813) addi a6, a6, 0x6ff
x16 <- 0x001F56FF76DF56FF

mem[X,0x0000000080000018] -> 0x1813
mem[X,0x000000008000001A] -> 0x00A8
[11] [M]: 0x0000000080000018 (0x00A81813) slli a6, a6, 0xa
x16 <- 0x7D5BFDDB7D5BFC00

mem[X,0x000000008000001C] -> 0x0813
mem[X,0x000000008000001E] -> 0x1DB8
[12] [M]: 0x000000008000001C (0x1DB80813) addi a6, a6, 0x1db
x16 <- 0x7D5BFDDB7D5BFDDB

mem[X,0x0000000080000020] -> 0x5893
mem[X,0x0000000080000022] -> 0x0078
[13] [M]: 0x0000000080000020 (0x00785893) srli a7, a6, 0x7
x17 <- 0x00FAB7FBB6FAB7FB

mem[X,0x0000000080000024] -> 0x5793
mem[X,0x0000000080000026] -> 0x0398
[14] [M]: 0x0000000080000024 (0x03985793) srli a5, a6, 0x39
x15 <- 0x000000000000003E

mem[X,0x0000000080000028] -> 0xE8B3
mem[X,0x000000008000002A] -> 0x00F8
[15] [M]: 0x0000000080000028 (0x00F8E8B3) or a7, a7, a5
x17 <- 0x00FAB7FBB6FAB7FF

mem[X,0x000000008000002C] -> 0xD913
mem[X,0x000000008000002E] -> 0x0078
[16] [M]: 0x000000008000002C (0x0078D913) srli s2, a7, 0x7
x18 <- 0x0001F56FF76DF56F

mem[X,0x0000000080000030] -> 0xD793
mem[X,0x0000000080000032] -> 0x0398
[17] [M]: 0x0000000080000030 (0x0398D793) srli a5, a7, 0x39
x15 <- 0x0000000000000000

mem[X,0x0000000080000034] -> 0x6933
mem[X,0x0000000080000036] -> 0x00F9
[18] [M]: 0x0000000080000034 (0x00F96933) or s2, s2, a5
x18 <- 0x0001F56FF76DF56F

mem[X,0x0000000080000038] -> 0x5993
mem[X,0x000000008000003A] -> 0x0079
[19] [M]: 0x0000000080000038 (0x00795993) srli s3, s2, 0x7
x19 <- 0x000003EADFEEDBEA

mem[X,0x000000008000003C] -> 0x5793
mem[X,0x000000008000003E] -> 0x0399
[20] [M]: 0x000000008000003C (0x03995793) srli a5, s2, 0x39
x15 <- 0x0000000000000000

mem[X,0x0000000080000040] -> 0xE9B3
mem[X,0x0000000080000042] -> 0x00F9
[21] [M]: 0x0000000080000040 (0x00F9E9B3) or s3, s3, a5
x19 <- 0x000003EADFEEDBEA

mem[X,0x0000000080000044] -> 0xDA13
mem[X,0x0000000080000046] -> 0x0079
[22] [M]: 0x0000000080000044 (0x0079DA13) srli s4, s3, 0x7
x20 <- 0x00000007D5BFDDB7

mem[X,0x0000000080000048] -> 0xD793
mem[X,0x000000008000004A] -> 0x0399
[23] [M]: 0x0000000080000048 (0x0399D793) srli a5, s3, 0x39
x15 <- 0x0000000000000000

mem[X,0x000000008000004C] -> 0x6A33
mem[X,0x000000008000004E] -> 0x00FA
[24] [M]: 0x000000008000004C (0x00FA6A33) or s4, s4, a5
x20 <- 0x00000007D5BFDDB7

mem[X,0x0000000080000050] -> 0x5A93
mem[X,0x0000000080000052] -> 0x007A
[25] [M]: 0x0000000080000050 (0x007A5A93) srli s5, s4, 0x7
x21 <- 0x000000000FAB7FBB

mem[X,0x0000000080000054] -> 0x5793
mem[X,0x0000000080000056] -> 0x039A
[26] [M]: 0x0000000080000054 (0x039A5793) srli a5, s4, 0x39
x15 <- 0x0000000000000000

mem[X,0x0000000080000058] -> 0xEAB3
mem[X,0x000000008000005A] -> 0x00FA
[27] [M]: 0x0000000080000058 (0x00FAEAB3) or s5, s5, a5
x21 <- 0x000000000FAB7FBB

mem[X,0x000000008000005C] -> 0xDB13
mem[X,0x000000008000005E] -> 0x007A
[28] [M]: 0x000000008000005C (0x007ADB13) srli s6, s5, 0x7
x22 <- 0x00000000001F56FF

mem[X,0x0000000080000060] -> 0xD793
mem[X,0x0000000080000062] -> 0x039A
[29] [M]: 0x0000000080000060 (0x039AD793) srli a5, s5, 0x39
x15 <- 0x0000000000000000

mem[X,0x0000000080000064] -> 0x6B33
mem[X,0x0000000080000066] -> 0x00FB
[30] [M]: 0x0000000080000064 (0x00FB6B33) or s6, s6, a5
x22 <- 0x00000000001F56FF

mem[X,0x0000000080000068] -> 0x5B93
mem[X,0x000000008000006A] -> 0x007B
[31] [M]: 0x0000000080000068 (0x007B5B93) srli s7, s6, 0x7
x23 <- 0x0000000000003EAD

mem[X,0x000000008000006C] -> 0x5793
mem[X,0x000000008000006E] -> 0x039B
[32] [M]: 0x000000008000006C (0x039B5793) srli a5, s6, 0x39
x15 <- 0x0000000000000000

mem[X,0x0000000080000070] -> 0xEBB3
mem[X,0x0000000080000072] -> 0x00FB
[33] [M]: 0x0000000080000070 (0x00FBEBB3) or s7, s7, a5
x23 <- 0x0000000000003EAD

mem[X,0x0000000080000074] -> 0xDC13
mem[X,0x0000000080000076] -> 0x007B
[34] [M]: 0x0000000080000074 (0x007BDC13) srli s8, s7, 0x7
x24 <- 0x000000000000007D

mem[X,0x0000000080000078] -> 0xD793
mem[X,0x000000008000007A] -> 0x039B
[35] [M]: 0x0000000080000078 (0x039BD793) srli a5, s7, 0x39
x15 <- 0x0000000000000000

mem[X,0x000000008000007C] -> 0x6C33
mem[X,0x000000008000007E] -> 0x00FC
[36] [M]: 0x000000008000007C (0x00FC6C33) or s8, s8, a5
x24 <- 0x000000000000007D

mem[X,0x0000000080000080] -> 0x5C93
mem[X,0x0000000080000082] -> 0x007C
[37] [M]: 0x0000000080000080 (0x007C5C93) srli s9, s8, 0x7
x25 <- 0x0000000000000000

mem[X,0x0000000080000084] -> 0x5793
mem[X,0x0000000080000086] -> 0x039C
[38] [M]: 0x0000000080000084 (0x039C5793) srli a5, s8, 0x39
x15 <- 0x0000000000000000

mem[X,0x0000000080000088] -> 0xECB3
mem[X,0x000000008000008A] -> 0x00FC
[39] [M]: 0x0000000080000088 (0x00FCECB3) or s9, s9, a5
x25 <- 0x0000000000000000

mem[X,0x000000008000008C] -> 0xDD13
mem[X,0x000000008000008E] -> 0x007C
[40] [M]: 0x000000008000008C (0x007CDD13) srli s10, s9, 0x7
x26 <- 0x0000000000000000

mem[X,0x0000000080000090] -> 0xD793
mem[X,0x0000000080000092] -> 0x039C
[41] [M]: 0x0000000080000090 (0x039CD793) srli a5, s9, 0x39
x15 <- 0x0000000000000000

mem[X,0x0000000080000094] -> 0x6D33
mem[X,0x0000000080000096] -> 0x00FD
[42] [M]: 0x0000000080000094 (0x00FD6D33) or s10, s10, a5
x26 <- 0x0000000000000000

mem[X,0x0000000080000098] -> 0x5D93
mem[X,0x000000008000009A] -> 0x007D
[43] [M]: 0x0000000080000098 (0x007D5D93) srli s11, s10, 0x7
x27 <- 0x0000000000000000

mem[X,0x000000008000009C] -> 0x5793
mem[X,0x000000008000009E] -> 0x039D
[44] [M]: 0x000000008000009C (0x039D5793) srli a5, s10, 0x39
x15 <- 0x0000000000000000

mem[X,0x00000000800000A0] -> 0xEDB3
mem[X,0x00000000800000A2] -> 0x00FD
[45] [M]: 0x00000000800000A0 (0x00FDEDB3) or s11, s11, a5
x27 <- 0x0000000000000000

mem[X,0x00000000800000A4] -> 0xDE13
mem[X,0x00000000800000A6] -> 0x007D
[46] [M]: 0x00000000800000A4 (0x007DDE13) srli t3, s11, 0x7
x28 <- 0x0000000000000000

mem[X,0x00000000800000A8] -> 0xD793
mem[X,0x00000000800000AA] -> 0x039D
[47] [M]: 0x00000000800000A8 (0x039DD793) srli a5, s11, 0x39
x15 <- 0x0000000000000000

mem[X,0x00000000800000AC] -> 0x6E33
mem[X,0x00000000800000AE] -> 0x00FE
[48] [M]: 0x00000000800000AC (0x00FE6E33) or t3, t3, a5
x28 <- 0x0000000000000000

mem[X,0x00000000800000B0] -> 0x5E93
mem[X,0x00000000800000B2] -> 0x007E
[49] [M]: 0x00000000800000B0 (0x007E5E93) srli t4, t3, 0x7
x29 <- 0x0000000000000000

mem[X,0x00000000800000B4] -> 0x5793
mem[X,0x00000000800000B6] -> 0x039E
[50] [M]: 0x00000000800000B4 (0x039E5793) srli a5, t3, 0x39
x15 <- 0x0000000000000000

mem[X,0x00000000800000B8] -> 0xEEB3
mem[X,0x00000000800000BA] -> 0x00FE
[51] [M]: 0x00000000800000B8 (0x00FEEEB3) or t4, t4, a5
x29 <- 0x0000000000000000

mem[X,0x00000000800000BC] -> 0xDF13
mem[X,0x00000000800000BE] -> 0x007E
[52] [M]: 0x00000000800000BC (0x007EDF13) srli t5, t4, 0x7
x30 <- 0x0000000000000000

mem[X,0x00000000800000C0] -> 0xD793
mem[X,0x00000000800000C2] -> 0x039E
[53] [M]: 0x00000000800000C0 (0x039ED793) srli a5, t4, 0x39
x15 <- 0x0000000000000000

mem[X,0x00000000800000C4] -> 0x6F33
mem[X,0x00000000800000C6] -> 0x00FF
[54] [M]: 0x00000000800000C4 (0x00FF6F33) or t5, t5, a5
x30 <- 0x0000000000000000

mem[X,0x00000000800000C8] -> 0xC0B7
mem[X,0x00000000800000CA] -> 0xFEED
[55] [M]: 0x00000000800000C8 (0xFEEDC0B7) lui ra, -0x1124
x1 <- 0xFFFFFFFFFEEDC000

mem[X,0x00000000800000CC] -> 0x8093
mem[X,0x00000000800000CE] -> 0xEAD0
[56] [M]: 0x00000000800000CC (0xEAD08093) addi ra, ra, -0x153
x1 <- 0xFFFFFFFFFEEDBEAD

mem[X,0x00000000800000D0] -> 0x9093
mem[X,0x00000000800000D2] -> 0x00B0
[57] [M]: 0x00000000800000D0 (0x00B09093) slli ra, ra, 0xb
x1 <- 0xFFFFFFF76DF56800

mem[X,0x00000000800000D4] -> 0x8093
mem[X,0x00000000800000D6] -> 0x7F70
[58] [M]: 0x00000000800000D4 (0x7F708093) addi ra, ra, 0x7f7
x1 <- 0xFFFFFFF76DF56FF7

mem[X,0x00000000800000D8] -> 0x9093
mem[X,0x00000000800000DA] -> 0x00B0
[59] [M]: 0x00000000800000D8 (0x00B09093) slli ra, ra, 0xb
x1 <- 0xFFFFBB6FAB7FB800

mem[X,0x00000000800000DC] -> 0x8093
mem[X,0x00000000800000DE] -> 0x36F0
[60] [M]: 0x00000000800000DC (0x36F08093) addi ra, ra, 0x36f
x1 <- 0xFFFFBB6FAB7FBB6F

mem[X,0x00000000800000E0] -> 0x9093
mem[X,0x00000000800000E2] -> 0x00A0
[61] [M]: 0x00000000800000E0 (0x00A09093) slli ra, ra, 0xa
x1 <- 0xFEEDBEADFEEDBC00

mem[X,0x00000000800000E4] -> 0x8093
mem[X,0x00000000800000E6] -> 0x2AD0
[62] [M]: 0x00000000800000E4 (0x2AD08093) addi ra, ra, 0x2ad
x1 <- 0xFEEDBEADFEEDBEAD

mem[X,0x00000000800000E8] -> 0xD113
mem[X,0x00000000800000EA] -> 0x0070
[63] [M]: 0x00000000800000E8 (0x0070D113) srli sp, ra, 0x7
x2 <- 0x01FDDB7D5BFDDB7D

mem[X,0x00000000800000EC] -> 0xD793
mem[X,0x00000000800000EE] -> 0x0390
[64] [M]: 0x00000000800000EC (0x0390D793) srli a5, ra, 0x39
x15 <- 0x000000000000007F

mem[X,0x00000000800000F0] -> 0x6133
mem[X,0x00000000800000F2] -> 0x00F1
[65] [M]: 0x00000000800000F0 (0x00F16133) or sp, sp, a5
x2 <- 0x01FDDB7D5BFDDB7F

mem[X,0x00000000800000F4] -> 0x5193
mem[X,0x00000000800000F6] -> 0x0071
[66] [M]: 0x00000000800000F4 (0x00715193) srli gp, sp, 0x7
x3 <- 0x0003FBB6FAB7FBB6

mem[X,0x00000000800000F8] -> 0x5793
mem[X,0x00000000800000FA] -> 0x0391
[67] [M]: 0x00000000800000F8 (0x03915793) srli a5, sp, 0x39
x15 <- 0x0000000000000000

mem[X,0x00000000800000FC] -> 0xE1B3
mem[X,0x00000000800000FE] -> 0x00F1
[68] [M]: 0x00000000800000FC (0x00F1E1B3) or gp, gp, a5
x3 <- 0x0003FBB6FAB7FBB6

mem[X,0x0000000080000100] -> 0xD213
mem[X,0x0000000080000102] -> 0x0071
[69] [M]: 0x0000000080000100 (0x0071D213) srli tp, gp, 0x7
x4 <- 0x000007F76DF56FF7

mem[X,0x0000000080000104] -> 0xD793
mem[X,0x0000000080000106] -> 0x0391
[70] [M]: 0x0000000080000104 (0x0391D793) srli a5, gp, 0x39
x15 <- 0x0000000000000000

mem[X,0x0000000080000108] -> 0x6233
mem[X,0x000000008000010A] -> 0x00F2
[71] [M]: 0x0000000080000108 (0x00F26233) or tp, tp, a5
x4 <- 0x000007F76DF56FF7

mem[X,0x000000008000010C] -> 0x5293
mem[X,0x000000008000010E] -> 0x0072
[72] [M]: 0x000000008000010C (0x00725293) srli t0, tp, 0x7
x5 <- 0x0000000FEEDBEADF

mem[X,0x0000000080000110] -> 0x5793
mem[X,0x0000000080000112] -> 0x0392
[73] [M]: 0x0000000080000110 (0x03925793) srli a5, tp, 0x39
x15 <- 0x0000000000000000

mem[X,0x0000000080000114] -> 0xE2B3
mem[X,0x0000000080000116] -> 0x00F2
[74] [M]: 0x0000000080000114 (0x00F2E2B3) or t0, t0, a5
x5 <- 0x0000000FEEDBEADF

mem[X,0x0000000080000118] -> 0xD313
mem[X,0x000000008000011A] -> 0x0072
[75] [M]: 0x0000000080000118 (0x0072D313) srli t1, t0, 0x7
x6 <- 0x000000001FDDB7D5

mem[X,0x000000008000011C] -> 0xD793
mem[X,0x000000008000011E] -> 0x0392
[76] [M]: 0x000000008000011C (0x0392D793) srli a5, t0, 0x39
x15 <- 0x0000000000000000

mem[X,0x0000000080000120] -> 0x6333
mem[X,0x0000000080000122] -> 0x00F3
[77] [M]: 0x0000000080000120 (0x00F36333) or t1, t1, a5
x6 <- 0x000000001FDDB7D5

mem[X,0x0000000080000124] -> 0x5393
mem[X,0x0000000080000126] -> 0x0073
[78] [M]: 0x0000000080000124 (0x00735393) srli t2, t1, 0x7
x7 <- 0x00000000003FBB6F

mem[X,0x0000000080000128] -> 0x5793
mem[X,0x000000008000012A] -> 0x0393
[79] [M]: 0x0000000080000128 (0x03935793) srli a5, t1, 0x39
x15 <- 0x0000000000000000

mem[X,0x000000008000012C] -> 0xE3B3
mem[X,0x000000008000012E] -> 0x00F3
[80] [M]: 0x000000008000012C (0x00F3E3B3) or t2, t2, a5
x7 <- 0x00000000003FBB6F

mem[X,0x0000000080000130] -> 0xD413
mem[X,0x0000000080000132] -> 0x0073
[81] [M]: 0x0000000080000130 (0x0073D413) srli fp, t2, 0x7
x8 <- 0x0000000000007F76

mem[X,0x0000000080000134] -> 0xD793
mem[X,0x0000000080000136] -> 0x0393
[82] [M]: 0x0000000080000134 (0x0393D793) srli a5, t2, 0x39
x15 <- 0x0000000000000000

mem[X,0x0000000080000138] -> 0x6433
mem[X,0x000000008000013A] -> 0x00F4
[83] [M]: 0x0000000080000138 (0x00F46433) or fp, fp, a5
x8 <- 0x0000000000007F76

mem[X,0x000000008000013C] -> 0x5493
mem[X,0x000000008000013E] -> 0x0074
[84] [M]: 0x000000008000013C (0x00745493) srli s1, fp, 0x7
x9 <- 0x00000000000000FE

mem[X,0x0000000080000140] -> 0x5793
mem[X,0x0000000080000142] -> 0x0394
[85] [M]: 0x0000000080000140 (0x03945793) srli a5, fp, 0x39
x15 <- 0x0000000000000000

mem[X,0x0000000080000144] -> 0xE4B3
mem[X,0x0000000080000146] -> 0x00F4
[86] [M]: 0x0000000080000144 (0x00F4E4B3) or s1, s1, a5
x9 <- 0x00000000000000FE

mem[X,0x0000000080000148] -> 0xD513
mem[X,0x000000008000014A] -> 0x0074
[87] [M]: 0x0000000080000148 (0x0074D513) srli a0, s1, 0x7
x10 <- 0x0000000000000001

mem[X,0x000000008000014C] -> 0xD793
mem[X,0x000000008000014E] -> 0x0394
[88] [M]: 0x000000008000014C (0x0394D793) srli a5, s1, 0x39
x15 <- 0x0000000000000000

mem[X,0x0000000080000150] -> 0x6533
mem[X,0x0000000080000152] -> 0x00F5
[89] [M]: 0x0000000080000150 (0x00F56533) or a0, a0, a5
x10 <- 0x0000000000000001

mem[X,0x0000000080000154] -> 0x5593
mem[X,0x0000000080000156] -> 0x0075
[90] [M]: 0x0000000080000154 (0x00755593) srli a1, a0, 0x7
x11 <- 0x0000000000000000

mem[X,0x0000000080000158] -> 0x5793
mem[X,0x000000008000015A] -> 0x0395
[91] [M]: 0x0000000080000158 (0x03955793) srli a5, a0, 0x39
x15 <- 0x0000000000000000

mem[X,0x000000008000015C] -> 0xE5B3
mem[X,0x000000008000015E] -> 0x00F5
[92] [M]: 0x000000008000015C (0x00F5E5B3) or a1, a1, a5
x11 <- 0x0000000000000000

mem[X,0x0000000080000160] -> 0xD613
mem[X,0x0000000080000162] -> 0x0075
[93] [M]: 0x0000000080000160 (0x0075D613) srli a2, a1, 0x7
x12 <- 0x0000000000000000

mem[X,0x0000000080000164] -> 0xD793
mem[X,0x0000000080000166] -> 0x0395
[94] [M]: 0x0000000080000164 (0x0395D793) srli a5, a1, 0x39
x15 <- 0x0000000000000000

mem[X,0x0000000080000168] -> 0x6633
mem[X,0x000000008000016A] -> 0x00F6
[95] [M]: 0x0000000080000168 (0x00F66633) or a2, a2, a5
x12 <- 0x0000000000000000

mem[X,0x000000008000016C] -> 0x5693
mem[X,0x000000008000016E] -> 0x0076
[96] [M]: 0x000000008000016C (0x00765693) srli a3, a2, 0x7
x13 <- 0x0000000000000000

mem[X,0x0000000080000170] -> 0x5793
mem[X,0x0000000080000172] -> 0x0396
[97] [M]: 0x0000000080000170 (0x03965793) srli a5, a2, 0x39
x15 <- 0x0000000000000000

mem[X,0x0000000080000174] -> 0xE6B3
mem[X,0x0000000080000176] -> 0x00F6
[98] [M]: 0x0000000080000174 (0x00F6E6B3) or a3, a3, a5
x13 <- 0x0000000000000000

mem[X,0x0000000080000178] -> 0x0013
mem[X,0x000000008000017A] -> 0x0000
[99] [M]: 0x0000000080000178 (0x00000013) addi zero, zero, 0x0

clint::tick mtime <- 0x0000000000000001
 clint timer pending at mtime 0x0000000000000001
htif::tick 0x0000000000000000
mem[X,0x000000008000017C] -> 0x0013
mem[X,0x000000008000017E] -> 0x0000
[100] [M]: 0x000000008000017C (0x00000013) addi zero, zero, 0x0

mem[X,0x0000000080000180] -> 0x4217
mem[X,0x0000000080000182] -> 0x0000
[101] [M]: 0x0000000080000180 (0x00004217) auipc tp, 0x4
x4 <- 0x0000000080004180

mem[X,0x0000000080000184] -> 0x0213
mem[X,0x0000000080000186] -> 0xF982
[102] [M]: 0x0000000080000184 (0xF9820213) addi tp, tp, -0x68
x4 <- 0x0000000080004118

mem[X,0x0000000080000188] -> 0x0013
mem[X,0x000000008000018A] -> 0x0000
[103] [M]: 0x0000000080000188 (0x00000013) addi zero, zero, 0x0

mem[X,0x000000008000018C] -> 0x0013
mem[X,0x000000008000018E] -> 0x0000
[104] [M]: 0x000000008000018C (0x00000013) addi zero, zero, 0x0

mem[X,0x0000000080000190] -> 0x0013
mem[X,0x0000000080000192] -> 0x0000
[105] [M]: 0x0000000080000190 (0x00000013) addi zero, zero, 0x0

mem[X,0x0000000080000194] -> 0x0013
mem[X,0x0000000080000196] -> 0x0000
[106] [M]: 0x0000000080000194 (0x00000013) addi zero, zero, 0x0

mem[X,0x0000000080000198] -> 0x0013
mem[X,0x000000008000019A] -> 0x0000
[107] [M]: 0x0000000080000198 (0x00000013) addi zero, zero, 0x0

mem[X,0x000000008000019C] -> 0x0013
mem[X,0x000000008000019E] -> 0x0000
[108] [M]: 0x000000008000019C (0x00000013) addi zero, zero, 0x0

mem[X,0x00000000800001A0] -> 0x1737
mem[X,0x00000000800001A2] -> 0x0301
[109] [M]: 0x00000000800001A0 (0x03011737) lui a4, 0x3011
x14 <- 0x0000000003011000

mem[X,0x00000000800001A4] -> 0x0713
mem[X,0x00000000800001A6] -> 0x83F7
[110] [M]: 0x00000000800001A4 (0x83F70713) addi a4, a4, -0x7c1
x14 <- 0x000000000301083F

mem[X,0x00000000800001A8] -> 0x1713
mem[X,0x00000000800001AA] -> 0x00B7
[111] [M]: 0x00000000800001A8 (0x00B71713) slli a4, a4, 0xb
x14 <- 0x000000180841F800

mem[X,0x00000000800001AC] -> 0x0713
mem[X,0x00000000800001AE] -> 0x0877
[112] [M]: 0x00000000800001AC (0x08770713) addi a4, a4, 0x87
x14 <- 0x000000180841F887

mem[X,0x00000000800001B0] -> 0x1713
mem[X,0x00000000800001B2] -> 0x00B7
[113] [M]: 0x00000000800001B0 (0x00B71713) slli a4, a4, 0xb
x14 <- 0x0000C0420FC43800

mem[X,0x00000000800001B4] -> 0x0713
mem[X,0x00000000800001B6] -> 0x7807
[114] [M]: 0x00000000800001B4 (0x78070713) addi a4, a4, 0x780
x14 <- 0x0000C0420FC43F80

mem[X,0x00000000800001B8] -> 0x1713
mem[X,0x00000000800001BA] -> 0x00A7
[115] [M]: 0x00000000800001B8 (0x00A71713) slli a4, a4, 0xa
x14 <- 0x0301083F10FE0000

mem[X,0x00000000800001BC] -> 0x0713
mem[X,0x00000000800001BE] -> 0x1807
[116] [M]: 0x00000000800001BC (0x18070713) addi a4, a4, 0x180
x14 <- 0x0301083F10FE0180

mem[X,0x00000000800001C0] -> 0x42B7
mem[X,0x00000000800001C2] -> 0x00F7
[117] [M]: 0x00000000800001C0 (0x00F742B7) lui t0, 0xf74
x5 <- 0x0000000000F74000

mem[X,0x00000000800001C4] -> 0x8293
mem[X,0x00000000800001C6] -> 0xF3F2
[118] [M]: 0x00000000800001C4 (0xF3F28293) addi t0, t0, -0xc1
x5 <- 0x0000000000F73F3F

mem[X,0x00000000800001C8] -> 0x9293
mem[X,0x00000000800001CA] -> 0x00B2
[119] [M]: 0x00000000800001C8 (0x00B29293) slli t0, t0, 0xb
x5 <- 0x00000007B9F9F800

mem[X,0x00000000800001CC] -> 0x8293
mem[X,0x00000000800001CE] -> 0x2002
[120] [M]: 0x00000000800001CC (0x20028293) addi t0, t0, 0x200
x5 <- 0x00000007B9F9FA00

mem[X,0x00000000800001D0] -> 0x9293
mem[X,0x00000000800001D2] -> 0x00B2
[121] [M]: 0x00000000800001D0 (0x00B29293) slli t0, t0, 0xb
x5 <- 0x00003DCFCFD00000

mem[X,0x00000000800001D4] -> 0x8293
mem[X,0x00000000800001D6] -> 0x0F72
[122] [M]: 0x00000000800001D4 (0x0F728293) addi t0, t0, 0xf7
x5 <- 0x00003DCFCFD000F7

mem[X,0x00000000800001D8] -> 0x9293
mem[X,0x00000000800001DA] -> 0x00A2
[123] [M]: 0x00000000800001D8 (0x00A29293) slli t0, t0, 0xa
x5 <- 0x00F73F3F4003DC00

mem[X,0x00000000800001DC] -> 0x8293
mem[X,0x00000000800001DE] -> 0x3FD2
[124] [M]: 0x00000000800001DC (0x3FD28293) addi t0, t0, 0x3fd
x5 <- 0x00F73F3F4003DFFD

mem[X,0x00000000800001E0] -> 0x0E3B
mem[X,0x00000000800001E2] -> 0xDC57
[125] [M]: 0x00000000800001E0 (0xDC570E3B) pasub.b t3, a4, t0
x28 <- 0x0105E400E8FD11C1

mem[X,0x00000000800001E4] -> 0x3023
mem[X,0x00000000800001E6] -> 0x01C2
[126] [M]: 0x00000000800001E4 (0x01C23023) sd t3, 0x0(tp)
mem[0x0000000080004118] <- 0x0105E400E8FD11C1

mem[X,0x00000000800001E8] -> 0x2E37
mem[X,0x00000000800001EA] -> 0xFF10
[127] [M]: 0x00000000800001E8 (0xFF102E37) lui t3, -0xefe
x28 <- 0xFFFFFFFFFF102000

mem[X,0x00000000800001EC] -> 0x0E13
mem[X,0x00000000800001EE] -> 0x055E
[128] [M]: 0x00000000800001EC (0x055E0E13) addi t3, t3, 0x55
x28 <- 0xFFFFFFFFFF102055

mem[X,0x00000000800001F0] -> 0x1E13
mem[X,0x00000000800001F2] -> 0x00BE
[129] [M]: 0x00000000800001F0 (0x00BE1E13) slli t3, t3, 0xb
x28 <- 0xFFFFFFF88102A800

mem[X,0x00000000800001F4] -> 0x0E13
mem[X,0x00000000800001F6] -> 0x00DE
[130] [M]: 0x00000000800001F4 (0x00DE0E13) addi t3, t3, 0xd
x28 <- 0xFFFFFFF88102A80D

mem[X,0x00000000800001F8] -> 0x1E13
mem[X,0x00000000800001FA] -> 0x00BE
[131] [M]: 0x00000000800001F8 (0x00BE1E13) slli t3, t3, 0xb
x28 <- 0xFFFFC40815406800

mem[X,0x00000000800001FC] -> 0x0E13
mem[X,0x00000000800001FE] -> 0x7C2E
[132] [M]: 0x00000000800001FC (0x7C2E0E13) addi t3, t3, 0x7c2
x28 <- 0xFFFFC40815406FC2

mem[X,0x0000000080000200] -> 0x1E13
mem[X,0x0000000080000202] -> 0x00AE
[133] [M]: 0x0000000080000200 (0x00AE1E13) slli t3, t3, 0xa
x28 <- 0xFF10205501BF0800

mem[X,0x0000000080000204] -> 0x0E13
mem[X,0x0000000080000206] -> 0x0FFE
[134] [M]: 0x0000000080000204 (0x0FFE0E13) addi t3, t3, 0xff
x28 <- 0xFF10205501BF08FF

mem[X,0x0000000080000208] -> 0x06B7
mem[X,0x000000008000020A] -> 0x02E0
[135] [M]: 0x0000000080000208 (0x02E006B7) lui a3, 0x2e00
x13 <- 0x0000000002E00000

mem[X,0x000000008000020C] -> 0x8693
mem[X,0x000000008000020E] -> 0xD406
[136] [M]: 0x000000008000020C (0xD4068693) addi a3, a3, -0x2c0
x13 <- 0x0000000002DFFD40

mem[X,0x0000000080000210] -> 0x9693
mem[X,0x0000000080000212] -> 0x00B6
[137] [M]: 0x0000000080000210 (0x00B69693) slli a3, a3, 0xb
x13 <- 0x00000016FFEA0000

mem[X,0x0000000080000214] -> 0x8693
mem[X,0x0000000080000216] -> 0x1FF6
[138] [M]: 0x0000000080000214 (0x1FF68693) addi a3, a3, 0x1ff
x13 <- 0x00000016FFEA01FF

mem[X,0x0000000080000218] -> 0x9693
mem[X,0x000000008000021A] -> 0x00B6
[139] [M]: 0x0000000080000218 (0x00B69693) slli a3, a3, 0xb
x13 <- 0x0000B7FF500FF800

mem[X,0x000000008000021C] -> 0x8693
mem[X,0x000000008000021E] -> 0x7AA6
[140] [M]: 0x000000008000021C (0x7AA68693) addi a3, a3, 0x7aa
x13 <- 0x0000B7FF500FFFAA

mem[X,0x0000000080000220] -> 0x9693
mem[X,0x0000000080000222] -> 0x00A6
[141] [M]: 0x0000000080000220 (0x00A69693) slli a3, a3, 0xa
x13 <- 0x02DFFD403FFEA800

mem[X,0x0000000080000224] -> 0x8693
mem[X,0x0000000080000226] -> 0x2FC6
[142] [M]: 0x0000000080000224 (0x2FC68693) addi a3, a3, 0x2fc
x13 <- 0x02DFFD403FFEAAFC

mem[X,0x0000000080000228] -> 0x06BB
mem[X,0x000000008000022A] -> 0xDCDE
[143] [M]: 0x0000000080000228 (0xDCDE06BB) pasub.b a3, t3, a3
x13 <- 0xFE18110AE1E02F01

mem[X,0x000000008000022C] -> 0x3423
mem[X,0x000000008000022E] -> 0x00D2
[144] [M]: 0x000000008000022C (0x00D23423) sd a3, 0x8(tp)
mem[0x0000000080004120] <- 0xFE18110AE1E02F01

mem[X,0x0000000080000230] -> 0x09B7
mem[X,0x0000000080000232] -> 0xFB3F
[145] [M]: 0x0000000080000230 (0xFB3F09B7) lui s3, -0x4c10
x19 <- 0xFFFFFFFFFB3F0000

mem[X,0x0000000080000234] -> 0x8993
mem[X,0x0000000080000236] -> 0x0559
[146] [M]: 0x0000000080000234 (0x05598993) addi s3, s3, 0x55
x19 <- 0xFFFFFFFFFB3F0055

mem[X,0x0000000080000238] -> 0x9993
mem[X,0x000000008000023A] -> 0x00B9
[147] [M]: 0x0000000080000238 (0x00B99993) slli s3, s3, 0xb
x19 <- 0xFFFFFFD9F802A800

mem[X,0x000000008000023C] -> 0x8993
mem[X,0x000000008000023E] -> 0x7FA9
[148] [M]: 0x000000008000023C (0x7FA98993) addi s3, s3, 0x7fa
x19 <- 0xFFFFFFD9F802AFFA

mem[X,0x0000000080000240] -> 0x9993
mem[X,0x0000000080000242] -> 0x00B9
[149] [M]: 0x0000000080000240 (0x00B99993) slli s3, s3, 0xb
x19 <- 0xFFFECFC0157FD000

mem[X,0x0000000080000244] -> 0x8993
mem[X,0x0000000080000246] -> 0x5419
[150] [M]: 0x0000000080000244 (0x54198993) addi s3, s3, 0x541
x19 <- 0xFFFECFC0157FD541

mem[X,0x0000000080000248] -> 0x9993
mem[X,0x000000008000024A] -> 0x00A9
[151] [M]: 0x0000000080000248 (0x00A99993) slli s3, s3, 0xa
x19 <- 0xFB3F0055FF550400

mem[X,0x000000008000024C] -> 0xF9B7
mem[X,0x000000008000024E] -> 0x03F9
[152] [M]: 0x000000008000024C (0x03F9F9B7) lui s3, 0x3f9f
x19 <- 0x0000000003F9F000

mem[X,0x0000000080000250] -> 0x8993
mem[X,0x0000000080000252] -> 0xF059
[153] [M]: 0x0000000080000250 (0xF0598993) addi s3, s3, -0xfb
x19 <- 0x0000000003F9EF05

mem[X,0x0000000080000254] -> 0x9993
mem[X,0x0000000080000256] -> 0x00B9
[154] [M]: 0x0000000080000254 (0x00B99993) slli s3, s3, 0xb
x19 <- 0x0000001FCF782800

mem[X,0x0000000080000258] -> 0x8993
mem[X,0x000000008000025A] -> 0x0859
[155] [M]: 0x0000000080000258 (0x08598993) addi s3, s3, 0x85
x19 <- 0x0000001FCF782885

mem[X,0x000000008000025C] -> 0x9993
mem[X,0x000000008000025E] -> 0x00B9
[156] [M]: 0x000000008000025C (0x00B99993) slli s3, s3, 0xb
x19 <- 0x0000FE7BC1442800

mem[X,0x0000000080000260] -> 0x8993
mem[X,0x0000000080000262] -> 0x2AA9
[157] [M]: 0x0000000080000260 (0x2AA98993) addi s3, s3, 0x2aa
x19 <- 0x0000FE7BC1442AAA

mem[X,0x0000000080000264] -> 0x9993
mem[X,0x0000000080000266] -> 0x00A9
[158] [M]: 0x0000000080000264 (0x00A99993) slli s3, s3, 0xa
x19 <- 0x03F9EF0510AAA800

mem[X,0x0000000080000268] -> 0x8993
mem[X,0x000000008000026A] -> 0x2EF9
[159] [M]: 0x0000000080000268 (0x2EF98993) addi s3, s3, 0x2ef
x19 <- 0x03F9EF0510AAAAEF

mem[X,0x000000008000026C] -> 0x8ABB
mem[X,0x000000008000026E] -> 0xDD39
[160] [M]: 0x000000008000026C (0xDD398ABB) pasub.b s5, s3, s3
x21 <- 0x0000000000000000

mem[X,0x0000000080000270] -> 0x3823
mem[X,0x0000000080000272] -> 0x0152
[161] [M]: 0x0000000080000270 (0x01523823) sd s5, 0x10(tp)
mem[0x0000000080004128] <- 0x0000000000000000

mem[X,0x0000000080000274] -> 0x10B7
mem[X,0x0000000080000276] -> 0x8006
[162] [M]: 0x0000000080000274 (0x800610B7) lui ra, -0x7ff9f
x1 <- 0xFFFFFFFF80061000

mem[X,0x0000000080000278] -> 0x8093
mem[X,0x000000008000027A] -> 0x9FD0
[163] [M]: 0x0000000080000278 (0x9FD08093) addi ra, ra, -0x603
x1 <- 0xFFFFFFFF800609FD

mem[X,0x000000008000027C] -> 0x9093
mem[X,0x000000008000027E] -> 0x00B0
[164] [M]: 0x000000008000027C (0x00B09093) slli ra, ra, 0xb
x1 <- 0xFFFFFC00304FE800

mem[X,0x0000000080000280] -> 0x8093
mem[X,0x0000000080000282] -> 0x7E00
[165] [M]: 0x0000000080000280 (0x7E008093) addi ra, ra, 0x7e0
x1 <- 0xFFFFFC00304FEFE0

mem[X,0x0000000080000284] -> 0x9093
mem[X,0x0000000080000286] -> 0x00B0
[166] [M]: 0x0000000080000284 (0x00B09093) slli ra, ra, 0xb
x1 <- 0xFFE001827F7F0000

mem[X,0x0000000080000288] -> 0x8093
mem[X,0x000000008000028A] -> 0x0800
[167] [M]: 0x0000000080000288 (0x08008093) addi ra, ra, 0x80
x1 <- 0xFFE001827F7F0080

mem[X,0x000000008000028C] -> 0x9093
mem[X,0x000000008000028E] -> 0x00A0
[168] [M]: 0x000000008000028C (0x00A09093) slli ra, ra, 0xa
x1 <- 0x800609FDFC020000

mem[X,0x0000000080000290] -> 0x8093
mem[X,0x0000000080000292] -> 0x0010
[169] [M]: 0x0000000080000290 (0x00108093) addi ra, ra, 0x1
x1 <- 0x800609FDFC020001

mem[X,0x0000000080000294] -> 0x0137
mem[X,0x0000000080000296] -> 0x0001
[170] [M]: 0x0000000080000294 (0x00010137) lui sp, 0x10
x2 <- 0x0000000000010000

mem[X,0x0000000080000298] -> 0x0113
mem[X,0x000000008000029A] -> 0x3071
[171] [M]: 0x0000000080000298 (0x30710113) addi sp, sp, 0x307
x2 <- 0x0000000000010307

mem[X,0x000000008000029C] -> 0x1113
mem[X,0x000000008000029E] -> 0x00B1
[172] [M]: 0x000000008000029C (0x00B11113) slli sp, sp, 0xb
x2 <- 0x0000000008183800

mem[X,0x00000000800002A0] -> 0x0113
mem[X,0x00000000800002A2] -> 0x2071
[173] [M]: 0x00000000800002A0 (0x20710113) addi sp, sp, 0x207
x2 <- 0x0000000008183A07

mem[X,0x00000000800002A4] -> 0x1113
mem[X,0x00000000800002A6] -> 0x00B1
[174] [M]: 0x00000000800002A4 (0x00B11113) slli sp, sp, 0xb
x2 <- 0x00000040C1D03800

mem[X,0x00000000800002A8] -> 0x0113
mem[X,0x00000000800002AA] -> 0x6011
[175] [M]: 0x00000000800002A8 (0x60110113) addi sp, sp, 0x601
x2 <- 0x00000040C1D03E01

mem[X,0x00000000800002AC] -> 0x1113
mem[X,0x00000000800002AE] -> 0x00A1
[176] [M]: 0x00000000800002AC (0x00A11113) slli sp, sp, 0xa
x2 <- 0x0001030740F80400

mem[X,0x00000000800002B0] -> 0x0113
mem[X,0x00000000800002B2] -> 0x3AA1
[177] [M]: 0x00000000800002B0 (0x3AA10113) addi sp, sp, 0x3aa
x2 <- 0x0001030740F807AA

mem[X,0x00000000800002B4] -> 0x80BB
mem[X,0x00000000800002B6] -> 0xDC20
[178] [M]: 0x00000000800002B4 (0xDC2080BB) pasub.b ra, ra, sp
x1 <- 0xC00203FBDE05FC2B

mem[X,0x00000000800002B8] -> 0x3C23
mem[X,0x00000000800002BA] -> 0x0012
[179] [M]: 0x00000000800002B8 (0x00123C23) sd ra, 0x18(tp)
mem[0x0000000080004130] <- 0xC00203FBDE05FC2B

mem[X,0x00000000800002BC] -> 0x0D37
mem[X,0x00000000800002BE] -> 0xC0F7
[180] [M]: 0x00000000800002BC (0xC0F70D37) lui s10, -0x3f090
x26 <- 0xFFFFFFFFC0F70000

mem[X,0x00000000800002C0] -> 0x0D13
mem[X,0x00000000800002C2] -> 0x33FD
[181] [M]: 0x00000000800002C0 (0x33FD0D13) addi s10, s10, 0x33f
x26 <- 0xFFFFFFFFC0F7033F

mem[X,0x00000000800002C4] -> 0x1D13
mem[X,0x00000000800002C6] -> 0x00BD
[182] [M]: 0x00000000800002C4 (0x00BD1D13) slli s10, s10, 0xb
x26 <- 0xFFFFFE07B819F800

mem[X,0x00000000800002C8] -> 0x0D13
mem[X,0x00000000800002CA] -> 0x007D
[183] [M]: 0x00000000800002C8 (0x007D0D13) addi s10, s10, 0x7
x26 <- 0xFFFFFE07B819F807

mem[X,0x00000000800002CC] -> 0x1D13
mem[X,0x00000000800002CE] -> 0x00BD
[184] [M]: 0x00000000800002CC (0x00BD1D13) slli s10, s10, 0xb
x26 <- 0xFFF03DC0CFC03800

mem[X,0x00000000800002D0] -> 0x0D13
mem[X,0x00000000800002D2] -> 0x780D
[185] [M]: 0x00000000800002D0 (0x780D0D13) addi s10, s10, 0x780
x26 <- 0xFFF03DC0CFC03F80

mem[X,0x00000000800002D4] -> 0x1D13
mem[X,0x00000000800002D6] -> 0x00AD
[186] [M]: 0x00000000800002D4 (0x00AD1D13) slli s10, s10, 0xa
x26 <- 0xC0F7033F00FE0000

mem[X,0x00000000800002D8] -> 0x0D13
mem[X,0x00000000800002DA] -> 0x07FD
[187] [M]: 0x00000000800002D8 (0x07FD0D13) addi s10, s10, 0x7f
x26 <- 0xC0F7033F00FE007F

mem[X,0x00000000800002DC] -> 0xCD37
mem[X,0x00000000800002DE] -> 0xC008
[188] [M]: 0x00000000800002DC (0xC008CD37) lui s10, -0x3ff74
x26 <- 0xFFFFFFFFC008C000

mem[X,0x00000000800002E0] -> 0x0D13
mem[X,0x00000000800002E2] -> 0xF3FD
[189] [M]: 0x00000000800002E0 (0xF3FD0D13) addi s10, s10, -0xc1
x26 <- 0xFFFFFFFFC008BF3F

mem[X,0x00000000800002E4] -> 0x1D13
mem[X,0x00000000800002E6] -> 0x00BD
[190] [M]: 0x00000000800002E4 (0x00BD1D13) slli s10, s10, 0xb
x26 <- 0xFFFFFE0045F9F800

mem[X,0x00000000800002E8] -> 0x0D13
mem[X,0x00000000800002EA] -> 0x001D
[191] [M]: 0x00000000800002E8 (0x001D0D13) addi s10, s10, 0x1
x26 <- 0xFFFFFE0045F9F801

mem[X,0x00000000800002EC] -> 0x1D13
mem[X,0x00000000800002EE] -> 0x00BD
[192] [M]: 0x00000000800002EC (0x00BD1D13) slli s10, s10, 0xb
x26 <- 0xFFF0022FCFC00800

mem[X,0x00000000800002F0] -> 0x0D13
mem[X,0x00000000800002F2] -> 0x7D5D
[193] [M]: 0x00000000800002F0 (0x7D5D0D13) addi s10, s10, 0x7d5
x26 <- 0xFFF0022FCFC00FD5

mem[X,0x00000000800002F4] -> 0x1D13
mem[X,0x00000000800002F6] -> 0x00AD
[194] [M]: 0x00000000800002F4 (0x00AD1D13) slli s10, s10, 0xa
x26 <- 0xC008BF3F003F5400

mem[X,0x00000000800002F8] -> 0x0D13
mem[X,0x00000000800002FA] -> 0x102D
[195] [M]: 0x00000000800002F8 (0x102D0D13) addi s10, s10, 0x102
x26 <- 0xC008BF3F003F5502

mem[X,0x00000000800002FC] -> 0x0D3B
mem[X,0x00000000800002FE] -> 0xDDAD
[196] [M]: 0x00000000800002FC (0xDDAD0D3B) pasub.b s10, s10, s10
x26 <- 0x0000000000000000

mem[X,0x0000000080000300] -> 0x3023
mem[X,0x0000000080000302] -> 0x03A2
[197] [M]: 0x0000000080000300 (0x03A23023) sd s10, 0x20(tp)
mem[0x0000000080004138] <- 0x0000000000000000

mem[X,0x0000000080000304] -> 0xF1B7
mem[X,0x0000000080000306] -> 0xAAF9
[198] [M]: 0x0000000080000304 (0xAAF9F1B7) lui gp, -0x55061
x3 <- 0xFFFFFFFFAAF9F000

mem[X,0x0000000080000308] -> 0x8193
mem[X,0x000000008000030A] -> 0x7011
[199] [M]: 0x0000000080000308 (0x70118193) addi gp, gp, 0x701
x3 <- 0xFFFFFFFFAAF9F701

clint::tick mtime <- 0x0000000000000002
 clint timer pending at mtime 0x0000000000000002
htif::tick 0x0000000000000000
mem[X,0x000000008000030C] -> 0x9193
mem[X,0x000000008000030E] -> 0x00B1
[200] [M]: 0x000000008000030C (0x00B19193) slli gp, gp, 0xb
x3 <- 0xFFFFFD57CFB80800

mem[X,0x0000000080000310] -> 0x8193
mem[X,0x0000000080000312] -> 0x7D01
[201] [M]: 0x0000000080000310 (0x7D018193) addi gp, gp, 0x7d0
x3 <- 0xFFFFFD57CFB80FD0

mem[X,0x0000000080000314] -> 0x9193
mem[X,0x0000000080000316] -> 0x00B1
[202] [M]: 0x0000000080000314 (0x00B19193) slli gp, gp, 0xb
x3 <- 0xFFEABE7DC07E8000

mem[X,0x0000000080000318] -> 0x8193
mem[X,0x000000008000031A] -> 0x03D1
[203] [M]: 0x0000000080000318 (0x03D18193) addi gp, gp, 0x3d
x3 <- 0xFFEABE7DC07E803D

mem[X,0x000000008000031C] -> 0x9193
mem[X,0x000000008000031E] -> 0x00A1
[204] [M]: 0x000000008000031C (0x00A19193) slli gp, gp, 0xa
x3 <- 0xAAF9F701FA00F400

mem[X,0x0000000080000320] -> 0x8193
mem[X,0x0000000080000322] -> 0x3021
[205] [M]: 0x0000000080000320 (0x30218193) addi gp, gp, 0x302
x3 <- 0xAAF9F701FA00F702

mem[X,0x0000000080000324] -> 0x4837
mem[X,0x0000000080000326] -> 0x03DF
[206] [M]: 0x0000000080000324 (0x03DF4837) lui a6, 0x3df4
x16 <- 0x0000000003DF4000

mem[X,0x0000000080000328] -> 0x0813
mem[X,0x000000008000032A] -> 0x0F98
[207] [M]: 0x0000000080000328 (0x0F980813) addi a6, a6, 0xf9
x16 <- 0x0000000003DF40F9

mem[X,0x000000008000032C] -> 0x1813
mem[X,0x000000008000032E] -> 0x00B8
[208] [M]: 0x000000008000032C (0x00B81813) slli a6, a6, 0xb
x16 <- 0x0000001EFA07C800

mem[X,0x0000000080000330] -> 0x0813
mem[X,0x0000000080000332] -> 0x2078
[209] [M]: 0x0000000080000330 (0x20780813) addi a6, a6, 0x207
x16 <- 0x0000001EFA07CA07

mem[X,0x0000000080000334] -> 0x1813
mem[X,0x0000000080000336] -> 0x00B8
[210] [M]: 0x0000000080000334 (0x00B81813) slli a6, a6, 0xb
x16 <- 0x0000F7D03E503800

mem[X,0x0000000080000338] -> 0x0813
mem[X,0x000000008000033A] -> 0x76A8
[211] [M]: 0x0000000080000338 (0x76A80813) addi a6, a6, 0x76a
x16 <- 0x0000F7D03E503F6A

mem[X,0x000000008000033C] -> 0x1813
mem[X,0x000000008000033E] -> 0x00A8
[212] [M]: 0x000000008000033C (0x00A81813) slli a6, a6, 0xa
x16 <- 0x03DF40F940FDA800

mem[X,0x0000000080000340] -> 0x0813
mem[X,0x0000000080000342] -> 0x2F68
[213] [M]: 0x0000000080000340 (0x2F680813) addi a6, a6, 0x2f6
x16 <- 0x03DF40F940FDAAF6

mem[X,0x0000000080000344] -> 0x853B
mem[X,0x0000000080000346] -> 0xDD01
[214] [M]: 0x0000000080000344 (0xDD01853B) pasub.b a0, gp, a6
x10 <- 0xD30DDB04DD012606

mem[X,0x0000000080000348] -> 0x3423
mem[X,0x000000008000034A] -> 0x02A2
[215] [M]: 0x0000000080000348 (0x02A23423) sd a0, 0x28(tp)
mem[0x0000000080004140] <- 0xD30DDB04DD012606

mem[X,0x000000008000034C] -> 0x06B7
mem[X,0x000000008000034E] -> 0x80FF
[216] [M]: 0x000000008000034C (0x80FF06B7) lui a3, -0x7f010
x13 <- 0xFFFFFFFF80FF0000

mem[X,0x0000000080000350] -> 0x8693
mem[X,0x0000000080000352] -> 0x9806
[217] [M]: 0x0000000080000350 (0x98068693) addi a3, a3, -0x680
x13 <- 0xFFFFFFFF80FEF980

mem[X,0x0000000080000354] -> 0x9693
mem[X,0x0000000080000356] -> 0x00B6
[218] [M]: 0x0000000080000354 (0x00B69693) slli a3, a3, 0xb
x13 <- 0xFFFFFC07F7CC0000

mem[X,0x0000000080000358] -> 0x8693
mem[X,0x000000008000035A] -> 0x6FF6
[219] [M]: 0x0000000080000358 (0x6FF68693) addi a3, a3, 0x6ff
x13 <- 0xFFFFFC07F7CC06FF

mem[X,0x000000008000035C] -> 0x9693
mem[X,0x000000008000035E] -> 0x00B6
[220] [M]: 0x000000008000035C (0x00B69693) slli a3, a3, 0xb
x13 <- 0xFFE03FBE6037F800

mem[X,0x0000000080000360] -> 0x8693
mem[X,0x0000000080000362] -> 0x6BD6
[221] [M]: 0x0000000080000360 (0x6BD68693) addi a3, a3, 0x6bd
x13 <- 0xFFE03FBE6037FEBD

mem[X,0x0000000080000364] -> 0x9693
mem[X,0x0000000080000366] -> 0x00A6
[222] [M]: 0x0000000080000364 (0x00A69693) slli a3, a3, 0xa
x13 <- 0x80FEF980DFFAF400

mem[X,0x0000000080000368] -> 0x8693
mem[X,0x000000008000036A] -> 0x2046
[223] [M]: 0x0000000080000368 (0x20468693) addi a3, a3, 0x204
x13 <- 0x80FEF980DFFAF604

mem[X,0x000000008000036C] -> 0x0937
mem[X,0x000000008000036E] -> 0x10C0
[224] [M]: 0x000000008000036C (0x10C00937) lui s2, 0x10c00
x18 <- 0x0000000010C00000

mem[X,0x0000000080000370] -> 0x0913
mem[X,0x0000000080000372] -> 0x2F89
[225] [M]: 0x0000000080000370 (0x2F890913) addi s2, s2, 0x2f8
x18 <- 0x0000000010C002F8

mem[X,0x0000000080000374] -> 0x1913
mem[X,0x0000000080000376] -> 0x00B9
[226] [M]: 0x0000000080000374 (0x00B91913) slli s2, s2, 0xb
x18 <- 0x000000860017C000

mem[X,0x0000000080000378] -> 0x0913
mem[X,0x000000008000037A] -> 0x6FF9
[227] [M]: 0x0000000080000378 (0x6FF90913) addi s2, s2, 0x6ff
x18 <- 0x000000860017C6FF

mem[X,0x000000008000037C] -> 0x1913
mem[X,0x000000008000037E] -> 0x00B9
[228] [M]: 0x000000008000037C (0x00B91913) slli s2, s2, 0xb
x18 <- 0x00043000BE37F800

mem[X,0x0000000080000380] -> 0x0913
mem[X,0x0000000080000382] -> 0x6419
[229] [M]: 0x0000000080000380 (0x64190913) addi s2, s2, 0x641
x18 <- 0x00043000BE37FE41

mem[X,0x0000000080000384] -> 0x1913
mem[X,0x0000000080000386] -> 0x00A9
[230] [M]: 0x0000000080000384 (0x00A91913) slli s2, s2, 0xa
x18 <- 0x10C002F8DFF90400

mem[X,0x0000000080000388] -> 0x0913
mem[X,0x000000008000038A] -> 0x2409
[231] [M]: 0x0000000080000388 (0x24090913) addi s2, s2, 0x240
x18 <- 0x10C002F8DFF90640

mem[X,0x000000008000038C] -> 0x883B
mem[X,0x000000008000038E] -> 0xDD26
[232] [M]: 0x000000008000038C (0xDD26883B) pasub.b a6, a3, s2
x16 <- 0xB81FFBC40000F8E2

mem[X,0x0000000080000390] -> 0x3823
mem[X,0x0000000080000392] -> 0x0302
[233] [M]: 0x0000000080000390 (0x03023823) sd a6, 0x30(tp)
mem[0x0000000080004148] <- 0xB81FFBC40000F8E2

mem[X,0x0000000080000394] -> 0x45B7
mem[X,0x0000000080000396] -> 0x8009
[234] [M]: 0x0000000080000394 (0x800945B7) lui a1, -0x7ff6c
x11 <- 0xFFFFFFFF80094000

mem[X,0x0000000080000398] -> 0x8593
mem[X,0x000000008000039A] -> 0x0FE5
[235] [M]: 0x0000000080000398 (0x0FE58593) addi a1, a1, 0xfe
x11 <- 0xFFFFFFFF800940FE

mem[X,0x000000008000039C] -> 0x9593
mem[X,0x000000008000039E] -> 0x00B5
[236] [M]: 0x000000008000039C (0x00B59593) slli a1, a1, 0xb
x11 <- 0xFFFFFC004A07F000

mem[X,0x00000000800003A0] -> 0x8593
mem[X,0x00000000800003A2] -> 0x0405
[237] [M]: 0x00000000800003A0 (0x04058593) addi a1, a1, 0x40
x11 <- 0xFFFFFC004A07F040

mem[X,0x00000000800003A4] -> 0x9593
mem[X,0x00000000800003A6] -> 0x00B5
[238] [M]: 0x00000000800003A4 (0x00B59593) slli a1, a1, 0xb
x11 <- 0xFFE002503F820000

mem[X,0x00000000800003A8] -> 0x8593
mem[X,0x00000000800003AA] -> 0x0C25
[239] [M]: 0x00000000800003A8 (0x0C258593) addi a1, a1, 0xc2
x11 <- 0xFFE002503F8200C2

mem[X,0x00000000800003AC] -> 0x9593
mem[X,0x00000000800003AE] -> 0x00A5
[240] [M]: 0x00000000800003AC (0x00A59593) slli a1, a1, 0xa
x11 <- 0x800940FE08030800

mem[X,0x00000000800003B0] -> 0x8593
mem[X,0x00000000800003B2] -> 0x0085
[241] [M]: 0x00000000800003B0 (0x00858593) addi a1, a1, 0x8
x11 <- 0x800940FE08030808

mem[X,0x00000000800003B4] -> 0x03B7
mem[X,0x00000000800003B6] -> 0xF8DF
[242] [M]: 0x00000000800003B4 (0xF8DF03B7) lui t2, -0x7210
x7 <- 0xFFFFFFFFF8DF0000

mem[X,0x00000000800003B8] -> 0x8393
mem[X,0x00000000800003BA] -> 0x5FC3
[243] [M]: 0x00000000800003B8 (0x5FC38393) addi t2, t2, 0x5fc
x7 <- 0xFFFFFFFFF8DF05FC

mem[X,0x00000000800003BC] -> 0x9393
mem[X,0x00000000800003BE] -> 0x00B3
[244] [M]: 0x00000000800003BC (0x00B39393) slli t2, t2, 0xb
x7 <- 0xFFFFFFC6F82FE000

mem[X,0x00000000800003C0] -> 0x8393
mem[X,0x00000000800003C2] -> 0x0183
[245] [M]: 0x00000000800003C0 (0x01838393) addi t2, t2, 0x18
x7 <- 0xFFFFFFC6F82FE018

mem[X,0x00000000800003C4] -> 0x9393
mem[X,0x00000000800003C6] -> 0x00B3
[246] [M]: 0x00000000800003C4 (0x00B39393) slli t2, t2, 0xb
x7 <- 0xFFFE37C17F00C000

mem[X,0x00000000800003C8] -> 0x8393
mem[X,0x00000000800003CA] -> 0x1F03
[247] [M]: 0x00000000800003C8 (0x1F038393) addi t2, t2, 0x1f0
x7 <- 0xFFFE37C17F00C1F0

mem[X,0x00000000800003CC] -> 0x9393
mem[X,0x00000000800003CE] -> 0x00A3
[248] [M]: 0x00000000800003CC (0x00A39393) slli t2, t2, 0xa
x7 <- 0xF8DF05FC0307C000

mem[X,0x00000000800003D0] -> 0x8393
mem[X,0x00000000800003D2] -> 0x0FE3
[249] [M]: 0x00000000800003D0 (0x0FE38393) addi t2, t2, 0xfe
x7 <- 0xF8DF05FC0307C0FE

mem[X,0x00000000800003D4] -> 0x84BB
mem[X,0x00000000800003D6] -> 0xDC75
[250] [M]: 0x00000000800003D4 (0xDC7584BB) pasub.b s1, a1, t2
x9 <- 0xC4151D0102FE2405

mem[X,0x00000000800003D8] -> 0x3C23
mem[X,0x00000000800003DA] -> 0x0292
[251] [M]: 0x00000000800003D8 (0x02923C23) sd s1, 0x38(tp)
mem[0x0000000080004150] <- 0xC4151D0102FE2405

mem[X,0x00000000800003DC] -> 0xC037
mem[X,0x00000000800003DE] -> 0x0120
[252] [M]: 0x00000000800003DC (0x0120C037) lui zero, 0x120c

mem[X,0x00000000800003E0] -> 0x0013
mem[X,0x00000000800003E2] -> 0x0060
[253] [M]: 0x00000000800003E0 (0x00600013) addi zero, zero, 0x6

mem[X,0x00000000800003E4] -> 0x1013
mem[X,0x00000000800003E6] -> 0x00B0
[254] [M]: 0x00000000800003E4 (0x00B01013) slli zero, zero, 0xb

mem[X,0x00000000800003E8] -> 0x0013
mem[X,0x00000000800003EA] -> 0x3F80
[255] [M]: 0x00000000800003E8 (0x3F800013) addi zero, zero, 0x3f8

mem[X,0x00000000800003EC] -> 0x1013
mem[X,0x00000000800003EE] -> 0x00B0
[256] [M]: 0x00000000800003EC (0x00B01013) slli zero, zero, 0xb

mem[X,0x00000000800003F0] -> 0x0013
mem[X,0x00000000800003F2] -> 0x2010
[257] [M]: 0x00000000800003F0 (0x20100013) addi zero, zero, 0x201

mem[X,0x00000000800003F4] -> 0x1013
mem[X,0x00000000800003F6] -> 0x00A0
[258] [M]: 0x00000000800003F4 (0x00A01013) slli zero, zero, 0xa

mem[X,0x00000000800003F8] -> 0x0013
mem[X,0x00000000800003FA] -> 0x2100
[259] [M]: 0x00000000800003F8 (0x21000013) addi zero, zero, 0x210

mem[X,0x00000000800003FC] -> 0xCC37
mem[X,0x00000000800003FE] -> 0xFBF9
[260] [M]: 0x00000000800003FC (0xFBF9CC37) lui s8, -0x4064
x24 <- 0xFFFFFFFFFBF9C000

mem[X,0x0000000080000400] -> 0x0C13
mem[X,0x0000000080000402] -> 0x0DFC
[261] [M]: 0x0000000080000400 (0x0DFC0C13) addi s8, s8, 0xdf
x24 <- 0xFFFFFFFFFBF9C0DF

mem[X,0x0000000080000404] -> 0x1C13
mem[X,0x0000000080000406] -> 0x00BC
[262] [M]: 0x0000000080000404 (0x00BC1C13) slli s8, s8, 0xb
x24 <- 0xFFFFFFDFCE06F800

mem[X,0x0000000080000408] -> 0x0C13
mem[X,0x000000008000040A] -> 0x00CC
[263] [M]: 0x0000000080000408 (0x00CC0C13) addi s8, s8, 0xc
x24 <- 0xFFFFFFDFCE06F80C

mem[X,0x000000008000040C] -> 0x1C13
mem[X,0x000000008000040E] -> 0x00BC
[264] [M]: 0x000000008000040C (0x00BC1C13) slli s8, s8, 0xb
x24 <- 0xFFFEFE7037C06000

mem[X,0x0000000080000410] -> 0x0C13
mem[X,0x0000000080000412] -> 0x03BC
[265] [M]: 0x0000000080000410 (0x03BC0C13) addi s8, s8, 0x3b
x24 <- 0xFFFEFE7037C0603B

mem[X,0x0000000080000414] -> 0x1C13
mem[X,0x0000000080000416] -> 0x00AC
[266] [M]: 0x0000000080000414 (0x00AC1C13) slli s8, s8, 0xa
x24 <- 0xFBF9C0DF0180EC00

mem[X,0x0000000080000418] -> 0x0C13
mem[X,0x000000008000041A] -> 0x309C
[267] [M]: 0x0000000080000418 (0x309C0C13) addi s8, s8, 0x309
x24 <- 0xFBF9C0DF0180EF09

mem[X,0x000000008000041C] -> 0x043B
mem[X,0x000000008000041E] -> 0xDD80
[268] [M]: 0x000000008000041C (0xDD80043B) pasub.b fp, zero, s8
x8 <- 0x02032010FF4008FB

mem[X,0x0000000080000420] -> 0x3023
mem[X,0x0000000080000422] -> 0x0482
[269] [M]: 0x0000000080000420 (0x04823023) sd fp, 0x40(tp)
mem[0x0000000080004158] <- 0x02032010FF4008FB

mem[X,0x0000000080000424] -> 0xBEB7
mem[X,0x0000000080000426] -> 0x06F9
[270] [M]: 0x0000000080000424 (0x06F9BEB7) lui t4, 0x6f9b
x29 <- 0x0000000006F9B000

mem[X,0x0000000080000428] -> 0x8E93
mem[X,0x000000008000042A] -> 0xA01E
[271] [M]: 0x0000000080000428 (0xA01E8E93) addi t4, t4, -0x5ff
x29 <- 0x0000000006F9AA01

mem[X,0x000000008000042C] -> 0x9E93
mem[X,0x000000008000042E] -> 0x00BE
[272] [M]: 0x000000008000042C (0x00BE9E93) slli t4, t4, 0xb
x29 <- 0x00000037CD500800

mem[X,0x0000000080000430] -> 0x8E93
mem[X,0x0000000080000432] -> 0x607E
[273] [M]: 0x0000000080000430 (0x607E8E93) addi t4, t4, 0x607
x29 <- 0x00000037CD500E07

mem[X,0x0000000080000434] -> 0x9E93
mem[X,0x0000000080000436] -> 0x00BE
[274] [M]: 0x0000000080000434 (0x00BE9E93) slli t4, t4, 0xb
x29 <- 0x0001BE6A80703800

mem[X,0x0000000080000438] -> 0x8E93
mem[X,0x000000008000043A] -> 0x63FE
[275] [M]: 0x0000000080000438 (0x63FE8E93) addi t4, t4, 0x63f
x29 <- 0x0001BE6A80703E3F

mem[X,0x000000008000043C] -> 0x9E93
mem[X,0x000000008000043E] -> 0x00AE
[276] [M]: 0x000000008000043C (0x00AE9E93) slli t4, t4, 0xa
x29 <- 0x06F9AA01C0F8FC00

mem[X,0x0000000080000440] -> 0x8E93
mem[X,0x0000000080000442] -> 0x020E
[277] [M]: 0x0000000080000440 (0x020E8E93) addi t4, t4, 0x20
x29 <- 0x06F9AA01C0F8FC20

mem[X,0x0000000080000444] -> 0x07B7
mem[X,0x0000000080000446] -> 0x20EF
[278] [M]: 0x0000000080000444 (0x20EF07B7) lui a5, 0x20ef0
x15 <- 0x0000000020EF0000

mem[X,0x0000000080000448] -> 0x8793
mem[X,0x000000008000044A] -> 0x0087
[279] [M]: 0x0000000080000448 (0x00878793) addi a5, a5, 0x8
x15 <- 0x0000000020EF0008

mem[X,0x000000008000044C] -> 0x9793
mem[X,0x000000008000044E] -> 0x00B7
[280] [M]: 0x000000008000044C (0x00B79793) slli a5, a5, 0xb
x15 <- 0x0000010778004000

mem[X,0x0000000080000450] -> 0x8793
mem[X,0x0000000080000452] -> 0x7B17
[281] [M]: 0x0000000080000450 (0x7B178793) addi a5, a5, 0x7b1
x15 <- 0x00000107780047B1

mem[X,0x0000000080000454] -> 0x9793
mem[X,0x0000000080000456] -> 0x00B7
[282] [M]: 0x0000000080000454 (0x00B79793) slli a5, a5, 0xb
x15 <- 0x00083BC0023D8800

mem[X,0x0000000080000458] -> 0x8793
mem[X,0x000000008000045A] -> 0x7C07
[283] [M]: 0x0000000080000458 (0x7C078793) addi a5, a5, 0x7c0
x15 <- 0x00083BC0023D8FC0

mem[X,0x000000008000045C] -> 0x9793
mem[X,0x000000008000045E] -> 0x00A7
[284] [M]: 0x000000008000045C (0x00A79793) slli a5, a5, 0xa
x15 <- 0x20EF0008F63F0000

mem[X,0x0000000080000460] -> 0x8793
mem[X,0x0000000080000462] -> 0x2BF7
[285] [M]: 0x0000000080000460 (0x2BF78793) addi a5, a5, 0x2bf
x15 <- 0x20EF0008F63F02BF

mem[X,0x0000000080000464] -> 0x89BB
mem[X,0x0000000080000466] -> 0xDCFE
[286] [M]: 0x0000000080000464 (0xDCFE89BB) pasub.b s3, t4, a5
x19 <- 0xF305D5FCE5DCFD30

mem[X,0x0000000080000468] -> 0x3423
mem[X,0x000000008000046A] -> 0x0532
[287] [M]: 0x0000000080000468 (0x05323423) sd s3, 0x48(tp)
mem[0x0000000080004160] <- 0xF305D5FCE5DCFD30

mem[X,0x000000008000046C] -> 0xC7B7
mem[X,0x000000008000046E] -> 0x0504
[288] [M]: 0x000000008000046C (0x0504C7B7) lui a5, 0x504c
x15 <- 0x000000000504C000

mem[X,0x0000000080000470] -> 0x8793
mem[X,0x0000000080000472] -> 0xF3F7
[289] [M]: 0x0000000080000470 (0xF3F78793) addi a5, a5, -0xc1
x15 <- 0x000000000504BF3F

mem[X,0x0000000080000474] -> 0x9793
mem[X,0x0000000080000476] -> 0x00B7
[290] [M]: 0x0000000080000474 (0x00B79793) slli a5, a5, 0xb
x15 <- 0x0000002825F9F800

mem[X,0x0000000080000478] -> 0x8793
mem[X,0x000000008000047A] -> 0x6037
[291] [M]: 0x0000000080000478 (0x60378793) addi a5, a5, 0x603
x15 <- 0x0000002825F9FE03

mem[X,0x000000008000047C] -> 0x9793
mem[X,0x000000008000047E] -> 0x00B7
[292] [M]: 0x000000008000047C (0x00B79793) slli a5, a5, 0xb
x15 <- 0x0001412FCFF01800

mem[X,0x0000000080000480] -> 0x8793
mem[X,0x0000000080000482] -> 0x7FF7
[293] [M]: 0x0000000080000480 (0x7FF78793) addi a5, a5, 0x7ff
x15 <- 0x0001412FCFF01FFF

mem[X,0x0000000080000484] -> 0x9793
mem[X,0x0000000080000486] -> 0x00A7
[294] [M]: 0x0000000080000484 (0x00A79793) slli a5, a5, 0xa
x15 <- 0x0504BF3FC07FFC00

mem[X,0x0000000080000488] -> 0x8793
mem[X,0x000000008000048A] -> 0x0407
[295] [M]: 0x0000000080000488 (0x04078793) addi a5, a5, 0x40
x15 <- 0x0504BF3FC07FFC40

mem[X,0x000000008000048C] -> 0x0737
mem[X,0x000000008000048E] -> 0x0704
[296] [M]: 0x000000008000048C (0x07040737) lui a4, 0x7040
x14 <- 0x0000000007040000

mem[X,0x0000000080000490] -> 0x0713
mem[X,0x0000000080000492] -> 0x23F7
[297] [M]: 0x0000000080000490 (0x23F70713) addi a4, a4, 0x23f
x14 <- 0x000000000704023F

mem[X,0x0000000080000494] -> 0x1713
mem[X,0x0000000080000496] -> 0x00B7
[298] [M]: 0x0000000080000494 (0x00B71713) slli a4, a4, 0xb
x14 <- 0x000000382011F800

mem[X,0x0000000080000498] -> 0x0713
mem[X,0x000000008000049A] -> 0x0487
[299] [M]: 0x0000000080000498 (0x04870713) addi a4, a4, 0x48
x14 <- 0x000000382011F848

clint::tick mtime <- 0x0000000000000003
 clint timer pending at mtime 0x0000000000000003
htif::tick 0x0000000000000000
mem[X,0x000000008000049C] -> 0x1713
mem[X,0x000000008000049E] -> 0x00B7
[300] [M]: 0x000000008000049C (0x00B71713) slli a4, a4, 0xb
x14 <- 0x0001C1008FC24000

mem[X,0x00000000800004A0] -> 0x0713
mem[X,0x00000000800004A2] -> 0x03E7
[301] [M]: 0x00000000800004A0 (0x03E70713) addi a4, a4, 0x3e
x14 <- 0x0001C1008FC2403E

mem[X,0x00000000800004A4] -> 0x1713
mem[X,0x00000000800004A6] -> 0x00A7
[302] [M]: 0x00000000800004A4 (0x00A71713) slli a4, a4, 0xa
x14 <- 0x0704023F0900F800

mem[X,0x00000000800004A8] -> 0x0713
mem[X,0x00000000800004AA] -> 0x0AA7
[303] [M]: 0x00000000800004A8 (0x0AA70713) addi a4, a4, 0xaa
x14 <- 0x0704023F0900F8AA

mem[X,0x00000000800004AC] -> 0x81BB
mem[X,0x00000000800004AE] -> 0xDCE7
[304] [M]: 0x00000000800004AC (0xDCE781BB) pasub.b gp, a5, a4
x3 <- 0xFF00DE00DB3F024B

mem[X,0x00000000800004B0] -> 0x3823
mem[X,0x00000000800004B2] -> 0x0432
[305] [M]: 0x00000000800004B0 (0x04323823) sd gp, 0x50(tp)
mem[0x0000000080004168] <- 0xFF00DE00DB3F024B

mem[X,0x00000000800004B4] -> 0x5637
mem[X,0x00000000800004B6] -> 0x00FB
[306] [M]: 0x00000000800004B4 (0x00FB5637) lui a2, 0xfb5
x12 <- 0x0000000000FB5000

mem[X,0x00000000800004B8] -> 0x0613
mem[X,0x00000000800004BA] -> 0x5056
[307] [M]: 0x00000000800004B8 (0x50560613) addi a2, a2, 0x505
x12 <- 0x0000000000FB5505

mem[X,0x00000000800004BC] -> 0x1613
mem[X,0x00000000800004BE] -> 0x00B6
[308] [M]: 0x00000000800004BC (0x00B61613) slli a2, a2, 0xb
x12 <- 0x00000007DAA82800

mem[X,0x00000000800004C0] -> 0x0613
mem[X,0x00000000800004C2] -> 0x0286
[309] [M]: 0x00000000800004C0 (0x02860613) addi a2, a2, 0x28
x12 <- 0x00000007DAA82828

mem[X,0x00000000800004C4] -> 0x1613
mem[X,0x00000000800004C6] -> 0x00B6
[310] [M]: 0x00000000800004C4 (0x00B61613) slli a2, a2, 0xb
x12 <- 0x00003ED541414000

mem[X,0x00000000800004C8] -> 0x0613
mem[X,0x00000000800004CA] -> 0x0956
[311] [M]: 0x00000000800004C8 (0x09560613) addi a2, a2, 0x95
x12 <- 0x00003ED541414095

mem[X,0x00000000800004CC] -> 0x1613
mem[X,0x00000000800004CE] -> 0x00A6
[312] [M]: 0x00000000800004CC (0x00A61613) slli a2, a2, 0xa
x12 <- 0x00FB550505025400

mem[X,0x00000000800004D0] -> 0x0613
mem[X,0x00000000800004D2] -> 0x1FE6
[313] [M]: 0x00000000800004D0 (0x1FE60613) addi a2, a2, 0x1fe
x12 <- 0x00FB5505050255FE

mem[X,0x00000000800004D4] -> 0xFDB7
mem[X,0x00000000800004D6] -> 0x0510
[314] [M]: 0x00000000800004D4 (0x0510FDB7) lui s11, 0x510f
x27 <- 0x000000000510F000

mem[X,0x00000000800004D8] -> 0x8D93
mem[X,0x00000000800004DA] -> 0x63FD
[315] [M]: 0x00000000800004D8 (0x63FD8D93) addi s11, s11, 0x63f
x27 <- 0x000000000510F63F

mem[X,0x00000000800004DC] -> 0x9D93
mem[X,0x00000000800004DE] -> 0x00BD
[316] [M]: 0x00000000800004DC (0x00BD9D93) slli s11, s11, 0xb
x27 <- 0x0000002887B1F800

mem[X,0x00000000800004E0] -> 0x8D93
mem[X,0x00000000800004E2] -> 0x2AFD
[317] [M]: 0x00000000800004E0 (0x2AFD8D93) addi s11, s11, 0x2af
x27 <- 0x0000002887B1FAAF

mem[X,0x00000000800004E4] -> 0x9D93
mem[X,0x00000000800004E6] -> 0x00BD
[318] [M]: 0x00000000800004E4 (0x00BD9D93) slli s11, s11, 0xb
x27 <- 0x0001443D8FD57800

mem[X,0x00000000800004E8] -> 0x8D93
mem[X,0x00000000800004EA] -> 0x7FDD
[319] [M]: 0x00000000800004E8 (0x7FDD8D93) addi s11, s11, 0x7fd
x27 <- 0x0001443D8FD57FFD

mem[X,0x00000000800004EC] -> 0x9D93
mem[X,0x00000000800004EE] -> 0x00AD
[320] [M]: 0x00000000800004EC (0x00AD9D93) slli s11, s11, 0xa
x27 <- 0x0510F63F55FFF400

mem[X,0x00000000800004F0] -> 0x8D93
mem[X,0x00000000800004F2] -> 0x202D
[321] [M]: 0x00000000800004F0 (0x202D8D93) addi s11, s11, 0x202
x27 <- 0x0510F63F55FFF602

mem[X,0x00000000800004F4] -> 0x0CBB
mem[X,0x00000000800004F6] -> 0xDDB6
[322] [M]: 0x00000000800004F4 (0xDDB60CBB) pasub.b s9, a2, s11
x25 <- 0xFDF52FE3D8012FFE

mem[X,0x00000000800004F8] -> 0x3C23
mem[X,0x00000000800004FA] -> 0x0592
[323] [M]: 0x00000000800004F8 (0x05923C23) sd s9, 0x58(tp)
mem[0x0000000080004170] <- 0xFDF52FE3D8012FFE

mem[X,0x00000000800004FC] -> 0x0DB7
mem[X,0x00000000800004FE] -> 0xFF7F
[324] [M]: 0x00000000800004FC (0xFF7F0DB7) lui s11, -0x810
x27 <- 0xFFFFFFFFFF7F0000

mem[X,0x0000000080000500] -> 0x8D93
mem[X,0x0000000080000502] -> 0x104D
[325] [M]: 0x0000000080000500 (0x104D8D93) addi s11, s11, 0x104
x27 <- 0xFFFFFFFFFF7F0104

mem[X,0x0000000080000504] -> 0x9D93
mem[X,0x0000000080000506] -> 0x00BD
[326] [M]: 0x0000000080000504 (0x00BD9D93) slli s11, s11, 0xb
x27 <- 0xFFFFFFFBF8082000

mem[X,0x0000000080000508] -> 0x8D93
mem[X,0x000000008000050A] -> 0x7D1D
[327] [M]: 0x0000000080000508 (0x7D1D8D93) addi s11, s11, 0x7d1
x27 <- 0xFFFFFFFBF80827D1

mem[X,0x000000008000050C] -> 0x9D93
mem[X,0x000000008000050E] -> 0x00BD
[328] [M]: 0x000000008000050C (0x00BD9D93) slli s11, s11, 0xb
x27 <- 0xFFFFDFC0413E8800

mem[X,0x0000000080000510] -> 0x8D93
mem[X,0x0000000080000512] -> 0x7C0D
[329] [M]: 0x0000000080000510 (0x7C0D8D93) addi s11, s11, 0x7c0
x27 <- 0xFFFFDFC0413E8FC0

mem[X,0x0000000080000514] -> 0x9D93
mem[X,0x0000000080000516] -> 0x00AD
[330] [M]: 0x0000000080000514 (0x00AD9D93) slli s11, s11, 0xa
x27 <- 0xFF7F0104FA3F0000

mem[X,0x0000000080000518] -> 0x8D93
mem[X,0x000000008000051A] -> 0x3FDD
[331] [M]: 0x0000000080000518 (0x3FDD8D93) addi s11, s11, 0x3fd
x27 <- 0xFF7F0104FA3F03FD

mem[X,0x000000008000051C] -> 0x0537
mem[X,0x000000008000051E] -> 0xC008
[332] [M]: 0x000000008000051C (0xC0080537) lui a0, -0x3ff80
x10 <- 0xFFFFFFFFC0080000

mem[X,0x0000000080000520] -> 0x0513
mem[X,0x0000000080000522] -> 0xAF65
[333] [M]: 0x0000000080000520 (0xAF650513) addi a0, a0, -0x50a
x10 <- 0xFFFFFFFFC007FAF6

mem[X,0x0000000080000524] -> 0x1513
mem[X,0x0000000080000526] -> 0x00B5
[334] [M]: 0x0000000080000524 (0x00B51513) slli a0, a0, 0xb
x10 <- 0xFFFFFE003FD7B000

mem[X,0x0000000080000528] -> 0x0513
mem[X,0x000000008000052A] -> 0x3FD5
[335] [M]: 0x0000000080000528 (0x3FD50513) addi a0, a0, 0x3fd
x10 <- 0xFFFFFE003FD7B3FD

mem[X,0x000000008000052C] -> 0x1513
mem[X,0x000000008000052E] -> 0x00B5
[336] [M]: 0x000000008000052C (0x00B51513) slli a0, a0, 0xb
x10 <- 0xFFF001FEBD9FE800

mem[X,0x0000000080000530] -> 0x0513
mem[X,0x0000000080000532] -> 0x2805
[337] [M]: 0x0000000080000530 (0x28050513) addi a0, a0, 0x280
x10 <- 0xFFF001FEBD9FEA80

mem[X,0x0000000080000534] -> 0x1513
mem[X,0x0000000080000536] -> 0x00A5
[338] [M]: 0x0000000080000534 (0x00A51513) slli a0, a0, 0xa
x10 <- 0xC007FAF67FAA0000

mem[X,0x0000000080000538] -> 0x0513
mem[X,0x000000008000053A] -> 0x0FC5
[339] [M]: 0x0000000080000538 (0x0FC50513) addi a0, a0, 0xfc
x10 <- 0xC007FAF67FAA00FC

mem[X,0x000000008000053C] -> 0x8F3B
mem[X,0x000000008000053E] -> 0xDCAD
[340] [M]: 0x000000008000053C (0xDCAD8F3B) pasub.b t5, s11, a0
x30 <- 0x1F3C0307BD4A0100

mem[X,0x0000000080000540] -> 0x3023
mem[X,0x0000000080000542] -> 0x07E2
[341] [M]: 0x0000000080000540 (0x07E23023) sd t5, 0x60(tp)
mem[0x0000000080004178] <- 0x1F3C0307BD4A0100

mem[X,0x0000000080000544] -> 0x0937
mem[X,0x0000000080000546] -> 0xBF09
[342] [M]: 0x0000000080000544 (0xBF090937) lui s2, -0x40f70
x18 <- 0xFFFFFFFFBF090000

mem[X,0x0000000080000548] -> 0x0913
mem[X,0x000000008000054A] -> 0x1809
[343] [M]: 0x0000000080000548 (0x18090913) addi s2, s2, 0x180
x18 <- 0xFFFFFFFFBF090180

mem[X,0x000000008000054C] -> 0x1913
mem[X,0x000000008000054E] -> 0x00B9
[344] [M]: 0x000000008000054C (0x00B91913) slli s2, s2, 0xb
x18 <- 0xFFFFFDF8480C0000

mem[X,0x0000000080000550] -> 0x0913
mem[X,0x0000000080000552] -> 0x7F89
[345] [M]: 0x0000000080000550 (0x7F890913) addi s2, s2, 0x7f8
x18 <- 0xFFFFFDF8480C07F8

mem[X,0x0000000080000554] -> 0x1913
mem[X,0x0000000080000556] -> 0x00B9
[346] [M]: 0x0000000080000554 (0x00B91913) slli s2, s2, 0xb
x18 <- 0xFFEFC240603FC000

mem[X,0x0000000080000558] -> 0x0913
mem[X,0x000000008000055A] -> 0x4009
[347] [M]: 0x0000000080000558 (0x40090913) addi s2, s2, 0x400
x18 <- 0xFFEFC240603FC400

mem[X,0x000000008000055C] -> 0x1913
mem[X,0x000000008000055E] -> 0x00A9
[348] [M]: 0x000000008000055C (0x00A91913) slli s2, s2, 0xa
x18 <- 0xBF090180FF100000

mem[X,0x0000000080000560] -> 0x0913
mem[X,0x0000000080000562] -> 0x2FB9
[349] [M]: 0x0000000080000560 (0x2FB90913) addi s2, s2, 0x2fb
x18 <- 0xBF090180FF1002FB

mem[X,0x0000000080000564] -> 0x00B7
mem[X,0x0000000080000566] -> 0xFD05
[350] [M]: 0x0000000080000564 (0xFD0500B7) lui ra, -0x2fb0
x1 <- 0xFFFFFFFFFD050000

mem[X,0x0000000080000568] -> 0x8093
mem[X,0x000000008000056A] -> 0x1200
[351] [M]: 0x0000000080000568 (0x12008093) addi ra, ra, 0x120
x1 <- 0xFFFFFFFFFD050120

mem[X,0x000000008000056C] -> 0x9093
mem[X,0x000000008000056E] -> 0x00B0
[352] [M]: 0x000000008000056C (0x00B09093) slli ra, ra, 0xb
x1 <- 0xFFFFFFE828090000

mem[X,0x0000000080000570] -> 0x8093
mem[X,0x0000000080000572] -> 0x7B00
[353] [M]: 0x0000000080000570 (0x7B008093) addi ra, ra, 0x7b0
x1 <- 0xFFFFFFE8280907B0

mem[X,0x0000000080000574] -> 0x9093
mem[X,0x0000000080000576] -> 0x00B0
[354] [M]: 0x0000000080000574 (0x00B09093) slli ra, ra, 0xb
x1 <- 0xFFFF4140483D8000

mem[X,0x0000000080000578] -> 0x8093
mem[X,0x000000008000057A] -> 0x17F0
[355] [M]: 0x0000000080000578 (0x17F08093) addi ra, ra, 0x17f
x1 <- 0xFFFF4140483D817F

mem[X,0x000000008000057C] -> 0x9093
mem[X,0x000000008000057E] -> 0x00A0
[356] [M]: 0x000000008000057C (0x00A09093) slli ra, ra, 0xa
x1 <- 0xFD050120F605FC00

mem[X,0x0000000080000580] -> 0x8093
mem[X,0x0000000080000582] -> 0x0030
[357] [M]: 0x0000000080000580 (0x00308093) addi ra, ra, 0x3
x1 <- 0xFD050120F605FC03

mem[X,0x0000000080000584] -> 0x0FBB
mem[X,0x0000000080000586] -> 0xDC19
[358] [M]: 0x0000000080000584 (0xDC190FBB) pasub.b t6, s2, ra
x31 <- 0xE10200B0040503FC

mem[X,0x0000000080000588] -> 0x3423
mem[X,0x000000008000058A] -> 0x07F2
[359] [M]: 0x0000000080000588 (0x07F23423) sd t6, 0x68(tp)
mem[0x0000000080004180] <- 0xE10200B0040503FC

mem[X,0x000000008000058C] -> 0x0437
mem[X,0x000000008000058E] -> 0xFFAA
[360] [M]: 0x000000008000058C (0xFFAA0437) lui fp, -0x560
x8 <- 0xFFFFFFFFFFAA0000

mem[X,0x0000000080000590] -> 0x0413
mem[X,0x0000000080000592] -> 0x7094
[361] [M]: 0x0000000080000590 (0x70940413) addi fp, fp, 0x709
x8 <- 0xFFFFFFFFFFAA0709

mem[X,0x0000000080000594] -> 0x1413
mem[X,0x0000000080000596] -> 0x00B4
[362] [M]: 0x0000000080000594 (0x00B41413) slli fp, fp, 0xb
x8 <- 0xFFFFFFFD50384800

mem[X,0x0000000080000598] -> 0x0413
mem[X,0x000000008000059A] -> 0x6F84
[363] [M]: 0x0000000080000598 (0x6F840413) addi fp, fp, 0x6f8
x8 <- 0xFFFFFFFD50384EF8

mem[X,0x000000008000059C] -> 0x1413
mem[X,0x000000008000059E] -> 0x00B4
[364] [M]: 0x000000008000059C (0x00B41413) slli fp, fp, 0xb
x8 <- 0xFFFFEA81C277C000

mem[X,0x00000000800005A0] -> 0x0413
mem[X,0x00000000800005A2] -> 0x0FE4
[365] [M]: 0x00000000800005A0 (0x0FE40413) addi fp, fp, 0xfe
x8 <- 0xFFFFEA81C277C0FE

mem[X,0x00000000800005A4] -> 0x1413
mem[X,0x00000000800005A6] -> 0x00A4
[366] [M]: 0x00000000800005A4 (0x00A41413) slli fp, fp, 0xa
x8 <- 0xFFAA0709DF03F800

mem[X,0x00000000800005A8] -> 0x0413
mem[X,0x00000000800005AA] -> 0x3F74
[367] [M]: 0x00000000800005A8 (0x3F740413) addi fp, fp, 0x3f7
x8 <- 0xFFAA0709DF03FBF7

mem[X,0x00000000800005AC] -> 0x0E37
mem[X,0x00000000800005AE] -> 0x2040
[368] [M]: 0x00000000800005AC (0x20400E37) lui t3, 0x20400
x28 <- 0x0000000020400000

mem[X,0x00000000800005B0] -> 0x0E13
mem[X,0x00000000800005B2] -> 0x103E
[369] [M]: 0x00000000800005B0 (0x103E0E13) addi t3, t3, 0x103
x28 <- 0x0000000020400103

mem[X,0x00000000800005B4] -> 0x1E13
mem[X,0x00000000800005B6] -> 0x00BE
[370] [M]: 0x00000000800005B4 (0x00BE1E13) slli t3, t3, 0xb
x28 <- 0x0000010200081800

mem[X,0x00000000800005B8] -> 0x0E13
mem[X,0x00000000800005BA] -> 0x7CFE
[371] [M]: 0x00000000800005B8 (0x7CFE0E13) addi t3, t3, 0x7cf
x28 <- 0x0000010200081FCF

mem[X,0x00000000800005BC] -> 0x1E13
mem[X,0x00000000800005BE] -> 0x00BE
[372] [M]: 0x00000000800005BC (0x00BE1E13) slli t3, t3, 0xb
x28 <- 0x0008100040FE7800

mem[X,0x00000000800005C0] -> 0x0E13
mem[X,0x00000000800005C2] -> 0x77EE
[373] [M]: 0x00000000800005C0 (0x77EE0E13) addi t3, t3, 0x77e
x28 <- 0x0008100040FE7F7E

mem[X,0x00000000800005C4] -> 0x1E13
mem[X,0x00000000800005C6] -> 0x00AE
[374] [M]: 0x00000000800005C4 (0x00AE1E13) slli t3, t3, 0xa
x28 <- 0x20400103F9FDF800

mem[X,0x00000000800005C8] -> 0x0E13
mem[X,0x00000000800005CA] -> 0x0FDE
[375] [M]: 0x00000000800005C8 (0x0FDE0E13) addi t3, t3, 0xfd
x28 <- 0x20400103F9FDF8FD

mem[X,0x00000000800005CC] -> 0x013B
mem[X,0x00000000800005CE] -> 0xDDC4
[376] [M]: 0x00000000800005CC (0xDDC4013B) pasub.b sp, fp, t3
x2 <- 0xEFB50303F30301FD

mem[X,0x00000000800005D0] -> 0x3823
mem[X,0x00000000800005D2] -> 0x0622
[377] [M]: 0x00000000800005D0 (0x06223823) sd sp, 0x70(tp)
mem[0x0000000080004188] <- 0xEFB50303F30301FD

mem[X,0x00000000800005D4] -> 0x04B7
mem[X,0x00000000800005D6] -> 0x40FF
[378] [M]: 0x00000000800005D4 (0x40FF04B7) lui s1, 0x40ff0
x9 <- 0x0000000040FF0000

mem[X,0x00000000800005D8] -> 0x8493
mem[X,0x00000000800005DA] -> 0x6C04
[379] [M]: 0x00000000800005D8 (0x6C048493) addi s1, s1, 0x6c0
x9 <- 0x0000000040FF06C0

mem[X,0x00000000800005DC] -> 0x9493
mem[X,0x00000000800005DE] -> 0x00B4
[380] [M]: 0x00000000800005DC (0x00B49493) slli s1, s1, 0xb
x9 <- 0x00000207F8360000

mem[X,0x00000000800005E0] -> 0x8493
mem[X,0x00000000800005E2] -> 0x7F54
[381] [M]: 0x00000000800005E0 (0x7F548493) addi s1, s1, 0x7f5
x9 <- 0x00000207F83607F5

mem[X,0x00000000800005E4] -> 0x9493
mem[X,0x00000000800005E6] -> 0x00B4
[382] [M]: 0x00000000800005E4 (0x00B49493) slli s1, s1, 0xb
x9 <- 0x00103FC1B03FA800

mem[X,0x00000000800005E8] -> 0x8493
mem[X,0x00000000800005EA] -> 0x2814
[383] [M]: 0x00000000800005E8 (0x28148493) addi s1, s1, 0x281
x9 <- 0x00103FC1B03FAA81

mem[X,0x00000000800005EC] -> 0x9493
mem[X,0x00000000800005EE] -> 0x00A4
[384] [M]: 0x00000000800005EC (0x00A49493) slli s1, s1, 0xa
x9 <- 0x40FF06C0FEAA0400

mem[X,0x00000000800005F0] -> 0x8493
mem[X,0x00000000800005F2] -> 0x2EF4
[385] [M]: 0x00000000800005F0 (0x2EF48493) addi s1, s1, 0x2ef
x9 <- 0x40FF06C0FEAA06EF

mem[X,0x00000000800005F4] -> 0x0A37
mem[X,0x00000000800005F6] -> 0xEF40
[386] [M]: 0x00000000800005F4 (0xEF400A37) lui s4, -0x10c00
x20 <- 0xFFFFFFFFEF400000

mem[X,0x00000000800005F8] -> 0x0A13
mem[X,0x00000000800005FA] -> 0x480A
[387] [M]: 0x00000000800005F8 (0x480A0A13) addi s4, s4, 0x480
x20 <- 0xFFFFFFFFEF400480

mem[X,0x00000000800005FC] -> 0x1A13
mem[X,0x00000000800005FE] -> 0x00BA
[388] [M]: 0x00000000800005FC (0x00BA1A13) slli s4, s4, 0xb
x20 <- 0xFFFFFF7A00240000

mem[X,0x0000000080000600] -> 0x0A13
mem[X,0x0000000080000602] -> 0x038A
[389] [M]: 0x0000000080000600 (0x038A0A13) addi s4, s4, 0x38
x20 <- 0xFFFFFF7A00240038

mem[X,0x0000000080000604] -> 0x1A13
mem[X,0x0000000080000606] -> 0x00BA
[390] [M]: 0x0000000080000604 (0x00BA1A13) slli s4, s4, 0xb
x20 <- 0xFFFBD0012001C000

mem[X,0x0000000080000608] -> 0x0A13
mem[X,0x000000008000060A] -> 0x237A
[391] [M]: 0x0000000080000608 (0x237A0A13) addi s4, s4, 0x237
x20 <- 0xFFFBD0012001C237

mem[X,0x000000008000060C] -> 0x1A13
mem[X,0x000000008000060E] -> 0x00AA
[392] [M]: 0x000000008000060C (0x00AA1A13) slli s4, s4, 0xa
x20 <- 0xEF4004800708DC00

mem[X,0x0000000080000610] -> 0x0A13
mem[X,0x0000000080000612] -> 0x3EFA
[393] [M]: 0x0000000080000610 (0x3EFA0A13) addi s4, s4, 0x3ef
x20 <- 0xEF4004800708DFEF

mem[X,0x0000000080000614] -> 0x893B
mem[X,0x0000000080000616] -> 0xDD44
[394] [M]: 0x0000000080000614 (0xDD44893B) pasub.b s2, s1, s4
x18 <- 0x28DF0120FBD11300

mem[X,0x0000000080000618] -> 0x3C23
mem[X,0x000000008000061A] -> 0x0722
[395] [M]: 0x0000000080000618 (0x07223C23) sd s2, 0x78(tp)
mem[0x0000000080004190] <- 0x28DF0120FBD11300

mem[X,0x000000008000061C] -> 0x0013
mem[X,0x000000008000061E] -> 0x0000
[396] [M]: 0x000000008000061C (0x00000013) addi zero, zero, 0x0

mem[X,0x0000000080000620] -> 0x4097
mem[X,0x0000000080000622] -> 0x0000
[397] [M]: 0x0000000080000620 (0x00004097) auipc ra, 0x4
x1 <- 0x0000000080004620

mem[X,0x0000000080000624] -> 0x8093
mem[X,0x0000000080000626] -> 0xB780
[398] [M]: 0x0000000080000624 (0xB7808093) addi ra, ra, -0x488
x1 <- 0x0000000080004198

mem[X,0x0000000080000628] -> 0x0013
mem[X,0x000000008000062A] -> 0x0000
[399] [M]: 0x0000000080000628 (0x00000013) addi zero, zero, 0x0

clint::tick mtime <- 0x0000000000000004
 clint timer pending at mtime 0x0000000000000004
htif::tick 0x0000000000000000
mem[X,0x000000008000062C] -> 0x0013
mem[X,0x000000008000062E] -> 0x0000
[400] [M]: 0x000000008000062C (0x00000013) addi zero, zero, 0x0

mem[X,0x0000000080000630] -> 0x0013
mem[X,0x0000000080000632] -> 0x0000
[401] [M]: 0x0000000080000630 (0x00000013) addi zero, zero, 0x0

mem[X,0x0000000080000634] -> 0x0013
mem[X,0x0000000080000636] -> 0x0000
[402] [M]: 0x0000000080000634 (0x00000013) addi zero, zero, 0x0

mem[X,0x0000000080000638] -> 0x0013
mem[X,0x000000008000063A] -> 0x0000
[403] [M]: 0x0000000080000638 (0x00000013) addi zero, zero, 0x0

mem[X,0x000000008000063C] -> 0x0013
mem[X,0x000000008000063E] -> 0x0000
[404] [M]: 0x000000008000063C (0x00000013) addi zero, zero, 0x0

mem[X,0x0000000080000640] -> 0x08B7
mem[X,0x0000000080000642] -> 0x7F40
[405] [M]: 0x0000000080000640 (0x7F4008B7) lui a7, 0x7f400
x17 <- 0x000000007F400000

mem[X,0x0000000080000644] -> 0x8893
mem[X,0x0000000080000646] -> 0xEAA8
[406] [M]: 0x0000000080000644 (0xEAA88893) addi a7, a7, -0x156
x17 <- 0x000000007F3FFEAA

mem[X,0x0000000080000648] -> 0x9893
mem[X,0x000000008000064A] -> 0x00B8
[407] [M]: 0x0000000080000648 (0x00B89893) slli a7, a7, 0xb
x17 <- 0x000003F9FFF55000

mem[X,0x000000008000064C] -> 0x8893
mem[X,0x000000008000064E] -> 0x0308
[408] [M]: 0x000000008000064C (0x03088893) addi a7, a7, 0x30
x17 <- 0x000003F9FFF55030

mem[X,0x0000000080000650] -> 0x9893
mem[X,0x0000000080000652] -> 0x00B8
[409] [M]: 0x0000000080000650 (0x00B89893) slli a7, a7, 0xb
x17 <- 0x001FCFFFAA818000

mem[X,0x0000000080000654] -> 0x8893
mem[X,0x0000000080000656] -> 0x1BF8
[410] [M]: 0x0000000080000654 (0x1BF88893) addi a7, a7, 0x1bf
x17 <- 0x001FCFFFAA8181BF

mem[X,0x0000000080000658] -> 0x9893
mem[X,0x000000008000065A] -> 0x00A8
[411] [M]: 0x0000000080000658 (0x00A89893) slli a7, a7, 0xa
x17 <- 0x7F3FFEAA0606FC00

mem[X,0x000000008000065C] -> 0x8893
mem[X,0x000000008000065E] -> 0x0DF8
[412] [M]: 0x000000008000065C (0x0DF88893) addi a7, a7, 0xdf
x17 <- 0x7F3FFEAA0606FCDF

mem[X,0x0000000080000660] -> 0xE1B7
mem[X,0x0000000080000662] -> 0x06F6
[413] [M]: 0x0000000080000660 (0x06F6E1B7) lui gp, 0x6f6e
x3 <- 0x0000000006F6E000

mem[X,0x0000000080000664] -> 0x8193
mem[X,0x0000000080000666] -> 0xFAA1
[414] [M]: 0x0000000080000664 (0xFAA18193) addi gp, gp, -0x56
x3 <- 0x0000000006F6DFAA

mem[X,0x0000000080000668] -> 0x9193
mem[X,0x000000008000066A] -> 0x00B1
[415] [M]: 0x0000000080000668 (0x00B19193) slli gp, gp, 0xb
x3 <- 0x00000037B6FD5000

mem[X,0x000000008000066C] -> 0x8193
mem[X,0x000000008000066E] -> 0x4001
[416] [M]: 0x000000008000066C (0x40018193) addi gp, gp, 0x400
x3 <- 0x00000037B6FD5400

mem[X,0x0000000080000670] -> 0x9193
mem[X,0x0000000080000672] -> 0x00B1
[417] [M]: 0x0000000080000670 (0x00B19193) slli gp, gp, 0xb
x3 <- 0x0001BDB7EAA00000

mem[X,0x0000000080000674] -> 0x8193
mem[X,0x0000000080000676] -> 0x26F1
[418] [M]: 0x0000000080000674 (0x26F18193) addi gp, gp, 0x26f
x3 <- 0x0001BDB7EAA0026F

mem[X,0x0000000080000678] -> 0x9193
mem[X,0x000000008000067A] -> 0x00A1
[419] [M]: 0x0000000080000678 (0x00A19193) slli gp, gp, 0xa
x3 <- 0x06F6DFAA8009BC00

mem[X,0x000000008000067C] -> 0x8193
mem[X,0x000000008000067E] -> 0x3F81
[420] [M]: 0x000000008000067C (0x3F818193) addi gp, gp, 0x3f8
x3 <- 0x06F6DFAA8009BFF8

mem[X,0x0000000080000680] -> 0x8DBB
mem[X,0x0000000080000682] -> 0xDC38
[421] [M]: 0x0000000080000680 (0xDC388DBB) pasub.b s11, a7, gp
x27 <- 0x3C240F0043FE1EF3

mem[X,0x0000000080000684] -> 0xB023
mem[X,0x0000000080000686] -> 0x01B0
[422] [M]: 0x0000000080000684 (0x01B0B023) sd s11, 0x0(ra)
mem[0x0000000080004198] <- 0x3C240F0043FE1EF3

mem[X,0x0000000080000688] -> 0x2B37
mem[X,0x000000008000068A] -> 0x7FF6
[423] [M]: 0x0000000080000688 (0x7FF62B37) lui s6, 0x7ff62
x22 <- 0x000000007FF62000

mem[X,0x000000008000068C] -> 0x0B13
mem[X,0x000000008000068E] -> 0x0FFB
[424] [M]: 0x000000008000068C (0x0FFB0B13) addi s6, s6, 0xff
x22 <- 0x000000007FF620FF

mem[X,0x0000000080000690] -> 0x1B13
mem[X,0x0000000080000692] -> 0x00BB
[425] [M]: 0x0000000080000690 (0x00BB1B13) slli s6, s6, 0xb
x22 <- 0x000003FFB107F800

mem[X,0x0000000080000694] -> 0x0B13
mem[X,0x0000000080000696] -> 0x040B
[426] [M]: 0x0000000080000694 (0x040B0B13) addi s6, s6, 0x40
x22 <- 0x000003FFB107F840

mem[X,0x0000000080000698] -> 0x1B13
mem[X,0x000000008000069A] -> 0x00BB
[427] [M]: 0x0000000080000698 (0x00BB1B13) slli s6, s6, 0xb
x22 <- 0x001FFD883FC20000

mem[X,0x000000008000069C] -> 0x0B13
mem[X,0x000000008000069E] -> 0x22FB
[428] [M]: 0x000000008000069C (0x22FB0B13) addi s6, s6, 0x22f
x22 <- 0x001FFD883FC2022F

mem[X,0x00000000800006A0] -> 0x1B13
mem[X,0x00000000800006A2] -> 0x00AB
[429] [M]: 0x00000000800006A0 (0x00AB1B13) slli s6, s6, 0xa
x22 <- 0x7FF620FF0808BC00

mem[X,0x00000000800006A4] -> 0x0B13
mem[X,0x00000000800006A6] -> 0x3BFB
[430] [M]: 0x00000000800006A4 (0x3BFB0B13) addi s6, s6, 0x3bf
x22 <- 0x7FF620FF0808BFBF

mem[X,0x00000000800006A8] -> 0x0337
mem[X,0x00000000800006AA] -> 0x4055
[431] [M]: 0x00000000800006A8 (0x40550337) lui t1, 0x40550
x6 <- 0x0000000040550000

mem[X,0x00000000800006AC] -> 0x0313
mem[X,0x00000000800006AE] -> 0x37F3
[432] [M]: 0x00000000800006AC (0x37F30313) addi t1, t1, 0x37f
x6 <- 0x000000004055037F

mem[X,0x00000000800006B0] -> 0x1313
mem[X,0x00000000800006B2] -> 0x00B3
[433] [M]: 0x00000000800006B0 (0x00B31313) slli t1, t1, 0xb
x6 <- 0x00000202A81BF800

mem[X,0x00000000800006B4] -> 0x0313
mem[X,0x00000000800006B6] -> 0x77A3
[434] [M]: 0x00000000800006B4 (0x77A30313) addi t1, t1, 0x77a
x6 <- 0x00000202A81BFF7A

mem[X,0x00000000800006B8] -> 0x1313
mem[X,0x00000000800006BA] -> 0x00B3
[435] [M]: 0x00000000800006B8 (0x00B31313) slli t1, t1, 0xb
x6 <- 0x00101540DFFBD000

mem[X,0x00000000800006BC] -> 0x0313
mem[X,0x00000000800006BE] -> 0x0303
[436] [M]: 0x00000000800006BC (0x03030313) addi t1, t1, 0x30
x6 <- 0x00101540DFFBD030

mem[X,0x00000000800006C0] -> 0x1313
mem[X,0x00000000800006C2] -> 0x00A3
[437] [M]: 0x00000000800006C0 (0x00A31313) slli t1, t1, 0xa
x6 <- 0x4055037FEF40C000

mem[X,0x00000000800006C4] -> 0x0313
mem[X,0x00000000800006C6] -> 0x07F3
[438] [M]: 0x00000000800006C4 (0x07F30313) addi t1, t1, 0x7f
x6 <- 0x4055037FEF40C07F

mem[X,0x00000000800006C8] -> 0x003B
mem[X,0x00000000800006CA] -> 0xDC6B
[439] [M]: 0x00000000800006C8 (0xDC6B003B) pasub.b zero, s6, t1

mem[X,0x00000000800006CC] -> 0xB423
mem[X,0x00000000800006CE] -> 0x0000
[440] [M]: 0x00000000800006CC (0x0000B423) sd zero, 0x8(ra)
mem[0x00000000800041A0] <- 0x0000000000000000

mem[X,0x00000000800006D0] -> 0x02B7
mem[X,0x00000000800006D2] -> 0xC004
[441] [M]: 0x00000000800006D0 (0xC00402B7) lui t0, -0x3ffc0
x5 <- 0xFFFFFFFFC0040000

mem[X,0x00000000800006D4] -> 0x8293
mem[X,0x00000000800006D6] -> 0xEF82
[442] [M]: 0x00000000800006D4 (0xEF828293) addi t0, t0, -0x108
x5 <- 0xFFFFFFFFC003FEF8

mem[X,0x00000000800006D8] -> 0x9293
mem[X,0x00000000800006DA] -> 0x00B2
[443] [M]: 0x00000000800006D8 (0x00B29293) slli t0, t0, 0xb
x5 <- 0xFFFFFE001FF7C000

mem[X,0x00000000800006DC] -> 0x8293
mem[X,0x00000000800006DE] -> 0x7C02
[444] [M]: 0x00000000800006DC (0x7C028293) addi t0, t0, 0x7c0
x5 <- 0xFFFFFE001FF7C7C0

mem[X,0x00000000800006E0] -> 0x9293
mem[X,0x00000000800006E2] -> 0x00B2
[445] [M]: 0x00000000800006E0 (0x00B29293) slli t0, t0, 0xb
x5 <- 0xFFF000FFBE3E0000

mem[X,0x00000000800006E4] -> 0x8293
mem[X,0x00000000800006E6] -> 0x1022
[446] [M]: 0x00000000800006E4 (0x10228293) addi t0, t0, 0x102
x5 <- 0xFFF000FFBE3E0102

mem[X,0x00000000800006E8] -> 0x9293
mem[X,0x00000000800006EA] -> 0x00A2
[447] [M]: 0x00000000800006E8 (0x00A29293) slli t0, t0, 0xa
x5 <- 0xC003FEF8F8040800

mem[X,0x00000000800006EC] -> 0x8293
mem[X,0x00000000800006EE] -> 0x0552
[448] [M]: 0x00000000800006EC (0x05528293) addi t0, t0, 0x55
x5 <- 0xC003FEF8F8040855

mem[X,0x00000000800006F0] -> 0x0437
mem[X,0x00000000800006F2] -> 0xC001
[449] [M]: 0x00000000800006F0 (0xC0010437) lui fp, -0x3fff0
x8 <- 0xFFFFFFFFC0010000

mem[X,0x00000000800006F4] -> 0x0413
mem[X,0x00000000800006F6] -> 0x6AA4
[450] [M]: 0x00000000800006F4 (0x6AA40413) addi fp, fp, 0x6aa
x8 <- 0xFFFFFFFFC00106AA

mem[X,0x00000000800006F8] -> 0x1413
mem[X,0x00000000800006FA] -> 0x00B4
[451] [M]: 0x00000000800006F8 (0x00B41413) slli fp, fp, 0xb
x8 <- 0xFFFFFE0008355000

mem[X,0x00000000800006FC] -> 0x0413
mem[X,0x00000000800006FE] -> 0x6004
[452] [M]: 0x00000000800006FC (0x60040413) addi fp, fp, 0x600
x8 <- 0xFFFFFE0008355600

mem[X,0x0000000080000700] -> 0x1413
mem[X,0x0000000080000702] -> 0x00B4
[453] [M]: 0x0000000080000700 (0x00B41413) slli fp, fp, 0xb
x8 <- 0xFFF00041AAB00000

mem[X,0x0000000080000704] -> 0x0413
mem[X,0x0000000080000706] -> 0x1424
[454] [M]: 0x0000000080000704 (0x14240413) addi fp, fp, 0x142
x8 <- 0xFFF00041AAB00142

mem[X,0x0000000080000708] -> 0x1413
mem[X,0x000000008000070A] -> 0x00A4
[455] [M]: 0x0000000080000708 (0x00A41413) slli fp, fp, 0xa
x8 <- 0xC00106AAC0050800

mem[X,0x000000008000070C] -> 0x0413
mem[X,0x000000008000070E] -> 0x1014
[456] [M]: 0x000000008000070C (0x10140413) addi fp, fp, 0x101
x8 <- 0xC00106AAC0050901

mem[X,0x0000000080000710] -> 0x8EBB
mem[X,0x0000000080000712] -> 0xDC82
[457] [M]: 0x0000000080000710 (0xDC828EBB) pasub.b t4, t0, fp
x29 <- 0x0001FC271CFFFF2A

mem[X,0x0000000080000714] -> 0xB823
mem[X,0x0000000080000716] -> 0x01D0
[458] [M]: 0x0000000080000714 (0x01D0B823) sd t4, 0x10(ra)
mem[0x00000000800041A8] <- 0x0001FC271CFFFF2A

mem[X,0x0000000080000718] -> 0x0CB7
mem[X,0x000000008000071A] -> 0xFB00
[459] [M]: 0x0000000080000718 (0xFB000CB7) lui s9, -0x5000
x25 <- 0xFFFFFFFFFB000000

mem[X,0x000000008000071C] -> 0x8C93
mem[X,0x000000008000071E] -> 0x3FBC
[460] [M]: 0x000000008000071C (0x3FBC8C93) addi s9, s9, 0x3fb
x25 <- 0xFFFFFFFFFB0003FB

mem[X,0x0000000080000720] -> 0x9C93
mem[X,0x0000000080000722] -> 0x00BC
[461] [M]: 0x0000000080000720 (0x00BC9C93) slli s9, s9, 0xb
x25 <- 0xFFFFFFD8001FD800

mem[X,0x0000000080000724] -> 0x8C93
mem[X,0x0000000080000726] -> 0x100C
[462] [M]: 0x0000000080000724 (0x100C8C93) addi s9, s9, 0x100
x25 <- 0xFFFFFFD8001FD900

mem[X,0x0000000080000728] -> 0x9C93
mem[X,0x000000008000072A] -> 0x00BC
[463] [M]: 0x0000000080000728 (0x00BC9C93) slli s9, s9, 0xb
x25 <- 0xFFFEC000FEC80000

mem[X,0x000000008000072C] -> 0x8C93
mem[X,0x000000008000072E] -> 0x27EC
[464] [M]: 0x000000008000072C (0x27EC8C93) addi s9, s9, 0x27e
x25 <- 0xFFFEC000FEC8027E

mem[X,0x0000000080000730] -> 0x9C93
mem[X,0x0000000080000732] -> 0x00AC
[465] [M]: 0x0000000080000730 (0x00AC9C93) slli s9, s9, 0xa
x25 <- 0xFB0003FB2009F800

mem[X,0x0000000080000734] -> 0x8C93
mem[X,0x0000000080000736] -> 0x0AAC
[466] [M]: 0x0000000080000734 (0x0AAC8C93) addi s9, s9, 0xaa
x25 <- 0xFB0003FB2009F8AA

mem[X,0x0000000080000738] -> 0xF037
mem[X,0x000000008000073A] -> 0xC0DF
[467] [M]: 0x0000000080000738 (0xC0DFF037) lui zero, -0x3f201

mem[X,0x000000008000073C] -> 0x0013
mem[X,0x000000008000073E] -> 0xFAA0
[468] [M]: 0x000000008000073C (0xFAA00013) addi zero, zero, -0x56

mem[X,0x0000000080000740] -> 0x1013
mem[X,0x0000000080000742] -> 0x00B0
[469] [M]: 0x0000000080000740 (0x00B01013) slli zero, zero, 0xb

mem[X,0x0000000080000744] -> 0x0013
mem[X,0x0000000080000746] -> 0x4000
[470] [M]: 0x0000000080000744 (0x40000013) addi zero, zero, 0x400

mem[X,0x0000000080000748] -> 0x1013
mem[X,0x000000008000074A] -> 0x00B0
[471] [M]: 0x0000000080000748 (0x00B01013) slli zero, zero, 0xb

mem[X,0x000000008000074C] -> 0x0013
mem[X,0x000000008000074E] -> 0x0800
[472] [M]: 0x000000008000074C (0x08000013) addi zero, zero, 0x80

mem[X,0x0000000080000750] -> 0x1013
mem[X,0x0000000080000752] -> 0x00A0
[473] [M]: 0x0000000080000750 (0x00A01013) slli zero, zero, 0xa

mem[X,0x0000000080000754] -> 0x0013
mem[X,0x0000000080000756] -> 0x1800
[474] [M]: 0x0000000080000754 (0x18000013) addi zero, zero, 0x180

mem[X,0x0000000080000758] -> 0x87BB
mem[X,0x000000008000075A] -> 0xDC0C
[475] [M]: 0x0000000080000758 (0xDC0C87BB) pasub.b a5, s9, zero
x15 <- 0xFD0001FD1004FCD5

mem[X,0x000000008000075C] -> 0xBC23
mem[X,0x000000008000075E] -> 0x00F0
[476] [M]: 0x000000008000075C (0x00F0BC23) sd a5, 0x18(ra)
mem[0x00000000800041B0] <- 0xFD0001FD1004FCD5

mem[X,0x0000000080000760] -> 0x1537
mem[X,0x0000000080000762] -> 0x05F6
[477] [M]: 0x0000000080000760 (0x05F61537) lui a0, 0x5f61
x10 <- 0x0000000005F61000

mem[X,0x0000000080000764] -> 0x0513
mem[X,0x0000000080000766] -> 0x93F5
[478] [M]: 0x0000000080000764 (0x93F50513) addi a0, a0, -0x6c1
x10 <- 0x0000000005F6093F

mem[X,0x0000000080000768] -> 0x1513
mem[X,0x000000008000076A] -> 0x00B5
[479] [M]: 0x0000000080000768 (0x00B51513) slli a0, a0, 0xb
x10 <- 0x0000002FB049F800

mem[X,0x000000008000076C] -> 0x0513
mem[X,0x000000008000076E] -> 0x6FF5
[480] [M]: 0x000000008000076C (0x6FF50513) addi a0, a0, 0x6ff
x10 <- 0x0000002FB049FEFF

mem[X,0x0000000080000770] -> 0x1513
mem[X,0x0000000080000772] -> 0x00B5
[481] [M]: 0x0000000080000770 (0x00B51513) slli a0, a0, 0xb
x10 <- 0x00017D824FF7F800

mem[X,0x0000000080000774] -> 0x0513
mem[X,0x0000000080000776] -> 0x7205
[482] [M]: 0x0000000080000774 (0x72050513) addi a0, a0, 0x720
x10 <- 0x00017D824FF7FF20

mem[X,0x0000000080000778] -> 0x1513
mem[X,0x000000008000077A] -> 0x00A5
[483] [M]: 0x0000000080000778 (0x00A51513) slli a0, a0, 0xa
x10 <- 0x05F6093FDFFC8000

mem[X,0x000000008000077C] -> 0x0513
mem[X,0x000000008000077E] -> 0x0085
[484] [M]: 0x000000008000077C (0x00850513) addi a0, a0, 0x8
x10 <- 0x05F6093FDFFC8008

mem[X,0x0000000080000780] -> 0x0FB7
mem[X,0x0000000080000782] -> 0xC000
[485] [M]: 0x0000000080000780 (0xC0000FB7) lui t6, -0x40000
x31 <- 0xFFFFFFFFC0000000

mem[X,0x0000000080000784] -> 0x8F93
mem[X,0x0000000080000786] -> 0x740F
[486] [M]: 0x0000000080000784 (0x740F8F93) addi t6, t6, 0x740
x31 <- 0xFFFFFFFFC0000740

mem[X,0x0000000080000788] -> 0x9F93
mem[X,0x000000008000078A] -> 0x00BF
[487] [M]: 0x0000000080000788 (0x00BF9F93) slli t6, t6, 0xb
x31 <- 0xFFFFFE00003A0000

mem[X,0x000000008000078C] -> 0x8F93
mem[X,0x000000008000078E] -> 0x2ACF
[488] [M]: 0x000000008000078C (0x2ACF8F93) addi t6, t6, 0x2ac
x31 <- 0xFFFFFE00003A02AC

mem[X,0x0000000080000790] -> 0x9F93
mem[X,0x0000000080000792] -> 0x00BF
[489] [M]: 0x0000000080000790 (0x00BF9F93) slli t6, t6, 0xb
x31 <- 0xFFF00001D0156000

mem[X,0x0000000080000794] -> 0x8F93
mem[X,0x0000000080000796] -> 0x004F
[490] [M]: 0x0000000080000794 (0x004F8F93) addi t6, t6, 0x4
x31 <- 0xFFF00001D0156004

mem[X,0x0000000080000798] -> 0x9F93
mem[X,0x000000008000079A] -> 0x00AF
[491] [M]: 0x0000000080000798 (0x00AF9F93) slli t6, t6, 0xa
x31 <- 0xC000074055801000

mem[X,0x000000008000079C] -> 0x8F93
mem[X,0x000000008000079E] -> 0x0FFF
[492] [M]: 0x000000008000079C (0x0FFF8F93) addi t6, t6, 0xff
x31 <- 0xC0000740558010FF

mem[X,0x00000000800007A0] -> 0x023B
mem[X,0x00000000800007A2] -> 0xDDF5
[493] [M]: 0x00000000800007A0 (0xDDF5023B) pasub.b tp, a0, t6
x4 <- 0x22FB01FFC53EB804

mem[X,0x00000000800007A4] -> 0xB023
mem[X,0x00000000800007A6] -> 0x0240
[494] [M]: 0x00000000800007A4 (0x0240B023) sd tp, 0x20(ra)
mem[0x00000000800041B8] <- 0x22FB01FFC53EB804

mem[X,0x00000000800007A8] -> 0x0AB7
mem[X,0x00000000800007AA] -> 0xC0E0
[495] [M]: 0x00000000800007A8 (0xC0E00AB7) lui s5, -0x3f200
x21 <- 0xFFFFFFFFC0E00000

mem[X,0x00000000800007AC] -> 0x8A93
mem[X,0x00000000800007AE] -> 0x805A
[496] [M]: 0x00000000800007AC (0x805A8A93) addi s5, s5, -0x7fb
x21 <- 0xFFFFFFFFC0DFF805

mem[X,0x00000000800007B0] -> 0x9A93
mem[X,0x00000000800007B2] -> 0x00BA
[497] [M]: 0x00000000800007B0 (0x00BA9A93) slli s5, s5, 0xb
x21 <- 0xFFFFFE06FFC02800

mem[X,0x00000000800007B4] -> 0x8A93
mem[X,0x00000000800007B6] -> 0x7F0A
[498] [M]: 0x00000000800007B4 (0x7F0A8A93) addi s5, s5, 0x7f0
x21 <- 0xFFFFFE06FFC02FF0

mem[X,0x00000000800007B8] -> 0x9A93
mem[X,0x00000000800007BA] -> 0x00BA
[499] [M]: 0x00000000800007B8 (0x00BA9A93) slli s5, s5, 0xb
x21 <- 0xFFF037FE017F8000

clint::tick mtime <- 0x0000000000000005
 clint timer pending at mtime 0x0000000000000005
htif::tick 0x0000000000000000
mem[X,0x00000000800007BC] -> 0x8A93
mem[X,0x00000000800007BE] -> 0x0FFA
[500] [M]: 0x00000000800007BC (0x0FFA8A93) addi s5, s5, 0xff
x21 <- 0xFFF037FE017F80FF

mem[X,0x00000000800007C0] -> 0x9A93
mem[X,0x00000000800007C2] -> 0x00AA
[501] [M]: 0x00000000800007C0 (0x00AA9A93) slli s5, s5, 0xa
x21 <- 0xC0DFF805FE03FC00

mem[X,0x00000000800007C4] -> 0x8A93
mem[X,0x00000000800007C6] -> 0x3DFA
[502] [M]: 0x00000000800007C4 (0x3DFA8A93) addi s5, s5, 0x3df
x21 <- 0xC0DFF805FE03FFDF

mem[X,0x00000000800007C8] -> 0xC5B7
mem[X,0x00000000800007CA] -> 0xEF06
[503] [M]: 0x00000000800007C8 (0xEF06C5B7) lui a1, -0x10f94
x11 <- 0xFFFFFFFFEF06C000

mem[X,0x00000000800007CC] -> 0x8593
mem[X,0x00000000800007CE] -> 0x0015
[504] [M]: 0x00000000800007CC (0x00158593) addi a1, a1, 0x1
x11 <- 0xFFFFFFFFEF06C001

mem[X,0x00000000800007D0] -> 0x9593
mem[X,0x00000000800007D2] -> 0x00B5
[505] [M]: 0x00000000800007D0 (0x00B59593) slli a1, a1, 0xb
x11 <- 0xFFFFFF7836000800

mem[X,0x00000000800007D4] -> 0x8593
mem[X,0x00000000800007D6] -> 0x0085
[506] [M]: 0x00000000800007D4 (0x00858593) addi a1, a1, 0x8
x11 <- 0xFFFFFF7836000808

mem[X,0x00000000800007D8] -> 0x9593
mem[X,0x00000000800007DA] -> 0x00B5
[507] [M]: 0x00000000800007D8 (0x00B59593) slli a1, a1, 0xb
x11 <- 0xFFFBC1B000404000

mem[X,0x00000000800007DC] -> 0x8593
mem[X,0x00000000800007DE] -> 0x1805
[508] [M]: 0x00000000800007DC (0x18058593) addi a1, a1, 0x180
x11 <- 0xFFFBC1B000404180

mem[X,0x00000000800007E0] -> 0x9593
mem[X,0x00000000800007E2] -> 0x00A5
[509] [M]: 0x00000000800007E0 (0x00A59593) slli a1, a1, 0xa
x11 <- 0xEF06C00101060000

mem[X,0x00000000800007E4] -> 0x8593
mem[X,0x00000000800007E6] -> 0x3015
[510] [M]: 0x00000000800007E4 (0x30158593) addi a1, a1, 0x301
x11 <- 0xEF06C00101060301

mem[X,0x00000000800007E8] -> 0x83BB
mem[X,0x00000000800007EA] -> 0xDCBA
[511] [M]: 0x00000000800007E8 (0xDCBA83BB) pasub.b t2, s5, a1
x7 <- 0xE8EC1C02FEFEFEEF

mem[X,0x00000000800007EC] -> 0xB423
mem[X,0x00000000800007EE] -> 0x0270
[512] [M]: 0x00000000800007EC (0x0270B423) sd t2, 0x28(ra)
mem[0x00000000800041C0] <- 0xE8EC1C02FEFEFEEF

mem[X,0x00000000800007F0] -> 0xF837
mem[X,0x00000000800007F2] -> 0x06DF
[513] [M]: 0x00000000800007F0 (0x06DFF837) lui a6, 0x6dff
x16 <- 0x0000000006DFF000

mem[X,0x00000000800007F4] -> 0x0813
mem[X,0x00000000800007F6] -> 0x73F8
[514] [M]: 0x00000000800007F4 (0x73F80813) addi a6, a6, 0x73f
x16 <- 0x0000000006DFF73F

mem[X,0x00000000800007F8] -> 0x1813
mem[X,0x00000000800007FA] -> 0x00B8
[515] [M]: 0x00000000800007F8 (0x00B81813) slli a6, a6, 0xb
x16 <- 0x00000036FFB9F800

mem[X,0x00000000800007FC] -> 0x0813
mem[X,0x00000000800007FE] -> 0x7ED8
[516] [M]: 0x00000000800007FC (0x7ED80813) addi a6, a6, 0x7ed
x16 <- 0x00000036FFB9FFED

mem[X,0x0000000080000800] -> 0x1813
mem[X,0x0000000080000802] -> 0x00B8
[517] [M]: 0x0000000080000800 (0x00B81813) slli a6, a6, 0xb
x16 <- 0x0001B7FDCFFF6800

mem[X,0x0000000080000804] -> 0x0813
mem[X,0x0000000080000806] -> 0x7DF8
[518] [M]: 0x0000000080000804 (0x7DF80813) addi a6, a6, 0x7df
x16 <- 0x0001B7FDCFFF6FDF

mem[X,0x0000000080000808] -> 0x1813
mem[X,0x000000008000080A] -> 0x00A8
[519] [M]: 0x0000000080000808 (0x00A81813) slli a6, a6, 0xa
x16 <- 0x06DFF73FFDBF7C00

mem[X,0x000000008000080C] -> 0x0813
mem[X,0x000000008000080E] -> 0x3C08
[520] [M]: 0x000000008000080C (0x3C080813) addi a6, a6, 0x3c0
x16 <- 0x06DFF73FFDBF7FC0

mem[X,0x0000000080000810] -> 0x0B37
mem[X,0x0000000080000812] -> 0x04F8
[521] [M]: 0x0000000080000810 (0x04F80B37) lui s6, 0x4f80
x22 <- 0x0000000004F80000

mem[X,0x0000000080000814] -> 0x0B13
mem[X,0x0000000080000816] -> 0x0FAB
[522] [M]: 0x0000000080000814 (0x0FAB0B13) addi s6, s6, 0xfa
x22 <- 0x0000000004F800FA

mem[X,0x0000000080000818] -> 0x1B13
mem[X,0x000000008000081A] -> 0x00BB
[523] [M]: 0x0000000080000818 (0x00BB1B13) slli s6, s6, 0xb
x22 <- 0x00000027C007D000

mem[X,0x000000008000081C] -> 0x0B13
mem[X,0x000000008000081E] -> 0x1F8B
[524] [M]: 0x000000008000081C (0x1F8B0B13) addi s6, s6, 0x1f8
x22 <- 0x00000027C007D1F8

mem[X,0x0000000080000820] -> 0x1B13
mem[X,0x0000000080000822] -> 0x00BB
[525] [M]: 0x0000000080000820 (0x00BB1B13) slli s6, s6, 0xb
x22 <- 0x00013E003E8FC000

mem[X,0x0000000080000824] -> 0x0B13
mem[X,0x0000000080000826] -> 0x17FB
[526] [M]: 0x0000000080000824 (0x17FB0B13) addi s6, s6, 0x17f
x22 <- 0x00013E003E8FC17F

mem[X,0x0000000080000828] -> 0x1B13
mem[X,0x000000008000082A] -> 0x00AB
[527] [M]: 0x0000000080000828 (0x00AB1B13) slli s6, s6, 0xa
x22 <- 0x04F800FA3F05FC00

mem[X,0x000000008000082C] -> 0x0B13
mem[X,0x000000008000082E] -> 0x3BFB
[528] [M]: 0x000000008000082C (0x3BFB0B13) addi s6, s6, 0x3bf
x22 <- 0x04F800FA3F05FFBF

mem[X,0x0000000080000830] -> 0x0A3B
mem[X,0x0000000080000832] -> 0xDD68
[529] [M]: 0x0000000080000830 (0xDD680A3B) pasub.b s4, a6, s6
x20 <- 0x01F3FB22DFDD4000

mem[X,0x0000000080000834] -> 0xB823
mem[X,0x0000000080000836] -> 0x0340
[530] [M]: 0x0000000080000834 (0x0340B823) sd s4, 0x30(ra)
mem[0x00000000800041C8] <- 0x01F3FB22DFDD4000

mem[X,0x0000000080000838] -> 0x1FB7
mem[X,0x000000008000083A] -> 0x03EF
[531] [M]: 0x0000000080000838 (0x03EF1FB7) lui t6, 0x3ef1
x31 <- 0x0000000003EF1000

mem[X,0x000000008000083C] -> 0x8F93
mem[X,0x000000008000083E] -> 0x010F
[532] [M]: 0x000000008000083C (0x010F8F93) addi t6, t6, 0x10
x31 <- 0x0000000003EF1010

mem[X,0x0000000080000840] -> 0x9F93
mem[X,0x0000000080000842] -> 0x00BF
[533] [M]: 0x0000000080000840 (0x00BF9F93) slli t6, t6, 0xb
x31 <- 0x0000001F78808000

mem[X,0x0000000080000844] -> 0x8F93
mem[X,0x0000000080000846] -> 0x100F
[534] [M]: 0x0000000080000844 (0x100F8F93) addi t6, t6, 0x100
x31 <- 0x0000001F78808100

mem[X,0x0000000080000848] -> 0x9F93
mem[X,0x000000008000084A] -> 0x00BF
[535] [M]: 0x0000000080000848 (0x00BF9F93) slli t6, t6, 0xb
x31 <- 0x0000FBC404080000

mem[X,0x000000008000084C] -> 0x8F93
mem[X,0x000000008000084E] -> 0x104F
[536] [M]: 0x000000008000084C (0x104F8F93) addi t6, t6, 0x104
x31 <- 0x0000FBC404080104

mem[X,0x0000000080000850] -> 0x9F93
mem[X,0x0000000080000852] -> 0x00AF
[537] [M]: 0x0000000080000850 (0x00AF9F93) slli t6, t6, 0xa
x31 <- 0x03EF101020041000

mem[X,0x0000000080000854] -> 0x8F93
mem[X,0x0000000080000856] -> 0x0FAF
[538] [M]: 0x0000000080000854 (0x0FAF8F93) addi t6, t6, 0xfa
x31 <- 0x03EF1010200410FA

mem[X,0x0000000080000858] -> 0x88B7
mem[X,0x000000008000085A] -> 0x2040
[539] [M]: 0x0000000080000858 (0x204088B7) lui a7, 0x20408
x17 <- 0x0000000020408000

mem[X,0x000000008000085C] -> 0x8893
mem[X,0x000000008000085E] -> 0xF068
[540] [M]: 0x000000008000085C (0xF0688893) addi a7, a7, -0xfa
x17 <- 0x0000000020407F06

mem[X,0x0000000080000860] -> 0x9893
mem[X,0x0000000080000862] -> 0x00B8
[541] [M]: 0x0000000080000860 (0x00B89893) slli a7, a7, 0xb
x17 <- 0x0000010203F83000

mem[X,0x0000000080000864] -> 0x8893
mem[X,0x0000000080000866] -> 0x6FF8
[542] [M]: 0x0000000080000864 (0x6FF88893) addi a7, a7, 0x6ff
x17 <- 0x0000010203F836FF

mem[X,0x0000000080000868] -> 0x9893
mem[X,0x000000008000086A] -> 0x00B8
[543] [M]: 0x0000000080000868 (0x00B89893) slli a7, a7, 0xb
x17 <- 0x0008101FC1B7F800

mem[X,0x000000008000086C] -> 0x8893
mem[X,0x000000008000086E] -> 0x7BF8
[544] [M]: 0x000000008000086C (0x7BF88893) addi a7, a7, 0x7bf
x17 <- 0x0008101FC1B7FFBF

mem[X,0x0000000080000870] -> 0x9893
mem[X,0x0000000080000872] -> 0x00A8
[545] [M]: 0x0000000080000870 (0x00A89893) slli a7, a7, 0xa
x17 <- 0x20407F06DFFEFC00

mem[X,0x0000000080000874] -> 0x8893
mem[X,0x0000000080000876] -> 0x0058
[546] [M]: 0x0000000080000874 (0x00588893) addi a7, a7, 0x5
x17 <- 0x20407F06DFFEFC05

mem[X,0x0000000080000878] -> 0x863B
mem[X,0x000000008000087A] -> 0xDD1F
[547] [M]: 0x0000000080000878 (0xDD1F863B) pasub.b a2, t6, a7
x12 <- 0xF1D7C80520030AFA

mem[X,0x000000008000087C] -> 0xBC23
mem[X,0x000000008000087E] -> 0x02C0
[548] [M]: 0x000000008000087C (0x02C0BC23) sd a2, 0x38(ra)
mem[0x00000000800041D0] <- 0xF1D7C80520030AFA

mem[X,0x0000000080000880] -> 0x0337
mem[X,0x0000000080000882] -> 0x07C0
[549] [M]: 0x0000000080000880 (0x07C00337) lui t1, 0x7c00
x6 <- 0x0000000007C00000

mem[X,0x0000000080000884] -> 0x0313
mem[X,0x0000000080000886] -> 0x8F83
[550] [M]: 0x0000000080000884 (0x8F830313) addi t1, t1, -0x708
x6 <- 0x0000000007BFF8F8

mem[X,0x0000000080000888] -> 0x1313
mem[X,0x000000008000088A] -> 0x00B3
[551] [M]: 0x0000000080000888 (0x00B31313) slli t1, t1, 0xb
x6 <- 0x0000003DFFC7C000

mem[X,0x000000008000088C] -> 0x0313
mem[X,0x000000008000088E] -> 0x7D03
[552] [M]: 0x000000008000088C (0x7D030313) addi t1, t1, 0x7d0
x6 <- 0x0000003DFFC7C7D0

mem[X,0x0000000080000890] -> 0x1313
mem[X,0x0000000080000892] -> 0x00B3
[553] [M]: 0x0000000080000890 (0x00B31313) slli t1, t1, 0xb
x6 <- 0x0001EFFE3E3E8000

mem[X,0x0000000080000894] -> 0x0313
mem[X,0x0000000080000896] -> 0x1883
[554] [M]: 0x0000000080000894 (0x18830313) addi t1, t1, 0x188
x6 <- 0x0001EFFE3E3E8188

mem[X,0x0000000080000898] -> 0x1313
mem[X,0x000000008000089A] -> 0x00A3
[555] [M]: 0x0000000080000898 (0x00A31313) slli t1, t1, 0xa
x6 <- 0x07BFF8F8FA062000

mem[X,0x000000008000089C] -> 0x0313
mem[X,0x000000008000089E] -> 0x0053
[556] [M]: 0x000000008000089C (0x00530313) addi t1, t1, 0x5
x6 <- 0x07BFF8F8FA062005

mem[X,0x00000000800008A0] -> 0x0237
mem[X,0x00000000800008A2] -> 0x5600
[557] [M]: 0x00000000800008A0 (0x56000237) lui tp, 0x56000
x4 <- 0x0000000056000000

mem[X,0x00000000800008A4] -> 0x0213
mem[X,0x00000000800008A6] -> 0xAC02
[558] [M]: 0x00000000800008A4 (0xAC020213) addi tp, tp, -0x540
x4 <- 0x0000000055FFFAC0

mem[X,0x00000000800008A8] -> 0x1213
mem[X,0x00000000800008AA] -> 0x00B2
[559] [M]: 0x00000000800008A8 (0x00B21213) slli tp, tp, 0xb
x4 <- 0x000002AFFFD60000

mem[X,0x00000000800008AC] -> 0x0213
mem[X,0x00000000800008AE] -> 0x4002
[560] [M]: 0x00000000800008AC (0x40020213) addi tp, tp, 0x400
x4 <- 0x000002AFFFD60400

mem[X,0x00000000800008B0] -> 0x1213
mem[X,0x00000000800008B2] -> 0x00B2
[561] [M]: 0x00000000800008B0 (0x00B21213) slli tp, tp, 0xb
x4 <- 0x00157FFEB0200000

mem[X,0x00000000800008B4] -> 0x0213
mem[X,0x00000000800008B6] -> 0x1012
[562] [M]: 0x00000000800008B4 (0x10120213) addi tp, tp, 0x101
x4 <- 0x00157FFEB0200101

mem[X,0x00000000800008B8] -> 0x1213
mem[X,0x00000000800008BA] -> 0x00A2
[563] [M]: 0x00000000800008B8 (0x00A21213) slli tp, tp, 0xa
x4 <- 0x55FFFAC080040400

mem[X,0x00000000800008BC] -> 0x0213
mem[X,0x00000000800008BE] -> 0x2022
[564] [M]: 0x00000000800008BC (0x20220213) addi tp, tp, 0x202
x4 <- 0x55FFFAC080040602

mem[X,0x00000000800008C0] -> 0x0C3B
mem[X,0x00000000800008C2] -> 0xDC43
[565] [M]: 0x00000000800008C0 (0xDC430C3B) pasub.b s8, t1, tp
x24 <- 0xD9E0FF1C3D010D01

mem[X,0x00000000800008C4] -> 0xB023
mem[X,0x00000000800008C6] -> 0x0580
[566] [M]: 0x00000000800008C4 (0x0580B023) sd s8, 0x40(ra)
mem[0x00000000800041D8] <- 0xD9E0FF1C3D010D01

mem[X,0x00000000800008C8] -> 0x0C37
mem[X,0x00000000800008CA] -> 0xF702
[567] [M]: 0x00000000800008C8 (0xF7020C37) lui s8, -0x8fe0
x24 <- 0xFFFFFFFFF7020000

mem[X,0x00000000800008CC] -> 0x0C13
mem[X,0x00000000800008CE] -> 0xEDFC
[568] [M]: 0x00000000800008CC (0xEDFC0C13) addi s8, s8, -0x121
x24 <- 0xFFFFFFFFF701FEDF

mem[X,0x00000000800008D0] -> 0x1C13
mem[X,0x00000000800008D2] -> 0x00BC
[569] [M]: 0x00000000800008D0 (0x00BC1C13) slli s8, s8, 0xb
x24 <- 0xFFFFFFB80FF6F800

mem[X,0x00000000800008D4] -> 0x0C13
mem[X,0x00000000800008D6] -> 0x7EFC
[570] [M]: 0x00000000800008D4 (0x7EFC0C13) addi s8, s8, 0x7ef
x24 <- 0xFFFFFFB80FF6FFEF

mem[X,0x00000000800008D8] -> 0x1C13
mem[X,0x00000000800008DA] -> 0x00BC
[571] [M]: 0x00000000800008D8 (0x00BC1C13) slli s8, s8, 0xb
x24 <- 0xFFFDC07FB7FF7800

mem[X,0x00000000800008DC] -> 0x0C13
mem[X,0x00000000800008DE] -> 0x590C
[572] [M]: 0x00000000800008DC (0x590C0C13) addi s8, s8, 0x590
x24 <- 0xFFFDC07FB7FF7D90

mem[X,0x00000000800008E0] -> 0x1C13
mem[X,0x00000000800008E2] -> 0x00AC
[573] [M]: 0x00000000800008E0 (0x00AC1C13) slli s8, s8, 0xa
x24 <- 0xF701FEDFFDF64000

mem[X,0x00000000800008E4] -> 0x0C13
mem[X,0x00000000800008E6] -> 0x0F9C
[574] [M]: 0x00000000800008E4 (0x0F9C0C13) addi s8, s8, 0xf9
x24 <- 0xF701FEDFFDF640F9

mem[X,0x00000000800008E8] -> 0x1F37
mem[X,0x00000000800008EA] -> 0xFC04
[575] [M]: 0x00000000800008E8 (0xFC041F37) lui t5, -0x3fbf
x30 <- 0xFFFFFFFFFC041000

mem[X,0x00000000800008EC] -> 0x0F13
mem[X,0x00000000800008EE] -> 0x801F
[576] [M]: 0x00000000800008EC (0x801F0F13) addi t5, t5, -0x7ff
x30 <- 0xFFFFFFFFFC040801

mem[X,0x00000000800008F0] -> 0x1F13
mem[X,0x00000000800008F2] -> 0x00BF
[577] [M]: 0x00000000800008F0 (0x00BF1F13) slli t5, t5, 0xb
x30 <- 0xFFFFFFE020400800

mem[X,0x00000000800008F4] -> 0x0F13
mem[X,0x00000000800008F6] -> 0x01FF
[578] [M]: 0x00000000800008F4 (0x01FF0F13) addi t5, t5, 0x1f
x30 <- 0xFFFFFFE02040081F

mem[X,0x00000000800008F8] -> 0x1F13
mem[X,0x00000000800008FA] -> 0x00BF
[579] [M]: 0x00000000800008F8 (0x00BF1F13) slli t5, t5, 0xb
x30 <- 0xFFFF01020040F800

mem[X,0x00000000800008FC] -> 0x0F13
mem[X,0x00000000800008FE] -> 0x6FEF
[580] [M]: 0x00000000800008FC (0x6FEF0F13) addi t5, t5, 0x6fe
x30 <- 0xFFFF01020040FEFE

mem[X,0x0000000080000900] -> 0x1F13
mem[X,0x0000000080000902] -> 0x00AF
[581] [M]: 0x0000000080000900 (0x00AF1F13) slli t5, t5, 0xa
x30 <- 0xFC04080103FBF800

mem[X,0x0000000080000904] -> 0x0F13
mem[X,0x0000000080000906] -> 0x108F
[582] [M]: 0x0000000080000904 (0x108F0F13) addi t5, t5, 0x108
x30 <- 0xFC04080103FBF908

mem[X,0x0000000080000908] -> 0x02BB
mem[X,0x000000008000090A] -> 0xDDEC
[583] [M]: 0x0000000080000908 (0xDDEC02BB) pasub.b t0, s8, t5
x5 <- 0xFDFEFBEFFDFD23F8

mem[X,0x000000008000090C] -> 0xB423
mem[X,0x000000008000090E] -> 0x0450
[584] [M]: 0x000000008000090C (0x0450B423) sd t0, 0x48(ra)
mem[0x00000000800041E0] <- 0xFDFEFBEFFDFD23F8

mem[X,0x0000000080000910] -> 0x0137
mem[X,0x0000000080000912] -> 0xFBFC
[585] [M]: 0x0000000080000910 (0xFBFC0137) lui sp, -0x4040
x2 <- 0xFFFFFFFFFBFC0000

mem[X,0x0000000080000914] -> 0x0113
mem[X,0x0000000080000916] -> 0x1551
[586] [M]: 0x0000000080000914 (0x15510113) addi sp, sp, 0x155
x2 <- 0xFFFFFFFFFBFC0155

mem[X,0x0000000080000918] -> 0x1113
mem[X,0x000000008000091A] -> 0x00B1
[587] [M]: 0x0000000080000918 (0x00B11113) slli sp, sp, 0xb
x2 <- 0xFFFFFFDFE00AA800

mem[X,0x000000008000091C] -> 0x0113
mem[X,0x000000008000091E] -> 0x4001
[588] [M]: 0x000000008000091C (0x40010113) addi sp, sp, 0x400
x2 <- 0xFFFFFFDFE00AAC00

mem[X,0x0000000080000920] -> 0x1113
mem[X,0x0000000080000922] -> 0x00B1
[589] [M]: 0x0000000080000920 (0x00B11113) slli sp, sp, 0xb
x2 <- 0xFFFEFF0055600000

mem[X,0x0000000080000924] -> 0x0113
mem[X,0x0000000080000926] -> 0x07F1
[590] [M]: 0x0000000080000924 (0x07F10113) addi sp, sp, 0x7f
x2 <- 0xFFFEFF005560007F

mem[X,0x0000000080000928] -> 0x1113
mem[X,0x000000008000092A] -> 0x00A1
[591] [M]: 0x0000000080000928 (0x00A11113) slli sp, sp, 0xa
x2 <- 0xFBFC01558001FC00

mem[X,0x000000008000092C] -> 0x0113
mem[X,0x000000008000092E] -> 0x2FD1
[592] [M]: 0x000000008000092C (0x2FD10113) addi sp, sp, 0x2fd
x2 <- 0xFBFC01558001FEFD

mem[X,0x0000000080000930] -> 0x0EB7
mem[X,0x0000000080000932] -> 0xBFEF
[593] [M]: 0x0000000080000930 (0xBFEF0EB7) lui t4, -0x40110
x29 <- 0xFFFFFFFFBFEF0000

mem[X,0x0000000080000934] -> 0x8E93
mem[X,0x0000000080000936] -> 0x410E
[594] [M]: 0x0000000080000934 (0x410E8E93) addi t4, t4, 0x410
x29 <- 0xFFFFFFFFBFEF0410

mem[X,0x0000000080000938] -> 0x9E93
mem[X,0x000000008000093A] -> 0x00BE
[595] [M]: 0x0000000080000938 (0x00BE9E93) slli t4, t4, 0xb
x29 <- 0xFFFFFDFF78208000

mem[X,0x000000008000093C] -> 0x8E93
mem[X,0x000000008000093E] -> 0x7B2E
[596] [M]: 0x000000008000093C (0x7B2E8E93) addi t4, t4, 0x7b2
x29 <- 0xFFFFFDFF782087B2

mem[X,0x0000000080000940] -> 0x9E93
mem[X,0x0000000080000942] -> 0x00BE
[597] [M]: 0x0000000080000940 (0x00BE9E93) slli t4, t4, 0xb
x29 <- 0xFFEFFBC1043D9000

mem[X,0x0000000080000944] -> 0x8E93
mem[X,0x0000000080000946] -> 0x015E
[598] [M]: 0x0000000080000944 (0x015E8E93) addi t4, t4, 0x15
x29 <- 0xFFEFFBC1043D9015

mem[X,0x0000000080000948] -> 0x9E93
mem[X,0x000000008000094A] -> 0x00AE
[599] [M]: 0x0000000080000948 (0x00AE9E93) slli t4, t4, 0xa
x29 <- 0xBFEF0410F6405400

clint::tick mtime <- 0x0000000000000006
 clint timer pending at mtime 0x0000000000000006
htif::tick 0x0000000000000000
mem[X,0x000000008000094C] -> 0x8E93
mem[X,0x000000008000094E] -> 0x140E
[600] [M]: 0x000000008000094C (0x140E8E93) addi t4, t4, 0x140
x29 <- 0xBFEF0410F6405540

mem[X,0x0000000080000950] -> 0x05BB
mem[X,0x0000000080000952] -> 0xDDD1
[601] [M]: 0x0000000080000950 (0xDDD105BB) pasub.b a1, sp, t4
x11 <- 0x1E06FE22C5E0D4DE

mem[X,0x0000000080000954] -> 0xB823
mem[X,0x0000000080000956] -> 0x04B0
[602] [M]: 0x0000000080000954 (0x04B0B823) sd a1, 0x50(ra)
mem[0x00000000800041E8] <- 0x1E06FE22C5E0D4DE

mem[X,0x0000000080000958] -> 0x8237
mem[X,0x000000008000095A] -> 0xF909
[603] [M]: 0x0000000080000958 (0xF9098237) lui tp, -0x6f68
x4 <- 0xFFFFFFFFF9098000

mem[X,0x000000008000095C] -> 0x0213
mem[X,0x000000008000095E] -> 0xFC02
[604] [M]: 0x000000008000095C (0xFC020213) addi tp, tp, -0x40
x4 <- 0xFFFFFFFFF9097FC0

mem[X,0x0000000080000960] -> 0x1213
mem[X,0x0000000080000962] -> 0x00B2
[605] [M]: 0x0000000080000960 (0x00B21213) slli tp, tp, 0xb
x4 <- 0xFFFFFFC84BFE0000

mem[X,0x0000000080000964] -> 0x0213
mem[X,0x0000000080000966] -> 0x7D12
[606] [M]: 0x0000000080000964 (0x7D120213) addi tp, tp, 0x7d1
x4 <- 0xFFFFFFC84BFE07D1

mem[X,0x0000000080000968] -> 0x1213
mem[X,0x000000008000096A] -> 0x00B2
[607] [M]: 0x0000000080000968 (0x00B21213) slli tp, tp, 0xb
x4 <- 0xFFFE425FF03E8800

mem[X,0x000000008000096C] -> 0x0213
mem[X,0x000000008000096E] -> 0x03F2
[608] [M]: 0x000000008000096C (0x03F20213) addi tp, tp, 0x3f
x4 <- 0xFFFE425FF03E883F

mem[X,0x0000000080000970] -> 0x1213
mem[X,0x0000000080000972] -> 0x00A2
[609] [M]: 0x0000000080000970 (0x00A21213) slli tp, tp, 0xa
x4 <- 0xF9097FC0FA20FC00

mem[X,0x0000000080000974] -> 0x0213
mem[X,0x0000000080000976] -> 0x1042
[610] [M]: 0x0000000080000974 (0x10420213) addi tp, tp, 0x104
x4 <- 0xF9097FC0FA20FD04

mem[X,0x0000000080000978] -> 0x8637
mem[X,0x000000008000097A] -> 0x20DF
[611] [M]: 0x0000000080000978 (0x20DF8637) lui a2, 0x20df8
x12 <- 0x0000000020DF8000

mem[X,0x000000008000097C] -> 0x0613
mem[X,0x000000008000097E] -> 0xFFB6
[612] [M]: 0x000000008000097C (0xFFB60613) addi a2, a2, -0x5
x12 <- 0x0000000020DF7FFB

mem[X,0x0000000080000980] -> 0x1613
mem[X,0x0000000080000982] -> 0x00B6
[613] [M]: 0x0000000080000980 (0x00B61613) slli a2, a2, 0xb
x12 <- 0x00000106FBFFD800

mem[X,0x0000000080000984] -> 0x0613
mem[X,0x0000000080000986] -> 0x7E06
[614] [M]: 0x0000000080000984 (0x7E060613) addi a2, a2, 0x7e0
x12 <- 0x00000106FBFFDFE0

mem[X,0x0000000080000988] -> 0x1613
mem[X,0x000000008000098A] -> 0x00B6
[615] [M]: 0x0000000080000988 (0x00B61613) slli a2, a2, 0xb
x12 <- 0x000837DFFEFF0000

mem[X,0x000000008000098C] -> 0x0613
mem[X,0x000000008000098E] -> 0x2416
[616] [M]: 0x000000008000098C (0x24160613) addi a2, a2, 0x241
x12 <- 0x000837DFFEFF0241

mem[X,0x0000000080000990] -> 0x1613
mem[X,0x0000000080000992] -> 0x00A6
[617] [M]: 0x0000000080000990 (0x00A61613) slli a2, a2, 0xa
x12 <- 0x20DF7FFBFC090400

mem[X,0x0000000080000994] -> 0x0613
mem[X,0x0000000080000996] -> 0x1DF6
[618] [M]: 0x0000000080000994 (0x1DF60613) addi a2, a2, 0x1df
x12 <- 0x20DF7FFBFC0905DF

mem[X,0x0000000080000998] -> 0x033B
mem[X,0x000000008000099A] -> 0xDCC2
[619] [M]: 0x0000000080000998 (0xDCC2033B) pasub.b t1, tp, a2
x6 <- 0xEC1500E2FF0BFC12

mem[X,0x000000008000099C] -> 0xBC23
mem[X,0x000000008000099E] -> 0x0460
[620] [M]: 0x000000008000099C (0x0460BC23) sd t1, 0x58(ra)
mem[0x00000000800041F0] <- 0xEC1500E2FF0BFC12

mem[X,0x00000000800009A0] -> 0x1BB7
mem[X,0x00000000800009A2] -> 0xFEFA
[621] [M]: 0x00000000800009A0 (0xFEFA1BB7) lui s7, -0x105f
x23 <- 0xFFFFFFFFFEFA1000

mem[X,0x00000000800009A4] -> 0x8B93
mem[X,0x00000000800009A6] -> 0x9F9B
[622] [M]: 0x00000000800009A4 (0x9F9B8B93) addi s7, s7, -0x607
x23 <- 0xFFFFFFFFFEFA09F9

mem[X,0x00000000800009A8] -> 0x9B93
mem[X,0x00000000800009AA] -> 0x00BB
[623] [M]: 0x00000000800009A8 (0x00BB9B93) slli s7, s7, 0xb
x23 <- 0xFFFFFFF7D04FC800

mem[X,0x00000000800009AC] -> 0x8B93
mem[X,0x00000000800009AE] -> 0x02EB
[624] [M]: 0x00000000800009AC (0x02EB8B93) addi s7, s7, 0x2e
x23 <- 0xFFFFFFF7D04FC82E

mem[X,0x00000000800009B0] -> 0x9B93
mem[X,0x00000000800009B2] -> 0x00BB
[625] [M]: 0x00000000800009B0 (0x00BB9B93) slli s7, s7, 0xb
x23 <- 0xFFFFBE827E417000

mem[X,0x00000000800009B4] -> 0x8B93
mem[X,0x00000000800009B6] -> 0x7FBB
[626] [M]: 0x00000000800009B4 (0x7FBB8B93) addi s7, s7, 0x7fb
x23 <- 0xFFFFBE827E4177FB

mem[X,0x00000000800009B8] -> 0x9B93
mem[X,0x00000000800009BA] -> 0x00AB
[627] [M]: 0x00000000800009B8 (0x00AB9B93) slli s7, s7, 0xa
x23 <- 0xFEFA09F905DFEC00

mem[X,0x00000000800009BC] -> 0x8B93
mem[X,0x00000000800009BE] -> 0x3C0B
[628] [M]: 0x00000000800009BC (0x3C0B8B93) addi s7, s7, 0x3c0
x23 <- 0xFEFA09F905DFEFC0

mem[X,0x00000000800009C0] -> 0x84B7
mem[X,0x00000000800009C2] -> 0xEF07
[629] [M]: 0x00000000800009C0 (0xEF0784B7) lui s1, -0x10f88
x9 <- 0xFFFFFFFFEF078000

mem[X,0x00000000800009C4] -> 0x8493
mem[X,0x00000000800009C6] -> 0x03F4
[630] [M]: 0x00000000800009C4 (0x03F48493) addi s1, s1, 0x3f
x9 <- 0xFFFFFFFFEF07803F

mem[X,0x00000000800009C8] -> 0x9493
mem[X,0x00000000800009CA] -> 0x00B4
[631] [M]: 0x00000000800009C8 (0x00B49493) slli s1, s1, 0xb
x9 <- 0xFFFFFF783C01F800

mem[X,0x00000000800009CC] -> 0x8493
mem[X,0x00000000800009CE] -> 0x7C14
[632] [M]: 0x00000000800009CC (0x7C148493) addi s1, s1, 0x7c1
x9 <- 0xFFFFFF783C01FFC1

mem[X,0x00000000800009D0] -> 0x9493
mem[X,0x00000000800009D2] -> 0x00B4
[633] [M]: 0x00000000800009D0 (0x00B49493) slli s1, s1, 0xb
x9 <- 0xFFFBC1E00FFE0800

mem[X,0x00000000800009D4] -> 0x8493
mem[X,0x00000000800009D6] -> 0x7FF4
[634] [M]: 0x00000000800009D4 (0x7FF48493) addi s1, s1, 0x7ff
x9 <- 0xFFFBC1E00FFE0FFF

mem[X,0x00000000800009D8] -> 0x9493
mem[X,0x00000000800009DA] -> 0x00A4
[635] [M]: 0x00000000800009D8 (0x00A49493) slli s1, s1, 0xa
x9 <- 0xEF07803FF83FFC00

mem[X,0x00000000800009DC] -> 0x8493
mem[X,0x00000000800009DE] -> 0x3FC4
[636] [M]: 0x00000000800009DC (0x3FC48493) addi s1, s1, 0x3fc
x9 <- 0xEF07803FF83FFFFC

mem[X,0x00000000800009E0] -> 0x8B3B
mem[X,0x00000000800009E2] -> 0xDC9B
[637] [M]: 0x00000000800009E0 (0xDC9B8B3B) pasub.b s6, s7, s1
x22 <- 0x07F944DD06D0F8E2

mem[X,0x00000000800009E4] -> 0xB023
mem[X,0x00000000800009E6] -> 0x0760
[638] [M]: 0x00000000800009E4 (0x0760B023) sd s6, 0x60(ra)
mem[0x00000000800041F8] <- 0x07F944DD06D0F8E2

mem[X,0x00000000800009E8] -> 0x13B7
mem[X,0x00000000800009EA] -> 0x10DF
[639] [M]: 0x00000000800009E8 (0x10DF13B7) lui t2, 0x10df1
x7 <- 0x0000000010DF1000

mem[X,0x00000000800009EC] -> 0x8393
mem[X,0x00000000800009EE] -> 0x9EF3
[640] [M]: 0x00000000800009EC (0x9EF38393) addi t2, t2, -0x611
x7 <- 0x0000000010DF09EF

mem[X,0x00000000800009F0] -> 0x9393
mem[X,0x00000000800009F2] -> 0x00B3
[641] [M]: 0x00000000800009F0 (0x00B39393) slli t2, t2, 0xb
x7 <- 0x00000086F84F7800

mem[X,0x00000000800009F4] -> 0x8393
mem[X,0x00000000800009F6] -> 0x7BF3
[642] [M]: 0x00000000800009F4 (0x7BF38393) addi t2, t2, 0x7bf
x7 <- 0x00000086F84F7FBF

mem[X,0x00000000800009F8] -> 0x9393
mem[X,0x00000000800009FA] -> 0x00B3
[643] [M]: 0x00000000800009F8 (0x00B39393) slli t2, t2, 0xb
x7 <- 0x000437C27BFDF800

mem[X,0x00000000800009FC] -> 0x8393
mem[X,0x00000000800009FE] -> 0x7373
[644] [M]: 0x00000000800009FC (0x73738393) addi t2, t2, 0x737
x7 <- 0x000437C27BFDFF37

mem[X,0x0000000080000A00] -> 0x9393
mem[X,0x0000000080000A02] -> 0x00A3
[645] [M]: 0x0000000080000A00 (0x00A39393) slli t2, t2, 0xa
x7 <- 0x10DF09EFF7FCDC00

mem[X,0x0000000080000A04] -> 0x8393
mem[X,0x0000000080000A06] -> 0x3FF3
[646] [M]: 0x0000000080000A04 (0x3FF38393) addi t2, t2, 0x3ff
x7 <- 0x10DF09EFF7FCDFFF

mem[X,0x0000000080000A08] -> 0x0CB7
mem[X,0x0000000080000A0A] -> 0x10FD
[647] [M]: 0x0000000080000A08 (0x10FD0CB7) lui s9, 0x10fd0
x25 <- 0x0000000010FD0000

mem[X,0x0000000080000A0C] -> 0x8C93
mem[X,0x0000000080000A0E] -> 0xBF9C
[648] [M]: 0x0000000080000A0C (0xBF9C8C93) addi s9, s9, -0x407
x25 <- 0x0000000010FCFBF9

mem[X,0x0000000080000A10] -> 0x9C93
mem[X,0x0000000080000A12] -> 0x00BC
[649] [M]: 0x0000000080000A10 (0x00BC9C93) slli s9, s9, 0xb
x25 <- 0x00000087E7DFC800

mem[X,0x0000000080000A14] -> 0x8C93
mem[X,0x0000000080000A16] -> 0x7B9C
[650] [M]: 0x0000000080000A14 (0x7B9C8C93) addi s9, s9, 0x7b9
x25 <- 0x00000087E7DFCFB9

mem[X,0x0000000080000A18] -> 0x9C93
mem[X,0x0000000080000A1A] -> 0x00BC
[651] [M]: 0x0000000080000A18 (0x00BC9C93) slli s9, s9, 0xb
x25 <- 0x00043F3EFE7DC800

mem[X,0x0000000080000A1C] -> 0x8C93
mem[X,0x0000000080000A1E] -> 0x02FC
[652] [M]: 0x0000000080000A1C (0x02FC8C93) addi s9, s9, 0x2f
x25 <- 0x00043F3EFE7DC82F

mem[X,0x0000000080000A20] -> 0x9C93
mem[X,0x0000000080000A22] -> 0x00AC
[653] [M]: 0x0000000080000A20 (0x00AC9C93) slli s9, s9, 0xa
x25 <- 0x10FCFBF9F720BC00

mem[X,0x0000000080000A24] -> 0x8C93
mem[X,0x0000000080000A26] -> 0x300C
[654] [M]: 0x0000000080000A24 (0x300C8C93) addi s9, s9, 0x300
x25 <- 0x10FCFBF9F720BF00

mem[X,0x0000000080000A28] -> 0x873B
mem[X,0x0000000080000A2A] -> 0xDD93
[655] [M]: 0x0000000080000A28 (0xDD93873B) pasub.b a4, t2, s9
x14 <- 0x00F107FB00EE10FF

mem[X,0x0000000080000A2C] -> 0xB423
mem[X,0x0000000080000A2E] -> 0x06E0
[656] [M]: 0x0000000080000A2C (0x06E0B423) sd a4, 0x68(ra)
mem[0x0000000080004200] <- 0x00F107FB00EE10FF

mem[X,0x0000000080000A30] -> 0x4A37
mem[X,0x0000000080000A32] -> 0xF802
[657] [M]: 0x0000000080000A30 (0xF8024A37) lui s4, -0x7fdc
x20 <- 0xFFFFFFFFF8024000

mem[X,0x0000000080000A34] -> 0x0A13
mem[X,0x0000000080000A36] -> 0x0F8A
[658] [M]: 0x0000000080000A34 (0x0F8A0A13) addi s4, s4, 0xf8
x20 <- 0xFFFFFFFFF80240F8

mem[X,0x0000000080000A38] -> 0x1A13
mem[X,0x0000000080000A3A] -> 0x00BA
[659] [M]: 0x0000000080000A38 (0x00BA1A13) slli s4, s4, 0xb
x20 <- 0xFFFFFFC01207C000

mem[X,0x0000000080000A3C] -> 0x0A13
mem[X,0x0000000080000A3E] -> 0x200A
[660] [M]: 0x0000000080000A3C (0x200A0A13) addi s4, s4, 0x200
x20 <- 0xFFFFFFC01207C200

mem[X,0x0000000080000A40] -> 0x1A13
mem[X,0x0000000080000A42] -> 0x00BA
[661] [M]: 0x0000000080000A40 (0x00BA1A13) slli s4, s4, 0xb
x20 <- 0xFFFE00903E100000

mem[X,0x0000000080000A44] -> 0x0A13
mem[X,0x0000000080000A46] -> 0x0F7A
[662] [M]: 0x0000000080000A44 (0x0F7A0A13) addi s4, s4, 0xf7
x20 <- 0xFFFE00903E1000F7

mem[X,0x0000000080000A48] -> 0x1A13
mem[X,0x0000000080000A4A] -> 0x00AA
[663] [M]: 0x0000000080000A48 (0x00AA1A13) slli s4, s4, 0xa
x20 <- 0xF80240F84003DC00

mem[X,0x0000000080000A4C] -> 0x0A13
mem[X,0x0000000080000A4E] -> 0x3BFA
[664] [M]: 0x0000000080000A4C (0x3BFA0A13) addi s4, s4, 0x3bf
x20 <- 0xF80240F84003DFBF

mem[X,0x0000000080000A50] -> 0xFAB7
mem[X,0x0000000080000A52] -> 0x107F
[665] [M]: 0x0000000080000A50 (0x107FFAB7) lui s5, 0x107ff
x21 <- 0x00000000107FF000

mem[X,0x0000000080000A54] -> 0x8A93
mem[X,0x0000000080000A56] -> 0xFBFA
[666] [M]: 0x0000000080000A54 (0xFBFA8A93) addi s5, s5, -0x41
x21 <- 0x00000000107FEFBF

mem[X,0x0000000080000A58] -> 0x9A93
mem[X,0x0000000080000A5A] -> 0x00BA
[667] [M]: 0x0000000080000A58 (0x00BA9A93) slli s5, s5, 0xb
x21 <- 0x00000083FF7DF800

mem[X,0x0000000080000A5C] -> 0x8A93
mem[X,0x0000000080000A5E] -> 0x7F1A
[668] [M]: 0x0000000080000A5C (0x7F1A8A93) addi s5, s5, 0x7f1
x21 <- 0x00000083FF7DFFF1

mem[X,0x0000000080000A60] -> 0x9A93
mem[X,0x0000000080000A62] -> 0x00BA
[669] [M]: 0x0000000080000A60 (0x00BA9A93) slli s5, s5, 0xb
x21 <- 0x00041FFBEFFF8800

mem[X,0x0000000080000A64] -> 0x8A93
mem[X,0x0000000080000A66] -> 0x7FFA
[670] [M]: 0x0000000080000A64 (0x7FFA8A93) addi s5, s5, 0x7ff
x21 <- 0x00041FFBEFFF8FFF

mem[X,0x0000000080000A68] -> 0x9A93
mem[X,0x0000000080000A6A] -> 0x00AA
[671] [M]: 0x0000000080000A68 (0x00AA9A93) slli s5, s5, 0xa
x21 <- 0x107FEFBFFE3FFC00

mem[X,0x0000000080000A6C] -> 0x8A93
mem[X,0x0000000080000A6E] -> 0x1DFA
[672] [M]: 0x0000000080000A6C (0x1DFA8A93) addi s5, s5, 0x1df
x21 <- 0x107FEFBFFE3FFDDF

mem[X,0x0000000080000A70] -> 0x0BBB
mem[X,0x0000000080000A72] -> 0xDD5A
[673] [M]: 0x0000000080000A70 (0xDD5A0BBB) pasub.b s7, s4, s5
x23 <- 0xF4C1281C21E2F1F0

mem[X,0x0000000080000A74] -> 0xB823
mem[X,0x0000000080000A76] -> 0x0770
[674] [M]: 0x0000000080000A74 (0x0770B823) sd s7, 0x70(ra)
mem[0x0000000080004208] <- 0xF4C1281C21E2F1F0

mem[X,0x0000000080000A78] -> 0x0F37
mem[X,0x0000000080000A7A] -> 0xF8EF
[675] [M]: 0x0000000080000A78 (0xF8EF0F37) lui t5, -0x7110
x30 <- 0xFFFFFFFFF8EF0000

mem[X,0x0000000080000A7C] -> 0x0F13
mem[X,0x0000000080000A7E] -> 0x303F
[676] [M]: 0x0000000080000A7C (0x303F0F13) addi t5, t5, 0x303
x30 <- 0xFFFFFFFFF8EF0303

mem[X,0x0000000080000A80] -> 0x1F13
mem[X,0x0000000080000A82] -> 0x00BF
[677] [M]: 0x0000000080000A80 (0x00BF1F13) slli t5, t5, 0xb
x30 <- 0xFFFFFFC778181800

mem[X,0x0000000080000A84] -> 0x0F13
mem[X,0x0000000080000A86] -> 0x1F9F
[678] [M]: 0x0000000080000A84 (0x1F9F0F13) addi t5, t5, 0x1f9
x30 <- 0xFFFFFFC7781819F9

mem[X,0x0000000080000A88] -> 0x1F13
mem[X,0x0000000080000A8A] -> 0x00BF
[679] [M]: 0x0000000080000A88 (0x00BF1F13) slli t5, t5, 0xb
x30 <- 0xFFFE3BC0C0CFC800

mem[X,0x0000000080000A8C] -> 0x0F13
mem[X,0x0000000080000A8E] -> 0x004F
[680] [M]: 0x0000000080000A8C (0x004F0F13) addi t5, t5, 0x4
x30 <- 0xFFFE3BC0C0CFC804

mem[X,0x0000000080000A90] -> 0x1F13
mem[X,0x0000000080000A92] -> 0x00AF
[681] [M]: 0x0000000080000A90 (0x00AF1F13) slli t5, t5, 0xa
x30 <- 0xF8EF03033F201000

mem[X,0x0000000080000A94] -> 0x0F13
mem[X,0x0000000080000A96] -> 0x010F
[682] [M]: 0x0000000080000A94 (0x010F0F13) addi t5, t5, 0x10
x30 <- 0xF8EF03033F201010

mem[X,0x0000000080000A98] -> 0x0BB7
mem[X,0x0000000080000A9A] -> 0xFFFE
[683] [M]: 0x0000000080000A98 (0xFFFE0BB7) lui s7, -0x20
x23 <- 0xFFFFFFFFFFFE0000

mem[X,0x0000000080000A9C] -> 0x8B93
mem[X,0x0000000080000A9E] -> 0x255B
[684] [M]: 0x0000000080000A9C (0x255B8B93) addi s7, s7, 0x255
x23 <- 0xFFFFFFFFFFFE0255

mem[X,0x0000000080000AA0] -> 0x9B93
mem[X,0x0000000080000AA2] -> 0x00BB
[685] [M]: 0x0000000080000AA0 (0x00BB9B93) slli s7, s7, 0xb
x23 <- 0xFFFFFFFFF012A800

mem[X,0x0000000080000AA4] -> 0x8B93
mem[X,0x0000000080000AA6] -> 0x010B
[686] [M]: 0x0000000080000AA4 (0x010B8B93) addi s7, s7, 0x10
x23 <- 0xFFFFFFFFF012A810

mem[X,0x0000000080000AA8] -> 0x9B93
mem[X,0x0000000080000AAA] -> 0x00BB
[687] [M]: 0x0000000080000AA8 (0x00BB9B93) slli s7, s7, 0xb
x23 <- 0xFFFFFF8095408000

mem[X,0x0000000080000AAC] -> 0x8B93
mem[X,0x0000000080000AAE] -> 0x188B
[688] [M]: 0x0000000080000AAC (0x188B8B93) addi s7, s7, 0x188
x23 <- 0xFFFFFF8095408188

mem[X,0x0000000080000AB0] -> 0x9B93
mem[X,0x0000000080000AB2] -> 0x00AB
[689] [M]: 0x0000000080000AB0 (0x00AB9B93) slli s7, s7, 0xa
x23 <- 0xFFFE025502062000

mem[X,0x0000000080000AB4] -> 0x08BB
mem[X,0x0000000080000AB6] -> 0xDD7F
[690] [M]: 0x0000000080000AB4 (0xDD7F08BB) pasub.b a7, t5, s7
x17 <- 0xFCF800D71E0DF808

mem[X,0x0000000080000AB8] -> 0xBC23
mem[X,0x0000000080000ABA] -> 0x0710
[691] [M]: 0x0000000080000AB8 (0x0710BC23) sd a7, 0x78(ra)
mem[0x0000000080004210] <- 0xFCF800D71E0DF808

mem[X,0x0000000080000ABC] -> 0xBF37
mem[X,0x0000000080000ABE] -> 0x0210
[692] [M]: 0x0000000080000ABC (0x0210BF37) lui t5, 0x210b
x30 <- 0x000000000210B000

mem[X,0x0000000080000AC0] -> 0x0F13
mem[X,0x0000000080000AC2] -> 0xADFF
[693] [M]: 0x0000000080000AC0 (0xADFF0F13) addi t5, t5, -0x521
x30 <- 0x000000000210AADF

mem[X,0x0000000080000AC4] -> 0x1F13
mem[X,0x0000000080000AC6] -> 0x00BF
[694] [M]: 0x0000000080000AC4 (0x00BF1F13) slli t5, t5, 0xb
x30 <- 0x000000108556F800

mem[X,0x0000000080000AC8] -> 0x0F13
mem[X,0x0000000080000ACA] -> 0x7FFF
[695] [M]: 0x0000000080000AC8 (0x7FFF0F13) addi t5, t5, 0x7ff
x30 <- 0x000000108556FFFF

mem[X,0x0000000080000ACC] -> 0x1F13
mem[X,0x0000000080000ACE] -> 0x00BF
[696] [M]: 0x0000000080000ACC (0x00BF1F13) slli t5, t5, 0xb
x30 <- 0x0000842AB7FFF800

mem[X,0x0000000080000AD0] -> 0x0F13
mem[X,0x0000000080000AD2] -> 0x6BDF
[697] [M]: 0x0000000080000AD0 (0x6BDF0F13) addi t5, t5, 0x6bd
x30 <- 0x0000842AB7FFFEBD

mem[X,0x0000000080000AD4] -> 0x1F13
mem[X,0x0000000080000AD6] -> 0x00AF
[698] [M]: 0x0000000080000AD4 (0x00AF1F13) slli t5, t5, 0xa
x30 <- 0x0210AADFFFFAF400

mem[X,0x0000000080000AD8] -> 0x0F13
mem[X,0x0000000080000ADA] -> 0x308F
[699] [M]: 0x0000000080000AD8 (0x308F0F13) addi t5, t5, 0x308
x30 <- 0x0210AADFFFFAF708

clint::tick mtime <- 0x0000000000000007
 clint timer pending at mtime 0x0000000000000007
htif::tick 0x0000000000000000
mem[X,0x0000000080000ADC] -> 0x0EB7
mem[X,0x0000000080000ADE] -> 0xF807
[700] [M]: 0x0000000080000ADC (0xF8070EB7) lui t4, -0x7f90
x29 <- 0xFFFFFFFFF8070000

mem[X,0x0000000080000AE0] -> 0x8E93
mem[X,0x0000000080000AE2] -> 0xF01E
[701] [M]: 0x0000000080000AE0 (0xF01E8E93) addi t4, t4, -0xff
x29 <- 0xFFFFFFFFF806FF01

mem[X,0x0000000080000AE4] -> 0x9E93
mem[X,0x0000000080000AE6] -> 0x00BE
[702] [M]: 0x0000000080000AE4 (0x00BE9E93) slli t4, t4, 0xb
x29 <- 0xFFFFFFC037F80800

mem[X,0x0000000080000AE8] -> 0x8E93
mem[X,0x0000000080000AEA] -> 0x047E
[703] [M]: 0x0000000080000AE8 (0x047E8E93) addi t4, t4, 0x47
x29 <- 0xFFFFFFC037F80847

mem[X,0x0000000080000AEC] -> 0x9E93
mem[X,0x0000000080000AEE] -> 0x00BE
[704] [M]: 0x0000000080000AEC (0x00BE9E93) slli t4, t4, 0xb
x29 <- 0xFFFE01BFC0423800

mem[X,0x0000000080000AF0] -> 0x8E93
mem[X,0x0000000080000AF2] -> 0x5BDE
[705] [M]: 0x0000000080000AF0 (0x5BDE8E93) addi t4, t4, 0x5bd
x29 <- 0xFFFE01BFC0423DBD

mem[X,0x0000000080000AF4] -> 0x9E93
mem[X,0x0000000080000AF6] -> 0x00AE
[706] [M]: 0x0000000080000AF4 (0x00AE9E93) slli t4, t4, 0xa
x29 <- 0xF806FF0108F6F400

mem[X,0x0000000080000AF8] -> 0x8E93
mem[X,0x0000000080000AFA] -> 0x205E
[707] [M]: 0x0000000080000AF8 (0x205E8E93) addi t4, t4, 0x205
x29 <- 0xF806FF0108F6F605

mem[X,0x0000000080000AFC] -> 0x0FBB
mem[X,0x0000000080000AFE] -> 0xDDDF
[708] [M]: 0x0000000080000AFC (0xDDDF0FBB) pasub.b t6, t5, t4
x31 <- 0x0505D5EFFB020001

mem[X,0x0000000080000B00] -> 0xB023
mem[X,0x0000000080000B02] -> 0x09F0
[709] [M]: 0x0000000080000B00 (0x09F0B023) sd t6, 0x80(ra)
mem[0x0000000080004218] <- 0x0505D5EFFB020001

mem[X,0x0000000080000B04] -> 0xFF37
mem[X,0x0000000080000B06] -> 0x20BF
[710] [M]: 0x0000000080000B04 (0x20BFFF37) lui t5, 0x20bff
x30 <- 0x0000000020BFF000

mem[X,0x0000000080000B08] -> 0x0F13
mem[X,0x0000000080000B0A] -> 0xF00F
[711] [M]: 0x0000000080000B08 (0xF00F0F13) addi t5, t5, -0x100
x30 <- 0x0000000020BFEF00

mem[X,0x0000000080000B0C] -> 0x1F13
mem[X,0x0000000080000B0E] -> 0x00BF
[712] [M]: 0x0000000080000B0C (0x00BF1F13) slli t5, t5, 0xb
x30 <- 0x00000105FF780000

mem[X,0x0000000080000B10] -> 0x0F13
mem[X,0x0000000080000B12] -> 0x105F
[713] [M]: 0x0000000080000B10 (0x105F0F13) addi t5, t5, 0x105
x30 <- 0x00000105FF780105

mem[X,0x0000000080000B14] -> 0x1F13
mem[X,0x0000000080000B16] -> 0x00BF
[714] [M]: 0x0000000080000B14 (0x00BF1F13) slli t5, t5, 0xb
x30 <- 0x00082FFBC0082800

mem[X,0x0000000080000B18] -> 0x0F13
mem[X,0x0000000080000B1A] -> 0x29FF
[715] [M]: 0x0000000080000B18 (0x29FF0F13) addi t5, t5, 0x29f
x30 <- 0x00082FFBC0082A9F

mem[X,0x0000000080000B1C] -> 0x1F13
mem[X,0x0000000080000B1E] -> 0x00AF
[716] [M]: 0x0000000080000B1C (0x00AF1F13) slli t5, t5, 0xa
x30 <- 0x20BFEF0020AA7C00

mem[X,0x0000000080000B20] -> 0x0F13
mem[X,0x0000000080000B22] -> 0x3FDF
[717] [M]: 0x0000000080000B20 (0x3FDF0F13) addi t5, t5, 0x3fd
x30 <- 0x20BFEF0020AA7FFD

mem[X,0x0000000080000B24] -> 0x1EB7
mem[X,0x0000000080000B26] -> 0xDF20
[718] [M]: 0x0000000080000B24 (0xDF201EB7) lui t4, -0x20dff
x29 <- 0xFFFFFFFFDF201000

mem[X,0x0000000080000B28] -> 0x8E93
mem[X,0x0000000080000B2A] -> 0x0AAE
[719] [M]: 0x0000000080000B28 (0x0AAE8E93) addi t4, t4, 0xaa
x29 <- 0xFFFFFFFFDF2010AA

mem[X,0x0000000080000B2C] -> 0x9E93
mem[X,0x0000000080000B2E] -> 0x00BE
[720] [M]: 0x0000000080000B2C (0x00BE9E93) slli t4, t4, 0xb
x29 <- 0xFFFFFEF900855000

mem[X,0x0000000080000B30] -> 0x8E93
mem[X,0x0000000080000B32] -> 0x7F8E
[721] [M]: 0x0000000080000B30 (0x7F8E8E93) addi t4, t4, 0x7f8
x29 <- 0xFFFFFEF9008557F8

mem[X,0x0000000080000B34] -> 0x9E93
mem[X,0x0000000080000B36] -> 0x00BE
[722] [M]: 0x0000000080000B34 (0x00BE9E93) slli t4, t4, 0xb
x29 <- 0xFFF7C8042ABFC000

mem[X,0x0000000080000B38] -> 0x8E93
mem[X,0x0000000080000B3A] -> 0x17EE
[723] [M]: 0x0000000080000B38 (0x17EE8E93) addi t4, t4, 0x17e
x29 <- 0xFFF7C8042ABFC17E

mem[X,0x0000000080000B3C] -> 0x9E93
mem[X,0x0000000080000B3E] -> 0x00AE
[724] [M]: 0x0000000080000B3C (0x00AE9E93) slli t4, t4, 0xa
x29 <- 0xDF2010AAFF05F800

mem[X,0x0000000080000B40] -> 0x8E93
mem[X,0x0000000080000B42] -> 0x100E
[725] [M]: 0x0000000080000B40 (0x100E8E93) addi t4, t4, 0x100
x29 <- 0xDF2010AAFF05F900

mem[X,0x0000000080000B44] -> 0x0FBB
mem[X,0x0000000080000B46] -> 0xDDDF
[726] [M]: 0x0000000080000B44 (0xDDDF0FBB) pasub.b t6, t5, t4
x31 <- 0x20CFEF2B10D243FE

mem[X,0x0000000080000B48] -> 0xB423
mem[X,0x0000000080000B4A] -> 0x09F0
[727] [M]: 0x0000000080000B48 (0x09F0B423) sd t6, 0x88(ra)
mem[0x0000000080004220] <- 0x20CFEF2B10D243FE

mem[X,0x0000000080000B4C] -> 0x0F37
mem[X,0x0000000080000B4E] -> 0x06F9
[728] [M]: 0x0000000080000B4C (0x06F90F37) lui t5, 0x6f90
x30 <- 0x0000000006F90000

mem[X,0x0000000080000B50] -> 0x0F13
mem[X,0x0000000080000B52] -> 0x0DFF
[729] [M]: 0x0000000080000B50 (0x0DFF0F13) addi t5, t5, 0xdf
x30 <- 0x0000000006F900DF

mem[X,0x0000000080000B54] -> 0x1F13
mem[X,0x0000000080000B56] -> 0x00BF
[730] [M]: 0x0000000080000B54 (0x00BF1F13) slli t5, t5, 0xb
x30 <- 0x00000037C806F800

mem[X,0x0000000080000B58] -> 0x0F13
mem[X,0x0000000080000B5A] -> 0x019F
[731] [M]: 0x0000000080000B58 (0x019F0F13) addi t5, t5, 0x19
x30 <- 0x00000037C806F819

mem[X,0x0000000080000B5C] -> 0x1F13
mem[X,0x0000000080000B5E] -> 0x00BF
[732] [M]: 0x0000000080000B5C (0x00BF1F13) slli t5, t5, 0xb
x30 <- 0x0001BE4037C0C800

mem[X,0x0000000080000B60] -> 0x0F13
mem[X,0x0000000080000B62] -> 0x7FEF
[733] [M]: 0x0000000080000B60 (0x7FEF0F13) addi t5, t5, 0x7fe
x30 <- 0x0001BE4037C0CFFE

mem[X,0x0000000080000B64] -> 0x1F13
mem[X,0x0000000080000B66] -> 0x00AF
[734] [M]: 0x0000000080000B64 (0x00AF1F13) slli t5, t5, 0xa
x30 <- 0x06F900DF033FF800

mem[X,0x0000000080000B68] -> 0x0F13
mem[X,0x0000000080000B6A] -> 0x220F
[735] [M]: 0x0000000080000B68 (0x220F0F13) addi t5, t5, 0x220
x30 <- 0x06F900DF033FFA20

mem[X,0x0000000080000B6C] -> 0x2EB7
mem[X,0x0000000080000B6E] -> 0x7F03
[736] [M]: 0x0000000080000B6C (0x7F032EB7) lui t4, 0x7f032
x29 <- 0x000000007F032000

mem[X,0x0000000080000B70] -> 0x8E93
mem[X,0x0000000080000B72] -> 0x003E
[737] [M]: 0x0000000080000B70 (0x003E8E93) addi t4, t4, 0x3
x29 <- 0x000000007F032003

mem[X,0x0000000080000B74] -> 0x9E93
mem[X,0x0000000080000B76] -> 0x00BE
[738] [M]: 0x0000000080000B74 (0x00BE9E93) slli t4, t4, 0xb
x29 <- 0x000003F819001800

mem[X,0x0000000080000B78] -> 0x8E93
mem[X,0x0000000080000B7A] -> 0x7EFE
[739] [M]: 0x0000000080000B78 (0x7EFE8E93) addi t4, t4, 0x7ef
x29 <- 0x000003F819001FEF

mem[X,0x0000000080000B7C] -> 0x9E93
mem[X,0x0000000080000B7E] -> 0x00BE
[740] [M]: 0x0000000080000B7C (0x00BE9E93) slli t4, t4, 0xb
x29 <- 0x001FC0C800FF7800

mem[X,0x0000000080000B80] -> 0x8E93
mem[X,0x0000000080000B82] -> 0x7FDE
[741] [M]: 0x0000000080000B80 (0x7FDE8E93) addi t4, t4, 0x7fd
x29 <- 0x001FC0C800FF7FFD

mem[X,0x0000000080000B84] -> 0x9E93
mem[X,0x0000000080000B86] -> 0x00AE
[742] [M]: 0x0000000080000B84 (0x00AE9E93) slli t4, t4, 0xa
x29 <- 0x7F032003FDFFF400

mem[X,0x0000000080000B88] -> 0x8E93
mem[X,0x0000000080000B8A] -> 0x2BFE
[743] [M]: 0x0000000080000B88 (0x2BFE8E93) addi t4, t4, 0x2bf
x29 <- 0x7F032003FDFFF6BF

mem[X,0x0000000080000B8C] -> 0x0FBB
mem[X,0x0000000080000B8E] -> 0xDDDF
[744] [M]: 0x0000000080000B8C (0xDDDF0FBB) pasub.b t6, t5, t4
x31 <- 0xC3FBF0EE03200230

mem[X,0x0000000080000B90] -> 0xB823
mem[X,0x0000000080000B92] -> 0x09F0
[745] [M]: 0x0000000080000B90 (0x09F0B823) sd t6, 0x90(ra)
mem[0x0000000080004228] <- 0xC3FBF0EE03200230

mem[X,0x0000000080000B94] -> 0x0F37
mem[X,0x0000000080000B96] -> 0x04F7
[746] [M]: 0x0000000080000B94 (0x04F70F37) lui t5, 0x4f70
x30 <- 0x0000000004F70000

mem[X,0x0000000080000B98] -> 0x0F13
mem[X,0x0000000080000B9A] -> 0x6FAF
[747] [M]: 0x0000000080000B98 (0x6FAF0F13) addi t5, t5, 0x6fa
x30 <- 0x0000000004F706FA

mem[X,0x0000000080000B9C] -> 0x1F13
mem[X,0x0000000080000B9E] -> 0x00BF
[748] [M]: 0x0000000080000B9C (0x00BF1F13) slli t5, t5, 0xb
x30 <- 0x00000027B837D000

mem[X,0x0000000080000BA0] -> 0x0F13
mem[X,0x0000000080000BA2] -> 0x038F
[749] [M]: 0x0000000080000BA0 (0x038F0F13) addi t5, t5, 0x38
x30 <- 0x00000027B837D038

mem[X,0x0000000080000BA4] -> 0x1F13
mem[X,0x0000000080000BA6] -> 0x00BF
[750] [M]: 0x0000000080000BA4 (0x00BF1F13) slli t5, t5, 0xb
x30 <- 0x00013DC1BE81C000

mem[X,0x0000000080000BA8] -> 0x0F13
mem[X,0x0000000080000BAA] -> 0x13DF
[751] [M]: 0x0000000080000BA8 (0x13DF0F13) addi t5, t5, 0x13d
x30 <- 0x00013DC1BE81C13D

mem[X,0x0000000080000BAC] -> 0x1F13
mem[X,0x0000000080000BAE] -> 0x00AF
[752] [M]: 0x0000000080000BAC (0x00AF1F13) slli t5, t5, 0xa
x30 <- 0x04F706FA0704F400

mem[X,0x0000000080000BB0] -> 0x0F13
mem[X,0x0000000080000BB2] -> 0x2DFF
[753] [M]: 0x0000000080000BB0 (0x2DFF0F13) addi t5, t5, 0x2df
x30 <- 0x04F706FA0704F6DF

mem[X,0x0000000080000BB4] -> 0x0EB7
mem[X,0x0000000080000BB6] -> 0x0505
[754] [M]: 0x0000000080000BB4 (0x05050EB7) lui t4, 0x5050
x29 <- 0x0000000005050000

mem[X,0x0000000080000BB8] -> 0x8E93
mem[X,0x0000000080000BBA] -> 0xE3FE
[755] [M]: 0x0000000080000BB8 (0xE3FE8E93) addi t4, t4, -0x1c1
x29 <- 0x000000000504FE3F

mem[X,0x0000000080000BBC] -> 0x9E93
mem[X,0x0000000080000BBE] -> 0x00BE
[756] [M]: 0x0000000080000BBC (0x00BE9E93) slli t4, t4, 0xb
x29 <- 0x0000002827F1F800

mem[X,0x0000000080000BC0] -> 0x8E93
mem[X,0x0000000080000BC2] -> 0x601E
[757] [M]: 0x0000000080000BC0 (0x601E8E93) addi t4, t4, 0x601
x29 <- 0x0000002827F1FE01

mem[X,0x0000000080000BC4] -> 0x9E93
mem[X,0x0000000080000BC6] -> 0x00BE
[758] [M]: 0x0000000080000BC4 (0x00BE9E93) slli t4, t4, 0xb
x29 <- 0x0001413F8FF00800

mem[X,0x0000000080000BC8] -> 0x8E93
mem[X,0x0000000080000BCA] -> 0x03BE
[759] [M]: 0x0000000080000BC8 (0x03BE8E93) addi t4, t4, 0x3b
x29 <- 0x0001413F8FF0083B

mem[X,0x0000000080000BCC] -> 0x9E93
mem[X,0x0000000080000BCE] -> 0x00AE
[760] [M]: 0x0000000080000BCC (0x00AE9E93) slli t4, t4, 0xa
x29 <- 0x0504FE3FC020EC00

mem[X,0x0000000080000BD0] -> 0x8E93
mem[X,0x0000000080000BD2] -> 0x3FBE
[761] [M]: 0x0000000080000BD0 (0x3FBE8E93) addi t4, t4, 0x3fb
x29 <- 0x0504FE3FC020EFFB

mem[X,0x0000000080000BD4] -> 0x0FBB
mem[X,0x0000000080000BD6] -> 0xDDDF
[762] [M]: 0x0000000080000BD4 (0xDDDF0FBB) pasub.b t6, t5, t4
x31 <- 0xFFF904DD23F203F2

mem[X,0x0000000080000BD8] -> 0xBC23
mem[X,0x0000000080000BDA] -> 0x09F0
[763] [M]: 0x0000000080000BD8 (0x09F0BC23) sd t6, 0x98(ra)
mem[0x0000000080004230] <- 0xFFF904DD23F203F2

mem[X,0x0000000080000BDC] -> 0x4F37
mem[X,0x0000000080000BDE] -> 0xFDFE
[764] [M]: 0x0000000080000BDC (0xFDFE4F37) lui t5, -0x201c
x30 <- 0xFFFFFFFFFDFE4000

mem[X,0x0000000080000BE0] -> 0x0F13
mem[X,0x0000000080000BE2] -> 0xFDFF
[765] [M]: 0x0000000080000BE0 (0xFDFF0F13) addi t5, t5, -0x21
x30 <- 0xFFFFFFFFFDFE3FDF

mem[X,0x0000000080000BE4] -> 0x1F13
mem[X,0x0000000080000BE6] -> 0x00BF
[766] [M]: 0x0000000080000BE4 (0x00BF1F13) slli t5, t5, 0xb
x30 <- 0xFFFFFFEFF1FEF800

mem[X,0x0000000080000BE8] -> 0x0F13
mem[X,0x0000000080000BEA] -> 0x085F
[767] [M]: 0x0000000080000BE8 (0x085F0F13) addi t5, t5, 0x85
x30 <- 0xFFFFFFEFF1FEF885

mem[X,0x0000000080000BEC] -> 0x1F13
mem[X,0x0000000080000BEE] -> 0x00BF
[768] [M]: 0x0000000080000BEC (0x00BF1F13) slli t5, t5, 0xb
x30 <- 0xFFFF7F8FF7C42800

mem[X,0x0000000080000BF0] -> 0x0F13
mem[X,0x0000000080000BF2] -> 0x2BFF
[769] [M]: 0x0000000080000BF0 (0x2BFF0F13) addi t5, t5, 0x2bf
x30 <- 0xFFFF7F8FF7C42ABF

mem[X,0x0000000080000BF4] -> 0x1F13
mem[X,0x0000000080000BF6] -> 0x00AF
[770] [M]: 0x0000000080000BF4 (0x00AF1F13) slli t5, t5, 0xa
x30 <- 0xFDFE3FDF10AAFC00

mem[X,0x0000000080000BF8] -> 0x0F13
mem[X,0x0000000080000BFA] -> 0x300F
[771] [M]: 0x0000000080000BF8 (0x300F0F13) addi t5, t5, 0x300
x30 <- 0xFDFE3FDF10AAFF00

mem[X,0x0000000080000BFC] -> 0xFEB7
mem[X,0x0000000080000BFE] -> 0x8000
[772] [M]: 0x0000000080000BFC (0x8000FEB7) lui t4, -0x7fff1
x29 <- 0xFFFFFFFF8000F000

mem[X,0x0000000080000C00] -> 0x8E93
mem[X,0x0000000080000C02] -> 0x7FBE
[773] [M]: 0x0000000080000C00 (0x7FBE8E93) addi t4, t4, 0x7fb
x29 <- 0xFFFFFFFF8000F7FB

mem[X,0x0000000080000C04] -> 0x9E93
mem[X,0x0000000080000C06] -> 0x00BE
[774] [M]: 0x0000000080000C04 (0x00BE9E93) slli t4, t4, 0xb
x29 <- 0xFFFFFC0007BFD800

mem[X,0x0000000080000C08] -> 0x8E93
mem[X,0x0000000080000C0A] -> 0x027E
[775] [M]: 0x0000000080000C08 (0x027E8E93) addi t4, t4, 0x27
x29 <- 0xFFFFFC0007BFD827

mem[X,0x0000000080000C0C] -> 0x9E93
mem[X,0x0000000080000C0E] -> 0x00BE
[776] [M]: 0x0000000080000C0C (0x00BE9E93) slli t4, t4, 0xb
x29 <- 0xFFE0003DFEC13800

mem[X,0x0000000080000C10] -> 0x8E93
mem[X,0x0000000080000C12] -> 0x6BFE
[777] [M]: 0x0000000080000C10 (0x6BFE8E93) addi t4, t4, 0x6bf
x29 <- 0xFFE0003DFEC13EBF

mem[X,0x0000000080000C14] -> 0x9E93
mem[X,0x0000000080000C16] -> 0x00AE
[778] [M]: 0x0000000080000C14 (0x00AE9E93) slli t4, t4, 0xa
x29 <- 0x8000F7FB04FAFC00

mem[X,0x0000000080000C18] -> 0x8E93
mem[X,0x0000000080000C1A] -> 0x108E
[779] [M]: 0x0000000080000C18 (0x108E8E93) addi t4, t4, 0x108
x29 <- 0x8000F7FB04FAFD08

mem[X,0x0000000080000C1C] -> 0x0FBB
mem[X,0x0000000080000C1E] -> 0xDDDF
[780] [M]: 0x0000000080000C1C (0xDDDF0FBB) pasub.b t6, t5, t4
x31 <- 0x3EFF24F206D801FC

mem[X,0x0000000080000C20] -> 0xB023
mem[X,0x0000000080000C22] -> 0x0BF0
[781] [M]: 0x0000000080000C20 (0x0BF0B023) sd t6, 0xa0(ra)
mem[0x0000000080004238] <- 0x3EFF24F206D801FC

mem[X,0x0000000080000C24] -> 0x5F37
mem[X,0x0000000080000C26] -> 0xBF06
[782] [M]: 0x0000000080000C24 (0xBF065F37) lui t5, -0x40f9b
x30 <- 0xFFFFFFFFBF065000

mem[X,0x0000000080000C28] -> 0x0F13
mem[X,0x0000000080000C2A] -> 0x5AAF
[783] [M]: 0x0000000080000C28 (0x5AAF0F13) addi t5, t5, 0x5aa
x30 <- 0xFFFFFFFFBF0655AA

mem[X,0x0000000080000C2C] -> 0x1F13
mem[X,0x0000000080000C2E] -> 0x00BF
[784] [M]: 0x0000000080000C2C (0x00BF1F13) slli t5, t5, 0xb
x30 <- 0xFFFFFDF832AD5000

mem[X,0x0000000080000C30] -> 0x0F13
mem[X,0x0000000080000C32] -> 0x7F0F
[785] [M]: 0x0000000080000C30 (0x7F0F0F13) addi t5, t5, 0x7f0
x30 <- 0xFFFFFDF832AD57F0

mem[X,0x0000000080000C34] -> 0x1F13
mem[X,0x0000000080000C36] -> 0x00BF
[786] [M]: 0x0000000080000C34 (0x00BF1F13) slli t5, t5, 0xb
x30 <- 0xFFEFC1956ABF8000

mem[X,0x0000000080000C38] -> 0x0F13
mem[X,0x0000000080000C3A] -> 0x0FEF
[787] [M]: 0x0000000080000C38 (0x0FEF0F13) addi t5, t5, 0xfe
x30 <- 0xFFEFC1956ABF80FE

mem[X,0x0000000080000C3C] -> 0x1F13
mem[X,0x0000000080000C3E] -> 0x00AF
[788] [M]: 0x0000000080000C3C (0x00AF1F13) slli t5, t5, 0xa
x30 <- 0xBF0655AAFE03F800

mem[X,0x0000000080000C40] -> 0x5EB7
mem[X,0x0000000080000C42] -> 0x1010
[789] [M]: 0x0000000080000C40 (0x10105EB7) lui t4, 0x10105
x29 <- 0x0000000010105000

mem[X,0x0000000080000C44] -> 0x8E93
mem[X,0x0000000080000C46] -> 0x5F8E
[790] [M]: 0x0000000080000C44 (0x5F8E8E93) addi t4, t4, 0x5f8
x29 <- 0x00000000101055F8

mem[X,0x0000000080000C48] -> 0x9E93
mem[X,0x0000000080000C4A] -> 0x00BE
[791] [M]: 0x0000000080000C48 (0x00BE9E93) slli t4, t4, 0xb
x29 <- 0x0000008082AFC000

mem[X,0x0000000080000C4C] -> 0x8E93
mem[X,0x0000000080000C4E] -> 0x200E
[792] [M]: 0x0000000080000C4C (0x200E8E93) addi t4, t4, 0x200
x29 <- 0x0000008082AFC200

mem[X,0x0000000080000C50] -> 0x9E93
mem[X,0x0000000080000C52] -> 0x00BE
[793] [M]: 0x0000000080000C50 (0x00BE9E93) slli t4, t4, 0xb
x29 <- 0x000404157E100000

mem[X,0x0000000080000C54] -> 0x8E93
mem[X,0x0000000080000C56] -> 0x1BFE
[794] [M]: 0x0000000080000C54 (0x1BFE8E93) addi t4, t4, 0x1bf
x29 <- 0x000404157E1001BF

mem[X,0x0000000080000C58] -> 0x9E93
mem[X,0x0000000080000C5A] -> 0x00AE
[795] [M]: 0x0000000080000C58 (0x00AE9E93) slli t4, t4, 0xa
x29 <- 0x101055F84006FC00

mem[X,0x0000000080000C5C] -> 0x8E93
mem[X,0x0000000080000C5E] -> 0x1F6E
[796] [M]: 0x0000000080000C5C (0x1F6E8E93) addi t4, t4, 0x1f6
x29 <- 0x101055F84006FDF6

mem[X,0x0000000080000C60] -> 0x0FBB
mem[X,0x0000000080000C62] -> 0xDDDF
[797] [M]: 0x0000000080000C60 (0xDDDF0FBB) pasub.b t6, t5, t4
x31 <- 0xD7FB00D9DFFEFD05

mem[X,0x0000000080000C64] -> 0xB423
mem[X,0x0000000080000C66] -> 0x0BF0
[798] [M]: 0x0000000080000C64 (0x0BF0B423) sd t6, 0xa8(ra)
mem[0x0000000080004240] <- 0xD7FB00D9DFFEFD05

mem[X,0x0000000080000C68] -> 0x1F37
mem[X,0x0000000080000C6A] -> 0x0608
[799] [M]: 0x0000000080000C68 (0x06081F37) lui t5, 0x6081
x30 <- 0x0000000006081000

clint::tick mtime <- 0x0000000000000008
 clint timer pending at mtime 0x0000000000000008
htif::tick 0x0000000000000000
mem[X,0x0000000080000C6C] -> 0x0F13
mem[X,0x0000000080000C6E] -> 0x9F7F
[800] [M]: 0x0000000080000C6C (0x9F7F0F13) addi t5, t5, -0x609
x30 <- 0x00000000060809F7

mem[X,0x0000000080000C70] -> 0x1F13
mem[X,0x0000000080000C72] -> 0x00BF
[801] [M]: 0x0000000080000C70 (0x00BF1F13) slli t5, t5, 0xb
x30 <- 0x00000030404FB800

mem[X,0x0000000080000C74] -> 0x0F13
mem[X,0x0000000080000C76] -> 0x085F
[802] [M]: 0x0000000080000C74 (0x085F0F13) addi t5, t5, 0x85
x30 <- 0x00000030404FB885

mem[X,0x0000000080000C78] -> 0x1F13
mem[X,0x0000000080000C7A] -> 0x00BF
[803] [M]: 0x0000000080000C78 (0x00BF1F13) slli t5, t5, 0xb
x30 <- 0x000182027DC42800

mem[X,0x0000000080000C7C] -> 0x0F13
mem[X,0x0000000080000C7E] -> 0x7DFF
[804] [M]: 0x0000000080000C7C (0x7DFF0F13) addi t5, t5, 0x7df
x30 <- 0x000182027DC42FDF

mem[X,0x0000000080000C80] -> 0x1F13
mem[X,0x0000000080000C82] -> 0x00AF
[805] [M]: 0x0000000080000C80 (0x00AF1F13) slli t5, t5, 0xa
x30 <- 0x060809F710BF7C00

mem[X,0x0000000080000C84] -> 0x0F13
mem[X,0x0000000080000C86] -> 0x305F
[806] [M]: 0x0000000080000C84 (0x305F0F13) addi t5, t5, 0x305
x30 <- 0x060809F710BF7F05

mem[X,0x0000000080000C88] -> 0xBEB7
mem[X,0x0000000080000C8A] -> 0x4040
[807] [M]: 0x0000000080000C88 (0x4040BEB7) lui t4, 0x4040b
x29 <- 0x000000004040B000

mem[X,0x0000000080000C8C] -> 0x8E93
mem[X,0x0000000080000C8E] -> 0xA10E
[808] [M]: 0x0000000080000C8C (0xA10E8E93) addi t4, t4, -0x5f0
x29 <- 0x000000004040AA10

mem[X,0x0000000080000C90] -> 0x9E93
mem[X,0x0000000080000C92] -> 0x00BE
[809] [M]: 0x0000000080000C90 (0x00BE9E93) slli t4, t4, 0xb
x29 <- 0x0000020205508000

mem[X,0x0000000080000C94] -> 0x8E93
mem[X,0x0000000080000C96] -> 0x7FDE
[810] [M]: 0x0000000080000C94 (0x7FDE8E93) addi t4, t4, 0x7fd
x29 <- 0x00000202055087FD

mem[X,0x0000000080000C98] -> 0x9E93
mem[X,0x0000000080000C9A] -> 0x00BE
[811] [M]: 0x0000000080000C98 (0x00BE9E93) slli t4, t4, 0xb
x29 <- 0x0010102A843FE800

mem[X,0x0000000080000C9C] -> 0x8E93
mem[X,0x0000000080000C9E] -> 0x7C1E
[812] [M]: 0x0000000080000C9C (0x7C1E8E93) addi t4, t4, 0x7c1
x29 <- 0x0010102A843FEFC1

mem[X,0x0000000080000CA0] -> 0x9E93
mem[X,0x0000000080000CA2] -> 0x00AE
[813] [M]: 0x0000000080000CA0 (0x00AE9E93) slli t4, t4, 0xa
x29 <- 0x4040AA10FFBF0400

mem[X,0x0000000080000CA4] -> 0x8E93
mem[X,0x0000000080000CA6] -> 0x301E
[814] [M]: 0x0000000080000CA4 (0x301E8E93) addi t4, t4, 0x301
x29 <- 0x4040AA10FFBF0701

mem[X,0x0000000080000CA8] -> 0x0FBB
mem[X,0x0000000080000CAA] -> 0xDDDF
[815] [M]: 0x0000000080000CA8 (0xDDDF0FBB) pasub.b t6, t5, t4
x31 <- 0xE3E42FF308003C02

mem[X,0x0000000080000CAC] -> 0xB823
mem[X,0x0000000080000CAE] -> 0x0BF0
[816] [M]: 0x0000000080000CAC (0x0BF0B823) sd t6, 0xb0(ra)
mem[0x0000000080004248] <- 0xE3E42FF308003C02

mem[X,0x0000000080000CB0] -> 0x0F37
mem[X,0x0000000080000CB2] -> 0x04FB
[817] [M]: 0x0000000080000CB0 (0x04FB0F37) lui t5, 0x4fb0
x30 <- 0x0000000004FB0000

mem[X,0x0000000080000CB4] -> 0x0F13
mem[X,0x0000000080000CB6] -> 0x2FAF
[818] [M]: 0x0000000080000CB4 (0x2FAF0F13) addi t5, t5, 0x2fa
x30 <- 0x0000000004FB02FA

mem[X,0x0000000080000CB8] -> 0x1F13
mem[X,0x0000000080000CBA] -> 0x00BF
[819] [M]: 0x0000000080000CB8 (0x00BF1F13) slli t5, t5, 0xb
x30 <- 0x00000027D817D000

mem[X,0x0000000080000CBC] -> 0x0F13
mem[X,0x0000000080000CBE] -> 0x7C0F
[820] [M]: 0x0000000080000CBC (0x7C0F0F13) addi t5, t5, 0x7c0
x30 <- 0x00000027D817D7C0

mem[X,0x0000000080000CC0] -> 0x1F13
mem[X,0x0000000080000CC2] -> 0x00BF
[821] [M]: 0x0000000080000CC0 (0x00BF1F13) slli t5, t5, 0xb
x30 <- 0x00013EC0BEBE0000

mem[X,0x0000000080000CC4] -> 0x0F13
mem[X,0x0000000080000CC6] -> 0x401F
[822] [M]: 0x0000000080000CC4 (0x401F0F13) addi t5, t5, 0x401
x30 <- 0x00013EC0BEBE0401

mem[X,0x0000000080000CC8] -> 0x1F13
mem[X,0x0000000080000CCA] -> 0x00AF
[823] [M]: 0x0000000080000CC8 (0x00AF1F13) slli t5, t5, 0xa
x30 <- 0x04FB02FAF8100400

mem[X,0x0000000080000CCC] -> 0x0F13
mem[X,0x0000000080000CCE] -> 0x1FCF
[824] [M]: 0x0000000080000CCC (0x1FCF0F13) addi t5, t5, 0x1fc
x30 <- 0x04FB02FAF81005FC

mem[X,0x0000000080000CD0] -> 0x0EB7
mem[X,0x0000000080000CD2] -> 0xF780
[825] [M]: 0x0000000080000CD0 (0xF7800EB7) lui t4, -0x8800
x29 <- 0xFFFFFFFFF7800000

mem[X,0x0000000080000CD4] -> 0x8E93
mem[X,0x0000000080000CD6] -> 0x6F6E
[826] [M]: 0x0000000080000CD4 (0x6F6E8E93) addi t4, t4, 0x6f6
x29 <- 0xFFFFFFFFF78006F6

mem[X,0x0000000080000CD8] -> 0x9E93
mem[X,0x0000000080000CDA] -> 0x00BE
[827] [M]: 0x0000000080000CD8 (0x00BE9E93) slli t4, t4, 0xb
x29 <- 0xFFFFFFBC0037B000

mem[X,0x0000000080000CDC] -> 0x8E93
mem[X,0x0000000080000CDE] -> 0x5F9E
[828] [M]: 0x0000000080000CDC (0x5F9E8E93) addi t4, t4, 0x5f9
x29 <- 0xFFFFFFBC0037B5F9

mem[X,0x0000000080000CE0] -> 0x9E93
mem[X,0x0000000080000CE2] -> 0x00BE
[829] [M]: 0x0000000080000CE0 (0x00BE9E93) slli t4, t4, 0xb
x29 <- 0xFFFDE001BDAFC800

mem[X,0x0000000080000CE4] -> 0x8E93
mem[X,0x0000000080000CE6] -> 0x7D5E
[830] [M]: 0x0000000080000CE4 (0x7D5E8E93) addi t4, t4, 0x7d5
x29 <- 0xFFFDE001BDAFCFD5

mem[X,0x0000000080000CE8] -> 0x9E93
mem[X,0x0000000080000CEA] -> 0x00AE
[831] [M]: 0x0000000080000CE8 (0x00AE9E93) slli t4, t4, 0xa
x29 <- 0xF78006F6BF3F5400

mem[X,0x0000000080000CEC] -> 0x8E93
mem[X,0x0000000080000CEE] -> 0x108E
[832] [M]: 0x0000000080000CEC (0x108E8E93) addi t4, t4, 0x108
x29 <- 0xF78006F6BF3F5508

mem[X,0x0000000080000CF0] -> 0x0FBB
mem[X,0x0000000080000CF2] -> 0xDDDF
[833] [M]: 0x0000000080000CF0 (0xDDDF0FBB) pasub.b t6, t5, t4
x31 <- 0x063DFE021CE8D8FA

mem[X,0x0000000080000CF4] -> 0xBC23
mem[X,0x0000000080000CF6] -> 0x0BF0
[834] [M]: 0x0000000080000CF4 (0x0BF0BC23) sd t6, 0xb8(ra)
mem[0x0000000080004250] <- 0x063DFE021CE8D8FA

mem[X,0x0000000080000CF8] -> 0xEF37
mem[X,0x0000000080000CFA] -> 0x0120
[835] [M]: 0x0000000080000CF8 (0x0120EF37) lui t5, 0x120e
x30 <- 0x000000000120E000

mem[X,0x0000000080000CFC] -> 0x0F13
mem[X,0x0000000080000CFE] -> 0xF08F
[836] [M]: 0x0000000080000CFC (0xF08F0F13) addi t5, t5, -0xf8
x30 <- 0x000000000120DF08

mem[X,0x0000000080000D00] -> 0x1F13
mem[X,0x0000000080000D02] -> 0x00BF
[837] [M]: 0x0000000080000D00 (0x00BF1F13) slli t5, t5, 0xb
x30 <- 0x0000000906F84000

mem[X,0x0000000080000D04] -> 0x0F13
mem[X,0x0000000080000D06] -> 0x7C7F
[838] [M]: 0x0000000080000D04 (0x7C7F0F13) addi t5, t5, 0x7c7
x30 <- 0x0000000906F847C7

mem[X,0x0000000080000D08] -> 0x1F13
mem[X,0x0000000080000D0A] -> 0x00BF
[839] [M]: 0x0000000080000D08 (0x00BF1F13) slli t5, t5, 0xb
x30 <- 0x00004837C23E3800

mem[X,0x0000000080000D0C] -> 0x0F13
mem[X,0x0000000080000D0E] -> 0x695F
[840] [M]: 0x0000000080000D0C (0x695F0F13) addi t5, t5, 0x695
x30 <- 0x00004837C23E3E95

mem[X,0x0000000080000D10] -> 0x1F13
mem[X,0x0000000080000D12] -> 0x00AF
[841] [M]: 0x0000000080000D10 (0x00AF1F13) slli t5, t5, 0xa
x30 <- 0x0120DF08F8FA5400

mem[X,0x0000000080000D14] -> 0x0F13
mem[X,0x0000000080000D16] -> 0x1BFF
[842] [M]: 0x0000000080000D14 (0x1BFF0F13) addi t5, t5, 0x1bf
x30 <- 0x0120DF08F8FA55BF

mem[X,0x0000000080000D18] -> 0xCEB7
mem[X,0x0000000080000D1A] -> 0xC002
[843] [M]: 0x0000000080000D18 (0xC002CEB7) lui t4, -0x3ffd4
x29 <- 0xFFFFFFFFC002C000

mem[X,0x0000000080000D1C] -> 0x8E93
mem[X,0x0000000080000D1E] -> 0x0BFE
[844] [M]: 0x0000000080000D1C (0x0BFE8E93) addi t4, t4, 0xbf
x29 <- 0xFFFFFFFFC002C0BF

mem[X,0x0000000080000D20] -> 0x9E93
mem[X,0x0000000080000D22] -> 0x00BE
[845] [M]: 0x0000000080000D20 (0x00BE9E93) slli t4, t4, 0xb
x29 <- 0xFFFFFE001605F800

mem[X,0x0000000080000D24] -> 0x8E93
mem[X,0x0000000080000D26] -> 0x7DFE
[846] [M]: 0x0000000080000D24 (0x7DFE8E93) addi t4, t4, 0x7df
x29 <- 0xFFFFFE001605FFDF

mem[X,0x0000000080000D28] -> 0x9E93
mem[X,0x0000000080000D2A] -> 0x00BE
[847] [M]: 0x0000000080000D28 (0x00BE9E93) slli t4, t4, 0xb
x29 <- 0xFFF000B02FFEF800

mem[X,0x0000000080000D2C] -> 0x8E93
mem[X,0x0000000080000D2E] -> 0x3FEE
[848] [M]: 0x0000000080000D2C (0x3FEE8E93) addi t4, t4, 0x3fe
x29 <- 0xFFF000B02FFEFBFE

mem[X,0x0000000080000D30] -> 0x9E93
mem[X,0x0000000080000D32] -> 0x00AE
[849] [M]: 0x0000000080000D30 (0x00AE9E93) slli t4, t4, 0xa
x29 <- 0xC002C0BFFBEFF800

mem[X,0x0000000080000D34] -> 0x8E93
mem[X,0x0000000080000D36] -> 0x109E
[850] [M]: 0x0000000080000D34 (0x109E8E93) addi t4, t4, 0x109
x29 <- 0xC002C0BFFBEFF909

mem[X,0x0000000080000D38] -> 0x0FBB
mem[X,0x0000000080000D3A] -> 0xDDDF
[851] [M]: 0x0000000080000D38 (0xDDDF0FBB) pasub.b t6, t5, t4
x31 <- 0x200F0F24FE052EDB

mem[X,0x0000000080000D3C] -> 0xB023
mem[X,0x0000000080000D3E] -> 0x0DF0
[852] [M]: 0x0000000080000D3C (0x0DF0B023) sd t6, 0xc0(ra)
mem[0x0000000080004258] <- 0x200F0F24FE052EDB

mem[X,0x0000000080000D40] -> 0xEF37
mem[X,0x0000000080000D42] -> 0xEFF6
[853] [M]: 0x0000000080000D40 (0xEFF6EF37) lui t5, -0x10092
x30 <- 0xFFFFFFFFEFF6E000

mem[X,0x0000000080000D44] -> 0x0F13
mem[X,0x0000000080000D46] -> 0xF01F
[854] [M]: 0x0000000080000D44 (0xF01F0F13) addi t5, t5, -0xff
x30 <- 0xFFFFFFFFEFF6DF01

mem[X,0x0000000080000D48] -> 0x1F13
mem[X,0x0000000080000D4A] -> 0x00BF
[855] [M]: 0x0000000080000D48 (0x00BF1F13) slli t5, t5, 0xb
x30 <- 0xFFFFFF7FB6F80800

mem[X,0x0000000080000D4C] -> 0x0F13
mem[X,0x0000000080000D4E] -> 0x02FF
[856] [M]: 0x0000000080000D4C (0x02FF0F13) addi t5, t5, 0x2f
x30 <- 0xFFFFFF7FB6F8082F

mem[X,0x0000000080000D50] -> 0x1F13
mem[X,0x0000000080000D52] -> 0x00BF
[857] [M]: 0x0000000080000D50 (0x00BF1F13) slli t5, t5, 0xb
x30 <- 0xFFFBFDB7C0417800

mem[X,0x0000000080000D54] -> 0x0F13
mem[X,0x0000000080000D56] -> 0x5EFF
[858] [M]: 0x0000000080000D54 (0x5EFF0F13) addi t5, t5, 0x5ef
x30 <- 0xFFFBFDB7C0417DEF

mem[X,0x0000000080000D58] -> 0x1F13
mem[X,0x0000000080000D5A] -> 0x00AF
[859] [M]: 0x0000000080000D58 (0x00AF1F13) slli t5, t5, 0xa
x30 <- 0xEFF6DF0105F7BC00

mem[X,0x0000000080000D5C] -> 0x0F13
mem[X,0x0000000080000D5E] -> 0x3FBF
[860] [M]: 0x0000000080000D5C (0x3FBF0F13) addi t5, t5, 0x3fb
x30 <- 0xEFF6DF0105F7BFFB

mem[X,0x0000000080000D60] -> 0xEEB7
mem[X,0x0000000080000D62] -> 0xF8FD
[861] [M]: 0x0000000080000D60 (0xF8FDEEB7) lui t4, -0x7022
x29 <- 0xFFFFFFFFF8FDE000

mem[X,0x0000000080000D64] -> 0x8E93
mem[X,0x0000000080000D66] -> 0xF20E
[862] [M]: 0x0000000080000D64 (0xF20E8E93) addi t4, t4, -0xe0
x29 <- 0xFFFFFFFFF8FDDF20

mem[X,0x0000000080000D68] -> 0x9E93
mem[X,0x0000000080000D6A] -> 0x00BE
[863] [M]: 0x0000000080000D68 (0x00BE9E93) slli t4, t4, 0xb
x29 <- 0xFFFFFFC7EEF90000

mem[X,0x0000000080000D6C] -> 0x8E93
mem[X,0x0000000080000D6E] -> 0x7E8E
[864] [M]: 0x0000000080000D6C (0x7E8E8E93) addi t4, t4, 0x7e8
x29 <- 0xFFFFFFC7EEF907E8

mem[X,0x0000000080000D70] -> 0x9E93
mem[X,0x0000000080000D72] -> 0x00BE
[865] [M]: 0x0000000080000D70 (0x00BE9E93) slli t4, t4, 0xb
x29 <- 0xFFFE3F77C83F4000

mem[X,0x0000000080000D74] -> 0x8E93
mem[X,0x0000000080000D76] -> 0x1AFE
[866] [M]: 0x0000000080000D74 (0x1AFE8E93) addi t4, t4, 0x1af
x29 <- 0xFFFE3F77C83F41AF

mem[X,0x0000000080000D78] -> 0x9E93
mem[X,0x0000000080000D7A] -> 0x00AE
[867] [M]: 0x0000000080000D78 (0x00AE9E93) slli t4, t4, 0xa
x29 <- 0xF8FDDF20FD06BC00

mem[X,0x0000000080000D7C] -> 0x8E93
mem[X,0x0000000080000D7E] -> 0x303E
[868] [M]: 0x0000000080000D7C (0x303E8E93) addi t4, t4, 0x303
x29 <- 0xF8FDDF20FD06BF03

mem[X,0x0000000080000D80] -> 0x0FBB
mem[X,0x0000000080000D82] -> 0xDDDF
[869] [M]: 0x0000000080000D80 (0xDDDF0FBB) pasub.b t6, t5, t4
x31 <- 0xFBFC00F004F800FC

mem[X,0x0000000080000D84] -> 0xB423
mem[X,0x0000000080000D86] -> 0x0DF0
[870] [M]: 0x0000000080000D84 (0x0DF0B423) sd t6, 0xc8(ra)
mem[0x0000000080004260] <- 0xFBFC00F004F800FC

mem[X,0x0000000080000D88] -> 0x1F37
mem[X,0x0000000080000D8A] -> 0x7F08
[871] [M]: 0x0000000080000D88 (0x7F081F37) lui t5, 0x7f081
x30 <- 0x000000007F081000

mem[X,0x0000000080000D8C] -> 0x0F13
mem[X,0x0000000080000D8E] -> 0x8C0F
[872] [M]: 0x0000000080000D8C (0x8C0F0F13) addi t5, t5, -0x740
x30 <- 0x000000007F0808C0

mem[X,0x0000000080000D90] -> 0x1F13
mem[X,0x0000000080000D92] -> 0x00BF
[873] [M]: 0x0000000080000D90 (0x00BF1F13) slli t5, t5, 0xb
x30 <- 0x000003F840460000

mem[X,0x0000000080000D94] -> 0x0F13
mem[X,0x0000000080000D96] -> 0x030F
[874] [M]: 0x0000000080000D94 (0x030F0F13) addi t5, t5, 0x30
x30 <- 0x000003F840460030

mem[X,0x0000000080000D98] -> 0x1F13
mem[X,0x0000000080000D9A] -> 0x00BF
[875] [M]: 0x0000000080000D98 (0x00BF1F13) slli t5, t5, 0xb
x30 <- 0x001FC20230018000

mem[X,0x0000000080000D9C] -> 0x0F13
mem[X,0x0000000080000D9E] -> 0x17EF
[876] [M]: 0x0000000080000D9C (0x17EF0F13) addi t5, t5, 0x17e
x30 <- 0x001FC2023001817E

mem[X,0x0000000080000DA0] -> 0x1F13
mem[X,0x0000000080000DA2] -> 0x00AF
[877] [M]: 0x0000000080000DA0 (0x00AF1F13) slli t5, t5, 0xa
x30 <- 0x7F0808C00605F800

mem[X,0x0000000080000DA4] -> 0x0F13
mem[X,0x0000000080000DA6] -> 0x1FCF
[878] [M]: 0x0000000080000DA4 (0x1FCF0F13) addi t5, t5, 0x1fc
x30 <- 0x7F0808C00605F9FC

mem[X,0x0000000080000DA8] -> 0x0EB7
mem[X,0x0000000080000DAA] -> 0x01FC
[879] [M]: 0x0000000080000DA8 (0x01FC0EB7) lui t4, 0x1fc0
x29 <- 0x0000000001FC0000

mem[X,0x0000000080000DAC] -> 0x8E93
mem[X,0x0000000080000DAE] -> 0xC06E
[880] [M]: 0x0000000080000DAC (0xC06E8E93) addi t4, t4, -0x3fa
x29 <- 0x0000000001FBFC06

mem[X,0x0000000080000DB0] -> 0x9E93
mem[X,0x0000000080000DB2] -> 0x00BE
[881] [M]: 0x0000000080000DB0 (0x00BE9E93) slli t4, t4, 0xb
x29 <- 0x0000000FDFE03000

mem[X,0x0000000080000DB4] -> 0x8E93
mem[X,0x0000000080000DB6] -> 0x7B0E
[882] [M]: 0x0000000080000DB4 (0x7B0E8E93) addi t4, t4, 0x7b0
x29 <- 0x0000000FDFE037B0

mem[X,0x0000000080000DB8] -> 0x9E93
mem[X,0x0000000080000DBA] -> 0x00BE
[883] [M]: 0x0000000080000DB8 (0x00BE9E93) slli t4, t4, 0xb
x29 <- 0x00007EFF01BD8000

mem[X,0x0000000080000DBC] -> 0x8E93
mem[X,0x0000000080000DBE] -> 0x141E
[884] [M]: 0x0000000080000DBC (0x141E8E93) addi t4, t4, 0x141
x29 <- 0x00007EFF01BD8141

mem[X,0x0000000080000DC0] -> 0x9E93
mem[X,0x0000000080000DC2] -> 0x00AE
[885] [M]: 0x0000000080000DC0 (0x00AE9E93) slli t4, t4, 0xa
x29 <- 0x01FBFC06F6050400

mem[X,0x0000000080000DC4] -> 0x8E93
mem[X,0x0000000080000DC6] -> 0x2C0E
[886] [M]: 0x0000000080000DC4 (0x2C0E8E93) addi t4, t4, 0x2c0
x29 <- 0x01FBFC06F60506C0

mem[X,0x0000000080000DC8] -> 0x0FBB
mem[X,0x0000000080000DCA] -> 0xDDDF
[887] [M]: 0x0000000080000DC8 (0xDDDF0FBB) pasub.b t6, t5, t4
x31 <- 0x3F0606DD0800F91E

mem[X,0x0000000080000DCC] -> 0xB823
mem[X,0x0000000080000DCE] -> 0x0DF0
[888] [M]: 0x0000000080000DCC (0x0DF0B823) sd t6, 0xd0(ra)
mem[0x0000000080004268] <- 0x3F0606DD0800F91E

mem[X,0x0000000080000DD0] -> 0x0F37
mem[X,0x0000000080000DD2] -> 0x40FB
[889] [M]: 0x0000000080000DD0 (0x40FB0F37) lui t5, 0x40fb0
x30 <- 0x0000000040FB0000

mem[X,0x0000000080000DD4] -> 0x0F13
mem[X,0x0000000080000DD6] -> 0xB55F
[890] [M]: 0x0000000080000DD4 (0xB55F0F13) addi t5, t5, -0x4ab
x30 <- 0x0000000040FAFB55

mem[X,0x0000000080000DD8] -> 0x1F13
mem[X,0x0000000080000DDA] -> 0x00BF
[891] [M]: 0x0000000080000DD8 (0x00BF1F13) slli t5, t5, 0xb
x30 <- 0x00000207D7DAA800

mem[X,0x0000000080000DDC] -> 0x0F13
mem[X,0x0000000080000DDE] -> 0x7C7F
[892] [M]: 0x0000000080000DDC (0x7C7F0F13) addi t5, t5, 0x7c7
x30 <- 0x00000207D7DAAFC7

mem[X,0x0000000080000DE0] -> 0x1F13
mem[X,0x0000000080000DE2] -> 0x00BF
[893] [M]: 0x0000000080000DE0 (0x00BF1F13) slli t5, t5, 0xb
x30 <- 0x00103EBED57E3800

mem[X,0x0000000080000DE4] -> 0x0F13
mem[X,0x0000000080000DE6] -> 0x62AF
[894] [M]: 0x0000000080000DE4 (0x62AF0F13) addi t5, t5, 0x62a
x30 <- 0x00103EBED57E3E2A

mem[X,0x0000000080000DE8] -> 0x1F13
mem[X,0x0000000080000DEA] -> 0x00AF
[895] [M]: 0x0000000080000DE8 (0x00AF1F13) slli t5, t5, 0xa
x30 <- 0x40FAFB55F8F8A800

mem[X,0x0000000080000DEC] -> 0x0F13
mem[X,0x0000000080000DEE] -> 0x205F
[896] [M]: 0x0000000080000DEC (0x205F0F13) addi t5, t5, 0x205
x30 <- 0x40FAFB55F8F8AA05

mem[X,0x0000000080000DF0] -> 0x5EB7
mem[X,0x0000000080000DF2] -> 0x55F7
[897] [M]: 0x0000000080000DF0 (0x55F75EB7) lui t4, 0x55f75
x29 <- 0x0000000055F75000

mem[X,0x0000000080000DF4] -> 0x8E93
mem[X,0x0000000080000DF6] -> 0x5C0E
[898] [M]: 0x0000000080000DF4 (0x5C0E8E93) addi t4, t4, 0x5c0
x29 <- 0x0000000055F755C0

mem[X,0x0000000080000DF8] -> 0x9E93
mem[X,0x0000000080000DFA] -> 0x00BE
[899] [M]: 0x0000000080000DF8 (0x00BE9E93) slli t4, t4, 0xb
x29 <- 0x000002AFBAAE0000

clint::tick mtime <- 0x0000000000000009
 clint timer pending at mtime 0x0000000000000009
htif::tick 0x0000000000000000
mem[X,0x0000000080000DFC] -> 0x8E93
mem[X,0x0000000080000DFE] -> 0x7B2E
[900] [M]: 0x0000000080000DFC (0x7B2E8E93) addi t4, t4, 0x7b2
x29 <- 0x000002AFBAAE07B2

mem[X,0x0000000080000E00] -> 0x9E93
mem[X,0x0000000080000E02] -> 0x00BE
[901] [M]: 0x0000000080000E00 (0x00BE9E93) slli t4, t4, 0xb
x29 <- 0x00157DD5703D9000

mem[X,0x0000000080000E04] -> 0x8E93
mem[X,0x0000000080000E06] -> 0x004E
[902] [M]: 0x0000000080000E04 (0x004E8E93) addi t4, t4, 0x4
x29 <- 0x00157DD5703D9004

mem[X,0x0000000080000E08] -> 0x9E93
mem[X,0x0000000080000E0A] -> 0x00AE
[903] [M]: 0x0000000080000E08 (0x00AE9E93) slli t4, t4, 0xa
x29 <- 0x55F755C0F6401000

mem[X,0x0000000080000E0C] -> 0x8E93
mem[X,0x0000000080000E0E] -> 0x0FAE
[904] [M]: 0x0000000080000E0C (0x0FAE8E93) addi t4, t4, 0xfa
x29 <- 0x55F755C0F64010FA

mem[X,0x0000000080000E10] -> 0x0FBB
mem[X,0x0000000080000E12] -> 0xDDDF
[905] [M]: 0x0000000080000E10 (0xDDDF0FBB) pasub.b t6, t5, t4
x31 <- 0xF501D34A01DCCD05

mem[X,0x0000000080000E14] -> 0xBC23
mem[X,0x0000000080000E16] -> 0x0DF0
[906] [M]: 0x0000000080000E14 (0x0DF0BC23) sd t6, 0xd8(ra)
mem[0x0000000080004270] <- 0xF501D34A01DCCD05

mem[X,0x0000000080000E18] -> 0x0F37
mem[X,0x0000000080000E1A] -> 0x7F80
[907] [M]: 0x0000000080000E18 (0x7F800F37) lui t5, 0x7f800
x30 <- 0x000000007F800000

mem[X,0x0000000080000E1C] -> 0x0F13
mem[X,0x0000000080000E1E] -> 0xCFBF
[908] [M]: 0x0000000080000E1C (0xCFBF0F13) addi t5, t5, -0x305
x30 <- 0x000000007F7FFCFB

mem[X,0x0000000080000E20] -> 0x1F13
mem[X,0x0000000080000E22] -> 0x00BF
[909] [M]: 0x0000000080000E20 (0x00BF1F13) slli t5, t5, 0xb
x30 <- 0x000003FBFFE7D800

mem[X,0x0000000080000E24] -> 0x0F13
mem[X,0x0000000080000E26] -> 0x7D4F
[910] [M]: 0x0000000080000E24 (0x7D4F0F13) addi t5, t5, 0x7d4
x30 <- 0x000003FBFFE7DFD4

mem[X,0x0000000080000E28] -> 0x1F13
mem[X,0x0000000080000E2A] -> 0x00BF
[911] [M]: 0x0000000080000E28 (0x00BF1F13) slli t5, t5, 0xb
x30 <- 0x001FDFFF3EFEA000

mem[X,0x0000000080000E2C] -> 0x0F13
mem[X,0x0000000080000E2E] -> 0x002F
[912] [M]: 0x0000000080000E2C (0x002F0F13) addi t5, t5, 0x2
x30 <- 0x001FDFFF3EFEA002

mem[X,0x0000000080000E30] -> 0x1F13
mem[X,0x0000000080000E32] -> 0x00AF
[913] [M]: 0x0000000080000E30 (0x00AF1F13) slli t5, t5, 0xa
x30 <- 0x7F7FFCFBFA800800

mem[X,0x0000000080000E34] -> 0x0EB7
mem[X,0x0000000080000E36] -> 0x01DF
[914] [M]: 0x0000000080000E34 (0x01DF0EB7) lui t4, 0x1df0
x29 <- 0x0000000001DF0000

mem[X,0x0000000080000E38] -> 0x8E93
mem[X,0x0000000080000E3A] -> 0x201E
[915] [M]: 0x0000000080000E38 (0x201E8E93) addi t4, t4, 0x201
x29 <- 0x0000000001DF0201

mem[X,0x0000000080000E3C] -> 0x9E93
mem[X,0x0000000080000E3E] -> 0x00BE
[916] [M]: 0x0000000080000E3C (0x00BE9E93) slli t4, t4, 0xb
x29 <- 0x0000000EF8100800

mem[X,0x0000000080000E40] -> 0x8E93
mem[X,0x0000000080000E42] -> 0x7F9E
[917] [M]: 0x0000000080000E40 (0x7F9E8E93) addi t4, t4, 0x7f9
x29 <- 0x0000000EF8100FF9

mem[X,0x0000000080000E44] -> 0x9E93
mem[X,0x0000000080000E46] -> 0x00BE
[918] [M]: 0x0000000080000E44 (0x00BE9E93) slli t4, t4, 0xb
x29 <- 0x000077C0807FC800

mem[X,0x0000000080000E48] -> 0x8E93
mem[X,0x0000000080000E4A] -> 0x002E
[919] [M]: 0x0000000080000E48 (0x002E8E93) addi t4, t4, 0x2
x29 <- 0x000077C0807FC802

mem[X,0x0000000080000E4C] -> 0x9E93
mem[X,0x0000000080000E4E] -> 0x00AE
[920] [M]: 0x0000000080000E4C (0x00AE9E93) slli t4, t4, 0xa
x29 <- 0x01DF0201FF200800

mem[X,0x0000000080000E50] -> 0x8E93
mem[X,0x0000000080000E52] -> 0x0FBE
[921] [M]: 0x0000000080000E50 (0x0FBE8E93) addi t4, t4, 0xfb
x29 <- 0x01DF0201FF2008FB

mem[X,0x0000000080000E54] -> 0x0FBB
mem[X,0x0000000080000E56] -> 0xDDDF
[922] [M]: 0x0000000080000E54 (0xDDDF0FBB) pasub.b t6, t5, t4
x31 <- 0x3F50FDFDFDB00002

mem[X,0x0000000080000E58] -> 0xB023
mem[X,0x0000000080000E5A] -> 0x0FF0
[923] [M]: 0x0000000080000E58 (0x0FF0B023) sd t6, 0xe0(ra)
mem[0x0000000080004278] <- 0x3F50FDFDFDB00002

mem[X,0x0000000080000E5C] -> 0x0F37
mem[X,0x0000000080000E5E] -> 0x5540
[924] [M]: 0x0000000080000E5C (0x55400F37) lui t5, 0x55400
x30 <- 0x0000000055400000

mem[X,0x0000000080000E60] -> 0x0F13
mem[X,0x0000000080000E62] -> 0x502F
[925] [M]: 0x0000000080000E60 (0x502F0F13) addi t5, t5, 0x502
x30 <- 0x0000000055400502

mem[X,0x0000000080000E64] -> 0x1F13
mem[X,0x0000000080000E66] -> 0x00BF
[926] [M]: 0x0000000080000E64 (0x00BF1F13) slli t5, t5, 0xb
x30 <- 0x000002AA00281000

mem[X,0x0000000080000E68] -> 0x0F13
mem[X,0x0000000080000E6A] -> 0x553F
[927] [M]: 0x0000000080000E68 (0x553F0F13) addi t5, t5, 0x553
x30 <- 0x000002AA00281553

mem[X,0x0000000080000E6C] -> 0x1F13
mem[X,0x0000000080000E6E] -> 0x00BF
[928] [M]: 0x0000000080000E6C (0x00BF1F13) slli t5, t5, 0xb
x30 <- 0x0015500140AA9800

mem[X,0x0000000080000E70] -> 0x0F13
mem[X,0x0000000080000E72] -> 0x7C1F
[929] [M]: 0x0000000080000E70 (0x7C1F0F13) addi t5, t5, 0x7c1
x30 <- 0x0015500140AA9FC1

mem[X,0x0000000080000E74] -> 0x1F13
mem[X,0x0000000080000E76] -> 0x00AF
[930] [M]: 0x0000000080000E74 (0x00AF1F13) slli t5, t5, 0xa
x30 <- 0x55400502AA7F0400

mem[X,0x0000000080000E78] -> 0x0F13
mem[X,0x0000000080000E7A] -> 0x209F
[931] [M]: 0x0000000080000E78 (0x209F0F13) addi t5, t5, 0x209
x30 <- 0x55400502AA7F0609

mem[X,0x0000000080000E7C] -> 0x0EB7
mem[X,0x0000000080000E7E] -> 0x40FF
[932] [M]: 0x0000000080000E7C (0x40FF0EB7) lui t4, 0x40ff0
x29 <- 0x0000000040FF0000

mem[X,0x0000000080000E80] -> 0x8E93
mem[X,0x0000000080000E82] -> 0x705E
[933] [M]: 0x0000000080000E80 (0x705E8E93) addi t4, t4, 0x705
x29 <- 0x0000000040FF0705

mem[X,0x0000000080000E84] -> 0x9E93
mem[X,0x0000000080000E86] -> 0x00BE
[934] [M]: 0x0000000080000E84 (0x00BE9E93) slli t4, t4, 0xb
x29 <- 0x00000207F8382800

mem[X,0x0000000080000E88] -> 0x8E93
mem[X,0x0000000080000E8A] -> 0x031E
[935] [M]: 0x0000000080000E88 (0x031E8E93) addi t4, t4, 0x31
x29 <- 0x00000207F8382831

mem[X,0x0000000080000E8C] -> 0x9E93
mem[X,0x0000000080000E8E] -> 0x00BE
[936] [M]: 0x0000000080000E8C (0x00BE9E93) slli t4, t4, 0xb
x29 <- 0x00103FC1C1418800

mem[X,0x0000000080000E90] -> 0x8E93
mem[X,0x0000000080000E92] -> 0x7FEE
[937] [M]: 0x0000000080000E90 (0x7FEE8E93) addi t4, t4, 0x7fe
x29 <- 0x00103FC1C1418FFE

mem[X,0x0000000080000E94] -> 0x9E93
mem[X,0x0000000080000E96] -> 0x00AE
[938] [M]: 0x0000000080000E94 (0x00AE9E93) slli t4, t4, 0xa
x29 <- 0x40FF0705063FF800

mem[X,0x0000000080000E98] -> 0x8E93
mem[X,0x0000000080000E9A] -> 0x0FBE
[939] [M]: 0x0000000080000E98 (0x0FBE8E93) addi t4, t4, 0xfb
x29 <- 0x40FF0705063FF8FB

mem[X,0x0000000080000E9C] -> 0x0FBB
mem[X,0x0000000080000E9E] -> 0xDDDF
[940] [M]: 0x0000000080000E9C (0xDDDF0FBB) pasub.b t6, t5, t4
x31 <- 0x0A20FFFED2200707

mem[X,0x0000000080000EA0] -> 0xB423
mem[X,0x0000000080000EA2] -> 0x0FF0
[941] [M]: 0x0000000080000EA0 (0x0FF0B423) sd t6, 0xe8(ra)
mem[0x0000000080004280] <- 0x0A20FFFED2200707

mem[X,0x0000000080000EA4] -> 0x8F37
mem[X,0x0000000080000EA6] -> 0xF8FD
[942] [M]: 0x0000000080000EA4 (0xF8FD8F37) lui t5, -0x7028
x30 <- 0xFFFFFFFFF8FD8000

mem[X,0x0000000080000EA8] -> 0x0F13
mem[X,0x0000000080000EAA] -> 0x002F
[943] [M]: 0x0000000080000EA8 (0x002F0F13) addi t5, t5, 0x2
x30 <- 0xFFFFFFFFF8FD8002

mem[X,0x0000000080000EAC] -> 0x1F13
mem[X,0x0000000080000EAE] -> 0x00BF
[944] [M]: 0x0000000080000EAC (0x00BF1F13) slli t5, t5, 0xb
x30 <- 0xFFFFFFC7EC001000

mem[X,0x0000000080000EB0] -> 0x0F13
mem[X,0x0000000080000EB2] -> 0x7C3F
[945] [M]: 0x0000000080000EB0 (0x7C3F0F13) addi t5, t5, 0x7c3
x30 <- 0xFFFFFFC7EC0017C3

mem[X,0x0000000080000EB4] -> 0x1F13
mem[X,0x0000000080000EB6] -> 0x00BF
[946] [M]: 0x0000000080000EB4 (0x00BF1F13) slli t5, t5, 0xb
x30 <- 0xFFFE3F6000BE1800

mem[X,0x0000000080000EB8] -> 0x0F13
mem[X,0x0000000080000EBA] -> 0x7C2F
[947] [M]: 0x0000000080000EB8 (0x7C2F0F13) addi t5, t5, 0x7c2
x30 <- 0xFFFE3F6000BE1FC2

mem[X,0x0000000080000EBC] -> 0x1F13
mem[X,0x0000000080000EBE] -> 0x00AF
[948] [M]: 0x0000000080000EBC (0x00AF1F13) slli t5, t5, 0xa
x30 <- 0xF8FD8002F87F0800

mem[X,0x0000000080000EC0] -> 0x0F13
mem[X,0x0000000080000EC2] -> 0x004F
[949] [M]: 0x0000000080000EC0 (0x004F0F13) addi t5, t5, 0x4
x30 <- 0xF8FD8002F87F0804

mem[X,0x0000000080000EC4] -> 0x0EB7
mem[X,0x0000000080000EC6] -> 0x05C1
[950] [M]: 0x0000000080000EC4 (0x05C10EB7) lui t4, 0x5c10
x29 <- 0x0000000005C10000

mem[X,0x0000000080000EC8] -> 0x8E93
mem[X,0x0000000080000ECA] -> 0xCFCE
[951] [M]: 0x0000000080000EC8 (0xCFCE8E93) addi t4, t4, -0x304
x29 <- 0x0000000005C0FCFC

mem[X,0x0000000080000ECC] -> 0x9E93
mem[X,0x0000000080000ECE] -> 0x00BE
[952] [M]: 0x0000000080000ECC (0x00BE9E93) slli t4, t4, 0xb
x29 <- 0x0000002E07E7E000

mem[X,0x0000000080000ED0] -> 0x8E93
mem[X,0x0000000080000ED2] -> 0x028E
[953] [M]: 0x0000000080000ED0 (0x028E8E93) addi t4, t4, 0x28
x29 <- 0x0000002E07E7E028

mem[X,0x0000000080000ED4] -> 0x9E93
mem[X,0x0000000080000ED6] -> 0x00BE
[954] [M]: 0x0000000080000ED4 (0x00BE9E93) slli t4, t4, 0xb
x29 <- 0x0001703F3F014000

mem[X,0x0000000080000ED8] -> 0x8E93
mem[X,0x0000000080000EDA] -> 0x0C0E
[955] [M]: 0x0000000080000ED8 (0x0C0E8E93) addi t4, t4, 0xc0
x29 <- 0x0001703F3F0140C0

mem[X,0x0000000080000EDC] -> 0x9E93
mem[X,0x0000000080000EDE] -> 0x00AE
[956] [M]: 0x0000000080000EDC (0x00AE9E93) slli t4, t4, 0xa
x29 <- 0x05C0FCFC05030000

mem[X,0x0000000080000EE0] -> 0x8E93
mem[X,0x0000000080000EE2] -> 0x002E
[957] [M]: 0x0000000080000EE0 (0x002E8E93) addi t4, t4, 0x2
x29 <- 0x05C0FCFC05030002

mem[X,0x0000000080000EE4] -> 0x0FBB
mem[X,0x0000000080000EE6] -> 0xDDDF
[958] [M]: 0x0000000080000EE4 (0xDDDF0FBB) pasub.b t6, t5, t4
x31 <- 0xF91EC203F93E0401

mem[X,0x0000000080000EE8] -> 0xB823
mem[X,0x0000000080000EEA] -> 0x0FF0
[959] [M]: 0x0000000080000EE8 (0x0FF0B823) sd t6, 0xf0(ra)
mem[0x0000000080004288] <- 0xF91EC203F93E0401

mem[X,0x0000000080000EEC] -> 0x8F37
mem[X,0x0000000080000EEE] -> 0xF955
[960] [M]: 0x0000000080000EEC (0xF9558F37) lui t5, -0x6aa8
x30 <- 0xFFFFFFFFF9558000

mem[X,0x0000000080000EF0] -> 0x0F13
mem[X,0x0000000080000EF2] -> 0x005F
[961] [M]: 0x0000000080000EF0 (0x005F0F13) addi t5, t5, 0x5
x30 <- 0xFFFFFFFFF9558005

mem[X,0x0000000080000EF4] -> 0x1F13
mem[X,0x0000000080000EF6] -> 0x00BF
[962] [M]: 0x0000000080000EF4 (0x00BF1F13) slli t5, t5, 0xb
x30 <- 0xFFFFFFCAAC002800

mem[X,0x0000000080000EF8] -> 0x0F13
mem[X,0x0000000080000EFA] -> 0x550F
[963] [M]: 0x0000000080000EF8 (0x550F0F13) addi t5, t5, 0x550
x30 <- 0xFFFFFFCAAC002D50

mem[X,0x0000000080000EFC] -> 0x1F13
mem[X,0x0000000080000EFE] -> 0x00BF
[964] [M]: 0x0000000080000EFC (0x00BF1F13) slli t5, t5, 0xb
x30 <- 0xFFFE5560016A8000

mem[X,0x0000000080000F00] -> 0x0F13
mem[X,0x0000000080000F02] -> 0x07EF
[965] [M]: 0x0000000080000F00 (0x07EF0F13) addi t5, t5, 0x7e
x30 <- 0xFFFE5560016A807E

mem[X,0x0000000080000F04] -> 0x1F13
mem[X,0x0000000080000F06] -> 0x00AF
[966] [M]: 0x0000000080000F04 (0x00AF1F13) slli t5, t5, 0xa
x30 <- 0xF9558005AA01F800

mem[X,0x0000000080000F08] -> 0x0F13
mem[X,0x0000000080000F0A] -> 0x2F6F
[967] [M]: 0x0000000080000F08 (0x2F6F0F13) addi t5, t5, 0x2f6
x30 <- 0xF9558005AA01FAF6

mem[X,0x0000000080000F0C] -> 0x1EB7
mem[X,0x0000000080000F0E] -> 0x0002
[968] [M]: 0x0000000080000F0C (0x00021EB7) lui t4, 0x21
x29 <- 0x0000000000021000

mem[X,0x0000000080000F10] -> 0x8E93
mem[X,0x0000000080000F12] -> 0x055E
[969] [M]: 0x0000000080000F10 (0x055E8E93) addi t4, t4, 0x55
x29 <- 0x0000000000021055

mem[X,0x0000000080000F14] -> 0x9E93
mem[X,0x0000000080000F16] -> 0x00BE
[970] [M]: 0x0000000080000F14 (0x00BE9E93) slli t4, t4, 0xb
x29 <- 0x000000001082A800

mem[X,0x0000000080000F18] -> 0x8E93
mem[X,0x0000000080000F1A] -> 0x7D8E
[971] [M]: 0x0000000080000F18 (0x7D8E8E93) addi t4, t4, 0x7d8
x29 <- 0x000000001082AFD8

mem[X,0x0000000080000F1C] -> 0x9E93
mem[X,0x0000000080000F1E] -> 0x00BE
[972] [M]: 0x0000000080000F1C (0x00BE9E93) slli t4, t4, 0xb
x29 <- 0x00000084157EC000

mem[X,0x0000000080000F20] -> 0x8E93
mem[X,0x0000000080000F22] -> 0x130E
[973] [M]: 0x0000000080000F20 (0x130E8E93) addi t4, t4, 0x130
x29 <- 0x00000084157EC130

mem[X,0x0000000080000F24] -> 0x9E93
mem[X,0x0000000080000F26] -> 0x00AE
[974] [M]: 0x0000000080000F24 (0x00AE9E93) slli t4, t4, 0xa
x29 <- 0x00021055FB04C000

mem[X,0x0000000080000F28] -> 0x8E93
mem[X,0x0000000080000F2A] -> 0x0DFE
[975] [M]: 0x0000000080000F28 (0x0DFE8E93) addi t4, t4, 0xdf
x29 <- 0x00021055FB04C0DF

mem[X,0x0000000080000F2C] -> 0x0FBB
mem[X,0x0000000080000F2E] -> 0xDDDF
[976] [M]: 0x0000000080000F2C (0xDDDF0FBB) pasub.b t6, t5, t4
x31 <- 0xFC29B8D8D7FE1D0B

mem[X,0x0000000080000F30] -> 0xBC23
mem[X,0x0000000080000F32] -> 0x0FF0
[977] [M]: 0x0000000080000F30 (0x0FF0BC23) sd t6, 0xf8(ra)
mem[0x0000000080004290] <- 0xFC29B8D8D7FE1D0B

mem[X,0x0000000080000F34] -> 0xFF37
mem[X,0x0000000080000F36] -> 0x08FA
[978] [M]: 0x0000000080000F34 (0x08FAFF37) lui t5, 0x8faf
x30 <- 0x0000000008FAF000

mem[X,0x0000000080000F38] -> 0x0F13
mem[X,0x0000000080000F3A] -> 0x610F
[979] [M]: 0x0000000080000F38 (0x610F0F13) addi t5, t5, 0x610
x30 <- 0x0000000008FAF610

mem[X,0x0000000080000F3C] -> 0x1F13
mem[X,0x0000000080000F3E] -> 0x00BF
[980] [M]: 0x0000000080000F3C (0x00BF1F13) slli t5, t5, 0xb
x30 <- 0x00000047D7B08000

mem[X,0x0000000080000F40] -> 0x0F13
mem[X,0x0000000080000F42] -> 0x77FF
[981] [M]: 0x0000000080000F40 (0x77FF0F13) addi t5, t5, 0x77f
x30 <- 0x00000047D7B0877F

mem[X,0x0000000080000F44] -> 0x1F13
mem[X,0x0000000080000F46] -> 0x00BF
[982] [M]: 0x0000000080000F44 (0x00BF1F13) slli t5, t5, 0xb
x30 <- 0x00023EBD843BF800

mem[X,0x0000000080000F48] -> 0x0F13
mem[X,0x0000000080000F4A] -> 0x660F
[983] [M]: 0x0000000080000F48 (0x660F0F13) addi t5, t5, 0x660
x30 <- 0x00023EBD843BFE60

mem[X,0x0000000080000F4C] -> 0x1F13
mem[X,0x0000000080000F4E] -> 0x00AF
[984] [M]: 0x0000000080000F4C (0x00AF1F13) slli t5, t5, 0xa
x30 <- 0x08FAF610EFF98000

mem[X,0x0000000080000F50] -> 0x0F13
mem[X,0x0000000080000F52] -> 0x0FBF
[985] [M]: 0x0000000080000F50 (0x0FBF0F13) addi t5, t5, 0xfb
x30 <- 0x08FAF610EFF980FB

mem[X,0x0000000080000F54] -> 0x0EB7
mem[X,0x0000000080000F56] -> 0xFC20
[986] [M]: 0x0000000080000F54 (0xFC200EB7) lui t4, -0x3e00
x29 <- 0xFFFFFFFFFC200000

mem[X,0x0000000080000F58] -> 0x8E93
mem[X,0x0000000080000F5A] -> 0x508E
[987] [M]: 0x0000000080000F58 (0x508E8E93) addi t4, t4, 0x508
x29 <- 0xFFFFFFFFFC200508

mem[X,0x0000000080000F5C] -> 0x9E93
mem[X,0x0000000080000F5E] -> 0x00BE
[988] [M]: 0x0000000080000F5C (0x00BE9E93) slli t4, t4, 0xb
x29 <- 0xFFFFFFE100284000

mem[X,0x0000000080000F60] -> 0x8E93
mem[X,0x0000000080000F62] -> 0x1FFE
[989] [M]: 0x0000000080000F60 (0x1FFE8E93) addi t4, t4, 0x1ff
x29 <- 0xFFFFFFE1002841FF

mem[X,0x0000000080000F64] -> 0x9E93
mem[X,0x0000000080000F66] -> 0x00BE
[990] [M]: 0x0000000080000F64 (0x00BE9E93) slli t4, t4, 0xb
x29 <- 0xFFFF0801420FF800

mem[X,0x0000000080000F68] -> 0x8E93
mem[X,0x0000000080000F6A] -> 0x7C0E
[991] [M]: 0x0000000080000F68 (0x7C0E8E93) addi t4, t4, 0x7c0
x29 <- 0xFFFF0801420FFFC0

mem[X,0x0000000080000F6C] -> 0x9E93
mem[X,0x0000000080000F6E] -> 0x00AE
[992] [M]: 0x0000000080000F6C (0x00AE9E93) slli t4, t4, 0xa
x29 <- 0xFC2005083FFF0000

mem[X,0x0000000080000F70] -> 0x8E93
mem[X,0x0000000080000F72] -> 0x002E
[993] [M]: 0x0000000080000F70 (0x002E8E93) addi t4, t4, 0x2
x29 <- 0xFC2005083FFF0002

mem[X,0x0000000080000F74] -> 0x0FBB
mem[X,0x0000000080000F76] -> 0xDDDF
[994] [M]: 0x0000000080000F74 (0xDDDF0FBB) pasub.b t6, t5, t4
x31 <- 0x06EDF804D8FDC0FC

mem[X,0x0000000080000F78] -> 0xB023
mem[X,0x0000000080000F7A] -> 0x11F0
[995] [M]: 0x0000000080000F78 (0x11F0B023) sd t6, 0x100(ra)
mem[0x0000000080004298] <- 0x06EDF804D8FDC0FC

mem[X,0x0000000080000F7C] -> 0xCF37
mem[X,0x0000000080000F7E] -> 0xDFF9
[996] [M]: 0x0000000080000F7C (0xDFF9CF37) lui t5, -0x20064
x30 <- 0xFFFFFFFFDFF9C000

mem[X,0x0000000080000F80] -> 0x0F13
mem[X,0x0000000080000F82] -> 0x0FCF
[997] [M]: 0x0000000080000F80 (0x0FCF0F13) addi t5, t5, 0xfc
x30 <- 0xFFFFFFFFDFF9C0FC

mem[X,0x0000000080000F84] -> 0x1F13
mem[X,0x0000000080000F86] -> 0x00BF
[998] [M]: 0x0000000080000F84 (0x00BF1F13) slli t5, t5, 0xb
x30 <- 0xFFFFFEFFCE07E000

mem[X,0x0000000080000F88] -> 0x0F13
mem[X,0x0000000080000F8A] -> 0x028F
[999] [M]: 0x0000000080000F88 (0x028F0F13) addi t5, t5, 0x28
x30 <- 0xFFFFFEFFCE07E028

clint::tick mtime <- 0x000000000000000A
 clint timer pending at mtime 0x000000000000000A
htif::tick 0x0000000000000000
mem[X,0x0000000080000F8C] -> 0x1F13
mem[X,0x0000000080000F8E] -> 0x00BF
[1000] [M]: 0x0000000080000F8C (0x00BF1F13) slli t5, t5, 0xb
x30 <- 0xFFF7FE703F014000

mem[X,0x0000000080000F90] -> 0x0F13
mem[X,0x0000000080000F92] -> 0x241F
[1001] [M]: 0x0000000080000F90 (0x241F0F13) addi t5, t5, 0x241
x30 <- 0xFFF7FE703F014241

mem[X,0x0000000080000F94] -> 0x1F13
mem[X,0x0000000080000F96] -> 0x00AF
[1002] [M]: 0x0000000080000F94 (0x00AF1F13) slli t5, t5, 0xa
x30 <- 0xDFF9C0FC05090400

mem[X,0x0000000080000F98] -> 0x0F13
mem[X,0x0000000080000F9A] -> 0x1BFF
[1003] [M]: 0x0000000080000F98 (0x1BFF0F13) addi t5, t5, 0x1bf
x30 <- 0xDFF9C0FC050905BF

mem[X,0x0000000080000F9C] -> 0x4EB7
mem[X,0x0000000080000F9E] -> 0x0108
[1004] [M]: 0x0000000080000F9C (0x01084EB7) lui t4, 0x1084
x29 <- 0x0000000001084000

mem[X,0x0000000080000FA0] -> 0x8E93
mem[X,0x0000000080000FA2] -> 0x000E
[1005] [M]: 0x0000000080000FA0 (0x000E8E93) addi t4, t4, 0x0
x29 <- 0x0000000001084000

mem[X,0x0000000080000FA4] -> 0x9E93
mem[X,0x0000000080000FA6] -> 0x00BE
[1006] [M]: 0x0000000080000FA4 (0x00BE9E93) slli t4, t4, 0xb
x29 <- 0x0000000842000000

mem[X,0x0000000080000FA8] -> 0x8E93
mem[X,0x0000000080000FAA] -> 0x600E
[1007] [M]: 0x0000000080000FA8 (0x600E8E93) addi t4, t4, 0x600
x29 <- 0x0000000842000600

mem[X,0x0000000080000FAC] -> 0x9E93
mem[X,0x0000000080000FAE] -> 0x00BE
[1008] [M]: 0x0000000080000FAC (0x00BE9E93) slli t4, t4, 0xb
x29 <- 0x0000421000300000

mem[X,0x0000000080000FB0] -> 0x8E93
mem[X,0x0000000080000FB2] -> 0x08FE
[1009] [M]: 0x0000000080000FB0 (0x08FE8E93) addi t4, t4, 0x8f
x29 <- 0x000042100030008F

mem[X,0x0000000080000FB4] -> 0x9E93
mem[X,0x0000000080000FB6] -> 0x00AE
[1010] [M]: 0x0000000080000FB4 (0x00AE9E93) slli t4, t4, 0xa
x29 <- 0x01084000C0023C00

mem[X,0x0000000080000FB8] -> 0x8E93
mem[X,0x0000000080000FBA] -> 0x3BFE
[1011] [M]: 0x0000000080000FB8 (0x3BFE8E93) addi t4, t4, 0x3bf
x29 <- 0x01084000C0023FBF

mem[X,0x0000000080000FBC] -> 0x0FBB
mem[X,0x0000000080000FBE] -> 0xDDDF
[1012] [M]: 0x0000000080000FBC (0xDDDF0FBB) pasub.b t6, t5, t4
x31 <- 0xEFF8C0FE2203E300

mem[X,0x0000000080000FC0] -> 0xB423
mem[X,0x0000000080000FC2] -> 0x11F0
[1013] [M]: 0x0000000080000FC0 (0x11F0B423) sd t6, 0x108(ra)
mem[0x00000000800042A0] <- 0xEFF8C0FE2203E300

mem[X,0x0000000080000FC4] -> 0x0F37
mem[X,0x0000000080000FC6] -> 0xFBF7
[1014] [M]: 0x0000000080000FC4 (0xFBF70F37) lui t5, -0x4090
x30 <- 0xFFFFFFFFFBF70000

mem[X,0x0000000080000FC8] -> 0x0F13
mem[X,0x0000000080000FCA] -> 0x53FF
[1015] [M]: 0x0000000080000FC8 (0x53FF0F13) addi t5, t5, 0x53f
x30 <- 0xFFFFFFFFFBF7053F

mem[X,0x0000000080000FCC] -> 0x1F13
mem[X,0x0000000080000FCE] -> 0x00BF
[1016] [M]: 0x0000000080000FCC (0x00BF1F13) slli t5, t5, 0xb
x30 <- 0xFFFFFFDFB829F800

mem[X,0x0000000080000FD0] -> 0x0F13
mem[X,0x0000000080000FD2] -> 0x01FF
[1017] [M]: 0x0000000080000FD0 (0x01FF0F13) addi t5, t5, 0x1f
x30 <- 0xFFFFFFDFB829F81F

mem[X,0x0000000080000FD4] -> 0x1F13
mem[X,0x0000000080000FD6] -> 0x00BF
[1018] [M]: 0x0000000080000FD4 (0x00BF1F13) slli t5, t5, 0xb
x30 <- 0xFFFEFDC14FC0F800

mem[X,0x0000000080000FD8] -> 0x0F13
mem[X,0x0000000080000FDA] -> 0x615F
[1019] [M]: 0x0000000080000FD8 (0x615F0F13) addi t5, t5, 0x615
x30 <- 0xFFFEFDC14FC0FE15

mem[X,0x0000000080000FDC] -> 0x1F13
mem[X,0x0000000080000FDE] -> 0x00AF
[1020] [M]: 0x0000000080000FDC (0x00AF1F13) slli t5, t5, 0xa
x30 <- 0xFBF7053F03F85400

mem[X,0x0000000080000FE0] -> 0x0F13
mem[X,0x0000000080000FE2] -> 0x101F
[1021] [M]: 0x0000000080000FE0 (0x101F0F13) addi t5, t5, 0x101
x30 <- 0xFBF7053F03F85501

mem[X,0x0000000080000FE4] -> 0x1EB7
mem[X,0x0000000080000FE6] -> 0xF710
[1022] [M]: 0x0000000080000FE4 (0xF7101EB7) lui t4, -0x8eff
x29 <- 0xFFFFFFFFF7101000

mem[X,0x0000000080000FE8] -> 0x8E93
mem[X,0x0000000080000FEA] -> 0x907E
[1023] [M]: 0x0000000080000FE8 (0x907E8E93) addi t4, t4, -0x6f9
x29 <- 0xFFFFFFFFF7100907

mem[X,0x0000000080000FEC] -> 0x9E93
mem[X,0x0000000080000FEE] -> 0x00BE
[1024] [M]: 0x0000000080000FEC (0x00BE9E93) slli t4, t4, 0xb
x29 <- 0xFFFFFFB880483800

mem[X,0x0000000080000FF0] -> 0x8E93
mem[X,0x0000000080000FF2] -> 0x7F8E
[1025] [M]: 0x0000000080000FF0 (0x7F8E8E93) addi t4, t4, 0x7f8
x29 <- 0xFFFFFFB880483FF8

mem[X,0x0000000080000FF4] -> 0x9E93
mem[X,0x0000000080000FF6] -> 0x00BE
[1026] [M]: 0x0000000080000FF4 (0x00BE9E93) slli t4, t4, 0xb
x29 <- 0xFFFDC40241FFC000

mem[X,0x0000000080000FF8] -> 0x8E93
mem[X,0x0000000080000FFA] -> 0x180E
[1027] [M]: 0x0000000080000FF8 (0x180E8E93) addi t4, t4, 0x180
x29 <- 0xFFFDC40241FFC180

mem[X,0x0000000080000FFC] -> 0x9E93
mem[X,0x0000000080000FFE] -> 0x00AE
[1028] [M]: 0x0000000080000FFC (0x00AE9E93) slli t4, t4, 0xa
x29 <- 0xF7100907FF060000

mem[X,0x0000000080001000] -> 0x8E93
mem[X,0x0000000080001002] -> 0x104E
[1029] [M]: 0x0000000080001000 (0x104E8E93) addi t4, t4, 0x104
x29 <- 0xF7100907FF060104

mem[X,0x0000000080001004] -> 0x0FBB
mem[X,0x0000000080001006] -> 0xDDDF
[1030] [M]: 0x0000000080001004 (0xDDDF0FBB) pasub.b t6, t5, t4
x31 <- 0x02F3FE1C02F92AFE

mem[X,0x0000000080001008] -> 0xB823
mem[X,0x000000008000100A] -> 0x11F0
[1031] [M]: 0x0000000080001008 (0x11F0B823) sd t6, 0x110(ra)
mem[0x00000000800042A8] <- 0x02F3FE1C02F92AFE

mem[X,0x000000008000100C] -> 0xBF37
mem[X,0x000000008000100E] -> 0xFA04
[1032] [M]: 0x000000008000100C (0xFA04BF37) lui t5, -0x5fb5
x30 <- 0xFFFFFFFFFA04B000

mem[X,0x0000000080001010] -> 0x0F13
mem[X,0x0000000080001012] -> 0xADFF
[1033] [M]: 0x0000000080001010 (0xADFF0F13) addi t5, t5, -0x521
x30 <- 0xFFFFFFFFFA04AADF

mem[X,0x0000000080001014] -> 0x1F13
mem[X,0x0000000080001016] -> 0x00BF
[1034] [M]: 0x0000000080001014 (0x00BF1F13) slli t5, t5, 0xb
x30 <- 0xFFFFFFD02556F800

mem[X,0x0000000080001018] -> 0x0F13
mem[X,0x000000008000101A] -> 0x7F6F
[1035] [M]: 0x0000000080001018 (0x7F6F0F13) addi t5, t5, 0x7f6
x30 <- 0xFFFFFFD02556FFF6

mem[X,0x000000008000101C] -> 0x1F13
mem[X,0x000000008000101E] -> 0x00BF
[1036] [M]: 0x000000008000101C (0x00BF1F13) slli t5, t5, 0xb
x30 <- 0xFFFE812AB7FFB000

mem[X,0x0000000080001020] -> 0x0F13
mem[X,0x0000000080001022] -> 0x002F
[1037] [M]: 0x0000000080001020 (0x002F0F13) addi t5, t5, 0x2
x30 <- 0xFFFE812AB7FFB002

mem[X,0x0000000080001024] -> 0x1F13
mem[X,0x0000000080001026] -> 0x00AF
[1038] [M]: 0x0000000080001024 (0x00AF1F13) slli t5, t5, 0xa
x30 <- 0xFA04AADFFEC00800

mem[X,0x0000000080001028] -> 0x0F13
mem[X,0x000000008000102A] -> 0x1F7F
[1039] [M]: 0x0000000080001028 (0x1F7F0F13) addi t5, t5, 0x1f7
x30 <- 0xFA04AADFFEC009F7

mem[X,0x000000008000102C] -> 0x0EB7
mem[X,0x000000008000102E] -> 0x3F81
[1040] [M]: 0x000000008000102C (0x3F810EB7) lui t4, 0x3f810
x29 <- 0x000000003F810000

mem[X,0x0000000080001030] -> 0x8E93
mem[X,0x0000000080001032] -> 0xF55E
[1041] [M]: 0x0000000080001030 (0xF55E8E93) addi t4, t4, -0xab
x29 <- 0x000000003F80FF55

mem[X,0x0000000080001034] -> 0x9E93
mem[X,0x0000000080001036] -> 0x00BE
[1042] [M]: 0x0000000080001034 (0x00BE9E93) slli t4, t4, 0xb
x29 <- 0x000001FC07FAA800

mem[X,0x0000000080001038] -> 0x8E93
mem[X,0x000000008000103A] -> 0x027E
[1043] [M]: 0x0000000080001038 (0x027E8E93) addi t4, t4, 0x27
x29 <- 0x000001FC07FAA827

mem[X,0x000000008000103C] -> 0x9E93
mem[X,0x000000008000103E] -> 0x00BE
[1044] [M]: 0x000000008000103C (0x00BE9E93) slli t4, t4, 0xb
x29 <- 0x000FE03FD5413800

mem[X,0x0000000080001040] -> 0x8E93
mem[X,0x0000000080001042] -> 0x601E
[1045] [M]: 0x0000000080001040 (0x601E8E93) addi t4, t4, 0x601
x29 <- 0x000FE03FD5413E01

mem[X,0x0000000080001044] -> 0x9E93
mem[X,0x0000000080001046] -> 0x00AE
[1046] [M]: 0x0000000080001044 (0x00AE9E93) slli t4, t4, 0xa
x29 <- 0x3F80FF5504F80400

mem[X,0x0000000080001048] -> 0x8E93
mem[X,0x000000008000104A] -> 0x010E
[1047] [M]: 0x0000000080001048 (0x010E8E93) addi t4, t4, 0x10
x29 <- 0x3F80FF5504F80410

mem[X,0x000000008000104C] -> 0x0FBB
mem[X,0x000000008000104E] -> 0xDDDF
[1048] [M]: 0x000000008000104C (0xDDDF0FBB) pasub.b t6, t5, t4
x31 <- 0xDD42D5C5FDE402F3

mem[X,0x0000000080001050] -> 0xBC23
mem[X,0x0000000080001052] -> 0x11F0
[1049] [M]: 0x0000000080001050 (0x11F0BC23) sd t6, 0x118(ra)
mem[0x00000000800042B0] <- 0xDD42D5C5FDE402F3

mem[X,0x0000000080001054] -> 0x1F37
mem[X,0x0000000080001056] -> 0x7FF8
[1050] [M]: 0x0000000080001054 (0x7FF81F37) lui t5, 0x7ff81
x30 <- 0x000000007FF81000

mem[X,0x0000000080001058] -> 0x0F13
mem[X,0x000000008000105A] -> 0x009F
[1051] [M]: 0x0000000080001058 (0x009F0F13) addi t5, t5, 0x9
x30 <- 0x000000007FF81009

mem[X,0x000000008000105C] -> 0x1F13
mem[X,0x000000008000105E] -> 0x00BF
[1052] [M]: 0x000000008000105C (0x00BF1F13) slli t5, t5, 0xb
x30 <- 0x000003FFC0804800

mem[X,0x0000000080001060] -> 0x0F13
mem[X,0x0000000080001062] -> 0x7B7F
[1053] [M]: 0x0000000080001060 (0x7B7F0F13) addi t5, t5, 0x7b7
x30 <- 0x000003FFC0804FB7

mem[X,0x0000000080001064] -> 0x1F13
mem[X,0x0000000080001066] -> 0x00BF
[1054] [M]: 0x0000000080001064 (0x00BF1F13) slli t5, t5, 0xb
x30 <- 0x001FFE04027DB800

mem[X,0x0000000080001068] -> 0x0F13
mem[X,0x000000008000106A] -> 0x7FBF
[1055] [M]: 0x0000000080001068 (0x7FBF0F13) addi t5, t5, 0x7fb
x30 <- 0x001FFE04027DBFFB

mem[X,0x000000008000106C] -> 0x1F13
mem[X,0x000000008000106E] -> 0x00AF
[1056] [M]: 0x000000008000106C (0x00AF1F13) slli t5, t5, 0xa
x30 <- 0x7FF81009F6FFEC00

mem[X,0x0000000080001070] -> 0x0F13
mem[X,0x0000000080001072] -> 0x309F
[1057] [M]: 0x0000000080001070 (0x309F0F13) addi t5, t5, 0x309
x30 <- 0x7FF81009F6FFEF09

mem[X,0x0000000080001074] -> 0x1EB7
mem[X,0x0000000080001076] -> 0x03F6
[1058] [M]: 0x0000000080001074 (0x03F61EB7) lui t4, 0x3f61
x29 <- 0x0000000003F61000

mem[X,0x0000000080001078] -> 0x8E93
mem[X,0x000000008000107A] -> 0x8EFE
[1059] [M]: 0x0000000080001078 (0x8EFE8E93) addi t4, t4, -0x711
x29 <- 0x0000000003F608EF

mem[X,0x000000008000107C] -> 0x9E93
mem[X,0x000000008000107E] -> 0x00BE
[1060] [M]: 0x000000008000107C (0x00BE9E93) slli t4, t4, 0xb
x29 <- 0x0000001FB0477800

mem[X,0x0000000080001080] -> 0x8E93
mem[X,0x0000000080001082] -> 0x027E
[1061] [M]: 0x0000000080001080 (0x027E8E93) addi t4, t4, 0x27
x29 <- 0x0000001FB0477827

mem[X,0x0000000080001084] -> 0x9E93
mem[X,0x0000000080001086] -> 0x00BE
[1062] [M]: 0x0000000080001084 (0x00BE9E93) slli t4, t4, 0xb
x29 <- 0x0000FD823BC13800

mem[X,0x0000000080001088] -> 0x8E93
mem[X,0x000000008000108A] -> 0x5DFE
[1063] [M]: 0x0000000080001088 (0x5DFE8E93) addi t4, t4, 0x5df
x29 <- 0x0000FD823BC13DDF

mem[X,0x000000008000108C] -> 0x9E93
mem[X,0x000000008000108E] -> 0x00AE
[1064] [M]: 0x000000008000108C (0x00AE9E93) slli t4, t4, 0xa
x29 <- 0x03F608EF04F77C00

mem[X,0x0000000080001090] -> 0x8E93
mem[X,0x0000000080001092] -> 0x303E
[1065] [M]: 0x0000000080001090 (0x303E8E93) addi t4, t4, 0x303
x29 <- 0x03F608EF04F77F03

mem[X,0x0000000080001094] -> 0x0FBB
mem[X,0x0000000080001096] -> 0xDDDF
[1066] [M]: 0x0000000080001094 (0xDDDF0FBB) pasub.b t6, t5, t4
x31 <- 0x3E01040DF904B803

mem[X,0x0000000080001098] -> 0xB023
mem[X,0x000000008000109A] -> 0x13F0
[1067] [M]: 0x0000000080001098 (0x13F0B023) sd t6, 0x120(ra)
mem[0x00000000800042B8] <- 0x3E01040DF904B803

mem[X,0x000000008000109C] -> 0xCF37
mem[X,0x000000008000109E] -> 0x4002
[1068] [M]: 0x000000008000109C (0x4002CF37) lui t5, 0x4002c
x30 <- 0x000000004002C000

mem[X,0x00000000800010A0] -> 0x0F13
mem[X,0x00000000800010A2] -> 0x0FFF
[1069] [M]: 0x00000000800010A0 (0x0FFF0F13) addi t5, t5, 0xff
x30 <- 0x000000004002C0FF

mem[X,0x00000000800010A4] -> 0x1F13
mem[X,0x00000000800010A6] -> 0x00BF
[1070] [M]: 0x00000000800010A4 (0x00BF1F13) slli t5, t5, 0xb
x30 <- 0x000002001607F800

mem[X,0x00000000800010A8] -> 0x0F13
mem[X,0x00000000800010AA] -> 0x02FF
[1071] [M]: 0x00000000800010A8 (0x02FF0F13) addi t5, t5, 0x2f
x30 <- 0x000002001607F82F

mem[X,0x00000000800010AC] -> 0x1F13
mem[X,0x00000000800010AE] -> 0x00BF
[1072] [M]: 0x00000000800010AC (0x00BF1F13) slli t5, t5, 0xb
x30 <- 0x001000B03FC17800

mem[X,0x00000000800010B0] -> 0x0F13
mem[X,0x00000000800010B2] -> 0x73DF
[1073] [M]: 0x00000000800010B0 (0x73DF0F13) addi t5, t5, 0x73d
x30 <- 0x001000B03FC17F3D

mem[X,0x00000000800010B4] -> 0x1F13
mem[X,0x00000000800010B6] -> 0x00AF
[1074] [M]: 0x00000000800010B4 (0x00AF1F13) slli t5, t5, 0xa
x30 <- 0x4002C0FF05FCF400

mem[X,0x00000000800010B8] -> 0x0F13
mem[X,0x00000000800010BA] -> 0x2FBF
[1075] [M]: 0x00000000800010B8 (0x2FBF0F13) addi t5, t5, 0x2fb
x30 <- 0x4002C0FF05FCF6FB

mem[X,0x00000000800010BC] -> 0xFEB7
mem[X,0x00000000800010BE] -> 0xF6BF
[1076] [M]: 0x00000000800010BC (0xF6BFFEB7) lui t4, -0x9401
x29 <- 0xFFFFFFFFF6BFF000

mem[X,0x00000000800010C0] -> 0x8E93
mem[X,0x00000000800010C2] -> 0xFDFE
[1077] [M]: 0x00000000800010C0 (0xFDFE8E93) addi t4, t4, -0x21
x29 <- 0xFFFFFFFFF6BFEFDF

mem[X,0x00000000800010C4] -> 0x9E93
mem[X,0x00000000800010C6] -> 0x00BE
[1078] [M]: 0x00000000800010C4 (0x00BE9E93) slli t4, t4, 0xb
x29 <- 0xFFFFFFB5FF7EF800

mem[X,0x00000000800010C8] -> 0x8E93
mem[X,0x00000000800010CA] -> 0x407E
[1079] [M]: 0x00000000800010C8 (0x407E8E93) addi t4, t4, 0x407
x29 <- 0xFFFFFFB5FF7EFC07

mem[X,0x00000000800010CC] -> 0x9E93
mem[X,0x00000000800010CE] -> 0x00BE
[1080] [M]: 0x00000000800010CC (0x00BE9E93) slli t4, t4, 0xb
x29 <- 0xFFFDAFFBF7E03800

mem[X,0x00000000800010D0] -> 0x8E93
mem[X,0x00000000800010D2] -> 0x7C4E
[1081] [M]: 0x00000000800010D0 (0x7C4E8E93) addi t4, t4, 0x7c4
x29 <- 0xFFFDAFFBF7E03FC4

mem[X,0x00000000800010D4] -> 0x9E93
mem[X,0x00000000800010D6] -> 0x00AE
[1082] [M]: 0x00000000800010D4 (0x00AE9E93) slli t4, t4, 0xa
x29 <- 0xF6BFEFDF80FF1000

mem[X,0x00000000800010D8] -> 0x8E93
mem[X,0x00000000800010DA] -> 0x0F9E
[1083] [M]: 0x00000000800010D8 (0x0F9E8E93) addi t4, t4, 0xf9
x29 <- 0xF6BFEFDF80FF10F9

mem[X,0x00000000800010DC] -> 0x0FBB
mem[X,0x00000000800010DE] -> 0xDDDF
[1084] [M]: 0x00000000800010DC (0xDDDF0FBB) pasub.b t6, t5, t4
x31 <- 0x2521E81042FEF301

mem[X,0x00000000800010E0] -> 0xB423
mem[X,0x00000000800010E2] -> 0x13F0
[1085] [M]: 0x00000000800010E0 (0x13F0B423) sd t6, 0x128(ra)
mem[0x00000000800042C0] <- 0x2521E81042FEF301

mem[X,0x00000000800010E4] -> 0xFF37
mem[X,0x00000000800010E6] -> 0x40FF
[1086] [M]: 0x00000000800010E4 (0x40FFFF37) lui t5, 0x40fff
x30 <- 0x0000000040FFF000

mem[X,0x00000000800010E8] -> 0x0F13
mem[X,0x00000000800010EA] -> 0xF01F
[1087] [M]: 0x00000000800010E8 (0xF01F0F13) addi t5, t5, -0xff
x30 <- 0x0000000040FFEF01

mem[X,0x00000000800010EC] -> 0x1F13
mem[X,0x00000000800010EE] -> 0x00BF
[1088] [M]: 0x00000000800010EC (0x00BF1F13) slli t5, t5, 0xb
x30 <- 0x00000207FF780800

mem[X,0x00000000800010F0] -> 0x0F13
mem[X,0x00000000800010F2] -> 0x03FF
[1089] [M]: 0x00000000800010F0 (0x03FF0F13) addi t5, t5, 0x3f
x30 <- 0x00000207FF78083F

mem[X,0x00000000800010F4] -> 0x1F13
mem[X,0x00000000800010F6] -> 0x00BF
[1090] [M]: 0x00000000800010F4 (0x00BF1F13) slli t5, t5, 0xb
x30 <- 0x00103FFBC041F800

mem[X,0x00000000800010F8] -> 0x0F13
mem[X,0x00000000800010FA] -> 0x78FF
[1091] [M]: 0x00000000800010F8 (0x78FF0F13) addi t5, t5, 0x78f
x30 <- 0x00103FFBC041FF8F

mem[X,0x00000000800010FC] -> 0x1F13
mem[X,0x00000000800010FE] -> 0x00AF
[1092] [M]: 0x00000000800010FC (0x00AF1F13) slli t5, t5, 0xa
x30 <- 0x40FFEF0107FE3C00

mem[X,0x0000000080001100] -> 0x0F13
mem[X,0x0000000080001102] -> 0x300F
[1093] [M]: 0x0000000080001100 (0x300F0F13) addi t5, t5, 0x300
x30 <- 0x40FFEF0107FE3F00

mem[X,0x0000000080001104] -> 0x0EB7
mem[X,0x0000000080001106] -> 0xFB80
[1094] [M]: 0x0000000080001104 (0xFB800EB7) lui t4, -0x4800
x29 <- 0xFFFFFFFFFB800000

mem[X,0x0000000080001108] -> 0x8E93
mem[X,0x000000008000110A] -> 0xF80E
[1095] [M]: 0x0000000080001108 (0xF80E8E93) addi t4, t4, -0x80
x29 <- 0xFFFFFFFFFB7FFF80

mem[X,0x000000008000110C] -> 0x9E93
mem[X,0x000000008000110E] -> 0x00BE
[1096] [M]: 0x000000008000110C (0x00BE9E93) slli t4, t4, 0xb
x29 <- 0xFFFFFFDBFFFC0000

mem[X,0x0000000080001110] -> 0x8E93
mem[X,0x0000000080001112] -> 0x7C9E
[1097] [M]: 0x0000000080001110 (0x7C9E8E93) addi t4, t4, 0x7c9
x29 <- 0xFFFFFFDBFFFC07C9

mem[X,0x0000000080001114] -> 0x9E93
mem[X,0x0000000080001116] -> 0x00BE
[1098] [M]: 0x0000000080001114 (0x00BE9E93) slli t4, t4, 0xb
x29 <- 0xFFFEDFFFE03E4800

mem[X,0x0000000080001118] -> 0x8E93
mem[X,0x000000008000111A] -> 0x7CFE
[1099] [M]: 0x0000000080001118 (0x7CFE8E93) addi t4, t4, 0x7cf
x29 <- 0xFFFEDFFFE03E4FCF

clint::tick mtime <- 0x000000000000000B
 clint timer pending at mtime 0x000000000000000B
htif::tick 0x0000000000000000
mem[X,0x000000008000111C] -> 0x9E93
mem[X,0x000000008000111E] -> 0x00AE
[1100] [M]: 0x000000008000111C (0x00AE9E93) slli t4, t4, 0xa
x29 <- 0xFB7FFF80F93F3C00

mem[X,0x0000000080001120] -> 0x8E93
mem[X,0x0000000080001122] -> 0x320E
[1101] [M]: 0x0000000080001120 (0x320E8E93) addi t4, t4, 0x320
x29 <- 0xFB7FFF80F93F3F20

mem[X,0x0000000080001124] -> 0x0FBB
mem[X,0x0000000080001126] -> 0xDDDF
[1102] [M]: 0x0000000080001124 (0xDDDF0FBB) pasub.b t6, t5, t4
x31 <- 0x22C0F84007DF00F0

mem[X,0x0000000080001128] -> 0xB823
mem[X,0x000000008000112A] -> 0x13F0
[1103] [M]: 0x0000000080001128 (0x13F0B823) sd t6, 0x130(ra)
mem[0x00000000800042C8] <- 0x22C0F84007DF00F0

mem[X,0x000000008000112C] -> 0x0F37
mem[X,0x000000008000112E] -> 0x7F02
[1104] [M]: 0x000000008000112C (0x7F020F37) lui t5, 0x7f020
x30 <- 0x000000007F020000

mem[X,0x0000000080001130] -> 0x0F13
mem[X,0x0000000080001132] -> 0xA07F
[1105] [M]: 0x0000000080001130 (0xA07F0F13) addi t5, t5, -0x5f9
x30 <- 0x000000007F01FA07

mem[X,0x0000000080001134] -> 0x1F13
mem[X,0x0000000080001136] -> 0x00BF
[1106] [M]: 0x0000000080001134 (0x00BF1F13) slli t5, t5, 0xb
x30 <- 0x000003F80FD03800

mem[X,0x0000000080001138] -> 0x0F13
mem[X,0x000000008000113A] -> 0x557F
[1107] [M]: 0x0000000080001138 (0x557F0F13) addi t5, t5, 0x557
x30 <- 0x000003F80FD03D57

mem[X,0x000000008000113C] -> 0x1F13
mem[X,0x000000008000113E] -> 0x00BF
[1108] [M]: 0x000000008000113C (0x00BF1F13) slli t5, t5, 0xb
x30 <- 0x001FC07E81EAB800

mem[X,0x0000000080001140] -> 0x0F13
mem[X,0x0000000080001142] -> 0x5C0F
[1109] [M]: 0x0000000080001140 (0x5C0F0F13) addi t5, t5, 0x5c0
x30 <- 0x001FC07E81EABDC0

mem[X,0x0000000080001144] -> 0x1F13
mem[X,0x0000000080001146] -> 0x00AF
[1110] [M]: 0x0000000080001144 (0x00AF1F13) slli t5, t5, 0xa
x30 <- 0x7F01FA07AAF70000

mem[X,0x0000000080001148] -> 0x0F13
mem[X,0x000000008000114A] -> 0x303F
[1111] [M]: 0x0000000080001148 (0x303F0F13) addi t5, t5, 0x303
x30 <- 0x7F01FA07AAF70303

mem[X,0x000000008000114C] -> 0xFEB7
mem[X,0x000000008000114E] -> 0xDFAA
[1112] [M]: 0x000000008000114C (0xDFAAFEB7) lui t4, -0x20551
x29 <- 0xFFFFFFFFDFAAF000

mem[X,0x0000000080001150] -> 0x8E93
mem[X,0x0000000080001152] -> 0xFBFE
[1113] [M]: 0x0000000080001150 (0xFBFE8E93) addi t4, t4, -0x41
x29 <- 0xFFFFFFFFDFAAEFBF

mem[X,0x0000000080001154] -> 0x9E93
mem[X,0x0000000080001156] -> 0x00BE
[1114] [M]: 0x0000000080001154 (0x00BE9E93) slli t4, t4, 0xb
x29 <- 0xFFFFFEFD577DF800

mem[X,0x0000000080001158] -> 0x8E93
mem[X,0x000000008000115A] -> 0x7D0E
[1115] [M]: 0x0000000080001158 (0x7D0E8E93) addi t4, t4, 0x7d0
x29 <- 0xFFFFFEFD577DFFD0

mem[X,0x000000008000115C] -> 0x9E93
mem[X,0x000000008000115E] -> 0x00BE
[1116] [M]: 0x000000008000115C (0x00BE9E93) slli t4, t4, 0xb
x29 <- 0xFFF7EABBEFFE8000

mem[X,0x0000000080001160] -> 0x8E93
mem[X,0x0000000080001162] -> 0x0D5E
[1117] [M]: 0x0000000080001160 (0x0D5E8E93) addi t4, t4, 0xd5
x29 <- 0xFFF7EABBEFFE80D5

mem[X,0x0000000080001164] -> 0x9E93
mem[X,0x0000000080001166] -> 0x00AE
[1118] [M]: 0x0000000080001164 (0x00AE9E93) slli t4, t4, 0xa
x29 <- 0xDFAAEFBFFA035400

mem[X,0x0000000080001168] -> 0x8E93
mem[X,0x000000008000116A] -> 0x120E
[1119] [M]: 0x0000000080001168 (0x120E8E93) addi t4, t4, 0x120
x29 <- 0xDFAAEFBFFA035520

mem[X,0x000000008000116C] -> 0x0FBB
mem[X,0x000000008000116E] -> 0xDDDF
[1120] [M]: 0x000000008000116C (0xDDDF0FBB) pasub.b t6, t5, t4
x31 <- 0x502B0524D8FAD7F1

mem[X,0x0000000080001170] -> 0xBC23
mem[X,0x0000000080001172] -> 0x13F0
[1121] [M]: 0x0000000080001170 (0x13F0BC23) sd t6, 0x138(ra)
mem[0x00000000800042D0] <- 0x502B0524D8FAD7F1

mem[X,0x0000000080001174] -> 0x1F37
mem[X,0x0000000080001176] -> 0x40FA
[1122] [M]: 0x0000000080001174 (0x40FA1F37) lui t5, 0x40fa1
x30 <- 0x0000000040FA1000

mem[X,0x0000000080001178] -> 0x0F13
mem[X,0x000000008000117A] -> 0x0EFF
[1123] [M]: 0x0000000080001178 (0x0EFF0F13) addi t5, t5, 0xef
x30 <- 0x0000000040FA10EF

mem[X,0x000000008000117C] -> 0x1F13
mem[X,0x000000008000117E] -> 0x00BF
[1124] [M]: 0x000000008000117C (0x00BF1F13) slli t5, t5, 0xb
x30 <- 0x00000207D0877800

mem[X,0x0000000080001180] -> 0x0F13
mem[X,0x0000000080001182] -> 0x7CAF
[1125] [M]: 0x0000000080001180 (0x7CAF0F13) addi t5, t5, 0x7ca
x30 <- 0x00000207D0877FCA

mem[X,0x0000000080001184] -> 0x1F13
mem[X,0x0000000080001186] -> 0x00BF
[1126] [M]: 0x0000000080001184 (0x00BF1F13) slli t5, t5, 0xb
x30 <- 0x00103E843BFE5000

mem[X,0x0000000080001188] -> 0x0F13
mem[X,0x000000008000118A] -> 0x001F
[1127] [M]: 0x0000000080001188 (0x001F0F13) addi t5, t5, 0x1
x30 <- 0x00103E843BFE5001

mem[X,0x000000008000118C] -> 0x1F13
mem[X,0x000000008000118E] -> 0x00AF
[1128] [M]: 0x000000008000118C (0x00AF1F13) slli t5, t5, 0xa
x30 <- 0x40FA10EFF9400400

mem[X,0x0000000080001190] -> 0x0F13
mem[X,0x0000000080001192] -> 0x2DFF
[1129] [M]: 0x0000000080001190 (0x2DFF0F13) addi t5, t5, 0x2df
x30 <- 0x40FA10EFF94006DF

mem[X,0x0000000080001194] -> 0x5EB7
mem[X,0x0000000080001196] -> 0xAAFA
[1130] [M]: 0x0000000080001194 (0xAAFA5EB7) lui t4, -0x5505b
x29 <- 0xFFFFFFFFAAFA5000

mem[X,0x0000000080001198] -> 0x8E93
mem[X,0x000000008000119A] -> 0x5AAE
[1131] [M]: 0x0000000080001198 (0x5AAE8E93) addi t4, t4, 0x5aa
x29 <- 0xFFFFFFFFAAFA55AA

mem[X,0x000000008000119C] -> 0x9E93
mem[X,0x000000008000119E] -> 0x00BE
[1132] [M]: 0x000000008000119C (0x00BE9E93) slli t4, t4, 0xb
x29 <- 0xFFFFFD57D2AD5000

mem[X,0x00000000800011A0] -> 0x8E93
mem[X,0x00000000800011A2] -> 0x047E
[1133] [M]: 0x00000000800011A0 (0x047E8E93) addi t4, t4, 0x47
x29 <- 0xFFFFFD57D2AD5047

mem[X,0x00000000800011A4] -> 0x9E93
mem[X,0x00000000800011A6] -> 0x00BE
[1134] [M]: 0x00000000800011A4 (0x00BE9E93) slli t4, t4, 0xb
x29 <- 0xFFEABE956A823800

mem[X,0x00000000800011A8] -> 0x8E93
mem[X,0x00000000800011AA] -> 0x73EE
[1135] [M]: 0x00000000800011A8 (0x73EE8E93) addi t4, t4, 0x73e
x29 <- 0xFFEABE956A823F3E

mem[X,0x00000000800011AC] -> 0x9E93
mem[X,0x00000000800011AE] -> 0x00AE
[1136] [M]: 0x00000000800011AC (0x00AE9E93) slli t4, t4, 0xa
x29 <- 0xAAFA55AA08FCF800

mem[X,0x00000000800011B0] -> 0x8E93
mem[X,0x00000000800011B2] -> 0x3F7E
[1137] [M]: 0x00000000800011B0 (0x3F7E8E93) addi t4, t4, 0x3f7
x29 <- 0xAAFA55AA08FCFBF7

mem[X,0x00000000800011B4] -> 0x0FBB
mem[X,0x00000000800011B6] -> 0xDDDF
[1138] [M]: 0x00000000800011B4 (0xDDDF0FBB) pasub.b t6, t5, t4
x31 <- 0x4B00DD22F82205F4

mem[X,0x00000000800011B8] -> 0xB023
mem[X,0x00000000800011BA] -> 0x15F0
[1139] [M]: 0x00000000800011B8 (0x15F0B023) sd t6, 0x140(ra)
mem[0x00000000800042D8] <- 0x4B00DD22F82205F4

mem[X,0x00000000800011BC] -> 0x4F37
mem[X,0x00000000800011BE] -> 0xF6FE
[1140] [M]: 0x00000000800011BC (0xF6FE4F37) lui t5, -0x901c
x30 <- 0xFFFFFFFFF6FE4000

mem[X,0x00000000800011C0] -> 0x0F13
mem[X,0x00000000800011C2] -> 0xFFFF
[1141] [M]: 0x00000000800011C0 (0xFFFF0F13) addi t5, t5, -0x1
x30 <- 0xFFFFFFFFF6FE3FFF

mem[X,0x00000000800011C4] -> 0x1F13
mem[X,0x00000000800011C6] -> 0x00BF
[1142] [M]: 0x00000000800011C4 (0x00BF1F13) slli t5, t5, 0xb
x30 <- 0xFFFFFFB7F1FFF800

mem[X,0x00000000800011C8] -> 0x0F13
mem[X,0x00000000800011CA] -> 0x7DAF
[1143] [M]: 0x00000000800011C8 (0x7DAF0F13) addi t5, t5, 0x7da
x30 <- 0xFFFFFFB7F1FFFFDA

mem[X,0x00000000800011CC] -> 0x1F13
mem[X,0x00000000800011CE] -> 0x00BF
[1144] [M]: 0x00000000800011CC (0x00BF1F13) slli t5, t5, 0xb
x30 <- 0xFFFDBF8FFFFED000

mem[X,0x00000000800011D0] -> 0x0F13
mem[X,0x00000000800011D2] -> 0x010F
[1145] [M]: 0x00000000800011D0 (0x010F0F13) addi t5, t5, 0x10
x30 <- 0xFFFDBF8FFFFED010

mem[X,0x00000000800011D4] -> 0x1F13
mem[X,0x00000000800011D6] -> 0x00AF
[1146] [M]: 0x00000000800011D4 (0x00AF1F13) slli t5, t5, 0xa
x30 <- 0xF6FE3FFFFB404000

mem[X,0x00000000800011D8] -> 0x0F13
mem[X,0x00000000800011DA] -> 0x003F
[1147] [M]: 0x00000000800011D8 (0x003F0F13) addi t5, t5, 0x3
x30 <- 0xF6FE3FFFFB404003

mem[X,0x00000000800011DC] -> 0xCEB7
mem[X,0x00000000800011DE] -> 0x0803
[1148] [M]: 0x00000000800011DC (0x0803CEB7) lui t4, 0x803c
x29 <- 0x000000000803C000

mem[X,0x00000000800011E0] -> 0x8E93
mem[X,0x00000000800011E2] -> 0x0F6E
[1149] [M]: 0x00000000800011E0 (0x0F6E8E93) addi t4, t4, 0xf6
x29 <- 0x000000000803C0F6

mem[X,0x00000000800011E4] -> 0x9E93
mem[X,0x00000000800011E6] -> 0x00BE
[1150] [M]: 0x00000000800011E4 (0x00BE9E93) slli t4, t4, 0xb
x29 <- 0x000000401E07B000

mem[X,0x00000000800011E8] -> 0x8E93
mem[X,0x00000000800011EA] -> 0x7D8E
[1151] [M]: 0x00000000800011E8 (0x7D8E8E93) addi t4, t4, 0x7d8
x29 <- 0x000000401E07B7D8

mem[X,0x00000000800011EC] -> 0x9E93
mem[X,0x00000000800011EE] -> 0x00BE
[1152] [M]: 0x00000000800011EC (0x00BE9E93) slli t4, t4, 0xb
x29 <- 0x000200F03DBEC000

mem[X,0x00000000800011F0] -> 0x8E93
mem[X,0x00000000800011F2] -> 0x060E
[1153] [M]: 0x00000000800011F0 (0x060E8E93) addi t4, t4, 0x60
x29 <- 0x000200F03DBEC060

mem[X,0x00000000800011F4] -> 0x9E93
mem[X,0x00000000800011F6] -> 0x00AE
[1154] [M]: 0x00000000800011F4 (0x00AE9E93) slli t4, t4, 0xa
x29 <- 0x0803C0F6FB018000

mem[X,0x00000000800011F8] -> 0x8E93
mem[X,0x00000000800011FA] -> 0x007E
[1155] [M]: 0x00000000800011F8 (0x007E8E93) addi t4, t4, 0x7
x29 <- 0x0803C0F6FB018007

mem[X,0x00000000800011FC] -> 0x0FBB
mem[X,0x00000000800011FE] -> 0xDDDF
[1156] [M]: 0x00000000800011FC (0xDDDF0FBB) pasub.b t6, t5, t4
x31 <- 0xF7FD3F04001F60FE

mem[X,0x0000000080001200] -> 0xB423
mem[X,0x0000000080001202] -> 0x15F0
[1157] [M]: 0x0000000080001200 (0x15F0B423) sd t6, 0x148(ra)
mem[0x00000000800042E0] <- 0xF7FD3F04001F60FE

mem[X,0x0000000080001204] -> 0xBF37
mem[X,0x0000000080001206] -> 0xAA03
[1158] [M]: 0x0000000080001204 (0xAA03BF37) lui t5, -0x55fc5
x30 <- 0xFFFFFFFFAA03B000

mem[X,0x0000000080001208] -> 0x0F13
mem[X,0x000000008000120A] -> 0xA10F
[1159] [M]: 0x0000000080001208 (0xA10F0F13) addi t5, t5, -0x5f0
x30 <- 0xFFFFFFFFAA03AA10

mem[X,0x000000008000120C] -> 0x1F13
mem[X,0x000000008000120E] -> 0x00BF
[1160] [M]: 0x000000008000120C (0x00BF1F13) slli t5, t5, 0xb
x30 <- 0xFFFFFD501D508000

mem[X,0x0000000080001210] -> 0x0F13
mem[X,0x0000000080001212] -> 0x006F
[1161] [M]: 0x0000000080001210 (0x006F0F13) addi t5, t5, 0x6
x30 <- 0xFFFFFD501D508006

mem[X,0x0000000080001214] -> 0x1F13
mem[X,0x0000000080001216] -> 0x00BF
[1162] [M]: 0x0000000080001214 (0x00BF1F13) slli t5, t5, 0xb
x30 <- 0xFFEA80EA84003000

mem[X,0x0000000080001218] -> 0x0F13
mem[X,0x000000008000121A] -> 0x7C0F
[1163] [M]: 0x0000000080001218 (0x7C0F0F13) addi t5, t5, 0x7c0
x30 <- 0xFFEA80EA840037C0

mem[X,0x000000008000121C] -> 0x1F13
mem[X,0x000000008000121E] -> 0x00AF
[1164] [M]: 0x000000008000121C (0x00AF1F13) slli t5, t5, 0xa
x30 <- 0xAA03AA1000DF0000

mem[X,0x0000000080001220] -> 0x0F13
mem[X,0x0000000080001222] -> 0x240F
[1165] [M]: 0x0000000080001220 (0x240F0F13) addi t5, t5, 0x240
x30 <- 0xAA03AA1000DF0240

mem[X,0x0000000080001224] -> 0xCEB7
mem[X,0x0000000080001226] -> 0xFCAA
[1166] [M]: 0x0000000080001224 (0xFCAACEB7) lui t4, -0x3554
x29 <- 0xFFFFFFFFFCAAC000

mem[X,0x0000000080001228] -> 0x8E93
mem[X,0x000000008000122A] -> 0x002E
[1167] [M]: 0x0000000080001228 (0x002E8E93) addi t4, t4, 0x2
x29 <- 0xFFFFFFFFFCAAC002

mem[X,0x000000008000122C] -> 0x9E93
mem[X,0x000000008000122E] -> 0x00BE
[1168] [M]: 0x000000008000122C (0x00BE9E93) slli t4, t4, 0xb
x29 <- 0xFFFFFFE556001000

mem[X,0x0000000080001230] -> 0x8E93
mem[X,0x0000000080001232] -> 0x03FE
[1169] [M]: 0x0000000080001230 (0x03FE8E93) addi t4, t4, 0x3f
x29 <- 0xFFFFFFE55600103F

mem[X,0x0000000080001234] -> 0x9E93
mem[X,0x0000000080001236] -> 0x00BE
[1170] [M]: 0x0000000080001234 (0x00BE9E93) slli t4, t4, 0xb
x29 <- 0xFFFF2AB00081F800

mem[X,0x0000000080001238] -> 0x8E93
mem[X,0x000000008000123A] -> 0x741E
[1171] [M]: 0x0000000080001238 (0x741E8E93) addi t4, t4, 0x741
x29 <- 0xFFFF2AB00081FF41

mem[X,0x000000008000123C] -> 0x9E93
mem[X,0x000000008000123E] -> 0x00AE
[1172] [M]: 0x000000008000123C (0x00AE9E93) slli t4, t4, 0xa
x29 <- 0xFCAAC00207FD0400

mem[X,0x0000000080001240] -> 0x8E93
mem[X,0x0000000080001242] -> 0x355E
[1173] [M]: 0x0000000080001240 (0x355E8E93) addi t4, t4, 0x355
x29 <- 0xFCAAC00207FD0755

mem[X,0x0000000080001244] -> 0x0FBB
mem[X,0x0000000080001246] -> 0xDDDF
[1174] [M]: 0x0000000080001244 (0xDDDF0FBB) pasub.b t6, t5, t4
x31 <- 0xD72CF507FCF1FDF5

mem[X,0x0000000080001248] -> 0xB823
mem[X,0x000000008000124A] -> 0x15F0
[1175] [M]: 0x0000000080001248 (0x15F0B823) sd t6, 0x150(ra)
mem[0x00000000800042E8] <- 0xD72CF507FCF1FDF5

mem[X,0x000000008000124C] -> 0x4F37
mem[X,0x000000008000124E] -> 0xFEAA
[1176] [M]: 0x000000008000124C (0xFEAA4F37) lui t5, -0x155c
x30 <- 0xFFFFFFFFFEAA4000

mem[X,0x0000000080001250] -> 0x0F13
mem[X,0x0000000080001252] -> 0xF04F
[1177] [M]: 0x0000000080001250 (0xF04F0F13) addi t5, t5, -0xfc
x30 <- 0xFFFFFFFFFEAA3F04

mem[X,0x0000000080001254] -> 0x1F13
mem[X,0x0000000080001256] -> 0x00BF
[1178] [M]: 0x0000000080001254 (0x00BF1F13) slli t5, t5, 0xb
x30 <- 0xFFFFFFF551F82000

mem[X,0x0000000080001258] -> 0x0F13
mem[X,0x000000008000125A] -> 0x010F
[1179] [M]: 0x0000000080001258 (0x010F0F13) addi t5, t5, 0x10
x30 <- 0xFFFFFFF551F82010

mem[X,0x000000008000125C] -> 0x1F13
mem[X,0x000000008000125E] -> 0x00BF
[1180] [M]: 0x000000008000125C (0x00BF1F13) slli t5, t5, 0xb
x30 <- 0xFFFFAA8FC1008000

mem[X,0x0000000080001260] -> 0x0F13
mem[X,0x0000000080001262] -> 0x1BEF
[1181] [M]: 0x0000000080001260 (0x1BEF0F13) addi t5, t5, 0x1be
x30 <- 0xFFFFAA8FC10081BE

mem[X,0x0000000080001264] -> 0x1F13
mem[X,0x0000000080001266] -> 0x00AF
[1182] [M]: 0x0000000080001264 (0x00AF1F13) slli t5, t5, 0xa
x30 <- 0xFEAA3F040206F800

mem[X,0x0000000080001268] -> 0x0F13
mem[X,0x000000008000126A] -> 0x3AAF
[1183] [M]: 0x0000000080001268 (0x3AAF0F13) addi t5, t5, 0x3aa
x30 <- 0xFEAA3F040206FBAA

mem[X,0x000000008000126C] -> 0x5EB7
mem[X,0x000000008000126E] -> 0xFE02
[1184] [M]: 0x000000008000126C (0xFE025EB7) lui t4, -0x1fdb
x29 <- 0xFFFFFFFFFE025000

mem[X,0x0000000080001270] -> 0x8E93
mem[X,0x0000000080001272] -> 0x5FEE
[1185] [M]: 0x0000000080001270 (0x5FEE8E93) addi t4, t4, 0x5fe
x29 <- 0xFFFFFFFFFE0255FE

mem[X,0x0000000080001274] -> 0x9E93
mem[X,0x0000000080001276] -> 0x00BE
[1186] [M]: 0x0000000080001274 (0x00BE9E93) slli t4, t4, 0xb
x29 <- 0xFFFFFFF012AFF000

mem[X,0x0000000080001278] -> 0x8E93
mem[X,0x000000008000127A] -> 0x016E
[1187] [M]: 0x0000000080001278 (0x016E8E93) addi t4, t4, 0x16
x29 <- 0xFFFFFFF012AFF016

mem[X,0x000000008000127C] -> 0x9E93
mem[X,0x000000008000127E] -> 0x00BE
[1188] [M]: 0x000000008000127C (0x00BE9E93) slli t4, t4, 0xb
x29 <- 0xFFFF80957F80B000

mem[X,0x0000000080001280] -> 0x8E93
mem[X,0x0000000080001282] -> 0x7FEE
[1189] [M]: 0x0000000080001280 (0x7FEE8E93) addi t4, t4, 0x7fe
x29 <- 0xFFFF80957F80B7FE

mem[X,0x0000000080001284] -> 0x9E93
mem[X,0x0000000080001286] -> 0x00AE
[1190] [M]: 0x0000000080001284 (0x00AE9E93) slli t4, t4, 0xa
x29 <- 0xFE0255FE02DFF800

mem[X,0x0000000080001288] -> 0x8E93
mem[X,0x000000008000128A] -> 0x155E
[1191] [M]: 0x0000000080001288 (0x155E8E93) addi t4, t4, 0x155
x29 <- 0xFE0255FE02DFF955

mem[X,0x000000008000128C] -> 0x0FBB
mem[X,0x000000008000128E] -> 0xDDDF
[1192] [M]: 0x000000008000128C (0xDDDF0FBB) pasub.b t6, t5, t4
x31 <- 0x00D4F503001301AA

mem[X,0x0000000080001290] -> 0xBC23
mem[X,0x0000000080001292] -> 0x15F0
[1193] [M]: 0x0000000080001290 (0x15F0BC23) sd t6, 0x158(ra)
mem[0x00000000800042F0] <- 0x00D4F503001301AA

mem[X,0x0000000080001294] -> 0x4F37
mem[X,0x0000000080001296] -> 0xFE01
[1194] [M]: 0x0000000080001294 (0xFE014F37) lui t5, -0x1fec
x30 <- 0xFFFFFFFFFE014000

mem[X,0x0000000080001298] -> 0x0F13
mem[X,0x000000008000129A] -> 0x000F
[1195] [M]: 0x0000000080001298 (0x000F0F13) addi t5, t5, 0x0
x30 <- 0xFFFFFFFFFE014000

mem[X,0x000000008000129C] -> 0x1F13
mem[X,0x000000008000129E] -> 0x00BF
[1196] [M]: 0x000000008000129C (0x00BF1F13) slli t5, t5, 0xb
x30 <- 0xFFFFFFF00A000000

mem[X,0x00000000800012A0] -> 0x0F13
mem[X,0x00000000800012A2] -> 0x020F
[1197] [M]: 0x00000000800012A0 (0x020F0F13) addi t5, t5, 0x20
x30 <- 0xFFFFFFF00A000020

mem[X,0x00000000800012A4] -> 0x1F13
mem[X,0x00000000800012A6] -> 0x00BF
[1198] [M]: 0x00000000800012A4 (0x00BF1F13) slli t5, t5, 0xb
x30 <- 0xFFFF805000010000

mem[X,0x00000000800012A8] -> 0x0F13
mem[X,0x00000000800012AA] -> 0x141F
[1199] [M]: 0x00000000800012A8 (0x141F0F13) addi t5, t5, 0x141
x30 <- 0xFFFF805000010141

clint::tick mtime <- 0x000000000000000C
 clint timer pending at mtime 0x000000000000000C
htif::tick 0x0000000000000000
mem[X,0x00000000800012AC] -> 0x1F13
mem[X,0x00000000800012AE] -> 0x00AF
[1200] [M]: 0x00000000800012AC (0x00AF1F13) slli t5, t5, 0xa
x30 <- 0xFE01400004050400

mem[X,0x00000000800012B0] -> 0x0F13
mem[X,0x00000000800012B2] -> 0x0FBF
[1201] [M]: 0x00000000800012B0 (0x0FBF0F13) addi t5, t5, 0xfb
x30 <- 0xFE014000040504FB

mem[X,0x00000000800012B4] -> 0x0EB7
mem[X,0x00000000800012B6] -> 0xEF05
[1202] [M]: 0x00000000800012B4 (0xEF050EB7) lui t4, -0x10fb0
x29 <- 0xFFFFFFFFEF050000

mem[X,0x00000000800012B8] -> 0x8E93
mem[X,0x00000000800012BA] -> 0x9FCE
[1203] [M]: 0x00000000800012B8 (0x9FCE8E93) addi t4, t4, -0x604
x29 <- 0xFFFFFFFFEF04F9FC

mem[X,0x00000000800012BC] -> 0x9E93
mem[X,0x00000000800012BE] -> 0x00BE
[1204] [M]: 0x00000000800012BC (0x00BE9E93) slli t4, t4, 0xb
x29 <- 0xFFFFFF7827CFE000

mem[X,0x00000000800012C0] -> 0x8E93
mem[X,0x00000000800012C2] -> 0x7B6E
[1205] [M]: 0x00000000800012C0 (0x7B6E8E93) addi t4, t4, 0x7b6
x29 <- 0xFFFFFF7827CFE7B6

mem[X,0x00000000800012C4] -> 0x9E93
mem[X,0x00000000800012C6] -> 0x00BE
[1206] [M]: 0x00000000800012C4 (0x00BE9E93) slli t4, t4, 0xb
x29 <- 0xFFFBC13E7F3DB000

mem[X,0x00000000800012C8] -> 0x8E93
mem[X,0x00000000800012CA] -> 0x7FBE
[1207] [M]: 0x00000000800012C8 (0x7FBE8E93) addi t4, t4, 0x7fb
x29 <- 0xFFFBC13E7F3DB7FB

mem[X,0x00000000800012CC] -> 0x9E93
mem[X,0x00000000800012CE] -> 0x00AE
[1208] [M]: 0x00000000800012CC (0x00AE9E93) slli t4, t4, 0xa
x29 <- 0xEF04F9FCF6DFEC00

mem[X,0x00000000800012D0] -> 0x8E93
mem[X,0x00000000800012D2] -> 0x3FBE
[1209] [M]: 0x00000000800012D0 (0x3FBE8E93) addi t4, t4, 0x3fb
x29 <- 0xEF04F9FCF6DFEFFB

mem[X,0x00000000800012D4] -> 0x0FBB
mem[X,0x00000000800012D6] -> 0xDDDF
[1210] [M]: 0x00000000800012D4 (0xDDDF0FBB) pasub.b t6, t5, t4
x31 <- 0x07FE230207130A00

mem[X,0x00000000800012D8] -> 0xB023
mem[X,0x00000000800012DA] -> 0x17F0
[1211] [M]: 0x00000000800012D8 (0x17F0B023) sd t6, 0x160(ra)
mem[0x00000000800042F8] <- 0x07FE230207130A00

mem[X,0x00000000800012DC] -> 0x0F37
mem[X,0x00000000800012DE] -> 0x06FD
[1212] [M]: 0x00000000800012DC (0x06FD0F37) lui t5, 0x6fd0
x30 <- 0x0000000006FD0000

mem[X,0x00000000800012E0] -> 0x0F13
mem[X,0x00000000800012E2] -> 0xC20F
[1213] [M]: 0x00000000800012E0 (0xC20F0F13) addi t5, t5, -0x3e0
x30 <- 0x0000000006FCFC20

mem[X,0x00000000800012E4] -> 0x1F13
mem[X,0x00000000800012E6] -> 0x00BF
[1214] [M]: 0x00000000800012E4 (0x00BF1F13) slli t5, t5, 0xb
x30 <- 0x00000037E7E10000

mem[X,0x00000000800012E8] -> 0x0F13
mem[X,0x00000000800012EA] -> 0x047F
[1215] [M]: 0x00000000800012E8 (0x047F0F13) addi t5, t5, 0x47
x30 <- 0x00000037E7E10047

mem[X,0x00000000800012EC] -> 0x1F13
mem[X,0x00000000800012EE] -> 0x00BF
[1216] [M]: 0x00000000800012EC (0x00BF1F13) slli t5, t5, 0xb
x30 <- 0x0001BF3F08023800

mem[X,0x00000000800012F0] -> 0x0F13
mem[X,0x00000000800012F2] -> 0x77FF
[1217] [M]: 0x00000000800012F0 (0x77FF0F13) addi t5, t5, 0x77f
x30 <- 0x0001BF3F08023F7F

mem[X,0x00000000800012F4] -> 0x1F13
mem[X,0x00000000800012F6] -> 0x00AF
[1218] [M]: 0x00000000800012F4 (0x00AF1F13) slli t5, t5, 0xa
x30 <- 0x06FCFC2008FDFC00

mem[X,0x00000000800012F8] -> 0x0F13
mem[X,0x00000000800012FA] -> 0x305F
[1219] [M]: 0x00000000800012F8 (0x305F0F13) addi t5, t5, 0x305
x30 <- 0x06FCFC2008FDFF05

mem[X,0x00000000800012FC] -> 0xFEB7
mem[X,0x00000000800012FE] -> 0x02FA
[1220] [M]: 0x00000000800012FC (0x02FAFEB7) lui t4, 0x2faf
x29 <- 0x0000000002FAF000

mem[X,0x0000000080001300] -> 0x8E93
mem[X,0x0000000080001302] -> 0xF3FE
[1221] [M]: 0x0000000080001300 (0xF3FE8E93) addi t4, t4, -0xc1
x29 <- 0x0000000002FAEF3F

mem[X,0x0000000080001304] -> 0x9E93
mem[X,0x0000000080001306] -> 0x00BE
[1222] [M]: 0x0000000080001304 (0x00BE9E93) slli t4, t4, 0xb
x29 <- 0x00000017D779F800

mem[X,0x0000000080001308] -> 0x8E93
mem[X,0x000000008000130A] -> 0x1F8E
[1223] [M]: 0x0000000080001308 (0x1F8E8E93) addi t4, t4, 0x1f8
x29 <- 0x00000017D779F9F8

mem[X,0x000000008000130C] -> 0x9E93
mem[X,0x000000008000130E] -> 0x00BE
[1224] [M]: 0x000000008000130C (0x00BE9E93) slli t4, t4, 0xb
x29 <- 0x0000BEBBCFCFC000

mem[X,0x0000000080001310] -> 0x8E93
mem[X,0x0000000080001312] -> 0x1FDE
[1225] [M]: 0x0000000080001310 (0x1FDE8E93) addi t4, t4, 0x1fd
x29 <- 0x0000BEBBCFCFC1FD

mem[X,0x0000000080001314] -> 0x9E93
mem[X,0x0000000080001316] -> 0x00AE
[1226] [M]: 0x0000000080001314 (0x00AE9E93) slli t4, t4, 0xa
x29 <- 0x02FAEF3F3F07F400

mem[X,0x0000000080001318] -> 0x8E93
mem[X,0x000000008000131A] -> 0x310E
[1227] [M]: 0x0000000080001318 (0x310E8E93) addi t4, t4, 0x310
x29 <- 0x02FAEF3F3F07F710

mem[X,0x000000008000131C] -> 0x0FBB
mem[X,0x000000008000131E] -> 0xDDDF
[1228] [M]: 0x000000008000131C (0xDDDF0FBB) pasub.b t6, t5, t4
x31 <- 0x020106F0E4FB04FA

mem[X,0x0000000080001320] -> 0xB423
mem[X,0x0000000080001322] -> 0x17F0
[1229] [M]: 0x0000000080001320 (0x17F0B423) sd t6, 0x168(ra)
mem[0x0000000080004300] <- 0x020106F0E4FB04FA

mem[X,0x0000000080001324] -> 0x1F37
mem[X,0x0000000080001326] -> 0xAAFE
[1230] [M]: 0x0000000080001324 (0xAAFE1F37) lui t5, -0x5501f
x30 <- 0xFFFFFFFFAAFE1000

mem[X,0x0000000080001328] -> 0x0F13
mem[X,0x000000008000132A] -> 0x9FAF
[1231] [M]: 0x0000000080001328 (0x9FAF0F13) addi t5, t5, -0x606
x30 <- 0xFFFFFFFFAAFE09FA

mem[X,0x000000008000132C] -> 0x1F13
mem[X,0x000000008000132E] -> 0x00BF
[1232] [M]: 0x000000008000132C (0x00BF1F13) slli t5, t5, 0xb
x30 <- 0xFFFFFD57F04FD000

mem[X,0x0000000080001330] -> 0x0F13
mem[X,0x0000000080001332] -> 0x100F
[1233] [M]: 0x0000000080001330 (0x100F0F13) addi t5, t5, 0x100
x30 <- 0xFFFFFD57F04FD100

mem[X,0x0000000080001334] -> 0x1F13
mem[X,0x0000000080001336] -> 0x00BF
[1234] [M]: 0x0000000080001334 (0x00BF1F13) slli t5, t5, 0xb
x30 <- 0xFFEABF827E880000

mem[X,0x0000000080001338] -> 0x0F13
mem[X,0x000000008000133A] -> 0x0DFF
[1235] [M]: 0x0000000080001338 (0x0DFF0F13) addi t5, t5, 0xdf
x30 <- 0xFFEABF827E8800DF

mem[X,0x000000008000133C] -> 0x1F13
mem[X,0x000000008000133E] -> 0x00AF
[1236] [M]: 0x000000008000133C (0x00AF1F13) slli t5, t5, 0xa
x30 <- 0xAAFE09FA20037C00

mem[X,0x0000000080001340] -> 0x0F13
mem[X,0x0000000080001342] -> 0x320F
[1237] [M]: 0x0000000080001340 (0x320F0F13) addi t5, t5, 0x320
x30 <- 0xAAFE09FA20037F20

mem[X,0x0000000080001344] -> 0x4EB7
mem[X,0x0000000080001346] -> 0x40DF
[1238] [M]: 0x0000000080001344 (0x40DF4EB7) lui t4, 0x40df4
x29 <- 0x0000000040DF4000

mem[X,0x0000000080001348] -> 0x8E93
mem[X,0x000000008000134A] -> 0xF01E
[1239] [M]: 0x0000000080001348 (0xF01E8E93) addi t4, t4, -0xff
x29 <- 0x0000000040DF3F01

mem[X,0x000000008000134C] -> 0x9E93
mem[X,0x000000008000134E] -> 0x00BE
[1240] [M]: 0x000000008000134C (0x00BE9E93) slli t4, t4, 0xb
x29 <- 0x00000206F9F80800

mem[X,0x0000000080001350] -> 0x8E93
mem[X,0x0000000080001352] -> 0x083E
[1241] [M]: 0x0000000080001350 (0x083E8E93) addi t4, t4, 0x83
x29 <- 0x00000206F9F80883

mem[X,0x0000000080001354] -> 0x9E93
mem[X,0x0000000080001356] -> 0x00BE
[1242] [M]: 0x0000000080001354 (0x00BE9E93) slli t4, t4, 0xb
x29 <- 0x001037CFC0441800

mem[X,0x0000000080001358] -> 0x8E93
mem[X,0x000000008000135A] -> 0x7C1E
[1243] [M]: 0x0000000080001358 (0x7C1E8E93) addi t4, t4, 0x7c1
x29 <- 0x001037CFC0441FC1

mem[X,0x000000008000135C] -> 0x9E93
mem[X,0x000000008000135E] -> 0x00AE
[1244] [M]: 0x000000008000135C (0x00AE9E93) slli t4, t4, 0xa
x29 <- 0x40DF3F01107F0400

mem[X,0x0000000080001360] -> 0x8E93
mem[X,0x0000000080001362] -> 0x1FEE
[1245] [M]: 0x0000000080001360 (0x1FEE8E93) addi t4, t4, 0x1fe
x29 <- 0x40DF3F01107F05FE

mem[X,0x0000000080001364] -> 0x0FBB
mem[X,0x0000000080001366] -> 0xDDDF
[1246] [M]: 0x0000000080001364 (0xDDDF0FBB) pasub.b t6, t5, t4
x31 <- 0xB50FE5FC08C23D11

mem[X,0x0000000080001368] -> 0xB823
mem[X,0x000000008000136A] -> 0x17F0
[1247] [M]: 0x0000000080001368 (0x17F0B823) sd t6, 0x170(ra)
mem[0x0000000080004308] <- 0xB50FE5FC08C23D11

mem[X,0x000000008000136C] -> 0x0F37
mem[X,0x000000008000136E] -> 0x0809
[1248] [M]: 0x000000008000136C (0x08090F37) lui t5, 0x8090
x30 <- 0x0000000008090000

mem[X,0x0000000080001370] -> 0x0F13
mem[X,0x0000000080001372] -> 0x9EFF
[1249] [M]: 0x0000000080001370 (0x9EFF0F13) addi t5, t5, -0x611
x30 <- 0x000000000808F9EF

mem[X,0x0000000080001374] -> 0x1F13
mem[X,0x0000000080001376] -> 0x00BF
[1250] [M]: 0x0000000080001374 (0x00BF1F13) slli t5, t5, 0xb
x30 <- 0x0000004047CF7800

mem[X,0x0000000080001378] -> 0x0F13
mem[X,0x000000008000137A] -> 0x5FFF
[1251] [M]: 0x0000000080001378 (0x5FFF0F13) addi t5, t5, 0x5ff
x30 <- 0x0000004047CF7DFF

mem[X,0x000000008000137C] -> 0x1F13
mem[X,0x000000008000137E] -> 0x00BF
[1252] [M]: 0x000000008000137C (0x00BF1F13) slli t5, t5, 0xb
x30 <- 0x0002023E7BEFF800

mem[X,0x0000000080001380] -> 0x0F13
mem[X,0x0000000080001382] -> 0x66AF
[1253] [M]: 0x0000000080001380 (0x66AF0F13) addi t5, t5, 0x66a
x30 <- 0x0002023E7BEFFE6A

mem[X,0x0000000080001384] -> 0x1F13
mem[X,0x0000000080001386] -> 0x00AF
[1254] [M]: 0x0000000080001384 (0x00AF1F13) slli t5, t5, 0xa
x30 <- 0x0808F9EFBFF9A800

mem[X,0x0000000080001388] -> 0x0F13
mem[X,0x000000008000138A] -> 0x206F
[1255] [M]: 0x0000000080001388 (0x206F0F13) addi t5, t5, 0x206
x30 <- 0x0808F9EFBFF9AA06

mem[X,0x000000008000138C] -> 0x0EB7
mem[X,0x000000008000138E] -> 0x043F
[1256] [M]: 0x000000008000138C (0x043F0EB7) lui t4, 0x43f0
x29 <- 0x00000000043F0000

mem[X,0x0000000080001390] -> 0x8E93
mem[X,0x0000000080001392] -> 0x702E
[1257] [M]: 0x0000000080001390 (0x702E8E93) addi t4, t4, 0x702
x29 <- 0x00000000043F0702

mem[X,0x0000000080001394] -> 0x9E93
mem[X,0x0000000080001396] -> 0x00BE
[1258] [M]: 0x0000000080001394 (0x00BE9E93) slli t4, t4, 0xb
x29 <- 0x00000021F8381000

mem[X,0x0000000080001398] -> 0x8E93
mem[X,0x000000008000139A] -> 0x7C0E
[1259] [M]: 0x0000000080001398 (0x7C0E8E93) addi t4, t4, 0x7c0
x29 <- 0x00000021F83817C0

mem[X,0x000000008000139C] -> 0x9E93
mem[X,0x000000008000139E] -> 0x00BE
[1260] [M]: 0x000000008000139C (0x00BE9E93) slli t4, t4, 0xb
x29 <- 0x00010FC1C0BE0000

mem[X,0x00000000800013A0] -> 0x8E93
mem[X,0x00000000800013A2] -> 0x07FE
[1261] [M]: 0x00000000800013A0 (0x07FE8E93) addi t4, t4, 0x7f
x29 <- 0x00010FC1C0BE007F

mem[X,0x00000000800013A4] -> 0x9E93
mem[X,0x00000000800013A6] -> 0x00AE
[1262] [M]: 0x00000000800013A4 (0x00AE9E93) slli t4, t4, 0xa
x29 <- 0x043F0702F801FC00

mem[X,0x00000000800013A8] -> 0x8E93
mem[X,0x00000000800013AA] -> 0x17FE
[1263] [M]: 0x00000000800013A8 (0x17FE8E93) addi t4, t4, 0x17f
x29 <- 0x043F0702F801FD7F

mem[X,0x00000000800013AC] -> 0x0FBB
mem[X,0x00000000800013AE] -> 0xDDDF
[1264] [M]: 0x00000000800013AC (0xDDDF0FBB) pasub.b t6, t5, t4
x31 <- 0x02E4F9F6E3FCD6C3

mem[X,0x00000000800013B0] -> 0xBC23
mem[X,0x00000000800013B2] -> 0x17F0
[1265] [M]: 0x00000000800013B0 (0x17F0BC23) sd t6, 0x178(ra)
mem[0x0000000080004310] <- 0x02E4F9F6E3FCD6C3

mem[X,0x00000000800013B4] -> 0x4F37
mem[X,0x00000000800013B6] -> 0x80FA
[1266] [M]: 0x00000000800013B4 (0x80FA4F37) lui t5, -0x7f05c
x30 <- 0xFFFFFFFF80FA4000

mem[X,0x00000000800013B8] -> 0x0F13
mem[X,0x00000000800013BA] -> 0xFFEF
[1267] [M]: 0x00000000800013B8 (0xFFEF0F13) addi t5, t5, -0x2
x30 <- 0xFFFFFFFF80FA3FFE

mem[X,0x00000000800013BC] -> 0x1F13
mem[X,0x00000000800013BE] -> 0x00BF
[1268] [M]: 0x00000000800013BC (0x00BF1F13) slli t5, t5, 0xb
x30 <- 0xFFFFFC07D1FFF000

mem[X,0x00000000800013C0] -> 0x0F13
mem[X,0x00000000800013C2] -> 0x2AFF
[1269] [M]: 0x00000000800013C0 (0x2AFF0F13) addi t5, t5, 0x2af
x30 <- 0xFFFFFC07D1FFF2AF

mem[X,0x00000000800013C4] -> 0x1F13
mem[X,0x00000000800013C6] -> 0x00BF
[1270] [M]: 0x00000000800013C4 (0x00BF1F13) slli t5, t5, 0xb
x30 <- 0xFFE03E8FFF957800

mem[X,0x00000000800013C8] -> 0x0F13
mem[X,0x00000000800013CA] -> 0x63DF
[1271] [M]: 0x00000000800013C8 (0x63DF0F13) addi t5, t5, 0x63d
x30 <- 0xFFE03E8FFF957E3D

mem[X,0x00000000800013CC] -> 0x1F13
mem[X,0x00000000800013CE] -> 0x00AF
[1272] [M]: 0x00000000800013CC (0x00AF1F13) slli t5, t5, 0xa
x30 <- 0x80FA3FFE55F8F400

mem[X,0x00000000800013D0] -> 0x0F13
mem[X,0x00000000800013D2] -> 0x320F
[1273] [M]: 0x00000000800013D0 (0x320F0F13) addi t5, t5, 0x320
x30 <- 0x80FA3FFE55F8F720

mem[X,0x00000000800013D4] -> 0x0EB7
mem[X,0x00000000800013D6] -> 0x40FC
[1274] [M]: 0x00000000800013D4 (0x40FC0EB7) lui t4, 0x40fc0
x29 <- 0x0000000040FC0000

mem[X,0x00000000800013D8] -> 0x8E93
mem[X,0x00000000800013DA] -> 0xA03E
[1275] [M]: 0x00000000800013D8 (0xA03E8E93) addi t4, t4, -0x5fd
x29 <- 0x0000000040FBFA03

mem[X,0x00000000800013DC] -> 0x9E93
mem[X,0x00000000800013DE] -> 0x00BE
[1276] [M]: 0x00000000800013DC (0x00BE9E93) slli t4, t4, 0xb
x29 <- 0x00000207DFD01800

mem[X,0x00000000800013E0] -> 0x8E93
mem[X,0x00000000800013E2] -> 0x018E
[1277] [M]: 0x00000000800013E0 (0x018E8E93) addi t4, t4, 0x18
x29 <- 0x00000207DFD01818

mem[X,0x00000000800013E4] -> 0x9E93
mem[X,0x00000000800013E6] -> 0x00BE
[1278] [M]: 0x00000000800013E4 (0x00BE9E93) slli t4, t4, 0xb
x29 <- 0x00103EFE80C0C000

mem[X,0x00000000800013E8] -> 0x8E93
mem[X,0x00000000800013EA] -> 0x43DE
[1279] [M]: 0x00000000800013E8 (0x43DE8E93) addi t4, t4, 0x43d
x29 <- 0x00103EFE80C0C43D

mem[X,0x00000000800013EC] -> 0x9E93
mem[X,0x00000000800013EE] -> 0x00AE
[1280] [M]: 0x00000000800013EC (0x00AE9E93) slli t4, t4, 0xa
x29 <- 0x40FBFA030310F400

mem[X,0x00000000800013F0] -> 0x8E93
mem[X,0x00000000800013F2] -> 0x205E
[1281] [M]: 0x00000000800013F0 (0x205E8E93) addi t4, t4, 0x205
x29 <- 0x40FBFA030310F605

mem[X,0x00000000800013F4] -> 0x0FBB
mem[X,0x00000000800013F6] -> 0xDDDF
[1282] [M]: 0x00000000800013F4 (0xDDDF0FBB) pasub.b t6, t5, t4
x31 <- 0xA0FF22FD29F4000D

mem[X,0x00000000800013F8] -> 0xB023
mem[X,0x00000000800013FA] -> 0x19F0
[1283] [M]: 0x00000000800013F8 (0x19F0B023) sd t6, 0x180(ra)
mem[0x0000000080004318] <- 0xA0FF22FD29F4000D

mem[X,0x00000000800013FC] -> 0x0F37
mem[X,0x00000000800013FE] -> 0xFEF8
[1284] [M]: 0x00000000800013FC (0xFEF80F37) lui t5, -0x1080
x30 <- 0xFFFFFFFFFEF80000

mem[X,0x0000000080001400] -> 0x0F13
mem[X,0x0000000080001402] -> 0xF7FF
[1285] [M]: 0x0000000080001400 (0xF7FF0F13) addi t5, t5, -0x81
x30 <- 0xFFFFFFFFFEF7FF7F

mem[X,0x0000000080001404] -> 0x1F13
mem[X,0x0000000080001406] -> 0x00BF
[1286] [M]: 0x0000000080001404 (0x00BF1F13) slli t5, t5, 0xb
x30 <- 0xFFFFFFF7BFFBF800

mem[X,0x0000000080001408] -> 0x0F13
mem[X,0x000000008000140A] -> 0x02AF
[1287] [M]: 0x0000000080001408 (0x02AF0F13) addi t5, t5, 0x2a
x30 <- 0xFFFFFFF7BFFBF82A

mem[X,0x000000008000140C] -> 0x1F13
mem[X,0x000000008000140E] -> 0x00BF
[1288] [M]: 0x000000008000140C (0x00BF1F13) slli t5, t5, 0xb
x30 <- 0xFFFFBDFFDFC15000

mem[X,0x0000000080001410] -> 0x0F13
mem[X,0x0000000080001412] -> 0x57EF
[1289] [M]: 0x0000000080001410 (0x57EF0F13) addi t5, t5, 0x57e
x30 <- 0xFFFFBDFFDFC1557E

mem[X,0x0000000080001414] -> 0x1F13
mem[X,0x0000000080001416] -> 0x00AF
[1290] [M]: 0x0000000080001414 (0x00AF1F13) slli t5, t5, 0xa
x30 <- 0xFEF7FF7F0555F800

mem[X,0x0000000080001418] -> 0x0F13
mem[X,0x000000008000141A] -> 0x1FFF
[1291] [M]: 0x0000000080001418 (0x1FFF0F13) addi t5, t5, 0x1ff
x30 <- 0xFEF7FF7F0555F9FF

mem[X,0x000000008000141C] -> 0xFEB7
mem[X,0x000000008000141E] -> 0x0402
[1292] [M]: 0x000000008000141C (0x0402FEB7) lui t4, 0x402f
x29 <- 0x000000000402F000

mem[X,0x0000000080001420] -> 0x8E93
mem[X,0x0000000080001422] -> 0x601E
[1293] [M]: 0x0000000080001420 (0x601E8E93) addi t4, t4, 0x601
x29 <- 0x000000000402F601

mem[X,0x0000000080001424] -> 0x9E93
mem[X,0x0000000080001426] -> 0x00BE
[1294] [M]: 0x0000000080001424 (0x00BE9E93) slli t4, t4, 0xb
x29 <- 0x0000002017B00800

mem[X,0x0000000080001428] -> 0x8E93
mem[X,0x000000008000142A] -> 0x7C0E
[1295] [M]: 0x0000000080001428 (0x7C0E8E93) addi t4, t4, 0x7c0
x29 <- 0x0000002017B00FC0

mem[X,0x000000008000142C] -> 0x9E93
mem[X,0x000000008000142E] -> 0x00BE
[1296] [M]: 0x000000008000142C (0x00BE9E93) slli t4, t4, 0xb
x29 <- 0x000100BD807E0000

mem[X,0x0000000080001430] -> 0x8E93
mem[X,0x0000000080001432] -> 0x01FE
[1297] [M]: 0x0000000080001430 (0x01FE8E93) addi t4, t4, 0x1f
x29 <- 0x000100BD807E001F

mem[X,0x0000000080001434] -> 0x9E93
mem[X,0x0000000080001436] -> 0x00AE
[1298] [M]: 0x0000000080001434 (0x00AE9E93) slli t4, t4, 0xa
x29 <- 0x0402F601F8007C00

mem[X,0x0000000080001438] -> 0x8E93
mem[X,0x000000008000143A] -> 0x3BFE
[1299] [M]: 0x0000000080001438 (0x3BFE8E93) addi t4, t4, 0x3bf
x29 <- 0x0402F601F8007FBF

clint::tick mtime <- 0x000000000000000D
 clint timer pending at mtime 0x000000000000000D
htif::tick 0x0000000000000000
mem[X,0x000000008000143C] -> 0x0FBB
mem[X,0x000000008000143E] -> 0xDDDF
[1300] [M]: 0x000000008000143C (0xDDDF0FBB) pasub.b t6, t5, t4
x31 <- 0xFDFA043F062ABD20

mem[X,0x0000000080001440] -> 0xB423
mem[X,0x0000000080001442] -> 0x19F0
[1301] [M]: 0x0000000080001440 (0x19F0B423) sd t6, 0x188(ra)
mem[0x0000000080004320] <- 0xFDFA043F062ABD20

mem[X,0x0000000080001444] -> 0x0F37
mem[X,0x0000000080001446] -> 0xFC40
[1302] [M]: 0x0000000080001444 (0xFC400F37) lui t5, -0x3c00
x30 <- 0xFFFFFFFFFC400000

mem[X,0x0000000080001448] -> 0x0F13
mem[X,0x000000008000144A] -> 0x140F
[1303] [M]: 0x0000000080001448 (0x140F0F13) addi t5, t5, 0x140
x30 <- 0xFFFFFFFFFC400140

mem[X,0x000000008000144C] -> 0x1F13
mem[X,0x000000008000144E] -> 0x00BF
[1304] [M]: 0x000000008000144C (0x00BF1F13) slli t5, t5, 0xb
x30 <- 0xFFFFFFE2000A0000

mem[X,0x0000000080001450] -> 0x0F13
mem[X,0x0000000080001452] -> 0x008F
[1305] [M]: 0x0000000080001450 (0x008F0F13) addi t5, t5, 0x8
x30 <- 0xFFFFFFE2000A0008

mem[X,0x0000000080001454] -> 0x1F13
mem[X,0x0000000080001456] -> 0x00BF
[1306] [M]: 0x0000000080001454 (0x00BF1F13) slli t5, t5, 0xb
x30 <- 0xFFFF100050004000

mem[X,0x0000000080001458] -> 0x0F13
mem[X,0x000000008000145A] -> 0x137F
[1307] [M]: 0x0000000080001458 (0x137F0F13) addi t5, t5, 0x137
x30 <- 0xFFFF100050004137

mem[X,0x000000008000145C] -> 0x1F13
mem[X,0x000000008000145E] -> 0x00AF
[1308] [M]: 0x000000008000145C (0x00AF1F13) slli t5, t5, 0xa
x30 <- 0xFC4001400104DC00

mem[X,0x0000000080001460] -> 0x0F13
mem[X,0x0000000080001462] -> 0x3FFF
[1309] [M]: 0x0000000080001460 (0x3FFF0F13) addi t5, t5, 0x3ff
x30 <- 0xFC4001400104DFFF

mem[X,0x0000000080001464] -> 0xFEB7
mem[X,0x0000000080001466] -> 0x09FF
[1310] [M]: 0x0000000080001464 (0x09FFFEB7) lui t4, 0x9fff
x29 <- 0x0000000009FFF000

mem[X,0x0000000080001468] -> 0x8E93
mem[X,0x000000008000146A] -> 0x7F9E
[1311] [M]: 0x0000000080001468 (0x7F9E8E93) addi t4, t4, 0x7f9
x29 <- 0x0000000009FFF7F9

mem[X,0x000000008000146C] -> 0x9E93
mem[X,0x000000008000146E] -> 0x00BE
[1312] [M]: 0x000000008000146C (0x00BE9E93) slli t4, t4, 0xb
x29 <- 0x0000004FFFBFC800

mem[X,0x0000000080001470] -> 0x8E93
mem[X,0x0000000080001472] -> 0x7B8E
[1313] [M]: 0x0000000080001470 (0x7B8E8E93) addi t4, t4, 0x7b8
x29 <- 0x0000004FFFBFCFB8

mem[X,0x0000000080001474] -> 0x9E93
mem[X,0x0000000080001476] -> 0x00BE
[1314] [M]: 0x0000000080001474 (0x00BE9E93) slli t4, t4, 0xb
x29 <- 0x00027FFDFE7DC000

mem[X,0x0000000080001478] -> 0x8E93
mem[X,0x000000008000147A] -> 0x07FE
[1315] [M]: 0x0000000080001478 (0x07FE8E93) addi t4, t4, 0x7f
x29 <- 0x00027FFDFE7DC07F

mem[X,0x000000008000147C] -> 0x9E93
mem[X,0x000000008000147E] -> 0x00AE
[1316] [M]: 0x000000008000147C (0x00AE9E93) slli t4, t4, 0xa
x29 <- 0x09FFF7F9F701FC00

mem[X,0x0000000080001480] -> 0x8E93
mem[X,0x0000000080001482] -> 0x0FBE
[1317] [M]: 0x0000000080001480 (0x0FBE8E93) addi t4, t4, 0xfb
x29 <- 0x09FFF7F9F701FCFB

mem[X,0x0000000080001484] -> 0x0FBB
mem[X,0x0000000080001486] -> 0xDDDF
[1318] [M]: 0x0000000080001484 (0xDDDF0FBB) pasub.b t6, t5, t4
x31 <- 0xF92005230501F102

mem[X,0x0000000080001488] -> 0xB823
mem[X,0x000000008000148A] -> 0x19F0
[1319] [M]: 0x0000000080001488 (0x19F0B823) sd t6, 0x190(ra)
mem[0x0000000080004328] <- 0xF92005230501F102

mem[X,0x000000008000148C] -> 0x0F37
mem[X,0x000000008000148E] -> 0xC100
[1320] [M]: 0x000000008000148C (0xC1000F37) lui t5, -0x3f000
x30 <- 0xFFFFFFFFC1000000

mem[X,0x0000000080001490] -> 0x0F13
mem[X,0x0000000080001492] -> 0xDBFF
[1321] [M]: 0x0000000080001490 (0xDBFF0F13) addi t5, t5, -0x241
x30 <- 0xFFFFFFFFC0FFFDBF

mem[X,0x0000000080001494] -> 0x1F13
mem[X,0x0000000080001496] -> 0x00BF
[1322] [M]: 0x0000000080001494 (0x00BF1F13) slli t5, t5, 0xb
x30 <- 0xFFFFFE07FFEDF800

mem[X,0x0000000080001498] -> 0x0F13
mem[X,0x000000008000149A] -> 0x7F6F
[1323] [M]: 0x0000000080001498 (0x7F6F0F13) addi t5, t5, 0x7f6
x30 <- 0xFFFFFE07FFEDFFF6

mem[X,0x000000008000149C] -> 0x1F13
mem[X,0x000000008000149E] -> 0x00BF
[1324] [M]: 0x000000008000149C (0x00BF1F13) slli t5, t5, 0xb
x30 <- 0xFFF03FFF6FFFB000

mem[X,0x00000000800014A0] -> 0x0F13
mem[X,0x00000000800014A2] -> 0x000F
[1325] [M]: 0x00000000800014A0 (0x000F0F13) addi t5, t5, 0x0
x30 <- 0xFFF03FFF6FFFB000

mem[X,0x00000000800014A4] -> 0x1F13
mem[X,0x00000000800014A6] -> 0x00AF
[1326] [M]: 0x00000000800014A4 (0x00AF1F13) slli t5, t5, 0xa
x30 <- 0xC0FFFDBFFEC00000

mem[X,0x00000000800014A8] -> 0x0F13
mem[X,0x00000000800014AA] -> 0x207F
[1327] [M]: 0x00000000800014A8 (0x207F0F13) addi t5, t5, 0x207
x30 <- 0xC0FFFDBFFEC00207

mem[X,0x00000000800014AC] -> 0x0EB7
mem[X,0x00000000800014AE] -> 0x20EF
[1328] [M]: 0x00000000800014AC (0x20EF0EB7) lui t4, 0x20ef0
x29 <- 0x0000000020EF0000

mem[X,0x00000000800014B0] -> 0x8E93
mem[X,0x00000000800014B2] -> 0x7AAE
[1329] [M]: 0x00000000800014B0 (0x7AAE8E93) addi t4, t4, 0x7aa
x29 <- 0x0000000020EF07AA

mem[X,0x00000000800014B4] -> 0x9E93
mem[X,0x00000000800014B6] -> 0x00BE
[1330] [M]: 0x00000000800014B4 (0x00BE9E93) slli t4, t4, 0xb
x29 <- 0x00000107783D5000

mem[X,0x00000000800014B8] -> 0x8E93
mem[X,0x00000000800014BA] -> 0x2A8E
[1331] [M]: 0x00000000800014B8 (0x2A8E8E93) addi t4, t4, 0x2a8
x29 <- 0x00000107783D52A8

mem[X,0x00000000800014BC] -> 0x9E93
mem[X,0x00000000800014BE] -> 0x00BE
[1332] [M]: 0x00000000800014BC (0x00BE9E93) slli t4, t4, 0xb
x29 <- 0x00083BC1EA954000

mem[X,0x00000000800014C0] -> 0x8E93
mem[X,0x00000000800014C2] -> 0x277E
[1333] [M]: 0x00000000800014C0 (0x277E8E93) addi t4, t4, 0x277
x29 <- 0x00083BC1EA954277

mem[X,0x00000000800014C4] -> 0x9E93
mem[X,0x00000000800014C6] -> 0x00AE
[1334] [M]: 0x00000000800014C4 (0x00AE9E93) slli t4, t4, 0xa
x29 <- 0x20EF07AA5509DC00

mem[X,0x00000000800014C8] -> 0x8E93
mem[X,0x00000000800014CA] -> 0x304E
[1335] [M]: 0x00000000800014C8 (0x304E8E93) addi t4, t4, 0x304
x29 <- 0x20EF07AA5509DF04

mem[X,0x00000000800014CC] -> 0x0FBB
mem[X,0x00000000800014CE] -> 0xDDDF
[1336] [M]: 0x00000000800014CC (0xDDDF0FBB) pasub.b t6, t5, t4
x31 <- 0xD008FB0AD4DB1101

mem[X,0x00000000800014D0] -> 0xBC23
mem[X,0x00000000800014D2] -> 0x19F0
[1337] [M]: 0x00000000800014D0 (0x19F0BC23) sd t6, 0x198(ra)
mem[0x0000000080004330] <- 0xD008FB0AD4DB1101

mem[X,0x00000000800014D4] -> 0xEF37
mem[X,0x00000000800014D6] -> 0x02FD
[1338] [M]: 0x00000000800014D4 (0x02FDEF37) lui t5, 0x2fde
x30 <- 0x0000000002FDE000

mem[X,0x00000000800014D8] -> 0x0F13
mem[X,0x00000000800014DA] -> 0xF03F
[1339] [M]: 0x00000000800014D8 (0xF03F0F13) addi t5, t5, -0xfd
x30 <- 0x0000000002FDDF03

mem[X,0x00000000800014DC] -> 0x1F13
mem[X,0x00000000800014DE] -> 0x00BF
[1340] [M]: 0x00000000800014DC (0x00BF1F13) slli t5, t5, 0xb
x30 <- 0x00000017EEF81800

mem[X,0x00000000800014E0] -> 0x0F13
mem[X,0x00000000800014E2] -> 0x7B8F
[1341] [M]: 0x00000000800014E0 (0x7B8F0F13) addi t5, t5, 0x7b8
x30 <- 0x00000017EEF81FB8

mem[X,0x00000000800014E4] -> 0x1F13
mem[X,0x00000000800014E6] -> 0x00BF
[1342] [M]: 0x00000000800014E4 (0x00BF1F13) slli t5, t5, 0xb
x30 <- 0x0000BF77C0FDC000

mem[X,0x00000000800014E8] -> 0x0F13
mem[X,0x00000000800014EA] -> 0x16FF
[1343] [M]: 0x00000000800014E8 (0x16FF0F13) addi t5, t5, 0x16f
x30 <- 0x0000BF77C0FDC16F

mem[X,0x00000000800014EC] -> 0x1F13
mem[X,0x00000000800014EE] -> 0x00AF
[1344] [M]: 0x00000000800014EC (0x00AF1F13) slli t5, t5, 0xa
x30 <- 0x02FDDF03F705BC00

mem[X,0x00000000800014F0] -> 0x0F13
mem[X,0x00000000800014F2] -> 0x309F
[1345] [M]: 0x00000000800014F0 (0x309F0F13) addi t5, t5, 0x309
x30 <- 0x02FDDF03F705BF09

mem[X,0x00000000800014F4] -> 0x0EB7
mem[X,0x00000000800014F6] -> 0xC07F
[1346] [M]: 0x00000000800014F4 (0xC07F0EB7) lui t4, -0x3f810
x29 <- 0xFFFFFFFFC07F0000

mem[X,0x00000000800014F8] -> 0x8E93
mem[X,0x00000000800014FA] -> 0x4FAE
[1347] [M]: 0x00000000800014F8 (0x4FAE8E93) addi t4, t4, 0x4fa
x29 <- 0xFFFFFFFFC07F04FA

mem[X,0x00000000800014FC] -> 0x9E93
mem[X,0x00000000800014FE] -> 0x00BE
[1348] [M]: 0x00000000800014FC (0x00BE9E93) slli t4, t4, 0xb
x29 <- 0xFFFFFE03F827D000

mem[X,0x0000000080001500] -> 0x8E93
mem[X,0x0000000080001502] -> 0x100E
[1349] [M]: 0x0000000080001500 (0x100E8E93) addi t4, t4, 0x100
x29 <- 0xFFFFFE03F827D100

mem[X,0x0000000080001504] -> 0x9E93
mem[X,0x0000000080001506] -> 0x00BE
[1350] [M]: 0x0000000080001504 (0x00BE9E93) slli t4, t4, 0xb
x29 <- 0xFFF01FC13E880000

mem[X,0x0000000080001508] -> 0x8E93
mem[X,0x000000008000150A] -> 0x13FE
[1351] [M]: 0x0000000080001508 (0x13FE8E93) addi t4, t4, 0x13f
x29 <- 0xFFF01FC13E88013F

mem[X,0x000000008000150C] -> 0x9E93
mem[X,0x000000008000150E] -> 0x00AE
[1352] [M]: 0x000000008000150C (0x00AE9E93) slli t4, t4, 0xa
x29 <- 0xC07F04FA2004FC00

mem[X,0x0000000080001510] -> 0x8E93
mem[X,0x0000000080001512] -> 0x0FDE
[1353] [M]: 0x0000000080001510 (0x0FDE8E93) addi t4, t4, 0xfd
x29 <- 0xC07F04FA2004FCFD

mem[X,0x0000000080001514] -> 0x0FBB
mem[X,0x0000000080001516] -> 0xDDDF
[1354] [M]: 0x0000000080001514 (0xDDDF0FBB) pasub.b t6, t5, t4
x31 <- 0x21BFED04EB00E106

mem[X,0x0000000080001518] -> 0xB023
mem[X,0x000000008000151A] -> 0x1BF0
[1355] [M]: 0x0000000080001518 (0x1BF0B023) sd t6, 0x1a0(ra)
mem[0x0000000080004338] <- 0x21BFED04EB00E106

mem[X,0x000000008000151C] -> 0x0F37
mem[X,0x000000008000151E] -> 0x0455
[1356] [M]: 0x000000008000151C (0x04550F37) lui t5, 0x4550
x30 <- 0x0000000004550000

mem[X,0x0000000080001520] -> 0x0F13
mem[X,0x0000000080001522] -> 0x4EFF
[1357] [M]: 0x0000000080001520 (0x4EFF0F13) addi t5, t5, 0x4ef
x30 <- 0x00000000045504EF

mem[X,0x0000000080001524] -> 0x1F13
mem[X,0x0000000080001526] -> 0x00BF
[1358] [M]: 0x0000000080001524 (0x00BF1F13) slli t5, t5, 0xb
x30 <- 0x00000022A8277800

mem[X,0x0000000080001528] -> 0x0F13
mem[X,0x000000008000152A] -> 0x605F
[1359] [M]: 0x0000000080001528 (0x605F0F13) addi t5, t5, 0x605
x30 <- 0x00000022A8277E05

mem[X,0x000000008000152C] -> 0x1F13
mem[X,0x000000008000152E] -> 0x00BF
[1360] [M]: 0x000000008000152C (0x00BF1F13) slli t5, t5, 0xb
x30 <- 0x000115413BF02800

mem[X,0x0000000080001530] -> 0x0F13
mem[X,0x0000000080001532] -> 0x7EAF
[1361] [M]: 0x0000000080001530 (0x7EAF0F13) addi t5, t5, 0x7ea
x30 <- 0x000115413BF02FEA

mem[X,0x0000000080001534] -> 0x1F13
mem[X,0x0000000080001536] -> 0x00AF
[1362] [M]: 0x0000000080001534 (0x00AF1F13) slli t5, t5, 0xa
x30 <- 0x045504EFC0BFA800

mem[X,0x0000000080001538] -> 0x0F13
mem[X,0x000000008000153A] -> 0x2F7F
[1363] [M]: 0x0000000080001538 (0x2F7F0F13) addi t5, t5, 0x2f7
x30 <- 0x045504EFC0BFAAF7

mem[X,0x000000008000153C] -> 0x8EB7
mem[X,0x000000008000153E] -> 0x20DF
[1364] [M]: 0x000000008000153C (0x20DF8EB7) lui t4, 0x20df8
x29 <- 0x0000000020DF8000

mem[X,0x0000000080001540] -> 0x8E93
mem[X,0x0000000080001542] -> 0x0F9E
[1365] [M]: 0x0000000080001540 (0x0F9E8E93) addi t4, t4, 0xf9
x29 <- 0x0000000020DF80F9

mem[X,0x0000000080001544] -> 0x9E93
mem[X,0x0000000080001546] -> 0x00BE
[1366] [M]: 0x0000000080001544 (0x00BE9E93) slli t4, t4, 0xb
x29 <- 0x00000106FC07C800

mem[X,0x0000000080001548] -> 0x8E93
mem[X,0x000000008000154A] -> 0x553E
[1367] [M]: 0x0000000080001548 (0x553E8E93) addi t4, t4, 0x553
x29 <- 0x00000106FC07CD53

mem[X,0x000000008000154C] -> 0x9E93
mem[X,0x000000008000154E] -> 0x00BE
[1368] [M]: 0x000000008000154C (0x00BE9E93) slli t4, t4, 0xb
x29 <- 0x000837E03E6A9800

mem[X,0x0000000080001550] -> 0x8E93
mem[X,0x0000000080001552] -> 0x7EAE
[1369] [M]: 0x0000000080001550 (0x7EAE8E93) addi t4, t4, 0x7ea
x29 <- 0x000837E03E6A9FEA

mem[X,0x0000000080001554] -> 0x9E93
mem[X,0x0000000080001556] -> 0x00AE
[1370] [M]: 0x0000000080001554 (0x00AE9E93) slli t4, t4, 0xa
x29 <- 0x20DF80F9AA7FA800

mem[X,0x0000000080001558] -> 0x8E93
mem[X,0x000000008000155A] -> 0x203E
[1371] [M]: 0x0000000080001558 (0x203E8E93) addi t4, t4, 0x203
x29 <- 0x20DF80F9AA7FAA03

mem[X,0x000000008000155C] -> 0x0FBB
mem[X,0x000000008000155E] -> 0xDDDF
[1372] [M]: 0x000000008000155C (0xDDDF0FBB) pasub.b t6, t5, t4
x31 <- 0xF23B42FB0BA000FA

mem[X,0x0000000080001560] -> 0xB423
mem[X,0x0000000080001562] -> 0x1BF0
[1373] [M]: 0x0000000080001560 (0x1BF0B423) sd t6, 0x1a8(ra)
mem[0x0000000080004340] <- 0xF23B42FB0BA000FA

mem[X,0x0000000080001564] -> 0x1F37
mem[X,0x0000000080001566] -> 0x09FF
[1374] [M]: 0x0000000080001564 (0x09FF1F37) lui t5, 0x9ff1
x30 <- 0x0000000009FF1000

mem[X,0x0000000080001568] -> 0x0F13
mem[X,0x000000008000156A] -> 0x0AAF
[1375] [M]: 0x0000000080001568 (0x0AAF0F13) addi t5, t5, 0xaa
x30 <- 0x0000000009FF10AA

mem[X,0x000000008000156C] -> 0x1F13
mem[X,0x000000008000156E] -> 0x00BF
[1376] [M]: 0x000000008000156C (0x00BF1F13) slli t5, t5, 0xb
x30 <- 0x0000004FF8855000

mem[X,0x0000000080001570] -> 0x0F13
mem[X,0x0000000080001572] -> 0x550F
[1377] [M]: 0x0000000080001570 (0x550F0F13) addi t5, t5, 0x550
x30 <- 0x0000004FF8855550

mem[X,0x0000000080001574] -> 0x1F13
mem[X,0x0000000080001576] -> 0x00BF
[1378] [M]: 0x0000000080001574 (0x00BF1F13) slli t5, t5, 0xb
x30 <- 0x00027FC42AAA8000

mem[X,0x0000000080001578] -> 0x0F13
mem[X,0x000000008000157A] -> 0x402F
[1379] [M]: 0x0000000080001578 (0x402F0F13) addi t5, t5, 0x402
x30 <- 0x00027FC42AAA8402

mem[X,0x000000008000157C] -> 0x1F13
mem[X,0x000000008000157E] -> 0x00AF
[1380] [M]: 0x000000008000157C (0x00AF1F13) slli t5, t5, 0xa
x30 <- 0x09FF10AAAA100800

mem[X,0x0000000080001580] -> 0x0F13
mem[X,0x0000000080001582] -> 0x0FCF
[1381] [M]: 0x0000000080001580 (0x0FCF0F13) addi t5, t5, 0xfc
x30 <- 0x09FF10AAAA1008FC

mem[X,0x0000000080001584] -> 0x0EB7
mem[X,0x0000000080001586] -> 0x08FA
[1382] [M]: 0x0000000080001584 (0x08FA0EB7) lui t4, 0x8fa0
x29 <- 0x0000000008FA0000

mem[X,0x0000000080001588] -> 0x8E93
mem[X,0x000000008000158A] -> 0x840E
[1383] [M]: 0x0000000080001588 (0x840E8E93) addi t4, t4, -0x7c0
x29 <- 0x0000000008F9F840

mem[X,0x000000008000158C] -> 0x9E93
mem[X,0x000000008000158E] -> 0x00BE
[1384] [M]: 0x000000008000158C (0x00BE9E93) slli t4, t4, 0xb
x29 <- 0x00000047CFC20000

mem[X,0x0000000080001590] -> 0x8E93
mem[X,0x0000000080001592] -> 0x7C7E
[1385] [M]: 0x0000000080001590 (0x7C7E8E93) addi t4, t4, 0x7c7
x29 <- 0x00000047CFC207C7

mem[X,0x0000000080001594] -> 0x9E93
mem[X,0x0000000080001596] -> 0x00BE
[1386] [M]: 0x0000000080001594 (0x00BE9E93) slli t4, t4, 0xb
x29 <- 0x00023E7E103E3800

mem[X,0x0000000080001598] -> 0x8E93
mem[X,0x000000008000159A] -> 0x710E
[1387] [M]: 0x0000000080001598 (0x710E8E93) addi t4, t4, 0x710
x29 <- 0x00023E7E103E3F10

mem[X,0x000000008000159C] -> 0x9E93
mem[X,0x000000008000159E] -> 0x00AE
[1388] [M]: 0x000000008000159C (0x00AE9E93) slli t4, t4, 0xa
x29 <- 0x08F9F840F8FC4000

mem[X,0x00000000800015A0] -> 0x8E93
mem[X,0x00000000800015A2] -> 0x080E
[1389] [M]: 0x00000000800015A0 (0x080E8E93) addi t4, t4, 0x80
x29 <- 0x08F9F840F8FC4080

mem[X,0x00000000800015A4] -> 0x0FBB
mem[X,0x00000000800015A6] -> 0xDDDF
[1390] [M]: 0x00000000800015A4 (0xDDDF0FBB) pasub.b t6, t5, t4
x31 <- 0x00030CB5D90AE43E

mem[X,0x00000000800015A8] -> 0xB823
mem[X,0x00000000800015AA] -> 0x1BF0
[1391] [M]: 0x00000000800015A8 (0x1BF0B823) sd t6, 0x1b0(ra)
mem[0x0000000080004348] <- 0x00030CB5D90AE43E

mem[X,0x00000000800015AC] -> 0x0F37
mem[X,0x00000000800015AE] -> 0x10FF
[1392] [M]: 0x00000000800015AC (0x10FF0F37) lui t5, 0x10ff0
x30 <- 0x0000000010FF0000

mem[X,0x00000000800015B0] -> 0x0F13
mem[X,0x00000000800015B2] -> 0xEDFF
[1393] [M]: 0x00000000800015B0 (0xEDFF0F13) addi t5, t5, -0x121
x30 <- 0x0000000010FEFEDF

mem[X,0x00000000800015B4] -> 0x1F13
mem[X,0x00000000800015B6] -> 0x00BF
[1394] [M]: 0x00000000800015B4 (0x00BF1F13) slli t5, t5, 0xb
x30 <- 0x00000087F7F6F800

mem[X,0x00000000800015B8] -> 0x0F13
mem[X,0x00000000800015BA] -> 0x038F
[1395] [M]: 0x00000000800015B8 (0x038F0F13) addi t5, t5, 0x38
x30 <- 0x00000087F7F6F838

mem[X,0x00000000800015BC] -> 0x1F13
mem[X,0x00000000800015BE] -> 0x00BF
[1396] [M]: 0x00000000800015BC (0x00BF1F13) slli t5, t5, 0xb
x30 <- 0x00043FBFB7C1C000

mem[X,0x00000000800015C0] -> 0x0F13
mem[X,0x00000000800015C2] -> 0x437F
[1397] [M]: 0x00000000800015C0 (0x437F0F13) addi t5, t5, 0x437
x30 <- 0x00043FBFB7C1C437

mem[X,0x00000000800015C4] -> 0x1F13
mem[X,0x00000000800015C6] -> 0x00AF
[1398] [M]: 0x00000000800015C4 (0x00AF1F13) slli t5, t5, 0xa
x30 <- 0x10FEFEDF0710DC00

mem[X,0x00000000800015C8] -> 0x0F13
mem[X,0x00000000800015CA] -> 0x307F
[1399] [M]: 0x00000000800015C8 (0x307F0F13) addi t5, t5, 0x307
x30 <- 0x10FEFEDF0710DF07

clint::tick mtime <- 0x000000000000000E
 clint timer pending at mtime 0x000000000000000E
htif::tick 0x0000000000000000
mem[X,0x00000000800015CC] -> 0xCEB7
mem[X,0x00000000800015CE] -> 0x3F03
[1400] [M]: 0x00000000800015CC (0x3F03CEB7) lui t4, 0x3f03c
x29 <- 0x000000003F03C000

mem[X,0x00000000800015D0] -> 0x8E93
mem[X,0x00000000800015D2] -> 0x0FFE
[1401] [M]: 0x00000000800015D0 (0x0FFE8E93) addi t4, t4, 0xff
x29 <- 0x000000003F03C0FF

mem[X,0x00000000800015D4] -> 0x9E93
mem[X,0x00000000800015D6] -> 0x00BE
[1402] [M]: 0x00000000800015D4 (0x00BE9E93) slli t4, t4, 0xb
x29 <- 0x000001F81E07F800

mem[X,0x00000000800015D8] -> 0x8E93
mem[X,0x00000000800015DA] -> 0x2AAE
[1403] [M]: 0x00000000800015D8 (0x2AAE8E93) addi t4, t4, 0x2aa
x29 <- 0x000001F81E07FAAA

mem[X,0x00000000800015DC] -> 0x9E93
mem[X,0x00000000800015DE] -> 0x00BE
[1404] [M]: 0x00000000800015DC (0x00BE9E93) slli t4, t4, 0xb
x29 <- 0x000FC0F03FD55000

mem[X,0x00000000800015E0] -> 0x8E93
mem[X,0x00000000800015E2] -> 0x008E
[1405] [M]: 0x00000000800015E0 (0x008E8E93) addi t4, t4, 0x8
x29 <- 0x000FC0F03FD55008

mem[X,0x00000000800015E4] -> 0x9E93
mem[X,0x00000000800015E6] -> 0x00AE
[1406] [M]: 0x00000000800015E4 (0x00AE9E93) slli t4, t4, 0xa
x29 <- 0x3F03C0FF55402000

mem[X,0x00000000800015E8] -> 0x8E93
mem[X,0x00000000800015EA] -> 0x007E
[1407] [M]: 0x00000000800015E8 (0x007E8E93) addi t4, t4, 0x7
x29 <- 0x3F03C0FF55402007

mem[X,0x00000000800015EC] -> 0x0FBB
mem[X,0x00000000800015EE] -> 0xDDDF
[1408] [M]: 0x00000000800015EC (0xDDDF0FBB) pasub.b t6, t5, t4
x31 <- 0xE8FD1FF0D9E8DF00

mem[X,0x00000000800015F0] -> 0xBC23
mem[X,0x00000000800015F2] -> 0x1BF0
[1409] [M]: 0x00000000800015F0 (0x1BF0BC23) sd t6, 0x1b8(ra)
mem[0x0000000080004350] <- 0xE8FD1FF0D9E8DF00

mem[X,0x00000000800015F4] -> 0x0F37
mem[X,0x00000000800015F6] -> 0x4000
[1410] [M]: 0x00000000800015F4 (0x40000F37) lui t5, 0x40000
x30 <- 0x0000000040000000

mem[X,0x00000000800015F8] -> 0x0F13
mem[X,0x00000000800015FA] -> 0x502F
[1411] [M]: 0x00000000800015F8 (0x502F0F13) addi t5, t5, 0x502
x30 <- 0x0000000040000502

mem[X,0x00000000800015FC] -> 0x1F13
mem[X,0x00000000800015FE] -> 0x00BF
[1412] [M]: 0x00000000800015FC (0x00BF1F13) slli t5, t5, 0xb
x30 <- 0x0000020000281000

mem[X,0x0000000080001600] -> 0x0F13
mem[X,0x0000000080001602] -> 0x7E7F
[1413] [M]: 0x0000000080001600 (0x7E7F0F13) addi t5, t5, 0x7e7
x30 <- 0x00000200002817E7

mem[X,0x0000000080001604] -> 0x1F13
mem[X,0x0000000080001606] -> 0x00BF
[1414] [M]: 0x0000000080001604 (0x00BF1F13) slli t5, t5, 0xb
x30 <- 0x0010000140BF3800

mem[X,0x0000000080001608] -> 0x0F13
mem[X,0x000000008000160A] -> 0x6D0F
[1415] [M]: 0x0000000080001608 (0x6D0F0F13) addi t5, t5, 0x6d0
x30 <- 0x0010000140BF3ED0

mem[X,0x000000008000160C] -> 0x1F13
mem[X,0x000000008000160E] -> 0x00AF
[1416] [M]: 0x000000008000160C (0x00AF1F13) slli t5, t5, 0xa
x30 <- 0x40000502FCFB4000

mem[X,0x0000000080001610] -> 0x0F13
mem[X,0x0000000080001612] -> 0x006F
[1417] [M]: 0x0000000080001610 (0x006F0F13) addi t5, t5, 0x6
x30 <- 0x40000502FCFB4006

mem[X,0x0000000080001614] -> 0xCEB7
mem[X,0x0000000080001616] -> 0xF904
[1418] [M]: 0x0000000080001614 (0xF904CEB7) lui t4, -0x6fb4
x29 <- 0xFFFFFFFFF904C000

mem[X,0x0000000080001618] -> 0x8E93
mem[X,0x000000008000161A] -> 0xFF8E
[1419] [M]: 0x0000000080001618 (0xFF8E8E93) addi t4, t4, -0x8
x29 <- 0xFFFFFFFFF904BFF8

mem[X,0x000000008000161C] -> 0x9E93
mem[X,0x000000008000161E] -> 0x00BE
[1420] [M]: 0x000000008000161C (0x00BE9E93) slli t4, t4, 0xb
x29 <- 0xFFFFFFC825FFC000

mem[X,0x0000000080001620] -> 0x8E93
mem[X,0x0000000080001622] -> 0x018E
[1421] [M]: 0x0000000080001620 (0x018E8E93) addi t4, t4, 0x18
x29 <- 0xFFFFFFC825FFC018

mem[X,0x0000000080001624] -> 0x9E93
mem[X,0x0000000080001626] -> 0x00BE
[1422] [M]: 0x0000000080001624 (0x00BE9E93) slli t4, t4, 0xb
x29 <- 0xFFFE412FFE00C000

mem[X,0x0000000080001628] -> 0x8E93
mem[X,0x000000008000162A] -> 0x12FE
[1423] [M]: 0x0000000080001628 (0x12FE8E93) addi t4, t4, 0x12f
x29 <- 0xFFFE412FFE00C12F

mem[X,0x000000008000162C] -> 0x9E93
mem[X,0x000000008000162E] -> 0x00AE
[1424] [M]: 0x000000008000162C (0x00AE9E93) slli t4, t4, 0xa
x29 <- 0xF904BFF80304BC00

mem[X,0x0000000080001630] -> 0x8E93
mem[X,0x0000000080001632] -> 0x3EFE
[1425] [M]: 0x0000000080001630 (0x3EFE8E93) addi t4, t4, 0x3ef
x29 <- 0xF904BFF80304BFEF

mem[X,0x0000000080001634] -> 0x0FBB
mem[X,0x0000000080001636] -> 0xDDDF
[1426] [M]: 0x0000000080001634 (0xDDDF0FBB) pasub.b t6, t5, t4
x31 <- 0x23FE2305FCFB400B

mem[X,0x0000000080001638] -> 0xB023
mem[X,0x000000008000163A] -> 0x1DF0
[1427] [M]: 0x0000000080001638 (0x1DF0B023) sd t6, 0x1c0(ra)
mem[0x0000000080004358] <- 0x23FE2305FCFB400B

mem[X,0x000000008000163C] -> 0x0F37
mem[X,0x000000008000163E] -> 0x07F0
[1428] [M]: 0x000000008000163C (0x07F00F37) lui t5, 0x7f00
x30 <- 0x0000000007F00000

mem[X,0x0000000080001640] -> 0x0F13
mem[X,0x0000000080001642] -> 0xAEFF
[1429] [M]: 0x0000000080001640 (0xAEFF0F13) addi t5, t5, -0x511
x30 <- 0x0000000007EFFAEF

mem[X,0x0000000080001644] -> 0x1F13
mem[X,0x0000000080001646] -> 0x00BF
[1430] [M]: 0x0000000080001644 (0x00BF1F13) slli t5, t5, 0xb
x30 <- 0x0000003F7FD77800

mem[X,0x0000000080001648] -> 0x0F13
mem[X,0x000000008000164A] -> 0x1FFF
[1431] [M]: 0x0000000080001648 (0x1FFF0F13) addi t5, t5, 0x1ff
x30 <- 0x0000003F7FD779FF

mem[X,0x000000008000164C] -> 0x1F13
mem[X,0x000000008000164E] -> 0x00BF
[1432] [M]: 0x000000008000164C (0x00BF1F13) slli t5, t5, 0xb
x30 <- 0x0001FBFEBBCFF800

mem[X,0x0000000080001650] -> 0x0F13
mem[X,0x0000000080001652] -> 0x6BFF
[1433] [M]: 0x0000000080001650 (0x6BFF0F13) addi t5, t5, 0x6bf
x30 <- 0x0001FBFEBBCFFEBF

mem[X,0x0000000080001654] -> 0x1F13
mem[X,0x0000000080001656] -> 0x00AF
[1434] [M]: 0x0000000080001654 (0x00AF1F13) slli t5, t5, 0xa
x30 <- 0x07EFFAEF3FFAFC00

mem[X,0x0000000080001658] -> 0x0F13
mem[X,0x000000008000165A] -> 0x3FFF
[1435] [M]: 0x0000000080001658 (0x3FFF0F13) addi t5, t5, 0x3ff
x30 <- 0x07EFFAEF3FFAFFFF

mem[X,0x000000008000165C] -> 0x0EB7
mem[X,0x000000008000165E] -> 0xF70A
[1436] [M]: 0x000000008000165C (0xF70A0EB7) lui t4, -0x8f60
x29 <- 0xFFFFFFFFF70A0000

mem[X,0x0000000080001660] -> 0x8E93
mem[X,0x0000000080001662] -> 0xF04E
[1437] [M]: 0x0000000080001660 (0xF04E8E93) addi t4, t4, -0xfc
x29 <- 0xFFFFFFFFF709FF04

mem[X,0x0000000080001664] -> 0x9E93
mem[X,0x0000000080001666] -> 0x00BE
[1438] [M]: 0x0000000080001664 (0x00BE9E93) slli t4, t4, 0xb
x29 <- 0xFFFFFFB84FF82000

mem[X,0x0000000080001668] -> 0x8E93
mem[X,0x000000008000166A] -> 0x7B0E
[1439] [M]: 0x0000000080001668 (0x7B0E8E93) addi t4, t4, 0x7b0
x29 <- 0xFFFFFFB84FF827B0

mem[X,0x000000008000166C] -> 0x9E93
mem[X,0x000000008000166E] -> 0x00BE
[1440] [M]: 0x000000008000166C (0x00BE9E93) slli t4, t4, 0xb
x29 <- 0xFFFDC27FC13D8000

mem[X,0x0000000080001670] -> 0x8E93
mem[X,0x0000000080001672] -> 0x100E
[1441] [M]: 0x0000000080001670 (0x100E8E93) addi t4, t4, 0x100
x29 <- 0xFFFDC27FC13D8100

mem[X,0x0000000080001674] -> 0x9E93
mem[X,0x0000000080001676] -> 0x00AE
[1442] [M]: 0x0000000080001674 (0x00AE9E93) slli t4, t4, 0xa
x29 <- 0xF709FF04F6040000

mem[X,0x0000000080001678] -> 0x8E93
mem[X,0x000000008000167A] -> 0x0C0E
[1443] [M]: 0x0000000080001678 (0x0C0E8E93) addi t4, t4, 0xc0
x29 <- 0xF709FF04F60400C0

mem[X,0x000000008000167C] -> 0x0FBB
mem[X,0x000000008000167E] -> 0xDDDF
[1444] [M]: 0x000000008000167C (0xDDDF0FBB) pasub.b t6, t5, t4
x31 <- 0x08F3FDF524FBFF1F

mem[X,0x0000000080001680] -> 0xB423
mem[X,0x0000000080001682] -> 0x1DF0
[1445] [M]: 0x0000000080001680 (0x1DF0B423) sd t6, 0x1c8(ra)
mem[0x0000000080004360] <- 0x08F3FDF524FBFF1F

mem[X,0x0000000080001684] -> 0x1F37
mem[X,0x0000000080001686] -> 0x05FF
[1446] [M]: 0x0000000080001684 (0x05FF1F37) lui t5, 0x5ff1
x30 <- 0x0000000005FF1000

mem[X,0x0000000080001688] -> 0x0F13
mem[X,0x000000008000168A] -> 0x803F
[1447] [M]: 0x0000000080001688 (0x803F0F13) addi t5, t5, -0x7fd
x30 <- 0x0000000005FF0803

mem[X,0x000000008000168C] -> 0x1F13
mem[X,0x000000008000168E] -> 0x00BF
[1448] [M]: 0x000000008000168C (0x00BF1F13) slli t5, t5, 0xb
x30 <- 0x0000002FF8401800

mem[X,0x0000000080001690] -> 0x0F13
mem[X,0x0000000080001692] -> 0x7CFF
[1449] [M]: 0x0000000080001690 (0x7CFF0F13) addi t5, t5, 0x7cf
x30 <- 0x0000002FF8401FCF

mem[X,0x0000000080001694] -> 0x1F13
mem[X,0x0000000080001696] -> 0x00BF
[1450] [M]: 0x0000000080001694 (0x00BF1F13) slli t5, t5, 0xb
x30 <- 0x00017FC200FE7800

mem[X,0x0000000080001698] -> 0x0F13
mem[X,0x000000008000169A] -> 0x3F0F
[1451] [M]: 0x0000000080001698 (0x3F0F0F13) addi t5, t5, 0x3f0
x30 <- 0x00017FC200FE7BF0

mem[X,0x000000008000169C] -> 0x1F13
mem[X,0x000000008000169E] -> 0x00AF
[1452] [M]: 0x000000008000169C (0x00AF1F13) slli t5, t5, 0xa
x30 <- 0x05FF0803F9EFC000

mem[X,0x00000000800016A0] -> 0x0F13
mem[X,0x00000000800016A2] -> 0x0FAF
[1453] [M]: 0x00000000800016A0 (0x0FAF0F13) addi t5, t5, 0xfa
x30 <- 0x05FF0803F9EFC0FA

mem[X,0x00000000800016A4] -> 0xFEB7
mem[X,0x00000000800016A6] -> 0xFC08
[1454] [M]: 0x00000000800016A4 (0xFC08FEB7) lui t4, -0x3f71
x29 <- 0xFFFFFFFFFC08F000

mem[X,0x00000000800016A8] -> 0x8E93
mem[X,0x00000000800016AA] -> 0x7FAE
[1455] [M]: 0x00000000800016A8 (0x7FAE8E93) addi t4, t4, 0x7fa
x29 <- 0xFFFFFFFFFC08F7FA

mem[X,0x00000000800016AC] -> 0x9E93
mem[X,0x00000000800016AE] -> 0x00BE
[1456] [M]: 0x00000000800016AC (0x00BE9E93) slli t4, t4, 0xb
x29 <- 0xFFFFFFE047BFD000

mem[X,0x00000000800016B0] -> 0x8E93
mem[X,0x00000000800016B2] -> 0x038E
[1457] [M]: 0x00000000800016B0 (0x038E8E93) addi t4, t4, 0x38
x29 <- 0xFFFFFFE047BFD038

mem[X,0x00000000800016B4] -> 0x9E93
mem[X,0x00000000800016B6] -> 0x00BE
[1458] [M]: 0x00000000800016B4 (0x00BE9E93) slli t4, t4, 0xb
x29 <- 0xFFFF023DFE81C000

mem[X,0x00000000800016B8] -> 0x8E93
mem[X,0x00000000800016BA] -> 0x00FE
[1459] [M]: 0x00000000800016B8 (0x00FE8E93) addi t4, t4, 0xf
x29 <- 0xFFFF023DFE81C00F

mem[X,0x00000000800016BC] -> 0x9E93
mem[X,0x00000000800016BE] -> 0x00AE
[1460] [M]: 0x00000000800016BC (0x00AE9E93) slli t4, t4, 0xa
x29 <- 0xFC08F7FA07003C00

mem[X,0x00000000800016C0] -> 0x8E93
mem[X,0x00000000800016C2] -> 0x3C0E
[1461] [M]: 0x00000000800016C0 (0x3C0E8E93) addi t4, t4, 0x3c0
x29 <- 0xFC08F7FA07003FC0

mem[X,0x00000000800016C4] -> 0x0FBB
mem[X,0x00000000800016C6] -> 0xDDDF
[1462] [M]: 0x00000000800016C4 (0xDDDF0FBB) pasub.b t6, t5, t4
x31 <- 0x04FB0804F9F7C01D

mem[X,0x00000000800016C8] -> 0xB823
mem[X,0x00000000800016CA] -> 0x1DF0
[1463] [M]: 0x00000000800016C8 (0x1DF0B823) sd t6, 0x1d0(ra)
mem[0x0000000080004368] <- 0x04FB0804F9F7C01D

mem[X,0x00000000800016CC] -> 0xCF37
mem[X,0x00000000800016CE] -> 0xF780
[1464] [M]: 0x00000000800016CC (0xF780CF37) lui t5, -0x87f4
x30 <- 0xFFFFFFFFF780C000

mem[X,0x00000000800016D0] -> 0x0F13
mem[X,0x00000000800016D2] -> 0x0FBF
[1465] [M]: 0x00000000800016D0 (0x0FBF0F13) addi t5, t5, 0xfb
x30 <- 0xFFFFFFFFF780C0FB

mem[X,0x00000000800016D4] -> 0x1F13
mem[X,0x00000000800016D6] -> 0x00BF
[1466] [M]: 0x00000000800016D4 (0x00BF1F13) slli t5, t5, 0xb
x30 <- 0xFFFFFFBC0607D800

mem[X,0x00000000800016D8] -> 0x0F13
mem[X,0x00000000800016DA] -> 0x202F
[1467] [M]: 0x00000000800016D8 (0x202F0F13) addi t5, t5, 0x202
x30 <- 0xFFFFFFBC0607DA02

mem[X,0x00000000800016DC] -> 0x1F13
mem[X,0x00000000800016DE] -> 0x00BF
[1468] [M]: 0x00000000800016DC (0x00BF1F13) slli t5, t5, 0xb
x30 <- 0xFFFDE0303ED01000

mem[X,0x00000000800016E0] -> 0x0F13
mem[X,0x00000000800016E2] -> 0x000F
[1469] [M]: 0x00000000800016E0 (0x000F0F13) addi t5, t5, 0x0
x30 <- 0xFFFDE0303ED01000

mem[X,0x00000000800016E4] -> 0x1F13
mem[X,0x00000000800016E6] -> 0x00AF
[1470] [M]: 0x00000000800016E4 (0x00AF1F13) slli t5, t5, 0xa
x30 <- 0xF780C0FB40400000

mem[X,0x00000000800016E8] -> 0x0F13
mem[X,0x00000000800016EA] -> 0x1FBF
[1471] [M]: 0x00000000800016E8 (0x1FBF0F13) addi t5, t5, 0x1fb
x30 <- 0xF780C0FB404001FB

mem[X,0x00000000800016EC] -> 0x0EB7
mem[X,0x00000000800016EE] -> 0xF73F
[1472] [M]: 0x00000000800016EC (0xF73F0EB7) lui t4, -0x8c10
x29 <- 0xFFFFFFFFF73F0000

mem[X,0x00000000800016F0] -> 0x8E93
mem[X,0x00000000800016F2] -> 0x605E
[1473] [M]: 0x00000000800016F0 (0x605E8E93) addi t4, t4, 0x605
x29 <- 0xFFFFFFFFF73F0605

mem[X,0x00000000800016F4] -> 0x9E93
mem[X,0x00000000800016F6] -> 0x00BE
[1474] [M]: 0x00000000800016F4 (0x00BE9E93) slli t4, t4, 0xb
x29 <- 0xFFFFFFB9F8302800

mem[X,0x00000000800016F8] -> 0x8E93
mem[X,0x00000000800016FA] -> 0x03FE
[1475] [M]: 0x00000000800016F8 (0x03FE8E93) addi t4, t4, 0x3f
x29 <- 0xFFFFFFB9F830283F

mem[X,0x00000000800016FC] -> 0x9E93
mem[X,0x00000000800016FE] -> 0x00BE
[1476] [M]: 0x00000000800016FC (0x00BE9E93) slli t4, t4, 0xb
x29 <- 0xFFFDCFC18141F800

mem[X,0x0000000080001700] -> 0x8E93
mem[X,0x0000000080001702] -> 0x702E
[1477] [M]: 0x0000000080001700 (0x702E8E93) addi t4, t4, 0x702
x29 <- 0xFFFDCFC18141FF02

mem[X,0x0000000080001704] -> 0x9E93
mem[X,0x0000000080001706] -> 0x00AE
[1478] [M]: 0x0000000080001704 (0x00AE9E93) slli t4, t4, 0xa
x29 <- 0xF73F060507FC0800

mem[X,0x0000000080001708] -> 0x8E93
mem[X,0x000000008000170A] -> 0x13FE
[1479] [M]: 0x0000000080001708 (0x13FE8E93) addi t4, t4, 0x13f
x29 <- 0xF73F060507FC093F

mem[X,0x000000008000170C] -> 0x0FBB
mem[X,0x000000008000170E] -> 0xDDDF
[1480] [M]: 0x000000008000170C (0xDDDF0FBB) pasub.b t6, t5, t4
x31 <- 0x00A0DDFB1C22FCDE

mem[X,0x0000000080001710] -> 0xBC23
mem[X,0x0000000080001712] -> 0x1DF0
[1481] [M]: 0x0000000080001710 (0x1DF0BC23) sd t6, 0x1d8(ra)
mem[0x0000000080004370] <- 0x00A0DDFB1C22FCDE

mem[X,0x0000000080001714] -> 0x0F37
mem[X,0x0000000080001716] -> 0xF8F9
[1482] [M]: 0x0000000080001714 (0xF8F90F37) lui t5, -0x7070
x30 <- 0xFFFFFFFFF8F90000

mem[X,0x0000000080001718] -> 0x0F13
mem[X,0x000000008000171A] -> 0x93FF
[1483] [M]: 0x0000000080001718 (0x93FF0F13) addi t5, t5, -0x6c1
x30 <- 0xFFFFFFFFF8F8F93F

mem[X,0x000000008000171C] -> 0x1F13
mem[X,0x000000008000171E] -> 0x00BF
[1484] [M]: 0x000000008000171C (0x00BF1F13) slli t5, t5, 0xb
x30 <- 0xFFFFFFC7C7C9F800

mem[X,0x0000000080001720] -> 0x0F13
mem[X,0x0000000080001722] -> 0x600F
[1485] [M]: 0x0000000080001720 (0x600F0F13) addi t5, t5, 0x600
x30 <- 0xFFFFFFC7C7C9FE00

mem[X,0x0000000080001724] -> 0x1F13
mem[X,0x0000000080001726] -> 0x00BF
[1486] [M]: 0x0000000080001724 (0x00BF1F13) slli t5, t5, 0xb
x30 <- 0xFFFE3E3E4FF00000

mem[X,0x0000000080001728] -> 0x0F13
mem[X,0x000000008000172A] -> 0x23EF
[1487] [M]: 0x0000000080001728 (0x23EF0F13) addi t5, t5, 0x23e
x30 <- 0xFFFE3E3E4FF0023E

mem[X,0x000000008000172C] -> 0x1F13
mem[X,0x000000008000172E] -> 0x00AF
[1488] [M]: 0x000000008000172C (0x00AF1F13) slli t5, t5, 0xa
x30 <- 0xF8F8F93FC008F800

mem[X,0x0000000080001730] -> 0x0F13
mem[X,0x0000000080001732] -> 0x355F
[1489] [M]: 0x0000000080001730 (0x355F0F13) addi t5, t5, 0x355
x30 <- 0xF8F8F93FC008FB55

mem[X,0x0000000080001734] -> 0x0EB7
mem[X,0x0000000080001736] -> 0xC0FA
[1490] [M]: 0x0000000080001734 (0xC0FA0EB7) lui t4, -0x3f060
x29 <- 0xFFFFFFFFC0FA0000

mem[X,0x0000000080001738] -> 0x8E93
mem[X,0x000000008000173A] -> 0x310E
[1491] [M]: 0x0000000080001738 (0x310E8E93) addi t4, t4, 0x310
x29 <- 0xFFFFFFFFC0FA0310

mem[X,0x000000008000173C] -> 0x9E93
mem[X,0x000000008000173E] -> 0x00BE
[1492] [M]: 0x000000008000173C (0x00BE9E93) slli t4, t4, 0xb
x29 <- 0xFFFFFE07D0188000

mem[X,0x0000000080001740] -> 0x8E93
mem[X,0x0000000080001742] -> 0x1FAE
[1493] [M]: 0x0000000080001740 (0x1FAE8E93) addi t4, t4, 0x1fa
x29 <- 0xFFFFFE07D01881FA

mem[X,0x0000000080001744] -> 0x9E93
mem[X,0x0000000080001746] -> 0x00BE
[1494] [M]: 0x0000000080001744 (0x00BE9E93) slli t4, t4, 0xb
x29 <- 0xFFF03E80C40FD000

mem[X,0x0000000080001748] -> 0x8E93
mem[X,0x000000008000174A] -> 0x57EE
[1495] [M]: 0x0000000080001748 (0x57EE8E93) addi t4, t4, 0x57e
x29 <- 0xFFF03E80C40FD57E

mem[X,0x000000008000174C] -> 0x9E93
mem[X,0x000000008000174E] -> 0x00AE
[1496] [M]: 0x000000008000174C (0x00AE9E93) slli t4, t4, 0xa
x29 <- 0xC0FA03103F55F800

mem[X,0x0000000080001750] -> 0x8E93
mem[X,0x0000000080001752] -> 0x002E
[1497] [M]: 0x0000000080001750 (0x002E8E93) addi t4, t4, 0x2
x29 <- 0xC0FA03103F55F802

mem[X,0x0000000080001754] -> 0x0FBB
mem[X,0x0000000080001756] -> 0xDDDF
[1498] [M]: 0x0000000080001754 (0xDDDF0FBB) pasub.b t6, t5, t4
x31 <- 0x1CFFFB17C0D90129

mem[X,0x0000000080001758] -> 0xB023
mem[X,0x000000008000175A] -> 0x1FF0
[1499] [M]: 0x0000000080001758 (0x1FF0B023) sd t6, 0x1e0(ra)
mem[0x0000000080004378] <- 0x1CFFFB17C0D90129

clint::tick mtime <- 0x000000000000000F
 clint timer pending at mtime 0x000000000000000F
htif::tick 0x0000000000000000
mem[X,0x000000008000175C] -> 0x0F37
mem[X,0x000000008000175E] -> 0x00FF
[1500] [M]: 0x000000008000175C (0x00FF0F37) lui t5, 0xff0
x30 <- 0x0000000000FF0000

mem[X,0x0000000080001760] -> 0x0F13
mem[X,0x0000000080001762] -> 0x1F6F
[1501] [M]: 0x0000000080001760 (0x1F6F0F13) addi t5, t5, 0x1f6
x30 <- 0x0000000000FF01F6

mem[X,0x0000000080001764] -> 0x1F13
mem[X,0x0000000080001766] -> 0x00BF
[1502] [M]: 0x0000000080001764 (0x00BF1F13) slli t5, t5, 0xb
x30 <- 0x00000007F80FB000

mem[X,0x0000000080001768] -> 0x0F13
mem[X,0x000000008000176A] -> 0x7D9F
[1503] [M]: 0x0000000080001768 (0x7D9F0F13) addi t5, t5, 0x7d9
x30 <- 0x00000007F80FB7D9

mem[X,0x000000008000176C] -> 0x1F13
mem[X,0x000000008000176E] -> 0x00BF
[1504] [M]: 0x000000008000176C (0x00BF1F13) slli t5, t5, 0xb
x30 <- 0x00003FC07DBEC800

mem[X,0x0000000080001770] -> 0x0F13
mem[X,0x0000000080001772] -> 0x020F
[1505] [M]: 0x0000000080001770 (0x020F0F13) addi t5, t5, 0x20
x30 <- 0x00003FC07DBEC820

mem[X,0x0000000080001774] -> 0x1F13
mem[X,0x0000000080001776] -> 0x00AF
[1506] [M]: 0x0000000080001774 (0x00AF1F13) slli t5, t5, 0xa
x30 <- 0x00FF01F6FB208000

mem[X,0x0000000080001778] -> 0x0F13
mem[X,0x000000008000177A] -> 0x0FAF
[1507] [M]: 0x0000000080001778 (0x0FAF0F13) addi t5, t5, 0xfa
x30 <- 0x00FF01F6FB2080FA

mem[X,0x000000008000177C] -> 0x4EB7
mem[X,0x000000008000177E] -> 0x40F8
[1508] [M]: 0x000000008000177C (0x40F84EB7) lui t4, 0x40f84
x29 <- 0x0000000040F84000

mem[X,0x0000000080001780] -> 0x8E93
mem[X,0x0000000080001782] -> 0x0FDE
[1509] [M]: 0x0000000080001780 (0x0FDE8E93) addi t4, t4, 0xfd
x29 <- 0x0000000040F840FD

mem[X,0x0000000080001784] -> 0x9E93
mem[X,0x0000000080001786] -> 0x00BE
[1510] [M]: 0x0000000080001784 (0x00BE9E93) slli t4, t4, 0xb
x29 <- 0x00000207C207E800

mem[X,0x0000000080001788] -> 0x8E93
mem[X,0x000000008000178A] -> 0x406E
[1511] [M]: 0x0000000080001788 (0x406E8E93) addi t4, t4, 0x406
x29 <- 0x00000207C207EC06

mem[X,0x000000008000178C] -> 0x9E93
mem[X,0x000000008000178E] -> 0x00BE
[1512] [M]: 0x000000008000178C (0x00BE9E93) slli t4, t4, 0xb
x29 <- 0x00103E103F603000

mem[X,0x0000000080001790] -> 0x8E93
mem[X,0x0000000080001792] -> 0x03FE
[1513] [M]: 0x0000000080001790 (0x03FE8E93) addi t4, t4, 0x3f
x29 <- 0x00103E103F60303F

mem[X,0x0000000080001794] -> 0x9E93
mem[X,0x0000000080001796] -> 0x00AE
[1514] [M]: 0x0000000080001794 (0x00AE9E93) slli t4, t4, 0xa
x29 <- 0x40F840FD80C0FC00

mem[X,0x0000000080001798] -> 0x8E93
mem[X,0x000000008000179A] -> 0x307E
[1515] [M]: 0x0000000080001798 (0x307E8E93) addi t4, t4, 0x307
x29 <- 0x40F840FD80C0FF07

mem[X,0x000000008000179C] -> 0x0FBB
mem[X,0x000000008000179E] -> 0xDDDF
[1516] [M]: 0x000000008000179C (0xDDDF0FBB) pasub.b t6, t5, t4
x31 <- 0xE003E0FC3D30C0F9

mem[X,0x00000000800017A0] -> 0xB423
mem[X,0x00000000800017A2] -> 0x1FF0
[1517] [M]: 0x00000000800017A0 (0x1FF0B423) sd t6, 0x1e8(ra)
mem[0x0000000080004380] <- 0xE003E0FC3D30C0F9

mem[X,0x00000000800017A4] -> 0x0F37
mem[X,0x00000000800017A6] -> 0xFCF0
[1518] [M]: 0x00000000800017A4 (0xFCF00F37) lui t5, -0x3100
x30 <- 0xFFFFFFFFFCF00000

mem[X,0x00000000800017A8] -> 0x0F13
mem[X,0x00000000800017AA] -> 0xC01F
[1519] [M]: 0x00000000800017A8 (0xC01F0F13) addi t5, t5, -0x3ff
x30 <- 0xFFFFFFFFFCEFFC01

mem[X,0x00000000800017AC] -> 0x1F13
mem[X,0x00000000800017AE] -> 0x00BF
[1520] [M]: 0x00000000800017AC (0x00BF1F13) slli t5, t5, 0xb
x30 <- 0xFFFFFFE77FE00800

mem[X,0x00000000800017B0] -> 0x0F13
mem[X,0x00000000800017B2] -> 0x7DFF
[1521] [M]: 0x00000000800017B0 (0x7DFF0F13) addi t5, t5, 0x7df
x30 <- 0xFFFFFFE77FE00FDF

mem[X,0x00000000800017B4] -> 0x1F13
mem[X,0x00000000800017B6] -> 0x00BF
[1522] [M]: 0x00000000800017B4 (0x00BF1F13) slli t5, t5, 0xb
x30 <- 0xFFFF3BFF007EF800

mem[X,0x00000000800017B8] -> 0x0F13
mem[X,0x00000000800017BA] -> 0x77EF
[1523] [M]: 0x00000000800017B8 (0x77EF0F13) addi t5, t5, 0x77e
x30 <- 0xFFFF3BFF007EFF7E

mem[X,0x00000000800017BC] -> 0x1F13
mem[X,0x00000000800017BE] -> 0x00AF
[1524] [M]: 0x00000000800017BC (0x00AF1F13) slli t5, t5, 0xa
x30 <- 0xFCEFFC01FBFDF800

mem[X,0x00000000800017C0] -> 0xCEB7
mem[X,0x00000000800017C2] -> 0xDF08
[1525] [M]: 0x00000000800017C0 (0xDF08CEB7) lui t4, -0x20f74
x29 <- 0xFFFFFFFFDF08C000

mem[X,0x00000000800017C4] -> 0x8E93
mem[X,0x00000000800017C6] -> 0xFF7E
[1526] [M]: 0x00000000800017C4 (0xFF7E8E93) addi t4, t4, -0x9
x29 <- 0xFFFFFFFFDF08BFF7

mem[X,0x00000000800017C8] -> 0x9E93
mem[X,0x00000000800017CA] -> 0x00BE
[1527] [M]: 0x00000000800017C8 (0x00BE9E93) slli t4, t4, 0xb
x29 <- 0xFFFFFEF845FFB800

mem[X,0x00000000800017CC] -> 0x8E93
mem[X,0x00000000800017CE] -> 0x04DE
[1528] [M]: 0x00000000800017CC (0x04DE8E93) addi t4, t4, 0x4d
x29 <- 0xFFFFFEF845FFB84D

mem[X,0x00000000800017D0] -> 0x9E93
mem[X,0x00000000800017D2] -> 0x00BE
[1529] [M]: 0x00000000800017D0 (0x00BE9E93) slli t4, t4, 0xb
x29 <- 0xFFF7C22FFDC26800

mem[X,0x00000000800017D4] -> 0x8E93
mem[X,0x00000000800017D6] -> 0x280E
[1530] [M]: 0x00000000800017D4 (0x280E8E93) addi t4, t4, 0x280
x29 <- 0xFFF7C22FFDC26A80

mem[X,0x00000000800017D8] -> 0x9E93
mem[X,0x00000000800017DA] -> 0x00AE
[1531] [M]: 0x00000000800017D8 (0x00AE9E93) slli t4, t4, 0xa
x29 <- 0xDF08BFF709AA0000

mem[X,0x00000000800017DC] -> 0x8E93
mem[X,0x00000000800017DE] -> 0x007E
[1532] [M]: 0x00000000800017DC (0x007E8E93) addi t4, t4, 0x7
x29 <- 0xDF08BFF709AA0007

mem[X,0x00000000800017E0] -> 0x0FBB
mem[X,0x00000000800017E2] -> 0xDDDF
[1533] [M]: 0x00000000800017E0 (0xDDDF0FBB) pasub.b t6, t5, t4
x31 <- 0x0EF31E05F929FCFC

mem[X,0x00000000800017E4] -> 0xB823
mem[X,0x00000000800017E6] -> 0x1FF0
[1534] [M]: 0x00000000800017E4 (0x1FF0B823) sd t6, 0x1f0(ra)
mem[0x0000000080004388] <- 0x0EF31E05F929FCFC

mem[X,0x00000000800017E8] -> 0x0F37
mem[X,0x00000000800017EA] -> 0xEF08
[1535] [M]: 0x00000000800017E8 (0xEF080F37) lui t5, -0x10f80
x30 <- 0xFFFFFFFFEF080000

mem[X,0x00000000800017EC] -> 0x0F13
mem[X,0x00000000800017EE] -> 0xFDFF
[1536] [M]: 0x00000000800017EC (0xFDFF0F13) addi t5, t5, -0x21
x30 <- 0xFFFFFFFFEF07FFDF

mem[X,0x00000000800017F0] -> 0x1F13
mem[X,0x00000000800017F2] -> 0x00BF
[1537] [M]: 0x00000000800017F0 (0x00BF1F13) slli t5, t5, 0xb
x30 <- 0xFFFFFF783FFEF800

mem[X,0x00000000800017F4] -> 0x0F13
mem[X,0x00000000800017F6] -> 0x7D0F
[1538] [M]: 0x00000000800017F4 (0x7D0F0F13) addi t5, t5, 0x7d0
x30 <- 0xFFFFFF783FFEFFD0

mem[X,0x00000000800017F8] -> 0x1F13
mem[X,0x00000000800017FA] -> 0x00BF
[1539] [M]: 0x00000000800017F8 (0x00BF1F13) slli t5, t5, 0xb
x30 <- 0xFFFBC1FFF7FE8000

mem[X,0x00000000800017FC] -> 0x0F13
mem[X,0x00000000800017FE] -> 0x27BF
[1540] [M]: 0x00000000800017FC (0x27BF0F13) addi t5, t5, 0x27b
x30 <- 0xFFFBC1FFF7FE827B

mem[X,0x0000000080001800] -> 0x1F13
mem[X,0x0000000080001802] -> 0x00AF
[1541] [M]: 0x0000000080001800 (0x00AF1F13) slli t5, t5, 0xa
x30 <- 0xEF07FFDFFA09EC00

mem[X,0x0000000080001804] -> 0x0F13
mem[X,0x0000000080001806] -> 0x309F
[1542] [M]: 0x0000000080001804 (0x309F0F13) addi t5, t5, 0x309
x30 <- 0xEF07FFDFFA09EF09

mem[X,0x0000000080001808] -> 0xBEB7
mem[X,0x000000008000180A] -> 0xF606
[1543] [M]: 0x0000000080001808 (0xF606BEB7) lui t4, -0x9f95
x29 <- 0xFFFFFFFFF606B000

mem[X,0x000000008000180C] -> 0x8E93
mem[X,0x000000008000180E] -> 0xA80E
[1544] [M]: 0x000000008000180C (0xA80E8E93) addi t4, t4, -0x580
x29 <- 0xFFFFFFFFF606AA80

mem[X,0x0000000080001810] -> 0x9E93
mem[X,0x0000000080001812] -> 0x00BE
[1545] [M]: 0x0000000080001810 (0x00BE9E93) slli t4, t4, 0xb
x29 <- 0xFFFFFFB035540000

mem[X,0x0000000080001814] -> 0x8E93
mem[X,0x0000000080001816] -> 0x105E
[1546] [M]: 0x0000000080001814 (0x105E8E93) addi t4, t4, 0x105
x29 <- 0xFFFFFFB035540105

mem[X,0x0000000080001818] -> 0x9E93
mem[X,0x000000008000181A] -> 0x00BE
[1547] [M]: 0x0000000080001818 (0x00BE9E93) slli t4, t4, 0xb
x29 <- 0xFFFD81AAA0082800

mem[X,0x000000008000181C] -> 0x8E93
mem[X,0x000000008000181E] -> 0x2BFE
[1548] [M]: 0x000000008000181C (0x2BFE8E93) addi t4, t4, 0x2bf
x29 <- 0xFFFD81AAA0082ABF

mem[X,0x0000000080001820] -> 0x9E93
mem[X,0x0000000080001822] -> 0x00AE
[1549] [M]: 0x0000000080001820 (0x00AE9E93) slli t4, t4, 0xa
x29 <- 0xF606AA8020AAFC00

mem[X,0x0000000080001824] -> 0x8E93
mem[X,0x0000000080001826] -> 0x23FE
[1550] [M]: 0x0000000080001824 (0x23FE8E93) addi t4, t4, 0x23f
x29 <- 0xF606AA8020AAFE3F

mem[X,0x0000000080001828] -> 0x0FBB
mem[X,0x000000008000182A] -> 0xDDDF
[1551] [M]: 0x0000000080001828 (0xDDDF0FBB) pasub.b t6, t5, t4
x31 <- 0xFC002A2FED2FF8E5

mem[X,0x000000008000182C] -> 0xBC23
mem[X,0x000000008000182E] -> 0x1FF0
[1552] [M]: 0x000000008000182C (0x1FF0BC23) sd t6, 0x1f8(ra)
mem[0x0000000080004390] <- 0xFC002A2FED2FF8E5

mem[X,0x0000000080001830] -> 0x0F37
mem[X,0x0000000080001832] -> 0xC0F7
[1553] [M]: 0x0000000080001830 (0xC0F70F37) lui t5, -0x3f090
x30 <- 0xFFFFFFFFC0F70000

mem[X,0x0000000080001834] -> 0x0F13
mem[X,0x0000000080001836] -> 0x33FF
[1554] [M]: 0x0000000080001834 (0x33FF0F13) addi t5, t5, 0x33f
x30 <- 0xFFFFFFFFC0F7033F

mem[X,0x0000000080001838] -> 0x1F13
mem[X,0x000000008000183A] -> 0x00BF
[1555] [M]: 0x0000000080001838 (0x00BF1F13) slli t5, t5, 0xb
x30 <- 0xFFFFFE07B819F800

mem[X,0x000000008000183C] -> 0x0F13
mem[X,0x000000008000183E] -> 0x007F
[1556] [M]: 0x000000008000183C (0x007F0F13) addi t5, t5, 0x7
x30 <- 0xFFFFFE07B819F807

mem[X,0x0000000080001840] -> 0x1F13
mem[X,0x0000000080001842] -> 0x00BF
[1557] [M]: 0x0000000080001840 (0x00BF1F13) slli t5, t5, 0xb
x30 <- 0xFFF03DC0CFC03800

mem[X,0x0000000080001844] -> 0x0F13
mem[X,0x0000000080001846] -> 0x780F
[1558] [M]: 0x0000000080001844 (0x780F0F13) addi t5, t5, 0x780
x30 <- 0xFFF03DC0CFC03F80

mem[X,0x0000000080001848] -> 0x1F13
mem[X,0x000000008000184A] -> 0x00AF
[1559] [M]: 0x0000000080001848 (0x00AF1F13) slli t5, t5, 0xa
x30 <- 0xC0F7033F00FE0000

mem[X,0x000000008000184C] -> 0x0F13
mem[X,0x000000008000184E] -> 0x07FF
[1560] [M]: 0x000000008000184C (0x07FF0F13) addi t5, t5, 0x7f
x30 <- 0xC0F7033F00FE007F

mem[X,0x0000000080001850] -> 0xCEB7
mem[X,0x0000000080001852] -> 0xC008
[1561] [M]: 0x0000000080001850 (0xC008CEB7) lui t4, -0x3ff74
x29 <- 0xFFFFFFFFC008C000

mem[X,0x0000000080001854] -> 0x8E93
mem[X,0x0000000080001856] -> 0xF3FE
[1562] [M]: 0x0000000080001854 (0xF3FE8E93) addi t4, t4, -0xc1
x29 <- 0xFFFFFFFFC008BF3F

mem[X,0x0000000080001858] -> 0x9E93
mem[X,0x000000008000185A] -> 0x00BE
[1563] [M]: 0x0000000080001858 (0x00BE9E93) slli t4, t4, 0xb
x29 <- 0xFFFFFE0045F9F800

mem[X,0x000000008000185C] -> 0x8E93
mem[X,0x000000008000185E] -> 0x001E
[1564] [M]: 0x000000008000185C (0x001E8E93) addi t4, t4, 0x1
x29 <- 0xFFFFFE0045F9F801

mem[X,0x0000000080001860] -> 0x9E93
mem[X,0x0000000080001862] -> 0x00BE
[1565] [M]: 0x0000000080001860 (0x00BE9E93) slli t4, t4, 0xb
x29 <- 0xFFF0022FCFC00800

mem[X,0x0000000080001864] -> 0x8E93
mem[X,0x0000000080001866] -> 0x7D5E
[1566] [M]: 0x0000000080001864 (0x7D5E8E93) addi t4, t4, 0x7d5
x29 <- 0xFFF0022FCFC00FD5

mem[X,0x0000000080001868] -> 0x9E93
mem[X,0x000000008000186A] -> 0x00AE
[1567] [M]: 0x0000000080001868 (0x00AE9E93) slli t4, t4, 0xa
x29 <- 0xC008BF3F003F5400

mem[X,0x000000008000186C] -> 0x8E93
mem[X,0x000000008000186E] -> 0x102E
[1568] [M]: 0x000000008000186C (0x102E8E93) addi t4, t4, 0x102
x29 <- 0xC008BF3F003F5502

mem[X,0x0000000080001870] -> 0x0FBB
mem[X,0x0000000080001872] -> 0xDDDF
[1569] [M]: 0x0000000080001870 (0xDDDF0FBB) pasub.b t6, t5, t4
x31 <- 0x00F7220000DFD53E

mem[X,0x0000000080001874] -> 0xB023
mem[X,0x0000000080001876] -> 0x21F0
[1570] [M]: 0x0000000080001874 (0x21F0B023) sd t6, 0x200(ra)
mem[0x0000000080004398] <- 0x00F7220000DFD53E

mem[X,0x0000000080001878] -> 0xCF37
mem[X,0x000000008000187A] -> 0x0120
[1571] [M]: 0x0000000080001878 (0x0120CF37) lui t5, 0x120c
x30 <- 0x000000000120C000

mem[X,0x000000008000187C] -> 0x0F13
mem[X,0x000000008000187E] -> 0x006F
[1572] [M]: 0x000000008000187C (0x006F0F13) addi t5, t5, 0x6
x30 <- 0x000000000120C006

mem[X,0x0000000080001880] -> 0x1F13
mem[X,0x0000000080001882] -> 0x00BF
[1573] [M]: 0x0000000080001880 (0x00BF1F13) slli t5, t5, 0xb
x30 <- 0x0000000906003000

mem[X,0x0000000080001884] -> 0x0F13
mem[X,0x0000000080001886] -> 0x3F8F
[1574] [M]: 0x0000000080001884 (0x3F8F0F13) addi t5, t5, 0x3f8
x30 <- 0x00000009060033F8

mem[X,0x0000000080001888] -> 0x1F13
mem[X,0x000000008000188A] -> 0x00BF
[1575] [M]: 0x0000000080001888 (0x00BF1F13) slli t5, t5, 0xb
x30 <- 0x00004830019FC000

mem[X,0x000000008000188C] -> 0x0F13
mem[X,0x000000008000188E] -> 0x201F
[1576] [M]: 0x000000008000188C (0x201F0F13) addi t5, t5, 0x201
x30 <- 0x00004830019FC201

mem[X,0x0000000080001890] -> 0x1F13
mem[X,0x0000000080001892] -> 0x00AF
[1577] [M]: 0x0000000080001890 (0x00AF1F13) slli t5, t5, 0xa
x30 <- 0x0120C0067F080400

mem[X,0x0000000080001894] -> 0x0F13
mem[X,0x0000000080001896] -> 0x210F
[1578] [M]: 0x0000000080001894 (0x210F0F13) addi t5, t5, 0x210
x30 <- 0x0120C0067F080610

mem[X,0x0000000080001898] -> 0xCEB7
mem[X,0x000000008000189A] -> 0xFBF9
[1579] [M]: 0x0000000080001898 (0xFBF9CEB7) lui t4, -0x4064
x29 <- 0xFFFFFFFFFBF9C000

mem[X,0x000000008000189C] -> 0x8E93
mem[X,0x000000008000189E] -> 0x0DFE
[1580] [M]: 0x000000008000189C (0x0DFE8E93) addi t4, t4, 0xdf
x29 <- 0xFFFFFFFFFBF9C0DF

mem[X,0x00000000800018A0] -> 0x9E93
mem[X,0x00000000800018A2] -> 0x00BE
[1581] [M]: 0x00000000800018A0 (0x00BE9E93) slli t4, t4, 0xb
x29 <- 0xFFFFFFDFCE06F800

mem[X,0x00000000800018A4] -> 0x8E93
mem[X,0x00000000800018A6] -> 0x00CE
[1582] [M]: 0x00000000800018A4 (0x00CE8E93) addi t4, t4, 0xc
x29 <- 0xFFFFFFDFCE06F80C

mem[X,0x00000000800018A8] -> 0x9E93
mem[X,0x00000000800018AA] -> 0x00BE
[1583] [M]: 0x00000000800018A8 (0x00BE9E93) slli t4, t4, 0xb
x29 <- 0xFFFEFE7037C06000

mem[X,0x00000000800018AC] -> 0x8E93
mem[X,0x00000000800018AE] -> 0x03BE
[1584] [M]: 0x00000000800018AC (0x03BE8E93) addi t4, t4, 0x3b
x29 <- 0xFFFEFE7037C0603B

mem[X,0x00000000800018B0] -> 0x9E93
mem[X,0x00000000800018B2] -> 0x00AE
[1585] [M]: 0x00000000800018B0 (0x00AE9E93) slli t4, t4, 0xa
x29 <- 0xFBF9C0DF0180EC00

mem[X,0x00000000800018B4] -> 0x8E93
mem[X,0x00000000800018B6] -> 0x309E
[1586] [M]: 0x00000000800018B4 (0x309E8E93) addi t4, t4, 0x309
x29 <- 0xFBF9C0DF0180EF09

mem[X,0x00000000800018B8] -> 0x0FBB
mem[X,0x00000000800018BA] -> 0xDDDF
[1587] [M]: 0x00000000800018B8 (0xDDDF0FBB) pasub.b t6, t5, t4
x31 <- 0x031300133F440B03

mem[X,0x00000000800018BC] -> 0xB423
mem[X,0x00000000800018BE] -> 0x21F0
[1588] [M]: 0x00000000800018BC (0x21F0B423) sd t6, 0x208(ra)
mem[0x00000000800043A0] <- 0x031300133F440B03

mem[X,0x00000000800018C0] -> 0x2F37
mem[X,0x00000000800018C2] -> 0x7FF6
[1589] [M]: 0x00000000800018C0 (0x7FF62F37) lui t5, 0x7ff62
x30 <- 0x000000007FF62000

mem[X,0x00000000800018C4] -> 0x0F13
mem[X,0x00000000800018C6] -> 0x0FFF
[1590] [M]: 0x00000000800018C4 (0x0FFF0F13) addi t5, t5, 0xff
x30 <- 0x000000007FF620FF

mem[X,0x00000000800018C8] -> 0x1F13
mem[X,0x00000000800018CA] -> 0x00BF
[1591] [M]: 0x00000000800018C8 (0x00BF1F13) slli t5, t5, 0xb
x30 <- 0x000003FFB107F800

mem[X,0x00000000800018CC] -> 0x0F13
mem[X,0x00000000800018CE] -> 0x040F
[1592] [M]: 0x00000000800018CC (0x040F0F13) addi t5, t5, 0x40
x30 <- 0x000003FFB107F840

mem[X,0x00000000800018D0] -> 0x1F13
mem[X,0x00000000800018D2] -> 0x00BF
[1593] [M]: 0x00000000800018D0 (0x00BF1F13) slli t5, t5, 0xb
x30 <- 0x001FFD883FC20000

mem[X,0x00000000800018D4] -> 0x0F13
mem[X,0x00000000800018D6] -> 0x22FF
[1594] [M]: 0x00000000800018D4 (0x22FF0F13) addi t5, t5, 0x22f
x30 <- 0x001FFD883FC2022F

mem[X,0x00000000800018D8] -> 0x1F13
mem[X,0x00000000800018DA] -> 0x00AF
[1595] [M]: 0x00000000800018D8 (0x00AF1F13) slli t5, t5, 0xa
x30 <- 0x7FF620FF0808BC00

mem[X,0x00000000800018DC] -> 0x0F13
mem[X,0x00000000800018DE] -> 0x3BFF
[1596] [M]: 0x00000000800018DC (0x3BFF0F13) addi t5, t5, 0x3bf
x30 <- 0x7FF620FF0808BFBF

mem[X,0x00000000800018E0] -> 0x0EB7
mem[X,0x00000000800018E2] -> 0x4055
[1597] [M]: 0x00000000800018E0 (0x40550EB7) lui t4, 0x40550
x29 <- 0x0000000040550000

mem[X,0x00000000800018E4] -> 0x8E93
mem[X,0x00000000800018E6] -> 0x37FE
[1598] [M]: 0x00000000800018E4 (0x37FE8E93) addi t4, t4, 0x37f
x29 <- 0x000000004055037F

mem[X,0x00000000800018E8] -> 0x9E93
mem[X,0x00000000800018EA] -> 0x00BE
[1599] [M]: 0x00000000800018E8 (0x00BE9E93) slli t4, t4, 0xb
x29 <- 0x00000202A81BF800

clint::tick mtime <- 0x0000000000000010
 clint timer pending at mtime 0x0000000000000010
htif::tick 0x0000000000000000
mem[X,0x00000000800018EC] -> 0x8E93
mem[X,0x00000000800018EE] -> 0x77AE
[1600] [M]: 0x00000000800018EC (0x77AE8E93) addi t4, t4, 0x77a
x29 <- 0x00000202A81BFF7A

mem[X,0x00000000800018F0] -> 0x9E93
mem[X,0x00000000800018F2] -> 0x00BE
[1601] [M]: 0x00000000800018F0 (0x00BE9E93) slli t4, t4, 0xb
x29 <- 0x00101540DFFBD000

mem[X,0x00000000800018F4] -> 0x8E93
mem[X,0x00000000800018F6] -> 0x030E
[1602] [M]: 0x00000000800018F4 (0x030E8E93) addi t4, t4, 0x30
x29 <- 0x00101540DFFBD030

mem[X,0x00000000800018F8] -> 0x9E93
mem[X,0x00000000800018FA] -> 0x00AE
[1603] [M]: 0x00000000800018F8 (0x00AE9E93) slli t4, t4, 0xa
x29 <- 0x4055037FEF40C000

mem[X,0x00000000800018FC] -> 0x8E93
mem[X,0x00000000800018FE] -> 0x07FE
[1604] [M]: 0x00000000800018FC (0x07FE8E93) addi t4, t4, 0x7f
x29 <- 0x4055037FEF40C07F

mem[X,0x0000000080001900] -> 0x0FBB
mem[X,0x0000000080001902] -> 0xDDDF
[1605] [M]: 0x0000000080001900 (0xDDDF0FBB) pasub.b t6, t5, t4
x31 <- 0x1FD00EC00CE4FFA0

mem[X,0x0000000080001904] -> 0xB823
mem[X,0x0000000080001906] -> 0x21F0
[1606] [M]: 0x0000000080001904 (0x21F0B823) sd t6, 0x210(ra)
mem[0x00000000800043A8] <- 0x1FD00EC00CE4FFA0

mem[X,0x0000000080001908] -> 0x006F
mem[X,0x000000008000190A] -> 0x0380
[1607] [M]: 0x0000000080001908 (0x0380006F) jal zero, 0x38

mem[X,0x0000000080001940] -> 0x0093
mem[X,0x0000000080001942] -> 0x0010
[1608] [M]: 0x0000000080001940 (0x00100093) addi ra, zero, 0x1
x1 <- 0x0000000000000001

mem[X,0x0000000080001944] -> 0x0F17
mem[X,0x0000000080001946] -> 0x0000
[1609] [M]: 0x0000000080001944 (0x00000F17) auipc t5, 0x0
x30 <- 0x0000000080001944

mem[X,0x0000000080001948] -> 0x2E23
mem[X,0x000000008000194A] -> 0x6A1F
[1610] [M]: 0x0000000080001948 (0x6A1F2E23) sw ra, 0x6bc(t5)
htif[0x0000000080002000] <- 0x00000001

mem[X,0x000000008000194C] -> 0xF06F
mem[X,0x000000008000194E] -> 0xFF9F
[1611] [M]: 0x000000008000194C (0xFF9FF06F) jal zero, -0x8

mem[X,0x0000000080001944] -> 0x0F17
mem[X,0x0000000080001946] -> 0x0000
[1612] [M]: 0x0000000080001944 (0x00000F17) auipc t5, 0x0
x30 <- 0x0000000080001944

mem[X,0x0000000080001948] -> 0x2E23
mem[X,0x000000008000194A] -> 0x6A1F
[1613] [M]: 0x0000000080001948 (0x6A1F2E23) sw ra, 0x6bc(t5)
htif[0x0000000080002000] <- 0x00000001

mem[X,0x000000008000194C] -> 0xF06F
mem[X,0x000000008000194E] -> 0xFF9F
[1614] [M]: 0x000000008000194C (0xFF9FF06F) jal zero, -0x8

mem[X,0x0000000080001944] -> 0x0F17
mem[X,0x0000000080001946] -> 0x0000
[1615] [M]: 0x0000000080001944 (0x00000F17) auipc t5, 0x0
x30 <- 0x0000000080001944

mem[X,0x0000000080001948] -> 0x2E23
mem[X,0x000000008000194A] -> 0x6A1F
[1616] [M]: 0x0000000080001948 (0x6A1F2E23) sw ra, 0x6bc(t5)
htif[0x0000000080002000] <- 0x00000001
htif-syscall-proxy cmd: 0x000000000001

SUCCESS
