using /home/chsu/rvp-workspace/test-64/riscof_work/pmul.h.beo-01.S/ref/Reference-sail_c_simulator.signature for test-signature output.
tohost located at 0x80002000
Running file ref.elf.
ELF Entry @ 0x80000000
begin_signature: 0x80004110
end_signature: 0x80004450
CSR mstatus <- 0x0000000A00000000 (input: 0x0000000000000000)
mem[X,0x0000000000001000] -> 0x0297
mem[X,0x0000000000001002] -> 0x0000
[0] [M]: 0x0000000000001000 (0x00000297) auipc t0, 0x0
x5 <- 0x0000000000001000

mem[X,0x0000000000001004] -> 0x8593
mem[X,0x0000000000001006] -> 0x0202
[1] [M]: 0x0000000000001004 (0x02028593) addi a1, t0, 0x20
x11 <- 0x0000000000001020

mem[X,0x0000000000001008] -> 0x2573
mem[X,0x000000000000100A] -> 0xF140
[2] [M]: 0x0000000000001008 (0xF1402573) csrrs a0, mhartid, zero
CSR mhartid -> 0x0000000000000000
x10 <- 0x0000000000000000

mem[X,0x000000000000100C] -> 0xB283
mem[X,0x000000000000100E] -> 0x0182
[3] [M]: 0x000000000000100C (0x0182B283) ld t0, 0x18(t0)
mem[R,0x0000000000001018] -> 0x0000000080000000
x5 <- 0x0000000080000000

mem[X,0x0000000000001010] -> 0x8067
mem[X,0x0000000000001012] -> 0x0002
[4] [M]: 0x0000000000001010 (0x00028067) jalr zero, 0x0(t0)

mem[X,0x0000000080000000] -> 0x0837
mem[X,0x0000000080000002] -> 0x7D5C
[5] [M]: 0x0000000080000000 (0x7D5C0837) lui a6, 0x7d5c0
x16 <- 0x000000007D5C0000

mem[X,0x0000000080000004] -> 0x0813
mem[X,0x0000000080000006] -> 0xDDB8
[6] [M]: 0x0000000080000004 (0xDDB80813) addi a6, a6, -0x225
x16 <- 0x000000007D5BFDDB

mem[X,0x0000000080000008] -> 0x1813
mem[X,0x000000008000000A] -> 0x00B8
[7] [M]: 0x0000000080000008 (0x00B81813) slli a6, a6, 0xb
x16 <- 0x000003EADFEED800

mem[X,0x000000008000000C] -> 0x0813
mem[X,0x000000008000000E] -> 0x3EA8
[8] [M]: 0x000000008000000C (0x3EA80813) addi a6, a6, 0x3ea
x16 <- 0x000003EADFEEDBEA

mem[X,0x0000000080000010] -> 0x1813
mem[X,0x0000000080000012] -> 0x00B8
[9] [M]: 0x0000000080000010 (0x00B81813) slli a6, a6, 0xb
x16 <- 0x001F56FF76DF5000

mem[X,0x0000000080000014] -> 0x0813
mem[X,0x0000000080000016] -> 0x6FF8
[10] [M]: 0x0000000080000014 (0x6FF80813) addi a6, a6, 0x6ff
x16 <- 0x001F56FF76DF56FF

mem[X,0x0000000080000018] -> 0x1813
mem[X,0x000000008000001A] -> 0x00A8
[11] [M]: 0x0000000080000018 (0x00A81813) slli a6, a6, 0xa
x16 <- 0x7D5BFDDB7D5BFC00

mem[X,0x000000008000001C] -> 0x0813
mem[X,0x000000008000001E] -> 0x1DB8
[12] [M]: 0x000000008000001C (0x1DB80813) addi a6, a6, 0x1db
x16 <- 0x7D5BFDDB7D5BFDDB

mem[X,0x0000000080000020] -> 0x5893
mem[X,0x0000000080000022] -> 0x0078
[13] [M]: 0x0000000080000020 (0x00785893) srli a7, a6, 0x7
x17 <- 0x00FAB7FBB6FAB7FB

mem[X,0x0000000080000024] -> 0x5793
mem[X,0x0000000080000026] -> 0x0398
[14] [M]: 0x0000000080000024 (0x03985793) srli a5, a6, 0x39
x15 <- 0x000000000000003E

mem[X,0x0000000080000028] -> 0xE8B3
mem[X,0x000000008000002A] -> 0x00F8
[15] [M]: 0x0000000080000028 (0x00F8E8B3) or a7, a7, a5
x17 <- 0x00FAB7FBB6FAB7FF

mem[X,0x000000008000002C] -> 0xD913
mem[X,0x000000008000002E] -> 0x0078
[16] [M]: 0x000000008000002C (0x0078D913) srli s2, a7, 0x7
x18 <- 0x0001F56FF76DF56F

mem[X,0x0000000080000030] -> 0xD793
mem[X,0x0000000080000032] -> 0x0398
[17] [M]: 0x0000000080000030 (0x0398D793) srli a5, a7, 0x39
x15 <- 0x0000000000000000

mem[X,0x0000000080000034] -> 0x6933
mem[X,0x0000000080000036] -> 0x00F9
[18] [M]: 0x0000000080000034 (0x00F96933) or s2, s2, a5
x18 <- 0x0001F56FF76DF56F

mem[X,0x0000000080000038] -> 0x5993
mem[X,0x000000008000003A] -> 0x0079
[19] [M]: 0x0000000080000038 (0x00795993) srli s3, s2, 0x7
x19 <- 0x000003EADFEEDBEA

mem[X,0x000000008000003C] -> 0x5793
mem[X,0x000000008000003E] -> 0x0399
[20] [M]: 0x000000008000003C (0x03995793) srli a5, s2, 0x39
x15 <- 0x0000000000000000

mem[X,0x0000000080000040] -> 0xE9B3
mem[X,0x0000000080000042] -> 0x00F9
[21] [M]: 0x0000000080000040 (0x00F9E9B3) or s3, s3, a5
x19 <- 0x000003EADFEEDBEA

mem[X,0x0000000080000044] -> 0xDA13
mem[X,0x0000000080000046] -> 0x0079
[22] [M]: 0x0000000080000044 (0x0079DA13) srli s4, s3, 0x7
x20 <- 0x00000007D5BFDDB7

mem[X,0x0000000080000048] -> 0xD793
mem[X,0x000000008000004A] -> 0x0399
[23] [M]: 0x0000000080000048 (0x0399D793) srli a5, s3, 0x39
x15 <- 0x0000000000000000

mem[X,0x000000008000004C] -> 0x6A33
mem[X,0x000000008000004E] -> 0x00FA
[24] [M]: 0x000000008000004C (0x00FA6A33) or s4, s4, a5
x20 <- 0x00000007D5BFDDB7

mem[X,0x0000000080000050] -> 0x5A93
mem[X,0x0000000080000052] -> 0x007A
[25] [M]: 0x0000000080000050 (0x007A5A93) srli s5, s4, 0x7
x21 <- 0x000000000FAB7FBB

mem[X,0x0000000080000054] -> 0x5793
mem[X,0x0000000080000056] -> 0x039A
[26] [M]: 0x0000000080000054 (0x039A5793) srli a5, s4, 0x39
x15 <- 0x0000000000000000

mem[X,0x0000000080000058] -> 0xEAB3
mem[X,0x000000008000005A] -> 0x00FA
[27] [M]: 0x0000000080000058 (0x00FAEAB3) or s5, s5, a5
x21 <- 0x000000000FAB7FBB

mem[X,0x000000008000005C] -> 0xDB13
mem[X,0x000000008000005E] -> 0x007A
[28] [M]: 0x000000008000005C (0x007ADB13) srli s6, s5, 0x7
x22 <- 0x00000000001F56FF

mem[X,0x0000000080000060] -> 0xD793
mem[X,0x0000000080000062] -> 0x039A
[29] [M]: 0x0000000080000060 (0x039AD793) srli a5, s5, 0x39
x15 <- 0x0000000000000000

mem[X,0x0000000080000064] -> 0x6B33
mem[X,0x0000000080000066] -> 0x00FB
[30] [M]: 0x0000000080000064 (0x00FB6B33) or s6, s6, a5
x22 <- 0x00000000001F56FF

mem[X,0x0000000080000068] -> 0x5B93
mem[X,0x000000008000006A] -> 0x007B
[31] [M]: 0x0000000080000068 (0x007B5B93) srli s7, s6, 0x7
x23 <- 0x0000000000003EAD

mem[X,0x000000008000006C] -> 0x5793
mem[X,0x000000008000006E] -> 0x039B
[32] [M]: 0x000000008000006C (0x039B5793) srli a5, s6, 0x39
x15 <- 0x0000000000000000

mem[X,0x0000000080000070] -> 0xEBB3
mem[X,0x0000000080000072] -> 0x00FB
[33] [M]: 0x0000000080000070 (0x00FBEBB3) or s7, s7, a5
x23 <- 0x0000000000003EAD

mem[X,0x0000000080000074] -> 0xDC13
mem[X,0x0000000080000076] -> 0x007B
[34] [M]: 0x0000000080000074 (0x007BDC13) srli s8, s7, 0x7
x24 <- 0x000000000000007D

mem[X,0x0000000080000078] -> 0xD793
mem[X,0x000000008000007A] -> 0x039B
[35] [M]: 0x0000000080000078 (0x039BD793) srli a5, s7, 0x39
x15 <- 0x0000000000000000

mem[X,0x000000008000007C] -> 0x6C33
mem[X,0x000000008000007E] -> 0x00FC
[36] [M]: 0x000000008000007C (0x00FC6C33) or s8, s8, a5
x24 <- 0x000000000000007D

mem[X,0x0000000080000080] -> 0x5C93
mem[X,0x0000000080000082] -> 0x007C
[37] [M]: 0x0000000080000080 (0x007C5C93) srli s9, s8, 0x7
x25 <- 0x0000000000000000

mem[X,0x0000000080000084] -> 0x5793
mem[X,0x0000000080000086] -> 0x039C
[38] [M]: 0x0000000080000084 (0x039C5793) srli a5, s8, 0x39
x15 <- 0x0000000000000000

mem[X,0x0000000080000088] -> 0xECB3
mem[X,0x000000008000008A] -> 0x00FC
[39] [M]: 0x0000000080000088 (0x00FCECB3) or s9, s9, a5
x25 <- 0x0000000000000000

mem[X,0x000000008000008C] -> 0xDD13
mem[X,0x000000008000008E] -> 0x007C
[40] [M]: 0x000000008000008C (0x007CDD13) srli s10, s9, 0x7
x26 <- 0x0000000000000000

mem[X,0x0000000080000090] -> 0xD793
mem[X,0x0000000080000092] -> 0x039C
[41] [M]: 0x0000000080000090 (0x039CD793) srli a5, s9, 0x39
x15 <- 0x0000000000000000

mem[X,0x0000000080000094] -> 0x6D33
mem[X,0x0000000080000096] -> 0x00FD
[42] [M]: 0x0000000080000094 (0x00FD6D33) or s10, s10, a5
x26 <- 0x0000000000000000

mem[X,0x0000000080000098] -> 0x5D93
mem[X,0x000000008000009A] -> 0x007D
[43] [M]: 0x0000000080000098 (0x007D5D93) srli s11, s10, 0x7
x27 <- 0x0000000000000000

mem[X,0x000000008000009C] -> 0x5793
mem[X,0x000000008000009E] -> 0x039D
[44] [M]: 0x000000008000009C (0x039D5793) srli a5, s10, 0x39
x15 <- 0x0000000000000000

mem[X,0x00000000800000A0] -> 0xEDB3
mem[X,0x00000000800000A2] -> 0x00FD
[45] [M]: 0x00000000800000A0 (0x00FDEDB3) or s11, s11, a5
x27 <- 0x0000000000000000

mem[X,0x00000000800000A4] -> 0xDE13
mem[X,0x00000000800000A6] -> 0x007D
[46] [M]: 0x00000000800000A4 (0x007DDE13) srli t3, s11, 0x7
x28 <- 0x0000000000000000

mem[X,0x00000000800000A8] -> 0xD793
mem[X,0x00000000800000AA] -> 0x039D
[47] [M]: 0x00000000800000A8 (0x039DD793) srli a5, s11, 0x39
x15 <- 0x0000000000000000

mem[X,0x00000000800000AC] -> 0x6E33
mem[X,0x00000000800000AE] -> 0x00FE
[48] [M]: 0x00000000800000AC (0x00FE6E33) or t3, t3, a5
x28 <- 0x0000000000000000

mem[X,0x00000000800000B0] -> 0x5E93
mem[X,0x00000000800000B2] -> 0x007E
[49] [M]: 0x00000000800000B0 (0x007E5E93) srli t4, t3, 0x7
x29 <- 0x0000000000000000

mem[X,0x00000000800000B4] -> 0x5793
mem[X,0x00000000800000B6] -> 0x039E
[50] [M]: 0x00000000800000B4 (0x039E5793) srli a5, t3, 0x39
x15 <- 0x0000000000000000

mem[X,0x00000000800000B8] -> 0xEEB3
mem[X,0x00000000800000BA] -> 0x00FE
[51] [M]: 0x00000000800000B8 (0x00FEEEB3) or t4, t4, a5
x29 <- 0x0000000000000000

mem[X,0x00000000800000BC] -> 0xDF13
mem[X,0x00000000800000BE] -> 0x007E
[52] [M]: 0x00000000800000BC (0x007EDF13) srli t5, t4, 0x7
x30 <- 0x0000000000000000

mem[X,0x00000000800000C0] -> 0xD793
mem[X,0x00000000800000C2] -> 0x039E
[53] [M]: 0x00000000800000C0 (0x039ED793) srli a5, t4, 0x39
x15 <- 0x0000000000000000

mem[X,0x00000000800000C4] -> 0x6F33
mem[X,0x00000000800000C6] -> 0x00FF
[54] [M]: 0x00000000800000C4 (0x00FF6F33) or t5, t5, a5
x30 <- 0x0000000000000000

mem[X,0x00000000800000C8] -> 0xC0B7
mem[X,0x00000000800000CA] -> 0xFEED
[55] [M]: 0x00000000800000C8 (0xFEEDC0B7) lui ra, -0x1124
x1 <- 0xFFFFFFFFFEEDC000

mem[X,0x00000000800000CC] -> 0x8093
mem[X,0x00000000800000CE] -> 0xEAD0
[56] [M]: 0x00000000800000CC (0xEAD08093) addi ra, ra, -0x153
x1 <- 0xFFFFFFFFFEEDBEAD

mem[X,0x00000000800000D0] -> 0x9093
mem[X,0x00000000800000D2] -> 0x00B0
[57] [M]: 0x00000000800000D0 (0x00B09093) slli ra, ra, 0xb
x1 <- 0xFFFFFFF76DF56800

mem[X,0x00000000800000D4] -> 0x8093
mem[X,0x00000000800000D6] -> 0x7F70
[58] [M]: 0x00000000800000D4 (0x7F708093) addi ra, ra, 0x7f7
x1 <- 0xFFFFFFF76DF56FF7

mem[X,0x00000000800000D8] -> 0x9093
mem[X,0x00000000800000DA] -> 0x00B0
[59] [M]: 0x00000000800000D8 (0x00B09093) slli ra, ra, 0xb
x1 <- 0xFFFFBB6FAB7FB800

mem[X,0x00000000800000DC] -> 0x8093
mem[X,0x00000000800000DE] -> 0x36F0
[60] [M]: 0x00000000800000DC (0x36F08093) addi ra, ra, 0x36f
x1 <- 0xFFFFBB6FAB7FBB6F

mem[X,0x00000000800000E0] -> 0x9093
mem[X,0x00000000800000E2] -> 0x00A0
[61] [M]: 0x00000000800000E0 (0x00A09093) slli ra, ra, 0xa
x1 <- 0xFEEDBEADFEEDBC00

mem[X,0x00000000800000E4] -> 0x8093
mem[X,0x00000000800000E6] -> 0x2AD0
[62] [M]: 0x00000000800000E4 (0x2AD08093) addi ra, ra, 0x2ad
x1 <- 0xFEEDBEADFEEDBEAD

mem[X,0x00000000800000E8] -> 0xD113
mem[X,0x00000000800000EA] -> 0x0070
[63] [M]: 0x00000000800000E8 (0x0070D113) srli sp, ra, 0x7
x2 <- 0x01FDDB7D5BFDDB7D

mem[X,0x00000000800000EC] -> 0xD793
mem[X,0x00000000800000EE] -> 0x0390
[64] [M]: 0x00000000800000EC (0x0390D793) srli a5, ra, 0x39
x15 <- 0x000000000000007F

mem[X,0x00000000800000F0] -> 0x6133
mem[X,0x00000000800000F2] -> 0x00F1
[65] [M]: 0x00000000800000F0 (0x00F16133) or sp, sp, a5
x2 <- 0x01FDDB7D5BFDDB7F

mem[X,0x00000000800000F4] -> 0x5193
mem[X,0x00000000800000F6] -> 0x0071
[66] [M]: 0x00000000800000F4 (0x00715193) srli gp, sp, 0x7
x3 <- 0x0003FBB6FAB7FBB6

mem[X,0x00000000800000F8] -> 0x5793
mem[X,0x00000000800000FA] -> 0x0391
[67] [M]: 0x00000000800000F8 (0x03915793) srli a5, sp, 0x39
x15 <- 0x0000000000000000

mem[X,0x00000000800000FC] -> 0xE1B3
mem[X,0x00000000800000FE] -> 0x00F1
[68] [M]: 0x00000000800000FC (0x00F1E1B3) or gp, gp, a5
x3 <- 0x0003FBB6FAB7FBB6

mem[X,0x0000000080000100] -> 0xD213
mem[X,0x0000000080000102] -> 0x0071
[69] [M]: 0x0000000080000100 (0x0071D213) srli tp, gp, 0x7
x4 <- 0x000007F76DF56FF7

mem[X,0x0000000080000104] -> 0xD793
mem[X,0x0000000080000106] -> 0x0391
[70] [M]: 0x0000000080000104 (0x0391D793) srli a5, gp, 0x39
x15 <- 0x0000000000000000

mem[X,0x0000000080000108] -> 0x6233
mem[X,0x000000008000010A] -> 0x00F2
[71] [M]: 0x0000000080000108 (0x00F26233) or tp, tp, a5
x4 <- 0x000007F76DF56FF7

mem[X,0x000000008000010C] -> 0x5293
mem[X,0x000000008000010E] -> 0x0072
[72] [M]: 0x000000008000010C (0x00725293) srli t0, tp, 0x7
x5 <- 0x0000000FEEDBEADF

mem[X,0x0000000080000110] -> 0x5793
mem[X,0x0000000080000112] -> 0x0392
[73] [M]: 0x0000000080000110 (0x03925793) srli a5, tp, 0x39
x15 <- 0x0000000000000000

mem[X,0x0000000080000114] -> 0xE2B3
mem[X,0x0000000080000116] -> 0x00F2
[74] [M]: 0x0000000080000114 (0x00F2E2B3) or t0, t0, a5
x5 <- 0x0000000FEEDBEADF

mem[X,0x0000000080000118] -> 0xD313
mem[X,0x000000008000011A] -> 0x0072
[75] [M]: 0x0000000080000118 (0x0072D313) srli t1, t0, 0x7
x6 <- 0x000000001FDDB7D5

mem[X,0x000000008000011C] -> 0xD793
mem[X,0x000000008000011E] -> 0x0392
[76] [M]: 0x000000008000011C (0x0392D793) srli a5, t0, 0x39
x15 <- 0x0000000000000000

mem[X,0x0000000080000120] -> 0x6333
mem[X,0x0000000080000122] -> 0x00F3
[77] [M]: 0x0000000080000120 (0x00F36333) or t1, t1, a5
x6 <- 0x000000001FDDB7D5

mem[X,0x0000000080000124] -> 0x5393
mem[X,0x0000000080000126] -> 0x0073
[78] [M]: 0x0000000080000124 (0x00735393) srli t2, t1, 0x7
x7 <- 0x00000000003FBB6F

mem[X,0x0000000080000128] -> 0x5793
mem[X,0x000000008000012A] -> 0x0393
[79] [M]: 0x0000000080000128 (0x03935793) srli a5, t1, 0x39
x15 <- 0x0000000000000000

mem[X,0x000000008000012C] -> 0xE3B3
mem[X,0x000000008000012E] -> 0x00F3
[80] [M]: 0x000000008000012C (0x00F3E3B3) or t2, t2, a5
x7 <- 0x00000000003FBB6F

mem[X,0x0000000080000130] -> 0xD413
mem[X,0x0000000080000132] -> 0x0073
[81] [M]: 0x0000000080000130 (0x0073D413) srli fp, t2, 0x7
x8 <- 0x0000000000007F76

mem[X,0x0000000080000134] -> 0xD793
mem[X,0x0000000080000136] -> 0x0393
[82] [M]: 0x0000000080000134 (0x0393D793) srli a5, t2, 0x39
x15 <- 0x0000000000000000

mem[X,0x0000000080000138] -> 0x6433
mem[X,0x000000008000013A] -> 0x00F4
[83] [M]: 0x0000000080000138 (0x00F46433) or fp, fp, a5
x8 <- 0x0000000000007F76

mem[X,0x000000008000013C] -> 0x5493
mem[X,0x000000008000013E] -> 0x0074
[84] [M]: 0x000000008000013C (0x00745493) srli s1, fp, 0x7
x9 <- 0x00000000000000FE

mem[X,0x0000000080000140] -> 0x5793
mem[X,0x0000000080000142] -> 0x0394
[85] [M]: 0x0000000080000140 (0x03945793) srli a5, fp, 0x39
x15 <- 0x0000000000000000

mem[X,0x0000000080000144] -> 0xE4B3
mem[X,0x0000000080000146] -> 0x00F4
[86] [M]: 0x0000000080000144 (0x00F4E4B3) or s1, s1, a5
x9 <- 0x00000000000000FE

mem[X,0x0000000080000148] -> 0xD513
mem[X,0x000000008000014A] -> 0x0074
[87] [M]: 0x0000000080000148 (0x0074D513) srli a0, s1, 0x7
x10 <- 0x0000000000000001

mem[X,0x000000008000014C] -> 0xD793
mem[X,0x000000008000014E] -> 0x0394
[88] [M]: 0x000000008000014C (0x0394D793) srli a5, s1, 0x39
x15 <- 0x0000000000000000

mem[X,0x0000000080000150] -> 0x6533
mem[X,0x0000000080000152] -> 0x00F5
[89] [M]: 0x0000000080000150 (0x00F56533) or a0, a0, a5
x10 <- 0x0000000000000001

mem[X,0x0000000080000154] -> 0x5593
mem[X,0x0000000080000156] -> 0x0075
[90] [M]: 0x0000000080000154 (0x00755593) srli a1, a0, 0x7
x11 <- 0x0000000000000000

mem[X,0x0000000080000158] -> 0x5793
mem[X,0x000000008000015A] -> 0x0395
[91] [M]: 0x0000000080000158 (0x03955793) srli a5, a0, 0x39
x15 <- 0x0000000000000000

mem[X,0x000000008000015C] -> 0xE5B3
mem[X,0x000000008000015E] -> 0x00F5
[92] [M]: 0x000000008000015C (0x00F5E5B3) or a1, a1, a5
x11 <- 0x0000000000000000

mem[X,0x0000000080000160] -> 0xD613
mem[X,0x0000000080000162] -> 0x0075
[93] [M]: 0x0000000080000160 (0x0075D613) srli a2, a1, 0x7
x12 <- 0x0000000000000000

mem[X,0x0000000080000164] -> 0xD793
mem[X,0x0000000080000166] -> 0x0395
[94] [M]: 0x0000000080000164 (0x0395D793) srli a5, a1, 0x39
x15 <- 0x0000000000000000

mem[X,0x0000000080000168] -> 0x6633
mem[X,0x000000008000016A] -> 0x00F6
[95] [M]: 0x0000000080000168 (0x00F66633) or a2, a2, a5
x12 <- 0x0000000000000000

mem[X,0x000000008000016C] -> 0x5693
mem[X,0x000000008000016E] -> 0x0076
[96] [M]: 0x000000008000016C (0x00765693) srli a3, a2, 0x7
x13 <- 0x0000000000000000

mem[X,0x0000000080000170] -> 0x5793
mem[X,0x0000000080000172] -> 0x0396
[97] [M]: 0x0000000080000170 (0x03965793) srli a5, a2, 0x39
x15 <- 0x0000000000000000

mem[X,0x0000000080000174] -> 0xE6B3
mem[X,0x0000000080000176] -> 0x00F6
[98] [M]: 0x0000000080000174 (0x00F6E6B3) or a3, a3, a5
x13 <- 0x0000000000000000

mem[X,0x0000000080000178] -> 0x0013
mem[X,0x000000008000017A] -> 0x0000
[99] [M]: 0x0000000080000178 (0x00000013) addi zero, zero, 0x0

clint::tick mtime <- 0x0000000000000001
 clint timer pending at mtime 0x0000000000000001
htif::tick 0x0000000000000000
mem[X,0x000000008000017C] -> 0x0013
mem[X,0x000000008000017E] -> 0x0000
[100] [M]: 0x000000008000017C (0x00000013) addi zero, zero, 0x0

mem[X,0x0000000080000180] -> 0x4097
mem[X,0x0000000080000182] -> 0x0000
[101] [M]: 0x0000000080000180 (0x00004097) auipc ra, 0x4
x1 <- 0x0000000080004180

mem[X,0x0000000080000184] -> 0x8093
mem[X,0x0000000080000186] -> 0xF980
[102] [M]: 0x0000000080000184 (0xF9808093) addi ra, ra, -0x68
x1 <- 0x0000000080004118

mem[X,0x0000000080000188] -> 0x0013
mem[X,0x000000008000018A] -> 0x0000
[103] [M]: 0x0000000080000188 (0x00000013) addi zero, zero, 0x0

mem[X,0x000000008000018C] -> 0x0013
mem[X,0x000000008000018E] -> 0x0000
[104] [M]: 0x000000008000018C (0x00000013) addi zero, zero, 0x0

mem[X,0x0000000080000190] -> 0x0013
mem[X,0x0000000080000192] -> 0x0000
[105] [M]: 0x0000000080000190 (0x00000013) addi zero, zero, 0x0

mem[X,0x0000000080000194] -> 0x0013
mem[X,0x0000000080000196] -> 0x0000
[106] [M]: 0x0000000080000194 (0x00000013) addi zero, zero, 0x0

mem[X,0x0000000080000198] -> 0x0013
mem[X,0x000000008000019A] -> 0x0000
[107] [M]: 0x0000000080000198 (0x00000013) addi zero, zero, 0x0

mem[X,0x000000008000019C] -> 0x0013
mem[X,0x000000008000019E] -> 0x0000
[108] [M]: 0x000000008000019C (0x00000013) addi zero, zero, 0x0

mem[X,0x00000000800001A0] -> 0x1F37
mem[X,0x00000000800001A2] -> 0xFFEF
[109] [M]: 0x00000000800001A0 (0xFFEF1F37) lui t5, -0x10f
x30 <- 0xFFFFFFFFFFEF1000

mem[X,0x00000000800001A4] -> 0x0F13
mem[X,0x00000000800001A6] -> 0x800F
[110] [M]: 0x00000000800001A4 (0x800F0F13) addi t5, t5, -0x800
x30 <- 0xFFFFFFFFFFEF0800

mem[X,0x00000000800001A8] -> 0x1F13
mem[X,0x00000000800001AA] -> 0x00BF
[111] [M]: 0x00000000800001A8 (0x00BF1F13) slli t5, t5, 0xb
x30 <- 0xFFFFFFFF78400000

mem[X,0x00000000800001AC] -> 0x0F13
mem[X,0x00000000800001AE] -> 0x7FFF
[112] [M]: 0x00000000800001AC (0x7FFF0F13) addi t5, t5, 0x7ff
x30 <- 0xFFFFFFFF784007FF

mem[X,0x00000000800001B0] -> 0x1F13
mem[X,0x00000000800001B2] -> 0x00BF
[113] [M]: 0x00000000800001B0 (0x00BF1F13) slli t5, t5, 0xb
x30 <- 0xFFFFFBC2003FF800

mem[X,0x00000000800001B4] -> 0x0F13
mem[X,0x00000000800001B6] -> 0x5A0F
[114] [M]: 0x00000000800001B4 (0x5A0F0F13) addi t5, t5, 0x5a0
x30 <- 0xFFFFFBC2003FFDA0

mem[X,0x00000000800001B8] -> 0x1F13
mem[X,0x00000000800001BA] -> 0x00AF
[115] [M]: 0x00000000800001B8 (0x00AF1F13) slli t5, t5, 0xa
x30 <- 0xFFEF0800FFF68000

mem[X,0x00000000800001BC] -> 0x0237
mem[X,0x00000000800001BE] -> 0x5556
[116] [M]: 0x00000000800001BC (0x55560237) lui tp, 0x55560
x4 <- 0x0000000055560000

mem[X,0x00000000800001C0] -> 0x0213
mem[X,0x00000000800001C2] -> 0xFF92
[117] [M]: 0x00000000800001C0 (0xFF920213) addi tp, tp, -0x7
x4 <- 0x000000005555FFF9

mem[X,0x00000000800001C4] -> 0x1213
mem[X,0x00000000800001C6] -> 0x00B2
[118] [M]: 0x00000000800001C4 (0x00B21213) slli tp, tp, 0xb
x4 <- 0x000002AAAFFFC800

mem[X,0x00000000800001C8] -> 0x0213
mem[X,0x00000000800001CA] -> 0x2002
[119] [M]: 0x00000000800001C8 (0x20020213) addi tp, tp, 0x200
x4 <- 0x000002AAAFFFCA00

mem[X,0x00000000800001CC] -> 0x1213
mem[X,0x00000000800001CE] -> 0x00B2
[120] [M]: 0x00000000800001CC (0x00B21213) slli tp, tp, 0xb
x4 <- 0x0015557FFE500000

mem[X,0x00000000800001D0] -> 0x0213
mem[X,0x00000000800001D2] -> 0x03F2
[121] [M]: 0x00000000800001D0 (0x03F20213) addi tp, tp, 0x3f
x4 <- 0x0015557FFE50003F

mem[X,0x00000000800001D4] -> 0x1213
mem[X,0x00000000800001D6] -> 0x00A2
[122] [M]: 0x00000000800001D4 (0x00A21213) slli tp, tp, 0xa
x4 <- 0x5555FFF94000FC00

mem[X,0x00000000800001D8] -> 0x0213
mem[X,0x00000000800001DA] -> 0x3EF2
[123] [M]: 0x00000000800001D8 (0x3EF20213) addi tp, tp, 0x3ef
x4 <- 0x5555FFF94000FFEF

mem[X,0x00000000800001DC] -> 0x123B
mem[X,0x00000000800001DE] -> 0x904F
[124] [M]: 0x00000000800001DC (0x904F123B) pmul.h.beo tp, t5, tp
x4 <- 0xFA5B0000FD800000

mem[X,0x00000000800001E0] -> 0xB023
mem[X,0x00000000800001E2] -> 0x0040
[125] [M]: 0x00000000800001E0 (0x0040B023) sd tp, 0x0(ra)
mem[0x0000000080004118] <- 0xFA5B0000FD800000

mem[X,0x00000000800001E4] -> 0x0FB7
mem[X,0x00000000800001E6] -> 0x0100
[126] [M]: 0x00000000800001E4 (0x01000FB7) lui t6, 0x1000
x31 <- 0x0000000001000000

mem[X,0x00000000800001E8] -> 0x8F93
mem[X,0x00000000800001EA] -> 0x003F
[127] [M]: 0x00000000800001E8 (0x003F8F93) addi t6, t6, 0x3
x31 <- 0x0000000001000003

mem[X,0x00000000800001EC] -> 0x9F93
mem[X,0x00000000800001EE] -> 0x00BF
[128] [M]: 0x00000000800001EC (0x00BF9F93) slli t6, t6, 0xb
x31 <- 0x0000000800001800

mem[X,0x00000000800001F0] -> 0x8F93
mem[X,0x00000000800001F2] -> 0x200F
[129] [M]: 0x00000000800001F0 (0x200F8F93) addi t6, t6, 0x200
x31 <- 0x0000000800001A00

mem[X,0x00000000800001F4] -> 0x9F93
mem[X,0x00000000800001F6] -> 0x00BF
[130] [M]: 0x00000000800001F4 (0x00BF9F93) slli t6, t6, 0xb
x31 <- 0x0000400000D00000

mem[X,0x00000000800001F8] -> 0x8F93
mem[X,0x00000000800001FA] -> 0x03FF
[131] [M]: 0x00000000800001F8 (0x03FF8F93) addi t6, t6, 0x3f
x31 <- 0x0000400000D0003F

mem[X,0x00000000800001FC] -> 0x9F93
mem[X,0x00000000800001FE] -> 0x00AF
[132] [M]: 0x00000000800001FC (0x00AF9F93) slli t6, t6, 0xa
x31 <- 0x010000034000FC00

mem[X,0x0000000080000200] -> 0x8F93
mem[X,0x0000000080000202] -> 0x3FFF
[133] [M]: 0x0000000080000200 (0x3FFF8F93) addi t6, t6, 0x3ff
x31 <- 0x010000034000FFFF

mem[X,0x0000000080000204] -> 0x0537
mem[X,0x0000000080000206] -> 0x0000
[134] [M]: 0x0000000080000204 (0x00000537) lui a0, 0x0
x10 <- 0x0000000000000000

mem[X,0x0000000080000208] -> 0x0513
mem[X,0x000000008000020A] -> 0x1005
[135] [M]: 0x0000000080000208 (0x10050513) addi a0, a0, 0x100
x10 <- 0x0000000000000100

mem[X,0x000000008000020C] -> 0x1513
mem[X,0x000000008000020E] -> 0x00B5
[136] [M]: 0x000000008000020C (0x00B51513) slli a0, a0, 0xb
x10 <- 0x0000000000080000

mem[X,0x0000000080000210] -> 0x0513
mem[X,0x0000000080000212] -> 0x0005
[137] [M]: 0x0000000080000210 (0x00050513) addi a0, a0, 0x0
x10 <- 0x0000000000080000

mem[X,0x0000000080000214] -> 0x1513
mem[X,0x0000000080000216] -> 0x00B5
[138] [M]: 0x0000000080000214 (0x00B51513) slli a0, a0, 0xb
x10 <- 0x0000000040000000

mem[X,0x0000000080000218] -> 0x0513
mem[X,0x000000008000021A] -> 0x0405
[139] [M]: 0x0000000080000218 (0x04050513) addi a0, a0, 0x40
x10 <- 0x0000000040000040

mem[X,0x000000008000021C] -> 0x1513
mem[X,0x000000008000021E] -> 0x00A5
[140] [M]: 0x000000008000021C (0x00A51513) slli a0, a0, 0xa
x10 <- 0x0000010000010000

mem[X,0x0000000080000220] -> 0x0513
mem[X,0x0000000080000222] -> 0x0075
[141] [M]: 0x0000000080000220 (0x00750513) addi a0, a0, 0x7
x10 <- 0x0000010000010007

mem[X,0x0000000080000224] -> 0x9F3B
mem[X,0x0000000080000226] -> 0x90AF
[142] [M]: 0x0000000080000224 (0x90AF9F3B) pmul.h.beo t5, t6, a0
x30 <- 0x0000000300000000

mem[X,0x0000000080000228] -> 0xB423
mem[X,0x000000008000022A] -> 0x01E0
[143] [M]: 0x0000000080000228 (0x01E0B423) sd t5, 0x8(ra)
mem[0x0000000080004120] <- 0x0000000300000000

mem[X,0x000000008000022C] -> 0x0DB7
mem[X,0x000000008000022E] -> 0xFFF9
[144] [M]: 0x000000008000022C (0xFFF90DB7) lui s11, -0x70
x27 <- 0xFFFFFFFFFFF90000

mem[X,0x0000000080000230] -> 0x8D93
mem[X,0x0000000080000232] -> 0x002D
[145] [M]: 0x0000000080000230 (0x002D8D93) addi s11, s11, 0x2
x27 <- 0xFFFFFFFFFFF90002

mem[X,0x0000000080000234] -> 0x9D93
mem[X,0x0000000080000236] -> 0x00BD
[146] [M]: 0x0000000080000234 (0x00BD9D93) slli s11, s11, 0xb
x27 <- 0xFFFFFFFFC8001000

mem[X,0x0000000080000238] -> 0x8D93
mem[X,0x000000008000023A] -> 0x000D
[147] [M]: 0x0000000080000238 (0x000D8D93) addi s11, s11, 0x0
x27 <- 0xFFFFFFFFC8001000

mem[X,0x000000008000023C] -> 0x9D93
mem[X,0x000000008000023E] -> 0x00BD
[148] [M]: 0x000000008000023C (0x00BD9D93) slli s11, s11, 0xb
x27 <- 0xFFFFFE4000800000

mem[X,0x0000000080000240] -> 0x8D93
mem[X,0x0000000080000242] -> 0x180D
[149] [M]: 0x0000000080000240 (0x180D8D93) addi s11, s11, 0x180
x27 <- 0xFFFFFE4000800180

mem[X,0x0000000080000244] -> 0x9D93
mem[X,0x0000000080000246] -> 0x00AD
[150] [M]: 0x0000000080000244 (0x00AD9D93) slli s11, s11, 0xa
x27 <- 0xFFF9000200060000

mem[X,0x0000000080000248] -> 0x0337
mem[X,0x000000008000024A] -> 0xFFF8
[151] [M]: 0x0000000080000248 (0xFFF80337) lui t1, -0x80
x6 <- 0xFFFFFFFFFFF80000

mem[X,0x000000008000024C] -> 0x0313
mem[X,0x000000008000024E] -> 0x0093
[152] [M]: 0x000000008000024C (0x00930313) addi t1, t1, 0x9
x6 <- 0xFFFFFFFFFFF80009

mem[X,0x0000000080000250] -> 0x1313
mem[X,0x0000000080000252] -> 0x00B3
[153] [M]: 0x0000000080000250 (0x00B31313) slli t1, t1, 0xb
x6 <- 0xFFFFFFFFC0004800

mem[X,0x0000000080000254] -> 0x0313
mem[X,0x0000000080000256] -> 0x5553
[154] [M]: 0x0000000080000254 (0x55530313) addi t1, t1, 0x555
x6 <- 0xFFFFFFFFC0004D55

mem[X,0x0000000080000258] -> 0x1313
mem[X,0x000000008000025A] -> 0x00B3
[155] [M]: 0x0000000080000258 (0x00B31313) slli t1, t1, 0xb
x6 <- 0xFFFFFE00026AA800

mem[X,0x000000008000025C] -> 0x0313
mem[X,0x000000008000025E] -> 0x2823
[156] [M]: 0x000000008000025C (0x28230313) addi t1, t1, 0x282
x6 <- 0xFFFFFE00026AAA82

mem[X,0x0000000080000260] -> 0x1313
mem[X,0x0000000080000262] -> 0x00A3
[157] [M]: 0x0000000080000260 (0x00A31313) slli t1, t1, 0xa
x6 <- 0xFFF80009AAAA0800

mem[X,0x0000000080000264] -> 0x9DBB
mem[X,0x0000000080000266] -> 0x906D
[158] [M]: 0x0000000080000264 (0x906D9DBB) pmul.h.beo s11, s11, t1
x27 <- 0x00070000FDFC0000

mem[X,0x0000000080000268] -> 0xB823
mem[X,0x000000008000026A] -> 0x01B0
[159] [M]: 0x0000000080000268 (0x01B0B823) sd s11, 0x10(ra)
mem[0x0000000080004128] <- 0x00070000FDFC0000

mem[X,0x000000008000026C] -> 0x09B7
mem[X,0x000000008000026E] -> 0x8000
[160] [M]: 0x000000008000026C (0x800009B7) lui s3, -0x80000
x19 <- 0xFFFFFFFF80000000

mem[X,0x0000000080000270] -> 0x8993
mem[X,0x0000000080000272] -> 0xBFF9
[161] [M]: 0x0000000080000270 (0xBFF98993) addi s3, s3, -0x401
x19 <- 0xFFFFFFFF7FFFFBFF

mem[X,0x0000000080000274] -> 0x9993
mem[X,0x0000000080000276] -> 0x00B9
[162] [M]: 0x0000000080000274 (0x00B99993) slli s3, s3, 0xb
x19 <- 0xFFFFFBFFFFDFF800

mem[X,0x0000000080000278] -> 0x8993
mem[X,0x000000008000027A] -> 0x1FF9
[163] [M]: 0x0000000080000278 (0x1FF98993) addi s3, s3, 0x1ff
x19 <- 0xFFFFFBFFFFDFF9FF

mem[X,0x000000008000027C] -> 0x9993
mem[X,0x000000008000027E] -> 0x00B9
[164] [M]: 0x000000008000027C (0x00B99993) slli s3, s3, 0xb
x19 <- 0xFFDFFFFEFFCFF800

mem[X,0x0000000080000280] -> 0x8993
mem[X,0x0000000080000282] -> 0x7C09
[165] [M]: 0x0000000080000280 (0x7C098993) addi s3, s3, 0x7c0
x19 <- 0xFFDFFFFEFFCFFFC0

mem[X,0x0000000080000284] -> 0x9993
mem[X,0x0000000080000286] -> 0x00A9
[166] [M]: 0x0000000080000284 (0x00A99993) slli s3, s3, 0xa
x19 <- 0x7FFFFBFF3FFF0000

mem[X,0x0000000080000288] -> 0x8993
mem[X,0x000000008000028A] -> 0x0019
[167] [M]: 0x0000000080000288 (0x00198993) addi s3, s3, 0x1
x19 <- 0x7FFFFBFF3FFF0001

mem[X,0x000000008000028C] -> 0x09B7
mem[X,0x000000008000028E] -> 0xFC00
[168] [M]: 0x000000008000028C (0xFC0009B7) lui s3, -0x4000
x19 <- 0xFFFFFFFFFC000000

mem[X,0x0000000080000290] -> 0x8993
mem[X,0x0000000080000292] -> 0xF7F9
[169] [M]: 0x0000000080000290 (0xF7F98993) addi s3, s3, -0x81
x19 <- 0xFFFFFFFFFBFFFF7F

mem[X,0x0000000080000294] -> 0x9993
mem[X,0x0000000080000296] -> 0x00B9
[170] [M]: 0x0000000080000294 (0x00B99993) slli s3, s3, 0xb
x19 <- 0xFFFFFFDFFFFBF800

mem[X,0x0000000080000298] -> 0x8993
mem[X,0x000000008000029A] -> 0x7EF9
[171] [M]: 0x0000000080000298 (0x7EF98993) addi s3, s3, 0x7ef
x19 <- 0xFFFFFFDFFFFBFFEF

mem[X,0x000000008000029C] -> 0x9993
mem[X,0x000000008000029E] -> 0x00B9
[172] [M]: 0x000000008000029C (0x00B99993) slli s3, s3, 0xb
x19 <- 0xFFFEFFFFDFFF7800

mem[X,0x00000000800002A0] -> 0x8993
mem[X,0x00000000800002A2] -> 0x7FF9
[173] [M]: 0x00000000800002A0 (0x7FF98993) addi s3, s3, 0x7ff
x19 <- 0xFFFEFFFFDFFF7FFF

mem[X,0x00000000800002A4] -> 0x9993
mem[X,0x00000000800002A6] -> 0x00A9
[174] [M]: 0x00000000800002A4 (0x00A99993) slli s3, s3, 0xa
x19 <- 0xFBFFFF7FFDFFFC00

mem[X,0x00000000800002A8] -> 0x8993
mem[X,0x00000000800002AA] -> 0x3BF9
[175] [M]: 0x00000000800002A8 (0x3BF98993) addi s3, s3, 0x3bf
x19 <- 0xFBFFFF7FFDFFFFBF

mem[X,0x00000000800002AC] -> 0x99BB
mem[X,0x00000000800002AE] -> 0x9139
[176] [M]: 0x00000000800002AC (0x913999BB) pmul.h.beo s3, s3, s3
x19 <- 0x0005FF8100030041

mem[X,0x00000000800002B0] -> 0xBC23
mem[X,0x00000000800002B2] -> 0x0130
[177] [M]: 0x00000000800002B0 (0x0130BC23) sd s3, 0x18(ra)
mem[0x0000000080004130] <- 0x0005FF8100030041

mem[X,0x00000000800002B4] -> 0x03B7
mem[X,0x00000000800002B6] -> 0xF000
[178] [M]: 0x00000000800002B4 (0xF00003B7) lui t2, -0x10000
x7 <- 0xFFFFFFFFF0000000

mem[X,0x00000000800002B8] -> 0x8393
mem[X,0x00000000800002BA] -> 0xBFF3
[179] [M]: 0x00000000800002B8 (0xBFF38393) addi t2, t2, -0x401
x7 <- 0xFFFFFFFFEFFFFBFF

mem[X,0x00000000800002BC] -> 0x9393
mem[X,0x00000000800002BE] -> 0x00B3
[180] [M]: 0x00000000800002BC (0x00B39393) slli t2, t2, 0xb
x7 <- 0xFFFFFF7FFFDFF800

mem[X,0x00000000800002C0] -> 0x8393
mem[X,0x00000000800002C2] -> 0x2AA3
[181] [M]: 0x00000000800002C0 (0x2AA38393) addi t2, t2, 0x2aa
x7 <- 0xFFFFFF7FFFDFFAAA

mem[X,0x00000000800002C4] -> 0x9393
mem[X,0x00000000800002C6] -> 0x00B3
[182] [M]: 0x00000000800002C4 (0x00B39393) slli t2, t2, 0xb
x7 <- 0xFFFBFFFEFFD55000

mem[X,0x00000000800002C8] -> 0x8393
mem[X,0x00000000800002CA] -> 0x55F3
[183] [M]: 0x00000000800002C8 (0x55F38393) addi t2, t2, 0x55f
x7 <- 0xFFFBFFFEFFD5555F

mem[X,0x00000000800002CC] -> 0x9393
mem[X,0x00000000800002CE] -> 0x00A3
[184] [M]: 0x00000000800002CC (0x00A39393) slli t2, t2, 0xa
x7 <- 0xEFFFFBFF55557C00

mem[X,0x00000000800002D0] -> 0x8393
mem[X,0x00000000800002D2] -> 0x3FF3
[185] [M]: 0x00000000800002D0 (0x3FF38393) addi t2, t2, 0x3ff
x7 <- 0xEFFFFBFF55557FFF

mem[X,0x00000000800002D4] -> 0x03B7
mem[X,0x00000000800002D6] -> 0xEFFF
[186] [M]: 0x00000000800002D4 (0xEFFF03B7) lui t2, -0x10010
x7 <- 0xFFFFFFFFEFFF0000

mem[X,0x00000000800002D8] -> 0x8393
mem[X,0x00000000800002DA] -> 0x4003
[187] [M]: 0x00000000800002D8 (0x40038393) addi t2, t2, 0x400
x7 <- 0xFFFFFFFFEFFF0400

mem[X,0x00000000800002DC] -> 0x9393
mem[X,0x00000000800002DE] -> 0x00B3
[188] [M]: 0x00000000800002DC (0x00B39393) slli t2, t2, 0xb
x7 <- 0xFFFFFF7FF8200000

mem[X,0x00000000800002E0] -> 0x8393
mem[X,0x00000000800002E2] -> 0x7FD3
[189] [M]: 0x00000000800002E0 (0x7FD38393) addi t2, t2, 0x7fd
x7 <- 0xFFFFFF7FF82007FD

mem[X,0x00000000800002E4] -> 0x9393
mem[X,0x00000000800002E6] -> 0x00B3
[190] [M]: 0x00000000800002E4 (0x00B39393) slli t2, t2, 0xb
x7 <- 0xFFFBFFC1003FE800

mem[X,0x00000000800002E8] -> 0x8393
mem[X,0x00000000800002EA] -> 0x7C13
[191] [M]: 0x00000000800002E8 (0x7C138393) addi t2, t2, 0x7c1
x7 <- 0xFFFBFFC1003FEFC1

mem[X,0x00000000800002EC] -> 0x9393
mem[X,0x00000000800002EE] -> 0x00A3
[192] [M]: 0x00000000800002EC (0x00A39393) slli t2, t2, 0xa
x7 <- 0xEFFF0400FFBF0400

mem[X,0x00000000800002F0] -> 0x9EBB
mem[X,0x00000000800002F2] -> 0x9073
[193] [M]: 0x00000000800002F0 (0x90739EBB) pmul.h.beo t4, t2, t2
x29 <- 0x0011000000410000

mem[X,0x00000000800002F4] -> 0xB023
mem[X,0x00000000800002F6] -> 0x03D0
[194] [M]: 0x00000000800002F4 (0x03D0B023) sd t4, 0x20(ra)
mem[0x0000000080004138] <- 0x0011000000410000

mem[X,0x00000000800002F8] -> 0xC637
mem[X,0x00000000800002FA] -> 0x4000
[195] [M]: 0x00000000800002F8 (0x4000C637) lui a2, 0x4000c
x12 <- 0x000000004000C000

mem[X,0x00000000800002FC] -> 0x0613
mem[X,0x00000000800002FE] -> 0xFFF6
[196] [M]: 0x00000000800002FC (0xFFF60613) addi a2, a2, -0x1
x12 <- 0x000000004000BFFF

mem[X,0x0000000080000300] -> 0x1613
mem[X,0x0000000080000302] -> 0x00B6
[197] [M]: 0x0000000080000300 (0x00B61613) slli a2, a2, 0xb
x12 <- 0x0000020005FFF800

mem[X,0x0000000080000304] -> 0x0613
mem[X,0x0000000080000306] -> 0x0006
[198] [M]: 0x0000000080000304 (0x00060613) addi a2, a2, 0x0
x12 <- 0x0000020005FFF800

mem[X,0x0000000080000308] -> 0x1613
mem[X,0x000000008000030A] -> 0x00B6
[199] [M]: 0x0000000080000308 (0x00B61613) slli a2, a2, 0xb
x12 <- 0x0010002FFFC00000

clint::tick mtime <- 0x0000000000000002
 clint timer pending at mtime 0x0000000000000002
htif::tick 0x0000000000000000
mem[X,0x000000008000030C] -> 0x0613
mem[X,0x000000008000030E] -> 0x0406
[200] [M]: 0x000000008000030C (0x04060613) addi a2, a2, 0x40
x12 <- 0x0010002FFFC00040

mem[X,0x0000000080000310] -> 0x1613
mem[X,0x0000000080000312] -> 0x00A6
[201] [M]: 0x0000000080000310 (0x00A61613) slli a2, a2, 0xa
x12 <- 0x4000BFFF00010000

mem[X,0x0000000080000314] -> 0x0613
mem[X,0x0000000080000316] -> 0x0026
[202] [M]: 0x0000000080000314 (0x00260613) addi a2, a2, 0x2
x12 <- 0x4000BFFF00010002

mem[X,0x0000000080000318] -> 0x0D37
mem[X,0x000000008000031A] -> 0xAAAA
[203] [M]: 0x0000000080000318 (0xAAAA0D37) lui s10, -0x55560
x26 <- 0xFFFFFFFFAAAA0000

mem[X,0x000000008000031C] -> 0x0D13
mem[X,0x000000008000031E] -> 0x080D
[204] [M]: 0x000000008000031C (0x080D0D13) addi s10, s10, 0x80
x26 <- 0xFFFFFFFFAAAA0080

mem[X,0x0000000080000320] -> 0x1D13
mem[X,0x0000000080000322] -> 0x00BD
[205] [M]: 0x0000000080000320 (0x00BD1D13) slli s10, s10, 0xb
x26 <- 0xFFFFFD5550040000

mem[X,0x0000000080000324] -> 0x0D13
mem[X,0x0000000080000326] -> 0x020D
[206] [M]: 0x0000000080000324 (0x020D0D13) addi s10, s10, 0x20
x26 <- 0xFFFFFD5550040020

mem[X,0x0000000080000328] -> 0x1D13
mem[X,0x000000008000032A] -> 0x00BD
[207] [M]: 0x0000000080000328 (0x00BD1D13) slli s10, s10, 0xb
x26 <- 0xFFEAAA8020010000

mem[X,0x000000008000032C] -> 0x0D13
mem[X,0x000000008000032E] -> 0x03FD
[208] [M]: 0x000000008000032C (0x03FD0D13) addi s10, s10, 0x3f
x26 <- 0xFFEAAA802001003F

mem[X,0x0000000080000330] -> 0x1D13
mem[X,0x0000000080000332] -> 0x00AD
[209] [M]: 0x0000000080000330 (0x00AD1D13) slli s10, s10, 0xa
x26 <- 0xAAAA00800400FC00

mem[X,0x0000000080000334] -> 0x0D13
mem[X,0x0000000080000336] -> 0x3FED
[210] [M]: 0x0000000080000334 (0x3FED0D13) addi s10, s10, 0x3fe
x26 <- 0xAAAA00800400FFFE

mem[X,0x0000000080000338] -> 0x18BB
mem[X,0x000000008000033A] -> 0x91A6
[211] [M]: 0x0000000080000338 (0x91A618BB) pmul.h.beo a7, a2, s10
x17 <- 0x000000000004FFFE

mem[X,0x000000008000033C] -> 0xB423
mem[X,0x000000008000033E] -> 0x0310
[212] [M]: 0x000000008000033C (0x0310B423) sd a7, 0x28(ra)
mem[0x0000000080004140] <- 0x000000000004FFFE

mem[X,0x0000000080000340] -> 0x0C37
mem[X,0x0000000080000342] -> 0xFBFF
[213] [M]: 0x0000000080000340 (0xFBFF0C37) lui s8, -0x4010
x24 <- 0xFFFFFFFFFBFF0000

mem[X,0x0000000080000344] -> 0x0C13
mem[X,0x0000000080000346] -> 0x004C
[214] [M]: 0x0000000080000344 (0x004C0C13) addi s8, s8, 0x4
x24 <- 0xFFFFFFFFFBFF0004

mem[X,0x0000000080000348] -> 0x1C13
mem[X,0x000000008000034A] -> 0x00BC
[215] [M]: 0x0000000080000348 (0x00BC1C13) slli s8, s8, 0xb
x24 <- 0xFFFFFFDFF8002000

mem[X,0x000000008000034C] -> 0x0C13
mem[X,0x000000008000034E] -> 0x000C
[216] [M]: 0x000000008000034C (0x000C0C13) addi s8, s8, 0x0
x24 <- 0xFFFFFFDFF8002000

mem[X,0x0000000080000350] -> 0x1C13
mem[X,0x0000000080000352] -> 0x00BC
[217] [M]: 0x0000000080000350 (0x00BC1C13) slli s8, s8, 0xb
x24 <- 0xFFFEFFC001000000

mem[X,0x0000000080000354] -> 0x0C13
mem[X,0x0000000080000356] -> 0x180C
[218] [M]: 0x0000000080000354 (0x180C0C13) addi s8, s8, 0x180
x24 <- 0xFFFEFFC001000180

mem[X,0x0000000080000358] -> 0x1C13
mem[X,0x000000008000035A] -> 0x00AC
[219] [M]: 0x0000000080000358 (0x00AC1C13) slli s8, s8, 0xa
x24 <- 0xFBFF000400060000

mem[X,0x000000008000035C] -> 0x0C13
mem[X,0x000000008000035E] -> 0x004C
[220] [M]: 0x000000008000035C (0x004C0C13) addi s8, s8, 0x4
x24 <- 0xFBFF000400060004

mem[X,0x0000000080000360] -> 0xF937
mem[X,0x0000000080000362] -> 0x403F
[221] [M]: 0x0000000080000360 (0x403FF937) lui s2, 0x403ff
x18 <- 0x00000000403FF000

mem[X,0x0000000080000364] -> 0x0913
mem[X,0x0000000080000366] -> 0x7C19
[222] [M]: 0x0000000080000364 (0x7C190913) addi s2, s2, 0x7c1
x18 <- 0x00000000403FF7C1

mem[X,0x0000000080000368] -> 0x1913
mem[X,0x000000008000036A] -> 0x00A9
[223] [M]: 0x0000000080000368 (0x00A91913) slli s2, s2, 0xa
x18 <- 0x00000100FFDF0400

mem[X,0x000000008000036C] -> 0x1D3B
mem[X,0x000000008000036E] -> 0x912C
[224] [M]: 0x000000008000036C (0x912C1D3B) pmul.h.beo s10, s8, s2
x26 <- 0x00000004FFFA0010

mem[X,0x0000000080000370] -> 0xB823
mem[X,0x0000000080000372] -> 0x03A0
[225] [M]: 0x0000000080000370 (0x03A0B823) sd s10, 0x30(ra)
mem[0x0000000080004148] <- 0x00000004FFFA0010

mem[X,0x0000000080000374] -> 0xCE37
mem[X,0x0000000080000376] -> 0x0001
[226] [M]: 0x0000000080000374 (0x0001CE37) lui t3, 0x1c
x28 <- 0x000000000001C000

mem[X,0x0000000080000378] -> 0x0E13
mem[X,0x000000008000037A] -> 0xFFFE
[227] [M]: 0x0000000080000378 (0xFFFE0E13) addi t3, t3, -0x1
x28 <- 0x000000000001BFFF

mem[X,0x000000008000037C] -> 0x1E13
mem[X,0x000000008000037E] -> 0x00BE
[228] [M]: 0x000000008000037C (0x00BE1E13) slli t3, t3, 0xb
x28 <- 0x000000000DFFF800

mem[X,0x0000000080000380] -> 0x0E13
mem[X,0x0000000080000382] -> 0x7FDE
[229] [M]: 0x0000000080000380 (0x7FDE0E13) addi t3, t3, 0x7fd
x28 <- 0x000000000DFFFFFD

mem[X,0x0000000080000384] -> 0x1E13
mem[X,0x0000000080000386] -> 0x00BE
[230] [M]: 0x0000000080000384 (0x00BE1E13) slli t3, t3, 0xb
x28 <- 0x0000006FFFFFE800

mem[X,0x0000000080000388] -> 0x0E13
mem[X,0x000000008000038A] -> 0x7C0E
[231] [M]: 0x0000000080000388 (0x7C0E0E13) addi t3, t3, 0x7c0
x28 <- 0x0000006FFFFFEFC0

mem[X,0x000000008000038C] -> 0x1E13
mem[X,0x000000008000038E] -> 0x00AE
[232] [M]: 0x000000008000038C (0x00AE1E13) slli t3, t3, 0xa
x28 <- 0x0001BFFFFFBF0000

mem[X,0x0000000080000390] -> 0x0E13
mem[X,0x0000000080000392] -> 0x008E
[233] [M]: 0x0000000080000390 (0x008E0E13) addi t3, t3, 0x8
x28 <- 0x0001BFFFFFBF0008

mem[X,0x0000000080000394] -> 0x4C37
mem[X,0x0000000080000396] -> 0x0004
[234] [M]: 0x0000000080000394 (0x00044C37) lui s8, 0x44
x24 <- 0x0000000000044000

mem[X,0x0000000080000398] -> 0x0C13
mem[X,0x000000008000039A] -> 0x000C
[235] [M]: 0x0000000080000398 (0x000C0C13) addi s8, s8, 0x0
x24 <- 0x0000000000044000

mem[X,0x000000008000039C] -> 0x1C13
mem[X,0x000000008000039E] -> 0x00BC
[236] [M]: 0x000000008000039C (0x00BC1C13) slli s8, s8, 0xb
x24 <- 0x0000000022000000

mem[X,0x00000000800003A0] -> 0x0C13
mem[X,0x00000000800003A2] -> 0x3FFC
[237] [M]: 0x00000000800003A0 (0x3FFC0C13) addi s8, s8, 0x3ff
x24 <- 0x00000000220003FF

mem[X,0x00000000800003A4] -> 0x1C13
mem[X,0x00000000800003A6] -> 0x00BC
[238] [M]: 0x00000000800003A4 (0x00BC1C13) slli s8, s8, 0xb
x24 <- 0x00000110001FF800

mem[X,0x00000000800003A8] -> 0x0C13
mem[X,0x00000000800003AA] -> 0x7C2C
[239] [M]: 0x00000000800003A8 (0x7C2C0C13) addi s8, s8, 0x7c2
x24 <- 0x00000110001FFFC2

mem[X,0x00000000800003AC] -> 0x1C13
mem[X,0x00000000800003AE] -> 0x00AC
[240] [M]: 0x00000000800003AC (0x00AC1C13) slli s8, s8, 0xa
x24 <- 0x000440007FFF0800

mem[X,0x00000000800003B0] -> 0x16BB
mem[X,0x00000000800003B2] -> 0x918E
[241] [M]: 0x00000000800003B0 (0x918E16BB) pmul.h.beo a3, t3, s8
x13 <- 0x0000FFC0DFC10040

mem[X,0x00000000800003B4] -> 0xBC23
mem[X,0x00000000800003B6] -> 0x02D0
[242] [M]: 0x00000000800003B4 (0x02D0BC23) sd a3, 0x38(ra)
mem[0x0000000080004150] <- 0x0000FFC0DFC10040

mem[X,0x00000000800003B8] -> 0x4837
mem[X,0x00000000800003BA] -> 0xFF7F
[243] [M]: 0x00000000800003B8 (0xFF7F4837) lui a6, -0x80c
x16 <- 0xFFFFFFFFFF7F4000

mem[X,0x00000000800003BC] -> 0x0813
mem[X,0x00000000800003BE] -> 0xFFF8
[244] [M]: 0x00000000800003BC (0xFFF80813) addi a6, a6, -0x1
x16 <- 0xFFFFFFFFFF7F3FFF

mem[X,0x00000000800003C0] -> 0x1813
mem[X,0x00000000800003C2] -> 0x00B8
[245] [M]: 0x00000000800003C0 (0x00B81813) slli a6, a6, 0xb
x16 <- 0xFFFFFFFBF9FFF800

mem[X,0x00000000800003C4] -> 0x0813
mem[X,0x00000000800003C6] -> 0x0088
[246] [M]: 0x00000000800003C4 (0x00880813) addi a6, a6, 0x8
x16 <- 0xFFFFFFFBF9FFF808

mem[X,0x00000000800003C8] -> 0x1813
mem[X,0x00000000800003CA] -> 0x00B8
[247] [M]: 0x00000000800003C8 (0x00B81813) slli a6, a6, 0xb
x16 <- 0xFFFFDFCFFFC04000

mem[X,0x00000000800003CC] -> 0x0813
mem[X,0x00000000800003CE] -> 0x0008
[248] [M]: 0x00000000800003CC (0x00080813) addi a6, a6, 0x0
x16 <- 0xFFFFDFCFFFC04000

mem[X,0x00000000800003D0] -> 0x1813
mem[X,0x00000000800003D2] -> 0x00A8
[249] [M]: 0x00000000800003D0 (0x00A81813) slli a6, a6, 0xa
x16 <- 0xFF7F3FFF01000000

mem[X,0x00000000800003D4] -> 0x0813
mem[X,0x00000000800003D6] -> 0x0108
[250] [M]: 0x00000000800003D4 (0x01080813) addi a6, a6, 0x10
x16 <- 0xFF7F3FFF01000010

mem[X,0x00000000800003D8] -> 0x0B37
mem[X,0x00000000800003DA] -> 0x0006
[251] [M]: 0x00000000800003D8 (0x00060B37) lui s6, 0x60
x22 <- 0x0000000000060000

mem[X,0x00000000800003DC] -> 0x0B13
mem[X,0x00000000800003DE] -> 0xFFEB
[252] [M]: 0x00000000800003DC (0xFFEB0B13) addi s6, s6, -0x2
x22 <- 0x000000000005FFFE

mem[X,0x00000000800003E0] -> 0x1B13
mem[X,0x00000000800003E2] -> 0x00BB
[253] [M]: 0x00000000800003E0 (0x00BB1B13) slli s6, s6, 0xb
x22 <- 0x000000002FFFF000

mem[X,0x00000000800003E4] -> 0x0B13
mem[X,0x00000000800003E6] -> 0x000B
[254] [M]: 0x00000000800003E4 (0x000B0B13) addi s6, s6, 0x0
x22 <- 0x000000002FFFF000

mem[X,0x00000000800003E8] -> 0x1B13
mem[X,0x00000000800003EA] -> 0x00BB
[255] [M]: 0x00000000800003E8 (0x00BB1B13) slli s6, s6, 0xb
x22 <- 0x0000017FFF800000

mem[X,0x00000000800003EC] -> 0x0B13
mem[X,0x00000000800003EE] -> 0x43FB
[256] [M]: 0x00000000800003EC (0x43FB0B13) addi s6, s6, 0x43f
x22 <- 0x0000017FFF80043F

mem[X,0x00000000800003F0] -> 0x1B13
mem[X,0x00000000800003F2] -> 0x00AB
[257] [M]: 0x00000000800003F0 (0x00AB1B13) slli s6, s6, 0xa
x22 <- 0x0005FFFE0010FC00

mem[X,0x00000000800003F4] -> 0x0B13
mem[X,0x00000000800003F6] -> 0x3EFB
[258] [M]: 0x00000000800003F4 (0x3EFB0B13) addi s6, s6, 0x3ef
x22 <- 0x0005FFFE0010FFEF

mem[X,0x00000000800003F8] -> 0x103B
mem[X,0x00000000800003FA] -> 0x9168
[259] [M]: 0x00000000800003F8 (0x9168103B) pmul.h.beo zero, a6, s6

mem[X,0x00000000800003FC] -> 0xB023
mem[X,0x00000000800003FE] -> 0x0400
[260] [M]: 0x00000000800003FC (0x0400B023) sd zero, 0x40(ra)
mem[0x0000000080004158] <- 0x0000000000000000

mem[X,0x0000000080000400] -> 0x0AB7
mem[X,0x0000000080000402] -> 0xDFFF
[261] [M]: 0x0000000080000400 (0xDFFF0AB7) lui s5, -0x20010
x21 <- 0xFFFFFFFFDFFF0000

mem[X,0x0000000080000404] -> 0x8A93
mem[X,0x0000000080000406] -> 0x006A
[262] [M]: 0x0000000080000404 (0x006A8A93) addi s5, s5, 0x6
x21 <- 0xFFFFFFFFDFFF0006

mem[X,0x0000000080000408] -> 0x9A93
mem[X,0x000000008000040A] -> 0x00BA
[263] [M]: 0x0000000080000408 (0x00BA9A93) slli s5, s5, 0xb
x21 <- 0xFFFFFEFFF8003000

mem[X,0x000000008000040C] -> 0x8A93
mem[X,0x000000008000040E] -> 0x3FFA
[264] [M]: 0x000000008000040C (0x3FFA8A93) addi s5, s5, 0x3ff
x21 <- 0xFFFFFEFFF80033FF

mem[X,0x0000000080000410] -> 0x9A93
mem[X,0x0000000080000412] -> 0x00BA
[265] [M]: 0x0000000080000410 (0x00BA9A93) slli s5, s5, 0xb
x21 <- 0xFFF7FFC0019FF800

mem[X,0x0000000080000414] -> 0x8A93
mem[X,0x0000000080000416] -> 0x7C0A
[266] [M]: 0x0000000080000414 (0x7C0A8A93) addi s5, s5, 0x7c0
x21 <- 0xFFF7FFC0019FFFC0

mem[X,0x0000000080000418] -> 0x9A93
mem[X,0x000000008000041A] -> 0x00AA
[267] [M]: 0x0000000080000418 (0x00AA9A93) slli s5, s5, 0xa
x21 <- 0xDFFF00067FFF0000

mem[X,0x000000008000041C] -> 0x8A93
mem[X,0x000000008000041E] -> 0x020A
[268] [M]: 0x000000008000041C (0x020A8A93) addi s5, s5, 0x20
x21 <- 0xDFFF00067FFF0020

mem[X,0x0000000080000420] -> 0x56B7
mem[X,0x0000000080000422] -> 0xFFF6
[269] [M]: 0x0000000080000420 (0xFFF656B7) lui a3, -0x9b
x13 <- 0xFFFFFFFFFFF65000

mem[X,0x0000000080000424] -> 0x8693
mem[X,0x0000000080000426] -> 0x5556
[270] [M]: 0x0000000080000424 (0x55568693) addi a3, a3, 0x555
x13 <- 0xFFFFFFFFFFF65555

mem[X,0x0000000080000428] -> 0x9693
mem[X,0x000000008000042A] -> 0x00B6
[271] [M]: 0x0000000080000428 (0x00B69693) slli a3, a3, 0xb
x13 <- 0xFFFFFFFFB2AAA800

mem[X,0x000000008000042C] -> 0x8693
mem[X,0x000000008000042E] -> 0x0106
[272] [M]: 0x000000008000042C (0x01068693) addi a3, a3, 0x10
x13 <- 0xFFFFFFFFB2AAA810

mem[X,0x0000000080000430] -> 0x9693
mem[X,0x0000000080000432] -> 0x00B6
[273] [M]: 0x0000000080000430 (0x00B69693) slli a3, a3, 0xb
x13 <- 0xFFFFFD9555408000

mem[X,0x0000000080000434] -> 0x8693
mem[X,0x0000000080000436] -> 0x03F6
[274] [M]: 0x0000000080000434 (0x03F68693) addi a3, a3, 0x3f
x13 <- 0xFFFFFD955540803F

mem[X,0x0000000080000438] -> 0x9693
mem[X,0x000000008000043A] -> 0x00A6
[275] [M]: 0x0000000080000438 (0x00A69693) slli a3, a3, 0xa
x13 <- 0xFFF655550200FC00

mem[X,0x000000008000043C] -> 0x8693
mem[X,0x000000008000043E] -> 0x37F6
[276] [M]: 0x000000008000043C (0x37F68693) addi a3, a3, 0x37f
x13 <- 0xFFF655550200FF7F

mem[X,0x0000000080000440] -> 0x993B
mem[X,0x0000000080000442] -> 0x90DA
[277] [M]: 0x0000000080000440 (0x90DA993B) pmul.h.beo s2, s5, a3
x18 <- 0x000101FEFFFEFFE0

mem[X,0x0000000080000444] -> 0xB423
mem[X,0x0000000080000446] -> 0x0520
[278] [M]: 0x0000000080000444 (0x0520B423) sd s2, 0x48(ra)
mem[0x0000000080004160] <- 0x000101FEFFFEFFE0

mem[X,0x0000000080000448] -> 0x8137
mem[X,0x000000008000044A] -> 0xFFEF
[279] [M]: 0x0000000080000448 (0xFFEF8137) lui sp, -0x108
x2 <- 0xFFFFFFFFFFEF8000

mem[X,0x000000008000044C] -> 0x0113
mem[X,0x000000008000044E] -> 0xFFF1
[280] [M]: 0x000000008000044C (0xFFF10113) addi sp, sp, -0x1
x2 <- 0xFFFFFFFFFFEF7FFF

mem[X,0x0000000080000450] -> 0x1113
mem[X,0x0000000080000452] -> 0x00B1
[281] [M]: 0x0000000080000450 (0x00B11113) slli sp, sp, 0xb
x2 <- 0xFFFFFFFF7BFFF800

mem[X,0x0000000080000454] -> 0x0113
mem[X,0x0000000080000456] -> 0x0081
[282] [M]: 0x0000000080000454 (0x00810113) addi sp, sp, 0x8
x2 <- 0xFFFFFFFF7BFFF808

mem[X,0x0000000080000458] -> 0x1113
mem[X,0x000000008000045A] -> 0x00B1
[283] [M]: 0x0000000080000458 (0x00B11113) slli sp, sp, 0xb
x2 <- 0xFFFFFBDFFFC04000

mem[X,0x000000008000045C] -> 0x0113
mem[X,0x000000008000045E] -> 0x0001
[284] [M]: 0x000000008000045C (0x00010113) addi sp, sp, 0x0
x2 <- 0xFFFFFBDFFFC04000

mem[X,0x0000000080000460] -> 0x1113
mem[X,0x0000000080000462] -> 0x00A1
[285] [M]: 0x0000000080000460 (0x00A11113) slli sp, sp, 0xa
x2 <- 0xFFEF7FFF01000000

mem[X,0x0000000080000464] -> 0x0113
mem[X,0x0000000080000466] -> 0x0401
[286] [M]: 0x0000000080000464 (0x04010113) addi sp, sp, 0x40
x2 <- 0xFFEF7FFF01000040

mem[X,0x0000000080000468] -> 0x0837
mem[X,0x000000008000046A] -> 0x0003
[287] [M]: 0x0000000080000468 (0x00030837) lui a6, 0x30
x16 <- 0x0000000000030000

mem[X,0x000000008000046C] -> 0x0813
mem[X,0x000000008000046E] -> 0xFBF8
[288] [M]: 0x000000008000046C (0xFBF80813) addi a6, a6, -0x41
x16 <- 0x000000000002FFBF

mem[X,0x0000000080000470] -> 0x1813
mem[X,0x0000000080000472] -> 0x00B8
[289] [M]: 0x0000000080000470 (0x00B81813) slli a6, a6, 0xb
x16 <- 0x0000000017FDF800

mem[X,0x0000000080000474] -> 0x0813
mem[X,0x0000000080000476] -> 0x7FF8
[290] [M]: 0x0000000080000474 (0x7FF80813) addi a6, a6, 0x7ff
x16 <- 0x0000000017FDFFFF

mem[X,0x0000000080000478] -> 0x1813
mem[X,0x000000008000047A] -> 0x00B8
[291] [M]: 0x0000000080000478 (0x00B81813) slli a6, a6, 0xb
x16 <- 0x000000BFEFFFF800

mem[X,0x000000008000047C] -> 0x0813
mem[X,0x000000008000047E] -> 0x6808
[292] [M]: 0x000000008000047C (0x68080813) addi a6, a6, 0x680
x16 <- 0x000000BFEFFFFE80

mem[X,0x0000000080000480] -> 0x1813
mem[X,0x0000000080000482] -> 0x00A8
[293] [M]: 0x0000000080000480 (0x00A81813) slli a6, a6, 0xa
x16 <- 0x0002FFBFFFFA0000

mem[X,0x0000000080000484] -> 0x0813
mem[X,0x0000000080000486] -> 0x0038
[294] [M]: 0x0000000080000484 (0x00380813) addi a6, a6, 0x3
x16 <- 0x0002FFBFFFFA0003

mem[X,0x0000000080000488] -> 0x1E3B
mem[X,0x000000008000048A] -> 0x9101
[295] [M]: 0x0000000080000488 (0x91011E3B) pmul.h.beo t3, sp, a6
x28 <- 0x0000000100000000

mem[X,0x000000008000048C] -> 0xB823
mem[X,0x000000008000048E] -> 0x05C0
[296] [M]: 0x000000008000048C (0x05C0B823) sd t3, 0x50(ra)
mem[0x0000000080004168] <- 0x0000000100000000

mem[X,0x0000000080000490] -> 0x0337
mem[X,0x0000000080000492] -> 0xC001
[297] [M]: 0x0000000080000490 (0xC0010337) lui t1, -0x3fff0
x6 <- 0xFFFFFFFFC0010000

mem[X,0x0000000080000494] -> 0x0313
mem[X,0x0000000080000496] -> 0xFFE3
[298] [M]: 0x0000000080000494 (0xFFE30313) addi t1, t1, -0x2
x6 <- 0xFFFFFFFFC000FFFE

mem[X,0x0000000080000498] -> 0x1313
mem[X,0x000000008000049A] -> 0x00B3
[299] [M]: 0x0000000080000498 (0x00B31313) slli t1, t1, 0xb
x6 <- 0xFFFFFE0007FFF000

clint::tick mtime <- 0x0000000000000003
 clint timer pending at mtime 0x0000000000000003
htif::tick 0x0000000000000000
mem[X,0x000000008000049C] -> 0x0313
mem[X,0x000000008000049E] -> 0x4003
[300] [M]: 0x000000008000049C (0x40030313) addi t1, t1, 0x400
x6 <- 0xFFFFFE0007FFF400

mem[X,0x00000000800004A0] -> 0x1313
mem[X,0x00000000800004A2] -> 0x00B3
[301] [M]: 0x00000000800004A0 (0x00B31313) slli t1, t1, 0xb
x6 <- 0xFFF0003FFFA00000

mem[X,0x00000000800004A4] -> 0x0313
mem[X,0x00000000800004A6] -> 0x0003
[302] [M]: 0x00000000800004A4 (0x00030313) addi t1, t1, 0x0
x6 <- 0xFFF0003FFFA00000

mem[X,0x00000000800004A8] -> 0x1313
mem[X,0x00000000800004AA] -> 0x00A3
[303] [M]: 0x00000000800004A8 (0x00A31313) slli t1, t1, 0xa
x6 <- 0xC000FFFE80000000

mem[X,0x00000000800004AC] -> 0x0313
mem[X,0x00000000800004AE] -> 0x0803
[304] [M]: 0x00000000800004AC (0x08030313) addi t1, t1, 0x80
x6 <- 0xC000FFFE80000080

mem[X,0x00000000800004B0] -> 0xFEB7
mem[X,0x00000000800004B2] -> 0xBFFF
[305] [M]: 0x00000000800004B0 (0xBFFFFEB7) lui t4, -0x40001
x29 <- 0xFFFFFFFFBFFFF000

mem[X,0x00000000800004B4] -> 0x8E93
mem[X,0x00000000800004B6] -> 0x7FFE
[306] [M]: 0x00000000800004B4 (0x7FFE8E93) addi t4, t4, 0x7ff
x29 <- 0xFFFFFFFFBFFFF7FF

mem[X,0x00000000800004B8] -> 0x9E93
mem[X,0x00000000800004BA] -> 0x00BE
[307] [M]: 0x00000000800004B8 (0x00BE9E93) slli t4, t4, 0xb
x29 <- 0xFFFFFDFFFFBFF800

mem[X,0x00000000800004BC] -> 0x8E93
mem[X,0x00000000800004BE] -> 0x7FBE
[308] [M]: 0x00000000800004BC (0x7FBE8E93) addi t4, t4, 0x7fb
x29 <- 0xFFFFFDFFFFBFFFFB

mem[X,0x00000000800004C0] -> 0x9E93
mem[X,0x00000000800004C2] -> 0x00BE
[309] [M]: 0x00000000800004C0 (0x00BE9E93) slli t4, t4, 0xb
x29 <- 0xFFEFFFFDFFFFD800

mem[X,0x00000000800004C4] -> 0x8E93
mem[X,0x00000000800004C6] -> 0x7EAE
[310] [M]: 0x00000000800004C4 (0x7EAE8E93) addi t4, t4, 0x7ea
x29 <- 0xFFEFFFFDFFFFDFEA

mem[X,0x00000000800004C8] -> 0x9E93
mem[X,0x00000000800004CA] -> 0x00AE
[311] [M]: 0x00000000800004C8 (0x00AE9E93) slli t4, t4, 0xa
x29 <- 0xBFFFF7FFFF7FA800

mem[X,0x00000000800004CC] -> 0x8E93
mem[X,0x00000000800004CE] -> 0x2AAE
[312] [M]: 0x00000000800004CC (0x2AAE8E93) addi t4, t4, 0x2aa
x29 <- 0xBFFFF7FFFF7FAAAA

mem[X,0x00000000800004D0] -> 0x17BB
mem[X,0x00000000800004D2] -> 0x91D3
[313] [M]: 0x00000000800004D0 (0x91D317BB) pmul.h.beo a5, t1, t4
x15 <- 0x0000001200002B00

mem[X,0x00000000800004D4] -> 0xBC23
mem[X,0x00000000800004D6] -> 0x04F0
[314] [M]: 0x00000000800004D4 (0x04F0BC23) sd a5, 0x58(ra)
mem[0x0000000080004170] <- 0x0000001200002B00

mem[X,0x00000000800004D8] -> 0x06B7
mem[X,0x00000000800004DA] -> 0xFFFF
[315] [M]: 0x00000000800004D8 (0xFFFF06B7) lui a3, -0x10
x13 <- 0xFFFFFFFFFFFF0000

mem[X,0x00000000800004DC] -> 0x8693
mem[X,0x00000000800004DE] -> 0xFFF6
[316] [M]: 0x00000000800004DC (0xFFF68693) addi a3, a3, -0x1
x13 <- 0xFFFFFFFFFFFEFFFF

mem[X,0x00000000800004E0] -> 0x9693
mem[X,0x00000000800004E2] -> 0x00B6
[317] [M]: 0x00000000800004E0 (0x00B69693) slli a3, a3, 0xb
x13 <- 0xFFFFFFFFF7FFF800

mem[X,0x00000000800004E4] -> 0x8693
mem[X,0x00000000800004E6] -> 0x7FF6
[318] [M]: 0x00000000800004E4 (0x7FF68693) addi a3, a3, 0x7ff
x13 <- 0xFFFFFFFFF7FFFFFF

mem[X,0x00000000800004E8] -> 0x9693
mem[X,0x00000000800004EA] -> 0x00B6
[319] [M]: 0x00000000800004E8 (0x00B69693) slli a3, a3, 0xb
x13 <- 0xFFFFFFBFFFFFF800

mem[X,0x00000000800004EC] -> 0x8693
mem[X,0x00000000800004EE] -> 0x3C06
[320] [M]: 0x00000000800004EC (0x3C068693) addi a3, a3, 0x3c0
x13 <- 0xFFFFFFBFFFFFFBC0

mem[X,0x00000000800004F0] -> 0x9693
mem[X,0x00000000800004F2] -> 0x00A6
[321] [M]: 0x00000000800004F0 (0x00A69693) slli a3, a3, 0xa
x13 <- 0xFFFEFFFFFFEF0000

mem[X,0x00000000800004F4] -> 0x8693
mem[X,0x00000000800004F6] -> 0x1006
[322] [M]: 0x00000000800004F4 (0x10068693) addi a3, a3, 0x100
x13 <- 0xFFFEFFFFFFEF0100

mem[X,0x00000000800004F8] -> 0x08B7
mem[X,0x00000000800004FA] -> 0x0100
[323] [M]: 0x00000000800004F8 (0x010008B7) lui a7, 0x1000
x17 <- 0x0000000001000000

mem[X,0x00000000800004FC] -> 0x8893
mem[X,0x00000000800004FE] -> 0x0038
[324] [M]: 0x00000000800004FC (0x00388893) addi a7, a7, 0x3
x17 <- 0x0000000001000003

mem[X,0x0000000080000500] -> 0x9893
mem[X,0x0000000080000502] -> 0x00B8
[325] [M]: 0x0000000080000500 (0x00B89893) slli a7, a7, 0xb
x17 <- 0x0000000800001800

mem[X,0x0000000080000504] -> 0x8893
mem[X,0x0000000080000506] -> 0x0008
[326] [M]: 0x0000000080000504 (0x00088893) addi a7, a7, 0x0
x17 <- 0x0000000800001800

mem[X,0x0000000080000508] -> 0x9893
mem[X,0x000000008000050A] -> 0x00B8
[327] [M]: 0x0000000080000508 (0x00B89893) slli a7, a7, 0xb
x17 <- 0x0000400000C00000

mem[X,0x000000008000050C] -> 0x8893
mem[X,0x000000008000050E] -> 0x0C48
[328] [M]: 0x000000008000050C (0x0C488893) addi a7, a7, 0xc4
x17 <- 0x0000400000C000C4

mem[X,0x0000000080000510] -> 0x9893
mem[X,0x0000000080000512] -> 0x00A8
[329] [M]: 0x0000000080000510 (0x00A89893) slli a7, a7, 0xa
x17 <- 0x0100000300031000

mem[X,0x0000000080000514] -> 0x983B
mem[X,0x0000000080000516] -> 0x9116
[330] [M]: 0x0000000080000514 (0x9116983B) pmul.h.beo a6, a3, a7
x16 <- 0xFFFE000000000000

mem[X,0x0000000080000518] -> 0xB023
mem[X,0x000000008000051A] -> 0x0700
[331] [M]: 0x0000000080000518 (0x0700B023) sd a6, 0x60(ra)
mem[0x0000000080004178] <- 0xFFFE000000000000

mem[X,0x000000008000051C] -> 0x0937
mem[X,0x000000008000051E] -> 0x0400
[332] [M]: 0x000000008000051C (0x04000937) lui s2, 0x4000
x18 <- 0x0000000004000000

mem[X,0x0000000080000520] -> 0x0913
mem[X,0x0000000080000522] -> 0x1009
[333] [M]: 0x0000000080000520 (0x10090913) addi s2, s2, 0x100
x18 <- 0x0000000004000100

mem[X,0x0000000080000524] -> 0x1913
mem[X,0x0000000080000526] -> 0x00B9
[334] [M]: 0x0000000080000524 (0x00B91913) slli s2, s2, 0xb
x18 <- 0x0000002000080000

mem[X,0x0000000080000528] -> 0x0913
mem[X,0x000000008000052A] -> 0x7FF9
[335] [M]: 0x0000000080000528 (0x7FF90913) addi s2, s2, 0x7ff
x18 <- 0x00000020000807FF

mem[X,0x000000008000052C] -> 0x1913
mem[X,0x000000008000052E] -> 0x00B9
[336] [M]: 0x000000008000052C (0x00B91913) slli s2, s2, 0xb
x18 <- 0x00010000403FF800

mem[X,0x0000000080000530] -> 0x0913
mem[X,0x0000000080000532] -> 0x7C09
[337] [M]: 0x0000000080000530 (0x7C090913) addi s2, s2, 0x7c0
x18 <- 0x00010000403FFFC0

mem[X,0x0000000080000534] -> 0x1913
mem[X,0x0000000080000536] -> 0x00A9
[338] [M]: 0x0000000080000534 (0x00A91913) slli s2, s2, 0xa
x18 <- 0x04000100FFFF0000

mem[X,0x0000000080000538] -> 0x0913
mem[X,0x000000008000053A] -> 0x2009
[339] [M]: 0x0000000080000538 (0x20090913) addi s2, s2, 0x200
x18 <- 0x04000100FFFF0200

mem[X,0x000000008000053C] -> 0x0637
mem[X,0x000000008000053E] -> 0xFFFF
[340] [M]: 0x000000008000053C (0xFFFF0637) lui a2, -0x10
x12 <- 0xFFFFFFFFFFFF0000

mem[X,0x0000000080000540] -> 0x0613
mem[X,0x0000000080000542] -> 0x4006
[341] [M]: 0x0000000080000540 (0x40060613) addi a2, a2, 0x400
x12 <- 0xFFFFFFFFFFFF0400

mem[X,0x0000000080000544] -> 0x1613
mem[X,0x0000000080000546] -> 0x00B6
[342] [M]: 0x0000000080000544 (0x00B61613) slli a2, a2, 0xb
x12 <- 0xFFFFFFFFF8200000

mem[X,0x0000000080000548] -> 0x0613
mem[X,0x000000008000054A] -> 0x7FF6
[343] [M]: 0x0000000080000548 (0x7FF60613) addi a2, a2, 0x7ff
x12 <- 0xFFFFFFFFF82007FF

mem[X,0x000000008000054C] -> 0x1613
mem[X,0x000000008000054E] -> 0x00B6
[344] [M]: 0x000000008000054C (0x00B61613) slli a2, a2, 0xb
x12 <- 0xFFFFFFC1003FF800

mem[X,0x0000000080000550] -> 0x0613
mem[X,0x0000000080000552] -> 0x7C06
[345] [M]: 0x0000000080000550 (0x7C060613) addi a2, a2, 0x7c0
x12 <- 0xFFFFFFC1003FFFC0

mem[X,0x0000000080000554] -> 0x1613
mem[X,0x0000000080000556] -> 0x00A6
[346] [M]: 0x0000000080000554 (0x00A61613) slli a2, a2, 0xa
x12 <- 0xFFFF0400FFFF0000

mem[X,0x0000000080000558] -> 0x0613
mem[X,0x000000008000055A] -> 0x1006
[347] [M]: 0x0000000080000558 (0x10060613) addi a2, a2, 0x100
x12 <- 0xFFFF0400FFFF0100

mem[X,0x000000008000055C] -> 0x113B
mem[X,0x000000008000055E] -> 0x90C9
[348] [M]: 0x000000008000055C (0x90C9113B) pmul.h.beo sp, s2, a2
x2 <- 0x0000000000010000

mem[X,0x0000000080000560] -> 0xB423
mem[X,0x0000000080000562] -> 0x0620
[349] [M]: 0x0000000080000560 (0x0620B423) sd sp, 0x68(ra)
mem[0x0000000080004180] <- 0x0000000000010000

mem[X,0x0000000080000564] -> 0x87B7
mem[X,0x0000000080000566] -> 0xFFF8
[350] [M]: 0x0000000080000564 (0xFFF887B7) lui a5, -0x78
x15 <- 0xFFFFFFFFFFF88000

mem[X,0x0000000080000568] -> 0x8793
mem[X,0x000000008000056A] -> 0xFFF7
[351] [M]: 0x0000000080000568 (0xFFF78793) addi a5, a5, -0x1
x15 <- 0xFFFFFFFFFFF87FFF

mem[X,0x000000008000056C] -> 0x9793
mem[X,0x000000008000056E] -> 0x00B7
[352] [M]: 0x000000008000056C (0x00B79793) slli a5, a5, 0xb
x15 <- 0xFFFFFFFFC3FFF800

mem[X,0x0000000080000570] -> 0x8793
mem[X,0x0000000080000572] -> 0x7FF7
[353] [M]: 0x0000000080000570 (0x7FF78793) addi a5, a5, 0x7ff
x15 <- 0xFFFFFFFFC3FFFFFF

mem[X,0x0000000080000574] -> 0x9793
mem[X,0x0000000080000576] -> 0x00B7
[354] [M]: 0x0000000080000574 (0x00B79793) slli a5, a5, 0xb
x15 <- 0xFFFFFE1FFFFFF800

mem[X,0x0000000080000578] -> 0x8793
mem[X,0x000000008000057A] -> 0x7417
[355] [M]: 0x0000000080000578 (0x74178793) addi a5, a5, 0x741
x15 <- 0xFFFFFE1FFFFFFF41

mem[X,0x000000008000057C] -> 0x9793
mem[X,0x000000008000057E] -> 0x00A7
[356] [M]: 0x000000008000057C (0x00A79793) slli a5, a5, 0xa
x15 <- 0xFFF87FFFFFFD0400

mem[X,0x0000000080000580] -> 0x01B7
mem[X,0x0000000080000582] -> 0xFFBF
[357] [M]: 0x0000000080000580 (0xFFBF01B7) lui gp, -0x410
x3 <- 0xFFFFFFFFFFBF0000

mem[X,0x0000000080000584] -> 0x8193
mem[X,0x0000000080000586] -> 0x0041
[358] [M]: 0x0000000080000584 (0x00418193) addi gp, gp, 0x4
x3 <- 0xFFFFFFFFFFBF0004

mem[X,0x0000000080000588] -> 0x9193
mem[X,0x000000008000058A] -> 0x00B1
[359] [M]: 0x0000000080000588 (0x00B19193) slli gp, gp, 0xb
x3 <- 0xFFFFFFFDF8002000

mem[X,0x000000008000058C] -> 0x8193
mem[X,0x000000008000058E] -> 0x0001
[360] [M]: 0x000000008000058C (0x00018193) addi gp, gp, 0x0
x3 <- 0xFFFFFFFDF8002000

mem[X,0x0000000080000590] -> 0x9193
mem[X,0x0000000080000592] -> 0x00B1
[361] [M]: 0x0000000080000590 (0x00B19193) slli gp, gp, 0xb
x3 <- 0xFFFFEFC001000000

mem[X,0x0000000080000594] -> 0x8193
mem[X,0x0000000080000596] -> 0x1C41
[362] [M]: 0x0000000080000594 (0x1C418193) addi gp, gp, 0x1c4
x3 <- 0xFFFFEFC0010001C4

mem[X,0x0000000080000598] -> 0x9193
mem[X,0x000000008000059A] -> 0x00A1
[363] [M]: 0x0000000080000598 (0x00A19193) slli gp, gp, 0xa
x3 <- 0xFFBF000400071000

mem[X,0x000000008000059C] -> 0x973B
mem[X,0x000000008000059E] -> 0x9037
[364] [M]: 0x000000008000059C (0x9037973B) pmul.h.beo a4, a5, gp
x14 <- 0x0008000000000000

mem[X,0x00000000800005A0] -> 0xB823
mem[X,0x00000000800005A2] -> 0x06E0
[365] [M]: 0x00000000800005A0 (0x06E0B823) sd a4, 0x70(ra)
mem[0x0000000080004188] <- 0x0008000000000000

mem[X,0x00000000800005A4] -> 0x0037
mem[X,0x00000000800005A6] -> 0x8000
[366] [M]: 0x00000000800005A4 (0x80000037) lui zero, -0x80000

mem[X,0x00000000800005A8] -> 0x0013
mem[X,0x00000000800005AA] -> 0xFEF0
[367] [M]: 0x00000000800005A8 (0xFEF00013) addi zero, zero, -0x11

mem[X,0x00000000800005AC] -> 0x1013
mem[X,0x00000000800005AE] -> 0x00B0
[368] [M]: 0x00000000800005AC (0x00B01013) slli zero, zero, 0xb

mem[X,0x00000000800005B0] -> 0x0013
mem[X,0x00000000800005B2] -> 0x0000
[369] [M]: 0x00000000800005B0 (0x00000013) addi zero, zero, 0x0

mem[X,0x00000000800005B4] -> 0x1013
mem[X,0x00000000800005B6] -> 0x00B0
[370] [M]: 0x00000000800005B4 (0x00B01013) slli zero, zero, 0xb

mem[X,0x00000000800005B8] -> 0x0013
mem[X,0x00000000800005BA] -> 0x2020
[371] [M]: 0x00000000800005B8 (0x20200013) addi zero, zero, 0x202

mem[X,0x00000000800005BC] -> 0x1013
mem[X,0x00000000800005BE] -> 0x00A0
[372] [M]: 0x00000000800005BC (0x00A01013) slli zero, zero, 0xa

mem[X,0x00000000800005C0] -> 0x0737
mem[X,0x00000000800005C2] -> 0x0040
[373] [M]: 0x00000000800005C0 (0x00400737) lui a4, 0x400
x14 <- 0x0000000000400000

mem[X,0x00000000800005C4] -> 0x0713
mem[X,0x00000000800005C6] -> 0x1007
[374] [M]: 0x00000000800005C4 (0x10070713) addi a4, a4, 0x100
x14 <- 0x0000000000400100

mem[X,0x00000000800005C8] -> 0x1713
mem[X,0x00000000800005CA] -> 0x00B7
[375] [M]: 0x00000000800005C8 (0x00B71713) slli a4, a4, 0xb
x14 <- 0x0000000200080000

mem[X,0x00000000800005CC] -> 0x0713
mem[X,0x00000000800005CE] -> 0x7FF7
[376] [M]: 0x00000000800005CC (0x7FF70713) addi a4, a4, 0x7ff
x14 <- 0x00000002000807FF

mem[X,0x00000000800005D0] -> 0x1713
mem[X,0x00000000800005D2] -> 0x00B7
[377] [M]: 0x00000000800005D0 (0x00B71713) slli a4, a4, 0xb
x14 <- 0x00001000403FF800

mem[X,0x00000000800005D4] -> 0x0713
mem[X,0x00000000800005D6] -> 0x63B7
[378] [M]: 0x00000000800005D4 (0x63B70713) addi a4, a4, 0x63b
x14 <- 0x00001000403FFE3B

mem[X,0x00000000800005D8] -> 0x1713
mem[X,0x00000000800005DA] -> 0x00A7
[379] [M]: 0x00000000800005D8 (0x00A71713) slli a4, a4, 0xa
x14 <- 0x00400100FFF8EC00

mem[X,0x00000000800005DC] -> 0x0713
mem[X,0x00000000800005DE] -> 0x3FF7
[380] [M]: 0x00000000800005DC (0x3FF70713) addi a4, a4, 0x3ff
x14 <- 0x00400100FFF8EFFF

mem[X,0x00000000800005E0] -> 0x1FBB
mem[X,0x00000000800005E2] -> 0x90E0
[381] [M]: 0x00000000800005E0 (0x90E01FBB) pmul.h.beo t6, zero, a4
x31 <- 0x0000000000000000

mem[X,0x00000000800005E4] -> 0xBC23
mem[X,0x00000000800005E6] -> 0x07F0
[382] [M]: 0x00000000800005E4 (0x07F0BC23) sd t6, 0x78(ra)
mem[0x0000000080004190] <- 0x0000000000000000

mem[X,0x00000000800005E8] -> 0x1CB7
mem[X,0x00000000800005EA] -> 0x0008
[383] [M]: 0x00000000800005E8 (0x00081CB7) lui s9, 0x81
x25 <- 0x0000000000081000

mem[X,0x00000000800005EC] -> 0x8C93
mem[X,0x00000000800005EE] -> 0x000C
[384] [M]: 0x00000000800005EC (0x000C8C93) addi s9, s9, 0x0
x25 <- 0x0000000000081000

mem[X,0x00000000800005F0] -> 0x9C93
mem[X,0x00000000800005F2] -> 0x00BC
[385] [M]: 0x00000000800005F0 (0x00BC9C93) slli s9, s9, 0xb
x25 <- 0x0000000040800000

mem[X,0x00000000800005F4] -> 0x8C93
mem[X,0x00000000800005F6] -> 0x7FFC
[386] [M]: 0x00000000800005F4 (0x7FFC8C93) addi s9, s9, 0x7ff
x25 <- 0x00000000408007FF

mem[X,0x00000000800005F8] -> 0x9C93
mem[X,0x00000000800005FA] -> 0x00BC
[387] [M]: 0x00000000800005F8 (0x00BC9C93) slli s9, s9, 0xb
x25 <- 0x00000204003FF800

mem[X,0x00000000800005FC] -> 0x8C93
mem[X,0x00000000800005FE] -> 0x6C4C
[388] [M]: 0x00000000800005FC (0x6C4C8C93) addi s9, s9, 0x6c4
x25 <- 0x00000204003FFEC4

mem[X,0x0000000080000600] -> 0x9C93
mem[X,0x0000000080000602] -> 0x00AC
[389] [M]: 0x0000000080000600 (0x00AC9C93) slli s9, s9, 0xa
x25 <- 0x00081000FFFB1000

mem[X,0x0000000080000604] -> 0x04B7
mem[X,0x0000000080000606] -> 0x0401
[390] [M]: 0x0000000080000604 (0x040104B7) lui s1, 0x4010
x9 <- 0x0000000004010000

mem[X,0x0000000080000608] -> 0x8493
mem[X,0x000000008000060A] -> 0xFF94
[391] [M]: 0x0000000080000608 (0xFF948493) addi s1, s1, -0x7
x9 <- 0x000000000400FFF9

mem[X,0x000000008000060C] -> 0x9493
mem[X,0x000000008000060E] -> 0x00B4
[392] [M]: 0x000000008000060C (0x00B49493) slli s1, s1, 0xb
x9 <- 0x0000002007FFC800

mem[X,0x0000000080000610] -> 0x8493
mem[X,0x0000000080000612] -> 0x7FF4
[393] [M]: 0x0000000080000610 (0x7FF48493) addi s1, s1, 0x7ff
x9 <- 0x0000002007FFCFFF

mem[X,0x0000000080000614] -> 0x9493
mem[X,0x0000000080000616] -> 0x00B4
[394] [M]: 0x0000000080000614 (0x00B49493) slli s1, s1, 0xb
x9 <- 0x0001003FFE7FF800

mem[X,0x0000000080000618] -> 0x8493
mem[X,0x000000008000061A] -> 0x67F4
[395] [M]: 0x0000000080000618 (0x67F48493) addi s1, s1, 0x67f
x9 <- 0x0001003FFE7FFE7F

mem[X,0x000000008000061C] -> 0x9493
mem[X,0x000000008000061E] -> 0x00A4
[396] [M]: 0x000000008000061C (0x00A49493) slli s1, s1, 0xa
x9 <- 0x0400FFF9FFF9FC00

mem[X,0x0000000080000620] -> 0x8493
mem[X,0x0000000080000622] -> 0x3FC4
[397] [M]: 0x0000000080000620 (0x3FC48493) addi s1, s1, 0x3fc
x9 <- 0x0400FFF9FFF9FFFC

mem[X,0x0000000080000624] -> 0x95BB
mem[X,0x0000000080000626] -> 0x909C
[398] [M]: 0x0000000080000624 (0x909C95BB) pmul.h.beo a1, s9, s1
x11 <- 0x0020000000050000

mem[X,0x0000000080000628] -> 0xB023
mem[X,0x000000008000062A] -> 0x08B0
[399] [M]: 0x0000000080000628 (0x08B0B023) sd a1, 0x80(ra)
mem[0x0000000080004198] <- 0x0020000000050000

clint::tick mtime <- 0x0000000000000004
 clint timer pending at mtime 0x0000000000000004
htif::tick 0x0000000000000000
mem[X,0x000000008000062C] -> 0x0013
mem[X,0x000000008000062E] -> 0x0000
[400] [M]: 0x000000008000062C (0x00000013) addi zero, zero, 0x0

mem[X,0x0000000080000630] -> 0x0013
mem[X,0x0000000080000632] -> 0x0000
[401] [M]: 0x0000000080000630 (0x00000013) addi zero, zero, 0x0

mem[X,0x0000000080000634] -> 0x0013
mem[X,0x0000000080000636] -> 0x0000
[402] [M]: 0x0000000080000634 (0x00000013) addi zero, zero, 0x0

mem[X,0x0000000080000638] -> 0x0013
mem[X,0x000000008000063A] -> 0x0000
[403] [M]: 0x0000000080000638 (0x00000013) addi zero, zero, 0x0

mem[X,0x000000008000063C] -> 0x0013
mem[X,0x000000008000063E] -> 0x0000
[404] [M]: 0x000000008000063C (0x00000013) addi zero, zero, 0x0

mem[X,0x0000000080000640] -> 0x4697
mem[X,0x0000000080000642] -> 0x0000
[405] [M]: 0x0000000080000640 (0x00004697) auipc a3, 0x4
x13 <- 0x0000000080004640

mem[X,0x0000000080000644] -> 0x8693
mem[X,0x0000000080000646] -> 0xB606
[406] [M]: 0x0000000080000644 (0xB6068693) addi a3, a3, -0x4a0
x13 <- 0x00000000800041A0

mem[X,0x0000000080000648] -> 0x0013
mem[X,0x000000008000064A] -> 0x0000
[407] [M]: 0x0000000080000648 (0x00000013) addi zero, zero, 0x0

mem[X,0x000000008000064C] -> 0x0013
mem[X,0x000000008000064E] -> 0x0000
[408] [M]: 0x000000008000064C (0x00000013) addi zero, zero, 0x0

mem[X,0x0000000080000650] -> 0x0013
mem[X,0x0000000080000652] -> 0x0000
[409] [M]: 0x0000000080000650 (0x00000013) addi zero, zero, 0x0

mem[X,0x0000000080000654] -> 0x0013
mem[X,0x0000000080000656] -> 0x0000
[410] [M]: 0x0000000080000654 (0x00000013) addi zero, zero, 0x0

mem[X,0x0000000080000658] -> 0x0013
mem[X,0x000000008000065A] -> 0x0000
[411] [M]: 0x0000000080000658 (0x00000013) addi zero, zero, 0x0

mem[X,0x000000008000065C] -> 0x0013
mem[X,0x000000008000065E] -> 0x0000
[412] [M]: 0x000000008000065C (0x00000013) addi zero, zero, 0x0

mem[X,0x0000000080000660] -> 0x8B37
mem[X,0x0000000080000662] -> 0xAAAA
[413] [M]: 0x0000000080000660 (0xAAAA8B37) lui s6, -0x55558
x22 <- 0xFFFFFFFFAAAA8000

mem[X,0x0000000080000664] -> 0x0B13
mem[X,0x0000000080000666] -> 0xFFFB
[414] [M]: 0x0000000080000664 (0xFFFB0B13) addi s6, s6, -0x1
x22 <- 0xFFFFFFFFAAAA7FFF

mem[X,0x0000000080000668] -> 0x1B13
mem[X,0x000000008000066A] -> 0x00BB
[415] [M]: 0x0000000080000668 (0x00BB1B13) slli s6, s6, 0xb
x22 <- 0xFFFFFD5553FFF800

mem[X,0x000000008000066C] -> 0x0B13
mem[X,0x000000008000066E] -> 0x555B
[416] [M]: 0x000000008000066C (0x555B0B13) addi s6, s6, 0x555
x22 <- 0xFFFFFD5553FFFD55

mem[X,0x0000000080000670] -> 0x1B13
mem[X,0x0000000080000672] -> 0x00BB
[417] [M]: 0x0000000080000670 (0x00BB1B13) slli s6, s6, 0xb
x22 <- 0xFFEAAA9FFFEAA800

mem[X,0x0000000080000674] -> 0x0B13
mem[X,0x0000000080000676] -> 0x288B
[418] [M]: 0x0000000080000674 (0x288B0B13) addi s6, s6, 0x288
x22 <- 0xFFEAAA9FFFEAAA88

mem[X,0x0000000080000678] -> 0x1B13
mem[X,0x000000008000067A] -> 0x00AB
[419] [M]: 0x0000000080000678 (0x00AB1B13) slli s6, s6, 0xa
x22 <- 0xAAAA7FFFAAAA2000

mem[X,0x000000008000067C] -> 0x05B7
mem[X,0x000000008000067E] -> 0x0004
[420] [M]: 0x000000008000067C (0x000405B7) lui a1, 0x40
x11 <- 0x0000000000040000

mem[X,0x0000000080000680] -> 0x8593
mem[X,0x0000000080000682] -> 0x0405
[421] [M]: 0x0000000080000680 (0x04058593) addi a1, a1, 0x40
x11 <- 0x0000000000040040

mem[X,0x0000000080000684] -> 0x9593
mem[X,0x0000000080000686] -> 0x00B5
[422] [M]: 0x0000000080000684 (0x00B59593) slli a1, a1, 0xb
x11 <- 0x0000000020020000

mem[X,0x0000000080000688] -> 0x8593
mem[X,0x000000008000068A] -> 0x7FF5
[423] [M]: 0x0000000080000688 (0x7FF58593) addi a1, a1, 0x7ff
x11 <- 0x00000000200207FF

mem[X,0x000000008000068C] -> 0x9593
mem[X,0x000000008000068E] -> 0x00B5
[424] [M]: 0x000000008000068C (0x00B59593) slli a1, a1, 0xb
x11 <- 0x00000100103FF800

mem[X,0x0000000080000690] -> 0x8593
mem[X,0x0000000080000692] -> 0x5C05
[425] [M]: 0x0000000080000690 (0x5C058593) addi a1, a1, 0x5c0
x11 <- 0x00000100103FFDC0

mem[X,0x0000000080000694] -> 0x9593
mem[X,0x0000000080000696] -> 0x00A5
[426] [M]: 0x0000000080000694 (0x00A59593) slli a1, a1, 0xa
x11 <- 0x00040040FFF70000

mem[X,0x0000000080000698] -> 0x8593
mem[X,0x000000008000069A] -> 0x0025
[427] [M]: 0x0000000080000698 (0x00258593) addi a1, a1, 0x2
x11 <- 0x00040040FFF70002

mem[X,0x000000008000069C] -> 0x1CBB
mem[X,0x000000008000069E] -> 0x90BB
[428] [M]: 0x000000008000069C (0x90BB1CBB) pmul.h.beo s9, s6, a1
x25 <- 0x0000000000560000

mem[X,0x00000000800006A0] -> 0xB023
mem[X,0x00000000800006A2] -> 0x0196
[429] [M]: 0x00000000800006A0 (0x0196B023) sd s9, 0x0(a3)
mem[0x00000000800041A0] <- 0x0000000000560000

mem[X,0x00000000800006A4] -> 0xF437
mem[X,0x00000000800006A6] -> 0xFFEF
[430] [M]: 0x00000000800006A4 (0xFFEFF437) lui fp, -0x101
x8 <- 0xFFFFFFFFFFEFF000

mem[X,0x00000000800006A8] -> 0x0413
mem[X,0x00000000800006AA] -> 0x7FF4
[431] [M]: 0x00000000800006A8 (0x7FF40413) addi fp, fp, 0x7ff
x8 <- 0xFFFFFFFFFFEFF7FF

mem[X,0x00000000800006AC] -> 0x1413
mem[X,0x00000000800006AE] -> 0x00B4
[432] [M]: 0x00000000800006AC (0x00B41413) slli fp, fp, 0xb
x8 <- 0xFFFFFFFF7FBFF800

mem[X,0x00000000800006B0] -> 0x0413
mem[X,0x00000000800006B2] -> 0x0024
[433] [M]: 0x00000000800006B0 (0x00240413) addi fp, fp, 0x2
x8 <- 0xFFFFFFFF7FBFF802

mem[X,0x00000000800006B4] -> 0x1413
mem[X,0x00000000800006B6] -> 0x00B4
[434] [M]: 0x00000000800006B4 (0x00B41413) slli fp, fp, 0xb
x8 <- 0xFFFFFBFDFFC01000

mem[X,0x00000000800006B8] -> 0x0413
mem[X,0x00000000800006BA] -> 0x0104
[435] [M]: 0x00000000800006B8 (0x01040413) addi fp, fp, 0x10
x8 <- 0xFFFFFBFDFFC01010

mem[X,0x00000000800006BC] -> 0x1413
mem[X,0x00000000800006BE] -> 0x00A4
[436] [M]: 0x00000000800006BC (0x00A41413) slli fp, fp, 0xa
x8 <- 0xFFEFF7FF00404000

mem[X,0x00000000800006C0] -> 0x0BB7
mem[X,0x00000000800006C2] -> 0x2001
[437] [M]: 0x00000000800006C0 (0x20010BB7) lui s7, 0x20010
x23 <- 0x0000000020010000

mem[X,0x00000000800006C4] -> 0x8B93
mem[X,0x00000000800006C6] -> 0xFF9B
[438] [M]: 0x00000000800006C4 (0xFF9B8B93) addi s7, s7, -0x7
x23 <- 0x000000002000FFF9

mem[X,0x00000000800006C8] -> 0x9B93
mem[X,0x00000000800006CA] -> 0x00BB
[439] [M]: 0x00000000800006C8 (0x00BB9B93) slli s7, s7, 0xb
x23 <- 0x0000010007FFC800

mem[X,0x00000000800006CC] -> 0x8B93
mem[X,0x00000000800006CE] -> 0x004B
[440] [M]: 0x00000000800006CC (0x004B8B93) addi s7, s7, 0x4
x23 <- 0x0000010007FFC804

mem[X,0x00000000800006D0] -> 0x9B93
mem[X,0x00000000800006D2] -> 0x00BB
[441] [M]: 0x00000000800006D0 (0x00BB9B93) slli s7, s7, 0xb
x23 <- 0x0008003FFE402000

mem[X,0x00000000800006D4] -> 0x8B93
mem[X,0x00000000800006D6] -> 0x000B
[442] [M]: 0x00000000800006D4 (0x000B8B93) addi s7, s7, 0x0
x23 <- 0x0008003FFE402000

mem[X,0x00000000800006D8] -> 0x9B93
mem[X,0x00000000800006DA] -> 0x00AB
[443] [M]: 0x00000000800006D8 (0x00AB9B93) slli s7, s7, 0xa
x23 <- 0x2000FFF900800000

mem[X,0x00000000800006DC] -> 0x8B93
mem[X,0x00000000800006DE] -> 0x006B
[444] [M]: 0x00000000800006DC (0x006B8B93) addi s7, s7, 0x6
x23 <- 0x2000FFF900800006

mem[X,0x00000000800006E0] -> 0x11BB
mem[X,0x00000000800006E2] -> 0x9174
[445] [M]: 0x00000000800006E0 (0x917411BB) pmul.h.beo gp, fp, s7
x3 <- 0xFDE0000100000000

mem[X,0x00000000800006E4] -> 0xB423
mem[X,0x00000000800006E6] -> 0x0036
[446] [M]: 0x00000000800006E4 (0x0036B423) sd gp, 0x8(a3)
mem[0x00000000800041A8] <- 0xFDE0000100000000

mem[X,0x00000000800006E8] -> 0x0537
mem[X,0x00000000800006EA] -> 0xFFEF
[447] [M]: 0x00000000800006E8 (0xFFEF0537) lui a0, -0x110
x10 <- 0xFFFFFFFFFFEF0000

mem[X,0x00000000800006EC] -> 0x0513
mem[X,0x00000000800006EE] -> 0x2005
[448] [M]: 0x00000000800006EC (0x20050513) addi a0, a0, 0x200
x10 <- 0xFFFFFFFFFFEF0200

mem[X,0x00000000800006F0] -> 0x1513
mem[X,0x00000000800006F2] -> 0x00B5
[449] [M]: 0x00000000800006F0 (0x00B51513) slli a0, a0, 0xb
x10 <- 0xFFFFFFFF78100000

mem[X,0x00000000800006F4] -> 0x0513
mem[X,0x00000000800006F6] -> 0x7FF5
[450] [M]: 0x00000000800006F4 (0x7FF50513) addi a0, a0, 0x7ff
x10 <- 0xFFFFFFFF781007FF

mem[X,0x00000000800006F8] -> 0x1513
mem[X,0x00000000800006FA] -> 0x00B5
[451] [M]: 0x00000000800006F8 (0x00B51513) slli a0, a0, 0xb
x10 <- 0xFFFFFBC0803FF800

mem[X,0x00000000800006FC] -> 0x0513
mem[X,0x00000000800006FE] -> 0x73F5
[452] [M]: 0x00000000800006FC (0x73F50513) addi a0, a0, 0x73f
x10 <- 0xFFFFFBC0803FFF3F

mem[X,0x0000000080000700] -> 0x1513
mem[X,0x0000000080000702] -> 0x00A5
[453] [M]: 0x0000000080000700 (0x00A51513) slli a0, a0, 0xa
x10 <- 0xFFEF0200FFFCFC00

mem[X,0x0000000080000704] -> 0x0513
mem[X,0x0000000080000706] -> 0x3FE5
[454] [M]: 0x0000000080000704 (0x3FE50513) addi a0, a0, 0x3fe
x10 <- 0xFFEF0200FFFCFFFE

mem[X,0x0000000080000708] -> 0xFF37
mem[X,0x000000008000070A] -> 0x0001
[455] [M]: 0x0000000080000708 (0x0001FF37) lui t5, 0x1f
x30 <- 0x000000000001F000

mem[X,0x000000008000070C] -> 0x0F13
mem[X,0x000000008000070E] -> 0x7FFF
[456] [M]: 0x000000008000070C (0x7FFF0F13) addi t5, t5, 0x7ff
x30 <- 0x000000000001F7FF

mem[X,0x0000000080000710] -> 0x1F13
mem[X,0x0000000080000712] -> 0x00BF
[457] [M]: 0x0000000080000710 (0x00BF1F13) slli t5, t5, 0xb
x30 <- 0x000000000FBFF800

mem[X,0x0000000080000714] -> 0x0F13
mem[X,0x0000000080000716] -> 0x7FFF
[458] [M]: 0x0000000080000714 (0x7FFF0F13) addi t5, t5, 0x7ff
x30 <- 0x000000000FBFFFFF

mem[X,0x0000000080000718] -> 0x1F13
mem[X,0x000000008000071A] -> 0x00BF
[459] [M]: 0x0000000080000718 (0x00BF1F13) slli t5, t5, 0xb
x30 <- 0x0000007DFFFFF800

mem[X,0x000000008000071C] -> 0x0F13
mem[X,0x000000008000071E] -> 0x580F
[460] [M]: 0x000000008000071C (0x580F0F13) addi t5, t5, 0x580
x30 <- 0x0000007DFFFFFD80

mem[X,0x0000000080000720] -> 0x1F13
mem[X,0x0000000080000722] -> 0x00AF
[461] [M]: 0x0000000080000720 (0x00AF1F13) slli t5, t5, 0xa
x30 <- 0x0001F7FFFFF60000

mem[X,0x0000000080000724] -> 0x0F13
mem[X,0x0000000080000726] -> 0x008F
[462] [M]: 0x0000000080000724 (0x008F0F13) addi t5, t5, 0x8
x30 <- 0x0001F7FFFFF60008

mem[X,0x0000000080000728] -> 0x1C3B
mem[X,0x000000008000072A] -> 0x91E5
[463] [M]: 0x0000000080000728 (0x91E51C3B) pmul.h.beo s8, a0, t5
x24 <- 0x0000000000040000

mem[X,0x000000008000072C] -> 0xB823
mem[X,0x000000008000072E] -> 0x0186
[464] [M]: 0x000000008000072C (0x0186B823) sd s8, 0x10(a3)
mem[0x00000000800041B0] <- 0x0000000000040000

mem[X,0x0000000080000730] -> 0x0D37
mem[X,0x0000000080000732] -> 0xFF80
[465] [M]: 0x0000000080000730 (0xFF800D37) lui s10, -0x800
x26 <- 0xFFFFFFFFFF800000

mem[X,0x0000000080000734] -> 0x0D13
mem[X,0x0000000080000736] -> 0xBFFD
[466] [M]: 0x0000000080000734 (0xBFFD0D13) addi s10, s10, -0x401
x26 <- 0xFFFFFFFFFF7FFBFF

mem[X,0x0000000080000738] -> 0x1D13
mem[X,0x000000008000073A] -> 0x00BD
[467] [M]: 0x0000000080000738 (0x00BD1D13) slli s10, s10, 0xb
x26 <- 0xFFFFFFFBFFDFF800

mem[X,0x000000008000073C] -> 0x0D13
mem[X,0x000000008000073E] -> 0x000D
[468] [M]: 0x000000008000073C (0x000D0D13) addi s10, s10, 0x0
x26 <- 0xFFFFFFFBFFDFF800

mem[X,0x0000000080000740] -> 0x1D13
mem[X,0x0000000080000742] -> 0x00BD
[469] [M]: 0x0000000080000740 (0x00BD1D13) slli s10, s10, 0xb
x26 <- 0xFFFFDFFEFFC00000

mem[X,0x0000000080000744] -> 0x0D13
mem[X,0x0000000080000746] -> 0x07FD
[470] [M]: 0x0000000080000744 (0x07FD0D13) addi s10, s10, 0x7f
x26 <- 0xFFFFDFFEFFC0007F

mem[X,0x0000000080000748] -> 0x1D13
mem[X,0x000000008000074A] -> 0x00AD
[471] [M]: 0x0000000080000748 (0x00AD1D13) slli s10, s10, 0xa
x26 <- 0xFF7FFBFF0001FC00

mem[X,0x000000008000074C] -> 0x0D13
mem[X,0x000000008000074E] -> 0x3FDD
[472] [M]: 0x000000008000074C (0x3FDD0D13) addi s10, s10, 0x3fd
x26 <- 0xFF7FFBFF0001FFFD

mem[X,0x0000000080000750] -> 0x0037
mem[X,0x0000000080000752] -> 0xFFFD
[473] [M]: 0x0000000080000750 (0xFFFD0037) lui zero, -0x30

mem[X,0x0000000080000754] -> 0x0013
mem[X,0x0000000080000756] -> 0xFF70
[474] [M]: 0x0000000080000754 (0xFF700013) addi zero, zero, -0x9

mem[X,0x0000000080000758] -> 0x1013
mem[X,0x000000008000075A] -> 0x00B0
[475] [M]: 0x0000000080000758 (0x00B01013) slli zero, zero, 0xb

mem[X,0x000000008000075C] -> 0x0013
mem[X,0x000000008000075E] -> 0x0000
[476] [M]: 0x000000008000075C (0x00000013) addi zero, zero, 0x0

mem[X,0x0000000080000760] -> 0x1013
mem[X,0x0000000080000762] -> 0x00B0
[477] [M]: 0x0000000080000760 (0x00B01013) slli zero, zero, 0xb

mem[X,0x0000000080000764] -> 0x0013
mem[X,0x0000000080000766] -> 0x1800
[478] [M]: 0x0000000080000764 (0x18000013) addi zero, zero, 0x180

mem[X,0x0000000080000768] -> 0x1013
mem[X,0x000000008000076A] -> 0x00A0
[479] [M]: 0x0000000080000768 (0x00A01013) slli zero, zero, 0xa

mem[X,0x000000008000076C] -> 0x0013
mem[X,0x000000008000076E] -> 0x0030
[480] [M]: 0x000000008000076C (0x00300013) addi zero, zero, 0x3

mem[X,0x0000000080000770] -> 0x14BB
mem[X,0x0000000080000772] -> 0x900D
[481] [M]: 0x0000000080000770 (0x900D14BB) pmul.h.beo s1, s10, zero
x9 <- 0x0000000000000000

mem[X,0x0000000080000774] -> 0xBC23
mem[X,0x0000000080000776] -> 0x0096
[482] [M]: 0x0000000080000774 (0x0096BC23) sd s1, 0x18(a3)
mem[0x00000000800041B8] <- 0x0000000000000000

mem[X,0x0000000080000778] -> 0x80B7
mem[X,0x000000008000077A] -> 0x3FFF
[483] [M]: 0x0000000080000778 (0x3FFF80B7) lui ra, 0x3fff8
x1 <- 0x000000003FFF8000

mem[X,0x000000008000077C] -> 0x8093
mem[X,0x000000008000077E] -> 0xFFF0
[484] [M]: 0x000000008000077C (0xFFF08093) addi ra, ra, -0x1
x1 <- 0x000000003FFF7FFF

mem[X,0x0000000080000780] -> 0x9093
mem[X,0x0000000080000782] -> 0x00B0
[485] [M]: 0x0000000080000780 (0x00B09093) slli ra, ra, 0xb
x1 <- 0x000001FFFBFFF800

mem[X,0x0000000080000784] -> 0x8093
mem[X,0x0000000080000786] -> 0x7FF0
[486] [M]: 0x0000000080000784 (0x7FF08093) addi ra, ra, 0x7ff
x1 <- 0x000001FFFBFFFFFF

mem[X,0x0000000080000788] -> 0x9093
mem[X,0x000000008000078A] -> 0x00B0
[487] [M]: 0x0000000080000788 (0x00B09093) slli ra, ra, 0xb
x1 <- 0x000FFFDFFFFFF800

mem[X,0x000000008000078C] -> 0x8093
mem[X,0x000000008000078E] -> 0x5BF0
[488] [M]: 0x000000008000078C (0x5BF08093) addi ra, ra, 0x5bf
x1 <- 0x000FFFDFFFFFFDBF

mem[X,0x0000000080000790] -> 0x9093
mem[X,0x0000000080000792] -> 0x00A0
[489] [M]: 0x0000000080000790 (0x00A09093) slli ra, ra, 0xa
x1 <- 0x3FFF7FFFFFF6FC00

mem[X,0x0000000080000794] -> 0x8093
mem[X,0x0000000080000796] -> 0x3FB0
[490] [M]: 0x0000000080000794 (0x3FB08093) addi ra, ra, 0x3fb
x1 <- 0x3FFF7FFFFFF6FFFB

mem[X,0x0000000080000798] -> 0x0E37
mem[X,0x000000008000079A] -> 0xFFF7
[491] [M]: 0x0000000080000798 (0xFFF70E37) lui t3, -0x90
x28 <- 0xFFFFFFFFFFF70000

mem[X,0x000000008000079C] -> 0x0E13
mem[X,0x000000008000079E] -> 0xDFFE
[492] [M]: 0x000000008000079C (0xDFFE0E13) addi t3, t3, -0x201
x28 <- 0xFFFFFFFFFFF6FDFF

mem[X,0x00000000800007A0] -> 0x1E13
mem[X,0x00000000800007A2] -> 0x00BE
[493] [M]: 0x00000000800007A0 (0x00BE1E13) slli t3, t3, 0xb
x28 <- 0xFFFFFFFFB7EFF800

mem[X,0x00000000800007A4] -> 0x0E13
mem[X,0x00000000800007A6] -> 0x6FFE
[494] [M]: 0x00000000800007A4 (0x6FFE0E13) addi t3, t3, 0x6ff
x28 <- 0xFFFFFFFFB7EFFEFF

mem[X,0x00000000800007A8] -> 0x1E13
mem[X,0x00000000800007AA] -> 0x00BE
[495] [M]: 0x00000000800007A8 (0x00BE1E13) slli t3, t3, 0xb
x28 <- 0xFFFFFDBF7FF7F800

mem[X,0x00000000800007AC] -> 0x0E13
mem[X,0x00000000800007AE] -> 0x7C1E
[496] [M]: 0x00000000800007AC (0x7C1E0E13) addi t3, t3, 0x7c1
x28 <- 0xFFFFFDBF7FF7FFC1

mem[X,0x00000000800007B0] -> 0x1E13
mem[X,0x00000000800007B2] -> 0x00AE
[497] [M]: 0x00000000800007B0 (0x00AE1E13) slli t3, t3, 0xa
x28 <- 0xFFF6FDFFDFFF0400

mem[X,0x00000000800007B4] -> 0x9BBB
mem[X,0x00000000800007B6] -> 0x91C0
[498] [M]: 0x00000000800007B4 (0x91C09BBB) pmul.h.beo s7, ra, t3
x23 <- 0x00010003014AFFEC

mem[X,0x00000000800007B8] -> 0xB023
mem[X,0x00000000800007BA] -> 0x0376
[499] [M]: 0x00000000800007B8 (0x0376B023) sd s7, 0x20(a3)
mem[0x00000000800041C0] <- 0x00010003014AFFEC

clint::tick mtime <- 0x0000000000000005
 clint timer pending at mtime 0x0000000000000005
htif::tick 0x0000000000000000
mem[X,0x00000000800007BC] -> 0x4BB7
mem[X,0x00000000800007BE] -> 0x5555
[500] [M]: 0x00000000800007BC (0x55554BB7) lui s7, 0x55554
x23 <- 0x0000000055554000

mem[X,0x00000000800007C0] -> 0x8B93
mem[X,0x00000000800007C2] -> 0xFFFB
[501] [M]: 0x00000000800007C0 (0xFFFB8B93) addi s7, s7, -0x1
x23 <- 0x0000000055553FFF

mem[X,0x00000000800007C4] -> 0x9B93
mem[X,0x00000000800007C6] -> 0x00BB
[502] [M]: 0x00000000800007C4 (0x00BB9B93) slli s7, s7, 0xb
x23 <- 0x000002AAA9FFF800

mem[X,0x00000000800007C8] -> 0x8B93
mem[X,0x00000000800007CA] -> 0x7FFB
[503] [M]: 0x00000000800007C8 (0x7FFB8B93) addi s7, s7, 0x7ff
x23 <- 0x000002AAA9FFFFFF

mem[X,0x00000000800007CC] -> 0x9B93
mem[X,0x00000000800007CE] -> 0x00BB
[504] [M]: 0x00000000800007CC (0x00BB9B93) slli s7, s7, 0xb
x23 <- 0x0015554FFFFFF800

mem[X,0x00000000800007D0] -> 0x8B93
mem[X,0x00000000800007D2] -> 0x5BFB
[505] [M]: 0x00000000800007D0 (0x5BFB8B93) addi s7, s7, 0x5bf
x23 <- 0x0015554FFFFFFDBF

mem[X,0x00000000800007D4] -> 0x9B93
mem[X,0x00000000800007D6] -> 0x00AB
[506] [M]: 0x00000000800007D4 (0x00AB9B93) slli s7, s7, 0xa
x23 <- 0x55553FFFFFF6FC00

mem[X,0x00000000800007D8] -> 0x8B93
mem[X,0x00000000800007DA] -> 0x3F7B
[507] [M]: 0x00000000800007D8 (0x3F7B8B93) addi s7, s7, 0x3f7
x23 <- 0x55553FFFFFF6FFF7

mem[X,0x00000000800007DC] -> 0x0FB7
mem[X,0x00000000800007DE] -> 0xDFFF
[508] [M]: 0x00000000800007DC (0xDFFF0FB7) lui t6, -0x20010
x31 <- 0xFFFFFFFFDFFF0000

mem[X,0x00000000800007E0] -> 0x8F93
mem[X,0x00000000800007E2] -> 0x001F
[509] [M]: 0x00000000800007E0 (0x001F8F93) addi t6, t6, 0x1
x31 <- 0xFFFFFFFFDFFF0001

mem[X,0x00000000800007E4] -> 0x9F93
mem[X,0x00000000800007E6] -> 0x00BF
[510] [M]: 0x00000000800007E4 (0x00BF9F93) slli t6, t6, 0xb
x31 <- 0xFFFFFEFFF8000800

mem[X,0x00000000800007E8] -> 0x8F93
mem[X,0x00000000800007EA] -> 0x7FFF
[511] [M]: 0x00000000800007E8 (0x7FFF8F93) addi t6, t6, 0x7ff
x31 <- 0xFFFFFEFFF8000FFF

mem[X,0x00000000800007EC] -> 0x9F93
mem[X,0x00000000800007EE] -> 0x00BF
[512] [M]: 0x00000000800007EC (0x00BF9F93) slli t6, t6, 0xb
x31 <- 0xFFF7FFC0007FF800

mem[X,0x00000000800007F0] -> 0x8F93
mem[X,0x00000000800007F2] -> 0x5C2F
[513] [M]: 0x00000000800007F0 (0x5C2F8F93) addi t6, t6, 0x5c2
x31 <- 0xFFF7FFC0007FFDC2

mem[X,0x00000000800007F4] -> 0x9F93
mem[X,0x00000000800007F6] -> 0x00AF
[514] [M]: 0x00000000800007F4 (0x00AF9F93) slli t6, t6, 0xa
x31 <- 0xDFFF0001FFF70800

mem[X,0x00000000800007F8] -> 0x953B
mem[X,0x00000000800007FA] -> 0x91FB
[515] [M]: 0x00000000800007F8 (0x91FB953B) pmul.h.beo a0, s7, t6
x10 <- 0xF50B0000000AFFB8

mem[X,0x00000000800007FC] -> 0xB423
mem[X,0x00000000800007FE] -> 0x02A6
[516] [M]: 0x00000000800007FC (0x02A6B423) sd a0, 0x28(a3)
mem[0x00000000800041C8] <- 0xF50B0000000AFFB8

mem[X,0x0000000080000800] -> 0x08B7
mem[X,0x0000000080000802] -> 0x0080
[517] [M]: 0x0000000080000800 (0x008008B7) lui a7, 0x800
x17 <- 0x0000000000800000

mem[X,0x0000000080000804] -> 0x8893
mem[X,0x0000000080000806] -> 0x0068
[518] [M]: 0x0000000080000804 (0x00688893) addi a7, a7, 0x6
x17 <- 0x0000000000800006

mem[X,0x0000000080000808] -> 0x9893
mem[X,0x000000008000080A] -> 0x00B8
[519] [M]: 0x0000000080000808 (0x00B89893) slli a7, a7, 0xb
x17 <- 0x0000000400003000

mem[X,0x000000008000080C] -> 0x8893
mem[X,0x000000008000080E] -> 0x0008
[520] [M]: 0x000000008000080C (0x00088893) addi a7, a7, 0x0
x17 <- 0x0000000400003000

mem[X,0x0000000080000810] -> 0x9893
mem[X,0x0000000080000812] -> 0x00B8
[521] [M]: 0x0000000080000810 (0x00B89893) slli a7, a7, 0xb
x17 <- 0x0000200001800000

mem[X,0x0000000080000814] -> 0x8893
mem[X,0x0000000080000816] -> 0x17F8
[522] [M]: 0x0000000080000814 (0x17F88893) addi a7, a7, 0x17f
x17 <- 0x000020000180017F

mem[X,0x0000000080000818] -> 0x9893
mem[X,0x000000008000081A] -> 0x00A8
[523] [M]: 0x0000000080000818 (0x00A89893) slli a7, a7, 0xa
x17 <- 0x008000060005FC00

mem[X,0x000000008000081C] -> 0x8893
mem[X,0x000000008000081E] -> 0x3EF8
[524] [M]: 0x000000008000081C (0x3EF88893) addi a7, a7, 0x3ef
x17 <- 0x008000060005FFEF

mem[X,0x0000000080000820] -> 0x00B7
mem[X,0x0000000080000822] -> 0xFFDF
[525] [M]: 0x0000000080000820 (0xFFDF00B7) lui ra, -0x210
x1 <- 0xFFFFFFFFFFDF0000

mem[X,0x0000000080000824] -> 0x8093
mem[X,0x0000000080000826] -> 0x4000
[526] [M]: 0x0000000080000824 (0x40008093) addi ra, ra, 0x400
x1 <- 0xFFFFFFFFFFDF0400

mem[X,0x0000000080000828] -> 0x9093
mem[X,0x000000008000082A] -> 0x00B0
[527] [M]: 0x0000000080000828 (0x00B09093) slli ra, ra, 0xb
x1 <- 0xFFFFFFFEF8200000

mem[X,0x000000008000082C] -> 0x8093
mem[X,0x000000008000082E] -> 0x7F70
[528] [M]: 0x000000008000082C (0x7F708093) addi ra, ra, 0x7f7
x1 <- 0xFFFFFFFEF82007F7

mem[X,0x0000000080000830] -> 0x9093
mem[X,0x0000000080000832] -> 0x00B0
[529] [M]: 0x0000000080000830 (0x00B09093) slli ra, ra, 0xb
x1 <- 0xFFFFF7C1003FB800

mem[X,0x0000000080000834] -> 0x8093
mem[X,0x0000000080000836] -> 0x7FF0
[530] [M]: 0x0000000080000834 (0x7FF08093) addi ra, ra, 0x7ff
x1 <- 0xFFFFF7C1003FBFFF

mem[X,0x0000000080000838] -> 0x9093
mem[X,0x000000008000083A] -> 0x00A0
[531] [M]: 0x0000000080000838 (0x00A09093) slli ra, ra, 0xa
x1 <- 0xFFDF0400FEFFFC00

mem[X,0x000000008000083C] -> 0x8093
mem[X,0x000000008000083E] -> 0x3F90
[532] [M]: 0x000000008000083C (0x3F908093) addi ra, ra, 0x3f9
x1 <- 0xFFDF0400FEFFFFF9

mem[X,0x0000000080000840] -> 0x92BB
mem[X,0x0000000080000842] -> 0x9018
[533] [M]: 0x0000000080000840 (0x901892BB) pmul.h.beo t0, a7, ra
x5 <- 0x00800018FFF60011

mem[X,0x0000000080000844] -> 0xB823
mem[X,0x0000000080000846] -> 0x0256
[534] [M]: 0x0000000080000844 (0x0256B823) sd t0, 0x30(a3)
mem[0x00000000800041D0] <- 0x00800018FFF60011

mem[X,0x0000000080000848] -> 0xF5B7
mem[X,0x000000008000084A] -> 0x0007
[535] [M]: 0x0000000080000848 (0x0007F5B7) lui a1, 0x7f
x11 <- 0x000000000007F000

mem[X,0x000000008000084C] -> 0x8593
mem[X,0x000000008000084E] -> 0x7FF5
[536] [M]: 0x000000008000084C (0x7FF58593) addi a1, a1, 0x7ff
x11 <- 0x000000000007F7FF

mem[X,0x0000000080000850] -> 0x9593
mem[X,0x0000000080000852] -> 0x00B5
[537] [M]: 0x0000000080000850 (0x00B59593) slli a1, a1, 0xb
x11 <- 0x000000003FBFF800

mem[X,0x0000000080000854] -> 0x8593
mem[X,0x0000000080000856] -> 0x7FF5
[538] [M]: 0x0000000080000854 (0x7FF58593) addi a1, a1, 0x7ff
x11 <- 0x000000003FBFFFFF

mem[X,0x0000000080000858] -> 0x9593
mem[X,0x000000008000085A] -> 0x00B5
[539] [M]: 0x0000000080000858 (0x00B59593) slli a1, a1, 0xb
x11 <- 0x000001FDFFFFF800

mem[X,0x000000008000085C] -> 0x8593
mem[X,0x000000008000085E] -> 0x3FF5
[540] [M]: 0x000000008000085C (0x3FF58593) addi a1, a1, 0x3ff
x11 <- 0x000001FDFFFFFBFF

mem[X,0x0000000080000860] -> 0x9593
mem[X,0x0000000080000862] -> 0x00A5
[541] [M]: 0x0000000080000860 (0x00A59593) slli a1, a1, 0xa
x11 <- 0x0007F7FFFFEFFC00

mem[X,0x0000000080000864] -> 0x8593
mem[X,0x0000000080000866] -> 0x3DF5
[542] [M]: 0x0000000080000864 (0x3DF58593) addi a1, a1, 0x3df
x11 <- 0x0007F7FFFFEFFFDF

mem[X,0x0000000080000868] -> 0x02B7
mem[X,0x000000008000086A] -> 0xFFFB
[543] [M]: 0x0000000080000868 (0xFFFB02B7) lui t0, -0x50
x5 <- 0xFFFFFFFFFFFB0000

mem[X,0x000000008000086C] -> 0x8293
mem[X,0x000000008000086E] -> 0xFFE2
[544] [M]: 0x000000008000086C (0xFFE28293) addi t0, t0, -0x2
x5 <- 0xFFFFFFFFFFFAFFFE

mem[X,0x0000000080000870] -> 0x9293
mem[X,0x0000000080000872] -> 0x00B2
[545] [M]: 0x0000000080000870 (0x00B29293) slli t0, t0, 0xb
x5 <- 0xFFFFFFFFD7FFF000

mem[X,0x0000000080000874] -> 0x8293
mem[X,0x0000000080000876] -> 0x77F2
[546] [M]: 0x0000000080000874 (0x77F28293) addi t0, t0, 0x77f
x5 <- 0xFFFFFFFFD7FFF77F

mem[X,0x0000000080000878] -> 0x9293
mem[X,0x000000008000087A] -> 0x00B2
[547] [M]: 0x0000000080000878 (0x00B29293) slli t0, t0, 0xb
x5 <- 0xFFFFFEBFFFBBF800

mem[X,0x000000008000087C] -> 0x8293
mem[X,0x000000008000087E] -> 0x7FF2
[548] [M]: 0x000000008000087C (0x7FF28293) addi t0, t0, 0x7ff
x5 <- 0xFFFFFEBFFFBBFFFF

mem[X,0x0000000080000880] -> 0x9293
mem[X,0x0000000080000882] -> 0x00A2
[549] [M]: 0x0000000080000880 (0x00A29293) slli t0, t0, 0xa
x5 <- 0xFFFAFFFEEFFFFC00

mem[X,0x0000000080000884] -> 0x8293
mem[X,0x0000000080000886] -> 0x1FF2
[550] [M]: 0x0000000080000884 (0x1FF28293) addi t0, t0, 0x1ff
x5 <- 0xFFFAFFFEEFFFFDFF

mem[X,0x0000000080000888] -> 0x9ABB
mem[X,0x000000008000088A] -> 0x9055
[551] [M]: 0x0000000080000888 (0x90559ABB) pmul.h.beo s5, a1, t0
x21 <- 0xFFF9000101210063

mem[X,0x000000008000088C] -> 0xBC23
mem[X,0x000000008000088E] -> 0x0356
[552] [M]: 0x000000008000088C (0x0356BC23) sd s5, 0x38(a3)
mem[0x00000000800041D8] <- 0xFFF9000101210063

mem[X,0x0000000080000890] -> 0xF1B7
mem[X,0x0000000080000892] -> 0xFFF9
[553] [M]: 0x0000000080000890 (0xFFF9F1B7) lui gp, -0x61
x3 <- 0xFFFFFFFFFFF9F000

mem[X,0x0000000080000894] -> 0x8193
mem[X,0x0000000080000896] -> 0x7FF1
[554] [M]: 0x0000000080000894 (0x7FF18193) addi gp, gp, 0x7ff
x3 <- 0xFFFFFFFFFFF9F7FF

mem[X,0x0000000080000898] -> 0x9193
mem[X,0x000000008000089A] -> 0x00B1
[555] [M]: 0x0000000080000898 (0x00B19193) slli gp, gp, 0xb
x3 <- 0xFFFFFFFFCFBFF800

mem[X,0x000000008000089C] -> 0x8193
mem[X,0x000000008000089E] -> 0x7FB1
[556] [M]: 0x000000008000089C (0x7FB18193) addi gp, gp, 0x7fb
x3 <- 0xFFFFFFFFCFBFFFFB

mem[X,0x00000000800008A0] -> 0x9193
mem[X,0x00000000800008A2] -> 0x00B1
[557] [M]: 0x00000000800008A0 (0x00B19193) slli gp, gp, 0xb
x3 <- 0xFFFFFE7DFFFFD800

mem[X,0x00000000800008A4] -> 0x8193
mem[X,0x00000000800008A6] -> 0x7FF1
[558] [M]: 0x00000000800008A4 (0x7FF18193) addi gp, gp, 0x7ff
x3 <- 0xFFFFFE7DFFFFDFFF

mem[X,0x00000000800008A8] -> 0x9193
mem[X,0x00000000800008AA] -> 0x00A1
[559] [M]: 0x00000000800008A8 (0x00A19193) slli gp, gp, 0xa
x3 <- 0xFFF9F7FFFF7FFC00

mem[X,0x00000000800008AC] -> 0x8193
mem[X,0x00000000800008AE] -> 0x3BF1
[560] [M]: 0x00000000800008AC (0x3BF18193) addi gp, gp, 0x3bf
x3 <- 0xFFF9F7FFFF7FFFBF

mem[X,0x00000000800008B0] -> 0x4137
mem[X,0x00000000800008B2] -> 0xF7FF
[561] [M]: 0x00000000800008B0 (0xF7FF4137) lui sp, -0x800c
x2 <- 0xFFFFFFFFF7FF4000

mem[X,0x00000000800008B4] -> 0x0113
mem[X,0x00000000800008B6] -> 0xFFF1
[562] [M]: 0x00000000800008B4 (0xFFF10113) addi sp, sp, -0x1
x2 <- 0xFFFFFFFFF7FF3FFF

mem[X,0x00000000800008B8] -> 0x1113
mem[X,0x00000000800008BA] -> 0x00B1
[563] [M]: 0x00000000800008B8 (0x00B11113) slli sp, sp, 0xb
x2 <- 0xFFFFFFBFF9FFF800

mem[X,0x00000000800008BC] -> 0x0113
mem[X,0x00000000800008BE] -> 0x7FF1
[564] [M]: 0x00000000800008BC (0x7FF10113) addi sp, sp, 0x7ff
x2 <- 0xFFFFFFBFF9FFFFFF

mem[X,0x00000000800008C0] -> 0x1113
mem[X,0x00000000800008C2] -> 0x00B1
[565] [M]: 0x00000000800008C0 (0x00B11113) slli sp, sp, 0xb
x2 <- 0xFFFDFFCFFFFFF800

mem[X,0x00000000800008C4] -> 0x0113
mem[X,0x00000000800008C6] -> 0x5FF1
[566] [M]: 0x00000000800008C4 (0x5FF10113) addi sp, sp, 0x5ff
x2 <- 0xFFFDFFCFFFFFFDFF

mem[X,0x00000000800008C8] -> 0x1113
mem[X,0x00000000800008CA] -> 0x00A1
[567] [M]: 0x00000000800008C8 (0x00A11113) slli sp, sp, 0xa
x2 <- 0xF7FF3FFFFFF7FC00

mem[X,0x00000000800008CC] -> 0x0113
mem[X,0x00000000800008CE] -> 0x3FD1
[568] [M]: 0x00000000800008CC (0x3FD10113) addi sp, sp, 0x3fd
x2 <- 0xF7FF3FFFFFF7FFFD

mem[X,0x00000000800008D0] -> 0x93BB
mem[X,0x00000000800008D2] -> 0x9021
[569] [M]: 0x00000000800008D0 (0x902193BB) pmul.h.beo t2, gp, sp
x7 <- 0x003FFFC1FF810041

mem[X,0x00000000800008D4] -> 0xB023
mem[X,0x00000000800008D6] -> 0x0476
[570] [M]: 0x00000000800008D4 (0x0476B023) sd t2, 0x40(a3)
mem[0x00000000800041E0] <- 0x003FFFC1FF810041

mem[X,0x00000000800008D8] -> 0xFEB7
mem[X,0x00000000800008DA] -> 0x5555
[571] [M]: 0x00000000800008D8 (0x5555FEB7) lui t4, 0x5555f
x29 <- 0x000000005555F000

mem[X,0x00000000800008DC] -> 0x8E93
mem[X,0x00000000800008DE] -> 0x7FFE
[572] [M]: 0x00000000800008DC (0x7FFE8E93) addi t4, t4, 0x7ff
x29 <- 0x000000005555F7FF

mem[X,0x00000000800008E0] -> 0x9E93
mem[X,0x00000000800008E2] -> 0x00BE
[573] [M]: 0x00000000800008E0 (0x00BE9E93) slli t4, t4, 0xb
x29 <- 0x000002AAAFBFF800

mem[X,0x00000000800008E4] -> 0x8E93
mem[X,0x00000000800008E6] -> 0x7FFE
[574] [M]: 0x00000000800008E4 (0x7FFE8E93) addi t4, t4, 0x7ff
x29 <- 0x000002AAAFBFFFFF

mem[X,0x00000000800008E8] -> 0x9E93
mem[X,0x00000000800008EA] -> 0x00BE
[575] [M]: 0x00000000800008E8 (0x00BE9E93) slli t4, t4, 0xb
x29 <- 0x0015557DFFFFF800

mem[X,0x00000000800008EC] -> 0x8E93
mem[X,0x00000000800008EE] -> 0x77FE
[576] [M]: 0x00000000800008EC (0x77FE8E93) addi t4, t4, 0x77f
x29 <- 0x0015557DFFFFFF7F

mem[X,0x00000000800008F0] -> 0x9E93
mem[X,0x00000000800008F2] -> 0x00AE
[577] [M]: 0x00000000800008F0 (0x00AE9E93) slli t4, t4, 0xa
x29 <- 0x5555F7FFFFFDFC00

mem[X,0x00000000800008F4] -> 0x8E93
mem[X,0x00000000800008F6] -> 0x37FE
[578] [M]: 0x00000000800008F4 (0x37FE8E93) addi t4, t4, 0x37f
x29 <- 0x5555F7FFFFFDFF7F

mem[X,0x00000000800008F8] -> 0x0A37
mem[X,0x00000000800008FA] -> 0xFF80
[579] [M]: 0x00000000800008F8 (0xFF800A37) lui s4, -0x800
x20 <- 0xFFFFFFFFFF800000

mem[X,0x00000000800008FC] -> 0x0A13
mem[X,0x00000000800008FE] -> 0xFF8A
[580] [M]: 0x00000000800008FC (0xFF8A0A13) addi s4, s4, -0x8
x20 <- 0xFFFFFFFFFF7FFFF8

mem[X,0x0000000080000900] -> 0x1A13
mem[X,0x0000000080000902] -> 0x00BA
[581] [M]: 0x0000000080000900 (0x00BA1A13) slli s4, s4, 0xb
x20 <- 0xFFFFFFFBFFFFC000

mem[X,0x0000000080000904] -> 0x0A13
mem[X,0x0000000080000906] -> 0x7FFA
[582] [M]: 0x0000000080000904 (0x7FFA0A13) addi s4, s4, 0x7ff
x20 <- 0xFFFFFFFBFFFFC7FF

mem[X,0x0000000080000908] -> 0x1A13
mem[X,0x000000008000090A] -> 0x00BA
[583] [M]: 0x0000000080000908 (0x00BA1A13) slli s4, s4, 0xb
x20 <- 0xFFFFDFFFFE3FF800

mem[X,0x000000008000090C] -> 0x0A13
mem[X,0x000000008000090E] -> 0x6C0A
[584] [M]: 0x000000008000090C (0x6C0A0A13) addi s4, s4, 0x6c0
x20 <- 0xFFFFDFFFFE3FFEC0

mem[X,0x0000000080000910] -> 0x1A13
mem[X,0x0000000080000912] -> 0x00AA
[585] [M]: 0x0000000080000910 (0x00AA1A13) slli s4, s4, 0xa
x20 <- 0xFF7FFFF8FFFB0000

mem[X,0x0000000080000914] -> 0x90BB
mem[X,0x0000000080000916] -> 0x914E
[586] [M]: 0x0000000080000914 (0x914E90BB) pmul.h.beo ra, t4, s4
x1 <- 0xFFAB000100030000

mem[X,0x0000000080000918] -> 0xB423
mem[X,0x000000008000091A] -> 0x0416
[587] [M]: 0x0000000080000918 (0x0416B423) sd ra, 0x48(a3)
mem[0x00000000800041E8] <- 0xFFAB000100030000

mem[X,0x000000008000091C] -> 0xE737
mem[X,0x000000008000091E] -> 0xFBFF
[588] [M]: 0x000000008000091C (0xFBFFE737) lui a4, -0x4002
x14 <- 0xFFFFFFFFFBFFE000

mem[X,0x0000000080000920] -> 0x0713
mem[X,0x0000000080000922] -> 0xFFF7
[589] [M]: 0x0000000080000920 (0xFFF70713) addi a4, a4, -0x1
x14 <- 0xFFFFFFFFFBFFDFFF

mem[X,0x0000000080000924] -> 0x1713
mem[X,0x0000000080000926] -> 0x00B7
[590] [M]: 0x0000000080000924 (0x00B71713) slli a4, a4, 0xb
x14 <- 0xFFFFFFDFFEFFF800

mem[X,0x0000000080000928] -> 0x0713
mem[X,0x000000008000092A] -> 0x2AA7
[591] [M]: 0x0000000080000928 (0x2AA70713) addi a4, a4, 0x2aa
x14 <- 0xFFFFFFDFFEFFFAAA

mem[X,0x000000008000092C] -> 0x1713
mem[X,0x000000008000092E] -> 0x00B7
[592] [M]: 0x000000008000092C (0x00B71713) slli a4, a4, 0xb
x14 <- 0xFFFEFFF7FFD55000

mem[X,0x0000000080000930] -> 0x0713
mem[X,0x0000000080000932] -> 0x57F7
[593] [M]: 0x0000000080000930 (0x57F70713) addi a4, a4, 0x57f
x14 <- 0xFFFEFFF7FFD5557F

mem[X,0x0000000080000934] -> 0x1713
mem[X,0x0000000080000936] -> 0x00A7
[594] [M]: 0x0000000080000934 (0x00A71713) slli a4, a4, 0xa
x14 <- 0xFBFFDFFF5555FC00

mem[X,0x0000000080000938] -> 0x0713
mem[X,0x000000008000093A] -> 0x2FF7
[595] [M]: 0x0000000080000938 (0x2FF70713) addi a4, a4, 0x2ff
x14 <- 0xFBFFDFFF5555FEFF

mem[X,0x000000008000093C] -> 0x4DB7
mem[X,0x000000008000093E] -> 0x5555
[596] [M]: 0x000000008000093C (0x55554DB7) lui s11, 0x55554
x27 <- 0x0000000055554000

mem[X,0x0000000080000940] -> 0x8D93
mem[X,0x0000000080000942] -> 0x000D
[597] [M]: 0x0000000080000940 (0x000D8D93) addi s11, s11, 0x0
x27 <- 0x0000000055554000

mem[X,0x0000000080000944] -> 0x9D93
mem[X,0x0000000080000946] -> 0x00BD
[598] [M]: 0x0000000080000944 (0x00BD9D93) slli s11, s11, 0xb
x27 <- 0x000002AAAA000000

mem[X,0x0000000080000948] -> 0x8D93
mem[X,0x000000008000094A] -> 0x000D
[599] [M]: 0x0000000080000948 (0x000D8D93) addi s11, s11, 0x0
x27 <- 0x000002AAAA000000

clint::tick mtime <- 0x0000000000000006
 clint timer pending at mtime 0x0000000000000006
htif::tick 0x0000000000000000
mem[X,0x000000008000094C] -> 0x9D93
mem[X,0x000000008000094E] -> 0x00BD
[600] [M]: 0x000000008000094C (0x00BD9D93) slli s11, s11, 0xb
x27 <- 0x0015555000000000

mem[X,0x0000000080000950] -> 0x8D93
mem[X,0x0000000080000952] -> 0x402D
[601] [M]: 0x0000000080000950 (0x402D8D93) addi s11, s11, 0x402
x27 <- 0x0015555000000402

mem[X,0x0000000080000954] -> 0x9D93
mem[X,0x0000000080000956] -> 0x00AD
[602] [M]: 0x0000000080000954 (0x00AD9D93) slli s11, s11, 0xa
x27 <- 0x5555400000100800

mem[X,0x0000000080000958] -> 0x1A3B
mem[X,0x000000008000095A] -> 0x91B7
[603] [M]: 0x0000000080000958 (0x91B71A3B) pmul.h.beo s4, a4, s11
x20 <- 0xFFABFFC00000FFF8

mem[X,0x000000008000095C] -> 0xB823
mem[X,0x000000008000095E] -> 0x0546
[604] [M]: 0x000000008000095C (0x0546B823) sd s4, 0x50(a3)
mem[0x00000000800041F0] <- 0xFFABFFC00000FFF8

mem[X,0x0000000080000960] -> 0x0237
mem[X,0x0000000080000962] -> 0x0020
[605] [M]: 0x0000000080000960 (0x00200237) lui tp, 0x200
x4 <- 0x0000000000200000

mem[X,0x0000000080000964] -> 0x0213
mem[X,0x0000000080000966] -> 0x0042
[606] [M]: 0x0000000080000964 (0x00420213) addi tp, tp, 0x4
x4 <- 0x0000000000200004

mem[X,0x0000000080000968] -> 0x1213
mem[X,0x000000008000096A] -> 0x00B2
[607] [M]: 0x0000000080000968 (0x00B21213) slli tp, tp, 0xb
x4 <- 0x0000000100002000

mem[X,0x000000008000096C] -> 0x0213
mem[X,0x000000008000096E] -> 0x0002
[608] [M]: 0x000000008000096C (0x00020213) addi tp, tp, 0x0
x4 <- 0x0000000100002000

mem[X,0x0000000080000970] -> 0x1213
mem[X,0x0000000080000972] -> 0x00B2
[609] [M]: 0x0000000080000970 (0x00B21213) slli tp, tp, 0xb
x4 <- 0x0000080001000000

mem[X,0x0000000080000974] -> 0x0213
mem[X,0x0000000080000976] -> 0x43F2
[610] [M]: 0x0000000080000974 (0x43F20213) addi tp, tp, 0x43f
x4 <- 0x000008000100043F

mem[X,0x0000000080000978] -> 0x1213
mem[X,0x000000008000097A] -> 0x00A2
[611] [M]: 0x0000000080000978 (0x00A21213) slli tp, tp, 0xa
x4 <- 0x002000040010FC00

mem[X,0x000000008000097C] -> 0x0213
mem[X,0x000000008000097E] -> 0x1FF2
[612] [M]: 0x000000008000097C (0x1FF20213) addi tp, tp, 0x1ff
x4 <- 0x002000040010FDFF

mem[X,0x0000000080000980] -> 0x0CB7
mem[X,0x0000000080000982] -> 0xFFBF
[613] [M]: 0x0000000080000980 (0xFFBF0CB7) lui s9, -0x410
x25 <- 0xFFFFFFFFFFBF0000

mem[X,0x0000000080000984] -> 0x8C93
mem[X,0x0000000080000986] -> 0x020C
[614] [M]: 0x0000000080000984 (0x020C8C93) addi s9, s9, 0x20
x25 <- 0xFFFFFFFFFFBF0020

mem[X,0x0000000080000988] -> 0x9C93
mem[X,0x000000008000098A] -> 0x00BC
[615] [M]: 0x0000000080000988 (0x00BC9C93) slli s9, s9, 0xb
x25 <- 0xFFFFFFFDF8010000

mem[X,0x000000008000098C] -> 0x8C93
mem[X,0x000000008000098E] -> 0x000C
[616] [M]: 0x000000008000098C (0x000C8C93) addi s9, s9, 0x0
x25 <- 0xFFFFFFFDF8010000

mem[X,0x0000000080000990] -> 0x9C93
mem[X,0x0000000080000992] -> 0x00BC
[617] [M]: 0x0000000080000990 (0x00BC9C93) slli s9, s9, 0xb
x25 <- 0xFFFFEFC008000000

mem[X,0x0000000080000994] -> 0x8C93
mem[X,0x0000000080000996] -> 0x1FFC
[618] [M]: 0x0000000080000994 (0x1FFC8C93) addi s9, s9, 0x1ff
x25 <- 0xFFFFEFC0080001FF

mem[X,0x0000000080000998] -> 0x9C93
mem[X,0x000000008000099A] -> 0x00AC
[619] [M]: 0x0000000080000998 (0x00AC9C93) slli s9, s9, 0xa
x25 <- 0xFFBF00200007FC00

mem[X,0x000000008000099C] -> 0x8C93
mem[X,0x000000008000099E] -> 0x3FFC
[620] [M]: 0x000000008000099C (0x3FFC8C93) addi s9, s9, 0x3ff
x25 <- 0xFFBF00200007FFFF

mem[X,0x00000000800009A0] -> 0x143B
mem[X,0x00000000800009A2] -> 0x9192
[621] [M]: 0x00000000800009A0 (0x9192143B) pmul.h.beo fp, tp, s9
x8 <- 0xFFE0000000000001

mem[X,0x00000000800009A4] -> 0xBC23
mem[X,0x00000000800009A6] -> 0x0486
[622] [M]: 0x00000000800009A4 (0x0486BC23) sd fp, 0x58(a3)
mem[0x00000000800041F8] <- 0xFFE0000000000001

mem[X,0x00000000800009A8] -> 0x02B7
mem[X,0x00000000800009AA] -> 0xFBFF
[623] [M]: 0x00000000800009A8 (0xFBFF02B7) lui t0, -0x4010
x5 <- 0xFFFFFFFFFBFF0000

mem[X,0x00000000800009AC] -> 0x8293
mem[X,0x00000000800009AE] -> 0x0092
[624] [M]: 0x00000000800009AC (0x00928293) addi t0, t0, 0x9
x5 <- 0xFFFFFFFFFBFF0009

mem[X,0x00000000800009B0] -> 0x9293
mem[X,0x00000000800009B2] -> 0x00B2
[625] [M]: 0x00000000800009B0 (0x00B29293) slli t0, t0, 0xb
x5 <- 0xFFFFFFDFF8004800

mem[X,0x00000000800009B4] -> 0x8293
mem[X,0x00000000800009B6] -> 0x7FF2
[626] [M]: 0x00000000800009B4 (0x7FF28293) addi t0, t0, 0x7ff
x5 <- 0xFFFFFFDFF8004FFF

mem[X,0x00000000800009B8] -> 0x9293
mem[X,0x00000000800009BA] -> 0x00B2
[627] [M]: 0x00000000800009B8 (0x00B29293) slli t0, t0, 0xb
x5 <- 0xFFFEFFC0027FF800

mem[X,0x00000000800009BC] -> 0x8293
mem[X,0x00000000800009BE] -> 0x6BE2
[628] [M]: 0x00000000800009BC (0x6BE28293) addi t0, t0, 0x6be
x5 <- 0xFFFEFFC0027FFEBE

mem[X,0x00000000800009C0] -> 0x9293
mem[X,0x00000000800009C2] -> 0x00A2
[629] [M]: 0x00000000800009C0 (0x00A29293) slli t0, t0, 0xa
x5 <- 0xFBFF0009FFFAF800

mem[X,0x00000000800009C4] -> 0x8293
mem[X,0x00000000800009C6] -> 0x3FF2
[630] [M]: 0x00000000800009C4 (0x3FF28293) addi t0, t0, 0x3ff
x5 <- 0xFBFF0009FFFAFBFF

mem[X,0x00000000800009C8] -> 0x0AB7
mem[X,0x00000000800009CA] -> 0x0007
[631] [M]: 0x00000000800009C8 (0x00070AB7) lui s5, 0x70
x21 <- 0x0000000000070000

mem[X,0x00000000800009CC] -> 0x8A93
mem[X,0x00000000800009CE] -> 0xFFFA
[632] [M]: 0x00000000800009CC (0xFFFA8A93) addi s5, s5, -0x1
x21 <- 0x000000000006FFFF

mem[X,0x00000000800009D0] -> 0x9A93
mem[X,0x00000000800009D2] -> 0x00BA
[633] [M]: 0x00000000800009D0 (0x00BA9A93) slli s5, s5, 0xb
x21 <- 0x0000000037FFF800

mem[X,0x00000000800009D4] -> 0x8A93
mem[X,0x00000000800009D6] -> 0x7FFA
[634] [M]: 0x00000000800009D4 (0x7FFA8A93) addi s5, s5, 0x7ff
x21 <- 0x0000000037FFFFFF

mem[X,0x00000000800009D8] -> 0x9A93
mem[X,0x00000000800009DA] -> 0x00BA
[635] [M]: 0x00000000800009D8 (0x00BA9A93) slli s5, s5, 0xb
x21 <- 0x000001BFFFFFF800

mem[X,0x00000000800009DC] -> 0x8A93
mem[X,0x00000000800009DE] -> 0x3DFA
[636] [M]: 0x00000000800009DC (0x3DFA8A93) addi s5, s5, 0x3df
x21 <- 0x000001BFFFFFFBDF

mem[X,0x00000000800009E0] -> 0x9A93
mem[X,0x00000000800009E2] -> 0x00AA
[637] [M]: 0x00000000800009E0 (0x00AA9A93) slli s5, s5, 0xa
x21 <- 0x0006FFFFFFEF7C00

mem[X,0x00000000800009E4] -> 0x8A93
mem[X,0x00000000800009E6] -> 0x3FFA
[638] [M]: 0x00000000800009E4 (0x3FFA8A93) addi s5, s5, 0x3ff
x21 <- 0x0006FFFFFFEF7FFF

mem[X,0x00000000800009E8] -> 0x963B
mem[X,0x00000000800009EA] -> 0x9152
[639] [M]: 0x00000000800009E8 (0x9152963B) pmul.h.beo a2, t0, s5
x12 <- 0x0000FFF70006FF81

mem[X,0x00000000800009EC] -> 0xB023
mem[X,0x00000000800009EE] -> 0x06C6
[640] [M]: 0x00000000800009EC (0x06C6B023) sd a2, 0x60(a3)
mem[0x0000000080004200] <- 0x0000FFF70006FF81

mem[X,0x00000000800009F0] -> 0x0A37
mem[X,0x00000000800009F2] -> 0xFFFC
[641] [M]: 0x00000000800009F0 (0xFFFC0A37) lui s4, -0x40
x20 <- 0xFFFFFFFFFFFC0000

mem[X,0x00000000800009F4] -> 0x0A13
mem[X,0x00000000800009F6] -> 0x005A
[642] [M]: 0x00000000800009F4 (0x005A0A13) addi s4, s4, 0x5
x20 <- 0xFFFFFFFFFFFC0005

mem[X,0x00000000800009F8] -> 0x1A13
mem[X,0x00000000800009FA] -> 0x00BA
[643] [M]: 0x00000000800009F8 (0x00BA1A13) slli s4, s4, 0xb
x20 <- 0xFFFFFFFFE0002800

mem[X,0x00000000800009FC] -> 0x0A13
mem[X,0x00000000800009FE] -> 0x7FFA
[644] [M]: 0x00000000800009FC (0x7FFA0A13) addi s4, s4, 0x7ff
x20 <- 0xFFFFFFFFE0002FFF

mem[X,0x0000000080000A00] -> 0x1A13
mem[X,0x0000000080000A02] -> 0x00BA
[645] [M]: 0x0000000080000A00 (0x00BA1A13) slli s4, s4, 0xb
x20 <- 0xFFFFFF00017FF800

mem[X,0x0000000080000A04] -> 0x0A13
mem[X,0x0000000080000A06] -> 0x6FDA
[646] [M]: 0x0000000080000A04 (0x6FDA0A13) addi s4, s4, 0x6fd
x20 <- 0xFFFFFF00017FFEFD

mem[X,0x0000000080000A08] -> 0x1A13
mem[X,0x0000000080000A0A] -> 0x00AA
[647] [M]: 0x0000000080000A08 (0x00AA1A13) slli s4, s4, 0xa
x20 <- 0xFFFC0005FFFBF400

mem[X,0x0000000080000A0C] -> 0x0A13
mem[X,0x0000000080000A0E] -> 0x3FFA
[648] [M]: 0x0000000080000A0C (0x3FFA0A13) addi s4, s4, 0x3ff
x20 <- 0xFFFC0005FFFBF7FF

mem[X,0x0000000080000A10] -> 0x07B7
mem[X,0x0000000080000A12] -> 0xFDFF
[649] [M]: 0x0000000080000A10 (0xFDFF07B7) lui a5, -0x2010
x15 <- 0xFFFFFFFFFDFF0000

mem[X,0x0000000080000A14] -> 0x8793
mem[X,0x0000000080000A16] -> 0x0087
[650] [M]: 0x0000000080000A14 (0x00878793) addi a5, a5, 0x8
x15 <- 0xFFFFFFFFFDFF0008

mem[X,0x0000000080000A18] -> 0x9793
mem[X,0x0000000080000A1A] -> 0x00B7
[651] [M]: 0x0000000080000A18 (0x00B79793) slli a5, a5, 0xb
x15 <- 0xFFFFFFEFF8004000

mem[X,0x0000000080000A1C] -> 0x8793
mem[X,0x0000000080000A1E] -> 0x0007
[652] [M]: 0x0000000080000A1C (0x00078793) addi a5, a5, 0x0
x15 <- 0xFFFFFFEFF8004000

mem[X,0x0000000080000A20] -> 0x9793
mem[X,0x0000000080000A22] -> 0x00B7
[653] [M]: 0x0000000080000A20 (0x00B79793) slli a5, a5, 0xb
x15 <- 0xFFFF7FC002000000

mem[X,0x0000000080000A24] -> 0x8793
mem[X,0x0000000080000A26] -> 0x0D07
[654] [M]: 0x0000000080000A24 (0x0D078793) addi a5, a5, 0xd0
x15 <- 0xFFFF7FC0020000D0

mem[X,0x0000000080000A28] -> 0x9793
mem[X,0x0000000080000A2A] -> 0x00A7
[655] [M]: 0x0000000080000A28 (0x00A79793) slli a5, a5, 0xa
x15 <- 0xFDFF000800034000

mem[X,0x0000000080000A2C] -> 0x133B
mem[X,0x0000000080000A2E] -> 0x90FA
[656] [M]: 0x0000000080000A2C (0x90FA133B) pmul.h.beo t1, s4, a5
x6 <- 0x000C00000000FFC0

mem[X,0x0000000080000A30] -> 0xB423
mem[X,0x0000000080000A32] -> 0x0666
[657] [M]: 0x0000000080000A30 (0x0666B423) sd t1, 0x68(a3)
mem[0x0000000080004208] <- 0x000C00000000FFC0

mem[X,0x0000000080000A34] -> 0x0013
mem[X,0x0000000080000A36] -> 0x0000
[658] [M]: 0x0000000080000A34 (0x00000013) addi zero, zero, 0x0

mem[X,0x0000000080000A38] -> 0x0013
mem[X,0x0000000080000A3A] -> 0x0000
[659] [M]: 0x0000000080000A38 (0x00000013) addi zero, zero, 0x0

mem[X,0x0000000080000A3C] -> 0x0013
mem[X,0x0000000080000A3E] -> 0x0000
[660] [M]: 0x0000000080000A3C (0x00000013) addi zero, zero, 0x0

mem[X,0x0000000080000A40] -> 0x3097
mem[X,0x0000000080000A42] -> 0x0000
[661] [M]: 0x0000000080000A40 (0x00003097) auipc ra, 0x3
x1 <- 0x0000000080003A40

mem[X,0x0000000080000A44] -> 0x8093
mem[X,0x0000000080000A46] -> 0x7D00
[662] [M]: 0x0000000080000A44 (0x7D008093) addi ra, ra, 0x7d0
x1 <- 0x0000000080004210

mem[X,0x0000000080000A48] -> 0x0013
mem[X,0x0000000080000A4A] -> 0x0000
[663] [M]: 0x0000000080000A48 (0x00000013) addi zero, zero, 0x0

mem[X,0x0000000080000A4C] -> 0x0013
mem[X,0x0000000080000A4E] -> 0x0000
[664] [M]: 0x0000000080000A4C (0x00000013) addi zero, zero, 0x0

mem[X,0x0000000080000A50] -> 0x0013
mem[X,0x0000000080000A52] -> 0x0000
[665] [M]: 0x0000000080000A50 (0x00000013) addi zero, zero, 0x0

mem[X,0x0000000080000A54] -> 0x0013
mem[X,0x0000000080000A56] -> 0x0000
[666] [M]: 0x0000000080000A54 (0x00000013) addi zero, zero, 0x0

mem[X,0x0000000080000A58] -> 0x0013
mem[X,0x0000000080000A5A] -> 0x0000
[667] [M]: 0x0000000080000A58 (0x00000013) addi zero, zero, 0x0

mem[X,0x0000000080000A5C] -> 0x0013
mem[X,0x0000000080000A5E] -> 0x0000
[668] [M]: 0x0000000080000A5C (0x00000013) addi zero, zero, 0x0

mem[X,0x0000000080000A60] -> 0x04B7
mem[X,0x0000000080000A62] -> 0xFF80
[669] [M]: 0x0000000080000A60 (0xFF8004B7) lui s1, -0x800
x9 <- 0xFFFFFFFFFF800000

mem[X,0x0000000080000A64] -> 0x8493
mem[X,0x0000000080000A66] -> 0xFEF4
[670] [M]: 0x0000000080000A64 (0xFEF48493) addi s1, s1, -0x11
x9 <- 0xFFFFFFFFFF7FFFEF

mem[X,0x0000000080000A68] -> 0x9493
mem[X,0x0000000080000A6A] -> 0x00B4
[671] [M]: 0x0000000080000A68 (0x00B49493) slli s1, s1, 0xb
x9 <- 0xFFFFFFFBFFFF7800

mem[X,0x0000000080000A6C] -> 0x8493
mem[X,0x0000000080000A6E] -> 0x7F74
[672] [M]: 0x0000000080000A6C (0x7F748493) addi s1, s1, 0x7f7
x9 <- 0xFFFFFFFBFFFF7FF7

mem[X,0x0000000080000A70] -> 0x9493
mem[X,0x0000000080000A72] -> 0x00B4
[673] [M]: 0x0000000080000A70 (0x00B49493) slli s1, s1, 0xb
x9 <- 0xFFFFDFFFFBFFB800

mem[X,0x0000000080000A74] -> 0x8493
mem[X,0x0000000080000A76] -> 0x7FB4
[674] [M]: 0x0000000080000A74 (0x7FB48493) addi s1, s1, 0x7fb
x9 <- 0xFFFFDFFFFBFFBFFB

mem[X,0x0000000080000A78] -> 0x9493
mem[X,0x0000000080000A7A] -> 0x00A4
[675] [M]: 0x0000000080000A78 (0x00A49493) slli s1, s1, 0xa
x9 <- 0xFF7FFFEFFEFFEC00

mem[X,0x0000000080000A7C] -> 0x8493
mem[X,0x0000000080000A7E] -> 0x3FF4
[676] [M]: 0x0000000080000A7C (0x3FF48493) addi s1, s1, 0x3ff
x9 <- 0xFF7FFFEFFEFFEFFF

mem[X,0x0000000080000A80] -> 0x0437
mem[X,0x0000000080000A82] -> 0x0020
[677] [M]: 0x0000000080000A80 (0x00200437) lui fp, 0x200
x8 <- 0x0000000000200000

mem[X,0x0000000080000A84] -> 0x0413
mem[X,0x0000000080000A86] -> 0x0044
[678] [M]: 0x0000000080000A84 (0x00440413) addi fp, fp, 0x4
x8 <- 0x0000000000200004

mem[X,0x0000000080000A88] -> 0x1413
mem[X,0x0000000080000A8A] -> 0x00B4
[679] [M]: 0x0000000080000A88 (0x00B41413) slli fp, fp, 0xb
x8 <- 0x0000000100002000

mem[X,0x0000000080000A8C] -> 0x0413
mem[X,0x0000000080000A8E] -> 0x3FF4
[680] [M]: 0x0000000080000A8C (0x3FF40413) addi fp, fp, 0x3ff
x8 <- 0x00000001000023FF

mem[X,0x0000000080000A90] -> 0x1413
mem[X,0x0000000080000A92] -> 0x00B4
[681] [M]: 0x0000000080000A90 (0x00B41413) slli fp, fp, 0xb
x8 <- 0x00000800011FF800

mem[X,0x0000000080000A94] -> 0x0413
mem[X,0x0000000080000A96] -> 0x7C04
[682] [M]: 0x0000000080000A94 (0x7C040413) addi fp, fp, 0x7c0
x8 <- 0x00000800011FFFC0

mem[X,0x0000000080000A98] -> 0x1413
mem[X,0x0000000080000A9A] -> 0x00A4
[683] [M]: 0x0000000080000A98 (0x00A41413) slli fp, fp, 0xa
x8 <- 0x002000047FFF0000

mem[X,0x0000000080000A9C] -> 0x0413
mem[X,0x0000000080000A9E] -> 0x0804
[684] [M]: 0x0000000080000A9C (0x08040413) addi fp, fp, 0x80
x8 <- 0x002000047FFF0080

mem[X,0x0000000080000AA0] -> 0x9B3B
mem[X,0x0000000080000AA2] -> 0x9084
[685] [M]: 0x0000000080000AA0 (0x90849B3B) pmul.h.beo s6, s1, fp
x22 <- 0x00000000FF810000

mem[X,0x0000000080000AA4] -> 0xB023
mem[X,0x0000000080000AA6] -> 0x0160
[686] [M]: 0x0000000080000AA4 (0x0160B023) sd s6, 0x0(ra)
mem[0x0000000080004210] <- 0x00000000FF810000

mem[X,0x0000000080000AA8] -> 0x5F37
mem[X,0x0000000080000AAA] -> 0x0000
[687] [M]: 0x0000000080000AA8 (0x00005F37) lui t5, 0x5
x30 <- 0x0000000000005000

mem[X,0x0000000080000AAC] -> 0x0F13
mem[X,0x0000000080000AAE] -> 0x555F
[688] [M]: 0x0000000080000AAC (0x555F0F13) addi t5, t5, 0x555
x30 <- 0x0000000000005555

mem[X,0x0000000080000AB0] -> 0x1F13
mem[X,0x0000000080000AB2] -> 0x00BF
[689] [M]: 0x0000000080000AB0 (0x00BF1F13) slli t5, t5, 0xb
x30 <- 0x0000000002AAA800

mem[X,0x0000000080000AB4] -> 0x0F13
mem[X,0x0000000080000AB6] -> 0x2AAF
[690] [M]: 0x0000000080000AB4 (0x2AAF0F13) addi t5, t5, 0x2aa
x30 <- 0x0000000002AAAAAA

mem[X,0x0000000080000AB8] -> 0x1F13
mem[X,0x0000000080000ABA] -> 0x00BF
[691] [M]: 0x0000000080000AB8 (0x00BF1F13) slli t5, t5, 0xb
x30 <- 0x0000001555555000

mem[X,0x0000000080000ABC] -> 0x0F13
mem[X,0x0000000080000ABE] -> 0x577F
[692] [M]: 0x0000000080000ABC (0x577F0F13) addi t5, t5, 0x577
x30 <- 0x0000001555555577

mem[X,0x0000000080000AC0] -> 0x1F13
mem[X,0x0000000080000AC2] -> 0x00AF
[693] [M]: 0x0000000080000AC0 (0x00AF1F13) slli t5, t5, 0xa
x30 <- 0x000055555555DC00

mem[X,0x0000000080000AC4] -> 0x0F13
mem[X,0x0000000080000AC6] -> 0x3FFF
[694] [M]: 0x0000000080000AC4 (0x3FFF0F13) addi t5, t5, 0x3ff
x30 <- 0x000055555555DFFF

mem[X,0x0000000080000AC8] -> 0x0EB7
mem[X,0x0000000080000ACA] -> 0xFFC0
[695] [M]: 0x0000000080000AC8 (0xFFC00EB7) lui t4, -0x400
x29 <- 0xFFFFFFFFFFC00000

mem[X,0x0000000080000ACC] -> 0x8E93
mem[X,0x0000000080000ACE] -> 0xBFFE
[696] [M]: 0x0000000080000ACC (0xBFFE8E93) addi t4, t4, -0x401
x29 <- 0xFFFFFFFFFFBFFBFF

mem[X,0x0000000080000AD0] -> 0x9E93
mem[X,0x0000000080000AD2] -> 0x00BE
[697] [M]: 0x0000000080000AD0 (0x00BE9E93) slli t4, t4, 0xb
x29 <- 0xFFFFFFFDFFDFF800

mem[X,0x0000000080000AD4] -> 0x8E93
mem[X,0x0000000080000AD6] -> 0x7FBE
[698] [M]: 0x0000000080000AD4 (0x7FBE8E93) addi t4, t4, 0x7fb
x29 <- 0xFFFFFFFDFFDFFFFB

mem[X,0x0000000080000AD8] -> 0x9E93
mem[X,0x0000000080000ADA] -> 0x00BE
[699] [M]: 0x0000000080000AD8 (0x00BE9E93) slli t4, t4, 0xb
x29 <- 0xFFFFEFFEFFFFD800

clint::tick mtime <- 0x0000000000000007
 clint timer pending at mtime 0x0000000000000007
htif::tick 0x0000000000000000
mem[X,0x0000000080000ADC] -> 0x8E93
mem[X,0x0000000080000ADE] -> 0x7DFE
[700] [M]: 0x0000000080000ADC (0x7DFE8E93) addi t4, t4, 0x7df
x29 <- 0xFFFFEFFEFFFFDFDF

mem[X,0x0000000080000AE0] -> 0x9E93
mem[X,0x0000000080000AE2] -> 0x00AE
[701] [M]: 0x0000000080000AE0 (0x00AE9E93) slli t4, t4, 0xa
x29 <- 0xFFBFFBFFFF7F7C00

mem[X,0x0000000080000AE4] -> 0x8E93
mem[X,0x0000000080000AE6] -> 0x3FFE
[702] [M]: 0x0000000080000AE4 (0x3FFE8E93) addi t4, t4, 0x3ff
x29 <- 0xFFBFFBFFFF7F7FFF

mem[X,0x0000000080000AE8] -> 0x1FBB
mem[X,0x0000000080000AEA] -> 0x91DF
[703] [M]: 0x0000000080000AE8 (0x91DF1FBB) pmul.h.beo t6, t5, t4
x31 <- 0x0000FE57FFABFF81

mem[X,0x0000000080000AEC] -> 0xB423
mem[X,0x0000000080000AEE] -> 0x01F0
[704] [M]: 0x0000000080000AEC (0x01F0B423) sd t6, 0x8(ra)
mem[0x0000000080004218] <- 0x0000FE57FFABFF81

mem[X,0x0000000080000AF0] -> 0xBF37
mem[X,0x0000000080000AF2] -> 0x2000
[705] [M]: 0x0000000080000AF0 (0x2000BF37) lui t5, 0x2000b
x30 <- 0x000000002000B000

mem[X,0x0000000080000AF4] -> 0x0F13
mem[X,0x0000000080000AF6] -> 0xAAAF
[706] [M]: 0x0000000080000AF4 (0xAAAF0F13) addi t5, t5, -0x556
x30 <- 0x000000002000AAAA

mem[X,0x0000000080000AF8] -> 0x1F13
mem[X,0x0000000080000AFA] -> 0x00BF
[707] [M]: 0x0000000080000AF8 (0x00BF1F13) slli t5, t5, 0xb
x30 <- 0x0000010005555000

mem[X,0x0000000080000AFC] -> 0x0F13
mem[X,0x0000000080000AFE] -> 0x200F
[708] [M]: 0x0000000080000AFC (0x200F0F13) addi t5, t5, 0x200
x30 <- 0x0000010005555200

mem[X,0x0000000080000B00] -> 0x1F13
mem[X,0x0000000080000B02] -> 0x00BF
[709] [M]: 0x0000000080000B00 (0x00BF1F13) slli t5, t5, 0xb
x30 <- 0x0008002AAA900000

mem[X,0x0000000080000B04] -> 0x0F13
mem[X,0x0000000080000B06] -> 0x02FF
[710] [M]: 0x0000000080000B04 (0x02FF0F13) addi t5, t5, 0x2f
x30 <- 0x0008002AAA90002F

mem[X,0x0000000080000B08] -> 0x1F13
mem[X,0x0000000080000B0A] -> 0x00AF
[711] [M]: 0x0000000080000B08 (0x00AF1F13) slli t5, t5, 0xa
x30 <- 0x2000AAAA4000BC00

mem[X,0x0000000080000B0C] -> 0x0F13
mem[X,0x0000000080000B0E] -> 0x3FFF
[712] [M]: 0x0000000080000B0C (0x3FFF0F13) addi t5, t5, 0x3ff
x30 <- 0x2000AAAA4000BFFF

mem[X,0x0000000080000B10] -> 0xCEB7
mem[X,0x0000000080000B12] -> 0xFEFF
[713] [M]: 0x0000000080000B10 (0xFEFFCEB7) lui t4, -0x1004
x29 <- 0xFFFFFFFFFEFFC000

mem[X,0x0000000080000B14] -> 0x8E93
mem[X,0x0000000080000B16] -> 0x000E
[714] [M]: 0x0000000080000B14 (0x000E8E93) addi t4, t4, 0x0
x29 <- 0xFFFFFFFFFEFFC000

mem[X,0x0000000080000B18] -> 0x9E93
mem[X,0x0000000080000B1A] -> 0x00BE
[715] [M]: 0x0000000080000B18 (0x00BE9E93) slli t4, t4, 0xb
x29 <- 0xFFFFFFF7FE000000

mem[X,0x0000000080000B1C] -> 0x8E93
mem[X,0x0000000080000B1E] -> 0x000E
[716] [M]: 0x0000000080000B1C (0x000E8E93) addi t4, t4, 0x0
x29 <- 0xFFFFFFF7FE000000

mem[X,0x0000000080000B20] -> 0x9E93
mem[X,0x0000000080000B22] -> 0x00BE
[717] [M]: 0x0000000080000B20 (0x00BE9E93) slli t4, t4, 0xb
x29 <- 0xFFFFBFF000000000

mem[X,0x0000000080000B24] -> 0x8E93
mem[X,0x0000000080000B26] -> 0x180E
[718] [M]: 0x0000000080000B24 (0x180E8E93) addi t4, t4, 0x180
x29 <- 0xFFFFBFF000000180

mem[X,0x0000000080000B28] -> 0x9E93
mem[X,0x0000000080000B2A] -> 0x00AE
[719] [M]: 0x0000000080000B28 (0x00AE9E93) slli t4, t4, 0xa
x29 <- 0xFEFFC00000060000

mem[X,0x0000000080000B2C] -> 0x8E93
mem[X,0x0000000080000B2E] -> 0x002E
[720] [M]: 0x0000000080000B2C (0x002E8E93) addi t4, t4, 0x2
x29 <- 0xFEFFC00000060002

mem[X,0x0000000080000B30] -> 0x1FBB
mem[X,0x0000000080000B32] -> 0x91DF
[721] [M]: 0x0000000080000B30 (0x91DF1FBB) pmul.h.beo t6, t5, t4
x31 <- 0x0000158000000000

mem[X,0x0000000080000B34] -> 0xB823
mem[X,0x0000000080000B36] -> 0x01F0
[722] [M]: 0x0000000080000B34 (0x01F0B823) sd t6, 0x10(ra)
mem[0x0000000080004220] <- 0x0000158000000000

mem[X,0x0000000080000B38] -> 0x0F37
mem[X,0x0000000080000B3A] -> 0xFFFA
[723] [M]: 0x0000000080000B38 (0xFFFA0F37) lui t5, -0x60
x30 <- 0xFFFFFFFFFFFA0000

mem[X,0x0000000080000B3C] -> 0x0F13
mem[X,0x0000000080000B3E] -> 0x020F
[724] [M]: 0x0000000080000B3C (0x020F0F13) addi t5, t5, 0x20
x30 <- 0xFFFFFFFFFFFA0020

mem[X,0x0000000080000B40] -> 0x1F13
mem[X,0x0000000080000B42] -> 0x00BF
[725] [M]: 0x0000000080000B40 (0x00BF1F13) slli t5, t5, 0xb
x30 <- 0xFFFFFFFFD0010000

mem[X,0x0000000080000B44] -> 0x0F13
mem[X,0x0000000080000B46] -> 0x7EFF
[726] [M]: 0x0000000080000B44 (0x7EFF0F13) addi t5, t5, 0x7ef
x30 <- 0xFFFFFFFFD00107EF

mem[X,0x0000000080000B48] -> 0x1F13
mem[X,0x0000000080000B4A] -> 0x00BF
[727] [M]: 0x0000000080000B48 (0x00BF1F13) slli t5, t5, 0xb
x30 <- 0xFFFFFE80083F7800

mem[X,0x0000000080000B4C] -> 0x0F13
mem[X,0x0000000080000B4E] -> 0x7D5F
[728] [M]: 0x0000000080000B4C (0x7D5F0F13) addi t5, t5, 0x7d5
x30 <- 0xFFFFFE80083F7FD5

mem[X,0x0000000080000B50] -> 0x1F13
mem[X,0x0000000080000B52] -> 0x00AF
[729] [M]: 0x0000000080000B50 (0x00AF1F13) slli t5, t5, 0xa
x30 <- 0xFFFA0020FDFF5400

mem[X,0x0000000080000B54] -> 0x0F13
mem[X,0x0000000080000B56] -> 0x155F
[730] [M]: 0x0000000080000B54 (0x155F0F13) addi t5, t5, 0x155
x30 <- 0xFFFA0020FDFF5555

mem[X,0x0000000080000B58] -> 0xFEB7
mem[X,0x0000000080000B5A] -> 0x0001
[731] [M]: 0x0000000080000B58 (0x0001FEB7) lui t4, 0x1f
x29 <- 0x000000000001F000

mem[X,0x0000000080000B5C] -> 0x8E93
mem[X,0x0000000080000B5E] -> 0x7FFE
[732] [M]: 0x0000000080000B5C (0x7FFE8E93) addi t4, t4, 0x7ff
x29 <- 0x000000000001F7FF

mem[X,0x0000000080000B60] -> 0x9E93
mem[X,0x0000000080000B62] -> 0x00BE
[733] [M]: 0x0000000080000B60 (0x00BE9E93) slli t4, t4, 0xb
x29 <- 0x000000000FBFF800

mem[X,0x0000000080000B64] -> 0x8E93
mem[X,0x0000000080000B66] -> 0x000E
[734] [M]: 0x0000000080000B64 (0x000E8E93) addi t4, t4, 0x0
x29 <- 0x000000000FBFF800

mem[X,0x0000000080000B68] -> 0x9E93
mem[X,0x0000000080000B6A] -> 0x00BE
[735] [M]: 0x0000000080000B68 (0x00BE9E93) slli t4, t4, 0xb
x29 <- 0x0000007DFFC00000

mem[X,0x0000000080000B6C] -> 0x8E93
mem[X,0x0000000080000B6E] -> 0x240E
[736] [M]: 0x0000000080000B6C (0x240E8E93) addi t4, t4, 0x240
x29 <- 0x0000007DFFC00240

mem[X,0x0000000080000B70] -> 0x9E93
mem[X,0x0000000080000B72] -> 0x00AE
[737] [M]: 0x0000000080000B70 (0x00AE9E93) slli t4, t4, 0xa
x29 <- 0x0001F7FF00090000

mem[X,0x0000000080000B74] -> 0x8E93
mem[X,0x0000000080000B76] -> 0x020E
[738] [M]: 0x0000000080000B74 (0x020E8E93) addi t4, t4, 0x20
x29 <- 0x0001F7FF00090020

mem[X,0x0000000080000B78] -> 0x1FBB
mem[X,0x0000000080000B7A] -> 0x91DF
[739] [M]: 0x0000000080000B78 (0x91DF1FBB) pmul.h.beo t6, t5, t4
x31 <- 0x0000FEE000000000

mem[X,0x0000000080000B7C] -> 0xBC23
mem[X,0x0000000080000B7E] -> 0x01F0
[740] [M]: 0x0000000080000B7C (0x01F0BC23) sd t6, 0x18(ra)
mem[0x0000000080004228] <- 0x0000FEE000000000

mem[X,0x0000000080000B80] -> 0x0F37
mem[X,0x0000000080000B82] -> 0x8000
[741] [M]: 0x0000000080000B80 (0x80000F37) lui t5, -0x80000
x30 <- 0xFFFFFFFF80000000

mem[X,0x0000000080000B84] -> 0x0F13
mem[X,0x0000000080000B86] -> 0xFFAF
[742] [M]: 0x0000000080000B84 (0xFFAF0F13) addi t5, t5, -0x6
x30 <- 0xFFFFFFFF7FFFFFFA

mem[X,0x0000000080000B88] -> 0x1F13
mem[X,0x0000000080000B8A] -> 0x00BF
[743] [M]: 0x0000000080000B88 (0x00BF1F13) slli t5, t5, 0xb
x30 <- 0xFFFFFBFFFFFFD000

mem[X,0x0000000080000B8C] -> 0x0F13
mem[X,0x0000000080000B8E] -> 0x000F
[744] [M]: 0x0000000080000B8C (0x000F0F13) addi t5, t5, 0x0
x30 <- 0xFFFFFBFFFFFFD000

mem[X,0x0000000080000B90] -> 0x1F13
mem[X,0x0000000080000B92] -> 0x00BF
[745] [M]: 0x0000000080000B90 (0x00BF1F13) slli t5, t5, 0xb
x30 <- 0xFFDFFFFFFE800000

mem[X,0x0000000080000B94] -> 0x0F13
mem[X,0x0000000080000B96] -> 0x204F
[746] [M]: 0x0000000080000B94 (0x204F0F13) addi t5, t5, 0x204
x30 <- 0xFFDFFFFFFE800204

mem[X,0x0000000080000B98] -> 0x1F13
mem[X,0x0000000080000B9A] -> 0x00AF
[747] [M]: 0x0000000080000B98 (0x00AF1F13) slli t5, t5, 0xa
x30 <- 0x7FFFFFFA00081000

mem[X,0x0000000080000B9C] -> 0x1EB7
mem[X,0x0000000080000B9E] -> 0x7FFF
[748] [M]: 0x0000000080000B9C (0x7FFF1EB7) lui t4, 0x7fff1
x29 <- 0x000000007FFF1000

mem[X,0x0000000080000BA0] -> 0x8E93
mem[X,0x0000000080000BA2] -> 0x000E
[749] [M]: 0x0000000080000BA0 (0x000E8E93) addi t4, t4, 0x0
x29 <- 0x000000007FFF1000

mem[X,0x0000000080000BA4] -> 0x9E93
mem[X,0x0000000080000BA6] -> 0x00BE
[750] [M]: 0x0000000080000BA4 (0x00BE9E93) slli t4, t4, 0xb
x29 <- 0x000003FFF8800000

mem[X,0x0000000080000BA8] -> 0x8E93
mem[X,0x0000000080000BAA] -> 0x7BFE
[751] [M]: 0x0000000080000BA8 (0x7BFE8E93) addi t4, t4, 0x7bf
x29 <- 0x000003FFF88007BF

mem[X,0x0000000080000BAC] -> 0x9E93
mem[X,0x0000000080000BAE] -> 0x00BE
[752] [M]: 0x0000000080000BAC (0x00BE9E93) slli t4, t4, 0xb
x29 <- 0x001FFFC4003DF800

mem[X,0x0000000080000BB0] -> 0x8E93
mem[X,0x0000000080000BB2] -> 0x7E0E
[753] [M]: 0x0000000080000BB0 (0x7E0E8E93) addi t4, t4, 0x7e0
x29 <- 0x001FFFC4003DFFE0

mem[X,0x0000000080000BB4] -> 0x9E93
mem[X,0x0000000080000BB6] -> 0x00AE
[754] [M]: 0x0000000080000BB4 (0x00AE9E93) slli t4, t4, 0xa
x29 <- 0x7FFF1000F7FF8000

mem[X,0x0000000080000BB8] -> 0x1FBB
mem[X,0x0000000080000BBA] -> 0x91DF
[755] [M]: 0x0000000080000BB8 (0x91DF1FBB) pmul.h.beo t6, t5, t4
x31 <- 0xFF81FFA0FFB80000

mem[X,0x0000000080000BBC] -> 0xB023
mem[X,0x0000000080000BBE] -> 0x03F0
[756] [M]: 0x0000000080000BBC (0x03F0B023) sd t6, 0x20(ra)
mem[0x0000000080004230] <- 0xFF81FFA0FFB80000

mem[X,0x0000000080000BC0] -> 0x2F37
mem[X,0x0000000080000BC2] -> 0xFFFB
[757] [M]: 0x0000000080000BC0 (0xFFFB2F37) lui t5, -0x4e
x30 <- 0xFFFFFFFFFFFB2000

mem[X,0x0000000080000BC4] -> 0x0F13
mem[X,0x0000000080000BC6] -> 0x000F
[758] [M]: 0x0000000080000BC4 (0x000F0F13) addi t5, t5, 0x0
x30 <- 0xFFFFFFFFFFFB2000

mem[X,0x0000000080000BC8] -> 0x1F13
mem[X,0x0000000080000BCA] -> 0x00BF
[759] [M]: 0x0000000080000BC8 (0x00BF1F13) slli t5, t5, 0xb
x30 <- 0xFFFFFFFFD9000000

mem[X,0x0000000080000BCC] -> 0x0F13
mem[X,0x0000000080000BCE] -> 0x001F
[760] [M]: 0x0000000080000BCC (0x001F0F13) addi t5, t5, 0x1
x30 <- 0xFFFFFFFFD9000001

mem[X,0x0000000080000BD0] -> 0x1F13
mem[X,0x0000000080000BD2] -> 0x00BF
[761] [M]: 0x0000000080000BD0 (0x00BF1F13) slli t5, t5, 0xb
x30 <- 0xFFFFFEC800000800

mem[X,0x0000000080000BD4] -> 0x0F13
mem[X,0x0000000080000BD6] -> 0x01FF
[762] [M]: 0x0000000080000BD4 (0x01FF0F13) addi t5, t5, 0x1f
x30 <- 0xFFFFFEC80000081F

mem[X,0x0000000080000BD8] -> 0x1F13
mem[X,0x0000000080000BDA] -> 0x00AF
[763] [M]: 0x0000000080000BD8 (0x00AF1F13) slli t5, t5, 0xa
x30 <- 0xFFFB200000207C00

mem[X,0x0000000080000BDC] -> 0x0F13
mem[X,0x0000000080000BDE] -> 0x3FFF
[764] [M]: 0x0000000080000BDC (0x3FFF0F13) addi t5, t5, 0x3ff
x30 <- 0xFFFB200000207FFF

mem[X,0x0000000080000BE0] -> 0x0EB7
mem[X,0x0000000080000BE2] -> 0x0008
[765] [M]: 0x0000000080000BE0 (0x00080EB7) lui t4, 0x80
x29 <- 0x0000000000080000

mem[X,0x0000000080000BE4] -> 0x8E93
mem[X,0x0000000080000BE6] -> 0x200E
[766] [M]: 0x0000000080000BE4 (0x200E8E93) addi t4, t4, 0x200
x29 <- 0x0000000000080200

mem[X,0x0000000080000BE8] -> 0x9E93
mem[X,0x0000000080000BEA] -> 0x00BE
[767] [M]: 0x0000000080000BE8 (0x00BE9E93) slli t4, t4, 0xb
x29 <- 0x0000000040100000

mem[X,0x0000000080000BEC] -> 0x8E93
mem[X,0x0000000080000BEE] -> 0x008E
[768] [M]: 0x0000000080000BEC (0x008E8E93) addi t4, t4, 0x8
x29 <- 0x0000000040100008

mem[X,0x0000000080000BF0] -> 0x9E93
mem[X,0x0000000080000BF2] -> 0x00BE
[769] [M]: 0x0000000080000BF0 (0x00BE9E93) slli t4, t4, 0xb
x29 <- 0x0000020080004000

mem[X,0x0000000080000BF4] -> 0x8E93
mem[X,0x0000000080000BF6] -> 0x000E
[770] [M]: 0x0000000080000BF4 (0x000E8E93) addi t4, t4, 0x0
x29 <- 0x0000020080004000

mem[X,0x0000000080000BF8] -> 0x9E93
mem[X,0x0000000080000BFA] -> 0x00AE
[771] [M]: 0x0000000080000BF8 (0x00AE9E93) slli t4, t4, 0xa
x29 <- 0x0008020001000000

mem[X,0x0000000080000BFC] -> 0x8E93
mem[X,0x0000000080000BFE] -> 0x003E
[772] [M]: 0x0000000080000BFC (0x003E8E93) addi t4, t4, 0x3
x29 <- 0x0008020001000003

mem[X,0x0000000080000C00] -> 0x1FBB
mem[X,0x0000000080000C02] -> 0x91DF
[773] [M]: 0x0000000080000C00 (0x91DF1FBB) pmul.h.beo t6, t5, t4
x31 <- 0x0000000000200000

mem[X,0x0000000080000C04] -> 0xB423
mem[X,0x0000000080000C06] -> 0x03F0
[774] [M]: 0x0000000080000C04 (0x03F0B423) sd t6, 0x28(ra)
mem[0x0000000080004238] <- 0x0000000000200000

mem[X,0x0000000080000C08] -> 0x0F37
mem[X,0x0000000080000C0A] -> 0x8000
[775] [M]: 0x0000000080000C08 (0x80000F37) lui t5, -0x80000
x30 <- 0xFFFFFFFF80000000

mem[X,0x0000000080000C0C] -> 0x0F13
mem[X,0x0000000080000C0E] -> 0xFF7F
[776] [M]: 0x0000000080000C0C (0xFF7F0F13) addi t5, t5, -0x9
x30 <- 0xFFFFFFFF7FFFFFF7

mem[X,0x0000000080000C10] -> 0x1F13
mem[X,0x0000000080000C12] -> 0x00BF
[777] [M]: 0x0000000080000C10 (0x00BF1F13) slli t5, t5, 0xb
x30 <- 0xFFFFFBFFFFFFB800

mem[X,0x0000000080000C14] -> 0x0F13
mem[X,0x0000000080000C16] -> 0x3FFF
[778] [M]: 0x0000000080000C14 (0x3FFF0F13) addi t5, t5, 0x3ff
x30 <- 0xFFFFFBFFFFFFBBFF

mem[X,0x0000000080000C18] -> 0x1F13
mem[X,0x0000000080000C1A] -> 0x00BF
[779] [M]: 0x0000000080000C18 (0x00BF1F13) slli t5, t5, 0xb
x30 <- 0xFFDFFFFFFDDFF800

mem[X,0x0000000080000C1C] -> 0x0F13
mem[X,0x0000000080000C1E] -> 0x7C1F
[780] [M]: 0x0000000080000C1C (0x7C1F0F13) addi t5, t5, 0x7c1
x30 <- 0xFFDFFFFFFDDFFFC1

mem[X,0x0000000080000C20] -> 0x1F13
mem[X,0x0000000080000C22] -> 0x00AF
[781] [M]: 0x0000000080000C20 (0x00AF1F13) slli t5, t5, 0xa
x30 <- 0x7FFFFFF77FFF0400

mem[X,0x0000000080000C24] -> 0x0EB7
mem[X,0x0000000080000C26] -> 0x0011
[782] [M]: 0x0000000080000C24 (0x00110EB7) lui t4, 0x110
x29 <- 0x0000000000110000

mem[X,0x0000000080000C28] -> 0x8E93
mem[X,0x0000000080000C2A] -> 0xFF6E
[783] [M]: 0x0000000080000C28 (0xFF6E8E93) addi t4, t4, -0xa
x29 <- 0x000000000010FFF6

mem[X,0x0000000080000C2C] -> 0x9E93
mem[X,0x0000000080000C2E] -> 0x00BE
[784] [M]: 0x0000000080000C2C (0x00BE9E93) slli t4, t4, 0xb
x29 <- 0x0000000087FFB000

mem[X,0x0000000080000C30] -> 0x8E93
mem[X,0x0000000080000C32] -> 0x000E
[785] [M]: 0x0000000080000C30 (0x000E8E93) addi t4, t4, 0x0
x29 <- 0x0000000087FFB000

mem[X,0x0000000080000C34] -> 0x9E93
mem[X,0x0000000080000C36] -> 0x00BE
[786] [M]: 0x0000000080000C34 (0x00BE9E93) slli t4, t4, 0xb
x29 <- 0x0000043FFD800000

mem[X,0x0000000080000C38] -> 0x8E93
mem[X,0x0000000080000C3A] -> 0x17FE
[787] [M]: 0x0000000080000C38 (0x17FE8E93) addi t4, t4, 0x17f
x29 <- 0x0000043FFD80017F

mem[X,0x0000000080000C3C] -> 0x9E93
mem[X,0x0000000080000C3E] -> 0x00AE
[788] [M]: 0x0000000080000C3C (0x00AE9E93) slli t4, t4, 0xa
x29 <- 0x0010FFF60005FC00

mem[X,0x0000000080000C40] -> 0x8E93
mem[X,0x0000000080000C42] -> 0x3DFE
[789] [M]: 0x0000000080000C40 (0x3DFE8E93) addi t4, t4, 0x3df
x29 <- 0x0010FFF60005FFDF

mem[X,0x0000000080000C44] -> 0x1FBB
mem[X,0x0000000080000C46] -> 0x91DF
[790] [M]: 0x0000000080000C44 (0x91DF1FBB) pmul.h.beo t6, t5, t4
x31 <- 0x0000000900000000

mem[X,0x0000000080000C48] -> 0xB823
mem[X,0x0000000080000C4A] -> 0x03F0
[791] [M]: 0x0000000080000C48 (0x03F0B823) sd t6, 0x30(ra)
mem[0x0000000080004240] <- 0x0000000900000000

mem[X,0x0000000080000C4C] -> 0x0F37
mem[X,0x0000000080000C4E] -> 0xF7FF
[792] [M]: 0x0000000080000C4C (0xF7FF0F37) lui t5, -0x8010
x30 <- 0xFFFFFFFFF7FF0000

mem[X,0x0000000080000C50] -> 0x0F13
mem[X,0x0000000080000C52] -> 0x400F
[793] [M]: 0x0000000080000C50 (0x400F0F13) addi t5, t5, 0x400
x30 <- 0xFFFFFFFFF7FF0400

mem[X,0x0000000080000C54] -> 0x1F13
mem[X,0x0000000080000C56] -> 0x00BF
[794] [M]: 0x0000000080000C54 (0x00BF1F13) slli t5, t5, 0xb
x30 <- 0xFFFFFFBFF8200000

mem[X,0x0000000080000C58] -> 0x0F13
mem[X,0x0000000080000C5A] -> 0x7FDF
[795] [M]: 0x0000000080000C58 (0x7FDF0F13) addi t5, t5, 0x7fd
x30 <- 0xFFFFFFBFF82007FD

mem[X,0x0000000080000C5C] -> 0x1F13
mem[X,0x0000000080000C5E] -> 0x00BF
[796] [M]: 0x0000000080000C5C (0x00BF1F13) slli t5, t5, 0xb
x30 <- 0xFFFDFFC1003FE800

mem[X,0x0000000080000C60] -> 0x0F13
mem[X,0x0000000080000C62] -> 0x7FFF
[797] [M]: 0x0000000080000C60 (0x7FFF0F13) addi t5, t5, 0x7ff
x30 <- 0xFFFDFFC1003FEFFF

mem[X,0x0000000080000C64] -> 0x1F13
mem[X,0x0000000080000C66] -> 0x00AF
[798] [M]: 0x0000000080000C64 (0x00AF1F13) slli t5, t5, 0xa
x30 <- 0xF7FF0400FFBFFC00

mem[X,0x0000000080000C68] -> 0x0F13
mem[X,0x0000000080000C6A] -> 0x3FFF
[799] [M]: 0x0000000080000C68 (0x3FFF0F13) addi t5, t5, 0x3ff
x30 <- 0xF7FF0400FFBFFFFF

clint::tick mtime <- 0x0000000000000008
 clint timer pending at mtime 0x0000000000000008
htif::tick 0x0000000000000000
mem[X,0x0000000080000C6C] -> 0x0EB7
mem[X,0x0000000080000C6E] -> 0x0081
[800] [M]: 0x0000000080000C6C (0x00810EB7) lui t4, 0x810
x29 <- 0x0000000000810000

mem[X,0x0000000080000C70] -> 0x8E93
mem[X,0x0000000080000C72] -> 0xFF9E
[801] [M]: 0x0000000080000C70 (0xFF9E8E93) addi t4, t4, -0x7
x29 <- 0x000000000080FFF9

mem[X,0x0000000080000C74] -> 0x9E93
mem[X,0x0000000080000C76] -> 0x00BE
[802] [M]: 0x0000000080000C74 (0x00BE9E93) slli t4, t4, 0xb
x29 <- 0x0000000407FFC800

mem[X,0x0000000080000C78] -> 0x8E93
mem[X,0x0000000080000C7A] -> 0x7FFE
[803] [M]: 0x0000000080000C78 (0x7FFE8E93) addi t4, t4, 0x7ff
x29 <- 0x0000000407FFCFFF

mem[X,0x0000000080000C7C] -> 0x9E93
mem[X,0x0000000080000C7E] -> 0x00BE
[804] [M]: 0x0000000080000C7C (0x00BE9E93) slli t4, t4, 0xb
x29 <- 0x0000203FFE7FF800

mem[X,0x0000000080000C80] -> 0x8E93
mem[X,0x0000000080000C82] -> 0x5BFE
[805] [M]: 0x0000000080000C80 (0x5BFE8E93) addi t4, t4, 0x5bf
x29 <- 0x0000203FFE7FFDBF

mem[X,0x0000000080000C84] -> 0x9E93
mem[X,0x0000000080000C86] -> 0x00AE
[806] [M]: 0x0000000080000C84 (0x00AE9E93) slli t4, t4, 0xa
x29 <- 0x0080FFF9FFF6FC00

mem[X,0x0000000080000C88] -> 0x8E93
mem[X,0x0000000080000C8A] -> 0x3FFE
[807] [M]: 0x0000000080000C88 (0x3FFE8E93) addi t4, t4, 0x3ff
x29 <- 0x0080FFF9FFF6FFFF

mem[X,0x0000000080000C8C] -> 0x1FBB
mem[X,0x0000000080000C8E] -> 0x91DF
[808] [M]: 0x0000000080000C8C (0x91DF1FBB) pmul.h.beo t6, t5, t4
x31 <- 0x0000000000410001

mem[X,0x0000000080000C90] -> 0xBC23
mem[X,0x0000000080000C92] -> 0x03F0
[809] [M]: 0x0000000080000C90 (0x03F0BC23) sd t6, 0x38(ra)
mem[0x0000000080004248] <- 0x0000000000410001

mem[X,0x0000000080000C94] -> 0x0F37
mem[X,0x0000000080000C96] -> 0x0400
[810] [M]: 0x0000000080000C94 (0x04000F37) lui t5, 0x4000
x30 <- 0x0000000004000000

mem[X,0x0000000080000C98] -> 0x0F13
mem[X,0x0000000080000C9A] -> 0x002F
[811] [M]: 0x0000000080000C98 (0x002F0F13) addi t5, t5, 0x2
x30 <- 0x0000000004000002

mem[X,0x0000000080000C9C] -> 0x1F13
mem[X,0x0000000080000C9E] -> 0x00BF
[812] [M]: 0x0000000080000C9C (0x00BF1F13) slli t5, t5, 0xb
x30 <- 0x0000002000001000

mem[X,0x0000000080000CA0] -> 0x0F13
mem[X,0x0000000080000CA2] -> 0x000F
[813] [M]: 0x0000000080000CA0 (0x000F0F13) addi t5, t5, 0x0
x30 <- 0x0000002000001000

mem[X,0x0000000080000CA4] -> 0x1F13
mem[X,0x0000000080000CA6] -> 0x00BF
[814] [M]: 0x0000000080000CA4 (0x00BF1F13) slli t5, t5, 0xb
x30 <- 0x0001000000800000

mem[X,0x0000000080000CA8] -> 0x0F13
mem[X,0x0000000080000CAA] -> 0x13BF
[815] [M]: 0x0000000080000CA8 (0x13BF0F13) addi t5, t5, 0x13b
x30 <- 0x000100000080013B

mem[X,0x0000000080000CAC] -> 0x1F13
mem[X,0x0000000080000CAE] -> 0x00AF
[816] [M]: 0x0000000080000CAC (0x00AF1F13) slli t5, t5, 0xa
x30 <- 0x040000020004EC00

mem[X,0x0000000080000CB0] -> 0x0F13
mem[X,0x0000000080000CB2] -> 0x3FFF
[817] [M]: 0x0000000080000CB0 (0x3FFF0F13) addi t5, t5, 0x3ff
x30 <- 0x040000020004EFFF

mem[X,0x0000000080000CB4] -> 0xEEB7
mem[X,0x0000000080000CB6] -> 0x0200
[818] [M]: 0x0000000080000CB4 (0x0200EEB7) lui t4, 0x200e
x29 <- 0x000000000200E000

mem[X,0x0000000080000CB8] -> 0x8E93
mem[X,0x0000000080000CBA] -> 0xFFFE
[819] [M]: 0x0000000080000CB8 (0xFFFE8E93) addi t4, t4, -0x1
x29 <- 0x000000000200DFFF

mem[X,0x0000000080000CBC] -> 0x9E93
mem[X,0x0000000080000CBE] -> 0x00BE
[820] [M]: 0x0000000080000CBC (0x00BE9E93) slli t4, t4, 0xb
x29 <- 0x0000001006FFF800

mem[X,0x0000000080000CC0] -> 0x8E93
mem[X,0x0000000080000CC2] -> 0x7FFE
[821] [M]: 0x0000000080000CC0 (0x7FFE8E93) addi t4, t4, 0x7ff
x29 <- 0x0000001006FFFFFF

mem[X,0x0000000080000CC4] -> 0x9E93
mem[X,0x0000000080000CC6] -> 0x00BE
[822] [M]: 0x0000000080000CC4 (0x00BE9E93) slli t4, t4, 0xb
x29 <- 0x00008037FFFFF800

mem[X,0x0000000080000CC8] -> 0x8E93
mem[X,0x0000000080000CCA] -> 0x580E
[823] [M]: 0x0000000080000CC8 (0x580E8E93) addi t4, t4, 0x580
x29 <- 0x00008037FFFFFD80

mem[X,0x0000000080000CCC] -> 0x9E93
mem[X,0x0000000080000CCE] -> 0x00AE
[824] [M]: 0x0000000080000CCC (0x00AE9E93) slli t4, t4, 0xa
x29 <- 0x0200DFFFFFF60000

mem[X,0x0000000080000CD0] -> 0x8E93
mem[X,0x0000000080000CD2] -> 0x004E
[825] [M]: 0x0000000080000CD0 (0x004E8E93) addi t4, t4, 0x4
x29 <- 0x0200DFFFFFF60004

mem[X,0x0000000080000CD4] -> 0x1FBB
mem[X,0x0000000080000CD6] -> 0x91DF
[826] [M]: 0x0000000080000CD4 (0x91DF1FBB) pmul.h.beo t6, t5, t4
x31 <- 0x0000FFBEFFFC0000

mem[X,0x0000000080000CD8] -> 0xB023
mem[X,0x0000000080000CDA] -> 0x05F0
[827] [M]: 0x0000000080000CD8 (0x05F0B023) sd t6, 0x40(ra)
mem[0x0000000080004250] <- 0x0000FFBEFFFC0000

mem[X,0x0000000080000CDC] -> 0x0F37
mem[X,0x0000000080000CDE] -> 0xFFFF
[828] [M]: 0x0000000080000CDC (0xFFFF0F37) lui t5, -0x10
x30 <- 0xFFFFFFFFFFFF0000

mem[X,0x0000000080000CE0] -> 0x0F13
mem[X,0x0000000080000CE2] -> 0x007F
[829] [M]: 0x0000000080000CE0 (0x007F0F13) addi t5, t5, 0x7
x30 <- 0xFFFFFFFFFFFF0007

mem[X,0x0000000080000CE4] -> 0x1F13
mem[X,0x0000000080000CE6] -> 0x00BF
[830] [M]: 0x0000000080000CE4 (0x00BF1F13) slli t5, t5, 0xb
x30 <- 0xFFFFFFFFF8003800

mem[X,0x0000000080000CE8] -> 0x0F13
mem[X,0x0000000080000CEA] -> 0x000F
[831] [M]: 0x0000000080000CE8 (0x000F0F13) addi t5, t5, 0x0
x30 <- 0xFFFFFFFFF8003800

mem[X,0x0000000080000CEC] -> 0x1F13
mem[X,0x0000000080000CEE] -> 0x00BF
[832] [M]: 0x0000000080000CEC (0x00BF1F13) slli t5, t5, 0xb
x30 <- 0xFFFFFFC001C00000

mem[X,0x0000000080000CF0] -> 0x0F13
mem[X,0x0000000080000CF2] -> 0x244F
[833] [M]: 0x0000000080000CF0 (0x244F0F13) addi t5, t5, 0x244
x30 <- 0xFFFFFFC001C00244

mem[X,0x0000000080000CF4] -> 0x1F13
mem[X,0x0000000080000CF6] -> 0x00AF
[834] [M]: 0x0000000080000CF4 (0x00AF1F13) slli t5, t5, 0xa
x30 <- 0xFFFF000700091000

mem[X,0x0000000080000CF8] -> 0x8EB7
mem[X,0x0000000080000CFA] -> 0x0800
[835] [M]: 0x0000000080000CF8 (0x08008EB7) lui t4, 0x8008
x29 <- 0x0000000008008000

mem[X,0x0000000080000CFC] -> 0x8E93
mem[X,0x0000000080000CFE] -> 0xFFFE
[836] [M]: 0x0000000080000CFC (0xFFFE8E93) addi t4, t4, -0x1
x29 <- 0x0000000008007FFF

mem[X,0x0000000080000D00] -> 0x9E93
mem[X,0x0000000080000D02] -> 0x00BE
[837] [M]: 0x0000000080000D00 (0x00BE9E93) slli t4, t4, 0xb
x29 <- 0x0000004003FFF800

mem[X,0x0000000080000D04] -> 0x8E93
mem[X,0x0000000080000D06] -> 0x100E
[838] [M]: 0x0000000080000D04 (0x100E8E93) addi t4, t4, 0x100
x29 <- 0x0000004003FFF900

mem[X,0x0000000080000D08] -> 0x9E93
mem[X,0x0000000080000D0A] -> 0x00BE
[839] [M]: 0x0000000080000D08 (0x00BE9E93) slli t4, t4, 0xb
x29 <- 0x0002001FFFC80000

mem[X,0x0000000080000D0C] -> 0x8E93
mem[X,0x0000000080000D0E] -> 0x000E
[840] [M]: 0x0000000080000D0C (0x000E8E93) addi t4, t4, 0x0
x29 <- 0x0002001FFFC80000

mem[X,0x0000000080000D10] -> 0x9E93
mem[X,0x0000000080000D12] -> 0x00AE
[841] [M]: 0x0000000080000D10 (0x00AE9E93) slli t4, t4, 0xa
x29 <- 0x08007FFF20000000

mem[X,0x0000000080000D14] -> 0x8E93
mem[X,0x0000000080000D16] -> 0x200E
[842] [M]: 0x0000000080000D14 (0x200E8E93) addi t4, t4, 0x200
x29 <- 0x08007FFF20000200

mem[X,0x0000000080000D18] -> 0x1FBB
mem[X,0x0000000080000D1A] -> 0x91DF
[843] [M]: 0x0000000080000D18 (0x91DF1FBB) pmul.h.beo t6, t5, t4
x31 <- 0xFFF8037901200000

mem[X,0x0000000080000D1C] -> 0xB423
mem[X,0x0000000080000D1E] -> 0x05F0
[844] [M]: 0x0000000080000D1C (0x05F0B423) sd t6, 0x48(ra)
mem[0x0000000080004258] <- 0xFFF8037901200000

mem[X,0x0000000080000D20] -> 0x4F37
mem[X,0x0000000080000D22] -> 0xFFFB
[845] [M]: 0x0000000080000D20 (0xFFFB4F37) lui t5, -0x4c
x30 <- 0xFFFFFFFFFFFB4000

mem[X,0x0000000080000D24] -> 0x0F13
mem[X,0x0000000080000D26] -> 0x000F
[846] [M]: 0x0000000080000D24 (0x000F0F13) addi t5, t5, 0x0
x30 <- 0xFFFFFFFFFFFB4000

mem[X,0x0000000080000D28] -> 0x1F13
mem[X,0x0000000080000D2A] -> 0x00BF
[847] [M]: 0x0000000080000D28 (0x00BF1F13) slli t5, t5, 0xb
x30 <- 0xFFFFFFFFDA000000

mem[X,0x0000000080000D2C] -> 0x0F13
mem[X,0x0000000080000D2E] -> 0x000F
[848] [M]: 0x0000000080000D2C (0x000F0F13) addi t5, t5, 0x0
x30 <- 0xFFFFFFFFDA000000

mem[X,0x0000000080000D30] -> 0x1F13
mem[X,0x0000000080000D32] -> 0x00BF
[849] [M]: 0x0000000080000D30 (0x00BF1F13) slli t5, t5, 0xb
x30 <- 0xFFFFFED000000000

mem[X,0x0000000080000D34] -> 0x0F13
mem[X,0x0000000080000D36] -> 0x0FFF
[850] [M]: 0x0000000080000D34 (0x0FFF0F13) addi t5, t5, 0xff
x30 <- 0xFFFFFED0000000FF

mem[X,0x0000000080000D38] -> 0x1F13
mem[X,0x0000000080000D3A] -> 0x00AF
[851] [M]: 0x0000000080000D38 (0x00AF1F13) slli t5, t5, 0xa
x30 <- 0xFFFB40000003FC00

mem[X,0x0000000080000D3C] -> 0x0F13
mem[X,0x0000000080000D3E] -> 0x3FCF
[852] [M]: 0x0000000080000D3C (0x3FCF0F13) addi t5, t5, 0x3fc
x30 <- 0xFFFB40000003FFFC

mem[X,0x0000000080000D40] -> 0x8EB7
mem[X,0x0000000080000D42] -> 0x1000
[853] [M]: 0x0000000080000D40 (0x10008EB7) lui t4, 0x10008
x29 <- 0x0000000010008000

mem[X,0x0000000080000D44] -> 0x8E93
mem[X,0x0000000080000D46] -> 0x000E
[854] [M]: 0x0000000080000D44 (0x000E8E93) addi t4, t4, 0x0
x29 <- 0x0000000010008000

mem[X,0x0000000080000D48] -> 0x9E93
mem[X,0x0000000080000D4A] -> 0x00BE
[855] [M]: 0x0000000080000D48 (0x00BE9E93) slli t4, t4, 0xb
x29 <- 0x0000008004000000

mem[X,0x0000000080000D4C] -> 0x8E93
mem[X,0x0000000080000D4E] -> 0x000E
[856] [M]: 0x0000000080000D4C (0x000E8E93) addi t4, t4, 0x0
x29 <- 0x0000008004000000

mem[X,0x0000000080000D50] -> 0x9E93
mem[X,0x0000000080000D52] -> 0x00BE
[857] [M]: 0x0000000080000D50 (0x00BE9E93) slli t4, t4, 0xb
x29 <- 0x0004002000000000

mem[X,0x0000000080000D54] -> 0x8E93
mem[X,0x0000000080000D56] -> 0x27FE
[858] [M]: 0x0000000080000D54 (0x27FE8E93) addi t4, t4, 0x27f
x29 <- 0x000400200000027F

mem[X,0x0000000080000D58] -> 0x9E93
mem[X,0x0000000080000D5A] -> 0x00AE
[859] [M]: 0x0000000080000D58 (0x00AE9E93) slli t4, t4, 0xa
x29 <- 0x100080000009FC00

mem[X,0x0000000080000D5C] -> 0x8E93
mem[X,0x0000000080000D5E] -> 0x3EFE
[860] [M]: 0x0000000080000D5C (0x3EFE8E93) addi t4, t4, 0x3ef
x29 <- 0x100080000009FFEF

mem[X,0x0000000080000D60] -> 0x1FBB
mem[X,0x0000000080000D62] -> 0x91DF
[861] [M]: 0x0000000080000D60 (0x91DF1FBB) pmul.h.beo t6, t5, t4
x31 <- 0xFFB0000000000004

mem[X,0x0000000080000D64] -> 0xB823
mem[X,0x0000000080000D66] -> 0x05F0
[862] [M]: 0x0000000080000D64 (0x05F0B823) sd t6, 0x50(ra)
mem[0x0000000080004260] <- 0xFFB0000000000004

mem[X,0x0000000080000D68] -> 0x0F37
mem[X,0x0000000080000D6A] -> 0xFFFF
[863] [M]: 0x0000000080000D68 (0xFFFF0F37) lui t5, -0x10
x30 <- 0xFFFFFFFFFFFF0000

mem[X,0x0000000080000D6C] -> 0x0F13
mem[X,0x0000000080000D6E] -> 0x010F
[864] [M]: 0x0000000080000D6C (0x010F0F13) addi t5, t5, 0x10
x30 <- 0xFFFFFFFFFFFF0010

mem[X,0x0000000080000D70] -> 0x1F13
mem[X,0x0000000080000D72] -> 0x00BF
[865] [M]: 0x0000000080000D70 (0x00BF1F13) slli t5, t5, 0xb
x30 <- 0xFFFFFFFFF8008000

mem[X,0x0000000080000D74] -> 0x0F13
mem[X,0x0000000080000D76] -> 0x7FBF
[866] [M]: 0x0000000080000D74 (0x7FBF0F13) addi t5, t5, 0x7fb
x30 <- 0xFFFFFFFFF80087FB

mem[X,0x0000000080000D78] -> 0x1F13
mem[X,0x0000000080000D7A] -> 0x00BF
[867] [M]: 0x0000000080000D78 (0x00BF1F13) slli t5, t5, 0xb
x30 <- 0xFFFFFFC0043FD800

mem[X,0x0000000080000D7C] -> 0x0F13
mem[X,0x0000000080000D7E] -> 0x7C0F
[868] [M]: 0x0000000080000D7C (0x7C0F0F13) addi t5, t5, 0x7c0
x30 <- 0xFFFFFFC0043FDFC0

mem[X,0x0000000080000D80] -> 0x1F13
mem[X,0x0000000080000D82] -> 0x00AF
[869] [M]: 0x0000000080000D80 (0x00AF1F13) slli t5, t5, 0xa
x30 <- 0xFFFF0010FF7F0000

mem[X,0x0000000080000D84] -> 0x0F13
mem[X,0x0000000080000D86] -> 0x004F
[870] [M]: 0x0000000080000D84 (0x004F0F13) addi t5, t5, 0x4
x30 <- 0xFFFF0010FF7F0004

mem[X,0x0000000080000D88] -> 0x0EB7
mem[X,0x0000000080000D8A] -> 0x4001
[871] [M]: 0x0000000080000D88 (0x40010EB7) lui t4, 0x40010
x29 <- 0x0000000040010000

mem[X,0x0000000080000D8C] -> 0x8E93
mem[X,0x0000000080000D8E] -> 0xFFDE
[872] [M]: 0x0000000080000D8C (0xFFDE8E93) addi t4, t4, -0x3
x29 <- 0x000000004000FFFD

mem[X,0x0000000080000D90] -> 0x9E93
mem[X,0x0000000080000D92] -> 0x00BE
[873] [M]: 0x0000000080000D90 (0x00BE9E93) slli t4, t4, 0xb
x29 <- 0x0000020007FFE800

mem[X,0x0000000080000D94] -> 0x8E93
mem[X,0x0000000080000D96] -> 0x7DFE
[874] [M]: 0x0000000080000D94 (0x7DFE8E93) addi t4, t4, 0x7df
x29 <- 0x0000020007FFEFDF

mem[X,0x0000000080000D98] -> 0x9E93
mem[X,0x0000000080000D9A] -> 0x00BE
[875] [M]: 0x0000000080000D98 (0x00BE9E93) slli t4, t4, 0xb
x29 <- 0x0010003FFF7EF800

mem[X,0x0000000080000D9C] -> 0x8E93
mem[X,0x0000000080000D9E] -> 0x7C0E
[876] [M]: 0x0000000080000D9C (0x7C0E8E93) addi t4, t4, 0x7c0
x29 <- 0x0010003FFF7EFFC0

mem[X,0x0000000080000DA0] -> 0x9E93
mem[X,0x0000000080000DA2] -> 0x00AE
[877] [M]: 0x0000000080000DA0 (0x00AE9E93) slli t4, t4, 0xa
x29 <- 0x4000FFFDFBFF0000

mem[X,0x0000000080000DA4] -> 0x8E93
mem[X,0x0000000080000DA6] -> 0x001E
[878] [M]: 0x0000000080000DA4 (0x001E8E93) addi t4, t4, 0x1
x29 <- 0x4000FFFDFBFF0001

mem[X,0x0000000080000DA8] -> 0x1FBB
mem[X,0x0000000080000DAA] -> 0x91DF
[879] [M]: 0x0000000080000DA8 (0x91DF1FBB) pmul.h.beo t6, t5, t4
x31 <- 0xFFC0FFF0FD850000

mem[X,0x0000000080000DAC] -> 0xBC23
mem[X,0x0000000080000DAE] -> 0x05F0
[880] [M]: 0x0000000080000DAC (0x05F0BC23) sd t6, 0x58(ra)
mem[0x0000000080004268] <- 0xFFC0FFF0FD850000

mem[X,0x0000000080000DB0] -> 0x0F37
mem[X,0x0000000080000DB2] -> 0x4000
[881] [M]: 0x0000000080000DB0 (0x40000F37) lui t5, 0x40000
x30 <- 0x0000000040000000

mem[X,0x0000000080000DB4] -> 0x0F13
mem[X,0x0000000080000DB6] -> 0xFF8F
[882] [M]: 0x0000000080000DB4 (0xFF8F0F13) addi t5, t5, -0x8
x30 <- 0x000000003FFFFFF8

mem[X,0x0000000080000DB8] -> 0x1F13
mem[X,0x0000000080000DBA] -> 0x00BF
[883] [M]: 0x0000000080000DB8 (0x00BF1F13) slli t5, t5, 0xb
x30 <- 0x000001FFFFFFC000

mem[X,0x0000000080000DBC] -> 0x0F13
mem[X,0x0000000080000DBE] -> 0x000F
[884] [M]: 0x0000000080000DBC (0x000F0F13) addi t5, t5, 0x0
x30 <- 0x000001FFFFFFC000

mem[X,0x0000000080000DC0] -> 0x1F13
mem[X,0x0000000080000DC2] -> 0x00BF
[885] [M]: 0x0000000080000DC0 (0x00BF1F13) slli t5, t5, 0xb
x30 <- 0x000FFFFFFE000000

mem[X,0x0000000080000DC4] -> 0x0F13
mem[X,0x0000000080000DC6] -> 0x1FDF
[886] [M]: 0x0000000080000DC4 (0x1FDF0F13) addi t5, t5, 0x1fd
x30 <- 0x000FFFFFFE0001FD

mem[X,0x0000000080000DC8] -> 0x1F13
mem[X,0x0000000080000DCA] -> 0x00AF
[887] [M]: 0x0000000080000DC8 (0x00AF1F13) slli t5, t5, 0xa
x30 <- 0x3FFFFFF80007F400

mem[X,0x0000000080000DCC] -> 0x0F13
mem[X,0x0000000080000DCE] -> 0x3FFF
[888] [M]: 0x0000000080000DCC (0x3FFF0F13) addi t5, t5, 0x3ff
x30 <- 0x3FFFFFF80007F7FF

mem[X,0x0000000080000DD0] -> 0x0EB7
mem[X,0x0000000080000DD2] -> 0xFFFF
[889] [M]: 0x0000000080000DD0 (0xFFFF0EB7) lui t4, -0x10
x29 <- 0xFFFFFFFFFFFF0000

mem[X,0x0000000080000DD4] -> 0x8E93
mem[X,0x0000000080000DD6] -> 0xFF9E
[890] [M]: 0x0000000080000DD4 (0xFF9E8E93) addi t4, t4, -0x7
x29 <- 0xFFFFFFFFFFFEFFF9

mem[X,0x0000000080000DD8] -> 0x9E93
mem[X,0x0000000080000DDA] -> 0x00BE
[891] [M]: 0x0000000080000DD8 (0x00BE9E93) slli t4, t4, 0xb
x29 <- 0xFFFFFFFFF7FFC800

mem[X,0x0000000080000DDC] -> 0x8E93
mem[X,0x0000000080000DDE] -> 0x000E
[892] [M]: 0x0000000080000DDC (0x000E8E93) addi t4, t4, 0x0
x29 <- 0xFFFFFFFFF7FFC800

mem[X,0x0000000080000DE0] -> 0x9E93
mem[X,0x0000000080000DE2] -> 0x00BE
[893] [M]: 0x0000000080000DE0 (0x00BE9E93) slli t4, t4, 0xb
x29 <- 0xFFFFFFBFFE400000

mem[X,0x0000000080000DE4] -> 0x8E93
mem[X,0x0000000080000DE6] -> 0x07FE
[894] [M]: 0x0000000080000DE4 (0x07FE8E93) addi t4, t4, 0x7f
x29 <- 0xFFFFFFBFFE40007F

mem[X,0x0000000080000DE8] -> 0x9E93
mem[X,0x0000000080000DEA] -> 0x00AE
[895] [M]: 0x0000000080000DE8 (0x00AE9E93) slli t4, t4, 0xa
x29 <- 0xFFFEFFF90001FC00

mem[X,0x0000000080000DEC] -> 0x8E93
mem[X,0x0000000080000DEE] -> 0x37FE
[896] [M]: 0x0000000080000DEC (0x37FE8E93) addi t4, t4, 0x37f
x29 <- 0xFFFEFFF90001FF7F

mem[X,0x0000000080000DF0] -> 0x1FBB
mem[X,0x0000000080000DF2] -> 0x91DF
[897] [M]: 0x0000000080000DF0 (0x91DF1FBB) pmul.h.beo t6, t5, t4
x31 <- 0x0001000800000001

mem[X,0x0000000080000DF4] -> 0xB023
mem[X,0x0000000080000DF6] -> 0x07F0
[898] [M]: 0x0000000080000DF4 (0x07F0B023) sd t6, 0x60(ra)
mem[0x0000000080004270] <- 0x0001000800000001

mem[X,0x0000000080000DF8] -> 0x0F37
mem[X,0x0000000080000DFA] -> 0xFFFA
[899] [M]: 0x0000000080000DF8 (0xFFFA0F37) lui t5, -0x60
x30 <- 0xFFFFFFFFFFFA0000

clint::tick mtime <- 0x0000000000000009
 clint timer pending at mtime 0x0000000000000009
htif::tick 0x0000000000000000
mem[X,0x0000000080000DFC] -> 0x0F13
mem[X,0x0000000080000DFE] -> 0xFF6F
[900] [M]: 0x0000000080000DFC (0xFF6F0F13) addi t5, t5, -0xa
x30 <- 0xFFFFFFFFFFF9FFF6

mem[X,0x0000000080000E00] -> 0x1F13
mem[X,0x0000000080000E02] -> 0x00BF
[901] [M]: 0x0000000080000E00 (0x00BF1F13) slli t5, t5, 0xb
x30 <- 0xFFFFFFFFCFFFB000

mem[X,0x0000000080000E04] -> 0x0F13
mem[X,0x0000000080000E06] -> 0x000F
[902] [M]: 0x0000000080000E04 (0x000F0F13) addi t5, t5, 0x0
x30 <- 0xFFFFFFFFCFFFB000

mem[X,0x0000000080000E08] -> 0x1F13
mem[X,0x0000000080000E0A] -> 0x00BF
[903] [M]: 0x0000000080000E08 (0x00BF1F13) slli t5, t5, 0xb
x30 <- 0xFFFFFE7FFD800000

mem[X,0x0000000080000E0C] -> 0x0F13
mem[X,0x0000000080000E0E] -> 0x0BDF
[904] [M]: 0x0000000080000E0C (0x0BDF0F13) addi t5, t5, 0xbd
x30 <- 0xFFFFFE7FFD8000BD

mem[X,0x0000000080000E10] -> 0x1F13
mem[X,0x0000000080000E12] -> 0x00AF
[905] [M]: 0x0000000080000E10 (0x00AF1F13) slli t5, t5, 0xa
x30 <- 0xFFF9FFF60002F400

mem[X,0x0000000080000E14] -> 0x0F13
mem[X,0x0000000080000E16] -> 0x3FFF
[906] [M]: 0x0000000080000E14 (0x3FFF0F13) addi t5, t5, 0x3ff
x30 <- 0xFFF9FFF60002F7FF

mem[X,0x0000000080000E18] -> 0x0EB7
mem[X,0x0000000080000E1A] -> 0xFFFE
[907] [M]: 0x0000000080000E18 (0xFFFE0EB7) lui t4, -0x20
x29 <- 0xFFFFFFFFFFFE0000

mem[X,0x0000000080000E1C] -> 0x8E93
mem[X,0x0000000080000E1E] -> 0xFF7E
[908] [M]: 0x0000000080000E1C (0xFF7E8E93) addi t4, t4, -0x9
x29 <- 0xFFFFFFFFFFFDFFF7

mem[X,0x0000000080000E20] -> 0x9E93
mem[X,0x0000000080000E22] -> 0x00BE
[909] [M]: 0x0000000080000E20 (0x00BE9E93) slli t4, t4, 0xb
x29 <- 0xFFFFFFFFEFFFB800

mem[X,0x0000000080000E24] -> 0x8E93
mem[X,0x0000000080000E26] -> 0x000E
[910] [M]: 0x0000000080000E24 (0x000E8E93) addi t4, t4, 0x0
x29 <- 0xFFFFFFFFEFFFB800

mem[X,0x0000000080000E28] -> 0x9E93
mem[X,0x0000000080000E2A] -> 0x00BE
[911] [M]: 0x0000000080000E28 (0x00BE9E93) slli t4, t4, 0xb
x29 <- 0xFFFFFF7FFDC00000

mem[X,0x0000000080000E2C] -> 0x8E93
mem[X,0x0000000080000E2E] -> 0x240E
[912] [M]: 0x0000000080000E2C (0x240E8E93) addi t4, t4, 0x240
x29 <- 0xFFFFFF7FFDC00240

mem[X,0x0000000080000E30] -> 0x9E93
mem[X,0x0000000080000E32] -> 0x00AE
[913] [M]: 0x0000000080000E30 (0x00AE9E93) slli t4, t4, 0xa
x29 <- 0xFFFDFFF700090000

mem[X,0x0000000080000E34] -> 0x8E93
mem[X,0x0000000080000E36] -> 0x004E
[914] [M]: 0x0000000080000E34 (0x004E8E93) addi t4, t4, 0x4
x29 <- 0xFFFDFFF700090004

mem[X,0x0000000080000E38] -> 0x1FBB
mem[X,0x0000000080000E3A] -> 0x91DF
[915] [M]: 0x0000000080000E38 (0x91DF1FBB) pmul.h.beo t6, t5, t4
x31 <- 0x0007000A00000000

mem[X,0x0000000080000E3C] -> 0xB423
mem[X,0x0000000080000E3E] -> 0x07F0
[916] [M]: 0x0000000080000E3C (0x07F0B423) sd t6, 0x68(ra)
mem[0x0000000080004278] <- 0x0007000A00000000

mem[X,0x0000000080000E40] -> 0x0F37
mem[X,0x0000000080000E42] -> 0xFFFE
[917] [M]: 0x0000000080000E40 (0xFFFE0F37) lui t5, -0x20
x30 <- 0xFFFFFFFFFFFE0000

mem[X,0x0000000080000E44] -> 0x0F13
mem[X,0x0000000080000E46] -> 0x006F
[918] [M]: 0x0000000080000E44 (0x006F0F13) addi t5, t5, 0x6
x30 <- 0xFFFFFFFFFFFE0006

mem[X,0x0000000080000E48] -> 0x1F13
mem[X,0x0000000080000E4A] -> 0x00BF
[919] [M]: 0x0000000080000E48 (0x00BF1F13) slli t5, t5, 0xb
x30 <- 0xFFFFFFFFF0003000

mem[X,0x0000000080000E4C] -> 0x0F13
mem[X,0x0000000080000E4E] -> 0x002F
[920] [M]: 0x0000000080000E4C (0x002F0F13) addi t5, t5, 0x2
x30 <- 0xFFFFFFFFF0003002

mem[X,0x0000000080000E50] -> 0x1F13
mem[X,0x0000000080000E52] -> 0x00BF
[921] [M]: 0x0000000080000E50 (0x00BF1F13) slli t5, t5, 0xb
x30 <- 0xFFFFFF8001801000

mem[X,0x0000000080000E54] -> 0x0F13
mem[X,0x0000000080000E56] -> 0x020F
[922] [M]: 0x0000000080000E54 (0x020F0F13) addi t5, t5, 0x20
x30 <- 0xFFFFFF8001801020

mem[X,0x0000000080000E58] -> 0x1F13
mem[X,0x0000000080000E5A] -> 0x00AF
[923] [M]: 0x0000000080000E58 (0x00AF1F13) slli t5, t5, 0xa
x30 <- 0xFFFE000600408000

mem[X,0x0000000080000E5C] -> 0xBEB7
mem[X,0x0000000080000E5E] -> 0xFFFB
[924] [M]: 0x0000000080000E5C (0xFFFBBEB7) lui t4, -0x45
x29 <- 0xFFFFFFFFFFFBB000

mem[X,0x0000000080000E60] -> 0x8E93
mem[X,0x0000000080000E62] -> 0xAAAE
[925] [M]: 0x0000000080000E60 (0xAAAE8E93) addi t4, t4, -0x556
x29 <- 0xFFFFFFFFFFFBAAAA

mem[X,0x0000000080000E64] -> 0x9E93
mem[X,0x0000000080000E66] -> 0x00BE
[926] [M]: 0x0000000080000E64 (0x00BE9E93) slli t4, t4, 0xb
x29 <- 0xFFFFFFFFDD555000

mem[X,0x0000000080000E68] -> 0x8E93
mem[X,0x0000000080000E6A] -> 0x000E
[927] [M]: 0x0000000080000E68 (0x000E8E93) addi t4, t4, 0x0
x29 <- 0xFFFFFFFFDD555000

mem[X,0x0000000080000E6C] -> 0x9E93
mem[X,0x0000000080000E6E] -> 0x00BE
[928] [M]: 0x0000000080000E6C (0x00BE9E93) slli t4, t4, 0xb
x29 <- 0xFFFFFEEAAA800000

mem[X,0x0000000080000E70] -> 0x8E93
mem[X,0x0000000080000E72] -> 0x248E
[929] [M]: 0x0000000080000E70 (0x248E8E93) addi t4, t4, 0x248
x29 <- 0xFFFFFEEAAA800248

mem[X,0x0000000080000E74] -> 0x9E93
mem[X,0x0000000080000E76] -> 0x00AE
[930] [M]: 0x0000000080000E74 (0x00AE9E93) slli t4, t4, 0xa
x29 <- 0xFFFBAAAA00092000

mem[X,0x0000000080000E78] -> 0x1FBB
mem[X,0x0000000080000E7A] -> 0x91DF
[931] [M]: 0x0000000080000E78 (0x91DF1FBB) pmul.h.beo t6, t5, t4
x31 <- 0x0002FDFC00000000

mem[X,0x0000000080000E7C] -> 0xB823
mem[X,0x0000000080000E7E] -> 0x07F0
[932] [M]: 0x0000000080000E7C (0x07F0B823) sd t6, 0x70(ra)
mem[0x0000000080004280] <- 0x0002FDFC00000000

mem[X,0x0000000080000E80] -> 0x0F37
mem[X,0x0000000080000E82] -> 0xFFFF
[933] [M]: 0x0000000080000E80 (0xFFFF0F37) lui t5, -0x10
x30 <- 0xFFFFFFFFFFFF0000

mem[X,0x0000000080000E84] -> 0x0F13
mem[X,0x0000000080000E86] -> 0xFF6F
[934] [M]: 0x0000000080000E84 (0xFF6F0F13) addi t5, t5, -0xa
x30 <- 0xFFFFFFFFFFFEFFF6

mem[X,0x0000000080000E88] -> 0x1F13
mem[X,0x0000000080000E8A] -> 0x00BF
[935] [M]: 0x0000000080000E88 (0x00BF1F13) slli t5, t5, 0xb
x30 <- 0xFFFFFFFFF7FFB000

mem[X,0x0000000080000E8C] -> 0x0F13
mem[X,0x0000000080000E8E] -> 0x000F
[936] [M]: 0x0000000080000E8C (0x000F0F13) addi t5, t5, 0x0
x30 <- 0xFFFFFFFFF7FFB000

mem[X,0x0000000080000E90] -> 0x1F13
mem[X,0x0000000080000E92] -> 0x00BF
[937] [M]: 0x0000000080000E90 (0x00BF1F13) slli t5, t5, 0xb
x30 <- 0xFFFFFFBFFD800000

mem[X,0x0000000080000E94] -> 0x0F13
mem[X,0x0000000080000E96] -> 0x1BFF
[938] [M]: 0x0000000080000E94 (0x1BFF0F13) addi t5, t5, 0x1bf
x30 <- 0xFFFFFFBFFD8001BF

mem[X,0x0000000080000E98] -> 0x1F13
mem[X,0x0000000080000E9A] -> 0x00AF
[939] [M]: 0x0000000080000E98 (0x00AF1F13) slli t5, t5, 0xa
x30 <- 0xFFFEFFF60006FC00

mem[X,0x0000000080000E9C] -> 0x0F13
mem[X,0x0000000080000E9E] -> 0x3F7F
[940] [M]: 0x0000000080000E9C (0x3F7F0F13) addi t5, t5, 0x3f7
x30 <- 0xFFFEFFF60006FFF7

mem[X,0x0000000080000EA0] -> 0x0EB7
mem[X,0x0000000080000EA2] -> 0xFFF7
[941] [M]: 0x0000000080000EA0 (0xFFF70EB7) lui t4, -0x90
x29 <- 0xFFFFFFFFFFF70000

mem[X,0x0000000080000EA4] -> 0x8E93
mem[X,0x0000000080000EA6] -> 0x008E
[942] [M]: 0x0000000080000EA4 (0x008E8E93) addi t4, t4, 0x8
x29 <- 0xFFFFFFFFFFF70008

mem[X,0x0000000080000EA8] -> 0x9E93
mem[X,0x0000000080000EAA] -> 0x00BE
[943] [M]: 0x0000000080000EA8 (0x00BE9E93) slli t4, t4, 0xb
x29 <- 0xFFFFFFFFB8004000

mem[X,0x0000000080000EAC] -> 0x8E93
mem[X,0x0000000080000EAE] -> 0x7FFE
[944] [M]: 0x0000000080000EAC (0x7FFE8E93) addi t4, t4, 0x7ff
x29 <- 0xFFFFFFFFB80047FF

mem[X,0x0000000080000EB0] -> 0x9E93
mem[X,0x0000000080000EB2] -> 0x00BE
[945] [M]: 0x0000000080000EB0 (0x00BE9E93) slli t4, t4, 0xb
x29 <- 0xFFFFFDC0023FF800

mem[X,0x0000000080000EB4] -> 0x8E93
mem[X,0x0000000080000EB6] -> 0x737E
[946] [M]: 0x0000000080000EB4 (0x737E8E93) addi t4, t4, 0x737
x29 <- 0xFFFFFDC0023FFF37

mem[X,0x0000000080000EB8] -> 0x9E93
mem[X,0x0000000080000EBA] -> 0x00AE
[947] [M]: 0x0000000080000EB8 (0x00AE9E93) slli t4, t4, 0xa
x29 <- 0xFFF70008FFFCDC00

mem[X,0x0000000080000EBC] -> 0x8E93
mem[X,0x0000000080000EBE] -> 0x3FFE
[948] [M]: 0x0000000080000EBC (0x3FFE8E93) addi t4, t4, 0x3ff
x29 <- 0xFFF70008FFFCDFFF

mem[X,0x0000000080000EC0] -> 0x1FBB
mem[X,0x0000000080000EC2] -> 0x91DF
[949] [M]: 0x0000000080000EC0 (0x91DF1FBB) pmul.h.beo t6, t5, t4
x31 <- 0x00020000FFFA0129

mem[X,0x0000000080000EC4] -> 0xBC23
mem[X,0x0000000080000EC6] -> 0x07F0
[950] [M]: 0x0000000080000EC4 (0x07F0BC23) sd t6, 0x78(ra)
mem[0x0000000080004288] <- 0x00020000FFFA0129

mem[X,0x0000000080000EC8] -> 0x0F37
mem[X,0x0000000080000ECA] -> 0x0401
[951] [M]: 0x0000000080000EC8 (0x04010F37) lui t5, 0x4010
x30 <- 0x0000000004010000

mem[X,0x0000000080000ECC] -> 0x0F13
mem[X,0x0000000080000ECE] -> 0xFFEF
[952] [M]: 0x0000000080000ECC (0xFFEF0F13) addi t5, t5, -0x2
x30 <- 0x000000000400FFFE

mem[X,0x0000000080000ED0] -> 0x1F13
mem[X,0x0000000080000ED2] -> 0x00BF
[953] [M]: 0x0000000080000ED0 (0x00BF1F13) slli t5, t5, 0xb
x30 <- 0x0000002007FFF000

mem[X,0x0000000080000ED4] -> 0x0F13
mem[X,0x0000000080000ED6] -> 0x020F
[954] [M]: 0x0000000080000ED4 (0x020F0F13) addi t5, t5, 0x20
x30 <- 0x0000002007FFF020

mem[X,0x0000000080000ED8] -> 0x1F13
mem[X,0x0000000080000EDA] -> 0x00BF
[955] [M]: 0x0000000080000ED8 (0x00BF1F13) slli t5, t5, 0xb
x30 <- 0x0001003FFF810000

mem[X,0x0000000080000EDC] -> 0x0F13
mem[X,0x0000000080000EDE] -> 0x000F
[956] [M]: 0x0000000080000EDC (0x000F0F13) addi t5, t5, 0x0
x30 <- 0x0001003FFF810000

mem[X,0x0000000080000EE0] -> 0x1F13
mem[X,0x0000000080000EE2] -> 0x00AF
[957] [M]: 0x0000000080000EE0 (0x00AF1F13) slli t5, t5, 0xa
x30 <- 0x0400FFFE04000000

mem[X,0x0000000080000EE4] -> 0x0F13
mem[X,0x0000000080000EE6] -> 0x004F
[958] [M]: 0x0000000080000EE4 (0x004F0F13) addi t5, t5, 0x4
x30 <- 0x0400FFFE04000004

mem[X,0x0000000080000EE8] -> 0x0EB7
mem[X,0x0000000080000EEA] -> 0xFFEF
[959] [M]: 0x0000000080000EE8 (0xFFEF0EB7) lui t4, -0x110
x29 <- 0xFFFFFFFFFFEF0000

mem[X,0x0000000080000EEC] -> 0x8E93
mem[X,0x0000000080000EEE] -> 0x400E
[960] [M]: 0x0000000080000EEC (0x400E8E93) addi t4, t4, 0x400
x29 <- 0xFFFFFFFFFFEF0400

mem[X,0x0000000080000EF0] -> 0x9E93
mem[X,0x0000000080000EF2] -> 0x00BE
[961] [M]: 0x0000000080000EF0 (0x00BE9E93) slli t4, t4, 0xb
x29 <- 0xFFFFFFFF78200000

mem[X,0x0000000080000EF4] -> 0x8E93
mem[X,0x0000000080000EF6] -> 0x5FFE
[962] [M]: 0x0000000080000EF4 (0x5FFE8E93) addi t4, t4, 0x5ff
x29 <- 0xFFFFFFFF782005FF

mem[X,0x0000000080000EF8] -> 0x9E93
mem[X,0x0000000080000EFA] -> 0x00BE
[963] [M]: 0x0000000080000EF8 (0x00BE9E93) slli t4, t4, 0xb
x29 <- 0xFFFFFBC1002FF800

mem[X,0x0000000080000EFC] -> 0x8E93
mem[X,0x0000000080000EFE] -> 0x7EFE
[964] [M]: 0x0000000080000EFC (0x7EFE8E93) addi t4, t4, 0x7ef
x29 <- 0xFFFFFBC1002FFFEF

mem[X,0x0000000080000F00] -> 0x9E93
mem[X,0x0000000080000F02] -> 0x00AE
[965] [M]: 0x0000000080000F00 (0x00AE9E93) slli t4, t4, 0xa
x29 <- 0xFFEF0400BFFFBC00

mem[X,0x0000000080000F04] -> 0x8E93
mem[X,0x0000000080000F06] -> 0x3FFE
[966] [M]: 0x0000000080000F04 (0x3FFE8E93) addi t4, t4, 0x3ff
x29 <- 0xFFEF0400BFFFBFFF

mem[X,0x0000000080000F08] -> 0x1FBB
mem[X,0x0000000080000F0A] -> 0x91DF
[967] [M]: 0x0000000080000F08 (0x91DF1FBB) pmul.h.beo t6, t5, t4
x31 <- 0x0000FFF80000FEFC

mem[X,0x0000000080000F0C] -> 0xB023
mem[X,0x0000000080000F0E] -> 0x09F0
[968] [M]: 0x0000000080000F0C (0x09F0B023) sd t6, 0x80(ra)
mem[0x0000000080004290] <- 0x0000FFF80000FEFC

mem[X,0x0000000080000F10] -> 0x0F37
mem[X,0x0000000080000F12] -> 0xDFFF
[969] [M]: 0x0000000080000F10 (0xDFFF0F37) lui t5, -0x20010
x30 <- 0xFFFFFFFFDFFF0000

mem[X,0x0000000080000F14] -> 0x0F13
mem[X,0x0000000080000F16] -> 0x040F
[970] [M]: 0x0000000080000F14 (0x040F0F13) addi t5, t5, 0x40
x30 <- 0xFFFFFFFFDFFF0040

mem[X,0x0000000080000F18] -> 0x1F13
mem[X,0x0000000080000F1A] -> 0x00BF
[971] [M]: 0x0000000080000F18 (0x00BF1F13) slli t5, t5, 0xb
x30 <- 0xFFFFFEFFF8020000

mem[X,0x0000000080000F1C] -> 0x0F13
mem[X,0x0000000080000F1E] -> 0x010F
[972] [M]: 0x0000000080000F1C (0x010F0F13) addi t5, t5, 0x10
x30 <- 0xFFFFFEFFF8020010

mem[X,0x0000000080000F20] -> 0x1F13
mem[X,0x0000000080000F22] -> 0x00BF
[973] [M]: 0x0000000080000F20 (0x00BF1F13) slli t5, t5, 0xb
x30 <- 0xFFF7FFC010008000

mem[X,0x0000000080000F24] -> 0x0F13
mem[X,0x0000000080000F26] -> 0x02AF
[974] [M]: 0x0000000080000F24 (0x02AF0F13) addi t5, t5, 0x2a
x30 <- 0xFFF7FFC01000802A

mem[X,0x0000000080000F28] -> 0x1F13
mem[X,0x0000000080000F2A] -> 0x00AF
[975] [M]: 0x0000000080000F28 (0x00AF1F13) slli t5, t5, 0xa
x30 <- 0xDFFF00400200A800

mem[X,0x0000000080000F2C] -> 0x0F13
mem[X,0x0000000080000F2E] -> 0x2AAF
[976] [M]: 0x0000000080000F2C (0x2AAF0F13) addi t5, t5, 0x2aa
x30 <- 0xDFFF00400200AAAA

mem[X,0x0000000080000F30] -> 0x0EB7
mem[X,0x0000000080000F32] -> 0x0009
[977] [M]: 0x0000000080000F30 (0x00090EB7) lui t4, 0x90
x29 <- 0x0000000000090000

mem[X,0x0000000080000F34] -> 0x8E93
mem[X,0x0000000080000F36] -> 0xFEFE
[978] [M]: 0x0000000080000F34 (0xFEFE8E93) addi t4, t4, -0x11
x29 <- 0x000000000008FFEF

mem[X,0x0000000080000F38] -> 0x9E93
mem[X,0x0000000080000F3A] -> 0x00BE
[979] [M]: 0x0000000080000F38 (0x00BE9E93) slli t4, t4, 0xb
x29 <- 0x0000000047FF7800

mem[X,0x0000000080000F3C] -> 0x8E93
mem[X,0x0000000080000F3E] -> 0x004E
[980] [M]: 0x0000000080000F3C (0x004E8E93) addi t4, t4, 0x4
x29 <- 0x0000000047FF7804

mem[X,0x0000000080000F40] -> 0x9E93
mem[X,0x0000000080000F42] -> 0x00BE
[981] [M]: 0x0000000080000F40 (0x00BE9E93) slli t4, t4, 0xb
x29 <- 0x0000023FFBC02000

mem[X,0x0000000080000F44] -> 0x8E93
mem[X,0x0000000080000F46] -> 0x03FE
[982] [M]: 0x0000000080000F44 (0x03FE8E93) addi t4, t4, 0x3f
x29 <- 0x0000023FFBC0203F

mem[X,0x0000000080000F48] -> 0x9E93
mem[X,0x0000000080000F4A] -> 0x00AE
[983] [M]: 0x0000000080000F48 (0x00AE9E93) slli t4, t4, 0xa
x29 <- 0x0008FFEF0080FC00

mem[X,0x0000000080000F4C] -> 0x8E93
mem[X,0x0000000080000F4E] -> 0x2FFE
[984] [M]: 0x0000000080000F4C (0x2FFE8E93) addi t4, t4, 0x2ff
x29 <- 0x0008FFEF0080FEFF

mem[X,0x0000000080000F50] -> 0x1FBB
mem[X,0x0000000080000F52] -> 0x91DF
[985] [M]: 0x0000000080000F50 (0x91DF1FBB) pmul.h.beo t6, t5, t4
x31 <- 0x0000FFC0000000AC

mem[X,0x0000000080000F54] -> 0xB423
mem[X,0x0000000080000F56] -> 0x09F0
[986] [M]: 0x0000000080000F54 (0x09F0B423) sd t6, 0x88(ra)
mem[0x0000000080004298] <- 0x0000FFC0000000AC

mem[X,0x0000000080000F58] -> 0x0F37
mem[X,0x0000000080000F5A] -> 0x0100
[987] [M]: 0x0000000080000F58 (0x01000F37) lui t5, 0x1000
x30 <- 0x0000000001000000

mem[X,0x0000000080000F5C] -> 0x0F13
mem[X,0x0000000080000F5E] -> 0x400F
[988] [M]: 0x0000000080000F5C (0x400F0F13) addi t5, t5, 0x400
x30 <- 0x0000000001000400

mem[X,0x0000000080000F60] -> 0x1F13
mem[X,0x0000000080000F62] -> 0x00BF
[989] [M]: 0x0000000080000F60 (0x00BF1F13) slli t5, t5, 0xb
x30 <- 0x0000000800200000

mem[X,0x0000000080000F64] -> 0x0F13
mem[X,0x0000000080000F66] -> 0x000F
[990] [M]: 0x0000000080000F64 (0x000F0F13) addi t5, t5, 0x0
x30 <- 0x0000000800200000

mem[X,0x0000000080000F68] -> 0x1F13
mem[X,0x0000000080000F6A] -> 0x00BF
[991] [M]: 0x0000000080000F68 (0x00BF1F13) slli t5, t5, 0xb
x30 <- 0x0000400100000000

mem[X,0x0000000080000F6C] -> 0x0F13
mem[X,0x0000000080000F6E] -> 0x010F
[992] [M]: 0x0000000080000F6C (0x010F0F13) addi t5, t5, 0x10
x30 <- 0x0000400100000010

mem[X,0x0000000080000F70] -> 0x1F13
mem[X,0x0000000080000F72] -> 0x00AF
[993] [M]: 0x0000000080000F70 (0x00AF1F13) slli t5, t5, 0xa
x30 <- 0x0100040000004000

mem[X,0x0000000080000F74] -> 0x0EB7
mem[X,0x0000000080000F76] -> 0xC001
[994] [M]: 0x0000000080000F74 (0xC0010EB7) lui t4, -0x3fff0
x29 <- 0xFFFFFFFFC0010000

mem[X,0x0000000080000F78] -> 0x8E93
mem[X,0x0000000080000F7A] -> 0xFFFE
[995] [M]: 0x0000000080000F78 (0xFFFE8E93) addi t4, t4, -0x1
x29 <- 0xFFFFFFFFC000FFFF

mem[X,0x0000000080000F7C] -> 0x9E93
mem[X,0x0000000080000F7E] -> 0x00BE
[996] [M]: 0x0000000080000F7C (0x00BE9E93) slli t4, t4, 0xb
x29 <- 0xFFFFFE0007FFF800

mem[X,0x0000000080000F80] -> 0x8E93
mem[X,0x0000000080000F82] -> 0x004E
[997] [M]: 0x0000000080000F80 (0x004E8E93) addi t4, t4, 0x4
x29 <- 0xFFFFFE0007FFF804

mem[X,0x0000000080000F84] -> 0x9E93
mem[X,0x0000000080000F86] -> 0x00BE
[998] [M]: 0x0000000080000F84 (0x00BE9E93) slli t4, t4, 0xb
x29 <- 0xFFF0003FFFC02000

mem[X,0x0000000080000F88] -> 0x8E93
mem[X,0x0000000080000F8A] -> 0x000E
[999] [M]: 0x0000000080000F88 (0x000E8E93) addi t4, t4, 0x0
x29 <- 0xFFF0003FFFC02000

clint::tick mtime <- 0x000000000000000A
 clint timer pending at mtime 0x000000000000000A
htif::tick 0x0000000000000000
mem[X,0x0000000080000F8C] -> 0x9E93
mem[X,0x0000000080000F8E] -> 0x00AE
[1000] [M]: 0x0000000080000F8C (0x00AE9E93) slli t4, t4, 0xa
x29 <- 0xC000FFFF00800000

mem[X,0x0000000080000F90] -> 0x8E93
mem[X,0x0000000080000F92] -> 0x020E
[1001] [M]: 0x0000000080000F90 (0x020E8E93) addi t4, t4, 0x20
x29 <- 0xC000FFFF00800020

mem[X,0x0000000080000F94] -> 0x1FBB
mem[X,0x0000000080000F96] -> 0x91DF
[1002] [M]: 0x0000000080000F94 (0x91DF1FBB) pmul.h.beo t6, t5, t4
x31 <- 0x0000000000000000

mem[X,0x0000000080000F98] -> 0xB823
mem[X,0x0000000080000F9A] -> 0x09F0
[1003] [M]: 0x0000000080000F98 (0x09F0B823) sd t6, 0x90(ra)
mem[0x00000000800042A0] <- 0x0000000000000000

mem[X,0x0000000080000F9C] -> 0x0F37
mem[X,0x0000000080000F9E] -> 0x0003
[1004] [M]: 0x0000000080000F9C (0x00030F37) lui t5, 0x30
x30 <- 0x0000000000030000

mem[X,0x0000000080000FA0] -> 0x0F13
mem[X,0x0000000080000FA2] -> 0xEFFF
[1005] [M]: 0x0000000080000FA0 (0xEFFF0F13) addi t5, t5, -0x101
x30 <- 0x000000000002FEFF

mem[X,0x0000000080000FA4] -> 0x1F13
mem[X,0x0000000080000FA6] -> 0x00BF
[1006] [M]: 0x0000000080000FA4 (0x00BF1F13) slli t5, t5, 0xb
x30 <- 0x0000000017F7F800

mem[X,0x0000000080000FA8] -> 0x0F13
mem[X,0x0000000080000FAA] -> 0x004F
[1007] [M]: 0x0000000080000FA8 (0x004F0F13) addi t5, t5, 0x4
x30 <- 0x0000000017F7F804

mem[X,0x0000000080000FAC] -> 0x1F13
mem[X,0x0000000080000FAE] -> 0x00BF
[1008] [M]: 0x0000000080000FAC (0x00BF1F13) slli t5, t5, 0xb
x30 <- 0x000000BFBFC02000

mem[X,0x0000000080000FB0] -> 0x0F13
mem[X,0x0000000080000FB2] -> 0x000F
[1009] [M]: 0x0000000080000FB0 (0x000F0F13) addi t5, t5, 0x0
x30 <- 0x000000BFBFC02000

mem[X,0x0000000080000FB4] -> 0x1F13
mem[X,0x0000000080000FB6] -> 0x00AF
[1010] [M]: 0x0000000080000FB4 (0x00AF1F13) slli t5, t5, 0xa
x30 <- 0x0002FEFF00800000

mem[X,0x0000000080000FB8] -> 0x0F13
mem[X,0x0000000080000FBA] -> 0x005F
[1011] [M]: 0x0000000080000FB8 (0x005F0F13) addi t5, t5, 0x5
x30 <- 0x0002FEFF00800005

mem[X,0x0000000080000FBC] -> 0x8EB7
mem[X,0x0000000080000FBE] -> 0xFFFC
[1012] [M]: 0x0000000080000FBC (0xFFFC8EB7) lui t4, -0x38
x29 <- 0xFFFFFFFFFFFC8000

mem[X,0x0000000080000FC0] -> 0x8E93
mem[X,0x0000000080000FC2] -> 0x000E
[1013] [M]: 0x0000000080000FC0 (0x000E8E93) addi t4, t4, 0x0
x29 <- 0xFFFFFFFFFFFC8000

mem[X,0x0000000080000FC4] -> 0x9E93
mem[X,0x0000000080000FC6] -> 0x00BE
[1014] [M]: 0x0000000080000FC4 (0x00BE9E93) slli t4, t4, 0xb
x29 <- 0xFFFFFFFFE4000000

mem[X,0x0000000080000FC8] -> 0x8E93
mem[X,0x0000000080000FCA] -> 0x7FFE
[1015] [M]: 0x0000000080000FC8 (0x7FFE8E93) addi t4, t4, 0x7ff
x29 <- 0xFFFFFFFFE40007FF

mem[X,0x0000000080000FCC] -> 0x9E93
mem[X,0x0000000080000FCE] -> 0x00BE
[1016] [M]: 0x0000000080000FCC (0x00BE9E93) slli t4, t4, 0xb
x29 <- 0xFFFFFF20003FF800

mem[X,0x0000000080000FD0] -> 0x8E93
mem[X,0x0000000080000FD2] -> 0x780E
[1017] [M]: 0x0000000080000FD0 (0x780E8E93) addi t4, t4, 0x780
x29 <- 0xFFFFFF20003FFF80

mem[X,0x0000000080000FD4] -> 0x9E93
mem[X,0x0000000080000FD6] -> 0x00AE
[1018] [M]: 0x0000000080000FD4 (0x00AE9E93) slli t4, t4, 0xa
x29 <- 0xFFFC8000FFFE0000

mem[X,0x0000000080000FD8] -> 0x8E93
mem[X,0x0000000080000FDA] -> 0x007E
[1019] [M]: 0x0000000080000FD8 (0x007E8E93) addi t4, t4, 0x7
x29 <- 0xFFFC8000FFFE0007

mem[X,0x0000000080000FDC] -> 0x1FBB
mem[X,0x0000000080000FDE] -> 0x91DF
[1020] [M]: 0x0000000080000FDC (0x91DF1FBB) pmul.h.beo t6, t5, t4
x31 <- 0xFFFE008000800000

mem[X,0x0000000080000FE0] -> 0xBC23
mem[X,0x0000000080000FE2] -> 0x09F0
[1021] [M]: 0x0000000080000FE0 (0x09F0BC23) sd t6, 0x98(ra)
mem[0x00000000800042A8] <- 0xFFFE008000800000

mem[X,0x0000000080000FE4] -> 0xFF37
mem[X,0x0000000080000FE6] -> 0xFFFE
[1022] [M]: 0x0000000080000FE4 (0xFFFEFF37) lui t5, -0x11
x30 <- 0xFFFFFFFFFFFEF000

mem[X,0x0000000080000FE8] -> 0x0F13
mem[X,0x0000000080000FEA] -> 0x7FFF
[1023] [M]: 0x0000000080000FE8 (0x7FFF0F13) addi t5, t5, 0x7ff
x30 <- 0xFFFFFFFFFFFEF7FF

mem[X,0x0000000080000FEC] -> 0x1F13
mem[X,0x0000000080000FEE] -> 0x00BF
[1024] [M]: 0x0000000080000FEC (0x00BF1F13) slli t5, t5, 0xb
x30 <- 0xFFFFFFFFF7BFF800

mem[X,0x0000000080000FF0] -> 0x0F13
mem[X,0x0000000080000FF2] -> 0x000F
[1025] [M]: 0x0000000080000FF0 (0x000F0F13) addi t5, t5, 0x0
x30 <- 0xFFFFFFFFF7BFF800

mem[X,0x0000000080000FF4] -> 0x1F13
mem[X,0x0000000080000FF6] -> 0x00BF
[1026] [M]: 0x0000000080000FF4 (0x00BF1F13) slli t5, t5, 0xb
x30 <- 0xFFFFFFBDFFC00000

mem[X,0x0000000080000FF8] -> 0x0F13
mem[X,0x0000000080000FFA] -> 0x15FF
[1027] [M]: 0x0000000080000FF8 (0x15FF0F13) addi t5, t5, 0x15f
x30 <- 0xFFFFFFBDFFC0015F

mem[X,0x0000000080000FFC] -> 0x1F13
mem[X,0x0000000080000FFE] -> 0x00AF
[1028] [M]: 0x0000000080000FFC (0x00AF1F13) slli t5, t5, 0xa
x30 <- 0xFFFEF7FF00057C00

mem[X,0x0000000080001000] -> 0x0F13
mem[X,0x0000000080001002] -> 0x3FFF
[1029] [M]: 0x0000000080001000 (0x3FFF0F13) addi t5, t5, 0x3ff
x30 <- 0xFFFEF7FF00057FFF

mem[X,0x0000000080001004] -> 0xFEB7
mem[X,0x0000000080001006] -> 0x3FFF
[1030] [M]: 0x0000000080001004 (0x3FFFFEB7) lui t4, 0x3ffff
x29 <- 0x000000003FFFF000

mem[X,0x0000000080001008] -> 0x8E93
mem[X,0x000000008000100A] -> 0x7FFE
[1031] [M]: 0x0000000080001008 (0x7FFE8E93) addi t4, t4, 0x7ff
x29 <- 0x000000003FFFF7FF

mem[X,0x000000008000100C] -> 0x9E93
mem[X,0x000000008000100E] -> 0x00BE
[1032] [M]: 0x000000008000100C (0x00BE9E93) slli t4, t4, 0xb
x29 <- 0x000001FFFFBFF800

mem[X,0x0000000080001010] -> 0x8E93
mem[X,0x0000000080001012] -> 0x000E
[1033] [M]: 0x0000000080001010 (0x000E8E93) addi t4, t4, 0x0
x29 <- 0x000001FFFFBFF800

mem[X,0x0000000080001014] -> 0x9E93
mem[X,0x0000000080001016] -> 0x00BE
[1034] [M]: 0x0000000080001014 (0x00BE9E93) slli t4, t4, 0xb
x29 <- 0x000FFFFDFFC00000

mem[X,0x0000000080001018] -> 0x8E93
mem[X,0x000000008000101A] -> 0x03FE
[1035] [M]: 0x0000000080001018 (0x03FE8E93) addi t4, t4, 0x3f
x29 <- 0x000FFFFDFFC0003F

mem[X,0x000000008000101C] -> 0x9E93
mem[X,0x000000008000101E] -> 0x00AE
[1036] [M]: 0x000000008000101C (0x00AE9E93) slli t4, t4, 0xa
x29 <- 0x3FFFF7FF0000FC00

mem[X,0x0000000080001020] -> 0x8E93
mem[X,0x0000000080001022] -> 0x3EFE
[1037] [M]: 0x0000000080001020 (0x3EFE8E93) addi t4, t4, 0x3ef
x29 <- 0x3FFFF7FF0000FFEF

mem[X,0x0000000080001024] -> 0x1FBB
mem[X,0x0000000080001026] -> 0x91DF
[1038] [M]: 0x0000000080001024 (0x91DF1FBB) pmul.h.beo t6, t5, t4
x31 <- 0xFF82000900000001

mem[X,0x0000000080001028] -> 0xB023
mem[X,0x000000008000102A] -> 0x0BF0
[1039] [M]: 0x0000000080001028 (0x0BF0B023) sd t6, 0xa0(ra)
mem[0x00000000800042B0] <- 0xFF82000900000001

mem[X,0x000000008000102C] -> 0x0F37
mem[X,0x000000008000102E] -> 0x0001
[1040] [M]: 0x000000008000102C (0x00010F37) lui t5, 0x10
x30 <- 0x0000000000010000

mem[X,0x0000000080001030] -> 0x0F13
mem[X,0x0000000080001032] -> 0x007F
[1041] [M]: 0x0000000080001030 (0x007F0F13) addi t5, t5, 0x7
x30 <- 0x0000000000010007

mem[X,0x0000000080001034] -> 0x1F13
mem[X,0x0000000080001036] -> 0x00BF
[1042] [M]: 0x0000000080001034 (0x00BF1F13) slli t5, t5, 0xb
x30 <- 0x0000000008003800

mem[X,0x0000000080001038] -> 0x0F13
mem[X,0x000000008000103A] -> 0x040F
[1043] [M]: 0x0000000080001038 (0x040F0F13) addi t5, t5, 0x40
x30 <- 0x0000000008003840

mem[X,0x000000008000103C] -> 0x1F13
mem[X,0x000000008000103E] -> 0x00BF
[1044] [M]: 0x000000008000103C (0x00BF1F13) slli t5, t5, 0xb
x30 <- 0x0000004001C20000

mem[X,0x0000000080001040] -> 0x0F13
mem[X,0x0000000080001042] -> 0x03FF
[1045] [M]: 0x0000000080001040 (0x03FF0F13) addi t5, t5, 0x3f
x30 <- 0x0000004001C2003F

mem[X,0x0000000080001044] -> 0x1F13
mem[X,0x0000000080001046] -> 0x00AF
[1046] [M]: 0x0000000080001044 (0x00AF1F13) slli t5, t5, 0xa
x30 <- 0x000100070800FC00

mem[X,0x0000000080001048] -> 0x0F13
mem[X,0x000000008000104A] -> 0x1FFF
[1047] [M]: 0x0000000080001048 (0x1FFF0F13) addi t5, t5, 0x1ff
x30 <- 0x000100070800FDFF

mem[X,0x000000008000104C] -> 0x0EB7
mem[X,0x000000008000104E] -> 0x0000
[1048] [M]: 0x000000008000104C (0x00000EB7) lui t4, 0x0
x29 <- 0x0000000000000000

mem[X,0x0000000080001050] -> 0x8E93
mem[X,0x0000000080001052] -> 0x080E
[1049] [M]: 0x0000000080001050 (0x080E8E93) addi t4, t4, 0x80
x29 <- 0x0000000000000080

mem[X,0x0000000080001054] -> 0x9E93
mem[X,0x0000000080001056] -> 0x00BE
[1050] [M]: 0x0000000080001054 (0x00BE9E93) slli t4, t4, 0xb
x29 <- 0x0000000000040000

mem[X,0x0000000080001058] -> 0x8E93
mem[X,0x000000008000105A] -> 0x400E
[1051] [M]: 0x0000000080001058 (0x400E8E93) addi t4, t4, 0x400
x29 <- 0x0000000000040400

mem[X,0x000000008000105C] -> 0x9E93
mem[X,0x000000008000105E] -> 0x00BE
[1052] [M]: 0x000000008000105C (0x00BE9E93) slli t4, t4, 0xb
x29 <- 0x0000000020200000

mem[X,0x0000000080001060] -> 0x8E93
mem[X,0x0000000080001062] -> 0x000E
[1053] [M]: 0x0000000080001060 (0x000E8E93) addi t4, t4, 0x0
x29 <- 0x0000000020200000

mem[X,0x0000000080001064] -> 0x9E93
mem[X,0x0000000080001066] -> 0x00AE
[1054] [M]: 0x0000000080001064 (0x00AE9E93) slli t4, t4, 0xa
x29 <- 0x0000008080000000

mem[X,0x0000000080001068] -> 0x8E93
mem[X,0x000000008000106A] -> 0x005E
[1055] [M]: 0x0000000080001068 (0x005E8E93) addi t4, t4, 0x5
x29 <- 0x0000008080000005

mem[X,0x000000008000106C] -> 0x1FBB
mem[X,0x000000008000106E] -> 0x91DF
[1056] [M]: 0x000000008000106C (0x91DF1FBB) pmul.h.beo t6, t5, t4
x31 <- 0x0000000000000000

mem[X,0x0000000080001070] -> 0xB423
mem[X,0x0000000080001072] -> 0x0BF0
[1057] [M]: 0x0000000080001070 (0x0BF0B423) sd t6, 0xa8(ra)
mem[0x00000000800042B8] <- 0x0000000000000000

mem[X,0x0000000080001074] -> 0x0F37
mem[X,0x0000000080001076] -> 0x0800
[1058] [M]: 0x0000000080001074 (0x08000F37) lui t5, 0x8000
x30 <- 0x0000000008000000

mem[X,0x0000000080001078] -> 0x0F13
mem[X,0x000000008000107A] -> 0x080F
[1059] [M]: 0x0000000080001078 (0x080F0F13) addi t5, t5, 0x80
x30 <- 0x0000000008000080

mem[X,0x000000008000107C] -> 0x1F13
mem[X,0x000000008000107E] -> 0x00BF
[1060] [M]: 0x000000008000107C (0x00BF1F13) slli t5, t5, 0xb
x30 <- 0x0000004000040000

mem[X,0x0000000080001080] -> 0x0F13
mem[X,0x0000000080001082] -> 0x080F
[1061] [M]: 0x0000000080001080 (0x080F0F13) addi t5, t5, 0x80
x30 <- 0x0000004000040080

mem[X,0x0000000080001084] -> 0x1F13
mem[X,0x0000000080001086] -> 0x00BF
[1062] [M]: 0x0000000080001084 (0x00BF1F13) slli t5, t5, 0xb
x30 <- 0x0002000020040000

mem[X,0x0000000080001088] -> 0x0F13
mem[X,0x000000008000108A] -> 0x03FF
[1063] [M]: 0x0000000080001088 (0x03FF0F13) addi t5, t5, 0x3f
x30 <- 0x000200002004003F

mem[X,0x000000008000108C] -> 0x1F13
mem[X,0x000000008000108E] -> 0x00AF
[1064] [M]: 0x000000008000108C (0x00AF1F13) slli t5, t5, 0xa
x30 <- 0x080000801000FC00

mem[X,0x0000000080001090] -> 0x0F13
mem[X,0x0000000080001092] -> 0x3FFF
[1065] [M]: 0x0000000080001090 (0x3FFF0F13) addi t5, t5, 0x3ff
x30 <- 0x080000801000FFFF

mem[X,0x0000000080001094] -> 0x4EB7
mem[X,0x0000000080001096] -> 0x1000
[1066] [M]: 0x0000000080001094 (0x10004EB7) lui t4, 0x10004
x29 <- 0x0000000010004000

mem[X,0x0000000080001098] -> 0x8E93
mem[X,0x000000008000109A] -> 0xFFFE
[1067] [M]: 0x0000000080001098 (0xFFFE8E93) addi t4, t4, -0x1
x29 <- 0x0000000010003FFF

mem[X,0x000000008000109C] -> 0x9E93
mem[X,0x000000008000109E] -> 0x00BE
[1068] [M]: 0x000000008000109C (0x00BE9E93) slli t4, t4, 0xb
x29 <- 0x0000008001FFF800

mem[X,0x00000000800010A0] -> 0x8E93
mem[X,0x00000000800010A2] -> 0x000E
[1069] [M]: 0x00000000800010A0 (0x000E8E93) addi t4, t4, 0x0
x29 <- 0x0000008001FFF800

mem[X,0x00000000800010A4] -> 0x9E93
mem[X,0x00000000800010A6] -> 0x00BE
[1070] [M]: 0x00000000800010A4 (0x00BE9E93) slli t4, t4, 0xb
x29 <- 0x0004000FFFC00000

mem[X,0x00000000800010A8] -> 0x8E93
mem[X,0x00000000800010AA] -> 0x19FE
[1071] [M]: 0x00000000800010A8 (0x19FE8E93) addi t4, t4, 0x19f
x29 <- 0x0004000FFFC0019F

mem[X,0x00000000800010AC] -> 0x9E93
mem[X,0x00000000800010AE] -> 0x00AE
[1072] [M]: 0x00000000800010AC (0x00AE9E93) slli t4, t4, 0xa
x29 <- 0x10003FFF00067C00

mem[X,0x00000000800010B0] -> 0x8E93
mem[X,0x00000000800010B2] -> 0x3FFE
[1073] [M]: 0x00000000800010B0 (0x3FFE8E93) addi t4, t4, 0x3ff
x29 <- 0x10003FFF00067FFF

mem[X,0x00000000800010B4] -> 0x1FBB
mem[X,0x00000000800010B6] -> 0x91DF
[1074] [M]: 0x00000000800010B4 (0x91DF1FBB) pmul.h.beo t6, t5, t4
x31 <- 0x0000E0800000FF81

mem[X,0x00000000800010B8] -> 0xB823
mem[X,0x00000000800010BA] -> 0x0BF0
[1075] [M]: 0x00000000800010B8 (0x0BF0B823) sd t6, 0xb0(ra)
mem[0x00000000800042C0] <- 0x0000E0800000FF81

mem[X,0x00000000800010BC] -> 0x0F37
mem[X,0x00000000800010BE] -> 0xFFFD
[1076] [M]: 0x00000000800010BC (0xFFFD0F37) lui t5, -0x30
x30 <- 0xFFFFFFFFFFFD0000

mem[X,0x00000000800010C0] -> 0x0F13
mem[X,0x00000000800010C2] -> 0x080F
[1077] [M]: 0x00000000800010C0 (0x080F0F13) addi t5, t5, 0x80
x30 <- 0xFFFFFFFFFFFD0080

mem[X,0x00000000800010C4] -> 0x1F13
mem[X,0x00000000800010C6] -> 0x00BF
[1078] [M]: 0x00000000800010C4 (0x00BF1F13) slli t5, t5, 0xb
x30 <- 0xFFFFFFFFE8040000

mem[X,0x00000000800010C8] -> 0x0F13
mem[X,0x00000000800010CA] -> 0x010F
[1079] [M]: 0x00000000800010C8 (0x010F0F13) addi t5, t5, 0x10
x30 <- 0xFFFFFFFFE8040010

mem[X,0x00000000800010CC] -> 0x1F13
mem[X,0x00000000800010CE] -> 0x00BF
[1080] [M]: 0x00000000800010CC (0x00BF1F13) slli t5, t5, 0xb
x30 <- 0xFFFFFF4020008000

mem[X,0x00000000800010D0] -> 0x0F13
mem[X,0x00000000800010D2] -> 0x03FF
[1081] [M]: 0x00000000800010D0 (0x03FF0F13) addi t5, t5, 0x3f
x30 <- 0xFFFFFF402000803F

mem[X,0x00000000800010D4] -> 0x1F13
mem[X,0x00000000800010D6] -> 0x00AF
[1082] [M]: 0x00000000800010D4 (0x00AF1F13) slli t5, t5, 0xa
x30 <- 0xFFFD00800200FC00

mem[X,0x00000000800010D8] -> 0x0F13
mem[X,0x00000000800010DA] -> 0x3EFF
[1083] [M]: 0x00000000800010D8 (0x3EFF0F13) addi t5, t5, 0x3ef
x30 <- 0xFFFD00800200FFEF

mem[X,0x00000000800010DC] -> 0x4EB7
mem[X,0x00000000800010DE] -> 0x2000
[1084] [M]: 0x00000000800010DC (0x20004EB7) lui t4, 0x20004
x29 <- 0x0000000020004000

mem[X,0x00000000800010E0] -> 0x8E93
mem[X,0x00000000800010E2] -> 0x000E
[1085] [M]: 0x00000000800010E0 (0x000E8E93) addi t4, t4, 0x0
x29 <- 0x0000000020004000

mem[X,0x00000000800010E4] -> 0x9E93
mem[X,0x00000000800010E6] -> 0x00BE
[1086] [M]: 0x00000000800010E4 (0x00BE9E93) slli t4, t4, 0xb
x29 <- 0x0000010002000000

mem[X,0x00000000800010E8] -> 0x8E93
mem[X,0x00000000800010EA] -> 0x000E
[1087] [M]: 0x00000000800010E8 (0x000E8E93) addi t4, t4, 0x0
x29 <- 0x0000010002000000

mem[X,0x00000000800010EC] -> 0x9E93
mem[X,0x00000000800010EE] -> 0x00BE
[1088] [M]: 0x00000000800010EC (0x00BE9E93) slli t4, t4, 0xb
x29 <- 0x0008001000000000

mem[X,0x00000000800010F0] -> 0x8E93
mem[X,0x00000000800010F2] -> 0x420E
[1089] [M]: 0x00000000800010F0 (0x420E8E93) addi t4, t4, 0x420
x29 <- 0x0008001000000420

mem[X,0x00000000800010F4] -> 0x9E93
mem[X,0x00000000800010F6] -> 0x00AE
[1090] [M]: 0x00000000800010F4 (0x00AE9E93) slli t4, t4, 0xa
x29 <- 0x2000400000108000

mem[X,0x00000000800010F8] -> 0x1FBB
mem[X,0x00000000800010FA] -> 0x91DF
[1091] [M]: 0x00000000800010F8 (0x91DF1FBB) pmul.h.beo t6, t5, t4
x31 <- 0xFFA0E00000000880

mem[X,0x00000000800010FC] -> 0xBC23
mem[X,0x00000000800010FE] -> 0x0BF0
[1092] [M]: 0x00000000800010FC (0x0BF0BC23) sd t6, 0xb8(ra)
mem[0x00000000800042C8] <- 0xFFA0E00000000880

mem[X,0x0000000080001100] -> 0xEF37
mem[X,0x0000000080001102] -> 0xFFF7
[1093] [M]: 0x0000000080001100 (0xFFF7EF37) lui t5, -0x82
x30 <- 0xFFFFFFFFFFF7E000

mem[X,0x0000000080001104] -> 0x0F13
mem[X,0x0000000080001106] -> 0xFFFF
[1094] [M]: 0x0000000080001104 (0xFFFF0F13) addi t5, t5, -0x1
x30 <- 0xFFFFFFFFFFF7DFFF

mem[X,0x0000000080001108] -> 0x1F13
mem[X,0x000000008000110A] -> 0x00BF
[1095] [M]: 0x0000000080001108 (0x00BF1F13) slli t5, t5, 0xb
x30 <- 0xFFFFFFFFBEFFF800

mem[X,0x000000008000110C] -> 0x0F13
mem[X,0x000000008000110E] -> 0x000F
[1096] [M]: 0x000000008000110C (0x000F0F13) addi t5, t5, 0x0
x30 <- 0xFFFFFFFFBEFFF800

mem[X,0x0000000080001110] -> 0x1F13
mem[X,0x0000000080001112] -> 0x00BF
[1097] [M]: 0x0000000080001110 (0x00BF1F13) slli t5, t5, 0xb
x30 <- 0xFFFFFDF7FFC00000

mem[X,0x0000000080001114] -> 0x0F13
mem[X,0x0000000080001116] -> 0x17BF
[1098] [M]: 0x0000000080001114 (0x17BF0F13) addi t5, t5, 0x17b
x30 <- 0xFFFFFDF7FFC0017B

mem[X,0x0000000080001118] -> 0x1F13
mem[X,0x000000008000111A] -> 0x00AF
[1099] [M]: 0x0000000080001118 (0x00AF1F13) slli t5, t5, 0xa
x30 <- 0xFFF7DFFF0005EC00

clint::tick mtime <- 0x000000000000000B
 clint timer pending at mtime 0x000000000000000B
htif::tick 0x0000000000000000
mem[X,0x000000008000111C] -> 0x0F13
mem[X,0x000000008000111E] -> 0x3FFF
[1100] [M]: 0x000000008000111C (0x3FFF0F13) addi t5, t5, 0x3ff
x30 <- 0xFFF7DFFF0005EFFF

mem[X,0x0000000080001120] -> 0xBEB7
mem[X,0x0000000080001122] -> 0x1000
[1101] [M]: 0x0000000080001120 (0x1000BEB7) lui t4, 0x1000b
x29 <- 0x000000001000B000

mem[X,0x0000000080001124] -> 0x8E93
mem[X,0x0000000080001126] -> 0xAAAE
[1102] [M]: 0x0000000080001124 (0xAAAE8E93) addi t4, t4, -0x556
x29 <- 0x000000001000AAAA

mem[X,0x0000000080001128] -> 0x9E93
mem[X,0x000000008000112A] -> 0x00BE
[1103] [M]: 0x0000000080001128 (0x00BE9E93) slli t4, t4, 0xb
x29 <- 0x0000008005555000

mem[X,0x000000008000112C] -> 0x8E93
mem[X,0x000000008000112E] -> 0x7BFE
[1104] [M]: 0x000000008000112C (0x7BFE8E93) addi t4, t4, 0x7bf
x29 <- 0x00000080055557BF

mem[X,0x0000000080001130] -> 0x9E93
mem[X,0x0000000080001132] -> 0x00BE
[1105] [M]: 0x0000000080001130 (0x00BE9E93) slli t4, t4, 0xb
x29 <- 0x0004002AAABDF800

mem[X,0x0000000080001134] -> 0x8E93
mem[X,0x0000000080001136] -> 0x7C0E
[1106] [M]: 0x0000000080001134 (0x7C0E8E93) addi t4, t4, 0x7c0
x29 <- 0x0004002AAABDFFC0

mem[X,0x0000000080001138] -> 0x9E93
mem[X,0x000000008000113A] -> 0x00AE
[1107] [M]: 0x0000000080001138 (0x00AE9E93) slli t4, t4, 0xa
x29 <- 0x1000AAAAF7FF0000

mem[X,0x000000008000113C] -> 0x8E93
mem[X,0x000000008000113E] -> 0x001E
[1108] [M]: 0x000000008000113C (0x001E8E93) addi t4, t4, 0x1
x29 <- 0x1000AAAAF7FF0001

mem[X,0x0000000080001140] -> 0x1FBB
mem[X,0x0000000080001142] -> 0x91DF
[1109] [M]: 0x0000000080001140 (0x91DF1FBB) pmul.h.beo t6, t5, t4
x31 <- 0xFF700056FFD30000

mem[X,0x0000000080001144] -> 0xB023
mem[X,0x0000000080001146] -> 0x0DF0
[1110] [M]: 0x0000000080001144 (0x0DF0B023) sd t6, 0xc0(ra)
mem[0x00000000800042D0] <- 0xFF700056FFD30000

mem[X,0x0000000080001148] -> 0x1F37
mem[X,0x000000008000114A] -> 0xFFDF
[1111] [M]: 0x0000000080001148 (0xFFDF1F37) lui t5, -0x20f
x30 <- 0xFFFFFFFFFFDF1000

mem[X,0x000000008000114C] -> 0x0F13
mem[X,0x000000008000114E] -> 0x800F
[1112] [M]: 0x000000008000114C (0x800F0F13) addi t5, t5, -0x800
x30 <- 0xFFFFFFFFFFDF0800

mem[X,0x0000000080001150] -> 0x1F13
mem[X,0x0000000080001152] -> 0x00BF
[1113] [M]: 0x0000000080001150 (0x00BF1F13) slli t5, t5, 0xb
x30 <- 0xFFFFFFFEF8400000

mem[X,0x0000000080001154] -> 0x0F13
mem[X,0x0000000080001156] -> 0x000F
[1114] [M]: 0x0000000080001154 (0x000F0F13) addi t5, t5, 0x0
x30 <- 0xFFFFFFFEF8400000

mem[X,0x0000000080001158] -> 0x1F13
mem[X,0x000000008000115A] -> 0x00BF
[1115] [M]: 0x0000000080001158 (0x00BF1F13) slli t5, t5, 0xb
x30 <- 0xFFFFF7C200000000

mem[X,0x000000008000115C] -> 0x0F13
mem[X,0x000000008000115E] -> 0x43FF
[1116] [M]: 0x000000008000115C (0x43FF0F13) addi t5, t5, 0x43f
x30 <- 0xFFFFF7C20000043F

mem[X,0x0000000080001160] -> 0x1F13
mem[X,0x0000000080001162] -> 0x00AF
[1117] [M]: 0x0000000080001160 (0x00AF1F13) slli t5, t5, 0xa
x30 <- 0xFFDF08000010FC00

mem[X,0x0000000080001164] -> 0x0F13
mem[X,0x0000000080001166] -> 0x3F9F
[1118] [M]: 0x0000000080001164 (0x3F9F0F13) addi t5, t5, 0x3f9
x30 <- 0xFFDF08000010FFF9

mem[X,0x0000000080001168] -> 0x0EB7
mem[X,0x000000008000116A] -> 0x0001
[1119] [M]: 0x0000000080001168 (0x00010EB7) lui t4, 0x10
x29 <- 0x0000000000010000

mem[X,0x000000008000116C] -> 0x8E93
mem[X,0x000000008000116E] -> 0x400E
[1120] [M]: 0x000000008000116C (0x400E8E93) addi t4, t4, 0x400
x29 <- 0x0000000000010400

mem[X,0x0000000080001170] -> 0x9E93
mem[X,0x0000000080001172] -> 0x00BE
[1121] [M]: 0x0000000080001170 (0x00BE9E93) slli t4, t4, 0xb
x29 <- 0x0000000008200000

mem[X,0x0000000080001174] -> 0x8E93
mem[X,0x0000000080001176] -> 0x7FDE
[1122] [M]: 0x0000000080001174 (0x7FDE8E93) addi t4, t4, 0x7fd
x29 <- 0x00000000082007FD

mem[X,0x0000000080001178] -> 0x9E93
mem[X,0x000000008000117A] -> 0x00BE
[1123] [M]: 0x0000000080001178 (0x00BE9E93) slli t4, t4, 0xb
x29 <- 0x00000041003FE800

mem[X,0x000000008000117C] -> 0x8E93
mem[X,0x000000008000117E] -> 0x7FFE
[1124] [M]: 0x000000008000117C (0x7FFE8E93) addi t4, t4, 0x7ff
x29 <- 0x00000041003FEFFF

mem[X,0x0000000080001180] -> 0x9E93
mem[X,0x0000000080001182] -> 0x00AE
[1125] [M]: 0x0000000080001180 (0x00AE9E93) slli t4, t4, 0xa
x29 <- 0x00010400FFBFFC00

mem[X,0x0000000080001184] -> 0x8E93
mem[X,0x0000000080001186] -> 0x3F8E
[1126] [M]: 0x0000000080001184 (0x3F8E8E93) addi t4, t4, 0x3f8
x29 <- 0x00010400FFBFFFF8

mem[X,0x0000000080001188] -> 0x1FBB
mem[X,0x000000008000118A] -> 0x91DF
[1127] [M]: 0x0000000080001188 (0x91DF1FBB) pmul.h.beo t6, t5, t4
x31 <- 0x00000000FFF00007

mem[X,0x000000008000118C] -> 0xB423
mem[X,0x000000008000118E] -> 0x0DF0
[1128] [M]: 0x000000008000118C (0x0DF0B423) sd t6, 0xc8(ra)
mem[0x00000000800042D8] <- 0x00000000FFF00007

mem[X,0x0000000080001190] -> 0x0F37
mem[X,0x0000000080001192] -> 0xFFBF
[1129] [M]: 0x0000000080001190 (0xFFBF0F37) lui t5, -0x410
x30 <- 0xFFFFFFFFFFBF0000

mem[X,0x0000000080001194] -> 0x0F13
mem[X,0x0000000080001196] -> 0x002F
[1130] [M]: 0x0000000080001194 (0x002F0F13) addi t5, t5, 0x2
x30 <- 0xFFFFFFFFFFBF0002

mem[X,0x0000000080001198] -> 0x1F13
mem[X,0x000000008000119A] -> 0x00BF
[1131] [M]: 0x0000000080001198 (0x00BF1F13) slli t5, t5, 0xb
x30 <- 0xFFFFFFFDF8001000

mem[X,0x000000008000119C] -> 0x0F13
mem[X,0x000000008000119E] -> 0x7FFF
[1132] [M]: 0x000000008000119C (0x7FFF0F13) addi t5, t5, 0x7ff
x30 <- 0xFFFFFFFDF80017FF

mem[X,0x00000000800011A0] -> 0x1F13
mem[X,0x00000000800011A2] -> 0x00BF
[1133] [M]: 0x00000000800011A0 (0x00BF1F13) slli t5, t5, 0xb
x30 <- 0xFFFFEFC000BFF800

mem[X,0x00000000800011A4] -> 0x0F13
mem[X,0x00000000800011A6] -> 0x710F
[1134] [M]: 0x00000000800011A4 (0x710F0F13) addi t5, t5, 0x710
x30 <- 0xFFFFEFC000BFFF10

mem[X,0x00000000800011A8] -> 0x1F13
mem[X,0x00000000800011AA] -> 0x00AF
[1135] [M]: 0x00000000800011A8 (0x00AF1F13) slli t5, t5, 0xa
x30 <- 0xFFBF0002FFFC4000

mem[X,0x00000000800011AC] -> 0x0EB7
mem[X,0x00000000800011AE] -> 0x0006
[1136] [M]: 0x00000000800011AC (0x00060EB7) lui t4, 0x60
x29 <- 0x0000000000060000

mem[X,0x00000000800011B0] -> 0x8E93
mem[X,0x00000000800011B2] -> 0x040E
[1137] [M]: 0x00000000800011B0 (0x040E8E93) addi t4, t4, 0x40
x29 <- 0x0000000000060040

mem[X,0x00000000800011B4] -> 0x9E93
mem[X,0x00000000800011B6] -> 0x00BE
[1138] [M]: 0x00000000800011B4 (0x00BE9E93) slli t4, t4, 0xb
x29 <- 0x0000000030020000

mem[X,0x00000000800011B8] -> 0x8E93
mem[X,0x00000000800011BA] -> 0x7F7E
[1139] [M]: 0x00000000800011B8 (0x7F7E8E93) addi t4, t4, 0x7f7
x29 <- 0x00000000300207F7

mem[X,0x00000000800011BC] -> 0x9E93
mem[X,0x00000000800011BE] -> 0x00BE
[1140] [M]: 0x00000000800011BC (0x00BE9E93) slli t4, t4, 0xb
x29 <- 0x00000180103FB800

mem[X,0x00000000800011C0] -> 0x8E93
mem[X,0x00000000800011C2] -> 0x7FFE
[1141] [M]: 0x00000000800011C0 (0x7FFE8E93) addi t4, t4, 0x7ff
x29 <- 0x00000180103FBFFF

mem[X,0x00000000800011C4] -> 0x9E93
mem[X,0x00000000800011C6] -> 0x00AE
[1142] [M]: 0x00000000800011C4 (0x00AE9E93) slli t4, t4, 0xa
x29 <- 0x00060040FEFFFC00

mem[X,0x00000000800011C8] -> 0x8E93
mem[X,0x00000000800011CA] -> 0x3FCE
[1143] [M]: 0x00000000800011C8 (0x3FCE8E93) addi t4, t4, 0x3fc
x29 <- 0x00060040FEFFFFFC

mem[X,0x00000000800011CC] -> 0x1FBB
mem[X,0x00000000800011CE] -> 0x91DF
[1144] [M]: 0x00000000800011CC (0x91DF1FBB) pmul.h.beo t6, t5, t4
x31 <- 0x0000000000080000

mem[X,0x00000000800011D0] -> 0xB823
mem[X,0x00000000800011D2] -> 0x0DF0
[1145] [M]: 0x00000000800011D0 (0x0DF0B823) sd t6, 0xd0(ra)
mem[0x00000000800042E0] <- 0x0000000000080000

mem[X,0x00000000800011D4] -> 0x0F37
mem[X,0x00000000800011D6] -> 0xFF00
[1146] [M]: 0x00000000800011D4 (0xFF000F37) lui t5, -0x1000
x30 <- 0xFFFFFFFFFF000000

mem[X,0x00000000800011D8] -> 0x0F13
mem[X,0x00000000800011DA] -> 0xFFEF
[1147] [M]: 0x00000000800011D8 (0xFFEF0F13) addi t5, t5, -0x2
x30 <- 0xFFFFFFFFFEFFFFFE

mem[X,0x00000000800011DC] -> 0x1F13
mem[X,0x00000000800011DE] -> 0x00BF
[1148] [M]: 0x00000000800011DC (0x00BF1F13) slli t5, t5, 0xb
x30 <- 0xFFFFFFF7FFFFF000

mem[X,0x00000000800011E0] -> 0x0F13
mem[X,0x00000000800011E2] -> 0x040F
[1149] [M]: 0x00000000800011E0 (0x040F0F13) addi t5, t5, 0x40
x30 <- 0xFFFFFFF7FFFFF040

mem[X,0x00000000800011E4] -> 0x1F13
mem[X,0x00000000800011E6] -> 0x00BF
[1150] [M]: 0x00000000800011E4 (0x00BF1F13) slli t5, t5, 0xb
x30 <- 0xFFFFBFFFFF820000

mem[X,0x00000000800011E8] -> 0x0F13
mem[X,0x00000000800011EA] -> 0x03FF
[1151] [M]: 0x00000000800011E8 (0x03FF0F13) addi t5, t5, 0x3f
x30 <- 0xFFFFBFFFFF82003F

mem[X,0x00000000800011EC] -> 0x1F13
mem[X,0x00000000800011EE] -> 0x00AF
[1152] [M]: 0x00000000800011EC (0x00AF1F13) slli t5, t5, 0xa
x30 <- 0xFEFFFFFE0800FC00

mem[X,0x00000000800011F0] -> 0x0F13
mem[X,0x00000000800011F2] -> 0x2FFF
[1153] [M]: 0x00000000800011F0 (0x2FFF0F13) addi t5, t5, 0x2ff
x30 <- 0xFEFFFFFE0800FEFF

mem[X,0x00000000800011F4] -> 0x8EB7
mem[X,0x00000000800011F6] -> 0x0002
[1154] [M]: 0x00000000800011F4 (0x00028EB7) lui t4, 0x28
x29 <- 0x0000000000028000

mem[X,0x00000000800011F8] -> 0x8E93
mem[X,0x00000000800011FA] -> 0xFFFE
[1155] [M]: 0x00000000800011F8 (0xFFFE8E93) addi t4, t4, -0x1
x29 <- 0x0000000000027FFF

mem[X,0x00000000800011FC] -> 0x9E93
mem[X,0x00000000800011FE] -> 0x00BE
[1156] [M]: 0x00000000800011FC (0x00BE9E93) slli t4, t4, 0xb
x29 <- 0x0000000013FFF800

mem[X,0x0000000080001200] -> 0x8E93
mem[X,0x0000000080001202] -> 0x1FFE
[1157] [M]: 0x0000000080001200 (0x1FFE8E93) addi t4, t4, 0x1ff
x29 <- 0x0000000013FFF9FF

mem[X,0x0000000080001204] -> 0x9E93
mem[X,0x0000000080001206] -> 0x00BE
[1158] [M]: 0x0000000080001204 (0x00BE9E93) slli t4, t4, 0xb
x29 <- 0x0000009FFFCFF800

mem[X,0x0000000080001208] -> 0x8E93
mem[X,0x000000008000120A] -> 0x7C0E
[1159] [M]: 0x0000000080001208 (0x7C0E8E93) addi t4, t4, 0x7c0
x29 <- 0x0000009FFFCFFFC0

mem[X,0x000000008000120C] -> 0x9E93
mem[X,0x000000008000120E] -> 0x00AE
[1160] [M]: 0x000000008000120C (0x00AE9E93) slli t4, t4, 0xa
x29 <- 0x00027FFF3FFF0000

mem[X,0x0000000080001210] -> 0x8E93
mem[X,0x0000000080001212] -> 0x020E
[1161] [M]: 0x0000000080001210 (0x020E8E93) addi t4, t4, 0x20
x29 <- 0x00027FFF3FFF0020

mem[X,0x0000000080001214] -> 0x1FBB
mem[X,0x0000000080001216] -> 0x91DF
[1162] [M]: 0x0000000080001214 (0x91DF1FBB) pmul.h.beo t6, t5, t4
x31 <- 0x0000FF0200000000

mem[X,0x0000000080001218] -> 0xBC23
mem[X,0x000000008000121A] -> 0x0DF0
[1163] [M]: 0x0000000080001218 (0x0DF0BC23) sd t6, 0xd8(ra)
mem[0x00000000800042E8] <- 0x0000FF0200000000

mem[X,0x000000008000121C] -> 0x8F37
mem[X,0x000000008000121E] -> 0xFDFF
[1164] [M]: 0x000000008000121C (0xFDFF8F37) lui t5, -0x2008
x30 <- 0xFFFFFFFFFDFF8000

mem[X,0x0000000080001220] -> 0x0F13
mem[X,0x0000000080001222] -> 0x000F
[1165] [M]: 0x0000000080001220 (0x000F0F13) addi t5, t5, 0x0
x30 <- 0xFFFFFFFFFDFF8000

mem[X,0x0000000080001224] -> 0x1F13
mem[X,0x0000000080001226] -> 0x00BF
[1166] [M]: 0x0000000080001224 (0x00BF1F13) slli t5, t5, 0xb
x30 <- 0xFFFFFFEFFC000000

mem[X,0x0000000080001228] -> 0x0F13
mem[X,0x000000008000122A] -> 0x000F
[1167] [M]: 0x0000000080001228 (0x000F0F13) addi t5, t5, 0x0
x30 <- 0xFFFFFFEFFC000000

mem[X,0x000000008000122C] -> 0x1F13
mem[X,0x000000008000122E] -> 0x00BF
[1168] [M]: 0x000000008000122C (0x00BF1F13) slli t5, t5, 0xb
x30 <- 0xFFFF7FE000000000

mem[X,0x0000000080001230] -> 0x0F13
mem[X,0x0000000080001232] -> 0x0FFF
[1169] [M]: 0x0000000080001230 (0x0FFF0F13) addi t5, t5, 0xff
x30 <- 0xFFFF7FE0000000FF

mem[X,0x0000000080001234] -> 0x1F13
mem[X,0x0000000080001236] -> 0x00AF
[1170] [M]: 0x0000000080001234 (0x00AF1F13) slli t5, t5, 0xa
x30 <- 0xFDFF80000003FC00

mem[X,0x0000000080001238] -> 0x0F13
mem[X,0x000000008000123A] -> 0x3F9F
[1171] [M]: 0x0000000080001238 (0x3F9F0F13) addi t5, t5, 0x3f9
x30 <- 0xFDFF80000003FFF9

mem[X,0x000000008000123C] -> 0x0EB7
mem[X,0x000000008000123E] -> 0xFFFD
[1172] [M]: 0x000000008000123C (0xFFFD0EB7) lui t4, -0x30
x29 <- 0xFFFFFFFFFFFD0000

mem[X,0x0000000080001240] -> 0x8E93
mem[X,0x0000000080001242] -> 0xFEFE
[1173] [M]: 0x0000000080001240 (0xFEFE8E93) addi t4, t4, -0x11
x29 <- 0xFFFFFFFFFFFCFFEF

mem[X,0x0000000080001244] -> 0x9E93
mem[X,0x0000000080001246] -> 0x00BE
[1174] [M]: 0x0000000080001244 (0x00BE9E93) slli t4, t4, 0xb
x29 <- 0xFFFFFFFFE7FF7800

mem[X,0x0000000080001248] -> 0x8E93
mem[X,0x000000008000124A] -> 0x7FEE
[1175] [M]: 0x0000000080001248 (0x7FEE8E93) addi t4, t4, 0x7fe
x29 <- 0xFFFFFFFFE7FF7FFE

mem[X,0x000000008000124C] -> 0x9E93
mem[X,0x000000008000124E] -> 0x00BE
[1176] [M]: 0x000000008000124C (0x00BE9E93) slli t4, t4, 0xb
x29 <- 0xFFFFFF3FFBFFF000

mem[X,0x0000000080001250] -> 0x8E93
mem[X,0x0000000080001252] -> 0x7F7E
[1177] [M]: 0x0000000080001250 (0x7F7E8E93) addi t4, t4, 0x7f7
x29 <- 0xFFFFFF3FFBFFF7F7

mem[X,0x0000000080001254] -> 0x9E93
mem[X,0x0000000080001256] -> 0x00AE
[1178] [M]: 0x0000000080001254 (0x00AE9E93) slli t4, t4, 0xa
x29 <- 0xFFFCFFEFFFDFDC00

mem[X,0x0000000080001258] -> 0x8E93
mem[X,0x000000008000125A] -> 0x3FFE
[1179] [M]: 0x0000000080001258 (0x3FFE8E93) addi t4, t4, 0x3ff
x29 <- 0xFFFCFFEFFFDFDFFF

mem[X,0x000000008000125C] -> 0x1FBB
mem[X,0x000000008000125E] -> 0x91DF
[1180] [M]: 0x000000008000125C (0x91DF1FBB) pmul.h.beo t6, t5, t4
x31 <- 0x00010000FFFD00E7

mem[X,0x0000000080001260] -> 0xB023
mem[X,0x0000000080001262] -> 0x0FF0
[1181] [M]: 0x0000000080001260 (0x0FF0B023) sd t6, 0xe0(ra)
mem[0x00000000800042F0] <- 0x00010000FFFD00E7

mem[X,0x0000000080001264] -> 0xEF37
mem[X,0x0000000080001266] -> 0xBFFF
[1182] [M]: 0x0000000080001264 (0xBFFFEF37) lui t5, -0x40002
x30 <- 0xFFFFFFFFBFFFE000

mem[X,0x0000000080001268] -> 0x0F13
mem[X,0x000000008000126A] -> 0xFFFF
[1183] [M]: 0x0000000080001268 (0xFFFF0F13) addi t5, t5, -0x1
x30 <- 0xFFFFFFFFBFFFDFFF

mem[X,0x000000008000126C] -> 0x1F13
mem[X,0x000000008000126E] -> 0x00BF
[1184] [M]: 0x000000008000126C (0x00BF1F13) slli t5, t5, 0xb
x30 <- 0xFFFFFDFFFEFFF800

mem[X,0x0000000080001270] -> 0x0F13
mem[X,0x0000000080001272] -> 0x7FFF
[1185] [M]: 0x0000000080001270 (0x7FFF0F13) addi t5, t5, 0x7ff
x30 <- 0xFFFFFDFFFEFFFFFF

mem[X,0x0000000080001274] -> 0x1F13
mem[X,0x0000000080001276] -> 0x00BF
[1186] [M]: 0x0000000080001274 (0x00BF1F13) slli t5, t5, 0xb
x30 <- 0xFFEFFFF7FFFFF800

mem[X,0x0000000080001278] -> 0x0F13
mem[X,0x000000008000127A] -> 0x3FFF
[1187] [M]: 0x0000000080001278 (0x3FFF0F13) addi t5, t5, 0x3ff
x30 <- 0xFFEFFFF7FFFFFBFF

mem[X,0x000000008000127C] -> 0x1F13
mem[X,0x000000008000127E] -> 0x00AF
[1188] [M]: 0x000000008000127C (0x00AF1F13) slli t5, t5, 0xa
x30 <- 0xBFFFDFFFFFEFFC00

mem[X,0x0000000080001280] -> 0x0F13
mem[X,0x0000000080001282] -> 0x37FF
[1189] [M]: 0x0000000080001280 (0x37FF0F13) addi t5, t5, 0x37f
x30 <- 0xBFFFDFFFFFEFFF7F

mem[X,0x0000000080001284] -> 0xBEB7
mem[X,0x0000000080001286] -> 0x8000
[1190] [M]: 0x0000000080001284 (0x8000BEB7) lui t4, -0x7fff5
x29 <- 0xFFFFFFFF8000B000

mem[X,0x0000000080001288] -> 0x8E93
mem[X,0x000000008000128A] -> 0xAAAE
[1191] [M]: 0x0000000080001288 (0xAAAE8E93) addi t4, t4, -0x556
x29 <- 0xFFFFFFFF8000AAAA

mem[X,0x000000008000128C] -> 0x9E93
mem[X,0x000000008000128E] -> 0x00BE
[1192] [M]: 0x000000008000128C (0x00BE9E93) slli t4, t4, 0xb
x29 <- 0xFFFFFC0005555000

mem[X,0x0000000080001290] -> 0x8E93
mem[X,0x0000000080001292] -> 0x7FDE
[1193] [M]: 0x0000000080001290 (0x7FDE8E93) addi t4, t4, 0x7fd
x29 <- 0xFFFFFC00055557FD

mem[X,0x0000000080001294] -> 0x9E93
mem[X,0x0000000080001296] -> 0x00BE
[1194] [M]: 0x0000000080001294 (0x00BE9E93) slli t4, t4, 0xb
x29 <- 0xFFE0002AAABFE800

mem[X,0x0000000080001298] -> 0x8E93
mem[X,0x000000008000129A] -> 0x7FFE
[1195] [M]: 0x0000000080001298 (0x7FFE8E93) addi t4, t4, 0x7ff
x29 <- 0xFFE0002AAABFEFFF

mem[X,0x000000008000129C] -> 0x9E93
mem[X,0x000000008000129E] -> 0x00AE
[1196] [M]: 0x000000008000129C (0x00AE9E93) slli t4, t4, 0xa
x29 <- 0x8000AAAAFFBFFC00

mem[X,0x00000000800012A0] -> 0x8E93
mem[X,0x00000000800012A2] -> 0x3F9E
[1197] [M]: 0x00000000800012A0 (0x3F9E8E93) addi t4, t4, 0x3f9
x29 <- 0x8000AAAAFFBFFFF9

mem[X,0x00000000800012A4] -> 0x1FBB
mem[X,0x00000000800012A6] -> 0x91DF
[1198] [M]: 0x00000000800012A4 (0x91DF1FBB) pmul.h.beo t6, t5, t4
x31 <- 0x008000560011FF81

mem[X,0x00000000800012A8] -> 0xB423
mem[X,0x00000000800012AA] -> 0x0FF0
[1199] [M]: 0x00000000800012A8 (0x0FF0B423) sd t6, 0xe8(ra)
mem[0x00000000800042F8] <- 0x008000560011FF81

clint::tick mtime <- 0x000000000000000C
 clint timer pending at mtime 0x000000000000000C
htif::tick 0x0000000000000000
mem[X,0x00000000800012AC] -> 0xCF37
mem[X,0x00000000800012AE] -> 0xFFFF
[1200] [M]: 0x00000000800012AC (0xFFFFCF37) lui t5, -0x4
x30 <- 0xFFFFFFFFFFFFC000

mem[X,0x00000000800012B0] -> 0x0F13
mem[X,0x00000000800012B2] -> 0xFFFF
[1201] [M]: 0x00000000800012B0 (0xFFFF0F13) addi t5, t5, -0x1
x30 <- 0xFFFFFFFFFFFFBFFF

mem[X,0x00000000800012B4] -> 0x1F13
mem[X,0x00000000800012B6] -> 0x00BF
[1202] [M]: 0x00000000800012B4 (0x00BF1F13) slli t5, t5, 0xb
x30 <- 0xFFFFFFFFFDFFF800

mem[X,0x00000000800012B8] -> 0x0F13
mem[X,0x00000000800012BA] -> 0x080F
[1203] [M]: 0x00000000800012B8 (0x080F0F13) addi t5, t5, 0x80
x30 <- 0xFFFFFFFFFDFFF880

mem[X,0x00000000800012BC] -> 0x1F13
mem[X,0x00000000800012BE] -> 0x00BF
[1204] [M]: 0x00000000800012BC (0x00BF1F13) slli t5, t5, 0xb
x30 <- 0xFFFFFFEFFFC40000

mem[X,0x00000000800012C0] -> 0x0F13
mem[X,0x00000000800012C2] -> 0x000F
[1205] [M]: 0x00000000800012C0 (0x000F0F13) addi t5, t5, 0x0
x30 <- 0xFFFFFFEFFFC40000

mem[X,0x00000000800012C4] -> 0x1F13
mem[X,0x00000000800012C6] -> 0x00AF
[1206] [M]: 0x00000000800012C4 (0x00AF1F13) slli t5, t5, 0xa
x30 <- 0xFFFFBFFF10000000

mem[X,0x00000000800012C8] -> 0x0F13
mem[X,0x00000000800012CA] -> 0x005F
[1207] [M]: 0x00000000800012C8 (0x005F0F13) addi t5, t5, 0x5
x30 <- 0xFFFFBFFF10000005

mem[X,0x00000000800012CC] -> 0x0EB7
mem[X,0x00000000800012CE] -> 0x0005
[1208] [M]: 0x00000000800012CC (0x00050EB7) lui t4, 0x50
x29 <- 0x0000000000050000

mem[X,0x00000000800012D0] -> 0x8E93
mem[X,0x00000000800012D2] -> 0xFFBE
[1209] [M]: 0x00000000800012D0 (0xFFBE8E93) addi t4, t4, -0x5
x29 <- 0x000000000004FFFB

mem[X,0x00000000800012D4] -> 0x9E93
mem[X,0x00000000800012D6] -> 0x00BE
[1210] [M]: 0x00000000800012D4 (0x00BE9E93) slli t4, t4, 0xb
x29 <- 0x0000000027FFD800

mem[X,0x00000000800012D8] -> 0x8E93
mem[X,0x00000000800012DA] -> 0x080E
[1211] [M]: 0x00000000800012D8 (0x080E8E93) addi t4, t4, 0x80
x29 <- 0x0000000027FFD880

mem[X,0x00000000800012DC] -> 0x9E93
mem[X,0x00000000800012DE] -> 0x00BE
[1212] [M]: 0x00000000800012DC (0x00BE9E93) slli t4, t4, 0xb
x29 <- 0x0000013FFEC40000

mem[X,0x00000000800012E0] -> 0x8E93
mem[X,0x00000000800012E2] -> 0x000E
[1213] [M]: 0x00000000800012E0 (0x000E8E93) addi t4, t4, 0x0
x29 <- 0x0000013FFEC40000

mem[X,0x00000000800012E4] -> 0x9E93
mem[X,0x00000000800012E6] -> 0x00AE
[1214] [M]: 0x00000000800012E4 (0x00AE9E93) slli t4, t4, 0xa
x29 <- 0x0004FFFB10000000

mem[X,0x00000000800012E8] -> 0x8E93
mem[X,0x00000000800012EA] -> 0x010E
[1215] [M]: 0x00000000800012E8 (0x010E8E93) addi t4, t4, 0x10
x29 <- 0x0004FFFB10000010

mem[X,0x00000000800012EC] -> 0x1FBB
mem[X,0x00000000800012EE] -> 0x91DF
[1216] [M]: 0x00000000800012EC (0x91DF1FBB) pmul.h.beo t6, t5, t4
x31 <- 0x0000000100000000

mem[X,0x00000000800012F0] -> 0xB823
mem[X,0x00000000800012F2] -> 0x0FF0
[1217] [M]: 0x00000000800012F0 (0x0FF0B823) sd t6, 0xf0(ra)
mem[0x0000000080004300] <- 0x0000000100000000

mem[X,0x00000000800012F4] -> 0x0F37
mem[X,0x00000000800012F6] -> 0xBFFF
[1218] [M]: 0x00000000800012F4 (0xBFFF0F37) lui t5, -0x40010
x30 <- 0xFFFFFFFFBFFF0000

mem[X,0x00000000800012F8] -> 0x0F13
mem[X,0x00000000800012FA] -> 0x002F
[1219] [M]: 0x00000000800012F8 (0x002F0F13) addi t5, t5, 0x2
x30 <- 0xFFFFFFFFBFFF0002

mem[X,0x00000000800012FC] -> 0x1F13
mem[X,0x00000000800012FE] -> 0x00BF
[1220] [M]: 0x00000000800012FC (0x00BF1F13) slli t5, t5, 0xb
x30 <- 0xFFFFFDFFF8001000

mem[X,0x0000000080001300] -> 0x0F13
mem[X,0x0000000080001302] -> 0x000F
[1221] [M]: 0x0000000080001300 (0x000F0F13) addi t5, t5, 0x0
x30 <- 0xFFFFFDFFF8001000

mem[X,0x0000000080001304] -> 0x1F13
mem[X,0x0000000080001306] -> 0x00BF
[1222] [M]: 0x0000000080001304 (0x00BF1F13) slli t5, t5, 0xb
x30 <- 0xFFEFFFC000800000

mem[X,0x0000000080001308] -> 0x0F13
mem[X,0x000000008000130A] -> 0x100F
[1223] [M]: 0x0000000080001308 (0x100F0F13) addi t5, t5, 0x100
x30 <- 0xFFEFFFC000800100

mem[X,0x000000008000130C] -> 0x1F13
mem[X,0x000000008000130E] -> 0x00AF
[1224] [M]: 0x000000008000130C (0x00AF1F13) slli t5, t5, 0xa
x30 <- 0xBFFF000200040000

mem[X,0x0000000080001310] -> 0x0F13
mem[X,0x0000000080001312] -> 0x005F
[1225] [M]: 0x0000000080001310 (0x005F0F13) addi t5, t5, 0x5
x30 <- 0xBFFF000200040005

mem[X,0x0000000080001314] -> 0x0EB7
mem[X,0x0000000080001316] -> 0x0080
[1226] [M]: 0x0000000080001314 (0x00800EB7) lui t4, 0x800
x29 <- 0x0000000000800000

mem[X,0x0000000080001318] -> 0x8E93
mem[X,0x000000008000131A] -> 0x003E
[1227] [M]: 0x0000000080001318 (0x003E8E93) addi t4, t4, 0x3
x29 <- 0x0000000000800003

mem[X,0x000000008000131C] -> 0x9E93
mem[X,0x000000008000131E] -> 0x00BE
[1228] [M]: 0x000000008000131C (0x00BE9E93) slli t4, t4, 0xb
x29 <- 0x0000000400001800

mem[X,0x0000000080001320] -> 0x8E93
mem[X,0x0000000080001322] -> 0x010E
[1229] [M]: 0x0000000080001320 (0x010E8E93) addi t4, t4, 0x10
x29 <- 0x0000000400001810

mem[X,0x0000000080001324] -> 0x9E93
mem[X,0x0000000080001326] -> 0x00BE
[1230] [M]: 0x0000000080001324 (0x00BE9E93) slli t4, t4, 0xb
x29 <- 0x0000200000C08000

mem[X,0x0000000080001328] -> 0x8E93
mem[X,0x000000008000132A] -> 0x000E
[1231] [M]: 0x0000000080001328 (0x000E8E93) addi t4, t4, 0x0
x29 <- 0x0000200000C08000

mem[X,0x000000008000132C] -> 0x9E93
mem[X,0x000000008000132E] -> 0x00AE
[1232] [M]: 0x000000008000132C (0x00AE9E93) slli t4, t4, 0xa
x29 <- 0x0080000302000000

mem[X,0x0000000080001330] -> 0x8E93
mem[X,0x0000000080001332] -> 0x040E
[1233] [M]: 0x0000000080001330 (0x040E8E93) addi t4, t4, 0x40
x29 <- 0x0080000302000040

mem[X,0x0000000080001334] -> 0x1FBB
mem[X,0x0000000080001336] -> 0x91DF
[1234] [M]: 0x0000000080001334 (0x91DF1FBB) pmul.h.beo t6, t5, t4
x31 <- 0x0000000000080000

mem[X,0x0000000080001338] -> 0xBC23
mem[X,0x000000008000133A] -> 0x0FF0
[1235] [M]: 0x0000000080001338 (0x0FF0BC23) sd t6, 0xf8(ra)
mem[0x0000000080004308] <- 0x0000000000080000

mem[X,0x000000008000133C] -> 0x0F37
mem[X,0x000000008000133E] -> 0x0081
[1236] [M]: 0x000000008000133C (0x00810F37) lui t5, 0x810
x30 <- 0x0000000000810000

mem[X,0x0000000080001340] -> 0x0F13
mem[X,0x0000000080001342] -> 0xEFFF
[1237] [M]: 0x0000000080001340 (0xEFFF0F13) addi t5, t5, -0x101
x30 <- 0x000000000080FEFF

mem[X,0x0000000080001344] -> 0x1F13
mem[X,0x0000000080001346] -> 0x00BF
[1238] [M]: 0x0000000080001344 (0x00BF1F13) slli t5, t5, 0xb
x30 <- 0x0000000407F7F800

mem[X,0x0000000080001348] -> 0x0F13
mem[X,0x000000008000134A] -> 0x008F
[1239] [M]: 0x0000000080001348 (0x008F0F13) addi t5, t5, 0x8
x30 <- 0x0000000407F7F808

mem[X,0x000000008000134C] -> 0x1F13
mem[X,0x000000008000134E] -> 0x00BF
[1240] [M]: 0x000000008000134C (0x00BF1F13) slli t5, t5, 0xb
x30 <- 0x0000203FBFC04000

mem[X,0x0000000080001350] -> 0x0F13
mem[X,0x0000000080001352] -> 0x03FF
[1241] [M]: 0x0000000080001350 (0x03FF0F13) addi t5, t5, 0x3f
x30 <- 0x0000203FBFC0403F

mem[X,0x0000000080001354] -> 0x1F13
mem[X,0x0000000080001356] -> 0x00AF
[1242] [M]: 0x0000000080001354 (0x00AF1F13) slli t5, t5, 0xa
x30 <- 0x0080FEFF0100FC00

mem[X,0x0000000080001358] -> 0x0F13
mem[X,0x000000008000135A] -> 0x2FFF
[1243] [M]: 0x0000000080001358 (0x2FFF0F13) addi t5, t5, 0x2ff
x30 <- 0x0080FEFF0100FEFF

mem[X,0x000000008000135C] -> 0x0EB7
mem[X,0x000000008000135E] -> 0xFFFC
[1244] [M]: 0x000000008000135C (0xFFFC0EB7) lui t4, -0x40
x29 <- 0xFFFFFFFFFFFC0000

mem[X,0x0000000080001360] -> 0x8E93
mem[X,0x0000000080001362] -> 0x004E
[1245] [M]: 0x0000000080001360 (0x004E8E93) addi t4, t4, 0x4
x29 <- 0xFFFFFFFFFFFC0004

mem[X,0x0000000080001364] -> 0x9E93
mem[X,0x0000000080001366] -> 0x00BE
[1246] [M]: 0x0000000080001364 (0x00BE9E93) slli t4, t4, 0xb
x29 <- 0xFFFFFFFFE0002000

mem[X,0x0000000080001368] -> 0x8E93
mem[X,0x000000008000136A] -> 0x7EFE
[1247] [M]: 0x0000000080001368 (0x7EFE8E93) addi t4, t4, 0x7ef
x29 <- 0xFFFFFFFFE00027EF

mem[X,0x000000008000136C] -> 0x9E93
mem[X,0x000000008000136E] -> 0x00BE
[1248] [M]: 0x000000008000136C (0x00BE9E93) slli t4, t4, 0xb
x29 <- 0xFFFFFF00013F7800

mem[X,0x0000000080001370] -> 0x8E93
mem[X,0x0000000080001372] -> 0x7FFE
[1249] [M]: 0x0000000080001370 (0x7FFE8E93) addi t4, t4, 0x7ff
x29 <- 0xFFFFFF00013F7FFF

mem[X,0x0000000080001374] -> 0x9E93
mem[X,0x0000000080001376] -> 0x00AE
[1250] [M]: 0x0000000080001374 (0x00AE9E93) slli t4, t4, 0xa
x29 <- 0xFFFC0004FDFFFC00

mem[X,0x0000000080001378] -> 0x8E93
mem[X,0x000000008000137A] -> 0x3FBE
[1251] [M]: 0x0000000080001378 (0x3FBE8E93) addi t4, t4, 0x3fb
x29 <- 0xFFFC0004FDFFFFFB

mem[X,0x000000008000137C] -> 0x1FBB
mem[X,0x000000008000137E] -> 0x91DF
[1252] [M]: 0x000000008000137C (0x91DF1FBB) pmul.h.beo t6, t5, t4
x31 <- 0x0080000000000001

mem[X,0x0000000080001380] -> 0xB023
mem[X,0x0000000080001382] -> 0x11F0
[1253] [M]: 0x0000000080001380 (0x11F0B023) sd t6, 0x100(ra)
mem[0x0000000080004310] <- 0x0080000000000001

mem[X,0x0000000080001384] -> 0xEF37
mem[X,0x0000000080001386] -> 0xEFFF
[1254] [M]: 0x0000000080001384 (0xEFFFEF37) lui t5, -0x10002
x30 <- 0xFFFFFFFFEFFFE000

mem[X,0x0000000080001388] -> 0x0F13
mem[X,0x000000008000138A] -> 0xFFFF
[1255] [M]: 0x0000000080001388 (0xFFFF0F13) addi t5, t5, -0x1
x30 <- 0xFFFFFFFFEFFFDFFF

mem[X,0x000000008000138C] -> 0x1F13
mem[X,0x000000008000138E] -> 0x00BF
[1256] [M]: 0x000000008000138C (0x00BF1F13) slli t5, t5, 0xb
x30 <- 0xFFFFFF7FFEFFF800

mem[X,0x0000000080001390] -> 0x0F13
mem[X,0x0000000080001392] -> 0x7FFF
[1257] [M]: 0x0000000080001390 (0x7FFF0F13) addi t5, t5, 0x7ff
x30 <- 0xFFFFFF7FFEFFFFFF

mem[X,0x0000000080001394] -> 0x1F13
mem[X,0x0000000080001396] -> 0x00BF
[1258] [M]: 0x0000000080001394 (0x00BF1F13) slli t5, t5, 0xb
x30 <- 0xFFFBFFF7FFFFF800

mem[X,0x0000000080001398] -> 0x0F13
mem[X,0x000000008000139A] -> 0x6C0F
[1259] [M]: 0x0000000080001398 (0x6C0F0F13) addi t5, t5, 0x6c0
x30 <- 0xFFFBFFF7FFFFFEC0

mem[X,0x000000008000139C] -> 0x1F13
mem[X,0x000000008000139E] -> 0x00AF
[1260] [M]: 0x000000008000139C (0x00AF1F13) slli t5, t5, 0xa
x30 <- 0xEFFFDFFFFFFB0000

mem[X,0x00000000800013A0] -> 0x0F13
mem[X,0x00000000800013A2] -> 0x001F
[1261] [M]: 0x00000000800013A0 (0x001F0F13) addi t5, t5, 0x1
x30 <- 0xEFFFDFFFFFFB0001

mem[X,0x00000000800013A4] -> 0x0EB7
mem[X,0x00000000800013A6] -> 0xFFF9
[1262] [M]: 0x00000000800013A4 (0xFFF90EB7) lui t4, -0x70
x29 <- 0xFFFFFFFFFFF90000

mem[X,0x00000000800013A8] -> 0x8E93
mem[X,0x00000000800013AA] -> 0x006E
[1263] [M]: 0x00000000800013A8 (0x006E8E93) addi t4, t4, 0x6
x29 <- 0xFFFFFFFFFFF90006

mem[X,0x00000000800013AC] -> 0x9E93
mem[X,0x00000000800013AE] -> 0x00BE
[1264] [M]: 0x00000000800013AC (0x00BE9E93) slli t4, t4, 0xb
x29 <- 0xFFFFFFFFC8003000

mem[X,0x00000000800013B0] -> 0x8E93
mem[X,0x00000000800013B2] -> 0x000E
[1265] [M]: 0x00000000800013B0 (0x000E8E93) addi t4, t4, 0x0
x29 <- 0xFFFFFFFFC8003000

mem[X,0x00000000800013B4] -> 0x9E93
mem[X,0x00000000800013B6] -> 0x00BE
[1266] [M]: 0x00000000800013B4 (0x00BE9E93) slli t4, t4, 0xb
x29 <- 0xFFFFFE4001800000

mem[X,0x00000000800013B8] -> 0x8E93
mem[X,0x00000000800013BA] -> 0x23FE
[1267] [M]: 0x00000000800013B8 (0x23FE8E93) addi t4, t4, 0x23f
x29 <- 0xFFFFFE400180023F

mem[X,0x00000000800013BC] -> 0x9E93
mem[X,0x00000000800013BE] -> 0x00AE
[1268] [M]: 0x00000000800013BC (0x00AE9E93) slli t4, t4, 0xa
x29 <- 0xFFF900060008FC00

mem[X,0x00000000800013C0] -> 0x8E93
mem[X,0x00000000800013C2] -> 0x3F7E
[1269] [M]: 0x00000000800013C0 (0x3F7E8E93) addi t4, t4, 0x3f7
x29 <- 0xFFF900060008FFF7

mem[X,0x00000000800013C4] -> 0x1FBB
mem[X,0x00000000800013C6] -> 0x91DF
[1270] [M]: 0x00000000800013C4 (0x91DF1FBB) pmul.h.beo t6, t5, t4
x31 <- 0x000100000000FFFF

mem[X,0x00000000800013C8] -> 0xB423
mem[X,0x00000000800013CA] -> 0x11F0
[1271] [M]: 0x00000000800013C8 (0x11F0B423) sd t6, 0x108(ra)
mem[0x0000000080004318] <- 0x000100000000FFFF

mem[X,0x00000000800013CC] -> 0x0F37
mem[X,0x00000000800013CE] -> 0x0007
[1272] [M]: 0x00000000800013CC (0x00070F37) lui t5, 0x70
x30 <- 0x0000000000070000

mem[X,0x00000000800013D0] -> 0x0F13
mem[X,0x00000000800013D2] -> 0x200F
[1273] [M]: 0x00000000800013D0 (0x200F0F13) addi t5, t5, 0x200
x30 <- 0x0000000000070200

mem[X,0x00000000800013D4] -> 0x1F13
mem[X,0x00000000800013D6] -> 0x00BF
[1274] [M]: 0x00000000800013D4 (0x00BF1F13) slli t5, t5, 0xb
x30 <- 0x0000000038100000

mem[X,0x00000000800013D8] -> 0x0F13
mem[X,0x00000000800013DA] -> 0x200F
[1275] [M]: 0x00000000800013D8 (0x200F0F13) addi t5, t5, 0x200
x30 <- 0x0000000038100200

mem[X,0x00000000800013DC] -> 0x1F13
mem[X,0x00000000800013DE] -> 0x00BF
[1276] [M]: 0x00000000800013DC (0x00BF1F13) slli t5, t5, 0xb
x30 <- 0x000001C080100000

mem[X,0x00000000800013E0] -> 0x0F13
mem[X,0x00000000800013E2] -> 0x03FF
[1277] [M]: 0x00000000800013E0 (0x03FF0F13) addi t5, t5, 0x3f
x30 <- 0x000001C08010003F

mem[X,0x00000000800013E4] -> 0x1F13
mem[X,0x00000000800013E6] -> 0x00AF
[1278] [M]: 0x00000000800013E4 (0x00AF1F13) slli t5, t5, 0xa
x30 <- 0x000702004000FC00

mem[X,0x00000000800013E8] -> 0x0F13
mem[X,0x00000000800013EA] -> 0x3FDF
[1279] [M]: 0x00000000800013E8 (0x3FDF0F13) addi t5, t5, 0x3fd
x30 <- 0x000702004000FFFD

mem[X,0x00000000800013EC] -> 0x0EB7
mem[X,0x00000000800013EE] -> 0xFFFA
[1280] [M]: 0x00000000800013EC (0xFFFA0EB7) lui t4, -0x60
x29 <- 0xFFFFFFFFFFFA0000

mem[X,0x00000000800013F0] -> 0x8E93
mem[X,0x00000000800013F2] -> 0xFF7E
[1281] [M]: 0x00000000800013F0 (0xFF7E8E93) addi t4, t4, -0x9
x29 <- 0xFFFFFFFFFFF9FFF7

mem[X,0x00000000800013F4] -> 0x9E93
mem[X,0x00000000800013F6] -> 0x00BE
[1282] [M]: 0x00000000800013F4 (0x00BE9E93) slli t4, t4, 0xb
x29 <- 0xFFFFFFFFCFFFB800

mem[X,0x00000000800013F8] -> 0x8E93
mem[X,0x00000000800013FA] -> 0x1FFE
[1283] [M]: 0x00000000800013F8 (0x1FFE8E93) addi t4, t4, 0x1ff
x29 <- 0xFFFFFFFFCFFFB9FF

mem[X,0x00000000800013FC] -> 0x9E93
mem[X,0x00000000800013FE] -> 0x00BE
[1284] [M]: 0x00000000800013FC (0x00BE9E93) slli t4, t4, 0xb
x29 <- 0xFFFFFE7FFDCFF800

mem[X,0x0000000080001400] -> 0x8E93
mem[X,0x0000000080001402] -> 0x7FEE
[1285] [M]: 0x0000000080001400 (0x7FEE8E93) addi t4, t4, 0x7fe
x29 <- 0xFFFFFE7FFDCFFFFE

mem[X,0x0000000080001404] -> 0x9E93
mem[X,0x0000000080001406] -> 0x00AE
[1286] [M]: 0x0000000080001404 (0x00AE9E93) slli t4, t4, 0xa
x29 <- 0xFFF9FFF73FFFF800

mem[X,0x0000000080001408] -> 0x8E93
mem[X,0x000000008000140A] -> 0x3FFE
[1287] [M]: 0x0000000080001408 (0x3FFE8E93) addi t4, t4, 0x3ff
x29 <- 0xFFF9FFF73FFFFBFF

mem[X,0x000000008000140C] -> 0x1FBB
mem[X,0x000000008000140E] -> 0x91DF
[1288] [M]: 0x000000008000140C (0x91DF1FBB) pmul.h.beo t6, t5, t4
x31 <- 0xFFF900000000000F

mem[X,0x0000000080001410] -> 0xB823
mem[X,0x0000000080001412] -> 0x11F0
[1289] [M]: 0x0000000080001410 (0x11F0B823) sd t6, 0x110(ra)
mem[0x0000000080004320] <- 0xFFF900000000000F

mem[X,0x0000000080001414] -> 0x0F37
mem[X,0x0000000080001416] -> 0x0001
[1290] [M]: 0x0000000080001414 (0x00010F37) lui t5, 0x10
x30 <- 0x0000000000010000

mem[X,0x0000000080001418] -> 0x0F13
mem[X,0x000000008000141A] -> 0x200F
[1291] [M]: 0x0000000080001418 (0x200F0F13) addi t5, t5, 0x200
x30 <- 0x0000000000010200

mem[X,0x000000008000141C] -> 0x1F13
mem[X,0x000000008000141E] -> 0x00BF
[1292] [M]: 0x000000008000141C (0x00BF1F13) slli t5, t5, 0xb
x30 <- 0x0000000008100000

mem[X,0x0000000080001420] -> 0x0F13
mem[X,0x0000000080001422] -> 0x004F
[1293] [M]: 0x0000000080001420 (0x004F0F13) addi t5, t5, 0x4
x30 <- 0x0000000008100004

mem[X,0x0000000080001424] -> 0x1F13
mem[X,0x0000000080001426] -> 0x00BF
[1294] [M]: 0x0000000080001424 (0x00BF1F13) slli t5, t5, 0xb
x30 <- 0x0000004080002000

mem[X,0x0000000080001428] -> 0x0F13
mem[X,0x000000008000142A] -> 0x000F
[1295] [M]: 0x0000000080001428 (0x000F0F13) addi t5, t5, 0x0
x30 <- 0x0000004080002000

mem[X,0x000000008000142C] -> 0x1F13
mem[X,0x000000008000142E] -> 0x00AF
[1296] [M]: 0x000000008000142C (0x00AF1F13) slli t5, t5, 0xa
x30 <- 0x0001020000800000

mem[X,0x0000000080001430] -> 0x0F13
mem[X,0x0000000080001432] -> 0x010F
[1297] [M]: 0x0000000080001430 (0x010F0F13) addi t5, t5, 0x10
x30 <- 0x0001020000800010

mem[X,0x0000000080001434] -> 0x4EB7
mem[X,0x0000000080001436] -> 0x2000
[1298] [M]: 0x0000000080001434 (0x20004EB7) lui t4, 0x20004
x29 <- 0x0000000020004000

mem[X,0x0000000080001438] -> 0x8E93
mem[X,0x000000008000143A] -> 0xFFFE
[1299] [M]: 0x0000000080001438 (0xFFFE8E93) addi t4, t4, -0x1
x29 <- 0x0000000020003FFF

clint::tick mtime <- 0x000000000000000D
 clint timer pending at mtime 0x000000000000000D
htif::tick 0x0000000000000000
mem[X,0x000000008000143C] -> 0x9E93
mem[X,0x000000008000143E] -> 0x00BE
[1300] [M]: 0x000000008000143C (0x00BE9E93) slli t4, t4, 0xb
x29 <- 0x0000010001FFF800

mem[X,0x0000000080001440] -> 0x8E93
mem[X,0x0000000080001442] -> 0x7FBE
[1301] [M]: 0x0000000080001440 (0x7FBE8E93) addi t4, t4, 0x7fb
x29 <- 0x0000010001FFFFFB

mem[X,0x0000000080001444] -> 0x9E93
mem[X,0x0000000080001446] -> 0x00BE
[1302] [M]: 0x0000000080001444 (0x00BE9E93) slli t4, t4, 0xb
x29 <- 0x0008000FFFFFD800

mem[X,0x0000000080001448] -> 0x8E93
mem[X,0x000000008000144A] -> 0x7FDE
[1303] [M]: 0x0000000080001448 (0x7FDE8E93) addi t4, t4, 0x7fd
x29 <- 0x0008000FFFFFDFFD

mem[X,0x000000008000144C] -> 0x9E93
mem[X,0x000000008000144E] -> 0x00AE
[1304] [M]: 0x000000008000144C (0x00AE9E93) slli t4, t4, 0xa
x29 <- 0x20003FFFFF7FF400

mem[X,0x0000000080001450] -> 0x8E93
mem[X,0x0000000080001452] -> 0x3FFE
[1305] [M]: 0x0000000080001450 (0x3FFE8E93) addi t4, t4, 0x3ff
x29 <- 0x20003FFFFF7FF7FF

mem[X,0x0000000080001454] -> 0x1FBB
mem[X,0x0000000080001456] -> 0x91DF
[1306] [M]: 0x0000000080001454 (0x91DF1FBB) pmul.h.beo t6, t5, t4
x31 <- 0x002000000080FF70

mem[X,0x0000000080001458] -> 0xBC23
mem[X,0x000000008000145A] -> 0x11F0
[1307] [M]: 0x0000000080001458 (0x11F0BC23) sd t6, 0x118(ra)
mem[0x0000000080004328] <- 0x002000000080FF70

mem[X,0x000000008000145C] -> 0x0F37
mem[X,0x000000008000145E] -> 0xFFF0
[1308] [M]: 0x000000008000145C (0xFFF00F37) lui t5, -0x100
x30 <- 0xFFFFFFFFFFF00000

mem[X,0x0000000080001460] -> 0x0F13
mem[X,0x0000000080001462] -> 0xDFFF
[1309] [M]: 0x0000000080001460 (0xDFFF0F13) addi t5, t5, -0x201
x30 <- 0xFFFFFFFFFFEFFDFF

mem[X,0x0000000080001464] -> 0x1F13
mem[X,0x0000000080001466] -> 0x00BF
[1310] [M]: 0x0000000080001464 (0x00BF1F13) slli t5, t5, 0xb
x30 <- 0xFFFFFFFF7FEFF800

mem[X,0x0000000080001468] -> 0x0F13
mem[X,0x000000008000146A] -> 0x1FFF
[1311] [M]: 0x0000000080001468 (0x1FFF0F13) addi t5, t5, 0x1ff
x30 <- 0xFFFFFFFF7FEFF9FF

mem[X,0x000000008000146C] -> 0x1F13
mem[X,0x000000008000146E] -> 0x00BF
[1312] [M]: 0x000000008000146C (0x00BF1F13) slli t5, t5, 0xb
x30 <- 0xFFFFFBFF7FCFF800

mem[X,0x0000000080001470] -> 0x0F13
mem[X,0x0000000080001472] -> 0x7C0F
[1313] [M]: 0x0000000080001470 (0x7C0F0F13) addi t5, t5, 0x7c0
x30 <- 0xFFFFFBFF7FCFFFC0

mem[X,0x0000000080001474] -> 0x1F13
mem[X,0x0000000080001476] -> 0x00AF
[1314] [M]: 0x0000000080001474 (0x00AF1F13) slli t5, t5, 0xa
x30 <- 0xFFEFFDFF3FFF0000

mem[X,0x0000000080001478] -> 0x0F13
mem[X,0x000000008000147A] -> 0x001F
[1315] [M]: 0x0000000080001478 (0x001F0F13) addi t5, t5, 0x1
x30 <- 0xFFEFFDFF3FFF0001

mem[X,0x000000008000147C] -> 0x0EB7
mem[X,0x000000008000147E] -> 0xFFBF
[1316] [M]: 0x000000008000147C (0xFFBF0EB7) lui t4, -0x410
x29 <- 0xFFFFFFFFFFBF0000

mem[X,0x0000000080001480] -> 0x8E93
mem[X,0x0000000080001482] -> 0x001E
[1317] [M]: 0x0000000080001480 (0x001E8E93) addi t4, t4, 0x1
x29 <- 0xFFFFFFFFFFBF0001

mem[X,0x0000000080001484] -> 0x9E93
mem[X,0x0000000080001486] -> 0x00BE
[1318] [M]: 0x0000000080001484 (0x00BE9E93) slli t4, t4, 0xb
x29 <- 0xFFFFFFFDF8000800

mem[X,0x0000000080001488] -> 0x8E93
mem[X,0x000000008000148A] -> 0x7FFE
[1319] [M]: 0x0000000080001488 (0x7FFE8E93) addi t4, t4, 0x7ff
x29 <- 0xFFFFFFFDF8000FFF

mem[X,0x000000008000148C] -> 0x9E93
mem[X,0x000000008000148E] -> 0x00BE
[1320] [M]: 0x000000008000148C (0x00BE9E93) slli t4, t4, 0xb
x29 <- 0xFFFFEFC0007FF800

mem[X,0x0000000080001490] -> 0x8E93
mem[X,0x0000000080001492] -> 0x5D5E
[1321] [M]: 0x0000000080001490 (0x5D5E8E93) addi t4, t4, 0x5d5
x29 <- 0xFFFFEFC0007FFDD5

mem[X,0x0000000080001494] -> 0x9E93
mem[X,0x0000000080001496] -> 0x00AE
[1322] [M]: 0x0000000080001494 (0x00AE9E93) slli t4, t4, 0xa
x29 <- 0xFFBF0001FFF75400

mem[X,0x0000000080001498] -> 0x8E93
mem[X,0x000000008000149A] -> 0x155E
[1323] [M]: 0x0000000080001498 (0x155E8E93) addi t4, t4, 0x155
x29 <- 0xFFBF0001FFF75555

mem[X,0x000000008000149C] -> 0x1FBB
mem[X,0x000000008000149E] -> 0x91DF
[1324] [M]: 0x000000008000149C (0x91DF1FBB) pmul.h.beo t6, t5, t4
x31 <- 0x0011000000010055

mem[X,0x00000000800014A0] -> 0xB023
mem[X,0x00000000800014A2] -> 0x13F0
[1325] [M]: 0x00000000800014A0 (0x13F0B023) sd t6, 0x120(ra)
mem[0x0000000080004330] <- 0x0011000000010055

mem[X,0x00000000800014A4] -> 0x0F37
mem[X,0x00000000800014A6] -> 0xE000
[1326] [M]: 0x00000000800014A4 (0xE0000F37) lui t5, -0x20000
x30 <- 0xFFFFFFFFE0000000

mem[X,0x00000000800014A8] -> 0x0F13
mem[X,0x00000000800014AA] -> 0xDFFF
[1327] [M]: 0x00000000800014A8 (0xDFFF0F13) addi t5, t5, -0x201
x30 <- 0xFFFFFFFFDFFFFDFF

mem[X,0x00000000800014AC] -> 0x1F13
mem[X,0x00000000800014AE] -> 0x00BF
[1328] [M]: 0x00000000800014AC (0x00BF1F13) slli t5, t5, 0xb
x30 <- 0xFFFFFEFFFFEFF800

mem[X,0x00000000800014B0] -> 0x0F13
mem[X,0x00000000800014B2] -> 0x100F
[1329] [M]: 0x00000000800014B0 (0x100F0F13) addi t5, t5, 0x100
x30 <- 0xFFFFFEFFFFEFF900

mem[X,0x00000000800014B4] -> 0x1F13
mem[X,0x00000000800014B6] -> 0x00BF
[1330] [M]: 0x00000000800014B4 (0x00BF1F13) slli t5, t5, 0xb
x30 <- 0xFFF7FFFF7FC80000

mem[X,0x00000000800014B8] -> 0x0F13
mem[X,0x00000000800014BA] -> 0x03EF
[1331] [M]: 0x00000000800014B8 (0x03EF0F13) addi t5, t5, 0x3e
x30 <- 0xFFF7FFFF7FC8003E

mem[X,0x00000000800014BC] -> 0x1F13
mem[X,0x00000000800014BE] -> 0x00AF
[1332] [M]: 0x00000000800014BC (0x00AF1F13) slli t5, t5, 0xa
x30 <- 0xDFFFFDFF2000F800

mem[X,0x00000000800014C0] -> 0x0F13
mem[X,0x00000000800014C2] -> 0x3FFF
[1333] [M]: 0x00000000800014C0 (0x3FFF0F13) addi t5, t5, 0x3ff
x30 <- 0xDFFFFDFF2000FBFF

mem[X,0x00000000800014C4] -> 0x0EB7
mem[X,0x00000000800014C6] -> 0xFBFF
[1334] [M]: 0x00000000800014C4 (0xFBFF0EB7) lui t4, -0x4010
x29 <- 0xFFFFFFFFFBFF0000

mem[X,0x00000000800014C8] -> 0x8E93
mem[X,0x00000000800014CA] -> 0x003E
[1335] [M]: 0x00000000800014C8 (0x003E8E93) addi t4, t4, 0x3
x29 <- 0xFFFFFFFFFBFF0003

mem[X,0x00000000800014CC] -> 0x9E93
mem[X,0x00000000800014CE] -> 0x00BE
[1336] [M]: 0x00000000800014CC (0x00BE9E93) slli t4, t4, 0xb
x29 <- 0xFFFFFFDFF8001800

mem[X,0x00000000800014D0] -> 0x8E93
mem[X,0x00000000800014D2] -> 0x400E
[1337] [M]: 0x00000000800014D0 (0x400E8E93) addi t4, t4, 0x400
x29 <- 0xFFFFFFDFF8001C00

mem[X,0x00000000800014D4] -> 0x9E93
mem[X,0x00000000800014D6] -> 0x00BE
[1338] [M]: 0x00000000800014D4 (0x00BE9E93) slli t4, t4, 0xb
x29 <- 0xFFFEFFC000E00000

mem[X,0x00000000800014D8] -> 0x8E93
mem[X,0x00000000800014DA] -> 0x00FE
[1339] [M]: 0x00000000800014D8 (0x00FE8E93) addi t4, t4, 0xf
x29 <- 0xFFFEFFC000E0000F

mem[X,0x00000000800014DC] -> 0x9E93
mem[X,0x00000000800014DE] -> 0x00AE
[1340] [M]: 0x00000000800014DC (0x00AE9E93) slli t4, t4, 0xa
x29 <- 0xFBFF000380003C00

mem[X,0x00000000800014E0] -> 0x8E93
mem[X,0x00000000800014E2] -> 0x3FFE
[1341] [M]: 0x00000000800014E0 (0x3FFE8E93) addi t4, t4, 0x3ff
x29 <- 0xFBFF000380003FFF

mem[X,0x00000000800014E4] -> 0x1FBB
mem[X,0x00000000800014E6] -> 0x91DF
[1342] [M]: 0x00000000800014E4 (0x91DF1FBB) pmul.h.beo t6, t5, t4
x31 <- 0x000500000000FFC1

mem[X,0x00000000800014E8] -> 0xB423
mem[X,0x00000000800014EA] -> 0x13F0
[1343] [M]: 0x00000000800014E8 (0x13F0B423) sd t6, 0x128(ra)
mem[0x0000000080004338] <- 0x000500000000FFC1

mem[X,0x00000000800014EC] -> 0x0F37
mem[X,0x00000000800014EE] -> 0x0001
[1344] [M]: 0x00000000800014EC (0x00010F37) lui t5, 0x10
x30 <- 0x0000000000010000

mem[X,0x00000000800014F0] -> 0x0F13
mem[X,0x00000000800014F2] -> 0x020F
[1345] [M]: 0x00000000800014F0 (0x020F0F13) addi t5, t5, 0x20
x30 <- 0x0000000000010020

mem[X,0x00000000800014F4] -> 0x1F13
mem[X,0x00000000800014F6] -> 0x00BF
[1346] [M]: 0x00000000800014F4 (0x00BF1F13) slli t5, t5, 0xb
x30 <- 0x0000000008010000

mem[X,0x00000000800014F8] -> 0x0F13
mem[X,0x00000000800014FA] -> 0x7FFF
[1347] [M]: 0x00000000800014F8 (0x7FFF0F13) addi t5, t5, 0x7ff
x30 <- 0x00000000080107FF

mem[X,0x00000000800014FC] -> 0x1F13
mem[X,0x00000000800014FE] -> 0x00BF
[1348] [M]: 0x00000000800014FC (0x00BF1F13) slli t5, t5, 0xb
x30 <- 0x00000040083FF800

mem[X,0x0000000080001500] -> 0x0F13
mem[X,0x0000000080001502] -> 0x780F
[1349] [M]: 0x0000000080001500 (0x780F0F13) addi t5, t5, 0x780
x30 <- 0x00000040083FFF80

mem[X,0x0000000080001504] -> 0x1F13
mem[X,0x0000000080001506] -> 0x00AF
[1350] [M]: 0x0000000080001504 (0x00AF1F13) slli t5, t5, 0xa
x30 <- 0x00010020FFFE0000

mem[X,0x0000000080001508] -> 0x0F13
mem[X,0x000000008000150A] -> 0x001F
[1351] [M]: 0x0000000080001508 (0x001F0F13) addi t5, t5, 0x1
x30 <- 0x00010020FFFE0001

mem[X,0x000000008000150C] -> 0x0EB7
mem[X,0x000000008000150E] -> 0xAAAA
[1352] [M]: 0x000000008000150C (0xAAAA0EB7) lui t4, -0x55560
x29 <- 0xFFFFFFFFAAAA0000

mem[X,0x0000000080001510] -> 0x8E93
mem[X,0x0000000080001512] -> 0x006E
[1353] [M]: 0x0000000080001510 (0x006E8E93) addi t4, t4, 0x6
x29 <- 0xFFFFFFFFAAAA0006

mem[X,0x0000000080001514] -> 0x9E93
mem[X,0x0000000080001516] -> 0x00BE
[1354] [M]: 0x0000000080001514 (0x00BE9E93) slli t4, t4, 0xb
x29 <- 0xFFFFFD5550003000

mem[X,0x0000000080001518] -> 0x8E93
mem[X,0x000000008000151A] -> 0x000E
[1355] [M]: 0x0000000080001518 (0x000E8E93) addi t4, t4, 0x0
x29 <- 0xFFFFFD5550003000

mem[X,0x000000008000151C] -> 0x9E93
mem[X,0x000000008000151E] -> 0x00BE
[1356] [M]: 0x000000008000151C (0x00BE9E93) slli t4, t4, 0xb
x29 <- 0xFFEAAA8001800000

mem[X,0x0000000080001520] -> 0x8E93
mem[X,0x0000000080001522] -> 0x080E
[1357] [M]: 0x0000000080001520 (0x080E8E93) addi t4, t4, 0x80
x29 <- 0xFFEAAA8001800080

mem[X,0x0000000080001524] -> 0x9E93
mem[X,0x0000000080001526] -> 0x00AE
[1358] [M]: 0x0000000080001524 (0x00AE9E93) slli t4, t4, 0xa
x29 <- 0xAAAA000600020000

mem[X,0x0000000080001528] -> 0x8E93
mem[X,0x000000008000152A] -> 0x005E
[1359] [M]: 0x0000000080001528 (0x005E8E93) addi t4, t4, 0x5
x29 <- 0xAAAA000600020005

mem[X,0x000000008000152C] -> 0x1FBB
mem[X,0x000000008000152E] -> 0x91DF
[1360] [M]: 0x000000008000152C (0x91DF1FBB) pmul.h.beo t6, t5, t4
x31 <- 0xFFAA000000000000

mem[X,0x0000000080001530] -> 0xB823
mem[X,0x0000000080001532] -> 0x13F0
[1361] [M]: 0x0000000080001530 (0x13F0B823) sd t6, 0x130(ra)
mem[0x0000000080004340] <- 0xFFAA000000000000

mem[X,0x0000000080001534] -> 0x4F37
mem[X,0x0000000080001536] -> 0x0800
[1362] [M]: 0x0000000080001534 (0x08004F37) lui t5, 0x8004
x30 <- 0x0000000008004000

mem[X,0x0000000080001538] -> 0x0F13
mem[X,0x000000008000153A] -> 0x000F
[1363] [M]: 0x0000000080001538 (0x000F0F13) addi t5, t5, 0x0
x30 <- 0x0000000008004000

mem[X,0x000000008000153C] -> 0x1F13
mem[X,0x000000008000153E] -> 0x00BF
[1364] [M]: 0x000000008000153C (0x00BF1F13) slli t5, t5, 0xb
x30 <- 0x0000004002000000

mem[X,0x0000000080001540] -> 0x0F13
mem[X,0x0000000080001542] -> 0x7FFF
[1365] [M]: 0x0000000080001540 (0x7FFF0F13) addi t5, t5, 0x7ff
x30 <- 0x00000040020007FF

mem[X,0x0000000080001544] -> 0x1F13
mem[X,0x0000000080001546] -> 0x00BF
[1366] [M]: 0x0000000080001544 (0x00BF1F13) slli t5, t5, 0xb
x30 <- 0x00020010003FF800

mem[X,0x0000000080001548] -> 0x0F13
mem[X,0x000000008000154A] -> 0x5C8F
[1367] [M]: 0x0000000080001548 (0x5C8F0F13) addi t5, t5, 0x5c8
x30 <- 0x00020010003FFDC8

mem[X,0x000000008000154C] -> 0x1F13
mem[X,0x000000008000154E] -> 0x00AF
[1368] [M]: 0x000000008000154C (0x00AF1F13) slli t5, t5, 0xa
x30 <- 0x08004000FFF72000

mem[X,0x0000000080001550] -> 0x0EB7
mem[X,0x0000000080001552] -> 0xFFDF
[1369] [M]: 0x0000000080001550 (0xFFDF0EB7) lui t4, -0x210
x29 <- 0xFFFFFFFFFFDF0000

mem[X,0x0000000080001554] -> 0x8E93
mem[X,0x0000000080001556] -> 0x000E
[1370] [M]: 0x0000000080001554 (0x000E8E93) addi t4, t4, 0x0
x29 <- 0xFFFFFFFFFFDF0000

mem[X,0x0000000080001558] -> 0x9E93
mem[X,0x000000008000155A] -> 0x00BE
[1371] [M]: 0x0000000080001558 (0x00BE9E93) slli t4, t4, 0xb
x29 <- 0xFFFFFFFEF8000000

mem[X,0x000000008000155C] -> 0x8E93
mem[X,0x000000008000155E] -> 0x7FFE
[1372] [M]: 0x000000008000155C (0x7FFE8E93) addi t4, t4, 0x7ff
x29 <- 0xFFFFFFFEF80007FF

mem[X,0x0000000080001560] -> 0x9E93
mem[X,0x0000000080001562] -> 0x00BE
[1373] [M]: 0x0000000080001560 (0x00BE9E93) slli t4, t4, 0xb
x29 <- 0xFFFFF7C0003FF800

mem[X,0x0000000080001564] -> 0x8E93
mem[X,0x0000000080001566] -> 0x7BFE
[1374] [M]: 0x0000000080001564 (0x7BFE8E93) addi t4, t4, 0x7bf
x29 <- 0xFFFFF7C0003FFFBF

mem[X,0x0000000080001568] -> 0x9E93
mem[X,0x000000008000156A] -> 0x00AE
[1375] [M]: 0x0000000080001568 (0x00AE9E93) slli t4, t4, 0xa
x29 <- 0xFFDF0000FFFEFC00

mem[X,0x000000008000156C] -> 0x8E93
mem[X,0x000000008000156E] -> 0x3FAE
[1376] [M]: 0x000000008000156C (0x3FAE8E93) addi t4, t4, 0x3fa
x29 <- 0xFFDF0000FFFEFFFA

mem[X,0x0000000080001570] -> 0x1FBB
mem[X,0x0000000080001572] -> 0x91DF
[1377] [M]: 0x0000000080001570 (0x91DF1FBB) pmul.h.beo t6, t5, t4
x31 <- 0x0000000000090000

mem[X,0x0000000080001574] -> 0xBC23
mem[X,0x0000000080001576] -> 0x13F0
[1378] [M]: 0x0000000080001574 (0x13F0BC23) sd t6, 0x138(ra)
mem[0x0000000080004348] <- 0x0000000000090000

mem[X,0x0000000080001578] -> 0x0F37
mem[X,0x000000008000157A] -> 0x5555
[1379] [M]: 0x0000000080001578 (0x55550F37) lui t5, 0x55550
x30 <- 0x0000000055550000

mem[X,0x000000008000157C] -> 0x0F13
mem[X,0x000000008000157E] -> 0x002F
[1380] [M]: 0x000000008000157C (0x002F0F13) addi t5, t5, 0x2
x30 <- 0x0000000055550002

mem[X,0x0000000080001580] -> 0x1F13
mem[X,0x0000000080001582] -> 0x00BF
[1381] [M]: 0x0000000080001580 (0x00BF1F13) slli t5, t5, 0xb
x30 <- 0x000002AAA8001000

mem[X,0x0000000080001584] -> 0x0F13
mem[X,0x0000000080001586] -> 0x000F
[1382] [M]: 0x0000000080001584 (0x000F0F13) addi t5, t5, 0x0
x30 <- 0x000002AAA8001000

mem[X,0x0000000080001588] -> 0x1F13
mem[X,0x000000008000158A] -> 0x00BF
[1383] [M]: 0x0000000080001588 (0x00BF1F13) slli t5, t5, 0xb
x30 <- 0x0015554000800000

mem[X,0x000000008000158C] -> 0x0F13
mem[X,0x000000008000158E] -> 0x1BFF
[1384] [M]: 0x000000008000158C (0x1BFF0F13) addi t5, t5, 0x1bf
x30 <- 0x00155540008001BF

mem[X,0x0000000080001590] -> 0x1F13
mem[X,0x0000000080001592] -> 0x00AF
[1385] [M]: 0x0000000080001590 (0x00AF1F13) slli t5, t5, 0xa
x30 <- 0x555500020006FC00

mem[X,0x0000000080001594] -> 0x0F13
mem[X,0x0000000080001596] -> 0x3DFF
[1386] [M]: 0x0000000080001594 (0x3DFF0F13) addi t5, t5, 0x3df
x30 <- 0x555500020006FFDF

mem[X,0x0000000080001598] -> 0x0EB7
mem[X,0x000000008000159A] -> 0x0006
[1387] [M]: 0x0000000080001598 (0x00060EB7) lui t4, 0x60
x29 <- 0x0000000000060000

mem[X,0x000000008000159C] -> 0x8E93
mem[X,0x000000008000159E] -> 0xFF8E
[1388] [M]: 0x000000008000159C (0xFF8E8E93) addi t4, t4, -0x8
x29 <- 0x000000000005FFF8

mem[X,0x00000000800015A0] -> 0x9E93
mem[X,0x00000000800015A2] -> 0x00BE
[1389] [M]: 0x00000000800015A0 (0x00BE9E93) slli t4, t4, 0xb
x29 <- 0x000000002FFFC000

mem[X,0x00000000800015A4] -> 0x8E93
mem[X,0x00000000800015A6] -> 0x000E
[1390] [M]: 0x00000000800015A4 (0x000E8E93) addi t4, t4, 0x0
x29 <- 0x000000002FFFC000

mem[X,0x00000000800015A8] -> 0x9E93
mem[X,0x00000000800015AA] -> 0x00BE
[1391] [M]: 0x00000000800015A8 (0x00BE9E93) slli t4, t4, 0xb
x29 <- 0x0000017FFE000000

mem[X,0x00000000800015AC] -> 0x8E93
mem[X,0x00000000800015AE] -> 0x100E
[1392] [M]: 0x00000000800015AC (0x100E8E93) addi t4, t4, 0x100
x29 <- 0x0000017FFE000100

mem[X,0x00000000800015B0] -> 0x9E93
mem[X,0x00000000800015B2] -> 0x00AE
[1393] [M]: 0x00000000800015B0 (0x00AE9E93) slli t4, t4, 0xa
x29 <- 0x0005FFF800040000

mem[X,0x00000000800015B4] -> 0x8E93
mem[X,0x00000000800015B6] -> 0x100E
[1394] [M]: 0x00000000800015B4 (0x100E8E93) addi t4, t4, 0x100
x29 <- 0x0005FFF800040100

mem[X,0x00000000800015B8] -> 0x1FBB
mem[X,0x00000000800015BA] -> 0x91DF
[1395] [M]: 0x00000000800015B8 (0x91DF1FBB) pmul.h.beo t6, t5, t4
x31 <- 0x0000FFFE0000FFDF

mem[X,0x00000000800015BC] -> 0xB023
mem[X,0x00000000800015BE] -> 0x15F0
[1396] [M]: 0x00000000800015BC (0x15F0B023) sd t6, 0x140(ra)
mem[0x0000000080004350] <- 0x0000FFFE0000FFDF

mem[X,0x00000000800015C0] -> 0x0F37
mem[X,0x00000000800015C2] -> 0x0101
[1397] [M]: 0x00000000800015C0 (0x01010F37) lui t5, 0x1010
x30 <- 0x0000000001010000

mem[X,0x00000000800015C4] -> 0x0F13
mem[X,0x00000000800015C6] -> 0xFF7F
[1398] [M]: 0x00000000800015C4 (0xFF7F0F13) addi t5, t5, -0x9
x30 <- 0x000000000100FFF7

mem[X,0x00000000800015C8] -> 0x1F13
mem[X,0x00000000800015CA] -> 0x00BF
[1399] [M]: 0x00000000800015C8 (0x00BF1F13) slli t5, t5, 0xb
x30 <- 0x0000000807FFB800

clint::tick mtime <- 0x000000000000000E
 clint timer pending at mtime 0x000000000000000E
htif::tick 0x0000000000000000
mem[X,0x00000000800015CC] -> 0x0F13
mem[X,0x00000000800015CE] -> 0x7FEF
[1400] [M]: 0x00000000800015CC (0x7FEF0F13) addi t5, t5, 0x7fe
x30 <- 0x0000000807FFBFFE

mem[X,0x00000000800015D0] -> 0x1F13
mem[X,0x00000000800015D2] -> 0x00BF
[1401] [M]: 0x00000000800015D0 (0x00BF1F13) slli t5, t5, 0xb
x30 <- 0x0000403FFDFFF000

mem[X,0x00000000800015D4] -> 0x0F13
mem[X,0x00000000800015D6] -> 0x7C0F
[1402] [M]: 0x00000000800015D4 (0x7C0F0F13) addi t5, t5, 0x7c0
x30 <- 0x0000403FFDFFF7C0

mem[X,0x00000000800015D8] -> 0x1F13
mem[X,0x00000000800015DA] -> 0x00AF
[1403] [M]: 0x00000000800015D8 (0x00AF1F13) slli t5, t5, 0xa
x30 <- 0x0100FFF7FFDF0000

mem[X,0x00000000800015DC] -> 0x0F13
mem[X,0x00000000800015DE] -> 0x008F
[1404] [M]: 0x00000000800015DC (0x008F0F13) addi t5, t5, 0x8
x30 <- 0x0100FFF7FFDF0008

mem[X,0x00000000800015E0] -> 0x0EB7
mem[X,0x00000000800015E2] -> 0xC001
[1405] [M]: 0x00000000800015E0 (0xC0010EB7) lui t4, -0x3fff0
x29 <- 0xFFFFFFFFC0010000

mem[X,0x00000000800015E4] -> 0x8E93
mem[X,0x00000000800015E6] -> 0xFEFE
[1406] [M]: 0x00000000800015E4 (0xFEFE8E93) addi t4, t4, -0x11
x29 <- 0xFFFFFFFFC000FFEF

mem[X,0x00000000800015E8] -> 0x9E93
mem[X,0x00000000800015EA] -> 0x00BE
[1407] [M]: 0x00000000800015E8 (0x00BE9E93) slli t4, t4, 0xb
x29 <- 0xFFFFFE0007FF7800

mem[X,0x00000000800015EC] -> 0x8E93
mem[X,0x00000000800015EE] -> 0x5FFE
[1408] [M]: 0x00000000800015EC (0x5FFE8E93) addi t4, t4, 0x5ff
x29 <- 0xFFFFFE0007FF7DFF

mem[X,0x00000000800015F0] -> 0x9E93
mem[X,0x00000000800015F2] -> 0x00BE
[1409] [M]: 0x00000000800015F0 (0x00BE9E93) slli t4, t4, 0xb
x29 <- 0xFFF0003FFBEFF800

mem[X,0x00000000800015F4] -> 0x8E93
mem[X,0x00000000800015F6] -> 0x7C0E
[1410] [M]: 0x00000000800015F4 (0x7C0E8E93) addi t4, t4, 0x7c0
x29 <- 0xFFF0003FFBEFFFC0

mem[X,0x00000000800015F8] -> 0x9E93
mem[X,0x00000000800015FA] -> 0x00AE
[1411] [M]: 0x00000000800015F8 (0x00AE9E93) slli t4, t4, 0xa
x29 <- 0xC000FFEFBFFF0000

mem[X,0x00000000800015FC] -> 0x8E93
mem[X,0x00000000800015FE] -> 0x001E
[1412] [M]: 0x00000000800015FC (0x001E8E93) addi t4, t4, 0x1
x29 <- 0xC000FFEFBFFF0001

mem[X,0x0000000080001600] -> 0x1FBB
mem[X,0x0000000080001602] -> 0x91DF
[1413] [M]: 0x0000000080001600 (0x91DF1FBB) pmul.h.beo t6, t5, t4
x31 <- 0x0000000908610000

mem[X,0x0000000080001604] -> 0xB423
mem[X,0x0000000080001606] -> 0x15F0
[1414] [M]: 0x0000000080001604 (0x15F0B423) sd t6, 0x148(ra)
mem[0x0000000080004358] <- 0x0000000908610000

mem[X,0x0000000080001608] -> 0x0F37
mem[X,0x000000008000160A] -> 0x0020
[1415] [M]: 0x0000000080001608 (0x00200F37) lui t5, 0x200
x30 <- 0x0000000000200000

mem[X,0x000000008000160C] -> 0x0F13
mem[X,0x000000008000160E] -> 0x080F
[1416] [M]: 0x000000008000160C (0x080F0F13) addi t5, t5, 0x80
x30 <- 0x0000000000200080

mem[X,0x0000000080001610] -> 0x1F13
mem[X,0x0000000080001612] -> 0x00BF
[1417] [M]: 0x0000000080001610 (0x00BF1F13) slli t5, t5, 0xb
x30 <- 0x0000000100040000

mem[X,0x0000000080001614] -> 0x0F13
mem[X,0x0000000080001616] -> 0x010F
[1418] [M]: 0x0000000080001614 (0x010F0F13) addi t5, t5, 0x10
x30 <- 0x0000000100040010

mem[X,0x0000000080001618] -> 0x1F13
mem[X,0x000000008000161A] -> 0x00BF
[1419] [M]: 0x0000000080001618 (0x00BF1F13) slli t5, t5, 0xb
x30 <- 0x0000080020008000

mem[X,0x000000008000161C] -> 0x0F13
mem[X,0x000000008000161E] -> 0x03FF
[1420] [M]: 0x000000008000161C (0x03FF0F13) addi t5, t5, 0x3f
x30 <- 0x000008002000803F

mem[X,0x0000000080001620] -> 0x1F13
mem[X,0x0000000080001622] -> 0x00AF
[1421] [M]: 0x0000000080001620 (0x00AF1F13) slli t5, t5, 0xa
x30 <- 0x002000800200FC00

mem[X,0x0000000080001624] -> 0x0F13
mem[X,0x0000000080001626] -> 0x3BFF
[1422] [M]: 0x0000000080001624 (0x3BFF0F13) addi t5, t5, 0x3bf
x30 <- 0x002000800200FFBF

mem[X,0x0000000080001628] -> 0x8EB7
mem[X,0x000000008000162A] -> 0x0001
[1423] [M]: 0x0000000080001628 (0x00018EB7) lui t4, 0x18
x29 <- 0x0000000000018000

mem[X,0x000000008000162C] -> 0x8E93
mem[X,0x000000008000162E] -> 0x000E
[1424] [M]: 0x000000008000162C (0x000E8E93) addi t4, t4, 0x0
x29 <- 0x0000000000018000

mem[X,0x0000000080001630] -> 0x9E93
mem[X,0x0000000080001632] -> 0x00BE
[1425] [M]: 0x0000000080001630 (0x00BE9E93) slli t4, t4, 0xb
x29 <- 0x000000000C000000

mem[X,0x0000000080001634] -> 0x8E93
mem[X,0x0000000080001636] -> 0x001E
[1426] [M]: 0x0000000080001634 (0x001E8E93) addi t4, t4, 0x1
x29 <- 0x000000000C000001

mem[X,0x0000000080001638] -> 0x9E93
mem[X,0x000000008000163A] -> 0x00BE
[1427] [M]: 0x0000000080001638 (0x00BE9E93) slli t4, t4, 0xb
x29 <- 0x0000006000000800

mem[X,0x000000008000163C] -> 0x8E93
mem[X,0x000000008000163E] -> 0x000E
[1428] [M]: 0x000000008000163C (0x000E8E93) addi t4, t4, 0x0
x29 <- 0x0000006000000800

mem[X,0x0000000080001640] -> 0x9E93
mem[X,0x0000000080001642] -> 0x00AE
[1429] [M]: 0x0000000080001640 (0x00AE9E93) slli t4, t4, 0xa
x29 <- 0x0001800000200000

mem[X,0x0000000080001644] -> 0x8E93
mem[X,0x0000000080001646] -> 0x002E
[1430] [M]: 0x0000000080001644 (0x002E8E93) addi t4, t4, 0x2
x29 <- 0x0001800000200002

mem[X,0x0000000080001648] -> 0x1FBB
mem[X,0x000000008000164A] -> 0x91DF
[1431] [M]: 0x0000000080001648 (0x91DF1FBB) pmul.h.beo t6, t5, t4
x31 <- 0x0000400000000000

mem[X,0x000000008000164C] -> 0xB823
mem[X,0x000000008000164E] -> 0x15F0
[1432] [M]: 0x000000008000164C (0x15F0B823) sd t6, 0x150(ra)
mem[0x0000000080004360] <- 0x0000400000000000

mem[X,0x0000000080001650] -> 0x0F37
mem[X,0x0000000080001652] -> 0xFFF9
[1433] [M]: 0x0000000080001650 (0xFFF90F37) lui t5, -0x70
x30 <- 0xFFFFFFFFFFF90000

mem[X,0x0000000080001654] -> 0x0F13
mem[X,0x0000000080001656] -> 0xFFDF
[1434] [M]: 0x0000000080001654 (0xFFDF0F13) addi t5, t5, -0x3
x30 <- 0xFFFFFFFFFFF8FFFD

mem[X,0x0000000080001658] -> 0x1F13
mem[X,0x000000008000165A] -> 0x00BF
[1435] [M]: 0x0000000080001658 (0x00BF1F13) slli t5, t5, 0xb
x30 <- 0xFFFFFFFFC7FFE800

mem[X,0x000000008000165C] -> 0x0F13
mem[X,0x000000008000165E] -> 0x7FFF
[1436] [M]: 0x000000008000165C (0x7FFF0F13) addi t5, t5, 0x7ff
x30 <- 0xFFFFFFFFC7FFEFFF

mem[X,0x0000000080001660] -> 0x1F13
mem[X,0x0000000080001662] -> 0x00BF
[1437] [M]: 0x0000000080001660 (0x00BF1F13) slli t5, t5, 0xb
x30 <- 0xFFFFFE3FFF7FF800

mem[X,0x0000000080001664] -> 0x0F13
mem[X,0x0000000080001666] -> 0x640F
[1438] [M]: 0x0000000080001664 (0x640F0F13) addi t5, t5, 0x640
x30 <- 0xFFFFFE3FFF7FFE40

mem[X,0x0000000080001668] -> 0x1F13
mem[X,0x000000008000166A] -> 0x00AF
[1439] [M]: 0x0000000080001668 (0x00AF1F13) slli t5, t5, 0xa
x30 <- 0xFFF8FFFDFFF90000

mem[X,0x000000008000166C] -> 0x0F13
mem[X,0x000000008000166E] -> 0x009F
[1440] [M]: 0x000000008000166C (0x009F0F13) addi t5, t5, 0x9
x30 <- 0xFFF8FFFDFFF90009

mem[X,0x0000000080001670] -> 0x0EB7
mem[X,0x0000000080001672] -> 0xDFFF
[1441] [M]: 0x0000000080001670 (0xDFFF0EB7) lui t4, -0x20010
x29 <- 0xFFFFFFFFDFFF0000

mem[X,0x0000000080001674] -> 0x8E93
mem[X,0x0000000080001676] -> 0x000E
[1442] [M]: 0x0000000080001674 (0x000E8E93) addi t4, t4, 0x0
x29 <- 0xFFFFFFFFDFFF0000

mem[X,0x0000000080001678] -> 0x9E93
mem[X,0x000000008000167A] -> 0x00BE
[1443] [M]: 0x0000000080001678 (0x00BE9E93) slli t4, t4, 0xb
x29 <- 0xFFFFFEFFF8000000

mem[X,0x000000008000167C] -> 0x8E93
mem[X,0x000000008000167E] -> 0x002E
[1444] [M]: 0x000000008000167C (0x002E8E93) addi t4, t4, 0x2
x29 <- 0xFFFFFEFFF8000002

mem[X,0x0000000080001680] -> 0x9E93
mem[X,0x0000000080001682] -> 0x00BE
[1445] [M]: 0x0000000080001680 (0x00BE9E93) slli t4, t4, 0xb
x29 <- 0xFFF7FFC000001000

mem[X,0x0000000080001684] -> 0x8E93
mem[X,0x0000000080001686] -> 0x02AE
[1446] [M]: 0x0000000080001684 (0x02AE8E93) addi t4, t4, 0x2a
x29 <- 0xFFF7FFC00000102A

mem[X,0x0000000080001688] -> 0x9E93
mem[X,0x000000008000168A] -> 0x00AE
[1447] [M]: 0x0000000080001688 (0x00AE9E93) slli t4, t4, 0xa
x29 <- 0xDFFF00000040A800

mem[X,0x000000008000168C] -> 0x8E93
mem[X,0x000000008000168E] -> 0x2AAE
[1448] [M]: 0x000000008000168C (0x2AAE8E93) addi t4, t4, 0x2aa
x29 <- 0xDFFF00000040AAAA

mem[X,0x0000000080001690] -> 0x1FBB
mem[X,0x0000000080001692] -> 0x91DF
[1449] [M]: 0x0000000080001690 (0x91DF1FBB) pmul.h.beo t6, t5, t4
x31 <- 0x010800000000FCFA

mem[X,0x0000000080001694] -> 0xBC23
mem[X,0x0000000080001696] -> 0x15F0
[1450] [M]: 0x0000000080001694 (0x15F0BC23) sd t6, 0x158(ra)
mem[0x0000000080004368] <- 0x010800000000FCFA

mem[X,0x0000000080001698] -> 0x0F37
mem[X,0x000000008000169A] -> 0x3FFF
[1451] [M]: 0x0000000080001698 (0x3FFF0F37) lui t5, 0x3fff0
x30 <- 0x000000003FFF0000

mem[X,0x000000008000169C] -> 0x0F13
mem[X,0x000000008000169E] -> 0x400F
[1452] [M]: 0x000000008000169C (0x400F0F13) addi t5, t5, 0x400
x30 <- 0x000000003FFF0400

mem[X,0x00000000800016A0] -> 0x1F13
mem[X,0x00000000800016A2] -> 0x00BF
[1453] [M]: 0x00000000800016A0 (0x00BF1F13) slli t5, t5, 0xb
x30 <- 0x000001FFF8200000

mem[X,0x00000000800016A4] -> 0x0F13
mem[X,0x00000000800016A6] -> 0x7DFF
[1454] [M]: 0x00000000800016A4 (0x7DFF0F13) addi t5, t5, 0x7df
x30 <- 0x000001FFF82007DF

mem[X,0x00000000800016A8] -> 0x1F13
mem[X,0x00000000800016AA] -> 0x00BF
[1455] [M]: 0x00000000800016A8 (0x00BF1F13) slli t5, t5, 0xb
x30 <- 0x000FFFC1003EF800

mem[X,0x00000000800016AC] -> 0x0F13
mem[X,0x00000000800016AE] -> 0x7FFF
[1456] [M]: 0x00000000800016AC (0x7FFF0F13) addi t5, t5, 0x7ff
x30 <- 0x000FFFC1003EFFFF

mem[X,0x00000000800016B0] -> 0x1F13
mem[X,0x00000000800016B2] -> 0x00AF
[1457] [M]: 0x00000000800016B0 (0x00AF1F13) slli t5, t5, 0xa
x30 <- 0x3FFF0400FBFFFC00

mem[X,0x00000000800016B4] -> 0x0F13
mem[X,0x00000000800016B6] -> 0x3FFF
[1458] [M]: 0x00000000800016B4 (0x3FFF0F13) addi t5, t5, 0x3ff
x30 <- 0x3FFF0400FBFFFFFF

mem[X,0x00000000800016B8] -> 0x0EB7
mem[X,0x00000000800016BA] -> 0xDFFF
[1459] [M]: 0x00000000800016B8 (0xDFFF0EB7) lui t4, -0x20010
x29 <- 0xFFFFFFFFDFFF0000

mem[X,0x00000000800016BC] -> 0x8E93
mem[X,0x00000000800016BE] -> 0x010E
[1460] [M]: 0x00000000800016BC (0x010E8E93) addi t4, t4, 0x10
x29 <- 0xFFFFFFFFDFFF0010

mem[X,0x00000000800016C0] -> 0x9E93
mem[X,0x00000000800016C2] -> 0x00BE
[1461] [M]: 0x00000000800016C0 (0x00BE9E93) slli t4, t4, 0xb
x29 <- 0xFFFFFEFFF8008000

mem[X,0x00000000800016C4] -> 0x8E93
mem[X,0x00000000800016C6] -> 0x000E
[1462] [M]: 0x00000000800016C4 (0x000E8E93) addi t4, t4, 0x0
x29 <- 0xFFFFFEFFF8008000

mem[X,0x00000000800016C8] -> 0x9E93
mem[X,0x00000000800016CA] -> 0x00BE
[1463] [M]: 0x00000000800016C8 (0x00BE9E93) slli t4, t4, 0xb
x29 <- 0xFFF7FFC004000000

mem[X,0x00000000800016CC] -> 0x8E93
mem[X,0x00000000800016CE] -> 0x23FE
[1464] [M]: 0x00000000800016CC (0x23FE8E93) addi t4, t4, 0x23f
x29 <- 0xFFF7FFC00400023F

mem[X,0x00000000800016D0] -> 0x9E93
mem[X,0x00000000800016D2] -> 0x00AE
[1465] [M]: 0x00000000800016D0 (0x00AE9E93) slli t4, t4, 0xa
x29 <- 0xDFFF00100008FC00

mem[X,0x00000000800016D4] -> 0x8E93
mem[X,0x00000000800016D6] -> 0x3FAE
[1466] [M]: 0x00000000800016D4 (0x3FAE8E93) addi t4, t4, 0x3fa
x29 <- 0xDFFF00100008FFFA

mem[X,0x00000000800016D8] -> 0x1FBB
mem[X,0x00000000800016DA] -> 0x91DF
[1467] [M]: 0x00000000800016D8 (0x91DF1FBB) pmul.h.beo t6, t5, t4
x31 <- 0x0021000000000001

mem[X,0x00000000800016DC] -> 0xB023
mem[X,0x00000000800016DE] -> 0x17F0
[1468] [M]: 0x00000000800016DC (0x17F0B023) sd t6, 0x160(ra)
mem[0x0000000080004370] <- 0x0021000000000001

mem[X,0x00000000800016E0] -> 0x2F37
mem[X,0x00000000800016E2] -> 0xFFFD
[1469] [M]: 0x00000000800016E0 (0xFFFD2F37) lui t5, -0x2e
x30 <- 0xFFFFFFFFFFFD2000

mem[X,0x00000000800016E4] -> 0x0F13
mem[X,0x00000000800016E6] -> 0x000F
[1470] [M]: 0x00000000800016E4 (0x000F0F13) addi t5, t5, 0x0
x30 <- 0xFFFFFFFFFFFD2000

mem[X,0x00000000800016E8] -> 0x1F13
mem[X,0x00000000800016EA] -> 0x00BF
[1471] [M]: 0x00000000800016E8 (0x00BF1F13) slli t5, t5, 0xb
x30 <- 0xFFFFFFFFE9000000

mem[X,0x00000000800016EC] -> 0x0F13
mem[X,0x00000000800016EE] -> 0x7BFF
[1472] [M]: 0x00000000800016EC (0x7BFF0F13) addi t5, t5, 0x7bf
x30 <- 0xFFFFFFFFE90007BF

mem[X,0x00000000800016F0] -> 0x1F13
mem[X,0x00000000800016F2] -> 0x00BF
[1473] [M]: 0x00000000800016F0 (0x00BF1F13) slli t5, t5, 0xb
x30 <- 0xFFFFFF48003DF800

mem[X,0x00000000800016F4] -> 0x0F13
mem[X,0x00000000800016F6] -> 0x7FFF
[1474] [M]: 0x00000000800016F4 (0x7FFF0F13) addi t5, t5, 0x7ff
x30 <- 0xFFFFFF48003DFFFF

mem[X,0x00000000800016F8] -> 0x1F13
mem[X,0x00000000800016FA] -> 0x00AF
[1475] [M]: 0x00000000800016F8 (0x00AF1F13) slli t5, t5, 0xa
x30 <- 0xFFFD2000F7FFFC00

mem[X,0x00000000800016FC] -> 0x0F13
mem[X,0x00000000800016FE] -> 0x3FAF
[1476] [M]: 0x00000000800016FC (0x3FAF0F13) addi t5, t5, 0x3fa
x30 <- 0xFFFD2000F7FFFFFA

mem[X,0x0000000080001700] -> 0x0EB7
mem[X,0x0000000080001702] -> 0xFFFD
[1477] [M]: 0x0000000080001700 (0xFFFD0EB7) lui t4, -0x30
x29 <- 0xFFFFFFFFFFFD0000

mem[X,0x0000000080001704] -> 0x8E93
mem[X,0x0000000080001706] -> 0x080E
[1478] [M]: 0x0000000080001704 (0x080E8E93) addi t4, t4, 0x80
x29 <- 0xFFFFFFFFFFFD0080

mem[X,0x0000000080001708] -> 0x9E93
mem[X,0x000000008000170A] -> 0x00BE
[1479] [M]: 0x0000000080001708 (0x00BE9E93) slli t4, t4, 0xb
x29 <- 0xFFFFFFFFE8040000

mem[X,0x000000008000170C] -> 0x8E93
mem[X,0x000000008000170E] -> 0x000E
[1480] [M]: 0x000000008000170C (0x000E8E93) addi t4, t4, 0x0
x29 <- 0xFFFFFFFFE8040000

mem[X,0x0000000080001710] -> 0x9E93
mem[X,0x0000000080001712] -> 0x00BE
[1481] [M]: 0x0000000080001710 (0x00BE9E93) slli t4, t4, 0xb
x29 <- 0xFFFFFF4020000000

mem[X,0x0000000080001714] -> 0x8E93
mem[X,0x0000000080001716] -> 0x200E
[1482] [M]: 0x0000000080001714 (0x200E8E93) addi t4, t4, 0x200
x29 <- 0xFFFFFF4020000200

mem[X,0x0000000080001718] -> 0x9E93
mem[X,0x000000008000171A] -> 0x00AE
[1483] [M]: 0x0000000080001718 (0x00AE9E93) slli t4, t4, 0xa
x29 <- 0xFFFD008000080000

mem[X,0x000000008000171C] -> 0x8E93
mem[X,0x000000008000171E] -> 0x003E
[1484] [M]: 0x000000008000171C (0x003E8E93) addi t4, t4, 0x3
x29 <- 0xFFFD008000080003

mem[X,0x0000000080001720] -> 0x1FBB
mem[X,0x0000000080001722] -> 0x91DF
[1485] [M]: 0x0000000080001720 (0x91DF1FBB) pmul.h.beo t6, t5, t4
x31 <- 0x0003000000000000

mem[X,0x0000000080001724] -> 0xB423
mem[X,0x0000000080001726] -> 0x17F0
[1486] [M]: 0x0000000080001724 (0x17F0B423) sd t6, 0x168(ra)
mem[0x0000000080004378] <- 0x0003000000000000

mem[X,0x0000000080001728] -> 0x0F37
mem[X,0x000000008000172A] -> 0xE000
[1487] [M]: 0x0000000080001728 (0xE0000F37) lui t5, -0x20000
x30 <- 0xFFFFFFFFE0000000

mem[X,0x000000008000172C] -> 0x0F13
mem[X,0x000000008000172E] -> 0xFF7F
[1488] [M]: 0x000000008000172C (0xFF7F0F13) addi t5, t5, -0x9
x30 <- 0xFFFFFFFFDFFFFFF7

mem[X,0x0000000080001730] -> 0x1F13
mem[X,0x0000000080001732] -> 0x00BF
[1489] [M]: 0x0000000080001730 (0x00BF1F13) slli t5, t5, 0xb
x30 <- 0xFFFFFEFFFFFFB800

mem[X,0x0000000080001734] -> 0x0F13
mem[X,0x0000000080001736] -> 0x77FF
[1490] [M]: 0x0000000080001734 (0x77FF0F13) addi t5, t5, 0x77f
x30 <- 0xFFFFFEFFFFFFBF7F

mem[X,0x0000000080001738] -> 0x1F13
mem[X,0x000000008000173A] -> 0x00BF
[1491] [M]: 0x0000000080001738 (0x00BF1F13) slli t5, t5, 0xb
x30 <- 0xFFF7FFFFFDFBF800

mem[X,0x000000008000173C] -> 0x0F13
mem[X,0x000000008000173E] -> 0x7C0F
[1492] [M]: 0x000000008000173C (0x7C0F0F13) addi t5, t5, 0x7c0
x30 <- 0xFFF7FFFFFDFBFFC0

mem[X,0x0000000080001740] -> 0x1F13
mem[X,0x0000000080001742] -> 0x00AF
[1493] [M]: 0x0000000080001740 (0x00AF1F13) slli t5, t5, 0xa
x30 <- 0xDFFFFFF7EFFF0000

mem[X,0x0000000080001744] -> 0x0F13
mem[X,0x0000000080001746] -> 0x005F
[1494] [M]: 0x0000000080001744 (0x005F0F13) addi t5, t5, 0x5
x30 <- 0xDFFFFFF7EFFF0005

mem[X,0x0000000080001748] -> 0x0EB7
mem[X,0x000000008000174A] -> 0x0009
[1495] [M]: 0x0000000080001748 (0x00090EB7) lui t4, 0x90
x29 <- 0x0000000000090000

mem[X,0x000000008000174C] -> 0x8E93
mem[X,0x000000008000174E] -> 0x007E
[1496] [M]: 0x000000008000174C (0x007E8E93) addi t4, t4, 0x7
x29 <- 0x0000000000090007

mem[X,0x0000000080001750] -> 0x9E93
mem[X,0x0000000080001752] -> 0x00BE
[1497] [M]: 0x0000000080001750 (0x00BE9E93) slli t4, t4, 0xb
x29 <- 0x0000000048003800

mem[X,0x0000000080001754] -> 0x8E93
mem[X,0x0000000080001756] -> 0x7FFE
[1498] [M]: 0x0000000080001754 (0x7FFE8E93) addi t4, t4, 0x7ff
x29 <- 0x0000000048003FFF

mem[X,0x0000000080001758] -> 0x9E93
mem[X,0x000000008000175A] -> 0x00BE
[1499] [M]: 0x0000000080001758 (0x00BE9E93) slli t4, t4, 0xb
x29 <- 0x0000024001FFF800

clint::tick mtime <- 0x000000000000000F
 clint timer pending at mtime 0x000000000000000F
htif::tick 0x0000000000000000
mem[X,0x000000008000175C] -> 0x8E93
mem[X,0x000000008000175E] -> 0x600E
[1500] [M]: 0x000000008000175C (0x600E8E93) addi t4, t4, 0x600
x29 <- 0x0000024001FFFE00

mem[X,0x0000000080001760] -> 0x9E93
mem[X,0x0000000080001762] -> 0x00AE
[1501] [M]: 0x0000000080001760 (0x00AE9E93) slli t4, t4, 0xa
x29 <- 0x00090007FFF80000

mem[X,0x0000000080001764] -> 0x8E93
mem[X,0x0000000080001766] -> 0x004E
[1502] [M]: 0x0000000080001764 (0x004E8E93) addi t4, t4, 0x4
x29 <- 0x00090007FFF80004

mem[X,0x0000000080001768] -> 0x1FBB
mem[X,0x000000008000176A] -> 0x91DF
[1503] [M]: 0x0000000080001768 (0x91DF1FBB) pmul.h.beo t6, t5, t4
x31 <- 0x0000000000010000

mem[X,0x000000008000176C] -> 0xB823
mem[X,0x000000008000176E] -> 0x17F0
[1504] [M]: 0x000000008000176C (0x17F0B823) sd t6, 0x170(ra)
mem[0x0000000080004380] <- 0x0000000000010000

mem[X,0x0000000080001770] -> 0x0F37
mem[X,0x0000000080001772] -> 0xC000
[1505] [M]: 0x0000000080001770 (0xC0000F37) lui t5, -0x40000
x30 <- 0xFFFFFFFFC0000000

mem[X,0x0000000080001774] -> 0x0F13
mem[X,0x0000000080001776] -> 0xEFFF
[1506] [M]: 0x0000000080001774 (0xEFFF0F13) addi t5, t5, -0x101
x30 <- 0xFFFFFFFFBFFFFEFF

mem[X,0x0000000080001778] -> 0x1F13
mem[X,0x000000008000177A] -> 0x00BF
[1507] [M]: 0x0000000080001778 (0x00BF1F13) slli t5, t5, 0xb
x30 <- 0xFFFFFDFFFFF7F800

mem[X,0x000000008000177C] -> 0x0F13
mem[X,0x000000008000177E] -> 0x001F
[1508] [M]: 0x000000008000177C (0x001F0F13) addi t5, t5, 0x1
x30 <- 0xFFFFFDFFFFF7F801

mem[X,0x0000000080001780] -> 0x1F13
mem[X,0x0000000080001782] -> 0x00BF
[1509] [M]: 0x0000000080001780 (0x00BF1F13) slli t5, t5, 0xb
x30 <- 0xFFEFFFFFBFC00800

mem[X,0x0000000080001784] -> 0x0F13
mem[X,0x0000000080001786] -> 0x03FF
[1510] [M]: 0x0000000080001784 (0x03FF0F13) addi t5, t5, 0x3f
x30 <- 0xFFEFFFFFBFC0083F

mem[X,0x0000000080001788] -> 0x1F13
mem[X,0x000000008000178A] -> 0x00AF
[1511] [M]: 0x0000000080001788 (0x00AF1F13) slli t5, t5, 0xa
x30 <- 0xBFFFFEFF0020FC00

mem[X,0x000000008000178C] -> 0x0F13
mem[X,0x000000008000178E] -> 0x3F8F
[1512] [M]: 0x000000008000178C (0x3F8F0F13) addi t5, t5, 0x3f8
x30 <- 0xBFFFFEFF0020FFF8

mem[X,0x0000000080001790] -> 0x0EB7
mem[X,0x0000000080001792] -> 0xFFDF
[1513] [M]: 0x0000000080001790 (0xFFDF0EB7) lui t4, -0x210
x29 <- 0xFFFFFFFFFFDF0000

mem[X,0x0000000080001794] -> 0x8E93
mem[X,0x0000000080001796] -> 0x010E
[1514] [M]: 0x0000000080001794 (0x010E8E93) addi t4, t4, 0x10
x29 <- 0xFFFFFFFFFFDF0010

mem[X,0x0000000080001798] -> 0x9E93
mem[X,0x000000008000179A] -> 0x00BE
[1515] [M]: 0x0000000080001798 (0x00BE9E93) slli t4, t4, 0xb
x29 <- 0xFFFFFFFEF8008000

mem[X,0x000000008000179C] -> 0x8E93
mem[X,0x000000008000179E] -> 0x040E
[1516] [M]: 0x000000008000179C (0x040E8E93) addi t4, t4, 0x40
x29 <- 0xFFFFFFFEF8008040

mem[X,0x00000000800017A0] -> 0x9E93
mem[X,0x00000000800017A2] -> 0x00BE
[1517] [M]: 0x00000000800017A0 (0x00BE9E93) slli t4, t4, 0xb
x29 <- 0xFFFFF7C004020000

mem[X,0x00000000800017A4] -> 0x8E93
mem[X,0x00000000800017A6] -> 0x000E
[1518] [M]: 0x00000000800017A4 (0x000E8E93) addi t4, t4, 0x0
x29 <- 0xFFFFF7C004020000

mem[X,0x00000000800017A8] -> 0x9E93
mem[X,0x00000000800017AA] -> 0x00AE
[1519] [M]: 0x00000000800017A8 (0x00AE9E93) slli t4, t4, 0xa
x29 <- 0xFFDF001008000000

mem[X,0x00000000800017AC] -> 0x8E93
mem[X,0x00000000800017AE] -> 0x002E
[1520] [M]: 0x00000000800017AC (0x002E8E93) addi t4, t4, 0x2
x29 <- 0xFFDF001008000002

mem[X,0x00000000800017B0] -> 0x1FBB
mem[X,0x00000000800017B2] -> 0x91DF
[1521] [M]: 0x00000000800017B0 (0x91DF1FBB) pmul.h.beo t6, t5, t4
x31 <- 0x0001000001000000

mem[X,0x00000000800017B4] -> 0xBC23
mem[X,0x00000000800017B6] -> 0x17F0
[1522] [M]: 0x00000000800017B4 (0x17F0BC23) sd t6, 0x178(ra)
mem[0x0000000080004388] <- 0x0001000001000000

mem[X,0x00000000800017B8] -> 0x0F37
mem[X,0x00000000800017BA] -> 0x0801
[1523] [M]: 0x00000000800017B8 (0x08010F37) lui t5, 0x8010
x30 <- 0x0000000008010000

mem[X,0x00000000800017BC] -> 0x0F13
mem[X,0x00000000800017BE] -> 0xFFCF
[1524] [M]: 0x00000000800017BC (0xFFCF0F13) addi t5, t5, -0x4
x30 <- 0x000000000800FFFC

mem[X,0x00000000800017C0] -> 0x1F13
mem[X,0x00000000800017C2] -> 0x00BF
[1525] [M]: 0x00000000800017C0 (0x00BF1F13) slli t5, t5, 0xb
x30 <- 0x0000004007FFE000

mem[X,0x00000000800017C4] -> 0x0F13
mem[X,0x00000000800017C6] -> 0x6FFF
[1526] [M]: 0x00000000800017C4 (0x6FFF0F13) addi t5, t5, 0x6ff
x30 <- 0x0000004007FFE6FF

mem[X,0x00000000800017C8] -> 0x1F13
mem[X,0x00000000800017CA] -> 0x00BF
[1527] [M]: 0x00000000800017C8 (0x00BF1F13) slli t5, t5, 0xb
x30 <- 0x0002003FFF37F800

mem[X,0x00000000800017CC] -> 0x0F13
mem[X,0x00000000800017CE] -> 0x7C0F
[1528] [M]: 0x00000000800017CC (0x7C0F0F13) addi t5, t5, 0x7c0
x30 <- 0x0002003FFF37FFC0

mem[X,0x00000000800017D0] -> 0x1F13
mem[X,0x00000000800017D2] -> 0x00AF
[1529] [M]: 0x00000000800017D0 (0x00AF1F13) slli t5, t5, 0xa
x30 <- 0x0800FFFCDFFF0000

mem[X,0x00000000800017D4] -> 0x0F13
mem[X,0x00000000800017D6] -> 0x004F
[1530] [M]: 0x00000000800017D4 (0x004F0F13) addi t5, t5, 0x4
x30 <- 0x0800FFFCDFFF0004

mem[X,0x00000000800017D8] -> 0x0EB7
mem[X,0x00000000800017DA] -> 0x8001
[1531] [M]: 0x00000000800017D8 (0x80010EB7) lui t4, -0x7fff0
x29 <- 0xFFFFFFFF80010000

mem[X,0x00000000800017DC] -> 0x8E93
mem[X,0x00000000800017DE] -> 0xBFFE
[1532] [M]: 0x00000000800017DC (0xBFFE8E93) addi t4, t4, -0x401
x29 <- 0xFFFFFFFF8000FBFF

mem[X,0x00000000800017E0] -> 0x9E93
mem[X,0x00000000800017E2] -> 0x00BE
[1533] [M]: 0x00000000800017E0 (0x00BE9E93) slli t4, t4, 0xb
x29 <- 0xFFFFFC0007DFF800

mem[X,0x00000000800017E4] -> 0x8E93
mem[X,0x00000000800017E6] -> 0x7FDE
[1534] [M]: 0x00000000800017E4 (0x7FDE8E93) addi t4, t4, 0x7fd
x29 <- 0xFFFFFC0007DFFFFD

mem[X,0x00000000800017E8] -> 0x9E93
mem[X,0x00000000800017EA] -> 0x00BE
[1535] [M]: 0x00000000800017E8 (0x00BE9E93) slli t4, t4, 0xb
x29 <- 0xFFE0003EFFFFE800

mem[X,0x00000000800017EC] -> 0x8E93
mem[X,0x00000000800017EE] -> 0x7C0E
[1536] [M]: 0x00000000800017EC (0x7C0E8E93) addi t4, t4, 0x7c0
x29 <- 0xFFE0003EFFFFEFC0

mem[X,0x00000000800017F0] -> 0x9E93
mem[X,0x00000000800017F2] -> 0x00AE
[1537] [M]: 0x00000000800017F0 (0x00AE9E93) slli t4, t4, 0xa
x29 <- 0x8000FBFFFFBF0000

mem[X,0x00000000800017F4] -> 0x8E93
mem[X,0x00000000800017F6] -> 0x010E
[1538] [M]: 0x00000000800017F4 (0x010E8E93) addi t4, t4, 0x10
x29 <- 0x8000FBFFFFBF0010

mem[X,0x00000000800017F8] -> 0x1FBB
mem[X,0x00000000800017FA] -> 0x91DF
[1539] [M]: 0x00000000800017F8 (0x91DF1FBB) pmul.h.beo t6, t5, t4
x31 <- 0x0000001400010000

mem[X,0x00000000800017FC] -> 0xB023
mem[X,0x00000000800017FE] -> 0x19F0
[1540] [M]: 0x00000000800017FC (0x19F0B023) sd t6, 0x180(ra)
mem[0x0000000080004390] <- 0x0000001400010000

mem[X,0x0000000080001800] -> 0x0F37
mem[X,0x0000000080001802] -> 0xFFFB
[1541] [M]: 0x0000000080001800 (0xFFFB0F37) lui t5, -0x50
x30 <- 0xFFFFFFFFFFFB0000

mem[X,0x0000000080001804] -> 0x0F13
mem[X,0x0000000080001806] -> 0xFFEF
[1542] [M]: 0x0000000080001804 (0xFFEF0F13) addi t5, t5, -0x2
x30 <- 0xFFFFFFFFFFFAFFFE

mem[X,0x0000000080001808] -> 0x1F13
mem[X,0x000000008000180A] -> 0x00BF
[1543] [M]: 0x0000000080001808 (0x00BF1F13) slli t5, t5, 0xb
x30 <- 0xFFFFFFFFD7FFF000

mem[X,0x000000008000180C] -> 0x0F13
mem[X,0x000000008000180E] -> 0x5FFF
[1544] [M]: 0x000000008000180C (0x5FFF0F13) addi t5, t5, 0x5ff
x30 <- 0xFFFFFFFFD7FFF5FF

mem[X,0x0000000080001810] -> 0x1F13
mem[X,0x0000000080001812] -> 0x00BF
[1545] [M]: 0x0000000080001810 (0x00BF1F13) slli t5, t5, 0xb
x30 <- 0xFFFFFEBFFFAFF800

mem[X,0x0000000080001814] -> 0x0F13
mem[X,0x0000000080001816] -> 0x7C0F
[1546] [M]: 0x0000000080001814 (0x7C0F0F13) addi t5, t5, 0x7c0
x30 <- 0xFFFFFEBFFFAFFFC0

mem[X,0x0000000080001818] -> 0x1F13
mem[X,0x000000008000181A] -> 0x00AF
[1547] [M]: 0x0000000080001818 (0x00AF1F13) slli t5, t5, 0xa
x30 <- 0xFFFAFFFEBFFF0000

mem[X,0x000000008000181C] -> 0x0F13
mem[X,0x000000008000181E] -> 0x003F
[1548] [M]: 0x000000008000181C (0x003F0F13) addi t5, t5, 0x3
x30 <- 0xFFFAFFFEBFFF0003

mem[X,0x0000000080001820] -> 0x0EB7
mem[X,0x0000000080001822] -> 0xFF00
[1549] [M]: 0x0000000080001820 (0xFF000EB7) lui t4, -0x1000
x29 <- 0xFFFFFFFFFF000000

mem[X,0x0000000080001824] -> 0x8E93
mem[X,0x0000000080001826] -> 0xFFEE
[1550] [M]: 0x0000000080001824 (0xFFEE8E93) addi t4, t4, -0x2
x29 <- 0xFFFFFFFFFEFFFFFE

mem[X,0x0000000080001828] -> 0x9E93
mem[X,0x000000008000182A] -> 0x00BE
[1551] [M]: 0x0000000080001828 (0x00BE9E93) slli t4, t4, 0xb
x29 <- 0xFFFFFFF7FFFFF000

mem[X,0x000000008000182C] -> 0x8E93
mem[X,0x000000008000182E] -> 0x7FFE
[1552] [M]: 0x000000008000182C (0x7FFE8E93) addi t4, t4, 0x7ff
x29 <- 0xFFFFFFF7FFFFF7FF

mem[X,0x0000000080001830] -> 0x9E93
mem[X,0x0000000080001832] -> 0x00BE
[1553] [M]: 0x0000000080001830 (0x00BE9E93) slli t4, t4, 0xb
x29 <- 0xFFFFBFFFFFBFF800

mem[X,0x0000000080001834] -> 0x8E93
mem[X,0x0000000080001836] -> 0x5C0E
[1554] [M]: 0x0000000080001834 (0x5C0E8E93) addi t4, t4, 0x5c0
x29 <- 0xFFFFBFFFFFBFFDC0

mem[X,0x0000000080001838] -> 0x9E93
mem[X,0x000000008000183A] -> 0x00AE
[1555] [M]: 0x0000000080001838 (0x00AE9E93) slli t4, t4, 0xa
x29 <- 0xFEFFFFFEFFF70000

mem[X,0x000000008000183C] -> 0x8E93
mem[X,0x000000008000183E] -> 0x040E
[1556] [M]: 0x000000008000183C (0x040E8E93) addi t4, t4, 0x40
x29 <- 0xFEFFFFFEFFF70040

mem[X,0x0000000080001840] -> 0x1FBB
mem[X,0x0000000080001842] -> 0x91DF
[1557] [M]: 0x0000000080001840 (0x91DF1FBB) pmul.h.beo t6, t5, t4
x31 <- 0x000C000200010000

mem[X,0x0000000080001844] -> 0xB423
mem[X,0x0000000080001846] -> 0x19F0
[1558] [M]: 0x0000000080001844 (0x19F0B423) sd t6, 0x188(ra)
mem[0x0000000080004398] <- 0x000C000200010000

mem[X,0x0000000080001848] -> 0x0F37
mem[X,0x000000008000184A] -> 0xFFFF
[1559] [M]: 0x0000000080001848 (0xFFFF0F37) lui t5, -0x10
x30 <- 0xFFFFFFFFFFFF0000

mem[X,0x000000008000184C] -> 0x0F13
mem[X,0x000000008000184E] -> 0x004F
[1560] [M]: 0x000000008000184C (0x004F0F13) addi t5, t5, 0x4
x30 <- 0xFFFFFFFFFFFF0004

mem[X,0x0000000080001850] -> 0x1F13
mem[X,0x0000000080001852] -> 0x00BF
[1561] [M]: 0x0000000080001850 (0x00BF1F13) slli t5, t5, 0xb
x30 <- 0xFFFFFFFFF8002000

mem[X,0x0000000080001854] -> 0x0F13
mem[X,0x0000000080001856] -> 0x000F
[1562] [M]: 0x0000000080001854 (0x000F0F13) addi t5, t5, 0x0
x30 <- 0xFFFFFFFFF8002000

mem[X,0x0000000080001858] -> 0x1F13
mem[X,0x000000008000185A] -> 0x00BF
[1563] [M]: 0x0000000080001858 (0x00BF1F13) slli t5, t5, 0xb
x30 <- 0xFFFFFFC001000000

mem[X,0x000000008000185C] -> 0x0F13
mem[X,0x000000008000185E] -> 0x13FF
[1564] [M]: 0x000000008000185C (0x13FF0F13) addi t5, t5, 0x13f
x30 <- 0xFFFFFFC00100013F

mem[X,0x0000000080001860] -> 0x1F13
mem[X,0x0000000080001862] -> 0x00AF
[1565] [M]: 0x0000000080001860 (0x00AF1F13) slli t5, t5, 0xa
x30 <- 0xFFFF00040004FC00

mem[X,0x0000000080001864] -> 0x0F13
mem[X,0x0000000080001866] -> 0x3F8F
[1566] [M]: 0x0000000080001864 (0x3F8F0F13) addi t5, t5, 0x3f8
x30 <- 0xFFFF00040004FFF8

mem[X,0x0000000080001868] -> 0x8EB7
mem[X,0x000000008000186A] -> 0xFEFF
[1567] [M]: 0x0000000080001868 (0xFEFF8EB7) lui t4, -0x1008
x29 <- 0xFFFFFFFFFEFF8000

mem[X,0x000000008000186C] -> 0x8E93
mem[X,0x000000008000186E] -> 0xFFFE
[1568] [M]: 0x000000008000186C (0xFFFE8E93) addi t4, t4, -0x1
x29 <- 0xFFFFFFFFFEFF7FFF

mem[X,0x0000000080001870] -> 0x9E93
mem[X,0x0000000080001872] -> 0x00BE
[1569] [M]: 0x0000000080001870 (0x00BE9E93) slli t4, t4, 0xb
x29 <- 0xFFFFFFF7FBFFF800

mem[X,0x0000000080001874] -> 0x8E93
mem[X,0x0000000080001876] -> 0x7FFE
[1570] [M]: 0x0000000080001874 (0x7FFE8E93) addi t4, t4, 0x7ff
x29 <- 0xFFFFFFF7FBFFFFFF

mem[X,0x0000000080001878] -> 0x9E93
mem[X,0x000000008000187A] -> 0x00BE
[1571] [M]: 0x0000000080001878 (0x00BE9E93) slli t4, t4, 0xb
x29 <- 0xFFFFBFDFFFFFF800

mem[X,0x000000008000187C] -> 0x8E93
mem[X,0x000000008000187E] -> 0x77FE
[1572] [M]: 0x000000008000187C (0x77FE8E93) addi t4, t4, 0x77f
x29 <- 0xFFFFBFDFFFFFFF7F

mem[X,0x0000000080001880] -> 0x9E93
mem[X,0x0000000080001882] -> 0x00AE
[1573] [M]: 0x0000000080001880 (0x00AE9E93) slli t4, t4, 0xa
x29 <- 0xFEFF7FFFFFFDFC00

mem[X,0x0000000080001884] -> 0x8E93
mem[X,0x0000000080001886] -> 0x3F6E
[1574] [M]: 0x0000000080001884 (0x3F6E8E93) addi t4, t4, 0x3f6
x29 <- 0xFEFF7FFFFFFDFFF6

mem[X,0x0000000080001888] -> 0x1FBB
mem[X,0x000000008000188A] -> 0x91DF
[1575] [M]: 0x0000000080001888 (0x91DF1FBB) pmul.h.beo t6, t5, t4
x31 <- 0x000201FCFFFC0008

mem[X,0x000000008000188C] -> 0xB823
mem[X,0x000000008000188E] -> 0x19F0
[1576] [M]: 0x000000008000188C (0x19F0B823) sd t6, 0x190(ra)
mem[0x00000000800043A0] <- 0x000201FCFFFC0008

mem[X,0x0000000080001890] -> 0x0F37
mem[X,0x0000000080001892] -> 0xFFF9
[1577] [M]: 0x0000000080001890 (0xFFF90F37) lui t5, -0x70
x30 <- 0xFFFFFFFFFFF90000

mem[X,0x0000000080001894] -> 0x0F13
mem[X,0x0000000080001896] -> 0x000F
[1578] [M]: 0x0000000080001894 (0x000F0F13) addi t5, t5, 0x0
x30 <- 0xFFFFFFFFFFF90000

mem[X,0x0000000080001898] -> 0x1F13
mem[X,0x000000008000189A] -> 0x00BF
[1579] [M]: 0x0000000080001898 (0x00BF1F13) slli t5, t5, 0xb
x30 <- 0xFFFFFFFFC8000000

mem[X,0x000000008000189C] -> 0x0F13
mem[X,0x000000008000189E] -> 0x008F
[1580] [M]: 0x000000008000189C (0x008F0F13) addi t5, t5, 0x8
x30 <- 0xFFFFFFFFC8000008

mem[X,0x00000000800018A0] -> 0x1F13
mem[X,0x00000000800018A2] -> 0x00BF
[1581] [M]: 0x00000000800018A0 (0x00BF1F13) slli t5, t5, 0xb
x30 <- 0xFFFFFE4000004000

mem[X,0x00000000800018A4] -> 0x0F13
mem[X,0x00000000800018A6] -> 0x03FF
[1582] [M]: 0x00000000800018A4 (0x03FF0F13) addi t5, t5, 0x3f
x30 <- 0xFFFFFE400000403F

mem[X,0x00000000800018A8] -> 0x1F13
mem[X,0x00000000800018AA] -> 0x00AF
[1583] [M]: 0x00000000800018A8 (0x00AF1F13) slli t5, t5, 0xa
x30 <- 0xFFF900000100FC00

mem[X,0x00000000800018AC] -> 0x0F13
mem[X,0x00000000800018AE] -> 0x3FAF
[1584] [M]: 0x00000000800018AC (0x3FAF0F13) addi t5, t5, 0x3fa
x30 <- 0xFFF900000100FFFA

mem[X,0x00000000800018B0] -> 0xCEB7
mem[X,0x00000000800018B2] -> 0x0200
[1585] [M]: 0x00000000800018B0 (0x0200CEB7) lui t4, 0x200c
x29 <- 0x000000000200C000

mem[X,0x00000000800018B4] -> 0x8E93
mem[X,0x00000000800018B6] -> 0xFFFE
[1586] [M]: 0x00000000800018B4 (0xFFFE8E93) addi t4, t4, -0x1
x29 <- 0x000000000200BFFF

mem[X,0x00000000800018B8] -> 0x9E93
mem[X,0x00000000800018BA] -> 0x00BE
[1587] [M]: 0x00000000800018B8 (0x00BE9E93) slli t4, t4, 0xb
x29 <- 0x0000001005FFF800

mem[X,0x00000000800018BC] -> 0x8E93
mem[X,0x00000000800018BE] -> 0x010E
[1588] [M]: 0x00000000800018BC (0x010E8E93) addi t4, t4, 0x10
x29 <- 0x0000001005FFF810

mem[X,0x00000000800018C0] -> 0x9E93
mem[X,0x00000000800018C2] -> 0x00BE
[1589] [M]: 0x00000000800018C0 (0x00BE9E93) slli t4, t4, 0xb
x29 <- 0x0000802FFFC08000

mem[X,0x00000000800018C4] -> 0x8E93
mem[X,0x00000000800018C6] -> 0x000E
[1590] [M]: 0x00000000800018C4 (0x000E8E93) addi t4, t4, 0x0
x29 <- 0x0000802FFFC08000

mem[X,0x00000000800018C8] -> 0x9E93
mem[X,0x00000000800018CA] -> 0x00AE
[1591] [M]: 0x00000000800018C8 (0x00AE9E93) slli t4, t4, 0xa
x29 <- 0x0200BFFF02000000

mem[X,0x00000000800018CC] -> 0x8E93
mem[X,0x00000000800018CE] -> 0x100E
[1592] [M]: 0x00000000800018CC (0x100E8E93) addi t4, t4, 0x100
x29 <- 0x0200BFFF02000100

mem[X,0x00000000800018D0] -> 0x1FBB
mem[X,0x00000000800018D2] -> 0x91DF
[1593] [M]: 0x00000000800018D0 (0x91DF1FBB) pmul.h.beo t6, t5, t4
x31 <- 0xFFF200000000FFFA

mem[X,0x00000000800018D4] -> 0xBC23
mem[X,0x00000000800018D6] -> 0x19F0
[1594] [M]: 0x00000000800018D4 (0x19F0BC23) sd t6, 0x198(ra)
mem[0x00000000800043A8] <- 0xFFF200000000FFFA

mem[X,0x00000000800018D8] -> 0x0F37
mem[X,0x00000000800018DA] -> 0xC000
[1595] [M]: 0x00000000800018D8 (0xC0000F37) lui t5, -0x40000
x30 <- 0xFFFFFFFFC0000000

mem[X,0x00000000800018DC] -> 0x0F13
mem[X,0x00000000800018DE] -> 0x001F
[1596] [M]: 0x00000000800018DC (0x001F0F13) addi t5, t5, 0x1
x30 <- 0xFFFFFFFFC0000001

mem[X,0x00000000800018E0] -> 0x1F13
mem[X,0x00000000800018E2] -> 0x00BF
[1597] [M]: 0x00000000800018E0 (0x00BF1F13) slli t5, t5, 0xb
x30 <- 0xFFFFFE0000000800

mem[X,0x00000000800018E4] -> 0x0F13
mem[X,0x00000000800018E6] -> 0x008F
[1598] [M]: 0x00000000800018E4 (0x008F0F13) addi t5, t5, 0x8
x30 <- 0xFFFFFE0000000808

mem[X,0x00000000800018E8] -> 0x1F13
mem[X,0x00000000800018EA] -> 0x00BF
[1599] [M]: 0x00000000800018E8 (0x00BF1F13) slli t5, t5, 0xb
x30 <- 0xFFF0000000404000

clint::tick mtime <- 0x0000000000000010
 clint timer pending at mtime 0x0000000000000010
htif::tick 0x0000000000000000
mem[X,0x00000000800018EC] -> 0x0F13
mem[X,0x00000000800018EE] -> 0x000F
[1600] [M]: 0x00000000800018EC (0x000F0F13) addi t5, t5, 0x0
x30 <- 0xFFF0000000404000

mem[X,0x00000000800018F0] -> 0x1F13
mem[X,0x00000000800018F2] -> 0x00AF
[1601] [M]: 0x00000000800018F0 (0x00AF1F13) slli t5, t5, 0xa
x30 <- 0xC000000101000000

mem[X,0x00000000800018F4] -> 0x0F13
mem[X,0x00000000800018F6] -> 0x001F
[1602] [M]: 0x00000000800018F4 (0x001F0F13) addi t5, t5, 0x1
x30 <- 0xC000000101000001

mem[X,0x00000000800018F8] -> 0x8EB7
mem[X,0x00000000800018FA] -> 0x0006
[1603] [M]: 0x00000000800018F8 (0x00068EB7) lui t4, 0x68
x29 <- 0x0000000000068000

mem[X,0x00000000800018FC] -> 0x8E93
mem[X,0x00000000800018FE] -> 0x000E
[1604] [M]: 0x00000000800018FC (0x000E8E93) addi t4, t4, 0x0
x29 <- 0x0000000000068000

mem[X,0x0000000080001900] -> 0x9E93
mem[X,0x0000000080001902] -> 0x00BE
[1605] [M]: 0x0000000080001900 (0x00BE9E93) slli t4, t4, 0xb
x29 <- 0x0000000034000000

mem[X,0x0000000080001904] -> 0x8E93
mem[X,0x0000000080001906] -> 0x7FEE
[1606] [M]: 0x0000000080001904 (0x7FEE8E93) addi t4, t4, 0x7fe
x29 <- 0x00000000340007FE

mem[X,0x0000000080001908] -> 0x9E93
mem[X,0x000000008000190A] -> 0x00BE
[1607] [M]: 0x0000000080001908 (0x00BE9E93) slli t4, t4, 0xb
x29 <- 0x000001A0003FF000

mem[X,0x000000008000190C] -> 0x8E93
mem[X,0x000000008000190E] -> 0x7C0E
[1608] [M]: 0x000000008000190C (0x7C0E8E93) addi t4, t4, 0x7c0
x29 <- 0x000001A0003FF7C0

mem[X,0x0000000080001910] -> 0x9E93
mem[X,0x0000000080001912] -> 0x00AE
[1609] [M]: 0x0000000080001910 (0x00AE9E93) slli t4, t4, 0xa
x29 <- 0x00068000FFDF0000

mem[X,0x0000000080001914] -> 0x8E93
mem[X,0x0000000080001916] -> 0x002E
[1610] [M]: 0x0000000080001914 (0x002E8E93) addi t4, t4, 0x2
x29 <- 0x00068000FFDF0002

mem[X,0x0000000080001918] -> 0x1FBB
mem[X,0x000000008000191A] -> 0x91DF
[1611] [M]: 0x0000000080001918 (0x91DF1FBB) pmul.h.beo t6, t5, t4
x31 <- 0x0000FF8000000000

mem[X,0x000000008000191C] -> 0xB023
mem[X,0x000000008000191E] -> 0x1BF0
[1612] [M]: 0x000000008000191C (0x1BF0B023) sd t6, 0x1a0(ra)
mem[0x00000000800043B0] <- 0x0000FF8000000000

mem[X,0x0000000080001920] -> 0x0F37
mem[X,0x0000000080001922] -> 0x0009
[1613] [M]: 0x0000000080001920 (0x00090F37) lui t5, 0x90
x30 <- 0x0000000000090000

mem[X,0x0000000080001924] -> 0x0F13
mem[X,0x0000000080001926] -> 0x008F
[1614] [M]: 0x0000000080001924 (0x008F0F13) addi t5, t5, 0x8
x30 <- 0x0000000000090008

mem[X,0x0000000080001928] -> 0x1F13
mem[X,0x000000008000192A] -> 0x00BF
[1615] [M]: 0x0000000080001928 (0x00BF1F13) slli t5, t5, 0xb
x30 <- 0x0000000048004000

mem[X,0x000000008000192C] -> 0x0F13
mem[X,0x000000008000192E] -> 0x080F
[1616] [M]: 0x000000008000192C (0x080F0F13) addi t5, t5, 0x80
x30 <- 0x0000000048004080

mem[X,0x0000000080001930] -> 0x1F13
mem[X,0x0000000080001932] -> 0x00BF
[1617] [M]: 0x0000000080001930 (0x00BF1F13) slli t5, t5, 0xb
x30 <- 0x0000024002040000

mem[X,0x0000000080001934] -> 0x0F13
mem[X,0x0000000080001936] -> 0x001F
[1618] [M]: 0x0000000080001934 (0x001F0F13) addi t5, t5, 0x1
x30 <- 0x0000024002040001

mem[X,0x0000000080001938] -> 0x1F13
mem[X,0x000000008000193A] -> 0x00AF
[1619] [M]: 0x0000000080001938 (0x00AF1F13) slli t5, t5, 0xa
x30 <- 0x0009000810000400

mem[X,0x000000008000193C] -> 0x0EB7
mem[X,0x000000008000193E] -> 0x0010
[1620] [M]: 0x000000008000193C (0x00100EB7) lui t4, 0x100
x29 <- 0x0000000000100000

mem[X,0x0000000080001940] -> 0x8E93
mem[X,0x0000000080001942] -> 0x001E
[1621] [M]: 0x0000000080001940 (0x001E8E93) addi t4, t4, 0x1
x29 <- 0x0000000000100001

mem[X,0x0000000080001944] -> 0x9E93
mem[X,0x0000000080001946] -> 0x00BE
[1622] [M]: 0x0000000080001944 (0x00BE9E93) slli t4, t4, 0xb
x29 <- 0x0000000080000800

mem[X,0x0000000080001948] -> 0x8E93
mem[X,0x000000008000194A] -> 0x7DFE
[1623] [M]: 0x0000000080001948 (0x7DFE8E93) addi t4, t4, 0x7df
x29 <- 0x0000000080000FDF

mem[X,0x000000008000194C] -> 0x9E93
mem[X,0x000000008000194E] -> 0x00BE
[1624] [M]: 0x000000008000194C (0x00BE9E93) slli t4, t4, 0xb
x29 <- 0x00000400007EF800

mem[X,0x0000000080001950] -> 0x8E93
mem[X,0x0000000080001952] -> 0x7C0E
[1625] [M]: 0x0000000080001950 (0x7C0E8E93) addi t4, t4, 0x7c0
x29 <- 0x00000400007EFFC0

mem[X,0x0000000080001954] -> 0x9E93
mem[X,0x0000000080001956] -> 0x00AE
[1626] [M]: 0x0000000080001954 (0x00AE9E93) slli t4, t4, 0xa
x29 <- 0x00100001FBFF0000

mem[X,0x0000000080001958] -> 0x8E93
mem[X,0x000000008000195A] -> 0x200E
[1627] [M]: 0x0000000080001958 (0x200E8E93) addi t4, t4, 0x200
x29 <- 0x00100001FBFF0200

mem[X,0x000000008000195C] -> 0x1FBB
mem[X,0x000000008000195E] -> 0x91DF
[1628] [M]: 0x000000008000195C (0x91DF1FBB) pmul.h.beo t6, t5, t4
x31 <- 0x0000000000000000

mem[X,0x0000000080001960] -> 0xB423
mem[X,0x0000000080001962] -> 0x1BF0
[1629] [M]: 0x0000000080001960 (0x1BF0B423) sd t6, 0x1a8(ra)
mem[0x00000000800043B8] <- 0x0000000000000000

mem[X,0x0000000080001964] -> 0x0F37
mem[X,0x0000000080001966] -> 0x0004
[1630] [M]: 0x0000000080001964 (0x00040F37) lui t5, 0x40
x30 <- 0x0000000000040000

mem[X,0x0000000080001968] -> 0x0F13
mem[X,0x000000008000196A] -> 0x080F
[1631] [M]: 0x0000000080001968 (0x080F0F13) addi t5, t5, 0x80
x30 <- 0x0000000000040080

mem[X,0x000000008000196C] -> 0x1F13
mem[X,0x000000008000196E] -> 0x00BF
[1632] [M]: 0x000000008000196C (0x00BF1F13) slli t5, t5, 0xb
x30 <- 0x0000000020040000

mem[X,0x0000000080001970] -> 0x0F13
mem[X,0x0000000080001972] -> 0x008F
[1633] [M]: 0x0000000080001970 (0x008F0F13) addi t5, t5, 0x8
x30 <- 0x0000000020040008

mem[X,0x0000000080001974] -> 0x1F13
mem[X,0x0000000080001976] -> 0x00BF
[1634] [M]: 0x0000000080001974 (0x00BF1F13) slli t5, t5, 0xb
x30 <- 0x0000010020004000

mem[X,0x0000000080001978] -> 0x0F13
mem[X,0x000000008000197A] -> 0x000F
[1635] [M]: 0x0000000080001978 (0x000F0F13) addi t5, t5, 0x0
x30 <- 0x0000010020004000

mem[X,0x000000008000197C] -> 0x1F13
mem[X,0x000000008000197E] -> 0x00AF
[1636] [M]: 0x000000008000197C (0x00AF1F13) slli t5, t5, 0xa
x30 <- 0x0004008001000000

mem[X,0x0000000080001980] -> 0x0F13
mem[X,0x0000000080001982] -> 0x003F
[1637] [M]: 0x0000000080001980 (0x003F0F13) addi t5, t5, 0x3
x30 <- 0x0004008001000003

mem[X,0x0000000080001984] -> 0x1EB7
mem[X,0x0000000080001986] -> 0x0800
[1638] [M]: 0x0000000080001984 (0x08001EB7) lui t4, 0x8001
x29 <- 0x0000000008001000

mem[X,0x0000000080001988] -> 0x8E93
mem[X,0x000000008000198A] -> 0x800E
[1639] [M]: 0x0000000080001988 (0x800E8E93) addi t4, t4, -0x800
x29 <- 0x0000000008000800

mem[X,0x000000008000198C] -> 0x9E93
mem[X,0x000000008000198E] -> 0x00BE
[1640] [M]: 0x000000008000198C (0x00BE9E93) slli t4, t4, 0xb
x29 <- 0x0000004000400000

mem[X,0x0000000080001990] -> 0x8E93
mem[X,0x0000000080001992] -> 0x2AAE
[1641] [M]: 0x0000000080001990 (0x2AAE8E93) addi t4, t4, 0x2aa
x29 <- 0x00000040004002AA

mem[X,0x0000000080001994] -> 0x9E93
mem[X,0x0000000080001996] -> 0x00BE
[1642] [M]: 0x0000000080001994 (0x00BE9E93) slli t4, t4, 0xb
x29 <- 0x0002000200155000

mem[X,0x0000000080001998] -> 0x8E93
mem[X,0x000000008000199A] -> 0x540E
[1643] [M]: 0x0000000080001998 (0x540E8E93) addi t4, t4, 0x540
x29 <- 0x0002000200155540

mem[X,0x000000008000199C] -> 0x9E93
mem[X,0x000000008000199E] -> 0x00AE
[1644] [M]: 0x000000008000199C (0x00AE9E93) slli t4, t4, 0xa
x29 <- 0x0800080055550000

mem[X,0x00000000800019A0] -> 0x8E93
mem[X,0x00000000800019A2] -> 0x009E
[1645] [M]: 0x00000000800019A0 (0x009E8E93) addi t4, t4, 0x9
x29 <- 0x0800080055550009

mem[X,0x00000000800019A4] -> 0x1FBB
mem[X,0x00000000800019A6] -> 0x91DF
[1646] [M]: 0x00000000800019A4 (0x91DF1FBB) pmul.h.beo t6, t5, t4
x31 <- 0x0020FC0000000000

mem[X,0x00000000800019A8] -> 0xB823
mem[X,0x00000000800019AA] -> 0x1BF0
[1647] [M]: 0x00000000800019A8 (0x1BF0B823) sd t6, 0x1b0(ra)
mem[0x00000000800043C0] <- 0x0020FC0000000000

mem[X,0x00000000800019AC] -> 0x0F37
mem[X,0x00000000800019AE] -> 0x0004
[1648] [M]: 0x00000000800019AC (0x00040F37) lui t5, 0x40
x30 <- 0x0000000000040000

mem[X,0x00000000800019B0] -> 0x0F13
mem[X,0x00000000800019B2] -> 0xFFBF
[1649] [M]: 0x00000000800019B0 (0xFFBF0F13) addi t5, t5, -0x5
x30 <- 0x000000000003FFFB

mem[X,0x00000000800019B4] -> 0x1F13
mem[X,0x00000000800019B6] -> 0x00BF
[1650] [M]: 0x00000000800019B4 (0x00BF1F13) slli t5, t5, 0xb
x30 <- 0x000000001FFFD800

mem[X,0x00000000800019B8] -> 0x0F13
mem[X,0x00000000800019BA] -> 0x7FFF
[1651] [M]: 0x00000000800019B8 (0x7FFF0F13) addi t5, t5, 0x7ff
x30 <- 0x000000001FFFDFFF

mem[X,0x00000000800019BC] -> 0x1F13
mem[X,0x00000000800019BE] -> 0x00BF
[1652] [M]: 0x00000000800019BC (0x00BF1F13) slli t5, t5, 0xb
x30 <- 0x000000FFFEFFF800

mem[X,0x00000000800019C0] -> 0x0F13
mem[X,0x00000000800019C2] -> 0x780F
[1653] [M]: 0x00000000800019C0 (0x780F0F13) addi t5, t5, 0x780
x30 <- 0x000000FFFEFFFF80

mem[X,0x00000000800019C4] -> 0x1F13
mem[X,0x00000000800019C6] -> 0x00AF
[1654] [M]: 0x00000000800019C4 (0x00AF1F13) slli t5, t5, 0xa
x30 <- 0x0003FFFBFFFE0000

mem[X,0x00000000800019C8] -> 0x0F13
mem[X,0x00000000800019CA] -> 0x007F
[1655] [M]: 0x00000000800019C8 (0x007F0F13) addi t5, t5, 0x7
x30 <- 0x0003FFFBFFFE0007

mem[X,0x00000000800019CC] -> 0x0EB7
mem[X,0x00000000800019CE] -> 0xFFC0
[1656] [M]: 0x00000000800019CC (0xFFC00EB7) lui t4, -0x400
x29 <- 0xFFFFFFFFFFC00000

mem[X,0x00000000800019D0] -> 0x8E93
mem[X,0x00000000800019D2] -> 0xEFFE
[1657] [M]: 0x00000000800019D0 (0xEFFE8E93) addi t4, t4, -0x101
x29 <- 0xFFFFFFFFFFBFFEFF

mem[X,0x00000000800019D4] -> 0x9E93
mem[X,0x00000000800019D6] -> 0x00BE
[1658] [M]: 0x00000000800019D4 (0x00BE9E93) slli t4, t4, 0xb
x29 <- 0xFFFFFFFDFFF7F800

mem[X,0x00000000800019D8] -> 0x8E93
mem[X,0x00000000800019DA] -> 0x7FEE
[1659] [M]: 0x00000000800019D8 (0x7FEE8E93) addi t4, t4, 0x7fe
x29 <- 0xFFFFFFFDFFF7FFFE

mem[X,0x00000000800019DC] -> 0x9E93
mem[X,0x00000000800019DE] -> 0x00BE
[1660] [M]: 0x00000000800019DC (0x00BE9E93) slli t4, t4, 0xb
x29 <- 0xFFFFEFFFBFFFF000

mem[X,0x00000000800019E0] -> 0x8E93
mem[X,0x00000000800019E2] -> 0x7CFE
[1661] [M]: 0x00000000800019E0 (0x7CFE8E93) addi t4, t4, 0x7cf
x29 <- 0xFFFFEFFFBFFFF7CF

mem[X,0x00000000800019E4] -> 0x9E93
mem[X,0x00000000800019E6] -> 0x00AE
[1662] [M]: 0x00000000800019E4 (0x00AE9E93) slli t4, t4, 0xa
x29 <- 0xFFBFFEFFFFDF3C00

mem[X,0x00000000800019E8] -> 0x8E93
mem[X,0x00000000800019EA] -> 0x3FFE
[1663] [M]: 0x00000000800019E8 (0x3FFE8E93) addi t4, t4, 0x3ff
x29 <- 0xFFBFFEFFFFDF3FFF

mem[X,0x00000000800019EC] -> 0x1FBB
mem[X,0x00000000800019EE] -> 0x91DF
[1664] [M]: 0x00000000800019EC (0x91DF1FBB) pmul.h.beo t6, t5, t4
x31 <- 0xFFFD000A000201B9

mem[X,0x00000000800019F0] -> 0xBC23
mem[X,0x00000000800019F2] -> 0x1BF0
[1665] [M]: 0x00000000800019F0 (0x1BF0BC23) sd t6, 0x1b8(ra)
mem[0x00000000800043C8] <- 0xFFFD000A000201B9

mem[X,0x00000000800019F4] -> 0x0F37
mem[X,0x00000000800019F6] -> 0xFFFC
[1666] [M]: 0x00000000800019F4 (0xFFFC0F37) lui t5, -0x40
x30 <- 0xFFFFFFFFFFFC0000

mem[X,0x00000000800019F8] -> 0x0F13
mem[X,0x00000000800019FA] -> 0xFDFF
[1667] [M]: 0x00000000800019F8 (0xFDFF0F13) addi t5, t5, -0x21
x30 <- 0xFFFFFFFFFFFBFFDF

mem[X,0x00000000800019FC] -> 0x1F13
mem[X,0x00000000800019FE] -> 0x00BF
[1668] [M]: 0x00000000800019FC (0x00BF1F13) slli t5, t5, 0xb
x30 <- 0xFFFFFFFFDFFEF800

mem[X,0x0000000080001A00] -> 0x0F13
mem[X,0x0000000080001A02] -> 0x7FFF
[1669] [M]: 0x0000000080001A00 (0x7FFF0F13) addi t5, t5, 0x7ff
x30 <- 0xFFFFFFFFDFFEFFFF

mem[X,0x0000000080001A04] -> 0x1F13
mem[X,0x0000000080001A06] -> 0x00BF
[1670] [M]: 0x0000000080001A04 (0x00BF1F13) slli t5, t5, 0xb
x30 <- 0xFFFFFEFFF7FFF800

mem[X,0x0000000080001A08] -> 0x0F13
mem[X,0x0000000080001A0A] -> 0x5BDF
[1671] [M]: 0x0000000080001A08 (0x5BDF0F13) addi t5, t5, 0x5bd
x30 <- 0xFFFFFEFFF7FFFDBD

mem[X,0x0000000080001A0C] -> 0x1F13
mem[X,0x0000000080001A0E] -> 0x00AF
[1672] [M]: 0x0000000080001A0C (0x00AF1F13) slli t5, t5, 0xa
x30 <- 0xFFFBFFDFFFF6F400

mem[X,0x0000000080001A10] -> 0x0F13
mem[X,0x0000000080001A12] -> 0x3FFF
[1673] [M]: 0x0000000080001A10 (0x3FFF0F13) addi t5, t5, 0x3ff
x30 <- 0xFFFBFFDFFFF6F7FF

mem[X,0x0000000080001A14] -> 0x0EB7
mem[X,0x0000000080001A16] -> 0xFFDF
[1674] [M]: 0x0000000080001A14 (0xFFDF0EB7) lui t4, -0x210
x29 <- 0xFFFFFFFFFFDF0000

mem[X,0x0000000080001A18] -> 0x8E93
mem[X,0x0000000080001A1A] -> 0x040E
[1675] [M]: 0x0000000080001A18 (0x040E8E93) addi t4, t4, 0x40
x29 <- 0xFFFFFFFFFFDF0040

mem[X,0x0000000080001A1C] -> 0x9E93
mem[X,0x0000000080001A1E] -> 0x00BE
[1676] [M]: 0x0000000080001A1C (0x00BE9E93) slli t4, t4, 0xb
x29 <- 0xFFFFFFFEF8020000

mem[X,0x0000000080001A20] -> 0x8E93
mem[X,0x0000000080001A22] -> 0x400E
[1677] [M]: 0x0000000080001A20 (0x400E8E93) addi t4, t4, 0x400
x29 <- 0xFFFFFFFEF8020400

mem[X,0x0000000080001A24] -> 0x9E93
mem[X,0x0000000080001A26] -> 0x00BE
[1678] [M]: 0x0000000080001A24 (0x00BE9E93) slli t4, t4, 0xb
x29 <- 0xFFFFF7C010200000

mem[X,0x0000000080001A28] -> 0x8E93
mem[X,0x0000000080001A2A] -> 0x020E
[1679] [M]: 0x0000000080001A28 (0x020E8E93) addi t4, t4, 0x20
x29 <- 0xFFFFF7C010200020

mem[X,0x0000000080001A2C] -> 0x9E93
mem[X,0x0000000080001A2E] -> 0x00AE
[1680] [M]: 0x0000000080001A2C (0x00AE9E93) slli t4, t4, 0xa
x29 <- 0xFFDF004080008000

mem[X,0x0000000080001A30] -> 0x1FBB
mem[X,0x0000000080001A32] -> 0x91DF
[1681] [M]: 0x0000000080001A30 (0x91DF1FBB) pmul.h.beo t6, t5, t4
x31 <- 0x0005000005000080

mem[X,0x0000000080001A34] -> 0xB023
mem[X,0x0000000080001A36] -> 0x1DF0
[1682] [M]: 0x0000000080001A34 (0x1DF0B023) sd t6, 0x1c0(ra)
mem[0x00000000800043D0] <- 0x0005000005000080

mem[X,0x0000000080001A38] -> 0x0F37
mem[X,0x0000000080001A3A] -> 0xE000
[1683] [M]: 0x0000000080001A38 (0xE0000F37) lui t5, -0x20000
x30 <- 0xFFFFFFFFE0000000

mem[X,0x0000000080001A3C] -> 0x0F13
mem[X,0x0000000080001A3E] -> 0xFBFF
[1684] [M]: 0x0000000080001A3C (0xFBFF0F13) addi t5, t5, -0x41
x30 <- 0xFFFFFFFFDFFFFFBF

mem[X,0x0000000080001A40] -> 0x1F13
mem[X,0x0000000080001A42] -> 0x00BF
[1685] [M]: 0x0000000080001A40 (0x00BF1F13) slli t5, t5, 0xb
x30 <- 0xFFFFFEFFFFFDF800

mem[X,0x0000000080001A44] -> 0x0F13
mem[X,0x0000000080001A46] -> 0x7FFF
[1686] [M]: 0x0000000080001A44 (0x7FFF0F13) addi t5, t5, 0x7ff
x30 <- 0xFFFFFEFFFFFDFFFF

mem[X,0x0000000080001A48] -> 0x1F13
mem[X,0x0000000080001A4A] -> 0x00BF
[1687] [M]: 0x0000000080001A48 (0x00BF1F13) slli t5, t5, 0xb
x30 <- 0xFFF7FFFFEFFFF800

mem[X,0x0000000080001A4C] -> 0x0F13
mem[X,0x0000000080001A4E] -> 0x77FF
[1688] [M]: 0x0000000080001A4C (0x77FF0F13) addi t5, t5, 0x77f
x30 <- 0xFFF7FFFFEFFFFF7F

mem[X,0x0000000080001A50] -> 0x1F13
mem[X,0x0000000080001A52] -> 0x00AF
[1689] [M]: 0x0000000080001A50 (0x00AF1F13) slli t5, t5, 0xa
x30 <- 0xDFFFFFBFFFFDFC00

mem[X,0x0000000080001A54] -> 0x0F13
mem[X,0x0000000080001A56] -> 0x2FFF
[1690] [M]: 0x0000000080001A54 (0x2FFF0F13) addi t5, t5, 0x2ff
x30 <- 0xDFFFFFBFFFFDFEFF

mem[X,0x0000000080001A58] -> 0xBEB7
mem[X,0x0000000080001A5A] -> 0x0100
[1691] [M]: 0x0000000080001A58 (0x0100BEB7) lui t4, 0x100b
x29 <- 0x000000000100B000

mem[X,0x0000000080001A5C] -> 0x8E93
mem[X,0x0000000080001A5E] -> 0xAAAE
[1692] [M]: 0x0000000080001A5C (0xAAAE8E93) addi t4, t4, -0x556
x29 <- 0x000000000100AAAA

mem[X,0x0000000080001A60] -> 0x9E93
mem[X,0x0000000080001A62] -> 0x00BE
[1693] [M]: 0x0000000080001A60 (0x00BE9E93) slli t4, t4, 0xb
x29 <- 0x0000000805555000

mem[X,0x0000000080001A64] -> 0x8E93
mem[X,0x0000000080001A66] -> 0x040E
[1694] [M]: 0x0000000080001A64 (0x040E8E93) addi t4, t4, 0x40
x29 <- 0x0000000805555040

mem[X,0x0000000080001A68] -> 0x9E93
mem[X,0x0000000080001A6A] -> 0x00BE
[1695] [M]: 0x0000000080001A68 (0x00BE9E93) slli t4, t4, 0xb
x29 <- 0x0000402AAA820000

mem[X,0x0000000080001A6C] -> 0x8E93
mem[X,0x0000000080001A6E] -> 0x000E
[1696] [M]: 0x0000000080001A6C (0x000E8E93) addi t4, t4, 0x0
x29 <- 0x0000402AAA820000

mem[X,0x0000000080001A70] -> 0x9E93
mem[X,0x0000000080001A72] -> 0x00AE
[1697] [M]: 0x0000000080001A70 (0x00AE9E93) slli t4, t4, 0xa
x29 <- 0x0100AAAA08000000

mem[X,0x0000000080001A74] -> 0x8E93
mem[X,0x0000000080001A76] -> 0x006E
[1698] [M]: 0x0000000080001A74 (0x006E8E93) addi t4, t4, 0x6
x29 <- 0x0100AAAA08000006

mem[X,0x0000000080001A78] -> 0x1FBB
mem[X,0x0000000080001A7A] -> 0x91DF
[1699] [M]: 0x0000000080001A78 (0x91DF1FBB) pmul.h.beo t6, t5, t4
x31 <- 0xFFFF15D6FFE80000

clint::tick mtime <- 0x0000000000000011
 clint timer pending at mtime 0x0000000000000011
htif::tick 0x0000000000000000
mem[X,0x0000000080001A7C] -> 0xB423
mem[X,0x0000000080001A7E] -> 0x1DF0
[1700] [M]: 0x0000000080001A7C (0x1DF0B423) sd t6, 0x1c8(ra)
mem[0x00000000800043D8] <- 0xFFFF15D6FFE80000

mem[X,0x0000000080001A80] -> 0x0F37
mem[X,0x0000000080001A82] -> 0xFC00
[1701] [M]: 0x0000000080001A80 (0xFC000F37) lui t5, -0x4000
x30 <- 0xFFFFFFFFFC000000

mem[X,0x0000000080001A84] -> 0x0F13
mem[X,0x0000000080001A86] -> 0xF7FF
[1702] [M]: 0x0000000080001A84 (0xF7FF0F13) addi t5, t5, -0x81
x30 <- 0xFFFFFFFFFBFFFF7F

mem[X,0x0000000080001A88] -> 0x1F13
mem[X,0x0000000080001A8A] -> 0x00BF
[1703] [M]: 0x0000000080001A88 (0x00BF1F13) slli t5, t5, 0xb
x30 <- 0xFFFFFFDFFFFBF800

mem[X,0x0000000080001A8C] -> 0x0F13
mem[X,0x0000000080001A8E] -> 0x3FFF
[1704] [M]: 0x0000000080001A8C (0x3FFF0F13) addi t5, t5, 0x3ff
x30 <- 0xFFFFFFDFFFFBFBFF

mem[X,0x0000000080001A90] -> 0x1F13
mem[X,0x0000000080001A92] -> 0x00BF
[1705] [M]: 0x0000000080001A90 (0x00BF1F13) slli t5, t5, 0xb
x30 <- 0xFFFEFFFFDFDFF800

mem[X,0x0000000080001A94] -> 0x0F13
mem[X,0x0000000080001A96] -> 0x7C0F
[1706] [M]: 0x0000000080001A94 (0x7C0F0F13) addi t5, t5, 0x7c0
x30 <- 0xFFFEFFFFDFDFFFC0

mem[X,0x0000000080001A98] -> 0x1F13
mem[X,0x0000000080001A9A] -> 0x00AF
[1707] [M]: 0x0000000080001A98 (0x00AF1F13) slli t5, t5, 0xa
x30 <- 0xFBFFFF7F7FFF0000

mem[X,0x0000000080001A9C] -> 0x0F13
mem[X,0x0000000080001A9E] -> 0x200F
[1708] [M]: 0x0000000080001A9C (0x200F0F13) addi t5, t5, 0x200
x30 <- 0xFBFFFF7F7FFF0200

mem[X,0x0000000080001AA0] -> 0x0EB7
mem[X,0x0000000080001AA2] -> 0x8000
[1709] [M]: 0x0000000080001AA0 (0x80000EB7) lui t4, -0x80000
x29 <- 0xFFFFFFFF80000000

mem[X,0x0000000080001AA4] -> 0x8E93
mem[X,0x0000000080001AA6] -> 0x010E
[1710] [M]: 0x0000000080001AA4 (0x010E8E93) addi t4, t4, 0x10
x29 <- 0xFFFFFFFF80000010

mem[X,0x0000000080001AA8] -> 0x9E93
mem[X,0x0000000080001AAA] -> 0x00BE
[1711] [M]: 0x0000000080001AA8 (0x00BE9E93) slli t4, t4, 0xb
x29 <- 0xFFFFFC0000008000

mem[X,0x0000000080001AAC] -> 0x8E93
mem[X,0x0000000080001AAE] -> 0x77FE
[1712] [M]: 0x0000000080001AAC (0x77FE8E93) addi t4, t4, 0x77f
x29 <- 0xFFFFFC000000877F

mem[X,0x0000000080001AB0] -> 0x9E93
mem[X,0x0000000080001AB2] -> 0x00BE
[1713] [M]: 0x0000000080001AB0 (0x00BE9E93) slli t4, t4, 0xb
x29 <- 0xFFE00000043BF800

mem[X,0x0000000080001AB4] -> 0x8E93
mem[X,0x0000000080001AB6] -> 0x7FFE
[1714] [M]: 0x0000000080001AB4 (0x7FFE8E93) addi t4, t4, 0x7ff
x29 <- 0xFFE00000043BFFFF

mem[X,0x0000000080001AB8] -> 0x9E93
mem[X,0x0000000080001ABA] -> 0x00AE
[1715] [M]: 0x0000000080001AB8 (0x00AE9E93) slli t4, t4, 0xa
x29 <- 0x80000010EFFFFC00

mem[X,0x0000000080001ABC] -> 0x8E93
mem[X,0x0000000080001ABE] -> 0x3FEE
[1716] [M]: 0x0000000080001ABC (0x3FEE8E93) addi t4, t4, 0x3fe
x29 <- 0x80000010EFFFFFFE

mem[X,0x0000000080001AC0] -> 0x1FBB
mem[X,0x0000000080001AC2] -> 0x91DF
[1717] [M]: 0x0000000080001AC0 (0x91DF1FBB) pmul.h.beo t6, t5, t4
x31 <- 0x0080000000110000

mem[X,0x0000000080001AC4] -> 0xB823
mem[X,0x0000000080001AC6] -> 0x1DF0
[1718] [M]: 0x0000000080001AC4 (0x1DF0B823) sd t6, 0x1d0(ra)
mem[0x00000000800043E0] <- 0x0080000000110000

mem[X,0x0000000080001AC8] -> 0xFF37
mem[X,0x0000000080001ACA] -> 0x0003
[1719] [M]: 0x0000000080001AC8 (0x0003FF37) lui t5, 0x3f
x30 <- 0x000000000003F000

mem[X,0x0000000080001ACC] -> 0x0F13
mem[X,0x0000000080001ACE] -> 0xFFFF
[1720] [M]: 0x0000000080001ACC (0xFFFF0F13) addi t5, t5, -0x1
x30 <- 0x000000000003EFFF

mem[X,0x0000000080001AD0] -> 0x1F13
mem[X,0x0000000080001AD2] -> 0x00BF
[1721] [M]: 0x0000000080001AD0 (0x00BF1F13) slli t5, t5, 0xb
x30 <- 0x000000001F7FF800

mem[X,0x0000000080001AD4] -> 0x0F13
mem[X,0x0000000080001AD6] -> 0x7FFF
[1722] [M]: 0x0000000080001AD4 (0x7FFF0F13) addi t5, t5, 0x7ff
x30 <- 0x000000001F7FFFFF

mem[X,0x0000000080001AD8] -> 0x1F13
mem[X,0x0000000080001ADA] -> 0x00BF
[1723] [M]: 0x0000000080001AD8 (0x00BF1F13) slli t5, t5, 0xb
x30 <- 0x000000FBFFFFF800

mem[X,0x0000000080001ADC] -> 0x0F13
mem[X,0x0000000080001ADE] -> 0x780F
[1724] [M]: 0x0000000080001ADC (0x780F0F13) addi t5, t5, 0x780
x30 <- 0x000000FBFFFFFF80

mem[X,0x0000000080001AE0] -> 0x1F13
mem[X,0x0000000080001AE2] -> 0x00AF
[1725] [M]: 0x0000000080001AE0 (0x00AF1F13) slli t5, t5, 0xa
x30 <- 0x0003EFFFFFFE0000

mem[X,0x0000000080001AE4] -> 0x0F13
mem[X,0x0000000080001AE6] -> 0x020F
[1726] [M]: 0x0000000080001AE4 (0x020F0F13) addi t5, t5, 0x20
x30 <- 0x0003EFFFFFFE0020

mem[X,0x0000000080001AE8] -> 0x0EB7
mem[X,0x0000000080001AEA] -> 0x0005
[1727] [M]: 0x0000000080001AE8 (0x00050EB7) lui t4, 0x50
x29 <- 0x0000000000050000

mem[X,0x0000000080001AEC] -> 0x8E93
mem[X,0x0000000080001AEE] -> 0x003E
[1728] [M]: 0x0000000080001AEC (0x003E8E93) addi t4, t4, 0x3
x29 <- 0x0000000000050003

mem[X,0x0000000080001AF0] -> 0x9E93
mem[X,0x0000000080001AF2] -> 0x00BE
[1729] [M]: 0x0000000080001AF0 (0x00BE9E93) slli t4, t4, 0xb
x29 <- 0x0000000028001800

mem[X,0x0000000080001AF4] -> 0x8E93
mem[X,0x0000000080001AF6] -> 0x5FFE
[1730] [M]: 0x0000000080001AF4 (0x5FFE8E93) addi t4, t4, 0x5ff
x29 <- 0x0000000028001DFF

mem[X,0x0000000080001AF8] -> 0x9E93
mem[X,0x0000000080001AFA] -> 0x00BE
[1731] [M]: 0x0000000080001AF8 (0x00BE9E93) slli t4, t4, 0xb
x29 <- 0x0000014000EFF800

mem[X,0x0000000080001AFC] -> 0x8E93
mem[X,0x0000000080001AFE] -> 0x7FFE
[1732] [M]: 0x0000000080001AFC (0x7FFE8E93) addi t4, t4, 0x7ff
x29 <- 0x0000014000EFFFFF

mem[X,0x0000000080001B00] -> 0x9E93
mem[X,0x0000000080001B02] -> 0x00AE
[1733] [M]: 0x0000000080001B00 (0x00AE9E93) slli t4, t4, 0xa
x29 <- 0x00050003BFFFFC00

mem[X,0x0000000080001B04] -> 0x8E93
mem[X,0x0000000080001B06] -> 0x3F8E
[1734] [M]: 0x0000000080001B04 (0x3F8E8E93) addi t4, t4, 0x3f8
x29 <- 0x00050003BFFFFFF8

mem[X,0x0000000080001B08] -> 0x1FBB
mem[X,0x0000000080001B0A] -> 0x91DF
[1735] [M]: 0x0000000080001B08 (0x91DF1FBB) pmul.h.beo t6, t5, t4
x31 <- 0x000000000082FFE0

mem[X,0x0000000080001B0C] -> 0xBC23
mem[X,0x0000000080001B0E] -> 0x1DF0
[1736] [M]: 0x0000000080001B0C (0x1DF0BC23) sd t6, 0x1d8(ra)
mem[0x00000000800043E8] <- 0x000000000082FFE0

mem[X,0x0000000080001B10] -> 0xBF37
mem[X,0x0000000080001B12] -> 0x0006
[1737] [M]: 0x0000000080001B10 (0x0006BF37) lui t5, 0x6b
x30 <- 0x000000000006B000

mem[X,0x0000000080001B14] -> 0x0F13
mem[X,0x0000000080001B16] -> 0xAAAF
[1738] [M]: 0x0000000080001B14 (0xAAAF0F13) addi t5, t5, -0x556
x30 <- 0x000000000006AAAA

mem[X,0x0000000080001B18] -> 0x1F13
mem[X,0x0000000080001B1A] -> 0x00BF
[1739] [M]: 0x0000000080001B18 (0x00BF1F13) slli t5, t5, 0xb
x30 <- 0x0000000035555000

mem[X,0x0000000080001B1C] -> 0x0F13
mem[X,0x0000000080001B1E] -> 0x7FFF
[1740] [M]: 0x0000000080001B1C (0x7FFF0F13) addi t5, t5, 0x7ff
x30 <- 0x00000000355557FF

mem[X,0x0000000080001B20] -> 0x1F13
mem[X,0x0000000080001B22] -> 0x00BF
[1741] [M]: 0x0000000080001B20 (0x00BF1F13) slli t5, t5, 0xb
x30 <- 0x000001AAAABFF800

mem[X,0x0000000080001B24] -> 0x0F13
mem[X,0x0000000080001B26] -> 0x5FFF
[1742] [M]: 0x0000000080001B24 (0x5FFF0F13) addi t5, t5, 0x5ff
x30 <- 0x000001AAAABFFDFF

mem[X,0x0000000080001B28] -> 0x1F13
mem[X,0x0000000080001B2A] -> 0x00AF
[1743] [M]: 0x0000000080001B28 (0x00AF1F13) slli t5, t5, 0xa
x30 <- 0x0006AAAAFFF7FC00

mem[X,0x0000000080001B2C] -> 0x0F13
mem[X,0x0000000080001B2E] -> 0x2FFF
[1744] [M]: 0x0000000080001B2C (0x2FFF0F13) addi t5, t5, 0x2ff
x30 <- 0x0006AAAAFFF7FEFF

mem[X,0x0000000080001B30] -> 0x2EB7
mem[X,0x0000000080001B32] -> 0x0100
[1745] [M]: 0x0000000080001B30 (0x01002EB7) lui t4, 0x1002
x29 <- 0x0000000001002000

mem[X,0x0000000080001B34] -> 0x8E93
mem[X,0x0000000080001B36] -> 0x000E
[1746] [M]: 0x0000000080001B34 (0x000E8E93) addi t4, t4, 0x0
x29 <- 0x0000000001002000

mem[X,0x0000000080001B38] -> 0x9E93
mem[X,0x0000000080001B3A] -> 0x00BE
[1747] [M]: 0x0000000080001B38 (0x00BE9E93) slli t4, t4, 0xb
x29 <- 0x0000000801000000

mem[X,0x0000000080001B3C] -> 0x8E93
mem[X,0x0000000080001B3E] -> 0x000E
[1748] [M]: 0x0000000080001B3C (0x000E8E93) addi t4, t4, 0x0
x29 <- 0x0000000801000000

mem[X,0x0000000080001B40] -> 0x9E93
mem[X,0x0000000080001B42] -> 0x00BE
[1749] [M]: 0x0000000080001B40 (0x00BE9E93) slli t4, t4, 0xb
x29 <- 0x0000400800000000

mem[X,0x0000000080001B44] -> 0x8E93
mem[X,0x0000000080001B46] -> 0x0DFE
[1750] [M]: 0x0000000080001B44 (0x0DFE8E93) addi t4, t4, 0xdf
x29 <- 0x00004008000000DF

mem[X,0x0000000080001B48] -> 0x9E93
mem[X,0x0000000080001B4A] -> 0x00AE
[1751] [M]: 0x0000000080001B48 (0x00AE9E93) slli t4, t4, 0xa
x29 <- 0x0100200000037C00

mem[X,0x0000000080001B4C] -> 0x8E93
mem[X,0x0000000080001B4E] -> 0x3FFE
[1752] [M]: 0x0000000080001B4C (0x3FFE8E93) addi t4, t4, 0x3ff
x29 <- 0x0100200000037FFF

mem[X,0x0000000080001B50] -> 0x1FBB
mem[X,0x0000000080001B52] -> 0x91DF
[1753] [M]: 0x0000000080001B50 (0x91DF1FBB) pmul.h.beo t6, t5, t4
x31 <- 0x0006F5400000FF81

mem[X,0x0000000080001B54] -> 0xB023
mem[X,0x0000000080001B56] -> 0x1FF0
[1754] [M]: 0x0000000080001B54 (0x1FF0B023) sd t6, 0x1e0(ra)
mem[0x00000000800043F0] <- 0x0006F5400000FF81

mem[X,0x0000000080001B58] -> 0x0F37
mem[X,0x0000000080001B5A] -> 0x8000
[1755] [M]: 0x0000000080001B58 (0x80000F37) lui t5, -0x80000
x30 <- 0xFFFFFFFF80000000

mem[X,0x0000000080001B5C] -> 0x0F13
mem[X,0x0000000080001B5E] -> 0x006F
[1756] [M]: 0x0000000080001B5C (0x006F0F13) addi t5, t5, 0x6
x30 <- 0xFFFFFFFF80000006

mem[X,0x0000000080001B60] -> 0x1F13
mem[X,0x0000000080001B62] -> 0x00BF
[1757] [M]: 0x0000000080001B60 (0x00BF1F13) slli t5, t5, 0xb
x30 <- 0xFFFFFC0000003000

mem[X,0x0000000080001B64] -> 0x0F13
mem[X,0x0000000080001B66] -> 0x000F
[1758] [M]: 0x0000000080001B64 (0x000F0F13) addi t5, t5, 0x0
x30 <- 0xFFFFFC0000003000

mem[X,0x0000000080001B68] -> 0x1F13
mem[X,0x0000000080001B6A] -> 0x00BF
[1759] [M]: 0x0000000080001B68 (0x00BF1F13) slli t5, t5, 0xb
x30 <- 0xFFE0000001800000

mem[X,0x0000000080001B6C] -> 0x0F13
mem[X,0x0000000080001B6E] -> 0x43BF
[1760] [M]: 0x0000000080001B6C (0x43BF0F13) addi t5, t5, 0x43b
x30 <- 0xFFE000000180043B

mem[X,0x0000000080001B70] -> 0x1F13
mem[X,0x0000000080001B72] -> 0x00AF
[1761] [M]: 0x0000000080001B70 (0x00AF1F13) slli t5, t5, 0xa
x30 <- 0x800000060010EC00

mem[X,0x0000000080001B74] -> 0x0F13
mem[X,0x0000000080001B76] -> 0x3FFF
[1762] [M]: 0x0000000080001B74 (0x3FFF0F13) addi t5, t5, 0x3ff
x30 <- 0x800000060010EFFF

mem[X,0x0000000080001B78] -> 0x0EB7
mem[X,0x0000000080001B7A] -> 0x0021
[1763] [M]: 0x0000000080001B78 (0x00210EB7) lui t4, 0x210
x29 <- 0x0000000000210000

mem[X,0x0000000080001B7C] -> 0x8E93
mem[X,0x0000000080001B7E] -> 0xFF8E
[1764] [M]: 0x0000000080001B7C (0xFF8E8E93) addi t4, t4, -0x8
x29 <- 0x000000000020FFF8

mem[X,0x0000000080001B80] -> 0x9E93
mem[X,0x0000000080001B82] -> 0x00BE
[1765] [M]: 0x0000000080001B80 (0x00BE9E93) slli t4, t4, 0xb
x29 <- 0x0000000107FFC000

mem[X,0x0000000080001B84] -> 0x8E93
mem[X,0x0000000080001B86] -> 0x7FFE
[1766] [M]: 0x0000000080001B84 (0x7FFE8E93) addi t4, t4, 0x7ff
x29 <- 0x0000000107FFC7FF

mem[X,0x0000000080001B88] -> 0x9E93
mem[X,0x0000000080001B8A] -> 0x00BE
[1767] [M]: 0x0000000080001B88 (0x00BE9E93) slli t4, t4, 0xb
x29 <- 0x0000083FFE3FF800

mem[X,0x0000000080001B8C] -> 0x8E93
mem[X,0x0000000080001B8E] -> 0x6FBE
[1768] [M]: 0x0000000080001B8C (0x6FBE8E93) addi t4, t4, 0x6fb
x29 <- 0x0000083FFE3FFEFB

mem[X,0x0000000080001B90] -> 0x9E93
mem[X,0x0000000080001B92] -> 0x00AE
[1769] [M]: 0x0000000080001B90 (0x00AE9E93) slli t4, t4, 0xa
x29 <- 0x0020FFF8FFFBEC00

mem[X,0x0000000080001B94] -> 0x8E93
mem[X,0x0000000080001B96] -> 0x3FFE
[1770] [M]: 0x0000000080001B94 (0x3FFE8E93) addi t4, t4, 0x3ff
x29 <- 0x0020FFF8FFFBEFFF

mem[X,0x0000000080001B98] -> 0x1FBB
mem[X,0x0000000080001B9A] -> 0x91DF
[1771] [M]: 0x0000000080001B98 (0x91DF1FBB) pmul.h.beo t6, t5, t4
x31 <- 0x0000FFFAFFF00011

mem[X,0x0000000080001B9C] -> 0xB423
mem[X,0x0000000080001B9E] -> 0x1FF0
[1772] [M]: 0x0000000080001B9C (0x1FF0B423) sd t6, 0x1e8(ra)
mem[0x00000000800043F8] <- 0x0000FFFAFFF00011

mem[X,0x0000000080001BA0] -> 0x0F37
mem[X,0x0000000080001BA2] -> 0xFE00
[1773] [M]: 0x0000000080001BA0 (0xFE000F37) lui t5, -0x2000
x30 <- 0xFFFFFFFFFE000000

mem[X,0x0000000080001BA4] -> 0x0F13
mem[X,0x0000000080001BA6] -> 0xFF8F
[1774] [M]: 0x0000000080001BA4 (0xFF8F0F13) addi t5, t5, -0x8
x30 <- 0xFFFFFFFFFDFFFFF8

mem[X,0x0000000080001BA8] -> 0x1F13
mem[X,0x0000000080001BAA] -> 0x00BF
[1775] [M]: 0x0000000080001BA8 (0x00BF1F13) slli t5, t5, 0xb
x30 <- 0xFFFFFFEFFFFFC000

mem[X,0x0000000080001BAC] -> 0x0F13
mem[X,0x0000000080001BAE] -> 0x5FFF
[1776] [M]: 0x0000000080001BAC (0x5FFF0F13) addi t5, t5, 0x5ff
x30 <- 0xFFFFFFEFFFFFC5FF

mem[X,0x0000000080001BB0] -> 0x1F13
mem[X,0x0000000080001BB2] -> 0x00BF
[1777] [M]: 0x0000000080001BB0 (0x00BF1F13) slli t5, t5, 0xb
x30 <- 0xFFFF7FFFFE2FF800

mem[X,0x0000000080001BB4] -> 0x0F13
mem[X,0x0000000080001BB6] -> 0x7FFF
[1778] [M]: 0x0000000080001BB4 (0x7FFF0F13) addi t5, t5, 0x7ff
x30 <- 0xFFFF7FFFFE2FFFFF

mem[X,0x0000000080001BB8] -> 0x1F13
mem[X,0x0000000080001BBA] -> 0x00AF
[1779] [M]: 0x0000000080001BB8 (0x00AF1F13) slli t5, t5, 0xa
x30 <- 0xFDFFFFF8BFFFFC00

mem[X,0x0000000080001BBC] -> 0x0F13
mem[X,0x0000000080001BBE] -> 0x3F7F
[1780] [M]: 0x0000000080001BBC (0x3F7F0F13) addi t5, t5, 0x3f7
x30 <- 0xFDFFFFF8BFFFFFF7

mem[X,0x0000000080001BC0] -> 0x0EB7
mem[X,0x0000000080001BC2] -> 0x0801
[1781] [M]: 0x0000000080001BC0 (0x08010EB7) lui t4, 0x8010
x29 <- 0x0000000008010000

mem[X,0x0000000080001BC4] -> 0x8E93
mem[X,0x0000000080001BC6] -> 0xFDFE
[1782] [M]: 0x0000000080001BC4 (0xFDFE8E93) addi t4, t4, -0x21
x29 <- 0x000000000800FFDF

mem[X,0x0000000080001BC8] -> 0x9E93
mem[X,0x0000000080001BCA] -> 0x00BE
[1783] [M]: 0x0000000080001BC8 (0x00BE9E93) slli t4, t4, 0xb
x29 <- 0x0000004007FEF800

mem[X,0x0000000080001BCC] -> 0x8E93
mem[X,0x0000000080001BCE] -> 0x7FFE
[1784] [M]: 0x0000000080001BCC (0x7FFE8E93) addi t4, t4, 0x7ff
x29 <- 0x0000004007FEFFFF

mem[X,0x0000000080001BD0] -> 0x9E93
mem[X,0x0000000080001BD2] -> 0x00BE
[1785] [M]: 0x0000000080001BD0 (0x00BE9E93) slli t4, t4, 0xb
x29 <- 0x0002003FF7FFF800

mem[X,0x0000000080001BD4] -> 0x8E93
mem[X,0x0000000080001BD6] -> 0x3C0E
[1786] [M]: 0x0000000080001BD4 (0x3C0E8E93) addi t4, t4, 0x3c0
x29 <- 0x0002003FF7FFFBC0

mem[X,0x0000000080001BD8] -> 0x9E93
mem[X,0x0000000080001BDA] -> 0x00AE
[1787] [M]: 0x0000000080001BD8 (0x00AE9E93) slli t4, t4, 0xa
x29 <- 0x0800FFDFFFEF0000

mem[X,0x0000000080001BDC] -> 0x8E93
mem[X,0x0000000080001BDE] -> 0x007E
[1788] [M]: 0x0000000080001BDC (0x007E8E93) addi t4, t4, 0x7
x29 <- 0x0800FFDFFFEF0007

mem[X,0x0000000080001BE0] -> 0x1FBB
mem[X,0x0000000080001BE2] -> 0x91DF
[1789] [M]: 0x0000000080001BE0 (0x91DF1FBB) pmul.h.beo t6, t5, t4
x31 <- 0xFFF8000800010000

mem[X,0x0000000080001BE4] -> 0xB823
mem[X,0x0000000080001BE6] -> 0x1FF0
[1790] [M]: 0x0000000080001BE4 (0x1FF0B823) sd t6, 0x1f0(ra)
mem[0x0000000080004400] <- 0xFFF8000800010000

mem[X,0x0000000080001BE8] -> 0xCF37
mem[X,0x0000000080001BEA] -> 0x0010
[1791] [M]: 0x0000000080001BE8 (0x0010CF37) lui t5, 0x10c
x30 <- 0x000000000010C000

mem[X,0x0000000080001BEC] -> 0x0F13
mem[X,0x0000000080001BEE] -> 0xFFFF
[1792] [M]: 0x0000000080001BEC (0xFFFF0F13) addi t5, t5, -0x1
x30 <- 0x000000000010BFFF

mem[X,0x0000000080001BF0] -> 0x1F13
mem[X,0x0000000080001BF2] -> 0x00BF
[1793] [M]: 0x0000000080001BF0 (0x00BF1F13) slli t5, t5, 0xb
x30 <- 0x0000000085FFF800

mem[X,0x0000000080001BF4] -> 0x0F13
mem[X,0x0000000080001BF6] -> 0x6FFF
[1794] [M]: 0x0000000080001BF4 (0x6FFF0F13) addi t5, t5, 0x6ff
x30 <- 0x0000000085FFFEFF

mem[X,0x0000000080001BF8] -> 0x1F13
mem[X,0x0000000080001BFA] -> 0x00BF
[1795] [M]: 0x0000000080001BF8 (0x00BF1F13) slli t5, t5, 0xb
x30 <- 0x0000042FFFF7F800

mem[X,0x0000000080001BFC] -> 0x0F13
mem[X,0x0000000080001BFE] -> 0x7C2F
[1796] [M]: 0x0000000080001BFC (0x7C2F0F13) addi t5, t5, 0x7c2
x30 <- 0x0000042FFFF7FFC2

mem[X,0x0000000080001C00] -> 0x1F13
mem[X,0x0000000080001C02] -> 0x00AF
[1797] [M]: 0x0000000080001C00 (0x00AF1F13) slli t5, t5, 0xa
x30 <- 0x0010BFFFDFFF0800

mem[X,0x0000000080001C04] -> 0x0EB7
mem[X,0x0000000080001C06] -> 0x0041
[1798] [M]: 0x0000000080001C04 (0x00410EB7) lui t4, 0x410
x29 <- 0x0000000000410000

mem[X,0x0000000080001C08] -> 0x8E93
mem[X,0x0000000080001C0A] -> 0xFBFE
[1799] [M]: 0x0000000080001C08 (0xFBFE8E93) addi t4, t4, -0x41
x29 <- 0x000000000040FFBF

clint::tick mtime <- 0x0000000000000012
 clint timer pending at mtime 0x0000000000000012
htif::tick 0x0000000000000000
mem[X,0x0000000080001C0C] -> 0x9E93
mem[X,0x0000000080001C0E] -> 0x00BE
[1800] [M]: 0x0000000080001C0C (0x00BE9E93) slli t4, t4, 0xb
x29 <- 0x0000000207FDF800

mem[X,0x0000000080001C10] -> 0x8E93
mem[X,0x0000000080001C12] -> 0x3FFE
[1801] [M]: 0x0000000080001C10 (0x3FFE8E93) addi t4, t4, 0x3ff
x29 <- 0x0000000207FDFBFF

mem[X,0x0000000080001C14] -> 0x9E93
mem[X,0x0000000080001C16] -> 0x00BE
[1802] [M]: 0x0000000080001C14 (0x00BE9E93) slli t4, t4, 0xb
x29 <- 0x0000103FEFDFF800

mem[X,0x0000000080001C18] -> 0x8E93
mem[X,0x0000000080001C1A] -> 0x7C0E
[1803] [M]: 0x0000000080001C18 (0x7C0E8E93) addi t4, t4, 0x7c0
x29 <- 0x0000103FEFDFFFC0

mem[X,0x0000000080001C1C] -> 0x9E93
mem[X,0x0000000080001C1E] -> 0x00AE
[1804] [M]: 0x0000000080001C1C (0x00AE9E93) slli t4, t4, 0xa
x29 <- 0x0040FFBF7FFF0000

mem[X,0x0000000080001C20] -> 0x8E93
mem[X,0x0000000080001C22] -> 0x002E
[1805] [M]: 0x0000000080001C20 (0x002E8E93) addi t4, t4, 0x2
x29 <- 0x0040FFBF7FFF0002

mem[X,0x0000000080001C24] -> 0x1FBB
mem[X,0x0000000080001C26] -> 0x91DF
[1806] [M]: 0x0000000080001C24 (0x91DF1FBB) pmul.h.beo t6, t5, t4
x31 <- 0x00000001FF810000

mem[X,0x0000000080001C28] -> 0xBC23
mem[X,0x0000000080001C2A] -> 0x1FF0
[1807] [M]: 0x0000000080001C28 (0x1FF0BC23) sd t6, 0x1f8(ra)
mem[0x0000000080004408] <- 0x00000001FF810000

mem[X,0x0000000080001C2C] -> 0x0F37
mem[X,0x0000000080001C2E] -> 0x0040
[1808] [M]: 0x0000000080001C2C (0x00400F37) lui t5, 0x400
x30 <- 0x0000000000400000

mem[X,0x0000000080001C30] -> 0x0F13
mem[X,0x0000000080001C32] -> 0x001F
[1809] [M]: 0x0000000080001C30 (0x001F0F13) addi t5, t5, 0x1
x30 <- 0x0000000000400001

mem[X,0x0000000080001C34] -> 0x1F13
mem[X,0x0000000080001C36] -> 0x00BF
[1810] [M]: 0x0000000080001C34 (0x00BF1F13) slli t5, t5, 0xb
x30 <- 0x0000000200000800

mem[X,0x0000000080001C38] -> 0x0F13
mem[X,0x0000000080001C3A] -> 0x7FBF
[1811] [M]: 0x0000000080001C38 (0x7FBF0F13) addi t5, t5, 0x7fb
x30 <- 0x0000000200000FFB

mem[X,0x0000000080001C3C] -> 0x1F13
mem[X,0x0000000080001C3E] -> 0x00BF
[1812] [M]: 0x0000000080001C3C (0x00BF1F13) slli t5, t5, 0xb
x30 <- 0x00001000007FD800

mem[X,0x0000000080001C40] -> 0x0F13
mem[X,0x0000000080001C42] -> 0x7C0F
[1813] [M]: 0x0000000080001C40 (0x7C0F0F13) addi t5, t5, 0x7c0
x30 <- 0x00001000007FDFC0

mem[X,0x0000000080001C44] -> 0x1F13
mem[X,0x0000000080001C46] -> 0x00AF
[1814] [M]: 0x0000000080001C44 (0x00AF1F13) slli t5, t5, 0xa
x30 <- 0x00400001FF7F0000

mem[X,0x0000000080001C48] -> 0x0F13
mem[X,0x0000000080001C4A] -> 0x100F
[1815] [M]: 0x0000000080001C48 (0x100F0F13) addi t5, t5, 0x100
x30 <- 0x00400001FF7F0100

mem[X,0x0000000080001C4C] -> 0x0EB7
mem[X,0x0000000080001C4E] -> 0xFC00
[1816] [M]: 0x0000000080001C4C (0xFC000EB7) lui t4, -0x4000
x29 <- 0xFFFFFFFFFC000000

mem[X,0x0000000080001C50] -> 0x8E93
mem[X,0x0000000080001C52] -> 0xFBFE
[1817] [M]: 0x0000000080001C50 (0xFBFE8E93) addi t4, t4, -0x41
x29 <- 0xFFFFFFFFFBFFFFBF

mem[X,0x0000000080001C54] -> 0x9E93
mem[X,0x0000000080001C56] -> 0x00BE
[1818] [M]: 0x0000000080001C54 (0x00BE9E93) slli t4, t4, 0xb
x29 <- 0xFFFFFFDFFFFDF800

mem[X,0x0000000080001C58] -> 0x8E93
mem[X,0x0000000080001C5A] -> 0x3FFE
[1819] [M]: 0x0000000080001C58 (0x3FFE8E93) addi t4, t4, 0x3ff
x29 <- 0xFFFFFFDFFFFDFBFF

mem[X,0x0000000080001C5C] -> 0x9E93
mem[X,0x0000000080001C5E] -> 0x00BE
[1820] [M]: 0x0000000080001C5C (0x00BE9E93) slli t4, t4, 0xb
x29 <- 0xFFFEFFFFEFDFF800

mem[X,0x0000000080001C60] -> 0x8E93
mem[X,0x0000000080001C62] -> 0x7C0E
[1821] [M]: 0x0000000080001C60 (0x7C0E8E93) addi t4, t4, 0x7c0
x29 <- 0xFFFEFFFFEFDFFFC0

mem[X,0x0000000080001C64] -> 0x9E93
mem[X,0x0000000080001C66] -> 0x00AE
[1822] [M]: 0x0000000080001C64 (0x00AE9E93) slli t4, t4, 0xa
x29 <- 0xFBFFFFBF7FFF0000

mem[X,0x0000000080001C68] -> 0x8E93
mem[X,0x0000000080001C6A] -> 0x020E
[1823] [M]: 0x0000000080001C68 (0x020E8E93) addi t4, t4, 0x20
x29 <- 0xFBFFFFBF7FFF0020

mem[X,0x0000000080001C6C] -> 0x1FBB
mem[X,0x0000000080001C6E] -> 0x91DF
[1824] [M]: 0x0000000080001C6C (0x91DF1FBB) pmul.h.beo t6, t5, t4
x31 <- 0xFEC0FFFF3F010000

mem[X,0x0000000080001C70] -> 0xB023
mem[X,0x0000000080001C72] -> 0x21F0
[1825] [M]: 0x0000000080001C70 (0x21F0B023) sd t6, 0x200(ra)
mem[0x0000000080004410] <- 0xFEC0FFFF3F010000

mem[X,0x0000000080001C74] -> 0x0F37
mem[X,0x0000000080001C76] -> 0x0200
[1826] [M]: 0x0000000080001C74 (0x02000F37) lui t5, 0x2000
x30 <- 0x0000000002000000

mem[X,0x0000000080001C78] -> 0x0F13
mem[X,0x0000000080001C7A] -> 0x020F
[1827] [M]: 0x0000000080001C78 (0x020F0F13) addi t5, t5, 0x20
x30 <- 0x0000000002000020

mem[X,0x0000000080001C7C] -> 0x1F13
mem[X,0x0000000080001C7E] -> 0x00BF
[1828] [M]: 0x0000000080001C7C (0x00BF1F13) slli t5, t5, 0xb
x30 <- 0x0000001000010000

mem[X,0x0000000080001C80] -> 0x0F13
mem[X,0x0000000080001C82] -> 0x7BFF
[1829] [M]: 0x0000000080001C80 (0x7BFF0F13) addi t5, t5, 0x7bf
x30 <- 0x00000010000107BF

mem[X,0x0000000080001C84] -> 0x1F13
mem[X,0x0000000080001C86] -> 0x00BF
[1830] [M]: 0x0000000080001C84 (0x00BF1F13) slli t5, t5, 0xb
x30 <- 0x00008000083DF800

mem[X,0x0000000080001C88] -> 0x0F13
mem[X,0x0000000080001C8A] -> 0x7C0F
[1831] [M]: 0x0000000080001C88 (0x7C0F0F13) addi t5, t5, 0x7c0
x30 <- 0x00008000083DFFC0

mem[X,0x0000000080001C8C] -> 0x1F13
mem[X,0x0000000080001C8E] -> 0x00AF
[1832] [M]: 0x0000000080001C8C (0x00AF1F13) slli t5, t5, 0xa
x30 <- 0x02000020F7FF0000

mem[X,0x0000000080001C90] -> 0x0F13
mem[X,0x0000000080001C92] -> 0x010F
[1833] [M]: 0x0000000080001C90 (0x010F0F13) addi t5, t5, 0x10
x30 <- 0x02000020F7FF0010

mem[X,0x0000000080001C94] -> 0xCEB7
mem[X,0x0000000080001C96] -> 0xC000
[1834] [M]: 0x0000000080001C94 (0xC000CEB7) lui t4, -0x3fff4
x29 <- 0xFFFFFFFFC000C000

mem[X,0x0000000080001C98] -> 0x8E93
mem[X,0x0000000080001C9A] -> 0x000E
[1835] [M]: 0x0000000080001C98 (0x000E8E93) addi t4, t4, 0x0
x29 <- 0xFFFFFFFFC000C000

mem[X,0x0000000080001C9C] -> 0x9E93
mem[X,0x0000000080001C9E] -> 0x00BE
[1836] [M]: 0x0000000080001C9C (0x00BE9E93) slli t4, t4, 0xb
x29 <- 0xFFFFFE0006000000

mem[X,0x0000000080001CA0] -> 0x8E93
mem[X,0x0000000080001CA2] -> 0x7F7E
[1837] [M]: 0x0000000080001CA0 (0x7F7E8E93) addi t4, t4, 0x7f7
x29 <- 0xFFFFFE00060007F7

mem[X,0x0000000080001CA4] -> 0x9E93
mem[X,0x0000000080001CA6] -> 0x00BE
[1838] [M]: 0x0000000080001CA4 (0x00BE9E93) slli t4, t4, 0xb
x29 <- 0xFFF00030003FB800

mem[X,0x0000000080001CA8] -> 0x8E93
mem[X,0x0000000080001CAA] -> 0x7C0E
[1839] [M]: 0x0000000080001CA8 (0x7C0E8E93) addi t4, t4, 0x7c0
x29 <- 0xFFF00030003FBFC0

mem[X,0x0000000080001CAC] -> 0x9E93
mem[X,0x0000000080001CAE] -> 0x00AE
[1840] [M]: 0x0000000080001CAC (0x00AE9E93) slli t4, t4, 0xa
x29 <- 0xC000C000FEFF0000

mem[X,0x0000000080001CB0] -> 0x8E93
mem[X,0x0000000080001CB2] -> 0x008E
[1841] [M]: 0x0000000080001CB0 (0x008E8E93) addi t4, t4, 0x8
x29 <- 0xC000C000FEFF0008

mem[X,0x0000000080001CB4] -> 0x1FBB
mem[X,0x0000000080001CB6] -> 0x91DF
[1842] [M]: 0x0000000080001CB4 (0x91DF1FBB) pmul.h.beo t6, t5, t4
x31 <- 0x0000F80000020000

mem[X,0x0000000080001CB8] -> 0xB423
mem[X,0x0000000080001CBA] -> 0x21F0
[1843] [M]: 0x0000000080001CB8 (0x21F0B423) sd t6, 0x208(ra)
mem[0x0000000080004418] <- 0x0000F80000020000

mem[X,0x0000000080001CBC] -> 0x0F37
mem[X,0x0000000080001CBE] -> 0x1001
[1844] [M]: 0x0000000080001CBC (0x10010F37) lui t5, 0x10010
x30 <- 0x0000000010010000

mem[X,0x0000000080001CC0] -> 0x0F13
mem[X,0x0000000080001CC2] -> 0xFBFF
[1845] [M]: 0x0000000080001CC0 (0xFBFF0F13) addi t5, t5, -0x41
x30 <- 0x000000001000FFBF

mem[X,0x0000000080001CC4] -> 0x1F13
mem[X,0x0000000080001CC6] -> 0x00BF
[1846] [M]: 0x0000000080001CC4 (0x00BF1F13) slli t5, t5, 0xb
x30 <- 0x0000008007FDF800

mem[X,0x0000000080001CC8] -> 0x0F13
mem[X,0x0000000080001CCA] -> 0x1FFF
[1847] [M]: 0x0000000080001CC8 (0x1FFF0F13) addi t5, t5, 0x1ff
x30 <- 0x0000008007FDF9FF

mem[X,0x0000000080001CCC] -> 0x1F13
mem[X,0x0000000080001CCE] -> 0x00BF
[1848] [M]: 0x0000000080001CCC (0x00BF1F13) slli t5, t5, 0xb
x30 <- 0x0004003FEFCFF800

mem[X,0x0000000080001CD0] -> 0x0F13
mem[X,0x0000000080001CD2] -> 0x7C0F
[1849] [M]: 0x0000000080001CD0 (0x7C0F0F13) addi t5, t5, 0x7c0
x30 <- 0x0004003FEFCFFFC0

mem[X,0x0000000080001CD4] -> 0x1F13
mem[X,0x0000000080001CD6] -> 0x00AF
[1850] [M]: 0x0000000080001CD4 (0x00AF1F13) slli t5, t5, 0xa
x30 <- 0x1000FFBF3FFF0000

mem[X,0x0000000080001CD8] -> 0x0F13
mem[X,0x0000000080001CDA] -> 0x003F
[1851] [M]: 0x0000000080001CD8 (0x003F0F13) addi t5, t5, 0x3
x30 <- 0x1000FFBF3FFF0003

mem[X,0x0000000080001CDC] -> 0x0EB7
mem[X,0x0000000080001CDE] -> 0x1000
[1852] [M]: 0x0000000080001CDC (0x10000EB7) lui t4, 0x10000
x29 <- 0x0000000010000000

mem[X,0x0000000080001CE0] -> 0x8E93
mem[X,0x0000000080001CE2] -> 0x006E
[1853] [M]: 0x0000000080001CE0 (0x006E8E93) addi t4, t4, 0x6
x29 <- 0x0000000010000006

mem[X,0x0000000080001CE4] -> 0x9E93
mem[X,0x0000000080001CE6] -> 0x00BE
[1854] [M]: 0x0000000080001CE4 (0x00BE9E93) slli t4, t4, 0xb
x29 <- 0x0000008000003000

mem[X,0x0000000080001CE8] -> 0x8E93
mem[X,0x0000000080001CEA] -> 0x080E
[1855] [M]: 0x0000000080001CE8 (0x080E8E93) addi t4, t4, 0x80
x29 <- 0x0000008000003080

mem[X,0x0000000080001CEC] -> 0x9E93
mem[X,0x0000000080001CEE] -> 0x00BE
[1856] [M]: 0x0000000080001CEC (0x00BE9E93) slli t4, t4, 0xb
x29 <- 0x0004000001840000

mem[X,0x0000000080001CF0] -> 0x8E93
mem[X,0x0000000080001CF2] -> 0x030E
[1857] [M]: 0x0000000080001CF0 (0x030E8E93) addi t4, t4, 0x30
x29 <- 0x0004000001840030

mem[X,0x0000000080001CF4] -> 0x9E93
mem[X,0x0000000080001CF6] -> 0x00AE
[1858] [M]: 0x0000000080001CF4 (0x00AE9E93) slli t4, t4, 0xa
x29 <- 0x100000061000C000

mem[X,0x0000000080001CF8] -> 0x1FBB
mem[X,0x0000000080001CFA] -> 0x91DF
[1859] [M]: 0x0000000080001CF8 (0x91DF1FBB) pmul.h.beo t6, t5, t4
x31 <- 0x00000000FFF0FF40

mem[X,0x0000000080001CFC] -> 0xB823
mem[X,0x0000000080001CFE] -> 0x21F0
[1860] [M]: 0x0000000080001CFC (0x21F0B823) sd t6, 0x210(ra)
mem[0x0000000080004420] <- 0x00000000FFF0FF40

mem[X,0x0000000080001D00] -> 0x8F37
mem[X,0x0000000080001D02] -> 0x0000
[1861] [M]: 0x0000000080001D00 (0x00008F37) lui t5, 0x8
x30 <- 0x0000000000008000

mem[X,0x0000000080001D04] -> 0x0F13
mem[X,0x0000000080001D06] -> 0xFFFF
[1862] [M]: 0x0000000080001D04 (0xFFFF0F13) addi t5, t5, -0x1
x30 <- 0x0000000000007FFF

mem[X,0x0000000080001D08] -> 0x1F13
mem[X,0x0000000080001D0A] -> 0x00BF
[1863] [M]: 0x0000000080001D08 (0x00BF1F13) slli t5, t5, 0xb
x30 <- 0x0000000003FFF800

mem[X,0x0000000080001D0C] -> 0x0F13
mem[X,0x0000000080001D0E] -> 0x7FDF
[1864] [M]: 0x0000000080001D0C (0x7FDF0F13) addi t5, t5, 0x7fd
x30 <- 0x0000000003FFFFFD

mem[X,0x0000000080001D10] -> 0x1F13
mem[X,0x0000000080001D12] -> 0x00BF
[1865] [M]: 0x0000000080001D10 (0x00BF1F13) slli t5, t5, 0xb
x30 <- 0x0000001FFFFFE800

mem[X,0x0000000080001D14] -> 0x0F13
mem[X,0x0000000080001D16] -> 0x7C0F
[1866] [M]: 0x0000000080001D14 (0x7C0F0F13) addi t5, t5, 0x7c0
x30 <- 0x0000001FFFFFEFC0

mem[X,0x0000000080001D18] -> 0x1F13
mem[X,0x0000000080001D1A] -> 0x00AF
[1867] [M]: 0x0000000080001D18 (0x00AF1F13) slli t5, t5, 0xa
x30 <- 0x00007FFFFFBF0000

mem[X,0x0000000080001D1C] -> 0x0F13
mem[X,0x0000000080001D1E] -> 0x009F
[1868] [M]: 0x0000000080001D1C (0x009F0F13) addi t5, t5, 0x9
x30 <- 0x00007FFFFFBF0009

mem[X,0x0000000080001D20] -> 0x0EB7
mem[X,0x0000000080001D22] -> 0x0020
[1869] [M]: 0x0000000080001D20 (0x00200EB7) lui t4, 0x200
x29 <- 0x0000000000200000

mem[X,0x0000000080001D24] -> 0x8E93
mem[X,0x0000000080001D26] -> 0x002E
[1870] [M]: 0x0000000080001D24 (0x002E8E93) addi t4, t4, 0x2
x29 <- 0x0000000000200002

mem[X,0x0000000080001D28] -> 0x9E93
mem[X,0x0000000080001D2A] -> 0x00BE
[1871] [M]: 0x0000000080001D28 (0x00BE9E93) slli t4, t4, 0xb
x29 <- 0x0000000100001000

mem[X,0x0000000080001D2C] -> 0x8E93
mem[X,0x0000000080001D2E] -> 0x7FFE
[1872] [M]: 0x0000000080001D2C (0x7FFE8E93) addi t4, t4, 0x7ff
x29 <- 0x00000001000017FF

mem[X,0x0000000080001D30] -> 0x9E93
mem[X,0x0000000080001D32] -> 0x00BE
[1873] [M]: 0x0000000080001D30 (0x00BE9E93) slli t4, t4, 0xb
x29 <- 0x0000080000BFF800

mem[X,0x0000000080001D34] -> 0x8E93
mem[X,0x0000000080001D36] -> 0x5FFE
[1874] [M]: 0x0000000080001D34 (0x5FFE8E93) addi t4, t4, 0x5ff
x29 <- 0x0000080000BFFDFF

mem[X,0x0000000080001D38] -> 0x9E93
mem[X,0x0000000080001D3A] -> 0x00AE
[1875] [M]: 0x0000000080001D38 (0x00AE9E93) slli t4, t4, 0xa
x29 <- 0x00200002FFF7FC00

mem[X,0x0000000080001D3C] -> 0x8E93
mem[X,0x0000000080001D3E] -> 0x3FCE
[1876] [M]: 0x0000000080001D3C (0x3FCE8E93) addi t4, t4, 0x3fc
x29 <- 0x00200002FFF7FFFC

mem[X,0x0000000080001D40] -> 0x1FBB
mem[X,0x0000000080001D42] -> 0x91DF
[1877] [M]: 0x0000000080001D40 (0x91DF1FBB) pmul.h.beo t6, t5, t4
x31 <- 0x000000000041FFF7

mem[X,0x0000000080001D44] -> 0xBC23
mem[X,0x0000000080001D46] -> 0x21F0
[1878] [M]: 0x0000000080001D44 (0x21F0BC23) sd t6, 0x218(ra)
mem[0x0000000080004428] <- 0x000000000041FFF7

mem[X,0x0000000080001D48] -> 0x0F37
mem[X,0x0000000080001D4A] -> 0x0007
[1879] [M]: 0x0000000080001D48 (0x00070F37) lui t5, 0x70
x30 <- 0x0000000000070000

mem[X,0x0000000080001D4C] -> 0x0F13
mem[X,0x0000000080001D4E] -> 0x010F
[1880] [M]: 0x0000000080001D4C (0x010F0F13) addi t5, t5, 0x10
x30 <- 0x0000000000070010

mem[X,0x0000000080001D50] -> 0x1F13
mem[X,0x0000000080001D52] -> 0x00BF
[1881] [M]: 0x0000000080001D50 (0x00BF1F13) slli t5, t5, 0xb
x30 <- 0x0000000038008000

mem[X,0x0000000080001D54] -> 0x0F13
mem[X,0x0000000080001D56] -> 0x77FF
[1882] [M]: 0x0000000080001D54 (0x77FF0F13) addi t5, t5, 0x77f
x30 <- 0x000000003800877F

mem[X,0x0000000080001D58] -> 0x1F13
mem[X,0x0000000080001D5A] -> 0x00BF
[1883] [M]: 0x0000000080001D58 (0x00BF1F13) slli t5, t5, 0xb
x30 <- 0x000001C0043BF800

mem[X,0x0000000080001D5C] -> 0x0F13
mem[X,0x0000000080001D5E] -> 0x7E0F
[1884] [M]: 0x0000000080001D5C (0x7E0F0F13) addi t5, t5, 0x7e0
x30 <- 0x000001C0043BFFE0

mem[X,0x0000000080001D60] -> 0x1F13
mem[X,0x0000000080001D62] -> 0x00AF
[1885] [M]: 0x0000000080001D60 (0x00AF1F13) slli t5, t5, 0xa
x30 <- 0x00070010EFFF8000

mem[X,0x0000000080001D64] -> 0xFEB7
mem[X,0x0000000080001D66] -> 0x7FFF
[1886] [M]: 0x0000000080001D64 (0x7FFFFEB7) lui t4, 0x7ffff
x29 <- 0x000000007FFFF000

mem[X,0x0000000080001D68] -> 0x8E93
mem[X,0x0000000080001D6A] -> 0xFFFE
[1887] [M]: 0x0000000080001D68 (0xFFFE8E93) addi t4, t4, -0x1
x29 <- 0x000000007FFFEFFF

mem[X,0x0000000080001D6C] -> 0x9E93
mem[X,0x0000000080001D6E] -> 0x00BE
[1888] [M]: 0x0000000080001D6C (0x00BE9E93) slli t4, t4, 0xb
x29 <- 0x000003FFFF7FF800

mem[X,0x0000000080001D70] -> 0x8E93
mem[X,0x0000000080001D72] -> 0x000E
[1889] [M]: 0x0000000080001D70 (0x000E8E93) addi t4, t4, 0x0
x29 <- 0x000003FFFF7FF800

mem[X,0x0000000080001D74] -> 0x9E93
mem[X,0x0000000080001D76] -> 0x00BE
[1890] [M]: 0x0000000080001D74 (0x00BE9E93) slli t4, t4, 0xb
x29 <- 0x001FFFFBFFC00000

mem[X,0x0000000080001D78] -> 0x8E93
mem[X,0x0000000080001D7A] -> 0x400E
[1891] [M]: 0x0000000080001D78 (0x400E8E93) addi t4, t4, 0x400
x29 <- 0x001FFFFBFFC00400

mem[X,0x0000000080001D7C] -> 0x9E93
mem[X,0x0000000080001D7E] -> 0x00AE
[1892] [M]: 0x0000000080001D7C (0x00AE9E93) slli t4, t4, 0xa
x29 <- 0x7FFFEFFF00100000

mem[X,0x0000000080001D80] -> 0x1FBB
mem[X,0x0000000080001D82] -> 0x91DF
[1893] [M]: 0x0000000080001D80 (0x91DF1FBB) pmul.h.beo t6, t5, t4
x31 <- 0x0379FEF000000000

mem[X,0x0000000080001D84] -> 0xB023
mem[X,0x0000000080001D86] -> 0x23F0
[1894] [M]: 0x0000000080001D84 (0x23F0B023) sd t6, 0x220(ra)
mem[0x0000000080004430] <- 0x0379FEF000000000

mem[X,0x0000000080001D88] -> 0x0F37
mem[X,0x0000000080001D8A] -> 0x8000
[1895] [M]: 0x0000000080001D88 (0x80000F37) lui t5, -0x80000
x30 <- 0xFFFFFFFF80000000

mem[X,0x0000000080001D8C] -> 0x0F13
mem[X,0x0000000080001D8E] -> 0xBFFF
[1896] [M]: 0x0000000080001D8C (0xBFFF0F13) addi t5, t5, -0x401
x30 <- 0xFFFFFFFF7FFFFBFF

mem[X,0x0000000080001D90] -> 0x1F13
mem[X,0x0000000080001D92] -> 0x00BF
[1897] [M]: 0x0000000080001D90 (0x00BF1F13) slli t5, t5, 0xb
x30 <- 0xFFFFFBFFFFDFF800

mem[X,0x0000000080001D94] -> 0x0F13
mem[X,0x0000000080001D96] -> 0x1FFF
[1898] [M]: 0x0000000080001D94 (0x1FFF0F13) addi t5, t5, 0x1ff
x30 <- 0xFFFFFBFFFFDFF9FF

mem[X,0x0000000080001D98] -> 0x1F13
mem[X,0x0000000080001D9A] -> 0x00BF
[1899] [M]: 0x0000000080001D98 (0x00BF1F13) slli t5, t5, 0xb
x30 <- 0xFFDFFFFEFFCFF800

clint::tick mtime <- 0x0000000000000013
 clint timer pending at mtime 0x0000000000000013
htif::tick 0x0000000000000000
mem[X,0x0000000080001D9C] -> 0x0F13
mem[X,0x0000000080001D9E] -> 0x7C0F
[1900] [M]: 0x0000000080001D9C (0x7C0F0F13) addi t5, t5, 0x7c0
x30 <- 0xFFDFFFFEFFCFFFC0

mem[X,0x0000000080001DA0] -> 0x1F13
mem[X,0x0000000080001DA2] -> 0x00AF
[1901] [M]: 0x0000000080001DA0 (0x00AF1F13) slli t5, t5, 0xa
x30 <- 0x7FFFFBFF3FFF0000

mem[X,0x0000000080001DA4] -> 0x0F13
mem[X,0x0000000080001DA6] -> 0x001F
[1902] [M]: 0x0000000080001DA4 (0x001F0F13) addi t5, t5, 0x1
x30 <- 0x7FFFFBFF3FFF0001

mem[X,0x0000000080001DA8] -> 0x0EB7
mem[X,0x0000000080001DAA] -> 0xFC00
[1903] [M]: 0x0000000080001DA8 (0xFC000EB7) lui t4, -0x4000
x29 <- 0xFFFFFFFFFC000000

mem[X,0x0000000080001DAC] -> 0x8E93
mem[X,0x0000000080001DAE] -> 0xF7FE
[1904] [M]: 0x0000000080001DAC (0xF7FE8E93) addi t4, t4, -0x81
x29 <- 0xFFFFFFFFFBFFFF7F

mem[X,0x0000000080001DB0] -> 0x9E93
mem[X,0x0000000080001DB2] -> 0x00BE
[1905] [M]: 0x0000000080001DB0 (0x00BE9E93) slli t4, t4, 0xb
x29 <- 0xFFFFFFDFFFFBF800

mem[X,0x0000000080001DB4] -> 0x8E93
mem[X,0x0000000080001DB6] -> 0x7EFE
[1906] [M]: 0x0000000080001DB4 (0x7EFE8E93) addi t4, t4, 0x7ef
x29 <- 0xFFFFFFDFFFFBFFEF

mem[X,0x0000000080001DB8] -> 0x9E93
mem[X,0x0000000080001DBA] -> 0x00BE
[1907] [M]: 0x0000000080001DB8 (0x00BE9E93) slli t4, t4, 0xb
x29 <- 0xFFFEFFFFDFFF7800

mem[X,0x0000000080001DBC] -> 0x8E93
mem[X,0x0000000080001DBE] -> 0x7FFE
[1908] [M]: 0x0000000080001DBC (0x7FFE8E93) addi t4, t4, 0x7ff
x29 <- 0xFFFEFFFFDFFF7FFF

mem[X,0x0000000080001DC0] -> 0x9E93
mem[X,0x0000000080001DC2] -> 0x00AE
[1909] [M]: 0x0000000080001DC0 (0x00AE9E93) slli t4, t4, 0xa
x29 <- 0xFBFFFF7FFDFFFC00

mem[X,0x0000000080001DC4] -> 0x8E93
mem[X,0x0000000080001DC6] -> 0x3BFE
[1910] [M]: 0x0000000080001DC4 (0x3BFE8E93) addi t4, t4, 0x3bf
x29 <- 0xFBFFFF7FFDFFFFBF

mem[X,0x0000000080001DC8] -> 0x1FBB
mem[X,0x0000000080001DCA] -> 0x91DF
[1911] [M]: 0x0000000080001DC8 (0x91DF1FBB) pmul.h.beo t6, t5, t4
x31 <- 0x000500010003FFFF

mem[X,0x0000000080001DCC] -> 0xB423
mem[X,0x0000000080001DCE] -> 0x23F0
[1912] [M]: 0x0000000080001DCC (0x23F0B423) sd t6, 0x228(ra)
mem[0x0000000080004438] <- 0x000500010003FFFF

mem[X,0x0000000080001DD0] -> 0x0F37
mem[X,0x0000000080001DD2] -> 0xF000
[1913] [M]: 0x0000000080001DD0 (0xF0000F37) lui t5, -0x10000
x30 <- 0xFFFFFFFFF0000000

mem[X,0x0000000080001DD4] -> 0x0F13
mem[X,0x0000000080001DD6] -> 0xBFFF
[1914] [M]: 0x0000000080001DD4 (0xBFFF0F13) addi t5, t5, -0x401
x30 <- 0xFFFFFFFFEFFFFBFF

mem[X,0x0000000080001DD8] -> 0x1F13
mem[X,0x0000000080001DDA] -> 0x00BF
[1915] [M]: 0x0000000080001DD8 (0x00BF1F13) slli t5, t5, 0xb
x30 <- 0xFFFFFF7FFFDFF800

mem[X,0x0000000080001DDC] -> 0x0F13
mem[X,0x0000000080001DDE] -> 0x2AAF
[1916] [M]: 0x0000000080001DDC (0x2AAF0F13) addi t5, t5, 0x2aa
x30 <- 0xFFFFFF7FFFDFFAAA

mem[X,0x0000000080001DE0] -> 0x1F13
mem[X,0x0000000080001DE2] -> 0x00BF
[1917] [M]: 0x0000000080001DE0 (0x00BF1F13) slli t5, t5, 0xb
x30 <- 0xFFFBFFFEFFD55000

mem[X,0x0000000080001DE4] -> 0x0F13
mem[X,0x0000000080001DE6] -> 0x55FF
[1918] [M]: 0x0000000080001DE4 (0x55FF0F13) addi t5, t5, 0x55f
x30 <- 0xFFFBFFFEFFD5555F

mem[X,0x0000000080001DE8] -> 0x1F13
mem[X,0x0000000080001DEA] -> 0x00AF
[1919] [M]: 0x0000000080001DE8 (0x00AF1F13) slli t5, t5, 0xa
x30 <- 0xEFFFFBFF55557C00

mem[X,0x0000000080001DEC] -> 0x0F13
mem[X,0x0000000080001DEE] -> 0x3FFF
[1920] [M]: 0x0000000080001DEC (0x3FFF0F13) addi t5, t5, 0x3ff
x30 <- 0xEFFFFBFF55557FFF

mem[X,0x0000000080001DF0] -> 0x0EB7
mem[X,0x0000000080001DF2] -> 0xEFFF
[1921] [M]: 0x0000000080001DF0 (0xEFFF0EB7) lui t4, -0x10010
x29 <- 0xFFFFFFFFEFFF0000

mem[X,0x0000000080001DF4] -> 0x8E93
mem[X,0x0000000080001DF6] -> 0x400E
[1922] [M]: 0x0000000080001DF4 (0x400E8E93) addi t4, t4, 0x400
x29 <- 0xFFFFFFFFEFFF0400

mem[X,0x0000000080001DF8] -> 0x9E93
mem[X,0x0000000080001DFA] -> 0x00BE
[1923] [M]: 0x0000000080001DF8 (0x00BE9E93) slli t4, t4, 0xb
x29 <- 0xFFFFFF7FF8200000

mem[X,0x0000000080001DFC] -> 0x8E93
mem[X,0x0000000080001DFE] -> 0x7FDE
[1924] [M]: 0x0000000080001DFC (0x7FDE8E93) addi t4, t4, 0x7fd
x29 <- 0xFFFFFF7FF82007FD

mem[X,0x0000000080001E00] -> 0x9E93
mem[X,0x0000000080001E02] -> 0x00BE
[1925] [M]: 0x0000000080001E00 (0x00BE9E93) slli t4, t4, 0xb
x29 <- 0xFFFBFFC1003FE800

mem[X,0x0000000080001E04] -> 0x8E93
mem[X,0x0000000080001E06] -> 0x7C1E
[1926] [M]: 0x0000000080001E04 (0x7C1E8E93) addi t4, t4, 0x7c1
x29 <- 0xFFFBFFC1003FEFC1

mem[X,0x0000000080001E08] -> 0x9E93
mem[X,0x0000000080001E0A] -> 0x00AE
[1927] [M]: 0x0000000080001E08 (0x00AE9E93) slli t4, t4, 0xa
x29 <- 0xEFFF0400FFBF0400

mem[X,0x0000000080001E0C] -> 0x1FBB
mem[X,0x0000000080001E0E] -> 0x91DF
[1928] [M]: 0x0000000080001E0C (0x91DF1FBB) pmul.h.beo t6, t5, t4
x31 <- 0x0011FFFCFFABFFFC

mem[X,0x0000000080001E10] -> 0xB823
mem[X,0x0000000080001E12] -> 0x23F0
[1929] [M]: 0x0000000080001E10 (0x23F0B823) sd t6, 0x230(ra)
mem[0x0000000080004440] <- 0x0011FFFCFFABFFFC

mem[X,0x0000000080001E14] -> 0x006F
mem[X,0x0000000080001E16] -> 0x0380
[1930] [M]: 0x0000000080001E14 (0x0380006F) jal zero, 0x38

mem[X,0x0000000080001E4C] -> 0x0093
mem[X,0x0000000080001E4E] -> 0x0010
[1931] [M]: 0x0000000080001E4C (0x00100093) addi ra, zero, 0x1
x1 <- 0x0000000000000001

mem[X,0x0000000080001E50] -> 0x0F17
mem[X,0x0000000080001E52] -> 0x0000
[1932] [M]: 0x0000000080001E50 (0x00000F17) auipc t5, 0x0
x30 <- 0x0000000080001E50

mem[X,0x0000000080001E54] -> 0x2823
mem[X,0x0000000080001E56] -> 0x1A1F
[1933] [M]: 0x0000000080001E54 (0x1A1F2823) sw ra, 0x1b0(t5)
htif[0x0000000080002000] <- 0x00000001

mem[X,0x0000000080001E58] -> 0xF06F
mem[X,0x0000000080001E5A] -> 0xFF9F
[1934] [M]: 0x0000000080001E58 (0xFF9FF06F) jal zero, -0x8

mem[X,0x0000000080001E50] -> 0x0F17
mem[X,0x0000000080001E52] -> 0x0000
[1935] [M]: 0x0000000080001E50 (0x00000F17) auipc t5, 0x0
x30 <- 0x0000000080001E50

mem[X,0x0000000080001E54] -> 0x2823
mem[X,0x0000000080001E56] -> 0x1A1F
[1936] [M]: 0x0000000080001E54 (0x1A1F2823) sw ra, 0x1b0(t5)
htif[0x0000000080002000] <- 0x00000001

mem[X,0x0000000080001E58] -> 0xF06F
mem[X,0x0000000080001E5A] -> 0xFF9F
[1937] [M]: 0x0000000080001E58 (0xFF9FF06F) jal zero, -0x8

mem[X,0x0000000080001E50] -> 0x0F17
mem[X,0x0000000080001E52] -> 0x0000
[1938] [M]: 0x0000000080001E50 (0x00000F17) auipc t5, 0x0
x30 <- 0x0000000080001E50

mem[X,0x0000000080001E54] -> 0x2823
mem[X,0x0000000080001E56] -> 0x1A1F
[1939] [M]: 0x0000000080001E54 (0x1A1F2823) sw ra, 0x1b0(t5)
htif[0x0000000080002000] <- 0x00000001
htif-syscall-proxy cmd: 0x000000000001

SUCCESS
