using /home/chsu/rvp-workspace/test-64/riscof_work/pssub.h-01.S/ref/Reference-sail_c_simulator.signature for test-signature output.
tohost located at 0x80002000
Running file ref.elf.
ELF Entry @ 0x80000000
begin_signature: 0x80004110
end_signature: 0x80004440
CSR mstatus <- 0x0000000A00000000 (input: 0x0000000000000000)
mem[X,0x0000000000001000] -> 0x0297
mem[X,0x0000000000001002] -> 0x0000
[0] [M]: 0x0000000000001000 (0x00000297) auipc t0, 0x0
x5 <- 0x0000000000001000

mem[X,0x0000000000001004] -> 0x8593
mem[X,0x0000000000001006] -> 0x0202
[1] [M]: 0x0000000000001004 (0x02028593) addi a1, t0, 0x20
x11 <- 0x0000000000001020

mem[X,0x0000000000001008] -> 0x2573
mem[X,0x000000000000100A] -> 0xF140
[2] [M]: 0x0000000000001008 (0xF1402573) csrrs a0, mhartid, zero
CSR mhartid -> 0x0000000000000000
x10 <- 0x0000000000000000

mem[X,0x000000000000100C] -> 0xB283
mem[X,0x000000000000100E] -> 0x0182
[3] [M]: 0x000000000000100C (0x0182B283) ld t0, 0x18(t0)
mem[R,0x0000000000001018] -> 0x0000000080000000
x5 <- 0x0000000080000000

mem[X,0x0000000000001010] -> 0x8067
mem[X,0x0000000000001012] -> 0x0002
[4] [M]: 0x0000000000001010 (0x00028067) jalr zero, 0x0(t0)

mem[X,0x0000000080000000] -> 0x0837
mem[X,0x0000000080000002] -> 0x7D5C
[5] [M]: 0x0000000080000000 (0x7D5C0837) lui a6, 0x7d5c0
x16 <- 0x000000007D5C0000

mem[X,0x0000000080000004] -> 0x0813
mem[X,0x0000000080000006] -> 0xDDB8
[6] [M]: 0x0000000080000004 (0xDDB80813) addi a6, a6, -0x225
x16 <- 0x000000007D5BFDDB

mem[X,0x0000000080000008] -> 0x1813
mem[X,0x000000008000000A] -> 0x00B8
[7] [M]: 0x0000000080000008 (0x00B81813) slli a6, a6, 0xb
x16 <- 0x000003EADFEED800

mem[X,0x000000008000000C] -> 0x0813
mem[X,0x000000008000000E] -> 0x3EA8
[8] [M]: 0x000000008000000C (0x3EA80813) addi a6, a6, 0x3ea
x16 <- 0x000003EADFEEDBEA

mem[X,0x0000000080000010] -> 0x1813
mem[X,0x0000000080000012] -> 0x00B8
[9] [M]: 0x0000000080000010 (0x00B81813) slli a6, a6, 0xb
x16 <- 0x001F56FF76DF5000

mem[X,0x0000000080000014] -> 0x0813
mem[X,0x0000000080000016] -> 0x6FF8
[10] [M]: 0x0000000080000014 (0x6FF80813) addi a6, a6, 0x6ff
x16 <- 0x001F56FF76DF56FF

mem[X,0x0000000080000018] -> 0x1813
mem[X,0x000000008000001A] -> 0x00A8
[11] [M]: 0x0000000080000018 (0x00A81813) slli a6, a6, 0xa
x16 <- 0x7D5BFDDB7D5BFC00

mem[X,0x000000008000001C] -> 0x0813
mem[X,0x000000008000001E] -> 0x1DB8
[12] [M]: 0x000000008000001C (0x1DB80813) addi a6, a6, 0x1db
x16 <- 0x7D5BFDDB7D5BFDDB

mem[X,0x0000000080000020] -> 0x5893
mem[X,0x0000000080000022] -> 0x0078
[13] [M]: 0x0000000080000020 (0x00785893) srli a7, a6, 0x7
x17 <- 0x00FAB7FBB6FAB7FB

mem[X,0x0000000080000024] -> 0x5793
mem[X,0x0000000080000026] -> 0x0398
[14] [M]: 0x0000000080000024 (0x03985793) srli a5, a6, 0x39
x15 <- 0x000000000000003E

mem[X,0x0000000080000028] -> 0xE8B3
mem[X,0x000000008000002A] -> 0x00F8
[15] [M]: 0x0000000080000028 (0x00F8E8B3) or a7, a7, a5
x17 <- 0x00FAB7FBB6FAB7FF

mem[X,0x000000008000002C] -> 0xD913
mem[X,0x000000008000002E] -> 0x0078
[16] [M]: 0x000000008000002C (0x0078D913) srli s2, a7, 0x7
x18 <- 0x0001F56FF76DF56F

mem[X,0x0000000080000030] -> 0xD793
mem[X,0x0000000080000032] -> 0x0398
[17] [M]: 0x0000000080000030 (0x0398D793) srli a5, a7, 0x39
x15 <- 0x0000000000000000

mem[X,0x0000000080000034] -> 0x6933
mem[X,0x0000000080000036] -> 0x00F9
[18] [M]: 0x0000000080000034 (0x00F96933) or s2, s2, a5
x18 <- 0x0001F56FF76DF56F

mem[X,0x0000000080000038] -> 0x5993
mem[X,0x000000008000003A] -> 0x0079
[19] [M]: 0x0000000080000038 (0x00795993) srli s3, s2, 0x7
x19 <- 0x000003EADFEEDBEA

mem[X,0x000000008000003C] -> 0x5793
mem[X,0x000000008000003E] -> 0x0399
[20] [M]: 0x000000008000003C (0x03995793) srli a5, s2, 0x39
x15 <- 0x0000000000000000

mem[X,0x0000000080000040] -> 0xE9B3
mem[X,0x0000000080000042] -> 0x00F9
[21] [M]: 0x0000000080000040 (0x00F9E9B3) or s3, s3, a5
x19 <- 0x000003EADFEEDBEA

mem[X,0x0000000080000044] -> 0xDA13
mem[X,0x0000000080000046] -> 0x0079
[22] [M]: 0x0000000080000044 (0x0079DA13) srli s4, s3, 0x7
x20 <- 0x00000007D5BFDDB7

mem[X,0x0000000080000048] -> 0xD793
mem[X,0x000000008000004A] -> 0x0399
[23] [M]: 0x0000000080000048 (0x0399D793) srli a5, s3, 0x39
x15 <- 0x0000000000000000

mem[X,0x000000008000004C] -> 0x6A33
mem[X,0x000000008000004E] -> 0x00FA
[24] [M]: 0x000000008000004C (0x00FA6A33) or s4, s4, a5
x20 <- 0x00000007D5BFDDB7

mem[X,0x0000000080000050] -> 0x5A93
mem[X,0x0000000080000052] -> 0x007A
[25] [M]: 0x0000000080000050 (0x007A5A93) srli s5, s4, 0x7
x21 <- 0x000000000FAB7FBB

mem[X,0x0000000080000054] -> 0x5793
mem[X,0x0000000080000056] -> 0x039A
[26] [M]: 0x0000000080000054 (0x039A5793) srli a5, s4, 0x39
x15 <- 0x0000000000000000

mem[X,0x0000000080000058] -> 0xEAB3
mem[X,0x000000008000005A] -> 0x00FA
[27] [M]: 0x0000000080000058 (0x00FAEAB3) or s5, s5, a5
x21 <- 0x000000000FAB7FBB

mem[X,0x000000008000005C] -> 0xDB13
mem[X,0x000000008000005E] -> 0x007A
[28] [M]: 0x000000008000005C (0x007ADB13) srli s6, s5, 0x7
x22 <- 0x00000000001F56FF

mem[X,0x0000000080000060] -> 0xD793
mem[X,0x0000000080000062] -> 0x039A
[29] [M]: 0x0000000080000060 (0x039AD793) srli a5, s5, 0x39
x15 <- 0x0000000000000000

mem[X,0x0000000080000064] -> 0x6B33
mem[X,0x0000000080000066] -> 0x00FB
[30] [M]: 0x0000000080000064 (0x00FB6B33) or s6, s6, a5
x22 <- 0x00000000001F56FF

mem[X,0x0000000080000068] -> 0x5B93
mem[X,0x000000008000006A] -> 0x007B
[31] [M]: 0x0000000080000068 (0x007B5B93) srli s7, s6, 0x7
x23 <- 0x0000000000003EAD

mem[X,0x000000008000006C] -> 0x5793
mem[X,0x000000008000006E] -> 0x039B
[32] [M]: 0x000000008000006C (0x039B5793) srli a5, s6, 0x39
x15 <- 0x0000000000000000

mem[X,0x0000000080000070] -> 0xEBB3
mem[X,0x0000000080000072] -> 0x00FB
[33] [M]: 0x0000000080000070 (0x00FBEBB3) or s7, s7, a5
x23 <- 0x0000000000003EAD

mem[X,0x0000000080000074] -> 0xDC13
mem[X,0x0000000080000076] -> 0x007B
[34] [M]: 0x0000000080000074 (0x007BDC13) srli s8, s7, 0x7
x24 <- 0x000000000000007D

mem[X,0x0000000080000078] -> 0xD793
mem[X,0x000000008000007A] -> 0x039B
[35] [M]: 0x0000000080000078 (0x039BD793) srli a5, s7, 0x39
x15 <- 0x0000000000000000

mem[X,0x000000008000007C] -> 0x6C33
mem[X,0x000000008000007E] -> 0x00FC
[36] [M]: 0x000000008000007C (0x00FC6C33) or s8, s8, a5
x24 <- 0x000000000000007D

mem[X,0x0000000080000080] -> 0x5C93
mem[X,0x0000000080000082] -> 0x007C
[37] [M]: 0x0000000080000080 (0x007C5C93) srli s9, s8, 0x7
x25 <- 0x0000000000000000

mem[X,0x0000000080000084] -> 0x5793
mem[X,0x0000000080000086] -> 0x039C
[38] [M]: 0x0000000080000084 (0x039C5793) srli a5, s8, 0x39
x15 <- 0x0000000000000000

mem[X,0x0000000080000088] -> 0xECB3
mem[X,0x000000008000008A] -> 0x00FC
[39] [M]: 0x0000000080000088 (0x00FCECB3) or s9, s9, a5
x25 <- 0x0000000000000000

mem[X,0x000000008000008C] -> 0xDD13
mem[X,0x000000008000008E] -> 0x007C
[40] [M]: 0x000000008000008C (0x007CDD13) srli s10, s9, 0x7
x26 <- 0x0000000000000000

mem[X,0x0000000080000090] -> 0xD793
mem[X,0x0000000080000092] -> 0x039C
[41] [M]: 0x0000000080000090 (0x039CD793) srli a5, s9, 0x39
x15 <- 0x0000000000000000

mem[X,0x0000000080000094] -> 0x6D33
mem[X,0x0000000080000096] -> 0x00FD
[42] [M]: 0x0000000080000094 (0x00FD6D33) or s10, s10, a5
x26 <- 0x0000000000000000

mem[X,0x0000000080000098] -> 0x5D93
mem[X,0x000000008000009A] -> 0x007D
[43] [M]: 0x0000000080000098 (0x007D5D93) srli s11, s10, 0x7
x27 <- 0x0000000000000000

mem[X,0x000000008000009C] -> 0x5793
mem[X,0x000000008000009E] -> 0x039D
[44] [M]: 0x000000008000009C (0x039D5793) srli a5, s10, 0x39
x15 <- 0x0000000000000000

mem[X,0x00000000800000A0] -> 0xEDB3
mem[X,0x00000000800000A2] -> 0x00FD
[45] [M]: 0x00000000800000A0 (0x00FDEDB3) or s11, s11, a5
x27 <- 0x0000000000000000

mem[X,0x00000000800000A4] -> 0xDE13
mem[X,0x00000000800000A6] -> 0x007D
[46] [M]: 0x00000000800000A4 (0x007DDE13) srli t3, s11, 0x7
x28 <- 0x0000000000000000

mem[X,0x00000000800000A8] -> 0xD793
mem[X,0x00000000800000AA] -> 0x039D
[47] [M]: 0x00000000800000A8 (0x039DD793) srli a5, s11, 0x39
x15 <- 0x0000000000000000

mem[X,0x00000000800000AC] -> 0x6E33
mem[X,0x00000000800000AE] -> 0x00FE
[48] [M]: 0x00000000800000AC (0x00FE6E33) or t3, t3, a5
x28 <- 0x0000000000000000

mem[X,0x00000000800000B0] -> 0x5E93
mem[X,0x00000000800000B2] -> 0x007E
[49] [M]: 0x00000000800000B0 (0x007E5E93) srli t4, t3, 0x7
x29 <- 0x0000000000000000

mem[X,0x00000000800000B4] -> 0x5793
mem[X,0x00000000800000B6] -> 0x039E
[50] [M]: 0x00000000800000B4 (0x039E5793) srli a5, t3, 0x39
x15 <- 0x0000000000000000

mem[X,0x00000000800000B8] -> 0xEEB3
mem[X,0x00000000800000BA] -> 0x00FE
[51] [M]: 0x00000000800000B8 (0x00FEEEB3) or t4, t4, a5
x29 <- 0x0000000000000000

mem[X,0x00000000800000BC] -> 0xDF13
mem[X,0x00000000800000BE] -> 0x007E
[52] [M]: 0x00000000800000BC (0x007EDF13) srli t5, t4, 0x7
x30 <- 0x0000000000000000

mem[X,0x00000000800000C0] -> 0xD793
mem[X,0x00000000800000C2] -> 0x039E
[53] [M]: 0x00000000800000C0 (0x039ED793) srli a5, t4, 0x39
x15 <- 0x0000000000000000

mem[X,0x00000000800000C4] -> 0x6F33
mem[X,0x00000000800000C6] -> 0x00FF
[54] [M]: 0x00000000800000C4 (0x00FF6F33) or t5, t5, a5
x30 <- 0x0000000000000000

mem[X,0x00000000800000C8] -> 0xC0B7
mem[X,0x00000000800000CA] -> 0xFEED
[55] [M]: 0x00000000800000C8 (0xFEEDC0B7) lui ra, -0x1124
x1 <- 0xFFFFFFFFFEEDC000

mem[X,0x00000000800000CC] -> 0x8093
mem[X,0x00000000800000CE] -> 0xEAD0
[56] [M]: 0x00000000800000CC (0xEAD08093) addi ra, ra, -0x153
x1 <- 0xFFFFFFFFFEEDBEAD

mem[X,0x00000000800000D0] -> 0x9093
mem[X,0x00000000800000D2] -> 0x00B0
[57] [M]: 0x00000000800000D0 (0x00B09093) slli ra, ra, 0xb
x1 <- 0xFFFFFFF76DF56800

mem[X,0x00000000800000D4] -> 0x8093
mem[X,0x00000000800000D6] -> 0x7F70
[58] [M]: 0x00000000800000D4 (0x7F708093) addi ra, ra, 0x7f7
x1 <- 0xFFFFFFF76DF56FF7

mem[X,0x00000000800000D8] -> 0x9093
mem[X,0x00000000800000DA] -> 0x00B0
[59] [M]: 0x00000000800000D8 (0x00B09093) slli ra, ra, 0xb
x1 <- 0xFFFFBB6FAB7FB800

mem[X,0x00000000800000DC] -> 0x8093
mem[X,0x00000000800000DE] -> 0x36F0
[60] [M]: 0x00000000800000DC (0x36F08093) addi ra, ra, 0x36f
x1 <- 0xFFFFBB6FAB7FBB6F

mem[X,0x00000000800000E0] -> 0x9093
mem[X,0x00000000800000E2] -> 0x00A0
[61] [M]: 0x00000000800000E0 (0x00A09093) slli ra, ra, 0xa
x1 <- 0xFEEDBEADFEEDBC00

mem[X,0x00000000800000E4] -> 0x8093
mem[X,0x00000000800000E6] -> 0x2AD0
[62] [M]: 0x00000000800000E4 (0x2AD08093) addi ra, ra, 0x2ad
x1 <- 0xFEEDBEADFEEDBEAD

mem[X,0x00000000800000E8] -> 0xD113
mem[X,0x00000000800000EA] -> 0x0070
[63] [M]: 0x00000000800000E8 (0x0070D113) srli sp, ra, 0x7
x2 <- 0x01FDDB7D5BFDDB7D

mem[X,0x00000000800000EC] -> 0xD793
mem[X,0x00000000800000EE] -> 0x0390
[64] [M]: 0x00000000800000EC (0x0390D793) srli a5, ra, 0x39
x15 <- 0x000000000000007F

mem[X,0x00000000800000F0] -> 0x6133
mem[X,0x00000000800000F2] -> 0x00F1
[65] [M]: 0x00000000800000F0 (0x00F16133) or sp, sp, a5
x2 <- 0x01FDDB7D5BFDDB7F

mem[X,0x00000000800000F4] -> 0x5193
mem[X,0x00000000800000F6] -> 0x0071
[66] [M]: 0x00000000800000F4 (0x00715193) srli gp, sp, 0x7
x3 <- 0x0003FBB6FAB7FBB6

mem[X,0x00000000800000F8] -> 0x5793
mem[X,0x00000000800000FA] -> 0x0391
[67] [M]: 0x00000000800000F8 (0x03915793) srli a5, sp, 0x39
x15 <- 0x0000000000000000

mem[X,0x00000000800000FC] -> 0xE1B3
mem[X,0x00000000800000FE] -> 0x00F1
[68] [M]: 0x00000000800000FC (0x00F1E1B3) or gp, gp, a5
x3 <- 0x0003FBB6FAB7FBB6

mem[X,0x0000000080000100] -> 0xD213
mem[X,0x0000000080000102] -> 0x0071
[69] [M]: 0x0000000080000100 (0x0071D213) srli tp, gp, 0x7
x4 <- 0x000007F76DF56FF7

mem[X,0x0000000080000104] -> 0xD793
mem[X,0x0000000080000106] -> 0x0391
[70] [M]: 0x0000000080000104 (0x0391D793) srli a5, gp, 0x39
x15 <- 0x0000000000000000

mem[X,0x0000000080000108] -> 0x6233
mem[X,0x000000008000010A] -> 0x00F2
[71] [M]: 0x0000000080000108 (0x00F26233) or tp, tp, a5
x4 <- 0x000007F76DF56FF7

mem[X,0x000000008000010C] -> 0x5293
mem[X,0x000000008000010E] -> 0x0072
[72] [M]: 0x000000008000010C (0x00725293) srli t0, tp, 0x7
x5 <- 0x0000000FEEDBEADF

mem[X,0x0000000080000110] -> 0x5793
mem[X,0x0000000080000112] -> 0x0392
[73] [M]: 0x0000000080000110 (0x03925793) srli a5, tp, 0x39
x15 <- 0x0000000000000000

mem[X,0x0000000080000114] -> 0xE2B3
mem[X,0x0000000080000116] -> 0x00F2
[74] [M]: 0x0000000080000114 (0x00F2E2B3) or t0, t0, a5
x5 <- 0x0000000FEEDBEADF

mem[X,0x0000000080000118] -> 0xD313
mem[X,0x000000008000011A] -> 0x0072
[75] [M]: 0x0000000080000118 (0x0072D313) srli t1, t0, 0x7
x6 <- 0x000000001FDDB7D5

mem[X,0x000000008000011C] -> 0xD793
mem[X,0x000000008000011E] -> 0x0392
[76] [M]: 0x000000008000011C (0x0392D793) srli a5, t0, 0x39
x15 <- 0x0000000000000000

mem[X,0x0000000080000120] -> 0x6333
mem[X,0x0000000080000122] -> 0x00F3
[77] [M]: 0x0000000080000120 (0x00F36333) or t1, t1, a5
x6 <- 0x000000001FDDB7D5

mem[X,0x0000000080000124] -> 0x5393
mem[X,0x0000000080000126] -> 0x0073
[78] [M]: 0x0000000080000124 (0x00735393) srli t2, t1, 0x7
x7 <- 0x00000000003FBB6F

mem[X,0x0000000080000128] -> 0x5793
mem[X,0x000000008000012A] -> 0x0393
[79] [M]: 0x0000000080000128 (0x03935793) srli a5, t1, 0x39
x15 <- 0x0000000000000000

mem[X,0x000000008000012C] -> 0xE3B3
mem[X,0x000000008000012E] -> 0x00F3
[80] [M]: 0x000000008000012C (0x00F3E3B3) or t2, t2, a5
x7 <- 0x00000000003FBB6F

mem[X,0x0000000080000130] -> 0xD413
mem[X,0x0000000080000132] -> 0x0073
[81] [M]: 0x0000000080000130 (0x0073D413) srli fp, t2, 0x7
x8 <- 0x0000000000007F76

mem[X,0x0000000080000134] -> 0xD793
mem[X,0x0000000080000136] -> 0x0393
[82] [M]: 0x0000000080000134 (0x0393D793) srli a5, t2, 0x39
x15 <- 0x0000000000000000

mem[X,0x0000000080000138] -> 0x6433
mem[X,0x000000008000013A] -> 0x00F4
[83] [M]: 0x0000000080000138 (0x00F46433) or fp, fp, a5
x8 <- 0x0000000000007F76

mem[X,0x000000008000013C] -> 0x5493
mem[X,0x000000008000013E] -> 0x0074
[84] [M]: 0x000000008000013C (0x00745493) srli s1, fp, 0x7
x9 <- 0x00000000000000FE

mem[X,0x0000000080000140] -> 0x5793
mem[X,0x0000000080000142] -> 0x0394
[85] [M]: 0x0000000080000140 (0x03945793) srli a5, fp, 0x39
x15 <- 0x0000000000000000

mem[X,0x0000000080000144] -> 0xE4B3
mem[X,0x0000000080000146] -> 0x00F4
[86] [M]: 0x0000000080000144 (0x00F4E4B3) or s1, s1, a5
x9 <- 0x00000000000000FE

mem[X,0x0000000080000148] -> 0xD513
mem[X,0x000000008000014A] -> 0x0074
[87] [M]: 0x0000000080000148 (0x0074D513) srli a0, s1, 0x7
x10 <- 0x0000000000000001

mem[X,0x000000008000014C] -> 0xD793
mem[X,0x000000008000014E] -> 0x0394
[88] [M]: 0x000000008000014C (0x0394D793) srli a5, s1, 0x39
x15 <- 0x0000000000000000

mem[X,0x0000000080000150] -> 0x6533
mem[X,0x0000000080000152] -> 0x00F5
[89] [M]: 0x0000000080000150 (0x00F56533) or a0, a0, a5
x10 <- 0x0000000000000001

mem[X,0x0000000080000154] -> 0x5593
mem[X,0x0000000080000156] -> 0x0075
[90] [M]: 0x0000000080000154 (0x00755593) srli a1, a0, 0x7
x11 <- 0x0000000000000000

mem[X,0x0000000080000158] -> 0x5793
mem[X,0x000000008000015A] -> 0x0395
[91] [M]: 0x0000000080000158 (0x03955793) srli a5, a0, 0x39
x15 <- 0x0000000000000000

mem[X,0x000000008000015C] -> 0xE5B3
mem[X,0x000000008000015E] -> 0x00F5
[92] [M]: 0x000000008000015C (0x00F5E5B3) or a1, a1, a5
x11 <- 0x0000000000000000

mem[X,0x0000000080000160] -> 0xD613
mem[X,0x0000000080000162] -> 0x0075
[93] [M]: 0x0000000080000160 (0x0075D613) srli a2, a1, 0x7
x12 <- 0x0000000000000000

mem[X,0x0000000080000164] -> 0xD793
mem[X,0x0000000080000166] -> 0x0395
[94] [M]: 0x0000000080000164 (0x0395D793) srli a5, a1, 0x39
x15 <- 0x0000000000000000

mem[X,0x0000000080000168] -> 0x6633
mem[X,0x000000008000016A] -> 0x00F6
[95] [M]: 0x0000000080000168 (0x00F66633) or a2, a2, a5
x12 <- 0x0000000000000000

mem[X,0x000000008000016C] -> 0x5693
mem[X,0x000000008000016E] -> 0x0076
[96] [M]: 0x000000008000016C (0x00765693) srli a3, a2, 0x7
x13 <- 0x0000000000000000

mem[X,0x0000000080000170] -> 0x5793
mem[X,0x0000000080000172] -> 0x0396
[97] [M]: 0x0000000080000170 (0x03965793) srli a5, a2, 0x39
x15 <- 0x0000000000000000

mem[X,0x0000000080000174] -> 0xE6B3
mem[X,0x0000000080000176] -> 0x00F6
[98] [M]: 0x0000000080000174 (0x00F6E6B3) or a3, a3, a5
x13 <- 0x0000000000000000

mem[X,0x0000000080000178] -> 0x0013
mem[X,0x000000008000017A] -> 0x0000
[99] [M]: 0x0000000080000178 (0x00000013) addi zero, zero, 0x0

clint::tick mtime <- 0x0000000000000001
 clint timer pending at mtime 0x0000000000000001
htif::tick 0x0000000000000000
mem[X,0x000000008000017C] -> 0x0013
mem[X,0x000000008000017E] -> 0x0000
[100] [M]: 0x000000008000017C (0x00000013) addi zero, zero, 0x0

mem[X,0x0000000080000180] -> 0x4397
mem[X,0x0000000080000182] -> 0x0000
[101] [M]: 0x0000000080000180 (0x00004397) auipc t2, 0x4
x7 <- 0x0000000080004180

mem[X,0x0000000080000184] -> 0x8393
mem[X,0x0000000080000186] -> 0xF983
[102] [M]: 0x0000000080000184 (0xF9838393) addi t2, t2, -0x68
x7 <- 0x0000000080004118

mem[X,0x0000000080000188] -> 0x0013
mem[X,0x000000008000018A] -> 0x0000
[103] [M]: 0x0000000080000188 (0x00000013) addi zero, zero, 0x0

mem[X,0x000000008000018C] -> 0x0013
mem[X,0x000000008000018E] -> 0x0000
[104] [M]: 0x000000008000018C (0x00000013) addi zero, zero, 0x0

mem[X,0x0000000080000190] -> 0x0013
mem[X,0x0000000080000192] -> 0x0000
[105] [M]: 0x0000000080000190 (0x00000013) addi zero, zero, 0x0

mem[X,0x0000000080000194] -> 0x0013
mem[X,0x0000000080000196] -> 0x0000
[106] [M]: 0x0000000080000194 (0x00000013) addi zero, zero, 0x0

mem[X,0x0000000080000198] -> 0x0013
mem[X,0x000000008000019A] -> 0x0000
[107] [M]: 0x0000000080000198 (0x00000013) addi zero, zero, 0x0

mem[X,0x000000008000019C] -> 0x0013
mem[X,0x000000008000019E] -> 0x0000
[108] [M]: 0x000000008000019C (0x00000013) addi zero, zero, 0x0

mem[X,0x00000000800001A0] -> 0x0BB7
mem[X,0x00000000800001A2] -> 0xFC00
[109] [M]: 0x00000000800001A0 (0xFC000BB7) lui s7, -0x4000
x23 <- 0xFFFFFFFFFC000000

mem[X,0x00000000800001A4] -> 0x8B93
mem[X,0x00000000800001A6] -> 0xDFFB
[110] [M]: 0x00000000800001A4 (0xDFFB8B93) addi s7, s7, -0x201
x23 <- 0xFFFFFFFFFBFFFDFF

mem[X,0x00000000800001A8] -> 0x9B93
mem[X,0x00000000800001AA] -> 0x00BB
[111] [M]: 0x00000000800001A8 (0x00BB9B93) slli s7, s7, 0xb
x23 <- 0xFFFFFFDFFFEFF800

mem[X,0x00000000800001AC] -> 0x8B93
mem[X,0x00000000800001AE] -> 0x1FFB
[112] [M]: 0x00000000800001AC (0x1FFB8B93) addi s7, s7, 0x1ff
x23 <- 0xFFFFFFDFFFEFF9FF

mem[X,0x00000000800001B0] -> 0x9B93
mem[X,0x00000000800001B2] -> 0x00BB
[113] [M]: 0x00000000800001B0 (0x00BB9B93) slli s7, s7, 0xb
x23 <- 0xFFFEFFFF7FCFF800

mem[X,0x00000000800001B4] -> 0x8B93
mem[X,0x00000000800001B6] -> 0x7E0B
[114] [M]: 0x00000000800001B4 (0x7E0B8B93) addi s7, s7, 0x7e0
x23 <- 0xFFFEFFFF7FCFFFE0

mem[X,0x00000000800001B8] -> 0x9B93
mem[X,0x00000000800001BA] -> 0x00AB
[115] [M]: 0x00000000800001B8 (0x00AB9B93) slli s7, s7, 0xa
x23 <- 0xFBFFFDFF3FFF8000

mem[X,0x00000000800001BC] -> 0x8C37
mem[X,0x00000000800001BE] -> 0x0100
[116] [M]: 0x00000000800001BC (0x01008C37) lui s8, 0x1008
x24 <- 0x0000000001008000

mem[X,0x00000000800001C0] -> 0x0C13
mem[X,0x00000000800001C2] -> 0x000C
[117] [M]: 0x00000000800001C0 (0x000C0C13) addi s8, s8, 0x0
x24 <- 0x0000000001008000

mem[X,0x00000000800001C4] -> 0x1C13
mem[X,0x00000000800001C6] -> 0x00BC
[118] [M]: 0x00000000800001C4 (0x00BC1C13) slli s8, s8, 0xb
x24 <- 0x0000000804000000

mem[X,0x00000000800001C8] -> 0x0C13
mem[X,0x00000000800001CA] -> 0x000C
[119] [M]: 0x00000000800001C8 (0x000C0C13) addi s8, s8, 0x0
x24 <- 0x0000000804000000

mem[X,0x00000000800001CC] -> 0x1C13
mem[X,0x00000000800001CE] -> 0x00BC
[120] [M]: 0x00000000800001CC (0x00BC1C13) slli s8, s8, 0xb
x24 <- 0x0000402000000000

mem[X,0x00000000800001D0] -> 0x0C13
mem[X,0x00000000800001D2] -> 0x0AFC
[121] [M]: 0x00000000800001D0 (0x0AFC0C13) addi s8, s8, 0xaf
x24 <- 0x00004020000000AF

mem[X,0x00000000800001D4] -> 0x1C13
mem[X,0x00000000800001D6] -> 0x00AC
[122] [M]: 0x00000000800001D4 (0x00AC1C13) slli s8, s8, 0xa
x24 <- 0x010080000002BC00

mem[X,0x00000000800001D8] -> 0x0C13
mem[X,0x00000000800001DA] -> 0x3FFC
[123] [M]: 0x00000000800001D8 (0x3FFC0C13) addi s8, s8, 0x3ff
x24 <- 0x010080000002BFFF

mem[X,0x00000000800001DC] -> 0x89BB
mem[X,0x00000000800001DE] -> 0xD18B
[124] [M]: 0x00000000800001DC (0xD18B89BB) pssub.h s3, s7, s8
x19 <- 0xFAFF7DFF3FFDC001

mem[X,0x00000000800001E0] -> 0xB023
mem[X,0x00000000800001E2] -> 0x0133
[125] [M]: 0x00000000800001E0 (0x0133B023) sd s3, 0x0(t2)
mem[0x0000000080004118] <- 0xFAFF7DFF3FFDC001

mem[X,0x00000000800001E4] -> 0xCF37
mem[X,0x00000000800001E6] -> 0xFFF8
[126] [M]: 0x00000000800001E4 (0xFFF8CF37) lui t5, -0x74
x30 <- 0xFFFFFFFFFFF8C000

mem[X,0x00000000800001E8] -> 0x0F13
mem[X,0x00000000800001EA] -> 0xFFFF
[127] [M]: 0x00000000800001E8 (0xFFFF0F13) addi t5, t5, -0x1
x30 <- 0xFFFFFFFFFFF8BFFF

mem[X,0x00000000800001EC] -> 0x1F13
mem[X,0x00000000800001EE] -> 0x00BF
[128] [M]: 0x00000000800001EC (0x00BF1F13) slli t5, t5, 0xb
x30 <- 0xFFFFFFFFC5FFF800

mem[X,0x00000000800001F0] -> 0x0F13
mem[X,0x00000000800001F2] -> 0x7FFF
[129] [M]: 0x00000000800001F0 (0x7FFF0F13) addi t5, t5, 0x7ff
x30 <- 0xFFFFFFFFC5FFFFFF

mem[X,0x00000000800001F4] -> 0x1F13
mem[X,0x00000000800001F6] -> 0x00BF
[130] [M]: 0x00000000800001F4 (0x00BF1F13) slli t5, t5, 0xb
x30 <- 0xFFFFFE2FFFFFF800

mem[X,0x00000000800001F8] -> 0x0F13
mem[X,0x00000000800001FA] -> 0x6BFF
[131] [M]: 0x00000000800001F8 (0x6BFF0F13) addi t5, t5, 0x6bf
x30 <- 0xFFFFFE2FFFFFFEBF

mem[X,0x00000000800001FC] -> 0x1F13
mem[X,0x00000000800001FE] -> 0x00AF
[132] [M]: 0x00000000800001FC (0x00AF1F13) slli t5, t5, 0xa
x30 <- 0xFFF8BFFFFFFAFC00

mem[X,0x0000000080000200] -> 0x0F13
mem[X,0x0000000080000202] -> 0x3FFF
[133] [M]: 0x0000000080000200 (0x3FFF0F13) addi t5, t5, 0x3ff
x30 <- 0xFFF8BFFFFFFAFFFF

mem[X,0x0000000080000204] -> 0x0737
mem[X,0x0000000080000206] -> 0x0002
[134] [M]: 0x0000000080000204 (0x00020737) lui a4, 0x20
x14 <- 0x0000000000020000

mem[X,0x0000000080000208] -> 0x0713
mem[X,0x000000008000020A] -> 0x0077
[135] [M]: 0x0000000080000208 (0x00770713) addi a4, a4, 0x7
x14 <- 0x0000000000020007

mem[X,0x000000008000020C] -> 0x1713
mem[X,0x000000008000020E] -> 0x00B7
[136] [M]: 0x000000008000020C (0x00B71713) slli a4, a4, 0xb
x14 <- 0x0000000010003800

mem[X,0x0000000080000210] -> 0x0713
mem[X,0x0000000080000212] -> 0x7BF7
[137] [M]: 0x0000000080000210 (0x7BF70713) addi a4, a4, 0x7bf
x14 <- 0x0000000010003FBF

mem[X,0x0000000080000214] -> 0x1713
mem[X,0x0000000080000216] -> 0x00B7
[138] [M]: 0x0000000080000214 (0x00B71713) slli a4, a4, 0xb
x14 <- 0x0000008001FDF800

mem[X,0x0000000080000218] -> 0x0713
mem[X,0x000000008000021A] -> 0x7C47
[139] [M]: 0x0000000080000218 (0x7C470713) addi a4, a4, 0x7c4
x14 <- 0x0000008001FDFFC4

mem[X,0x000000008000021C] -> 0x1713
mem[X,0x000000008000021E] -> 0x00A7
[140] [M]: 0x000000008000021C (0x00A71713) slli a4, a4, 0xa
x14 <- 0x00020007F7FF1000

mem[X,0x0000000080000220] -> 0x073B
mem[X,0x0000000080000222] -> 0xD0EF
[141] [M]: 0x0000000080000220 (0xD0EF073B) pssub.h a4, t5, a4
x14 <- 0xFFF6BFF807FBEFFF

mem[X,0x0000000080000224] -> 0xB423
mem[X,0x0000000080000226] -> 0x00E3
[142] [M]: 0x0000000080000224 (0x00E3B423) sd a4, 0x8(t2)
mem[0x0000000080004120] <- 0xFFF6BFF807FBEFFF

mem[X,0x0000000080000228] -> 0x2FB7
mem[X,0x000000008000022A] -> 0xFFFD
[143] [M]: 0x0000000080000228 (0xFFFD2FB7) lui t6, -0x2e
x31 <- 0xFFFFFFFFFFFD2000

mem[X,0x000000008000022C] -> 0x8F93
mem[X,0x000000008000022E] -> 0x000F
[144] [M]: 0x000000008000022C (0x000F8F93) addi t6, t6, 0x0
x31 <- 0xFFFFFFFFFFFD2000

mem[X,0x0000000080000230] -> 0x9F93
mem[X,0x0000000080000232] -> 0x00BF
[145] [M]: 0x0000000080000230 (0x00BF9F93) slli t6, t6, 0xb
x31 <- 0xFFFFFFFFE9000000

mem[X,0x0000000080000234] -> 0x8F93
mem[X,0x0000000080000236] -> 0x000F
[146] [M]: 0x0000000080000234 (0x000F8F93) addi t6, t6, 0x0
x31 <- 0xFFFFFFFFE9000000

mem[X,0x0000000080000238] -> 0x9F93
mem[X,0x000000008000023A] -> 0x00BF
[147] [M]: 0x0000000080000238 (0x00BF9F93) slli t6, t6, 0xb
x31 <- 0xFFFFFF4800000000

mem[X,0x000000008000023C] -> 0x8F93
mem[X,0x000000008000023E] -> 0x040F
[148] [M]: 0x000000008000023C (0x040F8F93) addi t6, t6, 0x40
x31 <- 0xFFFFFF4800000040

mem[X,0x0000000080000240] -> 0x9F93
mem[X,0x0000000080000242] -> 0x00AF
[149] [M]: 0x0000000080000240 (0x00AF9F93) slli t6, t6, 0xa
x31 <- 0xFFFD200000010000

mem[X,0x0000000080000244] -> 0xCFB7
mem[X,0x0000000080000246] -> 0xBFFF
[150] [M]: 0x0000000080000244 (0xBFFFCFB7) lui t6, -0x40004
x31 <- 0xFFFFFFFFBFFFC000

mem[X,0x0000000080000248] -> 0x8F93
mem[X,0x000000008000024A] -> 0xFFFF
[151] [M]: 0x0000000080000248 (0xFFFF8F93) addi t6, t6, -0x1
x31 <- 0xFFFFFFFFBFFFBFFF

mem[X,0x000000008000024C] -> 0x9F93
mem[X,0x000000008000024E] -> 0x00BF
[152] [M]: 0x000000008000024C (0x00BF9F93) slli t6, t6, 0xb
x31 <- 0xFFFFFDFFFDFFF800

mem[X,0x0000000080000250] -> 0x8F93
mem[X,0x0000000080000252] -> 0x555F
[153] [M]: 0x0000000080000250 (0x555F8F93) addi t6, t6, 0x555
x31 <- 0xFFFFFDFFFDFFFD55

mem[X,0x0000000080000254] -> 0x9F93
mem[X,0x0000000080000256] -> 0x00BF
[154] [M]: 0x0000000080000254 (0x00BF9F93) slli t6, t6, 0xb
x31 <- 0xFFEFFFEFFFEAA800

mem[X,0x0000000080000258] -> 0x8F93
mem[X,0x000000008000025A] -> 0x2BFF
[155] [M]: 0x0000000080000258 (0x2BFF8F93) addi t6, t6, 0x2bf
x31 <- 0xFFEFFFEFFFEAAABF

mem[X,0x000000008000025C] -> 0x9F93
mem[X,0x000000008000025E] -> 0x00AF
[156] [M]: 0x000000008000025C (0x00AF9F93) slli t6, t6, 0xa
x31 <- 0xBFFFBFFFAAAAFC00

mem[X,0x0000000080000260] -> 0x8F93
mem[X,0x0000000080000262] -> 0x3FBF
[157] [M]: 0x0000000080000260 (0x3FBF8F93) addi t6, t6, 0x3fb
x31 <- 0xBFFFBFFFAAAAFFFB

mem[X,0x0000000080000264] -> 0x8C3B
mem[X,0x0000000080000266] -> 0xD1FF
[158] [M]: 0x0000000080000264 (0xD1FF8C3B) pssub.h s8, t6, t6
x24 <- 0x0000000000000000

mem[X,0x0000000080000268] -> 0xB823
mem[X,0x000000008000026A] -> 0x0183
[159] [M]: 0x0000000080000268 (0x0183B823) sd s8, 0x10(t2)
mem[0x0000000080004128] <- 0x0000000000000000

mem[X,0x000000008000026C] -> 0x15B7
mem[X,0x000000008000026E] -> 0xFF7F
[160] [M]: 0x000000008000026C (0xFF7F15B7) lui a1, -0x80f
x11 <- 0xFFFFFFFFFF7F1000

mem[X,0x0000000080000270] -> 0x8593
mem[X,0x0000000080000272] -> 0x0005
[161] [M]: 0x0000000080000270 (0x00058593) addi a1, a1, 0x0
x11 <- 0xFFFFFFFFFF7F1000

mem[X,0x0000000080000274] -> 0x9593
mem[X,0x0000000080000276] -> 0x00B5
[162] [M]: 0x0000000080000274 (0x00B59593) slli a1, a1, 0xb
x11 <- 0xFFFFFFFBF8800000

mem[X,0x0000000080000278] -> 0x8593
mem[X,0x000000008000027A] -> 0x7F75
[163] [M]: 0x0000000080000278 (0x7F758593) addi a1, a1, 0x7f7
x11 <- 0xFFFFFFFBF88007F7

mem[X,0x000000008000027C] -> 0x9593
mem[X,0x000000008000027E] -> 0x00B5
[164] [M]: 0x000000008000027C (0x00B59593) slli a1, a1, 0xb
x11 <- 0xFFFFDFC4003FB800

mem[X,0x0000000080000280] -> 0x8593
mem[X,0x0000000080000282] -> 0x7C05
[165] [M]: 0x0000000080000280 (0x7C058593) addi a1, a1, 0x7c0
x11 <- 0xFFFFDFC4003FBFC0

mem[X,0x0000000080000284] -> 0x9593
mem[X,0x0000000080000286] -> 0x00A5
[166] [M]: 0x0000000080000284 (0x00A59593) slli a1, a1, 0xa
x11 <- 0xFF7F1000FEFF0000

mem[X,0x0000000080000288] -> 0x8593
mem[X,0x000000008000028A] -> 0x0015
[167] [M]: 0x0000000080000288 (0x00158593) addi a1, a1, 0x1
x11 <- 0xFF7F1000FEFF0001

mem[X,0x000000008000028C] -> 0xB2B7
mem[X,0x000000008000028E] -> 0xFFF7
[168] [M]: 0x000000008000028C (0xFFF7B2B7) lui t0, -0x85
x5 <- 0xFFFFFFFFFFF7B000

mem[X,0x0000000080000290] -> 0x8293
mem[X,0x0000000080000292] -> 0xAAA2
[169] [M]: 0x0000000080000290 (0xAAA28293) addi t0, t0, -0x556
x5 <- 0xFFFFFFFFFFF7AAAA

mem[X,0x0000000080000294] -> 0x9293
mem[X,0x0000000080000296] -> 0x00B2
[170] [M]: 0x0000000080000294 (0x00B29293) slli t0, t0, 0xb
x5 <- 0xFFFFFFFFBD555000

mem[X,0x0000000080000298] -> 0x8293
mem[X,0x000000008000029A] -> 0x0002
[171] [M]: 0x0000000080000298 (0x00028293) addi t0, t0, 0x0
x5 <- 0xFFFFFFFFBD555000

mem[X,0x000000008000029C] -> 0x9293
mem[X,0x000000008000029E] -> 0x00B2
[172] [M]: 0x000000008000029C (0x00B29293) slli t0, t0, 0xb
x5 <- 0xFFFFFDEAAA800000

mem[X,0x00000000800002A0] -> 0x8293
mem[X,0x00000000800002A2] -> 0x1FF2
[173] [M]: 0x00000000800002A0 (0x1FF28293) addi t0, t0, 0x1ff
x5 <- 0xFFFFFDEAAA8001FF

mem[X,0x00000000800002A4] -> 0x9293
mem[X,0x00000000800002A6] -> 0x00A2
[174] [M]: 0x00000000800002A4 (0x00A29293) slli t0, t0, 0xa
x5 <- 0xFFF7AAAA0007FC00

mem[X,0x00000000800002A8] -> 0x8293
mem[X,0x00000000800002AA] -> 0x3FC2
[175] [M]: 0x00000000800002A8 (0x3FC28293) addi t0, t0, 0x3fc
x5 <- 0xFFF7AAAA0007FFFC

mem[X,0x00000000800002AC] -> 0x85BB
mem[X,0x00000000800002AE] -> 0xD055
[176] [M]: 0x00000000800002AC (0xD05585BB) pssub.h a1, a1, t0
x11 <- 0xFF886556FEF80005

mem[X,0x00000000800002B0] -> 0xBC23
mem[X,0x00000000800002B2] -> 0x00B3
[177] [M]: 0x00000000800002B0 (0x00B3BC23) sd a1, 0x18(t2)
mem[0x0000000080004130] <- 0xFF886556FEF80005

mem[X,0x00000000800002B4] -> 0x00B7
mem[X,0x00000000800002B6] -> 0xFFFC
[178] [M]: 0x00000000800002B4 (0xFFFC00B7) lui ra, -0x40
x1 <- 0xFFFFFFFFFFFC0000

mem[X,0x00000000800002B8] -> 0x8093
mem[X,0x00000000800002BA] -> 0x0100
[179] [M]: 0x00000000800002B8 (0x01008093) addi ra, ra, 0x10
x1 <- 0xFFFFFFFFFFFC0010

mem[X,0x00000000800002BC] -> 0x9093
mem[X,0x00000000800002BE] -> 0x00B0
[180] [M]: 0x00000000800002BC (0x00B09093) slli ra, ra, 0xb
x1 <- 0xFFFFFFFFE0008000

mem[X,0x00000000800002C0] -> 0x8093
mem[X,0x00000000800002C2] -> 0x7FF0
[181] [M]: 0x00000000800002C0 (0x7FF08093) addi ra, ra, 0x7ff
x1 <- 0xFFFFFFFFE00087FF

mem[X,0x00000000800002C4] -> 0x9093
mem[X,0x00000000800002C6] -> 0x00B0
[182] [M]: 0x00000000800002C4 (0x00B09093) slli ra, ra, 0xb
x1 <- 0xFFFFFF00043FF800

mem[X,0x00000000800002C8] -> 0x8093
mem[X,0x00000000800002CA] -> 0x75F0
[183] [M]: 0x00000000800002C8 (0x75F08093) addi ra, ra, 0x75f
x1 <- 0xFFFFFF00043FFF5F

mem[X,0x00000000800002CC] -> 0x9093
mem[X,0x00000000800002CE] -> 0x00A0
[184] [M]: 0x00000000800002CC (0x00A09093) slli ra, ra, 0xa
x1 <- 0xFFFC0010FFFD7C00

mem[X,0x00000000800002D0] -> 0x8093
mem[X,0x00000000800002D2] -> 0x3FF0
[185] [M]: 0x00000000800002D0 (0x3FF08093) addi ra, ra, 0x3ff
x1 <- 0xFFFC0010FFFD7FFF

mem[X,0x00000000800002D4] -> 0x00B7
mem[X,0x00000000800002D6] -> 0xFFFA
[186] [M]: 0x00000000800002D4 (0xFFFA00B7) lui ra, -0x60
x1 <- 0xFFFFFFFFFFFA0000

mem[X,0x00000000800002D8] -> 0x8093
mem[X,0x00000000800002DA] -> 0xDFF0
[187] [M]: 0x00000000800002D8 (0xDFF08093) addi ra, ra, -0x201
x1 <- 0xFFFFFFFFFFF9FDFF

mem[X,0x00000000800002DC] -> 0x9093
mem[X,0x00000000800002DE] -> 0x00B0
[188] [M]: 0x00000000800002DC (0x00B09093) slli ra, ra, 0xb
x1 <- 0xFFFFFFFFCFEFF800

mem[X,0x00000000800002E0] -> 0x8093
mem[X,0x00000000800002E2] -> 0x0000
[189] [M]: 0x00000000800002E0 (0x00008093) addi ra, ra, 0x0
x1 <- 0xFFFFFFFFCFEFF800

mem[X,0x00000000800002E4] -> 0x9093
mem[X,0x00000000800002E6] -> 0x00B0
[190] [M]: 0x00000000800002E4 (0x00B09093) slli ra, ra, 0xb
x1 <- 0xFFFFFE7F7FC00000

mem[X,0x00000000800002E8] -> 0x8093
mem[X,0x00000000800002EA] -> 0x1C00
[191] [M]: 0x00000000800002E8 (0x1C008093) addi ra, ra, 0x1c0
x1 <- 0xFFFFFE7F7FC001C0

mem[X,0x00000000800002EC] -> 0x9093
mem[X,0x00000000800002EE] -> 0x00A0
[192] [M]: 0x00000000800002EC (0x00A09093) slli ra, ra, 0xa
x1 <- 0xFFF9FDFF00070000

mem[X,0x00000000800002F0] -> 0x8093
mem[X,0x00000000800002F2] -> 0x0060
[193] [M]: 0x00000000800002F0 (0x00608093) addi ra, ra, 0x6
x1 <- 0xFFF9FDFF00070006

mem[X,0x00000000800002F4] -> 0x80BB
mem[X,0x00000000800002F6] -> 0xD010
[194] [M]: 0x00000000800002F4 (0xD01080BB) pssub.h ra, ra, ra
x1 <- 0x0000000000000000

mem[X,0x00000000800002F8] -> 0xB023
mem[X,0x00000000800002FA] -> 0x0213
[195] [M]: 0x00000000800002F8 (0x0213B023) sd ra, 0x20(t2)
mem[0x0000000080004138] <- 0x0000000000000000

mem[X,0x00000000800002FC] -> 0x0337
mem[X,0x00000000800002FE] -> 0xFFF8
[196] [M]: 0x00000000800002FC (0xFFF80337) lui t1, -0x80
x6 <- 0xFFFFFFFFFFF80000

mem[X,0x0000000080000300] -> 0x0313
mem[X,0x0000000080000302] -> 0xFF93
[197] [M]: 0x0000000080000300 (0xFF930313) addi t1, t1, -0x7
x6 <- 0xFFFFFFFFFFF7FFF9

mem[X,0x0000000080000304] -> 0x1313
mem[X,0x0000000080000306] -> 0x00B3
[198] [M]: 0x0000000080000304 (0x00B31313) slli t1, t1, 0xb
x6 <- 0xFFFFFFFFBFFFC800

mem[X,0x0000000080000308] -> 0x0313
mem[X,0x000000008000030A] -> 0x7FF3
[199] [M]: 0x0000000080000308 (0x7FF30313) addi t1, t1, 0x7ff
x6 <- 0xFFFFFFFFBFFFCFFF

clint::tick mtime <- 0x0000000000000002
 clint timer pending at mtime 0x0000000000000002
htif::tick 0x0000000000000000
mem[X,0x000000008000030C] -> 0x1313
mem[X,0x000000008000030E] -> 0x00B3
[200] [M]: 0x000000008000030C (0x00B31313) slli t1, t1, 0xb
x6 <- 0xFFFFFDFFFE7FF800

mem[X,0x0000000080000310] -> 0x0313
mem[X,0x0000000080000312] -> 0x6C03
[201] [M]: 0x0000000080000310 (0x6C030313) addi t1, t1, 0x6c0
x6 <- 0xFFFFFDFFFE7FFEC0

mem[X,0x0000000080000314] -> 0x1313
mem[X,0x0000000080000316] -> 0x00A3
[202] [M]: 0x0000000080000314 (0x00A31313) slli t1, t1, 0xa
x6 <- 0xFFF7FFF9FFFB0000

mem[X,0x0000000080000318] -> 0x0313
mem[X,0x000000008000031A] -> 0x0023
[203] [M]: 0x0000000080000318 (0x00230313) addi t1, t1, 0x2
x6 <- 0xFFF7FFF9FFFB0002

mem[X,0x000000008000031C] -> 0x0437
mem[X,0x000000008000031E] -> 0x0003
[204] [M]: 0x000000008000031C (0x00030437) lui fp, 0x30
x8 <- 0x0000000000030000

mem[X,0x0000000080000320] -> 0x0413
mem[X,0x0000000080000322] -> 0x0404
[205] [M]: 0x0000000080000320 (0x04040413) addi fp, fp, 0x40
x8 <- 0x0000000000030040

mem[X,0x0000000080000324] -> 0x1413
mem[X,0x0000000080000326] -> 0x00B4
[206] [M]: 0x0000000080000324 (0x00B41413) slli fp, fp, 0xb
x8 <- 0x0000000018020000

mem[X,0x0000000080000328] -> 0x0413
mem[X,0x000000008000032A] -> 0x7FF4
[207] [M]: 0x0000000080000328 (0x7FF40413) addi fp, fp, 0x7ff
x8 <- 0x00000000180207FF

mem[X,0x000000008000032C] -> 0x1413
mem[X,0x000000008000032E] -> 0x00B4
[208] [M]: 0x000000008000032C (0x00B41413) slli fp, fp, 0xb
x8 <- 0x000000C0103FF800

mem[X,0x0000000080000330] -> 0x0413
mem[X,0x0000000080000332] -> 0x5BF4
[209] [M]: 0x0000000080000330 (0x5BF40413) addi fp, fp, 0x5bf
x8 <- 0x000000C0103FFDBF

mem[X,0x0000000080000334] -> 0x1413
mem[X,0x0000000080000336] -> 0x00A4
[210] [M]: 0x0000000080000334 (0x00A41413) slli fp, fp, 0xa
x8 <- 0x00030040FFF6FC00

mem[X,0x0000000080000338] -> 0x0413
mem[X,0x000000008000033A] -> 0x3FD4
[211] [M]: 0x0000000080000338 (0x3FD40413) addi fp, fp, 0x3fd
x8 <- 0x00030040FFF6FFFD

mem[X,0x000000008000033C] -> 0x0FBB
mem[X,0x000000008000033E] -> 0xD083
[212] [M]: 0x000000008000033C (0xD0830FBB) pssub.h t6, t1, fp
x31 <- 0xFFF4FFB900050005

mem[X,0x0000000080000340] -> 0xB423
mem[X,0x0000000080000342] -> 0x03F3
[213] [M]: 0x0000000080000340 (0x03F3B423) sd t6, 0x28(t2)
mem[0x0000000080004140] <- 0xFFF4FFB900050005

mem[X,0x0000000080000344] -> 0x5037
mem[X,0x0000000080000346] -> 0x0010
[214] [M]: 0x0000000080000344 (0x00105037) lui zero, 0x105

mem[X,0x0000000080000348] -> 0x0013
mem[X,0x000000008000034A] -> 0x5550
[215] [M]: 0x0000000080000348 (0x55500013) addi zero, zero, 0x555

mem[X,0x000000008000034C] -> 0x1013
mem[X,0x000000008000034E] -> 0x00B0
[216] [M]: 0x000000008000034C (0x00B01013) slli zero, zero, 0xb

mem[X,0x0000000080000350] -> 0x0013
mem[X,0x0000000080000352] -> 0x0100
[217] [M]: 0x0000000080000350 (0x01000013) addi zero, zero, 0x10

mem[X,0x0000000080000354] -> 0x1013
mem[X,0x0000000080000356] -> 0x00B0
[218] [M]: 0x0000000080000354 (0x00B01013) slli zero, zero, 0xb

mem[X,0x0000000080000358] -> 0x0013
mem[X,0x000000008000035A] -> 0x0000
[219] [M]: 0x0000000080000358 (0x00000013) addi zero, zero, 0x0

mem[X,0x000000008000035C] -> 0x1013
mem[X,0x000000008000035E] -> 0x00A0
[220] [M]: 0x000000008000035C (0x00A01013) slli zero, zero, 0xa

mem[X,0x0000000080000360] -> 0x0013
mem[X,0x0000000080000362] -> 0x0040
[221] [M]: 0x0000000080000360 (0x00400013) addi zero, zero, 0x4

mem[X,0x0000000080000364] -> 0x5137
mem[X,0x0000000080000366] -> 0xFDFF
[222] [M]: 0x0000000080000364 (0xFDFF5137) lui sp, -0x200b
x2 <- 0xFFFFFFFFFDFF5000

mem[X,0x0000000080000368] -> 0x0113
mem[X,0x000000008000036A] -> 0x5551
[223] [M]: 0x0000000080000368 (0x55510113) addi sp, sp, 0x555
x2 <- 0xFFFFFFFFFDFF5555

mem[X,0x000000008000036C] -> 0x1113
mem[X,0x000000008000036E] -> 0x00B1
[224] [M]: 0x000000008000036C (0x00B11113) slli sp, sp, 0xb
x2 <- 0xFFFFFFEFFAAAA800

mem[X,0x0000000080000370] -> 0x0113
mem[X,0x0000000080000372] -> 0x0001
[225] [M]: 0x0000000080000370 (0x00010113) addi sp, sp, 0x0
x2 <- 0xFFFFFFEFFAAAA800

mem[X,0x0000000080000374] -> 0x1113
mem[X,0x0000000080000376] -> 0x00B1
[226] [M]: 0x0000000080000374 (0x00B11113) slli sp, sp, 0xb
x2 <- 0xFFFF7FD555400000

mem[X,0x0000000080000378] -> 0x0113
mem[X,0x000000008000037A] -> 0x13F1
[227] [M]: 0x0000000080000378 (0x13F10113) addi sp, sp, 0x13f
x2 <- 0xFFFF7FD55540013F

mem[X,0x000000008000037C] -> 0x1113
mem[X,0x000000008000037E] -> 0x00A1
[228] [M]: 0x000000008000037C (0x00A11113) slli sp, sp, 0xa
x2 <- 0xFDFF55550004FC00

mem[X,0x0000000080000380] -> 0x0113
mem[X,0x0000000080000382] -> 0x3FB1
[229] [M]: 0x0000000080000380 (0x3FB10113) addi sp, sp, 0x3fb
x2 <- 0xFDFF55550004FFFB

mem[X,0x0000000080000384] -> 0x0F3B
mem[X,0x0000000080000386] -> 0xD020
[230] [M]: 0x0000000080000384 (0xD0200F3B) pssub.h t5, zero, sp
x30 <- 0x0201AAABFFFC0005

mem[X,0x0000000080000388] -> 0xB823
mem[X,0x000000008000038A] -> 0x03E3
[231] [M]: 0x0000000080000388 (0x03E3B823) sd t5, 0x30(t2)
mem[0x0000000080004148] <- 0x0201AAABFFFC0005

mem[X,0x000000008000038C] -> 0x0237
mem[X,0x000000008000038E] -> 0xFFFE
[232] [M]: 0x000000008000038C (0xFFFE0237) lui tp, -0x20
x4 <- 0xFFFFFFFFFFFE0000

mem[X,0x0000000080000390] -> 0x0213
mem[X,0x0000000080000392] -> 0xFFF2
[233] [M]: 0x0000000080000390 (0xFFF20213) addi tp, tp, -0x1
x4 <- 0xFFFFFFFFFFFDFFFF

mem[X,0x0000000080000394] -> 0x1213
mem[X,0x0000000080000396] -> 0x00B2
[234] [M]: 0x0000000080000394 (0x00B21213) slli tp, tp, 0xb
x4 <- 0xFFFFFFFFEFFFF800

mem[X,0x0000000080000398] -> 0x0213
mem[X,0x000000008000039A] -> 0x6FF2
[235] [M]: 0x0000000080000398 (0x6FF20213) addi tp, tp, 0x6ff
x4 <- 0xFFFFFFFFEFFFFEFF

mem[X,0x000000008000039C] -> 0x1213
mem[X,0x000000008000039E] -> 0x00B2
[236] [M]: 0x000000008000039C (0x00B21213) slli tp, tp, 0xb
x4 <- 0xFFFFFF7FFFF7F800

mem[X,0x00000000800003A0] -> 0x0213
mem[X,0x00000000800003A2] -> 0x7C02
[237] [M]: 0x00000000800003A0 (0x7C020213) addi tp, tp, 0x7c0
x4 <- 0xFFFFFF7FFFF7FFC0

mem[X,0x00000000800003A4] -> 0x1213
mem[X,0x00000000800003A6] -> 0x00A2
[238] [M]: 0x00000000800003A4 (0x00A21213) slli tp, tp, 0xa
x4 <- 0xFFFDFFFFDFFF0000

mem[X,0x00000000800003A8] -> 0x0213
mem[X,0x00000000800003AA] -> 0x0082
[239] [M]: 0x00000000800003A8 (0x00820213) addi tp, tp, 0x8
x4 <- 0xFFFDFFFFDFFF0008

mem[X,0x00000000800003AC] -> 0x0CB7
mem[X,0x00000000800003AE] -> 0xFE00
[240] [M]: 0x00000000800003AC (0xFE000CB7) lui s9, -0x2000
x25 <- 0xFFFFFFFFFE000000

mem[X,0x00000000800003B0] -> 0x8C93
mem[X,0x00000000800003B2] -> 0xDFFC
[241] [M]: 0x00000000800003B0 (0xDFFC8C93) addi s9, s9, -0x201
x25 <- 0xFFFFFFFFFDFFFDFF

mem[X,0x00000000800003B4] -> 0x9C93
mem[X,0x00000000800003B6] -> 0x00BC
[242] [M]: 0x00000000800003B4 (0x00BC9C93) slli s9, s9, 0xb
x25 <- 0xFFFFFFEFFFEFF800

mem[X,0x00000000800003B8] -> 0x8C93
mem[X,0x00000000800003BA] -> 0x7FFC
[243] [M]: 0x00000000800003B8 (0x7FFC8C93) addi s9, s9, 0x7ff
x25 <- 0xFFFFFFEFFFEFFFFF

mem[X,0x00000000800003BC] -> 0x9C93
mem[X,0x00000000800003BE] -> 0x00BC
[244] [M]: 0x00000000800003BC (0x00BC9C93) slli s9, s9, 0xb
x25 <- 0xFFFF7FFF7FFFF800

mem[X,0x00000000800003C0] -> 0x8C93
mem[X,0x00000000800003C2] -> 0x780C
[245] [M]: 0x00000000800003C0 (0x780C8C93) addi s9, s9, 0x780
x25 <- 0xFFFF7FFF7FFFFF80

mem[X,0x00000000800003C4] -> 0x9C93
mem[X,0x00000000800003C6] -> 0x00AC
[246] [M]: 0x00000000800003C4 (0x00AC9C93) slli s9, s9, 0xa
x25 <- 0xFDFFFDFFFFFE0000

mem[X,0x00000000800003C8] -> 0x8C93
mem[X,0x00000000800003CA] -> 0x020C
[247] [M]: 0x00000000800003C8 (0x020C8C93) addi s9, s9, 0x20
x25 <- 0xFDFFFDFFFFFE0020

mem[X,0x00000000800003CC] -> 0x013B
mem[X,0x00000000800003CE] -> 0xD192
[248] [M]: 0x00000000800003CC (0xD192013B) pssub.h sp, tp, s9
x2 <- 0x01FE0200E001FFE8

mem[X,0x00000000800003D0] -> 0xBC23
mem[X,0x00000000800003D2] -> 0x0223
[249] [M]: 0x00000000800003D0 (0x0223BC23) sd sp, 0x38(t2)
mem[0x0000000080004150] <- 0x01FE0200E001FFE8

mem[X,0x00000000800003D4] -> 0x0AB7
mem[X,0x00000000800003D6] -> 0x0004
[250] [M]: 0x00000000800003D4 (0x00040AB7) lui s5, 0x40
x21 <- 0x0000000000040000

mem[X,0x00000000800003D8] -> 0x8A93
mem[X,0x00000000800003DA] -> 0x001A
[251] [M]: 0x00000000800003D8 (0x001A8A93) addi s5, s5, 0x1
x21 <- 0x0000000000040001

mem[X,0x00000000800003DC] -> 0x9A93
mem[X,0x00000000800003DE] -> 0x00BA
[252] [M]: 0x00000000800003DC (0x00BA9A93) slli s5, s5, 0xb
x21 <- 0x0000000020000800

mem[X,0x00000000800003E0] -> 0x8A93
mem[X,0x00000000800003E2] -> 0x000A
[253] [M]: 0x00000000800003E0 (0x000A8A93) addi s5, s5, 0x0
x21 <- 0x0000000020000800

mem[X,0x00000000800003E4] -> 0x9A93
mem[X,0x00000000800003E6] -> 0x00BA
[254] [M]: 0x00000000800003E4 (0x00BA9A93) slli s5, s5, 0xb
x21 <- 0x0000010000400000

mem[X,0x00000000800003E8] -> 0x8A93
mem[X,0x00000000800003EA] -> 0x240A
[255] [M]: 0x00000000800003E8 (0x240A8A93) addi s5, s5, 0x240
x21 <- 0x0000010000400240

mem[X,0x00000000800003EC] -> 0x9A93
mem[X,0x00000000800003EE] -> 0x00AA
[256] [M]: 0x00000000800003EC (0x00AA9A93) slli s5, s5, 0xa
x21 <- 0x0004000100090000

mem[X,0x00000000800003F0] -> 0x8A93
mem[X,0x00000000800003F2] -> 0x010A
[257] [M]: 0x00000000800003F0 (0x010A8A93) addi s5, s5, 0x10
x21 <- 0x0004000100090010

mem[X,0x00000000800003F4] -> 0x46B7
mem[X,0x00000000800003F6] -> 0xFFFE
[258] [M]: 0x00000000800003F4 (0xFFFE46B7) lui a3, -0x1c
x13 <- 0xFFFFFFFFFFFE4000

mem[X,0x00000000800003F8] -> 0x8693
mem[X,0x00000000800003FA] -> 0xFFF6
[259] [M]: 0x00000000800003F8 (0xFFF68693) addi a3, a3, -0x1
x13 <- 0xFFFFFFFFFFFE3FFF

mem[X,0x00000000800003FC] -> 0x9693
mem[X,0x00000000800003FE] -> 0x00B6
[260] [M]: 0x00000000800003FC (0x00B69693) slli a3, a3, 0xb
x13 <- 0xFFFFFFFFF1FFF800

mem[X,0x0000000080000400] -> 0x8693
mem[X,0x0000000080000402] -> 0x0006
[261] [M]: 0x0000000080000400 (0x00068693) addi a3, a3, 0x0
x13 <- 0xFFFFFFFFF1FFF800

mem[X,0x0000000080000404] -> 0x9693
mem[X,0x0000000080000406] -> 0x00B6
[262] [M]: 0x0000000080000404 (0x00B69693) slli a3, a3, 0xb
x13 <- 0xFFFFFF8FFFC00000

mem[X,0x0000000080000408] -> 0x8693
mem[X,0x000000008000040A] -> 0x1FF6
[263] [M]: 0x0000000080000408 (0x1FF68693) addi a3, a3, 0x1ff
x13 <- 0xFFFFFF8FFFC001FF

mem[X,0x000000008000040C] -> 0x9693
mem[X,0x000000008000040E] -> 0x00A6
[264] [M]: 0x000000008000040C (0x00A69693) slli a3, a3, 0xa
x13 <- 0xFFFE3FFF0007FC00

mem[X,0x0000000080000410] -> 0x8693
mem[X,0x0000000080000412] -> 0x3BF6
[265] [M]: 0x0000000080000410 (0x3BF68693) addi a3, a3, 0x3bf
x13 <- 0xFFFE3FFF0007FFBF

mem[X,0x0000000080000414] -> 0x803B
mem[X,0x0000000080000416] -> 0xD0DA
[266] [M]: 0x0000000080000414 (0xD0DA803B) pssub.h zero, s5, a3

mem[X,0x0000000080000418] -> 0xB023
mem[X,0x000000008000041A] -> 0x0403
[267] [M]: 0x0000000080000418 (0x0403B023) sd zero, 0x40(t2)
mem[0x0000000080004158] <- 0x0000000000000000

mem[X,0x000000008000041C] -> 0x0437
mem[X,0x000000008000041E] -> 0xF000
[268] [M]: 0x000000008000041C (0xF0000437) lui fp, -0x10000
x8 <- 0xFFFFFFFFF0000000

mem[X,0x0000000080000420] -> 0x0413
mem[X,0x0000000080000422] -> 0xBFF4
[269] [M]: 0x0000000080000420 (0xBFF40413) addi fp, fp, -0x401
x8 <- 0xFFFFFFFFEFFFFBFF

mem[X,0x0000000080000424] -> 0x1413
mem[X,0x0000000080000426] -> 0x00B4
[270] [M]: 0x0000000080000424 (0x00B41413) slli fp, fp, 0xb
x8 <- 0xFFFFFF7FFFDFF800

mem[X,0x0000000080000428] -> 0x0413
mem[X,0x000000008000042A] -> 0x7FF4
[271] [M]: 0x0000000080000428 (0x7FF40413) addi fp, fp, 0x7ff
x8 <- 0xFFFFFF7FFFDFFFFF

mem[X,0x000000008000042C] -> 0x1413
mem[X,0x000000008000042E] -> 0x00B4
[272] [M]: 0x000000008000042C (0x00B41413) slli fp, fp, 0xb
x8 <- 0xFFFBFFFEFFFFF800

mem[X,0x0000000080000430] -> 0x0413
mem[X,0x0000000080000432] -> 0x6404
[273] [M]: 0x0000000080000430 (0x64040413) addi fp, fp, 0x640
x8 <- 0xFFFBFFFEFFFFFE40

mem[X,0x0000000080000434] -> 0x1413
mem[X,0x0000000080000436] -> 0x00A4
[274] [M]: 0x0000000080000434 (0x00A41413) slli fp, fp, 0xa
x8 <- 0xEFFFFBFFFFF90000

mem[X,0x0000000080000438] -> 0x0413
mem[X,0x000000008000043A] -> 0x0204
[275] [M]: 0x0000000080000438 (0x02040413) addi fp, fp, 0x20
x8 <- 0xEFFFFBFFFFF90020

mem[X,0x000000008000043C] -> 0x08B7
mem[X,0x000000008000043E] -> 0x0800
[276] [M]: 0x000000008000043C (0x080008B7) lui a7, 0x8000
x17 <- 0x0000000008000000

mem[X,0x0000000080000440] -> 0x8893
mem[X,0x0000000080000442] -> 0x0408
[277] [M]: 0x0000000080000440 (0x04088893) addi a7, a7, 0x40
x17 <- 0x0000000008000040

mem[X,0x0000000080000444] -> 0x9893
mem[X,0x0000000080000446] -> 0x00B8
[278] [M]: 0x0000000080000444 (0x00B89893) slli a7, a7, 0xb
x17 <- 0x0000004000020000

mem[X,0x0000000080000448] -> 0x8893
mem[X,0x000000008000044A] -> 0x7FF8
[279] [M]: 0x0000000080000448 (0x7FF88893) addi a7, a7, 0x7ff
x17 <- 0x00000040000207FF

mem[X,0x000000008000044C] -> 0x9893
mem[X,0x000000008000044E] -> 0x00B8
[280] [M]: 0x000000008000044C (0x00B89893) slli a7, a7, 0xb
x17 <- 0x00020000103FF800

mem[X,0x0000000080000450] -> 0x8893
mem[X,0x0000000080000452] -> 0x3C88
[281] [M]: 0x0000000080000450 (0x3C888893) addi a7, a7, 0x3c8
x17 <- 0x00020000103FFBC8

mem[X,0x0000000080000454] -> 0x9893
mem[X,0x0000000080000456] -> 0x00A8
[282] [M]: 0x0000000080000454 (0x00A89893) slli a7, a7, 0xa
x17 <- 0x08000040FFEF2000

mem[X,0x0000000080000458] -> 0x02BB
mem[X,0x000000008000045A] -> 0xD114
[283] [M]: 0x0000000080000458 (0xD11402BB) pssub.h t0, fp, a7
x5 <- 0xE7FFFBBF000AE020

mem[X,0x000000008000045C] -> 0xB423
mem[X,0x000000008000045E] -> 0x0453
[284] [M]: 0x000000008000045C (0x0453B423) sd t0, 0x48(t2)
mem[0x0000000080004160] <- 0xE7FFFBBF000AE020

mem[X,0x0000000080000460] -> 0x0737
mem[X,0x0000000080000462] -> 0x0001
[285] [M]: 0x0000000080000460 (0x00010737) lui a4, 0x10
x14 <- 0x0000000000010000

mem[X,0x0000000080000464] -> 0x0713
mem[X,0x0000000080000466] -> 0x0017
[286] [M]: 0x0000000080000464 (0x00170713) addi a4, a4, 0x1
x14 <- 0x0000000000010001

mem[X,0x0000000080000468] -> 0x1713
mem[X,0x000000008000046A] -> 0x00B7
[287] [M]: 0x0000000080000468 (0x00B71713) slli a4, a4, 0xb
x14 <- 0x0000000008000800

mem[X,0x000000008000046C] -> 0x0713
mem[X,0x000000008000046E] -> 0x2AA7
[288] [M]: 0x000000008000046C (0x2AA70713) addi a4, a4, 0x2aa
x14 <- 0x0000000008000AAA

mem[X,0x0000000080000470] -> 0x1713
mem[X,0x0000000080000472] -> 0x00B7
[289] [M]: 0x0000000080000470 (0x00B71713) slli a4, a4, 0xb
x14 <- 0x0000004000555000

mem[X,0x0000000080000474] -> 0x0713
mem[X,0x0000000080000476] -> 0x5407
[290] [M]: 0x0000000080000474 (0x54070713) addi a4, a4, 0x540
x14 <- 0x0000004000555540

mem[X,0x0000000080000478] -> 0x1713
mem[X,0x000000008000047A] -> 0x00A7
[291] [M]: 0x0000000080000478 (0x00A71713) slli a4, a4, 0xa
x14 <- 0x0001000155550000

mem[X,0x000000008000047C] -> 0x0713
mem[X,0x000000008000047E] -> 0x0407
[292] [M]: 0x000000008000047C (0x04070713) addi a4, a4, 0x40
x14 <- 0x0001000155550040

mem[X,0x0000000080000480] -> 0x0537
mem[X,0x0000000080000482] -> 0xC001
[293] [M]: 0x0000000080000480 (0xC0010537) lui a0, -0x3fff0
x10 <- 0xFFFFFFFFC0010000

mem[X,0x0000000080000484] -> 0x0513
mem[X,0x0000000080000486] -> 0xFFC5
[294] [M]: 0x0000000080000484 (0xFFC50513) addi a0, a0, -0x4
x10 <- 0xFFFFFFFFC000FFFC

mem[X,0x0000000080000488] -> 0x1513
mem[X,0x000000008000048A] -> 0x00B5
[295] [M]: 0x0000000080000488 (0x00B51513) slli a0, a0, 0xb
x10 <- 0xFFFFFE0007FFE000

mem[X,0x000000008000048C] -> 0x0513
mem[X,0x000000008000048E] -> 0x3FF5
[296] [M]: 0x000000008000048C (0x3FF50513) addi a0, a0, 0x3ff
x10 <- 0xFFFFFE0007FFE3FF

mem[X,0x0000000080000490] -> 0x1513
mem[X,0x0000000080000492] -> 0x00B5
[297] [M]: 0x0000000080000490 (0x00B51513) slli a0, a0, 0xb
x10 <- 0xFFF0003FFF1FF800

mem[X,0x0000000080000494] -> 0x0513
mem[X,0x0000000080000496] -> 0x7C05
[298] [M]: 0x0000000080000494 (0x7C050513) addi a0, a0, 0x7c0
x10 <- 0xFFF0003FFF1FFFC0

mem[X,0x0000000080000498] -> 0x1513
mem[X,0x000000008000049A] -> 0x00A5
[299] [M]: 0x0000000080000498 (0x00A51513) slli a0, a0, 0xa
x10 <- 0xC000FFFC7FFF0000

clint::tick mtime <- 0x0000000000000003
 clint timer pending at mtime 0x0000000000000003
htif::tick 0x0000000000000000
mem[X,0x000000008000049C] -> 0x0513
mem[X,0x000000008000049E] -> 0x0025
[300] [M]: 0x000000008000049C (0x00250513) addi a0, a0, 0x2
x10 <- 0xC000FFFC7FFF0002

mem[X,0x00000000800004A0] -> 0x01BB
mem[X,0x00000000800004A2] -> 0xD0A7
[301] [M]: 0x00000000800004A0 (0xD0A701BB) pssub.h gp, a4, a0
x3 <- 0x40010005D556003E

mem[X,0x00000000800004A4] -> 0xB823
mem[X,0x00000000800004A6] -> 0x0433
[302] [M]: 0x00000000800004A4 (0x0433B823) sd gp, 0x50(t2)
mem[0x0000000080004168] <- 0x40010005D556003E

mem[X,0x00000000800004A8] -> 0x0537
mem[X,0x00000000800004AA] -> 0xFFF7
[303] [M]: 0x00000000800004A8 (0xFFF70537) lui a0, -0x90
x10 <- 0xFFFFFFFFFFF70000

mem[X,0x00000000800004AC] -> 0x0513
mem[X,0x00000000800004AE] -> 0xFF75
[304] [M]: 0x00000000800004AC (0xFF750513) addi a0, a0, -0x9
x10 <- 0xFFFFFFFFFFF6FFF7

mem[X,0x00000000800004B0] -> 0x1513
mem[X,0x00000000800004B2] -> 0x00B5
[305] [M]: 0x00000000800004B0 (0x00B51513) slli a0, a0, 0xb
x10 <- 0xFFFFFFFFB7FFB800

mem[X,0x00000000800004B4] -> 0x0513
mem[X,0x00000000800004B6] -> 0x0005
[306] [M]: 0x00000000800004B4 (0x00050513) addi a0, a0, 0x0
x10 <- 0xFFFFFFFFB7FFB800

mem[X,0x00000000800004B8] -> 0x1513
mem[X,0x00000000800004BA] -> 0x00B5
[307] [M]: 0x00000000800004B8 (0x00B51513) slli a0, a0, 0xb
x10 <- 0xFFFFFDBFFDC00000

mem[X,0x00000000800004BC] -> 0x0513
mem[X,0x00000000800004BE] -> 0x1405
[308] [M]: 0x00000000800004BC (0x14050513) addi a0, a0, 0x140
x10 <- 0xFFFFFDBFFDC00140

mem[X,0x00000000800004C0] -> 0x1513
mem[X,0x00000000800004C2] -> 0x00A5
[309] [M]: 0x00000000800004C0 (0x00A51513) slli a0, a0, 0xa
x10 <- 0xFFF6FFF700050000

mem[X,0x00000000800004C4] -> 0x0513
mem[X,0x00000000800004C6] -> 0x0805
[310] [M]: 0x00000000800004C4 (0x08050513) addi a0, a0, 0x80
x10 <- 0xFFF6FFF700050080

mem[X,0x00000000800004C8] -> 0x01B7
mem[X,0x00000000800004CA] -> 0xFFFC
[311] [M]: 0x00000000800004C8 (0xFFFC01B7) lui gp, -0x40
x3 <- 0xFFFFFFFFFFFC0000

mem[X,0x00000000800004CC] -> 0x8193
mem[X,0x00000000800004CE] -> 0x0201
[312] [M]: 0x00000000800004CC (0x02018193) addi gp, gp, 0x20
x3 <- 0xFFFFFFFFFFFC0020

mem[X,0x00000000800004D0] -> 0x9193
mem[X,0x00000000800004D2] -> 0x00B1
[313] [M]: 0x00000000800004D0 (0x00B19193) slli gp, gp, 0xb
x3 <- 0xFFFFFFFFE0010000

mem[X,0x00000000800004D4] -> 0x8193
mem[X,0x00000000800004D6] -> 0x7FF1
[314] [M]: 0x00000000800004D4 (0x7FF18193) addi gp, gp, 0x7ff
x3 <- 0xFFFFFFFFE00107FF

mem[X,0x00000000800004D8] -> 0x9193
mem[X,0x00000000800004DA] -> 0x00B1
[315] [M]: 0x00000000800004D8 (0x00B19193) slli gp, gp, 0xb
x3 <- 0xFFFFFF00083FF800

mem[X,0x00000000800004DC] -> 0x8193
mem[X,0x00000000800004DE] -> 0x73F1
[316] [M]: 0x00000000800004DC (0x73F18193) addi gp, gp, 0x73f
x3 <- 0xFFFFFF00083FFF3F

mem[X,0x00000000800004E0] -> 0x9193
mem[X,0x00000000800004E2] -> 0x00A1
[317] [M]: 0x00000000800004E0 (0x00A19193) slli gp, gp, 0xa
x3 <- 0xFFFC0020FFFCFC00

mem[X,0x00000000800004E4] -> 0x8193
mem[X,0x00000000800004E6] -> 0x3F81
[318] [M]: 0x00000000800004E4 (0x3F818193) addi gp, gp, 0x3f8
x3 <- 0xFFFC0020FFFCFFF8

mem[X,0x00000000800004E8] -> 0x043B
mem[X,0x00000000800004EA] -> 0xD035
[319] [M]: 0x00000000800004E8 (0xD035043B) pssub.h fp, a0, gp
x8 <- 0xFFFAFFD700090088

mem[X,0x00000000800004EC] -> 0xBC23
mem[X,0x00000000800004EE] -> 0x0483
[320] [M]: 0x00000000800004EC (0x0483BC23) sd fp, 0x58(t2)
mem[0x0000000080004170] <- 0xFFFAFFD700090088

mem[X,0x00000000800004F0] -> 0x02B7
mem[X,0x00000000800004F2] -> 0xFFFD
[321] [M]: 0x00000000800004F0 (0xFFFD02B7) lui t0, -0x30
x5 <- 0xFFFFFFFFFFFD0000

mem[X,0x00000000800004F4] -> 0x8293
mem[X,0x00000000800004F6] -> 0x0802
[322] [M]: 0x00000000800004F4 (0x08028293) addi t0, t0, 0x80
x5 <- 0xFFFFFFFFFFFD0080

mem[X,0x00000000800004F8] -> 0x9293
mem[X,0x00000000800004FA] -> 0x00B2
[323] [M]: 0x00000000800004F8 (0x00B29293) slli t0, t0, 0xb
x5 <- 0xFFFFFFFFE8040000

mem[X,0x00000000800004FC] -> 0x8293
mem[X,0x00000000800004FE] -> 0x7FF2
[324] [M]: 0x00000000800004FC (0x7FF28293) addi t0, t0, 0x7ff
x5 <- 0xFFFFFFFFE80407FF

mem[X,0x0000000080000500] -> 0x9293
mem[X,0x0000000080000502] -> 0x00B2
[325] [M]: 0x0000000080000500 (0x00B29293) slli t0, t0, 0xb
x5 <- 0xFFFFFF40203FF800

mem[X,0x0000000080000504] -> 0x8293
mem[X,0x0000000080000506] -> 0x6002
[326] [M]: 0x0000000080000504 (0x60028293) addi t0, t0, 0x600
x5 <- 0xFFFFFF40203FFE00

mem[X,0x0000000080000508] -> 0x9293
mem[X,0x000000008000050A] -> 0x00A2
[327] [M]: 0x0000000080000508 (0x00A29293) slli t0, t0, 0xa
x5 <- 0xFFFD0080FFF80000

mem[X,0x000000008000050C] -> 0x8293
mem[X,0x000000008000050E] -> 0x1002
[328] [M]: 0x000000008000050C (0x10028293) addi t0, t0, 0x100
x5 <- 0xFFFD0080FFF80100

mem[X,0x0000000080000510] -> 0x0E37
mem[X,0x0000000080000512] -> 0xFFEF
[329] [M]: 0x0000000080000510 (0xFFEF0E37) lui t3, -0x110
x28 <- 0xFFFFFFFFFFEF0000

mem[X,0x0000000080000514] -> 0x0E13
mem[X,0x0000000080000516] -> 0x008E
[330] [M]: 0x0000000080000514 (0x008E0E13) addi t3, t3, 0x8
x28 <- 0xFFFFFFFFFFEF0008

mem[X,0x0000000080000518] -> 0x1E13
mem[X,0x000000008000051A] -> 0x00BE
[331] [M]: 0x0000000080000518 (0x00BE1E13) slli t3, t3, 0xb
x28 <- 0xFFFFFFFF78004000

mem[X,0x000000008000051C] -> 0x0E13
mem[X,0x000000008000051E] -> 0x7FDE
[332] [M]: 0x000000008000051C (0x7FDE0E13) addi t3, t3, 0x7fd
x28 <- 0xFFFFFFFF780047FD

mem[X,0x0000000080000520] -> 0x1E13
mem[X,0x0000000080000522] -> 0x00BE
[333] [M]: 0x0000000080000520 (0x00BE1E13) slli t3, t3, 0xb
x28 <- 0xFFFFFBC0023FE800

mem[X,0x0000000080000524] -> 0x0E13
mem[X,0x0000000080000526] -> 0x7C0E
[334] [M]: 0x0000000080000524 (0x7C0E0E13) addi t3, t3, 0x7c0
x28 <- 0xFFFFFBC0023FEFC0

mem[X,0x0000000080000528] -> 0x1E13
mem[X,0x000000008000052A] -> 0x00AE
[335] [M]: 0x0000000080000528 (0x00AE1E13) slli t3, t3, 0xa
x28 <- 0xFFEF0008FFBF0000

mem[X,0x000000008000052C] -> 0x0E13
mem[X,0x000000008000052E] -> 0x008E
[336] [M]: 0x000000008000052C (0x008E0E13) addi t3, t3, 0x8
x28 <- 0xFFEF0008FFBF0008

mem[X,0x0000000080000530] -> 0x893B
mem[X,0x0000000080000532] -> 0xD1C2
[337] [M]: 0x0000000080000530 (0xD1C2893B) pssub.h s2, t0, t3
x18 <- 0x000E0078003900F8

mem[X,0x0000000080000534] -> 0xB023
mem[X,0x0000000080000536] -> 0x0723
[338] [M]: 0x0000000080000534 (0x0723B023) sd s2, 0x60(t2)
mem[0x0000000080004178] <- 0x000E0078003900F8

mem[X,0x0000000080000538] -> 0x0DB7
mem[X,0x000000008000053A] -> 0x0101
[339] [M]: 0x0000000080000538 (0x01010DB7) lui s11, 0x1010
x27 <- 0x0000000001010000

mem[X,0x000000008000053C] -> 0x8D93
mem[X,0x000000008000053E] -> 0xFFAD
[340] [M]: 0x000000008000053C (0xFFAD8D93) addi s11, s11, -0x6
x27 <- 0x000000000100FFFA

mem[X,0x0000000080000540] -> 0x9D93
mem[X,0x0000000080000542] -> 0x00BD
[341] [M]: 0x0000000080000540 (0x00BD9D93) slli s11, s11, 0xb
x27 <- 0x0000000807FFD000

mem[X,0x0000000080000544] -> 0x8D93
mem[X,0x0000000080000546] -> 0x000D
[342] [M]: 0x0000000080000544 (0x000D8D93) addi s11, s11, 0x0
x27 <- 0x0000000807FFD000

mem[X,0x0000000080000548] -> 0x9D93
mem[X,0x000000008000054A] -> 0x00BD
[343] [M]: 0x0000000080000548 (0x00BD9D93) slli s11, s11, 0xb
x27 <- 0x0000403FFE800000

mem[X,0x000000008000054C] -> 0x8D93
mem[X,0x000000008000054E] -> 0x0C0D
[344] [M]: 0x000000008000054C (0x0C0D8D93) addi s11, s11, 0xc0
x27 <- 0x0000403FFE8000C0

mem[X,0x0000000080000550] -> 0x9D93
mem[X,0x0000000080000552] -> 0x00AD
[345] [M]: 0x0000000080000550 (0x00AD9D93) slli s11, s11, 0xa
x27 <- 0x0100FFFA00030000

mem[X,0x0000000080000554] -> 0x8D93
mem[X,0x0000000080000556] -> 0x200D
[346] [M]: 0x0000000080000554 (0x200D8D93) addi s11, s11, 0x200
x27 <- 0x0100FFFA00030200

mem[X,0x0000000080000558] -> 0x0B37
mem[X,0x000000008000055A] -> 0x1000
[347] [M]: 0x0000000080000558 (0x10000B37) lui s6, 0x10000
x22 <- 0x0000000010000000

mem[X,0x000000008000055C] -> 0x0B13
mem[X,0x000000008000055E] -> 0x200B
[348] [M]: 0x000000008000055C (0x200B0B13) addi s6, s6, 0x200
x22 <- 0x0000000010000200

mem[X,0x0000000080000560] -> 0x1B13
mem[X,0x0000000080000562] -> 0x00BB
[349] [M]: 0x0000000080000560 (0x00BB1B13) slli s6, s6, 0xb
x22 <- 0x0000008000100000

mem[X,0x0000000080000564] -> 0x0B13
mem[X,0x0000000080000566] -> 0x000B
[350] [M]: 0x0000000080000564 (0x000B0B13) addi s6, s6, 0x0
x22 <- 0x0000008000100000

mem[X,0x0000000080000568] -> 0x1B13
mem[X,0x000000008000056A] -> 0x00BB
[351] [M]: 0x0000000080000568 (0x00BB1B13) slli s6, s6, 0xb
x22 <- 0x0004000080000000

mem[X,0x000000008000056C] -> 0x0B13
mem[X,0x000000008000056E] -> 0x13BB
[352] [M]: 0x000000008000056C (0x13BB0B13) addi s6, s6, 0x13b
x22 <- 0x000400008000013B

mem[X,0x0000000080000570] -> 0x1B13
mem[X,0x0000000080000572] -> 0x00AB
[353] [M]: 0x0000000080000570 (0x00AB1B13) slli s6, s6, 0xa
x22 <- 0x100002000004EC00

mem[X,0x0000000080000574] -> 0x0B13
mem[X,0x0000000080000576] -> 0x3FFB
[354] [M]: 0x0000000080000574 (0x3FFB0B13) addi s6, s6, 0x3ff
x22 <- 0x100002000004EFFF

mem[X,0x0000000080000578] -> 0x8ABB
mem[X,0x000000008000057A] -> 0xD16D
[355] [M]: 0x0000000080000578 (0xD16D8ABB) pssub.h s5, s11, s6
x21 <- 0xF100FDFAFFFF1201

mem[X,0x000000008000057C] -> 0xB423
mem[X,0x000000008000057E] -> 0x0753
[356] [M]: 0x000000008000057C (0x0753B423) sd s5, 0x68(t2)
mem[0x0000000080004180] <- 0xF100FDFAFFFF1201

mem[X,0x0000000080000580] -> 0x5837
mem[X,0x0000000080000582] -> 0xDFFF
[357] [M]: 0x0000000080000580 (0xDFFF5837) lui a6, -0x2000b
x16 <- 0xFFFFFFFFDFFF5000

mem[X,0x0000000080000584] -> 0x0813
mem[X,0x0000000080000586] -> 0x5558
[358] [M]: 0x0000000080000584 (0x55580813) addi a6, a6, 0x555
x16 <- 0xFFFFFFFFDFFF5555

mem[X,0x0000000080000588] -> 0x1813
mem[X,0x000000008000058A] -> 0x00B8
[359] [M]: 0x0000000080000588 (0x00B81813) slli a6, a6, 0xb
x16 <- 0xFFFFFEFFFAAAA800

mem[X,0x000000008000058C] -> 0x0813
mem[X,0x000000008000058E] -> 0x7DF8
[360] [M]: 0x000000008000058C (0x7DF80813) addi a6, a6, 0x7df
x16 <- 0xFFFFFEFFFAAAAFDF

mem[X,0x0000000080000590] -> 0x1813
mem[X,0x0000000080000592] -> 0x00B8
[361] [M]: 0x0000000080000590 (0x00B81813) slli a6, a6, 0xb
x16 <- 0xFFF7FFD5557EF800

mem[X,0x0000000080000594] -> 0x0813
mem[X,0x0000000080000596] -> 0x7C18
[362] [M]: 0x0000000080000594 (0x7C180813) addi a6, a6, 0x7c1
x16 <- 0xFFF7FFD5557EFFC1

mem[X,0x0000000080000598] -> 0x1813
mem[X,0x000000008000059A] -> 0x00A8
[363] [M]: 0x0000000080000598 (0x00A81813) slli a6, a6, 0xa
x16 <- 0xDFFF5555FBFF0400

mem[X,0x000000008000059C] -> 0x0237
mem[X,0x000000008000059E] -> 0xFFFC
[364] [M]: 0x000000008000059C (0xFFFC0237) lui tp, -0x40
x4 <- 0xFFFFFFFFFFFC0000

mem[X,0x00000000800005A0] -> 0x0213
mem[X,0x00000000800005A2] -> 0x0042
[365] [M]: 0x00000000800005A0 (0x00420213) addi tp, tp, 0x4
x4 <- 0xFFFFFFFFFFFC0004

mem[X,0x00000000800005A4] -> 0x1213
mem[X,0x00000000800005A6] -> 0x00B2
[366] [M]: 0x00000000800005A4 (0x00B21213) slli tp, tp, 0xb
x4 <- 0xFFFFFFFFE0002000

mem[X,0x00000000800005A8] -> 0x0213
mem[X,0x00000000800005AA] -> 0x77F2
[367] [M]: 0x00000000800005A8 (0x77F20213) addi tp, tp, 0x77f
x4 <- 0xFFFFFFFFE000277F

mem[X,0x00000000800005AC] -> 0x1213
mem[X,0x00000000800005AE] -> 0x00B2
[368] [M]: 0x00000000800005AC (0x00B21213) slli tp, tp, 0xb
x4 <- 0xFFFFFF00013BF800

mem[X,0x00000000800005B0] -> 0x0213
mem[X,0x00000000800005B2] -> 0x7DF2
[369] [M]: 0x00000000800005B0 (0x7DF20213) addi tp, tp, 0x7df
x4 <- 0xFFFFFF00013BFFDF

mem[X,0x00000000800005B4] -> 0x1213
mem[X,0x00000000800005B6] -> 0x00A2
[370] [M]: 0x00000000800005B4 (0x00A21213) slli tp, tp, 0xa
x4 <- 0xFFFC0004EFFF7C00

mem[X,0x00000000800005B8] -> 0x0213
mem[X,0x00000000800005BA] -> 0x3FF2
[371] [M]: 0x00000000800005B8 (0x3FF20213) addi tp, tp, 0x3ff
x4 <- 0xFFFC0004EFFF7FFF

mem[X,0x00000000800005BC] -> 0x04BB
mem[X,0x00000000800005BE] -> 0xD048
[372] [M]: 0x00000000800005BC (0xD04804BB) pssub.h s1, a6, tp
x9 <- 0xE00355510C008401

mem[X,0x00000000800005C0] -> 0xB823
mem[X,0x00000000800005C2] -> 0x0693
[373] [M]: 0x00000000800005C0 (0x0693B823) sd s1, 0x70(t2)
mem[0x0000000080004188] <- 0xE00355510C008401

mem[X,0x00000000800005C4] -> 0x08B7
mem[X,0x00000000800005C6] -> 0xFFF7
[374] [M]: 0x00000000800005C4 (0xFFF708B7) lui a7, -0x90
x17 <- 0xFFFFFFFFFFF70000

mem[X,0x00000000800005C8] -> 0x8893
mem[X,0x00000000800005CA] -> 0xBFF8
[375] [M]: 0x00000000800005C8 (0xBFF88893) addi a7, a7, -0x401
x17 <- 0xFFFFFFFFFFF6FBFF

mem[X,0x00000000800005CC] -> 0x9893
mem[X,0x00000000800005CE] -> 0x00B8
[376] [M]: 0x00000000800005CC (0x00B89893) slli a7, a7, 0xb
x17 <- 0xFFFFFFFFB7DFF800

mem[X,0x00000000800005D0] -> 0x8893
mem[X,0x00000000800005D2] -> 0x1FF8
[377] [M]: 0x00000000800005D0 (0x1FF88893) addi a7, a7, 0x1ff
x17 <- 0xFFFFFFFFB7DFF9FF

mem[X,0x00000000800005D4] -> 0x9893
mem[X,0x00000000800005D6] -> 0x00B8
[378] [M]: 0x00000000800005D4 (0x00B89893) slli a7, a7, 0xb
x17 <- 0xFFFFFDBEFFCFF800

mem[X,0x00000000800005D8] -> 0x8893
mem[X,0x00000000800005DA] -> 0x7C28
[379] [M]: 0x00000000800005D8 (0x7C288893) addi a7, a7, 0x7c2
x17 <- 0xFFFFFDBEFFCFFFC2

mem[X,0x00000000800005DC] -> 0x9893
mem[X,0x00000000800005DE] -> 0x00A8
[380] [M]: 0x00000000800005DC (0x00A89893) slli a7, a7, 0xa
x17 <- 0xFFF6FBFF3FFF0800

mem[X,0x00000000800005E0] -> 0x0EB7
mem[X,0x00000000800005E2] -> 0x0000
[381] [M]: 0x00000000800005E0 (0x00000EB7) lui t4, 0x0
x29 <- 0x0000000000000000

mem[X,0x00000000800005E4] -> 0x8E93
mem[X,0x00000000800005E6] -> 0xFF9E
[382] [M]: 0x00000000800005E4 (0xFF9E8E93) addi t4, t4, -0x7
x29 <- 0xFFFFFFFFFFFFFFF9

mem[X,0x00000000800005E8] -> 0x9E93
mem[X,0x00000000800005EA] -> 0x00BE
[383] [M]: 0x00000000800005E8 (0x00BE9E93) slli t4, t4, 0xb
x29 <- 0xFFFFFFFFFFFFC800

mem[X,0x00000000800005EC] -> 0x8E93
mem[X,0x00000000800005EE] -> 0x3FFE
[384] [M]: 0x00000000800005EC (0x3FFE8E93) addi t4, t4, 0x3ff
x29 <- 0xFFFFFFFFFFFFCBFF

mem[X,0x00000000800005F0] -> 0x9E93
mem[X,0x00000000800005F2] -> 0x00BE
[385] [M]: 0x00000000800005F0 (0x00BE9E93) slli t4, t4, 0xb
x29 <- 0xFFFFFFFFFE5FF800

mem[X,0x00000000800005F4] -> 0x8E93
mem[X,0x00000000800005F6] -> 0x7C8E
[386] [M]: 0x00000000800005F4 (0x7C8E8E93) addi t4, t4, 0x7c8
x29 <- 0xFFFFFFFFFE5FFFC8

mem[X,0x00000000800005F8] -> 0x9E93
mem[X,0x00000000800005FA] -> 0x00AE
[387] [M]: 0x00000000800005F8 (0x00AE9E93) slli t4, t4, 0xa
x29 <- 0xFFFFFFF97FFF2000

mem[X,0x00000000800005FC] -> 0x8CBB
mem[X,0x00000000800005FE] -> 0xD1D8
[388] [M]: 0x00000000800005FC (0xD1D88CBB) pssub.h s9, a7, t4
x25 <- 0xFFF7FC06C000E800

mem[X,0x0000000080000600] -> 0xBC23
mem[X,0x0000000080000602] -> 0x0793
[389] [M]: 0x0000000080000600 (0x0793BC23) sd s9, 0x78(t2)
mem[0x0000000080004190] <- 0xFFF7FC06C000E800

mem[X,0x0000000080000604] -> 0x0013
mem[X,0x0000000080000606] -> 0x0000
[390] [M]: 0x0000000080000604 (0x00000013) addi zero, zero, 0x0

mem[X,0x0000000080000608] -> 0x0013
mem[X,0x000000008000060A] -> 0x0000
[391] [M]: 0x0000000080000608 (0x00000013) addi zero, zero, 0x0

mem[X,0x000000008000060C] -> 0x0013
mem[X,0x000000008000060E] -> 0x0000
[392] [M]: 0x000000008000060C (0x00000013) addi zero, zero, 0x0

mem[X,0x0000000080000610] -> 0x0013
mem[X,0x0000000080000612] -> 0x0000
[393] [M]: 0x0000000080000610 (0x00000013) addi zero, zero, 0x0

mem[X,0x0000000080000614] -> 0x0013
mem[X,0x0000000080000616] -> 0x0000
[394] [M]: 0x0000000080000614 (0x00000013) addi zero, zero, 0x0

mem[X,0x0000000080000618] -> 0x0013
mem[X,0x000000008000061A] -> 0x0000
[395] [M]: 0x0000000080000618 (0x00000013) addi zero, zero, 0x0

mem[X,0x000000008000061C] -> 0x0013
mem[X,0x000000008000061E] -> 0x0000
[396] [M]: 0x000000008000061C (0x00000013) addi zero, zero, 0x0

mem[X,0x0000000080000620] -> 0x4097
mem[X,0x0000000080000622] -> 0x0000
[397] [M]: 0x0000000080000620 (0x00004097) auipc ra, 0x4
x1 <- 0x0000000080004620

mem[X,0x0000000080000624] -> 0x8093
mem[X,0x0000000080000626] -> 0xB780
[398] [M]: 0x0000000080000624 (0xB7808093) addi ra, ra, -0x488
x1 <- 0x0000000080004198

mem[X,0x0000000080000628] -> 0x0013
mem[X,0x000000008000062A] -> 0x0000
[399] [M]: 0x0000000080000628 (0x00000013) addi zero, zero, 0x0

clint::tick mtime <- 0x0000000000000004
 clint timer pending at mtime 0x0000000000000004
htif::tick 0x0000000000000000
mem[X,0x000000008000062C] -> 0x0013
mem[X,0x000000008000062E] -> 0x0000
[400] [M]: 0x000000008000062C (0x00000013) addi zero, zero, 0x0

mem[X,0x0000000080000630] -> 0x0013
mem[X,0x0000000080000632] -> 0x0000
[401] [M]: 0x0000000080000630 (0x00000013) addi zero, zero, 0x0

mem[X,0x0000000080000634] -> 0x0013
mem[X,0x0000000080000636] -> 0x0000
[402] [M]: 0x0000000080000634 (0x00000013) addi zero, zero, 0x0

mem[X,0x0000000080000638] -> 0x0013
mem[X,0x000000008000063A] -> 0x0000
[403] [M]: 0x0000000080000638 (0x00000013) addi zero, zero, 0x0

mem[X,0x000000008000063C] -> 0x0013
mem[X,0x000000008000063E] -> 0x0000
[404] [M]: 0x000000008000063C (0x00000013) addi zero, zero, 0x0

mem[X,0x0000000080000640] -> 0xED37
mem[X,0x0000000080000642] -> 0x0001
[405] [M]: 0x0000000080000640 (0x0001ED37) lui s10, 0x1e
x26 <- 0x000000000001E000

mem[X,0x0000000080000644] -> 0x0D13
mem[X,0x0000000080000646] -> 0xFFFD
[406] [M]: 0x0000000080000644 (0xFFFD0D13) addi s10, s10, -0x1
x26 <- 0x000000000001DFFF

mem[X,0x0000000080000648] -> 0x1D13
mem[X,0x000000008000064A] -> 0x00BD
[407] [M]: 0x0000000080000648 (0x00BD1D13) slli s10, s10, 0xb
x26 <- 0x000000000EFFF800

mem[X,0x000000008000064C] -> 0x0D13
mem[X,0x000000008000064E] -> 0x2AAD
[408] [M]: 0x000000008000064C (0x2AAD0D13) addi s10, s10, 0x2aa
x26 <- 0x000000000EFFFAAA

mem[X,0x0000000080000650] -> 0x1D13
mem[X,0x0000000080000652] -> 0x00BD
[409] [M]: 0x0000000080000650 (0x00BD1D13) slli s10, s10, 0xb
x26 <- 0x00000077FFD55000

mem[X,0x0000000080000654] -> 0x0D13
mem[X,0x0000000080000656] -> 0x544D
[410] [M]: 0x0000000080000654 (0x544D0D13) addi s10, s10, 0x544
x26 <- 0x00000077FFD55544

mem[X,0x0000000080000658] -> 0x1D13
mem[X,0x000000008000065A] -> 0x00AD
[411] [M]: 0x0000000080000658 (0x00AD1D13) slli s10, s10, 0xa
x26 <- 0x0001DFFF55551000

mem[X,0x000000008000065C] -> 0x05B7
mem[X,0x000000008000065E] -> 0x0005
[412] [M]: 0x000000008000065C (0x000505B7) lui a1, 0x50
x11 <- 0x0000000000050000

mem[X,0x0000000080000660] -> 0x8593
mem[X,0x0000000080000662] -> 0x0035
[413] [M]: 0x0000000080000660 (0x00358593) addi a1, a1, 0x3
x11 <- 0x0000000000050003

mem[X,0x0000000080000664] -> 0x9593
mem[X,0x0000000080000666] -> 0x00B5
[414] [M]: 0x0000000080000664 (0x00B59593) slli a1, a1, 0xb
x11 <- 0x0000000028001800

mem[X,0x0000000080000668] -> 0x8593
mem[X,0x000000008000066A] -> 0x0015
[415] [M]: 0x0000000080000668 (0x00158593) addi a1, a1, 0x1
x11 <- 0x0000000028001801

mem[X,0x000000008000066C] -> 0x9593
mem[X,0x000000008000066E] -> 0x00B5
[416] [M]: 0x000000008000066C (0x00B59593) slli a1, a1, 0xb
x11 <- 0x0000014000C00800

mem[X,0x0000000080000670] -> 0x8593
mem[X,0x0000000080000672] -> 0x0005
[417] [M]: 0x0000000080000670 (0x00058593) addi a1, a1, 0x0
x11 <- 0x0000014000C00800

mem[X,0x0000000080000674] -> 0x9593
mem[X,0x0000000080000676] -> 0x00A5
[418] [M]: 0x0000000080000674 (0x00A59593) slli a1, a1, 0xa
x11 <- 0x0005000300200000

mem[X,0x0000000080000678] -> 0x8593
mem[X,0x000000008000067A] -> 0x0045
[419] [M]: 0x0000000080000678 (0x00458593) addi a1, a1, 0x4
x11 <- 0x0005000300200004

mem[X,0x000000008000067C] -> 0x033B
mem[X,0x000000008000067E] -> 0xD0BD
[420] [M]: 0x000000008000067C (0xD0BD033B) pssub.h t1, s10, a1
x6 <- 0xFFFCDFFC55350FFC

mem[X,0x0000000080000680] -> 0xB023
mem[X,0x0000000080000682] -> 0x0060
[421] [M]: 0x0000000080000680 (0x0060B023) sd t1, 0x0(ra)
mem[0x0000000080004198] <- 0xFFFCDFFC55350FFC

mem[X,0x0000000080000684] -> 0x03B7
mem[X,0x0000000080000686] -> 0xAAAB
[422] [M]: 0x0000000080000684 (0xAAAB03B7) lui t2, -0x55550
x7 <- 0xFFFFFFFFAAAB0000

mem[X,0x0000000080000688] -> 0x8393
mem[X,0x000000008000068A] -> 0xFFC3
[423] [M]: 0x0000000080000688 (0xFFC38393) addi t2, t2, -0x4
x7 <- 0xFFFFFFFFAAAAFFFC

mem[X,0x000000008000068C] -> 0x9393
mem[X,0x000000008000068E] -> 0x00B3
[424] [M]: 0x000000008000068C (0x00B39393) slli t2, t2, 0xb
x7 <- 0xFFFFFD5557FFE000

mem[X,0x0000000080000690] -> 0x8393
mem[X,0x0000000080000692] -> 0x0043
[425] [M]: 0x0000000080000690 (0x00438393) addi t2, t2, 0x4
x7 <- 0xFFFFFD5557FFE004

mem[X,0x0000000080000694] -> 0x9393
mem[X,0x0000000080000696] -> 0x00B3
[426] [M]: 0x0000000080000694 (0x00B39393) slli t2, t2, 0xb
x7 <- 0xFFEAAABFFF002000

mem[X,0x0000000080000698] -> 0x8393
mem[X,0x000000008000069A] -> 0x0083
[427] [M]: 0x0000000080000698 (0x00838393) addi t2, t2, 0x8
x7 <- 0xFFEAAABFFF002008

mem[X,0x000000008000069C] -> 0x9393
mem[X,0x000000008000069E] -> 0x00A3
[428] [M]: 0x000000008000069C (0x00A39393) slli t2, t2, 0xa
x7 <- 0xAAAAFFFC00802000

mem[X,0x00000000800006A0] -> 0x04B7
mem[X,0x00000000800006A2] -> 0x8000
[429] [M]: 0x00000000800006A0 (0x800004B7) lui s1, -0x80000
x9 <- 0xFFFFFFFF80000000

mem[X,0x00000000800006A4] -> 0x8493
mem[X,0x00000000800006A6] -> 0xFF74
[430] [M]: 0x00000000800006A4 (0xFF748493) addi s1, s1, -0x9
x9 <- 0xFFFFFFFF7FFFFFF7

mem[X,0x00000000800006A8] -> 0x9493
mem[X,0x00000000800006AA] -> 0x00B4
[431] [M]: 0x00000000800006A8 (0x00B49493) slli s1, s1, 0xb
x9 <- 0xFFFFFBFFFFFFB800

mem[X,0x00000000800006AC] -> 0x8493
mem[X,0x00000000800006AE] -> 0x1004
[432] [M]: 0x00000000800006AC (0x10048493) addi s1, s1, 0x100
x9 <- 0xFFFFFBFFFFFFB900

mem[X,0x00000000800006B0] -> 0x9493
mem[X,0x00000000800006B2] -> 0x00B4
[433] [M]: 0x00000000800006B0 (0x00B49493) slli s1, s1, 0xb
x9 <- 0xFFDFFFFFFDC80000

mem[X,0x00000000800006B4] -> 0x8493
mem[X,0x00000000800006B6] -> 0x0154
[434] [M]: 0x00000000800006B4 (0x01548493) addi s1, s1, 0x15
x9 <- 0xFFDFFFFFFDC80015

mem[X,0x00000000800006B8] -> 0x9493
mem[X,0x00000000800006BA] -> 0x00A4
[435] [M]: 0x00000000800006B8 (0x00A49493) slli s1, s1, 0xa
x9 <- 0x7FFFFFF720005400

mem[X,0x00000000800006BC] -> 0x8493
mem[X,0x00000000800006BE] -> 0x1554
[436] [M]: 0x00000000800006BC (0x15548493) addi s1, s1, 0x155
x9 <- 0x7FFFFFF720005555

mem[X,0x00000000800006C0] -> 0x8BBB
mem[X,0x00000000800006C2] -> 0xD093
[437] [M]: 0x00000000800006C0 (0xD0938BBB) pssub.h s7, t2, s1
x23 <- 0x80000005E080CAAB

mem[X,0x00000000800006C4] -> 0xB423
mem[X,0x00000000800006C6] -> 0x0170
[438] [M]: 0x00000000800006C4 (0x0170B423) sd s7, 0x8(ra)
mem[0x00000000800041A0] <- 0x80000005E080CAAB

mem[X,0x00000000800006C8] -> 0xE137
mem[X,0x00000000800006CA] -> 0x0100
[439] [M]: 0x00000000800006C8 (0x0100E137) lui sp, 0x100e
x2 <- 0x000000000100E000

mem[X,0x00000000800006CC] -> 0x0113
mem[X,0x00000000800006CE] -> 0xFFF1
[440] [M]: 0x00000000800006CC (0xFFF10113) addi sp, sp, -0x1
x2 <- 0x000000000100DFFF

mem[X,0x00000000800006D0] -> 0x1113
mem[X,0x00000000800006D2] -> 0x00B1
[441] [M]: 0x00000000800006D0 (0x00B11113) slli sp, sp, 0xb
x2 <- 0x0000000806FFF800

mem[X,0x00000000800006D4] -> 0x0113
mem[X,0x00000000800006D6] -> 0x0201
[442] [M]: 0x00000000800006D4 (0x02010113) addi sp, sp, 0x20
x2 <- 0x0000000806FFF820

mem[X,0x00000000800006D8] -> 0x1113
mem[X,0x00000000800006DA] -> 0x00B1
[443] [M]: 0x00000000800006D8 (0x00B11113) slli sp, sp, 0xb
x2 <- 0x00004037FFC10000

mem[X,0x00000000800006DC] -> 0x0113
mem[X,0x00000000800006DE] -> 0x0101
[444] [M]: 0x00000000800006DC (0x01010113) addi sp, sp, 0x10
x2 <- 0x00004037FFC10010

mem[X,0x00000000800006E0] -> 0x1113
mem[X,0x00000000800006E2] -> 0x00A1
[445] [M]: 0x00000000800006E0 (0x00A11113) slli sp, sp, 0xa
x2 <- 0x0100DFFF04004000

mem[X,0x00000000800006E4] -> 0x8937
mem[X,0x00000000800006E6] -> 0x0020
[446] [M]: 0x00000000800006E4 (0x00208937) lui s2, 0x208
x18 <- 0x0000000000208000

mem[X,0x00000000800006E8] -> 0x0913
mem[X,0x00000000800006EA] -> 0x0009
[447] [M]: 0x00000000800006E8 (0x00090913) addi s2, s2, 0x0
x18 <- 0x0000000000208000

mem[X,0x00000000800006EC] -> 0x1913
mem[X,0x00000000800006EE] -> 0x00B9
[448] [M]: 0x00000000800006EC (0x00B91913) slli s2, s2, 0xb
x18 <- 0x0000000104000000

mem[X,0x00000000800006F0] -> 0x0913
mem[X,0x00000000800006F2] -> 0x7FF9
[449] [M]: 0x00000000800006F0 (0x7FF90913) addi s2, s2, 0x7ff
x18 <- 0x00000001040007FF

mem[X,0x00000000800006F4] -> 0x1913
mem[X,0x00000000800006F6] -> 0x00B9
[450] [M]: 0x00000000800006F4 (0x00B91913) slli s2, s2, 0xb
x18 <- 0x00000820003FF800

mem[X,0x00000000800006F8] -> 0x0913
mem[X,0x00000000800006FA] -> 0x73F9
[451] [M]: 0x00000000800006F8 (0x73F90913) addi s2, s2, 0x73f
x18 <- 0x00000820003FFF3F

mem[X,0x00000000800006FC] -> 0x1913
mem[X,0x00000000800006FE] -> 0x00A9
[452] [M]: 0x00000000800006FC (0x00A91913) slli s2, s2, 0xa
x18 <- 0x00208000FFFCFC00

mem[X,0x0000000080000700] -> 0x0913
mem[X,0x0000000080000702] -> 0x3EF9
[453] [M]: 0x0000000080000700 (0x3EF90913) addi s2, s2, 0x3ef
x18 <- 0x00208000FFFCFFEF

mem[X,0x0000000080000704] -> 0x07BB
mem[X,0x0000000080000706] -> 0xD121
[454] [M]: 0x0000000080000704 (0xD12107BB) pssub.h a5, sp, s2
x15 <- 0x00E05FFF04044011

mem[X,0x0000000080000708] -> 0xB823
mem[X,0x000000008000070A] -> 0x00F0
[455] [M]: 0x0000000080000708 (0x00F0B823) sd a5, 0x10(ra)
mem[0x00000000800041A8] <- 0x00E05FFF04044011

mem[X,0x000000008000070C] -> 0xE9B7
mem[X,0x000000008000070E] -> 0x5555
[456] [M]: 0x000000008000070C (0x5555E9B7) lui s3, 0x5555e
x19 <- 0x000000005555E000

mem[X,0x0000000080000710] -> 0x8993
mem[X,0x0000000080000712] -> 0xFFF9
[457] [M]: 0x0000000080000710 (0xFFF98993) addi s3, s3, -0x1
x19 <- 0x000000005555DFFF

mem[X,0x0000000080000714] -> 0x9993
mem[X,0x0000000080000716] -> 0x00B9
[458] [M]: 0x0000000080000714 (0x00B99993) slli s3, s3, 0xb
x19 <- 0x000002AAAEFFF800

mem[X,0x0000000080000718] -> 0x8993
mem[X,0x000000008000071A] -> 0x7FB9
[459] [M]: 0x0000000080000718 (0x7FB98993) addi s3, s3, 0x7fb
x19 <- 0x000002AAAEFFFFFB

mem[X,0x000000008000071C] -> 0x9993
mem[X,0x000000008000071E] -> 0x00B9
[460] [M]: 0x000000008000071C (0x00B99993) slli s3, s3, 0xb
x19 <- 0x00155577FFFFD800

mem[X,0x0000000080000720] -> 0x8993
mem[X,0x0000000080000722] -> 0x7FF9
[461] [M]: 0x0000000080000720 (0x7FF98993) addi s3, s3, 0x7ff
x19 <- 0x00155577FFFFDFFF

mem[X,0x0000000080000724] -> 0x9993
mem[X,0x0000000080000726] -> 0x00A9
[462] [M]: 0x0000000080000724 (0x00A99993) slli s3, s3, 0xa
x19 <- 0x5555DFFFFF7FFC00

mem[X,0x0000000080000728] -> 0x8993
mem[X,0x000000008000072A] -> 0x3FE9
[463] [M]: 0x0000000080000728 (0x3FE98993) addi s3, s3, 0x3fe
x19 <- 0x5555DFFFFF7FFFFE

mem[X,0x000000008000072C] -> 0x0F37
mem[X,0x000000008000072E] -> 0xF7FF
[464] [M]: 0x000000008000072C (0xF7FF0F37) lui t5, -0x8010
x30 <- 0xFFFFFFFFF7FF0000

mem[X,0x0000000080000730] -> 0x0F13
mem[X,0x0000000080000732] -> 0x005F
[465] [M]: 0x0000000080000730 (0x005F0F13) addi t5, t5, 0x5
x30 <- 0xFFFFFFFFF7FF0005

mem[X,0x0000000080000734] -> 0x1F13
mem[X,0x0000000080000736] -> 0x00BF
[466] [M]: 0x0000000080000734 (0x00BF1F13) slli t5, t5, 0xb
x30 <- 0xFFFFFFBFF8002800

mem[X,0x0000000080000738] -> 0x0F13
mem[X,0x000000008000073A] -> 0x7FFF
[467] [M]: 0x0000000080000738 (0x7FFF0F13) addi t5, t5, 0x7ff
x30 <- 0xFFFFFFBFF8002FFF

mem[X,0x000000008000073C] -> 0x1F13
mem[X,0x000000008000073E] -> 0x00BF
[468] [M]: 0x000000008000073C (0x00BF1F13) slli t5, t5, 0xb
x30 <- 0xFFFDFFC0017FF800

mem[X,0x0000000080000740] -> 0x0F13
mem[X,0x0000000080000742] -> 0x7F0F
[469] [M]: 0x0000000080000740 (0x7F0F0F13) addi t5, t5, 0x7f0
x30 <- 0xFFFDFFC0017FFFF0

mem[X,0x0000000080000744] -> 0x1F13
mem[X,0x0000000080000746] -> 0x00AF
[470] [M]: 0x0000000080000744 (0x00AF1F13) slli t5, t5, 0xa
x30 <- 0xF7FF0005FFFFC000

mem[X,0x0000000080000748] -> 0x863B
mem[X,0x000000008000074A] -> 0xD1E9
[471] [M]: 0x0000000080000748 (0xD1E9863B) pssub.h a2, s3, t5
x12 <- 0x5D56DFFAFF803FFE

mem[X,0x000000008000074C] -> 0xBC23
mem[X,0x000000008000074E] -> 0x00C0
[472] [M]: 0x000000008000074C (0x00C0BC23) sd a2, 0x18(ra)
mem[0x00000000800041B0] <- 0x5D56DFFAFF803FFE

mem[X,0x0000000080000750] -> 0x04B7
mem[X,0x0000000080000752] -> 0x000A
[473] [M]: 0x0000000080000750 (0x000A04B7) lui s1, 0xa0
x9 <- 0x00000000000A0000

mem[X,0x0000000080000754] -> 0x8493
mem[X,0x0000000080000756] -> 0xDFF4
[474] [M]: 0x0000000080000754 (0xDFF48493) addi s1, s1, -0x201
x9 <- 0x000000000009FDFF

mem[X,0x0000000080000758] -> 0x9493
mem[X,0x000000008000075A] -> 0x00B4
[475] [M]: 0x0000000080000758 (0x00B49493) slli s1, s1, 0xb
x9 <- 0x000000004FEFF800

mem[X,0x000000008000075C] -> 0x8493
mem[X,0x000000008000075E] -> 0x7FD4
[476] [M]: 0x000000008000075C (0x7FD48493) addi s1, s1, 0x7fd
x9 <- 0x000000004FEFFFFD

mem[X,0x0000000080000760] -> 0x9493
mem[X,0x0000000080000762] -> 0x00B4
[477] [M]: 0x0000000080000760 (0x00B49493) slli s1, s1, 0xb
x9 <- 0x0000027F7FFFE800

mem[X,0x0000000080000764] -> 0x8493
mem[X,0x0000000080000766] -> 0x7FF4
[478] [M]: 0x0000000080000764 (0x7FF48493) addi s1, s1, 0x7ff
x9 <- 0x0000027F7FFFEFFF

mem[X,0x0000000080000768] -> 0x9493
mem[X,0x000000008000076A] -> 0x00A4
[479] [M]: 0x0000000080000768 (0x00A49493) slli s1, s1, 0xa
x9 <- 0x0009FDFFFFBFFC00

mem[X,0x000000008000076C] -> 0x8493
mem[X,0x000000008000076E] -> 0x3FD4
[480] [M]: 0x000000008000076C (0x3FD48493) addi s1, s1, 0x3fd
x9 <- 0x0009FDFFFFBFFFFD

mem[X,0x0000000080000770] -> 0x0D37
mem[X,0x0000000080000772] -> 0x0009
[481] [M]: 0x0000000080000770 (0x00090D37) lui s10, 0x90
x26 <- 0x0000000000090000

mem[X,0x0000000080000774] -> 0x0D13
mem[X,0x0000000080000776] -> 0xEFFD
[482] [M]: 0x0000000080000774 (0xEFFD0D13) addi s10, s10, -0x101
x26 <- 0x000000000008FEFF

mem[X,0x0000000080000778] -> 0x1D13
mem[X,0x000000008000077A] -> 0x00BD
[483] [M]: 0x0000000080000778 (0x00BD1D13) slli s10, s10, 0xb
x26 <- 0x0000000047F7F800

mem[X,0x000000008000077C] -> 0x0D13
mem[X,0x000000008000077E] -> 0x77FD
[484] [M]: 0x000000008000077C (0x77FD0D13) addi s10, s10, 0x77f
x26 <- 0x0000000047F7FF7F

mem[X,0x0000000080000780] -> 0x1D13
mem[X,0x0000000080000782] -> 0x00BD
[485] [M]: 0x0000000080000780 (0x00BD1D13) slli s10, s10, 0xb
x26 <- 0x0000023FBFFBF800

mem[X,0x0000000080000784] -> 0x0D13
mem[X,0x0000000080000786] -> 0x7FFD
[486] [M]: 0x0000000080000784 (0x7FFD0D13) addi s10, s10, 0x7ff
x26 <- 0x0000023FBFFBFFFF

mem[X,0x0000000080000788] -> 0x1D13
mem[X,0x000000008000078A] -> 0x00AD
[487] [M]: 0x0000000080000788 (0x00AD1D13) slli s10, s10, 0xa
x26 <- 0x0008FEFFEFFFFC00

mem[X,0x000000008000078C] -> 0x0D13
mem[X,0x000000008000078E] -> 0x3DFD
[488] [M]: 0x000000008000078C (0x3DFD0D13) addi s10, s10, 0x3df
x26 <- 0x0008FEFFEFFFFFDF

mem[X,0x0000000080000790] -> 0x8A3B
mem[X,0x0000000080000792] -> 0xD1A4
[489] [M]: 0x0000000080000790 (0xD1A48A3B) pssub.h s4, s1, s10
x20 <- 0x0001FF000FC0001E

mem[X,0x0000000080000794] -> 0xB023
mem[X,0x0000000080000796] -> 0x0340
[490] [M]: 0x0000000080000794 (0x0340B023) sd s4, 0x20(ra)
mem[0x00000000800041B8] <- 0x0001FF000FC0001E

mem[X,0x0000000080000798] -> 0x06B7
mem[X,0x000000008000079A] -> 0x0008
[491] [M]: 0x0000000080000798 (0x000806B7) lui a3, 0x80
x13 <- 0x0000000000080000

mem[X,0x000000008000079C] -> 0x8693
mem[X,0x000000008000079E] -> 0xEFF6
[492] [M]: 0x000000008000079C (0xEFF68693) addi a3, a3, -0x101
x13 <- 0x000000000007FEFF

mem[X,0x00000000800007A0] -> 0x9693
mem[X,0x00000000800007A2] -> 0x00B6
[493] [M]: 0x00000000800007A0 (0x00B69693) slli a3, a3, 0xb
x13 <- 0x000000003FF7F800

mem[X,0x00000000800007A4] -> 0x8693
mem[X,0x00000000800007A6] -> 0x7BF6
[494] [M]: 0x00000000800007A4 (0x7BF68693) addi a3, a3, 0x7bf
x13 <- 0x000000003FF7FFBF

mem[X,0x00000000800007A8] -> 0x9693
mem[X,0x00000000800007AA] -> 0x00B6
[495] [M]: 0x00000000800007A8 (0x00B69693) slli a3, a3, 0xb
x13 <- 0x000001FFBFFDF800

mem[X,0x00000000800007AC] -> 0x8693
mem[X,0x00000000800007AE] -> 0x7FF6
[496] [M]: 0x00000000800007AC (0x7FF68693) addi a3, a3, 0x7ff
x13 <- 0x000001FFBFFDFFFF

mem[X,0x00000000800007B0] -> 0x9693
mem[X,0x00000000800007B2] -> 0x00A6
[497] [M]: 0x00000000800007B0 (0x00A69693) slli a3, a3, 0xa
x13 <- 0x0007FEFFF7FFFC00

mem[X,0x00000000800007B4] -> 0x8693
mem[X,0x00000000800007B6] -> 0x3FB6
[498] [M]: 0x00000000800007B4 (0x3FB68693) addi a3, a3, 0x3fb
x13 <- 0x0007FEFFF7FFFFFB

mem[X,0x00000000800007B8] -> 0x0337
mem[X,0x00000000800007BA] -> 0xFEFF
[499] [M]: 0x00000000800007B8 (0xFEFF0337) lui t1, -0x1010
x6 <- 0xFFFFFFFFFEFF0000

clint::tick mtime <- 0x0000000000000005
 clint timer pending at mtime 0x0000000000000005
htif::tick 0x0000000000000000
mem[X,0x00000000800007BC] -> 0x0313
mem[X,0x00000000800007BE] -> 0x0803
[500] [M]: 0x00000000800007BC (0x08030313) addi t1, t1, 0x80
x6 <- 0xFFFFFFFFFEFF0080

mem[X,0x00000000800007C0] -> 0x1313
mem[X,0x00000000800007C2] -> 0x00B3
[501] [M]: 0x00000000800007C0 (0x00B31313) slli t1, t1, 0xb
x6 <- 0xFFFFFFF7F8040000

mem[X,0x00000000800007C4] -> 0x0313
mem[X,0x00000000800007C6] -> 0x2003
[502] [M]: 0x00000000800007C4 (0x20030313) addi t1, t1, 0x200
x6 <- 0xFFFFFFF7F8040200

mem[X,0x00000000800007C8] -> 0x1313
mem[X,0x00000000800007CA] -> 0x00B3
[503] [M]: 0x00000000800007C8 (0x00B31313) slli t1, t1, 0xb
x6 <- 0xFFFFBFC020100000

mem[X,0x00000000800007CC] -> 0x0313
mem[X,0x00000000800007CE] -> 0x03F3
[504] [M]: 0x00000000800007CC (0x03F30313) addi t1, t1, 0x3f
x6 <- 0xFFFFBFC02010003F

mem[X,0x00000000800007D0] -> 0x1313
mem[X,0x00000000800007D2] -> 0x00A3
[505] [M]: 0x00000000800007D0 (0x00A31313) slli t1, t1, 0xa
x6 <- 0xFEFF00804000FC00

mem[X,0x00000000800007D4] -> 0x0313
mem[X,0x00000000800007D6] -> 0x3FD3
[506] [M]: 0x00000000800007D4 (0x3FD30313) addi t1, t1, 0x3fd
x6 <- 0xFEFF00804000FFFD

mem[X,0x00000000800007D8] -> 0x8E3B
mem[X,0x00000000800007DA] -> 0xD066
[507] [M]: 0x00000000800007D8 (0xD0668E3B) pssub.h t3, a3, t1
x28 <- 0x0108FE7FB7FFFFFE

mem[X,0x00000000800007DC] -> 0xB423
mem[X,0x00000000800007DE] -> 0x03C0
[508] [M]: 0x00000000800007DC (0x03C0B423) sd t3, 0x28(ra)
mem[0x00000000800041C0] <- 0x0108FE7FB7FFFFFE

mem[X,0x00000000800007E0] -> 0x0A37
mem[X,0x00000000800007E2] -> 0xFFF8
[509] [M]: 0x00000000800007E0 (0xFFF80A37) lui s4, -0x80
x20 <- 0xFFFFFFFFFFF80000

mem[X,0x00000000800007E4] -> 0x0A13
mem[X,0x00000000800007E6] -> 0x005A
[510] [M]: 0x00000000800007E4 (0x005A0A13) addi s4, s4, 0x5
x20 <- 0xFFFFFFFFFFF80005

mem[X,0x00000000800007E8] -> 0x1A13
mem[X,0x00000000800007EA] -> 0x00BA
[511] [M]: 0x00000000800007E8 (0x00BA1A13) slli s4, s4, 0xb
x20 <- 0xFFFFFFFFC0002800

mem[X,0x00000000800007EC] -> 0x0A13
mem[X,0x00000000800007EE] -> 0x7FDA
[512] [M]: 0x00000000800007EC (0x7FDA0A13) addi s4, s4, 0x7fd
x20 <- 0xFFFFFFFFC0002FFD

mem[X,0x00000000800007F0] -> 0x1A13
mem[X,0x00000000800007F2] -> 0x00BA
[513] [M]: 0x00000000800007F0 (0x00BA1A13) slli s4, s4, 0xb
x20 <- 0xFFFFFE00017FE800

mem[X,0x00000000800007F4] -> 0x0A13
mem[X,0x00000000800007F6] -> 0x7FFA
[514] [M]: 0x00000000800007F4 (0x7FFA0A13) addi s4, s4, 0x7ff
x20 <- 0xFFFFFE00017FEFFF

mem[X,0x00000000800007F8] -> 0x1A13
mem[X,0x00000000800007FA] -> 0x00AA
[515] [M]: 0x00000000800007F8 (0x00AA1A13) slli s4, s4, 0xa
x20 <- 0xFFF80005FFBFFC00

mem[X,0x00000000800007FC] -> 0x0A13
mem[X,0x00000000800007FE] -> 0x3F7A
[516] [M]: 0x00000000800007FC (0x3F7A0A13) addi s4, s4, 0x3f7
x20 <- 0xFFF80005FFBFFFF7

mem[X,0x0000000080000800] -> 0x09B7
mem[X,0x0000000080000802] -> 0x3FFF
[517] [M]: 0x0000000080000800 (0x3FFF09B7) lui s3, 0x3fff0
x19 <- 0x000000003FFF0000

mem[X,0x0000000080000804] -> 0x8993
mem[X,0x0000000080000806] -> 0x0079
[518] [M]: 0x0000000080000804 (0x00798993) addi s3, s3, 0x7
x19 <- 0x000000003FFF0007

mem[X,0x0000000080000808] -> 0x9993
mem[X,0x000000008000080A] -> 0x00B9
[519] [M]: 0x0000000080000808 (0x00B99993) slli s3, s3, 0xb
x19 <- 0x000001FFF8003800

mem[X,0x000000008000080C] -> 0x8993
mem[X,0x000000008000080E] -> 0x0009
[520] [M]: 0x000000008000080C (0x00098993) addi s3, s3, 0x0
x19 <- 0x000001FFF8003800

mem[X,0x0000000080000810] -> 0x9993
mem[X,0x0000000080000812] -> 0x00B9
[521] [M]: 0x0000000080000810 (0x00B99993) slli s3, s3, 0xb
x19 <- 0x000FFFC001C00000

mem[X,0x0000000080000814] -> 0x8993
mem[X,0x0000000080000816] -> 0x2009
[522] [M]: 0x0000000080000814 (0x20098993) addi s3, s3, 0x200
x19 <- 0x000FFFC001C00200

mem[X,0x0000000080000818] -> 0x9993
mem[X,0x000000008000081A] -> 0x00A9
[523] [M]: 0x0000000080000818 (0x00A99993) slli s3, s3, 0xa
x19 <- 0x3FFF000700080000

mem[X,0x000000008000081C] -> 0x8993
mem[X,0x000000008000081E] -> 0x0019
[524] [M]: 0x000000008000081C (0x00198993) addi s3, s3, 0x1
x19 <- 0x3FFF000700080001

mem[X,0x0000000080000820] -> 0x023B
mem[X,0x0000000080000822] -> 0xD13A
[525] [M]: 0x0000000080000820 (0xD13A023B) pssub.h tp, s4, s3
x4 <- 0xBFF9FFFEFFB7FFF6

mem[X,0x0000000080000824] -> 0xB823
mem[X,0x0000000080000826] -> 0x0240
[526] [M]: 0x0000000080000824 (0x0240B823) sd tp, 0x30(ra)
mem[0x00000000800041C8] <- 0xBFF9FFFEFFB7FFF6

mem[X,0x0000000080000828] -> 0x0EB7
mem[X,0x000000008000082A] -> 0x0021
[527] [M]: 0x0000000080000828 (0x00210EB7) lui t4, 0x210
x29 <- 0x0000000000210000

mem[X,0x000000008000082C] -> 0x8E93
mem[X,0x000000008000082E] -> 0xEFFE
[528] [M]: 0x000000008000082C (0xEFFE8E93) addi t4, t4, -0x101
x29 <- 0x000000000020FEFF

mem[X,0x0000000080000830] -> 0x9E93
mem[X,0x0000000080000832] -> 0x00BE
[529] [M]: 0x0000000080000830 (0x00BE9E93) slli t4, t4, 0xb
x29 <- 0x0000000107F7F800

mem[X,0x0000000080000834] -> 0x8E93
mem[X,0x0000000080000836] -> 0x7EFE
[530] [M]: 0x0000000080000834 (0x7EFE8E93) addi t4, t4, 0x7ef
x29 <- 0x0000000107F7FFEF

mem[X,0x0000000080000838] -> 0x9E93
mem[X,0x000000008000083A] -> 0x00BE
[531] [M]: 0x0000000080000838 (0x00BE9E93) slli t4, t4, 0xb
x29 <- 0x0000083FBFFF7800

mem[X,0x000000008000083C] -> 0x8E93
mem[X,0x000000008000083E] -> 0x7FFE
[532] [M]: 0x000000008000083C (0x7FFE8E93) addi t4, t4, 0x7ff
x29 <- 0x0000083FBFFF7FFF

mem[X,0x0000000080000840] -> 0x9E93
mem[X,0x0000000080000842] -> 0x00AE
[533] [M]: 0x0000000080000840 (0x00AE9E93) slli t4, t4, 0xa
x29 <- 0x0020FEFFFDFFFC00

mem[X,0x0000000080000844] -> 0x8E93
mem[X,0x0000000080000846] -> 0x3EFE
[534] [M]: 0x0000000080000844 (0x3EFE8E93) addi t4, t4, 0x3ef
x29 <- 0x0020FEFFFDFFFFEF

mem[X,0x0000000080000848] -> 0x0DB7
mem[X,0x000000008000084A] -> 0xAAAA
[535] [M]: 0x0000000080000848 (0xAAAA0DB7) lui s11, -0x55560
x27 <- 0xFFFFFFFFAAAA0000

mem[X,0x000000008000084C] -> 0x8D93
mem[X,0x000000008000084E] -> 0x004D
[536] [M]: 0x000000008000084C (0x004D8D93) addi s11, s11, 0x4
x27 <- 0xFFFFFFFFAAAA0004

mem[X,0x0000000080000850] -> 0x9D93
mem[X,0x0000000080000852] -> 0x00BD
[537] [M]: 0x0000000080000850 (0x00BD9D93) slli s11, s11, 0xb
x27 <- 0xFFFFFD5550002000

mem[X,0x0000000080000854] -> 0x8D93
mem[X,0x0000000080000856] -> 0x080D
[538] [M]: 0x0000000080000854 (0x080D8D93) addi s11, s11, 0x80
x27 <- 0xFFFFFD5550002080

mem[X,0x0000000080000858] -> 0x9D93
mem[X,0x000000008000085A] -> 0x00BD
[539] [M]: 0x0000000080000858 (0x00BD9D93) slli s11, s11, 0xb
x27 <- 0xFFEAAA8001040000

mem[X,0x000000008000085C] -> 0x8D93
mem[X,0x000000008000085E] -> 0x000D
[540] [M]: 0x000000008000085C (0x000D8D93) addi s11, s11, 0x0
x27 <- 0xFFEAAA8001040000

mem[X,0x0000000080000860] -> 0x9D93
mem[X,0x0000000080000862] -> 0x00AD
[541] [M]: 0x0000000080000860 (0x00AD9D93) slli s11, s11, 0xa
x27 <- 0xAAAA000410000000

mem[X,0x0000000080000864] -> 0x8D93
mem[X,0x0000000080000866] -> 0x001D
[542] [M]: 0x0000000080000864 (0x001D8D93) addi s11, s11, 0x1
x27 <- 0xAAAA000410000001

mem[X,0x0000000080000868] -> 0x8D3B
mem[X,0x000000008000086A] -> 0xD1BE
[543] [M]: 0x0000000080000868 (0xD1BE8D3B) pssub.h s10, t4, s11
x26 <- 0x5576FEFBEDFFFFEE

mem[X,0x000000008000086C] -> 0xBC23
mem[X,0x000000008000086E] -> 0x03A0
[544] [M]: 0x000000008000086C (0x03A0BC23) sd s10, 0x38(ra)
mem[0x00000000800041D0] <- 0x5576FEFBEDFFFFEE

mem[X,0x0000000080000870] -> 0xCCB7
mem[X,0x0000000080000872] -> 0x0080
[545] [M]: 0x0000000080000870 (0x0080CCB7) lui s9, 0x80c
x25 <- 0x000000000080C000

mem[X,0x0000000080000874] -> 0x8C93
mem[X,0x0000000080000876] -> 0xFFFC
[546] [M]: 0x0000000080000874 (0xFFFC8C93) addi s9, s9, -0x1
x25 <- 0x000000000080BFFF

mem[X,0x0000000080000878] -> 0x9C93
mem[X,0x000000008000087A] -> 0x00BC
[547] [M]: 0x0000000080000878 (0x00BC9C93) slli s9, s9, 0xb
x25 <- 0x0000000405FFF800

mem[X,0x000000008000087C] -> 0x8C93
mem[X,0x000000008000087E] -> 0x77FC
[548] [M]: 0x000000008000087C (0x77FC8C93) addi s9, s9, 0x77f
x25 <- 0x0000000405FFFF7F

mem[X,0x0000000080000880] -> 0x9C93
mem[X,0x0000000080000882] -> 0x00BC
[549] [M]: 0x0000000080000880 (0x00BC9C93) slli s9, s9, 0xb
x25 <- 0x0000202FFFFBF800

mem[X,0x0000000080000884] -> 0x8C93
mem[X,0x0000000080000886] -> 0x7FFC
[550] [M]: 0x0000000080000884 (0x7FFC8C93) addi s9, s9, 0x7ff
x25 <- 0x0000202FFFFBFFFF

mem[X,0x0000000080000888] -> 0x9C93
mem[X,0x000000008000088A] -> 0x00AC
[551] [M]: 0x0000000080000888 (0x00AC9C93) slli s9, s9, 0xa
x25 <- 0x0080BFFFEFFFFC00

mem[X,0x000000008000088C] -> 0x8C93
mem[X,0x000000008000088E] -> 0x3DFC
[552] [M]: 0x000000008000088C (0x3DFC8C93) addi s9, s9, 0x3df
x25 <- 0x0080BFFFEFFFFFDF

mem[X,0x0000000080000890] -> 0x07B7
mem[X,0x0000000080000892] -> 0x0041
[553] [M]: 0x0000000080000890 (0x004107B7) lui a5, 0x410
x15 <- 0x0000000000410000

mem[X,0x0000000080000894] -> 0x8793
mem[X,0x0000000080000896] -> 0xF7F7
[554] [M]: 0x0000000080000894 (0xF7F78793) addi a5, a5, -0x81
x15 <- 0x000000000040FF7F

mem[X,0x0000000080000898] -> 0x9793
mem[X,0x000000008000089A] -> 0x00B7
[555] [M]: 0x0000000080000898 (0x00B79793) slli a5, a5, 0xb
x15 <- 0x0000000207FBF800

mem[X,0x000000008000089C] -> 0x8793
mem[X,0x000000008000089E] -> 0x7FF7
[556] [M]: 0x000000008000089C (0x7FF78793) addi a5, a5, 0x7ff
x15 <- 0x0000000207FBFFFF

mem[X,0x00000000800008A0] -> 0x9793
mem[X,0x00000000800008A2] -> 0x00B7
[557] [M]: 0x00000000800008A0 (0x00B79793) slli a5, a5, 0xb
x15 <- 0x0000103FDFFFF800

mem[X,0x00000000800008A4] -> 0x8793
mem[X,0x00000000800008A6] -> 0x7BF7
[558] [M]: 0x00000000800008A4 (0x7BF78793) addi a5, a5, 0x7bf
x15 <- 0x0000103FDFFFFFBF

mem[X,0x00000000800008A8] -> 0x9793
mem[X,0x00000000800008AA] -> 0x00A7
[559] [M]: 0x00000000800008A8 (0x00A79793) slli a5, a5, 0xa
x15 <- 0x0040FF7FFFFEFC00

mem[X,0x00000000800008AC] -> 0x8793
mem[X,0x00000000800008AE] -> 0x3F97
[560] [M]: 0x00000000800008AC (0x3F978793) addi a5, a5, 0x3f9
x15 <- 0x0040FF7FFFFEFFF9

mem[X,0x00000000800008B0] -> 0x8EBB
mem[X,0x00000000800008B2] -> 0xD0FC
[561] [M]: 0x00000000800008B0 (0xD0FC8EBB) pssub.h t4, s9, a5
x29 <- 0x0040C080F001FFE6

mem[X,0x00000000800008B4] -> 0xB023
mem[X,0x00000000800008B6] -> 0x05D0
[562] [M]: 0x00000000800008B4 (0x05D0B023) sd t4, 0x40(ra)
mem[0x00000000800041D8] <- 0x0040C080F001FFE6

mem[X,0x00000000800008B8] -> 0x0E37
mem[X,0x00000000800008BA] -> 0xFFF6
[563] [M]: 0x00000000800008B8 (0xFFF60E37) lui t3, -0xa0
x28 <- 0xFFFFFFFFFFF60000

mem[X,0x00000000800008BC] -> 0x0E13
mem[X,0x00000000800008BE] -> 0x020E
[564] [M]: 0x00000000800008BC (0x020E0E13) addi t3, t3, 0x20
x28 <- 0xFFFFFFFFFFF60020

mem[X,0x00000000800008C0] -> 0x1E13
mem[X,0x00000000800008C2] -> 0x00BE
[565] [M]: 0x00000000800008C0 (0x00BE1E13) slli t3, t3, 0xb
x28 <- 0xFFFFFFFFB0010000

mem[X,0x00000000800008C4] -> 0x0E13
mem[X,0x00000000800008C6] -> 0x002E
[566] [M]: 0x00000000800008C4 (0x002E0E13) addi t3, t3, 0x2
x28 <- 0xFFFFFFFFB0010002

mem[X,0x00000000800008C8] -> 0x1E13
mem[X,0x00000000800008CA] -> 0x00BE
[567] [M]: 0x00000000800008C8 (0x00BE1E13) slli t3, t3, 0xb
x28 <- 0xFFFFFD8008001000

mem[X,0x00000000800008CC] -> 0x0E13
mem[X,0x00000000800008CE] -> 0x03FE
[568] [M]: 0x00000000800008CC (0x03FE0E13) addi t3, t3, 0x3f
x28 <- 0xFFFFFD800800103F

mem[X,0x00000000800008D0] -> 0x1E13
mem[X,0x00000000800008D2] -> 0x00AE
[569] [M]: 0x00000000800008D0 (0x00AE1E13) slli t3, t3, 0xa
x28 <- 0xFFF600200040FC00

mem[X,0x00000000800008D4] -> 0x0E13
mem[X,0x00000000800008D6] -> 0x3BFE
[570] [M]: 0x00000000800008D4 (0x3BFE0E13) addi t3, t3, 0x3bf
x28 <- 0xFFF600200040FFBF

mem[X,0x00000000800008D8] -> 0x03B7
mem[X,0x00000000800008DA] -> 0x0004
[571] [M]: 0x00000000800008D8 (0x000403B7) lui t2, 0x40
x7 <- 0x0000000000040000

mem[X,0x00000000800008DC] -> 0x8393
mem[X,0x00000000800008DE] -> 0x0003
[572] [M]: 0x00000000800008DC (0x00038393) addi t2, t2, 0x0
x7 <- 0x0000000000040000

mem[X,0x00000000800008E0] -> 0x9393
mem[X,0x00000000800008E2] -> 0x00B3
[573] [M]: 0x00000000800008E0 (0x00B39393) slli t2, t2, 0xb
x7 <- 0x0000000020000000

mem[X,0x00000000800008E4] -> 0x8393
mem[X,0x00000000800008E6] -> 0x5FF3
[574] [M]: 0x00000000800008E4 (0x5FF38393) addi t2, t2, 0x5ff
x7 <- 0x00000000200005FF

mem[X,0x00000000800008E8] -> 0x9393
mem[X,0x00000000800008EA] -> 0x00B3
[575] [M]: 0x00000000800008E8 (0x00B39393) slli t2, t2, 0xb
x7 <- 0x00000100002FF800

mem[X,0x00000000800008EC] -> 0x8393
mem[X,0x00000000800008EE] -> 0x7C03
[576] [M]: 0x00000000800008EC (0x7C038393) addi t2, t2, 0x7c0
x7 <- 0x00000100002FFFC0

mem[X,0x00000000800008F0] -> 0x9393
mem[X,0x00000000800008F2] -> 0x00A3
[577] [M]: 0x00000000800008F0 (0x00A39393) slli t2, t2, 0xa
x7 <- 0x00040000BFFF0000

mem[X,0x00000000800008F4] -> 0x8393
mem[X,0x00000000800008F6] -> 0x0083
[578] [M]: 0x00000000800008F4 (0x00838393) addi t2, t2, 0x8
x7 <- 0x00040000BFFF0008

mem[X,0x00000000800008F8] -> 0x083B
mem[X,0x00000000800008FA] -> 0xD07E
[579] [M]: 0x00000000800008F8 (0xD07E083B) pssub.h a6, t3, t2
x16 <- 0xFFF200204041FFB7

mem[X,0x00000000800008FC] -> 0xB423
mem[X,0x00000000800008FE] -> 0x0500
[580] [M]: 0x00000000800008FC (0x0500B423) sd a6, 0x48(ra)
mem[0x00000000800041E0] <- 0xFFF200204041FFB7

mem[X,0x0000000080000900] -> 0x0637
mem[X,0x0000000080000902] -> 0x0009
[581] [M]: 0x0000000080000900 (0x00090637) lui a2, 0x90
x12 <- 0x0000000000090000

mem[X,0x0000000080000904] -> 0x0613
mem[X,0x0000000080000906] -> 0xFFC6
[582] [M]: 0x0000000080000904 (0xFFC60613) addi a2, a2, -0x4
x12 <- 0x000000000008FFFC

mem[X,0x0000000080000908] -> 0x1613
mem[X,0x000000008000090A] -> 0x00B6
[583] [M]: 0x0000000080000908 (0x00B61613) slli a2, a2, 0xb
x12 <- 0x0000000047FFE000

mem[X,0x000000008000090C] -> 0x0613
mem[X,0x000000008000090E] -> 0x2006
[584] [M]: 0x000000008000090C (0x20060613) addi a2, a2, 0x200
x12 <- 0x0000000047FFE200

mem[X,0x0000000080000910] -> 0x1613
mem[X,0x0000000080000912] -> 0x00B6
[585] [M]: 0x0000000080000910 (0x00B61613) slli a2, a2, 0xb
x12 <- 0x0000023FFF100000

mem[X,0x0000000080000914] -> 0x0613
mem[X,0x0000000080000916] -> 0x03F6
[586] [M]: 0x0000000080000914 (0x03F60613) addi a2, a2, 0x3f
x12 <- 0x0000023FFF10003F

mem[X,0x0000000080000918] -> 0x1613
mem[X,0x000000008000091A] -> 0x00A6
[587] [M]: 0x0000000080000918 (0x00A61613) slli a2, a2, 0xa
x12 <- 0x0008FFFC4000FC00

mem[X,0x000000008000091C] -> 0x0613
mem[X,0x000000008000091E] -> 0x37F6
[588] [M]: 0x000000008000091C (0x37F60613) addi a2, a2, 0x37f
x12 <- 0x0008FFFC4000FF7F

mem[X,0x0000000080000920] -> 0x0037
mem[X,0x0000000080000922] -> 0xFFFA
[589] [M]: 0x0000000080000920 (0xFFFA0037) lui zero, -0x60

mem[X,0x0000000080000924] -> 0x0013
mem[X,0x0000000080000926] -> 0x0200
[590] [M]: 0x0000000080000924 (0x02000013) addi zero, zero, 0x20

mem[X,0x0000000080000928] -> 0x1013
mem[X,0x000000008000092A] -> 0x00B0
[591] [M]: 0x0000000080000928 (0x00B01013) slli zero, zero, 0xb

mem[X,0x000000008000092C] -> 0x0013
mem[X,0x000000008000092E] -> 0x7FB0
[592] [M]: 0x000000008000092C (0x7FB00013) addi zero, zero, 0x7fb

mem[X,0x0000000080000930] -> 0x1013
mem[X,0x0000000080000932] -> 0x00B0
[593] [M]: 0x0000000080000930 (0x00B01013) slli zero, zero, 0xb

mem[X,0x0000000080000934] -> 0x0013
mem[X,0x0000000080000936] -> 0x7C00
[594] [M]: 0x0000000080000934 (0x7C000013) addi zero, zero, 0x7c0

mem[X,0x0000000080000938] -> 0x1013
mem[X,0x000000008000093A] -> 0x00A0
[595] [M]: 0x0000000080000938 (0x00A01013) slli zero, zero, 0xa

mem[X,0x000000008000093C] -> 0x0DBB
mem[X,0x000000008000093E] -> 0xD006
[596] [M]: 0x000000008000093C (0xD0060DBB) pssub.h s11, a2, zero
x27 <- 0x0008FFFC4000FF7F

mem[X,0x0000000080000940] -> 0xB823
mem[X,0x0000000080000942] -> 0x05B0
[597] [M]: 0x0000000080000940 (0x05B0B823) sd s11, 0x50(ra)
mem[0x00000000800041E8] <- 0x0008FFFC4000FF7F

mem[X,0x0000000080000944] -> 0x0B37
mem[X,0x0000000080000946] -> 0xDFFF
[598] [M]: 0x0000000080000944 (0xDFFF0B37) lui s6, -0x20010
x22 <- 0xFFFFFFFFDFFF0000

mem[X,0x0000000080000948] -> 0x0B13
mem[X,0x000000008000094A] -> 0x003B
[599] [M]: 0x0000000080000948 (0x003B0B13) addi s6, s6, 0x3
x22 <- 0xFFFFFFFFDFFF0003

clint::tick mtime <- 0x0000000000000006
 clint timer pending at mtime 0x0000000000000006
htif::tick 0x0000000000000000
mem[X,0x000000008000094C] -> 0x1B13
mem[X,0x000000008000094E] -> 0x00BB
[600] [M]: 0x000000008000094C (0x00BB1B13) slli s6, s6, 0xb
x22 <- 0xFFFFFEFFF8001800

mem[X,0x0000000080000950] -> 0x0B13
mem[X,0x0000000080000952] -> 0x000B
[601] [M]: 0x0000000080000950 (0x000B0B13) addi s6, s6, 0x0
x22 <- 0xFFFFFEFFF8001800

mem[X,0x0000000080000954] -> 0x1B13
mem[X,0x0000000080000956] -> 0x00BB
[602] [M]: 0x0000000080000954 (0x00BB1B13) slli s6, s6, 0xb
x22 <- 0xFFF7FFC000C00000

mem[X,0x0000000080000958] -> 0x0B13
mem[X,0x000000008000095A] -> 0x23FB
[603] [M]: 0x0000000080000958 (0x23FB0B13) addi s6, s6, 0x23f
x22 <- 0xFFF7FFC000C0023F

mem[X,0x000000008000095C] -> 0x1B13
mem[X,0x000000008000095E] -> 0x00AB
[604] [M]: 0x000000008000095C (0x00AB1B13) slli s6, s6, 0xa
x22 <- 0xDFFF00030008FC00

mem[X,0x0000000080000960] -> 0x0B13
mem[X,0x0000000080000962] -> 0x2FFB
[605] [M]: 0x0000000080000960 (0x2FFB0B13) addi s6, s6, 0x2ff
x22 <- 0xDFFF00030008FEFF

mem[X,0x0000000080000964] -> 0x0AB7
mem[X,0x0000000080000966] -> 0x0009
[606] [M]: 0x0000000080000964 (0x00090AB7) lui s5, 0x90
x21 <- 0x0000000000090000

mem[X,0x0000000080000968] -> 0x8A93
mem[X,0x000000008000096A] -> 0xFF8A
[607] [M]: 0x0000000080000968 (0xFF8A8A93) addi s5, s5, -0x8
x21 <- 0x000000000008FFF8

mem[X,0x000000008000096C] -> 0x9A93
mem[X,0x000000008000096E] -> 0x00BA
[608] [M]: 0x000000008000096C (0x00BA9A93) slli s5, s5, 0xb
x21 <- 0x0000000047FFC000

mem[X,0x0000000080000970] -> 0x8A93
mem[X,0x0000000080000972] -> 0x000A
[609] [M]: 0x0000000080000970 (0x000A8A93) addi s5, s5, 0x0
x21 <- 0x0000000047FFC000

mem[X,0x0000000080000974] -> 0x9A93
mem[X,0x0000000080000976] -> 0x00BA
[610] [M]: 0x0000000080000974 (0x00BA9A93) slli s5, s5, 0xb
x21 <- 0x0000023FFE000000

mem[X,0x0000000080000978] -> 0x8A93
mem[X,0x000000008000097A] -> 0x204A
[611] [M]: 0x0000000080000978 (0x204A8A93) addi s5, s5, 0x204
x21 <- 0x0000023FFE000204

mem[X,0x000000008000097C] -> 0x9A93
mem[X,0x000000008000097E] -> 0x00AA
[612] [M]: 0x000000008000097C (0x00AA9A93) slli s5, s5, 0xa
x21 <- 0x0008FFF800081000

mem[X,0x0000000080000980] -> 0x053B
mem[X,0x0000000080000982] -> 0xD15B
[613] [M]: 0x0000000080000980 (0xD15B053B) pssub.h a0, s6, s5
x10 <- 0xDFF7000B0000EEFF

mem[X,0x0000000080000984] -> 0xBC23
mem[X,0x0000000080000986] -> 0x04A0
[614] [M]: 0x0000000080000984 (0x04A0BC23) sd a0, 0x58(ra)
mem[0x00000000800041F0] <- 0xDFF7000B0000EEFF

mem[X,0x0000000080000988] -> 0x8C37
mem[X,0x000000008000098A] -> 0x0007
[615] [M]: 0x0000000080000988 (0x00078C37) lui s8, 0x78
x24 <- 0x0000000000078000

mem[X,0x000000008000098C] -> 0x0C13
mem[X,0x000000008000098E] -> 0xFFFC
[616] [M]: 0x000000008000098C (0xFFFC0C13) addi s8, s8, -0x1
x24 <- 0x0000000000077FFF

mem[X,0x0000000080000990] -> 0x1C13
mem[X,0x0000000080000992] -> 0x00BC
[617] [M]: 0x0000000080000990 (0x00BC1C13) slli s8, s8, 0xb
x24 <- 0x000000003BFFF800

mem[X,0x0000000080000994] -> 0x0C13
mem[X,0x0000000080000996] -> 0x7FEC
[618] [M]: 0x0000000080000994 (0x7FEC0C13) addi s8, s8, 0x7fe
x24 <- 0x000000003BFFFFFE

mem[X,0x0000000080000998] -> 0x1C13
mem[X,0x000000008000099A] -> 0x00BC
[619] [M]: 0x0000000080000998 (0x00BC1C13) slli s8, s8, 0xb
x24 <- 0x000001DFFFFFF000

mem[X,0x000000008000099C] -> 0x0C13
mem[X,0x000000008000099E] -> 0x7FFC
[620] [M]: 0x000000008000099C (0x7FFC0C13) addi s8, s8, 0x7ff
x24 <- 0x000001DFFFFFF7FF

mem[X,0x00000000800009A0] -> 0x1C13
mem[X,0x00000000800009A2] -> 0x00AC
[621] [M]: 0x00000000800009A0 (0x00AC1C13) slli s8, s8, 0xa
x24 <- 0x00077FFFFFDFFC00

mem[X,0x00000000800009A4] -> 0x0C13
mem[X,0x00000000800009A6] -> 0x1FFC
[622] [M]: 0x00000000800009A4 (0x1FFC0C13) addi s8, s8, 0x1ff
x24 <- 0x00077FFFFFDFFDFF

mem[X,0x00000000800009A8] -> 0x0BB7
mem[X,0x00000000800009AA] -> 0xE000
[623] [M]: 0x00000000800009A8 (0xE0000BB7) lui s7, -0x20000
x23 <- 0xFFFFFFFFE0000000

mem[X,0x00000000800009AC] -> 0x8B93
mem[X,0x00000000800009AE] -> 0xFBFB
[624] [M]: 0x00000000800009AC (0xFBFB8B93) addi s7, s7, -0x41
x23 <- 0xFFFFFFFFDFFFFFBF

mem[X,0x00000000800009B0] -> 0x9B93
mem[X,0x00000000800009B2] -> 0x00BB
[625] [M]: 0x00000000800009B0 (0x00BB9B93) slli s7, s7, 0xb
x23 <- 0xFFFFFEFFFFFDF800

mem[X,0x00000000800009B4] -> 0x8B93
mem[X,0x00000000800009B6] -> 0x000B
[626] [M]: 0x00000000800009B4 (0x000B8B93) addi s7, s7, 0x0
x23 <- 0xFFFFFEFFFFFDF800

mem[X,0x00000000800009B8] -> 0x9B93
mem[X,0x00000000800009BA] -> 0x00BB
[627] [M]: 0x00000000800009B8 (0x00BB9B93) slli s7, s7, 0xb
x23 <- 0xFFF7FFFFEFC00000

mem[X,0x00000000800009BC] -> 0x8B93
mem[X,0x00000000800009BE] -> 0x27FB
[628] [M]: 0x00000000800009BC (0x27FB8B93) addi s7, s7, 0x27f
x23 <- 0xFFF7FFFFEFC0027F

mem[X,0x00000000800009C0] -> 0x9B93
mem[X,0x00000000800009C2] -> 0x00AB
[629] [M]: 0x00000000800009C0 (0x00AB9B93) slli s7, s7, 0xa
x23 <- 0xDFFFFFBF0009FC00

mem[X,0x00000000800009C4] -> 0x8B93
mem[X,0x00000000800009C6] -> 0x37FB
[630] [M]: 0x00000000800009C4 (0x37FB8B93) addi s7, s7, 0x37f
x23 <- 0xDFFFFFBF0009FF7F

mem[X,0x00000000800009C8] -> 0x06BB
mem[X,0x00000000800009CA] -> 0xD17C
[631] [M]: 0x00000000800009C8 (0xD17C06BB) pssub.h a3, s8, s7
x13 <- 0x20087FFFFFD6FE80

mem[X,0x00000000800009CC] -> 0xB023
mem[X,0x00000000800009CE] -> 0x06D0
[632] [M]: 0x00000000800009CC (0x06D0B023) sd a3, 0x60(ra)
mem[0x00000000800041F8] <- 0x20087FFFFFD6FE80

mem[X,0x00000000800009D0] -> 0x01B7
mem[X,0x00000000800009D2] -> 0xFFFD
[633] [M]: 0x00000000800009D0 (0xFFFD01B7) lui gp, -0x30
x3 <- 0xFFFFFFFFFFFD0000

mem[X,0x00000000800009D4] -> 0x8193
mem[X,0x00000000800009D6] -> 0x0011
[634] [M]: 0x00000000800009D4 (0x00118193) addi gp, gp, 0x1
x3 <- 0xFFFFFFFFFFFD0001

mem[X,0x00000000800009D8] -> 0x9193
mem[X,0x00000000800009DA] -> 0x00B1
[635] [M]: 0x00000000800009D8 (0x00B19193) slli gp, gp, 0xb
x3 <- 0xFFFFFFFFE8000800

mem[X,0x00000000800009DC] -> 0x8193
mem[X,0x00000000800009DE] -> 0x7FD1
[636] [M]: 0x00000000800009DC (0x7FD18193) addi gp, gp, 0x7fd
x3 <- 0xFFFFFFFFE8000FFD

mem[X,0x00000000800009E0] -> 0x9193
mem[X,0x00000000800009E2] -> 0x00B1
[637] [M]: 0x00000000800009E0 (0x00B19193) slli gp, gp, 0xb
x3 <- 0xFFFFFF40007FE800

mem[X,0x00000000800009E4] -> 0x8193
mem[X,0x00000000800009E6] -> 0x7FE1
[638] [M]: 0x00000000800009E4 (0x7FE18193) addi gp, gp, 0x7fe
x3 <- 0xFFFFFF40007FEFFE

mem[X,0x00000000800009E8] -> 0x9193
mem[X,0x00000000800009EA] -> 0x00A1
[639] [M]: 0x00000000800009E8 (0x00A19193) slli gp, gp, 0xa
x3 <- 0xFFFD0001FFBFF800

mem[X,0x00000000800009EC] -> 0x8193
mem[X,0x00000000800009EE] -> 0x3FF1
[640] [M]: 0x00000000800009EC (0x3FF18193) addi gp, gp, 0x3ff
x3 <- 0xFFFD0001FFBFFBFF

mem[X,0x00000000800009F0] -> 0xFA37
mem[X,0x00000000800009F2] -> 0x5555
[641] [M]: 0x00000000800009F0 (0x5555FA37) lui s4, 0x5555f
x20 <- 0x000000005555F000

mem[X,0x00000000800009F4] -> 0x0A13
mem[X,0x00000000800009F6] -> 0xFFFA
[642] [M]: 0x00000000800009F4 (0xFFFA0A13) addi s4, s4, -0x1
x20 <- 0x000000005555EFFF

mem[X,0x00000000800009F8] -> 0x1A13
mem[X,0x00000000800009FA] -> 0x00BA
[643] [M]: 0x00000000800009F8 (0x00BA1A13) slli s4, s4, 0xb
x20 <- 0x000002AAAF7FF800

mem[X,0x00000000800009FC] -> 0x0A13
mem[X,0x00000000800009FE] -> 0x040A
[644] [M]: 0x00000000800009FC (0x040A0A13) addi s4, s4, 0x40
x20 <- 0x000002AAAF7FF840

mem[X,0x0000000080000A00] -> 0x1A13
mem[X,0x0000000080000A02] -> 0x00BA
[645] [M]: 0x0000000080000A00 (0x00BA1A13) slli s4, s4, 0xb
x20 <- 0x0015557BFFC20000

mem[X,0x0000000080000A04] -> 0x0A13
mem[X,0x0000000080000A06] -> 0x02FA
[646] [M]: 0x0000000080000A04 (0x02FA0A13) addi s4, s4, 0x2f
x20 <- 0x0015557BFFC2002F

mem[X,0x0000000080000A08] -> 0x1A13
mem[X,0x0000000080000A0A] -> 0x00AA
[647] [M]: 0x0000000080000A08 (0x00AA1A13) slli s4, s4, 0xa
x20 <- 0x5555EFFF0800BC00

mem[X,0x0000000080000A0C] -> 0x0A13
mem[X,0x0000000080000A0E] -> 0x3FFA
[648] [M]: 0x0000000080000A0C (0x3FFA0A13) addi s4, s4, 0x3ff
x20 <- 0x5555EFFF0800BFFF

mem[X,0x0000000080000A10] -> 0x8B3B
mem[X,0x0000000080000A12] -> 0xD141
[649] [M]: 0x0000000080000A10 (0xD1418B3B) pssub.h s6, gp, s4
x22 <- 0xAAA81002F7BF3C00

mem[X,0x0000000080000A14] -> 0xB423
mem[X,0x0000000080000A16] -> 0x0760
[650] [M]: 0x0000000080000A14 (0x0760B423) sd s6, 0x68(ra)
mem[0x0000000080004200] <- 0xAAA81002F7BF3C00

mem[X,0x0000000080000A18] -> 0x17B7
mem[X,0x0000000080000A1A] -> 0x0005
[651] [M]: 0x0000000080000A18 (0x000517B7) lui a5, 0x51
x15 <- 0x0000000000051000

mem[X,0x0000000080000A1C] -> 0x8793
mem[X,0x0000000080000A1E] -> 0x8007
[652] [M]: 0x0000000080000A1C (0x80078793) addi a5, a5, -0x800
x15 <- 0x0000000000050800

mem[X,0x0000000080000A20] -> 0x9793
mem[X,0x0000000080000A22] -> 0x00B7
[653] [M]: 0x0000000080000A20 (0x00B79793) slli a5, a5, 0xb
x15 <- 0x0000000028400000

mem[X,0x0000000080000A24] -> 0x8793
mem[X,0x0000000080000A26] -> 0x7FF7
[654] [M]: 0x0000000080000A24 (0x7FF78793) addi a5, a5, 0x7ff
x15 <- 0x00000000284007FF

mem[X,0x0000000080000A28] -> 0x9793
mem[X,0x0000000080000A2A] -> 0x00B7
[655] [M]: 0x0000000080000A28 (0x00B79793) slli a5, a5, 0xb
x15 <- 0x00000142003FF800

mem[X,0x0000000080000A2C] -> 0x8793
mem[X,0x0000000080000A2E] -> 0x73D7
[656] [M]: 0x0000000080000A2C (0x73D78793) addi a5, a5, 0x73d
x15 <- 0x00000142003FFF3D

mem[X,0x0000000080000A30] -> 0x9793
mem[X,0x0000000080000A32] -> 0x00A7
[657] [M]: 0x0000000080000A30 (0x00A79793) slli a5, a5, 0xa
x15 <- 0x00050800FFFCF400

mem[X,0x0000000080000A34] -> 0x8793
mem[X,0x0000000080000A36] -> 0x3FF7
[658] [M]: 0x0000000080000A34 (0x3FF78793) addi a5, a5, 0x3ff
x15 <- 0x00050800FFFCF7FF

mem[X,0x0000000080000A38] -> 0x0837
mem[X,0x0000000080000A3A] -> 0x0008
[659] [M]: 0x0000000080000A38 (0x00080837) lui a6, 0x80
x16 <- 0x0000000000080000

mem[X,0x0000000080000A3C] -> 0x0813
mem[X,0x0000000080000A3E] -> 0x0078
[660] [M]: 0x0000000080000A3C (0x00780813) addi a6, a6, 0x7
x16 <- 0x0000000000080007

mem[X,0x0000000080000A40] -> 0x1813
mem[X,0x0000000080000A42] -> 0x00B8
[661] [M]: 0x0000000080000A40 (0x00B81813) slli a6, a6, 0xb
x16 <- 0x0000000040003800

mem[X,0x0000000080000A44] -> 0x0813
mem[X,0x0000000080000A46] -> 0x7FF8
[662] [M]: 0x0000000080000A44 (0x7FF80813) addi a6, a6, 0x7ff
x16 <- 0x0000000040003FFF

mem[X,0x0000000080000A48] -> 0x1813
mem[X,0x0000000080000A4A] -> 0x00B8
[663] [M]: 0x0000000080000A48 (0x00B81813) slli a6, a6, 0xb
x16 <- 0x0000020001FFF800

mem[X,0x0000000080000A4C] -> 0x0813
mem[X,0x0000000080000A4E] -> 0x6FB8
[664] [M]: 0x0000000080000A4C (0x6FB80813) addi a6, a6, 0x6fb
x16 <- 0x0000020001FFFEFB

mem[X,0x0000000080000A50] -> 0x1813
mem[X,0x0000000080000A52] -> 0x00A8
[665] [M]: 0x0000000080000A50 (0x00A81813) slli a6, a6, 0xa
x16 <- 0x00080007FFFBEC00

mem[X,0x0000000080000A54] -> 0x0813
mem[X,0x0000000080000A56] -> 0x3FF8
[666] [M]: 0x0000000080000A54 (0x3FF80813) addi a6, a6, 0x3ff
x16 <- 0x00080007FFFBEFFF

mem[X,0x0000000080000A58] -> 0x88BB
mem[X,0x0000000080000A5A] -> 0xD107
[667] [M]: 0x0000000080000A58 (0xD10788BB) pssub.h a7, a5, a6
x17 <- 0xFFFD07F900010800

mem[X,0x0000000080000A5C] -> 0xB823
mem[X,0x0000000080000A5E] -> 0x0710
[668] [M]: 0x0000000080000A5C (0x0710B823) sd a7, 0x70(ra)
mem[0x0000000080004208] <- 0xFFFD07F900010800

mem[X,0x0000000080000A60] -> 0x3097
mem[X,0x0000000080000A62] -> 0x0000
[669] [M]: 0x0000000080000A60 (0x00003097) auipc ra, 0x3
x1 <- 0x0000000080003A60

mem[X,0x0000000080000A64] -> 0x8093
mem[X,0x0000000080000A66] -> 0x7B00
[670] [M]: 0x0000000080000A64 (0x7B008093) addi ra, ra, 0x7b0
x1 <- 0x0000000080004210

mem[X,0x0000000080000A68] -> 0x0013
mem[X,0x0000000080000A6A] -> 0x0000
[671] [M]: 0x0000000080000A68 (0x00000013) addi zero, zero, 0x0

mem[X,0x0000000080000A6C] -> 0x0013
mem[X,0x0000000080000A6E] -> 0x0000
[672] [M]: 0x0000000080000A6C (0x00000013) addi zero, zero, 0x0

mem[X,0x0000000080000A70] -> 0x0013
mem[X,0x0000000080000A72] -> 0x0000
[673] [M]: 0x0000000080000A70 (0x00000013) addi zero, zero, 0x0

mem[X,0x0000000080000A74] -> 0x0013
mem[X,0x0000000080000A76] -> 0x0000
[674] [M]: 0x0000000080000A74 (0x00000013) addi zero, zero, 0x0

mem[X,0x0000000080000A78] -> 0x0013
mem[X,0x0000000080000A7A] -> 0x0000
[675] [M]: 0x0000000080000A78 (0x00000013) addi zero, zero, 0x0

mem[X,0x0000000080000A7C] -> 0x0013
mem[X,0x0000000080000A7E] -> 0x0000
[676] [M]: 0x0000000080000A7C (0x00000013) addi zero, zero, 0x0

mem[X,0x0000000080000A80] -> 0x0937
mem[X,0x0000000080000A82] -> 0x0005
[677] [M]: 0x0000000080000A80 (0x00050937) lui s2, 0x50
x18 <- 0x0000000000050000

mem[X,0x0000000080000A84] -> 0x0913
mem[X,0x0000000080000A86] -> 0x0809
[678] [M]: 0x0000000080000A84 (0x08090913) addi s2, s2, 0x80
x18 <- 0x0000000000050080

mem[X,0x0000000080000A88] -> 0x1913
mem[X,0x0000000080000A8A] -> 0x00B9
[679] [M]: 0x0000000080000A88 (0x00B91913) slli s2, s2, 0xb
x18 <- 0x0000000028040000

mem[X,0x0000000080000A8C] -> 0x0913
mem[X,0x0000000080000A8E] -> 0x0009
[680] [M]: 0x0000000080000A8C (0x00090913) addi s2, s2, 0x0
x18 <- 0x0000000028040000

mem[X,0x0000000080000A90] -> 0x1913
mem[X,0x0000000080000A92] -> 0x00B9
[681] [M]: 0x0000000080000A90 (0x00B91913) slli s2, s2, 0xb
x18 <- 0x0000014020000000

mem[X,0x0000000080000A94] -> 0x0913
mem[X,0x0000000080000A96] -> 0x23B9
[682] [M]: 0x0000000080000A94 (0x23B90913) addi s2, s2, 0x23b
x18 <- 0x000001402000023B

mem[X,0x0000000080000A98] -> 0x1913
mem[X,0x0000000080000A9A] -> 0x00A9
[683] [M]: 0x0000000080000A98 (0x00A91913) slli s2, s2, 0xa
x18 <- 0x000500800008EC00

mem[X,0x0000000080000A9C] -> 0x0913
mem[X,0x0000000080000A9E] -> 0x3FF9
[684] [M]: 0x0000000080000A9C (0x3FF90913) addi s2, s2, 0x3ff
x18 <- 0x000500800008EFFF

mem[X,0x0000000080000AA0] -> 0xF637
mem[X,0x0000000080000AA2] -> 0x0007
[685] [M]: 0x0000000080000AA0 (0x0007F637) lui a2, 0x7f
x12 <- 0x000000000007F000

mem[X,0x0000000080000AA4] -> 0x0613
mem[X,0x0000000080000AA6] -> 0x7FF6
[686] [M]: 0x0000000080000AA4 (0x7FF60613) addi a2, a2, 0x7ff
x12 <- 0x000000000007F7FF

mem[X,0x0000000080000AA8] -> 0x1613
mem[X,0x0000000080000AAA] -> 0x00B6
[687] [M]: 0x0000000080000AA8 (0x00B61613) slli a2, a2, 0xb
x12 <- 0x000000003FBFF800

mem[X,0x0000000080000AAC] -> 0x0613
mem[X,0x0000000080000AAE] -> 0x7FD6
[688] [M]: 0x0000000080000AAC (0x7FD60613) addi a2, a2, 0x7fd
x12 <- 0x000000003FBFFFFD

mem[X,0x0000000080000AB0] -> 0x1613
mem[X,0x0000000080000AB2] -> 0x00B6
[689] [M]: 0x0000000080000AB0 (0x00B61613) slli a2, a2, 0xb
x12 <- 0x000001FDFFFFE800

mem[X,0x0000000080000AB4] -> 0x0613
mem[X,0x0000000080000AB6] -> 0x7FF6
[690] [M]: 0x0000000080000AB4 (0x7FF60613) addi a2, a2, 0x7ff
x12 <- 0x000001FDFFFFEFFF

mem[X,0x0000000080000AB8] -> 0x1613
mem[X,0x0000000080000ABA] -> 0x00A6
[691] [M]: 0x0000000080000AB8 (0x00A61613) slli a2, a2, 0xa
x12 <- 0x0007F7FFFFBFFC00

mem[X,0x0000000080000ABC] -> 0x0613
mem[X,0x0000000080000ABE] -> 0x3EF6
[692] [M]: 0x0000000080000ABC (0x3EF60613) addi a2, a2, 0x3ef
x12 <- 0x0007F7FFFFBFFFEF

mem[X,0x0000000080000AC0] -> 0x03BB
mem[X,0x0000000080000AC2] -> 0xD0C9
[693] [M]: 0x0000000080000AC0 (0xD0C903BB) pssub.h t2, s2, a2
x7 <- 0xFFFE08810049F010

mem[X,0x0000000080000AC4] -> 0xB023
mem[X,0x0000000080000AC6] -> 0x0070
[694] [M]: 0x0000000080000AC4 (0x0070B023) sd t2, 0x0(ra)
mem[0x0000000080004210] <- 0xFFFE08810049F010

mem[X,0x0000000080000AC8] -> 0x0F37
mem[X,0x0000000080000ACA] -> 0xFFF0
[695] [M]: 0x0000000080000AC8 (0xFFF00F37) lui t5, -0x100
x30 <- 0xFFFFFFFFFFF00000

mem[X,0x0000000080000ACC] -> 0x0F13
mem[X,0x0000000080000ACE] -> 0xFFEF
[696] [M]: 0x0000000080000ACC (0xFFEF0F13) addi t5, t5, -0x2
x30 <- 0xFFFFFFFFFFEFFFFE

mem[X,0x0000000080000AD0] -> 0x1F13
mem[X,0x0000000080000AD2] -> 0x00BF
[697] [M]: 0x0000000080000AD0 (0x00BF1F13) slli t5, t5, 0xb
x30 <- 0xFFFFFFFF7FFFF000

mem[X,0x0000000080000AD4] -> 0x0F13
mem[X,0x0000000080000AD6] -> 0x000F
[698] [M]: 0x0000000080000AD4 (0x000F0F13) addi t5, t5, 0x0
x30 <- 0xFFFFFFFF7FFFF000

mem[X,0x0000000080000AD8] -> 0x1F13
mem[X,0x0000000080000ADA] -> 0x00BF
[699] [M]: 0x0000000080000AD8 (0x00BF1F13) slli t5, t5, 0xb
x30 <- 0xFFFFFBFFFF800000

clint::tick mtime <- 0x0000000000000007
 clint timer pending at mtime 0x0000000000000007
htif::tick 0x0000000000000000
mem[X,0x0000000080000ADC] -> 0x0F13
mem[X,0x0000000080000ADE] -> 0x177F
[700] [M]: 0x0000000080000ADC (0x177F0F13) addi t5, t5, 0x177
x30 <- 0xFFFFFBFFFF800177

mem[X,0x0000000080000AE0] -> 0x1F13
mem[X,0x0000000080000AE2] -> 0x00AF
[701] [M]: 0x0000000080000AE0 (0x00AF1F13) slli t5, t5, 0xa
x30 <- 0xFFEFFFFE0005DC00

mem[X,0x0000000080000AE4] -> 0x0F13
mem[X,0x0000000080000AE6] -> 0x3FFF
[702] [M]: 0x0000000080000AE4 (0x3FFF0F13) addi t5, t5, 0x3ff
x30 <- 0xFFEFFFFE0005DFFF

mem[X,0x0000000080000AE8] -> 0x0EB7
mem[X,0x0000000080000AEA] -> 0xFFFE
[703] [M]: 0x0000000080000AE8 (0xFFFE0EB7) lui t4, -0x20
x29 <- 0xFFFFFFFFFFFE0000

mem[X,0x0000000080000AEC] -> 0x8E93
mem[X,0x0000000080000AEE] -> 0x020E
[704] [M]: 0x0000000080000AEC (0x020E8E93) addi t4, t4, 0x20
x29 <- 0xFFFFFFFFFFFE0020

mem[X,0x0000000080000AF0] -> 0x9E93
mem[X,0x0000000080000AF2] -> 0x00BE
[705] [M]: 0x0000000080000AF0 (0x00BE9E93) slli t4, t4, 0xb
x29 <- 0xFFFFFFFFF0010000

mem[X,0x0000000080000AF4] -> 0x8E93
mem[X,0x0000000080000AF6] -> 0x001E
[706] [M]: 0x0000000080000AF4 (0x001E8E93) addi t4, t4, 0x1
x29 <- 0xFFFFFFFFF0010001

mem[X,0x0000000080000AF8] -> 0x9E93
mem[X,0x0000000080000AFA] -> 0x00BE
[707] [M]: 0x0000000080000AF8 (0x00BE9E93) slli t4, t4, 0xb
x29 <- 0xFFFFFF8008000800

mem[X,0x0000000080000AFC] -> 0x8E93
mem[X,0x0000000080000AFE] -> 0x03FE
[708] [M]: 0x0000000080000AFC (0x03FE8E93) addi t4, t4, 0x3f
x29 <- 0xFFFFFF800800083F

mem[X,0x0000000080000B00] -> 0x9E93
mem[X,0x0000000080000B02] -> 0x00AE
[709] [M]: 0x0000000080000B00 (0x00AE9E93) slli t4, t4, 0xa
x29 <- 0xFFFE00200020FC00

mem[X,0x0000000080000B04] -> 0x8E93
mem[X,0x0000000080000B06] -> 0x37FE
[710] [M]: 0x0000000080000B04 (0x37FE8E93) addi t4, t4, 0x37f
x29 <- 0xFFFE00200020FF7F

mem[X,0x0000000080000B08] -> 0x0FBB
mem[X,0x0000000080000B0A] -> 0xD1DF
[711] [M]: 0x0000000080000B08 (0xD1DF0FBB) pssub.h t6, t5, t4
x31 <- 0xFFF1FFDEFFE5E080

mem[X,0x0000000080000B0C] -> 0xB423
mem[X,0x0000000080000B0E] -> 0x01F0
[712] [M]: 0x0000000080000B0C (0x01F0B423) sd t6, 0x8(ra)
mem[0x0000000080004218] <- 0xFFF1FFDEFFE5E080

mem[X,0x0000000080000B10] -> 0x8F37
mem[X,0x0000000080000B12] -> 0x3FFF
[713] [M]: 0x0000000080000B10 (0x3FFF8F37) lui t5, 0x3fff8
x30 <- 0x000000003FFF8000

mem[X,0x0000000080000B14] -> 0x0F13
mem[X,0x0000000080000B16] -> 0xFFFF
[714] [M]: 0x0000000080000B14 (0xFFFF0F13) addi t5, t5, -0x1
x30 <- 0x000000003FFF7FFF

mem[X,0x0000000080000B18] -> 0x1F13
mem[X,0x0000000080000B1A] -> 0x00BF
[715] [M]: 0x0000000080000B18 (0x00BF1F13) slli t5, t5, 0xb
x30 <- 0x000001FFFBFFF800

mem[X,0x0000000080000B1C] -> 0x0F13
mem[X,0x0000000080000B1E] -> 0x000F
[716] [M]: 0x0000000080000B1C (0x000F0F13) addi t5, t5, 0x0
x30 <- 0x000001FFFBFFF800

mem[X,0x0000000080000B20] -> 0x1F13
mem[X,0x0000000080000B22] -> 0x00BF
[717] [M]: 0x0000000080000B20 (0x00BF1F13) slli t5, t5, 0xb
x30 <- 0x000FFFDFFFC00000

mem[X,0x0000000080000B24] -> 0x0F13
mem[X,0x0000000080000B26] -> 0x16FF
[718] [M]: 0x0000000080000B24 (0x16FF0F13) addi t5, t5, 0x16f
x30 <- 0x000FFFDFFFC0016F

mem[X,0x0000000080000B28] -> 0x1F13
mem[X,0x0000000080000B2A] -> 0x00AF
[719] [M]: 0x0000000080000B28 (0x00AF1F13) slli t5, t5, 0xa
x30 <- 0x3FFF7FFF0005BC00

mem[X,0x0000000080000B2C] -> 0x0F13
mem[X,0x0000000080000B2E] -> 0x3FFF
[720] [M]: 0x0000000080000B2C (0x3FFF0F13) addi t5, t5, 0x3ff
x30 <- 0x3FFF7FFF0005BFFF

mem[X,0x0000000080000B30] -> 0x4EB7
mem[X,0x0000000080000B32] -> 0xFFFB
[721] [M]: 0x0000000080000B30 (0xFFFB4EB7) lui t4, -0x4c
x29 <- 0xFFFFFFFFFFFB4000

mem[X,0x0000000080000B34] -> 0x8E93
mem[X,0x0000000080000B36] -> 0xFFFE
[722] [M]: 0x0000000080000B34 (0xFFFE8E93) addi t4, t4, -0x1
x29 <- 0xFFFFFFFFFFFB3FFF

mem[X,0x0000000080000B38] -> 0x9E93
mem[X,0x0000000080000B3A] -> 0x00BE
[723] [M]: 0x0000000080000B38 (0x00BE9E93) slli t4, t4, 0xb
x29 <- 0xFFFFFFFFD9FFF800

mem[X,0x0000000080000B3C] -> 0x8E93
mem[X,0x0000000080000B3E] -> 0x7FFE
[724] [M]: 0x0000000080000B3C (0x7FFE8E93) addi t4, t4, 0x7ff
x29 <- 0xFFFFFFFFD9FFFFFF

mem[X,0x0000000080000B40] -> 0x9E93
mem[X,0x0000000080000B42] -> 0x00BE
[725] [M]: 0x0000000080000B40 (0x00BE9E93) slli t4, t4, 0xb
x29 <- 0xFFFFFECFFFFFF800

mem[X,0x0000000080000B44] -> 0x8E93
mem[X,0x0000000080000B46] -> 0x5FEE
[726] [M]: 0x0000000080000B44 (0x5FEE8E93) addi t4, t4, 0x5fe
x29 <- 0xFFFFFECFFFFFFDFE

mem[X,0x0000000080000B48] -> 0x9E93
mem[X,0x0000000080000B4A] -> 0x00AE
[727] [M]: 0x0000000080000B48 (0x00AE9E93) slli t4, t4, 0xa
x29 <- 0xFFFB3FFFFFF7F800

mem[X,0x0000000080000B4C] -> 0x8E93
mem[X,0x0000000080000B4E] -> 0x3FFE
[728] [M]: 0x0000000080000B4C (0x3FFE8E93) addi t4, t4, 0x3ff
x29 <- 0xFFFB3FFFFFF7FBFF

mem[X,0x0000000080000B50] -> 0x0FBB
mem[X,0x0000000080000B52] -> 0xD1DF
[729] [M]: 0x0000000080000B50 (0xD1DF0FBB) pssub.h t6, t5, t4
x31 <- 0x40044000000EC400

mem[X,0x0000000080000B54] -> 0xB823
mem[X,0x0000000080000B56] -> 0x01F0
[730] [M]: 0x0000000080000B54 (0x01F0B823) sd t6, 0x10(ra)
mem[0x0000000080004220] <- 0x40044000000EC400

mem[X,0x0000000080000B58] -> 0x0F37
mem[X,0x0000000080000B5A] -> 0x0002
[731] [M]: 0x0000000080000B58 (0x00020F37) lui t5, 0x20
x30 <- 0x0000000000020000

mem[X,0x0000000080000B5C] -> 0x0F13
mem[X,0x0000000080000B5E] -> 0x009F
[732] [M]: 0x0000000080000B5C (0x009F0F13) addi t5, t5, 0x9
x30 <- 0x0000000000020009

mem[X,0x0000000080000B60] -> 0x1F13
mem[X,0x0000000080000B62] -> 0x00BF
[733] [M]: 0x0000000080000B60 (0x00BF1F13) slli t5, t5, 0xb
x30 <- 0x0000000010004800

mem[X,0x0000000080000B64] -> 0x0F13
mem[X,0x0000000080000B66] -> 0x7FFF
[734] [M]: 0x0000000080000B64 (0x7FFF0F13) addi t5, t5, 0x7ff
x30 <- 0x0000000010004FFF

mem[X,0x0000000080000B68] -> 0x1F13
mem[X,0x0000000080000B6A] -> 0x00BF
[735] [M]: 0x0000000080000B68 (0x00BF1F13) slli t5, t5, 0xb
x30 <- 0x00000080027FF800

mem[X,0x0000000080000B6C] -> 0x0F13
mem[X,0x0000000080000B6E] -> 0x3D5F
[736] [M]: 0x0000000080000B6C (0x3D5F0F13) addi t5, t5, 0x3d5
x30 <- 0x00000080027FFBD5

mem[X,0x0000000080000B70] -> 0x1F13
mem[X,0x0000000080000B72] -> 0x00AF
[737] [M]: 0x0000000080000B70 (0x00AF1F13) slli t5, t5, 0xa
x30 <- 0x00020009FFEF5400

mem[X,0x0000000080000B74] -> 0x0F13
mem[X,0x0000000080000B76] -> 0x155F
[738] [M]: 0x0000000080000B74 (0x155F0F13) addi t5, t5, 0x155
x30 <- 0x00020009FFEF5555

mem[X,0x0000000080000B78] -> 0x0EB7
mem[X,0x0000000080000B7A] -> 0x8001
[739] [M]: 0x0000000080000B78 (0x80010EB7) lui t4, -0x7fff0
x29 <- 0xFFFFFFFF80010000

mem[X,0x0000000080000B7C] -> 0x8E93
mem[X,0x0000000080000B7E] -> 0xBFFE
[740] [M]: 0x0000000080000B7C (0xBFFE8E93) addi t4, t4, -0x401
x29 <- 0xFFFFFFFF8000FBFF

mem[X,0x0000000080000B80] -> 0x9E93
mem[X,0x0000000080000B82] -> 0x00BE
[741] [M]: 0x0000000080000B80 (0x00BE9E93) slli t4, t4, 0xb
x29 <- 0xFFFFFC0007DFF800

mem[X,0x0000000080000B84] -> 0x8E93
mem[X,0x0000000080000B86] -> 0x5FFE
[742] [M]: 0x0000000080000B84 (0x5FFE8E93) addi t4, t4, 0x5ff
x29 <- 0xFFFFFC0007DFFDFF

mem[X,0x0000000080000B88] -> 0x9E93
mem[X,0x0000000080000B8A] -> 0x00BE
[743] [M]: 0x0000000080000B88 (0x00BE9E93) slli t4, t4, 0xb
x29 <- 0xFFE0003EFFEFF800

mem[X,0x0000000080000B8C] -> 0x8E93
mem[X,0x0000000080000B8E] -> 0x7FFE
[744] [M]: 0x0000000080000B8C (0x7FFE8E93) addi t4, t4, 0x7ff
x29 <- 0xFFE0003EFFEFFFFF

mem[X,0x0000000080000B90] -> 0x9E93
mem[X,0x0000000080000B92] -> 0x00AE
[745] [M]: 0x0000000080000B90 (0x00AE9E93) slli t4, t4, 0xa
x29 <- 0x8000FBFFBFFFFC00

mem[X,0x0000000080000B94] -> 0x8E93
mem[X,0x0000000080000B96] -> 0x3EFE
[746] [M]: 0x0000000080000B94 (0x3EFE8E93) addi t4, t4, 0x3ef
x29 <- 0x8000FBFFBFFFFFEF

mem[X,0x0000000080000B98] -> 0x0FBB
mem[X,0x0000000080000B9A] -> 0xD1DF
[747] [M]: 0x0000000080000B98 (0xD1DF0FBB) pssub.h t6, t5, t4
x31 <- 0x7FFF040A3FF05566

mem[X,0x0000000080000B9C] -> 0xBC23
mem[X,0x0000000080000B9E] -> 0x01F0
[748] [M]: 0x0000000080000B9C (0x01F0BC23) sd t6, 0x18(ra)
mem[0x0000000080004228] <- 0x7FFF040A3FF05566

mem[X,0x0000000080000BA0] -> 0x0F37
mem[X,0x0000000080000BA2] -> 0xFE00
[749] [M]: 0x0000000080000BA0 (0xFE000F37) lui t5, -0x2000
x30 <- 0xFFFFFFFFFE000000

mem[X,0x0000000080000BA4] -> 0x0F13
mem[X,0x0000000080000BA6] -> 0xFFDF
[750] [M]: 0x0000000080000BA4 (0xFFDF0F13) addi t5, t5, -0x3
x30 <- 0xFFFFFFFFFDFFFFFD

mem[X,0x0000000080000BA8] -> 0x1F13
mem[X,0x0000000080000BAA] -> 0x00BF
[751] [M]: 0x0000000080000BA8 (0x00BF1F13) slli t5, t5, 0xb
x30 <- 0xFFFFFFEFFFFFE800

mem[X,0x0000000080000BAC] -> 0x0F13
mem[X,0x0000000080000BAE] -> 0x77FF
[752] [M]: 0x0000000080000BAC (0x77FF0F13) addi t5, t5, 0x77f
x30 <- 0xFFFFFFEFFFFFEF7F

mem[X,0x0000000080000BB0] -> 0x1F13
mem[X,0x0000000080000BB2] -> 0x00BF
[753] [M]: 0x0000000080000BB0 (0x00BF1F13) slli t5, t5, 0xb
x30 <- 0xFFFF7FFFFF7BF800

mem[X,0x0000000080000BB4] -> 0x0F13
mem[X,0x0000000080000BB6] -> 0x7FDF
[754] [M]: 0x0000000080000BB4 (0x7FDF0F13) addi t5, t5, 0x7fd
x30 <- 0xFFFF7FFFFF7BFFFD

mem[X,0x0000000080000BB8] -> 0x1F13
mem[X,0x0000000080000BBA] -> 0x00AF
[755] [M]: 0x0000000080000BB8 (0x00AF1F13) slli t5, t5, 0xa
x30 <- 0xFDFFFFFDEFFFF400

mem[X,0x0000000080000BBC] -> 0x0F13
mem[X,0x0000000080000BBE] -> 0x3FFF
[756] [M]: 0x0000000080000BBC (0x3FFF0F13) addi t5, t5, 0x3ff
x30 <- 0xFDFFFFFDEFFFF7FF

mem[X,0x0000000080000BC0] -> 0x0EB7
mem[X,0x0000000080000BC2] -> 0x0010
[757] [M]: 0x0000000080000BC0 (0x00100EB7) lui t4, 0x100
x29 <- 0x0000000000100000

mem[X,0x0000000080000BC4] -> 0x8E93
mem[X,0x0000000080000BC6] -> 0x400E
[758] [M]: 0x0000000080000BC4 (0x400E8E93) addi t4, t4, 0x400
x29 <- 0x0000000000100400

mem[X,0x0000000080000BC8] -> 0x9E93
mem[X,0x0000000080000BCA] -> 0x00BE
[759] [M]: 0x0000000080000BC8 (0x00BE9E93) slli t4, t4, 0xb
x29 <- 0x0000000080200000

mem[X,0x0000000080000BCC] -> 0x8E93
mem[X,0x0000000080000BCE] -> 0x000E
[760] [M]: 0x0000000080000BCC (0x000E8E93) addi t4, t4, 0x0
x29 <- 0x0000000080200000

mem[X,0x0000000080000BD0] -> 0x9E93
mem[X,0x0000000080000BD2] -> 0x00BE
[761] [M]: 0x0000000080000BD0 (0x00BE9E93) slli t4, t4, 0xb
x29 <- 0x0000040100000000

mem[X,0x0000000080000BD4] -> 0x8E93
mem[X,0x0000000080000BD6] -> 0x23FE
[762] [M]: 0x0000000080000BD4 (0x23FE8E93) addi t4, t4, 0x23f
x29 <- 0x000004010000023F

mem[X,0x0000000080000BD8] -> 0x9E93
mem[X,0x0000000080000BDA] -> 0x00AE
[763] [M]: 0x0000000080000BD8 (0x00AE9E93) slli t4, t4, 0xa
x29 <- 0x001004000008FC00

mem[X,0x0000000080000BDC] -> 0x8E93
mem[X,0x0000000080000BDE] -> 0x3FCE
[764] [M]: 0x0000000080000BDC (0x3FCE8E93) addi t4, t4, 0x3fc
x29 <- 0x001004000008FFFC

mem[X,0x0000000080000BE0] -> 0x0FBB
mem[X,0x0000000080000BE2] -> 0xD1DF
[765] [M]: 0x0000000080000BE0 (0xD1DF0FBB) pssub.h t6, t5, t4
x31 <- 0xFDEFFBFDEFF7F803

mem[X,0x0000000080000BE4] -> 0xB023
mem[X,0x0000000080000BE6] -> 0x03F0
[766] [M]: 0x0000000080000BE4 (0x03F0B023) sd t6, 0x20(ra)
mem[0x0000000080004230] <- 0xFDEFFBFDEFF7F803

mem[X,0x0000000080000BE8] -> 0x0F37
mem[X,0x0000000080000BEA] -> 0x0801
[767] [M]: 0x0000000080000BE8 (0x08010F37) lui t5, 0x8010
x30 <- 0x0000000008010000

mem[X,0x0000000080000BEC] -> 0x0F13
mem[X,0x0000000080000BEE] -> 0xEFFF
[768] [M]: 0x0000000080000BEC (0xEFFF0F13) addi t5, t5, -0x101
x30 <- 0x000000000800FEFF

mem[X,0x0000000080000BF0] -> 0x1F13
mem[X,0x0000000080000BF2] -> 0x00BF
[769] [M]: 0x0000000080000BF0 (0x00BF1F13) slli t5, t5, 0xb
x30 <- 0x0000004007F7F800

mem[X,0x0000000080000BF4] -> 0x0F13
mem[X,0x0000000080000BF6] -> 0x002F
[770] [M]: 0x0000000080000BF4 (0x002F0F13) addi t5, t5, 0x2
x30 <- 0x0000004007F7F802

mem[X,0x0000000080000BF8] -> 0x1F13
mem[X,0x0000000080000BFA] -> 0x00BF
[771] [M]: 0x0000000080000BF8 (0x00BF1F13) slli t5, t5, 0xb
x30 <- 0x0002003FBFC01000

mem[X,0x0000000080000BFC] -> 0x0F13
mem[X,0x0000000080000BFE] -> 0x03FF
[772] [M]: 0x0000000080000BFC (0x03FF0F13) addi t5, t5, 0x3f
x30 <- 0x0002003FBFC0103F

mem[X,0x0000000080000C00] -> 0x1F13
mem[X,0x0000000080000C02] -> 0x00AF
[773] [M]: 0x0000000080000C00 (0x00AF1F13) slli t5, t5, 0xa
x30 <- 0x0800FEFF0040FC00

mem[X,0x0000000080000C04] -> 0x0F13
mem[X,0x0000000080000C06] -> 0x3DFF
[774] [M]: 0x0000000080000C04 (0x3DFF0F13) addi t5, t5, 0x3df
x30 <- 0x0800FEFF0040FFDF

mem[X,0x0000000080000C08] -> 0x0EB7
mem[X,0x0000000080000C0A] -> 0x0080
[775] [M]: 0x0000000080000C08 (0x00800EB7) lui t4, 0x800
x29 <- 0x0000000000800000

mem[X,0x0000000080000C0C] -> 0x8E93
mem[X,0x0000000080000C0E] -> 0x010E
[776] [M]: 0x0000000080000C0C (0x010E8E93) addi t4, t4, 0x10
x29 <- 0x0000000000800010

mem[X,0x0000000080000C10] -> 0x9E93
mem[X,0x0000000080000C12] -> 0x00BE
[777] [M]: 0x0000000080000C10 (0x00BE9E93) slli t4, t4, 0xb
x29 <- 0x0000000400008000

mem[X,0x0000000080000C14] -> 0x8E93
mem[X,0x0000000080000C16] -> 0x004E
[778] [M]: 0x0000000080000C14 (0x004E8E93) addi t4, t4, 0x4
x29 <- 0x0000000400008004

mem[X,0x0000000080000C18] -> 0x9E93
mem[X,0x0000000080000C1A] -> 0x00BE
[779] [M]: 0x0000000080000C18 (0x00BE9E93) slli t4, t4, 0xb
x29 <- 0x0000200004002000

mem[X,0x0000000080000C1C] -> 0x8E93
mem[X,0x0000000080000C1E] -> 0x000E
[780] [M]: 0x0000000080000C1C (0x000E8E93) addi t4, t4, 0x0
x29 <- 0x0000200004002000

mem[X,0x0000000080000C20] -> 0x9E93
mem[X,0x0000000080000C22] -> 0x00AE
[781] [M]: 0x0000000080000C20 (0x00AE9E93) slli t4, t4, 0xa
x29 <- 0x0080001000800000

mem[X,0x0000000080000C24] -> 0x0FBB
mem[X,0x0000000080000C26] -> 0xD1DF
[782] [M]: 0x0000000080000C24 (0xD1DF0FBB) pssub.h t6, t5, t4
x31 <- 0x0780FEEFFFC0FFDF

mem[X,0x0000000080000C28] -> 0xB423
mem[X,0x0000000080000C2A] -> 0x03F0
[783] [M]: 0x0000000080000C28 (0x03F0B423) sd t6, 0x28(ra)
mem[0x0000000080004238] <- 0x0780FEEFFFC0FFDF

mem[X,0x0000000080000C2C] -> 0xFF37
mem[X,0x0000000080000C2E] -> 0xFFBF
[784] [M]: 0x0000000080000C2C (0xFFBFFF37) lui t5, -0x401
x30 <- 0xFFFFFFFFFFBFF000

mem[X,0x0000000080000C30] -> 0x0F13
mem[X,0x0000000080000C32] -> 0xFFFF
[785] [M]: 0x0000000080000C30 (0xFFFF0F13) addi t5, t5, -0x1
x30 <- 0xFFFFFFFFFFBFEFFF

mem[X,0x0000000080000C34] -> 0x1F13
mem[X,0x0000000080000C36] -> 0x00BF
[786] [M]: 0x0000000080000C34 (0x00BF1F13) slli t5, t5, 0xb
x30 <- 0xFFFFFFFDFF7FF800

mem[X,0x0000000080000C38] -> 0x0F13
mem[X,0x0000000080000C3A] -> 0x7FFF
[787] [M]: 0x0000000080000C38 (0x7FFF0F13) addi t5, t5, 0x7ff
x30 <- 0xFFFFFFFDFF7FFFFF

mem[X,0x0000000080000C3C] -> 0x1F13
mem[X,0x0000000080000C3E] -> 0x00BF
[788] [M]: 0x0000000080000C3C (0x00BF1F13) slli t5, t5, 0xb
x30 <- 0xFFFFEFFBFFFFF800

mem[X,0x0000000080000C40] -> 0x0F13
mem[X,0x0000000080000C42] -> 0x7C0F
[789] [M]: 0x0000000080000C40 (0x7C0F0F13) addi t5, t5, 0x7c0
x30 <- 0xFFFFEFFBFFFFFFC0

mem[X,0x0000000080000C44] -> 0x1F13
mem[X,0x0000000080000C46] -> 0x00AF
[790] [M]: 0x0000000080000C44 (0x00AF1F13) slli t5, t5, 0xa
x30 <- 0xFFBFEFFFFFFF0000

mem[X,0x0000000080000C48] -> 0x0F13
mem[X,0x0000000080000C4A] -> 0x005F
[791] [M]: 0x0000000080000C48 (0x005F0F13) addi t5, t5, 0x5
x30 <- 0xFFBFEFFFFFFF0005

mem[X,0x0000000080000C4C] -> 0x0EB7
mem[X,0x0000000080000C4E] -> 0x0200
[792] [M]: 0x0000000080000C4C (0x02000EB7) lui t4, 0x2000
x29 <- 0x0000000002000000

mem[X,0x0000000080000C50] -> 0x8E93
mem[X,0x0000000080000C52] -> 0x002E
[793] [M]: 0x0000000080000C50 (0x002E8E93) addi t4, t4, 0x2
x29 <- 0x0000000002000002

mem[X,0x0000000080000C54] -> 0x9E93
mem[X,0x0000000080000C56] -> 0x00BE
[794] [M]: 0x0000000080000C54 (0x00BE9E93) slli t4, t4, 0xb
x29 <- 0x0000001000001000

mem[X,0x0000000080000C58] -> 0x8E93
mem[X,0x0000000080000C5A] -> 0x1FFE
[795] [M]: 0x0000000080000C58 (0x1FFE8E93) addi t4, t4, 0x1ff
x29 <- 0x00000010000011FF

mem[X,0x0000000080000C5C] -> 0x9E93
mem[X,0x0000000080000C5E] -> 0x00BE
[796] [M]: 0x0000000080000C5C (0x00BE9E93) slli t4, t4, 0xb
x29 <- 0x00008000008FF800

mem[X,0x0000000080000C60] -> 0x8E93
mem[X,0x0000000080000C62] -> 0x7C0E
[797] [M]: 0x0000000080000C60 (0x7C0E8E93) addi t4, t4, 0x7c0
x29 <- 0x00008000008FFFC0

mem[X,0x0000000080000C64] -> 0x9E93
mem[X,0x0000000080000C66] -> 0x00AE
[798] [M]: 0x0000000080000C64 (0x00AE9E93) slli t4, t4, 0xa
x29 <- 0x020000023FFF0000

mem[X,0x0000000080000C68] -> 0x8E93
mem[X,0x0000000080000C6A] -> 0x008E
[799] [M]: 0x0000000080000C68 (0x008E8E93) addi t4, t4, 0x8
x29 <- 0x020000023FFF0008

clint::tick mtime <- 0x0000000000000008
 clint timer pending at mtime 0x0000000000000008
htif::tick 0x0000000000000000
mem[X,0x0000000080000C6C] -> 0x0FBB
mem[X,0x0000000080000C6E] -> 0xD1DF
[800] [M]: 0x0000000080000C6C (0xD1DF0FBB) pssub.h t6, t5, t4
x31 <- 0xFDBFEFFDC000FFFD

mem[X,0x0000000080000C70] -> 0xB823
mem[X,0x0000000080000C72] -> 0x03F0
[801] [M]: 0x0000000080000C70 (0x03F0B823) sd t6, 0x30(ra)
mem[0x0000000080004240] <- 0xFDBFEFFDC000FFFD

mem[X,0x0000000080000C74] -> 0x0F37
mem[X,0x0000000080000C76] -> 0x0005
[802] [M]: 0x0000000080000C74 (0x00050F37) lui t5, 0x50
x30 <- 0x0000000000050000

mem[X,0x0000000080000C78] -> 0x0F13
mem[X,0x0000000080000C7A] -> 0xDFFF
[803] [M]: 0x0000000080000C78 (0xDFFF0F13) addi t5, t5, -0x201
x30 <- 0x000000000004FDFF

mem[X,0x0000000080000C7C] -> 0x1F13
mem[X,0x0000000080000C7E] -> 0x00BF
[804] [M]: 0x0000000080000C7C (0x00BF1F13) slli t5, t5, 0xb
x30 <- 0x0000000027EFF800

mem[X,0x0000000080000C80] -> 0x0F13
mem[X,0x0000000080000C82] -> 0x200F
[805] [M]: 0x0000000080000C80 (0x200F0F13) addi t5, t5, 0x200
x30 <- 0x0000000027EFFA00

mem[X,0x0000000080000C84] -> 0x1F13
mem[X,0x0000000080000C86] -> 0x00BF
[806] [M]: 0x0000000080000C84 (0x00BF1F13) slli t5, t5, 0xb
x30 <- 0x0000013F7FD00000

mem[X,0x0000000080000C88] -> 0x0F13
mem[X,0x0000000080000C8A] -> 0x03FF
[807] [M]: 0x0000000080000C88 (0x03FF0F13) addi t5, t5, 0x3f
x30 <- 0x0000013F7FD0003F

mem[X,0x0000000080000C8C] -> 0x1F13
mem[X,0x0000000080000C8E] -> 0x00AF
[808] [M]: 0x0000000080000C8C (0x00AF1F13) slli t5, t5, 0xa
x30 <- 0x0004FDFF4000FC00

mem[X,0x0000000080000C90] -> 0x0F13
mem[X,0x0000000080000C92] -> 0x3F8F
[809] [M]: 0x0000000080000C90 (0x3F8F0F13) addi t5, t5, 0x3f8
x30 <- 0x0004FDFF4000FFF8

mem[X,0x0000000080000C94] -> 0x0EB7
mem[X,0x0000000080000C96] -> 0x0401
[810] [M]: 0x0000000080000C94 (0x04010EB7) lui t4, 0x4010
x29 <- 0x0000000004010000

mem[X,0x0000000080000C98] -> 0x8E93
mem[X,0x0000000080000C9A] -> 0xFFAE
[811] [M]: 0x0000000080000C98 (0xFFAE8E93) addi t4, t4, -0x6
x29 <- 0x000000000400FFFA

mem[X,0x0000000080000C9C] -> 0x9E93
mem[X,0x0000000080000C9E] -> 0x00BE
[812] [M]: 0x0000000080000C9C (0x00BE9E93) slli t4, t4, 0xb
x29 <- 0x0000002007FFD000

mem[X,0x0000000080000CA0] -> 0x8E93
mem[X,0x0000000080000CA2] -> 0x008E
[813] [M]: 0x0000000080000CA0 (0x008E8E93) addi t4, t4, 0x8
x29 <- 0x0000002007FFD008

mem[X,0x0000000080000CA4] -> 0x9E93
mem[X,0x0000000080000CA6] -> 0x00BE
[814] [M]: 0x0000000080000CA4 (0x00BE9E93) slli t4, t4, 0xb
x29 <- 0x0001003FFE804000

mem[X,0x0000000080000CA8] -> 0x8E93
mem[X,0x0000000080000CAA] -> 0x03FE
[815] [M]: 0x0000000080000CA8 (0x03FE8E93) addi t4, t4, 0x3f
x29 <- 0x0001003FFE80403F

mem[X,0x0000000080000CAC] -> 0x9E93
mem[X,0x0000000080000CAE] -> 0x00AE
[816] [M]: 0x0000000080000CAC (0x00AE9E93) slli t4, t4, 0xa
x29 <- 0x0400FFFA0100FC00

mem[X,0x0000000080000CB0] -> 0x8E93
mem[X,0x0000000080000CB2] -> 0x3FEE
[817] [M]: 0x0000000080000CB0 (0x3FEE8E93) addi t4, t4, 0x3fe
x29 <- 0x0400FFFA0100FFFE

mem[X,0x0000000080000CB4] -> 0x0FBB
mem[X,0x0000000080000CB6] -> 0xD1DF
[818] [M]: 0x0000000080000CB4 (0xD1DF0FBB) pssub.h t6, t5, t4
x31 <- 0xFC04FE053F00FFFA

mem[X,0x0000000080000CB8] -> 0xBC23
mem[X,0x0000000080000CBA] -> 0x03F0
[819] [M]: 0x0000000080000CB8 (0x03F0BC23) sd t6, 0x38(ra)
mem[0x0000000080004248] <- 0xFC04FE053F00FFFA

mem[X,0x0000000080000CBC] -> 0x0F37
mem[X,0x0000000080000CBE] -> 0x4000
[820] [M]: 0x0000000080000CBC (0x40000F37) lui t5, 0x40000
x30 <- 0x0000000040000000

mem[X,0x0000000080000CC0] -> 0x0F13
mem[X,0x0000000080000CC2] -> 0xFFEF
[821] [M]: 0x0000000080000CC0 (0xFFEF0F13) addi t5, t5, -0x2
x30 <- 0x000000003FFFFFFE

mem[X,0x0000000080000CC4] -> 0x1F13
mem[X,0x0000000080000CC6] -> 0x00BF
[822] [M]: 0x0000000080000CC4 (0x00BF1F13) slli t5, t5, 0xb
x30 <- 0x000001FFFFFFF000

mem[X,0x0000000080000CC8] -> 0x0F13
mem[X,0x0000000080000CCA] -> 0x7EFF
[823] [M]: 0x0000000080000CC8 (0x7EFF0F13) addi t5, t5, 0x7ef
x30 <- 0x000001FFFFFFF7EF

mem[X,0x0000000080000CCC] -> 0x1F13
mem[X,0x0000000080000CCE] -> 0x00BF
[824] [M]: 0x0000000080000CCC (0x00BF1F13) slli t5, t5, 0xb
x30 <- 0x000FFFFFFFBF7800

mem[X,0x0000000080000CD0] -> 0x0F13
mem[X,0x0000000080000CD2] -> 0x7D5F
[825] [M]: 0x0000000080000CD0 (0x7D5F0F13) addi t5, t5, 0x7d5
x30 <- 0x000FFFFFFFBF7FD5

mem[X,0x0000000080000CD4] -> 0x1F13
mem[X,0x0000000080000CD6] -> 0x00AF
[826] [M]: 0x0000000080000CD4 (0x00AF1F13) slli t5, t5, 0xa
x30 <- 0x3FFFFFFEFDFF5400

mem[X,0x0000000080000CD8] -> 0x0F13
mem[X,0x0000000080000CDA] -> 0x155F
[827] [M]: 0x0000000080000CD8 (0x155F0F13) addi t5, t5, 0x155
x30 <- 0x3FFFFFFEFDFF5555

mem[X,0x0000000080000CDC] -> 0x0EB7
mem[X,0x0000000080000CDE] -> 0x2001
[828] [M]: 0x0000000080000CDC (0x20010EB7) lui t4, 0x20010
x29 <- 0x0000000020010000

mem[X,0x0000000080000CE0] -> 0x8E93
mem[X,0x0000000080000CE2] -> 0xFFFE
[829] [M]: 0x0000000080000CE0 (0xFFFE8E93) addi t4, t4, -0x1
x29 <- 0x000000002000FFFF

mem[X,0x0000000080000CE4] -> 0x9E93
mem[X,0x0000000080000CE6] -> 0x00BE
[830] [M]: 0x0000000080000CE4 (0x00BE9E93) slli t4, t4, 0xb
x29 <- 0x0000010007FFF800

mem[X,0x0000000080000CE8] -> 0x8E93
mem[X,0x0000000080000CEA] -> 0x6FFE
[831] [M]: 0x0000000080000CE8 (0x6FFE8E93) addi t4, t4, 0x6ff
x29 <- 0x0000010007FFFEFF

mem[X,0x0000000080000CEC] -> 0x9E93
mem[X,0x0000000080000CEE] -> 0x00BE
[832] [M]: 0x0000000080000CEC (0x00BE9E93) slli t4, t4, 0xb
x29 <- 0x0008003FFFF7F800

mem[X,0x0000000080000CF0] -> 0x8E93
mem[X,0x0000000080000CF2] -> 0x7FFE
[833] [M]: 0x0000000080000CF0 (0x7FFE8E93) addi t4, t4, 0x7ff
x29 <- 0x0008003FFFF7FFFF

mem[X,0x0000000080000CF4] -> 0x9E93
mem[X,0x0000000080000CF6] -> 0x00AE
[834] [M]: 0x0000000080000CF4 (0x00AE9E93) slli t4, t4, 0xa
x29 <- 0x2000FFFFDFFFFC00

mem[X,0x0000000080000CF8] -> 0x8E93
mem[X,0x0000000080000CFA] -> 0x3FCE
[835] [M]: 0x0000000080000CF8 (0x3FCE8E93) addi t4, t4, 0x3fc
x29 <- 0x2000FFFFDFFFFFFC

mem[X,0x0000000080000CFC] -> 0x0FBB
mem[X,0x0000000080000CFE] -> 0xD1DF
[836] [M]: 0x0000000080000CFC (0xD1DF0FBB) pssub.h t6, t5, t4
x31 <- 0x1FFFFFFF1E005559

mem[X,0x0000000080000D00] -> 0xB023
mem[X,0x0000000080000D02] -> 0x05F0
[837] [M]: 0x0000000080000D00 (0x05F0B023) sd t6, 0x40(ra)
mem[0x0000000080004250] <- 0x1FFFFFFF1E005559

mem[X,0x0000000080000D04] -> 0x0F37
mem[X,0x0000000080000D06] -> 0xC000
[838] [M]: 0x0000000080000D04 (0xC0000F37) lui t5, -0x40000
x30 <- 0xFFFFFFFFC0000000

mem[X,0x0000000080000D08] -> 0x0F13
mem[X,0x0000000080000D0A] -> 0xF7FF
[839] [M]: 0x0000000080000D08 (0xF7FF0F13) addi t5, t5, -0x81
x30 <- 0xFFFFFFFFBFFFFF7F

mem[X,0x0000000080000D0C] -> 0x1F13
mem[X,0x0000000080000D0E] -> 0x00BF
[840] [M]: 0x0000000080000D0C (0x00BF1F13) slli t5, t5, 0xb
x30 <- 0xFFFFFDFFFFFBF800

mem[X,0x0000000080000D10] -> 0x0F13
mem[X,0x0000000080000D12] -> 0x3FFF
[841] [M]: 0x0000000080000D10 (0x3FFF0F13) addi t5, t5, 0x3ff
x30 <- 0xFFFFFDFFFFFBFBFF

mem[X,0x0000000080000D14] -> 0x1F13
mem[X,0x0000000080000D16] -> 0x00BF
[842] [M]: 0x0000000080000D14 (0x00BF1F13) slli t5, t5, 0xb
x30 <- 0xFFEFFFFFDFDFF800

mem[X,0x0000000080000D18] -> 0x0F13
mem[X,0x0000000080000D1A] -> 0x7C0F
[843] [M]: 0x0000000080000D18 (0x7C0F0F13) addi t5, t5, 0x7c0
x30 <- 0xFFEFFFFFDFDFFFC0

mem[X,0x0000000080000D1C] -> 0x1F13
mem[X,0x0000000080000D1E] -> 0x00AF
[844] [M]: 0x0000000080000D1C (0x00AF1F13) slli t5, t5, 0xa
x30 <- 0xBFFFFF7F7FFF0000

mem[X,0x0000000080000D20] -> 0x0F13
mem[X,0x0000000080000D22] -> 0x020F
[845] [M]: 0x0000000080000D20 (0x020F0F13) addi t5, t5, 0x20
x30 <- 0xBFFFFF7F7FFF0020

mem[X,0x0000000080000D24] -> 0x0EB7
mem[X,0x0000000080000D26] -> 0x4001
[846] [M]: 0x0000000080000D24 (0x40010EB7) lui t4, 0x40010
x29 <- 0x0000000040010000

mem[X,0x0000000080000D28] -> 0x8E93
mem[X,0x0000000080000D2A] -> 0xFF9E
[847] [M]: 0x0000000080000D28 (0xFF9E8E93) addi t4, t4, -0x7
x29 <- 0x000000004000FFF9

mem[X,0x0000000080000D2C] -> 0x9E93
mem[X,0x0000000080000D2E] -> 0x00BE
[848] [M]: 0x0000000080000D2C (0x00BE9E93) slli t4, t4, 0xb
x29 <- 0x0000020007FFC800

mem[X,0x0000000080000D30] -> 0x8E93
mem[X,0x0000000080000D32] -> 0x7FEE
[849] [M]: 0x0000000080000D30 (0x7FEE8E93) addi t4, t4, 0x7fe
x29 <- 0x0000020007FFCFFE

mem[X,0x0000000080000D34] -> 0x9E93
mem[X,0x0000000080000D36] -> 0x00BE
[850] [M]: 0x0000000080000D34 (0x00BE9E93) slli t4, t4, 0xb
x29 <- 0x0010003FFE7FF000

mem[X,0x0000000080000D38] -> 0x8E93
mem[X,0x0000000080000D3A] -> 0x7FFE
[851] [M]: 0x0000000080000D38 (0x7FFE8E93) addi t4, t4, 0x7ff
x29 <- 0x0010003FFE7FF7FF

mem[X,0x0000000080000D3C] -> 0x9E93
mem[X,0x0000000080000D3E] -> 0x00AE
[852] [M]: 0x0000000080000D3C (0x00AE9E93) slli t4, t4, 0xa
x29 <- 0x4000FFF9FFDFFC00

mem[X,0x0000000080000D40] -> 0x8E93
mem[X,0x0000000080000D42] -> 0x3FAE
[853] [M]: 0x0000000080000D40 (0x3FAE8E93) addi t4, t4, 0x3fa
x29 <- 0x4000FFF9FFDFFFFA

mem[X,0x0000000080000D44] -> 0x0FBB
mem[X,0x0000000080000D46] -> 0xD1DF
[854] [M]: 0x0000000080000D44 (0xD1DF0FBB) pssub.h t6, t5, t4
x31 <- 0x8000FF867FFF0026

mem[X,0x0000000080000D48] -> 0xB423
mem[X,0x0000000080000D4A] -> 0x05F0
[855] [M]: 0x0000000080000D48 (0x05F0B423) sd t6, 0x48(ra)
mem[0x0000000080004258] <- 0x8000FF867FFF0026

mem[X,0x0000000080000D4C] -> 0x0F37
mem[X,0x0000000080000D4E] -> 0xFF80
[856] [M]: 0x0000000080000D4C (0xFF800F37) lui t5, -0x800
x30 <- 0xFFFFFFFFFF800000

mem[X,0x0000000080000D50] -> 0x0F13
mem[X,0x0000000080000D52] -> 0xFFDF
[857] [M]: 0x0000000080000D50 (0xFFDF0F13) addi t5, t5, -0x3
x30 <- 0xFFFFFFFFFF7FFFFD

mem[X,0x0000000080000D54] -> 0x1F13
mem[X,0x0000000080000D56] -> 0x00BF
[858] [M]: 0x0000000080000D54 (0x00BF1F13) slli t5, t5, 0xb
x30 <- 0xFFFFFFFBFFFFE800

mem[X,0x0000000080000D58] -> 0x0F13
mem[X,0x0000000080000D5A] -> 0x000F
[859] [M]: 0x0000000080000D58 (0x000F0F13) addi t5, t5, 0x0
x30 <- 0xFFFFFFFBFFFFE800

mem[X,0x0000000080000D5C] -> 0x1F13
mem[X,0x0000000080000D5E] -> 0x00BF
[860] [M]: 0x0000000080000D5C (0x00BF1F13) slli t5, t5, 0xb
x30 <- 0xFFFFDFFFFF400000

mem[X,0x0000000080000D60] -> 0x0F13
mem[X,0x0000000080000D62] -> 0x07FF
[861] [M]: 0x0000000080000D60 (0x07FF0F13) addi t5, t5, 0x7f
x30 <- 0xFFFFDFFFFF40007F

mem[X,0x0000000080000D64] -> 0x1F13
mem[X,0x0000000080000D66] -> 0x00AF
[862] [M]: 0x0000000080000D64 (0x00AF1F13) slli t5, t5, 0xa
x30 <- 0xFF7FFFFD0001FC00

mem[X,0x0000000080000D68] -> 0x0F13
mem[X,0x0000000080000D6A] -> 0x3F8F
[863] [M]: 0x0000000080000D68 (0x3F8F0F13) addi t5, t5, 0x3f8
x30 <- 0xFF7FFFFD0001FFF8

mem[X,0x0000000080000D6C] -> 0xCEB7
mem[X,0x0000000080000D6E] -> 0xFFFD
[864] [M]: 0x0000000080000D6C (0xFFFDCEB7) lui t4, -0x24
x29 <- 0xFFFFFFFFFFFDC000

mem[X,0x0000000080000D70] -> 0x8E93
mem[X,0x0000000080000D72] -> 0xFFFE
[865] [M]: 0x0000000080000D70 (0xFFFE8E93) addi t4, t4, -0x1
x29 <- 0xFFFFFFFFFFFDBFFF

mem[X,0x0000000080000D74] -> 0x9E93
mem[X,0x0000000080000D76] -> 0x00BE
[866] [M]: 0x0000000080000D74 (0x00BE9E93) slli t4, t4, 0xb
x29 <- 0xFFFFFFFFEDFFF800

mem[X,0x0000000080000D78] -> 0x8E93
mem[X,0x0000000080000D7A] -> 0x7FDE
[867] [M]: 0x0000000080000D78 (0x7FDE8E93) addi t4, t4, 0x7fd
x29 <- 0xFFFFFFFFEDFFFFFD

mem[X,0x0000000080000D7C] -> 0x9E93
mem[X,0x0000000080000D7E] -> 0x00BE
[868] [M]: 0x0000000080000D7C (0x00BE9E93) slli t4, t4, 0xb
x29 <- 0xFFFFFF6FFFFFE800

mem[X,0x0000000080000D80] -> 0x8E93
mem[X,0x0000000080000D82] -> 0x7C0E
[869] [M]: 0x0000000080000D80 (0x7C0E8E93) addi t4, t4, 0x7c0
x29 <- 0xFFFFFF6FFFFFEFC0

mem[X,0x0000000080000D84] -> 0x9E93
mem[X,0x0000000080000D86] -> 0x00AE
[870] [M]: 0x0000000080000D84 (0x00AE9E93) slli t4, t4, 0xa
x29 <- 0xFFFDBFFFFFBF0000

mem[X,0x0000000080000D88] -> 0x8E93
mem[X,0x0000000080000D8A] -> 0x040E
[871] [M]: 0x0000000080000D88 (0x040E8E93) addi t4, t4, 0x40
x29 <- 0xFFFDBFFFFFBF0040

mem[X,0x0000000080000D8C] -> 0x0FBB
mem[X,0x0000000080000D8E] -> 0xD1DF
[872] [M]: 0x0000000080000D8C (0xD1DF0FBB) pssub.h t6, t5, t4
x31 <- 0xFF823FFE0042FFB8

mem[X,0x0000000080000D90] -> 0xB823
mem[X,0x0000000080000D92] -> 0x05F0
[873] [M]: 0x0000000080000D90 (0x05F0B823) sd t6, 0x50(ra)
mem[0x0000000080004260] <- 0xFF823FFE0042FFB8

mem[X,0x0000000080000D94] -> 0x0F37
mem[X,0x0000000080000D96] -> 0x4000
[874] [M]: 0x0000000080000D94 (0x40000F37) lui t5, 0x40000
x30 <- 0x0000000040000000

mem[X,0x0000000080000D98] -> 0x0F13
mem[X,0x0000000080000D9A] -> 0xFBFF
[875] [M]: 0x0000000080000D98 (0xFBFF0F13) addi t5, t5, -0x41
x30 <- 0x000000003FFFFFBF

mem[X,0x0000000080000D9C] -> 0x1F13
mem[X,0x0000000080000D9E] -> 0x00BF
[876] [M]: 0x0000000080000D9C (0x00BF1F13) slli t5, t5, 0xb
x30 <- 0x000001FFFFFDF800

mem[X,0x0000000080000DA0] -> 0x0F13
mem[X,0x0000000080000DA2] -> 0x010F
[877] [M]: 0x0000000080000DA0 (0x010F0F13) addi t5, t5, 0x10
x30 <- 0x000001FFFFFDF810

mem[X,0x0000000080000DA4] -> 0x1F13
mem[X,0x0000000080000DA6] -> 0x00BF
[878] [M]: 0x0000000080000DA4 (0x00BF1F13) slli t5, t5, 0xb
x30 <- 0x000FFFFFEFC08000

mem[X,0x0000000080000DA8] -> 0x0F13
mem[X,0x0000000080000DAA] -> 0x03FF
[879] [M]: 0x0000000080000DA8 (0x03FF0F13) addi t5, t5, 0x3f
x30 <- 0x000FFFFFEFC0803F

mem[X,0x0000000080000DAC] -> 0x1F13
mem[X,0x0000000080000DAE] -> 0x00AF
[880] [M]: 0x0000000080000DAC (0x00AF1F13) slli t5, t5, 0xa
x30 <- 0x3FFFFFBF0200FC00

mem[X,0x0000000080000DB0] -> 0x0F13
mem[X,0x0000000080000DB2] -> 0x3F7F
[881] [M]: 0x0000000080000DB0 (0x3F7F0F13) addi t5, t5, 0x3f7
x30 <- 0x3FFFFFBF0200FFF7

mem[X,0x0000000080000DB4] -> 0x0EB7
mem[X,0x0000000080000DB6] -> 0xFFDF
[882] [M]: 0x0000000080000DB4 (0xFFDF0EB7) lui t4, -0x210
x29 <- 0xFFFFFFFFFFDF0000

mem[X,0x0000000080000DB8] -> 0x8E93
mem[X,0x0000000080000DBA] -> 0x100E
[883] [M]: 0x0000000080000DB8 (0x100E8E93) addi t4, t4, 0x100
x29 <- 0xFFFFFFFFFFDF0100

mem[X,0x0000000080000DBC] -> 0x9E93
mem[X,0x0000000080000DBE] -> 0x00BE
[884] [M]: 0x0000000080000DBC (0x00BE9E93) slli t4, t4, 0xb
x29 <- 0xFFFFFFFEF8080000

mem[X,0x0000000080000DC0] -> 0x8E93
mem[X,0x0000000080000DC2] -> 0x002E
[885] [M]: 0x0000000080000DC0 (0x002E8E93) addi t4, t4, 0x2
x29 <- 0xFFFFFFFEF8080002

mem[X,0x0000000080000DC4] -> 0x9E93
mem[X,0x0000000080000DC6] -> 0x00BE
[886] [M]: 0x0000000080000DC4 (0x00BE9E93) slli t4, t4, 0xb
x29 <- 0xFFFFF7C040001000

mem[X,0x0000000080000DC8] -> 0x8E93
mem[X,0x0000000080000DCA] -> 0x03FE
[887] [M]: 0x0000000080000DC8 (0x03FE8E93) addi t4, t4, 0x3f
x29 <- 0xFFFFF7C04000103F

mem[X,0x0000000080000DCC] -> 0x9E93
mem[X,0x0000000080000DCE] -> 0x00AE
[888] [M]: 0x0000000080000DCC (0x00AE9E93) slli t4, t4, 0xa
x29 <- 0xFFDF01000040FC00

mem[X,0x0000000080000DD0] -> 0x8E93
mem[X,0x0000000080000DD2] -> 0x37FE
[889] [M]: 0x0000000080000DD0 (0x37FE8E93) addi t4, t4, 0x37f
x29 <- 0xFFDF01000040FF7F

mem[X,0x0000000080000DD4] -> 0x0FBB
mem[X,0x0000000080000DD6] -> 0xD1DF
[890] [M]: 0x0000000080000DD4 (0xD1DF0FBB) pssub.h t6, t5, t4
x31 <- 0x4020FEBF01C00078

mem[X,0x0000000080000DD8] -> 0xBC23
mem[X,0x0000000080000DDA] -> 0x05F0
[891] [M]: 0x0000000080000DD8 (0x05F0BC23) sd t6, 0x58(ra)
mem[0x0000000080004268] <- 0x4020FEBF01C00078

mem[X,0x0000000080000DDC] -> 0x0F37
mem[X,0x0000000080000DDE] -> 0xDFFF
[892] [M]: 0x0000000080000DDC (0xDFFF0F37) lui t5, -0x20010
x30 <- 0xFFFFFFFFDFFF0000

mem[X,0x0000000080000DE0] -> 0x0F13
mem[X,0x0000000080000DE2] -> 0x005F
[893] [M]: 0x0000000080000DE0 (0x005F0F13) addi t5, t5, 0x5
x30 <- 0xFFFFFFFFDFFF0005

mem[X,0x0000000080000DE4] -> 0x1F13
mem[X,0x0000000080000DE6] -> 0x00BF
[894] [M]: 0x0000000080000DE4 (0x00BF1F13) slli t5, t5, 0xb
x30 <- 0xFFFFFEFFF8002800

mem[X,0x0000000080000DE8] -> 0x0F13
mem[X,0x0000000080000DEA] -> 0x000F
[895] [M]: 0x0000000080000DE8 (0x000F0F13) addi t5, t5, 0x0
x30 <- 0xFFFFFEFFF8002800

mem[X,0x0000000080000DEC] -> 0x1F13
mem[X,0x0000000080000DEE] -> 0x00BF
[896] [M]: 0x0000000080000DEC (0x00BF1F13) slli t5, t5, 0xb
x30 <- 0xFFF7FFC001400000

mem[X,0x0000000080000DF0] -> 0x0F13
mem[X,0x0000000080000DF2] -> 0x17FF
[897] [M]: 0x0000000080000DF0 (0x17FF0F13) addi t5, t5, 0x17f
x30 <- 0xFFF7FFC00140017F

mem[X,0x0000000080000DF4] -> 0x1F13
mem[X,0x0000000080000DF6] -> 0x00AF
[898] [M]: 0x0000000080000DF4 (0x00AF1F13) slli t5, t5, 0xa
x30 <- 0xDFFF00050005FC00

mem[X,0x0000000080000DF8] -> 0x0F13
mem[X,0x0000000080000DFA] -> 0x3F6F
[899] [M]: 0x0000000080000DF8 (0x3F6F0F13) addi t5, t5, 0x3f6
x30 <- 0xDFFF00050005FFF6

clint::tick mtime <- 0x0000000000000009
 clint timer pending at mtime 0x0000000000000009
htif::tick 0x0000000000000000
mem[X,0x0000000080000DFC] -> 0x0EB7
mem[X,0x0000000080000DFE] -> 0xFFBF
[900] [M]: 0x0000000080000DFC (0xFFBF0EB7) lui t4, -0x410
x29 <- 0xFFFFFFFFFFBF0000

mem[X,0x0000000080000E00] -> 0x8E93
mem[X,0x0000000080000E02] -> 0x020E
[901] [M]: 0x0000000080000E00 (0x020E8E93) addi t4, t4, 0x20
x29 <- 0xFFFFFFFFFFBF0020

mem[X,0x0000000080000E04] -> 0x9E93
mem[X,0x0000000080000E06] -> 0x00BE
[902] [M]: 0x0000000080000E04 (0x00BE9E93) slli t4, t4, 0xb
x29 <- 0xFFFFFFFDF8010000

mem[X,0x0000000080000E08] -> 0x8E93
mem[X,0x0000000080000E0A] -> 0x001E
[903] [M]: 0x0000000080000E08 (0x001E8E93) addi t4, t4, 0x1
x29 <- 0xFFFFFFFDF8010001

mem[X,0x0000000080000E0C] -> 0x9E93
mem[X,0x0000000080000E0E] -> 0x00BE
[904] [M]: 0x0000000080000E0C (0x00BE9E93) slli t4, t4, 0xb
x29 <- 0xFFFFEFC008000800

mem[X,0x0000000080000E10] -> 0x8E93
mem[X,0x0000000080000E12] -> 0x03FE
[905] [M]: 0x0000000080000E10 (0x03FE8E93) addi t4, t4, 0x3f
x29 <- 0xFFFFEFC00800083F

mem[X,0x0000000080000E14] -> 0x9E93
mem[X,0x0000000080000E16] -> 0x00AE
[906] [M]: 0x0000000080000E14 (0x00AE9E93) slli t4, t4, 0xa
x29 <- 0xFFBF00200020FC00

mem[X,0x0000000080000E18] -> 0x8E93
mem[X,0x0000000080000E1A] -> 0x3F6E
[907] [M]: 0x0000000080000E18 (0x3F6E8E93) addi t4, t4, 0x3f6
x29 <- 0xFFBF00200020FFF6

mem[X,0x0000000080000E1C] -> 0x0FBB
mem[X,0x0000000080000E1E] -> 0xD1DF
[908] [M]: 0x0000000080000E1C (0xD1DF0FBB) pssub.h t6, t5, t4
x31 <- 0xE040FFE5FFE50000

mem[X,0x0000000080000E20] -> 0xB023
mem[X,0x0000000080000E22] -> 0x07F0
[909] [M]: 0x0000000080000E20 (0x07F0B023) sd t6, 0x60(ra)
mem[0x0000000080004270] <- 0xE040FFE5FFE50000

mem[X,0x0000000080000E24] -> 0x8F37
mem[X,0x0000000080000E26] -> 0xFBFF
[910] [M]: 0x0000000080000E24 (0xFBFF8F37) lui t5, -0x4008
x30 <- 0xFFFFFFFFFBFF8000

mem[X,0x0000000080000E28] -> 0x0F13
mem[X,0x0000000080000E2A] -> 0xFFFF
[911] [M]: 0x0000000080000E28 (0xFFFF0F13) addi t5, t5, -0x1
x30 <- 0xFFFFFFFFFBFF7FFF

mem[X,0x0000000080000E2C] -> 0x1F13
mem[X,0x0000000080000E2E] -> 0x00BF
[912] [M]: 0x0000000080000E2C (0x00BF1F13) slli t5, t5, 0xb
x30 <- 0xFFFFFFDFFBFFF800

mem[X,0x0000000080000E30] -> 0x0F13
mem[X,0x0000000080000E32] -> 0x7FFF
[913] [M]: 0x0000000080000E30 (0x7FFF0F13) addi t5, t5, 0x7ff
x30 <- 0xFFFFFFDFFBFFFFFF

mem[X,0x0000000080000E34] -> 0x1F13
mem[X,0x0000000080000E36] -> 0x00BF
[914] [M]: 0x0000000080000E34 (0x00BF1F13) slli t5, t5, 0xb
x30 <- 0xFFFEFFDFFFFFF800

mem[X,0x0000000080000E38] -> 0x0F13
mem[X,0x0000000080000E3A] -> 0x681F
[915] [M]: 0x0000000080000E38 (0x681F0F13) addi t5, t5, 0x681
x30 <- 0xFFFEFFDFFFFFFE81

mem[X,0x0000000080000E3C] -> 0x1F13
mem[X,0x0000000080000E3E] -> 0x00AF
[916] [M]: 0x0000000080000E3C (0x00AF1F13) slli t5, t5, 0xa
x30 <- 0xFBFF7FFFFFFA0400

mem[X,0x0000000080000E40] -> 0x0EB7
mem[X,0x0000000080000E42] -> 0xFF80
[917] [M]: 0x0000000080000E40 (0xFF800EB7) lui t4, -0x800
x29 <- 0xFFFFFFFFFF800000

mem[X,0x0000000080000E44] -> 0x8E93
mem[X,0x0000000080000E46] -> 0xFBFE
[918] [M]: 0x0000000080000E44 (0xFBFE8E93) addi t4, t4, -0x41
x29 <- 0xFFFFFFFFFF7FFFBF

mem[X,0x0000000080000E48] -> 0x9E93
mem[X,0x0000000080000E4A] -> 0x00BE
[919] [M]: 0x0000000080000E48 (0x00BE9E93) slli t4, t4, 0xb
x29 <- 0xFFFFFFFBFFFDF800

mem[X,0x0000000080000E4C] -> 0x8E93
mem[X,0x0000000080000E4E] -> 0x020E
[920] [M]: 0x0000000080000E4C (0x020E8E93) addi t4, t4, 0x20
x29 <- 0xFFFFFFFBFFFDF820

mem[X,0x0000000080000E50] -> 0x9E93
mem[X,0x0000000080000E52] -> 0x00BE
[921] [M]: 0x0000000080000E50 (0x00BE9E93) slli t4, t4, 0xb
x29 <- 0xFFFFDFFFEFC10000

mem[X,0x0000000080000E54] -> 0x8E93
mem[X,0x0000000080000E56] -> 0x03FE
[922] [M]: 0x0000000080000E54 (0x03FE8E93) addi t4, t4, 0x3f
x29 <- 0xFFFFDFFFEFC1003F

mem[X,0x0000000080000E58] -> 0x9E93
mem[X,0x0000000080000E5A] -> 0x00AE
[923] [M]: 0x0000000080000E58 (0x00AE9E93) slli t4, t4, 0xa
x29 <- 0xFF7FFFBF0400FC00

mem[X,0x0000000080000E5C] -> 0x8E93
mem[X,0x0000000080000E5E] -> 0x3FEE
[924] [M]: 0x0000000080000E5C (0x3FEE8E93) addi t4, t4, 0x3fe
x29 <- 0xFF7FFFBF0400FFFE

mem[X,0x0000000080000E60] -> 0x0FBB
mem[X,0x0000000080000E62] -> 0xD1DF
[925] [M]: 0x0000000080000E60 (0xD1DF0FBB) pssub.h t6, t5, t4
x31 <- 0xFC807FFFFBFA0402

mem[X,0x0000000080000E64] -> 0xB423
mem[X,0x0000000080000E66] -> 0x07F0
[926] [M]: 0x0000000080000E64 (0x07F0B423) sd t6, 0x68(ra)
mem[0x0000000080004278] <- 0xFC807FFFFBFA0402

mem[X,0x0000000080000E68] -> 0x0F37
mem[X,0x0000000080000E6A] -> 0xF000
[927] [M]: 0x0000000080000E68 (0xF0000F37) lui t5, -0x10000
x30 <- 0xFFFFFFFFF0000000

mem[X,0x0000000080000E6C] -> 0x0F13
mem[X,0x0000000080000E6E] -> 0xFFFF
[928] [M]: 0x0000000080000E6C (0xFFFF0F13) addi t5, t5, -0x1
x30 <- 0xFFFFFFFFEFFFFFFF

mem[X,0x0000000080000E70] -> 0x1F13
mem[X,0x0000000080000E72] -> 0x00BF
[929] [M]: 0x0000000080000E70 (0x00BF1F13) slli t5, t5, 0xb
x30 <- 0xFFFFFF7FFFFFF800

mem[X,0x0000000080000E74] -> 0x0F13
mem[X,0x0000000080000E76] -> 0x100F
[930] [M]: 0x0000000080000E74 (0x100F0F13) addi t5, t5, 0x100
x30 <- 0xFFFFFF7FFFFFF900

mem[X,0x0000000080000E78] -> 0x1F13
mem[X,0x0000000080000E7A] -> 0x00BF
[931] [M]: 0x0000000080000E78 (0x00BF1F13) slli t5, t5, 0xb
x30 <- 0xFFFBFFFFFFC80000

mem[X,0x0000000080000E7C] -> 0x0F13
mem[X,0x0000000080000E7E] -> 0x000F
[932] [M]: 0x0000000080000E7C (0x000F0F13) addi t5, t5, 0x0
x30 <- 0xFFFBFFFFFFC80000

mem[X,0x0000000080000E80] -> 0x1F13
mem[X,0x0000000080000E82] -> 0x00AF
[933] [M]: 0x0000000080000E80 (0x00AF1F13) slli t5, t5, 0xa
x30 <- 0xEFFFFFFF20000000

mem[X,0x0000000080000E84] -> 0x0F13
mem[X,0x0000000080000E86] -> 0x010F
[934] [M]: 0x0000000080000E84 (0x010F0F13) addi t5, t5, 0x10
x30 <- 0xEFFFFFFF20000010

mem[X,0x0000000080000E88] -> 0x0EB7
mem[X,0x0000000080000E8A] -> 0xFC00
[935] [M]: 0x0000000080000E88 (0xFC000EB7) lui t4, -0x4000
x29 <- 0xFFFFFFFFFC000000

mem[X,0x0000000080000E8C] -> 0x8E93
mem[X,0x0000000080000E8E] -> 0xFF9E
[936] [M]: 0x0000000080000E8C (0xFF9E8E93) addi t4, t4, -0x7
x29 <- 0xFFFFFFFFFBFFFFF9

mem[X,0x0000000080000E90] -> 0x9E93
mem[X,0x0000000080000E92] -> 0x00BE
[937] [M]: 0x0000000080000E90 (0x00BE9E93) slli t4, t4, 0xb
x29 <- 0xFFFFFFDFFFFFC800

mem[X,0x0000000080000E94] -> 0x8E93
mem[X,0x0000000080000E96] -> 0x7FFE
[938] [M]: 0x0000000080000E94 (0x7FFE8E93) addi t4, t4, 0x7ff
x29 <- 0xFFFFFFDFFFFFCFFF

mem[X,0x0000000080000E98] -> 0x9E93
mem[X,0x0000000080000E9A] -> 0x00BE
[939] [M]: 0x0000000080000E98 (0x00BE9E93) slli t4, t4, 0xb
x29 <- 0xFFFEFFFFFE7FF800

mem[X,0x0000000080000E9C] -> 0x8E93
mem[X,0x0000000080000E9E] -> 0x62FE
[940] [M]: 0x0000000080000E9C (0x62FE8E93) addi t4, t4, 0x62f
x29 <- 0xFFFEFFFFFE7FFE2F

mem[X,0x0000000080000EA0] -> 0x9E93
mem[X,0x0000000080000EA2] -> 0x00AE
[941] [M]: 0x0000000080000EA0 (0x00AE9E93) slli t4, t4, 0xa
x29 <- 0xFBFFFFF9FFF8BC00

mem[X,0x0000000080000EA4] -> 0x8E93
mem[X,0x0000000080000EA6] -> 0x3FFE
[942] [M]: 0x0000000080000EA4 (0x3FFE8E93) addi t4, t4, 0x3ff
x29 <- 0xFBFFFFF9FFF8BFFF

mem[X,0x0000000080000EA8] -> 0x0FBB
mem[X,0x0000000080000EAA] -> 0xD1DF
[943] [M]: 0x0000000080000EA8 (0xD1DF0FBB) pssub.h t6, t5, t4
x31 <- 0xF400000620084011

mem[X,0x0000000080000EAC] -> 0xB823
mem[X,0x0000000080000EAE] -> 0x07F0
[944] [M]: 0x0000000080000EAC (0x07F0B823) sd t6, 0x70(ra)
mem[0x0000000080004280] <- 0xF400000620084011

mem[X,0x0000000080000EB0] -> 0x0F37
mem[X,0x0000000080000EB2] -> 0x0002
[945] [M]: 0x0000000080000EB0 (0x00020F37) lui t5, 0x20
x30 <- 0x0000000000020000

mem[X,0x0000000080000EB4] -> 0x0F13
mem[X,0x0000000080000EB6] -> 0x000F
[946] [M]: 0x0000000080000EB4 (0x000F0F13) addi t5, t5, 0x0
x30 <- 0x0000000000020000

mem[X,0x0000000080000EB8] -> 0x1F13
mem[X,0x0000000080000EBA] -> 0x00BF
[947] [M]: 0x0000000080000EB8 (0x00BF1F13) slli t5, t5, 0xb
x30 <- 0x0000000010000000

mem[X,0x0000000080000EBC] -> 0x0F13
mem[X,0x0000000080000EBE] -> 0x6FFF
[948] [M]: 0x0000000080000EBC (0x6FFF0F13) addi t5, t5, 0x6ff
x30 <- 0x00000000100006FF

mem[X,0x0000000080000EC0] -> 0x1F13
mem[X,0x0000000080000EC2] -> 0x00BF
[949] [M]: 0x0000000080000EC0 (0x00BF1F13) slli t5, t5, 0xb
x30 <- 0x000000800037F800

mem[X,0x0000000080000EC4] -> 0x0F13
mem[X,0x0000000080000EC6] -> 0x7D5F
[950] [M]: 0x0000000080000EC4 (0x7D5F0F13) addi t5, t5, 0x7d5
x30 <- 0x000000800037FFD5

mem[X,0x0000000080000EC8] -> 0x1F13
mem[X,0x0000000080000ECA] -> 0x00AF
[951] [M]: 0x0000000080000EC8 (0x00AF1F13) slli t5, t5, 0xa
x30 <- 0x00020000DFFF5400

mem[X,0x0000000080000ECC] -> 0x0F13
mem[X,0x0000000080000ECE] -> 0x155F
[952] [M]: 0x0000000080000ECC (0x155F0F13) addi t5, t5, 0x155
x30 <- 0x00020000DFFF5555

mem[X,0x0000000080000ED0] -> 0xFEB7
mem[X,0x0000000080000ED2] -> 0xEFFF
[953] [M]: 0x0000000080000ED0 (0xEFFFFEB7) lui t4, -0x10001
x29 <- 0xFFFFFFFFEFFFF000

mem[X,0x0000000080000ED4] -> 0x8E93
mem[X,0x0000000080000ED6] -> 0xFFFE
[954] [M]: 0x0000000080000ED4 (0xFFFE8E93) addi t4, t4, -0x1
x29 <- 0xFFFFFFFFEFFFEFFF

mem[X,0x0000000080000ED8] -> 0x9E93
mem[X,0x0000000080000EDA] -> 0x00BE
[955] [M]: 0x0000000080000ED8 (0x00BE9E93) slli t4, t4, 0xb
x29 <- 0xFFFFFF7FFF7FF800

mem[X,0x0000000080000EDC] -> 0x8E93
mem[X,0x0000000080000EDE] -> 0x7EFE
[956] [M]: 0x0000000080000EDC (0x7EFE8E93) addi t4, t4, 0x7ef
x29 <- 0xFFFFFF7FFF7FFFEF

mem[X,0x0000000080000EE0] -> 0x9E93
mem[X,0x0000000080000EE2] -> 0x00BE
[957] [M]: 0x0000000080000EE0 (0x00BE9E93) slli t4, t4, 0xb
x29 <- 0xFFFBFFFBFFFF7800

mem[X,0x0000000080000EE4] -> 0x8E93
mem[X,0x0000000080000EE6] -> 0x7F0E
[958] [M]: 0x0000000080000EE4 (0x7F0E8E93) addi t4, t4, 0x7f0
x29 <- 0xFFFBFFFBFFFF7FF0

mem[X,0x0000000080000EE8] -> 0x9E93
mem[X,0x0000000080000EEA] -> 0x00AE
[959] [M]: 0x0000000080000EE8 (0x00AE9E93) slli t4, t4, 0xa
x29 <- 0xEFFFEFFFFDFFC000

mem[X,0x0000000080000EEC] -> 0x0FBB
mem[X,0x0000000080000EEE] -> 0xD1DF
[960] [M]: 0x0000000080000EEC (0xD1DF0FBB) pssub.h t6, t5, t4
x31 <- 0x10031001E2007FFF

mem[X,0x0000000080000EF0] -> 0xBC23
mem[X,0x0000000080000EF2] -> 0x07F0
[961] [M]: 0x0000000080000EF0 (0x07F0BC23) sd t6, 0x78(ra)
mem[0x0000000080004288] <- 0x10031001E2007FFF

mem[X,0x0000000080000EF4] -> 0x0F37
mem[X,0x0000000080000EF6] -> 0xFFFA
[962] [M]: 0x0000000080000EF4 (0xFFFA0F37) lui t5, -0x60
x30 <- 0xFFFFFFFFFFFA0000

mem[X,0x0000000080000EF8] -> 0x0F13
mem[X,0x0000000080000EFA] -> 0xFFFF
[963] [M]: 0x0000000080000EF8 (0xFFFF0F13) addi t5, t5, -0x1
x30 <- 0xFFFFFFFFFFF9FFFF

mem[X,0x0000000080000EFC] -> 0x1F13
mem[X,0x0000000080000EFE] -> 0x00BF
[964] [M]: 0x0000000080000EFC (0x00BF1F13) slli t5, t5, 0xb
x30 <- 0xFFFFFFFFCFFFF800

mem[X,0x0000000080000F00] -> 0x0F13
mem[X,0x0000000080000F02] -> 0x7FBF
[965] [M]: 0x0000000080000F00 (0x7FBF0F13) addi t5, t5, 0x7fb
x30 <- 0xFFFFFFFFCFFFFFFB

mem[X,0x0000000080000F04] -> 0x1F13
mem[X,0x0000000080000F06] -> 0x00BF
[966] [M]: 0x0000000080000F04 (0x00BF1F13) slli t5, t5, 0xb
x30 <- 0xFFFFFE7FFFFFD800

mem[X,0x0000000080000F08] -> 0x0F13
mem[X,0x0000000080000F0A] -> 0x7EAF
[967] [M]: 0x0000000080000F08 (0x7EAF0F13) addi t5, t5, 0x7ea
x30 <- 0xFFFFFE7FFFFFDFEA

mem[X,0x0000000080000F0C] -> 0x1F13
mem[X,0x0000000080000F0E] -> 0x00AF
[968] [M]: 0x0000000080000F0C (0x00AF1F13) slli t5, t5, 0xa
x30 <- 0xFFF9FFFFFF7FA800

mem[X,0x0000000080000F10] -> 0x0F13
mem[X,0x0000000080000F12] -> 0x2AAF
[969] [M]: 0x0000000080000F10 (0x2AAF0F13) addi t5, t5, 0x2aa
x30 <- 0xFFF9FFFFFF7FAAAA

mem[X,0x0000000080000F14] -> 0x1EB7
mem[X,0x0000000080000F16] -> 0xAAAA
[970] [M]: 0x0000000080000F14 (0xAAAA1EB7) lui t4, -0x5555f
x29 <- 0xFFFFFFFFAAAA1000

mem[X,0x0000000080000F18] -> 0x8E93
mem[X,0x0000000080000F1A] -> 0x800E
[971] [M]: 0x0000000080000F18 (0x800E8E93) addi t4, t4, -0x800
x29 <- 0xFFFFFFFFAAAA0800

mem[X,0x0000000080000F1C] -> 0x9E93
mem[X,0x0000000080000F1E] -> 0x00BE
[972] [M]: 0x0000000080000F1C (0x00BE9E93) slli t4, t4, 0xb
x29 <- 0xFFFFFD5550400000

mem[X,0x0000000080000F20] -> 0x8E93
mem[X,0x0000000080000F22] -> 0x7FDE
[973] [M]: 0x0000000080000F20 (0x7FDE8E93) addi t4, t4, 0x7fd
x29 <- 0xFFFFFD55504007FD

mem[X,0x0000000080000F24] -> 0x9E93
mem[X,0x0000000080000F26] -> 0x00BE
[974] [M]: 0x0000000080000F24 (0x00BE9E93) slli t4, t4, 0xb
x29 <- 0xFFEAAA82003FE800

mem[X,0x0000000080000F28] -> 0x8E93
mem[X,0x0000000080000F2A] -> 0x7C0E
[975] [M]: 0x0000000080000F28 (0x7C0E8E93) addi t4, t4, 0x7c0
x29 <- 0xFFEAAA82003FEFC0

mem[X,0x0000000080000F2C] -> 0x9E93
mem[X,0x0000000080000F2E] -> 0x00AE
[976] [M]: 0x0000000080000F2C (0x00AE9E93) slli t4, t4, 0xa
x29 <- 0xAAAA0800FFBF0000

mem[X,0x0000000080000F30] -> 0x8E93
mem[X,0x0000000080000F32] -> 0x006E
[977] [M]: 0x0000000080000F30 (0x006E8E93) addi t4, t4, 0x6
x29 <- 0xAAAA0800FFBF0006

mem[X,0x0000000080000F34] -> 0x0FBB
mem[X,0x0000000080000F36] -> 0xD1DF
[978] [M]: 0x0000000080000F34 (0xD1DF0FBB) pssub.h t6, t5, t4
x31 <- 0x554FF7FFFFC0AAA4

mem[X,0x0000000080000F38] -> 0xB023
mem[X,0x0000000080000F3A] -> 0x09F0
[979] [M]: 0x0000000080000F38 (0x09F0B023) sd t6, 0x80(ra)
mem[0x0000000080004290] <- 0x554FF7FFFFC0AAA4

mem[X,0x0000000080000F3C] -> 0x4F37
mem[X,0x0000000080000F3E] -> 0x3FFF
[980] [M]: 0x0000000080000F3C (0x3FFF4F37) lui t5, 0x3fff4
x30 <- 0x000000003FFF4000

mem[X,0x0000000080000F40] -> 0x0F13
mem[X,0x0000000080000F42] -> 0x000F
[981] [M]: 0x0000000080000F40 (0x000F0F13) addi t5, t5, 0x0
x30 <- 0x000000003FFF4000

mem[X,0x0000000080000F44] -> 0x1F13
mem[X,0x0000000080000F46] -> 0x00BF
[982] [M]: 0x0000000080000F44 (0x00BF1F13) slli t5, t5, 0xb
x30 <- 0x000001FFFA000000

mem[X,0x0000000080000F48] -> 0x0F13
mem[X,0x0000000080000F4A] -> 0x400F
[983] [M]: 0x0000000080000F48 (0x400F0F13) addi t5, t5, 0x400
x30 <- 0x000001FFFA000400

mem[X,0x0000000080000F4C] -> 0x1F13
mem[X,0x0000000080000F4E] -> 0x00BF
[984] [M]: 0x0000000080000F4C (0x00BF1F13) slli t5, t5, 0xb
x30 <- 0x000FFFD000200000

mem[X,0x0000000080000F50] -> 0x0F13
mem[X,0x0000000080000F52] -> 0x03FF
[985] [M]: 0x0000000080000F50 (0x03FF0F13) addi t5, t5, 0x3f
x30 <- 0x000FFFD00020003F

mem[X,0x0000000080000F54] -> 0x1F13
mem[X,0x0000000080000F56] -> 0x00AF
[986] [M]: 0x0000000080000F54 (0x00AF1F13) slli t5, t5, 0xa
x30 <- 0x3FFF40008000FC00

mem[X,0x0000000080000F58] -> 0x0F13
mem[X,0x0000000080000F5A] -> 0x3FFF
[987] [M]: 0x0000000080000F58 (0x3FFF0F13) addi t5, t5, 0x3ff
x30 <- 0x3FFF40008000FFFF

mem[X,0x0000000080000F5C] -> 0x0EB7
mem[X,0x0000000080000F5E] -> 0x0020
[988] [M]: 0x0000000080000F5C (0x00200EB7) lui t4, 0x200
x29 <- 0x0000000000200000

mem[X,0x0000000080000F60] -> 0x8E93
mem[X,0x0000000080000F62] -> 0x200E
[989] [M]: 0x0000000080000F60 (0x200E8E93) addi t4, t4, 0x200
x29 <- 0x0000000000200200

mem[X,0x0000000080000F64] -> 0x9E93
mem[X,0x0000000080000F66] -> 0x00BE
[990] [M]: 0x0000000080000F64 (0x00BE9E93) slli t4, t4, 0xb
x29 <- 0x0000000100100000

mem[X,0x0000000080000F68] -> 0x8E93
mem[X,0x0000000080000F6A] -> 0x7FFE
[991] [M]: 0x0000000080000F68 (0x7FFE8E93) addi t4, t4, 0x7ff
x29 <- 0x00000001001007FF

mem[X,0x0000000080000F6C] -> 0x9E93
mem[X,0x0000000080000F6E] -> 0x00BE
[992] [M]: 0x0000000080000F6C (0x00BE9E93) slli t4, t4, 0xb
x29 <- 0x00000800803FF800

mem[X,0x0000000080000F70] -> 0x8E93
mem[X,0x0000000080000F72] -> 0x3C0E
[993] [M]: 0x0000000080000F70 (0x3C0E8E93) addi t4, t4, 0x3c0
x29 <- 0x00000800803FFBC0

mem[X,0x0000000080000F74] -> 0x9E93
mem[X,0x0000000080000F76] -> 0x00AE
[994] [M]: 0x0000000080000F74 (0x00AE9E93) slli t4, t4, 0xa
x29 <- 0x00200200FFEF0000

mem[X,0x0000000080000F78] -> 0x8E93
mem[X,0x0000000080000F7A] -> 0x200E
[995] [M]: 0x0000000080000F78 (0x200E8E93) addi t4, t4, 0x200
x29 <- 0x00200200FFEF0200

mem[X,0x0000000080000F7C] -> 0x0FBB
mem[X,0x0000000080000F7E] -> 0xD1DF
[996] [M]: 0x0000000080000F7C (0xD1DF0FBB) pssub.h t6, t5, t4
x31 <- 0x3FDF3E008011FDFF

mem[X,0x0000000080000F80] -> 0xB423
mem[X,0x0000000080000F82] -> 0x09F0
[997] [M]: 0x0000000080000F80 (0x09F0B423) sd t6, 0x88(ra)
mem[0x0000000080004298] <- 0x3FDF3E008011FDFF

mem[X,0x0000000080000F84] -> 0x0F37
mem[X,0x0000000080000F86] -> 0x8001
[998] [M]: 0x0000000080000F84 (0x80010F37) lui t5, -0x7fff0
x30 <- 0xFFFFFFFF80010000

mem[X,0x0000000080000F88] -> 0x0F13
mem[X,0x0000000080000F8A] -> 0xFFEF
[999] [M]: 0x0000000080000F88 (0xFFEF0F13) addi t5, t5, -0x2
x30 <- 0xFFFFFFFF8000FFFE

clint::tick mtime <- 0x000000000000000A
 clint timer pending at mtime 0x000000000000000A
htif::tick 0x0000000000000000
mem[X,0x0000000080000F8C] -> 0x1F13
mem[X,0x0000000080000F8E] -> 0x00BF
[1000] [M]: 0x0000000080000F8C (0x00BF1F13) slli t5, t5, 0xb
x30 <- 0xFFFFFC0007FFF000

mem[X,0x0000000080000F90] -> 0x0F13
mem[X,0x0000000080000F92] -> 0x000F
[1001] [M]: 0x0000000080000F90 (0x000F0F13) addi t5, t5, 0x0
x30 <- 0xFFFFFC0007FFF000

mem[X,0x0000000080000F94] -> 0x1F13
mem[X,0x0000000080000F96] -> 0x00BF
[1002] [M]: 0x0000000080000F94 (0x00BF1F13) slli t5, t5, 0xb
x30 <- 0xFFE0003FFF800000

mem[X,0x0000000080000F98] -> 0x0F13
mem[X,0x0000000080000F9A] -> 0x000F
[1003] [M]: 0x0000000080000F98 (0x000F0F13) addi t5, t5, 0x0
x30 <- 0xFFE0003FFF800000

mem[X,0x0000000080000F9C] -> 0x1F13
mem[X,0x0000000080000F9E] -> 0x00AF
[1004] [M]: 0x0000000080000F9C (0x00AF1F13) slli t5, t5, 0xa
x30 <- 0x8000FFFE00000000

mem[X,0x0000000080000FA0] -> 0x0F13
mem[X,0x0000000080000FA2] -> 0x020F
[1005] [M]: 0x0000000080000FA0 (0x020F0F13) addi t5, t5, 0x20
x30 <- 0x8000FFFE00000020

mem[X,0x0000000080000FA4] -> 0x0EB7
mem[X,0x0000000080000FA6] -> 0xAAAA
[1006] [M]: 0x0000000080000FA4 (0xAAAA0EB7) lui t4, -0x55560
x29 <- 0xFFFFFFFFAAAA0000

mem[X,0x0000000080000FA8] -> 0x8E93
mem[X,0x0000000080000FAA] -> 0x003E
[1007] [M]: 0x0000000080000FA8 (0x003E8E93) addi t4, t4, 0x3
x29 <- 0xFFFFFFFFAAAA0003

mem[X,0x0000000080000FAC] -> 0x9E93
mem[X,0x0000000080000FAE] -> 0x00BE
[1008] [M]: 0x0000000080000FAC (0x00BE9E93) slli t4, t4, 0xb
x29 <- 0xFFFFFD5550001800

mem[X,0x0000000080000FB0] -> 0x8E93
mem[X,0x0000000080000FB2] -> 0x000E
[1009] [M]: 0x0000000080000FB0 (0x000E8E93) addi t4, t4, 0x0
x29 <- 0xFFFFFD5550001800

mem[X,0x0000000080000FB4] -> 0x9E93
mem[X,0x0000000080000FB6] -> 0x00BE
[1010] [M]: 0x0000000080000FB4 (0x00BE9E93) slli t4, t4, 0xb
x29 <- 0xFFEAAA8000C00000

mem[X,0x0000000080000FB8] -> 0x8E93
mem[X,0x0000000080000FBA] -> 0x13FE
[1011] [M]: 0x0000000080000FB8 (0x13FE8E93) addi t4, t4, 0x13f
x29 <- 0xFFEAAA8000C0013F

mem[X,0x0000000080000FBC] -> 0x9E93
mem[X,0x0000000080000FBE] -> 0x00AE
[1012] [M]: 0x0000000080000FBC (0x00AE9E93) slli t4, t4, 0xa
x29 <- 0xAAAA00030004FC00

mem[X,0x0000000080000FC0] -> 0x8E93
mem[X,0x0000000080000FC2] -> 0x3FFE
[1013] [M]: 0x0000000080000FC0 (0x3FFE8E93) addi t4, t4, 0x3ff
x29 <- 0xAAAA00030004FFFF

mem[X,0x0000000080000FC4] -> 0x0FBB
mem[X,0x0000000080000FC6] -> 0xD1DF
[1014] [M]: 0x0000000080000FC4 (0xD1DF0FBB) pssub.h t6, t5, t4
x31 <- 0xD556FFFBFFFC0021

mem[X,0x0000000080000FC8] -> 0xB823
mem[X,0x0000000080000FCA] -> 0x09F0
[1015] [M]: 0x0000000080000FC8 (0x09F0B823) sd t6, 0x90(ra)
mem[0x00000000800042A0] <- 0xD556FFFBFFFC0021

mem[X,0x0000000080000FCC] -> 0x0F37
mem[X,0x0000000080000FCE] -> 0x0401
[1016] [M]: 0x0000000080000FCC (0x04010F37) lui t5, 0x4010
x30 <- 0x0000000004010000

mem[X,0x0000000080000FD0] -> 0x0F13
mem[X,0x0000000080000FD2] -> 0xFFDF
[1017] [M]: 0x0000000080000FD0 (0xFFDF0F13) addi t5, t5, -0x3
x30 <- 0x000000000400FFFD

mem[X,0x0000000080000FD4] -> 0x1F13
mem[X,0x0000000080000FD6] -> 0x00BF
[1018] [M]: 0x0000000080000FD4 (0x00BF1F13) slli t5, t5, 0xb
x30 <- 0x0000002007FFE800

mem[X,0x0000000080000FD8] -> 0x0F13
mem[X,0x0000000080000FDA] -> 0x000F
[1019] [M]: 0x0000000080000FD8 (0x000F0F13) addi t5, t5, 0x0
x30 <- 0x0000002007FFE800

mem[X,0x0000000080000FDC] -> 0x1F13
mem[X,0x0000000080000FDE] -> 0x00BF
[1020] [M]: 0x0000000080000FDC (0x00BF1F13) slli t5, t5, 0xb
x30 <- 0x0001003FFF400000

mem[X,0x0000000080000FE0] -> 0x0F13
mem[X,0x0000000080000FE2] -> 0x080F
[1021] [M]: 0x0000000080000FE0 (0x080F0F13) addi t5, t5, 0x80
x30 <- 0x0001003FFF400080

mem[X,0x0000000080000FE4] -> 0x1F13
mem[X,0x0000000080000FE6] -> 0x00AF
[1022] [M]: 0x0000000080000FE4 (0x00AF1F13) slli t5, t5, 0xa
x30 <- 0x0400FFFD00020000

mem[X,0x0000000080000FE8] -> 0x0F13
mem[X,0x0000000080000FEA] -> 0x100F
[1023] [M]: 0x0000000080000FE8 (0x100F0F13) addi t5, t5, 0x100
x30 <- 0x0400FFFD00020100

mem[X,0x0000000080000FEC] -> 0x4EB7
mem[X,0x0000000080000FEE] -> 0x0004
[1024] [M]: 0x0000000080000FEC (0x00044EB7) lui t4, 0x44
x29 <- 0x0000000000044000

mem[X,0x0000000080000FF0] -> 0x8E93
mem[X,0x0000000080000FF2] -> 0xFFFE
[1025] [M]: 0x0000000080000FF0 (0xFFFE8E93) addi t4, t4, -0x1
x29 <- 0x0000000000043FFF

mem[X,0x0000000080000FF4] -> 0x9E93
mem[X,0x0000000080000FF6] -> 0x00BE
[1026] [M]: 0x0000000080000FF4 (0x00BE9E93) slli t4, t4, 0xb
x29 <- 0x0000000021FFF800

mem[X,0x0000000080000FF8] -> 0x8E93
mem[X,0x0000000080000FFA] -> 0x001E
[1027] [M]: 0x0000000080000FF8 (0x001E8E93) addi t4, t4, 0x1
x29 <- 0x0000000021FFF801

mem[X,0x0000000080000FFC] -> 0x9E93
mem[X,0x0000000080000FFE] -> 0x00BE
[1028] [M]: 0x0000000080000FFC (0x00BE9E93) slli t4, t4, 0xb
x29 <- 0x0000010FFFC00800

mem[X,0x0000000080001000] -> 0x8E93
mem[X,0x0000000080001002] -> 0x008E
[1029] [M]: 0x0000000080001000 (0x008E8E93) addi t4, t4, 0x8
x29 <- 0x0000010FFFC00808

mem[X,0x0000000080001004] -> 0x9E93
mem[X,0x0000000080001006] -> 0x00AE
[1030] [M]: 0x0000000080001004 (0x00AE9E93) slli t4, t4, 0xa
x29 <- 0x00043FFF00202000

mem[X,0x0000000080001008] -> 0x0FBB
mem[X,0x000000008000100A] -> 0xD1DF
[1031] [M]: 0x0000000080001008 (0xD1DF0FBB) pssub.h t6, t5, t4
x31 <- 0x03FCBFFEFFE2E100

mem[X,0x000000008000100C] -> 0xBC23
mem[X,0x000000008000100E] -> 0x09F0
[1032] [M]: 0x000000008000100C (0x09F0BC23) sd t6, 0x98(ra)
mem[0x00000000800042A8] <- 0x03FCBFFEFFE2E100

mem[X,0x0000000080001010] -> 0x0F37
mem[X,0x0000000080001012] -> 0x0101
[1033] [M]: 0x0000000080001010 (0x01010F37) lui t5, 0x1010
x30 <- 0x0000000001010000

mem[X,0x0000000080001014] -> 0x0F13
mem[X,0x0000000080001016] -> 0xFFDF
[1034] [M]: 0x0000000080001014 (0xFFDF0F13) addi t5, t5, -0x3
x30 <- 0x000000000100FFFD

mem[X,0x0000000080001018] -> 0x1F13
mem[X,0x000000008000101A] -> 0x00BF
[1035] [M]: 0x0000000080001018 (0x00BF1F13) slli t5, t5, 0xb
x30 <- 0x0000000807FFE800

mem[X,0x000000008000101C] -> 0x0F13
mem[X,0x000000008000101E] -> 0x000F
[1036] [M]: 0x000000008000101C (0x000F0F13) addi t5, t5, 0x0
x30 <- 0x0000000807FFE800

mem[X,0x0000000080001020] -> 0x1F13
mem[X,0x0000000080001022] -> 0x00BF
[1037] [M]: 0x0000000080001020 (0x00BF1F13) slli t5, t5, 0xb
x30 <- 0x0000403FFF400000

mem[X,0x0000000080001024] -> 0x0F13
mem[X,0x0000000080001026] -> 0x12AF
[1038] [M]: 0x0000000080001024 (0x12AF0F13) addi t5, t5, 0x12a
x30 <- 0x0000403FFF40012A

mem[X,0x0000000080001028] -> 0x1F13
mem[X,0x000000008000102A] -> 0x00AF
[1039] [M]: 0x0000000080001028 (0x00AF1F13) slli t5, t5, 0xa
x30 <- 0x0100FFFD0004A800

mem[X,0x000000008000102C] -> 0x0F13
mem[X,0x000000008000102E] -> 0x2AAF
[1040] [M]: 0x000000008000102C (0x2AAF0F13) addi t5, t5, 0x2aa
x30 <- 0x0100FFFD0004AAAA

mem[X,0x0000000080001030] -> 0xFEB7
mem[X,0x0000000080001032] -> 0x0400
[1041] [M]: 0x0000000080001030 (0x0400FEB7) lui t4, 0x400f
x29 <- 0x000000000400F000

mem[X,0x0000000080001034] -> 0x8E93
mem[X,0x0000000080001036] -> 0x7FFE
[1042] [M]: 0x0000000080001034 (0x7FFE8E93) addi t4, t4, 0x7ff
x29 <- 0x000000000400F7FF

mem[X,0x0000000080001038] -> 0x9E93
mem[X,0x000000008000103A] -> 0x00BE
[1043] [M]: 0x0000000080001038 (0x00BE9E93) slli t4, t4, 0xb
x29 <- 0x0000002007BFF800

mem[X,0x000000008000103C] -> 0x8E93
mem[X,0x000000008000103E] -> 0x7FEE
[1044] [M]: 0x000000008000103C (0x7FEE8E93) addi t4, t4, 0x7fe
x29 <- 0x0000002007BFFFFE

mem[X,0x0000000080001040] -> 0x9E93
mem[X,0x0000000080001042] -> 0x00BE
[1045] [M]: 0x0000000080001040 (0x00BE9E93) slli t4, t4, 0xb
x29 <- 0x0001003DFFFFF000

mem[X,0x0000000080001044] -> 0x8E93
mem[X,0x0000000080001046] -> 0x7C1E
[1046] [M]: 0x0000000080001044 (0x7C1E8E93) addi t4, t4, 0x7c1
x29 <- 0x0001003DFFFFF7C1

mem[X,0x0000000080001048] -> 0x9E93
mem[X,0x000000008000104A] -> 0x00AE
[1047] [M]: 0x0000000080001048 (0x00AE9E93) slli t4, t4, 0xa
x29 <- 0x0400F7FFFFDF0400

mem[X,0x000000008000104C] -> 0x0FBB
mem[X,0x000000008000104E] -> 0xD1DF
[1048] [M]: 0x000000008000104C (0xD1DF0FBB) pssub.h t6, t5, t4
x31 <- 0xFD0007FE0025A6AA

mem[X,0x0000000080001050] -> 0xB023
mem[X,0x0000000080001052] -> 0x0BF0
[1049] [M]: 0x0000000080001050 (0x0BF0B023) sd t6, 0xa0(ra)
mem[0x00000000800042B0] <- 0xFD0007FE0025A6AA

mem[X,0x0000000080001054] -> 0x0F37
mem[X,0x0000000080001056] -> 0x2001
[1050] [M]: 0x0000000080001054 (0x20010F37) lui t5, 0x20010
x30 <- 0x0000000020010000

mem[X,0x0000000080001058] -> 0x0F13
mem[X,0x000000008000105A] -> 0xFDFF
[1051] [M]: 0x0000000080001058 (0xFDFF0F13) addi t5, t5, -0x21
x30 <- 0x000000002000FFDF

mem[X,0x000000008000105C] -> 0x1F13
mem[X,0x000000008000105E] -> 0x00BF
[1052] [M]: 0x000000008000105C (0x00BF1F13) slli t5, t5, 0xb
x30 <- 0x0000010007FEF800

mem[X,0x0000000080001060] -> 0x0F13
mem[X,0x0000000080001062] -> 0x000F
[1053] [M]: 0x0000000080001060 (0x000F0F13) addi t5, t5, 0x0
x30 <- 0x0000010007FEF800

mem[X,0x0000000080001064] -> 0x1F13
mem[X,0x0000000080001066] -> 0x00BF
[1054] [M]: 0x0000000080001064 (0x00BF1F13) slli t5, t5, 0xb
x30 <- 0x0008003FF7C00000

mem[X,0x0000000080001068] -> 0x0F13
mem[X,0x000000008000106A] -> 0x400F
[1055] [M]: 0x0000000080001068 (0x400F0F13) addi t5, t5, 0x400
x30 <- 0x0008003FF7C00400

mem[X,0x000000008000106C] -> 0x1F13
mem[X,0x000000008000106E] -> 0x00AF
[1056] [M]: 0x000000008000106C (0x00AF1F13) slli t5, t5, 0xa
x30 <- 0x2000FFDF00100000

mem[X,0x0000000080001070] -> 0x0F13
mem[X,0x0000000080001072] -> 0x010F
[1057] [M]: 0x0000000080001070 (0x010F0F13) addi t5, t5, 0x10
x30 <- 0x2000FFDF00100010

mem[X,0x0000000080001074] -> 0x0EB7
mem[X,0x0000000080001076] -> 0x4000
[1058] [M]: 0x0000000080001074 (0x40000EB7) lui t4, 0x40000
x29 <- 0x0000000040000000

mem[X,0x0000000080001078] -> 0x8E93
mem[X,0x000000008000107A] -> 0x100E
[1059] [M]: 0x0000000080001078 (0x100E8E93) addi t4, t4, 0x100
x29 <- 0x0000000040000100

mem[X,0x000000008000107C] -> 0x9E93
mem[X,0x000000008000107E] -> 0x00BE
[1060] [M]: 0x000000008000107C (0x00BE9E93) slli t4, t4, 0xb
x29 <- 0x0000020000080000

mem[X,0x0000000080001080] -> 0x8E93
mem[X,0x0000000080001082] -> 0x7FFE
[1061] [M]: 0x0000000080001080 (0x7FFE8E93) addi t4, t4, 0x7ff
x29 <- 0x00000200000807FF

mem[X,0x0000000080001084] -> 0x9E93
mem[X,0x0000000080001086] -> 0x00BE
[1062] [M]: 0x0000000080001084 (0x00BE9E93) slli t4, t4, 0xb
x29 <- 0x00100000403FF800

mem[X,0x0000000080001088] -> 0x8E93
mem[X,0x000000008000108A] -> 0x6F0E
[1063] [M]: 0x0000000080001088 (0x6F0E8E93) addi t4, t4, 0x6f0
x29 <- 0x00100000403FFEF0

mem[X,0x000000008000108C] -> 0x9E93
mem[X,0x000000008000108E] -> 0x00AE
[1064] [M]: 0x000000008000108C (0x00AE9E93) slli t4, t4, 0xa
x29 <- 0x40000100FFFBC000

mem[X,0x0000000080001090] -> 0x0FBB
mem[X,0x0000000080001092] -> 0xD1DF
[1065] [M]: 0x0000000080001090 (0xD1DF0FBB) pssub.h t6, t5, t4
x31 <- 0xE000FEDF00154010

mem[X,0x0000000080001094] -> 0xB423
mem[X,0x0000000080001096] -> 0x0BF0
[1066] [M]: 0x0000000080001094 (0x0BF0B423) sd t6, 0xa8(ra)
mem[0x00000000800042B8] <- 0xE000FEDF00154010

mem[X,0x0000000080001098] -> 0x0F37
mem[X,0x000000008000109A] -> 0x0009
[1067] [M]: 0x0000000080001098 (0x00090F37) lui t5, 0x90
x30 <- 0x0000000000090000

mem[X,0x000000008000109C] -> 0x0F13
mem[X,0x000000008000109E] -> 0x003F
[1068] [M]: 0x000000008000109C (0x003F0F13) addi t5, t5, 0x3
x30 <- 0x0000000000090003

mem[X,0x00000000800010A0] -> 0x1F13
mem[X,0x00000000800010A2] -> 0x00BF
[1069] [M]: 0x00000000800010A0 (0x00BF1F13) slli t5, t5, 0xb
x30 <- 0x0000000048001800

mem[X,0x00000000800010A4] -> 0x0F13
mem[X,0x00000000800010A6] -> 0x001F
[1070] [M]: 0x00000000800010A4 (0x001F0F13) addi t5, t5, 0x1
x30 <- 0x0000000048001801

mem[X,0x00000000800010A8] -> 0x1F13
mem[X,0x00000000800010AA] -> 0x00BF
[1071] [M]: 0x00000000800010A8 (0x00BF1F13) slli t5, t5, 0xb
x30 <- 0x0000024000C00800

mem[X,0x00000000800010AC] -> 0x0F13
mem[X,0x00000000800010AE] -> 0x03FF
[1072] [M]: 0x00000000800010AC (0x03FF0F13) addi t5, t5, 0x3f
x30 <- 0x0000024000C0083F

mem[X,0x00000000800010B0] -> 0x1F13
mem[X,0x00000000800010B2] -> 0x00AF
[1073] [M]: 0x00000000800010B0 (0x00AF1F13) slli t5, t5, 0xa
x30 <- 0x000900030020FC00

mem[X,0x00000000800010B4] -> 0x0F13
mem[X,0x00000000800010B6] -> 0x3FCF
[1074] [M]: 0x00000000800010B4 (0x3FCF0F13) addi t5, t5, 0x3fc
x30 <- 0x000900030020FFFC

mem[X,0x00000000800010B8] -> 0x0EB7
mem[X,0x00000000800010BA] -> 0xF800
[1075] [M]: 0x00000000800010B8 (0xF8000EB7) lui t4, -0x8000
x29 <- 0xFFFFFFFFF8000000

mem[X,0x00000000800010BC] -> 0x8E93
mem[X,0x00000000800010BE] -> 0xFF9E
[1076] [M]: 0x00000000800010BC (0xFF9E8E93) addi t4, t4, -0x7
x29 <- 0xFFFFFFFFF7FFFFF9

mem[X,0x00000000800010C0] -> 0x9E93
mem[X,0x00000000800010C2] -> 0x00BE
[1077] [M]: 0x00000000800010C0 (0x00BE9E93) slli t4, t4, 0xb
x29 <- 0xFFFFFFBFFFFFC800

mem[X,0x00000000800010C4] -> 0x8E93
mem[X,0x00000000800010C6] -> 0x008E
[1078] [M]: 0x00000000800010C4 (0x008E8E93) addi t4, t4, 0x8
x29 <- 0xFFFFFFBFFFFFC808

mem[X,0x00000000800010C8] -> 0x9E93
mem[X,0x00000000800010CA] -> 0x00BE
[1079] [M]: 0x00000000800010C8 (0x00BE9E93) slli t4, t4, 0xb
x29 <- 0xFFFDFFFFFE404000

mem[X,0x00000000800010CC] -> 0x8E93
mem[X,0x00000000800010CE] -> 0x03FE
[1080] [M]: 0x00000000800010CC (0x03FE8E93) addi t4, t4, 0x3f
x29 <- 0xFFFDFFFFFE40403F

mem[X,0x00000000800010D0] -> 0x9E93
mem[X,0x00000000800010D2] -> 0x00AE
[1081] [M]: 0x00000000800010D0 (0x00AE9E93) slli t4, t4, 0xa
x29 <- 0xF7FFFFF90100FC00

mem[X,0x00000000800010D4] -> 0x8E93
mem[X,0x00000000800010D6] -> 0x3FAE
[1082] [M]: 0x00000000800010D4 (0x3FAE8E93) addi t4, t4, 0x3fa
x29 <- 0xF7FFFFF90100FFFA

mem[X,0x00000000800010D8] -> 0x0FBB
mem[X,0x00000000800010DA] -> 0xD1DF
[1083] [M]: 0x00000000800010D8 (0xD1DF0FBB) pssub.h t6, t5, t4
x31 <- 0x080A000AFF200002

mem[X,0x00000000800010DC] -> 0xB823
mem[X,0x00000000800010DE] -> 0x0BF0
[1084] [M]: 0x00000000800010DC (0x0BF0B823) sd t6, 0xb0(ra)
mem[0x00000000800042C0] <- 0x080A000AFF200002

mem[X,0x00000000800010E0] -> 0x0F37
mem[X,0x00000000800010E2] -> 0xFFE0
[1085] [M]: 0x00000000800010E0 (0xFFE00F37) lui t5, -0x200
x30 <- 0xFFFFFFFFFFE00000

mem[X,0x00000000800010E4] -> 0x0F13
mem[X,0x00000000800010E6] -> 0xFEFF
[1086] [M]: 0x00000000800010E4 (0xFEFF0F13) addi t5, t5, -0x11
x30 <- 0xFFFFFFFFFFDFFFEF

mem[X,0x00000000800010E8] -> 0x1F13
mem[X,0x00000000800010EA] -> 0x00BF
[1087] [M]: 0x00000000800010E8 (0x00BF1F13) slli t5, t5, 0xb
x30 <- 0xFFFFFFFEFFFF7800

mem[X,0x00000000800010EC] -> 0x0F13
mem[X,0x00000000800010EE] -> 0x008F
[1088] [M]: 0x00000000800010EC (0x008F0F13) addi t5, t5, 0x8
x30 <- 0xFFFFFFFEFFFF7808

mem[X,0x00000000800010F0] -> 0x1F13
mem[X,0x00000000800010F2] -> 0x00BF
[1089] [M]: 0x00000000800010F0 (0x00BF1F13) slli t5, t5, 0xb
x30 <- 0xFFFFF7FFFBC04000

mem[X,0x00000000800010F4] -> 0x0F13
mem[X,0x00000000800010F6] -> 0x000F
[1090] [M]: 0x00000000800010F4 (0x000F0F13) addi t5, t5, 0x0
x30 <- 0xFFFFF7FFFBC04000

mem[X,0x00000000800010F8] -> 0x1F13
mem[X,0x00000000800010FA] -> 0x00AF
[1091] [M]: 0x00000000800010F8 (0x00AF1F13) slli t5, t5, 0xa
x30 <- 0xFFDFFFEF01000000

mem[X,0x00000000800010FC] -> 0x0F13
mem[X,0x00000000800010FE] -> 0x005F
[1092] [M]: 0x00000000800010FC (0x005F0F13) addi t5, t5, 0x5
x30 <- 0xFFDFFFEF01000005

mem[X,0x0000000080001100] -> 0xFEB7
mem[X,0x0000000080001102] -> 0xBFFF
[1093] [M]: 0x0000000080001100 (0xBFFFFEB7) lui t4, -0x40001
x29 <- 0xFFFFFFFFBFFFF000

mem[X,0x0000000080001104] -> 0x8E93
mem[X,0x0000000080001106] -> 0x7FFE
[1094] [M]: 0x0000000080001104 (0x7FFE8E93) addi t4, t4, 0x7ff
x29 <- 0xFFFFFFFFBFFFF7FF

mem[X,0x0000000080001108] -> 0x9E93
mem[X,0x000000008000110A] -> 0x00BE
[1095] [M]: 0x0000000080001108 (0x00BE9E93) slli t4, t4, 0xb
x29 <- 0xFFFFFDFFFFBFF800

mem[X,0x000000008000110C] -> 0x8E93
mem[X,0x000000008000110E] -> 0x5FFE
[1096] [M]: 0x000000008000110C (0x5FFE8E93) addi t4, t4, 0x5ff
x29 <- 0xFFFFFDFFFFBFFDFF

mem[X,0x0000000080001110] -> 0x9E93
mem[X,0x0000000080001112] -> 0x00BE
[1097] [M]: 0x0000000080001110 (0x00BE9E93) slli t4, t4, 0xb
x29 <- 0xFFEFFFFDFFEFF800

mem[X,0x0000000080001114] -> 0x8E93
mem[X,0x0000000080001116] -> 0x7FFE
[1098] [M]: 0x0000000080001114 (0x7FFE8E93) addi t4, t4, 0x7ff
x29 <- 0xFFEFFFFDFFEFFFFF

mem[X,0x0000000080001118] -> 0x9E93
mem[X,0x000000008000111A] -> 0x00AE
[1099] [M]: 0x0000000080001118 (0x00AE9E93) slli t4, t4, 0xa
x29 <- 0xBFFFF7FFBFFFFC00

clint::tick mtime <- 0x000000000000000B
 clint timer pending at mtime 0x000000000000000B
htif::tick 0x0000000000000000
mem[X,0x000000008000111C] -> 0x8E93
mem[X,0x000000008000111E] -> 0x3F6E
[1100] [M]: 0x000000008000111C (0x3F6E8E93) addi t4, t4, 0x3f6
x29 <- 0xBFFFF7FFBFFFFFF6

mem[X,0x0000000080001120] -> 0x0FBB
mem[X,0x0000000080001122] -> 0xD1DF
[1101] [M]: 0x0000000080001120 (0xD1DF0FBB) pssub.h t6, t5, t4
x31 <- 0x3FE007F04101000F

mem[X,0x0000000080001124] -> 0xBC23
mem[X,0x0000000080001126] -> 0x0BF0
[1102] [M]: 0x0000000080001124 (0x0BF0BC23) sd t6, 0xb8(ra)
mem[0x00000000800042C8] <- 0x3FE007F04101000F

mem[X,0x0000000080001128] -> 0x0F37
mem[X,0x000000008000112A] -> 0x0040
[1103] [M]: 0x0000000080001128 (0x00400F37) lui t5, 0x400
x30 <- 0x0000000000400000

mem[X,0x000000008000112C] -> 0x0F13
mem[X,0x000000008000112E] -> 0x010F
[1104] [M]: 0x000000008000112C (0x010F0F13) addi t5, t5, 0x10
x30 <- 0x0000000000400010

mem[X,0x0000000080001130] -> 0x1F13
mem[X,0x0000000080001132] -> 0x00BF
[1105] [M]: 0x0000000080001130 (0x00BF1F13) slli t5, t5, 0xb
x30 <- 0x0000000200008000

mem[X,0x0000000080001134] -> 0x0F13
mem[X,0x0000000080001136] -> 0x040F
[1106] [M]: 0x0000000080001134 (0x040F0F13) addi t5, t5, 0x40
x30 <- 0x0000000200008040

mem[X,0x0000000080001138] -> 0x1F13
mem[X,0x000000008000113A] -> 0x00BF
[1107] [M]: 0x0000000080001138 (0x00BF1F13) slli t5, t5, 0xb
x30 <- 0x0000100004020000

mem[X,0x000000008000113C] -> 0x0F13
mem[X,0x000000008000113E] -> 0x000F
[1108] [M]: 0x000000008000113C (0x000F0F13) addi t5, t5, 0x0
x30 <- 0x0000100004020000

mem[X,0x0000000080001140] -> 0x1F13
mem[X,0x0000000080001142] -> 0x00AF
[1109] [M]: 0x0000000080001140 (0x00AF1F13) slli t5, t5, 0xa
x30 <- 0x0040001008000000

mem[X,0x0000000080001144] -> 0x0F13
mem[X,0x0000000080001146] -> 0x020F
[1110] [M]: 0x0000000080001144 (0x020F0F13) addi t5, t5, 0x20
x30 <- 0x0040001008000020

mem[X,0x0000000080001148] -> 0x0EB7
mem[X,0x000000008000114A] -> 0x0041
[1111] [M]: 0x0000000080001148 (0x00410EB7) lui t4, 0x410
x29 <- 0x0000000000410000

mem[X,0x000000008000114C] -> 0x8E93
mem[X,0x000000008000114E] -> 0xFFFE
[1112] [M]: 0x000000008000114C (0xFFFE8E93) addi t4, t4, -0x1
x29 <- 0x000000000040FFFF

mem[X,0x0000000080001150] -> 0x9E93
mem[X,0x0000000080001152] -> 0x00BE
[1113] [M]: 0x0000000080001150 (0x00BE9E93) slli t4, t4, 0xb
x29 <- 0x0000000207FFF800

mem[X,0x0000000080001154] -> 0x8E93
mem[X,0x0000000080001156] -> 0x002E
[1114] [M]: 0x0000000080001154 (0x002E8E93) addi t4, t4, 0x2
x29 <- 0x0000000207FFF802

mem[X,0x0000000080001158] -> 0x9E93
mem[X,0x000000008000115A] -> 0x00BE
[1115] [M]: 0x0000000080001158 (0x00BE9E93) slli t4, t4, 0xb
x29 <- 0x0000103FFFC01000

mem[X,0x000000008000115C] -> 0x8E93
mem[X,0x000000008000115E] -> 0x02AE
[1116] [M]: 0x000000008000115C (0x02AE8E93) addi t4, t4, 0x2a
x29 <- 0x0000103FFFC0102A

mem[X,0x0000000080001160] -> 0x9E93
mem[X,0x0000000080001162] -> 0x00AE
[1117] [M]: 0x0000000080001160 (0x00AE9E93) slli t4, t4, 0xa
x29 <- 0x0040FFFF0040A800

mem[X,0x0000000080001164] -> 0x8E93
mem[X,0x0000000080001166] -> 0x2AAE
[1118] [M]: 0x0000000080001164 (0x2AAE8E93) addi t4, t4, 0x2aa
x29 <- 0x0040FFFF0040AAAA

mem[X,0x0000000080001168] -> 0x0FBB
mem[X,0x000000008000116A] -> 0xD1DF
[1119] [M]: 0x0000000080001168 (0xD1DF0FBB) pssub.h t6, t5, t4
x31 <- 0x0000001107C05576

mem[X,0x000000008000116C] -> 0xB023
mem[X,0x000000008000116E] -> 0x0DF0
[1120] [M]: 0x000000008000116C (0x0DF0B023) sd t6, 0xc0(ra)
mem[0x00000000800042D0] <- 0x0000001107C05576

mem[X,0x0000000080001170] -> 0xCF37
mem[X,0x0000000080001172] -> 0xFFFB
[1121] [M]: 0x0000000080001170 (0xFFFBCF37) lui t5, -0x44
x30 <- 0xFFFFFFFFFFFBC000

mem[X,0x0000000080001174] -> 0x0F13
mem[X,0x0000000080001176] -> 0x000F
[1122] [M]: 0x0000000080001174 (0x000F0F13) addi t5, t5, 0x0
x30 <- 0xFFFFFFFFFFFBC000

mem[X,0x0000000080001178] -> 0x1F13
mem[X,0x000000008000117A] -> 0x00BF
[1123] [M]: 0x0000000080001178 (0x00BF1F13) slli t5, t5, 0xb
x30 <- 0xFFFFFFFFDE000000

mem[X,0x000000008000117C] -> 0x0F13
mem[X,0x000000008000117E] -> 0x1FFF
[1124] [M]: 0x000000008000117C (0x1FFF0F13) addi t5, t5, 0x1ff
x30 <- 0xFFFFFFFFDE0001FF

mem[X,0x0000000080001180] -> 0x1F13
mem[X,0x0000000080001182] -> 0x00BF
[1125] [M]: 0x0000000080001180 (0x00BF1F13) slli t5, t5, 0xb
x30 <- 0xFFFFFEF0000FF800

mem[X,0x0000000080001184] -> 0x0F13
mem[X,0x0000000080001186] -> 0x7C0F
[1126] [M]: 0x0000000080001184 (0x7C0F0F13) addi t5, t5, 0x7c0
x30 <- 0xFFFFFEF0000FFFC0

mem[X,0x0000000080001188] -> 0x1F13
mem[X,0x000000008000118A] -> 0x00AF
[1127] [M]: 0x0000000080001188 (0x00AF1F13) slli t5, t5, 0xa
x30 <- 0xFFFBC0003FFF0000

mem[X,0x000000008000118C] -> 0x0F13
mem[X,0x000000008000118E] -> 0x008F
[1128] [M]: 0x000000008000118C (0x008F0F13) addi t5, t5, 0x8
x30 <- 0xFFFBC0003FFF0008

mem[X,0x0000000080001190] -> 0x0EB7
mem[X,0x0000000080001192] -> 0xFE00
[1129] [M]: 0x0000000080001190 (0xFE000EB7) lui t4, -0x2000
x29 <- 0xFFFFFFFFFE000000

mem[X,0x0000000080001194] -> 0x8E93
mem[X,0x0000000080001196] -> 0xFFAE
[1130] [M]: 0x0000000080001194 (0xFFAE8E93) addi t4, t4, -0x6
x29 <- 0xFFFFFFFFFDFFFFFA

mem[X,0x0000000080001198] -> 0x9E93
mem[X,0x000000008000119A] -> 0x00BE
[1131] [M]: 0x0000000080001198 (0x00BE9E93) slli t4, t4, 0xb
x29 <- 0xFFFFFFEFFFFFD000

mem[X,0x000000008000119C] -> 0x8E93
mem[X,0x000000008000119E] -> 0x000E
[1132] [M]: 0x000000008000119C (0x000E8E93) addi t4, t4, 0x0
x29 <- 0xFFFFFFEFFFFFD000

mem[X,0x00000000800011A0] -> 0x9E93
mem[X,0x00000000800011A2] -> 0x00BE
[1133] [M]: 0x00000000800011A0 (0x00BE9E93) slli t4, t4, 0xb
x29 <- 0xFFFF7FFFFE800000

mem[X,0x00000000800011A4] -> 0x8E93
mem[X,0x00000000800011A6] -> 0x237E
[1134] [M]: 0x00000000800011A4 (0x237E8E93) addi t4, t4, 0x237
x29 <- 0xFFFF7FFFFE800237

mem[X,0x00000000800011A8] -> 0x9E93
mem[X,0x00000000800011AA] -> 0x00AE
[1135] [M]: 0x00000000800011A8 (0x00AE9E93) slli t4, t4, 0xa
x29 <- 0xFDFFFFFA0008DC00

mem[X,0x00000000800011AC] -> 0x8E93
mem[X,0x00000000800011AE] -> 0x3FFE
[1136] [M]: 0x00000000800011AC (0x3FFE8E93) addi t4, t4, 0x3ff
x29 <- 0xFDFFFFFA0008DFFF

mem[X,0x00000000800011B0] -> 0x0FBB
mem[X,0x00000000800011B2] -> 0xD1DF
[1137] [M]: 0x00000000800011B0 (0xD1DF0FBB) pssub.h t6, t5, t4
x31 <- 0x01FCC0063FF72009

mem[X,0x00000000800011B4] -> 0xB423
mem[X,0x00000000800011B6] -> 0x0DF0
[1138] [M]: 0x00000000800011B4 (0x0DF0B423) sd t6, 0xc8(ra)
mem[0x00000000800042D8] <- 0x01FCC0063FF72009

mem[X,0x00000000800011B8] -> 0x0F37
mem[X,0x00000000800011BA] -> 0xFF00
[1139] [M]: 0x00000000800011B8 (0xFF000F37) lui t5, -0x1000
x30 <- 0xFFFFFFFFFF000000

mem[X,0x00000000800011BC] -> 0x0F13
mem[X,0x00000000800011BE] -> 0xFFCF
[1140] [M]: 0x00000000800011BC (0xFFCF0F13) addi t5, t5, -0x4
x30 <- 0xFFFFFFFFFEFFFFFC

mem[X,0x00000000800011C0] -> 0x1F13
mem[X,0x00000000800011C2] -> 0x00BF
[1141] [M]: 0x00000000800011C0 (0x00BF1F13) slli t5, t5, 0xb
x30 <- 0xFFFFFFF7FFFFE000

mem[X,0x00000000800011C4] -> 0x0F13
mem[X,0x00000000800011C6] -> 0x004F
[1142] [M]: 0x00000000800011C4 (0x004F0F13) addi t5, t5, 0x4
x30 <- 0xFFFFFFF7FFFFE004

mem[X,0x00000000800011C8] -> 0x1F13
mem[X,0x00000000800011CA] -> 0x00BF
[1143] [M]: 0x00000000800011C8 (0x00BF1F13) slli t5, t5, 0xb
x30 <- 0xFFFFBFFFFF002000

mem[X,0x00000000800011CC] -> 0x0F13
mem[X,0x00000000800011CE] -> 0x03BF
[1144] [M]: 0x00000000800011CC (0x03BF0F13) addi t5, t5, 0x3b
x30 <- 0xFFFFBFFFFF00203B

mem[X,0x00000000800011D0] -> 0x1F13
mem[X,0x00000000800011D2] -> 0x00AF
[1145] [M]: 0x00000000800011D0 (0x00AF1F13) slli t5, t5, 0xa
x30 <- 0xFEFFFFFC0080EC00

mem[X,0x00000000800011D4] -> 0x0F13
mem[X,0x00000000800011D6] -> 0x3FFF
[1146] [M]: 0x00000000800011D4 (0x3FFF0F13) addi t5, t5, 0x3ff
x30 <- 0xFEFFFFFC0080EFFF

mem[X,0x00000000800011D8] -> 0x0EB7
mem[X,0x00000000800011DA] -> 0xAAAB
[1147] [M]: 0x00000000800011D8 (0xAAAB0EB7) lui t4, -0x55550
x29 <- 0xFFFFFFFFAAAB0000

mem[X,0x00000000800011DC] -> 0x8E93
mem[X,0x00000000800011DE] -> 0xFF9E
[1148] [M]: 0x00000000800011DC (0xFF9E8E93) addi t4, t4, -0x7
x29 <- 0xFFFFFFFFAAAAFFF9

mem[X,0x00000000800011E0] -> 0x9E93
mem[X,0x00000000800011E2] -> 0x00BE
[1149] [M]: 0x00000000800011E0 (0x00BE9E93) slli t4, t4, 0xb
x29 <- 0xFFFFFD5557FFC800

mem[X,0x00000000800011E4] -> 0x8E93
mem[X,0x00000000800011E6] -> 0x7FFE
[1150] [M]: 0x00000000800011E4 (0x7FFE8E93) addi t4, t4, 0x7ff
x29 <- 0xFFFFFD5557FFCFFF

mem[X,0x00000000800011E8] -> 0x9E93
mem[X,0x00000000800011EA] -> 0x00BE
[1151] [M]: 0x00000000800011E8 (0x00BE9E93) slli t4, t4, 0xb
x29 <- 0xFFEAAABFFE7FF800

mem[X,0x00000000800011EC] -> 0x8E93
mem[X,0x00000000800011EE] -> 0x580E
[1152] [M]: 0x00000000800011EC (0x580E8E93) addi t4, t4, 0x580
x29 <- 0xFFEAAABFFE7FFD80

mem[X,0x00000000800011F0] -> 0x9E93
mem[X,0x00000000800011F2] -> 0x00AE
[1153] [M]: 0x00000000800011F0 (0x00AE9E93) slli t4, t4, 0xa
x29 <- 0xAAAAFFF9FFF60000

mem[X,0x00000000800011F4] -> 0x8E93
mem[X,0x00000000800011F6] -> 0x040E
[1154] [M]: 0x00000000800011F4 (0x040E8E93) addi t4, t4, 0x40
x29 <- 0xAAAAFFF9FFF60040

mem[X,0x00000000800011F8] -> 0x0FBB
mem[X,0x00000000800011FA] -> 0xD1DF
[1155] [M]: 0x00000000800011F8 (0xD1DF0FBB) pssub.h t6, t5, t4
x31 <- 0x54550003008AEFBF

mem[X,0x00000000800011FC] -> 0xB823
mem[X,0x00000000800011FE] -> 0x0DF0
[1156] [M]: 0x00000000800011FC (0x0DF0B823) sd t6, 0xd0(ra)
mem[0x00000000800042E0] <- 0x54550003008AEFBF

mem[X,0x0000000080001200] -> 0x0F37
mem[X,0x0000000080001202] -> 0x0080
[1157] [M]: 0x0000000080001200 (0x00800F37) lui t5, 0x800
x30 <- 0x0000000000800000

mem[X,0x0000000080001204] -> 0x0F13
mem[X,0x0000000080001206] -> 0x007F
[1158] [M]: 0x0000000080001204 (0x007F0F13) addi t5, t5, 0x7
x30 <- 0x0000000000800007

mem[X,0x0000000080001208] -> 0x1F13
mem[X,0x000000008000120A] -> 0x00BF
[1159] [M]: 0x0000000080001208 (0x00BF1F13) slli t5, t5, 0xb
x30 <- 0x0000000400003800

mem[X,0x000000008000120C] -> 0x0F13
mem[X,0x000000008000120E] -> 0x000F
[1160] [M]: 0x000000008000120C (0x000F0F13) addi t5, t5, 0x0
x30 <- 0x0000000400003800

mem[X,0x0000000080001210] -> 0x1F13
mem[X,0x0000000080001212] -> 0x00BF
[1161] [M]: 0x0000000080001210 (0x00BF1F13) slli t5, t5, 0xb
x30 <- 0x0000200001C00000

mem[X,0x0000000080001214] -> 0x0F13
mem[X,0x0000000080001216] -> 0x23FF
[1162] [M]: 0x0000000080001214 (0x23FF0F13) addi t5, t5, 0x23f
x30 <- 0x0000200001C0023F

mem[X,0x0000000080001218] -> 0x1F13
mem[X,0x000000008000121A] -> 0x00AF
[1163] [M]: 0x0000000080001218 (0x00AF1F13) slli t5, t5, 0xa
x30 <- 0x008000070008FC00

mem[X,0x000000008000121C] -> 0x0F13
mem[X,0x000000008000121E] -> 0x3F8F
[1164] [M]: 0x000000008000121C (0x3F8F0F13) addi t5, t5, 0x3f8
x30 <- 0x008000070008FFF8

mem[X,0x0000000080001220] -> 0x0EB7
mem[X,0x0000000080001222] -> 0x0001
[1165] [M]: 0x0000000080001220 (0x00010EB7) lui t4, 0x10
x29 <- 0x0000000000010000

mem[X,0x0000000080001224] -> 0x8E93
mem[X,0x0000000080001226] -> 0x200E
[1166] [M]: 0x0000000080001224 (0x200E8E93) addi t4, t4, 0x200
x29 <- 0x0000000000010200

mem[X,0x0000000080001228] -> 0x9E93
mem[X,0x000000008000122A] -> 0x00BE
[1167] [M]: 0x0000000080001228 (0x00BE9E93) slli t4, t4, 0xb
x29 <- 0x0000000008100000

mem[X,0x000000008000122C] -> 0x8E93
mem[X,0x000000008000122E] -> 0x040E
[1168] [M]: 0x000000008000122C (0x040E8E93) addi t4, t4, 0x40
x29 <- 0x0000000008100040

mem[X,0x0000000080001230] -> 0x9E93
mem[X,0x0000000080001232] -> 0x00BE
[1169] [M]: 0x0000000080001230 (0x00BE9E93) slli t4, t4, 0xb
x29 <- 0x0000004080020000

mem[X,0x0000000080001234] -> 0x8E93
mem[X,0x0000000080001236] -> 0x01FE
[1170] [M]: 0x0000000080001234 (0x01FE8E93) addi t4, t4, 0x1f
x29 <- 0x000000408002001F

mem[X,0x0000000080001238] -> 0x9E93
mem[X,0x000000008000123A] -> 0x00AE
[1171] [M]: 0x0000000080001238 (0x00AE9E93) slli t4, t4, 0xa
x29 <- 0x0001020008007C00

mem[X,0x000000008000123C] -> 0x8E93
mem[X,0x000000008000123E] -> 0x3FFE
[1172] [M]: 0x000000008000123C (0x3FFE8E93) addi t4, t4, 0x3ff
x29 <- 0x0001020008007FFF

mem[X,0x0000000080001240] -> 0x0FBB
mem[X,0x0000000080001242] -> 0xD1DF
[1173] [M]: 0x0000000080001240 (0xD1DF0FBB) pssub.h t6, t5, t4
x31 <- 0x007FFE07F8088000

mem[X,0x0000000080001244] -> 0xBC23
mem[X,0x0000000080001246] -> 0x0DF0
[1174] [M]: 0x0000000080001244 (0x0DF0BC23) sd t6, 0xd8(ra)
mem[0x00000000800042E8] <- 0x007FFE07F8088000

mem[X,0x0000000080001248] -> 0x0F37
mem[X,0x000000008000124A] -> 0xF800
[1175] [M]: 0x0000000080001248 (0xF8000F37) lui t5, -0x8000
x30 <- 0xFFFFFFFFF8000000

mem[X,0x000000008000124C] -> 0x0F13
mem[X,0x000000008000124E] -> 0xFBFF
[1176] [M]: 0x000000008000124C (0xFBFF0F13) addi t5, t5, -0x41
x30 <- 0xFFFFFFFFF7FFFFBF

mem[X,0x0000000080001250] -> 0x1F13
mem[X,0x0000000080001252] -> 0x00BF
[1177] [M]: 0x0000000080001250 (0x00BF1F13) slli t5, t5, 0xb
x30 <- 0xFFFFFFBFFFFDF800

mem[X,0x0000000080001254] -> 0x0F13
mem[X,0x0000000080001256] -> 0x7FFF
[1178] [M]: 0x0000000080001254 (0x7FFF0F13) addi t5, t5, 0x7ff
x30 <- 0xFFFFFFBFFFFDFFFF

mem[X,0x0000000080001258] -> 0x1F13
mem[X,0x000000008000125A] -> 0x00BF
[1179] [M]: 0x0000000080001258 (0x00BF1F13) slli t5, t5, 0xb
x30 <- 0xFFFDFFFFEFFFF800

mem[X,0x000000008000125C] -> 0x0F13
mem[X,0x000000008000125E] -> 0x580F
[1180] [M]: 0x000000008000125C (0x580F0F13) addi t5, t5, 0x580
x30 <- 0xFFFDFFFFEFFFFD80

mem[X,0x0000000080001260] -> 0x1F13
mem[X,0x0000000080001262] -> 0x00AF
[1181] [M]: 0x0000000080001260 (0x00AF1F13) slli t5, t5, 0xa
x30 <- 0xF7FFFFBFFFF60000

mem[X,0x0000000080001264] -> 0x0F13
mem[X,0x0000000080001266] -> 0x009F
[1182] [M]: 0x0000000080001264 (0x009F0F13) addi t5, t5, 0x9
x30 <- 0xF7FFFFBFFFF60009

mem[X,0x0000000080001268] -> 0x0EB7
mem[X,0x000000008000126A] -> 0x0011
[1183] [M]: 0x0000000080001268 (0x00110EB7) lui t4, 0x110
x29 <- 0x0000000000110000

mem[X,0x000000008000126C] -> 0x8E93
mem[X,0x000000008000126E] -> 0xFDFE
[1184] [M]: 0x000000008000126C (0xFDFE8E93) addi t4, t4, -0x21
x29 <- 0x000000000010FFDF

mem[X,0x0000000080001270] -> 0x9E93
mem[X,0x0000000080001272] -> 0x00BE
[1185] [M]: 0x0000000080001270 (0x00BE9E93) slli t4, t4, 0xb
x29 <- 0x0000000087FEF800

mem[X,0x0000000080001274] -> 0x8E93
mem[X,0x0000000080001276] -> 0x7FFE
[1186] [M]: 0x0000000080001274 (0x7FFE8E93) addi t4, t4, 0x7ff
x29 <- 0x0000000087FEFFFF

mem[X,0x0000000080001278] -> 0x9E93
mem[X,0x000000008000127A] -> 0x00BE
[1187] [M]: 0x0000000080001278 (0x00BE9E93) slli t4, t4, 0xb
x29 <- 0x0000043FF7FFF800

mem[X,0x000000008000127C] -> 0x8E93
mem[X,0x000000008000127E] -> 0x770E
[1188] [M]: 0x000000008000127C (0x770E8E93) addi t4, t4, 0x770
x29 <- 0x0000043FF7FFFF70

mem[X,0x0000000080001280] -> 0x9E93
mem[X,0x0000000080001282] -> 0x00AE
[1189] [M]: 0x0000000080001280 (0x00AE9E93) slli t4, t4, 0xa
x29 <- 0x0010FFDFFFFDC000

mem[X,0x0000000080001284] -> 0x0FBB
mem[X,0x0000000080001286] -> 0xD1DF
[1190] [M]: 0x0000000080001284 (0xD1DF0FBB) pssub.h t6, t5, t4
x31 <- 0xF7EFFFE0FFF94009

mem[X,0x0000000080001288] -> 0xB023
mem[X,0x000000008000128A] -> 0x0FF0
[1191] [M]: 0x0000000080001288 (0x0FF0B023) sd t6, 0xe0(ra)
mem[0x00000000800042F0] <- 0xF7EFFFE0FFF94009

mem[X,0x000000008000128C] -> 0x0F37
mem[X,0x000000008000128E] -> 0x4000
[1192] [M]: 0x000000008000128C (0x40000F37) lui t5, 0x40000
x30 <- 0x0000000040000000

mem[X,0x0000000080001290] -> 0x0F13
mem[X,0x0000000080001292] -> 0x004F
[1193] [M]: 0x0000000080001290 (0x004F0F13) addi t5, t5, 0x4
x30 <- 0x0000000040000004

mem[X,0x0000000080001294] -> 0x1F13
mem[X,0x0000000080001296] -> 0x00BF
[1194] [M]: 0x0000000080001294 (0x00BF1F13) slli t5, t5, 0xb
x30 <- 0x0000020000002000

mem[X,0x0000000080001298] -> 0x0F13
mem[X,0x000000008000129A] -> 0x001F
[1195] [M]: 0x0000000080001298 (0x001F0F13) addi t5, t5, 0x1
x30 <- 0x0000020000002001

mem[X,0x000000008000129C] -> 0x1F13
mem[X,0x000000008000129E] -> 0x00BF
[1196] [M]: 0x000000008000129C (0x00BF1F13) slli t5, t5, 0xb
x30 <- 0x0010000001000800

mem[X,0x00000000800012A0] -> 0x0F13
mem[X,0x00000000800012A2] -> 0x03FF
[1197] [M]: 0x00000000800012A0 (0x03FF0F13) addi t5, t5, 0x3f
x30 <- 0x001000000100083F

mem[X,0x00000000800012A4] -> 0x1F13
mem[X,0x00000000800012A6] -> 0x00AF
[1198] [M]: 0x00000000800012A4 (0x00AF1F13) slli t5, t5, 0xa
x30 <- 0x400000040020FC00

mem[X,0x00000000800012A8] -> 0x0F13
mem[X,0x00000000800012AA] -> 0x2FFF
[1199] [M]: 0x00000000800012A8 (0x2FFF0F13) addi t5, t5, 0x2ff
x30 <- 0x400000040020FEFF

clint::tick mtime <- 0x000000000000000C
 clint timer pending at mtime 0x000000000000000C
htif::tick 0x0000000000000000
mem[X,0x00000000800012AC] -> 0x0EB7
mem[X,0x00000000800012AE] -> 0x0001
[1200] [M]: 0x00000000800012AC (0x00010EB7) lui t4, 0x10
x29 <- 0x0000000000010000

mem[X,0x00000000800012B0] -> 0x8E93
mem[X,0x00000000800012B2] -> 0xFFDE
[1201] [M]: 0x00000000800012B0 (0xFFDE8E93) addi t4, t4, -0x3
x29 <- 0x000000000000FFFD

mem[X,0x00000000800012B4] -> 0x9E93
mem[X,0x00000000800012B6] -> 0x00BE
[1202] [M]: 0x00000000800012B4 (0x00BE9E93) slli t4, t4, 0xb
x29 <- 0x0000000007FFE800

mem[X,0x00000000800012B8] -> 0x8E93
mem[X,0x00000000800012BA] -> 0x7BFE
[1203] [M]: 0x00000000800012B8 (0x7BFE8E93) addi t4, t4, 0x7bf
x29 <- 0x0000000007FFEFBF

mem[X,0x00000000800012BC] -> 0x9E93
mem[X,0x00000000800012BE] -> 0x00BE
[1204] [M]: 0x00000000800012BC (0x00BE9E93) slli t4, t4, 0xb
x29 <- 0x0000003FFF7DF800

mem[X,0x00000000800012C0] -> 0x8E93
mem[X,0x00000000800012C2] -> 0x7E0E
[1205] [M]: 0x00000000800012C0 (0x7E0E8E93) addi t4, t4, 0x7e0
x29 <- 0x0000003FFF7DFFE0

mem[X,0x00000000800012C4] -> 0x9E93
mem[X,0x00000000800012C6] -> 0x00AE
[1206] [M]: 0x00000000800012C4 (0x00AE9E93) slli t4, t4, 0xa
x29 <- 0x0000FFFDF7FF8000

mem[X,0x00000000800012C8] -> 0x0FBB
mem[X,0x00000000800012CA] -> 0xD1DF
[1207] [M]: 0x00000000800012C8 (0xD1DF0FBB) pssub.h t6, t5, t4
x31 <- 0x4000000708217EFF

mem[X,0x00000000800012CC] -> 0xB423
mem[X,0x00000000800012CE] -> 0x0FF0
[1208] [M]: 0x00000000800012CC (0x0FF0B423) sd t6, 0xe8(ra)
mem[0x00000000800042F8] <- 0x4000000708217EFF

mem[X,0x00000000800012D0] -> 0x0F37
mem[X,0x00000000800012D2] -> 0x0101
[1209] [M]: 0x00000000800012D0 (0x01010F37) lui t5, 0x1010
x30 <- 0x0000000001010000

mem[X,0x00000000800012D4] -> 0x0F13
mem[X,0x00000000800012D6] -> 0xF7FF
[1210] [M]: 0x00000000800012D4 (0xF7FF0F13) addi t5, t5, -0x81
x30 <- 0x000000000100FF7F

mem[X,0x00000000800012D8] -> 0x1F13
mem[X,0x00000000800012DA] -> 0x00BF
[1211] [M]: 0x00000000800012D8 (0x00BF1F13) slli t5, t5, 0xb
x30 <- 0x0000000807FBF800

mem[X,0x00000000800012DC] -> 0x0F13
mem[X,0x00000000800012DE] -> 0x77FF
[1212] [M]: 0x00000000800012DC (0x77FF0F13) addi t5, t5, 0x77f
x30 <- 0x0000000807FBFF7F

mem[X,0x00000000800012E0] -> 0x1F13
mem[X,0x00000000800012E2] -> 0x00BF
[1213] [M]: 0x00000000800012E0 (0x00BF1F13) slli t5, t5, 0xb
x30 <- 0x0000403FDFFBF800

mem[X,0x00000000800012E4] -> 0x0F13
mem[X,0x00000000800012E6] -> 0x7FBF
[1214] [M]: 0x00000000800012E4 (0x7FBF0F13) addi t5, t5, 0x7fb
x30 <- 0x0000403FDFFBFFFB

mem[X,0x00000000800012E8] -> 0x1F13
mem[X,0x00000000800012EA] -> 0x00AF
[1215] [M]: 0x00000000800012E8 (0x00AF1F13) slli t5, t5, 0xa
x30 <- 0x0100FF7FEFFFEC00

mem[X,0x00000000800012EC] -> 0x0F13
mem[X,0x00000000800012EE] -> 0x3FFF
[1216] [M]: 0x00000000800012EC (0x3FFF0F13) addi t5, t5, 0x3ff
x30 <- 0x0100FF7FEFFFEFFF

mem[X,0x00000000800012F0] -> 0x0EB7
mem[X,0x00000000800012F2] -> 0xC001
[1217] [M]: 0x00000000800012F0 (0xC0010EB7) lui t4, -0x3fff0
x29 <- 0xFFFFFFFFC0010000

mem[X,0x00000000800012F4] -> 0x8E93
mem[X,0x00000000800012F6] -> 0xFF9E
[1218] [M]: 0x00000000800012F4 (0xFF9E8E93) addi t4, t4, -0x7
x29 <- 0xFFFFFFFFC000FFF9

mem[X,0x00000000800012F8] -> 0x9E93
mem[X,0x00000000800012FA] -> 0x00BE
[1219] [M]: 0x00000000800012F8 (0x00BE9E93) slli t4, t4, 0xb
x29 <- 0xFFFFFE0007FFC800

mem[X,0x00000000800012FC] -> 0x8E93
mem[X,0x00000000800012FE] -> 0x000E
[1220] [M]: 0x00000000800012FC (0x000E8E93) addi t4, t4, 0x0
x29 <- 0xFFFFFE0007FFC800

mem[X,0x0000000080001300] -> 0x9E93
mem[X,0x0000000080001302] -> 0x00BE
[1221] [M]: 0x0000000080001300 (0x00BE9E93) slli t4, t4, 0xb
x29 <- 0xFFF0003FFE400000

mem[X,0x0000000080001304] -> 0x8E93
mem[X,0x0000000080001306] -> 0x140E
[1222] [M]: 0x0000000080001304 (0x140E8E93) addi t4, t4, 0x140
x29 <- 0xFFF0003FFE400140

mem[X,0x0000000080001308] -> 0x9E93
mem[X,0x000000008000130A] -> 0x00AE
[1223] [M]: 0x0000000080001308 (0x00AE9E93) slli t4, t4, 0xa
x29 <- 0xC000FFF900050000

mem[X,0x000000008000130C] -> 0x8E93
mem[X,0x000000008000130E] -> 0x010E
[1224] [M]: 0x000000008000130C (0x010E8E93) addi t4, t4, 0x10
x29 <- 0xC000FFF900050010

mem[X,0x0000000080001310] -> 0x0FBB
mem[X,0x0000000080001312] -> 0xD1DF
[1225] [M]: 0x0000000080001310 (0xD1DF0FBB) pssub.h t6, t5, t4
x31 <- 0x4100FF86EFFAEFEF

mem[X,0x0000000080001314] -> 0xB823
mem[X,0x0000000080001316] -> 0x0FF0
[1226] [M]: 0x0000000080001314 (0x0FF0B823) sd t6, 0xf0(ra)
mem[0x0000000080004300] <- 0x4100FF86EFFAEFEF

mem[X,0x0000000080001318] -> 0x0F37
mem[X,0x000000008000131A] -> 0x0020
[1227] [M]: 0x0000000080001318 (0x00200F37) lui t5, 0x200
x30 <- 0x0000000000200000

mem[X,0x000000008000131C] -> 0x0F13
mem[X,0x000000008000131E] -> 0x007F
[1228] [M]: 0x000000008000131C (0x007F0F13) addi t5, t5, 0x7
x30 <- 0x0000000000200007

mem[X,0x0000000080001320] -> 0x1F13
mem[X,0x0000000080001322] -> 0x00BF
[1229] [M]: 0x0000000080001320 (0x00BF1F13) slli t5, t5, 0xb
x30 <- 0x0000000100003800

mem[X,0x0000000080001324] -> 0x0F13
mem[X,0x0000000080001326] -> 0x7FFF
[1230] [M]: 0x0000000080001324 (0x7FFF0F13) addi t5, t5, 0x7ff
x30 <- 0x0000000100003FFF

mem[X,0x0000000080001328] -> 0x1F13
mem[X,0x000000008000132A] -> 0x00BF
[1231] [M]: 0x0000000080001328 (0x00BF1F13) slli t5, t5, 0xb
x30 <- 0x0000080001FFF800

mem[X,0x000000008000132C] -> 0x0F13
mem[X,0x000000008000132E] -> 0x760F
[1232] [M]: 0x000000008000132C (0x760F0F13) addi t5, t5, 0x760
x30 <- 0x0000080001FFFF60

mem[X,0x0000000080001330] -> 0x1F13
mem[X,0x0000000080001332] -> 0x00AF
[1233] [M]: 0x0000000080001330 (0x00AF1F13) slli t5, t5, 0xa
x30 <- 0x00200007FFFD8000

mem[X,0x0000000080001334] -> 0xCEB7
mem[X,0x0000000080001336] -> 0x2000
[1234] [M]: 0x0000000080001334 (0x2000CEB7) lui t4, 0x2000c
x29 <- 0x000000002000C000

mem[X,0x0000000080001338] -> 0x8E93
mem[X,0x000000008000133A] -> 0x000E
[1235] [M]: 0x0000000080001338 (0x000E8E93) addi t4, t4, 0x0
x29 <- 0x000000002000C000

mem[X,0x000000008000133C] -> 0x9E93
mem[X,0x000000008000133E] -> 0x00BE
[1236] [M]: 0x000000008000133C (0x00BE9E93) slli t4, t4, 0xb
x29 <- 0x0000010006000000

mem[X,0x0000000080001340] -> 0x8E93
mem[X,0x0000000080001342] -> 0x010E
[1237] [M]: 0x0000000080001340 (0x010E8E93) addi t4, t4, 0x10
x29 <- 0x0000010006000010

mem[X,0x0000000080001344] -> 0x9E93
mem[X,0x0000000080001346] -> 0x00BE
[1238] [M]: 0x0000000080001344 (0x00BE9E93) slli t4, t4, 0xb
x29 <- 0x0008003000008000

mem[X,0x0000000080001348] -> 0x8E93
mem[X,0x000000008000134A] -> 0x000E
[1239] [M]: 0x0000000080001348 (0x000E8E93) addi t4, t4, 0x0
x29 <- 0x0008003000008000

mem[X,0x000000008000134C] -> 0x9E93
mem[X,0x000000008000134E] -> 0x00AE
[1240] [M]: 0x000000008000134C (0x00AE9E93) slli t4, t4, 0xa
x29 <- 0x2000C00002000000

mem[X,0x0000000080001350] -> 0x8E93
mem[X,0x0000000080001352] -> 0x080E
[1241] [M]: 0x0000000080001350 (0x080E8E93) addi t4, t4, 0x80
x29 <- 0x2000C00002000080

mem[X,0x0000000080001354] -> 0x0FBB
mem[X,0x0000000080001356] -> 0xD1DF
[1242] [M]: 0x0000000080001354 (0xD1DF0FBB) pssub.h t6, t5, t4
x31 <- 0xE0204007FDFD8000

mem[X,0x0000000080001358] -> 0xBC23
mem[X,0x000000008000135A] -> 0x0FF0
[1243] [M]: 0x0000000080001358 (0x0FF0BC23) sd t6, 0xf8(ra)
mem[0x0000000080004308] <- 0xE0204007FDFD8000

mem[X,0x000000008000135C] -> 0x0F37
mem[X,0x000000008000135E] -> 0x0003
[1244] [M]: 0x000000008000135C (0x00030F37) lui t5, 0x30
x30 <- 0x0000000000030000

mem[X,0x0000000080001360] -> 0x0F13
mem[X,0x0000000080001362] -> 0x000F
[1245] [M]: 0x0000000080001360 (0x000F0F13) addi t5, t5, 0x0
x30 <- 0x0000000000030000

mem[X,0x0000000080001364] -> 0x1F13
mem[X,0x0000000080001366] -> 0x00BF
[1246] [M]: 0x0000000080001364 (0x00BF1F13) slli t5, t5, 0xb
x30 <- 0x0000000018000000

mem[X,0x0000000080001368] -> 0x0F13
mem[X,0x000000008000136A] -> 0x7FFF
[1247] [M]: 0x0000000080001368 (0x7FFF0F13) addi t5, t5, 0x7ff
x30 <- 0x00000000180007FF

mem[X,0x000000008000136C] -> 0x1F13
mem[X,0x000000008000136E] -> 0x00BF
[1248] [M]: 0x000000008000136C (0x00BF1F13) slli t5, t5, 0xb
x30 <- 0x000000C0003FF800

mem[X,0x0000000080001370] -> 0x0F13
mem[X,0x0000000080001372] -> 0x7BFF
[1249] [M]: 0x0000000080001370 (0x7BFF0F13) addi t5, t5, 0x7bf
x30 <- 0x000000C0003FFFBF

mem[X,0x0000000080001374] -> 0x1F13
mem[X,0x0000000080001376] -> 0x00AF
[1250] [M]: 0x0000000080001374 (0x00AF1F13) slli t5, t5, 0xa
x30 <- 0x00030000FFFEFC00

mem[X,0x0000000080001378] -> 0x0F13
mem[X,0x000000008000137A] -> 0x3F8F
[1251] [M]: 0x0000000080001378 (0x3F8F0F13) addi t5, t5, 0x3f8
x30 <- 0x00030000FFFEFFF8

mem[X,0x000000008000137C] -> 0x4EB7
mem[X,0x000000008000137E] -> 0x0000
[1252] [M]: 0x000000008000137C (0x00004EB7) lui t4, 0x4
x29 <- 0x0000000000004000

mem[X,0x0000000080001380] -> 0x8E93
mem[X,0x0000000080001382] -> 0xFFFE
[1253] [M]: 0x0000000080001380 (0xFFFE8E93) addi t4, t4, -0x1
x29 <- 0x0000000000003FFF

mem[X,0x0000000080001384] -> 0x9E93
mem[X,0x0000000080001386] -> 0x00BE
[1254] [M]: 0x0000000080001384 (0x00BE9E93) slli t4, t4, 0xb
x29 <- 0x0000000001FFF800

mem[X,0x0000000080001388] -> 0x8E93
mem[X,0x000000008000138A] -> 0x7EFE
[1255] [M]: 0x0000000080001388 (0x7EFE8E93) addi t4, t4, 0x7ef
x29 <- 0x0000000001FFFFEF

mem[X,0x000000008000138C] -> 0x9E93
mem[X,0x000000008000138E] -> 0x00BE
[1256] [M]: 0x000000008000138C (0x00BE9E93) slli t4, t4, 0xb
x29 <- 0x0000000FFFFF7800

mem[X,0x0000000080001390] -> 0x8E93
mem[X,0x0000000080001392] -> 0x7C0E
[1257] [M]: 0x0000000080001390 (0x7C0E8E93) addi t4, t4, 0x7c0
x29 <- 0x0000000FFFFF7FC0

mem[X,0x0000000080001394] -> 0x9E93
mem[X,0x0000000080001396] -> 0x00AE
[1258] [M]: 0x0000000080001394 (0x00AE9E93) slli t4, t4, 0xa
x29 <- 0x00003FFFFDFF0000

mem[X,0x0000000080001398] -> 0x8E93
mem[X,0x000000008000139A] -> 0x100E
[1259] [M]: 0x0000000080001398 (0x100E8E93) addi t4, t4, 0x100
x29 <- 0x00003FFFFDFF0100

mem[X,0x000000008000139C] -> 0x0FBB
mem[X,0x000000008000139E] -> 0xD1DF
[1260] [M]: 0x000000008000139C (0xD1DF0FBB) pssub.h t6, t5, t4
x31 <- 0x0003C00101FFFEF8

mem[X,0x00000000800013A0] -> 0xB023
mem[X,0x00000000800013A2] -> 0x11F0
[1261] [M]: 0x00000000800013A0 (0x11F0B023) sd t6, 0x100(ra)
mem[0x0000000080004310] <- 0x0003C00101FFFEF8

mem[X,0x00000000800013A4] -> 0x5F37
mem[X,0x00000000800013A6] -> 0xFDFF
[1262] [M]: 0x00000000800013A4 (0xFDFF5F37) lui t5, -0x200b
x30 <- 0xFFFFFFFFFDFF5000

mem[X,0x00000000800013A8] -> 0x0F13
mem[X,0x00000000800013AA] -> 0x555F
[1263] [M]: 0x00000000800013A8 (0x555F0F13) addi t5, t5, 0x555
x30 <- 0xFFFFFFFFFDFF5555

mem[X,0x00000000800013AC] -> 0x1F13
mem[X,0x00000000800013AE] -> 0x00BF
[1264] [M]: 0x00000000800013AC (0x00BF1F13) slli t5, t5, 0xb
x30 <- 0xFFFFFFEFFAAAA800

mem[X,0x00000000800013B0] -> 0x0F13
mem[X,0x00000000800013B2] -> 0x000F
[1265] [M]: 0x00000000800013B0 (0x000F0F13) addi t5, t5, 0x0
x30 <- 0xFFFFFFEFFAAAA800

mem[X,0x00000000800013B4] -> 0x1F13
mem[X,0x00000000800013B6] -> 0x00BF
[1266] [M]: 0x00000000800013B4 (0x00BF1F13) slli t5, t5, 0xb
x30 <- 0xFFFF7FD555400000

mem[X,0x00000000800013B8] -> 0x0F13
mem[X,0x00000000800013BA] -> 0x03FF
[1267] [M]: 0x00000000800013B8 (0x03FF0F13) addi t5, t5, 0x3f
x30 <- 0xFFFF7FD55540003F

mem[X,0x00000000800013BC] -> 0x1F13
mem[X,0x00000000800013BE] -> 0x00AF
[1268] [M]: 0x00000000800013BC (0x00AF1F13) slli t5, t5, 0xa
x30 <- 0xFDFF55550000FC00

mem[X,0x00000000800013C0] -> 0x0F13
mem[X,0x00000000800013C2] -> 0x3FEF
[1269] [M]: 0x00000000800013C0 (0x3FEF0F13) addi t5, t5, 0x3fe
x30 <- 0xFDFF55550000FFFE

mem[X,0x00000000800013C4] -> 0x0EB7
mem[X,0x00000000800013C6] -> 0x3FFF
[1270] [M]: 0x00000000800013C4 (0x3FFF0EB7) lui t4, 0x3fff0
x29 <- 0x000000003FFF0000

mem[X,0x00000000800013C8] -> 0x8E93
mem[X,0x00000000800013CA] -> 0x200E
[1271] [M]: 0x00000000800013C8 (0x200E8E93) addi t4, t4, 0x200
x29 <- 0x000000003FFF0200

mem[X,0x00000000800013CC] -> 0x9E93
mem[X,0x00000000800013CE] -> 0x00BE
[1272] [M]: 0x00000000800013CC (0x00BE9E93) slli t4, t4, 0xb
x29 <- 0x000001FFF8100000

mem[X,0x00000000800013D0] -> 0x8E93
mem[X,0x00000000800013D2] -> 0x200E
[1273] [M]: 0x00000000800013D0 (0x200E8E93) addi t4, t4, 0x200
x29 <- 0x000001FFF8100200

mem[X,0x00000000800013D4] -> 0x9E93
mem[X,0x00000000800013D6] -> 0x00BE
[1274] [M]: 0x00000000800013D4 (0x00BE9E93) slli t4, t4, 0xb
x29 <- 0x000FFFC080100000

mem[X,0x00000000800013D8] -> 0x8E93
mem[X,0x00000000800013DA] -> 0x002E
[1275] [M]: 0x00000000800013D8 (0x002E8E93) addi t4, t4, 0x2
x29 <- 0x000FFFC080100002

mem[X,0x00000000800013DC] -> 0x9E93
mem[X,0x00000000800013DE] -> 0x00AE
[1276] [M]: 0x00000000800013DC (0x00AE9E93) slli t4, t4, 0xa
x29 <- 0x3FFF020040000800

mem[X,0x00000000800013E0] -> 0x0FBB
mem[X,0x00000000800013E2] -> 0xD1DF
[1277] [M]: 0x00000000800013E0 (0xD1DF0FBB) pssub.h t6, t5, t4
x31 <- 0xBE005355C000F7FE

mem[X,0x00000000800013E4] -> 0xB423
mem[X,0x00000000800013E6] -> 0x11F0
[1278] [M]: 0x00000000800013E4 (0x11F0B423) sd t6, 0x108(ra)
mem[0x0000000080004318] <- 0xBE005355C000F7FE

mem[X,0x00000000800013E8] -> 0x0F37
mem[X,0x00000000800013EA] -> 0x0002
[1279] [M]: 0x00000000800013E8 (0x00020F37) lui t5, 0x20
x30 <- 0x0000000000020000

mem[X,0x00000000800013EC] -> 0x0F13
mem[X,0x00000000800013EE] -> 0x010F
[1280] [M]: 0x00000000800013EC (0x010F0F13) addi t5, t5, 0x10
x30 <- 0x0000000000020010

mem[X,0x00000000800013F0] -> 0x1F13
mem[X,0x00000000800013F2] -> 0x00BF
[1281] [M]: 0x00000000800013F0 (0x00BF1F13) slli t5, t5, 0xb
x30 <- 0x0000000010008000

mem[X,0x00000000800013F4] -> 0x0F13
mem[X,0x00000000800013F6] -> 0x400F
[1282] [M]: 0x00000000800013F4 (0x400F0F13) addi t5, t5, 0x400
x30 <- 0x0000000010008400

mem[X,0x00000000800013F8] -> 0x1F13
mem[X,0x00000000800013FA] -> 0x00BF
[1283] [M]: 0x00000000800013F8 (0x00BF1F13) slli t5, t5, 0xb
x30 <- 0x0000008004200000

mem[X,0x00000000800013FC] -> 0x0F13
mem[X,0x00000000800013FE] -> 0x000F
[1284] [M]: 0x00000000800013FC (0x000F0F13) addi t5, t5, 0x0
x30 <- 0x0000008004200000

mem[X,0x0000000080001400] -> 0x1F13
mem[X,0x0000000080001402] -> 0x00AF
[1285] [M]: 0x0000000080001400 (0x00AF1F13) slli t5, t5, 0xa
x30 <- 0x0002001080000000

mem[X,0x0000000080001404] -> 0x0F13
mem[X,0x0000000080001406] -> 0x020F
[1286] [M]: 0x0000000080001404 (0x020F0F13) addi t5, t5, 0x20
x30 <- 0x0002001080000020

mem[X,0x0000000080001408] -> 0x0EB7
mem[X,0x000000008000140A] -> 0xFFC0
[1287] [M]: 0x0000000080001408 (0xFFC00EB7) lui t4, -0x400
x29 <- 0xFFFFFFFFFFC00000

mem[X,0x000000008000140C] -> 0x8E93
mem[X,0x000000008000140E] -> 0xFFAE
[1288] [M]: 0x000000008000140C (0xFFAE8E93) addi t4, t4, -0x6
x29 <- 0xFFFFFFFFFFBFFFFA

mem[X,0x0000000080001410] -> 0x9E93
mem[X,0x0000000080001412] -> 0x00BE
[1289] [M]: 0x0000000080001410 (0x00BE9E93) slli t4, t4, 0xb
x29 <- 0xFFFFFFFDFFFFD000

mem[X,0x0000000080001414] -> 0x8E93
mem[X,0x0000000080001416] -> 0x7FFE
[1290] [M]: 0x0000000080001414 (0x7FFE8E93) addi t4, t4, 0x7ff
x29 <- 0xFFFFFFFDFFFFD7FF

mem[X,0x0000000080001418] -> 0x9E93
mem[X,0x000000008000141A] -> 0x00BE
[1291] [M]: 0x0000000080001418 (0x00BE9E93) slli t4, t4, 0xb
x29 <- 0xFFFFEFFFFEBFF800

mem[X,0x000000008000141C] -> 0x8E93
mem[X,0x000000008000141E] -> 0x6D0E
[1292] [M]: 0x000000008000141C (0x6D0E8E93) addi t4, t4, 0x6d0
x29 <- 0xFFFFEFFFFEBFFED0

mem[X,0x0000000080001420] -> 0x9E93
mem[X,0x0000000080001422] -> 0x00AE
[1293] [M]: 0x0000000080001420 (0x00AE9E93) slli t4, t4, 0xa
x29 <- 0xFFBFFFFAFFFB4000

mem[X,0x0000000080001424] -> 0x0FBB
mem[X,0x0000000080001426] -> 0xD1DF
[1294] [M]: 0x0000000080001424 (0xD1DF0FBB) pssub.h t6, t5, t4
x31 <- 0x004300168005C020

mem[X,0x0000000080001428] -> 0xB823
mem[X,0x000000008000142A] -> 0x11F0
[1295] [M]: 0x0000000080001428 (0x11F0B823) sd t6, 0x110(ra)
mem[0x0000000080004320] <- 0x004300168005C020

mem[X,0x000000008000142C] -> 0x0F37
mem[X,0x000000008000142E] -> 0xFDFF
[1296] [M]: 0x000000008000142C (0xFDFF0F37) lui t5, -0x2010
x30 <- 0xFFFFFFFFFDFF0000

mem[X,0x0000000080001430] -> 0x0F13
mem[X,0x0000000080001432] -> 0x005F
[1297] [M]: 0x0000000080001430 (0x005F0F13) addi t5, t5, 0x5
x30 <- 0xFFFFFFFFFDFF0005

mem[X,0x0000000080001434] -> 0x1F13
mem[X,0x0000000080001436] -> 0x00BF
[1298] [M]: 0x0000000080001434 (0x00BF1F13) slli t5, t5, 0xb
x30 <- 0xFFFFFFEFF8002800

mem[X,0x0000000080001438] -> 0x0F13
mem[X,0x000000008000143A] -> 0x000F
[1299] [M]: 0x0000000080001438 (0x000F0F13) addi t5, t5, 0x0
x30 <- 0xFFFFFFEFF8002800

clint::tick mtime <- 0x000000000000000D
 clint timer pending at mtime 0x000000000000000D
htif::tick 0x0000000000000000
mem[X,0x000000008000143C] -> 0x1F13
mem[X,0x000000008000143E] -> 0x00BF
[1300] [M]: 0x000000008000143C (0x00BF1F13) slli t5, t5, 0xb
x30 <- 0xFFFF7FC001400000

mem[X,0x0000000080001440] -> 0x0F13
mem[X,0x0000000080001442] -> 0x100F
[1301] [M]: 0x0000000080001440 (0x100F0F13) addi t5, t5, 0x100
x30 <- 0xFFFF7FC001400100

mem[X,0x0000000080001444] -> 0x1F13
mem[X,0x0000000080001446] -> 0x00AF
[1302] [M]: 0x0000000080001444 (0x00AF1F13) slli t5, t5, 0xa
x30 <- 0xFDFF000500040000

mem[X,0x0000000080001448] -> 0x0F13
mem[X,0x000000008000144A] -> 0x009F
[1303] [M]: 0x0000000080001448 (0x009F0F13) addi t5, t5, 0x9
x30 <- 0xFDFF000500040009

mem[X,0x000000008000144C] -> 0x1EB7
mem[X,0x000000008000144E] -> 0x0040
[1304] [M]: 0x000000008000144C (0x00401EB7) lui t4, 0x401
x29 <- 0x0000000000401000

mem[X,0x0000000080001450] -> 0x8E93
mem[X,0x0000000080001452] -> 0x800E
[1305] [M]: 0x0000000080001450 (0x800E8E93) addi t4, t4, -0x800
x29 <- 0x0000000000400800

mem[X,0x0000000080001454] -> 0x9E93
mem[X,0x0000000080001456] -> 0x00BE
[1306] [M]: 0x0000000080001454 (0x00BE9E93) slli t4, t4, 0xb
x29 <- 0x0000000200400000

mem[X,0x0000000080001458] -> 0x8E93
mem[X,0x000000008000145A] -> 0x7EFE
[1307] [M]: 0x0000000080001458 (0x7EFE8E93) addi t4, t4, 0x7ef
x29 <- 0x00000002004007EF

mem[X,0x000000008000145C] -> 0x9E93
mem[X,0x000000008000145E] -> 0x00BE
[1308] [M]: 0x000000008000145C (0x00BE9E93) slli t4, t4, 0xb
x29 <- 0x00001002003F7800

mem[X,0x0000000080001460] -> 0x8E93
mem[X,0x0000000080001462] -> 0x7FFE
[1309] [M]: 0x0000000080001460 (0x7FFE8E93) addi t4, t4, 0x7ff
x29 <- 0x00001002003F7FFF

mem[X,0x0000000080001464] -> 0x9E93
mem[X,0x0000000080001466] -> 0x00AE
[1310] [M]: 0x0000000080001464 (0x00AE9E93) slli t4, t4, 0xa
x29 <- 0x00400800FDFFFC00

mem[X,0x0000000080001468] -> 0x8E93
mem[X,0x000000008000146A] -> 0x3F7E
[1311] [M]: 0x0000000080001468 (0x3F7E8E93) addi t4, t4, 0x3f7
x29 <- 0x00400800FDFFFFF7

mem[X,0x000000008000146C] -> 0x0FBB
mem[X,0x000000008000146E] -> 0xD1DF
[1312] [M]: 0x000000008000146C (0xD1DF0FBB) pssub.h t6, t5, t4
x31 <- 0xFDBFF80502050012

mem[X,0x0000000080001470] -> 0xBC23
mem[X,0x0000000080001472] -> 0x11F0
[1313] [M]: 0x0000000080001470 (0x11F0BC23) sd t6, 0x118(ra)
mem[0x0000000080004328] <- 0xFDBFF80502050012

mem[X,0x0000000080001474] -> 0x5F37
mem[X,0x0000000080001476] -> 0x0010
[1314] [M]: 0x0000000080001474 (0x00105F37) lui t5, 0x105
x30 <- 0x0000000000105000

mem[X,0x0000000080001478] -> 0x0F13
mem[X,0x000000008000147A] -> 0x555F
[1315] [M]: 0x0000000080001478 (0x555F0F13) addi t5, t5, 0x555
x30 <- 0x0000000000105555

mem[X,0x000000008000147C] -> 0x1F13
mem[X,0x000000008000147E] -> 0x00BF
[1316] [M]: 0x000000008000147C (0x00BF1F13) slli t5, t5, 0xb
x30 <- 0x0000000082AAA800

mem[X,0x0000000080001480] -> 0x0F13
mem[X,0x0000000080001482] -> 0x2AAF
[1317] [M]: 0x0000000080001480 (0x2AAF0F13) addi t5, t5, 0x2aa
x30 <- 0x0000000082AAAAAA

mem[X,0x0000000080001484] -> 0x1F13
mem[X,0x0000000080001486] -> 0x00BF
[1318] [M]: 0x0000000080001484 (0x00BF1F13) slli t5, t5, 0xb
x30 <- 0x0000041555555000

mem[X,0x0000000080001488] -> 0x0F13
mem[X,0x000000008000148A] -> 0x560F
[1319] [M]: 0x0000000080001488 (0x560F0F13) addi t5, t5, 0x560
x30 <- 0x0000041555555560

mem[X,0x000000008000148C] -> 0x1F13
mem[X,0x000000008000148E] -> 0x00AF
[1320] [M]: 0x000000008000148C (0x00AF1F13) slli t5, t5, 0xa
x30 <- 0x0010555555558000

mem[X,0x0000000080001490] -> 0x8EB7
mem[X,0x0000000080001492] -> 0x0007
[1321] [M]: 0x0000000080001490 (0x00078EB7) lui t4, 0x78
x29 <- 0x0000000000078000

mem[X,0x0000000080001494] -> 0x8E93
mem[X,0x0000000080001496] -> 0xFFFE
[1322] [M]: 0x0000000080001494 (0xFFFE8E93) addi t4, t4, -0x1
x29 <- 0x0000000000077FFF

mem[X,0x0000000080001498] -> 0x9E93
mem[X,0x000000008000149A] -> 0x00BE
[1323] [M]: 0x0000000080001498 (0x00BE9E93) slli t4, t4, 0xb
x29 <- 0x000000003BFFF800

mem[X,0x000000008000149C] -> 0x8E93
mem[X,0x000000008000149E] -> 0x6FFE
[1324] [M]: 0x000000008000149C (0x6FFE8E93) addi t4, t4, 0x6ff
x29 <- 0x000000003BFFFEFF

mem[X,0x00000000800014A0] -> 0x9E93
mem[X,0x00000000800014A2] -> 0x00BE
[1325] [M]: 0x00000000800014A0 (0x00BE9E93) slli t4, t4, 0xb
x29 <- 0x000001DFFFF7F800

mem[X,0x00000000800014A4] -> 0x8E93
mem[X,0x00000000800014A6] -> 0x7FFE
[1326] [M]: 0x00000000800014A4 (0x7FFE8E93) addi t4, t4, 0x7ff
x29 <- 0x000001DFFFF7FFFF

mem[X,0x00000000800014A8] -> 0x9E93
mem[X,0x00000000800014AA] -> 0x00AE
[1327] [M]: 0x00000000800014A8 (0x00AE9E93) slli t4, t4, 0xa
x29 <- 0x00077FFFDFFFFC00

mem[X,0x00000000800014AC] -> 0x8E93
mem[X,0x00000000800014AE] -> 0x2FFE
[1328] [M]: 0x00000000800014AC (0x2FFE8E93) addi t4, t4, 0x2ff
x29 <- 0x00077FFFDFFFFEFF

mem[X,0x00000000800014B0] -> 0x0FBB
mem[X,0x00000000800014B2] -> 0xD1DF
[1329] [M]: 0x00000000800014B0 (0xD1DF0FBB) pssub.h t6, t5, t4
x31 <- 0x0009D55675568101

mem[X,0x00000000800014B4] -> 0xB023
mem[X,0x00000000800014B6] -> 0x13F0
[1330] [M]: 0x00000000800014B4 (0x13F0B023) sd t6, 0x120(ra)
mem[0x0000000080004330] <- 0x0009D55675568101

mem[X,0x00000000800014B8] -> 0x0F37
mem[X,0x00000000800014BA] -> 0x8000
[1331] [M]: 0x00000000800014B8 (0x80000F37) lui t5, -0x80000
x30 <- 0xFFFFFFFF80000000

mem[X,0x00000000800014BC] -> 0x0F13
mem[X,0x00000000800014BE] -> 0x020F
[1332] [M]: 0x00000000800014BC (0x020F0F13) addi t5, t5, 0x20
x30 <- 0xFFFFFFFF80000020

mem[X,0x00000000800014C0] -> 0x1F13
mem[X,0x00000000800014C2] -> 0x00BF
[1333] [M]: 0x00000000800014C0 (0x00BF1F13) slli t5, t5, 0xb
x30 <- 0xFFFFFC0000010000

mem[X,0x00000000800014C4] -> 0x0F13
mem[X,0x00000000800014C6] -> 0x000F
[1334] [M]: 0x00000000800014C4 (0x000F0F13) addi t5, t5, 0x0
x30 <- 0xFFFFFC0000010000

mem[X,0x00000000800014C8] -> 0x1F13
mem[X,0x00000000800014CA] -> 0x00BF
[1335] [M]: 0x00000000800014C8 (0x00BF1F13) slli t5, t5, 0xb
x30 <- 0xFFE0000008000000

mem[X,0x00000000800014CC] -> 0x0F13
mem[X,0x00000000800014CE] -> 0x181F
[1336] [M]: 0x00000000800014CC (0x181F0F13) addi t5, t5, 0x181
x30 <- 0xFFE0000008000181

mem[X,0x00000000800014D0] -> 0x1F13
mem[X,0x00000000800014D2] -> 0x00AF
[1337] [M]: 0x00000000800014D0 (0x00AF1F13) slli t5, t5, 0xa
x30 <- 0x8000002000060400

mem[X,0x00000000800014D4] -> 0x0EB7
mem[X,0x00000000800014D6] -> 0xFFFC
[1338] [M]: 0x00000000800014D4 (0xFFFC0EB7) lui t4, -0x40
x29 <- 0xFFFFFFFFFFFC0000

mem[X,0x00000000800014D8] -> 0x8E93
mem[X,0x00000000800014DA] -> 0xFBFE
[1339] [M]: 0x00000000800014D8 (0xFBFE8E93) addi t4, t4, -0x41
x29 <- 0xFFFFFFFFFFFBFFBF

mem[X,0x00000000800014DC] -> 0x9E93
mem[X,0x00000000800014DE] -> 0x00BE
[1340] [M]: 0x00000000800014DC (0x00BE9E93) slli t4, t4, 0xb
x29 <- 0xFFFFFFFFDFFDF800

mem[X,0x00000000800014E0] -> 0x8E93
mem[X,0x00000000800014E2] -> 0x7BFE
[1341] [M]: 0x00000000800014E0 (0x7BFE8E93) addi t4, t4, 0x7bf
x29 <- 0xFFFFFFFFDFFDFFBF

mem[X,0x00000000800014E4] -> 0x9E93
mem[X,0x00000000800014E6] -> 0x00BE
[1342] [M]: 0x00000000800014E4 (0x00BE9E93) slli t4, t4, 0xb
x29 <- 0xFFFFFEFFEFFDF800

mem[X,0x00000000800014E8] -> 0x8E93
mem[X,0x00000000800014EA] -> 0x7FFE
[1343] [M]: 0x00000000800014E8 (0x7FFE8E93) addi t4, t4, 0x7ff
x29 <- 0xFFFFFEFFEFFDFFFF

mem[X,0x00000000800014EC] -> 0x9E93
mem[X,0x00000000800014EE] -> 0x00AE
[1344] [M]: 0x00000000800014EC (0x00AE9E93) slli t4, t4, 0xa
x29 <- 0xFFFBFFBFF7FFFC00

mem[X,0x00000000800014F0] -> 0x8E93
mem[X,0x00000000800014F2] -> 0x1FFE
[1345] [M]: 0x00000000800014F0 (0x1FFE8E93) addi t4, t4, 0x1ff
x29 <- 0xFFFBFFBFF7FFFDFF

mem[X,0x00000000800014F4] -> 0x0FBB
mem[X,0x00000000800014F6] -> 0xD1DF
[1346] [M]: 0x00000000800014F4 (0xD1DF0FBB) pssub.h t6, t5, t4
x31 <- 0x8005006108070601

mem[X,0x00000000800014F8] -> 0xB423
mem[X,0x00000000800014FA] -> 0x13F0
[1347] [M]: 0x00000000800014F8 (0x13F0B423) sd t6, 0x128(ra)
mem[0x0000000080004338] <- 0x8005006108070601

mem[X,0x00000000800014FC] -> 0x0F37
mem[X,0x00000000800014FE] -> 0x0200
[1348] [M]: 0x00000000800014FC (0x02000F37) lui t5, 0x2000
x30 <- 0x0000000002000000

mem[X,0x0000000080001500] -> 0x0F13
mem[X,0x0000000080001502] -> 0x020F
[1349] [M]: 0x0000000080001500 (0x020F0F13) addi t5, t5, 0x20
x30 <- 0x0000000002000020

mem[X,0x0000000080001504] -> 0x1F13
mem[X,0x0000000080001506] -> 0x00BF
[1350] [M]: 0x0000000080001504 (0x00BF1F13) slli t5, t5, 0xb
x30 <- 0x0000001000010000

mem[X,0x0000000080001508] -> 0x0F13
mem[X,0x000000008000150A] -> 0x7FFF
[1351] [M]: 0x0000000080001508 (0x7FFF0F13) addi t5, t5, 0x7ff
x30 <- 0x00000010000107FF

mem[X,0x000000008000150C] -> 0x1F13
mem[X,0x000000008000150E] -> 0x00BF
[1352] [M]: 0x000000008000150C (0x00BF1F13) slli t5, t5, 0xb
x30 <- 0x00008000083FF800

mem[X,0x0000000080001510] -> 0x0F13
mem[X,0x0000000080001512] -> 0x5FFF
[1353] [M]: 0x0000000080001510 (0x5FFF0F13) addi t5, t5, 0x5ff
x30 <- 0x00008000083FFDFF

mem[X,0x0000000080001514] -> 0x1F13
mem[X,0x0000000080001516] -> 0x00AF
[1354] [M]: 0x0000000080001514 (0x00AF1F13) slli t5, t5, 0xa
x30 <- 0x02000020FFF7FC00

mem[X,0x0000000080001518] -> 0x0F13
mem[X,0x000000008000151A] -> 0x3FBF
[1355] [M]: 0x0000000080001518 (0x3FBF0F13) addi t5, t5, 0x3fb
x30 <- 0x02000020FFF7FFFB

mem[X,0x000000008000151C] -> 0x0EB7
mem[X,0x000000008000151E] -> 0xEFFF
[1356] [M]: 0x000000008000151C (0xEFFF0EB7) lui t4, -0x10010
x29 <- 0xFFFFFFFFEFFF0000

mem[X,0x0000000080001520] -> 0x8E93
mem[X,0x0000000080001522] -> 0x002E
[1357] [M]: 0x0000000080001520 (0x002E8E93) addi t4, t4, 0x2
x29 <- 0xFFFFFFFFEFFF0002

mem[X,0x0000000080001524] -> 0x9E93
mem[X,0x0000000080001526] -> 0x00BE
[1358] [M]: 0x0000000080001524 (0x00BE9E93) slli t4, t4, 0xb
x29 <- 0xFFFFFF7FF8001000

mem[X,0x0000000080001528] -> 0x8E93
mem[X,0x000000008000152A] -> 0x7FFE
[1359] [M]: 0x0000000080001528 (0x7FFE8E93) addi t4, t4, 0x7ff
x29 <- 0xFFFFFF7FF80017FF

mem[X,0x000000008000152C] -> 0x9E93
mem[X,0x000000008000152E] -> 0x00BE
[1360] [M]: 0x000000008000152C (0x00BE9E93) slli t4, t4, 0xb
x29 <- 0xFFFBFFC000BFF800

mem[X,0x0000000080001530] -> 0x8E93
mem[X,0x0000000080001532] -> 0x77DE
[1361] [M]: 0x0000000080001530 (0x77DE8E93) addi t4, t4, 0x77d
x29 <- 0xFFFBFFC000BFFF7D

mem[X,0x0000000080001534] -> 0x9E93
mem[X,0x0000000080001536] -> 0x00AE
[1362] [M]: 0x0000000080001534 (0x00AE9E93) slli t4, t4, 0xa
x29 <- 0xEFFF0002FFFDF400

mem[X,0x0000000080001538] -> 0x8E93
mem[X,0x000000008000153A] -> 0x3FFE
[1363] [M]: 0x0000000080001538 (0x3FFE8E93) addi t4, t4, 0x3ff
x29 <- 0xEFFF0002FFFDF7FF

mem[X,0x000000008000153C] -> 0x0FBB
mem[X,0x000000008000153E] -> 0xD1DF
[1364] [M]: 0x000000008000153C (0xD1DF0FBB) pssub.h t6, t5, t4
x31 <- 0x1201001EFFFA07FC

mem[X,0x0000000080001540] -> 0xB823
mem[X,0x0000000080001542] -> 0x13F0
[1365] [M]: 0x0000000080001540 (0x13F0B823) sd t6, 0x130(ra)
mem[0x0000000080004340] <- 0x1201001EFFFA07FC

mem[X,0x0000000080001544] -> 0x0F37
mem[X,0x0000000080001546] -> 0xFFF6
[1366] [M]: 0x0000000080001544 (0xFFF60F37) lui t5, -0xa0
x30 <- 0xFFFFFFFFFFF60000

mem[X,0x0000000080001548] -> 0x0F13
mem[X,0x000000008000154A] -> 0x200F
[1367] [M]: 0x0000000080001548 (0x200F0F13) addi t5, t5, 0x200
x30 <- 0xFFFFFFFFFFF60200

mem[X,0x000000008000154C] -> 0x1F13
mem[X,0x000000008000154E] -> 0x00BF
[1368] [M]: 0x000000008000154C (0x00BF1F13) slli t5, t5, 0xb
x30 <- 0xFFFFFFFFB0100000

mem[X,0x0000000080001550] -> 0x0F13
mem[X,0x0000000080001552] -> 0x080F
[1369] [M]: 0x0000000080001550 (0x080F0F13) addi t5, t5, 0x80
x30 <- 0xFFFFFFFFB0100080

mem[X,0x0000000080001554] -> 0x1F13
mem[X,0x0000000080001556] -> 0x00BF
[1370] [M]: 0x0000000080001554 (0x00BF1F13) slli t5, t5, 0xb
x30 <- 0xFFFFFD8080040000

mem[X,0x0000000080001558] -> 0x0F13
mem[X,0x000000008000155A] -> 0x030F
[1371] [M]: 0x0000000080001558 (0x030F0F13) addi t5, t5, 0x30
x30 <- 0xFFFFFD8080040030

mem[X,0x000000008000155C] -> 0x1F13
mem[X,0x000000008000155E] -> 0x00AF
[1372] [M]: 0x000000008000155C (0x00AF1F13) slli t5, t5, 0xa
x30 <- 0xFFF602001000C000

mem[X,0x0000000080001560] -> 0x8EB7
mem[X,0x0000000080001562] -> 0x0800
[1373] [M]: 0x0000000080001560 (0x08008EB7) lui t4, 0x8008
x29 <- 0x0000000008008000

mem[X,0x0000000080001564] -> 0x8E93
mem[X,0x0000000080001566] -> 0xFFFE
[1374] [M]: 0x0000000080001564 (0xFFFE8E93) addi t4, t4, -0x1
x29 <- 0x0000000008007FFF

mem[X,0x0000000080001568] -> 0x9E93
mem[X,0x000000008000156A] -> 0x00BE
[1375] [M]: 0x0000000080001568 (0x00BE9E93) slli t4, t4, 0xb
x29 <- 0x0000004003FFF800

mem[X,0x000000008000156C] -> 0x8E93
mem[X,0x000000008000156E] -> 0x040E
[1376] [M]: 0x000000008000156C (0x040E8E93) addi t4, t4, 0x40
x29 <- 0x0000004003FFF840

mem[X,0x0000000080001570] -> 0x9E93
mem[X,0x0000000080001572] -> 0x00BE
[1377] [M]: 0x0000000080001570 (0x00BE9E93) slli t4, t4, 0xb
x29 <- 0x0002001FFFC20000

mem[X,0x0000000080001574] -> 0x8E93
mem[X,0x0000000080001576] -> 0x000E
[1378] [M]: 0x0000000080001574 (0x000E8E93) addi t4, t4, 0x0
x29 <- 0x0002001FFFC20000

mem[X,0x0000000080001578] -> 0x9E93
mem[X,0x000000008000157A] -> 0x00AE
[1379] [M]: 0x0000000080001578 (0x00AE9E93) slli t4, t4, 0xa
x29 <- 0x08007FFF08000000

mem[X,0x000000008000157C] -> 0x8E93
mem[X,0x000000008000157E] -> 0x100E
[1380] [M]: 0x000000008000157C (0x100E8E93) addi t4, t4, 0x100
x29 <- 0x08007FFF08000100

mem[X,0x0000000080001580] -> 0x0FBB
mem[X,0x0000000080001582] -> 0xD1DF
[1381] [M]: 0x0000000080001580 (0xD1DF0FBB) pssub.h t6, t5, t4
x31 <- 0xF7F682010800BF00

mem[X,0x0000000080001584] -> 0xBC23
mem[X,0x0000000080001586] -> 0x13F0
[1382] [M]: 0x0000000080001584 (0x13F0BC23) sd t6, 0x138(ra)
mem[0x0000000080004348] <- 0xF7F682010800BF00

mem[X,0x0000000080001588] -> 0x0F37
mem[X,0x000000008000158A] -> 0xFBFF
[1383] [M]: 0x0000000080001588 (0xFBFF0F37) lui t5, -0x4010
x30 <- 0xFFFFFFFFFBFF0000

mem[X,0x000000008000158C] -> 0x0F13
mem[X,0x000000008000158E] -> 0x100F
[1384] [M]: 0x000000008000158C (0x100F0F13) addi t5, t5, 0x100
x30 <- 0xFFFFFFFFFBFF0100

mem[X,0x0000000080001590] -> 0x1F13
mem[X,0x0000000080001592] -> 0x00BF
[1385] [M]: 0x0000000080001590 (0x00BF1F13) slli t5, t5, 0xb
x30 <- 0xFFFFFFDFF8080000

mem[X,0x0000000080001594] -> 0x0F13
mem[X,0x0000000080001596] -> 0x7F7F
[1386] [M]: 0x0000000080001594 (0x7F7F0F13) addi t5, t5, 0x7f7
x30 <- 0xFFFFFFDFF80807F7

mem[X,0x0000000080001598] -> 0x1F13
mem[X,0x000000008000159A] -> 0x00BF
[1387] [M]: 0x0000000080001598 (0x00BF1F13) slli t5, t5, 0xb
x30 <- 0xFFFEFFC0403FB800

mem[X,0x000000008000159C] -> 0x0F13
mem[X,0x000000008000159E] -> 0x7C0F
[1388] [M]: 0x000000008000159C (0x7C0F0F13) addi t5, t5, 0x7c0
x30 <- 0xFFFEFFC0403FBFC0

mem[X,0x00000000800015A0] -> 0x1F13
mem[X,0x00000000800015A2] -> 0x00AF
[1389] [M]: 0x00000000800015A0 (0x00AF1F13) slli t5, t5, 0xa
x30 <- 0xFBFF0100FEFF0000

mem[X,0x00000000800015A4] -> 0x0F13
mem[X,0x00000000800015A6] -> 0x100F
[1390] [M]: 0x00000000800015A4 (0x100F0F13) addi t5, t5, 0x100
x30 <- 0xFBFF0100FEFF0100

mem[X,0x00000000800015A8] -> 0x0EB7
mem[X,0x00000000800015AA] -> 0xFFE0
[1391] [M]: 0x00000000800015A8 (0xFFE00EB7) lui t4, -0x200
x29 <- 0xFFFFFFFFFFE00000

mem[X,0x00000000800015AC] -> 0x8E93
mem[X,0x00000000800015AE] -> 0xFF6E
[1392] [M]: 0x00000000800015AC (0xFF6E8E93) addi t4, t4, -0xa
x29 <- 0xFFFFFFFFFFDFFFF6

mem[X,0x00000000800015B0] -> 0x9E93
mem[X,0x00000000800015B2] -> 0x00BE
[1393] [M]: 0x00000000800015B0 (0x00BE9E93) slli t4, t4, 0xb
x29 <- 0xFFFFFFFEFFFFB000

mem[X,0x00000000800015B4] -> 0x8E93
mem[X,0x00000000800015B6] -> 0x400E
[1394] [M]: 0x00000000800015B4 (0x400E8E93) addi t4, t4, 0x400
x29 <- 0xFFFFFFFEFFFFB400

mem[X,0x00000000800015B8] -> 0x9E93
mem[X,0x00000000800015BA] -> 0x00BE
[1395] [M]: 0x00000000800015B8 (0x00BE9E93) slli t4, t4, 0xb
x29 <- 0xFFFFF7FFFDA00000

mem[X,0x00000000800015BC] -> 0x8E93
mem[X,0x00000000800015BE] -> 0x03FE
[1396] [M]: 0x00000000800015BC (0x03FE8E93) addi t4, t4, 0x3f
x29 <- 0xFFFFF7FFFDA0003F

mem[X,0x00000000800015C0] -> 0x9E93
mem[X,0x00000000800015C2] -> 0x00AE
[1397] [M]: 0x00000000800015C0 (0x00AE9E93) slli t4, t4, 0xa
x29 <- 0xFFDFFFF68000FC00

mem[X,0x00000000800015C4] -> 0x8E93
mem[X,0x00000000800015C6] -> 0x3DFE
[1398] [M]: 0x00000000800015C4 (0x3DFE8E93) addi t4, t4, 0x3df
x29 <- 0xFFDFFFF68000FFDF

mem[X,0x00000000800015C8] -> 0x0FBB
mem[X,0x00000000800015CA] -> 0xD1DF
[1399] [M]: 0x00000000800015C8 (0xD1DF0FBB) pssub.h t6, t5, t4
x31 <- 0xFC20010A7EFF0121

clint::tick mtime <- 0x000000000000000E
 clint timer pending at mtime 0x000000000000000E
htif::tick 0x0000000000000000
mem[X,0x00000000800015CC] -> 0xB023
mem[X,0x00000000800015CE] -> 0x15F0
[1400] [M]: 0x00000000800015CC (0x15F0B023) sd t6, 0x140(ra)
mem[0x0000000080004350] <- 0xFC20010A7EFF0121

mem[X,0x00000000800015D0] -> 0x0F37
mem[X,0x00000000800015D2] -> 0xFC00
[1401] [M]: 0x00000000800015D0 (0xFC000F37) lui t5, -0x4000
x30 <- 0xFFFFFFFFFC000000

mem[X,0x00000000800015D4] -> 0x0F13
mem[X,0x00000000800015D6] -> 0xFF8F
[1402] [M]: 0x00000000800015D4 (0xFF8F0F13) addi t5, t5, -0x8
x30 <- 0xFFFFFFFFFBFFFFF8

mem[X,0x00000000800015D8] -> 0x1F13
mem[X,0x00000000800015DA] -> 0x00BF
[1403] [M]: 0x00000000800015D8 (0x00BF1F13) slli t5, t5, 0xb
x30 <- 0xFFFFFFDFFFFFC000

mem[X,0x00000000800015DC] -> 0x0F13
mem[X,0x00000000800015DE] -> 0x5FFF
[1404] [M]: 0x00000000800015DC (0x5FFF0F13) addi t5, t5, 0x5ff
x30 <- 0xFFFFFFDFFFFFC5FF

mem[X,0x00000000800015E0] -> 0x1F13
mem[X,0x00000000800015E2] -> 0x00BF
[1405] [M]: 0x00000000800015E0 (0x00BF1F13) slli t5, t5, 0xb
x30 <- 0xFFFEFFFFFE2FF800

mem[X,0x00000000800015E4] -> 0x0F13
mem[X,0x00000000800015E6] -> 0x7C0F
[1406] [M]: 0x00000000800015E4 (0x7C0F0F13) addi t5, t5, 0x7c0
x30 <- 0xFFFEFFFFFE2FFFC0

mem[X,0x00000000800015E8] -> 0x1F13
mem[X,0x00000000800015EA] -> 0x00AF
[1407] [M]: 0x00000000800015E8 (0x00AF1F13) slli t5, t5, 0xa
x30 <- 0xFBFFFFF8BFFF0000

mem[X,0x00000000800015EC] -> 0x0F13
mem[X,0x00000000800015EE] -> 0x009F
[1408] [M]: 0x00000000800015EC (0x009F0F13) addi t5, t5, 0x9
x30 <- 0xFBFFFFF8BFFF0009

mem[X,0x00000000800015F0] -> 0x0EB7
mem[X,0x00000000800015F2] -> 0x0005
[1409] [M]: 0x00000000800015F0 (0x00050EB7) lui t4, 0x50
x29 <- 0x0000000000050000

mem[X,0x00000000800015F4] -> 0x8E93
mem[X,0x00000000800015F6] -> 0x400E
[1410] [M]: 0x00000000800015F4 (0x400E8E93) addi t4, t4, 0x400
x29 <- 0x0000000000050400

mem[X,0x00000000800015F8] -> 0x9E93
mem[X,0x00000000800015FA] -> 0x00BE
[1411] [M]: 0x00000000800015F8 (0x00BE9E93) slli t4, t4, 0xb
x29 <- 0x0000000028200000

mem[X,0x00000000800015FC] -> 0x8E93
mem[X,0x00000000800015FE] -> 0x7FFE
[1412] [M]: 0x00000000800015FC (0x7FFE8E93) addi t4, t4, 0x7ff
x29 <- 0x00000000282007FF

mem[X,0x0000000080001600] -> 0x9E93
mem[X,0x0000000080001602] -> 0x00BE
[1413] [M]: 0x0000000080001600 (0x00BE9E93) slli t4, t4, 0xb
x29 <- 0x00000141003FF800

mem[X,0x0000000080001604] -> 0x8E93
mem[X,0x0000000080001606] -> 0x5C0E
[1414] [M]: 0x0000000080001604 (0x5C0E8E93) addi t4, t4, 0x5c0
x29 <- 0x00000141003FFDC0

mem[X,0x0000000080001608] -> 0x9E93
mem[X,0x000000008000160A] -> 0x00AE
[1415] [M]: 0x0000000080001608 (0x00AE9E93) slli t4, t4, 0xa
x29 <- 0x00050400FFF70000

mem[X,0x000000008000160C] -> 0x8E93
mem[X,0x000000008000160E] -> 0x100E
[1416] [M]: 0x000000008000160C (0x100E8E93) addi t4, t4, 0x100
x29 <- 0x00050400FFF70100

mem[X,0x0000000080001610] -> 0x0FBB
mem[X,0x0000000080001612] -> 0xD1DF
[1417] [M]: 0x0000000080001610 (0xD1DF0FBB) pssub.h t6, t5, t4
x31 <- 0xFBFAFBF8C008FF09

mem[X,0x0000000080001614] -> 0xB423
mem[X,0x0000000080001616] -> 0x15F0
[1418] [M]: 0x0000000080001614 (0x15F0B423) sd t6, 0x148(ra)
mem[0x0000000080004358] <- 0xFBFAFBF8C008FF09

mem[X,0x0000000080001618] -> 0xBF37
mem[X,0x000000008000161A] -> 0x0040
[1419] [M]: 0x0000000080001618 (0x0040BF37) lui t5, 0x40b
x30 <- 0x000000000040B000

mem[X,0x000000008000161C] -> 0x0F13
mem[X,0x000000008000161E] -> 0xAAAF
[1420] [M]: 0x000000008000161C (0xAAAF0F13) addi t5, t5, -0x556
x30 <- 0x000000000040AAAA

mem[X,0x0000000080001620] -> 0x1F13
mem[X,0x0000000080001622] -> 0x00BF
[1421] [M]: 0x0000000080001620 (0x00BF1F13) slli t5, t5, 0xb
x30 <- 0x0000000205555000

mem[X,0x0000000080001624] -> 0x0F13
mem[X,0x0000000080001626] -> 0x555F
[1422] [M]: 0x0000000080001624 (0x555F0F13) addi t5, t5, 0x555
x30 <- 0x0000000205555555

mem[X,0x0000000080001628] -> 0x1F13
mem[X,0x000000008000162A] -> 0x00BF
[1423] [M]: 0x0000000080001628 (0x00BF1F13) slli t5, t5, 0xb
x30 <- 0x0000102AAAAAA800

mem[X,0x000000008000162C] -> 0x0F13
mem[X,0x000000008000162E] -> 0x2AAF
[1424] [M]: 0x000000008000162C (0x2AAF0F13) addi t5, t5, 0x2aa
x30 <- 0x0000102AAAAAAAAA

mem[X,0x0000000080001630] -> 0x1F13
mem[X,0x0000000080001632] -> 0x00AF
[1425] [M]: 0x0000000080001630 (0x00AF1F13) slli t5, t5, 0xa
x30 <- 0x0040AAAAAAAAA800

mem[X,0x0000000080001634] -> 0x0F13
mem[X,0x0000000080001636] -> 0x2AAF
[1426] [M]: 0x0000000080001634 (0x2AAF0F13) addi t5, t5, 0x2aa
x30 <- 0x0040AAAAAAAAAAAA

mem[X,0x0000000080001638] -> 0x0EB7
mem[X,0x000000008000163A] -> 0x0021
[1427] [M]: 0x0000000080001638 (0x00210EB7) lui t4, 0x210
x29 <- 0x0000000000210000

mem[X,0x000000008000163C] -> 0x8E93
mem[X,0x000000008000163E] -> 0xFDFE
[1428] [M]: 0x000000008000163C (0xFDFE8E93) addi t4, t4, -0x21
x29 <- 0x000000000020FFDF

mem[X,0x0000000080001640] -> 0x9E93
mem[X,0x0000000080001642] -> 0x00BE
[1429] [M]: 0x0000000080001640 (0x00BE9E93) slli t4, t4, 0xb
x29 <- 0x0000000107FEF800

mem[X,0x0000000080001644] -> 0x8E93
mem[X,0x0000000080001646] -> 0x000E
[1430] [M]: 0x0000000080001644 (0x000E8E93) addi t4, t4, 0x0
x29 <- 0x0000000107FEF800

mem[X,0x0000000080001648] -> 0x9E93
mem[X,0x000000008000164A] -> 0x00BE
[1431] [M]: 0x0000000080001648 (0x00BE9E93) slli t4, t4, 0xb
x29 <- 0x0000083FF7C00000

mem[X,0x000000008000164C] -> 0x8E93
mem[X,0x000000008000164E] -> 0x140E
[1432] [M]: 0x000000008000164C (0x140E8E93) addi t4, t4, 0x140
x29 <- 0x0000083FF7C00140

mem[X,0x0000000080001650] -> 0x9E93
mem[X,0x0000000080001652] -> 0x00AE
[1433] [M]: 0x0000000080001650 (0x00AE9E93) slli t4, t4, 0xa
x29 <- 0x0020FFDF00050000

mem[X,0x0000000080001654] -> 0x8E93
mem[X,0x0000000080001656] -> 0x010E
[1434] [M]: 0x0000000080001654 (0x010E8E93) addi t4, t4, 0x10
x29 <- 0x0020FFDF00050010

mem[X,0x0000000080001658] -> 0x0FBB
mem[X,0x000000008000165A] -> 0xD1DF
[1435] [M]: 0x0000000080001658 (0xD1DF0FBB) pssub.h t6, t5, t4
x31 <- 0x0020AACBAAA5AA9A

mem[X,0x000000008000165C] -> 0xB823
mem[X,0x000000008000165E] -> 0x15F0
[1436] [M]: 0x000000008000165C (0x15F0B823) sd t6, 0x150(ra)
mem[0x0000000080004360] <- 0x0020AACBAAA5AA9A

mem[X,0x0000000080001660] -> 0x8F37
mem[X,0x0000000080001662] -> 0x0020
[1437] [M]: 0x0000000080001660 (0x00208F37) lui t5, 0x208
x30 <- 0x0000000000208000

mem[X,0x0000000080001664] -> 0x0F13
mem[X,0x0000000080001666] -> 0x000F
[1438] [M]: 0x0000000080001664 (0x000F0F13) addi t5, t5, 0x0
x30 <- 0x0000000000208000

mem[X,0x0000000080001668] -> 0x1F13
mem[X,0x000000008000166A] -> 0x00BF
[1439] [M]: 0x0000000080001668 (0x00BF1F13) slli t5, t5, 0xb
x30 <- 0x0000000104000000

mem[X,0x000000008000166C] -> 0x0F13
mem[X,0x000000008000166E] -> 0x7FFF
[1440] [M]: 0x000000008000166C (0x7FFF0F13) addi t5, t5, 0x7ff
x30 <- 0x00000001040007FF

mem[X,0x0000000080001670] -> 0x1F13
mem[X,0x0000000080001672] -> 0x00BF
[1441] [M]: 0x0000000080001670 (0x00BF1F13) slli t5, t5, 0xb
x30 <- 0x00000820003FF800

mem[X,0x0000000080001674] -> 0x0F13
mem[X,0x0000000080001676] -> 0x700F
[1442] [M]: 0x0000000080001674 (0x700F0F13) addi t5, t5, 0x700
x30 <- 0x00000820003FFF00

mem[X,0x0000000080001678] -> 0x1F13
mem[X,0x000000008000167A] -> 0x00AF
[1443] [M]: 0x0000000080001678 (0x00AF1F13) slli t5, t5, 0xa
x30 <- 0x00208000FFFC0000

mem[X,0x000000008000167C] -> 0x0F13
mem[X,0x000000008000167E] -> 0x004F
[1444] [M]: 0x000000008000167C (0x004F0F13) addi t5, t5, 0x4
x30 <- 0x00208000FFFC0004

mem[X,0x0000000080001680] -> 0xBEB7
mem[X,0x0000000080001682] -> 0xFFF6
[1445] [M]: 0x0000000080001680 (0xFFF6BEB7) lui t4, -0x95
x29 <- 0xFFFFFFFFFFF6B000

mem[X,0x0000000080001684] -> 0x8E93
mem[X,0x0000000080001686] -> 0xAAAE
[1446] [M]: 0x0000000080001684 (0xAAAE8E93) addi t4, t4, -0x556
x29 <- 0xFFFFFFFFFFF6AAAA

mem[X,0x0000000080001688] -> 0x9E93
mem[X,0x000000008000168A] -> 0x00BE
[1447] [M]: 0x0000000080001688 (0x00BE9E93) slli t4, t4, 0xb
x29 <- 0xFFFFFFFFB5555000

mem[X,0x000000008000168C] -> 0x8E93
mem[X,0x000000008000168E] -> 0x080E
[1448] [M]: 0x000000008000168C (0x080E8E93) addi t4, t4, 0x80
x29 <- 0xFFFFFFFFB5555080

mem[X,0x0000000080001690] -> 0x9E93
mem[X,0x0000000080001692] -> 0x00BE
[1449] [M]: 0x0000000080001690 (0x00BE9E93) slli t4, t4, 0xb
x29 <- 0xFFFFFDAAAA840000

mem[X,0x0000000080001694] -> 0x8E93
mem[X,0x0000000080001696] -> 0x000E
[1450] [M]: 0x0000000080001694 (0x000E8E93) addi t4, t4, 0x0
x29 <- 0xFFFFFDAAAA840000

mem[X,0x0000000080001698] -> 0x9E93
mem[X,0x000000008000169A] -> 0x00AE
[1451] [M]: 0x0000000080001698 (0x00AE9E93) slli t4, t4, 0xa
x29 <- 0xFFF6AAAA10000000

mem[X,0x000000008000169C] -> 0x8E93
mem[X,0x000000008000169E] -> 0x002E
[1452] [M]: 0x000000008000169C (0x002E8E93) addi t4, t4, 0x2
x29 <- 0xFFF6AAAA10000002

mem[X,0x00000000800016A0] -> 0x0FBB
mem[X,0x00000000800016A2] -> 0xD1DF
[1453] [M]: 0x00000000800016A0 (0xD1DF0FBB) pssub.h t6, t5, t4
x31 <- 0x002AD556EFFC0002

mem[X,0x00000000800016A4] -> 0xBC23
mem[X,0x00000000800016A6] -> 0x15F0
[1454] [M]: 0x00000000800016A4 (0x15F0BC23) sd t6, 0x158(ra)
mem[0x0000000080004368] <- 0x002AD556EFFC0002

mem[X,0x00000000800016A8] -> 0x0F37
mem[X,0x00000000800016AA] -> 0xFFF7
[1455] [M]: 0x00000000800016A8 (0xFFF70F37) lui t5, -0x90
x30 <- 0xFFFFFFFFFFF70000

mem[X,0x00000000800016AC] -> 0x0F13
mem[X,0x00000000800016AE] -> 0x002F
[1456] [M]: 0x00000000800016AC (0x002F0F13) addi t5, t5, 0x2
x30 <- 0xFFFFFFFFFFF70002

mem[X,0x00000000800016B0] -> 0x1F13
mem[X,0x00000000800016B2] -> 0x00BF
[1457] [M]: 0x00000000800016B0 (0x00BF1F13) slli t5, t5, 0xb
x30 <- 0xFFFFFFFFB8001000

mem[X,0x00000000800016B4] -> 0x0F13
mem[X,0x00000000800016B6] -> 0x7BFF
[1458] [M]: 0x00000000800016B4 (0x7BFF0F13) addi t5, t5, 0x7bf
x30 <- 0xFFFFFFFFB80017BF

mem[X,0x00000000800016B8] -> 0x1F13
mem[X,0x00000000800016BA] -> 0x00BF
[1459] [M]: 0x00000000800016B8 (0x00BF1F13) slli t5, t5, 0xb
x30 <- 0xFFFFFDC000BDF800

mem[X,0x00000000800016BC] -> 0x0F13
mem[X,0x00000000800016BE] -> 0x7FFF
[1460] [M]: 0x00000000800016BC (0x7FFF0F13) addi t5, t5, 0x7ff
x30 <- 0xFFFFFDC000BDFFFF

mem[X,0x00000000800016C0] -> 0x1F13
mem[X,0x00000000800016C2] -> 0x00AF
[1461] [M]: 0x00000000800016C0 (0x00AF1F13) slli t5, t5, 0xa
x30 <- 0xFFF70002F7FFFC00

mem[X,0x00000000800016C4] -> 0x0F13
mem[X,0x00000000800016C6] -> 0x3FCF
[1462] [M]: 0x00000000800016C4 (0x3FCF0F13) addi t5, t5, 0x3fc
x30 <- 0xFFF70002F7FFFFFC

mem[X,0x00000000800016C8] -> 0x0EB7
mem[X,0x00000000800016CA] -> 0x3FFF
[1463] [M]: 0x00000000800016C8 (0x3FFF0EB7) lui t4, 0x3fff0
x29 <- 0x000000003FFF0000

mem[X,0x00000000800016CC] -> 0x8E93
mem[X,0x00000000800016CE] -> 0x005E
[1464] [M]: 0x00000000800016CC (0x005E8E93) addi t4, t4, 0x5
x29 <- 0x000000003FFF0005

mem[X,0x00000000800016D0] -> 0x9E93
mem[X,0x00000000800016D2] -> 0x00BE
[1465] [M]: 0x00000000800016D0 (0x00BE9E93) slli t4, t4, 0xb
x29 <- 0x000001FFF8002800

mem[X,0x00000000800016D4] -> 0x8E93
mem[X,0x00000000800016D6] -> 0x3FFE
[1466] [M]: 0x00000000800016D4 (0x3FFE8E93) addi t4, t4, 0x3ff
x29 <- 0x000001FFF8002BFF

mem[X,0x00000000800016D8] -> 0x9E93
mem[X,0x00000000800016DA] -> 0x00BE
[1467] [M]: 0x00000000800016D8 (0x00BE9E93) slli t4, t4, 0xb
x29 <- 0x000FFFC0015FF800

mem[X,0x00000000800016DC] -> 0x8E93
mem[X,0x00000000800016DE] -> 0x7C0E
[1468] [M]: 0x00000000800016DC (0x7C0E8E93) addi t4, t4, 0x7c0
x29 <- 0x000FFFC0015FFFC0

mem[X,0x00000000800016E0] -> 0x9E93
mem[X,0x00000000800016E2] -> 0x00AE
[1469] [M]: 0x00000000800016E0 (0x00AE9E93) slli t4, t4, 0xa
x29 <- 0x3FFF00057FFF0000

mem[X,0x00000000800016E4] -> 0x8E93
mem[X,0x00000000800016E6] -> 0x006E
[1470] [M]: 0x00000000800016E4 (0x006E8E93) addi t4, t4, 0x6
x29 <- 0x3FFF00057FFF0006

mem[X,0x00000000800016E8] -> 0x0FBB
mem[X,0x00000000800016EA] -> 0xD1DF
[1471] [M]: 0x00000000800016E8 (0xD1DF0FBB) pssub.h t6, t5, t4
x31 <- 0xBFF8FFFD8000FFF6

mem[X,0x00000000800016EC] -> 0xB023
mem[X,0x00000000800016EE] -> 0x17F0
[1472] [M]: 0x00000000800016EC (0x17F0B023) sd t6, 0x160(ra)
mem[0x0000000080004370] <- 0xBFF8FFFD8000FFF6

mem[X,0x00000000800016F0] -> 0x0F37
mem[X,0x00000000800016F2] -> 0xFFFD
[1473] [M]: 0x00000000800016F0 (0xFFFD0F37) lui t5, -0x30
x30 <- 0xFFFFFFFFFFFD0000

mem[X,0x00000000800016F4] -> 0x0F13
mem[X,0x00000000800016F6] -> 0x008F
[1474] [M]: 0x00000000800016F4 (0x008F0F13) addi t5, t5, 0x8
x30 <- 0xFFFFFFFFFFFD0008

mem[X,0x00000000800016F8] -> 0x1F13
mem[X,0x00000000800016FA] -> 0x00BF
[1475] [M]: 0x00000000800016F8 (0x00BF1F13) slli t5, t5, 0xb
x30 <- 0xFFFFFFFFE8004000

mem[X,0x00000000800016FC] -> 0x0F13
mem[X,0x00000000800016FE] -> 0x000F
[1476] [M]: 0x00000000800016FC (0x000F0F13) addi t5, t5, 0x0
x30 <- 0xFFFFFFFFE8004000

mem[X,0x0000000080001700] -> 0x1F13
mem[X,0x0000000080001702] -> 0x00BF
[1477] [M]: 0x0000000080001700 (0x00BF1F13) slli t5, t5, 0xb
x30 <- 0xFFFFFF4002000000

mem[X,0x0000000080001704] -> 0x0F13
mem[X,0x0000000080001706] -> 0x101F
[1478] [M]: 0x0000000080001704 (0x101F0F13) addi t5, t5, 0x101
x30 <- 0xFFFFFF4002000101

mem[X,0x0000000080001708] -> 0x1F13
mem[X,0x000000008000170A] -> 0x00AF
[1479] [M]: 0x0000000080001708 (0x00AF1F13) slli t5, t5, 0xa
x30 <- 0xFFFD000800040400

mem[X,0x000000008000170C] -> 0x0EB7
mem[X,0x000000008000170E] -> 0x8000
[1480] [M]: 0x000000008000170C (0x80000EB7) lui t4, -0x80000
x29 <- 0xFFFFFFFF80000000

mem[X,0x0000000080001710] -> 0x8E93
mem[X,0x0000000080001712] -> 0x100E
[1481] [M]: 0x0000000080001710 (0x100E8E93) addi t4, t4, 0x100
x29 <- 0xFFFFFFFF80000100

mem[X,0x0000000080001714] -> 0x9E93
mem[X,0x0000000080001716] -> 0x00BE
[1482] [M]: 0x0000000080001714 (0x00BE9E93) slli t4, t4, 0xb
x29 <- 0xFFFFFC0000080000

mem[X,0x0000000080001718] -> 0x8E93
mem[X,0x000000008000171A] -> 0x000E
[1483] [M]: 0x0000000080001718 (0x000E8E93) addi t4, t4, 0x0
x29 <- 0xFFFFFC0000080000

mem[X,0x000000008000171C] -> 0x9E93
mem[X,0x000000008000171E] -> 0x00BE
[1484] [M]: 0x000000008000171C (0x00BE9E93) slli t4, t4, 0xb
x29 <- 0xFFE0000040000000

mem[X,0x0000000080001720] -> 0x8E93
mem[X,0x0000000080001722] -> 0x02FE
[1485] [M]: 0x0000000080001720 (0x02FE8E93) addi t4, t4, 0x2f
x29 <- 0xFFE000004000002F

mem[X,0x0000000080001724] -> 0x9E93
mem[X,0x0000000080001726] -> 0x00AE
[1486] [M]: 0x0000000080001724 (0x00AE9E93) slli t4, t4, 0xa
x29 <- 0x800001000000BC00

mem[X,0x0000000080001728] -> 0x8E93
mem[X,0x000000008000172A] -> 0x3FFE
[1487] [M]: 0x0000000080001728 (0x3FFE8E93) addi t4, t4, 0x3ff
x29 <- 0x800001000000BFFF

mem[X,0x000000008000172C] -> 0x0FBB
mem[X,0x000000008000172E] -> 0xD1DF
[1488] [M]: 0x000000008000172C (0xD1DF0FBB) pssub.h t6, t5, t4
x31 <- 0x7FFDFF0800044401

mem[X,0x0000000080001730] -> 0xB423
mem[X,0x0000000080001732] -> 0x17F0
[1489] [M]: 0x0000000080001730 (0x17F0B423) sd t6, 0x168(ra)
mem[0x0000000080004378] <- 0x7FFDFF0800044401

mem[X,0x0000000080001734] -> 0x0F37
mem[X,0x0000000080001736] -> 0xFBFF
[1490] [M]: 0x0000000080001734 (0xFBFF0F37) lui t5, -0x4010
x30 <- 0xFFFFFFFFFBFF0000

mem[X,0x0000000080001738] -> 0x0F13
mem[X,0x000000008000173A] -> 0x080F
[1491] [M]: 0x0000000080001738 (0x080F0F13) addi t5, t5, 0x80
x30 <- 0xFFFFFFFFFBFF0080

mem[X,0x000000008000173C] -> 0x1F13
mem[X,0x000000008000173E] -> 0x00BF
[1492] [M]: 0x000000008000173C (0x00BF1F13) slli t5, t5, 0xb
x30 <- 0xFFFFFFDFF8040000

mem[X,0x0000000080001740] -> 0x0F13
mem[X,0x0000000080001742] -> 0x7FFF
[1493] [M]: 0x0000000080001740 (0x7FFF0F13) addi t5, t5, 0x7ff
x30 <- 0xFFFFFFDFF80407FF

mem[X,0x0000000080001744] -> 0x1F13
mem[X,0x0000000080001746] -> 0x00BF
[1494] [M]: 0x0000000080001744 (0x00BF1F13) slli t5, t5, 0xb
x30 <- 0xFFFEFFC0203FF800

mem[X,0x0000000080001748] -> 0x0F13
mem[X,0x000000008000174A] -> 0x77FF
[1495] [M]: 0x0000000080001748 (0x77FF0F13) addi t5, t5, 0x77f
x30 <- 0xFFFEFFC0203FFF7F

mem[X,0x000000008000174C] -> 0x1F13
mem[X,0x000000008000174E] -> 0x00AF
[1496] [M]: 0x000000008000174C (0x00AF1F13) slli t5, t5, 0xa
x30 <- 0xFBFF0080FFFDFC00

mem[X,0x0000000080001750] -> 0x0F13
mem[X,0x0000000080001752] -> 0x37FF
[1497] [M]: 0x0000000080001750 (0x37FF0F13) addi t5, t5, 0x37f
x30 <- 0xFBFF0080FFFDFF7F

mem[X,0x0000000080001754] -> 0x0EB7
mem[X,0x0000000080001756] -> 0xF800
[1498] [M]: 0x0000000080001754 (0xF8000EB7) lui t4, -0x8000
x29 <- 0xFFFFFFFFF8000000

mem[X,0x0000000080001758] -> 0x8E93
mem[X,0x000000008000175A] -> 0xDFFE
[1499] [M]: 0x0000000080001758 (0xDFFE8E93) addi t4, t4, -0x201
x29 <- 0xFFFFFFFFF7FFFDFF

clint::tick mtime <- 0x000000000000000F
 clint timer pending at mtime 0x000000000000000F
htif::tick 0x0000000000000000
mem[X,0x000000008000175C] -> 0x9E93
mem[X,0x000000008000175E] -> 0x00BE
[1500] [M]: 0x000000008000175C (0x00BE9E93) slli t4, t4, 0xb
x29 <- 0xFFFFFFBFFFEFF800

mem[X,0x0000000080001760] -> 0x8E93
mem[X,0x0000000080001762] -> 0x7F7E
[1501] [M]: 0x0000000080001760 (0x7F7E8E93) addi t4, t4, 0x7f7
x29 <- 0xFFFFFFBFFFEFFFF7

mem[X,0x0000000080001764] -> 0x9E93
mem[X,0x0000000080001766] -> 0x00BE
[1502] [M]: 0x0000000080001764 (0x00BE9E93) slli t4, t4, 0xb
x29 <- 0xFFFDFFFF7FFFB800

mem[X,0x0000000080001768] -> 0x8E93
mem[X,0x000000008000176A] -> 0x7FFE
[1503] [M]: 0x0000000080001768 (0x7FFE8E93) addi t4, t4, 0x7ff
x29 <- 0xFFFDFFFF7FFFBFFF

mem[X,0x000000008000176C] -> 0x9E93
mem[X,0x000000008000176E] -> 0x00AE
[1504] [M]: 0x000000008000176C (0x00AE9E93) slli t4, t4, 0xa
x29 <- 0xF7FFFDFFFEFFFC00

mem[X,0x0000000080001770] -> 0x8E93
mem[X,0x0000000080001772] -> 0x1FFE
[1505] [M]: 0x0000000080001770 (0x1FFE8E93) addi t4, t4, 0x1ff
x29 <- 0xF7FFFDFFFEFFFDFF

mem[X,0x0000000080001774] -> 0x0FBB
mem[X,0x0000000080001776] -> 0xD1DF
[1506] [M]: 0x0000000080001774 (0xD1DF0FBB) pssub.h t6, t5, t4
x31 <- 0x0400028100FE0180

mem[X,0x0000000080001778] -> 0xB823
mem[X,0x000000008000177A] -> 0x17F0
[1507] [M]: 0x0000000080001778 (0x17F0B823) sd t6, 0x170(ra)
mem[0x0000000080004380] <- 0x0400028100FE0180

mem[X,0x000000008000177C] -> 0x1F37
mem[X,0x000000008000177E] -> 0x0005
[1508] [M]: 0x000000008000177C (0x00051F37) lui t5, 0x51
x30 <- 0x0000000000051000

mem[X,0x0000000080001780] -> 0x0F13
mem[X,0x0000000080001782] -> 0x800F
[1509] [M]: 0x0000000080001780 (0x800F0F13) addi t5, t5, -0x800
x30 <- 0x0000000000050800

mem[X,0x0000000080001784] -> 0x1F13
mem[X,0x0000000080001786] -> 0x00BF
[1510] [M]: 0x0000000080001784 (0x00BF1F13) slli t5, t5, 0xb
x30 <- 0x0000000028400000

mem[X,0x0000000080001788] -> 0x0F13
mem[X,0x000000008000178A] -> 0x7FEF
[1511] [M]: 0x0000000080001788 (0x7FEF0F13) addi t5, t5, 0x7fe
x30 <- 0x00000000284007FE

mem[X,0x000000008000178C] -> 0x1F13
mem[X,0x000000008000178E] -> 0x00BF
[1512] [M]: 0x000000008000178C (0x00BF1F13) slli t5, t5, 0xb
x30 <- 0x00000142003FF000

mem[X,0x0000000080001790] -> 0x0F13
mem[X,0x0000000080001792] -> 0x7FDF
[1513] [M]: 0x0000000080001790 (0x7FDF0F13) addi t5, t5, 0x7fd
x30 <- 0x00000142003FF7FD

mem[X,0x0000000080001794] -> 0x1F13
mem[X,0x0000000080001796] -> 0x00AF
[1514] [M]: 0x0000000080001794 (0x00AF1F13) slli t5, t5, 0xa
x30 <- 0x00050800FFDFF400

mem[X,0x0000000080001798] -> 0x0F13
mem[X,0x000000008000179A] -> 0x3FFF
[1515] [M]: 0x0000000080001798 (0x3FFF0F13) addi t5, t5, 0x3ff
x30 <- 0x00050800FFDFF7FF

mem[X,0x000000008000179C] -> 0x0EB7
mem[X,0x000000008000179E] -> 0x8000
[1516] [M]: 0x000000008000179C (0x80000EB7) lui t4, -0x80000
x29 <- 0xFFFFFFFF80000000

mem[X,0x00000000800017A0] -> 0x8E93
mem[X,0x00000000800017A2] -> 0xFDFE
[1517] [M]: 0x00000000800017A0 (0xFDFE8E93) addi t4, t4, -0x21
x29 <- 0xFFFFFFFF7FFFFFDF

mem[X,0x00000000800017A4] -> 0x9E93
mem[X,0x00000000800017A6] -> 0x00BE
[1518] [M]: 0x00000000800017A4 (0x00BE9E93) slli t4, t4, 0xb
x29 <- 0xFFFFFBFFFFFEF800

mem[X,0x00000000800017A8] -> 0x8E93
mem[X,0x00000000800017AA] -> 0x7DFE
[1519] [M]: 0x00000000800017A8 (0x7DFE8E93) addi t4, t4, 0x7df
x29 <- 0xFFFFFBFFFFFEFFDF

mem[X,0x00000000800017AC] -> 0x9E93
mem[X,0x00000000800017AE] -> 0x00BE
[1520] [M]: 0x00000000800017AC (0x00BE9E93) slli t4, t4, 0xb
x29 <- 0xFFDFFFFFF7FEF800

mem[X,0x00000000800017B0] -> 0x8E93
mem[X,0x00000000800017B2] -> 0x7EAE
[1521] [M]: 0x00000000800017B0 (0x7EAE8E93) addi t4, t4, 0x7ea
x29 <- 0xFFDFFFFFF7FEFFEA

mem[X,0x00000000800017B4] -> 0x9E93
mem[X,0x00000000800017B6] -> 0x00AE
[1522] [M]: 0x00000000800017B4 (0x00AE9E93) slli t4, t4, 0xa
x29 <- 0x7FFFFFDFFBFFA800

mem[X,0x00000000800017B8] -> 0x8E93
mem[X,0x00000000800017BA] -> 0x2AAE
[1523] [M]: 0x00000000800017B8 (0x2AAE8E93) addi t4, t4, 0x2aa
x29 <- 0x7FFFFFDFFBFFAAAA

mem[X,0x00000000800017BC] -> 0x0FBB
mem[X,0x00000000800017BE] -> 0xD1DF
[1524] [M]: 0x00000000800017BC (0xD1DF0FBB) pssub.h t6, t5, t4
x31 <- 0x8006082103E04D55

mem[X,0x00000000800017C0] -> 0xBC23
mem[X,0x00000000800017C2] -> 0x17F0
[1525] [M]: 0x00000000800017C0 (0x17F0BC23) sd t6, 0x178(ra)
mem[0x0000000080004388] <- 0x8006082103E04D55

mem[X,0x00000000800017C4] -> 0x0F37
mem[X,0x00000000800017C6] -> 0x7FFF
[1526] [M]: 0x00000000800017C4 (0x7FFF0F37) lui t5, 0x7fff0
x30 <- 0x000000007FFF0000

mem[X,0x00000000800017C8] -> 0x0F13
mem[X,0x00000000800017CA] -> 0x040F
[1527] [M]: 0x00000000800017C8 (0x040F0F13) addi t5, t5, 0x40
x30 <- 0x000000007FFF0040

mem[X,0x00000000800017CC] -> 0x1F13
mem[X,0x00000000800017CE] -> 0x00BF
[1528] [M]: 0x00000000800017CC (0x00BF1F13) slli t5, t5, 0xb
x30 <- 0x000003FFF8020000

mem[X,0x00000000800017D0] -> 0x0F13
mem[X,0x00000000800017D2] -> 0x7DFF
[1529] [M]: 0x00000000800017D0 (0x7DFF0F13) addi t5, t5, 0x7df
x30 <- 0x000003FFF80207DF

mem[X,0x00000000800017D4] -> 0x1F13
mem[X,0x00000000800017D6] -> 0x00BF
[1530] [M]: 0x00000000800017D4 (0x00BF1F13) slli t5, t5, 0xb
x30 <- 0x001FFFC0103EF800

mem[X,0x00000000800017D8] -> 0x0F13
mem[X,0x00000000800017DA] -> 0x7FFF
[1531] [M]: 0x00000000800017D8 (0x7FFF0F13) addi t5, t5, 0x7ff
x30 <- 0x001FFFC0103EFFFF

mem[X,0x00000000800017DC] -> 0x1F13
mem[X,0x00000000800017DE] -> 0x00AF
[1532] [M]: 0x00000000800017DC (0x00AF1F13) slli t5, t5, 0xa
x30 <- 0x7FFF0040FBFFFC00

mem[X,0x00000000800017E0] -> 0x0F13
mem[X,0x00000000800017E2] -> 0x3EFF
[1533] [M]: 0x00000000800017E0 (0x3EFF0F13) addi t5, t5, 0x3ef
x30 <- 0x7FFF0040FBFFFFEF

mem[X,0x00000000800017E4] -> 0x4EB7
mem[X,0x00000000800017E6] -> 0x0009
[1534] [M]: 0x00000000800017E4 (0x00094EB7) lui t4, 0x94
x29 <- 0x0000000000094000

mem[X,0x00000000800017E8] -> 0x8E93
mem[X,0x00000000800017EA] -> 0xFFFE
[1535] [M]: 0x00000000800017E8 (0xFFFE8E93) addi t4, t4, -0x1
x29 <- 0x0000000000093FFF

mem[X,0x00000000800017EC] -> 0x9E93
mem[X,0x00000000800017EE] -> 0x00BE
[1536] [M]: 0x00000000800017EC (0x00BE9E93) slli t4, t4, 0xb
x29 <- 0x0000000049FFF800

mem[X,0x00000000800017F0] -> 0x8E93
mem[X,0x00000000800017F2] -> 0x5FFE
[1537] [M]: 0x00000000800017F0 (0x5FFE8E93) addi t4, t4, 0x5ff
x29 <- 0x0000000049FFFDFF

mem[X,0x00000000800017F4] -> 0x9E93
mem[X,0x00000000800017F6] -> 0x00BE
[1538] [M]: 0x00000000800017F4 (0x00BE9E93) slli t4, t4, 0xb
x29 <- 0x0000024FFFEFF800

mem[X,0x00000000800017F8] -> 0x8E93
mem[X,0x00000000800017FA] -> 0x7F0E
[1539] [M]: 0x00000000800017F8 (0x7F0E8E93) addi t4, t4, 0x7f0
x29 <- 0x0000024FFFEFFFF0

mem[X,0x00000000800017FC] -> 0x9E93
mem[X,0x00000000800017FE] -> 0x00AE
[1540] [M]: 0x00000000800017FC (0x00AE9E93) slli t4, t4, 0xa
x29 <- 0x00093FFFBFFFC000

mem[X,0x0000000080001800] -> 0x0FBB
mem[X,0x0000000080001802] -> 0xD1DF
[1541] [M]: 0x0000000080001800 (0xD1DF0FBB) pssub.h t6, t5, t4
x31 <- 0x7FF6C0413C003FEF

mem[X,0x0000000080001804] -> 0xB023
mem[X,0x0000000080001806] -> 0x19F0
[1542] [M]: 0x0000000080001804 (0x19F0B023) sd t6, 0x180(ra)
mem[0x0000000080004390] <- 0x7FF6C0413C003FEF

mem[X,0x0000000080001808] -> 0x0F37
mem[X,0x000000008000180A] -> 0xFFBF
[1543] [M]: 0x0000000080001808 (0xFFBF0F37) lui t5, -0x410
x30 <- 0xFFFFFFFFFFBF0000

mem[X,0x000000008000180C] -> 0x0F13
mem[X,0x000000008000180E] -> 0x400F
[1544] [M]: 0x000000008000180C (0x400F0F13) addi t5, t5, 0x400
x30 <- 0xFFFFFFFFFFBF0400

mem[X,0x0000000080001810] -> 0x1F13
mem[X,0x0000000080001812] -> 0x00BF
[1545] [M]: 0x0000000080001810 (0x00BF1F13) slli t5, t5, 0xb
x30 <- 0xFFFFFFFDF8200000

mem[X,0x0000000080001814] -> 0x0F13
mem[X,0x0000000080001816] -> 0x5FFF
[1546] [M]: 0x0000000080001814 (0x5FFF0F13) addi t5, t5, 0x5ff
x30 <- 0xFFFFFFFDF82005FF

mem[X,0x0000000080001818] -> 0x1F13
mem[X,0x000000008000181A] -> 0x00BF
[1547] [M]: 0x0000000080001818 (0x00BF1F13) slli t5, t5, 0xb
x30 <- 0xFFFFEFC1002FF800

mem[X,0x000000008000181C] -> 0x0F13
mem[X,0x000000008000181E] -> 0x7FFF
[1548] [M]: 0x000000008000181C (0x7FFF0F13) addi t5, t5, 0x7ff
x30 <- 0xFFFFEFC1002FFFFF

mem[X,0x0000000080001820] -> 0x1F13
mem[X,0x0000000080001822] -> 0x00AF
[1549] [M]: 0x0000000080001820 (0x00AF1F13) slli t5, t5, 0xa
x30 <- 0xFFBF0400BFFFFC00

mem[X,0x0000000080001824] -> 0x0F13
mem[X,0x0000000080001826] -> 0x2FFF
[1550] [M]: 0x0000000080001824 (0x2FFF0F13) addi t5, t5, 0x2ff
x30 <- 0xFFBF0400BFFFFEFF

mem[X,0x0000000080001828] -> 0xBEB7
mem[X,0x000000008000182A] -> 0xFFDF
[1551] [M]: 0x0000000080001828 (0xFFDFBEB7) lui t4, -0x205
x29 <- 0xFFFFFFFFFFDFB000

mem[X,0x000000008000182C] -> 0x8E93
mem[X,0x000000008000182E] -> 0xAAAE
[1552] [M]: 0x000000008000182C (0xAAAE8E93) addi t4, t4, -0x556
x29 <- 0xFFFFFFFFFFDFAAAA

mem[X,0x0000000080001830] -> 0x9E93
mem[X,0x0000000080001832] -> 0x00BE
[1553] [M]: 0x0000000080001830 (0x00BE9E93) slli t4, t4, 0xb
x29 <- 0xFFFFFFFEFD555000

mem[X,0x0000000080001834] -> 0x8E93
mem[X,0x0000000080001836] -> 0x080E
[1554] [M]: 0x0000000080001834 (0x080E8E93) addi t4, t4, 0x80
x29 <- 0xFFFFFFFEFD555080

mem[X,0x0000000080001838] -> 0x9E93
mem[X,0x000000008000183A] -> 0x00BE
[1555] [M]: 0x0000000080001838 (0x00BE9E93) slli t4, t4, 0xb
x29 <- 0xFFFFF7EAAA840000

mem[X,0x000000008000183C] -> 0x8E93
mem[X,0x000000008000183E] -> 0x000E
[1556] [M]: 0x000000008000183C (0x000E8E93) addi t4, t4, 0x0
x29 <- 0xFFFFF7EAAA840000

mem[X,0x0000000080001840] -> 0x9E93
mem[X,0x0000000080001842] -> 0x00AE
[1557] [M]: 0x0000000080001840 (0x00AE9E93) slli t4, t4, 0xa
x29 <- 0xFFDFAAAA10000000

mem[X,0x0000000080001844] -> 0x0FBB
mem[X,0x0000000080001846] -> 0xD1DF
[1558] [M]: 0x0000000080001844 (0xD1DF0FBB) pssub.h t6, t5, t4
x31 <- 0xFFE05956AFFFFEFF

mem[X,0x0000000080001848] -> 0xB423
mem[X,0x000000008000184A] -> 0x19F0
[1559] [M]: 0x0000000080001848 (0x19F0B423) sd t6, 0x188(ra)
mem[0x0000000080004398] <- 0xFFE05956AFFFFEFF

mem[X,0x000000008000184C] -> 0x0F37
mem[X,0x000000008000184E] -> 0x0003
[1560] [M]: 0x000000008000184C (0x00030F37) lui t5, 0x30
x30 <- 0x0000000000030000

mem[X,0x0000000080001850] -> 0x0F13
mem[X,0x0000000080001852] -> 0x000F
[1561] [M]: 0x0000000080001850 (0x000F0F13) addi t5, t5, 0x0
x30 <- 0x0000000000030000

mem[X,0x0000000080001854] -> 0x1F13
mem[X,0x0000000080001856] -> 0x00BF
[1562] [M]: 0x0000000080001854 (0x00BF1F13) slli t5, t5, 0xb
x30 <- 0x0000000018000000

mem[X,0x0000000080001858] -> 0x0F13
mem[X,0x000000008000185A] -> 0x010F
[1563] [M]: 0x0000000080001858 (0x010F0F13) addi t5, t5, 0x10
x30 <- 0x0000000018000010

mem[X,0x000000008000185C] -> 0x1F13
mem[X,0x000000008000185E] -> 0x00BF
[1564] [M]: 0x000000008000185C (0x00BF1F13) slli t5, t5, 0xb
x30 <- 0x000000C000008000

mem[X,0x0000000080001860] -> 0x0F13
mem[X,0x0000000080001862] -> 0x03FF
[1565] [M]: 0x0000000080001860 (0x03FF0F13) addi t5, t5, 0x3f
x30 <- 0x000000C00000803F

mem[X,0x0000000080001864] -> 0x1F13
mem[X,0x0000000080001866] -> 0x00AF
[1566] [M]: 0x0000000080001864 (0x00AF1F13) slli t5, t5, 0xa
x30 <- 0x000300000200FC00

mem[X,0x0000000080001868] -> 0x0F13
mem[X,0x000000008000186A] -> 0x3FAF
[1567] [M]: 0x0000000080001868 (0x3FAF0F13) addi t5, t5, 0x3fa
x30 <- 0x000300000200FFFA

mem[X,0x000000008000186C] -> 0x0EB7
mem[X,0x000000008000186E] -> 0x0002
[1568] [M]: 0x000000008000186C (0x00020EB7) lui t4, 0x20
x29 <- 0x0000000000020000

mem[X,0x0000000080001870] -> 0x8E93
mem[X,0x0000000080001872] -> 0x005E
[1569] [M]: 0x0000000080001870 (0x005E8E93) addi t4, t4, 0x5
x29 <- 0x0000000000020005

mem[X,0x0000000080001874] -> 0x9E93
mem[X,0x0000000080001876] -> 0x00BE
[1570] [M]: 0x0000000080001874 (0x00BE9E93) slli t4, t4, 0xb
x29 <- 0x0000000010002800

mem[X,0x0000000080001878] -> 0x8E93
mem[X,0x000000008000187A] -> 0x2AAE
[1571] [M]: 0x0000000080001878 (0x2AAE8E93) addi t4, t4, 0x2aa
x29 <- 0x0000000010002AAA

mem[X,0x000000008000187C] -> 0x9E93
mem[X,0x000000008000187E] -> 0x00BE
[1572] [M]: 0x000000008000187C (0x00BE9E93) slli t4, t4, 0xb
x29 <- 0x0000008001555000

mem[X,0x0000000080001880] -> 0x8E93
mem[X,0x0000000080001882] -> 0x57FE
[1573] [M]: 0x0000000080001880 (0x57FE8E93) addi t4, t4, 0x57f
x29 <- 0x000000800155557F

mem[X,0x0000000080001884] -> 0x9E93
mem[X,0x0000000080001886] -> 0x00AE
[1574] [M]: 0x0000000080001884 (0x00AE9E93) slli t4, t4, 0xa
x29 <- 0x000200055555FC00

mem[X,0x0000000080001888] -> 0x8E93
mem[X,0x000000008000188A] -> 0x3FBE
[1575] [M]: 0x0000000080001888 (0x3FBE8E93) addi t4, t4, 0x3fb
x29 <- 0x000200055555FFFB

mem[X,0x000000008000188C] -> 0x0FBB
mem[X,0x000000008000188E] -> 0xD1DF
[1576] [M]: 0x000000008000188C (0xD1DF0FBB) pssub.h t6, t5, t4
x31 <- 0x0001FFFBACABFFFF

mem[X,0x0000000080001890] -> 0xB823
mem[X,0x0000000080001892] -> 0x19F0
[1577] [M]: 0x0000000080001890 (0x19F0B823) sd t6, 0x190(ra)
mem[0x00000000800043A0] <- 0x0001FFFBACABFFFF

mem[X,0x0000000080001894] -> 0x0F37
mem[X,0x0000000080001896] -> 0x4000
[1578] [M]: 0x0000000080001894 (0x40000F37) lui t5, 0x40000
x30 <- 0x0000000040000000

mem[X,0x0000000080001898] -> 0x0F13
mem[X,0x000000008000189A] -> 0xFF8F
[1579] [M]: 0x0000000080001898 (0xFF8F0F13) addi t5, t5, -0x8
x30 <- 0x000000003FFFFFF8

mem[X,0x000000008000189C] -> 0x1F13
mem[X,0x000000008000189E] -> 0x00BF
[1580] [M]: 0x000000008000189C (0x00BF1F13) slli t5, t5, 0xb
x30 <- 0x000001FFFFFFC000

mem[X,0x00000000800018A0] -> 0x0F13
mem[X,0x00000000800018A2] -> 0x7FFF
[1581] [M]: 0x00000000800018A0 (0x7FFF0F13) addi t5, t5, 0x7ff
x30 <- 0x000001FFFFFFC7FF

mem[X,0x00000000800018A4] -> 0x1F13
mem[X,0x00000000800018A6] -> 0x00BF
[1582] [M]: 0x00000000800018A4 (0x00BF1F13) slli t5, t5, 0xb
x30 <- 0x000FFFFFFE3FF800

mem[X,0x00000000800018A8] -> 0x0F13
mem[X,0x00000000800018AA] -> 0x3FFF
[1583] [M]: 0x00000000800018A8 (0x3FFF0F13) addi t5, t5, 0x3ff
x30 <- 0x000FFFFFFE3FFBFF

mem[X,0x00000000800018AC] -> 0x1F13
mem[X,0x00000000800018AE] -> 0x00AF
[1584] [M]: 0x00000000800018AC (0x00AF1F13) slli t5, t5, 0xa
x30 <- 0x3FFFFFF8FFEFFC00

mem[X,0x00000000800018B0] -> 0x0F13
mem[X,0x00000000800018B2] -> 0x3F9F
[1585] [M]: 0x00000000800018B0 (0x3F9F0F13) addi t5, t5, 0x3f9
x30 <- 0x3FFFFFF8FFEFFFF9

mem[X,0x00000000800018B4] -> 0x0EB7
mem[X,0x00000000800018B6] -> 0xEFFF
[1586] [M]: 0x00000000800018B4 (0xEFFF0EB7) lui t4, -0x10010
x29 <- 0xFFFFFFFFEFFF0000

mem[X,0x00000000800018B8] -> 0x8E93
mem[X,0x00000000800018BA] -> 0x001E
[1587] [M]: 0x00000000800018B8 (0x001E8E93) addi t4, t4, 0x1
x29 <- 0xFFFFFFFFEFFF0001

mem[X,0x00000000800018BC] -> 0x9E93
mem[X,0x00000000800018BE] -> 0x00BE
[1588] [M]: 0x00000000800018BC (0x00BE9E93) slli t4, t4, 0xb
x29 <- 0xFFFFFF7FF8000800

mem[X,0x00000000800018C0] -> 0x8E93
mem[X,0x00000000800018C2] -> 0x000E
[1589] [M]: 0x00000000800018C0 (0x000E8E93) addi t4, t4, 0x0
x29 <- 0xFFFFFF7FF8000800

mem[X,0x00000000800018C4] -> 0x9E93
mem[X,0x00000000800018C6] -> 0x00BE
[1590] [M]: 0x00000000800018C4 (0x00BE9E93) slli t4, t4, 0xb
x29 <- 0xFFFBFFC000400000

mem[X,0x00000000800018C8] -> 0x8E93
mem[X,0x00000000800018CA] -> 0x1B7E
[1591] [M]: 0x00000000800018C8 (0x1B7E8E93) addi t4, t4, 0x1b7
x29 <- 0xFFFBFFC0004001B7

mem[X,0x00000000800018CC] -> 0x9E93
mem[X,0x00000000800018CE] -> 0x00AE
[1592] [M]: 0x00000000800018CC (0x00AE9E93) slli t4, t4, 0xa
x29 <- 0xEFFF00010006DC00

mem[X,0x00000000800018D0] -> 0x8E93
mem[X,0x00000000800018D2] -> 0x3FFE
[1593] [M]: 0x00000000800018D0 (0x3FFE8E93) addi t4, t4, 0x3ff
x29 <- 0xEFFF00010006DFFF

mem[X,0x00000000800018D4] -> 0x0FBB
mem[X,0x00000000800018D6] -> 0xD1DF
[1594] [M]: 0x00000000800018D4 (0xD1DF0FBB) pssub.h t6, t5, t4
x31 <- 0x5000FFF7FFE91FFA

mem[X,0x00000000800018D8] -> 0xBC23
mem[X,0x00000000800018DA] -> 0x19F0
[1595] [M]: 0x00000000800018D8 (0x19F0BC23) sd t6, 0x198(ra)
mem[0x00000000800043A8] <- 0x5000FFF7FFE91FFA

mem[X,0x00000000800018DC] -> 0xFF37
mem[X,0x00000000800018DE] -> 0x0005
[1596] [M]: 0x00000000800018DC (0x0005FF37) lui t5, 0x5f
x30 <- 0x000000000005F000

mem[X,0x00000000800018E0] -> 0x0F13
mem[X,0x00000000800018E2] -> 0x7FFF
[1597] [M]: 0x00000000800018E0 (0x7FFF0F13) addi t5, t5, 0x7ff
x30 <- 0x000000000005F7FF

mem[X,0x00000000800018E4] -> 0x1F13
mem[X,0x00000000800018E6] -> 0x00BF
[1598] [M]: 0x00000000800018E4 (0x00BF1F13) slli t5, t5, 0xb
x30 <- 0x000000002FBFF800

mem[X,0x00000000800018E8] -> 0x0F13
mem[X,0x00000000800018EA] -> 0x7FEF
[1599] [M]: 0x00000000800018E8 (0x7FEF0F13) addi t5, t5, 0x7fe
x30 <- 0x000000002FBFFFFE

clint::tick mtime <- 0x0000000000000010
 clint timer pending at mtime 0x0000000000000010
htif::tick 0x0000000000000000
mem[X,0x00000000800018EC] -> 0x1F13
mem[X,0x00000000800018EE] -> 0x00BF
[1600] [M]: 0x00000000800018EC (0x00BF1F13) slli t5, t5, 0xb
x30 <- 0x0000017DFFFFF000

mem[X,0x00000000800018F0] -> 0x0F13
mem[X,0x00000000800018F2] -> 0x7C8F
[1601] [M]: 0x00000000800018F0 (0x7C8F0F13) addi t5, t5, 0x7c8
x30 <- 0x0000017DFFFFF7C8

mem[X,0x00000000800018F4] -> 0x1F13
mem[X,0x00000000800018F6] -> 0x00AF
[1602] [M]: 0x00000000800018F4 (0x00AF1F13) slli t5, t5, 0xa
x30 <- 0x0005F7FFFFDF2000

mem[X,0x00000000800018F8] -> 0x0EB7
mem[X,0x00000000800018FA] -> 0x0009
[1603] [M]: 0x00000000800018F8 (0x00090EB7) lui t4, 0x90
x29 <- 0x0000000000090000

mem[X,0x00000000800018FC] -> 0x8E93
mem[X,0x00000000800018FE] -> 0xFFBE
[1604] [M]: 0x00000000800018FC (0xFFBE8E93) addi t4, t4, -0x5
x29 <- 0x000000000008FFFB

mem[X,0x0000000080001900] -> 0x9E93
mem[X,0x0000000080001902] -> 0x00BE
[1605] [M]: 0x0000000080001900 (0x00BE9E93) slli t4, t4, 0xb
x29 <- 0x0000000047FFD800

mem[X,0x0000000080001904] -> 0x8E93
mem[X,0x0000000080001906] -> 0x040E
[1606] [M]: 0x0000000080001904 (0x040E8E93) addi t4, t4, 0x40
x29 <- 0x0000000047FFD840

mem[X,0x0000000080001908] -> 0x9E93
mem[X,0x000000008000190A] -> 0x00BE
[1607] [M]: 0x0000000080001908 (0x00BE9E93) slli t4, t4, 0xb
x29 <- 0x0000023FFEC20000

mem[X,0x000000008000190C] -> 0x8E93
mem[X,0x000000008000190E] -> 0x002E
[1608] [M]: 0x000000008000190C (0x002E8E93) addi t4, t4, 0x2
x29 <- 0x0000023FFEC20002

mem[X,0x0000000080001910] -> 0x9E93
mem[X,0x0000000080001912] -> 0x00AE
[1609] [M]: 0x0000000080001910 (0x00AE9E93) slli t4, t4, 0xa
x29 <- 0x0008FFFB08000800

mem[X,0x0000000080001914] -> 0x0FBB
mem[X,0x0000000080001916] -> 0xD1DF
[1610] [M]: 0x0000000080001914 (0xD1DF0FBB) pssub.h t6, t5, t4
x31 <- 0xFFFDF804F7DF1800

mem[X,0x0000000080001918] -> 0xB023
mem[X,0x000000008000191A] -> 0x1BF0
[1611] [M]: 0x0000000080001918 (0x1BF0B023) sd t6, 0x1a0(ra)
mem[0x00000000800043B0] <- 0xFFFDF804F7DF1800

mem[X,0x000000008000191C] -> 0xFF37
mem[X,0x000000008000191E] -> 0x7FFF
[1612] [M]: 0x000000008000191C (0x7FFFFF37) lui t5, 0x7ffff
x30 <- 0x000000007FFFF000

mem[X,0x0000000080001920] -> 0x0F13
mem[X,0x0000000080001922] -> 0xFFFF
[1613] [M]: 0x0000000080001920 (0xFFFF0F13) addi t5, t5, -0x1
x30 <- 0x000000007FFFEFFF

mem[X,0x0000000080001924] -> 0x1F13
mem[X,0x0000000080001926] -> 0x00BF
[1614] [M]: 0x0000000080001924 (0x00BF1F13) slli t5, t5, 0xb
x30 <- 0x000003FFFF7FF800

mem[X,0x0000000080001928] -> 0x0F13
mem[X,0x000000008000192A] -> 0x000F
[1615] [M]: 0x0000000080001928 (0x000F0F13) addi t5, t5, 0x0
x30 <- 0x000003FFFF7FF800

mem[X,0x000000008000192C] -> 0x1F13
mem[X,0x000000008000192E] -> 0x00BF
[1616] [M]: 0x000000008000192C (0x00BF1F13) slli t5, t5, 0xb
x30 <- 0x001FFFFBFFC00000

mem[X,0x0000000080001930] -> 0x0F13
mem[X,0x0000000080001932] -> 0x16FF
[1617] [M]: 0x0000000080001930 (0x16FF0F13) addi t5, t5, 0x16f
x30 <- 0x001FFFFBFFC0016F

mem[X,0x0000000080001934] -> 0x1F13
mem[X,0x0000000080001936] -> 0x00AF
[1618] [M]: 0x0000000080001934 (0x00AF1F13) slli t5, t5, 0xa
x30 <- 0x7FFFEFFF0005BC00

mem[X,0x0000000080001938] -> 0x0F13
mem[X,0x000000008000193A] -> 0x3FFF
[1619] [M]: 0x0000000080001938 (0x3FFF0F13) addi t5, t5, 0x3ff
x30 <- 0x7FFFEFFF0005BFFF

mem[X,0x000000008000193C] -> 0x1EB7
mem[X,0x000000008000193E] -> 0xAAAA
[1620] [M]: 0x000000008000193C (0xAAAA1EB7) lui t4, -0x5555f
x29 <- 0xFFFFFFFFAAAA1000

mem[X,0x0000000080001940] -> 0x8E93
mem[X,0x0000000080001942] -> 0x000E
[1621] [M]: 0x0000000080001940 (0x000E8E93) addi t4, t4, 0x0
x29 <- 0xFFFFFFFFAAAA1000

mem[X,0x0000000080001944] -> 0x9E93
mem[X,0x0000000080001946] -> 0x00BE
[1622] [M]: 0x0000000080001944 (0x00BE9E93) slli t4, t4, 0xb
x29 <- 0xFFFFFD5550800000

mem[X,0x0000000080001948] -> 0x8E93
mem[X,0x000000008000194A] -> 0x000E
[1623] [M]: 0x0000000080001948 (0x000E8E93) addi t4, t4, 0x0
x29 <- 0xFFFFFD5550800000

mem[X,0x000000008000194C] -> 0x9E93
mem[X,0x000000008000194E] -> 0x00BE
[1624] [M]: 0x000000008000194C (0x00BE9E93) slli t4, t4, 0xb
x29 <- 0xFFEAAA8400000000

mem[X,0x0000000080001950] -> 0x8E93
mem[X,0x0000000080001952] -> 0x1C0E
[1625] [M]: 0x0000000080001950 (0x1C0E8E93) addi t4, t4, 0x1c0
x29 <- 0xFFEAAA84000001C0

mem[X,0x0000000080001954] -> 0x9E93
mem[X,0x0000000080001956] -> 0x00AE
[1626] [M]: 0x0000000080001954 (0x00AE9E93) slli t4, t4, 0xa
x29 <- 0xAAAA100000070000

mem[X,0x0000000080001958] -> 0x8E93
mem[X,0x000000008000195A] -> 0x001E
[1627] [M]: 0x0000000080001958 (0x001E8E93) addi t4, t4, 0x1
x29 <- 0xAAAA100000070001

mem[X,0x000000008000195C] -> 0x0FBB
mem[X,0x000000008000195E] -> 0xD1DF
[1628] [M]: 0x000000008000195C (0xD1DF0FBB) pssub.h t6, t5, t4
x31 <- 0x7FFFDFFFFFFEBFFE

mem[X,0x0000000080001960] -> 0xB423
mem[X,0x0000000080001962] -> 0x1BF0
[1629] [M]: 0x0000000080001960 (0x1BF0B423) sd t6, 0x1a8(ra)
mem[0x00000000800043B8] <- 0x7FFFDFFFFFFEBFFE

mem[X,0x0000000080001964] -> 0x0F37
mem[X,0x0000000080001966] -> 0xFFE0
[1630] [M]: 0x0000000080001964 (0xFFE00F37) lui t5, -0x200
x30 <- 0xFFFFFFFFFFE00000

mem[X,0x0000000080001968] -> 0x0F13
mem[X,0x000000008000196A] -> 0xFBFF
[1631] [M]: 0x0000000080001968 (0xFBFF0F13) addi t5, t5, -0x41
x30 <- 0xFFFFFFFFFFDFFFBF

mem[X,0x000000008000196C] -> 0x1F13
mem[X,0x000000008000196E] -> 0x00BF
[1632] [M]: 0x000000008000196C (0x00BF1F13) slli t5, t5, 0xb
x30 <- 0xFFFFFFFEFFFDF800

mem[X,0x0000000080001970] -> 0x0F13
mem[X,0x0000000080001972] -> 0x5FFF
[1633] [M]: 0x0000000080001970 (0x5FFF0F13) addi t5, t5, 0x5ff
x30 <- 0xFFFFFFFEFFFDFDFF

mem[X,0x0000000080001974] -> 0x1F13
mem[X,0x0000000080001976] -> 0x00BF
[1634] [M]: 0x0000000080001974 (0x00BF1F13) slli t5, t5, 0xb
x30 <- 0xFFFFF7FFEFEFF800

mem[X,0x0000000080001978] -> 0x0F13
mem[X,0x000000008000197A] -> 0x7C0F
[1635] [M]: 0x0000000080001978 (0x7C0F0F13) addi t5, t5, 0x7c0
x30 <- 0xFFFFF7FFEFEFFFC0

mem[X,0x000000008000197C] -> 0x1F13
mem[X,0x000000008000197E] -> 0x00AF
[1636] [M]: 0x000000008000197C (0x00AF1F13) slli t5, t5, 0xa
x30 <- 0xFFDFFFBFBFFF0000

mem[X,0x0000000080001980] -> 0x0F13
mem[X,0x0000000080001982] -> 0x006F
[1637] [M]: 0x0000000080001980 (0x006F0F13) addi t5, t5, 0x6
x30 <- 0xFFDFFFBFBFFF0006

mem[X,0x0000000080001984] -> 0x2EB7
mem[X,0x0000000080001986] -> 0xBFFF
[1638] [M]: 0x0000000080001984 (0xBFFF2EB7) lui t4, -0x4000e
x29 <- 0xFFFFFFFFBFFF2000

mem[X,0x0000000080001988] -> 0x8E93
mem[X,0x000000008000198A] -> 0x000E
[1639] [M]: 0x0000000080001988 (0x000E8E93) addi t4, t4, 0x0
x29 <- 0xFFFFFFFFBFFF2000

mem[X,0x000000008000198C] -> 0x9E93
mem[X,0x000000008000198E] -> 0x00BE
[1640] [M]: 0x000000008000198C (0x00BE9E93) slli t4, t4, 0xb
x29 <- 0xFFFFFDFFF9000000

mem[X,0x0000000080001990] -> 0x8E93
mem[X,0x0000000080001992] -> 0x7FFE
[1641] [M]: 0x0000000080001990 (0x7FFE8E93) addi t4, t4, 0x7ff
x29 <- 0xFFFFFDFFF90007FF

mem[X,0x0000000080001994] -> 0x9E93
mem[X,0x0000000080001996] -> 0x00BE
[1642] [M]: 0x0000000080001994 (0x00BE9E93) slli t4, t4, 0xb
x29 <- 0xFFEFFFC8003FF800

mem[X,0x0000000080001998] -> 0x8E93
mem[X,0x000000008000199A] -> 0x5BFE
[1643] [M]: 0x0000000080001998 (0x5BFE8E93) addi t4, t4, 0x5bf
x29 <- 0xFFEFFFC8003FFDBF

mem[X,0x000000008000199C] -> 0x9E93
mem[X,0x000000008000199E] -> 0x00AE
[1644] [M]: 0x000000008000199C (0x00AE9E93) slli t4, t4, 0xa
x29 <- 0xBFFF2000FFF6FC00

mem[X,0x00000000800019A0] -> 0x8E93
mem[X,0x00000000800019A2] -> 0x3F8E
[1645] [M]: 0x00000000800019A0 (0x3F8E8E93) addi t4, t4, 0x3f8
x29 <- 0xBFFF2000FFF6FFF8

mem[X,0x00000000800019A4] -> 0x0FBB
mem[X,0x00000000800019A6] -> 0xD1DF
[1646] [M]: 0x00000000800019A4 (0xD1DF0FBB) pssub.h t6, t5, t4
x31 <- 0x3FE0DFBFC009000E

mem[X,0x00000000800019A8] -> 0xB823
mem[X,0x00000000800019AA] -> 0x1BF0
[1647] [M]: 0x00000000800019A8 (0x1BF0B823) sd t6, 0x1b0(ra)
mem[0x00000000800043C0] <- 0x3FE0DFBFC009000E

mem[X,0x00000000800019AC] -> 0x4F37
mem[X,0x00000000800019AE] -> 0xF7FF
[1648] [M]: 0x00000000800019AC (0xF7FF4F37) lui t5, -0x800c
x30 <- 0xFFFFFFFFF7FF4000

mem[X,0x00000000800019B0] -> 0x0F13
mem[X,0x00000000800019B2] -> 0x000F
[1649] [M]: 0x00000000800019B0 (0x000F0F13) addi t5, t5, 0x0
x30 <- 0xFFFFFFFFF7FF4000

mem[X,0x00000000800019B4] -> 0x1F13
mem[X,0x00000000800019B6] -> 0x00BF
[1650] [M]: 0x00000000800019B4 (0x00BF1F13) slli t5, t5, 0xb
x30 <- 0xFFFFFFBFFA000000

mem[X,0x00000000800019B8] -> 0x0F13
mem[X,0x00000000800019BA] -> 0x7FDF
[1651] [M]: 0x00000000800019B8 (0x7FDF0F13) addi t5, t5, 0x7fd
x30 <- 0xFFFFFFBFFA0007FD

mem[X,0x00000000800019BC] -> 0x1F13
mem[X,0x00000000800019BE] -> 0x00BF
[1652] [M]: 0x00000000800019BC (0x00BF1F13) slli t5, t5, 0xb
x30 <- 0xFFFDFFD0003FE800

mem[X,0x00000000800019C0] -> 0x0F13
mem[X,0x00000000800019C2] -> 0x7C0F
[1653] [M]: 0x00000000800019C0 (0x7C0F0F13) addi t5, t5, 0x7c0
x30 <- 0xFFFDFFD0003FEFC0

mem[X,0x00000000800019C4] -> 0x1F13
mem[X,0x00000000800019C6] -> 0x00AF
[1654] [M]: 0x00000000800019C4 (0x00AF1F13) slli t5, t5, 0xa
x30 <- 0xF7FF4000FFBF0000

mem[X,0x00000000800019C8] -> 0x4EB7
mem[X,0x00000000800019CA] -> 0xFFFC
[1655] [M]: 0x00000000800019C8 (0xFFFC4EB7) lui t4, -0x3c
x29 <- 0xFFFFFFFFFFFC4000

mem[X,0x00000000800019CC] -> 0x8E93
mem[X,0x00000000800019CE] -> 0x000E
[1656] [M]: 0x00000000800019CC (0x000E8E93) addi t4, t4, 0x0
x29 <- 0xFFFFFFFFFFFC4000

mem[X,0x00000000800019D0] -> 0x9E93
mem[X,0x00000000800019D2] -> 0x00BE
[1657] [M]: 0x00000000800019D0 (0x00BE9E93) slli t4, t4, 0xb
x29 <- 0xFFFFFFFFE2000000

mem[X,0x00000000800019D4] -> 0x8E93
mem[X,0x00000000800019D6] -> 0x000E
[1658] [M]: 0x00000000800019D4 (0x000E8E93) addi t4, t4, 0x0
x29 <- 0xFFFFFFFFE2000000

mem[X,0x00000000800019D8] -> 0x9E93
mem[X,0x00000000800019DA] -> 0x00BE
[1659] [M]: 0x00000000800019D8 (0x00BE9E93) slli t4, t4, 0xb
x29 <- 0xFFFFFF1000000000

mem[X,0x00000000800019DC] -> 0x8E93
mem[X,0x00000000800019DE] -> 0x07FE
[1660] [M]: 0x00000000800019DC (0x07FE8E93) addi t4, t4, 0x7f
x29 <- 0xFFFFFF100000007F

mem[X,0x00000000800019E0] -> 0x9E93
mem[X,0x00000000800019E2] -> 0x00AE
[1661] [M]: 0x00000000800019E0 (0x00AE9E93) slli t4, t4, 0xa
x29 <- 0xFFFC40000001FC00

mem[X,0x00000000800019E4] -> 0x8E93
mem[X,0x00000000800019E6] -> 0x3FAE
[1662] [M]: 0x00000000800019E4 (0x3FAE8E93) addi t4, t4, 0x3fa
x29 <- 0xFFFC40000001FFFA

mem[X,0x00000000800019E8] -> 0x0FBB
mem[X,0x00000000800019EA] -> 0xD1DF
[1663] [M]: 0x00000000800019E8 (0xD1DF0FBB) pssub.h t6, t5, t4
x31 <- 0xF8030000FFBE0006

mem[X,0x00000000800019EC] -> 0xBC23
mem[X,0x00000000800019EE] -> 0x1BF0
[1664] [M]: 0x00000000800019EC (0x1BF0BC23) sd t6, 0x1b8(ra)
mem[0x00000000800043C8] <- 0xF8030000FFBE0006

mem[X,0x00000000800019F0] -> 0x0F37
mem[X,0x00000000800019F2] -> 0xFFFA
[1665] [M]: 0x00000000800019F0 (0xFFFA0F37) lui t5, -0x60
x30 <- 0xFFFFFFFFFFFA0000

mem[X,0x00000000800019F4] -> 0x0F13
mem[X,0x00000000800019F6] -> 0x001F
[1666] [M]: 0x00000000800019F4 (0x001F0F13) addi t5, t5, 0x1
x30 <- 0xFFFFFFFFFFFA0001

mem[X,0x00000000800019F8] -> 0x1F13
mem[X,0x00000000800019FA] -> 0x00BF
[1667] [M]: 0x00000000800019F8 (0x00BF1F13) slli t5, t5, 0xb
x30 <- 0xFFFFFFFFD0000800

mem[X,0x00000000800019FC] -> 0x0F13
mem[X,0x00000000800019FE] -> 0x004F
[1668] [M]: 0x00000000800019FC (0x004F0F13) addi t5, t5, 0x4
x30 <- 0xFFFFFFFFD0000804

mem[X,0x0000000080001A00] -> 0x1F13
mem[X,0x0000000080001A02] -> 0x00BF
[1669] [M]: 0x0000000080001A00 (0x00BF1F13) slli t5, t5, 0xb
x30 <- 0xFFFFFE8000402000

mem[X,0x0000000080001A04] -> 0x0F13
mem[X,0x0000000080001A06] -> 0x03EF
[1670] [M]: 0x0000000080001A04 (0x03EF0F13) addi t5, t5, 0x3e
x30 <- 0xFFFFFE800040203E

mem[X,0x0000000080001A08] -> 0x1F13
mem[X,0x0000000080001A0A] -> 0x00AF
[1671] [M]: 0x0000000080001A08 (0x00AF1F13) slli t5, t5, 0xa
x30 <- 0xFFFA00010080F800

mem[X,0x0000000080001A0C] -> 0x0F13
mem[X,0x0000000080001A0E] -> 0x3FFF
[1672] [M]: 0x0000000080001A0C (0x3FFF0F13) addi t5, t5, 0x3ff
x30 <- 0xFFFA00010080FBFF

mem[X,0x0000000080001A10] -> 0x0EB7
mem[X,0x0000000080001A12] -> 0xFF00
[1673] [M]: 0x0000000080001A10 (0xFF000EB7) lui t4, -0x1000
x29 <- 0xFFFFFFFFFF000000

mem[X,0x0000000080001A14] -> 0x8E93
mem[X,0x0000000080001A16] -> 0xFFEE
[1674] [M]: 0x0000000080001A14 (0xFFEE8E93) addi t4, t4, -0x2
x29 <- 0xFFFFFFFFFEFFFFFE

mem[X,0x0000000080001A18] -> 0x9E93
mem[X,0x0000000080001A1A] -> 0x00BE
[1675] [M]: 0x0000000080001A18 (0x00BE9E93) slli t4, t4, 0xb
x29 <- 0xFFFFFFF7FFFFF000

mem[X,0x0000000080001A1C] -> 0x8E93
mem[X,0x0000000080001A1E] -> 0x000E
[1676] [M]: 0x0000000080001A1C (0x000E8E93) addi t4, t4, 0x0
x29 <- 0xFFFFFFF7FFFFF000

mem[X,0x0000000080001A20] -> 0x9E93
mem[X,0x0000000080001A22] -> 0x00BE
[1677] [M]: 0x0000000080001A20 (0x00BE9E93) slli t4, t4, 0xb
x29 <- 0xFFFFBFFFFF800000

mem[X,0x0000000080001A24] -> 0x8E93
mem[X,0x0000000080001A26] -> 0x0B7E
[1678] [M]: 0x0000000080001A24 (0x0B7E8E93) addi t4, t4, 0xb7
x29 <- 0xFFFFBFFFFF8000B7

mem[X,0x0000000080001A28] -> 0x9E93
mem[X,0x0000000080001A2A] -> 0x00AE
[1679] [M]: 0x0000000080001A28 (0x00AE9E93) slli t4, t4, 0xa
x29 <- 0xFEFFFFFE0002DC00

mem[X,0x0000000080001A2C] -> 0x8E93
mem[X,0x0000000080001A2E] -> 0x3FFE
[1680] [M]: 0x0000000080001A2C (0x3FFE8E93) addi t4, t4, 0x3ff
x29 <- 0xFEFFFFFE0002DFFF

mem[X,0x0000000080001A30] -> 0x0FBB
mem[X,0x0000000080001A32] -> 0xD1DF
[1681] [M]: 0x0000000080001A30 (0xD1DF0FBB) pssub.h t6, t5, t4
x31 <- 0x00FB0003007E1C00

mem[X,0x0000000080001A34] -> 0xB023
mem[X,0x0000000080001A36] -> 0x1DF0
[1682] [M]: 0x0000000080001A34 (0x1DF0B023) sd t6, 0x1c0(ra)
mem[0x00000000800043D0] <- 0x00FB0003007E1C00

mem[X,0x0000000080001A38] -> 0x8F37
mem[X,0x0000000080001A3A] -> 0xFFFF
[1683] [M]: 0x0000000080001A38 (0xFFFF8F37) lui t5, -0x8
x30 <- 0xFFFFFFFFFFFF8000

mem[X,0x0000000080001A3C] -> 0x0F13
mem[X,0x0000000080001A3E] -> 0x000F
[1684] [M]: 0x0000000080001A3C (0x000F0F13) addi t5, t5, 0x0
x30 <- 0xFFFFFFFFFFFF8000

mem[X,0x0000000080001A40] -> 0x1F13
mem[X,0x0000000080001A42] -> 0x00BF
[1685] [M]: 0x0000000080001A40 (0x00BF1F13) slli t5, t5, 0xb
x30 <- 0xFFFFFFFFFC000000

mem[X,0x0000000080001A44] -> 0x0F13
mem[X,0x0000000080001A46] -> 0x600F
[1686] [M]: 0x0000000080001A44 (0x600F0F13) addi t5, t5, 0x600
x30 <- 0xFFFFFFFFFC000600

mem[X,0x0000000080001A48] -> 0x1F13
mem[X,0x0000000080001A4A] -> 0x00BF
[1687] [M]: 0x0000000080001A48 (0x00BF1F13) slli t5, t5, 0xb
x30 <- 0xFFFFFFE000300000

mem[X,0x0000000080001A4C] -> 0x0F13
mem[X,0x0000000080001A4E] -> 0x000F
[1688] [M]: 0x0000000080001A4C (0x000F0F13) addi t5, t5, 0x0
x30 <- 0xFFFFFFE000300000

mem[X,0x0000000080001A50] -> 0x1F13
mem[X,0x0000000080001A52] -> 0x00AF
[1689] [M]: 0x0000000080001A50 (0x00AF1F13) slli t5, t5, 0xa
x30 <- 0xFFFF8000C0000000

mem[X,0x0000000080001A54] -> 0x0F13
mem[X,0x0000000080001A56] -> 0x010F
[1690] [M]: 0x0000000080001A54 (0x010F0F13) addi t5, t5, 0x10
x30 <- 0xFFFF8000C0000010

mem[X,0x0000000080001A58] -> 0x0EB7
mem[X,0x0000000080001A5A] -> 0xC000
[1691] [M]: 0x0000000080001A58 (0xC0000EB7) lui t4, -0x40000
x29 <- 0xFFFFFFFFC0000000

mem[X,0x0000000080001A5C] -> 0x8E93
mem[X,0x0000000080001A5E] -> 0xFDFE
[1692] [M]: 0x0000000080001A5C (0xFDFE8E93) addi t4, t4, -0x21
x29 <- 0xFFFFFFFFBFFFFFDF

mem[X,0x0000000080001A60] -> 0x9E93
mem[X,0x0000000080001A62] -> 0x00BE
[1693] [M]: 0x0000000080001A60 (0x00BE9E93) slli t4, t4, 0xb
x29 <- 0xFFFFFDFFFFFEF800

mem[X,0x0000000080001A64] -> 0x8E93
mem[X,0x0000000080001A66] -> 0x000E
[1694] [M]: 0x0000000080001A64 (0x000E8E93) addi t4, t4, 0x0
x29 <- 0xFFFFFDFFFFFEF800

mem[X,0x0000000080001A68] -> 0x9E93
mem[X,0x0000000080001A6A] -> 0x00BE
[1695] [M]: 0x0000000080001A68 (0x00BE9E93) slli t4, t4, 0xb
x29 <- 0xFFEFFFFFF7C00000

mem[X,0x0000000080001A6C] -> 0x8E93
mem[X,0x0000000080001A6E] -> 0x27FE
[1696] [M]: 0x0000000080001A6C (0x27FE8E93) addi t4, t4, 0x27f
x29 <- 0xFFEFFFFFF7C0027F

mem[X,0x0000000080001A70] -> 0x9E93
mem[X,0x0000000080001A72] -> 0x00AE
[1697] [M]: 0x0000000080001A70 (0x00AE9E93) slli t4, t4, 0xa
x29 <- 0xBFFFFFDF0009FC00

mem[X,0x0000000080001A74] -> 0x8E93
mem[X,0x0000000080001A76] -> 0x3FDE
[1698] [M]: 0x0000000080001A74 (0x3FDE8E93) addi t4, t4, 0x3fd
x29 <- 0xBFFFFFDF0009FFFD

mem[X,0x0000000080001A78] -> 0x0FBB
mem[X,0x0000000080001A7A] -> 0xD1DF
[1699] [M]: 0x0000000080001A78 (0xD1DF0FBB) pssub.h t6, t5, t4
x31 <- 0x40008021BFF70013

clint::tick mtime <- 0x0000000000000011
 clint timer pending at mtime 0x0000000000000011
htif::tick 0x0000000000000000
mem[X,0x0000000080001A7C] -> 0xB423
mem[X,0x0000000080001A7E] -> 0x1DF0
[1700] [M]: 0x0000000080001A7C (0x1DF0B423) sd t6, 0x1c8(ra)
mem[0x00000000800043D8] <- 0x40008021BFF70013

mem[X,0x0000000080001A80] -> 0x0F37
mem[X,0x0000000080001A82] -> 0xFFFF
[1701] [M]: 0x0000000080001A80 (0xFFFF0F37) lui t5, -0x10
x30 <- 0xFFFFFFFFFFFF0000

mem[X,0x0000000080001A84] -> 0x0F13
mem[X,0x0000000080001A86] -> 0xFFCF
[1702] [M]: 0x0000000080001A84 (0xFFCF0F13) addi t5, t5, -0x4
x30 <- 0xFFFFFFFFFFFEFFFC

mem[X,0x0000000080001A88] -> 0x1F13
mem[X,0x0000000080001A8A] -> 0x00BF
[1703] [M]: 0x0000000080001A88 (0x00BF1F13) slli t5, t5, 0xb
x30 <- 0xFFFFFFFFF7FFE000

mem[X,0x0000000080001A8C] -> 0x0F13
mem[X,0x0000000080001A8E] -> 0x7FDF
[1704] [M]: 0x0000000080001A8C (0x7FDF0F13) addi t5, t5, 0x7fd
x30 <- 0xFFFFFFFFF7FFE7FD

mem[X,0x0000000080001A90] -> 0x1F13
mem[X,0x0000000080001A92] -> 0x00BF
[1705] [M]: 0x0000000080001A90 (0x00BF1F13) slli t5, t5, 0xb
x30 <- 0xFFFFFFBFFF3FE800

mem[X,0x0000000080001A94] -> 0x0F13
mem[X,0x0000000080001A96] -> 0x7C0F
[1706] [M]: 0x0000000080001A94 (0x7C0F0F13) addi t5, t5, 0x7c0
x30 <- 0xFFFFFFBFFF3FEFC0

mem[X,0x0000000080001A98] -> 0x1F13
mem[X,0x0000000080001A9A] -> 0x00AF
[1707] [M]: 0x0000000080001A98 (0x00AF1F13) slli t5, t5, 0xa
x30 <- 0xFFFEFFFCFFBF0000

mem[X,0x0000000080001A9C] -> 0x0F13
mem[X,0x0000000080001A9E] -> 0x040F
[1708] [M]: 0x0000000080001A9C (0x040F0F13) addi t5, t5, 0x40
x30 <- 0xFFFEFFFCFFBF0040

mem[X,0x0000000080001AA0] -> 0x0EB7
mem[X,0x0000000080001AA2] -> 0xAAAB
[1709] [M]: 0x0000000080001AA0 (0xAAAB0EB7) lui t4, -0x55550
x29 <- 0xFFFFFFFFAAAB0000

mem[X,0x0000000080001AA4] -> 0x8E93
mem[X,0x0000000080001AA6] -> 0xFFFE
[1710] [M]: 0x0000000080001AA4 (0xFFFE8E93) addi t4, t4, -0x1
x29 <- 0xFFFFFFFFAAAAFFFF

mem[X,0x0000000080001AA8] -> 0x9E93
mem[X,0x0000000080001AAA] -> 0x00BE
[1711] [M]: 0x0000000080001AA8 (0x00BE9E93) slli t4, t4, 0xb
x29 <- 0xFFFFFD5557FFF800

mem[X,0x0000000080001AAC] -> 0x8E93
mem[X,0x0000000080001AAE] -> 0x000E
[1712] [M]: 0x0000000080001AAC (0x000E8E93) addi t4, t4, 0x0
x29 <- 0xFFFFFD5557FFF800

mem[X,0x0000000080001AB0] -> 0x9E93
mem[X,0x0000000080001AB2] -> 0x00BE
[1713] [M]: 0x0000000080001AB0 (0x00BE9E93) slli t4, t4, 0xb
x29 <- 0xFFEAAABFFFC00000

mem[X,0x0000000080001AB4] -> 0x8E93
mem[X,0x0000000080001AB6] -> 0x400E
[1714] [M]: 0x0000000080001AB4 (0x400E8E93) addi t4, t4, 0x400
x29 <- 0xFFEAAABFFFC00400

mem[X,0x0000000080001AB8] -> 0x9E93
mem[X,0x0000000080001ABA] -> 0x00AE
[1715] [M]: 0x0000000080001AB8 (0x00AE9E93) slli t4, t4, 0xa
x29 <- 0xAAAAFFFF00100000

mem[X,0x0000000080001ABC] -> 0x8E93
mem[X,0x0000000080001ABE] -> 0x080E
[1716] [M]: 0x0000000080001ABC (0x080E8E93) addi t4, t4, 0x80
x29 <- 0xAAAAFFFF00100080

mem[X,0x0000000080001AC0] -> 0x0FBB
mem[X,0x0000000080001AC2] -> 0xD1DF
[1717] [M]: 0x0000000080001AC0 (0xD1DF0FBB) pssub.h t6, t5, t4
x31 <- 0x5554FFFDFFAFFFC0

mem[X,0x0000000080001AC4] -> 0xB823
mem[X,0x0000000080001AC6] -> 0x1DF0
[1718] [M]: 0x0000000080001AC4 (0x1DF0B823) sd t6, 0x1d0(ra)
mem[0x00000000800043E0] <- 0x5554FFFDFFAFFFC0

mem[X,0x0000000080001AC8] -> 0x0F37
mem[X,0x0000000080001ACA] -> 0x0080
[1719] [M]: 0x0000000080001AC8 (0x00800F37) lui t5, 0x800
x30 <- 0x0000000000800000

mem[X,0x0000000080001ACC] -> 0x0F13
mem[X,0x0000000080001ACE] -> 0x241F
[1720] [M]: 0x0000000080001ACC (0x241F0F13) addi t5, t5, 0x241
x30 <- 0x0000000000800241

mem[X,0x0000000080001AD0] -> 0x1F13
mem[X,0x0000000080001AD2] -> 0x00AF
[1721] [M]: 0x0000000080001AD0 (0x00AF1F13) slli t5, t5, 0xa
x30 <- 0x0000000200090400

mem[X,0x0000000080001AD4] -> 0x0EB7
mem[X,0x0000000080001AD6] -> 0x0007
[1722] [M]: 0x0000000080001AD4 (0x00070EB7) lui t4, 0x70
x29 <- 0x0000000000070000

mem[X,0x0000000080001AD8] -> 0x8E93
mem[X,0x0000000080001ADA] -> 0xFFDE
[1723] [M]: 0x0000000080001AD8 (0xFFDE8E93) addi t4, t4, -0x3
x29 <- 0x000000000006FFFD

mem[X,0x0000000080001ADC] -> 0x9E93
mem[X,0x0000000080001ADE] -> 0x00BE
[1724] [M]: 0x0000000080001ADC (0x00BE9E93) slli t4, t4, 0xb
x29 <- 0x0000000037FFE800

mem[X,0x0000000080001AE0] -> 0x8E93
mem[X,0x0000000080001AE2] -> 0x7FDE
[1725] [M]: 0x0000000080001AE0 (0x7FDE8E93) addi t4, t4, 0x7fd
x29 <- 0x0000000037FFEFFD

mem[X,0x0000000080001AE4] -> 0x9E93
mem[X,0x0000000080001AE6] -> 0x00BE
[1726] [M]: 0x0000000080001AE4 (0x00BE9E93) slli t4, t4, 0xb
x29 <- 0x000001BFFF7FE800

mem[X,0x0000000080001AE8] -> 0x8E93
mem[X,0x0000000080001AEA] -> 0x7FEE
[1727] [M]: 0x0000000080001AE8 (0x7FEE8E93) addi t4, t4, 0x7fe
x29 <- 0x000001BFFF7FEFFE

mem[X,0x0000000080001AEC] -> 0x9E93
mem[X,0x0000000080001AEE] -> 0x00AE
[1728] [M]: 0x0000000080001AEC (0x00AE9E93) slli t4, t4, 0xa
x29 <- 0x0006FFFDFFBFF800

mem[X,0x0000000080001AF0] -> 0x8E93
mem[X,0x0000000080001AF2] -> 0x3FFE
[1729] [M]: 0x0000000080001AF0 (0x3FFE8E93) addi t4, t4, 0x3ff
x29 <- 0x0006FFFDFFBFFBFF

mem[X,0x0000000080001AF4] -> 0x0FBB
mem[X,0x0000000080001AF6] -> 0xD1DF
[1730] [M]: 0x0000000080001AF4 (0xD1DF0FBB) pssub.h t6, t5, t4
x31 <- 0xFFFA0005004A0801

mem[X,0x0000000080001AF8] -> 0xBC23
mem[X,0x0000000080001AFA] -> 0x1DF0
[1731] [M]: 0x0000000080001AF8 (0x1DF0BC23) sd t6, 0x1d8(ra)
mem[0x00000000800043E8] <- 0xFFFA0005004A0801

mem[X,0x0000000080001AFC] -> 0x4F37
mem[X,0x0000000080001AFE] -> 0x0100
[1732] [M]: 0x0000000080001AFC (0x01004F37) lui t5, 0x1004
x30 <- 0x0000000001004000

mem[X,0x0000000080001B00] -> 0x0F13
mem[X,0x0000000080001B02] -> 0xFFFF
[1733] [M]: 0x0000000080001B00 (0xFFFF0F13) addi t5, t5, -0x1
x30 <- 0x0000000001003FFF

mem[X,0x0000000080001B04] -> 0x1F13
mem[X,0x0000000080001B06] -> 0x00BF
[1734] [M]: 0x0000000080001B04 (0x00BF1F13) slli t5, t5, 0xb
x30 <- 0x0000000801FFF800

mem[X,0x0000000080001B08] -> 0x0F13
mem[X,0x0000000080001B0A] -> 0x7FFF
[1735] [M]: 0x0000000080001B08 (0x7FFF0F13) addi t5, t5, 0x7ff
x30 <- 0x0000000801FFFFFF

mem[X,0x0000000080001B0C] -> 0x1F13
mem[X,0x0000000080001B0E] -> 0x00BF
[1736] [M]: 0x0000000080001B0C (0x00BF1F13) slli t5, t5, 0xb
x30 <- 0x0000400FFFFFF800

mem[X,0x0000000080001B10] -> 0x0F13
mem[X,0x0000000080001B12] -> 0x5F0F
[1737] [M]: 0x0000000080001B10 (0x5F0F0F13) addi t5, t5, 0x5f0
x30 <- 0x0000400FFFFFFDF0

mem[X,0x0000000080001B14] -> 0x1F13
mem[X,0x0000000080001B16] -> 0x00AF
[1738] [M]: 0x0000000080001B14 (0x00AF1F13) slli t5, t5, 0xa
x30 <- 0x01003FFFFFF7C000

mem[X,0x0000000080001B18] -> 0xEEB7
mem[X,0x0000000080001B1A] -> 0x0020
[1739] [M]: 0x0000000080001B18 (0x0020EEB7) lui t4, 0x20e
x29 <- 0x000000000020E000

mem[X,0x0000000080001B1C] -> 0x8E93
mem[X,0x0000000080001B1E] -> 0xFFFE
[1740] [M]: 0x0000000080001B1C (0xFFFE8E93) addi t4, t4, -0x1
x29 <- 0x000000000020DFFF

mem[X,0x0000000080001B20] -> 0x9E93
mem[X,0x0000000080001B22] -> 0x00BE
[1741] [M]: 0x0000000080001B20 (0x00BE9E93) slli t4, t4, 0xb
x29 <- 0x0000000106FFF800

mem[X,0x0000000080001B24] -> 0x8E93
mem[X,0x0000000080001B26] -> 0x000E
[1742] [M]: 0x0000000080001B24 (0x000E8E93) addi t4, t4, 0x0
x29 <- 0x0000000106FFF800

mem[X,0x0000000080001B28] -> 0x9E93
mem[X,0x0000000080001B2A] -> 0x00BE
[1743] [M]: 0x0000000080001B28 (0x00BE9E93) slli t4, t4, 0xb
x29 <- 0x00000837FFC00000

mem[X,0x0000000080001B2C] -> 0x8E93
mem[X,0x0000000080001B2E] -> 0x048E
[1744] [M]: 0x0000000080001B2C (0x048E8E93) addi t4, t4, 0x48
x29 <- 0x00000837FFC00048

mem[X,0x0000000080001B30] -> 0x9E93
mem[X,0x0000000080001B32] -> 0x00AE
[1745] [M]: 0x0000000080001B30 (0x00AE9E93) slli t4, t4, 0xa
x29 <- 0x0020DFFF00012000

mem[X,0x0000000080001B34] -> 0x0FBB
mem[X,0x0000000080001B36] -> 0xD1DF
[1746] [M]: 0x0000000080001B34 (0xD1DF0FBB) pssub.h t6, t5, t4
x31 <- 0x00E06000FFF6A000

mem[X,0x0000000080001B38] -> 0xB023
mem[X,0x0000000080001B3A] -> 0x1FF0
[1747] [M]: 0x0000000080001B38 (0x1FF0B023) sd t6, 0x1e0(ra)
mem[0x00000000800043F0] <- 0x00E06000FFF6A000

mem[X,0x0000000080001B3C] -> 0x0F37
mem[X,0x0000000080001B3E] -> 0x1001
[1748] [M]: 0x0000000080001B3C (0x10010F37) lui t5, 0x10010
x30 <- 0x0000000010010000

mem[X,0x0000000080001B40] -> 0x0F13
mem[X,0x0000000080001B42] -> 0xF7FF
[1749] [M]: 0x0000000080001B40 (0xF7FF0F13) addi t5, t5, -0x81
x30 <- 0x000000001000FF7F

mem[X,0x0000000080001B44] -> 0x1F13
mem[X,0x0000000080001B46] -> 0x00BF
[1750] [M]: 0x0000000080001B44 (0x00BF1F13) slli t5, t5, 0xb
x30 <- 0x0000008007FBF800

mem[X,0x0000000080001B48] -> 0x0F13
mem[X,0x0000000080001B4A] -> 0x1FFF
[1751] [M]: 0x0000000080001B48 (0x1FFF0F13) addi t5, t5, 0x1ff
x30 <- 0x0000008007FBF9FF

mem[X,0x0000000080001B4C] -> 0x1F13
mem[X,0x0000000080001B4E] -> 0x00BF
[1752] [M]: 0x0000000080001B4C (0x00BF1F13) slli t5, t5, 0xb
x30 <- 0x0004003FDFCFF800

mem[X,0x0000000080001B50] -> 0x0F13
mem[X,0x0000000080001B52] -> 0x7C0F
[1753] [M]: 0x0000000080001B50 (0x7C0F0F13) addi t5, t5, 0x7c0
x30 <- 0x0004003FDFCFFFC0

mem[X,0x0000000080001B54] -> 0x1F13
mem[X,0x0000000080001B56] -> 0x00AF
[1754] [M]: 0x0000000080001B54 (0x00AF1F13) slli t5, t5, 0xa
x30 <- 0x1000FF7F3FFF0000

mem[X,0x0000000080001B58] -> 0x0F13
mem[X,0x0000000080001B5A] -> 0x005F
[1755] [M]: 0x0000000080001B58 (0x005F0F13) addi t5, t5, 0x5
x30 <- 0x1000FF7F3FFF0005

mem[X,0x0000000080001B5C] -> 0x0EB7
mem[X,0x0000000080001B5E] -> 0x4000
[1756] [M]: 0x0000000080001B5C (0x40000EB7) lui t4, 0x40000
x29 <- 0x0000000040000000

mem[X,0x0000000080001B60] -> 0x8E93
mem[X,0x0000000080001B62] -> 0x040E
[1757] [M]: 0x0000000080001B60 (0x040E8E93) addi t4, t4, 0x40
x29 <- 0x0000000040000040

mem[X,0x0000000080001B64] -> 0x9E93
mem[X,0x0000000080001B66] -> 0x00BE
[1758] [M]: 0x0000000080001B64 (0x00BE9E93) slli t4, t4, 0xb
x29 <- 0x0000020000020000

mem[X,0x0000000080001B68] -> 0x8E93
mem[X,0x0000000080001B6A] -> 0x020E
[1759] [M]: 0x0000000080001B68 (0x020E8E93) addi t4, t4, 0x20
x29 <- 0x0000020000020020

mem[X,0x0000000080001B6C] -> 0x9E93
mem[X,0x0000000080001B6E] -> 0x00BE
[1760] [M]: 0x0000000080001B6C (0x00BE9E93) slli t4, t4, 0xb
x29 <- 0x0010000010010000

mem[X,0x0000000080001B70] -> 0x8E93
mem[X,0x0000000080001B72] -> 0x03FE
[1761] [M]: 0x0000000080001B70 (0x03FE8E93) addi t4, t4, 0x3f
x29 <- 0x001000001001003F

mem[X,0x0000000080001B74] -> 0x9E93
mem[X,0x0000000080001B76] -> 0x00AE
[1762] [M]: 0x0000000080001B74 (0x00AE9E93) slli t4, t4, 0xa
x29 <- 0x400000400400FC00

mem[X,0x0000000080001B78] -> 0x8E93
mem[X,0x0000000080001B7A] -> 0x3FAE
[1763] [M]: 0x0000000080001B78 (0x3FAE8E93) addi t4, t4, 0x3fa
x29 <- 0x400000400400FFFA

mem[X,0x0000000080001B7C] -> 0x0FBB
mem[X,0x0000000080001B7E] -> 0xD1DF
[1764] [M]: 0x0000000080001B7C (0xD1DF0FBB) pssub.h t6, t5, t4
x31 <- 0xD000FF3F3BFF000B

mem[X,0x0000000080001B80] -> 0xB423
mem[X,0x0000000080001B82] -> 0x1FF0
[1765] [M]: 0x0000000080001B80 (0x1FF0B423) sd t6, 0x1e8(ra)
mem[0x00000000800043F8] <- 0xD000FF3F3BFF000B

mem[X,0x0000000080001B84] -> 0x0F37
mem[X,0x0000000080001B86] -> 0xFF80
[1766] [M]: 0x0000000080001B84 (0xFF800F37) lui t5, -0x800
x30 <- 0xFFFFFFFFFF800000

mem[X,0x0000000080001B88] -> 0x0F13
mem[X,0x0000000080001B8A] -> 0xFFBF
[1767] [M]: 0x0000000080001B88 (0xFFBF0F13) addi t5, t5, -0x5
x30 <- 0xFFFFFFFFFF7FFFFB

mem[X,0x0000000080001B8C] -> 0x1F13
mem[X,0x0000000080001B8E] -> 0x00BF
[1768] [M]: 0x0000000080001B8C (0x00BF1F13) slli t5, t5, 0xb
x30 <- 0xFFFFFFFBFFFFD800

mem[X,0x0000000080001B90] -> 0x0F13
mem[X,0x0000000080001B92] -> 0x600F
[1769] [M]: 0x0000000080001B90 (0x600F0F13) addi t5, t5, 0x600
x30 <- 0xFFFFFFFBFFFFDE00

mem[X,0x0000000080001B94] -> 0x1F13
mem[X,0x0000000080001B96] -> 0x00BF
[1770] [M]: 0x0000000080001B94 (0x00BF1F13) slli t5, t5, 0xb
x30 <- 0xFFFFDFFFFEF00000

mem[X,0x0000000080001B98] -> 0x0F13
mem[X,0x0000000080001B9A] -> 0x03FF
[1771] [M]: 0x0000000080001B98 (0x03FF0F13) addi t5, t5, 0x3f
x30 <- 0xFFFFDFFFFEF0003F

mem[X,0x0000000080001B9C] -> 0x1F13
mem[X,0x0000000080001B9E] -> 0x00AF
[1772] [M]: 0x0000000080001B9C (0x00AF1F13) slli t5, t5, 0xa
x30 <- 0xFF7FFFFBC000FC00

mem[X,0x0000000080001BA0] -> 0x0F13
mem[X,0x0000000080001BA2] -> 0x2FFF
[1773] [M]: 0x0000000080001BA0 (0x2FFF0F13) addi t5, t5, 0x2ff
x30 <- 0xFF7FFFFBC000FEFF

mem[X,0x0000000080001BA4] -> 0x8EB7
mem[X,0x0000000080001BA6] -> 0xFDFF
[1774] [M]: 0x0000000080001BA4 (0xFDFF8EB7) lui t4, -0x2008
x29 <- 0xFFFFFFFFFDFF8000

mem[X,0x0000000080001BA8] -> 0x8E93
mem[X,0x0000000080001BAA] -> 0xFFFE
[1775] [M]: 0x0000000080001BA8 (0xFFFE8E93) addi t4, t4, -0x1
x29 <- 0xFFFFFFFFFDFF7FFF

mem[X,0x0000000080001BAC] -> 0x9E93
mem[X,0x0000000080001BAE] -> 0x00BE
[1776] [M]: 0x0000000080001BAC (0x00BE9E93) slli t4, t4, 0xb
x29 <- 0xFFFFFFEFFBFFF800

mem[X,0x0000000080001BB0] -> 0x8E93
mem[X,0x0000000080001BB2] -> 0x000E
[1777] [M]: 0x0000000080001BB0 (0x000E8E93) addi t4, t4, 0x0
x29 <- 0xFFFFFFEFFBFFF800

mem[X,0x0000000080001BB4] -> 0x9E93
mem[X,0x0000000080001BB6] -> 0x00BE
[1778] [M]: 0x0000000080001BB4 (0x00BE9E93) slli t4, t4, 0xb
x29 <- 0xFFFF7FDFFFC00000

mem[X,0x0000000080001BB8] -> 0x8E93
mem[X,0x0000000080001BBA] -> 0x184E
[1779] [M]: 0x0000000080001BB8 (0x184E8E93) addi t4, t4, 0x184
x29 <- 0xFFFF7FDFFFC00184

mem[X,0x0000000080001BBC] -> 0x9E93
mem[X,0x0000000080001BBE] -> 0x00AE
[1780] [M]: 0x0000000080001BBC (0x00AE9E93) slli t4, t4, 0xa
x29 <- 0xFDFF7FFF00061000

mem[X,0x0000000080001BC0] -> 0x0FBB
mem[X,0x0000000080001BC2] -> 0xD1DF
[1781] [M]: 0x0000000080001BC0 (0xD1DF0FBB) pssub.h t6, t5, t4
x31 <- 0x01808000BFFAEEFF

mem[X,0x0000000080001BC4] -> 0xB823
mem[X,0x0000000080001BC6] -> 0x1FF0
[1782] [M]: 0x0000000080001BC4 (0x1FF0B823) sd t6, 0x1f0(ra)
mem[0x0000000080004400] <- 0x01808000BFFAEEFF

mem[X,0x0000000080001BC8] -> 0x0F37
mem[X,0x0000000080001BCA] -> 0x0001
[1783] [M]: 0x0000000080001BC8 (0x00010F37) lui t5, 0x10
x30 <- 0x0000000000010000

mem[X,0x0000000080001BCC] -> 0x0F13
mem[X,0x0000000080001BCE] -> 0x020F
[1784] [M]: 0x0000000080001BCC (0x020F0F13) addi t5, t5, 0x20
x30 <- 0x0000000000010020

mem[X,0x0000000080001BD0] -> 0x1F13
mem[X,0x0000000080001BD2] -> 0x00BF
[1785] [M]: 0x0000000080001BD0 (0x00BF1F13) slli t5, t5, 0xb
x30 <- 0x0000000008010000

mem[X,0x0000000080001BD4] -> 0x0F13
mem[X,0x0000000080001BD6] -> 0x7FFF
[1786] [M]: 0x0000000080001BD4 (0x7FFF0F13) addi t5, t5, 0x7ff
x30 <- 0x00000000080107FF

mem[X,0x0000000080001BD8] -> 0x1F13
mem[X,0x0000000080001BDA] -> 0x00BF
[1787] [M]: 0x0000000080001BD8 (0x00BF1F13) slli t5, t5, 0xb
x30 <- 0x00000040083FF800

mem[X,0x0000000080001BDC] -> 0x0F13
mem[X,0x0000000080001BDE] -> 0x7C0F
[1788] [M]: 0x0000000080001BDC (0x7C0F0F13) addi t5, t5, 0x7c0
x30 <- 0x00000040083FFFC0

mem[X,0x0000000080001BE0] -> 0x1F13
mem[X,0x0000000080001BE2] -> 0x00AF
[1789] [M]: 0x0000000080001BE0 (0x00AF1F13) slli t5, t5, 0xa
x30 <- 0x00010020FFFF0000

mem[X,0x0000000080001BE4] -> 0x0F13
mem[X,0x0000000080001BE6] -> 0x003F
[1790] [M]: 0x0000000080001BE4 (0x003F0F13) addi t5, t5, 0x3
x30 <- 0x00010020FFFF0003

mem[X,0x0000000080001BE8] -> 0x0EB7
mem[X,0x0000000080001BEA] -> 0x4001
[1791] [M]: 0x0000000080001BE8 (0x40010EB7) lui t4, 0x40010
x29 <- 0x0000000040010000

mem[X,0x0000000080001BEC] -> 0x8E93
mem[X,0x0000000080001BEE] -> 0xFEFE
[1792] [M]: 0x0000000080001BEC (0xFEFE8E93) addi t4, t4, -0x11
x29 <- 0x000000004000FFEF

mem[X,0x0000000080001BF0] -> 0x9E93
mem[X,0x0000000080001BF2] -> 0x00BE
[1793] [M]: 0x0000000080001BF0 (0x00BE9E93) slli t4, t4, 0xb
x29 <- 0x0000020007FF7800

mem[X,0x0000000080001BF4] -> 0x8E93
mem[X,0x0000000080001BF6] -> 0x000E
[1794] [M]: 0x0000000080001BF4 (0x000E8E93) addi t4, t4, 0x0
x29 <- 0x0000020007FF7800

mem[X,0x0000000080001BF8] -> 0x9E93
mem[X,0x0000000080001BFA] -> 0x00BE
[1795] [M]: 0x0000000080001BF8 (0x00BE9E93) slli t4, t4, 0xb
x29 <- 0x0010003FFBC00000

mem[X,0x0000000080001BFC] -> 0x8E93
mem[X,0x0000000080001BFE] -> 0x07FE
[1796] [M]: 0x0000000080001BFC (0x07FE8E93) addi t4, t4, 0x7f
x29 <- 0x0010003FFBC0007F

mem[X,0x0000000080001C00] -> 0x9E93
mem[X,0x0000000080001C02] -> 0x00AE
[1797] [M]: 0x0000000080001C00 (0x00AE9E93) slli t4, t4, 0xa
x29 <- 0x4000FFEF0001FC00

mem[X,0x0000000080001C04] -> 0x8E93
mem[X,0x0000000080001C06] -> 0x1FFE
[1798] [M]: 0x0000000080001C04 (0x1FFE8E93) addi t4, t4, 0x1ff
x29 <- 0x4000FFEF0001FDFF

mem[X,0x0000000080001C08] -> 0x0FBB
mem[X,0x0000000080001C0A] -> 0xD1DF
[1799] [M]: 0x0000000080001C08 (0xD1DF0FBB) pssub.h t6, t5, t4
x31 <- 0xC0010031FFFE0204

clint::tick mtime <- 0x0000000000000012
 clint timer pending at mtime 0x0000000000000012
htif::tick 0x0000000000000000
mem[X,0x0000000080001C0C] -> 0xBC23
mem[X,0x0000000080001C0E] -> 0x1FF0
[1800] [M]: 0x0000000080001C0C (0x1FF0BC23) sd t6, 0x1f8(ra)
mem[0x0000000080004408] <- 0xC0010031FFFE0204

mem[X,0x0000000080001C10] -> 0x2F37
mem[X,0x0000000080001C12] -> 0xFFFD
[1801] [M]: 0x0000000080001C10 (0xFFFD2F37) lui t5, -0x2e
x30 <- 0xFFFFFFFFFFFD2000

mem[X,0x0000000080001C14] -> 0x0F13
mem[X,0x0000000080001C16] -> 0x000F
[1802] [M]: 0x0000000080001C14 (0x000F0F13) addi t5, t5, 0x0
x30 <- 0xFFFFFFFFFFFD2000

mem[X,0x0000000080001C18] -> 0x1F13
mem[X,0x0000000080001C1A] -> 0x00BF
[1803] [M]: 0x0000000080001C18 (0x00BF1F13) slli t5, t5, 0xb
x30 <- 0xFFFFFFFFE9000000

mem[X,0x0000000080001C1C] -> 0x0F13
mem[X,0x0000000080001C1E] -> 0x000F
[1804] [M]: 0x0000000080001C1C (0x000F0F13) addi t5, t5, 0x0
x30 <- 0xFFFFFFFFE9000000

mem[X,0x0000000080001C20] -> 0x1F13
mem[X,0x0000000080001C22] -> 0x00BF
[1805] [M]: 0x0000000080001C20 (0x00BF1F13) slli t5, t5, 0xb
x30 <- 0xFFFFFF4800000000

mem[X,0x0000000080001C24] -> 0x0F13
mem[X,0x0000000080001C26] -> 0x040F
[1806] [M]: 0x0000000080001C24 (0x040F0F13) addi t5, t5, 0x40
x30 <- 0xFFFFFF4800000040

mem[X,0x0000000080001C28] -> 0x1F13
mem[X,0x0000000080001C2A] -> 0x00AF
[1807] [M]: 0x0000000080001C28 (0x00AF1F13) slli t5, t5, 0xa
x30 <- 0xFFFD200000010000

mem[X,0x0000000080001C2C] -> 0xCEB7
mem[X,0x0000000080001C2E] -> 0xBFFF
[1808] [M]: 0x0000000080001C2C (0xBFFFCEB7) lui t4, -0x40004
x29 <- 0xFFFFFFFFBFFFC000

mem[X,0x0000000080001C30] -> 0x8E93
mem[X,0x0000000080001C32] -> 0xFFFE
[1809] [M]: 0x0000000080001C30 (0xFFFE8E93) addi t4, t4, -0x1
x29 <- 0xFFFFFFFFBFFFBFFF

mem[X,0x0000000080001C34] -> 0x9E93
mem[X,0x0000000080001C36] -> 0x00BE
[1810] [M]: 0x0000000080001C34 (0x00BE9E93) slli t4, t4, 0xb
x29 <- 0xFFFFFDFFFDFFF800

mem[X,0x0000000080001C38] -> 0x8E93
mem[X,0x0000000080001C3A] -> 0x555E
[1811] [M]: 0x0000000080001C38 (0x555E8E93) addi t4, t4, 0x555
x29 <- 0xFFFFFDFFFDFFFD55

mem[X,0x0000000080001C3C] -> 0x9E93
mem[X,0x0000000080001C3E] -> 0x00BE
[1812] [M]: 0x0000000080001C3C (0x00BE9E93) slli t4, t4, 0xb
x29 <- 0xFFEFFFEFFFEAA800

mem[X,0x0000000080001C40] -> 0x8E93
mem[X,0x0000000080001C42] -> 0x2BFE
[1813] [M]: 0x0000000080001C40 (0x2BFE8E93) addi t4, t4, 0x2bf
x29 <- 0xFFEFFFEFFFEAAABF

mem[X,0x0000000080001C44] -> 0x9E93
mem[X,0x0000000080001C46] -> 0x00AE
[1814] [M]: 0x0000000080001C44 (0x00AE9E93) slli t4, t4, 0xa
x29 <- 0xBFFFBFFFAAAAFC00

mem[X,0x0000000080001C48] -> 0x8E93
mem[X,0x0000000080001C4A] -> 0x3FBE
[1815] [M]: 0x0000000080001C48 (0x3FBE8E93) addi t4, t4, 0x3fb
x29 <- 0xBFFFBFFFAAAAFFFB

mem[X,0x0000000080001C4C] -> 0x0FBB
mem[X,0x0000000080001C4E] -> 0xD1DF
[1816] [M]: 0x0000000080001C4C (0xD1DF0FBB) pssub.h t6, t5, t4
x31 <- 0x3FFE600155570005

mem[X,0x0000000080001C50] -> 0xB023
mem[X,0x0000000080001C52] -> 0x21F0
[1817] [M]: 0x0000000080001C50 (0x21F0B023) sd t6, 0x200(ra)
mem[0x0000000080004410] <- 0x3FFE600155570005

mem[X,0x0000000080001C54] -> 0x0F37
mem[X,0x0000000080001C56] -> 0xFFFC
[1818] [M]: 0x0000000080001C54 (0xFFFC0F37) lui t5, -0x40
x30 <- 0xFFFFFFFFFFFC0000

mem[X,0x0000000080001C58] -> 0x0F13
mem[X,0x0000000080001C5A] -> 0x010F
[1819] [M]: 0x0000000080001C58 (0x010F0F13) addi t5, t5, 0x10
x30 <- 0xFFFFFFFFFFFC0010

mem[X,0x0000000080001C5C] -> 0x1F13
mem[X,0x0000000080001C5E] -> 0x00BF
[1820] [M]: 0x0000000080001C5C (0x00BF1F13) slli t5, t5, 0xb
x30 <- 0xFFFFFFFFE0008000

mem[X,0x0000000080001C60] -> 0x0F13
mem[X,0x0000000080001C62] -> 0x7FFF
[1821] [M]: 0x0000000080001C60 (0x7FFF0F13) addi t5, t5, 0x7ff
x30 <- 0xFFFFFFFFE00087FF

mem[X,0x0000000080001C64] -> 0x1F13
mem[X,0x0000000080001C66] -> 0x00BF
[1822] [M]: 0x0000000080001C64 (0x00BF1F13) slli t5, t5, 0xb
x30 <- 0xFFFFFF00043FF800

mem[X,0x0000000080001C68] -> 0x0F13
mem[X,0x0000000080001C6A] -> 0x75FF
[1823] [M]: 0x0000000080001C68 (0x75FF0F13) addi t5, t5, 0x75f
x30 <- 0xFFFFFF00043FFF5F

mem[X,0x0000000080001C6C] -> 0x1F13
mem[X,0x0000000080001C6E] -> 0x00AF
[1824] [M]: 0x0000000080001C6C (0x00AF1F13) slli t5, t5, 0xa
x30 <- 0xFFFC0010FFFD7C00

mem[X,0x0000000080001C70] -> 0x0F13
mem[X,0x0000000080001C72] -> 0x3FFF
[1825] [M]: 0x0000000080001C70 (0x3FFF0F13) addi t5, t5, 0x3ff
x30 <- 0xFFFC0010FFFD7FFF

mem[X,0x0000000080001C74] -> 0x0EB7
mem[X,0x0000000080001C76] -> 0xFFFA
[1826] [M]: 0x0000000080001C74 (0xFFFA0EB7) lui t4, -0x60
x29 <- 0xFFFFFFFFFFFA0000

mem[X,0x0000000080001C78] -> 0x8E93
mem[X,0x0000000080001C7A] -> 0xDFFE
[1827] [M]: 0x0000000080001C78 (0xDFFE8E93) addi t4, t4, -0x201
x29 <- 0xFFFFFFFFFFF9FDFF

mem[X,0x0000000080001C7C] -> 0x9E93
mem[X,0x0000000080001C7E] -> 0x00BE
[1828] [M]: 0x0000000080001C7C (0x00BE9E93) slli t4, t4, 0xb
x29 <- 0xFFFFFFFFCFEFF800

mem[X,0x0000000080001C80] -> 0x8E93
mem[X,0x0000000080001C82] -> 0x000E
[1829] [M]: 0x0000000080001C80 (0x000E8E93) addi t4, t4, 0x0
x29 <- 0xFFFFFFFFCFEFF800

mem[X,0x0000000080001C84] -> 0x9E93
mem[X,0x0000000080001C86] -> 0x00BE
[1830] [M]: 0x0000000080001C84 (0x00BE9E93) slli t4, t4, 0xb
x29 <- 0xFFFFFE7F7FC00000

mem[X,0x0000000080001C88] -> 0x8E93
mem[X,0x0000000080001C8A] -> 0x1C0E
[1831] [M]: 0x0000000080001C88 (0x1C0E8E93) addi t4, t4, 0x1c0
x29 <- 0xFFFFFE7F7FC001C0

mem[X,0x0000000080001C8C] -> 0x9E93
mem[X,0x0000000080001C8E] -> 0x00AE
[1832] [M]: 0x0000000080001C8C (0x00AE9E93) slli t4, t4, 0xa
x29 <- 0xFFF9FDFF00070000

mem[X,0x0000000080001C90] -> 0x8E93
mem[X,0x0000000080001C92] -> 0x006E
[1833] [M]: 0x0000000080001C90 (0x006E8E93) addi t4, t4, 0x6
x29 <- 0xFFF9FDFF00070006

mem[X,0x0000000080001C94] -> 0x0FBB
mem[X,0x0000000080001C96] -> 0xD1DF
[1834] [M]: 0x0000000080001C94 (0xD1DF0FBB) pssub.h t6, t5, t4
x31 <- 0x00030211FFF67FF9

mem[X,0x0000000080001C98] -> 0xB423
mem[X,0x0000000080001C9A] -> 0x21F0
[1835] [M]: 0x0000000080001C98 (0x21F0B423) sd t6, 0x208(ra)
mem[0x0000000080004418] <- 0x00030211FFF67FF9

mem[X,0x0000000080001C9C] -> 0x5F37
mem[X,0x0000000080001C9E] -> 0x0010
[1836] [M]: 0x0000000080001C9C (0x00105F37) lui t5, 0x105
x30 <- 0x0000000000105000

mem[X,0x0000000080001CA0] -> 0x0F13
mem[X,0x0000000080001CA2] -> 0x555F
[1837] [M]: 0x0000000080001CA0 (0x555F0F13) addi t5, t5, 0x555
x30 <- 0x0000000000105555

mem[X,0x0000000080001CA4] -> 0x1F13
mem[X,0x0000000080001CA6] -> 0x00BF
[1838] [M]: 0x0000000080001CA4 (0x00BF1F13) slli t5, t5, 0xb
x30 <- 0x0000000082AAA800

mem[X,0x0000000080001CA8] -> 0x0F13
mem[X,0x0000000080001CAA] -> 0x010F
[1839] [M]: 0x0000000080001CA8 (0x010F0F13) addi t5, t5, 0x10
x30 <- 0x0000000082AAA810

mem[X,0x0000000080001CAC] -> 0x1F13
mem[X,0x0000000080001CAE] -> 0x00BF
[1840] [M]: 0x0000000080001CAC (0x00BF1F13) slli t5, t5, 0xb
x30 <- 0x0000041555408000

mem[X,0x0000000080001CB0] -> 0x0F13
mem[X,0x0000000080001CB2] -> 0x000F
[1841] [M]: 0x0000000080001CB0 (0x000F0F13) addi t5, t5, 0x0
x30 <- 0x0000041555408000

mem[X,0x0000000080001CB4] -> 0x1F13
mem[X,0x0000000080001CB6] -> 0x00AF
[1842] [M]: 0x0000000080001CB4 (0x00AF1F13) slli t5, t5, 0xa
x30 <- 0x0010555502000000

mem[X,0x0000000080001CB8] -> 0x0F13
mem[X,0x0000000080001CBA] -> 0x004F
[1843] [M]: 0x0000000080001CB8 (0x004F0F13) addi t5, t5, 0x4
x30 <- 0x0010555502000004

mem[X,0x0000000080001CBC] -> 0x5EB7
mem[X,0x0000000080001CBE] -> 0xFDFF
[1844] [M]: 0x0000000080001CBC (0xFDFF5EB7) lui t4, -0x200b
x29 <- 0xFFFFFFFFFDFF5000

mem[X,0x0000000080001CC0] -> 0x8E93
mem[X,0x0000000080001CC2] -> 0x555E
[1845] [M]: 0x0000000080001CC0 (0x555E8E93) addi t4, t4, 0x555
x29 <- 0xFFFFFFFFFDFF5555

mem[X,0x0000000080001CC4] -> 0x9E93
mem[X,0x0000000080001CC6] -> 0x00BE
[1846] [M]: 0x0000000080001CC4 (0x00BE9E93) slli t4, t4, 0xb
x29 <- 0xFFFFFFEFFAAAA800

mem[X,0x0000000080001CC8] -> 0x8E93
mem[X,0x0000000080001CCA] -> 0x000E
[1847] [M]: 0x0000000080001CC8 (0x000E8E93) addi t4, t4, 0x0
x29 <- 0xFFFFFFEFFAAAA800

mem[X,0x0000000080001CCC] -> 0x9E93
mem[X,0x0000000080001CCE] -> 0x00BE
[1848] [M]: 0x0000000080001CCC (0x00BE9E93) slli t4, t4, 0xb
x29 <- 0xFFFF7FD555400000

mem[X,0x0000000080001CD0] -> 0x8E93
mem[X,0x0000000080001CD2] -> 0x13FE
[1849] [M]: 0x0000000080001CD0 (0x13FE8E93) addi t4, t4, 0x13f
x29 <- 0xFFFF7FD55540013F

mem[X,0x0000000080001CD4] -> 0x9E93
mem[X,0x0000000080001CD6] -> 0x00AE
[1850] [M]: 0x0000000080001CD4 (0x00AE9E93) slli t4, t4, 0xa
x29 <- 0xFDFF55550004FC00

mem[X,0x0000000080001CD8] -> 0x8E93
mem[X,0x0000000080001CDA] -> 0x3FBE
[1851] [M]: 0x0000000080001CD8 (0x3FBE8E93) addi t4, t4, 0x3fb
x29 <- 0xFDFF55550004FFFB

mem[X,0x0000000080001CDC] -> 0x0FBB
mem[X,0x0000000080001CDE] -> 0xD1DF
[1852] [M]: 0x0000000080001CDC (0xD1DF0FBB) pssub.h t6, t5, t4
x31 <- 0x0211000001FC0009

mem[X,0x0000000080001CE0] -> 0xB823
mem[X,0x0000000080001CE2] -> 0x21F0
[1853] [M]: 0x0000000080001CE0 (0x21F0B823) sd t6, 0x210(ra)
mem[0x0000000080004420] <- 0x0211000001FC0009

mem[X,0x0000000080001CE4] -> 0x0F37
mem[X,0x0000000080001CE6] -> 0x0004
[1854] [M]: 0x0000000080001CE4 (0x00040F37) lui t5, 0x40
x30 <- 0x0000000000040000

mem[X,0x0000000080001CE8] -> 0x0F13
mem[X,0x0000000080001CEA] -> 0x001F
[1855] [M]: 0x0000000080001CE8 (0x001F0F13) addi t5, t5, 0x1
x30 <- 0x0000000000040001

mem[X,0x0000000080001CEC] -> 0x1F13
mem[X,0x0000000080001CEE] -> 0x00BF
[1856] [M]: 0x0000000080001CEC (0x00BF1F13) slli t5, t5, 0xb
x30 <- 0x0000000020000800

mem[X,0x0000000080001CF0] -> 0x0F13
mem[X,0x0000000080001CF2] -> 0x000F
[1857] [M]: 0x0000000080001CF0 (0x000F0F13) addi t5, t5, 0x0
x30 <- 0x0000000020000800

mem[X,0x0000000080001CF4] -> 0x1F13
mem[X,0x0000000080001CF6] -> 0x00BF
[1858] [M]: 0x0000000080001CF4 (0x00BF1F13) slli t5, t5, 0xb
x30 <- 0x0000010000400000

mem[X,0x0000000080001CF8] -> 0x0F13
mem[X,0x0000000080001CFA] -> 0x240F
[1859] [M]: 0x0000000080001CF8 (0x240F0F13) addi t5, t5, 0x240
x30 <- 0x0000010000400240

mem[X,0x0000000080001CFC] -> 0x1F13
mem[X,0x0000000080001CFE] -> 0x00AF
[1860] [M]: 0x0000000080001CFC (0x00AF1F13) slli t5, t5, 0xa
x30 <- 0x0004000100090000

mem[X,0x0000000080001D00] -> 0x0F13
mem[X,0x0000000080001D02] -> 0x010F
[1861] [M]: 0x0000000080001D00 (0x010F0F13) addi t5, t5, 0x10
x30 <- 0x0004000100090010

mem[X,0x0000000080001D04] -> 0x4EB7
mem[X,0x0000000080001D06] -> 0xFFFE
[1862] [M]: 0x0000000080001D04 (0xFFFE4EB7) lui t4, -0x1c
x29 <- 0xFFFFFFFFFFFE4000

mem[X,0x0000000080001D08] -> 0x8E93
mem[X,0x0000000080001D0A] -> 0xFFFE
[1863] [M]: 0x0000000080001D08 (0xFFFE8E93) addi t4, t4, -0x1
x29 <- 0xFFFFFFFFFFFE3FFF

mem[X,0x0000000080001D0C] -> 0x9E93
mem[X,0x0000000080001D0E] -> 0x00BE
[1864] [M]: 0x0000000080001D0C (0x00BE9E93) slli t4, t4, 0xb
x29 <- 0xFFFFFFFFF1FFF800

mem[X,0x0000000080001D10] -> 0x8E93
mem[X,0x0000000080001D12] -> 0x000E
[1865] [M]: 0x0000000080001D10 (0x000E8E93) addi t4, t4, 0x0
x29 <- 0xFFFFFFFFF1FFF800

mem[X,0x0000000080001D14] -> 0x9E93
mem[X,0x0000000080001D16] -> 0x00BE
[1866] [M]: 0x0000000080001D14 (0x00BE9E93) slli t4, t4, 0xb
x29 <- 0xFFFFFF8FFFC00000

mem[X,0x0000000080001D18] -> 0x8E93
mem[X,0x0000000080001D1A] -> 0x1FFE
[1867] [M]: 0x0000000080001D18 (0x1FFE8E93) addi t4, t4, 0x1ff
x29 <- 0xFFFFFF8FFFC001FF

mem[X,0x0000000080001D1C] -> 0x9E93
mem[X,0x0000000080001D1E] -> 0x00AE
[1868] [M]: 0x0000000080001D1C (0x00AE9E93) slli t4, t4, 0xa
x29 <- 0xFFFE3FFF0007FC00

mem[X,0x0000000080001D20] -> 0x8E93
mem[X,0x0000000080001D22] -> 0x3BFE
[1869] [M]: 0x0000000080001D20 (0x3BFE8E93) addi t4, t4, 0x3bf
x29 <- 0xFFFE3FFF0007FFBF

mem[X,0x0000000080001D24] -> 0x0FBB
mem[X,0x0000000080001D26] -> 0xD1DF
[1870] [M]: 0x0000000080001D24 (0xD1DF0FBB) pssub.h t6, t5, t4
x31 <- 0x0006C00200020051

mem[X,0x0000000080001D28] -> 0xBC23
mem[X,0x0000000080001D2A] -> 0x21F0
[1871] [M]: 0x0000000080001D28 (0x21F0BC23) sd t6, 0x218(ra)
mem[0x0000000080004428] <- 0x0006C00200020051

mem[X,0x0000000080001D2C] -> 0x0F37
mem[X,0x0000000080001D2E] -> 0x0009
[1872] [M]: 0x0000000080001D2C (0x00090F37) lui t5, 0x90
x30 <- 0x0000000000090000

mem[X,0x0000000080001D30] -> 0x0F13
mem[X,0x0000000080001D32] -> 0xFFCF
[1873] [M]: 0x0000000080001D30 (0xFFCF0F13) addi t5, t5, -0x4
x30 <- 0x000000000008FFFC

mem[X,0x0000000080001D34] -> 0x1F13
mem[X,0x0000000080001D36] -> 0x00BF
[1874] [M]: 0x0000000080001D34 (0x00BF1F13) slli t5, t5, 0xb
x30 <- 0x0000000047FFE000

mem[X,0x0000000080001D38] -> 0x0F13
mem[X,0x0000000080001D3A] -> 0x200F
[1875] [M]: 0x0000000080001D38 (0x200F0F13) addi t5, t5, 0x200
x30 <- 0x0000000047FFE200

mem[X,0x0000000080001D3C] -> 0x1F13
mem[X,0x0000000080001D3E] -> 0x00BF
[1876] [M]: 0x0000000080001D3C (0x00BF1F13) slli t5, t5, 0xb
x30 <- 0x0000023FFF100000

mem[X,0x0000000080001D40] -> 0x0F13
mem[X,0x0000000080001D42] -> 0x03FF
[1877] [M]: 0x0000000080001D40 (0x03FF0F13) addi t5, t5, 0x3f
x30 <- 0x0000023FFF10003F

mem[X,0x0000000080001D44] -> 0x1F13
mem[X,0x0000000080001D46] -> 0x00AF
[1878] [M]: 0x0000000080001D44 (0x00AF1F13) slli t5, t5, 0xa
x30 <- 0x0008FFFC4000FC00

mem[X,0x0000000080001D48] -> 0x0F13
mem[X,0x0000000080001D4A] -> 0x37FF
[1879] [M]: 0x0000000080001D48 (0x37FF0F13) addi t5, t5, 0x37f
x30 <- 0x0008FFFC4000FF7F

mem[X,0x0000000080001D4C] -> 0x0EB7
mem[X,0x0000000080001D4E] -> 0xFFFA
[1880] [M]: 0x0000000080001D4C (0xFFFA0EB7) lui t4, -0x60
x29 <- 0xFFFFFFFFFFFA0000

mem[X,0x0000000080001D50] -> 0x8E93
mem[X,0x0000000080001D52] -> 0x020E
[1881] [M]: 0x0000000080001D50 (0x020E8E93) addi t4, t4, 0x20
x29 <- 0xFFFFFFFFFFFA0020

mem[X,0x0000000080001D54] -> 0x9E93
mem[X,0x0000000080001D56] -> 0x00BE
[1882] [M]: 0x0000000080001D54 (0x00BE9E93) slli t4, t4, 0xb
x29 <- 0xFFFFFFFFD0010000

mem[X,0x0000000080001D58] -> 0x8E93
mem[X,0x0000000080001D5A] -> 0x7FBE
[1883] [M]: 0x0000000080001D58 (0x7FBE8E93) addi t4, t4, 0x7fb
x29 <- 0xFFFFFFFFD00107FB

mem[X,0x0000000080001D5C] -> 0x9E93
mem[X,0x0000000080001D5E] -> 0x00BE
[1884] [M]: 0x0000000080001D5C (0x00BE9E93) slli t4, t4, 0xb
x29 <- 0xFFFFFE80083FD800

mem[X,0x0000000080001D60] -> 0x8E93
mem[X,0x0000000080001D62] -> 0x7C0E
[1885] [M]: 0x0000000080001D60 (0x7C0E8E93) addi t4, t4, 0x7c0
x29 <- 0xFFFFFE80083FDFC0

mem[X,0x0000000080001D64] -> 0x9E93
mem[X,0x0000000080001D66] -> 0x00AE
[1886] [M]: 0x0000000080001D64 (0x00AE9E93) slli t4, t4, 0xa
x29 <- 0xFFFA0020FF7F0000

mem[X,0x0000000080001D68] -> 0x0FBB
mem[X,0x0000000080001D6A] -> 0xD1DF
[1887] [M]: 0x0000000080001D68 (0xD1DF0FBB) pssub.h t6, t5, t4
x31 <- 0x000EFFDC4081FF7F

mem[X,0x0000000080001D6C] -> 0xB023
mem[X,0x0000000080001D6E] -> 0x23F0
[1888] [M]: 0x0000000080001D6C (0x23F0B023) sd t6, 0x220(ra)
mem[0x0000000080004430] <- 0x000EFFDC4081FF7F

mem[X,0x0000000080001D70] -> 0x006F
mem[X,0x0000000080001D72] -> 0x0380
[1889] [M]: 0x0000000080001D70 (0x0380006F) jal zero, 0x38

mem[X,0x0000000080001DA8] -> 0x0093
mem[X,0x0000000080001DAA] -> 0x0010
[1890] [M]: 0x0000000080001DA8 (0x00100093) addi ra, zero, 0x1
x1 <- 0x0000000000000001

mem[X,0x0000000080001DAC] -> 0x0F17
mem[X,0x0000000080001DAE] -> 0x0000
[1891] [M]: 0x0000000080001DAC (0x00000F17) auipc t5, 0x0
x30 <- 0x0000000080001DAC

mem[X,0x0000000080001DB0] -> 0x2A23
mem[X,0x0000000080001DB2] -> 0x241F
[1892] [M]: 0x0000000080001DB0 (0x241F2A23) sw ra, 0x254(t5)
htif[0x0000000080002000] <- 0x00000001

mem[X,0x0000000080001DB4] -> 0xF06F
mem[X,0x0000000080001DB6] -> 0xFF9F
[1893] [M]: 0x0000000080001DB4 (0xFF9FF06F) jal zero, -0x8

mem[X,0x0000000080001DAC] -> 0x0F17
mem[X,0x0000000080001DAE] -> 0x0000
[1894] [M]: 0x0000000080001DAC (0x00000F17) auipc t5, 0x0
x30 <- 0x0000000080001DAC

mem[X,0x0000000080001DB0] -> 0x2A23
mem[X,0x0000000080001DB2] -> 0x241F
[1895] [M]: 0x0000000080001DB0 (0x241F2A23) sw ra, 0x254(t5)
htif[0x0000000080002000] <- 0x00000001

mem[X,0x0000000080001DB4] -> 0xF06F
mem[X,0x0000000080001DB6] -> 0xFF9F
[1896] [M]: 0x0000000080001DB4 (0xFF9FF06F) jal zero, -0x8

mem[X,0x0000000080001DAC] -> 0x0F17
mem[X,0x0000000080001DAE] -> 0x0000
[1897] [M]: 0x0000000080001DAC (0x00000F17) auipc t5, 0x0
x30 <- 0x0000000080001DAC

mem[X,0x0000000080001DB0] -> 0x2A23
mem[X,0x0000000080001DB2] -> 0x241F
[1898] [M]: 0x0000000080001DB0 (0x241F2A23) sw ra, 0x254(t5)
htif[0x0000000080002000] <- 0x00000001
htif-syscall-proxy cmd: 0x000000000001

SUCCESS
