using /home/chsu/rvp-workspace/test-64/riscof_work/pmhacc.h.bo-01.S/ref/Reference-sail_c_simulator.signature for test-signature output.
tohost located at 0x80002000
Running file ref.elf.
ELF Entry @ 0x80000000
begin_signature: 0x80004110
end_signature: 0x80004440
CSR mstatus <- 0x0000000A00000000 (input: 0x0000000000000000)
mem[X,0x0000000000001000] -> 0x0297
mem[X,0x0000000000001002] -> 0x0000
[0] [M]: 0x0000000000001000 (0x00000297) auipc t0, 0x0
x5 <- 0x0000000000001000

mem[X,0x0000000000001004] -> 0x8593
mem[X,0x0000000000001006] -> 0x0202
[1] [M]: 0x0000000000001004 (0x02028593) addi a1, t0, 0x20
x11 <- 0x0000000000001020

mem[X,0x0000000000001008] -> 0x2573
mem[X,0x000000000000100A] -> 0xF140
[2] [M]: 0x0000000000001008 (0xF1402573) csrrs a0, mhartid, zero
CSR mhartid -> 0x0000000000000000
x10 <- 0x0000000000000000

mem[X,0x000000000000100C] -> 0xB283
mem[X,0x000000000000100E] -> 0x0182
[3] [M]: 0x000000000000100C (0x0182B283) ld t0, 0x18(t0)
mem[R,0x0000000000001018] -> 0x0000000080000000
x5 <- 0x0000000080000000

mem[X,0x0000000000001010] -> 0x8067
mem[X,0x0000000000001012] -> 0x0002
[4] [M]: 0x0000000000001010 (0x00028067) jalr zero, 0x0(t0)

mem[X,0x0000000080000000] -> 0x0837
mem[X,0x0000000080000002] -> 0x7D5C
[5] [M]: 0x0000000080000000 (0x7D5C0837) lui a6, 0x7d5c0
x16 <- 0x000000007D5C0000

mem[X,0x0000000080000004] -> 0x0813
mem[X,0x0000000080000006] -> 0xDDB8
[6] [M]: 0x0000000080000004 (0xDDB80813) addi a6, a6, -0x225
x16 <- 0x000000007D5BFDDB

mem[X,0x0000000080000008] -> 0x1813
mem[X,0x000000008000000A] -> 0x00B8
[7] [M]: 0x0000000080000008 (0x00B81813) slli a6, a6, 0xb
x16 <- 0x000003EADFEED800

mem[X,0x000000008000000C] -> 0x0813
mem[X,0x000000008000000E] -> 0x3EA8
[8] [M]: 0x000000008000000C (0x3EA80813) addi a6, a6, 0x3ea
x16 <- 0x000003EADFEEDBEA

mem[X,0x0000000080000010] -> 0x1813
mem[X,0x0000000080000012] -> 0x00B8
[9] [M]: 0x0000000080000010 (0x00B81813) slli a6, a6, 0xb
x16 <- 0x001F56FF76DF5000

mem[X,0x0000000080000014] -> 0x0813
mem[X,0x0000000080000016] -> 0x6FF8
[10] [M]: 0x0000000080000014 (0x6FF80813) addi a6, a6, 0x6ff
x16 <- 0x001F56FF76DF56FF

mem[X,0x0000000080000018] -> 0x1813
mem[X,0x000000008000001A] -> 0x00A8
[11] [M]: 0x0000000080000018 (0x00A81813) slli a6, a6, 0xa
x16 <- 0x7D5BFDDB7D5BFC00

mem[X,0x000000008000001C] -> 0x0813
mem[X,0x000000008000001E] -> 0x1DB8
[12] [M]: 0x000000008000001C (0x1DB80813) addi a6, a6, 0x1db
x16 <- 0x7D5BFDDB7D5BFDDB

mem[X,0x0000000080000020] -> 0x5893
mem[X,0x0000000080000022] -> 0x0078
[13] [M]: 0x0000000080000020 (0x00785893) srli a7, a6, 0x7
x17 <- 0x00FAB7FBB6FAB7FB

mem[X,0x0000000080000024] -> 0x5793
mem[X,0x0000000080000026] -> 0x0398
[14] [M]: 0x0000000080000024 (0x03985793) srli a5, a6, 0x39
x15 <- 0x000000000000003E

mem[X,0x0000000080000028] -> 0xE8B3
mem[X,0x000000008000002A] -> 0x00F8
[15] [M]: 0x0000000080000028 (0x00F8E8B3) or a7, a7, a5
x17 <- 0x00FAB7FBB6FAB7FF

mem[X,0x000000008000002C] -> 0xD913
mem[X,0x000000008000002E] -> 0x0078
[16] [M]: 0x000000008000002C (0x0078D913) srli s2, a7, 0x7
x18 <- 0x0001F56FF76DF56F

mem[X,0x0000000080000030] -> 0xD793
mem[X,0x0000000080000032] -> 0x0398
[17] [M]: 0x0000000080000030 (0x0398D793) srli a5, a7, 0x39
x15 <- 0x0000000000000000

mem[X,0x0000000080000034] -> 0x6933
mem[X,0x0000000080000036] -> 0x00F9
[18] [M]: 0x0000000080000034 (0x00F96933) or s2, s2, a5
x18 <- 0x0001F56FF76DF56F

mem[X,0x0000000080000038] -> 0x5993
mem[X,0x000000008000003A] -> 0x0079
[19] [M]: 0x0000000080000038 (0x00795993) srli s3, s2, 0x7
x19 <- 0x000003EADFEEDBEA

mem[X,0x000000008000003C] -> 0x5793
mem[X,0x000000008000003E] -> 0x0399
[20] [M]: 0x000000008000003C (0x03995793) srli a5, s2, 0x39
x15 <- 0x0000000000000000

mem[X,0x0000000080000040] -> 0xE9B3
mem[X,0x0000000080000042] -> 0x00F9
[21] [M]: 0x0000000080000040 (0x00F9E9B3) or s3, s3, a5
x19 <- 0x000003EADFEEDBEA

mem[X,0x0000000080000044] -> 0xDA13
mem[X,0x0000000080000046] -> 0x0079
[22] [M]: 0x0000000080000044 (0x0079DA13) srli s4, s3, 0x7
x20 <- 0x00000007D5BFDDB7

mem[X,0x0000000080000048] -> 0xD793
mem[X,0x000000008000004A] -> 0x0399
[23] [M]: 0x0000000080000048 (0x0399D793) srli a5, s3, 0x39
x15 <- 0x0000000000000000

mem[X,0x000000008000004C] -> 0x6A33
mem[X,0x000000008000004E] -> 0x00FA
[24] [M]: 0x000000008000004C (0x00FA6A33) or s4, s4, a5
x20 <- 0x00000007D5BFDDB7

mem[X,0x0000000080000050] -> 0x5A93
mem[X,0x0000000080000052] -> 0x007A
[25] [M]: 0x0000000080000050 (0x007A5A93) srli s5, s4, 0x7
x21 <- 0x000000000FAB7FBB

mem[X,0x0000000080000054] -> 0x5793
mem[X,0x0000000080000056] -> 0x039A
[26] [M]: 0x0000000080000054 (0x039A5793) srli a5, s4, 0x39
x15 <- 0x0000000000000000

mem[X,0x0000000080000058] -> 0xEAB3
mem[X,0x000000008000005A] -> 0x00FA
[27] [M]: 0x0000000080000058 (0x00FAEAB3) or s5, s5, a5
x21 <- 0x000000000FAB7FBB

mem[X,0x000000008000005C] -> 0xDB13
mem[X,0x000000008000005E] -> 0x007A
[28] [M]: 0x000000008000005C (0x007ADB13) srli s6, s5, 0x7
x22 <- 0x00000000001F56FF

mem[X,0x0000000080000060] -> 0xD793
mem[X,0x0000000080000062] -> 0x039A
[29] [M]: 0x0000000080000060 (0x039AD793) srli a5, s5, 0x39
x15 <- 0x0000000000000000

mem[X,0x0000000080000064] -> 0x6B33
mem[X,0x0000000080000066] -> 0x00FB
[30] [M]: 0x0000000080000064 (0x00FB6B33) or s6, s6, a5
x22 <- 0x00000000001F56FF

mem[X,0x0000000080000068] -> 0x5B93
mem[X,0x000000008000006A] -> 0x007B
[31] [M]: 0x0000000080000068 (0x007B5B93) srli s7, s6, 0x7
x23 <- 0x0000000000003EAD

mem[X,0x000000008000006C] -> 0x5793
mem[X,0x000000008000006E] -> 0x039B
[32] [M]: 0x000000008000006C (0x039B5793) srli a5, s6, 0x39
x15 <- 0x0000000000000000

mem[X,0x0000000080000070] -> 0xEBB3
mem[X,0x0000000080000072] -> 0x00FB
[33] [M]: 0x0000000080000070 (0x00FBEBB3) or s7, s7, a5
x23 <- 0x0000000000003EAD

mem[X,0x0000000080000074] -> 0xDC13
mem[X,0x0000000080000076] -> 0x007B
[34] [M]: 0x0000000080000074 (0x007BDC13) srli s8, s7, 0x7
x24 <- 0x000000000000007D

mem[X,0x0000000080000078] -> 0xD793
mem[X,0x000000008000007A] -> 0x039B
[35] [M]: 0x0000000080000078 (0x039BD793) srli a5, s7, 0x39
x15 <- 0x0000000000000000

mem[X,0x000000008000007C] -> 0x6C33
mem[X,0x000000008000007E] -> 0x00FC
[36] [M]: 0x000000008000007C (0x00FC6C33) or s8, s8, a5
x24 <- 0x000000000000007D

mem[X,0x0000000080000080] -> 0x5C93
mem[X,0x0000000080000082] -> 0x007C
[37] [M]: 0x0000000080000080 (0x007C5C93) srli s9, s8, 0x7
x25 <- 0x0000000000000000

mem[X,0x0000000080000084] -> 0x5793
mem[X,0x0000000080000086] -> 0x039C
[38] [M]: 0x0000000080000084 (0x039C5793) srli a5, s8, 0x39
x15 <- 0x0000000000000000

mem[X,0x0000000080000088] -> 0xECB3
mem[X,0x000000008000008A] -> 0x00FC
[39] [M]: 0x0000000080000088 (0x00FCECB3) or s9, s9, a5
x25 <- 0x0000000000000000

mem[X,0x000000008000008C] -> 0xDD13
mem[X,0x000000008000008E] -> 0x007C
[40] [M]: 0x000000008000008C (0x007CDD13) srli s10, s9, 0x7
x26 <- 0x0000000000000000

mem[X,0x0000000080000090] -> 0xD793
mem[X,0x0000000080000092] -> 0x039C
[41] [M]: 0x0000000080000090 (0x039CD793) srli a5, s9, 0x39
x15 <- 0x0000000000000000

mem[X,0x0000000080000094] -> 0x6D33
mem[X,0x0000000080000096] -> 0x00FD
[42] [M]: 0x0000000080000094 (0x00FD6D33) or s10, s10, a5
x26 <- 0x0000000000000000

mem[X,0x0000000080000098] -> 0x5D93
mem[X,0x000000008000009A] -> 0x007D
[43] [M]: 0x0000000080000098 (0x007D5D93) srli s11, s10, 0x7
x27 <- 0x0000000000000000

mem[X,0x000000008000009C] -> 0x5793
mem[X,0x000000008000009E] -> 0x039D
[44] [M]: 0x000000008000009C (0x039D5793) srli a5, s10, 0x39
x15 <- 0x0000000000000000

mem[X,0x00000000800000A0] -> 0xEDB3
mem[X,0x00000000800000A2] -> 0x00FD
[45] [M]: 0x00000000800000A0 (0x00FDEDB3) or s11, s11, a5
x27 <- 0x0000000000000000

mem[X,0x00000000800000A4] -> 0xDE13
mem[X,0x00000000800000A6] -> 0x007D
[46] [M]: 0x00000000800000A4 (0x007DDE13) srli t3, s11, 0x7
x28 <- 0x0000000000000000

mem[X,0x00000000800000A8] -> 0xD793
mem[X,0x00000000800000AA] -> 0x039D
[47] [M]: 0x00000000800000A8 (0x039DD793) srli a5, s11, 0x39
x15 <- 0x0000000000000000

mem[X,0x00000000800000AC] -> 0x6E33
mem[X,0x00000000800000AE] -> 0x00FE
[48] [M]: 0x00000000800000AC (0x00FE6E33) or t3, t3, a5
x28 <- 0x0000000000000000

mem[X,0x00000000800000B0] -> 0x5E93
mem[X,0x00000000800000B2] -> 0x007E
[49] [M]: 0x00000000800000B0 (0x007E5E93) srli t4, t3, 0x7
x29 <- 0x0000000000000000

mem[X,0x00000000800000B4] -> 0x5793
mem[X,0x00000000800000B6] -> 0x039E
[50] [M]: 0x00000000800000B4 (0x039E5793) srli a5, t3, 0x39
x15 <- 0x0000000000000000

mem[X,0x00000000800000B8] -> 0xEEB3
mem[X,0x00000000800000BA] -> 0x00FE
[51] [M]: 0x00000000800000B8 (0x00FEEEB3) or t4, t4, a5
x29 <- 0x0000000000000000

mem[X,0x00000000800000BC] -> 0xDF13
mem[X,0x00000000800000BE] -> 0x007E
[52] [M]: 0x00000000800000BC (0x007EDF13) srli t5, t4, 0x7
x30 <- 0x0000000000000000

mem[X,0x00000000800000C0] -> 0xD793
mem[X,0x00000000800000C2] -> 0x039E
[53] [M]: 0x00000000800000C0 (0x039ED793) srli a5, t4, 0x39
x15 <- 0x0000000000000000

mem[X,0x00000000800000C4] -> 0x6F33
mem[X,0x00000000800000C6] -> 0x00FF
[54] [M]: 0x00000000800000C4 (0x00FF6F33) or t5, t5, a5
x30 <- 0x0000000000000000

mem[X,0x00000000800000C8] -> 0xC0B7
mem[X,0x00000000800000CA] -> 0xFEED
[55] [M]: 0x00000000800000C8 (0xFEEDC0B7) lui ra, -0x1124
x1 <- 0xFFFFFFFFFEEDC000

mem[X,0x00000000800000CC] -> 0x8093
mem[X,0x00000000800000CE] -> 0xEAD0
[56] [M]: 0x00000000800000CC (0xEAD08093) addi ra, ra, -0x153
x1 <- 0xFFFFFFFFFEEDBEAD

mem[X,0x00000000800000D0] -> 0x9093
mem[X,0x00000000800000D2] -> 0x00B0
[57] [M]: 0x00000000800000D0 (0x00B09093) slli ra, ra, 0xb
x1 <- 0xFFFFFFF76DF56800

mem[X,0x00000000800000D4] -> 0x8093
mem[X,0x00000000800000D6] -> 0x7F70
[58] [M]: 0x00000000800000D4 (0x7F708093) addi ra, ra, 0x7f7
x1 <- 0xFFFFFFF76DF56FF7

mem[X,0x00000000800000D8] -> 0x9093
mem[X,0x00000000800000DA] -> 0x00B0
[59] [M]: 0x00000000800000D8 (0x00B09093) slli ra, ra, 0xb
x1 <- 0xFFFFBB6FAB7FB800

mem[X,0x00000000800000DC] -> 0x8093
mem[X,0x00000000800000DE] -> 0x36F0
[60] [M]: 0x00000000800000DC (0x36F08093) addi ra, ra, 0x36f
x1 <- 0xFFFFBB6FAB7FBB6F

mem[X,0x00000000800000E0] -> 0x9093
mem[X,0x00000000800000E2] -> 0x00A0
[61] [M]: 0x00000000800000E0 (0x00A09093) slli ra, ra, 0xa
x1 <- 0xFEEDBEADFEEDBC00

mem[X,0x00000000800000E4] -> 0x8093
mem[X,0x00000000800000E6] -> 0x2AD0
[62] [M]: 0x00000000800000E4 (0x2AD08093) addi ra, ra, 0x2ad
x1 <- 0xFEEDBEADFEEDBEAD

mem[X,0x00000000800000E8] -> 0xD113
mem[X,0x00000000800000EA] -> 0x0070
[63] [M]: 0x00000000800000E8 (0x0070D113) srli sp, ra, 0x7
x2 <- 0x01FDDB7D5BFDDB7D

mem[X,0x00000000800000EC] -> 0xD793
mem[X,0x00000000800000EE] -> 0x0390
[64] [M]: 0x00000000800000EC (0x0390D793) srli a5, ra, 0x39
x15 <- 0x000000000000007F

mem[X,0x00000000800000F0] -> 0x6133
mem[X,0x00000000800000F2] -> 0x00F1
[65] [M]: 0x00000000800000F0 (0x00F16133) or sp, sp, a5
x2 <- 0x01FDDB7D5BFDDB7F

mem[X,0x00000000800000F4] -> 0x5193
mem[X,0x00000000800000F6] -> 0x0071
[66] [M]: 0x00000000800000F4 (0x00715193) srli gp, sp, 0x7
x3 <- 0x0003FBB6FAB7FBB6

mem[X,0x00000000800000F8] -> 0x5793
mem[X,0x00000000800000FA] -> 0x0391
[67] [M]: 0x00000000800000F8 (0x03915793) srli a5, sp, 0x39
x15 <- 0x0000000000000000

mem[X,0x00000000800000FC] -> 0xE1B3
mem[X,0x00000000800000FE] -> 0x00F1
[68] [M]: 0x00000000800000FC (0x00F1E1B3) or gp, gp, a5
x3 <- 0x0003FBB6FAB7FBB6

mem[X,0x0000000080000100] -> 0xD213
mem[X,0x0000000080000102] -> 0x0071
[69] [M]: 0x0000000080000100 (0x0071D213) srli tp, gp, 0x7
x4 <- 0x000007F76DF56FF7

mem[X,0x0000000080000104] -> 0xD793
mem[X,0x0000000080000106] -> 0x0391
[70] [M]: 0x0000000080000104 (0x0391D793) srli a5, gp, 0x39
x15 <- 0x0000000000000000

mem[X,0x0000000080000108] -> 0x6233
mem[X,0x000000008000010A] -> 0x00F2
[71] [M]: 0x0000000080000108 (0x00F26233) or tp, tp, a5
x4 <- 0x000007F76DF56FF7

mem[X,0x000000008000010C] -> 0x5293
mem[X,0x000000008000010E] -> 0x0072
[72] [M]: 0x000000008000010C (0x00725293) srli t0, tp, 0x7
x5 <- 0x0000000FEEDBEADF

mem[X,0x0000000080000110] -> 0x5793
mem[X,0x0000000080000112] -> 0x0392
[73] [M]: 0x0000000080000110 (0x03925793) srli a5, tp, 0x39
x15 <- 0x0000000000000000

mem[X,0x0000000080000114] -> 0xE2B3
mem[X,0x0000000080000116] -> 0x00F2
[74] [M]: 0x0000000080000114 (0x00F2E2B3) or t0, t0, a5
x5 <- 0x0000000FEEDBEADF

mem[X,0x0000000080000118] -> 0xD313
mem[X,0x000000008000011A] -> 0x0072
[75] [M]: 0x0000000080000118 (0x0072D313) srli t1, t0, 0x7
x6 <- 0x000000001FDDB7D5

mem[X,0x000000008000011C] -> 0xD793
mem[X,0x000000008000011E] -> 0x0392
[76] [M]: 0x000000008000011C (0x0392D793) srli a5, t0, 0x39
x15 <- 0x0000000000000000

mem[X,0x0000000080000120] -> 0x6333
mem[X,0x0000000080000122] -> 0x00F3
[77] [M]: 0x0000000080000120 (0x00F36333) or t1, t1, a5
x6 <- 0x000000001FDDB7D5

mem[X,0x0000000080000124] -> 0x5393
mem[X,0x0000000080000126] -> 0x0073
[78] [M]: 0x0000000080000124 (0x00735393) srli t2, t1, 0x7
x7 <- 0x00000000003FBB6F

mem[X,0x0000000080000128] -> 0x5793
mem[X,0x000000008000012A] -> 0x0393
[79] [M]: 0x0000000080000128 (0x03935793) srli a5, t1, 0x39
x15 <- 0x0000000000000000

mem[X,0x000000008000012C] -> 0xE3B3
mem[X,0x000000008000012E] -> 0x00F3
[80] [M]: 0x000000008000012C (0x00F3E3B3) or t2, t2, a5
x7 <- 0x00000000003FBB6F

mem[X,0x0000000080000130] -> 0xD413
mem[X,0x0000000080000132] -> 0x0073
[81] [M]: 0x0000000080000130 (0x0073D413) srli fp, t2, 0x7
x8 <- 0x0000000000007F76

mem[X,0x0000000080000134] -> 0xD793
mem[X,0x0000000080000136] -> 0x0393
[82] [M]: 0x0000000080000134 (0x0393D793) srli a5, t2, 0x39
x15 <- 0x0000000000000000

mem[X,0x0000000080000138] -> 0x6433
mem[X,0x000000008000013A] -> 0x00F4
[83] [M]: 0x0000000080000138 (0x00F46433) or fp, fp, a5
x8 <- 0x0000000000007F76

mem[X,0x000000008000013C] -> 0x5493
mem[X,0x000000008000013E] -> 0x0074
[84] [M]: 0x000000008000013C (0x00745493) srli s1, fp, 0x7
x9 <- 0x00000000000000FE

mem[X,0x0000000080000140] -> 0x5793
mem[X,0x0000000080000142] -> 0x0394
[85] [M]: 0x0000000080000140 (0x03945793) srli a5, fp, 0x39
x15 <- 0x0000000000000000

mem[X,0x0000000080000144] -> 0xE4B3
mem[X,0x0000000080000146] -> 0x00F4
[86] [M]: 0x0000000080000144 (0x00F4E4B3) or s1, s1, a5
x9 <- 0x00000000000000FE

mem[X,0x0000000080000148] -> 0xD513
mem[X,0x000000008000014A] -> 0x0074
[87] [M]: 0x0000000080000148 (0x0074D513) srli a0, s1, 0x7
x10 <- 0x0000000000000001

mem[X,0x000000008000014C] -> 0xD793
mem[X,0x000000008000014E] -> 0x0394
[88] [M]: 0x000000008000014C (0x0394D793) srli a5, s1, 0x39
x15 <- 0x0000000000000000

mem[X,0x0000000080000150] -> 0x6533
mem[X,0x0000000080000152] -> 0x00F5
[89] [M]: 0x0000000080000150 (0x00F56533) or a0, a0, a5
x10 <- 0x0000000000000001

mem[X,0x0000000080000154] -> 0x5593
mem[X,0x0000000080000156] -> 0x0075
[90] [M]: 0x0000000080000154 (0x00755593) srli a1, a0, 0x7
x11 <- 0x0000000000000000

mem[X,0x0000000080000158] -> 0x5793
mem[X,0x000000008000015A] -> 0x0395
[91] [M]: 0x0000000080000158 (0x03955793) srli a5, a0, 0x39
x15 <- 0x0000000000000000

mem[X,0x000000008000015C] -> 0xE5B3
mem[X,0x000000008000015E] -> 0x00F5
[92] [M]: 0x000000008000015C (0x00F5E5B3) or a1, a1, a5
x11 <- 0x0000000000000000

mem[X,0x0000000080000160] -> 0xD613
mem[X,0x0000000080000162] -> 0x0075
[93] [M]: 0x0000000080000160 (0x0075D613) srli a2, a1, 0x7
x12 <- 0x0000000000000000

mem[X,0x0000000080000164] -> 0xD793
mem[X,0x0000000080000166] -> 0x0395
[94] [M]: 0x0000000080000164 (0x0395D793) srli a5, a1, 0x39
x15 <- 0x0000000000000000

mem[X,0x0000000080000168] -> 0x6633
mem[X,0x000000008000016A] -> 0x00F6
[95] [M]: 0x0000000080000168 (0x00F66633) or a2, a2, a5
x12 <- 0x0000000000000000

mem[X,0x000000008000016C] -> 0x5693
mem[X,0x000000008000016E] -> 0x0076
[96] [M]: 0x000000008000016C (0x00765693) srli a3, a2, 0x7
x13 <- 0x0000000000000000

mem[X,0x0000000080000170] -> 0x5793
mem[X,0x0000000080000172] -> 0x0396
[97] [M]: 0x0000000080000170 (0x03965793) srli a5, a2, 0x39
x15 <- 0x0000000000000000

mem[X,0x0000000080000174] -> 0xE6B3
mem[X,0x0000000080000176] -> 0x00F6
[98] [M]: 0x0000000080000174 (0x00F6E6B3) or a3, a3, a5
x13 <- 0x0000000000000000

mem[X,0x0000000080000178] -> 0x0013
mem[X,0x000000008000017A] -> 0x0000
[99] [M]: 0x0000000080000178 (0x00000013) addi zero, zero, 0x0

clint::tick mtime <- 0x0000000000000001
 clint timer pending at mtime 0x0000000000000001
htif::tick 0x0000000000000000
mem[X,0x000000008000017C] -> 0x0013
mem[X,0x000000008000017E] -> 0x0000
[100] [M]: 0x000000008000017C (0x00000013) addi zero, zero, 0x0

mem[X,0x0000000080000180] -> 0x4317
mem[X,0x0000000080000182] -> 0x0000
[101] [M]: 0x0000000080000180 (0x00004317) auipc t1, 0x4
x6 <- 0x0000000080004180

mem[X,0x0000000080000184] -> 0x0313
mem[X,0x0000000080000186] -> 0xF983
[102] [M]: 0x0000000080000184 (0xF9830313) addi t1, t1, -0x68
x6 <- 0x0000000080004118

mem[X,0x0000000080000188] -> 0x0013
mem[X,0x000000008000018A] -> 0x0000
[103] [M]: 0x0000000080000188 (0x00000013) addi zero, zero, 0x0

mem[X,0x000000008000018C] -> 0x0013
mem[X,0x000000008000018E] -> 0x0000
[104] [M]: 0x000000008000018C (0x00000013) addi zero, zero, 0x0

mem[X,0x0000000080000190] -> 0x0013
mem[X,0x0000000080000192] -> 0x0000
[105] [M]: 0x0000000080000190 (0x00000013) addi zero, zero, 0x0

mem[X,0x0000000080000194] -> 0x0013
mem[X,0x0000000080000196] -> 0x0000
[106] [M]: 0x0000000080000194 (0x00000013) addi zero, zero, 0x0

mem[X,0x0000000080000198] -> 0x0013
mem[X,0x000000008000019A] -> 0x0000
[107] [M]: 0x0000000080000198 (0x00000013) addi zero, zero, 0x0

mem[X,0x000000008000019C] -> 0x0013
mem[X,0x000000008000019E] -> 0x0000
[108] [M]: 0x000000008000019C (0x00000013) addi zero, zero, 0x0

mem[X,0x00000000800001A0] -> 0x0CB7
mem[X,0x00000000800001A2] -> 0xBFFF
[109] [M]: 0x00000000800001A0 (0xBFFF0CB7) lui s9, -0x40010
x25 <- 0xFFFFFFFFBFFF0000

mem[X,0x00000000800001A4] -> 0x8C93
mem[X,0x00000000800001A6] -> 0x100C
[110] [M]: 0x00000000800001A4 (0x100C8C93) addi s9, s9, 0x100
x25 <- 0xFFFFFFFFBFFF0100

mem[X,0x00000000800001A8] -> 0x9C93
mem[X,0x00000000800001AA] -> 0x00BC
[111] [M]: 0x00000000800001A8 (0x00BC9C93) slli s9, s9, 0xb
x25 <- 0xFFFFFDFFF8080000

mem[X,0x00000000800001AC] -> 0x8C93
mem[X,0x00000000800001AE] -> 0x3FFC
[112] [M]: 0x00000000800001AC (0x3FFC8C93) addi s9, s9, 0x3ff
x25 <- 0xFFFFFDFFF80803FF

mem[X,0x00000000800001B0] -> 0x9C93
mem[X,0x00000000800001B2] -> 0x00BC
[113] [M]: 0x00000000800001B0 (0x00BC9C93) slli s9, s9, 0xb
x25 <- 0xFFEFFFC0401FF800

mem[X,0x00000000800001B4] -> 0x8C93
mem[X,0x00000000800001B6] -> 0x7E0C
[114] [M]: 0x00000000800001B4 (0x7E0C8C93) addi s9, s9, 0x7e0
x25 <- 0xFFEFFFC0401FFFE0

mem[X,0x00000000800001B8] -> 0x9C93
mem[X,0x00000000800001BA] -> 0x00AC
[115] [M]: 0x00000000800001B8 (0x00AC9C93) slli s9, s9, 0xa
x25 <- 0xBFFF01007FFF8000

mem[X,0x00000000800001BC] -> 0x0D37
mem[X,0x00000000800001BE] -> 0x0100
[116] [M]: 0x00000000800001BC (0x01000D37) lui s10, 0x1000
x26 <- 0x0000000001000000

mem[X,0x00000000800001C0] -> 0x0D13
mem[X,0x00000000800001C2] -> 0x200D
[117] [M]: 0x00000000800001C0 (0x200D0D13) addi s10, s10, 0x200
x26 <- 0x0000000001000200

mem[X,0x00000000800001C4] -> 0x1D13
mem[X,0x00000000800001C6] -> 0x00BD
[118] [M]: 0x00000000800001C4 (0x00BD1D13) slli s10, s10, 0xb
x26 <- 0x0000000800100000

mem[X,0x00000000800001C8] -> 0x0D13
mem[X,0x00000000800001CA] -> 0x6FFD
[119] [M]: 0x00000000800001C8 (0x6FFD0D13) addi s10, s10, 0x6ff
x26 <- 0x00000008001006FF

mem[X,0x00000000800001CC] -> 0x1D13
mem[X,0x00000000800001CE] -> 0x00BD
[120] [M]: 0x00000000800001CC (0x00BD1D13) slli s10, s10, 0xb
x26 <- 0x000040008037F800

mem[X,0x00000000800001D0] -> 0x0D13
mem[X,0x00000000800001D2] -> 0x7FFD
[121] [M]: 0x00000000800001D0 (0x7FFD0D13) addi s10, s10, 0x7ff
x26 <- 0x000040008037FFFF

mem[X,0x00000000800001D4] -> 0x1D13
mem[X,0x00000000800001D6] -> 0x00AD
[122] [M]: 0x00000000800001D4 (0x00AD1D13) slli s10, s10, 0xa
x26 <- 0x01000200DFFFFC00

mem[X,0x00000000800001D8] -> 0x0D13
mem[X,0x00000000800001DA] -> 0x3FFD
[123] [M]: 0x00000000800001D8 (0x3FFD0D13) addi s10, s10, 0x3ff
x26 <- 0x01000200DFFFFFFF

mem[X,0x00000000800001DC] -> 0xFD3B
mem[X,0x00000000800001DE] -> 0xB9AC
[124] [M]: 0x00000000800001DC (0xB9ACFD3B) pmhacc.h.bo s10, s9, s10
x26 <- 0x00FF0200DFEEFFFF

mem[X,0x00000000800001E0] -> 0x3023
mem[X,0x00000000800001E2] -> 0x01A3
[125] [M]: 0x00000000800001E0 (0x01A33023) sd s10, 0x0(t1)
mem[0x0000000080004118] <- 0x00FF0200DFEEFFFF

mem[X,0x00000000800001E4] -> 0xB7B7
mem[X,0x00000000800001E6] -> 0x8000
[126] [M]: 0x00000000800001E4 (0x8000B7B7) lui a5, -0x7fff5
x15 <- 0xFFFFFFFF8000B000

mem[X,0x00000000800001E8] -> 0x8793
mem[X,0x00000000800001EA] -> 0xAAA7
[127] [M]: 0x00000000800001E8 (0xAAA78793) addi a5, a5, -0x556
x15 <- 0xFFFFFFFF8000AAAA

mem[X,0x00000000800001EC] -> 0x9793
mem[X,0x00000000800001EE] -> 0x00B7
[128] [M]: 0x00000000800001EC (0x00B79793) slli a5, a5, 0xb
x15 <- 0xFFFFFC0005555000

mem[X,0x00000000800001F0] -> 0x8793
mem[X,0x00000000800001F2] -> 0x0007
[129] [M]: 0x00000000800001F0 (0x00078793) addi a5, a5, 0x0
x15 <- 0xFFFFFC0005555000

mem[X,0x00000000800001F4] -> 0x9793
mem[X,0x00000000800001F6] -> 0x00B7
[130] [M]: 0x00000000800001F4 (0x00B79793) slli a5, a5, 0xb
x15 <- 0xFFE0002AAA800000

mem[X,0x00000000800001F8] -> 0x8793
mem[X,0x00000000800001FA] -> 0x23F7
[131] [M]: 0x00000000800001F8 (0x23F78793) addi a5, a5, 0x23f
x15 <- 0xFFE0002AAA80023F

mem[X,0x00000000800001FC] -> 0x9793
mem[X,0x00000000800001FE] -> 0x00A7
[132] [M]: 0x00000000800001FC (0x00A79793) slli a5, a5, 0xa
x15 <- 0x8000AAAA0008FC00

mem[X,0x0000000080000200] -> 0x8793
mem[X,0x0000000080000202] -> 0x3FF7
[133] [M]: 0x0000000080000200 (0x3FF78793) addi a5, a5, 0x3ff
x15 <- 0x8000AAAA0008FFFF

mem[X,0x0000000080000204] -> 0x07B7
mem[X,0x0000000080000206] -> 0xFFFC
[134] [M]: 0x0000000080000204 (0xFFFC07B7) lui a5, -0x40
x15 <- 0xFFFFFFFFFFFC0000

mem[X,0x0000000080000208] -> 0x8793
mem[X,0x000000008000020A] -> 0x0027
[135] [M]: 0x0000000080000208 (0x00278793) addi a5, a5, 0x2
x15 <- 0xFFFFFFFFFFFC0002

mem[X,0x000000008000020C] -> 0x9793
mem[X,0x000000008000020E] -> 0x00B7
[136] [M]: 0x000000008000020C (0x00B79793) slli a5, a5, 0xb
x15 <- 0xFFFFFFFFE0001000

mem[X,0x0000000080000210] -> 0x8793
mem[X,0x0000000080000212] -> 0x0007
[137] [M]: 0x0000000080000210 (0x00078793) addi a5, a5, 0x0
x15 <- 0xFFFFFFFFE0001000

mem[X,0x0000000080000214] -> 0x9793
mem[X,0x0000000080000216] -> 0x00B7
[138] [M]: 0x0000000080000214 (0x00B79793) slli a5, a5, 0xb
x15 <- 0xFFFFFF0000800000

mem[X,0x0000000080000218] -> 0x8793
mem[X,0x000000008000021A] -> 0x1F77
[139] [M]: 0x0000000080000218 (0x1F778793) addi a5, a5, 0x1f7
x15 <- 0xFFFFFF00008001F7

mem[X,0x000000008000021C] -> 0x9793
mem[X,0x000000008000021E] -> 0x00A7
[140] [M]: 0x000000008000021C (0x00A79793) slli a5, a5, 0xa
x15 <- 0xFFFC00020007DC00

mem[X,0x0000000080000220] -> 0x8793
mem[X,0x0000000080000222] -> 0x3FF7
[141] [M]: 0x0000000080000220 (0x3FF78793) addi a5, a5, 0x3ff
x15 <- 0xFFFC00020007DFFF

mem[X,0x0000000080000224] -> 0xF03B
mem[X,0x0000000080000226] -> 0xB8F7
[142] [M]: 0x0000000080000224 (0xB8F7F03B) pmhacc.h.bo zero, a5, a5

mem[X,0x0000000080000228] -> 0x3423
mem[X,0x000000008000022A] -> 0x0003
[143] [M]: 0x0000000080000228 (0x00033423) sd zero, 0x8(t1)
mem[0x0000000080004120] <- 0x0000000000000000

mem[X,0x000000008000022C] -> 0x0EB7
mem[X,0x000000008000022E] -> 0xFFDF
[144] [M]: 0x000000008000022C (0xFFDF0EB7) lui t4, -0x210
x29 <- 0xFFFFFFFFFFDF0000

mem[X,0x0000000080000230] -> 0x8E93
mem[X,0x0000000080000232] -> 0x400E
[145] [M]: 0x0000000080000230 (0x400E8E93) addi t4, t4, 0x400
x29 <- 0xFFFFFFFFFFDF0400

mem[X,0x0000000080000234] -> 0x9E93
mem[X,0x0000000080000236] -> 0x00BE
[146] [M]: 0x0000000080000234 (0x00BE9E93) slli t4, t4, 0xb
x29 <- 0xFFFFFFFEF8200000

mem[X,0x0000000080000238] -> 0x8E93
mem[X,0x000000008000023A] -> 0x1FFE
[147] [M]: 0x0000000080000238 (0x1FFE8E93) addi t4, t4, 0x1ff
x29 <- 0xFFFFFFFEF82001FF

mem[X,0x000000008000023C] -> 0x9E93
mem[X,0x000000008000023E] -> 0x00BE
[148] [M]: 0x000000008000023C (0x00BE9E93) slli t4, t4, 0xb
x29 <- 0xFFFFF7C1000FF800

mem[X,0x0000000080000240] -> 0x8E93
mem[X,0x0000000080000242] -> 0x7C0E
[149] [M]: 0x0000000080000240 (0x7C0E8E93) addi t4, t4, 0x7c0
x29 <- 0xFFFFF7C1000FFFC0

mem[X,0x0000000080000244] -> 0x9E93
mem[X,0x0000000080000246] -> 0x00AE
[150] [M]: 0x0000000080000244 (0x00AE9E93) slli t4, t4, 0xa
x29 <- 0xFFDF04003FFF0000

mem[X,0x0000000080000248] -> 0x0EB7
mem[X,0x000000008000024A] -> 0x0101
[151] [M]: 0x0000000080000248 (0x01010EB7) lui t4, 0x1010
x29 <- 0x0000000001010000

mem[X,0x000000008000024C] -> 0x8E93
mem[X,0x000000008000024E] -> 0xFFBE
[152] [M]: 0x000000008000024C (0xFFBE8E93) addi t4, t4, -0x5
x29 <- 0x000000000100FFFB

mem[X,0x0000000080000250] -> 0x9E93
mem[X,0x0000000080000252] -> 0x00BE
[153] [M]: 0x0000000080000250 (0x00BE9E93) slli t4, t4, 0xb
x29 <- 0x0000000807FFD800

mem[X,0x0000000080000254] -> 0x8E93
mem[X,0x0000000080000256] -> 0x7FFE
[154] [M]: 0x0000000080000254 (0x7FFE8E93) addi t4, t4, 0x7ff
x29 <- 0x0000000807FFDFFF

mem[X,0x0000000080000258] -> 0x9E93
mem[X,0x000000008000025A] -> 0x00BE
[155] [M]: 0x0000000080000258 (0x00BE9E93) slli t4, t4, 0xb
x29 <- 0x0000403FFEFFF800

mem[X,0x000000008000025C] -> 0x8E93
mem[X,0x000000008000025E] -> 0x5FFE
[156] [M]: 0x000000008000025C (0x5FFE8E93) addi t4, t4, 0x5ff
x29 <- 0x0000403FFEFFFDFF

mem[X,0x0000000080000260] -> 0x9E93
mem[X,0x0000000080000262] -> 0x00AE
[157] [M]: 0x0000000080000260 (0x00AE9E93) slli t4, t4, 0xa
x29 <- 0x0100FFFBFFF7FC00

mem[X,0x0000000080000264] -> 0x8E93
mem[X,0x0000000080000266] -> 0x3EFE
[158] [M]: 0x0000000080000264 (0x3EFE8E93) addi t4, t4, 0x3ef
x29 <- 0x0100FFFBFFF7FFEF

mem[X,0x0000000080000268] -> 0xFEBB
mem[X,0x000000008000026A] -> 0xB9DE
[159] [M]: 0x0000000080000268 (0xB9DEFEBB) pmhacc.h.bo t4, t4, t4
x29 <- 0x0100FFFBFFF7FFEF

mem[X,0x000000008000026C] -> 0x3823
mem[X,0x000000008000026E] -> 0x01D3
[160] [M]: 0x000000008000026C (0x01D33823) sd t4, 0x10(t1)
mem[0x0000000080004128] <- 0x0100FFFBFFF7FFEF

mem[X,0x0000000080000270] -> 0x00B7
mem[X,0x0000000080000272] -> 0xFEFF
[161] [M]: 0x0000000080000270 (0xFEFF00B7) lui ra, -0x1010
x1 <- 0xFFFFFFFFFEFF0000

mem[X,0x0000000080000274] -> 0x8093
mem[X,0x0000000080000276] -> 0x0400
[162] [M]: 0x0000000080000274 (0x04008093) addi ra, ra, 0x40
x1 <- 0xFFFFFFFFFEFF0040

mem[X,0x0000000080000278] -> 0x9093
mem[X,0x000000008000027A] -> 0x00B0
[163] [M]: 0x0000000080000278 (0x00B09093) slli ra, ra, 0xb
x1 <- 0xFFFFFFF7F8020000

mem[X,0x000000008000027C] -> 0x8093
mem[X,0x000000008000027E] -> 0x3FF0
[164] [M]: 0x000000008000027C (0x3FF08093) addi ra, ra, 0x3ff
x1 <- 0xFFFFFFF7F80203FF

mem[X,0x0000000080000280] -> 0x9093
mem[X,0x0000000080000282] -> 0x00B0
[165] [M]: 0x0000000080000280 (0x00B09093) slli ra, ra, 0xb
x1 <- 0xFFFFBFC0101FF800

mem[X,0x0000000080000284] -> 0x8093
mem[X,0x0000000080000286] -> 0x7C00
[166] [M]: 0x0000000080000284 (0x7C008093) addi ra, ra, 0x7c0
x1 <- 0xFFFFBFC0101FFFC0

mem[X,0x0000000080000288] -> 0x9093
mem[X,0x000000008000028A] -> 0x00A0
[167] [M]: 0x0000000080000288 (0x00A09093) slli ra, ra, 0xa
x1 <- 0xFEFF00407FFF0000

mem[X,0x000000008000028C] -> 0x8093
mem[X,0x000000008000028E] -> 0x0010
[168] [M]: 0x000000008000028C (0x00108093) addi ra, ra, 0x1
x1 <- 0xFEFF00407FFF0001

mem[X,0x0000000080000290] -> 0xE1B7
mem[X,0x0000000080000292] -> 0xFFFB
[169] [M]: 0x0000000080000290 (0xFFFBE1B7) lui gp, -0x42
x3 <- 0xFFFFFFFFFFFBE000

mem[X,0x0000000080000294] -> 0x8193
mem[X,0x0000000080000296] -> 0xFFF1
[170] [M]: 0x0000000080000294 (0xFFF18193) addi gp, gp, -0x1
x3 <- 0xFFFFFFFFFFFBDFFF

mem[X,0x0000000080000298] -> 0x9193
mem[X,0x000000008000029A] -> 0x00B1
[171] [M]: 0x0000000080000298 (0x00B19193) slli gp, gp, 0xb
x3 <- 0xFFFFFFFFDEFFF800

mem[X,0x000000008000029C] -> 0x8193
mem[X,0x000000008000029E] -> 0x7DF1
[172] [M]: 0x000000008000029C (0x7DF18193) addi gp, gp, 0x7df
x3 <- 0xFFFFFFFFDEFFFFDF

mem[X,0x00000000800002A0] -> 0x9193
mem[X,0x00000000800002A2] -> 0x00B1
[173] [M]: 0x00000000800002A0 (0x00B19193) slli gp, gp, 0xb
x3 <- 0xFFFFFEF7FFFEF800

mem[X,0x00000000800002A4] -> 0x8193
mem[X,0x00000000800002A6] -> 0x7F71
[174] [M]: 0x00000000800002A4 (0x7F718193) addi gp, gp, 0x7f7
x3 <- 0xFFFFFEF7FFFEFFF7

mem[X,0x00000000800002A8] -> 0x9193
mem[X,0x00000000800002AA] -> 0x00A1
[175] [M]: 0x00000000800002A8 (0x00A19193) slli gp, gp, 0xa
x3 <- 0xFFFBDFFFFBFFDC00

mem[X,0x00000000800002AC] -> 0x8193
mem[X,0x00000000800002AE] -> 0x3FF1
[176] [M]: 0x00000000800002AC (0x3FF18193) addi gp, gp, 0x3ff
x3 <- 0xFFFBDFFFFBFFDFFF

mem[X,0x00000000800002B0] -> 0xF0BB
mem[X,0x00000000800002B2] -> 0xB830
[177] [M]: 0x00000000800002B0 (0xB830F0BB) pmhacc.h.bo ra, ra, gp
x1 <- 0xFEFF003F7FFC0000

mem[X,0x00000000800002B4] -> 0x3C23
mem[X,0x00000000800002B6] -> 0x0013
[178] [M]: 0x00000000800002B4 (0x00133C23) sd ra, 0x18(t1)
mem[0x0000000080004130] <- 0xFEFF003F7FFC0000

mem[X,0x00000000800002B8] -> 0x0B37
mem[X,0x00000000800002BA] -> 0x0003
[179] [M]: 0x00000000800002B8 (0x00030B37) lui s6, 0x30
x22 <- 0x0000000000030000

mem[X,0x00000000800002BC] -> 0x0B13
mem[X,0x00000000800002BE] -> 0xFFAB
[180] [M]: 0x00000000800002BC (0xFFAB0B13) addi s6, s6, -0x6
x22 <- 0x000000000002FFFA

mem[X,0x00000000800002C0] -> 0x1B13
mem[X,0x00000000800002C2] -> 0x00BB
[181] [M]: 0x00000000800002C0 (0x00BB1B13) slli s6, s6, 0xb
x22 <- 0x0000000017FFD000

mem[X,0x00000000800002C4] -> 0x0B13
mem[X,0x00000000800002C6] -> 0x008B
[182] [M]: 0x00000000800002C4 (0x008B0B13) addi s6, s6, 0x8
x22 <- 0x0000000017FFD008

mem[X,0x00000000800002C8] -> 0x1B13
mem[X,0x00000000800002CA] -> 0x00BB
[183] [M]: 0x00000000800002C8 (0x00BB1B13) slli s6, s6, 0xb
x22 <- 0x000000BFFE804000

mem[X,0x00000000800002CC] -> 0x0B13
mem[X,0x00000000800002CE] -> 0x01FB
[184] [M]: 0x00000000800002CC (0x01FB0B13) addi s6, s6, 0x1f
x22 <- 0x000000BFFE80401F

mem[X,0x00000000800002D0] -> 0x1B13
mem[X,0x00000000800002D2] -> 0x00AB
[185] [M]: 0x00000000800002D0 (0x00AB1B13) slli s6, s6, 0xa
x22 <- 0x0002FFFA01007C00

mem[X,0x00000000800002D4] -> 0x0B13
mem[X,0x00000000800002D6] -> 0x3FFB
[186] [M]: 0x00000000800002D4 (0x3FFB0B13) addi s6, s6, 0x3ff
x22 <- 0x0002FFFA01007FFF

mem[X,0x00000000800002D8] -> 0x09B7
mem[X,0x00000000800002DA] -> 0x0007
[187] [M]: 0x00000000800002D8 (0x000709B7) lui s3, 0x70
x19 <- 0x0000000000070000

mem[X,0x00000000800002DC] -> 0x8993
mem[X,0x00000000800002DE] -> 0xFFC9
[188] [M]: 0x00000000800002DC (0xFFC98993) addi s3, s3, -0x4
x19 <- 0x000000000006FFFC

mem[X,0x00000000800002E0] -> 0x9993
mem[X,0x00000000800002E2] -> 0x00B9
[189] [M]: 0x00000000800002E0 (0x00B99993) slli s3, s3, 0xb
x19 <- 0x0000000037FFE000

mem[X,0x00000000800002E4] -> 0x8993
mem[X,0x00000000800002E6] -> 0x0009
[190] [M]: 0x00000000800002E4 (0x00098993) addi s3, s3, 0x0
x19 <- 0x0000000037FFE000

mem[X,0x00000000800002E8] -> 0x9993
mem[X,0x00000000800002EA] -> 0x00B9
[191] [M]: 0x00000000800002E8 (0x00B99993) slli s3, s3, 0xb
x19 <- 0x000001BFFF000000

mem[X,0x00000000800002EC] -> 0x8993
mem[X,0x00000000800002EE] -> 0x2409
[192] [M]: 0x00000000800002EC (0x24098993) addi s3, s3, 0x240
x19 <- 0x000001BFFF000240

mem[X,0x00000000800002F0] -> 0x9993
mem[X,0x00000000800002F2] -> 0x00A9
[193] [M]: 0x00000000800002F0 (0x00A99993) slli s3, s3, 0xa
x19 <- 0x0006FFFC00090000

mem[X,0x00000000800002F4] -> 0x8993
mem[X,0x00000000800002F6] -> 0x2009
[194] [M]: 0x00000000800002F4 (0x20098993) addi s3, s3, 0x200
x19 <- 0x0006FFFC00090200

mem[X,0x00000000800002F8] -> 0x75BB
mem[X,0x00000000800002FA] -> 0xB93B
[195] [M]: 0x00000000800002F8 (0xB93B75BB) pmhacc.h.bo a1, s6, s3
x11 <- 0x0000000000000000

mem[X,0x00000000800002FC] -> 0x3023
mem[X,0x00000000800002FE] -> 0x02B3
[196] [M]: 0x00000000800002FC (0x02B33023) sd a1, 0x20(t1)
mem[0x0000000080004138] <- 0x0000000000000000

mem[X,0x0000000080000300] -> 0x02B7
mem[X,0x0000000080000302] -> 0xC000
[197] [M]: 0x0000000080000300 (0xC00002B7) lui t0, -0x40000
x5 <- 0xFFFFFFFFC0000000

mem[X,0x0000000080000304] -> 0x8293
mem[X,0x0000000080000306] -> 0x0022
[198] [M]: 0x0000000080000304 (0x00228293) addi t0, t0, 0x2
x5 <- 0xFFFFFFFFC0000002

mem[X,0x0000000080000308] -> 0x9293
mem[X,0x000000008000030A] -> 0x00B2
[199] [M]: 0x0000000080000308 (0x00B29293) slli t0, t0, 0xb
x5 <- 0xFFFFFE0000001000

clint::tick mtime <- 0x0000000000000002
 clint timer pending at mtime 0x0000000000000002
htif::tick 0x0000000000000000
mem[X,0x000000008000030C] -> 0x8293
mem[X,0x000000008000030E] -> 0x5552
[200] [M]: 0x000000008000030C (0x55528293) addi t0, t0, 0x555
x5 <- 0xFFFFFE0000001555

mem[X,0x0000000080000310] -> 0x9293
mem[X,0x0000000080000312] -> 0x00B2
[201] [M]: 0x0000000080000310 (0x00B29293) slli t0, t0, 0xb
x5 <- 0xFFF0000000AAA800

mem[X,0x0000000080000314] -> 0x8293
mem[X,0x0000000080000316] -> 0x2802
[202] [M]: 0x0000000080000314 (0x28028293) addi t0, t0, 0x280
x5 <- 0xFFF0000000AAAA80

mem[X,0x0000000080000318] -> 0x9293
mem[X,0x000000008000031A] -> 0x00A2
[203] [M]: 0x0000000080000318 (0x00A29293) slli t0, t0, 0xa
x5 <- 0xC0000002AAAA0000

mem[X,0x000000008000031C] -> 0x8293
mem[X,0x000000008000031E] -> 0x0022
[204] [M]: 0x000000008000031C (0x00228293) addi t0, t0, 0x2
x5 <- 0xC0000002AAAA0002

mem[X,0x0000000080000320] -> 0x0137
mem[X,0x0000000080000322] -> 0x0021
[205] [M]: 0x0000000080000320 (0x00210137) lui sp, 0x210
x2 <- 0x0000000000210000

mem[X,0x0000000080000324] -> 0x0113
mem[X,0x0000000080000326] -> 0xBFF1
[206] [M]: 0x0000000080000324 (0xBFF10113) addi sp, sp, -0x401
x2 <- 0x000000000020FBFF

mem[X,0x0000000080000328] -> 0x1113
mem[X,0x000000008000032A] -> 0x00B1
[207] [M]: 0x0000000080000328 (0x00B11113) slli sp, sp, 0xb
x2 <- 0x0000000107DFF800

mem[X,0x000000008000032C] -> 0x0113
mem[X,0x000000008000032E] -> 0x5FF1
[208] [M]: 0x000000008000032C (0x5FF10113) addi sp, sp, 0x5ff
x2 <- 0x0000000107DFFDFF

mem[X,0x0000000080000330] -> 0x1113
mem[X,0x0000000080000332] -> 0x00B1
[209] [M]: 0x0000000080000330 (0x00B11113) slli sp, sp, 0xb
x2 <- 0x0000083EFFEFF800

mem[X,0x0000000080000334] -> 0x0113
mem[X,0x0000000080000336] -> 0x7FF1
[210] [M]: 0x0000000080000334 (0x7FF10113) addi sp, sp, 0x7ff
x2 <- 0x0000083EFFEFFFFF

mem[X,0x0000000080000338] -> 0x1113
mem[X,0x000000008000033A] -> 0x00A1
[211] [M]: 0x0000000080000338 (0x00A11113) slli sp, sp, 0xa
x2 <- 0x0020FBFFBFFFFC00

mem[X,0x000000008000033C] -> 0x0113
mem[X,0x000000008000033E] -> 0x3F61
[212] [M]: 0x000000008000033C (0x3F610113) addi sp, sp, 0x3f6
x2 <- 0x0020FBFFBFFFFFF6

mem[X,0x0000000080000340] -> 0xF93B
mem[X,0x0000000080000342] -> 0xB822
[213] [M]: 0x0000000080000340 (0xB822F93B) pmhacc.h.bo s2, t0, sp
x18 <- 0x0001F56EF782F56E

mem[X,0x0000000080000344] -> 0x3423
mem[X,0x0000000080000346] -> 0x0323
[214] [M]: 0x0000000080000344 (0x03233423) sd s2, 0x28(t1)
mem[0x0000000080004140] <- 0x0001F56EF782F56E

mem[X,0x0000000080000348] -> 0x0837
mem[X,0x000000008000034A] -> 0xFFFB
[215] [M]: 0x0000000080000348 (0xFFFB0837) lui a6, -0x50
x16 <- 0xFFFFFFFFFFFB0000

mem[X,0x000000008000034C] -> 0x0813
mem[X,0x000000008000034E] -> 0xDFF8
[216] [M]: 0x000000008000034C (0xDFF80813) addi a6, a6, -0x201
x16 <- 0xFFFFFFFFFFFAFDFF

mem[X,0x0000000080000350] -> 0x1813
mem[X,0x0000000080000352] -> 0x00B8
[217] [M]: 0x0000000080000350 (0x00B81813) slli a6, a6, 0xb
x16 <- 0xFFFFFFFFD7EFF800

mem[X,0x0000000080000354] -> 0x0813
mem[X,0x0000000080000356] -> 0x0008
[218] [M]: 0x0000000080000354 (0x00080813) addi a6, a6, 0x0
x16 <- 0xFFFFFFFFD7EFF800

mem[X,0x0000000080000358] -> 0x1813
mem[X,0x000000008000035A] -> 0x00B8
[219] [M]: 0x0000000080000358 (0x00B81813) slli a6, a6, 0xb
x16 <- 0xFFFFFEBF7FC00000

mem[X,0x000000008000035C] -> 0x0813
mem[X,0x000000008000035E] -> 0x0408
[220] [M]: 0x000000008000035C (0x04080813) addi a6, a6, 0x40
x16 <- 0xFFFFFEBF7FC00040

mem[X,0x0000000080000360] -> 0x1813
mem[X,0x0000000080000362] -> 0x00A8
[221] [M]: 0x0000000080000360 (0x00A81813) slli a6, a6, 0xa
x16 <- 0xFFFAFDFF00010000

mem[X,0x0000000080000364] -> 0x0813
mem[X,0x0000000080000366] -> 0x0048
[222] [M]: 0x0000000080000364 (0x00480813) addi a6, a6, 0x4
x16 <- 0xFFFAFDFF00010004

mem[X,0x0000000080000368] -> 0x0A37
mem[X,0x000000008000036A] -> 0x2000
[223] [M]: 0x0000000080000368 (0x20000A37) lui s4, 0x20000
x20 <- 0x0000000020000000

mem[X,0x000000008000036C] -> 0x0A13
mem[X,0x000000008000036E] -> 0x020A
[224] [M]: 0x000000008000036C (0x020A0A13) addi s4, s4, 0x20
x20 <- 0x0000000020000020

mem[X,0x0000000080000370] -> 0x1A13
mem[X,0x0000000080000372] -> 0x00BA
[225] [M]: 0x0000000080000370 (0x00BA1A13) slli s4, s4, 0xb
x20 <- 0x0000010000010000

mem[X,0x0000000080000374] -> 0x0A13
mem[X,0x0000000080000376] -> 0x5FFA
[226] [M]: 0x0000000080000374 (0x5FFA0A13) addi s4, s4, 0x5ff
x20 <- 0x00000100000105FF

mem[X,0x0000000080000378] -> 0x1A13
mem[X,0x000000008000037A] -> 0x00BA
[227] [M]: 0x0000000080000378 (0x00BA1A13) slli s4, s4, 0xb
x20 <- 0x00080000082FF800

mem[X,0x000000008000037C] -> 0x0A13
mem[X,0x000000008000037E] -> 0x7FBA
[228] [M]: 0x000000008000037C (0x7FBA0A13) addi s4, s4, 0x7fb
x20 <- 0x00080000082FFFFB

mem[X,0x0000000080000380] -> 0x1A13
mem[X,0x0000000080000382] -> 0x00AA
[229] [M]: 0x0000000080000380 (0x00AA1A13) slli s4, s4, 0xa
x20 <- 0x20000020BFFFEC00

mem[X,0x0000000080000384] -> 0x0A13
mem[X,0x0000000080000386] -> 0x3FFA
[230] [M]: 0x0000000080000384 (0x3FFA0A13) addi s4, s4, 0x3ff
x20 <- 0x20000020BFFFEFFF

mem[X,0x0000000080000388] -> 0x753B
mem[X,0x000000008000038A] -> 0xB948
[231] [M]: 0x0000000080000388 (0xB948753B) pmhacc.h.bo a0, a6, s4
x10 <- 0xFFFF0000FFFF0000

mem[X,0x000000008000038C] -> 0x3823
mem[X,0x000000008000038E] -> 0x02A3
[232] [M]: 0x000000008000038C (0x02A33823) sd a0, 0x30(t1)
mem[0x0000000080004148] <- 0xFFFF0000FFFF0000

mem[X,0x0000000080000390] -> 0x01B7
mem[X,0x0000000080000392] -> 0x0003
[233] [M]: 0x0000000080000390 (0x000301B7) lui gp, 0x30
x3 <- 0x0000000000030000

mem[X,0x0000000080000394] -> 0x8193
mem[X,0x0000000080000396] -> 0xFFB1
[234] [M]: 0x0000000080000394 (0xFFB18193) addi gp, gp, -0x5
x3 <- 0x000000000002FFFB

mem[X,0x0000000080000398] -> 0x9193
mem[X,0x000000008000039A] -> 0x00B1
[235] [M]: 0x0000000080000398 (0x00B19193) slli gp, gp, 0xb
x3 <- 0x0000000017FFD800

mem[X,0x000000008000039C] -> 0x8193
mem[X,0x000000008000039E] -> 0x7F71
[236] [M]: 0x000000008000039C (0x7F718193) addi gp, gp, 0x7f7
x3 <- 0x0000000017FFDFF7

mem[X,0x00000000800003A0] -> 0x9193
mem[X,0x00000000800003A2] -> 0x00B1
[237] [M]: 0x00000000800003A0 (0x00B19193) slli gp, gp, 0xb
x3 <- 0x000000BFFEFFB800

mem[X,0x00000000800003A4] -> 0x8193
mem[X,0x00000000800003A6] -> 0x7C01
[238] [M]: 0x00000000800003A4 (0x7C018193) addi gp, gp, 0x7c0
x3 <- 0x000000BFFEFFBFC0

mem[X,0x00000000800003A8] -> 0x9193
mem[X,0x00000000800003AA] -> 0x00A1
[239] [M]: 0x00000000800003A8 (0x00A19193) slli gp, gp, 0xa
x3 <- 0x0002FFFBFEFF0000

mem[X,0x00000000800003AC] -> 0x8193
mem[X,0x00000000800003AE] -> 0x0081
[240] [M]: 0x00000000800003AC (0x00818193) addi gp, gp, 0x8
x3 <- 0x0002FFFBFEFF0008

mem[X,0x00000000800003B0] -> 0x0937
mem[X,0x00000000800003B2] -> 0xFFFA
[241] [M]: 0x00000000800003B0 (0xFFFA0937) lui s2, -0x60
x18 <- 0xFFFFFFFFFFFA0000

mem[X,0x00000000800003B4] -> 0x0913
mem[X,0x00000000800003B6] -> 0xFBF9
[242] [M]: 0x00000000800003B4 (0xFBF90913) addi s2, s2, -0x41
x18 <- 0xFFFFFFFFFFF9FFBF

mem[X,0x00000000800003B8] -> 0x1913
mem[X,0x00000000800003BA] -> 0x00B9
[243] [M]: 0x00000000800003B8 (0x00B91913) slli s2, s2, 0xb
x18 <- 0xFFFFFFFFCFFDF800

mem[X,0x00000000800003BC] -> 0x0913
mem[X,0x00000000800003BE] -> 0x2AA9
[244] [M]: 0x00000000800003BC (0x2AA90913) addi s2, s2, 0x2aa
x18 <- 0xFFFFFFFFCFFDFAAA

mem[X,0x00000000800003C0] -> 0x1913
mem[X,0x00000000800003C2] -> 0x00B9
[245] [M]: 0x00000000800003C0 (0x00B91913) slli s2, s2, 0xb
x18 <- 0xFFFFFE7FEFD55000

mem[X,0x00000000800003C4] -> 0x0913
mem[X,0x00000000800003C6] -> 0x57F9
[246] [M]: 0x00000000800003C4 (0x57F90913) addi s2, s2, 0x57f
x18 <- 0xFFFFFE7FEFD5557F

mem[X,0x00000000800003C8] -> 0x1913
mem[X,0x00000000800003CA] -> 0x00A9
[247] [M]: 0x00000000800003C8 (0x00A91913) slli s2, s2, 0xa
x18 <- 0xFFF9FFBF5555FC00

mem[X,0x00000000800003CC] -> 0x0913
mem[X,0x00000000800003CE] -> 0x3FF9
[248] [M]: 0x00000000800003CC (0x3FF90913) addi s2, s2, 0x3ff
x18 <- 0xFFF9FFBF5555FFFF

mem[X,0x00000000800003D0] -> 0xF83B
mem[X,0x00000000800003D2] -> 0xB921
[249] [M]: 0x00000000800003D0 (0xB921F83B) pmhacc.h.bo a6, gp, s2
x16 <- 0xFFF9FDFF00000003

mem[X,0x00000000800003D4] -> 0x3C23
mem[X,0x00000000800003D6] -> 0x0303
[250] [M]: 0x00000000800003D4 (0x03033C23) sd a6, 0x38(t1)
mem[0x0000000080004150] <- 0xFFF9FDFF00000003

mem[X,0x00000000800003D8] -> 0x0D37
mem[X,0x00000000800003DA] -> 0x0001
[251] [M]: 0x00000000800003D8 (0x00010D37) lui s10, 0x10
x26 <- 0x0000000000010000

mem[X,0x00000000800003DC] -> 0x0D13
mem[X,0x00000000800003DE] -> 0xFBFD
[252] [M]: 0x00000000800003DC (0xFBFD0D13) addi s10, s10, -0x41
x26 <- 0x000000000000FFBF

mem[X,0x00000000800003E0] -> 0x1D13
mem[X,0x00000000800003E2] -> 0x00BD
[253] [M]: 0x00000000800003E0 (0x00BD1D13) slli s10, s10, 0xb
x26 <- 0x0000000007FDF800

mem[X,0x00000000800003E4] -> 0x0D13
mem[X,0x00000000800003E6] -> 0x001D
[254] [M]: 0x00000000800003E4 (0x001D0D13) addi s10, s10, 0x1
x26 <- 0x0000000007FDF801

mem[X,0x00000000800003E8] -> 0x1D13
mem[X,0x00000000800003EA] -> 0x00BD
[255] [M]: 0x00000000800003E8 (0x00BD1D13) slli s10, s10, 0xb
x26 <- 0x0000003FEFC00800

mem[X,0x00000000800003EC] -> 0x0D13
mem[X,0x00000000800003EE] -> 0x000D
[256] [M]: 0x00000000800003EC (0x000D0D13) addi s10, s10, 0x0
x26 <- 0x0000003FEFC00800

mem[X,0x00000000800003F0] -> 0x1D13
mem[X,0x00000000800003F2] -> 0x00AD
[257] [M]: 0x00000000800003F0 (0x00AD1D13) slli s10, s10, 0xa
x26 <- 0x0000FFBF00200000

mem[X,0x00000000800003F4] -> 0x0D13
mem[X,0x00000000800003F6] -> 0x010D
[258] [M]: 0x00000000800003F4 (0x010D0D13) addi s10, s10, 0x10
x26 <- 0x0000FFBF00200010

mem[X,0x00000000800003F8] -> 0xF3B7
mem[X,0x00000000800003FA] -> 0xFFF9
[259] [M]: 0x00000000800003F8 (0xFFF9F3B7) lui t2, -0x61
x7 <- 0xFFFFFFFFFFF9F000

mem[X,0x00000000800003FC] -> 0x8393
mem[X,0x00000000800003FE] -> 0xFFF3
[260] [M]: 0x00000000800003FC (0xFFF38393) addi t2, t2, -0x1
x7 <- 0xFFFFFFFFFFF9EFFF

mem[X,0x0000000080000400] -> 0x9393
mem[X,0x0000000080000402] -> 0x00B3
[261] [M]: 0x0000000080000400 (0x00B39393) slli t2, t2, 0xb
x7 <- 0xFFFFFFFFCF7FF800

mem[X,0x0000000080000404] -> 0x8393
mem[X,0x0000000080000406] -> 0x0013
[262] [M]: 0x0000000080000404 (0x00138393) addi t2, t2, 0x1
x7 <- 0xFFFFFFFFCF7FF801

mem[X,0x0000000080000408] -> 0x9393
mem[X,0x000000008000040A] -> 0x00B3
[263] [M]: 0x0000000080000408 (0x00B39393) slli t2, t2, 0xb
x7 <- 0xFFFFFE7BFFC00800

mem[X,0x000000008000040C] -> 0x8393
mem[X,0x000000008000040E] -> 0x0003
[264] [M]: 0x000000008000040C (0x00038393) addi t2, t2, 0x0
x7 <- 0xFFFFFE7BFFC00800

mem[X,0x0000000080000410] -> 0x9393
mem[X,0x0000000080000412] -> 0x00A3
[265] [M]: 0x0000000080000410 (0x00A39393) slli t2, t2, 0xa
x7 <- 0xFFF9EFFF00200000

mem[X,0x0000000080000414] -> 0x8393
mem[X,0x0000000080000416] -> 0x1003
[266] [M]: 0x0000000080000414 (0x10038393) addi t2, t2, 0x100
x7 <- 0xFFF9EFFF00200100

mem[X,0x0000000080000418] -> 0x7DBB
mem[X,0x000000008000041A] -> 0xB87D
[267] [M]: 0x0000000080000418 (0xB87D7DBB) pmhacc.h.bo s11, s10, t2
x27 <- 0x0000000000000000

mem[X,0x000000008000041C] -> 0x3023
mem[X,0x000000008000041E] -> 0x05B3
[268] [M]: 0x000000008000041C (0x05B33023) sd s11, 0x40(t1)
mem[0x0000000080004158] <- 0x0000000000000000

mem[X,0x0000000080000420] -> 0x0FB7
mem[X,0x0000000080000422] -> 0x1001
[269] [M]: 0x0000000080000420 (0x10010FB7) lui t6, 0x10010
x31 <- 0x0000000010010000

mem[X,0x0000000080000424] -> 0x8F93
mem[X,0x0000000080000426] -> 0xEFFF
[270] [M]: 0x0000000080000424 (0xEFFF8F93) addi t6, t6, -0x101
x31 <- 0x000000001000FEFF

mem[X,0x0000000080000428] -> 0x9F93
mem[X,0x000000008000042A] -> 0x00BF
[271] [M]: 0x0000000080000428 (0x00BF9F93) slli t6, t6, 0xb
x31 <- 0x0000008007F7F800

mem[X,0x000000008000042C] -> 0x8F93
mem[X,0x000000008000042E] -> 0x020F
[272] [M]: 0x000000008000042C (0x020F8F93) addi t6, t6, 0x20
x31 <- 0x0000008007F7F820

mem[X,0x0000000080000430] -> 0x9F93
mem[X,0x0000000080000432] -> 0x00BF
[273] [M]: 0x0000000080000430 (0x00BF9F93) slli t6, t6, 0xb
x31 <- 0x0004003FBFC10000

mem[X,0x0000000080000434] -> 0x8F93
mem[X,0x0000000080000436] -> 0x000F
[274] [M]: 0x0000000080000434 (0x000F8F93) addi t6, t6, 0x0
x31 <- 0x0004003FBFC10000

mem[X,0x0000000080000438] -> 0x9F93
mem[X,0x000000008000043A] -> 0x00AF
[275] [M]: 0x0000000080000438 (0x00AF9F93) slli t6, t6, 0xa
x31 <- 0x1000FEFF04000000

mem[X,0x000000008000043C] -> 0x8F93
mem[X,0x000000008000043E] -> 0x020F
[276] [M]: 0x000000008000043C (0x020F8F93) addi t6, t6, 0x20
x31 <- 0x1000FEFF04000020

mem[X,0x0000000080000440] -> 0x05B7
mem[X,0x0000000080000442] -> 0x8001
[277] [M]: 0x0000000080000440 (0x800105B7) lui a1, -0x7fff0
x11 <- 0xFFFFFFFF80010000

mem[X,0x0000000080000444] -> 0x8593
mem[X,0x0000000080000446] -> 0xBFF5
[278] [M]: 0x0000000080000444 (0xBFF58593) addi a1, a1, -0x401
x11 <- 0xFFFFFFFF8000FBFF

mem[X,0x0000000080000448] -> 0x9593
mem[X,0x000000008000044A] -> 0x00B5
[279] [M]: 0x0000000080000448 (0x00B59593) slli a1, a1, 0xb
x11 <- 0xFFFFFC0007DFF800

mem[X,0x000000008000044C] -> 0x8593
mem[X,0x000000008000044E] -> 0x0005
[280] [M]: 0x000000008000044C (0x00058593) addi a1, a1, 0x0
x11 <- 0xFFFFFC0007DFF800

mem[X,0x0000000080000450] -> 0x9593
mem[X,0x0000000080000452] -> 0x00B5
[281] [M]: 0x0000000080000450 (0x00B59593) slli a1, a1, 0xb
x11 <- 0xFFE0003EFFC00000

mem[X,0x0000000080000454] -> 0x8593
mem[X,0x0000000080000456] -> 0x0E05
[282] [M]: 0x0000000080000454 (0x0E058593) addi a1, a1, 0xe0
x11 <- 0xFFE0003EFFC000E0

mem[X,0x0000000080000458] -> 0x9593
mem[X,0x000000008000045A] -> 0x00A5
[283] [M]: 0x0000000080000458 (0x00A59593) slli a1, a1, 0xa
x11 <- 0x8000FBFF00038000

mem[X,0x000000008000045C] -> 0xFC3B
mem[X,0x000000008000045E] -> 0xB8BF
[284] [M]: 0x000000008000045C (0xB8BFFC3B) pmhacc.h.bo s8, t6, a1
x24 <- 0xFFF800000000007C

mem[X,0x0000000080000460] -> 0x3423
mem[X,0x0000000080000462] -> 0x0583
[285] [M]: 0x0000000080000460 (0x05833423) sd s8, 0x48(t1)
mem[0x0000000080004160] <- 0xFFF800000000007C

mem[X,0x0000000080000464] -> 0x44B7
mem[X,0x0000000080000466] -> 0xFFDF
[286] [M]: 0x0000000080000464 (0xFFDF44B7) lui s1, -0x20c
x9 <- 0xFFFFFFFFFFDF4000

mem[X,0x0000000080000468] -> 0x8493
mem[X,0x000000008000046A] -> 0xFFF4
[287] [M]: 0x0000000080000468 (0xFFF48493) addi s1, s1, -0x1
x9 <- 0xFFFFFFFFFFDF3FFF

mem[X,0x000000008000046C] -> 0x9493
mem[X,0x000000008000046E] -> 0x00B4
[288] [M]: 0x000000008000046C (0x00B49493) slli s1, s1, 0xb
x9 <- 0xFFFFFFFEF9FFF800

mem[X,0x0000000080000470] -> 0x8493
mem[X,0x0000000080000472] -> 0x0004
[289] [M]: 0x0000000080000470 (0x00048493) addi s1, s1, 0x0
x9 <- 0xFFFFFFFEF9FFF800

mem[X,0x0000000080000474] -> 0x9493
mem[X,0x0000000080000476] -> 0x00B4
[290] [M]: 0x0000000080000474 (0x00B49493) slli s1, s1, 0xb
x9 <- 0xFFFFF7CFFFC00000

mem[X,0x0000000080000478] -> 0x8493
mem[X,0x000000008000047A] -> 0x2404
[291] [M]: 0x0000000080000478 (0x24048493) addi s1, s1, 0x240
x9 <- 0xFFFFF7CFFFC00240

mem[X,0x000000008000047C] -> 0x9493
mem[X,0x000000008000047E] -> 0x00A4
[292] [M]: 0x000000008000047C (0x00A49493) slli s1, s1, 0xa
x9 <- 0xFFDF3FFF00090000

mem[X,0x0000000080000480] -> 0x8493
mem[X,0x0000000080000482] -> 0x0404
[293] [M]: 0x0000000080000480 (0x04048493) addi s1, s1, 0x40
x9 <- 0xFFDF3FFF00090040

mem[X,0x0000000080000484] -> 0x0BB7
mem[X,0x0000000080000486] -> 0xFFFE
[294] [M]: 0x0000000080000484 (0xFFFE0BB7) lui s7, -0x20
x23 <- 0xFFFFFFFFFFFE0000

mem[X,0x0000000080000488] -> 0x8B93
mem[X,0x000000008000048A] -> 0x008B
[295] [M]: 0x0000000080000488 (0x008B8B93) addi s7, s7, 0x8
x23 <- 0xFFFFFFFFFFFE0008

mem[X,0x000000008000048C] -> 0x9B93
mem[X,0x000000008000048E] -> 0x00BB
[296] [M]: 0x000000008000048C (0x00BB9B93) slli s7, s7, 0xb
x23 <- 0xFFFFFFFFF0004000

mem[X,0x0000000080000490] -> 0x8B93
mem[X,0x0000000080000492] -> 0x7FFB
[297] [M]: 0x0000000080000490 (0x7FFB8B93) addi s7, s7, 0x7ff
x23 <- 0xFFFFFFFFF00047FF

mem[X,0x0000000080000494] -> 0x9B93
mem[X,0x0000000080000496] -> 0x00BB
[298] [M]: 0x0000000080000494 (0x00BB9B93) slli s7, s7, 0xb
x23 <- 0xFFFFFF80023FF800

mem[X,0x0000000080000498] -> 0x8B93
mem[X,0x000000008000049A] -> 0x740B
[299] [M]: 0x0000000080000498 (0x740B8B93) addi s7, s7, 0x740
x23 <- 0xFFFFFF80023FFF40

clint::tick mtime <- 0x0000000000000003
 clint timer pending at mtime 0x0000000000000003
htif::tick 0x0000000000000000
mem[X,0x000000008000049C] -> 0x9B93
mem[X,0x000000008000049E] -> 0x00AB
[300] [M]: 0x000000008000049C (0x00AB9B93) slli s7, s7, 0xa
x23 <- 0xFFFE0008FFFD0000

mem[X,0x00000000800004A0] -> 0x8B93
mem[X,0x00000000800004A2] -> 0x080B
[301] [M]: 0x00000000800004A0 (0x080B8B93) addi s7, s7, 0x80
x23 <- 0xFFFE0008FFFD0080

mem[X,0x00000000800004A4] -> 0xF8BB
mem[X,0x00000000800004A6] -> 0xB974
[302] [M]: 0x00000000800004A4 (0xB974F8BB) pmhacc.h.bo a7, s1, s7
x17 <- 0x00FAB7FBB6F9B7FF

mem[X,0x00000000800004A8] -> 0x3823
mem[X,0x00000000800004AA] -> 0x0513
[303] [M]: 0x00000000800004A8 (0x05133823) sd a7, 0x50(t1)
mem[0x0000000080004168] <- 0x00FAB7FBB6F9B7FF

mem[X,0x00000000800004AC] -> 0x0137
mem[X,0x00000000800004AE] -> 0xFFF8
[304] [M]: 0x00000000800004AC (0xFFF80137) lui sp, -0x80
x2 <- 0xFFFFFFFFFFF80000

mem[X,0x00000000800004B0] -> 0x0113
mem[X,0x00000000800004B2] -> 0x2001
[305] [M]: 0x00000000800004B0 (0x20010113) addi sp, sp, 0x200
x2 <- 0xFFFFFFFFFFF80200

mem[X,0x00000000800004B4] -> 0x1113
mem[X,0x00000000800004B6] -> 0x00B1
[306] [M]: 0x00000000800004B4 (0x00B11113) slli sp, sp, 0xb
x2 <- 0xFFFFFFFFC0100000

mem[X,0x00000000800004B8] -> 0x0113
mem[X,0x00000000800004BA] -> 0x7FF1
[307] [M]: 0x00000000800004B8 (0x7FF10113) addi sp, sp, 0x7ff
x2 <- 0xFFFFFFFFC01007FF

mem[X,0x00000000800004BC] -> 0x1113
mem[X,0x00000000800004BE] -> 0x00B1
[308] [M]: 0x00000000800004BC (0x00B11113) slli sp, sp, 0xb
x2 <- 0xFFFFFE00803FF800

mem[X,0x00000000800004C0] -> 0x0113
mem[X,0x00000000800004C2] -> 0x7401
[309] [M]: 0x00000000800004C0 (0x74010113) addi sp, sp, 0x740
x2 <- 0xFFFFFE00803FFF40

mem[X,0x00000000800004C4] -> 0x1113
mem[X,0x00000000800004C6] -> 0x00A1
[310] [M]: 0x00000000800004C4 (0x00A11113) slli sp, sp, 0xa
x2 <- 0xFFF80200FFFD0000

mem[X,0x00000000800004C8] -> 0x0113
mem[X,0x00000000800004CA] -> 0x0801
[311] [M]: 0x00000000800004C8 (0x08010113) addi sp, sp, 0x80
x2 <- 0xFFF80200FFFD0080

mem[X,0x00000000800004CC] -> 0x0637
mem[X,0x00000000800004CE] -> 0x1001
[312] [M]: 0x00000000800004CC (0x10010637) lui a2, 0x10010
x12 <- 0x0000000010010000

mem[X,0x00000000800004D0] -> 0x0613
mem[X,0x00000000800004D2] -> 0xFFA6
[313] [M]: 0x00000000800004D0 (0xFFA60613) addi a2, a2, -0x6
x12 <- 0x000000001000FFFA

mem[X,0x00000000800004D4] -> 0x1613
mem[X,0x00000000800004D6] -> 0x00B6
[314] [M]: 0x00000000800004D4 (0x00B61613) slli a2, a2, 0xb
x12 <- 0x0000008007FFD000

mem[X,0x00000000800004D8] -> 0x0613
mem[X,0x00000000800004DA] -> 0x4006
[315] [M]: 0x00000000800004D8 (0x40060613) addi a2, a2, 0x400
x12 <- 0x0000008007FFD400

mem[X,0x00000000800004DC] -> 0x1613
mem[X,0x00000000800004DE] -> 0x00B6
[316] [M]: 0x00000000800004DC (0x00B61613) slli a2, a2, 0xb
x12 <- 0x0004003FFEA00000

mem[X,0x00000000800004E0] -> 0x0613
mem[X,0x00000000800004E2] -> 0x0006
[317] [M]: 0x00000000800004E0 (0x00060613) addi a2, a2, 0x0
x12 <- 0x0004003FFEA00000

mem[X,0x00000000800004E4] -> 0x1613
mem[X,0x00000000800004E6] -> 0x00A6
[318] [M]: 0x00000000800004E4 (0x00A61613) slli a2, a2, 0xa
x12 <- 0x1000FFFA80000000

mem[X,0x00000000800004E8] -> 0x0613
mem[X,0x00000000800004EA] -> 0x0016
[319] [M]: 0x00000000800004E8 (0x00160613) addi a2, a2, 0x1
x12 <- 0x1000FFFA80000001

mem[X,0x00000000800004EC] -> 0x7FBB
mem[X,0x00000000800004EE] -> 0xB8C1
[320] [M]: 0x00000000800004EC (0xB8C17FBB) pmhacc.h.bo t6, sp, a2
x31 <- 0x0FFFFEFE04000020

mem[X,0x00000000800004F0] -> 0x3C23
mem[X,0x00000000800004F2] -> 0x05F3
[321] [M]: 0x00000000800004F0 (0x05F33C23) sd t6, 0x58(t1)
mem[0x0000000080004170] <- 0x0FFFFEFE04000020

mem[X,0x00000000800004F4] -> 0x0237
mem[X,0x00000000800004F6] -> 0x0009
[322] [M]: 0x00000000800004F4 (0x00090237) lui tp, 0x90
x4 <- 0x0000000000090000

mem[X,0x00000000800004F8] -> 0x0213
mem[X,0x00000000800004FA] -> 0xFFB2
[323] [M]: 0x00000000800004F8 (0xFFB20213) addi tp, tp, -0x5
x4 <- 0x000000000008FFFB

mem[X,0x00000000800004FC] -> 0x1213
mem[X,0x00000000800004FE] -> 0x00B2
[324] [M]: 0x00000000800004FC (0x00B21213) slli tp, tp, 0xb
x4 <- 0x0000000047FFD800

mem[X,0x0000000080000500] -> 0x0213
mem[X,0x0000000080000502] -> 0x0012
[325] [M]: 0x0000000080000500 (0x00120213) addi tp, tp, 0x1
x4 <- 0x0000000047FFD801

mem[X,0x0000000080000504] -> 0x1213
mem[X,0x0000000080000506] -> 0x00B2
[326] [M]: 0x0000000080000504 (0x00B21213) slli tp, tp, 0xb
x4 <- 0x0000023FFEC00800

mem[X,0x0000000080000508] -> 0x0213
mem[X,0x000000008000050A] -> 0x0002
[327] [M]: 0x0000000080000508 (0x00020213) addi tp, tp, 0x0
x4 <- 0x0000023FFEC00800

mem[X,0x000000008000050C] -> 0x1213
mem[X,0x000000008000050E] -> 0x00A2
[328] [M]: 0x000000008000050C (0x00A21213) slli tp, tp, 0xa
x4 <- 0x0008FFFB00200000

mem[X,0x0000000080000510] -> 0x0213
mem[X,0x0000000080000512] -> 0x1002
[329] [M]: 0x0000000080000510 (0x10020213) addi tp, tp, 0x100
x4 <- 0x0008FFFB00200100

mem[X,0x0000000080000514] -> 0xE537
mem[X,0x0000000080000516] -> 0xFFFC
[330] [M]: 0x0000000080000514 (0xFFFCE537) lui a0, -0x32
x10 <- 0xFFFFFFFFFFFCE000

mem[X,0x0000000080000518] -> 0x0513
mem[X,0x000000008000051A] -> 0xFFF5
[331] [M]: 0x0000000080000518 (0xFFF50513) addi a0, a0, -0x1
x10 <- 0xFFFFFFFFFFFCDFFF

mem[X,0x000000008000051C] -> 0x1513
mem[X,0x000000008000051E] -> 0x00B5
[332] [M]: 0x000000008000051C (0x00B51513) slli a0, a0, 0xb
x10 <- 0xFFFFFFFFE6FFF800

mem[X,0x0000000080000520] -> 0x0513
mem[X,0x0000000080000522] -> 0x1FF5
[333] [M]: 0x0000000080000520 (0x1FF50513) addi a0, a0, 0x1ff
x10 <- 0xFFFFFFFFE6FFF9FF

mem[X,0x0000000080000524] -> 0x1513
mem[X,0x0000000080000526] -> 0x00B5
[334] [M]: 0x0000000080000524 (0x00B51513) slli a0, a0, 0xb
x10 <- 0xFFFFFF37FFCFF800

mem[X,0x0000000080000528] -> 0x0513
mem[X,0x000000008000052A] -> 0x7C05
[335] [M]: 0x0000000080000528 (0x7C050513) addi a0, a0, 0x7c0
x10 <- 0xFFFFFF37FFCFFFC0

mem[X,0x000000008000052C] -> 0x1513
mem[X,0x000000008000052E] -> 0x00A5
[336] [M]: 0x000000008000052C (0x00A51513) slli a0, a0, 0xa
x10 <- 0xFFFCDFFF3FFF0000

mem[X,0x0000000080000530] -> 0x0513
mem[X,0x0000000080000532] -> 0x0025
[337] [M]: 0x0000000080000530 (0x00250513) addi a0, a0, 0x2
x10 <- 0xFFFCDFFF3FFF0002

mem[X,0x0000000080000534] -> 0x7E3B
mem[X,0x0000000080000536] -> 0xB8A2
[338] [M]: 0x0000000080000534 (0xB8A27E3B) pmhacc.h.bo t3, tp, a0
x28 <- 0xFFFF000000000000

mem[X,0x0000000080000538] -> 0x3023
mem[X,0x000000008000053A] -> 0x07C3
[339] [M]: 0x0000000080000538 (0x07C33023) sd t3, 0x60(t1)
mem[0x0000000080004178] <- 0xFFFF000000000000

mem[X,0x000000008000053C] -> 0x0C37
mem[X,0x000000008000053E] -> 0x0081
[340] [M]: 0x000000008000053C (0x00810C37) lui s8, 0x810
x24 <- 0x0000000000810000

mem[X,0x0000000080000540] -> 0x0C13
mem[X,0x0000000080000542] -> 0xFF7C
[341] [M]: 0x0000000080000540 (0xFF7C0C13) addi s8, s8, -0x9
x24 <- 0x000000000080FFF7

mem[X,0x0000000080000544] -> 0x1C13
mem[X,0x0000000080000546] -> 0x00BC
[342] [M]: 0x0000000080000544 (0x00BC1C13) slli s8, s8, 0xb
x24 <- 0x0000000407FFB800

mem[X,0x0000000080000548] -> 0x0C13
mem[X,0x000000008000054A] -> 0x010C
[343] [M]: 0x0000000080000548 (0x010C0C13) addi s8, s8, 0x10
x24 <- 0x0000000407FFB810

mem[X,0x000000008000054C] -> 0x1C13
mem[X,0x000000008000054E] -> 0x00BC
[344] [M]: 0x000000008000054C (0x00BC1C13) slli s8, s8, 0xb
x24 <- 0x0000203FFDC08000

mem[X,0x0000000080000550] -> 0x0C13
mem[X,0x0000000080000552] -> 0x000C
[345] [M]: 0x0000000080000550 (0x000C0C13) addi s8, s8, 0x0
x24 <- 0x0000203FFDC08000

mem[X,0x0000000080000554] -> 0x1C13
mem[X,0x0000000080000556] -> 0x00AC
[346] [M]: 0x0000000080000554 (0x00AC1C13) slli s8, s8, 0xa
x24 <- 0x0080FFF702000000

mem[X,0x0000000080000558] -> 0x0C13
mem[X,0x000000008000055A] -> 0x200C
[347] [M]: 0x0000000080000558 (0x200C0C13) addi s8, s8, 0x200
x24 <- 0x0080FFF702000200

mem[X,0x000000008000055C] -> 0x0F37
mem[X,0x000000008000055E] -> 0xFEFF
[348] [M]: 0x000000008000055C (0xFEFF0F37) lui t5, -0x1010
x30 <- 0xFFFFFFFFFEFF0000

mem[X,0x0000000080000560] -> 0x0F13
mem[X,0x0000000080000562] -> 0x002F
[349] [M]: 0x0000000080000560 (0x002F0F13) addi t5, t5, 0x2
x30 <- 0xFFFFFFFFFEFF0002

mem[X,0x0000000080000564] -> 0x1F13
mem[X,0x0000000080000566] -> 0x00BF
[350] [M]: 0x0000000080000564 (0x00BF1F13) slli t5, t5, 0xb
x30 <- 0xFFFFFFF7F8001000

mem[X,0x0000000080000568] -> 0x0F13
mem[X,0x000000008000056A] -> 0x7FDF
[351] [M]: 0x0000000080000568 (0x7FDF0F13) addi t5, t5, 0x7fd
x30 <- 0xFFFFFFF7F80017FD

mem[X,0x000000008000056C] -> 0x1F13
mem[X,0x000000008000056E] -> 0x00BF
[352] [M]: 0x000000008000056C (0x00BF1F13) slli t5, t5, 0xb
x30 <- 0xFFFFBFC000BFE800

mem[X,0x0000000080000570] -> 0x0F13
mem[X,0x0000000080000572] -> 0x7C0F
[353] [M]: 0x0000000080000570 (0x7C0F0F13) addi t5, t5, 0x7c0
x30 <- 0xFFFFBFC000BFEFC0

mem[X,0x0000000080000574] -> 0x1F13
mem[X,0x0000000080000576] -> 0x00AF
[354] [M]: 0x0000000080000574 (0x00AF1F13) slli t5, t5, 0xa
x30 <- 0xFEFF0002FFBF0000

mem[X,0x0000000080000578] -> 0x0F13
mem[X,0x000000008000057A] -> 0x005F
[355] [M]: 0x0000000080000578 (0x005F0F13) addi t5, t5, 0x5
x30 <- 0xFEFF0002FFBF0005

mem[X,0x000000008000057C] -> 0x74BB
mem[X,0x000000008000057E] -> 0xB9EC
[356] [M]: 0x000000008000057C (0xB9EC74BB) pmhacc.h.bo s1, s8, t5
x9 <- 0xFFDE3FFF00080040

mem[X,0x0000000080000580] -> 0x3423
mem[X,0x0000000080000582] -> 0x0693
[357] [M]: 0x0000000080000580 (0x06933423) sd s1, 0x68(t1)
mem[0x0000000080004180] <- 0xFFDE3FFF00080040

mem[X,0x0000000080000584] -> 0x0013
mem[X,0x0000000080000586] -> 0x0000
[358] [M]: 0x0000000080000584 (0x00000013) addi zero, zero, 0x0

mem[X,0x0000000080000588] -> 0x0013
mem[X,0x000000008000058A] -> 0x0000
[359] [M]: 0x0000000080000588 (0x00000013) addi zero, zero, 0x0

mem[X,0x000000008000058C] -> 0x0013
mem[X,0x000000008000058E] -> 0x0000
[360] [M]: 0x000000008000058C (0x00000013) addi zero, zero, 0x0

mem[X,0x0000000080000590] -> 0x0013
mem[X,0x0000000080000592] -> 0x0000
[361] [M]: 0x0000000080000590 (0x00000013) addi zero, zero, 0x0

mem[X,0x0000000080000594] -> 0x0013
mem[X,0x0000000080000596] -> 0x0000
[362] [M]: 0x0000000080000594 (0x00000013) addi zero, zero, 0x0

mem[X,0x0000000080000598] -> 0x0013
mem[X,0x000000008000059A] -> 0x0000
[363] [M]: 0x0000000080000598 (0x00000013) addi zero, zero, 0x0

mem[X,0x000000008000059C] -> 0x0013
mem[X,0x000000008000059E] -> 0x0000
[364] [M]: 0x000000008000059C (0x00000013) addi zero, zero, 0x0

mem[X,0x00000000800005A0] -> 0x4797
mem[X,0x00000000800005A2] -> 0x0000
[365] [M]: 0x00000000800005A0 (0x00004797) auipc a5, 0x4
x15 <- 0x00000000800045A0

mem[X,0x00000000800005A4] -> 0x8793
mem[X,0x00000000800005A6] -> 0xBE87
[366] [M]: 0x00000000800005A4 (0xBE878793) addi a5, a5, -0x418
x15 <- 0x0000000080004188

mem[X,0x00000000800005A8] -> 0x0013
mem[X,0x00000000800005AA] -> 0x0000
[367] [M]: 0x00000000800005A8 (0x00000013) addi zero, zero, 0x0

mem[X,0x00000000800005AC] -> 0x0013
mem[X,0x00000000800005AE] -> 0x0000
[368] [M]: 0x00000000800005AC (0x00000013) addi zero, zero, 0x0

mem[X,0x00000000800005B0] -> 0x0013
mem[X,0x00000000800005B2] -> 0x0000
[369] [M]: 0x00000000800005B0 (0x00000013) addi zero, zero, 0x0

mem[X,0x00000000800005B4] -> 0x0013
mem[X,0x00000000800005B6] -> 0x0000
[370] [M]: 0x00000000800005B4 (0x00000013) addi zero, zero, 0x0

mem[X,0x00000000800005B8] -> 0x0013
mem[X,0x00000000800005BA] -> 0x0000
[371] [M]: 0x00000000800005B8 (0x00000013) addi zero, zero, 0x0

mem[X,0x00000000800005BC] -> 0x0013
mem[X,0x00000000800005BE] -> 0x0000
[372] [M]: 0x00000000800005BC (0x00000013) addi zero, zero, 0x0

mem[X,0x00000000800005C0] -> 0x0637
mem[X,0x00000000800005C2] -> 0x0008
[373] [M]: 0x00000000800005C0 (0x00080637) lui a2, 0x80
x12 <- 0x0000000000080000

mem[X,0x00000000800005C4] -> 0x0613
mem[X,0x00000000800005C6] -> 0xBFF6
[374] [M]: 0x00000000800005C4 (0xBFF60613) addi a2, a2, -0x401
x12 <- 0x000000000007FBFF

mem[X,0x00000000800005C8] -> 0x1613
mem[X,0x00000000800005CA] -> 0x00B6
[375] [M]: 0x00000000800005C8 (0x00B61613) slli a2, a2, 0xb
x12 <- 0x000000003FDFF800

mem[X,0x00000000800005CC] -> 0x0613
mem[X,0x00000000800005CE] -> 0x7FE6
[376] [M]: 0x00000000800005CC (0x7FE60613) addi a2, a2, 0x7fe
x12 <- 0x000000003FDFFFFE

mem[X,0x00000000800005D0] -> 0x1613
mem[X,0x00000000800005D2] -> 0x00B6
[377] [M]: 0x00000000800005D0 (0x00B61613) slli a2, a2, 0xb
x12 <- 0x000001FEFFFFF000

mem[X,0x00000000800005D4] -> 0x0613
mem[X,0x00000000800005D6] -> 0x7C16
[378] [M]: 0x00000000800005D4 (0x7C160613) addi a2, a2, 0x7c1
x12 <- 0x000001FEFFFFF7C1

mem[X,0x00000000800005D8] -> 0x1613
mem[X,0x00000000800005DA] -> 0x00A6
[379] [M]: 0x00000000800005D8 (0x00A61613) slli a2, a2, 0xa
x12 <- 0x0007FBFFFFDF0400

mem[X,0x00000000800005DC] -> 0x0C37
mem[X,0x00000000800005DE] -> 0xFE00
[380] [M]: 0x00000000800005DC (0xFE000C37) lui s8, -0x2000
x24 <- 0xFFFFFFFFFE000000

mem[X,0x00000000800005E0] -> 0x0C13
mem[X,0x00000000800005E2] -> 0xFF8C
[381] [M]: 0x00000000800005E0 (0xFF8C0C13) addi s8, s8, -0x8
x24 <- 0xFFFFFFFFFDFFFFF8

mem[X,0x00000000800005E4] -> 0x1C13
mem[X,0x00000000800005E6] -> 0x00BC
[382] [M]: 0x00000000800005E4 (0x00BC1C13) slli s8, s8, 0xb
x24 <- 0xFFFFFFEFFFFFC000

mem[X,0x00000000800005E8] -> 0x0C13
mem[X,0x00000000800005EA] -> 0x2AAC
[383] [M]: 0x00000000800005E8 (0x2AAC0C13) addi s8, s8, 0x2aa
x24 <- 0xFFFFFFEFFFFFC2AA

mem[X,0x00000000800005EC] -> 0x1C13
mem[X,0x00000000800005EE] -> 0x00BC
[384] [M]: 0x00000000800005EC (0x00BC1C13) slli s8, s8, 0xb
x24 <- 0xFFFF7FFFFE155000

mem[X,0x00000000800005F0] -> 0x0C13
mem[X,0x00000000800005F2] -> 0x57FC
[385] [M]: 0x00000000800005F0 (0x57FC0C13) addi s8, s8, 0x57f
x24 <- 0xFFFF7FFFFE15557F

mem[X,0x00000000800005F4] -> 0x1C13
mem[X,0x00000000800005F6] -> 0x00AC
[386] [M]: 0x00000000800005F4 (0x00AC1C13) slli s8, s8, 0xa
x24 <- 0xFDFFFFF85555FC00

mem[X,0x00000000800005F8] -> 0x0C13
mem[X,0x00000000800005FA] -> 0x3FDC
[387] [M]: 0x00000000800005F8 (0x3FDC0C13) addi s8, s8, 0x3fd
x24 <- 0xFDFFFFF85555FFFD

mem[X,0x00000000800005FC] -> 0x743B
mem[X,0x00000000800005FE] -> 0xB986
[388] [M]: 0x00000000800005FC (0xB986743B) pmhacc.h.bo fp, a2, s8
x8 <- 0xFFFF0000FFFF7F75

mem[X,0x0000000080000600] -> 0xB023
mem[X,0x0000000080000602] -> 0x0087
[389] [M]: 0x0000000080000600 (0x0087B023) sd fp, 0x0(a5)
mem[0x0000000080004188] <- 0xFFFF0000FFFF7F75

mem[X,0x0000000080000604] -> 0x05B7
mem[X,0x0000000080000606] -> 0xF800
[390] [M]: 0x0000000080000604 (0xF80005B7) lui a1, -0x8000
x11 <- 0xFFFFFFFFF8000000

mem[X,0x0000000080000608] -> 0x8593
mem[X,0x000000008000060A] -> 0xFFF5
[391] [M]: 0x0000000080000608 (0xFFF58593) addi a1, a1, -0x1
x11 <- 0xFFFFFFFFF7FFFFFF

mem[X,0x000000008000060C] -> 0x9593
mem[X,0x000000008000060E] -> 0x00B5
[392] [M]: 0x000000008000060C (0x00B59593) slli a1, a1, 0xb
x11 <- 0xFFFFFFBFFFFFF800

mem[X,0x0000000080000610] -> 0x8593
mem[X,0x0000000080000612] -> 0x7FF5
[393] [M]: 0x0000000080000610 (0x7FF58593) addi a1, a1, 0x7ff
x11 <- 0xFFFFFFBFFFFFFFFF

mem[X,0x0000000080000614] -> 0x9593
mem[X,0x0000000080000616] -> 0x00B5
[394] [M]: 0x0000000080000614 (0x00B59593) slli a1, a1, 0xb
x11 <- 0xFFFDFFFFFFFFF800

mem[X,0x0000000080000618] -> 0x8593
mem[X,0x000000008000061A] -> 0x7C25
[395] [M]: 0x0000000080000618 (0x7C258593) addi a1, a1, 0x7c2
x11 <- 0xFFFDFFFFFFFFFFC2

mem[X,0x000000008000061C] -> 0x9593
mem[X,0x000000008000061E] -> 0x00A5
[396] [M]: 0x000000008000061C (0x00A59593) slli a1, a1, 0xa
x11 <- 0xF7FFFFFFFFFF0800

mem[X,0x0000000080000620] -> 0x0E37
mem[X,0x0000000080000622] -> 0xFF7F
[397] [M]: 0x0000000080000620 (0xFF7F0E37) lui t3, -0x810
x28 <- 0xFFFFFFFFFF7F0000

mem[X,0x0000000080000624] -> 0x0E13
mem[X,0x0000000080000626] -> 0x100E
[398] [M]: 0x0000000080000624 (0x100E0E13) addi t3, t3, 0x100
x28 <- 0xFFFFFFFFFF7F0100

mem[X,0x0000000080000628] -> 0x1E13
mem[X,0x000000008000062A] -> 0x00BE
[399] [M]: 0x0000000080000628 (0x00BE1E13) slli t3, t3, 0xb
x28 <- 0xFFFFFFFBF8080000

clint::tick mtime <- 0x0000000000000004
 clint timer pending at mtime 0x0000000000000004
htif::tick 0x0000000000000000
mem[X,0x000000008000062C] -> 0x0E13
mem[X,0x000000008000062E] -> 0x7FBE
[400] [M]: 0x000000008000062C (0x7FBE0E13) addi t3, t3, 0x7fb
x28 <- 0xFFFFFFFBF80807FB

mem[X,0x0000000080000630] -> 0x1E13
mem[X,0x0000000080000632] -> 0x00BE
[401] [M]: 0x0000000080000630 (0x00BE1E13) slli t3, t3, 0xb
x28 <- 0xFFFFDFC0403FD800

mem[X,0x0000000080000634] -> 0x0E13
mem[X,0x0000000080000636] -> 0x7FFE
[402] [M]: 0x0000000080000634 (0x7FFE0E13) addi t3, t3, 0x7ff
x28 <- 0xFFFFDFC0403FDFFF

mem[X,0x0000000080000638] -> 0x1E13
mem[X,0x000000008000063A] -> 0x00AE
[403] [M]: 0x0000000080000638 (0x00AE1E13) slli t3, t3, 0xa
x28 <- 0xFF7F0100FF7FFC00

mem[X,0x000000008000063C] -> 0x0E13
mem[X,0x000000008000063E] -> 0x3BFE
[404] [M]: 0x000000008000063C (0x3BFE0E13) addi t3, t3, 0x3bf
x28 <- 0xFF7F0100FF7FFFBF

mem[X,0x0000000080000640] -> 0xF6BB
mem[X,0x0000000080000642] -> 0xB9C5
[405] [M]: 0x0000000080000640 (0xB9C5F6BB) pmhacc.h.bo a3, a1, t3
x13 <- 0x0000FFFF0000FFFF

mem[X,0x0000000080000644] -> 0xB423
mem[X,0x0000000080000646] -> 0x00D7
[406] [M]: 0x0000000080000644 (0x00D7B423) sd a3, 0x8(a5)
mem[0x0000000080004190] <- 0x0000FFFF0000FFFF

mem[X,0x0000000080000648] -> 0x5AB7
mem[X,0x000000008000064A] -> 0x0004
[407] [M]: 0x0000000080000648 (0x00045AB7) lui s5, 0x45
x21 <- 0x0000000000045000

mem[X,0x000000008000064C] -> 0x8A93
mem[X,0x000000008000064E] -> 0x555A
[408] [M]: 0x000000008000064C (0x555A8A93) addi s5, s5, 0x555
x21 <- 0x0000000000045555

mem[X,0x0000000080000650] -> 0x9A93
mem[X,0x0000000080000652] -> 0x00BA
[409] [M]: 0x0000000080000650 (0x00BA9A93) slli s5, s5, 0xb
x21 <- 0x0000000022AAA800

mem[X,0x0000000080000654] -> 0x8A93
mem[X,0x0000000080000656] -> 0x6FFA
[410] [M]: 0x0000000080000654 (0x6FFA8A93) addi s5, s5, 0x6ff
x21 <- 0x0000000022AAAEFF

mem[X,0x0000000080000658] -> 0x9A93
mem[X,0x000000008000065A] -> 0x00BA
[411] [M]: 0x0000000080000658 (0x00BA9A93) slli s5, s5, 0xb
x21 <- 0x000001155577F800

mem[X,0x000000008000065C] -> 0x8A93
mem[X,0x000000008000065E] -> 0x7C4A
[412] [M]: 0x000000008000065C (0x7C4A8A93) addi s5, s5, 0x7c4
x21 <- 0x000001155577FFC4

mem[X,0x0000000080000660] -> 0x9A93
mem[X,0x0000000080000662] -> 0x00AA
[413] [M]: 0x0000000080000660 (0x00AA9A93) slli s5, s5, 0xa
x21 <- 0x00045555DFFF1000

mem[X,0x0000000080000664] -> 0x0DB7
mem[X,0x0000000080000666] -> 0xFFFB
[414] [M]: 0x0000000080000664 (0xFFFB0DB7) lui s11, -0x50
x27 <- 0xFFFFFFFFFFFB0000

mem[X,0x0000000080000668] -> 0x8D93
mem[X,0x000000008000066A] -> 0xBFFD
[415] [M]: 0x0000000080000668 (0xBFFD8D93) addi s11, s11, -0x401
x27 <- 0xFFFFFFFFFFFAFBFF

mem[X,0x000000008000066C] -> 0x9D93
mem[X,0x000000008000066E] -> 0x00BD
[416] [M]: 0x000000008000066C (0x00BD9D93) slli s11, s11, 0xb
x27 <- 0xFFFFFFFFD7DFF800

mem[X,0x0000000080000670] -> 0x8D93
mem[X,0x0000000080000672] -> 0x2AAD
[417] [M]: 0x0000000080000670 (0x2AAD8D93) addi s11, s11, 0x2aa
x27 <- 0xFFFFFFFFD7DFFAAA

mem[X,0x0000000080000674] -> 0x9D93
mem[X,0x0000000080000676] -> 0x00BD
[418] [M]: 0x0000000080000674 (0x00BD9D93) slli s11, s11, 0xb
x27 <- 0xFFFFFEBEFFD55000

mem[X,0x0000000080000678] -> 0x8D93
mem[X,0x000000008000067A] -> 0x540D
[419] [M]: 0x0000000080000678 (0x540D8D93) addi s11, s11, 0x540
x27 <- 0xFFFFFEBEFFD55540

mem[X,0x000000008000067C] -> 0x9D93
mem[X,0x000000008000067E] -> 0x00AD
[420] [M]: 0x000000008000067C (0x00AD9D93) slli s11, s11, 0xa
x27 <- 0xFFFAFBFF55550000

mem[X,0x0000000080000680] -> 0x8D93
mem[X,0x0000000080000682] -> 0x010D
[421] [M]: 0x0000000080000680 (0x010D8D93) addi s11, s11, 0x10
x27 <- 0xFFFAFBFF55550010

mem[X,0x0000000080000684] -> 0xF63B
mem[X,0x0000000080000686] -> 0xB9BA
[422] [M]: 0x0000000080000684 (0xB9BAF63B) pmhacc.h.bo a2, s5, s11
x12 <- 0x0006FBFDFFD40400

mem[X,0x0000000080000688] -> 0xB823
mem[X,0x000000008000068A] -> 0x00C7
[423] [M]: 0x0000000080000688 (0x00C7B823) sd a2, 0x10(a5)
mem[0x0000000080004198] <- 0x0006FBFDFFD40400

mem[X,0x000000008000068C] -> 0x0F37
mem[X,0x000000008000068E] -> 0xEFFF
[424] [M]: 0x000000008000068C (0xEFFF0F37) lui t5, -0x10010
x30 <- 0xFFFFFFFFEFFF0000

mem[X,0x0000000080000690] -> 0x0F13
mem[X,0x0000000080000692] -> 0x008F
[425] [M]: 0x0000000080000690 (0x008F0F13) addi t5, t5, 0x8
x30 <- 0xFFFFFFFFEFFF0008

mem[X,0x0000000080000694] -> 0x1F13
mem[X,0x0000000080000696] -> 0x00BF
[426] [M]: 0x0000000080000694 (0x00BF1F13) slli t5, t5, 0xb
x30 <- 0xFFFFFF7FF8004000

mem[X,0x0000000080000698] -> 0x0F13
mem[X,0x000000008000069A] -> 0x6FFF
[427] [M]: 0x0000000080000698 (0x6FFF0F13) addi t5, t5, 0x6ff
x30 <- 0xFFFFFF7FF80046FF

mem[X,0x000000008000069C] -> 0x1F13
mem[X,0x000000008000069E] -> 0x00BF
[428] [M]: 0x000000008000069C (0x00BF1F13) slli t5, t5, 0xb
x30 <- 0xFFFBFFC00237F800

mem[X,0x00000000800006A0] -> 0x0F13
mem[X,0x00000000800006A2] -> 0x7C8F
[429] [M]: 0x00000000800006A0 (0x7C8F0F13) addi t5, t5, 0x7c8
x30 <- 0xFFFBFFC00237FFC8

mem[X,0x00000000800006A4] -> 0x1F13
mem[X,0x00000000800006A6] -> 0x00AF
[430] [M]: 0x00000000800006A4 (0x00AF1F13) slli t5, t5, 0xa
x30 <- 0xEFFF0008DFFF2000

mem[X,0x00000000800006A8] -> 0x0237
mem[X,0x00000000800006AA] -> 0x1001
[431] [M]: 0x00000000800006A8 (0x10010237) lui tp, 0x10010
x4 <- 0x0000000010010000

mem[X,0x00000000800006AC] -> 0x0213
mem[X,0x00000000800006AE] -> 0xFBF2
[432] [M]: 0x00000000800006AC (0xFBF20213) addi tp, tp, -0x41
x4 <- 0x000000001000FFBF

mem[X,0x00000000800006B0] -> 0x1213
mem[X,0x00000000800006B2] -> 0x00B2
[433] [M]: 0x00000000800006B0 (0x00B21213) slli tp, tp, 0xb
x4 <- 0x0000008007FDF800

mem[X,0x00000000800006B4] -> 0x0213
mem[X,0x00000000800006B6] -> 0x0002
[434] [M]: 0x00000000800006B4 (0x00020213) addi tp, tp, 0x0
x4 <- 0x0000008007FDF800

mem[X,0x00000000800006B8] -> 0x1213
mem[X,0x00000000800006BA] -> 0x00B2
[435] [M]: 0x00000000800006B8 (0x00B21213) slli tp, tp, 0xb
x4 <- 0x0004003FEFC00000

mem[X,0x00000000800006BC] -> 0x0213
mem[X,0x00000000800006BE] -> 0x1802
[436] [M]: 0x00000000800006BC (0x18020213) addi tp, tp, 0x180
x4 <- 0x0004003FEFC00180

mem[X,0x00000000800006C0] -> 0x1213
mem[X,0x00000000800006C2] -> 0x00A2
[437] [M]: 0x00000000800006C0 (0x00A21213) slli tp, tp, 0xa
x4 <- 0x1000FFBF00060000

mem[X,0x00000000800006C4] -> 0x0213
mem[X,0x00000000800006C6] -> 0x0042
[438] [M]: 0x00000000800006C4 (0x00420213) addi tp, tp, 0x4
x4 <- 0x1000FFBF00060004

mem[X,0x00000000800006C8] -> 0x713B
mem[X,0x00000000800006CA] -> 0xB84F
[439] [M]: 0x00000000800006C8 (0xB84F713B) pmhacc.h.bo sp, t5, tp
x2 <- 0xFFF601FFFFFD0080

mem[X,0x00000000800006CC] -> 0xBC23
mem[X,0x00000000800006CE] -> 0x0027
[440] [M]: 0x00000000800006CC (0x0027BC23) sd sp, 0x18(a5)
mem[0x00000000800041A0] <- 0xFFF601FFFFFD0080

mem[X,0x00000000800006D0] -> 0xFBB7
mem[X,0x00000000800006D2] -> 0xFFFD
[441] [M]: 0x00000000800006D0 (0xFFFDFBB7) lui s7, -0x21
x23 <- 0xFFFFFFFFFFFDF000

mem[X,0x00000000800006D4] -> 0x8B93
mem[X,0x00000000800006D6] -> 0x7FFB
[442] [M]: 0x00000000800006D4 (0x7FFB8B93) addi s7, s7, 0x7ff
x23 <- 0xFFFFFFFFFFFDF7FF

mem[X,0x00000000800006D8] -> 0x9B93
mem[X,0x00000000800006DA] -> 0x00BB
[443] [M]: 0x00000000800006D8 (0x00BB9B93) slli s7, s7, 0xb
x23 <- 0xFFFFFFFFEFBFF800

mem[X,0x00000000800006DC] -> 0x8B93
mem[X,0x00000000800006DE] -> 0x000B
[444] [M]: 0x00000000800006DC (0x000B8B93) addi s7, s7, 0x0
x23 <- 0xFFFFFFFFEFBFF800

mem[X,0x00000000800006E0] -> 0x9B93
mem[X,0x00000000800006E2] -> 0x00BB
[445] [M]: 0x00000000800006E0 (0x00BB9B93) slli s7, s7, 0xb
x23 <- 0xFFFFFF7DFFC00000

mem[X,0x00000000800006E4] -> 0x8B93
mem[X,0x00000000800006E6] -> 0x190B
[446] [M]: 0x00000000800006E4 (0x190B8B93) addi s7, s7, 0x190
x23 <- 0xFFFFFF7DFFC00190

mem[X,0x00000000800006E8] -> 0x9B93
mem[X,0x00000000800006EA] -> 0x00AB
[447] [M]: 0x00000000800006E8 (0x00AB9B93) slli s7, s7, 0xa
x23 <- 0xFFFDF7FF00064000

mem[X,0x00000000800006EC] -> 0x04B7
mem[X,0x00000000800006EE] -> 0xFE00
[448] [M]: 0x00000000800006EC (0xFE0004B7) lui s1, -0x2000
x9 <- 0xFFFFFFFFFE000000

mem[X,0x00000000800006F0] -> 0x8493
mem[X,0x00000000800006F2] -> 0xEFF4
[449] [M]: 0x00000000800006F0 (0xEFF48493) addi s1, s1, -0x101
x9 <- 0xFFFFFFFFFDFFFEFF

mem[X,0x00000000800006F4] -> 0x9493
mem[X,0x00000000800006F6] -> 0x00B4
[450] [M]: 0x00000000800006F4 (0x00B49493) slli s1, s1, 0xb
x9 <- 0xFFFFFFEFFFF7F800

mem[X,0x00000000800006F8] -> 0x8493
mem[X,0x00000000800006FA] -> 0x7F74
[451] [M]: 0x00000000800006F8 (0x7F748493) addi s1, s1, 0x7f7
x9 <- 0xFFFFFFEFFFF7FFF7

mem[X,0x00000000800006FC] -> 0x9493
mem[X,0x00000000800006FE] -> 0x00B4
[452] [M]: 0x00000000800006FC (0x00B49493) slli s1, s1, 0xb
x9 <- 0xFFFF7FFFBFFFB800

mem[X,0x0000000080000700] -> 0x8493
mem[X,0x0000000080000702] -> 0x7C04
[453] [M]: 0x0000000080000700 (0x7C048493) addi s1, s1, 0x7c0
x9 <- 0xFFFF7FFFBFFFBFC0

mem[X,0x0000000080000704] -> 0x9493
mem[X,0x0000000080000706] -> 0x00A4
[454] [M]: 0x0000000080000704 (0x00A49493) slli s1, s1, 0xa
x9 <- 0xFDFFFEFFFEFF0000

mem[X,0x0000000080000708] -> 0x8493
mem[X,0x000000008000070A] -> 0x0054
[455] [M]: 0x0000000080000708 (0x00548493) addi s1, s1, 0x5
x9 <- 0xFDFFFEFFFEFF0005

mem[X,0x000000008000070C] -> 0xFABB
mem[X,0x000000008000070E] -> 0xB89B
[456] [M]: 0x000000008000070C (0xB89BFABB) pmhacc.h.bo s5, s7, s1
x21 <- 0x00045555DFFE1000

mem[X,0x0000000080000710] -> 0xB023
mem[X,0x0000000080000712] -> 0x0357
[457] [M]: 0x0000000080000710 (0x0357B023) sd s5, 0x20(a5)
mem[0x00000000800041A8] <- 0x00045555DFFE1000

mem[X,0x0000000080000714] -> 0x09B7
mem[X,0x0000000080000716] -> 0x0041
[458] [M]: 0x0000000080000714 (0x004109B7) lui s3, 0x410
x19 <- 0x0000000000410000

mem[X,0x0000000080000718] -> 0x8993
mem[X,0x000000008000071A] -> 0xBFF9
[459] [M]: 0x0000000080000718 (0xBFF98993) addi s3, s3, -0x401
x19 <- 0x000000000040FBFF

mem[X,0x000000008000071C] -> 0x9993
mem[X,0x000000008000071E] -> 0x00B9
[460] [M]: 0x000000008000071C (0x00B99993) slli s3, s3, 0xb
x19 <- 0x0000000207DFF800

mem[X,0x0000000080000720] -> 0x8993
mem[X,0x0000000080000722] -> 0x0009
[461] [M]: 0x0000000080000720 (0x00098993) addi s3, s3, 0x0
x19 <- 0x0000000207DFF800

mem[X,0x0000000080000724] -> 0x9993
mem[X,0x0000000080000726] -> 0x00B9
[462] [M]: 0x0000000080000724 (0x00B99993) slli s3, s3, 0xb
x19 <- 0x0000103EFFC00000

mem[X,0x0000000080000728] -> 0x8993
mem[X,0x000000008000072A] -> 0x13F9
[463] [M]: 0x0000000080000728 (0x13F98993) addi s3, s3, 0x13f
x19 <- 0x0000103EFFC0013F

mem[X,0x000000008000072C] -> 0x9993
mem[X,0x000000008000072E] -> 0x00A9
[464] [M]: 0x000000008000072C (0x00A99993) slli s3, s3, 0xa
x19 <- 0x0040FBFF0004FC00

mem[X,0x0000000080000730] -> 0x8993
mem[X,0x0000000080000732] -> 0x3FE9
[465] [M]: 0x0000000080000730 (0x3FE98993) addi s3, s3, 0x3fe
x19 <- 0x0040FBFF0004FFFE

mem[X,0x0000000080000734] -> 0x06B7
mem[X,0x0000000080000736] -> 0xFFFD
[466] [M]: 0x0000000080000734 (0xFFFD06B7) lui a3, -0x30
x13 <- 0xFFFFFFFFFFFD0000

mem[X,0x0000000080000738] -> 0x8693
mem[X,0x000000008000073A] -> 0xFF66
[467] [M]: 0x0000000080000738 (0xFF668693) addi a3, a3, -0xa
x13 <- 0xFFFFFFFFFFFCFFF6

mem[X,0x000000008000073C] -> 0x9693
mem[X,0x000000008000073E] -> 0x00B6
[468] [M]: 0x000000008000073C (0x00B69693) slli a3, a3, 0xb
x13 <- 0xFFFFFFFFE7FFB000

mem[X,0x0000000080000740] -> 0x8693
mem[X,0x0000000080000742] -> 0x0006
[469] [M]: 0x0000000080000740 (0x00068693) addi a3, a3, 0x0
x13 <- 0xFFFFFFFFE7FFB000

mem[X,0x0000000080000744] -> 0x9693
mem[X,0x0000000080000746] -> 0x00B6
[470] [M]: 0x0000000080000744 (0x00B69693) slli a3, a3, 0xb
x13 <- 0xFFFFFF3FFD800000

mem[X,0x0000000080000748] -> 0x8693
mem[X,0x000000008000074A] -> 0x13F6
[471] [M]: 0x0000000080000748 (0x13F68693) addi a3, a3, 0x13f
x13 <- 0xFFFFFF3FFD80013F

mem[X,0x000000008000074C] -> 0x9693
mem[X,0x000000008000074E] -> 0x00A6
[472] [M]: 0x000000008000074C (0x00A69693) slli a3, a3, 0xa
x13 <- 0xFFFCFFF60004FC00

mem[X,0x0000000080000750] -> 0x8693
mem[X,0x0000000080000752] -> 0x3FF6
[473] [M]: 0x0000000080000750 (0x3FF68693) addi a3, a3, 0x3ff
x13 <- 0xFFFCFFF60004FFFF

mem[X,0x0000000080000754] -> 0xFBBB
mem[X,0x0000000080000756] -> 0xB8D9
[474] [M]: 0x0000000080000754 (0xB8D9FBBB) pmhacc.h.bo s7, s3, a3
x23 <- 0xFFFCF7FF00064000

mem[X,0x0000000080000758] -> 0xB423
mem[X,0x000000008000075A] -> 0x0377
[475] [M]: 0x0000000080000758 (0x0377B423) sd s7, 0x28(a5)
mem[0x00000000800041B0] <- 0xFFFCF7FF00064000

mem[X,0x000000008000075C] -> 0x2037
mem[X,0x000000008000075E] -> 0xFFDF
[476] [M]: 0x000000008000075C (0xFFDF2037) lui zero, -0x20e

mem[X,0x0000000080000760] -> 0x0013
mem[X,0x0000000080000762] -> 0x0000
[477] [M]: 0x0000000080000760 (0x00000013) addi zero, zero, 0x0

mem[X,0x0000000080000764] -> 0x1013
mem[X,0x0000000080000766] -> 0x00B0
[478] [M]: 0x0000000080000764 (0x00B01013) slli zero, zero, 0xb

mem[X,0x0000000080000768] -> 0x0013
mem[X,0x000000008000076A] -> 0x0400
[479] [M]: 0x0000000080000768 (0x04000013) addi zero, zero, 0x40

mem[X,0x000000008000076C] -> 0x1013
mem[X,0x000000008000076E] -> 0x00B0
[480] [M]: 0x000000008000076C (0x00B01013) slli zero, zero, 0xb

mem[X,0x0000000080000770] -> 0x0013
mem[X,0x0000000080000772] -> 0x03F0
[481] [M]: 0x0000000080000770 (0x03F00013) addi zero, zero, 0x3f

mem[X,0x0000000080000774] -> 0x1013
mem[X,0x0000000080000776] -> 0x00A0
[482] [M]: 0x0000000080000774 (0x00A01013) slli zero, zero, 0xa

mem[X,0x0000000080000778] -> 0x0013
mem[X,0x000000008000077A] -> 0x3FD0
[483] [M]: 0x0000000080000778 (0x3FD00013) addi zero, zero, 0x3fd

mem[X,0x000000008000077C] -> 0xC2B7
mem[X,0x000000008000077E] -> 0xFBFF
[484] [M]: 0x000000008000077C (0xFBFFC2B7) lui t0, -0x4004
x5 <- 0xFFFFFFFFFBFFC000

mem[X,0x0000000080000780] -> 0x8293
mem[X,0x0000000080000782] -> 0x0002
[485] [M]: 0x0000000080000780 (0x00028293) addi t0, t0, 0x0
x5 <- 0xFFFFFFFFFBFFC000

mem[X,0x0000000080000784] -> 0x9293
mem[X,0x0000000080000786] -> 0x00B2
[486] [M]: 0x0000000080000784 (0x00B29293) slli t0, t0, 0xb
x5 <- 0xFFFFFFDFFE000000

mem[X,0x0000000080000788] -> 0x8293
mem[X,0x000000008000078A] -> 0x7FE2
[487] [M]: 0x0000000080000788 (0x7FE28293) addi t0, t0, 0x7fe
x5 <- 0xFFFFFFDFFE0007FE

mem[X,0x000000008000078C] -> 0x9293
mem[X,0x000000008000078E] -> 0x00B2
[488] [M]: 0x000000008000078C (0x00B29293) slli t0, t0, 0xb
x5 <- 0xFFFEFFF0003FF000

mem[X,0x0000000080000790] -> 0x8293
mem[X,0x0000000080000792] -> 0x7FF2
[489] [M]: 0x0000000080000790 (0x7FF28293) addi t0, t0, 0x7ff
x5 <- 0xFFFEFFF0003FF7FF

mem[X,0x0000000080000794] -> 0x9293
mem[X,0x0000000080000796] -> 0x00A2
[490] [M]: 0x0000000080000794 (0x00A29293) slli t0, t0, 0xa
x5 <- 0xFBFFC000FFDFFC00

mem[X,0x0000000080000798] -> 0x8293
mem[X,0x000000008000079A] -> 0x1FF2
[491] [M]: 0x0000000080000798 (0x1FF28293) addi t0, t0, 0x1ff
x5 <- 0xFBFFC000FFDFFDFF

mem[X,0x000000008000079C] -> 0x773B
mem[X,0x000000008000079E] -> 0xB850
[492] [M]: 0x000000008000079C (0xB850773B) pmhacc.h.bo a4, zero, t0
x14 <- 0x0000000000000000

mem[X,0x00000000800007A0] -> 0xB823
mem[X,0x00000000800007A2] -> 0x02E7
[493] [M]: 0x00000000800007A0 (0x02E7B823) sd a4, 0x30(a5)
mem[0x00000000800041B8] <- 0x0000000000000000

mem[X,0x00000000800007A4] -> 0x0437
mem[X,0x00000000800007A6] -> 0x0003
[494] [M]: 0x00000000800007A4 (0x00030437) lui fp, 0x30
x8 <- 0x0000000000030000

mem[X,0x00000000800007A8] -> 0x0413
mem[X,0x00000000800007AA] -> 0xFFA4
[495] [M]: 0x00000000800007A8 (0xFFA40413) addi fp, fp, -0x6
x8 <- 0x000000000002FFFA

mem[X,0x00000000800007AC] -> 0x1413
mem[X,0x00000000800007AE] -> 0x00B4
[496] [M]: 0x00000000800007AC (0x00B41413) slli fp, fp, 0xb
x8 <- 0x0000000017FFD000

mem[X,0x00000000800007B0] -> 0x0413
mem[X,0x00000000800007B2] -> 0x7F74
[497] [M]: 0x00000000800007B0 (0x7F740413) addi fp, fp, 0x7f7
x8 <- 0x0000000017FFD7F7

mem[X,0x00000000800007B4] -> 0x1413
mem[X,0x00000000800007B6] -> 0x00B4
[498] [M]: 0x00000000800007B4 (0x00B41413) slli fp, fp, 0xb
x8 <- 0x000000BFFEBFB800

mem[X,0x00000000800007B8] -> 0x0413
mem[X,0x00000000800007BA] -> 0x7FF4
[499] [M]: 0x00000000800007B8 (0x7FF40413) addi fp, fp, 0x7ff
x8 <- 0x000000BFFEBFBFFF

clint::tick mtime <- 0x0000000000000005
 clint timer pending at mtime 0x0000000000000005
htif::tick 0x0000000000000000
mem[X,0x00000000800007BC] -> 0x1413
mem[X,0x00000000800007BE] -> 0x00A4
[500] [M]: 0x00000000800007BC (0x00A41413) slli fp, fp, 0xa
x8 <- 0x0002FFFAFEFFFC00

mem[X,0x00000000800007C0] -> 0x0413
mem[X,0x00000000800007C2] -> 0x3FB4
[501] [M]: 0x00000000800007C0 (0x3FB40413) addi fp, fp, 0x3fb
x8 <- 0x0002FFFAFEFFFFFB

mem[X,0x00000000800007C4] -> 0x0737
mem[X,0x00000000800007C6] -> 0xFF7F
[502] [M]: 0x00000000800007C4 (0xFF7F0737) lui a4, -0x810
x14 <- 0xFFFFFFFFFF7F0000

mem[X,0x00000000800007C8] -> 0x0713
mem[X,0x00000000800007CA] -> 0x0067
[503] [M]: 0x00000000800007C8 (0x00670713) addi a4, a4, 0x6
x14 <- 0xFFFFFFFFFF7F0006

mem[X,0x00000000800007CC] -> 0x1713
mem[X,0x00000000800007CE] -> 0x00B7
[504] [M]: 0x00000000800007CC (0x00B71713) slli a4, a4, 0xb
x14 <- 0xFFFFFFFBF8003000

mem[X,0x00000000800007D0] -> 0x0713
mem[X,0x00000000800007D2] -> 0x0047
[505] [M]: 0x00000000800007D0 (0x00470713) addi a4, a4, 0x4
x14 <- 0xFFFFFFFBF8003004

mem[X,0x00000000800007D4] -> 0x1713
mem[X,0x00000000800007D6] -> 0x00B7
[506] [M]: 0x00000000800007D4 (0x00B71713) slli a4, a4, 0xb
x14 <- 0xFFFFDFC001802000

mem[X,0x00000000800007D8] -> 0x0713
mem[X,0x00000000800007DA] -> 0x03B7
[507] [M]: 0x00000000800007D8 (0x03B70713) addi a4, a4, 0x3b
x14 <- 0xFFFFDFC00180203B

mem[X,0x00000000800007DC] -> 0x1713
mem[X,0x00000000800007DE] -> 0x00A7
[508] [M]: 0x00000000800007DC (0x00A71713) slli a4, a4, 0xa
x14 <- 0xFF7F00060080EC00

mem[X,0x00000000800007E0] -> 0x0713
mem[X,0x00000000800007E2] -> 0x3FF7
[509] [M]: 0x00000000800007E0 (0x3FF70713) addi a4, a4, 0x3ff
x14 <- 0xFF7F00060080EFFF

mem[X,0x00000000800007E4] -> 0x7B3B
mem[X,0x00000000800007E6] -> 0xB8E4
[510] [M]: 0x00000000800007E4 (0xB8E47B3B) pmhacc.h.bo s6, fp, a4
x22 <- 0x0001FFFA01007FFF

mem[X,0x00000000800007E8] -> 0xBC23
mem[X,0x00000000800007EA] -> 0x0367
[511] [M]: 0x00000000800007E8 (0x0367BC23) sd s6, 0x38(a5)
mem[0x00000000800041C0] <- 0x0001FFFA01007FFF

mem[X,0x00000000800007EC] -> 0x0E37
mem[X,0x00000000800007EE] -> 0x5556
[512] [M]: 0x00000000800007EC (0x55560E37) lui t3, 0x55560
x28 <- 0x0000000055560000

mem[X,0x00000000800007F0] -> 0x0E13
mem[X,0x00000000800007F2] -> 0xFEFE
[513] [M]: 0x00000000800007F0 (0xFEFE0E13) addi t3, t3, -0x11
x28 <- 0x000000005555FFEF

mem[X,0x00000000800007F4] -> 0x1E13
mem[X,0x00000000800007F6] -> 0x00BE
[514] [M]: 0x00000000800007F4 (0x00BE1E13) slli t3, t3, 0xb
x28 <- 0x000002AAAFFF7800

mem[X,0x00000000800007F8] -> 0x0E13
mem[X,0x00000000800007FA] -> 0x7F7E
[515] [M]: 0x00000000800007F8 (0x7F7E0E13) addi t3, t3, 0x7f7
x28 <- 0x000002AAAFFF7FF7

mem[X,0x00000000800007FC] -> 0x1E13
mem[X,0x00000000800007FE] -> 0x00BE
[516] [M]: 0x00000000800007FC (0x00BE1E13) slli t3, t3, 0xb
x28 <- 0x0015557FFBFFB800

mem[X,0x0000000080000800] -> 0x0E13
mem[X,0x0000000080000802] -> 0x7FFE
[517] [M]: 0x0000000080000800 (0x7FFE0E13) addi t3, t3, 0x7ff
x28 <- 0x0015557FFBFFBFFF

mem[X,0x0000000080000804] -> 0x1E13
mem[X,0x0000000080000806] -> 0x00AE
[518] [M]: 0x0000000080000804 (0x00AE1E13) slli t3, t3, 0xa
x28 <- 0x5555FFEFFEFFFC00

mem[X,0x0000000080000808] -> 0x0E13
mem[X,0x000000008000080A] -> 0x3F7E
[519] [M]: 0x0000000080000808 (0x3F7E0E13) addi t3, t3, 0x3f7
x28 <- 0x5555FFEFFEFFFFF7

mem[X,0x000000008000080C] -> 0x4337
mem[X,0x000000008000080E] -> 0x2000
[520] [M]: 0x000000008000080C (0x20004337) lui t1, 0x20004
x6 <- 0x0000000020004000

mem[X,0x0000000080000810] -> 0x0313
mem[X,0x0000000080000812] -> 0xFFF3
[521] [M]: 0x0000000080000810 (0xFFF30313) addi t1, t1, -0x1
x6 <- 0x0000000020003FFF

mem[X,0x0000000080000814] -> 0x1313
mem[X,0x0000000080000816] -> 0x00B3
[522] [M]: 0x0000000080000814 (0x00B31313) slli t1, t1, 0xb
x6 <- 0x0000010001FFF800

mem[X,0x0000000080000818] -> 0x0313
mem[X,0x000000008000081A] -> 0x7FF3
[523] [M]: 0x0000000080000818 (0x7FF30313) addi t1, t1, 0x7ff
x6 <- 0x0000010001FFFFFF

mem[X,0x000000008000081C] -> 0x1313
mem[X,0x000000008000081E] -> 0x00B3
[524] [M]: 0x000000008000081C (0x00B31313) slli t1, t1, 0xb
x6 <- 0x0008000FFFFFF800

mem[X,0x0000000080000820] -> 0x0313
mem[X,0x0000000080000822] -> 0x7403
[525] [M]: 0x0000000080000820 (0x74030313) addi t1, t1, 0x740
x6 <- 0x0008000FFFFFFF40

mem[X,0x0000000080000824] -> 0x1313
mem[X,0x0000000080000826] -> 0x00A3
[526] [M]: 0x0000000080000824 (0x00A31313) slli t1, t1, 0xa
x6 <- 0x20003FFFFFFD0000

mem[X,0x0000000080000828] -> 0x0313
mem[X,0x000000008000082A] -> 0x2003
[527] [M]: 0x0000000080000828 (0x20030313) addi t1, t1, 0x200
x6 <- 0x20003FFFFFFD0200

mem[X,0x000000008000082C] -> 0x72BB
mem[X,0x000000008000082E] -> 0xB86E
[528] [M]: 0x000000008000082C (0xB86E72BB) pmhacc.h.bo t0, t3, t1
x5 <- 0xFC09BFFFFFDFFDFE

mem[X,0x0000000080000830] -> 0xB023
mem[X,0x0000000080000832] -> 0x0457
[529] [M]: 0x0000000080000830 (0x0457B023) sd t0, 0x40(a5)
mem[0x00000000800041C8] <- 0xFC09BFFFFFDFFDFE

mem[X,0x0000000080000834] -> 0x0DB7
mem[X,0x0000000080000836] -> 0xC000
[530] [M]: 0x0000000080000834 (0xC0000DB7) lui s11, -0x40000
x27 <- 0xFFFFFFFFC0000000

mem[X,0x0000000080000838] -> 0x8D93
mem[X,0x000000008000083A] -> 0x040D
[531] [M]: 0x0000000080000838 (0x040D8D93) addi s11, s11, 0x40
x27 <- 0xFFFFFFFFC0000040

mem[X,0x000000008000083C] -> 0x9D93
mem[X,0x000000008000083E] -> 0x00BD
[532] [M]: 0x000000008000083C (0x00BD9D93) slli s11, s11, 0xb
x27 <- 0xFFFFFE0000020000

mem[X,0x0000000080000840] -> 0x8D93
mem[X,0x0000000080000842] -> 0x7FFD
[533] [M]: 0x0000000080000840 (0x7FFD8D93) addi s11, s11, 0x7ff
x27 <- 0xFFFFFE00000207FF

mem[X,0x0000000080000844] -> 0x9D93
mem[X,0x0000000080000846] -> 0x00BD
[534] [M]: 0x0000000080000844 (0x00BD9D93) slli s11, s11, 0xb
x27 <- 0xFFF00000103FF800

mem[X,0x0000000080000848] -> 0x8D93
mem[X,0x000000008000084A] -> 0x7BFD
[535] [M]: 0x0000000080000848 (0x7BFD8D93) addi s11, s11, 0x7bf
x27 <- 0xFFF00000103FFFBF

mem[X,0x000000008000084C] -> 0x9D93
mem[X,0x000000008000084E] -> 0x00AD
[536] [M]: 0x000000008000084C (0x00AD9D93) slli s11, s11, 0xa
x27 <- 0xC0000040FFFEFC00

mem[X,0x0000000080000850] -> 0x8D93
mem[X,0x0000000080000852] -> 0x3EFD
[537] [M]: 0x0000000080000850 (0x3EFD8D93) addi s11, s11, 0x3ef
x27 <- 0xC0000040FFFEFFEF

mem[X,0x0000000080000854] -> 0x0FB7
mem[X,0x0000000080000856] -> 0x0021
[538] [M]: 0x0000000080000854 (0x00210FB7) lui t6, 0x210
x31 <- 0x0000000000210000

mem[X,0x0000000080000858] -> 0x8F93
mem[X,0x000000008000085A] -> 0xFEFF
[539] [M]: 0x0000000080000858 (0xFEFF8F93) addi t6, t6, -0x11
x31 <- 0x000000000020FFEF

mem[X,0x000000008000085C] -> 0x9F93
mem[X,0x000000008000085E] -> 0x00BF
[540] [M]: 0x000000008000085C (0x00BF9F93) slli t6, t6, 0xb
x31 <- 0x0000000107FF7800

mem[X,0x0000000080000860] -> 0x8F93
mem[X,0x0000000080000862] -> 0x77FF
[541] [M]: 0x0000000080000860 (0x77FF8F93) addi t6, t6, 0x77f
x31 <- 0x0000000107FF7F7F

mem[X,0x0000000080000864] -> 0x9F93
mem[X,0x0000000080000866] -> 0x00BF
[542] [M]: 0x0000000080000864 (0x00BF9F93) slli t6, t6, 0xb
x31 <- 0x0000083FFBFBF800

mem[X,0x0000000080000868] -> 0x8F93
mem[X,0x000000008000086A] -> 0x7C0F
[543] [M]: 0x0000000080000868 (0x7C0F8F93) addi t6, t6, 0x7c0
x31 <- 0x0000083FFBFBFFC0

mem[X,0x000000008000086C] -> 0x9F93
mem[X,0x000000008000086E] -> 0x00AF
[544] [M]: 0x000000008000086C (0x00AF9F93) slli t6, t6, 0xa
x31 <- 0x0020FFEFEFFF0000

mem[X,0x0000000080000870] -> 0x8F93
mem[X,0x0000000080000872] -> 0x006F
[545] [M]: 0x0000000080000870 (0x006F8F93) addi t6, t6, 0x6
x31 <- 0x0020FFEFEFFF0006

mem[X,0x0000000080000874] -> 0xFF3B
mem[X,0x0000000080000876] -> 0xB9FD
[546] [M]: 0x0000000080000874 (0xB9FDFF3B) pmhacc.h.bo t5, s11, t6
x30 <- 0xEFFF0007DFFF2000

mem[X,0x0000000080000878] -> 0xB423
mem[X,0x000000008000087A] -> 0x05E7
[547] [M]: 0x0000000080000878 (0x05E7B423) sd t5, 0x48(a5)
mem[0x00000000800041D0] <- 0xEFFF0007DFFF2000

mem[X,0x000000008000087C] -> 0x4537
mem[X,0x000000008000087E] -> 0xFFF9
[548] [M]: 0x000000008000087C (0xFFF94537) lui a0, -0x6c
x10 <- 0xFFFFFFFFFFF94000

mem[X,0x0000000080000880] -> 0x0513
mem[X,0x0000000080000882] -> 0xFFF5
[549] [M]: 0x0000000080000880 (0xFFF50513) addi a0, a0, -0x1
x10 <- 0xFFFFFFFFFFF93FFF

mem[X,0x0000000080000884] -> 0x1513
mem[X,0x0000000080000886] -> 0x00B5
[550] [M]: 0x0000000080000884 (0x00B51513) slli a0, a0, 0xb
x10 <- 0xFFFFFFFFC9FFF800

mem[X,0x0000000080000888] -> 0x0513
mem[X,0x000000008000088A] -> 0x7FF5
[551] [M]: 0x0000000080000888 (0x7FF50513) addi a0, a0, 0x7ff
x10 <- 0xFFFFFFFFC9FFFFFF

mem[X,0x000000008000088C] -> 0x1513
mem[X,0x000000008000088E] -> 0x00B5
[552] [M]: 0x000000008000088C (0x00B51513) slli a0, a0, 0xb
x10 <- 0xFFFFFE4FFFFFF800

mem[X,0x0000000080000890] -> 0x0513
mem[X,0x0000000080000892] -> 0x73F5
[553] [M]: 0x0000000080000890 (0x73F50513) addi a0, a0, 0x73f
x10 <- 0xFFFFFE4FFFFFFF3F

mem[X,0x0000000080000894] -> 0x1513
mem[X,0x0000000080000896] -> 0x00A5
[554] [M]: 0x0000000080000894 (0x00A51513) slli a0, a0, 0xa
x10 <- 0xFFF93FFFFFFCFC00

mem[X,0x0000000080000898] -> 0x0513
mem[X,0x000000008000089A] -> 0x3DF5
[555] [M]: 0x0000000080000898 (0x3DF50513) addi a0, a0, 0x3df
x10 <- 0xFFF93FFFFFFCFFDF

mem[X,0x000000008000089C] -> 0x0B37
mem[X,0x000000008000089E] -> 0x000A
[556] [M]: 0x000000008000089C (0x000A0B37) lui s6, 0xa0
x22 <- 0x00000000000A0000

mem[X,0x00000000800008A0] -> 0x0B13
mem[X,0x00000000800008A2] -> 0xFF9B
[557] [M]: 0x00000000800008A0 (0xFF9B0B13) addi s6, s6, -0x7
x22 <- 0x000000000009FFF9

mem[X,0x00000000800008A4] -> 0x1B13
mem[X,0x00000000800008A6] -> 0x00BB
[558] [M]: 0x00000000800008A4 (0x00BB1B13) slli s6, s6, 0xb
x22 <- 0x000000004FFFC800

mem[X,0x00000000800008A8] -> 0x0B13
mem[X,0x00000000800008AA] -> 0x000B
[559] [M]: 0x00000000800008A8 (0x000B0B13) addi s6, s6, 0x0
x22 <- 0x000000004FFFC800

mem[X,0x00000000800008AC] -> 0x1B13
mem[X,0x00000000800008AE] -> 0x00BB
[560] [M]: 0x00000000800008AC (0x00BB1B13) slli s6, s6, 0xb
x22 <- 0x0000027FFE400000

mem[X,0x00000000800008B0] -> 0x0B13
mem[X,0x00000000800008B2] -> 0x03BB
[561] [M]: 0x00000000800008B0 (0x03BB0B13) addi s6, s6, 0x3b
x22 <- 0x0000027FFE40003B

mem[X,0x00000000800008B4] -> 0x1B13
mem[X,0x00000000800008B6] -> 0x00AB
[562] [M]: 0x00000000800008B4 (0x00AB1B13) slli s6, s6, 0xa
x22 <- 0x0009FFF90000EC00

mem[X,0x00000000800008B8] -> 0x0B13
mem[X,0x00000000800008BA] -> 0x3FFB
[563] [M]: 0x00000000800008B8 (0x3FFB0B13) addi s6, s6, 0x3ff
x22 <- 0x0009FFF90000EFFF

mem[X,0x00000000800008BC] -> 0x73BB
mem[X,0x00000000800008BE] -> 0xB965
[564] [M]: 0x00000000800008BC (0xB96573BB) pmhacc.h.bo t2, a0, s6
x7 <- 0xFFF9EFFE00200100

mem[X,0x00000000800008C0] -> 0xB823
mem[X,0x00000000800008C2] -> 0x0477
[565] [M]: 0x00000000800008C0 (0x0477B823) sd t2, 0x50(a5)
mem[0x00000000800041D8] <- 0xFFF9EFFE00200100

mem[X,0x00000000800008C4] -> 0x08B7
mem[X,0x00000000800008C6] -> 0xC001
[566] [M]: 0x00000000800008C4 (0xC00108B7) lui a7, -0x3fff0
x17 <- 0xFFFFFFFFC0010000

mem[X,0x00000000800008C8] -> 0x8893
mem[X,0x00000000800008CA] -> 0xF7F8
[567] [M]: 0x00000000800008C8 (0xF7F88893) addi a7, a7, -0x81
x17 <- 0xFFFFFFFFC000FF7F

mem[X,0x00000000800008CC] -> 0x9893
mem[X,0x00000000800008CE] -> 0x00B8
[568] [M]: 0x00000000800008CC (0x00B89893) slli a7, a7, 0xb
x17 <- 0xFFFFFE0007FBF800

mem[X,0x00000000800008D0] -> 0x8893
mem[X,0x00000000800008D2] -> 0x0088
[569] [M]: 0x00000000800008D0 (0x00888893) addi a7, a7, 0x8
x17 <- 0xFFFFFE0007FBF808

mem[X,0x00000000800008D4] -> 0x9893
mem[X,0x00000000800008D6] -> 0x00B8
[570] [M]: 0x00000000800008D4 (0x00B89893) slli a7, a7, 0xb
x17 <- 0xFFF0003FDFC04000

mem[X,0x00000000800008D8] -> 0x8893
mem[X,0x00000000800008DA] -> 0x03F8
[571] [M]: 0x00000000800008D8 (0x03F88893) addi a7, a7, 0x3f
x17 <- 0xFFF0003FDFC0403F

mem[X,0x00000000800008DC] -> 0x9893
mem[X,0x00000000800008DE] -> 0x00A8
[572] [M]: 0x00000000800008DC (0x00A89893) slli a7, a7, 0xa
x17 <- 0xC000FF7F0100FC00

mem[X,0x00000000800008E0] -> 0x8893
mem[X,0x00000000800008E2] -> 0x3BF8
[573] [M]: 0x00000000800008E0 (0x3BF88893) addi a7, a7, 0x3bf
x17 <- 0xC000FF7F0100FFBF

mem[X,0x00000000800008E4] -> 0x5437
mem[X,0x00000000800008E6] -> 0x0040
[574] [M]: 0x00000000800008E4 (0x00405437) lui fp, 0x405
x8 <- 0x0000000000405000

mem[X,0x00000000800008E8] -> 0x0413
mem[X,0x00000000800008EA] -> 0x5554
[575] [M]: 0x00000000800008E8 (0x55540413) addi fp, fp, 0x555
x8 <- 0x0000000000405555

mem[X,0x00000000800008EC] -> 0x1413
mem[X,0x00000000800008EE] -> 0x00B4
[576] [M]: 0x00000000800008EC (0x00B41413) slli fp, fp, 0xb
x8 <- 0x0000000202AAA800

mem[X,0x00000000800008F0] -> 0x0413
mem[X,0x00000000800008F2] -> 0x7FF4
[577] [M]: 0x00000000800008F0 (0x7FF40413) addi fp, fp, 0x7ff
x8 <- 0x0000000202AAAFFF

mem[X,0x00000000800008F4] -> 0x1413
mem[X,0x00000000800008F6] -> 0x00B4
[578] [M]: 0x00000000800008F4 (0x00B41413) slli fp, fp, 0xb
x8 <- 0x00001015557FF800

mem[X,0x00000000800008F8] -> 0x0413
mem[X,0x00000000800008FA] -> 0x7804
[579] [M]: 0x00000000800008F8 (0x78040413) addi fp, fp, 0x780
x8 <- 0x00001015557FFF80

mem[X,0x00000000800008FC] -> 0x1413
mem[X,0x00000000800008FE] -> 0x00A4
[580] [M]: 0x00000000800008FC (0x00A41413) slli fp, fp, 0xa
x8 <- 0x00405555FFFE0000

mem[X,0x0000000080000900] -> 0x0413
mem[X,0x0000000080000902] -> 0x0104
[581] [M]: 0x0000000080000900 (0x01040413) addi fp, fp, 0x10
x8 <- 0x00405555FFFE0010

mem[X,0x0000000080000904] -> 0xF1BB
mem[X,0x0000000080000906] -> 0xB888
[582] [M]: 0x0000000080000904 (0xB888F1BB) pmhacc.h.bo gp, a7, fp
x3 <- 0x0002FFFAFEFE0008

mem[X,0x0000000080000908] -> 0xBC23
mem[X,0x000000008000090A] -> 0x0437
[583] [M]: 0x0000000080000908 (0x0437BC23) sd gp, 0x58(a5)
mem[0x00000000800041E0] <- 0x0002FFFAFEFE0008

mem[X,0x000000008000090C] -> 0x03B7
mem[X,0x000000008000090E] -> 0x7FFF
[584] [M]: 0x000000008000090C (0x7FFF03B7) lui t2, 0x7fff0
x7 <- 0x000000007FFF0000

mem[X,0x0000000080000910] -> 0x8393
mem[X,0x0000000080000912] -> 0x1003
[585] [M]: 0x0000000080000910 (0x10038393) addi t2, t2, 0x100
x7 <- 0x000000007FFF0100

mem[X,0x0000000080000914] -> 0x9393
mem[X,0x0000000080000916] -> 0x00B3
[586] [M]: 0x0000000080000914 (0x00B39393) slli t2, t2, 0xb
x7 <- 0x000003FFF8080000

mem[X,0x0000000080000918] -> 0x8393
mem[X,0x000000008000091A] -> 0x2AA3
[587] [M]: 0x0000000080000918 (0x2AA38393) addi t2, t2, 0x2aa
x7 <- 0x000003FFF80802AA

mem[X,0x000000008000091C] -> 0x9393
mem[X,0x000000008000091E] -> 0x00B3
[588] [M]: 0x000000008000091C (0x00B39393) slli t2, t2, 0xb
x7 <- 0x001FFFC040155000

mem[X,0x0000000080000920] -> 0x8393
mem[X,0x0000000080000922] -> 0x57F3
[589] [M]: 0x0000000080000920 (0x57F38393) addi t2, t2, 0x57f
x7 <- 0x001FFFC04015557F

mem[X,0x0000000080000924] -> 0x9393
mem[X,0x0000000080000926] -> 0x00A3
[590] [M]: 0x0000000080000924 (0x00A39393) slli t2, t2, 0xa
x7 <- 0x7FFF01005555FC00

mem[X,0x0000000080000928] -> 0x8393
mem[X,0x000000008000092A] -> 0x37F3
[591] [M]: 0x0000000080000928 (0x37F38393) addi t2, t2, 0x37f
x7 <- 0x7FFF01005555FF7F

mem[X,0x000000008000092C] -> 0xC0B7
mem[X,0x000000008000092E] -> 0xFFFE
[592] [M]: 0x000000008000092C (0xFFFEC0B7) lui ra, -0x14
x1 <- 0xFFFFFFFFFFFEC000

mem[X,0x0000000080000930] -> 0x8093
mem[X,0x0000000080000932] -> 0xFFF0
[593] [M]: 0x0000000080000930 (0xFFF08093) addi ra, ra, -0x1
x1 <- 0xFFFFFFFFFFFEBFFF

mem[X,0x0000000080000934] -> 0x9093
mem[X,0x0000000080000936] -> 0x00B0
[594] [M]: 0x0000000080000934 (0x00B09093) slli ra, ra, 0xb
x1 <- 0xFFFFFFFFF5FFF800

mem[X,0x0000000080000938] -> 0x8093
mem[X,0x000000008000093A] -> 0x0000
[595] [M]: 0x0000000080000938 (0x00008093) addi ra, ra, 0x0
x1 <- 0xFFFFFFFFF5FFF800

mem[X,0x000000008000093C] -> 0x9093
mem[X,0x000000008000093E] -> 0x00B0
[596] [M]: 0x000000008000093C (0x00B09093) slli ra, ra, 0xb
x1 <- 0xFFFFFFAFFFC00000

mem[X,0x0000000080000940] -> 0x8093
mem[X,0x0000000080000942] -> 0x1800
[597] [M]: 0x0000000080000940 (0x18008093) addi ra, ra, 0x180
x1 <- 0xFFFFFFAFFFC00180

mem[X,0x0000000080000944] -> 0x9093
mem[X,0x0000000080000946] -> 0x00A0
[598] [M]: 0x0000000080000944 (0x00A09093) slli ra, ra, 0xa
x1 <- 0xFFFEBFFF00060000

mem[X,0x0000000080000948] -> 0x8093
mem[X,0x000000008000094A] -> 0x0040
[599] [M]: 0x0000000080000948 (0x00408093) addi ra, ra, 0x4
x1 <- 0xFFFEBFFF00060004

clint::tick mtime <- 0x0000000000000006
 clint timer pending at mtime 0x0000000000000006
htif::tick 0x0000000000000000
mem[X,0x000000008000094C] -> 0xF23B
mem[X,0x000000008000094E] -> 0xB813
[600] [M]: 0x000000008000094C (0xB813F23B) pmhacc.h.bo tp, t2, ra
x4 <- 0x0FFFFFBE00060004

mem[X,0x0000000080000950] -> 0xB023
mem[X,0x0000000080000952] -> 0x0647
[601] [M]: 0x0000000080000950 (0x0647B023) sd tp, 0x60(a5)
mem[0x00000000800041E8] <- 0x0FFFFFBE00060004

mem[X,0x0000000080000954] -> 0x06B7
mem[X,0x0000000080000956] -> 0x4000
[602] [M]: 0x0000000080000954 (0x400006B7) lui a3, 0x40000
x13 <- 0x0000000040000000

mem[X,0x0000000080000958] -> 0x8693
mem[X,0x000000008000095A] -> 0x2006
[603] [M]: 0x0000000080000958 (0x20068693) addi a3, a3, 0x200
x13 <- 0x0000000040000200

mem[X,0x000000008000095C] -> 0x9693
mem[X,0x000000008000095E] -> 0x00B6
[604] [M]: 0x000000008000095C (0x00B69693) slli a3, a3, 0xb
x13 <- 0x0000020000100000

mem[X,0x0000000080000960] -> 0x8693
mem[X,0x0000000080000962] -> 0x7FF6
[605] [M]: 0x0000000080000960 (0x7FF68693) addi a3, a3, 0x7ff
x13 <- 0x00000200001007FF

mem[X,0x0000000080000964] -> 0x9693
mem[X,0x0000000080000966] -> 0x00B6
[606] [M]: 0x0000000080000964 (0x00B69693) slli a3, a3, 0xb
x13 <- 0x00100000803FF800

mem[X,0x0000000080000968] -> 0x8693
mem[X,0x000000008000096A] -> 0x3FF6
[607] [M]: 0x0000000080000968 (0x3FF68693) addi a3, a3, 0x3ff
x13 <- 0x00100000803FFBFF

mem[X,0x000000008000096C] -> 0x9693
mem[X,0x000000008000096E] -> 0x00A6
[608] [M]: 0x000000008000096C (0x00A69693) slli a3, a3, 0xa
x13 <- 0x40000200FFEFFC00

mem[X,0x0000000080000970] -> 0x8693
mem[X,0x0000000080000972] -> 0x2FF6
[609] [M]: 0x0000000080000970 (0x2FF68693) addi a3, a3, 0x2ff
x13 <- 0x40000200FFEFFEFF

mem[X,0x0000000080000974] -> 0x0837
mem[X,0x0000000080000976] -> 0xFFF9
[610] [M]: 0x0000000080000974 (0xFFF90837) lui a6, -0x70
x16 <- 0xFFFFFFFFFFF90000

mem[X,0x0000000080000978] -> 0x0813
mem[X,0x000000008000097A] -> 0x0068
[611] [M]: 0x0000000080000978 (0x00680813) addi a6, a6, 0x6
x16 <- 0xFFFFFFFFFFF90006

mem[X,0x000000008000097C] -> 0x1813
mem[X,0x000000008000097E] -> 0x00B8
[612] [M]: 0x000000008000097C (0x00B81813) slli a6, a6, 0xb
x16 <- 0xFFFFFFFFC8003000

mem[X,0x0000000080000980] -> 0x0813
mem[X,0x0000000080000982] -> 0x0808
[613] [M]: 0x0000000080000980 (0x08080813) addi a6, a6, 0x80
x16 <- 0xFFFFFFFFC8003080

mem[X,0x0000000080000984] -> 0x1813
mem[X,0x0000000080000986] -> 0x00B8
[614] [M]: 0x0000000080000984 (0x00B81813) slli a6, a6, 0xb
x16 <- 0xFFFFFE4001840000

mem[X,0x0000000080000988] -> 0x0813
mem[X,0x000000008000098A] -> 0x0028
[615] [M]: 0x0000000080000988 (0x00280813) addi a6, a6, 0x2
x16 <- 0xFFFFFE4001840002

mem[X,0x000000008000098C] -> 0x1813
mem[X,0x000000008000098E] -> 0x00A8
[616] [M]: 0x000000008000098C (0x00A81813) slli a6, a6, 0xa
x16 <- 0xFFF9000610000800

mem[X,0x0000000080000990] -> 0xFA3B
mem[X,0x0000000080000992] -> 0xB906
[617] [M]: 0x0000000080000990 (0xB906FA3B) pmhacc.h.bo s4, a3, a6
x20 <- 0x1FFF0020BFFEEFFE

mem[X,0x0000000080000994] -> 0xB423
mem[X,0x0000000080000996] -> 0x0747
[618] [M]: 0x0000000080000994 (0x0747B423) sd s4, 0x68(a5)
mem[0x00000000800041F0] <- 0x1FFF0020BFFEEFFE

mem[X,0x0000000080000998] -> 0x0013
mem[X,0x000000008000099A] -> 0x0000
[619] [M]: 0x0000000080000998 (0x00000013) addi zero, zero, 0x0

mem[X,0x000000008000099C] -> 0x0013
mem[X,0x000000008000099E] -> 0x0000
[620] [M]: 0x000000008000099C (0x00000013) addi zero, zero, 0x0

mem[X,0x00000000800009A0] -> 0x4097
mem[X,0x00000000800009A2] -> 0x0000
[621] [M]: 0x00000000800009A0 (0x00004097) auipc ra, 0x4
x1 <- 0x00000000800049A0

mem[X,0x00000000800009A4] -> 0x8093
mem[X,0x00000000800009A6] -> 0x8580
[622] [M]: 0x00000000800009A4 (0x85808093) addi ra, ra, -0x7a8
x1 <- 0x00000000800041F8

mem[X,0x00000000800009A8] -> 0x0013
mem[X,0x00000000800009AA] -> 0x0000
[623] [M]: 0x00000000800009A8 (0x00000013) addi zero, zero, 0x0

mem[X,0x00000000800009AC] -> 0x0013
mem[X,0x00000000800009AE] -> 0x0000
[624] [M]: 0x00000000800009AC (0x00000013) addi zero, zero, 0x0

mem[X,0x00000000800009B0] -> 0x0013
mem[X,0x00000000800009B2] -> 0x0000
[625] [M]: 0x00000000800009B0 (0x00000013) addi zero, zero, 0x0

mem[X,0x00000000800009B4] -> 0x0013
mem[X,0x00000000800009B6] -> 0x0000
[626] [M]: 0x00000000800009B4 (0x00000013) addi zero, zero, 0x0

mem[X,0x00000000800009B8] -> 0x0013
mem[X,0x00000000800009BA] -> 0x0000
[627] [M]: 0x00000000800009B8 (0x00000013) addi zero, zero, 0x0

mem[X,0x00000000800009BC] -> 0x0013
mem[X,0x00000000800009BE] -> 0x0000
[628] [M]: 0x00000000800009BC (0x00000013) addi zero, zero, 0x0

mem[X,0x00000000800009C0] -> 0x0337
mem[X,0x00000000800009C2] -> 0xFFFC
[629] [M]: 0x00000000800009C0 (0xFFFC0337) lui t1, -0x40
x6 <- 0xFFFFFFFFFFFC0000

mem[X,0x00000000800009C4] -> 0x0313
mem[X,0x00000000800009C6] -> 0xF7F3
[630] [M]: 0x00000000800009C4 (0xF7F30313) addi t1, t1, -0x81
x6 <- 0xFFFFFFFFFFFBFF7F

mem[X,0x00000000800009C8] -> 0x1313
mem[X,0x00000000800009CA] -> 0x00B3
[631] [M]: 0x00000000800009C8 (0x00B31313) slli t1, t1, 0xb
x6 <- 0xFFFFFFFFDFFBF800

mem[X,0x00000000800009CC] -> 0x0313
mem[X,0x00000000800009CE] -> 0x7F73
[632] [M]: 0x00000000800009CC (0x7F730313) addi t1, t1, 0x7f7
x6 <- 0xFFFFFFFFDFFBFFF7

mem[X,0x00000000800009D0] -> 0x1313
mem[X,0x00000000800009D2] -> 0x00B3
[633] [M]: 0x00000000800009D0 (0x00B31313) slli t1, t1, 0xb
x6 <- 0xFFFFFEFFDFFFB800

mem[X,0x00000000800009D4] -> 0x0313
mem[X,0x00000000800009D6] -> 0x7FF3
[634] [M]: 0x00000000800009D4 (0x7FF30313) addi t1, t1, 0x7ff
x6 <- 0xFFFFFEFFDFFFBFFF

mem[X,0x00000000800009D8] -> 0x1313
mem[X,0x00000000800009DA] -> 0x00A3
[635] [M]: 0x00000000800009D8 (0x00A31313) slli t1, t1, 0xa
x6 <- 0xFFFBFF7FFEFFFC00

mem[X,0x00000000800009DC] -> 0x0313
mem[X,0x00000000800009DE] -> 0x1FF3
[636] [M]: 0x00000000800009DC (0x1FF30313) addi t1, t1, 0x1ff
x6 <- 0xFFFBFF7FFEFFFDFF

mem[X,0x00000000800009E0] -> 0x0CB7
mem[X,0x00000000800009E2] -> 0xFFF8
[637] [M]: 0x00000000800009E0 (0xFFF80CB7) lui s9, -0x80
x25 <- 0xFFFFFFFFFFF80000

mem[X,0x00000000800009E4] -> 0x8C93
mem[X,0x00000000800009E6] -> 0xFFDC
[638] [M]: 0x00000000800009E4 (0xFFDC8C93) addi s9, s9, -0x3
x25 <- 0xFFFFFFFFFFF7FFFD

mem[X,0x00000000800009E8] -> 0x9C93
mem[X,0x00000000800009EA] -> 0x00BC
[639] [M]: 0x00000000800009E8 (0x00BC9C93) slli s9, s9, 0xb
x25 <- 0xFFFFFFFFBFFFE800

mem[X,0x00000000800009EC] -> 0x8C93
mem[X,0x00000000800009EE] -> 0x000C
[640] [M]: 0x00000000800009EC (0x000C8C93) addi s9, s9, 0x0
x25 <- 0xFFFFFFFFBFFFE800

mem[X,0x00000000800009F0] -> 0x9C93
mem[X,0x00000000800009F2] -> 0x00BC
[641] [M]: 0x00000000800009F0 (0x00BC9C93) slli s9, s9, 0xb
x25 <- 0xFFFFFDFFFF400000

mem[X,0x00000000800009F4] -> 0x8C93
mem[X,0x00000000800009F6] -> 0x13DC
[642] [M]: 0x00000000800009F4 (0x13DC8C93) addi s9, s9, 0x13d
x25 <- 0xFFFFFDFFFF40013D

mem[X,0x00000000800009F8] -> 0x9C93
mem[X,0x00000000800009FA] -> 0x00AC
[643] [M]: 0x00000000800009F8 (0x00AC9C93) slli s9, s9, 0xa
x25 <- 0xFFF7FFFD0004F400

mem[X,0x00000000800009FC] -> 0x8C93
mem[X,0x00000000800009FE] -> 0x3FFC
[644] [M]: 0x00000000800009FC (0x3FFC8C93) addi s9, s9, 0x3ff
x25 <- 0xFFF7FFFD0004F7FF

mem[X,0x0000000080000A00] -> 0x77BB
mem[X,0x0000000080000A02] -> 0xB993
[645] [M]: 0x0000000080000A00 (0xB99377BB) pmhacc.h.bo a5, t1, s9
x15 <- 0x0000000080004188

mem[X,0x0000000080000A04] -> 0xB023
mem[X,0x0000000080000A06] -> 0x00F0
[646] [M]: 0x0000000080000A04 (0x00F0B023) sd a5, 0x0(ra)
mem[0x00000000800041F8] <- 0x0000000080004188

mem[X,0x0000000080000A08] -> 0x0737
mem[X,0x0000000080000A0A] -> 0xDFFF
[647] [M]: 0x0000000080000A08 (0xDFFF0737) lui a4, -0x20010
x14 <- 0xFFFFFFFFDFFF0000

mem[X,0x0000000080000A0C] -> 0x0713
mem[X,0x0000000080000A0E] -> 0x0807
[648] [M]: 0x0000000080000A0C (0x08070713) addi a4, a4, 0x80
x14 <- 0xFFFFFFFFDFFF0080

mem[X,0x0000000080000A10] -> 0x1713
mem[X,0x0000000080000A12] -> 0x00B7
[649] [M]: 0x0000000080000A10 (0x00B71713) slli a4, a4, 0xb
x14 <- 0xFFFFFEFFF8040000

mem[X,0x0000000080000A14] -> 0x0713
mem[X,0x0000000080000A16] -> 0x0007
[650] [M]: 0x0000000080000A14 (0x00070713) addi a4, a4, 0x0
x14 <- 0xFFFFFEFFF8040000

mem[X,0x0000000080000A18] -> 0x1713
mem[X,0x0000000080000A1A] -> 0x00B7
[651] [M]: 0x0000000080000A18 (0x00B71713) slli a4, a4, 0xb
x14 <- 0xFFF7FFC020000000

mem[X,0x0000000080000A1C] -> 0x0713
mem[X,0x0000000080000A1E] -> 0x03E7
[652] [M]: 0x0000000080000A1C (0x03E70713) addi a4, a4, 0x3e
x14 <- 0xFFF7FFC02000003E

mem[X,0x0000000080000A20] -> 0x1713
mem[X,0x0000000080000A22] -> 0x00A7
[653] [M]: 0x0000000080000A20 (0x00A71713) slli a4, a4, 0xa
x14 <- 0xDFFF00800000F800

mem[X,0x0000000080000A24] -> 0x0713
mem[X,0x0000000080000A26] -> 0x3FF7
[654] [M]: 0x0000000080000A24 (0x3FF70713) addi a4, a4, 0x3ff
x14 <- 0xDFFF00800000FBFF

mem[X,0x0000000080000A28] -> 0x28B7
mem[X,0x0000000080000A2A] -> 0xDFFF
[655] [M]: 0x0000000080000A28 (0xDFFF28B7) lui a7, -0x2000e
x17 <- 0xFFFFFFFFDFFF2000

mem[X,0x0000000080000A2C] -> 0x8893
mem[X,0x0000000080000A2E] -> 0x0008
[656] [M]: 0x0000000080000A2C (0x00088893) addi a7, a7, 0x0
x17 <- 0xFFFFFFFFDFFF2000

mem[X,0x0000000080000A30] -> 0x9893
mem[X,0x0000000080000A32] -> 0x00B8
[657] [M]: 0x0000000080000A30 (0x00B89893) slli a7, a7, 0xb
x17 <- 0xFFFFFEFFF9000000

mem[X,0x0000000080000A34] -> 0x8893
mem[X,0x0000000080000A36] -> 0x0108
[658] [M]: 0x0000000080000A34 (0x01088893) addi a7, a7, 0x10
x17 <- 0xFFFFFEFFF9000010

mem[X,0x0000000080000A38] -> 0x9893
mem[X,0x0000000080000A3A] -> 0x00B8
[659] [M]: 0x0000000080000A38 (0x00B89893) slli a7, a7, 0xb
x17 <- 0xFFF7FFC800008000

mem[X,0x0000000080000A3C] -> 0x8893
mem[X,0x0000000080000A3E] -> 0x0048
[660] [M]: 0x0000000080000A3C (0x00488893) addi a7, a7, 0x4
x17 <- 0xFFF7FFC800008004

mem[X,0x0000000080000A40] -> 0x9893
mem[X,0x0000000080000A42] -> 0x00A8
[661] [M]: 0x0000000080000A40 (0x00A89893) slli a7, a7, 0xa
x17 <- 0xDFFF200002001000

mem[X,0x0000000080000A44] -> 0x79BB
mem[X,0x0000000080000A46] -> 0xB917
[662] [M]: 0x0000000080000A44 (0xB91779BB) pmhacc.h.bo s3, a4, a7
x19 <- 0x0044FBFF0004FFFD

mem[X,0x0000000080000A48] -> 0xB423
mem[X,0x0000000080000A4A] -> 0x0130
[663] [M]: 0x0000000080000A48 (0x0130B423) sd s3, 0x8(ra)
mem[0x0000000080004200] <- 0x0044FBFF0004FFFD

mem[X,0x0000000080000A4C] -> 0x0A37
mem[X,0x0000000080000A4E] -> 0x0401
[664] [M]: 0x0000000080000A4C (0x04010A37) lui s4, 0x4010
x20 <- 0x0000000004010000

mem[X,0x0000000080000A50] -> 0x0A13
mem[X,0x0000000080000A52] -> 0xBFFA
[665] [M]: 0x0000000080000A50 (0xBFFA0A13) addi s4, s4, -0x401
x20 <- 0x000000000400FBFF

mem[X,0x0000000080000A54] -> 0x1A13
mem[X,0x0000000080000A56] -> 0x00BA
[666] [M]: 0x0000000080000A54 (0x00BA1A13) slli s4, s4, 0xb
x20 <- 0x0000002007DFF800

mem[X,0x0000000080000A58] -> 0x0A13
mem[X,0x0000000080000A5A] -> 0x020A
[667] [M]: 0x0000000080000A58 (0x020A0A13) addi s4, s4, 0x20
x20 <- 0x0000002007DFF820

mem[X,0x0000000080000A5C] -> 0x1A13
mem[X,0x0000000080000A5E] -> 0x00BA
[668] [M]: 0x0000000080000A5C (0x00BA1A13) slli s4, s4, 0xb
x20 <- 0x0001003EFFC10000

mem[X,0x0000000080000A60] -> 0x0A13
mem[X,0x0000000080000A62] -> 0x03DA
[669] [M]: 0x0000000080000A60 (0x03DA0A13) addi s4, s4, 0x3d
x20 <- 0x0001003EFFC1003D

mem[X,0x0000000080000A64] -> 0x1A13
mem[X,0x0000000080000A66] -> 0x00AA
[670] [M]: 0x0000000080000A64 (0x00AA1A13) slli s4, s4, 0xa
x20 <- 0x0400FBFF0400F400

mem[X,0x0000000080000A68] -> 0x0A13
mem[X,0x0000000080000A6A] -> 0x3FFA
[671] [M]: 0x0000000080000A68 (0x3FFA0A13) addi s4, s4, 0x3ff
x20 <- 0x0400FBFF0400F7FF

mem[X,0x0000000080000A6C] -> 0x0037
mem[X,0x0000000080000A6E] -> 0x0200
[672] [M]: 0x0000000080000A6C (0x02000037) lui zero, 0x2000

mem[X,0x0000000080000A70] -> 0x0013
mem[X,0x0000000080000A72] -> 0x4000
[673] [M]: 0x0000000080000A70 (0x40000013) addi zero, zero, 0x400

mem[X,0x0000000080000A74] -> 0x1013
mem[X,0x0000000080000A76] -> 0x00B0
[674] [M]: 0x0000000080000A74 (0x00B01013) slli zero, zero, 0xb

mem[X,0x0000000080000A78] -> 0x0013
mem[X,0x0000000080000A7A] -> 0x0040
[675] [M]: 0x0000000080000A78 (0x00400013) addi zero, zero, 0x4

mem[X,0x0000000080000A7C] -> 0x1013
mem[X,0x0000000080000A7E] -> 0x00B0
[676] [M]: 0x0000000080000A7C (0x00B01013) slli zero, zero, 0xb

mem[X,0x0000000080000A80] -> 0x0013
mem[X,0x0000000080000A82] -> 0x0100
[677] [M]: 0x0000000080000A80 (0x01000013) addi zero, zero, 0x10

mem[X,0x0000000080000A84] -> 0x1013
mem[X,0x0000000080000A86] -> 0x00A0
[678] [M]: 0x0000000080000A84 (0x00A01013) slli zero, zero, 0xa

mem[X,0x0000000080000A88] -> 0x733B
mem[X,0x0000000080000A8A] -> 0xB80A
[679] [M]: 0x0000000080000A88 (0xB80A733B) pmhacc.h.bo t1, s4, zero
x6 <- 0xFFFBFF7FFEFFFDFF

mem[X,0x0000000080000A8C] -> 0xB823
mem[X,0x0000000080000A8E] -> 0x0060
[680] [M]: 0x0000000080000A8C (0x0060B823) sd t1, 0x10(ra)
mem[0x0000000080004208] <- 0xFFFBFF7FFEFFFDFF

mem[X,0x0000000080000A90] -> 0x0937
mem[X,0x0000000080000A92] -> 0xFFBF
[681] [M]: 0x0000000080000A90 (0xFFBF0937) lui s2, -0x410
x18 <- 0xFFFFFFFFFFBF0000

mem[X,0x0000000080000A94] -> 0x0913
mem[X,0x0000000080000A96] -> 0x0009
[682] [M]: 0x0000000080000A94 (0x00090913) addi s2, s2, 0x0
x18 <- 0xFFFFFFFFFFBF0000

mem[X,0x0000000080000A98] -> 0x1913
mem[X,0x0000000080000A9A] -> 0x00B9
[683] [M]: 0x0000000080000A98 (0x00B91913) slli s2, s2, 0xb
x18 <- 0xFFFFFFFDF8000000

mem[X,0x0000000080000A9C] -> 0x0913
mem[X,0x0000000080000A9E] -> 0x0009
[684] [M]: 0x0000000080000A9C (0x00090913) addi s2, s2, 0x0
x18 <- 0xFFFFFFFDF8000000

mem[X,0x0000000080000AA0] -> 0x1913
mem[X,0x0000000080000AA2] -> 0x00B9
[685] [M]: 0x0000000080000AA0 (0x00B91913) slli s2, s2, 0xb
x18 <- 0xFFFFEFC000000000

mem[X,0x0000000080000AA4] -> 0x0913
mem[X,0x0000000080000AA6] -> 0x13B9
[686] [M]: 0x0000000080000AA4 (0x13B90913) addi s2, s2, 0x13b
x18 <- 0xFFFFEFC00000013B

mem[X,0x0000000080000AA8] -> 0x1913
mem[X,0x0000000080000AAA] -> 0x00A9
[687] [M]: 0x0000000080000AA8 (0x00A91913) slli s2, s2, 0xa
x18 <- 0xFFBF00000004EC00

mem[X,0x0000000080000AAC] -> 0x0913
mem[X,0x0000000080000AAE] -> 0x3FF9
[688] [M]: 0x0000000080000AAC (0x3FF90913) addi s2, s2, 0x3ff
x18 <- 0xFFBF00000004EFFF

mem[X,0x0000000080000AB0] -> 0x0AB7
mem[X,0x0000000080000AB2] -> 0xFFF6
[689] [M]: 0x0000000080000AB0 (0xFFF60AB7) lui s5, -0xa0
x21 <- 0xFFFFFFFFFFF60000

mem[X,0x0000000080000AB4] -> 0x8A93
mem[X,0x0000000080000AB6] -> 0x400A
[690] [M]: 0x0000000080000AB4 (0x400A8A93) addi s5, s5, 0x400
x21 <- 0xFFFFFFFFFFF60400

mem[X,0x0000000080000AB8] -> 0x9A93
mem[X,0x0000000080000ABA] -> 0x00BA
[691] [M]: 0x0000000080000AB8 (0x00BA9A93) slli s5, s5, 0xb
x21 <- 0xFFFFFFFFB0200000

mem[X,0x0000000080000ABC] -> 0x8A93
mem[X,0x0000000080000ABE] -> 0x7DFA
[692] [M]: 0x0000000080000ABC (0x7DFA8A93) addi s5, s5, 0x7df
x21 <- 0xFFFFFFFFB02007DF

mem[X,0x0000000080000AC0] -> 0x9A93
mem[X,0x0000000080000AC2] -> 0x00BA
[693] [M]: 0x0000000080000AC0 (0x00BA9A93) slli s5, s5, 0xb
x21 <- 0xFFFFFD81003EF800

mem[X,0x0000000080000AC4] -> 0x8A93
mem[X,0x0000000080000AC6] -> 0x7C0A
[694] [M]: 0x0000000080000AC4 (0x7C0A8A93) addi s5, s5, 0x7c0
x21 <- 0xFFFFFD81003EFFC0

mem[X,0x0000000080000AC8] -> 0x9A93
mem[X,0x0000000080000ACA] -> 0x00AA
[695] [M]: 0x0000000080000AC8 (0x00AA9A93) slli s5, s5, 0xa
x21 <- 0xFFF60400FBFF0000

mem[X,0x0000000080000ACC] -> 0x8A93
mem[X,0x0000000080000ACE] -> 0x006A
[696] [M]: 0x0000000080000ACC (0x006A8A93) addi s5, s5, 0x6
x21 <- 0xFFF60400FBFF0006

mem[X,0x0000000080000AD0] -> 0x7CBB
mem[X,0x0000000080000AD2] -> 0xB959
[697] [M]: 0x0000000080000AD0 (0xB9597CBB) pmhacc.h.bo s9, s2, s5
x25 <- 0xFFF7FFFD0003F7FF

mem[X,0x0000000080000AD4] -> 0xBC23
mem[X,0x0000000080000AD6] -> 0x0190
[698] [M]: 0x0000000080000AD4 (0x0190BC23) sd s9, 0x18(ra)
mem[0x0000000080004210] <- 0xFFF7FFFD0003F7FF

mem[X,0x0000000080000AD8] -> 0x0F37
mem[X,0x0000000080000ADA] -> 0x0003
[699] [M]: 0x0000000080000AD8 (0x00030F37) lui t5, 0x30
x30 <- 0x0000000000030000

clint::tick mtime <- 0x0000000000000007
 clint timer pending at mtime 0x0000000000000007
htif::tick 0x0000000000000000
mem[X,0x0000000080000ADC] -> 0x0F13
mem[X,0x0000000080000ADE] -> 0x010F
[700] [M]: 0x0000000080000ADC (0x010F0F13) addi t5, t5, 0x10
x30 <- 0x0000000000030010

mem[X,0x0000000080000AE0] -> 0x1F13
mem[X,0x0000000080000AE2] -> 0x00BF
[701] [M]: 0x0000000080000AE0 (0x00BF1F13) slli t5, t5, 0xb
x30 <- 0x0000000018008000

mem[X,0x0000000080000AE4] -> 0x0F13
mem[X,0x0000000080000AE6] -> 0x000F
[702] [M]: 0x0000000080000AE4 (0x000F0F13) addi t5, t5, 0x0
x30 <- 0x0000000018008000

mem[X,0x0000000080000AE8] -> 0x1F13
mem[X,0x0000000080000AEA] -> 0x00BF
[703] [M]: 0x0000000080000AE8 (0x00BF1F13) slli t5, t5, 0xb
x30 <- 0x000000C004000000

mem[X,0x0000000080000AEC] -> 0x0F13
mem[X,0x0000000080000AEE] -> 0x137F
[704] [M]: 0x0000000080000AEC (0x137F0F13) addi t5, t5, 0x137
x30 <- 0x000000C004000137

mem[X,0x0000000080000AF0] -> 0x1F13
mem[X,0x0000000080000AF2] -> 0x00AF
[705] [M]: 0x0000000080000AF0 (0x00AF1F13) slli t5, t5, 0xa
x30 <- 0x000300100004DC00

mem[X,0x0000000080000AF4] -> 0x0F13
mem[X,0x0000000080000AF6] -> 0x3FFF
[706] [M]: 0x0000000080000AF4 (0x3FFF0F13) addi t5, t5, 0x3ff
x30 <- 0x000300100004DFFF

mem[X,0x0000000080000AF8] -> 0x0EB7
mem[X,0x0000000080000AFA] -> 0x0006
[707] [M]: 0x0000000080000AF8 (0x00060EB7) lui t4, 0x60
x29 <- 0x0000000000060000

mem[X,0x0000000080000AFC] -> 0x8E93
mem[X,0x0000000080000AFE] -> 0x004E
[708] [M]: 0x0000000080000AFC (0x004E8E93) addi t4, t4, 0x4
x29 <- 0x0000000000060004

mem[X,0x0000000080000B00] -> 0x9E93
mem[X,0x0000000080000B02] -> 0x00BE
[709] [M]: 0x0000000080000B00 (0x00BE9E93) slli t4, t4, 0xb
x29 <- 0x0000000030002000

mem[X,0x0000000080000B04] -> 0x8E93
mem[X,0x0000000080000B06] -> 0x7FDE
[710] [M]: 0x0000000080000B04 (0x7FDE8E93) addi t4, t4, 0x7fd
x29 <- 0x00000000300027FD

mem[X,0x0000000080000B08] -> 0x9E93
mem[X,0x0000000080000B0A] -> 0x00BE
[711] [M]: 0x0000000080000B08 (0x00BE9E93) slli t4, t4, 0xb
x29 <- 0x00000180013FE800

mem[X,0x0000000080000B0C] -> 0x8E93
mem[X,0x0000000080000B0E] -> 0x7FFE
[712] [M]: 0x0000000080000B0C (0x7FFE8E93) addi t4, t4, 0x7ff
x29 <- 0x00000180013FEFFF

mem[X,0x0000000080000B10] -> 0x9E93
mem[X,0x0000000080000B12] -> 0x00AE
[713] [M]: 0x0000000080000B10 (0x00AE9E93) slli t4, t4, 0xa
x29 <- 0x00060004FFBFFC00

mem[X,0x0000000080000B14] -> 0x8E93
mem[X,0x0000000080000B16] -> 0x3F6E
[714] [M]: 0x0000000080000B14 (0x3F6E8E93) addi t4, t4, 0x3f6
x29 <- 0x00060004FFBFFFF6

mem[X,0x0000000080000B18] -> 0x7FBB
mem[X,0x0000000080000B1A] -> 0xB9DF
[715] [M]: 0x0000000080000B18 (0xB9DF7FBB) pmhacc.h.bo t6, t5, t4
x31 <- 0x0020FFEFEFFE0006

mem[X,0x0000000080000B1C] -> 0xB023
mem[X,0x0000000080000B1E] -> 0x03F0
[716] [M]: 0x0000000080000B1C (0x03F0B023) sd t6, 0x20(ra)
mem[0x0000000080004218] <- 0x0020FFEFEFFE0006

mem[X,0x0000000080000B20] -> 0x0F37
mem[X,0x0000000080000B22] -> 0x8001
[717] [M]: 0x0000000080000B20 (0x80010F37) lui t5, -0x7fff0
x30 <- 0xFFFFFFFF80010000

mem[X,0x0000000080000B24] -> 0x0F13
mem[X,0x0000000080000B26] -> 0xFFAF
[718] [M]: 0x0000000080000B24 (0xFFAF0F13) addi t5, t5, -0x6
x30 <- 0xFFFFFFFF8000FFFA

mem[X,0x0000000080000B28] -> 0x1F13
mem[X,0x0000000080000B2A] -> 0x00BF
[719] [M]: 0x0000000080000B28 (0x00BF1F13) slli t5, t5, 0xb
x30 <- 0xFFFFFC0007FFD000

mem[X,0x0000000080000B2C] -> 0x0F13
mem[X,0x0000000080000B2E] -> 0x7FFF
[720] [M]: 0x0000000080000B2C (0x7FFF0F13) addi t5, t5, 0x7ff
x30 <- 0xFFFFFC0007FFD7FF

mem[X,0x0000000080000B30] -> 0x1F13
mem[X,0x0000000080000B32] -> 0x00BF
[721] [M]: 0x0000000080000B30 (0x00BF1F13) slli t5, t5, 0xb
x30 <- 0xFFE0003FFEBFF800

mem[X,0x0000000080000B34] -> 0x0F13
mem[X,0x0000000080000B36] -> 0x77FF
[722] [M]: 0x0000000080000B34 (0x77FF0F13) addi t5, t5, 0x77f
x30 <- 0xFFE0003FFEBFFF7F

mem[X,0x0000000080000B38] -> 0x1F13
mem[X,0x0000000080000B3A] -> 0x00AF
[723] [M]: 0x0000000080000B38 (0x00AF1F13) slli t5, t5, 0xa
x30 <- 0x8000FFFAFFFDFC00

mem[X,0x0000000080000B3C] -> 0x0F13
mem[X,0x0000000080000B3E] -> 0x1FFF
[724] [M]: 0x0000000080000B3C (0x1FFF0F13) addi t5, t5, 0x1ff
x30 <- 0x8000FFFAFFFDFDFF

mem[X,0x0000000080000B40] -> 0x0EB7
mem[X,0x0000000080000B42] -> 0x7FFF
[725] [M]: 0x0000000080000B40 (0x7FFF0EB7) lui t4, 0x7fff0
x29 <- 0x000000007FFF0000

mem[X,0x0000000080000B44] -> 0x8E93
mem[X,0x0000000080000B46] -> 0x009E
[726] [M]: 0x0000000080000B44 (0x009E8E93) addi t4, t4, 0x9
x29 <- 0x000000007FFF0009

mem[X,0x0000000080000B48] -> 0x9E93
mem[X,0x0000000080000B4A] -> 0x00BE
[727] [M]: 0x0000000080000B48 (0x00BE9E93) slli t4, t4, 0xb
x29 <- 0x000003FFF8004800

mem[X,0x0000000080000B4C] -> 0x8E93
mem[X,0x0000000080000B4E] -> 0x100E
[728] [M]: 0x0000000080000B4C (0x100E8E93) addi t4, t4, 0x100
x29 <- 0x000003FFF8004900

mem[X,0x0000000080000B50] -> 0x9E93
mem[X,0x0000000080000B52] -> 0x00BE
[729] [M]: 0x0000000080000B50 (0x00BE9E93) slli t4, t4, 0xb
x29 <- 0x001FFFC002480000

mem[X,0x0000000080000B54] -> 0x8E93
mem[X,0x0000000080000B56] -> 0x03FE
[730] [M]: 0x0000000080000B54 (0x03FE8E93) addi t4, t4, 0x3f
x29 <- 0x001FFFC00248003F

mem[X,0x0000000080000B58] -> 0x9E93
mem[X,0x0000000080000B5A] -> 0x00AE
[731] [M]: 0x0000000080000B58 (0x00AE9E93) slli t4, t4, 0xa
x29 <- 0x7FFF00092000FC00

mem[X,0x0000000080000B5C] -> 0x8E93
mem[X,0x0000000080000B5E] -> 0x2FFE
[732] [M]: 0x0000000080000B5C (0x2FFE8E93) addi t4, t4, 0x2ff
x29 <- 0x7FFF00092000FEFF

mem[X,0x0000000080000B60] -> 0x7FBB
mem[X,0x0000000080000B62] -> 0xB9DF
[733] [M]: 0x0000000080000B60 (0xB9DF7FBB) pmhacc.h.bo t6, t5, t4
x31 <- 0xFFE0FFEFEFFD0006

mem[X,0x0000000080000B64] -> 0xB423
mem[X,0x0000000080000B66] -> 0x03F0
[734] [M]: 0x0000000080000B64 (0x03F0B423) sd t6, 0x28(ra)
mem[0x0000000080004220] <- 0xFFE0FFEFEFFD0006

mem[X,0x0000000080000B68] -> 0xCF37
mem[X,0x0000000080000B6A] -> 0x2000
[735] [M]: 0x0000000080000B68 (0x2000CF37) lui t5, 0x2000c
x30 <- 0x000000002000C000

mem[X,0x0000000080000B6C] -> 0x0F13
mem[X,0x0000000080000B6E] -> 0xFFFF
[736] [M]: 0x0000000080000B6C (0xFFFF0F13) addi t5, t5, -0x1
x30 <- 0x000000002000BFFF

mem[X,0x0000000080000B70] -> 0x1F13
mem[X,0x0000000080000B72] -> 0x00BF
[737] [M]: 0x0000000080000B70 (0x00BF1F13) slli t5, t5, 0xb
x30 <- 0x0000010005FFF800

mem[X,0x0000000080000B74] -> 0x0F13
mem[X,0x0000000080000B76] -> 0x000F
[738] [M]: 0x0000000080000B74 (0x000F0F13) addi t5, t5, 0x0
x30 <- 0x0000010005FFF800

mem[X,0x0000000080000B78] -> 0x1F13
mem[X,0x0000000080000B7A] -> 0x00BF
[739] [M]: 0x0000000080000B78 (0x00BF1F13) slli t5, t5, 0xb
x30 <- 0x0008002FFFC00000

mem[X,0x0000000080000B7C] -> 0x0F13
mem[X,0x0000000080000B7E] -> 0x23FF
[740] [M]: 0x0000000080000B7C (0x23FF0F13) addi t5, t5, 0x23f
x30 <- 0x0008002FFFC0023F

mem[X,0x0000000080000B80] -> 0x1F13
mem[X,0x0000000080000B82] -> 0x00AF
[741] [M]: 0x0000000080000B80 (0x00AF1F13) slli t5, t5, 0xa
x30 <- 0x2000BFFF0008FC00

mem[X,0x0000000080000B84] -> 0x0F13
mem[X,0x0000000080000B86] -> 0x2FFF
[742] [M]: 0x0000000080000B84 (0x2FFF0F13) addi t5, t5, 0x2ff
x30 <- 0x2000BFFF0008FEFF

mem[X,0x0000000080000B88] -> 0x0EB7
mem[X,0x0000000080000B8A] -> 0x0002
[743] [M]: 0x0000000080000B88 (0x00020EB7) lui t4, 0x20
x29 <- 0x0000000000020000

mem[X,0x0000000080000B8C] -> 0x8E93
mem[X,0x0000000080000B8E] -> 0x200E
[744] [M]: 0x0000000080000B8C (0x200E8E93) addi t4, t4, 0x200
x29 <- 0x0000000000020200

mem[X,0x0000000080000B90] -> 0x9E93
mem[X,0x0000000080000B92] -> 0x00BE
[745] [M]: 0x0000000080000B90 (0x00BE9E93) slli t4, t4, 0xb
x29 <- 0x0000000010100000

mem[X,0x0000000080000B94] -> 0x8E93
mem[X,0x0000000080000B96] -> 0x000E
[746] [M]: 0x0000000080000B94 (0x000E8E93) addi t4, t4, 0x0
x29 <- 0x0000000010100000

mem[X,0x0000000080000B98] -> 0x9E93
mem[X,0x0000000080000B9A] -> 0x00BE
[747] [M]: 0x0000000080000B98 (0x00BE9E93) slli t4, t4, 0xb
x29 <- 0x0000008080000000

mem[X,0x0000000080000B9C] -> 0x8E93
mem[X,0x0000000080000B9E] -> 0x008E
[748] [M]: 0x0000000080000B9C (0x008E8E93) addi t4, t4, 0x8
x29 <- 0x0000008080000008

mem[X,0x0000000080000BA0] -> 0x9E93
mem[X,0x0000000080000BA2] -> 0x00AE
[749] [M]: 0x0000000080000BA0 (0x00AE9E93) slli t4, t4, 0xa
x29 <- 0x0002020000002000

mem[X,0x0000000080000BA4] -> 0x7FBB
mem[X,0x0000000080000BA6] -> 0xB9DF
[750] [M]: 0x0000000080000BA4 (0xB9DF7FBB) pmhacc.h.bo t6, t5, t4
x31 <- 0xFFE0FFEEEFFD0005

mem[X,0x0000000080000BA8] -> 0xB823
mem[X,0x0000000080000BAA] -> 0x03F0
[751] [M]: 0x0000000080000BA8 (0x03F0B823) sd t6, 0x30(ra)
mem[0x0000000080004228] <- 0xFFE0FFEEEFFD0005

mem[X,0x0000000080000BAC] -> 0x8F37
mem[X,0x0000000080000BAE] -> 0x0040
[752] [M]: 0x0000000080000BAC (0x00408F37) lui t5, 0x408
x30 <- 0x0000000000408000

mem[X,0x0000000080000BB0] -> 0x0F13
mem[X,0x0000000080000BB2] -> 0x000F
[753] [M]: 0x0000000080000BB0 (0x000F0F13) addi t5, t5, 0x0
x30 <- 0x0000000000408000

mem[X,0x0000000080000BB4] -> 0x1F13
mem[X,0x0000000080000BB6] -> 0x00BF
[754] [M]: 0x0000000080000BB4 (0x00BF1F13) slli t5, t5, 0xb
x30 <- 0x0000000204000000

mem[X,0x0000000080000BB8] -> 0x0F13
mem[X,0x0000000080000BBA] -> 0x7FFF
[755] [M]: 0x0000000080000BB8 (0x7FFF0F13) addi t5, t5, 0x7ff
x30 <- 0x00000002040007FF

mem[X,0x0000000080000BBC] -> 0x1F13
mem[X,0x0000000080000BBE] -> 0x00BF
[756] [M]: 0x0000000080000BBC (0x00BF1F13) slli t5, t5, 0xb
x30 <- 0x00001020003FF800

mem[X,0x0000000080000BC0] -> 0x0F13
mem[X,0x0000000080000BC2] -> 0x6BFF
[757] [M]: 0x0000000080000BC0 (0x6BFF0F13) addi t5, t5, 0x6bf
x30 <- 0x00001020003FFEBF

mem[X,0x0000000080000BC4] -> 0x1F13
mem[X,0x0000000080000BC6] -> 0x00AF
[758] [M]: 0x0000000080000BC4 (0x00AF1F13) slli t5, t5, 0xa
x30 <- 0x00408000FFFAFC00

mem[X,0x0000000080000BC8] -> 0x0F13
mem[X,0x0000000080000BCA] -> 0x3FFF
[759] [M]: 0x0000000080000BC8 (0x3FFF0F13) addi t5, t5, 0x3ff
x30 <- 0x00408000FFFAFFFF

mem[X,0x0000000080000BCC] -> 0x1EB7
mem[X,0x0000000080000BCE] -> 0x0004
[760] [M]: 0x0000000080000BCC (0x00041EB7) lui t4, 0x41
x29 <- 0x0000000000041000

mem[X,0x0000000080000BD0] -> 0x8E93
mem[X,0x0000000080000BD2] -> 0x800E
[761] [M]: 0x0000000080000BD0 (0x800E8E93) addi t4, t4, -0x800
x29 <- 0x0000000000040800

mem[X,0x0000000080000BD4] -> 0x9E93
mem[X,0x0000000080000BD6] -> 0x00BE
[762] [M]: 0x0000000080000BD4 (0x00BE9E93) slli t4, t4, 0xb
x29 <- 0x0000000020400000

mem[X,0x0000000080000BD8] -> 0x8E93
mem[X,0x0000000080000BDA] -> 0x7FEE
[763] [M]: 0x0000000080000BD8 (0x7FEE8E93) addi t4, t4, 0x7fe
x29 <- 0x00000000204007FE

mem[X,0x0000000080000BDC] -> 0x9E93
mem[X,0x0000000080000BDE] -> 0x00BE
[764] [M]: 0x0000000080000BDC (0x00BE9E93) slli t4, t4, 0xb
x29 <- 0x00000102003FF000

mem[X,0x0000000080000BE0] -> 0x8E93
mem[X,0x0000000080000BE2] -> 0x7C0E
[765] [M]: 0x0000000080000BE0 (0x7C0E8E93) addi t4, t4, 0x7c0
x29 <- 0x00000102003FF7C0

mem[X,0x0000000080000BE4] -> 0x9E93
mem[X,0x0000000080000BE6] -> 0x00AE
[766] [M]: 0x0000000080000BE4 (0x00AE9E93) slli t4, t4, 0xa
x29 <- 0x00040800FFDF0000

mem[X,0x0000000080000BE8] -> 0x8E93
mem[X,0x0000000080000BEA] -> 0x003E
[767] [M]: 0x0000000080000BE8 (0x003E8E93) addi t4, t4, 0x3
x29 <- 0x00040800FFDF0003

mem[X,0x0000000080000BEC] -> 0x7FBB
mem[X,0x0000000080000BEE] -> 0xB9DF
[768] [M]: 0x0000000080000BEC (0xB9DF7FBB) pmhacc.h.bo t6, t5, t4
x31 <- 0xFFE0FFEAEFFD0005

mem[X,0x0000000080000BF0] -> 0xBC23
mem[X,0x0000000080000BF2] -> 0x03F0
[769] [M]: 0x0000000080000BF0 (0x03F0BC23) sd t6, 0x38(ra)
mem[0x0000000080004230] <- 0xFFE0FFEAEFFD0005

mem[X,0x0000000080000BF4] -> 0x0F37
mem[X,0x0000000080000BF6] -> 0x0002
[770] [M]: 0x0000000080000BF4 (0x00020F37) lui t5, 0x20
x30 <- 0x0000000000020000

mem[X,0x0000000080000BF8] -> 0x0F13
mem[X,0x0000000080000BFA] -> 0xFFBF
[771] [M]: 0x0000000080000BF8 (0xFFBF0F13) addi t5, t5, -0x5
x30 <- 0x000000000001FFFB

mem[X,0x0000000080000BFC] -> 0x1F13
mem[X,0x0000000080000BFE] -> 0x00BF
[772] [M]: 0x0000000080000BFC (0x00BF1F13) slli t5, t5, 0xb
x30 <- 0x000000000FFFD800

mem[X,0x0000000080000C00] -> 0x0F13
mem[X,0x0000000080000C02] -> 0x7FFF
[773] [M]: 0x0000000080000C00 (0x7FFF0F13) addi t5, t5, 0x7ff
x30 <- 0x000000000FFFDFFF

mem[X,0x0000000080000C04] -> 0x1F13
mem[X,0x0000000080000C06] -> 0x00BF
[774] [M]: 0x0000000080000C04 (0x00BF1F13) slli t5, t5, 0xb
x30 <- 0x0000007FFEFFF800

mem[X,0x0000000080000C08] -> 0x0F13
mem[X,0x0000000080000C0A] -> 0x648F
[775] [M]: 0x0000000080000C08 (0x648F0F13) addi t5, t5, 0x648
x30 <- 0x0000007FFEFFFE48

mem[X,0x0000000080000C0C] -> 0x1F13
mem[X,0x0000000080000C0E] -> 0x00AF
[776] [M]: 0x0000000080000C0C (0x00AF1F13) slli t5, t5, 0xa
x30 <- 0x0001FFFBFFF92000

mem[X,0x0000000080000C10] -> 0x0EB7
mem[X,0x0000000080000C12] -> 0x0009
[777] [M]: 0x0000000080000C10 (0x00090EB7) lui t4, 0x90
x29 <- 0x0000000000090000

mem[X,0x0000000080000C14] -> 0x8E93
mem[X,0x0000000080000C16] -> 0xFF6E
[778] [M]: 0x0000000080000C14 (0xFF6E8E93) addi t4, t4, -0xa
x29 <- 0x000000000008FFF6

mem[X,0x0000000080000C18] -> 0x9E93
mem[X,0x0000000080000C1A] -> 0x00BE
[779] [M]: 0x0000000080000C18 (0x00BE9E93) slli t4, t4, 0xb
x29 <- 0x0000000047FFB000

mem[X,0x0000000080000C1C] -> 0x8E93
mem[X,0x0000000080000C1E] -> 0x7FFE
[780] [M]: 0x0000000080000C1C (0x7FFE8E93) addi t4, t4, 0x7ff
x29 <- 0x0000000047FFB7FF

mem[X,0x0000000080000C20] -> 0x9E93
mem[X,0x0000000080000C22] -> 0x00BE
[781] [M]: 0x0000000080000C20 (0x00BE9E93) slli t4, t4, 0xb
x29 <- 0x0000023FFDBFF800

mem[X,0x0000000080000C24] -> 0x8E93
mem[X,0x0000000080000C26] -> 0x67FE
[782] [M]: 0x0000000080000C24 (0x67FE8E93) addi t4, t4, 0x67f
x29 <- 0x0000023FFDBFFE7F

mem[X,0x0000000080000C28] -> 0x9E93
mem[X,0x0000000080000C2A] -> 0x00AE
[783] [M]: 0x0000000080000C28 (0x00AE9E93) slli t4, t4, 0xa
x29 <- 0x0008FFF6FFF9FC00

mem[X,0x0000000080000C2C] -> 0x8E93
mem[X,0x0000000080000C2E] -> 0x2FFE
[784] [M]: 0x0000000080000C2C (0x2FFE8E93) addi t4, t4, 0x2ff
x29 <- 0x0008FFF6FFF9FEFF

mem[X,0x0000000080000C30] -> 0x7FBB
mem[X,0x0000000080000C32] -> 0xB9DF
[785] [M]: 0x0000000080000C30 (0xB9DF7FBB) pmhacc.h.bo t6, t5, t4
x31 <- 0xFFE0FFEAEFFD0004

mem[X,0x0000000080000C34] -> 0xB023
mem[X,0x0000000080000C36] -> 0x05F0
[786] [M]: 0x0000000080000C34 (0x05F0B023) sd t6, 0x40(ra)
mem[0x0000000080004238] <- 0xFFE0FFEAEFFD0004

mem[X,0x0000000080000C38] -> 0x0F37
mem[X,0x0000000080000C3A] -> 0x0009
[787] [M]: 0x0000000080000C38 (0x00090F37) lui t5, 0x90
x30 <- 0x0000000000090000

mem[X,0x0000000080000C3C] -> 0x0F13
mem[X,0x0000000080000C3E] -> 0xEFFF
[788] [M]: 0x0000000080000C3C (0xEFFF0F13) addi t5, t5, -0x101
x30 <- 0x000000000008FEFF

mem[X,0x0000000080000C40] -> 0x1F13
mem[X,0x0000000080000C42] -> 0x00BF
[789] [M]: 0x0000000080000C40 (0x00BF1F13) slli t5, t5, 0xb
x30 <- 0x0000000047F7F800

mem[X,0x0000000080000C44] -> 0x0F13
mem[X,0x0000000080000C46] -> 0x000F
[790] [M]: 0x0000000080000C44 (0x000F0F13) addi t5, t5, 0x0
x30 <- 0x0000000047F7F800

mem[X,0x0000000080000C48] -> 0x1F13
mem[X,0x0000000080000C4A] -> 0x00BF
[791] [M]: 0x0000000080000C48 (0x00BF1F13) slli t5, t5, 0xb
x30 <- 0x0000023FBFC00000

mem[X,0x0000000080000C4C] -> 0x0F13
mem[X,0x0000000080000C4E] -> 0x240F
[792] [M]: 0x0000000080000C4C (0x240F0F13) addi t5, t5, 0x240
x30 <- 0x0000023FBFC00240

mem[X,0x0000000080000C50] -> 0x1F13
mem[X,0x0000000080000C52] -> 0x00AF
[793] [M]: 0x0000000080000C50 (0x00AF1F13) slli t5, t5, 0xa
x30 <- 0x0008FEFF00090000

mem[X,0x0000000080000C54] -> 0x0F13
mem[X,0x0000000080000C56] -> 0x002F
[794] [M]: 0x0000000080000C54 (0x002F0F13) addi t5, t5, 0x2
x30 <- 0x0008FEFF00090002

mem[X,0x0000000080000C58] -> 0x2EB7
mem[X,0x0000000080000C5A] -> 0x0010
[795] [M]: 0x0000000080000C58 (0x00102EB7) lui t4, 0x102
x29 <- 0x0000000000102000

mem[X,0x0000000080000C5C] -> 0x8E93
mem[X,0x0000000080000C5E] -> 0x000E
[796] [M]: 0x0000000080000C5C (0x000E8E93) addi t4, t4, 0x0
x29 <- 0x0000000000102000

mem[X,0x0000000080000C60] -> 0x9E93
mem[X,0x0000000080000C62] -> 0x00BE
[797] [M]: 0x0000000080000C60 (0x00BE9E93) slli t4, t4, 0xb
x29 <- 0x0000000081000000

mem[X,0x0000000080000C64] -> 0x8E93
mem[X,0x0000000080000C66] -> 0x6FFE
[798] [M]: 0x0000000080000C64 (0x6FFE8E93) addi t4, t4, 0x6ff
x29 <- 0x00000000810006FF

mem[X,0x0000000080000C68] -> 0x9E93
mem[X,0x0000000080000C6A] -> 0x00BE
[799] [M]: 0x0000000080000C68 (0x00BE9E93) slli t4, t4, 0xb
x29 <- 0x000004080037F800

clint::tick mtime <- 0x0000000000000008
 clint timer pending at mtime 0x0000000000000008
htif::tick 0x0000000000000000
mem[X,0x0000000080000C6C] -> 0x8E93
mem[X,0x0000000080000C6E] -> 0x7FFE
[800] [M]: 0x0000000080000C6C (0x7FFE8E93) addi t4, t4, 0x7ff
x29 <- 0x000004080037FFFF

mem[X,0x0000000080000C70] -> 0x9E93
mem[X,0x0000000080000C72] -> 0x00AE
[801] [M]: 0x0000000080000C70 (0x00AE9E93) slli t4, t4, 0xa
x29 <- 0x00102000DFFFFC00

mem[X,0x0000000080000C74] -> 0x8E93
mem[X,0x0000000080000C76] -> 0x3F6E
[802] [M]: 0x0000000080000C74 (0x3F6E8E93) addi t4, t4, 0x3f6
x29 <- 0x00102000DFFFFFF6

mem[X,0x0000000080000C78] -> 0x7FBB
mem[X,0x0000000080000C7A] -> 0xB9DF
[803] [M]: 0x0000000080000C78 (0xB9DF7FBB) pmhacc.h.bo t6, t5, t4
x31 <- 0xFFE0FFE9EFFC0003

mem[X,0x0000000080000C7C] -> 0xB423
mem[X,0x0000000080000C7E] -> 0x05F0
[804] [M]: 0x0000000080000C7C (0x05F0B423) sd t6, 0x48(ra)
mem[0x0000000080004240] <- 0xFFE0FFE9EFFC0003

mem[X,0x0000000080000C80] -> 0x0F37
mem[X,0x0000000080000C82] -> 0xF000
[805] [M]: 0x0000000080000C80 (0xF0000F37) lui t5, -0x10000
x30 <- 0xFFFFFFFFF0000000

mem[X,0x0000000080000C84] -> 0x0F13
mem[X,0x0000000080000C86] -> 0xFF9F
[806] [M]: 0x0000000080000C84 (0xFF9F0F13) addi t5, t5, -0x7
x30 <- 0xFFFFFFFFEFFFFFF9

mem[X,0x0000000080000C88] -> 0x1F13
mem[X,0x0000000080000C8A] -> 0x00BF
[807] [M]: 0x0000000080000C88 (0x00BF1F13) slli t5, t5, 0xb
x30 <- 0xFFFFFF7FFFFFC800

mem[X,0x0000000080000C8C] -> 0x0F13
mem[X,0x0000000080000C8E] -> 0x77FF
[808] [M]: 0x0000000080000C8C (0x77FF0F13) addi t5, t5, 0x77f
x30 <- 0xFFFFFF7FFFFFCF7F

mem[X,0x0000000080000C90] -> 0x1F13
mem[X,0x0000000080000C92] -> 0x00BF
[809] [M]: 0x0000000080000C90 (0x00BF1F13) slli t5, t5, 0xb
x30 <- 0xFFFBFFFFFE7BF800

mem[X,0x0000000080000C94] -> 0x0F13
mem[X,0x0000000080000C96] -> 0x7FFF
[810] [M]: 0x0000000080000C94 (0x7FFF0F13) addi t5, t5, 0x7ff
x30 <- 0xFFFBFFFFFE7BFFFF

mem[X,0x0000000080000C98] -> 0x1F13
mem[X,0x0000000080000C9A] -> 0x00AF
[811] [M]: 0x0000000080000C98 (0x00AF1F13) slli t5, t5, 0xa
x30 <- 0xEFFFFFF9EFFFFC00

mem[X,0x0000000080000C9C] -> 0x0F13
mem[X,0x0000000080000C9E] -> 0x2FFF
[812] [M]: 0x0000000080000C9C (0x2FFF0F13) addi t5, t5, 0x2ff
x30 <- 0xEFFFFFF9EFFFFEFF

mem[X,0x0000000080000CA0] -> 0x0EB7
mem[X,0x0000000080000CA2] -> 0x0081
[813] [M]: 0x0000000080000CA0 (0x00810EB7) lui t4, 0x810
x29 <- 0x0000000000810000

mem[X,0x0000000080000CA4] -> 0x8E93
mem[X,0x0000000080000CA6] -> 0xDFFE
[814] [M]: 0x0000000080000CA4 (0xDFFE8E93) addi t4, t4, -0x201
x29 <- 0x000000000080FDFF

mem[X,0x0000000080000CA8] -> 0x9E93
mem[X,0x0000000080000CAA] -> 0x00BE
[815] [M]: 0x0000000080000CA8 (0x00BE9E93) slli t4, t4, 0xb
x29 <- 0x0000000407EFF800

mem[X,0x0000000080000CAC] -> 0x8E93
mem[X,0x0000000080000CAE] -> 0x000E
[816] [M]: 0x0000000080000CAC (0x000E8E93) addi t4, t4, 0x0
x29 <- 0x0000000407EFF800

mem[X,0x0000000080000CB0] -> 0x9E93
mem[X,0x0000000080000CB2] -> 0x00BE
[817] [M]: 0x0000000080000CB0 (0x00BE9E93) slli t4, t4, 0xb
x29 <- 0x0000203F7FC00000

mem[X,0x0000000080000CB4] -> 0x8E93
mem[X,0x0000000080000CB6] -> 0x050E
[818] [M]: 0x0000000080000CB4 (0x050E8E93) addi t4, t4, 0x50
x29 <- 0x0000203F7FC00050

mem[X,0x0000000080000CB8] -> 0x9E93
mem[X,0x0000000080000CBA] -> 0x00AE
[819] [M]: 0x0000000080000CB8 (0x00AE9E93) slli t4, t4, 0xa
x29 <- 0x0080FDFF00014000

mem[X,0x0000000080000CBC] -> 0x7FBB
mem[X,0x0000000080000CBE] -> 0xB9DF
[820] [M]: 0x0000000080000CBC (0xB9DF7FBB) pmhacc.h.bo t6, t5, t4
x31 <- 0xFFE0FFE9EFFC0002

mem[X,0x0000000080000CC0] -> 0xB823
mem[X,0x0000000080000CC2] -> 0x05F0
[821] [M]: 0x0000000080000CC0 (0x05F0B823) sd t6, 0x50(ra)
mem[0x0000000080004248] <- 0xFFE0FFE9EFFC0002

mem[X,0x0000000080000CC4] -> 0x0F37
mem[X,0x0000000080000CC6] -> 0xFFF9
[822] [M]: 0x0000000080000CC4 (0xFFF90F37) lui t5, -0x70
x30 <- 0xFFFFFFFFFFF90000

mem[X,0x0000000080000CC8] -> 0x0F13
mem[X,0x0000000080000CCA] -> 0x003F
[823] [M]: 0x0000000080000CC8 (0x003F0F13) addi t5, t5, 0x3
x30 <- 0xFFFFFFFFFFF90003

mem[X,0x0000000080000CCC] -> 0x1F13
mem[X,0x0000000080000CCE] -> 0x00BF
[824] [M]: 0x0000000080000CCC (0x00BF1F13) slli t5, t5, 0xb
x30 <- 0xFFFFFFFFC8001800

mem[X,0x0000000080000CD0] -> 0x0F13
mem[X,0x0000000080000CD2] -> 0x7BFF
[825] [M]: 0x0000000080000CD0 (0x7BFF0F13) addi t5, t5, 0x7bf
x30 <- 0xFFFFFFFFC8001FBF

mem[X,0x0000000080000CD4] -> 0x1F13
mem[X,0x0000000080000CD6] -> 0x00BF
[826] [M]: 0x0000000080000CD4 (0x00BF1F13) slli t5, t5, 0xb
x30 <- 0xFFFFFE4000FDF800

mem[X,0x0000000080000CD8] -> 0x0F13
mem[X,0x0000000080000CDA] -> 0x7C0F
[827] [M]: 0x0000000080000CD8 (0x7C0F0F13) addi t5, t5, 0x7c0
x30 <- 0xFFFFFE4000FDFFC0

mem[X,0x0000000080000CDC] -> 0x1F13
mem[X,0x0000000080000CDE] -> 0x00AF
[828] [M]: 0x0000000080000CDC (0x00AF1F13) slli t5, t5, 0xa
x30 <- 0xFFF90003F7FF0000

mem[X,0x0000000080000CE0] -> 0x0F13
mem[X,0x0000000080000CE2] -> 0x006F
[829] [M]: 0x0000000080000CE0 (0x006F0F13) addi t5, t5, 0x6
x30 <- 0xFFF90003F7FF0006

mem[X,0x0000000080000CE4] -> 0x0EB7
mem[X,0x0000000080000CE6] -> 0x0401
[830] [M]: 0x0000000080000CE4 (0x04010EB7) lui t4, 0x4010
x29 <- 0x0000000004010000

mem[X,0x0000000080000CE8] -> 0x8E93
mem[X,0x0000000080000CEA] -> 0xFF7E
[831] [M]: 0x0000000080000CE8 (0xFF7E8E93) addi t4, t4, -0x9
x29 <- 0x000000000400FFF7

mem[X,0x0000000080000CEC] -> 0x9E93
mem[X,0x0000000080000CEE] -> 0x00BE
[832] [M]: 0x0000000080000CEC (0x00BE9E93) slli t4, t4, 0xb
x29 <- 0x0000002007FFB800

mem[X,0x0000000080000CF0] -> 0x8E93
mem[X,0x0000000080000CF2] -> 0x7FFE
[833] [M]: 0x0000000080000CF0 (0x7FFE8E93) addi t4, t4, 0x7ff
x29 <- 0x0000002007FFBFFF

mem[X,0x0000000080000CF4] -> 0x9E93
mem[X,0x0000000080000CF6] -> 0x00BE
[834] [M]: 0x0000000080000CF4 (0x00BE9E93) slli t4, t4, 0xb
x29 <- 0x0001003FFDFFF800

mem[X,0x0000000080000CF8] -> 0x8E93
mem[X,0x0000000080000CFA] -> 0x7C0E
[835] [M]: 0x0000000080000CF8 (0x7C0E8E93) addi t4, t4, 0x7c0
x29 <- 0x0001003FFDFFFFC0

mem[X,0x0000000080000CFC] -> 0x9E93
mem[X,0x0000000080000CFE] -> 0x00AE
[836] [M]: 0x0000000080000CFC (0x00AE9E93) slli t4, t4, 0xa
x29 <- 0x0400FFF7FFFF0000

mem[X,0x0000000080000D00] -> 0x8E93
mem[X,0x0000000080000D02] -> 0x005E
[837] [M]: 0x0000000080000D00 (0x005E8E93) addi t4, t4, 0x5
x29 <- 0x0400FFF7FFFF0005

mem[X,0x0000000080000D04] -> 0x7FBB
mem[X,0x0000000080000D06] -> 0xB9DF
[838] [M]: 0x0000000080000D04 (0xB9DF7FBB) pmhacc.h.bo t6, t5, t4
x31 <- 0xFFDFFFE8EFFC0002

mem[X,0x0000000080000D08] -> 0xBC23
mem[X,0x0000000080000D0A] -> 0x05F0
[839] [M]: 0x0000000080000D08 (0x05F0BC23) sd t6, 0x58(ra)
mem[0x0000000080004250] <- 0xFFDFFFE8EFFC0002

mem[X,0x0000000080000D0C] -> 0x0F37
mem[X,0x0000000080000D0E] -> 0x0000
[840] [M]: 0x0000000080000D0C (0x00000F37) lui t5, 0x0
x30 <- 0x0000000000000000

mem[X,0x0000000080000D10] -> 0x0F13
mem[X,0x0000000080000D12] -> 0x400F
[841] [M]: 0x0000000080000D10 (0x400F0F13) addi t5, t5, 0x400
x30 <- 0x0000000000000400

mem[X,0x0000000080000D14] -> 0x1F13
mem[X,0x0000000080000D16] -> 0x00BF
[842] [M]: 0x0000000080000D14 (0x00BF1F13) slli t5, t5, 0xb
x30 <- 0x0000000000200000

mem[X,0x0000000080000D18] -> 0x0F13
mem[X,0x0000000080000D1A] -> 0x7FDF
[843] [M]: 0x0000000080000D18 (0x7FDF0F13) addi t5, t5, 0x7fd
x30 <- 0x00000000002007FD

mem[X,0x0000000080000D1C] -> 0x1F13
mem[X,0x0000000080000D1E] -> 0x00BF
[844] [M]: 0x0000000080000D1C (0x00BF1F13) slli t5, t5, 0xb
x30 <- 0x00000001003FE800

mem[X,0x0000000080000D20] -> 0x0F13
mem[X,0x0000000080000D22] -> 0x7FFF
[845] [M]: 0x0000000080000D20 (0x7FFF0F13) addi t5, t5, 0x7ff
x30 <- 0x00000001003FEFFF

mem[X,0x0000000080000D24] -> 0x1F13
mem[X,0x0000000080000D26] -> 0x00AF
[846] [M]: 0x0000000080000D24 (0x00AF1F13) slli t5, t5, 0xa
x30 <- 0x00000400FFBFFC00

mem[X,0x0000000080000D28] -> 0x0F13
mem[X,0x0000000080000D2A] -> 0x2FFF
[847] [M]: 0x0000000080000D28 (0x2FFF0F13) addi t5, t5, 0x2ff
x30 <- 0x00000400FFBFFEFF

mem[X,0x0000000080000D2C] -> 0x0EB7
mem[X,0x0000000080000D2E] -> 0x0800
[848] [M]: 0x0000000080000D2C (0x08000EB7) lui t4, 0x8000
x29 <- 0x0000000008000000

mem[X,0x0000000080000D30] -> 0x8E93
mem[X,0x0000000080000D32] -> 0x000E
[849] [M]: 0x0000000080000D30 (0x000E8E93) addi t4, t4, 0x0
x29 <- 0x0000000008000000

mem[X,0x0000000080000D34] -> 0x9E93
mem[X,0x0000000080000D36] -> 0x00BE
[850] [M]: 0x0000000080000D34 (0x00BE9E93) slli t4, t4, 0xb
x29 <- 0x0000004000000000

mem[X,0x0000000080000D38] -> 0x8E93
mem[X,0x0000000080000D3A] -> 0x000E
[851] [M]: 0x0000000080000D38 (0x000E8E93) addi t4, t4, 0x0
x29 <- 0x0000004000000000

mem[X,0x0000000080000D3C] -> 0x9E93
mem[X,0x0000000080000D3E] -> 0x00BE
[852] [M]: 0x0000000080000D3C (0x00BE9E93) slli t4, t4, 0xb
x29 <- 0x0002000000000000

mem[X,0x0000000080000D40] -> 0x8E93
mem[X,0x0000000080000D42] -> 0x1FFE
[853] [M]: 0x0000000080000D40 (0x1FFE8E93) addi t4, t4, 0x1ff
x29 <- 0x00020000000001FF

mem[X,0x0000000080000D44] -> 0x9E93
mem[X,0x0000000080000D46] -> 0x00AE
[854] [M]: 0x0000000080000D44 (0x00AE9E93) slli t4, t4, 0xa
x29 <- 0x080000000007FC00

mem[X,0x0000000080000D48] -> 0x8E93
mem[X,0x0000000080000D4A] -> 0x3FBE
[855] [M]: 0x0000000080000D48 (0x3FBE8E93) addi t4, t4, 0x3fb
x29 <- 0x080000000007FFFB

mem[X,0x0000000080000D4C] -> 0x7FBB
mem[X,0x0000000080000D4E] -> 0xB9DF
[856] [M]: 0x0000000080000D4C (0xB9DF7FBB) pmhacc.h.bo t6, t5, t4
x31 <- 0xFFDFFFE8EFFC0002

mem[X,0x0000000080000D50] -> 0xB023
mem[X,0x0000000080000D52] -> 0x07F0
[857] [M]: 0x0000000080000D50 (0x07F0B023) sd t6, 0x60(ra)
mem[0x0000000080004258] <- 0xFFDFFFE8EFFC0002

mem[X,0x0000000080000D54] -> 0x0F37
mem[X,0x0000000080000D56] -> 0x2001
[858] [M]: 0x0000000080000D54 (0x20010F37) lui t5, 0x20010
x30 <- 0x0000000020010000

mem[X,0x0000000080000D58] -> 0x0F13
mem[X,0x0000000080000D5A] -> 0xFF7F
[859] [M]: 0x0000000080000D58 (0xFF7F0F13) addi t5, t5, -0x9
x30 <- 0x000000002000FFF7

mem[X,0x0000000080000D5C] -> 0x1F13
mem[X,0x0000000080000D5E] -> 0x00BF
[860] [M]: 0x0000000080000D5C (0x00BF1F13) slli t5, t5, 0xb
x30 <- 0x0000010007FFB800

mem[X,0x0000000080000D60] -> 0x0F13
mem[X,0x0000000080000D62] -> 0x7F7F
[861] [M]: 0x0000000080000D60 (0x7F7F0F13) addi t5, t5, 0x7f7
x30 <- 0x0000010007FFBFF7

mem[X,0x0000000080000D64] -> 0x1F13
mem[X,0x0000000080000D66] -> 0x00BF
[862] [M]: 0x0000000080000D64 (0x00BF1F13) slli t5, t5, 0xb
x30 <- 0x0008003FFDFFB800

mem[X,0x0000000080000D68] -> 0x0F13
mem[X,0x0000000080000D6A] -> 0x7C8F
[863] [M]: 0x0000000080000D68 (0x7C8F0F13) addi t5, t5, 0x7c8
x30 <- 0x0008003FFDFFBFC8

mem[X,0x0000000080000D6C] -> 0x1F13
mem[X,0x0000000080000D6E] -> 0x00AF
[864] [M]: 0x0000000080000D6C (0x00AF1F13) slli t5, t5, 0xa
x30 <- 0x2000FFF7FEFF2000

mem[X,0x0000000080000D70] -> 0x0EB7
mem[X,0x0000000080000D72] -> 0x4001
[865] [M]: 0x0000000080000D70 (0x40010EB7) lui t4, 0x40010
x29 <- 0x0000000040010000

mem[X,0x0000000080000D74] -> 0x8E93
mem[X,0x0000000080000D76] -> 0xFF9E
[866] [M]: 0x0000000080000D74 (0xFF9E8E93) addi t4, t4, -0x7
x29 <- 0x000000004000FFF9

mem[X,0x0000000080000D78] -> 0x9E93
mem[X,0x0000000080000D7A] -> 0x00BE
[867] [M]: 0x0000000080000D78 (0x00BE9E93) slli t4, t4, 0xb
x29 <- 0x0000020007FFC800

mem[X,0x0000000080000D7C] -> 0x8E93
mem[X,0x0000000080000D7E] -> 0x2AAE
[868] [M]: 0x0000000080000D7C (0x2AAE8E93) addi t4, t4, 0x2aa
x29 <- 0x0000020007FFCAAA

mem[X,0x0000000080000D80] -> 0x9E93
mem[X,0x0000000080000D82] -> 0x00BE
[869] [M]: 0x0000000080000D80 (0x00BE9E93) slli t4, t4, 0xb
x29 <- 0x0010003FFE555000

mem[X,0x0000000080000D84] -> 0x8E93
mem[X,0x0000000080000D86] -> 0x540E
[870] [M]: 0x0000000080000D84 (0x540E8E93) addi t4, t4, 0x540
x29 <- 0x0010003FFE555540

mem[X,0x0000000080000D88] -> 0x9E93
mem[X,0x0000000080000D8A] -> 0x00AE
[871] [M]: 0x0000000080000D88 (0x00AE9E93) slli t4, t4, 0xa
x29 <- 0x4000FFF955550000

mem[X,0x0000000080000D8C] -> 0x8E93
mem[X,0x0000000080000D8E] -> 0x100E
[872] [M]: 0x0000000080000D8C (0x100E8E93) addi t4, t4, 0x100
x29 <- 0x4000FFF955550100

mem[X,0x0000000080000D90] -> 0x7FBB
mem[X,0x0000000080000D92] -> 0xB9DF
[873] [M]: 0x0000000080000D90 (0xB9DF7FBB) pmhacc.h.bo t6, t5, t4
x31 <- 0xFFE7FFE8EFFB0002

mem[X,0x0000000080000D94] -> 0xB423
mem[X,0x0000000080000D96] -> 0x07F0
[874] [M]: 0x0000000080000D94 (0x07F0B423) sd t6, 0x68(ra)
mem[0x0000000080004260] <- 0xFFE7FFE8EFFB0002

mem[X,0x0000000080000D98] -> 0x8F37
mem[X,0x0000000080000D9A] -> 0x3FFF
[875] [M]: 0x0000000080000D98 (0x3FFF8F37) lui t5, 0x3fff8
x30 <- 0x000000003FFF8000

mem[X,0x0000000080000D9C] -> 0x0F13
mem[X,0x0000000080000D9E] -> 0xFFFF
[876] [M]: 0x0000000080000D9C (0xFFFF0F13) addi t5, t5, -0x1
x30 <- 0x000000003FFF7FFF

mem[X,0x0000000080000DA0] -> 0x1F13
mem[X,0x0000000080000DA2] -> 0x00BF
[877] [M]: 0x0000000080000DA0 (0x00BF1F13) slli t5, t5, 0xb
x30 <- 0x000001FFFBFFF800

mem[X,0x0000000080000DA4] -> 0x0F13
mem[X,0x0000000080000DA6] -> 0x000F
[878] [M]: 0x0000000080000DA4 (0x000F0F13) addi t5, t5, 0x0
x30 <- 0x000001FFFBFFF800

mem[X,0x0000000080000DA8] -> 0x1F13
mem[X,0x0000000080000DAA] -> 0x00BF
[879] [M]: 0x0000000080000DA8 (0x00BF1F13) slli t5, t5, 0xb
x30 <- 0x000FFFDFFFC00000

mem[X,0x0000000080000DAC] -> 0x0F13
mem[X,0x0000000080000DAE] -> 0x1FFF
[880] [M]: 0x0000000080000DAC (0x1FFF0F13) addi t5, t5, 0x1ff
x30 <- 0x000FFFDFFFC001FF

mem[X,0x0000000080000DB0] -> 0x1F13
mem[X,0x0000000080000DB2] -> 0x00AF
[881] [M]: 0x0000000080000DB0 (0x00AF1F13) slli t5, t5, 0xa
x30 <- 0x3FFF7FFF0007FC00

mem[X,0x0000000080000DB4] -> 0x0F13
mem[X,0x0000000080000DB6] -> 0x3BFF
[882] [M]: 0x0000000080000DB4 (0x3BFF0F13) addi t5, t5, 0x3bf
x30 <- 0x3FFF7FFF0007FFBF

mem[X,0x0000000080000DB8] -> 0xFEB7
mem[X,0x0000000080000DBA] -> 0xFFFD
[883] [M]: 0x0000000080000DB8 (0xFFFDFEB7) lui t4, -0x21
x29 <- 0xFFFFFFFFFFFDF000

mem[X,0x0000000080000DBC] -> 0x8E93
mem[X,0x0000000080000DBE] -> 0x7FFE
[884] [M]: 0x0000000080000DBC (0x7FFE8E93) addi t4, t4, 0x7ff
x29 <- 0xFFFFFFFFFFFDF7FF

mem[X,0x0000000080000DC0] -> 0x9E93
mem[X,0x0000000080000DC2] -> 0x00BE
[885] [M]: 0x0000000080000DC0 (0x00BE9E93) slli t4, t4, 0xb
x29 <- 0xFFFFFFFFEFBFF800

mem[X,0x0000000080000DC4] -> 0x8E93
mem[X,0x0000000080000DC6] -> 0x000E
[886] [M]: 0x0000000080000DC4 (0x000E8E93) addi t4, t4, 0x0
x29 <- 0xFFFFFFFFEFBFF800

mem[X,0x0000000080000DC8] -> 0x9E93
mem[X,0x0000000080000DCA] -> 0x00BE
[887] [M]: 0x0000000080000DC8 (0x00BE9E93) slli t4, t4, 0xb
x29 <- 0xFFFFFF7DFFC00000

mem[X,0x0000000080000DCC] -> 0x8E93
mem[X,0x0000000080000DCE] -> 0x27FE
[888] [M]: 0x0000000080000DCC (0x27FE8E93) addi t4, t4, 0x27f
x29 <- 0xFFFFFF7DFFC0027F

mem[X,0x0000000080000DD0] -> 0x9E93
mem[X,0x0000000080000DD2] -> 0x00AE
[889] [M]: 0x0000000080000DD0 (0x00AE9E93) slli t4, t4, 0xa
x29 <- 0xFFFDF7FF0009FC00

mem[X,0x0000000080000DD4] -> 0x8E93
mem[X,0x0000000080000DD6] -> 0x3BFE
[890] [M]: 0x0000000080000DD4 (0x3BFE8E93) addi t4, t4, 0x3bf
x29 <- 0xFFFDF7FF0009FFBF

mem[X,0x0000000080000DD8] -> 0x7FBB
mem[X,0x0000000080000DDA] -> 0xB9DF
[891] [M]: 0x0000000080000DD8 (0xB9DF7FBB) pmhacc.h.bo t6, t5, t4
x31 <- 0xFFE6FFE3EFFB0002

mem[X,0x0000000080000DDC] -> 0xB823
mem[X,0x0000000080000DDE] -> 0x07F0
[892] [M]: 0x0000000080000DDC (0x07F0B823) sd t6, 0x70(ra)
mem[0x0000000080004268] <- 0xFFE6FFE3EFFB0002

mem[X,0x0000000080000DE0] -> 0x0F37
mem[X,0x0000000080000DE2] -> 0x0800
[893] [M]: 0x0000000080000DE0 (0x08000F37) lui t5, 0x8000
x30 <- 0x0000000008000000

mem[X,0x0000000080000DE4] -> 0x0F13
mem[X,0x0000000080000DE6] -> 0x004F
[894] [M]: 0x0000000080000DE4 (0x004F0F13) addi t5, t5, 0x4
x30 <- 0x0000000008000004

mem[X,0x0000000080000DE8] -> 0x1F13
mem[X,0x0000000080000DEA] -> 0x00BF
[895] [M]: 0x0000000080000DE8 (0x00BF1F13) slli t5, t5, 0xb
x30 <- 0x0000004000002000

mem[X,0x0000000080000DEC] -> 0x0F13
mem[X,0x0000000080000DEE] -> 0x600F
[896] [M]: 0x0000000080000DEC (0x600F0F13) addi t5, t5, 0x600
x30 <- 0x0000004000002600

mem[X,0x0000000080000DF0] -> 0x1F13
mem[X,0x0000000080000DF2] -> 0x00BF
[897] [M]: 0x0000000080000DF0 (0x00BF1F13) slli t5, t5, 0xb
x30 <- 0x0002000001300000

mem[X,0x0000000080000DF4] -> 0x0F13
mem[X,0x0000000080000DF6] -> 0x000F
[898] [M]: 0x0000000080000DF4 (0x000F0F13) addi t5, t5, 0x0
x30 <- 0x0002000001300000

mem[X,0x0000000080000DF8] -> 0x1F13
mem[X,0x0000000080000DFA] -> 0x00AF
[899] [M]: 0x0000000080000DF8 (0x00AF1F13) slli t5, t5, 0xa
x30 <- 0x08000004C0000000

clint::tick mtime <- 0x0000000000000009
 clint timer pending at mtime 0x0000000000000009
htif::tick 0x0000000000000000
mem[X,0x0000000080000DFC] -> 0x0F13
mem[X,0x0000000080000DFE] -> 0x020F
[900] [M]: 0x0000000080000DFC (0x020F0F13) addi t5, t5, 0x20
x30 <- 0x08000004C0000020

mem[X,0x0000000080000E00] -> 0x8EB7
mem[X,0x0000000080000E02] -> 0xFFEF
[901] [M]: 0x0000000080000E00 (0xFFEF8EB7) lui t4, -0x108
x29 <- 0xFFFFFFFFFFEF8000

mem[X,0x0000000080000E04] -> 0x8E93
mem[X,0x0000000080000E06] -> 0xFFFE
[902] [M]: 0x0000000080000E04 (0xFFFE8E93) addi t4, t4, -0x1
x29 <- 0xFFFFFFFFFFEF7FFF

mem[X,0x0000000080000E08] -> 0x9E93
mem[X,0x0000000080000E0A] -> 0x00BE
[903] [M]: 0x0000000080000E08 (0x00BE9E93) slli t4, t4, 0xb
x29 <- 0xFFFFFFFF7BFFF800

mem[X,0x0000000080000E0C] -> 0x8E93
mem[X,0x0000000080000E0E] -> 0x7FFE
[904] [M]: 0x0000000080000E0C (0x7FFE8E93) addi t4, t4, 0x7ff
x29 <- 0xFFFFFFFF7BFFFFFF

mem[X,0x0000000080000E10] -> 0x9E93
mem[X,0x0000000080000E12] -> 0x00BE
[905] [M]: 0x0000000080000E10 (0x00BE9E93) slli t4, t4, 0xb
x29 <- 0xFFFFFBDFFFFFF800

mem[X,0x0000000080000E14] -> 0x8E93
mem[X,0x0000000080000E16] -> 0x5BDE
[906] [M]: 0x0000000080000E14 (0x5BDE8E93) addi t4, t4, 0x5bd
x29 <- 0xFFFFFBDFFFFFFDBD

mem[X,0x0000000080000E18] -> 0x9E93
mem[X,0x0000000080000E1A] -> 0x00AE
[907] [M]: 0x0000000080000E18 (0x00AE9E93) slli t4, t4, 0xa
x29 <- 0xFFEF7FFFFFF6F400

mem[X,0x0000000080000E1C] -> 0x8E93
mem[X,0x0000000080000E1E] -> 0x3FFE
[908] [M]: 0x0000000080000E1C (0x3FFE8E93) addi t4, t4, 0x3ff
x29 <- 0xFFEF7FFFFFF6F7FF

mem[X,0x0000000080000E20] -> 0x7FBB
mem[X,0x0000000080000E22] -> 0xB9DF
[909] [M]: 0x0000000080000E20 (0xB9DF7FBB) pmhacc.h.bo t6, t5, t4
x31 <- 0xFFE5FFE3EFFB0001

mem[X,0x0000000080000E24] -> 0xBC23
mem[X,0x0000000080000E26] -> 0x07F0
[910] [M]: 0x0000000080000E24 (0x07F0BC23) sd t6, 0x78(ra)
mem[0x0000000080004270] <- 0xFFE5FFE3EFFB0001

mem[X,0x0000000080000E28] -> 0x8F37
mem[X,0x0000000080000E2A] -> 0xDFFF
[911] [M]: 0x0000000080000E28 (0xDFFF8F37) lui t5, -0x20008
x30 <- 0xFFFFFFFFDFFF8000

mem[X,0x0000000080000E2C] -> 0x0F13
mem[X,0x0000000080000E2E] -> 0xFFFF
[912] [M]: 0x0000000080000E2C (0xFFFF0F13) addi t5, t5, -0x1
x30 <- 0xFFFFFFFFDFFF7FFF

mem[X,0x0000000080000E30] -> 0x1F13
mem[X,0x0000000080000E32] -> 0x00BF
[913] [M]: 0x0000000080000E30 (0x00BF1F13) slli t5, t5, 0xb
x30 <- 0xFFFFFEFFFBFFF800

mem[X,0x0000000080000E34] -> 0x0F13
mem[X,0x0000000080000E36] -> 0x77FF
[914] [M]: 0x0000000080000E34 (0x77FF0F13) addi t5, t5, 0x77f
x30 <- 0xFFFFFEFFFBFFFF7F

mem[X,0x0000000080000E38] -> 0x1F13
mem[X,0x0000000080000E3A] -> 0x00BF
[915] [M]: 0x0000000080000E38 (0x00BF1F13) slli t5, t5, 0xb
x30 <- 0xFFF7FFDFFFFBF800

mem[X,0x0000000080000E3C] -> 0x0F13
mem[X,0x0000000080000E3E] -> 0x7FFF
[916] [M]: 0x0000000080000E3C (0x7FFF0F13) addi t5, t5, 0x7ff
x30 <- 0xFFF7FFDFFFFBFFFF

mem[X,0x0000000080000E40] -> 0x1F13
mem[X,0x0000000080000E42] -> 0x00AF
[917] [M]: 0x0000000080000E40 (0x00AF1F13) slli t5, t5, 0xa
x30 <- 0xDFFF7FFFEFFFFC00

mem[X,0x0000000080000E44] -> 0x0F13
mem[X,0x0000000080000E46] -> 0x3FDF
[918] [M]: 0x0000000080000E44 (0x3FDF0F13) addi t5, t5, 0x3fd
x30 <- 0xDFFF7FFFEFFFFFFD

mem[X,0x0000000080000E48] -> 0x0EB7
mem[X,0x0000000080000E4A] -> 0xFFE0
[919] [M]: 0x0000000080000E48 (0xFFE00EB7) lui t4, -0x200
x29 <- 0xFFFFFFFFFFE00000

mem[X,0x0000000080000E4C] -> 0x8E93
mem[X,0x0000000080000E4E] -> 0xFFEE
[920] [M]: 0x0000000080000E4C (0xFFEE8E93) addi t4, t4, -0x2
x29 <- 0xFFFFFFFFFFDFFFFE

mem[X,0x0000000080000E50] -> 0x9E93
mem[X,0x0000000080000E52] -> 0x00BE
[921] [M]: 0x0000000080000E50 (0x00BE9E93) slli t4, t4, 0xb
x29 <- 0xFFFFFFFEFFFFF000

mem[X,0x0000000080000E54] -> 0x8E93
mem[X,0x0000000080000E56] -> 0x5FFE
[922] [M]: 0x0000000080000E54 (0x5FFE8E93) addi t4, t4, 0x5ff
x29 <- 0xFFFFFFFEFFFFF5FF

mem[X,0x0000000080000E58] -> 0x9E93
mem[X,0x0000000080000E5A] -> 0x00BE
[923] [M]: 0x0000000080000E58 (0x00BE9E93) slli t4, t4, 0xb
x29 <- 0xFFFFF7FFFFAFF800

mem[X,0x0000000080000E5C] -> 0x8E93
mem[X,0x0000000080000E5E] -> 0x7C0E
[924] [M]: 0x0000000080000E5C (0x7C0E8E93) addi t4, t4, 0x7c0
x29 <- 0xFFFFF7FFFFAFFFC0

mem[X,0x0000000080000E60] -> 0x9E93
mem[X,0x0000000080000E62] -> 0x00AE
[925] [M]: 0x0000000080000E60 (0x00AE9E93) slli t4, t4, 0xa
x29 <- 0xFFDFFFFEBFFF0000

mem[X,0x0000000080000E64] -> 0x8E93
mem[X,0x0000000080000E66] -> 0x004E
[926] [M]: 0x0000000080000E64 (0x004E8E93) addi t4, t4, 0x4
x29 <- 0xFFDFFFFEBFFF0004

mem[X,0x0000000080000E68] -> 0x7FBB
mem[X,0x0000000080000E6A] -> 0xB9DF
[927] [M]: 0x0000000080000E68 (0xB9DF7FBB) pmhacc.h.bo t6, t5, t4
x31 <- 0xFFE5FFE2EFFF0001

mem[X,0x0000000080000E6C] -> 0xB023
mem[X,0x0000000080000E6E] -> 0x09F0
[928] [M]: 0x0000000080000E6C (0x09F0B023) sd t6, 0x80(ra)
mem[0x0000000080004278] <- 0xFFE5FFE2EFFF0001

mem[X,0x0000000080000E70] -> 0xCF37
mem[X,0x0000000080000E72] -> 0x0040
[929] [M]: 0x0000000080000E70 (0x0040CF37) lui t5, 0x40c
x30 <- 0x000000000040C000

mem[X,0x0000000080000E74] -> 0x0F13
mem[X,0x0000000080000E76] -> 0xFFFF
[930] [M]: 0x0000000080000E74 (0xFFFF0F13) addi t5, t5, -0x1
x30 <- 0x000000000040BFFF

mem[X,0x0000000080000E78] -> 0x1F13
mem[X,0x0000000080000E7A] -> 0x00BF
[931] [M]: 0x0000000080000E78 (0x00BF1F13) slli t5, t5, 0xb
x30 <- 0x0000000205FFF800

mem[X,0x0000000080000E7C] -> 0x0F13
mem[X,0x0000000080000E7E] -> 0x7FFF
[932] [M]: 0x0000000080000E7C (0x7FFF0F13) addi t5, t5, 0x7ff
x30 <- 0x0000000205FFFFFF

mem[X,0x0000000080000E80] -> 0x1F13
mem[X,0x0000000080000E82] -> 0x00BF
[933] [M]: 0x0000000080000E80 (0x00BF1F13) slli t5, t5, 0xb
x30 <- 0x0000102FFFFFF800

mem[X,0x0000000080000E84] -> 0x0F13
mem[X,0x0000000080000E86] -> 0x3FDF
[934] [M]: 0x0000000080000E84 (0x3FDF0F13) addi t5, t5, 0x3fd
x30 <- 0x0000102FFFFFFBFD

mem[X,0x0000000080000E88] -> 0x1F13
mem[X,0x0000000080000E8A] -> 0x00AF
[935] [M]: 0x0000000080000E88 (0x00AF1F13) slli t5, t5, 0xa
x30 <- 0x0040BFFFFFEFF400

mem[X,0x0000000080000E8C] -> 0x0F13
mem[X,0x0000000080000E8E] -> 0x3FFF
[936] [M]: 0x0000000080000E8C (0x3FFF0F13) addi t5, t5, 0x3ff
x30 <- 0x0040BFFFFFEFF7FF

mem[X,0x0000000080000E90] -> 0x0EB7
mem[X,0x0000000080000E92] -> 0xFFBF
[937] [M]: 0x0000000080000E90 (0xFFBF0EB7) lui t4, -0x410
x29 <- 0xFFFFFFFFFFBF0000

mem[X,0x0000000080000E94] -> 0x8E93
mem[X,0x0000000080000E96] -> 0x008E
[938] [M]: 0x0000000080000E94 (0x008E8E93) addi t4, t4, 0x8
x29 <- 0xFFFFFFFFFFBF0008

mem[X,0x0000000080000E98] -> 0x9E93
mem[X,0x0000000080000E9A] -> 0x00BE
[939] [M]: 0x0000000080000E98 (0x00BE9E93) slli t4, t4, 0xb
x29 <- 0xFFFFFFFDF8004000

mem[X,0x0000000080000E9C] -> 0x8E93
mem[X,0x0000000080000E9E] -> 0x7FFE
[940] [M]: 0x0000000080000E9C (0x7FFE8E93) addi t4, t4, 0x7ff
x29 <- 0xFFFFFFFDF80047FF

mem[X,0x0000000080000EA0] -> 0x9E93
mem[X,0x0000000080000EA2] -> 0x00BE
[941] [M]: 0x0000000080000EA0 (0x00BE9E93) slli t4, t4, 0xb
x29 <- 0xFFFFEFC0023FF800

mem[X,0x0000000080000EA4] -> 0x8E93
mem[X,0x0000000080000EA6] -> 0x6C0E
[942] [M]: 0x0000000080000EA4 (0x6C0E8E93) addi t4, t4, 0x6c0
x29 <- 0xFFFFEFC0023FFEC0

mem[X,0x0000000080000EA8] -> 0x9E93
mem[X,0x0000000080000EAA] -> 0x00AE
[943] [M]: 0x0000000080000EA8 (0x00AE9E93) slli t4, t4, 0xa
x29 <- 0xFFBF0008FFFB0000

mem[X,0x0000000080000EAC] -> 0x8E93
mem[X,0x0000000080000EAE] -> 0x006E
[944] [M]: 0x0000000080000EAC (0x006E8E93) addi t4, t4, 0x6
x29 <- 0xFFBF0008FFFB0006

mem[X,0x0000000080000EB0] -> 0x7FBB
mem[X,0x0000000080000EB2] -> 0xB9DF
[945] [M]: 0x0000000080000EB0 (0xB9DF7FBB) pmhacc.h.bo t6, t5, t4
x31 <- 0xFFE4FFE2EFFF0001

mem[X,0x0000000080000EB4] -> 0xB423
mem[X,0x0000000080000EB6] -> 0x09F0
[946] [M]: 0x0000000080000EB4 (0x09F0B423) sd t6, 0x88(ra)
mem[0x0000000080004280] <- 0xFFE4FFE2EFFF0001

mem[X,0x0000000080000EB8] -> 0x0F37
mem[X,0x0000000080000EBA] -> 0xFFFD
[947] [M]: 0x0000000080000EB8 (0xFFFD0F37) lui t5, -0x30
x30 <- 0xFFFFFFFFFFFD0000

mem[X,0x0000000080000EBC] -> 0x0F13
mem[X,0x0000000080000EBE] -> 0x007F
[948] [M]: 0x0000000080000EBC (0x007F0F13) addi t5, t5, 0x7
x30 <- 0xFFFFFFFFFFFD0007

mem[X,0x0000000080000EC0] -> 0x1F13
mem[X,0x0000000080000EC2] -> 0x00BF
[949] [M]: 0x0000000080000EC0 (0x00BF1F13) slli t5, t5, 0xb
x30 <- 0xFFFFFFFFE8003800

mem[X,0x0000000080000EC4] -> 0x0F13
mem[X,0x0000000080000EC6] -> 0x000F
[950] [M]: 0x0000000080000EC4 (0x000F0F13) addi t5, t5, 0x0
x30 <- 0xFFFFFFFFE8003800

mem[X,0x0000000080000EC8] -> 0x1F13
mem[X,0x0000000080000ECA] -> 0x00BF
[951] [M]: 0x0000000080000EC8 (0x00BF1F13) slli t5, t5, 0xb
x30 <- 0xFFFFFF4001C00000

mem[X,0x0000000080000ECC] -> 0x0F13
mem[X,0x0000000080000ECE] -> 0x1FBF
[952] [M]: 0x0000000080000ECC (0x1FBF0F13) addi t5, t5, 0x1fb
x30 <- 0xFFFFFF4001C001FB

mem[X,0x0000000080000ED0] -> 0x1F13
mem[X,0x0000000080000ED2] -> 0x00AF
[953] [M]: 0x0000000080000ED0 (0x00AF1F13) slli t5, t5, 0xa
x30 <- 0xFFFD00070007EC00

mem[X,0x0000000080000ED4] -> 0x0F13
mem[X,0x0000000080000ED6] -> 0x3FFF
[954] [M]: 0x0000000080000ED4 (0x3FFF0F13) addi t5, t5, 0x3ff
x30 <- 0xFFFD00070007EFFF

mem[X,0x0000000080000ED8] -> 0x4EB7
mem[X,0x0000000080000EDA] -> 0xF7FF
[955] [M]: 0x0000000080000ED8 (0xF7FF4EB7) lui t4, -0x800c
x29 <- 0xFFFFFFFFF7FF4000

mem[X,0x0000000080000EDC] -> 0x8E93
mem[X,0x0000000080000EDE] -> 0x000E
[956] [M]: 0x0000000080000EDC (0x000E8E93) addi t4, t4, 0x0
x29 <- 0xFFFFFFFFF7FF4000

mem[X,0x0000000080000EE0] -> 0x9E93
mem[X,0x0000000080000EE2] -> 0x00BE
[957] [M]: 0x0000000080000EE0 (0x00BE9E93) slli t4, t4, 0xb
x29 <- 0xFFFFFFBFFA000000

mem[X,0x0000000080000EE4] -> 0x8E93
mem[X,0x0000000080000EE6] -> 0x000E
[958] [M]: 0x0000000080000EE4 (0x000E8E93) addi t4, t4, 0x0
x29 <- 0xFFFFFFBFFA000000

mem[X,0x0000000080000EE8] -> 0x9E93
mem[X,0x0000000080000EEA] -> 0x00BE
[959] [M]: 0x0000000080000EE8 (0x00BE9E93) slli t4, t4, 0xb
x29 <- 0xFFFDFFD000000000

mem[X,0x0000000080000EEC] -> 0x8E93
mem[X,0x0000000080000EEE] -> 0x09FE
[960] [M]: 0x0000000080000EEC (0x09FE8E93) addi t4, t4, 0x9f
x29 <- 0xFFFDFFD00000009F

mem[X,0x0000000080000EF0] -> 0x9E93
mem[X,0x0000000080000EF2] -> 0x00AE
[961] [M]: 0x0000000080000EF0 (0x00AE9E93) slli t4, t4, 0xa
x29 <- 0xF7FF400000027C00

mem[X,0x0000000080000EF4] -> 0x8E93
mem[X,0x0000000080000EF6] -> 0x3FFE
[962] [M]: 0x0000000080000EF4 (0x3FFE8E93) addi t4, t4, 0x3ff
x29 <- 0xF7FF400000027FFF

mem[X,0x0000000080000EF8] -> 0x7FBB
mem[X,0x0000000080000EFA] -> 0xB9DF
[963] [M]: 0x0000000080000EF8 (0xB9DF7FBB) pmhacc.h.bo t6, t5, t4
x31 <- 0xFFE4FFE2EFFFFFF9

mem[X,0x0000000080000EFC] -> 0xB823
mem[X,0x0000000080000EFE] -> 0x09F0
[964] [M]: 0x0000000080000EFC (0x09F0B823) sd t6, 0x90(ra)
mem[0x0000000080004288] <- 0xFFE4FFE2EFFFFFF9

mem[X,0x0000000080000F00] -> 0x0F37
mem[X,0x0000000080000F02] -> 0x0003
[965] [M]: 0x0000000080000F00 (0x00030F37) lui t5, 0x30
x30 <- 0x0000000000030000

mem[X,0x0000000080000F04] -> 0x0F13
mem[X,0x0000000080000F06] -> 0x003F
[966] [M]: 0x0000000080000F04 (0x003F0F13) addi t5, t5, 0x3
x30 <- 0x0000000000030003

mem[X,0x0000000080000F08] -> 0x1F13
mem[X,0x0000000080000F0A] -> 0x00BF
[967] [M]: 0x0000000080000F08 (0x00BF1F13) slli t5, t5, 0xb
x30 <- 0x0000000018001800

mem[X,0x0000000080000F0C] -> 0x0F13
mem[X,0x0000000080000F0E] -> 0x7FFF
[968] [M]: 0x0000000080000F0C (0x7FFF0F13) addi t5, t5, 0x7ff
x30 <- 0x0000000018001FFF

mem[X,0x0000000080000F10] -> 0x1F13
mem[X,0x0000000080000F12] -> 0x00BF
[969] [M]: 0x0000000080000F10 (0x00BF1F13) slli t5, t5, 0xb
x30 <- 0x000000C000FFF800

mem[X,0x0000000080000F14] -> 0x0F13
mem[X,0x0000000080000F16] -> 0x5AFF
[970] [M]: 0x0000000080000F14 (0x5AFF0F13) addi t5, t5, 0x5af
x30 <- 0x000000C000FFFDAF

mem[X,0x0000000080000F18] -> 0x1F13
mem[X,0x0000000080000F1A] -> 0x00AF
[971] [M]: 0x0000000080000F18 (0x00AF1F13) slli t5, t5, 0xa
x30 <- 0x00030003FFF6BC00

mem[X,0x0000000080000F1C] -> 0x0F13
mem[X,0x0000000080000F1E] -> 0x3FFF
[972] [M]: 0x0000000080000F1C (0x3FFF0F13) addi t5, t5, 0x3ff
x30 <- 0x00030003FFF6BFFF

mem[X,0x0000000080000F20] -> 0x0EB7
mem[X,0x0000000080000F22] -> 0xEFFF
[973] [M]: 0x0000000080000F20 (0xEFFF0EB7) lui t4, -0x10010
x29 <- 0xFFFFFFFFEFFF0000

mem[X,0x0000000080000F24] -> 0x8E93
mem[X,0x0000000080000F26] -> 0x008E
[974] [M]: 0x0000000080000F24 (0x008E8E93) addi t4, t4, 0x8
x29 <- 0xFFFFFFFFEFFF0008

mem[X,0x0000000080000F28] -> 0x9E93
mem[X,0x0000000080000F2A] -> 0x00BE
[975] [M]: 0x0000000080000F28 (0x00BE9E93) slli t4, t4, 0xb
x29 <- 0xFFFFFF7FF8004000

mem[X,0x0000000080000F2C] -> 0x8E93
mem[X,0x0000000080000F2E] -> 0x000E
[976] [M]: 0x0000000080000F2C (0x000E8E93) addi t4, t4, 0x0
x29 <- 0xFFFFFF7FF8004000

mem[X,0x0000000080000F30] -> 0x9E93
mem[X,0x0000000080000F32] -> 0x00BE
[977] [M]: 0x0000000080000F30 (0x00BE9E93) slli t4, t4, 0xb
x29 <- 0xFFFBFFC002000000

mem[X,0x0000000080000F34] -> 0x8E93
mem[X,0x0000000080000F36] -> 0x1FFE
[978] [M]: 0x0000000080000F34 (0x1FFE8E93) addi t4, t4, 0x1ff
x29 <- 0xFFFBFFC0020001FF

mem[X,0x0000000080000F38] -> 0x9E93
mem[X,0x0000000080000F3A] -> 0x00AE
[979] [M]: 0x0000000080000F38 (0x00AE9E93) slli t4, t4, 0xa
x29 <- 0xEFFF00080007FC00

mem[X,0x0000000080000F3C] -> 0x8E93
mem[X,0x0000000080000F3E] -> 0x1FFE
[980] [M]: 0x0000000080000F3C (0x1FFE8E93) addi t4, t4, 0x1ff
x29 <- 0xEFFF00080007FDFF

mem[X,0x0000000080000F40] -> 0x7FBB
mem[X,0x0000000080000F42] -> 0xB9DF
[981] [M]: 0x0000000080000F40 (0xB9DF7FBB) pmhacc.h.bo t6, t5, t4
x31 <- 0xFFE3FFE2EFFFFFF9

mem[X,0x0000000080000F44] -> 0xBC23
mem[X,0x0000000080000F46] -> 0x09F0
[982] [M]: 0x0000000080000F44 (0x09F0BC23) sd t6, 0x98(ra)
mem[0x0000000080004290] <- 0xFFE3FFE2EFFFFFF9

mem[X,0x0000000080000F48] -> 0x4F37
mem[X,0x0000000080000F4A] -> 0xFFFB
[983] [M]: 0x0000000080000F48 (0xFFFB4F37) lui t5, -0x4c
x30 <- 0xFFFFFFFFFFFB4000

mem[X,0x0000000080000F4C] -> 0x0F13
mem[X,0x0000000080000F4E] -> 0x000F
[984] [M]: 0x0000000080000F4C (0x000F0F13) addi t5, t5, 0x0
x30 <- 0xFFFFFFFFFFFB4000

mem[X,0x0000000080000F50] -> 0x1F13
mem[X,0x0000000080000F52] -> 0x00BF
[985] [M]: 0x0000000080000F50 (0x00BF1F13) slli t5, t5, 0xb
x30 <- 0xFFFFFFFFDA000000

mem[X,0x0000000080000F54] -> 0x0F13
mem[X,0x0000000080000F56] -> 0x7FFF
[986] [M]: 0x0000000080000F54 (0x7FFF0F13) addi t5, t5, 0x7ff
x30 <- 0xFFFFFFFFDA0007FF

mem[X,0x0000000080000F58] -> 0x1F13
mem[X,0x0000000080000F5A] -> 0x00BF
[987] [M]: 0x0000000080000F58 (0x00BF1F13) slli t5, t5, 0xb
x30 <- 0xFFFFFED0003FF800

mem[X,0x0000000080000F5C] -> 0x0F13
mem[X,0x0000000080000F5E] -> 0x3F0F
[988] [M]: 0x0000000080000F5C (0x3F0F0F13) addi t5, t5, 0x3f0
x30 <- 0xFFFFFED0003FFBF0

mem[X,0x0000000080000F60] -> 0x1F13
mem[X,0x0000000080000F62] -> 0x00AF
[989] [M]: 0x0000000080000F60 (0x00AF1F13) slli t5, t5, 0xa
x30 <- 0xFFFB4000FFEFC000

mem[X,0x0000000080000F64] -> 0x0EB7
mem[X,0x0000000080000F66] -> 0xC000
[990] [M]: 0x0000000080000F64 (0xC0000EB7) lui t4, -0x40000
x29 <- 0xFFFFFFFFC0000000

mem[X,0x0000000080000F68] -> 0x8E93
mem[X,0x0000000080000F6A] -> 0xFF6E
[991] [M]: 0x0000000080000F68 (0xFF6E8E93) addi t4, t4, -0xa
x29 <- 0xFFFFFFFFBFFFFFF6

mem[X,0x0000000080000F6C] -> 0x9E93
mem[X,0x0000000080000F6E] -> 0x00BE
[992] [M]: 0x0000000080000F6C (0x00BE9E93) slli t4, t4, 0xb
x29 <- 0xFFFFFDFFFFFFB000

mem[X,0x0000000080000F70] -> 0x8E93
mem[X,0x0000000080000F72] -> 0x7FFE
[993] [M]: 0x0000000080000F70 (0x7FFE8E93) addi t4, t4, 0x7ff
x29 <- 0xFFFFFDFFFFFFB7FF

mem[X,0x0000000080000F74] -> 0x9E93
mem[X,0x0000000080000F76] -> 0x00BE
[994] [M]: 0x0000000080000F74 (0x00BE9E93) slli t4, t4, 0xb
x29 <- 0xFFEFFFFFFDBFF800

mem[X,0x0000000080000F78] -> 0x8E93
mem[X,0x0000000080000F7A] -> 0x73FE
[995] [M]: 0x0000000080000F78 (0x73FE8E93) addi t4, t4, 0x73f
x29 <- 0xFFEFFFFFFDBFFF3F

mem[X,0x0000000080000F7C] -> 0x9E93
mem[X,0x0000000080000F7E] -> 0x00AE
[996] [M]: 0x0000000080000F7C (0x00AE9E93) slli t4, t4, 0xa
x29 <- 0xBFFFFFF6FFFCFC00

mem[X,0x0000000080000F80] -> 0x8E93
mem[X,0x0000000080000F82] -> 0x2FFE
[997] [M]: 0x0000000080000F80 (0x2FFE8E93) addi t4, t4, 0x2ff
x29 <- 0xBFFFFFF6FFFCFEFF

mem[X,0x0000000080000F84] -> 0x7FBB
mem[X,0x0000000080000F86] -> 0xB9DF
[998] [M]: 0x0000000080000F84 (0xB9DF7FBB) pmhacc.h.bo t6, t5, t4
x31 <- 0xFFE3FFE1EFFFFFF9

mem[X,0x0000000080000F88] -> 0xB023
mem[X,0x0000000080000F8A] -> 0x0BF0
[999] [M]: 0x0000000080000F88 (0x0BF0B023) sd t6, 0xa0(ra)
mem[0x0000000080004298] <- 0xFFE3FFE1EFFFFFF9

clint::tick mtime <- 0x000000000000000A
 clint timer pending at mtime 0x000000000000000A
htif::tick 0x0000000000000000
mem[X,0x0000000080000F8C] -> 0x0F37
mem[X,0x0000000080000F8E] -> 0x0001
[1000] [M]: 0x0000000080000F8C (0x00010F37) lui t5, 0x10
x30 <- 0x0000000000010000

mem[X,0x0000000080000F90] -> 0x0F13
mem[X,0x0000000080000F92] -> 0x001F
[1001] [M]: 0x0000000080000F90 (0x001F0F13) addi t5, t5, 0x1
x30 <- 0x0000000000010001

mem[X,0x0000000080000F94] -> 0x1F13
mem[X,0x0000000080000F96] -> 0x00BF
[1002] [M]: 0x0000000080000F94 (0x00BF1F13) slli t5, t5, 0xb
x30 <- 0x0000000008000800

mem[X,0x0000000080000F98] -> 0x0F13
mem[X,0x0000000080000F9A] -> 0x000F
[1003] [M]: 0x0000000080000F98 (0x000F0F13) addi t5, t5, 0x0
x30 <- 0x0000000008000800

mem[X,0x0000000080000F9C] -> 0x1F13
mem[X,0x0000000080000F9E] -> 0x00BF
[1004] [M]: 0x0000000080000F9C (0x00BF1F13) slli t5, t5, 0xb
x30 <- 0x0000004000400000

mem[X,0x0000000080000FA0] -> 0x0F13
mem[X,0x0000000080000FA2] -> 0x000F
[1005] [M]: 0x0000000080000FA0 (0x000F0F13) addi t5, t5, 0x0
x30 <- 0x0000004000400000

mem[X,0x0000000080000FA4] -> 0x1F13
mem[X,0x0000000080000FA6] -> 0x00AF
[1006] [M]: 0x0000000080000FA4 (0x00AF1F13) slli t5, t5, 0xa
x30 <- 0x0001000100000000

mem[X,0x0000000080000FA8] -> 0x0F13
mem[X,0x0000000080000FAA] -> 0x040F
[1007] [M]: 0x0000000080000FA8 (0x040F0F13) addi t5, t5, 0x40
x30 <- 0x0001000100000040

mem[X,0x0000000080000FAC] -> 0x0EB7
mem[X,0x0000000080000FAE] -> 0x5556
[1008] [M]: 0x0000000080000FAC (0x55560EB7) lui t4, 0x55560
x29 <- 0x0000000055560000

mem[X,0x0000000080000FB0] -> 0x8E93
mem[X,0x0000000080000FB2] -> 0xFEFE
[1009] [M]: 0x0000000080000FB0 (0xFEFE8E93) addi t4, t4, -0x11
x29 <- 0x000000005555FFEF

mem[X,0x0000000080000FB4] -> 0x9E93
mem[X,0x0000000080000FB6] -> 0x00BE
[1010] [M]: 0x0000000080000FB4 (0x00BE9E93) slli t4, t4, 0xb
x29 <- 0x000002AAAFFF7800

mem[X,0x0000000080000FB8] -> 0x8E93
mem[X,0x0000000080000FBA] -> 0x7FFE
[1011] [M]: 0x0000000080000FB8 (0x7FFE8E93) addi t4, t4, 0x7ff
x29 <- 0x000002AAAFFF7FFF

mem[X,0x0000000080000FBC] -> 0x9E93
mem[X,0x0000000080000FBE] -> 0x00BE
[1012] [M]: 0x0000000080000FBC (0x00BE9E93) slli t4, t4, 0xb
x29 <- 0x0015557FFBFFF800

mem[X,0x0000000080000FC0] -> 0x8E93
mem[X,0x0000000080000FC2] -> 0x64FE
[1013] [M]: 0x0000000080000FC0 (0x64FE8E93) addi t4, t4, 0x64f
x29 <- 0x0015557FFBFFFE4F

mem[X,0x0000000080000FC4] -> 0x9E93
mem[X,0x0000000080000FC6] -> 0x00AE
[1014] [M]: 0x0000000080000FC4 (0x00AE9E93) slli t4, t4, 0xa
x29 <- 0x5555FFEFFFF93C00

mem[X,0x0000000080000FC8] -> 0x8E93
mem[X,0x0000000080000FCA] -> 0x3FFE
[1015] [M]: 0x0000000080000FC8 (0x3FFE8E93) addi t4, t4, 0x3ff
x29 <- 0x5555FFEFFFF93FFF

mem[X,0x0000000080000FCC] -> 0x7FBB
mem[X,0x0000000080000FCE] -> 0xB9DF
[1016] [M]: 0x0000000080000FCC (0xB9DF7FBB) pmhacc.h.bo t6, t5, t4
x31 <- 0xFFE3FFE0EFFFFFF9

mem[X,0x0000000080000FD0] -> 0xB423
mem[X,0x0000000080000FD2] -> 0x0BF0
[1017] [M]: 0x0000000080000FD0 (0x0BF0B423) sd t6, 0xa8(ra)
mem[0x00000000800042A0] <- 0xFFE3FFE0EFFFFFF9

mem[X,0x0000000080000FD4] -> 0x0F37
mem[X,0x0000000080000FD6] -> 0x0400
[1018] [M]: 0x0000000080000FD4 (0x04000F37) lui t5, 0x4000
x30 <- 0x0000000004000000

mem[X,0x0000000080000FD8] -> 0x0F13
mem[X,0x0000000080000FDA] -> 0x040F
[1019] [M]: 0x0000000080000FD8 (0x040F0F13) addi t5, t5, 0x40
x30 <- 0x0000000004000040

mem[X,0x0000000080000FDC] -> 0x1F13
mem[X,0x0000000080000FDE] -> 0x00BF
[1020] [M]: 0x0000000080000FDC (0x00BF1F13) slli t5, t5, 0xb
x30 <- 0x0000002000020000

mem[X,0x0000000080000FE0] -> 0x0F13
mem[X,0x0000000080000FE2] -> 0x7FFF
[1021] [M]: 0x0000000080000FE0 (0x7FFF0F13) addi t5, t5, 0x7ff
x30 <- 0x00000020000207FF

mem[X,0x0000000080000FE4] -> 0x1F13
mem[X,0x0000000080000FE6] -> 0x00BF
[1022] [M]: 0x0000000080000FE4 (0x00BF1F13) slli t5, t5, 0xb
x30 <- 0x00010000103FF800

mem[X,0x0000000080000FE8] -> 0x0F13
mem[X,0x0000000080000FEA] -> 0x5FFF
[1023] [M]: 0x0000000080000FE8 (0x5FFF0F13) addi t5, t5, 0x5ff
x30 <- 0x00010000103FFDFF

mem[X,0x0000000080000FEC] -> 0x1F13
mem[X,0x0000000080000FEE] -> 0x00AF
[1024] [M]: 0x0000000080000FEC (0x00AF1F13) slli t5, t5, 0xa
x30 <- 0x04000040FFF7FC00

mem[X,0x0000000080000FF0] -> 0x0F13
mem[X,0x0000000080000FF2] -> 0x3F9F
[1025] [M]: 0x0000000080000FF0 (0x3F9F0F13) addi t5, t5, 0x3f9
x30 <- 0x04000040FFF7FFF9

mem[X,0x0000000080000FF4] -> 0x0EB7
mem[X,0x0000000080000FF6] -> 0xAAAB
[1026] [M]: 0x0000000080000FF4 (0xAAAB0EB7) lui t4, -0x55550
x29 <- 0xFFFFFFFFAAAB0000

mem[X,0x0000000080000FF8] -> 0x8E93
mem[X,0x0000000080000FFA] -> 0xFF7E
[1027] [M]: 0x0000000080000FF8 (0xFF7E8E93) addi t4, t4, -0x9
x29 <- 0xFFFFFFFFAAAAFFF7

mem[X,0x0000000080000FFC] -> 0x9E93
mem[X,0x0000000080000FFE] -> 0x00BE
[1028] [M]: 0x0000000080000FFC (0x00BE9E93) slli t4, t4, 0xb
x29 <- 0xFFFFFD5557FFB800

mem[X,0x0000000080001000] -> 0x8E93
mem[X,0x0000000080001002] -> 0x1FFE
[1029] [M]: 0x0000000080001000 (0x1FFE8E93) addi t4, t4, 0x1ff
x29 <- 0xFFFFFD5557FFB9FF

mem[X,0x0000000080001004] -> 0x9E93
mem[X,0x0000000080001006] -> 0x00BE
[1030] [M]: 0x0000000080001004 (0x00BE9E93) slli t4, t4, 0xb
x29 <- 0xFFEAAABFFDCFF800

mem[X,0x0000000080001008] -> 0x8E93
mem[X,0x000000008000100A] -> 0x7C4E
[1031] [M]: 0x0000000080001008 (0x7C4E8E93) addi t4, t4, 0x7c4
x29 <- 0xFFEAAABFFDCFFFC4

mem[X,0x000000008000100C] -> 0x9E93
mem[X,0x000000008000100E] -> 0x00AE
[1032] [M]: 0x000000008000100C (0x00AE9E93) slli t4, t4, 0xa
x29 <- 0xAAAAFFF73FFF1000

mem[X,0x0000000080001010] -> 0x7FBB
mem[X,0x0000000080001012] -> 0xB9DF
[1033] [M]: 0x0000000080001010 (0xB9DF7FBB) pmhacc.h.bo t6, t5, t4
x31 <- 0xFFE1FFDFEFFEFFF8

mem[X,0x0000000080001014] -> 0xB823
mem[X,0x0000000080001016] -> 0x0BF0
[1034] [M]: 0x0000000080001014 (0x0BF0B823) sd t6, 0xb0(ra)
mem[0x00000000800042A8] <- 0xFFE1FFDFEFFEFFF8

mem[X,0x0000000080001018] -> 0x0F37
mem[X,0x000000008000101A] -> 0x0081
[1035] [M]: 0x0000000080001018 (0x00810F37) lui t5, 0x810
x30 <- 0x0000000000810000

mem[X,0x000000008000101C] -> 0x0F13
mem[X,0x000000008000101E] -> 0xFFDF
[1036] [M]: 0x000000008000101C (0xFFDF0F13) addi t5, t5, -0x3
x30 <- 0x000000000080FFFD

mem[X,0x0000000080001020] -> 0x1F13
mem[X,0x0000000080001022] -> 0x00BF
[1037] [M]: 0x0000000080001020 (0x00BF1F13) slli t5, t5, 0xb
x30 <- 0x0000000407FFE800

mem[X,0x0000000080001024] -> 0x0F13
mem[X,0x0000000080001026] -> 0x5FFF
[1038] [M]: 0x0000000080001024 (0x5FFF0F13) addi t5, t5, 0x5ff
x30 <- 0x0000000407FFEDFF

mem[X,0x0000000080001028] -> 0x1F13
mem[X,0x000000008000102A] -> 0x00BF
[1039] [M]: 0x0000000080001028 (0x00BF1F13) slli t5, t5, 0xb
x30 <- 0x0000203FFF6FF800

mem[X,0x000000008000102C] -> 0x0F13
mem[X,0x000000008000102E] -> 0x7D5F
[1040] [M]: 0x000000008000102C (0x7D5F0F13) addi t5, t5, 0x7d5
x30 <- 0x0000203FFF6FFFD5

mem[X,0x0000000080001030] -> 0x1F13
mem[X,0x0000000080001032] -> 0x00AF
[1041] [M]: 0x0000000080001030 (0x00AF1F13) slli t5, t5, 0xa
x30 <- 0x0080FFFDBFFF5400

mem[X,0x0000000080001034] -> 0x0F13
mem[X,0x0000000080001036] -> 0x155F
[1042] [M]: 0x0000000080001034 (0x155F0F13) addi t5, t5, 0x155
x30 <- 0x0080FFFDBFFF5555

mem[X,0x0000000080001038] -> 0x0EB7
mem[X,0x000000008000103A] -> 0xFDFF
[1043] [M]: 0x0000000080001038 (0xFDFF0EB7) lui t4, -0x2010
x29 <- 0xFFFFFFFFFDFF0000

mem[X,0x000000008000103C] -> 0x8E93
mem[X,0x000000008000103E] -> 0x005E
[1044] [M]: 0x000000008000103C (0x005E8E93) addi t4, t4, 0x5
x29 <- 0xFFFFFFFFFDFF0005

mem[X,0x0000000080001040] -> 0x9E93
mem[X,0x0000000080001042] -> 0x00BE
[1045] [M]: 0x0000000080001040 (0x00BE9E93) slli t4, t4, 0xb
x29 <- 0xFFFFFFEFF8002800

mem[X,0x0000000080001044] -> 0x8E93
mem[X,0x0000000080001046] -> 0x080E
[1046] [M]: 0x0000000080001044 (0x080E8E93) addi t4, t4, 0x80
x29 <- 0xFFFFFFEFF8002880

mem[X,0x0000000080001048] -> 0x9E93
mem[X,0x000000008000104A] -> 0x00BE
[1047] [M]: 0x0000000080001048 (0x00BE9E93) slli t4, t4, 0xb
x29 <- 0xFFFF7FC001440000

mem[X,0x000000008000104C] -> 0x8E93
mem[X,0x000000008000104E] -> 0x000E
[1048] [M]: 0x000000008000104C (0x000E8E93) addi t4, t4, 0x0
x29 <- 0xFFFF7FC001440000

mem[X,0x0000000080001050] -> 0x9E93
mem[X,0x0000000080001052] -> 0x00AE
[1049] [M]: 0x0000000080001050 (0x00AE9E93) slli t4, t4, 0xa
x29 <- 0xFDFF000510000000

mem[X,0x0000000080001054] -> 0x8E93
mem[X,0x0000000080001056] -> 0x003E
[1050] [M]: 0x0000000080001054 (0x003E8E93) addi t4, t4, 0x3
x29 <- 0xFDFF000510000003

mem[X,0x0000000080001058] -> 0x7FBB
mem[X,0x000000008000105A] -> 0xB9DF
[1051] [M]: 0x0000000080001058 (0xB9DF7FBB) pmhacc.h.bo t6, t5, t4
x31 <- 0xFFE0FFDFEFF9FFF8

mem[X,0x000000008000105C] -> 0xBC23
mem[X,0x000000008000105E] -> 0x0BF0
[1052] [M]: 0x000000008000105C (0x0BF0BC23) sd t6, 0xb8(ra)
mem[0x00000000800042B0] <- 0xFFE0FFDFEFF9FFF8

mem[X,0x0000000080001060] -> 0x0F37
mem[X,0x0000000080001062] -> 0x0010
[1053] [M]: 0x0000000080001060 (0x00100F37) lui t5, 0x100
x30 <- 0x0000000000100000

mem[X,0x0000000080001064] -> 0x0F13
mem[X,0x0000000080001066] -> 0x004F
[1054] [M]: 0x0000000080001064 (0x004F0F13) addi t5, t5, 0x4
x30 <- 0x0000000000100004

mem[X,0x0000000080001068] -> 0x1F13
mem[X,0x000000008000106A] -> 0x00BF
[1055] [M]: 0x0000000080001068 (0x00BF1F13) slli t5, t5, 0xb
x30 <- 0x0000000080002000

mem[X,0x000000008000106C] -> 0x0F13
mem[X,0x000000008000106E] -> 0x7FEF
[1056] [M]: 0x000000008000106C (0x7FEF0F13) addi t5, t5, 0x7fe
x30 <- 0x00000000800027FE

mem[X,0x0000000080001070] -> 0x1F13
mem[X,0x0000000080001072] -> 0x00BF
[1057] [M]: 0x0000000080001070 (0x00BF1F13) slli t5, t5, 0xb
x30 <- 0x00000400013FF000

mem[X,0x0000000080001074] -> 0x0F13
mem[X,0x0000000080001076] -> 0x7EAF
[1058] [M]: 0x0000000080001074 (0x7EAF0F13) addi t5, t5, 0x7ea
x30 <- 0x00000400013FF7EA

mem[X,0x0000000080001078] -> 0x1F13
mem[X,0x000000008000107A] -> 0x00AF
[1059] [M]: 0x0000000080001078 (0x00AF1F13) slli t5, t5, 0xa
x30 <- 0x00100004FFDFA800

mem[X,0x000000008000107C] -> 0x0F13
mem[X,0x000000008000107E] -> 0x2AAF
[1060] [M]: 0x000000008000107C (0x2AAF0F13) addi t5, t5, 0x2aa
x30 <- 0x00100004FFDFAAAA

mem[X,0x0000000080001080] -> 0x0EB7
mem[X,0x0000000080001082] -> 0x0200
[1061] [M]: 0x0000000080001080 (0x02000EB7) lui t4, 0x2000
x29 <- 0x0000000002000000

mem[X,0x0000000080001084] -> 0x8E93
mem[X,0x0000000080001086] -> 0x001E
[1062] [M]: 0x0000000080001084 (0x001E8E93) addi t4, t4, 0x1
x29 <- 0x0000000002000001

mem[X,0x0000000080001088] -> 0x9E93
mem[X,0x000000008000108A] -> 0x00BE
[1063] [M]: 0x0000000080001088 (0x00BE9E93) slli t4, t4, 0xb
x29 <- 0x0000001000000800

mem[X,0x000000008000108C] -> 0x8E93
mem[X,0x000000008000108E] -> 0x3FFE
[1064] [M]: 0x000000008000108C (0x3FFE8E93) addi t4, t4, 0x3ff
x29 <- 0x0000001000000BFF

mem[X,0x0000000080001090] -> 0x9E93
mem[X,0x0000000080001092] -> 0x00BE
[1065] [M]: 0x0000000080001090 (0x00BE9E93) slli t4, t4, 0xb
x29 <- 0x00008000005FF800

mem[X,0x0000000080001094] -> 0x8E93
mem[X,0x0000000080001096] -> 0x7FFE
[1066] [M]: 0x0000000080001094 (0x7FFE8E93) addi t4, t4, 0x7ff
x29 <- 0x00008000005FFFFF

mem[X,0x0000000080001098] -> 0x9E93
mem[X,0x000000008000109A] -> 0x00AE
[1067] [M]: 0x0000000080001098 (0x00AE9E93) slli t4, t4, 0xa
x29 <- 0x020000017FFFFC00

mem[X,0x000000008000109C] -> 0x8E93
mem[X,0x000000008000109E] -> 0x3FFE
[1068] [M]: 0x000000008000109C (0x3FFE8E93) addi t4, t4, 0x3ff
x29 <- 0x020000017FFFFFFF

mem[X,0x00000000800010A0] -> 0x7FBB
mem[X,0x00000000800010A2] -> 0xB9DF
[1069] [M]: 0x00000000800010A0 (0xB9DF7FBB) pmhacc.h.bo t6, t5, t4
x31 <- 0xFFE0FFDFEFF8FFF8

mem[X,0x00000000800010A4] -> 0xB023
mem[X,0x00000000800010A6] -> 0x0DF0
[1070] [M]: 0x00000000800010A4 (0x0DF0B023) sd t6, 0xc0(ra)
mem[0x00000000800042B8] <- 0xFFE0FFDFEFF8FFF8

mem[X,0x00000000800010A8] -> 0x0F37
mem[X,0x00000000800010AA] -> 0x2001
[1071] [M]: 0x00000000800010A8 (0x20010F37) lui t5, 0x20010
x30 <- 0x0000000020010000

mem[X,0x00000000800010AC] -> 0x0F13
mem[X,0x00000000800010AE] -> 0xEFFF
[1072] [M]: 0x00000000800010AC (0xEFFF0F13) addi t5, t5, -0x101
x30 <- 0x000000002000FEFF

mem[X,0x00000000800010B0] -> 0x1F13
mem[X,0x00000000800010B2] -> 0x00BF
[1073] [M]: 0x00000000800010B0 (0x00BF1F13) slli t5, t5, 0xb
x30 <- 0x0000010007F7F800

mem[X,0x00000000800010B4] -> 0x0F13
mem[X,0x00000000800010B6] -> 0x400F
[1074] [M]: 0x00000000800010B4 (0x400F0F13) addi t5, t5, 0x400
x30 <- 0x0000010007F7FC00

mem[X,0x00000000800010B8] -> 0x1F13
mem[X,0x00000000800010BA] -> 0x00BF
[1075] [M]: 0x00000000800010B8 (0x00BF1F13) slli t5, t5, 0xb
x30 <- 0x0008003FBFE00000

mem[X,0x00000000800010BC] -> 0x0F13
mem[X,0x00000000800010BE] -> 0x03FF
[1076] [M]: 0x00000000800010BC (0x03FF0F13) addi t5, t5, 0x3f
x30 <- 0x0008003FBFE0003F

mem[X,0x00000000800010C0] -> 0x1F13
mem[X,0x00000000800010C2] -> 0x00AF
[1077] [M]: 0x00000000800010C0 (0x00AF1F13) slli t5, t5, 0xa
x30 <- 0x2000FEFF8000FC00

mem[X,0x00000000800010C4] -> 0x0F13
mem[X,0x00000000800010C6] -> 0x37FF
[1078] [M]: 0x00000000800010C4 (0x37FF0F13) addi t5, t5, 0x37f
x30 <- 0x2000FEFF8000FF7F

mem[X,0x00000000800010C8] -> 0x0EB7
mem[X,0x00000000800010CA] -> 0x8001
[1079] [M]: 0x00000000800010C8 (0x80010EB7) lui t4, -0x7fff0
x29 <- 0xFFFFFFFF80010000

mem[X,0x00000000800010CC] -> 0x8E93
mem[X,0x00000000800010CE] -> 0xFEFE
[1080] [M]: 0x00000000800010CC (0xFEFE8E93) addi t4, t4, -0x11
x29 <- 0xFFFFFFFF8000FFEF

mem[X,0x00000000800010D0] -> 0x9E93
mem[X,0x00000000800010D2] -> 0x00BE
[1081] [M]: 0x00000000800010D0 (0x00BE9E93) slli t4, t4, 0xb
x29 <- 0xFFFFFC0007FF7800

mem[X,0x00000000800010D4] -> 0x8E93
mem[X,0x00000000800010D6] -> 0x1FFE
[1082] [M]: 0x00000000800010D4 (0x1FFE8E93) addi t4, t4, 0x1ff
x29 <- 0xFFFFFC0007FF79FF

mem[X,0x00000000800010D8] -> 0x9E93
mem[X,0x00000000800010DA] -> 0x00BE
[1083] [M]: 0x00000000800010D8 (0x00BE9E93) slli t4, t4, 0xb
x29 <- 0xFFE0003FFBCFF800

mem[X,0x00000000800010DC] -> 0x8E93
mem[X,0x00000000800010DE] -> 0x7FFE
[1084] [M]: 0x00000000800010DC (0x7FFE8E93) addi t4, t4, 0x7ff
x29 <- 0xFFE0003FFBCFFFFF

mem[X,0x00000000800010E0] -> 0x9E93
mem[X,0x00000000800010E2] -> 0x00AE
[1085] [M]: 0x00000000800010E0 (0x00AE9E93) slli t4, t4, 0xa
x29 <- 0x8000FFEF3FFFFC00

mem[X,0x00000000800010E4] -> 0x8E93
mem[X,0x00000000800010E6] -> 0x3FFE
[1086] [M]: 0x00000000800010E4 (0x3FFE8E93) addi t4, t4, 0x3ff
x29 <- 0x8000FFEF3FFFFFFF

mem[X,0x00000000800010E8] -> 0x7FBB
mem[X,0x00000000800010EA] -> 0xB9DF
[1087] [M]: 0x00000000800010E8 (0xB9DF7FBB) pmhacc.h.bo t6, t5, t4
x31 <- 0xFFD0FFDFEFD8FFF8

mem[X,0x00000000800010EC] -> 0xB423
mem[X,0x00000000800010EE] -> 0x0DF0
[1088] [M]: 0x00000000800010EC (0x0DF0B423) sd t6, 0xc8(ra)
mem[0x00000000800042C0] <- 0xFFD0FFDFEFD8FFF8

mem[X,0x00000000800010F0] -> 0x0F37
mem[X,0x00000000800010F2] -> 0x0040
[1089] [M]: 0x00000000800010F0 (0x00400F37) lui t5, 0x400
x30 <- 0x0000000000400000

mem[X,0x00000000800010F4] -> 0x0F13
mem[X,0x00000000800010F6] -> 0x100F
[1090] [M]: 0x00000000800010F4 (0x100F0F13) addi t5, t5, 0x100
x30 <- 0x0000000000400100

mem[X,0x00000000800010F8] -> 0x1F13
mem[X,0x00000000800010FA] -> 0x00BF
[1091] [M]: 0x00000000800010F8 (0x00BF1F13) slli t5, t5, 0xb
x30 <- 0x0000000200080000

mem[X,0x00000000800010FC] -> 0x0F13
mem[X,0x00000000800010FE] -> 0x000F
[1092] [M]: 0x00000000800010FC (0x000F0F13) addi t5, t5, 0x0
x30 <- 0x0000000200080000

mem[X,0x0000000080001100] -> 0x1F13
mem[X,0x0000000080001102] -> 0x00BF
[1093] [M]: 0x0000000080001100 (0x00BF1F13) slli t5, t5, 0xb
x30 <- 0x0000100040000000

mem[X,0x0000000080001104] -> 0x0F13
mem[X,0x0000000080001106] -> 0x080F
[1094] [M]: 0x0000000080001104 (0x080F0F13) addi t5, t5, 0x80
x30 <- 0x0000100040000080

mem[X,0x0000000080001108] -> 0x1F13
mem[X,0x000000008000110A] -> 0x00AF
[1095] [M]: 0x0000000080001108 (0x00AF1F13) slli t5, t5, 0xa
x30 <- 0x0040010000020000

mem[X,0x000000008000110C] -> 0x0F13
mem[X,0x000000008000110E] -> 0x100F
[1096] [M]: 0x000000008000110C (0x100F0F13) addi t5, t5, 0x100
x30 <- 0x0040010000020100

mem[X,0x0000000080001110] -> 0x4EB7
mem[X,0x0000000080001112] -> 0xFFFA
[1097] [M]: 0x0000000080001110 (0xFFFA4EB7) lui t4, -0x5c
x29 <- 0xFFFFFFFFFFFA4000

mem[X,0x0000000080001114] -> 0x8E93
mem[X,0x0000000080001116] -> 0x000E
[1098] [M]: 0x0000000080001114 (0x000E8E93) addi t4, t4, 0x0
x29 <- 0xFFFFFFFFFFFA4000

mem[X,0x0000000080001118] -> 0x9E93
mem[X,0x000000008000111A] -> 0x00BE
[1099] [M]: 0x0000000080001118 (0x00BE9E93) slli t4, t4, 0xb
x29 <- 0xFFFFFFFFD2000000

clint::tick mtime <- 0x000000000000000B
 clint timer pending at mtime 0x000000000000000B
htif::tick 0x0000000000000000
mem[X,0x000000008000111C] -> 0x8E93
mem[X,0x000000008000111E] -> 0x001E
[1100] [M]: 0x000000008000111C (0x001E8E93) addi t4, t4, 0x1
x29 <- 0xFFFFFFFFD2000001

mem[X,0x0000000080001120] -> 0x9E93
mem[X,0x0000000080001122] -> 0x00BE
[1101] [M]: 0x0000000080001120 (0x00BE9E93) slli t4, t4, 0xb
x29 <- 0xFFFFFE9000000800

mem[X,0x0000000080001124] -> 0x8E93
mem[X,0x0000000080001126] -> 0x015E
[1102] [M]: 0x0000000080001124 (0x015E8E93) addi t4, t4, 0x15
x29 <- 0xFFFFFE9000000815

mem[X,0x0000000080001128] -> 0x9E93
mem[X,0x000000008000112A] -> 0x00AE
[1103] [M]: 0x0000000080001128 (0x00AE9E93) slli t4, t4, 0xa
x29 <- 0xFFFA400000205400

mem[X,0x000000008000112C] -> 0x8E93
mem[X,0x000000008000112E] -> 0x155E
[1104] [M]: 0x000000008000112C (0x155E8E93) addi t4, t4, 0x155
x29 <- 0xFFFA400000205555

mem[X,0x0000000080001130] -> 0x7FBB
mem[X,0x0000000080001132] -> 0xB9DF
[1105] [M]: 0x0000000080001130 (0xB9DF7FBB) pmhacc.h.bo t6, t5, t4
x31 <- 0xFFCFFFDFEFD8FFF8

mem[X,0x0000000080001134] -> 0xB823
mem[X,0x0000000080001136] -> 0x0DF0
[1106] [M]: 0x0000000080001134 (0x0DF0B823) sd t6, 0xd0(ra)
mem[0x00000000800042C8] <- 0xFFCFFFDFEFD8FFF8

mem[X,0x0000000080001138] -> 0x0F37
mem[X,0x000000008000113A] -> 0xFFFF
[1107] [M]: 0x0000000080001138 (0xFFFF0F37) lui t5, -0x10
x30 <- 0xFFFFFFFFFFFF0000

mem[X,0x000000008000113C] -> 0x0F13
mem[X,0x000000008000113E] -> 0x080F
[1108] [M]: 0x000000008000113C (0x080F0F13) addi t5, t5, 0x80
x30 <- 0xFFFFFFFFFFFF0080

mem[X,0x0000000080001140] -> 0x1F13
mem[X,0x0000000080001142] -> 0x00BF
[1109] [M]: 0x0000000080001140 (0x00BF1F13) slli t5, t5, 0xb
x30 <- 0xFFFFFFFFF8040000

mem[X,0x0000000080001144] -> 0x0F13
mem[X,0x0000000080001146] -> 0x000F
[1110] [M]: 0x0000000080001144 (0x000F0F13) addi t5, t5, 0x0
x30 <- 0xFFFFFFFFF8040000

mem[X,0x0000000080001148] -> 0x1F13
mem[X,0x000000008000114A] -> 0x00BF
[1111] [M]: 0x0000000080001148 (0x00BF1F13) slli t5, t5, 0xb
x30 <- 0xFFFFFFC020000000

mem[X,0x000000008000114C] -> 0x0F13
mem[X,0x000000008000114E] -> 0x400F
[1112] [M]: 0x000000008000114C (0x400F0F13) addi t5, t5, 0x400
x30 <- 0xFFFFFFC020000400

mem[X,0x0000000080001150] -> 0x1F13
mem[X,0x0000000080001152] -> 0x00AF
[1113] [M]: 0x0000000080001150 (0x00AF1F13) slli t5, t5, 0xa
x30 <- 0xFFFF008000100000

mem[X,0x0000000080001154] -> 0x0F13
mem[X,0x0000000080001156] -> 0x003F
[1114] [M]: 0x0000000080001154 (0x003F0F13) addi t5, t5, 0x3
x30 <- 0xFFFF008000100003

mem[X,0x0000000080001158] -> 0x0EB7
mem[X,0x000000008000115A] -> 0xFF7F
[1115] [M]: 0x0000000080001158 (0xFF7F0EB7) lui t4, -0x810
x29 <- 0xFFFFFFFFFF7F0000

mem[X,0x000000008000115C] -> 0x8E93
mem[X,0x000000008000115E] -> 0x080E
[1116] [M]: 0x000000008000115C (0x080E8E93) addi t4, t4, 0x80
x29 <- 0xFFFFFFFFFF7F0080

mem[X,0x0000000080001160] -> 0x9E93
mem[X,0x0000000080001162] -> 0x00BE
[1117] [M]: 0x0000000080001160 (0x00BE9E93) slli t4, t4, 0xb
x29 <- 0xFFFFFFFBF8040000

mem[X,0x0000000080001164] -> 0x8E93
mem[X,0x0000000080001166] -> 0x000E
[1118] [M]: 0x0000000080001164 (0x000E8E93) addi t4, t4, 0x0
x29 <- 0xFFFFFFFBF8040000

mem[X,0x0000000080001168] -> 0x9E93
mem[X,0x000000008000116A] -> 0x00BE
[1119] [M]: 0x0000000080001168 (0x00BE9E93) slli t4, t4, 0xb
x29 <- 0xFFFFDFC020000000

mem[X,0x000000008000116C] -> 0x8E93
mem[X,0x000000008000116E] -> 0x248E
[1120] [M]: 0x000000008000116C (0x248E8E93) addi t4, t4, 0x248
x29 <- 0xFFFFDFC020000248

mem[X,0x0000000080001170] -> 0x9E93
mem[X,0x0000000080001172] -> 0x00AE
[1121] [M]: 0x0000000080001170 (0x00AE9E93) slli t4, t4, 0xa
x29 <- 0xFF7F008000092000

mem[X,0x0000000080001174] -> 0x7FBB
mem[X,0x0000000080001176] -> 0xB9DF
[1122] [M]: 0x0000000080001174 (0xB9DF7FBB) pmhacc.h.bo t6, t5, t4
x31 <- 0xFFCFFFDFEFD8FFF8

mem[X,0x0000000080001178] -> 0xBC23
mem[X,0x000000008000117A] -> 0x0DF0
[1123] [M]: 0x0000000080001178 (0x0DF0BC23) sd t6, 0xd8(ra)
mem[0x00000000800042D0] <- 0xFFCFFFDFEFD8FFF8

mem[X,0x000000008000117C] -> 0x0F37
mem[X,0x000000008000117E] -> 0xFFF8
[1124] [M]: 0x000000008000117C (0xFFF80F37) lui t5, -0x80
x30 <- 0xFFFFFFFFFFF80000

mem[X,0x0000000080001180] -> 0x0F13
mem[X,0x0000000080001182] -> 0xBFFF
[1125] [M]: 0x0000000080001180 (0xBFFF0F13) addi t5, t5, -0x401
x30 <- 0xFFFFFFFFFFF7FBFF

mem[X,0x0000000080001184] -> 0x1F13
mem[X,0x0000000080001186] -> 0x00BF
[1126] [M]: 0x0000000080001184 (0x00BF1F13) slli t5, t5, 0xb
x30 <- 0xFFFFFFFFBFDFF800

mem[X,0x0000000080001188] -> 0x0F13
mem[X,0x000000008000118A] -> 0x000F
[1127] [M]: 0x0000000080001188 (0x000F0F13) addi t5, t5, 0x0
x30 <- 0xFFFFFFFFBFDFF800

mem[X,0x000000008000118C] -> 0x1F13
mem[X,0x000000008000118E] -> 0x00BF
[1128] [M]: 0x000000008000118C (0x00BF1F13) slli t5, t5, 0xb
x30 <- 0xFFFFFDFEFFC00000

mem[X,0x0000000080001190] -> 0x0F13
mem[X,0x0000000080001192] -> 0x1D5F
[1129] [M]: 0x0000000080001190 (0x1D5F0F13) addi t5, t5, 0x1d5
x30 <- 0xFFFFFDFEFFC001D5

mem[X,0x0000000080001194] -> 0x1F13
mem[X,0x0000000080001196] -> 0x00AF
[1130] [M]: 0x0000000080001194 (0x00AF1F13) slli t5, t5, 0xa
x30 <- 0xFFF7FBFF00075400

mem[X,0x0000000080001198] -> 0x0F13
mem[X,0x000000008000119A] -> 0x155F
[1131] [M]: 0x0000000080001198 (0x155F0F13) addi t5, t5, 0x155
x30 <- 0xFFF7FBFF00075555

mem[X,0x000000008000119C] -> 0x0EB7
mem[X,0x000000008000119E] -> 0x000A
[1132] [M]: 0x000000008000119C (0x000A0EB7) lui t4, 0xa0
x29 <- 0x00000000000A0000

mem[X,0x00000000800011A0] -> 0x8E93
mem[X,0x00000000800011A2] -> 0xFFBE
[1133] [M]: 0x00000000800011A0 (0xFFBE8E93) addi t4, t4, -0x5
x29 <- 0x000000000009FFFB

mem[X,0x00000000800011A4] -> 0x9E93
mem[X,0x00000000800011A6] -> 0x00BE
[1134] [M]: 0x00000000800011A4 (0x00BE9E93) slli t4, t4, 0xb
x29 <- 0x000000004FFFD800

mem[X,0x00000000800011A8] -> 0x8E93
mem[X,0x00000000800011AA] -> 0x008E
[1135] [M]: 0x00000000800011A8 (0x008E8E93) addi t4, t4, 0x8
x29 <- 0x000000004FFFD808

mem[X,0x00000000800011AC] -> 0x9E93
mem[X,0x00000000800011AE] -> 0x00BE
[1136] [M]: 0x00000000800011AC (0x00BE9E93) slli t4, t4, 0xb
x29 <- 0x0000027FFEC04000

mem[X,0x00000000800011B0] -> 0x8E93
mem[X,0x00000000800011B2] -> 0x000E
[1137] [M]: 0x00000000800011B0 (0x000E8E93) addi t4, t4, 0x0
x29 <- 0x0000027FFEC04000

mem[X,0x00000000800011B4] -> 0x9E93
mem[X,0x00000000800011B6] -> 0x00AE
[1138] [M]: 0x00000000800011B4 (0x00AE9E93) slli t4, t4, 0xa
x29 <- 0x0009FFFB01000000

mem[X,0x00000000800011B8] -> 0x8E93
mem[X,0x00000000800011BA] -> 0x080E
[1139] [M]: 0x00000000800011B8 (0x080E8E93) addi t4, t4, 0x80
x29 <- 0x0009FFFB01000080

mem[X,0x00000000800011BC] -> 0x7FBB
mem[X,0x00000000800011BE] -> 0xB9DF
[1140] [M]: 0x00000000800011BC (0xB9DF7FBB) pmhacc.h.bo t6, t5, t4
x31 <- 0xFFCFFFDFEFD8FFF8

mem[X,0x00000000800011C0] -> 0xB023
mem[X,0x00000000800011C2] -> 0x0FF0
[1141] [M]: 0x00000000800011C0 (0x0FF0B023) sd t6, 0xe0(ra)
mem[0x00000000800042D8] <- 0xFFCFFFDFEFD8FFF8

mem[X,0x00000000800011C4] -> 0x0F37
mem[X,0x00000000800011C6] -> 0xFFEF
[1142] [M]: 0x00000000800011C4 (0xFFEF0F37) lui t5, -0x110
x30 <- 0xFFFFFFFFFFEF0000

mem[X,0x00000000800011C8] -> 0x0F13
mem[X,0x00000000800011CA] -> 0x040F
[1143] [M]: 0x00000000800011C8 (0x040F0F13) addi t5, t5, 0x40
x30 <- 0xFFFFFFFFFFEF0040

mem[X,0x00000000800011CC] -> 0x1F13
mem[X,0x00000000800011CE] -> 0x00BF
[1144] [M]: 0x00000000800011CC (0x00BF1F13) slli t5, t5, 0xb
x30 <- 0xFFFFFFFF78020000

mem[X,0x00000000800011D0] -> 0x0F13
mem[X,0x00000000800011D2] -> 0x7DFF
[1145] [M]: 0x00000000800011D0 (0x7DFF0F13) addi t5, t5, 0x7df
x30 <- 0xFFFFFFFF780207DF

mem[X,0x00000000800011D4] -> 0x1F13
mem[X,0x00000000800011D6] -> 0x00BF
[1146] [M]: 0x00000000800011D4 (0x00BF1F13) slli t5, t5, 0xb
x30 <- 0xFFFFFBC0103EF800

mem[X,0x00000000800011D8] -> 0x0F13
mem[X,0x00000000800011DA] -> 0x7C8F
[1147] [M]: 0x00000000800011D8 (0x7C8F0F13) addi t5, t5, 0x7c8
x30 <- 0xFFFFFBC0103EFFC8

mem[X,0x00000000800011DC] -> 0x1F13
mem[X,0x00000000800011DE] -> 0x00AF
[1148] [M]: 0x00000000800011DC (0x00AF1F13) slli t5, t5, 0xa
x30 <- 0xFFEF0040FBFF2000

mem[X,0x00000000800011E0] -> 0x0EB7
mem[X,0x00000000800011E2] -> 0x0003
[1149] [M]: 0x00000000800011E0 (0x00030EB7) lui t4, 0x30
x29 <- 0x0000000000030000

mem[X,0x00000000800011E4] -> 0x8E93
mem[X,0x00000000800011E6] -> 0xDFFE
[1150] [M]: 0x00000000800011E4 (0xDFFE8E93) addi t4, t4, -0x201
x29 <- 0x000000000002FDFF

mem[X,0x00000000800011E8] -> 0x9E93
mem[X,0x00000000800011EA] -> 0x00BE
[1151] [M]: 0x00000000800011E8 (0x00BE9E93) slli t4, t4, 0xb
x29 <- 0x0000000017EFF800

mem[X,0x00000000800011EC] -> 0x8E93
mem[X,0x00000000800011EE] -> 0x200E
[1152] [M]: 0x00000000800011EC (0x200E8E93) addi t4, t4, 0x200
x29 <- 0x0000000017EFFA00

mem[X,0x00000000800011F0] -> 0x9E93
mem[X,0x00000000800011F2] -> 0x00BE
[1153] [M]: 0x00000000800011F0 (0x00BE9E93) slli t4, t4, 0xb
x29 <- 0x000000BF7FD00000

mem[X,0x00000000800011F4] -> 0x8E93
mem[X,0x00000000800011F6] -> 0x020E
[1154] [M]: 0x00000000800011F4 (0x020E8E93) addi t4, t4, 0x20
x29 <- 0x000000BF7FD00020

mem[X,0x00000000800011F8] -> 0x9E93
mem[X,0x00000000800011FA] -> 0x00AE
[1155] [M]: 0x00000000800011F8 (0x00AE9E93) slli t4, t4, 0xa
x29 <- 0x0002FDFF40008000

mem[X,0x00000000800011FC] -> 0x7FBB
mem[X,0x00000000800011FE] -> 0xB9DF
[1156] [M]: 0x00000000800011FC (0xB9DF7FBB) pmhacc.h.bo t6, t5, t4
x31 <- 0xFFCFFFDEEFD6FFE8

mem[X,0x0000000080001200] -> 0xB423
mem[X,0x0000000080001202] -> 0x0FF0
[1157] [M]: 0x0000000080001200 (0x0FF0B423) sd t6, 0xe8(ra)
mem[0x00000000800042E0] <- 0xFFCFFFDEEFD6FFE8

mem[X,0x0000000080001204] -> 0x0F37
mem[X,0x0000000080001206] -> 0xF800
[1158] [M]: 0x0000000080001204 (0xF8000F37) lui t5, -0x8000
x30 <- 0xFFFFFFFFF8000000

mem[X,0x0000000080001208] -> 0x0F13
mem[X,0x000000008000120A] -> 0xFFBF
[1159] [M]: 0x0000000080001208 (0xFFBF0F13) addi t5, t5, -0x5
x30 <- 0xFFFFFFFFF7FFFFFB

mem[X,0x000000008000120C] -> 0x1F13
mem[X,0x000000008000120E] -> 0x00BF
[1160] [M]: 0x000000008000120C (0x00BF1F13) slli t5, t5, 0xb
x30 <- 0xFFFFFFBFFFFFD800

mem[X,0x0000000080001210] -> 0x0F13
mem[X,0x0000000080001212] -> 0x1FFF
[1161] [M]: 0x0000000080001210 (0x1FFF0F13) addi t5, t5, 0x1ff
x30 <- 0xFFFFFFBFFFFFD9FF

mem[X,0x0000000080001214] -> 0x1F13
mem[X,0x0000000080001216] -> 0x00BF
[1162] [M]: 0x0000000080001214 (0x00BF1F13) slli t5, t5, 0xb
x30 <- 0xFFFDFFFFFECFF800

mem[X,0x0000000080001218] -> 0x0F13
mem[X,0x000000008000121A] -> 0x7C0F
[1163] [M]: 0x0000000080001218 (0x7C0F0F13) addi t5, t5, 0x7c0
x30 <- 0xFFFDFFFFFECFFFC0

mem[X,0x000000008000121C] -> 0x1F13
mem[X,0x000000008000121E] -> 0x00AF
[1164] [M]: 0x000000008000121C (0x00AF1F13) slli t5, t5, 0xa
x30 <- 0xF7FFFFFB3FFF0000

mem[X,0x0000000080001220] -> 0x0F13
mem[X,0x0000000080001222] -> 0x100F
[1165] [M]: 0x0000000080001220 (0x100F0F13) addi t5, t5, 0x100
x30 <- 0xF7FFFFFB3FFF0100

mem[X,0x0000000080001224] -> 0x0EB7
mem[X,0x0000000080001226] -> 0x0001
[1166] [M]: 0x0000000080001224 (0x00010EB7) lui t4, 0x10
x29 <- 0x0000000000010000

mem[X,0x0000000080001228] -> 0x8E93
mem[X,0x000000008000122A] -> 0x010E
[1167] [M]: 0x0000000080001228 (0x010E8E93) addi t4, t4, 0x10
x29 <- 0x0000000000010010

mem[X,0x000000008000122C] -> 0x9E93
mem[X,0x000000008000122E] -> 0x00BE
[1168] [M]: 0x000000008000122C (0x00BE9E93) slli t4, t4, 0xb
x29 <- 0x0000000008008000

mem[X,0x0000000080001230] -> 0x8E93
mem[X,0x0000000080001232] -> 0x7FFE
[1169] [M]: 0x0000000080001230 (0x7FFE8E93) addi t4, t4, 0x7ff
x29 <- 0x00000000080087FF

mem[X,0x0000000080001234] -> 0x9E93
mem[X,0x0000000080001236] -> 0x00BE
[1170] [M]: 0x0000000080001234 (0x00BE9E93) slli t4, t4, 0xb
x29 <- 0x00000040043FF800

mem[X,0x0000000080001238] -> 0x8E93
mem[X,0x000000008000123A] -> 0x77FE
[1171] [M]: 0x0000000080001238 (0x77FE8E93) addi t4, t4, 0x77f
x29 <- 0x00000040043FFF7F

mem[X,0x000000008000123C] -> 0x9E93
mem[X,0x000000008000123E] -> 0x00AE
[1172] [M]: 0x000000008000123C (0x00AE9E93) slli t4, t4, 0xa
x29 <- 0x00010010FFFDFC00

mem[X,0x0000000080001240] -> 0x8E93
mem[X,0x0000000080001242] -> 0x3FBE
[1173] [M]: 0x0000000080001240 (0x3FBE8E93) addi t4, t4, 0x3fb
x29 <- 0x00010010FFFDFFFB

mem[X,0x0000000080001244] -> 0x7FBB
mem[X,0x0000000080001246] -> 0xB9DF
[1174] [M]: 0x0000000080001244 (0xB9DF7FBB) pmhacc.h.bo t6, t5, t4
x31 <- 0xFFCFFFDEEFD5FFE7

mem[X,0x0000000080001248] -> 0xB823
mem[X,0x000000008000124A] -> 0x0FF0
[1175] [M]: 0x0000000080001248 (0x0FF0B823) sd t6, 0xf0(ra)
mem[0x00000000800042E8] <- 0xFFCFFFDEEFD5FFE7

mem[X,0x000000008000124C] -> 0x0F37
mem[X,0x000000008000124E] -> 0xFF80
[1176] [M]: 0x000000008000124C (0xFF800F37) lui t5, -0x800
x30 <- 0xFFFFFFFFFF800000

mem[X,0x0000000080001250] -> 0x0F13
mem[X,0x0000000080001252] -> 0xFFFF
[1177] [M]: 0x0000000080001250 (0xFFFF0F13) addi t5, t5, -0x1
x30 <- 0xFFFFFFFFFF7FFFFF

mem[X,0x0000000080001254] -> 0x1F13
mem[X,0x0000000080001256] -> 0x00BF
[1178] [M]: 0x0000000080001254 (0x00BF1F13) slli t5, t5, 0xb
x30 <- 0xFFFFFFFBFFFFF800

mem[X,0x0000000080001258] -> 0x0F13
mem[X,0x000000008000125A] -> 0x080F
[1179] [M]: 0x0000000080001258 (0x080F0F13) addi t5, t5, 0x80
x30 <- 0xFFFFFFFBFFFFF880

mem[X,0x000000008000125C] -> 0x1F13
mem[X,0x000000008000125E] -> 0x00BF
[1180] [M]: 0x000000008000125C (0x00BF1F13) slli t5, t5, 0xb
x30 <- 0xFFFFDFFFFFC40000

mem[X,0x0000000080001260] -> 0x0F13
mem[X,0x0000000080001262] -> 0x020F
[1181] [M]: 0x0000000080001260 (0x020F0F13) addi t5, t5, 0x20
x30 <- 0xFFFFDFFFFFC40020

mem[X,0x0000000080001264] -> 0x1F13
mem[X,0x0000000080001266] -> 0x00AF
[1182] [M]: 0x0000000080001264 (0x00AF1F13) slli t5, t5, 0xa
x30 <- 0xFF7FFFFF10008000

mem[X,0x0000000080001268] -> 0x0EB7
mem[X,0x000000008000126A] -> 0xFFC0
[1183] [M]: 0x0000000080001268 (0xFFC00EB7) lui t4, -0x400
x29 <- 0xFFFFFFFFFFC00000

mem[X,0x000000008000126C] -> 0x8E93
mem[X,0x000000008000126E] -> 0xEFFE
[1184] [M]: 0x000000008000126C (0xEFFE8E93) addi t4, t4, -0x101
x29 <- 0xFFFFFFFFFFBFFEFF

mem[X,0x0000000080001270] -> 0x9E93
mem[X,0x0000000080001272] -> 0x00BE
[1185] [M]: 0x0000000080001270 (0x00BE9E93) slli t4, t4, 0xb
x29 <- 0xFFFFFFFDFFF7F800

mem[X,0x0000000080001274] -> 0x8E93
mem[X,0x0000000080001276] -> 0x5FFE
[1186] [M]: 0x0000000080001274 (0x5FFE8E93) addi t4, t4, 0x5ff
x29 <- 0xFFFFFFFDFFF7FDFF

mem[X,0x0000000080001278] -> 0x9E93
mem[X,0x000000008000127A] -> 0x00BE
[1187] [M]: 0x0000000080001278 (0x00BE9E93) slli t4, t4, 0xb
x29 <- 0xFFFFEFFFBFEFF800

mem[X,0x000000008000127C] -> 0x8E93
mem[X,0x000000008000127E] -> 0x7FFE
[1188] [M]: 0x000000008000127C (0x7FFE8E93) addi t4, t4, 0x7ff
x29 <- 0xFFFFEFFFBFEFFFFF

mem[X,0x0000000080001280] -> 0x9E93
mem[X,0x0000000080001282] -> 0x00AE
[1189] [M]: 0x0000000080001280 (0x00AE9E93) slli t4, t4, 0xa
x29 <- 0xFFBFFEFFBFFFFC00

mem[X,0x0000000080001284] -> 0x8E93
mem[X,0x0000000080001286] -> 0x3FEE
[1190] [M]: 0x0000000080001284 (0x3FEE8E93) addi t4, t4, 0x3fe
x29 <- 0xFFBFFEFFBFFFFFFE

mem[X,0x0000000080001288] -> 0x7FBB
mem[X,0x000000008000128A] -> 0xB9DF
[1191] [M]: 0x0000000080001288 (0xB9DF7FBB) pmhacc.h.bo t6, t5, t4
x31 <- 0xFFCFFFDEEFD0FFE7

mem[X,0x000000008000128C] -> 0xBC23
mem[X,0x000000008000128E] -> 0x0FF0
[1192] [M]: 0x000000008000128C (0x0FF0BC23) sd t6, 0xf8(ra)
mem[0x00000000800042F0] <- 0xFFCFFFDEEFD0FFE7

mem[X,0x0000000080001290] -> 0x0F37
mem[X,0x0000000080001292] -> 0xFDFF
[1193] [M]: 0x0000000080001290 (0xFDFF0F37) lui t5, -0x2010
x30 <- 0xFFFFFFFFFDFF0000

mem[X,0x0000000080001294] -> 0x0F13
mem[X,0x0000000080001296] -> 0x003F
[1194] [M]: 0x0000000080001294 (0x003F0F13) addi t5, t5, 0x3
x30 <- 0xFFFFFFFFFDFF0003

mem[X,0x0000000080001298] -> 0x1F13
mem[X,0x000000008000129A] -> 0x00BF
[1195] [M]: 0x0000000080001298 (0x00BF1F13) slli t5, t5, 0xb
x30 <- 0xFFFFFFEFF8001800

mem[X,0x000000008000129C] -> 0x0F13
mem[X,0x000000008000129E] -> 0x000F
[1196] [M]: 0x000000008000129C (0x000F0F13) addi t5, t5, 0x0
x30 <- 0xFFFFFFEFF8001800

mem[X,0x00000000800012A0] -> 0x1F13
mem[X,0x00000000800012A2] -> 0x00BF
[1197] [M]: 0x00000000800012A0 (0x00BF1F13) slli t5, t5, 0xb
x30 <- 0xFFFF7FC000C00000

mem[X,0x00000000800012A4] -> 0x0F13
mem[X,0x00000000800012A6] -> 0x040F
[1198] [M]: 0x00000000800012A4 (0x040F0F13) addi t5, t5, 0x40
x30 <- 0xFFFF7FC000C00040

mem[X,0x00000000800012A8] -> 0x1F13
mem[X,0x00000000800012AA] -> 0x00AF
[1199] [M]: 0x00000000800012A8 (0x00AF1F13) slli t5, t5, 0xa
x30 <- 0xFDFF000300010000

clint::tick mtime <- 0x000000000000000C
 clint timer pending at mtime 0x000000000000000C
htif::tick 0x0000000000000000
mem[X,0x00000000800012AC] -> 0x0F13
mem[X,0x00000000800012AE] -> 0x010F
[1200] [M]: 0x00000000800012AC (0x010F0F13) addi t5, t5, 0x10
x30 <- 0xFDFF000300010010

mem[X,0x00000000800012B0] -> 0x0EB7
mem[X,0x00000000800012B2] -> 0x0080
[1201] [M]: 0x00000000800012B0 (0x00800EB7) lui t4, 0x800
x29 <- 0x0000000000800000

mem[X,0x00000000800012B4] -> 0x8E93
mem[X,0x00000000800012B6] -> 0x005E
[1202] [M]: 0x00000000800012B4 (0x005E8E93) addi t4, t4, 0x5
x29 <- 0x0000000000800005

mem[X,0x00000000800012B8] -> 0x9E93
mem[X,0x00000000800012BA] -> 0x00BE
[1203] [M]: 0x00000000800012B8 (0x00BE9E93) slli t4, t4, 0xb
x29 <- 0x0000000400002800

mem[X,0x00000000800012BC] -> 0x8E93
mem[X,0x00000000800012BE] -> 0x000E
[1204] [M]: 0x00000000800012BC (0x000E8E93) addi t4, t4, 0x0
x29 <- 0x0000000400002800

mem[X,0x00000000800012C0] -> 0x9E93
mem[X,0x00000000800012C2] -> 0x00BE
[1205] [M]: 0x00000000800012C0 (0x00BE9E93) slli t4, t4, 0xb
x29 <- 0x0000200001400000

mem[X,0x00000000800012C4] -> 0x8E93
mem[X,0x00000000800012C6] -> 0x220E
[1206] [M]: 0x00000000800012C4 (0x220E8E93) addi t4, t4, 0x220
x29 <- 0x0000200001400220

mem[X,0x00000000800012C8] -> 0x9E93
mem[X,0x00000000800012CA] -> 0x00AE
[1207] [M]: 0x00000000800012C8 (0x00AE9E93) slli t4, t4, 0xa
x29 <- 0x0080000500088000

mem[X,0x00000000800012CC] -> 0x7FBB
mem[X,0x00000000800012CE] -> 0xB9DF
[1208] [M]: 0x00000000800012CC (0xB9DF7FBB) pmhacc.h.bo t6, t5, t4
x31 <- 0xFFCFFFDEEFD0FFE6

mem[X,0x00000000800012D0] -> 0xB023
mem[X,0x00000000800012D2] -> 0x11F0
[1209] [M]: 0x00000000800012D0 (0x11F0B023) sd t6, 0x100(ra)
mem[0x00000000800042F8] <- 0xFFCFFFDEEFD0FFE6

mem[X,0x00000000800012D4] -> 0x1F37
mem[X,0x00000000800012D6] -> 0xFBFF
[1210] [M]: 0x00000000800012D4 (0xFBFF1F37) lui t5, -0x400f
x30 <- 0xFFFFFFFFFBFF1000

mem[X,0x00000000800012D8] -> 0x0F13
mem[X,0x00000000800012DA] -> 0x000F
[1211] [M]: 0x00000000800012D8 (0x000F0F13) addi t5, t5, 0x0
x30 <- 0xFFFFFFFFFBFF1000

mem[X,0x00000000800012DC] -> 0x1F13
mem[X,0x00000000800012DE] -> 0x00BF
[1212] [M]: 0x00000000800012DC (0x00BF1F13) slli t5, t5, 0xb
x30 <- 0xFFFFFFDFF8800000

mem[X,0x00000000800012E0] -> 0x0F13
mem[X,0x00000000800012E2] -> 0x1FFF
[1213] [M]: 0x00000000800012E0 (0x1FFF0F13) addi t5, t5, 0x1ff
x30 <- 0xFFFFFFDFF88001FF

mem[X,0x00000000800012E4] -> 0x1F13
mem[X,0x00000000800012E6] -> 0x00BF
[1214] [M]: 0x00000000800012E4 (0x00BF1F13) slli t5, t5, 0xb
x30 <- 0xFFFEFFC4000FF800

mem[X,0x00000000800012E8] -> 0x0F13
mem[X,0x00000000800012EA] -> 0x7FFF
[1215] [M]: 0x00000000800012E8 (0x7FFF0F13) addi t5, t5, 0x7ff
x30 <- 0xFFFEFFC4000FFFFF

mem[X,0x00000000800012EC] -> 0x1F13
mem[X,0x00000000800012EE] -> 0x00AF
[1216] [M]: 0x00000000800012EC (0x00AF1F13) slli t5, t5, 0xa
x30 <- 0xFBFF10003FFFFC00

mem[X,0x00000000800012F0] -> 0x0F13
mem[X,0x00000000800012F2] -> 0x3FFF
[1217] [M]: 0x00000000800012F0 (0x3FFF0F13) addi t5, t5, 0x3ff
x30 <- 0xFBFF10003FFFFFFF

mem[X,0x00000000800012F4] -> 0x0EB7
mem[X,0x00000000800012F6] -> 0x0201
[1218] [M]: 0x00000000800012F4 (0x02010EB7) lui t4, 0x2010
x29 <- 0x0000000002010000

mem[X,0x00000000800012F8] -> 0x8E93
mem[X,0x00000000800012FA] -> 0xFFFE
[1219] [M]: 0x00000000800012F8 (0xFFFE8E93) addi t4, t4, -0x1
x29 <- 0x000000000200FFFF

mem[X,0x00000000800012FC] -> 0x9E93
mem[X,0x00000000800012FE] -> 0x00BE
[1220] [M]: 0x00000000800012FC (0x00BE9E93) slli t4, t4, 0xb
x29 <- 0x0000001007FFF800

mem[X,0x0000000080001300] -> 0x8E93
mem[X,0x0000000080001302] -> 0x3FFE
[1221] [M]: 0x0000000080001300 (0x3FFE8E93) addi t4, t4, 0x3ff
x29 <- 0x0000001007FFFBFF

mem[X,0x0000000080001304] -> 0x9E93
mem[X,0x0000000080001306] -> 0x00BE
[1222] [M]: 0x0000000080001304 (0x00BE9E93) slli t4, t4, 0xb
x29 <- 0x0000803FFFDFF800

mem[X,0x0000000080001308] -> 0x8E93
mem[X,0x000000008000130A] -> 0x7F0E
[1223] [M]: 0x0000000080001308 (0x7F0E8E93) addi t4, t4, 0x7f0
x29 <- 0x0000803FFFDFFFF0

mem[X,0x000000008000130C] -> 0x9E93
mem[X,0x000000008000130E] -> 0x00AE
[1224] [M]: 0x000000008000130C (0x00AE9E93) slli t4, t4, 0xa
x29 <- 0x0200FFFF7FFFC000

mem[X,0x0000000080001310] -> 0x7FBB
mem[X,0x0000000080001312] -> 0xB9DF
[1225] [M]: 0x0000000080001310 (0xB9DF7FBB) pmhacc.h.bo t6, t5, t4
x31 <- 0xFFCEFFDDEFEFFFE6

mem[X,0x0000000080001314] -> 0xB423
mem[X,0x0000000080001316] -> 0x11F0
[1226] [M]: 0x0000000080001314 (0x11F0B423) sd t6, 0x108(ra)
mem[0x0000000080004300] <- 0xFFCEFFDDEFEFFFE6

mem[X,0x0000000080001318] -> 0xFF37
mem[X,0x000000008000131A] -> 0xAAAA
[1227] [M]: 0x0000000080001318 (0xAAAAFF37) lui t5, -0x55551
x30 <- 0xFFFFFFFFAAAAF000

mem[X,0x000000008000131C] -> 0x0F13
mem[X,0x000000008000131E] -> 0x7FFF
[1228] [M]: 0x000000008000131C (0x7FFF0F13) addi t5, t5, 0x7ff
x30 <- 0xFFFFFFFFAAAAF7FF

mem[X,0x0000000080001320] -> 0x1F13
mem[X,0x0000000080001322] -> 0x00BF
[1229] [M]: 0x0000000080001320 (0x00BF1F13) slli t5, t5, 0xb
x30 <- 0xFFFFFD5557BFF800

mem[X,0x0000000080001324] -> 0x0F13
mem[X,0x0000000080001326] -> 0x7FFF
[1230] [M]: 0x0000000080001324 (0x7FFF0F13) addi t5, t5, 0x7ff
x30 <- 0xFFFFFD5557BFFFFF

mem[X,0x0000000080001328] -> 0x1F13
mem[X,0x000000008000132A] -> 0x00BF
[1231] [M]: 0x0000000080001328 (0x00BF1F13) slli t5, t5, 0xb
x30 <- 0xFFEAAABDFFFFF800

mem[X,0x000000008000132C] -> 0x0F13
mem[X,0x000000008000132E] -> 0x6BEF
[1232] [M]: 0x000000008000132C (0x6BEF0F13) addi t5, t5, 0x6be
x30 <- 0xFFEAAABDFFFFFEBE

mem[X,0x0000000080001330] -> 0x1F13
mem[X,0x0000000080001332] -> 0x00AF
[1233] [M]: 0x0000000080001330 (0x00AF1F13) slli t5, t5, 0xa
x30 <- 0xAAAAF7FFFFFAF800

mem[X,0x0000000080001334] -> 0x0F13
mem[X,0x0000000080001336] -> 0x3FFF
[1234] [M]: 0x0000000080001334 (0x3FFF0F13) addi t5, t5, 0x3ff
x30 <- 0xAAAAF7FFFFFAFBFF

mem[X,0x0000000080001338] -> 0x0EB7
mem[X,0x000000008000133A] -> 0xFF7F
[1235] [M]: 0x0000000080001338 (0xFF7F0EB7) lui t4, -0x810
x29 <- 0xFFFFFFFFFF7F0000

mem[X,0x000000008000133C] -> 0x8E93
mem[X,0x000000008000133E] -> 0x008E
[1236] [M]: 0x000000008000133C (0x008E8E93) addi t4, t4, 0x8
x29 <- 0xFFFFFFFFFF7F0008

mem[X,0x0000000080001340] -> 0x9E93
mem[X,0x0000000080001342] -> 0x00BE
[1237] [M]: 0x0000000080001340 (0x00BE9E93) slli t4, t4, 0xb
x29 <- 0xFFFFFFFBF8004000

mem[X,0x0000000080001344] -> 0x8E93
mem[X,0x0000000080001346] -> 0x000E
[1238] [M]: 0x0000000080001344 (0x000E8E93) addi t4, t4, 0x0
x29 <- 0xFFFFFFFBF8004000

mem[X,0x0000000080001348] -> 0x9E93
mem[X,0x000000008000134A] -> 0x00BE
[1239] [M]: 0x0000000080001348 (0x00BE9E93) slli t4, t4, 0xb
x29 <- 0xFFFFDFC002000000

mem[X,0x000000008000134C] -> 0x8E93
mem[X,0x000000008000134E] -> 0x13FE
[1240] [M]: 0x000000008000134C (0x13FE8E93) addi t4, t4, 0x13f
x29 <- 0xFFFFDFC00200013F

mem[X,0x0000000080001350] -> 0x9E93
mem[X,0x0000000080001352] -> 0x00AE
[1241] [M]: 0x0000000080001350 (0x00AE9E93) slli t4, t4, 0xa
x29 <- 0xFF7F00080004FC00

mem[X,0x0000000080001354] -> 0x8E93
mem[X,0x0000000080001356] -> 0x3F9E
[1242] [M]: 0x0000000080001354 (0x3F9E8E93) addi t4, t4, 0x3f9
x29 <- 0xFF7F00080004FFF9

mem[X,0x0000000080001358] -> 0x7FBB
mem[X,0x000000008000135A] -> 0xB9DF
[1243] [M]: 0x0000000080001358 (0xB9DF7FBB) pmhacc.h.bo t6, t5, t4
x31 <- 0xFFCEFFDDEFEFFFE6

mem[X,0x000000008000135C] -> 0xB823
mem[X,0x000000008000135E] -> 0x11F0
[1244] [M]: 0x000000008000135C (0x11F0B823) sd t6, 0x110(ra)
mem[0x0000000080004308] <- 0xFFCEFFDDEFEFFFE6

mem[X,0x0000000080001360] -> 0x0F37
mem[X,0x0000000080001362] -> 0xFF7F
[1245] [M]: 0x0000000080001360 (0xFF7F0F37) lui t5, -0x810
x30 <- 0xFFFFFFFFFF7F0000

mem[X,0x0000000080001364] -> 0x0F13
mem[X,0x0000000080001366] -> 0x200F
[1246] [M]: 0x0000000080001364 (0x200F0F13) addi t5, t5, 0x200
x30 <- 0xFFFFFFFFFF7F0200

mem[X,0x0000000080001368] -> 0x1F13
mem[X,0x000000008000136A] -> 0x00BF
[1247] [M]: 0x0000000080001368 (0x00BF1F13) slli t5, t5, 0xb
x30 <- 0xFFFFFFFBF8100000

mem[X,0x000000008000136C] -> 0x0F13
mem[X,0x000000008000136E] -> 0x7FFF
[1248] [M]: 0x000000008000136C (0x7FFF0F13) addi t5, t5, 0x7ff
x30 <- 0xFFFFFFFBF81007FF

mem[X,0x0000000080001370] -> 0x1F13
mem[X,0x0000000080001372] -> 0x00BF
[1249] [M]: 0x0000000080001370 (0x00BF1F13) slli t5, t5, 0xb
x30 <- 0xFFFFDFC0803FF800

mem[X,0x0000000080001374] -> 0x0F13
mem[X,0x0000000080001376] -> 0x5BFF
[1250] [M]: 0x0000000080001374 (0x5BFF0F13) addi t5, t5, 0x5bf
x30 <- 0xFFFFDFC0803FFDBF

mem[X,0x0000000080001378] -> 0x1F13
mem[X,0x000000008000137A] -> 0x00AF
[1251] [M]: 0x0000000080001378 (0x00AF1F13) slli t5, t5, 0xa
x30 <- 0xFF7F0200FFF6FC00

mem[X,0x000000008000137C] -> 0x0F13
mem[X,0x000000008000137E] -> 0x3DFF
[1252] [M]: 0x000000008000137C (0x3DFF0F13) addi t5, t5, 0x3df
x30 <- 0xFF7F0200FFF6FFDF

mem[X,0x0000000080001380] -> 0x0EB7
mem[X,0x0000000080001382] -> 0xFDFF
[1253] [M]: 0x0000000080001380 (0xFDFF0EB7) lui t4, -0x2010
x29 <- 0xFFFFFFFFFDFF0000

mem[X,0x0000000080001384] -> 0x8E93
mem[X,0x0000000080001386] -> 0x200E
[1254] [M]: 0x0000000080001384 (0x200E8E93) addi t4, t4, 0x200
x29 <- 0xFFFFFFFFFDFF0200

mem[X,0x0000000080001388] -> 0x9E93
mem[X,0x000000008000138A] -> 0x00BE
[1255] [M]: 0x0000000080001388 (0x00BE9E93) slli t4, t4, 0xb
x29 <- 0xFFFFFFEFF8100000

mem[X,0x000000008000138C] -> 0x8E93
mem[X,0x000000008000138E] -> 0x004E
[1256] [M]: 0x000000008000138C (0x004E8E93) addi t4, t4, 0x4
x29 <- 0xFFFFFFEFF8100004

mem[X,0x0000000080001390] -> 0x9E93
mem[X,0x0000000080001392] -> 0x00BE
[1257] [M]: 0x0000000080001390 (0x00BE9E93) slli t4, t4, 0xb
x29 <- 0xFFFF7FC080002000

mem[X,0x0000000080001394] -> 0x8E93
mem[X,0x0000000080001396] -> 0x000E
[1258] [M]: 0x0000000080001394 (0x000E8E93) addi t4, t4, 0x0
x29 <- 0xFFFF7FC080002000

mem[X,0x0000000080001398] -> 0x9E93
mem[X,0x000000008000139A] -> 0x00AE
[1259] [M]: 0x0000000080001398 (0x00AE9E93) slli t4, t4, 0xa
x29 <- 0xFDFF020000800000

mem[X,0x000000008000139C] -> 0x7FBB
mem[X,0x000000008000139E] -> 0xB9DF
[1260] [M]: 0x000000008000139C (0xB9DF7FBB) pmhacc.h.bo t6, t5, t4
x31 <- 0xFFCEFFDDEFEFFFE6

mem[X,0x00000000800013A0] -> 0xBC23
mem[X,0x00000000800013A2] -> 0x11F0
[1261] [M]: 0x00000000800013A0 (0x11F0BC23) sd t6, 0x118(ra)
mem[0x0000000080004310] <- 0xFFCEFFDDEFEFFFE6

mem[X,0x00000000800013A4] -> 0x0F37
mem[X,0x00000000800013A6] -> 0xFFF9
[1262] [M]: 0x00000000800013A4 (0xFFF90F37) lui t5, -0x70
x30 <- 0xFFFFFFFFFFF90000

mem[X,0x00000000800013A8] -> 0x0F13
mem[X,0x00000000800013AA] -> 0x080F
[1263] [M]: 0x00000000800013A8 (0x080F0F13) addi t5, t5, 0x80
x30 <- 0xFFFFFFFFFFF90080

mem[X,0x00000000800013AC] -> 0x1F13
mem[X,0x00000000800013AE] -> 0x00BF
[1264] [M]: 0x00000000800013AC (0x00BF1F13) slli t5, t5, 0xb
x30 <- 0xFFFFFFFFC8040000

mem[X,0x00000000800013B0] -> 0x0F13
mem[X,0x00000000800013B2] -> 0x000F
[1265] [M]: 0x00000000800013B0 (0x000F0F13) addi t5, t5, 0x0
x30 <- 0xFFFFFFFFC8040000

mem[X,0x00000000800013B4] -> 0x1F13
mem[X,0x00000000800013B6] -> 0x00BF
[1266] [M]: 0x00000000800013B4 (0x00BF1F13) slli t5, t5, 0xb
x30 <- 0xFFFFFE4020000000

mem[X,0x00000000800013B8] -> 0x0F13
mem[X,0x00000000800013BA] -> 0x200F
[1267] [M]: 0x00000000800013B8 (0x200F0F13) addi t5, t5, 0x200
x30 <- 0xFFFFFE4020000200

mem[X,0x00000000800013BC] -> 0x1F13
mem[X,0x00000000800013BE] -> 0x00AF
[1268] [M]: 0x00000000800013BC (0x00AF1F13) slli t5, t5, 0xa
x30 <- 0xFFF9008000080000

mem[X,0x00000000800013C0] -> 0x0F13
mem[X,0x00000000800013C2] -> 0x001F
[1269] [M]: 0x00000000800013C0 (0x001F0F13) addi t5, t5, 0x1
x30 <- 0xFFF9008000080001

mem[X,0x00000000800013C4] -> 0x2EB7
mem[X,0x00000000800013C6] -> 0xFFFC
[1270] [M]: 0x00000000800013C4 (0xFFFC2EB7) lui t4, -0x3e
x29 <- 0xFFFFFFFFFFFC2000

mem[X,0x00000000800013C8] -> 0x8E93
mem[X,0x00000000800013CA] -> 0x000E
[1271] [M]: 0x00000000800013C8 (0x000E8E93) addi t4, t4, 0x0
x29 <- 0xFFFFFFFFFFFC2000

mem[X,0x00000000800013CC] -> 0x9E93
mem[X,0x00000000800013CE] -> 0x00BE
[1272] [M]: 0x00000000800013CC (0x00BE9E93) slli t4, t4, 0xb
x29 <- 0xFFFFFFFFE1000000

mem[X,0x00000000800013D0] -> 0x8E93
mem[X,0x00000000800013D2] -> 0x5FFE
[1273] [M]: 0x00000000800013D0 (0x5FFE8E93) addi t4, t4, 0x5ff
x29 <- 0xFFFFFFFFE10005FF

mem[X,0x00000000800013D4] -> 0x9E93
mem[X,0x00000000800013D6] -> 0x00BE
[1274] [M]: 0x00000000800013D4 (0x00BE9E93) slli t4, t4, 0xb
x29 <- 0xFFFFFF08002FF800

mem[X,0x00000000800013D8] -> 0x8E93
mem[X,0x00000000800013DA] -> 0x7C0E
[1275] [M]: 0x00000000800013D8 (0x7C0E8E93) addi t4, t4, 0x7c0
x29 <- 0xFFFFFF08002FFFC0

mem[X,0x00000000800013DC] -> 0x9E93
mem[X,0x00000000800013DE] -> 0x00AE
[1276] [M]: 0x00000000800013DC (0x00AE9E93) slli t4, t4, 0xa
x29 <- 0xFFFC2000BFFF0000

mem[X,0x00000000800013E0] -> 0x8E93
mem[X,0x00000000800013E2] -> 0x008E
[1277] [M]: 0x00000000800013E0 (0x008E8E93) addi t4, t4, 0x8
x29 <- 0xFFFC2000BFFF0008

mem[X,0x00000000800013E4] -> 0x7FBB
mem[X,0x00000000800013E6] -> 0xB9DF
[1278] [M]: 0x00000000800013E4 (0xB9DF7FBB) pmhacc.h.bo t6, t5, t4
x31 <- 0xFFCEFFDDEFEEFFE6

mem[X,0x00000000800013E8] -> 0xB023
mem[X,0x00000000800013EA] -> 0x13F0
[1279] [M]: 0x00000000800013E8 (0x13F0B023) sd t6, 0x120(ra)
mem[0x0000000080004318] <- 0xFFCEFFDDEFEEFFE6

mem[X,0x00000000800013EC] -> 0x0F37
mem[X,0x00000000800013EE] -> 0x8000
[1280] [M]: 0x00000000800013EC (0x80000F37) lui t5, -0x80000
x30 <- 0xFFFFFFFF80000000

mem[X,0x00000000800013F0] -> 0x0F13
mem[X,0x00000000800013F2] -> 0x040F
[1281] [M]: 0x00000000800013F0 (0x040F0F13) addi t5, t5, 0x40
x30 <- 0xFFFFFFFF80000040

mem[X,0x00000000800013F4] -> 0x1F13
mem[X,0x00000000800013F6] -> 0x00BF
[1282] [M]: 0x00000000800013F4 (0x00BF1F13) slli t5, t5, 0xb
x30 <- 0xFFFFFC0000020000

mem[X,0x00000000800013F8] -> 0x0F13
mem[X,0x00000000800013FA] -> 0x7FFF
[1283] [M]: 0x00000000800013F8 (0x7FFF0F13) addi t5, t5, 0x7ff
x30 <- 0xFFFFFC00000207FF

mem[X,0x00000000800013FC] -> 0x1F13
mem[X,0x00000000800013FE] -> 0x00BF
[1284] [M]: 0x00000000800013FC (0x00BF1F13) slli t5, t5, 0xb
x30 <- 0xFFE00000103FF800

mem[X,0x0000000080001400] -> 0x0F13
mem[X,0x0000000080001402] -> 0x680F
[1285] [M]: 0x0000000080001400 (0x680F0F13) addi t5, t5, 0x680
x30 <- 0xFFE00000103FFE80

mem[X,0x0000000080001404] -> 0x1F13
mem[X,0x0000000080001406] -> 0x00AF
[1286] [M]: 0x0000000080001404 (0x00AF1F13) slli t5, t5, 0xa
x30 <- 0x80000040FFFA0000

mem[X,0x0000000080001408] -> 0x0F13
mem[X,0x000000008000140A] -> 0x007F
[1287] [M]: 0x0000000080001408 (0x007F0F13) addi t5, t5, 0x7
x30 <- 0x80000040FFFA0007

mem[X,0x000000008000140C] -> 0x0EB7
mem[X,0x000000008000140E] -> 0xEFFF
[1288] [M]: 0x000000008000140C (0xEFFF0EB7) lui t4, -0x10010
x29 <- 0xFFFFFFFFEFFF0000

mem[X,0x0000000080001410] -> 0x8E93
mem[X,0x0000000080001412] -> 0x010E
[1289] [M]: 0x0000000080001410 (0x010E8E93) addi t4, t4, 0x10
x29 <- 0xFFFFFFFFEFFF0010

mem[X,0x0000000080001414] -> 0x9E93
mem[X,0x0000000080001416] -> 0x00BE
[1290] [M]: 0x0000000080001414 (0x00BE9E93) slli t4, t4, 0xb
x29 <- 0xFFFFFF7FF8008000

mem[X,0x0000000080001418] -> 0x8E93
mem[X,0x000000008000141A] -> 0x7FFE
[1291] [M]: 0x0000000080001418 (0x7FFE8E93) addi t4, t4, 0x7ff
x29 <- 0xFFFFFF7FF80087FF

mem[X,0x000000008000141C] -> 0x9E93
mem[X,0x000000008000141E] -> 0x00BE
[1292] [M]: 0x000000008000141C (0x00BE9E93) slli t4, t4, 0xb
x29 <- 0xFFFBFFC0043FF800

mem[X,0x0000000080001420] -> 0x8E93
mem[X,0x0000000080001422] -> 0x6C0E
[1293] [M]: 0x0000000080001420 (0x6C0E8E93) addi t4, t4, 0x6c0
x29 <- 0xFFFBFFC0043FFEC0

mem[X,0x0000000080001424] -> 0x9E93
mem[X,0x0000000080001426] -> 0x00AE
[1294] [M]: 0x0000000080001424 (0x00AE9E93) slli t4, t4, 0xa
x29 <- 0xEFFF0010FFFB0000

mem[X,0x0000000080001428] -> 0x8E93
mem[X,0x000000008000142A] -> 0x020E
[1295] [M]: 0x0000000080001428 (0x020E8E93) addi t4, t4, 0x20
x29 <- 0xEFFF0010FFFB0020

mem[X,0x000000008000142C] -> 0x7FBB
mem[X,0x000000008000142E] -> 0xB9DF
[1296] [M]: 0x000000008000142C (0xB9DF7FBB) pmhacc.h.bo t6, t5, t4
x31 <- 0xFFD6FFDDEFEEFFE6

mem[X,0x0000000080001430] -> 0xB423
mem[X,0x0000000080001432] -> 0x13F0
[1297] [M]: 0x0000000080001430 (0x13F0B423) sd t6, 0x128(ra)
mem[0x0000000080004320] <- 0xFFD6FFDDEFEEFFE6

mem[X,0x0000000080001434] -> 0x0F37
mem[X,0x0000000080001436] -> 0x8001
[1298] [M]: 0x0000000080001434 (0x80010F37) lui t5, -0x7fff0
x30 <- 0xFFFFFFFF80010000

mem[X,0x0000000080001438] -> 0x0F13
mem[X,0x000000008000143A] -> 0xFFAF
[1299] [M]: 0x0000000080001438 (0xFFAF0F13) addi t5, t5, -0x6
x30 <- 0xFFFFFFFF8000FFFA

clint::tick mtime <- 0x000000000000000D
 clint timer pending at mtime 0x000000000000000D
htif::tick 0x0000000000000000
mem[X,0x000000008000143C] -> 0x1F13
mem[X,0x000000008000143E] -> 0x00BF
[1300] [M]: 0x000000008000143C (0x00BF1F13) slli t5, t5, 0xb
x30 <- 0xFFFFFC0007FFD000

mem[X,0x0000000080001440] -> 0x0F13
mem[X,0x0000000080001442] -> 0x000F
[1301] [M]: 0x0000000080001440 (0x000F0F13) addi t5, t5, 0x0
x30 <- 0xFFFFFC0007FFD000

mem[X,0x0000000080001444] -> 0x1F13
mem[X,0x0000000080001446] -> 0x00BF
[1302] [M]: 0x0000000080001444 (0x00BF1F13) slli t5, t5, 0xb
x30 <- 0xFFE0003FFE800000

mem[X,0x0000000080001448] -> 0x0F13
mem[X,0x000000008000144A] -> 0x080F
[1303] [M]: 0x0000000080001448 (0x080F0F13) addi t5, t5, 0x80
x30 <- 0xFFE0003FFE800080

mem[X,0x000000008000144C] -> 0x1F13
mem[X,0x000000008000144E] -> 0x00AF
[1304] [M]: 0x000000008000144C (0x00AF1F13) slli t5, t5, 0xa
x30 <- 0x8000FFFA00020000

mem[X,0x0000000080001450] -> 0x0F13
mem[X,0x0000000080001452] -> 0x004F
[1305] [M]: 0x0000000080001450 (0x004F0F13) addi t5, t5, 0x4
x30 <- 0x8000FFFA00020004

mem[X,0x0000000080001454] -> 0x0EB7
mem[X,0x0000000080001456] -> 0x0004
[1306] [M]: 0x0000000080001454 (0x00040EB7) lui t4, 0x40
x29 <- 0x0000000000040000

mem[X,0x0000000080001458] -> 0x8E93
mem[X,0x000000008000145A] -> 0x010E
[1307] [M]: 0x0000000080001458 (0x010E8E93) addi t4, t4, 0x10
x29 <- 0x0000000000040010

mem[X,0x000000008000145C] -> 0x9E93
mem[X,0x000000008000145E] -> 0x00BE
[1308] [M]: 0x000000008000145C (0x00BE9E93) slli t4, t4, 0xb
x29 <- 0x0000000020008000

mem[X,0x0000000080001460] -> 0x8E93
mem[X,0x0000000080001462] -> 0x7FFE
[1309] [M]: 0x0000000080001460 (0x7FFE8E93) addi t4, t4, 0x7ff
x29 <- 0x00000000200087FF

mem[X,0x0000000080001464] -> 0x9E93
mem[X,0x0000000080001466] -> 0x00BE
[1310] [M]: 0x0000000080001464 (0x00BE9E93) slli t4, t4, 0xb
x29 <- 0x00000100043FF800

mem[X,0x0000000080001468] -> 0x8E93
mem[X,0x000000008000146A] -> 0x780E
[1311] [M]: 0x0000000080001468 (0x780E8E93) addi t4, t4, 0x780
x29 <- 0x00000100043FFF80

mem[X,0x000000008000146C] -> 0x9E93
mem[X,0x000000008000146E] -> 0x00AE
[1312] [M]: 0x000000008000146C (0x00AE9E93) slli t4, t4, 0xa
x29 <- 0x00040010FFFE0000

mem[X,0x0000000080001470] -> 0x8E93
mem[X,0x0000000080001472] -> 0x040E
[1313] [M]: 0x0000000080001470 (0x040E8E93) addi t4, t4, 0x40
x29 <- 0x00040010FFFE0040

mem[X,0x0000000080001474] -> 0x7FBB
mem[X,0x0000000080001476] -> 0xB9DF
[1314] [M]: 0x0000000080001474 (0xB9DF7FBB) pmhacc.h.bo t6, t5, t4
x31 <- 0xFFD6FFDDEFEDFFE6

mem[X,0x0000000080001478] -> 0xB823
mem[X,0x000000008000147A] -> 0x13F0
[1315] [M]: 0x0000000080001478 (0x13F0B823) sd t6, 0x130(ra)
mem[0x0000000080004328] <- 0xFFD6FFDDEFEDFFE6

mem[X,0x000000008000147C] -> 0xCF37
mem[X,0x000000008000147E] -> 0xFFFD
[1316] [M]: 0x000000008000147C (0xFFFDCF37) lui t5, -0x24
x30 <- 0xFFFFFFFFFFFDC000

mem[X,0x0000000080001480] -> 0x0F13
mem[X,0x0000000080001482] -> 0x000F
[1317] [M]: 0x0000000080001480 (0x000F0F13) addi t5, t5, 0x0
x30 <- 0xFFFFFFFFFFFDC000

mem[X,0x0000000080001484] -> 0x1F13
mem[X,0x0000000080001486] -> 0x00BF
[1318] [M]: 0x0000000080001484 (0x00BF1F13) slli t5, t5, 0xb
x30 <- 0xFFFFFFFFEE000000

mem[X,0x0000000080001488] -> 0x0F13
mem[X,0x000000008000148A] -> 0x7EFF
[1319] [M]: 0x0000000080001488 (0x7EFF0F13) addi t5, t5, 0x7ef
x30 <- 0xFFFFFFFFEE0007EF

mem[X,0x000000008000148C] -> 0x1F13
mem[X,0x000000008000148E] -> 0x00BF
[1320] [M]: 0x000000008000148C (0x00BF1F13) slli t5, t5, 0xb
x30 <- 0xFFFFFF70003F7800

mem[X,0x0000000080001490] -> 0x0F13
mem[X,0x0000000080001492] -> 0x7C0F
[1321] [M]: 0x0000000080001490 (0x7C0F0F13) addi t5, t5, 0x7c0
x30 <- 0xFFFFFF70003F7FC0

mem[X,0x0000000080001494] -> 0x1F13
mem[X,0x0000000080001496] -> 0x00AF
[1322] [M]: 0x0000000080001494 (0x00AF1F13) slli t5, t5, 0xa
x30 <- 0xFFFDC000FDFF0000

mem[X,0x0000000080001498] -> 0x0F13
mem[X,0x000000008000149A] -> 0x010F
[1323] [M]: 0x0000000080001498 (0x010F0F13) addi t5, t5, 0x10
x30 <- 0xFFFDC000FDFF0010

mem[X,0x000000008000149C] -> 0x0EB7
mem[X,0x000000008000149E] -> 0x0002
[1324] [M]: 0x000000008000149C (0x00020EB7) lui t4, 0x20
x29 <- 0x0000000000020000

mem[X,0x00000000800014A0] -> 0x8E93
mem[X,0x00000000800014A2] -> 0x200E
[1325] [M]: 0x00000000800014A0 (0x200E8E93) addi t4, t4, 0x200
x29 <- 0x0000000000020200

mem[X,0x00000000800014A4] -> 0x9E93
mem[X,0x00000000800014A6] -> 0x00BE
[1326] [M]: 0x00000000800014A4 (0x00BE9E93) slli t4, t4, 0xb
x29 <- 0x0000000010100000

mem[X,0x00000000800014A8] -> 0x8E93
mem[X,0x00000000800014AA] -> 0x5FFE
[1327] [M]: 0x00000000800014A8 (0x5FFE8E93) addi t4, t4, 0x5ff
x29 <- 0x00000000101005FF

mem[X,0x00000000800014AC] -> 0x9E93
mem[X,0x00000000800014AE] -> 0x00BE
[1328] [M]: 0x00000000800014AC (0x00BE9E93) slli t4, t4, 0xb
x29 <- 0x00000080802FF800

mem[X,0x00000000800014B0] -> 0x8E93
mem[X,0x00000000800014B2] -> 0x7C1E
[1329] [M]: 0x00000000800014B0 (0x7C1E8E93) addi t4, t4, 0x7c1
x29 <- 0x00000080802FFFC1

mem[X,0x00000000800014B4] -> 0x9E93
mem[X,0x00000000800014B6] -> 0x00AE
[1330] [M]: 0x00000000800014B4 (0x00AE9E93) slli t4, t4, 0xa
x29 <- 0x00020200BFFF0400

mem[X,0x00000000800014B8] -> 0x7FBB
mem[X,0x00000000800014BA] -> 0xB9DF
[1331] [M]: 0x00000000800014B8 (0xB9DF7FBB) pmhacc.h.bo t6, t5, t4
x31 <- 0xFFD6FFDCEFEDFFE6

mem[X,0x00000000800014BC] -> 0xBC23
mem[X,0x00000000800014BE] -> 0x13F0
[1332] [M]: 0x00000000800014BC (0x13F0BC23) sd t6, 0x138(ra)
mem[0x0000000080004330] <- 0xFFD6FFDCEFEDFFE6

mem[X,0x00000000800014C0] -> 0x0F37
mem[X,0x00000000800014C2] -> 0x0001
[1333] [M]: 0x00000000800014C0 (0x00010F37) lui t5, 0x10
x30 <- 0x0000000000010000

mem[X,0x00000000800014C4] -> 0x0F13
mem[X,0x00000000800014C6] -> 0x010F
[1334] [M]: 0x00000000800014C4 (0x010F0F13) addi t5, t5, 0x10
x30 <- 0x0000000000010010

mem[X,0x00000000800014C8] -> 0x1F13
mem[X,0x00000000800014CA] -> 0x00BF
[1335] [M]: 0x00000000800014C8 (0x00BF1F13) slli t5, t5, 0xb
x30 <- 0x0000000008008000

mem[X,0x00000000800014CC] -> 0x0F13
mem[X,0x00000000800014CE] -> 0x7F7F
[1336] [M]: 0x00000000800014CC (0x7F7F0F13) addi t5, t5, 0x7f7
x30 <- 0x00000000080087F7

mem[X,0x00000000800014D0] -> 0x1F13
mem[X,0x00000000800014D2] -> 0x00BF
[1337] [M]: 0x00000000800014D0 (0x00BF1F13) slli t5, t5, 0xb
x30 <- 0x00000040043FB800

mem[X,0x00000000800014D4] -> 0x0F13
mem[X,0x00000000800014D6] -> 0x7C0F
[1338] [M]: 0x00000000800014D4 (0x7C0F0F13) addi t5, t5, 0x7c0
x30 <- 0x00000040043FBFC0

mem[X,0x00000000800014D8] -> 0x1F13
mem[X,0x00000000800014DA] -> 0x00AF
[1339] [M]: 0x00000000800014D8 (0x00AF1F13) slli t5, t5, 0xa
x30 <- 0x00010010FEFF0000

mem[X,0x00000000800014DC] -> 0x0F13
mem[X,0x00000000800014DE] -> 0x004F
[1340] [M]: 0x00000000800014DC (0x004F0F13) addi t5, t5, 0x4
x30 <- 0x00010010FEFF0004

mem[X,0x00000000800014E0] -> 0x0EB7
mem[X,0x00000000800014E2] -> 0x0001
[1341] [M]: 0x00000000800014E0 (0x00010EB7) lui t4, 0x10
x29 <- 0x0000000000010000

mem[X,0x00000000800014E4] -> 0x8E93
mem[X,0x00000000800014E6] -> 0x100E
[1342] [M]: 0x00000000800014E4 (0x100E8E93) addi t4, t4, 0x100
x29 <- 0x0000000000010100

mem[X,0x00000000800014E8] -> 0x9E93
mem[X,0x00000000800014EA] -> 0x00BE
[1343] [M]: 0x00000000800014E8 (0x00BE9E93) slli t4, t4, 0xb
x29 <- 0x0000000008080000

mem[X,0x00000000800014EC] -> 0x8E93
mem[X,0x00000000800014EE] -> 0x1FFE
[1344] [M]: 0x00000000800014EC (0x1FFE8E93) addi t4, t4, 0x1ff
x29 <- 0x00000000080801FF

mem[X,0x00000000800014F0] -> 0x9E93
mem[X,0x00000000800014F2] -> 0x00BE
[1345] [M]: 0x00000000800014F0 (0x00BE9E93) slli t4, t4, 0xb
x29 <- 0x00000040400FF800

mem[X,0x00000000800014F4] -> 0x8E93
mem[X,0x00000000800014F6] -> 0x7FFE
[1346] [M]: 0x00000000800014F4 (0x7FFE8E93) addi t4, t4, 0x7ff
x29 <- 0x00000040400FFFFF

mem[X,0x00000000800014F8] -> 0x9E93
mem[X,0x00000000800014FA] -> 0x00AE
[1347] [M]: 0x00000000800014F8 (0x00AE9E93) slli t4, t4, 0xa
x29 <- 0x000101003FFFFC00

mem[X,0x00000000800014FC] -> 0x8E93
mem[X,0x00000000800014FE] -> 0x3F7E
[1348] [M]: 0x00000000800014FC (0x3F7E8E93) addi t4, t4, 0x3f7
x29 <- 0x000101003FFFFFF7

mem[X,0x0000000080001500] -> 0x7FBB
mem[X,0x0000000080001502] -> 0xB9DF
[1349] [M]: 0x0000000080001500 (0xB9DF7FBB) pmhacc.h.bo t6, t5, t4
x31 <- 0xFFD6FFDCEFECFFE5

mem[X,0x0000000080001504] -> 0xB023
mem[X,0x0000000080001506] -> 0x15F0
[1350] [M]: 0x0000000080001504 (0x15F0B023) sd t6, 0x140(ra)
mem[0x0000000080004338] <- 0xFFD6FFDCEFECFFE5

mem[X,0x0000000080001508] -> 0x0F37
mem[X,0x000000008000150A] -> 0xFDFF
[1351] [M]: 0x0000000080001508 (0xFDFF0F37) lui t5, -0x2010
x30 <- 0xFFFFFFFFFDFF0000

mem[X,0x000000008000150C] -> 0x0F13
mem[X,0x000000008000150E] -> 0x002F
[1352] [M]: 0x000000008000150C (0x002F0F13) addi t5, t5, 0x2
x30 <- 0xFFFFFFFFFDFF0002

mem[X,0x0000000080001510] -> 0x1F13
mem[X,0x0000000080001512] -> 0x00BF
[1353] [M]: 0x0000000080001510 (0x00BF1F13) slli t5, t5, 0xb
x30 <- 0xFFFFFFEFF8001000

mem[X,0x0000000080001514] -> 0x0F13
mem[X,0x0000000080001516] -> 0x7EFF
[1354] [M]: 0x0000000080001514 (0x7EFF0F13) addi t5, t5, 0x7ef
x30 <- 0xFFFFFFEFF80017EF

mem[X,0x0000000080001518] -> 0x1F13
mem[X,0x000000008000151A] -> 0x00BF
[1355] [M]: 0x0000000080001518 (0x00BF1F13) slli t5, t5, 0xb
x30 <- 0xFFFF7FC000BF7800

mem[X,0x000000008000151C] -> 0x0F13
mem[X,0x000000008000151E] -> 0x7FFF
[1356] [M]: 0x000000008000151C (0x7FFF0F13) addi t5, t5, 0x7ff
x30 <- 0xFFFF7FC000BF7FFF

mem[X,0x0000000080001520] -> 0x1F13
mem[X,0x0000000080001522] -> 0x00AF
[1357] [M]: 0x0000000080001520 (0x00AF1F13) slli t5, t5, 0xa
x30 <- 0xFDFF0002FDFFFC00

mem[X,0x0000000080001524] -> 0x0F13
mem[X,0x0000000080001526] -> 0x3BFF
[1358] [M]: 0x0000000080001524 (0x3BFF0F13) addi t5, t5, 0x3bf
x30 <- 0xFDFF0002FDFFFFBF

mem[X,0x0000000080001528] -> 0x0EB7
mem[X,0x000000008000152A] -> 0x4001
[1359] [M]: 0x0000000080001528 (0x40010EB7) lui t4, 0x40010
x29 <- 0x0000000040010000

mem[X,0x000000008000152C] -> 0x8E93
mem[X,0x000000008000152E] -> 0xFDFE
[1360] [M]: 0x000000008000152C (0xFDFE8E93) addi t4, t4, -0x21
x29 <- 0x000000004000FFDF

mem[X,0x0000000080001530] -> 0x9E93
mem[X,0x0000000080001532] -> 0x00BE
[1361] [M]: 0x0000000080001530 (0x00BE9E93) slli t4, t4, 0xb
x29 <- 0x0000020007FEF800

mem[X,0x0000000080001534] -> 0x8E93
mem[X,0x0000000080001536] -> 0x002E
[1362] [M]: 0x0000000080001534 (0x002E8E93) addi t4, t4, 0x2
x29 <- 0x0000020007FEF802

mem[X,0x0000000080001538] -> 0x9E93
mem[X,0x000000008000153A] -> 0x00BE
[1363] [M]: 0x0000000080001538 (0x00BE9E93) slli t4, t4, 0xb
x29 <- 0x0010003FF7C01000

mem[X,0x000000008000153C] -> 0x8E93
mem[X,0x000000008000153E] -> 0x03FE
[1364] [M]: 0x000000008000153C (0x03FE8E93) addi t4, t4, 0x3f
x29 <- 0x0010003FF7C0103F

mem[X,0x0000000080001540] -> 0x9E93
mem[X,0x0000000080001542] -> 0x00AE
[1365] [M]: 0x0000000080001540 (0x00AE9E93) slli t4, t4, 0xa
x29 <- 0x4000FFDF0040FC00

mem[X,0x0000000080001544] -> 0x8E93
mem[X,0x0000000080001546] -> 0x3DFE
[1366] [M]: 0x0000000080001544 (0x3DFE8E93) addi t4, t4, 0x3df
x29 <- 0x4000FFDF0040FFDF

mem[X,0x0000000080001548] -> 0x7FBB
mem[X,0x000000008000154A] -> 0xB9DF
[1367] [M]: 0x0000000080001548 (0xB9DF7FBB) pmhacc.h.bo t6, t5, t4
x31 <- 0xFFD5FFDBEFECFFE5

mem[X,0x000000008000154C] -> 0xB423
mem[X,0x000000008000154E] -> 0x15F0
[1368] [M]: 0x000000008000154C (0x15F0B423) sd t6, 0x148(ra)
mem[0x0000000080004340] <- 0xFFD5FFDBEFECFFE5

mem[X,0x0000000080001550] -> 0x2F37
mem[X,0x0000000080001552] -> 0xAAAA
[1369] [M]: 0x0000000080001550 (0xAAAA2F37) lui t5, -0x5555e
x30 <- 0xFFFFFFFFAAAA2000

mem[X,0x0000000080001554] -> 0x0F13
mem[X,0x0000000080001556] -> 0x000F
[1370] [M]: 0x0000000080001554 (0x000F0F13) addi t5, t5, 0x0
x30 <- 0xFFFFFFFFAAAA2000

mem[X,0x0000000080001558] -> 0x1F13
mem[X,0x000000008000155A] -> 0x00BF
[1371] [M]: 0x0000000080001558 (0x00BF1F13) slli t5, t5, 0xb
x30 <- 0xFFFFFD5551000000

mem[X,0x000000008000155C] -> 0x0F13
mem[X,0x000000008000155E] -> 0x7F7F
[1372] [M]: 0x000000008000155C (0x7F7F0F13) addi t5, t5, 0x7f7
x30 <- 0xFFFFFD55510007F7

mem[X,0x0000000080001560] -> 0x1F13
mem[X,0x0000000080001562] -> 0x00BF
[1373] [M]: 0x0000000080001560 (0x00BF1F13) slli t5, t5, 0xb
x30 <- 0xFFEAAA88003FB800

mem[X,0x0000000080001564] -> 0x0F13
mem[X,0x0000000080001566] -> 0x7C0F
[1374] [M]: 0x0000000080001564 (0x7C0F0F13) addi t5, t5, 0x7c0
x30 <- 0xFFEAAA88003FBFC0

mem[X,0x0000000080001568] -> 0x1F13
mem[X,0x000000008000156A] -> 0x00AF
[1375] [M]: 0x0000000080001568 (0x00AF1F13) slli t5, t5, 0xa
x30 <- 0xAAAA2000FEFF0000

mem[X,0x000000008000156C] -> 0x0F13
mem[X,0x000000008000156E] -> 0x001F
[1376] [M]: 0x000000008000156C (0x001F0F13) addi t5, t5, 0x1
x30 <- 0xAAAA2000FEFF0001

mem[X,0x0000000080001570] -> 0x0EB7
mem[X,0x0000000080001572] -> 0x0011
[1377] [M]: 0x0000000080001570 (0x00110EB7) lui t4, 0x110
x29 <- 0x0000000000110000

mem[X,0x0000000080001574] -> 0x8E93
mem[X,0x0000000080001576] -> 0xFF6E
[1378] [M]: 0x0000000080001574 (0xFF6E8E93) addi t4, t4, -0xa
x29 <- 0x000000000010FFF6

mem[X,0x0000000080001578] -> 0x9E93
mem[X,0x000000008000157A] -> 0x00BE
[1379] [M]: 0x0000000080001578 (0x00BE9E93) slli t4, t4, 0xb
x29 <- 0x0000000087FFB000

mem[X,0x000000008000157C] -> 0x8E93
mem[X,0x000000008000157E] -> 0x000E
[1380] [M]: 0x000000008000157C (0x000E8E93) addi t4, t4, 0x0
x29 <- 0x0000000087FFB000

mem[X,0x0000000080001580] -> 0x9E93
mem[X,0x0000000080001582] -> 0x00BE
[1381] [M]: 0x0000000080001580 (0x00BE9E93) slli t4, t4, 0xb
x29 <- 0x0000043FFD800000

mem[X,0x0000000080001584] -> 0x8E93
mem[X,0x0000000080001586] -> 0x43FE
[1382] [M]: 0x0000000080001584 (0x43FE8E93) addi t4, t4, 0x43f
x29 <- 0x0000043FFD80043F

mem[X,0x0000000080001588] -> 0x9E93
mem[X,0x000000008000158A] -> 0x00AE
[1383] [M]: 0x0000000080001588 (0x00AE9E93) slli t4, t4, 0xa
x29 <- 0x0010FFF60010FC00

mem[X,0x000000008000158C] -> 0x8E93
mem[X,0x000000008000158E] -> 0x37FE
[1384] [M]: 0x000000008000158C (0x37FE8E93) addi t4, t4, 0x37f
x29 <- 0x0010FFF60010FF7F

mem[X,0x0000000080001590] -> 0x7FBB
mem[X,0x0000000080001592] -> 0xB9DF
[1385] [M]: 0x0000000080001590 (0xB9DF7FBB) pmhacc.h.bo t6, t5, t4
x31 <- 0xFFD5FFDAEFECFFE4

mem[X,0x0000000080001594] -> 0xB823
mem[X,0x0000000080001596] -> 0x15F0
[1386] [M]: 0x0000000080001594 (0x15F0B823) sd t6, 0x150(ra)
mem[0x0000000080004348] <- 0xFFD5FFDAEFECFFE4

mem[X,0x0000000080001598] -> 0x0F37
mem[X,0x000000008000159A] -> 0x0005
[1387] [M]: 0x0000000080001598 (0x00050F37) lui t5, 0x50
x30 <- 0x0000000000050000

mem[X,0x000000008000159C] -> 0x0F13
mem[X,0x000000008000159E] -> 0x007F
[1388] [M]: 0x000000008000159C (0x007F0F13) addi t5, t5, 0x7
x30 <- 0x0000000000050007

mem[X,0x00000000800015A0] -> 0x1F13
mem[X,0x00000000800015A2] -> 0x00BF
[1389] [M]: 0x00000000800015A0 (0x00BF1F13) slli t5, t5, 0xb
x30 <- 0x0000000028003800

mem[X,0x00000000800015A4] -> 0x0F13
mem[X,0x00000000800015A6] -> 0x7FBF
[1390] [M]: 0x00000000800015A4 (0x7FBF0F13) addi t5, t5, 0x7fb
x30 <- 0x0000000028003FFB

mem[X,0x00000000800015A8] -> 0x1F13
mem[X,0x00000000800015AA] -> 0x00BF
[1391] [M]: 0x00000000800015A8 (0x00BF1F13) slli t5, t5, 0xb
x30 <- 0x0000014001FFD800

mem[X,0x00000000800015AC] -> 0x0F13
mem[X,0x00000000800015AE] -> 0x7E0F
[1392] [M]: 0x00000000800015AC (0x7E0F0F13) addi t5, t5, 0x7e0
x30 <- 0x0000014001FFDFE0

mem[X,0x00000000800015B0] -> 0x1F13
mem[X,0x00000000800015B2] -> 0x00AF
[1393] [M]: 0x00000000800015B0 (0x00AF1F13) slli t5, t5, 0xa
x30 <- 0x00050007FF7F8000

mem[X,0x00000000800015B4] -> 0x0EB7
mem[X,0x00000000800015B6] -> 0xDFFF
[1394] [M]: 0x00000000800015B4 (0xDFFF0EB7) lui t4, -0x20010
x29 <- 0xFFFFFFFFDFFF0000

mem[X,0x00000000800015B8] -> 0x8E93
mem[X,0x00000000800015BA] -> 0x003E
[1395] [M]: 0x00000000800015B8 (0x003E8E93) addi t4, t4, 0x3
x29 <- 0xFFFFFFFFDFFF0003

mem[X,0x00000000800015BC] -> 0x9E93
mem[X,0x00000000800015BE] -> 0x00BE
[1396] [M]: 0x00000000800015BC (0x00BE9E93) slli t4, t4, 0xb
x29 <- 0xFFFFFEFFF8001800

mem[X,0x00000000800015C0] -> 0x8E93
mem[X,0x00000000800015C2] -> 0x000E
[1397] [M]: 0x00000000800015C0 (0x000E8E93) addi t4, t4, 0x0
x29 <- 0xFFFFFEFFF8001800

mem[X,0x00000000800015C4] -> 0x9E93
mem[X,0x00000000800015C6] -> 0x00BE
[1398] [M]: 0x00000000800015C4 (0x00BE9E93) slli t4, t4, 0xb
x29 <- 0xFFF7FFC000C00000

mem[X,0x00000000800015C8] -> 0x8E93
mem[X,0x00000000800015CA] -> 0x03EE
[1399] [M]: 0x00000000800015C8 (0x03EE8E93) addi t4, t4, 0x3e
x29 <- 0xFFF7FFC000C0003E

clint::tick mtime <- 0x000000000000000E
 clint timer pending at mtime 0x000000000000000E
htif::tick 0x0000000000000000
mem[X,0x00000000800015CC] -> 0x9E93
mem[X,0x00000000800015CE] -> 0x00AE
[1400] [M]: 0x00000000800015CC (0x00AE9E93) slli t4, t4, 0xa
x29 <- 0xDFFF00030000F800

mem[X,0x00000000800015D0] -> 0x8E93
mem[X,0x00000000800015D2] -> 0x3FFE
[1401] [M]: 0x00000000800015D0 (0x3FFE8E93) addi t4, t4, 0x3ff
x29 <- 0xDFFF00030000FBFF

mem[X,0x00000000800015D4] -> 0x7FBB
mem[X,0x00000000800015D6] -> 0xB9DF
[1402] [M]: 0x00000000800015D4 (0xB9DF7FBB) pmhacc.h.bo t6, t5, t4
x31 <- 0xFFD4FFDAEFECFFE6

mem[X,0x00000000800015D8] -> 0xBC23
mem[X,0x00000000800015DA] -> 0x15F0
[1403] [M]: 0x00000000800015D8 (0x15F0BC23) sd t6, 0x158(ra)
mem[0x0000000080004350] <- 0xFFD4FFDAEFECFFE6

mem[X,0x00000000800015DC] -> 0x0F37
mem[X,0x00000000800015DE] -> 0x4000
[1404] [M]: 0x00000000800015DC (0x40000F37) lui t5, 0x40000
x30 <- 0x0000000040000000

mem[X,0x00000000800015E0] -> 0x0F13
mem[X,0x00000000800015E2] -> 0x002F
[1405] [M]: 0x00000000800015E0 (0x002F0F13) addi t5, t5, 0x2
x30 <- 0x0000000040000002

mem[X,0x00000000800015E4] -> 0x1F13
mem[X,0x00000000800015E6] -> 0x00BF
[1406] [M]: 0x00000000800015E4 (0x00BF1F13) slli t5, t5, 0xb
x30 <- 0x0000020000001000

mem[X,0x00000000800015E8] -> 0x0F13
mem[X,0x00000000800015EA] -> 0x7FFF
[1407] [M]: 0x00000000800015E8 (0x7FFF0F13) addi t5, t5, 0x7ff
x30 <- 0x00000200000017FF

mem[X,0x00000000800015EC] -> 0x1F13
mem[X,0x00000000800015EE] -> 0x00BF
[1408] [M]: 0x00000000800015EC (0x00BF1F13) slli t5, t5, 0xb
x30 <- 0x0010000000BFF800

mem[X,0x00000000800015F0] -> 0x0F13
mem[X,0x00000000800015F2] -> 0x780F
[1409] [M]: 0x00000000800015F0 (0x780F0F13) addi t5, t5, 0x780
x30 <- 0x0010000000BFFF80

mem[X,0x00000000800015F4] -> 0x1F13
mem[X,0x00000000800015F6] -> 0x00AF
[1410] [M]: 0x00000000800015F4 (0x00AF1F13) slli t5, t5, 0xa
x30 <- 0x40000002FFFE0000

mem[X,0x00000000800015F8] -> 0x0F13
mem[X,0x00000000800015FA] -> 0x100F
[1411] [M]: 0x00000000800015F8 (0x100F0F13) addi t5, t5, 0x100
x30 <- 0x40000002FFFE0100

mem[X,0x00000000800015FC] -> 0x8EB7
mem[X,0x00000000800015FE] -> 0xFFFE
[1412] [M]: 0x00000000800015FC (0xFFFE8EB7) lui t4, -0x18
x29 <- 0xFFFFFFFFFFFE8000

mem[X,0x0000000080001600] -> 0x8E93
mem[X,0x0000000080001602] -> 0x000E
[1413] [M]: 0x0000000080001600 (0x000E8E93) addi t4, t4, 0x0
x29 <- 0xFFFFFFFFFFFE8000

mem[X,0x0000000080001604] -> 0x9E93
mem[X,0x0000000080001606] -> 0x00BE
[1414] [M]: 0x0000000080001604 (0x00BE9E93) slli t4, t4, 0xb
x29 <- 0xFFFFFFFFF4000000

mem[X,0x0000000080001608] -> 0x8E93
mem[X,0x000000008000160A] -> 0x020E
[1415] [M]: 0x0000000080001608 (0x020E8E93) addi t4, t4, 0x20
x29 <- 0xFFFFFFFFF4000020

mem[X,0x000000008000160C] -> 0x9E93
mem[X,0x000000008000160E] -> 0x00BE
[1416] [M]: 0x000000008000160C (0x00BE9E93) slli t4, t4, 0xb
x29 <- 0xFFFFFFA000010000

mem[X,0x0000000080001610] -> 0x8E93
mem[X,0x0000000080001612] -> 0x03FE
[1417] [M]: 0x0000000080001610 (0x03FE8E93) addi t4, t4, 0x3f
x29 <- 0xFFFFFFA00001003F

mem[X,0x0000000080001614] -> 0x9E93
mem[X,0x0000000080001616] -> 0x00AE
[1418] [M]: 0x0000000080001614 (0x00AE9E93) slli t4, t4, 0xa
x29 <- 0xFFFE80000400FC00

mem[X,0x0000000080001618] -> 0x8E93
mem[X,0x000000008000161A] -> 0x3FBE
[1419] [M]: 0x0000000080001618 (0x3FBE8E93) addi t4, t4, 0x3fb
x29 <- 0xFFFE80000400FFFB

mem[X,0x000000008000161C] -> 0x7FBB
mem[X,0x000000008000161E] -> 0xB9DF
[1420] [M]: 0x000000008000161C (0xB9DF7FBB) pmhacc.h.bo t6, t5, t4
x31 <- 0xFFD3FFD9EFEBFFE5

mem[X,0x0000000080001620] -> 0xB023
mem[X,0x0000000080001622] -> 0x17F0
[1421] [M]: 0x0000000080001620 (0x17F0B023) sd t6, 0x160(ra)
mem[0x0000000080004358] <- 0xFFD3FFD9EFEBFFE5

mem[X,0x0000000080001624] -> 0x0F37
mem[X,0x0000000080001626] -> 0x7FFF
[1422] [M]: 0x0000000080001624 (0x7FFF0F37) lui t5, 0x7fff0
x30 <- 0x000000007FFF0000

mem[X,0x0000000080001628] -> 0x0F13
mem[X,0x000000008000162A] -> 0x009F
[1423] [M]: 0x0000000080001628 (0x009F0F13) addi t5, t5, 0x9
x30 <- 0x000000007FFF0009

mem[X,0x000000008000162C] -> 0x1F13
mem[X,0x000000008000162E] -> 0x00BF
[1424] [M]: 0x000000008000162C (0x00BF1F13) slli t5, t5, 0xb
x30 <- 0x000003FFF8004800

mem[X,0x0000000080001630] -> 0x0F13
mem[X,0x0000000080001632] -> 0x7EFF
[1425] [M]: 0x0000000080001630 (0x7EFF0F13) addi t5, t5, 0x7ef
x30 <- 0x000003FFF8004FEF

mem[X,0x0000000080001634] -> 0x1F13
mem[X,0x0000000080001636] -> 0x00BF
[1426] [M]: 0x0000000080001634 (0x00BF1F13) slli t5, t5, 0xb
x30 <- 0x001FFFC0027F7800

mem[X,0x0000000080001638] -> 0x0F13
mem[X,0x000000008000163A] -> 0x7FFF
[1427] [M]: 0x0000000080001638 (0x7FFF0F13) addi t5, t5, 0x7ff
x30 <- 0x001FFFC0027F7FFF

mem[X,0x000000008000163C] -> 0x1F13
mem[X,0x000000008000163E] -> 0x00AF
[1428] [M]: 0x000000008000163C (0x00AF1F13) slli t5, t5, 0xa
x30 <- 0x7FFF0009FDFFFC00

mem[X,0x0000000080001640] -> 0x0F13
mem[X,0x0000000080001642] -> 0x3FAF
[1429] [M]: 0x0000000080001640 (0x3FAF0F13) addi t5, t5, 0x3fa
x30 <- 0x7FFF0009FDFFFFFA

mem[X,0x0000000080001644] -> 0x0EB7
mem[X,0x0000000080001646] -> 0x0801
[1430] [M]: 0x0000000080001644 (0x08010EB7) lui t4, 0x8010
x29 <- 0x0000000008010000

mem[X,0x0000000080001648] -> 0x8E93
mem[X,0x000000008000164A] -> 0xFDFE
[1431] [M]: 0x0000000080001648 (0xFDFE8E93) addi t4, t4, -0x21
x29 <- 0x000000000800FFDF

mem[X,0x000000008000164C] -> 0x9E93
mem[X,0x000000008000164E] -> 0x00BE
[1432] [M]: 0x000000008000164C (0x00BE9E93) slli t4, t4, 0xb
x29 <- 0x0000004007FEF800

mem[X,0x0000000080001650] -> 0x8E93
mem[X,0x0000000080001652] -> 0x040E
[1433] [M]: 0x0000000080001650 (0x040E8E93) addi t4, t4, 0x40
x29 <- 0x0000004007FEF840

mem[X,0x0000000080001654] -> 0x9E93
mem[X,0x0000000080001656] -> 0x00BE
[1434] [M]: 0x0000000080001654 (0x00BE9E93) slli t4, t4, 0xb
x29 <- 0x0002003FF7C20000

mem[X,0x0000000080001658] -> 0x8E93
mem[X,0x000000008000165A] -> 0x037E
[1435] [M]: 0x0000000080001658 (0x037E8E93) addi t4, t4, 0x37
x29 <- 0x0002003FF7C20037

mem[X,0x000000008000165C] -> 0x9E93
mem[X,0x000000008000165E] -> 0x00AE
[1436] [M]: 0x000000008000165C (0x00AE9E93) slli t4, t4, 0xa
x29 <- 0x0800FFDF0800DC00

mem[X,0x0000000080001660] -> 0x8E93
mem[X,0x0000000080001662] -> 0x3FFE
[1437] [M]: 0x0000000080001660 (0x3FFE8E93) addi t4, t4, 0x3ff
x29 <- 0x0800FFDF0800DFFF

mem[X,0x0000000080001664] -> 0x7FBB
mem[X,0x0000000080001666] -> 0xB9DF
[1438] [M]: 0x0000000080001664 (0xB9DF7FBB) pmhacc.h.bo t6, t5, t4
x31 <- 0xFFD6FFD8EFEAFFE5

mem[X,0x0000000080001668] -> 0xB423
mem[X,0x000000008000166A] -> 0x17F0
[1439] [M]: 0x0000000080001668 (0x17F0B423) sd t6, 0x168(ra)
mem[0x0000000080004360] <- 0xFFD6FFD8EFEAFFE5

mem[X,0x000000008000166C] -> 0x2F37
mem[X,0x000000008000166E] -> 0x0002
[1440] [M]: 0x000000008000166C (0x00022F37) lui t5, 0x22
x30 <- 0x0000000000022000

mem[X,0x0000000080001670] -> 0x0F13
mem[X,0x0000000080001672] -> 0x000F
[1441] [M]: 0x0000000080001670 (0x000F0F13) addi t5, t5, 0x0
x30 <- 0x0000000000022000

mem[X,0x0000000080001674] -> 0x1F13
mem[X,0x0000000080001676] -> 0x00BF
[1442] [M]: 0x0000000080001674 (0x00BF1F13) slli t5, t5, 0xb
x30 <- 0x0000000011000000

mem[X,0x0000000080001678] -> 0x0F13
mem[X,0x000000008000167A] -> 0x000F
[1443] [M]: 0x0000000080001678 (0x000F0F13) addi t5, t5, 0x0
x30 <- 0x0000000011000000

mem[X,0x000000008000167C] -> 0x1F13
mem[X,0x000000008000167E] -> 0x00BF
[1444] [M]: 0x000000008000167C (0x00BF1F13) slli t5, t5, 0xb
x30 <- 0x0000008800000000

mem[X,0x0000000080001680] -> 0x0F13
mem[X,0x0000000080001682] -> 0x1FFF
[1445] [M]: 0x0000000080001680 (0x1FFF0F13) addi t5, t5, 0x1ff
x30 <- 0x00000088000001FF

mem[X,0x0000000080001684] -> 0x1F13
mem[X,0x0000000080001686] -> 0x00AF
[1446] [M]: 0x0000000080001684 (0x00AF1F13) slli t5, t5, 0xa
x30 <- 0x000220000007FC00

mem[X,0x0000000080001688] -> 0x0F13
mem[X,0x000000008000168A] -> 0x2FFF
[1447] [M]: 0x0000000080001688 (0x2FFF0F13) addi t5, t5, 0x2ff
x30 <- 0x000220000007FEFF

mem[X,0x000000008000168C] -> 0x0EB7
mem[X,0x000000008000168E] -> 0xFFFA
[1448] [M]: 0x000000008000168C (0xFFFA0EB7) lui t4, -0x60
x29 <- 0xFFFFFFFFFFFA0000

mem[X,0x0000000080001690] -> 0x8E93
mem[X,0x0000000080001692] -> 0xFF9E
[1449] [M]: 0x0000000080001690 (0xFF9E8E93) addi t4, t4, -0x7
x29 <- 0xFFFFFFFFFFF9FFF9

mem[X,0x0000000080001694] -> 0x9E93
mem[X,0x0000000080001696] -> 0x00BE
[1450] [M]: 0x0000000080001694 (0x00BE9E93) slli t4, t4, 0xb
x29 <- 0xFFFFFFFFCFFFC800

mem[X,0x0000000080001698] -> 0x8E93
mem[X,0x000000008000169A] -> 0x7FFE
[1451] [M]: 0x0000000080001698 (0x7FFE8E93) addi t4, t4, 0x7ff
x29 <- 0xFFFFFFFFCFFFCFFF

mem[X,0x000000008000169C] -> 0x9E93
mem[X,0x000000008000169E] -> 0x00BE
[1452] [M]: 0x000000008000169C (0x00BE9E93) slli t4, t4, 0xb
x29 <- 0xFFFFFE7FFE7FF800

mem[X,0x00000000800016A0] -> 0x8E93
mem[X,0x00000000800016A2] -> 0x3F7E
[1453] [M]: 0x00000000800016A0 (0x3F7E8E93) addi t4, t4, 0x3f7
x29 <- 0xFFFFFE7FFE7FFBF7

mem[X,0x00000000800016A4] -> 0x9E93
mem[X,0x00000000800016A6] -> 0x00AE
[1454] [M]: 0x00000000800016A4 (0x00AE9E93) slli t4, t4, 0xa
x29 <- 0xFFF9FFF9FFEFDC00

mem[X,0x00000000800016A8] -> 0x8E93
mem[X,0x00000000800016AA] -> 0x3FFE
[1455] [M]: 0x00000000800016A8 (0x3FFE8E93) addi t4, t4, 0x3ff
x29 <- 0xFFF9FFF9FFEFDFFF

mem[X,0x00000000800016AC] -> 0x7FBB
mem[X,0x00000000800016AE] -> 0xB9DF
[1456] [M]: 0x00000000800016AC (0xB9DF7FBB) pmhacc.h.bo t6, t5, t4
x31 <- 0xFFD5FFD7EFE9FFE5

mem[X,0x00000000800016B0] -> 0xB823
mem[X,0x00000000800016B2] -> 0x17F0
[1457] [M]: 0x00000000800016B0 (0x17F0B823) sd t6, 0x170(ra)
mem[0x0000000080004368] <- 0xFFD5FFD7EFE9FFE5

mem[X,0x00000000800016B4] -> 0x0F37
mem[X,0x00000000800016B6] -> 0xFFFE
[1458] [M]: 0x00000000800016B4 (0xFFFE0F37) lui t5, -0x20
x30 <- 0xFFFFFFFFFFFE0000

mem[X,0x00000000800016B8] -> 0x0F13
mem[X,0x00000000800016BA] -> 0xFBFF
[1459] [M]: 0x00000000800016B8 (0xFBFF0F13) addi t5, t5, -0x41
x30 <- 0xFFFFFFFFFFFDFFBF

mem[X,0x00000000800016BC] -> 0x1F13
mem[X,0x00000000800016BE] -> 0x00BF
[1460] [M]: 0x00000000800016BC (0x00BF1F13) slli t5, t5, 0xb
x30 <- 0xFFFFFFFFEFFDF800

mem[X,0x00000000800016C0] -> 0x0F13
mem[X,0x00000000800016C2] -> 0x040F
[1461] [M]: 0x00000000800016C0 (0x040F0F13) addi t5, t5, 0x40
x30 <- 0xFFFFFFFFEFFDF840

mem[X,0x00000000800016C4] -> 0x1F13
mem[X,0x00000000800016C6] -> 0x00BF
[1462] [M]: 0x00000000800016C4 (0x00BF1F13) slli t5, t5, 0xb
x30 <- 0xFFFFFF7FEFC20000

mem[X,0x00000000800016C8] -> 0x0F13
mem[X,0x00000000800016CA] -> 0x03FF
[1463] [M]: 0x00000000800016C8 (0x03FF0F13) addi t5, t5, 0x3f
x30 <- 0xFFFFFF7FEFC2003F

mem[X,0x00000000800016CC] -> 0x1F13
mem[X,0x00000000800016CE] -> 0x00AF
[1464] [M]: 0x00000000800016CC (0x00AF1F13) slli t5, t5, 0xa
x30 <- 0xFFFDFFBF0800FC00

mem[X,0x00000000800016D0] -> 0x0F13
mem[X,0x00000000800016D2] -> 0x2FFF
[1465] [M]: 0x00000000800016D0 (0x2FFF0F13) addi t5, t5, 0x2ff
x30 <- 0xFFFDFFBF0800FEFF

mem[X,0x00000000800016D4] -> 0x0EB7
mem[X,0x00000000800016D6] -> 0xFFFA
[1466] [M]: 0x00000000800016D4 (0xFFFA0EB7) lui t4, -0x60
x29 <- 0xFFFFFFFFFFFA0000

mem[X,0x00000000800016D8] -> 0x8E93
mem[X,0x00000000800016DA] -> 0x100E
[1467] [M]: 0x00000000800016D8 (0x100E8E93) addi t4, t4, 0x100
x29 <- 0xFFFFFFFFFFFA0100

mem[X,0x00000000800016DC] -> 0x9E93
mem[X,0x00000000800016DE] -> 0x00BE
[1468] [M]: 0x00000000800016DC (0x00BE9E93) slli t4, t4, 0xb
x29 <- 0xFFFFFFFFD0080000

mem[X,0x00000000800016E0] -> 0x8E93
mem[X,0x00000000800016E2] -> 0x7EFE
[1469] [M]: 0x00000000800016E0 (0x7EFE8E93) addi t4, t4, 0x7ef
x29 <- 0xFFFFFFFFD00807EF

mem[X,0x00000000800016E4] -> 0x9E93
mem[X,0x00000000800016E6] -> 0x00BE
[1470] [M]: 0x00000000800016E4 (0x00BE9E93) slli t4, t4, 0xb
x29 <- 0xFFFFFE80403F7800

mem[X,0x00000000800016E8] -> 0x8E93
mem[X,0x00000000800016EA] -> 0x7FFE
[1471] [M]: 0x00000000800016E8 (0x7FFE8E93) addi t4, t4, 0x7ff
x29 <- 0xFFFFFE80403F7FFF

mem[X,0x00000000800016EC] -> 0x9E93
mem[X,0x00000000800016EE] -> 0x00AE
[1472] [M]: 0x00000000800016EC (0x00AE9E93) slli t4, t4, 0xa
x29 <- 0xFFFA0100FDFFFC00

mem[X,0x00000000800016F0] -> 0x8E93
mem[X,0x00000000800016F2] -> 0x3FAE
[1473] [M]: 0x00000000800016F0 (0x3FAE8E93) addi t4, t4, 0x3fa
x29 <- 0xFFFA0100FDFFFFFA

mem[X,0x00000000800016F4] -> 0x7FBB
mem[X,0x00000000800016F6] -> 0xB9DF
[1474] [M]: 0x00000000800016F4 (0xB9DF7FBB) pmhacc.h.bo t6, t5, t4
x31 <- 0xFFD5FFD6EFE8FFE5

mem[X,0x00000000800016F8] -> 0xBC23
mem[X,0x00000000800016FA] -> 0x17F0
[1475] [M]: 0x00000000800016F8 (0x17F0BC23) sd t6, 0x178(ra)
mem[0x0000000080004370] <- 0xFFD5FFD6EFE8FFE5

mem[X,0x00000000800016FC] -> 0x0F37
mem[X,0x00000000800016FE] -> 0xFFFD
[1476] [M]: 0x00000000800016FC (0xFFFD0F37) lui t5, -0x30
x30 <- 0xFFFFFFFFFFFD0000

mem[X,0x0000000080001700] -> 0x0F13
mem[X,0x0000000080001702] -> 0x020F
[1477] [M]: 0x0000000080001700 (0x020F0F13) addi t5, t5, 0x20
x30 <- 0xFFFFFFFFFFFD0020

mem[X,0x0000000080001704] -> 0x1F13
mem[X,0x0000000080001706] -> 0x00BF
[1478] [M]: 0x0000000080001704 (0x00BF1F13) slli t5, t5, 0xb
x30 <- 0xFFFFFFFFE8010000

mem[X,0x0000000080001708] -> 0x0F13
mem[X,0x000000008000170A] -> 0x1FFF
[1479] [M]: 0x0000000080001708 (0x1FFF0F13) addi t5, t5, 0x1ff
x30 <- 0xFFFFFFFFE80101FF

mem[X,0x000000008000170C] -> 0x1F13
mem[X,0x000000008000170E] -> 0x00BF
[1480] [M]: 0x000000008000170C (0x00BF1F13) slli t5, t5, 0xb
x30 <- 0xFFFFFF40080FF800

mem[X,0x0000000080001710] -> 0x0F13
mem[X,0x0000000080001712] -> 0x7CFF
[1481] [M]: 0x0000000080001710 (0x7CFF0F13) addi t5, t5, 0x7cf
x30 <- 0xFFFFFF40080FFFCF

mem[X,0x0000000080001714] -> 0x1F13
mem[X,0x0000000080001716] -> 0x00AF
[1482] [M]: 0x0000000080001714 (0x00AF1F13) slli t5, t5, 0xa
x30 <- 0xFFFD00203FFF3C00

mem[X,0x0000000080001718] -> 0x0F13
mem[X,0x000000008000171A] -> 0x3FFF
[1483] [M]: 0x0000000080001718 (0x3FFF0F13) addi t5, t5, 0x3ff
x30 <- 0xFFFD00203FFF3FFF

mem[X,0x000000008000171C] -> 0x5EB7
mem[X,0x000000008000171E] -> 0x0009
[1484] [M]: 0x000000008000171C (0x00095EB7) lui t4, 0x95
x29 <- 0x0000000000095000

mem[X,0x0000000080001720] -> 0x8E93
mem[X,0x0000000080001722] -> 0x555E
[1485] [M]: 0x0000000080001720 (0x555E8E93) addi t4, t4, 0x555
x29 <- 0x0000000000095555

mem[X,0x0000000080001724] -> 0x9E93
mem[X,0x0000000080001726] -> 0x00BE
[1486] [M]: 0x0000000080001724 (0x00BE9E93) slli t4, t4, 0xb
x29 <- 0x000000004AAAA800

mem[X,0x0000000080001728] -> 0x8E93
mem[X,0x000000008000172A] -> 0x7FFE
[1487] [M]: 0x0000000080001728 (0x7FFE8E93) addi t4, t4, 0x7ff
x29 <- 0x000000004AAAAFFF

mem[X,0x000000008000172C] -> 0x9E93
mem[X,0x000000008000172E] -> 0x00BE
[1488] [M]: 0x000000008000172C (0x00BE9E93) slli t4, t4, 0xb
x29 <- 0x00000255557FF800

mem[X,0x0000000080001730] -> 0x8E93
mem[X,0x0000000080001732] -> 0x680E
[1489] [M]: 0x0000000080001730 (0x680E8E93) addi t4, t4, 0x680
x29 <- 0x00000255557FFE80

mem[X,0x0000000080001734] -> 0x9E93
mem[X,0x0000000080001736] -> 0x00AE
[1490] [M]: 0x0000000080001734 (0x00AE9E93) slli t4, t4, 0xa
x29 <- 0x00095555FFFA0000

mem[X,0x0000000080001738] -> 0x8E93
mem[X,0x000000008000173A] -> 0x010E
[1491] [M]: 0x0000000080001738 (0x010E8E93) addi t4, t4, 0x10
x29 <- 0x00095555FFFA0010

mem[X,0x000000008000173C] -> 0x7FBB
mem[X,0x000000008000173E] -> 0xB9DF
[1492] [M]: 0x000000008000173C (0xB9DF7FBB) pmhacc.h.bo t6, t5, t4
x31 <- 0xFFD5FFD6EFE7FFE5

mem[X,0x0000000080001740] -> 0xB023
mem[X,0x0000000080001742] -> 0x19F0
[1493] [M]: 0x0000000080001740 (0x19F0B023) sd t6, 0x180(ra)
mem[0x0000000080004378] <- 0xFFD5FFD6EFE7FFE5

mem[X,0x0000000080001744] -> 0x4F37
mem[X,0x0000000080001746] -> 0xBFFF
[1494] [M]: 0x0000000080001744 (0xBFFF4F37) lui t5, -0x4000c
x30 <- 0xFFFFFFFFBFFF4000

mem[X,0x0000000080001748] -> 0x0F13
mem[X,0x000000008000174A] -> 0xFFFF
[1495] [M]: 0x0000000080001748 (0xFFFF0F13) addi t5, t5, -0x1
x30 <- 0xFFFFFFFFBFFF3FFF

mem[X,0x000000008000174C] -> 0x1F13
mem[X,0x000000008000174E] -> 0x00BF
[1496] [M]: 0x000000008000174C (0x00BF1F13) slli t5, t5, 0xb
x30 <- 0xFFFFFDFFF9FFF800

mem[X,0x0000000080001750] -> 0x0F13
mem[X,0x0000000080001752] -> 0x020F
[1497] [M]: 0x0000000080001750 (0x020F0F13) addi t5, t5, 0x20
x30 <- 0xFFFFFDFFF9FFF820

mem[X,0x0000000080001754] -> 0x1F13
mem[X,0x0000000080001756] -> 0x00BF
[1498] [M]: 0x0000000080001754 (0x00BF1F13) slli t5, t5, 0xb
x30 <- 0xFFEFFFCFFFC10000

mem[X,0x0000000080001758] -> 0x0F13
mem[X,0x000000008000175A] -> 0x02FF
[1499] [M]: 0x0000000080001758 (0x02FF0F13) addi t5, t5, 0x2f
x30 <- 0xFFEFFFCFFFC1002F

clint::tick mtime <- 0x000000000000000F
 clint timer pending at mtime 0x000000000000000F
htif::tick 0x0000000000000000
mem[X,0x000000008000175C] -> 0x1F13
mem[X,0x000000008000175E] -> 0x00AF
[1500] [M]: 0x000000008000175C (0x00AF1F13) slli t5, t5, 0xa
x30 <- 0xBFFF3FFF0400BC00

mem[X,0x0000000080001760] -> 0x0F13
mem[X,0x0000000080001762] -> 0x3FFF
[1501] [M]: 0x0000000080001760 (0x3FFF0F13) addi t5, t5, 0x3ff
x30 <- 0xBFFF3FFF0400BFFF

mem[X,0x0000000080001764] -> 0xBEB7
mem[X,0x0000000080001766] -> 0x0020
[1502] [M]: 0x0000000080001764 (0x0020BEB7) lui t4, 0x20b
x29 <- 0x000000000020B000

mem[X,0x0000000080001768] -> 0x8E93
mem[X,0x000000008000176A] -> 0xAAAE
[1503] [M]: 0x0000000080001768 (0xAAAE8E93) addi t4, t4, -0x556
x29 <- 0x000000000020AAAA

mem[X,0x000000008000176C] -> 0x9E93
mem[X,0x000000008000176E] -> 0x00BE
[1504] [M]: 0x000000008000176C (0x00BE9E93) slli t4, t4, 0xb
x29 <- 0x0000000105555000

mem[X,0x0000000080001770] -> 0x8E93
mem[X,0x0000000080001772] -> 0x7BFE
[1505] [M]: 0x0000000080001770 (0x7BFE8E93) addi t4, t4, 0x7bf
x29 <- 0x00000001055557BF

mem[X,0x0000000080001774] -> 0x9E93
mem[X,0x0000000080001776] -> 0x00BE
[1506] [M]: 0x0000000080001774 (0x00BE9E93) slli t4, t4, 0xb
x29 <- 0x0000082AAABDF800

mem[X,0x0000000080001778] -> 0x8E93
mem[X,0x000000008000177A] -> 0x7FFE
[1507] [M]: 0x0000000080001778 (0x7FFE8E93) addi t4, t4, 0x7ff
x29 <- 0x0000082AAABDFFFF

mem[X,0x000000008000177C] -> 0x9E93
mem[X,0x000000008000177E] -> 0x00AE
[1508] [M]: 0x000000008000177C (0x00AE9E93) slli t4, t4, 0xa
x29 <- 0x0020AAAAF7FFFC00

mem[X,0x0000000080001780] -> 0x8E93
mem[X,0x0000000080001782] -> 0x37FE
[1509] [M]: 0x0000000080001780 (0x37FE8E93) addi t4, t4, 0x37f
x29 <- 0x0020AAAAF7FFFF7F

mem[X,0x0000000080001784] -> 0x7FBB
mem[X,0x0000000080001786] -> 0xB9DF
[1510] [M]: 0x0000000080001784 (0xB9DF7FBB) pmhacc.h.bo t6, t5, t4
x31 <- 0xFFD5FFC0EFE6FFE5

mem[X,0x0000000080001788] -> 0xB423
mem[X,0x000000008000178A] -> 0x19F0
[1511] [M]: 0x0000000080001788 (0x19F0B423) sd t6, 0x188(ra)
mem[0x0000000080004380] <- 0xFFD5FFC0EFE6FFE5

mem[X,0x000000008000178C] -> 0x1F37
mem[X,0x000000008000178E] -> 0xF7FF
[1512] [M]: 0x000000008000178C (0xF7FF1F37) lui t5, -0x800f
x30 <- 0xFFFFFFFFF7FF1000

mem[X,0x0000000080001790] -> 0x0F13
mem[X,0x0000000080001792] -> 0x800F
[1513] [M]: 0x0000000080001790 (0x800F0F13) addi t5, t5, -0x800
x30 <- 0xFFFFFFFFF7FF0800

mem[X,0x0000000080001794] -> 0x1F13
mem[X,0x0000000080001796] -> 0x00BF
[1514] [M]: 0x0000000080001794 (0x00BF1F13) slli t5, t5, 0xb
x30 <- 0xFFFFFFBFF8400000

mem[X,0x0000000080001798] -> 0x0F13
mem[X,0x000000008000179A] -> 0x7FFF
[1515] [M]: 0x0000000080001798 (0x7FFF0F13) addi t5, t5, 0x7ff
x30 <- 0xFFFFFFBFF84007FF

mem[X,0x000000008000179C] -> 0x1F13
mem[X,0x000000008000179E] -> 0x00BF
[1516] [M]: 0x000000008000179C (0x00BF1F13) slli t5, t5, 0xb
x30 <- 0xFFFDFFC2003FF800

mem[X,0x00000000800017A0] -> 0x0F13
mem[X,0x00000000800017A2] -> 0x700F
[1517] [M]: 0x00000000800017A0 (0x700F0F13) addi t5, t5, 0x700
x30 <- 0xFFFDFFC2003FFF00

mem[X,0x00000000800017A4] -> 0x1F13
mem[X,0x00000000800017A6] -> 0x00AF
[1518] [M]: 0x00000000800017A4 (0x00AF1F13) slli t5, t5, 0xa
x30 <- 0xF7FF0800FFFC0000

mem[X,0x00000000800017A8] -> 0x0F13
mem[X,0x00000000800017AA] -> 0x007F
[1519] [M]: 0x00000000800017A8 (0x007F0F13) addi t5, t5, 0x7
x30 <- 0xF7FF0800FFFC0007

mem[X,0x00000000800017AC] -> 0x8EB7
mem[X,0x00000000800017AE] -> 0xEFFF
[1520] [M]: 0x00000000800017AC (0xEFFF8EB7) lui t4, -0x10008
x29 <- 0xFFFFFFFFEFFF8000

mem[X,0x00000000800017B0] -> 0x8E93
mem[X,0x00000000800017B2] -> 0xFFFE
[1521] [M]: 0x00000000800017B0 (0xFFFE8E93) addi t4, t4, -0x1
x29 <- 0xFFFFFFFFEFFF7FFF

mem[X,0x00000000800017B4] -> 0x9E93
mem[X,0x00000000800017B6] -> 0x00BE
[1522] [M]: 0x00000000800017B4 (0x00BE9E93) slli t4, t4, 0xb
x29 <- 0xFFFFFF7FFBFFF800

mem[X,0x00000000800017B8] -> 0x8E93
mem[X,0x00000000800017BA] -> 0x7DFE
[1523] [M]: 0x00000000800017B8 (0x7DFE8E93) addi t4, t4, 0x7df
x29 <- 0xFFFFFF7FFBFFFFDF

mem[X,0x00000000800017BC] -> 0x9E93
mem[X,0x00000000800017BE] -> 0x00BE
[1524] [M]: 0x00000000800017BC (0x00BE9E93) slli t4, t4, 0xb
x29 <- 0xFFFBFFDFFFFEF800

mem[X,0x00000000800017C0] -> 0x8E93
mem[X,0x00000000800017C2] -> 0x7C0E
[1525] [M]: 0x00000000800017C0 (0x7C0E8E93) addi t4, t4, 0x7c0
x29 <- 0xFFFBFFDFFFFEFFC0

mem[X,0x00000000800017C4] -> 0x9E93
mem[X,0x00000000800017C6] -> 0x00AE
[1526] [M]: 0x00000000800017C4 (0x00AE9E93) slli t4, t4, 0xa
x29 <- 0xEFFF7FFFFBFF0000

mem[X,0x00000000800017C8] -> 0x8E93
mem[X,0x00000000800017CA] -> 0x004E
[1527] [M]: 0x00000000800017C8 (0x004E8E93) addi t4, t4, 0x4
x29 <- 0xEFFF7FFFFBFF0004

mem[X,0x00000000800017CC] -> 0x7FBB
mem[X,0x00000000800017CE] -> 0xB9DF
[1528] [M]: 0x00000000800017CC (0xB9DF7FBB) pmhacc.h.bo t6, t5, t4
x31 <- 0xFFD5FFC3EFE6FFE5

mem[X,0x00000000800017D0] -> 0xB823
mem[X,0x00000000800017D2] -> 0x19F0
[1529] [M]: 0x00000000800017D0 (0x19F0B823) sd t6, 0x190(ra)
mem[0x0000000080004388] <- 0xFFD5FFC3EFE6FFE5

mem[X,0x00000000800017D4] -> 0x0F37
mem[X,0x00000000800017D6] -> 0x3FFF
[1530] [M]: 0x00000000800017D4 (0x3FFF0F37) lui t5, 0x3fff0
x30 <- 0x000000003FFF0000

mem[X,0x00000000800017D8] -> 0x0F13
mem[X,0x00000000800017DA] -> 0x080F
[1531] [M]: 0x00000000800017D8 (0x080F0F13) addi t5, t5, 0x80
x30 <- 0x000000003FFF0080

mem[X,0x00000000800017DC] -> 0x1F13
mem[X,0x00000000800017DE] -> 0x00BF
[1532] [M]: 0x00000000800017DC (0x00BF1F13) slli t5, t5, 0xb
x30 <- 0x000001FFF8040000

mem[X,0x00000000800017E0] -> 0x0F13
mem[X,0x00000000800017E2] -> 0x008F
[1533] [M]: 0x00000000800017E0 (0x008F0F13) addi t5, t5, 0x8
x30 <- 0x000001FFF8040008

mem[X,0x00000000800017E4] -> 0x1F13
mem[X,0x00000000800017E6] -> 0x00BF
[1534] [M]: 0x00000000800017E4 (0x00BF1F13) slli t5, t5, 0xb
x30 <- 0x000FFFC020004000

mem[X,0x00000000800017E8] -> 0x0F13
mem[X,0x00000000800017EA] -> 0x03FF
[1535] [M]: 0x00000000800017E8 (0x03FF0F13) addi t5, t5, 0x3f
x30 <- 0x000FFFC02000403F

mem[X,0x00000000800017EC] -> 0x1F13
mem[X,0x00000000800017EE] -> 0x00AF
[1536] [M]: 0x00000000800017EC (0x00AF1F13) slli t5, t5, 0xa
x30 <- 0x3FFF00800100FC00

mem[X,0x00000000800017F0] -> 0x0F13
mem[X,0x00000000800017F2] -> 0x3FBF
[1537] [M]: 0x00000000800017F0 (0x3FBF0F13) addi t5, t5, 0x3fb
x30 <- 0x3FFF00800100FFFB

mem[X,0x00000000800017F4] -> 0x0EB7
mem[X,0x00000000800017F6] -> 0xFC00
[1538] [M]: 0x00000000800017F4 (0xFC000EB7) lui t4, -0x4000
x29 <- 0xFFFFFFFFFC000000

mem[X,0x00000000800017F8] -> 0x8E93
mem[X,0x00000000800017FA] -> 0xDFFE
[1539] [M]: 0x00000000800017F8 (0xDFFE8E93) addi t4, t4, -0x201
x29 <- 0xFFFFFFFFFBFFFDFF

mem[X,0x00000000800017FC] -> 0x9E93
mem[X,0x00000000800017FE] -> 0x00BE
[1540] [M]: 0x00000000800017FC (0x00BE9E93) slli t4, t4, 0xb
x29 <- 0xFFFFFFDFFFEFF800

mem[X,0x0000000080001800] -> 0x8E93
mem[X,0x0000000080001802] -> 0x555E
[1541] [M]: 0x0000000080001800 (0x555E8E93) addi t4, t4, 0x555
x29 <- 0xFFFFFFDFFFEFFD55

mem[X,0x0000000080001804] -> 0x9E93
mem[X,0x0000000080001806] -> 0x00BE
[1542] [M]: 0x0000000080001804 (0x00BE9E93) slli t4, t4, 0xb
x29 <- 0xFFFEFFFF7FEAA800

mem[X,0x0000000080001808] -> 0x8E93
mem[X,0x000000008000180A] -> 0x2B7E
[1543] [M]: 0x0000000080001808 (0x2B7E8E93) addi t4, t4, 0x2b7
x29 <- 0xFFFEFFFF7FEAAAB7

mem[X,0x000000008000180C] -> 0x9E93
mem[X,0x000000008000180E] -> 0x00AE
[1544] [M]: 0x000000008000180C (0x00AE9E93) slli t4, t4, 0xa
x29 <- 0xFBFFFDFFAAAADC00

mem[X,0x0000000080001810] -> 0x8E93
mem[X,0x0000000080001812] -> 0x3FFE
[1545] [M]: 0x0000000080001810 (0x3FFE8E93) addi t4, t4, 0x3ff
x29 <- 0xFBFFFDFFAAAADFFF

mem[X,0x0000000080001814] -> 0x7FBB
mem[X,0x0000000080001816] -> 0xB9DF
[1546] [M]: 0x0000000080001814 (0xB9DF7FBB) pmhacc.h.bo t6, t5, t4
x31 <- 0xFFD3FFC2EFE5FFE5

mem[X,0x0000000080001818] -> 0xBC23
mem[X,0x000000008000181A] -> 0x19F0
[1547] [M]: 0x0000000080001818 (0x19F0BC23) sd t6, 0x198(ra)
mem[0x0000000080004390] <- 0xFFD3FFC2EFE5FFE5

mem[X,0x000000008000181C] -> 0x0F37
mem[X,0x000000008000181E] -> 0x0001
[1548] [M]: 0x000000008000181C (0x00010F37) lui t5, 0x10
x30 <- 0x0000000000010000

mem[X,0x0000000080001820] -> 0x0F13
mem[X,0x0000000080001822] -> 0xFFEF
[1549] [M]: 0x0000000080001820 (0xFFEF0F13) addi t5, t5, -0x2
x30 <- 0x000000000000FFFE

mem[X,0x0000000080001824] -> 0x1F13
mem[X,0x0000000080001826] -> 0x00BF
[1550] [M]: 0x0000000080001824 (0x00BF1F13) slli t5, t5, 0xb
x30 <- 0x0000000007FFF000

mem[X,0x0000000080001828] -> 0x0F13
mem[X,0x000000008000182A] -> 0x004F
[1551] [M]: 0x0000000080001828 (0x004F0F13) addi t5, t5, 0x4
x30 <- 0x0000000007FFF004

mem[X,0x000000008000182C] -> 0x1F13
mem[X,0x000000008000182E] -> 0x00BF
[1552] [M]: 0x000000008000182C (0x00BF1F13) slli t5, t5, 0xb
x30 <- 0x0000003FFF802000

mem[X,0x0000000080001830] -> 0x0F13
mem[X,0x0000000080001832] -> 0x03FF
[1553] [M]: 0x0000000080001830 (0x03FF0F13) addi t5, t5, 0x3f
x30 <- 0x0000003FFF80203F

mem[X,0x0000000080001834] -> 0x1F13
mem[X,0x0000000080001836] -> 0x00AF
[1554] [M]: 0x0000000080001834 (0x00AF1F13) slli t5, t5, 0xa
x30 <- 0x0000FFFE0080FC00

mem[X,0x0000000080001838] -> 0x0F13
mem[X,0x000000008000183A] -> 0x3FCF
[1555] [M]: 0x0000000080001838 (0x3FCF0F13) addi t5, t5, 0x3fc
x30 <- 0x0000FFFE0080FFFC

mem[X,0x000000008000183C] -> 0x0EB7
mem[X,0x000000008000183E] -> 0xFFFD
[1556] [M]: 0x000000008000183C (0xFFFD0EB7) lui t4, -0x30
x29 <- 0xFFFFFFFFFFFD0000

mem[X,0x0000000080001840] -> 0x8E93
mem[X,0x0000000080001842] -> 0x001E
[1557] [M]: 0x0000000080001840 (0x001E8E93) addi t4, t4, 0x1
x29 <- 0xFFFFFFFFFFFD0001

mem[X,0x0000000080001844] -> 0x9E93
mem[X,0x0000000080001846] -> 0x00BE
[1558] [M]: 0x0000000080001844 (0x00BE9E93) slli t4, t4, 0xb
x29 <- 0xFFFFFFFFE8000800

mem[X,0x0000000080001848] -> 0x8E93
mem[X,0x000000008000184A] -> 0x7FFE
[1559] [M]: 0x0000000080001848 (0x7FFE8E93) addi t4, t4, 0x7ff
x29 <- 0xFFFFFFFFE8000FFF

mem[X,0x000000008000184C] -> 0x9E93
mem[X,0x000000008000184E] -> 0x00BE
[1560] [M]: 0x000000008000184C (0x00BE9E93) slli t4, t4, 0xb
x29 <- 0xFFFFFF40007FF800

mem[X,0x0000000080001850] -> 0x8E93
mem[X,0x0000000080001852] -> 0x6FEE
[1561] [M]: 0x0000000080001850 (0x6FEE8E93) addi t4, t4, 0x6fe
x29 <- 0xFFFFFF40007FFEFE

mem[X,0x0000000080001854] -> 0x9E93
mem[X,0x0000000080001856] -> 0x00AE
[1562] [M]: 0x0000000080001854 (0x00AE9E93) slli t4, t4, 0xa
x29 <- 0xFFFD0001FFFBF800

mem[X,0x0000000080001858] -> 0x8E93
mem[X,0x000000008000185A] -> 0x3FFE
[1563] [M]: 0x0000000080001858 (0x3FFE8E93) addi t4, t4, 0x3ff
x29 <- 0xFFFD0001FFFBFBFF

mem[X,0x000000008000185C] -> 0x7FBB
mem[X,0x000000008000185E] -> 0xB9DF
[1564] [M]: 0x000000008000185C (0xB9DF7FBB) pmhacc.h.bo t6, t5, t4
x31 <- 0xFFD3FFC2EFE4FFE5

mem[X,0x0000000080001860] -> 0xB023
mem[X,0x0000000080001862] -> 0x1BF0
[1565] [M]: 0x0000000080001860 (0x1BF0B023) sd t6, 0x1a0(ra)
mem[0x0000000080004398] <- 0xFFD3FFC2EFE4FFE5

mem[X,0x0000000080001864] -> 0x0F37
mem[X,0x0000000080001866] -> 0x2001
[1566] [M]: 0x0000000080001864 (0x20010F37) lui t5, 0x20010
x30 <- 0x0000000020010000

mem[X,0x0000000080001868] -> 0x0F13
mem[X,0x000000008000186A] -> 0xFFBF
[1567] [M]: 0x0000000080001868 (0xFFBF0F13) addi t5, t5, -0x5
x30 <- 0x000000002000FFFB

mem[X,0x000000008000186C] -> 0x1F13
mem[X,0x000000008000186E] -> 0x00BF
[1568] [M]: 0x000000008000186C (0x00BF1F13) slli t5, t5, 0xb
x30 <- 0x0000010007FFD800

mem[X,0x0000000080001870] -> 0x0F13
mem[X,0x0000000080001872] -> 0x7FFF
[1569] [M]: 0x0000000080001870 (0x7FFF0F13) addi t5, t5, 0x7ff
x30 <- 0x0000010007FFDFFF

mem[X,0x0000000080001874] -> 0x1F13
mem[X,0x0000000080001876] -> 0x00BF
[1570] [M]: 0x0000000080001874 (0x00BF1F13) slli t5, t5, 0xb
x30 <- 0x0008003FFEFFF800

mem[X,0x0000000080001878] -> 0x0F13
mem[X,0x000000008000187A] -> 0x6FFF
[1571] [M]: 0x0000000080001878 (0x6FFF0F13) addi t5, t5, 0x6ff
x30 <- 0x0008003FFEFFFEFF

mem[X,0x000000008000187C] -> 0x1F13
mem[X,0x000000008000187E] -> 0x00AF
[1572] [M]: 0x000000008000187C (0x00AF1F13) slli t5, t5, 0xa
x30 <- 0x2000FFFBFFFBFC00

mem[X,0x0000000080001880] -> 0x0F13
mem[X,0x0000000080001882] -> 0x3EFF
[1573] [M]: 0x0000000080001880 (0x3EFF0F13) addi t5, t5, 0x3ef
x30 <- 0x2000FFFBFFFBFFEF

mem[X,0x0000000080001884] -> 0x1EB7
mem[X,0x0000000080001886] -> 0x3FFF
[1574] [M]: 0x0000000080001884 (0x3FFF1EB7) lui t4, 0x3fff1
x29 <- 0x000000003FFF1000

mem[X,0x0000000080001888] -> 0x8E93
mem[X,0x000000008000188A] -> 0x800E
[1575] [M]: 0x0000000080001888 (0x800E8E93) addi t4, t4, -0x800
x29 <- 0x000000003FFF0800

mem[X,0x000000008000188C] -> 0x9E93
mem[X,0x000000008000188E] -> 0x00BE
[1576] [M]: 0x000000008000188C (0x00BE9E93) slli t4, t4, 0xb
x29 <- 0x000001FFF8400000

mem[X,0x0000000080001890] -> 0x8E93
mem[X,0x0000000080001892] -> 0x7FFE
[1577] [M]: 0x0000000080001890 (0x7FFE8E93) addi t4, t4, 0x7ff
x29 <- 0x000001FFF84007FF

mem[X,0x0000000080001894] -> 0x9E93
mem[X,0x0000000080001896] -> 0x00BE
[1578] [M]: 0x0000000080001894 (0x00BE9E93) slli t4, t4, 0xb
x29 <- 0x000FFFC2003FF800

mem[X,0x0000000080001898] -> 0x8E93
mem[X,0x000000008000189A] -> 0x5FFE
[1579] [M]: 0x0000000080001898 (0x5FFE8E93) addi t4, t4, 0x5ff
x29 <- 0x000FFFC2003FFDFF

mem[X,0x000000008000189C] -> 0x9E93
mem[X,0x000000008000189E] -> 0x00AE
[1580] [M]: 0x000000008000189C (0x00AE9E93) slli t4, t4, 0xa
x29 <- 0x3FFF0800FFF7FC00

mem[X,0x00000000800018A0] -> 0x8E93
mem[X,0x00000000800018A2] -> 0x3FCE
[1581] [M]: 0x00000000800018A0 (0x3FCE8E93) addi t4, t4, 0x3fc
x29 <- 0x3FFF0800FFF7FFFC

mem[X,0x00000000800018A4] -> 0x7FBB
mem[X,0x00000000800018A6] -> 0xB9DF
[1582] [M]: 0x00000000800018A4 (0xB9DF7FBB) pmhacc.h.bo t6, t5, t4
x31 <- 0xFFDAFFC1EFE4FFE5

mem[X,0x00000000800018A8] -> 0xB423
mem[X,0x00000000800018AA] -> 0x1BF0
[1583] [M]: 0x00000000800018A8 (0x1BF0B423) sd t6, 0x1a8(ra)
mem[0x00000000800043A0] <- 0xFFDAFFC1EFE4FFE5

mem[X,0x00000000800018AC] -> 0x0F37
mem[X,0x00000000800018AE] -> 0xFFF0
[1584] [M]: 0x00000000800018AC (0xFFF00F37) lui t5, -0x100
x30 <- 0xFFFFFFFFFFF00000

mem[X,0x00000000800018B0] -> 0x0F13
mem[X,0x00000000800018B2] -> 0xFDFF
[1585] [M]: 0x00000000800018B0 (0xFDFF0F13) addi t5, t5, -0x21
x30 <- 0xFFFFFFFFFFEFFFDF

mem[X,0x00000000800018B4] -> 0x1F13
mem[X,0x00000000800018B6] -> 0x00BF
[1586] [M]: 0x00000000800018B4 (0x00BF1F13) slli t5, t5, 0xb
x30 <- 0xFFFFFFFF7FFEF800

mem[X,0x00000000800018B8] -> 0x0F13
mem[X,0x00000000800018BA] -> 0x7FFF
[1587] [M]: 0x00000000800018B8 (0x7FFF0F13) addi t5, t5, 0x7ff
x30 <- 0xFFFFFFFF7FFEFFFF

mem[X,0x00000000800018BC] -> 0x1F13
mem[X,0x00000000800018BE] -> 0x00BF
[1588] [M]: 0x00000000800018BC (0x00BF1F13) slli t5, t5, 0xb
x30 <- 0xFFFFFBFFF7FFF800

mem[X,0x00000000800018C0] -> 0x0F13
mem[X,0x00000000800018C2] -> 0x7B0F
[1589] [M]: 0x00000000800018C0 (0x7B0F0F13) addi t5, t5, 0x7b0
x30 <- 0xFFFFFBFFF7FFFFB0

mem[X,0x00000000800018C4] -> 0x1F13
mem[X,0x00000000800018C6] -> 0x00AF
[1590] [M]: 0x00000000800018C4 (0x00AF1F13) slli t5, t5, 0xa
x30 <- 0xFFEFFFDFFFFEC000

mem[X,0x00000000800018C8] -> 0x0EB7
mem[X,0x00000000800018CA] -> 0xFFBF
[1591] [M]: 0x00000000800018C8 (0xFFBF0EB7) lui t4, -0x410
x29 <- 0xFFFFFFFFFFBF0000

mem[X,0x00000000800018CC] -> 0x8E93
mem[X,0x00000000800018CE] -> 0x003E
[1592] [M]: 0x00000000800018CC (0x003E8E93) addi t4, t4, 0x3
x29 <- 0xFFFFFFFFFFBF0003

mem[X,0x00000000800018D0] -> 0x9E93
mem[X,0x00000000800018D2] -> 0x00BE
[1593] [M]: 0x00000000800018D0 (0x00BE9E93) slli t4, t4, 0xb
x29 <- 0xFFFFFFFDF8001800

mem[X,0x00000000800018D4] -> 0x8E93
mem[X,0x00000000800018D6] -> 0x001E
[1594] [M]: 0x00000000800018D4 (0x001E8E93) addi t4, t4, 0x1
x29 <- 0xFFFFFFFDF8001801

mem[X,0x00000000800018D8] -> 0x9E93
mem[X,0x00000000800018DA] -> 0x00BE
[1595] [M]: 0x00000000800018D8 (0x00BE9E93) slli t4, t4, 0xb
x29 <- 0xFFFFEFC000C00800

mem[X,0x00000000800018DC] -> 0x8E93
mem[X,0x00000000800018DE] -> 0x010E
[1596] [M]: 0x00000000800018DC (0x010E8E93) addi t4, t4, 0x10
x29 <- 0xFFFFEFC000C00810

mem[X,0x00000000800018E0] -> 0x9E93
mem[X,0x00000000800018E2] -> 0x00AE
[1597] [M]: 0x00000000800018E0 (0x00AE9E93) slli t4, t4, 0xa
x29 <- 0xFFBF000300204000

mem[X,0x00000000800018E4] -> 0x7FBB
mem[X,0x00000000800018E6] -> 0xB9DF
[1598] [M]: 0x00000000800018E4 (0xB9DF7FBB) pmhacc.h.bo t6, t5, t4
x31 <- 0xFFDAFFC1EFE4FFD5

mem[X,0x00000000800018E8] -> 0xB823
mem[X,0x00000000800018EA] -> 0x1BF0
[1599] [M]: 0x00000000800018E8 (0x1BF0B823) sd t6, 0x1b0(ra)
mem[0x00000000800043A8] <- 0xFFDAFFC1EFE4FFD5

clint::tick mtime <- 0x0000000000000010
 clint timer pending at mtime 0x0000000000000010
htif::tick 0x0000000000000000
mem[X,0x00000000800018EC] -> 0x4F37
mem[X,0x00000000800018EE] -> 0x0005
[1600] [M]: 0x00000000800018EC (0x00054F37) lui t5, 0x54
x30 <- 0x0000000000054000

mem[X,0x00000000800018F0] -> 0x0F13
mem[X,0x00000000800018F2] -> 0xFFFF
[1601] [M]: 0x00000000800018F0 (0xFFFF0F13) addi t5, t5, -0x1
x30 <- 0x0000000000053FFF

mem[X,0x00000000800018F4] -> 0x1F13
mem[X,0x00000000800018F6] -> 0x00BF
[1602] [M]: 0x00000000800018F4 (0x00BF1F13) slli t5, t5, 0xb
x30 <- 0x0000000029FFF800

mem[X,0x00000000800018F8] -> 0x0F13
mem[X,0x00000000800018FA] -> 0x400F
[1603] [M]: 0x00000000800018F8 (0x400F0F13) addi t5, t5, 0x400
x30 <- 0x0000000029FFFC00

mem[X,0x00000000800018FC] -> 0x1F13
mem[X,0x00000000800018FE] -> 0x00BF
[1604] [M]: 0x00000000800018FC (0x00BF1F13) slli t5, t5, 0xb
x30 <- 0x0000014FFFE00000

mem[X,0x0000000080001900] -> 0x0F13
mem[X,0x0000000080001902] -> 0x03FF
[1605] [M]: 0x0000000080001900 (0x03FF0F13) addi t5, t5, 0x3f
x30 <- 0x0000014FFFE0003F

mem[X,0x0000000080001904] -> 0x1F13
mem[X,0x0000000080001906] -> 0x00AF
[1606] [M]: 0x0000000080001904 (0x00AF1F13) slli t5, t5, 0xa
x30 <- 0x00053FFF8000FC00

mem[X,0x0000000080001908] -> 0x0F13
mem[X,0x000000008000190A] -> 0x37FF
[1607] [M]: 0x0000000080001908 (0x37FF0F13) addi t5, t5, 0x37f
x30 <- 0x00053FFF8000FF7F

mem[X,0x000000008000190C] -> 0x0EB7
mem[X,0x000000008000190E] -> 0x5555
[1608] [M]: 0x000000008000190C (0x55550EB7) lui t4, 0x55550
x29 <- 0x0000000055550000

mem[X,0x0000000080001910] -> 0x8E93
mem[X,0x0000000080001912] -> 0x040E
[1609] [M]: 0x0000000080001910 (0x040E8E93) addi t4, t4, 0x40
x29 <- 0x0000000055550040

mem[X,0x0000000080001914] -> 0x9E93
mem[X,0x0000000080001916] -> 0x00BE
[1610] [M]: 0x0000000080001914 (0x00BE9E93) slli t4, t4, 0xb
x29 <- 0x000002AAA8020000

mem[X,0x0000000080001918] -> 0x8E93
mem[X,0x000000008000191A] -> 0x000E
[1611] [M]: 0x0000000080001918 (0x000E8E93) addi t4, t4, 0x0
x29 <- 0x000002AAA8020000

mem[X,0x000000008000191C] -> 0x9E93
mem[X,0x000000008000191E] -> 0x00BE
[1612] [M]: 0x000000008000191C (0x00BE9E93) slli t4, t4, 0xb
x29 <- 0x0015554010000000

mem[X,0x0000000080001920] -> 0x8E93
mem[X,0x0000000080001922] -> 0x1BFE
[1613] [M]: 0x0000000080001920 (0x1BFE8E93) addi t4, t4, 0x1bf
x29 <- 0x00155540100001BF

mem[X,0x0000000080001924] -> 0x9E93
mem[X,0x0000000080001926] -> 0x00AE
[1614] [M]: 0x0000000080001924 (0x00AE9E93) slli t4, t4, 0xa
x29 <- 0x555500400006FC00

mem[X,0x0000000080001928] -> 0x8E93
mem[X,0x000000008000192A] -> 0x3F9E
[1615] [M]: 0x0000000080001928 (0x3F9E8E93) addi t4, t4, 0x3f9
x29 <- 0x555500400006FFF9

mem[X,0x000000008000192C] -> 0x7FBB
mem[X,0x000000008000192E] -> 0xB9DF
[1616] [M]: 0x000000008000192C (0xB9DF7FBB) pmhacc.h.bo t6, t5, t4
x31 <- 0xFFDAFFC1EFE4FFD5

mem[X,0x0000000080001930] -> 0xBC23
mem[X,0x0000000080001932] -> 0x1BF0
[1617] [M]: 0x0000000080001930 (0x1BF0BC23) sd t6, 0x1b8(ra)
mem[0x00000000800043B0] <- 0xFFDAFFC1EFE4FFD5

mem[X,0x0000000080001934] -> 0xFF37
mem[X,0x0000000080001936] -> 0x8000
[1618] [M]: 0x0000000080001934 (0x8000FF37) lui t5, -0x7fff1
x30 <- 0xFFFFFFFF8000F000

mem[X,0x0000000080001938] -> 0x0F13
mem[X,0x000000008000193A] -> 0xFFFF
[1619] [M]: 0x0000000080001938 (0xFFFF0F13) addi t5, t5, -0x1
x30 <- 0xFFFFFFFF8000EFFF

mem[X,0x000000008000193C] -> 0x1F13
mem[X,0x000000008000193E] -> 0x00BF
[1620] [M]: 0x000000008000193C (0x00BF1F13) slli t5, t5, 0xb
x30 <- 0xFFFFFC00077FF800

mem[X,0x0000000080001940] -> 0x0F13
mem[X,0x0000000080001942] -> 0x7FFF
[1621] [M]: 0x0000000080001940 (0x7FFF0F13) addi t5, t5, 0x7ff
x30 <- 0xFFFFFC00077FFFFF

mem[X,0x0000000080001944] -> 0x1F13
mem[X,0x0000000080001946] -> 0x00BF
[1622] [M]: 0x0000000080001944 (0x00BF1F13) slli t5, t5, 0xb
x30 <- 0xFFE0003BFFFFF800

mem[X,0x0000000080001948] -> 0x0F13
mem[X,0x000000008000194A] -> 0x580F
[1623] [M]: 0x0000000080001948 (0x580F0F13) addi t5, t5, 0x580
x30 <- 0xFFE0003BFFFFFD80

mem[X,0x000000008000194C] -> 0x1F13
mem[X,0x000000008000194E] -> 0x00AF
[1624] [M]: 0x000000008000194C (0x00AF1F13) slli t5, t5, 0xa
x30 <- 0x8000EFFFFFF60000

mem[X,0x0000000080001950] -> 0x0F13
mem[X,0x0000000080001952] -> 0x100F
[1625] [M]: 0x0000000080001950 (0x100F0F13) addi t5, t5, 0x100
x30 <- 0x8000EFFFFFF60100

mem[X,0x0000000080001954] -> 0x0EB7
mem[X,0x0000000080001956] -> 0x0002
[1626] [M]: 0x0000000080001954 (0x00020EB7) lui t4, 0x20
x29 <- 0x0000000000020000

mem[X,0x0000000080001958] -> 0x8E93
mem[X,0x000000008000195A] -> 0x100E
[1627] [M]: 0x0000000080001958 (0x100E8E93) addi t4, t4, 0x100
x29 <- 0x0000000000020100

mem[X,0x000000008000195C] -> 0x9E93
mem[X,0x000000008000195E] -> 0x00BE
[1628] [M]: 0x000000008000195C (0x00BE9E93) slli t4, t4, 0xb
x29 <- 0x0000000010080000

mem[X,0x0000000080001960] -> 0x8E93
mem[X,0x0000000080001962] -> 0x000E
[1629] [M]: 0x0000000080001960 (0x000E8E93) addi t4, t4, 0x0
x29 <- 0x0000000010080000

mem[X,0x0000000080001964] -> 0x9E93
mem[X,0x0000000080001966] -> 0x00BE
[1630] [M]: 0x0000000080001964 (0x00BE9E93) slli t4, t4, 0xb
x29 <- 0x0000008040000000

mem[X,0x0000000080001968] -> 0x8E93
mem[X,0x000000008000196A] -> 0x202E
[1631] [M]: 0x0000000080001968 (0x202E8E93) addi t4, t4, 0x202
x29 <- 0x0000008040000202

mem[X,0x000000008000196C] -> 0x9E93
mem[X,0x000000008000196E] -> 0x00AE
[1632] [M]: 0x000000008000196C (0x00AE9E93) slli t4, t4, 0xa
x29 <- 0x0002010000080800

mem[X,0x0000000080001970] -> 0x7FBB
mem[X,0x0000000080001972] -> 0xB9DF
[1633] [M]: 0x0000000080001970 (0xB9DF7FBB) pmhacc.h.bo t6, t5, t4
x31 <- 0xFFDAFFC0EFE4FFD5

mem[X,0x0000000080001974] -> 0xB023
mem[X,0x0000000080001976] -> 0x1DF0
[1634] [M]: 0x0000000080001974 (0x1DF0B023) sd t6, 0x1c0(ra)
mem[0x00000000800043B8] <- 0xFFDAFFC0EFE4FFD5

mem[X,0x0000000080001978] -> 0xEF37
mem[X,0x000000008000197A] -> 0x1000
[1635] [M]: 0x0000000080001978 (0x1000EF37) lui t5, 0x1000e
x30 <- 0x000000001000E000

mem[X,0x000000008000197C] -> 0x0F13
mem[X,0x000000008000197E] -> 0xFFFF
[1636] [M]: 0x000000008000197C (0xFFFF0F13) addi t5, t5, -0x1
x30 <- 0x000000001000DFFF

mem[X,0x0000000080001980] -> 0x1F13
mem[X,0x0000000080001982] -> 0x00BF
[1637] [M]: 0x0000000080001980 (0x00BF1F13) slli t5, t5, 0xb
x30 <- 0x0000008006FFF800

mem[X,0x0000000080001984] -> 0x0F13
mem[X,0x0000000080001986] -> 0x200F
[1638] [M]: 0x0000000080001984 (0x200F0F13) addi t5, t5, 0x200
x30 <- 0x0000008006FFFA00

mem[X,0x0000000080001988] -> 0x1F13
mem[X,0x000000008000198A] -> 0x00BF
[1639] [M]: 0x0000000080001988 (0x00BF1F13) slli t5, t5, 0xb
x30 <- 0x00040037FFD00000

mem[X,0x000000008000198C] -> 0x0F13
mem[X,0x000000008000198E] -> 0x03FF
[1640] [M]: 0x000000008000198C (0x03FF0F13) addi t5, t5, 0x3f
x30 <- 0x00040037FFD0003F

mem[X,0x0000000080001990] -> 0x1F13
mem[X,0x0000000080001992] -> 0x00AF
[1641] [M]: 0x0000000080001990 (0x00AF1F13) slli t5, t5, 0xa
x30 <- 0x1000DFFF4000FC00

mem[X,0x0000000080001994] -> 0x0F13
mem[X,0x0000000080001996] -> 0x3EFF
[1642] [M]: 0x0000000080001994 (0x3EFF0F13) addi t5, t5, 0x3ef
x30 <- 0x1000DFFF4000FFEF

mem[X,0x0000000080001998] -> 0x0EB7
mem[X,0x000000008000199A] -> 0x000A
[1643] [M]: 0x0000000080001998 (0x000A0EB7) lui t4, 0xa0
x29 <- 0x00000000000A0000

mem[X,0x000000008000199C] -> 0x8E93
mem[X,0x000000008000199E] -> 0xDFFE
[1644] [M]: 0x000000008000199C (0xDFFE8E93) addi t4, t4, -0x201
x29 <- 0x000000000009FDFF

mem[X,0x00000000800019A0] -> 0x9E93
mem[X,0x00000000800019A2] -> 0x00BE
[1645] [M]: 0x00000000800019A0 (0x00BE9E93) slli t4, t4, 0xb
x29 <- 0x000000004FEFF800

mem[X,0x00000000800019A4] -> 0x8E93
mem[X,0x00000000800019A6] -> 0x2AAE
[1646] [M]: 0x00000000800019A4 (0x2AAE8E93) addi t4, t4, 0x2aa
x29 <- 0x000000004FEFFAAA

mem[X,0x00000000800019A8] -> 0x9E93
mem[X,0x00000000800019AA] -> 0x00BE
[1647] [M]: 0x00000000800019A8 (0x00BE9E93) slli t4, t4, 0xb
x29 <- 0x0000027F7FD55000

mem[X,0x00000000800019AC] -> 0x8E93
mem[X,0x00000000800019AE] -> 0x540E
[1648] [M]: 0x00000000800019AC (0x540E8E93) addi t4, t4, 0x540
x29 <- 0x0000027F7FD55540

mem[X,0x00000000800019B0] -> 0x9E93
mem[X,0x00000000800019B2] -> 0x00AE
[1649] [M]: 0x00000000800019B0 (0x00AE9E93) slli t4, t4, 0xa
x29 <- 0x0009FDFF55550000

mem[X,0x00000000800019B4] -> 0x8E93
mem[X,0x00000000800019B6] -> 0x007E
[1650] [M]: 0x00000000800019B4 (0x007E8E93) addi t4, t4, 0x7
x29 <- 0x0009FDFF55550007

mem[X,0x00000000800019B8] -> 0x7FBB
mem[X,0x00000000800019BA] -> 0xB9DF
[1651] [M]: 0x00000000800019B8 (0xB9DF7FBB) pmhacc.h.bo t6, t5, t4
x31 <- 0xFFDAFFC0EFF9FFD5

mem[X,0x00000000800019BC] -> 0xB423
mem[X,0x00000000800019BE] -> 0x1DF0
[1652] [M]: 0x00000000800019BC (0x1DF0B423) sd t6, 0x1c8(ra)
mem[0x00000000800043C0] <- 0xFFDAFFC0EFF9FFD5

mem[X,0x00000000800019C0] -> 0xFF37
mem[X,0x00000000800019C2] -> 0xFDFF
[1653] [M]: 0x00000000800019C0 (0xFDFFFF37) lui t5, -0x2001
x30 <- 0xFFFFFFFFFDFFF000

mem[X,0x00000000800019C4] -> 0x0F13
mem[X,0x00000000800019C6] -> 0xFFFF
[1654] [M]: 0x00000000800019C4 (0xFFFF0F13) addi t5, t5, -0x1
x30 <- 0xFFFFFFFFFDFFEFFF

mem[X,0x00000000800019C8] -> 0x1F13
mem[X,0x00000000800019CA] -> 0x00BF
[1655] [M]: 0x00000000800019C8 (0x00BF1F13) slli t5, t5, 0xb
x30 <- 0xFFFFFFEFFF7FF800

mem[X,0x00000000800019CC] -> 0x0F13
mem[X,0x00000000800019CE] -> 0x600F
[1656] [M]: 0x00000000800019CC (0x600F0F13) addi t5, t5, 0x600
x30 <- 0xFFFFFFEFFF7FFE00

mem[X,0x00000000800019D0] -> 0x1F13
mem[X,0x00000000800019D2] -> 0x00BF
[1657] [M]: 0x00000000800019D0 (0x00BF1F13) slli t5, t5, 0xb
x30 <- 0xFFFF7FFBFFF00000

mem[X,0x00000000800019D4] -> 0x0F13
mem[X,0x00000000800019D6] -> 0x000F
[1658] [M]: 0x00000000800019D4 (0x000F0F13) addi t5, t5, 0x0
x30 <- 0xFFFF7FFBFFF00000

mem[X,0x00000000800019D8] -> 0x1F13
mem[X,0x00000000800019DA] -> 0x00AF
[1659] [M]: 0x00000000800019D8 (0x00AF1F13) slli t5, t5, 0xa
x30 <- 0xFDFFEFFFC0000000

mem[X,0x00000000800019DC] -> 0x0F13
mem[X,0x00000000800019DE] -> 0x004F
[1660] [M]: 0x00000000800019DC (0x004F0F13) addi t5, t5, 0x4
x30 <- 0xFDFFEFFFC0000004

mem[X,0x00000000800019E0] -> 0x1EB7
mem[X,0x00000000800019E2] -> 0xDFFF
[1661] [M]: 0x00000000800019E0 (0xDFFF1EB7) lui t4, -0x2000f
x29 <- 0xFFFFFFFFDFFF1000

mem[X,0x00000000800019E4] -> 0x8E93
mem[X,0x00000000800019E6] -> 0x000E
[1662] [M]: 0x00000000800019E4 (0x000E8E93) addi t4, t4, 0x0
x29 <- 0xFFFFFFFFDFFF1000

mem[X,0x00000000800019E8] -> 0x9E93
mem[X,0x00000000800019EA] -> 0x00BE
[1663] [M]: 0x00000000800019E8 (0x00BE9E93) slli t4, t4, 0xb
x29 <- 0xFFFFFEFFF8800000

mem[X,0x00000000800019EC] -> 0x8E93
mem[X,0x00000000800019EE] -> 0x080E
[1664] [M]: 0x00000000800019EC (0x080E8E93) addi t4, t4, 0x80
x29 <- 0xFFFFFEFFF8800080

mem[X,0x00000000800019F0] -> 0x9E93
mem[X,0x00000000800019F2] -> 0x00BE
[1665] [M]: 0x00000000800019F0 (0x00BE9E93) slli t4, t4, 0xb
x29 <- 0xFFF7FFC400040000

mem[X,0x00000000800019F4] -> 0x8E93
mem[X,0x00000000800019F6] -> 0x000E
[1666] [M]: 0x00000000800019F4 (0x000E8E93) addi t4, t4, 0x0
x29 <- 0xFFF7FFC400040000

mem[X,0x00000000800019F8] -> 0x9E93
mem[X,0x00000000800019FA] -> 0x00AE
[1667] [M]: 0x00000000800019F8 (0x00AE9E93) slli t4, t4, 0xa
x29 <- 0xDFFF100010000000

mem[X,0x00000000800019FC] -> 0x8E93
mem[X,0x00000000800019FE] -> 0x080E
[1668] [M]: 0x00000000800019FC (0x080E8E93) addi t4, t4, 0x80
x29 <- 0xDFFF100010000080

mem[X,0x0000000080001A00] -> 0x7FBB
mem[X,0x0000000080001A02] -> 0xB9DF
[1669] [M]: 0x0000000080001A00 (0xB9DF7FBB) pmhacc.h.bo t6, t5, t4
x31 <- 0xFFDAFFBEEFF5FFD5

mem[X,0x0000000080001A04] -> 0xB823
mem[X,0x0000000080001A06] -> 0x1DF0
[1670] [M]: 0x0000000080001A04 (0x1DF0B823) sd t6, 0x1d0(ra)
mem[0x00000000800043C8] <- 0xFFDAFFBEEFF5FFD5

mem[X,0x0000000080001A08] -> 0x1F37
mem[X,0x0000000080001A0A] -> 0x0003
[1671] [M]: 0x0000000080001A08 (0x00031F37) lui t5, 0x31
x30 <- 0x0000000000031000

mem[X,0x0000000080001A0C] -> 0x0F13
mem[X,0x0000000080001A0E] -> 0x800F
[1672] [M]: 0x0000000080001A0C (0x800F0F13) addi t5, t5, -0x800
x30 <- 0x0000000000030800

mem[X,0x0000000080001A10] -> 0x1F13
mem[X,0x0000000080001A12] -> 0x00BF
[1673] [M]: 0x0000000080001A10 (0x00BF1F13) slli t5, t5, 0xb
x30 <- 0x0000000018400000

mem[X,0x0000000080001A14] -> 0x0F13
mem[X,0x0000000080001A16] -> 0x002F
[1674] [M]: 0x0000000080001A14 (0x002F0F13) addi t5, t5, 0x2
x30 <- 0x0000000018400002

mem[X,0x0000000080001A18] -> 0x1F13
mem[X,0x0000000080001A1A] -> 0x00BF
[1675] [M]: 0x0000000080001A18 (0x00BF1F13) slli t5, t5, 0xb
x30 <- 0x000000C200001000

mem[X,0x0000000080001A1C] -> 0x0F13
mem[X,0x0000000080001A1E] -> 0x03FF
[1676] [M]: 0x0000000080001A1C (0x03FF0F13) addi t5, t5, 0x3f
x30 <- 0x000000C20000103F

mem[X,0x0000000080001A20] -> 0x1F13
mem[X,0x0000000080001A22] -> 0x00AF
[1677] [M]: 0x0000000080001A20 (0x00AF1F13) slli t5, t5, 0xa
x30 <- 0x000308000040FC00

mem[X,0x0000000080001A24] -> 0x0F13
mem[X,0x0000000080001A26] -> 0x3F7F
[1678] [M]: 0x0000000080001A24 (0x3F7F0F13) addi t5, t5, 0x3f7
x30 <- 0x000308000040FFF7

mem[X,0x0000000080001A28] -> 0x0EB7
mem[X,0x0000000080001A2A] -> 0xFFFE
[1679] [M]: 0x0000000080001A28 (0xFFFE0EB7) lui t4, -0x20
x29 <- 0xFFFFFFFFFFFE0000

mem[X,0x0000000080001A2C] -> 0x8E93
mem[X,0x0000000080001A2E] -> 0x100E
[1680] [M]: 0x0000000080001A2C (0x100E8E93) addi t4, t4, 0x100
x29 <- 0xFFFFFFFFFFFE0100

mem[X,0x0000000080001A30] -> 0x9E93
mem[X,0x0000000080001A32] -> 0x00BE
[1681] [M]: 0x0000000080001A30 (0x00BE9E93) slli t4, t4, 0xb
x29 <- 0xFFFFFFFFF0080000

mem[X,0x0000000080001A34] -> 0x8E93
mem[X,0x0000000080001A36] -> 0x7FFE
[1682] [M]: 0x0000000080001A34 (0x7FFE8E93) addi t4, t4, 0x7ff
x29 <- 0xFFFFFFFFF00807FF

mem[X,0x0000000080001A38] -> 0x9E93
mem[X,0x0000000080001A3A] -> 0x00BE
[1683] [M]: 0x0000000080001A38 (0x00BE9E93) slli t4, t4, 0xb
x29 <- 0xFFFFFF80403FF800

mem[X,0x0000000080001A3C] -> 0x8E93
mem[X,0x0000000080001A3E] -> 0x63FE
[1684] [M]: 0x0000000080001A3C (0x63FE8E93) addi t4, t4, 0x63f
x29 <- 0xFFFFFF80403FFE3F

mem[X,0x0000000080001A40] -> 0x9E93
mem[X,0x0000000080001A42] -> 0x00AE
[1685] [M]: 0x0000000080001A40 (0x00AE9E93) slli t4, t4, 0xa
x29 <- 0xFFFE0100FFF8FC00

mem[X,0x0000000080001A44] -> 0x8E93
mem[X,0x0000000080001A46] -> 0x3F8E
[1686] [M]: 0x0000000080001A44 (0x3F8E8E93) addi t4, t4, 0x3f8
x29 <- 0xFFFE0100FFF8FFF8

mem[X,0x0000000080001A48] -> 0x7FBB
mem[X,0x0000000080001A4A] -> 0xB9DF
[1687] [M]: 0x0000000080001A48 (0xB9DF7FBB) pmhacc.h.bo t6, t5, t4
x31 <- 0xFFD9FFBEEFF4FFD5

mem[X,0x0000000080001A4C] -> 0xBC23
mem[X,0x0000000080001A4E] -> 0x1DF0
[1688] [M]: 0x0000000080001A4C (0x1DF0BC23) sd t6, 0x1d8(ra)
mem[0x00000000800043D0] <- 0xFFD9FFBEEFF4FFD5

mem[X,0x0000000080001A50] -> 0x0F37
mem[X,0x0000000080001A52] -> 0xFFF6
[1689] [M]: 0x0000000080001A50 (0xFFF60F37) lui t5, -0xa0
x30 <- 0xFFFFFFFFFFF60000

mem[X,0x0000000080001A54] -> 0x0F13
mem[X,0x0000000080001A56] -> 0x003F
[1690] [M]: 0x0000000080001A54 (0x003F0F13) addi t5, t5, 0x3
x30 <- 0xFFFFFFFFFFF60003

mem[X,0x0000000080001A58] -> 0x1F13
mem[X,0x0000000080001A5A] -> 0x00BF
[1691] [M]: 0x0000000080001A58 (0x00BF1F13) slli t5, t5, 0xb
x30 <- 0xFFFFFFFFB0001800

mem[X,0x0000000080001A5C] -> 0x0F13
mem[X,0x0000000080001A5E] -> 0x77FF
[1692] [M]: 0x0000000080001A5C (0x77FF0F13) addi t5, t5, 0x77f
x30 <- 0xFFFFFFFFB0001F7F

mem[X,0x0000000080001A60] -> 0x1F13
mem[X,0x0000000080001A62] -> 0x00BF
[1693] [M]: 0x0000000080001A60 (0x00BF1F13) slli t5, t5, 0xb
x30 <- 0xFFFFFD8000FBF800

mem[X,0x0000000080001A64] -> 0x0F13
mem[X,0x0000000080001A66] -> 0x7FEF
[1694] [M]: 0x0000000080001A64 (0x7FEF0F13) addi t5, t5, 0x7fe
x30 <- 0xFFFFFD8000FBFFFE

mem[X,0x0000000080001A68] -> 0x1F13
mem[X,0x0000000080001A6A] -> 0x00AF
[1695] [M]: 0x0000000080001A68 (0x00AF1F13) slli t5, t5, 0xa
x30 <- 0xFFF60003EFFFF800

mem[X,0x0000000080001A6C] -> 0x0F13
mem[X,0x0000000080001A6E] -> 0x3FFF
[1696] [M]: 0x0000000080001A6C (0x3FFF0F13) addi t5, t5, 0x3ff
x30 <- 0xFFF60003EFFFFBFF

mem[X,0x0000000080001A70] -> 0x0EB7
mem[X,0x0000000080001A72] -> 0xFFFC
[1697] [M]: 0x0000000080001A70 (0xFFFC0EB7) lui t4, -0x40
x29 <- 0xFFFFFFFFFFFC0000

mem[X,0x0000000080001A74] -> 0x8E93
mem[X,0x0000000080001A76] -> 0xFF9E
[1698] [M]: 0x0000000080001A74 (0xFF9E8E93) addi t4, t4, -0x7
x29 <- 0xFFFFFFFFFFFBFFF9

mem[X,0x0000000080001A78] -> 0x9E93
mem[X,0x0000000080001A7A] -> 0x00BE
[1699] [M]: 0x0000000080001A78 (0x00BE9E93) slli t4, t4, 0xb
x29 <- 0xFFFFFFFFDFFFC800

clint::tick mtime <- 0x0000000000000011
 clint timer pending at mtime 0x0000000000000011
htif::tick 0x0000000000000000
mem[X,0x0000000080001A7C] -> 0x8E93
mem[X,0x0000000080001A7E] -> 0x7FFE
[1700] [M]: 0x0000000080001A7C (0x7FFE8E93) addi t4, t4, 0x7ff
x29 <- 0xFFFFFFFFDFFFCFFF

mem[X,0x0000000080001A80] -> 0x9E93
mem[X,0x0000000080001A82] -> 0x00BE
[1701] [M]: 0x0000000080001A80 (0x00BE9E93) slli t4, t4, 0xb
x29 <- 0xFFFFFEFFFE7FF800

mem[X,0x0000000080001A84] -> 0x8E93
mem[X,0x0000000080001A86] -> 0x7AFE
[1702] [M]: 0x0000000080001A84 (0x7AFE8E93) addi t4, t4, 0x7af
x29 <- 0xFFFFFEFFFE7FFFAF

mem[X,0x0000000080001A88] -> 0x9E93
mem[X,0x0000000080001A8A] -> 0x00AE
[1703] [M]: 0x0000000080001A88 (0x00AE9E93) slli t4, t4, 0xa
x29 <- 0xFFFBFFF9FFFEBC00

mem[X,0x0000000080001A8C] -> 0x8E93
mem[X,0x0000000080001A8E] -> 0x3FFE
[1704] [M]: 0x0000000080001A8C (0x3FFE8E93) addi t4, t4, 0x3ff
x29 <- 0xFFFBFFF9FFFEBFFF

mem[X,0x0000000080001A90] -> 0x7FBB
mem[X,0x0000000080001A92] -> 0xB9DF
[1705] [M]: 0x0000000080001A90 (0xB9DF7FBB) pmhacc.h.bo t6, t5, t4
x31 <- 0xFFD9FFBDEFF4FFD6

mem[X,0x0000000080001A94] -> 0xB023
mem[X,0x0000000080001A96] -> 0x1FF0
[1706] [M]: 0x0000000080001A94 (0x1FF0B023) sd t6, 0x1e0(ra)
mem[0x00000000800043D8] <- 0xFFD9FFBDEFF4FFD6

mem[X,0x0000000080001A98] -> 0x0F37
mem[X,0x0000000080001A9A] -> 0xFFF9
[1707] [M]: 0x0000000080001A98 (0xFFF90F37) lui t5, -0x70
x30 <- 0xFFFFFFFFFFF90000

mem[X,0x0000000080001A9C] -> 0x0F13
mem[X,0x0000000080001A9E] -> 0x200F
[1708] [M]: 0x0000000080001A9C (0x200F0F13) addi t5, t5, 0x200
x30 <- 0xFFFFFFFFFFF90200

mem[X,0x0000000080001AA0] -> 0x1F13
mem[X,0x0000000080001AA2] -> 0x00BF
[1709] [M]: 0x0000000080001AA0 (0x00BF1F13) slli t5, t5, 0xb
x30 <- 0xFFFFFFFFC8100000

mem[X,0x0000000080001AA4] -> 0x0F13
mem[X,0x0000000080001AA6] -> 0x7FDF
[1710] [M]: 0x0000000080001AA4 (0x7FDF0F13) addi t5, t5, 0x7fd
x30 <- 0xFFFFFFFFC81007FD

mem[X,0x0000000080001AA8] -> 0x1F13
mem[X,0x0000000080001AAA] -> 0x00BF
[1711] [M]: 0x0000000080001AA8 (0x00BF1F13) slli t5, t5, 0xb
x30 <- 0xFFFFFE40803FE800

mem[X,0x0000000080001AAC] -> 0x0F13
mem[X,0x0000000080001AAE] -> 0x7E0F
[1712] [M]: 0x0000000080001AAC (0x7E0F0F13) addi t5, t5, 0x7e0
x30 <- 0xFFFFFE40803FEFE0

mem[X,0x0000000080001AB0] -> 0x1F13
mem[X,0x0000000080001AB2] -> 0x00AF
[1713] [M]: 0x0000000080001AB0 (0x00AF1F13) slli t5, t5, 0xa
x30 <- 0xFFF90200FFBF8000

mem[X,0x0000000080001AB4] -> 0x0EB7
mem[X,0x0000000080001AB6] -> 0xFFF8
[1714] [M]: 0x0000000080001AB4 (0xFFF80EB7) lui t4, -0x80
x29 <- 0xFFFFFFFFFFF80000

mem[X,0x0000000080001AB8] -> 0x8E93
mem[X,0x0000000080001ABA] -> 0xF7FE
[1715] [M]: 0x0000000080001AB8 (0xF7FE8E93) addi t4, t4, -0x81
x29 <- 0xFFFFFFFFFFF7FF7F

mem[X,0x0000000080001ABC] -> 0x9E93
mem[X,0x0000000080001ABE] -> 0x00BE
[1716] [M]: 0x0000000080001ABC (0x00BE9E93) slli t4, t4, 0xb
x29 <- 0xFFFFFFFFBFFBF800

mem[X,0x0000000080001AC0] -> 0x8E93
mem[X,0x0000000080001AC2] -> 0x7FFE
[1717] [M]: 0x0000000080001AC0 (0x7FFE8E93) addi t4, t4, 0x7ff
x29 <- 0xFFFFFFFFBFFBFFFF

mem[X,0x0000000080001AC4] -> 0x9E93
mem[X,0x0000000080001AC6] -> 0x00BE
[1718] [M]: 0x0000000080001AC4 (0x00BE9E93) slli t4, t4, 0xb
x29 <- 0xFFFFFDFFDFFFF800

mem[X,0x0000000080001AC8] -> 0x8E93
mem[X,0x0000000080001ACA] -> 0x73FE
[1719] [M]: 0x0000000080001AC8 (0x73FE8E93) addi t4, t4, 0x73f
x29 <- 0xFFFFFDFFDFFFFF3F

mem[X,0x0000000080001ACC] -> 0x9E93
mem[X,0x0000000080001ACE] -> 0x00AE
[1720] [M]: 0x0000000080001ACC (0x00AE9E93) slli t4, t4, 0xa
x29 <- 0xFFF7FF7FFFFCFC00

mem[X,0x0000000080001AD0] -> 0x8E93
mem[X,0x0000000080001AD2] -> 0x3EFE
[1721] [M]: 0x0000000080001AD0 (0x3EFE8E93) addi t4, t4, 0x3ef
x29 <- 0xFFF7FF7FFFFCFFEF

mem[X,0x0000000080001AD4] -> 0x7FBB
mem[X,0x0000000080001AD6] -> 0xB9DF
[1722] [M]: 0x0000000080001AD4 (0xB9DF7FBB) pmhacc.h.bo t6, t5, t4
x31 <- 0xFFD9FFBCEFF4FFD6

mem[X,0x0000000080001AD8] -> 0xB423
mem[X,0x0000000080001ADA] -> 0x1FF0
[1723] [M]: 0x0000000080001AD8 (0x1FF0B423) sd t6, 0x1e8(ra)
mem[0x00000000800043E0] <- 0xFFD9FFBCEFF4FFD6

mem[X,0x0000000080001ADC] -> 0x0F37
mem[X,0x0000000080001ADE] -> 0x4001
[1724] [M]: 0x0000000080001ADC (0x40010F37) lui t5, 0x40010
x30 <- 0x0000000040010000

mem[X,0x0000000080001AE0] -> 0x0F13
mem[X,0x0000000080001AE2] -> 0xFFCF
[1725] [M]: 0x0000000080001AE0 (0xFFCF0F13) addi t5, t5, -0x4
x30 <- 0x000000004000FFFC

mem[X,0x0000000080001AE4] -> 0x1F13
mem[X,0x0000000080001AE6] -> 0x00BF
[1726] [M]: 0x0000000080001AE4 (0x00BF1F13) slli t5, t5, 0xb
x30 <- 0x0000020007FFE000

mem[X,0x0000000080001AE8] -> 0x0F13
mem[X,0x0000000080001AEA] -> 0x000F
[1727] [M]: 0x0000000080001AE8 (0x000F0F13) addi t5, t5, 0x0
x30 <- 0x0000020007FFE000

mem[X,0x0000000080001AEC] -> 0x1F13
mem[X,0x0000000080001AEE] -> 0x00BF
[1728] [M]: 0x0000000080001AEC (0x00BF1F13) slli t5, t5, 0xb
x30 <- 0x0010003FFF000000

mem[X,0x0000000080001AF0] -> 0x0F13
mem[X,0x0000000080001AF2] -> 0x03FF
[1729] [M]: 0x0000000080001AF0 (0x03FF0F13) addi t5, t5, 0x3f
x30 <- 0x0010003FFF00003F

mem[X,0x0000000080001AF4] -> 0x1F13
mem[X,0x0000000080001AF6] -> 0x00AF
[1730] [M]: 0x0000000080001AF4 (0x00AF1F13) slli t5, t5, 0xa
x30 <- 0x4000FFFC0000FC00

mem[X,0x0000000080001AF8] -> 0x0F13
mem[X,0x0000000080001AFA] -> 0x3F8F
[1731] [M]: 0x0000000080001AF8 (0x3F8F0F13) addi t5, t5, 0x3f8
x30 <- 0x4000FFFC0000FFF8

mem[X,0x0000000080001AFC] -> 0x0EB7
mem[X,0x0000000080001AFE] -> 0xFDFF
[1732] [M]: 0x0000000080001AFC (0xFDFF0EB7) lui t4, -0x2010
x29 <- 0xFFFFFFFFFDFF0000

mem[X,0x0000000080001B00] -> 0x8E93
mem[X,0x0000000080001B02] -> 0x010E
[1733] [M]: 0x0000000080001B00 (0x010E8E93) addi t4, t4, 0x10
x29 <- 0xFFFFFFFFFDFF0010

mem[X,0x0000000080001B04] -> 0x9E93
mem[X,0x0000000080001B06] -> 0x00BE
[1734] [M]: 0x0000000080001B04 (0x00BE9E93) slli t4, t4, 0xb
x29 <- 0xFFFFFFEFF8008000

mem[X,0x0000000080001B08] -> 0x8E93
mem[X,0x0000000080001B0A] -> 0x7FEE
[1735] [M]: 0x0000000080001B08 (0x7FEE8E93) addi t4, t4, 0x7fe
x29 <- 0xFFFFFFEFF80087FE

mem[X,0x0000000080001B0C] -> 0x9E93
mem[X,0x0000000080001B0E] -> 0x00BE
[1736] [M]: 0x0000000080001B0C (0x00BE9E93) slli t4, t4, 0xb
x29 <- 0xFFFF7FC0043FF000

mem[X,0x0000000080001B10] -> 0x8E93
mem[X,0x0000000080001B12] -> 0x7EAE
[1737] [M]: 0x0000000080001B10 (0x7EAE8E93) addi t4, t4, 0x7ea
x29 <- 0xFFFF7FC0043FF7EA

mem[X,0x0000000080001B14] -> 0x9E93
mem[X,0x0000000080001B16] -> 0x00AE
[1738] [M]: 0x0000000080001B14 (0x00AE9E93) slli t4, t4, 0xa
x29 <- 0xFDFF0010FFDFA800

mem[X,0x0000000080001B18] -> 0x8E93
mem[X,0x0000000080001B1A] -> 0x2AAE
[1739] [M]: 0x0000000080001B18 (0x2AAE8E93) addi t4, t4, 0x2aa
x29 <- 0xFDFF0010FFDFAAAA

mem[X,0x0000000080001B1C] -> 0x7FBB
mem[X,0x0000000080001B1E] -> 0xB9DF
[1740] [M]: 0x0000000080001B1C (0xB9DF7FBB) pmhacc.h.bo t6, t5, t4
x31 <- 0xFFD8FFBCEFF4FFD6

mem[X,0x0000000080001B20] -> 0xB823
mem[X,0x0000000080001B22] -> 0x1FF0
[1741] [M]: 0x0000000080001B20 (0x1FF0B823) sd t6, 0x1f0(ra)
mem[0x00000000800043E8] <- 0xFFD8FFBCEFF4FFD6

mem[X,0x0000000080001B24] -> 0x0F37
mem[X,0x0000000080001B26] -> 0xFFFA
[1742] [M]: 0x0000000080001B24 (0xFFFA0F37) lui t5, -0x60
x30 <- 0xFFFFFFFFFFFA0000

mem[X,0x0000000080001B28] -> 0x0F13
mem[X,0x0000000080001B2A] -> 0x080F
[1743] [M]: 0x0000000080001B28 (0x080F0F13) addi t5, t5, 0x80
x30 <- 0xFFFFFFFFFFFA0080

mem[X,0x0000000080001B2C] -> 0x1F13
mem[X,0x0000000080001B2E] -> 0x00BF
[1744] [M]: 0x0000000080001B2C (0x00BF1F13) slli t5, t5, 0xb
x30 <- 0xFFFFFFFFD0040000

mem[X,0x0000000080001B30] -> 0x0F13
mem[X,0x0000000080001B32] -> 0x100F
[1745] [M]: 0x0000000080001B30 (0x100F0F13) addi t5, t5, 0x100
x30 <- 0xFFFFFFFFD0040100

mem[X,0x0000000080001B34] -> 0x1F13
mem[X,0x0000000080001B36] -> 0x00BF
[1746] [M]: 0x0000000080001B34 (0x00BF1F13) slli t5, t5, 0xb
x30 <- 0xFFFFFE8020080000

mem[X,0x0000000080001B38] -> 0x0F13
mem[X,0x0000000080001B3A] -> 0x02FF
[1747] [M]: 0x0000000080001B38 (0x02FF0F13) addi t5, t5, 0x2f
x30 <- 0xFFFFFE802008002F

mem[X,0x0000000080001B3C] -> 0x1F13
mem[X,0x0000000080001B3E] -> 0x00AF
[1748] [M]: 0x0000000080001B3C (0x00AF1F13) slli t5, t5, 0xa
x30 <- 0xFFFA00802000BC00

mem[X,0x0000000080001B40] -> 0x0F13
mem[X,0x0000000080001B42] -> 0x3FFF
[1749] [M]: 0x0000000080001B40 (0x3FFF0F13) addi t5, t5, 0x3ff
x30 <- 0xFFFA00802000BFFF

mem[X,0x0000000080001B44] -> 0x0EB7
mem[X,0x0000000080001B46] -> 0xC001
[1750] [M]: 0x0000000080001B44 (0xC0010EB7) lui t4, -0x3fff0
x29 <- 0xFFFFFFFFC0010000

mem[X,0x0000000080001B48] -> 0x8E93
mem[X,0x0000000080001B4A] -> 0xFFEE
[1751] [M]: 0x0000000080001B48 (0xFFEE8E93) addi t4, t4, -0x2
x29 <- 0xFFFFFFFFC000FFFE

mem[X,0x0000000080001B4C] -> 0x9E93
mem[X,0x0000000080001B4E] -> 0x00BE
[1752] [M]: 0x0000000080001B4C (0x00BE9E93) slli t4, t4, 0xb
x29 <- 0xFFFFFE0007FFF000

mem[X,0x0000000080001B50] -> 0x8E93
mem[X,0x0000000080001B52] -> 0x7DFE
[1753] [M]: 0x0000000080001B50 (0x7DFE8E93) addi t4, t4, 0x7df
x29 <- 0xFFFFFE0007FFF7DF

mem[X,0x0000000080001B54] -> 0x9E93
mem[X,0x0000000080001B56] -> 0x00BE
[1754] [M]: 0x0000000080001B54 (0x00BE9E93) slli t4, t4, 0xb
x29 <- 0xFFF0003FFFBEF800

mem[X,0x0000000080001B58] -> 0x8E93
mem[X,0x0000000080001B5A] -> 0x7D5E
[1755] [M]: 0x0000000080001B58 (0x7D5E8E93) addi t4, t4, 0x7d5
x29 <- 0xFFF0003FFFBEFFD5

mem[X,0x0000000080001B5C] -> 0x9E93
mem[X,0x0000000080001B5E] -> 0x00AE
[1756] [M]: 0x0000000080001B5C (0x00AE9E93) slli t4, t4, 0xa
x29 <- 0xC000FFFEFBFF5400

mem[X,0x0000000080001B60] -> 0x8E93
mem[X,0x0000000080001B62] -> 0x155E
[1757] [M]: 0x0000000080001B60 (0x155E8E93) addi t4, t4, 0x155
x29 <- 0xC000FFFEFBFF5555

mem[X,0x0000000080001B64] -> 0x7FBB
mem[X,0x0000000080001B66] -> 0xB9DF
[1758] [M]: 0x0000000080001B64 (0xB9DF7FBB) pmhacc.h.bo t6, t5, t4
x31 <- 0xFFD8FFBBEFF3FFC0

mem[X,0x0000000080001B68] -> 0xBC23
mem[X,0x0000000080001B6A] -> 0x1FF0
[1759] [M]: 0x0000000080001B68 (0x1FF0BC23) sd t6, 0x1f8(ra)
mem[0x00000000800043F0] <- 0xFFD8FFBBEFF3FFC0

mem[X,0x0000000080001B6C] -> 0x4F37
mem[X,0x0000000080001B6E] -> 0x0020
[1760] [M]: 0x0000000080001B6C (0x00204F37) lui t5, 0x204
x30 <- 0x0000000000204000

mem[X,0x0000000080001B70] -> 0x0F13
mem[X,0x0000000080001B72] -> 0xFFFF
[1761] [M]: 0x0000000080001B70 (0xFFFF0F13) addi t5, t5, -0x1
x30 <- 0x0000000000203FFF

mem[X,0x0000000080001B74] -> 0x1F13
mem[X,0x0000000080001B76] -> 0x00BF
[1762] [M]: 0x0000000080001B74 (0x00BF1F13) slli t5, t5, 0xb
x30 <- 0x0000000101FFF800

mem[X,0x0000000080001B78] -> 0x0F13
mem[X,0x0000000080001B7A] -> 0x7BFF
[1763] [M]: 0x0000000080001B78 (0x7BFF0F13) addi t5, t5, 0x7bf
x30 <- 0x0000000101FFFFBF

mem[X,0x0000000080001B7C] -> 0x1F13
mem[X,0x0000000080001B7E] -> 0x00BF
[1764] [M]: 0x0000000080001B7C (0x00BF1F13) slli t5, t5, 0xb
x30 <- 0x0000080FFFFDF800

mem[X,0x0000000080001B80] -> 0x0F13
mem[X,0x0000000080001B82] -> 0x7C0F
[1765] [M]: 0x0000000080001B80 (0x7C0F0F13) addi t5, t5, 0x7c0
x30 <- 0x0000080FFFFDFFC0

mem[X,0x0000000080001B84] -> 0x1F13
mem[X,0x0000000080001B86] -> 0x00AF
[1766] [M]: 0x0000000080001B84 (0x00AF1F13) slli t5, t5, 0xa
x30 <- 0x00203FFFF7FF0000

mem[X,0x0000000080001B88] -> 0x0F13
mem[X,0x0000000080001B8A] -> 0x007F
[1767] [M]: 0x0000000080001B88 (0x007F0F13) addi t5, t5, 0x7
x30 <- 0x00203FFFF7FF0007

mem[X,0x0000000080001B8C] -> 0x0EB7
mem[X,0x0000000080001B8E] -> 0xFBFF
[1768] [M]: 0x0000000080001B8C (0xFBFF0EB7) lui t4, -0x4010
x29 <- 0xFFFFFFFFFBFF0000

mem[X,0x0000000080001B90] -> 0x8E93
mem[X,0x0000000080001B92] -> 0x080E
[1769] [M]: 0x0000000080001B90 (0x080E8E93) addi t4, t4, 0x80
x29 <- 0xFFFFFFFFFBFF0080

mem[X,0x0000000080001B94] -> 0x9E93
mem[X,0x0000000080001B96] -> 0x00BE
[1770] [M]: 0x0000000080001B94 (0x00BE9E93) slli t4, t4, 0xb
x29 <- 0xFFFFFFDFF8040000

mem[X,0x0000000080001B98] -> 0x8E93
mem[X,0x0000000080001B9A] -> 0x000E
[1771] [M]: 0x0000000080001B98 (0x000E8E93) addi t4, t4, 0x0
x29 <- 0xFFFFFFDFF8040000

mem[X,0x0000000080001B9C] -> 0x9E93
mem[X,0x0000000080001B9E] -> 0x00BE
[1772] [M]: 0x0000000080001B9C (0x00BE9E93) slli t4, t4, 0xb
x29 <- 0xFFFEFFC020000000

mem[X,0x0000000080001BA0] -> 0x8E93
mem[X,0x0000000080001BA2] -> 0x03FE
[1773] [M]: 0x0000000080001BA0 (0x03FE8E93) addi t4, t4, 0x3f
x29 <- 0xFFFEFFC02000003F

mem[X,0x0000000080001BA4] -> 0x9E93
mem[X,0x0000000080001BA6] -> 0x00AE
[1774] [M]: 0x0000000080001BA4 (0x00AE9E93) slli t4, t4, 0xa
x29 <- 0xFBFF00800000FC00

mem[X,0x0000000080001BA8] -> 0x8E93
mem[X,0x0000000080001BAA] -> 0x1FFE
[1775] [M]: 0x0000000080001BA8 (0x1FFE8E93) addi t4, t4, 0x1ff
x29 <- 0xFBFF00800000FDFF

mem[X,0x0000000080001BAC] -> 0x7FBB
mem[X,0x0000000080001BAE] -> 0xB9DF
[1776] [M]: 0x0000000080001BAC (0xB9DF7FBB) pmhacc.h.bo t6, t5, t4
x31 <- 0xFFD7FFBBEFF3FFBF

mem[X,0x0000000080001BB0] -> 0xB023
mem[X,0x0000000080001BB2] -> 0x21F0
[1777] [M]: 0x0000000080001BB0 (0x21F0B023) sd t6, 0x200(ra)
mem[0x00000000800043F8] <- 0xFFD7FFBBEFF3FFBF

mem[X,0x0000000080001BB4] -> 0x4F37
mem[X,0x0000000080001BB6] -> 0x0100
[1778] [M]: 0x0000000080001BB4 (0x01004F37) lui t5, 0x1004
x30 <- 0x0000000001004000

mem[X,0x0000000080001BB8] -> 0x0F13
mem[X,0x0000000080001BBA] -> 0xFFFF
[1779] [M]: 0x0000000080001BB8 (0xFFFF0F13) addi t5, t5, -0x1
x30 <- 0x0000000001003FFF

mem[X,0x0000000080001BBC] -> 0x1F13
mem[X,0x0000000080001BBE] -> 0x00BF
[1780] [M]: 0x0000000080001BBC (0x00BF1F13) slli t5, t5, 0xb
x30 <- 0x0000000801FFF800

mem[X,0x0000000080001BC0] -> 0x0F13
mem[X,0x0000000080001BC2] -> 0x77FF
[1781] [M]: 0x0000000080001BC0 (0x77FF0F13) addi t5, t5, 0x77f
x30 <- 0x0000000801FFFF7F

mem[X,0x0000000080001BC4] -> 0x1F13
mem[X,0x0000000080001BC6] -> 0x00BF
[1782] [M]: 0x0000000080001BC4 (0x00BF1F13) slli t5, t5, 0xb
x30 <- 0x0000400FFFFBF800

mem[X,0x0000000080001BC8] -> 0x0F13
mem[X,0x0000000080001BCA] -> 0x7DFF
[1783] [M]: 0x0000000080001BC8 (0x7DFF0F13) addi t5, t5, 0x7df
x30 <- 0x0000400FFFFBFFDF

mem[X,0x0000000080001BCC] -> 0x1F13
mem[X,0x0000000080001BCE] -> 0x00AF
[1784] [M]: 0x0000000080001BCC (0x00AF1F13) slli t5, t5, 0xa
x30 <- 0x01003FFFEFFF7C00

mem[X,0x0000000080001BD0] -> 0x0F13
mem[X,0x0000000080001BD2] -> 0x3FFF
[1785] [M]: 0x0000000080001BD0 (0x3FFF0F13) addi t5, t5, 0x3ff
x30 <- 0x01003FFFEFFF7FFF

mem[X,0x0000000080001BD4] -> 0xCEB7
mem[X,0x0000000080001BD6] -> 0x0005
[1786] [M]: 0x0000000080001BD4 (0x0005CEB7) lui t4, 0x5c
x29 <- 0x000000000005C000

mem[X,0x0000000080001BD8] -> 0x8E93
mem[X,0x0000000080001BDA] -> 0x000E
[1787] [M]: 0x0000000080001BD8 (0x000E8E93) addi t4, t4, 0x0
x29 <- 0x000000000005C000

mem[X,0x0000000080001BDC] -> 0x9E93
mem[X,0x0000000080001BDE] -> 0x00BE
[1788] [M]: 0x0000000080001BDC (0x00BE9E93) slli t4, t4, 0xb
x29 <- 0x000000002E000000

mem[X,0x0000000080001BE0] -> 0x8E93
mem[X,0x0000000080001BE2] -> 0x7FEE
[1789] [M]: 0x0000000080001BE0 (0x7FEE8E93) addi t4, t4, 0x7fe
x29 <- 0x000000002E0007FE

mem[X,0x0000000080001BE4] -> 0x9E93
mem[X,0x0000000080001BE6] -> 0x00BE
[1790] [M]: 0x0000000080001BE4 (0x00BE9E93) slli t4, t4, 0xb
x29 <- 0x00000170003FF000

mem[X,0x0000000080001BE8] -> 0x8E93
mem[X,0x0000000080001BEA] -> 0x7C0E
[1791] [M]: 0x0000000080001BE8 (0x7C0E8E93) addi t4, t4, 0x7c0
x29 <- 0x00000170003FF7C0

mem[X,0x0000000080001BEC] -> 0x9E93
mem[X,0x0000000080001BEE] -> 0x00AE
[1792] [M]: 0x0000000080001BEC (0x00AE9E93) slli t4, t4, 0xa
x29 <- 0x0005C000FFDF0000

mem[X,0x0000000080001BF0] -> 0x8E93
mem[X,0x0000000080001BF2] -> 0x007E
[1793] [M]: 0x0000000080001BF0 (0x007E8E93) addi t4, t4, 0x7
x29 <- 0x0005C000FFDF0007

mem[X,0x0000000080001BF4] -> 0x7FBB
mem[X,0x0000000080001BF6] -> 0xB9DF
[1794] [M]: 0x0000000080001BF4 (0xB9DF7FBB) pmhacc.h.bo t6, t5, t4
x31 <- 0xFFD7FFABEFF3FFBF

mem[X,0x0000000080001BF8] -> 0xB423
mem[X,0x0000000080001BFA] -> 0x21F0
[1795] [M]: 0x0000000080001BF8 (0x21F0B423) sd t6, 0x208(ra)
mem[0x0000000080004400] <- 0xFFD7FFABEFF3FFBF

mem[X,0x0000000080001BFC] -> 0x0F37
mem[X,0x0000000080001BFE] -> 0x0201
[1796] [M]: 0x0000000080001BFC (0x02010F37) lui t5, 0x2010
x30 <- 0x0000000002010000

mem[X,0x0000000080001C00] -> 0x0F13
mem[X,0x0000000080001C02] -> 0xFF8F
[1797] [M]: 0x0000000080001C00 (0xFF8F0F13) addi t5, t5, -0x8
x30 <- 0x000000000200FFF8

mem[X,0x0000000080001C04] -> 0x1F13
mem[X,0x0000000080001C06] -> 0x00BF
[1798] [M]: 0x0000000080001C04 (0x00BF1F13) slli t5, t5, 0xb
x30 <- 0x0000001007FFC000

mem[X,0x0000000080001C08] -> 0x0F13
mem[X,0x0000000080001C0A] -> 0x080F
[1799] [M]: 0x0000000080001C08 (0x080F0F13) addi t5, t5, 0x80
x30 <- 0x0000001007FFC080

clint::tick mtime <- 0x0000000000000012
 clint timer pending at mtime 0x0000000000000012
htif::tick 0x0000000000000000
mem[X,0x0000000080001C0C] -> 0x1F13
mem[X,0x0000000080001C0E] -> 0x00BF
[1800] [M]: 0x0000000080001C0C (0x00BF1F13) slli t5, t5, 0xb
x30 <- 0x0000803FFE040000

mem[X,0x0000000080001C10] -> 0x0F13
mem[X,0x0000000080001C12] -> 0x000F
[1801] [M]: 0x0000000080001C10 (0x000F0F13) addi t5, t5, 0x0
x30 <- 0x0000803FFE040000

mem[X,0x0000000080001C14] -> 0x1F13
mem[X,0x0000000080001C16] -> 0x00AF
[1802] [M]: 0x0000000080001C14 (0x00AF1F13) slli t5, t5, 0xa
x30 <- 0x0200FFF810000000

mem[X,0x0000000080001C18] -> 0x0F13
mem[X,0x0000000080001C1A] -> 0x100F
[1803] [M]: 0x0000000080001C18 (0x100F0F13) addi t5, t5, 0x100
x30 <- 0x0200FFF810000100

mem[X,0x0000000080001C1C] -> 0xFEB7
mem[X,0x0000000080001C1E] -> 0xFFFD
[1804] [M]: 0x0000000080001C1C (0xFFFDFEB7) lui t4, -0x21
x29 <- 0xFFFFFFFFFFFDF000

mem[X,0x0000000080001C20] -> 0x8E93
mem[X,0x0000000080001C22] -> 0xFFFE
[1805] [M]: 0x0000000080001C20 (0xFFFE8E93) addi t4, t4, -0x1
x29 <- 0xFFFFFFFFFFFDEFFF

mem[X,0x0000000080001C24] -> 0x9E93
mem[X,0x0000000080001C26] -> 0x00BE
[1806] [M]: 0x0000000080001C24 (0x00BE9E93) slli t4, t4, 0xb
x29 <- 0xFFFFFFFFEF7FF800

mem[X,0x0000000080001C28] -> 0x8E93
mem[X,0x0000000080001C2A] -> 0x77FE
[1807] [M]: 0x0000000080001C28 (0x77FE8E93) addi t4, t4, 0x77f
x29 <- 0xFFFFFFFFEF7FFF7F

mem[X,0x0000000080001C2C] -> 0x9E93
mem[X,0x0000000080001C2E] -> 0x00BE
[1808] [M]: 0x0000000080001C2C (0x00BE9E93) slli t4, t4, 0xb
x29 <- 0xFFFFFF7BFFFBF800

mem[X,0x0000000080001C30] -> 0x8E93
mem[X,0x0000000080001C32] -> 0x7C0E
[1809] [M]: 0x0000000080001C30 (0x7C0E8E93) addi t4, t4, 0x7c0
x29 <- 0xFFFFFF7BFFFBFFC0

mem[X,0x0000000080001C34] -> 0x9E93
mem[X,0x0000000080001C36] -> 0x00AE
[1810] [M]: 0x0000000080001C34 (0x00AE9E93) slli t4, t4, 0xa
x29 <- 0xFFFDEFFFEFFF0000

mem[X,0x0000000080001C38] -> 0x8E93
mem[X,0x0000000080001C3A] -> 0x009E
[1811] [M]: 0x0000000080001C38 (0x009E8E93) addi t4, t4, 0x9
x29 <- 0xFFFDEFFFEFFF0009

mem[X,0x0000000080001C3C] -> 0x7FBB
mem[X,0x0000000080001C3E] -> 0xB9DF
[1812] [M]: 0x0000000080001C3C (0xB9DF7FBB) pmhacc.h.bo t6, t5, t4
x31 <- 0xFFD6FFABEFF1FFBF

mem[X,0x0000000080001C40] -> 0xB823
mem[X,0x0000000080001C42] -> 0x21F0
[1813] [M]: 0x0000000080001C40 (0x21F0B823) sd t6, 0x210(ra)
mem[0x0000000080004408] <- 0xFFD6FFABEFF1FFBF

mem[X,0x0000000080001C44] -> 0x0F37
mem[X,0x0000000080001C46] -> 0x0007
[1814] [M]: 0x0000000080001C44 (0x00070F37) lui t5, 0x70
x30 <- 0x0000000000070000

mem[X,0x0000000080001C48] -> 0x0F13
mem[X,0x0000000080001C4A] -> 0x004F
[1815] [M]: 0x0000000080001C48 (0x004F0F13) addi t5, t5, 0x4
x30 <- 0x0000000000070004

mem[X,0x0000000080001C4C] -> 0x1F13
mem[X,0x0000000080001C4E] -> 0x00BF
[1816] [M]: 0x0000000080001C4C (0x00BF1F13) slli t5, t5, 0xb
x30 <- 0x0000000038002000

mem[X,0x0000000080001C50] -> 0x0F13
mem[X,0x0000000080001C52] -> 0x7FFF
[1817] [M]: 0x0000000080001C50 (0x7FFF0F13) addi t5, t5, 0x7ff
x30 <- 0x00000000380027FF

mem[X,0x0000000080001C54] -> 0x1F13
mem[X,0x0000000080001C56] -> 0x00BF
[1818] [M]: 0x0000000080001C54 (0x00BF1F13) slli t5, t5, 0xb
x30 <- 0x000001C0013FF800

mem[X,0x0000000080001C58] -> 0x0F13
mem[X,0x0000000080001C5A] -> 0x780F
[1819] [M]: 0x0000000080001C58 (0x780F0F13) addi t5, t5, 0x780
x30 <- 0x000001C0013FFF80

mem[X,0x0000000080001C5C] -> 0x1F13
mem[X,0x0000000080001C5E] -> 0x00AF
[1820] [M]: 0x0000000080001C5C (0x00AF1F13) slli t5, t5, 0xa
x30 <- 0x00070004FFFE0000

mem[X,0x0000000080001C60] -> 0x0F13
mem[X,0x0000000080001C62] -> 0x020F
[1821] [M]: 0x0000000080001C60 (0x020F0F13) addi t5, t5, 0x20
x30 <- 0x00070004FFFE0020

mem[X,0x0000000080001C64] -> 0x0EB7
mem[X,0x0000000080001C66] -> 0x0000
[1822] [M]: 0x0000000080001C64 (0x00000EB7) lui t4, 0x0
x29 <- 0x0000000000000000

mem[X,0x0000000080001C68] -> 0x8E93
mem[X,0x0000000080001C6A] -> 0xFFBE
[1823] [M]: 0x0000000080001C68 (0xFFBE8E93) addi t4, t4, -0x5
x29 <- 0xFFFFFFFFFFFFFFFB

mem[X,0x0000000080001C6C] -> 0x9E93
mem[X,0x0000000080001C6E] -> 0x00BE
[1824] [M]: 0x0000000080001C6C (0x00BE9E93) slli t4, t4, 0xb
x29 <- 0xFFFFFFFFFFFFD800

mem[X,0x0000000080001C70] -> 0x8E93
mem[X,0x0000000080001C72] -> 0x000E
[1825] [M]: 0x0000000080001C70 (0x000E8E93) addi t4, t4, 0x0
x29 <- 0xFFFFFFFFFFFFD800

mem[X,0x0000000080001C74] -> 0x9E93
mem[X,0x0000000080001C76] -> 0x00BE
[1826] [M]: 0x0000000080001C74 (0x00BE9E93) slli t4, t4, 0xb
x29 <- 0xFFFFFFFFFEC00000

mem[X,0x0000000080001C78] -> 0x8E93
mem[X,0x0000000080001C7A] -> 0x23FE
[1827] [M]: 0x0000000080001C78 (0x23FE8E93) addi t4, t4, 0x23f
x29 <- 0xFFFFFFFFFEC0023F

mem[X,0x0000000080001C7C] -> 0x9E93
mem[X,0x0000000080001C7E] -> 0x00AE
[1828] [M]: 0x0000000080001C7C (0x00AE9E93) slli t4, t4, 0xa
x29 <- 0xFFFFFFFB0008FC00

mem[X,0x0000000080001C80] -> 0x8E93
mem[X,0x0000000080001C82] -> 0x3F7E
[1829] [M]: 0x0000000080001C80 (0x3F7E8E93) addi t4, t4, 0x3f7
x29 <- 0xFFFFFFFB0008FFF7

mem[X,0x0000000080001C84] -> 0x7FBB
mem[X,0x0000000080001C86] -> 0xB9DF
[1830] [M]: 0x0000000080001C84 (0xB9DF7FBB) pmhacc.h.bo t6, t5, t4
x31 <- 0xFFD5FFAAEFF1FFBE

mem[X,0x0000000080001C88] -> 0xBC23
mem[X,0x0000000080001C8A] -> 0x21F0
[1831] [M]: 0x0000000080001C88 (0x21F0BC23) sd t6, 0x218(ra)
mem[0x0000000080004410] <- 0xFFD5FFAAEFF1FFBE

mem[X,0x0000000080001C8C] -> 0x0F37
mem[X,0x0000000080001C8E] -> 0x0006
[1832] [M]: 0x0000000080001C8C (0x00060F37) lui t5, 0x60
x30 <- 0x0000000000060000

mem[X,0x0000000080001C90] -> 0x0F13
mem[X,0x0000000080001C92] -> 0x200F
[1833] [M]: 0x0000000080001C90 (0x200F0F13) addi t5, t5, 0x200
x30 <- 0x0000000000060200

mem[X,0x0000000080001C94] -> 0x1F13
mem[X,0x0000000080001C96] -> 0x00BF
[1834] [M]: 0x0000000080001C94 (0x00BF1F13) slli t5, t5, 0xb
x30 <- 0x0000000030100000

mem[X,0x0000000080001C98] -> 0x0F13
mem[X,0x0000000080001C9A] -> 0x7FFF
[1835] [M]: 0x0000000080001C98 (0x7FFF0F13) addi t5, t5, 0x7ff
x30 <- 0x00000000301007FF

mem[X,0x0000000080001C9C] -> 0x1F13
mem[X,0x0000000080001C9E] -> 0x00BF
[1836] [M]: 0x0000000080001C9C (0x00BF1F13) slli t5, t5, 0xb
x30 <- 0x00000180803FF800

mem[X,0x0000000080001CA0] -> 0x0F13
mem[X,0x0000000080001CA2] -> 0x62FF
[1837] [M]: 0x0000000080001CA0 (0x62FF0F13) addi t5, t5, 0x62f
x30 <- 0x00000180803FFE2F

mem[X,0x0000000080001CA4] -> 0x1F13
mem[X,0x0000000080001CA6] -> 0x00AF
[1838] [M]: 0x0000000080001CA4 (0x00AF1F13) slli t5, t5, 0xa
x30 <- 0x00060200FFF8BC00

mem[X,0x0000000080001CA8] -> 0x0F13
mem[X,0x0000000080001CAA] -> 0x3FFF
[1839] [M]: 0x0000000080001CA8 (0x3FFF0F13) addi t5, t5, 0x3ff
x30 <- 0x00060200FFF8BFFF

mem[X,0x0000000080001CAC] -> 0x0EB7
mem[X,0x0000000080001CAE] -> 0x0000
[1840] [M]: 0x0000000080001CAC (0x00000EB7) lui t4, 0x0
x29 <- 0x0000000000000000

mem[X,0x0000000080001CB0] -> 0x8E93
mem[X,0x0000000080001CB2] -> 0x004E
[1841] [M]: 0x0000000080001CB0 (0x004E8E93) addi t4, t4, 0x4
x29 <- 0x0000000000000004

mem[X,0x0000000080001CB4] -> 0x9E93
mem[X,0x0000000080001CB6] -> 0x00BE
[1842] [M]: 0x0000000080001CB4 (0x00BE9E93) slli t4, t4, 0xb
x29 <- 0x0000000000002000

mem[X,0x0000000080001CB8] -> 0x8E93
mem[X,0x0000000080001CBA] -> 0x008E
[1843] [M]: 0x0000000080001CB8 (0x008E8E93) addi t4, t4, 0x8
x29 <- 0x0000000000002008

mem[X,0x0000000080001CBC] -> 0x9E93
mem[X,0x0000000080001CBE] -> 0x00BE
[1844] [M]: 0x0000000080001CBC (0x00BE9E93) slli t4, t4, 0xb
x29 <- 0x0000000001004000

mem[X,0x0000000080001CC0] -> 0x8E93
mem[X,0x0000000080001CC2] -> 0x03EE
[1845] [M]: 0x0000000080001CC0 (0x03EE8E93) addi t4, t4, 0x3e
x29 <- 0x000000000100403E

mem[X,0x0000000080001CC4] -> 0x9E93
mem[X,0x0000000080001CC6] -> 0x00AE
[1846] [M]: 0x0000000080001CC4 (0x00AE9E93) slli t4, t4, 0xa
x29 <- 0x000000040100F800

mem[X,0x0000000080001CC8] -> 0x8E93
mem[X,0x0000000080001CCA] -> 0x3FFE
[1847] [M]: 0x0000000080001CC8 (0x3FFE8E93) addi t4, t4, 0x3ff
x29 <- 0x000000040100FBFF

mem[X,0x0000000080001CCC] -> 0x7FBB
mem[X,0x0000000080001CCE] -> 0xB9DF
[1848] [M]: 0x0000000080001CCC (0xB9DF7FBB) pmhacc.h.bo t6, t5, t4
x31 <- 0xFFD5FFAAEFF0FFBF

mem[X,0x0000000080001CD0] -> 0xB023
mem[X,0x0000000080001CD2] -> 0x23F0
[1849] [M]: 0x0000000080001CD0 (0x23F0B023) sd t6, 0x220(ra)
mem[0x0000000080004418] <- 0xFFD5FFAAEFF0FFBF

mem[X,0x0000000080001CD4] -> 0xCF37
mem[X,0x0000000080001CD6] -> 0xFFFE
[1850] [M]: 0x0000000080001CD4 (0xFFFECF37) lui t5, -0x14
x30 <- 0xFFFFFFFFFFFEC000

mem[X,0x0000000080001CD8] -> 0x0F13
mem[X,0x0000000080001CDA] -> 0xFFFF
[1851] [M]: 0x0000000080001CD8 (0xFFFF0F13) addi t5, t5, -0x1
x30 <- 0xFFFFFFFFFFFEBFFF

mem[X,0x0000000080001CDC] -> 0x1F13
mem[X,0x0000000080001CDE] -> 0x00BF
[1852] [M]: 0x0000000080001CDC (0x00BF1F13) slli t5, t5, 0xb
x30 <- 0xFFFFFFFFF5FFF800

mem[X,0x0000000080001CE0] -> 0x0F13
mem[X,0x0000000080001CE2] -> 0x7FFF
[1853] [M]: 0x0000000080001CE0 (0x7FFF0F13) addi t5, t5, 0x7ff
x30 <- 0xFFFFFFFFF5FFFFFF

mem[X,0x0000000080001CE4] -> 0x1F13
mem[X,0x0000000080001CE6] -> 0x00BF
[1854] [M]: 0x0000000080001CE4 (0x00BF1F13) slli t5, t5, 0xb
x30 <- 0xFFFFFFAFFFFFF800

mem[X,0x0000000080001CE8] -> 0x0F13
mem[X,0x0000000080001CEA] -> 0x77FF
[1855] [M]: 0x0000000080001CE8 (0x77FF0F13) addi t5, t5, 0x77f
x30 <- 0xFFFFFFAFFFFFFF7F

mem[X,0x0000000080001CEC] -> 0x1F13
mem[X,0x0000000080001CEE] -> 0x00AF
[1856] [M]: 0x0000000080001CEC (0x00AF1F13) slli t5, t5, 0xa
x30 <- 0xFFFEBFFFFFFDFC00

mem[X,0x0000000080001CF0] -> 0x0F13
mem[X,0x0000000080001CF2] -> 0x2FFF
[1857] [M]: 0x0000000080001CF0 (0x2FFF0F13) addi t5, t5, 0x2ff
x30 <- 0xFFFEBFFFFFFDFEFF

mem[X,0x0000000080001CF4] -> 0xFEB7
mem[X,0x0000000080001CF6] -> 0x0002
[1858] [M]: 0x0000000080001CF4 (0x0002FEB7) lui t4, 0x2f
x29 <- 0x000000000002F000

mem[X,0x0000000080001CF8] -> 0x8E93
mem[X,0x0000000080001CFA] -> 0xFFFE
[1859] [M]: 0x0000000080001CF8 (0xFFFE8E93) addi t4, t4, -0x1
x29 <- 0x000000000002EFFF

mem[X,0x0000000080001CFC] -> 0x9E93
mem[X,0x0000000080001CFE] -> 0x00BE
[1860] [M]: 0x0000000080001CFC (0x00BE9E93) slli t4, t4, 0xb
x29 <- 0x00000000177FF800

mem[X,0x0000000080001D00] -> 0x8E93
mem[X,0x0000000080001D02] -> 0x7FFE
[1861] [M]: 0x0000000080001D00 (0x7FFE8E93) addi t4, t4, 0x7ff
x29 <- 0x00000000177FFFFF

mem[X,0x0000000080001D04] -> 0x9E93
mem[X,0x0000000080001D06] -> 0x00BE
[1862] [M]: 0x0000000080001D04 (0x00BE9E93) slli t4, t4, 0xb
x29 <- 0x000000BBFFFFF800

mem[X,0x0000000080001D08] -> 0x8E93
mem[X,0x0000000080001D0A] -> 0x5BFE
[1863] [M]: 0x0000000080001D08 (0x5BFE8E93) addi t4, t4, 0x5bf
x29 <- 0x000000BBFFFFFDBF

mem[X,0x0000000080001D0C] -> 0x9E93
mem[X,0x0000000080001D0E] -> 0x00AE
[1864] [M]: 0x0000000080001D0C (0x00AE9E93) slli t4, t4, 0xa
x29 <- 0x0002EFFFFFF6FC00

mem[X,0x0000000080001D10] -> 0x8E93
mem[X,0x0000000080001D12] -> 0x3F8E
[1865] [M]: 0x0000000080001D10 (0x3F8E8E93) addi t4, t4, 0x3f8
x29 <- 0x0002EFFFFFF6FFF8

mem[X,0x0000000080001D14] -> 0x7FBB
mem[X,0x0000000080001D16] -> 0xB9DF
[1866] [M]: 0x0000000080001D14 (0xB9DF7FBB) pmhacc.h.bo t6, t5, t4
x31 <- 0xFFD5FFAEEFF0FFBF

mem[X,0x0000000080001D18] -> 0xB423
mem[X,0x0000000080001D1A] -> 0x23F0
[1867] [M]: 0x0000000080001D18 (0x23F0B423) sd t6, 0x228(ra)
mem[0x0000000080004420] <- 0xFFD5FFAEEFF0FFBF

mem[X,0x0000000080001D1C] -> 0xBF37
mem[X,0x0000000080001D1E] -> 0x8000
[1868] [M]: 0x0000000080001D1C (0x8000BF37) lui t5, -0x7fff5
x30 <- 0xFFFFFFFF8000B000

mem[X,0x0000000080001D20] -> 0x0F13
mem[X,0x0000000080001D22] -> 0xAAAF
[1869] [M]: 0x0000000080001D20 (0xAAAF0F13) addi t5, t5, -0x556
x30 <- 0xFFFFFFFF8000AAAA

mem[X,0x0000000080001D24] -> 0x1F13
mem[X,0x0000000080001D26] -> 0x00BF
[1870] [M]: 0x0000000080001D24 (0x00BF1F13) slli t5, t5, 0xb
x30 <- 0xFFFFFC0005555000

mem[X,0x0000000080001D28] -> 0x0F13
mem[X,0x0000000080001D2A] -> 0x000F
[1871] [M]: 0x0000000080001D28 (0x000F0F13) addi t5, t5, 0x0
x30 <- 0xFFFFFC0005555000

mem[X,0x0000000080001D2C] -> 0x1F13
mem[X,0x0000000080001D2E] -> 0x00BF
[1872] [M]: 0x0000000080001D2C (0x00BF1F13) slli t5, t5, 0xb
x30 <- 0xFFE0002AAA800000

mem[X,0x0000000080001D30] -> 0x0F13
mem[X,0x0000000080001D32] -> 0x23FF
[1873] [M]: 0x0000000080001D30 (0x23FF0F13) addi t5, t5, 0x23f
x30 <- 0xFFE0002AAA80023F

mem[X,0x0000000080001D34] -> 0x1F13
mem[X,0x0000000080001D36] -> 0x00AF
[1874] [M]: 0x0000000080001D34 (0x00AF1F13) slli t5, t5, 0xa
x30 <- 0x8000AAAA0008FC00

mem[X,0x0000000080001D38] -> 0x0F13
mem[X,0x0000000080001D3A] -> 0x3FFF
[1875] [M]: 0x0000000080001D38 (0x3FFF0F13) addi t5, t5, 0x3ff
x30 <- 0x8000AAAA0008FFFF

mem[X,0x0000000080001D3C] -> 0x0EB7
mem[X,0x0000000080001D3E] -> 0xFFFC
[1876] [M]: 0x0000000080001D3C (0xFFFC0EB7) lui t4, -0x40
x29 <- 0xFFFFFFFFFFFC0000

mem[X,0x0000000080001D40] -> 0x8E93
mem[X,0x0000000080001D42] -> 0x002E
[1877] [M]: 0x0000000080001D40 (0x002E8E93) addi t4, t4, 0x2
x29 <- 0xFFFFFFFFFFFC0002

mem[X,0x0000000080001D44] -> 0x9E93
mem[X,0x0000000080001D46] -> 0x00BE
[1878] [M]: 0x0000000080001D44 (0x00BE9E93) slli t4, t4, 0xb
x29 <- 0xFFFFFFFFE0001000

mem[X,0x0000000080001D48] -> 0x8E93
mem[X,0x0000000080001D4A] -> 0x000E
[1879] [M]: 0x0000000080001D48 (0x000E8E93) addi t4, t4, 0x0
x29 <- 0xFFFFFFFFE0001000

mem[X,0x0000000080001D4C] -> 0x9E93
mem[X,0x0000000080001D4E] -> 0x00BE
[1880] [M]: 0x0000000080001D4C (0x00BE9E93) slli t4, t4, 0xb
x29 <- 0xFFFFFF0000800000

mem[X,0x0000000080001D50] -> 0x8E93
mem[X,0x0000000080001D52] -> 0x1F7E
[1881] [M]: 0x0000000080001D50 (0x1F7E8E93) addi t4, t4, 0x1f7
x29 <- 0xFFFFFF00008001F7

mem[X,0x0000000080001D54] -> 0x9E93
mem[X,0x0000000080001D56] -> 0x00AE
[1882] [M]: 0x0000000080001D54 (0x00AE9E93) slli t4, t4, 0xa
x29 <- 0xFFFC00020007DC00

mem[X,0x0000000080001D58] -> 0x8E93
mem[X,0x0000000080001D5A] -> 0x3FFE
[1883] [M]: 0x0000000080001D58 (0x3FFE8E93) addi t4, t4, 0x3ff
x29 <- 0xFFFC00020007DFFF

mem[X,0x0000000080001D5C] -> 0x7FBB
mem[X,0x0000000080001D5E] -> 0xB9DF
[1884] [M]: 0x0000000080001D5C (0xB9DF7FBB) pmhacc.h.bo t6, t5, t4
x31 <- 0xFFD5FFAEEFF0FFBF

mem[X,0x0000000080001D60] -> 0xB823
mem[X,0x0000000080001D62] -> 0x23F0
[1885] [M]: 0x0000000080001D60 (0x23F0B823) sd t6, 0x230(ra)
mem[0x0000000080004428] <- 0xFFD5FFAEEFF0FFBF

mem[X,0x0000000080001D64] -> 0x0F37
mem[X,0x0000000080001D66] -> 0xFFDF
[1886] [M]: 0x0000000080001D64 (0xFFDF0F37) lui t5, -0x210
x30 <- 0xFFFFFFFFFFDF0000

mem[X,0x0000000080001D68] -> 0x0F13
mem[X,0x0000000080001D6A] -> 0x400F
[1887] [M]: 0x0000000080001D68 (0x400F0F13) addi t5, t5, 0x400
x30 <- 0xFFFFFFFFFFDF0400

mem[X,0x0000000080001D6C] -> 0x1F13
mem[X,0x0000000080001D6E] -> 0x00BF
[1888] [M]: 0x0000000080001D6C (0x00BF1F13) slli t5, t5, 0xb
x30 <- 0xFFFFFFFEF8200000

mem[X,0x0000000080001D70] -> 0x0F13
mem[X,0x0000000080001D72] -> 0x1FFF
[1889] [M]: 0x0000000080001D70 (0x1FFF0F13) addi t5, t5, 0x1ff
x30 <- 0xFFFFFFFEF82001FF

mem[X,0x0000000080001D74] -> 0x1F13
mem[X,0x0000000080001D76] -> 0x00BF
[1890] [M]: 0x0000000080001D74 (0x00BF1F13) slli t5, t5, 0xb
x30 <- 0xFFFFF7C1000FF800

mem[X,0x0000000080001D78] -> 0x0F13
mem[X,0x0000000080001D7A] -> 0x7C0F
[1891] [M]: 0x0000000080001D78 (0x7C0F0F13) addi t5, t5, 0x7c0
x30 <- 0xFFFFF7C1000FFFC0

mem[X,0x0000000080001D7C] -> 0x1F13
mem[X,0x0000000080001D7E] -> 0x00AF
[1892] [M]: 0x0000000080001D7C (0x00AF1F13) slli t5, t5, 0xa
x30 <- 0xFFDF04003FFF0000

mem[X,0x0000000080001D80] -> 0x0EB7
mem[X,0x0000000080001D82] -> 0x0101
[1893] [M]: 0x0000000080001D80 (0x01010EB7) lui t4, 0x1010
x29 <- 0x0000000001010000

mem[X,0x0000000080001D84] -> 0x8E93
mem[X,0x0000000080001D86] -> 0xFFBE
[1894] [M]: 0x0000000080001D84 (0xFFBE8E93) addi t4, t4, -0x5
x29 <- 0x000000000100FFFB

mem[X,0x0000000080001D88] -> 0x9E93
mem[X,0x0000000080001D8A] -> 0x00BE
[1895] [M]: 0x0000000080001D88 (0x00BE9E93) slli t4, t4, 0xb
x29 <- 0x0000000807FFD800

mem[X,0x0000000080001D8C] -> 0x8E93
mem[X,0x0000000080001D8E] -> 0x7FFE
[1896] [M]: 0x0000000080001D8C (0x7FFE8E93) addi t4, t4, 0x7ff
x29 <- 0x0000000807FFDFFF

mem[X,0x0000000080001D90] -> 0x9E93
mem[X,0x0000000080001D92] -> 0x00BE
[1897] [M]: 0x0000000080001D90 (0x00BE9E93) slli t4, t4, 0xb
x29 <- 0x0000403FFEFFF800

mem[X,0x0000000080001D94] -> 0x8E93
mem[X,0x0000000080001D96] -> 0x5FFE
[1898] [M]: 0x0000000080001D94 (0x5FFE8E93) addi t4, t4, 0x5ff
x29 <- 0x0000403FFEFFFDFF

mem[X,0x0000000080001D98] -> 0x9E93
mem[X,0x0000000080001D9A] -> 0x00AE
[1899] [M]: 0x0000000080001D98 (0x00AE9E93) slli t4, t4, 0xa
x29 <- 0x0100FFFBFFF7FC00

clint::tick mtime <- 0x0000000000000013
 clint timer pending at mtime 0x0000000000000013
htif::tick 0x0000000000000000
mem[X,0x0000000080001D9C] -> 0x8E93
mem[X,0x0000000080001D9E] -> 0x3EFE
[1900] [M]: 0x0000000080001D9C (0x3EFE8E93) addi t4, t4, 0x3ef
x29 <- 0x0100FFFBFFF7FFEF

mem[X,0x0000000080001DA0] -> 0x7FBB
mem[X,0x0000000080001DA2] -> 0xB9DF
[1901] [M]: 0x0000000080001DA0 (0xB9DF7FBB) pmhacc.h.bo t6, t5, t4
x31 <- 0xFFD4FFADEFEFFFBF

mem[X,0x0000000080001DA4] -> 0xBC23
mem[X,0x0000000080001DA6] -> 0x23F0
[1902] [M]: 0x0000000080001DA4 (0x23F0BC23) sd t6, 0x238(ra)
mem[0x0000000080004430] <- 0xFFD4FFADEFEFFFBF

mem[X,0x0000000080001DA8] -> 0x006F
mem[X,0x0000000080001DAA] -> 0x0380
[1903] [M]: 0x0000000080001DA8 (0x0380006F) jal zero, 0x38

mem[X,0x0000000080001DE0] -> 0x0093
mem[X,0x0000000080001DE2] -> 0x0010
[1904] [M]: 0x0000000080001DE0 (0x00100093) addi ra, zero, 0x1
x1 <- 0x0000000000000001

mem[X,0x0000000080001DE4] -> 0x0F17
mem[X,0x0000000080001DE6] -> 0x0000
[1905] [M]: 0x0000000080001DE4 (0x00000F17) auipc t5, 0x0
x30 <- 0x0000000080001DE4

mem[X,0x0000000080001DE8] -> 0x2E23
mem[X,0x0000000080001DEA] -> 0x201F
[1906] [M]: 0x0000000080001DE8 (0x201F2E23) sw ra, 0x21c(t5)
htif[0x0000000080002000] <- 0x00000001

mem[X,0x0000000080001DEC] -> 0xF06F
mem[X,0x0000000080001DEE] -> 0xFF9F
[1907] [M]: 0x0000000080001DEC (0xFF9FF06F) jal zero, -0x8

mem[X,0x0000000080001DE4] -> 0x0F17
mem[X,0x0000000080001DE6] -> 0x0000
[1908] [M]: 0x0000000080001DE4 (0x00000F17) auipc t5, 0x0
x30 <- 0x0000000080001DE4

mem[X,0x0000000080001DE8] -> 0x2E23
mem[X,0x0000000080001DEA] -> 0x201F
[1909] [M]: 0x0000000080001DE8 (0x201F2E23) sw ra, 0x21c(t5)
htif[0x0000000080002000] <- 0x00000001

mem[X,0x0000000080001DEC] -> 0xF06F
mem[X,0x0000000080001DEE] -> 0xFF9F
[1910] [M]: 0x0000000080001DEC (0xFF9FF06F) jal zero, -0x8

mem[X,0x0000000080001DE4] -> 0x0F17
mem[X,0x0000000080001DE6] -> 0x0000
[1911] [M]: 0x0000000080001DE4 (0x00000F17) auipc t5, 0x0
x30 <- 0x0000000080001DE4

mem[X,0x0000000080001DE8] -> 0x2E23
mem[X,0x0000000080001DEA] -> 0x201F
[1912] [M]: 0x0000000080001DE8 (0x201F2E23) sw ra, 0x21c(t5)
htif[0x0000000080002000] <- 0x00000001
htif-syscall-proxy cmd: 0x000000000001

SUCCESS
