using /home/chsu/rvp-workspace/test-64/riscof_work/paas.wx-01.S/ref/Reference-sail_c_simulator.signature for test-signature output.
tohost located at 0x80003000
Running file ref.elf.
ELF Entry @ 0x80000000
begin_signature: 0x80005110
end_signature: 0x800055a0
CSR mstatus <- 0x0000000A00000000 (input: 0x0000000000000000)
mem[X,0x0000000000001000] -> 0x0297
mem[X,0x0000000000001002] -> 0x0000
[0] [M]: 0x0000000000001000 (0x00000297) auipc t0, 0x0
x5 <- 0x0000000000001000

mem[X,0x0000000000001004] -> 0x8593
mem[X,0x0000000000001006] -> 0x0202
[1] [M]: 0x0000000000001004 (0x02028593) addi a1, t0, 0x20
x11 <- 0x0000000000001020

mem[X,0x0000000000001008] -> 0x2573
mem[X,0x000000000000100A] -> 0xF140
[2] [M]: 0x0000000000001008 (0xF1402573) csrrs a0, mhartid, zero
CSR mhartid -> 0x0000000000000000
x10 <- 0x0000000000000000

mem[X,0x000000000000100C] -> 0xB283
mem[X,0x000000000000100E] -> 0x0182
[3] [M]: 0x000000000000100C (0x0182B283) ld t0, 0x18(t0)
mem[R,0x0000000000001018] -> 0x0000000080000000
x5 <- 0x0000000080000000

mem[X,0x0000000000001010] -> 0x8067
mem[X,0x0000000000001012] -> 0x0002
[4] [M]: 0x0000000000001010 (0x00028067) jalr zero, 0x0(t0)

mem[X,0x0000000080000000] -> 0x0837
mem[X,0x0000000080000002] -> 0x7D5C
[5] [M]: 0x0000000080000000 (0x7D5C0837) lui a6, 0x7d5c0
x16 <- 0x000000007D5C0000

mem[X,0x0000000080000004] -> 0x0813
mem[X,0x0000000080000006] -> 0xDDB8
[6] [M]: 0x0000000080000004 (0xDDB80813) addi a6, a6, -0x225
x16 <- 0x000000007D5BFDDB

mem[X,0x0000000080000008] -> 0x1813
mem[X,0x000000008000000A] -> 0x00B8
[7] [M]: 0x0000000080000008 (0x00B81813) slli a6, a6, 0xb
x16 <- 0x000003EADFEED800

mem[X,0x000000008000000C] -> 0x0813
mem[X,0x000000008000000E] -> 0x3EA8
[8] [M]: 0x000000008000000C (0x3EA80813) addi a6, a6, 0x3ea
x16 <- 0x000003EADFEEDBEA

mem[X,0x0000000080000010] -> 0x1813
mem[X,0x0000000080000012] -> 0x00B8
[9] [M]: 0x0000000080000010 (0x00B81813) slli a6, a6, 0xb
x16 <- 0x001F56FF76DF5000

mem[X,0x0000000080000014] -> 0x0813
mem[X,0x0000000080000016] -> 0x6FF8
[10] [M]: 0x0000000080000014 (0x6FF80813) addi a6, a6, 0x6ff
x16 <- 0x001F56FF76DF56FF

mem[X,0x0000000080000018] -> 0x1813
mem[X,0x000000008000001A] -> 0x00A8
[11] [M]: 0x0000000080000018 (0x00A81813) slli a6, a6, 0xa
x16 <- 0x7D5BFDDB7D5BFC00

mem[X,0x000000008000001C] -> 0x0813
mem[X,0x000000008000001E] -> 0x1DB8
[12] [M]: 0x000000008000001C (0x1DB80813) addi a6, a6, 0x1db
x16 <- 0x7D5BFDDB7D5BFDDB

mem[X,0x0000000080000020] -> 0x5893
mem[X,0x0000000080000022] -> 0x0078
[13] [M]: 0x0000000080000020 (0x00785893) srli a7, a6, 0x7
x17 <- 0x00FAB7FBB6FAB7FB

mem[X,0x0000000080000024] -> 0x5793
mem[X,0x0000000080000026] -> 0x0398
[14] [M]: 0x0000000080000024 (0x03985793) srli a5, a6, 0x39
x15 <- 0x000000000000003E

mem[X,0x0000000080000028] -> 0xE8B3
mem[X,0x000000008000002A] -> 0x00F8
[15] [M]: 0x0000000080000028 (0x00F8E8B3) or a7, a7, a5
x17 <- 0x00FAB7FBB6FAB7FF

mem[X,0x000000008000002C] -> 0xD913
mem[X,0x000000008000002E] -> 0x0078
[16] [M]: 0x000000008000002C (0x0078D913) srli s2, a7, 0x7
x18 <- 0x0001F56FF76DF56F

mem[X,0x0000000080000030] -> 0xD793
mem[X,0x0000000080000032] -> 0x0398
[17] [M]: 0x0000000080000030 (0x0398D793) srli a5, a7, 0x39
x15 <- 0x0000000000000000

mem[X,0x0000000080000034] -> 0x6933
mem[X,0x0000000080000036] -> 0x00F9
[18] [M]: 0x0000000080000034 (0x00F96933) or s2, s2, a5
x18 <- 0x0001F56FF76DF56F

mem[X,0x0000000080000038] -> 0x5993
mem[X,0x000000008000003A] -> 0x0079
[19] [M]: 0x0000000080000038 (0x00795993) srli s3, s2, 0x7
x19 <- 0x000003EADFEEDBEA

mem[X,0x000000008000003C] -> 0x5793
mem[X,0x000000008000003E] -> 0x0399
[20] [M]: 0x000000008000003C (0x03995793) srli a5, s2, 0x39
x15 <- 0x0000000000000000

mem[X,0x0000000080000040] -> 0xE9B3
mem[X,0x0000000080000042] -> 0x00F9
[21] [M]: 0x0000000080000040 (0x00F9E9B3) or s3, s3, a5
x19 <- 0x000003EADFEEDBEA

mem[X,0x0000000080000044] -> 0xDA13
mem[X,0x0000000080000046] -> 0x0079
[22] [M]: 0x0000000080000044 (0x0079DA13) srli s4, s3, 0x7
x20 <- 0x00000007D5BFDDB7

mem[X,0x0000000080000048] -> 0xD793
mem[X,0x000000008000004A] -> 0x0399
[23] [M]: 0x0000000080000048 (0x0399D793) srli a5, s3, 0x39
x15 <- 0x0000000000000000

mem[X,0x000000008000004C] -> 0x6A33
mem[X,0x000000008000004E] -> 0x00FA
[24] [M]: 0x000000008000004C (0x00FA6A33) or s4, s4, a5
x20 <- 0x00000007D5BFDDB7

mem[X,0x0000000080000050] -> 0x5A93
mem[X,0x0000000080000052] -> 0x007A
[25] [M]: 0x0000000080000050 (0x007A5A93) srli s5, s4, 0x7
x21 <- 0x000000000FAB7FBB

mem[X,0x0000000080000054] -> 0x5793
mem[X,0x0000000080000056] -> 0x039A
[26] [M]: 0x0000000080000054 (0x039A5793) srli a5, s4, 0x39
x15 <- 0x0000000000000000

mem[X,0x0000000080000058] -> 0xEAB3
mem[X,0x000000008000005A] -> 0x00FA
[27] [M]: 0x0000000080000058 (0x00FAEAB3) or s5, s5, a5
x21 <- 0x000000000FAB7FBB

mem[X,0x000000008000005C] -> 0xDB13
mem[X,0x000000008000005E] -> 0x007A
[28] [M]: 0x000000008000005C (0x007ADB13) srli s6, s5, 0x7
x22 <- 0x00000000001F56FF

mem[X,0x0000000080000060] -> 0xD793
mem[X,0x0000000080000062] -> 0x039A
[29] [M]: 0x0000000080000060 (0x039AD793) srli a5, s5, 0x39
x15 <- 0x0000000000000000

mem[X,0x0000000080000064] -> 0x6B33
mem[X,0x0000000080000066] -> 0x00FB
[30] [M]: 0x0000000080000064 (0x00FB6B33) or s6, s6, a5
x22 <- 0x00000000001F56FF

mem[X,0x0000000080000068] -> 0x5B93
mem[X,0x000000008000006A] -> 0x007B
[31] [M]: 0x0000000080000068 (0x007B5B93) srli s7, s6, 0x7
x23 <- 0x0000000000003EAD

mem[X,0x000000008000006C] -> 0x5793
mem[X,0x000000008000006E] -> 0x039B
[32] [M]: 0x000000008000006C (0x039B5793) srli a5, s6, 0x39
x15 <- 0x0000000000000000

mem[X,0x0000000080000070] -> 0xEBB3
mem[X,0x0000000080000072] -> 0x00FB
[33] [M]: 0x0000000080000070 (0x00FBEBB3) or s7, s7, a5
x23 <- 0x0000000000003EAD

mem[X,0x0000000080000074] -> 0xDC13
mem[X,0x0000000080000076] -> 0x007B
[34] [M]: 0x0000000080000074 (0x007BDC13) srli s8, s7, 0x7
x24 <- 0x000000000000007D

mem[X,0x0000000080000078] -> 0xD793
mem[X,0x000000008000007A] -> 0x039B
[35] [M]: 0x0000000080000078 (0x039BD793) srli a5, s7, 0x39
x15 <- 0x0000000000000000

mem[X,0x000000008000007C] -> 0x6C33
mem[X,0x000000008000007E] -> 0x00FC
[36] [M]: 0x000000008000007C (0x00FC6C33) or s8, s8, a5
x24 <- 0x000000000000007D

mem[X,0x0000000080000080] -> 0x5C93
mem[X,0x0000000080000082] -> 0x007C
[37] [M]: 0x0000000080000080 (0x007C5C93) srli s9, s8, 0x7
x25 <- 0x0000000000000000

mem[X,0x0000000080000084] -> 0x5793
mem[X,0x0000000080000086] -> 0x039C
[38] [M]: 0x0000000080000084 (0x039C5793) srli a5, s8, 0x39
x15 <- 0x0000000000000000

mem[X,0x0000000080000088] -> 0xECB3
mem[X,0x000000008000008A] -> 0x00FC
[39] [M]: 0x0000000080000088 (0x00FCECB3) or s9, s9, a5
x25 <- 0x0000000000000000

mem[X,0x000000008000008C] -> 0xDD13
mem[X,0x000000008000008E] -> 0x007C
[40] [M]: 0x000000008000008C (0x007CDD13) srli s10, s9, 0x7
x26 <- 0x0000000000000000

mem[X,0x0000000080000090] -> 0xD793
mem[X,0x0000000080000092] -> 0x039C
[41] [M]: 0x0000000080000090 (0x039CD793) srli a5, s9, 0x39
x15 <- 0x0000000000000000

mem[X,0x0000000080000094] -> 0x6D33
mem[X,0x0000000080000096] -> 0x00FD
[42] [M]: 0x0000000080000094 (0x00FD6D33) or s10, s10, a5
x26 <- 0x0000000000000000

mem[X,0x0000000080000098] -> 0x5D93
mem[X,0x000000008000009A] -> 0x007D
[43] [M]: 0x0000000080000098 (0x007D5D93) srli s11, s10, 0x7
x27 <- 0x0000000000000000

mem[X,0x000000008000009C] -> 0x5793
mem[X,0x000000008000009E] -> 0x039D
[44] [M]: 0x000000008000009C (0x039D5793) srli a5, s10, 0x39
x15 <- 0x0000000000000000

mem[X,0x00000000800000A0] -> 0xEDB3
mem[X,0x00000000800000A2] -> 0x00FD
[45] [M]: 0x00000000800000A0 (0x00FDEDB3) or s11, s11, a5
x27 <- 0x0000000000000000

mem[X,0x00000000800000A4] -> 0xDE13
mem[X,0x00000000800000A6] -> 0x007D
[46] [M]: 0x00000000800000A4 (0x007DDE13) srli t3, s11, 0x7
x28 <- 0x0000000000000000

mem[X,0x00000000800000A8] -> 0xD793
mem[X,0x00000000800000AA] -> 0x039D
[47] [M]: 0x00000000800000A8 (0x039DD793) srli a5, s11, 0x39
x15 <- 0x0000000000000000

mem[X,0x00000000800000AC] -> 0x6E33
mem[X,0x00000000800000AE] -> 0x00FE
[48] [M]: 0x00000000800000AC (0x00FE6E33) or t3, t3, a5
x28 <- 0x0000000000000000

mem[X,0x00000000800000B0] -> 0x5E93
mem[X,0x00000000800000B2] -> 0x007E
[49] [M]: 0x00000000800000B0 (0x007E5E93) srli t4, t3, 0x7
x29 <- 0x0000000000000000

mem[X,0x00000000800000B4] -> 0x5793
mem[X,0x00000000800000B6] -> 0x039E
[50] [M]: 0x00000000800000B4 (0x039E5793) srli a5, t3, 0x39
x15 <- 0x0000000000000000

mem[X,0x00000000800000B8] -> 0xEEB3
mem[X,0x00000000800000BA] -> 0x00FE
[51] [M]: 0x00000000800000B8 (0x00FEEEB3) or t4, t4, a5
x29 <- 0x0000000000000000

mem[X,0x00000000800000BC] -> 0xDF13
mem[X,0x00000000800000BE] -> 0x007E
[52] [M]: 0x00000000800000BC (0x007EDF13) srli t5, t4, 0x7
x30 <- 0x0000000000000000

mem[X,0x00000000800000C0] -> 0xD793
mem[X,0x00000000800000C2] -> 0x039E
[53] [M]: 0x00000000800000C0 (0x039ED793) srli a5, t4, 0x39
x15 <- 0x0000000000000000

mem[X,0x00000000800000C4] -> 0x6F33
mem[X,0x00000000800000C6] -> 0x00FF
[54] [M]: 0x00000000800000C4 (0x00FF6F33) or t5, t5, a5
x30 <- 0x0000000000000000

mem[X,0x00000000800000C8] -> 0xC0B7
mem[X,0x00000000800000CA] -> 0xFEED
[55] [M]: 0x00000000800000C8 (0xFEEDC0B7) lui ra, -0x1124
x1 <- 0xFFFFFFFFFEEDC000

mem[X,0x00000000800000CC] -> 0x8093
mem[X,0x00000000800000CE] -> 0xEAD0
[56] [M]: 0x00000000800000CC (0xEAD08093) addi ra, ra, -0x153
x1 <- 0xFFFFFFFFFEEDBEAD

mem[X,0x00000000800000D0] -> 0x9093
mem[X,0x00000000800000D2] -> 0x00B0
[57] [M]: 0x00000000800000D0 (0x00B09093) slli ra, ra, 0xb
x1 <- 0xFFFFFFF76DF56800

mem[X,0x00000000800000D4] -> 0x8093
mem[X,0x00000000800000D6] -> 0x7F70
[58] [M]: 0x00000000800000D4 (0x7F708093) addi ra, ra, 0x7f7
x1 <- 0xFFFFFFF76DF56FF7

mem[X,0x00000000800000D8] -> 0x9093
mem[X,0x00000000800000DA] -> 0x00B0
[59] [M]: 0x00000000800000D8 (0x00B09093) slli ra, ra, 0xb
x1 <- 0xFFFFBB6FAB7FB800

mem[X,0x00000000800000DC] -> 0x8093
mem[X,0x00000000800000DE] -> 0x36F0
[60] [M]: 0x00000000800000DC (0x36F08093) addi ra, ra, 0x36f
x1 <- 0xFFFFBB6FAB7FBB6F

mem[X,0x00000000800000E0] -> 0x9093
mem[X,0x00000000800000E2] -> 0x00A0
[61] [M]: 0x00000000800000E0 (0x00A09093) slli ra, ra, 0xa
x1 <- 0xFEEDBEADFEEDBC00

mem[X,0x00000000800000E4] -> 0x8093
mem[X,0x00000000800000E6] -> 0x2AD0
[62] [M]: 0x00000000800000E4 (0x2AD08093) addi ra, ra, 0x2ad
x1 <- 0xFEEDBEADFEEDBEAD

mem[X,0x00000000800000E8] -> 0xD113
mem[X,0x00000000800000EA] -> 0x0070
[63] [M]: 0x00000000800000E8 (0x0070D113) srli sp, ra, 0x7
x2 <- 0x01FDDB7D5BFDDB7D

mem[X,0x00000000800000EC] -> 0xD793
mem[X,0x00000000800000EE] -> 0x0390
[64] [M]: 0x00000000800000EC (0x0390D793) srli a5, ra, 0x39
x15 <- 0x000000000000007F

mem[X,0x00000000800000F0] -> 0x6133
mem[X,0x00000000800000F2] -> 0x00F1
[65] [M]: 0x00000000800000F0 (0x00F16133) or sp, sp, a5
x2 <- 0x01FDDB7D5BFDDB7F

mem[X,0x00000000800000F4] -> 0x5193
mem[X,0x00000000800000F6] -> 0x0071
[66] [M]: 0x00000000800000F4 (0x00715193) srli gp, sp, 0x7
x3 <- 0x0003FBB6FAB7FBB6

mem[X,0x00000000800000F8] -> 0x5793
mem[X,0x00000000800000FA] -> 0x0391
[67] [M]: 0x00000000800000F8 (0x03915793) srli a5, sp, 0x39
x15 <- 0x0000000000000000

mem[X,0x00000000800000FC] -> 0xE1B3
mem[X,0x00000000800000FE] -> 0x00F1
[68] [M]: 0x00000000800000FC (0x00F1E1B3) or gp, gp, a5
x3 <- 0x0003FBB6FAB7FBB6

mem[X,0x0000000080000100] -> 0xD213
mem[X,0x0000000080000102] -> 0x0071
[69] [M]: 0x0000000080000100 (0x0071D213) srli tp, gp, 0x7
x4 <- 0x000007F76DF56FF7

mem[X,0x0000000080000104] -> 0xD793
mem[X,0x0000000080000106] -> 0x0391
[70] [M]: 0x0000000080000104 (0x0391D793) srli a5, gp, 0x39
x15 <- 0x0000000000000000

mem[X,0x0000000080000108] -> 0x6233
mem[X,0x000000008000010A] -> 0x00F2
[71] [M]: 0x0000000080000108 (0x00F26233) or tp, tp, a5
x4 <- 0x000007F76DF56FF7

mem[X,0x000000008000010C] -> 0x5293
mem[X,0x000000008000010E] -> 0x0072
[72] [M]: 0x000000008000010C (0x00725293) srli t0, tp, 0x7
x5 <- 0x0000000FEEDBEADF

mem[X,0x0000000080000110] -> 0x5793
mem[X,0x0000000080000112] -> 0x0392
[73] [M]: 0x0000000080000110 (0x03925793) srli a5, tp, 0x39
x15 <- 0x0000000000000000

mem[X,0x0000000080000114] -> 0xE2B3
mem[X,0x0000000080000116] -> 0x00F2
[74] [M]: 0x0000000080000114 (0x00F2E2B3) or t0, t0, a5
x5 <- 0x0000000FEEDBEADF

mem[X,0x0000000080000118] -> 0xD313
mem[X,0x000000008000011A] -> 0x0072
[75] [M]: 0x0000000080000118 (0x0072D313) srli t1, t0, 0x7
x6 <- 0x000000001FDDB7D5

mem[X,0x000000008000011C] -> 0xD793
mem[X,0x000000008000011E] -> 0x0392
[76] [M]: 0x000000008000011C (0x0392D793) srli a5, t0, 0x39
x15 <- 0x0000000000000000

mem[X,0x0000000080000120] -> 0x6333
mem[X,0x0000000080000122] -> 0x00F3
[77] [M]: 0x0000000080000120 (0x00F36333) or t1, t1, a5
x6 <- 0x000000001FDDB7D5

mem[X,0x0000000080000124] -> 0x5393
mem[X,0x0000000080000126] -> 0x0073
[78] [M]: 0x0000000080000124 (0x00735393) srli t2, t1, 0x7
x7 <- 0x00000000003FBB6F

mem[X,0x0000000080000128] -> 0x5793
mem[X,0x000000008000012A] -> 0x0393
[79] [M]: 0x0000000080000128 (0x03935793) srli a5, t1, 0x39
x15 <- 0x0000000000000000

mem[X,0x000000008000012C] -> 0xE3B3
mem[X,0x000000008000012E] -> 0x00F3
[80] [M]: 0x000000008000012C (0x00F3E3B3) or t2, t2, a5
x7 <- 0x00000000003FBB6F

mem[X,0x0000000080000130] -> 0xD413
mem[X,0x0000000080000132] -> 0x0073
[81] [M]: 0x0000000080000130 (0x0073D413) srli fp, t2, 0x7
x8 <- 0x0000000000007F76

mem[X,0x0000000080000134] -> 0xD793
mem[X,0x0000000080000136] -> 0x0393
[82] [M]: 0x0000000080000134 (0x0393D793) srli a5, t2, 0x39
x15 <- 0x0000000000000000

mem[X,0x0000000080000138] -> 0x6433
mem[X,0x000000008000013A] -> 0x00F4
[83] [M]: 0x0000000080000138 (0x00F46433) or fp, fp, a5
x8 <- 0x0000000000007F76

mem[X,0x000000008000013C] -> 0x5493
mem[X,0x000000008000013E] -> 0x0074
[84] [M]: 0x000000008000013C (0x00745493) srli s1, fp, 0x7
x9 <- 0x00000000000000FE

mem[X,0x0000000080000140] -> 0x5793
mem[X,0x0000000080000142] -> 0x0394
[85] [M]: 0x0000000080000140 (0x03945793) srli a5, fp, 0x39
x15 <- 0x0000000000000000

mem[X,0x0000000080000144] -> 0xE4B3
mem[X,0x0000000080000146] -> 0x00F4
[86] [M]: 0x0000000080000144 (0x00F4E4B3) or s1, s1, a5
x9 <- 0x00000000000000FE

mem[X,0x0000000080000148] -> 0xD513
mem[X,0x000000008000014A] -> 0x0074
[87] [M]: 0x0000000080000148 (0x0074D513) srli a0, s1, 0x7
x10 <- 0x0000000000000001

mem[X,0x000000008000014C] -> 0xD793
mem[X,0x000000008000014E] -> 0x0394
[88] [M]: 0x000000008000014C (0x0394D793) srli a5, s1, 0x39
x15 <- 0x0000000000000000

mem[X,0x0000000080000150] -> 0x6533
mem[X,0x0000000080000152] -> 0x00F5
[89] [M]: 0x0000000080000150 (0x00F56533) or a0, a0, a5
x10 <- 0x0000000000000001

mem[X,0x0000000080000154] -> 0x5593
mem[X,0x0000000080000156] -> 0x0075
[90] [M]: 0x0000000080000154 (0x00755593) srli a1, a0, 0x7
x11 <- 0x0000000000000000

mem[X,0x0000000080000158] -> 0x5793
mem[X,0x000000008000015A] -> 0x0395
[91] [M]: 0x0000000080000158 (0x03955793) srli a5, a0, 0x39
x15 <- 0x0000000000000000

mem[X,0x000000008000015C] -> 0xE5B3
mem[X,0x000000008000015E] -> 0x00F5
[92] [M]: 0x000000008000015C (0x00F5E5B3) or a1, a1, a5
x11 <- 0x0000000000000000

mem[X,0x0000000080000160] -> 0xD613
mem[X,0x0000000080000162] -> 0x0075
[93] [M]: 0x0000000080000160 (0x0075D613) srli a2, a1, 0x7
x12 <- 0x0000000000000000

mem[X,0x0000000080000164] -> 0xD793
mem[X,0x0000000080000166] -> 0x0395
[94] [M]: 0x0000000080000164 (0x0395D793) srli a5, a1, 0x39
x15 <- 0x0000000000000000

mem[X,0x0000000080000168] -> 0x6633
mem[X,0x000000008000016A] -> 0x00F6
[95] [M]: 0x0000000080000168 (0x00F66633) or a2, a2, a5
x12 <- 0x0000000000000000

mem[X,0x000000008000016C] -> 0x5693
mem[X,0x000000008000016E] -> 0x0076
[96] [M]: 0x000000008000016C (0x00765693) srli a3, a2, 0x7
x13 <- 0x0000000000000000

mem[X,0x0000000080000170] -> 0x5793
mem[X,0x0000000080000172] -> 0x0396
[97] [M]: 0x0000000080000170 (0x03965793) srli a5, a2, 0x39
x15 <- 0x0000000000000000

mem[X,0x0000000080000174] -> 0xE6B3
mem[X,0x0000000080000176] -> 0x00F6
[98] [M]: 0x0000000080000174 (0x00F6E6B3) or a3, a3, a5
x13 <- 0x0000000000000000

mem[X,0x0000000080000178] -> 0x0013
mem[X,0x000000008000017A] -> 0x0000
[99] [M]: 0x0000000080000178 (0x00000013) addi zero, zero, 0x0

clint::tick mtime <- 0x0000000000000001
 clint timer pending at mtime 0x0000000000000001
htif::tick 0x0000000000000000
mem[X,0x000000008000017C] -> 0x0013
mem[X,0x000000008000017E] -> 0x0000
[100] [M]: 0x000000008000017C (0x00000013) addi zero, zero, 0x0

mem[X,0x0000000080000180] -> 0x5417
mem[X,0x0000000080000182] -> 0x0000
[101] [M]: 0x0000000080000180 (0x00005417) auipc fp, 0x5
x8 <- 0x0000000080005180

mem[X,0x0000000080000184] -> 0x0413
mem[X,0x0000000080000186] -> 0xF984
[102] [M]: 0x0000000080000184 (0xF9840413) addi fp, fp, -0x68
x8 <- 0x0000000080005118

mem[X,0x0000000080000188] -> 0x0013
mem[X,0x000000008000018A] -> 0x0000
[103] [M]: 0x0000000080000188 (0x00000013) addi zero, zero, 0x0

mem[X,0x000000008000018C] -> 0x0013
mem[X,0x000000008000018E] -> 0x0000
[104] [M]: 0x000000008000018C (0x00000013) addi zero, zero, 0x0

mem[X,0x0000000080000190] -> 0x0013
mem[X,0x0000000080000192] -> 0x0000
[105] [M]: 0x0000000080000190 (0x00000013) addi zero, zero, 0x0

mem[X,0x0000000080000194] -> 0x0013
mem[X,0x0000000080000196] -> 0x0000
[106] [M]: 0x0000000080000194 (0x00000013) addi zero, zero, 0x0

mem[X,0x0000000080000198] -> 0x0013
mem[X,0x000000008000019A] -> 0x0000
[107] [M]: 0x0000000080000198 (0x00000013) addi zero, zero, 0x0

mem[X,0x000000008000019C] -> 0x0013
mem[X,0x000000008000019E] -> 0x0000
[108] [M]: 0x000000008000019C (0x00000013) addi zero, zero, 0x0

mem[X,0x00000000800001A0] -> 0x0C37
mem[X,0x00000000800001A2] -> 0x0000
[109] [M]: 0x00000000800001A0 (0x00000C37) lui s8, 0x0
x24 <- 0x0000000000000000

mem[X,0x00000000800001A4] -> 0x0C13
mem[X,0x00000000800001A6] -> 0xFFBC
[110] [M]: 0x00000000800001A4 (0xFFBC0C13) addi s8, s8, -0x5
x24 <- 0xFFFFFFFFFFFFFFFB

mem[X,0x00000000800001A8] -> 0x1C13
mem[X,0x00000000800001AA] -> 0x00BC
[111] [M]: 0x00000000800001A8 (0x00BC1C13) slli s8, s8, 0xb
x24 <- 0xFFFFFFFFFFFFD800

mem[X,0x00000000800001AC] -> 0x0C13
mem[X,0x00000000800001AE] -> 0x400C
[112] [M]: 0x00000000800001AC (0x400C0C13) addi s8, s8, 0x400
x24 <- 0xFFFFFFFFFFFFDC00

mem[X,0x00000000800001B0] -> 0x1C13
mem[X,0x00000000800001B2] -> 0x00BC
[113] [M]: 0x00000000800001B0 (0x00BC1C13) slli s8, s8, 0xb
x24 <- 0xFFFFFFFFFEE00000

mem[X,0x00000000800001B4] -> 0x0C13
mem[X,0x00000000800001B6] -> 0x000C
[114] [M]: 0x00000000800001B4 (0x000C0C13) addi s8, s8, 0x0
x24 <- 0xFFFFFFFFFEE00000

mem[X,0x00000000800001B8] -> 0x1C13
mem[X,0x00000000800001BA] -> 0x00AC
[115] [M]: 0x00000000800001B8 (0x00AC1C13) slli s8, s8, 0xa
x24 <- 0xFFFFFFFB80000000

mem[X,0x00000000800001BC] -> 0x0C37
mem[X,0x00000000800001BE] -> 0xFF80
[116] [M]: 0x00000000800001BC (0xFF800C37) lui s8, -0x800
x24 <- 0xFFFFFFFFFF800000

mem[X,0x00000000800001C0] -> 0x0C13
mem[X,0x00000000800001C2] -> 0xFFFC
[117] [M]: 0x00000000800001C0 (0xFFFC0C13) addi s8, s8, -0x1
x24 <- 0xFFFFFFFFFF7FFFFF

mem[X,0x00000000800001C4] -> 0x1C13
mem[X,0x00000000800001C6] -> 0x00BC
[118] [M]: 0x00000000800001C4 (0x00BC1C13) slli s8, s8, 0xb
x24 <- 0xFFFFFFFBFFFFF800

mem[X,0x00000000800001C8] -> 0x0C13
mem[X,0x00000000800001CA] -> 0x7FFC
[119] [M]: 0x00000000800001C8 (0x7FFC0C13) addi s8, s8, 0x7ff
x24 <- 0xFFFFFFFBFFFFFFFF

mem[X,0x00000000800001CC] -> 0x1C13
mem[X,0x00000000800001CE] -> 0x00BC
[120] [M]: 0x00000000800001CC (0x00BC1C13) slli s8, s8, 0xb
x24 <- 0xFFFFDFFFFFFFF800

mem[X,0x00000000800001D0] -> 0x0C13
mem[X,0x00000000800001D2] -> 0x77FC
[121] [M]: 0x00000000800001D0 (0x77FC0C13) addi s8, s8, 0x77f
x24 <- 0xFFFFDFFFFFFFFF7F

mem[X,0x00000000800001D4] -> 0x1C13
mem[X,0x00000000800001D6] -> 0x00AC
[122] [M]: 0x00000000800001D4 (0x00AC1C13) slli s8, s8, 0xa
x24 <- 0xFF7FFFFFFFFDFC00

mem[X,0x00000000800001D8] -> 0x0C13
mem[X,0x00000000800001DA] -> 0x3FFC
[123] [M]: 0x00000000800001D8 (0x3FFC0C13) addi s8, s8, 0x3ff
x24 <- 0xFF7FFFFFFFFDFFFF

mem[X,0x00000000800001DC] -> 0x60BB
mem[X,0x00000000800001DE] -> 0x9B8C
[124] [M]: 0x00000000800001DC (0x9B8C60BB) paas.wx ra, s8, s8
x1 <- 0xFFBEFFFF003F0000

mem[X,0x00000000800001E0] -> 0x3023
mem[X,0x00000000800001E2] -> 0x0014
[125] [M]: 0x00000000800001E0 (0x00143023) sd ra, 0x0(fp)
mem[0x0000000080005118] <- 0xFFBEFFFF003F0000

mem[X,0x00000000800001E4] -> 0x0E93
mem[X,0x00000000800001E6] -> 0x0010
[126] [M]: 0x00000000800001E4 (0x00100E93) addi t4, zero, 0x1
x29 <- 0x0000000000000001

mem[X,0x00000000800001E8] -> 0x9E93
mem[X,0x00000000800001EA] -> 0x03AE
[127] [M]: 0x00000000800001E8 (0x03AE9E93) slli t4, t4, 0x3a
x29 <- 0x0400000000000000

mem[X,0x00000000800001EC] -> 0xCE93
mem[X,0x00000000800001EE] -> 0xFFFE
[128] [M]: 0x00000000800001EC (0xFFFECE93) xori t4, t4, -0x1
x29 <- 0xFBFFFFFFFFFFFFFF

mem[X,0x00000000800001F0] -> 0x0B37
mem[X,0x00000000800001F2] -> 0x0000
[129] [M]: 0x00000000800001F0 (0x00000B37) lui s6, 0x0
x22 <- 0x0000000000000000

mem[X,0x00000000800001F4] -> 0x0B13
mem[X,0x00000000800001F6] -> 0xFF7B
[130] [M]: 0x00000000800001F4 (0xFF7B0B13) addi s6, s6, -0x9
x22 <- 0xFFFFFFFFFFFFFFF7

mem[X,0x00000000800001F8] -> 0x1B13
mem[X,0x00000000800001FA] -> 0x00BB
[131] [M]: 0x00000000800001F8 (0x00BB1B13) slli s6, s6, 0xb
x22 <- 0xFFFFFFFFFFFFB800

mem[X,0x00000000800001FC] -> 0x0B13
mem[X,0x00000000800001FE] -> 0x7FFB
[132] [M]: 0x00000000800001FC (0x7FFB0B13) addi s6, s6, 0x7ff
x22 <- 0xFFFFFFFFFFFFBFFF

mem[X,0x0000000080000200] -> 0x1B13
mem[X,0x0000000080000202] -> 0x00BB
[133] [M]: 0x0000000080000200 (0x00BB1B13) slli s6, s6, 0xb
x22 <- 0xFFFFFFFFFDFFF800

mem[X,0x0000000080000204] -> 0x0B13
mem[X,0x0000000080000206] -> 0x7FFB
[134] [M]: 0x0000000080000204 (0x7FFB0B13) addi s6, s6, 0x7ff
x22 <- 0xFFFFFFFFFDFFFFFF

mem[X,0x0000000080000208] -> 0x1B13
mem[X,0x000000008000020A] -> 0x00AB
[135] [M]: 0x0000000080000208 (0x00AB1B13) slli s6, s6, 0xa
x22 <- 0xFFFFFFF7FFFFFC00

mem[X,0x000000008000020C] -> 0x0B13
mem[X,0x000000008000020E] -> 0x3FBB
[136] [M]: 0x000000008000020C (0x3FBB0B13) addi s6, s6, 0x3fb
x22 <- 0xFFFFFFF7FFFFFFFB

mem[X,0x0000000080000210] -> 0xEEBB
mem[X,0x0000000080000212] -> 0x9B6E
[137] [M]: 0x0000000080000210 (0x9B6EEEBB) paas.wx t4, t4, s6
x29 <- 0xFDFFFFFD00000004

mem[X,0x0000000080000214] -> 0x3423
mem[X,0x0000000080000216] -> 0x01D4
[138] [M]: 0x0000000080000214 (0x01D43423) sd t4, 0x8(fp)
mem[0x0000000080005120] <- 0xFDFFFFFD00000004

mem[X,0x0000000080000218] -> 0x0993
mem[X,0x000000008000021A] -> 0x0010
[139] [M]: 0x0000000080000218 (0x00100993) addi s3, zero, 0x1
x19 <- 0x0000000000000001

mem[X,0x000000008000021C] -> 0x9993
mem[X,0x000000008000021E] -> 0x0369
[140] [M]: 0x000000008000021C (0x03699993) slli s3, s3, 0x36
x19 <- 0x0040000000000000

mem[X,0x0000000080000220] -> 0x0237
mem[X,0x0000000080000222] -> 0x0000
[141] [M]: 0x0000000080000220 (0x00000237) lui tp, 0x0
x4 <- 0x0000000000000000

mem[X,0x0000000080000224] -> 0x0213
mem[X,0x0000000080000226] -> 0x0022
[142] [M]: 0x0000000080000224 (0x00220213) addi tp, tp, 0x2
x4 <- 0x0000000000000002

mem[X,0x0000000080000228] -> 0x1213
mem[X,0x000000008000022A] -> 0x00B2
[143] [M]: 0x0000000080000228 (0x00B21213) slli tp, tp, 0xb
x4 <- 0x0000000000001000

mem[X,0x000000008000022C] -> 0x0213
mem[X,0x000000008000022E] -> 0x7BF2
[144] [M]: 0x000000008000022C (0x7BF20213) addi tp, tp, 0x7bf
x4 <- 0x00000000000017BF

mem[X,0x0000000080000230] -> 0x1213
mem[X,0x0000000080000232] -> 0x00B2
[145] [M]: 0x0000000080000230 (0x00B21213) slli tp, tp, 0xb
x4 <- 0x0000000000BDF800

mem[X,0x0000000080000234] -> 0x0213
mem[X,0x0000000080000236] -> 0x7FF2
[146] [M]: 0x0000000080000234 (0x7FF20213) addi tp, tp, 0x7ff
x4 <- 0x0000000000BDFFFF

mem[X,0x0000000080000238] -> 0x1213
mem[X,0x000000008000023A] -> 0x00A2
[147] [M]: 0x0000000080000238 (0x00A21213) slli tp, tp, 0xa
x4 <- 0x00000002F7FFFC00

mem[X,0x000000008000023C] -> 0x0213
mem[X,0x000000008000023E] -> 0x3FF2
[148] [M]: 0x000000008000023C (0x3FF20213) addi tp, tp, 0x3ff
x4 <- 0x00000002F7FFFFFF

mem[X,0x0000000080000240] -> 0xE23B
mem[X,0x0000000080000242] -> 0x9A49
[149] [M]: 0x0000000080000240 (0x9A49E23B) paas.wx tp, s3, tp
x4 <- 0xFC1FFFFFFFFFFFFF

mem[X,0x0000000080000244] -> 0x3823
mem[X,0x0000000080000246] -> 0x0044
[150] [M]: 0x0000000080000244 (0x00443823) sd tp, 0x10(fp)
mem[0x0000000080005128] <- 0xFC1FFFFFFFFFFFFF

mem[X,0x0000000080000248] -> 0x0737
mem[X,0x000000008000024A] -> 0x0040
[151] [M]: 0x0000000080000248 (0x00400737) lui a4, 0x400
x14 <- 0x0000000000400000

mem[X,0x000000008000024C] -> 0x0713
mem[X,0x000000008000024E] -> 0x0007
[152] [M]: 0x000000008000024C (0x00070713) addi a4, a4, 0x0
x14 <- 0x0000000000400000

mem[X,0x0000000080000250] -> 0x1713
mem[X,0x0000000080000252] -> 0x00B7
[153] [M]: 0x0000000080000250 (0x00B71713) slli a4, a4, 0xb
x14 <- 0x0000000200000000

mem[X,0x0000000080000254] -> 0x0713
mem[X,0x0000000080000256] -> 0x0007
[154] [M]: 0x0000000080000254 (0x00070713) addi a4, a4, 0x0
x14 <- 0x0000000200000000

mem[X,0x0000000080000258] -> 0x1713
mem[X,0x000000008000025A] -> 0x00B7
[155] [M]: 0x0000000080000258 (0x00B71713) slli a4, a4, 0xb
x14 <- 0x0000100000000000

mem[X,0x000000008000025C] -> 0x0713
mem[X,0x000000008000025E] -> 0x0007
[156] [M]: 0x000000008000025C (0x00070713) addi a4, a4, 0x0
x14 <- 0x0000100000000000

mem[X,0x0000000080000260] -> 0x1713
mem[X,0x0000000080000262] -> 0x00A7
[157] [M]: 0x0000000080000260 (0x00A71713) slli a4, a4, 0xa
x14 <- 0x0040000000000000

mem[X,0x0000000080000264] -> 0x0713
mem[X,0x0000000080000266] -> 0x0017
[158] [M]: 0x0000000080000264 (0x00170713) addi a4, a4, 0x1
x14 <- 0x0040000000000001

mem[X,0x0000000080000268] -> 0x0713
mem[X,0x000000008000026A] -> 0x5010
[159] [M]: 0x0000000080000268 (0x50100713) addi a4, zero, 0x501
x14 <- 0x0000000000000501

mem[X,0x000000008000026C] -> 0x1713
mem[X,0x000000008000026E] -> 0x0187
[160] [M]: 0x000000008000026C (0x01871713) slli a4, a4, 0x18
x14 <- 0x0000000501000000

mem[X,0x0000000080000270] -> 0x673B
mem[X,0x0000000080000272] -> 0x9AE7
[161] [M]: 0x0000000080000270 (0x9AE7673B) paas.wx a4, a4, a4
x14 <- 0x00800002007FFFFD

mem[X,0x0000000080000274] -> 0x3C23
mem[X,0x0000000080000276] -> 0x00E4
[162] [M]: 0x0000000080000274 (0x00E43C23) sd a4, 0x18(fp)
mem[0x0000000080005130] <- 0x00800002007FFFFD

mem[X,0x0000000080000278] -> 0x04B7
mem[X,0x000000008000027A] -> 0xFFFE
[163] [M]: 0x0000000080000278 (0xFFFE04B7) lui s1, -0x20
x9 <- 0xFFFFFFFFFFFE0000

mem[X,0x000000008000027C] -> 0x8493
mem[X,0x000000008000027E] -> 0xFFF4
[164] [M]: 0x000000008000027C (0xFFF48493) addi s1, s1, -0x1
x9 <- 0xFFFFFFFFFFFDFFFF

mem[X,0x0000000080000280] -> 0x9493
mem[X,0x0000000080000282] -> 0x00B4
[165] [M]: 0x0000000080000280 (0x00B49493) slli s1, s1, 0xb
x9 <- 0xFFFFFFFFEFFFF800

mem[X,0x0000000080000284] -> 0x8493
mem[X,0x0000000080000286] -> 0x3FF4
[166] [M]: 0x0000000080000284 (0x3FF48493) addi s1, s1, 0x3ff
x9 <- 0xFFFFFFFFEFFFFBFF

mem[X,0x0000000080000288] -> 0x9493
mem[X,0x000000008000028A] -> 0x00B4
[167] [M]: 0x0000000080000288 (0x00B49493) slli s1, s1, 0xb
x9 <- 0xFFFFFF7FFFDFF800

mem[X,0x000000008000028C] -> 0x8493
mem[X,0x000000008000028E] -> 0x7FF4
[168] [M]: 0x000000008000028C (0x7FF48493) addi s1, s1, 0x7ff
x9 <- 0xFFFFFF7FFFDFFFFF

mem[X,0x0000000080000290] -> 0x9493
mem[X,0x0000000080000292] -> 0x00A4
[169] [M]: 0x0000000080000290 (0x00A49493) slli s1, s1, 0xa
x9 <- 0xFFFDFFFF7FFFFC00

mem[X,0x0000000080000294] -> 0x8493
mem[X,0x0000000080000296] -> 0x3FF4
[170] [M]: 0x0000000080000294 (0x3FF48493) addi s1, s1, 0x3ff
x9 <- 0xFFFDFFFF7FFFFFFF

mem[X,0x0000000080000298] -> 0x0A37
mem[X,0x000000008000029A] -> 0x4000
[171] [M]: 0x0000000080000298 (0x40000A37) lui s4, 0x40000
x20 <- 0x0000000040000000

mem[X,0x000000008000029C] -> 0x0A13
mem[X,0x000000008000029E] -> 0x001A
[172] [M]: 0x000000008000029C (0x001A0A13) addi s4, s4, 0x1
x20 <- 0x0000000040000001

mem[X,0x00000000800002A0] -> 0x1A13
mem[X,0x00000000800002A2] -> 0x003A
[173] [M]: 0x00000000800002A0 (0x003A1A13) slli s4, s4, 0x3
x20 <- 0x0000000200000008

mem[X,0x00000000800002A4] -> 0xECBB
mem[X,0x00000000800002A6] -> 0x9B44
[174] [M]: 0x00000000800002A4 (0x9B44ECBB) paas.wx s9, s1, s4
x25 <- 0xFFFF00033FFFFFFE

mem[X,0x00000000800002A8] -> 0x3023
mem[X,0x00000000800002AA] -> 0x0394
[175] [M]: 0x00000000800002A8 (0x03943023) sd s9, 0x20(fp)
mem[0x0000000080005138] <- 0xFFFF00033FFFFFFE

mem[X,0x00000000800002AC] -> 0x0937
mem[X,0x00000000800002AE] -> 0x0000
[176] [M]: 0x00000000800002AC (0x00000937) lui s2, 0x0
x18 <- 0x0000000000000000

mem[X,0x00000000800002B0] -> 0x0913
mem[X,0x00000000800002B2] -> 0xFF69
[177] [M]: 0x00000000800002B0 (0xFF690913) addi s2, s2, -0xa
x18 <- 0xFFFFFFFFFFFFFFF6

mem[X,0x00000000800002B4] -> 0x1913
mem[X,0x00000000800002B6] -> 0x00B9
[178] [M]: 0x00000000800002B4 (0x00B91913) slli s2, s2, 0xb
x18 <- 0xFFFFFFFFFFFFB000

mem[X,0x00000000800002B8] -> 0x0913
mem[X,0x00000000800002BA] -> 0x0009
[179] [M]: 0x00000000800002B8 (0x00090913) addi s2, s2, 0x0
x18 <- 0xFFFFFFFFFFFFB000

mem[X,0x00000000800002BC] -> 0x1913
mem[X,0x00000000800002BE] -> 0x00B9
[180] [M]: 0x00000000800002BC (0x00B91913) slli s2, s2, 0xb
x18 <- 0xFFFFFFFFFD800000

mem[X,0x00000000800002C0] -> 0x0913
mem[X,0x00000000800002C2] -> 0x0009
[181] [M]: 0x00000000800002C0 (0x00090913) addi s2, s2, 0x0
x18 <- 0xFFFFFFFFFD800000

mem[X,0x00000000800002C4] -> 0x1913
mem[X,0x00000000800002C6] -> 0x00A9
[182] [M]: 0x00000000800002C4 (0x00A91913) slli s2, s2, 0xa
x18 <- 0xFFFFFFF600000000

mem[X,0x00000000800002C8] -> 0x0913
mem[X,0x00000000800002CA] -> 0x0029
[183] [M]: 0x00000000800002C8 (0x00290913) addi s2, s2, 0x2
x18 <- 0xFFFFFFF600000002

mem[X,0x00000000800002CC] -> 0x0113
mem[X,0x00000000800002CE] -> 0x0010
[184] [M]: 0x00000000800002CC (0x00100113) addi sp, zero, 0x1
x2 <- 0x0000000000000001

mem[X,0x00000000800002D0] -> 0x1113
mem[X,0x00000000800002D2] -> 0x0191
[185] [M]: 0x00000000800002D0 (0x01911113) slli sp, sp, 0x19
x2 <- 0x0000000002000000

mem[X,0x00000000800002D4] -> 0x6E3B
mem[X,0x00000000800002D6] -> 0x9A29
[186] [M]: 0x00000000800002D4 (0x9A296E3B) paas.wx t3, s2, sp
x28 <- 0x00FFFFFB00000001

mem[X,0x00000000800002D8] -> 0x3423
mem[X,0x00000000800002DA] -> 0x03C4
[187] [M]: 0x00000000800002D8 (0x03C43423) sd t3, 0x28(fp)
mem[0x0000000080005140] <- 0x00FFFFFB00000001

mem[X,0x00000000800002DC] -> 0x00B7
mem[X,0x00000000800002DE] -> 0x0000
[188] [M]: 0x00000000800002DC (0x000000B7) lui ra, 0x0
x1 <- 0x0000000000000000

mem[X,0x00000000800002E0] -> 0x8093
mem[X,0x00000000800002E2] -> 0x4000
[189] [M]: 0x00000000800002E0 (0x40008093) addi ra, ra, 0x400
x1 <- 0x0000000000000400

mem[X,0x00000000800002E4] -> 0x9093
mem[X,0x00000000800002E6] -> 0x00B0
[190] [M]: 0x00000000800002E4 (0x00B09093) slli ra, ra, 0xb
x1 <- 0x0000000000200000

mem[X,0x00000000800002E8] -> 0x8093
mem[X,0x00000000800002EA] -> 0x0000
[191] [M]: 0x00000000800002E8 (0x00008093) addi ra, ra, 0x0
x1 <- 0x0000000000200000

mem[X,0x00000000800002EC] -> 0x9093
mem[X,0x00000000800002EE] -> 0x00B0
[192] [M]: 0x00000000800002EC (0x00B09093) slli ra, ra, 0xb
x1 <- 0x0000000100000000

mem[X,0x00000000800002F0] -> 0x8093
mem[X,0x00000000800002F2] -> 0x0000
[193] [M]: 0x00000000800002F0 (0x00008093) addi ra, ra, 0x0
x1 <- 0x0000000100000000

mem[X,0x00000000800002F4] -> 0x9093
mem[X,0x00000000800002F6] -> 0x00A0
[194] [M]: 0x00000000800002F4 (0x00A09093) slli ra, ra, 0xa
x1 <- 0x0000040000000000

mem[X,0x00000000800002F8] -> 0x8093
mem[X,0x00000000800002FA] -> 0x0040
[195] [M]: 0x00000000800002F8 (0x00408093) addi ra, ra, 0x4
x1 <- 0x0000040000000004

mem[X,0x00000000800002FC] -> 0x8837
mem[X,0x00000000800002FE] -> 0xFFFF
[196] [M]: 0x00000000800002FC (0xFFFF8837) lui a6, -0x8
x16 <- 0xFFFFFFFFFFFF8000

mem[X,0x0000000080000300] -> 0x0813
mem[X,0x0000000080000302] -> 0xFFF8
[197] [M]: 0x0000000080000300 (0xFFF80813) addi a6, a6, -0x1
x16 <- 0xFFFFFFFFFFFF7FFF

mem[X,0x0000000080000304] -> 0x1813
mem[X,0x0000000080000306] -> 0x00B8
[198] [M]: 0x0000000080000304 (0x00B81813) slli a6, a6, 0xb
x16 <- 0xFFFFFFFFFBFFF800

mem[X,0x0000000080000308] -> 0x0813
mem[X,0x000000008000030A] -> 0x1FF8
[199] [M]: 0x0000000080000308 (0x1FF80813) addi a6, a6, 0x1ff
x16 <- 0xFFFFFFFFFBFFF9FF

clint::tick mtime <- 0x0000000000000002
 clint timer pending at mtime 0x0000000000000002
htif::tick 0x0000000000000000
mem[X,0x000000008000030C] -> 0x1813
mem[X,0x000000008000030E] -> 0x00B8
[200] [M]: 0x000000008000030C (0x00B81813) slli a6, a6, 0xb
x16 <- 0xFFFFFFDFFFCFF800

mem[X,0x0000000080000310] -> 0x0813
mem[X,0x0000000080000312] -> 0x7FF8
[201] [M]: 0x0000000080000310 (0x7FF80813) addi a6, a6, 0x7ff
x16 <- 0xFFFFFFDFFFCFFFFF

mem[X,0x0000000080000314] -> 0x1813
mem[X,0x0000000080000316] -> 0x00A8
[202] [M]: 0x0000000080000314 (0x00A81813) slli a6, a6, 0xa
x16 <- 0xFFFF7FFF3FFFFC00

mem[X,0x0000000080000318] -> 0x0813
mem[X,0x000000008000031A] -> 0x3FF8
[203] [M]: 0x0000000080000318 (0x3FF80813) addi a6, a6, 0x3ff
x16 <- 0xFFFF7FFF3FFFFFFF

mem[X,0x000000008000031C] -> 0xE2BB
mem[X,0x000000008000031E] -> 0x9B00
[204] [M]: 0x000000008000031C (0x9B00E2BB) paas.wx t0, ra, a6
x5 <- 0x200001FF00004002

mem[X,0x0000000080000320] -> 0x3823
mem[X,0x0000000080000322] -> 0x0254
[205] [M]: 0x0000000080000320 (0x02543823) sd t0, 0x30(fp)
mem[0x0000000080005148] <- 0x200001FF00004002

mem[X,0x0000000080000324] -> 0x06B7
mem[X,0x0000000080000326] -> 0xFFF8
[206] [M]: 0x0000000080000324 (0xFFF806B7) lui a3, -0x80
x13 <- 0xFFFFFFFFFFF80000

mem[X,0x0000000080000328] -> 0x8693
mem[X,0x000000008000032A] -> 0xFFF6
[207] [M]: 0x0000000080000328 (0xFFF68693) addi a3, a3, -0x1
x13 <- 0xFFFFFFFFFFF7FFFF

mem[X,0x000000008000032C] -> 0x9693
mem[X,0x000000008000032E] -> 0x00B6
[208] [M]: 0x000000008000032C (0x00B69693) slli a3, a3, 0xb
x13 <- 0xFFFFFFFFBFFFF800

mem[X,0x0000000080000330] -> 0x8693
mem[X,0x0000000080000332] -> 0x0006
[209] [M]: 0x0000000080000330 (0x00068693) addi a3, a3, 0x0
x13 <- 0xFFFFFFFFBFFFF800

mem[X,0x0000000080000334] -> 0x9693
mem[X,0x0000000080000336] -> 0x00B6
[210] [M]: 0x0000000080000334 (0x00B69693) slli a3, a3, 0xb
x13 <- 0xFFFFFDFFFFC00000

mem[X,0x0000000080000338] -> 0x8693
mem[X,0x000000008000033A] -> 0x0006
[211] [M]: 0x0000000080000338 (0x00068693) addi a3, a3, 0x0
x13 <- 0xFFFFFDFFFFC00000

mem[X,0x000000008000033C] -> 0x9693
mem[X,0x000000008000033E] -> 0x00A6
[212] [M]: 0x000000008000033C (0x00A69693) slli a3, a3, 0xa
x13 <- 0xFFF7FFFF00000000

mem[X,0x0000000080000340] -> 0x8693
mem[X,0x0000000080000342] -> 0x0086
[213] [M]: 0x0000000080000340 (0x00868693) addi a3, a3, 0x8
x13 <- 0xFFF7FFFF00000008

mem[X,0x0000000080000344] -> 0x0FB7
mem[X,0x0000000080000346] -> 0x0000
[214] [M]: 0x0000000080000344 (0x00000FB7) lui t6, 0x0
x31 <- 0x0000000000000000

mem[X,0x0000000080000348] -> 0x8F93
mem[X,0x000000008000034A] -> 0xEFFF
[215] [M]: 0x0000000080000348 (0xEFFF8F93) addi t6, t6, -0x101
x31 <- 0xFFFFFFFFFFFFFEFF

mem[X,0x000000008000034C] -> 0x9F93
mem[X,0x000000008000034E] -> 0x00BF
[216] [M]: 0x000000008000034C (0x00BF9F93) slli t6, t6, 0xb
x31 <- 0xFFFFFFFFFFF7F800

mem[X,0x0000000080000350] -> 0x8F93
mem[X,0x0000000080000352] -> 0x000F
[217] [M]: 0x0000000080000350 (0x000F8F93) addi t6, t6, 0x0
x31 <- 0xFFFFFFFFFFF7F800

mem[X,0x0000000080000354] -> 0x9F93
mem[X,0x0000000080000356] -> 0x00BF
[218] [M]: 0x0000000080000354 (0x00BF9F93) slli t6, t6, 0xb
x31 <- 0xFFFFFFFFBFC00000

mem[X,0x0000000080000358] -> 0x8F93
mem[X,0x000000008000035A] -> 0x000F
[219] [M]: 0x0000000080000358 (0x000F8F93) addi t6, t6, 0x0
x31 <- 0xFFFFFFFFBFC00000

mem[X,0x000000008000035C] -> 0x9F93
mem[X,0x000000008000035E] -> 0x00AF
[220] [M]: 0x000000008000035C (0x00AF9F93) slli t6, t6, 0xa
x31 <- 0xFFFFFEFF00000000

mem[X,0x0000000080000360] -> 0x8F93
mem[X,0x0000000080000362] -> 0x004F
[221] [M]: 0x0000000080000360 (0x004F8F93) addi t6, t6, 0x4
x31 <- 0xFFFFFEFF00000004

mem[X,0x0000000080000364] -> 0xE83B
mem[X,0x0000000080000366] -> 0x9BF6
[222] [M]: 0x0000000080000364 (0x9BF6E83B) paas.wx a6, a3, t6
x16 <- 0xFFFC000100000084

mem[X,0x0000000080000368] -> 0x3C23
mem[X,0x000000008000036A] -> 0x0304
[223] [M]: 0x0000000080000368 (0x03043C23) sd a6, 0x38(fp)
mem[0x0000000080005150] <- 0xFFFC000100000084

mem[X,0x000000008000036C] -> 0x03B7
mem[X,0x000000008000036E] -> 0x0000
[224] [M]: 0x000000008000036C (0x000003B7) lui t2, 0x0
x7 <- 0x0000000000000000

mem[X,0x0000000080000370] -> 0x8393
mem[X,0x0000000080000372] -> 0x4003
[225] [M]: 0x0000000080000370 (0x40038393) addi t2, t2, 0x400
x7 <- 0x0000000000000400

mem[X,0x0000000080000374] -> 0x9393
mem[X,0x0000000080000376] -> 0x00B3
[226] [M]: 0x0000000080000374 (0x00B39393) slli t2, t2, 0xb
x7 <- 0x0000000000200000

mem[X,0x0000000080000378] -> 0x8393
mem[X,0x000000008000037A] -> 0x0003
[227] [M]: 0x0000000080000378 (0x00038393) addi t2, t2, 0x0
x7 <- 0x0000000000200000

mem[X,0x000000008000037C] -> 0x9393
mem[X,0x000000008000037E] -> 0x00B3
[228] [M]: 0x000000008000037C (0x00B39393) slli t2, t2, 0xb
x7 <- 0x0000000100000000

mem[X,0x0000000080000380] -> 0x8393
mem[X,0x0000000080000382] -> 0x0003
[229] [M]: 0x0000000080000380 (0x00038393) addi t2, t2, 0x0
x7 <- 0x0000000100000000

mem[X,0x0000000080000384] -> 0x9393
mem[X,0x0000000080000386] -> 0x00A3
[230] [M]: 0x0000000080000384 (0x00A39393) slli t2, t2, 0xa
x7 <- 0x0000040000000000

mem[X,0x0000000080000388] -> 0x8393
mem[X,0x000000008000038A] -> 0x0103
[231] [M]: 0x0000000080000388 (0x01038393) addi t2, t2, 0x10
x7 <- 0x0000040000000010

mem[X,0x000000008000038C] -> 0x0F37
mem[X,0x000000008000038E] -> 0x0001
[232] [M]: 0x000000008000038C (0x00010F37) lui t5, 0x10
x30 <- 0x0000000000010000

mem[X,0x0000000080000390] -> 0x0F13
mem[X,0x0000000080000392] -> 0x000F
[233] [M]: 0x0000000080000390 (0x000F0F13) addi t5, t5, 0x0
x30 <- 0x0000000000010000

mem[X,0x0000000080000394] -> 0x1F13
mem[X,0x0000000080000396] -> 0x00BF
[234] [M]: 0x0000000080000394 (0x00BF1F13) slli t5, t5, 0xb
x30 <- 0x0000000008000000

mem[X,0x0000000080000398] -> 0x0F13
mem[X,0x000000008000039A] -> 0x000F
[235] [M]: 0x0000000080000398 (0x000F0F13) addi t5, t5, 0x0
x30 <- 0x0000000008000000

mem[X,0x000000008000039C] -> 0x1F13
mem[X,0x000000008000039E] -> 0x00BF
[236] [M]: 0x000000008000039C (0x00BF1F13) slli t5, t5, 0xb
x30 <- 0x0000004000000000

mem[X,0x00000000800003A0] -> 0x0F13
mem[X,0x00000000800003A2] -> 0x000F
[237] [M]: 0x00000000800003A0 (0x000F0F13) addi t5, t5, 0x0
x30 <- 0x0000004000000000

mem[X,0x00000000800003A4] -> 0x1F13
mem[X,0x00000000800003A6] -> 0x00AF
[238] [M]: 0x00000000800003A4 (0x00AF1F13) slli t5, t5, 0xa
x30 <- 0x0001000000000000

mem[X,0x00000000800003A8] -> 0x0F13
mem[X,0x00000000800003AA] -> 0x200F
[239] [M]: 0x00000000800003A8 (0x200F0F13) addi t5, t5, 0x200
x30 <- 0x0001000000000200

mem[X,0x00000000800003AC] -> 0xEBBB
mem[X,0x00000000800003AE] -> 0x9BE3
[240] [M]: 0x00000000800003AC (0x9BE3EBBB) paas.wx s7, t2, t5
x23 <- 0x00000300FFFF8008

mem[X,0x00000000800003B0] -> 0x3023
mem[X,0x00000000800003B2] -> 0x0574
[241] [M]: 0x00000000800003B0 (0x05743023) sd s7, 0x40(fp)
mem[0x0000000080005158] <- 0x00000300FFFF8008

mem[X,0x00000000800003B4] -> 0x0F37
mem[X,0x00000000800003B6] -> 0xFC00
[242] [M]: 0x00000000800003B4 (0xFC000F37) lui t5, -0x4000
x30 <- 0xFFFFFFFFFC000000

mem[X,0x00000000800003B8] -> 0x0F13
mem[X,0x00000000800003BA] -> 0xFFFF
[243] [M]: 0x00000000800003B8 (0xFFFF0F13) addi t5, t5, -0x1
x30 <- 0xFFFFFFFFFBFFFFFF

mem[X,0x00000000800003BC] -> 0x1F13
mem[X,0x00000000800003BE] -> 0x00BF
[244] [M]: 0x00000000800003BC (0x00BF1F13) slli t5, t5, 0xb
x30 <- 0xFFFFFFDFFFFFF800

mem[X,0x00000000800003C0] -> 0x0F13
mem[X,0x00000000800003C2] -> 0x000F
[245] [M]: 0x00000000800003C0 (0x000F0F13) addi t5, t5, 0x0
x30 <- 0xFFFFFFDFFFFFF800

mem[X,0x00000000800003C4] -> 0x1F13
mem[X,0x00000000800003C6] -> 0x00BF
[246] [M]: 0x00000000800003C4 (0x00BF1F13) slli t5, t5, 0xb
x30 <- 0xFFFEFFFFFFC00000

mem[X,0x00000000800003C8] -> 0x0F13
mem[X,0x00000000800003CA] -> 0x000F
[247] [M]: 0x00000000800003C8 (0x000F0F13) addi t5, t5, 0x0
x30 <- 0xFFFEFFFFFFC00000

mem[X,0x00000000800003CC] -> 0x1F13
mem[X,0x00000000800003CE] -> 0x00AF
[248] [M]: 0x00000000800003CC (0x00AF1F13) slli t5, t5, 0xa
x30 <- 0xFBFFFFFF00000000

mem[X,0x00000000800003D0] -> 0x0F13
mem[X,0x00000000800003D2] -> 0x020F
[249] [M]: 0x00000000800003D0 (0x020F0F13) addi t5, t5, 0x20
x30 <- 0xFBFFFFFF00000020

mem[X,0x00000000800003D4] -> 0x0AB7
mem[X,0x00000000800003D6] -> 0xFFFF
[250] [M]: 0x00000000800003D4 (0xFFFF0AB7) lui s5, -0x10
x21 <- 0xFFFFFFFFFFFF0000

mem[X,0x00000000800003D8] -> 0x8A93
mem[X,0x00000000800003DA] -> 0xFFFA
[251] [M]: 0x00000000800003D8 (0xFFFA8A93) addi s5, s5, -0x1
x21 <- 0xFFFFFFFFFFFEFFFF

mem[X,0x00000000800003DC] -> 0x9A93
mem[X,0x00000000800003DE] -> 0x00BA
[252] [M]: 0x00000000800003DC (0x00BA9A93) slli s5, s5, 0xb
x21 <- 0xFFFFFFFFF7FFF800

mem[X,0x00000000800003E0] -> 0x8A93
mem[X,0x00000000800003E2] -> 0x040A
[253] [M]: 0x00000000800003E0 (0x040A8A93) addi s5, s5, 0x40
x21 <- 0xFFFFFFFFF7FFF840

mem[X,0x00000000800003E4] -> 0x9A93
mem[X,0x00000000800003E6] -> 0x00BA
[254] [M]: 0x00000000800003E4 (0x00BA9A93) slli s5, s5, 0xb
x21 <- 0xFFFFFFBFFFC20000

mem[X,0x00000000800003E8] -> 0x8A93
mem[X,0x00000000800003EA] -> 0x000A
[255] [M]: 0x00000000800003E8 (0x000A8A93) addi s5, s5, 0x0
x21 <- 0xFFFFFFBFFFC20000

mem[X,0x00000000800003EC] -> 0x9A93
mem[X,0x00000000800003EE] -> 0x00AA
[256] [M]: 0x00000000800003EC (0x00AA9A93) slli s5, s5, 0xa
x21 <- 0xFFFEFFFF08000000

mem[X,0x00000000800003F0] -> 0x6C3B
mem[X,0x00000000800003F2] -> 0x9B5F
[257] [M]: 0x00000000800003F0 (0x9B5F6C3B) paas.wx s8, t5, s5
x24 <- 0x01FFFFFF00008010

mem[X,0x00000000800003F4] -> 0x3423
mem[X,0x00000000800003F6] -> 0x0584
[258] [M]: 0x00000000800003F4 (0x05843423) sd s8, 0x48(fp)
mem[0x0000000080005160] <- 0x01FFFFFF00008010

mem[X,0x00000000800003F8] -> 0x0137
mem[X,0x00000000800003FA] -> 0xFFFE
[259] [M]: 0x00000000800003F8 (0xFFFE0137) lui sp, -0x20
x2 <- 0xFFFFFFFFFFFE0000

mem[X,0x00000000800003FC] -> 0x0113
mem[X,0x00000000800003FE] -> 0xFFF1
[260] [M]: 0x00000000800003FC (0xFFF10113) addi sp, sp, -0x1
x2 <- 0xFFFFFFFFFFFDFFFF

mem[X,0x0000000080000400] -> 0x1113
mem[X,0x0000000080000402] -> 0x00B1
[261] [M]: 0x0000000080000400 (0x00B11113) slli sp, sp, 0xb
x2 <- 0xFFFFFFFFEFFFF800

mem[X,0x0000000080000404] -> 0x0113
mem[X,0x0000000080000406] -> 0x0001
[262] [M]: 0x0000000080000404 (0x00010113) addi sp, sp, 0x0
x2 <- 0xFFFFFFFFEFFFF800

mem[X,0x0000000080000408] -> 0x1113
mem[X,0x000000008000040A] -> 0x00B1
[263] [M]: 0x0000000080000408 (0x00B11113) slli sp, sp, 0xb
x2 <- 0xFFFFFF7FFFC00000

mem[X,0x000000008000040C] -> 0x0113
mem[X,0x000000008000040E] -> 0x0001
[264] [M]: 0x000000008000040C (0x00010113) addi sp, sp, 0x0
x2 <- 0xFFFFFF7FFFC00000

mem[X,0x0000000080000410] -> 0x1113
mem[X,0x0000000080000412] -> 0x00A1
[265] [M]: 0x0000000080000410 (0x00A11113) slli sp, sp, 0xa
x2 <- 0xFFFDFFFF00000000

mem[X,0x0000000080000414] -> 0x0113
mem[X,0x0000000080000416] -> 0x0401
[266] [M]: 0x0000000080000414 (0x04010113) addi sp, sp, 0x40
x2 <- 0xFFFDFFFF00000040

mem[X,0x0000000080000418] -> 0x15B7
mem[X,0x000000008000041A] -> 0x0000
[267] [M]: 0x0000000080000418 (0x000015B7) lui a1, 0x1
x11 <- 0x0000000000001000

mem[X,0x000000008000041C] -> 0x8593
mem[X,0x000000008000041E] -> 0x8005
[268] [M]: 0x000000008000041C (0x80058593) addi a1, a1, -0x800
x11 <- 0x0000000000000800

mem[X,0x0000000080000420] -> 0x9593
mem[X,0x0000000080000422] -> 0x00B5
[269] [M]: 0x0000000080000420 (0x00B59593) slli a1, a1, 0xb
x11 <- 0x0000000000400000

mem[X,0x0000000080000424] -> 0x8593
mem[X,0x0000000080000426] -> 0x0005
[270] [M]: 0x0000000080000424 (0x00058593) addi a1, a1, 0x0
x11 <- 0x0000000000400000

mem[X,0x0000000080000428] -> 0x9593
mem[X,0x000000008000042A] -> 0x00B5
[271] [M]: 0x0000000080000428 (0x00B59593) slli a1, a1, 0xb
x11 <- 0x0000000200000000

mem[X,0x000000008000042C] -> 0x8593
mem[X,0x000000008000042E] -> 0x0005
[272] [M]: 0x000000008000042C (0x00058593) addi a1, a1, 0x0
x11 <- 0x0000000200000000

mem[X,0x0000000080000430] -> 0x9593
mem[X,0x0000000080000432] -> 0x00A5
[273] [M]: 0x0000000080000430 (0x00A59593) slli a1, a1, 0xa
x11 <- 0x0000080000000000

mem[X,0x0000000080000434] -> 0x8593
mem[X,0x0000000080000436] -> 0x0055
[274] [M]: 0x0000000080000434 (0x00558593) addi a1, a1, 0x5
x11 <- 0x0000080000000005

mem[X,0x0000000080000438] -> 0x6A3B
mem[X,0x000000008000043A] -> 0x9AB1
[275] [M]: 0x0000000080000438 (0x9AB16A3B) paas.wx s4, sp, a1
x20 <- 0xFFFF0002FFFFFC20

mem[X,0x000000008000043C] -> 0x3823
mem[X,0x000000008000043E] -> 0x0544
[276] [M]: 0x000000008000043C (0x05443823) sd s4, 0x50(fp)
mem[0x0000000080005168] <- 0xFFFF0002FFFFFC20

mem[X,0x0000000080000440] -> 0x01B7
mem[X,0x0000000080000442] -> 0x0200
[277] [M]: 0x0000000080000440 (0x020001B7) lui gp, 0x2000
x3 <- 0x0000000002000000

mem[X,0x0000000080000444] -> 0x8193
mem[X,0x0000000080000446] -> 0x0011
[278] [M]: 0x0000000080000444 (0x00118193) addi gp, gp, 0x1
x3 <- 0x0000000002000001

mem[X,0x0000000080000448] -> 0x9193
mem[X,0x000000008000044A] -> 0x0071
[279] [M]: 0x0000000080000448 (0x00719193) slli gp, gp, 0x7
x3 <- 0x0000000100000080

mem[X,0x000000008000044C] -> 0x0337
mem[X,0x000000008000044E] -> 0x0000
[280] [M]: 0x000000008000044C (0x00000337) lui t1, 0x0
x6 <- 0x0000000000000000

mem[X,0x0000000080000450] -> 0x0313
mem[X,0x0000000080000452] -> 0xFBF3
[281] [M]: 0x0000000080000450 (0xFBF30313) addi t1, t1, -0x41
x6 <- 0xFFFFFFFFFFFFFFBF

mem[X,0x0000000080000454] -> 0x1313
mem[X,0x0000000080000456] -> 0x00B3
[282] [M]: 0x0000000080000454 (0x00B31313) slli t1, t1, 0xb
x6 <- 0xFFFFFFFFFFFDF800

mem[X,0x0000000080000458] -> 0x0313
mem[X,0x000000008000045A] -> 0x0003
[283] [M]: 0x0000000080000458 (0x00030313) addi t1, t1, 0x0
x6 <- 0xFFFFFFFFFFFDF800

mem[X,0x000000008000045C] -> 0x1313
mem[X,0x000000008000045E] -> 0x00B3
[284] [M]: 0x000000008000045C (0x00B31313) slli t1, t1, 0xb
x6 <- 0xFFFFFFFFEFC00000

mem[X,0x0000000080000460] -> 0x0313
mem[X,0x0000000080000462] -> 0x0003
[285] [M]: 0x0000000080000460 (0x00030313) addi t1, t1, 0x0
x6 <- 0xFFFFFFFFEFC00000

mem[X,0x0000000080000464] -> 0x1313
mem[X,0x0000000080000466] -> 0x00A3
[286] [M]: 0x0000000080000464 (0x00A31313) slli t1, t1, 0xa
x6 <- 0xFFFFFFBF00000000

mem[X,0x0000000080000468] -> 0x0313
mem[X,0x000000008000046A] -> 0x0063
[287] [M]: 0x0000000080000468 (0x00630313) addi t1, t1, 0x6
x6 <- 0xFFFFFFBF00000006

mem[X,0x000000008000046C] -> 0xE53B
mem[X,0x000000008000046E] -> 0x9A61
[288] [M]: 0x000000008000046C (0x9A61E53B) paas.wx a0, gp, t1
x10 <- 0x0000000300000060

mem[X,0x0000000080000470] -> 0x3C23
mem[X,0x0000000080000472] -> 0x04A4
[289] [M]: 0x0000000080000470 (0x04A43C23) sd a0, 0x58(fp)
mem[0x0000000080005170] <- 0x0000000300000060

mem[X,0x0000000080000474] -> 0x0837
mem[X,0x0000000080000476] -> 0x0000
[290] [M]: 0x0000000080000474 (0x00000837) lui a6, 0x0
x16 <- 0x0000000000000000

mem[X,0x0000000080000478] -> 0x0813
mem[X,0x000000008000047A] -> 0xDFF8
[291] [M]: 0x0000000080000478 (0xDFF80813) addi a6, a6, -0x201
x16 <- 0xFFFFFFFFFFFFFDFF

mem[X,0x000000008000047C] -> 0x1813
mem[X,0x000000008000047E] -> 0x00B8
[292] [M]: 0x000000008000047C (0x00B81813) slli a6, a6, 0xb
x16 <- 0xFFFFFFFFFFEFF800

mem[X,0x0000000080000480] -> 0x0813
mem[X,0x0000000080000482] -> 0x0008
[293] [M]: 0x0000000080000480 (0x00080813) addi a6, a6, 0x0
x16 <- 0xFFFFFFFFFFEFF800

mem[X,0x0000000080000484] -> 0x1813
mem[X,0x0000000080000486] -> 0x00B8
[294] [M]: 0x0000000080000484 (0x00B81813) slli a6, a6, 0xb
x16 <- 0xFFFFFFFF7FC00000

mem[X,0x0000000080000488] -> 0x0813
mem[X,0x000000008000048A] -> 0x0008
[295] [M]: 0x0000000080000488 (0x00080813) addi a6, a6, 0x0
x16 <- 0xFFFFFFFF7FC00000

mem[X,0x000000008000048C] -> 0x1813
mem[X,0x000000008000048E] -> 0x00A8
[296] [M]: 0x000000008000048C (0x00A81813) slli a6, a6, 0xa
x16 <- 0xFFFFFDFF00000000

mem[X,0x0000000080000490] -> 0x0813
mem[X,0x0000000080000492] -> 0x1008
[297] [M]: 0x0000000080000490 (0x10080813) addi a6, a6, 0x100
x16 <- 0xFFFFFDFF00000100

mem[X,0x0000000080000494] -> 0x0EB7
mem[X,0x0000000080000496] -> 0xFF00
[298] [M]: 0x0000000080000494 (0xFF000EB7) lui t4, -0x1000
x29 <- 0xFFFFFFFFFF000000

mem[X,0x0000000080000498] -> 0x8E93
mem[X,0x000000008000049A] -> 0xFFFE
[299] [M]: 0x0000000080000498 (0xFFFE8E93) addi t4, t4, -0x1
x29 <- 0xFFFFFFFFFEFFFFFF

clint::tick mtime <- 0x0000000000000003
 clint timer pending at mtime 0x0000000000000003
htif::tick 0x0000000000000000
mem[X,0x000000008000049C] -> 0x9E93
mem[X,0x000000008000049E] -> 0x00BE
[300] [M]: 0x000000008000049C (0x00BE9E93) slli t4, t4, 0xb
x29 <- 0xFFFFFFF7FFFFF800

mem[X,0x00000000800004A0] -> 0x8E93
mem[X,0x00000000800004A2] -> 0x7FFE
[301] [M]: 0x00000000800004A0 (0x7FFE8E93) addi t4, t4, 0x7ff
x29 <- 0xFFFFFFF7FFFFFFFF

mem[X,0x00000000800004A4] -> 0x9E93
mem[X,0x00000000800004A6] -> 0x00BE
[302] [M]: 0x00000000800004A4 (0x00BE9E93) slli t4, t4, 0xb
x29 <- 0xFFFFBFFFFFFFF800

mem[X,0x00000000800004A8] -> 0x8E93
mem[X,0x00000000800004AA] -> 0x7FDE
[303] [M]: 0x00000000800004A8 (0x7FDE8E93) addi t4, t4, 0x7fd
x29 <- 0xFFFFBFFFFFFFFFFD

mem[X,0x00000000800004AC] -> 0x9E93
mem[X,0x00000000800004AE] -> 0x00AE
[304] [M]: 0x00000000800004AC (0x00AE9E93) slli t4, t4, 0xa
x29 <- 0xFEFFFFFFFFFFF400

mem[X,0x00000000800004B0] -> 0x8E93
mem[X,0x00000000800004B2] -> 0x3FFE
[305] [M]: 0x00000000800004B0 (0x3FFE8E93) addi t4, t4, 0x3ff
x29 <- 0xFEFFFFFFFFFFF7FF

mem[X,0x00000000800004B4] -> 0x68BB
mem[X,0x00000000800004B6] -> 0x9BD8
[306] [M]: 0x00000000800004B4 (0x9BD868BB) paas.wx a7, a6, t4
x17 <- 0xFFFFFAFF00800080

mem[X,0x00000000800004B8] -> 0x3023
mem[X,0x00000000800004BA] -> 0x0714
[307] [M]: 0x00000000800004B8 (0x07143023) sd a7, 0x60(fp)
mem[0x0000000080005178] <- 0xFFFFFAFF00800080

mem[X,0x00000000800004BC] -> 0x0013
mem[X,0x00000000800004BE] -> 0x0000
[308] [M]: 0x00000000800004BC (0x00000013) addi zero, zero, 0x0

mem[X,0x00000000800004C0] -> 0x5217
mem[X,0x00000000800004C2] -> 0x0000
[309] [M]: 0x00000000800004C0 (0x00005217) auipc tp, 0x5
x4 <- 0x00000000800054C0

mem[X,0x00000000800004C4] -> 0x0213
mem[X,0x00000000800004C6] -> 0xCC02
[310] [M]: 0x00000000800004C4 (0xCC020213) addi tp, tp, -0x340
x4 <- 0x0000000080005180

mem[X,0x00000000800004C8] -> 0x0013
mem[X,0x00000000800004CA] -> 0x0000
[311] [M]: 0x00000000800004C8 (0x00000013) addi zero, zero, 0x0

mem[X,0x00000000800004CC] -> 0x0013
mem[X,0x00000000800004CE] -> 0x0000
[312] [M]: 0x00000000800004CC (0x00000013) addi zero, zero, 0x0

mem[X,0x00000000800004D0] -> 0x0013
mem[X,0x00000000800004D2] -> 0x0000
[313] [M]: 0x00000000800004D0 (0x00000013) addi zero, zero, 0x0

mem[X,0x00000000800004D4] -> 0x0013
mem[X,0x00000000800004D6] -> 0x0000
[314] [M]: 0x00000000800004D4 (0x00000013) addi zero, zero, 0x0

mem[X,0x00000000800004D8] -> 0x0013
mem[X,0x00000000800004DA] -> 0x0000
[315] [M]: 0x00000000800004D8 (0x00000013) addi zero, zero, 0x0

mem[X,0x00000000800004DC] -> 0x0013
mem[X,0x00000000800004DE] -> 0x0000
[316] [M]: 0x00000000800004DC (0x00000013) addi zero, zero, 0x0

mem[X,0x00000000800004E0] -> 0x0AB7
mem[X,0x00000000800004E2] -> 0x8000
[317] [M]: 0x00000000800004E0 (0x80000AB7) lui s5, -0x80000
x21 <- 0xFFFFFFFF80000000

mem[X,0x00000000800004E4] -> 0x8A93
mem[X,0x00000000800004E6] -> 0xFFFA
[318] [M]: 0x00000000800004E4 (0xFFFA8A93) addi s5, s5, -0x1
x21 <- 0xFFFFFFFF7FFFFFFF

mem[X,0x00000000800004E8] -> 0x9A93
mem[X,0x00000000800004EA] -> 0x00BA
[319] [M]: 0x00000000800004E8 (0x00BA9A93) slli s5, s5, 0xb
x21 <- 0xFFFFFBFFFFFFF800

mem[X,0x00000000800004EC] -> 0x8A93
mem[X,0x00000000800004EE] -> 0x000A
[320] [M]: 0x00000000800004EC (0x000A8A93) addi s5, s5, 0x0
x21 <- 0xFFFFFBFFFFFFF800

mem[X,0x00000000800004F0] -> 0x9A93
mem[X,0x00000000800004F2] -> 0x00BA
[321] [M]: 0x00000000800004F0 (0x00BA9A93) slli s5, s5, 0xb
x21 <- 0xFFDFFFFFFFC00000

mem[X,0x00000000800004F4] -> 0x8A93
mem[X,0x00000000800004F6] -> 0x000A
[322] [M]: 0x00000000800004F4 (0x000A8A93) addi s5, s5, 0x0
x21 <- 0xFFDFFFFFFFC00000

mem[X,0x00000000800004F8] -> 0x9A93
mem[X,0x00000000800004FA] -> 0x00AA
[323] [M]: 0x00000000800004F8 (0x00AA9A93) slli s5, s5, 0xa
x21 <- 0x7FFFFFFF00000000

mem[X,0x00000000800004FC] -> 0x8A93
mem[X,0x00000000800004FE] -> 0x200A
[324] [M]: 0x00000000800004FC (0x200A8A93) addi s5, s5, 0x200
x21 <- 0x7FFFFFFF00000200

mem[X,0x0000000080000500] -> 0x0437
mem[X,0x0000000080000502] -> 0x0001
[325] [M]: 0x0000000080000500 (0x00010437) lui fp, 0x10
x8 <- 0x0000000000010000

mem[X,0x0000000080000504] -> 0x0413
mem[X,0x0000000080000506] -> 0x0004
[326] [M]: 0x0000000080000504 (0x00040413) addi fp, fp, 0x0
x8 <- 0x0000000000010000

mem[X,0x0000000080000508] -> 0x1413
mem[X,0x000000008000050A] -> 0x00B4
[327] [M]: 0x0000000080000508 (0x00B41413) slli fp, fp, 0xb
x8 <- 0x0000000008000000

mem[X,0x000000008000050C] -> 0x0413
mem[X,0x000000008000050E] -> 0x0004
[328] [M]: 0x000000008000050C (0x00040413) addi fp, fp, 0x0
x8 <- 0x0000000008000000

mem[X,0x0000000080000510] -> 0x1413
mem[X,0x0000000080000512] -> 0x00B4
[329] [M]: 0x0000000080000510 (0x00B41413) slli fp, fp, 0xb
x8 <- 0x0000004000000000

mem[X,0x0000000080000514] -> 0x0413
mem[X,0x0000000080000516] -> 0x0004
[330] [M]: 0x0000000080000514 (0x00040413) addi fp, fp, 0x0
x8 <- 0x0000004000000000

mem[X,0x0000000080000518] -> 0x1413
mem[X,0x000000008000051A] -> 0x00A4
[331] [M]: 0x0000000080000518 (0x00A41413) slli fp, fp, 0xa
x8 <- 0x0001000000000000

mem[X,0x000000008000051C] -> 0x0413
mem[X,0x000000008000051E] -> 0x0064
[332] [M]: 0x000000008000051C (0x00640413) addi fp, fp, 0x6
x8 <- 0x0001000000000006

mem[X,0x0000000080000520] -> 0xEFBB
mem[X,0x0000000080000522] -> 0x9A8A
[333] [M]: 0x0000000080000520 (0x9A8AEFBB) paas.wx t6, s5, fp
x31 <- 0x40000002FFFF8100

mem[X,0x0000000080000524] -> 0x3023
mem[X,0x0000000080000526] -> 0x01F2
[334] [M]: 0x0000000080000524 (0x01F23023) sd t6, 0x0(tp)
mem[0x0000000080005180] <- 0x40000002FFFF8100

mem[X,0x0000000080000528] -> 0xF8B7
mem[X,0x000000008000052A] -> 0xFFFF
[335] [M]: 0x0000000080000528 (0xFFFFF8B7) lui a7, -0x1
x17 <- 0xFFFFFFFFFFFFF000

mem[X,0x000000008000052C] -> 0x8893
mem[X,0x000000008000052E] -> 0xFFF8
[336] [M]: 0x000000008000052C (0xFFF88893) addi a7, a7, -0x1
x17 <- 0xFFFFFFFFFFFFEFFF

mem[X,0x0000000080000530] -> 0x9893
mem[X,0x0000000080000532] -> 0x00B8
[337] [M]: 0x0000000080000530 (0x00B89893) slli a7, a7, 0xb
x17 <- 0xFFFFFFFFFF7FF800

mem[X,0x0000000080000534] -> 0x8893
mem[X,0x0000000080000536] -> 0x0008
[338] [M]: 0x0000000080000534 (0x00088893) addi a7, a7, 0x0
x17 <- 0xFFFFFFFFFF7FF800

mem[X,0x0000000080000538] -> 0x9893
mem[X,0x000000008000053A] -> 0x00B8
[339] [M]: 0x0000000080000538 (0x00B89893) slli a7, a7, 0xb
x17 <- 0xFFFFFFFBFFC00000

mem[X,0x000000008000053C] -> 0x8893
mem[X,0x000000008000053E] -> 0x0018
[340] [M]: 0x000000008000053C (0x00188893) addi a7, a7, 0x1
x17 <- 0xFFFFFFFBFFC00001

mem[X,0x0000000080000540] -> 0x9893
mem[X,0x0000000080000542] -> 0x00A8
[341] [M]: 0x0000000080000540 (0x00A89893) slli a7, a7, 0xa
x17 <- 0xFFFFEFFF00000400

mem[X,0x0000000080000544] -> 0x0993
mem[X,0x0000000080000546] -> 0x0010
[342] [M]: 0x0000000080000544 (0x00100993) addi s3, zero, 0x1
x19 <- 0x0000000000000001

mem[X,0x0000000080000548] -> 0x9993
mem[X,0x000000008000054A] -> 0x02D9
[343] [M]: 0x0000000080000548 (0x02D99993) slli s3, s3, 0x2d
x19 <- 0x0000200000000000

mem[X,0x000000008000054C] -> 0xC993
mem[X,0x000000008000054E] -> 0xFFF9
[344] [M]: 0x000000008000054C (0xFFF9C993) xori s3, s3, -0x1
x19 <- 0xFFFFDFFFFFFFFFFF

mem[X,0x0000000080000550] -> 0xE6BB
mem[X,0x0000000080000552] -> 0x9B38
[345] [M]: 0x0000000080000550 (0x9B38E6BB) paas.wx a3, a7, s3
x13 <- 0xFFFFF7FF00001200

mem[X,0x0000000080000554] -> 0x3423
mem[X,0x0000000080000556] -> 0x00D2
[346] [M]: 0x0000000080000554 (0x00D23423) sd a3, 0x8(tp)
mem[0x0000000080005188] <- 0xFFFFF7FF00001200

mem[X,0x0000000080000558] -> 0x0537
mem[X,0x000000008000055A] -> 0x0000
[347] [M]: 0x0000000080000558 (0x00000537) lui a0, 0x0
x10 <- 0x0000000000000000

mem[X,0x000000008000055C] -> 0x0513
mem[X,0x000000008000055E] -> 0xFF65
[348] [M]: 0x000000008000055C (0xFF650513) addi a0, a0, -0xa
x10 <- 0xFFFFFFFFFFFFFFF6

mem[X,0x0000000080000560] -> 0x1513
mem[X,0x0000000080000562] -> 0x00B5
[349] [M]: 0x0000000080000560 (0x00B51513) slli a0, a0, 0xb
x10 <- 0xFFFFFFFFFFFFB000

mem[X,0x0000000080000564] -> 0x0513
mem[X,0x0000000080000566] -> 0x0005
[350] [M]: 0x0000000080000564 (0x00050513) addi a0, a0, 0x0
x10 <- 0xFFFFFFFFFFFFB000

mem[X,0x0000000080000568] -> 0x1513
mem[X,0x000000008000056A] -> 0x00B5
[351] [M]: 0x0000000080000568 (0x00B51513) slli a0, a0, 0xb
x10 <- 0xFFFFFFFFFD800000

mem[X,0x000000008000056C] -> 0x0513
mem[X,0x000000008000056E] -> 0x0025
[352] [M]: 0x000000008000056C (0x00250513) addi a0, a0, 0x2
x10 <- 0xFFFFFFFFFD800002

mem[X,0x0000000080000570] -> 0x1513
mem[X,0x0000000080000572] -> 0x00A5
[353] [M]: 0x0000000080000570 (0x00A51513) slli a0, a0, 0xa
x10 <- 0xFFFFFFF600000800

mem[X,0x0000000080000574] -> 0x0D37
mem[X,0x0000000080000576] -> 0x0004
[354] [M]: 0x0000000080000574 (0x00040D37) lui s10, 0x40
x26 <- 0x0000000000040000

mem[X,0x0000000080000578] -> 0x0D13
mem[X,0x000000008000057A] -> 0x000D
[355] [M]: 0x0000000080000578 (0x000D0D13) addi s10, s10, 0x0
x26 <- 0x0000000000040000

mem[X,0x000000008000057C] -> 0x1D13
mem[X,0x000000008000057E] -> 0x00BD
[356] [M]: 0x000000008000057C (0x00BD1D13) slli s10, s10, 0xb
x26 <- 0x0000000020000000

mem[X,0x0000000080000580] -> 0x0D13
mem[X,0x0000000080000582] -> 0x5FFD
[357] [M]: 0x0000000080000580 (0x5FFD0D13) addi s10, s10, 0x5ff
x26 <- 0x00000000200005FF

mem[X,0x0000000080000584] -> 0x1D13
mem[X,0x0000000080000586] -> 0x00BD
[358] [M]: 0x0000000080000584 (0x00BD1D13) slli s10, s10, 0xb
x26 <- 0x00000100002FF800

mem[X,0x0000000080000588] -> 0x0D13
mem[X,0x000000008000058A] -> 0x7FFD
[359] [M]: 0x0000000080000588 (0x7FFD0D13) addi s10, s10, 0x7ff
x26 <- 0x00000100002FFFFF

mem[X,0x000000008000058C] -> 0x1D13
mem[X,0x000000008000058E] -> 0x00AD
[360] [M]: 0x000000008000058C (0x00AD1D13) slli s10, s10, 0xa
x26 <- 0x00040000BFFFFC00

mem[X,0x0000000080000590] -> 0x0D13
mem[X,0x0000000080000592] -> 0x3FFD
[361] [M]: 0x0000000080000590 (0x3FFD0D13) addi s10, s10, 0x3ff
x26 <- 0x00040000BFFFFFFF

mem[X,0x0000000080000594] -> 0x65BB
mem[X,0x0000000080000596] -> 0x9BA5
[362] [M]: 0x0000000080000594 (0x9BA565BB) paas.wx a1, a0, s10
x11 <- 0xDFFFFFFAFFFE0400

mem[X,0x0000000080000598] -> 0x3823
mem[X,0x000000008000059A] -> 0x00B2
[363] [M]: 0x0000000080000598 (0x00B23823) sd a1, 0x10(tp)
mem[0x0000000080005190] <- 0xDFFFFFFAFFFE0400

mem[X,0x000000008000059C] -> 0x0A37
mem[X,0x000000008000059E] -> 0x0030
[364] [M]: 0x000000008000059C (0x00300A37) lui s4, 0x300
x20 <- 0x0000000000300000

mem[X,0x00000000800005A0] -> 0x0A13
mem[X,0x00000000800005A2] -> 0x001A
[365] [M]: 0x00000000800005A0 (0x001A0A13) addi s4, s4, 0x1
x20 <- 0x0000000000300001

mem[X,0x00000000800005A4] -> 0x1A13
mem[X,0x00000000800005A6] -> 0x00CA
[366] [M]: 0x00000000800005A4 (0x00CA1A13) slli s4, s4, 0xc
x20 <- 0x0000000300001000

mem[X,0x00000000800005A8] -> 0x00B7
mem[X,0x00000000800005AA] -> 0xC000
[367] [M]: 0x00000000800005A8 (0xC00000B7) lui ra, -0x40000
x1 <- 0xFFFFFFFFC0000000

mem[X,0x00000000800005AC] -> 0x8093
mem[X,0x00000000800005AE] -> 0x0000
[368] [M]: 0x00000000800005AC (0x00008093) addi ra, ra, 0x0
x1 <- 0xFFFFFFFFC0000000

mem[X,0x00000000800005B0] -> 0x9093
mem[X,0x00000000800005B2] -> 0x00B0
[369] [M]: 0x00000000800005B0 (0x00B09093) slli ra, ra, 0xb
x1 <- 0xFFFFFE0000000000

mem[X,0x00000000800005B4] -> 0x8093
mem[X,0x00000000800005B6] -> 0x0100
[370] [M]: 0x00000000800005B4 (0x01008093) addi ra, ra, 0x10
x1 <- 0xFFFFFE0000000010

mem[X,0x00000000800005B8] -> 0x9093
mem[X,0x00000000800005BA] -> 0x00B0
[371] [M]: 0x00000000800005B8 (0x00B09093) slli ra, ra, 0xb
x1 <- 0xFFF0000000008000

mem[X,0x00000000800005BC] -> 0x8093
mem[X,0x00000000800005BE] -> 0x0000
[372] [M]: 0x00000000800005BC (0x00008093) addi ra, ra, 0x0
x1 <- 0xFFF0000000008000

mem[X,0x00000000800005C0] -> 0x9093
mem[X,0x00000000800005C2] -> 0x00A0
[373] [M]: 0x00000000800005C0 (0x00A09093) slli ra, ra, 0xa
x1 <- 0xC000000002000000

mem[X,0x00000000800005C4] -> 0x63BB
mem[X,0x00000000800005C6] -> 0x9A1A
[374] [M]: 0x00000000800005C4 (0x9A1A63BB) paas.wx t2, s4, ra
x7 <- 0x0100000120000800

mem[X,0x00000000800005C8] -> 0x3C23
mem[X,0x00000000800005CA] -> 0x0072
[375] [M]: 0x00000000800005C8 (0x00723C23) sd t2, 0x18(tp)
mem[0x0000000080005198] <- 0x0100000120000800

mem[X,0x00000000800005CC] -> 0x0437
mem[X,0x00000000800005CE] -> 0x8000
[376] [M]: 0x00000000800005CC (0x80000437) lui fp, -0x80000
x8 <- 0xFFFFFFFF80000000

mem[X,0x00000000800005D0] -> 0x0413
mem[X,0x00000000800005D2] -> 0x0004
[377] [M]: 0x00000000800005D0 (0x00040413) addi fp, fp, 0x0
x8 <- 0xFFFFFFFF80000000

mem[X,0x00000000800005D4] -> 0x1413
mem[X,0x00000000800005D6] -> 0x00B4
[378] [M]: 0x00000000800005D4 (0x00B41413) slli fp, fp, 0xb
x8 <- 0xFFFFFC0000000000

mem[X,0x00000000800005D8] -> 0x0413
mem[X,0x00000000800005DA] -> 0x0004
[379] [M]: 0x00000000800005D8 (0x00040413) addi fp, fp, 0x0
x8 <- 0xFFFFFC0000000000

mem[X,0x00000000800005DC] -> 0x1413
mem[X,0x00000000800005DE] -> 0x00B4
[380] [M]: 0x00000000800005DC (0x00B41413) slli fp, fp, 0xb
x8 <- 0xFFE0000000000000

mem[X,0x00000000800005E0] -> 0x0413
mem[X,0x00000000800005E2] -> 0x0084
[381] [M]: 0x00000000800005E0 (0x00840413) addi fp, fp, 0x8
x8 <- 0xFFE0000000000008

mem[X,0x00000000800005E4] -> 0x1413
mem[X,0x00000000800005E6] -> 0x00A4
[382] [M]: 0x00000000800005E4 (0x00A41413) slli fp, fp, 0xa
x8 <- 0x8000000000002000

mem[X,0x00000000800005E8] -> 0x0DB7
mem[X,0x00000000800005EA] -> 0x4000
[383] [M]: 0x00000000800005E8 (0x40000DB7) lui s11, 0x40000
x27 <- 0x0000000040000000

mem[X,0x00000000800005EC] -> 0x8D93
mem[X,0x00000000800005EE] -> 0x000D
[384] [M]: 0x00000000800005EC (0x000D8D93) addi s11, s11, 0x0
x27 <- 0x0000000040000000

mem[X,0x00000000800005F0] -> 0x9D93
mem[X,0x00000000800005F2] -> 0x00BD
[385] [M]: 0x00000000800005F0 (0x00BD9D93) slli s11, s11, 0xb
x27 <- 0x0000020000000000

mem[X,0x00000000800005F4] -> 0x8D93
mem[X,0x00000000800005F6] -> 0x7EFD
[386] [M]: 0x00000000800005F4 (0x7EFD8D93) addi s11, s11, 0x7ef
x27 <- 0x00000200000007EF

mem[X,0x00000000800005F8] -> 0x9D93
mem[X,0x00000000800005FA] -> 0x00BD
[387] [M]: 0x00000000800005F8 (0x00BD9D93) slli s11, s11, 0xb
x27 <- 0x00100000003F7800

mem[X,0x00000000800005FC] -> 0x8D93
mem[X,0x00000000800005FE] -> 0x7FFD
[388] [M]: 0x00000000800005FC (0x7FFD8D93) addi s11, s11, 0x7ff
x27 <- 0x00100000003F7FFF

mem[X,0x0000000080000600] -> 0x9D93
mem[X,0x0000000080000602] -> 0x00AD
[389] [M]: 0x0000000080000600 (0x00AD9D93) slli s11, s11, 0xa
x27 <- 0x40000000FDFFFC00

mem[X,0x0000000080000604] -> 0x8D93
mem[X,0x0000000080000606] -> 0x3FFD
[390] [M]: 0x0000000080000604 (0x3FFD8D93) addi s11, s11, 0x3ff
x27 <- 0x40000000FDFFFFFF

mem[X,0x0000000080000608] -> 0x633B
mem[X,0x000000008000060A] -> 0x9BB4
[391] [M]: 0x0000000080000608 (0x9BB4633B) paas.wx t1, fp, s11
x6 <- 0xBEFFFFFFE0001000

mem[X,0x000000008000060C] -> 0x3023
mem[X,0x000000008000060E] -> 0x0262
[392] [M]: 0x000000008000060C (0x02623023) sd t1, 0x20(tp)
mem[0x00000000800051A0] <- 0xBEFFFFFFE0001000

mem[X,0x0000000080000610] -> 0x0E37
mem[X,0x0000000080000612] -> 0x0008
[393] [M]: 0x0000000080000610 (0x00080E37) lui t3, 0x80
x28 <- 0x0000000000080000

mem[X,0x0000000080000614] -> 0x0E13
mem[X,0x0000000080000616] -> 0x000E
[394] [M]: 0x0000000080000614 (0x000E0E13) addi t3, t3, 0x0
x28 <- 0x0000000000080000

mem[X,0x0000000080000618] -> 0x1E13
mem[X,0x000000008000061A] -> 0x00BE
[395] [M]: 0x0000000080000618 (0x00BE1E13) slli t3, t3, 0xb
x28 <- 0x0000000040000000

mem[X,0x000000008000061C] -> 0x0E13
mem[X,0x000000008000061E] -> 0x000E
[396] [M]: 0x000000008000061C (0x000E0E13) addi t3, t3, 0x0
x28 <- 0x0000000040000000

mem[X,0x0000000080000620] -> 0x1E13
mem[X,0x0000000080000622] -> 0x00BE
[397] [M]: 0x0000000080000620 (0x00BE1E13) slli t3, t3, 0xb
x28 <- 0x0000020000000000

mem[X,0x0000000080000624] -> 0x0E13
mem[X,0x0000000080000626] -> 0x010E
[398] [M]: 0x0000000080000624 (0x010E0E13) addi t3, t3, 0x10
x28 <- 0x0000020000000010

mem[X,0x0000000080000628] -> 0x1E13
mem[X,0x000000008000062A] -> 0x00AE
[399] [M]: 0x0000000080000628 (0x00AE1E13) slli t3, t3, 0xa
x28 <- 0x0008000000004000

clint::tick mtime <- 0x0000000000000004
 clint timer pending at mtime 0x0000000000000004
htif::tick 0x0000000000000000
mem[X,0x000000008000062C] -> 0x0C93
mem[X,0x000000008000062E] -> 0x0060
[400] [M]: 0x000000008000062C (0x00600C93) addi s9, zero, 0x6
x25 <- 0x0000000000000006

mem[X,0x0000000080000630] -> 0x67BB
mem[X,0x0000000080000632] -> 0x9B9E
[401] [M]: 0x0000000080000630 (0x9B9E67BB) paas.wx a5, t3, s9
x15 <- 0x0004000300002000

mem[X,0x0000000080000634] -> 0x3423
mem[X,0x0000000080000636] -> 0x02F2
[402] [M]: 0x0000000080000634 (0x02F23423) sd a5, 0x28(tp)
mem[0x00000000800051A8] <- 0x0004000300002000

mem[X,0x0000000080000638] -> 0x0D37
mem[X,0x000000008000063A] -> 0x0002
[403] [M]: 0x0000000080000638 (0x00020D37) lui s10, 0x20
x26 <- 0x0000000000020000

mem[X,0x000000008000063C] -> 0x0D13
mem[X,0x000000008000063E] -> 0x001D
[404] [M]: 0x000000008000063C (0x001D0D13) addi s10, s10, 0x1
x26 <- 0x0000000000020001

mem[X,0x0000000080000640] -> 0x1D13
mem[X,0x0000000080000642] -> 0x00FD
[405] [M]: 0x0000000080000640 (0x00FD1D13) slli s10, s10, 0xf
x26 <- 0x0000000100008000

mem[X,0x0000000080000644] -> 0x0BB7
mem[X,0x0000000080000646] -> 0x0000
[406] [M]: 0x0000000080000644 (0x00000BB7) lui s7, 0x0
x23 <- 0x0000000000000000

mem[X,0x0000000080000648] -> 0x8B93
mem[X,0x000000008000064A] -> 0xEFFB
[407] [M]: 0x0000000080000648 (0xEFFB8B93) addi s7, s7, -0x101
x23 <- 0xFFFFFFFFFFFFFEFF

mem[X,0x000000008000064C] -> 0x9B93
mem[X,0x000000008000064E] -> 0x00BB
[408] [M]: 0x000000008000064C (0x00BB9B93) slli s7, s7, 0xb
x23 <- 0xFFFFFFFFFFF7F800

mem[X,0x0000000080000650] -> 0x8B93
mem[X,0x0000000080000652] -> 0x004B
[409] [M]: 0x0000000080000650 (0x004B8B93) addi s7, s7, 0x4
x23 <- 0xFFFFFFFFFFF7F804

mem[X,0x0000000080000654] -> 0x9B93
mem[X,0x0000000080000656] -> 0x00BB
[410] [M]: 0x0000000080000654 (0x00BB9B93) slli s7, s7, 0xb
x23 <- 0xFFFFFFFFBFC02000

mem[X,0x0000000080000658] -> 0x8B93
mem[X,0x000000008000065A] -> 0x000B
[411] [M]: 0x0000000080000658 (0x000B8B93) addi s7, s7, 0x0
x23 <- 0xFFFFFFFFBFC02000

mem[X,0x000000008000065C] -> 0x9B93
mem[X,0x000000008000065E] -> 0x00AB
[412] [M]: 0x000000008000065C (0x00AB9B93) slli s7, s7, 0xa
x23 <- 0xFFFFFEFF00800000

mem[X,0x0000000080000660] -> 0x6DBB
mem[X,0x0000000080000662] -> 0x9B7D
[413] [M]: 0x0000000080000660 (0x9B7D6DBB) paas.wx s11, s10, s7
x27 <- 0x0040000000004080

mem[X,0x0000000080000664] -> 0x3823
mem[X,0x0000000080000666] -> 0x03B2
[414] [M]: 0x0000000080000664 (0x03B23823) sd s11, 0x30(tp)
mem[0x00000000800051B0] <- 0x0040000000004080

mem[X,0x0000000080000668] -> 0x0DB7
mem[X,0x000000008000066A] -> 0x0000
[415] [M]: 0x0000000080000668 (0x00000DB7) lui s11, 0x0
x27 <- 0x0000000000000000

mem[X,0x000000008000066C] -> 0x8D93
mem[X,0x000000008000066E] -> 0xFFDD
[416] [M]: 0x000000008000066C (0xFFDD8D93) addi s11, s11, -0x3
x27 <- 0xFFFFFFFFFFFFFFFD

mem[X,0x0000000080000670] -> 0x9D93
mem[X,0x0000000080000672] -> 0x00BD
[417] [M]: 0x0000000080000670 (0x00BD9D93) slli s11, s11, 0xb
x27 <- 0xFFFFFFFFFFFFE800

mem[X,0x0000000080000674] -> 0x8D93
mem[X,0x0000000080000676] -> 0x000D
[418] [M]: 0x0000000080000674 (0x000D8D93) addi s11, s11, 0x0
x27 <- 0xFFFFFFFFFFFFE800

mem[X,0x0000000080000678] -> 0x9D93
mem[X,0x000000008000067A] -> 0x00BD
[419] [M]: 0x0000000080000678 (0x00BD9D93) slli s11, s11, 0xb
x27 <- 0xFFFFFFFFFF400000

mem[X,0x000000008000067C] -> 0x8D93
mem[X,0x000000008000067E] -> 0x040D
[420] [M]: 0x000000008000067C (0x040D8D93) addi s11, s11, 0x40
x27 <- 0xFFFFFFFFFF400040

mem[X,0x0000000080000680] -> 0x9D93
mem[X,0x0000000080000682] -> 0x00AD
[421] [M]: 0x0000000080000680 (0x00AD9D93) slli s11, s11, 0xa
x27 <- 0xFFFFFFFD00010000

mem[X,0x0000000080000684] -> 0x07B7
mem[X,0x0000000080000686] -> 0x2000
[422] [M]: 0x0000000080000684 (0x200007B7) lui a5, 0x20000
x15 <- 0x0000000020000000

mem[X,0x0000000080000688] -> 0x8793
mem[X,0x000000008000068A] -> 0x0007
[423] [M]: 0x0000000080000688 (0x00078793) addi a5, a5, 0x0
x15 <- 0x0000000020000000

mem[X,0x000000008000068C] -> 0x9793
mem[X,0x000000008000068E] -> 0x00B7
[424] [M]: 0x000000008000068C (0x00B79793) slli a5, a5, 0xb
x15 <- 0x0000010000000000

mem[X,0x0000000080000690] -> 0x8793
mem[X,0x0000000080000692] -> 0x0207
[425] [M]: 0x0000000080000690 (0x02078793) addi a5, a5, 0x20
x15 <- 0x0000010000000020

mem[X,0x0000000080000694] -> 0x9793
mem[X,0x0000000080000696] -> 0x00B7
[426] [M]: 0x0000000080000694 (0x00B79793) slli a5, a5, 0xb
x15 <- 0x0008000000010000

mem[X,0x0000000080000698] -> 0x8793
mem[X,0x000000008000069A] -> 0x0007
[427] [M]: 0x0000000080000698 (0x00078793) addi a5, a5, 0x0
x15 <- 0x0008000000010000

mem[X,0x000000008000069C] -> 0x9793
mem[X,0x000000008000069E] -> 0x00A7
[428] [M]: 0x000000008000069C (0x00A79793) slli a5, a5, 0xa
x15 <- 0x2000000004000000

mem[X,0x00000000800006A0] -> 0xE43B
mem[X,0x00000000800006A2] -> 0x9AFD
[429] [M]: 0x00000000800006A0 (0x9AFDE43B) paas.wx fp, s11, a5
x8 <- 0x01FFFFFEF0008000

mem[X,0x00000000800006A4] -> 0x3C23
mem[X,0x00000000800006A6] -> 0x0282
[430] [M]: 0x00000000800006A4 (0x02823C23) sd fp, 0x38(tp)
mem[0x00000000800051B8] <- 0x01FFFFFEF0008000

mem[X,0x00000000800006A8] -> 0x0637
mem[X,0x00000000800006AA] -> 0x0000
[431] [M]: 0x00000000800006A8 (0x00000637) lui a2, 0x0
x12 <- 0x0000000000000000

mem[X,0x00000000800006AC] -> 0x0613
mem[X,0x00000000800006AE] -> 0xFFB6
[432] [M]: 0x00000000800006AC (0xFFB60613) addi a2, a2, -0x5
x12 <- 0xFFFFFFFFFFFFFFFB

mem[X,0x00000000800006B0] -> 0x1613
mem[X,0x00000000800006B2] -> 0x00B6
[433] [M]: 0x00000000800006B0 (0x00B61613) slli a2, a2, 0xb
x12 <- 0xFFFFFFFFFFFFD800

mem[X,0x00000000800006B4] -> 0x0613
mem[X,0x00000000800006B6] -> 0x0006
[434] [M]: 0x00000000800006B4 (0x00060613) addi a2, a2, 0x0
x12 <- 0xFFFFFFFFFFFFD800

mem[X,0x00000000800006B8] -> 0x1613
mem[X,0x00000000800006BA] -> 0x00B6
[435] [M]: 0x00000000800006B8 (0x00B61613) slli a2, a2, 0xb
x12 <- 0xFFFFFFFFFEC00000

mem[X,0x00000000800006BC] -> 0x0613
mem[X,0x00000000800006BE] -> 0x0806
[436] [M]: 0x00000000800006BC (0x08060613) addi a2, a2, 0x80
x12 <- 0xFFFFFFFFFEC00080

mem[X,0x00000000800006C0] -> 0x1613
mem[X,0x00000000800006C2] -> 0x00A6
[437] [M]: 0x00000000800006C0 (0x00A61613) slli a2, a2, 0xa
x12 <- 0xFFFFFFFB00020000

mem[X,0x00000000800006C4] -> 0x02B7
mem[X,0x00000000800006C6] -> 0x8000
[438] [M]: 0x00000000800006C4 (0x800002B7) lui t0, -0x80000
x5 <- 0xFFFFFFFF80000000

mem[X,0x00000000800006C8] -> 0x8293
mem[X,0x00000000800006CA] -> 0xFFF2
[439] [M]: 0x00000000800006C8 (0xFFF28293) addi t0, t0, -0x1
x5 <- 0xFFFFFFFF7FFFFFFF

mem[X,0x00000000800006CC] -> 0x9293
mem[X,0x00000000800006CE] -> 0x00B2
[440] [M]: 0x00000000800006CC (0x00B29293) slli t0, t0, 0xb
x5 <- 0xFFFFFBFFFFFFF800

mem[X,0x00000000800006D0] -> 0x8293
mem[X,0x00000000800006D2] -> 0x0012
[441] [M]: 0x00000000800006D0 (0x00128293) addi t0, t0, 0x1
x5 <- 0xFFFFFBFFFFFFF801

mem[X,0x00000000800006D4] -> 0x9293
mem[X,0x00000000800006D6] -> 0x00B2
[442] [M]: 0x00000000800006D4 (0x00B29293) slli t0, t0, 0xb
x5 <- 0xFFDFFFFFFFC00800

mem[X,0x00000000800006D8] -> 0x8293
mem[X,0x00000000800006DA] -> 0x0002
[443] [M]: 0x00000000800006D8 (0x00028293) addi t0, t0, 0x0
x5 <- 0xFFDFFFFFFFC00800

mem[X,0x00000000800006DC] -> 0x9293
mem[X,0x00000000800006DE] -> 0x00A2
[444] [M]: 0x00000000800006DC (0x00A29293) slli t0, t0, 0xa
x5 <- 0x7FFFFFFF00200000

mem[X,0x00000000800006E0] -> 0x64BB
mem[X,0x00000000800006E2] -> 0x9A56
[445] [M]: 0x00000000800006E0 (0x9A5664BB) paas.wx s1, a2, t0
x9 <- 0x000FFFFDC0010000

mem[X,0x00000000800006E4] -> 0x3023
mem[X,0x00000000800006E6] -> 0x0492
[446] [M]: 0x00000000800006E4 (0x04923023) sd s1, 0x40(tp)
mem[0x00000000800051C0] <- 0x000FFFFDC0010000

mem[X,0x00000000800006E8] -> 0x02B7
mem[X,0x00000000800006EA] -> 0xFFFF
[447] [M]: 0x00000000800006E8 (0xFFFF02B7) lui t0, -0x10
x5 <- 0xFFFFFFFFFFFF0000

mem[X,0x00000000800006EC] -> 0x8293
mem[X,0x00000000800006EE] -> 0xFFF2
[448] [M]: 0x00000000800006EC (0xFFF28293) addi t0, t0, -0x1
x5 <- 0xFFFFFFFFFFFEFFFF

mem[X,0x00000000800006F0] -> 0x9293
mem[X,0x00000000800006F2] -> 0x00B2
[449] [M]: 0x00000000800006F0 (0x00B29293) slli t0, t0, 0xb
x5 <- 0xFFFFFFFFF7FFF800

mem[X,0x00000000800006F4] -> 0x8293
mem[X,0x00000000800006F6] -> 0x0002
[450] [M]: 0x00000000800006F4 (0x00028293) addi t0, t0, 0x0
x5 <- 0xFFFFFFFFF7FFF800

mem[X,0x00000000800006F8] -> 0x9293
mem[X,0x00000000800006FA] -> 0x00B2
[451] [M]: 0x00000000800006F8 (0x00B29293) slli t0, t0, 0xb
x5 <- 0xFFFFFFBFFFC00000

mem[X,0x00000000800006FC] -> 0x8293
mem[X,0x00000000800006FE] -> 0x1002
[452] [M]: 0x00000000800006FC (0x10028293) addi t0, t0, 0x100
x5 <- 0xFFFFFFBFFFC00100

mem[X,0x0000000080000700] -> 0x9293
mem[X,0x0000000080000702] -> 0x00A2
[453] [M]: 0x0000000080000700 (0x00A29293) slli t0, t0, 0xa
x5 <- 0xFFFEFFFF00040000

mem[X,0x0000000080000704] -> 0x06B7
mem[X,0x0000000080000706] -> 0x4000
[454] [M]: 0x0000000080000704 (0x400006B7) lui a3, 0x40000
x13 <- 0x0000000040000000

mem[X,0x0000000080000708] -> 0x8693
mem[X,0x000000008000070A] -> 0xFFF6
[455] [M]: 0x0000000080000708 (0xFFF68693) addi a3, a3, -0x1
x13 <- 0x000000003FFFFFFF

mem[X,0x000000008000070C] -> 0x9693
mem[X,0x000000008000070E] -> 0x00B6
[456] [M]: 0x000000008000070C (0x00B69693) slli a3, a3, 0xb
x13 <- 0x000001FFFFFFF800

mem[X,0x0000000080000710] -> 0x8693
mem[X,0x0000000080000712] -> 0x7FD6
[457] [M]: 0x0000000080000710 (0x7FD68693) addi a3, a3, 0x7fd
x13 <- 0x000001FFFFFFFFFD

mem[X,0x0000000080000714] -> 0x9693
mem[X,0x0000000080000716] -> 0x00B6
[458] [M]: 0x0000000080000714 (0x00B69693) slli a3, a3, 0xb
x13 <- 0x000FFFFFFFFFE800

mem[X,0x0000000080000718] -> 0x8693
mem[X,0x000000008000071A] -> 0x7FF6
[459] [M]: 0x0000000080000718 (0x7FF68693) addi a3, a3, 0x7ff
x13 <- 0x000FFFFFFFFFEFFF

mem[X,0x000000008000071C] -> 0x9693
mem[X,0x000000008000071E] -> 0x00A6
[460] [M]: 0x000000008000071C (0x00A69693) slli a3, a3, 0xa
x13 <- 0x3FFFFFFFFFBFFC00

mem[X,0x0000000080000720] -> 0x8693
mem[X,0x0000000080000722] -> 0x3FF6
[461] [M]: 0x0000000080000720 (0x3FF68693) addi a3, a3, 0x3ff
x13 <- 0x3FFFFFFFFFBFFFFF

mem[X,0x0000000080000724] -> 0xEF3B
mem[X,0x0000000080000726] -> 0x9AD2
[462] [M]: 0x0000000080000724 (0x9AD2EF3B) paas.wx t5, t0, a3
x30 <- 0xFFDF7FFFE0020000

mem[X,0x0000000080000728] -> 0x3423
mem[X,0x000000008000072A] -> 0x05E2
[463] [M]: 0x0000000080000728 (0x05E23423) sd t5, 0x48(tp)
mem[0x00000000800051C8] <- 0xFFDF7FFFE0020000

mem[X,0x000000008000072C] -> 0x0BB7
mem[X,0x000000008000072E] -> 0x0002
[464] [M]: 0x000000008000072C (0x00020BB7) lui s7, 0x20
x23 <- 0x0000000000020000

mem[X,0x0000000080000730] -> 0x8B93
mem[X,0x0000000080000732] -> 0x001B
[465] [M]: 0x0000000080000730 (0x001B8B93) addi s7, s7, 0x1
x23 <- 0x0000000000020001

mem[X,0x0000000080000734] -> 0x9B93
mem[X,0x0000000080000736] -> 0x013B
[466] [M]: 0x0000000080000734 (0x013B9B93) slli s7, s7, 0x13
x23 <- 0x0000001000080000

mem[X,0x0000000080000738] -> 0xF4B7
mem[X,0x000000008000073A] -> 0xFFFF
[467] [M]: 0x0000000080000738 (0xFFFFF4B7) lui s1, -0x1
x9 <- 0xFFFFFFFFFFFFF000

mem[X,0x000000008000073C] -> 0x8493
mem[X,0x000000008000073E] -> 0xFFF4
[468] [M]: 0x000000008000073C (0xFFF48493) addi s1, s1, -0x1
x9 <- 0xFFFFFFFFFFFFEFFF

mem[X,0x0000000080000740] -> 0x9493
mem[X,0x0000000080000742] -> 0x00B4
[469] [M]: 0x0000000080000740 (0x00B49493) slli s1, s1, 0xb
x9 <- 0xFFFFFFFFFF7FF800

mem[X,0x0000000080000744] -> 0x8493
mem[X,0x0000000080000746] -> 0x0004
[470] [M]: 0x0000000080000744 (0x00048493) addi s1, s1, 0x0
x9 <- 0xFFFFFFFFFF7FF800

mem[X,0x0000000080000748] -> 0x9493
mem[X,0x000000008000074A] -> 0x00B4
[471] [M]: 0x0000000080000748 (0x00B49493) slli s1, s1, 0xb
x9 <- 0xFFFFFFFBFFC00000

mem[X,0x000000008000074C] -> 0x8493
mem[X,0x000000008000074E] -> 0x2004
[472] [M]: 0x000000008000074C (0x20048493) addi s1, s1, 0x200
x9 <- 0xFFFFFFFBFFC00200

mem[X,0x0000000080000750] -> 0x9493
mem[X,0x0000000080000752] -> 0x00A4
[473] [M]: 0x0000000080000750 (0x00A49493) slli s1, s1, 0xa
x9 <- 0xFFFFEFFF00080000

mem[X,0x0000000080000754] -> 0xE63B
mem[X,0x0000000080000756] -> 0x9A9B
[474] [M]: 0x0000000080000754 (0x9A9BE63B) paas.wx a2, s7, s1
x12 <- 0x0004000800040800

mem[X,0x0000000080000758] -> 0x3823
mem[X,0x000000008000075A] -> 0x04C2
[475] [M]: 0x0000000080000758 (0x04C23823) sd a2, 0x50(tp)
mem[0x00000000800051D0] <- 0x0004000800040800

mem[X,0x000000008000075C] -> 0x5FB7
mem[X,0x000000008000075E] -> 0x5555
[476] [M]: 0x000000008000075C (0x55555FB7) lui t6, 0x55555
x31 <- 0x0000000055555000

mem[X,0x0000000080000760] -> 0x8F93
mem[X,0x0000000080000762] -> 0x555F
[477] [M]: 0x0000000080000760 (0x555F8F93) addi t6, t6, 0x555
x31 <- 0x0000000055555555

mem[X,0x0000000080000764] -> 0x9F93
mem[X,0x0000000080000766] -> 0x00BF
[478] [M]: 0x0000000080000764 (0x00BF9F93) slli t6, t6, 0xb
x31 <- 0x000002AAAAAAA800

mem[X,0x0000000080000768] -> 0x8F93
mem[X,0x000000008000076A] -> 0x000F
[479] [M]: 0x0000000080000768 (0x000F8F93) addi t6, t6, 0x0
x31 <- 0x000002AAAAAAA800

mem[X,0x000000008000076C] -> 0x9F93
mem[X,0x000000008000076E] -> 0x00BF
[480] [M]: 0x000000008000076C (0x00BF9F93) slli t6, t6, 0xb
x31 <- 0x0015555555400000

mem[X,0x0000000080000770] -> 0x8F93
mem[X,0x0000000080000772] -> 0x400F
[481] [M]: 0x0000000080000770 (0x400F8F93) addi t6, t6, 0x400
x31 <- 0x0015555555400400

mem[X,0x0000000080000774] -> 0x9F93
mem[X,0x0000000080000776] -> 0x00AF
[482] [M]: 0x0000000080000774 (0x00AF9F93) slli t6, t6, 0xa
x31 <- 0x5555555500100000

mem[X,0x0000000080000778] -> 0x0937
mem[X,0x000000008000077A] -> 0x0080
[483] [M]: 0x0000000080000778 (0x00800937) lui s2, 0x800
x18 <- 0x0000000000800000

mem[X,0x000000008000077C] -> 0x0913
mem[X,0x000000008000077E] -> 0x0009
[484] [M]: 0x000000008000077C (0x00090913) addi s2, s2, 0x0
x18 <- 0x0000000000800000

mem[X,0x0000000080000780] -> 0x1913
mem[X,0x0000000080000782] -> 0x00B9
[485] [M]: 0x0000000080000780 (0x00B91913) slli s2, s2, 0xb
x18 <- 0x0000000400000000

mem[X,0x0000000080000784] -> 0x0913
mem[X,0x0000000080000786] -> 0x7DF9
[486] [M]: 0x0000000080000784 (0x7DF90913) addi s2, s2, 0x7df
x18 <- 0x00000004000007DF

mem[X,0x0000000080000788] -> 0x1913
mem[X,0x000000008000078A] -> 0x00B9
[487] [M]: 0x0000000080000788 (0x00B91913) slli s2, s2, 0xb
x18 <- 0x00002000003EF800

mem[X,0x000000008000078C] -> 0x0913
mem[X,0x000000008000078E] -> 0x7FF9
[488] [M]: 0x000000008000078C (0x7FF90913) addi s2, s2, 0x7ff
x18 <- 0x00002000003EFFFF

mem[X,0x0000000080000790] -> 0x1913
mem[X,0x0000000080000792] -> 0x00A9
[489] [M]: 0x0000000080000790 (0x00A91913) slli s2, s2, 0xa
x18 <- 0x00800000FBFFFC00

mem[X,0x0000000080000794] -> 0x0913
mem[X,0x0000000080000796] -> 0x3FF9
[490] [M]: 0x0000000080000794 (0x3FF90913) addi s2, s2, 0x3ff
x18 <- 0x00800000FBFFFFFF

mem[X,0x0000000080000798] -> 0xEB3B
mem[X,0x000000008000079A] -> 0x9B2F
[491] [M]: 0x0000000080000798 (0x9B2FEB3B) paas.wx s6, t6, s2
x22 <- 0x28AAAAAAFFC80000

mem[X,0x000000008000079C] -> 0x3C23
mem[X,0x000000008000079E] -> 0x0562
[492] [M]: 0x000000008000079C (0x05623C23) sd s6, 0x58(tp)
mem[0x00000000800051D8] <- 0x28AAAAAAFFC80000

mem[X,0x00000000800007A0] -> 0x0037
mem[X,0x00000000800007A2] -> 0x0020
[493] [M]: 0x00000000800007A0 (0x00200037) lui zero, 0x200

mem[X,0x00000000800007A4] -> 0x0013
mem[X,0x00000000800007A6] -> 0x0000
[494] [M]: 0x00000000800007A4 (0x00000013) addi zero, zero, 0x0

mem[X,0x00000000800007A8] -> 0x1013
mem[X,0x00000000800007AA] -> 0x00B0
[495] [M]: 0x00000000800007A8 (0x00B01013) slli zero, zero, 0xb

mem[X,0x00000000800007AC] -> 0x0013
mem[X,0x00000000800007AE] -> 0x0010
[496] [M]: 0x00000000800007AC (0x00100013) addi zero, zero, 0x1

mem[X,0x00000000800007B0] -> 0x1013
mem[X,0x00000000800007B2] -> 0x00B0
[497] [M]: 0x00000000800007B0 (0x00B01013) slli zero, zero, 0xb

mem[X,0x00000000800007B4] -> 0x0013
mem[X,0x00000000800007B6] -> 0x0000
[498] [M]: 0x00000000800007B4 (0x00000013) addi zero, zero, 0x0

mem[X,0x00000000800007B8] -> 0x1013
mem[X,0x00000000800007BA] -> 0x00A0
[499] [M]: 0x00000000800007B8 (0x00A01013) slli zero, zero, 0xa

clint::tick mtime <- 0x0000000000000005
 clint timer pending at mtime 0x0000000000000005
htif::tick 0x0000000000000000
mem[X,0x00000000800007BC] -> 0x03B7
mem[X,0x00000000800007BE] -> 0x0800
[500] [M]: 0x00000000800007BC (0x080003B7) lui t2, 0x8000
x7 <- 0x0000000008000000

mem[X,0x00000000800007C0] -> 0x8393
mem[X,0x00000000800007C2] -> 0x0003
[501] [M]: 0x00000000800007C0 (0x00038393) addi t2, t2, 0x0
x7 <- 0x0000000008000000

mem[X,0x00000000800007C4] -> 0x9393
mem[X,0x00000000800007C6] -> 0x00B3
[502] [M]: 0x00000000800007C4 (0x00B39393) slli t2, t2, 0xb
x7 <- 0x0000004000000000

mem[X,0x00000000800007C8] -> 0x8393
mem[X,0x00000000800007CA] -> 0x7FF3
[503] [M]: 0x00000000800007C8 (0x7FF38393) addi t2, t2, 0x7ff
x7 <- 0x00000040000007FF

mem[X,0x00000000800007CC] -> 0x9393
mem[X,0x00000000800007CE] -> 0x00B3
[504] [M]: 0x00000000800007CC (0x00B39393) slli t2, t2, 0xb
x7 <- 0x00020000003FF800

mem[X,0x00000000800007D0] -> 0x8393
mem[X,0x00000000800007D2] -> 0x77F3
[505] [M]: 0x00000000800007D0 (0x77F38393) addi t2, t2, 0x77f
x7 <- 0x00020000003FFF7F

mem[X,0x00000000800007D4] -> 0x9393
mem[X,0x00000000800007D6] -> 0x00A3
[506] [M]: 0x00000000800007D4 (0x00A39393) slli t2, t2, 0xa
x7 <- 0x08000000FFFDFC00

mem[X,0x00000000800007D8] -> 0x8393
mem[X,0x00000000800007DA] -> 0x3FF3
[507] [M]: 0x00000000800007D8 (0x3FF38393) addi t2, t2, 0x3ff
x7 <- 0x08000000FFFDFFFF

mem[X,0x00000000800007DC] -> 0x6ABB
mem[X,0x00000000800007DE] -> 0x9A70
[508] [M]: 0x00000000800007DC (0x9A706ABB) paas.wx s5, zero, t2
x21 <- 0xFFFEFFFFFC000000

mem[X,0x00000000800007E0] -> 0x3023
mem[X,0x00000000800007E2] -> 0x0752
[509] [M]: 0x00000000800007E0 (0x07523023) sd s5, 0x60(tp)
mem[0x00000000800051E0] <- 0xFFFEFFFFFC000000

mem[X,0x00000000800007E4] -> 0x0337
mem[X,0x00000000800007E6] -> 0x0000
[510] [M]: 0x00000000800007E4 (0x00000337) lui t1, 0x0
x6 <- 0x0000000000000000

mem[X,0x00000000800007E8] -> 0x0313
mem[X,0x00000000800007EA] -> 0xFF93
[511] [M]: 0x00000000800007E8 (0xFF930313) addi t1, t1, -0x7
x6 <- 0xFFFFFFFFFFFFFFF9

mem[X,0x00000000800007EC] -> 0x1313
mem[X,0x00000000800007EE] -> 0x00B3
[512] [M]: 0x00000000800007EC (0x00B31313) slli t1, t1, 0xb
x6 <- 0xFFFFFFFFFFFFC800

mem[X,0x00000000800007F0] -> 0x0313
mem[X,0x00000000800007F2] -> 0x0023
[513] [M]: 0x00000000800007F0 (0x00230313) addi t1, t1, 0x2
x6 <- 0xFFFFFFFFFFFFC802

mem[X,0x00000000800007F4] -> 0x1313
mem[X,0x00000000800007F6] -> 0x00B3
[514] [M]: 0x00000000800007F4 (0x00B31313) slli t1, t1, 0xb
x6 <- 0xFFFFFFFFFE401000

mem[X,0x00000000800007F8] -> 0x0313
mem[X,0x00000000800007FA] -> 0x0003
[515] [M]: 0x00000000800007F8 (0x00030313) addi t1, t1, 0x0
x6 <- 0xFFFFFFFFFE401000

mem[X,0x00000000800007FC] -> 0x1313
mem[X,0x00000000800007FE] -> 0x00A3
[516] [M]: 0x00000000800007FC (0x00A31313) slli t1, t1, 0xa
x6 <- 0xFFFFFFF900400000

mem[X,0x0000000080000800] -> 0x0637
mem[X,0x0000000080000802] -> 0x4000
[517] [M]: 0x0000000080000800 (0x40000637) lui a2, 0x40000
x12 <- 0x0000000040000000

mem[X,0x0000000080000804] -> 0x0613
mem[X,0x0000000080000806] -> 0x0016
[518] [M]: 0x0000000080000804 (0x00160613) addi a2, a2, 0x1
x12 <- 0x0000000040000001

mem[X,0x0000000080000808] -> 0x1613
mem[X,0x000000008000080A] -> 0x0036
[519] [M]: 0x0000000080000808 (0x00361613) slli a2, a2, 0x3
x12 <- 0x0000000200000008

mem[X,0x000000008000080C] -> 0x693B
mem[X,0x000000008000080E] -> 0x9AC3
[520] [M]: 0x000000008000080C (0x9AC3693B) paas.wx s2, t1, a2
x18 <- 0x00000000001FFFFF

mem[X,0x0000000080000810] -> 0x3423
mem[X,0x0000000080000812] -> 0x0722
[521] [M]: 0x0000000080000810 (0x07223423) sd s2, 0x68(tp)
mem[0x00000000800051E8] <- 0x00000000001FFFFF

mem[X,0x0000000080000814] -> 0x05B7
mem[X,0x0000000080000816] -> 0x0000
[522] [M]: 0x0000000080000814 (0x000005B7) lui a1, 0x0
x11 <- 0x0000000000000000

mem[X,0x0000000080000818] -> 0x8593
mem[X,0x000000008000081A] -> 0xFDF5
[523] [M]: 0x0000000080000818 (0xFDF58593) addi a1, a1, -0x21
x11 <- 0xFFFFFFFFFFFFFFDF

mem[X,0x000000008000081C] -> 0x9593
mem[X,0x000000008000081E] -> 0x00B5
[524] [M]: 0x000000008000081C (0x00B59593) slli a1, a1, 0xb
x11 <- 0xFFFFFFFFFFFEF800

mem[X,0x0000000080000820] -> 0x8593
mem[X,0x0000000080000822] -> 0x0045
[525] [M]: 0x0000000080000820 (0x00458593) addi a1, a1, 0x4
x11 <- 0xFFFFFFFFFFFEF804

mem[X,0x0000000080000824] -> 0x9593
mem[X,0x0000000080000826] -> 0x00B5
[526] [M]: 0x0000000080000824 (0x00B59593) slli a1, a1, 0xb
x11 <- 0xFFFFFFFFF7C02000

mem[X,0x0000000080000828] -> 0x8593
mem[X,0x000000008000082A] -> 0x0005
[527] [M]: 0x0000000080000828 (0x00058593) addi a1, a1, 0x0
x11 <- 0xFFFFFFFFF7C02000

mem[X,0x000000008000082C] -> 0x9593
mem[X,0x000000008000082E] -> 0x00A5
[528] [M]: 0x000000008000082C (0x00A59593) slli a1, a1, 0xa
x11 <- 0xFFFFFFDF00800000

mem[X,0x0000000080000830] -> 0x41B7
mem[X,0x0000000080000832] -> 0x0000
[529] [M]: 0x0000000080000830 (0x000041B7) lui gp, 0x4
x3 <- 0x0000000000004000

mem[X,0x0000000080000834] -> 0x8193
mem[X,0x0000000080000836] -> 0x0001
[530] [M]: 0x0000000080000834 (0x00018193) addi gp, gp, 0x0
x3 <- 0x0000000000004000

mem[X,0x0000000080000838] -> 0x9193
mem[X,0x000000008000083A] -> 0x00B1
[531] [M]: 0x0000000080000838 (0x00B19193) slli gp, gp, 0xb
x3 <- 0x0000000002000000

mem[X,0x000000008000083C] -> 0x8193
mem[X,0x000000008000083E] -> 0x7FF1
[532] [M]: 0x000000008000083C (0x7FF18193) addi gp, gp, 0x7ff
x3 <- 0x00000000020007FF

mem[X,0x0000000080000840] -> 0x9193
mem[X,0x0000000080000842] -> 0x00B1
[533] [M]: 0x0000000080000840 (0x00B19193) slli gp, gp, 0xb
x3 <- 0x00000010003FF800

mem[X,0x0000000080000844] -> 0x8193
mem[X,0x0000000080000846] -> 0x77F1
[534] [M]: 0x0000000080000844 (0x77F18193) addi gp, gp, 0x77f
x3 <- 0x00000010003FFF7F

mem[X,0x0000000080000848] -> 0x9193
mem[X,0x000000008000084A] -> 0x00A1
[535] [M]: 0x0000000080000848 (0x00A19193) slli gp, gp, 0xa
x3 <- 0x00004000FFFDFC00

mem[X,0x000000008000084C] -> 0x8193
mem[X,0x000000008000084E] -> 0x3FF1
[536] [M]: 0x000000008000084C (0x3FF18193) addi gp, gp, 0x3ff
x3 <- 0x00004000FFFDFFFF

mem[X,0x0000000080000850] -> 0xED3B
mem[X,0x0000000080000852] -> 0x9A35
[537] [M]: 0x0000000080000850 (0x9A35ED3B) paas.wx s10, a1, gp
x26 <- 0xFFFEFFEF003FE000

mem[X,0x0000000080000854] -> 0x3823
mem[X,0x0000000080000856] -> 0x07A2
[538] [M]: 0x0000000080000854 (0x07A23823) sd s10, 0x70(tp)
mem[0x00000000800051F0] <- 0xFFFEFFEF003FE000

mem[X,0x0000000080000858] -> 0x0CB7
mem[X,0x000000008000085A] -> 0x0000
[539] [M]: 0x0000000080000858 (0x00000CB7) lui s9, 0x0
x25 <- 0x0000000000000000

mem[X,0x000000008000085C] -> 0x8C93
mem[X,0x000000008000085E] -> 0xBFFC
[540] [M]: 0x000000008000085C (0xBFFC8C93) addi s9, s9, -0x401
x25 <- 0xFFFFFFFFFFFFFBFF

mem[X,0x0000000080000860] -> 0x9C93
mem[X,0x0000000080000862] -> 0x00BC
[541] [M]: 0x0000000080000860 (0x00BC9C93) slli s9, s9, 0xb
x25 <- 0xFFFFFFFFFFDFF800

mem[X,0x0000000080000864] -> 0x8C93
mem[X,0x0000000080000866] -> 0x008C
[542] [M]: 0x0000000080000864 (0x008C8C93) addi s9, s9, 0x8
x25 <- 0xFFFFFFFFFFDFF808

mem[X,0x0000000080000868] -> 0x9C93
mem[X,0x000000008000086A] -> 0x00BC
[543] [M]: 0x0000000080000868 (0x00BC9C93) slli s9, s9, 0xb
x25 <- 0xFFFFFFFEFFC04000

mem[X,0x000000008000086C] -> 0x8C93
mem[X,0x000000008000086E] -> 0x000C
[544] [M]: 0x000000008000086C (0x000C8C93) addi s9, s9, 0x0
x25 <- 0xFFFFFFFEFFC04000

mem[X,0x0000000080000870] -> 0x9C93
mem[X,0x0000000080000872] -> 0x00AC
[545] [M]: 0x0000000080000870 (0x00AC9C93) slli s9, s9, 0xa
x25 <- 0xFFFFFBFF01000000

mem[X,0x0000000080000874] -> 0x0537
mem[X,0x0000000080000876] -> 0xF800
[546] [M]: 0x0000000080000874 (0xF8000537) lui a0, -0x8000
x10 <- 0xFFFFFFFFF8000000

mem[X,0x0000000080000878] -> 0x0513
mem[X,0x000000008000087A] -> 0xFFF5
[547] [M]: 0x0000000080000878 (0xFFF50513) addi a0, a0, -0x1
x10 <- 0xFFFFFFFFF7FFFFFF

mem[X,0x000000008000087C] -> 0x1513
mem[X,0x000000008000087E] -> 0x00B5
[548] [M]: 0x000000008000087C (0x00B51513) slli a0, a0, 0xb
x10 <- 0xFFFFFFBFFFFFF800

mem[X,0x0000000080000880] -> 0x0513
mem[X,0x0000000080000882] -> 0x7FF5
[549] [M]: 0x0000000080000880 (0x7FF50513) addi a0, a0, 0x7ff
x10 <- 0xFFFFFFBFFFFFFFFF

mem[X,0x0000000080000884] -> 0x1513
mem[X,0x0000000080000886] -> 0x00B5
[550] [M]: 0x0000000080000884 (0x00B51513) slli a0, a0, 0xb
x10 <- 0xFFFDFFFFFFFFF800

mem[X,0x0000000080000888] -> 0x0513
mem[X,0x000000008000088A] -> 0x7BF5
[551] [M]: 0x0000000080000888 (0x7BF50513) addi a0, a0, 0x7bf
x10 <- 0xFFFDFFFFFFFFFFBF

mem[X,0x000000008000088C] -> 0x1513
mem[X,0x000000008000088E] -> 0x00A5
[552] [M]: 0x000000008000088C (0x00A51513) slli a0, a0, 0xa
x10 <- 0xF7FFFFFFFFFEFC00

mem[X,0x0000000080000890] -> 0x0513
mem[X,0x0000000080000892] -> 0x3FF5
[553] [M]: 0x0000000080000890 (0x3FF50513) addi a0, a0, 0x3ff
x10 <- 0xF7FFFFFFFFFEFFFF

mem[X,0x0000000080000894] -> 0xE03B
mem[X,0x0000000080000896] -> 0x9AAC
[554] [M]: 0x0000000080000894 (0x9AACE03B) paas.wx zero, s9, a0

mem[X,0x0000000080000898] -> 0x3C23
mem[X,0x000000008000089A] -> 0x0602
[555] [M]: 0x0000000080000898 (0x06023C23) sd zero, 0x78(tp)
mem[0x00000000800051F8] <- 0x0000000000000000

mem[X,0x000000008000089C] -> 0x0B37
mem[X,0x000000008000089E] -> 0x0000
[556] [M]: 0x000000008000089C (0x00000B37) lui s6, 0x0
x22 <- 0x0000000000000000

mem[X,0x00000000800008A0] -> 0x0B13
mem[X,0x00000000800008A2] -> 0x010B
[557] [M]: 0x00000000800008A0 (0x010B0B13) addi s6, s6, 0x10
x22 <- 0x0000000000000010

mem[X,0x00000000800008A4] -> 0x1B13
mem[X,0x00000000800008A6] -> 0x00BB
[558] [M]: 0x00000000800008A4 (0x00BB1B13) slli s6, s6, 0xb
x22 <- 0x0000000000008000

mem[X,0x00000000800008A8] -> 0x0B13
mem[X,0x00000000800008AA] -> 0x010B
[559] [M]: 0x00000000800008A8 (0x010B0B13) addi s6, s6, 0x10
x22 <- 0x0000000000008010

mem[X,0x00000000800008AC] -> 0x1B13
mem[X,0x00000000800008AE] -> 0x00BB
[560] [M]: 0x00000000800008AC (0x00BB1B13) slli s6, s6, 0xb
x22 <- 0x0000000004008000

mem[X,0x00000000800008B0] -> 0x0B13
mem[X,0x00000000800008B2] -> 0x000B
[561] [M]: 0x00000000800008B0 (0x000B0B13) addi s6, s6, 0x0
x22 <- 0x0000000004008000

mem[X,0x00000000800008B4] -> 0x1B13
mem[X,0x00000000800008B6] -> 0x00AB
[562] [M]: 0x00000000800008B4 (0x00AB1B13) slli s6, s6, 0xa
x22 <- 0x0000001002000000

mem[X,0x00000000800008B8] -> 0xEE37
mem[X,0x00000000800008BA] -> 0xFFFF
[563] [M]: 0x00000000800008B8 (0xFFFFEE37) lui t3, -0x2
x28 <- 0xFFFFFFFFFFFFE000

mem[X,0x00000000800008BC] -> 0x0E13
mem[X,0x00000000800008BE] -> 0xFFFE
[564] [M]: 0x00000000800008BC (0xFFFE0E13) addi t3, t3, -0x1
x28 <- 0xFFFFFFFFFFFFDFFF

mem[X,0x00000000800008C0] -> 0x1E13
mem[X,0x00000000800008C2] -> 0x00BE
[565] [M]: 0x00000000800008C0 (0x00BE1E13) slli t3, t3, 0xb
x28 <- 0xFFFFFFFFFEFFF800

mem[X,0x00000000800008C4] -> 0x0E13
mem[X,0x00000000800008C6] -> 0x000E
[566] [M]: 0x00000000800008C4 (0x000E0E13) addi t3, t3, 0x0
x28 <- 0xFFFFFFFFFEFFF800

mem[X,0x00000000800008C8] -> 0x1E13
mem[X,0x00000000800008CA] -> 0x00BE
[567] [M]: 0x00000000800008C8 (0x00BE1E13) slli t3, t3, 0xb
x28 <- 0xFFFFFFF7FFC00000

mem[X,0x00000000800008CC] -> 0x0E13
mem[X,0x00000000800008CE] -> 0x000E
[568] [M]: 0x00000000800008CC (0x000E0E13) addi t3, t3, 0x0
x28 <- 0xFFFFFFF7FFC00000

mem[X,0x00000000800008D0] -> 0x1E13
mem[X,0x00000000800008D2] -> 0x00AE
[569] [M]: 0x00000000800008D0 (0x00AE1E13) slli t3, t3, 0xa
x28 <- 0xFFFFDFFF00000000

mem[X,0x00000000800008D4] -> 0x0E13
mem[X,0x00000000800008D6] -> 0x080E
[570] [M]: 0x00000000800008D4 (0x080E0E13) addi t3, t3, 0x80
x28 <- 0xFFFFDFFF00000080

mem[X,0x00000000800008D8] -> 0x613B
mem[X,0x00000000800008DA] -> 0x9BCB
[571] [M]: 0x00000000800008D8 (0x9BCB613B) paas.wx sp, s6, t3
x2 <- 0x0000004801001000

mem[X,0x00000000800008DC] -> 0x3023
mem[X,0x00000000800008DE] -> 0x0822
[572] [M]: 0x00000000800008DC (0x08223023) sd sp, 0x80(tp)
mem[0x0000000080005200] <- 0x0000004801001000

mem[X,0x00000000800008E0] -> 0x5097
mem[X,0x00000000800008E2] -> 0x0000
[573] [M]: 0x00000000800008E0 (0x00005097) auipc ra, 0x5
x1 <- 0x00000000800058E0

mem[X,0x00000000800008E4] -> 0x8093
mem[X,0x00000000800008E6] -> 0x9280
[574] [M]: 0x00000000800008E4 (0x92808093) addi ra, ra, -0x6d8
x1 <- 0x0000000080005208

mem[X,0x00000000800008E8] -> 0x0013
mem[X,0x00000000800008EA] -> 0x0000
[575] [M]: 0x00000000800008E8 (0x00000013) addi zero, zero, 0x0

mem[X,0x00000000800008EC] -> 0x0013
mem[X,0x00000000800008EE] -> 0x0000
[576] [M]: 0x00000000800008EC (0x00000013) addi zero, zero, 0x0

mem[X,0x00000000800008F0] -> 0x0013
mem[X,0x00000000800008F2] -> 0x0000
[577] [M]: 0x00000000800008F0 (0x00000013) addi zero, zero, 0x0

mem[X,0x00000000800008F4] -> 0x0013
mem[X,0x00000000800008F6] -> 0x0000
[578] [M]: 0x00000000800008F4 (0x00000013) addi zero, zero, 0x0

mem[X,0x00000000800008F8] -> 0x0013
mem[X,0x00000000800008FA] -> 0x0000
[579] [M]: 0x00000000800008F8 (0x00000013) addi zero, zero, 0x0

mem[X,0x00000000800008FC] -> 0x0013
mem[X,0x00000000800008FE] -> 0x0000
[580] [M]: 0x00000000800008FC (0x00000013) addi zero, zero, 0x0

mem[X,0x0000000080000900] -> 0x07B7
mem[X,0x0000000080000902] -> 0xFF00
[581] [M]: 0x0000000080000900 (0xFF0007B7) lui a5, -0x1000
x15 <- 0xFFFFFFFFFF000000

mem[X,0x0000000080000904] -> 0x8793
mem[X,0x0000000080000906] -> 0xFFF7
[582] [M]: 0x0000000080000904 (0xFFF78793) addi a5, a5, -0x1
x15 <- 0xFFFFFFFFFEFFFFFF

mem[X,0x0000000080000908] -> 0x9793
mem[X,0x000000008000090A] -> 0x00B7
[583] [M]: 0x0000000080000908 (0x00B79793) slli a5, a5, 0xb
x15 <- 0xFFFFFFF7FFFFF800

mem[X,0x000000008000090C] -> 0x8793
mem[X,0x000000008000090E] -> 0x0207
[584] [M]: 0x000000008000090C (0x02078793) addi a5, a5, 0x20
x15 <- 0xFFFFFFF7FFFFF820

mem[X,0x0000000080000910] -> 0x9793
mem[X,0x0000000080000912] -> 0x00B7
[585] [M]: 0x0000000080000910 (0x00B79793) slli a5, a5, 0xb
x15 <- 0xFFFFBFFFFFC10000

mem[X,0x0000000080000914] -> 0x8793
mem[X,0x0000000080000916] -> 0x0007
[586] [M]: 0x0000000080000914 (0x00078793) addi a5, a5, 0x0
x15 <- 0xFFFFBFFFFFC10000

mem[X,0x0000000080000918] -> 0x9793
mem[X,0x000000008000091A] -> 0x00A7
[587] [M]: 0x0000000080000918 (0x00A79793) slli a5, a5, 0xa
x15 <- 0xFEFFFFFF04000000

mem[X,0x000000008000091C] -> 0x28B7
mem[X,0x000000008000091E] -> 0x0000
[588] [M]: 0x000000008000091C (0x000028B7) lui a7, 0x2
x17 <- 0x0000000000002000

mem[X,0x0000000080000920] -> 0x8893
mem[X,0x0000000080000922] -> 0x0008
[589] [M]: 0x0000000080000920 (0x00088893) addi a7, a7, 0x0
x17 <- 0x0000000000002000

mem[X,0x0000000080000924] -> 0x9893
mem[X,0x0000000080000926] -> 0x00B8
[590] [M]: 0x0000000080000924 (0x00B89893) slli a7, a7, 0xb
x17 <- 0x0000000001000000

mem[X,0x0000000080000928] -> 0x8893
mem[X,0x000000008000092A] -> 0x3FF8
[591] [M]: 0x0000000080000928 (0x3FF88893) addi a7, a7, 0x3ff
x17 <- 0x00000000010003FF

mem[X,0x000000008000092C] -> 0x9893
mem[X,0x000000008000092E] -> 0x00B8
[592] [M]: 0x000000008000092C (0x00B89893) slli a7, a7, 0xb
x17 <- 0x00000008001FF800

mem[X,0x0000000080000930] -> 0x8893
mem[X,0x0000000080000932] -> 0x7FF8
[593] [M]: 0x0000000080000930 (0x7FF88893) addi a7, a7, 0x7ff
x17 <- 0x00000008001FFFFF

mem[X,0x0000000080000934] -> 0x9893
mem[X,0x0000000080000936] -> 0x00A8
[594] [M]: 0x0000000080000934 (0x00A89893) slli a7, a7, 0xa
x17 <- 0x000020007FFFFC00

mem[X,0x0000000080000938] -> 0x8893
mem[X,0x000000008000093A] -> 0x3FF8
[595] [M]: 0x0000000080000938 (0x3FF88893) addi a7, a7, 0x3ff
x17 <- 0x000020007FFFFFFF

mem[X,0x000000008000093C] -> 0xE1BB
mem[X,0x000000008000093E] -> 0x9B17
[596] [M]: 0x000000008000093C (0x9B17E1BB) paas.wx gp, a5, a7
x3 <- 0x3F7FFFFF01FFF000

mem[X,0x0000000080000940] -> 0xB023
mem[X,0x0000000080000942] -> 0x0030
[597] [M]: 0x0000000080000940 (0x0030B023) sd gp, 0x0(ra)
mem[0x0000000080005208] <- 0x3F7FFFFF01FFF000

mem[X,0x0000000080000944] -> 0x0237
mem[X,0x0000000080000946] -> 0x0000
[598] [M]: 0x0000000080000944 (0x00000237) lui tp, 0x0
x4 <- 0x0000000000000000

mem[X,0x0000000080000948] -> 0x0213
mem[X,0x000000008000094A] -> 0xDFF2
[599] [M]: 0x0000000080000948 (0xDFF20213) addi tp, tp, -0x201
x4 <- 0xFFFFFFFFFFFFFDFF

clint::tick mtime <- 0x0000000000000006
 clint timer pending at mtime 0x0000000000000006
htif::tick 0x0000000000000000
mem[X,0x000000008000094C] -> 0x1213
mem[X,0x000000008000094E] -> 0x00B2
[600] [M]: 0x000000008000094C (0x00B21213) slli tp, tp, 0xb
x4 <- 0xFFFFFFFFFFEFF800

mem[X,0x0000000080000950] -> 0x0213
mem[X,0x0000000080000952] -> 0x0402
[601] [M]: 0x0000000080000950 (0x04020213) addi tp, tp, 0x40
x4 <- 0xFFFFFFFFFFEFF840

mem[X,0x0000000080000954] -> 0x1213
mem[X,0x0000000080000956] -> 0x00B2
[602] [M]: 0x0000000080000954 (0x00B21213) slli tp, tp, 0xb
x4 <- 0xFFFFFFFF7FC20000

mem[X,0x0000000080000958] -> 0x0213
mem[X,0x000000008000095A] -> 0x0002
[603] [M]: 0x0000000080000958 (0x00020213) addi tp, tp, 0x0
x4 <- 0xFFFFFFFF7FC20000

mem[X,0x000000008000095C] -> 0x1213
mem[X,0x000000008000095E] -> 0x00A2
[604] [M]: 0x000000008000095C (0x00A21213) slli tp, tp, 0xa
x4 <- 0xFFFFFDFF08000000

mem[X,0x0000000080000960] -> 0xB037
mem[X,0x0000000080000962] -> 0xAAAA
[605] [M]: 0x0000000080000960 (0xAAAAB037) lui zero, -0x55555

mem[X,0x0000000080000964] -> 0x0013
mem[X,0x0000000080000966] -> 0xAAA0
[606] [M]: 0x0000000080000964 (0xAAA00013) addi zero, zero, -0x556

mem[X,0x0000000080000968] -> 0x1013
mem[X,0x000000008000096A] -> 0x00B0
[607] [M]: 0x0000000080000968 (0x00B01013) slli zero, zero, 0xb

mem[X,0x000000008000096C] -> 0x0013
mem[X,0x000000008000096E] -> 0x5FF0
[608] [M]: 0x000000008000096C (0x5FF00013) addi zero, zero, 0x5ff

mem[X,0x0000000080000970] -> 0x1013
mem[X,0x0000000080000972] -> 0x00B0
[609] [M]: 0x0000000080000970 (0x00B01013) slli zero, zero, 0xb

mem[X,0x0000000080000974] -> 0x0013
mem[X,0x0000000080000976] -> 0x7FF0
[610] [M]: 0x0000000080000974 (0x7FF00013) addi zero, zero, 0x7ff

mem[X,0x0000000080000978] -> 0x1013
mem[X,0x000000008000097A] -> 0x00A0
[611] [M]: 0x0000000080000978 (0x00A01013) slli zero, zero, 0xa

mem[X,0x000000008000097C] -> 0x0013
mem[X,0x000000008000097E] -> 0x3FF0
[612] [M]: 0x000000008000097C (0x3FF00013) addi zero, zero, 0x3ff

mem[X,0x0000000080000980] -> 0x69BB
mem[X,0x0000000080000982] -> 0x9A02
[613] [M]: 0x0000000080000980 (0x9A0269BB) paas.wx s3, tp, zero
x19 <- 0xFFFFFEFF04000000

mem[X,0x0000000080000984] -> 0xB423
mem[X,0x0000000080000986] -> 0x0130
[614] [M]: 0x0000000080000984 (0x0130B423) sd s3, 0x8(ra)
mem[0x0000000080005210] <- 0xFFFFFEFF04000000

mem[X,0x0000000080000988] -> 0x0F37
mem[X,0x000000008000098A] -> 0xC000
[615] [M]: 0x0000000080000988 (0xC0000F37) lui t5, -0x40000
x30 <- 0xFFFFFFFFC0000000

mem[X,0x000000008000098C] -> 0x0F13
mem[X,0x000000008000098E] -> 0x000F
[616] [M]: 0x000000008000098C (0x000F0F13) addi t5, t5, 0x0
x30 <- 0xFFFFFFFFC0000000

mem[X,0x0000000080000990] -> 0x1F13
mem[X,0x0000000080000992] -> 0x00BF
[617] [M]: 0x0000000080000990 (0x00BF1F13) slli t5, t5, 0xb
x30 <- 0xFFFFFE0000000000

mem[X,0x0000000080000994] -> 0x0F13
mem[X,0x0000000080000996] -> 0x080F
[618] [M]: 0x0000000080000994 (0x080F0F13) addi t5, t5, 0x80
x30 <- 0xFFFFFE0000000080

mem[X,0x0000000080000998] -> 0x1F13
mem[X,0x000000008000099A] -> 0x00BF
[619] [M]: 0x0000000080000998 (0x00BF1F13) slli t5, t5, 0xb
x30 <- 0xFFF0000000040000

mem[X,0x000000008000099C] -> 0x0F13
mem[X,0x000000008000099E] -> 0x000F
[620] [M]: 0x000000008000099C (0x000F0F13) addi t5, t5, 0x0
x30 <- 0xFFF0000000040000

mem[X,0x00000000800009A0] -> 0x1F13
mem[X,0x00000000800009A2] -> 0x00AF
[621] [M]: 0x00000000800009A0 (0x00AF1F13) slli t5, t5, 0xa
x30 <- 0xC000000010000000

mem[X,0x00000000800009A4] -> 0x0EB7
mem[X,0x00000000800009A6] -> 0x0000
[622] [M]: 0x00000000800009A4 (0x00000EB7) lui t4, 0x0
x29 <- 0x0000000000000000

mem[X,0x00000000800009A8] -> 0x8E93
mem[X,0x00000000800009AA] -> 0xFDFE
[623] [M]: 0x00000000800009A8 (0xFDFE8E93) addi t4, t4, -0x21
x29 <- 0xFFFFFFFFFFFFFFDF

mem[X,0x00000000800009AC] -> 0x9E93
mem[X,0x00000000800009AE] -> 0x00BE
[624] [M]: 0x00000000800009AC (0x00BE9E93) slli t4, t4, 0xb
x29 <- 0xFFFFFFFFFFFEF800

mem[X,0x00000000800009B0] -> 0x8E93
mem[X,0x00000000800009B2] -> 0x000E
[625] [M]: 0x00000000800009B0 (0x000E8E93) addi t4, t4, 0x0
x29 <- 0xFFFFFFFFFFFEF800

mem[X,0x00000000800009B4] -> 0x9E93
mem[X,0x00000000800009B6] -> 0x00BE
[626] [M]: 0x00000000800009B4 (0x00BE9E93) slli t4, t4, 0xb
x29 <- 0xFFFFFFFFF7C00000

mem[X,0x00000000800009B8] -> 0x8E93
mem[X,0x00000000800009BA] -> 0x200E
[627] [M]: 0x00000000800009B8 (0x200E8E93) addi t4, t4, 0x200
x29 <- 0xFFFFFFFFF7C00200

mem[X,0x00000000800009BC] -> 0x9E93
mem[X,0x00000000800009BE] -> 0x00AE
[628] [M]: 0x00000000800009BC (0x00AE9E93) slli t4, t4, 0xa
x29 <- 0xFFFFFFDF00080000

mem[X,0x00000000800009C0] -> 0x6FBB
mem[X,0x00000000800009C2] -> 0x9BDF
[629] [M]: 0x00000000800009C0 (0x9BDF6FBB) paas.wx t6, t5, t4
x31 <- 0xE004000008000010

mem[X,0x00000000800009C4] -> 0xB823
mem[X,0x00000000800009C6] -> 0x01F0
[630] [M]: 0x00000000800009C4 (0x01F0B823) sd t6, 0x10(ra)
mem[0x0000000080005218] <- 0xE004000008000010

mem[X,0x00000000800009C8] -> 0x8F37
mem[X,0x00000000800009CA] -> 0xFFFF
[631] [M]: 0x00000000800009C8 (0xFFFF8F37) lui t5, -0x8
x30 <- 0xFFFFFFFFFFFF8000

mem[X,0x00000000800009CC] -> 0x0F13
mem[X,0x00000000800009CE] -> 0xFFFF
[632] [M]: 0x00000000800009CC (0xFFFF0F13) addi t5, t5, -0x1
x30 <- 0xFFFFFFFFFFFF7FFF

mem[X,0x00000000800009D0] -> 0x1F13
mem[X,0x00000000800009D2] -> 0x00BF
[633] [M]: 0x00000000800009D0 (0x00BF1F13) slli t5, t5, 0xb
x30 <- 0xFFFFFFFFFBFFF800

mem[X,0x00000000800009D4] -> 0x0F13
mem[X,0x00000000800009D6] -> 0x100F
[634] [M]: 0x00000000800009D4 (0x100F0F13) addi t5, t5, 0x100
x30 <- 0xFFFFFFFFFBFFF900

mem[X,0x00000000800009D8] -> 0x1F13
mem[X,0x00000000800009DA] -> 0x00BF
[635] [M]: 0x00000000800009D8 (0x00BF1F13) slli t5, t5, 0xb
x30 <- 0xFFFFFFDFFFC80000

mem[X,0x00000000800009DC] -> 0x0F13
mem[X,0x00000000800009DE] -> 0x000F
[636] [M]: 0x00000000800009DC (0x000F0F13) addi t5, t5, 0x0
x30 <- 0xFFFFFFDFFFC80000

mem[X,0x00000000800009E0] -> 0x1F13
mem[X,0x00000000800009E2] -> 0x00AF
[637] [M]: 0x00000000800009E0 (0x00AF1F13) slli t5, t5, 0xa
x30 <- 0xFFFF7FFF20000000

mem[X,0x00000000800009E4] -> 0x0E93
mem[X,0x00000000800009E6] -> 0x0090
[638] [M]: 0x00000000800009E4 (0x00900E93) addi t4, zero, 0x9
x29 <- 0x0000000000000009

mem[X,0x00000000800009E8] -> 0x9E93
mem[X,0x00000000800009EA] -> 0x01EE
[639] [M]: 0x00000000800009E8 (0x01EE9E93) slli t4, t4, 0x1e
x29 <- 0x0000000240000000

mem[X,0x00000000800009EC] -> 0x6FBB
mem[X,0x00000000800009EE] -> 0x9BDF
[640] [M]: 0x00000000800009EC (0x9BDF6FBB) paas.wx t6, t5, t4
x31 <- 0x1FFFBFFF0FFFFFFF

mem[X,0x00000000800009F0] -> 0xBC23
mem[X,0x00000000800009F2] -> 0x01F0
[641] [M]: 0x00000000800009F0 (0x01F0BC23) sd t6, 0x18(ra)
mem[0x0000000080005220] <- 0x1FFFBFFF0FFFFFFF

mem[X,0x00000000800009F4] -> 0x0F37
mem[X,0x00000000800009F6] -> 0x0000
[642] [M]: 0x00000000800009F4 (0x00000F37) lui t5, 0x0
x30 <- 0x0000000000000000

mem[X,0x00000000800009F8] -> 0x0F13
mem[X,0x00000000800009FA] -> 0xFF6F
[643] [M]: 0x00000000800009F8 (0xFF6F0F13) addi t5, t5, -0xa
x30 <- 0xFFFFFFFFFFFFFFF6

mem[X,0x00000000800009FC] -> 0x1F13
mem[X,0x00000000800009FE] -> 0x00BF
[644] [M]: 0x00000000800009FC (0x00BF1F13) slli t5, t5, 0xb
x30 <- 0xFFFFFFFFFFFFB000

mem[X,0x0000000080000A00] -> 0x0F13
mem[X,0x0000000080000A02] -> 0x200F
[645] [M]: 0x0000000080000A00 (0x200F0F13) addi t5, t5, 0x200
x30 <- 0xFFFFFFFFFFFFB200

mem[X,0x0000000080000A04] -> 0x1F13
mem[X,0x0000000080000A06] -> 0x00BF
[646] [M]: 0x0000000080000A04 (0x00BF1F13) slli t5, t5, 0xb
x30 <- 0xFFFFFFFFFD900000

mem[X,0x0000000080000A08] -> 0x0F13
mem[X,0x0000000080000A0A] -> 0x000F
[647] [M]: 0x0000000080000A08 (0x000F0F13) addi t5, t5, 0x0
x30 <- 0xFFFFFFFFFD900000

mem[X,0x0000000080000A0C] -> 0x1F13
mem[X,0x0000000080000A0E] -> 0x00AF
[648] [M]: 0x0000000080000A0C (0x00AF1F13) slli t5, t5, 0xa
x30 <- 0xFFFFFFF640000000

mem[X,0x0000000080000A10] -> 0x0EB7
mem[X,0x0000000080000A12] -> 0xF000
[649] [M]: 0x0000000080000A10 (0xF0000EB7) lui t4, -0x10000
x29 <- 0xFFFFFFFFF0000000

mem[X,0x0000000080000A14] -> 0x8E93
mem[X,0x0000000080000A16] -> 0xFFFE
[650] [M]: 0x0000000080000A14 (0xFFFE8E93) addi t4, t4, -0x1
x29 <- 0xFFFFFFFFEFFFFFFF

mem[X,0x0000000080000A18] -> 0x9E93
mem[X,0x0000000080000A1A] -> 0x00BE
[651] [M]: 0x0000000080000A18 (0x00BE9E93) slli t4, t4, 0xb
x29 <- 0xFFFFFF7FFFFFF800

mem[X,0x0000000080000A1C] -> 0x8E93
mem[X,0x0000000080000A1E] -> 0x000E
[652] [M]: 0x0000000080000A1C (0x000E8E93) addi t4, t4, 0x0
x29 <- 0xFFFFFF7FFFFFF800

mem[X,0x0000000080000A20] -> 0x9E93
mem[X,0x0000000080000A22] -> 0x00BE
[653] [M]: 0x0000000080000A20 (0x00BE9E93) slli t4, t4, 0xb
x29 <- 0xFFFBFFFFFFC00000

mem[X,0x0000000080000A24] -> 0x8E93
mem[X,0x0000000080000A26] -> 0x040E
[654] [M]: 0x0000000080000A24 (0x040E8E93) addi t4, t4, 0x40
x29 <- 0xFFFBFFFFFFC00040

mem[X,0x0000000080000A28] -> 0x9E93
mem[X,0x0000000080000A2A] -> 0x00AE
[655] [M]: 0x0000000080000A28 (0x00AE9E93) slli t4, t4, 0xa
x29 <- 0xEFFFFFFF00010000

mem[X,0x0000000080000A2C] -> 0x6FBB
mem[X,0x0000000080000A2E] -> 0x9BDF
[656] [M]: 0x0000000080000A2C (0x9BDF6FBB) paas.wx t6, t5, t4
x31 <- 0x00007FFB28000000

mem[X,0x0000000080000A30] -> 0xB023
mem[X,0x0000000080000A32] -> 0x03F0
[657] [M]: 0x0000000080000A30 (0x03F0B023) sd t6, 0x20(ra)
mem[0x0000000080005228] <- 0x00007FFB28000000

mem[X,0x0000000080000A34] -> 0x0F37
mem[X,0x0000000080000A36] -> 0x0000
[658] [M]: 0x0000000080000A34 (0x00000F37) lui t5, 0x0
x30 <- 0x0000000000000000

mem[X,0x0000000080000A38] -> 0x0F13
mem[X,0x0000000080000A3A] -> 0x200F
[659] [M]: 0x0000000080000A38 (0x200F0F13) addi t5, t5, 0x200
x30 <- 0x0000000000000200

mem[X,0x0000000080000A3C] -> 0x1F13
mem[X,0x0000000080000A3E] -> 0x00BF
[660] [M]: 0x0000000080000A3C (0x00BF1F13) slli t5, t5, 0xb
x30 <- 0x0000000000100000

mem[X,0x0000000080000A40] -> 0x0F13
mem[X,0x0000000080000A42] -> 0x7FFF
[661] [M]: 0x0000000080000A40 (0x7FFF0F13) addi t5, t5, 0x7ff
x30 <- 0x00000000001007FF

mem[X,0x0000000080000A44] -> 0x1F13
mem[X,0x0000000080000A46] -> 0x00BF
[662] [M]: 0x0000000080000A44 (0x00BF1F13) slli t5, t5, 0xb
x30 <- 0x00000000803FF800

mem[X,0x0000000080000A48] -> 0x0F13
mem[X,0x0000000080000A4A] -> 0x7FFF
[663] [M]: 0x0000000080000A48 (0x7FFF0F13) addi t5, t5, 0x7ff
x30 <- 0x00000000803FFFFF

mem[X,0x0000000080000A4C] -> 0x1F13
mem[X,0x0000000080000A4E] -> 0x00AF
[664] [M]: 0x0000000080000A4C (0x00AF1F13) slli t5, t5, 0xa
x30 <- 0x00000200FFFFFC00

mem[X,0x0000000080000A50] -> 0x0F13
mem[X,0x0000000080000A52] -> 0x3FEF
[665] [M]: 0x0000000080000A50 (0x3FEF0F13) addi t5, t5, 0x3fe
x30 <- 0x00000200FFFFFFFE

mem[X,0x0000000080000A54] -> 0x0EB7
mem[X,0x0000000080000A56] -> 0x8000
[666] [M]: 0x0000000080000A54 (0x80000EB7) lui t4, -0x80000
x29 <- 0xFFFFFFFF80000000

mem[X,0x0000000080000A58] -> 0x8E93
mem[X,0x0000000080000A5A] -> 0x000E
[667] [M]: 0x0000000080000A58 (0x000E8E93) addi t4, t4, 0x0
x29 <- 0xFFFFFFFF80000000

mem[X,0x0000000080000A5C] -> 0x9E93
mem[X,0x0000000080000A5E] -> 0x00BE
[668] [M]: 0x0000000080000A5C (0x00BE9E93) slli t4, t4, 0xb
x29 <- 0xFFFFFC0000000000

mem[X,0x0000000080000A60] -> 0x8E93
mem[X,0x0000000080000A62] -> 0x7DFE
[669] [M]: 0x0000000080000A60 (0x7DFE8E93) addi t4, t4, 0x7df
x29 <- 0xFFFFFC00000007DF

mem[X,0x0000000080000A64] -> 0x9E93
mem[X,0x0000000080000A66] -> 0x00BE
[670] [M]: 0x0000000080000A64 (0x00BE9E93) slli t4, t4, 0xb
x29 <- 0xFFE00000003EF800

mem[X,0x0000000080000A68] -> 0x8E93
mem[X,0x0000000080000A6A] -> 0x7FFE
[671] [M]: 0x0000000080000A68 (0x7FFE8E93) addi t4, t4, 0x7ff
x29 <- 0xFFE00000003EFFFF

mem[X,0x0000000080000A6C] -> 0x9E93
mem[X,0x0000000080000A6E] -> 0x00AE
[672] [M]: 0x0000000080000A6C (0x00AE9E93) slli t4, t4, 0xa
x29 <- 0x80000000FBFFFC00

mem[X,0x0000000080000A70] -> 0x8E93
mem[X,0x0000000080000A72] -> 0x3FFE
[673] [M]: 0x0000000080000A70 (0x3FFE8E93) addi t4, t4, 0x3ff
x29 <- 0x80000000FBFFFFFF

mem[X,0x0000000080000A74] -> 0x6FBB
mem[X,0x0000000080000A76] -> 0x9BDF
[674] [M]: 0x0000000080000A74 (0x9BDF6FBB) paas.wx t6, t5, t4
x31 <- 0xFE0000FF3FFFFFFF

mem[X,0x0000000080000A78] -> 0xB423
mem[X,0x0000000080000A7A] -> 0x03F0
[675] [M]: 0x0000000080000A78 (0x03F0B423) sd t6, 0x28(ra)
mem[0x0000000080005230] <- 0xFE0000FF3FFFFFFF

mem[X,0x0000000080000A7C] -> 0x0F37
mem[X,0x0000000080000A7E] -> 0x0001
[676] [M]: 0x0000000080000A7C (0x00010F37) lui t5, 0x10
x30 <- 0x0000000000010000

mem[X,0x0000000080000A80] -> 0x0F13
mem[X,0x0000000080000A82] -> 0x000F
[677] [M]: 0x0000000080000A80 (0x000F0F13) addi t5, t5, 0x0
x30 <- 0x0000000000010000

mem[X,0x0000000080000A84] -> 0x1F13
mem[X,0x0000000080000A86] -> 0x00BF
[678] [M]: 0x0000000080000A84 (0x00BF1F13) slli t5, t5, 0xb
x30 <- 0x0000000008000000

mem[X,0x0000000080000A88] -> 0x0F13
mem[X,0x0000000080000A8A] -> 0x7FFF
[679] [M]: 0x0000000080000A88 (0x7FFF0F13) addi t5, t5, 0x7ff
x30 <- 0x00000000080007FF

mem[X,0x0000000080000A8C] -> 0x1F13
mem[X,0x0000000080000A8E] -> 0x00BF
[680] [M]: 0x0000000080000A8C (0x00BF1F13) slli t5, t5, 0xb
x30 <- 0x00000040003FF800

mem[X,0x0000000080000A90] -> 0x0F13
mem[X,0x0000000080000A92] -> 0x7FFF
[681] [M]: 0x0000000080000A90 (0x7FFF0F13) addi t5, t5, 0x7ff
x30 <- 0x00000040003FFFFF

mem[X,0x0000000080000A94] -> 0x1F13
mem[X,0x0000000080000A96] -> 0x00AF
[682] [M]: 0x0000000080000A94 (0x00AF1F13) slli t5, t5, 0xa
x30 <- 0x00010000FFFFFC00

mem[X,0x0000000080000A98] -> 0x0F13
mem[X,0x0000000080000A9A] -> 0x3FDF
[683] [M]: 0x0000000080000A98 (0x3FDF0F13) addi t5, t5, 0x3fd
x30 <- 0x00010000FFFFFFFD

mem[X,0x0000000080000A9C] -> 0x0EB7
mem[X,0x0000000080000A9E] -> 0x0400
[684] [M]: 0x0000000080000A9C (0x04000EB7) lui t4, 0x4000
x29 <- 0x0000000004000000

mem[X,0x0000000080000AA0] -> 0x8E93
mem[X,0x0000000080000AA2] -> 0x000E
[685] [M]: 0x0000000080000AA0 (0x000E8E93) addi t4, t4, 0x0
x29 <- 0x0000000004000000

mem[X,0x0000000080000AA4] -> 0x9E93
mem[X,0x0000000080000AA6] -> 0x00BE
[686] [M]: 0x0000000080000AA4 (0x00BE9E93) slli t4, t4, 0xb
x29 <- 0x0000002000000000

mem[X,0x0000000080000AA8] -> 0x8E93
mem[X,0x0000000080000AAA] -> 0x7FFE
[687] [M]: 0x0000000080000AA8 (0x7FFE8E93) addi t4, t4, 0x7ff
x29 <- 0x00000020000007FF

mem[X,0x0000000080000AAC] -> 0x9E93
mem[X,0x0000000080000AAE] -> 0x00BE
[688] [M]: 0x0000000080000AAC (0x00BE9E93) slli t4, t4, 0xb
x29 <- 0x00010000003FF800

mem[X,0x0000000080000AB0] -> 0x8E93
mem[X,0x0000000080000AB2] -> 0x7FDE
[689] [M]: 0x0000000080000AB0 (0x7FDE8E93) addi t4, t4, 0x7fd
x29 <- 0x00010000003FFFFD

mem[X,0x0000000080000AB4] -> 0x9E93
mem[X,0x0000000080000AB6] -> 0x00AE
[690] [M]: 0x0000000080000AB4 (0x00AE9E93) slli t4, t4, 0xa
x29 <- 0x04000000FFFFF400

mem[X,0x0000000080000AB8] -> 0x8E93
mem[X,0x0000000080000ABA] -> 0x3FFE
[691] [M]: 0x0000000080000AB8 (0x3FFE8E93) addi t4, t4, 0x3ff
x29 <- 0x04000000FFFFF7FF

mem[X,0x0000000080000ABC] -> 0x6FBB
mem[X,0x0000000080000ABE] -> 0x9BDF
[692] [M]: 0x0000000080000ABC (0x9BDF6FBB) paas.wx t6, t5, t4
x31 <- 0x00007BFFFDFFFFFE

mem[X,0x0000000080000AC0] -> 0xB823
mem[X,0x0000000080000AC2] -> 0x03F0
[693] [M]: 0x0000000080000AC0 (0x03F0B823) sd t6, 0x30(ra)
mem[0x0000000080005238] <- 0x00007BFFFDFFFFFE

mem[X,0x0000000080000AC4] -> 0x0F37
mem[X,0x0000000080000AC6] -> 0x2000
[694] [M]: 0x0000000080000AC4 (0x20000F37) lui t5, 0x20000
x30 <- 0x0000000020000000

mem[X,0x0000000080000AC8] -> 0x0F13
mem[X,0x0000000080000ACA] -> 0x000F
[695] [M]: 0x0000000080000AC8 (0x000F0F13) addi t5, t5, 0x0
x30 <- 0x0000000020000000

mem[X,0x0000000080000ACC] -> 0x1F13
mem[X,0x0000000080000ACE] -> 0x00BF
[696] [M]: 0x0000000080000ACC (0x00BF1F13) slli t5, t5, 0xb
x30 <- 0x0000010000000000

mem[X,0x0000000080000AD0] -> 0x0F13
mem[X,0x0000000080000AD2] -> 0x7FFF
[697] [M]: 0x0000000080000AD0 (0x7FFF0F13) addi t5, t5, 0x7ff
x30 <- 0x00000100000007FF

mem[X,0x0000000080000AD4] -> 0x1F13
mem[X,0x0000000080000AD6] -> 0x00BF
[698] [M]: 0x0000000080000AD4 (0x00BF1F13) slli t5, t5, 0xb
x30 <- 0x00080000003FF800

mem[X,0x0000000080000AD8] -> 0x0F13
mem[X,0x0000000080000ADA] -> 0x7FFF
[699] [M]: 0x0000000080000AD8 (0x7FFF0F13) addi t5, t5, 0x7ff
x30 <- 0x00080000003FFFFF

clint::tick mtime <- 0x0000000000000007
 clint timer pending at mtime 0x0000000000000007
htif::tick 0x0000000000000000
mem[X,0x0000000080000ADC] -> 0x1F13
mem[X,0x0000000080000ADE] -> 0x00AF
[700] [M]: 0x0000000080000ADC (0x00AF1F13) slli t5, t5, 0xa
x30 <- 0x20000000FFFFFC00

mem[X,0x0000000080000AE0] -> 0x0F13
mem[X,0x0000000080000AE2] -> 0x3FBF
[701] [M]: 0x0000000080000AE0 (0x3FBF0F13) addi t5, t5, 0x3fb
x30 <- 0x20000000FFFFFFFB

mem[X,0x0000000080000AE4] -> 0x0EB7
mem[X,0x0000000080000AE6] -> 0x0800
[702] [M]: 0x0000000080000AE4 (0x08000EB7) lui t4, 0x8000
x29 <- 0x0000000008000000

mem[X,0x0000000080000AE8] -> 0x8E93
mem[X,0x0000000080000AEA] -> 0x001E
[703] [M]: 0x0000000080000AE8 (0x001E8E93) addi t4, t4, 0x1
x29 <- 0x0000000008000001

mem[X,0x0000000080000AEC] -> 0x9E93
mem[X,0x0000000080000AEE] -> 0x014E
[704] [M]: 0x0000000080000AEC (0x014E9E93) slli t4, t4, 0x14
x29 <- 0x0000800000100000

mem[X,0x0000000080000AF0] -> 0x6FBB
mem[X,0x0000000080000AF2] -> 0x9BDF
[705] [M]: 0x0000000080000AF0 (0x9BDF6FBB) paas.wx t6, t5, t4
x31 <- 0x10080000FFFFBFFD

mem[X,0x0000000080000AF4] -> 0xBC23
mem[X,0x0000000080000AF6] -> 0x03F0
[706] [M]: 0x0000000080000AF4 (0x03F0BC23) sd t6, 0x38(ra)
mem[0x0000000080005240] <- 0x10080000FFFFBFFD

mem[X,0x0000000080000AF8] -> 0xFF37
mem[X,0x0000000080000AFA] -> 0xFFFF
[707] [M]: 0x0000000080000AF8 (0xFFFFFF37) lui t5, -0x1
x30 <- 0xFFFFFFFFFFFFF000

mem[X,0x0000000080000AFC] -> 0x0F13
mem[X,0x0000000080000AFE] -> 0xFFFF
[708] [M]: 0x0000000080000AFC (0xFFFF0F13) addi t5, t5, -0x1
x30 <- 0xFFFFFFFFFFFFEFFF

mem[X,0x0000000080000B00] -> 0x1F13
mem[X,0x0000000080000B02] -> 0x00BF
[709] [M]: 0x0000000080000B00 (0x00BF1F13) slli t5, t5, 0xb
x30 <- 0xFFFFFFFFFF7FF800

mem[X,0x0000000080000B04] -> 0x0F13
mem[X,0x0000000080000B06] -> 0x7FFF
[710] [M]: 0x0000000080000B04 (0x7FFF0F13) addi t5, t5, 0x7ff
x30 <- 0xFFFFFFFFFF7FFFFF

mem[X,0x0000000080000B08] -> 0x1F13
mem[X,0x0000000080000B0A] -> 0x00BF
[711] [M]: 0x0000000080000B08 (0x00BF1F13) slli t5, t5, 0xb
x30 <- 0xFFFFFFFBFFFFF800

mem[X,0x0000000080000B0C] -> 0x0F13
mem[X,0x0000000080000B0E] -> 0x7FFF
[712] [M]: 0x0000000080000B0C (0x7FFF0F13) addi t5, t5, 0x7ff
x30 <- 0xFFFFFFFBFFFFFFFF

mem[X,0x0000000080000B10] -> 0x1F13
mem[X,0x0000000080000B12] -> 0x00AF
[713] [M]: 0x0000000080000B10 (0x00AF1F13) slli t5, t5, 0xa
x30 <- 0xFFFFEFFFFFFFFC00

mem[X,0x0000000080000B14] -> 0x0F13
mem[X,0x0000000080000B16] -> 0x3F7F
[714] [M]: 0x0000000080000B14 (0x3F7F0F13) addi t5, t5, 0x3f7
x30 <- 0xFFFFEFFFFFFFFFF7

mem[X,0x0000000080000B18] -> 0xEEB7
mem[X,0x0000000080000B1A] -> 0xFFFF
[715] [M]: 0x0000000080000B18 (0xFFFFEEB7) lui t4, -0x2
x29 <- 0xFFFFFFFFFFFFE000

mem[X,0x0000000080000B1C] -> 0x8E93
mem[X,0x0000000080000B1E] -> 0xFFFE
[716] [M]: 0x0000000080000B1C (0xFFFE8E93) addi t4, t4, -0x1
x29 <- 0xFFFFFFFFFFFFDFFF

mem[X,0x0000000080000B20] -> 0x9E93
mem[X,0x0000000080000B22] -> 0x00BE
[717] [M]: 0x0000000080000B20 (0x00BE9E93) slli t4, t4, 0xb
x29 <- 0xFFFFFFFFFEFFF800

mem[X,0x0000000080000B24] -> 0x8E93
mem[X,0x0000000080000B26] -> 0x7FFE
[718] [M]: 0x0000000080000B24 (0x7FFE8E93) addi t4, t4, 0x7ff
x29 <- 0xFFFFFFFFFEFFFFFF

mem[X,0x0000000080000B28] -> 0x9E93
mem[X,0x0000000080000B2A] -> 0x00BE
[719] [M]: 0x0000000080000B28 (0x00BE9E93) slli t4, t4, 0xb
x29 <- 0xFFFFFFF7FFFFF800

mem[X,0x0000000080000B2C] -> 0x8E93
mem[X,0x0000000080000B2E] -> 0x3FFE
[720] [M]: 0x0000000080000B2C (0x3FFE8E93) addi t4, t4, 0x3ff
x29 <- 0xFFFFFFF7FFFFFBFF

mem[X,0x0000000080000B30] -> 0x9E93
mem[X,0x0000000080000B32] -> 0x00AE
[721] [M]: 0x0000000080000B30 (0x00AE9E93) slli t4, t4, 0xa
x29 <- 0xFFFFDFFFFFEFFC00

mem[X,0x0000000080000B34] -> 0x8E93
mem[X,0x0000000080000B36] -> 0x3FFE
[722] [M]: 0x0000000080000B34 (0x3FFE8E93) addi t4, t4, 0x3ff
x29 <- 0xFFFFDFFFFFEFFFFF

mem[X,0x0000000080000B38] -> 0x6FBB
mem[X,0x0000000080000B3A] -> 0x9BDF
[723] [M]: 0x0000000080000B38 (0x9BDF6FBB) paas.wx t6, t5, t4
x31 <- 0xFFF7F7FF00000FFC

mem[X,0x0000000080000B3C] -> 0xB023
mem[X,0x0000000080000B3E] -> 0x05F0
[724] [M]: 0x0000000080000B3C (0x05F0B023) sd t6, 0x40(ra)
mem[0x0000000080005248] <- 0xFFF7F7FF00000FFC

mem[X,0x0000000080000B40] -> 0x0F37
mem[X,0x0000000080000B42] -> 0x0000
[725] [M]: 0x0000000080000B40 (0x00000F37) lui t5, 0x0
x30 <- 0x0000000000000000

mem[X,0x0000000080000B44] -> 0x0F13
mem[X,0x0000000080000B46] -> 0x001F
[726] [M]: 0x0000000080000B44 (0x001F0F13) addi t5, t5, 0x1
x30 <- 0x0000000000000001

mem[X,0x0000000080000B48] -> 0x1F13
mem[X,0x0000000080000B4A] -> 0x00BF
[727] [M]: 0x0000000080000B48 (0x00BF1F13) slli t5, t5, 0xb
x30 <- 0x0000000000000800

mem[X,0x0000000080000B4C] -> 0x0F13
mem[X,0x0000000080000B4E] -> 0x7FFF
[728] [M]: 0x0000000080000B4C (0x7FFF0F13) addi t5, t5, 0x7ff
x30 <- 0x0000000000000FFF

mem[X,0x0000000080000B50] -> 0x1F13
mem[X,0x0000000080000B52] -> 0x00BF
[729] [M]: 0x0000000080000B50 (0x00BF1F13) slli t5, t5, 0xb
x30 <- 0x00000000007FF800

mem[X,0x0000000080000B54] -> 0x0F13
mem[X,0x0000000080000B56] -> 0x7FFF
[730] [M]: 0x0000000080000B54 (0x7FFF0F13) addi t5, t5, 0x7ff
x30 <- 0x00000000007FFFFF

mem[X,0x0000000080000B58] -> 0x1F13
mem[X,0x0000000080000B5A] -> 0x00AF
[731] [M]: 0x0000000080000B58 (0x00AF1F13) slli t5, t5, 0xa
x30 <- 0x00000001FFFFFC00

mem[X,0x0000000080000B5C] -> 0x0F13
mem[X,0x0000000080000B5E] -> 0x3EFF
[732] [M]: 0x0000000080000B5C (0x3EFF0F13) addi t5, t5, 0x3ef
x30 <- 0x00000001FFFFFFEF

mem[X,0x0000000080000B60] -> 0x0EB7
mem[X,0x0000000080000B62] -> 0xFFFF
[733] [M]: 0x0000000080000B60 (0xFFFF0EB7) lui t4, -0x10
x29 <- 0xFFFFFFFFFFFF0000

mem[X,0x0000000080000B64] -> 0x8E93
mem[X,0x0000000080000B66] -> 0xFFFE
[734] [M]: 0x0000000080000B64 (0xFFFE8E93) addi t4, t4, -0x1
x29 <- 0xFFFFFFFFFFFEFFFF

mem[X,0x0000000080000B68] -> 0x9E93
mem[X,0x0000000080000B6A] -> 0x00BE
[735] [M]: 0x0000000080000B68 (0x00BE9E93) slli t4, t4, 0xb
x29 <- 0xFFFFFFFFF7FFF800

mem[X,0x0000000080000B6C] -> 0x8E93
mem[X,0x0000000080000B6E] -> 0x000E
[736] [M]: 0x0000000080000B6C (0x000E8E93) addi t4, t4, 0x0
x29 <- 0xFFFFFFFFF7FFF800

mem[X,0x0000000080000B70] -> 0x9E93
mem[X,0x0000000080000B72] -> 0x00BE
[737] [M]: 0x0000000080000B70 (0x00BE9E93) slli t4, t4, 0xb
x29 <- 0xFFFFFFBFFFC00000

mem[X,0x0000000080000B74] -> 0x8E93
mem[X,0x0000000080000B76] -> 0x400E
[738] [M]: 0x0000000080000B74 (0x400E8E93) addi t4, t4, 0x400
x29 <- 0xFFFFFFBFFFC00400

mem[X,0x0000000080000B78] -> 0x9E93
mem[X,0x0000000080000B7A] -> 0x00AE
[739] [M]: 0x0000000080000B78 (0x00AE9E93) slli t4, t4, 0xa
x29 <- 0xFFFEFFFF00100000

mem[X,0x0000000080000B7C] -> 0x6FBB
mem[X,0x0000000080000B7E] -> 0x9BDF
[740] [M]: 0x0000000080000B7C (0x9BDF6FBB) paas.wx t6, t5, t4
x31 <- 0x0008000000007FF8

mem[X,0x0000000080000B80] -> 0xB423
mem[X,0x0000000080000B82] -> 0x05F0
[741] [M]: 0x0000000080000B80 (0x05F0B423) sd t6, 0x48(ra)
mem[0x0000000080005250] <- 0x0008000000007FF8

mem[X,0x0000000080000B84] -> 0x0F37
mem[X,0x0000000080000B86] -> 0x8000
[742] [M]: 0x0000000080000B84 (0x80000F37) lui t5, -0x80000
x30 <- 0xFFFFFFFF80000000

mem[X,0x0000000080000B88] -> 0x0F13
mem[X,0x0000000080000B8A] -> 0x000F
[743] [M]: 0x0000000080000B88 (0x000F0F13) addi t5, t5, 0x0
x30 <- 0xFFFFFFFF80000000

mem[X,0x0000000080000B8C] -> 0x1F13
mem[X,0x0000000080000B8E] -> 0x00BF
[744] [M]: 0x0000000080000B8C (0x00BF1F13) slli t5, t5, 0xb
x30 <- 0xFFFFFC0000000000

mem[X,0x0000000080000B90] -> 0x0F13
mem[X,0x0000000080000B92] -> 0x7FFF
[745] [M]: 0x0000000080000B90 (0x7FFF0F13) addi t5, t5, 0x7ff
x30 <- 0xFFFFFC00000007FF

mem[X,0x0000000080000B94] -> 0x1F13
mem[X,0x0000000080000B96] -> 0x00BF
[746] [M]: 0x0000000080000B94 (0x00BF1F13) slli t5, t5, 0xb
x30 <- 0xFFE00000003FF800

mem[X,0x0000000080000B98] -> 0x0F13
mem[X,0x0000000080000B9A] -> 0x7FFF
[747] [M]: 0x0000000080000B98 (0x7FFF0F13) addi t5, t5, 0x7ff
x30 <- 0xFFE00000003FFFFF

mem[X,0x0000000080000B9C] -> 0x1F13
mem[X,0x0000000080000B9E] -> 0x00AF
[748] [M]: 0x0000000080000B9C (0x00AF1F13) slli t5, t5, 0xa
x30 <- 0x80000000FFFFFC00

mem[X,0x0000000080000BA0] -> 0x0F13
mem[X,0x0000000080000BA2] -> 0x3DFF
[749] [M]: 0x0000000080000BA0 (0x3DFF0F13) addi t5, t5, 0x3df
x30 <- 0x80000000FFFFFFDF

mem[X,0x0000000080000BA4] -> 0xEEB7
mem[X,0x0000000080000BA6] -> 0xFFFF
[750] [M]: 0x0000000080000BA4 (0xFFFFEEB7) lui t4, -0x2
x29 <- 0xFFFFFFFFFFFFE000

mem[X,0x0000000080000BA8] -> 0x8E93
mem[X,0x0000000080000BAA] -> 0xFFFE
[751] [M]: 0x0000000080000BA8 (0xFFFE8E93) addi t4, t4, -0x1
x29 <- 0xFFFFFFFFFFFFDFFF

mem[X,0x0000000080000BAC] -> 0x9E93
mem[X,0x0000000080000BAE] -> 0x00BE
[752] [M]: 0x0000000080000BAC (0x00BE9E93) slli t4, t4, 0xb
x29 <- 0xFFFFFFFFFEFFF800

mem[X,0x0000000080000BB0] -> 0x8E93
mem[X,0x0000000080000BB2] -> 0x7FFE
[753] [M]: 0x0000000080000BB0 (0x7FFE8E93) addi t4, t4, 0x7ff
x29 <- 0xFFFFFFFFFEFFFFFF

mem[X,0x0000000080000BB4] -> 0x9E93
mem[X,0x0000000080000BB6] -> 0x00BE
[754] [M]: 0x0000000080000BB4 (0x00BE9E93) slli t4, t4, 0xb
x29 <- 0xFFFFFFF7FFFFF800

mem[X,0x0000000080000BB8] -> 0x8E93
mem[X,0x0000000080000BBA] -> 0x7FFE
[755] [M]: 0x0000000080000BB8 (0x7FFE8E93) addi t4, t4, 0x7ff
x29 <- 0xFFFFFFF7FFFFFFFF

mem[X,0x0000000080000BBC] -> 0x9E93
mem[X,0x0000000080000BBE] -> 0x00AE
[756] [M]: 0x0000000080000BBC (0x00AE9E93) slli t4, t4, 0xa
x29 <- 0xFFFFDFFFFFFFFC00

mem[X,0x0000000080000BC0] -> 0x8E93
mem[X,0x0000000080000BC2] -> 0x3EFE
[757] [M]: 0x0000000080000BC0 (0x3EFE8E93) addi t4, t4, 0x3ef
x29 <- 0xFFFFDFFFFFFFFFEF

mem[X,0x0000000080000BC4] -> 0x6FBB
mem[X,0x0000000080000BC6] -> 0x9BDF
[758] [M]: 0x0000000080000BC4 (0x9BDF6FBB) paas.wx t6, t5, t4
x31 <- 0xBFFFFFF700000FF0

mem[X,0x0000000080000BC8] -> 0xB823
mem[X,0x0000000080000BCA] -> 0x05F0
[759] [M]: 0x0000000080000BC8 (0x05F0B823) sd t6, 0x50(ra)
mem[0x0000000080005258] <- 0xBFFFFFF700000FF0

mem[X,0x0000000080000BCC] -> 0x0F37
mem[X,0x0000000080000BCE] -> 0x0010
[760] [M]: 0x0000000080000BCC (0x00100F37) lui t5, 0x100
x30 <- 0x0000000000100000

mem[X,0x0000000080000BD0] -> 0x0F13
mem[X,0x0000000080000BD2] -> 0x000F
[761] [M]: 0x0000000080000BD0 (0x000F0F13) addi t5, t5, 0x0
x30 <- 0x0000000000100000

mem[X,0x0000000080000BD4] -> 0x1F13
mem[X,0x0000000080000BD6] -> 0x00BF
[762] [M]: 0x0000000080000BD4 (0x00BF1F13) slli t5, t5, 0xb
x30 <- 0x0000000080000000

mem[X,0x0000000080000BD8] -> 0x0F13
mem[X,0x0000000080000BDA] -> 0x7FFF
[763] [M]: 0x0000000080000BD8 (0x7FFF0F13) addi t5, t5, 0x7ff
x30 <- 0x00000000800007FF

mem[X,0x0000000080000BDC] -> 0x1F13
mem[X,0x0000000080000BDE] -> 0x00BF
[764] [M]: 0x0000000080000BDC (0x00BF1F13) slli t5, t5, 0xb
x30 <- 0x00000400003FF800

mem[X,0x0000000080000BE0] -> 0x0F13
mem[X,0x0000000080000BE2] -> 0x7FFF
[765] [M]: 0x0000000080000BE0 (0x7FFF0F13) addi t5, t5, 0x7ff
x30 <- 0x00000400003FFFFF

mem[X,0x0000000080000BE4] -> 0x1F13
mem[X,0x0000000080000BE6] -> 0x00AF
[766] [M]: 0x0000000080000BE4 (0x00AF1F13) slli t5, t5, 0xa
x30 <- 0x00100000FFFFFC00

mem[X,0x0000000080000BE8] -> 0x0F13
mem[X,0x0000000080000BEA] -> 0x3BFF
[767] [M]: 0x0000000080000BE8 (0x3BFF0F13) addi t5, t5, 0x3bf
x30 <- 0x00100000FFFFFFBF

mem[X,0x0000000080000BEC] -> 0x0EB7
mem[X,0x0000000080000BEE] -> 0xFC00
[768] [M]: 0x0000000080000BEC (0xFC000EB7) lui t4, -0x4000
x29 <- 0xFFFFFFFFFC000000

mem[X,0x0000000080000BF0] -> 0x8E93
mem[X,0x0000000080000BF2] -> 0xFFFE
[769] [M]: 0x0000000080000BF0 (0xFFFE8E93) addi t4, t4, -0x1
x29 <- 0xFFFFFFFFFBFFFFFF

mem[X,0x0000000080000BF4] -> 0x9E93
mem[X,0x0000000080000BF6] -> 0x00BE
[770] [M]: 0x0000000080000BF4 (0x00BE9E93) slli t4, t4, 0xb
x29 <- 0xFFFFFFDFFFFFF800

mem[X,0x0000000080000BF8] -> 0x8E93
mem[X,0x0000000080000BFA] -> 0x004E
[771] [M]: 0x0000000080000BF8 (0x004E8E93) addi t4, t4, 0x4
x29 <- 0xFFFFFFDFFFFFF804

mem[X,0x0000000080000BFC] -> 0x9E93
mem[X,0x0000000080000BFE] -> 0x00BE
[772] [M]: 0x0000000080000BFC (0x00BE9E93) slli t4, t4, 0xb
x29 <- 0xFFFEFFFFFFC02000

mem[X,0x0000000080000C00] -> 0x8E93
mem[X,0x0000000080000C02] -> 0x000E
[773] [M]: 0x0000000080000C00 (0x000E8E93) addi t4, t4, 0x0
x29 <- 0xFFFEFFFFFFC02000

mem[X,0x0000000080000C04] -> 0x9E93
mem[X,0x0000000080000C06] -> 0x00AE
[774] [M]: 0x0000000080000C04 (0x00AE9E93) slli t4, t4, 0xa
x29 <- 0xFBFFFFFF00800000

mem[X,0x0000000080000C08] -> 0x6FBB
mem[X,0x0000000080000C0A] -> 0x9BDF
[775] [M]: 0x0000000080000C08 (0x9BDF6FBB) paas.wx t6, t5, t4
x31 <- 0x0048000001FFFFE0

mem[X,0x0000000080000C0C] -> 0xBC23
mem[X,0x0000000080000C0E] -> 0x05F0
[776] [M]: 0x0000000080000C0C (0x05F0BC23) sd t6, 0x58(ra)
mem[0x0000000080005260] <- 0x0048000001FFFFE0

mem[X,0x0000000080000C10] -> 0x0F37
mem[X,0x0000000080000C12] -> 0xFFFE
[777] [M]: 0x0000000080000C10 (0xFFFE0F37) lui t5, -0x20
x30 <- 0xFFFFFFFFFFFE0000

mem[X,0x0000000080000C14] -> 0x0F13
mem[X,0x0000000080000C16] -> 0xFFFF
[778] [M]: 0x0000000080000C14 (0xFFFF0F13) addi t5, t5, -0x1
x30 <- 0xFFFFFFFFFFFDFFFF

mem[X,0x0000000080000C18] -> 0x1F13
mem[X,0x0000000080000C1A] -> 0x00BF
[779] [M]: 0x0000000080000C18 (0x00BF1F13) slli t5, t5, 0xb
x30 <- 0xFFFFFFFFEFFFF800

mem[X,0x0000000080000C1C] -> 0x0F13
mem[X,0x0000000080000C1E] -> 0x7FFF
[780] [M]: 0x0000000080000C1C (0x7FFF0F13) addi t5, t5, 0x7ff
x30 <- 0xFFFFFFFFEFFFFFFF

mem[X,0x0000000080000C20] -> 0x1F13
mem[X,0x0000000080000C22] -> 0x00BF
[781] [M]: 0x0000000080000C20 (0x00BF1F13) slli t5, t5, 0xb
x30 <- 0xFFFFFF7FFFFFF800

mem[X,0x0000000080000C24] -> 0x0F13
mem[X,0x0000000080000C26] -> 0x7FFF
[782] [M]: 0x0000000080000C24 (0x7FFF0F13) addi t5, t5, 0x7ff
x30 <- 0xFFFFFF7FFFFFFFFF

mem[X,0x0000000080000C28] -> 0x1F13
mem[X,0x0000000080000C2A] -> 0x00AF
[783] [M]: 0x0000000080000C28 (0x00AF1F13) slli t5, t5, 0xa
x30 <- 0xFFFDFFFFFFFFFC00

mem[X,0x0000000080000C2C] -> 0x0F13
mem[X,0x0000000080000C2E] -> 0x37FF
[784] [M]: 0x0000000080000C2C (0x37FF0F13) addi t5, t5, 0x37f
x30 <- 0xFFFDFFFFFFFFFF7F

mem[X,0x0000000080000C30] -> 0x0EB7
mem[X,0x0000000080000C32] -> 0x0400
[785] [M]: 0x0000000080000C30 (0x04000EB7) lui t4, 0x4000
x29 <- 0x0000000004000000

mem[X,0x0000000080000C34] -> 0x8E93
mem[X,0x0000000080000C36] -> 0x000E
[786] [M]: 0x0000000080000C34 (0x000E8E93) addi t4, t4, 0x0
x29 <- 0x0000000004000000

mem[X,0x0000000080000C38] -> 0x9E93
mem[X,0x0000000080000C3A] -> 0x00BE
[787] [M]: 0x0000000080000C38 (0x00BE9E93) slli t4, t4, 0xb
x29 <- 0x0000002000000000

mem[X,0x0000000080000C3C] -> 0x8E93
mem[X,0x0000000080000C3E] -> 0x7FFE
[788] [M]: 0x0000000080000C3C (0x7FFE8E93) addi t4, t4, 0x7ff
x29 <- 0x00000020000007FF

mem[X,0x0000000080000C40] -> 0x9E93
mem[X,0x0000000080000C42] -> 0x00BE
[789] [M]: 0x0000000080000C40 (0x00BE9E93) slli t4, t4, 0xb
x29 <- 0x00010000003FF800

mem[X,0x0000000080000C44] -> 0x8E93
mem[X,0x0000000080000C46] -> 0x7F7E
[790] [M]: 0x0000000080000C44 (0x7F7E8E93) addi t4, t4, 0x7f7
x29 <- 0x00010000003FFFF7

mem[X,0x0000000080000C48] -> 0x9E93
mem[X,0x0000000080000C4A] -> 0x00AE
[791] [M]: 0x0000000080000C48 (0x00AE9E93) slli t4, t4, 0xa
x29 <- 0x04000000FFFFDC00

mem[X,0x0000000080000C4C] -> 0x8E93
mem[X,0x0000000080000C4E] -> 0x3FFE
[792] [M]: 0x0000000080000C4C (0x3FFE8E93) addi t4, t4, 0x3ff
x29 <- 0x04000000FFFFDFFF

mem[X,0x0000000080000C50] -> 0x6FBB
mem[X,0x0000000080000C52] -> 0x9BDF
[793] [M]: 0x0000000080000C50 (0x9BDF6FBB) paas.wx t6, t5, t4
x31 <- 0xFFFEEFFFFDFFFFBF

mem[X,0x0000000080000C54] -> 0xB023
mem[X,0x0000000080000C56] -> 0x07F0
[794] [M]: 0x0000000080000C54 (0x07F0B023) sd t6, 0x60(ra)
mem[0x0000000080005268] <- 0xFFFEEFFFFDFFFFBF

mem[X,0x0000000080000C58] -> 0x0F37
mem[X,0x0000000080000C5A] -> 0x0000
[795] [M]: 0x0000000080000C58 (0x00000F37) lui t5, 0x0
x30 <- 0x0000000000000000

mem[X,0x0000000080000C5C] -> 0x0F13
mem[X,0x0000000080000C5E] -> 0xFFCF
[796] [M]: 0x0000000080000C5C (0xFFCF0F13) addi t5, t5, -0x4
x30 <- 0xFFFFFFFFFFFFFFFC

mem[X,0x0000000080000C60] -> 0x1F13
mem[X,0x0000000080000C62] -> 0x00BF
[797] [M]: 0x0000000080000C60 (0x00BF1F13) slli t5, t5, 0xb
x30 <- 0xFFFFFFFFFFFFE000

mem[X,0x0000000080000C64] -> 0x0F13
mem[X,0x0000000080000C66] -> 0x7FFF
[798] [M]: 0x0000000080000C64 (0x7FFF0F13) addi t5, t5, 0x7ff
x30 <- 0xFFFFFFFFFFFFE7FF

mem[X,0x0000000080000C68] -> 0x1F13
mem[X,0x0000000080000C6A] -> 0x00BF
[799] [M]: 0x0000000080000C68 (0x00BF1F13) slli t5, t5, 0xb
x30 <- 0xFFFFFFFFFF3FF800

clint::tick mtime <- 0x0000000000000008
 clint timer pending at mtime 0x0000000000000008
htif::tick 0x0000000000000000
mem[X,0x0000000080000C6C] -> 0x0F13
mem[X,0x0000000080000C6E] -> 0x7FFF
[800] [M]: 0x0000000080000C6C (0x7FFF0F13) addi t5, t5, 0x7ff
x30 <- 0xFFFFFFFFFF3FFFFF

mem[X,0x0000000080000C70] -> 0x1F13
mem[X,0x0000000080000C72] -> 0x00AF
[801] [M]: 0x0000000080000C70 (0x00AF1F13) slli t5, t5, 0xa
x30 <- 0xFFFFFFFCFFFFFC00

mem[X,0x0000000080000C74] -> 0x0F13
mem[X,0x0000000080000C76] -> 0x2FFF
[802] [M]: 0x0000000080000C74 (0x2FFF0F13) addi t5, t5, 0x2ff
x30 <- 0xFFFFFFFCFFFFFEFF

mem[X,0x0000000080000C78] -> 0xEEB7
mem[X,0x0000000080000C7A] -> 0xFFFF
[803] [M]: 0x0000000080000C78 (0xFFFFEEB7) lui t4, -0x2
x29 <- 0xFFFFFFFFFFFFE000

mem[X,0x0000000080000C7C] -> 0x8E93
mem[X,0x0000000080000C7E] -> 0xFFFE
[804] [M]: 0x0000000080000C7C (0xFFFE8E93) addi t4, t4, -0x1
x29 <- 0xFFFFFFFFFFFFDFFF

mem[X,0x0000000080000C80] -> 0x9E93
mem[X,0x0000000080000C82] -> 0x00BE
[805] [M]: 0x0000000080000C80 (0x00BE9E93) slli t4, t4, 0xb
x29 <- 0xFFFFFFFFFEFFF800

mem[X,0x0000000080000C84] -> 0x8E93
mem[X,0x0000000080000C86] -> 0x7FFE
[806] [M]: 0x0000000080000C84 (0x7FFE8E93) addi t4, t4, 0x7ff
x29 <- 0xFFFFFFFFFEFFFFFF

mem[X,0x0000000080000C88] -> 0x9E93
mem[X,0x0000000080000C8A] -> 0x00BE
[807] [M]: 0x0000000080000C88 (0x00BE9E93) slli t4, t4, 0xb
x29 <- 0xFFFFFFF7FFFFF800

mem[X,0x0000000080000C8C] -> 0x8E93
mem[X,0x0000000080000C8E] -> 0x7FFE
[808] [M]: 0x0000000080000C8C (0x7FFE8E93) addi t4, t4, 0x7ff
x29 <- 0xFFFFFFF7FFFFFFFF

mem[X,0x0000000080000C90] -> 0x9E93
mem[X,0x0000000080000C92] -> 0x00AE
[809] [M]: 0x0000000080000C90 (0x00AE9E93) slli t4, t4, 0xa
x29 <- 0xFFFFDFFFFFFFFC00

mem[X,0x0000000080000C94] -> 0x8E93
mem[X,0x0000000080000C96] -> 0x1FFE
[810] [M]: 0x0000000080000C94 (0x1FFE8E93) addi t4, t4, 0x1ff
x29 <- 0xFFFFDFFFFFFFFDFF

mem[X,0x0000000080000C98] -> 0x6FBB
mem[X,0x0000000080000C9A] -> 0x9BDF
[811] [M]: 0x0000000080000C98 (0x9BDF6FBB) paas.wx t6, t5, t4
x31 <- 0xFFFFFEFD00000F80

mem[X,0x0000000080000C9C] -> 0xB423
mem[X,0x0000000080000C9E] -> 0x07F0
[812] [M]: 0x0000000080000C9C (0x07F0B423) sd t6, 0x68(ra)
mem[0x0000000080005270] <- 0xFFFFFEFD00000F80

mem[X,0x0000000080000CA0] -> 0x0F37
mem[X,0x0000000080000CA2] -> 0x8000
[813] [M]: 0x0000000080000CA0 (0x80000F37) lui t5, -0x80000
x30 <- 0xFFFFFFFF80000000

mem[X,0x0000000080000CA4] -> 0x0F13
mem[X,0x0000000080000CA6] -> 0xFFFF
[814] [M]: 0x0000000080000CA4 (0xFFFF0F13) addi t5, t5, -0x1
x30 <- 0xFFFFFFFF7FFFFFFF

mem[X,0x0000000080000CA8] -> 0x1F13
mem[X,0x0000000080000CAA] -> 0x00BF
[815] [M]: 0x0000000080000CA8 (0x00BF1F13) slli t5, t5, 0xb
x30 <- 0xFFFFFBFFFFFFF800

mem[X,0x0000000080000CAC] -> 0x0F13
mem[X,0x0000000080000CAE] -> 0x7FFF
[816] [M]: 0x0000000080000CAC (0x7FFF0F13) addi t5, t5, 0x7ff
x30 <- 0xFFFFFBFFFFFFFFFF

mem[X,0x0000000080000CB0] -> 0x1F13
mem[X,0x0000000080000CB2] -> 0x00BF
[817] [M]: 0x0000000080000CB0 (0x00BF1F13) slli t5, t5, 0xb
x30 <- 0xFFDFFFFFFFFFF800

mem[X,0x0000000080000CB4] -> 0x0F13
mem[X,0x0000000080000CB6] -> 0x7FFF
[818] [M]: 0x0000000080000CB4 (0x7FFF0F13) addi t5, t5, 0x7ff
x30 <- 0xFFDFFFFFFFFFFFFF

mem[X,0x0000000080000CB8] -> 0x1F13
mem[X,0x0000000080000CBA] -> 0x00AF
[819] [M]: 0x0000000080000CB8 (0x00AF1F13) slli t5, t5, 0xa
x30 <- 0x7FFFFFFFFFFFFC00

mem[X,0x0000000080000CBC] -> 0x0F13
mem[X,0x0000000080000CBE] -> 0x1FFF
[820] [M]: 0x0000000080000CBC (0x1FFF0F13) addi t5, t5, 0x1ff
x30 <- 0x7FFFFFFFFFFFFDFF

mem[X,0x0000000080000CC0] -> 0x4EB7
mem[X,0x0000000080000CC2] -> 0x0000
[821] [M]: 0x0000000080000CC0 (0x00004EB7) lui t4, 0x4
x29 <- 0x0000000000004000

mem[X,0x0000000080000CC4] -> 0x8E93
mem[X,0x0000000080000CC6] -> 0x000E
[822] [M]: 0x0000000080000CC4 (0x000E8E93) addi t4, t4, 0x0
x29 <- 0x0000000000004000

mem[X,0x0000000080000CC8] -> 0x9E93
mem[X,0x0000000080000CCA] -> 0x00BE
[823] [M]: 0x0000000080000CC8 (0x00BE9E93) slli t4, t4, 0xb
x29 <- 0x0000000002000000

mem[X,0x0000000080000CCC] -> 0x8E93
mem[X,0x0000000080000CCE] -> 0x7FFE
[824] [M]: 0x0000000080000CCC (0x7FFE8E93) addi t4, t4, 0x7ff
x29 <- 0x00000000020007FF

mem[X,0x0000000080000CD0] -> 0x9E93
mem[X,0x0000000080000CD2] -> 0x00BE
[825] [M]: 0x0000000080000CD0 (0x00BE9E93) slli t4, t4, 0xb
x29 <- 0x00000010003FF800

mem[X,0x0000000080000CD4] -> 0x8E93
mem[X,0x0000000080000CD6] -> 0x3FFE
[826] [M]: 0x0000000080000CD4 (0x3FFE8E93) addi t4, t4, 0x3ff
x29 <- 0x00000010003FFBFF

mem[X,0x0000000080000CD8] -> 0x9E93
mem[X,0x0000000080000CDA] -> 0x00AE
[827] [M]: 0x0000000080000CD8 (0x00AE9E93) slli t4, t4, 0xa
x29 <- 0x00004000FFEFFC00

mem[X,0x0000000080000CDC] -> 0x8E93
mem[X,0x0000000080000CDE] -> 0x3FFE
[828] [M]: 0x0000000080000CDC (0x3FFE8E93) addi t4, t4, 0x3ff
x29 <- 0x00004000FFEFFFFF

mem[X,0x0000000080000CE0] -> 0x6FBB
mem[X,0x0000000080000CE2] -> 0x9BDF
[829] [M]: 0x0000000080000CE0 (0x9BDF6FBB) paas.wx t6, t5, t4
x31 <- 0x3FF7FFFFFFFFDEFF

mem[X,0x0000000080000CE4] -> 0xB823
mem[X,0x0000000080000CE6] -> 0x07F0
[830] [M]: 0x0000000080000CE4 (0x07F0B823) sd t6, 0x70(ra)
mem[0x0000000080005278] <- 0x3FF7FFFFFFFFDEFF

mem[X,0x0000000080000CE8] -> 0x0F37
mem[X,0x0000000080000CEA] -> 0x0008
[831] [M]: 0x0000000080000CE8 (0x00080F37) lui t5, 0x80
x30 <- 0x0000000000080000

mem[X,0x0000000080000CEC] -> 0x0F13
mem[X,0x0000000080000CEE] -> 0x000F
[832] [M]: 0x0000000080000CEC (0x000F0F13) addi t5, t5, 0x0
x30 <- 0x0000000000080000

mem[X,0x0000000080000CF0] -> 0x1F13
mem[X,0x0000000080000CF2] -> 0x00BF
[833] [M]: 0x0000000080000CF0 (0x00BF1F13) slli t5, t5, 0xb
x30 <- 0x0000000040000000

mem[X,0x0000000080000CF4] -> 0x0F13
mem[X,0x0000000080000CF6] -> 0x7FFF
[834] [M]: 0x0000000080000CF4 (0x7FFF0F13) addi t5, t5, 0x7ff
x30 <- 0x00000000400007FF

mem[X,0x0000000080000CF8] -> 0x1F13
mem[X,0x0000000080000CFA] -> 0x00BF
[835] [M]: 0x0000000080000CF8 (0x00BF1F13) slli t5, t5, 0xb
x30 <- 0x00000200003FF800

mem[X,0x0000000080000CFC] -> 0x0F13
mem[X,0x0000000080000CFE] -> 0x7FEF
[836] [M]: 0x0000000080000CFC (0x7FEF0F13) addi t5, t5, 0x7fe
x30 <- 0x00000200003FFFFE

mem[X,0x0000000080000D00] -> 0x1F13
mem[X,0x0000000080000D02] -> 0x00AF
[837] [M]: 0x0000000080000D00 (0x00AF1F13) slli t5, t5, 0xa
x30 <- 0x00080000FFFFF800

mem[X,0x0000000080000D04] -> 0x0F13
mem[X,0x0000000080000D06] -> 0x3FFF
[838] [M]: 0x0000000080000D04 (0x3FFF0F13) addi t5, t5, 0x3ff
x30 <- 0x00080000FFFFFBFF

mem[X,0x0000000080000D08] -> 0x0EB7
mem[X,0x0000000080000D0A] -> 0x0000
[839] [M]: 0x0000000080000D08 (0x00000EB7) lui t4, 0x0
x29 <- 0x0000000000000000

mem[X,0x0000000080000D0C] -> 0x8E93
mem[X,0x0000000080000D0E] -> 0xFFAE
[840] [M]: 0x0000000080000D0C (0xFFAE8E93) addi t4, t4, -0x6
x29 <- 0xFFFFFFFFFFFFFFFA

mem[X,0x0000000080000D10] -> 0x9E93
mem[X,0x0000000080000D12] -> 0x00BE
[841] [M]: 0x0000000080000D10 (0x00BE9E93) slli t4, t4, 0xb
x29 <- 0xFFFFFFFFFFFFD000

mem[X,0x0000000080000D14] -> 0x8E93
mem[X,0x0000000080000D16] -> 0x7FFE
[842] [M]: 0x0000000080000D14 (0x7FFE8E93) addi t4, t4, 0x7ff
x29 <- 0xFFFFFFFFFFFFD7FF

mem[X,0x0000000080000D18] -> 0x9E93
mem[X,0x0000000080000D1A] -> 0x00BE
[843] [M]: 0x0000000080000D18 (0x00BE9E93) slli t4, t4, 0xb
x29 <- 0xFFFFFFFFFEBFF800

mem[X,0x0000000080000D1C] -> 0x8E93
mem[X,0x0000000080000D1E] -> 0x7BFE
[844] [M]: 0x0000000080000D1C (0x7BFE8E93) addi t4, t4, 0x7bf
x29 <- 0xFFFFFFFFFEBFFFBF

mem[X,0x0000000080000D20] -> 0x9E93
mem[X,0x0000000080000D22] -> 0x00AE
[845] [M]: 0x0000000080000D20 (0x00AE9E93) slli t4, t4, 0xa
x29 <- 0xFFFFFFFAFFFEFC00

mem[X,0x0000000080000D24] -> 0x8E93
mem[X,0x0000000080000D26] -> 0x3FFE
[846] [M]: 0x0000000080000D24 (0x3FFE8E93) addi t4, t4, 0x3ff
x29 <- 0xFFFFFFFAFFFEFFFF

mem[X,0x0000000080000D28] -> 0x6FBB
mem[X,0x0000000080000D2A] -> 0x9BDF
[847] [M]: 0x0000000080000D28 (0x9BDF6FBB) paas.wx t6, t5, t4
x31 <- 0x00037FFFFFFFFE02

mem[X,0x0000000080000D2C] -> 0xBC23
mem[X,0x0000000080000D2E] -> 0x07F0
[848] [M]: 0x0000000080000D2C (0x07F0BC23) sd t6, 0x78(ra)
mem[0x0000000080005280] <- 0x00037FFFFFFFFE02

mem[X,0x0000000080000D30] -> 0x0F37
mem[X,0x0000000080000D32] -> 0xFE00
[849] [M]: 0x0000000080000D30 (0xFE000F37) lui t5, -0x2000
x30 <- 0xFFFFFFFFFE000000

mem[X,0x0000000080000D34] -> 0x0F13
mem[X,0x0000000080000D36] -> 0xFFFF
[850] [M]: 0x0000000080000D34 (0xFFFF0F13) addi t5, t5, -0x1
x30 <- 0xFFFFFFFFFDFFFFFF

mem[X,0x0000000080000D38] -> 0x1F13
mem[X,0x0000000080000D3A] -> 0x00BF
[851] [M]: 0x0000000080000D38 (0x00BF1F13) slli t5, t5, 0xb
x30 <- 0xFFFFFFEFFFFFF800

mem[X,0x0000000080000D3C] -> 0x0F13
mem[X,0x0000000080000D3E] -> 0x7FFF
[852] [M]: 0x0000000080000D3C (0x7FFF0F13) addi t5, t5, 0x7ff
x30 <- 0xFFFFFFEFFFFFFFFF

mem[X,0x0000000080000D40] -> 0x1F13
mem[X,0x0000000080000D42] -> 0x00BF
[853] [M]: 0x0000000080000D40 (0x00BF1F13) slli t5, t5, 0xb
x30 <- 0xFFFF7FFFFFFFF800

mem[X,0x0000000080000D44] -> 0x0F13
mem[X,0x0000000080000D46] -> 0x7FDF
[854] [M]: 0x0000000080000D44 (0x7FDF0F13) addi t5, t5, 0x7fd
x30 <- 0xFFFF7FFFFFFFFFFD

mem[X,0x0000000080000D48] -> 0x1F13
mem[X,0x0000000080000D4A] -> 0x00AF
[855] [M]: 0x0000000080000D48 (0x00AF1F13) slli t5, t5, 0xa
x30 <- 0xFDFFFFFFFFFFF400

mem[X,0x0000000080000D4C] -> 0x0F13
mem[X,0x0000000080000D4E] -> 0x3FFF
[856] [M]: 0x0000000080000D4C (0x3FFF0F13) addi t5, t5, 0x3ff
x30 <- 0xFDFFFFFFFFFFF7FF

mem[X,0x0000000080000D50] -> 0xCEB7
mem[X,0x0000000080000D52] -> 0xFFFF
[857] [M]: 0x0000000080000D50 (0xFFFFCEB7) lui t4, -0x4
x29 <- 0xFFFFFFFFFFFFC000

mem[X,0x0000000080000D54] -> 0x8E93
mem[X,0x0000000080000D56] -> 0xFFFE
[858] [M]: 0x0000000080000D54 (0xFFFE8E93) addi t4, t4, -0x1
x29 <- 0xFFFFFFFFFFFFBFFF

mem[X,0x0000000080000D58] -> 0x9E93
mem[X,0x0000000080000D5A] -> 0x00BE
[859] [M]: 0x0000000080000D58 (0x00BE9E93) slli t4, t4, 0xb
x29 <- 0xFFFFFFFFFDFFF800

mem[X,0x0000000080000D5C] -> 0x8E93
mem[X,0x0000000080000D5E] -> 0x000E
[860] [M]: 0x0000000080000D5C (0x000E8E93) addi t4, t4, 0x0
x29 <- 0xFFFFFFFFFDFFF800

mem[X,0x0000000080000D60] -> 0x9E93
mem[X,0x0000000080000D62] -> 0x00BE
[861] [M]: 0x0000000080000D60 (0x00BE9E93) slli t4, t4, 0xb
x29 <- 0xFFFFFFEFFFC00000

mem[X,0x0000000080000D64] -> 0x8E93
mem[X,0x0000000080000D66] -> 0x008E
[862] [M]: 0x0000000080000D64 (0x008E8E93) addi t4, t4, 0x8
x29 <- 0xFFFFFFEFFFC00008

mem[X,0x0000000080000D68] -> 0x9E93
mem[X,0x0000000080000D6A] -> 0x00AE
[863] [M]: 0x0000000080000D68 (0x00AE9E93) slli t4, t4, 0xa
x29 <- 0xFFFFBFFF00002000

mem[X,0x0000000080000D6C] -> 0x6FBB
mem[X,0x0000000080000D6E] -> 0x9BDF
[864] [M]: 0x0000000080000D6C (0x9BDF6FBB) paas.wx t6, t5, t4
x31 <- 0xFF000FFF00001C00

mem[X,0x0000000080000D70] -> 0xB023
mem[X,0x0000000080000D72] -> 0x09F0
[865] [M]: 0x0000000080000D70 (0x09F0B023) sd t6, 0x80(ra)
mem[0x0000000080005288] <- 0xFF000FFF00001C00

mem[X,0x0000000080000D74] -> 0x0F37
mem[X,0x0000000080000D76] -> 0x4000
[866] [M]: 0x0000000080000D74 (0x40000F37) lui t5, 0x40000
x30 <- 0x0000000040000000

mem[X,0x0000000080000D78] -> 0x0F13
mem[X,0x0000000080000D7A] -> 0x000F
[867] [M]: 0x0000000080000D78 (0x000F0F13) addi t5, t5, 0x0
x30 <- 0x0000000040000000

mem[X,0x0000000080000D7C] -> 0x1F13
mem[X,0x0000000080000D7E] -> 0x00BF
[868] [M]: 0x0000000080000D7C (0x00BF1F13) slli t5, t5, 0xb
x30 <- 0x0000020000000000

mem[X,0x0000000080000D80] -> 0x0F13
mem[X,0x0000000080000D82] -> 0x7FFF
[869] [M]: 0x0000000080000D80 (0x7FFF0F13) addi t5, t5, 0x7ff
x30 <- 0x00000200000007FF

mem[X,0x0000000080000D84] -> 0x1F13
mem[X,0x0000000080000D86] -> 0x00BF
[870] [M]: 0x0000000080000D84 (0x00BF1F13) slli t5, t5, 0xb
x30 <- 0x00100000003FF800

mem[X,0x0000000080000D88] -> 0x0F13
mem[X,0x0000000080000D8A] -> 0x7FBF
[871] [M]: 0x0000000080000D88 (0x7FBF0F13) addi t5, t5, 0x7fb
x30 <- 0x00100000003FFFFB

mem[X,0x0000000080000D8C] -> 0x1F13
mem[X,0x0000000080000D8E] -> 0x00AF
[872] [M]: 0x0000000080000D8C (0x00AF1F13) slli t5, t5, 0xa
x30 <- 0x40000000FFFFEC00

mem[X,0x0000000080000D90] -> 0x0F13
mem[X,0x0000000080000D92] -> 0x3FFF
[873] [M]: 0x0000000080000D90 (0x3FFF0F13) addi t5, t5, 0x3ff
x30 <- 0x40000000FFFFEFFF

mem[X,0x0000000080000D94] -> 0x8EB7
mem[X,0x0000000080000D96] -> 0x0000
[874] [M]: 0x0000000080000D94 (0x00008EB7) lui t4, 0x8
x29 <- 0x0000000000008000

mem[X,0x0000000080000D98] -> 0x8E93
mem[X,0x0000000080000D9A] -> 0x000E
[875] [M]: 0x0000000080000D98 (0x000E8E93) addi t4, t4, 0x0
x29 <- 0x0000000000008000

mem[X,0x0000000080000D9C] -> 0x9E93
mem[X,0x0000000080000D9E] -> 0x00BE
[876] [M]: 0x0000000080000D9C (0x00BE9E93) slli t4, t4, 0xb
x29 <- 0x0000000004000000

mem[X,0x0000000080000DA0] -> 0x8E93
mem[X,0x0000000080000DA2] -> 0x7FFE
[877] [M]: 0x0000000080000DA0 (0x7FFE8E93) addi t4, t4, 0x7ff
x29 <- 0x00000000040007FF

mem[X,0x0000000080000DA4] -> 0x9E93
mem[X,0x0000000080000DA6] -> 0x00BE
[878] [M]: 0x0000000080000DA4 (0x00BE9E93) slli t4, t4, 0xb
x29 <- 0x00000020003FF800

mem[X,0x0000000080000DA8] -> 0x8E93
mem[X,0x0000000080000DAA] -> 0x5FFE
[879] [M]: 0x0000000080000DA8 (0x5FFE8E93) addi t4, t4, 0x5ff
x29 <- 0x00000020003FFDFF

mem[X,0x0000000080000DAC] -> 0x9E93
mem[X,0x0000000080000DAE] -> 0x00AE
[880] [M]: 0x0000000080000DAC (0x00AE9E93) slli t4, t4, 0xa
x29 <- 0x00008000FFF7FC00

mem[X,0x0000000080000DB0] -> 0x8E93
mem[X,0x0000000080000DB2] -> 0x3FFE
[881] [M]: 0x0000000080000DB0 (0x3FFE8E93) addi t4, t4, 0x3ff
x29 <- 0x00008000FFF7FFFF

mem[X,0x0000000080000DB4] -> 0x6FBB
mem[X,0x0000000080000DB6] -> 0x9BDF
[882] [M]: 0x0000000080000DB4 (0x9BDF6FBB) paas.wx t6, t5, t4
x31 <- 0x1FFBFFFFFFFFB7FF

mem[X,0x0000000080000DB8] -> 0xB423
mem[X,0x0000000080000DBA] -> 0x09F0
[883] [M]: 0x0000000080000DB8 (0x09F0B423) sd t6, 0x88(ra)
mem[0x0000000080005290] <- 0x1FFBFFFFFFFFB7FF

mem[X,0x0000000080000DBC] -> 0x0F37
mem[X,0x0000000080000DBE] -> 0x0000
[884] [M]: 0x0000000080000DBC (0x00000F37) lui t5, 0x0
x30 <- 0x0000000000000000

mem[X,0x0000000080000DC0] -> 0x0F13
mem[X,0x0000000080000DC2] -> 0xFFAF
[885] [M]: 0x0000000080000DC0 (0xFFAF0F13) addi t5, t5, -0x6
x30 <- 0xFFFFFFFFFFFFFFFA

mem[X,0x0000000080000DC4] -> 0x1F13
mem[X,0x0000000080000DC6] -> 0x00BF
[886] [M]: 0x0000000080000DC4 (0x00BF1F13) slli t5, t5, 0xb
x30 <- 0xFFFFFFFFFFFFD000

mem[X,0x0000000080000DC8] -> 0x0F13
mem[X,0x0000000080000DCA] -> 0x7FFF
[887] [M]: 0x0000000080000DC8 (0x7FFF0F13) addi t5, t5, 0x7ff
x30 <- 0xFFFFFFFFFFFFD7FF

mem[X,0x0000000080000DCC] -> 0x1F13
mem[X,0x0000000080000DCE] -> 0x00BF
[888] [M]: 0x0000000080000DCC (0x00BF1F13) slli t5, t5, 0xb
x30 <- 0xFFFFFFFFFEBFF800

mem[X,0x0000000080000DD0] -> 0x0F13
mem[X,0x0000000080000DD2] -> 0x7F7F
[889] [M]: 0x0000000080000DD0 (0x7F7F0F13) addi t5, t5, 0x7f7
x30 <- 0xFFFFFFFFFEBFFFF7

mem[X,0x0000000080000DD4] -> 0x1F13
mem[X,0x0000000080000DD6] -> 0x00AF
[890] [M]: 0x0000000080000DD4 (0x00AF1F13) slli t5, t5, 0xa
x30 <- 0xFFFFFFFAFFFFDC00

mem[X,0x0000000080000DD8] -> 0x0F13
mem[X,0x0000000080000DDA] -> 0x3FFF
[891] [M]: 0x0000000080000DD8 (0x3FFF0F13) addi t5, t5, 0x3ff
x30 <- 0xFFFFFFFAFFFFDFFF

mem[X,0x0000000080000DDC] -> 0x0EB7
mem[X,0x0000000080000DDE] -> 0xFFC0
[892] [M]: 0x0000000080000DDC (0xFFC00EB7) lui t4, -0x400
x29 <- 0xFFFFFFFFFFC00000

mem[X,0x0000000080000DE0] -> 0x8E93
mem[X,0x0000000080000DE2] -> 0xFFFE
[893] [M]: 0x0000000080000DE0 (0xFFFE8E93) addi t4, t4, -0x1
x29 <- 0xFFFFFFFFFFBFFFFF

mem[X,0x0000000080000DE4] -> 0x9E93
mem[X,0x0000000080000DE6] -> 0x00BE
[894] [M]: 0x0000000080000DE4 (0x00BE9E93) slli t4, t4, 0xb
x29 <- 0xFFFFFFFDFFFFF800

mem[X,0x0000000080000DE8] -> 0x8E93
mem[X,0x0000000080000DEA] -> 0x7FFE
[895] [M]: 0x0000000080000DE8 (0x7FFE8E93) addi t4, t4, 0x7ff
x29 <- 0xFFFFFFFDFFFFFFFF

mem[X,0x0000000080000DEC] -> 0x9E93
mem[X,0x0000000080000DEE] -> 0x00BE
[896] [M]: 0x0000000080000DEC (0x00BE9E93) slli t4, t4, 0xb
x29 <- 0xFFFFEFFFFFFFF800

mem[X,0x0000000080000DF0] -> 0x8E93
mem[X,0x0000000080000DF2] -> 0x77FE
[897] [M]: 0x0000000080000DF0 (0x77FE8E93) addi t4, t4, 0x77f
x29 <- 0xFFFFEFFFFFFFFF7F

mem[X,0x0000000080000DF4] -> 0x9E93
mem[X,0x0000000080000DF6] -> 0x00AE
[898] [M]: 0x0000000080000DF4 (0x00AE9E93) slli t4, t4, 0xa
x29 <- 0xFFBFFFFFFFFDFC00

mem[X,0x0000000080000DF8] -> 0x8E93
mem[X,0x0000000080000DFA] -> 0x3FFE
[899] [M]: 0x0000000080000DF8 (0x3FFE8E93) addi t4, t4, 0x3ff
x29 <- 0xFFBFFFFFFFFDFFFF

clint::tick mtime <- 0x0000000000000009
 clint timer pending at mtime 0x0000000000000009
htif::tick 0x0000000000000000
mem[X,0x0000000080000DFC] -> 0x6FBB
mem[X,0x0000000080000DFE] -> 0x9BDF
[900] [M]: 0x0000000080000DFC (0x9BDF6FBB) paas.wx t6, t5, t4
x31 <- 0xFFFEFFFC001FF000

mem[X,0x0000000080000E00] -> 0xB823
mem[X,0x0000000080000E02] -> 0x09F0
[901] [M]: 0x0000000080000E00 (0x09F0B823) sd t6, 0x90(ra)
mem[0x0000000080005298] <- 0xFFFEFFFC001FF000

mem[X,0x0000000080000E04] -> 0x0F37
mem[X,0x0000000080000E06] -> 0x4000
[902] [M]: 0x0000000080000E04 (0x40000F37) lui t5, 0x40000
x30 <- 0x0000000040000000

mem[X,0x0000000080000E08] -> 0x0F13
mem[X,0x0000000080000E0A] -> 0xFFFF
[903] [M]: 0x0000000080000E08 (0xFFFF0F13) addi t5, t5, -0x1
x30 <- 0x000000003FFFFFFF

mem[X,0x0000000080000E0C] -> 0x1F13
mem[X,0x0000000080000E0E] -> 0x00BF
[904] [M]: 0x0000000080000E0C (0x00BF1F13) slli t5, t5, 0xb
x30 <- 0x000001FFFFFFF800

mem[X,0x0000000080000E10] -> 0x0F13
mem[X,0x0000000080000E12] -> 0x7FFF
[905] [M]: 0x0000000080000E10 (0x7FFF0F13) addi t5, t5, 0x7ff
x30 <- 0x000001FFFFFFFFFF

mem[X,0x0000000080000E14] -> 0x1F13
mem[X,0x0000000080000E16] -> 0x00BF
[906] [M]: 0x0000000080000E14 (0x00BF1F13) slli t5, t5, 0xb
x30 <- 0x000FFFFFFFFFF800

mem[X,0x0000000080000E18] -> 0x0F13
mem[X,0x0000000080000E1A] -> 0x7EFF
[907] [M]: 0x0000000080000E18 (0x7EFF0F13) addi t5, t5, 0x7ef
x30 <- 0x000FFFFFFFFFFFEF

mem[X,0x0000000080000E1C] -> 0x1F13
mem[X,0x0000000080000E1E] -> 0x00AF
[908] [M]: 0x0000000080000E1C (0x00AF1F13) slli t5, t5, 0xa
x30 <- 0x3FFFFFFFFFFFBC00

mem[X,0x0000000080000E20] -> 0x0F13
mem[X,0x0000000080000E22] -> 0x3FFF
[909] [M]: 0x0000000080000E20 (0x3FFF0F13) addi t5, t5, 0x3ff
x30 <- 0x3FFFFFFFFFFFBFFF

mem[X,0x0000000080000E24] -> 0x8EB7
mem[X,0x0000000080000E26] -> 0x0000
[910] [M]: 0x0000000080000E24 (0x00008EB7) lui t4, 0x8
x29 <- 0x0000000000008000

mem[X,0x0000000080000E28] -> 0x8E93
mem[X,0x0000000080000E2A] -> 0x000E
[911] [M]: 0x0000000080000E28 (0x000E8E93) addi t4, t4, 0x0
x29 <- 0x0000000000008000

mem[X,0x0000000080000E2C] -> 0x9E93
mem[X,0x0000000080000E2E] -> 0x00BE
[912] [M]: 0x0000000080000E2C (0x00BE9E93) slli t4, t4, 0xb
x29 <- 0x0000000004000000

mem[X,0x0000000080000E30] -> 0x8E93
mem[X,0x0000000080000E32] -> 0x3FFE
[913] [M]: 0x0000000080000E30 (0x3FFE8E93) addi t4, t4, 0x3ff
x29 <- 0x00000000040003FF

mem[X,0x0000000080000E34] -> 0x9E93
mem[X,0x0000000080000E36] -> 0x00BE
[914] [M]: 0x0000000080000E34 (0x00BE9E93) slli t4, t4, 0xb
x29 <- 0x00000020001FF800

mem[X,0x0000000080000E38] -> 0x8E93
mem[X,0x0000000080000E3A] -> 0x7FFE
[915] [M]: 0x0000000080000E38 (0x7FFE8E93) addi t4, t4, 0x7ff
x29 <- 0x00000020001FFFFF

mem[X,0x0000000080000E3C] -> 0x9E93
mem[X,0x0000000080000E3E] -> 0x00AE
[916] [M]: 0x0000000080000E3C (0x00AE9E93) slli t4, t4, 0xa
x29 <- 0x000080007FFFFC00

mem[X,0x0000000080000E40] -> 0x8E93
mem[X,0x0000000080000E42] -> 0x3FFE
[917] [M]: 0x0000000080000E40 (0x3FFE8E93) addi t4, t4, 0x3ff
x29 <- 0x000080007FFFFFFF

mem[X,0x0000000080000E44] -> 0x6FBB
mem[X,0x0000000080000E46] -> 0x9BDF
[918] [M]: 0x0000000080000E44 (0x9BDF6FBB) paas.wx t6, t5, t4
x31 <- 0x5FFFFFFFFFFF9FFF

mem[X,0x0000000080000E48] -> 0xBC23
mem[X,0x0000000080000E4A] -> 0x09F0
[919] [M]: 0x0000000080000E48 (0x09F0BC23) sd t6, 0x98(ra)
mem[0x00000000800052A0] <- 0x5FFFFFFFFFFF9FFF

mem[X,0x0000000080000E4C] -> 0x0F37
mem[X,0x0000000080000E4E] -> 0x0000
[920] [M]: 0x0000000080000E4C (0x00000F37) lui t5, 0x0
x30 <- 0x0000000000000000

mem[X,0x0000000080000E50] -> 0x0F13
mem[X,0x0000000080000E52] -> 0xFF6F
[921] [M]: 0x0000000080000E50 (0xFF6F0F13) addi t5, t5, -0xa
x30 <- 0xFFFFFFFFFFFFFFF6

mem[X,0x0000000080000E54] -> 0x1F13
mem[X,0x0000000080000E56] -> 0x00BF
[922] [M]: 0x0000000080000E54 (0x00BF1F13) slli t5, t5, 0xb
x30 <- 0xFFFFFFFFFFFFB000

mem[X,0x0000000080000E58] -> 0x0F13
mem[X,0x0000000080000E5A] -> 0x7FFF
[923] [M]: 0x0000000080000E58 (0x7FFF0F13) addi t5, t5, 0x7ff
x30 <- 0xFFFFFFFFFFFFB7FF

mem[X,0x0000000080000E5C] -> 0x1F13
mem[X,0x0000000080000E5E] -> 0x00BF
[924] [M]: 0x0000000080000E5C (0x00BF1F13) slli t5, t5, 0xb
x30 <- 0xFFFFFFFFFDBFF800

mem[X,0x0000000080000E60] -> 0x0F13
mem[X,0x0000000080000E62] -> 0x7DFF
[925] [M]: 0x0000000080000E60 (0x7DFF0F13) addi t5, t5, 0x7df
x30 <- 0xFFFFFFFFFDBFFFDF

mem[X,0x0000000080000E64] -> 0x1F13
mem[X,0x0000000080000E66] -> 0x00AF
[926] [M]: 0x0000000080000E64 (0x00AF1F13) slli t5, t5, 0xa
x30 <- 0xFFFFFFF6FFFF7C00

mem[X,0x0000000080000E68] -> 0x0F13
mem[X,0x0000000080000E6A] -> 0x3FFF
[927] [M]: 0x0000000080000E68 (0x3FFF0F13) addi t5, t5, 0x3ff
x30 <- 0xFFFFFFF6FFFF7FFF

mem[X,0x0000000080000E6C] -> 0x0EB7
mem[X,0x0000000080000E6E] -> 0x0000
[928] [M]: 0x0000000080000E6C (0x00000EB7) lui t4, 0x0
x29 <- 0x0000000000000000

mem[X,0x0000000080000E70] -> 0x8E93
mem[X,0x0000000080000E72] -> 0xFFAE
[929] [M]: 0x0000000080000E70 (0xFFAE8E93) addi t4, t4, -0x6
x29 <- 0xFFFFFFFFFFFFFFFA

mem[X,0x0000000080000E74] -> 0x9E93
mem[X,0x0000000080000E76] -> 0x00BE
[930] [M]: 0x0000000080000E74 (0x00BE9E93) slli t4, t4, 0xb
x29 <- 0xFFFFFFFFFFFFD000

mem[X,0x0000000080000E78] -> 0x8E93
mem[X,0x0000000080000E7A] -> 0x7FFE
[931] [M]: 0x0000000080000E78 (0x7FFE8E93) addi t4, t4, 0x7ff
x29 <- 0xFFFFFFFFFFFFD7FF

mem[X,0x0000000080000E7C] -> 0x9E93
mem[X,0x0000000080000E7E] -> 0x00BE
[932] [M]: 0x0000000080000E7C (0x00BE9E93) slli t4, t4, 0xb
x29 <- 0xFFFFFFFFFEBFF800

mem[X,0x0000000080000E80] -> 0x8E93
mem[X,0x0000000080000E82] -> 0x7FFE
[933] [M]: 0x0000000080000E80 (0x7FFE8E93) addi t4, t4, 0x7ff
x29 <- 0xFFFFFFFFFEBFFFFF

mem[X,0x0000000080000E84] -> 0x9E93
mem[X,0x0000000080000E86] -> 0x00AE
[934] [M]: 0x0000000080000E84 (0x00AE9E93) slli t4, t4, 0xa
x29 <- 0xFFFFFFFAFFFFFC00

mem[X,0x0000000080000E88] -> 0x8E93
mem[X,0x0000000080000E8A] -> 0x3F8E
[935] [M]: 0x0000000080000E88 (0x3F8E8E93) addi t4, t4, 0x3f8
x29 <- 0xFFFFFFFAFFFFFFF8

mem[X,0x0000000080000E8C] -> 0x6FBB
mem[X,0x0000000080000E8E] -> 0x9BDF
[936] [M]: 0x0000000080000E8C (0x9BDF6FBB) paas.wx t6, t5, t4
x31 <- 0xFFFFFFF7FFFFC002

mem[X,0x0000000080000E90] -> 0xB023
mem[X,0x0000000080000E92] -> 0x0BF0
[937] [M]: 0x0000000080000E90 (0x0BF0B023) sd t6, 0xa0(ra)
mem[0x00000000800052A8] <- 0xFFFFFFF7FFFFC002

mem[X,0x0000000080000E94] -> 0x0F37
mem[X,0x0000000080000E96] -> 0x0020
[938] [M]: 0x0000000080000E94 (0x00200F37) lui t5, 0x200
x30 <- 0x0000000000200000

mem[X,0x0000000080000E98] -> 0x0F13
mem[X,0x0000000080000E9A] -> 0x000F
[939] [M]: 0x0000000080000E98 (0x000F0F13) addi t5, t5, 0x0
x30 <- 0x0000000000200000

mem[X,0x0000000080000E9C] -> 0x1F13
mem[X,0x0000000080000E9E] -> 0x00BF
[940] [M]: 0x0000000080000E9C (0x00BF1F13) slli t5, t5, 0xb
x30 <- 0x0000000100000000

mem[X,0x0000000080000EA0] -> 0x0F13
mem[X,0x0000000080000EA2] -> 0x7FFF
[941] [M]: 0x0000000080000EA0 (0x7FFF0F13) addi t5, t5, 0x7ff
x30 <- 0x00000001000007FF

mem[X,0x0000000080000EA4] -> 0x1F13
mem[X,0x0000000080000EA6] -> 0x00BF
[942] [M]: 0x0000000080000EA4 (0x00BF1F13) slli t5, t5, 0xb
x30 <- 0x00000800003FF800

mem[X,0x0000000080000EA8] -> 0x0F13
mem[X,0x0000000080000EAA] -> 0x7BFF
[943] [M]: 0x0000000080000EA8 (0x7BFF0F13) addi t5, t5, 0x7bf
x30 <- 0x00000800003FFFBF

mem[X,0x0000000080000EAC] -> 0x1F13
mem[X,0x0000000080000EAE] -> 0x00AF
[944] [M]: 0x0000000080000EAC (0x00AF1F13) slli t5, t5, 0xa
x30 <- 0x00200000FFFEFC00

mem[X,0x0000000080000EB0] -> 0x0F13
mem[X,0x0000000080000EB2] -> 0x3FFF
[945] [M]: 0x0000000080000EB0 (0x3FFF0F13) addi t5, t5, 0x3ff
x30 <- 0x00200000FFFEFFFF

mem[X,0x0000000080000EB4] -> 0x0EB7
mem[X,0x0000000080000EB6] -> 0xF000
[946] [M]: 0x0000000080000EB4 (0xF0000EB7) lui t4, -0x10000
x29 <- 0xFFFFFFFFF0000000

mem[X,0x0000000080000EB8] -> 0x8E93
mem[X,0x0000000080000EBA] -> 0xFFFE
[947] [M]: 0x0000000080000EB8 (0xFFFE8E93) addi t4, t4, -0x1
x29 <- 0xFFFFFFFFEFFFFFFF

mem[X,0x0000000080000EBC] -> 0x9E93
mem[X,0x0000000080000EBE] -> 0x00BE
[948] [M]: 0x0000000080000EBC (0x00BE9E93) slli t4, t4, 0xb
x29 <- 0xFFFFFF7FFFFFF800

mem[X,0x0000000080000EC0] -> 0x8E93
mem[X,0x0000000080000EC2] -> 0x000E
[949] [M]: 0x0000000080000EC0 (0x000E8E93) addi t4, t4, 0x0
x29 <- 0xFFFFFF7FFFFFF800

mem[X,0x0000000080000EC4] -> 0x9E93
mem[X,0x0000000080000EC6] -> 0x00BE
[950] [M]: 0x0000000080000EC4 (0x00BE9E93) slli t4, t4, 0xb
x29 <- 0xFFFBFFFFFFC00000

mem[X,0x0000000080000EC8] -> 0x8E93
mem[X,0x0000000080000ECA] -> 0x000E
[951] [M]: 0x0000000080000EC8 (0x000E8E93) addi t4, t4, 0x0
x29 <- 0xFFFBFFFFFFC00000

mem[X,0x0000000080000ECC] -> 0x9E93
mem[X,0x0000000080000ECE] -> 0x00AE
[952] [M]: 0x0000000080000ECC (0x00AE9E93) slli t4, t4, 0xa
x29 <- 0xEFFFFFFF00000000

mem[X,0x0000000080000ED0] -> 0x8E93
mem[X,0x0000000080000ED2] -> 0x008E
[953] [M]: 0x0000000080000ED0 (0x008E8E93) addi t4, t4, 0x8
x29 <- 0xEFFFFFFF00000008

mem[X,0x0000000080000ED4] -> 0x6FBB
mem[X,0x0000000080000ED6] -> 0x9BDF
[954] [M]: 0x0000000080000ED4 (0x9BDF6FBB) paas.wx t6, t5, t4
x31 <- 0x0010000407FF8000

mem[X,0x0000000080000ED8] -> 0xB423
mem[X,0x0000000080000EDA] -> 0x0BF0
[955] [M]: 0x0000000080000ED8 (0x0BF0B423) sd t6, 0xa8(ra)
mem[0x00000000800052B0] <- 0x0010000407FF8000

mem[X,0x0000000080000EDC] -> 0x0F37
mem[X,0x0000000080000EDE] -> 0x0000
[956] [M]: 0x0000000080000EDC (0x00000F37) lui t5, 0x0
x30 <- 0x0000000000000000

mem[X,0x0000000080000EE0] -> 0x0F13
mem[X,0x0000000080000EE2] -> 0xFFBF
[957] [M]: 0x0000000080000EE0 (0xFFBF0F13) addi t5, t5, -0x5
x30 <- 0xFFFFFFFFFFFFFFFB

mem[X,0x0000000080000EE4] -> 0x1F13
mem[X,0x0000000080000EE6] -> 0x00BF
[958] [M]: 0x0000000080000EE4 (0x00BF1F13) slli t5, t5, 0xb
x30 <- 0xFFFFFFFFFFFFD800

mem[X,0x0000000080000EE8] -> 0x0F13
mem[X,0x0000000080000EEA] -> 0x7FFF
[959] [M]: 0x0000000080000EE8 (0x7FFF0F13) addi t5, t5, 0x7ff
x30 <- 0xFFFFFFFFFFFFDFFF

mem[X,0x0000000080000EEC] -> 0x1F13
mem[X,0x0000000080000EEE] -> 0x00BF
[960] [M]: 0x0000000080000EEC (0x00BF1F13) slli t5, t5, 0xb
x30 <- 0xFFFFFFFFFEFFF800

mem[X,0x0000000080000EF0] -> 0x0F13
mem[X,0x0000000080000EF2] -> 0x77FF
[961] [M]: 0x0000000080000EF0 (0x77FF0F13) addi t5, t5, 0x77f
x30 <- 0xFFFFFFFFFEFFFF7F

mem[X,0x0000000080000EF4] -> 0x1F13
mem[X,0x0000000080000EF6] -> 0x00AF
[962] [M]: 0x0000000080000EF4 (0x00AF1F13) slli t5, t5, 0xa
x30 <- 0xFFFFFFFBFFFDFC00

mem[X,0x0000000080000EF8] -> 0x0F13
mem[X,0x0000000080000EFA] -> 0x3FFF
[963] [M]: 0x0000000080000EF8 (0x3FFF0F13) addi t5, t5, 0x3ff
x30 <- 0xFFFFFFFBFFFDFFFF

mem[X,0x0000000080000EFC] -> 0x0EB7
mem[X,0x0000000080000EFE] -> 0x0100
[964] [M]: 0x0000000080000EFC (0x01000EB7) lui t4, 0x1000
x29 <- 0x0000000001000000

mem[X,0x0000000080000F00] -> 0x8E93
mem[X,0x0000000080000F02] -> 0x000E
[965] [M]: 0x0000000080000F00 (0x000E8E93) addi t4, t4, 0x0
x29 <- 0x0000000001000000

mem[X,0x0000000080000F04] -> 0x9E93
mem[X,0x0000000080000F06] -> 0x00BE
[966] [M]: 0x0000000080000F04 (0x00BE9E93) slli t4, t4, 0xb
x29 <- 0x0000000800000000

mem[X,0x0000000080000F08] -> 0x8E93
mem[X,0x0000000080000F0A] -> 0x000E
[967] [M]: 0x0000000080000F08 (0x000E8E93) addi t4, t4, 0x0
x29 <- 0x0000000800000000

mem[X,0x0000000080000F0C] -> 0x9E93
mem[X,0x0000000080000F0E] -> 0x00BE
[968] [M]: 0x0000000080000F0C (0x00BE9E93) slli t4, t4, 0xb
x29 <- 0x0000400000000000

mem[X,0x0000000080000F10] -> 0x8E93
mem[X,0x0000000080000F12] -> 0x000E
[969] [M]: 0x0000000080000F10 (0x000E8E93) addi t4, t4, 0x0
x29 <- 0x0000400000000000

mem[X,0x0000000080000F14] -> 0x9E93
mem[X,0x0000000080000F16] -> 0x00AE
[970] [M]: 0x0000000080000F14 (0x00AE9E93) slli t4, t4, 0xa
x29 <- 0x0100000000000000

mem[X,0x0000000080000F18] -> 0x8E93
mem[X,0x0000000080000F1A] -> 0x002E
[971] [M]: 0x0000000080000F18 (0x002E8E93) addi t4, t4, 0x2
x29 <- 0x0100000000000002

mem[X,0x0000000080000F1C] -> 0x6FBB
mem[X,0x0000000080000F1E] -> 0x9BDF
[972] [M]: 0x0000000080000F1C (0x9BDF6FBB) paas.wx t6, t5, t4
x31 <- 0xFFFFFFFEFF7EFFFF

mem[X,0x0000000080000F20] -> 0xB823
mem[X,0x0000000080000F22] -> 0x0BF0
[973] [M]: 0x0000000080000F20 (0x0BF0B823) sd t6, 0xb0(ra)
mem[0x00000000800052B8] <- 0xFFFFFFFEFF7EFFFF

mem[X,0x0000000080000F24] -> 0x0F37
mem[X,0x0000000080000F26] -> 0xFE00
[974] [M]: 0x0000000080000F24 (0xFE000F37) lui t5, -0x2000
x30 <- 0xFFFFFFFFFE000000

mem[X,0x0000000080000F28] -> 0x0F13
mem[X,0x0000000080000F2A] -> 0xFFFF
[975] [M]: 0x0000000080000F28 (0xFFFF0F13) addi t5, t5, -0x1
x30 <- 0xFFFFFFFFFDFFFFFF

mem[X,0x0000000080000F2C] -> 0x1F13
mem[X,0x0000000080000F2E] -> 0x00BF
[976] [M]: 0x0000000080000F2C (0x00BF1F13) slli t5, t5, 0xb
x30 <- 0xFFFFFFEFFFFFF800

mem[X,0x0000000080000F30] -> 0x0F13
mem[X,0x0000000080000F32] -> 0x7FFF
[977] [M]: 0x0000000080000F30 (0x7FFF0F13) addi t5, t5, 0x7ff
x30 <- 0xFFFFFFEFFFFFFFFF

mem[X,0x0000000080000F34] -> 0x1F13
mem[X,0x0000000080000F36] -> 0x00BF
[978] [M]: 0x0000000080000F34 (0x00BF1F13) slli t5, t5, 0xb
x30 <- 0xFFFF7FFFFFFFF800

mem[X,0x0000000080000F38] -> 0x0F13
mem[X,0x0000000080000F3A] -> 0x6FFF
[979] [M]: 0x0000000080000F38 (0x6FFF0F13) addi t5, t5, 0x6ff
x30 <- 0xFFFF7FFFFFFFFEFF

mem[X,0x0000000080000F3C] -> 0x1F13
mem[X,0x0000000080000F3E] -> 0x00AF
[980] [M]: 0x0000000080000F3C (0x00AF1F13) slli t5, t5, 0xa
x30 <- 0xFDFFFFFFFFFBFC00

mem[X,0x0000000080000F40] -> 0x0F13
mem[X,0x0000000080000F42] -> 0x3FFF
[981] [M]: 0x0000000080000F40 (0x3FFF0F13) addi t5, t5, 0x3ff
x30 <- 0xFDFFFFFFFFFBFFFF

mem[X,0x0000000080000F44] -> 0x0EB7
mem[X,0x0000000080000F46] -> 0x0000
[982] [M]: 0x0000000080000F44 (0x00000EB7) lui t4, 0x0
x29 <- 0x0000000000000000

mem[X,0x0000000080000F48] -> 0x8E93
mem[X,0x0000000080000F4A] -> 0xEFFE
[983] [M]: 0x0000000080000F48 (0xEFFE8E93) addi t4, t4, -0x101
x29 <- 0xFFFFFFFFFFFFFEFF

mem[X,0x0000000080000F4C] -> 0x9E93
mem[X,0x0000000080000F4E] -> 0x00BE
[984] [M]: 0x0000000080000F4C (0x00BE9E93) slli t4, t4, 0xb
x29 <- 0xFFFFFFFFFFF7F800

mem[X,0x0000000080000F50] -> 0x8E93
mem[X,0x0000000080000F52] -> 0x000E
[985] [M]: 0x0000000080000F50 (0x000E8E93) addi t4, t4, 0x0
x29 <- 0xFFFFFFFFFFF7F800

mem[X,0x0000000080000F54] -> 0x9E93
mem[X,0x0000000080000F56] -> 0x00BE
[986] [M]: 0x0000000080000F54 (0x00BE9E93) slli t4, t4, 0xb
x29 <- 0xFFFFFFFFBFC00000

mem[X,0x0000000080000F58] -> 0x8E93
mem[X,0x0000000080000F5A] -> 0x008E
[987] [M]: 0x0000000080000F58 (0x008E8E93) addi t4, t4, 0x8
x29 <- 0xFFFFFFFFBFC00008

mem[X,0x0000000080000F5C] -> 0x9E93
mem[X,0x0000000080000F5E] -> 0x00AE
[988] [M]: 0x0000000080000F5C (0x00AE9E93) slli t4, t4, 0xa
x29 <- 0xFFFFFEFF00002000

mem[X,0x0000000080000F60] -> 0x6FBB
mem[X,0x0000000080000F62] -> 0x9BDF
[989] [M]: 0x0000000080000F60 (0x9BDF6FBB) paas.wx t6, t5, t4
x31 <- 0xFF000FFFFFFE0080

mem[X,0x0000000080000F64] -> 0xBC23
mem[X,0x0000000080000F66] -> 0x0BF0
[990] [M]: 0x0000000080000F64 (0x0BF0BC23) sd t6, 0xb8(ra)
mem[0x00000000800052C0] <- 0xFF000FFFFFFE0080

mem[X,0x0000000080000F68] -> 0x4F37
mem[X,0x0000000080000F6A] -> 0x0000
[991] [M]: 0x0000000080000F68 (0x00004F37) lui t5, 0x4
x30 <- 0x0000000000004000

mem[X,0x0000000080000F6C] -> 0x0F13
mem[X,0x0000000080000F6E] -> 0x000F
[992] [M]: 0x0000000080000F6C (0x000F0F13) addi t5, t5, 0x0
x30 <- 0x0000000000004000

mem[X,0x0000000080000F70] -> 0x1F13
mem[X,0x0000000080000F72] -> 0x00BF
[993] [M]: 0x0000000080000F70 (0x00BF1F13) slli t5, t5, 0xb
x30 <- 0x0000000002000000

mem[X,0x0000000080000F74] -> 0x0F13
mem[X,0x0000000080000F76] -> 0x7FFF
[994] [M]: 0x0000000080000F74 (0x7FFF0F13) addi t5, t5, 0x7ff
x30 <- 0x00000000020007FF

mem[X,0x0000000080000F78] -> 0x1F13
mem[X,0x0000000080000F7A] -> 0x00BF
[995] [M]: 0x0000000080000F78 (0x00BF1F13) slli t5, t5, 0xb
x30 <- 0x00000010003FF800

mem[X,0x0000000080000F7C] -> 0x0F13
mem[X,0x0000000080000F7E] -> 0x5FFF
[996] [M]: 0x0000000080000F7C (0x5FFF0F13) addi t5, t5, 0x5ff
x30 <- 0x00000010003FFDFF

mem[X,0x0000000080000F80] -> 0x1F13
mem[X,0x0000000080000F82] -> 0x00AF
[997] [M]: 0x0000000080000F80 (0x00AF1F13) slli t5, t5, 0xa
x30 <- 0x00004000FFF7FC00

mem[X,0x0000000080000F84] -> 0x0F13
mem[X,0x0000000080000F86] -> 0x3FFF
[998] [M]: 0x0000000080000F84 (0x3FFF0F13) addi t5, t5, 0x3ff
x30 <- 0x00004000FFF7FFFF

mem[X,0x0000000080000F88] -> 0x0EB7
mem[X,0x0000000080000F8A] -> 0xFFFC
[999] [M]: 0x0000000080000F88 (0xFFFC0EB7) lui t4, -0x40
x29 <- 0xFFFFFFFFFFFC0000

clint::tick mtime <- 0x000000000000000A
 clint timer pending at mtime 0x000000000000000A
htif::tick 0x0000000000000000
mem[X,0x0000000080000F8C] -> 0x8E93
mem[X,0x0000000080000F8E] -> 0xFFFE
[1000] [M]: 0x0000000080000F8C (0xFFFE8E93) addi t4, t4, -0x1
x29 <- 0xFFFFFFFFFFFBFFFF

mem[X,0x0000000080000F90] -> 0x9E93
mem[X,0x0000000080000F92] -> 0x00BE
[1001] [M]: 0x0000000080000F90 (0x00BE9E93) slli t4, t4, 0xb
x29 <- 0xFFFFFFFFDFFFF800

mem[X,0x0000000080000F94] -> 0x8E93
mem[X,0x0000000080000F96] -> 0x002E
[1002] [M]: 0x0000000080000F94 (0x002E8E93) addi t4, t4, 0x2
x29 <- 0xFFFFFFFFDFFFF802

mem[X,0x0000000080000F98] -> 0x9E93
mem[X,0x0000000080000F9A] -> 0x00BE
[1003] [M]: 0x0000000080000F98 (0x00BE9E93) slli t4, t4, 0xb
x29 <- 0xFFFFFEFFFFC01000

mem[X,0x0000000080000F9C] -> 0x8E93
mem[X,0x0000000080000F9E] -> 0x000E
[1004] [M]: 0x0000000080000F9C (0x000E8E93) addi t4, t4, 0x0
x29 <- 0xFFFFFEFFFFC01000

mem[X,0x0000000080000FA0] -> 0x9E93
mem[X,0x0000000080000FA2] -> 0x00AE
[1005] [M]: 0x0000000080000FA0 (0x00AE9E93) slli t4, t4, 0xa
x29 <- 0xFFFBFFFF00400000

mem[X,0x0000000080000FA4] -> 0x6FBB
mem[X,0x0000000080000FA6] -> 0x9BDF
[1006] [M]: 0x0000000080000FA4 (0x9BDF6FBB) paas.wx t6, t5, t4
x31 <- 0x00202000FFFE0000

mem[X,0x0000000080000FA8] -> 0xB023
mem[X,0x0000000080000FAA] -> 0x0DF0
[1007] [M]: 0x0000000080000FA8 (0x0DF0B023) sd t6, 0xc0(ra)
mem[0x00000000800052C8] <- 0x00202000FFFE0000

mem[X,0x0000000080000FAC] -> 0xFF37
mem[X,0x0000000080000FAE] -> 0xFFFF
[1008] [M]: 0x0000000080000FAC (0xFFFFFF37) lui t5, -0x1
x30 <- 0xFFFFFFFFFFFFF000

mem[X,0x0000000080000FB0] -> 0x0F13
mem[X,0x0000000080000FB2] -> 0xFFFF
[1009] [M]: 0x0000000080000FB0 (0xFFFF0F13) addi t5, t5, -0x1
x30 <- 0xFFFFFFFFFFFFEFFF

mem[X,0x0000000080000FB4] -> 0x1F13
mem[X,0x0000000080000FB6] -> 0x00BF
[1010] [M]: 0x0000000080000FB4 (0x00BF1F13) slli t5, t5, 0xb
x30 <- 0xFFFFFFFFFF7FF800

mem[X,0x0000000080000FB8] -> 0x0F13
mem[X,0x0000000080000FBA] -> 0x5FFF
[1011] [M]: 0x0000000080000FB8 (0x5FFF0F13) addi t5, t5, 0x5ff
x30 <- 0xFFFFFFFFFF7FFDFF

mem[X,0x0000000080000FBC] -> 0x1F13
mem[X,0x0000000080000FBE] -> 0x00BF
[1012] [M]: 0x0000000080000FBC (0x00BF1F13) slli t5, t5, 0xb
x30 <- 0xFFFFFFFBFFEFF800

mem[X,0x0000000080000FC0] -> 0x0F13
mem[X,0x0000000080000FC2] -> 0x7FFF
[1013] [M]: 0x0000000080000FC0 (0x7FFF0F13) addi t5, t5, 0x7ff
x30 <- 0xFFFFFFFBFFEFFFFF

mem[X,0x0000000080000FC4] -> 0x1F13
mem[X,0x0000000080000FC6] -> 0x00AF
[1014] [M]: 0x0000000080000FC4 (0x00AF1F13) slli t5, t5, 0xa
x30 <- 0xFFFFEFFFBFFFFC00

mem[X,0x0000000080000FC8] -> 0x0F13
mem[X,0x0000000080000FCA] -> 0x3FFF
[1015] [M]: 0x0000000080000FC8 (0x3FFF0F13) addi t5, t5, 0x3ff
x30 <- 0xFFFFEFFFBFFFFFFF

mem[X,0x0000000080000FCC] -> 0x0EB7
mem[X,0x0000000080000FCE] -> 0xFFFE
[1016] [M]: 0x0000000080000FCC (0xFFFE0EB7) lui t4, -0x20
x29 <- 0xFFFFFFFFFFFE0000

mem[X,0x0000000080000FD0] -> 0x8E93
mem[X,0x0000000080000FD2] -> 0xFFFE
[1017] [M]: 0x0000000080000FD0 (0xFFFE8E93) addi t4, t4, -0x1
x29 <- 0xFFFFFFFFFFFDFFFF

mem[X,0x0000000080000FD4] -> 0x9E93
mem[X,0x0000000080000FD6] -> 0x00BE
[1018] [M]: 0x0000000080000FD4 (0x00BE9E93) slli t4, t4, 0xb
x29 <- 0xFFFFFFFFEFFFF800

mem[X,0x0000000080000FD8] -> 0x8E93
mem[X,0x0000000080000FDA] -> 0x000E
[1019] [M]: 0x0000000080000FD8 (0x000E8E93) addi t4, t4, 0x0
x29 <- 0xFFFFFFFFEFFFF800

mem[X,0x0000000080000FDC] -> 0x9E93
mem[X,0x0000000080000FDE] -> 0x00BE
[1020] [M]: 0x0000000080000FDC (0x00BE9E93) slli t4, t4, 0xb
x29 <- 0xFFFFFF7FFFC00000

mem[X,0x0000000080000FE0] -> 0x8E93
mem[X,0x0000000080000FE2] -> 0x000E
[1021] [M]: 0x0000000080000FE0 (0x000E8E93) addi t4, t4, 0x0
x29 <- 0xFFFFFF7FFFC00000

mem[X,0x0000000080000FE4] -> 0x9E93
mem[X,0x0000000080000FE6] -> 0x00AE
[1022] [M]: 0x0000000080000FE4 (0x00AE9E93) slli t4, t4, 0xa
x29 <- 0xFFFDFFFF00000000

mem[X,0x0000000080000FE8] -> 0x8E93
mem[X,0x0000000080000FEA] -> 0x002E
[1023] [M]: 0x0000000080000FE8 (0x002E8E93) addi t4, t4, 0x2
x29 <- 0xFFFDFFFF00000002

mem[X,0x0000000080000FEC] -> 0x6FBB
mem[X,0x0000000080000FEE] -> 0x9BDF
[1024] [M]: 0x0000000080000FEC (0x9BDF6FBB) paas.wx t6, t5, t4
x31 <- 0xFFFFF800E0010000

mem[X,0x0000000080000FF0] -> 0xB423
mem[X,0x0000000080000FF2] -> 0x0DF0
[1025] [M]: 0x0000000080000FF0 (0x0DF0B423) sd t6, 0xc8(ra)
mem[0x00000000800052D0] <- 0xFFFFF800E0010000

mem[X,0x0000000080000FF4] -> 0x0F37
mem[X,0x0000000080000FF6] -> 0x0800
[1026] [M]: 0x0000000080000FF4 (0x08000F37) lui t5, 0x8000
x30 <- 0x0000000008000000

mem[X,0x0000000080000FF8] -> 0x0F13
mem[X,0x0000000080000FFA] -> 0x000F
[1027] [M]: 0x0000000080000FF8 (0x000F0F13) addi t5, t5, 0x0
x30 <- 0x0000000008000000

mem[X,0x0000000080000FFC] -> 0x1F13
mem[X,0x0000000080000FFE] -> 0x00BF
[1028] [M]: 0x0000000080000FFC (0x00BF1F13) slli t5, t5, 0xb
x30 <- 0x0000004000000000

mem[X,0x0000000080001000] -> 0x0F13
mem[X,0x0000000080001002] -> 0x000F
[1029] [M]: 0x0000000080001000 (0x000F0F13) addi t5, t5, 0x0
x30 <- 0x0000004000000000

mem[X,0x0000000080001004] -> 0x1F13
mem[X,0x0000000080001006] -> 0x00BF
[1030] [M]: 0x0000000080001004 (0x00BF1F13) slli t5, t5, 0xb
x30 <- 0x0002000000000000

mem[X,0x0000000080001008] -> 0x0F13
mem[X,0x000000008000100A] -> 0x000F
[1031] [M]: 0x0000000080001008 (0x000F0F13) addi t5, t5, 0x0
x30 <- 0x0002000000000000

mem[X,0x000000008000100C] -> 0x1F13
mem[X,0x000000008000100E] -> 0x00AF
[1032] [M]: 0x000000008000100C (0x00AF1F13) slli t5, t5, 0xa
x30 <- 0x0800000000000000

mem[X,0x0000000080001010] -> 0x0F13
mem[X,0x0000000080001012] -> 0x004F
[1033] [M]: 0x0000000080001010 (0x004F0F13) addi t5, t5, 0x4
x30 <- 0x0800000000000004

mem[X,0x0000000080001014] -> 0x0EB7
mem[X,0x0000000080001016] -> 0xFFF8
[1034] [M]: 0x0000000080001014 (0xFFF80EB7) lui t4, -0x80
x29 <- 0xFFFFFFFFFFF80000

mem[X,0x0000000080001018] -> 0x8E93
mem[X,0x000000008000101A] -> 0xFFFE
[1035] [M]: 0x0000000080001018 (0xFFFE8E93) addi t4, t4, -0x1
x29 <- 0xFFFFFFFFFFF7FFFF

mem[X,0x000000008000101C] -> 0x9E93
mem[X,0x000000008000101E] -> 0x00BE
[1036] [M]: 0x000000008000101C (0x00BE9E93) slli t4, t4, 0xb
x29 <- 0xFFFFFFFFBFFFF800

mem[X,0x0000000080001020] -> 0x8E93
mem[X,0x0000000080001022] -> 0x001E
[1037] [M]: 0x0000000080001020 (0x001E8E93) addi t4, t4, 0x1
x29 <- 0xFFFFFFFFBFFFF801

mem[X,0x0000000080001024] -> 0x9E93
mem[X,0x0000000080001026] -> 0x00BE
[1038] [M]: 0x0000000080001024 (0x00BE9E93) slli t4, t4, 0xb
x29 <- 0xFFFFFDFFFFC00800

mem[X,0x0000000080001028] -> 0x8E93
mem[X,0x000000008000102A] -> 0x000E
[1039] [M]: 0x0000000080001028 (0x000E8E93) addi t4, t4, 0x0
x29 <- 0xFFFFFDFFFFC00800

mem[X,0x000000008000102C] -> 0x9E93
mem[X,0x000000008000102E] -> 0x00AE
[1040] [M]: 0x000000008000102C (0x00AE9E93) slli t4, t4, 0xa
x29 <- 0xFFF7FFFF00200000

mem[X,0x0000000080001030] -> 0x6FBB
mem[X,0x0000000080001032] -> 0x9BDF
[1041] [M]: 0x0000000080001030 (0x9BDF6FBB) paas.wx t6, t5, t4
x31 <- 0x0410000000040002

mem[X,0x0000000080001034] -> 0xB823
mem[X,0x0000000080001036] -> 0x0DF0
[1042] [M]: 0x0000000080001034 (0x0DF0B823) sd t6, 0xd0(ra)
mem[0x00000000800052D8] <- 0x0410000000040002

mem[X,0x0000000080001038] -> 0x0F37
mem[X,0x000000008000103A] -> 0x0008
[1043] [M]: 0x0000000080001038 (0x00080F37) lui t5, 0x80
x30 <- 0x0000000000080000

mem[X,0x000000008000103C] -> 0x0F13
mem[X,0x000000008000103E] -> 0x001F
[1044] [M]: 0x000000008000103C (0x001F0F13) addi t5, t5, 0x1
x30 <- 0x0000000000080001

mem[X,0x0000000080001040] -> 0x1F13
mem[X,0x0000000080001042] -> 0x018F
[1045] [M]: 0x0000000080001040 (0x018F1F13) slli t5, t5, 0x18
x30 <- 0x0000080001000000

mem[X,0x0000000080001044] -> 0x0EB7
mem[X,0x0000000080001046] -> 0xFFF0
[1046] [M]: 0x0000000080001044 (0xFFF00EB7) lui t4, -0x100
x29 <- 0xFFFFFFFFFFF00000

mem[X,0x0000000080001048] -> 0x8E93
mem[X,0x000000008000104A] -> 0xFFFE
[1047] [M]: 0x0000000080001048 (0xFFFE8E93) addi t4, t4, -0x1
x29 <- 0xFFFFFFFFFFEFFFFF

mem[X,0x000000008000104C] -> 0x9E93
mem[X,0x000000008000104E] -> 0x00BE
[1048] [M]: 0x000000008000104C (0x00BE9E93) slli t4, t4, 0xb
x29 <- 0xFFFFFFFF7FFFF800

mem[X,0x0000000080001050] -> 0x8E93
mem[X,0x0000000080001052] -> 0x000E
[1049] [M]: 0x0000000080001050 (0x000E8E93) addi t4, t4, 0x0
x29 <- 0xFFFFFFFF7FFFF800

mem[X,0x0000000080001054] -> 0x9E93
mem[X,0x0000000080001056] -> 0x00BE
[1050] [M]: 0x0000000080001054 (0x00BE9E93) slli t4, t4, 0xb
x29 <- 0xFFFFFBFFFFC00000

mem[X,0x0000000080001058] -> 0x8E93
mem[X,0x000000008000105A] -> 0x000E
[1051] [M]: 0x0000000080001058 (0x000E8E93) addi t4, t4, 0x0
x29 <- 0xFFFFFBFFFFC00000

mem[X,0x000000008000105C] -> 0x9E93
mem[X,0x000000008000105E] -> 0x00AE
[1052] [M]: 0x000000008000105C (0x00AE9E93) slli t4, t4, 0xa
x29 <- 0xFFEFFFFF00000000

mem[X,0x0000000080001060] -> 0x8E93
mem[X,0x0000000080001062] -> 0x008E
[1053] [M]: 0x0000000080001060 (0x008E8E93) addi t4, t4, 0x8
x29 <- 0xFFEFFFFF00000008

mem[X,0x0000000080001064] -> 0x6FBB
mem[X,0x0000000080001066] -> 0x9BDF
[1054] [M]: 0x0000000080001064 (0x9BDF6FBB) paas.wx t6, t5, t4
x31 <- 0x0000040400880000

mem[X,0x0000000080001068] -> 0xBC23
mem[X,0x000000008000106A] -> 0x0DF0
[1055] [M]: 0x0000000080001068 (0x0DF0BC23) sd t6, 0xd8(ra)
mem[0x00000000800052E0] <- 0x0000040400880000

mem[X,0x000000008000106C] -> 0x0F37
mem[X,0x000000008000106E] -> 0x0120
[1056] [M]: 0x000000008000106C (0x01200F37) lui t5, 0x1200
x30 <- 0x0000000001200000

mem[X,0x0000000080001070] -> 0x0F13
mem[X,0x0000000080001072] -> 0x001F
[1057] [M]: 0x0000000080001070 (0x001F0F13) addi t5, t5, 0x1
x30 <- 0x0000000001200001

mem[X,0x0000000080001074] -> 0x1F13
mem[X,0x0000000080001076] -> 0x00BF
[1058] [M]: 0x0000000080001074 (0x00BF1F13) slli t5, t5, 0xb
x30 <- 0x0000000900000800

mem[X,0x0000000080001078] -> 0x0EB7
mem[X,0x000000008000107A] -> 0xFFE0
[1059] [M]: 0x0000000080001078 (0xFFE00EB7) lui t4, -0x200
x29 <- 0xFFFFFFFFFFE00000

mem[X,0x000000008000107C] -> 0x8E93
mem[X,0x000000008000107E] -> 0xFFFE
[1060] [M]: 0x000000008000107C (0xFFFE8E93) addi t4, t4, -0x1
x29 <- 0xFFFFFFFFFFDFFFFF

mem[X,0x0000000080001080] -> 0x9E93
mem[X,0x0000000080001082] -> 0x00BE
[1061] [M]: 0x0000000080001080 (0x00BE9E93) slli t4, t4, 0xb
x29 <- 0xFFFFFFFEFFFFF800

mem[X,0x0000000080001084] -> 0x8E93
mem[X,0x0000000080001086] -> 0x004E
[1062] [M]: 0x0000000080001084 (0x004E8E93) addi t4, t4, 0x4
x29 <- 0xFFFFFFFEFFFFF804

mem[X,0x0000000080001088] -> 0x9E93
mem[X,0x000000008000108A] -> 0x00BE
[1063] [M]: 0x0000000080001088 (0x00BE9E93) slli t4, t4, 0xb
x29 <- 0xFFFFF7FFFFC02000

mem[X,0x000000008000108C] -> 0x8E93
mem[X,0x000000008000108E] -> 0x000E
[1064] [M]: 0x000000008000108C (0x000E8E93) addi t4, t4, 0x0
x29 <- 0xFFFFF7FFFFC02000

mem[X,0x0000000080001090] -> 0x9E93
mem[X,0x0000000080001092] -> 0x00AE
[1065] [M]: 0x0000000080001090 (0x00AE9E93) slli t4, t4, 0xa
x29 <- 0xFFDFFFFF00800000

mem[X,0x0000000080001094] -> 0x6FBB
mem[X,0x0000000080001096] -> 0x9BDF
[1066] [M]: 0x0000000080001094 (0x9BDF6FBB) paas.wx t6, t5, t4
x31 <- 0x0040000400100400

mem[X,0x0000000080001098] -> 0xB023
mem[X,0x000000008000109A] -> 0x0FF0
[1067] [M]: 0x0000000080001098 (0x0FF0B023) sd t6, 0xe0(ra)
mem[0x00000000800052E8] <- 0x0040000400100400

mem[X,0x000000008000109C] -> 0x0F37
mem[X,0x000000008000109E] -> 0x0100
[1068] [M]: 0x000000008000109C (0x01000F37) lui t5, 0x1000
x30 <- 0x0000000001000000

mem[X,0x00000000800010A0] -> 0x0F13
mem[X,0x00000000800010A2] -> 0x000F
[1069] [M]: 0x00000000800010A0 (0x000F0F13) addi t5, t5, 0x0
x30 <- 0x0000000001000000

mem[X,0x00000000800010A4] -> 0x1F13
mem[X,0x00000000800010A6] -> 0x00BF
[1070] [M]: 0x00000000800010A4 (0x00BF1F13) slli t5, t5, 0xb
x30 <- 0x0000000800000000

mem[X,0x00000000800010A8] -> 0x0F13
mem[X,0x00000000800010AA] -> 0x2AAF
[1071] [M]: 0x00000000800010A8 (0x2AAF0F13) addi t5, t5, 0x2aa
x30 <- 0x00000008000002AA

mem[X,0x00000000800010AC] -> 0x1F13
mem[X,0x00000000800010AE] -> 0x00BF
[1072] [M]: 0x00000000800010AC (0x00BF1F13) slli t5, t5, 0xb
x30 <- 0x0000400000155000

mem[X,0x00000000800010B0] -> 0x0F13
mem[X,0x00000000800010B2] -> 0x555F
[1073] [M]: 0x00000000800010B0 (0x555F0F13) addi t5, t5, 0x555
x30 <- 0x0000400000155555

mem[X,0x00000000800010B4] -> 0x1F13
mem[X,0x00000000800010B6] -> 0x00AF
[1074] [M]: 0x00000000800010B4 (0x00AF1F13) slli t5, t5, 0xa
x30 <- 0x0100000055555400

mem[X,0x00000000800010B8] -> 0x0F13
mem[X,0x00000000800010BA] -> 0x155F
[1075] [M]: 0x00000000800010B8 (0x155F0F13) addi t5, t5, 0x155
x30 <- 0x0100000055555555

mem[X,0x00000000800010BC] -> 0x0EB7
mem[X,0x00000000800010BE] -> 0xFE00
[1076] [M]: 0x00000000800010BC (0xFE000EB7) lui t4, -0x2000
x29 <- 0xFFFFFFFFFE000000

mem[X,0x00000000800010C0] -> 0x8E93
mem[X,0x00000000800010C2] -> 0xFFFE
[1077] [M]: 0x00000000800010C0 (0xFFFE8E93) addi t4, t4, -0x1
x29 <- 0xFFFFFFFFFDFFFFFF

mem[X,0x00000000800010C4] -> 0x9E93
mem[X,0x00000000800010C6] -> 0x00BE
[1078] [M]: 0x00000000800010C4 (0x00BE9E93) slli t4, t4, 0xb
x29 <- 0xFFFFFFEFFFFFF800

mem[X,0x00000000800010C8] -> 0x8E93
mem[X,0x00000000800010CA] -> 0x000E
[1079] [M]: 0x00000000800010C8 (0x000E8E93) addi t4, t4, 0x0
x29 <- 0xFFFFFFEFFFFFF800

mem[X,0x00000000800010CC] -> 0x9E93
mem[X,0x00000000800010CE] -> 0x00BE
[1080] [M]: 0x00000000800010CC (0x00BE9E93) slli t4, t4, 0xb
x29 <- 0xFFFF7FFFFFC00000

mem[X,0x00000000800010D0] -> 0x8E93
mem[X,0x00000000800010D2] -> 0x020E
[1081] [M]: 0x00000000800010D0 (0x020E8E93) addi t4, t4, 0x20
x29 <- 0xFFFF7FFFFFC00020

mem[X,0x00000000800010D4] -> 0x9E93
mem[X,0x00000000800010D6] -> 0x00AE
[1082] [M]: 0x00000000800010D4 (0x00AE9E93) slli t4, t4, 0xa
x29 <- 0xFDFFFFFF00008000

mem[X,0x00000000800010D8] -> 0x6FBB
mem[X,0x00000000800010DA] -> 0x9BDF
[1083] [M]: 0x00000000800010D8 (0x9BDF6FBB) paas.wx t6, t5, t4
x31 <- 0x008040002BAAAAAB

mem[X,0x00000000800010DC] -> 0xB423
mem[X,0x00000000800010DE] -> 0x0FF0
[1084] [M]: 0x00000000800010DC (0x0FF0B423) sd t6, 0xe8(ra)
mem[0x00000000800052F0] <- 0x008040002BAAAAAB

mem[X,0x00000000800010E0] -> 0x0F37
mem[X,0x00000000800010E2] -> 0x0400
[1085] [M]: 0x00000000800010E0 (0x04000F37) lui t5, 0x4000
x30 <- 0x0000000004000000

mem[X,0x00000000800010E4] -> 0x0F13
mem[X,0x00000000800010E6] -> 0x000F
[1086] [M]: 0x00000000800010E4 (0x000F0F13) addi t5, t5, 0x0
x30 <- 0x0000000004000000

mem[X,0x00000000800010E8] -> 0x1F13
mem[X,0x00000000800010EA] -> 0x00BF
[1087] [M]: 0x00000000800010E8 (0x00BF1F13) slli t5, t5, 0xb
x30 <- 0x0000002000000000

mem[X,0x00000000800010EC] -> 0x0F13
mem[X,0x00000000800010EE] -> 0x000F
[1088] [M]: 0x00000000800010EC (0x000F0F13) addi t5, t5, 0x0
x30 <- 0x0000002000000000

mem[X,0x00000000800010F0] -> 0x1F13
mem[X,0x00000000800010F2] -> 0x00BF
[1089] [M]: 0x00000000800010F0 (0x00BF1F13) slli t5, t5, 0xb
x30 <- 0x0001000000000000

mem[X,0x00000000800010F4] -> 0x0F13
mem[X,0x00000000800010F6] -> 0x020F
[1090] [M]: 0x00000000800010F4 (0x020F0F13) addi t5, t5, 0x20
x30 <- 0x0001000000000020

mem[X,0x00000000800010F8] -> 0x1F13
mem[X,0x00000000800010FA] -> 0x00AF
[1091] [M]: 0x00000000800010F8 (0x00AF1F13) slli t5, t5, 0xa
x30 <- 0x0400000000008000

mem[X,0x00000000800010FC] -> 0x0EB7
mem[X,0x00000000800010FE] -> 0xE000
[1092] [M]: 0x00000000800010FC (0xE0000EB7) lui t4, -0x20000
x29 <- 0xFFFFFFFFE0000000

mem[X,0x0000000080001100] -> 0x8E93
mem[X,0x0000000080001102] -> 0xFFFE
[1093] [M]: 0x0000000080001100 (0xFFFE8E93) addi t4, t4, -0x1
x29 <- 0xFFFFFFFFDFFFFFFF

mem[X,0x0000000080001104] -> 0x9E93
mem[X,0x0000000080001106] -> 0x00BE
[1094] [M]: 0x0000000080001104 (0x00BE9E93) slli t4, t4, 0xb
x29 <- 0xFFFFFEFFFFFFF800

mem[X,0x0000000080001108] -> 0x8E93
mem[X,0x000000008000110A] -> 0x7FFE
[1095] [M]: 0x0000000080001108 (0x7FFE8E93) addi t4, t4, 0x7ff
x29 <- 0xFFFFFEFFFFFFFFFF

mem[X,0x000000008000110C] -> 0x9E93
mem[X,0x000000008000110E] -> 0x00BE
[1096] [M]: 0x000000008000110C (0x00BE9E93) slli t4, t4, 0xb
x29 <- 0xFFF7FFFFFFFFF800

mem[X,0x0000000080001110] -> 0x8E93
mem[X,0x0000000080001112] -> 0x7BFE
[1097] [M]: 0x0000000080001110 (0x7BFE8E93) addi t4, t4, 0x7bf
x29 <- 0xFFF7FFFFFFFFFFBF

mem[X,0x0000000080001114] -> 0x9E93
mem[X,0x0000000080001116] -> 0x00AE
[1098] [M]: 0x0000000080001114 (0x00AE9E93) slli t4, t4, 0xa
x29 <- 0xDFFFFFFFFFFEFC00

mem[X,0x0000000080001118] -> 0x8E93
mem[X,0x000000008000111A] -> 0x3FFE
[1099] [M]: 0x0000000080001118 (0x3FFE8E93) addi t4, t4, 0x3ff
x29 <- 0xDFFFFFFFFFFEFFFF

clint::tick mtime <- 0x000000000000000B
 clint timer pending at mtime 0x000000000000000B
htif::tick 0x0000000000000000
mem[X,0x000000008000111C] -> 0x6FBB
mem[X,0x000000008000111E] -> 0x9BDF
[1100] [M]: 0x000000008000111C (0x9BDF6FBB) paas.wx t6, t5, t4
x31 <- 0x01FF7FFF10004000

mem[X,0x0000000080001120] -> 0xB823
mem[X,0x0000000080001122] -> 0x0FF0
[1101] [M]: 0x0000000080001120 (0x0FF0B823) sd t6, 0xf0(ra)
mem[0x00000000800052F8] <- 0x01FF7FFF10004000

mem[X,0x0000000080001124] -> 0x0F13
mem[X,0x0000000080001126] -> 0xFFF0
[1102] [M]: 0x0000000080001124 (0xFFF00F13) addi t5, zero, -0x1
x30 <- 0xFFFFFFFFFFFFFFFF

mem[X,0x0000000080001128] -> 0x5F13
mem[X,0x000000008000112A] -> 0x022F
[1103] [M]: 0x0000000080001128 (0x022F5F13) srli t5, t5, 0x22
x30 <- 0x000000003FFFFFFF

mem[X,0x000000008000112C] -> 0x1F13
mem[X,0x000000008000112E] -> 0x020F
[1104] [M]: 0x000000008000112C (0x020F1F13) slli t5, t5, 0x20
x30 <- 0x3FFFFFFF00000000

mem[X,0x0000000080001130] -> 0x0EB7
mem[X,0x0000000080001132] -> 0xC000
[1105] [M]: 0x0000000080001130 (0xC0000EB7) lui t4, -0x40000
x29 <- 0xFFFFFFFFC0000000

mem[X,0x0000000080001134] -> 0x8E93
mem[X,0x0000000080001136] -> 0xFFFE
[1106] [M]: 0x0000000080001134 (0xFFFE8E93) addi t4, t4, -0x1
x29 <- 0xFFFFFFFFBFFFFFFF

mem[X,0x0000000080001138] -> 0x9E93
mem[X,0x000000008000113A] -> 0x00BE
[1107] [M]: 0x0000000080001138 (0x00BE9E93) slli t4, t4, 0xb
x29 <- 0xFFFFFDFFFFFFF800

mem[X,0x000000008000113C] -> 0x8E93
mem[X,0x000000008000113E] -> 0x7FFE
[1108] [M]: 0x000000008000113C (0x7FFE8E93) addi t4, t4, 0x7ff
x29 <- 0xFFFFFDFFFFFFFFFF

mem[X,0x0000000080001140] -> 0x9E93
mem[X,0x0000000080001142] -> 0x00BE
[1109] [M]: 0x0000000080001140 (0x00BE9E93) slli t4, t4, 0xb
x29 <- 0xFFEFFFFFFFFFF800

mem[X,0x0000000080001144] -> 0x8E93
mem[X,0x0000000080001146] -> 0x7FFE
[1110] [M]: 0x0000000080001144 (0x7FFE8E93) addi t4, t4, 0x7ff
x29 <- 0xFFEFFFFFFFFFFFFF

mem[X,0x0000000080001148] -> 0x9E93
mem[X,0x000000008000114A] -> 0x00AE
[1111] [M]: 0x0000000080001148 (0x00AE9E93) slli t4, t4, 0xa
x29 <- 0xBFFFFFFFFFFFFC00

mem[X,0x000000008000114C] -> 0x8E93
mem[X,0x000000008000114E] -> 0x3F9E
[1112] [M]: 0x000000008000114C (0x3F9E8E93) addi t4, t4, 0x3f9
x29 <- 0xBFFFFFFFFFFFFFF9

mem[X,0x0000000080001150] -> 0x6FBB
mem[X,0x0000000080001152] -> 0x9BDF
[1113] [M]: 0x0000000080001150 (0x9BDF6FBB) paas.wx t6, t5, t4
x31 <- 0x1FFFFFFC20000000

mem[X,0x0000000080001154] -> 0xBC23
mem[X,0x0000000080001156] -> 0x0FF0
[1114] [M]: 0x0000000080001154 (0x0FF0BC23) sd t6, 0xf8(ra)
mem[0x0000000080005300] <- 0x1FFFFFFC20000000

mem[X,0x0000000080001158] -> 0x0F37
mem[X,0x000000008000115A] -> 0x0000
[1115] [M]: 0x0000000080001158 (0x00000F37) lui t5, 0x0
x30 <- 0x0000000000000000

mem[X,0x000000008000115C] -> 0x0F13
mem[X,0x000000008000115E] -> 0xFEFF
[1116] [M]: 0x000000008000115C (0xFEFF0F13) addi t5, t5, -0x11
x30 <- 0xFFFFFFFFFFFFFFEF

mem[X,0x0000000080001160] -> 0x1F13
mem[X,0x0000000080001162] -> 0x00BF
[1117] [M]: 0x0000000080001160 (0x00BF1F13) slli t5, t5, 0xb
x30 <- 0xFFFFFFFFFFFF7800

mem[X,0x0000000080001164] -> 0x0F13
mem[X,0x0000000080001166] -> 0x7FDF
[1118] [M]: 0x0000000080001164 (0x7FDF0F13) addi t5, t5, 0x7fd
x30 <- 0xFFFFFFFFFFFF7FFD

mem[X,0x0000000080001168] -> 0x1F13
mem[X,0x000000008000116A] -> 0x00BF
[1119] [M]: 0x0000000080001168 (0x00BF1F13) slli t5, t5, 0xb
x30 <- 0xFFFFFFFFFBFFE800

mem[X,0x000000008000116C] -> 0x0F13
mem[X,0x000000008000116E] -> 0x7FFF
[1120] [M]: 0x000000008000116C (0x7FFF0F13) addi t5, t5, 0x7ff
x30 <- 0xFFFFFFFFFBFFEFFF

mem[X,0x0000000080001170] -> 0x1F13
mem[X,0x0000000080001172] -> 0x00AF
[1121] [M]: 0x0000000080001170 (0x00AF1F13) slli t5, t5, 0xa
x30 <- 0xFFFFFFEFFFBFFC00

mem[X,0x0000000080001174] -> 0x0F13
mem[X,0x0000000080001176] -> 0x3FFF
[1122] [M]: 0x0000000080001174 (0x3FFF0F13) addi t5, t5, 0x3ff
x30 <- 0xFFFFFFEFFFBFFFFF

mem[X,0x0000000080001178] -> 0x5EB7
mem[X,0x000000008000117A] -> 0x5555
[1123] [M]: 0x0000000080001178 (0x55555EB7) lui t4, 0x55555
x29 <- 0x0000000055555000

mem[X,0x000000008000117C] -> 0x8E93
mem[X,0x000000008000117E] -> 0x555E
[1124] [M]: 0x000000008000117C (0x555E8E93) addi t4, t4, 0x555
x29 <- 0x0000000055555555

mem[X,0x0000000080001180] -> 0x9E93
mem[X,0x0000000080001182] -> 0x00BE
[1125] [M]: 0x0000000080001180 (0x00BE9E93) slli t4, t4, 0xb
x29 <- 0x000002AAAAAAA800

mem[X,0x0000000080001184] -> 0x8E93
mem[X,0x0000000080001186] -> 0x7FFE
[1126] [M]: 0x0000000080001184 (0x7FFE8E93) addi t4, t4, 0x7ff
x29 <- 0x000002AAAAAAAFFF

mem[X,0x0000000080001188] -> 0x9E93
mem[X,0x000000008000118A] -> 0x00BE
[1127] [M]: 0x0000000080001188 (0x00BE9E93) slli t4, t4, 0xb
x29 <- 0x00155555557FF800

mem[X,0x000000008000118C] -> 0x8E93
mem[X,0x000000008000118E] -> 0x7FFE
[1128] [M]: 0x000000008000118C (0x7FFE8E93) addi t4, t4, 0x7ff
x29 <- 0x00155555557FFFFF

mem[X,0x0000000080001190] -> 0x9E93
mem[X,0x0000000080001192] -> 0x00AE
[1129] [M]: 0x0000000080001190 (0x00AE9E93) slli t4, t4, 0xa
x29 <- 0x55555555FFFFFC00

mem[X,0x0000000080001194] -> 0x8E93
mem[X,0x0000000080001196] -> 0x3DFE
[1130] [M]: 0x0000000080001194 (0x3DFE8E93) addi t4, t4, 0x3df
x29 <- 0x55555555FFFFFFDF

mem[X,0x0000000080001198] -> 0x6FBB
mem[X,0x000000008000119A] -> 0x9BDF
[1131] [M]: 0x0000000080001198 (0x9BDF6FBB) paas.wx t6, t5, t4
x31 <- 0xFFFFFFE7D5355555

mem[X,0x000000008000119C] -> 0xB023
mem[X,0x000000008000119E] -> 0x11F0
[1132] [M]: 0x000000008000119C (0x11F0B023) sd t6, 0x100(ra)
mem[0x0000000080005308] <- 0xFFFFFFE7D5355555

mem[X,0x00000000800011A0] -> 0x0F37
mem[X,0x00000000800011A2] -> 0x0000
[1133] [M]: 0x00000000800011A0 (0x00000F37) lui t5, 0x0
x30 <- 0x0000000000000000

mem[X,0x00000000800011A4] -> 0x0F13
mem[X,0x00000000800011A6] -> 0xFF8F
[1134] [M]: 0x00000000800011A4 (0xFF8F0F13) addi t5, t5, -0x8
x30 <- 0xFFFFFFFFFFFFFFF8

mem[X,0x00000000800011A8] -> 0x1F13
mem[X,0x00000000800011AA] -> 0x00BF
[1135] [M]: 0x00000000800011A8 (0x00BF1F13) slli t5, t5, 0xb
x30 <- 0xFFFFFFFFFFFFC000

mem[X,0x00000000800011AC] -> 0x0F13
mem[X,0x00000000800011AE] -> 0x7FFF
[1136] [M]: 0x00000000800011AC (0x7FFF0F13) addi t5, t5, 0x7ff
x30 <- 0xFFFFFFFFFFFFC7FF

mem[X,0x00000000800011B0] -> 0x1F13
mem[X,0x00000000800011B2] -> 0x00BF
[1137] [M]: 0x00000000800011B0 (0x00BF1F13) slli t5, t5, 0xb
x30 <- 0xFFFFFFFFFE3FF800

mem[X,0x00000000800011B4] -> 0x0F13
mem[X,0x00000000800011B6] -> 0x7FFF
[1138] [M]: 0x00000000800011B4 (0x7FFF0F13) addi t5, t5, 0x7ff
x30 <- 0xFFFFFFFFFE3FFFFF

mem[X,0x00000000800011B8] -> 0x1F13
mem[X,0x00000000800011BA] -> 0x00AF
[1139] [M]: 0x00000000800011B8 (0x00AF1F13) slli t5, t5, 0xa
x30 <- 0xFFFFFFF8FFFFFC00

mem[X,0x00000000800011BC] -> 0x0F13
mem[X,0x00000000800011BE] -> 0x2FFF
[1140] [M]: 0x00000000800011BC (0x2FFF0F13) addi t5, t5, 0x2ff
x30 <- 0xFFFFFFF8FFFFFEFF

mem[X,0x00000000800011C0] -> 0x0EB7
mem[X,0x00000000800011C2] -> 0x0000
[1141] [M]: 0x00000000800011C0 (0x00000EB7) lui t4, 0x0
x29 <- 0x0000000000000000

mem[X,0x00000000800011C4] -> 0x8E93
mem[X,0x00000000800011C6] -> 0xFF8E
[1142] [M]: 0x00000000800011C4 (0xFF8E8E93) addi t4, t4, -0x8
x29 <- 0xFFFFFFFFFFFFFFF8

mem[X,0x00000000800011C8] -> 0x9E93
mem[X,0x00000000800011CA] -> 0x00BE
[1143] [M]: 0x00000000800011C8 (0x00BE9E93) slli t4, t4, 0xb
x29 <- 0xFFFFFFFFFFFFC000

mem[X,0x00000000800011CC] -> 0x8E93
mem[X,0x00000000800011CE] -> 0x7FFE
[1144] [M]: 0x00000000800011CC (0x7FFE8E93) addi t4, t4, 0x7ff
x29 <- 0xFFFFFFFFFFFFC7FF

mem[X,0x00000000800011D0] -> 0x9E93
mem[X,0x00000000800011D2] -> 0x00BE
[1145] [M]: 0x00000000800011D0 (0x00BE9E93) slli t4, t4, 0xb
x29 <- 0xFFFFFFFFFE3FF800

mem[X,0x00000000800011D4] -> 0x8E93
mem[X,0x00000000800011D6] -> 0x7FFE
[1146] [M]: 0x00000000800011D4 (0x7FFE8E93) addi t4, t4, 0x7ff
x29 <- 0xFFFFFFFFFE3FFFFF

mem[X,0x00000000800011D8] -> 0x9E93
mem[X,0x00000000800011DA] -> 0x00AE
[1147] [M]: 0x00000000800011D8 (0x00AE9E93) slli t4, t4, 0xa
x29 <- 0xFFFFFFF8FFFFFC00

mem[X,0x00000000800011DC] -> 0x8E93
mem[X,0x00000000800011DE] -> 0x3EFE
[1148] [M]: 0x00000000800011DC (0x3EFE8E93) addi t4, t4, 0x3ef
x29 <- 0xFFFFFFF8FFFFFFEF

mem[X,0x00000000800011E0] -> 0x6FBB
mem[X,0x00000000800011E2] -> 0x9BDF
[1149] [M]: 0x00000000800011E0 (0x9BDF6FBB) paas.wx t6, t5, t4
x31 <- 0xFFFFFFF3FFFFFF83

mem[X,0x00000000800011E4] -> 0xB423
mem[X,0x00000000800011E6] -> 0x11F0
[1150] [M]: 0x00000000800011E4 (0x11F0B423) sd t6, 0x108(ra)
mem[0x0000000080005310] <- 0xFFFFFFF3FFFFFF83

mem[X,0x00000000800011E8] -> 0x0F37
mem[X,0x00000000800011EA] -> 0x0000
[1151] [M]: 0x00000000800011E8 (0x00000F37) lui t5, 0x0
x30 <- 0x0000000000000000

mem[X,0x00000000800011EC] -> 0x0F13
mem[X,0x00000000800011EE] -> 0x004F
[1152] [M]: 0x00000000800011EC (0x004F0F13) addi t5, t5, 0x4
x30 <- 0x0000000000000004

mem[X,0x00000000800011F0] -> 0x1F13
mem[X,0x00000000800011F2] -> 0x00BF
[1153] [M]: 0x00000000800011F0 (0x00BF1F13) slli t5, t5, 0xb
x30 <- 0x0000000000002000

mem[X,0x00000000800011F4] -> 0x0F13
mem[X,0x00000000800011F6] -> 0x7FFF
[1154] [M]: 0x00000000800011F4 (0x7FFF0F13) addi t5, t5, 0x7ff
x30 <- 0x00000000000027FF

mem[X,0x00000000800011F8] -> 0x1F13
mem[X,0x00000000800011FA] -> 0x00BF
[1155] [M]: 0x00000000800011F8 (0x00BF1F13) slli t5, t5, 0xb
x30 <- 0x00000000013FF800

mem[X,0x00000000800011FC] -> 0x0F13
mem[X,0x00000000800011FE] -> 0x3FFF
[1156] [M]: 0x00000000800011FC (0x3FFF0F13) addi t5, t5, 0x3ff
x30 <- 0x00000000013FFBFF

mem[X,0x0000000080001200] -> 0x1F13
mem[X,0x0000000080001202] -> 0x00AF
[1157] [M]: 0x0000000080001200 (0x00AF1F13) slli t5, t5, 0xa
x30 <- 0x00000004FFEFFC00

mem[X,0x0000000080001204] -> 0x0F13
mem[X,0x0000000080001206] -> 0x3FFF
[1158] [M]: 0x0000000080001204 (0x3FFF0F13) addi t5, t5, 0x3ff
x30 <- 0x00000004FFEFFFFF

mem[X,0x0000000080001208] -> 0x0E93
mem[X,0x000000008000120A] -> 0x2010
[1159] [M]: 0x0000000080001208 (0x20100E93) addi t4, zero, 0x201
x29 <- 0x0000000000000201

mem[X,0x000000008000120C] -> 0x9E93
mem[X,0x000000008000120E] -> 0x01AE
[1160] [M]: 0x000000008000120C (0x01AE9E93) slli t4, t4, 0x1a
x29 <- 0x0000000804000000

mem[X,0x0000000080001210] -> 0x6FBB
mem[X,0x0000000080001212] -> 0x9BDF
[1161] [M]: 0x0000000080001210 (0x9BDF6FBB) paas.wx t6, t5, t4
x31 <- 0x02000002FFF7FFFB

mem[X,0x0000000080001214] -> 0xB823
mem[X,0x0000000080001216] -> 0x11F0
[1162] [M]: 0x0000000080001214 (0x11F0B823) sd t6, 0x110(ra)
mem[0x0000000080005318] <- 0x02000002FFF7FFFB

mem[X,0x0000000080001218] -> 0x0F37
mem[X,0x000000008000121A] -> 0x0000
[1163] [M]: 0x0000000080001218 (0x00000F37) lui t5, 0x0
x30 <- 0x0000000000000000

mem[X,0x000000008000121C] -> 0x0F13
mem[X,0x000000008000121E] -> 0x002F
[1164] [M]: 0x000000008000121C (0x002F0F13) addi t5, t5, 0x2
x30 <- 0x0000000000000002

mem[X,0x0000000080001220] -> 0x1F13
mem[X,0x0000000080001222] -> 0x00BF
[1165] [M]: 0x0000000080001220 (0x00BF1F13) slli t5, t5, 0xb
x30 <- 0x0000000000001000

mem[X,0x0000000080001224] -> 0x0F13
mem[X,0x0000000080001226] -> 0x7FEF
[1166] [M]: 0x0000000080001224 (0x7FEF0F13) addi t5, t5, 0x7fe
x30 <- 0x00000000000017FE

mem[X,0x0000000080001228] -> 0x1F13
mem[X,0x000000008000122A] -> 0x00BF
[1167] [M]: 0x0000000080001228 (0x00BF1F13) slli t5, t5, 0xb
x30 <- 0x0000000000BFF000

mem[X,0x000000008000122C] -> 0x0F13
mem[X,0x000000008000122E] -> 0x7FFF
[1168] [M]: 0x000000008000122C (0x7FFF0F13) addi t5, t5, 0x7ff
x30 <- 0x0000000000BFF7FF

mem[X,0x0000000080001230] -> 0x1F13
mem[X,0x0000000080001232] -> 0x00AF
[1169] [M]: 0x0000000080001230 (0x00AF1F13) slli t5, t5, 0xa
x30 <- 0x00000002FFDFFC00

mem[X,0x0000000080001234] -> 0x0F13
mem[X,0x0000000080001236] -> 0x3FFF
[1170] [M]: 0x0000000080001234 (0x3FFF0F13) addi t5, t5, 0x3ff
x30 <- 0x00000002FFDFFFFF

mem[X,0x0000000080001238] -> 0x0EB7
mem[X,0x000000008000123A] -> 0x0000
[1171] [M]: 0x0000000080001238 (0x00000EB7) lui t4, 0x0
x29 <- 0x0000000000000000

mem[X,0x000000008000123C] -> 0x8E93
mem[X,0x000000008000123E] -> 0xFF8E
[1172] [M]: 0x000000008000123C (0xFF8E8E93) addi t4, t4, -0x8
x29 <- 0xFFFFFFFFFFFFFFF8

mem[X,0x0000000080001240] -> 0x9E93
mem[X,0x0000000080001242] -> 0x00BE
[1173] [M]: 0x0000000080001240 (0x00BE9E93) slli t4, t4, 0xb
x29 <- 0xFFFFFFFFFFFFC000

mem[X,0x0000000080001244] -> 0x8E93
mem[X,0x0000000080001246] -> 0x000E
[1174] [M]: 0x0000000080001244 (0x000E8E93) addi t4, t4, 0x0
x29 <- 0xFFFFFFFFFFFFC000

mem[X,0x0000000080001248] -> 0x9E93
mem[X,0x000000008000124A] -> 0x00BE
[1175] [M]: 0x0000000080001248 (0x00BE9E93) slli t4, t4, 0xb
x29 <- 0xFFFFFFFFFE000000

mem[X,0x000000008000124C] -> 0x8E93
mem[X,0x000000008000124E] -> 0x004E
[1176] [M]: 0x000000008000124C (0x004E8E93) addi t4, t4, 0x4
x29 <- 0xFFFFFFFFFE000004

mem[X,0x0000000080001250] -> 0x9E93
mem[X,0x0000000080001252] -> 0x00AE
[1177] [M]: 0x0000000080001250 (0x00AE9E93) slli t4, t4, 0xa
x29 <- 0xFFFFFFF800001000

mem[X,0x0000000080001254] -> 0x6FBB
mem[X,0x0000000080001256] -> 0x9BDF
[1178] [M]: 0x0000000080001254 (0x9BDF6FBB) paas.wx t6, t5, t4
x31 <- 0x00000801FFF00003

mem[X,0x0000000080001258] -> 0xBC23
mem[X,0x000000008000125A] -> 0x11F0
[1179] [M]: 0x0000000080001258 (0x11F0BC23) sd t6, 0x118(ra)
mem[0x0000000080005320] <- 0x00000801FFF00003

mem[X,0x000000008000125C] -> 0x0F37
mem[X,0x000000008000125E] -> 0x0000
[1180] [M]: 0x000000008000125C (0x00000F37) lui t5, 0x0
x30 <- 0x0000000000000000

mem[X,0x0000000080001260] -> 0x0F13
mem[X,0x0000000080001262] -> 0xFF8F
[1181] [M]: 0x0000000080001260 (0xFF8F0F13) addi t5, t5, -0x8
x30 <- 0xFFFFFFFFFFFFFFF8

mem[X,0x0000000080001264] -> 0x1F13
mem[X,0x0000000080001266] -> 0x00BF
[1182] [M]: 0x0000000080001264 (0x00BF1F13) slli t5, t5, 0xb
x30 <- 0xFFFFFFFFFFFFC000

mem[X,0x0000000080001268] -> 0x0F13
mem[X,0x000000008000126A] -> 0x7FBF
[1183] [M]: 0x0000000080001268 (0x7FBF0F13) addi t5, t5, 0x7fb
x30 <- 0xFFFFFFFFFFFFC7FB

mem[X,0x000000008000126C] -> 0x1F13
mem[X,0x000000008000126E] -> 0x00BF
[1184] [M]: 0x000000008000126C (0x00BF1F13) slli t5, t5, 0xb
x30 <- 0xFFFFFFFFFE3FD800

mem[X,0x0000000080001270] -> 0x0F13
mem[X,0x0000000080001272] -> 0x7FFF
[1185] [M]: 0x0000000080001270 (0x7FFF0F13) addi t5, t5, 0x7ff
x30 <- 0xFFFFFFFFFE3FDFFF

mem[X,0x0000000080001274] -> 0x1F13
mem[X,0x0000000080001276] -> 0x00AF
[1186] [M]: 0x0000000080001274 (0x00AF1F13) slli t5, t5, 0xa
x30 <- 0xFFFFFFF8FF7FFC00

mem[X,0x0000000080001278] -> 0x0F13
mem[X,0x000000008000127A] -> 0x3FFF
[1187] [M]: 0x0000000080001278 (0x3FFF0F13) addi t5, t5, 0x3ff
x30 <- 0xFFFFFFF8FF7FFFFF

mem[X,0x000000008000127C] -> 0x0EB7
mem[X,0x000000008000127E] -> 0xF000
[1188] [M]: 0x000000008000127C (0xF0000EB7) lui t4, -0x10000
x29 <- 0xFFFFFFFFF0000000

mem[X,0x0000000080001280] -> 0x8E93
mem[X,0x0000000080001282] -> 0xFFFE
[1189] [M]: 0x0000000080001280 (0xFFFE8E93) addi t4, t4, -0x1
x29 <- 0xFFFFFFFFEFFFFFFF

mem[X,0x0000000080001284] -> 0x9E93
mem[X,0x0000000080001286] -> 0x00BE
[1190] [M]: 0x0000000080001284 (0x00BE9E93) slli t4, t4, 0xb
x29 <- 0xFFFFFF7FFFFFF800

mem[X,0x0000000080001288] -> 0x8E93
mem[X,0x000000008000128A] -> 0x000E
[1191] [M]: 0x0000000080001288 (0x000E8E93) addi t4, t4, 0x0
x29 <- 0xFFFFFF7FFFFFF800

mem[X,0x000000008000128C] -> 0x9E93
mem[X,0x000000008000128E] -> 0x00BE
[1192] [M]: 0x000000008000128C (0x00BE9E93) slli t4, t4, 0xb
x29 <- 0xFFFBFFFFFFC00000

mem[X,0x0000000080001290] -> 0x8E93
mem[X,0x0000000080001292] -> 0x020E
[1193] [M]: 0x0000000080001290 (0x020E8E93) addi t4, t4, 0x20
x29 <- 0xFFFBFFFFFFC00020

mem[X,0x0000000080001294] -> 0x9E93
mem[X,0x0000000080001296] -> 0x00AE
[1194] [M]: 0x0000000080001294 (0x00AE9E93) slli t4, t4, 0xa
x29 <- 0xEFFFFFFF00008000

mem[X,0x0000000080001298] -> 0x6FBB
mem[X,0x000000008000129A] -> 0x9BDF
[1195] [M]: 0x0000000080001298 (0x9BDF6FBB) paas.wx t6, t5, t4
x31 <- 0x00003FFC07C00000

mem[X,0x000000008000129C] -> 0xB023
mem[X,0x000000008000129E] -> 0x13F0
[1196] [M]: 0x000000008000129C (0x13F0B023) sd t6, 0x120(ra)
mem[0x0000000080005328] <- 0x00003FFC07C00000

mem[X,0x00000000800012A0] -> 0x0F37
mem[X,0x00000000800012A2] -> 0x0000
[1197] [M]: 0x00000000800012A0 (0x00000F37) lui t5, 0x0
x30 <- 0x0000000000000000

mem[X,0x00000000800012A4] -> 0x0F13
mem[X,0x00000000800012A6] -> 0x007F
[1198] [M]: 0x00000000800012A4 (0x007F0F13) addi t5, t5, 0x7
x30 <- 0x0000000000000007

mem[X,0x00000000800012A8] -> 0x1F13
mem[X,0x00000000800012AA] -> 0x00BF
[1199] [M]: 0x00000000800012A8 (0x00BF1F13) slli t5, t5, 0xb
x30 <- 0x0000000000003800

clint::tick mtime <- 0x000000000000000C
 clint timer pending at mtime 0x000000000000000C
htif::tick 0x0000000000000000
mem[X,0x00000000800012AC] -> 0x0F13
mem[X,0x00000000800012AE] -> 0x7F7F
[1200] [M]: 0x00000000800012AC (0x7F7F0F13) addi t5, t5, 0x7f7
x30 <- 0x0000000000003FF7

mem[X,0x00000000800012B0] -> 0x1F13
mem[X,0x00000000800012B2] -> 0x00BF
[1201] [M]: 0x00000000800012B0 (0x00BF1F13) slli t5, t5, 0xb
x30 <- 0x0000000001FFB800

mem[X,0x00000000800012B4] -> 0x0F13
mem[X,0x00000000800012B6] -> 0x7FFF
[1202] [M]: 0x00000000800012B4 (0x7FFF0F13) addi t5, t5, 0x7ff
x30 <- 0x0000000001FFBFFF

mem[X,0x00000000800012B8] -> 0x1F13
mem[X,0x00000000800012BA] -> 0x00AF
[1203] [M]: 0x00000000800012B8 (0x00AF1F13) slli t5, t5, 0xa
x30 <- 0x00000007FEFFFC00

mem[X,0x00000000800012BC] -> 0x0F13
mem[X,0x00000000800012BE] -> 0x3FFF
[1204] [M]: 0x00000000800012BC (0x3FFF0F13) addi t5, t5, 0x3ff
x30 <- 0x00000007FEFFFFFF

mem[X,0x00000000800012C0] -> 0x0EB7
mem[X,0x00000000800012C2] -> 0x0040
[1205] [M]: 0x00000000800012C0 (0x00400EB7) lui t4, 0x400
x29 <- 0x0000000000400000

mem[X,0x00000000800012C4] -> 0x8E93
mem[X,0x00000000800012C6] -> 0x001E
[1206] [M]: 0x00000000800012C4 (0x001E8E93) addi t4, t4, 0x1
x29 <- 0x0000000000400001

mem[X,0x00000000800012C8] -> 0x9E93
mem[X,0x00000000800012CA] -> 0x00EE
[1207] [M]: 0x00000000800012C8 (0x00EE9E93) slli t4, t4, 0xe
x29 <- 0x0000001000004000

mem[X,0x00000000800012CC] -> 0x6FBB
mem[X,0x00000000800012CE] -> 0x9BDF
[1208] [M]: 0x00000000800012CC (0x9BDF6FBB) paas.wx t6, t5, t4
x31 <- 0x00002003FF7FFFF7

mem[X,0x00000000800012D0] -> 0xB423
mem[X,0x00000000800012D2] -> 0x13F0
[1209] [M]: 0x00000000800012D0 (0x13F0B423) sd t6, 0x128(ra)
mem[0x0000000080005330] <- 0x00002003FF7FFFF7

mem[X,0x00000000800012D4] -> 0x0F37
mem[X,0x00000000800012D6] -> 0xF000
[1210] [M]: 0x00000000800012D4 (0xF0000F37) lui t5, -0x10000
x30 <- 0xFFFFFFFFF0000000

mem[X,0x00000000800012D8] -> 0x0F13
mem[X,0x00000000800012DA] -> 0xFFFF
[1211] [M]: 0x00000000800012D8 (0xFFFF0F13) addi t5, t5, -0x1
x30 <- 0xFFFFFFFFEFFFFFFF

mem[X,0x00000000800012DC] -> 0x1F13
mem[X,0x00000000800012DE] -> 0x00BF
[1212] [M]: 0x00000000800012DC (0x00BF1F13) slli t5, t5, 0xb
x30 <- 0xFFFFFF7FFFFFF800

mem[X,0x00000000800012E0] -> 0x0F13
mem[X,0x00000000800012E2] -> 0x7EFF
[1213] [M]: 0x00000000800012E0 (0x7EFF0F13) addi t5, t5, 0x7ef
x30 <- 0xFFFFFF7FFFFFFFEF

mem[X,0x00000000800012E4] -> 0x1F13
mem[X,0x00000000800012E6] -> 0x00BF
[1214] [M]: 0x00000000800012E4 (0x00BF1F13) slli t5, t5, 0xb
x30 <- 0xFFFBFFFFFFFF7800

mem[X,0x00000000800012E8] -> 0x0F13
mem[X,0x00000000800012EA] -> 0x7FFF
[1215] [M]: 0x00000000800012E8 (0x7FFF0F13) addi t5, t5, 0x7ff
x30 <- 0xFFFBFFFFFFFF7FFF

mem[X,0x00000000800012EC] -> 0x1F13
mem[X,0x00000000800012EE] -> 0x00AF
[1216] [M]: 0x00000000800012EC (0x00AF1F13) slli t5, t5, 0xa
x30 <- 0xEFFFFFFFFDFFFC00

mem[X,0x00000000800012F0] -> 0x0F13
mem[X,0x00000000800012F2] -> 0x3FFF
[1217] [M]: 0x00000000800012F0 (0x3FFF0F13) addi t5, t5, 0x3ff
x30 <- 0xEFFFFFFFFDFFFFFF

mem[X,0x00000000800012F4] -> 0x0EB7
mem[X,0x00000000800012F6] -> 0x0000
[1218] [M]: 0x00000000800012F4 (0x00000EB7) lui t4, 0x0
x29 <- 0x0000000000000000

mem[X,0x00000000800012F8] -> 0x8E93
mem[X,0x00000000800012FA] -> 0xFFAE
[1219] [M]: 0x00000000800012F8 (0xFFAE8E93) addi t4, t4, -0x6
x29 <- 0xFFFFFFFFFFFFFFFA

mem[X,0x00000000800012FC] -> 0x9E93
mem[X,0x00000000800012FE] -> 0x00BE
[1220] [M]: 0x00000000800012FC (0x00BE9E93) slli t4, t4, 0xb
x29 <- 0xFFFFFFFFFFFFD000

mem[X,0x0000000080001300] -> 0x8E93
mem[X,0x0000000080001302] -> 0x555E
[1221] [M]: 0x0000000080001300 (0x555E8E93) addi t4, t4, 0x555
x29 <- 0xFFFFFFFFFFFFD555

mem[X,0x0000000080001304] -> 0x9E93
mem[X,0x0000000080001306] -> 0x00BE
[1222] [M]: 0x0000000080001304 (0x00BE9E93) slli t4, t4, 0xb
x29 <- 0xFFFFFFFFFEAAA800

mem[X,0x0000000080001308] -> 0x8E93
mem[X,0x000000008000130A] -> 0x2AAE
[1223] [M]: 0x0000000080001308 (0x2AAE8E93) addi t4, t4, 0x2aa
x29 <- 0xFFFFFFFFFEAAAAAA

mem[X,0x000000008000130C] -> 0x9E93
mem[X,0x000000008000130E] -> 0x00AE
[1224] [M]: 0x000000008000130C (0x00AE9E93) slli t4, t4, 0xa
x29 <- 0xFFFFFFFAAAAAA800

mem[X,0x0000000080001310] -> 0x8E93
mem[X,0x0000000080001312] -> 0x2AAE
[1225] [M]: 0x0000000080001310 (0x2AAE8E93) addi t4, t4, 0x2aa
x29 <- 0xFFFFFFFAAAAAAAAA

mem[X,0x0000000080001314] -> 0x6FBB
mem[X,0x0000000080001316] -> 0x9BDF
[1226] [M]: 0x0000000080001314 (0x9BDF6FBB) paas.wx t6, t5, t4
x31 <- 0xCD555554FF000002

mem[X,0x0000000080001318] -> 0xB823
mem[X,0x000000008000131A] -> 0x13F0
[1227] [M]: 0x0000000080001318 (0x13F0B823) sd t6, 0x130(ra)
mem[0x0000000080005338] <- 0xCD555554FF000002

mem[X,0x000000008000131C] -> 0x0F37
mem[X,0x000000008000131E] -> 0x0000
[1228] [M]: 0x000000008000131C (0x00000F37) lui t5, 0x0
x30 <- 0x0000000000000000

mem[X,0x0000000080001320] -> 0x0F13
mem[X,0x0000000080001322] -> 0x200F
[1229] [M]: 0x0000000080001320 (0x200F0F13) addi t5, t5, 0x200
x30 <- 0x0000000000000200

mem[X,0x0000000080001324] -> 0x1F13
mem[X,0x0000000080001326] -> 0x00BF
[1230] [M]: 0x0000000080001324 (0x00BF1F13) slli t5, t5, 0xb
x30 <- 0x0000000000100000

mem[X,0x0000000080001328] -> 0x0F13
mem[X,0x000000008000132A] -> 0x7DFF
[1231] [M]: 0x0000000080001328 (0x7DFF0F13) addi t5, t5, 0x7df
x30 <- 0x00000000001007DF

mem[X,0x000000008000132C] -> 0x1F13
mem[X,0x000000008000132E] -> 0x00BF
[1232] [M]: 0x000000008000132C (0x00BF1F13) slli t5, t5, 0xb
x30 <- 0x00000000803EF800

mem[X,0x0000000080001330] -> 0x0F13
mem[X,0x0000000080001332] -> 0x7FFF
[1233] [M]: 0x0000000080001330 (0x7FFF0F13) addi t5, t5, 0x7ff
x30 <- 0x00000000803EFFFF

mem[X,0x0000000080001334] -> 0x1F13
mem[X,0x0000000080001336] -> 0x00AF
[1234] [M]: 0x0000000080001334 (0x00AF1F13) slli t5, t5, 0xa
x30 <- 0x00000200FBFFFC00

mem[X,0x0000000080001338] -> 0x0F13
mem[X,0x000000008000133A] -> 0x3FFF
[1235] [M]: 0x0000000080001338 (0x3FFF0F13) addi t5, t5, 0x3ff
x30 <- 0x00000200FBFFFFFF

mem[X,0x000000008000133C] -> 0x0EB7
mem[X,0x000000008000133E] -> 0x0000
[1236] [M]: 0x000000008000133C (0x00000EB7) lui t4, 0x0
x29 <- 0x0000000000000000

mem[X,0x0000000080001340] -> 0x8E93
mem[X,0x0000000080001342] -> 0xFEFE
[1237] [M]: 0x0000000080001340 (0xFEFE8E93) addi t4, t4, -0x11
x29 <- 0xFFFFFFFFFFFFFFEF

mem[X,0x0000000080001344] -> 0x9E93
mem[X,0x0000000080001346] -> 0x00BE
[1238] [M]: 0x0000000080001344 (0x00BE9E93) slli t4, t4, 0xb
x29 <- 0xFFFFFFFFFFFF7800

mem[X,0x0000000080001348] -> 0x8E93
mem[X,0x000000008000134A] -> 0x77FE
[1239] [M]: 0x0000000080001348 (0x77FE8E93) addi t4, t4, 0x77f
x29 <- 0xFFFFFFFFFFFF7F7F

mem[X,0x000000008000134C] -> 0x9E93
mem[X,0x000000008000134E] -> 0x00BE
[1240] [M]: 0x000000008000134C (0x00BE9E93) slli t4, t4, 0xb
x29 <- 0xFFFFFFFFFBFBF800

mem[X,0x0000000080001350] -> 0x8E93
mem[X,0x0000000080001352] -> 0x7FFE
[1241] [M]: 0x0000000080001350 (0x7FFE8E93) addi t4, t4, 0x7ff
x29 <- 0xFFFFFFFFFBFBFFFF

mem[X,0x0000000080001354] -> 0x9E93
mem[X,0x0000000080001356] -> 0x00AE
[1242] [M]: 0x0000000080001354 (0x00AE9E93) slli t4, t4, 0xa
x29 <- 0xFFFFFFEFEFFFFC00

mem[X,0x0000000080001358] -> 0x8E93
mem[X,0x000000008000135A] -> 0x3FFE
[1243] [M]: 0x0000000080001358 (0x3FFE8E93) addi t4, t4, 0x3ff
x29 <- 0xFFFFFFEFEFFFFFFF

mem[X,0x000000008000135C] -> 0x6FBB
mem[X,0x000000008000135E] -> 0x9BDF
[1244] [M]: 0x000000008000135C (0x9BDF6FBB) paas.wx t6, t5, t4
x31 <- 0xF80000FFFE000008

mem[X,0x0000000080001360] -> 0xBC23
mem[X,0x0000000080001362] -> 0x13F0
[1245] [M]: 0x0000000080001360 (0x13F0BC23) sd t6, 0x138(ra)
mem[0x0000000080005340] <- 0xF80000FFFE000008

mem[X,0x0000000080001364] -> 0x0F37
mem[X,0x0000000080001366] -> 0xFF00
[1246] [M]: 0x0000000080001364 (0xFF000F37) lui t5, -0x1000
x30 <- 0xFFFFFFFFFF000000

mem[X,0x0000000080001368] -> 0x0F13
mem[X,0x000000008000136A] -> 0xFFFF
[1247] [M]: 0x0000000080001368 (0xFFFF0F13) addi t5, t5, -0x1
x30 <- 0xFFFFFFFFFEFFFFFF

mem[X,0x000000008000136C] -> 0x1F13
mem[X,0x000000008000136E] -> 0x00BF
[1248] [M]: 0x000000008000136C (0x00BF1F13) slli t5, t5, 0xb
x30 <- 0xFFFFFFF7FFFFF800

mem[X,0x0000000080001370] -> 0x0F13
mem[X,0x0000000080001372] -> 0x7BFF
[1249] [M]: 0x0000000080001370 (0x7BFF0F13) addi t5, t5, 0x7bf
x30 <- 0xFFFFFFF7FFFFFFBF

mem[X,0x0000000080001374] -> 0x1F13
mem[X,0x0000000080001376] -> 0x00BF
[1250] [M]: 0x0000000080001374 (0x00BF1F13) slli t5, t5, 0xb
x30 <- 0xFFFFBFFFFFFDF800

mem[X,0x0000000080001378] -> 0x0F13
mem[X,0x000000008000137A] -> 0x7FFF
[1251] [M]: 0x0000000080001378 (0x7FFF0F13) addi t5, t5, 0x7ff
x30 <- 0xFFFFBFFFFFFDFFFF

mem[X,0x000000008000137C] -> 0x1F13
mem[X,0x000000008000137E] -> 0x00AF
[1252] [M]: 0x000000008000137C (0x00AF1F13) slli t5, t5, 0xa
x30 <- 0xFEFFFFFFF7FFFC00

mem[X,0x0000000080001380] -> 0x0F13
mem[X,0x0000000080001382] -> 0x3FFF
[1253] [M]: 0x0000000080001380 (0x3FFF0F13) addi t5, t5, 0x3ff
x30 <- 0xFEFFFFFFF7FFFFFF

mem[X,0x0000000080001384] -> 0x0EB7
mem[X,0x0000000080001386] -> 0x0000
[1254] [M]: 0x0000000080001384 (0x00000EB7) lui t4, 0x0
x29 <- 0x0000000000000000

mem[X,0x0000000080001388] -> 0x8E93
mem[X,0x000000008000138A] -> 0xFFCE
[1255] [M]: 0x0000000080001388 (0xFFCE8E93) addi t4, t4, -0x4
x29 <- 0xFFFFFFFFFFFFFFFC

mem[X,0x000000008000138C] -> 0x9E93
mem[X,0x000000008000138E] -> 0x00BE
[1256] [M]: 0x000000008000138C (0x00BE9E93) slli t4, t4, 0xb
x29 <- 0xFFFFFFFFFFFFE000

mem[X,0x0000000080001390] -> 0x8E93
mem[X,0x0000000080001392] -> 0x7FFE
[1257] [M]: 0x0000000080001390 (0x7FFE8E93) addi t4, t4, 0x7ff
x29 <- 0xFFFFFFFFFFFFE7FF

mem[X,0x0000000080001394] -> 0x9E93
mem[X,0x0000000080001396] -> 0x00BE
[1258] [M]: 0x0000000080001394 (0x00BE9E93) slli t4, t4, 0xb
x29 <- 0xFFFFFFFFFF3FF800

mem[X,0x0000000080001398] -> 0x8E93
mem[X,0x000000008000139A] -> 0x7DFE
[1259] [M]: 0x0000000080001398 (0x7DFE8E93) addi t4, t4, 0x7df
x29 <- 0xFFFFFFFFFF3FFFDF

mem[X,0x000000008000139C] -> 0x9E93
mem[X,0x000000008000139E] -> 0x00AE
[1260] [M]: 0x000000008000139C (0x00AE9E93) slli t4, t4, 0xa
x29 <- 0xFFFFFFFCFFFF7C00

mem[X,0x00000000800013A0] -> 0x8E93
mem[X,0x00000000800013A2] -> 0x3FFE
[1261] [M]: 0x00000000800013A0 (0x3FFE8E93) addi t4, t4, 0x3ff
x29 <- 0xFFFFFFFCFFFF7FFF

mem[X,0x00000000800013A4] -> 0x6FBB
mem[X,0x00000000800013A6] -> 0x9BDF
[1262] [M]: 0x00000000800013A4 (0x9BDF6FBB) paas.wx t6, t5, t4
x31 <- 0xFF7FBFFFFC000001

mem[X,0x00000000800013A8] -> 0xB023
mem[X,0x00000000800013AA] -> 0x15F0
[1263] [M]: 0x00000000800013A8 (0x15F0B023) sd t6, 0x140(ra)
mem[0x0000000080005348] <- 0xFF7FBFFFFC000001

mem[X,0x00000000800013AC] -> 0x0F37
mem[X,0x00000000800013AE] -> 0xFFFC
[1264] [M]: 0x00000000800013AC (0xFFFC0F37) lui t5, -0x40
x30 <- 0xFFFFFFFFFFFC0000

mem[X,0x00000000800013B0] -> 0x0F13
mem[X,0x00000000800013B2] -> 0xFFFF
[1265] [M]: 0x00000000800013B0 (0xFFFF0F13) addi t5, t5, -0x1
x30 <- 0xFFFFFFFFFFFBFFFF

mem[X,0x00000000800013B4] -> 0x1F13
mem[X,0x00000000800013B6] -> 0x00BF
[1266] [M]: 0x00000000800013B4 (0x00BF1F13) slli t5, t5, 0xb
x30 <- 0xFFFFFFFFDFFFF800

mem[X,0x00000000800013B8] -> 0x0F13
mem[X,0x00000000800013BA] -> 0x77FF
[1267] [M]: 0x00000000800013B8 (0x77FF0F13) addi t5, t5, 0x77f
x30 <- 0xFFFFFFFFDFFFFF7F

mem[X,0x00000000800013BC] -> 0x1F13
mem[X,0x00000000800013BE] -> 0x00BF
[1268] [M]: 0x00000000800013BC (0x00BF1F13) slli t5, t5, 0xb
x30 <- 0xFFFFFEFFFFFBF800

mem[X,0x00000000800013C0] -> 0x0F13
mem[X,0x00000000800013C2] -> 0x7FFF
[1269] [M]: 0x00000000800013C0 (0x7FFF0F13) addi t5, t5, 0x7ff
x30 <- 0xFFFFFEFFFFFBFFFF

mem[X,0x00000000800013C4] -> 0x1F13
mem[X,0x00000000800013C6] -> 0x00AF
[1270] [M]: 0x00000000800013C4 (0x00AF1F13) slli t5, t5, 0xa
x30 <- 0xFFFBFFFFEFFFFC00

mem[X,0x00000000800013C8] -> 0x0F13
mem[X,0x00000000800013CA] -> 0x3FFF
[1271] [M]: 0x00000000800013C8 (0x3FFF0F13) addi t5, t5, 0x3ff
x30 <- 0xFFFBFFFFEFFFFFFF

mem[X,0x00000000800013CC] -> 0x0EB7
mem[X,0x00000000800013CE] -> 0x0010
[1272] [M]: 0x00000000800013CC (0x00100EB7) lui t4, 0x100
x29 <- 0x0000000000100000

mem[X,0x00000000800013D0] -> 0x8E93
mem[X,0x00000000800013D2] -> 0x000E
[1273] [M]: 0x00000000800013D0 (0x000E8E93) addi t4, t4, 0x0
x29 <- 0x0000000000100000

mem[X,0x00000000800013D4] -> 0x9E93
mem[X,0x00000000800013D6] -> 0x00BE
[1274] [M]: 0x00000000800013D4 (0x00BE9E93) slli t4, t4, 0xb
x29 <- 0x0000000080000000

mem[X,0x00000000800013D8] -> 0x8E93
mem[X,0x00000000800013DA] -> 0x000E
[1275] [M]: 0x00000000800013D8 (0x000E8E93) addi t4, t4, 0x0
x29 <- 0x0000000080000000

mem[X,0x00000000800013DC] -> 0x9E93
mem[X,0x00000000800013DE] -> 0x00BE
[1276] [M]: 0x00000000800013DC (0x00BE9E93) slli t4, t4, 0xb
x29 <- 0x0000040000000000

mem[X,0x00000000800013E0] -> 0x8E93
mem[X,0x00000000800013E2] -> 0x000E
[1277] [M]: 0x00000000800013E0 (0x000E8E93) addi t4, t4, 0x0
x29 <- 0x0000040000000000

mem[X,0x00000000800013E4] -> 0x9E93
mem[X,0x00000000800013E6] -> 0x00AE
[1278] [M]: 0x00000000800013E4 (0x00AE9E93) slli t4, t4, 0xa
x29 <- 0x0010000000000000

mem[X,0x00000000800013E8] -> 0x8E93
mem[X,0x00000000800013EA] -> 0x007E
[1279] [M]: 0x00000000800013E8 (0x007E8E93) addi t4, t4, 0x7
x29 <- 0x0010000000000007

mem[X,0x00000000800013EC] -> 0x6FBB
mem[X,0x00000000800013EE] -> 0x9BDF
[1280] [M]: 0x00000000800013EC (0x9BDF6FBB) paas.wx t6, t5, t4
x31 <- 0xFFFE0003F7F7FFFF

mem[X,0x00000000800013F0] -> 0xB423
mem[X,0x00000000800013F2] -> 0x15F0
[1281] [M]: 0x00000000800013F0 (0x15F0B423) sd t6, 0x148(ra)
mem[0x0000000080005350] <- 0xFFFE0003F7F7FFFF

mem[X,0x00000000800013F4] -> 0x0F37
mem[X,0x00000000800013F6] -> 0xFFF0
[1282] [M]: 0x00000000800013F4 (0xFFF00F37) lui t5, -0x100
x30 <- 0xFFFFFFFFFFF00000

mem[X,0x00000000800013F8] -> 0x0F13
mem[X,0x00000000800013FA] -> 0xFFFF
[1283] [M]: 0x00000000800013F8 (0xFFFF0F13) addi t5, t5, -0x1
x30 <- 0xFFFFFFFFFFEFFFFF

mem[X,0x00000000800013FC] -> 0x1F13
mem[X,0x00000000800013FE] -> 0x00BF
[1284] [M]: 0x00000000800013FC (0x00BF1F13) slli t5, t5, 0xb
x30 <- 0xFFFFFFFF7FFFF800

mem[X,0x0000000080001400] -> 0x0F13
mem[X,0x0000000080001402] -> 0x6FFF
[1285] [M]: 0x0000000080001400 (0x6FFF0F13) addi t5, t5, 0x6ff
x30 <- 0xFFFFFFFF7FFFFEFF

mem[X,0x0000000080001404] -> 0x1F13
mem[X,0x0000000080001406] -> 0x00BF
[1286] [M]: 0x0000000080001404 (0x00BF1F13) slli t5, t5, 0xb
x30 <- 0xFFFFFBFFFFF7F800

mem[X,0x0000000080001408] -> 0x0F13
mem[X,0x000000008000140A] -> 0x7FFF
[1287] [M]: 0x0000000080001408 (0x7FFF0F13) addi t5, t5, 0x7ff
x30 <- 0xFFFFFBFFFFF7FFFF

mem[X,0x000000008000140C] -> 0x1F13
mem[X,0x000000008000140E] -> 0x00AF
[1288] [M]: 0x000000008000140C (0x00AF1F13) slli t5, t5, 0xa
x30 <- 0xFFEFFFFFDFFFFC00

mem[X,0x0000000080001410] -> 0x0F13
mem[X,0x0000000080001412] -> 0x3FFF
[1289] [M]: 0x0000000080001410 (0x3FFF0F13) addi t5, t5, 0x3ff
x30 <- 0xFFEFFFFFDFFFFFFF

mem[X,0x0000000080001414] -> 0x0E93
mem[X,0x0000000080001416] -> 0xFFF0
[1290] [M]: 0x0000000080001414 (0xFFF00E93) addi t4, zero, -0x1
x29 <- 0xFFFFFFFFFFFFFFFF

mem[X,0x0000000080001418] -> 0xDE93
mem[X,0x000000008000141A] -> 0x03EE
[1291] [M]: 0x0000000080001418 (0x03EEDE93) srli t4, t4, 0x3e
x29 <- 0x0000000000000003

mem[X,0x000000008000141C] -> 0x9E93
mem[X,0x000000008000141E] -> 0x01EE
[1292] [M]: 0x000000008000141C (0x01EE9E93) slli t4, t4, 0x1e
x29 <- 0x00000000C0000000

mem[X,0x0000000080001420] -> 0x6FBB
mem[X,0x0000000080001422] -> 0x9BDF
[1293] [M]: 0x0000000080001420 (0x9BDF6FBB) paas.wx t6, t5, t4
x31 <- 0xDFF7FFFFEFFFFFFF

mem[X,0x0000000080001424] -> 0xB823
mem[X,0x0000000080001426] -> 0x15F0
[1294] [M]: 0x0000000080001424 (0x15F0B823) sd t6, 0x150(ra)
mem[0x0000000080005358] <- 0xDFF7FFFFEFFFFFFF

mem[X,0x0000000080001428] -> 0x8F37
mem[X,0x000000008000142A] -> 0xFFFF
[1295] [M]: 0x0000000080001428 (0xFFFF8F37) lui t5, -0x8
x30 <- 0xFFFFFFFFFFFF8000

mem[X,0x000000008000142C] -> 0x0F13
mem[X,0x000000008000142E] -> 0xFFFF
[1296] [M]: 0x000000008000142C (0xFFFF0F13) addi t5, t5, -0x1
x30 <- 0xFFFFFFFFFFFF7FFF

mem[X,0x0000000080001430] -> 0x1F13
mem[X,0x0000000080001432] -> 0x00BF
[1297] [M]: 0x0000000080001430 (0x00BF1F13) slli t5, t5, 0xb
x30 <- 0xFFFFFFFFFBFFF800

mem[X,0x0000000080001434] -> 0x0F13
mem[X,0x0000000080001436] -> 0x555F
[1298] [M]: 0x0000000080001434 (0x555F0F13) addi t5, t5, 0x555
x30 <- 0xFFFFFFFFFBFFFD55

mem[X,0x0000000080001438] -> 0x1F13
mem[X,0x000000008000143A] -> 0x00BF
[1299] [M]: 0x0000000080001438 (0x00BF1F13) slli t5, t5, 0xb
x30 <- 0xFFFFFFDFFFEAA800

clint::tick mtime <- 0x000000000000000D
 clint timer pending at mtime 0x000000000000000D
htif::tick 0x0000000000000000
mem[X,0x000000008000143C] -> 0x0F13
mem[X,0x000000008000143E] -> 0x2AAF
[1300] [M]: 0x000000008000143C (0x2AAF0F13) addi t5, t5, 0x2aa
x30 <- 0xFFFFFFDFFFEAAAAA

mem[X,0x0000000080001440] -> 0x1F13
mem[X,0x0000000080001442] -> 0x00AF
[1301] [M]: 0x0000000080001440 (0x00AF1F13) slli t5, t5, 0xa
x30 <- 0xFFFF7FFFAAAAA800

mem[X,0x0000000080001444] -> 0x0F13
mem[X,0x0000000080001446] -> 0x2AAF
[1302] [M]: 0x0000000080001444 (0x2AAF0F13) addi t5, t5, 0x2aa
x30 <- 0xFFFF7FFFAAAAAAAA

mem[X,0x0000000080001448] -> 0x0EB7
mem[X,0x000000008000144A] -> 0x0000
[1303] [M]: 0x0000000080001448 (0x00000EB7) lui t4, 0x0
x29 <- 0x0000000000000000

mem[X,0x000000008000144C] -> 0x8E93
mem[X,0x000000008000144E] -> 0xFFFE
[1304] [M]: 0x000000008000144C (0xFFFE8E93) addi t4, t4, -0x1
x29 <- 0xFFFFFFFFFFFFFFFF

mem[X,0x0000000080001450] -> 0x9E93
mem[X,0x0000000080001452] -> 0x00BE
[1305] [M]: 0x0000000080001450 (0x00BE9E93) slli t4, t4, 0xb
x29 <- 0xFFFFFFFFFFFFF800

mem[X,0x0000000080001454] -> 0x8E93
mem[X,0x0000000080001456] -> 0x000E
[1306] [M]: 0x0000000080001454 (0x000E8E93) addi t4, t4, 0x0
x29 <- 0xFFFFFFFFFFFFF800

mem[X,0x0000000080001458] -> 0x9E93
mem[X,0x000000008000145A] -> 0x00BE
[1307] [M]: 0x0000000080001458 (0x00BE9E93) slli t4, t4, 0xb
x29 <- 0xFFFFFFFFFFC00000

mem[X,0x000000008000145C] -> 0x8E93
mem[X,0x000000008000145E] -> 0x000E
[1308] [M]: 0x000000008000145C (0x000E8E93) addi t4, t4, 0x0
x29 <- 0xFFFFFFFFFFC00000

mem[X,0x0000000080001460] -> 0x9E93
mem[X,0x0000000080001462] -> 0x00AE
[1309] [M]: 0x0000000080001460 (0x00AE9E93) slli t4, t4, 0xa
x29 <- 0xFFFFFFFF00000000

mem[X,0x0000000080001464] -> 0x8E93
mem[X,0x0000000080001466] -> 0x002E
[1310] [M]: 0x0000000080001464 (0x002E8E93) addi t4, t4, 0x2
x29 <- 0xFFFFFFFF00000002

mem[X,0x0000000080001468] -> 0x6FBB
mem[X,0x000000008000146A] -> 0x9BDF
[1311] [M]: 0x0000000080001468 (0x9BDF6FBB) paas.wx t6, t5, t4
x31 <- 0xFFFFC000D5555555

mem[X,0x000000008000146C] -> 0xBC23
mem[X,0x000000008000146E] -> 0x15F0
[1312] [M]: 0x000000008000146C (0x15F0BC23) sd t6, 0x158(ra)
mem[0x0000000080005360] <- 0xFFFFC000D5555555

mem[X,0x0000000080001470] -> 0x0F13
mem[X,0x0000000080001472] -> 0x0010
[1313] [M]: 0x0000000080001470 (0x00100F13) addi t5, zero, 0x1
x30 <- 0x0000000000000001

mem[X,0x0000000080001474] -> 0x1F13
mem[X,0x0000000080001476] -> 0x00CF
[1314] [M]: 0x0000000080001474 (0x00CF1F13) slli t5, t5, 0xc
x30 <- 0x0000000000001000

mem[X,0x0000000080001478] -> 0x4F13
mem[X,0x000000008000147A] -> 0xFFFF
[1315] [M]: 0x0000000080001478 (0xFFFF4F13) xori t5, t5, -0x1
x30 <- 0xFFFFFFFFFFFFEFFF

mem[X,0x000000008000147C] -> 0x8EB7
mem[X,0x000000008000147E] -> 0x0000
[1316] [M]: 0x000000008000147C (0x00008EB7) lui t4, 0x8
x29 <- 0x0000000000008000

mem[X,0x0000000080001480] -> 0x8E93
mem[X,0x0000000080001482] -> 0x000E
[1317] [M]: 0x0000000080001480 (0x000E8E93) addi t4, t4, 0x0
x29 <- 0x0000000000008000

mem[X,0x0000000080001484] -> 0x9E93
mem[X,0x0000000080001486] -> 0x00BE
[1318] [M]: 0x0000000080001484 (0x00BE9E93) slli t4, t4, 0xb
x29 <- 0x0000000004000000

mem[X,0x0000000080001488] -> 0x8E93
mem[X,0x000000008000148A] -> 0x7FFE
[1319] [M]: 0x0000000080001488 (0x7FFE8E93) addi t4, t4, 0x7ff
x29 <- 0x00000000040007FF

mem[X,0x000000008000148C] -> 0x9E93
mem[X,0x000000008000148E] -> 0x00BE
[1320] [M]: 0x000000008000148C (0x00BE9E93) slli t4, t4, 0xb
x29 <- 0x00000020003FF800

mem[X,0x0000000080001490] -> 0x8E93
mem[X,0x0000000080001492] -> 0x7BFE
[1321] [M]: 0x0000000080001490 (0x7BFE8E93) addi t4, t4, 0x7bf
x29 <- 0x00000020003FFFBF

mem[X,0x0000000080001494] -> 0x9E93
mem[X,0x0000000080001496] -> 0x00AE
[1322] [M]: 0x0000000080001494 (0x00AE9E93) slli t4, t4, 0xa
x29 <- 0x00008000FFFEFC00

mem[X,0x0000000080001498] -> 0x8E93
mem[X,0x000000008000149A] -> 0x3FFE
[1323] [M]: 0x0000000080001498 (0x3FFE8E93) addi t4, t4, 0x3ff
x29 <- 0x00008000FFFEFFFF

mem[X,0x000000008000149C] -> 0x6FBB
mem[X,0x000000008000149E] -> 0x9BDF
[1324] [M]: 0x000000008000149C (0x9BDF6FBB) paas.wx t6, t5, t4
x31 <- 0xFFFF7FFFFFFFB7FF

mem[X,0x00000000800014A0] -> 0xB023
mem[X,0x00000000800014A2] -> 0x17F0
[1325] [M]: 0x00000000800014A0 (0x17F0B023) sd t6, 0x160(ra)
mem[0x0000000080005368] <- 0xFFFF7FFFFFFFB7FF

mem[X,0x00000000800014A4] -> 0x0F37
mem[X,0x00000000800014A6] -> 0x0000
[1326] [M]: 0x00000000800014A4 (0x00000F37) lui t5, 0x0
x30 <- 0x0000000000000000

mem[X,0x00000000800014A8] -> 0x0F13
mem[X,0x00000000800014AA] -> 0x000F
[1327] [M]: 0x00000000800014A8 (0x000F0F13) addi t5, t5, 0x0
x30 <- 0x0000000000000000

mem[X,0x00000000800014AC] -> 0x1F13
mem[X,0x00000000800014AE] -> 0x00BF
[1328] [M]: 0x00000000800014AC (0x00BF1F13) slli t5, t5, 0xb
x30 <- 0x0000000000000000

mem[X,0x00000000800014B0] -> 0x0F13
mem[X,0x00000000800014B2] -> 0x7FFF
[1329] [M]: 0x00000000800014B0 (0x7FFF0F13) addi t5, t5, 0x7ff
x30 <- 0x00000000000007FF

mem[X,0x00000000800014B4] -> 0x1F13
mem[X,0x00000000800014B6] -> 0x00BF
[1330] [M]: 0x00000000800014B4 (0x00BF1F13) slli t5, t5, 0xb
x30 <- 0x00000000003FF800

mem[X,0x00000000800014B8] -> 0x0F13
mem[X,0x00000000800014BA] -> 0x7FFF
[1331] [M]: 0x00000000800014B8 (0x7FFF0F13) addi t5, t5, 0x7ff
x30 <- 0x00000000003FFFFF

mem[X,0x00000000800014BC] -> 0x1F13
mem[X,0x00000000800014BE] -> 0x00AF
[1332] [M]: 0x00000000800014BC (0x00AF1F13) slli t5, t5, 0xa
x30 <- 0x00000000FFFFFC00

mem[X,0x00000000800014C0] -> 0x0F13
mem[X,0x00000000800014C2] -> 0x3DFF
[1333] [M]: 0x00000000800014C0 (0x3DFF0F13) addi t5, t5, 0x3df
x30 <- 0x00000000FFFFFFDF

mem[X,0x00000000800014C4] -> 0x0EB7
mem[X,0x00000000800014C6] -> 0xFF00
[1334] [M]: 0x00000000800014C4 (0xFF000EB7) lui t4, -0x1000
x29 <- 0xFFFFFFFFFF000000

mem[X,0x00000000800014C8] -> 0x8E93
mem[X,0x00000000800014CA] -> 0xFFFE
[1335] [M]: 0x00000000800014C8 (0xFFFE8E93) addi t4, t4, -0x1
x29 <- 0xFFFFFFFFFEFFFFFF

mem[X,0x00000000800014CC] -> 0x9E93
mem[X,0x00000000800014CE] -> 0x00BE
[1336] [M]: 0x00000000800014CC (0x00BE9E93) slli t4, t4, 0xb
x29 <- 0xFFFFFFF7FFFFF800

mem[X,0x00000000800014D0] -> 0x8E93
mem[X,0x00000000800014D2] -> 0x7FFE
[1337] [M]: 0x00000000800014D0 (0x7FFE8E93) addi t4, t4, 0x7ff
x29 <- 0xFFFFFFF7FFFFFFFF

mem[X,0x00000000800014D4] -> 0x9E93
mem[X,0x00000000800014D6] -> 0x00BE
[1338] [M]: 0x00000000800014D4 (0x00BE9E93) slli t4, t4, 0xb
x29 <- 0xFFFFBFFFFFFFF800

mem[X,0x00000000800014D8] -> 0x8E93
mem[X,0x00000000800014DA] -> 0x7FBE
[1339] [M]: 0x00000000800014D8 (0x7FBE8E93) addi t4, t4, 0x7fb
x29 <- 0xFFFFBFFFFFFFFFFB

mem[X,0x00000000800014DC] -> 0x9E93
mem[X,0x00000000800014DE] -> 0x00AE
[1340] [M]: 0x00000000800014DC (0x00AE9E93) slli t4, t4, 0xa
x29 <- 0xFEFFFFFFFFFFEC00

mem[X,0x00000000800014E0] -> 0x8E93
mem[X,0x00000000800014E2] -> 0x3FFE
[1341] [M]: 0x00000000800014E0 (0x3FFE8E93) addi t4, t4, 0x3ff
x29 <- 0xFEFFFFFFFFFFEFFF

mem[X,0x00000000800014E4] -> 0x6FBB
mem[X,0x00000000800014E6] -> 0x9BDF
[1342] [M]: 0x00000000800014E4 (0x9BDF6FBB) paas.wx t6, t5, t4
x31 <- 0xFFFFF7FF007FFFF0

mem[X,0x00000000800014E8] -> 0xB423
mem[X,0x00000000800014EA] -> 0x17F0
[1343] [M]: 0x00000000800014E8 (0x17F0B423) sd t6, 0x168(ra)
mem[0x0000000080005370] <- 0xFFFFF7FF007FFFF0

mem[X,0x00000000800014EC] -> 0x0F37
mem[X,0x00000000800014EE] -> 0x0000
[1344] [M]: 0x00000000800014EC (0x00000F37) lui t5, 0x0
x30 <- 0x0000000000000000

mem[X,0x00000000800014F0] -> 0x0F13
mem[X,0x00000000800014F2] -> 0x008F
[1345] [M]: 0x00000000800014F0 (0x008F0F13) addi t5, t5, 0x8
x30 <- 0x0000000000000008

mem[X,0x00000000800014F4] -> 0x1F13
mem[X,0x00000000800014F6] -> 0x00BF
[1346] [M]: 0x00000000800014F4 (0x00BF1F13) slli t5, t5, 0xb
x30 <- 0x0000000000004000

mem[X,0x00000000800014F8] -> 0x0F13
mem[X,0x00000000800014FA] -> 0x7FFF
[1347] [M]: 0x00000000800014F8 (0x7FFF0F13) addi t5, t5, 0x7ff
x30 <- 0x00000000000047FF

mem[X,0x00000000800014FC] -> 0x1F13
mem[X,0x00000000800014FE] -> 0x00BF
[1348] [M]: 0x00000000800014FC (0x00BF1F13) slli t5, t5, 0xb
x30 <- 0x00000000023FF800

mem[X,0x0000000080001500] -> 0x0F13
mem[X,0x0000000080001502] -> 0x3FFF
[1349] [M]: 0x0000000080001500 (0x3FFF0F13) addi t5, t5, 0x3ff
x30 <- 0x00000000023FFBFF

mem[X,0x0000000080001504] -> 0x1F13
mem[X,0x0000000080001506] -> 0x00AF
[1350] [M]: 0x0000000080001504 (0x00AF1F13) slli t5, t5, 0xa
x30 <- 0x00000008FFEFFC00

mem[X,0x0000000080001508] -> 0x0F13
mem[X,0x000000008000150A] -> 0x3FFF
[1351] [M]: 0x0000000080001508 (0x3FFF0F13) addi t5, t5, 0x3ff
x30 <- 0x00000008FFEFFFFF

mem[X,0x000000008000150C] -> 0xFEB7
mem[X,0x000000008000150E] -> 0xFFFF
[1352] [M]: 0x000000008000150C (0xFFFFFEB7) lui t4, -0x1
x29 <- 0xFFFFFFFFFFFFF000

mem[X,0x0000000080001510] -> 0x8E93
mem[X,0x0000000080001512] -> 0xFFFE
[1353] [M]: 0x0000000080001510 (0xFFFE8E93) addi t4, t4, -0x1
x29 <- 0xFFFFFFFFFFFFEFFF

mem[X,0x0000000080001514] -> 0x9E93
mem[X,0x0000000080001516] -> 0x00BE
[1354] [M]: 0x0000000080001514 (0x00BE9E93) slli t4, t4, 0xb
x29 <- 0xFFFFFFFFFF7FF800

mem[X,0x0000000080001518] -> 0x8E93
mem[X,0x000000008000151A] -> 0x000E
[1355] [M]: 0x0000000080001518 (0x000E8E93) addi t4, t4, 0x0
x29 <- 0xFFFFFFFFFF7FF800

mem[X,0x000000008000151C] -> 0x9E93
mem[X,0x000000008000151E] -> 0x00BE
[1356] [M]: 0x000000008000151C (0x00BE9E93) slli t4, t4, 0xb
x29 <- 0xFFFFFFFBFFC00000

mem[X,0x0000000080001520] -> 0x8E93
mem[X,0x0000000080001522] -> 0x200E
[1357] [M]: 0x0000000080001520 (0x200E8E93) addi t4, t4, 0x200
x29 <- 0xFFFFFFFBFFC00200

mem[X,0x0000000080001524] -> 0x9E93
mem[X,0x0000000080001526] -> 0x00AE
[1358] [M]: 0x0000000080001524 (0x00AE9E93) slli t4, t4, 0xa
x29 <- 0xFFFFEFFF00080000

mem[X,0x0000000080001528] -> 0x6FBB
mem[X,0x000000008000152A] -> 0x9BDF
[1359] [M]: 0x0000000080001528 (0x9BDF6FBB) paas.wx t6, t5, t4
x31 <- 0x00040004FFF80800

mem[X,0x000000008000152C] -> 0xB823
mem[X,0x000000008000152E] -> 0x17F0
[1360] [M]: 0x000000008000152C (0x17F0B823) sd t6, 0x170(ra)
mem[0x0000000080005378] <- 0x00040004FFF80800

mem[X,0x0000000080001530] -> 0x0F37
mem[X,0x0000000080001532] -> 0x0000
[1361] [M]: 0x0000000080001530 (0x00000F37) lui t5, 0x0
x30 <- 0x0000000000000000

mem[X,0x0000000080001534] -> 0x0F13
mem[X,0x0000000080001536] -> 0x020F
[1362] [M]: 0x0000000080001534 (0x020F0F13) addi t5, t5, 0x20
x30 <- 0x0000000000000020

mem[X,0x0000000080001538] -> 0x1F13
mem[X,0x000000008000153A] -> 0x00BF
[1363] [M]: 0x0000000080001538 (0x00BF1F13) slli t5, t5, 0xb
x30 <- 0x0000000000010000

mem[X,0x000000008000153C] -> 0x0F13
mem[X,0x000000008000153E] -> 0x020F
[1364] [M]: 0x000000008000153C (0x020F0F13) addi t5, t5, 0x20
x30 <- 0x0000000000010020

mem[X,0x0000000080001540] -> 0x1F13
mem[X,0x0000000080001542] -> 0x00BF
[1365] [M]: 0x0000000080001540 (0x00BF1F13) slli t5, t5, 0xb
x30 <- 0x0000000008010000

mem[X,0x0000000080001544] -> 0x0F13
mem[X,0x0000000080001546] -> 0x000F
[1366] [M]: 0x0000000080001544 (0x000F0F13) addi t5, t5, 0x0
x30 <- 0x0000000008010000

mem[X,0x0000000080001548] -> 0x1F13
mem[X,0x000000008000154A] -> 0x00AF
[1367] [M]: 0x0000000080001548 (0x00AF1F13) slli t5, t5, 0xa
x30 <- 0x0000002004000000

mem[X,0x000000008000154C] -> 0x0EB7
mem[X,0x000000008000154E] -> 0x0400
[1368] [M]: 0x000000008000154C (0x04000EB7) lui t4, 0x4000
x29 <- 0x0000000004000000

mem[X,0x0000000080001550] -> 0x8E93
mem[X,0x0000000080001552] -> 0x000E
[1369] [M]: 0x0000000080001550 (0x000E8E93) addi t4, t4, 0x0
x29 <- 0x0000000004000000

mem[X,0x0000000080001554] -> 0x9E93
mem[X,0x0000000080001556] -> 0x00BE
[1370] [M]: 0x0000000080001554 (0x00BE9E93) slli t4, t4, 0xb
x29 <- 0x0000002000000000

mem[X,0x0000000080001558] -> 0x8E93
mem[X,0x000000008000155A] -> 0x7FFE
[1371] [M]: 0x0000000080001558 (0x7FFE8E93) addi t4, t4, 0x7ff
x29 <- 0x00000020000007FF

mem[X,0x000000008000155C] -> 0x9E93
mem[X,0x000000008000155E] -> 0x00BE
[1372] [M]: 0x000000008000155C (0x00BE9E93) slli t4, t4, 0xb
x29 <- 0x00010000003FF800

mem[X,0x0000000080001560] -> 0x8E93
mem[X,0x0000000080001562] -> 0x5FFE
[1373] [M]: 0x0000000080001560 (0x5FFE8E93) addi t4, t4, 0x5ff
x29 <- 0x00010000003FFDFF

mem[X,0x0000000080001564] -> 0x9E93
mem[X,0x0000000080001566] -> 0x00AE
[1374] [M]: 0x0000000080001564 (0x00AE9E93) slli t4, t4, 0xa
x29 <- 0x04000000FFF7FC00

mem[X,0x0000000080001568] -> 0x8E93
mem[X,0x000000008000156A] -> 0x3FFE
[1375] [M]: 0x0000000080001568 (0x3FFE8E93) addi t4, t4, 0x3ff
x29 <- 0x04000000FFF7FFFF

mem[X,0x000000008000156C] -> 0x6FBB
mem[X,0x000000008000156E] -> 0x9BDF
[1376] [M]: 0x000000008000156C (0x9BDF6FBB) paas.wx t6, t5, t4
x31 <- 0xFFFC000F00000000

mem[X,0x0000000080001570] -> 0xBC23
mem[X,0x0000000080001572] -> 0x17F0
[1377] [M]: 0x0000000080001570 (0x17F0BC23) sd t6, 0x178(ra)
mem[0x0000000080005380] <- 0xFFFC000F00000000

mem[X,0x0000000080001574] -> 0x0F37
mem[X,0x0000000080001576] -> 0x0000
[1378] [M]: 0x0000000080001574 (0x00000F37) lui t5, 0x0
x30 <- 0x0000000000000000

mem[X,0x0000000080001578] -> 0x0F13
mem[X,0x000000008000157A] -> 0x040F
[1379] [M]: 0x0000000080001578 (0x040F0F13) addi t5, t5, 0x40
x30 <- 0x0000000000000040

mem[X,0x000000008000157C] -> 0x1F13
mem[X,0x000000008000157E] -> 0x00BF
[1380] [M]: 0x000000008000157C (0x00BF1F13) slli t5, t5, 0xb
x30 <- 0x0000000000020000

mem[X,0x0000000080001580] -> 0x0F13
mem[X,0x0000000080001582] -> 0x7FFF
[1381] [M]: 0x0000000080001580 (0x7FFF0F13) addi t5, t5, 0x7ff
x30 <- 0x00000000000207FF

mem[X,0x0000000080001584] -> 0x1F13
mem[X,0x0000000080001586] -> 0x00BF
[1382] [M]: 0x0000000080001584 (0x00BF1F13) slli t5, t5, 0xb
x30 <- 0x00000000103FF800

mem[X,0x0000000080001588] -> 0x0F13
mem[X,0x000000008000158A] -> 0x7FFF
[1383] [M]: 0x0000000080001588 (0x7FFF0F13) addi t5, t5, 0x7ff
x30 <- 0x00000000103FFFFF

mem[X,0x000000008000158C] -> 0x1F13
mem[X,0x000000008000158E] -> 0x00AF
[1384] [M]: 0x000000008000158C (0x00AF1F13) slli t5, t5, 0xa
x30 <- 0x00000040FFFFFC00

mem[X,0x0000000080001590] -> 0x0F13
mem[X,0x0000000080001592] -> 0x3FBF
[1385] [M]: 0x0000000080001590 (0x3FBF0F13) addi t5, t5, 0x3fb
x30 <- 0x00000040FFFFFFFB

mem[X,0x0000000080001594] -> 0x0E93
mem[X,0x0000000080001596] -> 0x0010
[1386] [M]: 0x0000000080001594 (0x00100E93) addi t4, zero, 0x1
x29 <- 0x0000000000000001

mem[X,0x0000000080001598] -> 0x9E93
mem[X,0x000000008000159A] -> 0x024E
[1387] [M]: 0x0000000080001598 (0x024E9E93) slli t4, t4, 0x24
x29 <- 0x0000001000000000

mem[X,0x000000008000159C] -> 0x6FBB
mem[X,0x000000008000159E] -> 0x9BDF
[1388] [M]: 0x000000008000159C (0x9BDF6FBB) paas.wx t6, t5, t4
x31 <- 0x00000020FFFFFFF5

mem[X,0x00000000800015A0] -> 0xB023
mem[X,0x00000000800015A2] -> 0x19F0
[1389] [M]: 0x00000000800015A0 (0x19F0B023) sd t6, 0x180(ra)
mem[0x0000000080005388] <- 0x00000020FFFFFFF5

mem[X,0x00000000800015A4] -> 0x0F37
mem[X,0x00000000800015A6] -> 0x0000
[1390] [M]: 0x00000000800015A4 (0x00000F37) lui t5, 0x0
x30 <- 0x0000000000000000

mem[X,0x00000000800015A8] -> 0x0F13
mem[X,0x00000000800015AA] -> 0x080F
[1391] [M]: 0x00000000800015A8 (0x080F0F13) addi t5, t5, 0x80
x30 <- 0x0000000000000080

mem[X,0x00000000800015AC] -> 0x1F13
mem[X,0x00000000800015AE] -> 0x00BF
[1392] [M]: 0x00000000800015AC (0x00BF1F13) slli t5, t5, 0xb
x30 <- 0x0000000000040000

mem[X,0x00000000800015B0] -> 0x0F13
mem[X,0x00000000800015B2] -> 0x7FFF
[1393] [M]: 0x00000000800015B0 (0x7FFF0F13) addi t5, t5, 0x7ff
x30 <- 0x00000000000407FF

mem[X,0x00000000800015B4] -> 0x1F13
mem[X,0x00000000800015B6] -> 0x00BF
[1394] [M]: 0x00000000800015B4 (0x00BF1F13) slli t5, t5, 0xb
x30 <- 0x00000000203FF800

mem[X,0x00000000800015B8] -> 0x0F13
mem[X,0x00000000800015BA] -> 0x7FFF
[1395] [M]: 0x00000000800015B8 (0x7FFF0F13) addi t5, t5, 0x7ff
x30 <- 0x00000000203FFFFF

mem[X,0x00000000800015BC] -> 0x1F13
mem[X,0x00000000800015BE] -> 0x00AF
[1396] [M]: 0x00000000800015BC (0x00AF1F13) slli t5, t5, 0xa
x30 <- 0x00000080FFFFFC00

mem[X,0x00000000800015C0] -> 0x0F13
mem[X,0x00000000800015C2] -> 0x1FFF
[1397] [M]: 0x00000000800015C0 (0x1FFF0F13) addi t5, t5, 0x1ff
x30 <- 0x00000080FFFFFDFF

mem[X,0x00000000800015C4] -> 0xBEB7
mem[X,0x00000000800015C6] -> 0xAAAA
[1398] [M]: 0x00000000800015C4 (0xAAAABEB7) lui t4, -0x55555
x29 <- 0xFFFFFFFFAAAAB000

mem[X,0x00000000800015C8] -> 0x8E93
mem[X,0x00000000800015CA] -> 0xAAAE
[1399] [M]: 0x00000000800015C8 (0xAAAE8E93) addi t4, t4, -0x556
x29 <- 0xFFFFFFFFAAAAAAAA

clint::tick mtime <- 0x000000000000000E
 clint timer pending at mtime 0x000000000000000E
htif::tick 0x0000000000000000
mem[X,0x00000000800015CC] -> 0x9E93
mem[X,0x00000000800015CE] -> 0x00BE
[1400] [M]: 0x00000000800015CC (0x00BE9E93) slli t4, t4, 0xb
x29 <- 0xFFFFFD5555555000

mem[X,0x00000000800015D0] -> 0x8E93
mem[X,0x00000000800015D2] -> 0x010E
[1401] [M]: 0x00000000800015D0 (0x010E8E93) addi t4, t4, 0x10
x29 <- 0xFFFFFD5555555010

mem[X,0x00000000800015D4] -> 0x9E93
mem[X,0x00000000800015D6] -> 0x00BE
[1402] [M]: 0x00000000800015D4 (0x00BE9E93) slli t4, t4, 0xb
x29 <- 0xFFEAAAAAAA808000

mem[X,0x00000000800015D8] -> 0x8E93
mem[X,0x00000000800015DA] -> 0x000E
[1403] [M]: 0x00000000800015D8 (0x000E8E93) addi t4, t4, 0x0
x29 <- 0xFFEAAAAAAA808000

mem[X,0x00000000800015DC] -> 0x9E93
mem[X,0x00000000800015DE] -> 0x00AE
[1404] [M]: 0x00000000800015DC (0x00AE9E93) slli t4, t4, 0xa
x29 <- 0xAAAAAAAA02000000

mem[X,0x00000000800015E0] -> 0x6FBB
mem[X,0x00000000800015E2] -> 0x9BDF
[1405] [M]: 0x00000000800015E0 (0x9BDF6FBB) paas.wx t6, t5, t4
x31 <- 0x010000402AAAA9AA

mem[X,0x00000000800015E4] -> 0xB423
mem[X,0x00000000800015E6] -> 0x19F0
[1406] [M]: 0x00000000800015E4 (0x19F0B423) sd t6, 0x188(ra)
mem[0x0000000080005390] <- 0x010000402AAAA9AA

mem[X,0x00000000800015E8] -> 0x0F13
mem[X,0x00000000800015EA] -> 0x0010
[1407] [M]: 0x00000000800015E8 (0x00100F13) addi t5, zero, 0x1
x30 <- 0x0000000000000001

mem[X,0x00000000800015EC] -> 0x1F13
mem[X,0x00000000800015EE] -> 0x028F
[1408] [M]: 0x00000000800015EC (0x028F1F13) slli t5, t5, 0x28
x30 <- 0x0000010000000000

mem[X,0x00000000800015F0] -> 0x0EB7
mem[X,0x00000000800015F2] -> 0x0000
[1409] [M]: 0x00000000800015F0 (0x00000EB7) lui t4, 0x0
x29 <- 0x0000000000000000

mem[X,0x00000000800015F4] -> 0x8E93
mem[X,0x00000000800015F6] -> 0xFBFE
[1410] [M]: 0x00000000800015F4 (0xFBFE8E93) addi t4, t4, -0x41
x29 <- 0xFFFFFFFFFFFFFFBF

mem[X,0x00000000800015F8] -> 0x9E93
mem[X,0x00000000800015FA] -> 0x00BE
[1411] [M]: 0x00000000800015F8 (0x00BE9E93) slli t4, t4, 0xb
x29 <- 0xFFFFFFFFFFFDF800

mem[X,0x00000000800015FC] -> 0x8E93
mem[X,0x00000000800015FE] -> 0x010E
[1412] [M]: 0x00000000800015FC (0x010E8E93) addi t4, t4, 0x10
x29 <- 0xFFFFFFFFFFFDF810

mem[X,0x0000000080001600] -> 0x9E93
mem[X,0x0000000080001602] -> 0x00BE
[1413] [M]: 0x0000000080001600 (0x00BE9E93) slli t4, t4, 0xb
x29 <- 0xFFFFFFFFEFC08000

mem[X,0x0000000080001604] -> 0x8E93
mem[X,0x0000000080001606] -> 0x000E
[1414] [M]: 0x0000000080001604 (0x000E8E93) addi t4, t4, 0x0
x29 <- 0xFFFFFFFFEFC08000

mem[X,0x0000000080001608] -> 0x9E93
mem[X,0x000000008000160A] -> 0x00AE
[1415] [M]: 0x0000000080001608 (0x00AE9E93) slli t4, t4, 0xa
x29 <- 0xFFFFFFBF02000000

mem[X,0x000000008000160C] -> 0x6FBB
mem[X,0x000000008000160E] -> 0x9BDF
[1416] [M]: 0x000000008000160C (0x9BDF6FBB) paas.wx t6, t5, t4
x31 <- 0x0100008000000020

mem[X,0x0000000080001610] -> 0xB823
mem[X,0x0000000080001612] -> 0x19F0
[1417] [M]: 0x0000000080001610 (0x19F0B823) sd t6, 0x190(ra)
mem[0x0000000080005398] <- 0x0100008000000020

mem[X,0x0000000080001614] -> 0x1F37
mem[X,0x0000000080001616] -> 0x0000
[1418] [M]: 0x0000000080001614 (0x00001F37) lui t5, 0x1
x30 <- 0x0000000000001000

mem[X,0x0000000080001618] -> 0x0F13
mem[X,0x000000008000161A] -> 0x000F
[1419] [M]: 0x0000000080001618 (0x000F0F13) addi t5, t5, 0x0
x30 <- 0x0000000000001000

mem[X,0x000000008000161C] -> 0x1F13
mem[X,0x000000008000161E] -> 0x00BF
[1420] [M]: 0x000000008000161C (0x00BF1F13) slli t5, t5, 0xb
x30 <- 0x0000000000800000

mem[X,0x0000000080001620] -> 0x0F13
mem[X,0x0000000080001622] -> 0x7FFF
[1421] [M]: 0x0000000080001620 (0x7FFF0F13) addi t5, t5, 0x7ff
x30 <- 0x00000000008007FF

mem[X,0x0000000080001624] -> 0x1F13
mem[X,0x0000000080001626] -> 0x00BF
[1422] [M]: 0x0000000080001624 (0x00BF1F13) slli t5, t5, 0xb
x30 <- 0x00000004003FF800

mem[X,0x0000000080001628] -> 0x0F13
mem[X,0x000000008000162A] -> 0x7FFF
[1423] [M]: 0x0000000080001628 (0x7FFF0F13) addi t5, t5, 0x7ff
x30 <- 0x00000004003FFFFF

mem[X,0x000000008000162C] -> 0x1F13
mem[X,0x000000008000162E] -> 0x00AF
[1424] [M]: 0x000000008000162C (0x00AF1F13) slli t5, t5, 0xa
x30 <- 0x00001000FFFFFC00

mem[X,0x0000000080001630] -> 0x0F13
mem[X,0x0000000080001632] -> 0x37FF
[1425] [M]: 0x0000000080001630 (0x37FF0F13) addi t5, t5, 0x37f
x30 <- 0x00001000FFFFFF7F

mem[X,0x0000000080001634] -> 0xFEB7
mem[X,0x0000000080001636] -> 0xFFFF
[1426] [M]: 0x0000000080001634 (0xFFFFFEB7) lui t4, -0x1
x29 <- 0xFFFFFFFFFFFFF000

mem[X,0x0000000080001638] -> 0x8E93
mem[X,0x000000008000163A] -> 0xFFFE
[1427] [M]: 0x0000000080001638 (0xFFFE8E93) addi t4, t4, -0x1
x29 <- 0xFFFFFFFFFFFFEFFF

mem[X,0x000000008000163C] -> 0x9E93
mem[X,0x000000008000163E] -> 0x00BE
[1428] [M]: 0x000000008000163C (0x00BE9E93) slli t4, t4, 0xb
x29 <- 0xFFFFFFFFFF7FF800

mem[X,0x0000000080001640] -> 0x8E93
mem[X,0x0000000080001642] -> 0x000E
[1429] [M]: 0x0000000080001640 (0x000E8E93) addi t4, t4, 0x0
x29 <- 0xFFFFFFFFFF7FF800

mem[X,0x0000000080001644] -> 0x9E93
mem[X,0x0000000080001646] -> 0x00BE
[1430] [M]: 0x0000000080001644 (0x00BE9E93) slli t4, t4, 0xb
x29 <- 0xFFFFFFFBFFC00000

mem[X,0x0000000080001648] -> 0x8E93
mem[X,0x000000008000164A] -> 0x000E
[1431] [M]: 0x0000000080001648 (0x000E8E93) addi t4, t4, 0x0
x29 <- 0xFFFFFFFBFFC00000

mem[X,0x000000008000164C] -> 0x9E93
mem[X,0x000000008000164E] -> 0x00AE
[1432] [M]: 0x000000008000164C (0x00AE9E93) slli t4, t4, 0xa
x29 <- 0xFFFFEFFF00000000

mem[X,0x0000000080001650] -> 0x8E93
mem[X,0x0000000080001652] -> 0x002E
[1433] [M]: 0x0000000080001650 (0x002E8E93) addi t4, t4, 0x2
x29 <- 0xFFFFEFFF00000002

mem[X,0x0000000080001654] -> 0x6FBB
mem[X,0x0000000080001656] -> 0x9BDF
[1434] [M]: 0x0000000080001654 (0x9BDF6FBB) paas.wx t6, t5, t4
x31 <- 0x00000801000007C0

mem[X,0x0000000080001658] -> 0xBC23
mem[X,0x000000008000165A] -> 0x19F0
[1435] [M]: 0x0000000080001658 (0x19F0BC23) sd t6, 0x198(ra)
mem[0x00000000800053A0] <- 0x00000801000007C0

mem[X,0x000000008000165C] -> 0x2F37
mem[X,0x000000008000165E] -> 0x0000
[1436] [M]: 0x000000008000165C (0x00002F37) lui t5, 0x2
x30 <- 0x0000000000002000

mem[X,0x0000000080001660] -> 0x0F13
mem[X,0x0000000080001662] -> 0x000F
[1437] [M]: 0x0000000080001660 (0x000F0F13) addi t5, t5, 0x0
x30 <- 0x0000000000002000

mem[X,0x0000000080001664] -> 0x1F13
mem[X,0x0000000080001666] -> 0x00BF
[1438] [M]: 0x0000000080001664 (0x00BF1F13) slli t5, t5, 0xb
x30 <- 0x0000000001000000

mem[X,0x0000000080001668] -> 0x0F13
mem[X,0x000000008000166A] -> 0x7FFF
[1439] [M]: 0x0000000080001668 (0x7FFF0F13) addi t5, t5, 0x7ff
x30 <- 0x00000000010007FF

mem[X,0x000000008000166C] -> 0x1F13
mem[X,0x000000008000166E] -> 0x00BF
[1440] [M]: 0x000000008000166C (0x00BF1F13) slli t5, t5, 0xb
x30 <- 0x00000008003FF800

mem[X,0x0000000080001670] -> 0x0F13
mem[X,0x0000000080001672] -> 0x7FFF
[1441] [M]: 0x0000000080001670 (0x7FFF0F13) addi t5, t5, 0x7ff
x30 <- 0x00000008003FFFFF

mem[X,0x0000000080001674] -> 0x1F13
mem[X,0x0000000080001676] -> 0x00AF
[1442] [M]: 0x0000000080001674 (0x00AF1F13) slli t5, t5, 0xa
x30 <- 0x00002000FFFFFC00

mem[X,0x0000000080001678] -> 0x0F13
mem[X,0x000000008000167A] -> 0x3EFF
[1443] [M]: 0x0000000080001678 (0x3EFF0F13) addi t5, t5, 0x3ef
x30 <- 0x00002000FFFFFFEF

mem[X,0x000000008000167C] -> 0x0EB7
mem[X,0x000000008000167E] -> 0xFFF0
[1444] [M]: 0x000000008000167C (0xFFF00EB7) lui t4, -0x100
x29 <- 0xFFFFFFFFFFF00000

mem[X,0x0000000080001680] -> 0x8E93
mem[X,0x0000000080001682] -> 0xFFFE
[1445] [M]: 0x0000000080001680 (0xFFFE8E93) addi t4, t4, -0x1
x29 <- 0xFFFFFFFFFFEFFFFF

mem[X,0x0000000080001684] -> 0x9E93
mem[X,0x0000000080001686] -> 0x00BE
[1446] [M]: 0x0000000080001684 (0x00BE9E93) slli t4, t4, 0xb
x29 <- 0xFFFFFFFF7FFFF800

mem[X,0x0000000080001688] -> 0x8E93
mem[X,0x000000008000168A] -> 0x020E
[1447] [M]: 0x0000000080001688 (0x020E8E93) addi t4, t4, 0x20
x29 <- 0xFFFFFFFF7FFFF820

mem[X,0x000000008000168C] -> 0x9E93
mem[X,0x000000008000168E] -> 0x00BE
[1448] [M]: 0x000000008000168C (0x00BE9E93) slli t4, t4, 0xb
x29 <- 0xFFFFFBFFFFC10000

mem[X,0x0000000080001690] -> 0x8E93
mem[X,0x0000000080001692] -> 0x000E
[1449] [M]: 0x0000000080001690 (0x000E8E93) addi t4, t4, 0x0
x29 <- 0xFFFFFBFFFFC10000

mem[X,0x0000000080001694] -> 0x9E93
mem[X,0x0000000080001696] -> 0x00AE
[1450] [M]: 0x0000000080001694 (0x00AE9E93) slli t4, t4, 0xa
x29 <- 0xFFEFFFFF04000000

mem[X,0x0000000080001698] -> 0x6FBB
mem[X,0x000000008000169A] -> 0x9BDF
[1451] [M]: 0x0000000080001698 (0x9BDF6FBB) paas.wx t6, t5, t4
x31 <- 0x020010000007FFF8

mem[X,0x000000008000169C] -> 0xB023
mem[X,0x000000008000169E] -> 0x1BF0
[1452] [M]: 0x000000008000169C (0x1BF0B023) sd t6, 0x1a0(ra)
mem[0x00000000800053A8] <- 0x020010000007FFF8

mem[X,0x00000000800016A0] -> 0x8F37
mem[X,0x00000000800016A2] -> 0x0000
[1453] [M]: 0x00000000800016A0 (0x00008F37) lui t5, 0x8
x30 <- 0x0000000000008000

mem[X,0x00000000800016A4] -> 0x0F13
mem[X,0x00000000800016A6] -> 0x000F
[1454] [M]: 0x00000000800016A4 (0x000F0F13) addi t5, t5, 0x0
x30 <- 0x0000000000008000

mem[X,0x00000000800016A8] -> 0x1F13
mem[X,0x00000000800016AA] -> 0x00BF
[1455] [M]: 0x00000000800016A8 (0x00BF1F13) slli t5, t5, 0xb
x30 <- 0x0000000004000000

mem[X,0x00000000800016AC] -> 0x0F13
mem[X,0x00000000800016AE] -> 0x000F
[1456] [M]: 0x00000000800016AC (0x000F0F13) addi t5, t5, 0x0
x30 <- 0x0000000004000000

mem[X,0x00000000800016B0] -> 0x1F13
mem[X,0x00000000800016B2] -> 0x00BF
[1457] [M]: 0x00000000800016B0 (0x00BF1F13) slli t5, t5, 0xb
x30 <- 0x0000002000000000

mem[X,0x00000000800016B4] -> 0x0F13
mem[X,0x00000000800016B6] -> 0x000F
[1458] [M]: 0x00000000800016B4 (0x000F0F13) addi t5, t5, 0x0
x30 <- 0x0000002000000000

mem[X,0x00000000800016B8] -> 0x1F13
mem[X,0x00000000800016BA] -> 0x00AF
[1459] [M]: 0x00000000800016B8 (0x00AF1F13) slli t5, t5, 0xa
x30 <- 0x0000800000000000

mem[X,0x00000000800016BC] -> 0x0F13
mem[X,0x00000000800016BE] -> 0x100F
[1460] [M]: 0x00000000800016BC (0x100F0F13) addi t5, t5, 0x100
x30 <- 0x0000800000000100

mem[X,0x00000000800016C0] -> 0x0EB7
mem[X,0x00000000800016C2] -> 0x8000
[1461] [M]: 0x00000000800016C0 (0x80000EB7) lui t4, -0x80000
x29 <- 0xFFFFFFFF80000000

mem[X,0x00000000800016C4] -> 0x8E93
mem[X,0x00000000800016C6] -> 0xFFFE
[1462] [M]: 0x00000000800016C4 (0xFFFE8E93) addi t4, t4, -0x1
x29 <- 0xFFFFFFFF7FFFFFFF

mem[X,0x00000000800016C8] -> 0x9E93
mem[X,0x00000000800016CA] -> 0x00BE
[1463] [M]: 0x00000000800016C8 (0x00BE9E93) slli t4, t4, 0xb
x29 <- 0xFFFFFBFFFFFFF800

mem[X,0x00000000800016CC] -> 0x8E93
mem[X,0x00000000800016CE] -> 0x040E
[1464] [M]: 0x00000000800016CC (0x040E8E93) addi t4, t4, 0x40
x29 <- 0xFFFFFBFFFFFFF840

mem[X,0x00000000800016D0] -> 0x9E93
mem[X,0x00000000800016D2] -> 0x00BE
[1465] [M]: 0x00000000800016D0 (0x00BE9E93) slli t4, t4, 0xb
x29 <- 0xFFDFFFFFFFC20000

mem[X,0x00000000800016D4] -> 0x8E93
mem[X,0x00000000800016D6] -> 0x000E
[1466] [M]: 0x00000000800016D4 (0x000E8E93) addi t4, t4, 0x0
x29 <- 0xFFDFFFFFFFC20000

mem[X,0x00000000800016D8] -> 0x9E93
mem[X,0x00000000800016DA] -> 0x00AE
[1467] [M]: 0x00000000800016D8 (0x00AE9E93) slli t4, t4, 0xa
x29 <- 0x7FFFFFFF08000000

mem[X,0x00000000800016DC] -> 0x6FBB
mem[X,0x00000000800016DE] -> 0x9BDF
[1468] [M]: 0x00000000800016DC (0x9BDF6FBB) paas.wx t6, t5, t4
x31 <- 0x04004000C0000080

mem[X,0x00000000800016E0] -> 0xB423
mem[X,0x00000000800016E2] -> 0x1BF0
[1469] [M]: 0x00000000800016E0 (0x1BF0B423) sd t6, 0x1a8(ra)
mem[0x00000000800053B0] <- 0x04004000C0000080

mem[X,0x00000000800016E4] -> 0x0F37
mem[X,0x00000000800016E6] -> 0x0002
[1470] [M]: 0x00000000800016E4 (0x00020F37) lui t5, 0x20
x30 <- 0x0000000000020000

mem[X,0x00000000800016E8] -> 0x0F13
mem[X,0x00000000800016EA] -> 0x000F
[1471] [M]: 0x00000000800016E8 (0x000F0F13) addi t5, t5, 0x0
x30 <- 0x0000000000020000

mem[X,0x00000000800016EC] -> 0x1F13
mem[X,0x00000000800016EE] -> 0x00BF
[1472] [M]: 0x00000000800016EC (0x00BF1F13) slli t5, t5, 0xb
x30 <- 0x0000000010000000

mem[X,0x00000000800016F0] -> 0x0F13
mem[X,0x00000000800016F2] -> 0x6FFF
[1473] [M]: 0x00000000800016F0 (0x6FFF0F13) addi t5, t5, 0x6ff
x30 <- 0x00000000100006FF

mem[X,0x00000000800016F4] -> 0x1F13
mem[X,0x00000000800016F6] -> 0x00BF
[1474] [M]: 0x00000000800016F4 (0x00BF1F13) slli t5, t5, 0xb
x30 <- 0x000000800037F800

mem[X,0x00000000800016F8] -> 0x0F13
mem[X,0x00000000800016FA] -> 0x7FFF
[1475] [M]: 0x00000000800016F8 (0x7FFF0F13) addi t5, t5, 0x7ff
x30 <- 0x000000800037FFFF

mem[X,0x00000000800016FC] -> 0x1F13
mem[X,0x00000000800016FE] -> 0x00AF
[1476] [M]: 0x00000000800016FC (0x00AF1F13) slli t5, t5, 0xa
x30 <- 0x00020000DFFFFC00

mem[X,0x0000000080001700] -> 0x0F13
mem[X,0x0000000080001702] -> 0x3FFF
[1477] [M]: 0x0000000080001700 (0x3FFF0F13) addi t5, t5, 0x3ff
x30 <- 0x00020000DFFFFFFF

mem[X,0x0000000080001704] -> 0x0EB7
mem[X,0x0000000080001706] -> 0xFFC0
[1478] [M]: 0x0000000080001704 (0xFFC00EB7) lui t4, -0x400
x29 <- 0xFFFFFFFFFFC00000

mem[X,0x0000000080001708] -> 0x8E93
mem[X,0x000000008000170A] -> 0xFFFE
[1479] [M]: 0x0000000080001708 (0xFFFE8E93) addi t4, t4, -0x1
x29 <- 0xFFFFFFFFFFBFFFFF

mem[X,0x000000008000170C] -> 0x9E93
mem[X,0x000000008000170E] -> 0x00BE
[1480] [M]: 0x000000008000170C (0x00BE9E93) slli t4, t4, 0xb
x29 <- 0xFFFFFFFDFFFFF800

mem[X,0x0000000080001710] -> 0x8E93
mem[X,0x0000000080001712] -> 0x000E
[1481] [M]: 0x0000000080001710 (0x000E8E93) addi t4, t4, 0x0
x29 <- 0xFFFFFFFDFFFFF800

mem[X,0x0000000080001714] -> 0x9E93
mem[X,0x0000000080001716] -> 0x00BE
[1482] [M]: 0x0000000080001714 (0x00BE9E93) slli t4, t4, 0xb
x29 <- 0xFFFFEFFFFFC00000

mem[X,0x0000000080001718] -> 0x8E93
mem[X,0x000000008000171A] -> 0x040E
[1483] [M]: 0x0000000080001718 (0x040E8E93) addi t4, t4, 0x40
x29 <- 0xFFFFEFFFFFC00040

mem[X,0x000000008000171C] -> 0x9E93
mem[X,0x000000008000171E] -> 0x00AE
[1484] [M]: 0x000000008000171C (0x00AE9E93) slli t4, t4, 0xa
x29 <- 0xFFBFFFFF00010000

mem[X,0x0000000080001720] -> 0x6FBB
mem[X,0x0000000080001722] -> 0x9BDF
[1485] [M]: 0x0000000080001720 (0x9BDF6FBB) paas.wx t6, t5, t4
x31 <- 0x00018000F0200000

mem[X,0x0000000080001724] -> 0xB823
mem[X,0x0000000080001726] -> 0x1BF0
[1486] [M]: 0x0000000080001724 (0x1BF0B823) sd t6, 0x1b0(ra)
mem[0x00000000800053B8] <- 0x00018000F0200000

mem[X,0x0000000080001728] -> 0x0F37
mem[X,0x000000008000172A] -> 0x0004
[1487] [M]: 0x0000000080001728 (0x00040F37) lui t5, 0x40
x30 <- 0x0000000000040000

mem[X,0x000000008000172C] -> 0x0F13
mem[X,0x000000008000172E] -> 0x000F
[1488] [M]: 0x000000008000172C (0x000F0F13) addi t5, t5, 0x0
x30 <- 0x0000000000040000

mem[X,0x0000000080001730] -> 0x1F13
mem[X,0x0000000080001732] -> 0x00BF
[1489] [M]: 0x0000000080001730 (0x00BF1F13) slli t5, t5, 0xb
x30 <- 0x0000000020000000

mem[X,0x0000000080001734] -> 0x0F13
mem[X,0x0000000080001736] -> 0x7FFF
[1490] [M]: 0x0000000080001734 (0x7FFF0F13) addi t5, t5, 0x7ff
x30 <- 0x00000000200007FF

mem[X,0x0000000080001738] -> 0x1F13
mem[X,0x000000008000173A] -> 0x00BF
[1491] [M]: 0x0000000080001738 (0x00BF1F13) slli t5, t5, 0xb
x30 <- 0x00000100003FF800

mem[X,0x000000008000173C] -> 0x0F13
mem[X,0x000000008000173E] -> 0x7FFF
[1492] [M]: 0x000000008000173C (0x7FFF0F13) addi t5, t5, 0x7ff
x30 <- 0x00000100003FFFFF

mem[X,0x0000000080001740] -> 0x1F13
mem[X,0x0000000080001742] -> 0x00AF
[1493] [M]: 0x0000000080001740 (0x00AF1F13) slli t5, t5, 0xa
x30 <- 0x00040000FFFFFC00

mem[X,0x0000000080001744] -> 0x0F13
mem[X,0x0000000080001746] -> 0x3F9F
[1494] [M]: 0x0000000080001744 (0x3F9F0F13) addi t5, t5, 0x3f9
x30 <- 0x00040000FFFFFFF9

mem[X,0x0000000080001748] -> 0x0EB7
mem[X,0x000000008000174A] -> 0x0400
[1495] [M]: 0x0000000080001748 (0x04000EB7) lui t4, 0x4000
x29 <- 0x0000000004000000

mem[X,0x000000008000174C] -> 0x8E93
mem[X,0x000000008000174E] -> 0x000E
[1496] [M]: 0x000000008000174C (0x000E8E93) addi t4, t4, 0x0
x29 <- 0x0000000004000000

mem[X,0x0000000080001750] -> 0x9E93
mem[X,0x0000000080001752] -> 0x00BE
[1497] [M]: 0x0000000080001750 (0x00BE9E93) slli t4, t4, 0xb
x29 <- 0x0000002000000000

mem[X,0x0000000080001754] -> 0x8E93
mem[X,0x0000000080001756] -> 0x7FFE
[1498] [M]: 0x0000000080001754 (0x7FFE8E93) addi t4, t4, 0x7ff
x29 <- 0x00000020000007FF

mem[X,0x0000000080001758] -> 0x9E93
mem[X,0x000000008000175A] -> 0x00BE
[1499] [M]: 0x0000000080001758 (0x00BE9E93) slli t4, t4, 0xb
x29 <- 0x00010000003FF800

clint::tick mtime <- 0x000000000000000F
 clint timer pending at mtime 0x000000000000000F
htif::tick 0x0000000000000000
mem[X,0x000000008000175C] -> 0x8E93
mem[X,0x000000008000175E] -> 0x7BFE
[1500] [M]: 0x000000008000175C (0x7BFE8E93) addi t4, t4, 0x7bf
x29 <- 0x00010000003FFFBF

mem[X,0x0000000080001760] -> 0x9E93
mem[X,0x0000000080001762] -> 0x00AE
[1501] [M]: 0x0000000080001760 (0x00AE9E93) slli t4, t4, 0xa
x29 <- 0x04000000FFFEFC00

mem[X,0x0000000080001764] -> 0x8E93
mem[X,0x0000000080001766] -> 0x3FFE
[1502] [M]: 0x0000000080001764 (0x3FFE8E93) addi t4, t4, 0x3ff
x29 <- 0x04000000FFFEFFFF

mem[X,0x0000000080001768] -> 0x6FBB
mem[X,0x000000008000176A] -> 0x9BDF
[1503] [M]: 0x0000000080001768 (0x9BDF6FBB) paas.wx t6, t5, t4
x31 <- 0x00017FFFFDFFFFFC

mem[X,0x000000008000176C] -> 0xBC23
mem[X,0x000000008000176E] -> 0x1BF0
[1504] [M]: 0x000000008000176C (0x1BF0BC23) sd t6, 0x1b8(ra)
mem[0x00000000800053C0] <- 0x00017FFFFDFFFFFC

mem[X,0x0000000080001770] -> 0x0F37
mem[X,0x0000000080001772] -> 0x0080
[1505] [M]: 0x0000000080001770 (0x00800F37) lui t5, 0x800
x30 <- 0x0000000000800000

mem[X,0x0000000080001774] -> 0x0F13
mem[X,0x0000000080001776] -> 0x000F
[1506] [M]: 0x0000000080001774 (0x000F0F13) addi t5, t5, 0x0
x30 <- 0x0000000000800000

mem[X,0x0000000080001778] -> 0x1F13
mem[X,0x000000008000177A] -> 0x00BF
[1507] [M]: 0x0000000080001778 (0x00BF1F13) slli t5, t5, 0xb
x30 <- 0x0000000400000000

mem[X,0x000000008000177C] -> 0x0F13
mem[X,0x000000008000177E] -> 0x000F
[1508] [M]: 0x000000008000177C (0x000F0F13) addi t5, t5, 0x0
x30 <- 0x0000000400000000

mem[X,0x0000000080001780] -> 0x1F13
mem[X,0x0000000080001782] -> 0x00BF
[1509] [M]: 0x0000000080001780 (0x00BF1F13) slli t5, t5, 0xb
x30 <- 0x0000200000000000

mem[X,0x0000000080001784] -> 0x0F13
mem[X,0x0000000080001786] -> 0x000F
[1510] [M]: 0x0000000080001784 (0x000F0F13) addi t5, t5, 0x0
x30 <- 0x0000200000000000

mem[X,0x0000000080001788] -> 0x1F13
mem[X,0x000000008000178A] -> 0x00AF
[1511] [M]: 0x0000000080001788 (0x00AF1F13) slli t5, t5, 0xa
x30 <- 0x0080000000000000

mem[X,0x000000008000178C] -> 0x0F13
mem[X,0x000000008000178E] -> 0x002F
[1512] [M]: 0x000000008000178C (0x002F0F13) addi t5, t5, 0x2
x30 <- 0x0080000000000002

mem[X,0x0000000080001790] -> 0x0EB7
mem[X,0x0000000080001792] -> 0x0700
[1513] [M]: 0x0000000080001790 (0x07000EB7) lui t4, 0x7000
x29 <- 0x0000000007000000

mem[X,0x0000000080001794] -> 0x8E93
mem[X,0x0000000080001796] -> 0x001E
[1514] [M]: 0x0000000080001794 (0x001E8E93) addi t4, t4, 0x1
x29 <- 0x0000000007000001

mem[X,0x0000000080001798] -> 0x9E93
mem[X,0x000000008000179A] -> 0x008E
[1515] [M]: 0x0000000080001798 (0x008E9E93) slli t4, t4, 0x8
x29 <- 0x0000000700000100

mem[X,0x000000008000179C] -> 0x6FBB
mem[X,0x000000008000179E] -> 0x9BDF
[1516] [M]: 0x000000008000179C (0x9BDF6FBB) paas.wx t6, t5, t4
x31 <- 0x00400080FFFFFFFD

mem[X,0x00000000800017A0] -> 0xB023
mem[X,0x00000000800017A2] -> 0x1DF0
[1517] [M]: 0x00000000800017A0 (0x1DF0B023) sd t6, 0x1c0(ra)
mem[0x00000000800053C8] <- 0x00400080FFFFFFFD

mem[X,0x00000000800017A4] -> 0x0F37
mem[X,0x00000000800017A6] -> 0x1000
[1518] [M]: 0x00000000800017A4 (0x10000F37) lui t5, 0x10000
x30 <- 0x0000000010000000

mem[X,0x00000000800017A8] -> 0x0F13
mem[X,0x00000000800017AA] -> 0x001F
[1519] [M]: 0x00000000800017A8 (0x001F0F13) addi t5, t5, 0x1
x30 <- 0x0000000010000001

mem[X,0x00000000800017AC] -> 0x1F13
mem[X,0x00000000800017AE] -> 0x01DF
[1520] [M]: 0x00000000800017AC (0x01DF1F13) slli t5, t5, 0x1d
x30 <- 0x0200000020000000

mem[X,0x00000000800017B0] -> 0x0EB7
mem[X,0x00000000800017B2] -> 0x0000
[1521] [M]: 0x00000000800017B0 (0x00000EB7) lui t4, 0x0
x29 <- 0x0000000000000000

mem[X,0x00000000800017B4] -> 0x8E93
mem[X,0x00000000800017B6] -> 0xFF8E
[1522] [M]: 0x00000000800017B4 (0xFF8E8E93) addi t4, t4, -0x8
x29 <- 0xFFFFFFFFFFFFFFF8

mem[X,0x00000000800017B8] -> 0x9E93
mem[X,0x00000000800017BA] -> 0x00BE
[1523] [M]: 0x00000000800017B8 (0x00BE9E93) slli t4, t4, 0xb
x29 <- 0xFFFFFFFFFFFFC000

mem[X,0x00000000800017BC] -> 0x8E93
mem[X,0x00000000800017BE] -> 0x7F7E
[1524] [M]: 0x00000000800017BC (0x7F7E8E93) addi t4, t4, 0x7f7
x29 <- 0xFFFFFFFFFFFFC7F7

mem[X,0x00000000800017C0] -> 0x9E93
mem[X,0x00000000800017C2] -> 0x00BE
[1525] [M]: 0x00000000800017C0 (0x00BE9E93) slli t4, t4, 0xb
x29 <- 0xFFFFFFFFFE3FB800

mem[X,0x00000000800017C4] -> 0x8E93
mem[X,0x00000000800017C6] -> 0x7FFE
[1526] [M]: 0x00000000800017C4 (0x7FFE8E93) addi t4, t4, 0x7ff
x29 <- 0xFFFFFFFFFE3FBFFF

mem[X,0x00000000800017C8] -> 0x9E93
mem[X,0x00000000800017CA] -> 0x00AE
[1527] [M]: 0x00000000800017C8 (0x00AE9E93) slli t4, t4, 0xa
x29 <- 0xFFFFFFF8FEFFFC00

mem[X,0x00000000800017CC] -> 0x8E93
mem[X,0x00000000800017CE] -> 0x3FFE
[1528] [M]: 0x00000000800017CC (0x3FFE8E93) addi t4, t4, 0x3ff
x29 <- 0xFFFFFFF8FEFFFFFF

mem[X,0x00000000800017D0] -> 0x6FBB
mem[X,0x00000000800017D2] -> 0x9BDF
[1529] [M]: 0x00000000800017D0 (0x9BDF6FBB) paas.wx t6, t5, t4
x31 <- 0x007FFFFF10000004

mem[X,0x00000000800017D4] -> 0xB423
mem[X,0x00000000800017D6] -> 0x1DF0
[1530] [M]: 0x00000000800017D4 (0x1DF0B423) sd t6, 0x1c8(ra)
mem[0x00000000800053D0] <- 0x007FFFFF10000004

mem[X,0x00000000800017D8] -> 0x0F37
mem[X,0x00000000800017DA] -> 0xF800
[1531] [M]: 0x00000000800017D8 (0xF8000F37) lui t5, -0x8000
x30 <- 0xFFFFFFFFF8000000

mem[X,0x00000000800017DC] -> 0x0F13
mem[X,0x00000000800017DE] -> 0xFFFF
[1532] [M]: 0x00000000800017DC (0xFFFF0F13) addi t5, t5, -0x1
x30 <- 0xFFFFFFFFF7FFFFFF

mem[X,0x00000000800017E0] -> 0x1F13
mem[X,0x00000000800017E2] -> 0x00BF
[1533] [M]: 0x00000000800017E0 (0x00BF1F13) slli t5, t5, 0xb
x30 <- 0xFFFFFFBFFFFFF800

mem[X,0x00000000800017E4] -> 0x0F13
mem[X,0x00000000800017E6] -> 0x000F
[1534] [M]: 0x00000000800017E4 (0x000F0F13) addi t5, t5, 0x0
x30 <- 0xFFFFFFBFFFFFF800

mem[X,0x00000000800017E8] -> 0x1F13
mem[X,0x00000000800017EA] -> 0x00BF
[1535] [M]: 0x00000000800017E8 (0x00BF1F13) slli t5, t5, 0xb
x30 <- 0xFFFDFFFFFFC00000

mem[X,0x00000000800017EC] -> 0x0F13
mem[X,0x00000000800017EE] -> 0x000F
[1536] [M]: 0x00000000800017EC (0x000F0F13) addi t5, t5, 0x0
x30 <- 0xFFFDFFFFFFC00000

mem[X,0x00000000800017F0] -> 0x1F13
mem[X,0x00000000800017F2] -> 0x00AF
[1537] [M]: 0x00000000800017F0 (0x00AF1F13) slli t5, t5, 0xa
x30 <- 0xF7FFFFFF00000000

mem[X,0x00000000800017F4] -> 0x0F13
mem[X,0x00000000800017F6] -> 0x008F
[1538] [M]: 0x00000000800017F4 (0x008F0F13) addi t5, t5, 0x8
x30 <- 0xF7FFFFFF00000008

mem[X,0x00000000800017F8] -> 0xFEB7
mem[X,0x00000000800017FA] -> 0xFFFF
[1539] [M]: 0x00000000800017F8 (0xFFFFFEB7) lui t4, -0x1
x29 <- 0xFFFFFFFFFFFFF000

mem[X,0x00000000800017FC] -> 0x8E93
mem[X,0x00000000800017FE] -> 0xFFFE
[1540] [M]: 0x00000000800017FC (0xFFFE8E93) addi t4, t4, -0x1
x29 <- 0xFFFFFFFFFFFFEFFF

mem[X,0x0000000080001800] -> 0x9E93
mem[X,0x0000000080001802] -> 0x00BE
[1541] [M]: 0x0000000080001800 (0x00BE9E93) slli t4, t4, 0xb
x29 <- 0xFFFFFFFFFF7FF800

mem[X,0x0000000080001804] -> 0x8E93
mem[X,0x0000000080001806] -> 0x010E
[1542] [M]: 0x0000000080001804 (0x010E8E93) addi t4, t4, 0x10
x29 <- 0xFFFFFFFFFF7FF810

mem[X,0x0000000080001808] -> 0x9E93
mem[X,0x000000008000180A] -> 0x00BE
[1543] [M]: 0x0000000080001808 (0x00BE9E93) slli t4, t4, 0xb
x29 <- 0xFFFFFFFBFFC08000

mem[X,0x000000008000180C] -> 0x8E93
mem[X,0x000000008000180E] -> 0x000E
[1544] [M]: 0x000000008000180C (0x000E8E93) addi t4, t4, 0x0
x29 <- 0xFFFFFFFBFFC08000

mem[X,0x0000000080001810] -> 0x9E93
mem[X,0x0000000080001812] -> 0x00AE
[1545] [M]: 0x0000000080001810 (0x00AE9E93) slli t4, t4, 0xa
x29 <- 0xFFFFEFFF02000000

mem[X,0x0000000080001814] -> 0x6FBB
mem[X,0x0000000080001816] -> 0x9BDF
[1546] [M]: 0x0000000080001814 (0x9BDF6FBB) paas.wx t6, t5, t4
x31 <- 0xFCFFFFFF00000804

mem[X,0x0000000080001818] -> 0xB823
mem[X,0x000000008000181A] -> 0x1DF0
[1547] [M]: 0x0000000080001818 (0x1DF0B823) sd t6, 0x1d0(ra)
mem[0x00000000800053D8] <- 0xFCFFFFFF00000804

mem[X,0x000000008000181C] -> 0x0F37
mem[X,0x000000008000181E] -> 0xE000
[1548] [M]: 0x000000008000181C (0xE0000F37) lui t5, -0x20000
x30 <- 0xFFFFFFFFE0000000

mem[X,0x0000000080001820] -> 0x0F13
mem[X,0x0000000080001822] -> 0xFFFF
[1549] [M]: 0x0000000080001820 (0xFFFF0F13) addi t5, t5, -0x1
x30 <- 0xFFFFFFFFDFFFFFFF

mem[X,0x0000000080001824] -> 0x1F13
mem[X,0x0000000080001826] -> 0x00BF
[1550] [M]: 0x0000000080001824 (0x00BF1F13) slli t5, t5, 0xb
x30 <- 0xFFFFFEFFFFFFF800

mem[X,0x0000000080001828] -> 0x0F13
mem[X,0x000000008000182A] -> 0x100F
[1551] [M]: 0x0000000080001828 (0x100F0F13) addi t5, t5, 0x100
x30 <- 0xFFFFFEFFFFFFF900

mem[X,0x000000008000182C] -> 0x1F13
mem[X,0x000000008000182E] -> 0x00BF
[1552] [M]: 0x000000008000182C (0x00BF1F13) slli t5, t5, 0xb
x30 <- 0xFFF7FFFFFFC80000

mem[X,0x0000000080001830] -> 0x0F13
mem[X,0x0000000080001832] -> 0x000F
[1553] [M]: 0x0000000080001830 (0x000F0F13) addi t5, t5, 0x0
x30 <- 0xFFF7FFFFFFC80000

mem[X,0x0000000080001834] -> 0x1F13
mem[X,0x0000000080001836] -> 0x00AF
[1554] [M]: 0x0000000080001834 (0x00AF1F13) slli t5, t5, 0xa
x30 <- 0xDFFFFFFF20000000

mem[X,0x0000000080001838] -> 0x0EB7
mem[X,0x000000008000183A] -> 0x0000
[1555] [M]: 0x0000000080001838 (0x00000EB7) lui t4, 0x0
x29 <- 0x0000000000000000

mem[X,0x000000008000183C] -> 0x8E93
mem[X,0x000000008000183E] -> 0xBFFE
[1556] [M]: 0x000000008000183C (0xBFFE8E93) addi t4, t4, -0x401
x29 <- 0xFFFFFFFFFFFFFBFF

mem[X,0x0000000080001840] -> 0x9E93
mem[X,0x0000000080001842] -> 0x00BE
[1557] [M]: 0x0000000080001840 (0x00BE9E93) slli t4, t4, 0xb
x29 <- 0xFFFFFFFFFFDFF800

mem[X,0x0000000080001844] -> 0x8E93
mem[X,0x0000000080001846] -> 0x7FFE
[1558] [M]: 0x0000000080001844 (0x7FFE8E93) addi t4, t4, 0x7ff
x29 <- 0xFFFFFFFFFFDFFFFF

mem[X,0x0000000080001848] -> 0x9E93
mem[X,0x000000008000184A] -> 0x00BE
[1559] [M]: 0x0000000080001848 (0x00BE9E93) slli t4, t4, 0xb
x29 <- 0xFFFFFFFEFFFFF800

mem[X,0x000000008000184C] -> 0x8E93
mem[X,0x000000008000184E] -> 0x7FFE
[1560] [M]: 0x000000008000184C (0x7FFE8E93) addi t4, t4, 0x7ff
x29 <- 0xFFFFFFFEFFFFFFFF

mem[X,0x0000000080001850] -> 0x9E93
mem[X,0x0000000080001852] -> 0x00AE
[1561] [M]: 0x0000000080001850 (0x00AE9E93) slli t4, t4, 0xa
x29 <- 0xFFFFFBFFFFFFFC00

mem[X,0x0000000080001854] -> 0x8E93
mem[X,0x0000000080001856] -> 0x37FE
[1562] [M]: 0x0000000080001854 (0x37FE8E93) addi t4, t4, 0x37f
x29 <- 0xFFFFFBFFFFFFFF7F

mem[X,0x0000000080001858] -> 0x6FBB
mem[X,0x000000008000185A] -> 0x9BDF
[1563] [M]: 0x0000000080001858 (0x9BDF6FBB) paas.wx t6, t5, t4
x31 <- 0xEFFFFFBF10000200

mem[X,0x000000008000185C] -> 0xBC23
mem[X,0x000000008000185E] -> 0x1DF0
[1564] [M]: 0x000000008000185C (0x1DF0BC23) sd t6, 0x1d8(ra)
mem[0x00000000800053E0] <- 0xEFFFFFBF10000200

mem[X,0x0000000080001860] -> 0x0F37
mem[X,0x0000000080001862] -> 0xC000
[1565] [M]: 0x0000000080001860 (0xC0000F37) lui t5, -0x40000
x30 <- 0xFFFFFFFFC0000000

mem[X,0x0000000080001864] -> 0x0F13
mem[X,0x0000000080001866] -> 0xFFFF
[1566] [M]: 0x0000000080001864 (0xFFFF0F13) addi t5, t5, -0x1
x30 <- 0xFFFFFFFFBFFFFFFF

mem[X,0x0000000080001868] -> 0x1F13
mem[X,0x000000008000186A] -> 0x00BF
[1567] [M]: 0x0000000080001868 (0x00BF1F13) slli t5, t5, 0xb
x30 <- 0xFFFFFDFFFFFFF800

mem[X,0x000000008000186C] -> 0x0F13
mem[X,0x000000008000186E] -> 0x7FEF
[1568] [M]: 0x000000008000186C (0x7FEF0F13) addi t5, t5, 0x7fe
x30 <- 0xFFFFFDFFFFFFFFFE

mem[X,0x0000000080001870] -> 0x1F13
mem[X,0x0000000080001872] -> 0x00BF
[1569] [M]: 0x0000000080001870 (0x00BF1F13) slli t5, t5, 0xb
x30 <- 0xFFEFFFFFFFFFF000

mem[X,0x0000000080001874] -> 0x0F13
mem[X,0x0000000080001876] -> 0x7FFF
[1570] [M]: 0x0000000080001874 (0x7FFF0F13) addi t5, t5, 0x7ff
x30 <- 0xFFEFFFFFFFFFF7FF

mem[X,0x0000000080001878] -> 0x1F13
mem[X,0x000000008000187A] -> 0x00AF
[1571] [M]: 0x0000000080001878 (0x00AF1F13) slli t5, t5, 0xa
x30 <- 0xBFFFFFFFFFDFFC00

mem[X,0x000000008000187C] -> 0x0F13
mem[X,0x000000008000187E] -> 0x3FFF
[1572] [M]: 0x000000008000187C (0x3FFF0F13) addi t5, t5, 0x3ff
x30 <- 0xBFFFFFFFFFDFFFFF

mem[X,0x0000000080001880] -> 0x0EB7
mem[X,0x0000000080001882] -> 0xFFC0
[1573] [M]: 0x0000000080001880 (0xFFC00EB7) lui t4, -0x400
x29 <- 0xFFFFFFFFFFC00000

mem[X,0x0000000080001884] -> 0x8E93
mem[X,0x0000000080001886] -> 0xFFFE
[1574] [M]: 0x0000000080001884 (0xFFFE8E93) addi t4, t4, -0x1
x29 <- 0xFFFFFFFFFFBFFFFF

mem[X,0x0000000080001888] -> 0x9E93
mem[X,0x000000008000188A] -> 0x00BE
[1575] [M]: 0x0000000080001888 (0x00BE9E93) slli t4, t4, 0xb
x29 <- 0xFFFFFFFDFFFFF800

mem[X,0x000000008000188C] -> 0x8E93
mem[X,0x000000008000188E] -> 0x000E
[1576] [M]: 0x000000008000188C (0x000E8E93) addi t4, t4, 0x0
x29 <- 0xFFFFFFFDFFFFF800

mem[X,0x0000000080001890] -> 0x9E93
mem[X,0x0000000080001892] -> 0x00BE
[1577] [M]: 0x0000000080001890 (0x00BE9E93) slli t4, t4, 0xb
x29 <- 0xFFFFEFFFFFC00000

mem[X,0x0000000080001894] -> 0x8E93
mem[X,0x0000000080001896] -> 0x010E
[1578] [M]: 0x0000000080001894 (0x010E8E93) addi t4, t4, 0x10
x29 <- 0xFFFFEFFFFFC00010

mem[X,0x0000000080001898] -> 0x9E93
mem[X,0x000000008000189A] -> 0x00AE
[1579] [M]: 0x0000000080001898 (0x00AE9E93) slli t4, t4, 0xa
x29 <- 0xFFBFFFFF00004000

mem[X,0x000000008000189C] -> 0x6FBB
mem[X,0x000000008000189E] -> 0x9BDF
[1580] [M]: 0x000000008000189C (0x9BDF6FBB) paas.wx t6, t5, t4
x31 <- 0xE0001FFF00100000

mem[X,0x00000000800018A0] -> 0xB023
mem[X,0x00000000800018A2] -> 0x1FF0
[1581] [M]: 0x00000000800018A0 (0x1FF0B023) sd t6, 0x1e0(ra)
mem[0x00000000800053E8] <- 0xE0001FFF00100000

mem[X,0x00000000800018A4] -> 0xBF37
mem[X,0x00000000800018A6] -> 0xAAAA
[1582] [M]: 0x00000000800018A4 (0xAAAABF37) lui t5, -0x55555
x30 <- 0xFFFFFFFFAAAAB000

mem[X,0x00000000800018A8] -> 0x0F13
mem[X,0x00000000800018AA] -> 0xAAAF
[1583] [M]: 0x00000000800018A8 (0xAAAF0F13) addi t5, t5, -0x556
x30 <- 0xFFFFFFFFAAAAAAAA

mem[X,0x00000000800018AC] -> 0x1F13
mem[X,0x00000000800018AE] -> 0x00BF
[1584] [M]: 0x00000000800018AC (0x00BF1F13) slli t5, t5, 0xb
x30 <- 0xFFFFFD5555555000

mem[X,0x00000000800018B0] -> 0x0F13
mem[X,0x00000000800018B2] -> 0x7FFF
[1585] [M]: 0x00000000800018B0 (0x7FFF0F13) addi t5, t5, 0x7ff
x30 <- 0xFFFFFD55555557FF

mem[X,0x00000000800018B4] -> 0x1F13
mem[X,0x00000000800018B6] -> 0x00BF
[1586] [M]: 0x00000000800018B4 (0x00BF1F13) slli t5, t5, 0xb
x30 <- 0xFFEAAAAAAABFF800

mem[X,0x00000000800018B8] -> 0x0F13
mem[X,0x00000000800018BA] -> 0x7FFF
[1587] [M]: 0x00000000800018B8 (0x7FFF0F13) addi t5, t5, 0x7ff
x30 <- 0xFFEAAAAAAABFFFFF

mem[X,0x00000000800018BC] -> 0x1F13
mem[X,0x00000000800018BE] -> 0x00AF
[1588] [M]: 0x00000000800018BC (0x00AF1F13) slli t5, t5, 0xa
x30 <- 0xAAAAAAAAFFFFFC00

mem[X,0x00000000800018C0] -> 0x0F13
mem[X,0x00000000800018C2] -> 0x1FFF
[1589] [M]: 0x00000000800018C0 (0x1FFF0F13) addi t5, t5, 0x1ff
x30 <- 0xAAAAAAAAFFFFFDFF

mem[X,0x00000000800018C4] -> 0x0EB7
mem[X,0x00000000800018C6] -> 0x0000
[1590] [M]: 0x00000000800018C4 (0x00000EB7) lui t4, 0x0
x29 <- 0x0000000000000000

mem[X,0x00000000800018C8] -> 0x8E93
mem[X,0x00000000800018CA] -> 0xFF9E
[1591] [M]: 0x00000000800018C8 (0xFF9E8E93) addi t4, t4, -0x7
x29 <- 0xFFFFFFFFFFFFFFF9

mem[X,0x00000000800018CC] -> 0x9E93
mem[X,0x00000000800018CE] -> 0x00BE
[1592] [M]: 0x00000000800018CC (0x00BE9E93) slli t4, t4, 0xb
x29 <- 0xFFFFFFFFFFFFC800

mem[X,0x00000000800018D0] -> 0x8E93
mem[X,0x00000000800018D2] -> 0x2AAE
[1593] [M]: 0x00000000800018D0 (0x2AAE8E93) addi t4, t4, 0x2aa
x29 <- 0xFFFFFFFFFFFFCAAA

mem[X,0x00000000800018D4] -> 0x9E93
mem[X,0x00000000800018D6] -> 0x00BE
[1594] [M]: 0x00000000800018D4 (0x00BE9E93) slli t4, t4, 0xb
x29 <- 0xFFFFFFFFFE555000

mem[X,0x00000000800018D8] -> 0x8E93
mem[X,0x00000000800018DA] -> 0x555E
[1595] [M]: 0x00000000800018D8 (0x555E8E93) addi t4, t4, 0x555
x29 <- 0xFFFFFFFFFE555555

mem[X,0x00000000800018DC] -> 0x9E93
mem[X,0x00000000800018DE] -> 0x00AE
[1596] [M]: 0x00000000800018DC (0x00AE9E93) slli t4, t4, 0xa
x29 <- 0xFFFFFFF955555400

mem[X,0x00000000800018E0] -> 0x8E93
mem[X,0x00000000800018E2] -> 0x155E
[1597] [M]: 0x00000000800018E0 (0x155E8E93) addi t4, t4, 0x155
x29 <- 0xFFFFFFF955555555

mem[X,0x00000000800018E4] -> 0x6FBB
mem[X,0x00000000800018E6] -> 0x9BDF
[1598] [M]: 0x00000000800018E4 (0x9BDF6FBB) paas.wx t6, t5, t4
x31 <- 0xFFFFFFFFFFFFFF03

mem[X,0x00000000800018E8] -> 0xB423
mem[X,0x00000000800018EA] -> 0x1FF0
[1599] [M]: 0x00000000800018E8 (0x1FF0B423) sd t6, 0x1e8(ra)
mem[0x00000000800053F0] <- 0xFFFFFFFFFFFFFF03

clint::tick mtime <- 0x0000000000000010
 clint timer pending at mtime 0x0000000000000010
htif::tick 0x0000000000000000
mem[X,0x00000000800018EC] -> 0x0F37
mem[X,0x00000000800018EE] -> 0x0000
[1600] [M]: 0x00000000800018EC (0x00000F37) lui t5, 0x0
x30 <- 0x0000000000000000

mem[X,0x00000000800018F0] -> 0x0F13
mem[X,0x00000000800018F2] -> 0x400F
[1601] [M]: 0x00000000800018F0 (0x400F0F13) addi t5, t5, 0x400
x30 <- 0x0000000000000400

mem[X,0x00000000800018F4] -> 0x1F13
mem[X,0x00000000800018F6] -> 0x00BF
[1602] [M]: 0x00000000800018F4 (0x00BF1F13) slli t5, t5, 0xb
x30 <- 0x0000000000200000

mem[X,0x00000000800018F8] -> 0x0F13
mem[X,0x00000000800018FA] -> 0x7FFF
[1603] [M]: 0x00000000800018F8 (0x7FFF0F13) addi t5, t5, 0x7ff
x30 <- 0x00000000002007FF

mem[X,0x00000000800018FC] -> 0x1F13
mem[X,0x00000000800018FE] -> 0x00BF
[1604] [M]: 0x00000000800018FC (0x00BF1F13) slli t5, t5, 0xb
x30 <- 0x00000001003FF800

mem[X,0x0000000080001900] -> 0x0F13
mem[X,0x0000000080001902] -> 0x7FFF
[1605] [M]: 0x0000000080001900 (0x7FFF0F13) addi t5, t5, 0x7ff
x30 <- 0x00000001003FFFFF

mem[X,0x0000000080001904] -> 0x1F13
mem[X,0x0000000080001906] -> 0x00AF
[1606] [M]: 0x0000000080001904 (0x00AF1F13) slli t5, t5, 0xa
x30 <- 0x00000400FFFFFC00

mem[X,0x0000000080001908] -> 0x0F13
mem[X,0x000000008000190A] -> 0x1FFF
[1607] [M]: 0x0000000080001908 (0x1FFF0F13) addi t5, t5, 0x1ff
x30 <- 0x00000400FFFFFDFF

mem[X,0x000000008000190C] -> 0x0EB7
mem[X,0x000000008000190E] -> 0xFFFF
[1608] [M]: 0x000000008000190C (0xFFFF0EB7) lui t4, -0x10
x29 <- 0xFFFFFFFFFFFF0000

mem[X,0x0000000080001910] -> 0x8E93
mem[X,0x0000000080001912] -> 0xFFFE
[1609] [M]: 0x0000000080001910 (0xFFFE8E93) addi t4, t4, -0x1
x29 <- 0xFFFFFFFFFFFEFFFF

mem[X,0x0000000080001914] -> 0x9E93
mem[X,0x0000000080001916] -> 0x00BE
[1610] [M]: 0x0000000080001914 (0x00BE9E93) slli t4, t4, 0xb
x29 <- 0xFFFFFFFFF7FFF800

mem[X,0x0000000080001918] -> 0x8E93
mem[X,0x000000008000191A] -> 0x400E
[1611] [M]: 0x0000000080001918 (0x400E8E93) addi t4, t4, 0x400
x29 <- 0xFFFFFFFFF7FFFC00

mem[X,0x000000008000191C] -> 0x9E93
mem[X,0x000000008000191E] -> 0x00BE
[1612] [M]: 0x000000008000191C (0x00BE9E93) slli t4, t4, 0xb
x29 <- 0xFFFFFFBFFFE00000

mem[X,0x0000000080001920] -> 0x8E93
mem[X,0x0000000080001922] -> 0x000E
[1613] [M]: 0x0000000080001920 (0x000E8E93) addi t4, t4, 0x0
x29 <- 0xFFFFFFBFFFE00000

mem[X,0x0000000080001924] -> 0x9E93
mem[X,0x0000000080001926] -> 0x00AE
[1614] [M]: 0x0000000080001924 (0x00AE9E93) slli t4, t4, 0xa
x29 <- 0xFFFEFFFF80000000

mem[X,0x0000000080001928] -> 0x6FBB
mem[X,0x000000008000192A] -> 0x9BDF
[1615] [M]: 0x0000000080001928 (0x9BDF6FBB) paas.wx t6, t5, t4
x31 <- 0xC000020000007F00

mem[X,0x000000008000192C] -> 0xB823
mem[X,0x000000008000192E] -> 0x1FF0
[1616] [M]: 0x000000008000192C (0x1FF0B823) sd t6, 0x1f0(ra)
mem[0x00000000800053F8] <- 0xC000020000007F00

mem[X,0x0000000080001930] -> 0x0F37
mem[X,0x0000000080001932] -> 0x0000
[1617] [M]: 0x0000000080001930 (0x00000F37) lui t5, 0x0
x30 <- 0x0000000000000000

mem[X,0x0000000080001934] -> 0x0F13
mem[X,0x0000000080001936] -> 0xFBFF
[1618] [M]: 0x0000000080001934 (0xFBFF0F13) addi t5, t5, -0x41
x30 <- 0xFFFFFFFFFFFFFFBF

mem[X,0x0000000080001938] -> 0x1F13
mem[X,0x000000008000193A] -> 0x00BF
[1619] [M]: 0x0000000080001938 (0x00BF1F13) slli t5, t5, 0xb
x30 <- 0xFFFFFFFFFFFDF800

mem[X,0x000000008000193C] -> 0x0F13
mem[X,0x000000008000193E] -> 0x000F
[1620] [M]: 0x000000008000193C (0x000F0F13) addi t5, t5, 0x0
x30 <- 0xFFFFFFFFFFFDF800

mem[X,0x0000000080001940] -> 0x1F13
mem[X,0x0000000080001942] -> 0x00BF
[1621] [M]: 0x0000000080001940 (0x00BF1F13) slli t5, t5, 0xb
x30 <- 0xFFFFFFFFEFC00000

mem[X,0x0000000080001944] -> 0x0F13
mem[X,0x0000000080001946] -> 0x000F
[1622] [M]: 0x0000000080001944 (0x000F0F13) addi t5, t5, 0x0
x30 <- 0xFFFFFFFFEFC00000

mem[X,0x0000000080001948] -> 0x1F13
mem[X,0x000000008000194A] -> 0x00AF
[1623] [M]: 0x0000000080001948 (0x00AF1F13) slli t5, t5, 0xa
x30 <- 0xFFFFFFBF00000000

mem[X,0x000000008000194C] -> 0x0F13
mem[X,0x000000008000194E] -> 0x001F
[1624] [M]: 0x000000008000194C (0x001F0F13) addi t5, t5, 0x1
x30 <- 0xFFFFFFBF00000001

mem[X,0x0000000080001950] -> 0x0EB7
mem[X,0x0000000080001952] -> 0x0000
[1625] [M]: 0x0000000080001950 (0x00000EB7) lui t4, 0x0
x29 <- 0x0000000000000000

mem[X,0x0000000080001954] -> 0x8E93
mem[X,0x0000000080001956] -> 0x100E
[1626] [M]: 0x0000000080001954 (0x100E8E93) addi t4, t4, 0x100
x29 <- 0x0000000000000100

mem[X,0x0000000080001958] -> 0x9E93
mem[X,0x000000008000195A] -> 0x00BE
[1627] [M]: 0x0000000080001958 (0x00BE9E93) slli t4, t4, 0xb
x29 <- 0x0000000000080000

mem[X,0x000000008000195C] -> 0x8E93
mem[X,0x000000008000195E] -> 0x000E
[1628] [M]: 0x000000008000195C (0x000E8E93) addi t4, t4, 0x0
x29 <- 0x0000000000080000

mem[X,0x0000000080001960] -> 0x9E93
mem[X,0x0000000080001962] -> 0x00BE
[1629] [M]: 0x0000000080001960 (0x00BE9E93) slli t4, t4, 0xb
x29 <- 0x0000000040000000

mem[X,0x0000000080001964] -> 0x8E93
mem[X,0x0000000080001966] -> 0x000E
[1630] [M]: 0x0000000080001964 (0x000E8E93) addi t4, t4, 0x0
x29 <- 0x0000000040000000

mem[X,0x0000000080001968] -> 0x9E93
mem[X,0x000000008000196A] -> 0x00AE
[1631] [M]: 0x0000000080001968 (0x00AE9E93) slli t4, t4, 0xa
x29 <- 0x0000010000000000

mem[X,0x000000008000196C] -> 0x8E93
mem[X,0x000000008000196E] -> 0x001E
[1632] [M]: 0x000000008000196C (0x001E8E93) addi t4, t4, 0x1
x29 <- 0x0000010000000001

mem[X,0x0000000080001970] -> 0x6FBB
mem[X,0x0000000080001972] -> 0x9BDF
[1633] [M]: 0x0000000080001970 (0x9BDF6FBB) paas.wx t6, t5, t4
x31 <- 0xFFFFFFE0FFFFFF80

mem[X,0x0000000080001974] -> 0xBC23
mem[X,0x0000000080001976] -> 0x1FF0
[1634] [M]: 0x0000000080001974 (0x1FF0BC23) sd t6, 0x1f8(ra)
mem[0x0000000080005400] <- 0xFFFFFFE0FFFFFF80

mem[X,0x0000000080001978] -> 0x0F37
mem[X,0x000000008000197A] -> 0x0000
[1635] [M]: 0x0000000080001978 (0x00000F37) lui t5, 0x0
x30 <- 0x0000000000000000

mem[X,0x000000008000197C] -> 0x0F13
mem[X,0x000000008000197E] -> 0x006F
[1636] [M]: 0x000000008000197C (0x006F0F13) addi t5, t5, 0x6
x30 <- 0x0000000000000006

mem[X,0x0000000080001980] -> 0x1F13
mem[X,0x0000000080001982] -> 0x00BF
[1637] [M]: 0x0000000080001980 (0x00BF1F13) slli t5, t5, 0xb
x30 <- 0x0000000000003000

mem[X,0x0000000080001984] -> 0x0F13
mem[X,0x0000000080001986] -> 0x7FFF
[1638] [M]: 0x0000000080001984 (0x7FFF0F13) addi t5, t5, 0x7ff
x30 <- 0x00000000000037FF

mem[X,0x0000000080001988] -> 0x1F13
mem[X,0x000000008000198A] -> 0x00BF
[1639] [M]: 0x0000000080001988 (0x00BF1F13) slli t5, t5, 0xb
x30 <- 0x0000000001BFF800

mem[X,0x000000008000198C] -> 0x0F13
mem[X,0x000000008000198E] -> 0x7F7F
[1640] [M]: 0x000000008000198C (0x7F7F0F13) addi t5, t5, 0x7f7
x30 <- 0x0000000001BFFFF7

mem[X,0x0000000080001990] -> 0x1F13
mem[X,0x0000000080001992] -> 0x00AF
[1641] [M]: 0x0000000080001990 (0x00AF1F13) slli t5, t5, 0xa
x30 <- 0x00000006FFFFDC00

mem[X,0x0000000080001994] -> 0x0F13
mem[X,0x0000000080001996] -> 0x3FFF
[1642] [M]: 0x0000000080001994 (0x3FFF0F13) addi t5, t5, 0x3ff
x30 <- 0x00000006FFFFDFFF

mem[X,0x0000000080001998] -> 0x0EB7
mem[X,0x000000008000199A] -> 0xFC00
[1643] [M]: 0x0000000080001998 (0xFC000EB7) lui t4, -0x4000
x29 <- 0xFFFFFFFFFC000000

mem[X,0x000000008000199C] -> 0x8E93
mem[X,0x000000008000199E] -> 0xFFFE
[1644] [M]: 0x000000008000199C (0xFFFE8E93) addi t4, t4, -0x1
x29 <- 0xFFFFFFFFFBFFFFFF

mem[X,0x00000000800019A0] -> 0x9E93
mem[X,0x00000000800019A2] -> 0x00BE
[1645] [M]: 0x00000000800019A0 (0x00BE9E93) slli t4, t4, 0xb
x29 <- 0xFFFFFFDFFFFFF800

mem[X,0x00000000800019A4] -> 0x8E93
mem[X,0x00000000800019A6] -> 0x000E
[1646] [M]: 0x00000000800019A4 (0x000E8E93) addi t4, t4, 0x0
x29 <- 0xFFFFFFDFFFFFF800

mem[X,0x00000000800019A8] -> 0x9E93
mem[X,0x00000000800019AA] -> 0x00BE
[1647] [M]: 0x00000000800019A8 (0x00BE9E93) slli t4, t4, 0xb
x29 <- 0xFFFEFFFFFFC00000

mem[X,0x00000000800019AC] -> 0x8E93
mem[X,0x00000000800019AE] -> 0x000E
[1648] [M]: 0x00000000800019AC (0x000E8E93) addi t4, t4, 0x0
x29 <- 0xFFFEFFFFFFC00000

mem[X,0x00000000800019B0] -> 0x9E93
mem[X,0x00000000800019B2] -> 0x00AE
[1649] [M]: 0x00000000800019B0 (0x00AE9E93) slli t4, t4, 0xa
x29 <- 0xFBFFFFFF00000000

mem[X,0x00000000800019B4] -> 0x8E93
mem[X,0x00000000800019B6] -> 0x010E
[1650] [M]: 0x00000000800019B4 (0x010E8E93) addi t4, t4, 0x10
x29 <- 0xFBFFFFFF00000010

mem[X,0x00000000800019B8] -> 0x6FBB
mem[X,0x00000000800019BA] -> 0x9BDF
[1651] [M]: 0x00000000800019B8 (0x9BDF6FBB) paas.wx t6, t5, t4
x31 <- 0x0000000B01FFF000

mem[X,0x00000000800019BC] -> 0xB023
mem[X,0x00000000800019BE] -> 0x21F0
[1652] [M]: 0x00000000800019BC (0x21F0B023) sd t6, 0x200(ra)
mem[0x0000000080005408] <- 0x0000000B01FFF000

mem[X,0x00000000800019C0] -> 0x0F37
mem[X,0x00000000800019C2] -> 0x0000
[1653] [M]: 0x00000000800019C0 (0x00000F37) lui t5, 0x0
x30 <- 0x0000000000000000

mem[X,0x00000000800019C4] -> 0x0F13
mem[X,0x00000000800019C6] -> 0xF7FF
[1654] [M]: 0x00000000800019C4 (0xF7FF0F13) addi t5, t5, -0x81
x30 <- 0xFFFFFFFFFFFFFF7F

mem[X,0x00000000800019C8] -> 0x1F13
mem[X,0x00000000800019CA] -> 0x00BF
[1655] [M]: 0x00000000800019C8 (0x00BF1F13) slli t5, t5, 0xb
x30 <- 0xFFFFFFFFFFFBF800

mem[X,0x00000000800019CC] -> 0x0F13
mem[X,0x00000000800019CE] -> 0x7FFF
[1656] [M]: 0x00000000800019CC (0x7FFF0F13) addi t5, t5, 0x7ff
x30 <- 0xFFFFFFFFFFFBFFFF

mem[X,0x00000000800019D0] -> 0x1F13
mem[X,0x00000000800019D2] -> 0x00BF
[1657] [M]: 0x00000000800019D0 (0x00BF1F13) slli t5, t5, 0xb
x30 <- 0xFFFFFFFFDFFFF800

mem[X,0x00000000800019D4] -> 0x0F13
mem[X,0x00000000800019D6] -> 0x7FFF
[1658] [M]: 0x00000000800019D4 (0x7FFF0F13) addi t5, t5, 0x7ff
x30 <- 0xFFFFFFFFDFFFFFFF

mem[X,0x00000000800019D8] -> 0x1F13
mem[X,0x00000000800019DA] -> 0x00AF
[1659] [M]: 0x00000000800019D8 (0x00AF1F13) slli t5, t5, 0xa
x30 <- 0xFFFFFF7FFFFFFC00

mem[X,0x00000000800019DC] -> 0x0F13
mem[X,0x00000000800019DE] -> 0x2FFF
[1660] [M]: 0x00000000800019DC (0x2FFF0F13) addi t5, t5, 0x2ff
x30 <- 0xFFFFFF7FFFFFFEFF

mem[X,0x00000000800019E0] -> 0x0EB7
mem[X,0x00000000800019E2] -> 0x4000
[1661] [M]: 0x00000000800019E0 (0x40000EB7) lui t4, 0x40000
x29 <- 0x0000000040000000

mem[X,0x00000000800019E4] -> 0x8E93
mem[X,0x00000000800019E6] -> 0x001E
[1662] [M]: 0x00000000800019E4 (0x001E8E93) addi t4, t4, 0x1
x29 <- 0x0000000040000001

mem[X,0x00000000800019E8] -> 0x9E93
mem[X,0x00000000800019EA] -> 0x005E
[1663] [M]: 0x00000000800019E8 (0x005E9E93) slli t4, t4, 0x5
x29 <- 0x0000000800000020

mem[X,0x00000000800019EC] -> 0x6FBB
mem[X,0x00000000800019EE] -> 0x9BDF
[1664] [M]: 0x00000000800019EC (0x9BDF6FBB) paas.wx t6, t5, t4
x31 <- 0xFFFFFFCFFFFFFF7B

mem[X,0x00000000800019F0] -> 0xB423
mem[X,0x00000000800019F2] -> 0x21F0
[1665] [M]: 0x00000000800019F0 (0x21F0B423) sd t6, 0x208(ra)
mem[0x0000000080005410] <- 0xFFFFFFCFFFFFFF7B

mem[X,0x00000000800019F4] -> 0x0F37
mem[X,0x00000000800019F6] -> 0x0000
[1666] [M]: 0x00000000800019F4 (0x00000F37) lui t5, 0x0
x30 <- 0x0000000000000000

mem[X,0x00000000800019F8] -> 0x0F13
mem[X,0x00000000800019FA] -> 0x400F
[1667] [M]: 0x00000000800019F8 (0x400F0F13) addi t5, t5, 0x400
x30 <- 0x0000000000000400

mem[X,0x00000000800019FC] -> 0x1F13
mem[X,0x00000000800019FE] -> 0x00BF
[1668] [M]: 0x00000000800019FC (0x00BF1F13) slli t5, t5, 0xb
x30 <- 0x0000000000200000

mem[X,0x0000000080001A00] -> 0x0F13
mem[X,0x0000000080001A02] -> 0x7FEF
[1669] [M]: 0x0000000080001A00 (0x7FEF0F13) addi t5, t5, 0x7fe
x30 <- 0x00000000002007FE

mem[X,0x0000000080001A04] -> 0x1F13
mem[X,0x0000000080001A06] -> 0x00BF
[1670] [M]: 0x0000000080001A04 (0x00BF1F13) slli t5, t5, 0xb
x30 <- 0x00000001003FF000

mem[X,0x0000000080001A08] -> 0x0F13
mem[X,0x0000000080001A0A] -> 0x7FFF
[1671] [M]: 0x0000000080001A08 (0x7FFF0F13) addi t5, t5, 0x7ff
x30 <- 0x00000001003FF7FF

mem[X,0x0000000080001A0C] -> 0x1F13
mem[X,0x0000000080001A0E] -> 0x00AF
[1672] [M]: 0x0000000080001A0C (0x00AF1F13) slli t5, t5, 0xa
x30 <- 0x00000400FFDFFC00

mem[X,0x0000000080001A10] -> 0x0F13
mem[X,0x0000000080001A12] -> 0x3FFF
[1673] [M]: 0x0000000080001A10 (0x3FFF0F13) addi t5, t5, 0x3ff
x30 <- 0x00000400FFDFFFFF

mem[X,0x0000000080001A14] -> 0x0EB7
mem[X,0x0000000080001A16] -> 0x1400
[1674] [M]: 0x0000000080001A14 (0x14000EB7) lui t4, 0x14000
x29 <- 0x0000000014000000

mem[X,0x0000000080001A18] -> 0x8E93
mem[X,0x0000000080001A1A] -> 0x001E
[1675] [M]: 0x0000000080001A18 (0x001E8E93) addi t4, t4, 0x1
x29 <- 0x0000000014000001

mem[X,0x0000000080001A1C] -> 0x9E93
mem[X,0x0000000080001A1E] -> 0x006E
[1676] [M]: 0x0000000080001A1C (0x006E9E93) slli t4, t4, 0x6
x29 <- 0x0000000500000040

mem[X,0x0000000080001A20] -> 0x6FBB
mem[X,0x0000000080001A22] -> 0x9BDF
[1677] [M]: 0x0000000080001A20 (0x9BDF6FBB) paas.wx t6, t5, t4
x31 <- 0x00000220FFEFFFFD

mem[X,0x0000000080001A24] -> 0xB823
mem[X,0x0000000080001A26] -> 0x21F0
[1678] [M]: 0x0000000080001A24 (0x21F0B823) sd t6, 0x210(ra)
mem[0x0000000080005418] <- 0x00000220FFEFFFFD

mem[X,0x0000000080001A28] -> 0x0F13
mem[X,0x0000000080001A2A] -> 0xFFF0
[1679] [M]: 0x0000000080001A28 (0xFFF00F13) addi t5, zero, -0x1
x30 <- 0xFFFFFFFFFFFFFFFF

mem[X,0x0000000080001A2C] -> 0x5F13
mem[X,0x0000000080001A2E] -> 0x020F
[1680] [M]: 0x0000000080001A2C (0x020F5F13) srli t5, t5, 0x20
x30 <- 0x00000000FFFFFFFF

mem[X,0x0000000080001A30] -> 0x1F13
mem[X,0x0000000080001A32] -> 0x002F
[1681] [M]: 0x0000000080001A30 (0x002F1F13) slli t5, t5, 0x2
x30 <- 0x00000003FFFFFFFC

mem[X,0x0000000080001A34] -> 0x0EB7
mem[X,0x0000000080001A36] -> 0xE000
[1682] [M]: 0x0000000080001A34 (0xE0000EB7) lui t4, -0x20000
x29 <- 0xFFFFFFFFE0000000

mem[X,0x0000000080001A38] -> 0x8E93
mem[X,0x0000000080001A3A] -> 0xFFFE
[1683] [M]: 0x0000000080001A38 (0xFFFE8E93) addi t4, t4, -0x1
x29 <- 0xFFFFFFFFDFFFFFFF

mem[X,0x0000000080001A3C] -> 0x9E93
mem[X,0x0000000080001A3E] -> 0x00BE
[1684] [M]: 0x0000000080001A3C (0x00BE9E93) slli t4, t4, 0xb
x29 <- 0xFFFFFEFFFFFFF800

mem[X,0x0000000080001A40] -> 0x8E93
mem[X,0x0000000080001A42] -> 0x000E
[1685] [M]: 0x0000000080001A40 (0x000E8E93) addi t4, t4, 0x0
x29 <- 0xFFFFFEFFFFFFF800

mem[X,0x0000000080001A44] -> 0x9E93
mem[X,0x0000000080001A46] -> 0x00BE
[1686] [M]: 0x0000000080001A44 (0x00BE9E93) slli t4, t4, 0xb
x29 <- 0xFFF7FFFFFFC00000

mem[X,0x0000000080001A48] -> 0x8E93
mem[X,0x0000000080001A4A] -> 0x001E
[1687] [M]: 0x0000000080001A48 (0x001E8E93) addi t4, t4, 0x1
x29 <- 0xFFF7FFFFFFC00001

mem[X,0x0000000080001A4C] -> 0x9E93
mem[X,0x0000000080001A4E] -> 0x00AE
[1688] [M]: 0x0000000080001A4C (0x00AE9E93) slli t4, t4, 0xa
x29 <- 0xDFFFFFFF00000400

mem[X,0x0000000080001A50] -> 0x6FBB
mem[X,0x0000000080001A52] -> 0x9BDF
[1689] [M]: 0x0000000080001A50 (0x9BDF6FBB) paas.wx t6, t5, t4
x31 <- 0x000002010FFFFFFE

mem[X,0x0000000080001A54] -> 0xBC23
mem[X,0x0000000080001A56] -> 0x21F0
[1690] [M]: 0x0000000080001A54 (0x21F0BC23) sd t6, 0x218(ra)
mem[0x0000000080005420] <- 0x000002010FFFFFFE

mem[X,0x0000000080001A58] -> 0x0F37
mem[X,0x0000000080001A5A] -> 0xFFF0
[1691] [M]: 0x0000000080001A58 (0xFFF00F37) lui t5, -0x100
x30 <- 0xFFFFFFFFFFF00000

mem[X,0x0000000080001A5C] -> 0x0F13
mem[X,0x0000000080001A5E] -> 0xFFFF
[1692] [M]: 0x0000000080001A5C (0xFFFF0F13) addi t5, t5, -0x1
x30 <- 0xFFFFFFFFFFEFFFFF

mem[X,0x0000000080001A60] -> 0x1F13
mem[X,0x0000000080001A62] -> 0x00BF
[1693] [M]: 0x0000000080001A60 (0x00BF1F13) slli t5, t5, 0xb
x30 <- 0xFFFFFFFF7FFFF800

mem[X,0x0000000080001A64] -> 0x0F13
mem[X,0x0000000080001A66] -> 0x7FDF
[1694] [M]: 0x0000000080001A64 (0x7FDF0F13) addi t5, t5, 0x7fd
x30 <- 0xFFFFFFFF7FFFFFFD

mem[X,0x0000000080001A68] -> 0x1F13
mem[X,0x0000000080001A6A] -> 0x00BF
[1695] [M]: 0x0000000080001A68 (0x00BF1F13) slli t5, t5, 0xb
x30 <- 0xFFFFFBFFFFFFE800

mem[X,0x0000000080001A6C] -> 0x0F13
mem[X,0x0000000080001A6E] -> 0x7FFF
[1696] [M]: 0x0000000080001A6C (0x7FFF0F13) addi t5, t5, 0x7ff
x30 <- 0xFFFFFBFFFFFFEFFF

mem[X,0x0000000080001A70] -> 0x1F13
mem[X,0x0000000080001A72] -> 0x00AF
[1697] [M]: 0x0000000080001A70 (0x00AF1F13) slli t5, t5, 0xa
x30 <- 0xFFEFFFFFFFBFFC00

mem[X,0x0000000080001A74] -> 0x0F13
mem[X,0x0000000080001A76] -> 0x3FFF
[1698] [M]: 0x0000000080001A74 (0x3FFF0F13) addi t5, t5, 0x3ff
x30 <- 0xFFEFFFFFFFBFFFFF

mem[X,0x0000000080001A78] -> 0x2EB7
mem[X,0x0000000080001A7A] -> 0x0000
[1699] [M]: 0x0000000080001A78 (0x00002EB7) lui t4, 0x2
x29 <- 0x0000000000002000

clint::tick mtime <- 0x0000000000000011
 clint timer pending at mtime 0x0000000000000011
htif::tick 0x0000000000000000
mem[X,0x0000000080001A7C] -> 0x8E93
mem[X,0x0000000080001A7E] -> 0x000E
[1700] [M]: 0x0000000080001A7C (0x000E8E93) addi t4, t4, 0x0
x29 <- 0x0000000000002000

mem[X,0x0000000080001A80] -> 0x9E93
mem[X,0x0000000080001A82] -> 0x00BE
[1701] [M]: 0x0000000080001A80 (0x00BE9E93) slli t4, t4, 0xb
x29 <- 0x0000000001000000

mem[X,0x0000000080001A84] -> 0x8E93
mem[X,0x0000000080001A86] -> 0x000E
[1702] [M]: 0x0000000080001A84 (0x000E8E93) addi t4, t4, 0x0
x29 <- 0x0000000001000000

mem[X,0x0000000080001A88] -> 0x9E93
mem[X,0x0000000080001A8A] -> 0x00BE
[1703] [M]: 0x0000000080001A88 (0x00BE9E93) slli t4, t4, 0xb
x29 <- 0x0000000800000000

mem[X,0x0000000080001A8C] -> 0x8E93
mem[X,0x0000000080001A8E] -> 0x002E
[1704] [M]: 0x0000000080001A8C (0x002E8E93) addi t4, t4, 0x2
x29 <- 0x0000000800000002

mem[X,0x0000000080001A90] -> 0x9E93
mem[X,0x0000000080001A92] -> 0x00AE
[1705] [M]: 0x0000000080001A90 (0x00AE9E93) slli t4, t4, 0xa
x29 <- 0x0000200000000800

mem[X,0x0000000080001A94] -> 0x6FBB
mem[X,0x0000000080001A96] -> 0x9BDF
[1706] [M]: 0x0000000080001A94 (0x9BDF6FBB) paas.wx t6, t5, t4
x31 <- 0xFFF803FFFFDFEFFF

mem[X,0x0000000080001A98] -> 0xB023
mem[X,0x0000000080001A9A] -> 0x23F0
[1707] [M]: 0x0000000080001A98 (0x23F0B023) sd t6, 0x220(ra)
mem[0x0000000080005428] <- 0xFFF803FFFFDFEFFF

mem[X,0x0000000080001A9C] -> 0x0F37
mem[X,0x0000000080001A9E] -> 0x0100
[1708] [M]: 0x0000000080001A9C (0x01000F37) lui t5, 0x1000
x30 <- 0x0000000001000000

mem[X,0x0000000080001AA0] -> 0x0F13
mem[X,0x0000000080001AA2] -> 0x000F
[1709] [M]: 0x0000000080001AA0 (0x000F0F13) addi t5, t5, 0x0
x30 <- 0x0000000001000000

mem[X,0x0000000080001AA4] -> 0x1F13
mem[X,0x0000000080001AA6] -> 0x00BF
[1710] [M]: 0x0000000080001AA4 (0x00BF1F13) slli t5, t5, 0xb
x30 <- 0x0000000800000000

mem[X,0x0000000080001AA8] -> 0x0F13
mem[X,0x0000000080001AAA] -> 0x000F
[1711] [M]: 0x0000000080001AA8 (0x000F0F13) addi t5, t5, 0x0
x30 <- 0x0000000800000000

mem[X,0x0000000080001AAC] -> 0x1F13
mem[X,0x0000000080001AAE] -> 0x00BF
[1712] [M]: 0x0000000080001AAC (0x00BF1F13) slli t5, t5, 0xb
x30 <- 0x0000400000000000

mem[X,0x0000000080001AB0] -> 0x0F13
mem[X,0x0000000080001AB2] -> 0x000F
[1713] [M]: 0x0000000080001AB0 (0x000F0F13) addi t5, t5, 0x0
x30 <- 0x0000400000000000

mem[X,0x0000000080001AB4] -> 0x1F13
mem[X,0x0000000080001AB6] -> 0x00AF
[1714] [M]: 0x0000000080001AB4 (0x00AF1F13) slli t5, t5, 0xa
x30 <- 0x0100000000000000

mem[X,0x0000000080001AB8] -> 0x0F13
mem[X,0x0000000080001ABA] -> 0x010F
[1715] [M]: 0x0000000080001AB8 (0x010F0F13) addi t5, t5, 0x10
x30 <- 0x0100000000000010

mem[X,0x0000000080001ABC] -> 0x8EB7
mem[X,0x0000000080001ABE] -> 0x0000
[1716] [M]: 0x0000000080001ABC (0x00008EB7) lui t4, 0x8
x29 <- 0x0000000000008000

mem[X,0x0000000080001AC0] -> 0x8E93
mem[X,0x0000000080001AC2] -> 0x001E
[1717] [M]: 0x0000000080001AC0 (0x001E8E93) addi t4, t4, 0x1
x29 <- 0x0000000000008001

mem[X,0x0000000080001AC4] -> 0x9E93
mem[X,0x0000000080001AC6] -> 0x011E
[1718] [M]: 0x0000000080001AC4 (0x011E9E93) slli t4, t4, 0x11
x29 <- 0x0000000100020000

mem[X,0x0000000080001AC8] -> 0x6FBB
mem[X,0x0000000080001ACA] -> 0x9BDF
[1719] [M]: 0x0000000080001AC8 (0x9BDF6FBB) paas.wx t6, t5, t4
x31 <- 0x0081000000000007

mem[X,0x0000000080001ACC] -> 0xB423
mem[X,0x0000000080001ACE] -> 0x23F0
[1720] [M]: 0x0000000080001ACC (0x23F0B423) sd t6, 0x228(ra)
mem[0x0000000080005430] <- 0x0081000000000007

mem[X,0x0000000080001AD0] -> 0x0F37
mem[X,0x0000000080001AD2] -> 0xC000
[1721] [M]: 0x0000000080001AD0 (0xC0000F37) lui t5, -0x40000
x30 <- 0xFFFFFFFFC0000000

mem[X,0x0000000080001AD4] -> 0x0F13
mem[X,0x0000000080001AD6] -> 0xFFFF
[1722] [M]: 0x0000000080001AD4 (0xFFFF0F13) addi t5, t5, -0x1
x30 <- 0xFFFFFFFFBFFFFFFF

mem[X,0x0000000080001AD8] -> 0x1F13
mem[X,0x0000000080001ADA] -> 0x00BF
[1723] [M]: 0x0000000080001AD8 (0x00BF1F13) slli t5, t5, 0xb
x30 <- 0xFFFFFDFFFFFFF800

mem[X,0x0000000080001ADC] -> 0x0F13
mem[X,0x0000000080001ADE] -> 0x400F
[1724] [M]: 0x0000000080001ADC (0x400F0F13) addi t5, t5, 0x400
x30 <- 0xFFFFFDFFFFFFFC00

mem[X,0x0000000080001AE0] -> 0x1F13
mem[X,0x0000000080001AE2] -> 0x00BF
[1725] [M]: 0x0000000080001AE0 (0x00BF1F13) slli t5, t5, 0xb
x30 <- 0xFFEFFFFFFFE00000

mem[X,0x0000000080001AE4] -> 0x0F13
mem[X,0x0000000080001AE6] -> 0x000F
[1726] [M]: 0x0000000080001AE4 (0x000F0F13) addi t5, t5, 0x0
x30 <- 0xFFEFFFFFFFE00000

mem[X,0x0000000080001AE8] -> 0x1F13
mem[X,0x0000000080001AEA] -> 0x00AF
[1727] [M]: 0x0000000080001AE8 (0x00AF1F13) slli t5, t5, 0xa
x30 <- 0xBFFFFFFF80000000

mem[X,0x0000000080001AEC] -> 0x0EB7
mem[X,0x0000000080001AEE] -> 0x0000
[1728] [M]: 0x0000000080001AEC (0x00000EB7) lui t4, 0x0
x29 <- 0x0000000000000000

mem[X,0x0000000080001AF0] -> 0x8E93
mem[X,0x0000000080001AF2] -> 0xFFBE
[1729] [M]: 0x0000000080001AF0 (0xFFBE8E93) addi t4, t4, -0x5
x29 <- 0xFFFFFFFFFFFFFFFB

mem[X,0x0000000080001AF4] -> 0x9E93
mem[X,0x0000000080001AF6] -> 0x00BE
[1730] [M]: 0x0000000080001AF4 (0x00BE9E93) slli t4, t4, 0xb
x29 <- 0xFFFFFFFFFFFFD800

mem[X,0x0000000080001AF8] -> 0x8E93
mem[X,0x0000000080001AFA] -> 0x000E
[1731] [M]: 0x0000000080001AF8 (0x000E8E93) addi t4, t4, 0x0
x29 <- 0xFFFFFFFFFFFFD800

mem[X,0x0000000080001AFC] -> 0x9E93
mem[X,0x0000000080001AFE] -> 0x00BE
[1732] [M]: 0x0000000080001AFC (0x00BE9E93) slli t4, t4, 0xb
x29 <- 0xFFFFFFFFFEC00000

mem[X,0x0000000080001B00] -> 0x8E93
mem[X,0x0000000080001B02] -> 0x100E
[1733] [M]: 0x0000000080001B00 (0x100E8E93) addi t4, t4, 0x100
x29 <- 0xFFFFFFFFFEC00100

mem[X,0x0000000080001B04] -> 0x9E93
mem[X,0x0000000080001B06] -> 0x00AE
[1734] [M]: 0x0000000080001B04 (0x00AE9E93) slli t4, t4, 0xa
x29 <- 0xFFFFFFFB00040000

mem[X,0x0000000080001B08] -> 0x6FBB
mem[X,0x0000000080001B0A] -> 0x9BDF
[1735] [M]: 0x0000000080001B08 (0x9BDF6FBB) paas.wx t6, t5, t4
x31 <- 0xE001FFFFC0000002

mem[X,0x0000000080001B0C] -> 0xB823
mem[X,0x0000000080001B0E] -> 0x23F0
[1736] [M]: 0x0000000080001B0C (0x23F0B823) sd t6, 0x230(ra)
mem[0x0000000080005438] <- 0xE001FFFFC0000002

mem[X,0x0000000080001B10] -> 0x0F37
mem[X,0x0000000080001B12] -> 0x0000
[1737] [M]: 0x0000000080001B10 (0x00000F37) lui t5, 0x0
x30 <- 0x0000000000000000

mem[X,0x0000000080001B14] -> 0x0F13
mem[X,0x0000000080001B16] -> 0x006F
[1738] [M]: 0x0000000080001B14 (0x006F0F13) addi t5, t5, 0x6
x30 <- 0x0000000000000006

mem[X,0x0000000080001B18] -> 0x1F13
mem[X,0x0000000080001B1A] -> 0x00BF
[1739] [M]: 0x0000000080001B18 (0x00BF1F13) slli t5, t5, 0xb
x30 <- 0x0000000000003000

mem[X,0x0000000080001B1C] -> 0x0F13
mem[X,0x0000000080001B1E] -> 0x7FFF
[1740] [M]: 0x0000000080001B1C (0x7FFF0F13) addi t5, t5, 0x7ff
x30 <- 0x00000000000037FF

mem[X,0x0000000080001B20] -> 0x1F13
mem[X,0x0000000080001B22] -> 0x00BF
[1741] [M]: 0x0000000080001B20 (0x00BF1F13) slli t5, t5, 0xb
x30 <- 0x0000000001BFF800

mem[X,0x0000000080001B24] -> 0x0F13
mem[X,0x0000000080001B26] -> 0x7FBF
[1742] [M]: 0x0000000080001B24 (0x7FBF0F13) addi t5, t5, 0x7fb
x30 <- 0x0000000001BFFFFB

mem[X,0x0000000080001B28] -> 0x1F13
mem[X,0x0000000080001B2A] -> 0x00AF
[1743] [M]: 0x0000000080001B28 (0x00AF1F13) slli t5, t5, 0xa
x30 <- 0x00000006FFFFEC00

mem[X,0x0000000080001B2C] -> 0x0F13
mem[X,0x0000000080001B2E] -> 0x3FFF
[1744] [M]: 0x0000000080001B2C (0x3FFF0F13) addi t5, t5, 0x3ff
x30 <- 0x00000006FFFFEFFF

mem[X,0x0000000080001B30] -> 0x0E93
mem[X,0x0000000080001B32] -> 0x0710
[1745] [M]: 0x0000000080001B30 (0x07100E93) addi t4, zero, 0x71
x29 <- 0x0000000000000071

mem[X,0x0000000080001B34] -> 0x9E93
mem[X,0x0000000080001B36] -> 0x01CE
[1746] [M]: 0x0000000080001B34 (0x01CE9E93) slli t4, t4, 0x1c
x29 <- 0x0000000710000000

mem[X,0x0000000080001B38] -> 0x6FBB
mem[X,0x0000000080001B3A] -> 0x9BDF
[1747] [M]: 0x0000000080001B38 (0x9BDF6FBB) paas.wx t6, t5, t4
x31 <- 0x08000003FFFFF7FC

mem[X,0x0000000080001B3C] -> 0xBC23
mem[X,0x0000000080001B3E] -> 0x23F0
[1748] [M]: 0x0000000080001B3C (0x23F0BC23) sd t6, 0x238(ra)
mem[0x0000000080005440] <- 0x08000003FFFFF7FC

mem[X,0x0000000080001B40] -> 0x0F37
mem[X,0x0000000080001B42] -> 0x2000
[1749] [M]: 0x0000000080001B40 (0x20000F37) lui t5, 0x20000
x30 <- 0x0000000020000000

mem[X,0x0000000080001B44] -> 0x0F13
mem[X,0x0000000080001B46] -> 0x000F
[1750] [M]: 0x0000000080001B44 (0x000F0F13) addi t5, t5, 0x0
x30 <- 0x0000000020000000

mem[X,0x0000000080001B48] -> 0x1F13
mem[X,0x0000000080001B4A] -> 0x00BF
[1751] [M]: 0x0000000080001B48 (0x00BF1F13) slli t5, t5, 0xb
x30 <- 0x0000010000000000

mem[X,0x0000000080001B4C] -> 0x0F13
mem[X,0x0000000080001B4E] -> 0x000F
[1752] [M]: 0x0000000080001B4C (0x000F0F13) addi t5, t5, 0x0
x30 <- 0x0000010000000000

mem[X,0x0000000080001B50] -> 0x1F13
mem[X,0x0000000080001B52] -> 0x00BF
[1753] [M]: 0x0000000080001B50 (0x00BF1F13) slli t5, t5, 0xb
x30 <- 0x0008000000000000

mem[X,0x0000000080001B54] -> 0x0F13
mem[X,0x0000000080001B56] -> 0x000F
[1754] [M]: 0x0000000080001B54 (0x000F0F13) addi t5, t5, 0x0
x30 <- 0x0008000000000000

mem[X,0x0000000080001B58] -> 0x1F13
mem[X,0x0000000080001B5A] -> 0x00AF
[1755] [M]: 0x0000000080001B58 (0x00AF1F13) slli t5, t5, 0xa
x30 <- 0x2000000000000000

mem[X,0x0000000080001B5C] -> 0x0F13
mem[X,0x0000000080001B5E] -> 0x007F
[1756] [M]: 0x0000000080001B5C (0x007F0F13) addi t5, t5, 0x7
x30 <- 0x2000000000000007

mem[X,0x0000000080001B60] -> 0x0EB7
mem[X,0x0000000080001B62] -> 0xFF00
[1757] [M]: 0x0000000080001B60 (0xFF000EB7) lui t4, -0x1000
x29 <- 0xFFFFFFFFFF000000

mem[X,0x0000000080001B64] -> 0x8E93
mem[X,0x0000000080001B66] -> 0xFFFE
[1758] [M]: 0x0000000080001B64 (0xFFFE8E93) addi t4, t4, -0x1
x29 <- 0xFFFFFFFFFEFFFFFF

mem[X,0x0000000080001B68] -> 0x9E93
mem[X,0x0000000080001B6A] -> 0x00BE
[1759] [M]: 0x0000000080001B68 (0x00BE9E93) slli t4, t4, 0xb
x29 <- 0xFFFFFFF7FFFFF800

mem[X,0x0000000080001B6C] -> 0x8E93
mem[X,0x0000000080001B6E] -> 0x100E
[1760] [M]: 0x0000000080001B6C (0x100E8E93) addi t4, t4, 0x100
x29 <- 0xFFFFFFF7FFFFF900

mem[X,0x0000000080001B70] -> 0x9E93
mem[X,0x0000000080001B72] -> 0x00BE
[1761] [M]: 0x0000000080001B70 (0x00BE9E93) slli t4, t4, 0xb
x29 <- 0xFFFFBFFFFFC80000

mem[X,0x0000000080001B74] -> 0x8E93
mem[X,0x0000000080001B76] -> 0x000E
[1762] [M]: 0x0000000080001B74 (0x000E8E93) addi t4, t4, 0x0
x29 <- 0xFFFFBFFFFFC80000

mem[X,0x0000000080001B78] -> 0x9E93
mem[X,0x0000000080001B7A] -> 0x00AE
[1763] [M]: 0x0000000080001B78 (0x00AE9E93) slli t4, t4, 0xa
x29 <- 0xFEFFFFFF20000000

mem[X,0x0000000080001B7C] -> 0x6FBB
mem[X,0x0000000080001B7E] -> 0x9BDF
[1764] [M]: 0x0000000080001B7C (0x9BDF6FBB) paas.wx t6, t5, t4
x31 <- 0x2000000000800004

mem[X,0x0000000080001B80] -> 0xB023
mem[X,0x0000000080001B82] -> 0x25F0
[1765] [M]: 0x0000000080001B80 (0x25F0B023) sd t6, 0x240(ra)
mem[0x0000000080005448] <- 0x2000000000800004

mem[X,0x0000000080001B84] -> 0x0F37
mem[X,0x0000000080001B86] -> 0x0400
[1766] [M]: 0x0000000080001B84 (0x04000F37) lui t5, 0x4000
x30 <- 0x0000000004000000

mem[X,0x0000000080001B88] -> 0x0F13
mem[X,0x0000000080001B8A] -> 0x000F
[1767] [M]: 0x0000000080001B88 (0x000F0F13) addi t5, t5, 0x0
x30 <- 0x0000000004000000

mem[X,0x0000000080001B8C] -> 0x1F13
mem[X,0x0000000080001B8E] -> 0x00BF
[1768] [M]: 0x0000000080001B8C (0x00BF1F13) slli t5, t5, 0xb
x30 <- 0x0000002000000000

mem[X,0x0000000080001B90] -> 0x0F13
mem[X,0x0000000080001B92] -> 0x7FFF
[1769] [M]: 0x0000000080001B90 (0x7FFF0F13) addi t5, t5, 0x7ff
x30 <- 0x00000020000007FF

mem[X,0x0000000080001B94] -> 0x1F13
mem[X,0x0000000080001B96] -> 0x00BF
[1770] [M]: 0x0000000080001B94 (0x00BF1F13) slli t5, t5, 0xb
x30 <- 0x00010000003FF800

mem[X,0x0000000080001B98] -> 0x0F13
mem[X,0x0000000080001B9A] -> 0x7F7F
[1771] [M]: 0x0000000080001B98 (0x7F7F0F13) addi t5, t5, 0x7f7
x30 <- 0x00010000003FFFF7

mem[X,0x0000000080001B9C] -> 0x1F13
mem[X,0x0000000080001B9E] -> 0x00AF
[1772] [M]: 0x0000000080001B9C (0x00AF1F13) slli t5, t5, 0xa
x30 <- 0x04000000FFFFDC00

mem[X,0x0000000080001BA0] -> 0x0F13
mem[X,0x0000000080001BA2] -> 0x3FFF
[1773] [M]: 0x0000000080001BA0 (0x3FFF0F13) addi t5, t5, 0x3ff
x30 <- 0x04000000FFFFDFFF

mem[X,0x0000000080001BA4] -> 0x0EB7
mem[X,0x0000000080001BA6] -> 0xFFC0
[1774] [M]: 0x0000000080001BA4 (0xFFC00EB7) lui t4, -0x400
x29 <- 0xFFFFFFFFFFC00000

mem[X,0x0000000080001BA8] -> 0x8E93
mem[X,0x0000000080001BAA] -> 0xFFFE
[1775] [M]: 0x0000000080001BA8 (0xFFFE8E93) addi t4, t4, -0x1
x29 <- 0xFFFFFFFFFFBFFFFF

mem[X,0x0000000080001BAC] -> 0x9E93
mem[X,0x0000000080001BAE] -> 0x00BE
[1776] [M]: 0x0000000080001BAC (0x00BE9E93) slli t4, t4, 0xb
x29 <- 0xFFFFFFFDFFFFF800

mem[X,0x0000000080001BB0] -> 0x8E93
mem[X,0x0000000080001BB2] -> 0x7FFE
[1777] [M]: 0x0000000080001BB0 (0x7FFE8E93) addi t4, t4, 0x7ff
x29 <- 0xFFFFFFFDFFFFFFFF

mem[X,0x0000000080001BB4] -> 0x9E93
mem[X,0x0000000080001BB6] -> 0x00BE
[1778] [M]: 0x0000000080001BB4 (0x00BE9E93) slli t4, t4, 0xb
x29 <- 0xFFFFEFFFFFFFF800

mem[X,0x0000000080001BB8] -> 0x8E93
mem[X,0x0000000080001BBA] -> 0x7FFE
[1779] [M]: 0x0000000080001BB8 (0x7FFE8E93) addi t4, t4, 0x7ff
x29 <- 0xFFFFEFFFFFFFFFFF

mem[X,0x0000000080001BBC] -> 0x9E93
mem[X,0x0000000080001BBE] -> 0x00AE
[1780] [M]: 0x0000000080001BBC (0x00AE9E93) slli t4, t4, 0xa
x29 <- 0xFFBFFFFFFFFFFC00

mem[X,0x0000000080001BC0] -> 0x8E93
mem[X,0x0000000080001BC2] -> 0x3FEE
[1781] [M]: 0x0000000080001BC0 (0x3FEE8E93) addi t4, t4, 0x3fe
x29 <- 0xFFBFFFFFFFFFFFFE

mem[X,0x0000000080001BC4] -> 0x6FBB
mem[X,0x0000000080001BC6] -> 0x9BDF
[1782] [M]: 0x0000000080001BC4 (0x9BDF6FBB) paas.wx t6, t5, t4
x31 <- 0x01FFFFFF001FF000

mem[X,0x0000000080001BC8] -> 0xB423
mem[X,0x0000000080001BCA] -> 0x25F0
[1783] [M]: 0x0000000080001BC8 (0x25F0B423) sd t6, 0x248(ra)
mem[0x0000000080005450] <- 0x01FFFFFF001FF000

mem[X,0x0000000080001BCC] -> 0x0F37
mem[X,0x0000000080001BCE] -> 0x0008
[1784] [M]: 0x0000000080001BCC (0x00080F37) lui t5, 0x80
x30 <- 0x0000000000080000

mem[X,0x0000000080001BD0] -> 0x0F13
mem[X,0x0000000080001BD2] -> 0x001F
[1785] [M]: 0x0000000080001BD0 (0x001F0F13) addi t5, t5, 0x1
x30 <- 0x0000000000080001

mem[X,0x0000000080001BD4] -> 0x1F13
mem[X,0x0000000080001BD6] -> 0x00EF
[1786] [M]: 0x0000000080001BD4 (0x00EF1F13) slli t5, t5, 0xe
x30 <- 0x0000000200004000

mem[X,0x0000000080001BD8] -> 0x0EB7
mem[X,0x0000000080001BDA] -> 0x0200
[1787] [M]: 0x0000000080001BD8 (0x02000EB7) lui t4, 0x2000
x29 <- 0x0000000002000000

mem[X,0x0000000080001BDC] -> 0x8E93
mem[X,0x0000000080001BDE] -> 0x000E
[1788] [M]: 0x0000000080001BDC (0x000E8E93) addi t4, t4, 0x0
x29 <- 0x0000000002000000

mem[X,0x0000000080001BE0] -> 0x9E93
mem[X,0x0000000080001BE2] -> 0x00BE
[1789] [M]: 0x0000000080001BE0 (0x00BE9E93) slli t4, t4, 0xb
x29 <- 0x0000001000000000

mem[X,0x0000000080001BE4] -> 0x8E93
mem[X,0x0000000080001BE6] -> 0x7FFE
[1790] [M]: 0x0000000080001BE4 (0x7FFE8E93) addi t4, t4, 0x7ff
x29 <- 0x00000010000007FF

mem[X,0x0000000080001BE8] -> 0x9E93
mem[X,0x0000000080001BEA] -> 0x00BE
[1791] [M]: 0x0000000080001BE8 (0x00BE9E93) slli t4, t4, 0xb
x29 <- 0x00008000003FF800

mem[X,0x0000000080001BEC] -> 0x8E93
mem[X,0x0000000080001BEE] -> 0x7FFE
[1792] [M]: 0x0000000080001BEC (0x7FFE8E93) addi t4, t4, 0x7ff
x29 <- 0x00008000003FFFFF

mem[X,0x0000000080001BF0] -> 0x9E93
mem[X,0x0000000080001BF2] -> 0x00AE
[1793] [M]: 0x0000000080001BF0 (0x00AE9E93) slli t4, t4, 0xa
x29 <- 0x02000000FFFFFC00

mem[X,0x0000000080001BF4] -> 0x8E93
mem[X,0x0000000080001BF6] -> 0x3FDE
[1794] [M]: 0x0000000080001BF4 (0x3FDE8E93) addi t4, t4, 0x3fd
x29 <- 0x02000000FFFFFFFD

mem[X,0x0000000080001BF8] -> 0x6FBB
mem[X,0x0000000080001BFA] -> 0x9BDF
[1795] [M]: 0x0000000080001BF8 (0x9BDF6FBB) paas.wx t6, t5, t4
x31 <- 0xFFFFFFFFFF002000

mem[X,0x0000000080001BFC] -> 0xB823
mem[X,0x0000000080001BFE] -> 0x25F0
[1796] [M]: 0x0000000080001BFC (0x25F0B823) sd t6, 0x250(ra)
mem[0x0000000080005458] <- 0xFFFFFFFFFF002000

mem[X,0x0000000080001C00] -> 0x0F37
mem[X,0x0000000080001C02] -> 0x0000
[1797] [M]: 0x0000000080001C00 (0x00000F37) lui t5, 0x0
x30 <- 0x0000000000000000

mem[X,0x0000000080001C04] -> 0x0F13
mem[X,0x0000000080001C06] -> 0xFF8F
[1798] [M]: 0x0000000080001C04 (0xFF8F0F13) addi t5, t5, -0x8
x30 <- 0xFFFFFFFFFFFFFFF8

mem[X,0x0000000080001C08] -> 0x1F13
mem[X,0x0000000080001C0A] -> 0x00BF
[1799] [M]: 0x0000000080001C08 (0x00BF1F13) slli t5, t5, 0xb
x30 <- 0xFFFFFFFFFFFFC000

clint::tick mtime <- 0x0000000000000012
 clint timer pending at mtime 0x0000000000000012
htif::tick 0x0000000000000000
mem[X,0x0000000080001C0C] -> 0x0F13
mem[X,0x0000000080001C0E] -> 0x7FDF
[1800] [M]: 0x0000000080001C0C (0x7FDF0F13) addi t5, t5, 0x7fd
x30 <- 0xFFFFFFFFFFFFC7FD

mem[X,0x0000000080001C10] -> 0x1F13
mem[X,0x0000000080001C12] -> 0x00BF
[1801] [M]: 0x0000000080001C10 (0x00BF1F13) slli t5, t5, 0xb
x30 <- 0xFFFFFFFFFE3FE800

mem[X,0x0000000080001C14] -> 0x0F13
mem[X,0x0000000080001C16] -> 0x7FFF
[1802] [M]: 0x0000000080001C14 (0x7FFF0F13) addi t5, t5, 0x7ff
x30 <- 0xFFFFFFFFFE3FEFFF

mem[X,0x0000000080001C18] -> 0x1F13
mem[X,0x0000000080001C1A] -> 0x00AF
[1803] [M]: 0x0000000080001C18 (0x00AF1F13) slli t5, t5, 0xa
x30 <- 0xFFFFFFF8FFBFFC00

mem[X,0x0000000080001C1C] -> 0x0F13
mem[X,0x0000000080001C1E] -> 0x3FFF
[1804] [M]: 0x0000000080001C1C (0x3FFF0F13) addi t5, t5, 0x3ff
x30 <- 0xFFFFFFF8FFBFFFFF

mem[X,0x0000000080001C20] -> 0x0EB7
mem[X,0x0000000080001C22] -> 0x0000
[1805] [M]: 0x0000000080001C20 (0x00000EB7) lui t4, 0x0
x29 <- 0x0000000000000000

mem[X,0x0000000080001C24] -> 0x8E93
mem[X,0x0000000080001C26] -> 0x040E
[1806] [M]: 0x0000000080001C24 (0x040E8E93) addi t4, t4, 0x40
x29 <- 0x0000000000000040

mem[X,0x0000000080001C28] -> 0x9E93
mem[X,0x0000000080001C2A] -> 0x00BE
[1807] [M]: 0x0000000080001C28 (0x00BE9E93) slli t4, t4, 0xb
x29 <- 0x0000000000020000

mem[X,0x0000000080001C2C] -> 0x8E93
mem[X,0x0000000080001C2E] -> 0x7FFE
[1808] [M]: 0x0000000080001C2C (0x7FFE8E93) addi t4, t4, 0x7ff
x29 <- 0x00000000000207FF

mem[X,0x0000000080001C30] -> 0x9E93
mem[X,0x0000000080001C32] -> 0x00BE
[1809] [M]: 0x0000000080001C30 (0x00BE9E93) slli t4, t4, 0xb
x29 <- 0x00000000103FF800

mem[X,0x0000000080001C34] -> 0x8E93
mem[X,0x0000000080001C36] -> 0x7FFE
[1810] [M]: 0x0000000080001C34 (0x7FFE8E93) addi t4, t4, 0x7ff
x29 <- 0x00000000103FFFFF

mem[X,0x0000000080001C38] -> 0x9E93
mem[X,0x0000000080001C3A] -> 0x00AE
[1811] [M]: 0x0000000080001C38 (0x00AE9E93) slli t4, t4, 0xa
x29 <- 0x00000040FFFFFC00

mem[X,0x0000000080001C3C] -> 0x8E93
mem[X,0x0000000080001C3E] -> 0x3F7E
[1812] [M]: 0x0000000080001C3C (0x3F7E8E93) addi t4, t4, 0x3f7
x29 <- 0x00000040FFFFFFF7

mem[X,0x0000000080001C40] -> 0x6FBB
mem[X,0x0000000080001C42] -> 0x9BDF
[1813] [M]: 0x0000000080001C40 (0x9BDF6FBB) paas.wx t6, t5, t4
x31 <- 0xFFFFFFF7FFDFFFDF

mem[X,0x0000000080001C44] -> 0xBC23
mem[X,0x0000000080001C46] -> 0x25F0
[1814] [M]: 0x0000000080001C44 (0x25F0BC23) sd t6, 0x258(ra)
mem[0x0000000080005460] <- 0xFFFFFFF7FFDFFFDF

mem[X,0x0000000080001C48] -> 0x1F37
mem[X,0x0000000080001C4A] -> 0x0000
[1815] [M]: 0x0000000080001C48 (0x00001F37) lui t5, 0x1
x30 <- 0x0000000000001000

mem[X,0x0000000080001C4C] -> 0x0F13
mem[X,0x0000000080001C4E] -> 0x000F
[1816] [M]: 0x0000000080001C4C (0x000F0F13) addi t5, t5, 0x0
x30 <- 0x0000000000001000

mem[X,0x0000000080001C50] -> 0x1F13
mem[X,0x0000000080001C52] -> 0x00BF
[1817] [M]: 0x0000000080001C50 (0x00BF1F13) slli t5, t5, 0xb
x30 <- 0x0000000000800000

mem[X,0x0000000080001C54] -> 0x0F13
mem[X,0x0000000080001C56] -> 0x000F
[1818] [M]: 0x0000000080001C54 (0x000F0F13) addi t5, t5, 0x0
x30 <- 0x0000000000800000

mem[X,0x0000000080001C58] -> 0x1F13
mem[X,0x0000000080001C5A] -> 0x00BF
[1819] [M]: 0x0000000080001C58 (0x00BF1F13) slli t5, t5, 0xb
x30 <- 0x0000000400000000

mem[X,0x0000000080001C5C] -> 0x0F13
mem[X,0x0000000080001C5E] -> 0x000F
[1820] [M]: 0x0000000080001C5C (0x000F0F13) addi t5, t5, 0x0
x30 <- 0x0000000400000000

mem[X,0x0000000080001C60] -> 0x1F13
mem[X,0x0000000080001C62] -> 0x00AF
[1821] [M]: 0x0000000080001C60 (0x00AF1F13) slli t5, t5, 0xa
x30 <- 0x0000100000000000

mem[X,0x0000000080001C64] -> 0x0F13
mem[X,0x0000000080001C66] -> 0x005F
[1822] [M]: 0x0000000080001C64 (0x005F0F13) addi t5, t5, 0x5
x30 <- 0x0000100000000005

mem[X,0x0000000080001C68] -> 0x0EB7
mem[X,0x0000000080001C6A] -> 0xF800
[1823] [M]: 0x0000000080001C68 (0xF8000EB7) lui t4, -0x8000
x29 <- 0xFFFFFFFFF8000000

mem[X,0x0000000080001C6C] -> 0x8E93
mem[X,0x0000000080001C6E] -> 0xFFFE
[1824] [M]: 0x0000000080001C6C (0xFFFE8E93) addi t4, t4, -0x1
x29 <- 0xFFFFFFFFF7FFFFFF

mem[X,0x0000000080001C70] -> 0x9E93
mem[X,0x0000000080001C72] -> 0x00BE
[1825] [M]: 0x0000000080001C70 (0x00BE9E93) slli t4, t4, 0xb
x29 <- 0xFFFFFFBFFFFFF800

mem[X,0x0000000080001C74] -> 0x8E93
mem[X,0x0000000080001C76] -> 0x7FFE
[1826] [M]: 0x0000000080001C74 (0x7FFE8E93) addi t4, t4, 0x7ff
x29 <- 0xFFFFFFBFFFFFFFFF

mem[X,0x0000000080001C78] -> 0x9E93
mem[X,0x0000000080001C7A] -> 0x00BE
[1827] [M]: 0x0000000080001C78 (0x00BE9E93) slli t4, t4, 0xb
x29 <- 0xFFFDFFFFFFFFF800

mem[X,0x0000000080001C7C] -> 0x8E93
mem[X,0x0000000080001C7E] -> 0x7FFE
[1828] [M]: 0x0000000080001C7C (0x7FFE8E93) addi t4, t4, 0x7ff
x29 <- 0xFFFDFFFFFFFFFFFF

mem[X,0x0000000080001C80] -> 0x9E93
mem[X,0x0000000080001C82] -> 0x00AE
[1829] [M]: 0x0000000080001C80 (0x00AE9E93) slli t4, t4, 0xa
x29 <- 0xF7FFFFFFFFFFFC00

mem[X,0x0000000080001C84] -> 0x8E93
mem[X,0x0000000080001C86] -> 0x3BFE
[1830] [M]: 0x0000000080001C84 (0x3BFE8E93) addi t4, t4, 0x3bf
x29 <- 0xF7FFFFFFFFFFFFBF

mem[X,0x0000000080001C88] -> 0x6FBB
mem[X,0x0000000080001C8A] -> 0x9BDF
[1831] [M]: 0x0000000080001C88 (0x9BDF6FBB) paas.wx t6, t5, t4
x31 <- 0x000007DF04000003

mem[X,0x0000000080001C8C] -> 0xB023
mem[X,0x0000000080001C8E] -> 0x27F0
[1832] [M]: 0x0000000080001C8C (0x27F0B023) sd t6, 0x260(ra)
mem[0x0000000080005468] <- 0x000007DF04000003

mem[X,0x0000000080001C90] -> 0x0F37
mem[X,0x0000000080001C92] -> 0xF800
[1833] [M]: 0x0000000080001C90 (0xF8000F37) lui t5, -0x8000
x30 <- 0xFFFFFFFFF8000000

mem[X,0x0000000080001C94] -> 0x0F13
mem[X,0x0000000080001C96] -> 0xFFFF
[1834] [M]: 0x0000000080001C94 (0xFFFF0F13) addi t5, t5, -0x1
x30 <- 0xFFFFFFFFF7FFFFFF

mem[X,0x0000000080001C98] -> 0x1F13
mem[X,0x0000000080001C9A] -> 0x00BF
[1835] [M]: 0x0000000080001C98 (0x00BF1F13) slli t5, t5, 0xb
x30 <- 0xFFFFFFBFFFFFF800

mem[X,0x0000000080001C9C] -> 0x0F13
mem[X,0x0000000080001C9E] -> 0x5FFF
[1836] [M]: 0x0000000080001C9C (0x5FFF0F13) addi t5, t5, 0x5ff
x30 <- 0xFFFFFFBFFFFFFDFF

mem[X,0x0000000080001CA0] -> 0x1F13
mem[X,0x0000000080001CA2] -> 0x00BF
[1837] [M]: 0x0000000080001CA0 (0x00BF1F13) slli t5, t5, 0xb
x30 <- 0xFFFDFFFFFFEFF800

mem[X,0x0000000080001CA4] -> 0x0F13
mem[X,0x0000000080001CA6] -> 0x7FFF
[1838] [M]: 0x0000000080001CA4 (0x7FFF0F13) addi t5, t5, 0x7ff
x30 <- 0xFFFDFFFFFFEFFFFF

mem[X,0x0000000080001CA8] -> 0x1F13
mem[X,0x0000000080001CAA] -> 0x00AF
[1839] [M]: 0x0000000080001CA8 (0x00AF1F13) slli t5, t5, 0xa
x30 <- 0xF7FFFFFFBFFFFC00

mem[X,0x0000000080001CAC] -> 0x0F13
mem[X,0x0000000080001CAE] -> 0x3FFF
[1840] [M]: 0x0000000080001CAC (0x3FFF0F13) addi t5, t5, 0x3ff
x30 <- 0xF7FFFFFFBFFFFFFF

mem[X,0x0000000080001CB0] -> 0x0EB7
mem[X,0x0000000080001CB2] -> 0x0000
[1841] [M]: 0x0000000080001CB0 (0x00000EB7) lui t4, 0x0
x29 <- 0x0000000000000000

mem[X,0x0000000080001CB4] -> 0x8E93
mem[X,0x0000000080001CB6] -> 0xFFCE
[1842] [M]: 0x0000000080001CB4 (0xFFCE8E93) addi t4, t4, -0x4
x29 <- 0xFFFFFFFFFFFFFFFC

mem[X,0x0000000080001CB8] -> 0x9E93
mem[X,0x0000000080001CBA] -> 0x00BE
[1843] [M]: 0x0000000080001CB8 (0x00BE9E93) slli t4, t4, 0xb
x29 <- 0xFFFFFFFFFFFFE000

mem[X,0x0000000080001CBC] -> 0x8E93
mem[X,0x0000000080001CBE] -> 0x7FFE
[1844] [M]: 0x0000000080001CBC (0x7FFE8E93) addi t4, t4, 0x7ff
x29 <- 0xFFFFFFFFFFFFE7FF

mem[X,0x0000000080001CC0] -> 0x9E93
mem[X,0x0000000080001CC2] -> 0x00BE
[1845] [M]: 0x0000000080001CC0 (0x00BE9E93) slli t4, t4, 0xb
x29 <- 0xFFFFFFFFFF3FF800

mem[X,0x0000000080001CC4] -> 0x8E93
mem[X,0x0000000080001CC6] -> 0x7FFE
[1846] [M]: 0x0000000080001CC4 (0x7FFE8E93) addi t4, t4, 0x7ff
x29 <- 0xFFFFFFFFFF3FFFFF

mem[X,0x0000000080001CC8] -> 0x9E93
mem[X,0x0000000080001CCA] -> 0x00AE
[1847] [M]: 0x0000000080001CC8 (0x00AE9E93) slli t4, t4, 0xa
x29 <- 0xFFFFFFFCFFFFFC00

mem[X,0x0000000080001CCC] -> 0x8E93
mem[X,0x0000000080001CCE] -> 0x2FFE
[1848] [M]: 0x0000000080001CCC (0x2FFE8E93) addi t4, t4, 0x2ff
x29 <- 0xFFFFFFFCFFFFFEFF

mem[X,0x0000000080001CD0] -> 0x6FBB
mem[X,0x0000000080001CD2] -> 0x9BDF
[1849] [M]: 0x0000000080001CD0 (0x9BDF6FBB) paas.wx t6, t5, t4
x31 <- 0xFBFFFF7FE0000001

mem[X,0x0000000080001CD4] -> 0xB423
mem[X,0x0000000080001CD6] -> 0x27F0
[1850] [M]: 0x0000000080001CD4 (0x27F0B423) sd t6, 0x268(ra)
mem[0x0000000080005470] <- 0xFBFFFF7FE0000001

mem[X,0x0000000080001CD8] -> 0x0F37
mem[X,0x0000000080001CDA] -> 0x0008
[1851] [M]: 0x0000000080001CD8 (0x00080F37) lui t5, 0x80
x30 <- 0x0000000000080000

mem[X,0x0000000080001CDC] -> 0x0F13
mem[X,0x0000000080001CDE] -> 0x000F
[1852] [M]: 0x0000000080001CDC (0x000F0F13) addi t5, t5, 0x0
x30 <- 0x0000000000080000

mem[X,0x0000000080001CE0] -> 0x1F13
mem[X,0x0000000080001CE2] -> 0x00BF
[1853] [M]: 0x0000000080001CE0 (0x00BF1F13) slli t5, t5, 0xb
x30 <- 0x0000000040000000

mem[X,0x0000000080001CE4] -> 0x0F13
mem[X,0x0000000080001CE6] -> 0x7BFF
[1854] [M]: 0x0000000080001CE4 (0x7BFF0F13) addi t5, t5, 0x7bf
x30 <- 0x00000000400007BF

mem[X,0x0000000080001CE8] -> 0x1F13
mem[X,0x0000000080001CEA] -> 0x00BF
[1855] [M]: 0x0000000080001CE8 (0x00BF1F13) slli t5, t5, 0xb
x30 <- 0x00000200003DF800

mem[X,0x0000000080001CEC] -> 0x0F13
mem[X,0x0000000080001CEE] -> 0x7FFF
[1856] [M]: 0x0000000080001CEC (0x7FFF0F13) addi t5, t5, 0x7ff
x30 <- 0x00000200003DFFFF

mem[X,0x0000000080001CF0] -> 0x1F13
mem[X,0x0000000080001CF2] -> 0x00AF
[1857] [M]: 0x0000000080001CF0 (0x00AF1F13) slli t5, t5, 0xa
x30 <- 0x00080000F7FFFC00

mem[X,0x0000000080001CF4] -> 0x0F13
mem[X,0x0000000080001CF6] -> 0x3FFF
[1858] [M]: 0x0000000080001CF4 (0x3FFF0F13) addi t5, t5, 0x3ff
x30 <- 0x00080000F7FFFFFF

mem[X,0x0000000080001CF8] -> 0x0EB7
mem[X,0x0000000080001CFA] -> 0xFFF8
[1859] [M]: 0x0000000080001CF8 (0xFFF80EB7) lui t4, -0x80
x29 <- 0xFFFFFFFFFFF80000

mem[X,0x0000000080001CFC] -> 0x8E93
mem[X,0x0000000080001CFE] -> 0xFFFE
[1860] [M]: 0x0000000080001CFC (0xFFFE8E93) addi t4, t4, -0x1
x29 <- 0xFFFFFFFFFFF7FFFF

mem[X,0x0000000080001D00] -> 0x9E93
mem[X,0x0000000080001D02] -> 0x00BE
[1861] [M]: 0x0000000080001D00 (0x00BE9E93) slli t4, t4, 0xb
x29 <- 0xFFFFFFFFBFFFF800

mem[X,0x0000000080001D04] -> 0x8E93
mem[X,0x0000000080001D06] -> 0x7FFE
[1862] [M]: 0x0000000080001D04 (0x7FFE8E93) addi t4, t4, 0x7ff
x29 <- 0xFFFFFFFFBFFFFFFF

mem[X,0x0000000080001D08] -> 0x9E93
mem[X,0x0000000080001D0A] -> 0x00BE
[1863] [M]: 0x0000000080001D08 (0x00BE9E93) slli t4, t4, 0xb
x29 <- 0xFFFFFDFFFFFFF800

mem[X,0x0000000080001D0C] -> 0x8E93
mem[X,0x0000000080001D0E] -> 0x7FEE
[1864] [M]: 0x0000000080001D0C (0x7FEE8E93) addi t4, t4, 0x7fe
x29 <- 0xFFFFFDFFFFFFFFFE

mem[X,0x0000000080001D10] -> 0x9E93
mem[X,0x0000000080001D12] -> 0x00AE
[1865] [M]: 0x0000000080001D10 (0x00AE9E93) slli t4, t4, 0xa
x29 <- 0xFFF7FFFFFFFFF800

mem[X,0x0000000080001D14] -> 0x8E93
mem[X,0x0000000080001D16] -> 0x3FFE
[1866] [M]: 0x0000000080001D14 (0x3FFE8E93) addi t4, t4, 0x3ff
x29 <- 0xFFF7FFFFFFFFFBFF

mem[X,0x0000000080001D18] -> 0x6FBB
mem[X,0x0000000080001D1A] -> 0x9BDF
[1867] [M]: 0x0000000080001D18 (0x9BDF6FBB) paas.wx t6, t5, t4
x31 <- 0x0003FDFFFC040000

mem[X,0x0000000080001D1C] -> 0xB823
mem[X,0x0000000080001D1E] -> 0x27F0
[1868] [M]: 0x0000000080001D1C (0x27F0B823) sd t6, 0x270(ra)
mem[0x0000000080005478] <- 0x0003FDFFFC040000

mem[X,0x0000000080001D20] -> 0x0F37
mem[X,0x0000000080001D22] -> 0x0400
[1869] [M]: 0x0000000080001D20 (0x04000F37) lui t5, 0x4000
x30 <- 0x0000000004000000

mem[X,0x0000000080001D24] -> 0x0F13
mem[X,0x0000000080001D26] -> 0x000F
[1870] [M]: 0x0000000080001D24 (0x000F0F13) addi t5, t5, 0x0
x30 <- 0x0000000004000000

mem[X,0x0000000080001D28] -> 0x1F13
mem[X,0x0000000080001D2A] -> 0x00BF
[1871] [M]: 0x0000000080001D28 (0x00BF1F13) slli t5, t5, 0xb
x30 <- 0x0000002000000000

mem[X,0x0000000080001D2C] -> 0x0F13
mem[X,0x0000000080001D2E] -> 0x7FFF
[1872] [M]: 0x0000000080001D2C (0x7FFF0F13) addi t5, t5, 0x7ff
x30 <- 0x00000020000007FF

mem[X,0x0000000080001D30] -> 0x1F13
mem[X,0x0000000080001D32] -> 0x00BF
[1873] [M]: 0x0000000080001D30 (0x00BF1F13) slli t5, t5, 0xb
x30 <- 0x00010000003FF800

mem[X,0x0000000080001D34] -> 0x0F13
mem[X,0x0000000080001D36] -> 0x7FFF
[1874] [M]: 0x0000000080001D34 (0x7FFF0F13) addi t5, t5, 0x7ff
x30 <- 0x00010000003FFFFF

mem[X,0x0000000080001D38] -> 0x1F13
mem[X,0x0000000080001D3A] -> 0x00AF
[1875] [M]: 0x0000000080001D38 (0x00AF1F13) slli t5, t5, 0xa
x30 <- 0x04000000FFFFFC00

mem[X,0x0000000080001D3C] -> 0x0F13
mem[X,0x0000000080001D3E] -> 0x3FCF
[1876] [M]: 0x0000000080001D3C (0x3FCF0F13) addi t5, t5, 0x3fc
x30 <- 0x04000000FFFFFFFC

mem[X,0x0000000080001D40] -> 0x0E93
mem[X,0x0000000080001D42] -> 0x0010
[1877] [M]: 0x0000000080001D40 (0x00100E93) addi t4, zero, 0x1
x29 <- 0x0000000000000001

mem[X,0x0000000080001D44] -> 0x9E93
mem[X,0x0000000080001D46] -> 0x015E
[1878] [M]: 0x0000000080001D44 (0x015E9E93) slli t4, t4, 0x15
x29 <- 0x0000000000200000

mem[X,0x0000000080001D48] -> 0xCE93
mem[X,0x0000000080001D4A] -> 0xFFFE
[1879] [M]: 0x0000000080001D48 (0xFFFECE93) xori t4, t4, -0x1
x29 <- 0xFFFFFFFFFFDFFFFF

mem[X,0x0000000080001D4C] -> 0x6FBB
mem[X,0x0000000080001D4E] -> 0x9BDF
[1880] [M]: 0x0000000080001D4C (0x9BDF6FBB) paas.wx t6, t5, t4
x31 <- 0x01EFFFFFFFFFFFFE

mem[X,0x0000000080001D50] -> 0xBC23
mem[X,0x0000000080001D52] -> 0x27F0
[1881] [M]: 0x0000000080001D50 (0x27F0BC23) sd t6, 0x278(ra)
mem[0x0000000080005480] <- 0x01EFFFFFFFFFFFFE

mem[X,0x0000000080001D54] -> 0x0F37
mem[X,0x0000000080001D56] -> 0x0040
[1882] [M]: 0x0000000080001D54 (0x00400F37) lui t5, 0x400
x30 <- 0x0000000000400000

mem[X,0x0000000080001D58] -> 0x0F13
mem[X,0x0000000080001D5A] -> 0x000F
[1883] [M]: 0x0000000080001D58 (0x000F0F13) addi t5, t5, 0x0
x30 <- 0x0000000000400000

mem[X,0x0000000080001D5C] -> 0x1F13
mem[X,0x0000000080001D5E] -> 0x00BF
[1884] [M]: 0x0000000080001D5C (0x00BF1F13) slli t5, t5, 0xb
x30 <- 0x0000000200000000

mem[X,0x0000000080001D60] -> 0x0F13
mem[X,0x0000000080001D62] -> 0x000F
[1885] [M]: 0x0000000080001D60 (0x000F0F13) addi t5, t5, 0x0
x30 <- 0x0000000200000000

mem[X,0x0000000080001D64] -> 0x1F13
mem[X,0x0000000080001D66] -> 0x00BF
[1886] [M]: 0x0000000080001D64 (0x00BF1F13) slli t5, t5, 0xb
x30 <- 0x0000100000000000

mem[X,0x0000000080001D68] -> 0x0F13
mem[X,0x0000000080001D6A] -> 0x000F
[1887] [M]: 0x0000000080001D68 (0x000F0F13) addi t5, t5, 0x0
x30 <- 0x0000100000000000

mem[X,0x0000000080001D6C] -> 0x1F13
mem[X,0x0000000080001D6E] -> 0x00AF
[1888] [M]: 0x0000000080001D6C (0x00AF1F13) slli t5, t5, 0xa
x30 <- 0x0040000000000000

mem[X,0x0000000080001D70] -> 0x0F13
mem[X,0x0000000080001D72] -> 0x005F
[1889] [M]: 0x0000000080001D70 (0x005F0F13) addi t5, t5, 0x5
x30 <- 0x0040000000000005

mem[X,0x0000000080001D74] -> 0x0EB7
mem[X,0x0000000080001D76] -> 0xC000
[1890] [M]: 0x0000000080001D74 (0xC0000EB7) lui t4, -0x40000
x29 <- 0xFFFFFFFFC0000000

mem[X,0x0000000080001D78] -> 0x8E93
mem[X,0x0000000080001D7A] -> 0xFFFE
[1891] [M]: 0x0000000080001D78 (0xFFFE8E93) addi t4, t4, -0x1
x29 <- 0xFFFFFFFFBFFFFFFF

mem[X,0x0000000080001D7C] -> 0x9E93
mem[X,0x0000000080001D7E] -> 0x00BE
[1892] [M]: 0x0000000080001D7C (0x00BE9E93) slli t4, t4, 0xb
x29 <- 0xFFFFFDFFFFFFF800

mem[X,0x0000000080001D80] -> 0x8E93
mem[X,0x0000000080001D82] -> 0x7FBE
[1893] [M]: 0x0000000080001D80 (0x7FBE8E93) addi t4, t4, 0x7fb
x29 <- 0xFFFFFDFFFFFFFFFB

mem[X,0x0000000080001D84] -> 0x9E93
mem[X,0x0000000080001D86] -> 0x00BE
[1894] [M]: 0x0000000080001D84 (0x00BE9E93) slli t4, t4, 0xb
x29 <- 0xFFEFFFFFFFFFD800

mem[X,0x0000000080001D88] -> 0x8E93
mem[X,0x0000000080001D8A] -> 0x7FFE
[1895] [M]: 0x0000000080001D88 (0x7FFE8E93) addi t4, t4, 0x7ff
x29 <- 0xFFEFFFFFFFFFDFFF

mem[X,0x0000000080001D8C] -> 0x9E93
mem[X,0x0000000080001D8E] -> 0x00AE
[1896] [M]: 0x0000000080001D8C (0x00AE9E93) slli t4, t4, 0xa
x29 <- 0xBFFFFFFFFF7FFC00

mem[X,0x0000000080001D90] -> 0x8E93
mem[X,0x0000000080001D92] -> 0x3FFE
[1897] [M]: 0x0000000080001D90 (0x3FFE8E93) addi t4, t4, 0x3ff
x29 <- 0xBFFFFFFFFF7FFFFF

mem[X,0x0000000080001D94] -> 0x6FBB
mem[X,0x0000000080001D96] -> 0x9BDF
[1898] [M]: 0x0000000080001D94 (0x9BDF6FBB) paas.wx t6, t5, t4
x31 <- 0xFFDFFFFF20000003

mem[X,0x0000000080001D98] -> 0xB023
mem[X,0x0000000080001D9A] -> 0x29F0
[1899] [M]: 0x0000000080001D98 (0x29F0B023) sd t6, 0x280(ra)
mem[0x0000000080005488] <- 0xFFDFFFFF20000003

clint::tick mtime <- 0x0000000000000013
 clint timer pending at mtime 0x0000000000000013
htif::tick 0x0000000000000000
mem[X,0x0000000080001D9C] -> 0x0F37
mem[X,0x0000000080001D9E] -> 0x0000
[1900] [M]: 0x0000000080001D9C (0x00000F37) lui t5, 0x0
x30 <- 0x0000000000000000

mem[X,0x0000000080001DA0] -> 0x0F13
mem[X,0x0000000080001DA2] -> 0x008F
[1901] [M]: 0x0000000080001DA0 (0x008F0F13) addi t5, t5, 0x8
x30 <- 0x0000000000000008

mem[X,0x0000000080001DA4] -> 0x1F13
mem[X,0x0000000080001DA6] -> 0x00BF
[1902] [M]: 0x0000000080001DA4 (0x00BF1F13) slli t5, t5, 0xb
x30 <- 0x0000000000004000

mem[X,0x0000000080001DA8] -> 0x0F13
mem[X,0x0000000080001DAA] -> 0x7FFF
[1903] [M]: 0x0000000080001DA8 (0x7FFF0F13) addi t5, t5, 0x7ff
x30 <- 0x00000000000047FF

mem[X,0x0000000080001DAC] -> 0x1F13
mem[X,0x0000000080001DAE] -> 0x00BF
[1904] [M]: 0x0000000080001DAC (0x00BF1F13) slli t5, t5, 0xb
x30 <- 0x00000000023FF800

mem[X,0x0000000080001DB0] -> 0x0F13
mem[X,0x0000000080001DB2] -> 0x7FFF
[1905] [M]: 0x0000000080001DB0 (0x7FFF0F13) addi t5, t5, 0x7ff
x30 <- 0x00000000023FFFFF

mem[X,0x0000000080001DB4] -> 0x1F13
mem[X,0x0000000080001DB6] -> 0x00AF
[1906] [M]: 0x0000000080001DB4 (0x00AF1F13) slli t5, t5, 0xa
x30 <- 0x00000008FFFFFC00

mem[X,0x0000000080001DB8] -> 0x0F13
mem[X,0x0000000080001DBA] -> 0x2FFF
[1907] [M]: 0x0000000080001DB8 (0x2FFF0F13) addi t5, t5, 0x2ff
x30 <- 0x00000008FFFFFEFF

mem[X,0x0000000080001DBC] -> 0x0EB7
mem[X,0x0000000080001DBE] -> 0xFFFF
[1908] [M]: 0x0000000080001DBC (0xFFFF0EB7) lui t4, -0x10
x29 <- 0xFFFFFFFFFFFF0000

mem[X,0x0000000080001DC0] -> 0x8E93
mem[X,0x0000000080001DC2] -> 0xFFFE
[1909] [M]: 0x0000000080001DC0 (0xFFFE8E93) addi t4, t4, -0x1
x29 <- 0xFFFFFFFFFFFEFFFF

mem[X,0x0000000080001DC4] -> 0x9E93
mem[X,0x0000000080001DC6] -> 0x00BE
[1910] [M]: 0x0000000080001DC4 (0x00BE9E93) slli t4, t4, 0xb
x29 <- 0xFFFFFFFFF7FFF800

mem[X,0x0000000080001DC8] -> 0x8E93
mem[X,0x0000000080001DCA] -> 0x6FFE
[1911] [M]: 0x0000000080001DC8 (0x6FFE8E93) addi t4, t4, 0x6ff
x29 <- 0xFFFFFFFFF7FFFEFF

mem[X,0x0000000080001DCC] -> 0x9E93
mem[X,0x0000000080001DCE] -> 0x00BE
[1912] [M]: 0x0000000080001DCC (0x00BE9E93) slli t4, t4, 0xb
x29 <- 0xFFFFFFBFFFF7F800

mem[X,0x0000000080001DD0] -> 0x8E93
mem[X,0x0000000080001DD2] -> 0x7FFE
[1913] [M]: 0x0000000080001DD0 (0x7FFE8E93) addi t4, t4, 0x7ff
x29 <- 0xFFFFFFBFFFF7FFFF

mem[X,0x0000000080001DD4] -> 0x9E93
mem[X,0x0000000080001DD6] -> 0x00AE
[1914] [M]: 0x0000000080001DD4 (0x00AE9E93) slli t4, t4, 0xa
x29 <- 0xFFFEFFFFDFFFFC00

mem[X,0x0000000080001DD8] -> 0x8E93
mem[X,0x0000000080001DDA] -> 0x3FFE
[1915] [M]: 0x0000000080001DD8 (0x3FFE8E93) addi t4, t4, 0x3ff
x29 <- 0xFFFEFFFFDFFFFFFF

mem[X,0x0000000080001DDC] -> 0x6FBB
mem[X,0x0000000080001DDE] -> 0x9BDF
[1916] [M]: 0x0000000080001DDC (0x9BDF6FBB) paas.wx t6, t5, t4
x31 <- 0xF000000300007F80

mem[X,0x0000000080001DE0] -> 0xB423
mem[X,0x0000000080001DE2] -> 0x29F0
[1917] [M]: 0x0000000080001DE0 (0x29F0B423) sd t6, 0x288(ra)
mem[0x0000000080005490] <- 0xF000000300007F80

mem[X,0x0000000080001DE4] -> 0x0F37
mem[X,0x0000000080001DE6] -> 0x0000
[1918] [M]: 0x0000000080001DE4 (0x00000F37) lui t5, 0x0
x30 <- 0x0000000000000000

mem[X,0x0000000080001DE8] -> 0x0F13
mem[X,0x0000000080001DEA] -> 0xF7FF
[1919] [M]: 0x0000000080001DE8 (0xF7FF0F13) addi t5, t5, -0x81
x30 <- 0xFFFFFFFFFFFFFF7F

mem[X,0x0000000080001DEC] -> 0x1F13
mem[X,0x0000000080001DEE] -> 0x00BF
[1920] [M]: 0x0000000080001DEC (0x00BF1F13) slli t5, t5, 0xb
x30 <- 0xFFFFFFFFFFFBF800

mem[X,0x0000000080001DF0] -> 0x0F13
mem[X,0x0000000080001DF2] -> 0x000F
[1921] [M]: 0x0000000080001DF0 (0x000F0F13) addi t5, t5, 0x0
x30 <- 0xFFFFFFFFFFFBF800

mem[X,0x0000000080001DF4] -> 0x1F13
mem[X,0x0000000080001DF6] -> 0x00BF
[1922] [M]: 0x0000000080001DF4 (0x00BF1F13) slli t5, t5, 0xb
x30 <- 0xFFFFFFFFDFC00000

mem[X,0x0000000080001DF8] -> 0x0F13
mem[X,0x0000000080001DFA] -> 0x000F
[1923] [M]: 0x0000000080001DF8 (0x000F0F13) addi t5, t5, 0x0
x30 <- 0xFFFFFFFFDFC00000

mem[X,0x0000000080001DFC] -> 0x1F13
mem[X,0x0000000080001DFE] -> 0x00AF
[1924] [M]: 0x0000000080001DFC (0x00AF1F13) slli t5, t5, 0xa
x30 <- 0xFFFFFF7F00000000

mem[X,0x0000000080001E00] -> 0x0F13
mem[X,0x0000000080001E02] -> 0x005F
[1925] [M]: 0x0000000080001E00 (0x005F0F13) addi t5, t5, 0x5
x30 <- 0xFFFFFF7F00000005

mem[X,0x0000000080001E04] -> 0x0EB7
mem[X,0x0000000080001E06] -> 0x0400
[1926] [M]: 0x0000000080001E04 (0x04000EB7) lui t4, 0x4000
x29 <- 0x0000000004000000

mem[X,0x0000000080001E08] -> 0x8E93
mem[X,0x0000000080001E0A] -> 0x001E
[1927] [M]: 0x0000000080001E08 (0x001E8E93) addi t4, t4, 0x1
x29 <- 0x0000000004000001

mem[X,0x0000000080001E0C] -> 0x9E93
mem[X,0x0000000080001E0E] -> 0x008E
[1928] [M]: 0x0000000080001E0C (0x008E9E93) slli t4, t4, 0x8
x29 <- 0x0000000400000100

mem[X,0x0000000080001E10] -> 0x6FBB
mem[X,0x0000000080001E12] -> 0x9BDF
[1929] [M]: 0x0000000080001E10 (0x9BDF6FBB) paas.wx t6, t5, t4
x31 <- 0x0000003F00000000

mem[X,0x0000000080001E14] -> 0xB823
mem[X,0x0000000080001E16] -> 0x29F0
[1930] [M]: 0x0000000080001E14 (0x29F0B823) sd t6, 0x290(ra)
mem[0x0000000080005498] <- 0x0000003F00000000

mem[X,0x0000000080001E18] -> 0x0F37
mem[X,0x0000000080001E1A] -> 0x0008
[1931] [M]: 0x0000000080001E18 (0x00080F37) lui t5, 0x80
x30 <- 0x0000000000080000

mem[X,0x0000000080001E1C] -> 0x0F13
mem[X,0x0000000080001E1E] -> 0x000F
[1932] [M]: 0x0000000080001E1C (0x000F0F13) addi t5, t5, 0x0
x30 <- 0x0000000000080000

mem[X,0x0000000080001E20] -> 0x1F13
mem[X,0x0000000080001E22] -> 0x00BF
[1933] [M]: 0x0000000080001E20 (0x00BF1F13) slli t5, t5, 0xb
x30 <- 0x0000000040000000

mem[X,0x0000000080001E24] -> 0x0F13
mem[X,0x0000000080001E26] -> 0x7FFF
[1934] [M]: 0x0000000080001E24 (0x7FFF0F13) addi t5, t5, 0x7ff
x30 <- 0x00000000400007FF

mem[X,0x0000000080001E28] -> 0x1F13
mem[X,0x0000000080001E2A] -> 0x00BF
[1935] [M]: 0x0000000080001E28 (0x00BF1F13) slli t5, t5, 0xb
x30 <- 0x00000200003FF800

mem[X,0x0000000080001E2C] -> 0x0F13
mem[X,0x0000000080001E2E] -> 0x7BFF
[1936] [M]: 0x0000000080001E2C (0x7BFF0F13) addi t5, t5, 0x7bf
x30 <- 0x00000200003FFFBF

mem[X,0x0000000080001E30] -> 0x1F13
mem[X,0x0000000080001E32] -> 0x00AF
[1937] [M]: 0x0000000080001E30 (0x00AF1F13) slli t5, t5, 0xa
x30 <- 0x00080000FFFEFC00

mem[X,0x0000000080001E34] -> 0x0F13
mem[X,0x0000000080001E36] -> 0x3FFF
[1938] [M]: 0x0000000080001E34 (0x3FFF0F13) addi t5, t5, 0x3ff
x30 <- 0x00080000FFFEFFFF

mem[X,0x0000000080001E38] -> 0x0E93
mem[X,0x0000000080001E3A] -> 0x0810
[1939] [M]: 0x0000000080001E38 (0x08100E93) addi t4, zero, 0x81
x29 <- 0x0000000000000081

mem[X,0x0000000080001E3C] -> 0x9E93
mem[X,0x0000000080001E3E] -> 0x01EE
[1940] [M]: 0x0000000080001E3C (0x01EE9E93) slli t4, t4, 0x1e
x29 <- 0x0000002040000000

mem[X,0x0000000080001E40] -> 0x6FBB
mem[X,0x0000000080001E42] -> 0x9BDF
[1941] [M]: 0x0000000080001E40 (0x9BDF6FBB) paas.wx t6, t5, t4
x31 <- 0x20040000FFFF7FEF

mem[X,0x0000000080001E44] -> 0xBC23
mem[X,0x0000000080001E46] -> 0x29F0
[1942] [M]: 0x0000000080001E44 (0x29F0BC23) sd t6, 0x298(ra)
mem[0x00000000800054A0] <- 0x20040000FFFF7FEF

mem[X,0x0000000080001E48] -> 0x0F37
mem[X,0x0000000080001E4A] -> 0xC000
[1943] [M]: 0x0000000080001E48 (0xC0000F37) lui t5, -0x40000
x30 <- 0xFFFFFFFFC0000000

mem[X,0x0000000080001E4C] -> 0x0F13
mem[X,0x0000000080001E4E] -> 0xFFFF
[1944] [M]: 0x0000000080001E4C (0xFFFF0F13) addi t5, t5, -0x1
x30 <- 0xFFFFFFFFBFFFFFFF

mem[X,0x0000000080001E50] -> 0x1F13
mem[X,0x0000000080001E52] -> 0x00BF
[1945] [M]: 0x0000000080001E50 (0x00BF1F13) slli t5, t5, 0xb
x30 <- 0xFFFFFDFFFFFFF800

mem[X,0x0000000080001E54] -> 0x0F13
mem[X,0x0000000080001E56] -> 0x000F
[1946] [M]: 0x0000000080001E54 (0x000F0F13) addi t5, t5, 0x0
x30 <- 0xFFFFFDFFFFFFF800

mem[X,0x0000000080001E58] -> 0x1F13
mem[X,0x0000000080001E5A] -> 0x00BF
[1947] [M]: 0x0000000080001E58 (0x00BF1F13) slli t5, t5, 0xb
x30 <- 0xFFEFFFFFFFC00000

mem[X,0x0000000080001E5C] -> 0x0F13
mem[X,0x0000000080001E5E] -> 0x400F
[1948] [M]: 0x0000000080001E5C (0x400F0F13) addi t5, t5, 0x400
x30 <- 0xFFEFFFFFFFC00400

mem[X,0x0000000080001E60] -> 0x1F13
mem[X,0x0000000080001E62] -> 0x00AF
[1949] [M]: 0x0000000080001E60 (0x00AF1F13) slli t5, t5, 0xa
x30 <- 0xBFFFFFFF00100000

mem[X,0x0000000080001E64] -> 0x0EB7
mem[X,0x0000000080001E66] -> 0x0002
[1950] [M]: 0x0000000080001E64 (0x00020EB7) lui t4, 0x20
x29 <- 0x0000000000020000

mem[X,0x0000000080001E68] -> 0x8E93
mem[X,0x0000000080001E6A] -> 0x001E
[1951] [M]: 0x0000000080001E68 (0x001E8E93) addi t4, t4, 0x1
x29 <- 0x0000000000020001

mem[X,0x0000000080001E6C] -> 0x9E93
mem[X,0x0000000080001E6E] -> 0x016E
[1952] [M]: 0x0000000080001E6C (0x016E9E93) slli t4, t4, 0x16
x29 <- 0x0000008000400000

mem[X,0x0000000080001E70] -> 0x6FBB
mem[X,0x0000000080001E72] -> 0x9BDF
[1953] [M]: 0x0000000080001E70 (0x9BDF6FBB) paas.wx t6, t5, t4
x31 <- 0xE01FFFFF0007FFC0

mem[X,0x0000000080001E74] -> 0xB023
mem[X,0x0000000080001E76] -> 0x2BF0
[1954] [M]: 0x0000000080001E74 (0x2BF0B023) sd t6, 0x2a0(ra)
mem[0x00000000800054A8] <- 0xE01FFFFF0007FFC0

mem[X,0x0000000080001E78] -> 0x8F37
mem[X,0x0000000080001E7A] -> 0x0000
[1955] [M]: 0x0000000080001E78 (0x00008F37) lui t5, 0x8
x30 <- 0x0000000000008000

mem[X,0x0000000080001E7C] -> 0x0F13
mem[X,0x0000000080001E7E] -> 0x000F
[1956] [M]: 0x0000000080001E7C (0x000F0F13) addi t5, t5, 0x0
x30 <- 0x0000000000008000

mem[X,0x0000000080001E80] -> 0x1F13
mem[X,0x0000000080001E82] -> 0x00BF
[1957] [M]: 0x0000000080001E80 (0x00BF1F13) slli t5, t5, 0xb
x30 <- 0x0000000004000000

mem[X,0x0000000080001E84] -> 0x0F13
mem[X,0x0000000080001E86] -> 0x000F
[1958] [M]: 0x0000000080001E84 (0x000F0F13) addi t5, t5, 0x0
x30 <- 0x0000000004000000

mem[X,0x0000000080001E88] -> 0x1F13
mem[X,0x0000000080001E8A] -> 0x00BF
[1959] [M]: 0x0000000080001E88 (0x00BF1F13) slli t5, t5, 0xb
x30 <- 0x0000002000000000

mem[X,0x0000000080001E8C] -> 0x0F13
mem[X,0x0000000080001E8E] -> 0x000F
[1960] [M]: 0x0000000080001E8C (0x000F0F13) addi t5, t5, 0x0
x30 <- 0x0000002000000000

mem[X,0x0000000080001E90] -> 0x1F13
mem[X,0x0000000080001E92] -> 0x00AF
[1961] [M]: 0x0000000080001E90 (0x00AF1F13) slli t5, t5, 0xa
x30 <- 0x0000800000000000

mem[X,0x0000000080001E94] -> 0x0F13
mem[X,0x0000000080001E96] -> 0x200F
[1962] [M]: 0x0000000080001E94 (0x200F0F13) addi t5, t5, 0x200
x30 <- 0x0000800000000200

mem[X,0x0000000080001E98] -> 0x0EB7
mem[X,0x0000000080001E9A] -> 0x0000
[1963] [M]: 0x0000000080001E98 (0x00000EB7) lui t4, 0x0
x29 <- 0x0000000000000000

mem[X,0x0000000080001E9C] -> 0x8E93
mem[X,0x0000000080001E9E] -> 0x200E
[1964] [M]: 0x0000000080001E9C (0x200E8E93) addi t4, t4, 0x200
x29 <- 0x0000000000000200

mem[X,0x0000000080001EA0] -> 0x9E93
mem[X,0x0000000080001EA2] -> 0x00BE
[1965] [M]: 0x0000000080001EA0 (0x00BE9E93) slli t4, t4, 0xb
x29 <- 0x0000000000100000

mem[X,0x0000000080001EA4] -> 0x8E93
mem[X,0x0000000080001EA6] -> 0x5FFE
[1966] [M]: 0x0000000080001EA4 (0x5FFE8E93) addi t4, t4, 0x5ff
x29 <- 0x00000000001005FF

mem[X,0x0000000080001EA8] -> 0x9E93
mem[X,0x0000000080001EAA] -> 0x00BE
[1967] [M]: 0x0000000080001EA8 (0x00BE9E93) slli t4, t4, 0xb
x29 <- 0x00000000802FF800

mem[X,0x0000000080001EAC] -> 0x8E93
mem[X,0x0000000080001EAE] -> 0x7FFE
[1968] [M]: 0x0000000080001EAC (0x7FFE8E93) addi t4, t4, 0x7ff
x29 <- 0x00000000802FFFFF

mem[X,0x0000000080001EB0] -> 0x9E93
mem[X,0x0000000080001EB2] -> 0x00AE
[1969] [M]: 0x0000000080001EB0 (0x00AE9E93) slli t4, t4, 0xa
x29 <- 0x00000200BFFFFC00

mem[X,0x0000000080001EB4] -> 0x8E93
mem[X,0x0000000080001EB6] -> 0x3FFE
[1970] [M]: 0x0000000080001EB4 (0x3FFE8E93) addi t4, t4, 0x3ff
x29 <- 0x00000200BFFFFFFF

mem[X,0x0000000080001EB8] -> 0x6FBB
mem[X,0x0000000080001EBA] -> 0x9BDF
[1971] [M]: 0x0000000080001EB8 (0x9BDF6FBB) paas.wx t6, t5, t4
x31 <- 0xE0003FFF00000000

mem[X,0x0000000080001EBC] -> 0xB423
mem[X,0x0000000080001EBE] -> 0x2BF0
[1972] [M]: 0x0000000080001EBC (0x2BF0B423) sd t6, 0x2a8(ra)
mem[0x00000000800054B0] <- 0xE0003FFF00000000

mem[X,0x0000000080001EC0] -> 0x0F37
mem[X,0x0000000080001EC2] -> 0x0000
[1973] [M]: 0x0000000080001EC0 (0x00000F37) lui t5, 0x0
x30 <- 0x0000000000000000

mem[X,0x0000000080001EC4] -> 0x0F13
mem[X,0x0000000080001EC6] -> 0xFDFF
[1974] [M]: 0x0000000080001EC4 (0xFDFF0F13) addi t5, t5, -0x21
x30 <- 0xFFFFFFFFFFFFFFDF

mem[X,0x0000000080001EC8] -> 0x1F13
mem[X,0x0000000080001ECA] -> 0x00BF
[1975] [M]: 0x0000000080001EC8 (0x00BF1F13) slli t5, t5, 0xb
x30 <- 0xFFFFFFFFFFFEF800

mem[X,0x0000000080001ECC] -> 0x0F13
mem[X,0x0000000080001ECE] -> 0x3FFF
[1976] [M]: 0x0000000080001ECC (0x3FFF0F13) addi t5, t5, 0x3ff
x30 <- 0xFFFFFFFFFFFEFBFF

mem[X,0x0000000080001ED0] -> 0x1F13
mem[X,0x0000000080001ED2] -> 0x00BF
[1977] [M]: 0x0000000080001ED0 (0x00BF1F13) slli t5, t5, 0xb
x30 <- 0xFFFFFFFFF7DFF800

mem[X,0x0000000080001ED4] -> 0x0F13
mem[X,0x0000000080001ED6] -> 0x7FFF
[1978] [M]: 0x0000000080001ED4 (0x7FFF0F13) addi t5, t5, 0x7ff
x30 <- 0xFFFFFFFFF7DFFFFF

mem[X,0x0000000080001ED8] -> 0x1F13
mem[X,0x0000000080001EDA] -> 0x00AF
[1979] [M]: 0x0000000080001ED8 (0x00AF1F13) slli t5, t5, 0xa
x30 <- 0xFFFFFFDF7FFFFC00

mem[X,0x0000000080001EDC] -> 0x0F13
mem[X,0x0000000080001EDE] -> 0x3FFF
[1980] [M]: 0x0000000080001EDC (0x3FFF0F13) addi t5, t5, 0x3ff
x30 <- 0xFFFFFFDF7FFFFFFF

mem[X,0x0000000080001EE0] -> 0x0EB7
mem[X,0x0000000080001EE2] -> 0x0100
[1981] [M]: 0x0000000080001EE0 (0x01000EB7) lui t4, 0x1000
x29 <- 0x0000000001000000

mem[X,0x0000000080001EE4] -> 0x8E93
mem[X,0x0000000080001EE6] -> 0x001E
[1982] [M]: 0x0000000080001EE4 (0x001E8E93) addi t4, t4, 0x1
x29 <- 0x0000000001000001

mem[X,0x0000000080001EE8] -> 0x9E93
mem[X,0x0000000080001EEA] -> 0x012E
[1983] [M]: 0x0000000080001EE8 (0x012E9E93) slli t4, t4, 0x12
x29 <- 0x0000040000040000

mem[X,0x0000000080001EEC] -> 0x6FBB
mem[X,0x0000000080001EEE] -> 0x9BDF
[1984] [M]: 0x0000000080001EEC (0x9BDF6FBB) paas.wx t6, t5, t4
x31 <- 0x0001FFEF3FFFFDFF

mem[X,0x0000000080001EF0] -> 0xB823
mem[X,0x0000000080001EF2] -> 0x2BF0
[1985] [M]: 0x0000000080001EF0 (0x2BF0B823) sd t6, 0x2b0(ra)
mem[0x00000000800054B8] <- 0x0001FFEF3FFFFDFF

mem[X,0x0000000080001EF4] -> 0x0F37
mem[X,0x0000000080001EF6] -> 0x0000
[1986] [M]: 0x0000000080001EF4 (0x00000F37) lui t5, 0x0
x30 <- 0x0000000000000000

mem[X,0x0000000080001EF8] -> 0x0F13
mem[X,0x0000000080001EFA] -> 0x002F
[1987] [M]: 0x0000000080001EF8 (0x002F0F13) addi t5, t5, 0x2
x30 <- 0x0000000000000002

mem[X,0x0000000080001EFC] -> 0x1F13
mem[X,0x0000000080001EFE] -> 0x00BF
[1988] [M]: 0x0000000080001EFC (0x00BF1F13) slli t5, t5, 0xb
x30 <- 0x0000000000001000

mem[X,0x0000000080001F00] -> 0x0F13
mem[X,0x0000000080001F02] -> 0x000F
[1989] [M]: 0x0000000080001F00 (0x000F0F13) addi t5, t5, 0x0
x30 <- 0x0000000000001000

mem[X,0x0000000080001F04] -> 0x1F13
mem[X,0x0000000080001F06] -> 0x00BF
[1990] [M]: 0x0000000080001F04 (0x00BF1F13) slli t5, t5, 0xb
x30 <- 0x0000000000800000

mem[X,0x0000000080001F08] -> 0x0F13
mem[X,0x0000000080001F0A] -> 0x000F
[1991] [M]: 0x0000000080001F08 (0x000F0F13) addi t5, t5, 0x0
x30 <- 0x0000000000800000

mem[X,0x0000000080001F0C] -> 0x1F13
mem[X,0x0000000080001F0E] -> 0x00AF
[1992] [M]: 0x0000000080001F0C (0x00AF1F13) slli t5, t5, 0xa
x30 <- 0x0000000200000000

mem[X,0x0000000080001F10] -> 0x0F13
mem[X,0x0000000080001F12] -> 0x002F
[1993] [M]: 0x0000000080001F10 (0x002F0F13) addi t5, t5, 0x2
x30 <- 0x0000000200000002

mem[X,0x0000000080001F14] -> 0x1EB7
mem[X,0x0000000080001F16] -> 0x0000
[1994] [M]: 0x0000000080001F14 (0x00001EB7) lui t4, 0x1
x29 <- 0x0000000000001000

mem[X,0x0000000080001F18] -> 0x8E93
mem[X,0x0000000080001F1A] -> 0x000E
[1995] [M]: 0x0000000080001F18 (0x000E8E93) addi t4, t4, 0x0
x29 <- 0x0000000000001000

mem[X,0x0000000080001F1C] -> 0x9E93
mem[X,0x0000000080001F1E] -> 0x00BE
[1996] [M]: 0x0000000080001F1C (0x00BE9E93) slli t4, t4, 0xb
x29 <- 0x0000000000800000

mem[X,0x0000000080001F20] -> 0x8E93
mem[X,0x0000000080001F22] -> 0x000E
[1997] [M]: 0x0000000080001F20 (0x000E8E93) addi t4, t4, 0x0
x29 <- 0x0000000000800000

mem[X,0x0000000080001F24] -> 0x9E93
mem[X,0x0000000080001F26] -> 0x00BE
[1998] [M]: 0x0000000080001F24 (0x00BE9E93) slli t4, t4, 0xb
x29 <- 0x0000000400000000

mem[X,0x0000000080001F28] -> 0x8E93
mem[X,0x0000000080001F2A] -> 0x000E
[1999] [M]: 0x0000000080001F28 (0x000E8E93) addi t4, t4, 0x0
x29 <- 0x0000000400000000

clint::tick mtime <- 0x0000000000000014
 clint timer pending at mtime 0x0000000000000014
htif::tick 0x0000000000000000
mem[X,0x0000000080001F2C] -> 0x9E93
mem[X,0x0000000080001F2E] -> 0x00AE
[2000] [M]: 0x0000000080001F2C (0x00AE9E93) slli t4, t4, 0xa
x29 <- 0x0000100000000000

mem[X,0x0000000080001F30] -> 0x8E93
mem[X,0x0000000080001F32] -> 0x004E
[2001] [M]: 0x0000000080001F30 (0x004E8E93) addi t4, t4, 0x4
x29 <- 0x0000100000000004

mem[X,0x0000000080001F34] -> 0x6FBB
mem[X,0x0000000080001F36] -> 0x9BDF
[2002] [M]: 0x0000000080001F34 (0x9BDF6FBB) paas.wx t6, t5, t4
x31 <- 0x00000003FFFFF801

mem[X,0x0000000080001F38] -> 0xBC23
mem[X,0x0000000080001F3A] -> 0x2BF0
[2003] [M]: 0x0000000080001F38 (0x2BF0BC23) sd t6, 0x2b8(ra)
mem[0x00000000800054C0] <- 0x00000003FFFFF801

mem[X,0x0000000080001F3C] -> 0x0F37
mem[X,0x0000000080001F3E] -> 0xFFE0
[2004] [M]: 0x0000000080001F3C (0xFFE00F37) lui t5, -0x200
x30 <- 0xFFFFFFFFFFE00000

mem[X,0x0000000080001F40] -> 0x0F13
mem[X,0x0000000080001F42] -> 0xFFFF
[2005] [M]: 0x0000000080001F40 (0xFFFF0F13) addi t5, t5, -0x1
x30 <- 0xFFFFFFFFFFDFFFFF

mem[X,0x0000000080001F44] -> 0x1F13
mem[X,0x0000000080001F46] -> 0x00BF
[2006] [M]: 0x0000000080001F44 (0x00BF1F13) slli t5, t5, 0xb
x30 <- 0xFFFFFFFEFFFFF800

mem[X,0x0000000080001F48] -> 0x0F13
mem[X,0x0000000080001F4A] -> 0x7FDF
[2007] [M]: 0x0000000080001F48 (0x7FDF0F13) addi t5, t5, 0x7fd
x30 <- 0xFFFFFFFEFFFFFFFD

mem[X,0x0000000080001F4C] -> 0x1F13
mem[X,0x0000000080001F4E] -> 0x00BF
[2008] [M]: 0x0000000080001F4C (0x00BF1F13) slli t5, t5, 0xb
x30 <- 0xFFFFF7FFFFFFE800

mem[X,0x0000000080001F50] -> 0x0F13
mem[X,0x0000000080001F52] -> 0x7FFF
[2009] [M]: 0x0000000080001F50 (0x7FFF0F13) addi t5, t5, 0x7ff
x30 <- 0xFFFFF7FFFFFFEFFF

mem[X,0x0000000080001F54] -> 0x1F13
mem[X,0x0000000080001F56] -> 0x00AF
[2010] [M]: 0x0000000080001F54 (0x00AF1F13) slli t5, t5, 0xa
x30 <- 0xFFDFFFFFFFBFFC00

mem[X,0x0000000080001F58] -> 0x0F13
mem[X,0x0000000080001F5A] -> 0x3FFF
[2011] [M]: 0x0000000080001F58 (0x3FFF0F13) addi t5, t5, 0x3ff
x30 <- 0xFFDFFFFFFFBFFFFF

mem[X,0x0000000080001F5C] -> 0x0EB7
mem[X,0x0000000080001F5E] -> 0x0002
[2012] [M]: 0x0000000080001F5C (0x00020EB7) lui t4, 0x20
x29 <- 0x0000000000020000

mem[X,0x0000000080001F60] -> 0x8E93
mem[X,0x0000000080001F62] -> 0x000E
[2013] [M]: 0x0000000080001F60 (0x000E8E93) addi t4, t4, 0x0
x29 <- 0x0000000000020000

mem[X,0x0000000080001F64] -> 0x9E93
mem[X,0x0000000080001F66] -> 0x00BE
[2014] [M]: 0x0000000080001F64 (0x00BE9E93) slli t4, t4, 0xb
x29 <- 0x0000000010000000

mem[X,0x0000000080001F68] -> 0x8E93
mem[X,0x0000000080001F6A] -> 0x000E
[2015] [M]: 0x0000000080001F68 (0x000E8E93) addi t4, t4, 0x0
x29 <- 0x0000000010000000

mem[X,0x0000000080001F6C] -> 0x9E93
mem[X,0x0000000080001F6E] -> 0x00BE
[2016] [M]: 0x0000000080001F6C (0x00BE9E93) slli t4, t4, 0xb
x29 <- 0x0000008000000000

mem[X,0x0000000080001F70] -> 0x8E93
mem[X,0x0000000080001F72] -> 0x000E
[2017] [M]: 0x0000000080001F70 (0x000E8E93) addi t4, t4, 0x0
x29 <- 0x0000008000000000

mem[X,0x0000000080001F74] -> 0x9E93
mem[X,0x0000000080001F76] -> 0x00AE
[2018] [M]: 0x0000000080001F74 (0x00AE9E93) slli t4, t4, 0xa
x29 <- 0x0002000000000000

mem[X,0x0000000080001F78] -> 0x8E93
mem[X,0x0000000080001F7A] -> 0x200E
[2019] [M]: 0x0000000080001F78 (0x200E8E93) addi t4, t4, 0x200
x29 <- 0x0002000000000200

mem[X,0x0000000080001F7C] -> 0x6FBB
mem[X,0x0000000080001F7E] -> 0x9BDF
[2020] [M]: 0x0000000080001F7C (0x9BDF6FBB) paas.wx t6, t5, t4
x31 <- 0xFFF000FFFFDEFFFF

mem[X,0x0000000080001F80] -> 0xB023
mem[X,0x0000000080001F82] -> 0x2DF0
[2021] [M]: 0x0000000080001F80 (0x2DF0B023) sd t6, 0x2c0(ra)
mem[0x00000000800054C8] <- 0xFFF000FFFFDEFFFF

mem[X,0x0000000080001F84] -> 0x0F37
mem[X,0x0000000080001F86] -> 0x0400
[2022] [M]: 0x0000000080001F84 (0x04000F37) lui t5, 0x4000
x30 <- 0x0000000004000000

mem[X,0x0000000080001F88] -> 0x0F13
mem[X,0x0000000080001F8A] -> 0x000F
[2023] [M]: 0x0000000080001F88 (0x000F0F13) addi t5, t5, 0x0
x30 <- 0x0000000004000000

mem[X,0x0000000080001F8C] -> 0x1F13
mem[X,0x0000000080001F8E] -> 0x00BF
[2024] [M]: 0x0000000080001F8C (0x00BF1F13) slli t5, t5, 0xb
x30 <- 0x0000002000000000

mem[X,0x0000000080001F90] -> 0x0F13
mem[X,0x0000000080001F92] -> 0x000F
[2025] [M]: 0x0000000080001F90 (0x000F0F13) addi t5, t5, 0x0
x30 <- 0x0000002000000000

mem[X,0x0000000080001F94] -> 0x1F13
mem[X,0x0000000080001F96] -> 0x00BF
[2026] [M]: 0x0000000080001F94 (0x00BF1F13) slli t5, t5, 0xb
x30 <- 0x0001000000000000

mem[X,0x0000000080001F98] -> 0x0F13
mem[X,0x0000000080001F9A] -> 0x000F
[2027] [M]: 0x0000000080001F98 (0x000F0F13) addi t5, t5, 0x0
x30 <- 0x0001000000000000

mem[X,0x0000000080001F9C] -> 0x1F13
mem[X,0x0000000080001F9E] -> 0x00AF
[2028] [M]: 0x0000000080001F9C (0x00AF1F13) slli t5, t5, 0xa
x30 <- 0x0400000000000000

mem[X,0x0000000080001FA0] -> 0x0F13
mem[X,0x0000000080001FA2] -> 0x001F
[2029] [M]: 0x0000000080001FA0 (0x001F0F13) addi t5, t5, 0x1
x30 <- 0x0400000000000001

mem[X,0x0000000080001FA4] -> 0x0EB7
mem[X,0x0000000080001FA6] -> 0x0008
[2030] [M]: 0x0000000080001FA4 (0x00080EB7) lui t4, 0x80
x29 <- 0x0000000000080000

mem[X,0x0000000080001FA8] -> 0x8E93
mem[X,0x0000000080001FAA] -> 0x000E
[2031] [M]: 0x0000000080001FA8 (0x000E8E93) addi t4, t4, 0x0
x29 <- 0x0000000000080000

mem[X,0x0000000080001FAC] -> 0x9E93
mem[X,0x0000000080001FAE] -> 0x00BE
[2032] [M]: 0x0000000080001FAC (0x00BE9E93) slli t4, t4, 0xb
x29 <- 0x0000000040000000

mem[X,0x0000000080001FB0] -> 0x8E93
mem[X,0x0000000080001FB2] -> 0x000E
[2033] [M]: 0x0000000080001FB0 (0x000E8E93) addi t4, t4, 0x0
x29 <- 0x0000000040000000

mem[X,0x0000000080001FB4] -> 0x9E93
mem[X,0x0000000080001FB6] -> 0x00BE
[2034] [M]: 0x0000000080001FB4 (0x00BE9E93) slli t4, t4, 0xb
x29 <- 0x0000020000000000

mem[X,0x0000000080001FB8] -> 0x8E93
mem[X,0x0000000080001FBA] -> 0x008E
[2035] [M]: 0x0000000080001FB8 (0x008E8E93) addi t4, t4, 0x8
x29 <- 0x0000020000000008

mem[X,0x0000000080001FBC] -> 0x9E93
mem[X,0x0000000080001FBE] -> 0x00AE
[2036] [M]: 0x0000000080001FBC (0x00AE9E93) slli t4, t4, 0xa
x29 <- 0x0008000000002000

mem[X,0x0000000080001FC0] -> 0x6FBB
mem[X,0x0000000080001FC2] -> 0x9BDF
[2037] [M]: 0x0000000080001FC0 (0x9BDF6FBB) paas.wx t6, t5, t4
x31 <- 0x02001000FFFC0000

mem[X,0x0000000080001FC4] -> 0xB423
mem[X,0x0000000080001FC6] -> 0x2DF0
[2038] [M]: 0x0000000080001FC4 (0x2DF0B423) sd t6, 0x2c8(ra)
mem[0x00000000800054D0] <- 0x02001000FFFC0000

mem[X,0x0000000080001FC8] -> 0x0F37
mem[X,0x0000000080001FCA] -> 0x1000
[2039] [M]: 0x0000000080001FC8 (0x10000F37) lui t5, 0x10000
x30 <- 0x0000000010000000

mem[X,0x0000000080001FCC] -> 0x0F13
mem[X,0x0000000080001FCE] -> 0x000F
[2040] [M]: 0x0000000080001FCC (0x000F0F13) addi t5, t5, 0x0
x30 <- 0x0000000010000000

mem[X,0x0000000080001FD0] -> 0x1F13
mem[X,0x0000000080001FD2] -> 0x00BF
[2041] [M]: 0x0000000080001FD0 (0x00BF1F13) slli t5, t5, 0xb
x30 <- 0x0000008000000000

mem[X,0x0000000080001FD4] -> 0x0F13
mem[X,0x0000000080001FD6] -> 0x000F
[2042] [M]: 0x0000000080001FD4 (0x000F0F13) addi t5, t5, 0x0
x30 <- 0x0000008000000000

mem[X,0x0000000080001FD8] -> 0x1F13
mem[X,0x0000000080001FDA] -> 0x00BF
[2043] [M]: 0x0000000080001FD8 (0x00BF1F13) slli t5, t5, 0xb
x30 <- 0x0004000000000000

mem[X,0x0000000080001FDC] -> 0x0F13
mem[X,0x0000000080001FDE] -> 0x000F
[2044] [M]: 0x0000000080001FDC (0x000F0F13) addi t5, t5, 0x0
x30 <- 0x0004000000000000

mem[X,0x0000000080001FE0] -> 0x1F13
mem[X,0x0000000080001FE2] -> 0x00AF
[2045] [M]: 0x0000000080001FE0 (0x00AF1F13) slli t5, t5, 0xa
x30 <- 0x1000000000000000

mem[X,0x0000000080001FE4] -> 0x0F13
mem[X,0x0000000080001FE6] -> 0x020F
[2046] [M]: 0x0000000080001FE4 (0x020F0F13) addi t5, t5, 0x20
x30 <- 0x1000000000000020

mem[X,0x0000000080001FE8] -> 0x0EB7
mem[X,0x0000000080001FEA] -> 0x0000
[2047] [M]: 0x0000000080001FE8 (0x00000EB7) lui t4, 0x0
x29 <- 0x0000000000000000

mem[X,0x0000000080001FEC] -> 0x8E93
mem[X,0x0000000080001FEE] -> 0x004E
[2048] [M]: 0x0000000080001FEC (0x004E8E93) addi t4, t4, 0x4
x29 <- 0x0000000000000004

mem[X,0x0000000080001FF0] -> 0x9E93
mem[X,0x0000000080001FF2] -> 0x00BE
[2049] [M]: 0x0000000080001FF0 (0x00BE9E93) slli t4, t4, 0xb
x29 <- 0x0000000000002000

mem[X,0x0000000080001FF4] -> 0x8E93
mem[X,0x0000000080001FF6] -> 0x7DFE
[2050] [M]: 0x0000000080001FF4 (0x7DFE8E93) addi t4, t4, 0x7df
x29 <- 0x00000000000027DF

mem[X,0x0000000080001FF8] -> 0x9E93
mem[X,0x0000000080001FFA] -> 0x00BE
[2051] [M]: 0x0000000080001FF8 (0x00BE9E93) slli t4, t4, 0xb
x29 <- 0x00000000013EF800

mem[X,0x0000000080001FFC] -> 0x8E93
mem[X,0x0000000080001FFE] -> 0x7FFE
[2052] [M]: 0x0000000080001FFC (0x7FFE8E93) addi t4, t4, 0x7ff
x29 <- 0x00000000013EFFFF

mem[X,0x0000000080002000] -> 0x9E93
mem[X,0x0000000080002002] -> 0x00AE
[2053] [M]: 0x0000000080002000 (0x00AE9E93) slli t4, t4, 0xa
x29 <- 0x00000004FBFFFC00

mem[X,0x0000000080002004] -> 0x8E93
mem[X,0x0000000080002006] -> 0x3FFE
[2054] [M]: 0x0000000080002004 (0x3FFE8E93) addi t4, t4, 0x3ff
x29 <- 0x00000004FBFFFFFF

mem[X,0x0000000080002008] -> 0x6FBB
mem[X,0x000000008000200A] -> 0x9BDF
[2055] [M]: 0x0000000080002008 (0x9BDF6FBB) paas.wx t6, t5, t4
x31 <- 0x05FFFFFF0000000E

mem[X,0x000000008000200C] -> 0xB823
mem[X,0x000000008000200E] -> 0x2DF0
[2056] [M]: 0x000000008000200C (0x2DF0B823) sd t6, 0x2d0(ra)
mem[0x00000000800054D8] <- 0x05FFFFFF0000000E

mem[X,0x0000000080002010] -> 0x0F37
mem[X,0x0000000080002012] -> 0x0002
[2057] [M]: 0x0000000080002010 (0x00020F37) lui t5, 0x20
x30 <- 0x0000000000020000

mem[X,0x0000000080002014] -> 0x0F13
mem[X,0x0000000080002016] -> 0x000F
[2058] [M]: 0x0000000080002014 (0x000F0F13) addi t5, t5, 0x0
x30 <- 0x0000000000020000

mem[X,0x0000000080002018] -> 0x1F13
mem[X,0x000000008000201A] -> 0x00BF
[2059] [M]: 0x0000000080002018 (0x00BF1F13) slli t5, t5, 0xb
x30 <- 0x0000000010000000

mem[X,0x000000008000201C] -> 0x0F13
mem[X,0x000000008000201E] -> 0x000F
[2060] [M]: 0x000000008000201C (0x000F0F13) addi t5, t5, 0x0
x30 <- 0x0000000010000000

mem[X,0x0000000080002020] -> 0x1F13
mem[X,0x0000000080002022] -> 0x00BF
[2061] [M]: 0x0000000080002020 (0x00BF1F13) slli t5, t5, 0xb
x30 <- 0x0000008000000000

mem[X,0x0000000080002024] -> 0x0F13
mem[X,0x0000000080002026] -> 0x000F
[2062] [M]: 0x0000000080002024 (0x000F0F13) addi t5, t5, 0x0
x30 <- 0x0000008000000000

mem[X,0x0000000080002028] -> 0x1F13
mem[X,0x000000008000202A] -> 0x00AF
[2063] [M]: 0x0000000080002028 (0x00AF1F13) slli t5, t5, 0xa
x30 <- 0x0002000000000000

mem[X,0x000000008000202C] -> 0x0F13
mem[X,0x000000008000202E] -> 0x008F
[2064] [M]: 0x000000008000202C (0x008F0F13) addi t5, t5, 0x8
x30 <- 0x0002000000000008

mem[X,0x0000000080002030] -> 0x0EB7
mem[X,0x0000000080002032] -> 0x0020
[2065] [M]: 0x0000000080002030 (0x00200EB7) lui t4, 0x200
x29 <- 0x0000000000200000

mem[X,0x0000000080002034] -> 0x8E93
mem[X,0x0000000080002036] -> 0x000E
[2066] [M]: 0x0000000080002034 (0x000E8E93) addi t4, t4, 0x0
x29 <- 0x0000000000200000

mem[X,0x0000000080002038] -> 0x9E93
mem[X,0x000000008000203A] -> 0x00BE
[2067] [M]: 0x0000000080002038 (0x00BE9E93) slli t4, t4, 0xb
x29 <- 0x0000000100000000

mem[X,0x000000008000203C] -> 0x8E93
mem[X,0x000000008000203E] -> 0x000E
[2068] [M]: 0x000000008000203C (0x000E8E93) addi t4, t4, 0x0
x29 <- 0x0000000100000000

mem[X,0x0000000080002040] -> 0x9E93
mem[X,0x0000000080002042] -> 0x00BE
[2069] [M]: 0x0000000080002040 (0x00BE9E93) slli t4, t4, 0xb
x29 <- 0x0000080000000000

mem[X,0x0000000080002044] -> 0x8E93
mem[X,0x0000000080002046] -> 0x000E
[2070] [M]: 0x0000000080002044 (0x000E8E93) addi t4, t4, 0x0
x29 <- 0x0000080000000000

mem[X,0x0000000080002048] -> 0x9E93
mem[X,0x000000008000204A] -> 0x00AE
[2071] [M]: 0x0000000080002048 (0x00AE9E93) slli t4, t4, 0xa
x29 <- 0x0020000000000000

mem[X,0x000000008000204C] -> 0x8E93
mem[X,0x000000008000204E] -> 0x080E
[2072] [M]: 0x000000008000204C (0x080E8E93) addi t4, t4, 0x80
x29 <- 0x0020000000000080

mem[X,0x0000000080002050] -> 0x6FBB
mem[X,0x0000000080002052] -> 0x9BDF
[2073] [M]: 0x0000000080002050 (0x9BDF6FBB) paas.wx t6, t5, t4
x31 <- 0x00010040FFF00004

mem[X,0x0000000080002054] -> 0xBC23
mem[X,0x0000000080002056] -> 0x2DF0
[2074] [M]: 0x0000000080002054 (0x2DF0BC23) sd t6, 0x2d8(ra)
mem[0x00000000800054E0] <- 0x00010040FFF00004

mem[X,0x0000000080002058] -> 0x0F37
mem[X,0x000000008000205A] -> 0x0000
[2075] [M]: 0x0000000080002058 (0x00000F37) lui t5, 0x0
x30 <- 0x0000000000000000

mem[X,0x000000008000205C] -> 0x0F13
mem[X,0x000000008000205E] -> 0x100F
[2076] [M]: 0x000000008000205C (0x100F0F13) addi t5, t5, 0x100
x30 <- 0x0000000000000100

mem[X,0x0000000080002060] -> 0x1F13
mem[X,0x0000000080002062] -> 0x00BF
[2077] [M]: 0x0000000080002060 (0x00BF1F13) slli t5, t5, 0xb
x30 <- 0x0000000000080000

mem[X,0x0000000080002064] -> 0x0F13
mem[X,0x0000000080002066] -> 0x7FFF
[2078] [M]: 0x0000000080002064 (0x7FFF0F13) addi t5, t5, 0x7ff
x30 <- 0x00000000000807FF

mem[X,0x0000000080002068] -> 0x1F13
mem[X,0x000000008000206A] -> 0x00BF
[2079] [M]: 0x0000000080002068 (0x00BF1F13) slli t5, t5, 0xb
x30 <- 0x00000000403FF800

mem[X,0x000000008000206C] -> 0x0F13
mem[X,0x000000008000206E] -> 0x7FFF
[2080] [M]: 0x000000008000206C (0x7FFF0F13) addi t5, t5, 0x7ff
x30 <- 0x00000000403FFFFF

mem[X,0x0000000080002070] -> 0x1F13
mem[X,0x0000000080002072] -> 0x00AF
[2081] [M]: 0x0000000080002070 (0x00AF1F13) slli t5, t5, 0xa
x30 <- 0x00000100FFFFFC00

mem[X,0x0000000080002074] -> 0x0F13
mem[X,0x0000000080002076] -> 0x3FCF
[2082] [M]: 0x0000000080002074 (0x3FCF0F13) addi t5, t5, 0x3fc
x30 <- 0x00000100FFFFFFFC

mem[X,0x0000000080002078] -> 0x0EB7
mem[X,0x000000008000207A] -> 0x0040
[2083] [M]: 0x0000000080002078 (0x00400EB7) lui t4, 0x400
x29 <- 0x0000000000400000

mem[X,0x000000008000207C] -> 0x8E93
mem[X,0x000000008000207E] -> 0x000E
[2084] [M]: 0x000000008000207C (0x000E8E93) addi t4, t4, 0x0
x29 <- 0x0000000000400000

mem[X,0x0000000080002080] -> 0x9E93
mem[X,0x0000000080002082] -> 0x00BE
[2085] [M]: 0x0000000080002080 (0x00BE9E93) slli t4, t4, 0xb
x29 <- 0x0000000200000000

mem[X,0x0000000080002084] -> 0x8E93
mem[X,0x0000000080002086] -> 0x000E
[2086] [M]: 0x0000000080002084 (0x000E8E93) addi t4, t4, 0x0
x29 <- 0x0000000200000000

mem[X,0x0000000080002088] -> 0x9E93
mem[X,0x000000008000208A] -> 0x00BE
[2087] [M]: 0x0000000080002088 (0x00BE9E93) slli t4, t4, 0xb
x29 <- 0x0000100000000000

mem[X,0x000000008000208C] -> 0x8E93
mem[X,0x000000008000208E] -> 0x000E
[2088] [M]: 0x000000008000208C (0x000E8E93) addi t4, t4, 0x0
x29 <- 0x0000100000000000

mem[X,0x0000000080002090] -> 0x9E93
mem[X,0x0000000080002092] -> 0x00AE
[2089] [M]: 0x0000000080002090 (0x00AE9E93) slli t4, t4, 0xa
x29 <- 0x0040000000000000

mem[X,0x0000000080002094] -> 0x8E93
mem[X,0x0000000080002096] -> 0x003E
[2090] [M]: 0x0000000080002094 (0x003E8E93) addi t4, t4, 0x3
x29 <- 0x0040000000000003

mem[X,0x0000000080002098] -> 0x6FBB
mem[X,0x000000008000209A] -> 0x9BDF
[2091] [M]: 0x0000000080002098 (0x9BDF6FBB) paas.wx t6, t5, t4
x31 <- 0x00000081FFDFFFFE

mem[X,0x000000008000209C] -> 0xB023
mem[X,0x000000008000209E] -> 0x2FF0
[2092] [M]: 0x000000008000209C (0x2FF0B023) sd t6, 0x2e0(ra)
mem[0x00000000800054E8] <- 0x00000081FFDFFFFE

mem[X,0x00000000800020A0] -> 0x0F37
mem[X,0x00000000800020A2] -> 0x0000
[2093] [M]: 0x00000000800020A0 (0x00000F37) lui t5, 0x0
x30 <- 0x0000000000000000

mem[X,0x00000000800020A4] -> 0x0F13
mem[X,0x00000000800020A6] -> 0xFFEF
[2094] [M]: 0x00000000800020A4 (0xFFEF0F13) addi t5, t5, -0x2
x30 <- 0xFFFFFFFFFFFFFFFE

mem[X,0x00000000800020A8] -> 0x1F13
mem[X,0x00000000800020AA] -> 0x00BF
[2095] [M]: 0x00000000800020A8 (0x00BF1F13) slli t5, t5, 0xb
x30 <- 0xFFFFFFFFFFFFF000

mem[X,0x00000000800020AC] -> 0x0F13
mem[X,0x00000000800020AE] -> 0x600F
[2096] [M]: 0x00000000800020AC (0x600F0F13) addi t5, t5, 0x600
x30 <- 0xFFFFFFFFFFFFF600

mem[X,0x00000000800020B0] -> 0x1F13
mem[X,0x00000000800020B2] -> 0x00BF
[2097] [M]: 0x00000000800020B0 (0x00BF1F13) slli t5, t5, 0xb
x30 <- 0xFFFFFFFFFFB00000

mem[X,0x00000000800020B4] -> 0x0F13
mem[X,0x00000000800020B6] -> 0x000F
[2098] [M]: 0x00000000800020B4 (0x000F0F13) addi t5, t5, 0x0
x30 <- 0xFFFFFFFFFFB00000

mem[X,0x00000000800020B8] -> 0x1F13
mem[X,0x00000000800020BA] -> 0x00AF
[2099] [M]: 0x00000000800020B8 (0x00AF1F13) slli t5, t5, 0xa
x30 <- 0xFFFFFFFEC0000000

clint::tick mtime <- 0x0000000000000015
 clint timer pending at mtime 0x0000000000000015
htif::tick 0x0000000000000000
mem[X,0x00000000800020BC] -> 0x0EB7
mem[X,0x00000000800020BE] -> 0x0000
[2100] [M]: 0x00000000800020BC (0x00000EB7) lui t4, 0x0
x29 <- 0x0000000000000000

mem[X,0x00000000800020C0] -> 0x8E93
mem[X,0x00000000800020C2] -> 0xFF7E
[2101] [M]: 0x00000000800020C0 (0xFF7E8E93) addi t4, t4, -0x9
x29 <- 0xFFFFFFFFFFFFFFF7

mem[X,0x00000000800020C4] -> 0x9E93
mem[X,0x00000000800020C6] -> 0x00BE
[2102] [M]: 0x00000000800020C4 (0x00BE9E93) slli t4, t4, 0xb
x29 <- 0xFFFFFFFFFFFFB800

mem[X,0x00000000800020C8] -> 0x8E93
mem[X,0x00000000800020CA] -> 0x7FDE
[2103] [M]: 0x00000000800020C8 (0x7FDE8E93) addi t4, t4, 0x7fd
x29 <- 0xFFFFFFFFFFFFBFFD

mem[X,0x00000000800020CC] -> 0x9E93
mem[X,0x00000000800020CE] -> 0x00BE
[2104] [M]: 0x00000000800020CC (0x00BE9E93) slli t4, t4, 0xb
x29 <- 0xFFFFFFFFFDFFE800

mem[X,0x00000000800020D0] -> 0x8E93
mem[X,0x00000000800020D2] -> 0x7FFE
[2105] [M]: 0x00000000800020D0 (0x7FFE8E93) addi t4, t4, 0x7ff
x29 <- 0xFFFFFFFFFDFFEFFF

mem[X,0x00000000800020D4] -> 0x9E93
mem[X,0x00000000800020D6] -> 0x00AE
[2106] [M]: 0x00000000800020D4 (0x00AE9E93) slli t4, t4, 0xa
x29 <- 0xFFFFFFF7FFBFFC00

mem[X,0x00000000800020D8] -> 0x8E93
mem[X,0x00000000800020DA] -> 0x3FFE
[2107] [M]: 0x00000000800020D8 (0x3FFE8E93) addi t4, t4, 0x3ff
x29 <- 0xFFFFFFF7FFBFFFFF

mem[X,0x00000000800020DC] -> 0x6FBB
mem[X,0x00000000800020DE] -> 0x9BDF
[2108] [M]: 0x00000000800020DC (0x9BDF6FBB) paas.wx t6, t5, t4
x31 <- 0xFFDFFFFEE0000004

mem[X,0x00000000800020E0] -> 0xB423
mem[X,0x00000000800020E2] -> 0x2FF0
[2109] [M]: 0x00000000800020E0 (0x2FF0B423) sd t6, 0x2e8(ra)
mem[0x00000000800054F0] <- 0xFFDFFFFEE0000004

mem[X,0x00000000800020E4] -> 0x0F37
mem[X,0x00000000800020E6] -> 0x0000
[2110] [M]: 0x00000000800020E4 (0x00000F37) lui t5, 0x0
x30 <- 0x0000000000000000

mem[X,0x00000000800020E8] -> 0x0F13
mem[X,0x00000000800020EA] -> 0xFF7F
[2111] [M]: 0x00000000800020E8 (0xFF7F0F13) addi t5, t5, -0x9
x30 <- 0xFFFFFFFFFFFFFFF7

mem[X,0x00000000800020EC] -> 0x1F13
mem[X,0x00000000800020EE] -> 0x00BF
[2112] [M]: 0x00000000800020EC (0x00BF1F13) slli t5, t5, 0xb
x30 <- 0xFFFFFFFFFFFFB800

mem[X,0x00000000800020F0] -> 0x0F13
mem[X,0x00000000800020F2] -> 0x3FFF
[2113] [M]: 0x00000000800020F0 (0x3FFF0F13) addi t5, t5, 0x3ff
x30 <- 0xFFFFFFFFFFFFBBFF

mem[X,0x00000000800020F4] -> 0x1F13
mem[X,0x00000000800020F6] -> 0x00BF
[2114] [M]: 0x00000000800020F4 (0x00BF1F13) slli t5, t5, 0xb
x30 <- 0xFFFFFFFFFDDFF800

mem[X,0x00000000800020F8] -> 0x0F13
mem[X,0x00000000800020FA] -> 0x7FFF
[2115] [M]: 0x00000000800020F8 (0x7FFF0F13) addi t5, t5, 0x7ff
x30 <- 0xFFFFFFFFFDDFFFFF

mem[X,0x00000000800020FC] -> 0x1F13
mem[X,0x00000000800020FE] -> 0x00AF
[2116] [M]: 0x00000000800020FC (0x00AF1F13) slli t5, t5, 0xa
x30 <- 0xFFFFFFF77FFFFC00

mem[X,0x0000000080002100] -> 0x0F13
mem[X,0x0000000080002102] -> 0x3FFF
[2117] [M]: 0x0000000080002100 (0x3FFF0F13) addi t5, t5, 0x3ff
x30 <- 0xFFFFFFF77FFFFFFF

mem[X,0x0000000080002104] -> 0x0E93
mem[X,0x0000000080002106] -> 0x0010
[2118] [M]: 0x0000000080002104 (0x00100E93) addi t4, zero, 0x1
x29 <- 0x0000000000000001

mem[X,0x0000000080002108] -> 0x6FBB
mem[X,0x000000008000210A] -> 0x9BDF
[2119] [M]: 0x0000000080002108 (0x9BDF6FBB) paas.wx t6, t5, t4
x31 <- 0xFFFFFFFC3FFFFFFF

mem[X,0x000000008000210C] -> 0xB823
mem[X,0x000000008000210E] -> 0x2FF0
[2120] [M]: 0x000000008000210C (0x2FF0B823) sd t6, 0x2f0(ra)
mem[0x00000000800054F8] <- 0xFFFFFFFC3FFFFFFF

mem[X,0x0000000080002110] -> 0x0F37
mem[X,0x0000000080002112] -> 0xFFE0
[2121] [M]: 0x0000000080002110 (0xFFE00F37) lui t5, -0x200
x30 <- 0xFFFFFFFFFFE00000

mem[X,0x0000000080002114] -> 0x0F13
mem[X,0x0000000080002116] -> 0xFFFF
[2122] [M]: 0x0000000080002114 (0xFFFF0F13) addi t5, t5, -0x1
x30 <- 0xFFFFFFFFFFDFFFFF

mem[X,0x0000000080002118] -> 0x1F13
mem[X,0x000000008000211A] -> 0x00BF
[2123] [M]: 0x0000000080002118 (0x00BF1F13) slli t5, t5, 0xb
x30 <- 0xFFFFFFFEFFFFF800

mem[X,0x000000008000211C] -> 0x0F13
mem[X,0x000000008000211E] -> 0x100F
[2124] [M]: 0x000000008000211C (0x100F0F13) addi t5, t5, 0x100
x30 <- 0xFFFFFFFEFFFFF900

mem[X,0x0000000080002120] -> 0x1F13
mem[X,0x0000000080002122] -> 0x00BF
[2125] [M]: 0x0000000080002120 (0x00BF1F13) slli t5, t5, 0xb
x30 <- 0xFFFFF7FFFFC80000

mem[X,0x0000000080002124] -> 0x0F13
mem[X,0x0000000080002126] -> 0x000F
[2126] [M]: 0x0000000080002124 (0x000F0F13) addi t5, t5, 0x0
x30 <- 0xFFFFF7FFFFC80000

mem[X,0x0000000080002128] -> 0x1F13
mem[X,0x000000008000212A] -> 0x00AF
[2127] [M]: 0x0000000080002128 (0x00AF1F13) slli t5, t5, 0xa
x30 <- 0xFFDFFFFF20000000

mem[X,0x000000008000212C] -> 0x0EB7
mem[X,0x000000008000212E] -> 0x1000
[2128] [M]: 0x000000008000212C (0x10000EB7) lui t4, 0x10000
x29 <- 0x0000000010000000

mem[X,0x0000000080002130] -> 0x8E93
mem[X,0x0000000080002132] -> 0x000E
[2129] [M]: 0x0000000080002130 (0x000E8E93) addi t4, t4, 0x0
x29 <- 0x0000000010000000

mem[X,0x0000000080002134] -> 0x9E93
mem[X,0x0000000080002136] -> 0x00BE
[2130] [M]: 0x0000000080002134 (0x00BE9E93) slli t4, t4, 0xb
x29 <- 0x0000008000000000

mem[X,0x0000000080002138] -> 0x8E93
mem[X,0x000000008000213A] -> 0x7FFE
[2131] [M]: 0x0000000080002138 (0x7FFE8E93) addi t4, t4, 0x7ff
x29 <- 0x00000080000007FF

mem[X,0x000000008000213C] -> 0x9E93
mem[X,0x000000008000213E] -> 0x00BE
[2132] [M]: 0x000000008000213C (0x00BE9E93) slli t4, t4, 0xb
x29 <- 0x00040000003FF800

mem[X,0x0000000080002140] -> 0x8E93
mem[X,0x0000000080002142] -> 0x7BFE
[2133] [M]: 0x0000000080002140 (0x7BFE8E93) addi t4, t4, 0x7bf
x29 <- 0x00040000003FFFBF

mem[X,0x0000000080002144] -> 0x9E93
mem[X,0x0000000080002146] -> 0x00AE
[2134] [M]: 0x0000000080002144 (0x00AE9E93) slli t4, t4, 0xa
x29 <- 0x10000000FFFEFC00

mem[X,0x0000000080002148] -> 0x8E93
mem[X,0x000000008000214A] -> 0x3FFE
[2135] [M]: 0x0000000080002148 (0x3FFE8E93) addi t4, t4, 0x3ff
x29 <- 0x10000000FFFEFFFF

mem[X,0x000000008000214C] -> 0x6FBB
mem[X,0x000000008000214E] -> 0x9BDF
[2136] [M]: 0x000000008000214C (0x9BDF6FBB) paas.wx t6, t5, t4
x31 <- 0xFFEF7FFF08000000

mem[X,0x0000000080002150] -> 0xBC23
mem[X,0x0000000080002152] -> 0x2FF0
[2137] [M]: 0x0000000080002150 (0x2FF0BC23) sd t6, 0x2f8(ra)
mem[0x0000000080005500] <- 0xFFEF7FFF08000000

mem[X,0x0000000080002154] -> 0x0F37
mem[X,0x0000000080002156] -> 0x0000
[2138] [M]: 0x0000000080002154 (0x00000F37) lui t5, 0x0
x30 <- 0x0000000000000000

mem[X,0x0000000080002158] -> 0x0F13
mem[X,0x000000008000215A] -> 0xEFFF
[2139] [M]: 0x0000000080002158 (0xEFFF0F13) addi t5, t5, -0x101
x30 <- 0xFFFFFFFFFFFFFEFF

mem[X,0x000000008000215C] -> 0x1F13
mem[X,0x000000008000215E] -> 0x00BF
[2140] [M]: 0x000000008000215C (0x00BF1F13) slli t5, t5, 0xb
x30 <- 0xFFFFFFFFFFF7F800

mem[X,0x0000000080002160] -> 0x0F13
mem[X,0x0000000080002162] -> 0x7FFF
[2141] [M]: 0x0000000080002160 (0x7FFF0F13) addi t5, t5, 0x7ff
x30 <- 0xFFFFFFFFFFF7FFFF

mem[X,0x0000000080002164] -> 0x1F13
mem[X,0x0000000080002166] -> 0x00BF
[2142] [M]: 0x0000000080002164 (0x00BF1F13) slli t5, t5, 0xb
x30 <- 0xFFFFFFFFBFFFF800

mem[X,0x0000000080002168] -> 0x0F13
mem[X,0x000000008000216A] -> 0x7FFF
[2143] [M]: 0x0000000080002168 (0x7FFF0F13) addi t5, t5, 0x7ff
x30 <- 0xFFFFFFFFBFFFFFFF

mem[X,0x000000008000216C] -> 0x1F13
mem[X,0x000000008000216E] -> 0x00AF
[2144] [M]: 0x000000008000216C (0x00AF1F13) slli t5, t5, 0xa
x30 <- 0xFFFFFEFFFFFFFC00

mem[X,0x0000000080002170] -> 0x0F13
mem[X,0x0000000080002172] -> 0x3FBF
[2145] [M]: 0x0000000080002170 (0x3FBF0F13) addi t5, t5, 0x3fb
x30 <- 0xFFFFFEFFFFFFFFFB

mem[X,0x0000000080002174] -> 0x0EB7
mem[X,0x0000000080002176] -> 0x0010
[2146] [M]: 0x0000000080002174 (0x00100EB7) lui t4, 0x100
x29 <- 0x0000000000100000

mem[X,0x0000000080002178] -> 0x8E93
mem[X,0x000000008000217A] -> 0x000E
[2147] [M]: 0x0000000080002178 (0x000E8E93) addi t4, t4, 0x0
x29 <- 0x0000000000100000

mem[X,0x000000008000217C] -> 0x9E93
mem[X,0x000000008000217E] -> 0x00BE
[2148] [M]: 0x000000008000217C (0x00BE9E93) slli t4, t4, 0xb
x29 <- 0x0000000080000000

mem[X,0x0000000080002180] -> 0x8E93
mem[X,0x0000000080002182] -> 0x7FFE
[2149] [M]: 0x0000000080002180 (0x7FFE8E93) addi t4, t4, 0x7ff
x29 <- 0x00000000800007FF

mem[X,0x0000000080002184] -> 0x9E93
mem[X,0x0000000080002186] -> 0x00BE
[2150] [M]: 0x0000000080002184 (0x00BE9E93) slli t4, t4, 0xb
x29 <- 0x00000400003FF800

mem[X,0x0000000080002188] -> 0x8E93
mem[X,0x000000008000218A] -> 0x5FFE
[2151] [M]: 0x0000000080002188 (0x5FFE8E93) addi t4, t4, 0x5ff
x29 <- 0x00000400003FFDFF

mem[X,0x000000008000218C] -> 0x9E93
mem[X,0x000000008000218E] -> 0x00AE
[2152] [M]: 0x000000008000218C (0x00AE9E93) slli t4, t4, 0xa
x29 <- 0x00100000FFF7FC00

mem[X,0x0000000080002190] -> 0x8E93
mem[X,0x0000000080002192] -> 0x3FFE
[2153] [M]: 0x0000000080002190 (0x3FFE8E93) addi t4, t4, 0x3ff
x29 <- 0x00100000FFF7FFFF

mem[X,0x0000000080002194] -> 0x6FBB
mem[X,0x0000000080002196] -> 0x9BDF
[2154] [M]: 0x0000000080002194 (0x9BDF6FBB) paas.wx t6, t5, t4
x31 <- 0xFFFBFF7FFFF7FFFD

mem[X,0x0000000080002198] -> 0xB023
mem[X,0x000000008000219A] -> 0x31F0
[2155] [M]: 0x0000000080002198 (0x31F0B023) sd t6, 0x300(ra)
mem[0x0000000080005508] <- 0xFFFBFF7FFFF7FFFD

mem[X,0x000000008000219C] -> 0x0F37
mem[X,0x000000008000219E] -> 0x0000
[2156] [M]: 0x000000008000219C (0x00000F37) lui t5, 0x0
x30 <- 0x0000000000000000

mem[X,0x00000000800021A0] -> 0x0F13
mem[X,0x00000000800021A2] -> 0xFFFF
[2157] [M]: 0x00000000800021A0 (0xFFFF0F13) addi t5, t5, -0x1
x30 <- 0xFFFFFFFFFFFFFFFF

mem[X,0x00000000800021A4] -> 0x1F13
mem[X,0x00000000800021A6] -> 0x00BF
[2158] [M]: 0x00000000800021A4 (0x00BF1F13) slli t5, t5, 0xb
x30 <- 0xFFFFFFFFFFFFF800

mem[X,0x00000000800021A8] -> 0x0F13
mem[X,0x00000000800021AA] -> 0x000F
[2159] [M]: 0x00000000800021A8 (0x000F0F13) addi t5, t5, 0x0
x30 <- 0xFFFFFFFFFFFFF800

mem[X,0x00000000800021AC] -> 0x1F13
mem[X,0x00000000800021AE] -> 0x00BF
[2160] [M]: 0x00000000800021AC (0x00BF1F13) slli t5, t5, 0xb
x30 <- 0xFFFFFFFFFFC00000

mem[X,0x00000000800021B0] -> 0x0F13
mem[X,0x00000000800021B2] -> 0x400F
[2161] [M]: 0x00000000800021B0 (0x400F0F13) addi t5, t5, 0x400
x30 <- 0xFFFFFFFFFFC00400

mem[X,0x00000000800021B4] -> 0x1F13
mem[X,0x00000000800021B6] -> 0x00AF
[2162] [M]: 0x00000000800021B4 (0x00AF1F13) slli t5, t5, 0xa
x30 <- 0xFFFFFFFF00100000

mem[X,0x00000000800021B8] -> 0x0EB7
mem[X,0x00000000800021BA] -> 0x0000
[2163] [M]: 0x00000000800021B8 (0x00000EB7) lui t4, 0x0
x29 <- 0x0000000000000000

mem[X,0x00000000800021BC] -> 0x8E93
mem[X,0x00000000800021BE] -> 0xFFEE
[2164] [M]: 0x00000000800021BC (0xFFEE8E93) addi t4, t4, -0x2
x29 <- 0xFFFFFFFFFFFFFFFE

mem[X,0x00000000800021C0] -> 0x9E93
mem[X,0x00000000800021C2] -> 0x00BE
[2165] [M]: 0x00000000800021C0 (0x00BE9E93) slli t4, t4, 0xb
x29 <- 0xFFFFFFFFFFFFF000

mem[X,0x00000000800021C4] -> 0x8E93
mem[X,0x00000000800021C6] -> 0x000E
[2166] [M]: 0x00000000800021C4 (0x000E8E93) addi t4, t4, 0x0
x29 <- 0xFFFFFFFFFFFFF000

mem[X,0x00000000800021C8] -> 0x9E93
mem[X,0x00000000800021CA] -> 0x00BE
[2167] [M]: 0x00000000800021C8 (0x00BE9E93) slli t4, t4, 0xb
x29 <- 0xFFFFFFFFFF800000

mem[X,0x00000000800021CC] -> 0x8E93
mem[X,0x00000000800021CE] -> 0x000E
[2168] [M]: 0x00000000800021CC (0x000E8E93) addi t4, t4, 0x0
x29 <- 0xFFFFFFFFFF800000

mem[X,0x00000000800021D0] -> 0x9E93
mem[X,0x00000000800021D2] -> 0x00AE
[2169] [M]: 0x00000000800021D0 (0x00AE9E93) slli t4, t4, 0xa
x29 <- 0xFFFFFFFE00000000

mem[X,0x00000000800021D4] -> 0x8E93
mem[X,0x00000000800021D6] -> 0x005E
[2170] [M]: 0x00000000800021D4 (0x005E8E93) addi t4, t4, 0x5
x29 <- 0xFFFFFFFE00000005

mem[X,0x00000000800021D8] -> 0x6FBB
mem[X,0x00000000800021DA] -> 0x9BDF
[2171] [M]: 0x00000000800021D8 (0x9BDF6FBB) paas.wx t6, t5, t4
x31 <- 0x0000000200080001

mem[X,0x00000000800021DC] -> 0xB423
mem[X,0x00000000800021DE] -> 0x31F0
[2172] [M]: 0x00000000800021DC (0x31F0B423) sd t6, 0x308(ra)
mem[0x0000000080005510] <- 0x0000000200080001

mem[X,0x00000000800021E0] -> 0x0F37
mem[X,0x00000000800021E2] -> 0x0100
[2173] [M]: 0x00000000800021E0 (0x01000F37) lui t5, 0x1000
x30 <- 0x0000000001000000

mem[X,0x00000000800021E4] -> 0x0F13
mem[X,0x00000000800021E6] -> 0x001F
[2174] [M]: 0x00000000800021E4 (0x001F0F13) addi t5, t5, 0x1
x30 <- 0x0000000001000001

mem[X,0x00000000800021E8] -> 0x1F13
mem[X,0x00000000800021EA] -> 0x018F
[2175] [M]: 0x00000000800021E8 (0x018F1F13) slli t5, t5, 0x18
x30 <- 0x0001000001000000

mem[X,0x00000000800021EC] -> 0x0EB7
mem[X,0x00000000800021EE] -> 0x0000
[2176] [M]: 0x00000000800021EC (0x00000EB7) lui t4, 0x0
x29 <- 0x0000000000000000

mem[X,0x00000000800021F0] -> 0x8E93
mem[X,0x00000000800021F2] -> 0xFFDE
[2177] [M]: 0x00000000800021F0 (0xFFDE8E93) addi t4, t4, -0x3
x29 <- 0xFFFFFFFFFFFFFFFD

mem[X,0x00000000800021F4] -> 0x9E93
mem[X,0x00000000800021F6] -> 0x00BE
[2178] [M]: 0x00000000800021F4 (0x00BE9E93) slli t4, t4, 0xb
x29 <- 0xFFFFFFFFFFFFE800

mem[X,0x00000000800021F8] -> 0x8E93
mem[X,0x00000000800021FA] -> 0x000E
[2179] [M]: 0x00000000800021F8 (0x000E8E93) addi t4, t4, 0x0
x29 <- 0xFFFFFFFFFFFFE800

mem[X,0x00000000800021FC] -> 0x9E93
mem[X,0x00000000800021FE] -> 0x00BE
[2180] [M]: 0x00000000800021FC (0x00BE9E93) slli t4, t4, 0xb
x29 <- 0xFFFFFFFFFF400000

mem[X,0x0000000080002200] -> 0x8E93
mem[X,0x0000000080002202] -> 0x000E
[2181] [M]: 0x0000000080002200 (0x000E8E93) addi t4, t4, 0x0
x29 <- 0xFFFFFFFFFF400000

mem[X,0x0000000080002204] -> 0x9E93
mem[X,0x0000000080002206] -> 0x00AE
[2182] [M]: 0x0000000080002204 (0x00AE9E93) slli t4, t4, 0xa
x29 <- 0xFFFFFFFD00000000

mem[X,0x0000000080002208] -> 0x8E93
mem[X,0x000000008000220A] -> 0x001E
[2183] [M]: 0x0000000080002208 (0x001E8E93) addi t4, t4, 0x1
x29 <- 0xFFFFFFFD00000001

mem[X,0x000000008000220C] -> 0x6FBB
mem[X,0x000000008000220E] -> 0x9BDF
[2184] [M]: 0x000000008000220C (0x9BDF6FBB) paas.wx t6, t5, t4
x31 <- 0x0000800000800001

mem[X,0x0000000080002210] -> 0xB823
mem[X,0x0000000080002212] -> 0x31F0
[2185] [M]: 0x0000000080002210 (0x31F0B823) sd t6, 0x310(ra)
mem[0x0000000080005518] <- 0x0000800000800001

mem[X,0x0000000080002214] -> 0xFF37
mem[X,0x0000000080002216] -> 0xFFFF
[2186] [M]: 0x0000000080002214 (0xFFFFFF37) lui t5, -0x1
x30 <- 0xFFFFFFFFFFFFF000

mem[X,0x0000000080002218] -> 0x0F13
mem[X,0x000000008000221A] -> 0x7FFF
[2187] [M]: 0x0000000080002218 (0x7FFF0F13) addi t5, t5, 0x7ff
x30 <- 0xFFFFFFFFFFFFF7FF

mem[X,0x000000008000221C] -> 0x1F13
mem[X,0x000000008000221E] -> 0x00BF
[2188] [M]: 0x000000008000221C (0x00BF1F13) slli t5, t5, 0xb
x30 <- 0xFFFFFFFFFFBFF800

mem[X,0x0000000080002220] -> 0x0F13
mem[X,0x0000000080002222] -> 0x000F
[2189] [M]: 0x0000000080002220 (0x000F0F13) addi t5, t5, 0x0
x30 <- 0xFFFFFFFFFFBFF800

mem[X,0x0000000080002224] -> 0x1F13
mem[X,0x0000000080002226] -> 0x00BF
[2190] [M]: 0x0000000080002224 (0x00BF1F13) slli t5, t5, 0xb
x30 <- 0xFFFFFFFDFFC00000

mem[X,0x0000000080002228] -> 0x0F13
mem[X,0x000000008000222A] -> 0x000F
[2191] [M]: 0x0000000080002228 (0x000F0F13) addi t5, t5, 0x0
x30 <- 0xFFFFFFFDFFC00000

mem[X,0x000000008000222C] -> 0x1F13
mem[X,0x000000008000222E] -> 0x00AF
[2192] [M]: 0x000000008000222C (0x00AF1F13) slli t5, t5, 0xa
x30 <- 0xFFFFF7FF00000000

mem[X,0x0000000080002230] -> 0x0F13
mem[X,0x0000000080002232] -> 0x001F
[2193] [M]: 0x0000000080002230 (0x001F0F13) addi t5, t5, 0x1
x30 <- 0xFFFFF7FF00000001

mem[X,0x0000000080002234] -> 0x0EB7
mem[X,0x0000000080002236] -> 0xE000
[2194] [M]: 0x0000000080002234 (0xE0000EB7) lui t4, -0x20000
x29 <- 0xFFFFFFFFE0000000

mem[X,0x0000000080002238] -> 0x8E93
mem[X,0x000000008000223A] -> 0xFFFE
[2195] [M]: 0x0000000080002238 (0xFFFE8E93) addi t4, t4, -0x1
x29 <- 0xFFFFFFFFDFFFFFFF

mem[X,0x000000008000223C] -> 0x9E93
mem[X,0x000000008000223E] -> 0x00BE
[2196] [M]: 0x000000008000223C (0x00BE9E93) slli t4, t4, 0xb
x29 <- 0xFFFFFEFFFFFFF800

mem[X,0x0000000080002240] -> 0x8E93
mem[X,0x0000000080002242] -> 0x040E
[2197] [M]: 0x0000000080002240 (0x040E8E93) addi t4, t4, 0x40
x29 <- 0xFFFFFEFFFFFFF840

mem[X,0x0000000080002244] -> 0x9E93
mem[X,0x0000000080002246] -> 0x00BE
[2198] [M]: 0x0000000080002244 (0x00BE9E93) slli t4, t4, 0xb
x29 <- 0xFFF7FFFFFFC20000

mem[X,0x0000000080002248] -> 0x8E93
mem[X,0x000000008000224A] -> 0x000E
[2199] [M]: 0x0000000080002248 (0x000E8E93) addi t4, t4, 0x0
x29 <- 0xFFF7FFFFFFC20000

clint::tick mtime <- 0x0000000000000016
 clint timer pending at mtime 0x0000000000000016
htif::tick 0x0000000000000000
mem[X,0x000000008000224C] -> 0x9E93
mem[X,0x000000008000224E] -> 0x00AE
[2200] [M]: 0x000000008000224C (0x00AE9E93) slli t4, t4, 0xa
x29 <- 0xDFFFFFFF08000000

mem[X,0x0000000080002250] -> 0x6FBB
mem[X,0x0000000080002252] -> 0x9BDF
[2201] [M]: 0x0000000080002250 (0x9BDF6FBB) paas.wx t6, t5, t4
x31 <- 0x03FFFBFF10000001

mem[X,0x0000000080002254] -> 0xBC23
mem[X,0x0000000080002256] -> 0x31F0
[2202] [M]: 0x0000000080002254 (0x31F0BC23) sd t6, 0x318(ra)
mem[0x0000000080005520] <- 0x03FFFBFF10000001

mem[X,0x0000000080002258] -> 0xEF37
mem[X,0x000000008000225A] -> 0xFFFF
[2203] [M]: 0x0000000080002258 (0xFFFFEF37) lui t5, -0x2
x30 <- 0xFFFFFFFFFFFFE000

mem[X,0x000000008000225C] -> 0x0F13
mem[X,0x000000008000225E] -> 0xFFFF
[2204] [M]: 0x000000008000225C (0xFFFF0F13) addi t5, t5, -0x1
x30 <- 0xFFFFFFFFFFFFDFFF

mem[X,0x0000000080002260] -> 0x1F13
mem[X,0x0000000080002262] -> 0x00BF
[2205] [M]: 0x0000000080002260 (0x00BF1F13) slli t5, t5, 0xb
x30 <- 0xFFFFFFFFFEFFF800

mem[X,0x0000000080002264] -> 0x0F13
mem[X,0x0000000080002266] -> 0x7FFF
[2206] [M]: 0x0000000080002264 (0x7FFF0F13) addi t5, t5, 0x7ff
x30 <- 0xFFFFFFFFFEFFFFFF

mem[X,0x0000000080002268] -> 0x1F13
mem[X,0x000000008000226A] -> 0x00BF
[2207] [M]: 0x0000000080002268 (0x00BF1F13) slli t5, t5, 0xb
x30 <- 0xFFFFFFF7FFFFF800

mem[X,0x000000008000226C] -> 0x0F13
mem[X,0x000000008000226E] -> 0x7FBF
[2208] [M]: 0x000000008000226C (0x7FBF0F13) addi t5, t5, 0x7fb
x30 <- 0xFFFFFFF7FFFFFFFB

mem[X,0x0000000080002270] -> 0x1F13
mem[X,0x0000000080002272] -> 0x00AF
[2209] [M]: 0x0000000080002270 (0x00AF1F13) slli t5, t5, 0xa
x30 <- 0xFFFFDFFFFFFFEC00

mem[X,0x0000000080002274] -> 0x0F13
mem[X,0x0000000080002276] -> 0x3FFF
[2210] [M]: 0x0000000080002274 (0x3FFF0F13) addi t5, t5, 0x3ff
x30 <- 0xFFFFDFFFFFFFEFFF

mem[X,0x0000000080002278] -> 0x0EB7
mem[X,0x000000008000227A] -> 0xFFF8
[2211] [M]: 0x0000000080002278 (0xFFF80EB7) lui t4, -0x80
x29 <- 0xFFFFFFFFFFF80000

mem[X,0x000000008000227C] -> 0x8E93
mem[X,0x000000008000227E] -> 0xFFFE
[2212] [M]: 0x000000008000227C (0xFFFE8E93) addi t4, t4, -0x1
x29 <- 0xFFFFFFFFFFF7FFFF

mem[X,0x0000000080002280] -> 0x9E93
mem[X,0x0000000080002282] -> 0x00BE
[2213] [M]: 0x0000000080002280 (0x00BE9E93) slli t4, t4, 0xb
x29 <- 0xFFFFFFFFBFFFF800

mem[X,0x0000000080002284] -> 0x8E93
mem[X,0x0000000080002286] -> 0x000E
[2214] [M]: 0x0000000080002284 (0x000E8E93) addi t4, t4, 0x0
x29 <- 0xFFFFFFFFBFFFF800

mem[X,0x0000000080002288] -> 0x9E93
mem[X,0x000000008000228A] -> 0x00BE
[2215] [M]: 0x0000000080002288 (0x00BE9E93) slli t4, t4, 0xb
x29 <- 0xFFFFFDFFFFC00000

mem[X,0x000000008000228C] -> 0x8E93
mem[X,0x000000008000228E] -> 0x400E
[2216] [M]: 0x000000008000228C (0x400E8E93) addi t4, t4, 0x400
x29 <- 0xFFFFFDFFFFC00400

mem[X,0x0000000080002290] -> 0x9E93
mem[X,0x0000000080002292] -> 0x00AE
[2217] [M]: 0x0000000080002290 (0x00AE9E93) slli t4, t4, 0xa
x29 <- 0xFFF7FFFF00100000

mem[X,0x0000000080002294] -> 0x6FBB
mem[X,0x0000000080002296] -> 0x9BDF
[2218] [M]: 0x0000000080002294 (0x9BDF6FBB) paas.wx t6, t5, t4
x31 <- 0x0007EFFF0003F800

mem[X,0x0000000080002298] -> 0xB023
mem[X,0x000000008000229A] -> 0x33F0
[2219] [M]: 0x0000000080002298 (0x33F0B023) sd t6, 0x320(ra)
mem[0x0000000080005528] <- 0x0007EFFF0003F800

mem[X,0x000000008000229C] -> 0xCF37
mem[X,0x000000008000229E] -> 0xFFFF
[2220] [M]: 0x000000008000229C (0xFFFFCF37) lui t5, -0x4
x30 <- 0xFFFFFFFFFFFFC000

mem[X,0x00000000800022A0] -> 0x0F13
mem[X,0x00000000800022A2] -> 0xFFFF
[2221] [M]: 0x00000000800022A0 (0xFFFF0F13) addi t5, t5, -0x1
x30 <- 0xFFFFFFFFFFFFBFFF

mem[X,0x00000000800022A4] -> 0x1F13
mem[X,0x00000000800022A6] -> 0x00BF
[2222] [M]: 0x00000000800022A4 (0x00BF1F13) slli t5, t5, 0xb
x30 <- 0xFFFFFFFFFDFFF800

mem[X,0x00000000800022A8] -> 0x0F13
mem[X,0x00000000800022AA] -> 0x000F
[2223] [M]: 0x00000000800022A8 (0x000F0F13) addi t5, t5, 0x0
x30 <- 0xFFFFFFFFFDFFF800

mem[X,0x00000000800022AC] -> 0x1F13
mem[X,0x00000000800022AE] -> 0x00BF
[2224] [M]: 0x00000000800022AC (0x00BF1F13) slli t5, t5, 0xb
x30 <- 0xFFFFFFEFFFC00000

mem[X,0x00000000800022B0] -> 0x0F13
mem[X,0x00000000800022B2] -> 0x000F
[2225] [M]: 0x00000000800022B0 (0x000F0F13) addi t5, t5, 0x0
x30 <- 0xFFFFFFEFFFC00000

mem[X,0x00000000800022B4] -> 0x1F13
mem[X,0x00000000800022B6] -> 0x00AF
[2226] [M]: 0x00000000800022B4 (0x00AF1F13) slli t5, t5, 0xa
x30 <- 0xFFFFBFFF00000000

mem[X,0x00000000800022B8] -> 0x0F13
mem[X,0x00000000800022BA] -> 0x004F
[2227] [M]: 0x00000000800022B8 (0x004F0F13) addi t5, t5, 0x4
x30 <- 0xFFFFBFFF00000004

mem[X,0x00000000800022BC] -> 0x0EB7
mem[X,0x00000000800022BE] -> 0x0000
[2228] [M]: 0x00000000800022BC (0x00000EB7) lui t4, 0x0
x29 <- 0x0000000000000000

mem[X,0x00000000800022C0] -> 0x8E93
mem[X,0x00000000800022C2] -> 0xFFEE
[2229] [M]: 0x00000000800022C0 (0xFFEE8E93) addi t4, t4, -0x2
x29 <- 0xFFFFFFFFFFFFFFFE

mem[X,0x00000000800022C4] -> 0x9E93
mem[X,0x00000000800022C6] -> 0x00BE
[2230] [M]: 0x00000000800022C4 (0x00BE9E93) slli t4, t4, 0xb
x29 <- 0xFFFFFFFFFFFFF000

mem[X,0x00000000800022C8] -> 0x8E93
mem[X,0x00000000800022CA] -> 0x7FFE
[2231] [M]: 0x00000000800022C8 (0x7FFE8E93) addi t4, t4, 0x7ff
x29 <- 0xFFFFFFFFFFFFF7FF

mem[X,0x00000000800022CC] -> 0x9E93
mem[X,0x00000000800022CE] -> 0x00BE
[2232] [M]: 0x00000000800022CC (0x00BE9E93) slli t4, t4, 0xb
x29 <- 0xFFFFFFFFFFBFF800

mem[X,0x00000000800022D0] -> 0x8E93
mem[X,0x00000000800022D2] -> 0x7FFE
[2233] [M]: 0x00000000800022D0 (0x7FFE8E93) addi t4, t4, 0x7ff
x29 <- 0xFFFFFFFFFFBFFFFF

mem[X,0x00000000800022D4] -> 0x9E93
mem[X,0x00000000800022D6] -> 0x00AE
[2234] [M]: 0x00000000800022D4 (0x00AE9E93) slli t4, t4, 0xa
x29 <- 0xFFFFFFFEFFFFFC00

mem[X,0x00000000800022D8] -> 0x8E93
mem[X,0x00000000800022DA] -> 0x3DFE
[2235] [M]: 0x00000000800022D8 (0x3DFE8E93) addi t4, t4, 0x3df
x29 <- 0xFFFFFFFEFFFFFFDF

mem[X,0x00000000800022DC] -> 0x6FBB
mem[X,0x00000000800022DE] -> 0x9BDF
[2236] [M]: 0x00000000800022DC (0x9BDF6FBB) paas.wx t6, t5, t4
x31 <- 0xFFFFDFEF00000003

mem[X,0x00000000800022E0] -> 0xB423
mem[X,0x00000000800022E2] -> 0x33F0
[2237] [M]: 0x00000000800022E0 (0x33F0B423) sd t6, 0x328(ra)
mem[0x0000000080005530] <- 0xFFFFDFEF00000003

mem[X,0x00000000800022E4] -> 0x8F37
mem[X,0x00000000800022E6] -> 0xFFFF
[2238] [M]: 0x00000000800022E4 (0xFFFF8F37) lui t5, -0x8
x30 <- 0xFFFFFFFFFFFF8000

mem[X,0x00000000800022E8] -> 0x0F13
mem[X,0x00000000800022EA] -> 0xFFFF
[2239] [M]: 0x00000000800022E8 (0xFFFF0F13) addi t5, t5, -0x1
x30 <- 0xFFFFFFFFFFFF7FFF

mem[X,0x00000000800022EC] -> 0x1F13
mem[X,0x00000000800022EE] -> 0x00BF
[2240] [M]: 0x00000000800022EC (0x00BF1F13) slli t5, t5, 0xb
x30 <- 0xFFFFFFFFFBFFF800

mem[X,0x00000000800022F0] -> 0x0F13
mem[X,0x00000000800022F2] -> 0x001F
[2241] [M]: 0x00000000800022F0 (0x001F0F13) addi t5, t5, 0x1
x30 <- 0xFFFFFFFFFBFFF801

mem[X,0x00000000800022F4] -> 0x1F13
mem[X,0x00000000800022F6] -> 0x00BF
[2242] [M]: 0x00000000800022F4 (0x00BF1F13) slli t5, t5, 0xb
x30 <- 0xFFFFFFDFFFC00800

mem[X,0x00000000800022F8] -> 0x0F13
mem[X,0x00000000800022FA] -> 0x000F
[2243] [M]: 0x00000000800022F8 (0x000F0F13) addi t5, t5, 0x0
x30 <- 0xFFFFFFDFFFC00800

mem[X,0x00000000800022FC] -> 0x1F13
mem[X,0x00000000800022FE] -> 0x00AF
[2244] [M]: 0x00000000800022FC (0x00AF1F13) slli t5, t5, 0xa
x30 <- 0xFFFF7FFF00200000

mem[X,0x0000000080002300] -> 0x0EB7
mem[X,0x0000000080002302] -> 0x0000
[2245] [M]: 0x0000000080002300 (0x00000EB7) lui t4, 0x0
x29 <- 0x0000000000000000

mem[X,0x0000000080002304] -> 0x8E93
mem[X,0x0000000080002306] -> 0xF7FE
[2246] [M]: 0x0000000080002304 (0xF7FE8E93) addi t4, t4, -0x81
x29 <- 0xFFFFFFFFFFFFFF7F

mem[X,0x0000000080002308] -> 0x9E93
mem[X,0x000000008000230A] -> 0x00BE
[2247] [M]: 0x0000000080002308 (0x00BE9E93) slli t4, t4, 0xb
x29 <- 0xFFFFFFFFFFFBF800

mem[X,0x000000008000230C] -> 0x8E93
mem[X,0x000000008000230E] -> 0x7FFE
[2248] [M]: 0x000000008000230C (0x7FFE8E93) addi t4, t4, 0x7ff
x29 <- 0xFFFFFFFFFFFBFFFF

mem[X,0x0000000080002310] -> 0x9E93
mem[X,0x0000000080002312] -> 0x00BE
[2249] [M]: 0x0000000080002310 (0x00BE9E93) slli t4, t4, 0xb
x29 <- 0xFFFFFFFFDFFFF800

mem[X,0x0000000080002314] -> 0x8E93
mem[X,0x0000000080002316] -> 0x7FFE
[2250] [M]: 0x0000000080002314 (0x7FFE8E93) addi t4, t4, 0x7ff
x29 <- 0xFFFFFFFFDFFFFFFF

mem[X,0x0000000080002318] -> 0x9E93
mem[X,0x000000008000231A] -> 0x00AE
[2251] [M]: 0x0000000080002318 (0x00AE9E93) slli t4, t4, 0xa
x29 <- 0xFFFFFF7FFFFFFC00

mem[X,0x000000008000231C] -> 0x8E93
mem[X,0x000000008000231E] -> 0x3DFE
[2252] [M]: 0x000000008000231C (0x3DFE8E93) addi t4, t4, 0x3df
x29 <- 0xFFFFFF7FFFFFFFDF

mem[X,0x0000000080002320] -> 0x6FBB
mem[X,0x0000000080002322] -> 0x9BDF
[2253] [M]: 0x0000000080002320 (0x9BDF6FBB) paas.wx t6, t5, t4
x31 <- 0xFFFFBFEF00100040

mem[X,0x0000000080002324] -> 0xB823
mem[X,0x0000000080002326] -> 0x33F0
[2254] [M]: 0x0000000080002324 (0x33F0B823) sd t6, 0x330(ra)
mem[0x0000000080005538] <- 0xFFFFBFEF00100040

mem[X,0x0000000080002328] -> 0x0F37
mem[X,0x000000008000232A] -> 0xFFC0
[2255] [M]: 0x0000000080002328 (0xFFC00F37) lui t5, -0x400
x30 <- 0xFFFFFFFFFFC00000

mem[X,0x000000008000232C] -> 0x0F13
mem[X,0x000000008000232E] -> 0xFFFF
[2256] [M]: 0x000000008000232C (0xFFFF0F13) addi t5, t5, -0x1
x30 <- 0xFFFFFFFFFFBFFFFF

mem[X,0x0000000080002330] -> 0x1F13
mem[X,0x0000000080002332] -> 0x00BF
[2257] [M]: 0x0000000080002330 (0x00BF1F13) slli t5, t5, 0xb
x30 <- 0xFFFFFFFDFFFFF800

mem[X,0x0000000080002334] -> 0x0F13
mem[X,0x0000000080002336] -> 0x3FFF
[2258] [M]: 0x0000000080002334 (0x3FFF0F13) addi t5, t5, 0x3ff
x30 <- 0xFFFFFFFDFFFFFBFF

mem[X,0x0000000080002338] -> 0x1F13
mem[X,0x000000008000233A] -> 0x00BF
[2259] [M]: 0x0000000080002338 (0x00BF1F13) slli t5, t5, 0xb
x30 <- 0xFFFFEFFFFFDFF800

mem[X,0x000000008000233C] -> 0x0F13
mem[X,0x000000008000233E] -> 0x7FFF
[2260] [M]: 0x000000008000233C (0x7FFF0F13) addi t5, t5, 0x7ff
x30 <- 0xFFFFEFFFFFDFFFFF

mem[X,0x0000000080002340] -> 0x1F13
mem[X,0x0000000080002342] -> 0x00AF
[2261] [M]: 0x0000000080002340 (0x00AF1F13) slli t5, t5, 0xa
x30 <- 0xFFBFFFFF7FFFFC00

mem[X,0x0000000080002344] -> 0x0F13
mem[X,0x0000000080002346] -> 0x3FFF
[2262] [M]: 0x0000000080002344 (0x3FFF0F13) addi t5, t5, 0x3ff
x30 <- 0xFFBFFFFF7FFFFFFF

mem[X,0x0000000080002348] -> 0x0EB7
mem[X,0x000000008000234A] -> 0xFFF8
[2263] [M]: 0x0000000080002348 (0xFFF80EB7) lui t4, -0x80
x29 <- 0xFFFFFFFFFFF80000

mem[X,0x000000008000234C] -> 0x8E93
mem[X,0x000000008000234E] -> 0xFFFE
[2264] [M]: 0x000000008000234C (0xFFFE8E93) addi t4, t4, -0x1
x29 <- 0xFFFFFFFFFFF7FFFF

mem[X,0x0000000080002350] -> 0x9E93
mem[X,0x0000000080002352] -> 0x00BE
[2265] [M]: 0x0000000080002350 (0x00BE9E93) slli t4, t4, 0xb
x29 <- 0xFFFFFFFFBFFFF800

mem[X,0x0000000080002354] -> 0x8E93
mem[X,0x0000000080002356] -> 0x020E
[2266] [M]: 0x0000000080002354 (0x020E8E93) addi t4, t4, 0x20
x29 <- 0xFFFFFFFFBFFFF820

mem[X,0x0000000080002358] -> 0x9E93
mem[X,0x000000008000235A] -> 0x00BE
[2267] [M]: 0x0000000080002358 (0x00BE9E93) slli t4, t4, 0xb
x29 <- 0xFFFFFDFFFFC10000

mem[X,0x000000008000235C] -> 0x8E93
mem[X,0x000000008000235E] -> 0x000E
[2268] [M]: 0x000000008000235C (0x000E8E93) addi t4, t4, 0x0
x29 <- 0xFFFFFDFFFFC10000

mem[X,0x0000000080002360] -> 0x9E93
mem[X,0x0000000080002362] -> 0x00AE
[2269] [M]: 0x0000000080002360 (0x00AE9E93) slli t4, t4, 0xa
x29 <- 0xFFF7FFFF04000000

mem[X,0x0000000080002364] -> 0x6FBB
mem[X,0x0000000080002366] -> 0x9BDF
[2270] [M]: 0x0000000080002364 (0x9BDF6FBB) paas.wx t6, t5, t4
x31 <- 0x01DFFFFF40040000

mem[X,0x0000000080002368] -> 0xBC23
mem[X,0x000000008000236A] -> 0x33F0
[2271] [M]: 0x0000000080002368 (0x33F0BC23) sd t6, 0x338(ra)
mem[0x0000000080005540] <- 0x01DFFFFF40040000

mem[X,0x000000008000236C] -> 0x0F13
mem[X,0x000000008000236E] -> 0x0390
[2272] [M]: 0x000000008000236C (0x03900F13) addi t5, zero, 0x39
x30 <- 0x0000000000000039

mem[X,0x0000000080002370] -> 0x1F13
mem[X,0x0000000080002372] -> 0x01DF
[2273] [M]: 0x0000000080002370 (0x01DF1F13) slli t5, t5, 0x1d
x30 <- 0x0000000720000000

mem[X,0x0000000080002374] -> 0x0EB7
mem[X,0x0000000080002376] -> 0x0000
[2274] [M]: 0x0000000080002374 (0x00000EB7) lui t4, 0x0
x29 <- 0x0000000000000000

mem[X,0x0000000080002378] -> 0x8E93
mem[X,0x000000008000237A] -> 0xDFFE
[2275] [M]: 0x0000000080002378 (0xDFFE8E93) addi t4, t4, -0x201
x29 <- 0xFFFFFFFFFFFFFDFF

mem[X,0x000000008000237C] -> 0x9E93
mem[X,0x000000008000237E] -> 0x00BE
[2276] [M]: 0x000000008000237C (0x00BE9E93) slli t4, t4, 0xb
x29 <- 0xFFFFFFFFFFEFF800

mem[X,0x0000000080002380] -> 0x8E93
mem[X,0x0000000080002382] -> 0x7FFE
[2277] [M]: 0x0000000080002380 (0x7FFE8E93) addi t4, t4, 0x7ff
x29 <- 0xFFFFFFFFFFEFFFFF

mem[X,0x0000000080002384] -> 0x9E93
mem[X,0x0000000080002386] -> 0x00BE
[2278] [M]: 0x0000000080002384 (0x00BE9E93) slli t4, t4, 0xb
x29 <- 0xFFFFFFFF7FFFF800

mem[X,0x0000000080002388] -> 0x8E93
mem[X,0x000000008000238A] -> 0x7FBE
[2279] [M]: 0x0000000080002388 (0x7FBE8E93) addi t4, t4, 0x7fb
x29 <- 0xFFFFFFFF7FFFFFFB

mem[X,0x000000008000238C] -> 0x9E93
mem[X,0x000000008000238E] -> 0x00AE
[2280] [M]: 0x000000008000238C (0x00AE9E93) slli t4, t4, 0xa
x29 <- 0xFFFFFDFFFFFFEC00

mem[X,0x0000000080002390] -> 0x8E93
mem[X,0x0000000080002392] -> 0x3FFE
[2281] [M]: 0x0000000080002390 (0x3FFE8E93) addi t4, t4, 0x3ff
x29 <- 0xFFFFFDFFFFFFEFFF

mem[X,0x0000000080002394] -> 0x6FBB
mem[X,0x0000000080002396] -> 0x9BDF
[2282] [M]: 0x0000000080002394 (0x9BDF6FBB) paas.wx t6, t5, t4
x31 <- 0xFFFFF80310000100

mem[X,0x0000000080002398] -> 0xB023
mem[X,0x000000008000239A] -> 0x35F0
[2283] [M]: 0x0000000080002398 (0x35F0B023) sd t6, 0x340(ra)
mem[0x0000000080005548] <- 0xFFFFF80310000100

mem[X,0x000000008000239C] -> 0x0F13
mem[X,0x000000008000239E] -> 0xFFF0
[2284] [M]: 0x000000008000239C (0xFFF00F13) addi t5, zero, -0x1
x30 <- 0xFFFFFFFFFFFFFFFF

mem[X,0x00000000800023A0] -> 0x5F13
mem[X,0x00000000800023A2] -> 0x03EF
[2285] [M]: 0x00000000800023A0 (0x03EF5F13) srli t5, t5, 0x3e
x30 <- 0x0000000000000003

mem[X,0x00000000800023A4] -> 0x1F13
mem[X,0x00000000800023A6] -> 0x01EF
[2286] [M]: 0x00000000800023A4 (0x01EF1F13) slli t5, t5, 0x1e
x30 <- 0x00000000C0000000

mem[X,0x00000000800023A8] -> 0x0EB7
mem[X,0x00000000800023AA] -> 0xFF80
[2287] [M]: 0x00000000800023A8 (0xFF800EB7) lui t4, -0x800
x29 <- 0xFFFFFFFFFF800000

mem[X,0x00000000800023AC] -> 0x8E93
mem[X,0x00000000800023AE] -> 0xFFFE
[2288] [M]: 0x00000000800023AC (0xFFFE8E93) addi t4, t4, -0x1
x29 <- 0xFFFFFFFFFF7FFFFF

mem[X,0x00000000800023B0] -> 0x9E93
mem[X,0x00000000800023B2] -> 0x00BE
[2289] [M]: 0x00000000800023B0 (0x00BE9E93) slli t4, t4, 0xb
x29 <- 0xFFFFFFFBFFFFF800

mem[X,0x00000000800023B4] -> 0x8E93
mem[X,0x00000000800023B6] -> 0x7FFE
[2290] [M]: 0x00000000800023B4 (0x7FFE8E93) addi t4, t4, 0x7ff
x29 <- 0xFFFFFFFBFFFFFFFF

mem[X,0x00000000800023B8] -> 0x9E93
mem[X,0x00000000800023BA] -> 0x00BE
[2291] [M]: 0x00000000800023B8 (0x00BE9E93) slli t4, t4, 0xb
x29 <- 0xFFFFDFFFFFFFF800

mem[X,0x00000000800023BC] -> 0x8E93
mem[X,0x00000000800023BE] -> 0x7EFE
[2292] [M]: 0x00000000800023BC (0x7EFE8E93) addi t4, t4, 0x7ef
x29 <- 0xFFFFDFFFFFFFFFEF

mem[X,0x00000000800023C0] -> 0x9E93
mem[X,0x00000000800023C2] -> 0x00AE
[2293] [M]: 0x00000000800023C0 (0x00AE9E93) slli t4, t4, 0xa
x29 <- 0xFF7FFFFFFFFFBC00

mem[X,0x00000000800023C4] -> 0x8E93
mem[X,0x00000000800023C6] -> 0x3FFE
[2294] [M]: 0x00000000800023C4 (0x3FFE8E93) addi t4, t4, 0x3ff
x29 <- 0xFF7FFFFFFFFFBFFF

mem[X,0x00000000800023C8] -> 0x6FBB
mem[X,0x00000000800023CA] -> 0x9BDF
[2295] [M]: 0x00000000800023C8 (0x9BDF6FBB) paas.wx t6, t5, t4
x31 <- 0xFFFFDFFFE0400000

mem[X,0x00000000800023CC] -> 0xB423
mem[X,0x00000000800023CE] -> 0x35F0
[2296] [M]: 0x00000000800023CC (0x35F0B423) sd t6, 0x348(ra)
mem[0x0000000080005550] <- 0xFFFFDFFFE0400000

mem[X,0x00000000800023D0] -> 0x0F37
mem[X,0x00000000800023D2] -> 0x0000
[2297] [M]: 0x00000000800023D0 (0x00000F37) lui t5, 0x0
x30 <- 0x0000000000000000

mem[X,0x00000000800023D4] -> 0x0F13
mem[X,0x00000000800023D6] -> 0xFEFF
[2298] [M]: 0x00000000800023D4 (0xFEFF0F13) addi t5, t5, -0x11
x30 <- 0xFFFFFFFFFFFFFFEF

mem[X,0x00000000800023D8] -> 0x1F13
mem[X,0x00000000800023DA] -> 0x00BF
[2299] [M]: 0x00000000800023D8 (0x00BF1F13) slli t5, t5, 0xb
x30 <- 0xFFFFFFFFFFFF7800

clint::tick mtime <- 0x0000000000000017
 clint timer pending at mtime 0x0000000000000017
htif::tick 0x0000000000000000
mem[X,0x00000000800023DC] -> 0x0F13
mem[X,0x00000000800023DE] -> 0x000F
[2300] [M]: 0x00000000800023DC (0x000F0F13) addi t5, t5, 0x0
x30 <- 0xFFFFFFFFFFFF7800

mem[X,0x00000000800023E0] -> 0x1F13
mem[X,0x00000000800023E2] -> 0x00BF
[2301] [M]: 0x00000000800023E0 (0x00BF1F13) slli t5, t5, 0xb
x30 <- 0xFFFFFFFFFBC00000

mem[X,0x00000000800023E4] -> 0x0F13
mem[X,0x00000000800023E6] -> 0x080F
[2302] [M]: 0x00000000800023E4 (0x080F0F13) addi t5, t5, 0x80
x30 <- 0xFFFFFFFFFBC00080

mem[X,0x00000000800023E8] -> 0x1F13
mem[X,0x00000000800023EA] -> 0x00AF
[2303] [M]: 0x00000000800023E8 (0x00AF1F13) slli t5, t5, 0xa
x30 <- 0xFFFFFFEF00020000

mem[X,0x00000000800023EC] -> 0xFEB7
mem[X,0x00000000800023EE] -> 0xFFFF
[2304] [M]: 0x00000000800023EC (0xFFFFFEB7) lui t4, -0x1
x29 <- 0xFFFFFFFFFFFFF000

mem[X,0x00000000800023F0] -> 0x8E93
mem[X,0x00000000800023F2] -> 0x7FFE
[2305] [M]: 0x00000000800023F0 (0x7FFE8E93) addi t4, t4, 0x7ff
x29 <- 0xFFFFFFFFFFFFF7FF

mem[X,0x00000000800023F4] -> 0x9E93
mem[X,0x00000000800023F6] -> 0x00BE
[2306] [M]: 0x00000000800023F4 (0x00BE9E93) slli t4, t4, 0xb
x29 <- 0xFFFFFFFFFFBFF800

mem[X,0x00000000800023F8] -> 0x8E93
mem[X,0x00000000800023FA] -> 0x000E
[2307] [M]: 0x00000000800023F8 (0x000E8E93) addi t4, t4, 0x0
x29 <- 0xFFFFFFFFFFBFF800

mem[X,0x00000000800023FC] -> 0x9E93
mem[X,0x00000000800023FE] -> 0x00BE
[2308] [M]: 0x00000000800023FC (0x00BE9E93) slli t4, t4, 0xb
x29 <- 0xFFFFFFFDFFC00000

mem[X,0x0000000080002400] -> 0x8E93
mem[X,0x0000000080002402] -> 0x000E
[2309] [M]: 0x0000000080002400 (0x000E8E93) addi t4, t4, 0x0
x29 <- 0xFFFFFFFDFFC00000

mem[X,0x0000000080002404] -> 0x9E93
mem[X,0x0000000080002406] -> 0x00AE
[2310] [M]: 0x0000000080002404 (0x00AE9E93) slli t4, t4, 0xa
x29 <- 0xFFFFF7FF00000000

mem[X,0x0000000080002408] -> 0x8E93
mem[X,0x000000008000240A] -> 0x008E
[2311] [M]: 0x0000000080002408 (0x008E8E93) addi t4, t4, 0x8
x29 <- 0xFFFFF7FF00000008

mem[X,0x000000008000240C] -> 0x6FBB
mem[X,0x000000008000240E] -> 0x9BDF
[2312] [M]: 0x000000008000240C (0x9BDF6FBB) paas.wx t6, t5, t4
x31 <- 0xFFFFFFFB00010400

mem[X,0x0000000080002410] -> 0xB823
mem[X,0x0000000080002412] -> 0x35F0
[2313] [M]: 0x0000000080002410 (0x35F0B823) sd t6, 0x350(ra)
mem[0x0000000080005558] <- 0xFFFFFFFB00010400

mem[X,0x0000000080002414] -> 0x0F37
mem[X,0x0000000080002416] -> 0x0800
[2314] [M]: 0x0000000080002414 (0x08000F37) lui t5, 0x8000
x30 <- 0x0000000008000000

mem[X,0x0000000080002418] -> 0x0F13
mem[X,0x000000008000241A] -> 0x000F
[2315] [M]: 0x0000000080002418 (0x000F0F13) addi t5, t5, 0x0
x30 <- 0x0000000008000000

mem[X,0x000000008000241C] -> 0x1F13
mem[X,0x000000008000241E] -> 0x00BF
[2316] [M]: 0x000000008000241C (0x00BF1F13) slli t5, t5, 0xb
x30 <- 0x0000004000000000

mem[X,0x0000000080002420] -> 0x0F13
mem[X,0x0000000080002422] -> 0x000F
[2317] [M]: 0x0000000080002420 (0x000F0F13) addi t5, t5, 0x0
x30 <- 0x0000004000000000

mem[X,0x0000000080002424] -> 0x1F13
mem[X,0x0000000080002426] -> 0x00BF
[2318] [M]: 0x0000000080002424 (0x00BF1F13) slli t5, t5, 0xb
x30 <- 0x0002000000000000

mem[X,0x0000000080002428] -> 0x0F13
mem[X,0x000000008000242A] -> 0x000F
[2319] [M]: 0x0000000080002428 (0x000F0F13) addi t5, t5, 0x0
x30 <- 0x0002000000000000

mem[X,0x000000008000242C] -> 0x1F13
mem[X,0x000000008000242E] -> 0x00AF
[2320] [M]: 0x000000008000242C (0x00AF1F13) slli t5, t5, 0xa
x30 <- 0x0800000000000000

mem[X,0x0000000080002430] -> 0x0F13
mem[X,0x0000000080002432] -> 0x006F
[2321] [M]: 0x0000000080002430 (0x006F0F13) addi t5, t5, 0x6
x30 <- 0x0800000000000006

mem[X,0x0000000080002434] -> 0xFEB7
mem[X,0x0000000080002436] -> 0xFFFF
[2322] [M]: 0x0000000080002434 (0xFFFFFEB7) lui t4, -0x1
x29 <- 0xFFFFFFFFFFFFF000

mem[X,0x0000000080002438] -> 0x8E93
mem[X,0x000000008000243A] -> 0x7FFE
[2323] [M]: 0x0000000080002438 (0x7FFE8E93) addi t4, t4, 0x7ff
x29 <- 0xFFFFFFFFFFFFF7FF

mem[X,0x000000008000243C] -> 0x9E93
mem[X,0x000000008000243E] -> 0x00BE
[2324] [M]: 0x000000008000243C (0x00BE9E93) slli t4, t4, 0xb
x29 <- 0xFFFFFFFFFFBFF800

mem[X,0x0000000080002440] -> 0x8E93
mem[X,0x0000000080002442] -> 0x7FFE
[2325] [M]: 0x0000000080002440 (0x7FFE8E93) addi t4, t4, 0x7ff
x29 <- 0xFFFFFFFFFFBFFFFF

mem[X,0x0000000080002444] -> 0x9E93
mem[X,0x0000000080002446] -> 0x00BE
[2326] [M]: 0x0000000080002444 (0x00BE9E93) slli t4, t4, 0xb
x29 <- 0xFFFFFFFDFFFFF800

mem[X,0x0000000080002448] -> 0x8E93
mem[X,0x000000008000244A] -> 0x6FFE
[2327] [M]: 0x0000000080002448 (0x6FFE8E93) addi t4, t4, 0x6ff
x29 <- 0xFFFFFFFDFFFFFEFF

mem[X,0x000000008000244C] -> 0x9E93
mem[X,0x000000008000244E] -> 0x00AE
[2328] [M]: 0x000000008000244C (0x00AE9E93) slli t4, t4, 0xa
x29 <- 0xFFFFF7FFFFFBFC00

mem[X,0x0000000080002450] -> 0x8E93
mem[X,0x0000000080002452] -> 0x3FFE
[2329] [M]: 0x0000000080002450 (0x3FFE8E93) addi t4, t4, 0x3ff
x29 <- 0xFFFFF7FFFFFBFFFF

mem[X,0x0000000080002454] -> 0x6FBB
mem[X,0x0000000080002456] -> 0x9BDF
[2330] [M]: 0x0000000080002454 (0x9BDF6FBB) paas.wx t6, t5, t4
x31 <- 0x03FDFFFF00000403

mem[X,0x0000000080002458] -> 0xBC23
mem[X,0x000000008000245A] -> 0x35F0
[2331] [M]: 0x0000000080002458 (0x35F0BC23) sd t6, 0x358(ra)
mem[0x0000000080005560] <- 0x03FDFFFF00000403

mem[X,0x000000008000245C] -> 0x0F37
mem[X,0x000000008000245E] -> 0xFF80
[2332] [M]: 0x000000008000245C (0xFF800F37) lui t5, -0x800
x30 <- 0xFFFFFFFFFF800000

mem[X,0x0000000080002460] -> 0x0F13
mem[X,0x0000000080002462] -> 0xFFFF
[2333] [M]: 0x0000000080002460 (0xFFFF0F13) addi t5, t5, -0x1
x30 <- 0xFFFFFFFFFF7FFFFF

mem[X,0x0000000080002464] -> 0x1F13
mem[X,0x0000000080002466] -> 0x00BF
[2334] [M]: 0x0000000080002464 (0x00BF1F13) slli t5, t5, 0xb
x30 <- 0xFFFFFFFBFFFFF800

mem[X,0x0000000080002468] -> 0x0F13
mem[X,0x000000008000246A] -> 0x7FFF
[2335] [M]: 0x0000000080002468 (0x7FFF0F13) addi t5, t5, 0x7ff
x30 <- 0xFFFFFFFBFFFFFFFF

mem[X,0x000000008000246C] -> 0x1F13
mem[X,0x000000008000246E] -> 0x00BF
[2336] [M]: 0x000000008000246C (0x00BF1F13) slli t5, t5, 0xb
x30 <- 0xFFFFDFFFFFFFF800

mem[X,0x0000000080002470] -> 0x0F13
mem[X,0x0000000080002472] -> 0x7FBF
[2337] [M]: 0x0000000080002470 (0x7FBF0F13) addi t5, t5, 0x7fb
x30 <- 0xFFFFDFFFFFFFFFFB

mem[X,0x0000000080002474] -> 0x1F13
mem[X,0x0000000080002476] -> 0x00AF
[2338] [M]: 0x0000000080002474 (0x00AF1F13) slli t5, t5, 0xa
x30 <- 0xFF7FFFFFFFFFEC00

mem[X,0x0000000080002478] -> 0x0F13
mem[X,0x000000008000247A] -> 0x3FFF
[2339] [M]: 0x0000000080002478 (0x3FFF0F13) addi t5, t5, 0x3ff
x30 <- 0xFF7FFFFFFFFFEFFF

mem[X,0x000000008000247C] -> 0x0EB7
mem[X,0x000000008000247E] -> 0x0000
[2340] [M]: 0x000000008000247C (0x00000EB7) lui t4, 0x0
x29 <- 0x0000000000000000

mem[X,0x0000000080002480] -> 0x8E93
mem[X,0x0000000080002482] -> 0xF7FE
[2341] [M]: 0x0000000080002480 (0xF7FE8E93) addi t4, t4, -0x81
x29 <- 0xFFFFFFFFFFFFFF7F

mem[X,0x0000000080002484] -> 0x9E93
mem[X,0x0000000080002486] -> 0x00BE
[2342] [M]: 0x0000000080002484 (0x00BE9E93) slli t4, t4, 0xb
x29 <- 0xFFFFFFFFFFFBF800

mem[X,0x0000000080002488] -> 0x8E93
mem[X,0x000000008000248A] -> 0x7FFE
[2343] [M]: 0x0000000080002488 (0x7FFE8E93) addi t4, t4, 0x7ff
x29 <- 0xFFFFFFFFFFFBFFFF

mem[X,0x000000008000248C] -> 0x9E93
mem[X,0x000000008000248E] -> 0x00BE
[2344] [M]: 0x000000008000248C (0x00BE9E93) slli t4, t4, 0xb
x29 <- 0xFFFFFFFFDFFFF800

mem[X,0x0000000080002490] -> 0x8E93
mem[X,0x0000000080002492] -> 0x7FBE
[2345] [M]: 0x0000000080002490 (0x7FBE8E93) addi t4, t4, 0x7fb
x29 <- 0xFFFFFFFFDFFFFFFB

mem[X,0x0000000080002494] -> 0x9E93
mem[X,0x0000000080002496] -> 0x00AE
[2346] [M]: 0x0000000080002494 (0x00AE9E93) slli t4, t4, 0xa
x29 <- 0xFFFFFF7FFFFFEC00

mem[X,0x0000000080002498] -> 0x8E93
mem[X,0x000000008000249A] -> 0x3FFE
[2347] [M]: 0x0000000080002498 (0x3FFE8E93) addi t4, t4, 0x3ff
x29 <- 0xFFFFFF7FFFFFEFFF

mem[X,0x000000008000249C] -> 0x6FBB
mem[X,0x000000008000249E] -> 0x9BDF
[2348] [M]: 0x000000008000249C (0x9BDF6FBB) paas.wx t6, t5, t4
x31 <- 0xFFBFF7FFFFFFF840

mem[X,0x00000000800024A0] -> 0xB023
mem[X,0x00000000800024A2] -> 0x37F0
[2349] [M]: 0x00000000800024A0 (0x37F0B023) sd t6, 0x360(ra)
mem[0x0000000080005568] <- 0xFFBFF7FFFFFFF840

mem[X,0x00000000800024A4] -> 0x0F37
mem[X,0x00000000800024A6] -> 0x0040
[2350] [M]: 0x00000000800024A4 (0x00400F37) lui t5, 0x400
x30 <- 0x0000000000400000

mem[X,0x00000000800024A8] -> 0x0F13
mem[X,0x00000000800024AA] -> 0x000F
[2351] [M]: 0x00000000800024A8 (0x000F0F13) addi t5, t5, 0x0
x30 <- 0x0000000000400000

mem[X,0x00000000800024AC] -> 0x1F13
mem[X,0x00000000800024AE] -> 0x00BF
[2352] [M]: 0x00000000800024AC (0x00BF1F13) slli t5, t5, 0xb
x30 <- 0x0000000200000000

mem[X,0x00000000800024B0] -> 0x0F13
mem[X,0x00000000800024B2] -> 0x000F
[2353] [M]: 0x00000000800024B0 (0x000F0F13) addi t5, t5, 0x0
x30 <- 0x0000000200000000

mem[X,0x00000000800024B4] -> 0x1F13
mem[X,0x00000000800024B6] -> 0x00BF
[2354] [M]: 0x00000000800024B4 (0x00BF1F13) slli t5, t5, 0xb
x30 <- 0x0000100000000000

mem[X,0x00000000800024B8] -> 0x0F13
mem[X,0x00000000800024BA] -> 0x000F
[2355] [M]: 0x00000000800024B8 (0x000F0F13) addi t5, t5, 0x0
x30 <- 0x0000100000000000

mem[X,0x00000000800024BC] -> 0x1F13
mem[X,0x00000000800024BE] -> 0x00AF
[2356] [M]: 0x00000000800024BC (0x00AF1F13) slli t5, t5, 0xa
x30 <- 0x0040000000000000

mem[X,0x00000000800024C0] -> 0x0F13
mem[X,0x00000000800024C2] -> 0x001F
[2357] [M]: 0x00000000800024C0 (0x001F0F13) addi t5, t5, 0x1
x30 <- 0x0040000000000001

mem[X,0x00000000800024C4] -> 0x0E93
mem[X,0x00000000800024C6] -> 0x5010
[2358] [M]: 0x00000000800024C4 (0x50100E93) addi t4, zero, 0x501
x29 <- 0x0000000000000501

mem[X,0x00000000800024C8] -> 0x9E93
mem[X,0x00000000800024CA] -> 0x018E
[2359] [M]: 0x00000000800024C8 (0x018E9E93) slli t4, t4, 0x18
x29 <- 0x0000000501000000

mem[X,0x00000000800024CC] -> 0x6FBB
mem[X,0x00000000800024CE] -> 0x9BDF
[2360] [M]: 0x00000000800024CC (0x9BDF6FBB) paas.wx t6, t5, t4
x31 <- 0x00A00000FFFFFFFE

mem[X,0x00000000800024D0] -> 0xB423
mem[X,0x00000000800024D2] -> 0x37F0
[2361] [M]: 0x00000000800024D0 (0x37F0B423) sd t6, 0x368(ra)
mem[0x0000000080005570] <- 0x00A00000FFFFFFFE

mem[X,0x00000000800024D4] -> 0x0F37
mem[X,0x00000000800024D6] -> 0x0020
[2362] [M]: 0x00000000800024D4 (0x00200F37) lui t5, 0x200
x30 <- 0x0000000000200000

mem[X,0x00000000800024D8] -> 0x0F13
mem[X,0x00000000800024DA] -> 0x000F
[2363] [M]: 0x00000000800024D8 (0x000F0F13) addi t5, t5, 0x0
x30 <- 0x0000000000200000

mem[X,0x00000000800024DC] -> 0x1F13
mem[X,0x00000000800024DE] -> 0x00BF
[2364] [M]: 0x00000000800024DC (0x00BF1F13) slli t5, t5, 0xb
x30 <- 0x0000000100000000

mem[X,0x00000000800024E0] -> 0x0F13
mem[X,0x00000000800024E2] -> 0x001F
[2365] [M]: 0x00000000800024E0 (0x001F0F13) addi t5, t5, 0x1
x30 <- 0x0000000100000001

mem[X,0x00000000800024E4] -> 0x1F13
mem[X,0x00000000800024E6] -> 0x00BF
[2366] [M]: 0x00000000800024E4 (0x00BF1F13) slli t5, t5, 0xb
x30 <- 0x0000080000000800

mem[X,0x00000000800024E8] -> 0x0F13
mem[X,0x00000000800024EA] -> 0x000F
[2367] [M]: 0x00000000800024E8 (0x000F0F13) addi t5, t5, 0x0
x30 <- 0x0000080000000800

mem[X,0x00000000800024EC] -> 0x1F13
mem[X,0x00000000800024EE] -> 0x00AF
[2368] [M]: 0x00000000800024EC (0x00AF1F13) slli t5, t5, 0xa
x30 <- 0x0020000000200000

mem[X,0x00000000800024F0] -> 0x0EB7
mem[X,0x00000000800024F2] -> 0x0800
[2369] [M]: 0x00000000800024F0 (0x08000EB7) lui t4, 0x8000
x29 <- 0x0000000008000000

mem[X,0x00000000800024F4] -> 0x8E93
mem[X,0x00000000800024F6] -> 0x000E
[2370] [M]: 0x00000000800024F4 (0x000E8E93) addi t4, t4, 0x0
x29 <- 0x0000000008000000

mem[X,0x00000000800024F8] -> 0x9E93
mem[X,0x00000000800024FA] -> 0x00BE
[2371] [M]: 0x00000000800024F8 (0x00BE9E93) slli t4, t4, 0xb
x29 <- 0x0000004000000000

mem[X,0x00000000800024FC] -> 0x8E93
mem[X,0x00000000800024FE] -> 0x7FFE
[2372] [M]: 0x00000000800024FC (0x7FFE8E93) addi t4, t4, 0x7ff
x29 <- 0x00000040000007FF

mem[X,0x0000000080002500] -> 0x9E93
mem[X,0x0000000080002502] -> 0x00BE
[2373] [M]: 0x0000000080002500 (0x00BE9E93) slli t4, t4, 0xb
x29 <- 0x00020000003FF800

mem[X,0x0000000080002504] -> 0x8E93
mem[X,0x0000000080002506] -> 0x77FE
[2374] [M]: 0x0000000080002504 (0x77FE8E93) addi t4, t4, 0x77f
x29 <- 0x00020000003FFF7F

mem[X,0x0000000080002508] -> 0x9E93
mem[X,0x000000008000250A] -> 0x00AE
[2375] [M]: 0x0000000080002508 (0x00AE9E93) slli t4, t4, 0xa
x29 <- 0x08000000FFFDFC00

mem[X,0x000000008000250C] -> 0x8E93
mem[X,0x000000008000250E] -> 0x3FFE
[2376] [M]: 0x000000008000250C (0x3FFE8E93) addi t4, t4, 0x3ff
x29 <- 0x08000000FFFDFFFF

mem[X,0x0000000080002510] -> 0x6FBB
mem[X,0x0000000080002512] -> 0x9BDF
[2377] [M]: 0x0000000080002510 (0x9BDF6FBB) paas.wx t6, t5, t4
x31 <- 0x000EFFFFFC100000

mem[X,0x0000000080002514] -> 0xB823
mem[X,0x0000000080002516] -> 0x37F0
[2378] [M]: 0x0000000080002514 (0x37F0B823) sd t6, 0x370(ra)
mem[0x0000000080005578] <- 0x000EFFFFFC100000

mem[X,0x0000000080002518] -> 0x0F37
mem[X,0x000000008000251A] -> 0x0000
[2379] [M]: 0x0000000080002518 (0x00000F37) lui t5, 0x0
x30 <- 0x0000000000000000

mem[X,0x000000008000251C] -> 0x0F13
mem[X,0x000000008000251E] -> 0xBFFF
[2380] [M]: 0x000000008000251C (0xBFFF0F13) addi t5, t5, -0x401
x30 <- 0xFFFFFFFFFFFFFBFF

mem[X,0x0000000080002520] -> 0x1F13
mem[X,0x0000000080002522] -> 0x00BF
[2381] [M]: 0x0000000080002520 (0x00BF1F13) slli t5, t5, 0xb
x30 <- 0xFFFFFFFFFFDFF800

mem[X,0x0000000080002524] -> 0x0F13
mem[X,0x0000000080002526] -> 0x008F
[2382] [M]: 0x0000000080002524 (0x008F0F13) addi t5, t5, 0x8
x30 <- 0xFFFFFFFFFFDFF808

mem[X,0x0000000080002528] -> 0x1F13
mem[X,0x000000008000252A] -> 0x00BF
[2383] [M]: 0x0000000080002528 (0x00BF1F13) slli t5, t5, 0xb
x30 <- 0xFFFFFFFEFFC04000

mem[X,0x000000008000252C] -> 0x0F13
mem[X,0x000000008000252E] -> 0x000F
[2384] [M]: 0x000000008000252C (0x000F0F13) addi t5, t5, 0x0
x30 <- 0xFFFFFFFEFFC04000

mem[X,0x0000000080002530] -> 0x1F13
mem[X,0x0000000080002532] -> 0x00AF
[2385] [M]: 0x0000000080002530 (0x00AF1F13) slli t5, t5, 0xa
x30 <- 0xFFFFFBFF01000000

mem[X,0x0000000080002534] -> 0x0EB7
mem[X,0x0000000080002536] -> 0xF800
[2386] [M]: 0x0000000080002534 (0xF8000EB7) lui t4, -0x8000
x29 <- 0xFFFFFFFFF8000000

mem[X,0x0000000080002538] -> 0x8E93
mem[X,0x000000008000253A] -> 0xFFFE
[2387] [M]: 0x0000000080002538 (0xFFFE8E93) addi t4, t4, -0x1
x29 <- 0xFFFFFFFFF7FFFFFF

mem[X,0x000000008000253C] -> 0x9E93
mem[X,0x000000008000253E] -> 0x00BE
[2388] [M]: 0x000000008000253C (0x00BE9E93) slli t4, t4, 0xb
x29 <- 0xFFFFFFBFFFFFF800

mem[X,0x0000000080002540] -> 0x8E93
mem[X,0x0000000080002542] -> 0x7FFE
[2389] [M]: 0x0000000080002540 (0x7FFE8E93) addi t4, t4, 0x7ff
x29 <- 0xFFFFFFBFFFFFFFFF

mem[X,0x0000000080002544] -> 0x9E93
mem[X,0x0000000080002546] -> 0x00BE
[2390] [M]: 0x0000000080002544 (0x00BE9E93) slli t4, t4, 0xb
x29 <- 0xFFFDFFFFFFFFF800

mem[X,0x0000000080002548] -> 0x8E93
mem[X,0x000000008000254A] -> 0x7BFE
[2391] [M]: 0x0000000080002548 (0x7BFE8E93) addi t4, t4, 0x7bf
x29 <- 0xFFFDFFFFFFFFFFBF

mem[X,0x000000008000254C] -> 0x9E93
mem[X,0x000000008000254E] -> 0x00AE
[2392] [M]: 0x000000008000254C (0x00AE9E93) slli t4, t4, 0xa
x29 <- 0xF7FFFFFFFFFEFC00

mem[X,0x0000000080002550] -> 0x8E93
mem[X,0x0000000080002552] -> 0x3FFE
[2393] [M]: 0x0000000080002550 (0x3FFE8E93) addi t4, t4, 0x3ff
x29 <- 0xF7FFFFFFFFFEFFFF

mem[X,0x0000000080002554] -> 0x6FBB
mem[X,0x0000000080002556] -> 0x9BDF
[2394] [M]: 0x0000000080002554 (0x9BDF6FBB) paas.wx t6, t5, t4
x31 <- 0xFFFF7DFF04800000

mem[X,0x0000000080002558] -> 0xBC23
mem[X,0x000000008000255A] -> 0x37F0
[2395] [M]: 0x0000000080002558 (0x37F0BC23) sd t6, 0x378(ra)
mem[0x0000000080005580] <- 0xFFFF7DFF04800000

mem[X,0x000000008000255C] -> 0x0F37
mem[X,0x000000008000255E] -> 0x0000
[2396] [M]: 0x000000008000255C (0x00000F37) lui t5, 0x0
x30 <- 0x0000000000000000

mem[X,0x0000000080002560] -> 0x0F13
mem[X,0x0000000080002562] -> 0xDFFF
[2397] [M]: 0x0000000080002560 (0xDFFF0F13) addi t5, t5, -0x201
x30 <- 0xFFFFFFFFFFFFFDFF

mem[X,0x0000000080002564] -> 0x1F13
mem[X,0x0000000080002566] -> 0x00BF
[2398] [M]: 0x0000000080002564 (0x00BF1F13) slli t5, t5, 0xb
x30 <- 0xFFFFFFFFFFEFF800

mem[X,0x0000000080002568] -> 0x0F13
mem[X,0x000000008000256A] -> 0x040F
[2399] [M]: 0x0000000080002568 (0x040F0F13) addi t5, t5, 0x40
x30 <- 0xFFFFFFFFFFEFF840

clint::tick mtime <- 0x0000000000000018
 clint timer pending at mtime 0x0000000000000018
htif::tick 0x0000000000000000
mem[X,0x000000008000256C] -> 0x1F13
mem[X,0x000000008000256E] -> 0x00BF
[2400] [M]: 0x000000008000256C (0x00BF1F13) slli t5, t5, 0xb
x30 <- 0xFFFFFFFF7FC20000

mem[X,0x0000000080002570] -> 0x0F13
mem[X,0x0000000080002572] -> 0x000F
[2401] [M]: 0x0000000080002570 (0x000F0F13) addi t5, t5, 0x0
x30 <- 0xFFFFFFFF7FC20000

mem[X,0x0000000080002574] -> 0x1F13
mem[X,0x0000000080002576] -> 0x00AF
[2402] [M]: 0x0000000080002574 (0x00AF1F13) slli t5, t5, 0xa
x30 <- 0xFFFFFDFF08000000

mem[X,0x0000000080002578] -> 0xBEB7
mem[X,0x000000008000257A] -> 0xAAAA
[2403] [M]: 0x0000000080002578 (0xAAAABEB7) lui t4, -0x55555
x29 <- 0xFFFFFFFFAAAAB000

mem[X,0x000000008000257C] -> 0x8E93
mem[X,0x000000008000257E] -> 0xAAAE
[2404] [M]: 0x000000008000257C (0xAAAE8E93) addi t4, t4, -0x556
x29 <- 0xFFFFFFFFAAAAAAAA

mem[X,0x0000000080002580] -> 0x9E93
mem[X,0x0000000080002582] -> 0x00BE
[2405] [M]: 0x0000000080002580 (0x00BE9E93) slli t4, t4, 0xb
x29 <- 0xFFFFFD5555555000

mem[X,0x0000000080002584] -> 0x8E93
mem[X,0x0000000080002586] -> 0x5FFE
[2406] [M]: 0x0000000080002584 (0x5FFE8E93) addi t4, t4, 0x5ff
x29 <- 0xFFFFFD55555555FF

mem[X,0x0000000080002588] -> 0x9E93
mem[X,0x000000008000258A] -> 0x00BE
[2407] [M]: 0x0000000080002588 (0x00BE9E93) slli t4, t4, 0xb
x29 <- 0xFFEAAAAAAAAFF800

mem[X,0x000000008000258C] -> 0x8E93
mem[X,0x000000008000258E] -> 0x7FFE
[2408] [M]: 0x000000008000258C (0x7FFE8E93) addi t4, t4, 0x7ff
x29 <- 0xFFEAAAAAAAAFFFFF

mem[X,0x0000000080002590] -> 0x9E93
mem[X,0x0000000080002592] -> 0x00AE
[2409] [M]: 0x0000000080002590 (0x00AE9E93) slli t4, t4, 0xa
x29 <- 0xAAAAAAAABFFFFC00

mem[X,0x0000000080002594] -> 0x8E93
mem[X,0x0000000080002596] -> 0x3FFE
[2410] [M]: 0x0000000080002594 (0x3FFE8E93) addi t4, t4, 0x3ff
x29 <- 0xAAAAAAAABFFFFFFF

mem[X,0x0000000080002598] -> 0x6FBB
mem[X,0x000000008000259A] -> 0x9BDF
[2411] [M]: 0x0000000080002598 (0x9BDF6FBB) paas.wx t6, t5, t4
x31 <- 0xDFFFFEFF2EAAAAAB

mem[X,0x000000008000259C] -> 0xB023
mem[X,0x000000008000259E] -> 0x39F0
[2412] [M]: 0x000000008000259C (0x39F0B023) sd t6, 0x380(ra)
mem[0x0000000080005588] <- 0xDFFFFEFF2EAAAAAB

mem[X,0x00000000800025A0] -> 0x006F
mem[X,0x00000000800025A2] -> 0x0380
[2413] [M]: 0x00000000800025A0 (0x0380006F) jal zero, 0x38

mem[X,0x00000000800025D8] -> 0x0093
mem[X,0x00000000800025DA] -> 0x0010
[2414] [M]: 0x00000000800025D8 (0x00100093) addi ra, zero, 0x1
x1 <- 0x0000000000000001

mem[X,0x00000000800025DC] -> 0x1F17
mem[X,0x00000000800025DE] -> 0x0000
[2415] [M]: 0x00000000800025DC (0x00001F17) auipc t5, 0x1
x30 <- 0x00000000800035DC

mem[X,0x00000000800025E0] -> 0x2223
mem[X,0x00000000800025E2] -> 0xA21F
[2416] [M]: 0x00000000800025E0 (0xA21F2223) sw ra, -0x5dc(t5)
htif[0x0000000080003000] <- 0x00000001

mem[X,0x00000000800025E4] -> 0xF06F
mem[X,0x00000000800025E6] -> 0xFF9F
[2417] [M]: 0x00000000800025E4 (0xFF9FF06F) jal zero, -0x8

mem[X,0x00000000800025DC] -> 0x1F17
mem[X,0x00000000800025DE] -> 0x0000
[2418] [M]: 0x00000000800025DC (0x00001F17) auipc t5, 0x1
x30 <- 0x00000000800035DC

mem[X,0x00000000800025E0] -> 0x2223
mem[X,0x00000000800025E2] -> 0xA21F
[2419] [M]: 0x00000000800025E0 (0xA21F2223) sw ra, -0x5dc(t5)
htif[0x0000000080003000] <- 0x00000001

mem[X,0x00000000800025E4] -> 0xF06F
mem[X,0x00000000800025E6] -> 0xFF9F
[2420] [M]: 0x00000000800025E4 (0xFF9FF06F) jal zero, -0x8

mem[X,0x00000000800025DC] -> 0x1F17
mem[X,0x00000000800025DE] -> 0x0000
[2421] [M]: 0x00000000800025DC (0x00001F17) auipc t5, 0x1
x30 <- 0x00000000800035DC

mem[X,0x00000000800025E0] -> 0x2223
mem[X,0x00000000800025E2] -> 0xA21F
[2422] [M]: 0x00000000800025E0 (0xA21F2223) sw ra, -0x5dc(t5)
htif[0x0000000080003000] <- 0x00000001
htif-syscall-proxy cmd: 0x000000000001

SUCCESS
