using /home/chsu/rvp-workspace/test-64/riscof_work/pmhacc.h.be-01.S/ref/Reference-sail_c_simulator.signature for test-signature output.
tohost located at 0x80002000
Running file ref.elf.
ELF Entry @ 0x80000000
begin_signature: 0x80004110
end_signature: 0x80004450
CSR mstatus <- 0x0000000A00000000 (input: 0x0000000000000000)
mem[X,0x0000000000001000] -> 0x0297
mem[X,0x0000000000001002] -> 0x0000
[0] [M]: 0x0000000000001000 (0x00000297) auipc t0, 0x0
x5 <- 0x0000000000001000

mem[X,0x0000000000001004] -> 0x8593
mem[X,0x0000000000001006] -> 0x0202
[1] [M]: 0x0000000000001004 (0x02028593) addi a1, t0, 0x20
x11 <- 0x0000000000001020

mem[X,0x0000000000001008] -> 0x2573
mem[X,0x000000000000100A] -> 0xF140
[2] [M]: 0x0000000000001008 (0xF1402573) csrrs a0, mhartid, zero
CSR mhartid -> 0x0000000000000000
x10 <- 0x0000000000000000

mem[X,0x000000000000100C] -> 0xB283
mem[X,0x000000000000100E] -> 0x0182
[3] [M]: 0x000000000000100C (0x0182B283) ld t0, 0x18(t0)
mem[R,0x0000000000001018] -> 0x0000000080000000
x5 <- 0x0000000080000000

mem[X,0x0000000000001010] -> 0x8067
mem[X,0x0000000000001012] -> 0x0002
[4] [M]: 0x0000000000001010 (0x00028067) jalr zero, 0x0(t0)

mem[X,0x0000000080000000] -> 0x0837
mem[X,0x0000000080000002] -> 0x7D5C
[5] [M]: 0x0000000080000000 (0x7D5C0837) lui a6, 0x7d5c0
x16 <- 0x000000007D5C0000

mem[X,0x0000000080000004] -> 0x0813
mem[X,0x0000000080000006] -> 0xDDB8
[6] [M]: 0x0000000080000004 (0xDDB80813) addi a6, a6, -0x225
x16 <- 0x000000007D5BFDDB

mem[X,0x0000000080000008] -> 0x1813
mem[X,0x000000008000000A] -> 0x00B8
[7] [M]: 0x0000000080000008 (0x00B81813) slli a6, a6, 0xb
x16 <- 0x000003EADFEED800

mem[X,0x000000008000000C] -> 0x0813
mem[X,0x000000008000000E] -> 0x3EA8
[8] [M]: 0x000000008000000C (0x3EA80813) addi a6, a6, 0x3ea
x16 <- 0x000003EADFEEDBEA

mem[X,0x0000000080000010] -> 0x1813
mem[X,0x0000000080000012] -> 0x00B8
[9] [M]: 0x0000000080000010 (0x00B81813) slli a6, a6, 0xb
x16 <- 0x001F56FF76DF5000

mem[X,0x0000000080000014] -> 0x0813
mem[X,0x0000000080000016] -> 0x6FF8
[10] [M]: 0x0000000080000014 (0x6FF80813) addi a6, a6, 0x6ff
x16 <- 0x001F56FF76DF56FF

mem[X,0x0000000080000018] -> 0x1813
mem[X,0x000000008000001A] -> 0x00A8
[11] [M]: 0x0000000080000018 (0x00A81813) slli a6, a6, 0xa
x16 <- 0x7D5BFDDB7D5BFC00

mem[X,0x000000008000001C] -> 0x0813
mem[X,0x000000008000001E] -> 0x1DB8
[12] [M]: 0x000000008000001C (0x1DB80813) addi a6, a6, 0x1db
x16 <- 0x7D5BFDDB7D5BFDDB

mem[X,0x0000000080000020] -> 0x5893
mem[X,0x0000000080000022] -> 0x0078
[13] [M]: 0x0000000080000020 (0x00785893) srli a7, a6, 0x7
x17 <- 0x00FAB7FBB6FAB7FB

mem[X,0x0000000080000024] -> 0x5793
mem[X,0x0000000080000026] -> 0x0398
[14] [M]: 0x0000000080000024 (0x03985793) srli a5, a6, 0x39
x15 <- 0x000000000000003E

mem[X,0x0000000080000028] -> 0xE8B3
mem[X,0x000000008000002A] -> 0x00F8
[15] [M]: 0x0000000080000028 (0x00F8E8B3) or a7, a7, a5
x17 <- 0x00FAB7FBB6FAB7FF

mem[X,0x000000008000002C] -> 0xD913
mem[X,0x000000008000002E] -> 0x0078
[16] [M]: 0x000000008000002C (0x0078D913) srli s2, a7, 0x7
x18 <- 0x0001F56FF76DF56F

mem[X,0x0000000080000030] -> 0xD793
mem[X,0x0000000080000032] -> 0x0398
[17] [M]: 0x0000000080000030 (0x0398D793) srli a5, a7, 0x39
x15 <- 0x0000000000000000

mem[X,0x0000000080000034] -> 0x6933
mem[X,0x0000000080000036] -> 0x00F9
[18] [M]: 0x0000000080000034 (0x00F96933) or s2, s2, a5
x18 <- 0x0001F56FF76DF56F

mem[X,0x0000000080000038] -> 0x5993
mem[X,0x000000008000003A] -> 0x0079
[19] [M]: 0x0000000080000038 (0x00795993) srli s3, s2, 0x7
x19 <- 0x000003EADFEEDBEA

mem[X,0x000000008000003C] -> 0x5793
mem[X,0x000000008000003E] -> 0x0399
[20] [M]: 0x000000008000003C (0x03995793) srli a5, s2, 0x39
x15 <- 0x0000000000000000

mem[X,0x0000000080000040] -> 0xE9B3
mem[X,0x0000000080000042] -> 0x00F9
[21] [M]: 0x0000000080000040 (0x00F9E9B3) or s3, s3, a5
x19 <- 0x000003EADFEEDBEA

mem[X,0x0000000080000044] -> 0xDA13
mem[X,0x0000000080000046] -> 0x0079
[22] [M]: 0x0000000080000044 (0x0079DA13) srli s4, s3, 0x7
x20 <- 0x00000007D5BFDDB7

mem[X,0x0000000080000048] -> 0xD793
mem[X,0x000000008000004A] -> 0x0399
[23] [M]: 0x0000000080000048 (0x0399D793) srli a5, s3, 0x39
x15 <- 0x0000000000000000

mem[X,0x000000008000004C] -> 0x6A33
mem[X,0x000000008000004E] -> 0x00FA
[24] [M]: 0x000000008000004C (0x00FA6A33) or s4, s4, a5
x20 <- 0x00000007D5BFDDB7

mem[X,0x0000000080000050] -> 0x5A93
mem[X,0x0000000080000052] -> 0x007A
[25] [M]: 0x0000000080000050 (0x007A5A93) srli s5, s4, 0x7
x21 <- 0x000000000FAB7FBB

mem[X,0x0000000080000054] -> 0x5793
mem[X,0x0000000080000056] -> 0x039A
[26] [M]: 0x0000000080000054 (0x039A5793) srli a5, s4, 0x39
x15 <- 0x0000000000000000

mem[X,0x0000000080000058] -> 0xEAB3
mem[X,0x000000008000005A] -> 0x00FA
[27] [M]: 0x0000000080000058 (0x00FAEAB3) or s5, s5, a5
x21 <- 0x000000000FAB7FBB

mem[X,0x000000008000005C] -> 0xDB13
mem[X,0x000000008000005E] -> 0x007A
[28] [M]: 0x000000008000005C (0x007ADB13) srli s6, s5, 0x7
x22 <- 0x00000000001F56FF

mem[X,0x0000000080000060] -> 0xD793
mem[X,0x0000000080000062] -> 0x039A
[29] [M]: 0x0000000080000060 (0x039AD793) srli a5, s5, 0x39
x15 <- 0x0000000000000000

mem[X,0x0000000080000064] -> 0x6B33
mem[X,0x0000000080000066] -> 0x00FB
[30] [M]: 0x0000000080000064 (0x00FB6B33) or s6, s6, a5
x22 <- 0x00000000001F56FF

mem[X,0x0000000080000068] -> 0x5B93
mem[X,0x000000008000006A] -> 0x007B
[31] [M]: 0x0000000080000068 (0x007B5B93) srli s7, s6, 0x7
x23 <- 0x0000000000003EAD

mem[X,0x000000008000006C] -> 0x5793
mem[X,0x000000008000006E] -> 0x039B
[32] [M]: 0x000000008000006C (0x039B5793) srli a5, s6, 0x39
x15 <- 0x0000000000000000

mem[X,0x0000000080000070] -> 0xEBB3
mem[X,0x0000000080000072] -> 0x00FB
[33] [M]: 0x0000000080000070 (0x00FBEBB3) or s7, s7, a5
x23 <- 0x0000000000003EAD

mem[X,0x0000000080000074] -> 0xDC13
mem[X,0x0000000080000076] -> 0x007B
[34] [M]: 0x0000000080000074 (0x007BDC13) srli s8, s7, 0x7
x24 <- 0x000000000000007D

mem[X,0x0000000080000078] -> 0xD793
mem[X,0x000000008000007A] -> 0x039B
[35] [M]: 0x0000000080000078 (0x039BD793) srli a5, s7, 0x39
x15 <- 0x0000000000000000

mem[X,0x000000008000007C] -> 0x6C33
mem[X,0x000000008000007E] -> 0x00FC
[36] [M]: 0x000000008000007C (0x00FC6C33) or s8, s8, a5
x24 <- 0x000000000000007D

mem[X,0x0000000080000080] -> 0x5C93
mem[X,0x0000000080000082] -> 0x007C
[37] [M]: 0x0000000080000080 (0x007C5C93) srli s9, s8, 0x7
x25 <- 0x0000000000000000

mem[X,0x0000000080000084] -> 0x5793
mem[X,0x0000000080000086] -> 0x039C
[38] [M]: 0x0000000080000084 (0x039C5793) srli a5, s8, 0x39
x15 <- 0x0000000000000000

mem[X,0x0000000080000088] -> 0xECB3
mem[X,0x000000008000008A] -> 0x00FC
[39] [M]: 0x0000000080000088 (0x00FCECB3) or s9, s9, a5
x25 <- 0x0000000000000000

mem[X,0x000000008000008C] -> 0xDD13
mem[X,0x000000008000008E] -> 0x007C
[40] [M]: 0x000000008000008C (0x007CDD13) srli s10, s9, 0x7
x26 <- 0x0000000000000000

mem[X,0x0000000080000090] -> 0xD793
mem[X,0x0000000080000092] -> 0x039C
[41] [M]: 0x0000000080000090 (0x039CD793) srli a5, s9, 0x39
x15 <- 0x0000000000000000

mem[X,0x0000000080000094] -> 0x6D33
mem[X,0x0000000080000096] -> 0x00FD
[42] [M]: 0x0000000080000094 (0x00FD6D33) or s10, s10, a5
x26 <- 0x0000000000000000

mem[X,0x0000000080000098] -> 0x5D93
mem[X,0x000000008000009A] -> 0x007D
[43] [M]: 0x0000000080000098 (0x007D5D93) srli s11, s10, 0x7
x27 <- 0x0000000000000000

mem[X,0x000000008000009C] -> 0x5793
mem[X,0x000000008000009E] -> 0x039D
[44] [M]: 0x000000008000009C (0x039D5793) srli a5, s10, 0x39
x15 <- 0x0000000000000000

mem[X,0x00000000800000A0] -> 0xEDB3
mem[X,0x00000000800000A2] -> 0x00FD
[45] [M]: 0x00000000800000A0 (0x00FDEDB3) or s11, s11, a5
x27 <- 0x0000000000000000

mem[X,0x00000000800000A4] -> 0xDE13
mem[X,0x00000000800000A6] -> 0x007D
[46] [M]: 0x00000000800000A4 (0x007DDE13) srli t3, s11, 0x7
x28 <- 0x0000000000000000

mem[X,0x00000000800000A8] -> 0xD793
mem[X,0x00000000800000AA] -> 0x039D
[47] [M]: 0x00000000800000A8 (0x039DD793) srli a5, s11, 0x39
x15 <- 0x0000000000000000

mem[X,0x00000000800000AC] -> 0x6E33
mem[X,0x00000000800000AE] -> 0x00FE
[48] [M]: 0x00000000800000AC (0x00FE6E33) or t3, t3, a5
x28 <- 0x0000000000000000

mem[X,0x00000000800000B0] -> 0x5E93
mem[X,0x00000000800000B2] -> 0x007E
[49] [M]: 0x00000000800000B0 (0x007E5E93) srli t4, t3, 0x7
x29 <- 0x0000000000000000

mem[X,0x00000000800000B4] -> 0x5793
mem[X,0x00000000800000B6] -> 0x039E
[50] [M]: 0x00000000800000B4 (0x039E5793) srli a5, t3, 0x39
x15 <- 0x0000000000000000

mem[X,0x00000000800000B8] -> 0xEEB3
mem[X,0x00000000800000BA] -> 0x00FE
[51] [M]: 0x00000000800000B8 (0x00FEEEB3) or t4, t4, a5
x29 <- 0x0000000000000000

mem[X,0x00000000800000BC] -> 0xDF13
mem[X,0x00000000800000BE] -> 0x007E
[52] [M]: 0x00000000800000BC (0x007EDF13) srli t5, t4, 0x7
x30 <- 0x0000000000000000

mem[X,0x00000000800000C0] -> 0xD793
mem[X,0x00000000800000C2] -> 0x039E
[53] [M]: 0x00000000800000C0 (0x039ED793) srli a5, t4, 0x39
x15 <- 0x0000000000000000

mem[X,0x00000000800000C4] -> 0x6F33
mem[X,0x00000000800000C6] -> 0x00FF
[54] [M]: 0x00000000800000C4 (0x00FF6F33) or t5, t5, a5
x30 <- 0x0000000000000000

mem[X,0x00000000800000C8] -> 0xC0B7
mem[X,0x00000000800000CA] -> 0xFEED
[55] [M]: 0x00000000800000C8 (0xFEEDC0B7) lui ra, -0x1124
x1 <- 0xFFFFFFFFFEEDC000

mem[X,0x00000000800000CC] -> 0x8093
mem[X,0x00000000800000CE] -> 0xEAD0
[56] [M]: 0x00000000800000CC (0xEAD08093) addi ra, ra, -0x153
x1 <- 0xFFFFFFFFFEEDBEAD

mem[X,0x00000000800000D0] -> 0x9093
mem[X,0x00000000800000D2] -> 0x00B0
[57] [M]: 0x00000000800000D0 (0x00B09093) slli ra, ra, 0xb
x1 <- 0xFFFFFFF76DF56800

mem[X,0x00000000800000D4] -> 0x8093
mem[X,0x00000000800000D6] -> 0x7F70
[58] [M]: 0x00000000800000D4 (0x7F708093) addi ra, ra, 0x7f7
x1 <- 0xFFFFFFF76DF56FF7

mem[X,0x00000000800000D8] -> 0x9093
mem[X,0x00000000800000DA] -> 0x00B0
[59] [M]: 0x00000000800000D8 (0x00B09093) slli ra, ra, 0xb
x1 <- 0xFFFFBB6FAB7FB800

mem[X,0x00000000800000DC] -> 0x8093
mem[X,0x00000000800000DE] -> 0x36F0
[60] [M]: 0x00000000800000DC (0x36F08093) addi ra, ra, 0x36f
x1 <- 0xFFFFBB6FAB7FBB6F

mem[X,0x00000000800000E0] -> 0x9093
mem[X,0x00000000800000E2] -> 0x00A0
[61] [M]: 0x00000000800000E0 (0x00A09093) slli ra, ra, 0xa
x1 <- 0xFEEDBEADFEEDBC00

mem[X,0x00000000800000E4] -> 0x8093
mem[X,0x00000000800000E6] -> 0x2AD0
[62] [M]: 0x00000000800000E4 (0x2AD08093) addi ra, ra, 0x2ad
x1 <- 0xFEEDBEADFEEDBEAD

mem[X,0x00000000800000E8] -> 0xD113
mem[X,0x00000000800000EA] -> 0x0070
[63] [M]: 0x00000000800000E8 (0x0070D113) srli sp, ra, 0x7
x2 <- 0x01FDDB7D5BFDDB7D

mem[X,0x00000000800000EC] -> 0xD793
mem[X,0x00000000800000EE] -> 0x0390
[64] [M]: 0x00000000800000EC (0x0390D793) srli a5, ra, 0x39
x15 <- 0x000000000000007F

mem[X,0x00000000800000F0] -> 0x6133
mem[X,0x00000000800000F2] -> 0x00F1
[65] [M]: 0x00000000800000F0 (0x00F16133) or sp, sp, a5
x2 <- 0x01FDDB7D5BFDDB7F

mem[X,0x00000000800000F4] -> 0x5193
mem[X,0x00000000800000F6] -> 0x0071
[66] [M]: 0x00000000800000F4 (0x00715193) srli gp, sp, 0x7
x3 <- 0x0003FBB6FAB7FBB6

mem[X,0x00000000800000F8] -> 0x5793
mem[X,0x00000000800000FA] -> 0x0391
[67] [M]: 0x00000000800000F8 (0x03915793) srli a5, sp, 0x39
x15 <- 0x0000000000000000

mem[X,0x00000000800000FC] -> 0xE1B3
mem[X,0x00000000800000FE] -> 0x00F1
[68] [M]: 0x00000000800000FC (0x00F1E1B3) or gp, gp, a5
x3 <- 0x0003FBB6FAB7FBB6

mem[X,0x0000000080000100] -> 0xD213
mem[X,0x0000000080000102] -> 0x0071
[69] [M]: 0x0000000080000100 (0x0071D213) srli tp, gp, 0x7
x4 <- 0x000007F76DF56FF7

mem[X,0x0000000080000104] -> 0xD793
mem[X,0x0000000080000106] -> 0x0391
[70] [M]: 0x0000000080000104 (0x0391D793) srli a5, gp, 0x39
x15 <- 0x0000000000000000

mem[X,0x0000000080000108] -> 0x6233
mem[X,0x000000008000010A] -> 0x00F2
[71] [M]: 0x0000000080000108 (0x00F26233) or tp, tp, a5
x4 <- 0x000007F76DF56FF7

mem[X,0x000000008000010C] -> 0x5293
mem[X,0x000000008000010E] -> 0x0072
[72] [M]: 0x000000008000010C (0x00725293) srli t0, tp, 0x7
x5 <- 0x0000000FEEDBEADF

mem[X,0x0000000080000110] -> 0x5793
mem[X,0x0000000080000112] -> 0x0392
[73] [M]: 0x0000000080000110 (0x03925793) srli a5, tp, 0x39
x15 <- 0x0000000000000000

mem[X,0x0000000080000114] -> 0xE2B3
mem[X,0x0000000080000116] -> 0x00F2
[74] [M]: 0x0000000080000114 (0x00F2E2B3) or t0, t0, a5
x5 <- 0x0000000FEEDBEADF

mem[X,0x0000000080000118] -> 0xD313
mem[X,0x000000008000011A] -> 0x0072
[75] [M]: 0x0000000080000118 (0x0072D313) srli t1, t0, 0x7
x6 <- 0x000000001FDDB7D5

mem[X,0x000000008000011C] -> 0xD793
mem[X,0x000000008000011E] -> 0x0392
[76] [M]: 0x000000008000011C (0x0392D793) srli a5, t0, 0x39
x15 <- 0x0000000000000000

mem[X,0x0000000080000120] -> 0x6333
mem[X,0x0000000080000122] -> 0x00F3
[77] [M]: 0x0000000080000120 (0x00F36333) or t1, t1, a5
x6 <- 0x000000001FDDB7D5

mem[X,0x0000000080000124] -> 0x5393
mem[X,0x0000000080000126] -> 0x0073
[78] [M]: 0x0000000080000124 (0x00735393) srli t2, t1, 0x7
x7 <- 0x00000000003FBB6F

mem[X,0x0000000080000128] -> 0x5793
mem[X,0x000000008000012A] -> 0x0393
[79] [M]: 0x0000000080000128 (0x03935793) srli a5, t1, 0x39
x15 <- 0x0000000000000000

mem[X,0x000000008000012C] -> 0xE3B3
mem[X,0x000000008000012E] -> 0x00F3
[80] [M]: 0x000000008000012C (0x00F3E3B3) or t2, t2, a5
x7 <- 0x00000000003FBB6F

mem[X,0x0000000080000130] -> 0xD413
mem[X,0x0000000080000132] -> 0x0073
[81] [M]: 0x0000000080000130 (0x0073D413) srli fp, t2, 0x7
x8 <- 0x0000000000007F76

mem[X,0x0000000080000134] -> 0xD793
mem[X,0x0000000080000136] -> 0x0393
[82] [M]: 0x0000000080000134 (0x0393D793) srli a5, t2, 0x39
x15 <- 0x0000000000000000

mem[X,0x0000000080000138] -> 0x6433
mem[X,0x000000008000013A] -> 0x00F4
[83] [M]: 0x0000000080000138 (0x00F46433) or fp, fp, a5
x8 <- 0x0000000000007F76

mem[X,0x000000008000013C] -> 0x5493
mem[X,0x000000008000013E] -> 0x0074
[84] [M]: 0x000000008000013C (0x00745493) srli s1, fp, 0x7
x9 <- 0x00000000000000FE

mem[X,0x0000000080000140] -> 0x5793
mem[X,0x0000000080000142] -> 0x0394
[85] [M]: 0x0000000080000140 (0x03945793) srli a5, fp, 0x39
x15 <- 0x0000000000000000

mem[X,0x0000000080000144] -> 0xE4B3
mem[X,0x0000000080000146] -> 0x00F4
[86] [M]: 0x0000000080000144 (0x00F4E4B3) or s1, s1, a5
x9 <- 0x00000000000000FE

mem[X,0x0000000080000148] -> 0xD513
mem[X,0x000000008000014A] -> 0x0074
[87] [M]: 0x0000000080000148 (0x0074D513) srli a0, s1, 0x7
x10 <- 0x0000000000000001

mem[X,0x000000008000014C] -> 0xD793
mem[X,0x000000008000014E] -> 0x0394
[88] [M]: 0x000000008000014C (0x0394D793) srli a5, s1, 0x39
x15 <- 0x0000000000000000

mem[X,0x0000000080000150] -> 0x6533
mem[X,0x0000000080000152] -> 0x00F5
[89] [M]: 0x0000000080000150 (0x00F56533) or a0, a0, a5
x10 <- 0x0000000000000001

mem[X,0x0000000080000154] -> 0x5593
mem[X,0x0000000080000156] -> 0x0075
[90] [M]: 0x0000000080000154 (0x00755593) srli a1, a0, 0x7
x11 <- 0x0000000000000000

mem[X,0x0000000080000158] -> 0x5793
mem[X,0x000000008000015A] -> 0x0395
[91] [M]: 0x0000000080000158 (0x03955793) srli a5, a0, 0x39
x15 <- 0x0000000000000000

mem[X,0x000000008000015C] -> 0xE5B3
mem[X,0x000000008000015E] -> 0x00F5
[92] [M]: 0x000000008000015C (0x00F5E5B3) or a1, a1, a5
x11 <- 0x0000000000000000

mem[X,0x0000000080000160] -> 0xD613
mem[X,0x0000000080000162] -> 0x0075
[93] [M]: 0x0000000080000160 (0x0075D613) srli a2, a1, 0x7
x12 <- 0x0000000000000000

mem[X,0x0000000080000164] -> 0xD793
mem[X,0x0000000080000166] -> 0x0395
[94] [M]: 0x0000000080000164 (0x0395D793) srli a5, a1, 0x39
x15 <- 0x0000000000000000

mem[X,0x0000000080000168] -> 0x6633
mem[X,0x000000008000016A] -> 0x00F6
[95] [M]: 0x0000000080000168 (0x00F66633) or a2, a2, a5
x12 <- 0x0000000000000000

mem[X,0x000000008000016C] -> 0x5693
mem[X,0x000000008000016E] -> 0x0076
[96] [M]: 0x000000008000016C (0x00765693) srli a3, a2, 0x7
x13 <- 0x0000000000000000

mem[X,0x0000000080000170] -> 0x5793
mem[X,0x0000000080000172] -> 0x0396
[97] [M]: 0x0000000080000170 (0x03965793) srli a5, a2, 0x39
x15 <- 0x0000000000000000

mem[X,0x0000000080000174] -> 0xE6B3
mem[X,0x0000000080000176] -> 0x00F6
[98] [M]: 0x0000000080000174 (0x00F6E6B3) or a3, a3, a5
x13 <- 0x0000000000000000

mem[X,0x0000000080000178] -> 0x0013
mem[X,0x000000008000017A] -> 0x0000
[99] [M]: 0x0000000080000178 (0x00000013) addi zero, zero, 0x0

clint::tick mtime <- 0x0000000000000001
 clint timer pending at mtime 0x0000000000000001
htif::tick 0x0000000000000000
mem[X,0x000000008000017C] -> 0x0013
mem[X,0x000000008000017E] -> 0x0000
[100] [M]: 0x000000008000017C (0x00000013) addi zero, zero, 0x0

mem[X,0x0000000080000180] -> 0x4317
mem[X,0x0000000080000182] -> 0x0000
[101] [M]: 0x0000000080000180 (0x00004317) auipc t1, 0x4
x6 <- 0x0000000080004180

mem[X,0x0000000080000184] -> 0x0313
mem[X,0x0000000080000186] -> 0xF983
[102] [M]: 0x0000000080000184 (0xF9830313) addi t1, t1, -0x68
x6 <- 0x0000000080004118

mem[X,0x0000000080000188] -> 0x0013
mem[X,0x000000008000018A] -> 0x0000
[103] [M]: 0x0000000080000188 (0x00000013) addi zero, zero, 0x0

mem[X,0x000000008000018C] -> 0x0013
mem[X,0x000000008000018E] -> 0x0000
[104] [M]: 0x000000008000018C (0x00000013) addi zero, zero, 0x0

mem[X,0x0000000080000190] -> 0x0013
mem[X,0x0000000080000192] -> 0x0000
[105] [M]: 0x0000000080000190 (0x00000013) addi zero, zero, 0x0

mem[X,0x0000000080000194] -> 0x0013
mem[X,0x0000000080000196] -> 0x0000
[106] [M]: 0x0000000080000194 (0x00000013) addi zero, zero, 0x0

mem[X,0x0000000080000198] -> 0x0013
mem[X,0x000000008000019A] -> 0x0000
[107] [M]: 0x0000000080000198 (0x00000013) addi zero, zero, 0x0

mem[X,0x000000008000019C] -> 0x0013
mem[X,0x000000008000019E] -> 0x0000
[108] [M]: 0x000000008000019C (0x00000013) addi zero, zero, 0x0

mem[X,0x00000000800001A0] -> 0x0F37
mem[X,0x00000000800001A2] -> 0xFFFB
[109] [M]: 0x00000000800001A0 (0xFFFB0F37) lui t5, -0x50
x30 <- 0xFFFFFFFFFFFB0000

mem[X,0x00000000800001A4] -> 0x0F13
mem[X,0x00000000800001A6] -> 0xFF7F
[110] [M]: 0x00000000800001A4 (0xFF7F0F13) addi t5, t5, -0x9
x30 <- 0xFFFFFFFFFFFAFFF7

mem[X,0x00000000800001A8] -> 0x1F13
mem[X,0x00000000800001AA] -> 0x00BF
[111] [M]: 0x00000000800001A8 (0x00BF1F13) slli t5, t5, 0xb
x30 <- 0xFFFFFFFFD7FFB800

mem[X,0x00000000800001AC] -> 0x0F13
mem[X,0x00000000800001AE] -> 0x002F
[112] [M]: 0x00000000800001AC (0x002F0F13) addi t5, t5, 0x2
x30 <- 0xFFFFFFFFD7FFB802

mem[X,0x00000000800001B0] -> 0x1F13
mem[X,0x00000000800001B2] -> 0x00BF
[113] [M]: 0x00000000800001B0 (0x00BF1F13) slli t5, t5, 0xb
x30 <- 0xFFFFFEBFFDC01000

mem[X,0x00000000800001B4] -> 0x0F13
mem[X,0x00000000800001B6] -> 0x020F
[114] [M]: 0x00000000800001B4 (0x020F0F13) addi t5, t5, 0x20
x30 <- 0xFFFFFEBFFDC01020

mem[X,0x00000000800001B8] -> 0x1F13
mem[X,0x00000000800001BA] -> 0x00AF
[115] [M]: 0x00000000800001B8 (0x00AF1F13) slli t5, t5, 0xa
x30 <- 0xFFFAFFF700408000

mem[X,0x00000000800001BC] -> 0x1137
mem[X,0x00000000800001BE] -> 0xFFDF
[116] [M]: 0x00000000800001BC (0xFFDF1137) lui sp, -0x20f
x2 <- 0xFFFFFFFFFFDF1000

mem[X,0x00000000800001C0] -> 0x0113
mem[X,0x00000000800001C2] -> 0x0001
[117] [M]: 0x00000000800001C0 (0x00010113) addi sp, sp, 0x0
x2 <- 0xFFFFFFFFFFDF1000

mem[X,0x00000000800001C4] -> 0x1113
mem[X,0x00000000800001C6] -> 0x00B1
[118] [M]: 0x00000000800001C4 (0x00B11113) slli sp, sp, 0xb
x2 <- 0xFFFFFFFEF8800000

mem[X,0x00000000800001C8] -> 0x0113
mem[X,0x00000000800001CA] -> 0x7DF1
[119] [M]: 0x00000000800001C8 (0x7DF10113) addi sp, sp, 0x7df
x2 <- 0xFFFFFFFEF88007DF

mem[X,0x00000000800001CC] -> 0x1113
mem[X,0x00000000800001CE] -> 0x00B1
[120] [M]: 0x00000000800001CC (0x00B11113) slli sp, sp, 0xb
x2 <- 0xFFFFF7C4003EF800

mem[X,0x00000000800001D0] -> 0x0113
mem[X,0x00000000800001D2] -> 0x7FF1
[121] [M]: 0x00000000800001D0 (0x7FF10113) addi sp, sp, 0x7ff
x2 <- 0xFFFFF7C4003EFFFF

mem[X,0x00000000800001D4] -> 0x1113
mem[X,0x00000000800001D6] -> 0x00A1
[122] [M]: 0x00000000800001D4 (0x00A11113) slli sp, sp, 0xa
x2 <- 0xFFDF1000FBFFFC00

mem[X,0x00000000800001D8] -> 0x0113
mem[X,0x00000000800001DA] -> 0x3F71
[123] [M]: 0x00000000800001D8 (0x3F710113) addi sp, sp, 0x3f7
x2 <- 0xFFDF1000FBFFFFF7

mem[X,0x00000000800001DC] -> 0x713B
mem[X,0x00000000800001DE] -> 0xA82F
[124] [M]: 0x00000000800001DC (0xA82F713B) pmhacc.h.be sp, t5, sp
x2 <- 0xFFDF1000FBFEFFFB

mem[X,0x00000000800001E0] -> 0x3023
mem[X,0x00000000800001E2] -> 0x0023
[125] [M]: 0x00000000800001E0 (0x00233023) sd sp, 0x0(t1)
mem[0x0000000080004118] <- 0xFFDF1000FBFEFFFB

mem[X,0x00000000800001E4] -> 0x0437
mem[X,0x00000000800001E6] -> 0x4001
[126] [M]: 0x00000000800001E4 (0x40010437) lui fp, 0x40010
x8 <- 0x0000000040010000

mem[X,0x00000000800001E8] -> 0x0413
mem[X,0x00000000800001EA] -> 0xFFB4
[127] [M]: 0x00000000800001E8 (0xFFB40413) addi fp, fp, -0x5
x8 <- 0x000000004000FFFB

mem[X,0x00000000800001EC] -> 0x1413
mem[X,0x00000000800001EE] -> 0x00B4
[128] [M]: 0x00000000800001EC (0x00B41413) slli fp, fp, 0xb
x8 <- 0x0000020007FFD800

mem[X,0x00000000800001F0] -> 0x0413
mem[X,0x00000000800001F2] -> 0x7FD4
[129] [M]: 0x00000000800001F0 (0x7FD40413) addi fp, fp, 0x7fd
x8 <- 0x0000020007FFDFFD

mem[X,0x00000000800001F4] -> 0x1413
mem[X,0x00000000800001F6] -> 0x00B4
[130] [M]: 0x00000000800001F4 (0x00B41413) slli fp, fp, 0xb
x8 <- 0x0010003FFEFFE800

mem[X,0x00000000800001F8] -> 0x0413
mem[X,0x00000000800001FA] -> 0x7FF4
[131] [M]: 0x00000000800001F8 (0x7FF40413) addi fp, fp, 0x7ff
x8 <- 0x0010003FFEFFEFFF

mem[X,0x00000000800001FC] -> 0x1413
mem[X,0x00000000800001FE] -> 0x00A4
[132] [M]: 0x00000000800001FC (0x00A41413) slli fp, fp, 0xa
x8 <- 0x4000FFFBFFBFFC00

mem[X,0x0000000080000200] -> 0x0413
mem[X,0x0000000080000202] -> 0x3FF4
[133] [M]: 0x0000000080000200 (0x3FF40413) addi fp, fp, 0x3ff
x8 <- 0x4000FFFBFFBFFFFF

mem[X,0x0000000080000204] -> 0x0437
mem[X,0x0000000080000206] -> 0x0008
[134] [M]: 0x0000000080000204 (0x00080437) lui fp, 0x80
x8 <- 0x0000000000080000

mem[X,0x0000000080000208] -> 0x0413
mem[X,0x000000008000020A] -> 0x0804
[135] [M]: 0x0000000080000208 (0x08040413) addi fp, fp, 0x80
x8 <- 0x0000000000080080

mem[X,0x000000008000020C] -> 0x1413
mem[X,0x000000008000020E] -> 0x00B4
[136] [M]: 0x000000008000020C (0x00B41413) slli fp, fp, 0xb
x8 <- 0x0000000040040000

mem[X,0x0000000080000210] -> 0x0413
mem[X,0x0000000080000212] -> 0x0004
[137] [M]: 0x0000000080000210 (0x00040413) addi fp, fp, 0x0
x8 <- 0x0000000040040000

mem[X,0x0000000080000214] -> 0x1413
mem[X,0x0000000080000216] -> 0x00B4
[138] [M]: 0x0000000080000214 (0x00B41413) slli fp, fp, 0xb
x8 <- 0x0000020020000000

mem[X,0x0000000080000218] -> 0x0413
mem[X,0x000000008000021A] -> 0x4004
[139] [M]: 0x0000000080000218 (0x40040413) addi fp, fp, 0x400
x8 <- 0x0000020020000400

mem[X,0x000000008000021C] -> 0x1413
mem[X,0x000000008000021E] -> 0x00A4
[140] [M]: 0x000000008000021C (0x00A41413) slli fp, fp, 0xa
x8 <- 0x0008008000100000

mem[X,0x0000000080000220] -> 0x0413
mem[X,0x0000000080000222] -> 0x0084
[141] [M]: 0x0000000080000220 (0x00840413) addi fp, fp, 0x8
x8 <- 0x0008008000100008

mem[X,0x0000000080000224] -> 0x7DBB
mem[X,0x0000000080000226] -> 0xA884
[142] [M]: 0x0000000080000224 (0xA8847DBB) pmhacc.h.be s11, fp, fp
x27 <- 0x0000FFFF00000000

mem[X,0x0000000080000228] -> 0x3423
mem[X,0x000000008000022A] -> 0x01B3
[143] [M]: 0x0000000080000228 (0x01B33423) sd s11, 0x8(t1)
mem[0x0000000080004120] <- 0x0000FFFF00000000

mem[X,0x000000008000022C] -> 0x0EB7
mem[X,0x000000008000022E] -> 0xFFFB
[144] [M]: 0x000000008000022C (0xFFFB0EB7) lui t4, -0x50
x29 <- 0xFFFFFFFFFFFB0000

mem[X,0x0000000080000230] -> 0x8E93
mem[X,0x0000000080000232] -> 0x003E
[145] [M]: 0x0000000080000230 (0x003E8E93) addi t4, t4, 0x3
x29 <- 0xFFFFFFFFFFFB0003

mem[X,0x0000000080000234] -> 0x9E93
mem[X,0x0000000080000236] -> 0x00BE
[146] [M]: 0x0000000080000234 (0x00BE9E93) slli t4, t4, 0xb
x29 <- 0xFFFFFFFFD8001800

mem[X,0x0000000080000238] -> 0x8E93
mem[X,0x000000008000023A] -> 0x7FFE
[147] [M]: 0x0000000080000238 (0x7FFE8E93) addi t4, t4, 0x7ff
x29 <- 0xFFFFFFFFD8001FFF

mem[X,0x000000008000023C] -> 0x9E93
mem[X,0x000000008000023E] -> 0x00BE
[148] [M]: 0x000000008000023C (0x00BE9E93) slli t4, t4, 0xb
x29 <- 0xFFFFFEC000FFF800

mem[X,0x0000000080000240] -> 0x8E93
mem[X,0x0000000080000242] -> 0x600E
[149] [M]: 0x0000000080000240 (0x600E8E93) addi t4, t4, 0x600
x29 <- 0xFFFFFEC000FFFE00

mem[X,0x0000000080000244] -> 0x9E93
mem[X,0x0000000080000246] -> 0x00AE
[150] [M]: 0x0000000080000244 (0x00AE9E93) slli t4, t4, 0xa
x29 <- 0xFFFB0003FFF80000

mem[X,0x0000000080000248] -> 0x0EB7
mem[X,0x000000008000024A] -> 0x0006
[151] [M]: 0x0000000080000248 (0x00060EB7) lui t4, 0x60
x29 <- 0x0000000000060000

mem[X,0x000000008000024C] -> 0x8E93
mem[X,0x000000008000024E] -> 0x200E
[152] [M]: 0x000000008000024C (0x200E8E93) addi t4, t4, 0x200
x29 <- 0x0000000000060200

mem[X,0x0000000080000250] -> 0x9E93
mem[X,0x0000000080000252] -> 0x00BE
[153] [M]: 0x0000000080000250 (0x00BE9E93) slli t4, t4, 0xb
x29 <- 0x0000000030100000

mem[X,0x0000000080000254] -> 0x8E93
mem[X,0x0000000080000256] -> 0x004E
[154] [M]: 0x0000000080000254 (0x004E8E93) addi t4, t4, 0x4
x29 <- 0x0000000030100004

mem[X,0x0000000080000258] -> 0x9E93
mem[X,0x000000008000025A] -> 0x00BE
[155] [M]: 0x0000000080000258 (0x00BE9E93) slli t4, t4, 0xb
x29 <- 0x0000018080002000

mem[X,0x000000008000025C] -> 0x8E93
mem[X,0x000000008000025E] -> 0x000E
[156] [M]: 0x000000008000025C (0x000E8E93) addi t4, t4, 0x0
x29 <- 0x0000018080002000

mem[X,0x0000000080000260] -> 0x9E93
mem[X,0x0000000080000262] -> 0x00AE
[157] [M]: 0x0000000080000260 (0x00AE9E93) slli t4, t4, 0xa
x29 <- 0x0006020000800000

mem[X,0x0000000080000264] -> 0x8E93
mem[X,0x0000000080000266] -> 0x080E
[158] [M]: 0x0000000080000264 (0x080E8E93) addi t4, t4, 0x80
x29 <- 0x0006020000800080

mem[X,0x0000000080000268] -> 0xFEBB
mem[X,0x000000008000026A] -> 0xA9DE
[159] [M]: 0x0000000080000268 (0xA9DEFEBB) pmhacc.h.be t4, t4, t4
x29 <- 0x00060200007F007F

mem[X,0x000000008000026C] -> 0x3823
mem[X,0x000000008000026E] -> 0x01D3
[160] [M]: 0x000000008000026C (0x01D33823) sd t4, 0x10(t1)
mem[0x0000000080004128] <- 0x00060200007F007F

mem[X,0x0000000080000270] -> 0x0A37
mem[X,0x0000000080000272] -> 0x0009
[161] [M]: 0x0000000080000270 (0x00090A37) lui s4, 0x90
x20 <- 0x0000000000090000

mem[X,0x0000000080000274] -> 0x0A13
mem[X,0x0000000080000276] -> 0xFBFA
[162] [M]: 0x0000000080000274 (0xFBFA0A13) addi s4, s4, -0x41
x20 <- 0x000000000008FFBF

mem[X,0x0000000080000278] -> 0x1A13
mem[X,0x000000008000027A] -> 0x00BA
[163] [M]: 0x0000000080000278 (0x00BA1A13) slli s4, s4, 0xb
x20 <- 0x0000000047FDF800

mem[X,0x000000008000027C] -> 0x0A13
mem[X,0x000000008000027E] -> 0x000A
[164] [M]: 0x000000008000027C (0x000A0A13) addi s4, s4, 0x0
x20 <- 0x0000000047FDF800

mem[X,0x0000000080000280] -> 0x1A13
mem[X,0x0000000080000282] -> 0x00BA
[165] [M]: 0x0000000080000280 (0x00BA1A13) slli s4, s4, 0xb
x20 <- 0x0000023FEFC00000

mem[X,0x0000000080000284] -> 0x0A13
mem[X,0x0000000080000286] -> 0x140A
[166] [M]: 0x0000000080000284 (0x140A0A13) addi s4, s4, 0x140
x20 <- 0x0000023FEFC00140

mem[X,0x0000000080000288] -> 0x1A13
mem[X,0x000000008000028A] -> 0x00AA
[167] [M]: 0x0000000080000288 (0x00AA1A13) slli s4, s4, 0xa
x20 <- 0x0008FFBF00050000

mem[X,0x000000008000028C] -> 0x0A13
mem[X,0x000000008000028E] -> 0x001A
[168] [M]: 0x000000008000028C (0x001A0A13) addi s4, s4, 0x1
x20 <- 0x0008FFBF00050001

mem[X,0x0000000080000290] -> 0x0C37
mem[X,0x0000000080000292] -> 0x0001
[169] [M]: 0x0000000080000290 (0x00010C37) lui s8, 0x10
x24 <- 0x0000000000010000

mem[X,0x0000000080000294] -> 0x0C13
mem[X,0x0000000080000296] -> 0x008C
[170] [M]: 0x0000000080000294 (0x008C0C13) addi s8, s8, 0x8
x24 <- 0x0000000000010008

mem[X,0x0000000080000298] -> 0x1C13
mem[X,0x000000008000029A] -> 0x00BC
[171] [M]: 0x0000000080000298 (0x00BC1C13) slli s8, s8, 0xb
x24 <- 0x0000000008004000

mem[X,0x000000008000029C] -> 0x0C13
mem[X,0x000000008000029E] -> 0x000C
[172] [M]: 0x000000008000029C (0x000C0C13) addi s8, s8, 0x0
x24 <- 0x0000000008004000

mem[X,0x00000000800002A0] -> 0x1C13
mem[X,0x00000000800002A2] -> 0x00BC
[173] [M]: 0x00000000800002A0 (0x00BC1C13) slli s8, s8, 0xb
x24 <- 0x0000004002000000

mem[X,0x00000000800002A4] -> 0x0C13
mem[X,0x00000000800002A6] -> 0x1C0C
[174] [M]: 0x00000000800002A4 (0x1C0C0C13) addi s8, s8, 0x1c0
x24 <- 0x00000040020001C0

mem[X,0x00000000800002A8] -> 0x1C13
mem[X,0x00000000800002AA] -> 0x00AC
[175] [M]: 0x00000000800002A8 (0x00AC1C13) slli s8, s8, 0xa
x24 <- 0x0001000800070000

mem[X,0x00000000800002AC] -> 0x0C13
mem[X,0x00000000800002AE] -> 0x002C
[176] [M]: 0x00000000800002AC (0x002C0C13) addi s8, s8, 0x2
x24 <- 0x0001000800070002

mem[X,0x00000000800002B0] -> 0x7A3B
mem[X,0x00000000800002B2] -> 0xA98A
[177] [M]: 0x00000000800002B0 (0xA98A7A3B) pmhacc.h.be s4, s4, s8
x20 <- 0x0008FFBE00050001

mem[X,0x00000000800002B4] -> 0x3C23
mem[X,0x00000000800002B6] -> 0x0143
[178] [M]: 0x00000000800002B4 (0x01433C23) sd s4, 0x18(t1)
mem[0x0000000080004130] <- 0x0008FFBE00050001

mem[X,0x00000000800002B8] -> 0x08B7
mem[X,0x00000000800002BA] -> 0x0006
[179] [M]: 0x00000000800002B8 (0x000608B7) lui a7, 0x60
x17 <- 0x0000000000060000

mem[X,0x00000000800002BC] -> 0x8893
mem[X,0x00000000800002BE] -> 0x0008
[180] [M]: 0x00000000800002BC (0x00088893) addi a7, a7, 0x0
x17 <- 0x0000000000060000

mem[X,0x00000000800002C0] -> 0x9893
mem[X,0x00000000800002C2] -> 0x00B8
[181] [M]: 0x00000000800002C0 (0x00B89893) slli a7, a7, 0xb
x17 <- 0x0000000030000000

mem[X,0x00000000800002C4] -> 0x8893
mem[X,0x00000000800002C6] -> 0x2AA8
[182] [M]: 0x00000000800002C4 (0x2AA88893) addi a7, a7, 0x2aa
x17 <- 0x00000000300002AA

mem[X,0x00000000800002C8] -> 0x9893
mem[X,0x00000000800002CA] -> 0x00B8
[183] [M]: 0x00000000800002C8 (0x00B89893) slli a7, a7, 0xb
x17 <- 0x0000018000155000

mem[X,0x00000000800002CC] -> 0x8893
mem[X,0x00000000800002CE] -> 0x55F8
[184] [M]: 0x00000000800002CC (0x55F88893) addi a7, a7, 0x55f
x17 <- 0x000001800015555F

mem[X,0x00000000800002D0] -> 0x9893
mem[X,0x00000000800002D2] -> 0x00A8
[185] [M]: 0x00000000800002D0 (0x00A89893) slli a7, a7, 0xa
x17 <- 0x0006000055557C00

mem[X,0x00000000800002D4] -> 0x8893
mem[X,0x00000000800002D6] -> 0x3FF8
[186] [M]: 0x00000000800002D4 (0x3FF88893) addi a7, a7, 0x3ff
x17 <- 0x0006000055557FFF

mem[X,0x00000000800002D8] -> 0x0FB7
mem[X,0x00000000800002DA] -> 0xFF7F
[187] [M]: 0x00000000800002D8 (0xFF7F0FB7) lui t6, -0x810
x31 <- 0xFFFFFFFFFF7F0000

mem[X,0x00000000800002DC] -> 0x8F93
mem[X,0x00000000800002DE] -> 0x080F
[188] [M]: 0x00000000800002DC (0x080F8F93) addi t6, t6, 0x80
x31 <- 0xFFFFFFFFFF7F0080

mem[X,0x00000000800002E0] -> 0x9F93
mem[X,0x00000000800002E2] -> 0x00BF
[189] [M]: 0x00000000800002E0 (0x00BF9F93) slli t6, t6, 0xb
x31 <- 0xFFFFFFFBF8040000

mem[X,0x00000000800002E4] -> 0x8F93
mem[X,0x00000000800002E6] -> 0x7FFF
[190] [M]: 0x00000000800002E4 (0x7FFF8F93) addi t6, t6, 0x7ff
x31 <- 0xFFFFFFFBF80407FF

mem[X,0x00000000800002E8] -> 0x9F93
mem[X,0x00000000800002EA] -> 0x00BF
[191] [M]: 0x00000000800002E8 (0x00BF9F93) slli t6, t6, 0xb
x31 <- 0xFFFFDFC0203FF800

mem[X,0x00000000800002EC] -> 0x8F93
mem[X,0x00000000800002EE] -> 0x601F
[192] [M]: 0x00000000800002EC (0x601F8F93) addi t6, t6, 0x601
x31 <- 0xFFFFDFC0203FFE01

mem[X,0x00000000800002F0] -> 0x9F93
mem[X,0x00000000800002F2] -> 0x00AF
[193] [M]: 0x00000000800002F0 (0x00AF9F93) slli t6, t6, 0xa
x31 <- 0xFF7F0080FFF80400

mem[X,0x00000000800002F4] -> 0xF2BB
mem[X,0x00000000800002F6] -> 0xA9F8
[194] [M]: 0x00000000800002F4 (0xA9F8F2BB) pmhacc.h.be t0, a7, t6
x5 <- 0x0000000FEED8EADF

mem[X,0x00000000800002F8] -> 0x3023
mem[X,0x00000000800002FA] -> 0x0253
[195] [M]: 0x00000000800002F8 (0x02533023) sd t0, 0x20(t1)
mem[0x0000000080004138] <- 0x0000000FEED8EADF

mem[X,0x00000000800002FC] -> 0x50B7
mem[X,0x00000000800002FE] -> 0x0010
[196] [M]: 0x00000000800002FC (0x001050B7) lui ra, 0x105
x1 <- 0x0000000000105000

mem[X,0x0000000080000300] -> 0x8093
mem[X,0x0000000080000302] -> 0x5550
[197] [M]: 0x0000000080000300 (0x55508093) addi ra, ra, 0x555
x1 <- 0x0000000000105555

mem[X,0x0000000080000304] -> 0x9093
mem[X,0x0000000080000306] -> 0x00B0
[198] [M]: 0x0000000080000304 (0x00B09093) slli ra, ra, 0xb
x1 <- 0x0000000082AAA800

mem[X,0x0000000080000308] -> 0x8093
mem[X,0x000000008000030A] -> 0x0000
[199] [M]: 0x0000000080000308 (0x00008093) addi ra, ra, 0x0
x1 <- 0x0000000082AAA800

clint::tick mtime <- 0x0000000000000002
 clint timer pending at mtime 0x0000000000000002
htif::tick 0x0000000000000000
mem[X,0x000000008000030C] -> 0x9093
mem[X,0x000000008000030E] -> 0x00B0
[200] [M]: 0x000000008000030C (0x00B09093) slli ra, ra, 0xb
x1 <- 0x0000041555400000

mem[X,0x0000000080000310] -> 0x8093
mem[X,0x0000000080000312] -> 0x1800
[201] [M]: 0x0000000080000310 (0x18008093) addi ra, ra, 0x180
x1 <- 0x0000041555400180

mem[X,0x0000000080000314] -> 0x9093
mem[X,0x0000000080000316] -> 0x00A0
[202] [M]: 0x0000000080000314 (0x00A09093) slli ra, ra, 0xa
x1 <- 0x0010555500060000

mem[X,0x0000000080000318] -> 0x8093
mem[X,0x000000008000031A] -> 0x0020
[203] [M]: 0x0000000080000318 (0x00208093) addi ra, ra, 0x2
x1 <- 0x0010555500060002

mem[X,0x000000008000031C] -> 0x06B7
mem[X,0x000000008000031E] -> 0x1001
[204] [M]: 0x000000008000031C (0x100106B7) lui a3, 0x10010
x13 <- 0x0000000010010000

mem[X,0x0000000080000320] -> 0x8693
mem[X,0x0000000080000322] -> 0xFF76
[205] [M]: 0x0000000080000320 (0xFF768693) addi a3, a3, -0x9
x13 <- 0x000000001000FFF7

mem[X,0x0000000080000324] -> 0x9693
mem[X,0x0000000080000326] -> 0x00B6
[206] [M]: 0x0000000080000324 (0x00B69693) slli a3, a3, 0xb
x13 <- 0x0000008007FFB800

mem[X,0x0000000080000328] -> 0x8693
mem[X,0x000000008000032A] -> 0x77F6
[207] [M]: 0x0000000080000328 (0x77F68693) addi a3, a3, 0x77f
x13 <- 0x0000008007FFBF7F

mem[X,0x000000008000032C] -> 0x9693
mem[X,0x000000008000032E] -> 0x00B6
[208] [M]: 0x000000008000032C (0x00B69693) slli a3, a3, 0xb
x13 <- 0x0004003FFDFBF800

mem[X,0x0000000080000330] -> 0x8693
mem[X,0x0000000080000332] -> 0x7C06
[209] [M]: 0x0000000080000330 (0x7C068693) addi a3, a3, 0x7c0
x13 <- 0x0004003FFDFBFFC0

mem[X,0x0000000080000334] -> 0x9693
mem[X,0x0000000080000336] -> 0x00A6
[210] [M]: 0x0000000080000334 (0x00A69693) slli a3, a3, 0xa
x13 <- 0x1000FFF7EFFF0000

mem[X,0x0000000080000338] -> 0xF4BB
mem[X,0x000000008000033A] -> 0xA8D0
[211] [M]: 0x0000000080000338 (0xA8D0F4BB) pmhacc.h.be s1, ra, a3
x9 <- 0x0000FFFDFFFF00FE

mem[X,0x000000008000033C] -> 0x3423
mem[X,0x000000008000033E] -> 0x0293
[212] [M]: 0x000000008000033C (0x02933423) sd s1, 0x28(t1)
mem[0x0000000080004140] <- 0x0000FFFDFFFF00FE

mem[X,0x0000000080000340] -> 0x0537
mem[X,0x0000000080000342] -> 0x0009
[213] [M]: 0x0000000080000340 (0x00090537) lui a0, 0x90
x10 <- 0x0000000000090000

mem[X,0x0000000080000344] -> 0x0513
mem[X,0x0000000080000346] -> 0xFF65
[214] [M]: 0x0000000080000344 (0xFF650513) addi a0, a0, -0xa
x10 <- 0x000000000008FFF6

mem[X,0x0000000080000348] -> 0x1513
mem[X,0x000000008000034A] -> 0x00B5
[215] [M]: 0x0000000080000348 (0x00B51513) slli a0, a0, 0xb
x10 <- 0x0000000047FFB000

mem[X,0x000000008000034C] -> 0x0513
mem[X,0x000000008000034E] -> 0x7FF5
[216] [M]: 0x000000008000034C (0x7FF50513) addi a0, a0, 0x7ff
x10 <- 0x0000000047FFB7FF

mem[X,0x0000000080000350] -> 0x1513
mem[X,0x0000000080000352] -> 0x00B5
[217] [M]: 0x0000000080000350 (0x00B51513) slli a0, a0, 0xb
x10 <- 0x0000023FFDBFF800

mem[X,0x0000000080000354] -> 0x0513
mem[X,0x0000000080000356] -> 0x6005
[218] [M]: 0x0000000080000354 (0x60050513) addi a0, a0, 0x600
x10 <- 0x0000023FFDBFFE00

mem[X,0x0000000080000358] -> 0x1513
mem[X,0x000000008000035A] -> 0x00A5
[219] [M]: 0x0000000080000358 (0x00A51513) slli a0, a0, 0xa
x10 <- 0x0008FFF6FFF80000

mem[X,0x000000008000035C] -> 0x0513
mem[X,0x000000008000035E] -> 0x0045
[220] [M]: 0x000000008000035C (0x00450513) addi a0, a0, 0x4
x10 <- 0x0008FFF6FFF80004

mem[X,0x0000000080000360] -> 0x07B7
mem[X,0x0000000080000362] -> 0x4000
[221] [M]: 0x0000000080000360 (0x400007B7) lui a5, 0x40000
x15 <- 0x0000000040000000

mem[X,0x0000000080000364] -> 0x8793
mem[X,0x0000000080000366] -> 0xFF67
[222] [M]: 0x0000000080000364 (0xFF678793) addi a5, a5, -0xa
x15 <- 0x000000003FFFFFF6

mem[X,0x0000000080000368] -> 0x9793
mem[X,0x000000008000036A] -> 0x00B7
[223] [M]: 0x0000000080000368 (0x00B79793) slli a5, a5, 0xb
x15 <- 0x000001FFFFFFB000

mem[X,0x000000008000036C] -> 0x8793
mem[X,0x000000008000036E] -> 0x1FF7
[224] [M]: 0x000000008000036C (0x1FF78793) addi a5, a5, 0x1ff
x15 <- 0x000001FFFFFFB1FF

mem[X,0x0000000080000370] -> 0x9793
mem[X,0x0000000080000372] -> 0x00B7
[225] [M]: 0x0000000080000370 (0x00B79793) slli a5, a5, 0xb
x15 <- 0x000FFFFFFD8FF800

mem[X,0x0000000080000374] -> 0x8793
mem[X,0x0000000080000376] -> 0x7FF7
[226] [M]: 0x0000000080000374 (0x7FF78793) addi a5, a5, 0x7ff
x15 <- 0x000FFFFFFD8FFFFF

mem[X,0x0000000080000378] -> 0x9793
mem[X,0x000000008000037A] -> 0x00A7
[227] [M]: 0x0000000080000378 (0x00A79793) slli a5, a5, 0xa
x15 <- 0x3FFFFFF63FFFFC00

mem[X,0x000000008000037C] -> 0x8793
mem[X,0x000000008000037E] -> 0x3FC7
[228] [M]: 0x000000008000037C (0x3FC78793) addi a5, a5, 0x3fc
x15 <- 0x3FFFFFF63FFFFFFC

mem[X,0x0000000080000380] -> 0x75BB
mem[X,0x0000000080000382] -> 0xA8F5
[229] [M]: 0x0000000080000380 (0xA8F575BB) pmhacc.h.be a1, a0, a5
x11 <- 0xFFFF00000000FFFF

mem[X,0x0000000080000384] -> 0x3823
mem[X,0x0000000080000386] -> 0x02B3
[230] [M]: 0x0000000080000384 (0x02B33823) sd a1, 0x30(t1)
mem[0x0000000080004148] <- 0xFFFF00000000FFFF

mem[X,0x0000000080000388] -> 0x0FB7
mem[X,0x000000008000038A] -> 0x2001
[231] [M]: 0x0000000080000388 (0x20010FB7) lui t6, 0x20010
x31 <- 0x0000000020010000

mem[X,0x000000008000038C] -> 0x8F93
mem[X,0x000000008000038E] -> 0xFFAF
[232] [M]: 0x000000008000038C (0xFFAF8F93) addi t6, t6, -0x6
x31 <- 0x000000002000FFFA

mem[X,0x0000000080000390] -> 0x9F93
mem[X,0x0000000080000392] -> 0x00BF
[233] [M]: 0x0000000080000390 (0x00BF9F93) slli t6, t6, 0xb
x31 <- 0x0000010007FFD000

mem[X,0x0000000080000394] -> 0x8F93
mem[X,0x0000000080000396] -> 0x020F
[234] [M]: 0x0000000080000394 (0x020F8F93) addi t6, t6, 0x20
x31 <- 0x0000010007FFD020

mem[X,0x0000000080000398] -> 0x9F93
mem[X,0x000000008000039A] -> 0x00BF
[235] [M]: 0x0000000080000398 (0x00BF9F93) slli t6, t6, 0xb
x31 <- 0x0008003FFE810000

mem[X,0x000000008000039C] -> 0x8F93
mem[X,0x000000008000039E] -> 0x000F
[236] [M]: 0x000000008000039C (0x000F8F93) addi t6, t6, 0x0
x31 <- 0x0008003FFE810000

mem[X,0x00000000800003A0] -> 0x9F93
mem[X,0x00000000800003A2] -> 0x00AF
[237] [M]: 0x00000000800003A0 (0x00AF9F93) slli t6, t6, 0xa
x31 <- 0x2000FFFA04000000

mem[X,0x00000000800003A4] -> 0x8F93
mem[X,0x00000000800003A6] -> 0x008F
[238] [M]: 0x00000000800003A4 (0x008F8F93) addi t6, t6, 0x8
x31 <- 0x2000FFFA04000008

mem[X,0x00000000800003A8] -> 0x0D37
mem[X,0x00000000800003AA] -> 0xFFEF
[239] [M]: 0x00000000800003A8 (0xFFEF0D37) lui s10, -0x110
x26 <- 0xFFFFFFFFFFEF0000

mem[X,0x00000000800003AC] -> 0x0D13
mem[X,0x00000000800003AE] -> 0x004D
[240] [M]: 0x00000000800003AC (0x004D0D13) addi s10, s10, 0x4
x26 <- 0xFFFFFFFFFFEF0004

mem[X,0x00000000800003B0] -> 0x1D13
mem[X,0x00000000800003B2] -> 0x00BD
[241] [M]: 0x00000000800003B0 (0x00BD1D13) slli s10, s10, 0xb
x26 <- 0xFFFFFFFF78002000

mem[X,0x00000000800003B4] -> 0x0D13
mem[X,0x00000000800003B6] -> 0x000D
[242] [M]: 0x00000000800003B4 (0x000D0D13) addi s10, s10, 0x0
x26 <- 0xFFFFFFFF78002000

mem[X,0x00000000800003B8] -> 0x1D13
mem[X,0x00000000800003BA] -> 0x00BD
[243] [M]: 0x00000000800003B8 (0x00BD1D13) slli s10, s10, 0xb
x26 <- 0xFFFFFBC001000000

mem[X,0x00000000800003BC] -> 0x0D13
mem[X,0x00000000800003BE] -> 0x0BDD
[244] [M]: 0x00000000800003BC (0x0BDD0D13) addi s10, s10, 0xbd
x26 <- 0xFFFFFBC0010000BD

mem[X,0x00000000800003C0] -> 0x1D13
mem[X,0x00000000800003C2] -> 0x00AD
[245] [M]: 0x00000000800003C0 (0x00AD1D13) slli s10, s10, 0xa
x26 <- 0xFFEF00040002F400

mem[X,0x00000000800003C4] -> 0x0D13
mem[X,0x00000000800003C6] -> 0x3FFD
[246] [M]: 0x00000000800003C4 (0x3FFD0D13) addi s10, s10, 0x3ff
x26 <- 0xFFEF00040002F7FF

mem[X,0x00000000800003C8] -> 0xF23B
mem[X,0x00000000800003CA] -> 0xA9AF
[247] [M]: 0x00000000800003C8 (0xA9AFF23B) pmhacc.h.be tp, t6, s10
x4 <- 0xFFFD07F66DF56FF6

mem[X,0x00000000800003CC] -> 0x3C23
mem[X,0x00000000800003CE] -> 0x0243
[248] [M]: 0x00000000800003CC (0x02433C23) sd tp, 0x38(t1)
mem[0x0000000080004150] <- 0xFFFD07F66DF56FF6

mem[X,0x00000000800003D0] -> 0x07B7
mem[X,0x00000000800003D2] -> 0xFFF8
[249] [M]: 0x00000000800003D0 (0xFFF807B7) lui a5, -0x80
x15 <- 0xFFFFFFFFFFF80000

mem[X,0x00000000800003D4] -> 0x8793
mem[X,0x00000000800003D6] -> 0xFFB7
[250] [M]: 0x00000000800003D4 (0xFFB78793) addi a5, a5, -0x5
x15 <- 0xFFFFFFFFFFF7FFFB

mem[X,0x00000000800003D8] -> 0x9793
mem[X,0x00000000800003DA] -> 0x00B7
[251] [M]: 0x00000000800003D8 (0x00B79793) slli a5, a5, 0xb
x15 <- 0xFFFFFFFFBFFFD800

mem[X,0x00000000800003DC] -> 0x8793
mem[X,0x00000000800003DE] -> 0x0007
[252] [M]: 0x00000000800003DC (0x00078793) addi a5, a5, 0x0
x15 <- 0xFFFFFFFFBFFFD800

mem[X,0x00000000800003E0] -> 0x9793
mem[X,0x00000000800003E2] -> 0x00B7
[253] [M]: 0x00000000800003E0 (0x00B79793) slli a5, a5, 0xb
x15 <- 0xFFFFFDFFFEC00000

mem[X,0x00000000800003E4] -> 0x8793
mem[X,0x00000000800003E6] -> 0x1C07
[254] [M]: 0x00000000800003E4 (0x1C078793) addi a5, a5, 0x1c0
x15 <- 0xFFFFFDFFFEC001C0

mem[X,0x00000000800003E8] -> 0x9793
mem[X,0x00000000800003EA] -> 0x00A7
[255] [M]: 0x00000000800003E8 (0x00A79793) slli a5, a5, 0xa
x15 <- 0xFFF7FFFB00070000

mem[X,0x00000000800003EC] -> 0x8793
mem[X,0x00000000800003EE] -> 0x0107
[256] [M]: 0x00000000800003EC (0x01078793) addi a5, a5, 0x10
x15 <- 0xFFF7FFFB00070010

mem[X,0x00000000800003F0] -> 0x21B7
mem[X,0x00000000800003F2] -> 0x0006
[257] [M]: 0x00000000800003F0 (0x000621B7) lui gp, 0x62
x3 <- 0x0000000000062000

mem[X,0x00000000800003F4] -> 0x8193
mem[X,0x00000000800003F6] -> 0x0001
[258] [M]: 0x00000000800003F4 (0x00018193) addi gp, gp, 0x0
x3 <- 0x0000000000062000

mem[X,0x00000000800003F8] -> 0x9193
mem[X,0x00000000800003FA] -> 0x00B1
[259] [M]: 0x00000000800003F8 (0x00B19193) slli gp, gp, 0xb
x3 <- 0x0000000031000000

mem[X,0x00000000800003FC] -> 0x8193
mem[X,0x00000000800003FE] -> 0x0001
[260] [M]: 0x00000000800003FC (0x00018193) addi gp, gp, 0x0
x3 <- 0x0000000031000000

mem[X,0x0000000080000400] -> 0x9193
mem[X,0x0000000080000402] -> 0x00B1
[261] [M]: 0x0000000080000400 (0x00B19193) slli gp, gp, 0xb
x3 <- 0x0000018800000000

mem[X,0x0000000080000404] -> 0x8193
mem[X,0x0000000080000406] -> 0x07F1
[262] [M]: 0x0000000080000404 (0x07F18193) addi gp, gp, 0x7f
x3 <- 0x000001880000007F

mem[X,0x0000000080000408] -> 0x9193
mem[X,0x000000008000040A] -> 0x00A1
[263] [M]: 0x0000000080000408 (0x00A19193) slli gp, gp, 0xa
x3 <- 0x000620000001FC00

mem[X,0x000000008000040C] -> 0x8193
mem[X,0x000000008000040E] -> 0x3BF1
[264] [M]: 0x000000008000040C (0x3BF18193) addi gp, gp, 0x3bf
x3 <- 0x000620000001FFBF

mem[X,0x0000000080000410] -> 0xFBBB
mem[X,0x0000000080000412] -> 0xA837
[265] [M]: 0x0000000080000410 (0xA837FBBB) pmhacc.h.be s7, a5, gp
x23 <- 0xFFFF000000003EAC

mem[X,0x0000000080000414] -> 0x3023
mem[X,0x0000000080000416] -> 0x0573
[266] [M]: 0x0000000080000414 (0x05733023) sd s7, 0x40(t1)
mem[0x0000000080004158] <- 0xFFFF000000003EAC

mem[X,0x0000000080000418] -> 0x5E37
mem[X,0x000000008000041A] -> 0xFF7F
[267] [M]: 0x0000000080000418 (0xFF7F5E37) lui t3, -0x80b
x28 <- 0xFFFFFFFFFF7F5000

mem[X,0x000000008000041C] -> 0x0E13
mem[X,0x000000008000041E] -> 0x555E
[268] [M]: 0x000000008000041C (0x555E0E13) addi t3, t3, 0x555
x28 <- 0xFFFFFFFFFF7F5555

mem[X,0x0000000080000420] -> 0x1E13
mem[X,0x0000000080000422] -> 0x00BE
[269] [M]: 0x0000000080000420 (0x00BE1E13) slli t3, t3, 0xb
x28 <- 0xFFFFFFFBFAAAA800

mem[X,0x0000000080000424] -> 0x0E13
mem[X,0x0000000080000426] -> 0x000E
[270] [M]: 0x0000000080000424 (0x000E0E13) addi t3, t3, 0x0
x28 <- 0xFFFFFFFBFAAAA800

mem[X,0x0000000080000428] -> 0x1E13
mem[X,0x000000008000042A] -> 0x00BE
[271] [M]: 0x0000000080000428 (0x00BE1E13) slli t3, t3, 0xb
x28 <- 0xFFFFDFD555400000

mem[X,0x000000008000042C] -> 0x0E13
mem[X,0x000000008000042E] -> 0x240E
[272] [M]: 0x000000008000042C (0x240E0E13) addi t3, t3, 0x240
x28 <- 0xFFFFDFD555400240

mem[X,0x0000000080000430] -> 0x1E13
mem[X,0x0000000080000432] -> 0x00AE
[273] [M]: 0x0000000080000430 (0x00AE1E13) slli t3, t3, 0xa
x28 <- 0xFF7F555500090000

mem[X,0x0000000080000434] -> 0x0E13
mem[X,0x0000000080000436] -> 0x020E
[274] [M]: 0x0000000080000434 (0x020E0E13) addi t3, t3, 0x20
x28 <- 0xFF7F555500090020

mem[X,0x0000000080000438] -> 0xFA37
mem[X,0x000000008000043A] -> 0x0080
[275] [M]: 0x0000000080000438 (0x0080FA37) lui s4, 0x80f
x20 <- 0x000000000080F000

mem[X,0x000000008000043C] -> 0x0A13
mem[X,0x000000008000043E] -> 0x7FFA
[276] [M]: 0x000000008000043C (0x7FFA0A13) addi s4, s4, 0x7ff
x20 <- 0x000000000080F7FF

mem[X,0x0000000080000440] -> 0x1A13
mem[X,0x0000000080000442] -> 0x00BA
[277] [M]: 0x0000000080000440 (0x00BA1A13) slli s4, s4, 0xb
x20 <- 0x0000000407BFF800

mem[X,0x0000000080000444] -> 0x0A13
mem[X,0x0000000080000446] -> 0x7FFA
[278] [M]: 0x0000000080000444 (0x7FFA0A13) addi s4, s4, 0x7ff
x20 <- 0x0000000407BFFFFF

mem[X,0x0000000080000448] -> 0x1A13
mem[X,0x000000008000044A] -> 0x00BA
[279] [M]: 0x0000000080000448 (0x00BA1A13) slli s4, s4, 0xb
x20 <- 0x0000203DFFFFF800

mem[X,0x000000008000044C] -> 0x0A13
mem[X,0x000000008000044E] -> 0x7FFA
[280] [M]: 0x000000008000044C (0x7FFA0A13) addi s4, s4, 0x7ff
x20 <- 0x0000203DFFFFFFFF

mem[X,0x0000000080000450] -> 0x1A13
mem[X,0x0000000080000452] -> 0x00AA
[281] [M]: 0x0000000080000450 (0x00AA1A13) slli s4, s4, 0xa
x20 <- 0x0080F7FFFFFFFC00

mem[X,0x0000000080000454] -> 0x0A13
mem[X,0x0000000080000456] -> 0x37FA
[282] [M]: 0x0000000080000454 (0x37FA0A13) addi s4, s4, 0x37f
x20 <- 0x0080F7FFFFFFFF7F

mem[X,0x0000000080000458] -> 0x7B3B
mem[X,0x000000008000045A] -> 0xA94E
[283] [M]: 0x0000000080000458 (0xA94E7B3B) pmhacc.h.be s6, t3, s4
x22 <- 0x0000FFFF001E56FF

mem[X,0x000000008000045C] -> 0x3423
mem[X,0x000000008000045E] -> 0x0563
[284] [M]: 0x000000008000045C (0x05633423) sd s6, 0x48(t1)
mem[0x0000000080004160] <- 0x0000FFFF001E56FF

mem[X,0x0000000080000460] -> 0xB137
mem[X,0x0000000080000462] -> 0xDFFF
[285] [M]: 0x0000000080000460 (0xDFFFB137) lui sp, -0x20005
x2 <- 0xFFFFFFFFDFFFB000

mem[X,0x0000000080000464] -> 0x0113
mem[X,0x0000000080000466] -> 0xAAA1
[286] [M]: 0x0000000080000464 (0xAAA10113) addi sp, sp, -0x556
x2 <- 0xFFFFFFFFDFFFAAAA

mem[X,0x0000000080000468] -> 0x1113
mem[X,0x000000008000046A] -> 0x00B1
[287] [M]: 0x0000000080000468 (0x00B11113) slli sp, sp, 0xb
x2 <- 0xFFFFFEFFFD555000

mem[X,0x000000008000046C] -> 0x0113
mem[X,0x000000008000046E] -> 0x7FF1
[288] [M]: 0x000000008000046C (0x7FF10113) addi sp, sp, 0x7ff
x2 <- 0xFFFFFEFFFD5557FF

mem[X,0x0000000080000470] -> 0x1113
mem[X,0x0000000080000472] -> 0x00B1
[289] [M]: 0x0000000080000470 (0x00B11113) slli sp, sp, 0xb
x2 <- 0xFFF7FFEAAABFF800

mem[X,0x0000000080000474] -> 0x0113
mem[X,0x0000000080000476] -> 0x6801
[290] [M]: 0x0000000080000474 (0x68010113) addi sp, sp, 0x680
x2 <- 0xFFF7FFEAAABFFE80

mem[X,0x0000000080000478] -> 0x1113
mem[X,0x000000008000047A] -> 0x00A1
[291] [M]: 0x0000000080000478 (0x00A11113) slli sp, sp, 0xa
x2 <- 0xDFFFAAAAFFFA0000

mem[X,0x000000008000047C] -> 0x0113
mem[X,0x000000008000047E] -> 0x0401
[292] [M]: 0x000000008000047C (0x04010113) addi sp, sp, 0x40
x2 <- 0xDFFFAAAAFFFA0040

mem[X,0x0000000080000480] -> 0x0B37
mem[X,0x0000000080000482] -> 0x8000
[293] [M]: 0x0000000080000480 (0x80000B37) lui s6, -0x80000
x22 <- 0xFFFFFFFF80000000

mem[X,0x0000000080000484] -> 0x0B13
mem[X,0x0000000080000486] -> 0xFFDB
[294] [M]: 0x0000000080000484 (0xFFDB0B13) addi s6, s6, -0x3
x22 <- 0xFFFFFFFF7FFFFFFD

mem[X,0x0000000080000488] -> 0x1B13
mem[X,0x000000008000048A] -> 0x00BB
[295] [M]: 0x0000000080000488 (0x00BB1B13) slli s6, s6, 0xb
x22 <- 0xFFFFFBFFFFFFE800

mem[X,0x000000008000048C] -> 0x0B13
mem[X,0x000000008000048E] -> 0x77FB
[296] [M]: 0x000000008000048C (0x77FB0B13) addi s6, s6, 0x77f
x22 <- 0xFFFFFBFFFFFFEF7F

mem[X,0x0000000080000490] -> 0x1B13
mem[X,0x0000000080000492] -> 0x00BB
[297] [M]: 0x0000000080000490 (0x00BB1B13) slli s6, s6, 0xb
x22 <- 0xFFDFFFFFFF7BF800

mem[X,0x0000000080000494] -> 0x0B13
mem[X,0x0000000080000496] -> 0x7FFB
[298] [M]: 0x0000000080000494 (0x7FFB0B13) addi s6, s6, 0x7ff
x22 <- 0xFFDFFFFFFF7BFFFF

mem[X,0x0000000080000498] -> 0x1B13
mem[X,0x000000008000049A] -> 0x00AB
[299] [M]: 0x0000000080000498 (0x00AB1B13) slli s6, s6, 0xa
x22 <- 0x7FFFFFFDEFFFFC00

clint::tick mtime <- 0x0000000000000003
 clint timer pending at mtime 0x0000000000000003
htif::tick 0x0000000000000000
mem[X,0x000000008000049C] -> 0x0B13
mem[X,0x000000008000049E] -> 0x3F8B
[300] [M]: 0x000000008000049C (0x3F8B0B13) addi s6, s6, 0x3f8
x22 <- 0x7FFFFFFDEFFFFFF8

mem[X,0x00000000800004A0] -> 0x7ABB
mem[X,0x00000000800004A2] -> 0xA961
[301] [M]: 0x00000000800004A0 (0xA9617ABB) pmhacc.h.be s5, sp, s6
x21 <- 0x000000010FAB7FBA

mem[X,0x00000000800004A4] -> 0x3823
mem[X,0x00000000800004A6] -> 0x0553
[302] [M]: 0x00000000800004A4 (0x05533823) sd s5, 0x50(t1)
mem[0x0000000080004168] <- 0x000000010FAB7FBA

mem[X,0x00000000800004A8] -> 0x83B7
mem[X,0x00000000800004AA] -> 0xFFFE
[303] [M]: 0x00000000800004A8 (0xFFFE83B7) lui t2, -0x18
x7 <- 0xFFFFFFFFFFFE8000

mem[X,0x00000000800004AC] -> 0x8393
mem[X,0x00000000800004AE] -> 0x0003
[304] [M]: 0x00000000800004AC (0x00038393) addi t2, t2, 0x0
x7 <- 0xFFFFFFFFFFFE8000

mem[X,0x00000000800004B0] -> 0x9393
mem[X,0x00000000800004B2] -> 0x00B3
[305] [M]: 0x00000000800004B0 (0x00B39393) slli t2, t2, 0xb
x7 <- 0xFFFFFFFFF4000000

mem[X,0x00000000800004B4] -> 0x8393
mem[X,0x00000000800004B6] -> 0x77F3
[306] [M]: 0x00000000800004B4 (0x77F38393) addi t2, t2, 0x77f
x7 <- 0xFFFFFFFFF400077F

mem[X,0x00000000800004B8] -> 0x9393
mem[X,0x00000000800004BA] -> 0x00B3
[307] [M]: 0x00000000800004B8 (0x00B39393) slli t2, t2, 0xb
x7 <- 0xFFFFFFA0003BF800

mem[X,0x00000000800004BC] -> 0x8393
mem[X,0x00000000800004BE] -> 0x7C03
[308] [M]: 0x00000000800004BC (0x7C038393) addi t2, t2, 0x7c0
x7 <- 0xFFFFFFA0003BFFC0

mem[X,0x00000000800004C0] -> 0x9393
mem[X,0x00000000800004C2] -> 0x00A3
[309] [M]: 0x00000000800004C0 (0x00A39393) slli t2, t2, 0xa
x7 <- 0xFFFE8000EFFF0000

mem[X,0x00000000800004C4] -> 0x8393
mem[X,0x00000000800004C6] -> 0x0803
[310] [M]: 0x00000000800004C4 (0x08038393) addi t2, t2, 0x80
x7 <- 0xFFFE8000EFFF0080

mem[X,0x00000000800004C8] -> 0x0CB7
mem[X,0x00000000800004CA] -> 0xFC00
[311] [M]: 0x00000000800004C8 (0xFC000CB7) lui s9, -0x4000
x25 <- 0xFFFFFFFFFC000000

mem[X,0x00000000800004CC] -> 0x8C93
mem[X,0x00000000800004CE] -> 0xFF9C
[312] [M]: 0x00000000800004CC (0xFF9C8C93) addi s9, s9, -0x7
x25 <- 0xFFFFFFFFFBFFFFF9

mem[X,0x00000000800004D0] -> 0x9C93
mem[X,0x00000000800004D2] -> 0x00BC
[313] [M]: 0x00000000800004D0 (0x00BC9C93) slli s9, s9, 0xb
x25 <- 0xFFFFFFDFFFFFC800

mem[X,0x00000000800004D4] -> 0x8C93
mem[X,0x00000000800004D6] -> 0x000C
[314] [M]: 0x00000000800004D4 (0x000C8C93) addi s9, s9, 0x0
x25 <- 0xFFFFFFDFFFFFC800

mem[X,0x00000000800004D8] -> 0x9C93
mem[X,0x00000000800004DA] -> 0x00BC
[315] [M]: 0x00000000800004D8 (0x00BC9C93) slli s9, s9, 0xb
x25 <- 0xFFFEFFFFFE400000

mem[X,0x00000000800004DC] -> 0x8C93
mem[X,0x00000000800004DE] -> 0x200C
[316] [M]: 0x00000000800004DC (0x200C8C93) addi s9, s9, 0x200
x25 <- 0xFFFEFFFFFE400200

mem[X,0x00000000800004E0] -> 0x9C93
mem[X,0x00000000800004E2] -> 0x00AC
[317] [M]: 0x00000000800004E0 (0x00AC9C93) slli s9, s9, 0xa
x25 <- 0xFBFFFFF900080000

mem[X,0x00000000800004E4] -> 0x8C93
mem[X,0x00000000800004E6] -> 0x003C
[318] [M]: 0x00000000800004E4 (0x003C8C93) addi s9, s9, 0x3
x25 <- 0xFBFFFFF900080003

mem[X,0x00000000800004E8] -> 0xFF3B
mem[X,0x00000000800004EA] -> 0xA993
[319] [M]: 0x00000000800004E8 (0xA993FF3B) pmhacc.h.be t5, t2, s9
x30 <- 0xFFFAFFFA003F8000

mem[X,0x00000000800004EC] -> 0x3C23
mem[X,0x00000000800004EE] -> 0x05E3
[320] [M]: 0x00000000800004EC (0x05E33C23) sd t5, 0x58(t1)
mem[0x0000000080004170] <- 0xFFFAFFFA003F8000

mem[X,0x00000000800004F0] -> 0x5BB7
mem[X,0x00000000800004F2] -> 0x1000
[321] [M]: 0x00000000800004F0 (0x10005BB7) lui s7, 0x10005
x23 <- 0x0000000010005000

mem[X,0x00000000800004F4] -> 0x8B93
mem[X,0x00000000800004F6] -> 0x555B
[322] [M]: 0x00000000800004F4 (0x555B8B93) addi s7, s7, 0x555
x23 <- 0x0000000010005555

mem[X,0x00000000800004F8] -> 0x9B93
mem[X,0x00000000800004FA] -> 0x00BB
[323] [M]: 0x00000000800004F8 (0x00BB9B93) slli s7, s7, 0xb
x23 <- 0x0000008002AAA800

mem[X,0x00000000800004FC] -> 0x8B93
mem[X,0x00000000800004FE] -> 0x7FFB
[324] [M]: 0x00000000800004FC (0x7FFB8B93) addi s7, s7, 0x7ff
x23 <- 0x0000008002AAAFFF

mem[X,0x0000000080000500] -> 0x9B93
mem[X,0x0000000080000502] -> 0x00BB
[325] [M]: 0x0000000080000500 (0x00BB9B93) slli s7, s7, 0xb
x23 <- 0x00040015557FF800

mem[X,0x0000000080000504] -> 0x8B93
mem[X,0x0000000080000506] -> 0x780B
[326] [M]: 0x0000000080000504 (0x780B8B93) addi s7, s7, 0x780
x23 <- 0x00040015557FFF80

mem[X,0x0000000080000508] -> 0x9B93
mem[X,0x000000008000050A] -> 0x00AB
[327] [M]: 0x0000000080000508 (0x00AB9B93) slli s7, s7, 0xa
x23 <- 0x10005555FFFE0000

mem[X,0x000000008000050C] -> 0x8B93
mem[X,0x000000008000050E] -> 0x100B
[328] [M]: 0x000000008000050C (0x100B8B93) addi s7, s7, 0x100
x23 <- 0x10005555FFFE0100

mem[X,0x0000000080000510] -> 0x0AB7
mem[X,0x0000000080000512] -> 0x0040
[329] [M]: 0x0000000080000510 (0x00400AB7) lui s5, 0x400
x21 <- 0x0000000000400000

mem[X,0x0000000080000514] -> 0x8A93
mem[X,0x0000000080000516] -> 0x040A
[330] [M]: 0x0000000080000514 (0x040A8A93) addi s5, s5, 0x40
x21 <- 0x0000000000400040

mem[X,0x0000000080000518] -> 0x9A93
mem[X,0x000000008000051A] -> 0x00BA
[331] [M]: 0x0000000080000518 (0x00BA9A93) slli s5, s5, 0xb
x21 <- 0x0000000200020000

mem[X,0x000000008000051C] -> 0x8A93
mem[X,0x000000008000051E] -> 0x400A
[332] [M]: 0x000000008000051C (0x400A8A93) addi s5, s5, 0x400
x21 <- 0x0000000200020400

mem[X,0x0000000080000520] -> 0x9A93
mem[X,0x0000000080000522] -> 0x00BA
[333] [M]: 0x0000000080000520 (0x00BA9A93) slli s5, s5, 0xb
x21 <- 0x0000100010200000

mem[X,0x0000000080000524] -> 0x8A93
mem[X,0x0000000080000526] -> 0x00FA
[334] [M]: 0x0000000080000524 (0x00FA8A93) addi s5, s5, 0xf
x21 <- 0x000010001020000F

mem[X,0x0000000080000528] -> 0x9A93
mem[X,0x000000008000052A] -> 0x00AA
[335] [M]: 0x0000000080000528 (0x00AA9A93) slli s5, s5, 0xa
x21 <- 0x0040004080003C00

mem[X,0x000000008000052C] -> 0x8A93
mem[X,0x000000008000052E] -> 0x3FFA
[336] [M]: 0x000000008000052C (0x3FFA8A93) addi s5, s5, 0x3ff
x21 <- 0x0040004080003FFF

mem[X,0x0000000080000530] -> 0xFFBB
mem[X,0x0000000080000532] -> 0xA95B
[337] [M]: 0x0000000080000530 (0xA95BFFBB) pmhacc.h.be t6, s7, s5
x31 <- 0x2004000F04000007

mem[X,0x0000000080000534] -> 0x3023
mem[X,0x0000000080000536] -> 0x07F3
[338] [M]: 0x0000000080000534 (0x07F33023) sd t6, 0x60(t1)
mem[0x0000000080004178] <- 0x2004000F04000007

mem[X,0x0000000080000538] -> 0x8D37
mem[X,0x000000008000053A] -> 0x5555
[339] [M]: 0x0000000080000538 (0x55558D37) lui s10, 0x55558
x26 <- 0x0000000055558000

mem[X,0x000000008000053C] -> 0x0D13
mem[X,0x000000008000053E] -> 0xFFFD
[340] [M]: 0x000000008000053C (0xFFFD0D13) addi s10, s10, -0x1
x26 <- 0x0000000055557FFF

mem[X,0x0000000080000540] -> 0x1D13
mem[X,0x0000000080000542] -> 0x00BD
[341] [M]: 0x0000000080000540 (0x00BD1D13) slli s10, s10, 0xb
x26 <- 0x000002AAABFFF800

mem[X,0x0000000080000544] -> 0x0D13
mem[X,0x0000000080000546] -> 0x400D
[342] [M]: 0x0000000080000544 (0x400D0D13) addi s10, s10, 0x400
x26 <- 0x000002AAABFFFC00

mem[X,0x0000000080000548] -> 0x1D13
mem[X,0x000000008000054A] -> 0x00BD
[343] [M]: 0x0000000080000548 (0x00BD1D13) slli s10, s10, 0xb
x26 <- 0x0015555FFFE00000

mem[X,0x000000008000054C] -> 0x0D13
mem[X,0x000000008000054E] -> 0x000D
[344] [M]: 0x000000008000054C (0x000D0D13) addi s10, s10, 0x0
x26 <- 0x0015555FFFE00000

mem[X,0x0000000080000550] -> 0x1D13
mem[X,0x0000000080000552] -> 0x00AD
[345] [M]: 0x0000000080000550 (0x00AD1D13) slli s10, s10, 0xa
x26 <- 0x55557FFF80000000

mem[X,0x0000000080000554] -> 0x0D13
mem[X,0x0000000080000556] -> 0x200D
[346] [M]: 0x0000000080000554 (0x200D0D13) addi s10, s10, 0x200
x26 <- 0x55557FFF80000200

mem[X,0x0000000080000558] -> 0x0737
mem[X,0x000000008000055A] -> 0xF800
[347] [M]: 0x0000000080000558 (0xF8000737) lui a4, -0x8000
x14 <- 0xFFFFFFFFF8000000

mem[X,0x000000008000055C] -> 0x0713
mem[X,0x000000008000055E] -> 0xFF67
[348] [M]: 0x000000008000055C (0xFF670713) addi a4, a4, -0xa
x14 <- 0xFFFFFFFFF7FFFFF6

mem[X,0x0000000080000560] -> 0x1713
mem[X,0x0000000080000562] -> 0x00B7
[349] [M]: 0x0000000080000560 (0x00B71713) slli a4, a4, 0xb
x14 <- 0xFFFFFFBFFFFFB000

mem[X,0x0000000080000564] -> 0x0713
mem[X,0x0000000080000566] -> 0x3FF7
[350] [M]: 0x0000000080000564 (0x3FF70713) addi a4, a4, 0x3ff
x14 <- 0xFFFFFFBFFFFFB3FF

mem[X,0x0000000080000568] -> 0x1713
mem[X,0x000000008000056A] -> 0x00B7
[351] [M]: 0x0000000080000568 (0x00B71713) slli a4, a4, 0xb
x14 <- 0xFFFDFFFFFD9FF800

mem[X,0x000000008000056C] -> 0x0713
mem[X,0x000000008000056E] -> 0x7F77
[352] [M]: 0x000000008000056C (0x7F770713) addi a4, a4, 0x7f7
x14 <- 0xFFFDFFFFFD9FFFF7

mem[X,0x0000000080000570] -> 0x1713
mem[X,0x0000000080000572] -> 0x00A7
[353] [M]: 0x0000000080000570 (0x00A71713) slli a4, a4, 0xa
x14 <- 0xF7FFFFF67FFFDC00

mem[X,0x0000000080000574] -> 0x0713
mem[X,0x0000000080000576] -> 0x3FF7
[354] [M]: 0x0000000080000574 (0x3FF70713) addi a4, a4, 0x3ff
x14 <- 0xF7FFFFF67FFFDFFF

mem[X,0x0000000080000578] -> 0x7E3B
mem[X,0x000000008000057A] -> 0xA8ED
[355] [M]: 0x0000000080000578 (0xA8ED7E3B) pmhacc.h.be t3, s10, a4
x28 <- 0xFF7E55500009001F

mem[X,0x000000008000057C] -> 0x3423
mem[X,0x000000008000057E] -> 0x07C3
[356] [M]: 0x000000008000057C (0x07C33423) sd t3, 0x68(t1)
mem[0x0000000080004180] <- 0xFF7E55500009001F

mem[X,0x0000000080000580] -> 0x4117
mem[X,0x0000000080000582] -> 0x0000
[357] [M]: 0x0000000080000580 (0x00004117) auipc sp, 0x4
x2 <- 0x0000000080004580

mem[X,0x0000000080000584] -> 0x0113
mem[X,0x0000000080000586] -> 0xC081
[358] [M]: 0x0000000080000584 (0xC0810113) addi sp, sp, -0x3f8
x2 <- 0x0000000080004188

mem[X,0x0000000080000588] -> 0x0013
mem[X,0x000000008000058A] -> 0x0000
[359] [M]: 0x0000000080000588 (0x00000013) addi zero, zero, 0x0

mem[X,0x000000008000058C] -> 0x0013
mem[X,0x000000008000058E] -> 0x0000
[360] [M]: 0x000000008000058C (0x00000013) addi zero, zero, 0x0

mem[X,0x0000000080000590] -> 0x0013
mem[X,0x0000000080000592] -> 0x0000
[361] [M]: 0x0000000080000590 (0x00000013) addi zero, zero, 0x0

mem[X,0x0000000080000594] -> 0x0013
mem[X,0x0000000080000596] -> 0x0000
[362] [M]: 0x0000000080000594 (0x00000013) addi zero, zero, 0x0

mem[X,0x0000000080000598] -> 0x0013
mem[X,0x000000008000059A] -> 0x0000
[363] [M]: 0x0000000080000598 (0x00000013) addi zero, zero, 0x0

mem[X,0x000000008000059C] -> 0x0013
mem[X,0x000000008000059E] -> 0x0000
[364] [M]: 0x000000008000059C (0x00000013) addi zero, zero, 0x0

mem[X,0x00000000800005A0] -> 0x24B7
mem[X,0x00000000800005A2] -> 0xFFFB
[365] [M]: 0x00000000800005A0 (0xFFFB24B7) lui s1, -0x4e
x9 <- 0xFFFFFFFFFFFB2000

mem[X,0x00000000800005A4] -> 0x8493
mem[X,0x00000000800005A6] -> 0x0004
[366] [M]: 0x00000000800005A4 (0x00048493) addi s1, s1, 0x0
x9 <- 0xFFFFFFFFFFFB2000

mem[X,0x00000000800005A8] -> 0x9493
mem[X,0x00000000800005AA] -> 0x00B4
[367] [M]: 0x00000000800005A8 (0x00B49493) slli s1, s1, 0xb
x9 <- 0xFFFFFFFFD9000000

mem[X,0x00000000800005AC] -> 0x8493
mem[X,0x00000000800005AE] -> 0x0404
[368] [M]: 0x00000000800005AC (0x04048493) addi s1, s1, 0x40
x9 <- 0xFFFFFFFFD9000040

mem[X,0x00000000800005B0] -> 0x9493
mem[X,0x00000000800005B2] -> 0x00B4
[369] [M]: 0x00000000800005B0 (0x00B49493) slli s1, s1, 0xb
x9 <- 0xFFFFFEC800020000

mem[X,0x00000000800005B4] -> 0x8493
mem[X,0x00000000800005B6] -> 0x0014
[370] [M]: 0x00000000800005B4 (0x00148493) addi s1, s1, 0x1
x9 <- 0xFFFFFEC800020001

mem[X,0x00000000800005B8] -> 0x9493
mem[X,0x00000000800005BA] -> 0x00A4
[371] [M]: 0x00000000800005B8 (0x00A49493) slli s1, s1, 0xa
x9 <- 0xFFFB200008000400

mem[X,0x00000000800005BC] -> 0xF8B7
mem[X,0x00000000800005BE] -> 0x0003
[372] [M]: 0x00000000800005BC (0x0003F8B7) lui a7, 0x3f
x17 <- 0x000000000003F000

mem[X,0x00000000800005C0] -> 0x8893
mem[X,0x00000000800005C2] -> 0x7FF8
[373] [M]: 0x00000000800005C0 (0x7FF88893) addi a7, a7, 0x7ff
x17 <- 0x000000000003F7FF

mem[X,0x00000000800005C4] -> 0x9893
mem[X,0x00000000800005C6] -> 0x00B8
[374] [M]: 0x00000000800005C4 (0x00B89893) slli a7, a7, 0xb
x17 <- 0x000000001FBFF800

mem[X,0x00000000800005C8] -> 0x8893
mem[X,0x00000000800005CA] -> 0x5558
[375] [M]: 0x00000000800005C8 (0x55588893) addi a7, a7, 0x555
x17 <- 0x000000001FBFFD55

mem[X,0x00000000800005CC] -> 0x9893
mem[X,0x00000000800005CE] -> 0x00B8
[376] [M]: 0x00000000800005CC (0x00B89893) slli a7, a7, 0xb
x17 <- 0x000000FDFFEAA800

mem[X,0x00000000800005D0] -> 0x8893
mem[X,0x00000000800005D2] -> 0x2BF8
[377] [M]: 0x00000000800005D0 (0x2BF88893) addi a7, a7, 0x2bf
x17 <- 0x000000FDFFEAAABF

mem[X,0x00000000800005D4] -> 0x9893
mem[X,0x00000000800005D6] -> 0x00A8
[378] [M]: 0x00000000800005D4 (0x00A89893) slli a7, a7, 0xa
x17 <- 0x0003F7FFAAAAFC00

mem[X,0x00000000800005D8] -> 0x8893
mem[X,0x00000000800005DA] -> 0x3FB8
[379] [M]: 0x00000000800005D8 (0x3FB88893) addi a7, a7, 0x3fb
x17 <- 0x0003F7FFAAAAFFFB

mem[X,0x00000000800005DC] -> 0xF93B
mem[X,0x00000000800005DE] -> 0xA914
[380] [M]: 0x00000000800005DC (0xA914F93B) pmhacc.h.be s2, s1, a7
x18 <- 0x0000F56EF76AF56E

mem[X,0x00000000800005E0] -> 0x3023
mem[X,0x00000000800005E2] -> 0x0121
[381] [M]: 0x00000000800005E0 (0x01213023) sd s2, 0x0(sp)
mem[0x0000000080004188] <- 0x0000F56EF76AF56E

mem[X,0x00000000800005E4] -> 0x0037
mem[X,0x00000000800005E6] -> 0x0100
[382] [M]: 0x00000000800005E4 (0x01000037) lui zero, 0x1000

mem[X,0x00000000800005E8] -> 0x0013
mem[X,0x00000000800005EA] -> 0x0400
[383] [M]: 0x00000000800005E8 (0x04000013) addi zero, zero, 0x40

mem[X,0x00000000800005EC] -> 0x1013
mem[X,0x00000000800005EE] -> 0x00B0
[384] [M]: 0x00000000800005EC (0x00B01013) slli zero, zero, 0xb

mem[X,0x00000000800005F0] -> 0x0013
mem[X,0x00000000800005F2] -> 0x7FF0
[385] [M]: 0x00000000800005F0 (0x7FF00013) addi zero, zero, 0x7ff

mem[X,0x00000000800005F4] -> 0x1013
mem[X,0x00000000800005F6] -> 0x00B0
[386] [M]: 0x00000000800005F4 (0x00B01013) slli zero, zero, 0xb

mem[X,0x00000000800005F8] -> 0x0013
mem[X,0x00000000800005FA] -> 0x6820
[387] [M]: 0x00000000800005F8 (0x68200013) addi zero, zero, 0x682

mem[X,0x00000000800005FC] -> 0x1013
mem[X,0x00000000800005FE] -> 0x00A0
[388] [M]: 0x00000000800005FC (0x00A01013) slli zero, zero, 0xa

mem[X,0x0000000080000600] -> 0xF3B7
mem[X,0x0000000080000602] -> 0xFFEF
[389] [M]: 0x0000000080000600 (0xFFEFF3B7) lui t2, -0x101
x7 <- 0xFFFFFFFFFFEFF000

mem[X,0x0000000080000604] -> 0x8393
mem[X,0x0000000080000606] -> 0x7FF3
[390] [M]: 0x0000000080000604 (0x7FF38393) addi t2, t2, 0x7ff
x7 <- 0xFFFFFFFFFFEFF7FF

mem[X,0x0000000080000608] -> 0x9393
mem[X,0x000000008000060A] -> 0x00B3
[391] [M]: 0x0000000080000608 (0x00B39393) slli t2, t2, 0xb
x7 <- 0xFFFFFFFF7FBFF800

mem[X,0x000000008000060C] -> 0x8393
mem[X,0x000000008000060E] -> 0x0003
[392] [M]: 0x000000008000060C (0x00038393) addi t2, t2, 0x0
x7 <- 0xFFFFFFFF7FBFF800

mem[X,0x0000000080000610] -> 0x9393
mem[X,0x0000000080000612] -> 0x00B3
[393] [M]: 0x0000000080000610 (0x00B39393) slli t2, t2, 0xb
x7 <- 0xFFFFFBFDFFC00000

mem[X,0x0000000080000614] -> 0x8393
mem[X,0x0000000080000616] -> 0x43F3
[394] [M]: 0x0000000080000614 (0x43F38393) addi t2, t2, 0x43f
x7 <- 0xFFFFFBFDFFC0043F

mem[X,0x0000000080000618] -> 0x9393
mem[X,0x000000008000061A] -> 0x00A3
[395] [M]: 0x0000000080000618 (0x00A39393) slli t2, t2, 0xa
x7 <- 0xFFEFF7FF0010FC00

mem[X,0x000000008000061C] -> 0x8393
mem[X,0x000000008000061E] -> 0x3EF3
[396] [M]: 0x000000008000061C (0x3EF38393) addi t2, t2, 0x3ef
x7 <- 0xFFEFF7FF0010FFEF

mem[X,0x0000000080000620] -> 0x783B
mem[X,0x0000000080000622] -> 0xA870
[397] [M]: 0x0000000080000620 (0xA870783B) pmhacc.h.be a6, zero, t2
x16 <- 0x7D5BFDDB7D5BFDDB

mem[X,0x0000000080000624] -> 0x3423
mem[X,0x0000000080000626] -> 0x0101
[398] [M]: 0x0000000080000624 (0x01013423) sd a6, 0x8(sp)
mem[0x0000000080004190] <- 0x7D5BFDDB7D5BFDDB

mem[X,0x0000000080000628] -> 0x4CB7
mem[X,0x000000008000062A] -> 0x0040
[399] [M]: 0x0000000080000628 (0x00404CB7) lui s9, 0x404
x25 <- 0x0000000000404000

clint::tick mtime <- 0x0000000000000004
 clint timer pending at mtime 0x0000000000000004
htif::tick 0x0000000000000000
mem[X,0x000000008000062C] -> 0x8C93
mem[X,0x000000008000062E] -> 0x000C
[400] [M]: 0x000000008000062C (0x000C8C93) addi s9, s9, 0x0
x25 <- 0x0000000000404000

mem[X,0x0000000080000630] -> 0x9C93
mem[X,0x0000000080000632] -> 0x00BC
[401] [M]: 0x0000000080000630 (0x00BC9C93) slli s9, s9, 0xb
x25 <- 0x0000000202000000

mem[X,0x0000000080000634] -> 0x8C93
mem[X,0x0000000080000636] -> 0x004C
[402] [M]: 0x0000000080000634 (0x004C8C93) addi s9, s9, 0x4
x25 <- 0x0000000202000004

mem[X,0x0000000080000638] -> 0x9C93
mem[X,0x000000008000063A] -> 0x00BC
[403] [M]: 0x0000000080000638 (0x00BC9C93) slli s9, s9, 0xb
x25 <- 0x0000101000002000

mem[X,0x000000008000063C] -> 0x8C93
mem[X,0x000000008000063E] -> 0x004C
[404] [M]: 0x000000008000063C (0x004C8C93) addi s9, s9, 0x4
x25 <- 0x0000101000002004

mem[X,0x0000000080000640] -> 0x9C93
mem[X,0x0000000080000642] -> 0x00AC
[405] [M]: 0x0000000080000640 (0x00AC9C93) slli s9, s9, 0xa
x25 <- 0x0040400000801000

mem[X,0x0000000080000644] -> 0xBDB7
mem[X,0x0000000080000646] -> 0x3FFF
[406] [M]: 0x0000000080000644 (0x3FFFBDB7) lui s11, 0x3fffb
x27 <- 0x000000003FFFB000

mem[X,0x0000000080000648] -> 0x8D93
mem[X,0x000000008000064A] -> 0xAAAD
[407] [M]: 0x0000000080000648 (0xAAAD8D93) addi s11, s11, -0x556
x27 <- 0x000000003FFFAAAA

mem[X,0x000000008000064C] -> 0x9D93
mem[X,0x000000008000064E] -> 0x00BD
[408] [M]: 0x000000008000064C (0x00BD9D93) slli s11, s11, 0xb
x27 <- 0x000001FFFD555000

mem[X,0x0000000080000650] -> 0x8D93
mem[X,0x0000000080000652] -> 0x7FFD
[409] [M]: 0x0000000080000650 (0x7FFD8D93) addi s11, s11, 0x7ff
x27 <- 0x000001FFFD5557FF

mem[X,0x0000000080000654] -> 0x9D93
mem[X,0x0000000080000656] -> 0x00BD
[410] [M]: 0x0000000080000654 (0x00BD9D93) slli s11, s11, 0xb
x27 <- 0x000FFFEAAABFF800

mem[X,0x0000000080000658] -> 0x8D93
mem[X,0x000000008000065A] -> 0x3FFD
[411] [M]: 0x0000000080000658 (0x3FFD8D93) addi s11, s11, 0x3ff
x27 <- 0x000FFFEAAABFFBFF

mem[X,0x000000008000065C] -> 0x9D93
mem[X,0x000000008000065E] -> 0x00AD
[412] [M]: 0x000000008000065C (0x00AD9D93) slli s11, s11, 0xa
x27 <- 0x3FFFAAAAFFEFFC00

mem[X,0x0000000080000660] -> 0x8D93
mem[X,0x0000000080000662] -> 0x3FDD
[413] [M]: 0x0000000080000660 (0x3FDD8D93) addi s11, s11, 0x3fd
x27 <- 0x3FFFAAAAFFEFFFFD

mem[X,0x0000000080000664] -> 0xF33B
mem[X,0x0000000080000666] -> 0xA9BC
[414] [M]: 0x0000000080000664 (0xA9BCF33B) pmhacc.h.be t1, s9, s11
x6 <- 0xFFFFFFEA7FFF4117

mem[X,0x0000000080000668] -> 0x3823
mem[X,0x000000008000066A] -> 0x0061
[415] [M]: 0x0000000080000668 (0x00613823) sd t1, 0x10(sp)
mem[0x0000000080004198] <- 0xFFFFFFEA7FFF4117

mem[X,0x000000008000066C] -> 0x1337
mem[X,0x000000008000066E] -> 0xFFDF
[416] [M]: 0x000000008000066C (0xFFDF1337) lui t1, -0x20f
x6 <- 0xFFFFFFFFFFDF1000

mem[X,0x0000000080000670] -> 0x0313
mem[X,0x0000000080000672] -> 0x8003
[417] [M]: 0x0000000080000670 (0x80030313) addi t1, t1, -0x800
x6 <- 0xFFFFFFFFFFDF0800

mem[X,0x0000000080000674] -> 0x1313
mem[X,0x0000000080000676] -> 0x00B3
[418] [M]: 0x0000000080000674 (0x00B31313) slli t1, t1, 0xb
x6 <- 0xFFFFFFFEF8400000

mem[X,0x0000000080000678] -> 0x0313
mem[X,0x000000008000067A] -> 0x7FF3
[419] [M]: 0x0000000080000678 (0x7FF30313) addi t1, t1, 0x7ff
x6 <- 0xFFFFFFFEF84007FF

mem[X,0x000000008000067C] -> 0x1313
mem[X,0x000000008000067E] -> 0x00B3
[420] [M]: 0x000000008000067C (0x00B31313) slli t1, t1, 0xb
x6 <- 0xFFFFF7C2003FF800

mem[X,0x0000000080000680] -> 0x0313
mem[X,0x0000000080000682] -> 0x7883
[421] [M]: 0x0000000080000680 (0x78830313) addi t1, t1, 0x788
x6 <- 0xFFFFF7C2003FFF88

mem[X,0x0000000080000684] -> 0x1313
mem[X,0x0000000080000686] -> 0x00A3
[422] [M]: 0x0000000080000684 (0x00A31313) slli t1, t1, 0xa
x6 <- 0xFFDF0800FFFE2000

mem[X,0x0000000080000688] -> 0x14B7
mem[X,0x000000008000068A] -> 0x0009
[423] [M]: 0x0000000080000688 (0x000914B7) lui s1, 0x91
x9 <- 0x0000000000091000

mem[X,0x000000008000068C] -> 0x8493
mem[X,0x000000008000068E] -> 0x8004
[424] [M]: 0x000000008000068C (0x80048493) addi s1, s1, -0x800
x9 <- 0x0000000000090800

mem[X,0x0000000080000690] -> 0x9493
mem[X,0x0000000080000692] -> 0x00B4
[425] [M]: 0x0000000080000690 (0x00B49493) slli s1, s1, 0xb
x9 <- 0x0000000048400000

mem[X,0x0000000080000694] -> 0x8493
mem[X,0x0000000080000696] -> 0x0004
[426] [M]: 0x0000000080000694 (0x00048493) addi s1, s1, 0x0
x9 <- 0x0000000048400000

mem[X,0x0000000080000698] -> 0x9493
mem[X,0x000000008000069A] -> 0x00B4
[427] [M]: 0x0000000080000698 (0x00B49493) slli s1, s1, 0xb
x9 <- 0x0000024200000000

mem[X,0x000000008000069C] -> 0x8493
mem[X,0x000000008000069E] -> 0x17F4
[428] [M]: 0x000000008000069C (0x17F48493) addi s1, s1, 0x17f
x9 <- 0x000002420000017F

mem[X,0x00000000800006A0] -> 0x9493
mem[X,0x00000000800006A2] -> 0x00A4
[429] [M]: 0x00000000800006A0 (0x00A49493) slli s1, s1, 0xa
x9 <- 0x000908000005FC00

mem[X,0x00000000800006A4] -> 0x8493
mem[X,0x00000000800006A6] -> 0x3F94
[430] [M]: 0x00000000800006A4 (0x3F948493) addi s1, s1, 0x3f9
x9 <- 0x000908000005FFF9

mem[X,0x00000000800006A8] -> 0x77BB
mem[X,0x00000000800006AA] -> 0xA893
[431] [M]: 0x00000000800006A8 (0xA89377BB) pmhacc.h.be a5, t1, s1
x15 <- 0xFFF6FFFB0006000F

mem[X,0x00000000800006AC] -> 0x3C23
mem[X,0x00000000800006AE] -> 0x00F1
[432] [M]: 0x00000000800006AC (0x00F13C23) sd a5, 0x18(sp)
mem[0x00000000800041A0] <- 0xFFF6FFFB0006000F

mem[X,0x00000000800006B0] -> 0x0637
mem[X,0x00000000800006B2] -> 0xFFFC
[433] [M]: 0x00000000800006B0 (0xFFFC0637) lui a2, -0x40
x12 <- 0xFFFFFFFFFFFC0000

mem[X,0x00000000800006B4] -> 0x0613
mem[X,0x00000000800006B6] -> 0x0046
[434] [M]: 0x00000000800006B4 (0x00460613) addi a2, a2, 0x4
x12 <- 0xFFFFFFFFFFFC0004

mem[X,0x00000000800006B8] -> 0x1613
mem[X,0x00000000800006BA] -> 0x00B6
[435] [M]: 0x00000000800006B8 (0x00B61613) slli a2, a2, 0xb
x12 <- 0xFFFFFFFFE0002000

mem[X,0x00000000800006BC] -> 0x0613
mem[X,0x00000000800006BE] -> 0x0046
[436] [M]: 0x00000000800006BC (0x00460613) addi a2, a2, 0x4
x12 <- 0xFFFFFFFFE0002004

mem[X,0x00000000800006C0] -> 0x1613
mem[X,0x00000000800006C2] -> 0x00B6
[437] [M]: 0x00000000800006C0 (0x00B61613) slli a2, a2, 0xb
x12 <- 0xFFFFFF0001002000

mem[X,0x00000000800006C4] -> 0x0613
mem[X,0x00000000800006C6] -> 0x0106
[438] [M]: 0x00000000800006C4 (0x01060613) addi a2, a2, 0x10
x12 <- 0xFFFFFF0001002010

mem[X,0x00000000800006C8] -> 0x1613
mem[X,0x00000000800006CA] -> 0x00A6
[439] [M]: 0x00000000800006C8 (0x00A61613) slli a2, a2, 0xa
x12 <- 0xFFFC000400804000

mem[X,0x00000000800006CC] -> 0x0837
mem[X,0x00000000800006CE] -> 0xFFFD
[440] [M]: 0x00000000800006CC (0xFFFD0837) lui a6, -0x30
x16 <- 0xFFFFFFFFFFFD0000

mem[X,0x00000000800006D0] -> 0x0813
mem[X,0x00000000800006D2] -> 0x0038
[441] [M]: 0x00000000800006D0 (0x00380813) addi a6, a6, 0x3
x16 <- 0xFFFFFFFFFFFD0003

mem[X,0x00000000800006D4] -> 0x1813
mem[X,0x00000000800006D6] -> 0x00B8
[442] [M]: 0x00000000800006D4 (0x00B81813) slli a6, a6, 0xb
x16 <- 0xFFFFFFFFE8001800

mem[X,0x00000000800006D8] -> 0x0813
mem[X,0x00000000800006DA] -> 0x2008
[443] [M]: 0x00000000800006D8 (0x20080813) addi a6, a6, 0x200
x16 <- 0xFFFFFFFFE8001A00

mem[X,0x00000000800006DC] -> 0x1813
mem[X,0x00000000800006DE] -> 0x00B8
[444] [M]: 0x00000000800006DC (0x00B81813) slli a6, a6, 0xb
x16 <- 0xFFFFFF4000D00000

mem[X,0x00000000800006E0] -> 0x0813
mem[X,0x00000000800006E2] -> 0x0158
[445] [M]: 0x00000000800006E0 (0x01580813) addi a6, a6, 0x15
x16 <- 0xFFFFFF4000D00015

mem[X,0x00000000800006E4] -> 0x1813
mem[X,0x00000000800006E6] -> 0x00A8
[446] [M]: 0x00000000800006E4 (0x00A81813) slli a6, a6, 0xa
x16 <- 0xFFFD000340005400

mem[X,0x00000000800006E8] -> 0x0813
mem[X,0x00000000800006EA] -> 0x1558
[447] [M]: 0x00000000800006E8 (0x15580813) addi a6, a6, 0x155
x16 <- 0xFFFD000340005555

mem[X,0x00000000800006EC] -> 0x7C3B
mem[X,0x00000000800006EE] -> 0xA906
[448] [M]: 0x00000000800006EC (0xA9067C3B) pmhacc.h.be s8, a2, a6
x24 <- 0x0001000800070017

mem[X,0x00000000800006F0] -> 0x3023
mem[X,0x00000000800006F2] -> 0x0381
[449] [M]: 0x00000000800006F0 (0x03813023) sd s8, 0x20(sp)
mem[0x00000000800041A8] <- 0x0001000800070017

mem[X,0x00000000800006F4] -> 0x01B7
mem[X,0x00000000800006F6] -> 0xF000
[450] [M]: 0x00000000800006F4 (0xF00001B7) lui gp, -0x10000
x3 <- 0xFFFFFFFFF0000000

mem[X,0x00000000800006F8] -> 0x8193
mem[X,0x00000000800006FA] -> 0xFF71
[451] [M]: 0x00000000800006F8 (0xFF718193) addi gp, gp, -0x9
x3 <- 0xFFFFFFFFEFFFFFF7

mem[X,0x00000000800006FC] -> 0x9193
mem[X,0x00000000800006FE] -> 0x00B1
[452] [M]: 0x00000000800006FC (0x00B19193) slli gp, gp, 0xb
x3 <- 0xFFFFFF7FFFFFB800

mem[X,0x0000000080000700] -> 0x8193
mem[X,0x0000000080000702] -> 0x7FD1
[453] [M]: 0x0000000080000700 (0x7FD18193) addi gp, gp, 0x7fd
x3 <- 0xFFFFFF7FFFFFBFFD

mem[X,0x0000000080000704] -> 0x9193
mem[X,0x0000000080000706] -> 0x00B1
[454] [M]: 0x0000000080000704 (0x00B19193) slli gp, gp, 0xb
x3 <- 0xFFFBFFFFFDFFE800

mem[X,0x0000000080000708] -> 0x8193
mem[X,0x000000008000070A] -> 0x7FF1
[455] [M]: 0x0000000080000708 (0x7FF18193) addi gp, gp, 0x7ff
x3 <- 0xFFFBFFFFFDFFEFFF

mem[X,0x000000008000070C] -> 0x9193
mem[X,0x000000008000070E] -> 0x00A1
[456] [M]: 0x000000008000070C (0x00A19193) slli gp, gp, 0xa
x3 <- 0xEFFFFFF7FFBFFC00

mem[X,0x0000000080000710] -> 0x8193
mem[X,0x0000000080000712] -> 0x3FE1
[457] [M]: 0x0000000080000710 (0x3FE18193) addi gp, gp, 0x3fe
x3 <- 0xEFFFFFF7FFBFFFFE

mem[X,0x0000000080000714] -> 0x0337
mem[X,0x0000000080000716] -> 0x0040
[458] [M]: 0x0000000080000714 (0x00400337) lui t1, 0x400
x6 <- 0x0000000000400000

mem[X,0x0000000080000718] -> 0x0313
mem[X,0x000000008000071A] -> 0x0043
[459] [M]: 0x0000000080000718 (0x00430313) addi t1, t1, 0x4
x6 <- 0x0000000000400004

mem[X,0x000000008000071C] -> 0x1313
mem[X,0x000000008000071E] -> 0x00B3
[460] [M]: 0x000000008000071C (0x00B31313) slli t1, t1, 0xb
x6 <- 0x0000000200002000

mem[X,0x0000000080000720] -> 0x0313
mem[X,0x0000000080000722] -> 0x7EF3
[461] [M]: 0x0000000080000720 (0x7EF30313) addi t1, t1, 0x7ef
x6 <- 0x00000002000027EF

mem[X,0x0000000080000724] -> 0x1313
mem[X,0x0000000080000726] -> 0x00B3
[462] [M]: 0x0000000080000724 (0x00B31313) slli t1, t1, 0xb
x6 <- 0x00001000013F7800

mem[X,0x0000000080000728] -> 0x0313
mem[X,0x000000008000072A] -> 0x7EA3
[463] [M]: 0x0000000080000728 (0x7EA30313) addi t1, t1, 0x7ea
x6 <- 0x00001000013F7FEA

mem[X,0x000000008000072C] -> 0x1313
mem[X,0x000000008000072E] -> 0x00A3
[464] [M]: 0x000000008000072C (0x00A31313) slli t1, t1, 0xa
x6 <- 0x00400004FDFFA800

mem[X,0x0000000080000730] -> 0x0313
mem[X,0x0000000080000732] -> 0x2AA3
[465] [M]: 0x0000000080000730 (0x2AA30313) addi t1, t1, 0x2aa
x6 <- 0x00400004FDFFAAAA

mem[X,0x0000000080000734] -> 0xF6BB
mem[X,0x0000000080000736] -> 0xA861
[466] [M]: 0x0000000080000734 (0xA861F6BB) pmhacc.h.be a3, gp, t1
x13 <- 0x0FFBFFF6EFFF0000

mem[X,0x0000000080000738] -> 0x3423
mem[X,0x000000008000073A] -> 0x02D1
[467] [M]: 0x0000000080000738 (0x02D13423) sd a3, 0x28(sp)
mem[0x00000000800041B0] <- 0x0FFBFFF6EFFF0000

mem[X,0x000000008000073C] -> 0x0937
mem[X,0x000000008000073E] -> 0xFDFF
[468] [M]: 0x000000008000073C (0xFDFF0937) lui s2, -0x2010
x18 <- 0xFFFFFFFFFDFF0000

mem[X,0x0000000080000740] -> 0x0913
mem[X,0x0000000080000742] -> 0x0099
[469] [M]: 0x0000000080000740 (0x00990913) addi s2, s2, 0x9
x18 <- 0xFFFFFFFFFDFF0009

mem[X,0x0000000080000744] -> 0x1913
mem[X,0x0000000080000746] -> 0x00B9
[470] [M]: 0x0000000080000744 (0x00B91913) slli s2, s2, 0xb
x18 <- 0xFFFFFFEFF8004800

mem[X,0x0000000080000748] -> 0x0913
mem[X,0x000000008000074A] -> 0x0009
[471] [M]: 0x0000000080000748 (0x00090913) addi s2, s2, 0x0
x18 <- 0xFFFFFFEFF8004800

mem[X,0x000000008000074C] -> 0x1913
mem[X,0x000000008000074E] -> 0x00B9
[472] [M]: 0x000000008000074C (0x00B91913) slli s2, s2, 0xb
x18 <- 0xFFFF7FC002400000

mem[X,0x0000000080000750] -> 0x0913
mem[X,0x0000000080000752] -> 0x0FF9
[473] [M]: 0x0000000080000750 (0x0FF90913) addi s2, s2, 0xff
x18 <- 0xFFFF7FC0024000FF

mem[X,0x0000000080000754] -> 0x1913
mem[X,0x0000000080000756] -> 0x00A9
[474] [M]: 0x0000000080000754 (0x00A91913) slli s2, s2, 0xa
x18 <- 0xFDFF00090003FC00

mem[X,0x0000000080000758] -> 0x0913
mem[X,0x000000008000075A] -> 0x3FD9
[475] [M]: 0x0000000080000758 (0x3FD90913) addi s2, s2, 0x3fd
x18 <- 0xFDFF00090003FFFD

mem[X,0x000000008000075C] -> 0x02B7
mem[X,0x000000008000075E] -> 0x000A
[476] [M]: 0x000000008000075C (0x000A02B7) lui t0, 0xa0
x5 <- 0x00000000000A0000

mem[X,0x0000000080000760] -> 0x8293
mem[X,0x0000000080000762] -> 0xFF92
[477] [M]: 0x0000000080000760 (0xFF928293) addi t0, t0, -0x7
x5 <- 0x000000000009FFF9

mem[X,0x0000000080000764] -> 0x9293
mem[X,0x0000000080000766] -> 0x00B2
[478] [M]: 0x0000000080000764 (0x00B29293) slli t0, t0, 0xb
x5 <- 0x000000004FFFC800

mem[X,0x0000000080000768] -> 0x8293
mem[X,0x000000008000076A] -> 0x0002
[479] [M]: 0x0000000080000768 (0x00028293) addi t0, t0, 0x0
x5 <- 0x000000004FFFC800

mem[X,0x000000008000076C] -> 0x9293
mem[X,0x000000008000076E] -> 0x00B2
[480] [M]: 0x000000008000076C (0x00B29293) slli t0, t0, 0xb
x5 <- 0x0000027FFE400000

mem[X,0x0000000080000770] -> 0x8293
mem[X,0x0000000080000772] -> 0x17F2
[481] [M]: 0x0000000080000770 (0x17F28293) addi t0, t0, 0x17f
x5 <- 0x0000027FFE40017F

mem[X,0x0000000080000774] -> 0x9293
mem[X,0x0000000080000776] -> 0x00A2
[482] [M]: 0x0000000080000774 (0x00A29293) slli t0, t0, 0xa
x5 <- 0x0009FFF90005FC00

mem[X,0x0000000080000778] -> 0x8293
mem[X,0x000000008000077A] -> 0x3F62
[483] [M]: 0x0000000080000778 (0x3F628293) addi t0, t0, 0x3f6
x5 <- 0x0009FFF90005FFF6

mem[X,0x000000008000077C] -> 0x7D3B
mem[X,0x000000008000077E] -> 0xA859
[484] [M]: 0x000000008000077C (0xA8597D3B) pmhacc.h.be s10, s2, t0
x26 <- 0x55547FFE80000200

mem[X,0x0000000080000780] -> 0x3823
mem[X,0x0000000080000782] -> 0x03A1
[485] [M]: 0x0000000080000780 (0x03A13823) sd s10, 0x30(sp)
mem[0x00000000800041B8] <- 0x55547FFE80000200

mem[X,0x0000000080000784] -> 0x0DB7
mem[X,0x0000000080000786] -> 0xFEFF
[486] [M]: 0x0000000080000784 (0xFEFF0DB7) lui s11, -0x1010
x27 <- 0xFFFFFFFFFEFF0000

mem[X,0x0000000080000788] -> 0x8D93
mem[X,0x000000008000078A] -> 0x003D
[487] [M]: 0x0000000080000788 (0x003D8D93) addi s11, s11, 0x3
x27 <- 0xFFFFFFFFFEFF0003

mem[X,0x000000008000078C] -> 0x9D93
mem[X,0x000000008000078E] -> 0x00BD
[488] [M]: 0x000000008000078C (0x00BD9D93) slli s11, s11, 0xb
x27 <- 0xFFFFFFF7F8001800

mem[X,0x0000000080000790] -> 0x8D93
mem[X,0x0000000080000792] -> 0x7FFD
[489] [M]: 0x0000000080000790 (0x7FFD8D93) addi s11, s11, 0x7ff
x27 <- 0xFFFFFFF7F8001FFF

mem[X,0x0000000080000794] -> 0x9D93
mem[X,0x0000000080000796] -> 0x00BD
[490] [M]: 0x0000000080000794 (0x00BD9D93) slli s11, s11, 0xb
x27 <- 0xFFFFBFC000FFF800

mem[X,0x0000000080000798] -> 0x8D93
mem[X,0x000000008000079A] -> 0x63FD
[491] [M]: 0x0000000080000798 (0x63FD8D93) addi s11, s11, 0x63f
x27 <- 0xFFFFBFC000FFFE3F

mem[X,0x000000008000079C] -> 0x9D93
mem[X,0x000000008000079E] -> 0x00AD
[492] [M]: 0x000000008000079C (0x00AD9D93) slli s11, s11, 0xa
x27 <- 0xFEFF0003FFF8FC00

mem[X,0x00000000800007A0] -> 0x8D93
mem[X,0x00000000800007A2] -> 0x3FBD
[493] [M]: 0x00000000800007A0 (0x3FBD8D93) addi s11, s11, 0x3fb
x27 <- 0xFEFF0003FFF8FFFB

mem[X,0x00000000800007A4] -> 0x0537
mem[X,0x00000000800007A6] -> 0xFFFB
[494] [M]: 0x00000000800007A4 (0xFFFB0537) lui a0, -0x50
x10 <- 0xFFFFFFFFFFFB0000

mem[X,0x00000000800007A8] -> 0x0513
mem[X,0x00000000800007AA] -> 0xFFA5
[495] [M]: 0x00000000800007A8 (0xFFA50513) addi a0, a0, -0x6
x10 <- 0xFFFFFFFFFFFAFFFA

mem[X,0x00000000800007AC] -> 0x1513
mem[X,0x00000000800007AE] -> 0x00B5
[496] [M]: 0x00000000800007AC (0x00B51513) slli a0, a0, 0xb
x10 <- 0xFFFFFFFFD7FFD000

mem[X,0x00000000800007B0] -> 0x0513
mem[X,0x00000000800007B2] -> 0x7FF5
[497] [M]: 0x00000000800007B0 (0x7FF50513) addi a0, a0, 0x7ff
x10 <- 0xFFFFFFFFD7FFD7FF

mem[X,0x00000000800007B4] -> 0x1513
mem[X,0x00000000800007B6] -> 0x00B5
[498] [M]: 0x00000000800007B4 (0x00B51513) slli a0, a0, 0xb
x10 <- 0xFFFFFEBFFEBFF800

mem[X,0x00000000800007B8] -> 0x0513
mem[X,0x00000000800007BA] -> 0x7005
[499] [M]: 0x00000000800007B8 (0x70050513) addi a0, a0, 0x700
x10 <- 0xFFFFFEBFFEBFFF00

clint::tick mtime <- 0x0000000000000005
 clint timer pending at mtime 0x0000000000000005
htif::tick 0x0000000000000000
mem[X,0x00000000800007BC] -> 0x1513
mem[X,0x00000000800007BE] -> 0x00A5
[500] [M]: 0x00000000800007BC (0x00A51513) slli a0, a0, 0xa
x10 <- 0xFFFAFFFAFFFC0000

mem[X,0x00000000800007C0] -> 0x0513
mem[X,0x00000000800007C2] -> 0x0805
[501] [M]: 0x00000000800007C0 (0x08050513) addi a0, a0, 0x80
x10 <- 0xFFFAFFFAFFFC0080

mem[X,0x00000000800007C4] -> 0xF3BB
mem[X,0x00000000800007C6] -> 0xA8AD
[502] [M]: 0x00000000800007C4 (0xA8ADF3BB) pmhacc.h.be t2, s11, a0
x7 <- 0xFFEFF7FE0010FFEF

mem[X,0x00000000800007C8] -> 0x3C23
mem[X,0x00000000800007CA] -> 0x0271
[503] [M]: 0x00000000800007C8 (0x02713C23) sd t2, 0x38(sp)
mem[0x00000000800041C0] <- 0xFFEFF7FE0010FFEF

mem[X,0x00000000800007CC] -> 0x0B37
mem[X,0x00000000800007CE] -> 0xAAAB
[504] [M]: 0x00000000800007CC (0xAAAB0B37) lui s6, -0x55550
x22 <- 0xFFFFFFFFAAAB0000

mem[X,0x00000000800007D0] -> 0x0B13
mem[X,0x00000000800007D2] -> 0xFFFB
[505] [M]: 0x00000000800007D0 (0xFFFB0B13) addi s6, s6, -0x1
x22 <- 0xFFFFFFFFAAAAFFFF

mem[X,0x00000000800007D4] -> 0x1B13
mem[X,0x00000000800007D6] -> 0x00BB
[506] [M]: 0x00000000800007D4 (0x00BB1B13) slli s6, s6, 0xb
x22 <- 0xFFFFFD5557FFF800

mem[X,0x00000000800007D8] -> 0x0B13
mem[X,0x00000000800007DA] -> 0x7FBB
[507] [M]: 0x00000000800007D8 (0x7FBB0B13) addi s6, s6, 0x7fb
x22 <- 0xFFFFFD5557FFFFFB

mem[X,0x00000000800007DC] -> 0x1B13
mem[X,0x00000000800007DE] -> 0x00BB
[508] [M]: 0x00000000800007DC (0x00BB1B13) slli s6, s6, 0xb
x22 <- 0xFFEAAABFFFFFD800

mem[X,0x00000000800007E0] -> 0x0B13
mem[X,0x00000000800007E2] -> 0x7FFB
[509] [M]: 0x00000000800007E0 (0x7FFB0B13) addi s6, s6, 0x7ff
x22 <- 0xFFEAAABFFFFFDFFF

mem[X,0x00000000800007E4] -> 0x1B13
mem[X,0x00000000800007E6] -> 0x00AB
[510] [M]: 0x00000000800007E4 (0x00AB1B13) slli s6, s6, 0xa
x22 <- 0xAAAAFFFFFF7FFC00

mem[X,0x00000000800007E8] -> 0x0B13
mem[X,0x00000000800007EA] -> 0x3F7B
[511] [M]: 0x00000000800007E8 (0x3F7B0B13) addi s6, s6, 0x3f7
x22 <- 0xAAAAFFFFFF7FFFF7

mem[X,0x00000000800007EC] -> 0x4237
mem[X,0x00000000800007EE] -> 0x0020
[512] [M]: 0x00000000800007EC (0x00204237) lui tp, 0x204
x4 <- 0x0000000000204000

mem[X,0x00000000800007F0] -> 0x0213
mem[X,0x00000000800007F2] -> 0xFFF2
[513] [M]: 0x00000000800007F0 (0xFFF20213) addi tp, tp, -0x1
x4 <- 0x0000000000203FFF

mem[X,0x00000000800007F4] -> 0x1213
mem[X,0x00000000800007F6] -> 0x00B2
[514] [M]: 0x00000000800007F4 (0x00B21213) slli tp, tp, 0xb
x4 <- 0x0000000101FFF800

mem[X,0x00000000800007F8] -> 0x0213
mem[X,0x00000000800007FA] -> 0x6FF2
[515] [M]: 0x00000000800007F8 (0x6FF20213) addi tp, tp, 0x6ff
x4 <- 0x0000000101FFFEFF

mem[X,0x00000000800007FC] -> 0x1213
mem[X,0x00000000800007FE] -> 0x00B2
[516] [M]: 0x00000000800007FC (0x00B21213) slli tp, tp, 0xb
x4 <- 0x0000080FFFF7F800

mem[X,0x0000000080000800] -> 0x0213
mem[X,0x0000000080000802] -> 0x7C02
[517] [M]: 0x0000000080000800 (0x7C020213) addi tp, tp, 0x7c0
x4 <- 0x0000080FFFF7FFC0

mem[X,0x0000000080000804] -> 0x1213
mem[X,0x0000000080000806] -> 0x00A2
[518] [M]: 0x0000000080000804 (0x00A21213) slli tp, tp, 0xa
x4 <- 0x00203FFFDFFF0000

mem[X,0x0000000080000808] -> 0x0213
mem[X,0x000000008000080A] -> 0x0102
[519] [M]: 0x0000000080000808 (0x01020213) addi tp, tp, 0x10
x4 <- 0x00203FFFDFFF0010

mem[X,0x000000008000080C] -> 0x703B
mem[X,0x000000008000080E] -> 0xA84B
[520] [M]: 0x000000008000080C (0xA84B703B) pmhacc.h.be zero, s6, tp

mem[X,0x0000000080000810] -> 0x3023
mem[X,0x0000000080000812] -> 0x0401
[521] [M]: 0x0000000080000810 (0x04013023) sd zero, 0x40(sp)
mem[0x00000000800041C8] <- 0x0000000000000000

mem[X,0x0000000080000814] -> 0x09B7
mem[X,0x0000000080000816] -> 0x0001
[522] [M]: 0x0000000080000814 (0x000109B7) lui s3, 0x10
x19 <- 0x0000000000010000

mem[X,0x0000000080000818] -> 0x8993
mem[X,0x000000008000081A] -> 0xFFB9
[523] [M]: 0x0000000080000818 (0xFFB98993) addi s3, s3, -0x5
x19 <- 0x000000000000FFFB

mem[X,0x000000008000081C] -> 0x9993
mem[X,0x000000008000081E] -> 0x00B9
[524] [M]: 0x000000008000081C (0x00B99993) slli s3, s3, 0xb
x19 <- 0x0000000007FFD800

mem[X,0x0000000080000820] -> 0x8993
mem[X,0x0000000080000822] -> 0x7FB9
[525] [M]: 0x0000000080000820 (0x7FB98993) addi s3, s3, 0x7fb
x19 <- 0x0000000007FFDFFB

mem[X,0x0000000080000824] -> 0x9993
mem[X,0x0000000080000826] -> 0x00B9
[526] [M]: 0x0000000080000824 (0x00B99993) slli s3, s3, 0xb
x19 <- 0x0000003FFEFFD800

mem[X,0x0000000080000828] -> 0x8993
mem[X,0x000000008000082A] -> 0x7FF9
[527] [M]: 0x0000000080000828 (0x7FF98993) addi s3, s3, 0x7ff
x19 <- 0x0000003FFEFFDFFF

mem[X,0x000000008000082C] -> 0x9993
mem[X,0x000000008000082E] -> 0x00A9
[528] [M]: 0x000000008000082C (0x00A99993) slli s3, s3, 0xa
x19 <- 0x0000FFFBFF7FFC00

mem[X,0x0000000080000830] -> 0x8993
mem[X,0x0000000080000832] -> 0x3EF9
[529] [M]: 0x0000000080000830 (0x3EF98993) addi s3, s3, 0x3ef
x19 <- 0x0000FFFBFF7FFFEF

mem[X,0x0000000080000834] -> 0x2037
mem[X,0x0000000080000836] -> 0xDFFF
[530] [M]: 0x0000000080000834 (0xDFFF2037) lui zero, -0x2000e

mem[X,0x0000000080000838] -> 0x0013
mem[X,0x000000008000083A] -> 0x0000
[531] [M]: 0x0000000080000838 (0x00000013) addi zero, zero, 0x0

mem[X,0x000000008000083C] -> 0x1013
mem[X,0x000000008000083E] -> 0x00B0
[532] [M]: 0x000000008000083C (0x00B01013) slli zero, zero, 0xb

mem[X,0x0000000080000840] -> 0x0013
mem[X,0x0000000080000842] -> 0x1FF0
[533] [M]: 0x0000000080000840 (0x1FF00013) addi zero, zero, 0x1ff

mem[X,0x0000000080000844] -> 0x1013
mem[X,0x0000000080000846] -> 0x00B0
[534] [M]: 0x0000000080000844 (0x00B01013) slli zero, zero, 0xb

mem[X,0x0000000080000848] -> 0x0013
mem[X,0x000000008000084A] -> 0x7EF0
[535] [M]: 0x0000000080000848 (0x7EF00013) addi zero, zero, 0x7ef

mem[X,0x000000008000084C] -> 0x1013
mem[X,0x000000008000084E] -> 0x00A0
[536] [M]: 0x000000008000084C (0x00A01013) slli zero, zero, 0xa

mem[X,0x0000000080000850] -> 0x0013
mem[X,0x0000000080000852] -> 0x3FF0
[537] [M]: 0x0000000080000850 (0x3FF00013) addi zero, zero, 0x3ff

mem[X,0x0000000080000854] -> 0xFCBB
mem[X,0x0000000080000856] -> 0xA809
[538] [M]: 0x0000000080000854 (0xA809FCBB) pmhacc.h.be s9, s3, zero
x25 <- 0x0040400000801000

mem[X,0x0000000080000858] -> 0x3423
mem[X,0x000000008000085A] -> 0x0591
[539] [M]: 0x0000000080000858 (0x05913423) sd s9, 0x48(sp)
mem[0x00000000800041D0] <- 0x0040400000801000

mem[X,0x000000008000085C] -> 0x0237
mem[X,0x000000008000085E] -> 0x000A
[540] [M]: 0x000000008000085C (0x000A0237) lui tp, 0xa0
x4 <- 0x00000000000A0000

mem[X,0x0000000080000860] -> 0x0213
mem[X,0x0000000080000862] -> 0xFF92
[541] [M]: 0x0000000080000860 (0xFF920213) addi tp, tp, -0x7
x4 <- 0x000000000009FFF9

mem[X,0x0000000080000864] -> 0x1213
mem[X,0x0000000080000866] -> 0x00B2
[542] [M]: 0x0000000080000864 (0x00B21213) slli tp, tp, 0xb
x4 <- 0x000000004FFFC800

mem[X,0x0000000080000868] -> 0x0213
mem[X,0x000000008000086A] -> 0x0102
[543] [M]: 0x0000000080000868 (0x01020213) addi tp, tp, 0x10
x4 <- 0x000000004FFFC810

mem[X,0x000000008000086C] -> 0x1213
mem[X,0x000000008000086E] -> 0x00B2
[544] [M]: 0x000000008000086C (0x00B21213) slli tp, tp, 0xb
x4 <- 0x0000027FFE408000

mem[X,0x0000000080000870] -> 0x0213
mem[X,0x0000000080000872] -> 0x03F2
[545] [M]: 0x0000000080000870 (0x03F20213) addi tp, tp, 0x3f
x4 <- 0x0000027FFE40803F

mem[X,0x0000000080000874] -> 0x1213
mem[X,0x0000000080000876] -> 0x00A2
[546] [M]: 0x0000000080000874 (0x00A21213) slli tp, tp, 0xa
x4 <- 0x0009FFF90200FC00

mem[X,0x0000000080000878] -> 0x0213
mem[X,0x000000008000087A] -> 0x3DF2
[547] [M]: 0x0000000080000878 (0x3DF20213) addi tp, tp, 0x3df
x4 <- 0x0009FFF90200FFDF

mem[X,0x000000008000087C] -> 0x0BB7
mem[X,0x000000008000087E] -> 0x0001
[548] [M]: 0x000000008000087C (0x00010BB7) lui s7, 0x10
x23 <- 0x0000000000010000

mem[X,0x0000000080000880] -> 0x8B93
mem[X,0x0000000080000882] -> 0x001B
[549] [M]: 0x0000000080000880 (0x001B8B93) addi s7, s7, 0x1
x23 <- 0x0000000000010001

mem[X,0x0000000080000884] -> 0x9B93
mem[X,0x0000000080000886] -> 0x00FB
[550] [M]: 0x0000000080000884 (0x00FB9B93) slli s7, s7, 0xf
x23 <- 0x0000000080008000

mem[X,0x0000000080000888] -> 0x79BB
mem[X,0x000000008000088A] -> 0xA972
[551] [M]: 0x0000000080000888 (0xA97279BB) pmhacc.h.be s3, tp, s7
x19 <- 0x0000FFFBFF7FFFEF

mem[X,0x000000008000088C] -> 0x3823
mem[X,0x000000008000088E] -> 0x0531
[552] [M]: 0x000000008000088C (0x05313823) sd s3, 0x50(sp)
mem[0x00000000800041D8] <- 0x0000FFFBFF7FFFEF

mem[X,0x0000000080000890] -> 0x26B7
mem[X,0x0000000080000892] -> 0xDFFF
[553] [M]: 0x0000000080000890 (0xDFFF26B7) lui a3, -0x2000e
x13 <- 0xFFFFFFFFDFFF2000

mem[X,0x0000000080000894] -> 0x8693
mem[X,0x0000000080000896] -> 0x0006
[554] [M]: 0x0000000080000894 (0x00068693) addi a3, a3, 0x0
x13 <- 0xFFFFFFFFDFFF2000

mem[X,0x0000000080000898] -> 0x9693
mem[X,0x000000008000089A] -> 0x00B6
[555] [M]: 0x0000000080000898 (0x00B69693) slli a3, a3, 0xb
x13 <- 0xFFFFFEFFF9000000

mem[X,0x000000008000089C] -> 0x8693
mem[X,0x000000008000089E] -> 0x0026
[556] [M]: 0x000000008000089C (0x00268693) addi a3, a3, 0x2
x13 <- 0xFFFFFEFFF9000002

mem[X,0x00000000800008A0] -> 0x9693
mem[X,0x00000000800008A2] -> 0x00B6
[557] [M]: 0x00000000800008A0 (0x00B69693) slli a3, a3, 0xb
x13 <- 0xFFF7FFC800001000

mem[X,0x00000000800008A4] -> 0x8693
mem[X,0x00000000800008A6] -> 0x03F6
[558] [M]: 0x00000000800008A4 (0x03F68693) addi a3, a3, 0x3f
x13 <- 0xFFF7FFC80000103F

mem[X,0x00000000800008A8] -> 0x9693
mem[X,0x00000000800008AA] -> 0x00A6
[559] [M]: 0x00000000800008A8 (0x00A69693) slli a3, a3, 0xa
x13 <- 0xDFFF20000040FC00

mem[X,0x00000000800008AC] -> 0x8693
mem[X,0x00000000800008AE] -> 0x3BF6
[560] [M]: 0x00000000800008AC (0x3BF68693) addi a3, a3, 0x3bf
x13 <- 0xDFFF20000040FFBF

mem[X,0x00000000800008B0] -> 0x09B7
mem[X,0x00000000800008B2] -> 0x0001
[561] [M]: 0x00000000800008B0 (0x000109B7) lui s3, 0x10
x19 <- 0x0000000000010000

mem[X,0x00000000800008B4] -> 0x8993
mem[X,0x00000000800008B6] -> 0x0409
[562] [M]: 0x00000000800008B4 (0x04098993) addi s3, s3, 0x40
x19 <- 0x0000000000010040

mem[X,0x00000000800008B8] -> 0x9993
mem[X,0x00000000800008BA] -> 0x00B9
[563] [M]: 0x00000000800008B8 (0x00B99993) slli s3, s3, 0xb
x19 <- 0x0000000008020000

mem[X,0x00000000800008BC] -> 0x8993
mem[X,0x00000000800008BE] -> 0x6009
[564] [M]: 0x00000000800008BC (0x60098993) addi s3, s3, 0x600
x19 <- 0x0000000008020600

mem[X,0x00000000800008C0] -> 0x9993
mem[X,0x00000000800008C2] -> 0x00B9
[565] [M]: 0x00000000800008C0 (0x00B99993) slli s3, s3, 0xb
x19 <- 0x0000004010300000

mem[X,0x00000000800008C4] -> 0x8993
mem[X,0x00000000800008C6] -> 0x0009
[566] [M]: 0x00000000800008C4 (0x00098993) addi s3, s3, 0x0
x19 <- 0x0000004010300000

mem[X,0x00000000800008C8] -> 0x9993
mem[X,0x00000000800008CA] -> 0x00A9
[567] [M]: 0x00000000800008C8 (0x00A99993) slli s3, s3, 0xa
x19 <- 0x00010040C0000000

mem[X,0x00000000800008CC] -> 0x8993
mem[X,0x00000000800008CE] -> 0x0019
[568] [M]: 0x00000000800008CC (0x00198993) addi s3, s3, 0x1
x19 <- 0x00010040C0000001

mem[X,0x00000000800008D0] -> 0xF0BB
mem[X,0x00000000800008D2] -> 0xA936
[569] [M]: 0x00000000800008D0 (0xA936F0BB) pmhacc.h.be ra, a3, s3
x1 <- 0x000F555D00060001

mem[X,0x00000000800008D4] -> 0x3C23
mem[X,0x00000000800008D6] -> 0x0411
[570] [M]: 0x00000000800008D4 (0x04113C23) sd ra, 0x58(sp)
mem[0x00000000800041E0] <- 0x000F555D00060001

mem[X,0x00000000800008D8] -> 0x8737
mem[X,0x00000000800008DA] -> 0x8000
[571] [M]: 0x00000000800008D8 (0x80008737) lui a4, -0x7fff8
x14 <- 0xFFFFFFFF80008000

mem[X,0x00000000800008DC] -> 0x0713
mem[X,0x00000000800008DE] -> 0x0007
[572] [M]: 0x00000000800008DC (0x00070713) addi a4, a4, 0x0
x14 <- 0xFFFFFFFF80008000

mem[X,0x00000000800008E0] -> 0x1713
mem[X,0x00000000800008E2] -> 0x00B7
[573] [M]: 0x00000000800008E0 (0x00B71713) slli a4, a4, 0xb
x14 <- 0xFFFFFC0004000000

mem[X,0x00000000800008E4] -> 0x0713
mem[X,0x00000000800008E6] -> 0x0007
[574] [M]: 0x00000000800008E4 (0x00070713) addi a4, a4, 0x0
x14 <- 0xFFFFFC0004000000

mem[X,0x00000000800008E8] -> 0x1713
mem[X,0x00000000800008EA] -> 0x00B7
[575] [M]: 0x00000000800008E8 (0x00B71713) slli a4, a4, 0xb
x14 <- 0xFFE0002000000000

mem[X,0x00000000800008EC] -> 0x0713
mem[X,0x00000000800008EE] -> 0x03F7
[576] [M]: 0x00000000800008EC (0x03F70713) addi a4, a4, 0x3f
x14 <- 0xFFE000200000003F

mem[X,0x00000000800008F0] -> 0x1713
mem[X,0x00000000800008F2] -> 0x00A7
[577] [M]: 0x00000000800008F0 (0x00A71713) slli a4, a4, 0xa
x14 <- 0x800080000000FC00

mem[X,0x00000000800008F4] -> 0x0713
mem[X,0x00000000800008F6] -> 0x37F7
[578] [M]: 0x00000000800008F4 (0x37F70713) addi a4, a4, 0x37f
x14 <- 0x800080000000FF7F

mem[X,0x00000000800008F8] -> 0x05B7
mem[X,0x00000000800008FA] -> 0x0002
[579] [M]: 0x00000000800008F8 (0x000205B7) lui a1, 0x20
x11 <- 0x0000000000020000

mem[X,0x00000000800008FC] -> 0x8593
mem[X,0x00000000800008FE] -> 0x0085
[580] [M]: 0x00000000800008FC (0x00858593) addi a1, a1, 0x8
x11 <- 0x0000000000020008

mem[X,0x0000000080000900] -> 0x9593
mem[X,0x0000000080000902] -> 0x00B5
[581] [M]: 0x0000000080000900 (0x00B59593) slli a1, a1, 0xb
x11 <- 0x0000000010004000

mem[X,0x0000000080000904] -> 0x8593
mem[X,0x0000000080000906] -> 0x7FD5
[582] [M]: 0x0000000080000904 (0x7FD58593) addi a1, a1, 0x7fd
x11 <- 0x00000000100047FD

mem[X,0x0000000080000908] -> 0x9593
mem[X,0x000000008000090A] -> 0x00B5
[583] [M]: 0x0000000080000908 (0x00B59593) slli a1, a1, 0xb
x11 <- 0x00000080023FE800

mem[X,0x000000008000090C] -> 0x8593
mem[X,0x000000008000090E] -> 0x7FF5
[584] [M]: 0x000000008000090C (0x7FF58593) addi a1, a1, 0x7ff
x11 <- 0x00000080023FEFFF

mem[X,0x0000000080000910] -> 0x9593
mem[X,0x0000000080000912] -> 0x00A5
[585] [M]: 0x0000000080000910 (0x00A59593) slli a1, a1, 0xa
x11 <- 0x00020008FFBFFC00

mem[X,0x0000000080000914] -> 0x8593
mem[X,0x0000000080000916] -> 0x3EF5
[586] [M]: 0x0000000080000914 (0x3EF58593) addi a1, a1, 0x3ef
x11 <- 0x00020008FFBFFFEF

mem[X,0x0000000080000918] -> 0x763B
mem[X,0x000000008000091A] -> 0xA8B7
[587] [M]: 0x0000000080000918 (0xA8B7763B) pmhacc.h.be a2, a4, a1
x12 <- 0xFFFB000000804000

mem[X,0x000000008000091C] -> 0x3023
mem[X,0x000000008000091E] -> 0x06C1
[588] [M]: 0x000000008000091C (0x06C13023) sd a2, 0x60(sp)
mem[0x00000000800041E8] <- 0xFFFB000000804000

mem[X,0x0000000080000920] -> 0x02B7
mem[X,0x0000000080000922] -> 0x0021
[589] [M]: 0x0000000080000920 (0x002102B7) lui t0, 0x210
x5 <- 0x0000000000210000

mem[X,0x0000000080000924] -> 0x8293
mem[X,0x0000000080000926] -> 0xFFB2
[590] [M]: 0x0000000080000924 (0xFFB28293) addi t0, t0, -0x5
x5 <- 0x000000000020FFFB

mem[X,0x0000000080000928] -> 0x9293
mem[X,0x000000008000092A] -> 0x00B2
[591] [M]: 0x0000000080000928 (0x00B29293) slli t0, t0, 0xb
x5 <- 0x0000000107FFD800

mem[X,0x000000008000092C] -> 0x8293
mem[X,0x000000008000092E] -> 0x7FF2
[592] [M]: 0x000000008000092C (0x7FF28293) addi t0, t0, 0x7ff
x5 <- 0x0000000107FFDFFF

mem[X,0x0000000080000930] -> 0x9293
mem[X,0x0000000080000932] -> 0x00B2
[593] [M]: 0x0000000080000930 (0x00B29293) slli t0, t0, 0xb
x5 <- 0x0000083FFEFFF800

mem[X,0x0000000080000934] -> 0x8293
mem[X,0x0000000080000936] -> 0x5FF2
[594] [M]: 0x0000000080000934 (0x5FF28293) addi t0, t0, 0x5ff
x5 <- 0x0000083FFEFFFDFF

mem[X,0x0000000080000938] -> 0x9293
mem[X,0x000000008000093A] -> 0x00A2
[595] [M]: 0x0000000080000938 (0x00A29293) slli t0, t0, 0xa
x5 <- 0x0020FFFBFFF7FC00

mem[X,0x000000008000093C] -> 0x8293
mem[X,0x000000008000093E] -> 0x2FF2
[596] [M]: 0x000000008000093C (0x2FF28293) addi t0, t0, 0x2ff
x5 <- 0x0020FFFBFFF7FEFF

mem[X,0x0000000080000940] -> 0x8F37
mem[X,0x0000000080000942] -> 0xFFFA
[597] [M]: 0x0000000080000940 (0xFFFA8F37) lui t5, -0x58
x30 <- 0xFFFFFFFFFFFA8000

mem[X,0x0000000080000944] -> 0x0F13
mem[X,0x0000000080000946] -> 0x000F
[598] [M]: 0x0000000080000944 (0x000F0F13) addi t5, t5, 0x0
x30 <- 0xFFFFFFFFFFFA8000

mem[X,0x0000000080000948] -> 0x1F13
mem[X,0x000000008000094A] -> 0x00BF
[599] [M]: 0x0000000080000948 (0x00BF1F13) slli t5, t5, 0xb
x30 <- 0xFFFFFFFFD4000000

clint::tick mtime <- 0x0000000000000006
 clint timer pending at mtime 0x0000000000000006
htif::tick 0x0000000000000000
mem[X,0x000000008000094C] -> 0x0F13
mem[X,0x000000008000094E] -> 0x7FEF
[600] [M]: 0x000000008000094C (0x7FEF0F13) addi t5, t5, 0x7fe
x30 <- 0xFFFFFFFFD40007FE

mem[X,0x0000000080000950] -> 0x1F13
mem[X,0x0000000080000952] -> 0x00BF
[601] [M]: 0x0000000080000950 (0x00BF1F13) slli t5, t5, 0xb
x30 <- 0xFFFFFEA0003FF000

mem[X,0x0000000080000954] -> 0x0F13
mem[X,0x0000000080000956] -> 0x7EFF
[602] [M]: 0x0000000080000954 (0x7EFF0F13) addi t5, t5, 0x7ef
x30 <- 0xFFFFFEA0003FF7EF

mem[X,0x0000000080000958] -> 0x1F13
mem[X,0x000000008000095A] -> 0x00AF
[603] [M]: 0x0000000080000958 (0x00AF1F13) slli t5, t5, 0xa
x30 <- 0xFFFA8000FFDFBC00

mem[X,0x000000008000095C] -> 0x0F13
mem[X,0x000000008000095E] -> 0x3FFF
[604] [M]: 0x000000008000095C (0x3FFF0F13) addi t5, t5, 0x3ff
x30 <- 0xFFFA8000FFDFBFFF

mem[X,0x0000000080000960] -> 0xF1BB
mem[X,0x0000000080000962] -> 0xA9E2
[605] [M]: 0x0000000080000960 (0xA9E2F1BB) pmhacc.h.be gp, t0, t5
x3 <- 0xEFFEFFF7FFBFFFFE

mem[X,0x0000000080000964] -> 0x3423
mem[X,0x0000000080000966] -> 0x0631
[606] [M]: 0x0000000080000964 (0x06313423) sd gp, 0x68(sp)
mem[0x00000000800041F0] <- 0xEFFEFFF7FFBFFFFE

mem[X,0x0000000080000968] -> 0x05B7
mem[X,0x000000008000096A] -> 0xFF7F
[607] [M]: 0x0000000080000968 (0xFF7F05B7) lui a1, -0x810
x11 <- 0xFFFFFFFFFF7F0000

mem[X,0x000000008000096C] -> 0x8593
mem[X,0x000000008000096E] -> 0x0045
[608] [M]: 0x000000008000096C (0x00458593) addi a1, a1, 0x4
x11 <- 0xFFFFFFFFFF7F0004

mem[X,0x0000000080000970] -> 0x9593
mem[X,0x0000000080000972] -> 0x00B5
[609] [M]: 0x0000000080000970 (0x00B59593) slli a1, a1, 0xb
x11 <- 0xFFFFFFFBF8002000

mem[X,0x0000000080000974] -> 0x8593
mem[X,0x0000000080000976] -> 0x0005
[610] [M]: 0x0000000080000974 (0x00058593) addi a1, a1, 0x0
x11 <- 0xFFFFFFFBF8002000

mem[X,0x0000000080000978] -> 0x9593
mem[X,0x000000008000097A] -> 0x00B5
[611] [M]: 0x0000000080000978 (0x00B59593) slli a1, a1, 0xb
x11 <- 0xFFFFDFC001000000

mem[X,0x000000008000097C] -> 0x8593
mem[X,0x000000008000097E] -> 0x0BF5
[612] [M]: 0x000000008000097C (0x0BF58593) addi a1, a1, 0xbf
x11 <- 0xFFFFDFC0010000BF

mem[X,0x0000000080000980] -> 0x9593
mem[X,0x0000000080000982] -> 0x00A5
[613] [M]: 0x0000000080000980 (0x00A59593) slli a1, a1, 0xa
x11 <- 0xFF7F00040002FC00

mem[X,0x0000000080000984] -> 0x8593
mem[X,0x0000000080000986] -> 0x1FF5
[614] [M]: 0x0000000080000984 (0x1FF58593) addi a1, a1, 0x1ff
x11 <- 0xFF7F00040002FDFF

mem[X,0x0000000080000988] -> 0x0E37
mem[X,0x000000008000098A] -> 0x8001
[615] [M]: 0x0000000080000988 (0x80010E37) lui t3, -0x7fff0
x28 <- 0xFFFFFFFF80010000

mem[X,0x000000008000098C] -> 0x0E13
mem[X,0x000000008000098E] -> 0xFF8E
[616] [M]: 0x000000008000098C (0xFF8E0E13) addi t3, t3, -0x8
x28 <- 0xFFFFFFFF8000FFF8

mem[X,0x0000000080000990] -> 0x1E13
mem[X,0x0000000080000992] -> 0x00BE
[617] [M]: 0x0000000080000990 (0x00BE1E13) slli t3, t3, 0xb
x28 <- 0xFFFFFC0007FFC000

mem[X,0x0000000080000994] -> 0x0E13
mem[X,0x0000000080000996] -> 0x7BFE
[618] [M]: 0x0000000080000994 (0x7BFE0E13) addi t3, t3, 0x7bf
x28 <- 0xFFFFFC0007FFC7BF

mem[X,0x0000000080000998] -> 0x1E13
mem[X,0x000000008000099A] -> 0x00BE
[619] [M]: 0x0000000080000998 (0x00BE1E13) slli t3, t3, 0xb
x28 <- 0xFFE0003FFE3DF800

mem[X,0x000000008000099C] -> 0x0E13
mem[X,0x000000008000099E] -> 0x7D0E
[620] [M]: 0x000000008000099C (0x7D0E0E13) addi t3, t3, 0x7d0
x28 <- 0xFFE0003FFE3DFFD0

mem[X,0x00000000800009A0] -> 0x1E13
mem[X,0x00000000800009A2] -> 0x00AE
[621] [M]: 0x00000000800009A0 (0x00AE1E13) slli t3, t3, 0xa
x28 <- 0x8000FFF8F7FF4000

mem[X,0x00000000800009A4] -> 0xF43B
mem[X,0x00000000800009A6] -> 0xA9C5
[622] [M]: 0x00000000800009A4 (0xA9C5F43B) pmhacc.h.be fp, a1, t3
x8 <- 0x0008007F000F0008

mem[X,0x00000000800009A8] -> 0x3823
mem[X,0x00000000800009AA] -> 0x0681
[623] [M]: 0x00000000800009A8 (0x06813823) sd fp, 0x70(sp)
mem[0x00000000800041F8] <- 0x0008007F000F0008

mem[X,0x00000000800009AC] -> 0x0013
mem[X,0x00000000800009AE] -> 0x0000
[624] [M]: 0x00000000800009AC (0x00000013) addi zero, zero, 0x0

mem[X,0x00000000800009B0] -> 0x0013
mem[X,0x00000000800009B2] -> 0x0000
[625] [M]: 0x00000000800009B0 (0x00000013) addi zero, zero, 0x0

mem[X,0x00000000800009B4] -> 0x0013
mem[X,0x00000000800009B6] -> 0x0000
[626] [M]: 0x00000000800009B4 (0x00000013) addi zero, zero, 0x0

mem[X,0x00000000800009B8] -> 0x0013
mem[X,0x00000000800009BA] -> 0x0000
[627] [M]: 0x00000000800009B8 (0x00000013) addi zero, zero, 0x0

mem[X,0x00000000800009BC] -> 0x0013
mem[X,0x00000000800009BE] -> 0x0000
[628] [M]: 0x00000000800009BC (0x00000013) addi zero, zero, 0x0

mem[X,0x00000000800009C0] -> 0x4117
mem[X,0x00000000800009C2] -> 0x0000
[629] [M]: 0x00000000800009C0 (0x00004117) auipc sp, 0x4
x2 <- 0x00000000800049C0

mem[X,0x00000000800009C4] -> 0x0113
mem[X,0x00000000800009C6] -> 0x8401
[630] [M]: 0x00000000800009C4 (0x84010113) addi sp, sp, -0x7c0
x2 <- 0x0000000080004200

mem[X,0x00000000800009C8] -> 0x0013
mem[X,0x00000000800009CA] -> 0x0000
[631] [M]: 0x00000000800009C8 (0x00000013) addi zero, zero, 0x0

mem[X,0x00000000800009CC] -> 0x0013
mem[X,0x00000000800009CE] -> 0x0000
[632] [M]: 0x00000000800009CC (0x00000013) addi zero, zero, 0x0

mem[X,0x00000000800009D0] -> 0x0013
mem[X,0x00000000800009D2] -> 0x0000
[633] [M]: 0x00000000800009D0 (0x00000013) addi zero, zero, 0x0

mem[X,0x00000000800009D4] -> 0x0013
mem[X,0x00000000800009D6] -> 0x0000
[634] [M]: 0x00000000800009D4 (0x00000013) addi zero, zero, 0x0

mem[X,0x00000000800009D8] -> 0x0013
mem[X,0x00000000800009DA] -> 0x0000
[635] [M]: 0x00000000800009D8 (0x00000013) addi zero, zero, 0x0

mem[X,0x00000000800009DC] -> 0x0013
mem[X,0x00000000800009DE] -> 0x0000
[636] [M]: 0x00000000800009DC (0x00000013) addi zero, zero, 0x0

mem[X,0x00000000800009E0] -> 0xEC37
mem[X,0x00000000800009E2] -> 0x1000
[637] [M]: 0x00000000800009E0 (0x1000EC37) lui s8, 0x1000e
x24 <- 0x000000001000E000

mem[X,0x00000000800009E4] -> 0x0C13
mem[X,0x00000000800009E6] -> 0xFFFC
[638] [M]: 0x00000000800009E4 (0xFFFC0C13) addi s8, s8, -0x1
x24 <- 0x000000001000DFFF

mem[X,0x00000000800009E8] -> 0x1C13
mem[X,0x00000000800009EA] -> 0x00BC
[639] [M]: 0x00000000800009E8 (0x00BC1C13) slli s8, s8, 0xb
x24 <- 0x0000008006FFF800

mem[X,0x00000000800009EC] -> 0x0C13
mem[X,0x00000000800009EE] -> 0x2AAC
[640] [M]: 0x00000000800009EC (0x2AAC0C13) addi s8, s8, 0x2aa
x24 <- 0x0000008006FFFAAA

mem[X,0x00000000800009F0] -> 0x1C13
mem[X,0x00000000800009F2] -> 0x00BC
[641] [M]: 0x00000000800009F0 (0x00BC1C13) slli s8, s8, 0xb
x24 <- 0x00040037FFD55000

mem[X,0x00000000800009F4] -> 0x0C13
mem[X,0x00000000800009F6] -> 0x57EC
[642] [M]: 0x00000000800009F4 (0x57EC0C13) addi s8, s8, 0x57e
x24 <- 0x00040037FFD5557E

mem[X,0x00000000800009F8] -> 0x1C13
mem[X,0x00000000800009FA] -> 0x00AC
[643] [M]: 0x00000000800009F8 (0x00AC1C13) slli s8, s8, 0xa
x24 <- 0x1000DFFF5555F800

mem[X,0x00000000800009FC] -> 0x0C13
mem[X,0x00000000800009FE] -> 0x3FFC
[644] [M]: 0x00000000800009FC (0x3FFC0C13) addi s8, s8, 0x3ff
x24 <- 0x1000DFFF5555FBFF

mem[X,0x0000000080000A00] -> 0x00B7
mem[X,0x0000000080000A02] -> 0xFFFB
[645] [M]: 0x0000000080000A00 (0xFFFB00B7) lui ra, -0x50
x1 <- 0xFFFFFFFFFFFB0000

mem[X,0x0000000080000A04] -> 0x8093
mem[X,0x0000000080000A06] -> 0xFFD0
[646] [M]: 0x0000000080000A04 (0xFFD08093) addi ra, ra, -0x3
x1 <- 0xFFFFFFFFFFFAFFFD

mem[X,0x0000000080000A08] -> 0x9093
mem[X,0x0000000080000A0A] -> 0x00B0
[647] [M]: 0x0000000080000A08 (0x00B09093) slli ra, ra, 0xb
x1 <- 0xFFFFFFFFD7FFE800

mem[X,0x0000000080000A0C] -> 0x8093
mem[X,0x0000000080000A0E] -> 0x0000
[648] [M]: 0x0000000080000A0C (0x00008093) addi ra, ra, 0x0
x1 <- 0xFFFFFFFFD7FFE800

mem[X,0x0000000080000A10] -> 0x9093
mem[X,0x0000000080000A12] -> 0x00B0
[649] [M]: 0x0000000080000A10 (0x00B09093) slli ra, ra, 0xb
x1 <- 0xFFFFFEBFFF400000

mem[X,0x0000000080000A14] -> 0x8093
mem[X,0x0000000080000A16] -> 0x0C00
[650] [M]: 0x0000000080000A14 (0x0C008093) addi ra, ra, 0xc0
x1 <- 0xFFFFFEBFFF4000C0

mem[X,0x0000000080000A18] -> 0x9093
mem[X,0x0000000080000A1A] -> 0x00A0
[651] [M]: 0x0000000080000A18 (0x00A09093) slli ra, ra, 0xa
x1 <- 0xFFFAFFFD00030000

mem[X,0x0000000080000A1C] -> 0x8093
mem[X,0x0000000080000A1E] -> 0x0060
[652] [M]: 0x0000000080000A1C (0x00608093) addi ra, ra, 0x6
x1 <- 0xFFFAFFFD00030006

mem[X,0x0000000080000A20] -> 0x78BB
mem[X,0x0000000080000A22] -> 0xA81C
[653] [M]: 0x0000000080000A20 (0xA81C78BB) pmhacc.h.be a7, s8, ra
x17 <- 0x0002F7FFAAAAFFFA

mem[X,0x0000000080000A24] -> 0x3023
mem[X,0x0000000080000A26] -> 0x0111
[654] [M]: 0x0000000080000A24 (0x01113023) sd a7, 0x0(sp)
mem[0x0000000080004200] <- 0x0002F7FFAAAAFFFA

mem[X,0x0000000080000A28] -> 0xF837
mem[X,0x0000000080000A2A] -> 0xBFFF
[655] [M]: 0x0000000080000A28 (0xBFFFF837) lui a6, -0x40001
x16 <- 0xFFFFFFFFBFFFF000

mem[X,0x0000000080000A2C] -> 0x0813
mem[X,0x0000000080000A2E] -> 0x7FF8
[656] [M]: 0x0000000080000A2C (0x7FF80813) addi a6, a6, 0x7ff
x16 <- 0xFFFFFFFFBFFFF7FF

mem[X,0x0000000080000A30] -> 0x1813
mem[X,0x0000000080000A32] -> 0x00B8
[657] [M]: 0x0000000080000A30 (0x00B81813) slli a6, a6, 0xb
x16 <- 0xFFFFFDFFFFBFF800

mem[X,0x0000000080000A34] -> 0x0813
mem[X,0x0000000080000A36] -> 0x0008
[658] [M]: 0x0000000080000A34 (0x00080813) addi a6, a6, 0x0
x16 <- 0xFFFFFDFFFFBFF800

mem[X,0x0000000080000A38] -> 0x1813
mem[X,0x0000000080000A3A] -> 0x00B8
[659] [M]: 0x0000000080000A38 (0x00B81813) slli a6, a6, 0xb
x16 <- 0xFFEFFFFDFFC00000

mem[X,0x0000000080000A3C] -> 0x0813
mem[X,0x0000000080000A3E] -> 0x1FD8
[660] [M]: 0x0000000080000A3C (0x1FD80813) addi a6, a6, 0x1fd
x16 <- 0xFFEFFFFDFFC001FD

mem[X,0x0000000080000A40] -> 0x1813
mem[X,0x0000000080000A42] -> 0x00A8
[661] [M]: 0x0000000080000A40 (0x00A81813) slli a6, a6, 0xa
x16 <- 0xBFFFF7FF0007F400

mem[X,0x0000000080000A44] -> 0x0813
mem[X,0x0000000080000A46] -> 0x3FF8
[662] [M]: 0x0000000080000A44 (0x3FF80813) addi a6, a6, 0x3ff
x16 <- 0xBFFFF7FF0007F7FF

mem[X,0x0000000080000A48] -> 0x0637
mem[X,0x0000000080000A4A] -> 0xFFEF
[663] [M]: 0x0000000080000A48 (0xFFEF0637) lui a2, -0x110
x12 <- 0xFFFFFFFFFFEF0000

mem[X,0x0000000080000A4C] -> 0x0613
mem[X,0x0000000080000A4E] -> 0x0086
[664] [M]: 0x0000000080000A4C (0x00860613) addi a2, a2, 0x8
x12 <- 0xFFFFFFFFFFEF0008

mem[X,0x0000000080000A50] -> 0x1613
mem[X,0x0000000080000A52] -> 0x00B6
[665] [M]: 0x0000000080000A50 (0x00B61613) slli a2, a2, 0xb
x12 <- 0xFFFFFFFF78004000

mem[X,0x0000000080000A54] -> 0x0613
mem[X,0x0000000080000A56] -> 0x0006
[666] [M]: 0x0000000080000A54 (0x00060613) addi a2, a2, 0x0
x12 <- 0xFFFFFFFF78004000

mem[X,0x0000000080000A58] -> 0x1613
mem[X,0x0000000080000A5A] -> 0x00B6
[667] [M]: 0x0000000080000A58 (0x00B61613) slli a2, a2, 0xb
x12 <- 0xFFFFFBC002000000

mem[X,0x0000000080000A5C] -> 0x0613
mem[X,0x0000000080000A5E] -> 0x27F6
[668] [M]: 0x0000000080000A5C (0x27F60613) addi a2, a2, 0x27f
x12 <- 0xFFFFFBC00200027F

mem[X,0x0000000080000A60] -> 0x1613
mem[X,0x0000000080000A62] -> 0x00A6
[669] [M]: 0x0000000080000A60 (0x00A61613) slli a2, a2, 0xa
x12 <- 0xFFEF00080009FC00

mem[X,0x0000000080000A64] -> 0x0613
mem[X,0x0000000080000A66] -> 0x3F86
[670] [M]: 0x0000000080000A64 (0x3F860613) addi a2, a2, 0x3f8
x12 <- 0xFFEF00080009FFF8

mem[X,0x0000000080000A68] -> 0x773B
mem[X,0x0000000080000A6A] -> 0xA8C8
[671] [M]: 0x0000000080000A68 (0xA8C8773B) pmhacc.h.be a4, a6, a2
x14 <- 0x80047FFF0000FF7F

mem[X,0x0000000080000A6C] -> 0x3423
mem[X,0x0000000080000A6E] -> 0x00E1
[672] [M]: 0x0000000080000A6C (0x00E13423) sd a4, 0x8(sp)
mem[0x0000000080004208] <- 0x80047FFF0000FF7F

mem[X,0x0000000080000A70] -> 0x0AB7
mem[X,0x0000000080000A72] -> 0x0003
[673] [M]: 0x0000000080000A70 (0x00030AB7) lui s5, 0x30
x21 <- 0x0000000000030000

mem[X,0x0000000080000A74] -> 0x8A93
mem[X,0x0000000080000A76] -> 0x006A
[674] [M]: 0x0000000080000A74 (0x006A8A93) addi s5, s5, 0x6
x21 <- 0x0000000000030006

mem[X,0x0000000080000A78] -> 0x9A93
mem[X,0x0000000080000A7A] -> 0x00BA
[675] [M]: 0x0000000080000A78 (0x00BA9A93) slli s5, s5, 0xb
x21 <- 0x0000000018003000

mem[X,0x0000000080000A7C] -> 0x8A93
mem[X,0x0000000080000A7E] -> 0x000A
[676] [M]: 0x0000000080000A7C (0x000A8A93) addi s5, s5, 0x0
x21 <- 0x0000000018003000

mem[X,0x0000000080000A80] -> 0x9A93
mem[X,0x0000000080000A82] -> 0x00BA
[677] [M]: 0x0000000080000A80 (0x00BA9A93) slli s5, s5, 0xb
x21 <- 0x000000C001800000

mem[X,0x0000000080000A84] -> 0x8A93
mem[X,0x0000000080000A86] -> 0x1BBA
[678] [M]: 0x0000000080000A84 (0x1BBA8A93) addi s5, s5, 0x1bb
x21 <- 0x000000C0018001BB

mem[X,0x0000000080000A88] -> 0x9A93
mem[X,0x0000000080000A8A] -> 0x00AA
[679] [M]: 0x0000000080000A88 (0x00AA9A93) slli s5, s5, 0xa
x21 <- 0x000300060006EC00

mem[X,0x0000000080000A8C] -> 0x8A93
mem[X,0x0000000080000A8E] -> 0x3FFA
[680] [M]: 0x0000000080000A8C (0x3FFA8A93) addi s5, s5, 0x3ff
x21 <- 0x000300060006EFFF

mem[X,0x0000000080000A90] -> 0x0937
mem[X,0x0000000080000A92] -> 0xFFFC
[681] [M]: 0x0000000080000A90 (0xFFFC0937) lui s2, -0x40
x18 <- 0xFFFFFFFFFFFC0000

mem[X,0x0000000080000A94] -> 0x0913
mem[X,0x0000000080000A96] -> 0x0089
[682] [M]: 0x0000000080000A94 (0x00890913) addi s2, s2, 0x8
x18 <- 0xFFFFFFFFFFFC0008

mem[X,0x0000000080000A98] -> 0x1913
mem[X,0x0000000080000A9A] -> 0x00B9
[683] [M]: 0x0000000080000A98 (0x00B91913) slli s2, s2, 0xb
x18 <- 0xFFFFFFFFE0004000

mem[X,0x0000000080000A9C] -> 0x0913
mem[X,0x0000000080000A9E] -> 0x2AA9
[684] [M]: 0x0000000080000A9C (0x2AA90913) addi s2, s2, 0x2aa
x18 <- 0xFFFFFFFFE00042AA

mem[X,0x0000000080000AA0] -> 0x1913
mem[X,0x0000000080000AA2] -> 0x00B9
[685] [M]: 0x0000000080000AA0 (0x00B91913) slli s2, s2, 0xb
x18 <- 0xFFFFFF0002155000

mem[X,0x0000000080000AA4] -> 0x0913
mem[X,0x0000000080000AA6] -> 0x5409
[686] [M]: 0x0000000080000AA4 (0x54090913) addi s2, s2, 0x540
x18 <- 0xFFFFFF0002155540

mem[X,0x0000000080000AA8] -> 0x1913
mem[X,0x0000000080000AAA] -> 0x00A9
[687] [M]: 0x0000000080000AA8 (0x00A91913) slli s2, s2, 0xa
x18 <- 0xFFFC000855550000

mem[X,0x0000000080000AAC] -> 0x0913
mem[X,0x0000000080000AAE] -> 0x0089
[688] [M]: 0x0000000080000AAC (0x00890913) addi s2, s2, 0x8
x18 <- 0xFFFC000855550008

mem[X,0x0000000080000AB0] -> 0xF53B
mem[X,0x0000000080000AB2] -> 0xA92A
[689] [M]: 0x0000000080000AB0 (0xA92AF53B) pmhacc.h.be a0, s5, s2
x10 <- 0xFFF9FFFAFFFC007F

mem[X,0x0000000080000AB4] -> 0x3823
mem[X,0x0000000080000AB6] -> 0x00A1
[690] [M]: 0x0000000080000AB4 (0x00A13823) sd a0, 0x10(sp)
mem[0x0000000080004210] <- 0xFFF9FFFAFFFC007F

mem[X,0x0000000080000AB8] -> 0x4F37
mem[X,0x0000000080000ABA] -> 0x0000
[691] [M]: 0x0000000080000AB8 (0x00004F37) lui t5, 0x4
x30 <- 0x0000000000004000

mem[X,0x0000000080000ABC] -> 0x0F13
mem[X,0x0000000080000ABE] -> 0xFFFF
[692] [M]: 0x0000000080000ABC (0xFFFF0F13) addi t5, t5, -0x1
x30 <- 0x0000000000003FFF

mem[X,0x0000000080000AC0] -> 0x1F13
mem[X,0x0000000080000AC2] -> 0x00BF
[693] [M]: 0x0000000080000AC0 (0x00BF1F13) slli t5, t5, 0xb
x30 <- 0x0000000001FFF800

mem[X,0x0000000080000AC4] -> 0x0F13
mem[X,0x0000000080000AC6] -> 0x000F
[694] [M]: 0x0000000080000AC4 (0x000F0F13) addi t5, t5, 0x0
x30 <- 0x0000000001FFF800

mem[X,0x0000000080000AC8] -> 0x1F13
mem[X,0x0000000080000ACA] -> 0x00BF
[695] [M]: 0x0000000080000AC8 (0x00BF1F13) slli t5, t5, 0xb
x30 <- 0x0000000FFFC00000

mem[X,0x0000000080000ACC] -> 0x0F13
mem[X,0x0000000080000ACE] -> 0x137F
[696] [M]: 0x0000000080000ACC (0x137F0F13) addi t5, t5, 0x137
x30 <- 0x0000000FFFC00137

mem[X,0x0000000080000AD0] -> 0x1F13
mem[X,0x0000000080000AD2] -> 0x00AF
[697] [M]: 0x0000000080000AD0 (0x00AF1F13) slli t5, t5, 0xa
x30 <- 0x00003FFF0004DC00

mem[X,0x0000000080000AD4] -> 0x0F13
mem[X,0x0000000080000AD6] -> 0x3FFF
[698] [M]: 0x0000000080000AD4 (0x3FFF0F13) addi t5, t5, 0x3ff
x30 <- 0x00003FFF0004DFFF

mem[X,0x0000000080000AD8] -> 0x0EB7
mem[X,0x0000000080000ADA] -> 0x0000
[699] [M]: 0x0000000080000AD8 (0x00000EB7) lui t4, 0x0
x29 <- 0x0000000000000000

clint::tick mtime <- 0x0000000000000007
 clint timer pending at mtime 0x0000000000000007
htif::tick 0x0000000000000000
mem[X,0x0000000080000ADC] -> 0x8E93
mem[X,0x0000000080000ADE] -> 0x002E
[700] [M]: 0x0000000080000ADC (0x002E8E93) addi t4, t4, 0x2
x29 <- 0x0000000000000002

mem[X,0x0000000080000AE0] -> 0x9E93
mem[X,0x0000000080000AE2] -> 0x00BE
[701] [M]: 0x0000000080000AE0 (0x00BE9E93) slli t4, t4, 0xb
x29 <- 0x0000000000001000

mem[X,0x0000000080000AE4] -> 0x8E93
mem[X,0x0000000080000AE6] -> 0x001E
[702] [M]: 0x0000000080000AE4 (0x001E8E93) addi t4, t4, 0x1
x29 <- 0x0000000000001001

mem[X,0x0000000080000AE8] -> 0x9E93
mem[X,0x0000000080000AEA] -> 0x00BE
[703] [M]: 0x0000000080000AE8 (0x00BE9E93) slli t4, t4, 0xb
x29 <- 0x0000000000800800

mem[X,0x0000000080000AEC] -> 0x8E93
mem[X,0x0000000080000AEE] -> 0x00FE
[704] [M]: 0x0000000080000AEC (0x00FE8E93) addi t4, t4, 0xf
x29 <- 0x000000000080080F

mem[X,0x0000000080000AF0] -> 0x9E93
mem[X,0x0000000080000AF2] -> 0x00AE
[705] [M]: 0x0000000080000AF0 (0x00AE9E93) slli t4, t4, 0xa
x29 <- 0x0000000200203C00

mem[X,0x0000000080000AF4] -> 0x8E93
mem[X,0x0000000080000AF6] -> 0x3FFE
[706] [M]: 0x0000000080000AF4 (0x3FFE8E93) addi t4, t4, 0x3ff
x29 <- 0x0000000200203FFF

mem[X,0x0000000080000AF8] -> 0x7FBB
mem[X,0x0000000080000AFA] -> 0xA9DF
[707] [M]: 0x0000000080000AF8 (0xA9DF7FBB) pmhacc.h.be t6, t5, t4
x31 <- 0x2004000F04000007

mem[X,0x0000000080000AFC] -> 0x3C23
mem[X,0x0000000080000AFE] -> 0x01F1
[708] [M]: 0x0000000080000AFC (0x01F13C23) sd t6, 0x18(sp)
mem[0x0000000080004218] <- 0x2004000F04000007

mem[X,0x0000000080000B00] -> 0x0F37
mem[X,0x0000000080000B02] -> 0xE000
[709] [M]: 0x0000000080000B00 (0xE0000F37) lui t5, -0x20000
x30 <- 0xFFFFFFFFE0000000

mem[X,0x0000000080000B04] -> 0x0F13
mem[X,0x0000000080000B06] -> 0xFEFF
[710] [M]: 0x0000000080000B04 (0xFEFF0F13) addi t5, t5, -0x11
x30 <- 0xFFFFFFFFDFFFFFEF

mem[X,0x0000000080000B08] -> 0x1F13
mem[X,0x0000000080000B0A] -> 0x00BF
[711] [M]: 0x0000000080000B08 (0x00BF1F13) slli t5, t5, 0xb
x30 <- 0xFFFFFEFFFFFF7800

mem[X,0x0000000080000B0C] -> 0x0F13
mem[X,0x0000000080000B0E] -> 0x77FF
[712] [M]: 0x0000000080000B0C (0x77FF0F13) addi t5, t5, 0x77f
x30 <- 0xFFFFFEFFFFFF7F7F

mem[X,0x0000000080000B10] -> 0x1F13
mem[X,0x0000000080000B12] -> 0x00BF
[713] [M]: 0x0000000080000B10 (0x00BF1F13) slli t5, t5, 0xb
x30 <- 0xFFF7FFFFFBFBF800

mem[X,0x0000000080000B14] -> 0x0F13
mem[X,0x0000000080000B16] -> 0x7EFF
[714] [M]: 0x0000000080000B14 (0x7EFF0F13) addi t5, t5, 0x7ef
x30 <- 0xFFF7FFFFFBFBFFEF

mem[X,0x0000000080000B18] -> 0x1F13
mem[X,0x0000000080000B1A] -> 0x00AF
[715] [M]: 0x0000000080000B18 (0x00AF1F13) slli t5, t5, 0xa
x30 <- 0xDFFFFFEFEFFFBC00

mem[X,0x0000000080000B1C] -> 0x0F13
mem[X,0x0000000080000B1E] -> 0x3FFF
[716] [M]: 0x0000000080000B1C (0x3FFF0F13) addi t5, t5, 0x3ff
x30 <- 0xDFFFFFEFEFFFBFFF

mem[X,0x0000000080000B20] -> 0x8EB7
mem[X,0x0000000080000B22] -> 0xFBFF
[717] [M]: 0x0000000080000B20 (0xFBFF8EB7) lui t4, -0x4008
x29 <- 0xFFFFFFFFFBFF8000

mem[X,0x0000000080000B24] -> 0x8E93
mem[X,0x0000000080000B26] -> 0xFFFE
[718] [M]: 0x0000000080000B24 (0xFFFE8E93) addi t4, t4, -0x1
x29 <- 0xFFFFFFFFFBFF7FFF

mem[X,0x0000000080000B28] -> 0x9E93
mem[X,0x0000000080000B2A] -> 0x00BE
[719] [M]: 0x0000000080000B28 (0x00BE9E93) slli t4, t4, 0xb
x29 <- 0xFFFFFFDFFBFFF800

mem[X,0x0000000080000B2C] -> 0x8E93
mem[X,0x0000000080000B2E] -> 0x7FFE
[720] [M]: 0x0000000080000B2C (0x7FFE8E93) addi t4, t4, 0x7ff
x29 <- 0xFFFFFFDFFBFFFFFF

mem[X,0x0000000080000B30] -> 0x9E93
mem[X,0x0000000080000B32] -> 0x00BE
[721] [M]: 0x0000000080000B30 (0x00BE9E93) slli t4, t4, 0xb
x29 <- 0xFFFEFFDFFFFFF800

mem[X,0x0000000080000B34] -> 0x8E93
mem[X,0x0000000080000B36] -> 0x6B7E
[722] [M]: 0x0000000080000B34 (0x6B7E8E93) addi t4, t4, 0x6b7
x29 <- 0xFFFEFFDFFFFFFEB7

mem[X,0x0000000080000B38] -> 0x9E93
mem[X,0x0000000080000B3A] -> 0x00AE
[723] [M]: 0x0000000080000B38 (0x00AE9E93) slli t4, t4, 0xa
x29 <- 0xFBFF7FFFFFFADC00

mem[X,0x0000000080000B3C] -> 0x8E93
mem[X,0x0000000080000B3E] -> 0x3FFE
[724] [M]: 0x0000000080000B3C (0x3FFE8E93) addi t4, t4, 0x3ff
x29 <- 0xFBFF7FFFFFFADFFF

mem[X,0x0000000080000B40] -> 0x7FBB
mem[X,0x0000000080000B42] -> 0xA9DF
[725] [M]: 0x0000000080000B40 (0xA9DF7FBB) pmhacc.h.be t6, t5, t4
x31 <- 0x2004000F04000007

mem[X,0x0000000080000B44] -> 0x3023
mem[X,0x0000000080000B46] -> 0x03F1
[726] [M]: 0x0000000080000B44 (0x03F13023) sd t6, 0x20(sp)
mem[0x0000000080004220] <- 0x2004000F04000007

mem[X,0x0000000080000B48] -> 0x0F37
mem[X,0x0000000080000B4A] -> 0x7FFF
[727] [M]: 0x0000000080000B48 (0x7FFF0F37) lui t5, 0x7fff0
x30 <- 0x000000007FFF0000

mem[X,0x0000000080000B4C] -> 0x0F13
mem[X,0x0000000080000B4E] -> 0x080F
[728] [M]: 0x0000000080000B4C (0x080F0F13) addi t5, t5, 0x80
x30 <- 0x000000007FFF0080

mem[X,0x0000000080000B50] -> 0x1F13
mem[X,0x0000000080000B52] -> 0x00BF
[729] [M]: 0x0000000080000B50 (0x00BF1F13) slli t5, t5, 0xb
x30 <- 0x000003FFF8040000

mem[X,0x0000000080000B54] -> 0x0F13
mem[X,0x0000000080000B56] -> 0x7FFF
[730] [M]: 0x0000000080000B54 (0x7FFF0F13) addi t5, t5, 0x7ff
x30 <- 0x000003FFF80407FF

mem[X,0x0000000080000B58] -> 0x1F13
mem[X,0x0000000080000B5A] -> 0x00BF
[731] [M]: 0x0000000080000B58 (0x00BF1F13) slli t5, t5, 0xb
x30 <- 0x001FFFC0203FF800

mem[X,0x0000000080000B5C] -> 0x0F13
mem[X,0x0000000080000B5E] -> 0x3D5F
[732] [M]: 0x0000000080000B5C (0x3D5F0F13) addi t5, t5, 0x3d5
x30 <- 0x001FFFC0203FFBD5

mem[X,0x0000000080000B60] -> 0x1F13
mem[X,0x0000000080000B62] -> 0x00AF
[733] [M]: 0x0000000080000B60 (0x00AF1F13) slli t5, t5, 0xa
x30 <- 0x7FFF0080FFEF5400

mem[X,0x0000000080000B64] -> 0x0F13
mem[X,0x0000000080000B66] -> 0x155F
[734] [M]: 0x0000000080000B64 (0x155F0F13) addi t5, t5, 0x155
x30 <- 0x7FFF0080FFEF5555

mem[X,0x0000000080000B68] -> 0xBEB7
mem[X,0x0000000080000B6A] -> 0x0004
[735] [M]: 0x0000000080000B68 (0x0004BEB7) lui t4, 0x4b
x29 <- 0x000000000004B000

mem[X,0x0000000080000B6C] -> 0x8E93
mem[X,0x0000000080000B6E] -> 0xAAAE
[736] [M]: 0x0000000080000B6C (0xAAAE8E93) addi t4, t4, -0x556
x29 <- 0x000000000004AAAA

mem[X,0x0000000080000B70] -> 0x9E93
mem[X,0x0000000080000B72] -> 0x00BE
[737] [M]: 0x0000000080000B70 (0x00BE9E93) slli t4, t4, 0xb
x29 <- 0x0000000025555000

mem[X,0x0000000080000B74] -> 0x8E93
mem[X,0x0000000080000B76] -> 0x7FFE
[738] [M]: 0x0000000080000B74 (0x7FFE8E93) addi t4, t4, 0x7ff
x29 <- 0x00000000255557FF

mem[X,0x0000000080000B78] -> 0x9E93
mem[X,0x0000000080000B7A] -> 0x00BE
[739] [M]: 0x0000000080000B78 (0x00BE9E93) slli t4, t4, 0xb
x29 <- 0x0000012AAABFF800

mem[X,0x0000000080000B7C] -> 0x8E93
mem[X,0x0000000080000B7E] -> 0x688E
[740] [M]: 0x0000000080000B7C (0x688E8E93) addi t4, t4, 0x688
x29 <- 0x0000012AAABFFE88

mem[X,0x0000000080000B80] -> 0x9E93
mem[X,0x0000000080000B82] -> 0x00AE
[741] [M]: 0x0000000080000B80 (0x00AE9E93) slli t4, t4, 0xa
x29 <- 0x0004AAAAFFFA2000

mem[X,0x0000000080000B84] -> 0x7FBB
mem[X,0x0000000080000B86] -> 0xA9DF
[742] [M]: 0x0000000080000B84 (0xA9DF7FBB) pmhacc.h.be t6, t5, t4
x31 <- 0x2005000E04000007

mem[X,0x0000000080000B88] -> 0x3423
mem[X,0x0000000080000B8A] -> 0x03F1
[743] [M]: 0x0000000080000B88 (0x03F13423) sd t6, 0x28(sp)
mem[0x0000000080004228] <- 0x2005000E04000007

mem[X,0x0000000080000B8C] -> 0x0F37
mem[X,0x0000000080000B8E] -> 0x0100
[744] [M]: 0x0000000080000B8C (0x01000F37) lui t5, 0x1000
x30 <- 0x0000000001000000

mem[X,0x0000000080000B90] -> 0x0F13
mem[X,0x0000000080000B92] -> 0x008F
[745] [M]: 0x0000000080000B90 (0x008F0F13) addi t5, t5, 0x8
x30 <- 0x0000000001000008

mem[X,0x0000000080000B94] -> 0x1F13
mem[X,0x0000000080000B96] -> 0x00BF
[746] [M]: 0x0000000080000B94 (0x00BF1F13) slli t5, t5, 0xb
x30 <- 0x0000000800004000

mem[X,0x0000000080000B98] -> 0x0F13
mem[X,0x0000000080000B9A] -> 0x000F
[747] [M]: 0x0000000080000B98 (0x000F0F13) addi t5, t5, 0x0
x30 <- 0x0000000800004000

mem[X,0x0000000080000B9C] -> 0x1F13
mem[X,0x0000000080000B9E] -> 0x00BF
[748] [M]: 0x0000000080000B9C (0x00BF1F13) slli t5, t5, 0xb
x30 <- 0x0000400002000000

mem[X,0x0000000080000BA0] -> 0x0F13
mem[X,0x0000000080000BA2] -> 0x1EAF
[749] [M]: 0x0000000080000BA0 (0x1EAF0F13) addi t5, t5, 0x1ea
x30 <- 0x00004000020001EA

mem[X,0x0000000080000BA4] -> 0x1F13
mem[X,0x0000000080000BA6] -> 0x00AF
[750] [M]: 0x0000000080000BA4 (0x00AF1F13) slli t5, t5, 0xa
x30 <- 0x010000080007A800

mem[X,0x0000000080000BA8] -> 0x0F13
mem[X,0x0000000080000BAA] -> 0x2AAF
[751] [M]: 0x0000000080000BA8 (0x2AAF0F13) addi t5, t5, 0x2aa
x30 <- 0x010000080007AAAA

mem[X,0x0000000080000BAC] -> 0x1EB7
mem[X,0x0000000080000BAE] -> 0xBFFF
[752] [M]: 0x0000000080000BAC (0xBFFF1EB7) lui t4, -0x4000f
x29 <- 0xFFFFFFFFBFFF1000

mem[X,0x0000000080000BB0] -> 0x8E93
mem[X,0x0000000080000BB2] -> 0x800E
[753] [M]: 0x0000000080000BB0 (0x800E8E93) addi t4, t4, -0x800
x29 <- 0xFFFFFFFFBFFF0800

mem[X,0x0000000080000BB4] -> 0x9E93
mem[X,0x0000000080000BB6] -> 0x00BE
[754] [M]: 0x0000000080000BB4 (0x00BE9E93) slli t4, t4, 0xb
x29 <- 0xFFFFFDFFF8400000

mem[X,0x0000000080000BB8] -> 0x8E93
mem[X,0x0000000080000BBA] -> 0x7FDE
[755] [M]: 0x0000000080000BB8 (0x7FDE8E93) addi t4, t4, 0x7fd
x29 <- 0xFFFFFDFFF84007FD

mem[X,0x0000000080000BBC] -> 0x9E93
mem[X,0x0000000080000BBE] -> 0x00BE
[756] [M]: 0x0000000080000BBC (0x00BE9E93) slli t4, t4, 0xb
x29 <- 0xFFEFFFC2003FE800

mem[X,0x0000000080000BC0] -> 0x8E93
mem[X,0x0000000080000BC2] -> 0x7C1E
[757] [M]: 0x0000000080000BC0 (0x7C1E8E93) addi t4, t4, 0x7c1
x29 <- 0xFFEFFFC2003FEFC1

mem[X,0x0000000080000BC4] -> 0x9E93
mem[X,0x0000000080000BC6] -> 0x00AE
[758] [M]: 0x0000000080000BC4 (0x00AE9E93) slli t4, t4, 0xa
x29 <- 0xBFFF0800FFBF0400

mem[X,0x0000000080000BC8] -> 0x7FBB
mem[X,0x0000000080000BCA] -> 0xA9DF
[759] [M]: 0x0000000080000BC8 (0xA9DF7FBB) pmhacc.h.be t6, t5, t4
x31 <- 0x2004000E03FF0007

mem[X,0x0000000080000BCC] -> 0x3823
mem[X,0x0000000080000BCE] -> 0x03F1
[760] [M]: 0x0000000080000BCC (0x03F13823) sd t6, 0x30(sp)
mem[0x0000000080004230] <- 0x2004000E03FF0007

mem[X,0x0000000080000BD0] -> 0x0F37
mem[X,0x0000000080000BD2] -> 0xFF7F
[761] [M]: 0x0000000080000BD0 (0xFF7F0F37) lui t5, -0x810
x30 <- 0xFFFFFFFFFF7F0000

mem[X,0x0000000080000BD4] -> 0x0F13
mem[X,0x0000000080000BD6] -> 0x006F
[762] [M]: 0x0000000080000BD4 (0x006F0F13) addi t5, t5, 0x6
x30 <- 0xFFFFFFFFFF7F0006

mem[X,0x0000000080000BD8] -> 0x1F13
mem[X,0x0000000080000BDA] -> 0x00BF
[763] [M]: 0x0000000080000BD8 (0x00BF1F13) slli t5, t5, 0xb
x30 <- 0xFFFFFFFBF8003000

mem[X,0x0000000080000BDC] -> 0x0F13
mem[X,0x0000000080000BDE] -> 0x080F
[764] [M]: 0x0000000080000BDC (0x080F0F13) addi t5, t5, 0x80
x30 <- 0xFFFFFFFBF8003080

mem[X,0x0000000080000BE0] -> 0x1F13
mem[X,0x0000000080000BE2] -> 0x00BF
[765] [M]: 0x0000000080000BE0 (0x00BF1F13) slli t5, t5, 0xb
x30 <- 0xFFFFDFC001840000

mem[X,0x0000000080000BE4] -> 0x0F13
mem[X,0x0000000080000BE6] -> 0x002F
[766] [M]: 0x0000000080000BE4 (0x002F0F13) addi t5, t5, 0x2
x30 <- 0xFFFFDFC001840002

mem[X,0x0000000080000BE8] -> 0x1F13
mem[X,0x0000000080000BEA] -> 0x00AF
[767] [M]: 0x0000000080000BE8 (0x00AF1F13) slli t5, t5, 0xa
x30 <- 0xFF7F000610000800

mem[X,0x0000000080000BEC] -> 0x0EB7
mem[X,0x0000000080000BEE] -> 0x0010
[768] [M]: 0x0000000080000BEC (0x00100EB7) lui t4, 0x100
x29 <- 0x0000000000100000

mem[X,0x0000000080000BF0] -> 0x8E93
mem[X,0x0000000080000BF2] -> 0x008E
[769] [M]: 0x0000000080000BF0 (0x008E8E93) addi t4, t4, 0x8
x29 <- 0x0000000000100008

mem[X,0x0000000080000BF4] -> 0x9E93
mem[X,0x0000000080000BF6] -> 0x00BE
[770] [M]: 0x0000000080000BF4 (0x00BE9E93) slli t4, t4, 0xb
x29 <- 0x0000000080004000

mem[X,0x0000000080000BF8] -> 0x8E93
mem[X,0x0000000080000BFA] -> 0x7BFE
[771] [M]: 0x0000000080000BF8 (0x7BFE8E93) addi t4, t4, 0x7bf
x29 <- 0x00000000800047BF

mem[X,0x0000000080000BFC] -> 0x9E93
mem[X,0x0000000080000BFE] -> 0x00BE
[772] [M]: 0x0000000080000BFC (0x00BE9E93) slli t4, t4, 0xb
x29 <- 0x00000400023DF800

mem[X,0x0000000080000C00] -> 0x8E93
mem[X,0x0000000080000C02] -> 0x7FFE
[773] [M]: 0x0000000080000C00 (0x7FFE8E93) addi t4, t4, 0x7ff
x29 <- 0x00000400023DFFFF

mem[X,0x0000000080000C04] -> 0x9E93
mem[X,0x0000000080000C06] -> 0x00AE
[774] [M]: 0x0000000080000C04 (0x00AE9E93) slli t4, t4, 0xa
x29 <- 0x00100008F7FFFC00

mem[X,0x0000000080000C08] -> 0x8E93
mem[X,0x0000000080000C0A] -> 0x3FEE
[775] [M]: 0x0000000080000C08 (0x3FEE8E93) addi t4, t4, 0x3fe
x29 <- 0x00100008F7FFFFFE

mem[X,0x0000000080000C0C] -> 0x7FBB
mem[X,0x0000000080000C0E] -> 0xA9DF
[776] [M]: 0x0000000080000C0C (0xA9DF7FBB) pmhacc.h.be t6, t5, t4
x31 <- 0x2003000E03FE0006

mem[X,0x0000000080000C10] -> 0x3C23
mem[X,0x0000000080000C12] -> 0x03F1
[777] [M]: 0x0000000080000C10 (0x03F13C23) sd t6, 0x38(sp)
mem[0x0000000080004238] <- 0x2003000E03FE0006

mem[X,0x0000000080000C14] -> 0x0F37
mem[X,0x0000000080000C16] -> 0x1000
[778] [M]: 0x0000000080000C14 (0x10000F37) lui t5, 0x10000
x30 <- 0x0000000010000000

mem[X,0x0000000080000C18] -> 0x0F13
mem[X,0x0000000080000C1A] -> 0x080F
[779] [M]: 0x0000000080000C18 (0x080F0F13) addi t5, t5, 0x80
x30 <- 0x0000000010000080

mem[X,0x0000000080000C1C] -> 0x1F13
mem[X,0x0000000080000C1E] -> 0x00BF
[780] [M]: 0x0000000080000C1C (0x00BF1F13) slli t5, t5, 0xb
x30 <- 0x0000008000040000

mem[X,0x0000000080000C20] -> 0x0F13
mem[X,0x0000000080000C22] -> 0x7FFF
[781] [M]: 0x0000000080000C20 (0x7FFF0F13) addi t5, t5, 0x7ff
x30 <- 0x00000080000407FF

mem[X,0x0000000080000C24] -> 0x1F13
mem[X,0x0000000080000C26] -> 0x00BF
[782] [M]: 0x0000000080000C24 (0x00BF1F13) slli t5, t5, 0xb
x30 <- 0x00040000203FF800

mem[X,0x0000000080000C28] -> 0x0F13
mem[X,0x0000000080000C2A] -> 0x684F
[783] [M]: 0x0000000080000C28 (0x684F0F13) addi t5, t5, 0x684
x30 <- 0x00040000203FFE84

mem[X,0x0000000080000C2C] -> 0x1F13
mem[X,0x0000000080000C2E] -> 0x00AF
[784] [M]: 0x0000000080000C2C (0x00AF1F13) slli t5, t5, 0xa
x30 <- 0x10000080FFFA1000

mem[X,0x0000000080000C30] -> 0x0EB7
mem[X,0x0000000080000C32] -> 0x0100
[785] [M]: 0x0000000080000C30 (0x01000EB7) lui t4, 0x1000
x29 <- 0x0000000001000000

mem[X,0x0000000080000C34] -> 0x8E93
mem[X,0x0000000080000C36] -> 0x006E
[786] [M]: 0x0000000080000C34 (0x006E8E93) addi t4, t4, 0x6
x29 <- 0x0000000001000006

mem[X,0x0000000080000C38] -> 0x9E93
mem[X,0x0000000080000C3A] -> 0x00BE
[787] [M]: 0x0000000080000C38 (0x00BE9E93) slli t4, t4, 0xb
x29 <- 0x0000000800003000

mem[X,0x0000000080000C3C] -> 0x8E93
mem[X,0x0000000080000C3E] -> 0x7FEE
[788] [M]: 0x0000000080000C3C (0x7FEE8E93) addi t4, t4, 0x7fe
x29 <- 0x00000008000037FE

mem[X,0x0000000080000C40] -> 0x9E93
mem[X,0x0000000080000C42] -> 0x00BE
[789] [M]: 0x0000000080000C40 (0x00BE9E93) slli t4, t4, 0xb
x29 <- 0x0000400001BFF000

mem[X,0x0000000080000C44] -> 0x8E93
mem[X,0x0000000080000C46] -> 0x7FEE
[790] [M]: 0x0000000080000C44 (0x7FEE8E93) addi t4, t4, 0x7fe
x29 <- 0x0000400001BFF7FE

mem[X,0x0000000080000C48] -> 0x9E93
mem[X,0x0000000080000C4A] -> 0x00AE
[791] [M]: 0x0000000080000C48 (0x00AE9E93) slli t4, t4, 0xa
x29 <- 0x01000006FFDFF800

mem[X,0x0000000080000C4C] -> 0x8E93
mem[X,0x0000000080000C4E] -> 0x3FFE
[792] [M]: 0x0000000080000C4C (0x3FFE8E93) addi t4, t4, 0x3ff
x29 <- 0x01000006FFDFFBFF

mem[X,0x0000000080000C50] -> 0x7FBB
mem[X,0x0000000080000C52] -> 0xA9DF
[793] [M]: 0x0000000080000C50 (0xA9DF7FBB) pmhacc.h.be t6, t5, t4
x31 <- 0x2003000E03FE0005

mem[X,0x0000000080000C54] -> 0x3023
mem[X,0x0000000080000C56] -> 0x05F1
[794] [M]: 0x0000000080000C54 (0x05F13023) sd t6, 0x40(sp)
mem[0x0000000080004240] <- 0x2003000E03FE0005

mem[X,0x0000000080000C58] -> 0x0F37
mem[X,0x0000000080000C5A] -> 0xF800
[795] [M]: 0x0000000080000C58 (0xF8000F37) lui t5, -0x8000
x30 <- 0xFFFFFFFFF8000000

mem[X,0x0000000080000C5C] -> 0x0F13
mem[X,0x0000000080000C5E] -> 0xFDFF
[796] [M]: 0x0000000080000C5C (0xFDFF0F13) addi t5, t5, -0x21
x30 <- 0xFFFFFFFFF7FFFFDF

mem[X,0x0000000080000C60] -> 0x1F13
mem[X,0x0000000080000C62] -> 0x00BF
[797] [M]: 0x0000000080000C60 (0x00BF1F13) slli t5, t5, 0xb
x30 <- 0xFFFFFFBFFFFEF800

mem[X,0x0000000080000C64] -> 0x0F13
mem[X,0x0000000080000C66] -> 0x7EFF
[798] [M]: 0x0000000080000C64 (0x7EFF0F13) addi t5, t5, 0x7ef
x30 <- 0xFFFFFFBFFFFEFFEF

mem[X,0x0000000080000C68] -> 0x1F13
mem[X,0x0000000080000C6A] -> 0x00BF
[799] [M]: 0x0000000080000C68 (0x00BF1F13) slli t5, t5, 0xb
x30 <- 0xFFFDFFFFF7FF7800

clint::tick mtime <- 0x0000000000000008
 clint timer pending at mtime 0x0000000000000008
htif::tick 0x0000000000000000
mem[X,0x0000000080000C6C] -> 0x0F13
mem[X,0x0000000080000C6E] -> 0x7F7F
[800] [M]: 0x0000000080000C6C (0x7F7F0F13) addi t5, t5, 0x7f7
x30 <- 0xFFFDFFFFF7FF7FF7

mem[X,0x0000000080000C70] -> 0x1F13
mem[X,0x0000000080000C72] -> 0x00AF
[801] [M]: 0x0000000080000C70 (0x00AF1F13) slli t5, t5, 0xa
x30 <- 0xF7FFFFDFFDFFDC00

mem[X,0x0000000080000C74] -> 0x0F13
mem[X,0x0000000080000C76] -> 0x3FFF
[802] [M]: 0x0000000080000C74 (0x3FFF0F13) addi t5, t5, 0x3ff
x30 <- 0xF7FFFFDFFDFFDFFF

mem[X,0x0000000080000C78] -> 0x0EB7
mem[X,0x0000000080000C7A] -> 0x0201
[803] [M]: 0x0000000080000C78 (0x02010EB7) lui t4, 0x2010
x29 <- 0x0000000002010000

mem[X,0x0000000080000C7C] -> 0x8E93
mem[X,0x0000000080000C7E] -> 0xFFBE
[804] [M]: 0x0000000080000C7C (0xFFBE8E93) addi t4, t4, -0x5
x29 <- 0x000000000200FFFB

mem[X,0x0000000080000C80] -> 0x9E93
mem[X,0x0000000080000C82] -> 0x00BE
[805] [M]: 0x0000000080000C80 (0x00BE9E93) slli t4, t4, 0xb
x29 <- 0x0000001007FFD800

mem[X,0x0000000080000C84] -> 0x8E93
mem[X,0x0000000080000C86] -> 0x7FFE
[806] [M]: 0x0000000080000C84 (0x7FFE8E93) addi t4, t4, 0x7ff
x29 <- 0x0000001007FFDFFF

mem[X,0x0000000080000C88] -> 0x9E93
mem[X,0x0000000080000C8A] -> 0x00BE
[807] [M]: 0x0000000080000C88 (0x00BE9E93) slli t4, t4, 0xb
x29 <- 0x0000803FFEFFF800

mem[X,0x0000000080000C8C] -> 0x8E93
mem[X,0x0000000080000C8E] -> 0x5C2E
[808] [M]: 0x0000000080000C8C (0x5C2E8E93) addi t4, t4, 0x5c2
x29 <- 0x0000803FFEFFFDC2

mem[X,0x0000000080000C90] -> 0x9E93
mem[X,0x0000000080000C92] -> 0x00AE
[809] [M]: 0x0000000080000C90 (0x00AE9E93) slli t4, t4, 0xa
x29 <- 0x0200FFFBFFF70800

mem[X,0x0000000080000C94] -> 0x7FBB
mem[X,0x0000000080000C96] -> 0xA9DF
[810] [M]: 0x0000000080000C94 (0xA9DF7FBB) pmhacc.h.be t6, t5, t4
x31 <- 0x2003000E03FE0005

mem[X,0x0000000080000C98] -> 0x3423
mem[X,0x0000000080000C9A] -> 0x05F1
[811] [M]: 0x0000000080000C98 (0x05F13423) sd t6, 0x48(sp)
mem[0x0000000080004248] <- 0x2003000E03FE0005

mem[X,0x0000000080000C9C] -> 0x0F37
mem[X,0x0000000080000C9E] -> 0x0003
[812] [M]: 0x0000000080000C9C (0x00030F37) lui t5, 0x30
x30 <- 0x0000000000030000

mem[X,0x0000000080000CA0] -> 0x0F13
mem[X,0x0000000080000CA2] -> 0x002F
[813] [M]: 0x0000000080000CA0 (0x002F0F13) addi t5, t5, 0x2
x30 <- 0x0000000000030002

mem[X,0x0000000080000CA4] -> 0x1F13
mem[X,0x0000000080000CA6] -> 0x00BF
[814] [M]: 0x0000000080000CA4 (0x00BF1F13) slli t5, t5, 0xb
x30 <- 0x0000000018001000

mem[X,0x0000000080000CA8] -> 0x0F13
mem[X,0x0000000080000CAA] -> 0x600F
[815] [M]: 0x0000000080000CA8 (0x600F0F13) addi t5, t5, 0x600
x30 <- 0x0000000018001600

mem[X,0x0000000080000CAC] -> 0x1F13
mem[X,0x0000000080000CAE] -> 0x00BF
[816] [M]: 0x0000000080000CAC (0x00BF1F13) slli t5, t5, 0xb
x30 <- 0x000000C000B00000

mem[X,0x0000000080000CB0] -> 0x0F13
mem[X,0x0000000080000CB2] -> 0x03FF
[817] [M]: 0x0000000080000CB0 (0x03FF0F13) addi t5, t5, 0x3f
x30 <- 0x000000C000B0003F

mem[X,0x0000000080000CB4] -> 0x1F13
mem[X,0x0000000080000CB6] -> 0x00AF
[818] [M]: 0x0000000080000CB4 (0x00AF1F13) slli t5, t5, 0xa
x30 <- 0x00030002C000FC00

mem[X,0x0000000080000CB8] -> 0x0F13
mem[X,0x0000000080000CBA] -> 0x1FFF
[819] [M]: 0x0000000080000CB8 (0x1FFF0F13) addi t5, t5, 0x1ff
x30 <- 0x00030002C000FDFF

mem[X,0x0000000080000CBC] -> 0x0EB7
mem[X,0x0000000080000CBE] -> 0x0401
[820] [M]: 0x0000000080000CBC (0x04010EB7) lui t4, 0x4010
x29 <- 0x0000000004010000

mem[X,0x0000000080000CC0] -> 0x8E93
mem[X,0x0000000080000CC2] -> 0xFFDE
[821] [M]: 0x0000000080000CC0 (0xFFDE8E93) addi t4, t4, -0x3
x29 <- 0x000000000400FFFD

mem[X,0x0000000080000CC4] -> 0x9E93
mem[X,0x0000000080000CC6] -> 0x00BE
[822] [M]: 0x0000000080000CC4 (0x00BE9E93) slli t4, t4, 0xb
x29 <- 0x0000002007FFE800

mem[X,0x0000000080000CC8] -> 0x8E93
mem[X,0x0000000080000CCA] -> 0x000E
[823] [M]: 0x0000000080000CC8 (0x000E8E93) addi t4, t4, 0x0
x29 <- 0x0000002007FFE800

mem[X,0x0000000080000CCC] -> 0x9E93
mem[X,0x0000000080000CCE] -> 0x00BE
[824] [M]: 0x0000000080000CCC (0x00BE9E93) slli t4, t4, 0xb
x29 <- 0x0001003FFF400000

mem[X,0x0000000080000CD0] -> 0x8E93
mem[X,0x0000000080000CD2] -> 0x27FE
[825] [M]: 0x0000000080000CD0 (0x27FE8E93) addi t4, t4, 0x27f
x29 <- 0x0001003FFF40027F

mem[X,0x0000000080000CD4] -> 0x9E93
mem[X,0x0000000080000CD6] -> 0x00AE
[826] [M]: 0x0000000080000CD4 (0x00AE9E93) slli t4, t4, 0xa
x29 <- 0x0400FFFD0009FC00

mem[X,0x0000000080000CD8] -> 0x8E93
mem[X,0x0000000080000CDA] -> 0x2FFE
[827] [M]: 0x0000000080000CD8 (0x2FFE8E93) addi t4, t4, 0x2ff
x29 <- 0x0400FFFD0009FEFF

mem[X,0x0000000080000CDC] -> 0x7FBB
mem[X,0x0000000080000CDE] -> 0xA9DF
[828] [M]: 0x0000000080000CDC (0xA9DF7FBB) pmhacc.h.be t6, t5, t4
x31 <- 0x2003000D03FB0005

mem[X,0x0000000080000CE0] -> 0x3823
mem[X,0x0000000080000CE2] -> 0x05F1
[829] [M]: 0x0000000080000CE0 (0x05F13823) sd t6, 0x50(sp)
mem[0x0000000080004250] <- 0x2003000D03FB0005

mem[X,0x0000000080000CE4] -> 0x0F37
mem[X,0x0000000080000CE6] -> 0x0020
[830] [M]: 0x0000000080000CE4 (0x00200F37) lui t5, 0x200
x30 <- 0x0000000000200000

mem[X,0x0000000080000CE8] -> 0x0F13
mem[X,0x0000000080000CEA] -> 0x000F
[831] [M]: 0x0000000080000CE8 (0x000F0F13) addi t5, t5, 0x0
x30 <- 0x0000000000200000

mem[X,0x0000000080000CEC] -> 0x1F13
mem[X,0x0000000080000CEE] -> 0x00BF
[832] [M]: 0x0000000080000CEC (0x00BF1F13) slli t5, t5, 0xb
x30 <- 0x0000000100000000

mem[X,0x0000000080000CF0] -> 0x0F13
mem[X,0x0000000080000CF2] -> 0x7DFF
[833] [M]: 0x0000000080000CF0 (0x7DFF0F13) addi t5, t5, 0x7df
x30 <- 0x00000001000007DF

mem[X,0x0000000080000CF4] -> 0x1F13
mem[X,0x0000000080000CF6] -> 0x00BF
[834] [M]: 0x0000000080000CF4 (0x00BF1F13) slli t5, t5, 0xb
x30 <- 0x00000800003EF800

mem[X,0x0000000080000CF8] -> 0x0F13
mem[X,0x0000000080000CFA] -> 0x7E0F
[835] [M]: 0x0000000080000CF8 (0x7E0F0F13) addi t5, t5, 0x7e0
x30 <- 0x00000800003EFFE0

mem[X,0x0000000080000CFC] -> 0x1F13
mem[X,0x0000000080000CFE] -> 0x00AF
[836] [M]: 0x0000000080000CFC (0x00AF1F13) slli t5, t5, 0xa
x30 <- 0x00200000FBFF8000

mem[X,0x0000000080000D00] -> 0x0EB7
mem[X,0x0000000080000D02] -> 0x0800
[837] [M]: 0x0000000080000D00 (0x08000EB7) lui t4, 0x8000
x29 <- 0x0000000008000000

mem[X,0x0000000080000D04] -> 0x8E93
mem[X,0x0000000080000D06] -> 0x020E
[838] [M]: 0x0000000080000D04 (0x020E8E93) addi t4, t4, 0x20
x29 <- 0x0000000008000020

mem[X,0x0000000080000D08] -> 0x9E93
mem[X,0x0000000080000D0A] -> 0x00BE
[839] [M]: 0x0000000080000D08 (0x00BE9E93) slli t4, t4, 0xb
x29 <- 0x0000004000010000

mem[X,0x0000000080000D0C] -> 0x8E93
mem[X,0x0000000080000D0E] -> 0x7FEE
[840] [M]: 0x0000000080000D0C (0x7FEE8E93) addi t4, t4, 0x7fe
x29 <- 0x00000040000107FE

mem[X,0x0000000080000D10] -> 0x9E93
mem[X,0x0000000080000D12] -> 0x00BE
[841] [M]: 0x0000000080000D10 (0x00BE9E93) slli t4, t4, 0xb
x29 <- 0x00020000083FF000

mem[X,0x0000000080000D14] -> 0x8E93
mem[X,0x0000000080000D16] -> 0x7FFE
[842] [M]: 0x0000000080000D14 (0x7FFE8E93) addi t4, t4, 0x7ff
x29 <- 0x00020000083FF7FF

mem[X,0x0000000080000D18] -> 0x9E93
mem[X,0x0000000080000D1A] -> 0x00AE
[843] [M]: 0x0000000080000D18 (0x00AE9E93) slli t4, t4, 0xa
x29 <- 0x08000020FFDFFC00

mem[X,0x0000000080000D1C] -> 0x8E93
mem[X,0x0000000080000D1E] -> 0x3FCE
[844] [M]: 0x0000000080000D1C (0x3FCE8E93) addi t4, t4, 0x3fc
x29 <- 0x08000020FFDFFFFC

mem[X,0x0000000080000D20] -> 0x7FBB
mem[X,0x0000000080000D22] -> 0xA9DF
[845] [M]: 0x0000000080000D20 (0xA9DF7FBB) pmhacc.h.be t6, t5, t4
x31 <- 0x2003000D03FB0007

mem[X,0x0000000080000D24] -> 0x3C23
mem[X,0x0000000080000D26] -> 0x05F1
[846] [M]: 0x0000000080000D24 (0x05F13C23) sd t6, 0x58(sp)
mem[0x0000000080004258] <- 0x2003000D03FB0007

mem[X,0x0000000080000D28] -> 0xCF37
mem[X,0x0000000080000D2A] -> 0x0200
[847] [M]: 0x0000000080000D28 (0x0200CF37) lui t5, 0x200c
x30 <- 0x000000000200C000

mem[X,0x0000000080000D2C] -> 0x0F13
mem[X,0x0000000080000D2E] -> 0x000F
[848] [M]: 0x0000000080000D2C (0x000F0F13) addi t5, t5, 0x0
x30 <- 0x000000000200C000

mem[X,0x0000000080000D30] -> 0x1F13
mem[X,0x0000000080000D32] -> 0x00BF
[849] [M]: 0x0000000080000D30 (0x00BF1F13) slli t5, t5, 0xb
x30 <- 0x0000001006000000

mem[X,0x0000000080000D34] -> 0x0F13
mem[X,0x0000000080000D36] -> 0x000F
[850] [M]: 0x0000000080000D34 (0x000F0F13) addi t5, t5, 0x0
x30 <- 0x0000001006000000

mem[X,0x0000000080000D38] -> 0x1F13
mem[X,0x0000000080000D3A] -> 0x00BF
[851] [M]: 0x0000000080000D38 (0x00BF1F13) slli t5, t5, 0xb
x30 <- 0x0000803000000000

mem[X,0x0000000080000D3C] -> 0x0F13
mem[X,0x0000000080000D3E] -> 0x17DF
[852] [M]: 0x0000000080000D3C (0x17DF0F13) addi t5, t5, 0x17d
x30 <- 0x000080300000017D

mem[X,0x0000000080000D40] -> 0x1F13
mem[X,0x0000000080000D42] -> 0x00AF
[853] [M]: 0x0000000080000D40 (0x00AF1F13) slli t5, t5, 0xa
x30 <- 0x0200C0000005F400

mem[X,0x0000000080000D44] -> 0x0F13
mem[X,0x0000000080000D46] -> 0x3FFF
[854] [M]: 0x0000000080000D44 (0x3FFF0F13) addi t5, t5, 0x3ff
x30 <- 0x0200C0000005F7FF

mem[X,0x0000000080000D48] -> 0x8EB7
mem[X,0x0000000080000D4A] -> 0x2000
[855] [M]: 0x0000000080000D48 (0x20008EB7) lui t4, 0x20008
x29 <- 0x0000000020008000

mem[X,0x0000000080000D4C] -> 0x8E93
mem[X,0x0000000080000D4E] -> 0x000E
[856] [M]: 0x0000000080000D4C (0x000E8E93) addi t4, t4, 0x0
x29 <- 0x0000000020008000

mem[X,0x0000000080000D50] -> 0x9E93
mem[X,0x0000000080000D52] -> 0x00BE
[857] [M]: 0x0000000080000D50 (0x00BE9E93) slli t4, t4, 0xb
x29 <- 0x0000010004000000

mem[X,0x0000000080000D54] -> 0x8E93
mem[X,0x0000000080000D56] -> 0x7FBE
[858] [M]: 0x0000000080000D54 (0x7FBE8E93) addi t4, t4, 0x7fb
x29 <- 0x00000100040007FB

mem[X,0x0000000080000D58] -> 0x9E93
mem[X,0x0000000080000D5A] -> 0x00BE
[859] [M]: 0x0000000080000D58 (0x00BE9E93) slli t4, t4, 0xb
x29 <- 0x00080020003FD800

mem[X,0x0000000080000D5C] -> 0x8E93
mem[X,0x0000000080000D5E] -> 0x7FFE
[860] [M]: 0x0000000080000D5C (0x7FFE8E93) addi t4, t4, 0x7ff
x29 <- 0x00080020003FDFFF

mem[X,0x0000000080000D60] -> 0x9E93
mem[X,0x0000000080000D62] -> 0x00AE
[861] [M]: 0x0000000080000D60 (0x00AE9E93) slli t4, t4, 0xa
x29 <- 0x20008000FF7FFC00

mem[X,0x0000000080000D64] -> 0x8E93
mem[X,0x0000000080000D66] -> 0x3FAE
[862] [M]: 0x0000000080000D64 (0x3FAE8E93) addi t4, t4, 0x3fa
x29 <- 0x20008000FF7FFFFA

mem[X,0x0000000080000D68] -> 0x7FBB
mem[X,0x0000000080000D6A] -> 0xA9DF
[863] [M]: 0x0000000080000D68 (0xA9DF7FBB) pmhacc.h.be t6, t5, t4
x31 <- 0x2003000D03FB0007

mem[X,0x0000000080000D6C] -> 0x3023
mem[X,0x0000000080000D6E] -> 0x07F1
[864] [M]: 0x0000000080000D6C (0x07F13023) sd t6, 0x60(sp)
mem[0x0000000080004260] <- 0x2003000D03FB0007

mem[X,0x0000000080000D70] -> 0x4F37
mem[X,0x0000000080000D72] -> 0x2000
[865] [M]: 0x0000000080000D70 (0x20004F37) lui t5, 0x20004
x30 <- 0x0000000020004000

mem[X,0x0000000080000D74] -> 0x0F13
mem[X,0x0000000080000D76] -> 0x000F
[866] [M]: 0x0000000080000D74 (0x000F0F13) addi t5, t5, 0x0
x30 <- 0x0000000020004000

mem[X,0x0000000080000D78] -> 0x1F13
mem[X,0x0000000080000D7A] -> 0x00BF
[867] [M]: 0x0000000080000D78 (0x00BF1F13) slli t5, t5, 0xb
x30 <- 0x0000010002000000

mem[X,0x0000000080000D7C] -> 0x0F13
mem[X,0x0000000080000D7E] -> 0x1FFF
[868] [M]: 0x0000000080000D7C (0x1FFF0F13) addi t5, t5, 0x1ff
x30 <- 0x00000100020001FF

mem[X,0x0000000080000D80] -> 0x1F13
mem[X,0x0000000080000D82] -> 0x00BF
[869] [M]: 0x0000000080000D80 (0x00BF1F13) slli t5, t5, 0xb
x30 <- 0x00080010000FF800

mem[X,0x0000000080000D84] -> 0x0F13
mem[X,0x0000000080000D86] -> 0x7FFF
[870] [M]: 0x0000000080000D84 (0x7FFF0F13) addi t5, t5, 0x7ff
x30 <- 0x00080010000FFFFF

mem[X,0x0000000080000D88] -> 0x1F13
mem[X,0x0000000080000D8A] -> 0x00AF
[871] [M]: 0x0000000080000D88 (0x00AF1F13) slli t5, t5, 0xa
x30 <- 0x200040003FFFFC00

mem[X,0x0000000080000D8C] -> 0x0F13
mem[X,0x0000000080000D8E] -> 0x3EFF
[872] [M]: 0x0000000080000D8C (0x3EFF0F13) addi t5, t5, 0x3ef
x30 <- 0x200040003FFFFFEF

mem[X,0x0000000080000D90] -> 0x0EB7
mem[X,0x0000000080000D92] -> 0x4001
[873] [M]: 0x0000000080000D90 (0x40010EB7) lui t4, 0x40010
x29 <- 0x0000000040010000

mem[X,0x0000000080000D94] -> 0x8E93
mem[X,0x0000000080000D96] -> 0xFBFE
[874] [M]: 0x0000000080000D94 (0xFBFE8E93) addi t4, t4, -0x41
x29 <- 0x000000004000FFBF

mem[X,0x0000000080000D98] -> 0x9E93
mem[X,0x0000000080000D9A] -> 0x00BE
[875] [M]: 0x0000000080000D98 (0x00BE9E93) slli t4, t4, 0xb
x29 <- 0x0000020007FDF800

mem[X,0x0000000080000D9C] -> 0x8E93
mem[X,0x0000000080000D9E] -> 0x000E
[876] [M]: 0x0000000080000D9C (0x000E8E93) addi t4, t4, 0x0
x29 <- 0x0000020007FDF800

mem[X,0x0000000080000DA0] -> 0x9E93
mem[X,0x0000000080000DA2] -> 0x00BE
[877] [M]: 0x0000000080000DA0 (0x00BE9E93) slli t4, t4, 0xb
x29 <- 0x0010003FEFC00000

mem[X,0x0000000080000DA4] -> 0x8E93
mem[X,0x0000000080000DA6] -> 0x400E
[878] [M]: 0x0000000080000DA4 (0x400E8E93) addi t4, t4, 0x400
x29 <- 0x0010003FEFC00400

mem[X,0x0000000080000DA8] -> 0x9E93
mem[X,0x0000000080000DAA] -> 0x00AE
[879] [M]: 0x0000000080000DA8 (0x00AE9E93) slli t4, t4, 0xa
x29 <- 0x4000FFBF00100000

mem[X,0x0000000080000DAC] -> 0x8E93
mem[X,0x0000000080000DAE] -> 0x002E
[880] [M]: 0x0000000080000DAC (0x002E8E93) addi t4, t4, 0x2
x29 <- 0x4000FFBF00100002

mem[X,0x0000000080000DB0] -> 0x7FBB
mem[X,0x0000000080000DB2] -> 0xA9DF
[881] [M]: 0x0000000080000DB0 (0xA9DF7FBB) pmhacc.h.be t6, t5, t4
x31 <- 0x2003FFFC03FE0006

mem[X,0x0000000080000DB4] -> 0x3423
mem[X,0x0000000080000DB6] -> 0x07F1
[882] [M]: 0x0000000080000DB4 (0x07F13423) sd t6, 0x68(sp)
mem[0x0000000080004268] <- 0x2003FFFC03FE0006

mem[X,0x0000000080000DB8] -> 0x0F37
mem[X,0x0000000080000DBA] -> 0x0101
[883] [M]: 0x0000000080000DB8 (0x01010F37) lui t5, 0x1010
x30 <- 0x0000000001010000

mem[X,0x0000000080000DBC] -> 0x0F13
mem[X,0x0000000080000DBE] -> 0xFFEF
[884] [M]: 0x0000000080000DBC (0xFFEF0F13) addi t5, t5, -0x2
x30 <- 0x000000000100FFFE

mem[X,0x0000000080000DC0] -> 0x1F13
mem[X,0x0000000080000DC2] -> 0x00BF
[885] [M]: 0x0000000080000DC0 (0x00BF1F13) slli t5, t5, 0xb
x30 <- 0x0000000807FFF000

mem[X,0x0000000080000DC4] -> 0x0F13
mem[X,0x0000000080000DC6] -> 0x7FFF
[886] [M]: 0x0000000080000DC4 (0x7FFF0F13) addi t5, t5, 0x7ff
x30 <- 0x0000000807FFF7FF

mem[X,0x0000000080000DC8] -> 0x1F13
mem[X,0x0000000080000DCA] -> 0x00BF
[887] [M]: 0x0000000080000DC8 (0x00BF1F13) slli t5, t5, 0xb
x30 <- 0x0000403FFFBFF800

mem[X,0x0000000080000DCC] -> 0x0F13
mem[X,0x0000000080000DCE] -> 0x6FFF
[888] [M]: 0x0000000080000DCC (0x6FFF0F13) addi t5, t5, 0x6ff
x30 <- 0x0000403FFFBFFEFF

mem[X,0x0000000080000DD0] -> 0x1F13
mem[X,0x0000000080000DD2] -> 0x00AF
[889] [M]: 0x0000000080000DD0 (0x00AF1F13) slli t5, t5, 0xa
x30 <- 0x0100FFFEFFFBFC00

mem[X,0x0000000080000DD4] -> 0x0F13
mem[X,0x0000000080000DD6] -> 0x3F6F
[890] [M]: 0x0000000080000DD4 (0x3F6F0F13) addi t5, t5, 0x3f6
x30 <- 0x0100FFFEFFFBFFF6

mem[X,0x0000000080000DD8] -> 0x0EB7
mem[X,0x0000000080000DDA] -> 0xFFFE
[891] [M]: 0x0000000080000DD8 (0xFFFE0EB7) lui t4, -0x20
x29 <- 0xFFFFFFFFFFFE0000

mem[X,0x0000000080000DDC] -> 0x8E93
mem[X,0x0000000080000DDE] -> 0x006E
[892] [M]: 0x0000000080000DDC (0x006E8E93) addi t4, t4, 0x6
x29 <- 0xFFFFFFFFFFFE0006

mem[X,0x0000000080000DE0] -> 0x9E93
mem[X,0x0000000080000DE2] -> 0x00BE
[893] [M]: 0x0000000080000DE0 (0x00BE9E93) slli t4, t4, 0xb
x29 <- 0xFFFFFFFFF0003000

mem[X,0x0000000080000DE4] -> 0x8E93
mem[X,0x0000000080000DE6] -> 0x001E
[894] [M]: 0x0000000080000DE4 (0x001E8E93) addi t4, t4, 0x1
x29 <- 0xFFFFFFFFF0003001

mem[X,0x0000000080000DE8] -> 0x9E93
mem[X,0x0000000080000DEA] -> 0x00BE
[895] [M]: 0x0000000080000DE8 (0x00BE9E93) slli t4, t4, 0xb
x29 <- 0xFFFFFF8001800800

mem[X,0x0000000080000DEC] -> 0x8E93
mem[X,0x0000000080000DEE] -> 0x000E
[896] [M]: 0x0000000080000DEC (0x000E8E93) addi t4, t4, 0x0
x29 <- 0xFFFFFF8001800800

mem[X,0x0000000080000DF0] -> 0x9E93
mem[X,0x0000000080000DF2] -> 0x00AE
[897] [M]: 0x0000000080000DF0 (0x00AE9E93) slli t4, t4, 0xa
x29 <- 0xFFFE000600200000

mem[X,0x0000000080000DF4] -> 0x8E93
mem[X,0x0000000080000DF6] -> 0x002E
[898] [M]: 0x0000000080000DF4 (0x002E8E93) addi t4, t4, 0x2
x29 <- 0xFFFE000600200002

mem[X,0x0000000080000DF8] -> 0x7FBB
mem[X,0x0000000080000DFA] -> 0xA9DF
[899] [M]: 0x0000000080000DF8 (0xA9DF7FBB) pmhacc.h.be t6, t5, t4
x31 <- 0x2002FFFB03FD0005

clint::tick mtime <- 0x0000000000000009
 clint timer pending at mtime 0x0000000000000009
htif::tick 0x0000000000000000
mem[X,0x0000000080000DFC] -> 0x3823
mem[X,0x0000000080000DFE] -> 0x07F1
[900] [M]: 0x0000000080000DFC (0x07F13823) sd t6, 0x70(sp)
mem[0x0000000080004270] <- 0x2002FFFB03FD0005

mem[X,0x0000000080000E00] -> 0xCF37
mem[X,0x0000000080000E02] -> 0xFF7F
[901] [M]: 0x0000000080000E00 (0xFF7FCF37) lui t5, -0x804
x30 <- 0xFFFFFFFFFF7FC000

mem[X,0x0000000080000E04] -> 0x0F13
mem[X,0x0000000080000E06] -> 0xFFFF
[902] [M]: 0x0000000080000E04 (0xFFFF0F13) addi t5, t5, -0x1
x30 <- 0xFFFFFFFFFF7FBFFF

mem[X,0x0000000080000E08] -> 0x1F13
mem[X,0x0000000080000E0A] -> 0x00BF
[903] [M]: 0x0000000080000E08 (0x00BF1F13) slli t5, t5, 0xb
x30 <- 0xFFFFFFFBFDFFF800

mem[X,0x0000000080000E0C] -> 0x0F13
mem[X,0x0000000080000E0E] -> 0x000F
[904] [M]: 0x0000000080000E0C (0x000F0F13) addi t5, t5, 0x0
x30 <- 0xFFFFFFFBFDFFF800

mem[X,0x0000000080000E10] -> 0x1F13
mem[X,0x0000000080000E12] -> 0x00BF
[905] [M]: 0x0000000080000E10 (0x00BF1F13) slli t5, t5, 0xb
x30 <- 0xFFFFDFEFFFC00000

mem[X,0x0000000080000E14] -> 0x0F13
mem[X,0x0000000080000E16] -> 0x400F
[906] [M]: 0x0000000080000E14 (0x400F0F13) addi t5, t5, 0x400
x30 <- 0xFFFFDFEFFFC00400

mem[X,0x0000000080000E18] -> 0x1F13
mem[X,0x0000000080000E1A] -> 0x00AF
[907] [M]: 0x0000000080000E18 (0x00AF1F13) slli t5, t5, 0xa
x30 <- 0xFF7FBFFF00100000

mem[X,0x0000000080000E1C] -> 0x0F13
mem[X,0x0000000080000E1E] -> 0x008F
[908] [M]: 0x0000000080000E1C (0x008F0F13) addi t5, t5, 0x8
x30 <- 0xFF7FBFFF00100008

mem[X,0x0000000080000E20] -> 0x0EB7
mem[X,0x0000000080000E22] -> 0xFFFB
[909] [M]: 0x0000000080000E20 (0xFFFB0EB7) lui t4, -0x50
x29 <- 0xFFFFFFFFFFFB0000

mem[X,0x0000000080000E24] -> 0x8E93
mem[X,0x0000000080000E26] -> 0x005E
[910] [M]: 0x0000000080000E24 (0x005E8E93) addi t4, t4, 0x5
x29 <- 0xFFFFFFFFFFFB0005

mem[X,0x0000000080000E28] -> 0x9E93
mem[X,0x0000000080000E2A] -> 0x00BE
[911] [M]: 0x0000000080000E28 (0x00BE9E93) slli t4, t4, 0xb
x29 <- 0xFFFFFFFFD8002800

mem[X,0x0000000080000E2C] -> 0x8E93
mem[X,0x0000000080000E2E] -> 0x7DFE
[912] [M]: 0x0000000080000E2C (0x7DFE8E93) addi t4, t4, 0x7df
x29 <- 0xFFFFFFFFD8002FDF

mem[X,0x0000000080000E30] -> 0x9E93
mem[X,0x0000000080000E32] -> 0x00BE
[913] [M]: 0x0000000080000E30 (0x00BE9E93) slli t4, t4, 0xb
x29 <- 0xFFFFFEC0017EF800

mem[X,0x0000000080000E34] -> 0x8E93
mem[X,0x0000000080000E36] -> 0x7FBE
[914] [M]: 0x0000000080000E34 (0x7FBE8E93) addi t4, t4, 0x7fb
x29 <- 0xFFFFFEC0017EFFFB

mem[X,0x0000000080000E38] -> 0x9E93
mem[X,0x0000000080000E3A] -> 0x00AE
[915] [M]: 0x0000000080000E38 (0x00AE9E93) slli t4, t4, 0xa
x29 <- 0xFFFB0005FBFFEC00

mem[X,0x0000000080000E3C] -> 0x8E93
mem[X,0x0000000080000E3E] -> 0x3FFE
[916] [M]: 0x0000000080000E3C (0x3FFE8E93) addi t4, t4, 0x3ff
x29 <- 0xFFFB0005FBFFEFFF

mem[X,0x0000000080000E40] -> 0x7FBB
mem[X,0x0000000080000E42] -> 0xA9DF
[917] [M]: 0x0000000080000E40 (0xA9DF7FBB) pmhacc.h.be t6, t5, t4
x31 <- 0x2002FFF903FC0004

mem[X,0x0000000080000E44] -> 0x3C23
mem[X,0x0000000080000E46] -> 0x07F1
[918] [M]: 0x0000000080000E44 (0x07F13C23) sd t6, 0x78(sp)
mem[0x0000000080004278] <- 0x2002FFF903FC0004

mem[X,0x0000000080000E48] -> 0x0F37
mem[X,0x0000000080000E4A] -> 0xFBFF
[919] [M]: 0x0000000080000E48 (0xFBFF0F37) lui t5, -0x4010
x30 <- 0xFFFFFFFFFBFF0000

mem[X,0x0000000080000E4C] -> 0x0F13
mem[X,0x0000000080000E4E] -> 0x004F
[920] [M]: 0x0000000080000E4C (0x004F0F13) addi t5, t5, 0x4
x30 <- 0xFFFFFFFFFBFF0004

mem[X,0x0000000080000E50] -> 0x1F13
mem[X,0x0000000080000E52] -> 0x00BF
[921] [M]: 0x0000000080000E50 (0x00BF1F13) slli t5, t5, 0xb
x30 <- 0xFFFFFFDFF8002000

mem[X,0x0000000080000E54] -> 0x0F13
mem[X,0x0000000080000E56] -> 0x000F
[922] [M]: 0x0000000080000E54 (0x000F0F13) addi t5, t5, 0x0
x30 <- 0xFFFFFFDFF8002000

mem[X,0x0000000080000E58] -> 0x1F13
mem[X,0x0000000080000E5A] -> 0x00BF
[923] [M]: 0x0000000080000E58 (0x00BF1F13) slli t5, t5, 0xb
x30 <- 0xFFFEFFC001000000

mem[X,0x0000000080000E5C] -> 0x0F13
mem[X,0x0000000080000E5E] -> 0x400F
[924] [M]: 0x0000000080000E5C (0x400F0F13) addi t5, t5, 0x400
x30 <- 0xFFFEFFC001000400

mem[X,0x0000000080000E60] -> 0x1F13
mem[X,0x0000000080000E62] -> 0x00AF
[925] [M]: 0x0000000080000E60 (0x00AF1F13) slli t5, t5, 0xa
x30 <- 0xFBFF000400100000

mem[X,0x0000000080000E64] -> 0x0F13
mem[X,0x0000000080000E66] -> 0x100F
[926] [M]: 0x0000000080000E64 (0x100F0F13) addi t5, t5, 0x100
x30 <- 0xFBFF000400100100

mem[X,0x0000000080000E68] -> 0x0EB7
mem[X,0x0000000080000E6A] -> 0xFFF7
[927] [M]: 0x0000000080000E68 (0xFFF70EB7) lui t4, -0x90
x29 <- 0xFFFFFFFFFFF70000

mem[X,0x0000000080000E6C] -> 0x8E93
mem[X,0x0000000080000E6E] -> 0x400E
[928] [M]: 0x0000000080000E6C (0x400E8E93) addi t4, t4, 0x400
x29 <- 0xFFFFFFFFFFF70400

mem[X,0x0000000080000E70] -> 0x9E93
mem[X,0x0000000080000E72] -> 0x00BE
[929] [M]: 0x0000000080000E70 (0x00BE9E93) slli t4, t4, 0xb
x29 <- 0xFFFFFFFFB8200000

mem[X,0x0000000080000E74] -> 0x8E93
mem[X,0x0000000080000E76] -> 0x000E
[930] [M]: 0x0000000080000E74 (0x000E8E93) addi t4, t4, 0x0
x29 <- 0xFFFFFFFFB8200000

mem[X,0x0000000080000E78] -> 0x9E93
mem[X,0x0000000080000E7A] -> 0x00BE
[931] [M]: 0x0000000080000E78 (0x00BE9E93) slli t4, t4, 0xb
x29 <- 0xFFFFFDC100000000

mem[X,0x0000000080000E7C] -> 0x8E93
mem[X,0x0000000080000E7E] -> 0x0FFE
[932] [M]: 0x0000000080000E7C (0x0FFE8E93) addi t4, t4, 0xff
x29 <- 0xFFFFFDC1000000FF

mem[X,0x0000000080000E80] -> 0x9E93
mem[X,0x0000000080000E82] -> 0x00AE
[933] [M]: 0x0000000080000E80 (0x00AE9E93) slli t4, t4, 0xa
x29 <- 0xFFF704000003FC00

mem[X,0x0000000080000E84] -> 0x8E93
mem[X,0x0000000080000E86] -> 0x3BFE
[934] [M]: 0x0000000080000E84 (0x3BFE8E93) addi t4, t4, 0x3bf
x29 <- 0xFFF704000003FFBF

mem[X,0x0000000080000E88] -> 0x7FBB
mem[X,0x0000000080000E8A] -> 0xA9DF
[935] [M]: 0x0000000080000E88 (0xA9DF7FBB) pmhacc.h.be t6, t5, t4
x31 <- 0x2002FFF903FC0003

mem[X,0x0000000080000E8C] -> 0x3023
mem[X,0x0000000080000E8E] -> 0x09F1
[936] [M]: 0x0000000080000E8C (0x09F13023) sd t6, 0x80(sp)
mem[0x0000000080004280] <- 0x2002FFF903FC0003

mem[X,0x0000000080000E90] -> 0x0F37
mem[X,0x0000000080000E92] -> 0x0000
[937] [M]: 0x0000000080000E90 (0x00000F37) lui t5, 0x0
x30 <- 0x0000000000000000

mem[X,0x0000000080000E94] -> 0x0F13
mem[X,0x0000000080000E96] -> 0x040F
[938] [M]: 0x0000000080000E94 (0x040F0F13) addi t5, t5, 0x40
x30 <- 0x0000000000000040

mem[X,0x0000000080000E98] -> 0x1F13
mem[X,0x0000000080000E9A] -> 0x00BF
[939] [M]: 0x0000000080000E98 (0x00BF1F13) slli t5, t5, 0xb
x30 <- 0x0000000000020000

mem[X,0x0000000080000E9C] -> 0x0F13
mem[X,0x0000000080000E9E] -> 0x77FF
[940] [M]: 0x0000000080000E9C (0x77FF0F13) addi t5, t5, 0x77f
x30 <- 0x000000000002077F

mem[X,0x0000000080000EA0] -> 0x1F13
mem[X,0x0000000080000EA2] -> 0x00BF
[941] [M]: 0x0000000080000EA0 (0x00BF1F13) slli t5, t5, 0xb
x30 <- 0x00000000103BF800

mem[X,0x0000000080000EA4] -> 0x0F13
mem[X,0x0000000080000EA6] -> 0x7D0F
[942] [M]: 0x0000000080000EA4 (0x7D0F0F13) addi t5, t5, 0x7d0
x30 <- 0x00000000103BFFD0

mem[X,0x0000000080000EA8] -> 0x1F13
mem[X,0x0000000080000EAA] -> 0x00AF
[943] [M]: 0x0000000080000EA8 (0x00AF1F13) slli t5, t5, 0xa
x30 <- 0x00000040EFFF4000

mem[X,0x0000000080000EAC] -> 0x0EB7
mem[X,0x0000000080000EAE] -> 0xFFBF
[944] [M]: 0x0000000080000EAC (0xFFBF0EB7) lui t4, -0x410
x29 <- 0xFFFFFFFFFFBF0000

mem[X,0x0000000080000EB0] -> 0x8E93
mem[X,0x0000000080000EB2] -> 0x040E
[945] [M]: 0x0000000080000EB0 (0x040E8E93) addi t4, t4, 0x40
x29 <- 0xFFFFFFFFFFBF0040

mem[X,0x0000000080000EB4] -> 0x9E93
mem[X,0x0000000080000EB6] -> 0x00BE
[946] [M]: 0x0000000080000EB4 (0x00BE9E93) slli t4, t4, 0xb
x29 <- 0xFFFFFFFDF8020000

mem[X,0x0000000080000EB8] -> 0x8E93
mem[X,0x0000000080000EBA] -> 0x000E
[947] [M]: 0x0000000080000EB8 (0x000E8E93) addi t4, t4, 0x0
x29 <- 0xFFFFFFFDF8020000

mem[X,0x0000000080000EBC] -> 0x9E93
mem[X,0x0000000080000EBE] -> 0x00BE
[948] [M]: 0x0000000080000EBC (0x00BE9E93) slli t4, t4, 0xb
x29 <- 0xFFFFEFC010000000

mem[X,0x0000000080000EC0] -> 0x8E93
mem[X,0x0000000080000EC2] -> 0x03EE
[949] [M]: 0x0000000080000EC0 (0x03EE8E93) addi t4, t4, 0x3e
x29 <- 0xFFFFEFC01000003E

mem[X,0x0000000080000EC4] -> 0x9E93
mem[X,0x0000000080000EC6] -> 0x00AE
[950] [M]: 0x0000000080000EC4 (0x00AE9E93) slli t4, t4, 0xa
x29 <- 0xFFBF00400000F800

mem[X,0x0000000080000EC8] -> 0x8E93
mem[X,0x0000000080000ECA] -> 0x3FFE
[951] [M]: 0x0000000080000EC8 (0x3FFE8E93) addi t4, t4, 0x3ff
x29 <- 0xFFBF00400000FBFF

mem[X,0x0000000080000ECC] -> 0x7FBB
mem[X,0x0000000080000ECE] -> 0xA9DF
[952] [M]: 0x0000000080000ECC (0xA9DF7FBB) pmhacc.h.be t6, t5, t4
x31 <- 0x2002FFF903FC0002

mem[X,0x0000000080000ED0] -> 0x3423
mem[X,0x0000000080000ED2] -> 0x09F1
[953] [M]: 0x0000000080000ED0 (0x09F13423) sd t6, 0x88(sp)
mem[0x0000000080004288] <- 0x2002FFF903FC0002

mem[X,0x0000000080000ED4] -> 0xCF37
mem[X,0x0000000080000ED6] -> 0xFFF9
[954] [M]: 0x0000000080000ED4 (0xFFF9CF37) lui t5, -0x64
x30 <- 0xFFFFFFFFFFF9C000

mem[X,0x0000000080000ED8] -> 0x0F13
mem[X,0x0000000080000EDA] -> 0x000F
[955] [M]: 0x0000000080000ED8 (0x000F0F13) addi t5, t5, 0x0
x30 <- 0xFFFFFFFFFFF9C000

mem[X,0x0000000080000EDC] -> 0x1F13
mem[X,0x0000000080000EDE] -> 0x00BF
[956] [M]: 0x0000000080000EDC (0x00BF1F13) slli t5, t5, 0xb
x30 <- 0xFFFFFFFFCE000000

mem[X,0x0000000080000EE0] -> 0x0F13
mem[X,0x0000000080000EE2] -> 0x2AAF
[957] [M]: 0x0000000080000EE0 (0x2AAF0F13) addi t5, t5, 0x2aa
x30 <- 0xFFFFFFFFCE0002AA

mem[X,0x0000000080000EE4] -> 0x1F13
mem[X,0x0000000080000EE6] -> 0x00BF
[958] [M]: 0x0000000080000EE4 (0x00BF1F13) slli t5, t5, 0xb
x30 <- 0xFFFFFE7000155000

mem[X,0x0000000080000EE8] -> 0x0F13
mem[X,0x0000000080000EEA] -> 0x57FF
[959] [M]: 0x0000000080000EE8 (0x57FF0F13) addi t5, t5, 0x57f
x30 <- 0xFFFFFE700015557F

mem[X,0x0000000080000EEC] -> 0x1F13
mem[X,0x0000000080000EEE] -> 0x00AF
[960] [M]: 0x0000000080000EEC (0x00AF1F13) slli t5, t5, 0xa
x30 <- 0xFFF9C0005555FC00

mem[X,0x0000000080000EF0] -> 0x0F13
mem[X,0x0000000080000EF2] -> 0x3DFF
[961] [M]: 0x0000000080000EF0 (0x3DFF0F13) addi t5, t5, 0x3df
x30 <- 0xFFF9C0005555FFDF

mem[X,0x0000000080000EF4] -> 0x0EB7
mem[X,0x0000000080000EF6] -> 0xFEFF
[962] [M]: 0x0000000080000EF4 (0xFEFF0EB7) lui t4, -0x1010
x29 <- 0xFFFFFFFFFEFF0000

mem[X,0x0000000080000EF8] -> 0x8E93
mem[X,0x0000000080000EFA] -> 0x002E
[963] [M]: 0x0000000080000EF8 (0x002E8E93) addi t4, t4, 0x2
x29 <- 0xFFFFFFFFFEFF0002

mem[X,0x0000000080000EFC] -> 0x9E93
mem[X,0x0000000080000EFE] -> 0x00BE
[964] [M]: 0x0000000080000EFC (0x00BE9E93) slli t4, t4, 0xb
x29 <- 0xFFFFFFF7F8001000

mem[X,0x0000000080000F00] -> 0x8E93
mem[X,0x0000000080000F02] -> 0x7F7E
[965] [M]: 0x0000000080000F00 (0x7F7E8E93) addi t4, t4, 0x7f7
x29 <- 0xFFFFFFF7F80017F7

mem[X,0x0000000080000F04] -> 0x9E93
mem[X,0x0000000080000F06] -> 0x00BE
[966] [M]: 0x0000000080000F04 (0x00BE9E93) slli t4, t4, 0xb
x29 <- 0xFFFFBFC000BFB800

mem[X,0x0000000080000F08] -> 0x8E93
mem[X,0x0000000080000F0A] -> 0x7FFE
[967] [M]: 0x0000000080000F08 (0x7FFE8E93) addi t4, t4, 0x7ff
x29 <- 0xFFFFBFC000BFBFFF

mem[X,0x0000000080000F0C] -> 0x9E93
mem[X,0x0000000080000F0E] -> 0x00AE
[968] [M]: 0x0000000080000F0C (0x00AE9E93) slli t4, t4, 0xa
x29 <- 0xFEFF0002FEFFFC00

mem[X,0x0000000080000F10] -> 0x8E93
mem[X,0x0000000080000F12] -> 0x3FCE
[969] [M]: 0x0000000080000F10 (0x3FCE8E93) addi t4, t4, 0x3fc
x29 <- 0xFEFF0002FEFFFFFC

mem[X,0x0000000080000F14] -> 0x7FBB
mem[X,0x0000000080000F16] -> 0xA9DF
[970] [M]: 0x0000000080000F14 (0xA9DF7FBB) pmhacc.h.be t6, t5, t4
x31 <- 0x2002FFF803FB0002

mem[X,0x0000000080000F18] -> 0x3823
mem[X,0x0000000080000F1A] -> 0x09F1
[971] [M]: 0x0000000080000F18 (0x09F13823) sd t6, 0x90(sp)
mem[0x0000000080004290] <- 0x2002FFF803FB0002

mem[X,0x0000000080000F1C] -> 0x0F37
mem[X,0x0000000080000F1E] -> 0x3FFF
[972] [M]: 0x0000000080000F1C (0x3FFF0F37) lui t5, 0x3fff0
x30 <- 0x000000003FFF0000

mem[X,0x0000000080000F20] -> 0x0F13
mem[X,0x0000000080000F22] -> 0x020F
[973] [M]: 0x0000000080000F20 (0x020F0F13) addi t5, t5, 0x20
x30 <- 0x000000003FFF0020

mem[X,0x0000000080000F24] -> 0x1F13
mem[X,0x0000000080000F26] -> 0x00BF
[974] [M]: 0x0000000080000F24 (0x00BF1F13) slli t5, t5, 0xb
x30 <- 0x000001FFF8010000

mem[X,0x0000000080000F28] -> 0x0F13
mem[X,0x0000000080000F2A] -> 0x000F
[975] [M]: 0x0000000080000F28 (0x000F0F13) addi t5, t5, 0x0
x30 <- 0x000001FFF8010000

mem[X,0x0000000080000F2C] -> 0x1F13
mem[X,0x0000000080000F2E] -> 0x00BF
[976] [M]: 0x0000000080000F2C (0x00BF1F13) slli t5, t5, 0xb
x30 <- 0x000FFFC008000000

mem[X,0x0000000080000F30] -> 0x0F13
mem[X,0x0000000080000F32] -> 0x0C0F
[977] [M]: 0x0000000080000F30 (0x0C0F0F13) addi t5, t5, 0xc0
x30 <- 0x000FFFC0080000C0

mem[X,0x0000000080000F34] -> 0x1F13
mem[X,0x0000000080000F36] -> 0x00AF
[978] [M]: 0x0000000080000F34 (0x00AF1F13) slli t5, t5, 0xa
x30 <- 0x3FFF002000030000

mem[X,0x0000000080000F38] -> 0x0F13
mem[X,0x0000000080000F3A] -> 0x007F
[979] [M]: 0x0000000080000F38 (0x007F0F13) addi t5, t5, 0x7
x30 <- 0x3FFF002000030007

mem[X,0x0000000080000F3C] -> 0xCEB7
mem[X,0x0000000080000F3E] -> 0xFDFF
[980] [M]: 0x0000000080000F3C (0xFDFFCEB7) lui t4, -0x2004
x29 <- 0xFFFFFFFFFDFFC000

mem[X,0x0000000080000F40] -> 0x8E93
mem[X,0x0000000080000F42] -> 0xFFFE
[981] [M]: 0x0000000080000F40 (0xFFFE8E93) addi t4, t4, -0x1
x29 <- 0xFFFFFFFFFDFFBFFF

mem[X,0x0000000080000F44] -> 0x9E93
mem[X,0x0000000080000F46] -> 0x00BE
[982] [M]: 0x0000000080000F44 (0x00BE9E93) slli t4, t4, 0xb
x29 <- 0xFFFFFFEFFDFFF800

mem[X,0x0000000080000F48] -> 0x8E93
mem[X,0x0000000080000F4A] -> 0x000E
[983] [M]: 0x0000000080000F48 (0x000E8E93) addi t4, t4, 0x0
x29 <- 0xFFFFFFEFFDFFF800

mem[X,0x0000000080000F4C] -> 0x9E93
mem[X,0x0000000080000F4E] -> 0x00BE
[984] [M]: 0x0000000080000F4C (0x00BE9E93) slli t4, t4, 0xb
x29 <- 0xFFFF7FEFFFC00000

mem[X,0x0000000080000F50] -> 0x8E93
mem[X,0x0000000080000F52] -> 0x200E
[985] [M]: 0x0000000080000F50 (0x200E8E93) addi t4, t4, 0x200
x29 <- 0xFFFF7FEFFFC00200

mem[X,0x0000000080000F54] -> 0x9E93
mem[X,0x0000000080000F56] -> 0x00AE
[986] [M]: 0x0000000080000F54 (0x00AE9E93) slli t4, t4, 0xa
x29 <- 0xFDFFBFFF00080000

mem[X,0x0000000080000F58] -> 0x8E93
mem[X,0x0000000080000F5A] -> 0x004E
[987] [M]: 0x0000000080000F58 (0x004E8E93) addi t4, t4, 0x4
x29 <- 0xFDFFBFFF00080004

mem[X,0x0000000080000F5C] -> 0x7FBB
mem[X,0x0000000080000F5E] -> 0xA9DF
[988] [M]: 0x0000000080000F5C (0xA9DF7FBB) pmhacc.h.be t6, t5, t4
x31 <- 0x2001FFF703FB0002

mem[X,0x0000000080000F60] -> 0x3C23
mem[X,0x0000000080000F62] -> 0x09F1
[989] [M]: 0x0000000080000F60 (0x09F13C23) sd t6, 0x98(sp)
mem[0x0000000080004298] <- 0x2001FFF703FB0002

mem[X,0x0000000080000F64] -> 0x0F37
mem[X,0x0000000080000F66] -> 0x1000
[990] [M]: 0x0000000080000F64 (0x10000F37) lui t5, 0x10000
x30 <- 0x0000000010000000

mem[X,0x0000000080000F68] -> 0x0F13
mem[X,0x0000000080000F6A] -> 0x007F
[991] [M]: 0x0000000080000F68 (0x007F0F13) addi t5, t5, 0x7
x30 <- 0x0000000010000007

mem[X,0x0000000080000F6C] -> 0x1F13
mem[X,0x0000000080000F6E] -> 0x00BF
[992] [M]: 0x0000000080000F6C (0x00BF1F13) slli t5, t5, 0xb
x30 <- 0x0000008000003800

mem[X,0x0000000080000F70] -> 0x0F13
mem[X,0x0000000080000F72] -> 0x7FFF
[993] [M]: 0x0000000080000F70 (0x7FFF0F13) addi t5, t5, 0x7ff
x30 <- 0x0000008000003FFF

mem[X,0x0000000080000F74] -> 0x1F13
mem[X,0x0000000080000F76] -> 0x00BF
[994] [M]: 0x0000000080000F74 (0x00BF1F13) slli t5, t5, 0xb
x30 <- 0x0004000001FFF800

mem[X,0x0000000080000F78] -> 0x0F13
mem[X,0x0000000080000F7A] -> 0x5BDF
[995] [M]: 0x0000000080000F78 (0x5BDF0F13) addi t5, t5, 0x5bd
x30 <- 0x0004000001FFFDBD

mem[X,0x0000000080000F7C] -> 0x1F13
mem[X,0x0000000080000F7E] -> 0x00AF
[996] [M]: 0x0000000080000F7C (0x00AF1F13) slli t5, t5, 0xa
x30 <- 0x10000007FFF6F400

mem[X,0x0000000080000F80] -> 0x0F13
mem[X,0x0000000080000F82] -> 0x3FFF
[997] [M]: 0x0000000080000F80 (0x3FFF0F13) addi t5, t5, 0x3ff
x30 <- 0x10000007FFF6F7FF

mem[X,0x0000000080000F84] -> 0xCEB7
mem[X,0x0000000080000F86] -> 0xEFFF
[998] [M]: 0x0000000080000F84 (0xEFFFCEB7) lui t4, -0x10004
x29 <- 0xFFFFFFFFEFFFC000

mem[X,0x0000000080000F88] -> 0x8E93
mem[X,0x0000000080000F8A] -> 0xFFFE
[999] [M]: 0x0000000080000F88 (0xFFFE8E93) addi t4, t4, -0x1
x29 <- 0xFFFFFFFFEFFFBFFF

clint::tick mtime <- 0x000000000000000A
 clint timer pending at mtime 0x000000000000000A
htif::tick 0x0000000000000000
mem[X,0x0000000080000F8C] -> 0x9E93
mem[X,0x0000000080000F8E] -> 0x00BE
[1000] [M]: 0x0000000080000F8C (0x00BE9E93) slli t4, t4, 0xb
x29 <- 0xFFFFFF7FFDFFF800

mem[X,0x0000000080000F90] -> 0x8E93
mem[X,0x0000000080000F92] -> 0x020E
[1001] [M]: 0x0000000080000F90 (0x020E8E93) addi t4, t4, 0x20
x29 <- 0xFFFFFF7FFDFFF820

mem[X,0x0000000080000F94] -> 0x9E93
mem[X,0x0000000080000F96] -> 0x00BE
[1002] [M]: 0x0000000080000F94 (0x00BE9E93) slli t4, t4, 0xb
x29 <- 0xFFFBFFEFFFC10000

mem[X,0x0000000080000F98] -> 0x8E93
mem[X,0x0000000080000F9A] -> 0x000E
[1003] [M]: 0x0000000080000F98 (0x000E8E93) addi t4, t4, 0x0
x29 <- 0xFFFBFFEFFFC10000

mem[X,0x0000000080000F9C] -> 0x9E93
mem[X,0x0000000080000F9E] -> 0x00AE
[1004] [M]: 0x0000000080000F9C (0x00AE9E93) slli t4, t4, 0xa
x29 <- 0xEFFFBFFF04000000

mem[X,0x0000000080000FA0] -> 0x8E93
mem[X,0x0000000080000FA2] -> 0x040E
[1005] [M]: 0x0000000080000FA0 (0x040E8E93) addi t4, t4, 0x40
x29 <- 0xEFFFBFFF04000040

mem[X,0x0000000080000FA4] -> 0x7FBB
mem[X,0x0000000080000FA6] -> 0xA9DF
[1006] [M]: 0x0000000080000FA4 (0xA9DF7FBB) pmhacc.h.be t6, t5, t4
x31 <- 0x2000FFF603FBFFFF

mem[X,0x0000000080000FA8] -> 0x3023
mem[X,0x0000000080000FAA] -> 0x0BF1
[1007] [M]: 0x0000000080000FA8 (0x0BF13023) sd t6, 0xa0(sp)
mem[0x00000000800042A0] <- 0x2000FFF603FBFFFF

mem[X,0x0000000080000FAC] -> 0x0F37
mem[X,0x0000000080000FAE] -> 0xFFFA
[1008] [M]: 0x0000000080000FAC (0xFFFA0F37) lui t5, -0x60
x30 <- 0xFFFFFFFFFFFA0000

mem[X,0x0000000080000FB0] -> 0x0F13
mem[X,0x0000000080000FB2] -> 0x003F
[1009] [M]: 0x0000000080000FB0 (0x003F0F13) addi t5, t5, 0x3
x30 <- 0xFFFFFFFFFFFA0003

mem[X,0x0000000080000FB4] -> 0x1F13
mem[X,0x0000000080000FB6] -> 0x00BF
[1010] [M]: 0x0000000080000FB4 (0x00BF1F13) slli t5, t5, 0xb
x30 <- 0xFFFFFFFFD0001800

mem[X,0x0000000080000FB8] -> 0x0F13
mem[X,0x0000000080000FBA] -> 0x7FFF
[1011] [M]: 0x0000000080000FB8 (0x7FFF0F13) addi t5, t5, 0x7ff
x30 <- 0xFFFFFFFFD0001FFF

mem[X,0x0000000080000FBC] -> 0x1F13
mem[X,0x0000000080000FBE] -> 0x00BF
[1012] [M]: 0x0000000080000FBC (0x00BF1F13) slli t5, t5, 0xb
x30 <- 0xFFFFFE8000FFF800

mem[X,0x0000000080000FC0] -> 0x0F13
mem[X,0x0000000080000FC2] -> 0x7C0F
[1013] [M]: 0x0000000080000FC0 (0x7C0F0F13) addi t5, t5, 0x7c0
x30 <- 0xFFFFFE8000FFFFC0

mem[X,0x0000000080000FC4] -> 0x1F13
mem[X,0x0000000080000FC6] -> 0x00AF
[1014] [M]: 0x0000000080000FC4 (0x00AF1F13) slli t5, t5, 0xa
x30 <- 0xFFFA0003FFFF0000

mem[X,0x0000000080000FC8] -> 0x0F13
mem[X,0x0000000080000FCA] -> 0x100F
[1015] [M]: 0x0000000080000FC8 (0x100F0F13) addi t5, t5, 0x100
x30 <- 0xFFFA0003FFFF0100

mem[X,0x0000000080000FCC] -> 0x0EB7
mem[X,0x0000000080000FCE] -> 0x5555
[1016] [M]: 0x0000000080000FCC (0x55550EB7) lui t4, 0x55550
x29 <- 0x0000000055550000

mem[X,0x0000000080000FD0] -> 0x8E93
mem[X,0x0000000080000FD2] -> 0x040E
[1017] [M]: 0x0000000080000FD0 (0x040E8E93) addi t4, t4, 0x40
x29 <- 0x0000000055550040

mem[X,0x0000000080000FD4] -> 0x9E93
mem[X,0x0000000080000FD6] -> 0x00BE
[1018] [M]: 0x0000000080000FD4 (0x00BE9E93) slli t4, t4, 0xb
x29 <- 0x000002AAA8020000

mem[X,0x0000000080000FD8] -> 0x8E93
mem[X,0x0000000080000FDA] -> 0x7FFE
[1019] [M]: 0x0000000080000FD8 (0x7FFE8E93) addi t4, t4, 0x7ff
x29 <- 0x000002AAA80207FF

mem[X,0x0000000080000FDC] -> 0x9E93
mem[X,0x0000000080000FDE] -> 0x00BE
[1020] [M]: 0x0000000080000FDC (0x00BE9E93) slli t4, t4, 0xb
x29 <- 0x00155540103FF800

mem[X,0x0000000080000FE0] -> 0x8E93
mem[X,0x0000000080000FE2] -> 0x5EAE
[1021] [M]: 0x0000000080000FE0 (0x5EAE8E93) addi t4, t4, 0x5ea
x29 <- 0x00155540103FFDEA

mem[X,0x0000000080000FE4] -> 0x9E93
mem[X,0x0000000080000FE6] -> 0x00AE
[1022] [M]: 0x0000000080000FE4 (0x00AE9E93) slli t4, t4, 0xa
x29 <- 0x55550040FFF7A800

mem[X,0x0000000080000FE8] -> 0x8E93
mem[X,0x0000000080000FEA] -> 0x2AAE
[1023] [M]: 0x0000000080000FE8 (0x2AAE8E93) addi t4, t4, 0x2aa
x29 <- 0x55550040FFF7AAAA

mem[X,0x0000000080000FEC] -> 0x7FBB
mem[X,0x0000000080000FEE] -> 0xA9DF
[1024] [M]: 0x0000000080000FEC (0xA9DF7FBB) pmhacc.h.be t6, t5, t4
x31 <- 0x1FFFFFF603FBFFFE

mem[X,0x0000000080000FF0] -> 0x3423
mem[X,0x0000000080000FF2] -> 0x0BF1
[1025] [M]: 0x0000000080000FF0 (0x0BF13423) sd t6, 0xa8(sp)
mem[0x00000000800042A8] <- 0x1FFFFFF603FBFFFE

mem[X,0x0000000080000FF4] -> 0x0F37
mem[X,0x0000000080000FF6] -> 0xC001
[1026] [M]: 0x0000000080000FF4 (0xC0010F37) lui t5, -0x3fff0
x30 <- 0xFFFFFFFFC0010000

mem[X,0x0000000080000FF8] -> 0x0F13
mem[X,0x0000000080000FFA] -> 0xBFFF
[1027] [M]: 0x0000000080000FF8 (0xBFFF0F13) addi t5, t5, -0x401
x30 <- 0xFFFFFFFFC000FBFF

mem[X,0x0000000080000FFC] -> 0x1F13
mem[X,0x0000000080000FFE] -> 0x00BF
[1028] [M]: 0x0000000080000FFC (0x00BF1F13) slli t5, t5, 0xb
x30 <- 0xFFFFFE0007DFF800

mem[X,0x0000000080001000] -> 0x0F13
mem[X,0x0000000080001002] -> 0x3FFF
[1029] [M]: 0x0000000080001000 (0x3FFF0F13) addi t5, t5, 0x3ff
x30 <- 0xFFFFFE0007DFFBFF

mem[X,0x0000000080001004] -> 0x1F13
mem[X,0x0000000080001006] -> 0x00BF
[1030] [M]: 0x0000000080001004 (0x00BF1F13) slli t5, t5, 0xb
x30 <- 0xFFF0003EFFDFF800

mem[X,0x0000000080001008] -> 0x0F13
mem[X,0x000000008000100A] -> 0x7FBF
[1031] [M]: 0x0000000080001008 (0x7FBF0F13) addi t5, t5, 0x7fb
x30 <- 0xFFF0003EFFDFFFFB

mem[X,0x000000008000100C] -> 0x1F13
mem[X,0x000000008000100E] -> 0x00AF
[1032] [M]: 0x000000008000100C (0x00AF1F13) slli t5, t5, 0xa
x30 <- 0xC000FBFF7FFFEC00

mem[X,0x0000000080001010] -> 0x0F13
mem[X,0x0000000080001012] -> 0x3FFF
[1033] [M]: 0x0000000080001010 (0x3FFF0F13) addi t5, t5, 0x3ff
x30 <- 0xC000FBFF7FFFEFFF

mem[X,0x0000000080001014] -> 0x0EB7
mem[X,0x0000000080001016] -> 0xAAAB
[1034] [M]: 0x0000000080001014 (0xAAAB0EB7) lui t4, -0x55550
x29 <- 0xFFFFFFFFAAAB0000

mem[X,0x0000000080001018] -> 0x8E93
mem[X,0x000000008000101A] -> 0xF7FE
[1035] [M]: 0x0000000080001018 (0xF7FE8E93) addi t4, t4, -0x81
x29 <- 0xFFFFFFFFAAAAFF7F

mem[X,0x000000008000101C] -> 0x9E93
mem[X,0x000000008000101E] -> 0x00BE
[1036] [M]: 0x000000008000101C (0x00BE9E93) slli t4, t4, 0xb
x29 <- 0xFFFFFD5557FBF800

mem[X,0x0000000080001020] -> 0x8E93
mem[X,0x0000000080001022] -> 0x7BFE
[1037] [M]: 0x0000000080001020 (0x7BFE8E93) addi t4, t4, 0x7bf
x29 <- 0xFFFFFD5557FBFFBF

mem[X,0x0000000080001024] -> 0x9E93
mem[X,0x0000000080001026] -> 0x00BE
[1038] [M]: 0x0000000080001024 (0x00BE9E93) slli t4, t4, 0xb
x29 <- 0xFFEAAABFDFFDF800

mem[X,0x0000000080001028] -> 0x8E93
mem[X,0x000000008000102A] -> 0x7C0E
[1039] [M]: 0x0000000080001028 (0x7C0E8E93) addi t4, t4, 0x7c0
x29 <- 0xFFEAAABFDFFDFFC0

mem[X,0x000000008000102C] -> 0x9E93
mem[X,0x000000008000102E] -> 0x00AE
[1040] [M]: 0x000000008000102C (0x00AE9E93) slli t4, t4, 0xa
x29 <- 0xAAAAFF7FF7FF0000

mem[X,0x0000000080001030] -> 0x8E93
mem[X,0x0000000080001032] -> 0x080E
[1041] [M]: 0x0000000080001030 (0x080E8E93) addi t4, t4, 0x80
x29 <- 0xAAAAFF7FF7FF0080

mem[X,0x0000000080001034] -> 0x7FBB
mem[X,0x0000000080001036] -> 0xA9DF
[1042] [M]: 0x0000000080001034 (0xA9DF7FBB) pmhacc.h.be t6, t5, t4
x31 <- 0x2014FFF403FA0006

mem[X,0x0000000080001038] -> 0x3823
mem[X,0x000000008000103A] -> 0x0BF1
[1043] [M]: 0x0000000080001038 (0x0BF13823) sd t6, 0xb0(sp)
mem[0x00000000800042B0] <- 0x2014FFF403FA0006

mem[X,0x000000008000103C] -> 0x0F37
mem[X,0x000000008000103E] -> 0x0006
[1044] [M]: 0x000000008000103C (0x00060F37) lui t5, 0x60
x30 <- 0x0000000000060000

mem[X,0x0000000080001040] -> 0x0F13
mem[X,0x0000000080001042] -> 0xEFFF
[1045] [M]: 0x0000000080001040 (0xEFFF0F13) addi t5, t5, -0x101
x30 <- 0x000000000005FEFF

mem[X,0x0000000080001044] -> 0x1F13
mem[X,0x0000000080001046] -> 0x00BF
[1046] [M]: 0x0000000080001044 (0x00BF1F13) slli t5, t5, 0xb
x30 <- 0x000000002FF7F800

mem[X,0x0000000080001048] -> 0x0F13
mem[X,0x000000008000104A] -> 0x7FFF
[1047] [M]: 0x0000000080001048 (0x7FFF0F13) addi t5, t5, 0x7ff
x30 <- 0x000000002FF7FFFF

mem[X,0x000000008000104C] -> 0x1F13
mem[X,0x000000008000104E] -> 0x00BF
[1048] [M]: 0x000000008000104C (0x00BF1F13) slli t5, t5, 0xb
x30 <- 0x0000017FBFFFF800

mem[X,0x0000000080001050] -> 0x0F13
mem[X,0x0000000080001052] -> 0x780F
[1049] [M]: 0x0000000080001050 (0x780F0F13) addi t5, t5, 0x780
x30 <- 0x0000017FBFFFFF80

mem[X,0x0000000080001054] -> 0x1F13
mem[X,0x0000000080001056] -> 0x00AF
[1050] [M]: 0x0000000080001054 (0x00AF1F13) slli t5, t5, 0xa
x30 <- 0x0005FEFFFFFE0000

mem[X,0x0000000080001058] -> 0x0F13
mem[X,0x000000008000105A] -> 0x080F
[1051] [M]: 0x0000000080001058 (0x080F0F13) addi t5, t5, 0x80
x30 <- 0x0005FEFFFFFE0080

mem[X,0x000000008000105C] -> 0x0EB7
mem[X,0x000000008000105E] -> 0x0005
[1052] [M]: 0x000000008000105C (0x00050EB7) lui t4, 0x50
x29 <- 0x0000000000050000

mem[X,0x0000000080001060] -> 0x8E93
mem[X,0x0000000080001062] -> 0x020E
[1053] [M]: 0x0000000080001060 (0x020E8E93) addi t4, t4, 0x20
x29 <- 0x0000000000050020

mem[X,0x0000000080001064] -> 0x9E93
mem[X,0x0000000080001066] -> 0x00BE
[1054] [M]: 0x0000000080001064 (0x00BE9E93) slli t4, t4, 0xb
x29 <- 0x0000000028010000

mem[X,0x0000000080001068] -> 0x8E93
mem[X,0x000000008000106A] -> 0x7F7E
[1055] [M]: 0x0000000080001068 (0x7F7E8E93) addi t4, t4, 0x7f7
x29 <- 0x00000000280107F7

mem[X,0x000000008000106C] -> 0x9E93
mem[X,0x000000008000106E] -> 0x00BE
[1056] [M]: 0x000000008000106C (0x00BE9E93) slli t4, t4, 0xb
x29 <- 0x00000140083FB800

mem[X,0x0000000080001070] -> 0x8E93
mem[X,0x0000000080001072] -> 0x7C0E
[1057] [M]: 0x0000000080001070 (0x7C0E8E93) addi t4, t4, 0x7c0
x29 <- 0x00000140083FBFC0

mem[X,0x0000000080001074] -> 0x9E93
mem[X,0x0000000080001076] -> 0x00AE
[1058] [M]: 0x0000000080001074 (0x00AE9E93) slli t4, t4, 0xa
x29 <- 0x00050020FEFF0000

mem[X,0x0000000080001078] -> 0x8E93
mem[X,0x000000008000107A] -> 0x080E
[1059] [M]: 0x0000000080001078 (0x080E8E93) addi t4, t4, 0x80
x29 <- 0x00050020FEFF0080

mem[X,0x000000008000107C] -> 0x7FBB
mem[X,0x000000008000107E] -> 0xA9DF
[1060] [M]: 0x000000008000107C (0xA9DF7FBB) pmhacc.h.be t6, t5, t4
x31 <- 0x2014FFF303FA0005

mem[X,0x0000000080001080] -> 0x3C23
mem[X,0x0000000080001082] -> 0x0BF1
[1061] [M]: 0x0000000080001080 (0x0BF13C23) sd t6, 0xb8(sp)
mem[0x00000000800042B8] <- 0x2014FFF303FA0005

mem[X,0x0000000080001084] -> 0xFF37
mem[X,0x0000000080001086] -> 0xFFDF
[1062] [M]: 0x0000000080001084 (0xFFDFFF37) lui t5, -0x201
x30 <- 0xFFFFFFFFFFDFF000

mem[X,0x0000000080001088] -> 0x0F13
mem[X,0x000000008000108A] -> 0xFFFF
[1063] [M]: 0x0000000080001088 (0xFFFF0F13) addi t5, t5, -0x1
x30 <- 0xFFFFFFFFFFDFEFFF

mem[X,0x000000008000108C] -> 0x1F13
mem[X,0x000000008000108E] -> 0x00BF
[1064] [M]: 0x000000008000108C (0x00BF1F13) slli t5, t5, 0xb
x30 <- 0xFFFFFFFEFF7FF800

mem[X,0x0000000080001090] -> 0x0F13
mem[X,0x0000000080001092] -> 0x000F
[1065] [M]: 0x0000000080001090 (0x000F0F13) addi t5, t5, 0x0
x30 <- 0xFFFFFFFEFF7FF800

mem[X,0x0000000080001094] -> 0x1F13
mem[X,0x0000000080001096] -> 0x00BF
[1066] [M]: 0x0000000080001094 (0x00BF1F13) slli t5, t5, 0xb
x30 <- 0xFFFFF7FBFFC00000

mem[X,0x0000000080001098] -> 0x0F13
mem[X,0x000000008000109A] -> 0x040F
[1067] [M]: 0x0000000080001098 (0x040F0F13) addi t5, t5, 0x40
x30 <- 0xFFFFF7FBFFC00040

mem[X,0x000000008000109C] -> 0x1F13
mem[X,0x000000008000109E] -> 0x00AF
[1068] [M]: 0x000000008000109C (0x00AF1F13) slli t5, t5, 0xa
x30 <- 0xFFDFEFFF00010000

mem[X,0x00000000800010A0] -> 0x0F13
mem[X,0x00000000800010A2] -> 0x003F
[1069] [M]: 0x00000000800010A0 (0x003F0F13) addi t5, t5, 0x3
x30 <- 0xFFDFEFFF00010003

mem[X,0x00000000800010A4] -> 0x8EB7
mem[X,0x00000000800010A6] -> 0x0100
[1070] [M]: 0x00000000800010A4 (0x01008EB7) lui t4, 0x1008
x29 <- 0x0000000001008000

mem[X,0x00000000800010A8] -> 0x8E93
mem[X,0x00000000800010AA] -> 0xFFFE
[1071] [M]: 0x00000000800010A8 (0xFFFE8E93) addi t4, t4, -0x1
x29 <- 0x0000000001007FFF

mem[X,0x00000000800010AC] -> 0x9E93
mem[X,0x00000000800010AE] -> 0x00BE
[1072] [M]: 0x00000000800010AC (0x00BE9E93) slli t4, t4, 0xb
x29 <- 0x0000000803FFF800

mem[X,0x00000000800010B0] -> 0x8E93
mem[X,0x00000000800010B2] -> 0x77FE
[1073] [M]: 0x00000000800010B0 (0x77FE8E93) addi t4, t4, 0x77f
x29 <- 0x0000000803FFFF7F

mem[X,0x00000000800010B4] -> 0x9E93
mem[X,0x00000000800010B6] -> 0x00BE
[1074] [M]: 0x00000000800010B4 (0x00BE9E93) slli t4, t4, 0xb
x29 <- 0x0000401FFFFBF800

mem[X,0x00000000800010B8] -> 0x8E93
mem[X,0x00000000800010BA] -> 0x7FFE
[1075] [M]: 0x00000000800010B8 (0x7FFE8E93) addi t4, t4, 0x7ff
x29 <- 0x0000401FFFFBFFFF

mem[X,0x00000000800010BC] -> 0x9E93
mem[X,0x00000000800010BE] -> 0x00AE
[1076] [M]: 0x00000000800010BC (0x00AE9E93) slli t4, t4, 0xa
x29 <- 0x01007FFFEFFFFC00

mem[X,0x00000000800010C0] -> 0x8E93
mem[X,0x00000000800010C2] -> 0x3FBE
[1077] [M]: 0x00000000800010C0 (0x3FBE8E93) addi t4, t4, 0x3fb
x29 <- 0x01007FFFEFFFFFFB

mem[X,0x00000000800010C4] -> 0x7FBB
mem[X,0x00000000800010C6] -> 0xA9DF
[1078] [M]: 0x00000000800010C4 (0xA9DF7FBB) pmhacc.h.be t6, t5, t4
x31 <- 0x2014FFF303F90004

mem[X,0x00000000800010C8] -> 0x3023
mem[X,0x00000000800010CA] -> 0x0DF1
[1079] [M]: 0x00000000800010C8 (0x0DF13023) sd t6, 0xc0(sp)
mem[0x00000000800042C0] <- 0x2014FFF303F90004

mem[X,0x00000000800010CC] -> 0x0F37
mem[X,0x00000000800010CE] -> 0xFFFB
[1080] [M]: 0x00000000800010CC (0xFFFB0F37) lui t5, -0x50
x30 <- 0xFFFFFFFFFFFB0000

mem[X,0x00000000800010D0] -> 0x0F13
mem[X,0x00000000800010D2] -> 0x000F
[1081] [M]: 0x00000000800010D0 (0x000F0F13) addi t5, t5, 0x0
x30 <- 0xFFFFFFFFFFFB0000

mem[X,0x00000000800010D4] -> 0x1F13
mem[X,0x00000000800010D6] -> 0x00BF
[1082] [M]: 0x00000000800010D4 (0x00BF1F13) slli t5, t5, 0xb
x30 <- 0xFFFFFFFFD8000000

mem[X,0x00000000800010D8] -> 0x0F13
mem[X,0x00000000800010DA] -> 0x200F
[1083] [M]: 0x00000000800010D8 (0x200F0F13) addi t5, t5, 0x200
x30 <- 0xFFFFFFFFD8000200

mem[X,0x00000000800010DC] -> 0x1F13
mem[X,0x00000000800010DE] -> 0x00BF
[1084] [M]: 0x00000000800010DC (0x00BF1F13) slli t5, t5, 0xb
x30 <- 0xFFFFFEC000100000

mem[X,0x00000000800010E0] -> 0x0F13
mem[X,0x00000000800010E2] -> 0x020F
[1085] [M]: 0x00000000800010E0 (0x020F0F13) addi t5, t5, 0x20
x30 <- 0xFFFFFEC000100020

mem[X,0x00000000800010E4] -> 0x1F13
mem[X,0x00000000800010E6] -> 0x00AF
[1086] [M]: 0x00000000800010E4 (0x00AF1F13) slli t5, t5, 0xa
x30 <- 0xFFFB000040008000

mem[X,0x00000000800010E8] -> 0x0EB7
mem[X,0x00000000800010EA] -> 0xFF7F
[1087] [M]: 0x00000000800010E8 (0xFF7F0EB7) lui t4, -0x810
x29 <- 0xFFFFFFFFFF7F0000

mem[X,0x00000000800010EC] -> 0x8E93
mem[X,0x00000000800010EE] -> 0x400E
[1088] [M]: 0x00000000800010EC (0x400E8E93) addi t4, t4, 0x400
x29 <- 0xFFFFFFFFFF7F0400

mem[X,0x00000000800010F0] -> 0x9E93
mem[X,0x00000000800010F2] -> 0x00BE
[1089] [M]: 0x00000000800010F0 (0x00BE9E93) slli t4, t4, 0xb
x29 <- 0xFFFFFFFBF8200000

mem[X,0x00000000800010F4] -> 0x8E93
mem[X,0x00000000800010F6] -> 0x200E
[1090] [M]: 0x00000000800010F4 (0x200E8E93) addi t4, t4, 0x200
x29 <- 0xFFFFFFFBF8200200

mem[X,0x00000000800010F8] -> 0x9E93
mem[X,0x00000000800010FA] -> 0x00BE
[1091] [M]: 0x00000000800010F8 (0x00BE9E93) slli t4, t4, 0xb
x29 <- 0xFFFFDFC100100000

mem[X,0x00000000800010FC] -> 0x8E93
mem[X,0x00000000800010FE] -> 0x010E
[1092] [M]: 0x00000000800010FC (0x010E8E93) addi t4, t4, 0x10
x29 <- 0xFFFFDFC100100010

mem[X,0x0000000080001100] -> 0x9E93
mem[X,0x0000000080001102] -> 0x00AE
[1093] [M]: 0x0000000080001100 (0x00AE9E93) slli t4, t4, 0xa
x29 <- 0xFF7F040040004000

mem[X,0x0000000080001104] -> 0x7FBB
mem[X,0x0000000080001106] -> 0xA9DF
[1094] [M]: 0x0000000080001104 (0xA9DF7FBB) pmhacc.h.be t6, t5, t4
x31 <- 0x2013FFF303F90004

mem[X,0x0000000080001108] -> 0x3423
mem[X,0x000000008000110A] -> 0x0DF1
[1095] [M]: 0x0000000080001108 (0x0DF13423) sd t6, 0xc8(sp)
mem[0x00000000800042C8] <- 0x2013FFF303F90004

mem[X,0x000000008000110C] -> 0x0F37
mem[X,0x000000008000110E] -> 0x0003
[1096] [M]: 0x000000008000110C (0x00030F37) lui t5, 0x30
x30 <- 0x0000000000030000

mem[X,0x0000000080001110] -> 0x0F13
mem[X,0x0000000080001112] -> 0xFDFF
[1097] [M]: 0x0000000080001110 (0xFDFF0F13) addi t5, t5, -0x21
x30 <- 0x000000000002FFDF

mem[X,0x0000000080001114] -> 0x1F13
mem[X,0x0000000080001116] -> 0x00BF
[1098] [M]: 0x0000000080001114 (0x00BF1F13) slli t5, t5, 0xb
x30 <- 0x0000000017FEF800

mem[X,0x0000000080001118] -> 0x0F13
mem[X,0x000000008000111A] -> 0x000F
[1099] [M]: 0x0000000080001118 (0x000F0F13) addi t5, t5, 0x0
x30 <- 0x0000000017FEF800

clint::tick mtime <- 0x000000000000000B
 clint timer pending at mtime 0x000000000000000B
htif::tick 0x0000000000000000
mem[X,0x000000008000111C] -> 0x1F13
mem[X,0x000000008000111E] -> 0x00BF
[1100] [M]: 0x000000008000111C (0x00BF1F13) slli t5, t5, 0xb
x30 <- 0x000000BFF7C00000

mem[X,0x0000000080001120] -> 0x0F13
mem[X,0x0000000080001122] -> 0x200F
[1101] [M]: 0x0000000080001120 (0x200F0F13) addi t5, t5, 0x200
x30 <- 0x000000BFF7C00200

mem[X,0x0000000080001124] -> 0x1F13
mem[X,0x0000000080001126] -> 0x00AF
[1102] [M]: 0x0000000080001124 (0x00AF1F13) slli t5, t5, 0xa
x30 <- 0x0002FFDF00080000

mem[X,0x0000000080001128] -> 0x0F13
mem[X,0x000000008000112A] -> 0x200F
[1103] [M]: 0x0000000080001128 (0x200F0F13) addi t5, t5, 0x200
x30 <- 0x0002FFDF00080200

mem[X,0x000000008000112C] -> 0xFEB7
mem[X,0x000000008000112E] -> 0x0020
[1104] [M]: 0x000000008000112C (0x0020FEB7) lui t4, 0x20f
x29 <- 0x000000000020F000

mem[X,0x0000000080001130] -> 0x8E93
mem[X,0x0000000080001132] -> 0x7FFE
[1105] [M]: 0x0000000080001130 (0x7FFE8E93) addi t4, t4, 0x7ff
x29 <- 0x000000000020F7FF

mem[X,0x0000000080001134] -> 0x9E93
mem[X,0x0000000080001136] -> 0x00BE
[1106] [M]: 0x0000000080001134 (0x00BE9E93) slli t4, t4, 0xb
x29 <- 0x0000000107BFF800

mem[X,0x0000000080001138] -> 0x8E93
mem[X,0x000000008000113A] -> 0x002E
[1107] [M]: 0x0000000080001138 (0x002E8E93) addi t4, t4, 0x2
x29 <- 0x0000000107BFF802

mem[X,0x000000008000113C] -> 0x9E93
mem[X,0x000000008000113E] -> 0x00BE
[1108] [M]: 0x000000008000113C (0x00BE9E93) slli t4, t4, 0xb
x29 <- 0x0000083DFFC01000

mem[X,0x0000000080001140] -> 0x8E93
mem[X,0x0000000080001142] -> 0x03FE
[1109] [M]: 0x0000000080001140 (0x03FE8E93) addi t4, t4, 0x3f
x29 <- 0x0000083DFFC0103F

mem[X,0x0000000080001144] -> 0x9E93
mem[X,0x0000000080001146] -> 0x00AE
[1110] [M]: 0x0000000080001144 (0x00AE9E93) slli t4, t4, 0xa
x29 <- 0x0020F7FF0040FC00

mem[X,0x0000000080001148] -> 0x8E93
mem[X,0x000000008000114A] -> 0x3F9E
[1111] [M]: 0x0000000080001148 (0x3F9E8E93) addi t4, t4, 0x3f9
x29 <- 0x0020F7FF0040FFF9

mem[X,0x000000008000114C] -> 0x7FBB
mem[X,0x000000008000114E] -> 0xA9DF
[1112] [M]: 0x000000008000114C (0xA9DF7FBB) pmhacc.h.be t6, t5, t4
x31 <- 0x2013FFF303F90003

mem[X,0x0000000080001150] -> 0x3823
mem[X,0x0000000080001152] -> 0x0DF1
[1113] [M]: 0x0000000080001150 (0x0DF13823) sd t6, 0xd0(sp)
mem[0x00000000800042D0] <- 0x2013FFF303F90003

mem[X,0x0000000080001154] -> 0x1F37
mem[X,0x0000000080001156] -> 0xFFFD
[1114] [M]: 0x0000000080001154 (0xFFFD1F37) lui t5, -0x2f
x30 <- 0xFFFFFFFFFFFD1000

mem[X,0x0000000080001158] -> 0x0F13
mem[X,0x000000008000115A] -> 0x000F
[1115] [M]: 0x0000000080001158 (0x000F0F13) addi t5, t5, 0x0
x30 <- 0xFFFFFFFFFFFD1000

mem[X,0x000000008000115C] -> 0x1F13
mem[X,0x000000008000115E] -> 0x00BF
[1116] [M]: 0x000000008000115C (0x00BF1F13) slli t5, t5, 0xb
x30 <- 0xFFFFFFFFE8800000

mem[X,0x0000000080001160] -> 0x0F13
mem[X,0x0000000080001162] -> 0x7FFF
[1117] [M]: 0x0000000080001160 (0x7FFF0F13) addi t5, t5, 0x7ff
x30 <- 0xFFFFFFFFE88007FF

mem[X,0x0000000080001164] -> 0x1F13
mem[X,0x0000000080001166] -> 0x00BF
[1118] [M]: 0x0000000080001164 (0x00BF1F13) slli t5, t5, 0xb
x30 <- 0xFFFFFF44003FF800

mem[X,0x0000000080001168] -> 0x0F13
mem[X,0x000000008000116A] -> 0x700F
[1119] [M]: 0x0000000080001168 (0x700F0F13) addi t5, t5, 0x700
x30 <- 0xFFFFFF44003FFF00

mem[X,0x000000008000116C] -> 0x1F13
mem[X,0x000000008000116E] -> 0x00AF
[1120] [M]: 0x000000008000116C (0x00AF1F13) slli t5, t5, 0xa
x30 <- 0xFFFD1000FFFC0000

mem[X,0x0000000080001170] -> 0x0F13
mem[X,0x0000000080001172] -> 0x003F
[1121] [M]: 0x0000000080001170 (0x003F0F13) addi t5, t5, 0x3
x30 <- 0xFFFD1000FFFC0003

mem[X,0x0000000080001174] -> 0x0EB7
mem[X,0x0000000080001176] -> 0x0007
[1122] [M]: 0x0000000080001174 (0x00070EB7) lui t4, 0x70
x29 <- 0x0000000000070000

mem[X,0x0000000080001178] -> 0x8E93
mem[X,0x000000008000117A] -> 0x000E
[1123] [M]: 0x0000000080001178 (0x000E8E93) addi t4, t4, 0x0
x29 <- 0x0000000000070000

mem[X,0x000000008000117C] -> 0x9E93
mem[X,0x000000008000117E] -> 0x00BE
[1124] [M]: 0x000000008000117C (0x00BE9E93) slli t4, t4, 0xb
x29 <- 0x0000000038000000

mem[X,0x0000000080001180] -> 0x8E93
mem[X,0x0000000080001182] -> 0x555E
[1125] [M]: 0x0000000080001180 (0x555E8E93) addi t4, t4, 0x555
x29 <- 0x0000000038000555

mem[X,0x0000000080001184] -> 0x9E93
mem[X,0x0000000080001186] -> 0x00BE
[1126] [M]: 0x0000000080001184 (0x00BE9E93) slli t4, t4, 0xb
x29 <- 0x000001C0002AA800

mem[X,0x0000000080001188] -> 0x8E93
mem[X,0x000000008000118A] -> 0x281E
[1127] [M]: 0x0000000080001188 (0x281E8E93) addi t4, t4, 0x281
x29 <- 0x000001C0002AAA81

mem[X,0x000000008000118C] -> 0x9E93
mem[X,0x000000008000118E] -> 0x00AE
[1128] [M]: 0x000000008000118C (0x00AE9E93) slli t4, t4, 0xa
x29 <- 0x00070000AAAA0400

mem[X,0x0000000080001190] -> 0x7FBB
mem[X,0x0000000080001192] -> 0xA9DF
[1129] [M]: 0x0000000080001190 (0xA9DF7FBB) pmhacc.h.be t6, t5, t4
x31 <- 0x2012FFF303F90003

mem[X,0x0000000080001194] -> 0x3C23
mem[X,0x0000000080001196] -> 0x0DF1
[1130] [M]: 0x0000000080001194 (0x0DF13C23) sd t6, 0xd8(sp)
mem[0x00000000800042D8] <- 0x2012FFF303F90003

mem[X,0x0000000080001198] -> 0xCF37
mem[X,0x000000008000119A] -> 0xFFEF
[1131] [M]: 0x0000000080001198 (0xFFEFCF37) lui t5, -0x104
x30 <- 0xFFFFFFFFFFEFC000

mem[X,0x000000008000119C] -> 0x0F13
mem[X,0x000000008000119E] -> 0x000F
[1132] [M]: 0x000000008000119C (0x000F0F13) addi t5, t5, 0x0
x30 <- 0xFFFFFFFFFFEFC000

mem[X,0x00000000800011A0] -> 0x1F13
mem[X,0x00000000800011A2] -> 0x00BF
[1133] [M]: 0x00000000800011A0 (0x00BF1F13) slli t5, t5, 0xb
x30 <- 0xFFFFFFFF7E000000

mem[X,0x00000000800011A4] -> 0x0F13
mem[X,0x00000000800011A6] -> 0x600F
[1134] [M]: 0x00000000800011A4 (0x600F0F13) addi t5, t5, 0x600
x30 <- 0xFFFFFFFF7E000600

mem[X,0x00000000800011A8] -> 0x1F13
mem[X,0x00000000800011AA] -> 0x00BF
[1135] [M]: 0x00000000800011A8 (0x00BF1F13) slli t5, t5, 0xb
x30 <- 0xFFFFFBF000300000

mem[X,0x00000000800011AC] -> 0x0F13
mem[X,0x00000000800011AE] -> 0x000F
[1136] [M]: 0x00000000800011AC (0x000F0F13) addi t5, t5, 0x0
x30 <- 0xFFFFFBF000300000

mem[X,0x00000000800011B0] -> 0x1F13
mem[X,0x00000000800011B2] -> 0x00AF
[1137] [M]: 0x00000000800011B0 (0x00AF1F13) slli t5, t5, 0xa
x30 <- 0xFFEFC000C0000000

mem[X,0x00000000800011B4] -> 0x0F13
mem[X,0x00000000800011B6] -> 0x004F
[1138] [M]: 0x00000000800011B4 (0x004F0F13) addi t5, t5, 0x4
x30 <- 0xFFEFC000C0000004

mem[X,0x00000000800011B8] -> 0x0EB7
mem[X,0x00000000800011BA] -> 0x0041
[1139] [M]: 0x00000000800011B8 (0x00410EB7) lui t4, 0x410
x29 <- 0x0000000000410000

mem[X,0x00000000800011BC] -> 0x8E93
mem[X,0x00000000800011BE] -> 0xFEFE
[1140] [M]: 0x00000000800011BC (0xFEFE8E93) addi t4, t4, -0x11
x29 <- 0x000000000040FFEF

mem[X,0x00000000800011C0] -> 0x9E93
mem[X,0x00000000800011C2] -> 0x00BE
[1141] [M]: 0x00000000800011C0 (0x00BE9E93) slli t4, t4, 0xb
x29 <- 0x0000000207FF7800

mem[X,0x00000000800011C4] -> 0x8E93
mem[X,0x00000000800011C6] -> 0x000E
[1142] [M]: 0x00000000800011C4 (0x000E8E93) addi t4, t4, 0x0
x29 <- 0x0000000207FF7800

mem[X,0x00000000800011C8] -> 0x9E93
mem[X,0x00000000800011CA] -> 0x00BE
[1143] [M]: 0x00000000800011C8 (0x00BE9E93) slli t4, t4, 0xb
x29 <- 0x0000103FFBC00000

mem[X,0x00000000800011CC] -> 0x8E93
mem[X,0x00000000800011CE] -> 0x0E0E
[1144] [M]: 0x00000000800011CC (0x0E0E8E93) addi t4, t4, 0xe0
x29 <- 0x0000103FFBC000E0

mem[X,0x00000000800011D0] -> 0x9E93
mem[X,0x00000000800011D2] -> 0x00AE
[1145] [M]: 0x00000000800011D0 (0x00AE9E93) slli t4, t4, 0xa
x29 <- 0x0040FFEF00038000

mem[X,0x00000000800011D4] -> 0x7FBB
mem[X,0x00000000800011D6] -> 0xA9DF
[1146] [M]: 0x00000000800011D4 (0xA9DF7FBB) pmhacc.h.be t6, t5, t4
x31 <- 0x2011FFF703F80003

mem[X,0x00000000800011D8] -> 0x3023
mem[X,0x00000000800011DA] -> 0x0FF1
[1147] [M]: 0x00000000800011D8 (0x0FF13023) sd t6, 0xe0(sp)
mem[0x00000000800042E0] <- 0x2011FFF703F80003

mem[X,0x00000000800011DC] -> 0x0F37
mem[X,0x00000000800011DE] -> 0xFFC0
[1148] [M]: 0x00000000800011DC (0xFFC00F37) lui t5, -0x400
x30 <- 0xFFFFFFFFFFC00000

mem[X,0x00000000800011E0] -> 0x0F13
mem[X,0x00000000800011E2] -> 0xEFFF
[1149] [M]: 0x00000000800011E0 (0xEFFF0F13) addi t5, t5, -0x101
x30 <- 0xFFFFFFFFFFBFFEFF

mem[X,0x00000000800011E4] -> 0x1F13
mem[X,0x00000000800011E6] -> 0x00BF
[1150] [M]: 0x00000000800011E4 (0x00BF1F13) slli t5, t5, 0xb
x30 <- 0xFFFFFFFDFFF7F800

mem[X,0x00000000800011E8] -> 0x0F13
mem[X,0x00000000800011EA] -> 0x000F
[1151] [M]: 0x00000000800011E8 (0x000F0F13) addi t5, t5, 0x0
x30 <- 0xFFFFFFFDFFF7F800

mem[X,0x00000000800011EC] -> 0x1F13
mem[X,0x00000000800011EE] -> 0x00BF
[1152] [M]: 0x00000000800011EC (0x00BF1F13) slli t5, t5, 0xb
x30 <- 0xFFFFEFFFBFC00000

mem[X,0x00000000800011F0] -> 0x0F13
mem[X,0x00000000800011F2] -> 0x1BFF
[1153] [M]: 0x00000000800011F0 (0x1BFF0F13) addi t5, t5, 0x1bf
x30 <- 0xFFFFEFFFBFC001BF

mem[X,0x00000000800011F4] -> 0x1F13
mem[X,0x00000000800011F6] -> 0x00AF
[1154] [M]: 0x00000000800011F4 (0x00AF1F13) slli t5, t5, 0xa
x30 <- 0xFFBFFEFF0006FC00

mem[X,0x00000000800011F8] -> 0x0F13
mem[X,0x00000000800011FA] -> 0x3FFF
[1155] [M]: 0x00000000800011F8 (0x3FFF0F13) addi t5, t5, 0x3ff
x30 <- 0xFFBFFEFF0006FFFF

mem[X,0x00000000800011FC] -> 0x8EB7
mem[X,0x00000000800011FE] -> 0xDFFF
[1156] [M]: 0x00000000800011FC (0xDFFF8EB7) lui t4, -0x20008
x29 <- 0xFFFFFFFFDFFF8000

mem[X,0x0000000080001200] -> 0x8E93
mem[X,0x0000000080001202] -> 0xFFFE
[1157] [M]: 0x0000000080001200 (0xFFFE8E93) addi t4, t4, -0x1
x29 <- 0xFFFFFFFFDFFF7FFF

mem[X,0x0000000080001204] -> 0x9E93
mem[X,0x0000000080001206] -> 0x00BE
[1158] [M]: 0x0000000080001204 (0x00BE9E93) slli t4, t4, 0xb
x29 <- 0xFFFFFEFFFBFFF800

mem[X,0x0000000080001208] -> 0x8E93
mem[X,0x000000008000120A] -> 0x000E
[1159] [M]: 0x0000000080001208 (0x000E8E93) addi t4, t4, 0x0
x29 <- 0xFFFFFEFFFBFFF800

mem[X,0x000000008000120C] -> 0x9E93
mem[X,0x000000008000120E] -> 0x00BE
[1160] [M]: 0x000000008000120C (0x00BE9E93) slli t4, t4, 0xb
x29 <- 0xFFF7FFDFFFC00000

mem[X,0x0000000080001210] -> 0x8E93
mem[X,0x0000000080001212] -> 0x240E
[1161] [M]: 0x0000000080001210 (0x240E8E93) addi t4, t4, 0x240
x29 <- 0xFFF7FFDFFFC00240

mem[X,0x0000000080001214] -> 0x9E93
mem[X,0x0000000080001216] -> 0x00AE
[1162] [M]: 0x0000000080001214 (0x00AE9E93) slli t4, t4, 0xa
x29 <- 0xDFFF7FFF00090000

mem[X,0x0000000080001218] -> 0x7FBB
mem[X,0x000000008000121A] -> 0xA9DF
[1163] [M]: 0x0000000080001218 (0xA9DF7FBB) pmhacc.h.be t6, t5, t4
x31 <- 0x2011FFF703F80003

mem[X,0x000000008000121C] -> 0x3423
mem[X,0x000000008000121E] -> 0x0FF1
[1164] [M]: 0x000000008000121C (0x0FF13423) sd t6, 0xe8(sp)
mem[0x00000000800042E8] <- 0x2011FFF703F80003

mem[X,0x0000000080001220] -> 0x0F37
mem[X,0x0000000080001222] -> 0x0004
[1165] [M]: 0x0000000080001220 (0x00040F37) lui t5, 0x40
x30 <- 0x0000000000040000

mem[X,0x0000000080001224] -> 0x0F13
mem[X,0x0000000080001226] -> 0x005F
[1166] [M]: 0x0000000080001224 (0x005F0F13) addi t5, t5, 0x5
x30 <- 0x0000000000040005

mem[X,0x0000000080001228] -> 0x1F13
mem[X,0x000000008000122A] -> 0x00BF
[1167] [M]: 0x0000000080001228 (0x00BF1F13) slli t5, t5, 0xb
x30 <- 0x0000000020002800

mem[X,0x000000008000122C] -> 0x0F13
mem[X,0x000000008000122E] -> 0x1FFF
[1168] [M]: 0x000000008000122C (0x1FFF0F13) addi t5, t5, 0x1ff
x30 <- 0x00000000200029FF

mem[X,0x0000000080001230] -> 0x1F13
mem[X,0x0000000080001232] -> 0x00BF
[1169] [M]: 0x0000000080001230 (0x00BF1F13) slli t5, t5, 0xb
x30 <- 0x00000100014FF800

mem[X,0x0000000080001234] -> 0x0F13
mem[X,0x0000000080001236] -> 0x7C8F
[1170] [M]: 0x0000000080001234 (0x7C8F0F13) addi t5, t5, 0x7c8
x30 <- 0x00000100014FFFC8

mem[X,0x0000000080001238] -> 0x1F13
mem[X,0x000000008000123A] -> 0x00AF
[1171] [M]: 0x0000000080001238 (0x00AF1F13) slli t5, t5, 0xa
x30 <- 0x000400053FFF2000

mem[X,0x000000008000123C] -> 0x0EB7
mem[X,0x000000008000123E] -> 0xFE00
[1172] [M]: 0x000000008000123C (0xFE000EB7) lui t4, -0x2000
x29 <- 0xFFFFFFFFFE000000

mem[X,0x0000000080001240] -> 0x8E93
mem[X,0x0000000080001242] -> 0xFFEE
[1173] [M]: 0x0000000080001240 (0xFFEE8E93) addi t4, t4, -0x2
x29 <- 0xFFFFFFFFFDFFFFFE

mem[X,0x0000000080001244] -> 0x9E93
mem[X,0x0000000080001246] -> 0x00BE
[1174] [M]: 0x0000000080001244 (0x00BE9E93) slli t4, t4, 0xb
x29 <- 0xFFFFFFEFFFFFF000

mem[X,0x0000000080001248] -> 0x8E93
mem[X,0x000000008000124A] -> 0x000E
[1175] [M]: 0x0000000080001248 (0x000E8E93) addi t4, t4, 0x0
x29 <- 0xFFFFFFEFFFFFF000

mem[X,0x000000008000124C] -> 0x9E93
mem[X,0x000000008000124E] -> 0x00BE
[1176] [M]: 0x000000008000124C (0x00BE9E93) slli t4, t4, 0xb
x29 <- 0xFFFF7FFFFF800000

mem[X,0x0000000080001250] -> 0x8E93
mem[X,0x0000000080001252] -> 0x03FE
[1177] [M]: 0x0000000080001250 (0x03FE8E93) addi t4, t4, 0x3f
x29 <- 0xFFFF7FFFFF80003F

mem[X,0x0000000080001254] -> 0x9E93
mem[X,0x0000000080001256] -> 0x00AE
[1178] [M]: 0x0000000080001254 (0x00AE9E93) slli t4, t4, 0xa
x29 <- 0xFDFFFFFE0000FC00

mem[X,0x0000000080001258] -> 0x8E93
mem[X,0x000000008000125A] -> 0x3FFE
[1179] [M]: 0x0000000080001258 (0x3FFE8E93) addi t4, t4, 0x3ff
x29 <- 0xFDFFFFFE0000FFFF

mem[X,0x000000008000125C] -> 0x7FBB
mem[X,0x000000008000125E] -> 0xA9DF
[1180] [M]: 0x000000008000125C (0xA9DF7FBB) pmhacc.h.be t6, t5, t4
x31 <- 0x2010FFF603F80002

mem[X,0x0000000080001260] -> 0x3823
mem[X,0x0000000080001262] -> 0x0FF1
[1181] [M]: 0x0000000080001260 (0x0FF13823) sd t6, 0xf0(sp)
mem[0x00000000800042F0] <- 0x2010FFF603F80002

mem[X,0x0000000080001264] -> 0x0F37
mem[X,0x0000000080001266] -> 0x0008
[1182] [M]: 0x0000000080001264 (0x00080F37) lui t5, 0x80
x30 <- 0x0000000000080000

mem[X,0x0000000080001268] -> 0x0F13
mem[X,0x000000008000126A] -> 0x008F
[1183] [M]: 0x0000000080001268 (0x008F0F13) addi t5, t5, 0x8
x30 <- 0x0000000000080008

mem[X,0x000000008000126C] -> 0x1F13
mem[X,0x000000008000126E] -> 0x00BF
[1184] [M]: 0x000000008000126C (0x00BF1F13) slli t5, t5, 0xb
x30 <- 0x0000000040004000

mem[X,0x0000000080001270] -> 0x0F13
mem[X,0x0000000080001272] -> 0x7FDF
[1185] [M]: 0x0000000080001270 (0x7FDF0F13) addi t5, t5, 0x7fd
x30 <- 0x00000000400047FD

mem[X,0x0000000080001274] -> 0x1F13
mem[X,0x0000000080001276] -> 0x00BF
[1186] [M]: 0x0000000080001274 (0x00BF1F13) slli t5, t5, 0xb
x30 <- 0x00000200023FE800

mem[X,0x0000000080001278] -> 0x0F13
mem[X,0x000000008000127A] -> 0x7FFF
[1187] [M]: 0x0000000080001278 (0x7FFF0F13) addi t5, t5, 0x7ff
x30 <- 0x00000200023FEFFF

mem[X,0x000000008000127C] -> 0x1F13
mem[X,0x000000008000127E] -> 0x00AF
[1188] [M]: 0x000000008000127C (0x00AF1F13) slli t5, t5, 0xa
x30 <- 0x00080008FFBFFC00

mem[X,0x0000000080001280] -> 0x0F13
mem[X,0x0000000080001282] -> 0x37FF
[1189] [M]: 0x0000000080001280 (0x37FF0F13) addi t5, t5, 0x37f
x30 <- 0x00080008FFBFFF7F

mem[X,0x0000000080001284] -> 0x1EB7
mem[X,0x0000000080001286] -> 0xFFFD
[1190] [M]: 0x0000000080001284 (0xFFFD1EB7) lui t4, -0x2f
x29 <- 0xFFFFFFFFFFFD1000

mem[X,0x0000000080001288] -> 0x8E93
mem[X,0x000000008000128A] -> 0x000E
[1191] [M]: 0x0000000080001288 (0x000E8E93) addi t4, t4, 0x0
x29 <- 0xFFFFFFFFFFFD1000

mem[X,0x000000008000128C] -> 0x9E93
mem[X,0x000000008000128E] -> 0x00BE
[1192] [M]: 0x000000008000128C (0x00BE9E93) slli t4, t4, 0xb
x29 <- 0xFFFFFFFFE8800000

mem[X,0x0000000080001290] -> 0x8E93
mem[X,0x0000000080001292] -> 0x400E
[1193] [M]: 0x0000000080001290 (0x400E8E93) addi t4, t4, 0x400
x29 <- 0xFFFFFFFFE8800400

mem[X,0x0000000080001294] -> 0x9E93
mem[X,0x0000000080001296] -> 0x00BE
[1194] [M]: 0x0000000080001294 (0x00BE9E93) slli t4, t4, 0xb
x29 <- 0xFFFFFF4400200000

mem[X,0x0000000080001298] -> 0x8E93
mem[X,0x000000008000129A] -> 0x01FE
[1195] [M]: 0x0000000080001298 (0x01FE8E93) addi t4, t4, 0x1f
x29 <- 0xFFFFFF440020001F

mem[X,0x000000008000129C] -> 0x9E93
mem[X,0x000000008000129E] -> 0x00AE
[1196] [M]: 0x000000008000129C (0x00AE9E93) slli t4, t4, 0xa
x29 <- 0xFFFD100080007C00

mem[X,0x00000000800012A0] -> 0x8E93
mem[X,0x00000000800012A2] -> 0x3FFE
[1197] [M]: 0x00000000800012A0 (0x3FFE8E93) addi t4, t4, 0x3ff
x29 <- 0xFFFD100080007FFF

mem[X,0x00000000800012A4] -> 0x7FBB
mem[X,0x00000000800012A6] -> 0xA9DF
[1198] [M]: 0x00000000800012A4 (0xA9DF7FBB) pmhacc.h.be t6, t5, t4
x31 <- 0x200FFFF603F80002

mem[X,0x00000000800012A8] -> 0x3C23
mem[X,0x00000000800012AA] -> 0x0FF1
[1199] [M]: 0x00000000800012A8 (0x0FF13C23) sd t6, 0xf8(sp)
mem[0x00000000800042F8] <- 0x200FFFF603F80002

clint::tick mtime <- 0x000000000000000C
 clint timer pending at mtime 0x000000000000000C
htif::tick 0x0000000000000000
mem[X,0x00000000800012AC] -> 0x4F37
mem[X,0x00000000800012AE] -> 0x5555
[1200] [M]: 0x00000000800012AC (0x55554F37) lui t5, 0x55554
x30 <- 0x0000000055554000

mem[X,0x00000000800012B0] -> 0x0F13
mem[X,0x00000000800012B2] -> 0xFFFF
[1201] [M]: 0x00000000800012B0 (0xFFFF0F13) addi t5, t5, -0x1
x30 <- 0x0000000055553FFF

mem[X,0x00000000800012B4] -> 0x1F13
mem[X,0x00000000800012B6] -> 0x00BF
[1202] [M]: 0x00000000800012B4 (0x00BF1F13) slli t5, t5, 0xb
x30 <- 0x000002AAA9FFF800

mem[X,0x00000000800012B8] -> 0x0F13
mem[X,0x00000000800012BA] -> 0x000F
[1203] [M]: 0x00000000800012B8 (0x000F0F13) addi t5, t5, 0x0
x30 <- 0x000002AAA9FFF800

mem[X,0x00000000800012BC] -> 0x1F13
mem[X,0x00000000800012BE] -> 0x00BF
[1204] [M]: 0x00000000800012BC (0x00BF1F13) slli t5, t5, 0xb
x30 <- 0x0015554FFFC00000

mem[X,0x00000000800012C0] -> 0x0F13
mem[X,0x00000000800012C2] -> 0x1D0F
[1205] [M]: 0x00000000800012C0 (0x1D0F0F13) addi t5, t5, 0x1d0
x30 <- 0x0015554FFFC001D0

mem[X,0x00000000800012C4] -> 0x1F13
mem[X,0x00000000800012C6] -> 0x00AF
[1206] [M]: 0x00000000800012C4 (0x00AF1F13) slli t5, t5, 0xa
x30 <- 0x55553FFF00074000

mem[X,0x00000000800012C8] -> 0x0EB7
mem[X,0x00000000800012CA] -> 0x0000
[1207] [M]: 0x00000000800012C8 (0x00000EB7) lui t4, 0x0
x29 <- 0x0000000000000000

mem[X,0x00000000800012CC] -> 0x8E93
mem[X,0x00000000800012CE] -> 0xEFFE
[1208] [M]: 0x00000000800012CC (0xEFFE8E93) addi t4, t4, -0x101
x29 <- 0xFFFFFFFFFFFFFEFF

mem[X,0x00000000800012D0] -> 0x9E93
mem[X,0x00000000800012D2] -> 0x00BE
[1209] [M]: 0x00000000800012D0 (0x00BE9E93) slli t4, t4, 0xb
x29 <- 0xFFFFFFFFFFF7F800

mem[X,0x00000000800012D4] -> 0x8E93
mem[X,0x00000000800012D6] -> 0x7EFE
[1210] [M]: 0x00000000800012D4 (0x7EFE8E93) addi t4, t4, 0x7ef
x29 <- 0xFFFFFFFFFFF7FFEF

mem[X,0x00000000800012D8] -> 0x9E93
mem[X,0x00000000800012DA] -> 0x00BE
[1211] [M]: 0x00000000800012D8 (0x00BE9E93) slli t4, t4, 0xb
x29 <- 0xFFFFFFFFBFFF7800

mem[X,0x00000000800012DC] -> 0x8E93
mem[X,0x00000000800012DE] -> 0x7C0E
[1212] [M]: 0x00000000800012DC (0x7C0E8E93) addi t4, t4, 0x7c0
x29 <- 0xFFFFFFFFBFFF7FC0

mem[X,0x00000000800012E0] -> 0x9E93
mem[X,0x00000000800012E2] -> 0x00AE
[1213] [M]: 0x00000000800012E0 (0x00AE9E93) slli t4, t4, 0xa
x29 <- 0xFFFFFEFFFDFF0000

mem[X,0x00000000800012E4] -> 0x8E93
mem[X,0x00000000800012E6] -> 0x020E
[1214] [M]: 0x00000000800012E4 (0x020E8E93) addi t4, t4, 0x20
x29 <- 0xFFFFFEFFFDFF0020

mem[X,0x00000000800012E8] -> 0x7FBB
mem[X,0x00000000800012EA] -> 0xA9DF
[1215] [M]: 0x00000000800012E8 (0xA9DF7FBB) pmhacc.h.be t6, t5, t4
x31 <- 0x200EFFF503F7000A

mem[X,0x00000000800012EC] -> 0x3023
mem[X,0x00000000800012EE] -> 0x11F1
[1216] [M]: 0x00000000800012EC (0x11F13023) sd t6, 0x100(sp)
mem[0x0000000080004300] <- 0x200EFFF503F7000A

mem[X,0x00000000800012F0] -> 0x0F37
mem[X,0x00000000800012F2] -> 0xE000
[1217] [M]: 0x00000000800012F0 (0xE0000F37) lui t5, -0x20000
x30 <- 0xFFFFFFFFE0000000

mem[X,0x00000000800012F4] -> 0x0F13
mem[X,0x00000000800012F6] -> 0xFFEF
[1218] [M]: 0x00000000800012F4 (0xFFEF0F13) addi t5, t5, -0x2
x30 <- 0xFFFFFFFFDFFFFFFE

mem[X,0x00000000800012F8] -> 0x1F13
mem[X,0x00000000800012FA] -> 0x00BF
[1219] [M]: 0x00000000800012F8 (0x00BF1F13) slli t5, t5, 0xb
x30 <- 0xFFFFFEFFFFFFF000

mem[X,0x00000000800012FC] -> 0x0F13
mem[X,0x00000000800012FE] -> 0x7FFF
[1220] [M]: 0x00000000800012FC (0x7FFF0F13) addi t5, t5, 0x7ff
x30 <- 0xFFFFFEFFFFFFF7FF

mem[X,0x0000000080001300] -> 0x1F13
mem[X,0x0000000080001302] -> 0x00BF
[1221] [M]: 0x0000000080001300 (0x00BF1F13) slli t5, t5, 0xb
x30 <- 0xFFF7FFFFFFBFF800

mem[X,0x0000000080001304] -> 0x0F13
mem[X,0x0000000080001306] -> 0x710F
[1222] [M]: 0x0000000080001304 (0x710F0F13) addi t5, t5, 0x710
x30 <- 0xFFF7FFFFFFBFFF10

mem[X,0x0000000080001308] -> 0x1F13
mem[X,0x000000008000130A] -> 0x00AF
[1223] [M]: 0x0000000080001308 (0x00AF1F13) slli t5, t5, 0xa
x30 <- 0xDFFFFFFEFFFC4000

mem[X,0x000000008000130C] -> 0x0EB7
mem[X,0x000000008000130E] -> 0xFFFD
[1224] [M]: 0x000000008000130C (0xFFFD0EB7) lui t4, -0x30
x29 <- 0xFFFFFFFFFFFD0000

mem[X,0x0000000080001310] -> 0x8E93
mem[X,0x0000000080001312] -> 0xEFFE
[1225] [M]: 0x0000000080001310 (0xEFFE8E93) addi t4, t4, -0x101
x29 <- 0xFFFFFFFFFFFCFEFF

mem[X,0x0000000080001314] -> 0x9E93
mem[X,0x0000000080001316] -> 0x00BE
[1226] [M]: 0x0000000080001314 (0x00BE9E93) slli t4, t4, 0xb
x29 <- 0xFFFFFFFFE7F7F800

mem[X,0x0000000080001318] -> 0x8E93
mem[X,0x000000008000131A] -> 0x77FE
[1227] [M]: 0x0000000080001318 (0x77FE8E93) addi t4, t4, 0x77f
x29 <- 0xFFFFFFFFE7F7FF7F

mem[X,0x000000008000131C] -> 0x9E93
mem[X,0x000000008000131E] -> 0x00BE
[1228] [M]: 0x000000008000131C (0x00BE9E93) slli t4, t4, 0xb
x29 <- 0xFFFFFF3FBFFBF800

mem[X,0x0000000080001320] -> 0x8E93
mem[X,0x0000000080001322] -> 0x7C0E
[1229] [M]: 0x0000000080001320 (0x7C0E8E93) addi t4, t4, 0x7c0
x29 <- 0xFFFFFF3FBFFBFFC0

mem[X,0x0000000080001324] -> 0x9E93
mem[X,0x0000000080001326] -> 0x00AE
[1230] [M]: 0x0000000080001324 (0x00AE9E93) slli t4, t4, 0xa
x29 <- 0xFFFCFEFFEFFF0000

mem[X,0x0000000080001328] -> 0x8E93
mem[X,0x000000008000132A] -> 0x100E
[1231] [M]: 0x0000000080001328 (0x100E8E93) addi t4, t4, 0x100
x29 <- 0xFFFCFEFFEFFF0100

mem[X,0x000000008000132C] -> 0x7FBB
mem[X,0x000000008000132E] -> 0xA9DF
[1232] [M]: 0x000000008000132C (0xA9DF7FBB) pmhacc.h.be t6, t5, t4
x31 <- 0x200EFFF503F7000A

mem[X,0x0000000080001330] -> 0x3423
mem[X,0x0000000080001332] -> 0x11F1
[1233] [M]: 0x0000000080001330 (0x11F13423) sd t6, 0x108(sp)
mem[0x0000000080004308] <- 0x200EFFF503F7000A

mem[X,0x0000000080001334] -> 0x0F37
mem[X,0x0000000080001336] -> 0x0040
[1234] [M]: 0x0000000080001334 (0x00400F37) lui t5, 0x400
x30 <- 0x0000000000400000

mem[X,0x0000000080001338] -> 0x0F13
mem[X,0x000000008000133A] -> 0x040F
[1235] [M]: 0x0000000080001338 (0x040F0F13) addi t5, t5, 0x40
x30 <- 0x0000000000400040

mem[X,0x000000008000133C] -> 0x1F13
mem[X,0x000000008000133E] -> 0x00BF
[1236] [M]: 0x000000008000133C (0x00BF1F13) slli t5, t5, 0xb
x30 <- 0x0000000200020000

mem[X,0x0000000080001340] -> 0x0F13
mem[X,0x0000000080001342] -> 0x7FFF
[1237] [M]: 0x0000000080001340 (0x7FFF0F13) addi t5, t5, 0x7ff
x30 <- 0x00000002000207FF

mem[X,0x0000000080001344] -> 0x1F13
mem[X,0x0000000080001346] -> 0x00BF
[1238] [M]: 0x0000000080001344 (0x00BF1F13) slli t5, t5, 0xb
x30 <- 0x00001000103FF800

mem[X,0x0000000080001348] -> 0x0F13
mem[X,0x000000008000134A] -> 0x580F
[1239] [M]: 0x0000000080001348 (0x580F0F13) addi t5, t5, 0x580
x30 <- 0x00001000103FFD80

mem[X,0x000000008000134C] -> 0x1F13
mem[X,0x000000008000134E] -> 0x00AF
[1240] [M]: 0x000000008000134C (0x00AF1F13) slli t5, t5, 0xa
x30 <- 0x00400040FFF60000

mem[X,0x0000000080001350] -> 0x0F13
mem[X,0x0000000080001352] -> 0x008F
[1241] [M]: 0x0000000080001350 (0x008F0F13) addi t5, t5, 0x8
x30 <- 0x00400040FFF60008

mem[X,0x0000000080001354] -> 0x0EB7
mem[X,0x0000000080001356] -> 0x0101
[1242] [M]: 0x0000000080001354 (0x01010EB7) lui t4, 0x1010
x29 <- 0x0000000001010000

mem[X,0x0000000080001358] -> 0x8E93
mem[X,0x000000008000135A] -> 0xFFFE
[1243] [M]: 0x0000000080001358 (0xFFFE8E93) addi t4, t4, -0x1
x29 <- 0x000000000100FFFF

mem[X,0x000000008000135C] -> 0x9E93
mem[X,0x000000008000135E] -> 0x00BE
[1244] [M]: 0x000000008000135C (0x00BE9E93) slli t4, t4, 0xb
x29 <- 0x0000000807FFF800

mem[X,0x0000000080001360] -> 0x8E93
mem[X,0x0000000080001362] -> 0x7BFE
[1245] [M]: 0x0000000080001360 (0x7BFE8E93) addi t4, t4, 0x7bf
x29 <- 0x0000000807FFFFBF

mem[X,0x0000000080001364] -> 0x9E93
mem[X,0x0000000080001366] -> 0x00BE
[1246] [M]: 0x0000000080001364 (0x00BE9E93) slli t4, t4, 0xb
x29 <- 0x0000403FFFFDF800

mem[X,0x0000000080001368] -> 0x8E93
mem[X,0x000000008000136A] -> 0x7C0E
[1247] [M]: 0x0000000080001368 (0x7C0E8E93) addi t4, t4, 0x7c0
x29 <- 0x0000403FFFFDFFC0

mem[X,0x000000008000136C] -> 0x9E93
mem[X,0x000000008000136E] -> 0x00AE
[1248] [M]: 0x000000008000136C (0x00AE9E93) slli t4, t4, 0xa
x29 <- 0x0100FFFFF7FF0000

mem[X,0x0000000080001370] -> 0x8E93
mem[X,0x0000000080001372] -> 0x200E
[1249] [M]: 0x0000000080001370 (0x200E8E93) addi t4, t4, 0x200
x29 <- 0x0100FFFFF7FF0200

mem[X,0x0000000080001374] -> 0x7FBB
mem[X,0x0000000080001376] -> 0xA9DF
[1250] [M]: 0x0000000080001374 (0xA9DF7FBB) pmhacc.h.be t6, t5, t4
x31 <- 0x200EFFF403F7000A

mem[X,0x0000000080001378] -> 0x3823
mem[X,0x000000008000137A] -> 0x11F1
[1251] [M]: 0x0000000080001378 (0x11F13823) sd t6, 0x110(sp)
mem[0x0000000080004310] <- 0x200EFFF403F7000A

mem[X,0x000000008000137C] -> 0x0F37
mem[X,0x000000008000137E] -> 0xFFFA
[1252] [M]: 0x000000008000137C (0xFFFA0F37) lui t5, -0x60
x30 <- 0xFFFFFFFFFFFA0000

mem[X,0x0000000080001380] -> 0x0F13
mem[X,0x0000000080001382] -> 0xFF9F
[1253] [M]: 0x0000000080001380 (0xFF9F0F13) addi t5, t5, -0x7
x30 <- 0xFFFFFFFFFFF9FFF9

mem[X,0x0000000080001384] -> 0x1F13
mem[X,0x0000000080001386] -> 0x00BF
[1254] [M]: 0x0000000080001384 (0x00BF1F13) slli t5, t5, 0xb
x30 <- 0xFFFFFFFFCFFFC800

mem[X,0x0000000080001388] -> 0x0F13
mem[X,0x000000008000138A] -> 0x7FFF
[1255] [M]: 0x0000000080001388 (0x7FFF0F13) addi t5, t5, 0x7ff
x30 <- 0xFFFFFFFFCFFFCFFF

mem[X,0x000000008000138C] -> 0x1F13
mem[X,0x000000008000138E] -> 0x00BF
[1256] [M]: 0x000000008000138C (0x00BF1F13) slli t5, t5, 0xb
x30 <- 0xFFFFFE7FFE7FF800

mem[X,0x0000000080001390] -> 0x0F13
mem[X,0x0000000080001392] -> 0x3FFF
[1257] [M]: 0x0000000080001390 (0x3FFF0F13) addi t5, t5, 0x3ff
x30 <- 0xFFFFFE7FFE7FFBFF

mem[X,0x0000000080001394] -> 0x1F13
mem[X,0x0000000080001396] -> 0x00AF
[1258] [M]: 0x0000000080001394 (0x00AF1F13) slli t5, t5, 0xa
x30 <- 0xFFF9FFF9FFEFFC00

mem[X,0x0000000080001398] -> 0x0F13
mem[X,0x000000008000139A] -> 0x37FF
[1259] [M]: 0x0000000080001398 (0x37FF0F13) addi t5, t5, 0x37f
x30 <- 0xFFF9FFF9FFEFFF7F

mem[X,0x000000008000139C] -> 0x0EB7
mem[X,0x000000008000139E] -> 0xFF00
[1260] [M]: 0x000000008000139C (0xFF000EB7) lui t4, -0x1000
x29 <- 0xFFFFFFFFFF000000

mem[X,0x00000000800013A0] -> 0x8E93
mem[X,0x00000000800013A2] -> 0xFFDE
[1261] [M]: 0x00000000800013A0 (0xFFDE8E93) addi t4, t4, -0x3
x29 <- 0xFFFFFFFFFEFFFFFD

mem[X,0x00000000800013A4] -> 0x9E93
mem[X,0x00000000800013A6] -> 0x00BE
[1262] [M]: 0x00000000800013A4 (0x00BE9E93) slli t4, t4, 0xb
x29 <- 0xFFFFFFF7FFFFE800

mem[X,0x00000000800013A8] -> 0x8E93
mem[X,0x00000000800013AA] -> 0x000E
[1263] [M]: 0x00000000800013A8 (0x000E8E93) addi t4, t4, 0x0
x29 <- 0xFFFFFFF7FFFFE800

mem[X,0x00000000800013AC] -> 0x9E93
mem[X,0x00000000800013AE] -> 0x00BE
[1264] [M]: 0x00000000800013AC (0x00BE9E93) slli t4, t4, 0xb
x29 <- 0xFFFFBFFFFF400000

mem[X,0x00000000800013B0] -> 0x8E93
mem[X,0x00000000800013B2] -> 0x004E
[1265] [M]: 0x00000000800013B0 (0x004E8E93) addi t4, t4, 0x4
x29 <- 0xFFFFBFFFFF400004

mem[X,0x00000000800013B4] -> 0x9E93
mem[X,0x00000000800013B6] -> 0x00AE
[1266] [M]: 0x00000000800013B4 (0x00AE9E93) slli t4, t4, 0xa
x29 <- 0xFEFFFFFD00001000

mem[X,0x00000000800013B8] -> 0x7FBB
mem[X,0x00000000800013BA] -> 0xA9DF
[1267] [M]: 0x00000000800013B8 (0xA9DF7FBB) pmhacc.h.be t6, t5, t4
x31 <- 0x200EFFF403F7000A

mem[X,0x00000000800013BC] -> 0x3C23
mem[X,0x00000000800013BE] -> 0x11F1
[1268] [M]: 0x00000000800013BC (0x11F13C23) sd t6, 0x118(sp)
mem[0x0000000080004318] <- 0x200EFFF403F7000A

mem[X,0x00000000800013C0] -> 0x0F37
mem[X,0x00000000800013C2] -> 0x0005
[1269] [M]: 0x00000000800013C0 (0x00050F37) lui t5, 0x50
x30 <- 0x0000000000050000

mem[X,0x00000000800013C4] -> 0x0F13
mem[X,0x00000000800013C6] -> 0x009F
[1270] [M]: 0x00000000800013C4 (0x009F0F13) addi t5, t5, 0x9
x30 <- 0x0000000000050009

mem[X,0x00000000800013C8] -> 0x1F13
mem[X,0x00000000800013CA] -> 0x00BF
[1271] [M]: 0x00000000800013C8 (0x00BF1F13) slli t5, t5, 0xb
x30 <- 0x0000000028004800

mem[X,0x00000000800013CC] -> 0x0F13
mem[X,0x00000000800013CE] -> 0x002F
[1272] [M]: 0x00000000800013CC (0x002F0F13) addi t5, t5, 0x2
x30 <- 0x0000000028004802

mem[X,0x00000000800013D0] -> 0x1F13
mem[X,0x00000000800013D2] -> 0x00BF
[1273] [M]: 0x00000000800013D0 (0x00BF1F13) slli t5, t5, 0xb
x30 <- 0x0000014002401000

mem[X,0x00000000800013D4] -> 0x0F13
mem[X,0x00000000800013D6] -> 0x000F
[1274] [M]: 0x00000000800013D4 (0x000F0F13) addi t5, t5, 0x0
x30 <- 0x0000014002401000

mem[X,0x00000000800013D8] -> 0x1F13
mem[X,0x00000000800013DA] -> 0x00AF
[1275] [M]: 0x00000000800013D8 (0x00AF1F13) slli t5, t5, 0xa
x30 <- 0x0005000900400000

mem[X,0x00000000800013DC] -> 0x0F13
mem[X,0x00000000800013DE] -> 0x009F
[1276] [M]: 0x00000000800013DC (0x009F0F13) addi t5, t5, 0x9
x30 <- 0x0005000900400009

mem[X,0x00000000800013E0] -> 0x0EB7
mem[X,0x00000000800013E2] -> 0xFE00
[1277] [M]: 0x00000000800013E0 (0xFE000EB7) lui t4, -0x2000
x29 <- 0xFFFFFFFFFE000000

mem[X,0x00000000800013E4] -> 0x8E93
mem[X,0x00000000800013E6] -> 0xF7FE
[1278] [M]: 0x00000000800013E4 (0xF7FE8E93) addi t4, t4, -0x81
x29 <- 0xFFFFFFFFFDFFFF7F

mem[X,0x00000000800013E8] -> 0x9E93
mem[X,0x00000000800013EA] -> 0x00BE
[1279] [M]: 0x00000000800013E8 (0x00BE9E93) slli t4, t4, 0xb
x29 <- 0xFFFFFFEFFFFBF800

mem[X,0x00000000800013EC] -> 0x8E93
mem[X,0x00000000800013EE] -> 0x7FEE
[1280] [M]: 0x00000000800013EC (0x7FEE8E93) addi t4, t4, 0x7fe
x29 <- 0xFFFFFFEFFFFBFFFE

mem[X,0x00000000800013F0] -> 0x9E93
mem[X,0x00000000800013F2] -> 0x00BE
[1281] [M]: 0x00000000800013F0 (0x00BE9E93) slli t4, t4, 0xb
x29 <- 0xFFFF7FFFDFFFF000

mem[X,0x00000000800013F4] -> 0x8E93
mem[X,0x00000000800013F6] -> 0x7FFE
[1282] [M]: 0x00000000800013F4 (0x7FFE8E93) addi t4, t4, 0x7ff
x29 <- 0xFFFF7FFFDFFFF7FF

mem[X,0x00000000800013F8] -> 0x9E93
mem[X,0x00000000800013FA] -> 0x00AE
[1283] [M]: 0x00000000800013F8 (0x00AE9E93) slli t4, t4, 0xa
x29 <- 0xFDFFFF7FFFDFFC00

mem[X,0x00000000800013FC] -> 0x8E93
mem[X,0x00000000800013FE] -> 0x3DFE
[1284] [M]: 0x00000000800013FC (0x3DFE8E93) addi t4, t4, 0x3df
x29 <- 0xFDFFFF7FFFDFFFDF

mem[X,0x0000000080001400] -> 0x7FBB
mem[X,0x0000000080001402] -> 0xA9DF
[1285] [M]: 0x0000000080001400 (0xA9DF7FBB) pmhacc.h.be t6, t5, t4
x31 <- 0x200DFFF403F60009

mem[X,0x0000000080001404] -> 0x3023
mem[X,0x0000000080001406] -> 0x13F1
[1286] [M]: 0x0000000080001404 (0x13F13023) sd t6, 0x120(sp)
mem[0x0000000080004320] <- 0x200DFFF403F60009

mem[X,0x0000000080001408] -> 0x0F37
mem[X,0x000000008000140A] -> 0xFC00
[1287] [M]: 0x0000000080001408 (0xFC000F37) lui t5, -0x4000
x30 <- 0xFFFFFFFFFC000000

mem[X,0x000000008000140C] -> 0x0F13
mem[X,0x000000008000140E] -> 0xFFFF
[1288] [M]: 0x000000008000140C (0xFFFF0F13) addi t5, t5, -0x1
x30 <- 0xFFFFFFFFFBFFFFFF

mem[X,0x0000000080001410] -> 0x1F13
mem[X,0x0000000080001412] -> 0x00BF
[1289] [M]: 0x0000000080001410 (0x00BF1F13) slli t5, t5, 0xb
x30 <- 0xFFFFFFDFFFFFF800

mem[X,0x0000000080001414] -> 0x0F13
mem[X,0x0000000080001416] -> 0x6FFF
[1290] [M]: 0x0000000080001414 (0x6FFF0F13) addi t5, t5, 0x6ff
x30 <- 0xFFFFFFDFFFFFFEFF

mem[X,0x0000000080001418] -> 0x1F13
mem[X,0x000000008000141A] -> 0x00BF
[1291] [M]: 0x0000000080001418 (0x00BF1F13) slli t5, t5, 0xb
x30 <- 0xFFFEFFFFFFF7F800

mem[X,0x000000008000141C] -> 0x0F13
mem[X,0x000000008000141E] -> 0x7C0F
[1292] [M]: 0x000000008000141C (0x7C0F0F13) addi t5, t5, 0x7c0
x30 <- 0xFFFEFFFFFFF7FFC0

mem[X,0x0000000080001420] -> 0x1F13
mem[X,0x0000000080001422] -> 0x00AF
[1293] [M]: 0x0000000080001420 (0x00AF1F13) slli t5, t5, 0xa
x30 <- 0xFBFFFFFFDFFF0000

mem[X,0x0000000080001424] -> 0x0EB7
mem[X,0x0000000080001426] -> 0xFFEF
[1294] [M]: 0x0000000080001424 (0xFFEF0EB7) lui t4, -0x110
x29 <- 0xFFFFFFFFFFEF0000

mem[X,0x0000000080001428] -> 0x8E93
mem[X,0x000000008000142A] -> 0x100E
[1295] [M]: 0x0000000080001428 (0x100E8E93) addi t4, t4, 0x100
x29 <- 0xFFFFFFFFFFEF0100

mem[X,0x000000008000142C] -> 0x9E93
mem[X,0x000000008000142E] -> 0x00BE
[1296] [M]: 0x000000008000142C (0x00BE9E93) slli t4, t4, 0xb
x29 <- 0xFFFFFFFF78080000

mem[X,0x0000000080001430] -> 0x8E93
mem[X,0x0000000080001432] -> 0x004E
[1297] [M]: 0x0000000080001430 (0x004E8E93) addi t4, t4, 0x4
x29 <- 0xFFFFFFFF78080004

mem[X,0x0000000080001434] -> 0x9E93
mem[X,0x0000000080001436] -> 0x00BE
[1298] [M]: 0x0000000080001434 (0x00BE9E93) slli t4, t4, 0xb
x29 <- 0xFFFFFBC040002000

mem[X,0x0000000080001438] -> 0x8E93
mem[X,0x000000008000143A] -> 0x03FE
[1299] [M]: 0x0000000080001438 (0x03FE8E93) addi t4, t4, 0x3f
x29 <- 0xFFFFFBC04000203F

clint::tick mtime <- 0x000000000000000D
 clint timer pending at mtime 0x000000000000000D
htif::tick 0x0000000000000000
mem[X,0x000000008000143C] -> 0x9E93
mem[X,0x000000008000143E] -> 0x00AE
[1300] [M]: 0x000000008000143C (0x00AE9E93) slli t4, t4, 0xa
x29 <- 0xFFEF01000080FC00

mem[X,0x0000000080001440] -> 0x8E93
mem[X,0x0000000080001442] -> 0x1FFE
[1301] [M]: 0x0000000080001440 (0x1FFE8E93) addi t4, t4, 0x1ff
x29 <- 0xFFEF01000080FDFF

mem[X,0x0000000080001444] -> 0x7FBB
mem[X,0x0000000080001446] -> 0xA9DF
[1302] [M]: 0x0000000080001444 (0xA9DF7FBB) pmhacc.h.be t6, t5, t4
x31 <- 0x200DFFF404060009

mem[X,0x0000000080001448] -> 0x3423
mem[X,0x000000008000144A] -> 0x13F1
[1303] [M]: 0x0000000080001448 (0x13F13423) sd t6, 0x128(sp)
mem[0x0000000080004328] <- 0x200DFFF404060009

mem[X,0x000000008000144C] -> 0xBF37
mem[X,0x000000008000144E] -> 0x0002
[1304] [M]: 0x000000008000144C (0x0002BF37) lui t5, 0x2b
x30 <- 0x000000000002B000

mem[X,0x0000000080001450] -> 0x0F13
mem[X,0x0000000080001452] -> 0xAAAF
[1305] [M]: 0x0000000080001450 (0xAAAF0F13) addi t5, t5, -0x556
x30 <- 0x000000000002AAAA

mem[X,0x0000000080001454] -> 0x1F13
mem[X,0x0000000080001456] -> 0x00BF
[1306] [M]: 0x0000000080001454 (0x00BF1F13) slli t5, t5, 0xb
x30 <- 0x0000000015555000

mem[X,0x0000000080001458] -> 0x0F13
mem[X,0x000000008000145A] -> 0x001F
[1307] [M]: 0x0000000080001458 (0x001F0F13) addi t5, t5, 0x1
x30 <- 0x0000000015555001

mem[X,0x000000008000145C] -> 0x1F13
mem[X,0x000000008000145E] -> 0x00BF
[1308] [M]: 0x000000008000145C (0x00BF1F13) slli t5, t5, 0xb
x30 <- 0x000000AAAA800800

mem[X,0x0000000080001460] -> 0x0F13
mem[X,0x0000000080001462] -> 0x008F
[1309] [M]: 0x0000000080001460 (0x008F0F13) addi t5, t5, 0x8
x30 <- 0x000000AAAA800808

mem[X,0x0000000080001464] -> 0x1F13
mem[X,0x0000000080001466] -> 0x00AF
[1310] [M]: 0x0000000080001464 (0x00AF1F13) slli t5, t5, 0xa
x30 <- 0x0002AAAA00202000

mem[X,0x0000000080001468] -> 0x0EB7
mem[X,0x000000008000146A] -> 0xBFFF
[1311] [M]: 0x0000000080001468 (0xBFFF0EB7) lui t4, -0x40010
x29 <- 0xFFFFFFFFBFFF0000

mem[X,0x000000008000146C] -> 0x8E93
mem[X,0x000000008000146E] -> 0x006E
[1312] [M]: 0x000000008000146C (0x006E8E93) addi t4, t4, 0x6
x29 <- 0xFFFFFFFFBFFF0006

mem[X,0x0000000080001470] -> 0x9E93
mem[X,0x0000000080001472] -> 0x00BE
[1313] [M]: 0x0000000080001470 (0x00BE9E93) slli t4, t4, 0xb
x29 <- 0xFFFFFDFFF8003000

mem[X,0x0000000080001474] -> 0x8E93
mem[X,0x0000000080001476] -> 0x004E
[1314] [M]: 0x0000000080001474 (0x004E8E93) addi t4, t4, 0x4
x29 <- 0xFFFFFDFFF8003004

mem[X,0x0000000080001478] -> 0x9E93
mem[X,0x000000008000147A] -> 0x00BE
[1315] [M]: 0x0000000080001478 (0x00BE9E93) slli t4, t4, 0xb
x29 <- 0xFFEFFFC001802000

mem[X,0x000000008000147C] -> 0x8E93
mem[X,0x000000008000147E] -> 0x000E
[1316] [M]: 0x000000008000147C (0x000E8E93) addi t4, t4, 0x0
x29 <- 0xFFEFFFC001802000

mem[X,0x0000000080001480] -> 0x9E93
mem[X,0x0000000080001482] -> 0x00AE
[1317] [M]: 0x0000000080001480 (0x00AE9E93) slli t4, t4, 0xa
x29 <- 0xBFFF000600800000

mem[X,0x0000000080001484] -> 0x8E93
mem[X,0x0000000080001486] -> 0x003E
[1318] [M]: 0x0000000080001484 (0x003E8E93) addi t4, t4, 0x3
x29 <- 0xBFFF000600800003

mem[X,0x0000000080001488] -> 0x7FBB
mem[X,0x000000008000148A] -> 0xA9DF
[1319] [M]: 0x0000000080001488 (0xA9DF7FBB) pmhacc.h.be t6, t5, t4
x31 <- 0x200CFFF104050009

mem[X,0x000000008000148C] -> 0x3823
mem[X,0x000000008000148E] -> 0x13F1
[1320] [M]: 0x000000008000148C (0x13F13823) sd t6, 0x130(sp)
mem[0x0000000080004330] <- 0x200CFFF104050009

mem[X,0x0000000080001490] -> 0x5F37
mem[X,0x0000000080001492] -> 0x5555
[1321] [M]: 0x0000000080001490 (0x55555F37) lui t5, 0x55555
x30 <- 0x0000000055555000

mem[X,0x0000000080001494] -> 0x0F13
mem[X,0x0000000080001496] -> 0x555F
[1322] [M]: 0x0000000080001494 (0x555F0F13) addi t5, t5, 0x555
x30 <- 0x0000000055555555

mem[X,0x0000000080001498] -> 0x1F13
mem[X,0x000000008000149A] -> 0x00BF
[1323] [M]: 0x0000000080001498 (0x00BF1F13) slli t5, t5, 0xb
x30 <- 0x000002AAAAAAA800

mem[X,0x000000008000149C] -> 0x0F13
mem[X,0x000000008000149E] -> 0x008F
[1324] [M]: 0x000000008000149C (0x008F0F13) addi t5, t5, 0x8
x30 <- 0x000002AAAAAAA808

mem[X,0x00000000800014A0] -> 0x1F13
mem[X,0x00000000800014A2] -> 0x00BF
[1325] [M]: 0x00000000800014A0 (0x00BF1F13) slli t5, t5, 0xb
x30 <- 0x0015555555404000

mem[X,0x00000000800014A4] -> 0x0F13
mem[X,0x00000000800014A6] -> 0x000F
[1326] [M]: 0x00000000800014A4 (0x000F0F13) addi t5, t5, 0x0
x30 <- 0x0015555555404000

mem[X,0x00000000800014A8] -> 0x1F13
mem[X,0x00000000800014AA] -> 0x00AF
[1327] [M]: 0x00000000800014A8 (0x00AF1F13) slli t5, t5, 0xa
x30 <- 0x5555555501000000

mem[X,0x00000000800014AC] -> 0x0F13
mem[X,0x00000000800014AE] -> 0x040F
[1328] [M]: 0x00000000800014AC (0x040F0F13) addi t5, t5, 0x40
x30 <- 0x5555555501000040

mem[X,0x00000000800014B0] -> 0x0EB7
mem[X,0x00000000800014B2] -> 0xFFFB
[1329] [M]: 0x00000000800014B0 (0xFFFB0EB7) lui t4, -0x50
x29 <- 0xFFFFFFFFFFFB0000

mem[X,0x00000000800014B4] -> 0x8E93
mem[X,0x00000000800014B6] -> 0xFFEE
[1330] [M]: 0x00000000800014B4 (0xFFEE8E93) addi t4, t4, -0x2
x29 <- 0xFFFFFFFFFFFAFFFE

mem[X,0x00000000800014B8] -> 0x9E93
mem[X,0x00000000800014BA] -> 0x00BE
[1331] [M]: 0x00000000800014B8 (0x00BE9E93) slli t4, t4, 0xb
x29 <- 0xFFFFFFFFD7FFF000

mem[X,0x00000000800014BC] -> 0x8E93
mem[X,0x00000000800014BE] -> 0x6FFE
[1332] [M]: 0x00000000800014BC (0x6FFE8E93) addi t4, t4, 0x6ff
x29 <- 0xFFFFFFFFD7FFF6FF

mem[X,0x00000000800014C0] -> 0x9E93
mem[X,0x00000000800014C2] -> 0x00BE
[1333] [M]: 0x00000000800014C0 (0x00BE9E93) slli t4, t4, 0xb
x29 <- 0xFFFFFEBFFFB7F800

mem[X,0x00000000800014C4] -> 0x8E93
mem[X,0x00000000800014C6] -> 0x7FFE
[1334] [M]: 0x00000000800014C4 (0x7FFE8E93) addi t4, t4, 0x7ff
x29 <- 0xFFFFFEBFFFB7FFFF

mem[X,0x00000000800014C8] -> 0x9E93
mem[X,0x00000000800014CA] -> 0x00AE
[1335] [M]: 0x00000000800014C8 (0x00AE9E93) slli t4, t4, 0xa
x29 <- 0xFFFAFFFEDFFFFC00

mem[X,0x00000000800014CC] -> 0x8E93
mem[X,0x00000000800014CE] -> 0x3F9E
[1336] [M]: 0x00000000800014CC (0x3F9E8E93) addi t4, t4, 0x3f9
x29 <- 0xFFFAFFFEDFFFFFF9

mem[X,0x00000000800014D0] -> 0x7FBB
mem[X,0x00000000800014D2] -> 0xA9DF
[1337] [M]: 0x00000000800014D0 (0xA9DF7FBB) pmhacc.h.be t6, t5, t4
x31 <- 0x200AFFF004040008

mem[X,0x00000000800014D4] -> 0x3C23
mem[X,0x00000000800014D6] -> 0x13F1
[1338] [M]: 0x00000000800014D4 (0x13F13C23) sd t6, 0x138(sp)
mem[0x0000000080004338] <- 0x200AFFF004040008

mem[X,0x00000000800014D8] -> 0x5F37
mem[X,0x00000000800014DA] -> 0x0003
[1339] [M]: 0x00000000800014D8 (0x00035F37) lui t5, 0x35
x30 <- 0x0000000000035000

mem[X,0x00000000800014DC] -> 0x0F13
mem[X,0x00000000800014DE] -> 0x555F
[1340] [M]: 0x00000000800014DC (0x555F0F13) addi t5, t5, 0x555
x30 <- 0x0000000000035555

mem[X,0x00000000800014E0] -> 0x1F13
mem[X,0x00000000800014E2] -> 0x00BF
[1341] [M]: 0x00000000800014E0 (0x00BF1F13) slli t5, t5, 0xb
x30 <- 0x000000001AAAA800

mem[X,0x00000000800014E4] -> 0x0F13
mem[X,0x00000000800014E6] -> 0x100F
[1342] [M]: 0x00000000800014E4 (0x100F0F13) addi t5, t5, 0x100
x30 <- 0x000000001AAAA900

mem[X,0x00000000800014E8] -> 0x1F13
mem[X,0x00000000800014EA] -> 0x00BF
[1343] [M]: 0x00000000800014E8 (0x00BF1F13) slli t5, t5, 0xb
x30 <- 0x000000D555480000

mem[X,0x00000000800014EC] -> 0x0F13
mem[X,0x00000000800014EE] -> 0x03FF
[1344] [M]: 0x00000000800014EC (0x03FF0F13) addi t5, t5, 0x3f
x30 <- 0x000000D55548003F

mem[X,0x00000000800014F0] -> 0x1F13
mem[X,0x00000000800014F2] -> 0x00AF
[1345] [M]: 0x00000000800014F0 (0x00AF1F13) slli t5, t5, 0xa
x30 <- 0x000355552000FC00

mem[X,0x00000000800014F4] -> 0x0F13
mem[X,0x00000000800014F6] -> 0x3F9F
[1346] [M]: 0x00000000800014F4 (0x3F9F0F13) addi t5, t5, 0x3f9
x30 <- 0x000355552000FFF9

mem[X,0x00000000800014F8] -> 0x0EB7
mem[X,0x00000000800014FA] -> 0x0000
[1347] [M]: 0x00000000800014F8 (0x00000EB7) lui t4, 0x0
x29 <- 0x0000000000000000

mem[X,0x00000000800014FC] -> 0x8E93
mem[X,0x00000000800014FE] -> 0x008E
[1348] [M]: 0x00000000800014FC (0x008E8E93) addi t4, t4, 0x8
x29 <- 0x0000000000000008

mem[X,0x0000000080001500] -> 0x9E93
mem[X,0x0000000080001502] -> 0x00BE
[1349] [M]: 0x0000000080001500 (0x00BE9E93) slli t4, t4, 0xb
x29 <- 0x0000000000004000

mem[X,0x0000000080001504] -> 0x8E93
mem[X,0x0000000080001506] -> 0x7FFE
[1350] [M]: 0x0000000080001504 (0x7FFE8E93) addi t4, t4, 0x7ff
x29 <- 0x00000000000047FF

mem[X,0x0000000080001508] -> 0x9E93
mem[X,0x000000008000150A] -> 0x00BE
[1351] [M]: 0x0000000080001508 (0x00BE9E93) slli t4, t4, 0xb
x29 <- 0x00000000023FF800

mem[X,0x000000008000150C] -> 0x8E93
mem[X,0x000000008000150E] -> 0x7BFE
[1352] [M]: 0x000000008000150C (0x7BFE8E93) addi t4, t4, 0x7bf
x29 <- 0x00000000023FFFBF

mem[X,0x0000000080001510] -> 0x9E93
mem[X,0x0000000080001512] -> 0x00AE
[1353] [M]: 0x0000000080001510 (0x00AE9E93) slli t4, t4, 0xa
x29 <- 0x00000008FFFEFC00

mem[X,0x0000000080001514] -> 0x8E93
mem[X,0x0000000080001516] -> 0x3FEE
[1354] [M]: 0x0000000080001514 (0x3FEE8E93) addi t4, t4, 0x3fe
x29 <- 0x00000008FFFEFFFE

mem[X,0x0000000080001518] -> 0x7FBB
mem[X,0x000000008000151A] -> 0xA9DF
[1355] [M]: 0x0000000080001518 (0xA9DF7FBB) pmhacc.h.be t6, t5, t4
x31 <- 0x200AFFF204030008

mem[X,0x000000008000151C] -> 0x3023
mem[X,0x000000008000151E] -> 0x15F1
[1356] [M]: 0x000000008000151C (0x15F13023) sd t6, 0x140(sp)
mem[0x0000000080004340] <- 0x200AFFF204030008

mem[X,0x0000000080001520] -> 0x0F37
mem[X,0x0000000080001522] -> 0x0005
[1357] [M]: 0x0000000080001520 (0x00050F37) lui t5, 0x50
x30 <- 0x0000000000050000

mem[X,0x0000000080001524] -> 0x0F13
mem[X,0x0000000080001526] -> 0x006F
[1358] [M]: 0x0000000080001524 (0x006F0F13) addi t5, t5, 0x6
x30 <- 0x0000000000050006

mem[X,0x0000000080001528] -> 0x1F13
mem[X,0x000000008000152A] -> 0x00BF
[1359] [M]: 0x0000000080001528 (0x00BF1F13) slli t5, t5, 0xb
x30 <- 0x0000000028003000

mem[X,0x000000008000152C] -> 0x0F13
mem[X,0x000000008000152E] -> 0x7FFF
[1360] [M]: 0x000000008000152C (0x7FFF0F13) addi t5, t5, 0x7ff
x30 <- 0x00000000280037FF

mem[X,0x0000000080001530] -> 0x1F13
mem[X,0x0000000080001532] -> 0x00BF
[1361] [M]: 0x0000000080001530 (0x00BF1F13) slli t5, t5, 0xb
x30 <- 0x0000014001BFF800

mem[X,0x0000000080001534] -> 0x0F13
mem[X,0x0000000080001536] -> 0x77FF
[1362] [M]: 0x0000000080001534 (0x77FF0F13) addi t5, t5, 0x77f
x30 <- 0x0000014001BFFF7F

mem[X,0x0000000080001538] -> 0x1F13
mem[X,0x000000008000153A] -> 0x00AF
[1363] [M]: 0x0000000080001538 (0x00AF1F13) slli t5, t5, 0xa
x30 <- 0x00050006FFFDFC00

mem[X,0x000000008000153C] -> 0x0F13
mem[X,0x000000008000153E] -> 0x3F9F
[1364] [M]: 0x000000008000153C (0x3F9F0F13) addi t5, t5, 0x3f9
x30 <- 0x00050006FFFDFFF9

mem[X,0x0000000080001540] -> 0x0EB7
mem[X,0x0000000080001542] -> 0x0081
[1365] [M]: 0x0000000080001540 (0x00810EB7) lui t4, 0x810
x29 <- 0x0000000000810000

mem[X,0x0000000080001544] -> 0x8E93
mem[X,0x0000000080001546] -> 0xFFFE
[1366] [M]: 0x0000000080001544 (0xFFFE8E93) addi t4, t4, -0x1
x29 <- 0x000000000080FFFF

mem[X,0x0000000080001548] -> 0x9E93
mem[X,0x000000008000154A] -> 0x00BE
[1367] [M]: 0x0000000080001548 (0x00BE9E93) slli t4, t4, 0xb
x29 <- 0x0000000407FFF800

mem[X,0x000000008000154C] -> 0x8E93
mem[X,0x000000008000154E] -> 0x000E
[1368] [M]: 0x000000008000154C (0x000E8E93) addi t4, t4, 0x0
x29 <- 0x0000000407FFF800

mem[X,0x0000000080001550] -> 0x9E93
mem[X,0x0000000080001552] -> 0x00BE
[1369] [M]: 0x0000000080001550 (0x00BE9E93) slli t4, t4, 0xb
x29 <- 0x0000203FFFC00000

mem[X,0x0000000080001554] -> 0x8E93
mem[X,0x0000000080001556] -> 0x137E
[1370] [M]: 0x0000000080001554 (0x137E8E93) addi t4, t4, 0x137
x29 <- 0x0000203FFFC00137

mem[X,0x0000000080001558] -> 0x9E93
mem[X,0x000000008000155A] -> 0x00AE
[1371] [M]: 0x0000000080001558 (0x00AE9E93) slli t4, t4, 0xa
x29 <- 0x0080FFFF0004DC00

mem[X,0x000000008000155C] -> 0x8E93
mem[X,0x000000008000155E] -> 0x3FFE
[1372] [M]: 0x000000008000155C (0x3FFE8E93) addi t4, t4, 0x3ff
x29 <- 0x0080FFFF0004DFFF

mem[X,0x0000000080001560] -> 0x7FBB
mem[X,0x0000000080001562] -> 0xA9DF
[1373] [M]: 0x0000000080001560 (0xA9DF7FBB) pmhacc.h.be t6, t5, t4
x31 <- 0x2009FFF104020008

mem[X,0x0000000080001564] -> 0x3423
mem[X,0x0000000080001566] -> 0x15F1
[1374] [M]: 0x0000000080001564 (0x15F13423) sd t6, 0x148(sp)
mem[0x0000000080004348] <- 0x2009FFF104020008

mem[X,0x0000000080001568] -> 0x1F37
mem[X,0x000000008000156A] -> 0x0080
[1375] [M]: 0x0000000080001568 (0x00801F37) lui t5, 0x801
x30 <- 0x0000000000801000

mem[X,0x000000008000156C] -> 0x0F13
mem[X,0x000000008000156E] -> 0x000F
[1376] [M]: 0x000000008000156C (0x000F0F13) addi t5, t5, 0x0
x30 <- 0x0000000000801000

mem[X,0x0000000080001570] -> 0x1F13
mem[X,0x0000000080001572] -> 0x00BF
[1377] [M]: 0x0000000080001570 (0x00BF1F13) slli t5, t5, 0xb
x30 <- 0x0000000400800000

mem[X,0x0000000080001574] -> 0x0F13
mem[X,0x0000000080001576] -> 0x7FEF
[1378] [M]: 0x0000000080001574 (0x7FEF0F13) addi t5, t5, 0x7fe
x30 <- 0x00000004008007FE

mem[X,0x0000000080001578] -> 0x1F13
mem[X,0x000000008000157A] -> 0x00BF
[1379] [M]: 0x0000000080001578 (0x00BF1F13) slli t5, t5, 0xb
x30 <- 0x00002004003FF000

mem[X,0x000000008000157C] -> 0x0F13
mem[X,0x000000008000157E] -> 0x7DFF
[1380] [M]: 0x000000008000157C (0x7DFF0F13) addi t5, t5, 0x7df
x30 <- 0x00002004003FF7DF

mem[X,0x0000000080001580] -> 0x1F13
mem[X,0x0000000080001582] -> 0x00AF
[1381] [M]: 0x0000000080001580 (0x00AF1F13) slli t5, t5, 0xa
x30 <- 0x00801000FFDF7C00

mem[X,0x0000000080001584] -> 0x0F13
mem[X,0x0000000080001586] -> 0x3FFF
[1382] [M]: 0x0000000080001584 (0x3FFF0F13) addi t5, t5, 0x3ff
x30 <- 0x00801000FFDF7FFF

mem[X,0x0000000080001588] -> 0x0EB7
mem[X,0x000000008000158A] -> 0x0007
[1383] [M]: 0x0000000080001588 (0x00070EB7) lui t4, 0x70
x29 <- 0x0000000000070000

mem[X,0x000000008000158C] -> 0x8E93
mem[X,0x000000008000158E] -> 0xFDFE
[1384] [M]: 0x000000008000158C (0xFDFE8E93) addi t4, t4, -0x21
x29 <- 0x000000000006FFDF

mem[X,0x0000000080001590] -> 0x9E93
mem[X,0x0000000080001592] -> 0x00BE
[1385] [M]: 0x0000000080001590 (0x00BE9E93) slli t4, t4, 0xb
x29 <- 0x0000000037FEF800

mem[X,0x0000000080001594] -> 0x8E93
mem[X,0x0000000080001596] -> 0x020E
[1386] [M]: 0x0000000080001594 (0x020E8E93) addi t4, t4, 0x20
x29 <- 0x0000000037FEF820

mem[X,0x0000000080001598] -> 0x9E93
mem[X,0x000000008000159A] -> 0x00BE
[1387] [M]: 0x0000000080001598 (0x00BE9E93) slli t4, t4, 0xb
x29 <- 0x000001BFF7C10000

mem[X,0x000000008000159C] -> 0x8E93
mem[X,0x000000008000159E] -> 0x03FE
[1388] [M]: 0x000000008000159C (0x03FE8E93) addi t4, t4, 0x3f
x29 <- 0x000001BFF7C1003F

mem[X,0x00000000800015A0] -> 0x9E93
mem[X,0x00000000800015A2] -> 0x00AE
[1389] [M]: 0x00000000800015A0 (0x00AE9E93) slli t4, t4, 0xa
x29 <- 0x0006FFDF0400FC00

mem[X,0x00000000800015A4] -> 0x8E93
mem[X,0x00000000800015A6] -> 0x2FFE
[1390] [M]: 0x00000000800015A4 (0x2FFE8E93) addi t4, t4, 0x2ff
x29 <- 0x0006FFDF0400FEFF

mem[X,0x00000000800015A8] -> 0x7FBB
mem[X,0x00000000800015AA] -> 0xA9DF
[1391] [M]: 0x00000000800015A8 (0xA9DF7FBB) pmhacc.h.be t6, t5, t4
x31 <- 0x2009FFEE04020007

mem[X,0x00000000800015AC] -> 0x3823
mem[X,0x00000000800015AE] -> 0x15F1
[1392] [M]: 0x00000000800015AC (0x15F13823) sd t6, 0x150(sp)
mem[0x0000000080004350] <- 0x2009FFEE04020007

mem[X,0x00000000800015B0] -> 0x8F37
mem[X,0x00000000800015B2] -> 0xC000
[1393] [M]: 0x00000000800015B0 (0xC0008F37) lui t5, -0x3fff8
x30 <- 0xFFFFFFFFC0008000

mem[X,0x00000000800015B4] -> 0x0F13
mem[X,0x00000000800015B6] -> 0xFFFF
[1394] [M]: 0x00000000800015B4 (0xFFFF0F13) addi t5, t5, -0x1
x30 <- 0xFFFFFFFFC0007FFF

mem[X,0x00000000800015B8] -> 0x1F13
mem[X,0x00000000800015BA] -> 0x00BF
[1395] [M]: 0x00000000800015B8 (0x00BF1F13) slli t5, t5, 0xb
x30 <- 0xFFFFFE0003FFF800

mem[X,0x00000000800015BC] -> 0x0F13
mem[X,0x00000000800015BE] -> 0x7F7F
[1396] [M]: 0x00000000800015BC (0x7F7F0F13) addi t5, t5, 0x7f7
x30 <- 0xFFFFFE0003FFFFF7

mem[X,0x00000000800015C0] -> 0x1F13
mem[X,0x00000000800015C2] -> 0x00BF
[1397] [M]: 0x00000000800015C0 (0x00BF1F13) slli t5, t5, 0xb
x30 <- 0xFFF0001FFFFFB800

mem[X,0x00000000800015C4] -> 0x0F13
mem[X,0x00000000800015C6] -> 0x7D5F
[1398] [M]: 0x00000000800015C4 (0x7D5F0F13) addi t5, t5, 0x7d5
x30 <- 0xFFF0001FFFFFBFD5

mem[X,0x00000000800015C8] -> 0x1F13
mem[X,0x00000000800015CA] -> 0x00AF
[1399] [M]: 0x00000000800015C8 (0x00AF1F13) slli t5, t5, 0xa
x30 <- 0xC0007FFFFEFF5400

clint::tick mtime <- 0x000000000000000E
 clint timer pending at mtime 0x000000000000000E
htif::tick 0x0000000000000000
mem[X,0x00000000800015CC] -> 0x0F13
mem[X,0x00000000800015CE] -> 0x155F
[1400] [M]: 0x00000000800015CC (0x155F0F13) addi t5, t5, 0x155
x30 <- 0xC0007FFFFEFF5555

mem[X,0x00000000800015D0] -> 0x0EB7
mem[X,0x00000000800015D2] -> 0x000A
[1401] [M]: 0x00000000800015D0 (0x000A0EB7) lui t4, 0xa0
x29 <- 0x00000000000A0000

mem[X,0x00000000800015D4] -> 0x8E93
mem[X,0x00000000800015D6] -> 0xFDFE
[1402] [M]: 0x00000000800015D4 (0xFDFE8E93) addi t4, t4, -0x21
x29 <- 0x000000000009FFDF

mem[X,0x00000000800015D8] -> 0x9E93
mem[X,0x00000000800015DA] -> 0x00BE
[1403] [M]: 0x00000000800015D8 (0x00BE9E93) slli t4, t4, 0xb
x29 <- 0x000000004FFEF800

mem[X,0x00000000800015DC] -> 0x8E93
mem[X,0x00000000800015DE] -> 0x7DFE
[1404] [M]: 0x00000000800015DC (0x7DFE8E93) addi t4, t4, 0x7df
x29 <- 0x000000004FFEFFDF

mem[X,0x00000000800015E0] -> 0x9E93
mem[X,0x00000000800015E2] -> 0x00BE
[1405] [M]: 0x00000000800015E0 (0x00BE9E93) slli t4, t4, 0xb
x29 <- 0x0000027FF7FEF800

mem[X,0x00000000800015E4] -> 0x8E93
mem[X,0x00000000800015E6] -> 0x7FFE
[1406] [M]: 0x00000000800015E4 (0x7FFE8E93) addi t4, t4, 0x7ff
x29 <- 0x0000027FF7FEFFFF

mem[X,0x00000000800015E8] -> 0x9E93
mem[X,0x00000000800015EA] -> 0x00AE
[1407] [M]: 0x00000000800015E8 (0x00AE9E93) slli t4, t4, 0xa
x29 <- 0x0009FFDFFBFFFC00

mem[X,0x00000000800015EC] -> 0x8E93
mem[X,0x00000000800015EE] -> 0x3FCE
[1408] [M]: 0x00000000800015EC (0x3FCE8E93) addi t4, t4, 0x3fc
x29 <- 0x0009FFDFFBFFFFFC

mem[X,0x00000000800015F0] -> 0x7FBB
mem[X,0x00000000800015F2] -> 0xA9DF
[1409] [M]: 0x00000000800015F0 (0xA9DF7FBB) pmhacc.h.be t6, t5, t4
x31 <- 0x2006FFDD04020005

mem[X,0x00000000800015F4] -> 0x3C23
mem[X,0x00000000800015F6] -> 0x15F1
[1410] [M]: 0x00000000800015F4 (0x15F13C23) sd t6, 0x158(sp)
mem[0x0000000080004358] <- 0x2006FFDD04020005

mem[X,0x00000000800015F8] -> 0x0F37
mem[X,0x00000000800015FA] -> 0x7FFF
[1411] [M]: 0x00000000800015F8 (0x7FFF0F37) lui t5, 0x7fff0
x30 <- 0x000000007FFF0000

mem[X,0x00000000800015FC] -> 0x0F13
mem[X,0x00000000800015FE] -> 0x007F
[1412] [M]: 0x00000000800015FC (0x007F0F13) addi t5, t5, 0x7
x30 <- 0x000000007FFF0007

mem[X,0x0000000080001600] -> 0x1F13
mem[X,0x0000000080001602] -> 0x00BF
[1413] [M]: 0x0000000080001600 (0x00BF1F13) slli t5, t5, 0xb
x30 <- 0x000003FFF8003800

mem[X,0x0000000080001604] -> 0x0F13
mem[X,0x0000000080001606] -> 0x6FFF
[1414] [M]: 0x0000000080001604 (0x6FFF0F13) addi t5, t5, 0x6ff
x30 <- 0x000003FFF8003EFF

mem[X,0x0000000080001608] -> 0x1F13
mem[X,0x000000008000160A] -> 0x00BF
[1415] [M]: 0x0000000080001608 (0x00BF1F13) slli t5, t5, 0xb
x30 <- 0x001FFFC001F7F800

mem[X,0x000000008000160C] -> 0x0F13
mem[X,0x000000008000160E] -> 0x7C0F
[1416] [M]: 0x000000008000160C (0x7C0F0F13) addi t5, t5, 0x7c0
x30 <- 0x001FFFC001F7FFC0

mem[X,0x0000000080001610] -> 0x1F13
mem[X,0x0000000080001612] -> 0x00AF
[1417] [M]: 0x0000000080001610 (0x00AF1F13) slli t5, t5, 0xa
x30 <- 0x7FFF0007DFFF0000

mem[X,0x0000000080001614] -> 0x0F13
mem[X,0x0000000080001616] -> 0x007F
[1418] [M]: 0x0000000080001614 (0x007F0F13) addi t5, t5, 0x7
x30 <- 0x7FFF0007DFFF0007

mem[X,0x0000000080001618] -> 0x0EB7
mem[X,0x000000008000161A] -> 0xFFFA
[1419] [M]: 0x0000000080001618 (0xFFFA0EB7) lui t4, -0x60
x29 <- 0xFFFFFFFFFFFA0000

mem[X,0x000000008000161C] -> 0x8E93
mem[X,0x000000008000161E] -> 0xFDFE
[1420] [M]: 0x000000008000161C (0xFDFE8E93) addi t4, t4, -0x21
x29 <- 0xFFFFFFFFFFF9FFDF

mem[X,0x0000000080001620] -> 0x9E93
mem[X,0x0000000080001622] -> 0x00BE
[1421] [M]: 0x0000000080001620 (0x00BE9E93) slli t4, t4, 0xb
x29 <- 0xFFFFFFFFCFFEF800

mem[X,0x0000000080001624] -> 0x8E93
mem[X,0x0000000080001626] -> 0x008E
[1422] [M]: 0x0000000080001624 (0x008E8E93) addi t4, t4, 0x8
x29 <- 0xFFFFFFFFCFFEF808

mem[X,0x0000000080001628] -> 0x9E93
mem[X,0x000000008000162A] -> 0x00BE
[1423] [M]: 0x0000000080001628 (0x00BE9E93) slli t4, t4, 0xb
x29 <- 0xFFFFFE7FF7C04000

mem[X,0x000000008000162C] -> 0x8E93
mem[X,0x000000008000162E] -> 0x03FE
[1424] [M]: 0x000000008000162C (0x03FE8E93) addi t4, t4, 0x3f
x29 <- 0xFFFFFE7FF7C0403F

mem[X,0x0000000080001630] -> 0x9E93
mem[X,0x0000000080001632] -> 0x00AE
[1425] [M]: 0x0000000080001630 (0x00AE9E93) slli t4, t4, 0xa
x29 <- 0xFFF9FFDF0100FC00

mem[X,0x0000000080001634] -> 0x8E93
mem[X,0x0000000080001636] -> 0x3F7E
[1426] [M]: 0x0000000080001634 (0x3F7E8E93) addi t4, t4, 0x3f7
x29 <- 0xFFF9FFDF0100FFF7

mem[X,0x0000000080001638] -> 0x7FBB
mem[X,0x000000008000163A] -> 0xA9DF
[1427] [M]: 0x0000000080001638 (0xA9DF7FBB) pmhacc.h.be t6, t5, t4
x31 <- 0x2002FFDC04020004

mem[X,0x000000008000163C] -> 0x3023
mem[X,0x000000008000163E] -> 0x17F1
[1428] [M]: 0x000000008000163C (0x17F13023) sd t6, 0x160(sp)
mem[0x0000000080004360] <- 0x2002FFDC04020004

mem[X,0x0000000080001640] -> 0x0F37
mem[X,0x0000000080001642] -> 0x4000
[1429] [M]: 0x0000000080001640 (0x40000F37) lui t5, 0x40000
x30 <- 0x0000000040000000

mem[X,0x0000000080001644] -> 0x0F13
mem[X,0x0000000080001646] -> 0x020F
[1430] [M]: 0x0000000080001644 (0x020F0F13) addi t5, t5, 0x20
x30 <- 0x0000000040000020

mem[X,0x0000000080001648] -> 0x1F13
mem[X,0x000000008000164A] -> 0x00BF
[1431] [M]: 0x0000000080001648 (0x00BF1F13) slli t5, t5, 0xb
x30 <- 0x0000020000010000

mem[X,0x000000008000164C] -> 0x0F13
mem[X,0x000000008000164E] -> 0x7FFF
[1432] [M]: 0x000000008000164C (0x7FFF0F13) addi t5, t5, 0x7ff
x30 <- 0x00000200000107FF

mem[X,0x0000000080001650] -> 0x1F13
mem[X,0x0000000080001652] -> 0x00BF
[1433] [M]: 0x0000000080001650 (0x00BF1F13) slli t5, t5, 0xb
x30 <- 0x00100000083FF800

mem[X,0x0000000080001654] -> 0x0F13
mem[X,0x0000000080001656] -> 0x580F
[1434] [M]: 0x0000000080001654 (0x580F0F13) addi t5, t5, 0x580
x30 <- 0x00100000083FFD80

mem[X,0x0000000080001658] -> 0x1F13
mem[X,0x000000008000165A] -> 0x00AF
[1435] [M]: 0x0000000080001658 (0x00AF1F13) slli t5, t5, 0xa
x30 <- 0x40000020FFF60000

mem[X,0x000000008000165C] -> 0x0F13
mem[X,0x000000008000165E] -> 0x001F
[1436] [M]: 0x000000008000165C (0x001F0F13) addi t5, t5, 0x1
x30 <- 0x40000020FFF60001

mem[X,0x0000000080001660] -> 0x0EB7
mem[X,0x0000000080001662] -> 0x0020
[1437] [M]: 0x0000000080001660 (0x00200EB7) lui t4, 0x200
x29 <- 0x0000000000200000

mem[X,0x0000000080001664] -> 0x8E93
mem[X,0x0000000080001666] -> 0x100E
[1438] [M]: 0x0000000080001664 (0x100E8E93) addi t4, t4, 0x100
x29 <- 0x0000000000200100

mem[X,0x0000000080001668] -> 0x9E93
mem[X,0x000000008000166A] -> 0x00BE
[1439] [M]: 0x0000000080001668 (0x00BE9E93) slli t4, t4, 0xb
x29 <- 0x0000000100080000

mem[X,0x000000008000166C] -> 0x8E93
mem[X,0x000000008000166E] -> 0x010E
[1440] [M]: 0x000000008000166C (0x010E8E93) addi t4, t4, 0x10
x29 <- 0x0000000100080010

mem[X,0x0000000080001670] -> 0x9E93
mem[X,0x0000000080001672] -> 0x00BE
[1441] [M]: 0x0000000080001670 (0x00BE9E93) slli t4, t4, 0xb
x29 <- 0x0000080040008000

mem[X,0x0000000080001674] -> 0x8E93
mem[X,0x0000000080001676] -> 0x03FE
[1442] [M]: 0x0000000080001674 (0x03FE8E93) addi t4, t4, 0x3f
x29 <- 0x000008004000803F

mem[X,0x0000000080001678] -> 0x9E93
mem[X,0x000000008000167A] -> 0x00AE
[1443] [M]: 0x0000000080001678 (0x00AE9E93) slli t4, t4, 0xa
x29 <- 0x002001000200FC00

mem[X,0x000000008000167C] -> 0x8E93
mem[X,0x000000008000167E] -> 0x3FDE
[1444] [M]: 0x000000008000167C (0x3FDE8E93) addi t4, t4, 0x3fd
x29 <- 0x002001000200FFFD

mem[X,0x0000000080001680] -> 0x7FBB
mem[X,0x0000000080001682] -> 0xA9DF
[1445] [M]: 0x0000000080001680 (0xA9DF7FBB) pmhacc.h.be t6, t5, t4
x31 <- 0x200AFFDC04020003

mem[X,0x0000000080001684] -> 0x3423
mem[X,0x0000000080001686] -> 0x17F1
[1446] [M]: 0x0000000080001684 (0x17F13423) sd t6, 0x168(sp)
mem[0x0000000080004368] <- 0x200AFFDC04020003

mem[X,0x0000000080001688] -> 0x0F37
mem[X,0x000000008000168A] -> 0xFDFF
[1447] [M]: 0x0000000080001688 (0xFDFF0F37) lui t5, -0x2010
x30 <- 0xFFFFFFFFFDFF0000

mem[X,0x000000008000168C] -> 0x0F13
mem[X,0x000000008000168E] -> 0x020F
[1448] [M]: 0x000000008000168C (0x020F0F13) addi t5, t5, 0x20
x30 <- 0xFFFFFFFFFDFF0020

mem[X,0x0000000080001690] -> 0x1F13
mem[X,0x0000000080001692] -> 0x00BF
[1449] [M]: 0x0000000080001690 (0x00BF1F13) slli t5, t5, 0xb
x30 <- 0xFFFFFFEFF8010000

mem[X,0x0000000080001694] -> 0x0F13
mem[X,0x0000000080001696] -> 0x7BFF
[1450] [M]: 0x0000000080001694 (0x7BFF0F13) addi t5, t5, 0x7bf
x30 <- 0xFFFFFFEFF80107BF

mem[X,0x0000000080001698] -> 0x1F13
mem[X,0x000000008000169A] -> 0x00BF
[1451] [M]: 0x0000000080001698 (0x00BF1F13) slli t5, t5, 0xb
x30 <- 0xFFFF7FC0083DF800

mem[X,0x000000008000169C] -> 0x0F13
mem[X,0x000000008000169E] -> 0x7C0F
[1452] [M]: 0x000000008000169C (0x7C0F0F13) addi t5, t5, 0x7c0
x30 <- 0xFFFF7FC0083DFFC0

mem[X,0x00000000800016A0] -> 0x1F13
mem[X,0x00000000800016A2] -> 0x00AF
[1453] [M]: 0x00000000800016A0 (0x00AF1F13) slli t5, t5, 0xa
x30 <- 0xFDFF0020F7FF0000

mem[X,0x00000000800016A4] -> 0x0F13
mem[X,0x00000000800016A6] -> 0x001F
[1454] [M]: 0x00000000800016A4 (0x001F0F13) addi t5, t5, 0x1
x30 <- 0xFDFF0020F7FF0001

mem[X,0x00000000800016A8] -> 0x0EB7
mem[X,0x00000000800016AA] -> 0x0080
[1455] [M]: 0x00000000800016A8 (0x00800EB7) lui t4, 0x800
x29 <- 0x0000000000800000

mem[X,0x00000000800016AC] -> 0x8E93
mem[X,0x00000000800016AE] -> 0x009E
[1456] [M]: 0x00000000800016AC (0x009E8E93) addi t4, t4, 0x9
x29 <- 0x0000000000800009

mem[X,0x00000000800016B0] -> 0x9E93
mem[X,0x00000000800016B2] -> 0x00BE
[1457] [M]: 0x00000000800016B0 (0x00BE9E93) slli t4, t4, 0xb
x29 <- 0x0000000400004800

mem[X,0x00000000800016B4] -> 0x8E93
mem[X,0x00000000800016B6] -> 0x7FFE
[1458] [M]: 0x00000000800016B4 (0x7FFE8E93) addi t4, t4, 0x7ff
x29 <- 0x0000000400004FFF

mem[X,0x00000000800016B8] -> 0x9E93
mem[X,0x00000000800016BA] -> 0x00BE
[1459] [M]: 0x00000000800016B8 (0x00BE9E93) slli t4, t4, 0xb
x29 <- 0x00002000027FF800

mem[X,0x00000000800016BC] -> 0x8E93
mem[X,0x00000000800016BE] -> 0x740E
[1460] [M]: 0x00000000800016BC (0x740E8E93) addi t4, t4, 0x740
x29 <- 0x00002000027FFF40

mem[X,0x00000000800016C0] -> 0x9E93
mem[X,0x00000000800016C2] -> 0x00AE
[1461] [M]: 0x00000000800016C0 (0x00AE9E93) slli t4, t4, 0xa
x29 <- 0x00800009FFFD0000

mem[X,0x00000000800016C4] -> 0x8E93
mem[X,0x00000000800016C6] -> 0x002E
[1462] [M]: 0x00000000800016C4 (0x002E8E93) addi t4, t4, 0x2
x29 <- 0x00800009FFFD0002

mem[X,0x00000000800016C8] -> 0x7FBB
mem[X,0x00000000800016CA] -> 0xA9DF
[1463] [M]: 0x00000000800016C8 (0xA9DF7FBB) pmhacc.h.be t6, t5, t4
x31 <- 0x200BFFDC04020003

mem[X,0x00000000800016CC] -> 0x3823
mem[X,0x00000000800016CE] -> 0x17F1
[1464] [M]: 0x00000000800016CC (0x17F13823) sd t6, 0x170(sp)
mem[0x0000000080004370] <- 0x200BFFDC04020003

mem[X,0x00000000800016D0] -> 0x0F37
mem[X,0x00000000800016D2] -> 0xC001
[1465] [M]: 0x00000000800016D0 (0xC0010F37) lui t5, -0x3fff0
x30 <- 0xFFFFFFFFC0010000

mem[X,0x00000000800016D4] -> 0x0F13
mem[X,0x00000000800016D6] -> 0xFF7F
[1466] [M]: 0x00000000800016D4 (0xFF7F0F13) addi t5, t5, -0x9
x30 <- 0xFFFFFFFFC000FFF7

mem[X,0x00000000800016D8] -> 0x1F13
mem[X,0x00000000800016DA] -> 0x00BF
[1467] [M]: 0x00000000800016D8 (0x00BF1F13) slli t5, t5, 0xb
x30 <- 0xFFFFFE0007FFB800

mem[X,0x00000000800016DC] -> 0x0F13
mem[X,0x00000000800016DE] -> 0x600F
[1468] [M]: 0x00000000800016DC (0x600F0F13) addi t5, t5, 0x600
x30 <- 0xFFFFFE0007FFBE00

mem[X,0x00000000800016E0] -> 0x1F13
mem[X,0x00000000800016E2] -> 0x00BF
[1469] [M]: 0x00000000800016E0 (0x00BF1F13) slli t5, t5, 0xb
x30 <- 0xFFF0003FFDF00000

mem[X,0x00000000800016E4] -> 0x0F13
mem[X,0x00000000800016E6] -> 0x004F
[1470] [M]: 0x00000000800016E4 (0x004F0F13) addi t5, t5, 0x4
x30 <- 0xFFF0003FFDF00004

mem[X,0x00000000800016E8] -> 0x1F13
mem[X,0x00000000800016EA] -> 0x00AF
[1471] [M]: 0x00000000800016E8 (0x00AF1F13) slli t5, t5, 0xa
x30 <- 0xC000FFF7C0001000

mem[X,0x00000000800016EC] -> 0x0EB7
mem[X,0x00000000800016EE] -> 0x0003
[1472] [M]: 0x00000000800016EC (0x00030EB7) lui t4, 0x30
x29 <- 0x0000000000030000

mem[X,0x00000000800016F0] -> 0x8E93
mem[X,0x00000000800016F2] -> 0x003E
[1473] [M]: 0x00000000800016F0 (0x003E8E93) addi t4, t4, 0x3
x29 <- 0x0000000000030003

mem[X,0x00000000800016F4] -> 0x9E93
mem[X,0x00000000800016F6] -> 0x00BE
[1474] [M]: 0x00000000800016F4 (0x00BE9E93) slli t4, t4, 0xb
x29 <- 0x0000000018001800

mem[X,0x00000000800016F8] -> 0x8E93
mem[X,0x00000000800016FA] -> 0x040E
[1475] [M]: 0x00000000800016F8 (0x040E8E93) addi t4, t4, 0x40
x29 <- 0x0000000018001840

mem[X,0x00000000800016FC] -> 0x9E93
mem[X,0x00000000800016FE] -> 0x00BE
[1476] [M]: 0x00000000800016FC (0x00BE9E93) slli t4, t4, 0xb
x29 <- 0x000000C000C20000

mem[X,0x0000000080001700] -> 0x8E93
mem[X,0x0000000080001702] -> 0x000E
[1477] [M]: 0x0000000080001700 (0x000E8E93) addi t4, t4, 0x0
x29 <- 0x000000C000C20000

mem[X,0x0000000080001704] -> 0x9E93
mem[X,0x0000000080001706] -> 0x00AE
[1478] [M]: 0x0000000080001704 (0x00AE9E93) slli t4, t4, 0xa
x29 <- 0x0003000308000000

mem[X,0x0000000080001708] -> 0x8E93
mem[X,0x000000008000170A] -> 0x006E
[1479] [M]: 0x0000000080001708 (0x006E8E93) addi t4, t4, 0x6
x29 <- 0x0003000308000006

mem[X,0x000000008000170C] -> 0x7FBB
mem[X,0x000000008000170E] -> 0xA9DF
[1480] [M]: 0x000000008000170C (0xA9DF7FBB) pmhacc.h.be t6, t5, t4
x31 <- 0x200AFFDB04020003

mem[X,0x0000000080001710] -> 0x3C23
mem[X,0x0000000080001712] -> 0x17F1
[1481] [M]: 0x0000000080001710 (0x17F13C23) sd t6, 0x178(sp)
mem[0x0000000080004378] <- 0x200AFFDB04020003

mem[X,0x0000000080001714] -> 0x0F37
mem[X,0x0000000080001716] -> 0xFFC0
[1482] [M]: 0x0000000080001714 (0xFFC00F37) lui t5, -0x400
x30 <- 0xFFFFFFFFFFC00000

mem[X,0x0000000080001718] -> 0x0F13
mem[X,0x000000008000171A] -> 0xFF7F
[1483] [M]: 0x0000000080001718 (0xFF7F0F13) addi t5, t5, -0x9
x30 <- 0xFFFFFFFFFFBFFFF7

mem[X,0x000000008000171C] -> 0x1F13
mem[X,0x000000008000171E] -> 0x00BF
[1484] [M]: 0x000000008000171C (0x00BF1F13) slli t5, t5, 0xb
x30 <- 0xFFFFFFFDFFFFB800

mem[X,0x0000000080001720] -> 0x0F13
mem[X,0x0000000080001722] -> 0x7FEF
[1485] [M]: 0x0000000080001720 (0x7FEF0F13) addi t5, t5, 0x7fe
x30 <- 0xFFFFFFFDFFFFBFFE

mem[X,0x0000000080001724] -> 0x1F13
mem[X,0x0000000080001726] -> 0x00BF
[1486] [M]: 0x0000000080001724 (0x00BF1F13) slli t5, t5, 0xb
x30 <- 0xFFFFEFFFFDFFF000

mem[X,0x0000000080001728] -> 0x0F13
mem[X,0x000000008000172A] -> 0x7FFF
[1487] [M]: 0x0000000080001728 (0x7FFF0F13) addi t5, t5, 0x7ff
x30 <- 0xFFFFEFFFFDFFF7FF

mem[X,0x000000008000172C] -> 0x1F13
mem[X,0x000000008000172E] -> 0x00AF
[1488] [M]: 0x000000008000172C (0x00AF1F13) slli t5, t5, 0xa
x30 <- 0xFFBFFFF7FFDFFC00

mem[X,0x0000000080001730] -> 0x0F13
mem[X,0x0000000080001732] -> 0x3BFF
[1489] [M]: 0x0000000080001730 (0x3BFF0F13) addi t5, t5, 0x3bf
x30 <- 0xFFBFFFF7FFDFFFBF

mem[X,0x0000000080001734] -> 0x0EB7
mem[X,0x0000000080001736] -> 0xFE00
[1490] [M]: 0x0000000080001734 (0xFE000EB7) lui t4, -0x2000
x29 <- 0xFFFFFFFFFE000000

mem[X,0x0000000080001738] -> 0x8E93
mem[X,0x000000008000173A] -> 0xFDFE
[1491] [M]: 0x0000000080001738 (0xFDFE8E93) addi t4, t4, -0x21
x29 <- 0xFFFFFFFFFDFFFFDF

mem[X,0x000000008000173C] -> 0x9E93
mem[X,0x000000008000173E] -> 0x00BE
[1492] [M]: 0x000000008000173C (0x00BE9E93) slli t4, t4, 0xb
x29 <- 0xFFFFFFEFFFFEF800

mem[X,0x0000000080001740] -> 0x8E93
mem[X,0x0000000080001742] -> 0x080E
[1493] [M]: 0x0000000080001740 (0x080E8E93) addi t4, t4, 0x80
x29 <- 0xFFFFFFEFFFFEF880

mem[X,0x0000000080001744] -> 0x9E93
mem[X,0x0000000080001746] -> 0x00BE
[1494] [M]: 0x0000000080001744 (0x00BE9E93) slli t4, t4, 0xb
x29 <- 0xFFFF7FFFF7C40000

mem[X,0x0000000080001748] -> 0x8E93
mem[X,0x000000008000174A] -> 0x03FE
[1495] [M]: 0x0000000080001748 (0x03FE8E93) addi t4, t4, 0x3f
x29 <- 0xFFFF7FFFF7C4003F

mem[X,0x000000008000174C] -> 0x9E93
mem[X,0x000000008000174E] -> 0x00AE
[1496] [M]: 0x000000008000174C (0x00AE9E93) slli t4, t4, 0xa
x29 <- 0xFDFFFFDF1000FC00

mem[X,0x0000000080001750] -> 0x8E93
mem[X,0x0000000080001752] -> 0x3EFE
[1497] [M]: 0x0000000080001750 (0x3EFE8E93) addi t4, t4, 0x3ef
x29 <- 0xFDFFFFDF1000FFEF

mem[X,0x0000000080001754] -> 0x7FBB
mem[X,0x0000000080001756] -> 0xA9DF
[1498] [M]: 0x0000000080001754 (0xA9DF7FBB) pmhacc.h.be t6, t5, t4
x31 <- 0x200AFFDB04020003

mem[X,0x0000000080001758] -> 0x3023
mem[X,0x000000008000175A] -> 0x19F1
[1499] [M]: 0x0000000080001758 (0x19F13023) sd t6, 0x180(sp)
mem[0x0000000080004380] <- 0x200AFFDB04020003

clint::tick mtime <- 0x000000000000000F
 clint timer pending at mtime 0x000000000000000F
htif::tick 0x0000000000000000
mem[X,0x000000008000175C] -> 0xBF37
mem[X,0x000000008000175E] -> 0x0080
[1500] [M]: 0x000000008000175C (0x0080BF37) lui t5, 0x80b
x30 <- 0x000000000080B000

mem[X,0x0000000080001760] -> 0x0F13
mem[X,0x0000000080001762] -> 0xAAAF
[1501] [M]: 0x0000000080001760 (0xAAAF0F13) addi t5, t5, -0x556
x30 <- 0x000000000080AAAA

mem[X,0x0000000080001764] -> 0x1F13
mem[X,0x0000000080001766] -> 0x00BF
[1502] [M]: 0x0000000080001764 (0x00BF1F13) slli t5, t5, 0xb
x30 <- 0x0000000405555000

mem[X,0x0000000080001768] -> 0x0F13
mem[X,0x000000008000176A] -> 0x5FFF
[1503] [M]: 0x0000000080001768 (0x5FFF0F13) addi t5, t5, 0x5ff
x30 <- 0x00000004055555FF

mem[X,0x000000008000176C] -> 0x1F13
mem[X,0x000000008000176E] -> 0x00BF
[1504] [M]: 0x000000008000176C (0x00BF1F13) slli t5, t5, 0xb
x30 <- 0x0000202AAAAFF800

mem[X,0x0000000080001770] -> 0x0F13
mem[X,0x0000000080001772] -> 0x7C1F
[1505] [M]: 0x0000000080001770 (0x7C1F0F13) addi t5, t5, 0x7c1
x30 <- 0x0000202AAAAFFFC1

mem[X,0x0000000080001774] -> 0x1F13
mem[X,0x0000000080001776] -> 0x00AF
[1506] [M]: 0x0000000080001774 (0x00AF1F13) slli t5, t5, 0xa
x30 <- 0x0080AAAABFFF0400

mem[X,0x0000000080001778] -> 0x0EB7
mem[X,0x000000008000177A] -> 0xFFE0
[1507] [M]: 0x0000000080001778 (0xFFE00EB7) lui t4, -0x200
x29 <- 0xFFFFFFFFFFE00000

mem[X,0x000000008000177C] -> 0x8E93
mem[X,0x000000008000177E] -> 0xDFFE
[1508] [M]: 0x000000008000177C (0xDFFE8E93) addi t4, t4, -0x201
x29 <- 0xFFFFFFFFFFDFFDFF

mem[X,0x0000000080001780] -> 0x9E93
mem[X,0x0000000080001782] -> 0x00BE
[1509] [M]: 0x0000000080001780 (0x00BE9E93) slli t4, t4, 0xb
x29 <- 0xFFFFFFFEFFEFF800

mem[X,0x0000000080001784] -> 0x8E93
mem[X,0x0000000080001786] -> 0x000E
[1510] [M]: 0x0000000080001784 (0x000E8E93) addi t4, t4, 0x0
x29 <- 0xFFFFFFFEFFEFF800

mem[X,0x0000000080001788] -> 0x9E93
mem[X,0x000000008000178A] -> 0x00BE
[1511] [M]: 0x0000000080001788 (0x00BE9E93) slli t4, t4, 0xb
x29 <- 0xFFFFF7FF7FC00000

mem[X,0x000000008000178C] -> 0x8E93
mem[X,0x000000008000178E] -> 0x0C0E
[1512] [M]: 0x000000008000178C (0x0C0E8E93) addi t4, t4, 0xc0
x29 <- 0xFFFFF7FF7FC000C0

mem[X,0x0000000080001790] -> 0x9E93
mem[X,0x0000000080001792] -> 0x00AE
[1513] [M]: 0x0000000080001790 (0x00AE9E93) slli t4, t4, 0xa
x29 <- 0xFFDFFDFF00030000

mem[X,0x0000000080001794] -> 0x8E93
mem[X,0x0000000080001796] -> 0x007E
[1514] [M]: 0x0000000080001794 (0x007E8E93) addi t4, t4, 0x7
x29 <- 0xFFDFFDFF00030007

mem[X,0x0000000080001798] -> 0x7FBB
mem[X,0x000000008000179A] -> 0xA9DF
[1515] [M]: 0x0000000080001798 (0xA9DF7FBB) pmhacc.h.be t6, t5, t4
x31 <- 0x2009FFDB04010003

mem[X,0x000000008000179C] -> 0x3423
mem[X,0x000000008000179E] -> 0x19F1
[1516] [M]: 0x000000008000179C (0x19F13423) sd t6, 0x188(sp)
mem[0x0000000080004388] <- 0x2009FFDB04010003

mem[X,0x00000000800017A0] -> 0x0F37
mem[X,0x00000000800017A2] -> 0x000A
[1517] [M]: 0x00000000800017A0 (0x000A0F37) lui t5, 0xa0
x30 <- 0x00000000000A0000

mem[X,0x00000000800017A4] -> 0x0F13
mem[X,0x00000000800017A6] -> 0xFFDF
[1518] [M]: 0x00000000800017A4 (0xFFDF0F13) addi t5, t5, -0x3
x30 <- 0x000000000009FFFD

mem[X,0x00000000800017A8] -> 0x1F13
mem[X,0x00000000800017AA] -> 0x00BF
[1519] [M]: 0x00000000800017A8 (0x00BF1F13) slli t5, t5, 0xb
x30 <- 0x000000004FFFE800

mem[X,0x00000000800017AC] -> 0x0F13
mem[X,0x00000000800017AE] -> 0x7FFF
[1520] [M]: 0x00000000800017AC (0x7FFF0F13) addi t5, t5, 0x7ff
x30 <- 0x000000004FFFEFFF

mem[X,0x00000000800017B0] -> 0x1F13
mem[X,0x00000000800017B2] -> 0x00BF
[1521] [M]: 0x00000000800017B0 (0x00BF1F13) slli t5, t5, 0xb
x30 <- 0x0000027FFF7FF800

mem[X,0x00000000800017B4] -> 0x0F13
mem[X,0x00000000800017B6] -> 0x640F
[1522] [M]: 0x00000000800017B4 (0x640F0F13) addi t5, t5, 0x640
x30 <- 0x0000027FFF7FFE40

mem[X,0x00000000800017B8] -> 0x1F13
mem[X,0x00000000800017BA] -> 0x00AF
[1523] [M]: 0x00000000800017B8 (0x00AF1F13) slli t5, t5, 0xa
x30 <- 0x0009FFFDFFF90000

mem[X,0x00000000800017BC] -> 0x0F13
mem[X,0x00000000800017BE] -> 0x005F
[1524] [M]: 0x00000000800017BC (0x005F0F13) addi t5, t5, 0x5
x30 <- 0x0009FFFDFFF90005

mem[X,0x00000000800017C0] -> 0x0EB7
mem[X,0x00000000800017C2] -> 0x8000
[1525] [M]: 0x00000000800017C0 (0x80000EB7) lui t4, -0x80000
x29 <- 0xFFFFFFFF80000000

mem[X,0x00000000800017C4] -> 0x8E93
mem[X,0x00000000800017C6] -> 0xFFEE
[1526] [M]: 0x00000000800017C4 (0xFFEE8E93) addi t4, t4, -0x2
x29 <- 0xFFFFFFFF7FFFFFFE

mem[X,0x00000000800017C8] -> 0x9E93
mem[X,0x00000000800017CA] -> 0x00BE
[1527] [M]: 0x00000000800017C8 (0x00BE9E93) slli t4, t4, 0xb
x29 <- 0xFFFFFBFFFFFFF000

mem[X,0x00000000800017CC] -> 0x8E93
mem[X,0x00000000800017CE] -> 0x100E
[1528] [M]: 0x00000000800017CC (0x100E8E93) addi t4, t4, 0x100
x29 <- 0xFFFFFBFFFFFFF100

mem[X,0x00000000800017D0] -> 0x9E93
mem[X,0x00000000800017D2] -> 0x00BE
[1529] [M]: 0x00000000800017D0 (0x00BE9E93) slli t4, t4, 0xb
x29 <- 0xFFDFFFFFFF880000

mem[X,0x00000000800017D4] -> 0x8E93
mem[X,0x00000000800017D6] -> 0x004E
[1530] [M]: 0x00000000800017D4 (0x004E8E93) addi t4, t4, 0x4
x29 <- 0xFFDFFFFFFF880004

mem[X,0x00000000800017D8] -> 0x9E93
mem[X,0x00000000800017DA] -> 0x00AE
[1531] [M]: 0x00000000800017D8 (0x00AE9E93) slli t4, t4, 0xa
x29 <- 0x7FFFFFFE20001000

mem[X,0x00000000800017DC] -> 0x7FBB
mem[X,0x00000000800017DE] -> 0xA9DF
[1532] [M]: 0x00000000800017DC (0xA9DF7FBB) pmhacc.h.be t6, t5, t4
x31 <- 0x2008FFDB04010003

mem[X,0x00000000800017E0] -> 0x3823
mem[X,0x00000000800017E2] -> 0x19F1
[1533] [M]: 0x00000000800017E0 (0x19F13823) sd t6, 0x190(sp)
mem[0x0000000080004390] <- 0x2008FFDB04010003

mem[X,0x00000000800017E4] -> 0x0F37
mem[X,0x00000000800017E6] -> 0x4000
[1534] [M]: 0x00000000800017E4 (0x40000F37) lui t5, 0x40000
x30 <- 0x0000000040000000

mem[X,0x00000000800017E8] -> 0x0F13
mem[X,0x00000000800017EA] -> 0xFFCF
[1535] [M]: 0x00000000800017E8 (0xFFCF0F13) addi t5, t5, -0x4
x30 <- 0x000000003FFFFFFC

mem[X,0x00000000800017EC] -> 0x1F13
mem[X,0x00000000800017EE] -> 0x00BF
[1536] [M]: 0x00000000800017EC (0x00BF1F13) slli t5, t5, 0xb
x30 <- 0x000001FFFFFFE000

mem[X,0x00000000800017F0] -> 0x0F13
mem[X,0x00000000800017F2] -> 0x555F
[1537] [M]: 0x00000000800017F0 (0x555F0F13) addi t5, t5, 0x555
x30 <- 0x000001FFFFFFE555

mem[X,0x00000000800017F4] -> 0x1F13
mem[X,0x00000000800017F6] -> 0x00BF
[1538] [M]: 0x00000000800017F4 (0x00BF1F13) slli t5, t5, 0xb
x30 <- 0x000FFFFFFF2AA800

mem[X,0x00000000800017F8] -> 0x0F13
mem[X,0x00000000800017FA] -> 0x2BFF
[1539] [M]: 0x00000000800017F8 (0x2BFF0F13) addi t5, t5, 0x2bf
x30 <- 0x000FFFFFFF2AAABF

mem[X,0x00000000800017FC] -> 0x1F13
mem[X,0x00000000800017FE] -> 0x00AF
[1540] [M]: 0x00000000800017FC (0x00AF1F13) slli t5, t5, 0xa
x30 <- 0x3FFFFFFCAAAAFC00

mem[X,0x0000000080001800] -> 0x0F13
mem[X,0x0000000080001802] -> 0x3F8F
[1541] [M]: 0x0000000080001800 (0x3F8F0F13) addi t5, t5, 0x3f8
x30 <- 0x3FFFFFFCAAAAFFF8

mem[X,0x0000000080001804] -> 0xCEB7
mem[X,0x0000000080001806] -> 0xFFFC
[1542] [M]: 0x0000000080001804 (0xFFFCCEB7) lui t4, -0x34
x29 <- 0xFFFFFFFFFFFCC000

mem[X,0x0000000080001808] -> 0x8E93
mem[X,0x000000008000180A] -> 0xFFFE
[1543] [M]: 0x0000000080001808 (0xFFFE8E93) addi t4, t4, -0x1
x29 <- 0xFFFFFFFFFFFCBFFF

mem[X,0x000000008000180C] -> 0x9E93
mem[X,0x000000008000180E] -> 0x00BE
[1544] [M]: 0x000000008000180C (0x00BE9E93) slli t4, t4, 0xb
x29 <- 0xFFFFFFFFE5FFF800

mem[X,0x0000000080001810] -> 0x8E93
mem[X,0x0000000080001812] -> 0x7FFE
[1545] [M]: 0x0000000080001810 (0x7FFE8E93) addi t4, t4, 0x7ff
x29 <- 0xFFFFFFFFE5FFFFFF

mem[X,0x0000000080001814] -> 0x9E93
mem[X,0x0000000080001816] -> 0x00BE
[1546] [M]: 0x0000000080001814 (0x00BE9E93) slli t4, t4, 0xb
x29 <- 0xFFFFFF2FFFFFF800

mem[X,0x0000000080001818] -> 0x8E93
mem[X,0x000000008000181A] -> 0x7C0E
[1547] [M]: 0x0000000080001818 (0x7C0E8E93) addi t4, t4, 0x7c0
x29 <- 0xFFFFFF2FFFFFFFC0

mem[X,0x000000008000181C] -> 0x9E93
mem[X,0x000000008000181E] -> 0x00AE
[1548] [M]: 0x000000008000181C (0x00AE9E93) slli t4, t4, 0xa
x29 <- 0xFFFCBFFFFFFF0000

mem[X,0x0000000080001820] -> 0x8E93
mem[X,0x0000000080001822] -> 0x080E
[1549] [M]: 0x0000000080001820 (0x080E8E93) addi t4, t4, 0x80
x29 <- 0xFFFCBFFFFFFF0080

mem[X,0x0000000080001824] -> 0x7FBB
mem[X,0x0000000080001826] -> 0xA9DF
[1550] [M]: 0x0000000080001824 (0xA9DF7FBB) pmhacc.h.be t6, t5, t4
x31 <- 0x2007FFDB04010003

mem[X,0x0000000080001828] -> 0x3C23
mem[X,0x000000008000182A] -> 0x19F1
[1551] [M]: 0x0000000080001828 (0x19F13C23) sd t6, 0x198(sp)
mem[0x0000000080004398] <- 0x2007FFDB04010003

mem[X,0x000000008000182C] -> 0x1F37
mem[X,0x000000008000182E] -> 0x4000
[1552] [M]: 0x000000008000182C (0x40001F37) lui t5, 0x40001
x30 <- 0x0000000040001000

mem[X,0x0000000080001830] -> 0x0F13
mem[X,0x0000000080001832] -> 0x800F
[1553] [M]: 0x0000000080001830 (0x800F0F13) addi t5, t5, -0x800
x30 <- 0x0000000040000800

mem[X,0x0000000080001834] -> 0x1F13
mem[X,0x0000000080001836] -> 0x00BF
[1554] [M]: 0x0000000080001834 (0x00BF1F13) slli t5, t5, 0xb
x30 <- 0x0000020000400000

mem[X,0x0000000080001838] -> 0x0F13
mem[X,0x000000008000183A] -> 0x7FFF
[1555] [M]: 0x0000000080001838 (0x7FFF0F13) addi t5, t5, 0x7ff
x30 <- 0x00000200004007FF

mem[X,0x000000008000183C] -> 0x1F13
mem[X,0x000000008000183E] -> 0x00BF
[1556] [M]: 0x000000008000183C (0x00BF1F13) slli t5, t5, 0xb
x30 <- 0x00100002003FF800

mem[X,0x0000000080001840] -> 0x0F13
mem[X,0x0000000080001842] -> 0x5CFF
[1557] [M]: 0x0000000080001840 (0x5CFF0F13) addi t5, t5, 0x5cf
x30 <- 0x00100002003FFDCF

mem[X,0x0000000080001844] -> 0x1F13
mem[X,0x0000000080001846] -> 0x00AF
[1558] [M]: 0x0000000080001844 (0x00AF1F13) slli t5, t5, 0xa
x30 <- 0x40000800FFF73C00

mem[X,0x0000000080001848] -> 0x0F13
mem[X,0x000000008000184A] -> 0x3FFF
[1559] [M]: 0x0000000080001848 (0x3FFF0F13) addi t5, t5, 0x3ff
x30 <- 0x40000800FFF73FFF

mem[X,0x000000008000184C] -> 0x0EB7
mem[X,0x000000008000184E] -> 0xFFFB
[1560] [M]: 0x000000008000184C (0xFFFB0EB7) lui t4, -0x50
x29 <- 0xFFFFFFFFFFFB0000

mem[X,0x0000000080001850] -> 0x8E93
mem[X,0x0000000080001852] -> 0x007E
[1561] [M]: 0x0000000080001850 (0x007E8E93) addi t4, t4, 0x7
x29 <- 0xFFFFFFFFFFFB0007

mem[X,0x0000000080001854] -> 0x9E93
mem[X,0x0000000080001856] -> 0x00BE
[1562] [M]: 0x0000000080001854 (0x00BE9E93) slli t4, t4, 0xb
x29 <- 0xFFFFFFFFD8003800

mem[X,0x0000000080001858] -> 0x8E93
mem[X,0x000000008000185A] -> 0x7FFE
[1563] [M]: 0x0000000080001858 (0x7FFE8E93) addi t4, t4, 0x7ff
x29 <- 0xFFFFFFFFD8003FFF

mem[X,0x000000008000185C] -> 0x9E93
mem[X,0x000000008000185E] -> 0x00BE
[1564] [M]: 0x000000008000185C (0x00BE9E93) slli t4, t4, 0xb
x29 <- 0xFFFFFEC001FFF800

mem[X,0x0000000080001860] -> 0x8E93
mem[X,0x0000000080001862] -> 0x6FFE
[1565] [M]: 0x0000000080001860 (0x6FFE8E93) addi t4, t4, 0x6ff
x29 <- 0xFFFFFEC001FFFEFF

mem[X,0x0000000080001864] -> 0x9E93
mem[X,0x0000000080001866] -> 0x00AE
[1566] [M]: 0x0000000080001864 (0x00AE9E93) slli t4, t4, 0xa
x29 <- 0xFFFB0007FFFBFC00

mem[X,0x0000000080001868] -> 0x8E93
mem[X,0x000000008000186A] -> 0x3EFE
[1567] [M]: 0x0000000080001868 (0x3EFE8E93) addi t4, t4, 0x3ef
x29 <- 0xFFFB0007FFFBFFEF

mem[X,0x000000008000186C] -> 0x7FBB
mem[X,0x000000008000186E] -> 0xA9DF
[1568] [M]: 0x000000008000186C (0xA9DF7FBB) pmhacc.h.be t6, t5, t4
x31 <- 0x2005FFDB0401FFFE

mem[X,0x0000000080001870] -> 0x3023
mem[X,0x0000000080001872] -> 0x1BF1
[1569] [M]: 0x0000000080001870 (0x1BF13023) sd t6, 0x1a0(sp)
mem[0x00000000800043A0] <- 0x2005FFDB0401FFFE

mem[X,0x0000000080001874] -> 0x0F37
mem[X,0x0000000080001876] -> 0x0003
[1570] [M]: 0x0000000080001874 (0x00030F37) lui t5, 0x30
x30 <- 0x0000000000030000

mem[X,0x0000000080001878] -> 0x0F13
mem[X,0x000000008000187A] -> 0x001F
[1571] [M]: 0x0000000080001878 (0x001F0F13) addi t5, t5, 0x1
x30 <- 0x0000000000030001

mem[X,0x000000008000187C] -> 0x1F13
mem[X,0x000000008000187E] -> 0x00BF
[1572] [M]: 0x000000008000187C (0x00BF1F13) slli t5, t5, 0xb
x30 <- 0x0000000018000800

mem[X,0x0000000080001880] -> 0x0F13
mem[X,0x0000000080001882] -> 0x000F
[1573] [M]: 0x0000000080001880 (0x000F0F13) addi t5, t5, 0x0
x30 <- 0x0000000018000800

mem[X,0x0000000080001884] -> 0x1F13
mem[X,0x0000000080001886] -> 0x00BF
[1574] [M]: 0x0000000080001884 (0x00BF1F13) slli t5, t5, 0xb
x30 <- 0x000000C000400000

mem[X,0x0000000080001888] -> 0x0F13
mem[X,0x000000008000188A] -> 0x000F
[1575] [M]: 0x0000000080001888 (0x000F0F13) addi t5, t5, 0x0
x30 <- 0x000000C000400000

mem[X,0x000000008000188C] -> 0x1F13
mem[X,0x000000008000188E] -> 0x00AF
[1576] [M]: 0x000000008000188C (0x00AF1F13) slli t5, t5, 0xa
x30 <- 0x0003000100000000

mem[X,0x0000000080001890] -> 0x0F13
mem[X,0x0000000080001892] -> 0x006F
[1577] [M]: 0x0000000080001890 (0x006F0F13) addi t5, t5, 0x6
x30 <- 0x0003000100000006

mem[X,0x0000000080001894] -> 0x0EB7
mem[X,0x0000000080001896] -> 0xFFFC
[1578] [M]: 0x0000000080001894 (0xFFFC0EB7) lui t4, -0x40
x29 <- 0xFFFFFFFFFFFC0000

mem[X,0x0000000080001898] -> 0x8E93
mem[X,0x000000008000189A] -> 0xEFFE
[1579] [M]: 0x0000000080001898 (0xEFFE8E93) addi t4, t4, -0x101
x29 <- 0xFFFFFFFFFFFBFEFF

mem[X,0x000000008000189C] -> 0x9E93
mem[X,0x000000008000189E] -> 0x00BE
[1580] [M]: 0x000000008000189C (0x00BE9E93) slli t4, t4, 0xb
x29 <- 0xFFFFFFFFDFF7F800

mem[X,0x00000000800018A0] -> 0x8E93
mem[X,0x00000000800018A2] -> 0x7FFE
[1581] [M]: 0x00000000800018A0 (0x7FFE8E93) addi t4, t4, 0x7ff
x29 <- 0xFFFFFFFFDFF7FFFF

mem[X,0x00000000800018A4] -> 0x9E93
mem[X,0x00000000800018A6] -> 0x00BE
[1582] [M]: 0x00000000800018A4 (0x00BE9E93) slli t4, t4, 0xb
x29 <- 0xFFFFFEFFBFFFF800

mem[X,0x00000000800018A8] -> 0x8E93
mem[X,0x00000000800018AA] -> 0x3C0E
[1583] [M]: 0x00000000800018A8 (0x3C0E8E93) addi t4, t4, 0x3c0
x29 <- 0xFFFFFEFFBFFFFBC0

mem[X,0x00000000800018AC] -> 0x9E93
mem[X,0x00000000800018AE] -> 0x00AE
[1584] [M]: 0x00000000800018AC (0x00AE9E93) slli t4, t4, 0xa
x29 <- 0xFFFBFEFFFFEF0000

mem[X,0x00000000800018B0] -> 0x8E93
mem[X,0x00000000800018B2] -> 0x006E
[1585] [M]: 0x00000000800018B0 (0x006E8E93) addi t4, t4, 0x6
x29 <- 0xFFFBFEFFFFEF0006

mem[X,0x00000000800018B4] -> 0x7FBB
mem[X,0x00000000800018B6] -> 0xA9DF
[1586] [M]: 0x00000000800018B4 (0xA9DF7FBB) pmhacc.h.be t6, t5, t4
x31 <- 0x2004FFDA0401FFFE

mem[X,0x00000000800018B8] -> 0x3423
mem[X,0x00000000800018BA] -> 0x1BF1
[1587] [M]: 0x00000000800018B8 (0x1BF13423) sd t6, 0x1a8(sp)
mem[0x00000000800043A8] <- 0x2004FFDA0401FFFE

mem[X,0x00000000800018BC] -> 0x0F37
mem[X,0x00000000800018BE] -> 0xBFFF
[1588] [M]: 0x00000000800018BC (0xBFFF0F37) lui t5, -0x40010
x30 <- 0xFFFFFFFFBFFF0000

mem[X,0x00000000800018C0] -> 0x0F13
mem[X,0x00000000800018C2] -> 0x010F
[1589] [M]: 0x00000000800018C0 (0x010F0F13) addi t5, t5, 0x10
x30 <- 0xFFFFFFFFBFFF0010

mem[X,0x00000000800018C4] -> 0x1F13
mem[X,0x00000000800018C6] -> 0x00BF
[1590] [M]: 0x00000000800018C4 (0x00BF1F13) slli t5, t5, 0xb
x30 <- 0xFFFFFDFFF8008000

mem[X,0x00000000800018C8] -> 0x0F13
mem[X,0x00000000800018CA] -> 0x008F
[1591] [M]: 0x00000000800018C8 (0x008F0F13) addi t5, t5, 0x8
x30 <- 0xFFFFFDFFF8008008

mem[X,0x00000000800018CC] -> 0x1F13
mem[X,0x00000000800018CE] -> 0x00BF
[1592] [M]: 0x00000000800018CC (0x00BF1F13) slli t5, t5, 0xb
x30 <- 0xFFEFFFC004004000

mem[X,0x00000000800018D0] -> 0x0F13
mem[X,0x00000000800018D2] -> 0x000F
[1593] [M]: 0x00000000800018D0 (0x000F0F13) addi t5, t5, 0x0
x30 <- 0xFFEFFFC004004000

mem[X,0x00000000800018D4] -> 0x1F13
mem[X,0x00000000800018D6] -> 0x00AF
[1594] [M]: 0x00000000800018D4 (0x00AF1F13) slli t5, t5, 0xa
x30 <- 0xBFFF001001000000

mem[X,0x00000000800018D8] -> 0x0F13
mem[X,0x00000000800018DA] -> 0x200F
[1595] [M]: 0x00000000800018D8 (0x200F0F13) addi t5, t5, 0x200
x30 <- 0xBFFF001001000200

mem[X,0x00000000800018DC] -> 0xCEB7
mem[X,0x00000000800018DE] -> 0x5555
[1596] [M]: 0x00000000800018DC (0x5555CEB7) lui t4, 0x5555c
x29 <- 0x000000005555C000

mem[X,0x00000000800018E0] -> 0x8E93
mem[X,0x00000000800018E2] -> 0xFFFE
[1597] [M]: 0x00000000800018E0 (0xFFFE8E93) addi t4, t4, -0x1
x29 <- 0x000000005555BFFF

mem[X,0x00000000800018E4] -> 0x9E93
mem[X,0x00000000800018E6] -> 0x00BE
[1598] [M]: 0x00000000800018E4 (0x00BE9E93) slli t4, t4, 0xb
x29 <- 0x000002AAADFFF800

mem[X,0x00000000800018E8] -> 0x8E93
mem[X,0x00000000800018EA] -> 0x000E
[1599] [M]: 0x00000000800018E8 (0x000E8E93) addi t4, t4, 0x0
x29 <- 0x000002AAADFFF800

clint::tick mtime <- 0x0000000000000010
 clint timer pending at mtime 0x0000000000000010
htif::tick 0x0000000000000000
mem[X,0x00000000800018EC] -> 0x9E93
mem[X,0x00000000800018EE] -> 0x00BE
[1600] [M]: 0x00000000800018EC (0x00BE9E93) slli t4, t4, 0xb
x29 <- 0x0015556FFFC00000

mem[X,0x00000000800018F0] -> 0x8E93
mem[X,0x00000000800018F2] -> 0x200E
[1601] [M]: 0x00000000800018F0 (0x200E8E93) addi t4, t4, 0x200
x29 <- 0x0015556FFFC00200

mem[X,0x00000000800018F4] -> 0x9E93
mem[X,0x00000000800018F6] -> 0x00AE
[1602] [M]: 0x00000000800018F4 (0x00AE9E93) slli t4, t4, 0xa
x29 <- 0x5555BFFF00080000

mem[X,0x00000000800018F8] -> 0x8E93
mem[X,0x00000000800018FA] -> 0x006E
[1603] [M]: 0x00000000800018F8 (0x006E8E93) addi t4, t4, 0x6
x29 <- 0x5555BFFF00080006

mem[X,0x00000000800018FC] -> 0x7FBB
mem[X,0x00000000800018FE] -> 0xA9DF
[1604] [M]: 0x00000000800018FC (0xA9DF7FBB) pmhacc.h.be t6, t5, t4
x31 <- 0x1FEEFFD90401FFFE

mem[X,0x0000000080001900] -> 0x3823
mem[X,0x0000000080001902] -> 0x1BF1
[1605] [M]: 0x0000000080001900 (0x1BF13823) sd t6, 0x1b0(sp)
mem[0x00000000800043B0] <- 0x1FEEFFD90401FFFE

mem[X,0x0000000080001904] -> 0x0F37
mem[X,0x0000000080001906] -> 0xFFFF
[1606] [M]: 0x0000000080001904 (0xFFFF0F37) lui t5, -0x10
x30 <- 0xFFFFFFFFFFFF0000

mem[X,0x0000000080001908] -> 0x0F13
mem[X,0x000000008000190A] -> 0x100F
[1607] [M]: 0x0000000080001908 (0x100F0F13) addi t5, t5, 0x100
x30 <- 0xFFFFFFFFFFFF0100

mem[X,0x000000008000190C] -> 0x1F13
mem[X,0x000000008000190E] -> 0x00BF
[1608] [M]: 0x000000008000190C (0x00BF1F13) slli t5, t5, 0xb
x30 <- 0xFFFFFFFFF8080000

mem[X,0x0000000080001910] -> 0x0F13
mem[X,0x0000000080001912] -> 0x200F
[1609] [M]: 0x0000000080001910 (0x200F0F13) addi t5, t5, 0x200
x30 <- 0xFFFFFFFFF8080200

mem[X,0x0000000080001914] -> 0x1F13
mem[X,0x0000000080001916] -> 0x00BF
[1610] [M]: 0x0000000080001914 (0x00BF1F13) slli t5, t5, 0xb
x30 <- 0xFFFFFFC040100000

mem[X,0x0000000080001918] -> 0x0F13
mem[X,0x000000008000191A] -> 0x030F
[1611] [M]: 0x0000000080001918 (0x030F0F13) addi t5, t5, 0x30
x30 <- 0xFFFFFFC040100030

mem[X,0x000000008000191C] -> 0x1F13
mem[X,0x000000008000191E] -> 0x00AF
[1612] [M]: 0x000000008000191C (0x00AF1F13) slli t5, t5, 0xa
x30 <- 0xFFFF01004000C000

mem[X,0x0000000080001920] -> 0x1EB7
mem[X,0x0000000080001922] -> 0xFFF8
[1613] [M]: 0x0000000080001920 (0xFFF81EB7) lui t4, -0x7f
x29 <- 0xFFFFFFFFFFF81000

mem[X,0x0000000080001924] -> 0x8E93
mem[X,0x0000000080001926] -> 0x800E
[1614] [M]: 0x0000000080001924 (0x800E8E93) addi t4, t4, -0x800
x29 <- 0xFFFFFFFFFFF80800

mem[X,0x0000000080001928] -> 0x9E93
mem[X,0x000000008000192A] -> 0x00BE
[1615] [M]: 0x0000000080001928 (0x00BE9E93) slli t4, t4, 0xb
x29 <- 0xFFFFFFFFC0400000

mem[X,0x000000008000192C] -> 0x8E93
mem[X,0x000000008000192E] -> 0x7BFE
[1616] [M]: 0x000000008000192C (0x7BFE8E93) addi t4, t4, 0x7bf
x29 <- 0xFFFFFFFFC04007BF

mem[X,0x0000000080001930] -> 0x9E93
mem[X,0x0000000080001932] -> 0x00BE
[1617] [M]: 0x0000000080001930 (0x00BE9E93) slli t4, t4, 0xb
x29 <- 0xFFFFFE02003DF800

mem[X,0x0000000080001934] -> 0x8E93
mem[X,0x0000000080001936] -> 0x7C0E
[1618] [M]: 0x0000000080001934 (0x7C0E8E93) addi t4, t4, 0x7c0
x29 <- 0xFFFFFE02003DFFC0

mem[X,0x0000000080001938] -> 0x9E93
mem[X,0x000000008000193A] -> 0x00AE
[1619] [M]: 0x0000000080001938 (0x00AE9E93) slli t4, t4, 0xa
x29 <- 0xFFF80800F7FF0000

mem[X,0x000000008000193C] -> 0x8E93
mem[X,0x000000008000193E] -> 0x200E
[1620] [M]: 0x000000008000193C (0x200E8E93) addi t4, t4, 0x200
x29 <- 0xFFF80800F7FF0200

mem[X,0x0000000080001940] -> 0x7FBB
mem[X,0x0000000080001942] -> 0xA9DF
[1621] [M]: 0x0000000080001940 (0xA9DF7FBB) pmhacc.h.be t6, t5, t4
x31 <- 0x1FEEFFD90400FFFE

mem[X,0x0000000080001944] -> 0x3C23
mem[X,0x0000000080001946] -> 0x1BF1
[1622] [M]: 0x0000000080001944 (0x1BF13C23) sd t6, 0x1b8(sp)
mem[0x00000000800043B8] <- 0x1FEEFFD90400FFFE

mem[X,0x0000000080001948] -> 0x0F37
mem[X,0x000000008000194A] -> 0xFDFF
[1623] [M]: 0x0000000080001948 (0xFDFF0F37) lui t5, -0x2010
x30 <- 0xFFFFFFFFFDFF0000

mem[X,0x000000008000194C] -> 0x0F13
mem[X,0x000000008000194E] -> 0x200F
[1624] [M]: 0x000000008000194C (0x200F0F13) addi t5, t5, 0x200
x30 <- 0xFFFFFFFFFDFF0200

mem[X,0x0000000080001950] -> 0x1F13
mem[X,0x0000000080001952] -> 0x00BF
[1625] [M]: 0x0000000080001950 (0x00BF1F13) slli t5, t5, 0xb
x30 <- 0xFFFFFFEFF8100000

mem[X,0x0000000080001954] -> 0x0F13
mem[X,0x0000000080001956] -> 0x600F
[1626] [M]: 0x0000000080001954 (0x600F0F13) addi t5, t5, 0x600
x30 <- 0xFFFFFFEFF8100600

mem[X,0x0000000080001958] -> 0x1F13
mem[X,0x000000008000195A] -> 0x00BF
[1627] [M]: 0x0000000080001958 (0x00BF1F13) slli t5, t5, 0xb
x30 <- 0xFFFF7FC080300000

mem[X,0x000000008000195C] -> 0x0F13
mem[X,0x000000008000195E] -> 0x000F
[1628] [M]: 0x000000008000195C (0x000F0F13) addi t5, t5, 0x0
x30 <- 0xFFFF7FC080300000

mem[X,0x0000000080001960] -> 0x1F13
mem[X,0x0000000080001962] -> 0x00AF
[1629] [M]: 0x0000000080001960 (0x00AF1F13) slli t5, t5, 0xa
x30 <- 0xFDFF0200C0000000

mem[X,0x0000000080001964] -> 0x0F13
mem[X,0x0000000080001966] -> 0x001F
[1630] [M]: 0x0000000080001964 (0x001F0F13) addi t5, t5, 0x1
x30 <- 0xFDFF0200C0000001

mem[X,0x0000000080001968] -> 0x0EB7
mem[X,0x000000008000196A] -> 0xFC00
[1631] [M]: 0x0000000080001968 (0xFC000EB7) lui t4, -0x4000
x29 <- 0xFFFFFFFFFC000000

mem[X,0x000000008000196C] -> 0x8E93
mem[X,0x000000008000196E] -> 0xFFAE
[1632] [M]: 0x000000008000196C (0xFFAE8E93) addi t4, t4, -0x6
x29 <- 0xFFFFFFFFFBFFFFFA

mem[X,0x0000000080001970] -> 0x9E93
mem[X,0x0000000080001972] -> 0x00BE
[1633] [M]: 0x0000000080001970 (0x00BE9E93) slli t4, t4, 0xb
x29 <- 0xFFFFFFDFFFFFD000

mem[X,0x0000000080001974] -> 0x8E93
mem[X,0x0000000080001976] -> 0x7FFE
[1634] [M]: 0x0000000080001974 (0x7FFE8E93) addi t4, t4, 0x7ff
x29 <- 0xFFFFFFDFFFFFD7FF

mem[X,0x0000000080001978] -> 0x9E93
mem[X,0x000000008000197A] -> 0x00BE
[1635] [M]: 0x0000000080001978 (0x00BE9E93) slli t4, t4, 0xb
x29 <- 0xFFFEFFFFFEBFF800

mem[X,0x000000008000197C] -> 0x8E93
mem[X,0x000000008000197E] -> 0x6FFE
[1636] [M]: 0x000000008000197C (0x6FFE8E93) addi t4, t4, 0x6ff
x29 <- 0xFFFEFFFFFEBFFEFF

mem[X,0x0000000080001980] -> 0x9E93
mem[X,0x0000000080001982] -> 0x00AE
[1637] [M]: 0x0000000080001980 (0x00AE9E93) slli t4, t4, 0xa
x29 <- 0xFBFFFFFAFFFBFC00

mem[X,0x0000000080001984] -> 0x8E93
mem[X,0x0000000080001986] -> 0x3FAE
[1638] [M]: 0x0000000080001984 (0x3FAE8E93) addi t4, t4, 0x3fa
x29 <- 0xFBFFFFFAFFFBFFFA

mem[X,0x0000000080001988] -> 0x7FBB
mem[X,0x000000008000198A] -> 0xA9DF
[1639] [M]: 0x0000000080001988 (0xA9DF7FBB) pmhacc.h.be t6, t5, t4
x31 <- 0x1FEEFFD80401FFFD

mem[X,0x000000008000198C] -> 0x3023
mem[X,0x000000008000198E] -> 0x1DF1
[1640] [M]: 0x000000008000198C (0x1DF13023) sd t6, 0x1c0(sp)
mem[0x00000000800043C0] <- 0x1FEEFFD80401FFFD

mem[X,0x0000000080001990] -> 0x0F37
mem[X,0x0000000080001992] -> 0x1001
[1641] [M]: 0x0000000080001990 (0x10010F37) lui t5, 0x10010
x30 <- 0x0000000010010000

mem[X,0x0000000080001994] -> 0x0F13
mem[X,0x0000000080001996] -> 0xFFBF
[1642] [M]: 0x0000000080001994 (0xFFBF0F13) addi t5, t5, -0x5
x30 <- 0x000000001000FFFB

mem[X,0x0000000080001998] -> 0x1F13
mem[X,0x000000008000199A] -> 0x00BF
[1643] [M]: 0x0000000080001998 (0x00BF1F13) slli t5, t5, 0xb
x30 <- 0x0000008007FFD800

mem[X,0x000000008000199C] -> 0x0F13
mem[X,0x000000008000199E] -> 0x6FFF
[1644] [M]: 0x000000008000199C (0x6FFF0F13) addi t5, t5, 0x6ff
x30 <- 0x0000008007FFDEFF

mem[X,0x00000000800019A0] -> 0x1F13
mem[X,0x00000000800019A2] -> 0x00BF
[1645] [M]: 0x00000000800019A0 (0x00BF1F13) slli t5, t5, 0xb
x30 <- 0x0004003FFEF7F800

mem[X,0x00000000800019A4] -> 0x0F13
mem[X,0x00000000800019A6] -> 0x7FFF
[1646] [M]: 0x00000000800019A4 (0x7FFF0F13) addi t5, t5, 0x7ff
x30 <- 0x0004003FFEF7FFFF

mem[X,0x00000000800019A8] -> 0x1F13
mem[X,0x00000000800019AA] -> 0x00AF
[1647] [M]: 0x00000000800019A8 (0x00AF1F13) slli t5, t5, 0xa
x30 <- 0x1000FFFBDFFFFC00

mem[X,0x00000000800019AC] -> 0x0F13
mem[X,0x00000000800019AE] -> 0x3FEF
[1648] [M]: 0x00000000800019AC (0x3FEF0F13) addi t5, t5, 0x3fe
x30 <- 0x1000FFFBDFFFFFFE

mem[X,0x00000000800019B0] -> 0x0EB7
mem[X,0x00000000800019B2] -> 0xFFDF
[1649] [M]: 0x00000000800019B0 (0xFFDF0EB7) lui t4, -0x210
x29 <- 0xFFFFFFFFFFDF0000

mem[X,0x00000000800019B4] -> 0x8E93
mem[X,0x00000000800019B6] -> 0x010E
[1650] [M]: 0x00000000800019B4 (0x010E8E93) addi t4, t4, 0x10
x29 <- 0xFFFFFFFFFFDF0010

mem[X,0x00000000800019B8] -> 0x9E93
mem[X,0x00000000800019BA] -> 0x00BE
[1651] [M]: 0x00000000800019B8 (0x00BE9E93) slli t4, t4, 0xb
x29 <- 0xFFFFFFFEF8008000

mem[X,0x00000000800019BC] -> 0x8E93
mem[X,0x00000000800019BE] -> 0x600E
[1652] [M]: 0x00000000800019BC (0x600E8E93) addi t4, t4, 0x600
x29 <- 0xFFFFFFFEF8008600

mem[X,0x00000000800019C0] -> 0x9E93
mem[X,0x00000000800019C2] -> 0x00BE
[1653] [M]: 0x00000000800019C0 (0x00BE9E93) slli t4, t4, 0xb
x29 <- 0xFFFFF7C004300000

mem[X,0x00000000800019C4] -> 0x8E93
mem[X,0x00000000800019C6] -> 0x037E
[1654] [M]: 0x00000000800019C4 (0x037E8E93) addi t4, t4, 0x37
x29 <- 0xFFFFF7C004300037

mem[X,0x00000000800019C8] -> 0x9E93
mem[X,0x00000000800019CA] -> 0x00AE
[1655] [M]: 0x00000000800019C8 (0x00AE9E93) slli t4, t4, 0xa
x29 <- 0xFFDF0010C000DC00

mem[X,0x00000000800019CC] -> 0x8E93
mem[X,0x00000000800019CE] -> 0x3FFE
[1656] [M]: 0x00000000800019CC (0x3FFE8E93) addi t4, t4, 0x3ff
x29 <- 0xFFDF0010C000DFFF

mem[X,0x00000000800019D0] -> 0x7FBB
mem[X,0x00000000800019D2] -> 0xA9DF
[1657] [M]: 0x00000000800019D0 (0xA9DF7FBB) pmhacc.h.be t6, t5, t4
x31 <- 0x1FEBFFD70401FFFD

mem[X,0x00000000800019D4] -> 0x3423
mem[X,0x00000000800019D6] -> 0x1DF1
[1658] [M]: 0x00000000800019D4 (0x1DF13423) sd t6, 0x1c8(sp)
mem[0x00000000800043C8] <- 0x1FEBFFD70401FFFD

mem[X,0x00000000800019D8] -> 0x0F37
mem[X,0x00000000800019DA] -> 0x5556
[1659] [M]: 0x00000000800019D8 (0x55560F37) lui t5, 0x55560
x30 <- 0x0000000055560000

mem[X,0x00000000800019DC] -> 0x0F13
mem[X,0x00000000800019DE] -> 0xFEFF
[1660] [M]: 0x00000000800019DC (0xFEFF0F13) addi t5, t5, -0x11
x30 <- 0x000000005555FFEF

mem[X,0x00000000800019E0] -> 0x1F13
mem[X,0x00000000800019E2] -> 0x00BF
[1661] [M]: 0x00000000800019E0 (0x00BF1F13) slli t5, t5, 0xb
x30 <- 0x000002AAAFFF7800

mem[X,0x00000000800019E4] -> 0x0F13
mem[X,0x00000000800019E6] -> 0x000F
[1662] [M]: 0x00000000800019E4 (0x000F0F13) addi t5, t5, 0x0
x30 <- 0x000002AAAFFF7800

mem[X,0x00000000800019E8] -> 0x1F13
mem[X,0x00000000800019EA] -> 0x00BF
[1663] [M]: 0x00000000800019E8 (0x00BF1F13) slli t5, t5, 0xb
x30 <- 0x0015557FFBC00000

mem[X,0x00000000800019EC] -> 0x0F13
mem[X,0x00000000800019EE] -> 0x1C0F
[1664] [M]: 0x00000000800019EC (0x1C0F0F13) addi t5, t5, 0x1c0
x30 <- 0x0015557FFBC001C0

mem[X,0x00000000800019F0] -> 0x1F13
mem[X,0x00000000800019F2] -> 0x00AF
[1665] [M]: 0x00000000800019F0 (0x00AF1F13) slli t5, t5, 0xa
x30 <- 0x5555FFEF00070000

mem[X,0x00000000800019F4] -> 0xEEB7
mem[X,0x00000000800019F6] -> 0x0020
[1666] [M]: 0x00000000800019F4 (0x0020EEB7) lui t4, 0x20e
x29 <- 0x000000000020E000

mem[X,0x00000000800019F8] -> 0x8E93
mem[X,0x00000000800019FA] -> 0xFFFE
[1667] [M]: 0x00000000800019F8 (0xFFFE8E93) addi t4, t4, -0x1
x29 <- 0x000000000020DFFF

mem[X,0x00000000800019FC] -> 0x9E93
mem[X,0x00000000800019FE] -> 0x00BE
[1668] [M]: 0x00000000800019FC (0x00BE9E93) slli t4, t4, 0xb
x29 <- 0x0000000106FFF800

mem[X,0x0000000080001A00] -> 0x8E93
mem[X,0x0000000080001A02] -> 0x7FFE
[1669] [M]: 0x0000000080001A00 (0x7FFE8E93) addi t4, t4, 0x7ff
x29 <- 0x0000000106FFFFFF

mem[X,0x0000000080001A04] -> 0x9E93
mem[X,0x0000000080001A06] -> 0x00BE
[1670] [M]: 0x0000000080001A04 (0x00BE9E93) slli t4, t4, 0xb
x29 <- 0x00000837FFFFF800

mem[X,0x0000000080001A08] -> 0x8E93
mem[X,0x0000000080001A0A] -> 0x7BEE
[1671] [M]: 0x0000000080001A08 (0x7BEE8E93) addi t4, t4, 0x7be
x29 <- 0x00000837FFFFFFBE

mem[X,0x0000000080001A0C] -> 0x9E93
mem[X,0x0000000080001A0E] -> 0x00AE
[1672] [M]: 0x0000000080001A0C (0x00AE9E93) slli t4, t4, 0xa
x29 <- 0x0020DFFFFFFEF800

mem[X,0x0000000080001A10] -> 0x8E93
mem[X,0x0000000080001A12] -> 0x3FFE
[1673] [M]: 0x0000000080001A10 (0x3FFE8E93) addi t4, t4, 0x3ff
x29 <- 0x0020DFFFFFFEFBFF

mem[X,0x0000000080001A14] -> 0x7FBB
mem[X,0x0000000080001A16] -> 0xA9DF
[1674] [M]: 0x0000000080001A14 (0xA9DF7FBB) pmhacc.h.be t6, t5, t4
x31 <- 0x1FF5FFD70400FFFD

mem[X,0x0000000080001A18] -> 0x3823
mem[X,0x0000000080001A1A] -> 0x1DF1
[1675] [M]: 0x0000000080001A18 (0x1DF13823) sd t6, 0x1d0(sp)
mem[0x00000000800043D0] <- 0x1FF5FFD70400FFFD

mem[X,0x0000000080001A1C] -> 0x0F37
mem[X,0x0000000080001A1E] -> 0x0021
[1676] [M]: 0x0000000080001A1C (0x00210F37) lui t5, 0x210
x30 <- 0x0000000000210000

mem[X,0x0000000080001A20] -> 0x0F13
mem[X,0x0000000080001A22] -> 0xF7FF
[1677] [M]: 0x0000000080001A20 (0xF7FF0F13) addi t5, t5, -0x81
x30 <- 0x000000000020FF7F

mem[X,0x0000000080001A24] -> 0x1F13
mem[X,0x0000000080001A26] -> 0x00BF
[1678] [M]: 0x0000000080001A24 (0x00BF1F13) slli t5, t5, 0xb
x30 <- 0x0000000107FBF800

mem[X,0x0000000080001A28] -> 0x0F13
mem[X,0x0000000080001A2A] -> 0x7FFF
[1679] [M]: 0x0000000080001A28 (0x7FFF0F13) addi t5, t5, 0x7ff
x30 <- 0x0000000107FBFFFF

mem[X,0x0000000080001A2C] -> 0x1F13
mem[X,0x0000000080001A2E] -> 0x00BF
[1680] [M]: 0x0000000080001A2C (0x00BF1F13) slli t5, t5, 0xb
x30 <- 0x0000083FDFFFF800

mem[X,0x0000000080001A30] -> 0x0F13
mem[X,0x0000000080001A32] -> 0x6BFF
[1681] [M]: 0x0000000080001A30 (0x6BFF0F13) addi t5, t5, 0x6bf
x30 <- 0x0000083FDFFFFEBF

mem[X,0x0000000080001A34] -> 0x1F13
mem[X,0x0000000080001A36] -> 0x00AF
[1682] [M]: 0x0000000080001A34 (0x00AF1F13) slli t5, t5, 0xa
x30 <- 0x0020FF7FFFFAFC00

mem[X,0x0000000080001A38] -> 0x0F13
mem[X,0x0000000080001A3A] -> 0x37FF
[1683] [M]: 0x0000000080001A38 (0x37FF0F13) addi t5, t5, 0x37f
x30 <- 0x0020FF7FFFFAFF7F

mem[X,0x0000000080001A3C] -> 0xCEB7
mem[X,0x0000000080001A3E] -> 0x5555
[1684] [M]: 0x0000000080001A3C (0x5555CEB7) lui t4, 0x5555c
x29 <- 0x000000005555C000

mem[X,0x0000000080001A40] -> 0x8E93
mem[X,0x0000000080001A42] -> 0x000E
[1685] [M]: 0x0000000080001A40 (0x000E8E93) addi t4, t4, 0x0
x29 <- 0x000000005555C000

mem[X,0x0000000080001A44] -> 0x9E93
mem[X,0x0000000080001A46] -> 0x00BE
[1686] [M]: 0x0000000080001A44 (0x00BE9E93) slli t4, t4, 0xb
x29 <- 0x000002AAAE000000

mem[X,0x0000000080001A48] -> 0x8E93
mem[X,0x0000000080001A4A] -> 0x040E
[1687] [M]: 0x0000000080001A48 (0x040E8E93) addi t4, t4, 0x40
x29 <- 0x000002AAAE000040

mem[X,0x0000000080001A4C] -> 0x9E93
mem[X,0x0000000080001A4E] -> 0x00BE
[1688] [M]: 0x0000000080001A4C (0x00BE9E93) slli t4, t4, 0xb
x29 <- 0x0015557000020000

mem[X,0x0000000080001A50] -> 0x8E93
mem[X,0x0000000080001A52] -> 0x000E
[1689] [M]: 0x0000000080001A50 (0x000E8E93) addi t4, t4, 0x0
x29 <- 0x0015557000020000

mem[X,0x0000000080001A54] -> 0x9E93
mem[X,0x0000000080001A56] -> 0x00AE
[1690] [M]: 0x0000000080001A54 (0x00AE9E93) slli t4, t4, 0xa
x29 <- 0x5555C00008000000

mem[X,0x0000000080001A58] -> 0x8E93
mem[X,0x0000000080001A5A] -> 0x007E
[1691] [M]: 0x0000000080001A58 (0x007E8E93) addi t4, t4, 0x7
x29 <- 0x5555C00008000007

mem[X,0x0000000080001A5C] -> 0x7FBB
mem[X,0x0000000080001A5E] -> 0xA9DF
[1692] [M]: 0x0000000080001A5C (0xA9DF7FBB) pmhacc.h.be t6, t5, t4
x31 <- 0x1FF5FFD70400FFFC

mem[X,0x0000000080001A60] -> 0x3C23
mem[X,0x0000000080001A62] -> 0x1DF1
[1693] [M]: 0x0000000080001A60 (0x1DF13C23) sd t6, 0x1d8(sp)
mem[0x00000000800043D8] <- 0x1FF5FFD70400FFFC

mem[X,0x0000000080001A64] -> 0x0F37
mem[X,0x0000000080001A66] -> 0x0081
[1694] [M]: 0x0000000080001A64 (0x00810F37) lui t5, 0x810
x30 <- 0x0000000000810000

mem[X,0x0000000080001A68] -> 0x0F13
mem[X,0x0000000080001A6A] -> 0xDFFF
[1695] [M]: 0x0000000080001A68 (0xDFFF0F13) addi t5, t5, -0x201
x30 <- 0x000000000080FDFF

mem[X,0x0000000080001A6C] -> 0x1F13
mem[X,0x0000000080001A6E] -> 0x00BF
[1696] [M]: 0x0000000080001A6C (0x00BF1F13) slli t5, t5, 0xb
x30 <- 0x0000000407EFF800

mem[X,0x0000000080001A70] -> 0x0F13
mem[X,0x0000000080001A72] -> 0x000F
[1697] [M]: 0x0000000080001A70 (0x000F0F13) addi t5, t5, 0x0
x30 <- 0x0000000407EFF800

mem[X,0x0000000080001A74] -> 0x1F13
mem[X,0x0000000080001A76] -> 0x00BF
[1698] [M]: 0x0000000080001A74 (0x00BF1F13) slli t5, t5, 0xb
x30 <- 0x0000203F7FC00000

mem[X,0x0000000080001A78] -> 0x0F13
mem[X,0x0000000080001A7A] -> 0x241F
[1699] [M]: 0x0000000080001A78 (0x241F0F13) addi t5, t5, 0x241
x30 <- 0x0000203F7FC00241

clint::tick mtime <- 0x0000000000000011
 clint timer pending at mtime 0x0000000000000011
htif::tick 0x0000000000000000
mem[X,0x0000000080001A7C] -> 0x1F13
mem[X,0x0000000080001A7E] -> 0x00AF
[1700] [M]: 0x0000000080001A7C (0x00AF1F13) slli t5, t5, 0xa
x30 <- 0x0080FDFF00090400

mem[X,0x0000000080001A80] -> 0x0EB7
mem[X,0x0000000080001A82] -> 0xFEFF
[1701] [M]: 0x0000000080001A80 (0xFEFF0EB7) lui t4, -0x1010
x29 <- 0xFFFFFFFFFEFF0000

mem[X,0x0000000080001A84] -> 0x8E93
mem[X,0x0000000080001A86] -> 0x008E
[1702] [M]: 0x0000000080001A84 (0x008E8E93) addi t4, t4, 0x8
x29 <- 0xFFFFFFFFFEFF0008

mem[X,0x0000000080001A88] -> 0x9E93
mem[X,0x0000000080001A8A] -> 0x00BE
[1703] [M]: 0x0000000080001A88 (0x00BE9E93) slli t4, t4, 0xb
x29 <- 0xFFFFFFF7F8004000

mem[X,0x0000000080001A8C] -> 0x8E93
mem[X,0x0000000080001A8E] -> 0x000E
[1704] [M]: 0x0000000080001A8C (0x000E8E93) addi t4, t4, 0x0
x29 <- 0xFFFFFFF7F8004000

mem[X,0x0000000080001A90] -> 0x9E93
mem[X,0x0000000080001A92] -> 0x00BE
[1705] [M]: 0x0000000080001A90 (0x00BE9E93) slli t4, t4, 0xb
x29 <- 0xFFFFBFC002000000

mem[X,0x0000000080001A94] -> 0x8E93
mem[X,0x0000000080001A96] -> 0x404E
[1706] [M]: 0x0000000080001A94 (0x404E8E93) addi t4, t4, 0x404
x29 <- 0xFFFFBFC002000404

mem[X,0x0000000080001A98] -> 0x9E93
mem[X,0x0000000080001A9A] -> 0x00AE
[1707] [M]: 0x0000000080001A98 (0x00AE9E93) slli t4, t4, 0xa
x29 <- 0xFEFF000800101000

mem[X,0x0000000080001A9C] -> 0x7FBB
mem[X,0x0000000080001A9E] -> 0xA9DF
[1708] [M]: 0x0000000080001A9C (0xA9DF7FBB) pmhacc.h.be t6, t5, t4
x31 <- 0x1FF4FFD60400FFFC

mem[X,0x0000000080001AA0] -> 0x3023
mem[X,0x0000000080001AA2] -> 0x1FF1
[1709] [M]: 0x0000000080001AA0 (0x1FF13023) sd t6, 0x1e0(sp)
mem[0x00000000800043E0] <- 0x1FF4FFD60400FFFC

mem[X,0x0000000080001AA4] -> 0x0F37
mem[X,0x0000000080001AA6] -> 0xC000
[1710] [M]: 0x0000000080001AA4 (0xC0000F37) lui t5, -0x40000
x30 <- 0xFFFFFFFFC0000000

mem[X,0x0000000080001AA8] -> 0x0F13
mem[X,0x0000000080001AAA] -> 0x400F
[1711] [M]: 0x0000000080001AA8 (0x400F0F13) addi t5, t5, 0x400
x30 <- 0xFFFFFFFFC0000400

mem[X,0x0000000080001AAC] -> 0x1F13
mem[X,0x0000000080001AAE] -> 0x00BF
[1712] [M]: 0x0000000080001AAC (0x00BF1F13) slli t5, t5, 0xb
x30 <- 0xFFFFFE0000200000

mem[X,0x0000000080001AB0] -> 0x0F13
mem[X,0x0000000080001AB2] -> 0x000F
[1713] [M]: 0x0000000080001AB0 (0x000F0F13) addi t5, t5, 0x0
x30 <- 0xFFFFFE0000200000

mem[X,0x0000000080001AB4] -> 0x1F13
mem[X,0x0000000080001AB6] -> 0x00BF
[1714] [M]: 0x0000000080001AB4 (0x00BF1F13) slli t5, t5, 0xb
x30 <- 0xFFF0000100000000

mem[X,0x0000000080001AB8] -> 0x0F13
mem[X,0x0000000080001ABA] -> 0x13EF
[1715] [M]: 0x0000000080001AB8 (0x13EF0F13) addi t5, t5, 0x13e
x30 <- 0xFFF000010000013E

mem[X,0x0000000080001ABC] -> 0x1F13
mem[X,0x0000000080001ABE] -> 0x00AF
[1716] [M]: 0x0000000080001ABC (0x00AF1F13) slli t5, t5, 0xa
x30 <- 0xC00004000004F800

mem[X,0x0000000080001AC0] -> 0x0F13
mem[X,0x0000000080001AC2] -> 0x3FFF
[1717] [M]: 0x0000000080001AC0 (0x3FFF0F13) addi t5, t5, 0x3ff
x30 <- 0xC00004000004FBFF

mem[X,0x0000000080001AC4] -> 0x4EB7
mem[X,0x0000000080001AC6] -> 0x0007
[1718] [M]: 0x0000000080001AC4 (0x00074EB7) lui t4, 0x74
x29 <- 0x0000000000074000

mem[X,0x0000000080001AC8] -> 0x8E93
mem[X,0x0000000080001ACA] -> 0x000E
[1719] [M]: 0x0000000080001AC8 (0x000E8E93) addi t4, t4, 0x0
x29 <- 0x0000000000074000

mem[X,0x0000000080001ACC] -> 0x9E93
mem[X,0x0000000080001ACE] -> 0x00BE
[1720] [M]: 0x0000000080001ACC (0x00BE9E93) slli t4, t4, 0xb
x29 <- 0x000000003A000000

mem[X,0x0000000080001AD0] -> 0x8E93
mem[X,0x0000000080001AD2] -> 0x7EFE
[1721] [M]: 0x0000000080001AD0 (0x7EFE8E93) addi t4, t4, 0x7ef
x29 <- 0x000000003A0007EF

mem[X,0x0000000080001AD4] -> 0x9E93
mem[X,0x0000000080001AD6] -> 0x00BE
[1722] [M]: 0x0000000080001AD4 (0x00BE9E93) slli t4, t4, 0xb
x29 <- 0x000001D0003F7800

mem[X,0x0000000080001AD8] -> 0x8E93
mem[X,0x0000000080001ADA] -> 0x7C0E
[1723] [M]: 0x0000000080001AD8 (0x7C0E8E93) addi t4, t4, 0x7c0
x29 <- 0x000001D0003F7FC0

mem[X,0x0000000080001ADC] -> 0x9E93
mem[X,0x0000000080001ADE] -> 0x00AE
[1724] [M]: 0x0000000080001ADC (0x00AE9E93) slli t4, t4, 0xa
x29 <- 0x00074000FDFF0000

mem[X,0x0000000080001AE0] -> 0x7FBB
mem[X,0x0000000080001AE2] -> 0xA9DF
[1725] [M]: 0x0000000080001AE0 (0xA9DF7FBB) pmhacc.h.be t6, t5, t4
x31 <- 0x1FF2FFD603FFFFFC

mem[X,0x0000000080001AE4] -> 0x3423
mem[X,0x0000000080001AE6] -> 0x1FF1
[1726] [M]: 0x0000000080001AE4 (0x1FF13423) sd t6, 0x1e8(sp)
mem[0x00000000800043E8] <- 0x1FF2FFD603FFFFFC

mem[X,0x0000000080001AE8] -> 0x0F37
mem[X,0x0000000080001AEA] -> 0x0401
[1727] [M]: 0x0000000080001AE8 (0x04010F37) lui t5, 0x4010
x30 <- 0x0000000004010000

mem[X,0x0000000080001AEC] -> 0x0F13
mem[X,0x0000000080001AEE] -> 0xFFDF
[1728] [M]: 0x0000000080001AEC (0xFFDF0F13) addi t5, t5, -0x3
x30 <- 0x000000000400FFFD

mem[X,0x0000000080001AF0] -> 0x1F13
mem[X,0x0000000080001AF2] -> 0x00BF
[1729] [M]: 0x0000000080001AF0 (0x00BF1F13) slli t5, t5, 0xb
x30 <- 0x0000002007FFE800

mem[X,0x0000000080001AF4] -> 0x0F13
mem[X,0x0000000080001AF6] -> 0x7FFF
[1730] [M]: 0x0000000080001AF4 (0x7FFF0F13) addi t5, t5, 0x7ff
x30 <- 0x0000002007FFEFFF

mem[X,0x0000000080001AF8] -> 0x1F13
mem[X,0x0000000080001AFA] -> 0x00BF
[1731] [M]: 0x0000000080001AF8 (0x00BF1F13) slli t5, t5, 0xb
x30 <- 0x0001003FFF7FF800

mem[X,0x0000000080001AFC] -> 0x0F13
mem[X,0x0000000080001AFE] -> 0x640F
[1732] [M]: 0x0000000080001AFC (0x640F0F13) addi t5, t5, 0x640
x30 <- 0x0001003FFF7FFE40

mem[X,0x0000000080001B00] -> 0x1F13
mem[X,0x0000000080001B02] -> 0x00AF
[1733] [M]: 0x0000000080001B00 (0x00AF1F13) slli t5, t5, 0xa
x30 <- 0x0400FFFDFFF90000

mem[X,0x0000000080001B04] -> 0x0F13
mem[X,0x0000000080001B06] -> 0x005F
[1734] [M]: 0x0000000080001B04 (0x005F0F13) addi t5, t5, 0x5
x30 <- 0x0400FFFDFFF90005

mem[X,0x0000000080001B08] -> 0x0EB7
mem[X,0x0000000080001B0A] -> 0xDFFF
[1735] [M]: 0x0000000080001B08 (0xDFFF0EB7) lui t4, -0x20010
x29 <- 0xFFFFFFFFDFFF0000

mem[X,0x0000000080001B0C] -> 0x8E93
mem[X,0x0000000080001B0E] -> 0x020E
[1736] [M]: 0x0000000080001B0C (0x020E8E93) addi t4, t4, 0x20
x29 <- 0xFFFFFFFFDFFF0020

mem[X,0x0000000080001B10] -> 0x9E93
mem[X,0x0000000080001B12] -> 0x00BE
[1737] [M]: 0x0000000080001B10 (0x00BE9E93) slli t4, t4, 0xb
x29 <- 0xFFFFFEFFF8010000

mem[X,0x0000000080001B14] -> 0x8E93
mem[X,0x0000000080001B16] -> 0x555E
[1738] [M]: 0x0000000080001B14 (0x555E8E93) addi t4, t4, 0x555
x29 <- 0xFFFFFEFFF8010555

mem[X,0x0000000080001B18] -> 0x9E93
mem[X,0x0000000080001B1A] -> 0x00BE
[1739] [M]: 0x0000000080001B18 (0x00BE9E93) slli t4, t4, 0xb
x29 <- 0xFFF7FFC0082AA800

mem[X,0x0000000080001B1C] -> 0x8E93
mem[X,0x0000000080001B1E] -> 0x2BFE
[1740] [M]: 0x0000000080001B1C (0x2BFE8E93) addi t4, t4, 0x2bf
x29 <- 0xFFF7FFC0082AAABF

mem[X,0x0000000080001B20] -> 0x9E93
mem[X,0x0000000080001B22] -> 0x00AE
[1741] [M]: 0x0000000080001B20 (0x00AE9E93) slli t4, t4, 0xa
x29 <- 0xDFFF0020AAAAFC00

mem[X,0x0000000080001B24] -> 0x8E93
mem[X,0x0000000080001B26] -> 0x3FCE
[1742] [M]: 0x0000000080001B24 (0x3FCE8E93) addi t4, t4, 0x3fc
x29 <- 0xDFFF0020AAAAFFFC

mem[X,0x0000000080001B28] -> 0x7FBB
mem[X,0x0000000080001B2A] -> 0xA9DF
[1743] [M]: 0x0000000080001B28 (0xA9DF7FBB) pmhacc.h.be t6, t5, t4
x31 <- 0x1FF1FFD503FFFFFB

mem[X,0x0000000080001B2C] -> 0x3823
mem[X,0x0000000080001B2E] -> 0x1FF1
[1744] [M]: 0x0000000080001B2C (0x1FF13823) sd t6, 0x1f0(sp)
mem[0x00000000800043F0] <- 0x1FF1FFD503FFFFFB

mem[X,0x0000000080001B30] -> 0x0F37
mem[X,0x0000000080001B32] -> 0x0001
[1745] [M]: 0x0000000080001B30 (0x00010F37) lui t5, 0x10
x30 <- 0x0000000000010000

mem[X,0x0000000080001B34] -> 0x0F13
mem[X,0x0000000080001B36] -> 0x200F
[1746] [M]: 0x0000000080001B34 (0x200F0F13) addi t5, t5, 0x200
x30 <- 0x0000000000010200

mem[X,0x0000000080001B38] -> 0x1F13
mem[X,0x0000000080001B3A] -> 0x00BF
[1747] [M]: 0x0000000080001B38 (0x00BF1F13) slli t5, t5, 0xb
x30 <- 0x0000000008100000

mem[X,0x0000000080001B3C] -> 0x0F13
mem[X,0x0000000080001B3E] -> 0x7FFF
[1748] [M]: 0x0000000080001B3C (0x7FFF0F13) addi t5, t5, 0x7ff
x30 <- 0x00000000081007FF

mem[X,0x0000000080001B40] -> 0x1F13
mem[X,0x0000000080001B42] -> 0x00BF
[1749] [M]: 0x0000000080001B40 (0x00BF1F13) slli t5, t5, 0xb
x30 <- 0x00000040803FF800

mem[X,0x0000000080001B44] -> 0x0F13
mem[X,0x0000000080001B46] -> 0x740F
[1750] [M]: 0x0000000080001B44 (0x740F0F13) addi t5, t5, 0x740
x30 <- 0x00000040803FFF40

mem[X,0x0000000080001B48] -> 0x1F13
mem[X,0x0000000080001B4A] -> 0x00AF
[1751] [M]: 0x0000000080001B48 (0x00AF1F13) slli t5, t5, 0xa
x30 <- 0x00010200FFFD0000

mem[X,0x0000000080001B4C] -> 0x0F13
mem[X,0x0000000080001B4E] -> 0x040F
[1752] [M]: 0x0000000080001B4C (0x040F0F13) addi t5, t5, 0x40
x30 <- 0x00010200FFFD0040

mem[X,0x0000000080001B50] -> 0x0EB7
mem[X,0x0000000080001B52] -> 0x0006
[1753] [M]: 0x0000000080001B50 (0x00060EB7) lui t4, 0x60
x29 <- 0x0000000000060000

mem[X,0x0000000080001B54] -> 0x8E93
mem[X,0x0000000080001B56] -> 0x000E
[1754] [M]: 0x0000000080001B54 (0x000E8E93) addi t4, t4, 0x0
x29 <- 0x0000000000060000

mem[X,0x0000000080001B58] -> 0x9E93
mem[X,0x0000000080001B5A] -> 0x00BE
[1755] [M]: 0x0000000080001B58 (0x00BE9E93) slli t4, t4, 0xb
x29 <- 0x0000000030000000

mem[X,0x0000000080001B5C] -> 0x8E93
mem[X,0x0000000080001B5E] -> 0x5FFE
[1756] [M]: 0x0000000080001B5C (0x5FFE8E93) addi t4, t4, 0x5ff
x29 <- 0x00000000300005FF

mem[X,0x0000000080001B60] -> 0x9E93
mem[X,0x0000000080001B62] -> 0x00BE
[1757] [M]: 0x0000000080001B60 (0x00BE9E93) slli t4, t4, 0xb
x29 <- 0x00000180002FF800

mem[X,0x0000000080001B64] -> 0x8E93
mem[X,0x0000000080001B66] -> 0x7C4E
[1758] [M]: 0x0000000080001B64 (0x7C4E8E93) addi t4, t4, 0x7c4
x29 <- 0x00000180002FFFC4

mem[X,0x0000000080001B68] -> 0x9E93
mem[X,0x0000000080001B6A] -> 0x00AE
[1759] [M]: 0x0000000080001B68 (0x00AE9E93) slli t4, t4, 0xa
x29 <- 0x00060000BFFF1000

mem[X,0x0000000080001B6C] -> 0x7FBB
mem[X,0x0000000080001B6E] -> 0xA9DF
[1760] [M]: 0x0000000080001B6C (0xA9DF7FBB) pmhacc.h.be t6, t5, t4
x31 <- 0x1FF1FFD503FFFFFB

mem[X,0x0000000080001B70] -> 0x3C23
mem[X,0x0000000080001B72] -> 0x1FF1
[1761] [M]: 0x0000000080001B70 (0x1FF13C23) sd t6, 0x1f8(sp)
mem[0x00000000800043F8] <- 0x1FF1FFD503FFFFFB

mem[X,0x0000000080001B74] -> 0x0F37
mem[X,0x0000000080001B76] -> 0x5555
[1762] [M]: 0x0000000080001B74 (0x55550F37) lui t5, 0x55550
x30 <- 0x0000000055550000

mem[X,0x0000000080001B78] -> 0x0F13
mem[X,0x0000000080001B7A] -> 0x100F
[1763] [M]: 0x0000000080001B78 (0x100F0F13) addi t5, t5, 0x100
x30 <- 0x0000000055550100

mem[X,0x0000000080001B7C] -> 0x1F13
mem[X,0x0000000080001B7E] -> 0x00BF
[1764] [M]: 0x0000000080001B7C (0x00BF1F13) slli t5, t5, 0xb
x30 <- 0x000002AAA8080000

mem[X,0x0000000080001B80] -> 0x0F13
mem[X,0x0000000080001B82] -> 0x7FFF
[1765] [M]: 0x0000000080001B80 (0x7FFF0F13) addi t5, t5, 0x7ff
x30 <- 0x000002AAA80807FF

mem[X,0x0000000080001B84] -> 0x1F13
mem[X,0x0000000080001B86] -> 0x00BF
[1766] [M]: 0x0000000080001B84 (0x00BF1F13) slli t5, t5, 0xb
x30 <- 0x00155540403FF800

mem[X,0x0000000080001B88] -> 0x0F13
mem[X,0x0000000080001B8A] -> 0x3FFF
[1767] [M]: 0x0000000080001B88 (0x3FFF0F13) addi t5, t5, 0x3ff
x30 <- 0x00155540403FFBFF

mem[X,0x0000000080001B8C] -> 0x1F13
mem[X,0x0000000080001B8E] -> 0x00AF
[1768] [M]: 0x0000000080001B8C (0x00AF1F13) slli t5, t5, 0xa
x30 <- 0x55550100FFEFFC00

mem[X,0x0000000080001B90] -> 0x0F13
mem[X,0x0000000080001B92] -> 0x37FF
[1769] [M]: 0x0000000080001B90 (0x37FF0F13) addi t5, t5, 0x37f
x30 <- 0x55550100FFEFFF7F

mem[X,0x0000000080001B94] -> 0x0EB7
mem[X,0x0000000080001B96] -> 0x0009
[1770] [M]: 0x0000000080001B94 (0x00090EB7) lui t4, 0x90
x29 <- 0x0000000000090000

mem[X,0x0000000080001B98] -> 0x8E93
mem[X,0x0000000080001B9A] -> 0x001E
[1771] [M]: 0x0000000080001B98 (0x001E8E93) addi t4, t4, 0x1
x29 <- 0x0000000000090001

mem[X,0x0000000080001B9C] -> 0x9E93
mem[X,0x0000000080001B9E] -> 0x00BE
[1772] [M]: 0x0000000080001B9C (0x00BE9E93) slli t4, t4, 0xb
x29 <- 0x0000000048000800

mem[X,0x0000000080001BA0] -> 0x8E93
mem[X,0x0000000080001BA2] -> 0x3FFE
[1773] [M]: 0x0000000080001BA0 (0x3FFE8E93) addi t4, t4, 0x3ff
x29 <- 0x0000000048000BFF

mem[X,0x0000000080001BA4] -> 0x9E93
mem[X,0x0000000080001BA6] -> 0x00BE
[1774] [M]: 0x0000000080001BA4 (0x00BE9E93) slli t4, t4, 0xb
x29 <- 0x00000240005FF800

mem[X,0x0000000080001BA8] -> 0x8E93
mem[X,0x0000000080001BAA] -> 0x7FFE
[1775] [M]: 0x0000000080001BA8 (0x7FFE8E93) addi t4, t4, 0x7ff
x29 <- 0x00000240005FFFFF

mem[X,0x0000000080001BAC] -> 0x9E93
mem[X,0x0000000080001BAE] -> 0x00AE
[1776] [M]: 0x0000000080001BAC (0x00AE9E93) slli t4, t4, 0xa
x29 <- 0x000900017FFFFC00

mem[X,0x0000000080001BB0] -> 0x8E93
mem[X,0x0000000080001BB2] -> 0x3FAE
[1777] [M]: 0x0000000080001BB0 (0x3FAE8E93) addi t4, t4, 0x3fa
x29 <- 0x000900017FFFFFFA

mem[X,0x0000000080001BB4] -> 0x7FBB
mem[X,0x0000000080001BB6] -> 0xA9DF
[1778] [M]: 0x0000000080001BB4 (0xA9DF7FBB) pmhacc.h.be t6, t5, t4
x31 <- 0x1FF3FFD503FFFFFB

mem[X,0x0000000080001BB8] -> 0x3023
mem[X,0x0000000080001BBA] -> 0x21F1
[1779] [M]: 0x0000000080001BB8 (0x21F13023) sd t6, 0x200(sp)
mem[0x0000000080004400] <- 0x1FF3FFD503FFFFFB

mem[X,0x0000000080001BBC] -> 0x0F37
mem[X,0x0000000080001BBE] -> 0xFF80
[1780] [M]: 0x0000000080001BBC (0xFF800F37) lui t5, -0x800
x30 <- 0xFFFFFFFFFF800000

mem[X,0x0000000080001BC0] -> 0x0F13
mem[X,0x0000000080001BC2] -> 0xFFEF
[1781] [M]: 0x0000000080001BC0 (0xFFEF0F13) addi t5, t5, -0x2
x30 <- 0xFFFFFFFFFF7FFFFE

mem[X,0x0000000080001BC4] -> 0x1F13
mem[X,0x0000000080001BC6] -> 0x00BF
[1782] [M]: 0x0000000080001BC4 (0x00BF1F13) slli t5, t5, 0xb
x30 <- 0xFFFFFFFBFFFFF000

mem[X,0x0000000080001BC8] -> 0x0F13
mem[X,0x0000000080001BCA] -> 0x7FBF
[1783] [M]: 0x0000000080001BC8 (0x7FBF0F13) addi t5, t5, 0x7fb
x30 <- 0xFFFFFFFBFFFFF7FB

mem[X,0x0000000080001BCC] -> 0x1F13
mem[X,0x0000000080001BCE] -> 0x00BF
[1784] [M]: 0x0000000080001BCC (0x00BF1F13) slli t5, t5, 0xb
x30 <- 0xFFFFDFFFFFBFD800

mem[X,0x0000000080001BD0] -> 0x0F13
mem[X,0x0000000080001BD2] -> 0x7C0F
[1785] [M]: 0x0000000080001BD0 (0x7C0F0F13) addi t5, t5, 0x7c0
x30 <- 0xFFFFDFFFFFBFDFC0

mem[X,0x0000000080001BD4] -> 0x1F13
mem[X,0x0000000080001BD6] -> 0x00AF
[1786] [M]: 0x0000000080001BD4 (0x00AF1F13) slli t5, t5, 0xa
x30 <- 0xFF7FFFFEFF7F0000

mem[X,0x0000000080001BD8] -> 0x0F13
mem[X,0x0000000080001BDA] -> 0x004F
[1787] [M]: 0x0000000080001BD8 (0x004F0F13) addi t5, t5, 0x4
x30 <- 0xFF7FFFFEFF7F0004

mem[X,0x0000000080001BDC] -> 0x5EB7
mem[X,0x0000000080001BDE] -> 0xFFF7
[1788] [M]: 0x0000000080001BDC (0xFFF75EB7) lui t4, -0x8b
x29 <- 0xFFFFFFFFFFF75000

mem[X,0x0000000080001BE0] -> 0x8E93
mem[X,0x0000000080001BE2] -> 0x555E
[1789] [M]: 0x0000000080001BE0 (0x555E8E93) addi t4, t4, 0x555
x29 <- 0xFFFFFFFFFFF75555

mem[X,0x0000000080001BE4] -> 0x9E93
mem[X,0x0000000080001BE6] -> 0x00BE
[1790] [M]: 0x0000000080001BE4 (0x00BE9E93) slli t4, t4, 0xb
x29 <- 0xFFFFFFFFBAAAA800

mem[X,0x0000000080001BE8] -> 0x8E93
mem[X,0x0000000080001BEA] -> 0x200E
[1791] [M]: 0x0000000080001BE8 (0x200E8E93) addi t4, t4, 0x200
x29 <- 0xFFFFFFFFBAAAAA00

mem[X,0x0000000080001BEC] -> 0x9E93
mem[X,0x0000000080001BEE] -> 0x00BE
[1792] [M]: 0x0000000080001BEC (0x00BE9E93) slli t4, t4, 0xb
x29 <- 0xFFFFFDD555500000

mem[X,0x0000000080001BF0] -> 0x8E93
mem[X,0x0000000080001BF2] -> 0x02AE
[1793] [M]: 0x0000000080001BF0 (0x02AE8E93) addi t4, t4, 0x2a
x29 <- 0xFFFFFDD55550002A

mem[X,0x0000000080001BF4] -> 0x9E93
mem[X,0x0000000080001BF6] -> 0x00AE
[1794] [M]: 0x0000000080001BF4 (0x00AE9E93) slli t4, t4, 0xa
x29 <- 0xFFF755554000A800

mem[X,0x0000000080001BF8] -> 0x8E93
mem[X,0x0000000080001BFA] -> 0x2AAE
[1795] [M]: 0x0000000080001BF8 (0x2AAE8E93) addi t4, t4, 0x2aa
x29 <- 0xFFF755554000AAAA

mem[X,0x0000000080001BFC] -> 0x7FBB
mem[X,0x0000000080001BFE] -> 0xA9DF
[1796] [M]: 0x0000000080001BFC (0xA9DF7FBB) pmhacc.h.be t6, t5, t4
x31 <- 0x1FF3FFD403FFFFFA

mem[X,0x0000000080001C00] -> 0x3423
mem[X,0x0000000080001C02] -> 0x21F1
[1797] [M]: 0x0000000080001C00 (0x21F13423) sd t6, 0x208(sp)
mem[0x0000000080004408] <- 0x1FF3FFD403FFFFFA

mem[X,0x0000000080001C04] -> 0x8F37
mem[X,0x0000000080001C06] -> 0x0800
[1798] [M]: 0x0000000080001C04 (0x08008F37) lui t5, 0x8008
x30 <- 0x0000000008008000

mem[X,0x0000000080001C08] -> 0x0F13
mem[X,0x0000000080001C0A] -> 0xFFFF
[1799] [M]: 0x0000000080001C08 (0xFFFF0F13) addi t5, t5, -0x1
x30 <- 0x0000000008007FFF

clint::tick mtime <- 0x0000000000000012
 clint timer pending at mtime 0x0000000000000012
htif::tick 0x0000000000000000
mem[X,0x0000000080001C0C] -> 0x1F13
mem[X,0x0000000080001C0E] -> 0x00BF
[1800] [M]: 0x0000000080001C0C (0x00BF1F13) slli t5, t5, 0xb
x30 <- 0x0000004003FFF800

mem[X,0x0000000080001C10] -> 0x0F13
mem[X,0x0000000080001C12] -> 0x000F
[1801] [M]: 0x0000000080001C10 (0x000F0F13) addi t5, t5, 0x0
x30 <- 0x0000004003FFF800

mem[X,0x0000000080001C14] -> 0x1F13
mem[X,0x0000000080001C16] -> 0x00BF
[1802] [M]: 0x0000000080001C14 (0x00BF1F13) slli t5, t5, 0xb
x30 <- 0x0002001FFFC00000

mem[X,0x0000000080001C18] -> 0x0F13
mem[X,0x0000000080001C1A] -> 0x030F
[1803] [M]: 0x0000000080001C18 (0x030F0F13) addi t5, t5, 0x30
x30 <- 0x0002001FFFC00030

mem[X,0x0000000080001C1C] -> 0x1F13
mem[X,0x0000000080001C1E] -> 0x00AF
[1804] [M]: 0x0000000080001C1C (0x00AF1F13) slli t5, t5, 0xa
x30 <- 0x08007FFF0000C000

mem[X,0x0000000080001C20] -> 0xBEB7
mem[X,0x0000000080001C22] -> 0xBFFF
[1805] [M]: 0x0000000080001C20 (0xBFFFBEB7) lui t4, -0x40005
x29 <- 0xFFFFFFFFBFFFB000

mem[X,0x0000000080001C24] -> 0x8E93
mem[X,0x0000000080001C26] -> 0xAAAE
[1806] [M]: 0x0000000080001C24 (0xAAAE8E93) addi t4, t4, -0x556
x29 <- 0xFFFFFFFFBFFFAAAA

mem[X,0x0000000080001C28] -> 0x9E93
mem[X,0x0000000080001C2A] -> 0x00BE
[1807] [M]: 0x0000000080001C28 (0x00BE9E93) slli t4, t4, 0xb
x29 <- 0xFFFFFDFFFD555000

mem[X,0x0000000080001C2C] -> 0x8E93
mem[X,0x0000000080001C2E] -> 0x2AAE
[1808] [M]: 0x0000000080001C2C (0x2AAE8E93) addi t4, t4, 0x2aa
x29 <- 0xFFFFFDFFFD5552AA

mem[X,0x0000000080001C30] -> 0x9E93
mem[X,0x0000000080001C32] -> 0x00BE
[1809] [M]: 0x0000000080001C30 (0x00BE9E93) slli t4, t4, 0xb
x29 <- 0xFFEFFFEAAA955000

mem[X,0x0000000080001C34] -> 0x8E93
mem[X,0x0000000080001C36] -> 0x550E
[1810] [M]: 0x0000000080001C34 (0x550E8E93) addi t4, t4, 0x550
x29 <- 0xFFEFFFEAAA955550

mem[X,0x0000000080001C38] -> 0x9E93
mem[X,0x0000000080001C3A] -> 0x00AE
[1811] [M]: 0x0000000080001C38 (0x00AE9E93) slli t4, t4, 0xa
x29 <- 0xBFFFAAAA55554000

mem[X,0x0000000080001C3C] -> 0x7FBB
mem[X,0x0000000080001C3E] -> 0xA9DF
[1812] [M]: 0x0000000080001C3C (0xA9DF7FBB) pmhacc.h.be t6, t5, t4
x31 <- 0x1FF2FFA903FFFFFA

mem[X,0x0000000080001C40] -> 0x3823
mem[X,0x0000000080001C42] -> 0x21F1
[1813] [M]: 0x0000000080001C40 (0x21F13823) sd t6, 0x210(sp)
mem[0x0000000080004410] <- 0x1FF2FFA903FFFFFA

mem[X,0x0000000080001C44] -> 0x5F37
mem[X,0x0000000080001C46] -> 0x0000
[1814] [M]: 0x0000000080001C44 (0x00005F37) lui t5, 0x5
x30 <- 0x0000000000005000

mem[X,0x0000000080001C48] -> 0x0F13
mem[X,0x0000000080001C4A] -> 0x555F
[1815] [M]: 0x0000000080001C48 (0x555F0F13) addi t5, t5, 0x555
x30 <- 0x0000000000005555

mem[X,0x0000000080001C4C] -> 0x1F13
mem[X,0x0000000080001C4E] -> 0x00BF
[1816] [M]: 0x0000000080001C4C (0x00BF1F13) slli t5, t5, 0xb
x30 <- 0x0000000002AAA800

mem[X,0x0000000080001C50] -> 0x0F13
mem[X,0x0000000080001C52] -> 0x7FFF
[1817] [M]: 0x0000000080001C50 (0x7FFF0F13) addi t5, t5, 0x7ff
x30 <- 0x0000000002AAAFFF

mem[X,0x0000000080001C54] -> 0x1F13
mem[X,0x0000000080001C56] -> 0x00BF
[1818] [M]: 0x0000000080001C54 (0x00BF1F13) slli t5, t5, 0xb
x30 <- 0x00000015557FF800

mem[X,0x0000000080001C58] -> 0x0F13
mem[X,0x0000000080001C5A] -> 0x600F
[1819] [M]: 0x0000000080001C58 (0x600F0F13) addi t5, t5, 0x600
x30 <- 0x00000015557FFE00

mem[X,0x0000000080001C5C] -> 0x1F13
mem[X,0x0000000080001C5E] -> 0x00AF
[1820] [M]: 0x0000000080001C5C (0x00AF1F13) slli t5, t5, 0xa
x30 <- 0x00005555FFF80000

mem[X,0x0000000080001C60] -> 0x0F13
mem[X,0x0000000080001C62] -> 0x100F
[1821] [M]: 0x0000000080001C60 (0x100F0F13) addi t5, t5, 0x100
x30 <- 0x00005555FFF80100

mem[X,0x0000000080001C64] -> 0x0EB7
mem[X,0x0000000080001C66] -> 0x0005
[1822] [M]: 0x0000000080001C64 (0x00050EB7) lui t4, 0x50
x29 <- 0x0000000000050000

mem[X,0x0000000080001C68] -> 0x8E93
mem[X,0x0000000080001C6A] -> 0xBFFE
[1823] [M]: 0x0000000080001C68 (0xBFFE8E93) addi t4, t4, -0x401
x29 <- 0x000000000004FBFF

mem[X,0x0000000080001C6C] -> 0x9E93
mem[X,0x0000000080001C6E] -> 0x00BE
[1824] [M]: 0x0000000080001C6C (0x00BE9E93) slli t4, t4, 0xb
x29 <- 0x0000000027DFF800

mem[X,0x0000000080001C70] -> 0x8E93
mem[X,0x0000000080001C72] -> 0x5FFE
[1825] [M]: 0x0000000080001C70 (0x5FFE8E93) addi t4, t4, 0x5ff
x29 <- 0x0000000027DFFDFF

mem[X,0x0000000080001C74] -> 0x9E93
mem[X,0x0000000080001C76] -> 0x00BE
[1826] [M]: 0x0000000080001C74 (0x00BE9E93) slli t4, t4, 0xb
x29 <- 0x0000013EFFEFF800

mem[X,0x0000000080001C78] -> 0x8E93
mem[X,0x0000000080001C7A] -> 0x7FEE
[1827] [M]: 0x0000000080001C78 (0x7FEE8E93) addi t4, t4, 0x7fe
x29 <- 0x0000013EFFEFFFFE

mem[X,0x0000000080001C7C] -> 0x9E93
mem[X,0x0000000080001C7E] -> 0x00AE
[1828] [M]: 0x0000000080001C7C (0x00AE9E93) slli t4, t4, 0xa
x29 <- 0x0004FBFFBFFFF800

mem[X,0x0000000080001C80] -> 0x8E93
mem[X,0x0000000080001C82] -> 0x3FFE
[1829] [M]: 0x0000000080001C80 (0x3FFE8E93) addi t4, t4, 0x3ff
x29 <- 0x0004FBFFBFFFFBFF

mem[X,0x0000000080001C84] -> 0x7FBB
mem[X,0x0000000080001C86] -> 0xA9DF
[1830] [M]: 0x0000000080001C84 (0xA9DF7FBB) pmhacc.h.be t6, t5, t4
x31 <- 0x1FF2FFA803FFFFF9

mem[X,0x0000000080001C88] -> 0x3C23
mem[X,0x0000000080001C8A] -> 0x21F1
[1831] [M]: 0x0000000080001C88 (0x21F13C23) sd t6, 0x218(sp)
mem[0x0000000080004418] <- 0x1FF2FFA803FFFFF9

mem[X,0x0000000080001C8C] -> 0x8F37
mem[X,0x0000000080001C8E] -> 0x0400
[1832] [M]: 0x0000000080001C8C (0x04008F37) lui t5, 0x4008
x30 <- 0x0000000004008000

mem[X,0x0000000080001C90] -> 0x0F13
mem[X,0x0000000080001C92] -> 0x000F
[1833] [M]: 0x0000000080001C90 (0x000F0F13) addi t5, t5, 0x0
x30 <- 0x0000000004008000

mem[X,0x0000000080001C94] -> 0x1F13
mem[X,0x0000000080001C96] -> 0x00BF
[1834] [M]: 0x0000000080001C94 (0x00BF1F13) slli t5, t5, 0xb
x30 <- 0x0000002004000000

mem[X,0x0000000080001C98] -> 0x0F13
mem[X,0x0000000080001C9A] -> 0x400F
[1835] [M]: 0x0000000080001C98 (0x400F0F13) addi t5, t5, 0x400
x30 <- 0x0000002004000400

mem[X,0x0000000080001C9C] -> 0x1F13
mem[X,0x0000000080001C9E] -> 0x00BF
[1836] [M]: 0x0000000080001C9C (0x00BF1F13) slli t5, t5, 0xb
x30 <- 0x0001002000200000

mem[X,0x0000000080001CA0] -> 0x0F13
mem[X,0x0000000080001CA2] -> 0x000F
[1837] [M]: 0x0000000080001CA0 (0x000F0F13) addi t5, t5, 0x0
x30 <- 0x0001002000200000

mem[X,0x0000000080001CA4] -> 0x1F13
mem[X,0x0000000080001CA6] -> 0x00AF
[1838] [M]: 0x0000000080001CA4 (0x00AF1F13) slli t5, t5, 0xa
x30 <- 0x0400800080000000

mem[X,0x0000000080001CA8] -> 0x0F13
mem[X,0x0000000080001CAA] -> 0x080F
[1839] [M]: 0x0000000080001CA8 (0x080F0F13) addi t5, t5, 0x80
x30 <- 0x0400800080000080

mem[X,0x0000000080001CAC] -> 0xFEB7
mem[X,0x0000000080001CAE] -> 0x7FFF
[1840] [M]: 0x0000000080001CAC (0x7FFFFEB7) lui t4, 0x7ffff
x29 <- 0x000000007FFFF000

mem[X,0x0000000080001CB0] -> 0x8E93
mem[X,0x0000000080001CB2] -> 0xFFFE
[1841] [M]: 0x0000000080001CB0 (0xFFFE8E93) addi t4, t4, -0x1
x29 <- 0x000000007FFFEFFF

mem[X,0x0000000080001CB4] -> 0x9E93
mem[X,0x0000000080001CB6] -> 0x00BE
[1842] [M]: 0x0000000080001CB4 (0x00BE9E93) slli t4, t4, 0xb
x29 <- 0x000003FFFF7FF800

mem[X,0x0000000080001CB8] -> 0x8E93
mem[X,0x0000000080001CBA] -> 0x000E
[1843] [M]: 0x0000000080001CB8 (0x000E8E93) addi t4, t4, 0x0
x29 <- 0x000003FFFF7FF800

mem[X,0x0000000080001CBC] -> 0x9E93
mem[X,0x0000000080001CBE] -> 0x00BE
[1844] [M]: 0x0000000080001CBC (0x00BE9E93) slli t4, t4, 0xb
x29 <- 0x001FFFFBFFC00000

mem[X,0x0000000080001CC0] -> 0x8E93
mem[X,0x0000000080001CC2] -> 0x07FE
[1845] [M]: 0x0000000080001CC0 (0x07FE8E93) addi t4, t4, 0x7f
x29 <- 0x001FFFFBFFC0007F

mem[X,0x0000000080001CC4] -> 0x9E93
mem[X,0x0000000080001CC6] -> 0x00AE
[1846] [M]: 0x0000000080001CC4 (0x00AE9E93) slli t4, t4, 0xa
x29 <- 0x7FFFEFFF0001FC00

mem[X,0x0000000080001CC8] -> 0x8E93
mem[X,0x0000000080001CCA] -> 0x3F6E
[1847] [M]: 0x0000000080001CC8 (0x3F6E8E93) addi t4, t4, 0x3f6
x29 <- 0x7FFFEFFF0001FFF6

mem[X,0x0000000080001CCC] -> 0x7FBB
mem[X,0x0000000080001CCE] -> 0xA9DF
[1848] [M]: 0x0000000080001CCC (0xA9DF7FBB) pmhacc.h.be t6, t5, t4
x31 <- 0x1FF1FFA803FEFFF8

mem[X,0x0000000080001CD0] -> 0x3023
mem[X,0x0000000080001CD2] -> 0x23F1
[1849] [M]: 0x0000000080001CD0 (0x23F13023) sd t6, 0x220(sp)
mem[0x0000000080004420] <- 0x1FF1FFA803FEFFF8

mem[X,0x0000000080001CD4] -> 0x0F37
mem[X,0x0000000080001CD6] -> 0x4001
[1850] [M]: 0x0000000080001CD4 (0x40010F37) lui t5, 0x40010
x30 <- 0x0000000040010000

mem[X,0x0000000080001CD8] -> 0x0F13
mem[X,0x0000000080001CDA] -> 0xFFBF
[1851] [M]: 0x0000000080001CD8 (0xFFBF0F13) addi t5, t5, -0x5
x30 <- 0x000000004000FFFB

mem[X,0x0000000080001CDC] -> 0x1F13
mem[X,0x0000000080001CDE] -> 0x00BF
[1852] [M]: 0x0000000080001CDC (0x00BF1F13) slli t5, t5, 0xb
x30 <- 0x0000020007FFD800

mem[X,0x0000000080001CE0] -> 0x0F13
mem[X,0x0000000080001CE2] -> 0x7FDF
[1853] [M]: 0x0000000080001CE0 (0x7FDF0F13) addi t5, t5, 0x7fd
x30 <- 0x0000020007FFDFFD

mem[X,0x0000000080001CE4] -> 0x1F13
mem[X,0x0000000080001CE6] -> 0x00BF
[1854] [M]: 0x0000000080001CE4 (0x00BF1F13) slli t5, t5, 0xb
x30 <- 0x0010003FFEFFE800

mem[X,0x0000000080001CE8] -> 0x0F13
mem[X,0x0000000080001CEA] -> 0x7FFF
[1855] [M]: 0x0000000080001CE8 (0x7FFF0F13) addi t5, t5, 0x7ff
x30 <- 0x0010003FFEFFEFFF

mem[X,0x0000000080001CEC] -> 0x1F13
mem[X,0x0000000080001CEE] -> 0x00AF
[1856] [M]: 0x0000000080001CEC (0x00AF1F13) slli t5, t5, 0xa
x30 <- 0x4000FFFBFFBFFC00

mem[X,0x0000000080001CF0] -> 0x0F13
mem[X,0x0000000080001CF2] -> 0x3FFF
[1857] [M]: 0x0000000080001CF0 (0x3FFF0F13) addi t5, t5, 0x3ff
x30 <- 0x4000FFFBFFBFFFFF

mem[X,0x0000000080001CF4] -> 0x0EB7
mem[X,0x0000000080001CF6] -> 0x0008
[1858] [M]: 0x0000000080001CF4 (0x00080EB7) lui t4, 0x80
x29 <- 0x0000000000080000

mem[X,0x0000000080001CF8] -> 0x8E93
mem[X,0x0000000080001CFA] -> 0x080E
[1859] [M]: 0x0000000080001CF8 (0x080E8E93) addi t4, t4, 0x80
x29 <- 0x0000000000080080

mem[X,0x0000000080001CFC] -> 0x9E93
mem[X,0x0000000080001CFE] -> 0x00BE
[1860] [M]: 0x0000000080001CFC (0x00BE9E93) slli t4, t4, 0xb
x29 <- 0x0000000040040000

mem[X,0x0000000080001D00] -> 0x8E93
mem[X,0x0000000080001D02] -> 0x000E
[1861] [M]: 0x0000000080001D00 (0x000E8E93) addi t4, t4, 0x0
x29 <- 0x0000000040040000

mem[X,0x0000000080001D04] -> 0x9E93
mem[X,0x0000000080001D06] -> 0x00BE
[1862] [M]: 0x0000000080001D04 (0x00BE9E93) slli t4, t4, 0xb
x29 <- 0x0000020020000000

mem[X,0x0000000080001D08] -> 0x8E93
mem[X,0x0000000080001D0A] -> 0x400E
[1863] [M]: 0x0000000080001D08 (0x400E8E93) addi t4, t4, 0x400
x29 <- 0x0000020020000400

mem[X,0x0000000080001D0C] -> 0x9E93
mem[X,0x0000000080001D0E] -> 0x00AE
[1864] [M]: 0x0000000080001D0C (0x00AE9E93) slli t4, t4, 0xa
x29 <- 0x0008008000100000

mem[X,0x0000000080001D10] -> 0x8E93
mem[X,0x0000000080001D12] -> 0x008E
[1865] [M]: 0x0000000080001D10 (0x008E8E93) addi t4, t4, 0x8
x29 <- 0x0008008000100008

mem[X,0x0000000080001D14] -> 0x7FBB
mem[X,0x0000000080001D16] -> 0xA9DF
[1866] [M]: 0x0000000080001D14 (0xA9DF7FBB) pmhacc.h.be t6, t5, t4
x31 <- 0x1FF3FFA803FDFFF7

mem[X,0x0000000080001D18] -> 0x3423
mem[X,0x0000000080001D1A] -> 0x23F1
[1867] [M]: 0x0000000080001D18 (0x23F13423) sd t6, 0x228(sp)
mem[0x0000000080004428] <- 0x1FF3FFA803FDFFF7

mem[X,0x0000000080001D1C] -> 0x0F37
mem[X,0x0000000080001D1E] -> 0xFFFB
[1868] [M]: 0x0000000080001D1C (0xFFFB0F37) lui t5, -0x50
x30 <- 0xFFFFFFFFFFFB0000

mem[X,0x0000000080001D20] -> 0x0F13
mem[X,0x0000000080001D22] -> 0x003F
[1869] [M]: 0x0000000080001D20 (0x003F0F13) addi t5, t5, 0x3
x30 <- 0xFFFFFFFFFFFB0003

mem[X,0x0000000080001D24] -> 0x1F13
mem[X,0x0000000080001D26] -> 0x00BF
[1870] [M]: 0x0000000080001D24 (0x00BF1F13) slli t5, t5, 0xb
x30 <- 0xFFFFFFFFD8001800

mem[X,0x0000000080001D28] -> 0x0F13
mem[X,0x0000000080001D2A] -> 0x7FFF
[1871] [M]: 0x0000000080001D28 (0x7FFF0F13) addi t5, t5, 0x7ff
x30 <- 0xFFFFFFFFD8001FFF

mem[X,0x0000000080001D2C] -> 0x1F13
mem[X,0x0000000080001D2E] -> 0x00BF
[1872] [M]: 0x0000000080001D2C (0x00BF1F13) slli t5, t5, 0xb
x30 <- 0xFFFFFEC000FFF800

mem[X,0x0000000080001D30] -> 0x0F13
mem[X,0x0000000080001D32] -> 0x600F
[1873] [M]: 0x0000000080001D30 (0x600F0F13) addi t5, t5, 0x600
x30 <- 0xFFFFFEC000FFFE00

mem[X,0x0000000080001D34] -> 0x1F13
mem[X,0x0000000080001D36] -> 0x00AF
[1874] [M]: 0x0000000080001D34 (0x00AF1F13) slli t5, t5, 0xa
x30 <- 0xFFFB0003FFF80000

mem[X,0x0000000080001D38] -> 0x0EB7
mem[X,0x0000000080001D3A] -> 0x0006
[1875] [M]: 0x0000000080001D38 (0x00060EB7) lui t4, 0x60
x29 <- 0x0000000000060000

mem[X,0x0000000080001D3C] -> 0x8E93
mem[X,0x0000000080001D3E] -> 0x200E
[1876] [M]: 0x0000000080001D3C (0x200E8E93) addi t4, t4, 0x200
x29 <- 0x0000000000060200

mem[X,0x0000000080001D40] -> 0x9E93
mem[X,0x0000000080001D42] -> 0x00BE
[1877] [M]: 0x0000000080001D40 (0x00BE9E93) slli t4, t4, 0xb
x29 <- 0x0000000030100000

mem[X,0x0000000080001D44] -> 0x8E93
mem[X,0x0000000080001D46] -> 0x004E
[1878] [M]: 0x0000000080001D44 (0x004E8E93) addi t4, t4, 0x4
x29 <- 0x0000000030100004

mem[X,0x0000000080001D48] -> 0x9E93
mem[X,0x0000000080001D4A] -> 0x00BE
[1879] [M]: 0x0000000080001D48 (0x00BE9E93) slli t4, t4, 0xb
x29 <- 0x0000018080002000

mem[X,0x0000000080001D4C] -> 0x8E93
mem[X,0x0000000080001D4E] -> 0x000E
[1880] [M]: 0x0000000080001D4C (0x000E8E93) addi t4, t4, 0x0
x29 <- 0x0000018080002000

mem[X,0x0000000080001D50] -> 0x9E93
mem[X,0x0000000080001D52] -> 0x00AE
[1881] [M]: 0x0000000080001D50 (0x00AE9E93) slli t4, t4, 0xa
x29 <- 0x0006020000800000

mem[X,0x0000000080001D54] -> 0x8E93
mem[X,0x0000000080001D56] -> 0x080E
[1882] [M]: 0x0000000080001D54 (0x080E8E93) addi t4, t4, 0x80
x29 <- 0x0006020000800080

mem[X,0x0000000080001D58] -> 0x7FBB
mem[X,0x0000000080001D5A] -> 0xA9DF
[1883] [M]: 0x0000000080001D58 (0xA9DF7FBB) pmhacc.h.be t6, t5, t4
x31 <- 0x1FF2FFA803FDFFF7

mem[X,0x0000000080001D5C] -> 0x3823
mem[X,0x0000000080001D5E] -> 0x23F1
[1884] [M]: 0x0000000080001D5C (0x23F13823) sd t6, 0x230(sp)
mem[0x0000000080004430] <- 0x1FF2FFA803FDFFF7

mem[X,0x0000000080001D60] -> 0x0F37
mem[X,0x0000000080001D62] -> 0xAAAB
[1885] [M]: 0x0000000080001D60 (0xAAAB0F37) lui t5, -0x55550
x30 <- 0xFFFFFFFFAAAB0000

mem[X,0x0000000080001D64] -> 0x0F13
mem[X,0x0000000080001D66] -> 0xFFFF
[1886] [M]: 0x0000000080001D64 (0xFFFF0F13) addi t5, t5, -0x1
x30 <- 0xFFFFFFFFAAAAFFFF

mem[X,0x0000000080001D68] -> 0x1F13
mem[X,0x0000000080001D6A] -> 0x00BF
[1887] [M]: 0x0000000080001D68 (0x00BF1F13) slli t5, t5, 0xb
x30 <- 0xFFFFFD5557FFF800

mem[X,0x0000000080001D6C] -> 0x0F13
mem[X,0x0000000080001D6E] -> 0x7FBF
[1888] [M]: 0x0000000080001D6C (0x7FBF0F13) addi t5, t5, 0x7fb
x30 <- 0xFFFFFD5557FFFFFB

mem[X,0x0000000080001D70] -> 0x1F13
mem[X,0x0000000080001D72] -> 0x00BF
[1889] [M]: 0x0000000080001D70 (0x00BF1F13) slli t5, t5, 0xb
x30 <- 0xFFEAAABFFFFFD800

mem[X,0x0000000080001D74] -> 0x0F13
mem[X,0x0000000080001D76] -> 0x7FFF
[1890] [M]: 0x0000000080001D74 (0x7FFF0F13) addi t5, t5, 0x7ff
x30 <- 0xFFEAAABFFFFFDFFF

mem[X,0x0000000080001D78] -> 0x1F13
mem[X,0x0000000080001D7A] -> 0x00AF
[1891] [M]: 0x0000000080001D78 (0x00AF1F13) slli t5, t5, 0xa
x30 <- 0xAAAAFFFFFF7FFC00

mem[X,0x0000000080001D7C] -> 0x0F13
mem[X,0x0000000080001D7E] -> 0x3F7F
[1892] [M]: 0x0000000080001D7C (0x3F7F0F13) addi t5, t5, 0x3f7
x30 <- 0xAAAAFFFFFF7FFFF7

mem[X,0x0000000080001D80] -> 0x4EB7
mem[X,0x0000000080001D82] -> 0x0020
[1893] [M]: 0x0000000080001D80 (0x00204EB7) lui t4, 0x204
x29 <- 0x0000000000204000

mem[X,0x0000000080001D84] -> 0x8E93
mem[X,0x0000000080001D86] -> 0xFFFE
[1894] [M]: 0x0000000080001D84 (0xFFFE8E93) addi t4, t4, -0x1
x29 <- 0x0000000000203FFF

mem[X,0x0000000080001D88] -> 0x9E93
mem[X,0x0000000080001D8A] -> 0x00BE
[1895] [M]: 0x0000000080001D88 (0x00BE9E93) slli t4, t4, 0xb
x29 <- 0x0000000101FFF800

mem[X,0x0000000080001D8C] -> 0x8E93
mem[X,0x0000000080001D8E] -> 0x6FFE
[1896] [M]: 0x0000000080001D8C (0x6FFE8E93) addi t4, t4, 0x6ff
x29 <- 0x0000000101FFFEFF

mem[X,0x0000000080001D90] -> 0x9E93
mem[X,0x0000000080001D92] -> 0x00BE
[1897] [M]: 0x0000000080001D90 (0x00BE9E93) slli t4, t4, 0xb
x29 <- 0x0000080FFFF7F800

mem[X,0x0000000080001D94] -> 0x8E93
mem[X,0x0000000080001D96] -> 0x7C0E
[1898] [M]: 0x0000000080001D94 (0x7C0E8E93) addi t4, t4, 0x7c0
x29 <- 0x0000080FFFF7FFC0

mem[X,0x0000000080001D98] -> 0x9E93
mem[X,0x0000000080001D9A] -> 0x00AE
[1899] [M]: 0x0000000080001D98 (0x00AE9E93) slli t4, t4, 0xa
x29 <- 0x00203FFFDFFF0000

clint::tick mtime <- 0x0000000000000013
 clint timer pending at mtime 0x0000000000000013
htif::tick 0x0000000000000000
mem[X,0x0000000080001D9C] -> 0x8E93
mem[X,0x0000000080001D9E] -> 0x010E
[1900] [M]: 0x0000000080001D9C (0x010E8E93) addi t4, t4, 0x10
x29 <- 0x00203FFFDFFF0010

mem[X,0x0000000080001DA0] -> 0x7FBB
mem[X,0x0000000080001DA2] -> 0xA9DF
[1901] [M]: 0x0000000080001DA0 (0xA9DF7FBB) pmhacc.h.be t6, t5, t4
x31 <- 0x1FE7FFA803FDFFF6

mem[X,0x0000000080001DA4] -> 0x3C23
mem[X,0x0000000080001DA6] -> 0x23F1
[1902] [M]: 0x0000000080001DA4 (0x23F13C23) sd t6, 0x238(sp)
mem[0x0000000080004438] <- 0x1FE7FFA803FDFFF6

mem[X,0x0000000080001DA8] -> 0x006F
mem[X,0x0000000080001DAA] -> 0x0380
[1903] [M]: 0x0000000080001DA8 (0x0380006F) jal zero, 0x38

mem[X,0x0000000080001DE0] -> 0x0093
mem[X,0x0000000080001DE2] -> 0x0010
[1904] [M]: 0x0000000080001DE0 (0x00100093) addi ra, zero, 0x1
x1 <- 0x0000000000000001

mem[X,0x0000000080001DE4] -> 0x0F17
mem[X,0x0000000080001DE6] -> 0x0000
[1905] [M]: 0x0000000080001DE4 (0x00000F17) auipc t5, 0x0
x30 <- 0x0000000080001DE4

mem[X,0x0000000080001DE8] -> 0x2E23
mem[X,0x0000000080001DEA] -> 0x201F
[1906] [M]: 0x0000000080001DE8 (0x201F2E23) sw ra, 0x21c(t5)
htif[0x0000000080002000] <- 0x00000001

mem[X,0x0000000080001DEC] -> 0xF06F
mem[X,0x0000000080001DEE] -> 0xFF9F
[1907] [M]: 0x0000000080001DEC (0xFF9FF06F) jal zero, -0x8

mem[X,0x0000000080001DE4] -> 0x0F17
mem[X,0x0000000080001DE6] -> 0x0000
[1908] [M]: 0x0000000080001DE4 (0x00000F17) auipc t5, 0x0
x30 <- 0x0000000080001DE4

mem[X,0x0000000080001DE8] -> 0x2E23
mem[X,0x0000000080001DEA] -> 0x201F
[1909] [M]: 0x0000000080001DE8 (0x201F2E23) sw ra, 0x21c(t5)
htif[0x0000000080002000] <- 0x00000001

mem[X,0x0000000080001DEC] -> 0xF06F
mem[X,0x0000000080001DEE] -> 0xFF9F
[1910] [M]: 0x0000000080001DEC (0xFF9FF06F) jal zero, -0x8

mem[X,0x0000000080001DE4] -> 0x0F17
mem[X,0x0000000080001DE6] -> 0x0000
[1911] [M]: 0x0000000080001DE4 (0x00000F17) auipc t5, 0x0
x30 <- 0x0000000080001DE4

mem[X,0x0000000080001DE8] -> 0x2E23
mem[X,0x0000000080001DEA] -> 0x201F
[1912] [M]: 0x0000000080001DE8 (0x201F2E23) sw ra, 0x21c(t5)
htif[0x0000000080002000] <- 0x00000001
htif-syscall-proxy cmd: 0x000000000001

SUCCESS
